core   0: 0x80000080 (0x40001337) lui     t1, 0x40001
core   0: 3 0x80000080 (0x40001337) x6  0x40001000
core   0: 0x80000084 (0x10630313) addi    t1, t1, 262
core   0: 3 0x80000084 (0x10630313) x6  0x40001106
core   0: 0x80000088 (0x30131073) csrw    misa, t1
core   0: 3 0x80000088 (0x30131073) c769_misa 0x40901104
core   0: 0x8000008c (0x00024717) auipc   a4, 0x24
core   0: 3 0x8000008c (0x00024717) x14 0x8002408c
core   0: 0x80000090 (0xc5870713) addi    a4, a4, -936
core   0: 3 0x80000090 (0xc5870713) x14 0x80023ce4
core   0: 0x80000094 (0x00002317) auipc   t1, 0x2
core   0: 3 0x80000094 (0x00002317) x6  0x80002094
core   0: 0x80000098 (0x46c30313) addi    t1, t1, 1132
core   0: 3 0x80000098 (0x46c30313) x6  0x80002500
core   0: 0x8000009c (0x00136313) ori     t1, t1, 1
core   0: 3 0x8000009c (0x00136313) x6  0x80002501
core   0: 0x800000a0 (0x30531073) csrw    mtvec, t1
core   0: 3 0x800000a0 (0x30531073) c773_mtvec 0x80002501
core   0: 0x800000a4 (0x74725073) csrwi   mseccfg, 4
core   0: 3 0x800000a4 (0x74725073) c1863_mseccfg 0x00000004
core   0: 0x800000a8 (0x00003117) auipc   sp, 0x3
core   0: 3 0x800000a8 (0x00003117) x2  0x800030a8
core   0: 0x800000ac (0x1fc10113) addi    sp, sp, 508
core   0: 3 0x800000ac (0x1fc10113) x2  0x800032a4
core   0: 0x800000b0 (0x00004301) c.li    t1, 0
core   0: 3 0x800000b0 (0x4301) x6  0x00000000
core   0: 0x800000b2 (0x0000911a) c.add   sp, t1
core   0: 3 0x800000b2 (0x911a) x2  0x800032a4
core   0: 0x800000b4 (0x00215113) srli    sp, sp, 2
core   0: 3 0x800000b4 (0x00215113) x2  0x20000ca9
core   0: 0x800000b8 (0x3b011073) csrw    pmpaddr0, sp
core   0: 3 0x800000b8 (0x3b011073) c944_pmpaddr0 0x20000ca9
core   0: 0x800000bc (0x00003117) auipc   sp, 0x3
core   0: 3 0x800000bc (0x00003117) x2  0x800030bc
core   0: 0x800000c0 (0x1e810113) addi    sp, sp, 488
core   0: 3 0x800000c0 (0x1e810113) x2  0x800032a4
core   0: 0x800000c4 (0x11111337) lui     t1, 0x11111
core   0: 3 0x800000c4 (0x11111337) x6  0x11111000
core   0: 0x800000c8 (0x11130313) addi    t1, t1, 273
core   0: 3 0x800000c8 (0x11130313) x6  0x11111111
core   0: 0x800000cc (0x0000911a) c.add   sp, t1
core   0: 3 0x800000cc (0x911a) x2  0x911143b5
core   0: 0x800000ce (0x00215113) srli    sp, sp, 2
core   0: 3 0x800000ce (0x00215113) x2  0x244450ed
core   0: 0x800000d2 (0x3b111073) csrw    pmpaddr1, sp
core   0: 3 0x800000d2 (0x3b111073) c945_pmpaddr1 0x244450ed
core   0: 0x800000d6 (0x00003117) auipc   sp, 0x3
core   0: 3 0x800000d6 (0x00003117) x2  0x800030d6
core   0: 0x800000da (0x1ce10113) addi    sp, sp, 462
core   0: 3 0x800000da (0x1ce10113) x2  0x800032a4
core   0: 0x800000de (0x22222337) lui     t1, 0x22222
core   0: 3 0x800000de (0x22222337) x6  0x22222000
core   0: 0x800000e2 (0x22230313) addi    t1, t1, 546
core   0: 3 0x800000e2 (0x22230313) x6  0x22222222
core   0: 0x800000e6 (0x0000911a) c.add   sp, t1
core   0: 3 0x800000e6 (0x911a) x2  0xa22254c6
core   0: 0x800000e8 (0x00215113) srli    sp, sp, 2
core   0: 3 0x800000e8 (0x00215113) x2  0x28889531
core   0: 0x800000ec (0x3b211073) csrw    pmpaddr2, sp
core   0: 3 0x800000ec (0x3b211073) c946_pmpaddr2 0x28889531
core   0: 0x800000f0 (0x00003117) auipc   sp, 0x3
core   0: 3 0x800000f0 (0x00003117) x2  0x800030f0
core   0: 0x800000f4 (0x1b410113) addi    sp, sp, 436
core   0: 3 0x800000f4 (0x1b410113) x2  0x800032a4
core   0: 0x800000f8 (0x33333337) lui     t1, 0x33333
core   0: 3 0x800000f8 (0x33333337) x6  0x33333000
core   0: 0x800000fc (0x33330313) addi    t1, t1, 819
core   0: 3 0x800000fc (0x33330313) x6  0x33333333
core   0: 0x80000100 (0x0000911a) c.add   sp, t1
core   0: 3 0x80000100 (0x911a) x2  0xb33365d7
core   0: 0x80000102 (0x00215113) srli    sp, sp, 2
core   0: 3 0x80000102 (0x00215113) x2  0x2cccd975
core   0: 0x80000106 (0x3b311073) csrw    pmpaddr3, sp
core   0: 3 0x80000106 (0x3b311073) c947_pmpaddr3 0x2cccd975
core   0: 0x8000010a (0x0f0f1137) lui     sp, 0xf0f1
core   0: 3 0x8000010a (0x0f0f1137) x2  0x0f0f1000
core   0: 0x8000010e (0xf0f10113) addi    sp, sp, -241
core   0: 3 0x8000010e (0xf0f10113) x2  0x0f0f0f0f
core   0: 0x80000112 (0x3a011073) csrw    pmpcfg0, sp
core   0: 3 0x80000112 (0x3a011073) c928_pmpcfg0 0x0f0f0f0f
core   0: 0x80000116 (0x00003117) auipc   sp, 0x3
core   0: 3 0x80000116 (0x00003117) x2  0x80003116
core   0: 0x8000011a (0x18e10113) addi    sp, sp, 398
core   0: 3 0x8000011a (0x18e10113) x2  0x800032a4
core   0: 0x8000011e (0x44444337) lui     t1, 0x44444
core   0: 3 0x8000011e (0x44444337) x6  0x44444000
core   0: 0x80000122 (0x44430313) addi    t1, t1, 1092
core   0: 3 0x80000122 (0x44430313) x6  0x44444444
core   0: 0x80000126 (0x0000911a) c.add   sp, t1
core   0: 3 0x80000126 (0x911a) x2  0xc44476e8
core   0: 0x80000128 (0x00215113) srli    sp, sp, 2
core   0: 3 0x80000128 (0x00215113) x2  0x31111dba
core   0: 0x8000012c (0x3b411073) csrw    pmpaddr4, sp
core   0: 3 0x8000012c (0x3b411073) c948_pmpaddr4 0x31111dba
core   0: 0x80000130 (0x00003117) auipc   sp, 0x3
core   0: 3 0x80000130 (0x00003117) x2  0x80003130
core   0: 0x80000134 (0x17410113) addi    sp, sp, 372
core   0: 3 0x80000134 (0x17410113) x2  0x800032a4
core   0: 0x80000138 (0x55555337) lui     t1, 0x55555
core   0: 3 0x80000138 (0x55555337) x6  0x55555000
core   0: 0x8000013c (0x55530313) addi    t1, t1, 1365
core   0: 3 0x8000013c (0x55530313) x6  0x55555555
core   0: 0x80000140 (0x0000911a) c.add   sp, t1
core   0: 3 0x80000140 (0x911a) x2  0xd55587f9
core   0: 0x80000142 (0x00215113) srli    sp, sp, 2
core   0: 3 0x80000142 (0x00215113) x2  0x355561fe
core   0: 0x80000146 (0x3b511073) csrw    pmpaddr5, sp
core   0: 3 0x80000146 (0x3b511073) c949_pmpaddr5 0x355561fe
core   0: 0x8000014a (0x00003117) auipc   sp, 0x3
core   0: 3 0x8000014a (0x00003117) x2  0x8000314a
core   0: 0x8000014e (0x15a10113) addi    sp, sp, 346
core   0: 3 0x8000014e (0x15a10113) x2  0x800032a4
core   0: 0x80000152 (0x66666337) lui     t1, 0x66666
core   0: 3 0x80000152 (0x66666337) x6  0x66666000
core   0: 0x80000156 (0x66630313) addi    t1, t1, 1638
core   0: 3 0x80000156 (0x66630313) x6  0x66666666
core   0: 0x8000015a (0x0000911a) c.add   sp, t1
core   0: 3 0x8000015a (0x911a) x2  0xe666990a
core   0: 0x8000015c (0x00215113) srli    sp, sp, 2
core   0: 3 0x8000015c (0x00215113) x2  0x3999a642
core   0: 0x80000160 (0x3b611073) csrw    pmpaddr6, sp
core   0: 3 0x80000160 (0x3b611073) c950_pmpaddr6 0x3999a642
core   0: 0x80000164 (0x00003117) auipc   sp, 0x3
core   0: 3 0x80000164 (0x00003117) x2  0x80003164
core   0: 0x80000168 (0x14010113) addi    sp, sp, 320
core   0: 3 0x80000168 (0x14010113) x2  0x800032a4
core   0: 0x8000016c (0x77777337) lui     t1, 0x77777
core   0: 3 0x8000016c (0x77777337) x6  0x77777000
core   0: 0x80000170 (0x77730313) addi    t1, t1, 1911
core   0: 3 0x80000170 (0x77730313) x6  0x77777777
core   0: 0x80000174 (0x0000911a) c.add   sp, t1
core   0: 3 0x80000174 (0x911a) x2  0xf777aa1b
core   0: 0x80000176 (0x00215113) srli    sp, sp, 2
core   0: 3 0x80000176 (0x00215113) x2  0x3dddea86
core   0: 0x8000017a (0x3b711073) csrw    pmpaddr7, sp
core   0: 3 0x8000017a (0x3b711073) c951_pmpaddr7 0x3dddea86
core   0: 0x8000017e (0x0f0f1137) lui     sp, 0xf0f1
core   0: 3 0x8000017e (0x0f0f1137) x2  0x0f0f1000
core   0: 0x80000182 (0xf0f10113) addi    sp, sp, -241
core   0: 3 0x80000182 (0xf0f10113) x2  0x0f0f0f0f
core   0: 0x80000186 (0x3a111073) csrw    pmpcfg1, sp
core   0: 3 0x80000186 (0x3a111073) c929_pmpcfg1 0x0f0f0f0f
core   0: 0x8000018a (0x00003117) auipc   sp, 0x3
core   0: 3 0x8000018a (0x00003117) x2  0x8000318a
core   0: 0x8000018e (0x11a10113) addi    sp, sp, 282
core   0: 3 0x8000018e (0x11a10113) x2  0x800032a4
core   0: 0x80000192 (0x88889337) lui     t1, 0x88889
core   0: 3 0x80000192 (0x88889337) x6  0x88889000
core   0: 0x80000196 (0x88830313) addi    t1, t1, -1912
core   0: 3 0x80000196 (0x88830313) x6  0x88888888
core   0: 0x8000019a (0x0000911a) c.add   sp, t1
core   0: 3 0x8000019a (0x911a) x2  0x0888bb2c
core   0: 0x8000019c (0x00215113) srli    sp, sp, 2
core   0: 3 0x8000019c (0x00215113) x2  0x02222ecb
core   0: 0x800001a0 (0x3b811073) csrw    pmpaddr8, sp
core   0: 3 0x800001a0 (0x3b811073) c952_pmpaddr8 0x02222ecb
core   0: 0x800001a4 (0x00003117) auipc   sp, 0x3
core   0: 3 0x800001a4 (0x00003117) x2  0x800031a4
core   0: 0x800001a8 (0x10010113) addi    sp, sp, 256
core   0: 3 0x800001a8 (0x10010113) x2  0x800032a4
core   0: 0x800001ac (0x9999a337) lui     t1, 0x9999a
core   0: 3 0x800001ac (0x9999a337) x6  0x9999a000
core   0: 0x800001b0 (0x99930313) addi    t1, t1, -1639
core   0: 3 0x800001b0 (0x99930313) x6  0x99999999
core   0: 0x800001b4 (0x0000911a) c.add   sp, t1
core   0: 3 0x800001b4 (0x911a) x2  0x1999cc3d
core   0: 0x800001b6 (0x00215113) srli    sp, sp, 2
core   0: 3 0x800001b6 (0x00215113) x2  0x0666730f
core   0: 0x800001ba (0x3b911073) csrw    pmpaddr9, sp
core   0: 3 0x800001ba (0x3b911073) c953_pmpaddr9 0x0666730f
core   0: 0x800001be (0x00003117) auipc   sp, 0x3
core   0: 3 0x800001be (0x00003117) x2  0x800031be
core   0: 0x800001c2 (0x0e610113) addi    sp, sp, 230
core   0: 3 0x800001c2 (0x0e610113) x2  0x800032a4
core   0: 0x800001c6 (0xaaaab337) lui     t1, 0xaaaab
core   0: 3 0x800001c6 (0xaaaab337) x6  0xaaaab000
core   0: 0x800001ca (0xaaa30313) addi    t1, t1, -1366
core   0: 3 0x800001ca (0xaaa30313) x6  0xaaaaaaaa
core   0: 0x800001ce (0x0000911a) c.add   sp, t1
core   0: 3 0x800001ce (0x911a) x2  0x2aaadd4e
core   0: 0x800001d0 (0x00215113) srli    sp, sp, 2
core   0: 3 0x800001d0 (0x00215113) x2  0x0aaab753
core   0: 0x800001d4 (0x3ba11073) csrw    pmpaddr10, sp
core   0: 3 0x800001d4 (0x3ba11073) c954_pmpaddr10 0x0aaab753
core   0: 0x800001d8 (0x00003117) auipc   sp, 0x3
core   0: 3 0x800001d8 (0x00003117) x2  0x800031d8
core   0: 0x800001dc (0x0cc10113) addi    sp, sp, 204
core   0: 3 0x800001dc (0x0cc10113) x2  0x800032a4
core   0: 0x800001e0 (0xbbbbc337) lui     t1, 0xbbbbc
core   0: 3 0x800001e0 (0xbbbbc337) x6  0xbbbbc000
core   0: 0x800001e4 (0xbbb30313) addi    t1, t1, -1093
core   0: 3 0x800001e4 (0xbbb30313) x6  0xbbbbbbbb
core   0: 0x800001e8 (0x0000911a) c.add   sp, t1
core   0: 3 0x800001e8 (0x911a) x2  0x3bbbee5f
core   0: 0x800001ea (0x00215113) srli    sp, sp, 2
core   0: 3 0x800001ea (0x00215113) x2  0x0eeefb97
core   0: 0x800001ee (0x3bb11073) csrw    pmpaddr11, sp
core   0: 3 0x800001ee (0x3bb11073) c955_pmpaddr11 0x0eeefb97
core   0: 0x800001f2 (0x0f0f1137) lui     sp, 0xf0f1
core   0: 3 0x800001f2 (0x0f0f1137) x2  0x0f0f1000
core   0: 0x800001f6 (0xf0f10113) addi    sp, sp, -241
core   0: 3 0x800001f6 (0xf0f10113) x2  0x0f0f0f0f
core   0: 0x800001fa (0x3a211073) csrw    pmpcfg2, sp
core   0: 3 0x800001fa (0x3a211073) c930_pmpcfg2 0x0f0f0f0f
core   0: 0x800001fe (0x00003117) auipc   sp, 0x3
core   0: 3 0x800001fe (0x00003117) x2  0x800031fe
core   0: 0x80000202 (0x0a610113) addi    sp, sp, 166
core   0: 3 0x80000202 (0x0a610113) x2  0x800032a4
core   0: 0x80000206 (0xccccd337) lui     t1, 0xccccd
core   0: 3 0x80000206 (0xccccd337) x6  0xccccd000
core   0: 0x8000020a (0xccc30313) addi    t1, t1, -820
core   0: 3 0x8000020a (0xccc30313) x6  0xcccccccc
core   0: 0x8000020e (0x0000911a) c.add   sp, t1
core   0: 3 0x8000020e (0x911a) x2  0x4cccff70
core   0: 0x80000210 (0x00215113) srli    sp, sp, 2
core   0: 3 0x80000210 (0x00215113) x2  0x13333fdc
core   0: 0x80000214 (0x3bc11073) csrw    pmpaddr12, sp
core   0: 3 0x80000214 (0x3bc11073) c956_pmpaddr12 0x13333fdc
core   0: 0x80000218 (0x00003117) auipc   sp, 0x3
core   0: 3 0x80000218 (0x00003117) x2  0x80003218
core   0: 0x8000021c (0x08c10113) addi    sp, sp, 140
core   0: 3 0x8000021c (0x08c10113) x2  0x800032a4
core   0: 0x80000220 (0xdddde337) lui     t1, 0xdddde
core   0: 3 0x80000220 (0xdddde337) x6  0xdddde000
core   0: 0x80000224 (0xddd30313) addi    t1, t1, -547
core   0: 3 0x80000224 (0xddd30313) x6  0xdddddddd
core   0: 0x80000228 (0x0000911a) c.add   sp, t1
core   0: 3 0x80000228 (0x911a) x2  0x5dde1081
core   0: 0x8000022a (0x00215113) srli    sp, sp, 2
core   0: 3 0x8000022a (0x00215113) x2  0x17778420
core   0: 0x8000022e (0x3bd11073) csrw    pmpaddr13, sp
core   0: 3 0x8000022e (0x3bd11073) c957_pmpaddr13 0x17778420
core   0: 0x80000232 (0x00003117) auipc   sp, 0x3
core   0: 3 0x80000232 (0x00003117) x2  0x80003232
core   0: 0x80000236 (0x07210113) addi    sp, sp, 114
core   0: 3 0x80000236 (0x07210113) x2  0x800032a4
core   0: 0x8000023a (0xeeeef337) lui     t1, 0xeeeef
core   0: 3 0x8000023a (0xeeeef337) x6  0xeeeef000
core   0: 0x8000023e (0xeee30313) addi    t1, t1, -274
core   0: 3 0x8000023e (0xeee30313) x6  0xeeeeeeee
core   0: 0x80000242 (0x0000911a) c.add   sp, t1
core   0: 3 0x80000242 (0x911a) x2  0x6eef2192
core   0: 0x80000244 (0x00215113) srli    sp, sp, 2
core   0: 3 0x80000244 (0x00215113) x2  0x1bbbc864
core   0: 0x80000248 (0x3be11073) csrw    pmpaddr14, sp
core   0: 3 0x80000248 (0x3be11073) c958_pmpaddr14 0x1bbbc864
core   0: 0x8000024c (0x00003117) auipc   sp, 0x3
core   0: 3 0x8000024c (0x00003117) x2  0x8000324c
core   0: 0x80000250 (0x05810113) addi    sp, sp, 88
core   0: 3 0x80000250 (0x05810113) x2  0x800032a4
core   0: 0x80000254 (0xfff00313) li      t1, -1
core   0: 3 0x80000254 (0xfff00313) x6  0xffffffff
core   0: 0x80000258 (0x0000911a) c.add   sp, t1
core   0: 3 0x80000258 (0x911a) x2  0x800032a3
core   0: 0x8000025a (0x00215113) srli    sp, sp, 2
core   0: 3 0x8000025a (0x00215113) x2  0x20000ca8
core   0: 0x8000025e (0x3bf11073) csrw    pmpaddr15, sp
core   0: 3 0x8000025e (0x3bf11073) c959_pmpaddr15 0x20000ca8
core   0: 0x80000262 (0x0f0f1137) lui     sp, 0xf0f1
core   0: 3 0x80000262 (0x0f0f1137) x2  0x0f0f1000
core   0: 0x80000266 (0xf0f10113) addi    sp, sp, -241
core   0: 3 0x80000266 (0xf0f10113) x2  0x0f0f0f0f
core   0: 0x8000026a (0x3a311073) csrw    pmpcfg3, sp
core   0: 3 0x8000026a (0x3a311073) c931_pmpcfg3 0x0f0f0f0f
core   0: 0x8000026e (0x00000317) auipc   t1, 0x0
core   0: 3 0x8000026e (0x00000317) x6  0x8000026e
core   0: 0x80000272 (0x06030313) addi    t1, t1, 96
core   0: 3 0x80000272 (0x06030313) x6  0x800002ce
core   0: 0x80000276 (0x34131073) csrw    mepc, t1
core   0: 3 0x80000276 (0x34131073) c833_mepc 0x800002ce
core   0: 0x8000027a (0x7c00d073) csrwi   cpuctrlsts, 1
core   0: 3 0x8000027a (0x7c00d073) c1984_cpuctrlsts 0x00000101
core   0: 0x8000027e (0x00004301) c.li    t1, 0
core   0: 3 0x8000027e (0x4301) x6  0x00000000
core   0: 0x80000280 (0x30031073) csrw    mstatus, t1
core   0: 3 0x80000280 (0x30031073) c768_mstatus 0x00000000
core   0: 0x80000284 (0x00004301) c.li    t1, 0
core   0: 3 0x80000284 (0x4301) x6  0x00000000
core   0: 0x80000286 (0x30431073) csrw    mie, t1
core   0: 3 0x80000286 (0x30431073) c772_mie 0x00000000
core   0: 0x8000028a (0x90000a37) lui     s4, 0x90000
core   0: 3 0x8000028a (0x90000a37) x20 0x90000000
core   0: 0x8000028e (0x00001a71) c.addi  s4, -4
core   0: 3 0x8000028e (0x1a71) x20 0x8ffffffc
core   0: 0x80000290 (0x90000a37) lui     s4, 0x90000
core   0: 3 0x80000290 (0x90000a37) x20 0x90000000
core   0: 0x80000294 (0x00001a71) c.addi  s4, -4
core   0: 3 0x80000294 (0x1a71) x20 0x8ffffffc
core   0: 0x80000296 (0x90000a37) lui     s4, 0x90000
core   0: 3 0x80000296 (0x90000a37) x20 0x90000000
core   0: 0x8000029a (0x00001a71) c.addi  s4, -4
core   0: 3 0x8000029a (0x1a71) x20 0x8ffffffc
core   0: 0x8000029c (0x30000313) li      t1, 768
core   0: 3 0x8000029c (0x30000313) x6  0x00000300
core   0: 0x800002a0 (0x00000322) c.slli  t1, 8
core   0: 3 0x800002a0 (0x0322) x6  0x00030000
core   0: 0x800002a2 (0x0000030d) c.addi  t1, 3
core   0: 3 0x800002a2 (0x030d) x6  0x00030003
core   0: 0x800002a4 (0x006a2023) sw      t1, 0(s4)
core   0: 3 0x800002a4 (0x006a2023) mem 0x8ffffffc 0x00030003
core   0: 0x800002a8 (0x30002373) csrr    t1, mstatus
core   0: 3 0x800002a8 (0x30002373) x6  0x00000000
core   0: 0x800002ac (0x006a2023) sw      t1, 0(s4)
core   0: 3 0x800002ac (0x006a2023) mem 0x8ffffffc 0x00000000
core   0: 0x800002b0 (0x90000a37) lui     s4, 0x90000
core   0: 3 0x800002b0 (0x90000a37) x20 0x90000000
core   0: 0x800002b4 (0x00001a71) c.addi  s4, -4
core   0: 3 0x800002b4 (0x1a71) x20 0x8ffffffc
core   0: 0x800002b6 (0x30400313) li      t1, 772
core   0: 3 0x800002b6 (0x30400313) x6  0x00000304
core   0: 0x800002ba (0x00000322) c.slli  t1, 8
core   0: 3 0x800002ba (0x0322) x6  0x00030400
core   0: 0x800002bc (0x0000030d) c.addi  t1, 3
core   0: 3 0x800002bc (0x030d) x6  0x00030403
core   0: 0x800002be (0x006a2023) sw      t1, 0(s4)
core   0: 3 0x800002be (0x006a2023) mem 0x8ffffffc 0x00030403
core   0: 0x800002c2 (0x30402373) csrr    t1, mie
core   0: 3 0x800002c2 (0x30402373) x6  0x00000000
core   0: 0x800002c6 (0x006a2023) sw      t1, 0(s4)
core   0: 3 0x800002c6 (0x006a2023) mem 0x8ffffffc 0x00000000
core   0: 0x800002ca (0x30200073) mret
core   0: 3 0x800002ca (0x30200073) c768_mstatus 0x00000080
core   0: 0x800002ce (0xff8b8037) lui     zero, 0xff8b8
core   0: 0 0x800002ce (0xff8b8037)
core   0: 0x800002d2 (0x10e00013) li      zero, 270
core   0: 0 0x800002d2 (0x10e00013)
core   0: 0x800002d6 (0x7327d0b7) lui     ra, 0x7327d
core   0: 0 0x800002d6 (0x7327d0b7) x1  0x7327d000
core   0: 0x800002da (0xba008093) addi    ra, ra, -1120
core   0: 0 0x800002da (0xba008093) x1  0x7327cba0
core   0: 0x800002de (0xf5e3a137) lui     sp, 0xf5e3a
core   0: 0 0x800002de (0xf5e3a137) x2  0xf5e3a000
core   0: 0x800002e2 (0x89510113) addi    sp, sp, -1899
core   0: 0 0x800002e2 (0x89510113) x2  0xf5e39895
core   0: 0x800002e6 (0x00004181) c.li    gp, 0
core   0: 0 0x800002e6 (0x4181) x3  0x00000000
core   0: 0x800002e8 (0x6511b237) lui     tp, 0x6511b
core   0: 0 0x800002e8 (0x6511b237) x4  0x6511b000
core   0: 0x800002ec (0xbba20213) addi    tp, tp, -1094
core   0: 0 0x800002ec (0xbba20213) x4  0x6511abba
core   0: 0x800002f0 (0xe2e872b7) lui     t0, 0xe2e87
core   0: 0 0x800002f0 (0xe2e872b7) x5  0xe2e87000
core   0: 0x800002f4 (0x5c428293) addi    t0, t0, 1476
core   0: 0 0x800002f4 (0x5c428293) x5  0xe2e875c4
core   0: 0x800002f8 (0x00004301) c.li    t1, 0
core   0: 0 0x800002f8 (0x4301) x6  0x00000000
core   0: 0x800002fa (0x000043a5) c.li    t2, 9
core   0: 0 0x800002fa (0x43a5) x7  0x00000009
core   0: 0x800002fc (0x80000437) lui     s0, 0x80000
core   0: 0 0x800002fc (0x80000437) x8  0x80000000
core   0: 0x80000300 (0xf944e4b7) lui     s1, 0xf944e
core   0: 0 0x80000300 (0xf944e4b7) x9  0xf944e000
core   0: 0x80000304 (0x20f48493) addi    s1, s1, 527
core   0: 0 0x80000304 (0x20f48493) x9  0xf944e20f
core   0: 0x80000308 (0x00004501) c.li    a0, 0
core   0: 0 0x80000308 (0x4501) x10 0x00000000
core   0: 0x8000030a (0x000045a5) c.li    a1, 9
core   0: 0 0x8000030a (0x45a5) x11 0x00000009
core   0: 0x8000030c (0xf0c556b7) lui     a3, 0xf0c55
core   0: 0 0x8000030c (0xf0c556b7) x13 0xf0c55000
core   0: 0x80000310 (0xda468693) addi    a3, a3, -604
core   0: 0 0x80000310 (0xda468693) x13 0xf0c54da4
core   0: 0x80000314 (0xfd8fc7b7) lui     a5, 0xfd8fc
core   0: 0 0x80000314 (0xfd8fc7b7) x15 0xfd8fc000
core   0: 0x80000318 (0xe7e78793) addi    a5, a5, -386
core   0: 0 0x80000318 (0xe7e78793) x15 0xfd8fbe7e
core   0: 0x8000031c (0x00004801) c.li    a6, 0
core   0: 0 0x8000031c (0x4801) x16 0x00000000
core   0: 0x8000031e (0x651938b7) lui     a7, 0x65193
core   0: 0 0x8000031e (0x651938b7) x17 0x65193000
core   0: 0x80000322 (0x5eb88893) addi    a7, a7, 1515
core   0: 0 0x80000322 (0x5eb88893) x17 0x651935eb
core   0: 0x80000326 (0x00004911) c.li    s2, 4
core   0: 0 0x80000326 (0x4911) x18 0x00000004
core   0: 0x80000328 (0x800009b7) lui     s3, 0x80000
core   0: 0 0x80000328 (0x800009b7) x19 0x80000000
core   0: 0x8000032c (0x00004a29) c.li    s4, 10
core   0: 0 0x8000032c (0x4a29) x20 0x0000000a
core   0: 0x8000032e (0xff2dfab7) lui     s5, 0xff2df
core   0: 0 0x8000032e (0xff2dfab7) x21 0xff2df000
core   0: 0x80000332 (0x586a8a93) addi    s5, s5, 1414
core   0: 0 0x80000332 (0x586a8a93) x21 0xff2df586
core   0: 0x80000336 (0x80000b37) lui     s6, 0x80000
core   0: 0 0x80000336 (0x80000b37) x22 0x80000000
core   0: 0x8000033a (0xfa72bbb7) lui     s7, 0xfa72b
core   0: 0 0x8000033a (0xfa72bbb7) x23 0xfa72b000
core   0: 0x8000033e (0x098b8b93) addi    s7, s7, 152
core   0: 0 0x8000033e (0x098b8b93) x23 0xfa72b098
core   0: 0x80000342 (0x00004c09) c.li    s8, 2
core   0: 0 0x80000342 (0x4c09) x24 0x00000002
core   0: 0x80000344 (0x00004cb9) c.li    s9, 14
core   0: 0 0x80000344 (0x4cb9) x25 0x0000000e
core   0: 0x80000346 (0x00004d01) c.li    s10, 0
core   0: 0 0x80000346 (0x4d01) x26 0x00000000
core   0: 0x80000348 (0x00004d81) c.li    s11, 0
core   0: 0 0x80000348 (0x4d81) x27 0x00000000
core   0: 0x8000034a (0x00004e35) c.li    t3, 13
core   0: 0 0x8000034a (0x4e35) x28 0x0000000d
core   0: 0x8000034c (0x82ec1eb7) lui     t4, 0x82ec1
core   0: 0 0x8000034c (0x82ec1eb7) x29 0x82ec1000
core   0: 0x80000350 (0xcb0e8e93) addi    t4, t4, -848
core   0: 0 0x80000350 (0xcb0e8e93) x29 0x82ec0cb0
core   0: 0x80000354 (0xcac09f37) lui     t5, 0xcac09
core   0: 0 0x80000354 (0xcac09f37) x30 0xcac09000
core   0: 0x80000358 (0x9bdf0f13) addi    t5, t5, -1603
core   0: 0 0x80000358 (0x9bdf0f13) x30 0xcac089bd
core   0: 0x8000035c (0x80000fb7) lui     t6, 0x80000
core   0: 0 0x8000035c (0x80000fb7) x31 0x80000000
core   0: 0x80000360 (0x00020617) auipc   a2, 0x20
core   0: 0 0x80000360 (0x00020617) x12 0x80020360
core   0: 0x80000364 (0xb0460613) addi    a2, a2, -1276
core   0: 0 0x80000364 (0xb0460613) x12 0x8001fe64
core   0: 0x80000368 (0x90000a37) lui     s4, 0x90000
core   0: 0 0x80000368 (0x90000a37) x20 0x90000000
core   0: 0x8000036c (0x00001a71) c.addi  s4, -4
core   0: 0 0x8000036c (0x1a71) x20 0x8ffffffc
core   0: 0x8000036e (0x00004301) c.li    t1, 0
core   0: 0 0x8000036e (0x4301) x6  0x00000000
core   0: 0x80000370 (0x00000322) c.slli  t1, 8
core   0: 0 0x80000370 (0x0322) x6  0x00000000
core   0: 0x80000372 (0x00030313) mv      t1, t1
core   0: 0 0x80000372 (0x00030313) x6  0x00000000
core   0: 0x80000376 (0x006a2023) sw      t1, 0(s4)
core   0: 0 0x80000376 (0x006a2023) mem 0x8ffffffc 0x00000000
core   0: 0x8000037a (0x72b0206f) j       pc + 0x2f2a
core   0: 0 0x8000037a (0x72b0206f)
core   0: 0x800032a4 (0x00001497) auipc   s1, 0x1
core   0: 0 0x800032a4 (0x00001497) x9  0x800042a4
core   0: 0x800032a8 (0x06e48493) addi    s1, s1, 110
core   0: 0 0x800032a8 (0x06e48493) x9  0x80004312
core   0: 0x800032ac (0x0ff0000f) fence   iorw,iorw
core   0: 0 0x800032ac (0x0ff0000f)
core   0: 0x800032b0 (0xd7848493) addi    s1, s1, -648
core   0: 0 0x800032b0 (0xd7848493) x9  0x8000408a
core   0: 0x800032b4 (0x021e0cb3) mul     s9, t3, ra
core   0: 0 0x800032b4 (0x021e0cb3) x25 0xd9055720
core   0: 0x800032b8 (0x00000ed9) c.addi  t4, 22
core   0: 0 0x800032b8 (0x0ed9) x29 0x82ec0cc6
core   0: 0x800032ba (0x03b24a33) div     s4, tp, s11
core   0: 0 0x800032ba (0x03b24a33) x20 0xffffffff
core   0: 0x800032be (0x0ff0000f) fence   iorw,iorw
core   0: 0 0x800032be (0x0ff0000f)
core   0: 0x800032c2 (0x00000a4a) c.slli  s4, 18
core   0: 0 0x800032c2 (0x0a4a) x20 0xfffc0000
core   0: 0x800032c4 (0x00e95463) bge     s2, a4, pc + 8
core   0: 0 0x800032c4 (0x00e95463)
core   0: 0x800032cc (0x288480e7) jalr    ra, s1, 648
core   0: 0 0x800032cc (0x288480e7) x1  0x800032d0
core   0: 0x80004312 (0xfd060613) addi    a2, a2, -48
core   0: 0 0x80004312 (0xfd060613) x12 0x8001fe34
core   0: 0x80004316 (0x0131c9b3) xor     s3, gp, s3
core   0: 0 0x80004316 (0x0131c9b3) x19 0x80000000
core   0: 0x8000431a (0x01ad36b3) sltu    a3, s10, s10
core   0: 0 0x8000431a (0x01ad36b3) x13 0x00000000
core   0: 0x8000431e (0x0000100f) fence.i
core   0: 0 0x8000431e (0x0000100f)
core   0: 0x80004322 (0x00162223) sw      ra, 4(a2)
core   0: 0 0x80004322 (0x00162223) mem 0x8001fe38 0x800032d0
core   0: 0x80004326 (0xaa4bbc13) sltiu   s8, s7, -1372
core   0: 0 0x80004326 (0xaa4bbc13) x24 0x00000001
core   0: 0x8000432a (0x0ff0000f) fence   iorw,iorw
core   0: 0 0x8000432a (0x0ff0000f)
core   0: 0x8000432e (0x01f51933) sll     s2, a0, t6
core   0: 0 0x8000432e (0x01f51933) x18 0x00000000
core   0: 0x80004332 (0x02ba7b33) remu    s6, s4, a1
core   0: 0 0x80004332 (0x02ba7b33) x22 0x00000003
core   0: 0x80004336 (0x0000100f) fence.i
core   0: 0 0x80004336 (0x0000100f)
core   0: 0x8000433a (0x00006b7d) c.lui   s6, 0x1f
core   0: 0 0x8000433a (0x6b7d) x22 0x0001f000
core   0: 0x8000433c (0x0265b833) mulhu   a6, a1, t1
core   0: 0 0x8000433c (0x0265b833) x16 0x00000000
core   0: 0x80004340 (0x02569233) mulh    tp, a3, t0
core   0: 0 0x80004340 (0x02569233) x4  0x00000000
core   0: 0x80004344 (0xb33f64b7) lui     s1, 0xb33f6
core   0: 0 0x80004344 (0xb33f64b7) x9  0xb33f6000
core   0: 0x80004348 (0x00008822) c.mv    a6, s0
core   0: 0 0x80004348 (0x8822) x16 0x80000000
core   0: 0x8000434a (0x3b064f93) xori    t6, a2, 944
core   0: 0 0x8000434a (0x3b064f93) x31 0x8001fd84
core   0: 0x8000434e (0x000087fd) c.srai  a5, 31
core   0: 0 0x8000434e (0x87fd) x15 0xffffffff
core   0: 0x80004350 (0x4158d4b3) sra     s1, a7, s5
core   0: 0 0x80004350 (0x4158d4b3) x9  0x019464d7
core   0: 0x80004354 (0x00008d41) c.or    a0, s0
core   0: 0 0x80004354 (0x8d41) x10 0x80000000
core   0: 0x80004356 (0x0140d893) srli    a7, ra, 20
core   0: 0 0x80004356 (0x0140d893) x17 0x00000800
core   0: 0x8000435a (0x00462083) lw      ra, 4(a2)
core   0: 0 0x8000435a (0x00462083) x1  0x800032d0 mem 0x8001fe38
core   0: 0x8000435e (0x03060613) addi    a2, a2, 48
core   0: 0 0x8000435e (0x03060613) x12 0x8001fe64
core   0: 0x80004362 (0x0ff0000f) fence   iorw,iorw
core   0: 0 0x80004362 (0x0ff0000f)
core   0: 0x80004366 (0x00295433) srl     s0, s2, sp
core   0: 0 0x80004366 (0x00295433) x8  0x00000000
core   0: 0x8000436a (0x00000366) c.slli  t1, 25
core   0: 0 0x8000436a (0x0366) x6  0x00000000
core   0: 0x8000436c (0x00008513) mv      a0, ra
core   0: 0 0x8000436c (0x00008513) x10 0x800032d0
core   0: 0x80004370 (0x00050567) jalr    a0, a0, 0
core   0: 0 0x80004370 (0x00050567) x10 0x80004374
core   0: 0x800032d0 (0x00001997) auipc   s3, 0x1
core   0: 0 0x800032d0 (0x00001997) x19 0x800042d0
core   0: 0x800032d4 (0xfda98993) addi    s3, s3, -38
core   0: 0 0x800032d4 (0xfda98993) x19 0x800042aa
core   0: 0x800032d8 (0x032025b3) mulhsu  a1, zero, s2
core   0: 0 0x800032d8 (0x032025b3) x11 0x00000000
core   0: 0x800032dc (0x02c883b3) mul     t2, a7, a2
core   0: 0 0x800032dc (0x02c883b3) x7  0x0ff32000
core   0: 0x800032e0 (0xce398993) addi    s3, s3, -797
core   0: 0 0x800032e0 (0xce398993) x19 0x80003f8d
core   0: 0x800032e4 (0x008ba6b3) slt     a3, s7, s0
core   0: 0 0x800032e4 (0x008ba6b3) x13 0x00000001
core   0: 0x800032e8 (0x00219033) sll     zero, gp, sp
core   0: 0 0x800032e8 (0x00219033)
core   0: 0x800032ec (0x032d8db3) mul     s11, s11, s2
core   0: 0 0x800032ec (0x032d8db3) x27 0x00000000
core   0: 0x800032f0 (0x0387ccb3) div     s9, a5, s8
core   0: 0 0x800032f0 (0x0387ccb3) x25 0xffffffff
core   0: 0x800032f4 (0x0125c363) blt     a1, s2, pc + 6
core   0: 0 0x800032f4 (0x0125c363)
core   0: 0x800032f8 (0x000088ae) c.mv    a7, a1
core   0: 0 0x800032f8 (0x88ae) x17 0x00000000
core   0: 0x800032fa (0x31e980e7) jalr    ra, s3, 798
core   0: 0 0x800032fa (0x31e980e7) x1  0x800032fe
core   0: 0x800042aa (0x01de4463) blt     t3, t4, pc + 8
core   0: 0 0x800042aa (0x01de4463)
core   0: 0x800042ae (0x02a14533) div     a0, sp, a0
core   0: 0 0x800042ae (0x02a14533) x10 0x00000000
core   0: 0x800042b2 (0xfc460613) addi    a2, a2, -60
core   0: 0 0x800042b2 (0xfc460613) x12 0x8001fe28
core   0: 0x800042b6 (0x016865b3) or      a1, a6, s6
core   0: 0 0x800042b6 (0x016865b3) x11 0x8001f000
core   0: 0x800042ba (0x030e71b3) remu    gp, t3, a6
core   0: 0 0x800042ba (0x030e71b3) x3  0x0000000d
core   0: 0x800042be (0x00008d99) c.sub   a1, a4
core   0: 0 0x800042be (0x8d99) x11 0xffffb31c
core   0: 0x800042c0 (0x00000d3a) c.slli  s10, 14
core   0: 0 0x800042c0 (0x0d3a) x26 0x00000000
core   0: 0x800042c2 (0x03501ab3) mulh    s5, zero, s5
core   0: 0 0x800042c2 (0x03501ab3) x21 0x00000000
core   0: 0x800042c6 (0x00008fad) c.xor   a5, a1
core   0: 0 0x800042c6 (0x8fad) x15 0x00004ce3
core   0: 0x800042c8 (0x00162223) sw      ra, 4(a2)
core   0: 0 0x800042c8 (0x00162223) mem 0x8001fe2c 0x800032fe
core   0: 0x800042cc (0x023828b3) mulhsu  a7, a6, gp
core   0: 0 0x800042cc (0x023828b3) x17 0xfffffff9
core   0: 0x800042d0 (0x00be7233) and     tp, t3, a1
core   0: 0 0x800042d0 (0x00be7233) x4  0x0000000c
core   0: 0x800042d4 (0x01d99533) sll     a0, s3, t4
core   0: 0 0x800042d4 (0x01d99533) x10 0x000fe340
core   0: 0x800042d8 (0x02005c33) divu    s8, zero, zero
core   0: 0 0x800042d8 (0x02005c33) x24 0xffffffff
core   0: 0x800042dc (0x40065a93) srai    s5, a2, 0
core   0: 0 0x800042dc (0x40065a93) x21 0x8001fe28
core   0: 0x800042e0 (0x0000e799) c.bnez  a5, pc + 14
core   0: 0 0x800042e0 (0xe799)
core   0: 0x800042ee (0x00000cda) c.slli  s9, 22
core   0: 0 0x800042ee (0x0cda) x25 0xffc00000
core   0: 0x800042f0 (0x00008d81) c.sub   a1, s0
core   0: 0 0x800042f0 (0x8d81) x11 0xffffb31c
core   0: 0x800042f2 (0x00462083) lw      ra, 4(a2)
core   0: 0 0x800042f2 (0x00462083) x1  0x800032fe mem 0x8001fe2c
core   0: 0x800042f6 (0x406787b3) sub     a5, a5, t1
core   0: 0 0x800042f6 (0x406787b3) x15 0x00004ce3
core   0: 0x800042fa (0x00008bc6) c.mv    s7, a7
core   0: 0 0x800042fa (0x8bc6) x23 0xfffffff9
core   0: 0x800042fc (0x00a26eb3) or      t4, tp, a0
core   0: 0 0x800042fc (0x00a26eb3) x29 0x000fe34c
core   0: 0x80004300 (0x03c60613) addi    a2, a2, 60
core   0: 0 0x80004300 (0x03c60613) x12 0x8001fe64
core   0: 0x80004304 (0x018bcc33) xor     s8, s7, s8
core   0: 0 0x80004304 (0x018bcc33) x24 0x00000006
core   0: 0x80004308 (0x02ee17b3) mulh    a5, t3, a4
core   0: 0 0x80004308 (0x02ee17b3) x15 0xfffffff9
core   0: 0x8000430c (0x00008893) mv      a7, ra
core   0: 0 0x8000430c (0x00008893) x17 0x800032fe
core   0: 0x80004310 (0x00009882) c.jalr  a7
core   0: 0 0x80004310 (0x9882) x1  0x80004312
core   0: 0x800032fe (0x012c5bb3) srl     s7, s8, s2
core   0: 0 0x800032fe (0x012c5bb3) x23 0x00000006
core   0: 0x80003302 (0x00001997) auipc   s3, 0x1
core   0: 0 0x80003302 (0x00001997) x19 0x80004302
core   0: 0x80003306 (0x4b298993) addi    s3, s3, 1202
core   0: 0 0x80003306 (0x4b298993) x19 0x800047b4
core   0: 0x8000330a (0x000019f9) c.addi  s3, -2
core   0: 0 0x8000330a (0x19f9) x19 0x800047b2
core   0: 0x8000330c (0x0171b7b3) sltu    a5, gp, s7
core   0: 0 0x8000330c (0x0171b7b3) x15 0x00000000
core   0: 0x80003310 (0x40c2d6b3) sra     a3, t0, a2
core   0: 0 0x80003310 (0x40c2d6b3) x13 0xfe2e875c
core   0: 0x80003314 (0x016070b3) and     ra, zero, s6
core   0: 0 0x80003314 (0x016070b3) x1  0x00000000
core   0: 0x80003318 (0x007ee463) bltu    t4, t2, pc + 8
core   0: 0 0x80003318 (0x007ee463)
core   0: 0x80003320 (0x002980e7) jalr    ra, s3, 2
core   0: 0 0x80003320 (0x002980e7) x1  0x80003324
core   0: 0x800047b4 (0x41c653b3) sra     t2, a2, t3
core   0: 0 0x800047b4 (0x41c653b3) x7  0xfffc000f
core   0: 0x800047b8 (0x028147b3) div     a5, sp, s0
core   0: 0 0x800047b8 (0x028147b3) x15 0xffffffff
core   0: 0x800047bc (0x00001621) c.addi  a2, -24
core   0: 0 0x800047bc (0x1621) x12 0x8001fe4c
core   0: 0x800047be (0xa021f893) andi    a7, gp, -1534
core   0: 0 0x800047be (0xa021f893) x17 0x00000000
core   0: 0x800047c2 (0x01b5ad33) slt     s10, a1, s11
core   0: 0 0x800047c2 (0x01b5ad33) x26 0x00000001
core   0: 0x800047c6 (0x0ff0000f) fence   iorw,iorw
core   0: 0 0x800047c6 (0x0ff0000f)
core   0: 0x800047ca (0x410cddb3) sra     s11, s9, a6
core   0: 0 0x800047ca (0x410cddb3) x27 0xffc00000
core   0: 0x800047ce (0xbb6ef313) andi    t1, t4, -1098
core   0: 0 0x800047ce (0xbb6ef313) x6  0x000fe304
core   0: 0x800047d2 (0x00162223) sw      ra, 4(a2)
core   0: 0 0x800047d2 (0x00162223) mem 0x8001fe50 0x80003324
core   0: 0x800047d6 (0x31290393) addi    t2, s2, 786
core   0: 0 0x800047d6 (0x31290393) x7  0x00000312
core   0: 0x800047da (0x0068f2b3) and     t0, a7, t1
core   0: 0 0x800047da (0x0068f2b3) x5  0x00000000
core   0: 0x800047de (0x016000ef) jal     pc + 0x16
core   0: 0 0x800047de (0x016000ef) x1  0x800047e2
core   0: 0x800047f4 (0x0000a031) c.j     pc + 12
core   0: 0 0x800047f4 (0xa031)
core   0: 0x80004800 (0xfffff0ef) jal     pc - 0x2
core   0: 0 0x80004800 (0xfffff0ef) x1  0x80004804
core   0: 0x800047fe (0x0000bfd5) c.j     pc - 12
core   0: 0 0x800047fe (0xbfd5)
core   0: 0x800047f2 (0x00002019) c.jal   pc + 6
core   0: 0 0x800047f2 (0x2019) x1  0x800047f4
core   0: 0x800047f8 (0x00003fd5) c.jal   pc - 12
core   0: 0 0x800047f8 (0x3fd5) x1  0x800047fa
core   0: 0x800047ec (0x00003fdd) c.jal   pc - 10
core   0: 0 0x800047ec (0x3fdd) x1  0x800047ee
core   0: 0x800047e2 (0x004000ef) jal     pc + 0x4
core   0: 0 0x800047e2 (0x004000ef) x1  0x800047e6
core   0: 0x800047e6 (0x00002009) c.jal   pc + 2
core   0: 0 0x800047e6 (0x2009) x1  0x800047e8
core   0: 0x800047e8 (0x014009ef) jal     s3, pc + 0x14
core   0: 0 0x800047e8 (0x014009ef) x19 0x800047ec
core   0: 0x800047fc (0x0000bfcd) c.j     pc - 14
core   0: 0 0x800047fc (0xbfcd)
core   0: 0x800047ee (0x0080036f) jal     t1, pc + 0x8
core   0: 0 0x800047ee (0x0080036f) x6  0x800047f2
core   0: 0x800047f6 (0x0000a011) c.j     pc + 4
core   0: 0 0x800047f6 (0xa011)
core   0: 0x800047fa (0x0000a029) c.j     pc + 10
core   0: 0 0x800047fa (0xa029)
core   0: 0x80004804 (0x02263833) mulhu   a6, a2, sp
core   0: 0 0x80004804 (0x02263833) x16 0x7af3b66e
core   0: 0x80004808 (0x00c000ef) jal     pc + 0xc
core   0: 0 0x80004808 (0x00c000ef) x1  0x8000480c
core   0: 0x80004814 (0x00002021) c.jal   pc + 8
core   0: 0 0x80004814 (0x2021) x1  0x80004816
core   0: 0x8000481c (0x00003fed) c.jal   pc - 6
core   0: 0 0x8000481c (0x3fed) x1  0x8000481e
core   0: 0x80004816 (0x00002039) c.jal   pc + 14
core   0: 0 0x80004816 (0x2039) x1  0x80004818
core   0: 0x80004824 (0x0000a039) c.j     pc + 14
core   0: 0 0x80004824 (0xa039)
core   0: 0x80004832 (0x000037c5) c.jal   pc - 32
core   0: 0 0x80004832 (0x37c5) x1  0x80004834
core   0: 0x80004812 (0x0000202d) c.jal   pc + 42
core   0: 0 0x80004812 (0x202d) x1  0x80004814
core   0: 0x8000483c (0x000037d5) c.jal   pc - 28
core   0: 0 0x8000483c (0x37d5) x1  0x8000483e
core   0: 0x80004820 (0x00c000ef) jal     pc + 0xc
core   0: 0 0x80004820 (0x00c000ef) x1  0x80004824
core   0: 0x8000482c (0x00003fcd) c.jal   pc - 14
core   0: 0 0x8000482c (0x3fcd) x1  0x8000482e
core   0: 0x8000481e (0x00002029) c.jal   pc + 10
core   0: 0 0x8000481e (0x2029) x1  0x80004820
core   0: 0x80004828 (0x008000ef) jal     pc + 0x8
core   0: 0 0x80004828 (0x008000ef) x1  0x8000482c
core   0: 0x80004830 (0x00002021) c.jal   pc + 8
core   0: 0 0x80004830 (0x2021) x1  0x80004832
core   0: 0x80004838 (0xfefff0ef) jal     pc - 0x12
core   0: 0 0x80004838 (0xfefff0ef) x1  0x8000483c
core   0: 0x80004826 (0x00002021) c.jal   pc + 8
core   0: 0 0x80004826 (0x2021) x1  0x80004828
core   0: 0x8000482e (0x00002021) c.jal   pc + 8
core   0: 0 0x8000482e (0x2021) x1  0x80004830
core   0: 0x80004836 (0x00003fe9) c.jal   pc - 38
core   0: 0 0x80004836 (0x3fe9) x1  0x80004838
core   0: 0x80004810 (0x0000a021) c.j     pc + 8
core   0: 0 0x80004810 (0xa021)
core   0: 0x80004818 (0xff5ff0ef) jal     pc - 0xc
core   0: 0 0x80004818 (0xff5ff0ef) x1  0x8000481c
core   0: 0x8000480c (0x028000ef) jal     pc + 0x28
core   0: 0 0x8000480c (0x028000ef) x1  0x80004810
core   0: 0x80004834 (0x0000a029) c.j     pc + 10
core   0: 0 0x80004834 (0xa029)
core   0: 0x8000483e (0x00a89f13) slli    t5, a7, 10
core   0: 0 0x8000483e (0x00a89f13) x30 0x00000000
core   0: 0x80004842 (0x00a000ef) jal     pc + 0xa
core   0: 0 0x80004842 (0x00a000ef) x1  0x80004846
core   0: 0x8000484c (0x0080036f) jal     t1, pc + 0x8
core   0: 0 0x8000484c (0x0080036f) x6  0x80004850
core   0: 0x80004854 (0x0000bfcd) c.j     pc - 14
core   0: 0 0x80004854 (0xbfcd)
core   0: 0x80004846 (0x0000a80d) c.j     pc + 50
core   0: 0 0x80004846 (0xa80d)
core   0: 0x80004878 (0xff1ff0ef) jal     pc - 0x10
core   0: 0 0x80004878 (0xff1ff0ef) x1  0x8000487c
core   0: 0x80004868 (0x00003fdd) c.jal   pc - 10
core   0: 0 0x80004868 (0x3fdd) x1  0x8000486a
core   0: 0x8000485e (0x0000a00d) c.j     pc + 34
core   0: 0 0x8000485e (0xa00d)
core   0: 0x80004880 (0x00003fe9) c.jal   pc - 38
core   0: 0 0x80004880 (0x3fe9) x1  0x80004882
core   0: 0x8000485a (0x008000ef) jal     pc + 0x8
core   0: 0 0x8000485a (0x008000ef) x1  0x8000485e
core   0: 0x80004862 (0xfffff6ef) jal     a3, pc - 0x2
core   0: 0 0x80004862 (0xfffff6ef) x13 0x80004866
core   0: 0x80004860 (0x0000bfdd) c.j     pc - 10
core   0: 0 0x80004860 (0xbfdd)
core   0: 0x80004856 (0x018000ef) jal     pc + 0x18
core   0: 0 0x80004856 (0x018000ef) x1  0x8000485a
core   0: 0x8000486e (0x00002021) c.jal   pc + 8
core   0: 0 0x8000486e (0x2021) x1  0x80004870
core   0: 0x80004876 (0x0000bfd5) c.j     pc - 12
core   0: 0 0x80004876 (0xbfd5)
core   0: 0x8000486a (0x014000ef) jal     pc + 0x14
core   0: 0 0x8000486a (0x014000ef) x1  0x8000486e
core   0: 0x8000487e (0x00003fc9) c.jal   pc - 46
core   0: 0 0x8000487e (0x3fc9) x1  0x80004880
core   0: 0x80004850 (0x032000ef) jal     pc + 0x32
core   0: 0 0x80004850 (0x032000ef) x1  0x80004854
core   0: 0x80004882 (0x00003fed) c.jal   pc - 6
core   0: 0 0x80004882 (0x3fed) x1  0x80004884
core   0: 0x8000487c (0x0000b7f1) c.j     pc - 52
core   0: 0 0x8000487c (0xb7f1)
core   0: 0x80004848 (0x03e002ef) jal     t0, pc + 0x3e
core   0: 0 0x80004848 (0x03e002ef) x5  0x8000484c
core   0: 0x80004886 (0x0000b7f5) c.j     pc - 20
core   0: 0 0x80004886 (0xb7f5)
core   0: 0x80004872 (0x00003ffd) c.jal   pc - 2
core   0: 0 0x80004872 (0x3ffd) x1  0x80004874
core   0: 0x80004870 (0x00002011) c.jal   pc + 4
core   0: 0 0x80004870 (0x2011) x1  0x80004872
core   0: 0x80004874 (0x0000bfcd) c.j     pc - 14
core   0: 0 0x80004874 (0xbfcd)
core   0: 0x80004866 (0x0000a839) c.j     pc + 30
core   0: 0 0x80004866 (0xa839)
core   0: 0x80004884 (0x0000a011) c.j     pc + 4
core   0: 0 0x80004884 (0xa011)
core   0: 0x80004888 (0x0290c833) div     a6, ra, s1
core   0: 0 0x80004888 (0x0290c833) x16 0xffffffaf
core   0: 0x8000488c (0x020000ef) jal     pc + 0x20
core   0: 0 0x8000488c (0x020000ef) x1  0x80004890
core   0: 0x800048ac (0xff3ff0ef) jal     pc - 0xe
core   0: 0 0x800048ac (0xff3ff0ef) x1  0x800048b0
core   0: 0x8000489e (0x0000a00d) c.j     pc + 34
core   0: 0 0x8000489e (0xa00d)
core   0: 0x800048c0 (0x00003fdd) c.jal   pc - 10
core   0: 0 0x800048c0 (0x3fdd) x1  0x800048c2
core   0: 0x800048b6 (0x000037cd) c.jal   pc - 30
core   0: 0 0x800048b6 (0x37cd) x1  0x800048b8
core   0: 0x80004898 (0x0000a029) c.j     pc + 10
core   0: 0 0x80004898 (0xa029)
core   0: 0x800048a2 (0x0000a019) c.j     pc + 6
core   0: 0 0x800048a2 (0xa019)
core   0: 0x800048a8 (0x0000a801) c.j     pc + 16
core   0: 0 0x800048a8 (0xa801)
core   0: 0x800048b8 (0xfe9ff36f) jal     t1, pc - 0x18
core   0: 0 0x800048b8 (0xfe9ff36f) x6  0x800048bc
core   0: 0x800048a0 (0x00002831) c.jal   pc + 28
core   0: 0 0x800048a0 (0x2831) x1  0x800048a2
core   0: 0x800048bc (0xfefffbef) jal     s7, pc - 0x12
core   0: 0 0x800048bc (0xfefffbef) x23 0x800048c0
core   0: 0x800048aa (0x0000bfed) c.j     pc - 6
core   0: 0 0x800048aa (0xbfed)
core   0: 0x800048a4 (0x00e000ef) jal     pc + 0xe
core   0: 0 0x800048a4 (0x00e000ef) x1  0x800048a8
core   0: 0x800048b2 (0xfffffe6f) jal     t3, pc - 0x2
core   0: 0 0x800048b2 (0xfffffe6f) x28 0x800048b6
core   0: 0x800048b0 (0x000037ed) c.jal   pc - 22
core   0: 0 0x800048b0 (0x37ed) x1  0x800048b2
core   0: 0x8000489a (0xffbff0ef) jal     pc - 0x6
core   0: 0 0x8000489a (0xffbff0ef) x1  0x8000489e
core   0: 0x80004894 (0xfffff5ef) jal     a1, pc - 0x2
core   0: 0 0x80004894 (0xfffff5ef) x11 0x80004898
core   0: 0x80004892 (0x0000bffd) c.j     pc - 2
core   0: 0 0x80004892 (0xbffd)
core   0: 0x80004890 (0x0000280d) c.jal   pc + 50
core   0: 0 0x80004890 (0x280d) x1  0x80004892
core   0: 0x800048c2 (0x00008352) c.mv    t1, s4
core   0: 0 0x800048c2 (0x8352) x6  0xfffc0000
core   0: 0x800048c4 (0x008000ef) jal     pc + 0x8
core   0: 0 0x800048c4 (0x008000ef) x1  0x800048c8
core   0: 0x800048cc (0x0000281d) c.jal   pc + 54
core   0: 0 0x800048cc (0x281d) x1  0x800048ce
core   0: 0x80004902 (0x0000a009) c.j     pc + 2
core   0: 0 0x80004902 (0xa009)
core   0: 0x80004904 (0xffdff0ef) jal     pc - 0x4
core   0: 0 0x80004904 (0xffdff0ef) x1  0x80004908
core   0: 0x80004900 (0x000037e9) c.jal   pc - 54
core   0: 0 0x80004900 (0x37e9) x1  0x80004902
core   0: 0x800048ca (0x00002015) c.jal   pc + 36
core   0: 0 0x800048ca (0x2015) x1  0x800048cc
core   0: 0x800048ee (0x0000b7fd) c.j     pc - 18
core   0: 0 0x800048ee (0xb7fd)
core   0: 0x800048dc (0x020002ef) jal     t0, pc + 0x20
core   0: 0 0x800048dc (0x020002ef) x5  0x800048e0
core   0: 0x800048fc (0x0160036f) jal     t1, pc + 0x16
core   0: 0 0x800048fc (0x0160036f) x6  0x80004900
core   0: 0x80004912 (0x0000a009) c.j     pc + 2
core   0: 0 0x80004912 (0xa009)
core   0: 0x80004914 (0xfc5ff0ef) jal     pc - 0x3c
core   0: 0 0x80004914 (0xfc5ff0ef) x1  0x80004918
core   0: 0x800048d8 (0x00002801) c.jal   pc + 16
core   0: 0 0x800048d8 (0x2801) x1  0x800048da
core   0: 0x800048e8 (0x000037c5) c.jal   pc - 32
core   0: 0 0x800048e8 (0x37c5) x1  0x800048ea
core   0: 0x800048c8 (0x00002019) c.jal   pc + 6
core   0: 0 0x800048c8 (0x2019) x1  0x800048ca
core   0: 0x800048ce (0x0000a01d) c.j     pc + 38
core   0: 0 0x800048ce (0xa01d)
core   0: 0x800048f4 (0x014004ef) jal     s1, pc + 0x14
core   0: 0 0x800048f4 (0x014004ef) x9  0x800048f8
core   0: 0x80004908 (0xfe5ff0ef) jal     pc - 0x1c
core   0: 0 0x80004908 (0xfe5ff0ef) x1  0x8000490c
core   0: 0x800048ec (0x0000bfe5) c.j     pc - 8
core   0: 0 0x800048ec (0xbfe5)
core   0: 0x800048e4 (0xff1ff0ef) jal     pc - 0x10
core   0: 0 0x800048e4 (0xff1ff0ef) x1  0x800048e8
core   0: 0x800048d4 (0xffdff36f) jal     t1, pc - 0x4
core   0: 0 0x800048d4 (0xffdff36f) x6  0x800048d8
core   0: 0x800048d0 (0x020000ef) jal     pc + 0x20
core   0: 0 0x800048d0 (0x020000ef) x1  0x800048d4
core   0: 0x800048f0 (0x0200036f) jal     t1, pc + 0x20
core   0: 0 0x800048f0 (0x0200036f) x6  0x800048f4
core   0: 0x80004910 (0x0000b7e9) c.j     pc - 54
core   0: 0 0x80004910 (0xb7e9)
core   0: 0x800048da (0x00002019) c.jal   pc + 6
core   0: 0 0x800048da (0x2019) x1  0x800048dc
core   0: 0x800048e0 (0x00002035) c.jal   pc + 44
core   0: 0 0x800048e0 (0x2035) x1  0x800048e2
core   0: 0x8000490c (0x00003fd9) c.jal   pc - 42
core   0: 0 0x8000490c (0x3fd9) x1  0x8000490e
core   0: 0x800048e2 (0x00002819) c.jal   pc + 22
core   0: 0 0x800048e2 (0x2819) x1  0x800048e4
core   0: 0x800048f8 (0xff3ff0ef) jal     pc - 0xe
core   0: 0 0x800048f8 (0xff3ff0ef) x1  0x800048fc
core   0: 0x800048ea (0x0000a015) c.j     pc + 36
core   0: 0 0x800048ea (0xa015)
core   0: 0x8000490e (0x00002029) c.jal   pc + 10
core   0: 0 0x8000490e (0x2029) x1  0x80004910
core   0: 0x80004918 (0x00008d51) c.or    a0, a2
core   0: 0 0x80004918 (0x8d51) x10 0x800fff4c
core   0: 0x8000491a (0x016000ef) jal     pc + 0x16
core   0: 0 0x8000491a (0x016000ef) x1  0x8000491e
core   0: 0x80004930 (0x00003fd5) c.jal   pc - 12
core   0: 0 0x80004930 (0x3fd5) x1  0x80004932
core   0: 0x80004924 (0x0000a011) c.j     pc + 4
core   0: 0 0x80004924 (0xa011)
core   0: 0x80004928 (0x0000a801) c.j     pc + 16
core   0: 0 0x80004928 (0xa801)
core   0: 0x80004938 (0xff3ff36f) jal     t1, pc - 0xe
core   0: 0 0x80004938 (0xff3ff36f) x6  0x8000493c
core   0: 0x8000492a (0x008008ef) jal     a7, pc + 0x8
core   0: 0 0x8000492a (0x008008ef) x17 0x8000492e
core   0: 0x80004932 (0x004000ef) jal     pc + 0x4
core   0: 0 0x80004932 (0x004000ef) x1  0x80004936
core   0: 0x80004936 (0x000037e5) c.jal   pc - 24
core   0: 0 0x80004936 (0x37e5) x1  0x80004938
core   0: 0x8000491e (0x00002801) c.jal   pc + 16
core   0: 0 0x8000491e (0x2801) x1  0x80004920
core   0: 0x8000492e (0x0000bfe5) c.j     pc - 8
core   0: 0 0x8000492e (0xbfe5)
core   0: 0x80004926 (0x00003fed) c.jal   pc - 6
core   0: 0 0x80004926 (0x3fed) x1  0x80004928
core   0: 0x80004920 (0x01c000ef) jal     pc + 0x1c
core   0: 0 0x80004920 (0x01c000ef) x1  0x80004924
core   0: 0x8000493c (0x2e984197) auipc   gp, 0x2e984
core   0: 0 0x8000493c (0x2e984197) x3  0xae98893c
core   0: 0x80004940 (0x006000ef) jal     pc + 0x6
core   0: 0 0x80004940 (0x006000ef) x1  0x80004944
core   0: 0x80004946 (0x00002801) c.jal   pc + 16
core   0: 0 0x80004946 (0x2801) x1  0x80004948
core   0: 0x80004956 (0x0000bfd5) c.j     pc - 12
core   0: 0 0x80004956 (0xbfd5)
core   0: 0x8000494a (0x012000ef) jal     pc + 0x12
core   0: 0 0x8000494a (0x012000ef) x1  0x8000494e
core   0: 0x8000495c (0x0000bfd5) c.j     pc - 12
core   0: 0 0x8000495c (0xbfd5)
core   0: 0x80004950 (0xff9fff6f) jal     t5, pc - 0x8
core   0: 0 0x80004950 (0xff9fff6f) x30 0x80004954
core   0: 0x80004948 (0x0000a031) c.j     pc + 12
core   0: 0 0x80004948 (0xa031)
core   0: 0x80004954 (0x0000a029) c.j     pc + 10
core   0: 0 0x80004954 (0xa029)
core   0: 0x8000495e (0xffbff0ef) jal     pc - 0x6
core   0: 0 0x8000495e (0xffbff0ef) x1  0x80004962
core   0: 0x80004958 (0xff7ff0ef) jal     pc - 0xa
core   0: 0 0x80004958 (0xff7ff0ef) x1  0x8000495c
core   0: 0x8000494e (0x00003fdd) c.jal   pc - 10
core   0: 0 0x8000494e (0x3fdd) x1  0x80004950
core   0: 0x80004944 (0x00002839) c.jal   pc + 30
core   0: 0 0x80004944 (0x2839) x1  0x80004946
core   0: 0x80004962 (0x0ff0000f) fence   iorw,iorw
core   0: 0 0x80004962 (0x0ff0000f)
core   0: 0x80004966 (0x046000ef) jal     pc + 0x46
core   0: 0 0x80004966 (0x046000ef) x1  0x8000496a
core   0: 0x800049ac (0xff7ff0ef) jal     pc - 0xa
core   0: 0 0x800049ac (0xff7ff0ef) x1  0x800049b0
core   0: 0x800049a2 (0x00002009) c.jal   pc + 2
core   0: 0 0x800049a2 (0x2009) x1  0x800049a4
core   0: 0x800049a4 (0x0000bff1) c.j     pc - 36
core   0: 0 0x800049a4 (0xbff1)
core   0: 0x80004980 (0x0000a031) c.j     pc + 12
core   0: 0 0x80004980 (0xa031)
core   0: 0x8000498c (0x00002831) c.jal   pc + 28
core   0: 0 0x8000498c (0x2831) x1  0x8000498e
core   0: 0x800049a8 (0xfcbff0ef) jal     pc - 0x36
core   0: 0 0x800049a8 (0xfcbff0ef) x1  0x800049ac
core   0: 0x80004972 (0x00002031) c.jal   pc + 12
core   0: 0 0x80004972 (0x2031) x1  0x80004974
core   0: 0x8000497e (0x0000a809) c.j     pc + 18
core   0: 0 0x8000497e (0xa809)
core   0: 0x80004990 (0x00003fed) c.jal   pc - 6
core   0: 0 0x80004990 (0x3fed) x1  0x80004992
core   0: 0x8000498a (0x0000b7cd) c.j     pc - 30
core   0: 0 0x8000498a (0xb7cd)
core   0: 0x8000496c (0x0000280d) c.jal   pc + 50
core   0: 0 0x8000496c (0x280d) x1  0x8000496e
core   0: 0x8000499e (0x0000bfc1) c.j     pc - 48
core   0: 0 0x8000499e (0xbfc1)
core   0: 0x8000496e (0x006000ef) jal     pc + 0x6
core   0: 0 0x8000496e (0x006000ef) x1  0x80004972
core   0: 0x80004974 (0x0000a005) c.j     pc + 32
core   0: 0 0x80004974 (0xa005)
core   0: 0x80004994 (0x000037e5) c.jal   pc - 24
core   0: 0 0x80004994 (0x37e5) x1  0x80004996
core   0: 0x8000497c (0x00002029) c.jal   pc + 10
core   0: 0 0x8000497c (0x2029) x1  0x8000497e
core   0: 0x80004986 (0xffdff0ef) jal     pc - 0x4
core   0: 0 0x80004986 (0xffdff0ef) x1  0x8000498a
core   0: 0x80004982 (0x0240036f) jal     t1, pc + 0x24
core   0: 0 0x80004982 (0x0240036f) x6  0x80004986
core   0: 0x800049a6 (0x00003fdd) c.jal   pc - 10
core   0: 0 0x800049a6 (0x3fdd) x1  0x800049a8
core   0: 0x8000499c (0x0000bffd) c.j     pc - 2
core   0: 0 0x8000499c (0xbffd)
core   0: 0x8000499a (0x00003ff1) c.jal   pc - 36
core   0: 0 0x8000499a (0x3ff1) x1  0x8000499c
core   0: 0x80004976 (0x0000a02d) c.j     pc + 42
core   0: 0 0x80004976 (0xa02d)
core   0: 0x800049a0 (0x00003fdd) c.jal   pc - 10
core   0: 0 0x800049a0 (0x3fdd) x1  0x800049a2
core   0: 0x80004996 (0xfe3ff0ef) jal     pc - 0x1e
core   0: 0 0x80004996 (0xfe3ff0ef) x1  0x8000499a
core   0: 0x80004978 (0x01a0036f) jal     t1, pc + 0x1a
core   0: 0 0x80004978 (0x01a0036f) x6  0x8000497c
core   0: 0x80004992 (0x0000bfe1) c.j     pc - 40
core   0: 0 0x80004992 (0xbfe1)
core   0: 0x8000496a (0x0000a015) c.j     pc + 36
core   0: 0 0x8000496a (0xa015)
core   0: 0x8000498e (0x0000a00d) c.j     pc + 34
core   0: 0 0x8000498e (0xa00d)
core   0: 0x800049b0 (0x004e4433) xor     s0, t3, tp
core   0: 0 0x800049b0 (0x004e4433) x8  0x800048ba
core   0: 0x800049b4 (0x012000ef) jal     pc + 0x12
core   0: 0 0x800049b4 (0x012000ef) x1  0x800049b8
core   0: 0x800049c6 (0x0000a009) c.j     pc + 2
core   0: 0 0x800049c6 (0xa009)
core   0: 0x800049c8 (0x00002031) c.jal   pc + 12
core   0: 0 0x800049c8 (0x2031) x1  0x800049ca
core   0: 0x800049d4 (0x00003fed) c.jal   pc - 6
core   0: 0 0x800049d4 (0x3fed) x1  0x800049d6
core   0: 0x800049ce (0x0000bfdd) c.j     pc - 10
core   0: 0 0x800049ce (0xbfdd)
core   0: 0x800049c4 (0x0000a831) c.j     pc + 28
core   0: 0 0x800049c4 (0xa831)
core   0: 0x800049e0 (0x004000ef) jal     pc + 0x4
core   0: 0 0x800049e0 (0x004000ef) x1  0x800049e4
core   0: 0x800049e4 (0xff9ff0ef) jal     pc - 0x8
core   0: 0 0x800049e4 (0xff9ff0ef) x1  0x800049e8
core   0: 0x800049dc (0x0000b7d5) c.j     pc - 28
core   0: 0 0x800049dc (0xb7d5)
core   0: 0x800049c0 (0x016000ef) jal     pc + 0x16
core   0: 0 0x800049c0 (0x016000ef) x1  0x800049c4
core   0: 0x800049d6 (0xfe9ff2ef) jal     t0, pc - 0x18
core   0: 0 0x800049d6 (0xfe9ff2ef) x5  0x800049da
core   0: 0x800049be (0x0000a831) c.j     pc + 28
core   0: 0 0x800049be (0xa831)
core   0: 0x800049da (0x00003fdd) c.jal   pc - 10
core   0: 0 0x800049da (0x3fdd) x1  0x800049dc
core   0: 0x800049d0 (0x0000bfed) c.j     pc - 6
core   0: 0 0x800049d0 (0xbfed)
core   0: 0x800049ca (0x014000ef) jal     pc + 0x14
core   0: 0 0x800049ca (0x014000ef) x1  0x800049ce
core   0: 0x800049de (0x00003fe9) c.jal   pc - 38
core   0: 0 0x800049de (0x3fe9) x1  0x800049e0
core   0: 0x800049b8 (0x004002ef) jal     t0, pc + 0x4
core   0: 0 0x800049b8 (0x004002ef) x5  0x800049bc
core   0: 0x800049bc (0x0000a819) c.j     pc + 22
core   0: 0 0x800049bc (0xa819)
core   0: 0x800049d2 (0x00002819) c.jal   pc + 22
core   0: 0 0x800049d2 (0x2819) x1  0x800049d4
core   0: 0x800049e8 (0x02c67bb3) remu    s7, a2, a2
core   0: 0 0x800049e8 (0x02c67bb3) x23 0x00000000
core   0: 0x800049ec (0x050000ef) jal     pc + 0x50
core   0: 0 0x800049ec (0x050000ef) x1  0x800049f0
core   0: 0x80004a3c (0x000037ed) c.jal   pc - 22
core   0: 0 0x80004a3c (0x37ed) x1  0x80004a3e
core   0: 0x80004a26 (0xff7ff0ef) jal     pc - 0xa
core   0: 0 0x80004a26 (0xff7ff0ef) x1  0x80004a2a
core   0: 0x80004a1c (0x000037c5) c.jal   pc - 32
core   0: 0 0x80004a1c (0x37c5) x1  0x80004a1e
core   0: 0x800049fc (0xfffff86f) jal     a6, pc - 0x2
core   0: 0 0x800049fc (0xfffff86f) x16 0x80004a00
core   0: 0x800049fa (0x00002839) c.jal   pc + 30
core   0: 0 0x800049fa (0x2839) x1  0x800049fc
core   0: 0x80004a18 (0x00003fd5) c.jal   pc - 12
core   0: 0 0x80004a18 (0x3fd5) x1  0x80004a1a
core   0: 0x80004a0c (0x00003ff5) c.jal   pc - 4
core   0: 0 0x80004a0c (0x3ff5) x1  0x80004a0e
core   0: 0x80004a08 (0x000037f5) c.jal   pc - 20
core   0: 0 0x80004a08 (0x37f5) x1  0x80004a0a
core   0: 0x800049f4 (0x00c001ef) jal     gp, pc + 0xc
core   0: 0 0x800049f4 (0x00c001ef) x3  0x800049f8
core   0: 0x80004a00 (0x032000ef) jal     pc + 0x32
core   0: 0 0x80004a00 (0x032000ef) x1  0x80004a04
core   0: 0x80004a32 (0x004000ef) jal     pc + 0x4
core   0: 0 0x80004a32 (0x004000ef) x1  0x80004a36
core   0: 0x80004a36 (0x0000bff9) c.j     pc - 34
core   0: 0 0x80004a36 (0xbff9)
core   0: 0x80004a14 (0xffbff0ef) jal     pc - 0x6
core   0: 0 0x80004a14 (0xffbff0ef) x1  0x80004a18
core   0: 0x80004a0e (0x0000a819) c.j     pc + 22
core   0: 0 0x80004a0e (0xa819)
core   0: 0x80004a24 (0x0000bfd1) c.j     pc - 44
core   0: 0 0x80004a24 (0xbfd1)
core   0: 0x800049f8 (0x00002025) c.jal   pc + 40
core   0: 0 0x800049f8 (0x2025) x1  0x800049fa
core   0: 0x80004a20 (0x00002009) c.jal   pc + 2
core   0: 0 0x80004a20 (0x2009) x1  0x80004a22
core   0: 0x80004a22 (0x0000a819) c.j     pc + 22
core   0: 0 0x80004a22 (0xa819)
core   0: 0x80004a38 (0xff7ff0ef) jal     pc - 0xa
core   0: 0 0x80004a38 (0xff7ff0ef) x1  0x80004a3c
core   0: 0x80004a2e (0x00002009) c.jal   pc + 2
core   0: 0 0x80004a2e (0x2009) x1  0x80004a30
core   0: 0x80004a30 (0x0000bfd1) c.j     pc - 44
core   0: 0 0x80004a30 (0xbfd1)
core   0: 0x80004a04 (0x00c0026f) jal     tp, pc + 0xc
core   0: 0 0x80004a04 (0x00c0026f) x4  0x80004a08
core   0: 0x80004a10 (0xfe1ff0ef) jal     pc - 0x20
core   0: 0 0x80004a10 (0xfe1ff0ef) x1  0x80004a14
core   0: 0x800049f0 (0x01a0056f) jal     a0, pc + 0x1a
core   0: 0 0x800049f0 (0x01a0056f) x10 0x800049f4
core   0: 0x80004a0a (0x00002801) c.jal   pc + 16
core   0: 0 0x80004a0a (0x2801) x1  0x80004a0c
core   0: 0x80004a1a (0x00002801) c.jal   pc + 16
core   0: 0 0x80004a1a (0x2801) x1  0x80004a1c
core   0: 0x80004a2a (0xff5ffcef) jal     s9, pc - 0xc
core   0: 0 0x80004a2a (0xff5ffcef) x25 0x80004a2e
core   0: 0x80004a1e (0x0000a005) c.j     pc + 32
core   0: 0 0x80004a1e (0xa005)
core   0: 0x80004a3e (0x57eb4d37) lui     s10, 0x57eb4
core   0: 0 0x80004a3e (0x57eb4d37) x26 0x57eb4000
core   0: 0x80004a42 (0x018000ef) jal     pc + 0x18
core   0: 0 0x80004a42 (0x018000ef) x1  0x80004a46
core   0: 0x80004a5a (0xffdff36f) jal     t1, pc - 0x4
core   0: 0 0x80004a5a (0xffdff36f) x6  0x80004a5e
core   0: 0x80004a56 (0x008002ef) jal     t0, pc + 0x8
core   0: 0 0x80004a56 (0x008002ef) x5  0x80004a5a
core   0: 0x80004a5e (0x00003fc5) c.jal   pc - 16
core   0: 0 0x80004a5e (0x3fc5) x1  0x80004a60
core   0: 0x80004a4e (0x00002819) c.jal   pc + 22
core   0: 0 0x80004a4e (0x2819) x1  0x80004a50
core   0: 0x80004a64 (0x0040036f) jal     t1, pc + 0x4
core   0: 0 0x80004a64 (0x0040036f) x6  0x80004a68
core   0: 0x80004a68 (0x0000a029) c.j     pc + 10
core   0: 0 0x80004a68 (0xa029)
core   0: 0x80004a72 (0xfdfff0ef) jal     pc - 0x22
core   0: 0 0x80004a72 (0xfdfff0ef) x1  0x80004a76
core   0: 0x80004a50 (0x0000a839) c.j     pc + 30
core   0: 0 0x80004a50 (0xa839)
core   0: 0x80004a6e (0xfe5ff0ef) jal     pc - 0x1c
core   0: 0 0x80004a6e (0xfe5ff0ef) x1  0x80004a72
core   0: 0x80004a52 (0xff9ff36f) jal     t1, pc - 0x8
core   0: 0 0x80004a52 (0xff9ff36f) x6  0x80004a56
core   0: 0x80004a4a (0x00002819) c.jal   pc + 22
core   0: 0 0x80004a4a (0x2819) x1  0x80004a4c
core   0: 0x80004a60 (0x0000b7e5) c.j     pc - 24
core   0: 0 0x80004a60 (0xb7e5)
core   0: 0x80004a48 (0x00002829) c.jal   pc + 26
core   0: 0 0x80004a48 (0x2829) x1  0x80004a4a
core   0: 0x80004a62 (0x0000a021) c.j     pc + 8
core   0: 0 0x80004a62 (0xa021)
core   0: 0x80004a6a (0x00002009) c.jal   pc + 2
core   0: 0 0x80004a6a (0x2009) x1  0x80004a6c
core   0: 0x80004a6c (0x0000bfe9) c.j     pc - 38
core   0: 0 0x80004a6c (0xbfe9)
core   0: 0x80004a46 (0x0000a019) c.j     pc + 6
core   0: 0 0x80004a46 (0xa019)
core   0: 0x80004a4c (0x0000a02d) c.j     pc + 42
core   0: 0 0x80004a4c (0xa02d)
core   0: 0x80004a76 (0x032d34b3) mulhu   s1, s10, s2
core   0: 0 0x80004a76 (0x032d34b3) x9  0x00000000
core   0: 0x80004a7a (0x004000ef) jal     pc + 0x4
core   0: 0 0x80004a7a (0x004000ef) x1  0x80004a7e
core   0: 0x80004a7e (0x020000ef) jal     pc + 0x20
core   0: 0 0x80004a7e (0x020000ef) x1  0x80004a82
core   0: 0x80004a9e (0x0000b7f5) c.j     pc - 20
core   0: 0 0x80004a9e (0xb7f5)
core   0: 0x80004a8a (0x00c00f6f) jal     t5, pc + 0xc
core   0: 0 0x80004a8a (0x00c00f6f) x30 0x80004a8e
core   0: 0x80004a96 (0x0000bfed) c.j     pc - 6
core   0: 0 0x80004a96 (0xbfed)
core   0: 0x80004a90 (0xff9ff0ef) jal     pc - 0x8
core   0: 0 0x80004a90 (0xff9ff0ef) x1  0x80004a94
core   0: 0x80004a88 (0x0000a809) c.j     pc + 18
core   0: 0 0x80004a88 (0xa809)
core   0: 0x80004a9a (0xfffff0ef) jal     pc - 0x2
core   0: 0 0x80004a9a (0xfffff0ef) x1  0x80004a9e
core   0: 0x80004a98 (0x0000a021) c.j     pc + 8
core   0: 0 0x80004a98 (0xa021)
core   0: 0x80004aa0 (0xff5fff6f) jal     t5, pc - 0xc
core   0: 0 0x80004aa0 (0xff5fff6f) x30 0x80004aa4
core   0: 0x80004a94 (0x00003fc5) c.jal   pc - 16
core   0: 0 0x80004a94 (0x3fc5) x1  0x80004a96
core   0: 0x80004a84 (0xfffff2ef) jal     t0, pc - 0x2
core   0: 0 0x80004a84 (0xfffff2ef) x5  0x80004a88
core   0: 0x80004a82 (0x0000a031) c.j     pc + 12
core   0: 0 0x80004a82 (0xa031)
core   0: 0x80004a8e (0x00002819) c.jal   pc + 22
core   0: 0 0x80004a8e (0x2819) x1  0x80004a90
core   0: 0x80004aa4 (0x41510ab3) sub     s5, sp, s5
core   0: 0 0x80004aa4 (0x41510ab3) x21 0x75e19a6d
core   0: 0x80004aa8 (0x004000ef) jal     pc + 0x4
core   0: 0 0x80004aa8 (0x004000ef) x1  0x80004aac
core   0: 0x80004aac (0x01a0036f) jal     t1, pc + 0x1a
core   0: 0 0x80004aac (0x01a0036f) x6  0x80004ab0
core   0: 0x80004ac6 (0xfefff0ef) jal     pc - 0x12
core   0: 0 0x80004ac6 (0xfefff0ef) x1  0x80004aca
core   0: 0x80004ab4 (0x0000a009) c.j     pc + 2
core   0: 0 0x80004ab4 (0xa009)
core   0: 0x80004ab6 (0x0000a839) c.j     pc + 30
core   0: 0 0x80004ab6 (0xa839)
core   0: 0x80004ad4 (0x0000bffd) c.j     pc - 2
core   0: 0 0x80004ad4 (0xbffd)
core   0: 0x80004ad2 (0x000037ed) c.jal   pc - 22
core   0: 0 0x80004ad2 (0x37ed) x1  0x80004ad4
core   0: 0x80004abc (0x0000a839) c.j     pc + 30
core   0: 0 0x80004abc (0xa839)
core   0: 0x80004ada (0x00003ffd) c.jal   pc - 2
core   0: 0 0x80004ada (0x3ffd) x1  0x80004adc
core   0: 0x80004ad8 (0x000037c5) c.jal   pc - 32
core   0: 0 0x80004ad8 (0x37c5) x1  0x80004ada
core   0: 0x80004ab8 (0x01e00bef) jal     s7, pc + 0x1e
core   0: 0 0x80004ab8 (0x01e00bef) x23 0x80004abc
core   0: 0x80004ad6 (0x00003fdd) c.jal   pc - 10
core   0: 0 0x80004ad6 (0x3fdd) x1  0x80004ad8
core   0: 0x80004acc (0xff3ff0ef) jal     pc - 0xe
core   0: 0 0x80004acc (0xff3ff0ef) x1  0x80004ad0
core   0: 0x80004abe (0xff3ff0ef) jal     pc - 0xe
core   0: 0 0x80004abe (0xff3ff0ef) x1  0x80004ac2
core   0: 0x80004ab0 (0x0000a005) c.j     pc + 32
core   0: 0 0x80004ab0 (0xa005)
core   0: 0x80004ad0 (0x0000bfcd) c.j     pc - 14
core   0: 0 0x80004ad0 (0xbfcd)
core   0: 0x80004ac2 (0x0080036f) jal     t1, pc + 0x8
core   0: 0 0x80004ac2 (0x0080036f) x6  0x80004ac6
core   0: 0x80004aca (0x000037e5) c.jal   pc - 24
core   0: 0 0x80004aca (0x37e5) x1  0x80004acc
core   0: 0x80004ab2 (0x0000a02d) c.j     pc + 42
core   0: 0 0x80004ab2 (0xa02d)
core   0: 0x80004adc (0x010158b3) srl     a7, sp, a6
core   0: 0 0x80004adc (0x010158b3) x17 0xf5e39895
core   0: 0x80004ae0 (0x008000ef) jal     pc + 0x8
core   0: 0 0x80004ae0 (0x008000ef) x1  0x80004ae4
core   0: 0x80004ae8 (0x00e000ef) jal     pc + 0xe
core   0: 0 0x80004ae8 (0x00e000ef) x1  0x80004aec
core   0: 0x80004af6 (0x00002009) c.jal   pc + 2
core   0: 0 0x80004af6 (0x2009) x1  0x80004af8
core   0: 0x80004af8 (0x0000a039) c.j     pc + 14
core   0: 0 0x80004af8 (0xa039)
core   0: 0x80004b06 (0x00003fd5) c.jal   pc - 12
core   0: 0 0x80004b06 (0x3fd5) x1  0x80004b08
core   0: 0x80004afa (0x0000a019) c.j     pc + 6
core   0: 0 0x80004afa (0xa019)
core   0: 0x80004b00 (0x0000a811) c.j     pc + 20
core   0: 0 0x80004b00 (0xa811)
core   0: 0x80004b14 (0xffbff0ef) jal     pc - 0x6
core   0: 0 0x80004b14 (0xffbff0ef) x1  0x80004b18
core   0: 0x80004b0e (0xfd7ff36f) jal     t1, pc - 0x2a
core   0: 0 0x80004b0e (0xfd7ff36f) x6  0x80004b12
core   0: 0x80004ae4 (0x0240036f) jal     t1, pc + 0x24
core   0: 0 0x80004ae4 (0x0240036f) x6  0x80004ae8
core   0: 0x80004b08 (0x012000ef) jal     pc + 0x12
core   0: 0 0x80004b08 (0x012000ef) x1  0x80004b0c
core   0: 0x80004b1a (0xfd7ff0ef) jal     pc - 0x2a
core   0: 0 0x80004b1a (0xfd7ff0ef) x1  0x80004b1e
core   0: 0x80004af0 (0x02200e6f) jal     t3, pc + 0x22
core   0: 0 0x80004af0 (0x02200e6f) x28 0x80004af4
core   0: 0x80004b12 (0x0000a019) c.j     pc + 6
core   0: 0 0x80004b12 (0xa019)
core   0: 0x80004b18 (0x00002019) c.jal   pc + 6
core   0: 0 0x80004b18 (0x2019) x1  0x80004b1a
core   0: 0x80004b1e (0xfdfff0ef) jal     pc - 0x22
core   0: 0 0x80004b1e (0xfdfff0ef) x1  0x80004b22
core   0: 0x80004afc (0xff1ff0ef) jal     pc - 0x10
core   0: 0 0x80004afc (0xff1ff0ef) x1  0x80004b00
core   0: 0x80004aec (0x0180036f) jal     t1, pc + 0x18
core   0: 0 0x80004aec (0x0180036f) x6  0x80004af0
core   0: 0x80004b04 (0x0000bffd) c.j     pc - 2
core   0: 0 0x80004b04 (0xbffd)
core   0: 0x80004b02 (0x00002029) c.jal   pc + 10
core   0: 0 0x80004b02 (0x2029) x1  0x80004b04
core   0: 0x80004b0c (0x000037e5) c.jal   pc - 24
core   0: 0 0x80004b0c (0x37e5) x1  0x80004b0e
core   0: 0x80004af4 (0x0000203d) c.jal   pc + 46
core   0: 0 0x80004af4 (0x203d) x1  0x80004af6
core   0: 0x80004b22 (0xba09e513) ori     a0, s3, -1120
core   0: 0 0x80004b22 (0xba09e513) x10 0xffffffec
core   0: 0x80004b26 (0x01c000ef) jal     pc + 0x1c
core   0: 0 0x80004b26 (0x01c000ef) x1  0x80004b2a
core   0: 0x80004b42 (0xff7ff0ef) jal     pc - 0xa
core   0: 0 0x80004b42 (0xff7ff0ef) x1  0x80004b46
core   0: 0x80004b38 (0x0000200d) c.jal   pc + 34
core   0: 0 0x80004b38 (0x200d) x1  0x80004b3a
core   0: 0x80004b5a (0x00003fe5) c.jal   pc - 8
core   0: 0 0x80004b5a (0x3fe5) x1  0x80004b5c
core   0: 0x80004b52 (0x00003ff5) c.jal   pc - 4
core   0: 0 0x80004b52 (0x3ff5) x1  0x80004b54
core   0: 0x80004b4e (0xfedff36f) jal     t1, pc - 0x14
core   0: 0 0x80004b4e (0xfedff36f) x6  0x80004b52
core   0: 0x80004b3a (0xff1ff36f) jal     t1, pc - 0x10
core   0: 0 0x80004b3a (0xff1ff36f) x6  0x80004b3e
core   0: 0x80004b2a (0x00002019) c.jal   pc + 6
core   0: 0 0x80004b2a (0x2019) x1  0x80004b2c
core   0: 0x80004b30 (0x00002819) c.jal   pc + 22
core   0: 0 0x80004b30 (0x2819) x1  0x80004b32
core   0: 0x80004b46 (0x00002009) c.jal   pc + 2
core   0: 0 0x80004b46 (0x2009) x1  0x80004b48
core   0: 0x80004b48 (0x0000bfdd) c.j     pc - 10
core   0: 0 0x80004b48 (0xbfdd)
core   0: 0x80004b3e (0x0000a009) c.j     pc + 2
core   0: 0 0x80004b3e (0xa009)
core   0: 0x80004b40 (0x0000a031) c.j     pc + 12
core   0: 0 0x80004b40 (0xa031)
core   0: 0x80004b4c (0x0000a021) c.j     pc + 8
core   0: 0 0x80004b4c (0xa021)
core   0: 0x80004b54 (0xfd9ff0ef) jal     pc - 0x28
core   0: 0 0x80004b54 (0xfd9ff0ef) x1  0x80004b58
core   0: 0x80004b2c (0x0080036f) jal     t1, pc + 0x8
core   0: 0 0x80004b2c (0x0080036f) x6  0x80004b30
core   0: 0x80004b34 (0x00003ffd) c.jal   pc - 2
core   0: 0 0x80004b34 (0x3ffd) x1  0x80004b36
core   0: 0x80004b32 (0x0000201d) c.jal   pc + 38
core   0: 0 0x80004b32 (0x201d) x1  0x80004b34
core   0: 0x80004b58 (0x0000a011) c.j     pc + 4
core   0: 0 0x80004b58 (0xa011)
core   0: 0x80004b5c (0x00003fe9) c.jal   pc - 38
core   0: 0 0x80004b5c (0x3fe9) x1  0x80004b5e
core   0: 0x80004b36 (0x00002811) c.jal   pc + 20
core   0: 0 0x80004b36 (0x2811) x1  0x80004b38
core   0: 0x80004b4a (0x00002811) c.jal   pc + 20
core   0: 0 0x80004b4a (0x2811) x1  0x80004b4c
core   0: 0x80004b5e (0xae5f6393) ori     t2, t5, -1307
core   0: 0 0x80004b5e (0xae5f6393) x7  0xfffffae5
core   0: 0x80004b62 (0x008000ef) jal     pc + 0x8
core   0: 0 0x80004b62 (0x008000ef) x1  0x80004b66
core   0: 0x80004b6a (0x00002811) c.jal   pc + 20
core   0: 0 0x80004b6a (0x2811) x1  0x80004b6c
core   0: 0x80004b7e (0xfebff36f) jal     t1, pc - 0x16
core   0: 0 0x80004b7e (0xfebff36f) x6  0x80004b82
core   0: 0x80004b68 (0x0000203d) c.jal   pc + 46
core   0: 0 0x80004b68 (0x203d) x1  0x80004b6a
core   0: 0x80004b96 (0x000037dd) c.jal   pc - 26
core   0: 0 0x80004b96 (0x37dd) x1  0x80004b98
core   0: 0x80004b7c (0x00003fed) c.jal   pc - 6
core   0: 0 0x80004b7c (0x3fed) x1  0x80004b7e
core   0: 0x80004b76 (0x0000a011) c.j     pc + 4
core   0: 0 0x80004b76 (0xa011)
core   0: 0x80004b7a (0x00002031) c.jal   pc + 12
core   0: 0 0x80004b7a (0x2031) x1  0x80004b7c
core   0: 0x80004b86 (0x00002021) c.jal   pc + 8
core   0: 0 0x80004b86 (0x2021) x1  0x80004b88
core   0: 0x80004b8e (0x0000bfd5) c.j     pc - 12
core   0: 0 0x80004b8e (0xbfd5)
core   0: 0x80004b82 (0xfe5ff0ef) jal     pc - 0x1c
core   0: 0 0x80004b82 (0xfe5ff0ef) x1  0x80004b86
core   0: 0x80004b66 (0x0000a02d) c.j     pc + 42
core   0: 0 0x80004b66 (0xa02d)
core   0: 0x80004b90 (0xfddffcef) jal     s9, pc - 0x24
core   0: 0 0x80004b90 (0xfddffcef) x25 0x80004b94
core   0: 0x80004b6c (0x028000ef) jal     pc + 0x28
core   0: 0 0x80004b6c (0x028000ef) x1  0x80004b70
core   0: 0x80004b94 (0x0000bff1) c.j     pc - 36
core   0: 0 0x80004b94 (0xbff1)
core   0: 0x80004b70 (0x0180036f) jal     t1, pc + 0x18
core   0: 0 0x80004b70 (0x0180036f) x6  0x80004b74
core   0: 0x80004b88 (0x0000bfc5) c.j     pc - 16
core   0: 0 0x80004b88 (0xbfc5)
core   0: 0x80004b78 (0x0000a015) c.j     pc + 36
core   0: 0 0x80004b78 (0xa015)
core   0: 0x80004b9c (0xffdff46f) jal     s0, pc - 0x4
core   0: 0 0x80004b9c (0xffdff46f) x8  0x80004ba0
core   0: 0x80004b98 (0x00002009) c.jal   pc + 2
core   0: 0 0x80004b98 (0x2009) x1  0x80004b9a
core   0: 0x80004b9a (0x00002019) c.jal   pc + 6
core   0: 0 0x80004b9a (0x2019) x1  0x80004b9c
core   0: 0x80004ba0 (0x0000b7ed) c.j     pc - 22
core   0: 0 0x80004ba0 (0xb7ed)
core   0: 0x80004b8a (0xfebff36f) jal     t1, pc - 0x16
core   0: 0 0x80004b8a (0xfebff36f) x6  0x80004b8e
core   0: 0x80004b74 (0x0000a03d) c.j     pc + 46
core   0: 0 0x80004b74 (0xa03d)
core   0: 0x80004ba2 (0x00000fd6) c.slli  t6, 21
core   0: 0 0x80004ba2 (0x0fd6) x31 0xb0800000
core   0: 0x80004ba4 (0x028000ef) jal     pc + 0x28
core   0: 0 0x80004ba4 (0x028000ef) x1  0x80004ba8
core   0: 0x80004bcc (0x00002039) c.jal   pc + 14
core   0: 0 0x80004bcc (0x2039) x1  0x80004bce
core   0: 0x80004bda (0x000037c5) c.jal   pc - 32
core   0: 0 0x80004bda (0x37c5) x1  0x80004bdc
core   0: 0x80004bba (0x00003fed) c.jal   pc - 6
core   0: 0 0x80004bba (0x3fed) x1  0x80004bbc
core   0: 0x80004bb4 (0x00e000ef) jal     pc + 0xe
core   0: 0 0x80004bb4 (0x00e000ef) x1  0x80004bb8
core   0: 0x80004bc2 (0x0000a00d) c.j     pc + 34
core   0: 0 0x80004bc2 (0xa00d)
core   0: 0x80004be4 (0xfcdff46f) jal     s0, pc - 0x34
core   0: 0 0x80004be4 (0xfcdff46f) x8  0x80004be8
core   0: 0x80004bb0 (0x0000201d) c.jal   pc + 38
core   0: 0 0x80004bb0 (0x201d) x1  0x80004bb2
core   0: 0x80004bd6 (0x00002009) c.jal   pc + 2
core   0: 0 0x80004bd6 (0x2009) x1  0x80004bd8
core   0: 0x80004bd8 (0x0000a811) c.j     pc + 20
core   0: 0 0x80004bd8 (0xa811)
core   0: 0x80004bec (0x0000b7cd) c.j     pc - 30
core   0: 0 0x80004bec (0xb7cd)
core   0: 0x80004bce (0x000037fd) c.jal   pc - 18
core   0: 0 0x80004bce (0x37fd) x1  0x80004bd0
core   0: 0x80004bbc (0xfedff0ef) jal     pc - 0x14
core   0: 0 0x80004bbc (0xfedff0ef) x1  0x80004bc0
core   0: 0x80004ba8 (0x020000ef) jal     pc + 0x20
core   0: 0 0x80004ba8 (0x020000ef) x1  0x80004bac
core   0: 0x80004bc8 (0x00002811) c.jal   pc + 20
core   0: 0 0x80004bc8 (0x2811) x1  0x80004bca
core   0: 0x80004bdc (0xff5ff36f) jal     t1, pc - 0xc
core   0: 0 0x80004bdc (0xff5ff36f) x6  0x80004be0
core   0: 0x80004bd0 (0x0100036f) jal     t1, pc + 0x10
core   0: 0 0x80004bd0 (0x0100036f) x6  0x80004bd4
core   0: 0x80004be0 (0x00002039) c.jal   pc + 14
core   0: 0 0x80004be0 (0x2039) x1  0x80004be2
core   0: 0x80004bee (0x00003ff1) c.jal   pc - 36
core   0: 0 0x80004bee (0x3ff1) x1  0x80004bf0
core   0: 0x80004bca (0x0000b7e5) c.j     pc - 24
core   0: 0 0x80004bca (0xb7e5)
core   0: 0x80004bb2 (0x0000a825) c.j     pc + 56
core   0: 0 0x80004bb2 (0xa825)
core   0: 0x80004bea (0x0000b7f9) c.j     pc - 50
core   0: 0 0x80004bea (0xb7f9)
core   0: 0x80004bb8 (0x0000a831) c.j     pc + 28
core   0: 0 0x80004bb8 (0xa831)
core   0: 0x80004bd4 (0x0000a811) c.j     pc + 20
core   0: 0 0x80004bd4 (0xa811)
core   0: 0x80004be8 (0x00003ff1) c.jal   pc - 36
core   0: 0 0x80004be8 (0x3ff1) x1  0x80004bea
core   0: 0x80004bc4 (0xffdff0ef) jal     pc - 0x4
core   0: 0 0x80004bc4 (0xffdff0ef) x1  0x80004bc8
core   0: 0x80004bc0 (0x0000a00d) c.j     pc + 34
core   0: 0 0x80004bc0 (0xa00d)
core   0: 0x80004be2 (0x000037e9) c.jal   pc - 54
core   0: 0 0x80004be2 (0x37e9) x1  0x80004be4
core   0: 0x80004bac (0x04400e6f) jal     t3, pc + 0x44
core   0: 0 0x80004bac (0x04400e6f) x28 0x80004bb0
core   0: 0x80004bf0 (0x000083fe) c.mv    t2, t6
core   0: 0 0x80004bf0 (0x83fe) x7  0xb0800000
core   0: 0x80004bf2 (0x03e000ef) jal     pc + 0x3e
core   0: 0 0x80004bf2 (0x03e000ef) x1  0x80004bf6
core   0: 0x80004c30 (0xfebff0ef) jal     pc - 0x16
core   0: 0 0x80004c30 (0xfebff0ef) x1  0x80004c34
core   0: 0x80004c1a (0x00003ff1) c.jal   pc - 36
core   0: 0 0x80004c1a (0x3ff1) x1  0x80004c1c
core   0: 0x80004bf6 (0x00002009) c.jal   pc + 2
core   0: 0 0x80004bf6 (0x2009) x1  0x80004bf8
core   0: 0x80004bf8 (0x00002819) c.jal   pc + 22
core   0: 0 0x80004bf8 (0x2819) x1  0x80004bfa
core   0: 0x80004c0e (0x00002831) c.jal   pc + 28
core   0: 0 0x80004c0e (0x2831) x1  0x80004c10
core   0: 0x80004c2a (0x00002009) c.jal   pc + 2
core   0: 0 0x80004c2a (0x2009) x1  0x80004c2c
core   0: 0x80004c2c (0xfebff0ef) jal     pc - 0x16
core   0: 0 0x80004c2c (0xfebff0ef) x1  0x80004c30
core   0: 0x80004c16 (0x00003fed) c.jal   pc - 6
core   0: 0 0x80004c16 (0x3fed) x1  0x80004c18
core   0: 0x80004c10 (0x00002801) c.jal   pc + 16
core   0: 0 0x80004c10 (0x2801) x1  0x80004c12
core   0: 0x80004c20 (0x0000b7c5) c.j     pc - 32
core   0: 0 0x80004c20 (0xb7c5)
core   0: 0x80004c00 (0x0260036f) jal     t1, pc + 0x26
core   0: 0 0x80004c00 (0x0260036f) x6  0x80004c04
core   0: 0x80004c26 (0xfe3ff0ef) jal     pc - 0x1e
core   0: 0 0x80004c26 (0xfe3ff0ef) x1  0x80004c2a
core   0: 0x80004c08 (0x00003ff5) c.jal   pc - 4
core   0: 0 0x80004c08 (0x3ff5) x1  0x80004c0a
core   0: 0x80004c04 (0x03a002ef) jal     t0, pc + 0x3a
core   0: 0 0x80004c04 (0x03a002ef) x5  0x80004c08
core   0: 0x80004c3e (0x00003f75) c.jal   pc - 68
core   0: 0 0x80004c3e (0x3f75) x1  0x80004c40
core   0: 0x80004bfa (0x00002009) c.jal   pc + 2
core   0: 0 0x80004bfa (0x2009) x1  0x80004bfc
core   0: 0x80004bfc (0x016000ef) jal     pc + 0x16
core   0: 0 0x80004bfc (0x016000ef) x1  0x80004c00
core   0: 0x80004c12 (0x0000a801) c.j     pc + 16
core   0: 0 0x80004c12 (0xa801)
core   0: 0x80004c22 (0x0000bfdd) c.j     pc - 10
core   0: 0 0x80004c22 (0xbfdd)
core   0: 0x80004c18 (0x00002031) c.jal   pc + 12
core   0: 0 0x80004c18 (0x2031) x1  0x80004c1a
core   0: 0x80004c24 (0x00002801) c.jal   pc + 16
core   0: 0 0x80004c24 (0x2801) x1  0x80004c26
core   0: 0x80004c34 (0xfd9ff0ef) jal     pc - 0x28
core   0: 0 0x80004c34 (0xfd9ff0ef) x1  0x80004c38
core   0: 0x80004c0c (0x00003ffd) c.jal   pc - 2
core   0: 0 0x80004c0c (0x3ffd) x1  0x80004c0e
core   0: 0x80004c0a (0x00002029) c.jal   pc + 10
core   0: 0 0x80004c0a (0x2029) x1  0x80004c0c
core   0: 0x80004c14 (0x00002029) c.jal   pc + 10
core   0: 0 0x80004c14 (0x2029) x1  0x80004c16
core   0: 0x80004c1e (0x00003ffd) c.jal   pc - 2
core   0: 0 0x80004c1e (0x3ffd) x1  0x80004c20
core   0: 0x80004c1c (0x00002005) c.jal   pc + 32
core   0: 0 0x80004c1c (0x2005) x1  0x80004c1e
core   0: 0x80004c3c (0x0000bff5) c.j     pc - 4
core   0: 0 0x80004c3c (0xbff5)
core   0: 0x80004c38 (0x008000ef) jal     pc + 0x8
core   0: 0 0x80004c38 (0x008000ef) x1  0x80004c3c
core   0: 0x80004c40 (0x00001f7d) c.addi  t5, -1
core   0: 0 0x80004c40 (0x1f7d) x30 0x80004aa3
core   0: 0x80004c42 (0x012000ef) jal     pc + 0x12
core   0: 0 0x80004c42 (0x012000ef) x1  0x80004c46
core   0: 0x80004c54 (0xff5ff2ef) jal     t0, pc - 0xc
core   0: 0 0x80004c54 (0xff5ff2ef) x5  0x80004c58
core   0: 0x80004c48 (0x0000a005) c.j     pc + 32
core   0: 0 0x80004c48 (0xa005)
core   0: 0x80004c68 (0x00003fed) c.jal   pc - 6
core   0: 0 0x80004c68 (0x3fed) x1  0x80004c6a
core   0: 0x80004c62 (0xff1ff0ef) jal     pc - 0x10
core   0: 0 0x80004c62 (0xff1ff0ef) x1  0x80004c66
core   0: 0x80004c52 (0x00003ff5) c.jal   pc - 4
core   0: 0 0x80004c52 (0x3ff5) x1  0x80004c54
core   0: 0x80004c4e (0x0000a801) c.j     pc + 16
core   0: 0 0x80004c4e (0xa801)
core   0: 0x80004c5e (0xfe9ff0ef) jal     pc - 0x18
core   0: 0 0x80004c5e (0xfe9ff0ef) x1  0x80004c62
core   0: 0x80004c46 (0x00002011) c.jal   pc + 4
core   0: 0 0x80004c46 (0x2011) x1  0x80004c48
core   0: 0x80004c4a (0x01c000ef) jal     pc + 0x1c
core   0: 0 0x80004c4a (0x01c000ef) x1  0x80004c4e
core   0: 0x80004c66 (0x0000b7ed) c.j     pc - 22
core   0: 0 0x80004c66 (0xb7ed)
core   0: 0x80004c50 (0x0000a021) c.j     pc + 8
core   0: 0 0x80004c50 (0xa021)
core   0: 0x80004c58 (0x004008ef) jal     a7, pc + 0x4
core   0: 0 0x80004c58 (0x004008ef) x17 0x80004c5c
core   0: 0x80004c5c (0x0000a039) c.j     pc + 14
core   0: 0 0x80004c5c (0xa039)
core   0: 0x80004c6a (0x00000bde) c.slli  s7, 23
core   0: 0 0x80004c6a (0x0bde) x23 0x5e000000
core   0: 0x80004c6c (0x010000ef) jal     pc + 0x10
core   0: 0 0x80004c6c (0x010000ef) x1  0x80004c70
core   0: 0x80004c7c (0x00002009) c.jal   pc + 2
core   0: 0 0x80004c7c (0x2009) x1  0x80004c7e
core   0: 0x80004c7e (0x0000a029) c.j     pc + 10
core   0: 0 0x80004c7e (0xa029)
core   0: 0x80004c88 (0xffbff36f) jal     t1, pc - 0x6
core   0: 0 0x80004c88 (0xffbff36f) x6  0x80004c8c
core   0: 0x80004c82 (0x00003ffd) c.jal   pc - 2
core   0: 0 0x80004c82 (0x3ffd) x1  0x80004c84
core   0: 0x80004c80 (0x0000a019) c.j     pc + 6
core   0: 0 0x80004c80 (0xa019)
core   0: 0x80004c86 (0x0000bffd) c.j     pc - 2
core   0: 0 0x80004c86 (0xbffd)
core   0: 0x80004c84 (0x0000bfc5) c.j     pc - 16
core   0: 0 0x80004c84 (0xbfc5)
core   0: 0x80004c74 (0x00002019) c.jal   pc + 6
core   0: 0 0x80004c74 (0x2019) x1  0x80004c76
core   0: 0x80004c7a (0x0000bfdd) c.j     pc - 10
core   0: 0 0x80004c7a (0xbfdd)
core   0: 0x80004c70 (0x022000ef) jal     pc + 0x22
core   0: 0 0x80004c70 (0x022000ef) x1  0x80004c74
core   0: 0x80004c92 (0xfe5ff36f) jal     t1, pc - 0x1c
core   0: 0 0x80004c92 (0xfe5ff36f) x6  0x80004c96
core   0: 0x80004c76 (0x016000ef) jal     pc + 0x16
core   0: 0 0x80004c76 (0x016000ef) x1  0x80004c7a
core   0: 0x80004c8c (0x0000a009) c.j     pc + 2
core   0: 0 0x80004c8c (0xa009)
core   0: 0x80004c8e (0x00800c6f) jal     s8, pc + 0x8
core   0: 0 0x80004c8e (0x00800c6f) x24 0x80004c92
core   0: 0x80004c96 (0x00008d01) c.sub   a0, s0
core   0: 0 0x80004c96 (0x8d01) x10 0x7fffb404
core   0: 0x80004c98 (0x03c000ef) jal     pc + 0x3c
core   0: 0 0x80004c98 (0x03c000ef) x1  0x80004c9c
core   0: 0x80004cd4 (0x000037d5) c.jal   pc - 28
core   0: 0 0x80004cd4 (0x37d5) x1  0x80004cd6
core   0: 0x80004cb8 (0xfe7ff1ef) jal     gp, pc - 0x1a
core   0: 0 0x80004cb8 (0xfe7ff1ef) x3  0x80004cbc
core   0: 0x80004c9e (0x022000ef) jal     pc + 0x22
core   0: 0 0x80004c9e (0x022000ef) x1  0x80004ca2
core   0: 0x80004cc0 (0x01e00c6f) jal     s8, pc + 0x1e
core   0: 0 0x80004cc0 (0x01e00c6f) x24 0x80004cc4
core   0: 0x80004cde (0xfd7ff0ef) jal     pc - 0x2a
core   0: 0 0x80004cde (0xfd7ff0ef) x1  0x80004ce2
core   0: 0x80004cb4 (0xff7ff36f) jal     t1, pc - 0xa
core   0: 0 0x80004cb4 (0xff7ff36f) x6  0x80004cb8
core   0: 0x80004caa (0x0000a83d) c.j     pc + 62
core   0: 0 0x80004caa (0xa83d)
core   0: 0x80004ce8 (0xfebff0ef) jal     pc - 0x16
core   0: 0 0x80004ce8 (0xfebff0ef) x1  0x80004cec
core   0: 0x80004cd2 (0x0000b7e9) c.j     pc - 54
core   0: 0 0x80004cd2 (0xb7e9)
core   0: 0x80004c9c (0x0000a80d) c.j     pc + 50
core   0: 0 0x80004c9c (0xa80d)
core   0: 0x80004cce (0xff9ff0ef) jal     pc - 0x8
core   0: 0 0x80004cce (0xff9ff0ef) x1  0x80004cd2
core   0: 0x80004cc6 (0x0000201d) c.jal   pc + 38
core   0: 0 0x80004cc6 (0x201d) x1  0x80004cc8
core   0: 0x80004cec (0x0000b7f5) c.j     pc - 20
core   0: 0 0x80004cec (0xb7f5)
core   0: 0x80004cd8 (0xfcbff7ef) jal     a5, pc - 0x36
core   0: 0 0x80004cd8 (0xfcbff7ef) x15 0x80004cdc
core   0: 0x80004ca2 (0x0000a00d) c.j     pc + 34
core   0: 0 0x80004ca2 (0xa00d)
core   0: 0x80004cc4 (0x00002839) c.jal   pc + 30
core   0: 0 0x80004cc4 (0x2839) x1  0x80004cc6
core   0: 0x80004ce2 (0xfe9ff0ef) jal     pc - 0x18
core   0: 0 0x80004ce2 (0xfe9ff0ef) x1  0x80004ce6
core   0: 0x80004cca (0x0240036f) jal     t1, pc + 0x24
core   0: 0 0x80004cca (0x0240036f) x6  0x80004cce
core   0: 0x80004cee (0x000037f9) c.jal   pc - 50
core   0: 0 0x80004cee (0x37f9) x1  0x80004cf0
core   0: 0x80004cbc (0xff3ff0ef) jal     pc - 0xe
core   0: 0 0x80004cbc (0xff3ff0ef) x1  0x80004cc0
core   0: 0x80004cae (0xffbff0ef) jal     pc - 0x6
core   0: 0 0x80004cae (0xffbff0ef) x1  0x80004cb2
core   0: 0x80004ca8 (0x0000a005) c.j     pc + 32
core   0: 0 0x80004ca8 (0xa005)
core   0: 0x80004cc8 (0x00003ff9) c.jal   pc - 34
core   0: 0 0x80004cc8 (0x3ff9) x1  0x80004cca
core   0: 0x80004ca6 (0x0000a031) c.j     pc + 12
core   0: 0 0x80004ca6 (0xa031)
core   0: 0x80004cb2 (0x00003fcd) c.jal   pc - 14
core   0: 0 0x80004cb2 (0x3fcd) x1  0x80004cb4
core   0: 0x80004ca4 (0x0000a80d) c.j     pc + 50
core   0: 0 0x80004ca4 (0xa80d)
core   0: 0x80004cd6 (0x0000bfd9) c.j     pc - 42
core   0: 0 0x80004cd6 (0xbfd9)
core   0: 0x80004cac (0x0000a82d) c.j     pc + 58
core   0: 0 0x80004cac (0xa82d)
core   0: 0x80004ce6 (0x0000bfdd) c.j     pc - 10
core   0: 0 0x80004ce6 (0xbfdd)
core   0: 0x80004cdc (0x00002811) c.jal   pc + 20
core   0: 0 0x80004cdc (0x2811) x1  0x80004cde
core   0: 0x80004cf0 (0x0000898e) c.mv    s3, gp
core   0: 0 0x80004cf0 (0x898e) x19 0x80004cbc
core   0: 0x80004cf2 (0x026000ef) jal     pc + 0x26
core   0: 0 0x80004cf2 (0x026000ef) x1  0x80004cf6
core   0: 0x80004d18 (0xfe7ff0ef) jal     pc - 0x1a
core   0: 0 0x80004d18 (0xfe7ff0ef) x1  0x80004d1c
core   0: 0x80004cfe (0x00002009) c.jal   pc + 2
core   0: 0 0x80004cfe (0x2009) x1  0x80004d00
core   0: 0x80004d00 (0x0000a011) c.j     pc + 4
core   0: 0 0x80004d00 (0xa011)
core   0: 0x80004d04 (0x00003ffd) c.jal   pc - 2
core   0: 0 0x80004d04 (0x3ffd) x1  0x80004d06
core   0: 0x80004d02 (0x00002811) c.jal   pc + 20
core   0: 0 0x80004d02 (0x2811) x1  0x80004d04
core   0: 0x80004d16 (0x00003fcd) c.jal   pc - 14
core   0: 0 0x80004d16 (0x3fcd) x1  0x80004d18
core   0: 0x80004d08 (0x0000bfcd) c.j     pc - 14
core   0: 0 0x80004d08 (0xbfcd)
core   0: 0x80004cfa (0xffdff56f) jal     a0, pc - 0x4
core   0: 0 0x80004cfa (0xffdff56f) x10 0x80004cfe
core   0: 0x80004cf6 (0x014000ef) jal     pc + 0x14
core   0: 0 0x80004cf6 (0x014000ef) x1  0x80004cfa
core   0: 0x80004d0a (0x0000a021) c.j     pc + 8
core   0: 0 0x80004d0a (0xa021)
core   0: 0x80004d12 (0xffdfff6f) jal     t5, pc - 0x4
core   0: 0 0x80004d12 (0xffdfff6f) x30 0x80004d16
core   0: 0x80004d0e (0x00003ffd) c.jal   pc - 2
core   0: 0 0x80004d0e (0x3ffd) x1  0x80004d10
core   0: 0x80004d0c (0x0000bfed) c.j     pc - 6
core   0: 0 0x80004d0c (0xbfed)
core   0: 0x80004d06 (0x0000a029) c.j     pc + 10
core   0: 0 0x80004d06 (0xa029)
core   0: 0x80004d10 (0x00002031) c.jal   pc + 12
core   0: 0 0x80004d10 (0x2031) x1  0x80004d12
core   0: 0x80004d1c (0x00000001) c.nop
core   0: 0 0x80004d1c (0x0001)
core   0: 0x80004d1e (0x01a000ef) jal     pc + 0x1a
core   0: 0 0x80004d1e (0x01a000ef) x1  0x80004d22
core   0: 0x80004d38 (0x00002005) c.jal   pc + 32
core   0: 0 0x80004d38 (0x2005) x1  0x80004d3a
core   0: 0x80004d58 (0x0000b7d5) c.j     pc - 28
core   0: 0 0x80004d58 (0xb7d5)
core   0: 0x80004d3c (0xff7ff2ef) jal     t0, pc - 0xa
core   0: 0 0x80004d3c (0xff7ff2ef) x5  0x80004d40
core   0: 0x80004d32 (0x00003fd5) c.jal   pc - 12
core   0: 0 0x80004d32 (0x3fd5) x1  0x80004d34
core   0: 0x80004d26 (0x00003ff5) c.jal   pc - 4
core   0: 0 0x80004d26 (0x3ff5) x1  0x80004d28
core   0: 0x80004d22 (0x026004ef) jal     s1, pc + 0x26
core   0: 0 0x80004d22 (0x026004ef) x9  0x80004d26
core   0: 0x80004d48 (0x004000ef) jal     pc + 0x4
core   0: 0 0x80004d48 (0x004000ef) x1  0x80004d4c
core   0: 0x80004d4c (0xff7ff0ef) jal     pc - 0xa
core   0: 0 0x80004d4c (0xff7ff0ef) x1  0x80004d50
core   0: 0x80004d42 (0x00002009) c.jal   pc + 2
core   0: 0 0x80004d42 (0x2009) x1  0x80004d44
core   0: 0x80004d44 (0x0000a801) c.j     pc + 16
core   0: 0 0x80004d44 (0xa801)
core   0: 0x80004d54 (0x00003fe1) c.jal   pc - 40
core   0: 0 0x80004d54 (0x3fe1) x1  0x80004d56
core   0: 0x80004d2c (0x00002011) c.jal   pc + 4
core   0: 0 0x80004d2c (0x2011) x1  0x80004d2e
core   0: 0x80004d30 (0x0000201d) c.jal   pc + 38
core   0: 0 0x80004d30 (0x201d) x1  0x80004d32
core   0: 0x80004d56 (0x0000a021) c.j     pc + 8
core   0: 0 0x80004d56 (0xa021)
core   0: 0x80004d5e (0xff3ff0ef) jal     pc - 0xe
core   0: 0 0x80004d5e (0xff3ff0ef) x1  0x80004d62
core   0: 0x80004d50 (0x00c0036f) jal     t1, pc + 0xc
core   0: 0 0x80004d50 (0x00c0036f) x6  0x80004d54
core   0: 0x80004d5c (0x0000a019) c.j     pc + 6
core   0: 0 0x80004d5c (0xa019)
core   0: 0x80004d62 (0xfd9ff0ef) jal     pc - 0x28
core   0: 0 0x80004d62 (0xfd9ff0ef) x1  0x80004d66
core   0: 0x80004d3a (0x00002035) c.jal   pc + 44
core   0: 0 0x80004d3a (0x2035) x1  0x80004d3c
core   0: 0x80004d66 (0xfdbff36f) jal     t1, pc - 0x26
core   0: 0 0x80004d66 (0xfdbff36f) x6  0x80004d6a
core   0: 0x80004d40 (0x0000a019) c.j     pc + 6
core   0: 0 0x80004d40 (0xa019)
core   0: 0x80004d46 (0x0000a811) c.j     pc + 20
core   0: 0 0x80004d46 (0xa811)
core   0: 0x80004d5a (0x0000bfd1) c.j     pc - 44
core   0: 0 0x80004d5a (0xbfd1)
core   0: 0x80004d2e (0x0000a019) c.j     pc + 6
core   0: 0 0x80004d2e (0xa019)
core   0: 0x80004d34 (0x00003fd5) c.jal   pc - 12
core   0: 0 0x80004d34 (0x3fd5) x1  0x80004d36
core   0: 0x80004d28 (0x00e001ef) jal     gp, pc + 0xe
core   0: 0 0x80004d28 (0x00e001ef) x3  0x80004d2c
core   0: 0x80004d36 (0x00002815) c.jal   pc + 52
core   0: 0 0x80004d36 (0x2815) x1  0x80004d38
core   0: 0x80004d6a (0x00000185) c.addi  gp, 1
core   0: 0 0x80004d6a (0x0185) x3  0x80004d2d
core   0: 0x80004d6c (0x010000ef) jal     pc + 0x10
core   0: 0 0x80004d6c (0x010000ef) x1  0x80004d70
core   0: 0x80004d7c (0x0000a019) c.j     pc + 6
core   0: 0 0x80004d7c (0xa019)
core   0: 0x80004d82 (0x0000a039) c.j     pc + 14
core   0: 0 0x80004d82 (0xa039)
core   0: 0x80004d90 (0x000037dd) c.jal   pc - 26
core   0: 0 0x80004d90 (0x37dd) x1  0x80004d92
core   0: 0x80004d76 (0x0000a005) c.j     pc + 32
core   0: 0 0x80004d76 (0xa005)
core   0: 0x80004d96 (0x0040036f) jal     t1, pc + 0x4
core   0: 0 0x80004d96 (0x0040036f) x6  0x80004d9a
core   0: 0x80004d9a (0xff5ff0ef) jal     pc - 0xc
core   0: 0 0x80004d9a (0xff5ff0ef) x1  0x80004d9e
core   0: 0x80004d8e (0x0000a011) c.j     pc + 4
core   0: 0 0x80004d8e (0xa011)
core   0: 0x80004d92 (0x01e00c6f) jal     s8, pc + 0x1e
core   0: 0 0x80004d92 (0x01e00c6f) x24 0x80004d96
core   0: 0x80004db0 (0x00003fcd) c.jal   pc - 14
core   0: 0 0x80004db0 (0x3fcd) x1  0x80004db2
core   0: 0x80004da2 (0xfdfff36f) jal     t1, pc - 0x22
core   0: 0 0x80004da2 (0xfdfff36f) x6  0x80004da6
core   0: 0x80004d80 (0x0000a035) c.j     pc + 44
core   0: 0 0x80004d80 (0xa035)
core   0: 0x80004dac (0x00003fcd) c.jal   pc - 14
core   0: 0 0x80004dac (0x3fcd) x1  0x80004dae
core   0: 0x80004d9e (0xfdbff36f) jal     t1, pc - 0x26
core   0: 0 0x80004d9e (0xfdbff36f) x6  0x80004da2
core   0: 0x80004d78 (0x0000203d) c.jal   pc + 46
core   0: 0 0x80004d78 (0x203d) x1  0x80004d7a
core   0: 0x80004da6 (0x0000bfe1) c.j     pc - 40
core   0: 0 0x80004da6 (0xbfe1)
core   0: 0x80004d7e (0x00002039) c.jal   pc + 14
core   0: 0 0x80004d7e (0x2039) x1  0x80004d80
core   0: 0x80004d8c (0x0000200d) c.jal   pc + 34
core   0: 0 0x80004d8c (0x200d) x1  0x80004d8e
core   0: 0x80004dae (0x0000bfd9) c.j     pc - 42
core   0: 0 0x80004dae (0xbfd9)
core   0: 0x80004d84 (0x0240026f) jal     tp, pc + 0x24
core   0: 0 0x80004d84 (0x0240026f) x4  0x80004d88
core   0: 0x80004da8 (0xfcbff0ef) jal     pc - 0x36
core   0: 0 0x80004da8 (0xfcbff0ef) x1  0x80004dac
core   0: 0x80004d72 (0xfffff0ef) jal     pc - 0x2
core   0: 0 0x80004d72 (0xfffff0ef) x1  0x80004d76
core   0: 0x80004d70 (0x0000a089) c.j     pc + 66
core   0: 0 0x80004d70 (0xa089)
core   0: 0x80004db2 (0x0000b7e1) c.j     pc - 56
core   0: 0 0x80004db2 (0xb7e1)
core   0: 0x80004d7a (0x0000a039) c.j     pc + 14
core   0: 0 0x80004d7a (0xa039)
core   0: 0x80004d88 (0x02c0046f) jal     s0, pc + 0x2c
core   0: 0 0x80004d88 (0x02c0046f) x8  0x80004d8c
core   0: 0x80004db4 (0x0234f6b3) remu    a3, s1, gp
core   0: 0 0x80004db4 (0x0234f6b3) x13 0x80004d26
core   0: 0x80004db8 (0x022000ef) jal     pc + 0x22
core   0: 0 0x80004db8 (0x022000ef) x1  0x80004dbc
core   0: 0x80004dda (0x0000bffd) c.j     pc - 2
core   0: 0 0x80004dda (0xbffd)
core   0: 0x80004dd8 (0x00003fcd) c.jal   pc - 14
core   0: 0 0x80004dd8 (0x3fcd) x1  0x80004dda
core   0: 0x80004dca (0x00a00fef) jal     t6, pc + 0xa
core   0: 0 0x80004dca (0x00a00fef) x31 0x80004dce
core   0: 0x80004dd4 (0x00002009) c.jal   pc + 2
core   0: 0 0x80004dd4 (0x2009) x1  0x80004dd6
core   0: 0x80004dd6 (0x0000b7dd) c.j     pc - 26
core   0: 0 0x80004dd6 (0xb7dd)
core   0: 0x80004dbc (0x0000a819) c.j     pc + 22
core   0: 0 0x80004dbc (0xa819)
core   0: 0x80004dd2 (0x00002811) c.jal   pc + 20
core   0: 0 0x80004dd2 (0x2811) x1  0x80004dd4
core   0: 0x80004de6 (0x0000bff9) c.j     pc - 34
core   0: 0 0x80004de6 (0xbff9)
core   0: 0x80004dc4 (0x01e0046f) jal     s0, pc + 0x1e
core   0: 0 0x80004dc4 (0x01e0046f) x8  0x80004dc8
core   0: 0x80004de2 (0xfedff0ef) jal     pc - 0x14
core   0: 0 0x80004de2 (0xfedff0ef) x1  0x80004de6
core   0: 0x80004dce (0x00e000ef) jal     pc + 0xe
core   0: 0 0x80004dce (0x00e000ef) x1  0x80004dd2
core   0: 0x80004ddc (0xfe5ff96f) jal     s2, pc - 0x1c
core   0: 0 0x80004ddc (0xfe5ff96f) x18 0x80004de0
core   0: 0x80004dc0 (0x028004ef) jal     s1, pc + 0x28
core   0: 0 0x80004dc0 (0x028004ef) x9  0x80004dc4
core   0: 0x80004de8 (0xff9ff36f) jal     t1, pc - 0x8
core   0: 0 0x80004de8 (0xff9ff36f) x6  0x80004dec
core   0: 0x80004de0 (0x00003ff9) c.jal   pc - 34
core   0: 0 0x80004de0 (0x3ff9) x1  0x80004de2
core   0: 0x80004dbe (0x00002029) c.jal   pc + 10
core   0: 0 0x80004dbe (0x2029) x1  0x80004dc0
core   0: 0x80004dc8 (0x00002015) c.jal   pc + 36
core   0: 0 0x80004dc8 (0x2015) x1  0x80004dca
core   0: 0x80004dec (0x13204d93) xori    s11, zero, 306
core   0: 0 0x80004dec (0x13204d93) x27 0x00000132
core   0: 0x80004df0 (0x026000ef) jal     pc + 0x26
core   0: 0 0x80004df0 (0x026000ef) x1  0x80004df4
core   0: 0x80004e16 (0x0000a819) c.j     pc + 22
core   0: 0 0x80004e16 (0xa819)
core   0: 0x80004e2c (0xfe5ff36f) jal     t1, pc - 0x1c
core   0: 0 0x80004e2c (0xfe5ff36f) x6  0x80004e30
core   0: 0x80004e10 (0xff1ff36f) jal     t1, pc - 0x10
core   0: 0 0x80004e10 (0xff1ff36f) x6  0x80004e14
core   0: 0x80004e00 (0x0000a009) c.j     pc + 2
core   0: 0 0x80004e00 (0xa009)
core   0: 0x80004e02 (0x02000cef) jal     s9, pc + 0x20
core   0: 0 0x80004e02 (0x02000cef) x25 0x80004e06
core   0: 0x80004e22 (0xff3ff36f) jal     t1, pc - 0xe
core   0: 0 0x80004e22 (0xff3ff36f) x6  0x80004e26
core   0: 0x80004e14 (0x00003fed) c.jal   pc - 6
core   0: 0 0x80004e14 (0x3fed) x1  0x80004e16
core   0: 0x80004e0e (0x0000b7f5) c.j     pc - 20
core   0: 0 0x80004e0e (0xb7f5)
core   0: 0x80004dfa (0x0000a031) c.j     pc + 12
core   0: 0 0x80004dfa (0xa031)
core   0: 0x80004e06 (0x0000bfcd) c.j     pc - 14
core   0: 0 0x80004e06 (0xbfcd)
core   0: 0x80004df8 (0x0000a005) c.j     pc + 32
core   0: 0 0x80004df8 (0xa005)
core   0: 0x80004e18 (0xff5ff0ef) jal     pc - 0xc
core   0: 0 0x80004e18 (0xff5ff0ef) x1  0x80004e1c
core   0: 0x80004e0c (0x0000a809) c.j     pc + 18
core   0: 0 0x80004e0c (0xa809)
core   0: 0x80004e1e (0xfffff0ef) jal     pc - 0x2
core   0: 0 0x80004e1e (0xfffff0ef) x1  0x80004e22
core   0: 0x80004e1c (0x0000a811) c.j     pc + 20
core   0: 0 0x80004e1c (0xa811)
core   0: 0x80004e30 (0x0000bfe9) c.j     pc - 38
core   0: 0 0x80004e30 (0xbfe9)
core   0: 0x80004e0a (0x0000bfcd) c.j     pc - 14
core   0: 0 0x80004e0a (0xbfcd)
core   0: 0x80004dfc (0xffbff0ef) jal     pc - 0x6
core   0: 0 0x80004dfc (0xffbff0ef) x1  0x80004e00
core   0: 0x80004df6 (0x0000a805) c.j     pc + 48
core   0: 0 0x80004df6 (0xa805)
core   0: 0x80004e26 (0x0000a009) c.j     pc + 2
core   0: 0 0x80004e26 (0xa009)
core   0: 0x80004e28 (0xfe1ff0ef) jal     pc - 0x20
core   0: 0 0x80004e28 (0xfe1ff0ef) x1  0x80004e2c
core   0: 0x80004e08 (0x0000b7f5) c.j     pc - 20
core   0: 0 0x80004e08 (0xb7f5)
core   0: 0x80004df4 (0x0000a83d) c.j     pc + 62
core   0: 0 0x80004df4 (0xa83d)
core   0: 0x80004e32 (0xd81c2193) slti    gp, s8, -639
core   0: 0 0x80004e32 (0xd81c2193) x3  0x00000001
core   0: 0x80004e36 (0x00e000ef) jal     pc + 0xe
core   0: 0 0x80004e36 (0x00e000ef) x1  0x80004e3a
core   0: 0x80004e44 (0x00003fe5) c.jal   pc - 8
core   0: 0 0x80004e44 (0x3fe5) x1  0x80004e46
core   0: 0x80004e3c (0x00002801) c.jal   pc + 16
core   0: 0 0x80004e3c (0x2801) x1  0x80004e3e
core   0: 0x80004e4c (0x0000bfd5) c.j     pc - 12
core   0: 0 0x80004e4c (0xbfd5)
core   0: 0x80004e40 (0x00002021) c.jal   pc + 8
core   0: 0 0x80004e40 (0x2021) x1  0x80004e42
core   0: 0x80004e48 (0xff7ff0ef) jal     pc - 0xa
core   0: 0 0x80004e48 (0xff7ff0ef) x1  0x80004e4c
core   0: 0x80004e3e (0x0000a021) c.j     pc + 8
core   0: 0 0x80004e3e (0xa021)
core   0: 0x80004e46 (0x00002021) c.jal   pc + 8
core   0: 0 0x80004e46 (0x2021) x1  0x80004e48
core   0: 0x80004e4e (0x0000a009) c.j     pc + 2
core   0: 0 0x80004e4e (0xa009)
core   0: 0x80004e50 (0x00003fcd) c.jal   pc - 14
core   0: 0 0x80004e50 (0x3fcd) x1  0x80004e52
core   0: 0x80004e42 (0x0000bfe5) c.j     pc - 8
core   0: 0 0x80004e42 (0xbfe5)
core   0: 0x80004e3a (0x0000a821) c.j     pc + 24
core   0: 0 0x80004e3a (0xa821)
core   0: 0x80004e52 (0x00000bd9) c.addi  s7, 22
core   0: 0 0x80004e52 (0x0bd9) x23 0x5e000016
core   0: 0x80004e54 (0x00c000ef) jal     pc + 0xc
core   0: 0 0x80004e54 (0x00c000ef) x1  0x80004e58
core   0: 0x80004e60 (0x0000a035) c.j     pc + 44
core   0: 0 0x80004e60 (0xa035)
core   0: 0x80004e8c (0x00003fe1) c.jal   pc - 40
core   0: 0 0x80004e8c (0x3fe1) x1  0x80004e8e
core   0: 0x80004e64 (0x0000a005) c.j     pc + 32
core   0: 0 0x80004e64 (0xa005)
core   0: 0x80004e84 (0x0000bfe1) c.j     pc - 40
core   0: 0 0x80004e84 (0xbfe1)
core   0: 0x80004e5c (0x02c007ef) jal     a5, pc + 0x2c
core   0: 0 0x80004e5c (0x02c007ef) x15 0x80004e60
core   0: 0x80004e88 (0x00600a6f) jal     s4, pc + 0x6
core   0: 0 0x80004e88 (0x00600a6f) x20 0x80004e8c
core   0: 0x80004e8e (0x0000b7fd) c.j     pc - 18
core   0: 0 0x80004e8e (0xb7fd)
core   0: 0x80004e7c (0xfefff36f) jal     t1, pc - 0x12
core   0: 0 0x80004e7c (0xfefff36f) x6  0x80004e80
core   0: 0x80004e6a (0x0000a039) c.j     pc + 14
core   0: 0 0x80004e6a (0xa039)
core   0: 0x80004e78 (0xffbff1ef) jal     gp, pc - 0x6
core   0: 0 0x80004e78 (0xffbff1ef) x3  0x80004e7c
core   0: 0x80004e72 (0x000037dd) c.jal   pc - 26
core   0: 0 0x80004e72 (0x37dd) x1  0x80004e74
core   0: 0x80004e58 (0x0280096f) jal     s2, pc + 0x28
core   0: 0 0x80004e58 (0x0280096f) x18 0x80004e5c
core   0: 0x80004e80 (0xfe7ff2ef) jal     t0, pc - 0x1a
core   0: 0 0x80004e80 (0xfe7ff2ef) x5  0x80004e84
core   0: 0x80004e66 (0x0000a005) c.j     pc + 32
core   0: 0 0x80004e66 (0xa005)
core   0: 0x80004e86 (0x00002029) c.jal   pc + 10
core   0: 0 0x80004e86 (0x2029) x1  0x80004e88
core   0: 0x80004e90 (0x0000a009) c.j     pc + 2
core   0: 0 0x80004e90 (0xa009)
core   0: 0x80004e92 (0x00003fc1) c.jal   pc - 48
core   0: 0 0x80004e92 (0x3fc1) x1  0x80004e94
core   0: 0x80004e62 (0x00002029) c.jal   pc + 10
core   0: 0 0x80004e62 (0x2029) x1  0x80004e64
core   0: 0x80004e6c (0xffdff86f) jal     a6, pc - 0x4
core   0: 0 0x80004e6c (0xffdff86f) x16 0x80004e70
core   0: 0x80004e68 (0x00002031) c.jal   pc + 12
core   0: 0 0x80004e68 (0x2031) x1  0x80004e6a
core   0: 0x80004e74 (0xffdff1ef) jal     gp, pc - 0x4
core   0: 0 0x80004e74 (0xffdff1ef) x3  0x80004e78
core   0: 0x80004e70 (0x0000a015) c.j     pc + 36
core   0: 0 0x80004e70 (0xa015)
core   0: 0x80004e94 (0x0293e833) rem     a6, t2, s1
core   0: 0 0x80004e94 (0x0293e833) x16 0xb0800000
core   0: 0x80004e98 (0x01e000ef) jal     pc + 0x1e
core   0: 0 0x80004e98 (0x01e000ef) x1  0x80004e9c
core   0: 0x80004eb6 (0x00003ffd) c.jal   pc - 2
core   0: 0 0x80004eb6 (0x3ffd) x1  0x80004eb8
core   0: 0x80004eb4 (0x0000bfed) c.j     pc - 6
core   0: 0 0x80004eb4 (0xbfed)
core   0: 0x80004eae (0x00002009) c.jal   pc + 2
core   0: 0 0x80004eae (0x2009) x1  0x80004eb0
core   0: 0x80004eb0 (0x0000a021) c.j     pc + 8
core   0: 0 0x80004eb0 (0xa021)
core   0: 0x80004eb8 (0x000037fd) c.jal   pc - 18
core   0: 0 0x80004eb8 (0x37fd) x1  0x80004eba
core   0: 0x80004ea6 (0xfffff0ef) jal     pc - 0x2
core   0: 0 0x80004ea6 (0xfffff0ef) x1  0x80004eaa
core   0: 0x80004ea4 (0x00003fe5) c.jal   pc - 8
core   0: 0 0x80004ea4 (0x3fe5) x1  0x80004ea6
core   0: 0x80004e9c (0x00400f6f) jal     t5, pc + 0x4
core   0: 0 0x80004e9c (0x00400f6f) x30 0x80004ea0
core   0: 0x80004ea0 (0x012000ef) jal     pc + 0x12
core   0: 0 0x80004ea0 (0x012000ef) x1  0x80004ea4
core   0: 0x80004eb2 (0x0000bfe5) c.j     pc - 8
core   0: 0 0x80004eb2 (0xbfe5)
core   0: 0x80004eaa (0x0100036f) jal     t1, pc + 0x10
core   0: 0 0x80004eaa (0x0100036f) x6  0x80004eae
core   0: 0x80004eba (0x01b039b3) snez    s3, s11
core   0: 0 0x80004eba (0x01b039b3) x19 0x00000001
core   0: 0x80004ebe (0x006000ef) jal     pc + 0x6
core   0: 0 0x80004ebe (0x006000ef) x1  0x80004ec2
core   0: 0x80004ec4 (0x0000202d) c.jal   pc + 42
core   0: 0 0x80004ec4 (0x202d) x1  0x80004ec6
core   0: 0x80004eee (0xfdfff36f) jal     t1, pc - 0x22
core   0: 0 0x80004eee (0xfdfff36f) x6  0x80004ef2
core   0: 0x80004ecc (0x00002009) c.jal   pc + 2
core   0: 0 0x80004ecc (0x2009) x1  0x80004ece
core   0: 0x80004ece (0x0000a025) c.j     pc + 40
core   0: 0 0x80004ece (0xa025)
core   0: 0x80004ef6 (0x0000bff1) c.j     pc - 36
core   0: 0 0x80004ef6 (0xbff1)
core   0: 0x80004ed2 (0x0000201d) c.jal   pc + 38
core   0: 0 0x80004ed2 (0x201d) x1  0x80004ed4
core   0: 0x80004ef8 (0x0000bff1) c.j     pc - 36
core   0: 0 0x80004ef8 (0xbff1)
core   0: 0x80004ed4 (0x0000a009) c.j     pc + 2
core   0: 0 0x80004ed4 (0xa009)
core   0: 0x80004ed6 (0x0000b7f5) c.j     pc - 20
core   0: 0 0x80004ed6 (0xb7f5)
core   0: 0x80004ec2 (0x0000a01d) c.j     pc + 38
core   0: 0 0x80004ec2 (0xa01d)
core   0: 0x80004ee8 (0x00a0036f) jal     t1, pc + 0xa
core   0: 0 0x80004ee8 (0x00a0036f) x6  0x80004eec
core   0: 0x80004ef2 (0x00003ff9) c.jal   pc - 34
core   0: 0 0x80004ef2 (0x3ff9) x1  0x80004ef4
core   0: 0x80004ed0 (0x0000a02d) c.j     pc + 42
core   0: 0 0x80004ed0 (0xa02d)
core   0: 0x80004efa (0x00003ff9) c.jal   pc - 34
core   0: 0 0x80004efa (0x3ff9) x1  0x80004efc
core   0: 0x80004ed8 (0x006003ef) jal     t2, pc + 0x6
core   0: 0 0x80004ed8 (0x006003ef) x7  0x80004edc
core   0: 0x80004ede (0x00e002ef) jal     t0, pc + 0xe
core   0: 0 0x80004ede (0x00e002ef) x5  0x80004ee2
core   0: 0x80004eec (0x00003ff1) c.jal   pc - 36
core   0: 0 0x80004eec (0x3ff1) x1  0x80004eee
core   0: 0x80004ec8 (0x02c000ef) jal     pc + 0x2c
core   0: 0 0x80004ec8 (0x02c000ef) x1  0x80004ecc
core   0: 0x80004ef4 (0x00002021) c.jal   pc + 8
core   0: 0 0x80004ef4 (0x2021) x1  0x80004ef6
core   0: 0x80004efc (0x004000ef) jal     pc + 0x4
core   0: 0 0x80004efc (0x004000ef) x1  0x80004f00
core   0: 0x80004f00 (0x0000b7cd) c.j     pc - 30
core   0: 0 0x80004f00 (0xb7cd)
core   0: 0x80004ee2 (0xfe5ff0ef) jal     pc - 0x1c
core   0: 0 0x80004ee2 (0xfe5ff0ef) x1  0x80004ee6
core   0: 0x80004ec6 (0x0000a005) c.j     pc + 32
core   0: 0 0x80004ec6 (0xa005)
core   0: 0x80004ee6 (0x0000bfdd) c.j     pc - 10
core   0: 0 0x80004ee6 (0xbfdd)
core   0: 0x80004edc (0x0000201d) c.jal   pc + 38
core   0: 0 0x80004edc (0x201d) x1  0x80004ede
core   0: 0x80004f02 (0x00008299) c.srli  a3, 6
core   0: 0 0x80004f02 (0x8299) x13 0x02000134
core   0: 0x80004f04 (0x016000ef) jal     pc + 0x16
core   0: 0 0x80004f04 (0x016000ef) x1  0x80004f08
core   0: 0x80004f1a (0x00002801) c.jal   pc + 16
core   0: 0 0x80004f1a (0x2801) x1  0x80004f1c
core   0: 0x80004f2a (0xff9ff0ef) jal     pc - 0x8
core   0: 0 0x80004f2a (0xff9ff0ef) x1  0x80004f2e
core   0: 0x80004f22 (0x00e000ef) jal     pc + 0xe
core   0: 0 0x80004f22 (0x00e000ef) x1  0x80004f26
core   0: 0x80004f30 (0x00003fdd) c.jal   pc - 10
core   0: 0 0x80004f30 (0x3fdd) x1  0x80004f32
core   0: 0x80004f26 (0xfe3ff0ef) jal     pc - 0x1e
core   0: 0 0x80004f26 (0xfe3ff0ef) x1  0x80004f2a
core   0: 0x80004f08 (0x0000a031) c.j     pc + 12
core   0: 0 0x80004f08 (0xa031)
core   0: 0x80004f14 (0x00002829) c.jal   pc + 26
core   0: 0 0x80004f14 (0x2829) x1  0x80004f16
core   0: 0x80004f2e (0x0000bfcd) c.j     pc - 14
core   0: 0 0x80004f2e (0xbfcd)
core   0: 0x80004f20 (0x0000bfc5) c.j     pc - 16
core   0: 0 0x80004f20 (0xbfc5)
core   0: 0x80004f10 (0xfffff0ef) jal     pc - 0x2
core   0: 0 0x80004f10 (0xfffff0ef) x1  0x80004f14
core   0: 0x80004f0e (0x00002039) c.jal   pc + 14
core   0: 0 0x80004f0e (0x2039) x1  0x80004f10
core   0: 0x80004f1c (0xfefffbef) jal     s7, pc - 0x12
core   0: 0 0x80004f1c (0xfefffbef) x23 0x80004f20
core   0: 0x80004f0a (0x00c000ef) jal     pc + 0xc
core   0: 0 0x80004f0a (0x00c000ef) x1  0x80004f0e
core   0: 0x80004f16 (0x01c00cef) jal     s9, pc + 0x1c
core   0: 0 0x80004f16 (0x01c00cef) x25 0x80004f1a
core   0: 0x80004f32 (0x8d80f493) andi    s1, ra, -1832
core   0: 0 0x80004f32 (0x8d80f493) x9  0x80004808
core   0: 0x80004f36 (0x020000ef) jal     pc + 0x20
core   0: 0 0x80004f36 (0x020000ef) x1  0x80004f3a
core   0: 0x80004f56 (0x00002009) c.jal   pc + 2
core   0: 0 0x80004f56 (0x2009) x1  0x80004f58
core   0: 0x80004f58 (0x00003ff5) c.jal   pc - 4
core   0: 0 0x80004f58 (0x3ff5) x1  0x80004f5a
core   0: 0x80004f54 (0x000037e5) c.jal   pc - 24
core   0: 0 0x80004f54 (0x37e5) x1  0x80004f56
core   0: 0x80004f3c (0x00002811) c.jal   pc + 20
core   0: 0 0x80004f3c (0x2811) x1  0x80004f3e
core   0: 0x80004f50 (0x0000bfc5) c.j     pc - 16
core   0: 0 0x80004f50 (0xbfc5)
core   0: 0x80004f40 (0x00002029) c.jal   pc + 10
core   0: 0 0x80004f40 (0x2029) x1  0x80004f42
core   0: 0x80004f4a (0x00002009) c.jal   pc + 2
core   0: 0 0x80004f4a (0x2009) x1  0x80004f4c
core   0: 0x80004f4c (0xff7ff0ef) jal     pc - 0xa
core   0: 0 0x80004f4c (0xff7ff0ef) x1  0x80004f50
core   0: 0x80004f42 (0x00002839) c.jal   pc + 30
core   0: 0 0x80004f42 (0x2839) x1  0x80004f44
core   0: 0x80004f60 (0x0000b7dd) c.j     pc - 26
core   0: 0 0x80004f60 (0xb7dd)
core   0: 0x80004f46 (0x00c0036f) jal     t1, pc + 0xc
core   0: 0 0x80004f46 (0x00c0036f) x6  0x80004f4a
core   0: 0x80004f52 (0x00002021) c.jal   pc + 8
core   0: 0 0x80004f52 (0x2021) x1  0x80004f54
core   0: 0x80004f5a (0x004001ef) jal     gp, pc + 0x4
core   0: 0 0x80004f5a (0x004001ef) x3  0x80004f5e
core   0: 0x80004f5e (0x000037dd) c.jal   pc - 26
core   0: 0 0x80004f5e (0x37dd) x1  0x80004f60
core   0: 0x80004f44 (0x0000bfed) c.j     pc - 6
core   0: 0 0x80004f44 (0xbfed)
core   0: 0x80004f3e (0x00003ff5) c.jal   pc - 4
core   0: 0 0x80004f3e (0x3ff5) x1  0x80004f40
core   0: 0x80004f3a (0x0000a025) c.j     pc + 40
core   0: 0 0x80004f3a (0xa025)
core   0: 0x80004f62 (0x02163333) mulhu   t1, a2, ra
core   0: 0 0x80004f62 (0x02163333) x6  0x400126c6
core   0: 0x80004f66 (0x00e000ef) jal     pc + 0xe
core   0: 0 0x80004f66 (0x00e000ef) x1  0x80004f6a
core   0: 0x80004f74 (0x00e000ef) jal     pc + 0xe
core   0: 0 0x80004f74 (0x00e000ef) x1  0x80004f78
core   0: 0x80004f82 (0x00002821) c.jal   pc + 24
core   0: 0 0x80004f82 (0x2821) x1  0x80004f84
core   0: 0x80004f9a (0xfe1ff36f) jal     t1, pc - 0x20
core   0: 0 0x80004f9a (0xfe1ff36f) x6  0x80004f9e
core   0: 0x80004f7a (0x00e000ef) jal     pc + 0xe
core   0: 0 0x80004f7a (0x00e000ef) x1  0x80004f7e
core   0: 0x80004f88 (0x00003ff5) c.jal   pc - 4
core   0: 0 0x80004f88 (0x3ff5) x1  0x80004f8a
core   0: 0x80004f84 (0x00002029) c.jal   pc + 10
core   0: 0 0x80004f84 (0x2029) x1  0x80004f86
core   0: 0x80004f8e (0x00002009) c.jal   pc + 2
core   0: 0 0x80004f8e (0x2009) x1  0x80004f90
core   0: 0x80004f90 (0x00002019) c.jal   pc + 6
core   0: 0 0x80004f90 (0x2019) x1  0x80004f92
core   0: 0x80004f96 (0xff1ff0ef) jal     pc - 0x10
core   0: 0 0x80004f96 (0xff1ff0ef) x1  0x80004f9a
core   0: 0x80004f86 (0x0000bfcd) c.j     pc - 14
core   0: 0 0x80004f86 (0xbfcd)
core   0: 0x80004f78 (0x0000a019) c.j     pc + 6
core   0: 0 0x80004f78 (0xa019)
core   0: 0x80004f7e (0xff1ff0ef) jal     pc - 0x10
core   0: 0 0x80004f7e (0xff1ff0ef) x1  0x80004f82
core   0: 0x80004f6e (0x00002831) c.jal   pc + 28
core   0: 0 0x80004f6e (0x2831) x1  0x80004f70
core   0: 0x80004f8a (0xfe1ff0ef) jal     pc - 0x20
core   0: 0 0x80004f8a (0xfe1ff0ef) x1  0x80004f8e
core   0: 0x80004f6a (0x02800eef) jal     t4, pc + 0x28
core   0: 0 0x80004f6a (0x02800eef) x29 0x80004f6e
core   0: 0x80004f92 (0xfe1ff0ef) jal     pc - 0x20
core   0: 0 0x80004f92 (0xfe1ff0ef) x1  0x80004f96
core   0: 0x80004f72 (0x00003ffd) c.jal   pc - 2
core   0: 0 0x80004f72 (0x3ffd) x1  0x80004f74
core   0: 0x80004f70 (0x0000a03d) c.j     pc + 46
core   0: 0 0x80004f70 (0xa03d)
core   0: 0x80004f9e (0x000085c9) c.srai  a1, 18
core   0: 0 0x80004f9e (0x85c9) x11 0xffffe000
core   0: 0x80004fa0 (0x02e000ef) jal     pc + 0x2e
core   0: 0 0x80004fa0 (0x02e000ef) x1  0x80004fa4
core   0: 0x80004fce (0x0000b7dd) c.j     pc - 26
core   0: 0 0x80004fce (0xb7dd)
core   0: 0x80004fb4 (0x00002839) c.jal   pc + 30
core   0: 0 0x80004fb4 (0x2839) x1  0x80004fb6
core   0: 0x80004fd2 (0x00003fc9) c.jal   pc - 46
core   0: 0 0x80004fd2 (0x3fc9) x1  0x80004fd4
core   0: 0x80004fa4 (0x0000a829) c.j     pc + 26
core   0: 0 0x80004fa4 (0xa829)
core   0: 0x80004fbe (0x0000a839) c.j     pc + 30
core   0: 0 0x80004fbe (0xa839)
core   0: 0x80004fdc (0xff9ff0ef) jal     pc - 0x8
core   0: 0 0x80004fdc (0xff9ff0ef) x1  0x80004fe0
core   0: 0x80004fd4 (0x0000bfd1) c.j     pc - 44
core   0: 0 0x80004fd4 (0xbfd1)
core   0: 0x80004fa8 (0x01a000ef) jal     pc + 0x1a
core   0: 0 0x80004fa8 (0x01a000ef) x1  0x80004fac
core   0: 0x80004fc2 (0xfffff0ef) jal     pc - 0x2
core   0: 0 0x80004fc2 (0xfffff0ef) x1  0x80004fc6
core   0: 0x80004fc0 (0x00002005) c.jal   pc + 32
core   0: 0 0x80004fc0 (0x2005) x1  0x80004fc2
core   0: 0x80004fe0 (0xff1ff0ef) jal     pc - 0x10
core   0: 0 0x80004fe0 (0xff1ff0ef) x1  0x80004fe4
core   0: 0x80004fd0 (0x00002019) c.jal   pc + 6
core   0: 0 0x80004fd0 (0x2019) x1  0x80004fd2
core   0: 0x80004fd6 (0x000037d5) c.jal   pc - 28
core   0: 0 0x80004fd6 (0x37d5) x1  0x80004fd8
core   0: 0x80004fba (0x0100036f) jal     t1, pc + 0x10
core   0: 0 0x80004fba (0x0100036f) x6  0x80004fbe
core   0: 0x80004fca (0x000037d5) c.jal   pc - 28
core   0: 0 0x80004fca (0x37d5) x1  0x80004fcc
core   0: 0x80004fae (0x00002035) c.jal   pc + 44
core   0: 0 0x80004fae (0x2035) x1  0x80004fb0
core   0: 0x80004fda (0x000037fd) c.jal   pc - 18
core   0: 0 0x80004fda (0x37fd) x1  0x80004fdc
core   0: 0x80004fc8 (0x0000a011) c.j     pc + 4
core   0: 0 0x80004fc8 (0xa011)
core   0: 0x80004fcc (0x000037c5) c.jal   pc - 32
core   0: 0 0x80004fcc (0x37c5) x1  0x80004fce
core   0: 0x80004fac (0x00002035) c.jal   pc + 44
core   0: 0 0x80004fac (0x2035) x1  0x80004fae
core   0: 0x80004fd8 (0x000037fd) c.jal   pc - 18
core   0: 0 0x80004fd8 (0x37fd) x1  0x80004fda
core   0: 0x80004fc6 (0x00003fcd) c.jal   pc - 14
core   0: 0 0x80004fc6 (0x3fcd) x1  0x80004fc8
core   0: 0x80004fb8 (0x0000bffd) c.j     pc - 2
core   0: 0 0x80004fb8 (0xbffd)
core   0: 0x80004fb6 (0x00003fc5) c.jal   pc - 16
core   0: 0 0x80004fb6 (0x3fc5) x1  0x80004fb8
core   0: 0x80004fa6 (0x00002029) c.jal   pc + 10
core   0: 0 0x80004fa6 (0x2029) x1  0x80004fa8
core   0: 0x80004fb0 (0x034000ef) jal     pc + 0x34
core   0: 0 0x80004fb0 (0x034000ef) x1  0x80004fb4
core   0: 0x80004fe4 (0x41748d33) sub     s10, s1, s7
core   0: 0 0x80004fe4 (0x41748d33) x26 0xfffff8e8
core   0: 0x80004fe8 (0x016000ef) jal     pc + 0x16
core   0: 0 0x80004fe8 (0x016000ef) x1  0x80004fec
core   0: 0x80004ffe (0x00c0036f) jal     t1, pc + 0xc
core   0: 0 0x80004ffe (0x00c0036f) x6  0x80005002
core   0: 0x8000500a (0x00c000ef) jal     pc + 0xc
core   0: 0 0x8000500a (0x00c000ef) x1  0x8000500e
core   0: 0x80005016 (0x0000bffd) c.j     pc - 2
core   0: 0 0x80005016 (0xbffd)
core   0: 0x80005014 (0x0000bffd) c.j     pc - 2
core   0: 0 0x80005014 (0xbffd)
core   0: 0x80005012 (0x000037d5) c.jal   pc - 28
core   0: 0 0x80005012 (0x37d5) x1  0x80005014
core   0: 0x80004ff6 (0x0000a01d) c.j     pc + 38
core   0: 0 0x80004ff6 (0xa01d)
core   0: 0x8000501c (0x0000b7dd) c.j     pc - 26
core   0: 0 0x8000501c (0xb7dd)
core   0: 0x80005002 (0x004000ef) jal     pc + 0x4
core   0: 0 0x80005002 (0x004000ef) x1  0x80005006
core   0: 0x80005006 (0xfebff0ef) jal     pc - 0x16
core   0: 0 0x80005006 (0xfebff0ef) x1  0x8000500a
core   0: 0x80004ff0 (0x0000a005) c.j     pc + 32
core   0: 0 0x80004ff0 (0xa005)
core   0: 0x80005010 (0x000037cd) c.jal   pc - 30
core   0: 0 0x80005010 (0x37cd) x1  0x80005012
core   0: 0x80004ff2 (0x01c000ef) jal     pc + 0x1c
core   0: 0 0x80004ff2 (0x01c000ef) x1  0x80004ff6
core   0: 0x8000500e (0x0000b7f5) c.j     pc - 20
core   0: 0 0x8000500e (0xb7f5)
core   0: 0x80004ffa (0xff5ff0ef) jal     pc - 0xc
core   0: 0 0x80004ffa (0xff5ff0ef) x1  0x80004ffe
core   0: 0x80004fee (0x00002035) c.jal   pc + 44
core   0: 0 0x80004fee (0x2035) x1  0x80004ff0
core   0: 0x8000501a (0x00003ffd) c.jal   pc - 2
core   0: 0 0x8000501a (0x3ffd) x1  0x8000501c
core   0: 0x80005018 (0x000037c5) c.jal   pc - 32
core   0: 0 0x80005018 (0x37c5) x1  0x8000501a
core   0: 0x80004ff8 (0x0000bfd5) c.j     pc - 12
core   0: 0 0x80004ff8 (0xbfd5)
core   0: 0x80004fec (0x0000280d) c.jal   pc + 50
core   0: 0 0x80004fec (0x280d) x1  0x80004fee
core   0: 0x8000501e (0x41f8d813) srai    a6, a7, 31
core   0: 0 0x8000501e (0x41f8d813) x16 0xffffffff
core   0: 0x80005022 (0x036000ef) jal     pc + 0x36
core   0: 0 0x80005022 (0x036000ef) x1  0x80005026
core   0: 0x80005058 (0x0000bffd) c.j     pc - 2
core   0: 0 0x80005058 (0xbffd)
core   0: 0x80005056 (0x0000bfe9) c.j     pc - 38
core   0: 0 0x80005056 (0xbfe9)
core   0: 0x80005030 (0x0000a821) c.j     pc + 24
core   0: 0 0x80005030 (0xa821)
core   0: 0x80005048 (0x000037fd) c.jal   pc - 18
core   0: 0 0x80005048 (0x37fd) x1  0x8000504a
core   0: 0x80005036 (0x014000ef) jal     pc + 0x14
core   0: 0 0x80005036 (0x014000ef) x1  0x8000503a
core   0: 0x8000504a (0x00002019) c.jal   pc + 6
core   0: 0 0x8000504a (0x2019) x1  0x8000504c
core   0: 0x80005050 (0x0040046f) jal     s0, pc + 0x4
core   0: 0 0x80005050 (0x0040046f) x8  0x80005054
core   0: 0x80005054 (0x00003fe5) c.jal   pc - 8
core   0: 0 0x80005054 (0x3fe5) x1  0x80005056
core   0: 0x8000504c (0x0000a039) c.j     pc + 14
core   0: 0 0x8000504c (0xa039)
core   0: 0x8000505a (0x00a000ef) jal     pc + 0xa
core   0: 0 0x8000505a (0x00a000ef) x1  0x8000505e
core   0: 0x80005064 (0x000037c9) c.jal   pc - 62
core   0: 0 0x80005064 (0x37c9) x1  0x80005066
core   0: 0x80005026 (0x0000282d) c.jal   pc + 58
core   0: 0 0x80005026 (0x282d) x1  0x80005028
core   0: 0x80005060 (0xfcfff0ef) jal     pc - 0x32
core   0: 0 0x80005060 (0xfcfff0ef) x1  0x80005064
core   0: 0x8000502e (0x0000a819) c.j     pc + 22
core   0: 0 0x8000502e (0xa819)
core   0: 0x80005044 (0xffdff0ef) jal     pc - 0x4
core   0: 0 0x80005044 (0xffdff0ef) x1  0x80005048
core   0: 0x80005040 (0x0000bfed) c.j     pc - 6
core   0: 0 0x80005040 (0xbfed)
core   0: 0x8000503a (0x000037fd) c.jal   pc - 18
core   0: 0 0x8000503a (0x37fd) x1  0x8000503c
core   0: 0x80005028 (0x00a000ef) jal     pc + 0xa
core   0: 0 0x80005028 (0x00a000ef) x1  0x8000502c
core   0: 0x80005032 (0x0000a815) c.j     pc + 52
core   0: 0 0x80005032 (0xa815)
core   0: 0x80005066 (0x0000bff1) c.j     pc - 36
core   0: 0 0x80005066 (0xbff1)
core   0: 0x80005042 (0x00002031) c.jal   pc + 12
core   0: 0 0x80005042 (0x2031) x1  0x80005044
core   0: 0x8000504e (0x0000b7dd) c.j     pc - 26
core   0: 0 0x8000504e (0xb7dd)
core   0: 0x80005034 (0x00002815) c.jal   pc + 52
core   0: 0 0x80005034 (0x2815) x1  0x80005036
core   0: 0x80005068 (0x00003fd1) c.jal   pc - 44
core   0: 0 0x80005068 (0x3fd1) x1  0x8000506a
core   0: 0x8000503c (0x00002805) c.jal   pc + 48
core   0: 0 0x8000503c (0x2805) x1  0x8000503e
core   0: 0x8000506c (0x000037c1) c.jal   pc - 64
core   0: 0 0x8000506c (0x37c1) x1  0x8000506e
core   0: 0x8000502c (0x0000283d) c.jal   pc + 62
core   0: 0 0x8000502c (0x283d) x1  0x8000502e
core   0: 0x8000506a (0x0000bfd5) c.j     pc - 12
core   0: 0 0x8000506a (0xbfd5)
core   0: 0x8000505e (0x000037c5) c.jal   pc - 32
core   0: 0 0x8000505e (0x37c5) x1  0x80005060
core   0: 0x8000503e (0x00002805) c.jal   pc + 48
core   0: 0 0x8000503e (0x2805) x1  0x80005040
core   0: 0x8000506e (0x00f20fb3) add     t6, tp, a5
core   0: 0 0x8000506e (0x00f20fb3) x31 0x00009be8
core   0: 0x80005072 (0x016000ef) jal     pc + 0x16
core   0: 0 0x80005072 (0x016000ef) x1  0x80005076
core   0: 0x80005088 (0x0000bfe5) c.j     pc - 8
core   0: 0 0x80005088 (0xbfe5)
core   0: 0x80005080 (0x0000bff5) c.j     pc - 4
core   0: 0 0x80005080 (0xbff5)
core   0: 0x8000507c (0x0000a005) c.j     pc + 32
core   0: 0 0x8000507c (0xa005)
core   0: 0x8000509c (0xff3ff0ef) jal     pc - 0xe
core   0: 0 0x8000509c (0xff3ff0ef) x1  0x800050a0
core   0: 0x8000508e (0x00002821) c.jal   pc + 24
core   0: 0 0x8000508e (0x2821) x1  0x80005090
core   0: 0x800050a6 (0xfe1ff0ef) jal     pc - 0x20
core   0: 0 0x800050a6 (0xfe1ff0ef) x1  0x800050aa
core   0: 0x80005086 (0x0000bfe5) c.j     pc - 8
core   0: 0 0x80005086 (0xbfe5)
core   0: 0x8000507e (0x0000a811) c.j     pc + 20
core   0: 0 0x8000507e (0xa811)
core   0: 0x80005092 (0xff9fff6f) jal     t5, pc - 0x8
core   0: 0 0x80005092 (0xff9fff6f) x30 0x80005096
core   0: 0x8000508a (0x0000b7fd) c.j     pc - 18
core   0: 0 0x8000508a (0xb7fd)
core   0: 0x80005078 (0x0000a029) c.j     pc + 10
core   0: 0 0x80005078 (0xa029)
core   0: 0x80005082 (0x0000a811) c.j     pc + 20
core   0: 0 0x80005082 (0xa811)
core   0: 0x80005096 (0x00002029) c.jal   pc + 10
core   0: 0 0x80005096 (0x2029) x1  0x80005098
core   0: 0x800050a0 (0xff9ff26f) jal     tp, pc - 0x8
core   0: 0 0x800050a0 (0xff9ff26f) x4  0x800050a4
core   0: 0x80005098 (0xff9ff0ef) jal     pc - 0x8
core   0: 0 0x80005098 (0xff9ff0ef) x1  0x8000509c
core   0: 0x80005090 (0x000037ed) c.jal   pc - 22
core   0: 0 0x80005090 (0x37ed) x1  0x80005092
core   0: 0x8000507a (0x0000a02d) c.j     pc + 42
core   0: 0 0x8000507a (0xa02d)
core   0: 0x800050a4 (0x000037c5) c.jal   pc - 32
core   0: 0 0x800050a4 (0x37c5) x1  0x800050a6
core   0: 0x80005084 (0x00003fcd) c.jal   pc - 14
core   0: 0 0x80005084 (0x3fcd) x1  0x80005086
core   0: 0x80005076 (0x00002819) c.jal   pc + 22
core   0: 0 0x80005076 (0x2819) x1  0x80005078
core   0: 0x8000508c (0x0000a839) c.j     pc + 30
core   0: 0 0x8000508c (0xa839)
core   0: 0x800050aa (0x00000001) c.nop
core   0: 0 0x800050aa (0x0001)
core   0: 0x800050ac (0x006000ef) jal     pc + 0x6
core   0: 0 0x800050ac (0x006000ef) x1  0x800050b0
core   0: 0x800050b2 (0x03a0026f) jal     tp, pc + 0x3a
core   0: 0 0x800050b2 (0x03a0026f) x4  0x800050b6
core   0: 0x800050ec (0xfcbff5ef) jal     a1, pc - 0x36
core   0: 0 0x800050ec (0xfcbff5ef) x11 0x800050f0
core   0: 0x800050b6 (0x04a00bef) jal     s7, pc + 0x4a
core   0: 0 0x800050b6 (0x04a00bef) x23 0x800050ba
core   0: 0x80005100 (0xfbfff0ef) jal     pc - 0x42
core   0: 0 0x80005100 (0xfbfff0ef) x1  0x80005104
core   0: 0x800050be (0x012000ef) jal     pc + 0x12
core   0: 0 0x800050be (0x012000ef) x1  0x800050c2
core   0: 0x800050d0 (0x0140086f) jal     a6, pc + 0x14
core   0: 0 0x800050d0 (0x0140086f) x16 0x800050d4
core   0: 0x800050e4 (0xfd7ff0ef) jal     pc - 0x2a
core   0: 0 0x800050e4 (0xfd7ff0ef) x1  0x800050e8
core   0: 0x800050ba (0x0200026f) jal     tp, pc + 0x20
core   0: 0 0x800050ba (0x0200026f) x4  0x800050be
core   0: 0x800050da (0xffdffc6f) jal     s8, pc - 0x4
core   0: 0 0x800050da (0xffdffc6f) x24 0x800050de
core   0: 0x800050d6 (0x0000b7fd) c.j     pc - 18
core   0: 0 0x800050d6 (0xb7fd)
core   0: 0x800050c4 (0xfedff0ef) jal     pc - 0x14
core   0: 0 0x800050c4 (0xfedff0ef) x1  0x800050c8
core   0: 0x800050b0 (0x0000a081) c.j     pc + 64
core   0: 0 0x800050b0 (0xa081)
core   0: 0x800050f0 (0xfddff26f) jal     tp, pc - 0x24
core   0: 0 0x800050f0 (0xfddff26f) x4  0x800050f4
core   0: 0x800050cc (0x00002025) c.jal   pc + 40
core   0: 0 0x800050cc (0x2025) x1  0x800050ce
core   0: 0x800050f4 (0x0000b7c5) c.j     pc - 32
core   0: 0 0x800050f4 (0xb7c5)
core   0: 0x800050d4 (0x00002015) c.jal   pc + 36
core   0: 0 0x800050d4 (0x2015) x1  0x800050d6
core   0: 0x800050f8 (0xfd7ff0ef) jal     pc - 0x2a
core   0: 0 0x800050f8 (0xfd7ff0ef) x1  0x800050fc
core   0: 0x800050ce (0x0000bfed) c.j     pc - 6
core   0: 0 0x800050ce (0xbfed)
core   0: 0x800050c8 (0x01a000ef) jal     pc + 0x1a
core   0: 0 0x800050c8 (0x01a000ef) x1  0x800050cc
core   0: 0x800050e2 (0x0000bff5) c.j     pc - 4
core   0: 0 0x800050e2 (0xbff5)
core   0: 0x800050de (0xffbff4ef) jal     s1, pc - 0x6
core   0: 0 0x800050de (0xffbff4ef) x9  0x800050e2
core   0: 0x800050d8 (0x000037ed) c.jal   pc - 22
core   0: 0 0x800050d8 (0x37ed) x1  0x800050da
core   0: 0x800050c2 (0x0000a82d) c.j     pc + 58
core   0: 0 0x800050c2 (0xa82d)
core   0: 0x800050fc (0xffbff0ef) jal     pc - 0x6
core   0: 0 0x800050fc (0xffbff0ef) x1  0x80005100
core   0: 0x800050f6 (0x00003fcd) c.jal   pc - 14
core   0: 0 0x800050f6 (0x3fcd) x1  0x800050f8
core   0: 0x800050e8 (0x01c0026f) jal     tp, pc + 0x1c
core   0: 0 0x800050e8 (0x01c0026f) x4  0x800050ec
core   0: 0x80005104 (0x000019fd) c.addi  s3, -1
core   0: 0 0x80005104 (0x19fd) x19 0x00000000
core   0: 0x80005106 (0x008000ef) jal     pc + 0x8
core   0: 0 0x80005106 (0x008000ef) x1  0x8000510a
core   0: 0x8000510e (0x006000ef) jal     pc + 0x6
core   0: 0 0x8000510e (0x006000ef) x1  0x80005112
core   0: 0x80005114 (0x02e0036f) jal     t1, pc + 0x2e
core   0: 0 0x80005114 (0x02e0036f) x6  0x80005118
core   0: 0x80005142 (0x0000b7e1) c.j     pc - 56
core   0: 0 0x80005142 (0xb7e1)
core   0: 0x8000510a (0x0000a03d) c.j     pc + 46
core   0: 0 0x8000510a (0xa03d)
core   0: 0x80005138 (0x000037ed) c.jal   pc - 22
core   0: 0 0x80005138 (0x37ed) x1  0x8000513a
core   0: 0x80005122 (0x00002019) c.jal   pc + 6
core   0: 0 0x80005122 (0x2019) x1  0x80005124
core   0: 0x80005128 (0x0000bfe5) c.j     pc - 8
core   0: 0 0x80005128 (0xbfe5)
core   0: 0x80005120 (0x00002801) c.jal   pc + 16
core   0: 0 0x80005120 (0x2801) x1  0x80005122
core   0: 0x80005130 (0x00003ffd) c.jal   pc - 2
core   0: 0 0x80005130 (0x3ffd) x1  0x80005132
core   0: 0x8000512e (0x000037ed) c.jal   pc - 22
core   0: 0 0x8000512e (0x37ed) x1  0x80005130
core   0: 0x80005118 (0x0000bfd5) c.j     pc - 12
core   0: 0 0x80005118 (0xbfd5)
core   0: 0x8000510c (0x0000202d) c.jal   pc + 42
core   0: 0 0x8000510c (0x202d) x1  0x8000510e
core   0: 0x80005136 (0x00002019) c.jal   pc + 6
core   0: 0 0x80005136 (0x2019) x1  0x80005138
core   0: 0x8000513c (0x00003ff9) c.jal   pc - 34
core   0: 0 0x8000513c (0x3ff9) x1  0x8000513e
core   0: 0x8000511a (0x00002809) c.jal   pc + 18
core   0: 0 0x8000511a (0x2809) x1  0x8000511c
core   0: 0x8000512c (0x0000bfc5) c.j     pc - 16
core   0: 0 0x8000512c (0xbfc5)
core   0: 0x8000511c (0x016000ef) jal     pc + 0x16
core   0: 0 0x8000511c (0x016000ef) x1  0x80005120
core   0: 0x80005132 (0x008003ef) jal     t2, pc + 0x8
core   0: 0 0x80005132 (0x008003ef) x7  0x80005136
core   0: 0x8000513a (0x00002011) c.jal   pc + 4
core   0: 0 0x8000513a (0x2011) x1  0x8000513c
core   0: 0x8000513e (0xfe7ff2ef) jal     t0, pc - 0x1a
core   0: 0 0x8000513e (0xfe7ff2ef) x5  0x80005142
core   0: 0x80005124 (0xfefff36f) jal     t1, pc - 0x12
core   0: 0 0x80005124 (0xfefff36f) x6  0x80005128
core   0: 0x80005112 (0x0000a821) c.j     pc + 24
core   0: 0 0x80005112 (0xa821)
core   0: 0x8000512a (0x0000a829) c.j     pc + 26
core   0: 0 0x8000512a (0xa829)
core   0: 0x80005144 (0x012dc933) xor     s2, s11, s2
core   0: 0 0x80005144 (0x012dc933) x18 0x80004f6e
core   0: 0x80005148 (0x008000ef) jal     pc + 0x8
core   0: 0 0x80005148 (0x008000ef) x1  0x8000514c
core   0: 0x80005150 (0x014001ef) jal     gp, pc + 0x14
core   0: 0 0x80005150 (0x014001ef) x3  0x80005154
core   0: 0x80005164 (0x00003fdd) c.jal   pc - 10
core   0: 0 0x80005164 (0x3fdd) x1  0x80005166
core   0: 0x8000515a (0x0060036f) jal     t1, pc + 0x6
core   0: 0 0x8000515a (0x0060036f) x6  0x8000515e
core   0: 0x80005160 (0x00003ffd) c.jal   pc - 2
core   0: 0 0x80005160 (0x3ffd) x1  0x80005162
core   0: 0x8000515e (0x00003fc5) c.jal   pc - 16
core   0: 0 0x8000515e (0x3fc5) x1  0x80005160
core   0: 0x8000514e (0x0000a811) c.j     pc + 20
core   0: 0 0x8000514e (0xa811)
core   0: 0x80005162 (0x00002019) c.jal   pc + 6
core   0: 0 0x80005162 (0x2019) x1  0x80005164
core   0: 0x80005168 (0x000037d5) c.jal   pc - 28
core   0: 0 0x80005168 (0x37d5) x1  0x8000516a
core   0: 0x8000514c (0x00002021) c.jal   pc + 8
core   0: 0 0x8000514c (0x2021) x1  0x8000514e
core   0: 0x80005154 (0x0000a819) c.j     pc + 22
core   0: 0 0x80005154 (0xa819)
core   0: 0x8000516a (0x0000bff5) c.j     pc - 4
core   0: 0 0x8000516a (0xbff5)
core   0: 0x80005166 (0x0000bfc5) c.j     pc - 16
core   0: 0 0x80005166 (0xbfc5)
core   0: 0x80005156 (0x016000ef) jal     pc + 0x16
core   0: 0 0x80005156 (0x016000ef) x1  0x8000515a
core   0: 0x8000516c (0x000de533) or      a0, s11, zero
core   0: 0 0x8000516c (0x000de533) x10 0x00000132
core   0: 0x80005170 (0x020000ef) jal     pc + 0x20
core   0: 0 0x80005170 (0x020000ef) x1  0x80005174
core   0: 0x80005190 (0x0000bfdd) c.j     pc - 10
core   0: 0 0x80005190 (0xbfdd)
core   0: 0x80005186 (0x0000bffd) c.j     pc - 2
core   0: 0 0x80005186 (0xbffd)
core   0: 0x80005184 (0x0000a005) c.j     pc + 32
core   0: 0 0x80005184 (0xa005)
core   0: 0x800051a4 (0x00003fc1) c.jal   pc - 48
core   0: 0 0x800051a4 (0x3fc1) x1  0x800051a6
core   0: 0x80005174 (0x0000a029) c.j     pc + 10
core   0: 0 0x80005174 (0xa029)
core   0: 0x8000517e (0x02c0036f) jal     t1, pc + 0x2c
core   0: 0 0x8000517e (0x02c0036f) x6  0x80005182
core   0: 0x800051aa (0xff9ff0ef) jal     pc - 0x8
core   0: 0 0x800051aa (0xff9ff0ef) x1  0x800051ae
core   0: 0x800051a2 (0x0000a809) c.j     pc + 18
core   0: 0 0x800051a2 (0xa809)
core   0: 0x800051b4 (0xfcfff36f) jal     t1, pc - 0x32
core   0: 0 0x800051b4 (0xfcfff36f) x6  0x800051b8
core   0: 0x80005182 (0x0000a829) c.j     pc + 26
core   0: 0 0x80005182 (0xa829)
core   0: 0x8000519c (0x0000a811) c.j     pc + 20
core   0: 0 0x8000519c (0xa811)
core   0: 0x800051b0 (0x0000b7d9) c.j     pc - 58
core   0: 0 0x800051b0 (0xb7d9)
core   0: 0x80005176 (0x028000ef) jal     pc + 0x28
core   0: 0 0x80005176 (0x028000ef) x1  0x8000517a
core   0: 0x8000519e (0xff9ffb6f) jal     s6, pc - 0x8
core   0: 0 0x8000519e (0xff9ffb6f) x22 0x800051a2
core   0: 0x80005196 (0x0100036f) jal     t1, pc + 0x10
core   0: 0 0x80005196 (0x0100036f) x6  0x8000519a
core   0: 0x800051a6 (0x00002021) c.jal   pc + 8
core   0: 0 0x800051a6 (0x2021) x1  0x800051a8
core   0: 0x800051ae (0x0000b7d5) c.j     pc - 28
core   0: 0 0x800051ae (0xb7d5)
core   0: 0x80005192 (0x0080036f) jal     t1, pc + 0x8
core   0: 0 0x80005192 (0x0080036f) x6  0x80005196
core   0: 0x8000519a (0x00002821) c.jal   pc + 24
core   0: 0 0x8000519a (0x2821) x1  0x8000519c
core   0: 0x800051b2 (0x0000bfdd) c.j     pc - 10
core   0: 0 0x800051b2 (0xbfdd)
core   0: 0x800051a8 (0x000037c5) c.jal   pc - 32
core   0: 0 0x800051a8 (0x37c5) x1  0x800051aa
core   0: 0x80005188 (0x004000ef) jal     pc + 0x4
core   0: 0 0x80005188 (0x004000ef) x1  0x8000518c
core   0: 0x8000518c (0xfefff46f) jal     s0, pc - 0x12
core   0: 0 0x8000518c (0xfefff46f) x8  0x80005190
core   0: 0x8000517a (0x03e000ef) jal     pc + 0x3e
core   0: 0 0x8000517a (0x03e000ef) x1  0x8000517e
core   0: 0x800051b8 (0x00fdbfb3) sltu    t6, s11, a5
core   0: 0 0x800051b8 (0x00fdbfb3) x31 0x00000001
core   0: 0x800051bc (0x010000ef) jal     pc + 0x10
core   0: 0 0x800051bc (0x010000ef) x1  0x800051c0
core   0: 0x800051cc (0x00002011) c.jal   pc + 4
core   0: 0 0x800051cc (0x2011) x1  0x800051ce
core   0: 0x800051d0 (0xfffff7ef) jal     a5, pc - 0x2
core   0: 0 0x800051d0 (0xfffff7ef) x15 0x800051d4
core   0: 0x800051ce (0x00002019) c.jal   pc + 6
core   0: 0 0x800051ce (0x2019) x1  0x800051d0
core   0: 0x800051d4 (0x0000bfd5) c.j     pc - 12
core   0: 0 0x800051d4 (0xbfd5)
core   0: 0x800051c8 (0x00003fe5) c.jal   pc - 8
core   0: 0 0x800051c8 (0x3fe5) x1  0x800051ca
core   0: 0x800051c0 (0x00a000ef) jal     pc + 0xa
core   0: 0 0x800051c0 (0x00a000ef) x1  0x800051c4
core   0: 0x800051ca (0x0000a801) c.j     pc + 16
core   0: 0 0x800051ca (0xa801)
core   0: 0x800051da (0x0000b7ed) c.j     pc - 22
core   0: 0 0x800051da (0xb7ed)
core   0: 0x800051c4 (0x012000ef) jal     pc + 0x12
core   0: 0 0x800051c4 (0x012000ef) x1  0x800051c8
core   0: 0x800051d6 (0x0060036f) jal     t1, pc + 0x6
core   0: 0 0x800051d6 (0x0060036f) x6  0x800051da
core   0: 0x800051dc (0x03613d33) mulhu   s10, sp, s6
core   0: 0 0x800051dc (0x03613d33) x26 0x7af21ab3
core   0: 0x800051e0 (0x022000ef) jal     pc + 0x22
core   0: 0 0x800051e0 (0x022000ef) x1  0x800051e4
core   0: 0x80005202 (0xff5ff0ef) jal     pc - 0xc
core   0: 0 0x80005202 (0xff5ff0ef) x1  0x80005206
core   0: 0x800051f6 (0x00003ff5) c.jal   pc - 4
core   0: 0 0x800051f6 (0x3ff5) x1  0x800051f8
core   0: 0x800051f2 (0x0000a031) c.j     pc + 12
core   0: 0 0x800051f2 (0xa031)
core   0: 0x800051fe (0x0000200d) c.jal   pc + 34
core   0: 0 0x800051fe (0x200d) x1  0x80005200
core   0: 0x80005220 (0x0000a039) c.j     pc + 14
core   0: 0 0x80005220 (0xa039)
core   0: 0x8000522e (0x000037e9) c.jal   pc - 54
core   0: 0 0x8000522e (0x37e9) x1  0x80005230
core   0: 0x800051f8 (0x024001ef) jal     gp, pc + 0x24
core   0: 0 0x800051f8 (0x024001ef) x3  0x800051fc
core   0: 0x8000521c (0xfcdff6ef) jal     a3, pc - 0x34
core   0: 0 0x8000521c (0xfcdff6ef) x13 0x80005220
core   0: 0x800051e8 (0x0000a01d) c.j     pc + 38
core   0: 0 0x800051e8 (0xa01d)
core   0: 0x8000520e (0x0160036f) jal     t1, pc + 0x16
core   0: 0 0x8000520e (0x0160036f) x6  0x80005212
core   0: 0x80005224 (0x0000b7dd) c.j     pc - 26
core   0: 0 0x80005224 (0xb7dd)
core   0: 0x8000520a (0x00c000ef) jal     pc + 0xc
core   0: 0 0x8000520a (0x00c000ef) x1  0x8000520e
core   0: 0x80005216 (0x0000bfc5) c.j     pc - 16
core   0: 0 0x80005216 (0xbfc5)
core   0: 0x80005206 (0xff7ff36f) jal     t1, pc - 0xa
core   0: 0 0x80005206 (0xff7ff36f) x6  0x8000520a
core   0: 0x800051fc (0x0000a819) c.j     pc + 22
core   0: 0 0x800051fc (0xa819)
core   0: 0x80005212 (0x00002821) c.jal   pc + 24
core   0: 0 0x80005212 (0x2821) x1  0x80005214
core   0: 0x8000522a (0xfcbff36f) jal     t1, pc - 0x36
core   0: 0 0x8000522a (0xfcbff36f) x6  0x8000522e
core   0: 0x800051f4 (0x00003fed) c.jal   pc - 6
core   0: 0 0x800051f4 (0x3fed) x1  0x800051f6
core   0: 0x800051ee (0x034000ef) jal     pc + 0x34
core   0: 0 0x800051ee (0x034000ef) x1  0x800051f2
core   0: 0x80005222 (0x000037c9) c.jal   pc - 62
core   0: 0 0x80005222 (0x37c9) x1  0x80005224
core   0: 0x800051e4 (0x0300036f) jal     t1, pc + 0x30
core   0: 0 0x800051e4 (0x0300036f) x6  0x800051e8
core   0: 0x80005214 (0x00002811) c.jal   pc + 20
core   0: 0 0x80005214 (0x2811) x1  0x80005216
core   0: 0x80005228 (0x00003fe1) c.jal   pc - 40
core   0: 0 0x80005228 (0x3fe1) x1  0x8000522a
core   0: 0x80005200 (0x000037ed) c.jal   pc - 22
core   0: 0 0x80005200 (0x37ed) x1  0x80005202
core   0: 0x800051ea (0x00002835) c.jal   pc + 60
core   0: 0 0x800051ea (0x2835) x1  0x800051ec
core   0: 0x80005226 (0x0000bfcd) c.j     pc - 14
core   0: 0 0x80005226 (0xbfcd)
core   0: 0x80005218 (0xfd5ff1ef) jal     gp, pc - 0x2c
core   0: 0 0x80005218 (0xfd5ff1ef) x3  0x8000521c
core   0: 0x800051ec (0x0000a091) c.j     pc + 68
core   0: 0 0x800051ec (0xa091)
core   0: 0x80005230 (0x0ff0000f) fence   iorw,iorw
core   0: 0 0x80005230 (0x0ff0000f)
core   0: 0x80005234 (0x00c000ef) jal     pc + 0xc
core   0: 0 0x80005234 (0x00c000ef) x1  0x80005238
core   0: 0x80005240 (0x00002029) c.jal   pc + 10
core   0: 0 0x80005240 (0x2029) x1  0x80005242
core   0: 0x8000524a (0xff3ff0ef) jal     pc - 0xe
core   0: 0 0x8000524a (0xff3ff0ef) x1  0x8000524e
core   0: 0x8000523c (0x0000a029) c.j     pc + 10
core   0: 0 0x8000523c (0xa029)
core   0: 0x80005246 (0x0000a039) c.j     pc + 14
core   0: 0 0x80005246 (0xa039)
core   0: 0x80005254 (0x0000bffd) c.j     pc - 2
core   0: 0 0x80005254 (0xbffd)
core   0: 0x80005252 (0x0000bfdd) c.j     pc - 10
core   0: 0 0x80005252 (0xbfdd)
core   0: 0x80005248 (0x0000bff5) c.j     pc - 4
core   0: 0 0x80005248 (0xbff5)
core   0: 0x80005244 (0x0000bfed) c.j     pc - 6
core   0: 0 0x80005244 (0xbfed)
core   0: 0x8000523e (0x00002801) c.jal   pc + 16
core   0: 0 0x8000523e (0x2801) x1  0x80005240
core   0: 0x8000524e (0xfedff0ef) jal     pc - 0x14
core   0: 0 0x8000524e (0xfedff0ef) x1  0x80005252
core   0: 0x8000523a (0x00002021) c.jal   pc + 8
core   0: 0 0x8000523a (0x2021) x1  0x8000523c
core   0: 0x80005242 (0x00003fdd) c.jal   pc - 10
core   0: 0 0x80005242 (0x3fdd) x1  0x80005244
core   0: 0x80005238 (0x00002839) c.jal   pc + 30
core   0: 0 0x80005238 (0x2839) x1  0x8000523a
core   0: 0x80005256 (0xd31d8237) lui     tp, 0xd31d8
core   0: 0 0x80005256 (0xd31d8237) x4  0xd31d8000
core   0: 0x8000525a (0x00e000ef) jal     pc + 0xe
core   0: 0 0x8000525a (0x00e000ef) x1  0x8000525e
core   0: 0x80005268 (0xffdff0ef) jal     pc - 0x4
core   0: 0 0x80005268 (0xffdff0ef) x1  0x8000526c
core   0: 0x80005264 (0x012001ef) jal     gp, pc + 0x12
core   0: 0 0x80005264 (0x012001ef) x3  0x80005268
core   0: 0x80005276 (0x0000bfed) c.j     pc - 6
core   0: 0 0x80005276 (0xbfed)
core   0: 0x80005270 (0x0000a011) c.j     pc + 4
core   0: 0 0x80005270 (0xa011)
core   0: 0x80005274 (0x0000bffd) c.j     pc - 2
core   0: 0 0x80005274 (0xbffd)
core   0: 0x80005272 (0x00003fed) c.jal   pc - 6
core   0: 0 0x80005272 (0x3fed) x1  0x80005274
core   0: 0x8000526c (0x00c0036f) jal     t1, pc + 0xc
core   0: 0 0x8000526c (0x00c0036f) x6  0x80005270
core   0: 0x80005278 (0x000037dd) c.jal   pc - 26
core   0: 0 0x80005278 (0x37dd) x1  0x8000527a
core   0: 0x8000525e (0x004000ef) jal     pc + 0x4
core   0: 0 0x8000525e (0x004000ef) x1  0x80005262
core   0: 0x80005262 (0x0000a821) c.j     pc + 24
core   0: 0 0x80005262 (0xa821)
core   0: 0x8000527a (0x0120bd33) sltu    s10, ra, s2
core   0: 0 0x8000527a (0x0120bd33) x26 0x00000000
core   0: 0x8000527e (0x032000ef) jal     pc + 0x32
core   0: 0 0x8000527e (0x032000ef) x1  0x80005282
core   0: 0x800052b0 (0x004000ef) jal     pc + 0x4
core   0: 0 0x800052b0 (0x004000ef) x1  0x800052b4
core   0: 0x800052b4 (0x0000bfe9) c.j     pc - 38
core   0: 0 0x800052b4 (0xbfe9)
core   0: 0x8000528e (0x008000ef) jal     pc + 0x8
core   0: 0 0x8000528e (0x008000ef) x1  0x80005292
core   0: 0x80005296 (0xff1ffcef) jal     s9, pc - 0x10
core   0: 0 0x80005296 (0xff1ffcef) x25 0x8000529a
core   0: 0x80005286 (0x01c000ef) jal     pc + 0x1c
core   0: 0 0x80005286 (0x01c000ef) x1  0x8000528a
core   0: 0x800052a2 (0x006000ef) jal     pc + 0x6
core   0: 0 0x800052a2 (0x006000ef) x1  0x800052a6
core   0: 0x800052a8 (0x004000ef) jal     pc + 0x4
core   0: 0 0x800052a8 (0x004000ef) x1  0x800052ac
core   0: 0x800052ac (0x01c000ef) jal     pc + 0x1c
core   0: 0 0x800052ac (0x01c000ef) x1  0x800052b0
core   0: 0x800052c8 (0xfffff1ef) jal     gp, pc - 0x2
core   0: 0 0x800052c8 (0xfffff1ef) x3  0x800052cc
core   0: 0x800052c6 (0x0000bff5) c.j     pc - 4
core   0: 0 0x800052c6 (0xbff5)
core   0: 0x800052c2 (0x00c000ef) jal     pc + 0xc
core   0: 0 0x800052c2 (0x00c000ef) x1  0x800052c6
core   0: 0x800052ce (0xfbfff36f) jal     t1, pc - 0x42
core   0: 0 0x800052ce (0xfbfff36f) x6  0x800052d2
core   0: 0x8000528c (0x00002099) c.jal   pc + 70
core   0: 0 0x8000528c (0x2099) x1  0x8000528e
core   0: 0x800052d2 (0x000037e1) c.jal   pc - 56
core   0: 0 0x800052d2 (0x37e1) x1  0x800052d4
core   0: 0x8000529a (0xfe9ff7ef) jal     a5, pc - 0x18
core   0: 0 0x8000529a (0xfe9ff7ef) x15 0x8000529e
core   0: 0x80005282 (0x010000ef) jal     pc + 0x10
core   0: 0 0x80005282 (0x010000ef) x1  0x80005286
core   0: 0x80005292 (0x02800cef) jal     s9, pc + 0x28
core   0: 0 0x80005292 (0x02800cef) x25 0x80005296
core   0: 0x800052ba (0xfd1ff0ef) jal     pc - 0x30
core   0: 0 0x800052ba (0xfd1ff0ef) x1  0x800052be
core   0: 0x8000528a (0x00002089) c.jal   pc + 66
core   0: 0 0x8000528a (0x2089) x1  0x8000528c
core   0: 0x800052cc (0x0000bfcd) c.j     pc - 14
core   0: 0 0x800052cc (0xbfcd)
core   0: 0x800052be (0xfe1ff0ef) jal     pc - 0x20
core   0: 0 0x800052be (0xfe1ff0ef) x1  0x800052c2
core   0: 0x8000529e (0x008000ef) jal     pc + 0x8
core   0: 0 0x8000529e (0x008000ef) x1  0x800052a2
core   0: 0x800052a6 (0x00002801) c.jal   pc + 16
core   0: 0 0x800052a6 (0x2801) x1  0x800052a8
core   0: 0x800052b6 (0x01e000ef) jal     pc + 0x1e
core   0: 0 0x800052b6 (0x01e000ef) x1  0x800052ba
core   0: 0x800052d4 (0x00000276) c.slli  tp, 29
core   0: 0 0x800052d4 (0x0276) x4  0x00000000
core   0: 0x800052d6 (0x006000ef) jal     pc + 0x6
core   0: 0 0x800052d6 (0x006000ef) x1  0x800052da
core   0: 0x800052dc (0x00003ffd) c.jal   pc - 2
core   0: 0 0x800052dc (0x3ffd) x1  0x800052de
core   0: 0x800052da (0x0000281d) c.jal   pc + 54
core   0: 0 0x800052da (0x281d) x1  0x800052dc
core   0: 0x80005310 (0x00c0036f) jal     t1, pc + 0xc
core   0: 0 0x80005310 (0x00c0036f) x6  0x80005314
core   0: 0x8000531c (0xfd1ff0ef) jal     pc - 0x30
core   0: 0 0x8000531c (0xfd1ff0ef) x1  0x80005320
core   0: 0x800052ec (0x00002821) c.jal   pc + 24
core   0: 0 0x800052ec (0x2821) x1  0x800052ee
core   0: 0x80005304 (0x00002021) c.jal   pc + 8
core   0: 0 0x80005304 (0x2021) x1  0x80005306
core   0: 0x8000530c (0xfd9ffa6f) jal     s4, pc - 0x28
core   0: 0 0x8000530c (0xfd9ffa6f) x20 0x80005310
core   0: 0x800052e4 (0xffbfffef) jal     t6, pc - 0x6
core   0: 0 0x800052e4 (0xffbfffef) x31 0x800052e8
core   0: 0x800052de (0x00002029) c.jal   pc + 10
core   0: 0 0x800052de (0x2029) x1  0x800052e0
core   0: 0x800052e8 (0x0000a839) c.j     pc + 30
core   0: 0 0x800052e8 (0xa839)
core   0: 0x80005306 (0xff9ff5ef) jal     a1, pc - 0x8
core   0: 0 0x80005306 (0xff9ff5ef) x11 0x8000530a
core   0: 0x800052fe (0x00002829) c.jal   pc + 26
core   0: 0 0x800052fe (0x2829) x1  0x80005300
core   0: 0x80005318 (0xfd7ff26f) jal     tp, pc - 0x2a
core   0: 0 0x80005318 (0xfd7ff26f) x4  0x8000531c
core   0: 0x800052ee (0x01c000ef) jal     pc + 0x1c
core   0: 0 0x800052ee (0x01c000ef) x1  0x800052f2
core   0: 0x8000530a (0x00002031) c.jal   pc + 12
core   0: 0 0x8000530a (0x2031) x1  0x8000530c
core   0: 0x80005316 (0x0000bffd) c.j     pc - 2
core   0: 0 0x80005316 (0xbffd)
core   0: 0x80005314 (0x0000b7fd) c.j     pc - 18
core   0: 0 0x80005314 (0xb7fd)
core   0: 0x80005302 (0x0000bfd5) c.j     pc - 12
core   0: 0 0x80005302 (0xbfd5)
core   0: 0x800052f6 (0x00a000ef) jal     pc + 0xa
core   0: 0 0x800052f6 (0x00a000ef) x1  0x800052fa
core   0: 0x80005300 (0x000037ed) c.jal   pc - 22
core   0: 0 0x80005300 (0x37ed) x1  0x80005302
core   0: 0x800052ea (0x0000a029) c.j     pc + 10
core   0: 0 0x800052ea (0xa029)
core   0: 0x800052f4 (0x0000b7f5) c.j     pc - 20
core   0: 0 0x800052f4 (0xb7f5)
core   0: 0x800052e0 (0x012000ef) jal     pc + 0x12
core   0: 0 0x800052e0 (0x012000ef) x1  0x800052e4
core   0: 0x800052f2 (0x0000a021) c.j     pc + 8
core   0: 0 0x800052f2 (0xa021)
core   0: 0x800052fa (0x026002ef) jal     t0, pc + 0x26
core   0: 0 0x800052fa (0x026002ef) x5  0x800052fe
core   0: 0x80005320 (0x3cee0d17) auipc   s10, 0x3cee0
core   0: 0 0x80005320 (0x3cee0d17) x26 0xbcee5320
core   0: 0x80005324 (0x008000ef) jal     pc + 0x8
core   0: 0 0x80005324 (0x008000ef) x1  0x80005328
core   0: 0x8000532c (0x00002809) c.jal   pc + 18
core   0: 0 0x8000532c (0x2809) x1  0x8000532e
core   0: 0x8000533e (0x0120036f) jal     t1, pc + 0x12
core   0: 0 0x8000533e (0x0120036f) x6  0x80005342
core   0: 0x80005350 (0x000037f5) c.jal   pc - 20
core   0: 0 0x80005350 (0x37f5) x1  0x80005352
core   0: 0x8000533c (0x0000bffd) c.j     pc - 2
core   0: 0 0x8000533c (0xbffd)
core   0: 0x8000533a (0x00002031) c.jal   pc + 12
core   0: 0 0x8000533a (0x2031) x1  0x8000533c
core   0: 0x80005346 (0x0000a019) c.j     pc + 6
core   0: 0 0x80005346 (0xa019)
core   0: 0x8000534c (0xff7ff0ef) jal     pc - 0xa
core   0: 0 0x8000534c (0xff7ff0ef) x1  0x80005350
core   0: 0x80005342 (0x00003fcd) c.jal   pc - 14
core   0: 0 0x80005342 (0x3fcd) x1  0x80005344
core   0: 0x80005334 (0x0000bffd) c.j     pc - 2
core   0: 0 0x80005334 (0xbffd)
core   0: 0x80005332 (0x0000a809) c.j     pc + 18
core   0: 0 0x80005332 (0xa809)
core   0: 0x80005344 (0x000037f5) c.jal   pc - 20
core   0: 0 0x80005344 (0x37f5) x1  0x80005346
core   0: 0x80005330 (0x00002019) c.jal   pc + 6
core   0: 0 0x80005330 (0x2019) x1  0x80005332
core   0: 0x80005336 (0xff9ff36f) jal     t1, pc - 0x8
core   0: 0 0x80005336 (0xff9ff36f) x6  0x8000533a
core   0: 0x8000532e (0x00003fed) c.jal   pc - 6
core   0: 0 0x8000532e (0x3fed) x1  0x80005330
core   0: 0x80005328 (0x020000ef) jal     pc + 0x20
core   0: 0 0x80005328 (0x020000ef) x1  0x8000532c
core   0: 0x80005348 (0x00a000ef) jal     pc + 0xa
core   0: 0 0x80005348 (0x00a000ef) x1  0x8000534c
core   0: 0x80005352 (0x4beef993) andi    s3, t4, 1214
core   0: 0 0x80005352 (0x4beef993) x19 0x0000042e
core   0: 0x80005356 (0x024000ef) jal     pc + 0x24
core   0: 0 0x80005356 (0x024000ef) x1  0x8000535a
core   0: 0x8000537a (0xfe3ff36f) jal     t1, pc - 0x1e
core   0: 0 0x8000537a (0xfe3ff36f) x6  0x8000537e
core   0: 0x8000535c (0x012000ef) jal     pc + 0x12
core   0: 0 0x8000535c (0x012000ef) x1  0x80005360
core   0: 0x8000536e (0x00a0036f) jal     t1, pc + 0xa
core   0: 0 0x8000536e (0x00a0036f) x6  0x80005372
core   0: 0x80005378 (0x0000bfed) c.j     pc - 6
core   0: 0 0x80005378 (0xbfed)
core   0: 0x80005372 (0xfe9ff36f) jal     t1, pc - 0x18
core   0: 0 0x80005372 (0xfe9ff36f) x6  0x80005376
core   0: 0x8000535a (0x0000a801) c.j     pc + 16
core   0: 0 0x8000535a (0xa801)
core   0: 0x8000536a (0xfffff36f) jal     t1, pc - 0x2
core   0: 0 0x8000536a (0xfffff36f) x6  0x8000536e
core   0: 0x80005368 (0x00003fe5) c.jal   pc - 8
core   0: 0 0x80005368 (0x3fe5) x1  0x8000536a
core   0: 0x80005360 (0x0000a819) c.j     pc + 22
core   0: 0 0x80005360 (0xa819)
core   0: 0x80005376 (0x000037fd) c.jal   pc - 18
core   0: 0 0x80005376 (0x37fd) x1  0x80005378
core   0: 0x80005364 (0xfffff36f) jal     t1, pc - 0x2
core   0: 0 0x80005364 (0xfffff36f) x6  0x80005368
core   0: 0x80005362 (0x00002831) c.jal   pc + 28
core   0: 0 0x80005362 (0x2831) x1  0x80005364
core   0: 0x8000537e (0x00006319) c.lui   t1, 0x6
core   0: 0 0x8000537e (0x6319) x6  0x00006000
core   0: 0x80005380 (0x032000ef) jal     pc + 0x32
core   0: 0 0x80005380 (0x032000ef) x1  0x80005384
core   0: 0x800053b2 (0x00003ffd) c.jal   pc - 2
core   0: 0 0x800053b2 (0x3ffd) x1  0x800053b4
core   0: 0x800053b0 (0x0000b7c5) c.j     pc - 32
core   0: 0 0x800053b0 (0xb7c5)
core   0: 0x80005390 (0x00003ff5) c.jal   pc - 4
core   0: 0 0x80005390 (0x3ff5) x1  0x80005392
core   0: 0x8000538c (0x006000ef) jal     pc + 0x6
core   0: 0 0x8000538c (0x006000ef) x1  0x80005390
core   0: 0x80005392 (0x00002021) c.jal   pc + 8
core   0: 0 0x80005392 (0x2021) x1  0x80005394
core   0: 0x8000539a (0x0000bfed) c.j     pc - 6
core   0: 0 0x8000539a (0xbfed)
core   0: 0x80005394 (0x0000bfdd) c.j     pc - 10
core   0: 0 0x80005394 (0xbfdd)
core   0: 0x8000538a (0x00002831) c.jal   pc + 28
core   0: 0 0x8000538a (0x2831) x1  0x8000538c
core   0: 0x800053a6 (0x0000bffd) c.j     pc - 2
core   0: 0 0x800053a6 (0xbffd)
core   0: 0x800053a4 (0x00003fcd) c.jal   pc - 14
core   0: 0 0x800053a4 (0x3fcd) x1  0x800053a6
core   0: 0x80005396 (0x00c0036f) jal     t1, pc + 0xc
core   0: 0 0x80005396 (0x00c0036f) x6  0x8000539a
core   0: 0x800053a2 (0x00003ff5) c.jal   pc - 4
core   0: 0 0x800053a2 (0x3ff5) x1  0x800053a4
core   0: 0x8000539e (0xfffff4ef) jal     s1, pc - 0x2
core   0: 0 0x8000539e (0xfffff4ef) x9  0x800053a2
core   0: 0x8000539c (0x0000a039) c.j     pc + 14
core   0: 0 0x8000539c (0xa039)
core   0: 0x800053aa (0xfdbff36f) jal     t1, pc - 0x26
core   0: 0 0x800053aa (0xfdbff36f) x6  0x800053ae
core   0: 0x80005384 (0x00002015) c.jal   pc + 36
core   0: 0 0x80005384 (0x2015) x1  0x80005386
core   0: 0x800053a8 (0x000037c5) c.jal   pc - 32
core   0: 0 0x800053a8 (0x37c5) x1  0x800053aa
core   0: 0x80005388 (0x00003ffd) c.jal   pc - 2
core   0: 0 0x80005388 (0x3ffd) x1  0x8000538a
core   0: 0x80005386 (0x00002025) c.jal   pc + 40
core   0: 0 0x80005386 (0x2025) x1  0x80005388
core   0: 0x800053ae (0x00002019) c.jal   pc + 6
core   0: 0 0x800053ae (0x2019) x1  0x800053b0
core   0: 0x800053b4 (0x024f61b3) rem     gp, t5, tp
core   0: 0 0x800053b4 (0x024f61b3) x3  0xfffffd7a
core   0: 0x800053b8 (0x02c000ef) jal     pc + 0x2c
core   0: 0 0x800053b8 (0x02c000ef) x1  0x800053bc
core   0: 0x800053e4 (0xfd9ff0ef) jal     pc - 0x28
core   0: 0 0x800053e4 (0xfd9ff0ef) x1  0x800053e8
core   0: 0x800053bc (0x0000a809) c.j     pc + 18
core   0: 0 0x800053bc (0xa809)
core   0: 0x800053ce (0x00002021) c.jal   pc + 8
core   0: 0 0x800053ce (0x2021) x1  0x800053d0
core   0: 0x800053d6 (0x0000b7ed) c.j     pc - 22
core   0: 0 0x800053d6 (0xb7ed)
core   0: 0x800053c0 (0x028000ef) jal     pc + 0x28
core   0: 0 0x800053c0 (0x028000ef) x1  0x800053c4
core   0: 0x800053e8 (0x000037d5) c.jal   pc - 28
core   0: 0 0x800053e8 (0x37d5) x1  0x800053ea
core   0: 0x800053cc (0x0000a021) c.j     pc + 8
core   0: 0 0x800053cc (0xa021)
core   0: 0x800053d4 (0x0000a021) c.j     pc + 8
core   0: 0 0x800053d4 (0xa021)
core   0: 0x800053dc (0x0000b7cd) c.j     pc - 30
core   0: 0 0x800053dc (0xb7cd)
core   0: 0x800053be (0x0000a829) c.j     pc + 26
core   0: 0 0x800053be (0xa829)
core   0: 0x800053d8 (0xff1ff0ef) jal     pc - 0x10
core   0: 0 0x800053d8 (0xff1ff0ef) x1  0x800053dc
core   0: 0x800053c8 (0x0220036f) jal     t1, pc + 0x22
core   0: 0 0x800053c8 (0x0220036f) x6  0x800053cc
core   0: 0x800053ea (0xff5ff0ef) jal     pc - 0xc
core   0: 0 0x800053ea (0xff5ff0ef) x1  0x800053ee
core   0: 0x800053de (0x00002011) c.jal   pc + 4
core   0: 0 0x800053de (0x2011) x1  0x800053e0
core   0: 0x800053e2 (0x000037cd) c.jal   pc - 30
core   0: 0 0x800053e2 (0x37cd) x1  0x800053e4
core   0: 0x800053c4 (0x00002009) c.jal   pc + 2
core   0: 0 0x800053c4 (0x2009) x1  0x800053c6
core   0: 0x800053c6 (0x00002829) c.jal   pc + 26
core   0: 0 0x800053c6 (0x2829) x1  0x800053c8
core   0: 0x800053e0 (0x0000bfc5) c.j     pc - 16
core   0: 0 0x800053e0 (0xbfc5)
core   0: 0x800053d0 (0x01e000ef) jal     pc + 0x1e
core   0: 0 0x800053d0 (0x01e000ef) x1  0x800053d4
core   0: 0x800053ee (0x00000942) c.slli  s2, 16
core   0: 0 0x800053ee (0x0942) x18 0x4f6e0000
core   0: 0x800053f0 (0x006000ef) jal     pc + 0x6
core   0: 0 0x800053f0 (0x006000ef) x1  0x800053f4
core   0: 0x800053f6 (0x00002021) c.jal   pc + 8
core   0: 0 0x800053f6 (0x2021) x1  0x800053f8
core   0: 0x800053fe (0x0000a801) c.j     pc + 16
core   0: 0 0x800053fe (0xa801)
core   0: 0x8000540e (0x00003fed) c.jal   pc - 6
core   0: 0 0x8000540e (0x3fed) x1  0x80005410
core   0: 0x80005408 (0xffbff2ef) jal     t0, pc - 0x6
core   0: 0 0x80005408 (0xffbff2ef) x5  0x8000540c
core   0: 0x80005402 (0x00002039) c.jal   pc + 14
core   0: 0 0x80005402 (0x2039) x1  0x80005404
core   0: 0x80005410 (0xff5ff0ef) jal     pc - 0xc
core   0: 0 0x80005410 (0xff5ff0ef) x1  0x80005414
core   0: 0x80005404 (0xffdff86f) jal     a6, pc - 0x4
core   0: 0 0x80005404 (0xffdff86f) x16 0x80005408
core   0: 0x80005400 (0x00003fd5) c.jal   pc - 12
core   0: 0 0x80005400 (0x3fd5) x1  0x80005402
core   0: 0x800053f4 (0x0000a821) c.j     pc + 24
core   0: 0 0x800053f4 (0xa821)
core   0: 0x8000540c (0x0000bfc5) c.j     pc - 16
core   0: 0 0x8000540c (0xbfc5)
core   0: 0x800053fc (0x00003ff5) c.jal   pc - 4
core   0: 0 0x800053fc (0x3ff5) x1  0x800053fe
core   0: 0x800053f8 (0x01c0026f) jal     tp, pc + 0x1c
core   0: 0 0x800053f8 (0x01c0026f) x4  0x800053fc
core   0: 0x80005414 (0x00000001) c.nop
core   0: 0 0x80005414 (0x0001)
core   0: 0x80005416 (0x004000ef) jal     pc + 0x4
core   0: 0 0x80005416 (0x004000ef) x1  0x8000541a
core   0: 0x8000541a (0x0000a819) c.j     pc + 22
core   0: 0 0x8000541a (0xa819)
core   0: 0x80005430 (0x0000bffd) c.j     pc - 2
core   0: 0 0x80005430 (0xbffd)
core   0: 0x8000542e (0x00002011) c.jal   pc + 4
core   0: 0 0x8000542e (0x2011) x1  0x80005430
core   0: 0x80005432 (0xffbffb6f) jal     s6, pc - 0x6
core   0: 0 0x80005432 (0xffbffb6f) x22 0x80005436
core   0: 0x8000542c (0x00003fcd) c.jal   pc - 14
core   0: 0 0x8000542c (0x3fcd) x1  0x8000542e
core   0: 0x8000541e (0x0040036f) jal     t1, pc + 0x4
core   0: 0 0x8000541e (0x0040036f) x6  0x80005422
core   0: 0x80005422 (0x008000ef) jal     pc + 0x8
core   0: 0 0x80005422 (0x008000ef) x1  0x80005426
core   0: 0x8000542a (0x00003ff5) c.jal   pc - 4
core   0: 0 0x8000542a (0x3ff5) x1  0x8000542c
core   0: 0x80005426 (0x012000ef) jal     pc + 0x12
core   0: 0 0x80005426 (0x012000ef) x1  0x8000542a
core   0: 0x80005438 (0xfffff0ef) jal     pc - 0x2
core   0: 0 0x80005438 (0xfffff0ef) x1  0x8000543c
core   0: 0x80005436 (0x000037dd) c.jal   pc - 26
core   0: 0 0x80005436 (0x37dd) x1  0x80005438
core   0: 0x8000541c (0x0000a005) c.j     pc + 32
core   0: 0 0x8000541c (0xa005)
core   0: 0x8000543c (0x00000001) c.nop
core   0: 0 0x8000543c (0x0001)
core   0: 0x8000543e (0x008000ef) jal     pc + 0x8
core   0: 0 0x8000543e (0x008000ef) x1  0x80005442
core   0: 0x80005446 (0x00002009) c.jal   pc + 2
core   0: 0 0x80005446 (0x2009) x1  0x80005448
core   0: 0x80005448 (0x0000a019) c.j     pc + 6
core   0: 0 0x80005448 (0xa019)
core   0: 0x8000544e (0x010000ef) jal     pc + 0x10
core   0: 0 0x8000544e (0x010000ef) x1  0x80005452
core   0: 0x8000545e (0x004005ef) jal     a1, pc + 0x4
core   0: 0 0x8000545e (0x004005ef) x11 0x80005462
core   0: 0x80005462 (0x00003fe5) c.jal   pc - 8
core   0: 0 0x80005462 (0x3fe5) x1  0x80005464
core   0: 0x8000545a (0x00e0056f) jal     a0, pc + 0xe
core   0: 0 0x8000545a (0x00e0056f) x10 0x8000545e
core   0: 0x80005468 (0x000037f5) c.jal   pc - 20
core   0: 0 0x80005468 (0x37f5) x1  0x8000546a
core   0: 0x80005454 (0x0000a809) c.j     pc + 18
core   0: 0 0x80005454 (0xa809)
core   0: 0x80005466 (0x0000b7dd) c.j     pc - 26
core   0: 0 0x80005466 (0xb7dd)
core   0: 0x8000544c (0x00003fdd) c.jal   pc - 10
core   0: 0 0x8000544c (0x3fdd) x1  0x8000544e
core   0: 0x80005442 (0x0140026f) jal     tp, pc + 0x14
core   0: 0 0x80005442 (0x0140026f) x4  0x80005446
core   0: 0x80005456 (0xffdff26f) jal     tp, pc - 0x4
core   0: 0 0x80005456 (0xffdff26f) x4  0x8000545a
core   0: 0x80005452 (0x00003fe5) c.jal   pc - 8
core   0: 0 0x80005452 (0x3fe5) x1  0x80005454
core   0: 0x8000544a (0x00002005) c.jal   pc + 32
core   0: 0 0x8000544a (0x2005) x1  0x8000544c
core   0: 0x8000546a (0x00003fed) c.jal   pc - 6
core   0: 0 0x8000546a (0x3fed) x1  0x8000546c
core   0: 0x80005464 (0x00002021) c.jal   pc + 8
core   0: 0 0x80005464 (0x2021) x1  0x80005466
core   0: 0x8000546c (0x01373db3) sltu    s11, a4, s3
core   0: 0 0x8000546c (0x01373db3) x27 0x00000000
core   0: 0x80005470 (0x00c000ef) jal     pc + 0xc
core   0: 0 0x80005470 (0x00c000ef) x1  0x80005474
core   0: 0x8000547c (0x0040036f) jal     t1, pc + 0x4
core   0: 0 0x8000547c (0x0040036f) x6  0x80005480
core   0: 0x80005480 (0x006000ef) jal     pc + 0x6
core   0: 0 0x80005480 (0x006000ef) x1  0x80005484
core   0: 0x80005486 (0x0000bffd) c.j     pc - 2
core   0: 0 0x80005486 (0xbffd)
core   0: 0x80005484 (0x00002011) c.jal   pc + 4
core   0: 0 0x80005484 (0x2011) x1  0x80005486
core   0: 0x80005488 (0x00003fcd) c.jal   pc - 14
core   0: 0 0x80005488 (0x3fcd) x1  0x8000548a
core   0: 0x8000547a (0x00003ffd) c.jal   pc - 2
core   0: 0 0x8000547a (0x3ffd) x1  0x8000547c
core   0: 0x80005478 (0x0000a811) c.j     pc + 20
core   0: 0 0x80005478 (0xa811)
core   0: 0x8000548c (0x0000bffd) c.j     pc - 2
core   0: 0 0x8000548c (0xbffd)
core   0: 0x8000548a (0x0000b7ed) c.j     pc - 22
core   0: 0 0x8000548a (0xb7ed)
core   0: 0x80005474 (0x01a000ef) jal     pc + 0x1a
core   0: 0 0x80005474 (0x01a000ef) x1  0x80005478
core   0: 0x8000548e (0x021a6a33) rem     s4, s4, ra
core   0: 0 0x8000548e (0x021a6a33) x20 0xfffffe98
core   0: 0x80005492 (0x034000ef) jal     pc + 0x34
core   0: 0 0x80005492 (0x034000ef) x1  0x80005496
core   0: 0x800054c6 (0x00002011) c.jal   pc + 4
core   0: 0 0x800054c6 (0x2011) x1  0x800054c8
core   0: 0x800054ca (0x000037ed) c.jal   pc - 22
core   0: 0 0x800054ca (0x37ed) x1  0x800054cc
core   0: 0x800054b4 (0x0000a829) c.j     pc + 26
core   0: 0 0x800054b4 (0xa829)
core   0: 0x800054ce (0x0080036f) jal     t1, pc + 0x8
core   0: 0 0x800054ce (0x0080036f) x6  0x800054d2
core   0: 0x800054d6 (0x00c0036f) jal     t1, pc + 0xc
core   0: 0 0x800054d6 (0x00c0036f) x6  0x800054da
core   0: 0x800054e2 (0x0000b7ed) c.j     pc - 22
core   0: 0 0x800054e2 (0xb7ed)
core   0: 0x800054cc (0x0000bff5) c.j     pc - 4
core   0: 0 0x800054cc (0xbff5)
core   0: 0x800054c8 (0x00003ff5) c.jal   pc - 4
core   0: 0 0x800054c8 (0x3ff5) x1  0x800054ca
core   0: 0x800054c4 (0x0000b7dd) c.j     pc - 26
core   0: 0 0x800054c4 (0xb7dd)
core   0: 0x800054aa (0x0000a821) c.j     pc + 24
core   0: 0 0x800054aa (0xa821)
core   0: 0x800054c2 (0x0000b7c5) c.j     pc - 32
core   0: 0 0x800054c2 (0xb7c5)
core   0: 0x800054a2 (0x03c000ef) jal     pc + 0x3c
core   0: 0 0x800054a2 (0x03c000ef) x1  0x800054a6
core   0: 0x800054de (0xff7ff0ef) jal     pc - 0xa
core   0: 0 0x800054de (0xff7ff0ef) x1  0x800054e2
core   0: 0x800054d4 (0x0000b7ed) c.j     pc - 22
core   0: 0 0x800054d4 (0xb7ed)
core   0: 0x800054be (0x0000a811) c.j     pc + 20
core   0: 0 0x800054be (0xa811)
core   0: 0x800054d2 (0x00003ff9) c.jal   pc - 34
core   0: 0 0x800054d2 (0x3ff9) x1  0x800054d4
core   0: 0x800054b0 (0x0000b7e5) c.j     pc - 24
core   0: 0 0x800054b0 (0xb7e5)
core   0: 0x80005498 (0x020000ef) jal     pc + 0x20
core   0: 0 0x80005498 (0x020000ef) x1  0x8000549c
core   0: 0x800054b8 (0x0000200d) c.jal   pc + 34
core   0: 0 0x800054b8 (0x200d) x1  0x800054ba
core   0: 0x800054da (0x0000a009) c.j     pc + 2
core   0: 0 0x800054da (0xa009)
core   0: 0x800054dc (0x0000bf6d) c.j     pc - 70
core   0: 0 0x800054dc (0xbf6d)
core   0: 0x80005496 (0x0000a005) c.j     pc + 32
core   0: 0 0x80005496 (0xa005)
core   0: 0x800054b6 (0x0000b7dd) c.j     pc - 26
core   0: 0 0x800054b6 (0xb7dd)
core   0: 0x8000549c (0x0160026f) jal     tp, pc + 0x16
core   0: 0 0x8000549c (0x0160026f) x4  0x800054a0
core   0: 0x800054b2 (0x0000bfd5) c.j     pc - 12
core   0: 0 0x800054b2 (0xbfd5)
core   0: 0x800054a6 (0xffbff36f) jal     t1, pc - 0x6
core   0: 0 0x800054a6 (0xffbff36f) x6  0x800054aa
core   0: 0x800054a0 (0x0000a031) c.j     pc + 12
core   0: 0 0x800054a0 (0xa031)
core   0: 0x800054ac (0x00e00c6f) jal     s8, pc + 0xe
core   0: 0 0x800054ac (0x00e00c6f) x24 0x800054b0
core   0: 0x800054ba (0x0060036f) jal     t1, pc + 0x6
core   0: 0 0x800054ba (0x0060036f) x6  0x800054be
core   0: 0x800054c0 (0x00002015) c.jal   pc + 36
core   0: 0 0x800054c0 (0x2015) x1  0x800054c2
core   0: 0x800054e4 (0x8ebb6393) ori     t2, s6, -1813
core   0: 0 0x800054e4 (0x8ebb6393) x7  0xfffffcff
core   0: 0x800054e8 (0x016000ef) jal     pc + 0x16
core   0: 0 0x800054e8 (0x016000ef) x1  0x800054ec
core   0: 0x800054fe (0x026000ef) jal     pc + 0x26
core   0: 0 0x800054fe (0x026000ef) x1  0x80005502
core   0: 0x80005524 (0xfc9ff26f) jal     tp, pc - 0x38
core   0: 0 0x80005524 (0xfc9ff26f) x4  0x80005528
core   0: 0x800054ec (0x0000a835) c.j     pc + 60
core   0: 0 0x800054ec (0xa835)
core   0: 0x80005528 (0x00003fe9) c.jal   pc - 38
core   0: 0 0x80005528 (0x3fe9) x1  0x8000552a
core   0: 0x80005502 (0x0000bfd5) c.j     pc - 12
core   0: 0 0x80005502 (0xbfd5)
core   0: 0x800054f6 (0x020000ef) jal     pc + 0x20
core   0: 0 0x800054f6 (0x020000ef) x1  0x800054fa
core   0: 0x80005516 (0x0000bfed) c.j     pc - 6
core   0: 0 0x80005516 (0xbfed)
core   0: 0x80005510 (0x0000bff9) c.j     pc - 34
core   0: 0 0x80005510 (0xbff9)
core   0: 0x800054ee (0x0000202d) c.jal   pc + 42
core   0: 0 0x800054ee (0x202d) x1  0x800054f0
core   0: 0x80005518 (0x000037fd) c.jal   pc - 18
core   0: 0 0x80005518 (0x37fd) x1  0x8000551a
core   0: 0x80005506 (0x00800def) jal     s11, pc + 0x8
core   0: 0 0x80005506 (0x00800def) x27 0x8000550a
core   0: 0x8000550e (0x00002809) c.jal   pc + 18
core   0: 0 0x8000550e (0x2809) x1  0x80005510
core   0: 0x80005520 (0x00003ff1) c.jal   pc - 36
core   0: 0 0x80005520 (0x3ff1) x1  0x80005522
core   0: 0x800054fc (0x0000a01d) c.j     pc + 38
core   0: 0 0x800054fc (0xa01d)
core   0: 0x80005522 (0x000037f9) c.jal   pc - 50
core   0: 0 0x80005522 (0x37f9) x1  0x80005524
core   0: 0x800054f0 (0x0000200d) c.jal   pc + 34
core   0: 0 0x800054f0 (0x200d) x1  0x800054f2
core   0: 0x80005512 (0xffbff0ef) jal     pc - 0x6
core   0: 0 0x80005512 (0xffbff0ef) x1  0x80005516
core   0: 0x8000550c (0x000037dd) c.jal   pc - 26
core   0: 0 0x8000550c (0x37dd) x1  0x8000550e
core   0: 0x800054f2 (0x012000ef) jal     pc + 0x12
core   0: 0 0x800054f2 (0x012000ef) x1  0x800054f6
core   0: 0x80005504 (0x0000a819) c.j     pc + 22
core   0: 0 0x80005504 (0xa819)
core   0: 0x8000551a (0x004000ef) jal     pc + 0x4
core   0: 0 0x8000551a (0x004000ef) x1  0x8000551e
core   0: 0x8000551e (0x0000b7f5) c.j     pc - 20
core   0: 0 0x8000551e (0xb7f5)
core   0: 0x8000550a (0x00003fc5) c.jal   pc - 16
core   0: 0 0x8000550a (0x3fc5) x1  0x8000550c
core   0: 0x800054fa (0x0000a805) c.j     pc + 48
core   0: 0 0x800054fa (0xa805)
core   0: 0x8000552a (0x4079d6b3) sra     a3, s3, t2
core   0: 0 0x8000552a (0x4079d6b3) x13 0x00000000
core   0: 0x8000552e (0x014000ef) jal     pc + 0x14
core   0: 0 0x8000552e (0x014000ef) x1  0x80005532
core   0: 0x80005542 (0x012000ef) jal     pc + 0x12
core   0: 0 0x80005542 (0x012000ef) x1  0x80005546
core   0: 0x80005554 (0xfe9ffa6f) jal     s4, pc - 0x18
core   0: 0 0x80005554 (0xfe9ffa6f) x20 0x80005558
core   0: 0x8000553c (0x012000ef) jal     pc + 0x12
core   0: 0 0x8000553c (0x012000ef) x1  0x80005540
core   0: 0x8000554e (0x00002029) c.jal   pc + 10
core   0: 0 0x8000554e (0x2029) x1  0x80005550
core   0: 0x80005558 (0xfddffb6f) jal     s6, pc - 0x24
core   0: 0 0x80005558 (0xfddffb6f) x22 0x8000555c
core   0: 0x80005534 (0x00002809) c.jal   pc + 18
core   0: 0 0x80005534 (0x2809) x1  0x80005536
core   0: 0x80005546 (0x0000a011) c.j     pc + 4
core   0: 0 0x80005546 (0xa011)
core   0: 0x8000554a (0x00002809) c.jal   pc + 18
core   0: 0 0x8000554a (0x2809) x1  0x8000554c
core   0: 0x8000555c (0x0000bff9) c.j     pc - 34
core   0: 0 0x8000555c (0xbff9)
core   0: 0x8000553a (0x0000a039) c.j     pc + 14
core   0: 0 0x8000553a (0xa039)
core   0: 0x80005548 (0x00002029) c.jal   pc + 10
core   0: 0 0x80005548 (0x2029) x1  0x8000554a
core   0: 0x80005552 (0x000037fd) c.jal   pc - 18
core   0: 0 0x80005552 (0x37fd) x1  0x80005554
core   0: 0x80005540 (0x00003fdd) c.jal   pc - 10
core   0: 0 0x80005540 (0x3fdd) x1  0x80005542
core   0: 0x80005536 (0x00003ff5) c.jal   pc - 4
core   0: 0 0x80005536 (0x3ff5) x1  0x80005538
core   0: 0x80005532 (0x0000a019) c.j     pc + 6
core   0: 0 0x80005532 (0xa019)
core   0: 0x80005538 (0x00002821) c.jal   pc + 24
core   0: 0 0x80005538 (0x2821) x1  0x8000553a
core   0: 0x80005550 (0x0000bff5) c.j     pc - 4
core   0: 0 0x80005550 (0xbff5)
core   0: 0x8000554c (0x00002809) c.jal   pc + 18
core   0: 0 0x8000554c (0x2809) x1  0x8000554e
core   0: 0x8000555e (0x01386433) or      s0, a6, s3
core   0: 0 0x8000555e (0x01386433) x8  0x8000542e
core   0: 0x80005562 (0x01c000ef) jal     pc + 0x1c
core   0: 0 0x80005562 (0x01c000ef) x1  0x80005566
core   0: 0x8000557e (0xffdff0ef) jal     pc - 0x4
core   0: 0 0x8000557e (0xffdff0ef) x1  0x80005582
core   0: 0x8000557a (0x00002009) c.jal   pc + 2
core   0: 0 0x8000557a (0x2009) x1  0x8000557c
core   0: 0x8000557c (0x00003fd5) c.jal   pc - 12
core   0: 0 0x8000557c (0x3fd5) x1  0x8000557e
core   0: 0x80005570 (0xffbff0ef) jal     pc - 0x6
core   0: 0 0x80005570 (0xffbff0ef) x1  0x80005574
core   0: 0x8000556a (0x004000ef) jal     pc + 0x4
core   0: 0 0x8000556a (0x004000ef) x1  0x8000556e
core   0: 0x8000556e (0x0000a819) c.j     pc + 22
core   0: 0 0x8000556e (0xa819)
core   0: 0x80005584 (0x00002019) c.jal   pc + 6
core   0: 0 0x80005584 (0x2019) x1  0x80005586
core   0: 0x8000558a (0x000037ed) c.jal   pc - 22
core   0: 0 0x8000558a (0x37ed) x1  0x8000558c
core   0: 0x80005574 (0x01200cef) jal     s9, pc + 0x12
core   0: 0 0x80005574 (0x01200cef) x25 0x80005578
core   0: 0x80005586 (0x0000a009) c.j     pc + 2
core   0: 0 0x80005586 (0xa009)
core   0: 0x80005588 (0x00003fed) c.jal   pc - 6
core   0: 0 0x80005588 (0x3fed) x1  0x8000558a
core   0: 0x80005582 (0x0000bfdd) c.j     pc - 10
core   0: 0 0x80005582 (0xbfdd)
core   0: 0x80005578 (0x0000bfc5) c.j     pc - 16
core   0: 0 0x80005578 (0xbfc5)
core   0: 0x80005568 (0x00003ffd) c.jal   pc - 2
core   0: 0 0x80005568 (0x3ffd) x1  0x8000556a
core   0: 0x80005566 (0x0000a01d) c.j     pc + 38
core   0: 0 0x80005566 (0xa01d)
core   0: 0x8000558c (0x021173b3) remu    t2, sp, ra
core   0: 0 0x8000558c (0x021173b3) x7  0x75e3432b
core   0: 0x80005590 (0x01a000ef) jal     pc + 0x1a
core   0: 0 0x80005590 (0x01a000ef) x1  0x80005594
core   0: 0x800055aa (0x0000b7f5) c.j     pc - 20
core   0: 0 0x800055aa (0xb7f5)
core   0: 0x80005596 (0x0000a031) c.j     pc + 12
core   0: 0 0x80005596 (0xa031)
core   0: 0x800055a2 (0x00003fe5) c.jal   pc - 8
core   0: 0 0x800055a2 (0x3fe5) x1  0x800055a4
core   0: 0x8000559a (0x00002039) c.jal   pc + 14
core   0: 0 0x8000559a (0x2039) x1  0x8000559c
core   0: 0x800055a8 (0x00003fdd) c.jal   pc - 10
core   0: 0 0x800055a8 (0x3fdd) x1  0x800055aa
core   0: 0x8000559e (0x00e0026f) jal     tp, pc + 0xe
core   0: 0 0x8000559e (0x00e0026f) x4  0x800055a2
core   0: 0x800055ac (0x000037e5) c.jal   pc - 24
core   0: 0 0x800055ac (0x37e5) x1  0x800055ae
core   0: 0x80005594 (0x00002801) c.jal   pc + 16
core   0: 0 0x80005594 (0x2801) x1  0x80005596
core   0: 0x800055a4 (0x00002009) c.jal   pc + 2
core   0: 0 0x800055a4 (0x2009) x1  0x800055a6
core   0: 0x800055a6 (0x00003fdd) c.jal   pc - 10
core   0: 0 0x800055a6 (0x3fdd) x1  0x800055a8
core   0: 0x8000559c (0x0000bff5) c.j     pc - 4
core   0: 0 0x8000559c (0xbff5)
core   0: 0x80005598 (0x0000a819) c.j     pc + 22
core   0: 0 0x80005598 (0xa819)
core   0: 0x800055ae (0x401ad493) srai    s1, s5, 1
core   0: 0 0x800055ae (0x401ad493) x9  0x3af0cd36
core   0: 0x800055b2 (0x01e000ef) jal     pc + 0x1e
core   0: 0 0x800055b2 (0x01e000ef) x1  0x800055b6
core   0: 0x800055d0 (0x00003fe5) c.jal   pc - 8
core   0: 0 0x800055d0 (0x3fe5) x1  0x800055d2
core   0: 0x800055c8 (0x0160026f) jal     tp, pc + 0x16
core   0: 0 0x800055c8 (0x0160026f) x4  0x800055cc
core   0: 0x800055de (0xff7ff0ef) jal     pc - 0xa
core   0: 0 0x800055de (0xff7ff0ef) x1  0x800055e2
core   0: 0x800055d4 (0x0000b7ed) c.j     pc - 22
core   0: 0 0x800055d4 (0xb7ed)
core   0: 0x800055be (0x0000282d) c.jal   pc + 58
core   0: 0 0x800055be (0x282d) x1  0x800055c0
core   0: 0x800055f8 (0xfefff0ef) jal     pc - 0x12
core   0: 0 0x800055f8 (0xfefff0ef) x1  0x800055fc
core   0: 0x800055e6 (0xfe1ff0ef) jal     pc - 0x20
core   0: 0 0x800055e6 (0xfe1ff0ef) x1  0x800055ea
core   0: 0x800055c6 (0x00002831) c.jal   pc + 28
core   0: 0 0x800055c6 (0x2831) x1  0x800055c8
core   0: 0x800055e2 (0xff1ff0ef) jal     pc - 0x10
core   0: 0 0x800055e2 (0xff1ff0ef) x1  0x800055e6
core   0: 0x800055d2 (0x0000a019) c.j     pc + 6
core   0: 0 0x800055d2 (0xa019)
core   0: 0x800055d8 (0x00003ff9) c.jal   pc - 34
core   0: 0 0x800055d8 (0x3ff9) x1  0x800055da
core   0: 0x800055b6 (0x03c002ef) jal     t0, pc + 0x3c
core   0: 0 0x800055b6 (0x03c002ef) x5  0x800055ba
core   0: 0x800055f2 (0x0000bfe5) c.j     pc - 8
core   0: 0 0x800055f2 (0xbfe5)
core   0: 0x800055ea (0x00003fe1) c.jal   pc - 40
core   0: 0 0x800055ea (0x3fe1) x1  0x800055ec
core   0: 0x800055c2 (0xff9ff0ef) jal     pc - 0x8
core   0: 0 0x800055c2 (0xff9ff0ef) x1  0x800055c6
core   0: 0x800055ba (0x0140046f) jal     s0, pc + 0x14
core   0: 0 0x800055ba (0x0140046f) x8  0x800055be
core   0: 0x800055ce (0x0000a01d) c.j     pc + 38
core   0: 0 0x800055ce (0xa01d)
core   0: 0x800055f4 (0xfd9ff0ef) jal     pc - 0x28
core   0: 0 0x800055f4 (0xfd9ff0ef) x1  0x800055f8
core   0: 0x800055cc (0x0000bfd5) c.j     pc - 12
core   0: 0 0x800055cc (0xbfd5)
core   0: 0x800055c0 (0x0000a835) c.j     pc + 60
core   0: 0 0x800055c0 (0xa835)
core   0: 0x800055fc (0x0000b7c5) c.j     pc - 32
core   0: 0 0x800055fc (0xb7c5)
core   0: 0x800055dc (0x00003ffd) c.jal   pc - 2
core   0: 0 0x800055dc (0x3ffd) x1  0x800055de
core   0: 0x800055da (0x00002809) c.jal   pc + 18
core   0: 0 0x800055da (0x2809) x1  0x800055dc
core   0: 0x800055ec (0x004000ef) jal     pc + 0x4
core   0: 0 0x800055ec (0x004000ef) x1  0x800055f0
core   0: 0x800055f0 (0x000037dd) c.jal   pc - 26
core   0: 0 0x800055f0 (0x37dd) x1  0x800055f2
core   0: 0x800055d6 (0x00002025) c.jal   pc + 40
core   0: 0 0x800055d6 (0x2025) x1  0x800055d8
core   0: 0x800055fe (0x03118fb3) mul     t6, gp, a7
core   0: 0 0x800055fe (0x03118fb3) x31 0xff3f4fd8
core   0: 0x80005602 (0x00c000ef) jal     pc + 0xc
core   0: 0 0x80005602 (0x00c000ef) x1  0x80005606
core   0: 0x8000560e (0x00002021) c.jal   pc + 8
core   0: 0 0x8000560e (0x2021) x1  0x80005610
core   0: 0x80005616 (0x0000a031) c.j     pc + 12
core   0: 0 0x80005616 (0xa031)
core   0: 0x80005622 (0x00003fc5) c.jal   pc - 16
core   0: 0 0x80005622 (0x3fc5) x1  0x80005624
core   0: 0x80005612 (0x00002029) c.jal   pc + 10
core   0: 0 0x80005612 (0x2029) x1  0x80005614
core   0: 0x8000561c (0x000037fd) c.jal   pc - 18
core   0: 0 0x8000561c (0x37fd) x1  0x8000561e
core   0: 0x8000560a (0x01a000ef) jal     pc + 0x1a
core   0: 0 0x8000560a (0x01a000ef) x1  0x8000560e
core   0: 0x80005624 (0x0000b7f5) c.j     pc - 20
core   0: 0 0x80005624 (0xb7f5)
core   0: 0x80005610 (0x00002011) c.jal   pc + 4
core   0: 0 0x80005610 (0x2011) x1  0x80005612
core   0: 0x80005614 (0x0000a031) c.j     pc + 12
core   0: 0 0x80005614 (0xa031)
core   0: 0x80005620 (0x00002021) c.jal   pc + 8
core   0: 0 0x80005620 (0x2021) x1  0x80005622
core   0: 0x80005628 (0xff1ffdef) jal     s11, pc - 0x10
core   0: 0 0x80005628 (0xff1ffdef) x27 0x8000562c
core   0: 0x80005618 (0x006000ef) jal     pc + 0x6
core   0: 0 0x80005618 (0x006000ef) x1  0x8000561c
core   0: 0x8000561e (0x0000b7e5) c.j     pc - 24
core   0: 0 0x8000561e (0xb7e5)
core   0: 0x80005606 (0x0000a009) c.j     pc + 2
core   0: 0 0x80005606 (0xa009)
core   0: 0x80005608 (0x0000a015) c.j     pc + 36
core   0: 0 0x80005608 (0xa015)
core   0: 0x8000562c (0x00003fed) c.jal   pc - 6
core   0: 0 0x8000562c (0x3fed) x1  0x8000562e
core   0: 0x80005626 (0x00002021) c.jal   pc + 8
core   0: 0 0x80005626 (0x2021) x1  0x80005628
core   0: 0x8000562e (0x0000699d) c.lui   s3, 0x7
core   0: 0 0x8000562e (0x699d) x19 0x00007000
core   0: 0x80005630 (0x01e000ef) jal     pc + 0x1e
core   0: 0 0x80005630 (0x01e000ef) x1  0x80005634
core   0: 0x8000564e (0x00003fd5) c.jal   pc - 12
core   0: 0 0x8000564e (0x3fd5) x1  0x80005650
core   0: 0x80005642 (0x0000a029) c.j     pc + 10
core   0: 0 0x80005642 (0xa029)
core   0: 0x8000564c (0x0000bff5) c.j     pc - 4
core   0: 0 0x8000564c (0xbff5)
core   0: 0x80005648 (0x00003ff5) c.jal   pc - 4
core   0: 0 0x80005648 (0x3ff5) x1  0x8000564a
core   0: 0x80005644 (0x0000bfc5) c.j     pc - 16
core   0: 0 0x80005644 (0xbfc5)
core   0: 0x80005634 (0x0000a01d) c.j     pc + 38
core   0: 0 0x80005634 (0xa01d)
core   0: 0x8000565a (0x0000b7d5) c.j     pc - 28
core   0: 0 0x8000565a (0xb7d5)
core   0: 0x8000563e (0x0000a819) c.j     pc + 22
core   0: 0 0x8000563e (0xa819)
core   0: 0x80005654 (0x0000bfcd) c.j     pc - 14
core   0: 0 0x80005654 (0xbfcd)
core   0: 0x80005646 (0x00003fd5) c.jal   pc - 12
core   0: 0 0x80005646 (0x3fd5) x1  0x80005648
core   0: 0x8000563a (0x00002801) c.jal   pc + 16
core   0: 0 0x8000563a (0x2801) x1  0x8000563c
core   0: 0x8000564a (0x00003fdd) c.jal   pc - 10
core   0: 0 0x8000564a (0x3fdd) x1  0x8000564c
core   0: 0x80005640 (0x00003fe5) c.jal   pc - 8
core   0: 0 0x80005640 (0x3fe5) x1  0x80005642
core   0: 0x80005638 (0x0000a80d) c.j     pc + 50
core   0: 0 0x80005638 (0xa80d)
core   0: 0x8000566a (0x00003fcd) c.jal   pc - 14
core   0: 0 0x8000566a (0x3fcd) x1  0x8000566c
core   0: 0x8000565c (0x0000a011) c.j     pc + 4
core   0: 0 0x8000565c (0xa011)
core   0: 0x80005660 (0x0000bff1) c.j     pc - 36
core   0: 0 0x80005660 (0xbff1)
core   0: 0x8000563c (0x00002025) c.jal   pc + 40
core   0: 0 0x8000563c (0x2025) x1  0x8000563e
core   0: 0x80005664 (0x0000a029) c.j     pc + 10
core   0: 0 0x80005664 (0xa029)
core   0: 0x8000566e (0x000037e5) c.jal   pc - 24
core   0: 0 0x8000566e (0x37e5) x1  0x80005670
core   0: 0x80005656 (0x00002031) c.jal   pc + 12
core   0: 0 0x80005656 (0x2031) x1  0x80005658
core   0: 0x80005662 (0x0000bff5) c.j     pc - 4
core   0: 0 0x80005662 (0xbff5)
core   0: 0x8000565e (0x00003fe1) c.jal   pc - 40
core   0: 0 0x8000565e (0x3fe1) x1  0x80005660
core   0: 0x80005636 (0x00002829) c.jal   pc + 26
core   0: 0 0x80005636 (0x2829) x1  0x80005638
core   0: 0x80005650 (0x01c000ef) jal     pc + 0x1c
core   0: 0 0x80005650 (0x01c000ef) x1  0x80005654
core   0: 0x8000566c (0x00003ff5) c.jal   pc - 4
core   0: 0 0x8000566c (0x3ff5) x1  0x8000566e
core   0: 0x80005668 (0x00003fc5) c.jal   pc - 16
core   0: 0 0x80005668 (0x3fc5) x1  0x8000566a
core   0: 0x80005658 (0x0000a039) c.j     pc + 14
core   0: 0 0x80005658 (0xa039)
core   0: 0x80005666 (0x0000a029) c.j     pc + 10
core   0: 0 0x80005666 (0xa029)
core   0: 0x80005670 (0x00008535) c.srai  a0, 13
core   0: 0 0x80005670 (0x8535) x10 0xfffc0002
core   0: 0x80005672 (0x40440233) sub     tp, s0, tp
core   0: 0 0x80005672 (0x40440233) x4  0xfffffff2
core   0: 0x80005676 (0x1ca5cc93) xori    s9, a1, 458
core   0: 0 0x80005676 (0x1ca5cc93) x25 0x800055a8
core   0: 0x8000567a (0x00006b31) c.lui   s6, 0xc
core   0: 0 0x8000567a (0x6b31) x22 0x0000c000
core   0: 0x8000567c (0x019031b3) snez    gp, s9
core   0: 0 0x8000567c (0x019031b3) x3  0x00000001
core   0: 0x80005680 (0x000086b1) c.srai  a3, 12
core   0: 0 0x80005680 (0x86b1) x13 0x00000000
core   0: 0x80005682 (0x00da7963) bgeu    s4, a3, pc + 18
core   0: 0 0x80005682 (0x00da7963)
core   0: 0x80005694 (0x0000e78d) c.bnez  a5, pc + 42
core   0: 0 0x80005694 (0xe78d)
core   0: 0x800056be (0x4093d4b3) sra     s1, t2, s1
core   0: 0 0x800056be (0x4093d4b3) x9  0x000001d7
core   0: 0x800056c2 (0x00008ef5) c.and   a3, a3
core   0: 0 0x800056c2 (0x8ef5) x13 0x00000000
core   0: 0x800056c4 (0x0077a333) slt     t1, a5, t2
core   0: 0 0x800056c4 (0x0077a333) x6  0x00000001
core   0: 0x800056c8 (0x52268e93) addi    t4, a3, 1314
core   0: 0 0x800056c8 (0x52268e93) x29 0x00000522
core   0: 0x800056cc (0x0000c69d) c.beqz  a3, pc + 46
core   0: 0 0x800056cc (0xc69d)
core   0: 0x800056fa (0x6b1a4b13) xori    s6, s4, 1713
core   0: 0 0x800056fa (0x6b1a4b13) x22 0x800053e9
core   0: 0x800056fe (0x001d9a93) slli    s5, s11, 1
core   0: 0 0x800056fe (0x001d9a93) x21 0x0000ac58
core   0: 0x80005702 (0x015f1c33) sll     s8, t5, s5
core   0: 0 0x80005702 (0x015f1c33) x24 0x96000000
core   0: 0x80005706 (0x000000b1) c.addi  ra, 12
core   0: 0 0x80005706 (0x00b1) x1  0x80005676
core   0: 0x80005708 (0x746f6d93) ori     s11, t5, 1862
core   0: 0 0x80005708 (0x746f6d93) x27 0x800057d6
core   0: 0x8000570c (0x019f7533) and     a0, t5, s9
core   0: 0 0x8000570c (0x019f7533) x10 0x80005080
core   0: 0x80005710 (0x00008f95) c.sub   a5, a3
core   0: 0 0x80005710 (0x8f95) x15 0x8000529e
core   0: 0x80005712 (0x0ff0000f) fence   iorw,iorw
core   0: 0 0x80005712 (0x0ff0000f)
core   0: 0x80005716 (0xe3254893) xori    a7, a0, -462
core   0: 0 0x80005716 (0xe3254893) x17 0x7fffaeb2
core   0: 0x8000571a (0x406e5333) sra     t1, t3, t1
core   0: 0 0x8000571a (0x406e5333) x6  0xc00025d8
core   0: 0x8000571e (0x00000001) c.nop
core   0: 0 0x8000571e (0x0001)
core   0: 0x80005720 (0x0000e299) c.bnez  a3, pc + 6
core   0: 0 0x80005720 (0xe299)
core   0: 0x80005722 (0x60003013) sltiu   zero, zero, 1536
core   0: 0 0x80005722 (0x60003013)
core   0: 0x80005726 (0x032e6333) rem     t1, t3, s2
core   0: 0 0x80005726 (0x032e6333) x6  0xcf6e4bb0
core   0: 0x8000572a (0x00008d7d) c.and   a0, a5
core   0: 0 0x8000572a (0x8d7d) x10 0x80005080
core   0: 0x8000572c (0x7ce96d93) ori     s11, s2, 1998
core   0: 0 0x8000572c (0x7ce96d93) x27 0x4f6e07ce
core   0: 0x80005730 (0x020965b3) rem     a1, s2, zero
core   0: 0 0x80005730 (0x020965b3) x11 0x4f6e0000
core   0: 0x80005734 (0x03c2a833) mulhsu  a6, t0, t3
core   0: 0 0x80005734 (0x03c2a833) x16 0xc0000505
core   0: 0x80005738 (0x00008915) c.andi  a0, 5
core   0: 0 0x80005738 (0x8915) x10 0x00000000
core   0: 0x8000573a (0x00004585) c.li    a1, 1
core   0: 0 0x8000573a (0x4585) x11 0x00000001
core   0: 0x8000573c (0x02c26eb3) rem     t4, tp, a2
core   0: 0 0x8000573c (0x02c26eb3) x29 0xfffffff2
core   0: 0x80005740 (0x00006bc9) c.lui   s7, 0x12
core   0: 0 0x80005740 (0x6bc9) x23 0x00012000
core   0: 0x80005742 (0x00009a06) c.add   s4, ra
core   0: 0 0x80005742 (0x9a06) x20 0x0000abce
core   0: 0x80005744 (0x01de3e33) sltu    t3, t3, t4
core   0: 0 0x80005744 (0x01de3e33) x28 0x00000001
core   0: 0x80005748 (0x02464063) blt     a2, tp, pc + 32
core   0: 0 0x80005748 (0x02464063)
core   0: 0x80005768 (0x69e22b13) slti    s6, tp, 1694
core   0: 0 0x80005768 (0x69e22b13) x22 0x00000001
core   0: 0x8000576c (0xd5473693) sltiu   a3, a4, -684
core   0: 0 0x8000576c (0xd5473693) x13 0x00000001
core   0: 0x80005770 (0x0000100f) fence.i
core   0: 0 0x80005770 (0x0000100f)
core   0: 0x80005774 (0x018395b3) sll     a1, t2, s8
core   0: 0 0x80005774 (0x018395b3) x11 0x75e3432b
core   0: 0x80005778 (0x00000001) c.nop
core   0: 0 0x80005778 (0x0001)
core   0: 0x8000577a (0x00a34eb3) xor     t4, t1, a0
core   0: 0 0x8000577a (0x00a34eb3) x29 0xcf6e4bb0
core   0: 0x8000577e (0x41135793) srai    a5, t1, 17
core   0: 0 0x8000577e (0x41135793) x15 0xffffe7b7
core   0: 0x80005782 (0x0170ad33) slt     s10, ra, s7
core   0: 0 0x80005782 (0x0170ad33) x26 0x00000001
core   0: 0x80005786 (0x00000001) c.nop
core   0: 0 0x80005786 (0x0001)
core   0: 0x80005788 (0x09142913) slti    s2, s0, 145
core   0: 0 0x80005788 (0x09142913) x18 0x00000001
core   0: 0x8000578c (0xf54ba513) slti    a0, s7, -172
core   0: 0 0x8000578c (0xf54ba513) x10 0x00000000
core   0: 0x80005790 (0x00008881) c.andi  s1, 0
core   0: 0 0x80005790 (0x8881) x9  0x00000000
core   0: 0x80005792 (0xc0aec0b7) lui     ra, 0xc0aec
core   0: 0 0x80005792 (0xc0aec0b7) x1  0xc0aec000
core   0: 0x80005796 (0x0000cd09) c.beqz  a0, pc + 26
core   0: 0 0x80005796 (0xcd09)
core   0: 0x800057b0 (0x00000001) c.nop
core   0: 0 0x800057b0 (0x0001)
core   0: 0x800057b2 (0x0ff0000f) fence   iorw,iorw
core   0: 0 0x800057b2 (0x0ff0000f)
core   0: 0x800057b6 (0x000084e5) c.srai  s1, 25
core   0: 0 0x800057b6 (0x84e5) x9  0x00000000
core   0: 0x800057b8 (0xf8a1b813) sltiu   a6, gp, -118
core   0: 0 0x800057b8 (0xf8a1b813) x16 0x00000001
core   0: 0x800057bc (0x41dcda13) srai    s4, s9, 29
core   0: 0 0x800057bc (0x41dcda13) x20 0xfffffffc
core   0: 0x800057c0 (0x41365e93) srai    t4, a2, 19
core   0: 0 0x800057c0 (0x41365e93) x29 0xfffff000
core   0: 0x800057c4 (0x00f86833) or      a6, a6, a5
core   0: 0 0x800057c4 (0x00f86833) x16 0xffffe7b7
core   0: 0x800057c8 (0x00f29893) slli    a7, t0, 15
core   0: 0 0x800057c8 (0x00f29893) x17 0x2add0000
core   0: 0x800057cc (0x33a62d93) slti    s11, a2, 826
core   0: 0 0x800057cc (0x33a62d93) x27 0x00000001
core   0: 0x800057d0 (0x41395513) srai    a0, s2, 19
core   0: 0 0x800057d0 (0x41395513) x10 0x00000000
core   0: 0x800057d4 (0x023ac8b3) div     a7, s5, gp
core   0: 0 0x800057d4 (0x023ac8b3) x17 0x0000ac58
core   0: 0x800057d8 (0x016397b3) sll     a5, t2, s6
core   0: 0 0x800057d8 (0x016397b3) x15 0xebc68656
core   0: 0x800057dc (0x03036033) rem     zero, t1, a6
core   0: 0 0x800057dc (0x03036033)
core   0: 0x800057e0 (0x02d8d233) divu    tp, a7, a3
core   0: 0 0x800057e0 (0x02d8d233) x4  0x0000ac58
core   0: 0x800057e4 (0x03496163) bltu    s2, s4, pc + 34
core   0: 0 0x800057e4 (0x03496163)
core   0: 0x80005806 (0x03bffdb3) remu    s11, t6, s11
core   0: 0 0x80005806 (0x03bffdb3) x27 0x00000000
core   0: 0x8000580a (0x000081fe) c.mv    gp, t6
core   0: 0 0x8000580a (0x81fe) x3  0xff3f4fd8
core   0: 0x8000580c (0x01bb4d63) blt     s6, s11, pc + 26
core   0: 0 0x8000580c (0x01bb4d63)
core   0: 0x80005810 (0x00197e33) and     t3, s2, ra
core   0: 0 0x80005810 (0x00197e33) x28 0x00000000
core   0: 0x80005814 (0x0046b833) sltu    a6, a3, tp
core   0: 0 0x80005814 (0x0046b833) x16 0x00000001
core   0: 0x80005818 (0x0000100f) fence.i
core   0: 0 0x80005818 (0x0000100f)
core   0: 0x8000581c (0x0171ed63) bltu    gp, s7, pc + 26
core   0: 0 0x8000581c (0x0171ed63)
core   0: 0x80005820 (0x024669b3) rem     s3, a2, tp
core   0: 0 0x80005820 (0x024669b3) x19 0xffff809c
core   0: 0x80005824 (0x00008d3d) c.xor   a0, a5
core   0: 0 0x80005824 (0x8d3d) x10 0xebc68656
core   0: 0x80005826 (0x40cd8c33) sub     s8, s11, a2
core   0: 0 0x80005826 (0x40cd8c33) x24 0x7ffe01b4
core   0: 0x8000582a (0x0000100f) fence.i
core   0: 0 0x8000582a (0x0000100f)
core   0: 0x8000582e (0xde8a8993) addi    s3, s5, -536
core   0: 0 0x8000582e (0xde8a8993) x19 0x0000aa40
core   0: 0x80005832 (0x02aec4b3) div     s1, t4, a0
core   0: 0 0x80005832 (0x02aec4b3) x9  0x00000000
core   0: 0x80005836 (0x03d747b3) div     a5, a4, t4
core   0: 0 0x80005836 (0x03d747b3) x15 0x0007ffdc
core   0: 0x8000583a (0x02257363) bgeu    a0, sp, pc + 38
core   0: 0 0x8000583a (0x02257363)
core   0: 0x8000583e (0x00ba4f33) xor     t5, s4, a1
core   0: 0 0x8000583e (0x00ba4f33) x30 0x8a1cbcd7
core   0: 0x80005842 (0x40f30e33) sub     t3, t1, a5
core   0: 0 0x80005842 (0x40f30e33) x28 0xcf664bd4
core   0: 0x80005846 (0x01e2f833) and     a6, t0, t5
core   0: 0 0x80005846 (0x01e2f833) x16 0x80001492
core   0: 0x8000584a (0x01675863) bge     a4, s6, pc + 16
core   0: 0 0x8000584a (0x01675863)
core   0: 0x8000584e (0x0000100f) fence.i
core   0: 0 0x8000584e (0x0000100f)
core   0: 0x80005852 (0x0000100f) fence.i
core   0: 0 0x80005852 (0x0000100f)
core   0: 0x80005856 (0xf8bf4c93) xori    s9, t5, -117
core   0: 0 0x80005856 (0xf8bf4c93) x25 0x75e3435c
core   0: 0x8000585a (0x01dab033) sltu    zero, s5, t4
core   0: 0 0x8000585a (0x01dab033)
core   0: 0x8000585e (0x00008f91) c.sub   a5, a2
core   0: 0 0x8000585e (0x8f91) x15 0x80060190
core   0: 0x80005860 (0x03e94cb3) div     s9, s2, t5
core   0: 0 0x80005860 (0x03e94cb3) x25 0x00000000
core   0: 0x80005864 (0x01729463) bne     t0, s7, pc + 8
core   0: 0 0x80005864 (0x01729463)
core   0: 0x8000586c (0x01fb0033) add     zero, s6, t6
core   0: 0 0x8000586c (0x01fb0033)
core   0: 0x80005870 (0x00008f8d) c.sub   a5, a1
core   0: 0 0x80005870 (0x8f8d) x15 0x0a22be65
core   0: 0x80005872 (0x41780033) sub     zero, a6, s7
core   0: 0 0x80005872 (0x41780033)
core   0: 0x80005876 (0x00000b65) c.addi  s6, 25
core   0: 0 0x80005876 (0x0b65) x22 0x0000001a
core   0: 0x80005878 (0x01f18463) beq     gp, t6, pc + 8
core   0: 0 0x80005878 (0x01f18463)
core   0: 0x80005880 (0x02f4d763) bge     s1, a5, pc + 46
core   0: 0 0x80005880 (0x02f4d763)
core   0: 0x80005884 (0x000014fd) c.addi  s1, -1
core   0: 0 0x80005884 (0x14fd) x9  0xffffffff
core   0: 0x80005886 (0x0ff0000f) fence   iorw,iorw
core   0: 0 0x80005886 (0x0ff0000f)
core   0: 0x8000588a (0x015837b3) sltu    a5, a6, s5
core   0: 0 0x8000588a (0x015837b3) x15 0x00000000
core   0: 0x8000588e (0x00008ea5) c.xor   a3, s1
core   0: 0 0x8000588e (0x8ea5) x13 0xfffffffe
core   0: 0x80005890 (0x00009fa2) c.add   t6, s0
core   0: 0 0x80005890 (0x9fa2) x31 0x7f3fa596
core   0: 0x80005892 (0x0203a4b3) mulhsu  s1, t2, zero
core   0: 0 0x80005892 (0x0203a4b3) x9  0x00000000
core   0: 0x80005896 (0x03e48db3) mul     s11, s1, t5
core   0: 0 0x80005896 (0x03e48db3) x27 0x00000000
core   0: 0x8000589a (0x40f75eb3) sra     t4, a4, a5
core   0: 0 0x8000589a (0x40f75eb3) x29 0x80023ce4
core   0: 0x8000589e (0x01681693) slli    a3, a6, 22
core   0: 0 0x8000589e (0x01681693) x13 0x24800000
core   0: 0x800058a2 (0x410b5e33) sra     t3, s6, a6
core   0: 0 0x800058a2 (0x410b5e33) x28 0x00000000
core   0: 0x800058a6 (0x01ca1db3) sll     s11, s4, t3
core   0: 0 0x800058a6 (0x01ca1db3) x27 0xfffffffc
core   0: 0x800058aa (0x01b53d33) sltu    s10, a0, s11
core   0: 0 0x800058aa (0x01b53d33) x26 0x00000001
core   0: 0x800058ae (0x00000001) c.nop
core   0: 0 0x800058ae (0x0001)
core   0: 0x800058b0 (0x006c1393) slli    t2, s8, 6
core   0: 0 0x800058b0 (0x006c1393) x7  0xff806d00
core   0: 0x800058b4 (0x03b9de33) divu    t3, s3, s11
core   0: 0 0x800058b4 (0x03b9de33) x28 0x00000000
core   0: 0x800058b8 (0x00009d5a) c.add   s10, s6
core   0: 0 0x800058b8 (0x9d5a) x26 0x0000001b
core   0: 0x800058ba (0x00005dfd) c.li    s11, -1
core   0: 0 0x800058ba (0x5dfd) x27 0xffffffff
core   0: 0x800058bc (0x006c5d33) srl     s10, s8, t1
core   0: 0 0x800058bc (0x006c5d33) x26 0x00007ffe
core   0: 0x800058c0 (0x32ca7d13) andi    s10, s4, 812
core   0: 0 0x800058c0 (0x32ca7d13) x26 0x0000032c
core   0: 0x800058c4 (0x034e0863) beq     t3, s4, pc + 48
core   0: 0 0x800058c4 (0x034e0863)
core   0: 0x800058c8 (0x034240b3) div     ra, tp, s4
core   0: 0 0x800058c8 (0x034240b3) x1  0xffffd4ea
core   0: 0x800058cc (0x0000810d) c.srli  a0, 3
core   0: 0 0x800058cc (0x810d) x10 0x1d78d0ca
core   0: 0x800058ce (0x0356c6b3) div     a3, a3, s5
core   0: 0 0x800058ce (0x0356c6b3) x13 0x00003637
core   0: 0x800058d2 (0x417a5793) srai    a5, s4, 23
core   0: 0 0x800058d2 (0x417a5793) x15 0xffffffff
core   0: 0x800058d6 (0x000049f1) c.li    s3, 28
core   0: 0 0x800058d6 (0x49f1) x19 0x0000001c
core   0: 0x800058d8 (0x015cc533) xor     a0, s9, s5
core   0: 0 0x800058d8 (0x015cc533) x10 0x0000ac58
core   0: 0x800058dc (0x02c69db3) mulh    s11, a3, a2
core   0: 0 0x800058dc (0x02c69db3) x27 0xffffe4e4
core   0: 0x800058e0 (0x00008fa9) c.xor   a5, a0
core   0: 0 0x800058e0 (0x8fa9) x15 0xffff53a7
core   0: 0x800058e2 (0x00008596) c.mv    a1, t0
core   0: 0 0x800058e2 (0x8596) x11 0x800055ba
core   0: 0x800058e4 (0x00008bdd) c.andi  a5, 23
core   0: 0 0x800058e4 (0x8bdd) x15 0x00000007
core   0: 0x800058e6 (0x0d574a13) xori    s4, a4, 213
core   0: 0 0x800058e6 (0x0d574a13) x20 0x80023c31
core   0: 0x800058ea (0x00000449) c.addi  s0, 18
core   0: 0 0x800058ea (0x0449) x8  0x800055d0
core   0: 0x800058ec (0x010e7e63) bgeu    t3, a6, pc + 28
core   0: 0 0x800058ec (0x010e7e63)
core   0: 0x800058f0 (0x32057513) andi    a0, a0, 800
core   0: 0 0x800058f0 (0x32057513) x10 0x00000000
core   0: 0x800058f4 (0x000bea63) bltu    s7, zero, pc + 20
core   0: 0 0x800058f4 (0x000bea63)
core   0: 0x800058f8 (0x747c6313) ori     t1, s8, 1863
core   0: 0 0x800058f8 (0x747c6313) x6  0x7ffe07f7
core   0: 0x800058fc (0x0215b1b3) mulhu   gp, a1, ra
core   0: 0 0x800058fc (0x0215b1b3) x3  0x8000402e
core   0: 0x80005900 (0x4f98b313) sltiu   t1, a7, 1273
core   0: 0 0x80005900 (0x4f98b313) x6  0x00000000
core   0: 0x80005904 (0x00008d4d) c.or    a0, a1
core   0: 0 0x80005904 (0x8d4d) x10 0x800055ba
core   0: 0x80005906 (0x00008c9d) c.sub   s1, a5
core   0: 0 0x80005906 (0x8c9d) x9  0xfffffff9
core   0: 0x80005908 (0x00000001) c.nop
core   0: 0 0x80005908 (0x0001)
core   0: 0x8000590a (0x40c60cb3) sub     s9, a2, a2
core   0: 0 0x8000590a (0x40c60cb3) x25 0x00000000
core   0: 0x8000590e (0x023bc9b3) div     s3, s7, gp
core   0: 0 0x8000590e (0x023bc9b3) x19 0x00000000
core   0: 0x80005912 (0x417fd533) sra     a0, t6, s7
core   0: 0 0x80005912 (0x417fd533) x10 0x7f3fa596
core   0: 0x80005916 (0x022c49b3) div     s3, s8, sp
core   0: 0 0x80005916 (0x022c49b3) x19 0xfffffff4
core   0: 0x8000591a (0x00bd2e33) slt     t3, s10, a1
core   0: 0 0x8000591a (0x00bd2e33) x28 0x00000000
core   0: 0x8000591e (0x028c1563) bne     s8, s0, pc + 42
core   0: 0 0x8000591e (0x028c1563)
core   0: 0x80005948 (0x033d84b3) mul     s1, s11, s3
core   0: 0 0x80005948 (0x033d84b3) x9  0x00014550
core   0: 0x8000594c (0x0089cfb3) xor     t6, s3, s0
core   0: 0 0x8000594c (0x0089cfb3) x31 0x7fffaa24
core   0: 0x80005950 (0xd76ee5b7) lui     a1, 0xd76ee
core   0: 0 0x80005950 (0xd76ee5b7) x11 0xd76ee000
core   0: 0x80005954 (0x4f2fab13) slti    s6, t6, 1266
core   0: 0 0x80005954 (0x4f2fab13) x22 0x00000000
core   0: 0x80005958 (0x03a9c7b3) div     a5, s3, s10
core   0: 0 0x80005958 (0x03a9c7b3) x15 0x00000000
core   0: 0x8000595c (0x01f640b3) xor     ra, a2, t6
core   0: 0 0x8000595c (0x01f640b3) x1  0xfffe5468
core   0: 0x80005960 (0x00004d65) c.li    s10, 25
core   0: 0 0x80005960 (0x4d65) x26 0x00000019
core   0: 0x80005962 (0x00008ead) c.xor   a3, a1
core   0: 0 0x80005962 (0x8ead) x13 0xd76ed637
core   0: 0x80005964 (0x00008da9) c.xor   a1, a0
core   0: 0 0x80005964 (0x8da9) x11 0xa8514596
core   0: 0x80005966 (0xd3022a93) slti    s5, tp, -720
core   0: 0 0x80005966 (0xd3022a93) x21 0x00000000
core   0: 0x8000596a (0x1ba07f93) andi    t6, zero, 442
core   0: 0 0x8000596a (0x1ba07f93) x31 0x00000000
core   0: 0x8000596e (0x0316e2b3) rem     t0, a3, a7
core   0: 0 0x8000596e (0x0316e2b3) x5  0xffffe4e7
core   0: 0x80005972 (0x0000100f) fence.i
core   0: 0 0x80005972 (0x0000100f)
core   0: 0x80005976 (0x402f5b13) srai    s6, t5, 2
core   0: 0 0x80005976 (0x402f5b13) x22 0xe2872f35
core   0: 0x8000597a (0x00008d7d) c.and   a0, a5
core   0: 0 0x8000597a (0x8d7d) x10 0x00000000
core   0: 0x8000597c (0x02d48cb3) mul     s9, s1, a3
core   0: 0 0x8000597c (0x02d48cb3) x25 0x0896c430
core   0: 0x80005980 (0x01390cb3) add     s9, s2, s3
core   0: 0 0x80005980 (0x01390cb3) x25 0xfffffff5
core   0: 0x80005984 (0x000082cd) c.srli  a3, 19
core   0: 0 0x80005984 (0x82cd) x13 0x00001aed
core   0: 0x80005986 (0x8d67f893) andi    a7, a5, -1834
core   0: 0 0x80005986 (0x8d67f893) x17 0x00000000
core   0: 0x8000598a (0xecbfb413) sltiu   s0, t6, -309
core   0: 0 0x8000598a (0xecbfb413) x8  0x00000001
core   0: 0x8000598e (0x000080d5) c.srli  s1, 21
core   0: 0 0x8000598e (0x80d5) x9  0x00000000
core   0: 0x80005990 (0x001f9eb3) sll     t4, t6, ra
core   0: 0 0x80005990 (0x001f9eb3) x29 0x00000000
core   0: 0x80005994 (0x0000547d) c.li    s0, -1
core   0: 0 0x80005994 (0x547d) x8  0xffffffff
core   0: 0x80005996 (0x0165ce33) xor     t3, a1, s6
core   0: 0 0x80005996 (0x0165ce33) x28 0x4ad66aa3
core   0: 0x8000599a (0x049c4363) blt     s8, s1, pc + 70
core   0: 0 0x8000599a (0x049c4363)
core   0: 0x8000599e (0x03d68a33) mul     s4, a3, t4
core   0: 0 0x8000599e (0x03d68a33) x20 0x00000000
core   0: 0x800059a2 (0x03a5cb63) blt     a1, s10, pc + 54
core   0: 0 0x800059a2 (0x03a5cb63)
core   0: 0x800059d8 (0x0166cab3) xor     s5, a3, s6
core   0: 0 0x800059d8 (0x0166cab3) x21 0xe28735d8
core   0: 0x800059dc (0x000087b5) c.srai  a5, 13
core   0: 0 0x800059dc (0x87b5) x15 0x00000000
core   0: 0x800059de (0x00008dbd) c.xor   a1, a5
core   0: 0 0x800059de (0x8dbd) x11 0xa8514596
core   0: 0x800059e0 (0x00009bfd) c.andi  a5, -1
core   0: 0 0x800059e0 (0x9bfd) x15 0x00000000
core   0: 0x800059e2 (0x00f21263) bne     tp, a5, pc + 4
core   0: 0 0x800059e2 (0x00f21263)
core   0: 0x800059e6 (0x03c30433) mul     s0, t1, t3
core   0: 0 0x800059e6 (0x03c30433) x8  0x00000000
core   0: 0x800059ea (0x41c052b3) sra     t0, zero, t3
core   0: 0 0x800059ea (0x41c052b3) x5  0x00000000
core   0: 0x800059ee (0x027e9c33) mulh    s8, t4, t2
core   0: 0 0x800059ee (0x027e9c33) x24 0x00000000
core   0: 0x800059f2 (0x69ad3b13) sltiu   s6, s10, 1690
core   0: 0 0x800059f2 (0x69ad3b13) x22 0x00000001
core   0: 0x800059f6 (0x91ce0513) addi    a0, t3, -1764
core   0: 0 0x800059f6 (0x91ce0513) x10 0x4ad663bf
core   0: 0x800059fa (0x00008ccd) c.or    s1, a1
core   0: 0 0x800059fa (0x8ccd) x9  0xa8514596
core   0: 0x800059fc (0x00008fe1) c.and   a5, s0
core   0: 0 0x800059fc (0x8fe1) x15 0x00000000
core   0: 0x800059fe (0x01ce7533) and     a0, t3, t3
core   0: 0 0x800059fe (0x01ce7533) x10 0x4ad66aa3
core   0: 0x80005a02 (0x03035863) bge     t1, a6, pc + 48
core   0: 0 0x80005a02 (0x03035863)
core   0: 0x80005a32 (0x40c08c33) sub     s8, ra, a2
core   0: 0 0x80005a32 (0x40c08c33) x24 0x7ffc561c
core   0: 0x80005a36 (0x00008c2d) c.xor   s0, a1
core   0: 0 0x80005a36 (0x8c2d) x8  0xa8514596
core   0: 0x80005a38 (0x03cfca33) div     s4, t6, t3
core   0: 0 0x80005a38 (0x03cfca33) x20 0x00000000
core   0: 0x80005a3c (0x028ee6b3) rem     a3, t4, s0
core   0: 0 0x80005a3c (0x028ee6b3) x13 0x00000000
core   0: 0x80005a40 (0x020dfc33) remu    s8, s11, zero
core   0: 0 0x80005a40 (0x020dfc33) x24 0xffffe4e4
core   0: 0x80005a44 (0x409c5033) sra     zero, s8, s1
core   0: 0 0x80005a44 (0x409c5033)
core   0: 0x80005a48 (0x02130863) beq     t1, ra, pc + 48
core   0: 0 0x80005a48 (0x02130863)
core   0: 0x80005a4c (0x03743433) mulhu   s0, s0, s7
core   0: 0 0x80005a4c (0x03743433) x8  0x0000bd5b
core   0: 0x80005a50 (0x03186ab3) rem     s5, a6, a7
core   0: 0 0x80005a50 (0x03186ab3) x21 0x80001492
core   0: 0x80005a54 (0x01addf33) srl     t5, s11, s10
core   0: 0 0x80005a54 (0x01addf33) x30 0x0000007f
core   0: 0x80005a58 (0x00accf63) blt     s9, a0, pc + 30
core   0: 0 0x80005a58 (0x00accf63)
core   0: 0x80005a76 (0x00008de1) c.and   a1, s0
core   0: 0 0x80005a76 (0x8de1) x11 0x00000512
core   0: 0x80005a78 (0x0240dfb3) divu    t6, ra, tp
core   0: 0 0x80005a78 (0x0240dfb3) x31 0x00017c40
core   0: 0x80005a7c (0x409f8333) sub     t1, t6, s1
core   0: 0 0x80005a7c (0x409f8333) x6  0x57b036aa
core   0: 0x80005a80 (0x00e89393) slli    t2, a7, 14
core   0: 0 0x80005a80 (0x00e89393) x7  0x00000000
core   0: 0x80005a84 (0x00000001) c.nop
core   0: 0 0x80005a84 (0x0001)
core   0: 0x80005a86 (0x00ef1213) slli    tp, t5, 14
core   0: 0 0x80005a86 (0x00ef1213) x4  0x001fc000
core   0: 0x80005a8a (0x028cc933) div     s2, s9, s0
core   0: 0 0x80005a8a (0x028cc933) x18 0x00000000
core   0: 0x80005a8e (0x00af6db3) or      s11, t5, a0
core   0: 0 0x80005a8e (0x00af6db3) x27 0x4ad66aff
core   0: 0x80005a92 (0x00000001) c.nop
core   0: 0 0x80005a92 (0x0001)
core   0: 0x80005a94 (0x02a8c433) div     s0, a7, a0
core   0: 0 0x80005a94 (0x02a8c433) x8  0x00000000
core   0: 0x80005a98 (0x03e12bb3) mulhsu  s7, sp, t5
core   0: 0 0x80005a98 (0x03e12bb3) x23 0xfffffffa
core   0: 0x80005a9c (0x011bc1b3) xor     gp, s7, a7
core   0: 0 0x80005a9c (0x011bc1b3) x3  0xfffffffa
core   0: 0x80005aa0 (0x00008fcd) c.or    a5, a1
core   0: 0 0x80005aa0 (0x8fcd) x15 0x00000512
core   0: 0x80005aa2 (0x02760833) mul     a6, a2, t2
core   0: 0 0x80005aa2 (0x02760833) x16 0x00000000
core   0: 0x80005aa6 (0xd5e1b693) sltiu   a3, gp, -674
core   0: 0 0x80005aa6 (0xd5e1b693) x13 0x00000000
core   0: 0x80005aaa (0x03673233) mulhu   tp, a4, s6
core   0: 0 0x80005aaa (0x03673233) x4  0x00000000
core   0: 0x80005aae (0x031e9933) mulh    s2, t4, a7
core   0: 0 0x80005aae (0x031e9933) x18 0x00000000
core   0: 0x80005ab2 (0xa1efa817) auipc   a6, 0xa1efa
core   0: 0 0x80005ab2 (0xa1efa817) x16 0x21effab2
core   0: 0x80005ab6 (0x000006b5) c.addi  a3, 13
core   0: 0 0x80005ab6 (0x06b5) x13 0x0000000d
core   0: 0x80005ab8 (0x0ff0000f) fence   iorw,iorw
core   0: 0 0x80005ab8 (0x0ff0000f)
core   0: 0x80005abc (0x0ff0000f) fence   iorw,iorw
core   0: 0 0x80005abc (0x0ff0000f)
core   0: 0x80005ac0 (0xad87b413) sltiu   s0, a5, -1320
core   0: 0 0x80005ac0 (0xad87b413) x8  0x00000001
core   0: 0x80005ac4 (0x02314793) xori    a5, sp, 35
core   0: 0 0x80005ac4 (0x02314793) x15 0xf5e398b6
core   0: 0x80005ac8 (0x037c5333) divu    t1, s8, s7
core   0: 0 0x80005ac8 (0x037c5333) x6  0x00000000
core   0: 0x80005acc (0x00ab3233) sltu    tp, s6, a0
core   0: 0 0x80005acc (0x00ab3233) x4  0x00000001
core   0: 0x80005ad0 (0x4059dcb3) sra     s9, s3, t0
core   0: 0 0x80005ad0 (0x4059dcb3) x25 0xfffffff4
core   0: 0x80005ad4 (0x00c0fcb3) and     s9, ra, a2
core   0: 0 0x80005ad4 (0x00c0fcb3) x25 0x80005448
core   0: 0x80005ad8 (0x0137de33) srl     t3, a5, s3
core   0: 0 0x80005ad8 (0x0137de33) x28 0x00000f5e
core   0: 0x80005adc (0x00506863) bltu    zero, t0, pc + 16
core   0: 0 0x80005adc (0x00506863)
core   0: 0x80005ae0 (0xf841b793) sltiu   a5, gp, -124
core   0: 0 0x80005ae0 (0xf841b793) x15 0x00000000
core   0: 0x80005ae4 (0x05aa4063) blt     s4, s10, pc + 64
core   0: 0 0x80005ae4 (0x05aa4063)
core   0: 0x80005b24 (0x01990263) beq     s2, s9, pc + 4
core   0: 0 0x80005b24 (0x01990263)
core   0: 0x80005b28 (0x5db4c093) xori    ra, s1, 1499
core   0: 0 0x80005b28 (0x5db4c093) x1  0xa851404d
core   0: 0x80005b2c (0x036d6963) bltu    s10, s6, pc + 50
core   0: 0 0x80005b2c (0x036d6963)
core   0: 0x80005b30 (0x0000042e) c.slli  s0, 11
core   0: 0 0x80005b30 (0x042e) x8  0x00000800
core   0: 0x80005b32 (0x03dd2db3) mulhsu  s11, s10, t4
core   0: 0 0x80005b32 (0x03dd2db3) x27 0x00000000
core   0: 0x80005b36 (0x015f9d13) slli    s10, t6, 21
core   0: 0 0x80005b36 (0x015f9d13) x26 0x88000000
core   0: 0x80005b3a (0x00009eb6) c.add   t4, a3
core   0: 0 0x80005b3a (0x9eb6) x29 0x0000000d
core   0: 0x80005b3c (0x029f6b33) rem     s6, t5, s1
core   0: 0 0x80005b3c (0x029f6b33) x22 0x0000007f
core   0: 0x80005b40 (0x02bdca33) div     s4, s11, a1
core   0: 0 0x80005b40 (0x02bdca33) x20 0x00000000
core   0: 0x80005b44 (0x03870363) beq     a4, s8, pc + 38
core   0: 0 0x80005b44 (0x03870363)
core   0: 0x80005b48 (0x03415463) bge     sp, s4, pc + 40
core   0: 0 0x80005b48 (0x03415463)
core   0: 0x80005b4c (0x0000054a) c.slli  a0, 18
core   0: 0 0x80005b4c (0x054a) x10 0xaa8c0000
core   0: 0x80005b4e (0x00000001) c.nop
core   0: 0 0x80005b4e (0x0001)
core   0: 0x80005b50 (0x0133eb33) or      s6, t2, s3
core   0: 0 0x80005b50 (0x0133eb33) x22 0xfffffff4
core   0: 0x80005b54 (0x00567b63) bgeu    a2, t0, pc + 22
core   0: 0 0x80005b54 (0x00567b63)
core   0: 0x80005b6a (0xb15a7993) andi    s3, s4, -1259
core   0: 0 0x80005b6a (0xb15a7993) x19 0x00000000
core   0: 0x80005b6e (0x00008c6d) c.and   s0, a1
core   0: 0 0x80005b6e (0x8c6d) x8  0x00000000
core   0: 0x80005b70 (0x01e0f933) and     s2, ra, t5
core   0: 0 0x80005b70 (0x01e0f933) x18 0x0000004d
core   0: 0x80005b74 (0x006045b3) xor     a1, zero, t1
core   0: 0 0x80005b74 (0x006045b3) x11 0x00000000
core   0: 0x80005b78 (0x00008c7d) c.and   s0, a5
core   0: 0 0x80005b78 (0x8c7d) x8  0x00000000
core   0: 0x80005b7a (0x00008841) c.andi  s0, 16
core   0: 0 0x80005b7a (0x8841) x8  0x00000000
core   0: 0x80005b7c (0x44612c13) slti    s8, sp, 1094
core   0: 0 0x80005b7c (0x44612c13) x24 0x00000001
core   0: 0x80005b80 (0x00008cc5) c.or    s1, s1
core   0: 0 0x80005b80 (0x8cc5) x9  0xa8514596
core   0: 0x80005b82 (0x02fea1b3) mulhsu  gp, t4, a5
core   0: 0 0x80005b82 (0x02fea1b3) x3  0x00000000
core   0: 0x80005b86 (0x000050fd) c.li    ra, -1
core   0: 0 0x80005b86 (0x50fd) x1  0xffffffff
core   0: 0x80005b88 (0x00001e7d) c.addi  t3, -1
core   0: 0 0x80005b88 (0x1e7d) x28 0x00000f5d
core   0: 0x80005b8a (0x40a152b3) sra     t0, sp, a0
core   0: 0 0x80005b8a (0x40a152b3) x5  0xf5e39895
core   0: 0x80005b8e (0x8dc46f93) ori     t6, s0, -1828
core   0: 0 0x80005b8e (0x8dc46f93) x31 0xfffff8dc
core   0: 0x80005b92 (0x137e4a17) auipc   s4, 0x137e4
core   0: 0 0x80005b92 (0x137e4a17) x20 0x937e9b92
core   0: 0x80005b96 (0x00eb1db3) sll     s11, s6, a4
core   0: 0 0x80005b96 (0x00eb1db3) x27 0xffffff40
core   0: 0x80005b9a (0x019b61b3) or      gp, s6, s9
core   0: 0 0x80005b9a (0x019b61b3) x3  0xfffffffc
core   0: 0x80005b9e (0x03f0fa33) remu    s4, ra, t6
core   0: 0 0x80005b9e (0x03f0fa33) x20 0x00000723
core   0: 0x80005ba2 (0x41445233) sra     tp, s0, s4
core   0: 0 0x80005ba2 (0x41445233) x4  0x00000000
core   0: 0x80005ba6 (0x03f7d6b3) divu    a3, a5, t6
core   0: 0 0x80005ba6 (0x03f7d6b3) x13 0x00000000
core   0: 0x80005baa (0x00d85893) srli    a7, a6, 13
core   0: 0 0x80005baa (0x00d85893) x17 0x00010f7f
core   0: 0x80005bae (0x015467b3) or      a5, s0, s5
core   0: 0 0x80005bae (0x015467b3) x15 0x80001492
core   0: 0x80005bb2 (0x647e6813) ori     a6, t3, 1607
core   0: 0 0x80005bb2 (0x647e6813) x16 0x00000f5f
core   0: 0x80005bb6 (0x02d139b3) mulhu   s3, sp, a3
core   0: 0 0x80005bb6 (0x02d139b3) x19 0x00000000
core   0: 0x80005bba (0x00da6233) or      tp, s4, a3
core   0: 0 0x80005bba (0x00da6233) x4  0x00000723
core   0: 0x80005bbe (0x00ee4a33) xor     s4, t3, a4
core   0: 0 0x80005bbe (0x00ee4a33) x20 0x800233b9
core   0: 0x80005bc2 (0x02169a33) mulh    s4, a3, ra
core   0: 0 0x80005bc2 (0x02169a33) x20 0x00000000
core   0: 0x80005bc6 (0x53b2ac13) slti    s8, t0, 1339
core   0: 0 0x80005bc6 (0x53b2ac13) x24 0x00000001
core   0: 0x80005bca (0x01bb5c63) bge     s6, s11, pc + 24
core   0: 0 0x80005bca (0x01bb5c63)
core   0: 0x80005be2 (0x4132d293) srai    t0, t0, 19
core   0: 0 0x80005be2 (0x4132d293) x5  0xfffffebc
core   0: 0x80005be6 (0x036b6833) rem     a6, s6, s6
core   0: 0 0x80005be6 (0x036b6833) x16 0x00000000
core   0: 0x80005bea (0x0000100f) fence.i
core   0: 0 0x80005bea (0x0000100f)
core   0: 0x80005bee (0x03c3ea33) rem     s4, t2, t3
core   0: 0 0x80005bee (0x03c3ea33) x20 0x00000000
core   0: 0x80005bf2 (0x5c467893) andi    a7, a2, 1476
core   0: 0 0x80005bf2 (0x5c467893) x17 0x00000444
core   0: 0x80005bf6 (0x00009f56) c.add   t5, s5
core   0: 0 0x80005bf6 (0x9f56) x30 0x80001511
core   0: 0x80005bf8 (0x01dcd8b3) srl     a7, s9, t4
core   0: 0 0x80005bf8 (0x01dcd8b3) x17 0x00040002
core   0: 0x80005bfc (0x015d1363) bne     s10, s5, pc + 6
core   0: 0 0x80005bfc (0x015d1363)
core   0: 0x80005c02 (0x40be86b3) sub     a3, t4, a1
core   0: 0 0x80005c02 (0x40be86b3) x13 0x0000000d
core   0: 0x80005c06 (0x0055ee63) bltu    a1, t0, pc + 28
core   0: 0 0x80005c06 (0x0055ee63)
core   0: 0x80005c22 (0x3cd02893) slti    a7, zero, 973
core   0: 0 0x80005c22 (0x3cd02893) x17 0x00000001
core   0: 0x80005c26 (0x010668b3) or      a7, a2, a6
core   0: 0 0x80005c26 (0x010668b3) x17 0x8001fe4c
core   0: 0x80005c2a (0x00000001) c.nop
core   0: 0 0x80005c2a (0x0001)
core   0: 0x80005c2c (0x18227093) andi    ra, tp, 386
core   0: 0 0x80005c2c (0x18227093) x1  0x00000102
core   0: 0x80005c30 (0x01067a33) and     s4, a2, a6
core   0: 0 0x80005c30 (0x01067a33) x20 0x00000000
core   0: 0x80005c34 (0x03aafb33) remu    s6, s5, s10
core   0: 0 0x80005c34 (0x03aafb33) x22 0x80001492
core   0: 0x80005c38 (0x0ff0000f) fence   iorw,iorw
core   0: 0 0x80005c38 (0x0ff0000f)
core   0: 0x80005c3c (0x01a571b3) and     gp, a0, s10
core   0: 0 0x80005c3c (0x01a571b3) x3  0x88000000
core   0: 0x80005c40 (0x010dd993) srli    s3, s11, 16
core   0: 0 0x80005c40 (0x010dd993) x19 0x0000ffff
core   0: 0x80005c44 (0x0000878d) c.srai  a5, 3
core   0: 0 0x80005c44 (0x878d) x15 0xf0000292
core   0: 0x80005c46 (0x0154c1b3) xor     gp, s1, s5
core   0: 0 0x80005c46 (0x0154c1b3) x3  0x28515104
core   0: 0x80005c4a (0x4070da33) sra     s4, ra, t2
core   0: 0 0x80005c4a (0x4070da33) x20 0x00000102
core   0: 0x80005c4e (0x000085c1) c.srai  a1, 16
core   0: 0 0x80005c4e (0x85c1) x11 0x00000000
core   0: 0x80005c50 (0x00009542) c.add   a0, a6
core   0: 0 0x80005c50 (0x9542) x10 0xaa8c0000
core   0: 0x80005c52 (0x47476397) auipc   t2, 0x47476
core   0: 0 0x80005c52 (0x47476397) x7  0xc747bc52
core   0: 0x80005c56 (0x00a236b3) sltu    a3, tp, a0
core   0: 0 0x80005c56 (0x00a236b3) x13 0x00000001
core   0: 0x80005c5a (0x3f84fd13) andi    s10, s1, 1016
core   0: 0 0x80005c5a (0x3f84fd13) x26 0x00000190
core   0: 0x80005c5e (0x0000e889) c.bnez  s1, pc + 18
core   0: 0 0x80005c5e (0xe889)
core   0: 0x80005c70 (0x61eb2f93) slti    t6, s6, 1566
core   0: 0 0x80005c70 (0x61eb2f93) x31 0x00000001
core   0: 0x80005c74 (0x00008d19) c.sub   a0, a4
core   0: 0 0x80005c74 (0x8d19) x10 0x2a89c31c
core   0: 0x80005c76 (0x00008df1) c.and   a1, a2
core   0: 0 0x80005c76 (0x8df1) x11 0x00000000
core   0: 0x80005c78 (0x03b0cb33) div     s6, ra, s11
core   0: 0 0x80005c78 (0x03b0cb33) x22 0xffffffff
core   0: 0x80005c7c (0x0000100f) fence.i
core   0: 0 0x80005c7c (0x0000100f)
core   0: 0x80005c80 (0x02816f33) rem     t5, sp, s0
core   0: 0 0x80005c80 (0x02816f33) x30 0xf5e39895
core   0: 0x80005c84 (0x015afdb3) and     s11, s5, s5
core   0: 0 0x80005c84 (0x015afdb3) x27 0x80001492
core   0: 0x80005c88 (0x5c79aa93) slti    s5, s3, 1479
core   0: 0 0x80005c88 (0x5c79aa93) x21 0x00000000
core   0: 0x80005c8c (0x00008fad) c.xor   a5, a1
core   0: 0 0x80005c8c (0x8fad) x15 0xf0000292
core   0: 0x80005c8e (0x0358cc33) div     s8, a7, s5
core   0: 0 0x80005c8e (0x0358cc33) x24 0xffffffff
core   0: 0x80005c92 (0x01bc1d33) sll     s10, s8, s11
core   0: 0 0x80005c92 (0x01bc1d33) x26 0xfffc0000
core   0: 0x80005c96 (0x39a13f13) sltiu   t5, sp, 922
core   0: 0 0x80005c96 (0x39a13f13) x30 0x00000000
core   0: 0x80005c9a (0x0346f163) bgeu    a3, s4, pc + 34
core   0: 0 0x80005c9a (0x0346f163)
core   0: 0x80005c9e (0x03d255b3) divu    a1, tp, t4
core   0: 0 0x80005c9e (0x03d255b3) x11 0x0000008c
core   0: 0x80005ca2 (0x024ed5b3) divu    a1, t4, tp
core   0: 0 0x80005ca2 (0x024ed5b3) x11 0x00000000
core   0: 0x80005ca6 (0x0ff0000f) fence   iorw,iorw
core   0: 0 0x80005ca6 (0x0ff0000f)
core   0: 0x80005caa (0x000086b5) c.srai  a3, 13
core   0: 0 0x80005caa (0x86b5) x13 0x00000000
core   0: 0x80005cac (0x00006b95) c.lui   s7, 0x5
core   0: 0 0x80005cac (0x6b95) x23 0x00005000
core   0: 0x80005cae (0x0000100f) fence.i
core   0: 0 0x80005cae (0x0000100f)
core   0: 0x80005cb2 (0x004d5b63) bge     s10, tp, pc + 22
core   0: 0 0x80005cb2 (0x004d5b63)
core   0: 0x80005cb6 (0x011041b3) xor     gp, zero, a7
core   0: 0 0x80005cb6 (0x011041b3) x3  0x8001fe4c
core   0: 0x80005cba (0x00008d5d) c.or    a0, a5
core   0: 0 0x80005cba (0x8d5d) x10 0xfa89c39e
core   0: 0x80005cbc (0x00008c51) c.or    s0, a2
core   0: 0 0x80005cbc (0x8c51) x8  0x8001fe4c
core   0: 0x80005cbe (0x41155233) sra     tp, a0, a7
core   0: 0 0x80005cbe (0x41155233) x4  0xffffa89c
core   0: 0x80005cc2 (0x000080b5) c.srli  s1, 13
core   0: 0 0x80005cc2 (0x80b5) x9  0x0005428a
core   0: 0x80005cc4 (0x02f6e333) rem     t1, a3, a5
core   0: 0 0x80005cc4 (0x02f6e333) x6  0x00000000
core   0: 0x80005cc8 (0x03d2ea63) bltu    t0, t4, pc + 52
core   0: 0 0x80005cc8 (0x03d2ea63)
core   0: 0x80005ccc (0x000099da) c.add   s3, s6
core   0: 0 0x80005ccc (0x99da) x19 0x0000fffe
core   0: 0x80005cce (0x00520a63) beq     tp, t0, pc + 20
core   0: 0 0x80005cce (0x00520a63)
core   0: 0x80005cd2 (0x00008c45) c.or    s0, s1
core   0: 0 0x80005cd2 (0x8c45) x8  0x8005fece
core   0: 0x80005cd4 (0x00e82bb3) slt     s7, a6, a4
core   0: 0 0x80005cd4 (0x00e82bb3) x23 0x00000000
core   0: 0x80005cd8 (0x00a94363) blt     s2, a0, pc + 6
core   0: 0 0x80005cd8 (0x00a94363)
core   0: 0x80005cdc (0x0000e819) c.bnez  s0, pc + 22
core   0: 0 0x80005cdc (0xe819)
core   0: 0x80005cf2 (0xf9a77d13) andi    s10, a4, -102
core   0: 0 0x80005cf2 (0xf9a77d13) x26 0x80023c80
core   0: 0x80005cf6 (0x0000c495) c.beqz  s1, pc + 44
core   0: 0 0x80005cf6 (0xc495)
core   0: 0x80005cf8 (0x10b42a93) slti    s5, s0, 267
core   0: 0 0x80005cf8 (0x10b42a93) x21 0x00000001
core   0: 0x80005cfc (0xbc982313) slti    t1, a6, -1079
core   0: 0 0x80005cfc (0xbc982313) x6  0x00000000
core   0: 0x80005d00 (0x004b4233) xor     tp, s6, tp
core   0: 0 0x80005d00 (0x004b4233) x4  0x00005763
core   0: 0x80005d04 (0x0347d8b3) divu    a7, a5, s4
core   0: 0 0x80005d04 (0x0347d8b3) x17 0x00ee23bb
core   0: 0x80005d08 (0x01350233) add     tp, a0, s3
core   0: 0 0x80005d08 (0x01350233) x4  0xfa8ac39c
core   0: 0x80005d0c (0x0226f063) bgeu    a3, sp, pc + 32
core   0: 0 0x80005d0c (0x0226f063)
core   0: 0x80005d10 (0x01460533) add     a0, a2, s4
core   0: 0 0x80005d10 (0x01460533) x10 0x8001ff4e
core   0: 0x80005d14 (0x03565d33) divu    s10, a2, s5
core   0: 0 0x80005d14 (0x03565d33) x26 0x8001fe4c
core   0: 0x80005d18 (0x000085fd) c.srai  a1, 31
core   0: 0 0x80005d18 (0x85fd) x11 0x00000000
core   0: 0x80005d1a (0x0000e131) c.bnez  a0, pc + 68
core   0: 0 0x80005d1a (0xe131)
core   0: 0x80005d5e (0x000088c9) c.andi  s1, 18
core   0: 0 0x80005d5e (0x88c9) x9  0x00000002
core   0: 0x80005d60 (0x01a29e93) slli    t4, t0, 26
core   0: 0 0x80005d60 (0x01a29e93) x29 0xf0000000
core   0: 0x80005d64 (0x000082a9) c.srli  a3, 10
core   0: 0 0x80005d64 (0x82a9) x13 0x00000000
core   0: 0x80005d66 (0x00008d4a) c.mv    s10, s2
core   0: 0 0x80005d66 (0x8d4a) x26 0x0000004d
core   0: 0x80005d68 (0x0000c419) c.beqz  s0, pc + 14
core   0: 0 0x80005d68 (0xc419)
core   0: 0x80005d6a (0xcd2dae93) slti    t4, s11, -814
core   0: 0 0x80005d6a (0xcd2dae93) x29 0x00000001
core   0: 0x80005d6e (0x000081f9) c.srli  a1, 30
core   0: 0 0x80005d6e (0x81f9) x11 0x00000000
core   0: 0x80005d70 (0x0000838d) c.srli  a5, 3
core   0: 0 0x80005d70 (0x838d) x15 0x1e000052
core   0: 0x80005d72 (0x000084dd) c.srai  s1, 23
core   0: 0 0x80005d72 (0x84dd) x9  0x00000000
core   0: 0x80005d74 (0x00008c21) c.xor   s0, s0
core   0: 0 0x80005d74 (0x8c21) x8  0x00000000
core   0: 0x80005d76 (0x000080a1) c.srli  s1, 8
core   0: 0 0x80005d76 (0x80a1) x9  0x00000000
core   0: 0x80005d78 (0x00006b8d) c.lui   s7, 0x3
core   0: 0 0x80005d78 (0x6b8d) x23 0x00003000
core   0: 0x80005d7a (0x008fcfb3) xor     t6, t6, s0
core   0: 0 0x80005d7a (0x008fcfb3) x31 0x00000001
core   0: 0x80005d7e (0x000099fd) c.andi  a1, -1
core   0: 0 0x80005d7e (0x99fd) x11 0x00000000
core   0: 0x80005d80 (0xc9618917) auipc   s2, 0xc9618
core   0: 0 0x80005d80 (0xc9618917) x18 0x4961dd80
core   0: 0x80005d84 (0x36eb5c37) lui     s8, 0x36eb5
core   0: 0 0x80005d84 (0x36eb5c37) x24 0x36eb5000
core   0: 0x80005d88 (0x00009826) c.add   a6, s1
core   0: 0 0x80005d88 (0x9826) x16 0x00000000
core   0: 0x80005d8a (0x0000ca99) c.beqz  a3, pc + 22
core   0: 0 0x80005d8a (0xca99)
core   0: 0x80005da0 (0x03430263) beq     t1, s4, pc + 36
core   0: 0 0x80005da0 (0x03430263)
core   0: 0x80005da4 (0x5e02f393) andi    t2, t0, 1504
core   0: 0 0x80005da4 (0x5e02f393) x7  0x000004a0
core   0: 0x80005da8 (0x00000fca) c.slli  t6, 18
core   0: 0 0x80005da8 (0x0fca) x31 0x00040000
core   0: 0x80005daa (0x00008fb1) c.xor   a5, a2
core   0: 0 0x80005daa (0x8fb1) x15 0x9e01fe1e
core   0: 0x80005dac (0x0000e415) c.bnez  s0, pc + 44
core   0: 0 0x80005dac (0xe415)
core   0: 0x80005dae (0x00819463) bne     gp, s0, pc + 8
core   0: 0 0x80005dae (0x00819463)
core   0: 0x80005db6 (0x00008c65) c.and   s0, s1
core   0: 0 0x80005db6 (0x8c65) x8  0x00000000
core   0: 0x80005db8 (0x5ebb7393) andi    t2, s6, 1515
core   0: 0 0x80005db8 (0x5ebb7393) x7  0x000005eb
core   0: 0x80005dbc (0x03baf2b3) remu    t0, s5, s11
core   0: 0 0x80005dbc (0x03baf2b3) x5  0x00000001
core   0: 0x80005dc0 (0x0199f8b3) and     a7, s3, s9
core   0: 0 0x80005dc0 (0x0199f8b3) x17 0x00005448
core   0: 0x80005dc4 (0x00008fbd) c.xor   a5, a5
core   0: 0 0x80005dc4 (0x8fbd) x15 0x00000000
core   0: 0x80005dc6 (0x0093cfb3) xor     t6, t2, s1
core   0: 0 0x80005dc6 (0x0093cfb3) x31 0x000005eb
core   0: 0x80005dca (0x00008791) c.srai  a5, 4
core   0: 0 0x80005dca (0x8791) x15 0x00000000
core   0: 0x80005dcc (0x01a89c93) slli    s9, a7, 26
core   0: 0 0x80005dcc (0x01a89c93) x25 0x20000000
core   0: 0x80005dd0 (0x01e288b3) add     a7, t0, t5
core   0: 0 0x80005dd0 (0x01e288b3) x17 0x00000001
core   0: 0x80005dd4 (0xa7054d13) xori    s10, a0, -1424
core   0: 0 0x80005dd4 (0xa7054d13) x26 0x7ffe053e
core   0: 0x80005dd8 (0x00001cfd) c.addi  s9, -1
core   0: 0 0x80005dd8 (0x1cfd) x25 0x1fffffff
core   0: 0x80005dda (0x00932a33) slt     s4, t1, s1
core   0: 0 0x80005dda (0x00932a33) x20 0x00000000
core   0: 0x80005dde (0x01a39963) bne     t2, s10, pc + 18
core   0: 0 0x80005dde (0x01a39963)
core   0: 0x80005df0 (0x00000001) c.nop
core   0: 0 0x80005df0 (0x0001)
core   0: 0x80005df2 (0x41e15233) sra     tp, sp, t5
core   0: 0 0x80005df2 (0x41e15233) x4  0xf5e39895
core   0: 0x80005df6 (0x404f5233) sra     tp, t5, tp
core   0: 0 0x80005df6 (0x404f5233) x4  0x00000000
core   0: 0x80005dfa (0x0000838d) c.srli  a5, 3
core   0: 0 0x80005dfa (0x838d) x15 0x00000000
core   0: 0x80005dfc (0x01a25263) bge     tp, s10, pc + 4
core   0: 0 0x80005dfc (0x01a25263)
core   0: 0x80005e00 (0x002dadb3) slt     s11, s11, sp
core   0: 0 0x80005e00 (0x002dadb3) x27 0x00000001
core   0: 0x80005e04 (0x004a8b63) beq     s5, tp, pc + 22
core   0: 0 0x80005e04 (0x004a8b63)
core   0: 0x80005e08 (0x03d04563) blt     zero, t4, pc + 42
core   0: 0 0x80005e08 (0x03d04563)
core   0: 0x80005e32 (0x00008d61) c.and   a0, s0
core   0: 0 0x80005e32 (0x8d61) x10 0x00000000
core   0: 0x80005e34 (0x00949a93) slli    s5, s1, 9
core   0: 0 0x80005e34 (0x00949a93) x21 0x00000000
core   0: 0x80005e38 (0x00250b33) add     s6, a0, sp
core   0: 0 0x80005e38 (0x00250b33) x22 0xf5e39895
core   0: 0x80005e3c (0x01bff363) bgeu    t6, s11, pc + 6
core   0: 0 0x80005e3c (0x01bff363)
core   0: 0x80005e42 (0x00008aee) c.mv    s5, s11
core   0: 0 0x80005e42 (0x8aee) x21 0x00000001
core   0: 0x80005e44 (0x418f5493) srai    s1, t5, 24
core   0: 0 0x80005e44 (0x418f5493) x9  0x00000000
core   0: 0x80005e48 (0x400981b3) sub     gp, s3, zero
core   0: 0 0x80005e48 (0x400981b3) x3  0x0000fffe
core   0: 0x80005e4c (0x60abcc37) lui     s8, 0x60abc
core   0: 0 0x80005e4c (0x60abcc37) x24 0x60abc000
core   0: 0x80005e50 (0x000094ba) c.add   s1, a4
core   0: 0 0x80005e50 (0x94ba) x9  0x80023ce4
core   0: 0x80005e52 (0x03c8d063) bge     a7, t3, pc + 32
core   0: 0 0x80005e52 (0x03c8d063)
core   0: 0x80005e56 (0x02c8f433) remu    s0, a7, a2
core   0: 0 0x80005e56 (0x02c8f433) x8  0x00000001
core   0: 0x80005e5a (0x01b16eb3) or      t4, sp, s11
core   0: 0 0x80005e5a (0x01b16eb3) x29 0xf5e39895
core   0: 0x80005e5e (0x00008d3d) c.xor   a0, a5
core   0: 0 0x80005e5e (0x8d3d) x10 0x00000000
core   0: 0x80005e60 (0x00008c05) c.sub   s0, s1
core   0: 0 0x80005e60 (0x8c05) x8  0x7ffdc31d
core   0: 0x80005e62 (0x41c1de13) srai    t3, gp, 28
core   0: 0 0x80005e62 (0x41c1de13) x28 0x00000000
core   0: 0x80005e66 (0x40de7293) andi    t0, t3, 1037
core   0: 0 0x80005e66 (0x40de7293) x5  0x00000000
core   0: 0x80005e6a (0x6c18fc93) andi    s9, a7, 1729
core   0: 0 0x80005e6a (0x6c18fc93) x25 0x00000001
core   0: 0x80005e6e (0x01f0f463) bgeu    ra, t6, pc + 8
core   0: 0 0x80005e6e (0x01f0f463)
core   0: 0x80005e72 (0x02cf2833) mulhsu  a6, t5, a2
core   0: 0 0x80005e72 (0x02cf2833) x16 0x00000000
core   0: 0x80005e76 (0x0140ca63) blt     ra, s4, pc + 20
core   0: 0 0x80005e76 (0x0140ca63)
core   0: 0x80005e7a (0x02d18763) beq     gp, a3, pc + 46
core   0: 0 0x80005e7a (0x02d18763)
core   0: 0x80005e7e (0x00008549) c.srai  a0, 18
core   0: 0 0x80005e7e (0x8549) x10 0x00000000
core   0: 0x80005e80 (0x00001f7d) c.addi  t5, -1
core   0: 0 0x80005e80 (0x1f7d) x30 0xffffffff
core   0: 0x80005e82 (0x013d7433) and     s0, s10, s3
core   0: 0 0x80005e82 (0x013d7433) x8  0x0000053e
core   0: 0x80005e86 (0x00000001) c.nop
core   0: 0 0x80005e86 (0x0001)
core   0: 0x80005e88 (0x00008812) c.mv    a6, tp
core   0: 0 0x80005e88 (0x8812) x16 0x00000000
core   0: 0x80005e8a (0x0000cc99) c.beqz  s1, pc + 30
core   0: 0 0x80005e8a (0xcc99)
core   0: 0x80005e8c (0x01429d13) slli    s10, t0, 20
core   0: 0 0x80005e8c (0x01429d13) x26 0x00000000
core   0: 0x80005e90 (0x00008589) c.srai  a1, 2
core   0: 0 0x80005e90 (0x8589) x11 0x00000000
core   0: 0x80005e92 (0x48276e17) auipc   t3, 0x48276
core   0: 0 0x80005e92 (0x48276e17) x28 0xc827be92
core   0: 0x80005e96 (0xbda2fc93) andi    s9, t0, -1062
core   0: 0 0x80005e96 (0xbda2fc93) x25 0x00000000
core   0: 0x80005e9a (0x02101cb3) mulh    s9, zero, ra
core   0: 0 0x80005e9a (0x02101cb3) x25 0x00000000
core   0: 0x80005e9e (0x039b64b3) rem     s1, s6, s9
core   0: 0 0x80005e9e (0x039b64b3) x9  0xf5e39895
core   0: 0x80005ea2 (0x0000926e) c.add   tp, s11
core   0: 0 0x80005ea2 (0x926e) x4  0x00000001
core   0: 0x80005ea4 (0x3ff9fe93) andi    t4, s3, 1023
core   0: 0 0x80005ea4 (0x3ff9fe93) x29 0x000003fe
core   0: 0x80005ea8 (0x48196c13) ori     s8, s2, 1153
core   0: 0 0x80005ea8 (0x48196c13) x24 0x4961dd81
core   0: 0x80005eac (0x0ff0000f) fence   iorw,iorw
core   0: 0 0x80005eac (0x0ff0000f)
core   0: 0x80005eb0 (0x0000997d) c.andi  a0, -1
core   0: 0 0x80005eb0 (0x997d) x10 0x00000000
core   0: 0x80005eb2 (0x014c1a93) slli    s5, s8, 20
core   0: 0 0x80005eb2 (0x014c1a93) x21 0xd8100000
core   0: 0x80005eb6 (0x01a39d33) sll     s10, t2, s10
core   0: 0 0x80005eb6 (0x01a39d33) x26 0x000005eb
core   0: 0x80005eba (0x000006ce) c.slli  a3, 19
core   0: 0 0x80005eba (0x06ce) x13 0x00000000
core   0: 0x80005ebc (0x035cc463) blt     s9, s5, pc + 40
core   0: 0 0x80005ebc (0x035cc463)
core   0: 0x80005ec0 (0x00008dcd) c.or    a1, a1
core   0: 0 0x80005ec0 (0x8dcd) x11 0x00000000
core   0: 0x80005ec2 (0x00000001) c.nop
core   0: 0 0x80005ec2 (0x0001)
core   0: 0x80005ec4 (0x40848933) sub     s2, s1, s0
core   0: 0 0x80005ec4 (0x40848933) x18 0xf5e39357
core   0: 0x80005ec8 (0x031d0b33) mul     s6, s10, a7
core   0: 0 0x80005ec8 (0x031d0b33) x22 0x000005eb
core   0: 0x80005ecc (0x00008ef5) c.and   a3, a3
core   0: 0 0x80005ecc (0x8ef5) x13 0x00000000
core   0: 0x80005ece (0x0000c18d) c.beqz  a1, pc + 34
core   0: 0 0x80005ece (0xc18d)
core   0: 0x80005ef0 (0x00008fbd) c.xor   a5, a5
core   0: 0 0x80005ef0 (0x8fbd) x15 0x00000000
core   0: 0x80005ef2 (0x0334b433) mulhu   s0, s1, s3
core   0: 0 0x80005ef2 (0x0334b433) x8  0x0000f5e1
core   0: 0x80005ef6 (0x00008fad) c.xor   a5, a1
core   0: 0 0x80005ef6 (0x8fad) x15 0x00000000
core   0: 0x80005ef8 (0x000006dd) c.addi  a3, 23
core   0: 0 0x80005ef8 (0x06dd) x13 0x00000017
core   0: 0x80005efa (0x03539463) bne     t2, s5, pc + 40
core   0: 0 0x80005efa (0x03539463)
core   0: 0x80005f22 (0x0000943a) c.add   s0, a4
core   0: 0 0x80005f22 (0x943a) x8  0x800332c5
core   0: 0x80005f24 (0x000019fd) c.addi  s3, -1
core   0: 0 0x80005f24 (0x19fd) x19 0x0000fffd
core   0: 0x80005f26 (0x0000c39d) c.beqz  a5, pc + 38
core   0: 0 0x80005f26 (0xc39d)
core   0: 0x80005f4c (0x02366363) bltu    a2, gp, pc + 38
core   0: 0 0x80005f4c (0x02366363)
core   0: 0x80005f50 (0x0302a4b3) mulhsu  s1, t0, a6
core   0: 0 0x80005f50 (0x0302a4b3) x9  0x00000000
core   0: 0x80005f54 (0x55f74e93) xori    t4, a4, 1375
core   0: 0 0x80005f54 (0x55f74e93) x29 0x800239bb
core   0: 0x80005f58 (0x419703b3) sub     t2, a4, s9
core   0: 0 0x80005f58 (0x419703b3) x7  0x80023ce4
core   0: 0x80005f5c (0x03836933) rem     s2, t1, s8
core   0: 0 0x80005f5c (0x03836933) x18 0x00000000
core   0: 0x80005f60 (0x00008019) c.srli  s0, 6
core   0: 0 0x80005f60 (0x8019) x8  0x02000ccb
core   0: 0x80005f62 (0x02e85bb3) divu    s7, a6, a4
core   0: 0 0x80005f62 (0x02e85bb3) x23 0x00000000
core   0: 0x80005f66 (0x00726d63) bltu    tp, t2, pc + 26
core   0: 0 0x80005f66 (0x00726d63)
core   0: 0x80005f80 (0x0aed7e13) andi    t3, s10, 174
core   0: 0 0x80005f80 (0x0aed7e13) x28 0x000000aa
core   0: 0x80005f84 (0x0246dfb3) divu    t6, a3, tp
core   0: 0 0x80005f84 (0x0246dfb3) x31 0x00000017
core   0: 0x80005f88 (0x28faeeb7) lui     t4, 0x28fae
core   0: 0 0x80005f88 (0x28faeeb7) x29 0x28fae000
core   0: 0x80005f8c (0x00008ec1) c.or    a3, s0
core   0: 0 0x80005f8c (0x8ec1) x13 0x02000cdf
core   0: 0x80005f8e (0x0000e809) c.bnez  s0, pc + 18
core   0: 0 0x80005f8e (0xe809)
core   0: 0x80005fa0 (0x00000001) c.nop
core   0: 0 0x80005fa0 (0x0001)
core   0: 0x80005fa2 (0x00632033) slt     zero, t1, t1
core   0: 0 0x80005fa2 (0x00632033)
core   0: 0x80005fa6 (0x00004b15) c.li    s6, 5
core   0: 0 0x80005fa6 (0x4b15) x22 0x00000005
core   0: 0x80005fa8 (0x412387b3) sub     a5, t2, s2
core   0: 0 0x80005fa8 (0x412387b3) x15 0x80023ce4
core   0: 0x80005fac (0x03cc5563) bge     s8, t3, pc + 42
core   0: 0 0x80005fac (0x03cc5563)
core   0: 0x80005fd6 (0x0000e299) c.bnez  a3, pc + 6
core   0: 0 0x80005fd6 (0xe299)
core   0: 0x80005fdc (0x00008bee) c.mv    s7, s11
core   0: 0 0x80005fdc (0x8bee) x23 0x00000001
core   0: 0x80005fde (0x00000001) c.nop
core   0: 0 0x80005fde (0x0001)
core   0: 0x80005fe0 (0x011ee1b3) or      gp, t4, a7
core   0: 0 0x80005fe0 (0x011ee1b3) x3  0x28fae001
core   0: 0x80005fe4 (0x070f0193) addi    gp, t5, 112
core   0: 0 0x80005fe4 (0x070f0193) x3  0x0000006f
core   0: 0x80005fe8 (0x0000022e) c.slli  tp, 11
core   0: 0 0x80005fe8 (0x022e) x4  0x00000800
core   0: 0x80005fea (0x0000100f) fence.i
core   0: 0 0x80005fea (0x0000100f)
core   0: 0x80005fee (0x0267ec33) rem     s8, a5, t1
core   0: 0 0x80005fee (0x0267ec33) x24 0x80023ce4
core   0: 0x80005ff2 (0x00008c5d) c.or    s0, a5
core   0: 0 0x80005ff2 (0x8c5d) x8  0x82023cef
core   0: 0x80005ff4 (0x0ff0000f) fence   iorw,iorw
core   0: 0 0x80005ff4 (0x0ff0000f)
core   0: 0x80005ff8 (0x00008ff9) c.and   a5, a4
core   0: 0 0x80005ff8 (0x8ff9) x15 0x80023ce4
core   0: 0x80005ffa (0x00000415) c.addi  s0, 5
core   0: 0 0x80005ffa (0x0415) x8  0x82023cf4
core   0: 0x80005ffc (0x01322033) slt     zero, tp, s3
core   0: 0 0x80005ffc (0x01322033)
core   0: 0x80006000 (0x02e41763) bne     s0, a4, pc + 46
core   0: 0 0x80006000 (0x02e41763)
core   0: 0x8000602e (0x0000100f) fence.i
core   0: 0 0x8000602e (0x0000100f)
core   0: 0x80006032 (0x03f01a63) bne     zero, t6, pc + 52
core   0: 0 0x80006032 (0x03f01a63)
core   0: 0x80006066 (0x01194b63) blt     s2, a7, pc + 22
core   0: 0 0x80006066 (0x01194b63)
core   0: 0x8000607c (0x01d9d0b3) srl     ra, s3, t4
core   0: 0 0x8000607c (0x01d9d0b3) x1  0x0000fffd
core   0: 0x80006080 (0x0ff0000f) fence   iorw,iorw
core   0: 0 0x80006080 (0x0ff0000f)
core   0: 0x80006084 (0x0ff0000f) fence   iorw,iorw
core   0: 0 0x80006084 (0x0ff0000f)
core   0: 0x80006088 (0x00000cd2) c.slli  s9, 20
core   0: 0 0x80006088 (0x0cd2) x25 0x00000000
core   0: 0x8000608a (0x016e9c63) bne     t4, s6, pc + 24
core   0: 0 0x8000608a (0x016e9c63)
core   0: 0x800060a2 (0x71b38497) auipc   s1, 0x71b38
core   0: 0 0x800060a2 (0x71b38497) x9  0xf1b3e0a2
core   0: 0x800060a6 (0x03b56c33) rem     s8, a0, s11
core   0: 0 0x800060a6 (0x03b56c33) x24 0x00000000
core   0: 0x800060aa (0x017c9263) bne     s9, s7, pc + 4
core   0: 0 0x800060aa (0x017c9263)
core   0: 0x800060ae (0x00c44ab3) xor     s5, s0, a2
core   0: 0 0x800060ae (0x00c44ab3) x21 0x0203c2b8
core   0: 0x800060b2 (0x00008ace) c.mv    s5, s3
core   0: 0 0x800060b2 (0x8ace) x21 0x0000fffd
core   0: 0x800060b4 (0xc576a593) slti    a1, a3, -937
core   0: 0 0x800060b4 (0xc576a593) x11 0x00000000
core   0: 0x800060b8 (0x00000001) c.nop
core   0: 0 0x800060b8 (0x0001)
core   0: 0x800060ba (0x00008e8d) c.sub   a3, a1
core   0: 0 0x800060ba (0x8e8d) x13 0x02000cdf
core   0: 0x800060bc (0xa2970b17) auipc   s6, 0xa2970
core   0: 0 0x800060bc (0xa2970b17) x22 0x229760bc
core   0: 0x800060c0 (0x000097b6) c.add   a5, a3
core   0: 0 0x800060c0 (0x97b6) x15 0x820249c3
core   0: 0x800060c2 (0x000004dd) c.addi  s1, 23
core   0: 0 0x800060c2 (0x04dd) x9  0xf1b3e0b9
core   0: 0x800060c4 (0x029c7ab3) remu    s5, s8, s1
core   0: 0 0x800060c4 (0x029c7ab3) x21 0x00000000
core   0: 0x800060c8 (0x0eb12313) slti    t1, sp, 235
core   0: 0 0x800060c8 (0x0eb12313) x6  0x00000001
core   0: 0x800060cc (0x0000c199) c.beqz  a1, pc + 6
core   0: 0 0x800060cc (0xc199)
core   0: 0x800060d2 (0x862dfc13) andi    s8, s11, -1950
core   0: 0 0x800060d2 (0x862dfc13) x24 0x00000000
core   0: 0x800060d6 (0x000099fd) c.andi  a1, -1
core   0: 0 0x800060d6 (0x99fd) x11 0x00000000
core   0: 0x800060d8 (0x000089ad) c.andi  a1, 11
core   0: 0 0x800060d8 (0x89ad) x11 0x00000000
core   0: 0x800060da (0x419400b3) sub     ra, s0, s9
core   0: 0 0x800060da (0x419400b3) x1  0x82023cf4
core   0: 0x800060de (0x4165d6b3) sra     a3, a1, s6
core   0: 0 0x800060de (0x4165d6b3) x13 0x00000000
core   0: 0x800060e2 (0x047c5863) bge     s8, t2, pc + 80
core   0: 0 0x800060e2 (0x047c5863)
core   0: 0x80006132 (0x00000001) c.nop
core   0: 0 0x80006132 (0x0001)
core   0: 0x80006134 (0x008bae33) slt     t3, s7, s0
core   0: 0 0x80006134 (0x008bae33) x28 0x00000000
core   0: 0x80006138 (0x009c52b3) srl     t0, s8, s1
core   0: 0 0x80006138 (0x009c52b3) x5  0x00000000
core   0: 0x8000613c (0x0000100f) fence.i
core   0: 0 0x8000613c (0x0000100f)
core   0: 0x80006140 (0x00ff41b3) xor     gp, t5, a5
core   0: 0 0x80006140 (0x00ff41b3) x3  0x7dfdb63c
core   0: 0x80006144 (0x02b233b3) mulhu   t2, tp, a1
core   0: 0 0x80006144 (0x02b233b3) x7  0x00000000
core   0: 0x80006148 (0x406687b3) sub     a5, a3, t1
core   0: 0 0x80006148 (0x406687b3) x15 0xffffffff
core   0: 0x8000614c (0x4044df93) srai    t6, s1, 4
core   0: 0 0x8000614c (0x4044df93) x31 0xff1b3e0b
core   0: 0x80006150 (0x0000635d) c.lui   t1, 0x17
core   0: 0 0x80006150 (0x635d) x6  0x00017000
core   0: 0x80006152 (0x00000001) c.nop
core   0: 0 0x80006152 (0x0001)
core   0: 0x80006154 (0x0000c0b1) c.beqz  s1, pc + 68
core   0: 0 0x80006154 (0xc0b1)
core   0: 0x80006156 (0x0098be33) sltu    t3, a7, s1
core   0: 0 0x80006156 (0x0098be33) x28 0x00000001
core   0: 0x8000615a (0x03de5263) bge     t3, t4, pc + 36
core   0: 0 0x8000615a (0x03de5263)
core   0: 0x8000615e (0x0000909a) c.add   ra, t1
core   0: 0 0x8000615e (0x909a) x1  0x8203acf4
core   0: 0x80006160 (0x02018eb3) mul     t4, gp, zero
core   0: 0 0x80006160 (0x02018eb3) x29 0x00000000
core   0: 0x80006164 (0x01521a13) slli    s4, tp, 21
core   0: 0 0x80006164 (0x01521a13) x20 0x00000000
core   0: 0x80006168 (0x03e934b3) mulhu   s1, s2, t5
core   0: 0 0x80006168 (0x03e934b3) x9  0x00000000
core   0: 0x8000616c (0x0000100f) fence.i
core   0: 0 0x8000616c (0x0000100f)
core   0: 0x80006170 (0x3ec8ea13) ori     s4, a7, 1004
core   0: 0 0x80006170 (0x3ec8ea13) x20 0x000003ed
core   0: 0x80006174 (0x0027dab3) srl     s5, a5, sp
core   0: 0 0x80006174 (0x0027dab3) x21 0x000007ff
core   0: 0x80006178 (0x02e76db3) rem     s11, a4, a4
core   0: 0 0x80006178 (0x02e76db3) x27 0x00000000
core   0: 0x8000617c (0x00008c7d) c.and   s0, a5
core   0: 0 0x8000617c (0x8c7d) x8  0x82023cf4
core   0: 0x8000617e (0x000080ed) c.srli  s1, 27
core   0: 0 0x8000617e (0x80ed) x9  0x00000000
core   0: 0x80006180 (0x41d80a33) sub     s4, a6, t4
core   0: 0 0x80006180 (0x41d80a33) x20 0x00000000
core   0: 0x80006184 (0x013e4933) xor     s2, t3, s3
core   0: 0 0x80006184 (0x013e4933) x18 0x0000fffc
core   0: 0x80006188 (0x000083dd) c.srli  a5, 23
core   0: 0 0x80006188 (0x83dd) x15 0x000001ff
core   0: 0x8000618a (0x03945433) divu    s0, s0, s9
core   0: 0 0x8000618a (0x03945433) x8  0xffffffff
core   0: 0x8000618e (0x00000001) c.nop
core   0: 0 0x8000618e (0x0001)
core   0: 0x80006190 (0x037dd663) bge     s11, s7, pc + 44
core   0: 0 0x80006190 (0x037dd663)
core   0: 0x80006194 (0xc1d7b093) sltiu   ra, a5, -995
core   0: 0 0x80006194 (0xc1d7b093) x1  0x00000001
core   0: 0x80006198 (0x000087fd) c.srai  a5, 31
core   0: 0 0x80006198 (0x87fd) x15 0x00000000
core   0: 0x8000619a (0x01e62333) slt     t1, a2, t5
core   0: 0 0x8000619a (0x01e62333) x6  0x00000001
core   0: 0x8000619e (0x57fe81b7) lui     gp, 0x57fe8
core   0: 0 0x8000619e (0x57fe81b7) x3  0x57fe8000
core   0: 0x800061a2 (0x01270f33) add     t5, a4, s2
core   0: 0 0x800061a2 (0x01270f33) x30 0x80033ce0
core   0: 0x800061a6 (0x00008da5) c.xor   a1, s1
core   0: 0 0x800061a6 (0x8da5) x11 0x00000000
core   0: 0x800061a8 (0x00aa6c33) or      s8, s4, a0
core   0: 0 0x800061a8 (0x00aa6c33) x24 0x00000000
core   0: 0x800061ac (0x00584f33) xor     t5, a6, t0
core   0: 0 0x800061ac (0x00584f33) x30 0x00000000
core   0: 0x800061b0 (0x00000001) c.nop
core   0: 0 0x800061b0 (0x0001)
core   0: 0x800061b2 (0x00000001) c.nop
core   0: 0 0x800061b2 (0x0001)
core   0: 0x800061b4 (0x2597c913) xori    s2, a5, 601
core   0: 0 0x800061b4 (0x2597c913) x18 0x00000259
core   0: 0x800061b8 (0x01cfddb3) srl     s11, t6, t3
core   0: 0 0x800061b8 (0x01cfddb3) x27 0x7f8d9f05
core   0: 0x800061bc (0xcf2eff13) andi    t5, t4, -782
core   0: 0 0x800061bc (0xcf2eff13) x30 0x00000000
core   0: 0x800061c0 (0x0258c0b3) div     ra, a7, t0
core   0: 0 0x800061c0 (0x0258c0b3) x1  0xffffffff
core   0: 0x800061c4 (0x490da593) slti    a1, s11, 1168
core   0: 0 0x800061c4 (0x490da593) x11 0x00000000
core   0: 0x800061c8 (0x00008ace) c.mv    s5, s3
core   0: 0 0x800061c8 (0x8ace) x21 0x0000fffd
core   0: 0x800061ca (0x2edcacb7) lui     s9, 0x2edca
core   0: 0 0x800061ca (0x2edcacb7) x25 0x2edca000
core   0: 0x800061ce (0x0000059e) c.slli  a1, 7
core   0: 0 0x800061ce (0x059e) x11 0x00000000
core   0: 0x800061d0 (0x0000e811) c.bnez  s0, pc + 20
core   0: 0 0x800061d0 (0xe811)
core   0: 0x800061e4 (0xbc894013) xori    zero, s2, -1080
core   0: 0 0x800061e4 (0xbc894013)
core   0: 0x800061e8 (0x00008179) c.srli  a0, 30
core   0: 0 0x800061e8 (0x8179) x10 0x00000000
core   0: 0x800061ea (0x0000100f) fence.i
core   0: 0 0x800061ea (0x0000100f)
core   0: 0x800061ee (0x00008e8d) c.sub   a3, a1
core   0: 0 0x800061ee (0x8e8d) x13 0x00000000
core   0: 0x800061f0 (0x0296b433) mulhu   s0, a3, s1
core   0: 0 0x800061f0 (0x0296b433) x8  0x00000000
core   0: 0x800061f4 (0x00008d21) c.xor   a0, s0
core   0: 0 0x800061f4 (0x8d21) x10 0x00000000
core   0: 0x800061f6 (0x03489f33) mulh    t5, a7, s4
core   0: 0 0x800061f6 (0x03489f33) x30 0x00000000
core   0: 0x800061fa (0x0213bf33) mulhu   t5, t2, ra
core   0: 0 0x800061fa (0x0213bf33) x30 0x00000000
core   0: 0x800061fe (0x0140c0b3) xor     ra, ra, s4
core   0: 0 0x800061fe (0x0140c0b3) x1  0xffffffff
core   0: 0x80006202 (0xc9904937) lui     s2, 0xc9904
core   0: 0 0x80006202 (0xc9904937) x18 0xc9904000
core   0: 0x80006206 (0x000051fd) c.li    gp, -1
core   0: 0 0x80006206 (0x51fd) x3  0xffffffff
core   0: 0x80006208 (0x00457a33) and     s4, a0, tp
core   0: 0 0x80006208 (0x00457a33) x20 0x00000000
core   0: 0x8000620c (0x00008089) c.srli  s1, 2
core   0: 0 0x8000620c (0x8089) x9  0x00000000
core   0: 0x8000620e (0x00008b76) c.mv    s6, t4
core   0: 0 0x8000620e (0x8b76) x22 0x00000000
core   0: 0x80006210 (0x00009696) c.add   a3, t0
core   0: 0 0x80006210 (0x9696) x13 0x00000000
core   0: 0x80006212 (0x00000db1) c.addi  s11, 12
core   0: 0 0x80006212 (0x0db1) x27 0x7f8d9f11
core   0: 0x80006214 (0x00026a33) or      s4, tp, zero
core   0: 0 0x80006214 (0x00026a33) x20 0x00000800
core   0: 0x80006218 (0x419d09b3) sub     s3, s10, s9
core   0: 0 0x80006218 (0x419d09b3) x19 0xd12365eb
core   0: 0x8000621c (0x00000de1) c.addi  s11, 24
core   0: 0 0x8000621c (0x0de1) x27 0x7f8d9f29
core   0: 0x8000621e (0x00092bb3) slt     s7, s2, zero
core   0: 0 0x8000621e (0x00092bb3) x23 0x00000001
core   0: 0x80006222 (0x038874b3) remu    s1, a6, s8
core   0: 0 0x80006222 (0x038874b3) x9  0x00000000
core   0: 0x80006226 (0x01f04a63) blt     zero, t6, pc + 20
core   0: 0 0x80006226 (0x01f04a63)
core   0: 0x8000622a (0x0ff0000f) fence   iorw,iorw
core   0: 0 0x8000622a (0x0ff0000f)
core   0: 0x8000622e (0x000099d6) c.add   s3, s5
core   0: 0 0x8000622e (0x99d6) x19 0xd12465e8
core   0: 0x80006230 (0x26916d13) ori     s10, sp, 617
core   0: 0 0x80006230 (0x26916d13) x26 0xf5e39afd
core   0: 0x80006234 (0x034d2ab3) mulhsu  s5, s10, s4
core   0: 0 0x80006234 (0x034d2ab3) x21 0xffffffaf
core   0: 0x80006238 (0x000091e6) c.add   gp, s9
core   0: 0 0x80006238 (0x91e6) x3  0x2edc9fff
core   0: 0x8000623a (0x0113a2b3) slt     t0, t2, a7
core   0: 0 0x8000623a (0x0113a2b3) x5  0x00000001
core   0: 0x8000623e (0x9e4b7513) andi    a0, s6, -1564
core   0: 0 0x8000623e (0x9e4b7513) x10 0x00000000
core   0: 0x80006242 (0x01f7dbb3) srl     s7, a5, t6
core   0: 0 0x80006242 (0x01f7dbb3) x23 0x00000000
core   0: 0x80006246 (0xb578f413) andi    s0, a7, -1193
core   0: 0 0x80006246 (0xb578f413) x8  0x00000001
core   0: 0x8000624a (0x02a51763) bne     a0, a0, pc + 46
core   0: 0 0x8000624a (0x02a51763)
core   0: 0x8000624e (0x00005efd) c.li    t4, -1
core   0: 0 0x8000624e (0x5efd) x29 0xffffffff
core   0: 0x80006250 (0x4026d033) sra     zero, a3, sp
core   0: 0 0x80006250 (0x4026d033)
core   0: 0x80006254 (0x007efd63) bgeu    t4, t2, pc + 26
core   0: 0 0x80006254 (0x007efd63)
core   0: 0x8000626e (0x0000e819) c.bnez  s0, pc + 22
core   0: 0 0x8000626e (0xe819)
core   0: 0x80006284 (0x00009c46) c.add   s8, a7
core   0: 0 0x80006284 (0x9c46) x24 0x00000001
core   0: 0x80006286 (0x03550533) mul     a0, a0, s5
core   0: 0 0x80006286 (0x03550533) x10 0x00000000
core   0: 0x8000628a (0x035dab33) mulhsu  s6, s11, s5
core   0: 0 0x8000628a (0x035dab33) x22 0x7f8d9f00
core   0: 0x8000628e (0x02bcbfb3) mulhu   t6, s9, a1
core   0: 0 0x8000628e (0x02bcbfb3) x31 0x00000000
core   0: 0x80006292 (0x401d80b3) sub     ra, s11, ra
core   0: 0 0x80006292 (0x401d80b3) x1  0x7f8d9f2a
core   0: 0x80006296 (0x019aa033) slt     zero, s5, s9
core   0: 0 0x80006296 (0x019aa033)
core   0: 0x8000629a (0x90517313) andi    t1, sp, -1787
core   0: 0 0x8000629a (0x90517313) x6  0xf5e39805
core   0: 0x8000629e (0x00000d05) c.addi  s10, 1
core   0: 0 0x8000629e (0x0d05) x26 0xf5e39afe
core   0: 0x800062a0 (0x00a357b3) srl     a5, t1, a0
core   0: 0 0x800062a0 (0x00a357b3) x15 0xf5e39805
core   0: 0x800062a4 (0x00006d31) c.lui   s10, 0xc
core   0: 0 0x800062a4 (0x6d31) x26 0x0000c000
core   0: 0x800062a6 (0x0000bd33) sltu    s10, ra, zero
core   0: 0 0x800062a6 (0x0000bd33) x26 0x00000000
core   0: 0x800062aa (0x02edefb3) rem     t6, s11, a4
core   0: 0 0x800062aa (0x02edefb3) x31 0x7f8d9f29
core   0: 0x800062ae (0x036a9963) bne     s5, s6, pc + 50
core   0: 0 0x800062ae (0x036a9963)
core   0: 0x800062e0 (0x5d81c013) xori    zero, gp, 1496
core   0: 0 0x800062e0 (0x5d81c013)
core   0: 0x800062e4 (0x003fc0b3) xor     ra, t6, gp
core   0: 0 0x800062e4 (0x003fc0b3) x1  0x515100d6
core   0: 0x800062e8 (0x8f05c593) xori    a1, a1, -1808
core   0: 0 0x800062e8 (0x8f05c593) x11 0xfffff8f0
core   0: 0x800062ec (0x011efc63) bgeu    t4, a7, pc + 24
core   0: 0 0x800062ec (0x011efc63)
core   0: 0x80006304 (0x014aa8b3) slt     a7, s5, s4
core   0: 0 0x80006304 (0x014aa8b3) x17 0x00000001
core   0: 0x80006308 (0x023f8933) mul     s2, t6, gp
core   0: 0 0x80006308 (0x023f8933) x18 0x292800d7
core   0: 0x8000630c (0x0000653d) c.lui   a0, 0xf
core   0: 0 0x8000630c (0x653d) x10 0x0000f000
core   0: 0x8000630e (0x031f27b3) mulhsu  a5, t5, a7
core   0: 0 0x8000630e (0x031f27b3) x15 0x00000000
core   0: 0x80006312 (0xe08d2593) slti    a1, s10, -504
core   0: 0 0x80006312 (0xe08d2593) x11 0x00000000
core   0: 0x80006316 (0x01f0cf33) xor     t5, ra, t6
core   0: 0 0x80006316 (0x01f0cf33) x30 0x2edc9fff
core   0: 0x8000631a (0x0286c763) blt     a3, s0, pc + 46
core   0: 0 0x8000631a (0x0286c763)
core   0: 0x80006348 (0x00469d13) slli    s10, a3, 4
core   0: 0 0x80006348 (0x00469d13) x26 0x00000000
core   0: 0x8000634c (0x000094a2) c.add   s1, s0
core   0: 0 0x8000634c (0x94a2) x9  0x00000001
core   0: 0x8000634e (0x000092a2) c.add   t0, s0
core   0: 0 0x8000634e (0x92a2) x5  0x00000002
core   0: 0x80006350 (0x01def9b3) and     s3, t4, t4
core   0: 0 0x80006350 (0x01def9b3) x19 0xffffffff
core   0: 0x80006354 (0xd42a7c17) auipc   s8, 0xd42a7
core   0: 0 0x80006354 (0xd42a7c17) x24 0x542ad354
core   0: 0x80006358 (0x00009afd) c.andi  a3, -1
core   0: 0 0x80006358 (0x9afd) x13 0x00000000
core   0: 0x8000635a (0x028a06b3) mul     a3, s4, s0
core   0: 0 0x8000635a (0x028a06b3) x13 0x00000800
core   0: 0x8000635e (0x03c117b3) mulh    a5, sp, t3
core   0: 0 0x8000635e (0x03c117b3) x15 0xffffffff
core   0: 0x80006362 (0x00008cfd) c.and   s1, a5
core   0: 0 0x80006362 (0x8cfd) x9  0x00000001
core   0: 0x80006364 (0x000047c1) c.li    a5, 16
core   0: 0 0x80006364 (0x47c1) x15 0x00000010
core   0: 0x80006366 (0x01a71433) sll     s0, a4, s10
core   0: 0 0x80006366 (0x01a71433) x8  0x80023ce4
core   0: 0x8000636a (0x0000c48d) c.beqz  s1, pc + 42
core   0: 0 0x8000636a (0xc48d)
core   0: 0x8000636c (0x00004ef1) c.li    t4, 28
core   0: 0 0x8000636c (0x4ef1) x29 0x0000001c
core   0: 0x8000636e (0x00001a7d) c.addi  s4, -1
core   0: 0 0x8000636e (0x1a7d) x20 0x000007ff
core   0: 0x80006370 (0x00c58a63) beq     a1, a2, pc + 20
core   0: 0 0x80006370 (0x00c58a63)
core   0: 0x80006374 (0x01e61813) slli    a6, a2, 30
core   0: 0 0x80006374 (0x01e61813) x16 0x00000000
core   0: 0x80006378 (0x00000001) c.nop
core   0: 0 0x80006378 (0x0001)
core   0: 0x8000637a (0x00008389) c.srli  a5, 2
core   0: 0 0x8000637a (0x8389) x15 0x00000004
core   0: 0x8000637c (0x01a2fd33) and     s10, t0, s10
core   0: 0 0x8000637c (0x01a2fd33) x26 0x00000000
core   0: 0x80006380 (0x00000001) c.nop
core   0: 0 0x80006380 (0x0001)
core   0: 0x80006382 (0x000001da) c.slli  gp, 22
core   0: 0 0x80006382 (0x01da) x3  0xffc00000
core   0: 0x80006384 (0x00008ea1) c.xor   a3, s0
core   0: 0 0x80006384 (0x8ea1) x13 0x800234e4
core   0: 0x80006386 (0xc1a5a293) slti    t0, a1, -998
core   0: 0 0x80006386 (0xc1a5a293) x5  0x00000000
core   0: 0x8000638a (0x00886d63) bltu    a6, s0, pc + 26
core   0: 0 0x8000638a (0x00886d63)
core   0: 0x800063a4 (0x023c3433) mulhu   s0, s8, gp
core   0: 0 0x800063a4 (0x023c3433) x8  0x5415c89f
core   0: 0x800063a8 (0x0000197d) c.addi  s2, -1
core   0: 0 0x800063a8 (0x197d) x18 0x292800d6
core   0: 0x800063aa (0x00008cc5) c.or    s1, s1
core   0: 0 0x800063aa (0x8cc5) x9  0x00000001
core   0: 0x800063ac (0x00008d8d) c.sub   a1, a1
core   0: 0 0x800063ac (0x8d8d) x11 0x00000000
core   0: 0x800063ae (0x000083f9) c.srli  a5, 30
core   0: 0 0x800063ae (0x83f9) x15 0x00000000
core   0: 0x800063b0 (0x01a15db3) srl     s11, sp, s10
core   0: 0 0x800063b0 (0x01a15db3) x27 0xf5e39895
core   0: 0x800063b4 (0x0101e933) or      s2, gp, a6
core   0: 0 0x800063b4 (0x0101e933) x18 0xffc00000
core   0: 0x800063b8 (0x026cabb3) mulhsu  s7, s9, t1
core   0: 0 0x800063b8 (0x026cabb3) x23 0x2d02ce95
core   0: 0x800063bc (0x01abc8b3) xor     a7, s7, s10
core   0: 0 0x800063bc (0x01abc8b3) x17 0x2d02ce95
core   0: 0x800063c0 (0x000098fd) c.andi  s1, -1
core   0: 0 0x800063c0 (0x98fd) x9  0x00000001
core   0: 0x800063c2 (0x0000e519) c.bnez  a0, pc + 14
core   0: 0 0x800063c2 (0xe519)
core   0: 0x800063d0 (0x00008c89) c.sub   s1, a0
core   0: 0 0x800063d0 (0x8c89) x9  0xffff1001
core   0: 0x800063d2 (0x02421e33) mulh    t3, tp, tp
core   0: 0 0x800063d2 (0x02421e33) x28 0x00000000
core   0: 0x800063d6 (0x0ff0000f) fence   iorw,iorw
core   0: 0 0x800063d6 (0x0ff0000f)
core   0: 0x800063da (0x4139dfb3) sra     t6, s3, s3
core   0: 0 0x800063da (0x4139dfb3) x31 0xffffffff
core   0: 0x800063de (0x0000ce99) c.beqz  a3, pc + 30
core   0: 0 0x800063de (0xce99)
core   0: 0x800063e0 (0x004be1b3) or      gp, s7, tp
core   0: 0 0x800063e0 (0x004be1b3) x3  0x2d02ce95
core   0: 0x800063e4 (0x000092fe) c.add   t0, t6
core   0: 0 0x800063e4 (0x92fe) x5  0xffffffff
core   0: 0x800063e6 (0x00008ffd) c.and   a5, a5
core   0: 0 0x800063e6 (0x8ffd) x15 0x00000000
core   0: 0x800063e8 (0x02d43a33) mulhu   s4, s0, a3
core   0: 0 0x800063e8 (0x02d43a33) x20 0x2a0b9dda
core   0: 0x800063ec (0x027d4033) div     zero, s10, t2
core   0: 0 0x800063ec (0x027d4033)
core   0: 0x800063f0 (0x00008fa1) c.xor   a5, s0
core   0: 0 0x800063f0 (0x8fa1) x15 0x5415c89f
core   0: 0x800063f2 (0x01a145b3) xor     a1, sp, s10
core   0: 0 0x800063f2 (0x01a145b3) x11 0xf5e39895
core   0: 0x800063f6 (0xbb74be13) sltiu   t3, s1, -1097
core   0: 0 0x800063f6 (0xbb74be13) x28 0x00000001
core   0: 0x800063fa (0x000087f9) c.srai  a5, 30
core   0: 0 0x800063fa (0x87f9) x15 0x00000001
core   0: 0x800063fc (0x000017fd) c.addi  a5, -1
core   0: 0 0x800063fc (0x17fd) x15 0x00000000
core   0: 0x800063fe (0x00681363) bne     a6, t1, pc + 6
core   0: 0 0x800063fe (0x00681363)
core   0: 0x80006404 (0x03ba2a33) mulhsu  s4, s4, s11
core   0: 0 0x80006404 (0x03ba2a33) x20 0x28627f6d
core   0: 0x80006408 (0x00ab8e33) add     t3, s7, a0
core   0: 0 0x80006408 (0x00ab8e33) x28 0x2d03be95
core   0: 0x8000640c (0x2cf7fa93) andi    s5, a5, 719
core   0: 0 0x8000640c (0x2cf7fa93) x21 0x00000000
core   0: 0x80006410 (0x036cc263) blt     s9, s6, pc + 36
core   0: 0 0x80006410 (0x036cc263)
core   0: 0x80006434 (0xfdbfab13) slti    s6, t6, -37
core   0: 0 0x80006434 (0xfdbfab13) x22 0x00000000
core   0: 0x80006438 (0x000083b1) c.srli  a5, 12
core   0: 0 0x80006438 (0x83b1) x15 0x00000000
core   0: 0x8000643a (0x5066e313) ori     t1, a3, 1286
core   0: 0 0x8000643a (0x5066e313) x6  0x800235e6
core   0: 0x8000643e (0x00008d89) c.sub   a1, a0
core   0: 0 0x8000643e (0x8d89) x11 0xf5e2a895
core   0: 0x80006440 (0xc56a3913) sltiu   s2, s4, -938
core   0: 0 0x80006440 (0xc56a3913) x18 0x00000001
core   0: 0x80006444 (0x02666863) bltu    a2, t1, pc + 48
core   0: 0 0x80006444 (0x02666863)
core   0: 0x80006474 (0x01ef4463) blt     t5, t5, pc + 8
core   0: 0 0x80006474 (0x01ef4463)
core   0: 0x80006478 (0x5779fd97) auipc   s11, 0x5779f
core   0: 0 0x80006478 (0x5779fd97) x27 0xd77a5478
core   0: 0x8000647c (0x01bb9c63) bne     s7, s11, pc + 24
core   0: 0 0x8000647c (0x01bb9c63)
core   0: 0x80006494 (0x03bd2233) mulhsu  tp, s10, s11
core   0: 0 0x80006494 (0x03bd2233) x4  0x00000000
core   0: 0x80006498 (0x00d80a33) add     s4, a6, a3
core   0: 0 0x80006498 (0x00d80a33) x20 0x800234e4
core   0: 0x8000649c (0x00008869) c.andi  s0, 26
core   0: 0 0x8000649c (0x8869) x8  0x0000001a
core   0: 0x8000649e (0x03b10533) mul     a0, sp, s11
core   0: 0 0x8000649e (0x03b10533) x10 0xcac269d8
core   0: 0x800064a2 (0x410e8a33) sub     s4, t4, a6
core   0: 0 0x800064a2 (0x410e8a33) x20 0x0000001c
core   0: 0x800064a6 (0xc39568b7) lui     a7, 0xc3956
core   0: 0 0x800064a6 (0xc39568b7) x17 0xc3956000
core   0: 0x800064aa (0x02de81b3) mul     gp, t4, a3
core   0: 0 0x800064aa (0x02de81b3) x3  0x003dc8f0
core   0: 0x800064ae (0x000058fd) c.li    a7, -1
core   0: 0 0x800064ae (0x58fd) x17 0xffffffff
core   0: 0x800064b0 (0x018b4c33) xor     s8, s6, s8
core   0: 0 0x800064b0 (0x018b4c33) x24 0x542ad354
core   0: 0x800064b4 (0x028d1363) bne     s10, s0, pc + 38
core   0: 0 0x800064b4 (0x028d1363)
core   0: 0x800064da (0xf0597413) andi    s0, s2, -251
core   0: 0 0x800064da (0xf0597413) x8  0x00000001
core   0: 0x800064de (0x4052d213) srai    tp, t0, 5
core   0: 0 0x800064de (0x4052d213) x4  0xffffffff
core   0: 0x800064e2 (0x0000857d) c.srai  a0, 31
core   0: 0 0x800064e2 (0x857d) x10 0xffffffff
core   0: 0x800064e4 (0x0189d893) srli    a7, s3, 24
core   0: 0 0x800064e4 (0x0189d893) x17 0x000000ff
core   0: 0x800064e8 (0x00724fb3) xor     t6, tp, t2
core   0: 0 0x800064e8 (0x00724fb3) x31 0xffffffff
core   0: 0x800064ec (0x4031deb3) sra     t4, gp, gp
core   0: 0 0x800064ec (0x4031deb3) x29 0x0000003d
core   0: 0x800064f0 (0xb8088913) addi    s2, a7, -1152
core   0: 0 0x800064f0 (0xb8088913) x18 0xfffffc7f
core   0: 0x800064f4 (0x01675893) srli    a7, a4, 22
core   0: 0 0x800064f4 (0x01675893) x17 0x00000200
core   0: 0x800064f8 (0x00008c35) c.xor   s0, a3
core   0: 0 0x800064f8 (0x8c35) x8  0x800234e5
core   0: 0x800064fa (0x41df5c93) srai    s9, t5, 29
core   0: 0 0x800064fa (0x41df5c93) x25 0x00000001
core   0: 0x800064fe (0x00000f22) c.slli  t5, 8
core   0: 0 0x800064fe (0x0f22) x30 0xdc9fff00
core   0: 0x80006500 (0x00000001) c.nop
core   0: 0 0x80006500 (0x0001)
core   0: 0x80006502 (0x58eb6a97) auipc   s5, 0x58eb6
core   0: 0 0x80006502 (0x58eb6a97) x21 0xd8ebc502
core   0: 0x80006506 (0x014226b3) slt     a3, tp, s4
core   0: 0 0x80006506 (0x014226b3) x13 0x00000001
core   0: 0x8000650a (0x00008d21) c.xor   a0, s0
core   0: 0 0x8000650a (0x8d21) x10 0x7ffdcb1a
core   0: 0x8000650c (0x997c14b7) lui     s1, 0x997c1
core   0: 0 0x8000650c (0x997c14b7) x9  0x997c1000
core   0: 0x80006510 (0x00000001) c.nop
core   0: 0 0x80006510 (0x0001)
core   0: 0x80006512 (0x0370d963) bge     ra, s7, pc + 50
core   0: 0 0x80006512 (0x0370d963)
core   0: 0x80006544 (0x01775363) bge     a4, s7, pc + 6
core   0: 0 0x80006544 (0x01775363)
core   0: 0x80006548 (0x00008d32) c.mv    s10, a2
core   0: 0 0x80006548 (0x8d32) x26 0x8001fe4c
core   0: 0x8000654a (0x0123d993) srli    s3, t2, 18
core   0: 0 0x8000654a (0x0123d993) x19 0x00000000
core   0: 0x8000654e (0x00e46a33) or      s4, s0, a4
core   0: 0 0x8000654e (0x00e46a33) x20 0x80023ce5
core   0: 0x80006552 (0x40675233) sra     tp, a4, t1
core   0: 0 0x80006552 (0x40675233) x4  0xfe0008f3
core   0: 0x80006556 (0x017f96b3) sll     a3, t6, s7
core   0: 0 0x80006556 (0x017f96b3) x13 0xffe00000
core   0: 0x8000655a (0x00000001) c.nop
core   0: 0 0x8000655a (0x0001)
core   0: 0x8000655c (0x010b1333) sll     t1, s6, a6
core   0: 0 0x8000655c (0x010b1333) x6  0x00000000
core   0: 0x80006560 (0x0000c191) c.beqz  a1, pc + 4
core   0: 0 0x80006560 (0xc191)
core   0: 0x80006562 (0x00000001) c.nop
core   0: 0 0x80006562 (0x0001)
core   0: 0x80006564 (0x03401263) bne     zero, s4, pc + 36
core   0: 0 0x80006564 (0x03401263)
core   0: 0x80006588 (0x00009afd) c.andi  a3, -1
core   0: 0 0x80006588 (0x9afd) x13 0xffe00000
core   0: 0x8000658a (0x801b7513) andi    a0, s6, -2047
core   0: 0 0x8000658a (0x801b7513) x10 0x00000000
core   0: 0x8000658e (0x000088e9) c.andi  s1, 26
core   0: 0 0x8000658e (0x88e9) x9  0x00000000
core   0: 0x80006590 (0x06914a63) blt     sp, s1, pc + 116
core   0: 0 0x80006590 (0x06914a63)
core   0: 0x80006604 (0x01e2ea33) or      s4, t0, t5
core   0: 0 0x80006604 (0x01e2ea33) x20 0xffffffff
core   0: 0x80006608 (0x00904033) xor     zero, zero, s1
core   0: 0 0x80006608 (0x00904033)
core   0: 0x8000660c (0x03b25f33) divu    t5, tp, s11
core   0: 0 0x8000660c (0x03b25f33) x30 0x00000001
core   0: 0x80006610 (0x01ed5b63) bge     s10, t5, pc + 22
core   0: 0 0x80006610 (0x01ed5b63)
core   0: 0x80006614 (0x03f969b3) rem     s3, s2, t6
core   0: 0 0x80006614 (0x03f969b3) x19 0x00000000
core   0: 0x80006618 (0x0036abb3) slt     s7, a3, gp
core   0: 0 0x80006618 (0x0036abb3) x23 0x00000001
core   0: 0x8000661c (0x000080d9) c.srli  s1, 22
core   0: 0 0x8000661c (0x80d9) x9  0x00000000
core   0: 0x8000661e (0x0108e333) or      t1, a7, a6
core   0: 0 0x8000661e (0x0108e333) x6  0x00000200
core   0: 0x80006622 (0x005d37b3) sltu    a5, s10, t0
core   0: 0 0x80006622 (0x005d37b3) x15 0x00000001
core   0: 0x80006626 (0x000002a1) c.addi  t0, 8
core   0: 0 0x80006626 (0x02a1) x5  0x00000007
core   0: 0x80006628 (0xb9aba993) slti    s3, s7, -1126
core   0: 0 0x80006628 (0xb9aba993) x19 0x00000000
core   0: 0x8000662c (0x9e88b693) sltiu   a3, a7, -1560
core   0: 0 0x8000662c (0x9e88b693) x13 0x00000001
core   0: 0x80006630 (0x0316bc33) mulhu   s8, a3, a7
core   0: 0 0x80006630 (0x0316bc33) x24 0x00000000
core   0: 0x80006634 (0x2a8efb93) andi    s7, t4, 680
core   0: 0 0x80006634 (0x2a8efb93) x23 0x00000028
core   0: 0x80006638 (0x00008366) c.mv    t1, s9
core   0: 0 0x80006638 (0x8366) x6  0x00000001
core   0: 0x8000663a (0x00008c9d) c.sub   s1, a5
core   0: 0 0x8000663a (0x8c9d) x9  0xffffffff
core   0: 0x8000663c (0x00e2b6b3) sltu    a3, t0, a4
core   0: 0 0x8000663c (0x00e2b6b3) x13 0x00000001
core   0: 0x80006640 (0x0275f663) bgeu    a1, t2, pc + 44
core   0: 0 0x80006640 (0x0275f663)
core   0: 0x8000666c (0x0ff0000f) fence   iorw,iorw
core   0: 0 0x8000666c (0x0ff0000f)
core   0: 0x80006670 (0x000083c5) c.srli  a5, 17
core   0: 0 0x80006670 (0x83c5) x15 0x00000000
core   0: 0x80006672 (0x00004249) c.li    tp, 18
core   0: 0 0x80006672 (0x4249) x4  0x00000012
core   0: 0x80006674 (0x0000c585) c.beqz  a1, pc + 40
core   0: 0 0x80006674 (0xc585)
core   0: 0x80006676 (0x40125eb3) sra     t4, tp, ra
core   0: 0 0x80006676 (0x40125eb3) x29 0x00000000
core   0: 0x8000667a (0x03085263) bge     a6, a6, pc + 36
core   0: 0 0x8000667a (0x03085263)
core   0: 0x8000669e (0x0000989e) c.add   a7, t2
core   0: 0 0x8000669e (0x989e) x17 0x00000200
core   0: 0x800066a0 (0x00000001) c.nop
core   0: 0 0x800066a0 (0x0001)
core   0: 0x800066a2 (0x00009afd) c.andi  a3, -1
core   0: 0 0x800066a2 (0x9afd) x13 0x00000001
core   0: 0x800066a4 (0x01349793) slli    a5, s1, 19
core   0: 0 0x800066a4 (0x01349793) x15 0xfff80000
core   0: 0x800066a8 (0x00b45a93) srli    s5, s0, 11
core   0: 0 0x800066a8 (0x00b45a93) x21 0x00100046
core   0: 0x800066ac (0xc8d82b13) slti    s6, a6, -883
core   0: 0 0x800066ac (0xc8d82b13) x22 0x00000000
core   0: 0x800066b0 (0x00008cfd) c.and   s1, a5
core   0: 0 0x800066b0 (0x8cfd) x9  0xfff80000
core   0: 0x800066b2 (0x02ce7fb3) remu    t6, t3, a2
core   0: 0 0x800066b2 (0x02ce7fb3) x31 0x2d03be95
core   0: 0x800066b6 (0x006defb3) or      t6, s11, t1
core   0: 0 0x800066b6 (0x006defb3) x31 0xd77a5479
core   0: 0x800066ba (0x47b0db37) lui     s6, 0x47b0d
core   0: 0 0x800066ba (0x47b0db37) x22 0x47b0d000
core   0: 0x800066be (0x0067a033) slt     zero, a5, t1
core   0: 0 0x800066be (0x0067a033)
core   0: 0x800066c2 (0x03940433) mul     s0, s0, s9
core   0: 0 0x800066c2 (0x03940433) x8  0x800234e5
core   0: 0x800066c6 (0x0221db33) divu    s6, gp, sp
core   0: 0 0x800066c6 (0x0221db33) x22 0x00000000
core   0: 0x800066ca (0xce8ba297) auipc   t0, 0xce8ba
core   0: 0 0x800066ca (0xce8ba297) x5  0x4e8c06ca
core   0: 0x800066ce (0x03aef763) bgeu    t4, s10, pc + 46
core   0: 0 0x800066ce (0x03aef763)
core   0: 0x800066d2 (0x01305233) srl     tp, zero, s3
core   0: 0 0x800066d2 (0x01305233) x4  0x00000000
core   0: 0x800066d6 (0x0000985e) c.add   a6, s7
core   0: 0 0x800066d6 (0x985e) x16 0x00000028
core   0: 0x800066d8 (0x31e02393) slti    t2, zero, 798
core   0: 0 0x800066d8 (0x31e02393) x7  0x00000001
core   0: 0x800066dc (0x024d4063) blt     s10, tp, pc + 32
core   0: 0 0x800066dc (0x024d4063)
core   0: 0x800066fc (0x004dfa33) and     s4, s11, tp
core   0: 0 0x800066fc (0x004dfa33) x20 0x00000000
core   0: 0x80006700 (0x00008ced) c.and   s1, a1
core   0: 0 0x80006700 (0x8ced) x9  0xf5e00000
core   0: 0x80006702 (0x521caa13) slti    s4, s9, 1313
core   0: 0 0x80006702 (0x521caa13) x20 0x00000001
core   0: 0x80006706 (0x00d412b3) sll     t0, s0, a3
core   0: 0 0x80006706 (0x00d412b3) x5  0x000469ca
core   0: 0x8000670a (0x2323bf13) sltiu   t5, t2, 562
core   0: 0 0x8000670a (0x2323bf13) x30 0x00000001
core   0: 0x8000670e (0x0035d8b3) srl     a7, a1, gp
core   0: 0 0x8000670e (0x0035d8b3) x17 0x0000f5e2
core   0: 0x80006712 (0x00006e65) c.lui   t3, 0x19
core   0: 0 0x80006712 (0x6e65) x28 0x00019000
core   0: 0x80006714 (0x01f807b3) add     a5, a6, t6
core   0: 0 0x80006714 (0x01f807b3) x15 0xd77a54a1
core   0: 0x80006718 (0x00004805) c.li    a6, 1
core   0: 0 0x80006718 (0x4805) x16 0x00000001
core   0: 0x8000671a (0x01f35a33) srl     s4, t1, t6
core   0: 0 0x8000671a (0x01f35a33) x20 0x00000000
core   0: 0x8000671e (0xf3b82813) slti    a6, a6, -197
core   0: 0 0x8000671e (0xf3b82813) x16 0x00000000
core   0: 0x80006722 (0x016b5463) bge     s6, s6, pc + 8
core   0: 0 0x80006722 (0x016b5463)
core   0: 0x8000672a (0x2100c3b7) lui     t2, 0x2100c
core   0: 0 0x8000672a (0x2100c3b7) x7  0x2100c000
core   0: 0x8000672e (0x00008ea9) c.xor   a3, a0
core   0: 0 0x8000672e (0x8ea9) x13 0x00000001
core   0: 0x80006730 (0x01f59193) slli    gp, a1, 31
core   0: 0 0x80006730 (0x01f59193) x3  0x80000000
core   0: 0x80006734 (0x0000100f) fence.i
core   0: 0 0x80006734 (0x0000100f)
core   0: 0x80006738 (0x032c9bb3) mulh    s7, s9, s2
core   0: 0 0x80006738 (0x032c9bb3) x23 0xffffffff
core   0: 0x8000673c (0x00c40cb3) add     s9, s0, a2
core   0: 0 0x8000673c (0x00c40cb3) x25 0x00043331
core   0: 0x80006740 (0x7fde4793) xori    a5, t3, 2045
core   0: 0 0x80006740 (0x7fde4793) x15 0x000197fd
core   0: 0x80006744 (0x0000ce89) c.beqz  a3, pc + 26
core   0: 0 0x80006744 (0xce89)
core   0: 0x80006746 (0x01d75c63) bge     a4, t4, pc + 24
core   0: 0 0x80006746 (0x01d75c63)
core   0: 0x8000674a (0x00de9a93) slli    s5, t4, 13
core   0: 0 0x8000674a (0x00de9a93) x21 0x00000000
core   0: 0x8000674e (0x00a11033) sll     zero, sp, a0
core   0: 0 0x8000674e (0x00a11033)
core   0: 0x80006752 (0x008c7c63) bgeu    s8, s0, pc + 24
core   0: 0 0x80006752 (0x008c7c63)
core   0: 0x80006756 (0xddd15697) auipc   a3, 0xddd15
core   0: 0 0x80006756 (0xddd15697) x13 0x5dd1b756
core   0: 0x8000675a (0x00f1ea33) or      s4, gp, a5
core   0: 0 0x8000675a (0x00f1ea33) x20 0x800197fd
core   0: 0x8000675e (0x007b49b3) xor     s3, s6, t2
core   0: 0 0x8000675e (0x007b49b3) x19 0x2100c000
core   0: 0x80006762 (0x00008da9) c.xor   a1, a0
core   0: 0 0x80006762 (0x8da9) x11 0xf5e2a895
core   0: 0x80006764 (0x02af29b3) mulhsu  s3, t5, a0
core   0: 0 0x80006764 (0x02af29b3) x19 0x00000000
core   0: 0x80006768 (0x00008a89) c.andi  a3, 2
core   0: 0 0x80006768 (0x8a89) x13 0x00000002
core   0: 0x8000676a (0xc1442313) slti    t1, s0, -1004
core   0: 0 0x8000676a (0xc1442313) x6  0x00000001
core   0: 0x8000676e (0x000082a5) c.srli  a3, 9
core   0: 0 0x8000676e (0x82a5) x13 0x00000000
core   0: 0x80006770 (0x00008efe) c.mv    t4, t6
core   0: 0 0x80006770 (0x8efe) x29 0xd77a5479
core   0: 0x80006772 (0x002068b3) or      a7, zero, sp
core   0: 0 0x80006772 (0x002068b3) x17 0xf5e39895
core   0: 0x80006776 (0x00000975) c.addi  s2, 29
core   0: 0 0x80006776 (0x0975) x18 0xfffffc9c
core   0: 0x80006778 (0x010166b3) or      a3, sp, a6
core   0: 0 0x80006778 (0x010166b3) x13 0xf5e39895
core   0: 0x8000677c (0xcd990693) addi    a3, s2, -807
core   0: 0 0x8000677c (0xcd990693) x13 0xfffff975
core   0: 0x80006780 (0x0000849a) c.mv    s1, t1
core   0: 0 0x80006780 (0x849a) x9  0x00000001
core   0: 0x80006782 (0x000040c5) c.li    ra, 17
core   0: 0 0x80006782 (0x40c5) x1  0x00000011
core   0: 0x80006784 (0x00008fb5) c.xor   a5, a3
core   0: 0 0x80006784 (0x8fb5) x15 0xfffe6e88
core   0: 0x80006786 (0x00008c5d) c.or    s0, a5
core   0: 0 0x80006786 (0x8c5d) x8  0xfffe7eed
core   0: 0x80006788 (0xf7be2193) slti    gp, t3, -133
core   0: 0 0x80006788 (0xf7be2193) x3  0x00000000
core   0: 0x8000678c (0x00008ce5) c.and   s1, s1
core   0: 0 0x8000678c (0x8ce5) x9  0x00000001
core   0: 0x8000678e (0x007d4d63) blt     s10, t2, pc + 26
core   0: 0 0x8000678e (0x007d4d63)
core   0: 0x800067a8 (0x000093aa) c.add   t2, a0
core   0: 0 0x800067a8 (0x93aa) x7  0x2100c000
core   0: 0x800067aa (0x03710fb3) mul     t6, sp, s7
core   0: 0 0x800067aa (0x03710fb3) x31 0x0a1c676b
core   0: 0x800067ae (0x023a3d33) mulhu   s10, s4, gp
core   0: 0 0x800067ae (0x023a3d33) x26 0x00000000
core   0: 0x800067b2 (0x03635433) divu    s0, t1, s6
core   0: 0 0x800067b2 (0x03635433) x8  0xffffffff
core   0: 0x800067b6 (0x4474e813) ori     a6, s1, 1095
core   0: 0 0x800067b6 (0x4474e813) x16 0x00000447
core   0: 0x800067ba (0x03aa24b3) mulhsu  s1, s4, s10
core   0: 0 0x800067ba (0x03aa24b3) x9  0x00000000
core   0: 0x800067be (0x416edb33) sra     s6, t4, s6
core   0: 0 0x800067be (0x416edb33) x22 0xd77a5479
core   0: 0x800067c2 (0x0060c463) blt     ra, t1, pc + 8
core   0: 0 0x800067c2 (0x0060c463)
core   0: 0x800067c6 (0x033659b3) divu    s3, a2, s3
core   0: 0 0x800067c6 (0x033659b3) x19 0xffffffff
core   0: 0x800067ca (0x02d7c763) blt     a5, a3, pc + 46
core   0: 0 0x800067ca (0x02d7c763)
core   0: 0x800067f8 (0x00137263) bgeu    t1, ra, pc + 4
core   0: 0 0x800067f8 (0x00137263)
core   0: 0x800067fc (0x0189bab3) sltu    s5, s3, s8
core   0: 0 0x800067fc (0x0189bab3) x21 0x00000000
core   0: 0x80006800 (0x00eee1b3) or      gp, t4, a4
core   0: 0 0x80006800 (0x00eee1b3) x3  0xd77a7cfd
core   0: 0x80006804 (0x0000031e) c.slli  t1, 7
core   0: 0 0x80006804 (0x031e) x6  0x00000080
core   0: 0x80006806 (0x00148c63) beq     s1, ra, pc + 24
core   0: 0 0x80006806 (0x00148c63)
core   0: 0x8000680a (0x0147fa63) bgeu    a5, s4, pc + 20
core   0: 0 0x8000680a (0x0147fa63)
core   0: 0x8000681e (0x04f66463) bltu    a2, a5, pc + 72
core   0: 0 0x8000681e (0x04f66463)
core   0: 0x80006866 (0x7de2bc93) sltiu   s9, t0, 2014
core   0: 0 0x80006866 (0x7de2bc93) x25 0x00000000
core   0: 0x8000686a (0x01b8dc63) bge     a7, s11, pc + 24
core   0: 0 0x8000686a (0x01b8dc63)
core   0: 0x80006882 (0x00008c59) c.or    s0, a4
core   0: 0 0x80006882 (0x8c59) x8  0xffffffff
core   0: 0x80006884 (0x0ff0000f) fence   iorw,iorw
core   0: 0 0x80006884 (0x0ff0000f)
core   0: 0x80006888 (0x0000e00d) c.bnez  s0, pc + 34
core   0: 0 0x80006888 (0xe00d)
core   0: 0x800068aa (0x03915c33) divu    s8, sp, s9
core   0: 0 0x800068aa (0x03915c33) x24 0xffffffff
core   0: 0x800068ae (0x4089d333) sra     t1, s3, s0
core   0: 0 0x800068ae (0x4089d333) x6  0xffffffff
core   0: 0x800068b2 (0x40eed793) srai    a5, t4, 14
core   0: 0 0x800068b2 (0x40eed793) x15 0xffff5de9
core   0: 0x800068b6 (0x00cdde13) srli    t3, s11, 12
core   0: 0 0x800068b6 (0x00cdde13) x28 0x000d77a5
core   0: 0x800068ba (0x41f354b3) sra     s1, t1, t6
core   0: 0 0x800068ba (0x41f354b3) x9  0xffffffff
core   0: 0x800068be (0x037e0863) beq     t3, s7, pc + 48
core   0: 0 0x800068be (0x037e0863)
core   0: 0x800068c2 (0x00000001) c.nop
core   0: 0 0x800068c2 (0x0001)
core   0: 0x800068c4 (0x00008bc9) c.andi  a5, 18
core   0: 0 0x800068c4 (0x8bc9) x15 0x00000000
core   0: 0x800068c6 (0x013399b3) sll     s3, t2, s3
core   0: 0 0x800068c6 (0x013399b3) x19 0x00000000
core   0: 0x800068ca (0x41bf5793) srai    a5, t5, 27
core   0: 0 0x800068ca (0x41bf5793) x15 0x00000000
core   0: 0x800068ce (0x2beeab97) auipc   s7, 0x2beea
core   0: 0 0x800068ce (0x2beeab97) x23 0xabef08ce
core   0: 0x800068d2 (0x4104d093) srai    ra, s1, 16
core   0: 0 0x800068d2 (0x4104d093) x1  0xffffffff
core   0: 0x800068d6 (0x009f1293) slli    t0, t5, 9
core   0: 0 0x800068d6 (0x009f1293) x5  0x00000200
core   0: 0x800068da (0xe18b1217) auipc   tp, 0xe18b1
core   0: 0 0x800068da (0xe18b1217) x4  0x618b78da
core   0: 0x800068de (0x00008c7d) c.and   s0, a5
core   0: 0 0x800068de (0x8c7d) x8  0x00000000
core   0: 0x800068e0 (0x0383bbb3) mulhu   s7, t2, s8
core   0: 0 0x800068e0 (0x0383bbb3) x23 0x2100bfff
core   0: 0x800068e4 (0x00008cc9) c.or    s1, a0
core   0: 0 0x800068e4 (0x8cc9) x9  0xffffffff
core   0: 0x800068e6 (0x01e3af33) slt     t5, t2, t5
core   0: 0 0x800068e6 (0x01e3af33) x30 0x00000000
core   0: 0x800068ea (0x014e3433) sltu    s0, t3, s4
core   0: 0 0x800068ea (0x014e3433) x8  0x00000001
core   0: 0x800068ee (0x01b800b3) add     ra, a6, s11
core   0: 0 0x800068ee (0x01b800b3) x1  0xd77a58bf
core   0: 0x800068f2 (0x0000038d) c.addi  t2, 3
core   0: 0 0x800068f2 (0x038d) x7  0x2100c003
core   0: 0x800068f4 (0x77780413) addi    s0, a6, 1911
core   0: 0 0x800068f4 (0x77780413) x8  0x00000bbe
core   0: 0x800068f8 (0x02ea3ab3) mulhu   s5, s4, a4
core   0: 0 0x800068f8 (0x02ea3ab3) x21 0x4001ea74
core   0: 0x800068fc (0x000081c1) c.srli  a1, 16
core   0: 0 0x800068fc (0x81c1) x11 0x0000f5e2
core   0: 0x800068fe (0x00759d63) bne     a1, t2, pc + 26
core   0: 0 0x800068fe (0x00759d63)
core   0: 0x80006918 (0x004d5213) srli    tp, s10, 4
core   0: 0 0x80006918 (0x004d5213) x4  0x00000000
core   0: 0x8000691c (0x00008c25) c.xor   s0, s1
core   0: 0 0x8000691c (0x8c25) x8  0xfffff441
core   0: 0x8000691e (0x0284a233) mulhsu  tp, s1, s0
core   0: 0 0x8000691e (0x0284a233) x4  0xffffffff
core   0: 0x80006922 (0x03a8d463) bge     a7, s10, pc + 40
core   0: 0 0x80006922 (0x03a8d463)
core   0: 0x80006926 (0x01c6feb3) and     t4, a3, t3
core   0: 0 0x80006926 (0x01c6feb3) x29 0x000d7125
core   0: 0x8000692a (0x0142d333) srl     t1, t0, s4
core   0: 0 0x8000692a (0x0142d333) x6  0x00000000
core   0: 0x8000692e (0x00bc9393) slli    t2, s9, 11
core   0: 0 0x8000692e (0x00bc9393) x7  0x00000000
core   0: 0x80006932 (0x00a51c63) bne     a0, a0, pc + 24
core   0: 0 0x80006932 (0x00a51c63)
core   0: 0x80006936 (0xf68ab813) sltiu   a6, s5, -152
core   0: 0 0x80006936 (0xf68ab813) x16 0x00000001
core   0: 0x8000693a (0x024b6bb3) rem     s7, s6, tp
core   0: 0 0x8000693a (0x024b6bb3) x23 0x00000000
core   0: 0x8000693e (0x401adfb3) sra     t6, s5, ra
core   0: 0 0x8000693e (0x401adfb3) x31 0x00000000
core   0: 0x80006942 (0x40488a33) sub     s4, a7, tp
core   0: 0 0x80006942 (0x40488a33) x20 0xf5e39896
core   0: 0x80006946 (0x02a73db3) mulhu   s11, a4, a0
core   0: 0 0x80006946 (0x02a73db3) x27 0x00000000
core   0: 0x8000694a (0x02e2c3b3) div     t2, t0, a4
core   0: 0 0x8000694a (0x02e2c3b3) x7  0x00000000
core   0: 0x8000694e (0x00008fb2) c.mv    t6, a2
core   0: 0 0x8000694e (0x8fb2) x31 0x8001fe4c
core   0: 0x80006950 (0x02544db3) div     s11, s0, t0
core   0: 0 0x80006950 (0x02544db3) x27 0xfffffffb
core   0: 0x80006954 (0x0156acb3) slt     s9, a3, s5
core   0: 0 0x80006954 (0x0156acb3) x25 0x00000001
core   0: 0x80006958 (0x03b0a333) mulhsu  t1, ra, s11
core   0: 0 0x80006958 (0x03b0a333) x6  0xd77a58bf
core   0: 0x8000695c (0x00000001) c.nop
core   0: 0 0x8000695c (0x0001)
core   0: 0x8000695e (0x0398cb33) div     s6, a7, s9
core   0: 0 0x8000695e (0x0398cb33) x22 0xf5e39895
core   0: 0x80006962 (0x000088c5) c.andi  s1, 17
core   0: 0 0x80006962 (0x88c5) x9  0x00000011
core   0: 0x80006964 (0x00008d35) c.xor   a0, a3
core   0: 0 0x80006964 (0x8d35) x10 0xfffff975
core   0: 0x80006966 (0x00cfad33) slt     s10, t6, a2
core   0: 0 0x80006966 (0x00cfad33) x26 0x00000000
core   0: 0x8000696a (0xcf555337) lui     t1, 0xcf555
core   0: 0 0x8000696a (0xcf555337) x6  0xcf555000
core   0: 0x8000696e (0x027d5233) divu    tp, s10, t2
core   0: 0 0x8000696e (0x027d5233) x4  0xffffffff
core   0: 0x80006972 (0x40895bb3) sra     s7, s2, s0
core   0: 0 0x80006972 (0x40895bb3) x23 0xfffffe4e
core   0: 0x80006976 (0x02c41163) bne     s0, a2, pc + 34
core   0: 0 0x80006976 (0x02c41163)
core   0: 0x80006998 (0x00a4ea33) or      s4, s1, a0
core   0: 0 0x80006998 (0x00a4ea33) x20 0xfffff975
core   0: 0x8000699c (0x002a6333) or      t1, s4, sp
core   0: 0 0x8000699c (0x002a6333) x6  0xfffff9f5
core   0: 0x800069a0 (0x00009db2) c.add   s11, a2
core   0: 0 0x800069a0 (0x9db2) x27 0x8001fe47
core   0: 0x800069a2 (0x02b0ad33) mulhsu  s10, ra, a1
core   0: 0 0x800069a2 (0x02b0ad33) x26 0xffffd914
core   0: 0x800069a6 (0x02e11a33) mulh    s4, sp, a4
core   0: 0 0x800069a6 (0x02e11a33) x20 0x050e1d15
core   0: 0x800069aa (0x00b49f33) sll     t5, s1, a1
core   0: 0 0x800069aa (0x00b49f33) x30 0x00000044
core   0: 0x800069ae (0x03761b33) mulh    s6, a2, s7
core   0: 0 0x800069ae (0x03761b33) x22 0x000000d8
core   0: 0x800069b2 (0x008f4463) blt     t5, s0, pc + 8
core   0: 0 0x800069b2 (0x008f4463)
core   0: 0x800069b6 (0x0144e233) or      tp, s1, s4
core   0: 0 0x800069b6 (0x0144e233) x4  0x050e1d15
core   0: 0x800069ba (0x01c74863) blt     a4, t3, pc + 16
core   0: 0 0x800069ba (0x01c74863)
core   0: 0x800069ca (0x03a30b33) mul     s6, t1, s10
core   0: 0 0x800069ca (0x03a30b33) x22 0x00eb3424
core   0: 0x800069ce (0x03297833) remu    a6, s2, s2
core   0: 0 0x800069ce (0x03297833) x16 0x00000000
core   0: 0x800069d2 (0x04d11b63) bne     sp, a3, pc + 86
core   0: 0 0x800069d2 (0x04d11b63)
core   0: 0x80006a28 (0x00008ced) c.and   s1, a1
core   0: 0 0x80006a28 (0x8ced) x9  0x00000000
core   0: 0x80006a2a (0x00000ef6) c.slli  t4, 29
core   0: 0 0x80006a2a (0x0ef6) x29 0xa0000000
core   0: 0x80006a2c (0x00008dd1) c.or    a1, a2
core   0: 0 0x80006a2c (0x8dd1) x11 0x8001ffee
core   0: 0x80006a2e (0x00008d25) c.xor   a0, s1
core   0: 0 0x80006a2e (0x8d25) x10 0xfffff975
core   0: 0x80006a30 (0x0013fc63) bgeu    t2, ra, pc + 24
core   0: 0 0x80006a30 (0x0013fc63)
core   0: 0x80006a34 (0xb2fb7f93) andi    t6, s6, -1233
core   0: 0 0x80006a34 (0xb2fb7f93) x31 0x00eb3024
core   0: 0x80006a38 (0x0333c063) blt     t2, s3, pc + 32
core   0: 0 0x80006a38 (0x0333c063)
core   0: 0x80006a3c (0x02d1d933) divu    s2, gp, a3
core   0: 0 0x80006a3c (0x02d1d933) x18 0x00000000
core   0: 0x80006a40 (0x03af98b3) mulh    a7, t6, s10
core   0: 0 0x80006a40 (0x03af98b3) x17 0xffffffdc
core   0: 0x80006a44 (0x029dd5b3) divu    a1, s11, s1
core   0: 0 0x80006a44 (0x029dd5b3) x11 0xffffffff
core   0: 0x80006a48 (0x00008d9d) c.sub   a1, a5
core   0: 0 0x80006a48 (0x8d9d) x11 0xffffffff
core   0: 0x80006a4a (0x0256efb3) rem     t6, a3, t0
core   0: 0 0x80006a4a (0x0256efb3) x31 0xffffff75
core   0: 0x80006a4e (0x014b8d63) beq     s7, s4, pc + 26
core   0: 0 0x80006a4e (0x014b8d63)
core   0: 0x80006a52 (0x0351a333) mulhsu  t1, gp, s5
core   0: 0 0x80006a52 (0x0351a333) x6  0xf5de519d
core   0: 0x80006a56 (0x00000001) c.nop
core   0: 0 0x80006a56 (0x0001)
core   0: 0x80006a58 (0x0000e105) c.bnez  a0, pc + 32
core   0: 0 0x80006a58 (0xe105)
core   0: 0x80006a78 (0x00000001) c.nop
core   0: 0 0x80006a78 (0x0001)
core   0: 0x80006a7a (0x00008ff1) c.and   a5, a2
core   0: 0 0x80006a7a (0x8ff1) x15 0x00000000
core   0: 0x80006a7c (0x00eddf93) srli    t6, s11, 14
core   0: 0 0x80006a7c (0x00eddf93) x31 0x00020007
core   0: 0x80006a80 (0x3be14c13) xori    s8, sp, 958
core   0: 0 0x80006a80 (0x3be14c13) x24 0xf5e39b2b
core   0: 0x80006a84 (0x0ff0000f) fence   iorw,iorw
core   0: 0 0x80006a84 (0x0ff0000f)
core   0: 0x80006a88 (0x00eaae33) slt     t3, s5, a4
core   0: 0 0x80006a88 (0x00eaae33) x28 0x00000000
core   0: 0x80006a8c (0x0000c1c9) c.beqz  a1, pc + 130
core   0: 0 0x80006a8c (0xc1c9)
core   0: 0x80006a8e (0x41b55db3) sra     s11, a0, s11
core   0: 0 0x80006a8e (0x41b55db3) x27 0xfffffff2
core   0: 0x80006a92 (0x40a18bb3) sub     s7, gp, a0
core   0: 0 0x80006a92 (0x40a18bb3) x23 0xd77a8388
core   0: 0x80006a96 (0x03196433) rem     s0, s2, a7
core   0: 0 0x80006a96 (0x03196433) x8  0x00000000
core   0: 0x80006a9a (0x00000d6e) c.slli  s10, 27
core   0: 0 0x80006a9a (0x0d6e) x26 0xa0000000
core   0: 0x80006a9c (0x84cee6b7) lui     a3, 0x84cee
core   0: 0 0x80006a9c (0x84cee6b7) x13 0x84cee000
core   0: 0x80006aa0 (0x00000001) c.nop
core   0: 0 0x80006aa0 (0x0001)
core   0: 0x80006aa2 (0x0000c8b9) c.beqz  s1, pc + 86
core   0: 0 0x80006aa2 (0xc8b9)
core   0: 0x80006af8 (0x0154a1b3) slt     gp, s1, s5
core   0: 0 0x80006af8 (0x0154a1b3) x3  0x00000001
core   0: 0x80006afc (0x02f767b3) rem     a5, a4, a5
core   0: 0 0x80006afc (0x02f767b3) x15 0x80023ce4
core   0: 0x80006b00 (0x0288e663) bltu    a7, s0, pc + 44
core   0: 0 0x80006b00 (0x0288e663)
core   0: 0x80006b04 (0x0000804d) c.srli  s0, 19
core   0: 0 0x80006b04 (0x804d) x8  0x00000000
core   0: 0x80006b06 (0x03f7a9b3) mulhsu  s3, a5, t6
core   0: 0 0x80006b06 (0x03f7a9b3) x19 0xffff0000
core   0: 0x80006b0a (0x454bb2b7) lui     t0, 0x454bb
core   0: 0 0x80006b0a (0x454bb2b7) x5  0x454bb000
core   0: 0x80006b0e (0x0201dbb3) divu    s7, gp, zero
core   0: 0 0x80006b0e (0x0201dbb3) x23 0xffffffff
core   0: 0x80006b12 (0x0000858d) c.srai  a1, 3
core   0: 0 0x80006b12 (0x858d) x11 0xffffffff
core   0: 0x80006b14 (0x0067c5b3) xor     a1, a5, t1
core   0: 0 0x80006b14 (0x0067c5b3) x11 0x75dc6d79
core   0: 0x80006b18 (0x03d1f5b3) remu    a1, gp, t4
core   0: 0 0x80006b18 (0x03d1f5b3) x11 0x00000001
core   0: 0x80006b1c (0xf010f993) andi    s3, ra, -255
core   0: 0 0x80006b1c (0xf010f993) x19 0xd77a5801
core   0: 0x80006b20 (0x00008c8d) c.sub   s1, a1
core   0: 0 0x80006b20 (0x8c8d) x9  0xffffffff
core   0: 0x80006b22 (0x02305d33) divu    s10, zero, gp
core   0: 0 0x80006b22 (0x02305d33) x26 0x00000000
core   0: 0x80006b26 (0x00009d6a) c.add   s10, s10
core   0: 0 0x80006b26 (0x9d6a) x26 0x00000000
core   0: 0x80006b28 (0x0ff0000f) fence   iorw,iorw
core   0: 0 0x80006b28 (0x0ff0000f)
core   0: 0x80006b2c (0x0000cf99) c.beqz  a5, pc + 30
core   0: 0 0x80006b2c (0xcf99)
core   0: 0x80006b2e (0x0ff0000f) fence   iorw,iorw
core   0: 0 0x80006b2e (0x0ff0000f)
core   0: 0x80006b32 (0xa6dc6a93) ori     s5, s8, -1427
core   0: 0 0x80006b32 (0xa6dc6a93) x21 0xfffffb6f
core   0: 0x80006b36 (0x0000e291) c.bnez  a3, pc + 4
core   0: 0 0x80006b36 (0xe291)
core   0: 0x80006b3a (0x65203e17) auipc   t3, 0x65203
core   0: 0 0x80006b3a (0x65203e17) x28 0xe5209b3a
core   0: 0x80006b3e (0xca824593) xori    a1, tp, -856
core   0: 0 0x80006b3e (0xca824593) x11 0xfaf1e1bd
core   0: 0x80006b42 (0x00000001) c.nop
core   0: 0 0x80006b42 (0x0001)
core   0: 0x80006b44 (0x26d1f813) andi    a6, gp, 621
core   0: 0 0x80006b44 (0x26d1f813) x16 0x00000001
core   0: 0x80006b48 (0x0000ca81) c.beqz  a3, pc + 16
core   0: 0 0x80006b48 (0xca81)
core   0: 0x80006b4a (0x000081f2) c.mv    gp, t3
core   0: 0 0x80006b4a (0x81f2) x3  0xe5209b3a
core   0: 0x80006b4c (0x00008689) c.srai  a3, 2
core   0: 0 0x80006b4c (0x8689) x13 0xe133b800
core   0: 0x80006b4e (0x02916363) bltu    sp, s1, pc + 38
core   0: 0 0x80006b4e (0x02916363)
core   0: 0x80006b74 (0x02aedb63) bge     t4, a0, pc + 54
core   0: 0 0x80006b74 (0x02aedb63)
core   0: 0x80006b78 (0x017a2233) slt     tp, s4, s7
core   0: 0 0x80006b78 (0x017a2233) x4  0x00000000
core   0: 0x80006b7c (0x00929213) slli    tp, t0, 9
core   0: 0 0x80006b7c (0x00929213) x4  0x97600000
core   0: 0x80006b80 (0x416b5913) srai    s2, s6, 22
core   0: 0 0x80006b80 (0x416b5913) x18 0x00000003
core   0: 0x80006b84 (0x00008c05) c.sub   s0, s1
core   0: 0 0x80006b84 (0x8c05) x8  0x00000001
core   0: 0x80006b86 (0xd6544b93) xori    s7, s0, -667
core   0: 0 0x80006b86 (0xd6544b93) x23 0xfffffd64
core   0: 0x80006b8a (0x028a9433) mulh    s0, s5, s0
core   0: 0 0x80006b8a (0x028a9433) x8  0xffffffff
core   0: 0x80006b8e (0x01c5f463) bgeu    a1, t3, pc + 8
core   0: 0 0x80006b8e (0x01c5f463)
core   0: 0x80006b96 (0x00f00b63) beq     zero, a5, pc + 22
core   0: 0 0x80006b96 (0x00f00b63)
core   0: 0x80006b9a (0x01930963) beq     t1, s9, pc + 18
core   0: 0 0x80006b9a (0x01930963)
core   0: 0x80006b9e (0x017bc1b3) xor     gp, s7, s7
core   0: 0 0x80006b9e (0x017bc1b3) x3  0x00000000
core   0: 0x80006ba2 (0x00000971) c.addi  s2, 28
core   0: 0 0x80006ba2 (0x0971) x18 0x0000001f
core   0: 0x80006ba4 (0x011ced33) or      s10, s9, a7
core   0: 0 0x80006ba4 (0x011ced33) x26 0xffffffdd
core   0: 0x80006ba8 (0x00000c92) c.slli  s9, 4
core   0: 0 0x80006ba8 (0x0c92) x25 0x00000010
core   0: 0x80006baa (0x00008fa9) c.xor   a5, a0
core   0: 0 0x80006baa (0x8fa9) x15 0x7ffdc591
core   0: 0x80006bac (0x01365a33) srl     s4, a2, s3
core   0: 0 0x80006bac (0x01365a33) x20 0x4000ff26
core   0: 0x80006bb0 (0x00008cf9) c.and   s1, a4
core   0: 0 0x80006bb0 (0x8cf9) x9  0x80023ce4
core   0: 0x80006bb2 (0x41b30a33) sub     s4, t1, s11
core   0: 0 0x80006bb2 (0x41b30a33) x20 0xf5de51ab
core   0: 0x80006bb6 (0x00a139b3) sltu    s3, sp, a0
core   0: 0 0x80006bb6 (0x00a139b3) x19 0x00000001
core   0: 0x80006bba (0x012e1533) sll     a0, t3, s2
core   0: 0 0x80006bba (0x012e1533) x10 0x00000000
core   0: 0x80006bbe (0x03013533) mulhu   a0, sp, a6
core   0: 0 0x80006bbe (0x03013533) x10 0x00000000
core   0: 0x80006bc2 (0x0000443d) c.li    s0, 15
core   0: 0 0x80006bc2 (0x443d) x8  0x0000000f
core   0: 0x80006bc4 (0x027f2433) mulhsu  s0, t5, t2
core   0: 0 0x80006bc4 (0x027f2433) x8  0x00000000
core   0: 0x80006bc8 (0xdd7e3313) sltiu   t1, t3, -553
core   0: 0 0x80006bc8 (0xdd7e3313) x6  0x00000001
core   0: 0x80006bcc (0x00008e9a) c.mv    t4, t1
core   0: 0 0x80006bcc (0x8e9a) x29 0x00000001
core   0: 0x80006bce (0x00006c85) c.lui   s9, 0x1
core   0: 0 0x80006bce (0x6c85) x25 0x00001000
core   0: 0x80006bd0 (0x00008dfd) c.and   a1, a5
core   0: 0 0x80006bd0 (0x8dfd) x11 0x7af1c191
core   0: 0x80006bd2 (0x0000847d) c.srai  s0, 31
core   0: 0 0x80006bd2 (0x847d) x8  0x00000000
core   0: 0x80006bd4 (0x0ff0000f) fence   iorw,iorw
core   0: 0 0x80006bd4 (0x0ff0000f)
core   0: 0x80006bd8 (0x022557b3) divu    a5, a0, sp
core   0: 0 0x80006bd8 (0x022557b3) x15 0x00000000
core   0: 0x80006bdc (0x41ba5bb3) sra     s7, s4, s11
core   0: 0 0x80006bdc (0x41ba5bb3) x23 0xfffffd77
core   0: 0x80006be0 (0x02e06933) rem     s2, zero, a4
core   0: 0 0x80006be0 (0x02e06933) x18 0x00000000
core   0: 0x80006be4 (0x038aba33) mulhu   s4, s5, s8
core   0: 0 0x80006be4 (0x038aba33) x20 0xf5e396c8
core   0: 0x80006be8 (0x1dd64b93) xori    s7, a2, 477
core   0: 0 0x80006be8 (0x1dd64b93) x23 0x8001ff91
core   0: 0x80006bec (0x000006ea) c.slli  a3, 26
core   0: 0 0x80006bec (0x06ea) x13 0x00000000
core   0: 0x80006bee (0x039d7bb3) remu    s7, s10, s9
core   0: 0 0x80006bee (0x039d7bb3) x23 0x00000fdd
core   0: 0x80006bf2 (0x03c000ef) jal     pc + 0x3c
core   0: 0 0x80006bf2 (0x03c000ef) x1  0x80006bf6
core   0: 0x80006c2e (0xfd9ff0ef) jal     pc - 0x28
core   0: 0 0x80006c2e (0xfd9ff0ef) x1  0x80006c32
core   0: 0x80006c06 (0x022000ef) jal     pc + 0x22
core   0: 0 0x80006c06 (0x022000ef) x1  0x80006c0a
core   0: 0x80006c28 (0x004001ef) jal     gp, pc + 0x4
core   0: 0 0x80006c28 (0x004001ef) x3  0x80006c2c
core   0: 0x80006c2c (0x0000bfd9) c.j     pc - 42
core   0: 0 0x80006c2c (0xbfd9)
core   0: 0x80006c02 (0x0200026f) jal     tp, pc + 0x20
core   0: 0 0x80006c02 (0x0200026f) x4  0x80006c06
core   0: 0x80006c22 (0x0000bff1) c.j     pc - 36
core   0: 0 0x80006c22 (0xbff1)
core   0: 0x80006bfe (0x00002821) c.jal   pc + 24
core   0: 0 0x80006bfe (0x2821) x1  0x80006c00
core   0: 0x80006c16 (0x0000b7c5) c.j     pc - 32
core   0: 0 0x80006c16 (0xb7c5)
core   0: 0x80006bf6 (0x0060036f) jal     t1, pc + 0x6
core   0: 0 0x80006bf6 (0x0060036f) x6  0x80006bfa
core   0: 0x80006bfc (0x0000202d) c.jal   pc + 42
core   0: 0 0x80006bfc (0x202d) x1  0x80006bfe
core   0: 0x80006c26 (0x0000bfcd) c.j     pc - 14
core   0: 0 0x80006c26 (0xbfcd)
core   0: 0x80006c18 (0x01e0036f) jal     t1, pc + 0x1e
core   0: 0 0x80006c18 (0x01e0036f) x6  0x80006c1c
core   0: 0x80006c36 (0xfefff0ef) jal     pc - 0x12
core   0: 0 0x80006c36 (0xfefff0ef) x1  0x80006c3a
core   0: 0x80006c24 (0x0000bfc5) c.j     pc - 16
core   0: 0 0x80006c24 (0xbfc5)
core   0: 0x80006c14 (0x0000bffd) c.j     pc - 2
core   0: 0 0x80006c14 (0xbffd)
core   0: 0x80006c12 (0x00003ffd) c.jal   pc - 2
core   0: 0 0x80006c12 (0x3ffd) x1  0x80006c14
core   0: 0x80006c10 (0x0000b7ed) c.j     pc - 22
core   0: 0 0x80006c10 (0xb7ed)
core   0: 0x80006bfa (0x0000a801) c.j     pc + 16
core   0: 0 0x80006bfa (0xa801)
core   0: 0x80006c0a (0x0000a011) c.j     pc + 4
core   0: 0 0x80006c0a (0xa011)
core   0: 0x80006c0e (0x0000a015) c.j     pc + 36
core   0: 0 0x80006c0e (0xa015)
core   0: 0x80006c32 (0xfdbff26f) jal     tp, pc - 0x26
core   0: 0 0x80006c32 (0xfdbff26f) x4  0x80006c36
core   0: 0x80006c0c (0x0000a801) c.j     pc + 16
core   0: 0 0x80006c0c (0xa801)
core   0: 0x80006c1c (0x000037d5) c.jal   pc - 28
core   0: 0 0x80006c1c (0x37d5) x1  0x80006c1e
core   0: 0x80006c00 (0x00002839) c.jal   pc + 30
core   0: 0 0x80006c00 (0x2839) x1  0x80006c02
core   0: 0x80006c1e (0x01c000ef) jal     pc + 0x1c
core   0: 0 0x80006c1e (0x01c000ef) x1  0x80006c22
core   0: 0x80006c3a (0x00008c46) c.mv    s8, a7
core   0: 0 0x80006c3a (0x8c46) x24 0xffffffdc
core   0: 0x80006c3c (0x73b07437) lui     s0, 0x73b07
core   0: 0 0x80006c3c (0x73b07437) x8  0x73b07000
core   0: 0x80006c40 (0x0000e09d) c.bnez  s1, pc + 38
core   0: 0 0x80006c40 (0xe09d)
core   0: 0x80006c66 (0x00008f81) c.sub   a5, s0
core   0: 0 0x80006c66 (0x8f81) x15 0x8c4f9000
core   0: 0x80006c68 (0x00008e99) c.sub   a3, a4
core   0: 0 0x80006c68 (0x8e99) x13 0x7ffdc31c
core   0: 0x80006c6a (0x036244b3) div     s1, tp, s6
core   0: 0 0x80006c6a (0x036244b3) x9  0xffffff75
core   0: 0x80006c6e (0x00000a51) c.addi  s4, 20
core   0: 0 0x80006c6e (0x0a51) x20 0xf5e396dc
core   0: 0x80006c70 (0x02be4fb3) div     t6, t3, a1
core   0: 0 0x80006c70 (0x02be4fb3) x31 0x00000000
core   0: 0x80006c74 (0x00000a7d) c.addi  s4, 31
core   0: 0 0x80006c74 (0x0a7d) x20 0xf5e396fb
core   0: 0x80006c76 (0x40945313) srai    t1, s0, 9
core   0: 0 0x80006c76 (0x40945313) x6  0x0039d838
core   0: 0x80006c7a (0x64dd92b7) lui     t0, 0x64dd9
core   0: 0 0x80006c7a (0x64dd92b7) x5  0x64dd9000
core   0: 0x80006c7e (0xfa0c4893) xori    a7, s8, -96
core   0: 0 0x80006c7e (0xfa0c4893) x17 0x0000007c
core   0: 0x80006c82 (0x00f84c33) xor     s8, a6, a5
core   0: 0 0x80006c82 (0x00f84c33) x24 0x8c4f9001
core   0: 0x80006c86 (0x0000c5a9) c.beqz  a1, pc + 74
core   0: 0 0x80006c86 (0xc5a9)
core   0: 0x80006c88 (0x0000ea91) c.bnez  a3, pc + 20
core   0: 0 0x80006c88 (0xea91)
core   0: 0x80006c9c (0x012c9213) slli    tp, s9, 18
core   0: 0 0x80006c9c (0x012c9213) x4  0x40000000
core   0: 0x80006ca0 (0x002e8e63) beq     t4, sp, pc + 28
core   0: 0 0x80006ca0 (0x002e8e63)
core   0: 0x80006ca4 (0x01fb94b3) sll     s1, s7, t6
core   0: 0 0x80006ca4 (0x01fb94b3) x9  0x00000fdd
core   0: 0x80006ca8 (0xf2466093) ori     ra, a2, -220
core   0: 0 0x80006ca8 (0xf2466093) x1  0xffffff6c
core   0: 0x80006cac (0x006eacb3) slt     s9, t4, t1
core   0: 0 0x80006cac (0x006eacb3) x25 0x00000001
core   0: 0x80006cb0 (0x41b48833) sub     a6, s1, s11
core   0: 0 0x80006cb0 (0x41b48833) x16 0x00000feb
core   0: 0x80006cb4 (0x010b9463) bne     s7, a6, pc + 8
core   0: 0 0x80006cb4 (0x010b9463)
core   0: 0x80006cbc (0xbb58ee13) ori     t3, a7, -1099
core   0: 0 0x80006cbc (0xbb58ee13) x28 0xfffffbfd
core   0: 0x80006cc0 (0x014f80b3) add     ra, t6, s4
core   0: 0 0x80006cc0 (0x014f80b3) x1  0xf5e396fb
core   0: 0x80006cc4 (0x00887bb3) and     s7, a6, s0
core   0: 0 0x80006cc4 (0x00887bb3) x23 0x00000000
core   0: 0x80006cc8 (0x01165793) srli    a5, a2, 17
core   0: 0 0x80006cc8 (0x01165793) x15 0x00004000
core   0: 0x80006ccc (0x41918bb3) sub     s7, gp, s9
core   0: 0 0x80006ccc (0x41918bb3) x23 0x80006c2b
core   0: 0x80006cd0 (0xe7da7493) andi    s1, s4, -387
core   0: 0 0x80006cd0 (0xe7da7493) x9  0xf5e39679
core   0: 0x80006cd4 (0x413b5233) sra     tp, s6, s3
core   0: 0 0x80006cd4 (0x413b5233) x4  0x00759a12
core   0: 0x80006cd8 (0x0000ec81) c.bnez  s1, pc + 24
core   0: 0 0x80006cd8 (0xec81)
core   0: 0x80006cf0 (0x010a5763) bge     s4, a6, pc + 14
core   0: 0 0x80006cf0 (0x010a5763)
core   0: 0x80006cf4 (0x0000841a) c.mv    s0, t1
core   0: 0 0x80006cf4 (0x841a) x8  0x0039d838
core   0: 0x80006cf6 (0x00f37833) and     a6, t1, a5
core   0: 0 0x80006cf6 (0x00f37833) x16 0x00004000
core   0: 0x80006cfa (0x022a6363) bltu    s4, sp, pc + 38
core   0: 0 0x80006cfa (0x022a6363)
core   0: 0x80006d20 (0x022f8663) beq     t6, sp, pc + 44
core   0: 0 0x80006d20 (0x022f8663)
core   0: 0x80006d24 (0x01f67b63) bgeu    a2, t6, pc + 22
core   0: 0 0x80006d24 (0x01f67b63)
core   0: 0x80006d3a (0x000018fd) c.addi  a7, -1
core   0: 0 0x80006d3a (0x18fd) x17 0x0000007b
core   0: 0x80006d3c (0x01f20e33) add     t3, tp, t6
core   0: 0 0x80006d3c (0x01f20e33) x28 0x00759a12
core   0: 0x80006d40 (0xa9086313) ori     t1, a6, -1392
core   0: 0 0x80006d40 (0xa9086313) x6  0xfffffa90
core   0: 0x80006d44 (0x035e72b3) remu    t0, t3, s5
core   0: 0 0x80006d44 (0x035e72b3) x5  0x00759a12
core   0: 0x80006d48 (0x02081163) bnez    a6, pc + 34
core   0: 0 0x80006d48 (0x02081163)
core   0: 0x80006d6a (0x00000e1a) c.slli  t3, 6
core   0: 0 0x80006d6a (0x0e1a) x28 0x1d668480
core   0: 0x80006d6c (0x00006a89) c.lui   s5, 0x2
core   0: 0 0x80006d6c (0x6a89) x21 0x00002000
core   0: 0x80006d6e (0x00008de1) c.and   a1, s0
core   0: 0 0x80006d6e (0x8de1) x11 0x0031c010
core   0: 0x80006d70 (0x40c5d5b3) sra     a1, a1, a2
core   0: 0 0x80006d70 (0x40c5d5b3) x11 0x0000031c
core   0: 0x80006d74 (0x00000001) c.nop
core   0: 0 0x80006d74 (0x0001)
core   0: 0x80006d76 (0x411d5a33) sra     s4, s10, a7
core   0: 0 0x80006d76 (0x411d5a33) x20 0xffffffff
core   0: 0x80006d7a (0x0349c763) blt     s3, s4, pc + 46
core   0: 0 0x80006d7a (0x0349c763)
core   0: 0x80006d7e (0x01165463) bge     a2, a7, pc + 8
core   0: 0 0x80006d7e (0x01165463)
core   0: 0x80006d82 (0x00589cb3) sll     s9, a7, t0
core   0: 0 0x80006d82 (0x00589cb3) x25 0x01ec0000
core   0: 0x80006d86 (0x00004abd) c.li    s5, 15
core   0: 0 0x80006d86 (0x4abd) x21 0x0000000f
core   0: 0x80006d88 (0x01d27db3) and     s11, tp, t4
core   0: 0 0x80006d88 (0x01d27db3) x27 0x00000000
core   0: 0x80006d8c (0x033a8363) beq     s5, s3, pc + 38
core   0: 0 0x80006d8c (0x033a8363)
core   0: 0x80006d90 (0x9b5c3993) sltiu   s3, s8, -1611
core   0: 0 0x80006d90 (0x9b5c3993) x19 0x00000001
core   0: 0x80006d94 (0x006bbe33) sltu    t3, s7, t1
core   0: 0 0x80006d94 (0x006bbe33) x28 0x00000001
core   0: 0x80006d98 (0x015608b3) add     a7, a2, s5
core   0: 0 0x80006d98 (0x015608b3) x17 0x8001fe5b
core   0: 0x80006d9c (0x0ff0000f) fence   iorw,iorw
core   0: 0 0x80006d9c (0x0ff0000f)
core   0: 0x80006da0 (0x015c62b3) or      t0, s8, s5
core   0: 0 0x80006da0 (0x015c62b3) x5  0x8c4f900f
core   0: 0x80006da4 (0x40685d93) srai    s11, a6, 6
core   0: 0 0x80006da4 (0x40685d93) x27 0x00000100
core   0: 0x80006da8 (0x7e7d0413) addi    s0, s10, 2023
core   0: 0 0x80006da8 (0x7e7d0413) x8  0x000007c4
core   0: 0x80006dac (0x031b6d33) rem     s10, s6, a7
core   0: 0 0x80006dac (0x031b6d33) x26 0x00eb3424
core   0: 0x80006db0 (0x00000c76) c.slli  s8, 29
core   0: 0 0x80006db0 (0x0c76) x24 0x20000000
core   0: 0x80006db2 (0x37290913) addi    s2, s2, 882
core   0: 0 0x80006db2 (0x37290913) x18 0x00000372
core   0: 0x80006db6 (0x0000100f) fence.i
core   0: 0 0x80006db6 (0x0000100f)
core   0: 0x80006dba (0x000060e5) c.lui   ra, 0x19
core   0: 0 0x80006dba (0x60e5) x1  0x00019000
core   0: 0x80006dbc (0x0000100f) fence.i
core   0: 0 0x80006dbc (0x0000100f)
core   0: 0x80006dc0 (0x0000987d) c.andi  s0, -1
core   0: 0 0x80006dc0 (0x987d) x8  0x000007c4
core   0: 0x80006dc2 (0x00008c6d) c.and   s0, a1
core   0: 0 0x80006dc2 (0x8c6d) x8  0x00000304
core   0: 0x80006dc4 (0x0000100f) fence.i
core   0: 0 0x80006dc4 (0x0000100f)
core   0: 0x80006dc8 (0xdf424d93) xori    s11, tp, -524
core   0: 0 0x80006dc8 (0xdf424d93) x27 0xff8a67e6
core   0: 0x80006dcc (0x00008471) c.srai  s0, 28
core   0: 0 0x80006dcc (0x8471) x8  0x00000000
core   0: 0x80006dce (0x02640e33) mul     t3, s0, t1
core   0: 0 0x80006dce (0x02640e33) x28 0x00000000
core   0: 0x80006dd2 (0x0362a233) mulhsu  tp, t0, s6
core   0: 0 0x80006dd2 (0x0362a233) x4  0xff95b579
core   0: 0x80006dd6 (0x0000c295) c.beqz  a3, pc + 36
core   0: 0 0x80006dd6 (0xc295)
core   0: 0x80006dd8 (0x00000c56) c.slli  s8, 21
core   0: 0 0x80006dd8 (0x0c56) x24 0x00000000
core   0: 0x80006dda (0x50288293) addi    t0, a7, 1282
core   0: 0 0x80006dda (0x50288293) x5  0x8002035d
core   0: 0x80006dde (0x00008d7e) c.mv    s10, t6
core   0: 0 0x80006dde (0x8d7e) x26 0x00000000
core   0: 0x80006de0 (0x00006a45) c.lui   s4, 0x11
core   0: 0 0x80006de0 (0x6a45) x20 0x00011000
core   0: 0x80006de2 (0x00008fce) c.mv    t6, s3
core   0: 0 0x80006de2 (0x8fce) x31 0x00000001
core   0: 0x80006de4 (0x53757813) andi    a6, a0, 1335
core   0: 0 0x80006de4 (0x53757813) x16 0x00000000
core   0: 0x80006de8 (0x00008039) c.srli  s0, 14
core   0: 0 0x80006de8 (0x8039) x8  0x00000000
core   0: 0x80006dea (0x00000b8e) c.slli  s7, 3
core   0: 0 0x80006dea (0x0b8e) x23 0x00036158
core   0: 0x80006dec (0x00000001) c.nop
core   0: 0 0x80006dec (0x0001)
core   0: 0x80006dee (0x3f0ae793) ori     a5, s5, 1008
core   0: 0 0x80006dee (0x3f0ae793) x15 0x000003ff
core   0: 0x80006df2 (0x4012da13) srai    s4, t0, 1
core   0: 0 0x80006df2 (0x4012da13) x20 0xc00101ae
core   0: 0x80006df6 (0xb1caeb13) ori     s6, s5, -1252
core   0: 0 0x80006df6 (0xb1caeb13) x22 0xfffffb1f
core   0: 0x80006dfa (0x00000001) c.nop
core   0: 0 0x80006dfa (0x0001)
core   0: 0x80006dfc (0x030c40b3) div     ra, s8, a6
core   0: 0 0x80006dfc (0x030c40b3) x1  0xffffffff
core   0: 0x80006e00 (0x41aa5393) srai    t2, s4, 26
core   0: 0 0x80006e00 (0x41aa5393) x7  0xfffffff0
core   0: 0x80006e04 (0x03d0d8b3) divu    a7, ra, t4
core   0: 0 0x80006e04 (0x03d0d8b3) x17 0xffffffff
core   0: 0x80006e08 (0x03ce22b3) mulhsu  t0, t3, t3
core   0: 0 0x80006e08 (0x03ce22b3) x5  0x00000000
core   0: 0x80006e0c (0x0000ec81) c.bnez  s1, pc + 24
core   0: 0 0x80006e0c (0xec81)
core   0: 0x80006e24 (0x01544c63) blt     s0, s5, pc + 24
core   0: 0 0x80006e24 (0x01544c63)
core   0: 0x80006e3c (0x00008ccd) c.or    s1, a1
core   0: 0 0x80006e3c (0x8ccd) x9  0xf5e3977d
core   0: 0x80006e3e (0x01396e33) or      t3, s2, s3
core   0: 0 0x80006e3e (0x01396e33) x28 0x00000373
core   0: 0x80006e42 (0xb1e18997) auipc   s3, 0xb1e18
core   0: 0 0x80006e42 (0xb1e18997) x19 0x31e1ee42
core   0: 0x80006e46 (0x0ff0000f) fence   iorw,iorw
core   0: 0 0x80006e46 (0x0ff0000f)
core   0: 0x80006e4a (0x012779b3) and     s3, a4, s2
core   0: 0 0x80006e4a (0x012779b3) x19 0x00000060
core   0: 0x80006e4e (0x00000286) c.slli  t0, 1
core   0: 0 0x80006e4e (0x0286) x5  0x00000000
core   0: 0x80006e50 (0x007ac033) xor     zero, s5, t2
core   0: 0 0x80006e50 (0x007ac033)
core   0: 0x80006e54 (0x06b9d363) bge     s3, a1, pc + 102
core   0: 0 0x80006e54 (0x06b9d363)
core   0: 0x80006e58 (0x01dbd593) srli    a1, s7, 29
core   0: 0 0x80006e58 (0x01dbd593) x11 0x00000000
core   0: 0x80006e5c (0x0557c763) blt     a5, s5, pc + 78
core   0: 0 0x80006e5c (0x0557c763)
core   0: 0x80006e60 (0x0ff0000f) fence   iorw,iorw
core   0: 0 0x80006e60 (0x0ff0000f)
core   0: 0x80006e64 (0x00008dbd) c.xor   a1, a5
core   0: 0 0x80006e64 (0x8dbd) x11 0x000003ff
core   0: 0x80006e66 (0x01e89d13) slli    s10, a7, 30
core   0: 0 0x80006e66 (0x01e89d13) x26 0xc0000000
core   0: 0x80006e6a (0x415f5693) srai    a3, t5, 21
core   0: 0 0x80006e6a (0x415f5693) x13 0x00000000
core   0: 0x80006e6e (0x00e000ef) jal     pc + 0xe
core   0: 0 0x80006e6e (0x00e000ef) x1  0x80006e72
core   0: 0x80006e7c (0x010000ef) jal     pc + 0x10
core   0: 0 0x80006e7c (0x010000ef) x1  0x80006e80
core   0: 0x80006e8c (0xfe9ff5ef) jal     a1, pc - 0x18
core   0: 0 0x80006e8c (0xfe9ff5ef) x11 0x80006e90
core   0: 0x80006e74 (0x00003ffd) c.jal   pc - 2
core   0: 0 0x80006e74 (0x3ffd) x1  0x80006e76
core   0: 0x80006e72 (0x0000a011) c.j     pc + 4
core   0: 0 0x80006e72 (0xa011)
core   0: 0x80006e76 (0x0100036f) jal     t1, pc + 0x10
core   0: 0 0x80006e76 (0x0100036f) x6  0x80006e7a
core   0: 0x80006e86 (0x004000ef) jal     pc + 0x4
core   0: 0 0x80006e86 (0x004000ef) x1  0x80006e8a
core   0: 0x80006e8a (0x0000bfed) c.j     pc - 6
core   0: 0 0x80006e8a (0xbfed)
core   0: 0x80006e84 (0x00003fdd) c.jal   pc - 10
core   0: 0 0x80006e84 (0x3fdd) x1  0x80006e86
core   0: 0x80006e7a (0x0000a819) c.j     pc + 22
core   0: 0 0x80006e7a (0xa819)
core   0: 0x80006e90 (0xff1ff36f) jal     t1, pc - 0x10
core   0: 0 0x80006e90 (0xff1ff36f) x6  0x80006e94
core   0: 0x80006e80 (0x014000ef) jal     pc + 0x14
core   0: 0 0x80006e80 (0x014000ef) x1  0x80006e84
core   0: 0x80006e94 (0x0040036f) jal     t1, pc + 0x4
core   0: 0 0x80006e94 (0x0040036f) x6  0x80006e98
core   0: 0x80006e98 (0x0000a009) c.j     pc + 2
core   0: 0 0x80006e98 (0xa009)
core   0: 0x80006e9a (0xb5c7b193) sltiu   gp, a5, -1188
core   0: 0 0x80006e9a (0xb5c7b193) x3  0x00000001
core   0: 0x80006e9e (0x01401f33) sll     t5, zero, s4
core   0: 0 0x80006e9e (0x01401f33) x30 0x00000000
core   0: 0x80006ea2 (0x02865db3) divu    s11, a2, s0
core   0: 0 0x80006ea2 (0x02865db3) x27 0xffffffff
core   0: 0x80006ea6 (0x00ae2833) slt     a6, t3, a0
core   0: 0 0x80006ea6 (0x00ae2833) x16 0x00000000
core   0: 0x80006eaa (0x022b9e33) mulh    t3, s7, sp
core   0: 0 0x80006eaa (0x022b9e33) x28 0xffffddd2
core   0: 0x80006eae (0x00009b06) c.add   s6, ra
core   0: 0 0x80006eae (0x9b06) x22 0x800069a3
core   0: 0x80006eb0 (0x00008222) c.mv    tp, s0
core   0: 0 0x80006eb0 (0x8222) x4  0x00000000
core   0: 0x80006eb2 (0x02b54533) div     a0, a0, a1
core   0: 0 0x80006eb2 (0x02b54533) x10 0x00000000
core   0: 0x80006eb6 (0x0007fbb3) and     s7, a5, zero
core   0: 0 0x80006eb6 (0x0007fbb3) x23 0x00000000
core   0: 0x80006eba (0x00008dd9) c.or    a1, a4
core   0: 0 0x80006eba (0x8dd9) x11 0x80027ef4
core   0: 0x80006ebc (0x41985db3) sra     s11, a6, s9
core   0: 0 0x80006ebc (0x41985db3) x27 0x00000000
core   0: 0x80006ec0 (0x00000001) c.nop
core   0: 0 0x80006ec0 (0x0001)
core   0: 0x80006ec2 (0x000009ae) c.slli  s3, 11
core   0: 0 0x80006ec2 (0x09ae) x19 0x00030000
core   0: 0x80006ec4 (0x412dd793) srai    a5, s11, 18
core   0: 0 0x80006ec4 (0x412dd793) x15 0x00000000
core   0: 0x80006ec8 (0x0000e699) c.bnez  a3, pc + 14
core   0: 0 0x80006ec8 (0xe699)
core   0: 0x80006eca (0x017d9c93) slli    s9, s11, 23
core   0: 0 0x80006eca (0x017d9c93) x25 0x00000000
core   0: 0x80006ece (0x002222b3) slt     t0, tp, sp
core   0: 0 0x80006ece (0x002222b3) x5  0x00000000
core   0: 0x80006ed2 (0x009a3833) sltu    a6, s4, s1
core   0: 0 0x80006ed2 (0x009a3833) x16 0x00000001
core   0: 0x80006ed6 (0x410156b3) sra     a3, sp, a6
core   0: 0 0x80006ed6 (0x410156b3) x13 0xfaf1cc4a
core   0: 0x80006eda (0x00008bd5) c.andi  a5, 21
core   0: 0 0x80006eda (0x8bd5) x15 0x00000000
core   0: 0x80006edc (0x0000cd11) c.beqz  a0, pc + 28
core   0: 0 0x80006edc (0xcd11)
core   0: 0x80006ef8 (0x4c84c093) xori    ra, s1, 1224
core   0: 0 0x80006ef8 (0x4c84c093) x1  0xf5e393b5
core   0: 0x80006efc (0x0118e1b3) or      gp, a7, a7
core   0: 0 0x80006efc (0x0118e1b3) x3  0xffffffff
core   0: 0x80006f00 (0x00e01b93) slli    s7, zero, 14
core   0: 0 0x80006f00 (0x00e01b93) x23 0x00000000
core   0: 0x80006f04 (0x0000940a) c.add   s0, sp
core   0: 0 0x80006f04 (0x940a) x8  0xf5e39895
core   0: 0x80006f06 (0x0278ceb3) div     t4, a7, t2
core   0: 0 0x80006f06 (0x0278ceb3) x29 0x00000000
core   0: 0x80006f0a (0x0000100f) fence.i
core   0: 0 0x80006f0a (0x0000100f)
core   0: 0x80006f0e (0x0000e28d) c.bnez  a3, pc + 34
core   0: 0 0x80006f0e (0xe28d)
core   0: 0x80006f30 (0x0354e333) rem     t1, s1, s5
core   0: 0 0x80006f30 (0x0354e333) x6  0xfffffffd
core   0: 0x80006f34 (0x016d1a13) slli    s4, s10, 22
core   0: 0 0x80006f34 (0x016d1a13) x20 0x00000000
core   0: 0x80006f38 (0x00008c71) c.and   s0, a2
core   0: 0 0x80006f38 (0x8c71) x8  0x80019804
core   0: 0x80006f3a (0x41e45f13) srai    t5, s0, 30
core   0: 0 0x80006f3a (0x41e45f13) x30 0xfffffffe
core   0: 0x80006f3e (0x01a1db33) srl     s6, gp, s10
core   0: 0 0x80006f3e (0x01a1db33) x22 0xffffffff
core   0: 0x80006f42 (0x00001dfd) c.addi  s11, -1
core   0: 0 0x80006f42 (0x1dfd) x27 0xffffffff
core   0: 0x80006f44 (0x00000001) c.nop
core   0: 0 0x80006f44 (0x0001)
core   0: 0x80006f46 (0x01a55413) srli    s0, a0, 26
core   0: 0 0x80006f46 (0x01a55413) x8  0x00000000
core   0: 0x80006f4a (0x0ff0000f) fence   iorw,iorw
core   0: 0 0x80006f4a (0x0ff0000f)
core   0: 0x80006f4e (0x06868597) auipc   a1, 0x6868
core   0: 0 0x80006f4e (0x06868597) x11 0x8686ef4e
core   0: 0x80006f52 (0x00000001) c.nop
core   0: 0 0x80006f52 (0x0001)
core   0: 0x80006f54 (0x030de1b3) rem     gp, s11, a6
core   0: 0 0x80006f54 (0x030de1b3) x3  0x00000000
core   0: 0x80006f58 (0x3bd70c37) lui     s8, 0x3bd70
core   0: 0 0x80006f58 (0x3bd70c37) x24 0x3bd70000
core   0: 0x80006f5c (0x00597463) bgeu    s2, t0, pc + 8
core   0: 0 0x80006f5c (0x00597463)
core   0: 0x80006f64 (0x0155f2b3) and     t0, a1, s5
core   0: 0 0x80006f64 (0x0155f2b3) x5  0x0000000e
core   0: 0x80006f68 (0x014e2433) slt     s0, t3, s4
core   0: 0 0x80006f68 (0x014e2433) x8  0x00000001
core   0: 0x80006f6c (0xd162f393) andi    t2, t0, -746
core   0: 0 0x80006f6c (0xd162f393) x7  0x00000006
core   0: 0x80006f70 (0x00667963) bgeu    a2, t1, pc + 18
core   0: 0 0x80006f70 (0x00667963)
core   0: 0x80006f74 (0x40665b93) srai    s7, a2, 6
core   0: 0 0x80006f74 (0x40665b93) x23 0xfe0007f9
core   0: 0x80006f78 (0x0000018d) c.addi  gp, 3
core   0: 0 0x80006f78 (0x018d) x3  0x00000003
core   0: 0x80006f7a (0x06b2e993) ori     s3, t0, 107
core   0: 0 0x80006f7a (0x06b2e993) x19 0x0000006f
core   0: 0x80006f7e (0x000083bd) c.srli  a5, 15
core   0: 0 0x80006f7e (0x83bd) x15 0x00000000
core   0: 0x80006f80 (0x00001e7d) c.addi  t3, -1
core   0: 0 0x80006f80 (0x1e7d) x28 0xffffddd1
core   0: 0x80006f82 (0x03095563) bge     s2, a6, pc + 42
core   0: 0 0x80006f82 (0x03095563)
core   0: 0x80006fac (0x0000816d) c.srli  a0, 27
core   0: 0 0x80006fac (0x816d) x10 0x00000000
core   0: 0x80006fae (0x0332fc33) remu    s8, t0, s3
core   0: 0 0x80006fae (0x0332fc33) x24 0x0000000e
core   0: 0x80006fb2 (0x000005c2) c.slli  a1, 16
core   0: 0 0x80006fb2 (0x05c2) x11 0xef4e0000
core   0: 0x80006fb4 (0x00006fa9) c.lui   t6, 0xa
core   0: 0 0x80006fb4 (0x6fa9) x31 0x0000a000
core   0: 0x80006fb6 (0x0000036e) c.slli  t1, 27
core   0: 0 0x80006fb6 (0x036e) x6  0xe8000000
core   0: 0x80006fb8 (0x000080f9) c.srli  s1, 30
core   0: 0 0x80006fb8 (0x80f9) x9  0x00000003
core   0: 0x80006fba (0x00009d76) c.add   s10, t4
core   0: 0 0x80006fba (0x9d76) x26 0xc0000000
core   0: 0x80006fbc (0x02a9b0b3) mulhu   ra, s3, a0
core   0: 0 0x80006fbc (0x02a9b0b3) x1  0x00000000
core   0: 0x80006fc0 (0x05f08763) beq     ra, t6, pc + 78
core   0: 0 0x80006fc0 (0x05f08763)
core   0: 0x80006fc4 (0x049ef663) bgeu    t4, s1, pc + 76
core   0: 0 0x80006fc4 (0x049ef663)
core   0: 0x80006fc8 (0x02d501b3) mul     gp, a0, a3
core   0: 0 0x80006fc8 (0x02d501b3) x3  0x00000000
core   0: 0x80006fcc (0x004000ef) jal     pc + 0x4
core   0: 0 0x80006fcc (0x004000ef) x1  0x80006fd0
core   0: 0x80006fd0 (0x0000a011) c.j     pc + 4
core   0: 0 0x80006fd0 (0xa011)
core   0: 0x80006fd4 (0x00002801) c.jal   pc + 16
core   0: 0 0x80006fd4 (0x2801) x1  0x80006fd6
core   0: 0x80006fe4 (0x00002801) c.jal   pc + 16
core   0: 0 0x80006fe4 (0x2801) x1  0x80006fe6
core   0: 0x80006ff4 (0x0000bffd) c.j     pc - 2
core   0: 0 0x80006ff4 (0xbffd)
core   0: 0x80006ff2 (0x0000bfe5) c.j     pc - 8
core   0: 0 0x80006ff2 (0xbfe5)
core   0: 0x80006fea (0xff7ff0ef) jal     pc - 0xa
core   0: 0 0x80006fea (0xff7ff0ef) x1  0x80006fee
core   0: 0x80006fe0 (0xff3ff0ef) jal     pc - 0xe
core   0: 0 0x80006fe0 (0xff3ff0ef) x1  0x80006fe4
core   0: 0x80006fd2 (0x0000a019) c.j     pc + 6
core   0: 0 0x80006fd2 (0xa019)
core   0: 0x80006fd8 (0x00e0036f) jal     t1, pc + 0xe
core   0: 0 0x80006fd8 (0x00e0036f) x6  0x80006fdc
core   0: 0x80006fe6 (0x01200e6f) jal     t3, pc + 0x12
core   0: 0 0x80006fe6 (0x01200e6f) x28 0x80006fea
core   0: 0x80006ff8 (0xfffff3ef) jal     t2, pc - 0x2
core   0: 0 0x80006ff8 (0xfffff3ef) x7  0x80006ffc
core   0: 0x80006ff6 (0x0000bfe5) c.j     pc - 8
core   0: 0 0x80006ff6 (0xbfe5)
core   0: 0x80006fee (0x000037e5) c.jal   pc - 24
core   0: 0 0x80006fee (0x37e5) x1  0x80006ff0
core   0: 0x80006fd6 (0x00002829) c.jal   pc + 26
core   0: 0 0x80006fd6 (0x2829) x1  0x80006fd8
core   0: 0x80006ff0 (0x000037f5) c.jal   pc - 20
core   0: 0 0x80006ff0 (0x37f5) x1  0x80006ff2
core   0: 0x80006fdc (0x020000ef) jal     pc + 0x20
core   0: 0 0x80006fdc (0x020000ef) x1  0x80006fe0
core   0: 0x80006ffc (0x416bdf13) srai    t5, s7, 22
core   0: 0 0x80006ffc (0x416bdf13) x30 0xfffffff8
core   0: 0x80007000 (0x009ee793) ori     a5, t4, 9
core   0: 0 0x80007000 (0x009ee793) x15 0x00000009
core   0: 0x80007004 (0x9a40a393) slti    t2, ra, -1628
core   0: 0 0x80007004 (0x9a40a393) x7  0x00000001
core   0: 0x80007008 (0x0000100f) fence.i
core   0: 0 0x80007008 (0x0000100f)
core   0: 0x8000700c (0x0000e19d) c.bnez  a1, pc + 38
core   0: 0 0x8000700c (0xe19d)
core   0: 0x80007032 (0xeefe3b13) sltiu   s6, t3, -273
core   0: 0 0x80007032 (0xeefe3b13) x22 0x00000001
core   0: 0x80007036 (0x00008392) c.mv    t2, tp
core   0: 0 0x80007036 (0x8392) x7  0x00000000
core   0: 0x80007038 (0x403ed9b3) sra     s3, t4, gp
core   0: 0 0x80007038 (0x403ed9b3) x19 0x00000000
core   0: 0x8000703c (0x02b07363) bgeu    zero, a1, pc + 38
core   0: 0 0x8000703c (0x02b07363)
core   0: 0x80007040 (0x00000001) c.nop
core   0: 0 0x80007040 (0x0001)
core   0: 0x80007042 (0x0be3f993) andi    s3, t2, 190
core   0: 0 0x80007042 (0x0be3f993) x19 0x00000000
core   0: 0x80007046 (0x01ebe1b3) or      gp, s7, t5
core   0: 0 0x80007046 (0x01ebe1b3) x3  0xfffffff9
core   0: 0x8000704a (0x01fc5ab3) srl     s5, s8, t6
core   0: 0 0x8000704a (0x01fc5ab3) x21 0x0000000e
core   0: 0x8000704e (0x010dc7b3) xor     a5, s11, a6
core   0: 0 0x8000704e (0x010dc7b3) x15 0xfffffffe
core   0: 0x80007052 (0x03e979b3) remu    s3, s2, t5
core   0: 0 0x80007052 (0x03e979b3) x19 0x00000372
core   0: 0x80007056 (0x00e49813) slli    a6, s1, 14
core   0: 0 0x80007056 (0x00e49813) x16 0x0000c000
core   0: 0x8000705a (0x1f6bdc37) lui     s8, 0x1f6bd
core   0: 0 0x8000705a (0x1f6bdc37) x24 0x1f6bd000
core   0: 0x8000705e (0x02ffb333) mulhu   t1, t6, a5
core   0: 0 0x8000705e (0x02ffb333) x6  0x00009fff
core   0: 0x80007062 (0x02e234b3) mulhu   s1, tp, a4
core   0: 0 0x80007062 (0x02e234b3) x9  0x00000000
core   0: 0x80007066 (0x01731f33) sll     t5, t1, s7
core   0: 0 0x80007066 (0x01731f33) x30 0xfe000000
core   0: 0x8000706a (0x000082d9) c.srli  a3, 22
core   0: 0 0x8000706a (0x82d9) x13 0x000003eb
core   0: 0x8000706c (0xaa632d93) slti    s11, t1, -1370
core   0: 0 0x8000706c (0xaa632d93) x27 0x00000000
core   0: 0x80007070 (0x00004e8d) c.li    t4, 3
core   0: 0 0x80007070 (0x4e8d) x29 0x00000003
core   0: 0x80007072 (0x2ce63413) sltiu   s0, a2, 718
core   0: 0 0x80007072 (0x2ce63413) x8  0x00000000
core   0: 0x80007076 (0x037871b3) remu    gp, a6, s7
core   0: 0 0x80007076 (0x037871b3) x3  0x0000c000
core   0: 0x8000707a (0x000008a1) c.addi  a7, 8
core   0: 0 0x8000707a (0x08a1) x17 0x00000007
core   0: 0x8000707c (0x0000cc91) c.beqz  s1, pc + 28
core   0: 0 0x8000707c (0xcc91)
core   0: 0x80007098 (0x0000037a) c.slli  t1, 30
core   0: 0 0x80007098 (0x037a) x6  0xc0000000
core   0: 0x8000709a (0x0075d263) bge     a1, t2, pc + 4
core   0: 0 0x8000709a (0x0075d263)
core   0: 0x8000709e (0x006c68b3) or      a7, s8, t1
core   0: 0 0x8000709e (0x006c68b3) x17 0xdf6bd000
core   0: 0x800070a2 (0x00497b63) bgeu    s2, tp, pc + 22
core   0: 0 0x800070a2 (0x00497b63)
core   0: 0x800070b8 (0x00008fb9) c.xor   a5, a4
core   0: 0 0x800070b8 (0x8fb9) x15 0x7ffdc31a
core   0: 0x800070ba (0x73966013) ori     zero, a2, 1849
core   0: 0 0x800070ba (0x73966013)
core   0: 0x800070be (0x01bd0363) beq     s10, s11, pc + 6
core   0: 0 0x800070be (0x01bd0363)
core   0: 0x800070c2 (0x00008879) c.andi  s0, 30
core   0: 0 0x800070c2 (0x8879) x8  0x00000000
core   0: 0x800070c4 (0x000098a6) c.add   a7, s1
core   0: 0 0x800070c4 (0x98a6) x17 0xdf6bd000
core   0: 0x800070c6 (0x30b0bc13) sltiu   s8, ra, 779
core   0: 0 0x800070c6 (0x30b0bc13) x24 0x00000000
core   0: 0x800070ca (0x01c31db3) sll     s11, t1, t3
core   0: 0 0x800070ca (0x01c31db3) x27 0x00000000
core   0: 0x800070ce (0x00008de5) c.and   a1, s1
core   0: 0 0x800070ce (0x8de5) x11 0x00000000
core   0: 0x800070d0 (0x024a0c33) mul     s8, s4, tp
core   0: 0 0x800070d0 (0x024a0c33) x24 0x00000000
core   0: 0x800070d4 (0x02019233) mulh    tp, gp, zero
core   0: 0 0x800070d4 (0x02019233) x4  0x00000000
core   0: 0x800070d8 (0x038bda63) bge     s7, s8, pc + 52
core   0: 0 0x800070d8 (0x038bda63)
core   0: 0x800070dc (0x005df033) and     zero, s11, t0
core   0: 0 0x800070dc (0x005df033)
core   0: 0x800070e0 (0x0130bc33) sltu    s8, ra, s3
core   0: 0 0x800070e0 (0x0130bc33) x24 0x00000000
core   0: 0x800070e4 (0x00000001) c.nop
core   0: 0 0x800070e4 (0x0001)
core   0: 0x800070e6 (0x008150b3) srl     ra, sp, s0
core   0: 0 0x800070e6 (0x008150b3) x1  0xf5e39895
core   0: 0x800070ea (0x00607b33) and     s6, zero, t1
core   0: 0 0x800070ea (0x00607b33) x22 0x00000000
core   0: 0x800070ee (0x0000041e) c.slli  s0, 7
core   0: 0 0x800070ee (0x041e) x8  0x00000000
core   0: 0x800070f0 (0x255eec93) ori     s9, t4, 597
core   0: 0 0x800070f0 (0x255eec93) x25 0x00000257
core   0: 0x800070f4 (0x8ff90393) addi    t2, s2, -1793
core   0: 0 0x800070f4 (0x8ff90393) x7  0xfffffc71
core   0: 0x800070f8 (0x02729933) mulh    s2, t0, t2
core   0: 0 0x800070f8 (0x02729933) x18 0xffffffff
core   0: 0x800070fc (0x02e6c8b3) div     a7, a3, a4
core   0: 0 0x800070fc (0x02e6c8b3) x17 0x00000000
core   0: 0x80007100 (0x3b2e6317) auipc   t1, 0x3b2e6
core   0: 0 0x80007100 (0x3b2e6317) x6  0xbb2ed100
core   0: 0x80007104 (0x0108dc33) srl     s8, a7, a6
core   0: 0 0x80007104 (0x0108dc33) x24 0x00000000
core   0: 0x80007108 (0x41aedab3) sra     s5, t4, s10
core   0: 0 0x80007108 (0x41aedab3) x21 0x00000003
core   0: 0x8000710c (0x6da9f237) lui     tp, 0x6da9f
core   0: 0 0x8000710c (0x6da9f237) x4  0x6da9f000
core   0: 0x80007110 (0x0a2b2513) slti    a0, s6, 162
core   0: 0 0x80007110 (0x0a2b2513) x10 0x00000001
core   0: 0x80007114 (0x00299563) bne     s3, sp, pc + 10
core   0: 0 0x80007114 (0x00299563)
core   0: 0x8000711e (0x12044413) xori    s0, s0, 288
core   0: 0 0x8000711e (0x12044413) x8  0x00000120
core   0: 0x80007122 (0x0300bb33) mulhu   s6, ra, a6
core   0: 0 0x80007122 (0x0300bb33) x22 0x0000b86a
core   0: 0x80007126 (0x031224b3) mulhsu  s1, tp, a7
core   0: 0 0x80007126 (0x031224b3) x9  0x00000000
core   0: 0x8000712a (0x0102dd13) srli    s10, t0, 16
core   0: 0 0x8000712a (0x0102dd13) x26 0x00000000
core   0: 0x8000712e (0x00008fc1) c.or    a5, s0
core   0: 0 0x8000712e (0x8fc1) x15 0x7ffdc33a
core   0: 0x80007130 (0x0063d213) srli    tp, t2, 6
core   0: 0 0x80007130 (0x0063d213) x4  0x03fffff1
core   0: 0x80007134 (0x00009d0e) c.add   s10, gp
core   0: 0 0x80007134 (0x9d0e) x26 0x0000c000
core   0: 0x80007136 (0x00008929) c.andi  a0, 10
core   0: 0 0x80007136 (0x8929) x10 0x00000000
core   0: 0x80007138 (0x00008ae9) c.andi  a3, 26
core   0: 0 0x80007138 (0x8ae9) x13 0x0000000a
core   0: 0x8000713a (0x00008c09) c.sub   s0, a0
core   0: 0 0x8000713a (0x8c09) x8  0x00000120
core   0: 0x8000713c (0xb5802313) slti    t1, zero, -1192
core   0: 0 0x8000713c (0xb5802313) x6  0x00000000
core   0: 0x80007140 (0x01134433) xor     s0, t1, a7
core   0: 0 0x80007140 (0x01134433) x8  0x00000000
core   0: 0x80007144 (0xa7eac697) auipc   a3, 0xa7eac
core   0: 0 0x80007144 (0xa7eac697) x13 0x27eb3144
core   0: 0x80007148 (0x00008111) c.srli  a0, 4
core   0: 0 0x80007148 (0x8111) x10 0x00000000
core   0: 0x8000714a (0x00008075) c.srli  s0, 29
core   0: 0 0x8000714a (0x8075) x8  0x00000000
core   0: 0x8000714c (0x023ba333) mulhsu  t1, s7, gp
core   0: 0 0x8000714c (0x023ba333) x6  0xfffffe80
core   0: 0x80007150 (0x00008d45) c.or    a0, s1
core   0: 0 0x80007150 (0x8d45) x10 0x00000000
core   0: 0x80007152 (0x00008c1a) c.mv    s8, t1
core   0: 0 0x80007152 (0x8c1a) x24 0xfffffe80
core   0: 0x80007154 (0x00000001) c.nop
core   0: 0 0x80007154 (0x0001)
core   0: 0x80007156 (0x00654033) xor     zero, a0, t1
core   0: 0 0x80007156 (0x00654033)
core   0: 0x8000715a (0x00008312) c.mv    t1, tp
core   0: 0 0x8000715a (0x8312) x6  0x03fffff1
core   0: 0x8000715c (0x24638d13) addi    s10, t2, 582
core   0: 0 0x8000715c (0x24638d13) x26 0xfffffeb7
core   0: 0x80007160 (0x81852a13) slti    s4, a0, -2024
core   0: 0 0x80007160 (0x81852a13) x20 0x00000000
core   0: 0x80007164 (0x73faae93) slti    t4, s5, 1855
core   0: 0 0x80007164 (0x73faae93) x29 0x00000001
core   0: 0x80007168 (0x01ee9313) slli    t1, t4, 30
core   0: 0 0x80007168 (0x01ee9313) x6  0x40000000
core   0: 0x8000716c (0x00008fb1) c.xor   a5, a2
core   0: 0 0x8000716c (0x8fb1) x15 0xfffc3d76
core   0: 0x8000716e (0x01ebf233) and     tp, s7, t5
core   0: 0 0x8000716e (0x01ebf233) x4  0xfe000000
core   0: 0x80007172 (0x020b7063) bgeu    s6, zero, pc + 32
core   0: 0 0x80007172 (0x020b7063)
core   0: 0x80007192 (0x400c5ab3) sra     s5, s8, zero
core   0: 0 0x80007192 (0x400c5ab3) x21 0xfffffe80
core   0: 0x80007196 (0x031e3ab3) mulhu   s5, t3, a7
core   0: 0 0x80007196 (0x031e3ab3) x21 0x00000000
core   0: 0x8000719a (0x00000001) c.nop
core   0: 0 0x8000719a (0x0001)
core   0: 0x8000719c (0x00000001) c.nop
core   0: 0 0x8000719c (0x0001)
core   0: 0x8000719e (0x926add17) auipc   s10, 0x926ad
core   0: 0 0x8000719e (0x926add17) x26 0x126b419e
core   0: 0x800071a2 (0x405d52b3) sra     t0, s10, t0
core   0: 0 0x800071a2 (0x405d52b3) x5  0x000049ad
core   0: 0x800071a6 (0x00008c1e) c.mv    s8, t2
core   0: 0 0x800071a6 (0x8c1e) x24 0xfffffc71
core   0: 0x800071a8 (0x0ff0000f) fence   iorw,iorw
core   0: 0 0x800071a8 (0x0ff0000f)
core   0: 0x800071ac (0x0358e8b3) rem     a7, a7, s5
core   0: 0 0x800071ac (0x0358e8b3) x17 0x00000000
core   0: 0x800071b0 (0x00004dd5) c.li    s11, 21
core   0: 0 0x800071b0 (0x4dd5) x27 0x00000015
core   0: 0x800071b2 (0x4c610313) addi    t1, sp, 1222
core   0: 0 0x800071b2 (0x4c610313) x6  0xf5e39d5b
core   0: 0x800071b6 (0x00009cce) c.add   s9, s3
core   0: 0 0x800071b6 (0x9cce) x25 0x000005c9
core   0: 0x800071b8 (0x03ca5a63) bge     s4, t3, pc + 52
core   0: 0 0x800071b8 (0x03ca5a63)
core   0: 0x800071ec (0x00000001) c.nop
core   0: 0 0x800071ec (0x0001)
core   0: 0x800071ee (0x00f21c13) slli    s8, tp, 15
core   0: 0 0x800071ee (0x00f21c13) x24 0x00000000
core   0: 0x800071f2 (0x0000cc01) c.beqz  s0, pc + 24
core   0: 0 0x800071f2 (0xcc01)
core   0: 0x8000720a (0x006754b3) srl     s1, a4, t1
core   0: 0 0x8000720a (0x006754b3) x9  0x00000010
core   0: 0x8000720e (0x00009b1a) c.add   s6, t1
core   0: 0 0x8000720e (0x9b1a) x22 0xf5e455c5
core   0: 0x80007210 (0x038a4463) blt     s4, s8, pc + 40
core   0: 0 0x80007210 (0x038a4463)
core   0: 0x80007214 (0x0000eb91) c.bnez  a5, pc + 20
core   0: 0 0x80007214 (0xeb91)
core   0: 0x80007228 (0x01c2c333) xor     t1, t0, t3
core   0: 0 0x80007228 (0x01c2c333) x6  0x80002647
core   0: 0x8000722c (0x01956c33) or      s8, a0, s9
core   0: 0 0x8000722c (0x01956c33) x24 0x000005c9
core   0: 0x80007230 (0x01a7e463) bltu    a5, s10, pc + 8
core   0: 0 0x80007230 (0x01a7e463)
core   0: 0x80007234 (0x016f5313) srli    t1, t5, 22
core   0: 0 0x80007234 (0x016f5313) x6  0x000003f8
core   0: 0x80007238 (0xf18cb293) sltiu   t0, s9, -232
core   0: 0 0x80007238 (0xf18cb293) x5  0x00000001
core   0: 0x8000723c (0x7e7a8d93) addi    s11, s5, 2023
core   0: 0 0x8000723c (0x7e7a8d93) x27 0x000007e7
core   0: 0x80007240 (0x409e81b3) sub     gp, t4, s1
core   0: 0 0x80007240 (0x409e81b3) x3  0xfffffff1
core   0: 0x80007244 (0x02445eb3) divu    t4, s0, tp
core   0: 0 0x80007244 (0x02445eb3) x29 0x00000000
core   0: 0x80007248 (0x00008b89) c.andi  a5, 2
core   0: 0 0x80007248 (0x8b89) x15 0x00000002
core   0: 0x8000724a (0x000000d6) c.slli  ra, 21
core   0: 0 0x8000724a (0x00d6) x1  0x12a00000
core   0: 0x8000724c (0x0000ea81) c.bnez  a3, pc + 16
core   0: 0 0x8000724c (0xea81)
core   0: 0x8000725c (0x000000fe) c.slli  ra, 31
core   0: 0 0x8000725c (0x00fe) x1  0x00000000
core   0: 0x8000725e (0x00008db6) c.mv    s11, a3
core   0: 0 0x8000725e (0x8db6) x27 0x27eb3144
core   0: 0x80007260 (0x000098fd) c.andi  s1, -1
core   0: 0 0x80007260 (0x98fd) x9  0x00000010
core   0: 0x80007262 (0x419a0f33) sub     t5, s4, s9
core   0: 0 0x80007262 (0x419a0f33) x30 0xfffffa37
core   0: 0x80007266 (0x0074b4b3) sltu    s1, s1, t2
core   0: 0 0x80007266 (0x0074b4b3) x9  0x00000001
core   0: 0x8000726a (0x00008149) c.srli  a0, 18
core   0: 0 0x8000726a (0x8149) x10 0x00000000
core   0: 0x8000726c (0x00008acd) c.andi  a3, 19
core   0: 0 0x8000726c (0x8acd) x13 0x00000000
core   0: 0x8000726e (0x41df05b3) sub     a1, t5, t4
core   0: 0 0x8000726e (0x41df05b3) x11 0xfffffa37
core   0: 0x80007272 (0x022ac533) div     a0, s5, sp
core   0: 0 0x80007272 (0x022ac533) x10 0x00000000
core   0: 0x80007276 (0x00094833) xor     a6, s2, zero
core   0: 0 0x80007276 (0x00094833) x16 0xffffffff
core   0: 0x8000727a (0x00008c29) c.xor   s0, a0
core   0: 0 0x8000727a (0x8c29) x8  0x00000000
core   0: 0x8000727c (0x0000c40d) c.beqz  s0, pc + 42
core   0: 0 0x8000727c (0xc40d)
core   0: 0x800072a6 (0x02bbc833) div     a6, s7, a1
core   0: 0 0x800072a6 (0x02bbc833) x16 0x0000587f
core   0: 0x800072aa (0x0000100f) fence.i
core   0: 0 0x800072aa (0x0000100f)
core   0: 0x800072ae (0x00006c95) c.lui   s9, 0x5
core   0: 0 0x800072ae (0x6c95) x25 0x00005000
core   0: 0x800072b0 (0x00006fa5) c.lui   t6, 0x9
core   0: 0 0x800072b0 (0x6fa5) x31 0x00009000
core   0: 0x800072b2 (0x0162da93) srli    s5, t0, 22
core   0: 0 0x800072b2 (0x0162da93) x21 0x00000000
core   0: 0x800072b6 (0x02119063) bne     gp, ra, pc + 32
core   0: 0 0x800072b6 (0x02119063)
core   0: 0x800072d6 (0x006eed63) bltu    t4, t1, pc + 26
core   0: 0 0x800072d6 (0x006eed63)
core   0: 0x800072f0 (0x17318397) auipc   t2, 0x17318
core   0: 0 0x800072f0 (0x17318397) x7  0x9731f2f0
core   0: 0x800072f4 (0x00008d25) c.xor   a0, s1
core   0: 0 0x800072f4 (0x8d25) x10 0x00000001
core   0: 0x800072f6 (0x000083da) c.mv    t2, s6
core   0: 0 0x800072f6 (0x83da) x7  0xf5e455c5
core   0: 0x800072f8 (0x40a75a33) sra     s4, a4, a0
core   0: 0 0x800072f8 (0x40a75a33) x20 0xc0011e72
core   0: 0x800072fc (0x00794533) xor     a0, s2, t2
core   0: 0 0x800072fc (0x00794533) x10 0x0a1baa3a
core   0: 0x80007300 (0x0000849e) c.mv    s1, t2
core   0: 0 0x80007300 (0x849e) x9  0xf5e455c5
core   0: 0x80007302 (0x03baff63) bgeu    s5, s11, pc + 62
core   0: 0 0x80007302 (0x03baff63)
core   0: 0x80007306 (0x054f8863) beq     t6, s4, pc + 80
core   0: 0 0x80007306 (0x054f8863)
core   0: 0x8000730a (0x0269a4b3) mulhsu  s1, s3, t1
core   0: 0 0x8000730a (0x0269a4b3) x9  0x00000000
core   0: 0x8000730e (0x005dbab3) sltu    s5, s11, t0
core   0: 0 0x8000730e (0x005dbab3) x21 0x00000000
core   0: 0x80007312 (0x018000ef) jal     pc + 0x18
core   0: 0 0x80007312 (0x018000ef) x1  0x80007316
core   0: 0x8000732a (0x0000bfdd) c.j     pc - 10
core   0: 0 0x8000732a (0xbfdd)
core   0: 0x80007320 (0xffdff0ef) jal     pc - 0x4
core   0: 0 0x80007320 (0xffdff0ef) x1  0x80007324
core   0: 0x8000731c (0x0160036f) jal     t1, pc + 0x16
core   0: 0 0x8000731c (0x0160036f) x6  0x80007320
core   0: 0x80007332 (0xfffff36f) jal     t1, pc - 0x2
core   0: 0 0x80007332 (0xfffff36f) x6  0x80007336
core   0: 0x80007330 (0x0000a019) c.j     pc + 6
core   0: 0 0x80007330 (0xa019)
core   0: 0x80007336 (0x00003fdd) c.jal   pc - 10
core   0: 0 0x80007336 (0x3fdd) x1  0x80007338
core   0: 0x8000732c (0x0000b7ed) c.j     pc - 22
core   0: 0 0x8000732c (0xb7ed)
core   0: 0x80007316 (0x022000ef) jal     pc + 0x22
core   0: 0 0x80007316 (0x022000ef) x1  0x8000731a
core   0: 0x80007338 (0xff7ff36f) jal     t1, pc - 0xa
core   0: 0 0x80007338 (0xff7ff36f) x6  0x8000733c
core   0: 0x8000732e (0x0000bfed) c.j     pc - 6
core   0: 0 0x8000732e (0xbfed)
core   0: 0x80007328 (0x0000bff5) c.j     pc - 4
core   0: 0 0x80007328 (0xbff5)
core   0: 0x80007324 (0xff7ff36f) jal     t1, pc - 0xa
core   0: 0 0x80007324 (0xff7ff36f) x6  0x80007328
core   0: 0x8000731a (0x0000a00d) c.j     pc + 34
core   0: 0 0x8000731a (0xa00d)
core   0: 0x8000733c (0x01f4ff33) and     t5, s1, t6
core   0: 0 0x8000733c (0x01f4ff33) x30 0x00000000
core   0: 0x80007340 (0x0000807d) c.srli  s0, 31
core   0: 0 0x80007340 (0x807d) x8  0x00000000
core   0: 0x80007342 (0x40a051b3) sra     gp, zero, a0
core   0: 0 0x80007342 (0x40a051b3) x3  0x00000000
core   0: 0x80007346 (0x03379033) mulh    zero, a5, s3
core   0: 0 0x80007346 (0x03379033)
core   0: 0x8000734a (0x000086c1) c.srai  a3, 16
core   0: 0 0x8000734a (0x86c1) x13 0x00000000
core   0: 0x8000734c (0x02c1f9b3) remu    s3, gp, a2
core   0: 0 0x8000734c (0x02c1f9b3) x19 0x00000000
core   0: 0x80007350 (0x00006529) c.lui   a0, 0xa
core   0: 0 0x80007350 (0x6529) x10 0x0000a000
core   0: 0x80007352 (0x419101b3) sub     gp, sp, s9
core   0: 0 0x80007352 (0x419101b3) x3  0xf5e34895
core   0: 0x80007356 (0x0000813d) c.srli  a0, 15
core   0: 0 0x80007356 (0x813d) x10 0x00000001
core   0: 0x80007358 (0x00008fdd) c.or    a5, a5
core   0: 0 0x80007358 (0x8fdd) x15 0x00000002
core   0: 0x8000735a (0x6fdb1517) auipc   a0, 0x6fdb1
core   0: 0 0x8000735a (0x6fdb1517) x10 0xefdb835a
core   0: 0x8000735e (0x0000c021) c.beqz  s0, pc + 64
core   0: 0 0x8000735e (0xc021)
core   0: 0x8000739e (0x401404b3) sub     s1, s0, ra
core   0: 0 0x8000739e (0x401404b3) x9  0x7fff8ce6
core   0: 0x800073a2 (0x015dbcb3) sltu    s9, s11, s5
core   0: 0 0x800073a2 (0x015dbcb3) x25 0x00000000
core   0: 0x800073a6 (0x00008f91) c.sub   a5, a2
core   0: 0 0x800073a6 (0x8f91) x15 0x7ffe01b6
core   0: 0x800073a8 (0x0216bb33) mulhu   s6, a3, ra
core   0: 0 0x800073a8 (0x0216bb33) x22 0x00000000
core   0: 0x800073ac (0x011e3b33) sltu    s6, t3, a7
core   0: 0 0x800073ac (0x011e3b33) x22 0x00000000
core   0: 0x800073b0 (0x0ff0000f) fence   iorw,iorw
core   0: 0 0x800073b0 (0x0ff0000f)
core   0: 0x800073b4 (0x01af7a33) and     s4, t5, s10
core   0: 0 0x800073b4 (0x01af7a33) x20 0x00000000
core   0: 0x800073b8 (0x03081fb3) mulh    t6, a6, a6
core   0: 0 0x800073b8 (0x03081fb3) x31 0x00000000
core   0: 0x800073bc (0x00cd4463) blt     s10, a2, pc + 8
core   0: 0 0x800073bc (0x00cd4463)
core   0: 0x800073c0 (0x01e0cc63) blt     ra, t5, pc + 24
core   0: 0 0x800073c0 (0x01e0cc63)
core   0: 0x800073d8 (0x00008fbd) c.xor   a5, a5
core   0: 0 0x800073d8 (0x8fbd) x15 0x00000000
core   0: 0x800073da (0x025642b3) div     t0, a2, t0
core   0: 0 0x800073da (0x025642b3) x5  0x8001fe4c
core   0: 0x800073de (0x000048a1) c.li    a7, 8
core   0: 0 0x800073de (0x48a1) x17 0x00000008
core   0: 0x800073e0 (0x40698233) sub     tp, s3, t1
core   0: 0 0x800073e0 (0x40698233) x4  0x7fff8cd8
core   0: 0x800073e4 (0x0ff0000f) fence   iorw,iorw
core   0: 0 0x800073e4 (0x0ff0000f)
core   0: 0x800073e8 (0x00fe5d93) srli    s11, t3, 15
core   0: 0 0x800073e8 (0x00fe5d93) x27 0x00010000
core   0: 0x800073ec (0x036d8533) mul     a0, s11, s6
core   0: 0 0x800073ec (0x036d8533) x10 0x00000000
core   0: 0x800073f0 (0xb2f28a13) addi    s4, t0, -1233
core   0: 0 0x800073f0 (0xb2f28a13) x20 0x8001f97b
core   0: 0x800073f4 (0x29487993) andi    s3, a6, 660
core   0: 0 0x800073f4 (0x29487993) x19 0x00000014
core   0: 0x800073f8 (0x03c7f433) remu    s0, a5, t3
core   0: 0 0x800073f8 (0x03c7f433) x8  0x00000000
core   0: 0x800073fc (0x0392dfb3) divu    t6, t0, s9
core   0: 0 0x800073fc (0x0392dfb3) x31 0xffffffff
core   0: 0x80007400 (0x8f156793) ori     a5, a0, -1807
core   0: 0 0x80007400 (0x8f156793) x15 0xfffff8f1
core   0: 0x80007404 (0x41b908b3) sub     a7, s2, s11
core   0: 0 0x80007404 (0x41b908b3) x17 0xfffeffff
core   0: 0x80007408 (0x021bbeb3) mulhu   t4, s7, ra
core   0: 0 0x80007408 (0x021bbeb3) x29 0x7f007630
core   0: 0x8000740c (0x00008c0a) c.mv    s8, sp
core   0: 0 0x8000740c (0x8c0a) x24 0xf5e39895
core   0: 0x8000740e (0x1b318db7) lui     s11, 0x1b318
core   0: 0 0x8000740e (0x1b318db7) x27 0x1b318000
core   0: 0x80007412 (0x00389263) bne     a7, gp, pc + 4
core   0: 0 0x80007412 (0x00389263)
core   0: 0x80007416 (0x01de1e63) bne     t3, t4, pc + 28
core   0: 0 0x80007416 (0x01de1e63)
core   0: 0x80007432 (0x00000001) c.nop
core   0: 0 0x80007432 (0x0001)
core   0: 0x80007434 (0x01129213) slli    tp, t0, 17
core   0: 0 0x80007434 (0x01129213) x4  0xfc980000
core   0: 0x80007438 (0x000017fd) c.addi  a5, -1
core   0: 0 0x80007438 (0x17fd) x15 0xfffff8f0
core   0: 0x8000743a (0x09eabc93) sltiu   s9, s5, 158
core   0: 0 0x8000743a (0x09eabc93) x25 0x00000001
core   0: 0x8000743e (0x02ef9563) bne     t6, a4, pc + 42
core   0: 0 0x8000743e (0x02ef9563)
core   0: 0x80007468 (0x03c1d363) bge     gp, t3, pc + 38
core   0: 0 0x80007468 (0x03c1d363)
core   0: 0x8000748e (0x65f4e013) ori     zero, s1, 1631
core   0: 0 0x8000748e (0x65f4e013)
core   0: 0x80007492 (0x0280ab33) mulhsu  s6, ra, s0
core   0: 0 0x80007492 (0x0280ab33) x22 0x00000000
core   0: 0x80007496 (0x00635b93) srli    s7, t1, 6
core   0: 0 0x80007496 (0x00635b93) x23 0x020001cc
core   0: 0x8000749a (0x037160b3) rem     ra, sp, s7
core   0: 0 0x8000749a (0x037160b3) x1  0xffe3a191
core   0: 0x8000749e (0x685f0093) addi    ra, t5, 1669
core   0: 0 0x8000749e (0x685f0093) x1  0x00000685
core   0: 0x800074a2 (0x019900b3) add     ra, s2, s9
core   0: 0 0x800074a2 (0x019900b3) x1  0x00000000
core   0: 0x800074a6 (0x00d5ed63) bltu    a1, a3, pc + 26
core   0: 0 0x800074a6 (0x00d5ed63)
core   0: 0x800074aa (0x000007dd) c.addi  a5, 23
core   0: 0 0x800074aa (0x07dd) x15 0xfffff907
core   0: 0x800074ac (0x00f25a63) bge     tp, a5, pc + 20
core   0: 0 0x800074ac (0x00f25a63)
core   0: 0x800074b0 (0x02b7e6b3) rem     a3, a5, a1
core   0: 0 0x800074b0 (0x02b7e6b3) x13 0xfffffed0
core   0: 0x800074b4 (0x00008e3a) c.mv    t3, a4
core   0: 0 0x800074b4 (0x8e3a) x28 0x80023ce4
core   0: 0x800074b6 (0x00f38963) beq     t2, a5, pc + 18
core   0: 0 0x800074b6 (0x00f38963)
core   0: 0x800074ba (0x0000022a) c.slli  tp, 10
core   0: 0 0x800074ba (0x022a) x4  0x60000000
core   0: 0x800074bc (0x0000ca99) c.beqz  a3, pc + 22
core   0: 0 0x800074bc (0xca99)
core   0: 0x800074be (0x00008aa9) c.andi  a3, 10
core   0: 0 0x800074be (0x8aa9) x13 0x00000000
core   0: 0x800074c0 (0xf3e58b13) addi    s6, a1, -194
core   0: 0 0x800074c0 (0xf3e58b13) x22 0xfffff975
core   0: 0x800074c4 (0x0fe19f17) auipc   t5, 0xfe19
core   0: 0 0x800074c4 (0x0fe19f17) x30 0x8fe204c4
core   0: 0x800074c8 (0x00008d2d) c.xor   a0, a1
core   0: 0 0x800074c8 (0x8d2d) x10 0xfffffa37
core   0: 0x800074ca (0x0263df33) divu    t5, t2, t1
core   0: 0 0x800074ca (0x0263df33) x30 0x00000001
core   0: 0x800074ce (0x01734b63) blt     t1, s7, pc + 22
core   0: 0 0x800074ce (0x01734b63)
core   0: 0x800074e4 (0x00008911) c.andi  a0, 4
core   0: 0 0x800074e4 (0x8911) x10 0x00000004
core   0: 0x800074e6 (0x034fc433) div     s0, t6, s4
core   0: 0 0x800074e6 (0x034fc433) x8  0x00000000
core   0: 0x800074ea (0x00008c51) c.or    s0, a2
core   0: 0 0x800074ea (0x8c51) x8  0x8001fe4c
core   0: 0x800074ec (0x02295763) bge     s2, sp, pc + 46
core   0: 0 0x800074ec (0x02295763)
core   0: 0x8000751a (0x014c5e63) bge     s8, s4, pc + 28
core   0: 0 0x8000751a (0x014c5e63)
core   0: 0x80007536 (0x005aca33) xor     s4, s5, t0
core   0: 0 0x80007536 (0x005aca33) x20 0x8001fe4c
core   0: 0x8000753a (0x88ba9497) auipc   s1, 0x88ba9
core   0: 0 0x8000753a (0x88ba9497) x9  0x08bb053a
core   0: 0x8000753e (0x00000001) c.nop
core   0: 0 0x8000753e (0x0001)
core   0: 0x80007540 (0xc5263213) sltiu   tp, a2, -942
core   0: 0 0x80007540 (0xc5263213) x4  0x00000001
core   0: 0x80007544 (0x00008c45) c.or    s0, s1
core   0: 0 0x80007544 (0x8c45) x8  0x88bbff7e
core   0: 0x80007546 (0x0000100f) fence.i
core   0: 0 0x80007546 (0x0000100f)
core   0: 0x8000754a (0x017d5413) srli    s0, s10, 23
core   0: 0 0x8000754a (0x017d5413) x8  0x00000024
core   0: 0x8000754e (0x406bdb13) srai    s6, s7, 6
core   0: 0 0x8000754e (0x406bdb13) x22 0x00080007
core   0: 0x80007552 (0x00008029) c.srli  s0, 10
core   0: 0 0x80007552 (0x8029) x8  0x00000000
core   0: 0x80007554 (0x00008cdd) c.or    s1, a5
core   0: 0 0x80007554 (0x8cdd) x9  0xfffffd3f
core   0: 0x80007556 (0x02d101b3) mul     gp, sp, a3
core   0: 0 0x80007556 (0x02d101b3) x3  0x00000000
core   0: 0x8000755a (0x0337c933) div     s2, a5, s3
core   0: 0 0x8000755a (0x0337c933) x18 0xffffffa7
core   0: 0x8000755e (0x0ff0000f) fence   iorw,iorw
core   0: 0 0x8000755e (0x0ff0000f)
core   0: 0x80007562 (0x03c159b3) divu    s3, sp, t3
core   0: 0 0x80007562 (0x03c159b3) x19 0x00000001
core   0: 0x80007566 (0x00ad1c33) sll     s8, s10, a0
core   0: 0 0x80007566 (0x00ad1c33) x24 0x26b419e0
core   0: 0x8000756a (0xf2b77f17) auipc   t5, 0xf2b77
core   0: 0 0x8000756a (0xf2b77f17) x30 0x72b7e56a
core   0: 0x8000756e (0x70eb8793) addi    a5, s7, 1806
core   0: 0 0x8000756e (0x70eb8793) x15 0x020008da
core   0: 0x80007572 (0x010a1863) bne     s4, a6, pc + 16
core   0: 0 0x80007572 (0x010a1863)
core   0: 0x80007582 (0x03c681b3) mul     gp, a3, t3
core   0: 0 0x80007582 (0x03c681b3) x3  0x00000000
core   0: 0x80007586 (0x00008105) c.srli  a0, 1
core   0: 0 0x80007586 (0x8105) x10 0x00000002
core   0: 0x80007588 (0x001ef433) and     s0, t4, ra
core   0: 0 0x80007588 (0x001ef433) x8  0x00000000
core   0: 0x8000758c (0x41b50b33) sub     s6, a0, s11
core   0: 0 0x8000758c (0x41b50b33) x22 0xe4ce8002
core   0: 0x80007590 (0x00000001) c.nop
core   0: 0 0x80007590 (0x0001)
core   0: 0x80007592 (0x4152d533) sra     a0, t0, s5
core   0: 0 0x80007592 (0x4152d533) x10 0x8001fe4c
core   0: 0x80007596 (0x0174db93) srli    s7, s1, 23
core   0: 0 0x80007596 (0x0174db93) x23 0x000001ff
core   0: 0x8000759a (0x686d3b13) sltiu   s6, s10, 1670
core   0: 0 0x8000759a (0x686d3b13) x22 0x00000000
core   0: 0x8000759e (0x021713b3) mulh    t2, a4, ra
core   0: 0 0x8000759e (0x021713b3) x7  0x00000000
core   0: 0x800075a2 (0x035f5863) bge     t5, s5, pc + 48
core   0: 0 0x800075a2 (0x035f5863)
core   0: 0x800075d2 (0x00008edd) c.or    a3, a5
core   0: 0 0x800075d2 (0x8edd) x13 0x020008da
core   0: 0x800075d4 (0x00761013) slli    zero, a2, 7
core   0: 0 0x800075d4 (0x00761013)
core   0: 0x800075d8 (0x2ab73893) sltiu   a7, a4, 683
core   0: 0 0x800075d8 (0x2ab73893) x17 0x00000000
core   0: 0x800075dc (0x404a0ab3) sub     s5, s4, tp
core   0: 0 0x800075dc (0x404a0ab3) x21 0x8001fe4b
core   0: 0x800075e0 (0x88064293) xori    t0, a2, -1920
core   0: 0 0x800075e0 (0x88064293) x5  0x7ffe06cc
core   0: 0x800075e4 (0x0000ea89) c.bnez  a3, pc + 18
core   0: 0 0x800075e4 (0xea89)
core   0: 0x800075f6 (0x3528cd13) xori    s10, a7, 850
core   0: 0 0x800075f6 (0x3528cd13) x26 0x00000352
core   0: 0x800075fa (0x00008d1d) c.sub   a0, a5
core   0: 0 0x800075fa (0x8d1d) x10 0x7e01f572
core   0: 0x800075fc (0x01189393) slli    t2, a7, 17
core   0: 0 0x800075fc (0x01189393) x7  0x00000000
core   0: 0x80007600 (0x000095c2) c.add   a1, a6
core   0: 0 0x80007600 (0x95c2) x11 0x000052b6
core   0: 0x80007602 (0x00008d01) c.sub   a0, s0
core   0: 0 0x80007602 (0x8d01) x10 0x7e01f572
core   0: 0x80007604 (0x0219dbb3) divu    s7, s3, ra
core   0: 0 0x80007604 (0x0219dbb3) x23 0xffffffff
core   0: 0x80007608 (0x06afb413) sltiu   s0, t6, 106
core   0: 0 0x80007608 (0x06afb413) x8  0x00000000
core   0: 0x8000760c (0x00008d15) c.sub   a0, a3
core   0: 0 0x8000760c (0x8d15) x10 0x7c01ec98
core   0: 0x8000760e (0xde10cd13) xori    s10, ra, -543
core   0: 0 0x8000760e (0xde10cd13) x26 0xfffffde1
core   0: 0x80007612 (0xfc6dff93) andi    t6, s11, -58
core   0: 0 0x80007612 (0xfc6dff93) x31 0x1b318000
core   0: 0x80007616 (0xfb5b6a13) ori     s4, s6, -75
core   0: 0 0x80007616 (0xfb5b6a13) x20 0xffffffb5
core   0: 0x8000761a (0x02267063) bgeu    a2, sp, pc + 32
core   0: 0 0x8000761a (0x02267063)
core   0: 0x8000761e (0x00006595) c.lui   a1, 0x5
core   0: 0 0x8000761e (0x6595) x11 0x00005000
core   0: 0x80007620 (0x00008fc5) c.or    a5, s1
core   0: 0 0x80007620 (0x8fc5) x15 0xfffffdff
core   0: 0x80007622 (0x00000001) c.nop
core   0: 0 0x80007622 (0x0001)
core   0: 0x80007624 (0x00bcccb3) xor     s9, s9, a1
core   0: 0 0x80007624 (0x00bcccb3) x25 0x00005001
core   0: 0x80007628 (0x03189163) bne     a7, a7, pc + 34
core   0: 0 0x80007628 (0x03189163)
core   0: 0x8000762c (0x027c2d33) mulhsu  s10, s8, t2
core   0: 0 0x8000762c (0x027c2d33) x26 0x00000000
core   0: 0x80007630 (0x034430b3) mulhu   ra, s0, s4
core   0: 0 0x80007630 (0x034430b3) x1  0x00000000
core   0: 0x80007634 (0x00004ced) c.li    s9, 27
core   0: 0 0x80007634 (0x4ced) x25 0x0000001b
core   0: 0x80007636 (0x00e3e6b3) or      a3, t2, a4
core   0: 0 0x80007636 (0x00e3e6b3) x13 0x80023ce4
core   0: 0x8000763a (0x00d41363) bne     s0, a3, pc + 6
core   0: 0 0x8000763a (0x00d41363)
core   0: 0x80007640 (0xee1b2a93) slti    s5, s6, -287
core   0: 0 0x80007640 (0xee1b2a93) x21 0x00000000
core   0: 0x80007644 (0x00008911) c.andi  a0, 4
core   0: 0 0x80007644 (0x8911) x10 0x00000000
core   0: 0x80007646 (0xc8978b93) addi    s7, a5, -887
core   0: 0 0x80007646 (0xc8978b93) x23 0xfffffa88
core   0: 0x8000764a (0x0126c463) blt     a3, s2, pc + 8
core   0: 0 0x8000764a (0x0126c463)
core   0: 0x80007652 (0x00009ca6) c.add   s9, s1
core   0: 0 0x80007652 (0x9ca6) x25 0xfffffd5a
core   0: 0x80007654 (0x0ff0000f) fence   iorw,iorw
core   0: 0 0x80007654 (0x0ff0000f)
core   0: 0x80007658 (0x0274d6b3) divu    a3, s1, t2
core   0: 0 0x80007658 (0x0274d6b3) x13 0xffffffff
core   0: 0x8000765c (0x03c79033) mulh    zero, a5, t3
core   0: 0 0x8000765c (0x03c79033)
core   0: 0x80007660 (0x000054fd) c.li    s1, -1
core   0: 0 0x80007660 (0x54fd) x9  0xffffffff
core   0: 0x80007662 (0x00008cf1) c.and   s1, a2
core   0: 0 0x80007662 (0x8cf1) x9  0x8001fe4c
core   0: 0x80007664 (0x00008f9d) c.sub   a5, a5
core   0: 0 0x80007664 (0x8f9d) x15 0x00000000
core   0: 0x80007666 (0x00008ea1) c.xor   a3, s0
core   0: 0 0x80007666 (0x8ea1) x13 0xffffffff
core   0: 0x80007668 (0xf256f797) auipc   a5, 0xf256f
core   0: 0 0x80007668 (0xf256f797) x15 0x72576668
core   0: 0x8000766c (0x0000ca99) c.beqz  a3, pc + 22
core   0: 0 0x8000766c (0xca99)
core   0: 0x8000766e (0x343fcd37) lui     s10, 0x343fc
core   0: 0 0x8000766e (0x343fcd37) x26 0x343fc000
core   0: 0x80007672 (0x00008411) c.srai  s0, 4
core   0: 0 0x80007672 (0x8411) x8  0x00000000
core   0: 0x80007674 (0x00008475) c.srai  s0, 29
core   0: 0 0x80007674 (0x8475) x8  0x00000000
core   0: 0x80007676 (0xdc937013) andi    zero, t1, -567
core   0: 0 0x80007676 (0xdc937013)
core   0: 0x8000767a (0x41c38433) sub     s0, t2, t3
core   0: 0 0x8000767a (0x41c38433) x8  0x7ffdc31c
core   0: 0x8000767e (0x03194463) blt     s2, a7, pc + 40
core   0: 0 0x8000767e (0x03194463)
core   0: 0x800076a6 (0x41365293) srai    t0, a2, 19
core   0: 0 0x800076a6 (0x41365293) x5  0xfffff000
core   0: 0x800076aa (0x0c9da493) slti    s1, s11, 201
core   0: 0 0x800076aa (0x0c9da493) x9  0x00000000
core   0: 0x800076ae (0x00000cf2) c.slli  s9, 28
core   0: 0 0x800076ae (0x0cf2) x25 0xa0000000
core   0: 0x800076b0 (0x00960333) add     t1, a2, s1
core   0: 0 0x800076b0 (0x00960333) x6  0x8001fe4c
core   0: 0x800076b4 (0x0000c485) c.beqz  s1, pc + 40
core   0: 0 0x800076b4 (0xc485)
core   0: 0x800076dc (0x2c170f13) addi    t5, a4, 705
core   0: 0 0x800076dc (0x2c170f13) x30 0x80023fa5
core   0: 0x800076e0 (0xa1f84993) xori    s3, a6, -1505
core   0: 0 0x800076e0 (0xa1f84993) x19 0xffffa260
core   0: 0x800076e4 (0x00a000ef) jal     pc + 0xa
core   0: 0 0x800076e4 (0x00a000ef) x1  0x800076e8
core   0: 0x800076ee (0x0000a029) c.j     pc + 10
core   0: 0 0x800076ee (0xa029)
core   0: 0x800076f8 (0x00003ff5) c.jal   pc - 4
core   0: 0 0x800076f8 (0x3ff5) x1  0x800076fa
core   0: 0x800076f4 (0xffdff2ef) jal     t0, pc - 0x4
core   0: 0 0x800076f4 (0xffdff2ef) x5  0x800076f8
core   0: 0x800076f0 (0x00c0046f) jal     s0, pc + 0xc
core   0: 0 0x800076f0 (0x00c0046f) x8  0x800076f4
core   0: 0x800076fc (0x00002011) c.jal   pc + 4
core   0: 0 0x800076fc (0x2011) x1  0x800076fe
core   0: 0x80007700 (0xfe9ff36f) jal     t1, pc - 0x18
core   0: 0 0x80007700 (0xfe9ff36f) x6  0x80007704
core   0: 0x800076e8 (0x00002809) c.jal   pc + 18
core   0: 0 0x800076e8 (0x2809) x1  0x800076ea
core   0: 0x800076fa (0x00002029) c.jal   pc + 10
core   0: 0 0x800076fa (0x2029) x1  0x800076fc
core   0: 0x80007704 (0x00003fed) c.jal   pc - 6
core   0: 0 0x80007704 (0x3fed) x1  0x80007706
core   0: 0x800076fe (0x0000b7f5) c.j     pc - 20
core   0: 0 0x800076fe (0xb7f5)
core   0: 0x800076ea (0x01c000ef) jal     pc + 0x1c
core   0: 0 0x800076ea (0x01c000ef) x1  0x800076ee
core   0: 0x80007706 (0x00008d89) c.sub   a1, a0
core   0: 0 0x80007706 (0x8d89) x11 0x00005000
core   0: 0x80007708 (0x06a54237) lui     tp, 0x6a54
core   0: 0 0x80007708 (0x06a54237) x4  0x06a54000
core   0: 0x8000770c (0x41fcdd93) srai    s11, s9, 31
core   0: 0 0x8000770c (0x41fcdd93) x27 0xffffffff
core   0: 0x80007710 (0x02913833) mulhu   a6, sp, s1
core   0: 0 0x80007710 (0x02913833) x16 0x00000000
core   0: 0x80007714 (0x00008cd5) c.or    s1, a3
core   0: 0 0x80007714 (0x8cd5) x9  0xffffffff
core   0: 0x80007716 (0x00008df1) c.and   a1, a2
core   0: 0 0x80007716 (0x8df1) x11 0x00005000
core   0: 0x80007718 (0x47603093) sltiu   ra, zero, 1142
core   0: 0 0x80007718 (0x47603093) x1  0x00000001
core   0: 0x8000771c (0x02ee1cb3) mulh    s9, t3, a4
core   0: 0 0x8000771c (0x02ee1cb3) x25 0x3ffdc321
core   0: 0x80007720 (0x00bc4e63) blt     s8, a1, pc + 28
core   0: 0 0x80007720 (0x00bc4e63)
core   0: 0x80007724 (0x0ff0000f) fence   iorw,iorw
core   0: 0 0x80007724 (0x0ff0000f)
core   0: 0x80007728 (0x0000843a) c.mv    s0, a4
core   0: 0 0x80007728 (0x843a) x8  0x80023ce4
core   0: 0x8000772a (0x00008ed1) c.or    a3, a2
core   0: 0 0x8000772a (0x8ed1) x13 0xffffffff
core   0: 0x8000772c (0x012ce4b3) or      s1, s9, s2
core   0: 0 0x8000772c (0x012ce4b3) x9  0xffffffa7
core   0: 0x80007730 (0x00000001) c.nop
core   0: 0 0x80007730 (0x0001)
core   0: 0x80007732 (0x03e27fb3) remu    t6, tp, t5
core   0: 0 0x80007732 (0x03e27fb3) x31 0x06a54000
core   0: 0x80007736 (0x00004f6d) c.li    t5, 27
core   0: 0 0x80007736 (0x4f6d) x30 0x0000001b
core   0: 0x80007738 (0x004dcc63) blt     s11, tp, pc + 24
core   0: 0 0x80007738 (0x004dcc63)
core   0: 0x80007750 (0xbb660b17) auipc   s6, 0xbb660
core   0: 0 0x80007750 (0xbb660b17) x22 0x3b667750
core   0: 0x80007754 (0x012ccc33) xor     s8, s9, s2
core   0: 0 0x80007754 (0x012ccc33) x24 0xc0023c86
core   0: 0x80007758 (0x03a00563) beq     zero, s10, pc + 42
core   0: 0 0x80007758 (0x03a00563)
core   0: 0x8000775c (0x01016c63) bltu    sp, a6, pc + 24
core   0: 0 0x8000775c (0x01016c63)
core   0: 0x80007760 (0x4bb06a93) ori     s5, zero, 1211
core   0: 0 0x80007760 (0x4bb06a93) x21 0x000004bb
core   0: 0x80007764 (0x6886b893) sltiu   a7, a3, 1672
core   0: 0 0x80007764 (0x6886b893) x17 0x00000000
core   0: 0x80007768 (0x01685a33) srl     s4, a6, s6
core   0: 0 0x80007768 (0x01685a33) x20 0x00000000
core   0: 0x8000776c (0xe2772293) slti    t0, a4, -473
core   0: 0 0x8000776c (0xe2772293) x5  0x00000001
core   0: 0x80007770 (0x00b13233) sltu    tp, sp, a1
core   0: 0 0x80007770 (0x00b13233) x4  0x00000000
core   0: 0x80007774 (0x03a2f2b3) remu    t0, t0, s10
core   0: 0 0x80007774 (0x03a2f2b3) x5  0x00000001
core   0: 0x80007778 (0x9e687593) andi    a1, a6, -1562
core   0: 0 0x80007778 (0x9e687593) x11 0x00000000
core   0: 0x8000777c (0x0eaa4b93) xori    s7, s4, 234
core   0: 0 0x8000777c (0x0eaa4b93) x23 0x000000ea
core   0: 0x80007780 (0x000086d9) c.srai  a3, 22
core   0: 0 0x80007780 (0x86d9) x13 0xffffffff
core   0: 0x80007782 (0x000018fd) c.addi  a7, -1
core   0: 0 0x80007782 (0x18fd) x17 0xffffffff
core   0: 0x80007784 (0x016e34b3) sltu    s1, t3, s6
core   0: 0 0x80007784 (0x016e34b3) x9  0x00000000
core   0: 0x80007788 (0x00008fb1) c.xor   a5, a2
core   0: 0 0x80007788 (0x8fb1) x15 0xf2569824
core   0: 0x8000778a (0x00000001) c.nop
core   0: 0 0x8000778a (0x0001)
core   0: 0x8000778c (0xfffae893) ori     a7, s5, -1
core   0: 0 0x8000778c (0xfffae893) x17 0xffffffff
core   0: 0x80007790 (0x0ff0000f) fence   iorw,iorw
core   0: 0 0x80007790 (0x0ff0000f)
core   0: 0x80007794 (0x00004a01) c.li    s4, 0
core   0: 0 0x80007794 (0x4a01) x20 0x00000000
core   0: 0x80007796 (0x00000001) c.nop
core   0: 0 0x80007796 (0x0001)
core   0: 0x80007798 (0x01254db3) xor     s11, a0, s2
core   0: 0 0x80007798 (0x01254db3) x27 0xffffffa7
core   0: 0x8000779c (0x0083d263) bge     t2, s0, pc + 4
core   0: 0 0x8000779c (0x0083d263)
core   0: 0x800077a0 (0x03da1a33) mulh    s4, s4, t4
core   0: 0 0x800077a0 (0x03da1a33) x20 0x00000000
core   0: 0x800077a4 (0x2821a213) slti    tp, gp, 642
core   0: 0 0x800077a4 (0x2821a213) x4  0x00000001
core   0: 0x800077a8 (0x00189363) bne     a7, ra, pc + 6
core   0: 0 0x800077a8 (0x00189363)
core   0: 0x800077ae (0xf984fa17) auipc   s4, 0xf984f
core   0: 0 0x800077ae (0xf984fa17) x20 0x798567ae
core   0: 0x800077b2 (0x02aaf0b3) remu    ra, s5, a0
core   0: 0 0x800077b2 (0x02aaf0b3) x1  0x000004bb
core   0: 0x800077b6 (0x40258fb3) sub     t6, a1, sp
core   0: 0 0x800077b6 (0x40258fb3) x31 0x0a1c676b
core   0: 0x800077ba (0x99203013) sltiu   zero, zero, -1646
core   0: 0 0x800077ba (0x99203013)
core   0: 0x800077be (0x00008cad) c.xor   s1, a1
core   0: 0 0x800077be (0x8cad) x9  0x00000000
core   0: 0x800077c0 (0x002668b3) or      a7, a2, sp
core   0: 0 0x800077c0 (0x002668b3) x17 0xf5e3fedd
core   0: 0x800077c4 (0x01820a63) beq     tp, s8, pc + 20
core   0: 0 0x800077c4 (0x01820a63)
core   0: 0x800077c8 (0x41f18333) sub     t1, gp, t6
core   0: 0 0x800077c8 (0x41f18333) x6  0xf5e39895
core   0: 0x800077cc (0x797a9097) auipc   ra, 0x797a9
core   0: 0 0x800077cc (0x797a9097) x1  0xf97b07cc
core   0: 0x800077d0 (0x0000082e) c.slli  a6, 11
core   0: 0 0x800077d0 (0x082e) x16 0x00000000
core   0: 0x800077d2 (0x40110db3) sub     s11, sp, ra
core   0: 0 0x800077d2 (0x40110db3) x27 0xfc6890c9
core   0: 0x800077d6 (0x0000e2b9) c.bnez  a3, pc + 70
core   0: 0 0x800077d6 (0xe2b9)
core   0: 0x8000781c (0x11106193) ori     gp, zero, 273
core   0: 0 0x8000781c (0x11106193) x3  0x00000111
core   0: 0x80007820 (0x01ef2db3) slt     s11, t5, t5
core   0: 0 0x80007820 (0x01ef2db3) x27 0x00000000
core   0: 0x80007824 (0x0254efb3) rem     t6, s1, t0
core   0: 0 0x80007824 (0x0254efb3) x31 0x00000000
core   0: 0x80007828 (0x01f07933) and     s2, zero, t6
core   0: 0 0x80007828 (0x01f07933) x18 0x00000000
core   0: 0x8000782c (0x000089e9) c.andi  a1, 26
core   0: 0 0x8000782c (0x89e9) x11 0x00000000
core   0: 0x8000782e (0x000044d9) c.li    s1, 22
core   0: 0 0x8000782e (0x44d9) x9  0x00000016
core   0: 0x80007830 (0x298417b7) lui     a5, 0x29841
core   0: 0 0x80007830 (0x298417b7) x15 0x29841000
core   0: 0x80007834 (0x00008d55) c.or    a0, a3
core   0: 0 0x80007834 (0x8d55) x10 0xffffffff
core   0: 0x80007836 (0x009f0ab3) add     s5, t5, s1
core   0: 0 0x80007836 (0x009f0ab3) x21 0x00000031
core   0: 0x8000783a (0x00000001) c.nop
core   0: 0 0x8000783a (0x0001)
core   0: 0x8000783c (0x00004c29) c.li    s8, 10
core   0: 0 0x8000783c (0x4c29) x24 0x0000000a
core   0: 0x8000783e (0x0032e933) or      s2, t0, gp
core   0: 0 0x8000783e (0x0032e933) x18 0x00000111
core   0: 0x80007842 (0x01cb2bb3) slt     s7, s6, t3
core   0: 0 0x80007842 (0x01cb2bb3) x23 0x00000000
core   0: 0x80007846 (0x00e15a13) srli    s4, sp, 14
core   0: 0 0x80007846 (0x00e15a13) x20 0x0003d78e
core   0: 0x8000784a (0x000051fd) c.li    gp, -1
core   0: 0 0x8000784a (0x51fd) x3  0xffffffff
core   0: 0x8000784c (0x0ff0000f) fence   iorw,iorw
core   0: 0 0x8000784c (0x0ff0000f)
core   0: 0x80007850 (0x03850eb3) mul     t4, a0, s8
core   0: 0 0x80007850 (0x03850eb3) x29 0xfffffff6
core   0: 0x80007854 (0x036e2fb3) mulhsu  t6, t3, s6
core   0: 0 0x80007854 (0x036e2fb3) x31 0xe24d4945
core   0: 0x80007858 (0x02faf813) andi    a6, s5, 47
core   0: 0 0x80007858 (0x02faf813) x16 0x00000021
core   0: 0x8000785c (0x00000001) c.nop
core   0: 0 0x8000785c (0x0001)
core   0: 0x8000785e (0x00008ef5) c.and   a3, a3
core   0: 0 0x8000785e (0x8ef5) x13 0xffffffff
core   0: 0x80007860 (0x0000cf91) c.beqz  a5, pc + 28
core   0: 0 0x80007860 (0xcf91)
core   0: 0x80007862 (0x0000803d) c.srli  s0, 15
core   0: 0 0x80007862 (0x803d) x8  0x00010004
core   0: 0x80007864 (0x028dd4b3) divu    s1, s11, s0
core   0: 0 0x80007864 (0x028dd4b3) x9  0x00000000
core   0: 0x80007868 (0x01107ab3) and     s5, zero, a7
core   0: 0 0x80007868 (0x01107ab3) x21 0x00000000
core   0: 0x8000786c (0x0ff0000f) fence   iorw,iorw
core   0: 0 0x8000786c (0x0ff0000f)
core   0: 0x80007870 (0x03a09c33) mulh    s8, ra, s10
core   0: 0 0x80007870 (0x03a09c33) x24 0xfeab5df8
core   0: 0x80007874 (0x02edf0b3) remu    ra, s11, a4
core   0: 0 0x80007874 (0x02edf0b3) x1  0x00000000
core   0: 0x80007878 (0x417a5893) srai    a7, s4, 23
core   0: 0 0x80007878 (0x417a5893) x17 0x00000000
core   0: 0x8000787c (0x03a81663) bne     a6, s10, pc + 44
core   0: 0 0x8000787c (0x03a81663)
core   0: 0x800078a8 (0x01982b33) slt     s6, a6, s9
core   0: 0 0x800078a8 (0x01982b33) x22 0x00000001
core   0: 0x800078ac (0x00008915) c.andi  a0, 5
core   0: 0 0x800078ac (0x8915) x10 0x00000005
core   0: 0x800078ae (0x038daab3) mulhsu  s5, s11, s8
core   0: 0 0x800078ae (0x038daab3) x21 0x00000000
core   0: 0x800078b2 (0x0000e799) c.bnez  a5, pc + 14
core   0: 0 0x800078b2 (0xe799)
core   0: 0x800078c0 (0x41bdd1b3) sra     gp, s11, s11
core   0: 0 0x800078c0 (0x41bdd1b3) x3  0x00000000
core   0: 0x800078c4 (0x28d98697) auipc   a3, 0x28d98
core   0: 0 0x800078c4 (0x28d98697) x13 0xa8d9f8c4
core   0: 0x800078c8 (0x01c5ad33) slt     s10, a1, t3
core   0: 0 0x800078c8 (0x01c5ad33) x26 0x00000000
core   0: 0x800078cc (0x00000001) c.nop
core   0: 0 0x800078cc (0x0001)
core   0: 0x800078ce (0x03b655b3) divu    a1, a2, s11
core   0: 0 0x800078ce (0x03b655b3) x11 0xffffffff
core   0: 0x800078d2 (0x0137e1b3) or      gp, a5, s3
core   0: 0 0x800078d2 (0x0137e1b3) x3  0xffffb260
core   0: 0x800078d6 (0x00005f7d) c.li    t5, -1
core   0: 0 0x800078d6 (0x5f7d) x30 0xffffffff
core   0: 0x800078d8 (0x9f26ff93) andi    t6, a3, -1550
core   0: 0 0x800078d8 (0x9f26ff93) x31 0xa8d9f8c0
core   0: 0x800078dc (0x775dc3b7) lui     t2, 0x775dc
core   0: 0 0x800078dc (0x775dc3b7) x7  0x775dc000
core   0: 0x800078e0 (0x03e35b63) bge     t1, t5, pc + 54
core   0: 0 0x800078e0 (0x03e35b63)
core   0: 0x800078e4 (0xcb364413) xori    s0, a2, -845
core   0: 0 0x800078e4 (0xcb364413) x8  0x7ffe02ff
core   0: 0x800078e8 (0x0ec93313) sltiu   t1, s2, 236
core   0: 0 0x800078e8 (0x0ec93313) x6  0x00000000
core   0: 0x800078ec (0x03dc92b3) mulh    t0, s9, t4
core   0: 0 0x800078ec (0x03dc92b3) x5  0xfffffffd
core   0: 0x800078f0 (0x0222e6b3) rem     a3, t0, sp
core   0: 0 0x800078f0 (0x0222e6b3) x13 0xfffffffd
core   0: 0x800078f4 (0x40ba5893) srai    a7, s4, 11
core   0: 0 0x800078f4 (0x40ba5893) x17 0x0000007a
core   0: 0x800078f8 (0x01161b33) sll     s6, a2, a7
core   0: 0 0x800078f8 (0x01161b33) x22 0x30000000
core   0: 0x800078fc (0x00008df1) c.and   a1, a2
core   0: 0 0x800078fc (0x8df1) x11 0x8001fe4c
core   0: 0x800078fe (0x01f9c033) xor     zero, s3, t6
core   0: 0 0x800078fe (0x01f9c033)
core   0: 0x80007902 (0x0102ea63) bltu    t0, a6, pc + 20
core   0: 0 0x80007902 (0x0102ea63)
core   0: 0x80007906 (0x00001c7d) c.addi  s8, -1
core   0: 0 0x80007906 (0x1c7d) x24 0xfeab5df7
core   0: 0x80007908 (0x036c01b3) mul     gp, s8, s6
core   0: 0 0x80007908 (0x036c01b3) x3  0x50000000
core   0: 0x8000790c (0x00008dad) c.xor   a1, a1
core   0: 0 0x8000790c (0x8dad) x11 0x00000000
core   0: 0x8000790e (0x02dacf33) div     t5, s5, a3
core   0: 0 0x8000790e (0x02dacf33) x30 0x00000000
core   0: 0x80007912 (0xd1bf4e97) auipc   t4, 0xd1bf4
core   0: 0 0x80007912 (0xd1bf4e97) x29 0x51bfb912
core   0: 0x80007916 (0x0ff0000f) fence   iorw,iorw
core   0: 0 0x80007916 (0x0ff0000f)
core   0: 0x8000791a (0x00008d25) c.xor   a0, s1
core   0: 0 0x8000791a (0x8d25) x10 0x00000005
core   0: 0x8000791c (0x366b0e93) addi    t4, s6, 870
core   0: 0 0x8000791c (0x366b0e93) x29 0x30000366
core   0: 0x80007920 (0x0335f533) remu    a0, a1, s3
core   0: 0 0x80007920 (0x0335f533) x10 0x00000000
core   0: 0x80007924 (0x40a052b3) sra     t0, zero, a0
core   0: 0 0x80007924 (0x40a052b3) x5  0x00000000
core   0: 0x80007928 (0x40795693) srai    a3, s2, 7
core   0: 0 0x80007928 (0x40795693) x13 0x00000002
core   0: 0x8000792c (0x020b14b3) mulh    s1, s6, zero
core   0: 0 0x8000792c (0x020b14b3) x9  0x00000000
core   0: 0x80007930 (0x012dd593) srli    a1, s11, 18
core   0: 0 0x80007930 (0x012dd593) x11 0x00000000
core   0: 0x80007934 (0x772a5217) auipc   tp, 0x772a5
core   0: 0 0x80007934 (0x772a5217) x4  0xf72ac934
core   0: 0x80007938 (0xb405ee17) auipc   t3, 0xb405e
core   0: 0 0x80007938 (0xb405ee17) x28 0x34065938
core   0: 0x8000793c (0x000088e9) c.andi  s1, 26
core   0: 0 0x8000793c (0x88e9) x9  0x00000000
core   0: 0x8000793e (0xb25b36b7) lui     a3, 0xb25b3
core   0: 0 0x8000793e (0xb25b36b7) x13 0xb25b3000
core   0: 0x80007942 (0x03685363) bge     a6, s6, pc + 38
core   0: 0 0x80007942 (0x03685363)
core   0: 0x80007946 (0x03f838b3) mulhu   a7, a6, t6
core   0: 0 0x80007946 (0x03f838b3) x17 0x00000015
core   0: 0x8000794a (0x0000883a) c.mv    a6, a4
core   0: 0 0x8000794a (0x883a) x16 0x80023ce4
core   0: 0x8000794c (0x00000001) c.nop
core   0: 0 0x8000794c (0x0001)
core   0: 0x8000794e (0x011f26b3) slt     a3, t5, a7
core   0: 0 0x8000794e (0x011f26b3) x13 0x00000001
core   0: 0x80007952 (0x247f6d13) ori     s10, t5, 583
core   0: 0 0x80007952 (0x247f6d13) x26 0x00000247
core   0: 0x80007956 (0x01c8db63) bge     a7, t3, pc + 22
core   0: 0 0x80007956 (0x01c8db63)
core   0: 0x8000795a (0x00008cf5) c.and   s1, a3
core   0: 0 0x8000795a (0x8cf5) x9  0x00000000
core   0: 0x8000795c (0x0000100f) fence.i
core   0: 0 0x8000795c (0x0000100f)
core   0: 0x80007960 (0x02745033) divu    zero, s0, t2
core   0: 0 0x80007960 (0x02745033)
core   0: 0x80007964 (0x0000e091) c.bnez  s1, pc + 4
core   0: 0 0x80007964 (0xe091)
core   0: 0x80007966 (0x00008f9d) c.sub   a5, a5
core   0: 0 0x80007966 (0x8f9d) x15 0x00000000
core   0: 0x80007968 (0x00035413) srli    s0, t1, 0
core   0: 0 0x80007968 (0x00035413) x8  0x00000000
core   0: 0x8000796c (0x0221d163) bge     gp, sp, pc + 34
core   0: 0 0x8000796c (0x0221d163)
core   0: 0x8000798e (0x000080e1) c.srli  s1, 24
core   0: 0 0x8000798e (0x80e1) x9  0x00000000
core   0: 0x80007990 (0x00008dd1) c.or    a1, a2
core   0: 0 0x80007990 (0x8dd1) x11 0x8001fe4c
core   0: 0x80007992 (0x02971f33) mulh    t5, a4, s1
core   0: 0 0x80007992 (0x02971f33) x30 0x00000000
core   0: 0x80007996 (0x022de663) bltu    s11, sp, pc + 44
core   0: 0 0x80007996 (0x022de663)
core   0: 0x800079c2 (0x00d6dd13) srli    s10, a3, 13
core   0: 0 0x800079c2 (0x00d6dd13) x26 0x00000000
core   0: 0x800079c6 (0x00099333) sll     t1, s3, zero
core   0: 0 0x800079c6 (0x00099333) x6  0xffffa260
core   0: 0x800079ca (0xe2634a13) xori    s4, t1, -474
core   0: 0 0x800079ca (0xe2634a13) x20 0x00005c46
core   0: 0x800079ce (0x03050a63) beq     a0, a6, pc + 52
core   0: 0 0x800079ce (0x03050a63)
core   0: 0x800079d2 (0x03ee22b3) mulhsu  t0, t3, t5
core   0: 0 0x800079d2 (0x03ee22b3) x5  0x00000000
core   0: 0x800079d6 (0x021a9a63) bne     s5, ra, pc + 52
core   0: 0 0x800079d6 (0x021a9a63)
core   0: 0x800079da (0x029e0833) mul     a6, t3, s1
core   0: 0 0x800079da (0x029e0833) x16 0x00000000
core   0: 0x800079de (0x011a25b3) slt     a1, s4, a7
core   0: 0 0x800079de (0x011a25b3) x11 0x00000000
core   0: 0x800079e2 (0x01780433) add     s0, a6, s7
core   0: 0 0x800079e2 (0x01780433) x8  0x00000000
core   0: 0x800079e6 (0x00008d2d) c.xor   a0, a1
core   0: 0 0x800079e6 (0x8d2d) x10 0x00000000
core   0: 0x800079e8 (0x7eedbd17) auipc   s10, 0x7eedb
core   0: 0 0x800079e8 (0x7eedbd17) x26 0xfeee29e8
core   0: 0x800079ec (0x018dff63) bgeu    s11, s8, pc + 30
core   0: 0 0x800079ec (0x018dff63)
core   0: 0x800079f0 (0x0000008a) c.slli  ra, 2
core   0: 0 0x800079f0 (0x008a) x1  0x00000000
core   0: 0x800079f2 (0x00d88233) add     tp, a7, a3
core   0: 0 0x800079f2 (0x00d88233) x4  0x00000016
core   0: 0x800079f6 (0x02585db3) divu    s11, a6, t0
core   0: 0 0x800079f6 (0x02585db3) x27 0xffffffff
core   0: 0x800079fa (0x2d3dba13) sltiu   s4, s11, 723
core   0: 0 0x800079fa (0x2d3dba13) x20 0x00000000
core   0: 0x800079fe (0x01228433) add     s0, t0, s2
core   0: 0 0x800079fe (0x01228433) x8  0x00000111
core   0: 0x80007a02 (0x00008f81) c.sub   a5, s0
core   0: 0 0x80007a02 (0x8f81) x15 0xfffffeef
core   0: 0x80007a04 (0x00008522) c.mv    a0, s0
core   0: 0 0x80007a04 (0x8522) x10 0x00000111
core   0: 0x80007a06 (0x7936f213) andi    tp, a3, 1939
core   0: 0 0x80007a06 (0x7936f213) x4  0x00000001
core   0: 0x80007a0a (0x44dc0b13) addi    s6, s8, 1101
core   0: 0 0x80007a0a (0x44dc0b13) x22 0xfeab6244
core   0: 0x80007a0e (0x00008429) c.srai  s0, 10
core   0: 0 0x80007a0e (0x8429) x8  0x00000000
core   0: 0x80007a10 (0x021c92b3) mulh    t0, s9, ra
core   0: 0 0x80007a10 (0x021c92b3) x5  0x00000000
core   0: 0x80007a14 (0x02258db3) mul     s11, a1, sp
core   0: 0 0x80007a14 (0x02258db3) x27 0x00000000
core   0: 0x80007a18 (0x03aaeb63) bltu    s5, s10, pc + 54
core   0: 0 0x80007a18 (0x03aaeb63)
core   0: 0x80007a4e (0x60cd1317) auipc   t1, 0x60cd1
core   0: 0 0x80007a4e (0x60cd1317) x6  0xe0cd8a4e
core   0: 0x80007a52 (0x00008ccd) c.or    s1, a1
core   0: 0 0x80007a52 (0x8ccd) x9  0x00000000
core   0: 0x80007a54 (0x0000c389) c.beqz  a5, pc + 2
core   0: 0 0x80007a54 (0xc389)
core   0: 0x80007a56 (0x0143f3b3) and     t2, t2, s4
core   0: 0 0x80007a56 (0x0143f3b3) x7  0x00000000
core   0: 0x80007a5a (0x0ff0000f) fence   iorw,iorw
core   0: 0 0x80007a5a (0x0ff0000f)
core   0: 0x80007a5e (0x02596033) rem     zero, s2, t0
core   0: 0 0x80007a5e (0x02596033)
core   0: 0x80007a62 (0x00008df9) c.and   a1, a4
core   0: 0 0x80007a62 (0x8df9) x11 0x00000000
core   0: 0x80007a64 (0xc348f293) andi    t0, a7, -972
core   0: 0 0x80007a64 (0xc348f293) x5  0x00000014
core   0: 0x80007a68 (0x00008dfd) c.and   a1, a5
core   0: 0 0x80007a68 (0x8dfd) x11 0x00000000
core   0: 0x80007a6a (0x00e18933) add     s2, gp, a4
core   0: 0 0x80007a6a (0x00e18933) x18 0xd0023ce4
core   0: 0x80007a6e (0x00008c41) c.or    s0, s0
core   0: 0 0x80007a6e (0x8c41) x8  0x00000000
core   0: 0x80007a70 (0x00004ad9) c.li    s5, 22
core   0: 0 0x80007a70 (0x4ad9) x21 0x00000016
core   0: 0x80007a72 (0x007a7333) and     t1, s4, t2
core   0: 0 0x80007a72 (0x007a7333) x6  0x00000000
core   0: 0x80007a76 (0x030d9563) bne     s11, a6, pc + 42
core   0: 0 0x80007a76 (0x030d9563)
core   0: 0x80007a7a (0x01c6b4b3) sltu    s1, a3, t3
core   0: 0 0x80007a7a (0x01c6b4b3) x9  0x00000001
core   0: 0x80007a7e (0x00ceba33) sltu    s4, t4, a2
core   0: 0 0x80007a7e (0x00ceba33) x20 0x00000001
core   0: 0x80007a82 (0x08564ab7) lui     s5, 0x8564
core   0: 0 0x80007a82 (0x08564ab7) x21 0x08564000
core   0: 0x80007a86 (0xf1ec2e93) slti    t4, s8, -226
core   0: 0 0x80007a86 (0xf1ec2e93) x29 0x00000001
core   0: 0x80007a8a (0x00008285) c.srli  a3, 1
core   0: 0 0x80007a8a (0x8285) x13 0x00000000
core   0: 0x80007a8c (0x03147363) bgeu    s0, a7, pc + 38
core   0: 0 0x80007a8c (0x03147363)
core   0: 0x80007a90 (0x0000028a) c.slli  t0, 2
core   0: 0 0x80007a90 (0x028a) x5  0x00000050
core   0: 0x80007a92 (0x00008e8a) c.mv    t4, sp
core   0: 0 0x80007a92 (0x8e8a) x29 0xf5e39895
core   0: 0x80007a94 (0x000085a9) c.srai  a1, 10
core   0: 0 0x80007a94 (0x85a9) x11 0x00000000
core   0: 0x80007a96 (0x00008f85) c.sub   a5, s1
core   0: 0 0x80007a96 (0x8f85) x15 0xfffffeee
core   0: 0x80007a98 (0x03fb8333) mul     t1, s7, t6
core   0: 0 0x80007a98 (0x03fb8333) x6  0x00000000
core   0: 0x80007a9c (0x01c45f93) srli    t6, s0, 28
core   0: 0 0x80007a9c (0x01c45f93) x31 0x00000000
core   0: 0x80007aa0 (0x003b5233) srl     tp, s6, gp
core   0: 0 0x80007aa0 (0x003b5233) x4  0xfeab6244
core   0: 0x80007aa4 (0x00008a86) c.mv    s5, ra
core   0: 0 0x80007aa4 (0x8a86) x21 0x00000000
core   0: 0x80007aa6 (0x0ff0000f) fence   iorw,iorw
core   0: 0 0x80007aa6 (0x0ff0000f)
core   0: 0x80007aaa (0x00008d89) c.sub   a1, a0
core   0: 0 0x80007aaa (0x8d89) x11 0xfffffeef
core   0: 0x80007aac (0x00008efd) c.and   a3, a5
core   0: 0 0x80007aac (0x8efd) x13 0x00000000
core   0: 0x80007aae (0x01e9b013) sltiu   zero, s3, 30
core   0: 0 0x80007aae (0x01e9b013)
core   0: 0x80007ab2 (0x01ac9193) slli    gp, s9, 26
core   0: 0 0x80007ab2 (0x01ac9193) x3  0x84000000
core   0: 0x80007ab6 (0x013b6f33) or      t5, s6, s3
core   0: 0 0x80007ab6 (0x013b6f33) x30 0xffffe264
core   0: 0x80007aba (0x0000ee81) c.bnez  a3, pc + 24
core   0: 0 0x80007aba (0xee81)
core   0: 0x80007abc (0x02e8b533) mulhu   a0, a7, a4
core   0: 0 0x80007abc (0x02e8b533) x10 0x0000000a
core   0: 0x80007ac0 (0x403a5f93) srai    t6, s4, 3
core   0: 0 0x80007ac0 (0x403a5f93) x31 0x00000000
core   0: 0x80007ac4 (0x02f5ffb3) remu    t6, a1, a5
core   0: 0 0x80007ac4 (0x02f5ffb3) x31 0x00000001
core   0: 0x80007ac8 (0x0ff0000f) fence   iorw,iorw
core   0: 0 0x80007ac8 (0x0ff0000f)
core   0: 0x80007acc (0x000012fd) c.addi  t0, -1
core   0: 0 0x80007acc (0x12fd) x5  0x0000004f
core   0: 0x80007ace (0x027cc263) blt     s9, t2, pc + 36
core   0: 0 0x80007ace (0x027cc263)
core   0: 0x80007ad2 (0x02aca933) mulhsu  s2, s9, a0
core   0: 0 0x80007ad2 (0x02aca933) x18 0x00000002
core   0: 0x80007ad6 (0x0000cc81) c.beqz  s1, pc + 24
core   0: 0 0x80007ad6 (0xcc81)
core   0: 0x80007ad8 (0xe8943513) sltiu   a0, s0, -375
core   0: 0 0x80007ad8 (0xe8943513) x10 0x00000001
core   0: 0x80007adc (0x00106463) bltu    zero, ra, pc + 8
core   0: 0 0x80007adc (0x00106463)
core   0: 0x80007ae0 (0x40d4d333) sra     t1, s1, a3
core   0: 0 0x80007ae0 (0x40d4d333) x6  0x00000001
core   0: 0x80007ae4 (0x00008461) c.srai  s0, 24
core   0: 0 0x80007ae4 (0x8461) x8  0x00000000
core   0: 0x80007ae6 (0x8d5a9c17) auipc   s8, 0x8d5a9
core   0: 0 0x80007ae6 (0x8d5a9c17) x24 0x0d5b0ae6
core   0: 0x80007aea (0x003ce463) bltu    s9, gp, pc + 8
core   0: 0 0x80007aea (0x003ce463)
core   0: 0x80007af2 (0x8b89bb93) sltiu   s7, s3, -1864
core   0: 0 0x80007af2 (0x8b89bb93) x23 0x00000001
core   0: 0x80007af6 (0x00001b7d) c.addi  s6, -1
core   0: 0 0x80007af6 (0x1b7d) x22 0xfeab6243
core   0: 0x80007af8 (0x019489b3) add     s3, s1, s9
core   0: 0 0x80007af8 (0x019489b3) x19 0x3ffdc322
core   0: 0x80007afc (0x03375e33) divu    t3, a4, s3
core   0: 0 0x80007afc (0x03375e33) x28 0x00000002
core   0: 0x80007b00 (0x011ddf13) srli    t5, s11, 17
core   0: 0 0x80007b00 (0x011ddf13) x30 0x00000000
core   0: 0x80007b04 (0x1f892193) slti    gp, s2, 504
core   0: 0 0x80007b04 (0x1f892193) x3  0x00000001
core   0: 0x80007b08 (0x03d5bab3) mulhu   s5, a1, t4
core   0: 0 0x80007b08 (0x03d5bab3) x21 0xf5e3978e
core   0: 0x80007b0c (0x01c25a63) bge     tp, t3, pc + 20
core   0: 0 0x80007b0c (0x01c25a63)
core   0: 0x80007b10 (0x0000c909) c.beqz  a0, pc + 18
core   0: 0 0x80007b10 (0xc909)
core   0: 0x80007b12 (0x00008c39) c.xor   s0, a4
core   0: 0 0x80007b12 (0x8c39) x8  0x80023ce4
core   0: 0x80007b14 (0x4023dcb3) sra     s9, t2, sp
core   0: 0 0x80007b14 (0x4023dcb3) x25 0x00000000
core   0: 0x80007b18 (0x67138b13) addi    s6, t2, 1649
core   0: 0 0x80007b18 (0x67138b13) x22 0x00000671
core   0: 0x80007b1c (0x0031cc63) blt     gp, gp, pc + 24
core   0: 0 0x80007b1c (0x0031cc63)
core   0: 0x80007b20 (0x00001b7d) c.addi  s6, -1
core   0: 0 0x80007b20 (0x1b7d) x22 0x00000670
core   0: 0x80007b22 (0x018fdf63) bge     t6, s8, pc + 30
core   0: 0 0x80007b22 (0x018fdf63)
core   0: 0x80007b26 (0x01d094b3) sll     s1, ra, t4
core   0: 0 0x80007b26 (0x01d094b3) x9  0x00000000
core   0: 0x80007b2a (0x00000326) c.slli  t1, 9
core   0: 0 0x80007b2a (0x0326) x6  0x00000200
core   0: 0x80007b2c (0x017059b3) srl     s3, zero, s7
core   0: 0 0x80007b2c (0x017059b3) x19 0x00000000
core   0: 0x80007b30 (0x0290ea33) rem     s4, ra, s1
core   0: 0 0x80007b30 (0x0290ea33) x20 0x00000000
core   0: 0x80007b34 (0x00000001) c.nop
core   0: 0 0x80007b34 (0x0001)
core   0: 0x80007b36 (0xcddbee17) auipc   t3, 0xcddbe
core   0: 0 0x80007b36 (0xcddbee17) x28 0x4ddc5b36
core   0: 0x80007b3a (0x00008cc5) c.or    s1, s1
core   0: 0 0x80007b3a (0x8cc5) x9  0x00000000
core   0: 0x80007b3c (0x0000e589) c.bnez  a1, pc + 10
core   0: 0 0x80007b3c (0xe589)
core   0: 0x80007b46 (0x00da8533) add     a0, s5, a3
core   0: 0 0x80007b46 (0x00da8533) x10 0xf5e3978e
core   0: 0x80007b4a (0x01060b63) beq     a2, a6, pc + 22
core   0: 0 0x80007b4a (0x01060b63)
core   0: 0x80007b4e (0x01ef9a93) slli    s5, t6, 30
core   0: 0 0x80007b4e (0x01ef9a93) x21 0x40000000
core   0: 0x80007b52 (0x01779f13) slli    t5, a5, 23
core   0: 0 0x80007b52 (0x01779f13) x30 0x77000000
core   0: 0x80007b56 (0x419601b3) sub     gp, a2, s9
core   0: 0 0x80007b56 (0x419601b3) x3  0x8001fe4c
core   0: 0x80007b5a (0x00008cf9) c.and   s1, a4
core   0: 0 0x80007b5a (0x8cf9) x9  0x00000000
core   0: 0x80007b5c (0x0000844d) c.srai  s0, 19
core   0: 0 0x80007b5c (0x844d) x8  0xfffff000
core   0: 0x80007b5e (0x0000925e) c.add   tp, s7
core   0: 0 0x80007b5e (0x925e) x4  0xfeab6245
core   0: 0x80007b60 (0x0127e433) or      s0, a5, s2
core   0: 0 0x80007b60 (0x0127e433) x8  0xfffffeee
core   0: 0x80007b64 (0x00ec1033) sll     zero, s8, a4
core   0: 0 0x80007b64 (0x00ec1033)
core   0: 0x80007b68 (0x00008c2e) c.mv    s8, a1
core   0: 0 0x80007b68 (0x8c2e) x24 0xfffffeef
core   0: 0x80007b6a (0x02bee533) rem     a0, t4, a1
core   0: 0 0x80007b6a (0x02bee533) x10 0xffffff4d
core   0: 0x80007b6e (0x032dc263) blt     s11, s2, pc + 36
core   0: 0 0x80007b6e (0x032dc263)
core   0: 0x80007b92 (0x0000e499) c.bnez  s1, pc + 14
core   0: 0 0x80007b92 (0xe499)
core   0: 0x80007b94 (0x0053c4b3) xor     s1, t2, t0
core   0: 0 0x80007b94 (0x0053c4b3) x9  0x0000004f
core   0: 0x80007b98 (0x01ec24b3) slt     s1, s8, t5
core   0: 0 0x80007b98 (0x01ec24b3) x9  0x00000001
core   0: 0x80007b9c (0x03b26eb3) rem     t4, tp, s11
core   0: 0 0x80007b9c (0x03b26eb3) x29 0xfeab6245
core   0: 0x80007ba0 (0x03ff72b3) remu    t0, t5, t6
core   0: 0 0x80007ba0 (0x03ff72b3) x5  0x00000000
core   0: 0x80007ba4 (0xa0372293) slti    t0, a4, -1533
core   0: 0 0x80007ba4 (0xa0372293) x5  0x00000001
core   0: 0x80007ba8 (0x0000997d) c.andi  a0, -1
core   0: 0 0x80007ba8 (0x997d) x10 0xffffff4d
core   0: 0x80007baa (0x00008c71) c.and   s0, a2
core   0: 0 0x80007baa (0x8c71) x8  0x8001fe4c
core   0: 0x80007bac (0x0000100f) fence.i
core   0: 0 0x80007bac (0x0000100f)
core   0: 0x80007bb0 (0x0000080d) c.addi  a6, 3
core   0: 0 0x80007bb0 (0x080d) x16 0x00000003
core   0: 0x80007bb2 (0x00008d61) c.and   a0, s0
core   0: 0 0x80007bb2 (0x8d61) x10 0x8001fe4c
core   0: 0x80007bb4 (0x01e18eb3) add     t4, gp, t5
core   0: 0 0x80007bb4 (0x01e18eb3) x29 0xf701fe4c
core   0: 0x80007bb8 (0x00008ea6) c.mv    t4, s1
core   0: 0 0x80007bb8 (0x8ea6) x29 0x00000001
core   0: 0x80007bba (0x3e466913) ori     s2, a2, 996
core   0: 0 0x80007bba (0x3e466913) x18 0x8001ffec
core   0: 0x80007bbe (0x00008efd) c.and   a3, a5
core   0: 0 0x80007bbe (0x8efd) x13 0x00000000
core   0: 0x80007bc0 (0xa6122313) slti    t1, tp, -1439
core   0: 0 0x80007bc0 (0xa6122313) x6  0x00000001
core   0: 0x80007bc4 (0x0000c385) c.beqz  a5, pc + 32
core   0: 0 0x80007bc4 (0xc385)
core   0: 0x80007bc6 (0x00000001) c.nop
core   0: 0 0x80007bc6 (0x0001)
core   0: 0x80007bc8 (0x031e3e33) mulhu   t3, t3, a7
core   0: 0 0x80007bc8 (0x031e3e33) x28 0x00000006
core   0: 0x80007bcc (0x0117ba33) sltu    s4, a5, a7
core   0: 0 0x80007bcc (0x0117ba33) x20 0x00000000
core   0: 0x80007bd0 (0x00008b91) c.andi  a5, 4
core   0: 0 0x80007bd0 (0x8b91) x15 0x00000004
core   0: 0x80007bd2 (0x0033e263) bltu    t2, gp, pc + 4
core   0: 0 0x80007bd2 (0x0033e263)
core   0: 0x80007bd6 (0x03441333) mulh    t1, s0, s4
core   0: 0 0x80007bd6 (0x03441333) x6  0x00000000
core   0: 0x80007bda (0x00008d75) c.and   a0, a3
core   0: 0 0x80007bda (0x8d75) x10 0x00000000
core   0: 0x80007bdc (0x00008ee1) c.and   a3, s0
core   0: 0 0x80007bdc (0x8ee1) x13 0x00000000
core   0: 0x80007bde (0x00008c11) c.sub   s0, a2
core   0: 0 0x80007bde (0x8c11) x8  0x00000000
core   0: 0x80007be0 (0x00008c5d) c.or    s0, a5
core   0: 0 0x80007be0 (0x8c5d) x8  0x00000004
core   0: 0x80007be2 (0x000085cd) c.srai  a1, 19
core   0: 0 0x80007be2 (0x85cd) x11 0xffffffff
core   0: 0x80007be4 (0x00008c8d) c.sub   s1, a1
core   0: 0 0x80007be4 (0x8c8d) x9  0x00000002
core   0: 0x80007be6 (0x00008ca5) c.xor   s1, s1
core   0: 0 0x80007be6 (0x8ca5) x9  0x00000000
core   0: 0x80007be8 (0x00009b76) c.add   s6, t4
core   0: 0 0x80007be8 (0x9b76) x22 0x00000671
core   0: 0x80007bea (0x0000cc81) c.beqz  s1, pc + 24
core   0: 0 0x80007bea (0xcc81)
core   0: 0x80007c02 (0x00004c19) c.li    s8, 6
core   0: 0 0x80007c02 (0x4c19) x24 0x00000006
core   0: 0x80007c04 (0x00008c29) c.xor   s0, a0
core   0: 0 0x80007c04 (0x8c29) x8  0x00000004
core   0: 0x80007c06 (0x871ef813) andi    a6, t4, -1935
core   0: 0 0x80007c06 (0x871ef813) x16 0x00000001
core   0: 0x80007c0a (0x00fadf63) bge     s5, a5, pc + 30
core   0: 0 0x80007c0a (0x00fadf63)
core   0: 0x80007c28 (0x00008ffd) c.and   a5, a5
core   0: 0 0x80007c28 (0x8ffd) x15 0x00000004
core   0: 0x80007c2a (0x000082e5) c.srli  a3, 25
core   0: 0 0x80007c2a (0x82e5) x13 0x00000000
core   0: 0x80007c2c (0xf6828213) addi    tp, t0, -152
core   0: 0 0x80007c2c (0xf6828213) x4  0xffffff69
core   0: 0x80007c30 (0x000042b5) c.li    t0, 13
core   0: 0 0x80007c30 (0x42b5) x5  0x0000000d
core   0: 0x80007c32 (0x01528c63) beq     t0, s5, pc + 24
core   0: 0 0x80007c32 (0x01528c63)
core   0: 0x80007c36 (0x01f9a4b3) slt     s1, s3, t6
core   0: 0 0x80007c36 (0x01f9a4b3) x9  0x00000001
core   0: 0x80007c3a (0x039e0833) mul     a6, t3, s9
core   0: 0 0x80007c3a (0x039e0833) x16 0x00000000
core   0: 0x80007c3e (0x01295b63) bge     s2, s2, pc + 22
core   0: 0 0x80007c3e (0x01295b63)
core   0: 0x80007c54 (0x00008ead) c.xor   a3, a1
core   0: 0 0x80007c54 (0x8ead) x13 0xffffffff
core   0: 0x80007c56 (0x01bf90b3) sll     ra, t6, s11
core   0: 0 0x80007c56 (0x01bf90b3) x1  0x00000001
core   0: 0x80007c5a (0x403e5333) sra     t1, t3, gp
core   0: 0 0x80007c5a (0x403e5333) x6  0x00000000
core   0: 0x80007c5e (0x79855f37) lui     t5, 0x79855
core   0: 0 0x80007c5e (0x79855f37) x30 0x79855000
core   0: 0x80007c62 (0x00006c51) c.lui   s8, 0x14
core   0: 0 0x80007c62 (0x6c51) x24 0x00014000
core   0: 0x80007c64 (0x029ebc33) mulhu   s8, t4, s1
core   0: 0 0x80007c64 (0x029ebc33) x24 0x00000000
core   0: 0x80007c68 (0x45904593) xori    a1, zero, 1113
core   0: 0 0x80007c68 (0x45904593) x11 0x00000459
core   0: 0x80007c6c (0x00000aba) c.slli  s5, 14
core   0: 0 0x80007c6c (0x0aba) x21 0x00000000
core   0: 0x80007c6e (0x00008465) c.srai  s0, 25
core   0: 0 0x80007c6e (0x8465) x8  0x00000000
core   0: 0x80007c70 (0x00009bfd) c.andi  a5, -1
core   0: 0 0x80007c70 (0x9bfd) x15 0x00000004
core   0: 0x80007c72 (0x00008cb9) c.xor   s1, a4
core   0: 0 0x80007c72 (0x8cb9) x9  0x80023ce5
core   0: 0x80007c74 (0x36c3e297) auipc   t0, 0x36c3e
core   0: 0 0x80007c74 (0x36c3e297) x5  0xb6c45c74
core   0: 0x80007c78 (0x00009f3e) c.add   t5, a5
core   0: 0 0x80007c78 (0x9f3e) x30 0x79855004
core   0: 0x80007c7a (0x02ec59b3) divu    s3, s8, a4
core   0: 0 0x80007c7a (0x02ec59b3) x19 0x00000000
core   0: 0x80007c7e (0x0000100f) fence.i
core   0: 0 0x80007c7e (0x0000100f)
core   0: 0x80007c82 (0x0326d0b3) divu    ra, a3, s2
core   0: 0 0x80007c82 (0x0326d0b3) x1  0x00000001
core   0: 0x80007c86 (0x00dc9463) bne     s9, a3, pc + 8
core   0: 0 0x80007c86 (0x00dc9463)
core   0: 0x80007c8e (0x00008c8d) c.sub   s1, a1
core   0: 0 0x80007c8e (0x8c8d) x9  0x8002388c
core   0: 0x80007c90 (0x00009c66) c.add   s8, s9
core   0: 0 0x80007c90 (0x9c66) x24 0x00000000
core   0: 0x80007c92 (0x40525bb3) sra     s7, tp, t0
core   0: 0 0x80007c92 (0x40525bb3) x23 0xffffffff
core   0: 0x80007c96 (0x0184b533) sltu    a0, s1, s8
core   0: 0 0x80007c96 (0x0184b533) x10 0x00000000
core   0: 0x80007c9a (0x000004ad) c.addi  s1, 11
core   0: 0 0x80007c9a (0x04ad) x9  0x80023897
core   0: 0x80007c9c (0x00000001) c.nop
core   0: 0 0x80007c9c (0x0001)
core   0: 0x80007c9e (0x0000e899) c.bnez  s1, pc + 22
core   0: 0 0x80007c9e (0xe899)
core   0: 0x80007cb4 (0x40d60eb3) sub     t4, a2, a3
core   0: 0 0x80007cb4 (0x40d60eb3) x29 0x8001fe4d
core   0: 0x80007cb8 (0x000086cd) c.srai  a3, 19
core   0: 0 0x80007cb8 (0x86cd) x13 0xffffffff
core   0: 0x80007cba (0x004fdd63) bge     t6, tp, pc + 26
core   0: 0 0x80007cba (0x004fdd63)
core   0: 0x80007cd4 (0x00000569) c.addi  a0, 26
core   0: 0 0x80007cd4 (0x0569) x10 0x0000001a
core   0: 0x80007cd6 (0x039848b3) div     a7, a6, s9
core   0: 0 0x80007cd6 (0x039848b3) x17 0xffffffff
core   0: 0x80007cda (0x000097be) c.add   a5, a5
core   0: 0 0x80007cda (0x97be) x15 0x00000008
core   0: 0x80007cdc (0x037cb233) mulhu   tp, s9, s7
core   0: 0 0x80007cdc (0x037cb233) x4  0x00000000
core   0: 0x80007ce0 (0x014dc363) blt     s11, s4, pc + 6
core   0: 0 0x80007ce0 (0x014dc363)
core   0: 0x80007ce4 (0x00008912) c.mv    s2, tp
core   0: 0 0x80007ce4 (0x8912) x18 0x00000000
core   0: 0x80007ce6 (0x000094c6) c.add   s1, a7
core   0: 0 0x80007ce6 (0x94c6) x9  0x80023896
core   0: 0x80007ce8 (0x00000001) c.nop
core   0: 0 0x80007ce8 (0x0001)
core   0: 0x80007cea (0x02b29c33) mulh    s8, t0, a1
core   0: 0 0x80007cea (0x02b29c33) x24 0xfffffec1
core   0: 0x80007cee (0x29477037) lui     zero, 0x29477
core   0: 0 0x80007cee (0x29477037)
core   0: 0x80007cf2 (0x00000001) c.nop
core   0: 0 0x80007cf2 (0x0001)
core   0: 0x80007cf4 (0x056af463) bgeu    s5, s6, pc + 72
core   0: 0 0x80007cf4 (0x056af463)
core   0: 0x80007cf8 (0x03c86333) rem     t1, a6, t3
core   0: 0 0x80007cf8 (0x03c86333) x6  0x00000000
core   0: 0x80007cfc (0x41c35313) srai    t1, t1, 28
core   0: 0 0x80007cfc (0x41c35313) x6  0x00000000
core   0: 0x80007d00 (0x03afd363) bge     t6, s10, pc + 38
core   0: 0 0x80007d00 (0x03afd363)
core   0: 0x80007d26 (0x03b6fc33) remu    s8, a3, s11
core   0: 0 0x80007d26 (0x03b6fc33) x24 0xffffffff
core   0: 0x80007d2a (0x0000537d) c.li    t1, -1
core   0: 0 0x80007d2a (0x537d) x6  0xffffffff
core   0: 0x80007d2c (0x00394cb3) xor     s9, s2, gp
core   0: 0 0x80007d2c (0x00394cb3) x25 0x8001fe4c
core   0: 0x80007d30 (0x00004e21) c.li    t3, 8
core   0: 0 0x80007d30 (0x4e21) x28 0x00000008
core   0: 0x80007d32 (0x000059fd) c.li    s3, -1
core   0: 0 0x80007d32 (0x59fd) x19 0xffffffff
core   0: 0x80007d34 (0x415c5bb3) sra     s7, s8, s5
core   0: 0 0x80007d34 (0x415c5bb3) x23 0xffffffff
core   0: 0x80007d38 (0xcdb08013) addi    zero, ra, -805
core   0: 0 0x80007d38 (0xcdb08013)
core   0: 0x80007d3c (0x00000001) c.nop
core   0: 0 0x80007d3c (0x0001)
core   0: 0x80007d3e (0x02c749b3) div     s3, a4, a2
core   0: 0 0x80007d3e (0x02c749b3) x19 0x00000000
core   0: 0x80007d42 (0x000061d1) c.lui   gp, 0x14
core   0: 0 0x80007d42 (0x61d1) x3  0x00014000
core   0: 0x80007d44 (0x00a57433) and     s0, a0, a0
core   0: 0 0x80007d44 (0x00a57433) x8  0x0000001a
core   0: 0x80007d48 (0x4176df13) srai    t5, a3, 23
core   0: 0 0x80007d48 (0x4176df13) x30 0xffffffff
core   0: 0x80007d4c (0x00d41c33) sll     s8, s0, a3
core   0: 0 0x80007d4c (0x00d41c33) x24 0x00000000
core   0: 0x80007d50 (0x00000dde) c.slli  s11, 23
core   0: 0 0x80007d50 (0x0dde) x27 0x00000000
core   0: 0x80007d52 (0x000085c9) c.srai  a1, 18
core   0: 0 0x80007d52 (0x85c9) x11 0x00000000
core   0: 0x80007d54 (0x071a7d63) bgeu    s4, a7, pc + 122
core   0: 0 0x80007d54 (0x071a7d63)
core   0: 0x80007d58 (0x02c000ef) jal     pc + 0x2c
core   0: 0 0x80007d58 (0x02c000ef) x1  0x80007d5c
core   0: 0x80007d84 (0xff9ff0ef) jal     pc - 0x8
core   0: 0 0x80007d84 (0xff9ff0ef) x1  0x80007d88
core   0: 0x80007d7c (0x000037f5) c.jal   pc - 20
core   0: 0 0x80007d7c (0x37f5) x1  0x80007d7e
core   0: 0x80007d68 (0x00002019) c.jal   pc + 6
core   0: 0 0x80007d68 (0x2019) x1  0x80007d6a
core   0: 0x80007d6e (0x0000a801) c.j     pc + 16
core   0: 0 0x80007d6e (0xa801)
core   0: 0x80007d7e (0x014000ef) jal     pc + 0x14
core   0: 0 0x80007d7e (0x014000ef) x1  0x80007d82
core   0: 0x80007d92 (0x0040036f) jal     t1, pc + 0x4
core   0: 0 0x80007d92 (0x0040036f) x6  0x80007d96
core   0: 0x80007d96 (0x0000b7f5) c.j     pc - 20
core   0: 0 0x80007d96 (0xb7f5)
core   0: 0x80007d82 (0x0000bfe9) c.j     pc - 38
core   0: 0 0x80007d82 (0xbfe9)
core   0: 0x80007d5c (0x0000a009) c.j     pc + 2
core   0: 0 0x80007d5c (0xa009)
core   0: 0x80007d5e (0x00400cef) jal     s9, pc + 0x4
core   0: 0 0x80007d5e (0x00400cef) x25 0x80007d62
core   0: 0x80007d62 (0x03e003ef) jal     t2, pc + 0x3e
core   0: 0 0x80007d62 (0x03e003ef) x7  0x80007d66
core   0: 0x80007da0 (0xfedff36f) jal     t1, pc - 0x14
core   0: 0 0x80007da0 (0xfedff36f) x6  0x80007da4
core   0: 0x80007d8c (0x0000bff5) c.j     pc - 4
core   0: 0 0x80007d8c (0xbff5)
core   0: 0x80007d88 (0x0120056f) jal     a0, pc + 0x12
core   0: 0 0x80007d88 (0x0120056f) x10 0x80007d8c
core   0: 0x80007d9a (0xfd3ff0ef) jal     pc - 0x2e
core   0: 0 0x80007d9a (0xfd3ff0ef) x1  0x80007d9e
core   0: 0x80007d6c (0x0000bfed) c.j     pc - 6
core   0: 0 0x80007d6c (0xbfed)
core   0: 0x80007d66 (0x0000a031) c.j     pc + 12
core   0: 0 0x80007d66 (0xa031)
core   0: 0x80007d72 (0x0000a035) c.j     pc + 44
core   0: 0 0x80007d72 (0xa035)
core   0: 0x80007d9e (0x00003fed) c.jal   pc - 6
core   0: 0 0x80007d9e (0x3fed) x1  0x80007da0
core   0: 0x80007d98 (0x0000bfdd) c.j     pc - 10
core   0: 0 0x80007d98 (0xbfdd)
core   0: 0x80007d8e (0xfddff0ef) jal     pc - 0x24
core   0: 0 0x80007d8e (0xfddff0ef) x1  0x80007d92
core   0: 0x80007d6a (0x00002031) c.jal   pc + 12
core   0: 0 0x80007d6a (0x2031) x1  0x80007d6c
core   0: 0x80007d76 (0x0000bffd) c.j     pc - 2
core   0: 0 0x80007d76 (0xbffd)
core   0: 0x80007d74 (0x00002011) c.jal   pc + 4
core   0: 0 0x80007d74 (0x2011) x1  0x80007d76
core   0: 0x80007d78 (0xff9ff36f) jal     t1, pc - 0x8
core   0: 0 0x80007d78 (0xff9ff36f) x6  0x80007d7c
core   0: 0x80007d70 (0x0000a815) c.j     pc + 52
core   0: 0 0x80007d70 (0xa815)
core   0: 0x80007da4 (0x02b96833) rem     a6, s2, a1
core   0: 0 0x80007da4 (0x02b96833) x16 0x00000000
core   0: 0x80007da8 (0x000004bd) c.addi  s1, 15
core   0: 0 0x80007da8 (0x04bd) x9  0x800238a5
core   0: 0x80007daa (0x0000100f) fence.i
core   0: 0 0x80007daa (0x0000100f)
core   0: 0x80007dae (0x40a858b3) sra     a7, a6, a0
core   0: 0 0x80007dae (0x40a858b3) x17 0x00000000
core   0: 0x80007db2 (0x000084d9) c.srai  s1, 22
core   0: 0 0x80007db2 (0x84d9) x9  0xfffffe00
core   0: 0x80007db4 (0x00fd5e33) srl     t3, s10, a5
core   0: 0 0x80007db4 (0x00fd5e33) x28 0x00feee29
core   0: 0x80007db8 (0x00000001) c.nop
core   0: 0 0x80007db8 (0x0001)
core   0: 0x80007dba (0x009b1e63) bne     s6, s1, pc + 28
core   0: 0 0x80007dba (0x009b1e63)
core   0: 0x80007dd6 (0x02db16b3) mulh    a3, s6, a3
core   0: 0 0x80007dd6 (0x02db16b3) x13 0xffffffff
core   0: 0x80007dda (0x01d96933) or      s2, s2, t4
core   0: 0 0x80007dda (0x01d96933) x18 0x8001fe4d
core   0: 0x80007dde (0x02e05fb3) divu    t6, zero, a4
core   0: 0 0x80007dde (0x02e05fb3) x31 0x00000000
core   0: 0x80007de2 (0x007e8cb3) add     s9, t4, t2
core   0: 0 0x80007de2 (0x007e8cb3) x25 0x00027bb3
core   0: 0x80007de6 (0x016b6463) bltu    s6, s6, pc + 8
core   0: 0 0x80007de6 (0x016b6463)
core   0: 0x80007dea (0x01480f33) add     t5, a6, s4
core   0: 0 0x80007dea (0x01480f33) x30 0x00000000
core   0: 0x80007dee (0x00000001) c.nop
core   0: 0 0x80007dee (0x0001)
core   0: 0x80007df0 (0x00008eb1) c.xor   a3, a2
core   0: 0 0x80007df0 (0x8eb1) x13 0x7ffe01b3
core   0: 0x80007df2 (0x0ff0000f) fence   iorw,iorw
core   0: 0 0x80007df2 (0x0ff0000f)
core   0: 0x80007df6 (0x0353c033) div     zero, t2, s5
core   0: 0 0x80007df6 (0x0353c033)
core   0: 0x80007dfa (0x03649233) mulh    tp, s1, s6
core   0: 0 0x80007dfa (0x03649233) x4  0xffffffff
core   0: 0x80007dfe (0x01019093) slli    ra, gp, 16
core   0: 0 0x80007dfe (0x01019093) x1  0x40000000
core   0: 0x80007e02 (0x03c53233) mulhu   tp, a0, t3
core   0: 0 0x80007e02 (0x03c53233) x4  0x007f7791
core   0: 0x80007e06 (0x02af9cb3) mulh    s9, t6, a0
core   0: 0 0x80007e06 (0x02af9cb3) x25 0x00000000
core   0: 0x80007e0a (0x40525813) srai    a6, tp, 5
core   0: 0 0x80007e0a (0x40525813) x16 0x0003fbbc
core   0: 0x80007e0e (0x03f99263) bne     s3, t6, pc + 36
core   0: 0 0x80007e0e (0x03f99263)
core   0: 0x80007e12 (0x007424b3) slt     s1, s0, t2
core   0: 0 0x80007e12 (0x007424b3) x9  0x00000000
core   0: 0x80007e16 (0x022cbab3) mulhu   s5, s9, sp
core   0: 0 0x80007e16 (0x022cbab3) x21 0x00000000
core   0: 0x80007e1a (0x00000001) c.nop
core   0: 0 0x80007e1a (0x0001)
core   0: 0x80007e1c (0x0ff0000f) fence   iorw,iorw
core   0: 0 0x80007e1c (0x0ff0000f)
core   0: 0x80007e20 (0x00009186) c.add   gp, ra
core   0: 0 0x80007e20 (0x9186) x3  0x40014000
core   0: 0x80007e22 (0x00832933) slt     s2, t1, s0
core   0: 0 0x80007e22 (0x00832933) x18 0x00000001
core   0: 0x80007e26 (0x0248a3b3) mulhsu  t2, a7, tp
core   0: 0 0x80007e26 (0x0248a3b3) x7  0x00000000
core   0: 0x80007e2a (0x0000147d) c.addi  s0, -1
core   0: 0 0x80007e2a (0x147d) x8  0x00000019
core   0: 0x80007e2c (0x580eee97) auipc   t4, 0x580ee
core   0: 0 0x80007e2c (0x580eee97) x29 0xd80f5e2c
core   0: 0x80007e30 (0x00008689) c.srai  a3, 2
core   0: 0 0x80007e30 (0x8689) x13 0x1fff806c
core   0: 0x80007e32 (0x0000100f) fence.i
core   0: 0 0x80007e32 (0x0000100f)
core   0: 0x80007e36 (0x0000078e) c.slli  a5, 3
core   0: 0 0x80007e36 (0x078e) x15 0x00000040
core   0: 0x80007e38 (0x00008ee1) c.and   a3, s0
core   0: 0 0x80007e38 (0x8ee1) x13 0x00000008
core   0: 0x80007e3a (0x41e25913) srai    s2, tp, 30
core   0: 0 0x80007e3a (0x41e25913) x18 0x00000000
core   0: 0x80007e3e (0x01749b93) slli    s7, s1, 23
core   0: 0 0x80007e3e (0x01749b93) x23 0x00000000
core   0: 0x80007e42 (0x006b5c93) srli    s9, s6, 6
core   0: 0 0x80007e42 (0x006b5c93) x25 0x00000019
core   0: 0x80007e46 (0x00196433) or      s0, s2, ra
core   0: 0 0x80007e46 (0x00196433) x8  0x40000000
core   0: 0x80007e4a (0x015a8463) beq     s5, s5, pc + 8
core   0: 0 0x80007e4a (0x015a8463)
core   0: 0x80007e52 (0xb0d73c93) sltiu   s9, a4, -1267
core   0: 0 0x80007e52 (0xb0d73c93) x25 0x00000001
core   0: 0x80007e56 (0x037c5433) divu    s0, s8, s7
core   0: 0 0x80007e56 (0x037c5433) x8  0xffffffff
core   0: 0x80007e5a (0xb3ca4413) xori    s0, s4, -1220
core   0: 0 0x80007e5a (0xb3ca4413) x8  0xfffffb3c
core   0: 0x80007e5e (0x075f8063) beq     t6, s5, pc + 96
core   0: 0 0x80007e5e (0x075f8063)
core   0: 0x80007ebe (0x00008bee) c.mv    s7, s11
core   0: 0 0x80007ebe (0x8bee) x23 0x00000000
core   0: 0x80007ec0 (0x00969c93) slli    s9, a3, 9
core   0: 0 0x80007ec0 (0x00969c93) x25 0x00001000
core   0: 0x80007ec4 (0x00008fbd) c.xor   a5, a5
core   0: 0 0x80007ec4 (0x8fbd) x15 0x00000000
core   0: 0x80007ec6 (0x0000c999) c.beqz  a1, pc + 22
core   0: 0 0x80007ec6 (0xc999)
core   0: 0x80007edc (0x0080e1b3) or      gp, ra, s0
core   0: 0 0x80007edc (0x0080e1b3) x3  0xfffffb3c
core   0: 0x80007ee0 (0x0ff0000f) fence   iorw,iorw
core   0: 0 0x80007ee0 (0x0ff0000f)
core   0: 0x80007ee4 (0x007800b3) add     ra, a6, t2
core   0: 0 0x80007ee4 (0x007800b3) x1  0x0003fbbc
core   0: 0x80007ee8 (0x01e37f63) bgeu    t1, t5, pc + 30
core   0: 0 0x80007ee8 (0x01e37f63)
core   0: 0x80007f06 (0x00001a7d) c.addi  s4, -1
core   0: 0 0x80007f06 (0x1a7d) x20 0xffffffff
core   0: 0x80007f08 (0x1b06cd13) xori    s10, a3, 432
core   0: 0 0x80007f08 (0x1b06cd13) x26 0x000001b8
core   0: 0x80007f0c (0x00008db9) c.xor   a1, a4
core   0: 0 0x80007f0c (0x8db9) x11 0x80023ce4
core   0: 0x80007f0e (0x02d2b493) sltiu   s1, t0, 45
core   0: 0 0x80007f0e (0x02d2b493) x9  0x00000000
core   0: 0x80007f12 (0xa0d0f093) andi    ra, ra, -1523
core   0: 0 0x80007f12 (0xa0d0f093) x1  0x0003fa0c
core   0: 0x80007f16 (0x0067fb63) bgeu    a5, t1, pc + 22
core   0: 0 0x80007f16 (0x0067fb63)
core   0: 0x80007f1a (0x0300e863) bltu    ra, a6, pc + 48
core   0: 0 0x80007f1a (0x0300e863)
core   0: 0x80007f4a (0x00008d99) c.sub   a1, a4
core   0: 0 0x80007f4a (0x8d99) x11 0x00000000
core   0: 0x80007f4c (0x02a5e833) rem     a6, a1, a0
core   0: 0 0x80007f4c (0x02a5e833) x16 0x00000000
core   0: 0x80007f50 (0x000087f1) c.srai  a5, 28
core   0: 0 0x80007f50 (0x87f1) x15 0x00000000
core   0: 0x80007f52 (0x412ed993) srai    s3, t4, 18
core   0: 0 0x80007f52 (0x412ed993) x19 0xfffff603
core   0: 0x80007f56 (0x000066e5) c.lui   a3, 0x19
core   0: 0 0x80007f56 (0x66e5) x13 0x00019000
core   0: 0x80007f58 (0x00009e1e) c.add   t3, t2
core   0: 0 0x80007f58 (0x9e1e) x28 0x00feee29
core   0: 0x80007f5a (0x03dc8463) beq     s9, t4, pc + 40
core   0: 0 0x80007f5a (0x03dc8463)
core   0: 0x80007f5e (0xb6bda813) slti    a6, s11, -1173
core   0: 0 0x80007f5e (0xb6bda813) x16 0x00000000
core   0: 0x80007f62 (0x8324f097) auipc   ra, 0x8324f
core   0: 0 0x80007f62 (0x8324f097) x1  0x03256f62
core   0: 0x80007f66 (0x01f2d963) bge     t0, t6, pc + 18
core   0: 0 0x80007f66 (0x01f2d963)
core   0: 0x80007f6a (0x000082a9) c.srli  a3, 10
core   0: 0 0x80007f6a (0x82a9) x13 0x00000064
core   0: 0x80007f6c (0x00000001) c.nop
core   0: 0 0x80007f6c (0x0001)
core   0: 0x80007f6e (0x00000001) c.nop
core   0: 0 0x80007f6e (0x0001)
core   0: 0x80007f70 (0x00008c76) c.mv    s8, t4
core   0: 0 0x80007f70 (0x8c76) x24 0xd80f5e2c
core   0: 0x80007f72 (0x00008c6d) c.and   s0, a1
core   0: 0 0x80007f72 (0x8c6d) x8  0x00000000
core   0: 0x80007f74 (0x027e4b63) blt     t3, t2, pc + 54
core   0: 0 0x80007f74 (0x027e4b63)
core   0: 0x80007f78 (0x9509c5b7) lui     a1, 0x9509c
core   0: 0 0x80007f78 (0x9509c5b7) x11 0x9509c000
core   0: 0x80007f7c (0x00008035) c.srli  s0, 13
core   0: 0 0x80007f7c (0x8035) x8  0x00000000
core   0: 0x80007f7e (0x0316bab3) mulhu   s5, a3, a7
core   0: 0 0x80007f7e (0x0316bab3) x21 0x00000000
core   0: 0x80007f82 (0x02a3d663) bge     t2, a0, pc + 44
core   0: 0 0x80007f82 (0x02a3d663)
core   0: 0x80007fae (0x18778513) addi    a0, a5, 391
core   0: 0 0x80007fae (0x18778513) x10 0x00000187
core   0: 0x80007fb2 (0x00c69e93) slli    t4, a3, 12
core   0: 0 0x80007fb2 (0x00c69e93) x29 0x00064000
core   0: 0x80007fb6 (0x00b83533) sltu    a0, a6, a1
core   0: 0 0x80007fb6 (0x00b83533) x10 0x00000001
core   0: 0x80007fba (0x0ff0000f) fence   iorw,iorw
core   0: 0 0x80007fba (0x0ff0000f)
core   0: 0x80007fbe (0x00a3fc33) and     s8, t2, a0
core   0: 0 0x80007fbe (0x00a3fc33) x24 0x00000000
core   0: 0x80007fc2 (0x0046f833) and     a6, a3, tp
core   0: 0 0x80007fc2 (0x0046f833) x16 0x00000000
core   0: 0x80007fc6 (0x01bf37b3) sltu    a5, t5, s11
core   0: 0 0x80007fc6 (0x01bf37b3) x15 0x00000000
core   0: 0x80007fca (0x41800b33) sub     s6, zero, s8
core   0: 0 0x80007fca (0x41800b33) x22 0x00000000
core   0: 0x80007fce (0x0ff0000f) fence   iorw,iorw
core   0: 0 0x80007fce (0x0ff0000f)
core   0: 0x80007fd2 (0x7e91fd13) andi    s10, gp, 2025
core   0: 0 0x80007fd2 (0x7e91fd13) x26 0x00000328
core   0: 0x80007fd6 (0x005e9693) slli    a3, t4, 5
core   0: 0 0x80007fd6 (0x005e9693) x13 0x00c80000
core   0: 0x80007fda (0x015e5413) srli    s0, t3, 21
core   0: 0 0x80007fda (0x015e5413) x8  0x00000007
core   0: 0x80007fde (0x00000001) c.nop
core   0: 0 0x80007fde (0x0001)
core   0: 0x80007fe0 (0x4031d533) sra     a0, gp, gp
core   0: 0 0x80007fe0 (0x4031d533) x10 0xffffffff
core   0: 0x80007fe4 (0x02c5afb3) mulhsu  t6, a1, a2
core   0: 0 0x80007fe4 (0x02c5afb3) x31 0xca840ac9
core   0: 0x80007fe8 (0x02545533) divu    a0, s0, t0
core   0: 0 0x80007fe8 (0x02545533) x10 0x00000000
core   0: 0x80007fec (0x0000c499) c.beqz  s1, pc + 14
core   0: 0 0x80007fec (0xc499)
core   0: 0x80007ffa (0x9e4aa393) slti    t2, s5, -1564
core   0: 0 0x80007ffa (0x9e4aa393) x7  0x00000000
core   0: 0x80007ffe (0xb3f18293) addi    t0, gp, -1217
core   0: 0 0x80007ffe (0xb3f18293) x5  0xfffff67b
core   0: 0x80008002 (0x000003f6) c.slli  t2, 29
core   0: 0 0x80008002 (0x03f6) x7  0x00000000
core   0: 0x80008004 (0x00683433) sltu    s0, a6, t1
core   0: 0 0x80008004 (0x00683433) x8  0x00000001
core   0: 0x80008008 (0x022f1db3) mulh    s11, t5, sp
core   0: 0 0x80008008 (0x022f1db3) x27 0x00000000
core   0: 0x8000800c (0x027e08b3) mul     a7, t3, t2
core   0: 0 0x8000800c (0x027e08b3) x17 0x00000000
core   0: 0x80008010 (0x03e24333) div     t1, tp, t5
core   0: 0 0x80008010 (0x03e24333) x6  0xffffffff
core   0: 0x80008014 (0x40efd193) srai    gp, t6, 14
core   0: 0 0x80008014 (0x40efd193) x3  0xffff2a10
core   0: 0x80008018 (0xc4aca693) slti    a3, s9, -950
core   0: 0 0x80008018 (0xc4aca693) x13 0x00000000
core   0: 0x8000801c (0x00009276) c.add   tp, t4
core   0: 0 0x8000801c (0x9276) x4  0x0085b791
core   0: 0x8000801e (0x0000100f) fence.i
core   0: 0 0x8000801e (0x0000100f)
core   0: 0x80008022 (0x8ccaf293) andi    t0, s5, -1844
core   0: 0 0x80008022 (0x8ccaf293) x5  0x00000000
core   0: 0x80008026 (0x000009ad) c.addi  s3, 11
core   0: 0 0x80008026 (0x09ad) x19 0xfffff60e
core   0: 0x80008028 (0x03458333) mul     t1, a1, s4
core   0: 0 0x80008028 (0x03458333) x6  0x6af64000
core   0: 0x8000802c (0x02c4edb3) rem     s11, s1, a2
core   0: 0 0x8000802c (0x02c4edb3) x27 0x00000000
core   0: 0x80008030 (0x414800b3) sub     ra, a6, s4
core   0: 0 0x80008030 (0x414800b3) x1  0x00000001
core   0: 0x80008034 (0x0126c833) xor     a6, a3, s2
core   0: 0 0x80008034 (0x0126c833) x16 0x00000000
core   0: 0x80008038 (0x0000e39d) c.bnez  a5, pc + 38
core   0: 0 0x80008038 (0xe39d)
core   0: 0x8000803a (0x00000001) c.nop
core   0: 0 0x8000803a (0x0001)
core   0: 0x8000803c (0x86ad2093) slti    ra, s10, -1942
core   0: 0 0x8000803c (0x86ad2093) x1  0x00000000
core   0: 0x80008040 (0x00009bc6) c.add   s7, a7
core   0: 0 0x80008040 (0x9bc6) x23 0x00000000
core   0: 0x80008042 (0x02bf4463) blt     t5, a1, pc + 40
core   0: 0 0x80008042 (0x02bf4463)
core   0: 0x80008046 (0x01bd9a13) slli    s4, s11, 27
core   0: 0 0x80008046 (0x01bd9a13) x20 0x00000000
core   0: 0x8000804a (0x0311feb3) remu    t4, gp, a7
core   0: 0 0x8000804a (0x0311feb3) x29 0xffff2a10
core   0: 0x8000804e (0x0000804d) c.srli  s0, 19
core   0: 0 0x8000804e (0x804d) x8  0x00000000
core   0: 0x80008050 (0x00000e51) c.addi  t3, 20
core   0: 0 0x80008050 (0x0e51) x28 0x00feee3d
core   0: 0x80008052 (0x0000c129) c.beqz  a0, pc + 66
core   0: 0 0x80008052 (0xc129)
core   0: 0x80008094 (0x00008da1) c.xor   a1, s0
core   0: 0 0x80008094 (0x8da1) x11 0x9509c000
core   0: 0x80008096 (0x3dc4cf13) xori    t5, s1, 988
core   0: 0 0x80008096 (0x3dc4cf13) x30 0x000003dc
core   0: 0x8000809a (0x00000001) c.nop
core   0: 0 0x8000809a (0x0001)
core   0: 0x8000809c (0x0332a833) mulhsu  a6, t0, s3
core   0: 0 0x8000809c (0x0332a833) x16 0x00000000
core   0: 0x800080a0 (0x000081f1) c.srli  a1, 28
core   0: 0 0x800080a0 (0x81f1) x11 0x00000009
core   0: 0x800080a2 (0x000088be) c.mv    a7, a5
core   0: 0 0x800080a2 (0x88be) x17 0x00000000
core   0: 0x800080a4 (0xdcc98393) addi    t2, s3, -564
core   0: 0 0x800080a4 (0xdcc98393) x7  0xfffff3da
core   0: 0x800080a8 (0xf5ae8e93) addi    t4, t4, -166
core   0: 0 0x800080a8 (0xf5ae8e93) x29 0xffff296a
core   0: 0x800080ac (0x000006f5) c.addi  a3, 29
core   0: 0 0x800080ac (0x06f5) x13 0x0000001d
core   0: 0x800080ae (0x03663033) mulhu   zero, a2, s6
core   0: 0 0x800080ae (0x03663033)
core   0: 0x800080b2 (0x418bdf93) srai    t6, s7, 24
core   0: 0 0x800080b2 (0x418bdf93) x31 0x00000000
core   0: 0x800080b6 (0x016541b3) xor     gp, a0, s6
core   0: 0 0x800080b6 (0x016541b3) x3  0x00000000
core   0: 0x800080ba (0x02916ab3) rem     s5, sp, s1
core   0: 0 0x800080ba (0x02916ab3) x21 0xf5e39895
core   0: 0x800080be (0x0154db63) bge     s1, s5, pc + 22
core   0: 0 0x800080be (0x0154db63)
core   0: 0x800080d4 (0x02d662b3) rem     t0, a2, a3
core   0: 0 0x800080d4 (0x02d662b3) x5  0xffffffef
core   0: 0x800080d8 (0x00000001) c.nop
core   0: 0 0x800080d8 (0x0001)
core   0: 0x800080da (0x000082ad) c.srli  a3, 11
core   0: 0 0x800080da (0x82ad) x13 0x00000000
core   0: 0x800080dc (0x00008ea9) c.xor   a3, a0
core   0: 0 0x800080dc (0x8ea9) x13 0x00000000
core   0: 0x800080de (0xda505437) lui     s0, 0xda505
core   0: 0 0x800080de (0xda505437) x8  0xda505000
core   0: 0x800080e2 (0x404384b3) sub     s1, t2, tp
core   0: 0 0x800080e2 (0x404384b3) x9  0xff7a3c49
core   0: 0x800080e6 (0x8dc68e13) addi    t3, a3, -1828
core   0: 0 0x800080e6 (0x8dc68e13) x28 0xfffff8dc
core   0: 0x800080ea (0x0085d6b3) srl     a3, a1, s0
core   0: 0 0x800080ea (0x0085d6b3) x13 0x00000009
core   0: 0x800080ee (0x03bf0333) mul     t1, t5, s11
core   0: 0 0x800080ee (0x03bf0333) x6  0x00000000
core   0: 0x800080f2 (0x007f6c63) bltu    t5, t2, pc + 24
core   0: 0 0x800080f2 (0x007f6c63)
core   0: 0x8000810a (0x0000100f) fence.i
core   0: 0 0x8000810a (0x0000100f)
core   0: 0x8000810e (0x0ff0000f) fence   iorw,iorw
core   0: 0 0x8000810e (0x0ff0000f)
core   0: 0x80008112 (0x6bef6513) ori     a0, t5, 1726
core   0: 0 0x80008112 (0x6bef6513) x10 0x000007fe
core   0: 0x80008116 (0x032ff033) remu    zero, t6, s2
core   0: 0 0x80008116 (0x032ff033)
core   0: 0x8000811a (0x0ff0000f) fence   iorw,iorw
core   0: 0 0x8000811a (0x0ff0000f)
core   0: 0x8000811e (0x02889963) bne     a7, s0, pc + 50
core   0: 0 0x8000811e (0x02889963)
core   0: 0x80008150 (0x02c25a33) divu    s4, tp, a2
core   0: 0 0x80008150 (0x02c25a33) x20 0x00000000
core   0: 0x80008154 (0x00000001) c.nop
core   0: 0 0x80008154 (0x0001)
core   0: 0x80008156 (0x00008149) c.srli  a0, 18
core   0: 0 0x80008156 (0x8149) x10 0x00000000
core   0: 0x80008158 (0x00008ac9) c.andi  a3, 18
core   0: 0 0x80008158 (0x8ac9) x13 0x00000000
core   0: 0x8000815a (0xc3d27b13) andi    s6, tp, -963
core   0: 0 0x8000815a (0xc3d27b13) x22 0x0085b411
core   0: 0x8000815e (0x00004799) c.li    a5, 6
core   0: 0 0x8000815e (0x4799) x15 0x00000006
core   0: 0x80008160 (0x40bb5433) sra     s0, s6, a1
core   0: 0 0x80008160 (0x40bb5433) x8  0x000042da
core   0: 0x80008164 (0x0000147d) c.addi  s0, -1
core   0: 0 0x80008164 (0x147d) x8  0x000042d9
core   0: 0x80008166 (0x409a0933) sub     s2, s4, s1
core   0: 0 0x80008166 (0x409a0933) x18 0x0085c3b7
core   0: 0x8000816a (0x1f6ebf93) sltiu   t6, t4, 502
core   0: 0 0x8000816a (0x1f6ebf93) x31 0x00000000
core   0: 0x8000816e (0x000045f1) c.li    a1, 28
core   0: 0 0x8000816e (0x45f1) x11 0x0000001c
core   0: 0x80008170 (0x0312d163) bge     t0, a7, pc + 34
core   0: 0 0x80008170 (0x0312d163)
core   0: 0x80008174 (0x01c90fb3) add     t6, s2, t3
core   0: 0 0x80008174 (0x01c90fb3) x31 0x0085bc93
core   0: 0x80008178 (0x00008185) c.srli  a1, 1
core   0: 0 0x80008178 (0x8185) x11 0x0000000e
core   0: 0x8000817a (0x00655a93) srli    s5, a0, 6
core   0: 0 0x8000817a (0x00655a93) x21 0x00000000
core   0: 0x8000817e (0x004ba933) slt     s2, s7, tp
core   0: 0 0x8000817e (0x004ba933) x18 0x00000001
core   0: 0x80008182 (0x0000843d) c.srai  s0, 15
core   0: 0 0x80008182 (0x843d) x8  0x00000000
core   0: 0x80008184 (0x0000100f) fence.i
core   0: 0 0x80008184 (0x0000100f)
core   0: 0x80008188 (0x00a82a33) slt     s4, a6, a0
core   0: 0 0x80008188 (0x00a82a33) x20 0x00000000
core   0: 0x8000818c (0x0000127d) c.addi  tp, -1
core   0: 0 0x8000818c (0x127d) x4  0x0085b790
core   0: 0x8000818e (0x006c1f33) sll     t5, s8, t1
core   0: 0 0x8000818e (0x006c1f33) x30 0x00000000
core   0: 0x80008192 (0x58020493) addi    s1, tp, 1408
core   0: 0 0x80008192 (0x58020493) x9  0x0085bd10
core   0: 0x80008196 (0x68b4a893) slti    a7, s1, 1675
core   0: 0 0x80008196 (0x68b4a893) x17 0x00000000
core   0: 0x8000819a (0x0000100f) fence.i
core   0: 0 0x8000819a (0x0000100f)
core   0: 0x8000819e (0x03416db3) rem     s11, sp, s4
core   0: 0 0x8000819e (0x03416db3) x27 0xf5e39895
core   0: 0x800081a2 (0x01b8e033) or      zero, a7, s11
core   0: 0 0x800081a2 (0x01b8e033)
core   0: 0x800081a6 (0x00008d41) c.or    a0, s0
core   0: 0 0x800081a6 (0x8d41) x10 0x00000000
core   0: 0x800081a8 (0x0000845d) c.srai  s0, 23
core   0: 0 0x800081a8 (0x845d) x8  0x00000000
core   0: 0x800081aa (0x033b9263) bne     s7, s3, pc + 36
core   0: 0 0x800081aa (0x033b9263)
core   0: 0x800081ce (0x03a38333) mul     t1, t2, s10
core   0: 0 0x800081ce (0x03a38333) x6  0xffd9a810
core   0: 0x800081d2 (0x01375d93) srli    s11, a4, 19
core   0: 0 0x800081d2 (0x01375d93) x27 0x00001000
core   0: 0x800081d6 (0xec8ad937) lui     s2, 0xec8ad
core   0: 0 0x800081d6 (0xec8ad937) x18 0xec8ad000
core   0: 0x800081da (0x00d2cab3) xor     s5, t0, a3
core   0: 0 0x800081da (0x00d2cab3) x21 0xffffffef
core   0: 0x800081de (0x000003fa) c.slli  t2, 30
core   0: 0 0x800081de (0x03fa) x7  0x80000000
core   0: 0x800081e0 (0x00a74b63) blt     a4, a0, pc + 22
core   0: 0 0x800081e0 (0x00a74b63)
core   0: 0x800081f6 (0xa1ddbcb7) lui     s9, 0xa1ddb
core   0: 0 0x800081f6 (0xa1ddbcb7) x25 0xa1ddb000
core   0: 0x800081fa (0x02d27963) bgeu    tp, a3, pc + 50
core   0: 0 0x800081fa (0x02d27963)
core   0: 0x8000822c (0x0145b433) sltu    s0, a1, s4
core   0: 0 0x8000822c (0x0145b433) x8  0x00000000
core   0: 0x80008230 (0x02337233) remu    tp, t1, gp
core   0: 0 0x80008230 (0x02337233) x4  0xffd9a810
core   0: 0x80008234 (0x00008dd1) c.or    a1, a2
core   0: 0 0x80008234 (0x8dd1) x11 0x8001fe4e
core   0: 0x80008236 (0x4508ca13) xori    s4, a7, 1104
core   0: 0 0x80008236 (0x4508ca13) x20 0x00000450
core   0: 0x8000823a (0xc7f7b893) sltiu   a7, a5, -897
core   0: 0 0x8000823a (0xc7f7b893) x17 0x00000001
core   0: 0x8000823e (0x00255463) bge     a0, sp, pc + 8
core   0: 0 0x8000823e (0x00255463)
core   0: 0x80008246 (0x02e95233) divu    tp, s2, a4
core   0: 0 0x80008246 (0x02e95233) x4  0x00000001
core   0: 0x8000824a (0x000082dd) c.srli  a3, 23
core   0: 0 0x8000824a (0x82dd) x13 0x00000000
core   0: 0x8000824c (0x00008d71) c.and   a0, a2
core   0: 0 0x8000824c (0x8d71) x10 0x00000000
core   0: 0x8000824e (0x0000eb91) c.bnez  a5, pc + 20
core   0: 0 0x8000824e (0xeb91)
core   0: 0x80008262 (0x01ac3cb3) sltu    s9, s8, s10
core   0: 0 0x80008262 (0x01ac3cb3) x25 0x00000001
core   0: 0x80008266 (0x0000987d) c.andi  s0, -1
core   0: 0 0x80008266 (0x987d) x8  0x00000000
core   0: 0x80008268 (0x00000dca) c.slli  s11, 18
core   0: 0 0x80008268 (0x0dca) x27 0x40000000
core   0: 0x8000826a (0x00819093) slli    ra, gp, 8
core   0: 0 0x8000826a (0x00819093) x1  0x00000000
core   0: 0x8000826e (0x0000e089) c.bnez  s1, pc + 2
core   0: 0 0x8000826e (0xe089)
core   0: 0x80008270 (0x0000e899) c.bnez  s1, pc + 22
core   0: 0 0x80008270 (0xe899)
core   0: 0x80008286 (0x03d45663) bge     s0, t4, pc + 44
core   0: 0 0x80008286 (0x03d45663)
core   0: 0x800082b2 (0x0282a233) mulhsu  tp, t0, s0
core   0: 0 0x800082b2 (0x0282a233) x4  0x00000000
core   0: 0x800082b6 (0x019a7363) bgeu    s4, s9, pc + 6
core   0: 0 0x800082b6 (0x019a7363)
core   0: 0x800082bc (0x40cbd513) srai    a0, s7, 12
core   0: 0 0x800082bc (0x40cbd513) x10 0x00000000
core   0: 0x800082c0 (0x00038433) add     s0, t2, zero
core   0: 0 0x800082c0 (0x00038433) x8  0x80000000
core   0: 0x800082c4 (0x006a1b93) slli    s7, s4, 6
core   0: 0 0x800082c4 (0x006a1b93) x23 0x00011400
core   0: 0x800082c8 (0x03847bb3) remu    s7, s0, s8
core   0: 0 0x800082c8 (0x03847bb3) x23 0x80000000
core   0: 0x800082cc (0x00000436) c.slli  s0, 13
core   0: 0 0x800082cc (0x0436) x8  0x00000000
core   0: 0x800082ce (0x016d73b3) and     t2, s10, s6
core   0: 0 0x800082ce (0x016d73b3) x7  0x00000000
core   0: 0x800082d2 (0x03ef5eb3) divu    t4, t5, t5
core   0: 0 0x800082d2 (0x03ef5eb3) x29 0xffffffff
core   0: 0x800082d6 (0x01c33eb3) sltu    t4, t1, t3
core   0: 0 0x800082d6 (0x01c33eb3) x29 0x00000001
core   0: 0x800082da (0x01c322b3) slt     t0, t1, t3
core   0: 0 0x800082da (0x01c322b3) x5  0x00000001
core   0: 0x800082de (0x15fcdd97) auipc   s11, 0x15fcd
core   0: 0 0x800082de (0x15fcdd97) x27 0x95fd52de
core   0: 0x800082e2 (0x00000001) c.nop
core   0: 0 0x800082e2 (0x0001)
core   0: 0x800082e4 (0x026868b3) rem     a7, a6, t1
core   0: 0 0x800082e4 (0x026868b3) x17 0x00000000
core   0: 0x800082e8 (0x000001e6) c.slli  gp, 25
core   0: 0 0x800082e8 (0x01e6) x3  0x00000000
core   0: 0x800082ea (0x0000c88d) c.beqz  s1, pc + 50
core   0: 0 0x800082ea (0xc88d)
core   0: 0x800082ec (0x00008d7a) c.mv    s10, t5
core   0: 0 0x800082ec (0x8d7a) x26 0x00000000
core   0: 0x800082ee (0x0000e911) c.bnez  a0, pc + 20
core   0: 0 0x800082ee (0xe911)
core   0: 0x800082f0 (0x00000001) c.nop
core   0: 0 0x800082f0 (0x0001)
core   0: 0x800082f2 (0x0d40bb93) sltiu   s7, ra, 212
core   0: 0 0x800082f2 (0x0d40bb93) x23 0x00000001
core   0: 0x800082f6 (0x55ec4793) xori    a5, s8, 1374
core   0: 0 0x800082f6 (0x55ec4793) x15 0x0000055e
core   0: 0x800082fa (0x01687c33) and     s8, a6, s6
core   0: 0 0x800082fa (0x01687c33) x24 0x00000000
core   0: 0x800082fe (0x039c0f33) mul     t5, s8, s9
core   0: 0 0x800082fe (0x039c0f33) x30 0x00000000
core   0: 0x80008302 (0x018061b3) or      gp, zero, s8
core   0: 0 0x80008302 (0x018061b3) x3  0x00000000
core   0: 0x80008306 (0x00008dbd) c.xor   a1, a5
core   0: 0 0x80008306 (0x8dbd) x11 0x8001fb10
core   0: 0x80008308 (0x018952b3) srl     t0, s2, s8
core   0: 0 0x80008308 (0x018952b3) x5  0xec8ad000
core   0: 0x8000830c (0x7528c193) xori    gp, a7, 1874
core   0: 0 0x8000830c (0x7528c193) x3  0x00000752
core   0: 0x80008310 (0xbd20c993) xori    s3, ra, -1070
core   0: 0 0x80008310 (0xbd20c993) x19 0xfffffbd2
core   0: 0x80008314 (0x1e860c93) addi    s9, a2, 488
core   0: 0 0x80008314 (0x1e860c93) x25 0x80020034
core   0: 0x80008318 (0x02dd1533) mulh    a0, s10, a3
core   0: 0 0x80008318 (0x02dd1533) x10 0x00000000
core   0: 0x8000831c (0x0000c52d) c.beqz  a0, pc + 106
core   0: 0 0x8000831c (0xc52d)
core   0: 0x80008386 (0xc1170c13) addi    s8, a4, -1007
core   0: 0 0x80008386 (0xc1170c13) x24 0x800238f5
core   0: 0x8000838a (0x02a51363) bne     a0, a0, pc + 38
core   0: 0 0x8000838a (0x02a51363)
core   0: 0x8000838e (0x00f8dc93) srli    s9, a7, 15
core   0: 0 0x8000838e (0x00f8dc93) x25 0x00000000
core   0: 0x80008392 (0x00666963) bltu    a2, t1, pc + 18
core   0: 0 0x80008392 (0x00666963)
core   0: 0x800083a4 (0x00801d93) slli    s11, zero, 8
core   0: 0 0x800083a4 (0x00801d93) x27 0x00000000
core   0: 0x800083a8 (0x05c00263) beq     zero, t3, pc + 68
core   0: 0 0x800083a8 (0x05c00263)
core   0: 0x800083ac (0x81cdd597) auipc   a1, 0x81cdd
core   0: 0 0x800083ac (0x81cdd597) x11 0x01ce53ac
core   0: 0x800083b0 (0x2edee793) ori     a5, t4, 749
core   0: 0 0x800083b0 (0x2edee793) x15 0x000002ed
core   0: 0x800083b4 (0x0180e8b3) or      a7, ra, s8
core   0: 0 0x800083b4 (0x0180e8b3) x17 0x800238f5
core   0: 0x800083b8 (0x0000987d) c.andi  s0, -1
core   0: 0 0x800083b8 (0x987d) x8  0x00000000
core   0: 0x800083ba (0x00000d16) c.slli  s10, 5
core   0: 0 0x800083ba (0x0d16) x26 0x00000000
core   0: 0x800083bc (0x00005b7d) c.li    s6, -1
core   0: 0 0x800083bc (0x5b7d) x22 0xffffffff
core   0: 0x800083be (0x032ef8b3) remu    a7, t4, s2
core   0: 0 0x800083be (0x032ef8b3) x17 0x00000001
core   0: 0x800083c2 (0x00857d63) bgeu    a0, s0, pc + 26
core   0: 0 0x800083c2 (0x00857d63)
core   0: 0x800083dc (0x01fe0bb3) add     s7, t3, t6
core   0: 0 0x800083dc (0x01fe0bb3) x23 0x0085b56f
core   0: 0x800083e0 (0x0075cb33) xor     s6, a1, t2
core   0: 0 0x800083e0 (0x0075cb33) x22 0x01ce53ac
core   0: 0x800083e4 (0x40772793) slti    a5, a4, 1031
core   0: 0 0x800083e4 (0x40772793) x15 0x00000001
core   0: 0x800083e8 (0x00000001) c.nop
core   0: 0 0x800083e8 (0x0001)
core   0: 0x800083ea (0x000080c5) c.srli  s1, 17
core   0: 0 0x800083ea (0x80c5) x9  0x00000042
core   0: 0x800083ec (0x02217063) bgeu    sp, sp, pc + 32
core   0: 0 0x800083ec (0x02217063)
core   0: 0x8000840c (0x82603f93) sltiu   t6, zero, -2010
core   0: 0 0x8000840c (0x82603f93) x31 0x00000001
core   0: 0x80008410 (0x013666b3) or      a3, a2, s3
core   0: 0 0x80008410 (0x013666b3) x13 0xffffffde
core   0: 0x80008414 (0x00000256) c.slli  tp, 21
core   0: 0 0x80008414 (0x0256) x4  0x00000000
core   0: 0x80008416 (0x00000001) c.nop
core   0: 0 0x80008416 (0x0001)
core   0: 0x80008418 (0x0000100f) fence.i
core   0: 0 0x80008418 (0x0000100f)
core   0: 0x8000841c (0x00893b33) sltu    s6, s2, s0
core   0: 0 0x8000841c (0x00893b33) x22 0x00000000
core   0: 0x80008420 (0x018b7233) and     tp, s6, s8
core   0: 0 0x80008420 (0x018b7233) x4  0x00000000
core   0: 0x80008424 (0x01faaab3) slt     s5, s5, t6
core   0: 0 0x80008424 (0x01faaab3) x21 0x00000001
core   0: 0x80008428 (0x0000825e) c.mv    tp, s7
core   0: 0 0x80008428 (0x825e) x4  0x0085b56f
core   0: 0x8000842a (0x411b4813) xori    a6, s6, 1041
core   0: 0 0x8000842a (0x411b4813) x16 0x00000411
core   0: 0x8000842e (0x00008d5d) c.or    a0, a5
core   0: 0 0x8000842e (0x8d5d) x10 0x00000001
core   0: 0x80008430 (0x5a497693) andi    a3, s2, 1444
core   0: 0 0x80008430 (0x5a497693) x13 0x00000000
core   0: 0x80008434 (0xeca1fd93) andi    s11, gp, -310
core   0: 0 0x80008434 (0xeca1fd93) x27 0x00000642
core   0: 0x80008438 (0x00008505) c.srai  a0, 1
core   0: 0 0x80008438 (0x8505) x10 0x00000000
core   0: 0x8000843a (0xe7027693) andi    a3, tp, -400
core   0: 0 0x8000843a (0xe7027693) x13 0x0085b460
core   0: 0x8000843e (0x00008d3d) c.xor   a0, a5
core   0: 0 0x8000843e (0x8d3d) x10 0x00000001
core   0: 0x80008440 (0x00006425) c.lui   s0, 0x9
core   0: 0 0x80008440 (0x6425) x8  0x00009000
core   0: 0x80008442 (0x02ab2c33) mulhsu  s8, s6, a0
core   0: 0 0x80008442 (0x02ab2c33) x24 0x00000000
core   0: 0x80008446 (0x00b43db3) sltu    s11, s0, a1
core   0: 0 0x80008446 (0x00b43db3) x27 0x00000001
core   0: 0x8000844a (0x00dbdb63) bge     s7, a3, pc + 22
core   0: 0 0x8000844a (0x00dbdb63)
core   0: 0x80008460 (0x40e35593) srai    a1, t1, 14
core   0: 0 0x80008460 (0x40e35593) x11 0xffffff66
core   0: 0x80008464 (0x021f8ab3) mul     s5, t6, ra
core   0: 0 0x80008464 (0x021f8ab3) x21 0x00000000
core   0: 0x80008468 (0x006ad0b3) srl     ra, s5, t1
core   0: 0 0x80008468 (0x006ad0b3) x1  0x00000000
core   0: 0x8000846c (0x00008cd9) c.or    s1, a4
core   0: 0 0x8000846c (0x8cd9) x9  0x80023ce6
core   0: 0x8000846e (0x00004a61) c.li    s4, 24
core   0: 0 0x8000846e (0x4a61) x20 0x00000018
core   0: 0x80008470 (0x0ff0000f) fence   iorw,iorw
core   0: 0 0x80008470 (0x0ff0000f)
core   0: 0x80008474 (0x00008c41) c.or    s0, s0
core   0: 0 0x80008474 (0x8c41) x8  0x00009000
core   0: 0x80008476 (0x01714c33) xor     s8, sp, s7
core   0: 0 0x80008476 (0x01714c33) x24 0xf5662dfa
core   0: 0x8000847a (0x00b315b3) sll     a1, t1, a1
core   0: 0 0x8000847a (0x00b315b3) x11 0xf66a0400
core   0: 0x8000847e (0xe0a679b7) lui     s3, 0xe0a67
core   0: 0 0x8000847e (0xe0a679b7) x19 0xe0a67000
core   0: 0x80008482 (0x019c73b3) and     t2, s8, s9
core   0: 0 0x80008482 (0x019c73b3) x7  0x00000000
core   0: 0x80008486 (0x00008d2d) c.xor   a0, a1
core   0: 0 0x80008486 (0x8d2d) x10 0xf66a0401
core   0: 0x80008488 (0x9499a417) auipc   s0, 0x9499a
core   0: 0 0x80008488 (0x9499a417) x8  0x149a2488
core   0: 0x8000848c (0x000080a1) c.srli  s1, 8
core   0: 0 0x8000848c (0x80a1) x9  0x0080023c
core   0: 0x8000848e (0x07b4e663) bltu    s1, s11, pc + 108
core   0: 0 0x8000848e (0x07b4e663)
core   0: 0x80008492 (0x0000100f) fence.i
core   0: 0 0x80008492 (0x0000100f)
core   0: 0x80008496 (0x024baa33) mulhsu  s4, s7, tp
core   0: 0 0x80008496 (0x024baa33) x20 0x000045d6
core   0: 0x8000849a (0x02c000ef) jal     pc + 0x2c
core   0: 0 0x8000849a (0x02c000ef) x1  0x8000849e
core   0: 0x800084c6 (0x0000bfed) c.j     pc - 6
core   0: 0 0x800084c6 (0xbfed)
core   0: 0x800084c0 (0x000037d5) c.jal   pc - 28
core   0: 0 0x800084c0 (0x37d5) x1  0x800084c2
core   0: 0x800084a4 (0x0260036f) jal     t1, pc + 0x26
core   0: 0 0x800084a4 (0x0260036f) x6  0x800084a8
core   0: 0x800084ca (0x020000ef) jal     pc + 0x20
core   0: 0 0x800084ca (0x020000ef) x1  0x800084ce
core   0: 0x800084ea (0x00003fc9) c.jal   pc - 46
core   0: 0 0x800084ea (0x3fc9) x1  0x800084ec
core   0: 0x800084bc (0x020000ef) jal     pc + 0x20
core   0: 0 0x800084bc (0x020000ef) x1  0x800084c0
core   0: 0x800084dc (0x0000b7f9) c.j     pc - 50
core   0: 0 0x800084dc (0xb7f9)
core   0: 0x800084aa (0x02e0036f) jal     t1, pc + 0x2e
core   0: 0 0x800084aa (0x02e0036f) x6  0x800084ae
core   0: 0x800084d8 (0x00002009) c.jal   pc + 2
core   0: 0 0x800084d8 (0x2009) x1  0x800084da
core   0: 0x800084da (0x00003fd1) c.jal   pc - 44
core   0: 0 0x800084da (0x3fd1) x1  0x800084dc
core   0: 0x800084ae (0xff1ff2ef) jal     t0, pc - 0x10
core   0: 0 0x800084ae (0xff1ff2ef) x5  0x800084b2
core   0: 0x8000849e (0x00002009) c.jal   pc + 2
core   0: 0 0x8000849e (0x2009) x1  0x800084a0
core   0: 0x800084a0 (0x022000ef) jal     pc + 0x22
core   0: 0 0x800084a0 (0x022000ef) x1  0x800084a4
core   0: 0x800084c2 (0x000037dd) c.jal   pc - 26
core   0: 0 0x800084c2 (0x37dd) x1  0x800084c4
core   0: 0x800084a8 (0x0000a081) c.j     pc + 64
core   0: 0 0x800084a8 (0xa081)
core   0: 0x800084e8 (0x0000b7f9) c.j     pc - 50
core   0: 0 0x800084e8 (0xb7f9)
core   0: 0x800084b6 (0x01e000ef) jal     pc + 0x1e
core   0: 0 0x800084b6 (0x01e000ef) x1  0x800084ba
core   0: 0x800084d4 (0xfe7ffcef) jal     s9, pc - 0x1a
core   0: 0 0x800084d4 (0xfe7ffcef) x25 0x800084d8
core   0: 0x800084ba (0x00002811) c.jal   pc + 20
core   0: 0 0x800084ba (0x2811) x1  0x800084bc
core   0: 0x800084ce (0x00002009) c.jal   pc + 2
core   0: 0 0x800084ce (0x2009) x1  0x800084d0
core   0: 0x800084d0 (0x00003fd5) c.jal   pc - 12
core   0: 0 0x800084d0 (0x3fd5) x1  0x800084d2
core   0: 0x800084c4 (0x00002829) c.jal   pc + 26
core   0: 0 0x800084c4 (0x2829) x1  0x800084c6
core   0: 0x800084de (0xfebff36f) jal     t1, pc - 0x16
core   0: 0 0x800084de (0xfebff36f) x6  0x800084e2
core   0: 0x800084c8 (0x0000a829) c.j     pc + 26
core   0: 0 0x800084c8 (0xa829)
core   0: 0x800084e2 (0xfd3ff0ef) jal     pc - 0x2e
core   0: 0 0x800084e2 (0xfd3ff0ef) x1  0x800084e6
core   0: 0x800084b4 (0x0000bffd) c.j     pc - 2
core   0: 0 0x800084b4 (0xbffd)
core   0: 0x800084b2 (0x00002815) c.jal   pc + 52
core   0: 0 0x800084b2 (0x2815) x1  0x800084b4
core   0: 0x800084e6 (0x0000b7f5) c.j     pc - 20
core   0: 0 0x800084e6 (0xb7f5)
core   0: 0x800084d2 (0x00002829) c.jal   pc + 26
core   0: 0 0x800084d2 (0x2829) x1  0x800084d4
core   0: 0x800084ec (0x0000100f) fence.i
core   0: 0 0x800084ec (0x0000100f)
core   0: 0x800084f0 (0x00000001) c.nop
core   0: 0 0x800084f0 (0x0001)
core   0: 0x800084f2 (0x03ab6cb3) rem     s9, s6, s10
core   0: 0 0x800084f2 (0x03ab6cb3) x25 0x00000000
core   0: 0x800084f6 (0xc4057293) andi    t0, a0, -960
core   0: 0 0x800084f6 (0xc4057293) x5  0xf66a0400
core   0: 0x800084fa (0x02533db3) mulhu   s11, t1, t0
core   0: 0 0x800084fa (0x02533db3) x27 0x7b3581e8
core   0: 0x800084fe (0x0276c163) blt     a3, t2, pc + 34
core   0: 0 0x800084fe (0x0276c163)
core   0: 0x80008502 (0x03055a33) divu    s4, a0, a6
core   0: 0 0x80008502 (0x03055a33) x20 0x003c98f6
core   0: 0x80008506 (0x01d1adb3) slt     s11, gp, t4
core   0: 0 0x80008506 (0x01d1adb3) x27 0x00000000
core   0: 0x8000850a (0x0000ec91) c.bnez  s1, pc + 28
core   0: 0 0x8000850a (0xec91)
core   0: 0x80008526 (0x00009c4a) c.add   s8, s2
core   0: 0 0x80008526 (0x9c4a) x24 0xe1f0fdfa
core   0: 0x80008528 (0x00000001) c.nop
core   0: 0 0x80008528 (0x0001)
core   0: 0x8000852a (0x024862b3) rem     t0, a6, tp
core   0: 0 0x8000852a (0x024862b3) x5  0x00000411
core   0: 0x8000852e (0x00b04333) xor     t1, zero, a1
core   0: 0 0x8000852e (0x00b04333) x6  0xf66a0400
core   0: 0x80008532 (0x03048563) beq     s1, a6, pc + 42
core   0: 0 0x80008532 (0x03048563)
core   0: 0x80008536 (0x19f6c293) xori    t0, a3, 415
core   0: 0 0x80008536 (0x19f6c293) x5  0x0085b5ff
core   0: 0x8000853a (0x02eeb6b3) mulhu   a3, t4, a4
core   0: 0 0x8000853a (0x02eeb6b3) x13 0x00000000
core   0: 0x8000853e (0x00008b6e) c.mv    s6, s11
core   0: 0 0x8000853e (0x8b6e) x22 0x00000000
core   0: 0x80008540 (0x00008ec5) c.or    a3, s1
core   0: 0 0x80008540 (0x8ec5) x13 0x0080023c
core   0: 0x80008542 (0x00df4213) xori    tp, t5, 13
core   0: 0 0x80008542 (0x00df4213) x4  0x0000000d
core   0: 0x80008546 (0xa8152793) slti    a5, a0, -1407
core   0: 0 0x80008546 (0xa8152793) x15 0x00000001
core   0: 0x8000854a (0x00000001) c.nop
core   0: 0 0x8000854a (0x0001)
core   0: 0x8000854c (0x00ead4b3) srl     s1, s5, a4
core   0: 0 0x8000854c (0x00ead4b3) x9  0x00000000
core   0: 0x80008550 (0x043b6063) bltu    s6, gp, pc + 64
core   0: 0 0x80008550 (0x043b6063)
core   0: 0x80008590 (0x03b151b3) divu    gp, sp, s11
core   0: 0 0x80008590 (0x03b151b3) x3  0xffffffff
core   0: 0x80008594 (0x004a4db3) xor     s11, s4, tp
core   0: 0 0x80008594 (0x004a4db3) x27 0x003c98fb
core   0: 0x80008598 (0x00009436) c.add   s0, a3
core   0: 0 0x80008598 (0x9436) x8  0x151a26c4
core   0: 0x8000859a (0x03257b63) bgeu    a0, s2, pc + 54
core   0: 0 0x8000859a (0x03257b63)
core   0: 0x800085d0 (0x0ff0000f) fence   iorw,iorw
core   0: 0 0x800085d0 (0x0ff0000f)
core   0: 0x800085d4 (0x010b9593) slli    a1, s7, 16
core   0: 0 0x800085d4 (0x010b9593) x11 0xb56f0000
core   0: 0x800085d8 (0x0000e905) c.bnez  a0, pc + 48
core   0: 0 0x800085d8 (0xe905)
core   0: 0x80008608 (0x00009bfd) c.andi  a5, -1
core   0: 0 0x80008608 (0x9bfd) x15 0x00000001
core   0: 0x8000860a (0x0000e111) c.bnez  a0, pc + 4
core   0: 0 0x8000860a (0xe111)
core   0: 0x8000860e (0x01847db3) and     s11, s0, s8
core   0: 0 0x8000860e (0x01847db3) x27 0x011024c0
core   0: 0x80008612 (0x00004d31) c.li    s10, 12
core   0: 0 0x80008612 (0x4d31) x26 0x0000000c
core   0: 0x80008614 (0x02f60db3) mul     s11, a2, a5
core   0: 0 0x80008614 (0x02f60db3) x27 0x8001fe4c
core   0: 0x80008618 (0x0121c0b3) xor     ra, gp, s2
core   0: 0 0x80008618 (0x0121c0b3) x1  0x13752fff
core   0: 0x8000861c (0x0000100f) fence.i
core   0: 0 0x8000861c (0x0000100f)
core   0: 0x80008620 (0x01c45093) srli    ra, s0, 28
core   0: 0 0x80008620 (0x01c45093) x1  0x00000001
core   0: 0x80008624 (0x00009fa6) c.add   t6, s1
core   0: 0 0x80008624 (0x9fa6) x31 0x00000001
core   0: 0x80008626 (0x0ff0000f) fence   iorw,iorw
core   0: 0 0x80008626 (0x0ff0000f)
core   0: 0x8000862a (0x0214c663) blt     s1, ra, pc + 44
core   0: 0 0x8000862a (0x0214c663)
core   0: 0x80008656 (0x00008da5) c.xor   a1, s1
core   0: 0 0x80008656 (0x8da5) x11 0xb56f0000
core   0: 0x80008658 (0x01099c63) bne     s3, a6, pc + 24
core   0: 0 0x80008658 (0x01099c63)
core   0: 0x80008670 (0x000084ca) c.mv    s1, s2
core   0: 0 0x80008670 (0x84ca) x9  0xec8ad000
core   0: 0x80008672 (0x0083c5b3) xor     a1, t2, s0
core   0: 0 0x80008672 (0x0083c5b3) x11 0x151a26c4
core   0: 0x80008676 (0x00008cc9) c.or    s1, a0
core   0: 0 0x80008676 (0x8cc9) x9  0xfeead401
core   0: 0x80008678 (0x0000537d) c.li    t1, -1
core   0: 0 0x80008678 (0x537d) x6  0xffffffff
core   0: 0x8000867a (0x00006fa5) c.lui   t6, 0x9
core   0: 0 0x8000867a (0x6fa5) x31 0x00009000
core   0: 0x8000867c (0x0157df13) srli    t5, a5, 21
core   0: 0 0x8000867c (0x0157df13) x30 0x00000000
core   0: 0x80008680 (0x000001d6) c.slli  gp, 21
core   0: 0 0x80008680 (0x01d6) x3  0xffe00000
core   0: 0x80008682 (0x0000100f) fence.i
core   0: 0 0x80008682 (0x0000100f)
core   0: 0x80008686 (0x0296c3b3) div     t2, a3, s1
core   0: 0 0x80008686 (0x0296c3b3) x7  0x00000000
core   0: 0x8000868a (0x03c95a63) bge     s2, t3, pc + 52
core   0: 0 0x8000868a (0x03c95a63)
core   0: 0x8000868e (0x009273b3) and     t2, tp, s1
core   0: 0 0x8000868e (0x009273b3) x7  0x00000001
core   0: 0x80008692 (0x02d5c033) div     zero, a1, a3
core   0: 0 0x80008692 (0x02d5c033)
core   0: 0x80008696 (0x027d67b3) rem     a5, s10, t2
core   0: 0 0x80008696 (0x027d67b3) x15 0x00000000
core   0: 0x8000869a (0x57876893) ori     a7, a4, 1400
core   0: 0 0x8000869a (0x57876893) x17 0x80023dfc
core   0: 0x8000869e (0x00b0e463) bltu    ra, a1, pc + 8
core   0: 0 0x8000869e (0x00b0e463)
core   0: 0x800086a6 (0x5871f917) auipc   s2, 0x5871f
core   0: 0 0x800086a6 (0x5871f917) x18 0xd87276a6
core   0: 0x800086aa (0x003320b3) slt     ra, t1, gp
core   0: 0 0x800086aa (0x003320b3) x1  0x00000000
core   0: 0x800086ae (0x015f25b3) slt     a1, t5, s5
core   0: 0 0x800086ae (0x015f25b3) x11 0x00000000
core   0: 0x800086b2 (0xc971fc13) andi    s8, gp, -873
core   0: 0 0x800086b2 (0xc971fc13) x24 0xffe00000
core   0: 0x800086b6 (0x0000100f) fence.i
core   0: 0 0x800086b6 (0x0000100f)
core   0: 0x800086ba (0x7f52e093) ori     ra, t0, 2037
core   0: 0 0x800086ba (0x7f52e093) x1  0x0085b7ff
core   0: 0x800086be (0x0371d7b3) divu    a5, gp, s7
core   0: 0 0x800086be (0x0371d7b3) x15 0x000001e9
core   0: 0x800086c2 (0x00869a33) sll     s4, a3, s0
core   0: 0 0x800086c2 (0x00869a33) x20 0x080023c0
core   0: 0x800086c6 (0x11690b93) addi    s7, s2, 278
core   0: 0 0x800086c6 (0x11690b93) x23 0xd87277bc
core   0: 0x800086ca (0x0267ce33) div     t3, a5, t1
core   0: 0 0x800086ca (0x0267ce33) x28 0xfffffe17
core   0: 0x800086ce (0x00ce15b3) sll     a1, t3, a2
core   0: 0 0x800086ce (0x00ce15b3) x11 0xffe17000
core   0: 0x800086d2 (0x0000940a) c.add   s0, sp
core   0: 0 0x800086d2 (0x940a) x8  0x0afdbf59
core   0: 0x800086d4 (0x00008cf5) c.and   s1, a3
core   0: 0 0x800086d4 (0x8cf5) x9  0x00800000
core   0: 0x800086d6 (0x026de163) bltu    s11, t1, pc + 34
core   0: 0 0x800086d6 (0x026de163)
core   0: 0x800086f8 (0x00008c0d) c.sub   s0, a1
core   0: 0 0x800086f8 (0x8c0d) x8  0x0b1c4f59
core   0: 0x800086fa (0x00008d35) c.xor   a0, a3
core   0: 0 0x800086fa (0x8d35) x10 0xf6ea063d
core   0: 0x800086fc (0x00000001) c.nop
core   0: 0 0x800086fc (0x0001)
core   0: 0x800086fe (0x03f44763) blt     s0, t6, pc + 46
core   0: 0 0x800086fe (0x03f44763)
core   0: 0x80008702 (0x033c8db3) mul     s11, s9, s3
core   0: 0 0x80008702 (0x033c8db3) x27 0x00000000
core   0: 0x80008706 (0x0000987d) c.andi  s0, -1
core   0: 0 0x80008706 (0x987d) x8  0x0b1c4f59
core   0: 0x80008708 (0xcc6eed93) ori     s11, t4, -826
core   0: 0 0x80008708 (0xcc6eed93) x27 0xfffffcc7
core   0: 0x8000870c (0x00005d7d) c.li    s10, -1
core   0: 0 0x8000870c (0x5d7d) x26 0xffffffff
core   0: 0x8000870e (0x00008dc1) c.or    a1, s0
core   0: 0 0x8000870e (0x8dc1) x11 0xfffd7f59
core   0: 0x80008710 (0x0ff0000f) fence   iorw,iorw
core   0: 0 0x80008710 (0x0ff0000f)
core   0: 0x80008714 (0x02e2f7b3) remu    a5, t0, a4
core   0: 0 0x80008714 (0x02e2f7b3) x15 0x0085b5ff
core   0: 0x80008718 (0x03daf5b3) remu    a1, s5, t4
core   0: 0 0x80008718 (0x03daf5b3) x11 0x00000000
core   0: 0x8000871c (0x01271013) slli    zero, a4, 18
core   0: 0 0x8000871c (0x01271013)
core   0: 0x80008720 (0x030a02b3) mul     t0, s4, a6
core   0: 0 0x80008720 (0x030a02b3) x5  0x88915fc0
core   0: 0x80008724 (0x822a0a13) addi    s4, s4, -2014
core   0: 0 0x80008724 (0x822a0a13) x20 0x08001be2
core   0: 0x80008728 (0x0ff0000f) fence   iorw,iorw
core   0: 0 0x80008728 (0x0ff0000f)
core   0: 0x8000872c (0x000081f1) c.srli  a1, 28
core   0: 0 0x8000872c (0x81f1) x11 0x00000000
core   0: 0x8000872e (0x41cf09b3) sub     s3, t5, t3
core   0: 0 0x8000872e (0x41cf09b3) x19 0x000001e9
core   0: 0x80008732 (0x0000c2a9) c.beqz  a3, pc + 66
core   0: 0 0x80008732 (0xc2a9)
core   0: 0x80008734 (0x00008c99) c.sub   s1, a4
core   0: 0 0x80008734 (0x8c99) x9  0x807dc31c
core   0: 0x80008736 (0x00737833) and     a6, t1, t2
core   0: 0 0x80008736 (0x00737833) x16 0x00000001
core   0: 0x8000873a (0x0030cfb3) xor     t6, ra, gp
core   0: 0 0x8000873a (0x0030cfb3) x31 0xff65b7ff
core   0: 0x8000873e (0x021289b3) mul     s3, t0, ra
core   0: 0 0x8000873e (0x021289b3) x19 0xb300a040
core   0: 0x80008742 (0x00009b5a) c.add   s6, s6
core   0: 0 0x80008742 (0x9b5a) x22 0x00000000
core   0: 0x80008744 (0x0000e111) c.bnez  a0, pc + 4
core   0: 0 0x80008744 (0xe111)
core   0: 0x80008748 (0xda8ae817) auipc   a6, 0xda8ae
core   0: 0 0x80008748 (0xda8ae817) x16 0x5a8b6748
core   0: 0x8000874c (0x019301b3) add     gp, t1, s9
core   0: 0 0x8000874c (0x019301b3) x3  0xffffffff
core   0: 0x80008750 (0x025f7063) bgeu    t5, t0, pc + 32
core   0: 0 0x80008750 (0x025f7063)
core   0: 0x80008754 (0xa31da313) slti    t1, s11, -1487
core   0: 0 0x80008754 (0xa31da313) x6  0x00000000
core   0: 0x80008758 (0xa44d0a13) addi    s4, s10, -1468
core   0: 0 0x80008758 (0xa44d0a13) x20 0xfffffa43
core   0: 0x8000875c (0x0317ff33) remu    t5, a5, a7
core   0: 0 0x8000875c (0x0317ff33) x30 0x0085b5ff
core   0: 0x80008760 (0x0b1da213) slti    tp, s11, 177
core   0: 0 0x80008760 (0x0b1da213) x4  0x00000001
core   0: 0x80008764 (0x034a50b3) divu    ra, s4, s4
core   0: 0 0x80008764 (0x034a50b3) x1  0x00000001
core   0: 0x80008768 (0x03d5be33) mulhu   t3, a1, t4
core   0: 0 0x80008768 (0x03d5be33) x28 0x00000000
core   0: 0x8000876c (0x6de67513) andi    a0, a2, 1758
core   0: 0 0x8000876c (0x6de67513) x10 0x0000064c
core   0: 0x80008770 (0x00008595) c.srai  a1, 5
core   0: 0 0x80008770 (0x8595) x11 0x00000000
core   0: 0x80008772 (0x0000cc11) c.beqz  s0, pc + 28
core   0: 0 0x80008772 (0xcc11)
core   0: 0x80008774 (0x019e1d93) slli    s11, t3, 25
core   0: 0 0x80008774 (0x019e1d93) x27 0x00000000
core   0: 0x80008778 (0x000067c9) c.lui   a5, 0x12
core   0: 0 0x80008778 (0x67c9) x15 0x00012000
core   0: 0x8000877a (0x00008b99) c.andi  a5, 6
core   0: 0 0x8000877a (0x8b99) x15 0x00000000
core   0: 0x8000877c (0x00000001) c.nop
core   0: 0 0x8000877c (0x0001)
core   0: 0x8000877e (0xe8d68093) addi    ra, a3, -371
core   0: 0 0x8000877e (0xe8d68093) x1  0x008000c9
core   0: 0x80008782 (0x01c94e33) xor     t3, s2, t3
core   0: 0 0x80008782 (0x01c94e33) x28 0xd87276a6
core   0: 0x80008786 (0x0000100f) fence.i
core   0: 0 0x80008786 (0x0000100f)
core   0: 0x8000878a (0x007bc763) blt     s7, t2, pc + 14
core   0: 0 0x8000878a (0x007bc763)
core   0: 0x80008798 (0x026d7333) remu    t1, s10, t1
core   0: 0 0x80008798 (0x026d7333) x6  0xffffffff
core   0: 0x8000879c (0x70337693) andi    a3, t1, 1795
core   0: 0 0x8000879c (0x70337693) x13 0x00000703
core   0: 0x800087a0 (0xc904c193) xori    gp, s1, -880
core   0: 0 0x800087a0 (0xc904c193) x3  0x7f823f8c
core   0: 0x800087a4 (0x02f47eb3) remu    t4, s0, a5
core   0: 0 0x800087a4 (0x02f47eb3) x29 0x0b1c4f59
core   0: 0x800087a8 (0x03054463) blt     a0, a6, pc + 40
core   0: 0 0x800087a8 (0x03054463)
core   0: 0x800087d0 (0x000098d2) c.add   a7, s4
core   0: 0 0x800087d0 (0x98d2) x17 0x8002383f
core   0: 0x800087d2 (0x006e4b63) blt     t3, t1, pc + 22
core   0: 0 0x800087d2 (0x006e4b63)
core   0: 0x800087e8 (0x031efa33) remu    s4, t4, a7
core   0: 0 0x800087e8 (0x031efa33) x20 0x0b1c4f59
core   0: 0x800087ec (0x02c69c33) mulh    s8, a3, a2
core   0: 0 0x800087ec (0x02c69c33) x24 0xfffffc7e
core   0: 0x800087f0 (0x00006b85) c.lui   s7, 0x1
core   0: 0 0x800087f0 (0x6b85) x23 0x00001000
core   0: 0x800087f2 (0x02f7fc13) andi    s8, a5, 47
core   0: 0 0x800087f2 (0x02f7fc13) x24 0x00000000
core   0: 0x800087f6 (0x00008d09) c.sub   a0, a0
core   0: 0 0x800087f6 (0x8d09) x10 0x00000000
core   0: 0x800087f8 (0x06580863) beq     a6, t0, pc + 112
core   0: 0 0x800087f8 (0x06580863)
core   0: 0x800087fc (0x023cd333) divu    t1, s9, gp
core   0: 0 0x800087fc (0x023cd333) x6  0x00000000
core   0: 0x80008800 (0x01326d33) or      s10, tp, s3
core   0: 0 0x80008800 (0x01326d33) x26 0xb300a041
core   0: 0x80008804 (0x015a5c93) srli    s9, s4, 21
core   0: 0 0x80008804 (0x015a5c93) x25 0x00000058
core   0: 0x80008808 (0x034000ef) jal     pc + 0x34
core   0: 0 0x80008808 (0x034000ef) x1  0x8000880c
core   0: 0x8000883c (0x0000a019) c.j     pc + 6
core   0: 0 0x8000883c (0xa019)
core   0: 0x80008842 (0x00003fd1) c.jal   pc - 44
core   0: 0 0x80008842 (0x3fd1) x1  0x80008844
core   0: 0x80008816 (0x01c002ef) jal     t0, pc + 0x1c
core   0: 0 0x80008816 (0x01c002ef) x5  0x8000881a
core   0: 0x80008832 (0x0000bff5) c.j     pc - 4
core   0: 0 0x80008832 (0xbff5)
core   0: 0x8000882e (0x01a000ef) jal     pc + 0x1a
core   0: 0 0x8000882e (0x01a000ef) x1  0x80008832
core   0: 0x80008848 (0x000037f1) c.jal   pc - 52
core   0: 0 0x80008848 (0x37f1) x1  0x8000884a
core   0: 0x80008814 (0x00002015) c.jal   pc + 36
core   0: 0 0x80008814 (0x2015) x1  0x80008816
core   0: 0x80008838 (0xfedff2ef) jal     t0, pc - 0x14
core   0: 0 0x80008838 (0xfedff2ef) x5  0x8000883c
core   0: 0x80008824 (0x0000b7fd) c.j     pc - 18
core   0: 0 0x80008824 (0xb7fd)
core   0: 0x80008812 (0x00002031) c.jal   pc + 12
core   0: 0 0x80008812 (0x2031) x1  0x80008814
core   0: 0x8000881e (0x0000201d) c.jal   pc + 38
core   0: 0 0x8000881e (0x201d) x1  0x80008820
core   0: 0x80008844 (0x0000a019) c.j     pc + 6
core   0: 0 0x80008844 (0xa019)
core   0: 0x8000884a (0x000037c9) c.jal   pc - 62
core   0: 0 0x8000884a (0x37c9) x1  0x8000884c
core   0: 0x8000880c (0x0320036f) jal     t1, pc + 0x32
core   0: 0 0x8000880c (0x0320036f) x6  0x80008810
core   0: 0x8000883e (0xfddff26f) jal     tp, pc - 0x24
core   0: 0 0x8000883e (0xfddff26f) x4  0x80008842
core   0: 0x8000881a (0x0100036f) jal     t1, pc + 0x10
core   0: 0 0x8000881a (0x0100036f) x6  0x8000881e
core   0: 0x8000882a (0xff7ff36f) jal     t1, pc - 0xa
core   0: 0 0x8000882a (0xff7ff36f) x6  0x8000882e
core   0: 0x80008820 (0x0140036f) jal     t1, pc + 0x14
core   0: 0 0x80008820 (0x0140036f) x6  0x80008824
core   0: 0x80008834 (0xff3ff36f) jal     t1, pc - 0xe
core   0: 0 0x80008834 (0xff3ff36f) x6  0x80008838
core   0: 0x80008826 (0xfebff0ef) jal     pc - 0x16
core   0: 0 0x80008826 (0xfebff0ef) x1  0x8000882a
core   0: 0x80008810 (0x0000a81d) c.j     pc + 54
core   0: 0 0x80008810 (0xa81d)
core   0: 0x80008846 (0x00002019) c.jal   pc + 6
core   0: 0 0x80008846 (0x2019) x1  0x80008848
core   0: 0x8000884c (0x0000a009) c.j     pc + 2
core   0: 0 0x8000884c (0xa009)
core   0: 0x8000884e (0x40555c13) srai    s8, a0, 5
core   0: 0 0x8000884e (0x40555c13) x24 0x00000000
core   0: 0x80008852 (0x00fc5393) srli    t2, s8, 15
core   0: 0 0x80008852 (0x00fc5393) x7  0x00000000
core   0: 0x80008856 (0x020d9833) mulh    a6, s11, zero
core   0: 0 0x80008856 (0x020d9833) x16 0x00000000
core   0: 0x8000885a (0x00000001) c.nop
core   0: 0 0x8000885a (0x0001)
core   0: 0x8000885c (0x000080fa) c.mv    ra, t5
core   0: 0 0x8000885c (0x80fa) x1  0x0085b5ff
core   0: 0x8000885e (0x0000e805) c.bnez  s0, pc + 48
core   0: 0 0x8000885e (0xe805)
core   0: 0x8000888e (0x026d6363) bltu    s10, t1, pc + 38
core   0: 0 0x8000888e (0x026d6363)
core   0: 0x80008892 (0x416bd9b3) sra     s3, s7, s6
core   0: 0 0x80008892 (0x416bd9b3) x19 0x00001000
core   0: 0x80008896 (0x03917d33) remu    s10, sp, s9
core   0: 0 0x80008896 (0x03917d33) x26 0x0000002d
core   0: 0x8000889a (0x98f46593) ori     a1, s0, -1649
core   0: 0 0x8000889a (0x98f46593) x11 0xffffffdf
core   0: 0x8000889e (0x00522a33) slt     s4, tp, t0
core   0: 0 0x8000889e (0x00522a33) x20 0x00000000
core   0: 0x800088a2 (0x00006e31) c.lui   t3, 0xc
core   0: 0 0x800088a2 (0x6e31) x28 0x0000c000
core   0: 0x800088a4 (0x74e5c293) xori    t0, a1, 1870
core   0: 0 0x800088a4 (0x74e5c293) x5  0xfffff891
core   0: 0x800088a8 (0x0048c833) xor     a6, a7, tp
core   0: 0 0x800088a8 (0x0048c833) x16 0x0002b07d
core   0: 0x800088ac (0x02ea9163) bne     s5, a4, pc + 34
core   0: 0 0x800088ac (0x02ea9163)
core   0: 0x800088ce (0x400f5b93) srai    s7, t5, 0
core   0: 0 0x800088ce (0x400f5b93) x23 0x0085b5ff
core   0: 0x800088d2 (0x00006509) c.lui   a0, 0x2
core   0: 0 0x800088d2 (0x6509) x10 0x00002000
core   0: 0x800088d4 (0x01799b13) slli    s6, s3, 23
core   0: 0 0x800088d4 (0x01799b13) x22 0x00000000
core   0: 0x800088d8 (0xdae1f593) andi    a1, gp, -594
core   0: 0 0x800088d8 (0xdae1f593) x11 0x7f823d8c
core   0: 0x800088dc (0x00233033) sltu    zero, t1, sp
core   0: 0 0x800088dc (0x00233033)
core   0: 0x800088e0 (0x0000100f) fence.i
core   0: 0 0x800088e0 (0x0000100f)
core   0: 0x800088e4 (0x00008d31) c.xor   a0, a2
core   0: 0 0x800088e4 (0x8d31) x10 0x8001de4c
core   0: 0x800088e6 (0x0044e8b3) or      a7, s1, tp
core   0: 0 0x800088e6 (0x0044e8b3) x17 0x807dcb5e
core   0: 0x800088ea (0x013b1493) slli    s1, s6, 19
core   0: 0 0x800088ea (0x013b1493) x9  0x00000000
core   0: 0x800088ee (0xe990c593) xori    a1, ra, -359
core   0: 0 0x800088ee (0xe990c593) x11 0xff7a4b66
core   0: 0x800088f2 (0x03ba38b3) mulhu   a7, s4, s11
core   0: 0 0x800088f2 (0x03ba38b3) x17 0x00000000
core   0: 0x800088f6 (0x00000d2d) c.addi  s10, 11
core   0: 0 0x800088f6 (0x0d2d) x26 0x00000038
core   0: 0x800088f8 (0xe1e4b693) sltiu   a3, s1, -482
core   0: 0 0x800088f8 (0xe1e4b693) x13 0x00000001
core   0: 0x800088fc (0x03996c33) rem     s8, s2, s9
core   0: 0 0x800088fc (0x03996c33) x24 0xffffffee
core   0: 0x80008900 (0x0224ee33) rem     t3, s1, sp
core   0: 0 0x80008900 (0x0224ee33) x28 0x00000000
core   0: 0x80008904 (0x0031edb3) or      s11, gp, gp
core   0: 0 0x80008904 (0x0031edb3) x27 0x7f823f8c
core   0: 0x80008908 (0x0ff0000f) fence   iorw,iorw
core   0: 0 0x80008908 (0x0ff0000f)
core   0: 0x8000890c (0x010ebd33) sltu    s10, t4, a6
core   0: 0 0x8000890c (0x010ebd33) x26 0x00000000
core   0: 0x80008910 (0x03aabeb3) mulhu   t4, s5, s10
core   0: 0 0x80008910 (0x03aabeb3) x29 0x00000000
core   0: 0x80008914 (0x02e8f8b3) remu    a7, a7, a4
core   0: 0 0x80008914 (0x02e8f8b3) x17 0x00000000
core   0: 0x80008918 (0x00008d55) c.or    a0, a3
core   0: 0 0x80008918 (0x8d55) x10 0x8001de4d
core   0: 0x8000891a (0x004ad913) srli    s2, s5, 4
core   0: 0 0x8000891a (0x004ad913) x18 0x00000000
core   0: 0x8000891e (0x42692393) slti    t2, s2, 1062
core   0: 0 0x8000891e (0x42692393) x7  0x00000001
core   0: 0x80008922 (0x00d0dc33) srl     s8, ra, a3
core   0: 0 0x80008922 (0x00d0dc33) x24 0x0042daff
core   0: 0x80008926 (0x0000e595) c.bnez  a1, pc + 44
core   0: 0 0x80008926 (0xe595)
core   0: 0x80008952 (0x01e97863) bgeu    s2, t5, pc + 16
core   0: 0 0x80008952 (0x01e97863)
core   0: 0x80008956 (0x01764ab3) xor     s5, a2, s7
core   0: 0 0x80008956 (0x01764ab3) x21 0x80844bb3
core   0: 0x8000895a (0x0184aeb3) slt     t4, s1, s8
core   0: 0 0x8000895a (0x0184aeb3) x29 0x00000001
core   0: 0x8000895e (0x643af413) andi    s0, s5, 1603
core   0: 0 0x8000895e (0x643af413) x8  0x00000203
core   0: 0x80008962 (0x00000421) c.addi  s0, 8
core   0: 0 0x80008962 (0x0421) x8  0x0000020b
core   0: 0x80008964 (0x00008fd5) c.or    a5, a3
core   0: 0 0x80008964 (0x8fd5) x15 0x00000001
core   0: 0x80008966 (0x03f79463) bne     a5, t6, pc + 40
core   0: 0 0x80008966 (0x03f79463)
core   0: 0x8000898e (0x0000893e) c.mv    s2, a5
core   0: 0 0x8000898e (0x893e) x18 0x00000001
core   0: 0x80008990 (0x0ff0000f) fence   iorw,iorw
core   0: 0 0x80008990 (0x0ff0000f)
core   0: 0x80008994 (0x01ec5d63) bge     s8, t5, pc + 26
core   0: 0 0x80008994 (0x01ec5d63)
core   0: 0x80008998 (0x00008cf9) c.and   s1, a4
core   0: 0 0x80008998 (0x8cf9) x9  0x00000000
core   0: 0x8000899a (0x014a5c63) bge     s4, s4, pc + 24
core   0: 0 0x8000899a (0x014a5c63)
core   0: 0x800089b2 (0x000045d5) c.li    a1, 21
core   0: 0 0x800089b2 (0x45d5) x11 0x00000015
core   0: 0x800089b4 (0x0340d1b3) divu    gp, ra, s4
core   0: 0 0x800089b4 (0x0340d1b3) x3  0xffffffff
core   0: 0x800089b8 (0x419bd933) sra     s2, s7, s9
core   0: 0 0x800089b8 (0x419bd933) x18 0x00000000
core   0: 0x800089bc (0x00008b89) c.andi  a5, 2
core   0: 0 0x800089bc (0x8b89) x15 0x00000000
core   0: 0x800089be (0x02acc933) div     s2, s9, a0
core   0: 0 0x800089be (0x02acc933) x18 0x00000000
core   0: 0x800089c2 (0x000093b2) c.add   t2, a2
core   0: 0 0x800089c2 (0x93b2) x7  0x8001fe4d
core   0: 0x800089c4 (0x00c4e0b3) or      ra, s1, a2
core   0: 0 0x800089c4 (0x00c4e0b3) x1  0x8001fe4c
core   0: 0x800089c8 (0x0000100f) fence.i
core   0: 0 0x800089c8 (0x0000100f)
core   0: 0x800089cc (0xb2a2a993) slti    s3, t0, -1238
core   0: 0 0x800089cc (0xb2a2a993) x19 0x00000001
core   0: 0x800089d0 (0x009bcd63) blt     s7, s1, pc + 26
core   0: 0 0x800089d0 (0x009bcd63)
core   0: 0x800089d4 (0x825a3513) sltiu   a0, s4, -2011
core   0: 0 0x800089d4 (0x825a3513) x10 0x00000001
core   0: 0x800089d8 (0x0000858d) c.srai  a1, 3
core   0: 0 0x800089d8 (0x858d) x11 0x00000002
core   0: 0x800089da (0x03c79933) mulh    s2, a5, t3
core   0: 0 0x800089da (0x03c79933) x18 0x00000000
core   0: 0x800089de (0x01901463) bne     zero, s9, pc + 8
core   0: 0 0x800089de (0x01901463)
core   0: 0x800089e6 (0x03e816b3) mulh    a3, a6, t5
core   0: 0 0x800089e6 (0x03e816b3) x13 0x00000167
core   0: 0x800089ea (0x01aa6a33) or      s4, s4, s10
core   0: 0 0x800089ea (0x01aa6a33) x20 0x00000000
core   0: 0x800089ee (0xe64d3c13) sltiu   s8, s10, -412
core   0: 0 0x800089ee (0xe64d3c13) x24 0x00000001
core   0: 0x800089f2 (0x0000c505) c.beqz  a0, pc + 40
core   0: 0 0x800089f2 (0xc505)
core   0: 0x800089f4 (0x25c66193) ori     gp, a2, 604
core   0: 0 0x800089f4 (0x25c66193) x3  0x8001fe5c
core   0: 0x800089f8 (0xad70bdb7) lui     s11, 0xad70b
core   0: 0 0x800089f8 (0xad70bdb7) x27 0xad70b000
core   0: 0x800089fc (0x000065a9) c.lui   a1, 0xa
core   0: 0 0x800089fc (0x65a9) x11 0x0000a000
core   0: 0x800089fe (0x035a5033) divu    zero, s4, s5
core   0: 0 0x800089fe (0x035a5033)
core   0: 0x80008a02 (0x031f98b3) mulh    a7, t6, a7
core   0: 0 0x80008a02 (0x031f98b3) x17 0x00000000
core   0: 0x80008a06 (0x013bd413) srli    s0, s7, 19
core   0: 0 0x80008a06 (0x013bd413) x8  0x00000010
core   0: 0x80008a0a (0x00008c39) c.xor   s0, a4
core   0: 0 0x80008a0a (0x8c39) x8  0x80023cf4
core   0: 0x80008a0c (0x0000137d) c.addi  t1, -1
core   0: 0 0x80008a0c (0x137d) x6  0x80008837
core   0: 0x80008a0e (0x2a7f2a93) slti    s5, t5, 679
core   0: 0 0x80008a0e (0x2a7f2a93) x21 0x00000000
core   0: 0x80008a12 (0x0236f833) remu    a6, a3, gp
core   0: 0 0x80008a12 (0x0236f833) x16 0x00000167
core   0: 0x80008a16 (0x0000537d) c.li    t1, -1
core   0: 0 0x80008a16 (0x537d) x6  0xffffffff
core   0: 0x80008a18 (0x0000ca8d) c.beqz  a3, pc + 50
core   0: 0 0x80008a18 (0xca8d)
core   0: 0x80008a1a (0x0387ddb3) divu    s11, a5, s8
core   0: 0 0x80008a1a (0x0387ddb3) x27 0x00000000
core   0: 0x80008a1e (0x0281ceb3) div     t4, gp, s0
core   0: 0 0x80008a1e (0x0281ceb3) x29 0x00000001
core   0: 0x80008a22 (0x02bdf033) remu    zero, s11, a1
core   0: 0 0x80008a22 (0x02bdf033)
core   0: 0x80008a26 (0x40dede33) sra     t3, t4, a3
core   0: 0 0x80008a26 (0x40dede33) x28 0x00000000
core   0: 0x80008a2a (0x0095e433) or      s0, a1, s1
core   0: 0 0x80008a2a (0x0095e433) x8  0x0000a000
core   0: 0x80008a2e (0x03877033) remu    zero, a4, s8
core   0: 0 0x80008a2e (0x03877033)
core   0: 0x80008a32 (0x009f41b3) xor     gp, t5, s1
core   0: 0 0x80008a32 (0x009f41b3) x3  0x0085b5ff
core   0: 0x80008a36 (0x0ff0000f) fence   iorw,iorw
core   0: 0 0x80008a36 (0x0ff0000f)
core   0: 0x80008a3a (0x0000100f) fence.i
core   0: 0 0x80008a3a (0x0000100f)
core   0: 0x80008a3e (0x6c926513) ori     a0, tp, 1737
core   0: 0 0x80008a3e (0x6c926513) x10 0x80008ecb
core   0: 0x80008a42 (0x00008151) c.srli  a0, 20
core   0: 0 0x80008a42 (0x8151) x10 0x00000800
core   0: 0x80008a44 (0x69448413) addi    s0, s1, 1684
core   0: 0 0x80008a44 (0x69448413) x8  0x00000694
core   0: 0x80008a48 (0x00008506) c.mv    a0, ra
core   0: 0 0x80008a48 (0x8506) x10 0x8001fe4c
core   0: 0x80008a4a (0x408e8e33) sub     t3, t4, s0
core   0: 0 0x80008a4a (0x408e8e33) x28 0xfffff96d
core   0: 0x80008a4e (0x012b9813) slli    a6, s7, 18
core   0: 0 0x80008a4e (0x012b9813) x16 0xd7fc0000
core   0: 0x80008a52 (0x00cd05b3) add     a1, s10, a2
core   0: 0 0x80008a52 (0x00cd05b3) x11 0x8001fe4c
core   0: 0x80008a56 (0xbf5ab413) sltiu   s0, s5, -1035
core   0: 0 0x80008a56 (0xbf5ab413) x8  0x00000001
core   0: 0x80008a5a (0x010fc363) blt     t6, a6, pc + 6
core   0: 0 0x80008a5a (0x010fc363)
core   0: 0x80008a5e (0x00008912) c.mv    s2, tp
core   0: 0 0x80008a5e (0x8912) x18 0x80008842
core   0: 0x80008a60 (0x01a1d813) srli    a6, gp, 26
core   0: 0 0x80008a60 (0x01a1d813) x16 0x00000000
core   0: 0x80008a64 (0x013906b3) add     a3, s2, s3
core   0: 0 0x80008a64 (0x013906b3) x13 0x80008843
core   0: 0x80008a68 (0x41398d33) sub     s10, s3, s3
core   0: 0 0x80008a68 (0x41398d33) x26 0x00000000
core   0: 0x80008a6c (0x00004379) c.li    t1, 30
core   0: 0 0x80008a6c (0x4379) x6  0x0000001e
core   0: 0x80008a6e (0x0388e563) bltu    a7, s8, pc + 42
core   0: 0 0x80008a6e (0x0388e563)
core   0: 0x80008a98 (0x00000001) c.nop
core   0: 0 0x80008a98 (0x0001)
core   0: 0x80008a9a (0x0079f763) bgeu    s3, t2, pc + 14
core   0: 0 0x80008a9a (0x0079f763)
core   0: 0x80008a9e (0x00b932b3) sltu    t0, s2, a1
core   0: 0 0x80008a9e (0x00b932b3) x5  0x00000001
core   0: 0x80008aa2 (0x028a9933) mulh    s2, s5, s0
core   0: 0 0x80008aa2 (0x028a9933) x18 0x00000000
core   0: 0x80008aa6 (0x00008e9d) c.sub   a3, a5
core   0: 0 0x80008aa6 (0x8e9d) x13 0x80008843
core   0: 0x80008aa8 (0x00008fc5) c.or    a5, s1
core   0: 0 0x80008aa8 (0x8fc5) x15 0x00000000
core   0: 0x80008aaa (0x028b0c33) mul     s8, s6, s0
core   0: 0 0x80008aaa (0x028b0c33) x24 0x00000000
core   0: 0x80008aae (0xffbb3db7) lui     s11, 0xffbb3
core   0: 0 0x80008aae (0xffbb3db7) x27 0xffbb3000
core   0: 0x80008ab2 (0x00008d09) c.sub   a0, a0
core   0: 0 0x80008ab2 (0x8d09) x10 0x00000000
core   0: 0x80008ab4 (0x411e5e13) srai    t3, t3, 17
core   0: 0 0x80008ab4 (0x411e5e13) x28 0xffffffff
core   0: 0x80008ab8 (0x0000812d) c.srli  a0, 11
core   0: 0 0x80008ab8 (0x812d) x10 0x00000000
core   0: 0x80008aba (0x00008c99) c.sub   s1, a4
core   0: 0 0x80008aba (0x8c99) x9  0x7ffdc31c
core   0: 0x80008abc (0x0218fbb3) remu    s7, a7, ra
core   0: 0 0x80008abc (0x0218fbb3) x23 0x00000000
core   0: 0x80008ac0 (0xd44dfe13) andi    t3, s11, -700
core   0: 0 0x80008ac0 (0xd44dfe13) x28 0xffbb3000
core   0: 0x80008ac4 (0x00008af9) c.andi  a3, 30
core   0: 0 0x80008ac4 (0x8af9) x13 0x00000002
core   0: 0x80008ac6 (0x00008edd) c.or    a3, a5
core   0: 0 0x80008ac6 (0x8edd) x13 0x00000002
core   0: 0x80008ac8 (0x005cd463) bge     s9, t0, pc + 8
core   0: 0 0x80008ac8 (0x005cd463)
core   0: 0x80008ad0 (0x408987b3) sub     a5, s3, s0
core   0: 0 0x80008ad0 (0x408987b3) x15 0x00000000
core   0: 0x80008ad4 (0x779770b7) lui     ra, 0x77977
core   0: 0 0x80008ad4 (0x779770b7) x1  0x77977000
core   0: 0x80008ad8 (0x026ac4b3) div     s1, s5, t1
core   0: 0 0x80008ad8 (0x026ac4b3) x9  0x00000000
core   0: 0x80008adc (0x41b30c33) sub     s8, t1, s11
core   0: 0 0x80008adc (0x41b30c33) x24 0x0044d01e
core   0: 0x80008ae0 (0x01aa4db3) xor     s11, s4, s10
core   0: 0 0x80008ae0 (0x01aa4db3) x27 0x00000000
core   0: 0x80008ae4 (0x020b5a33) divu    s4, s6, zero
core   0: 0 0x80008ae4 (0x020b5a33) x20 0xffffffff
core   0: 0x80008ae8 (0x0000100f) fence.i
core   0: 0 0x80008ae8 (0x0000100f)
core   0: 0x80008aec (0x0176eab3) or      s5, a3, s7
core   0: 0 0x80008aec (0x0176eab3) x21 0x00000002
core   0: 0x80008af0 (0x00000001) c.nop
core   0: 0 0x80008af0 (0x0001)
core   0: 0x80008af2 (0x01b4b233) sltu    tp, s1, s11
core   0: 0 0x80008af2 (0x01b4b233) x4  0x00000000
core   0: 0x80008af6 (0x000099fd) c.andi  a1, -1
core   0: 0 0x80008af6 (0x99fd) x11 0x8001fe4c
core   0: 0x80008af8 (0x00000001) c.nop
core   0: 0 0x80008af8 (0x0001)
core   0: 0x80008afa (0x01d8bd33) sltu    s10, a7, t4
core   0: 0 0x80008afa (0x01d8bd33) x26 0x00000001
core   0: 0x80008afe (0x0153aeb3) slt     t4, t2, s5
core   0: 0 0x80008afe (0x0153aeb3) x29 0x00000001
core   0: 0x80008b02 (0xf204c097) auipc   ra, 0xf204c
core   0: 0 0x80008b02 (0xf204c097) x1  0x72054b02
core   0: 0x80008b06 (0xbbdf8993) addi    s3, t6, -1091
core   0: 0 0x80008b06 (0xbbdf8993) x19 0xff65b3bc
core   0: 0x80008b0a (0x41e20933) sub     s2, tp, t5
core   0: 0 0x80008b0a (0x41e20933) x18 0xff7a4a01
core   0: 0x80008b0e (0x030e3033) mulhu   zero, t3, a6
core   0: 0 0x80008b0e (0x030e3033)
core   0: 0x80008b12 (0x000082fd) c.srli  a3, 31
core   0: 0 0x80008b12 (0x82fd) x13 0x00000000
core   0: 0x80008b14 (0x00008cc1) c.or    s1, s0
core   0: 0 0x80008b14 (0x8cc1) x9  0x00000001
core   0: 0x80008b16 (0x02783ab3) mulhu   s5, a6, t2
core   0: 0 0x80008b16 (0x02783ab3) x21 0x00000000
core   0: 0x80008b1a (0x00df65b3) or      a1, t5, a3
core   0: 0 0x80008b1a (0x00df65b3) x11 0x0085b5ff
core   0: 0x80008b1e (0x01ff1333) sll     t1, t5, t6
core   0: 0 0x80008b1e (0x01ff1333) x6  0x80000000
core   0: 0x80008b22 (0x6065a193) slti    gp, a1, 1542
core   0: 0 0x80008b22 (0x6065a193) x3  0x00000000
core   0: 0x80008b26 (0x405c0d33) sub     s10, s8, t0
core   0: 0 0x80008b26 (0x405c0d33) x26 0x0044d01d
core   0: 0x80008b2a (0x0000100f) fence.i
core   0: 0 0x80008b2a (0x0000100f)
core   0: 0x80008b2e (0x00008dc5) c.or    a1, s1
core   0: 0 0x80008b2e (0x8dc5) x11 0x0085b5ff
core   0: 0x80008b30 (0xde3ff797) auipc   a5, 0xde3ff
core   0: 0 0x80008b30 (0xde3ff797) x15 0x5e407b30
core   0: 0x80008b34 (0x0000818e) c.mv    gp, gp
core   0: 0 0x80008b34 (0x818e) x3  0x00000000
core   0: 0x80008b36 (0x0242cc93) xori    s9, t0, 36
core   0: 0 0x80008b36 (0x0242cc93) x25 0x00000025
core   0: 0x80008b3a (0x00006c79) c.lui   s8, 0x1e
core   0: 0 0x80008b3a (0x6c79) x24 0x0001e000
core   0: 0x80008b3c (0x00bc2433) slt     s0, s8, a1
core   0: 0 0x80008b3c (0x00bc2433) x8  0x00000001
core   0: 0x80008b40 (0x00c29533) sll     a0, t0, a2
core   0: 0 0x80008b40 (0x00c29533) x10 0x00001000
core   0: 0x80008b44 (0x05550063) beq     a0, s5, pc + 64
core   0: 0 0x80008b44 (0x05550063)
core   0: 0x80008b48 (0x0000e125) c.bnez  a0, pc + 96
core   0: 0 0x80008b48 (0xe125)
core   0: 0x80008ba8 (0x02ddcab3) div     s5, s11, a3
core   0: 0 0x80008ba8 (0x02ddcab3) x21 0xffffffff
core   0: 0x80008bac (0x0042c0b3) xor     ra, t0, tp
core   0: 0 0x80008bac (0x0042c0b3) x1  0x00000001
core   0: 0x80008bb0 (0x00a51893) slli    a7, a0, 10
core   0: 0 0x80008bb0 (0x00a51893) x17 0x00400000
core   0: 0x80008bb4 (0x00009862) c.add   a6, s8
core   0: 0 0x80008bb4 (0x9862) x16 0x0001e000
core   0: 0x80008bb6 (0x00006325) c.lui   t1, 0x9
core   0: 0 0x80008bb6 (0x6325) x6  0x00009000
core   0: 0x80008bb8 (0x000083a9) c.srli  a5, 10
core   0: 0 0x80008bb8 (0x83a9) x15 0x0017901e
core   0: 0x80008bba (0x02dcad33) mulhsu  s10, s9, a3
core   0: 0 0x80008bba (0x02dcad33) x26 0x00000000
core   0: 0x80008bbe (0xa8f2b913) sltiu   s2, t0, -1393
core   0: 0 0x80008bbe (0xa8f2b913) x18 0x00000001
core   0: 0x80008bc2 (0x008a9793) slli    a5, s5, 8
core   0: 0 0x80008bc2 (0x008a9793) x15 0xffffff00
core   0: 0x80008bc6 (0x00000995) c.addi  s3, 5
core   0: 0 0x80008bc6 (0x0995) x19 0xff65b3c1
core   0: 0x80008bc8 (0x00e61263) bne     a2, a4, pc + 4
core   0: 0 0x80008bc8 (0x00e61263)
core   0: 0x80008bcc (0x4747a993) slti    s3, a5, 1140
core   0: 0 0x80008bcc (0x4747a993) x19 0x00000001
core   0: 0x80008bd0 (0x00004fe1) c.li    t6, 24
core   0: 0 0x80008bd0 (0x4fe1) x31 0x00000018
core   0: 0x80008bd2 (0x00008cd5) c.or    s1, a3
core   0: 0 0x80008bd2 (0x8cd5) x9  0x00000001
core   0: 0x80008bd4 (0x02cc9363) bne     s9, a2, pc + 38
core   0: 0 0x80008bd4 (0x02cc9363)
core   0: 0x80008bfa (0x00008da9) c.xor   a1, a0
core   0: 0 0x80008bfa (0x8da9) x11 0x0085a5ff
core   0: 0x80008bfc (0x0ff0000f) fence   iorw,iorw
core   0: 0 0x80008bfc (0x0ff0000f)
core   0: 0x80008c00 (0x028bc363) blt     s7, s0, pc + 38
core   0: 0 0x80008c00 (0x028bc363)
core   0: 0x80008c26 (0x007dd6b3) srl     a3, s11, t2
core   0: 0 0x80008c26 (0x007dd6b3) x13 0x00000000
core   0: 0x80008c2a (0x40918233) sub     tp, gp, s1
core   0: 0 0x80008c2a (0x40918233) x4  0xffffffff
core   0: 0x80008c2e (0x015cd333) srl     t1, s9, s5
core   0: 0 0x80008c2e (0x015cd333) x6  0x00000000
core   0: 0x80008c32 (0x8981fa93) andi    s5, gp, -1896
core   0: 0 0x80008c32 (0x8981fa93) x21 0x00000000
core   0: 0x80008c36 (0x03ba69b3) rem     s3, s4, s11
core   0: 0 0x80008c36 (0x03ba69b3) x19 0xffffffff
core   0: 0x80008c3a (0x00008c45) c.or    s0, s1
core   0: 0 0x80008c3a (0x8c45) x8  0x00000001
core   0: 0x80008c3c (0x019f9d63) bne     t6, s9, pc + 26
core   0: 0 0x80008c3c (0x019f9d63)
core   0: 0x80008c56 (0x008e4d63) blt     t3, s0, pc + 26
core   0: 0 0x80008c56 (0x008e4d63)
core   0: 0x80008c70 (0x01b4fb33) and     s6, s1, s11
core   0: 0 0x80008c70 (0x01b4fb33) x22 0x00000000
core   0: 0x80008c74 (0x005b1c93) slli    s9, s6, 5
core   0: 0 0x80008c74 (0x005b1c93) x25 0x00000000
core   0: 0x80008c78 (0x0cca8013) addi    zero, s5, 204
core   0: 0 0x80008c78 (0x0cca8013)
core   0: 0x80008c7c (0xfaaefc13) andi    s8, t4, -86
core   0: 0 0x80008c7c (0xfaaefc13) x24 0x00000000
core   0: 0x80008c80 (0x007cce63) blt     s9, t2, pc + 28
core   0: 0 0x80008c80 (0x007cce63)
core   0: 0x80008c84 (0x00008c31) c.xor   s0, a2
core   0: 0 0x80008c84 (0x8c31) x8  0x8001fe4d
core   0: 0x80008c86 (0x02d83533) mulhu   a0, a6, a3
core   0: 0 0x80008c86 (0x02d83533) x10 0x00000000
core   0: 0x80008c8a (0x00380a63) beq     a6, gp, pc + 20
core   0: 0 0x80008c8a (0x00380a63)
core   0: 0x80008c8e (0x00009bfd) c.andi  a5, -1
core   0: 0 0x80008c8e (0x9bfd) x15 0xffffff00
core   0: 0x80008c90 (0x01286a63) bltu    a6, s2, pc + 20
core   0: 0 0x80008c90 (0x01286a63)
core   0: 0x80008c94 (0x00008eb9) c.xor   a3, a4
core   0: 0 0x80008c94 (0x8eb9) x13 0x80023ce4
core   0: 0x80008c96 (0x03e2ddb3) divu    s11, t0, t5
core   0: 0 0x80008c96 (0x03e2ddb3) x27 0x00000000
core   0: 0x80008c9a (0x00008fb9) c.xor   a5, a4
core   0: 0 0x80008c9a (0x8fb9) x15 0x7ffdc3e4
core   0: 0x80008c9c (0x00006e11) c.lui   t3, 0x4
core   0: 0 0x80008c9c (0x6e11) x28 0x00004000
core   0: 0x80008c9e (0x00008e89) c.sub   a3, a0
core   0: 0 0x80008c9e (0x8e89) x13 0x80023ce4
core   0: 0x80008ca0 (0x025e69b3) rem     s3, t3, t0
core   0: 0 0x80008ca0 (0x025e69b3) x19 0x00000000
core   0: 0x80008ca4 (0x00008041) c.srli  s0, 16
core   0: 0 0x80008ca4 (0x8041) x8  0x00008001
core   0: 0x80008ca6 (0x026acc33) div     s8, s5, t1
core   0: 0 0x80008ca6 (0x026acc33) x24 0xffffffff
core   0: 0x80008caa (0x0000100f) fence.i
core   0: 0 0x80008caa (0x0000100f)
core   0: 0x80008cae (0x00008c85) c.sub   s1, s1
core   0: 0 0x80008cae (0x8c85) x9  0x00000000
core   0: 0x80008cb0 (0x0000100f) fence.i
core   0: 0 0x80008cb0 (0x0000100f)
core   0: 0x80008cb4 (0x0173ce63) blt     t2, s7, pc + 28
core   0: 0 0x80008cb4 (0x0173ce63)
core   0: 0x80008cd0 (0x007d62b3) or      t0, s10, t2
core   0: 0 0x80008cd0 (0x007d62b3) x5  0x8001fe4d
core   0: 0x80008cd4 (0x00b61533) sll     a0, a2, a1
core   0: 0 0x80008cd4 (0x00b61533) x10 0x00000000
core   0: 0x80008cd8 (0xffaa8593) addi    a1, s5, -6
core   0: 0 0x80008cd8 (0xffaa8593) x11 0xfffffffa
core   0: 0x80008cdc (0x0036df13) srli    t5, a3, 3
core   0: 0 0x80008cdc (0x0036df13) x30 0x1000479c
core   0: 0x80008ce0 (0x00008559) c.srai  a0, 22
core   0: 0 0x80008ce0 (0x8559) x10 0x00000000
core   0: 0x80008ce2 (0x00fa8263) beq     s5, a5, pc + 4
core   0: 0 0x80008ce2 (0x00fa8263)
core   0: 0x80008ce6 (0x018d5b63) bge     s10, s8, pc + 22
core   0: 0 0x80008ce6 (0x018d5b63)
core   0: 0x80008cfc (0x0000547d) c.li    s0, -1
core   0: 0 0x80008cfc (0x547d) x8  0xffffffff
core   0: 0x80008cfe (0x038c7963) bgeu    s8, s8, pc + 50
core   0: 0 0x80008cfe (0x038c7963)
core   0: 0x80008d30 (0x0000987d) c.andi  s0, -1
core   0: 0 0x80008d30 (0x987d) x8  0xffffffff
core   0: 0x80008d32 (0x996cbe93) sltiu   t4, s9, -1642
core   0: 0 0x80008d32 (0x996cbe93) x29 0x00000001
core   0: 0x80008d36 (0xf2d5f013) andi    zero, a1, -211
core   0: 0 0x80008d36 (0xf2d5f013)
core   0: 0x80008d3a (0x00001c7d) c.addi  s8, -1
core   0: 0 0x80008d3a (0x1c7d) x24 0xfffffffe
core   0: 0x80008d3c (0x2fdbabb7) lui     s7, 0x2fdba
core   0: 0 0x80008d3c (0x2fdbabb7) x23 0x2fdba000
core   0: 0x80008d40 (0x0132df63) bge     t0, s3, pc + 30
core   0: 0 0x80008d40 (0x0132df63)
core   0: 0x80008d44 (0x03015033) divu    zero, sp, a6
core   0: 0 0x80008d44 (0x03015033)
core   0: 0x80008d48 (0x00b43b33) sltu    s6, s0, a1
core   0: 0 0x80008d48 (0x00b43b33) x22 0x00000000
core   0: 0x80008d4c (0x011e75b3) and     a1, t3, a7
core   0: 0 0x80008d4c (0x011e75b3) x11 0x00000000
core   0: 0x80008d50 (0x00724833) xor     a6, tp, t2
core   0: 0 0x80008d50 (0x00724833) x16 0x7ffe01b2
core   0: 0x80008d54 (0x0000100f) fence.i
core   0: 0 0x80008d54 (0x0000100f)
core   0: 0x80008d58 (0x028614b3) mulh    s1, a2, s0
core   0: 0 0x80008d58 (0x028614b3) x9  0x00000000
core   0: 0x80008d5c (0x00000001) c.nop
core   0: 0 0x80008d5c (0x0001)
core   0: 0x80008d5e (0x03be81b3) mul     gp, t4, s11
core   0: 0 0x80008d5e (0x03be81b3) x3  0x00000000
core   0: 0x80008d62 (0x03038b93) addi    s7, t2, 48
core   0: 0 0x80008d62 (0x03038b93) x23 0x8001fe7d
core   0: 0x80008d66 (0x02ff6433) rem     s0, t5, a5
core   0: 0 0x80008d66 (0x02ff6433) x8  0x1000479c
core   0: 0x80008d6a (0x00462083) lw      ra, 4(a2)
core   0: 0 0x80008d6a (0x00462083) x1  0x80003324 mem 0x8001fe50
core   0: 0x80008d6e (0x032d46b3) div     a3, s10, s2
core   0: 0 0x80008d6e (0x032d46b3) x13 0x00000000
core   0: 0x80008d72 (0x00008c41) c.or    s0, s0
core   0: 0 0x80008d72 (0x8c41) x8  0x1000479c
core   0: 0x80008d74 (0x00000661) c.addi  a2, 24
core   0: 0 0x80008d74 (0x0661) x12 0x8001fe64
core   0: 0x80008d76 (0x03897d33) remu    s10, s2, s8
core   0: 0 0x80008d76 (0x03897d33) x26 0x00000001
core   0: 0x80008d7a (0x0000100f) fence.i
core   0: 0 0x80008d7a (0x0000100f)
core   0: 0x80008d7e (0x00108213) addi    tp, ra, 1
core   0: 0 0x80008d7e (0x00108213) x4  0x80003325
core   0: 0x80008d82 (0x00008202) c.jr    tp
core   0: 0 0x80008d82 (0x8202)
core   0: 0x80003324 (0x000083b9) c.srli  a5, 14
core   0: 0 0x80003324 (0x83b9) x15 0x0001fff7
core   0: 0x80003326 (0x01b8e333) or      t1, a7, s11
core   0: 0 0x80003326 (0x01b8e333) x6  0x00400000
core   0: 0x8000332a (0x00000d97) auipc   s11, 0x0
core   0: 0 0x8000332a (0x00000d97) x27 0x8000332a
core   0: 0x8000332e (0x136d8d93) addi    s11, s11, 310
core   0: 0 0x8000332e (0x136d8d93) x27 0x80003460
core   0: 0x80003332 (0xeb8d8d93) addi    s11, s11, -328
core   0: 0 0x80003332 (0xeb8d8d93) x27 0x80003318
core   0: 0x80003336 (0x000045d9) c.li    a1, 22
core   0: 0 0x80003336 (0x45d9) x11 0x00000016
core   0: 0x80003338 (0x00431663) bne     t1, tp, pc + 12
core   0: 0 0x80003338 (0x00431663)
core   0: 0x80003344 (0x148d80e7) jalr    ra, s11, 328
core   0: 0 0x80003344 (0x148d80e7) x1  0x80003348
core   0: 0x80003460 (0x000086f1) c.srai  a3, 28
core   0: 0 0x80003460 (0x86f1) x13 0x00000000
core   0: 0x80003462 (0x01bd6363) bltu    s10, s11, pc + 6
core   0: 0 0x80003462 (0x01bd6363)
core   0: 0x80003468 (0xfc860613) addi    a2, a2, -56
core   0: 0 0x80003468 (0xfc860613) x12 0x8001fe2c
core   0: 0x8000346c (0x00162223) sw      ra, 4(a2)
core   0: 0 0x8000346c (0x00162223) mem 0x8001fe30 0x80003348
core   0: 0x80003470 (0x015c62b3) or      t0, s8, s5
core   0: 0 0x80003470 (0x015c62b3) x5  0xfffffffe
core   0: 0x80003474 (0x044000ef) jal     pc + 0x44
core   0: 0 0x80003474 (0x044000ef) x1  0x80003478
core   0: 0x800034b8 (0x00003fc5) c.jal   pc - 16
core   0: 0 0x800034b8 (0x3fc5) x1  0x800034ba
core   0: 0x800034a8 (0xfe5ff6ef) jal     a3, pc - 0x1c
core   0: 0 0x800034a8 (0xfe5ff6ef) x13 0x800034ac
core   0: 0x8000348c (0xff5ff36f) jal     t1, pc - 0xc
core   0: 0 0x8000348c (0xff5ff36f) x6  0x80003490
core   0: 0x80003480 (0x0000a801) c.j     pc + 16
core   0: 0 0x80003480 (0xa801)
core   0: 0x80003490 (0x0000a02d) c.j     pc + 42
core   0: 0 0x80003490 (0xa02d)
core   0: 0x800034ba (0x0000b7e1) c.j     pc - 56
core   0: 0 0x800034ba (0xb7e1)
core   0: 0x80003482 (0x014000ef) jal     pc + 0x14
core   0: 0 0x80003482 (0x014000ef) x1  0x80003486
core   0: 0x80003496 (0x00002839) c.jal   pc + 30
core   0: 0 0x80003496 (0x2839) x1  0x80003498
core   0: 0x800034b4 (0xfefff36f) jal     t1, pc - 0x12
core   0: 0 0x800034b4 (0xfefff36f) x6  0x800034b8
core   0: 0x800034a2 (0x0000a029) c.j     pc + 10
core   0: 0 0x800034a2 (0xa029)
core   0: 0x800034ac (0xfdbff2ef) jal     t0, pc - 0x26
core   0: 0 0x800034ac (0xfdbff2ef) x5  0x800034b0
core   0: 0x80003486 (0x0000a811) c.j     pc + 20
core   0: 0 0x80003486 (0xa811)
core   0: 0x8000349a (0x000037cd) c.jal   pc - 30
core   0: 0 0x8000349a (0x37cd) x1  0x8000349c
core   0: 0x8000347c (0x016000ef) jal     pc + 0x16
core   0: 0 0x8000347c (0x016000ef) x1  0x80003480
core   0: 0x80003492 (0x000037dd) c.jal   pc - 26
core   0: 0 0x80003492 (0x37dd) x1  0x80003494
core   0: 0x80003478 (0x0240026f) jal     tp, pc + 0x24
core   0: 0 0x80003478 (0x0240026f) x4  0x8000347c
core   0: 0x8000349c (0x00002005) c.jal   pc + 32
core   0: 0 0x8000349c (0x2005) x1  0x8000349e
core   0: 0x800034bc (0x0000b7f1) c.j     pc - 52
core   0: 0 0x800034bc (0xb7f1)
core   0: 0x80003488 (0x0000a819) c.j     pc + 22
core   0: 0 0x80003488 (0xa819)
core   0: 0x8000349e (0xfedff0ef) jal     pc - 0x14
core   0: 0 0x8000349e (0xfedff0ef) x1  0x800034a2
core   0: 0x8000348a (0x00002029) c.jal   pc + 10
core   0: 0 0x8000348a (0x2029) x1  0x8000348c
core   0: 0x80003494 (0x00002801) c.jal   pc + 16
core   0: 0 0x80003494 (0x2801) x1  0x80003496
core   0: 0x800034a4 (0xff5ff26f) jal     tp, pc - 0xc
core   0: 0 0x800034a4 (0xff5ff26f) x4  0x800034a8
core   0: 0x80003498 (0x0000a821) c.j     pc + 24
core   0: 0 0x80003498 (0xa821)
core   0: 0x800034b0 (0x00e000ef) jal     pc + 0xe
core   0: 0 0x800034b0 (0x00e000ef) x1  0x800034b4
core   0: 0x800034be (0x73ea8497) auipc   s1, 0x73ea8
core   0: 0 0x800034be (0x73ea8497) x9  0xf3eab4be
core   0: 0x800034c2 (0x010000ef) jal     pc + 0x10
core   0: 0 0x800034c2 (0x010000ef) x1  0x800034c6
core   0: 0x800034d2 (0x0000bffd) c.j     pc - 2
core   0: 0 0x800034d2 (0xbffd)
core   0: 0x800034d0 (0x00003fe5) c.jal   pc - 8
core   0: 0 0x800034d0 (0x3fe5) x1  0x800034d2
core   0: 0x800034c8 (0x004001ef) jal     gp, pc + 0x4
core   0: 0 0x800034c8 (0x004001ef) x3  0x800034cc
core   0: 0x800034cc (0x01a006ef) jal     a3, pc + 0x1a
core   0: 0 0x800034cc (0x01a006ef) x13 0x800034d0
core   0: 0x800034e6 (0x0000bfe5) c.j     pc - 8
core   0: 0 0x800034e6 (0xbfe5)
core   0: 0x800034de (0x0000bffd) c.j     pc - 2
core   0: 0 0x800034de (0xbffd)
core   0: 0x800034dc (0x00002019) c.jal   pc + 6
core   0: 0 0x800034dc (0x2019) x1  0x800034de
core   0: 0x800034e2 (0xff7ff2ef) jal     t0, pc - 0xa
core   0: 0 0x800034e2 (0xff7ff2ef) x5  0x800034e6
core   0: 0x800034d8 (0x00800eef) jal     t4, pc + 0x8
core   0: 0 0x800034d8 (0x00800eef) x29 0x800034dc
core   0: 0x800034e0 (0x00002021) c.jal   pc + 8
core   0: 0 0x800034e0 (0x2021) x1  0x800034e2
core   0: 0x800034e8 (0xfefff0ef) jal     pc - 0x12
core   0: 0 0x800034e8 (0xfefff0ef) x1  0x800034ec
core   0: 0x800034d6 (0x00003fc5) c.jal   pc - 16
core   0: 0 0x800034d6 (0x3fc5) x1  0x800034d8
core   0: 0x800034c6 (0x00002039) c.jal   pc + 14
core   0: 0 0x800034c6 (0x2039) x1  0x800034c8
core   0: 0x800034d4 (0x0000a821) c.j     pc + 24
core   0: 0 0x800034d4 (0xa821)
core   0: 0x800034ec (0x004000ef) jal     pc + 0x4
core   0: 0 0x800034ec (0x004000ef) x1  0x800034f0
core   0: 0x800034f0 (0x011c1bb3) sll     s7, s8, a7
core   0: 0 0x800034f0 (0x011c1bb3) x23 0xfffffffe
core   0: 0x800034f4 (0x026000ef) jal     pc + 0x26
core   0: 0 0x800034f4 (0x026000ef) x1  0x800034f8
core   0: 0x8000351a (0x000037d5) c.jal   pc - 28
core   0: 0 0x8000351a (0x37d5) x1  0x8000351c
core   0: 0x800034fe (0x026000ef) jal     pc + 0x26
core   0: 0 0x800034fe (0x026000ef) x1  0x80003502
core   0: 0x80003524 (0x0000a011) c.j     pc + 4
core   0: 0 0x80003524 (0xa011)
core   0: 0x80003528 (0x00c004ef) jal     s1, pc + 0xc
core   0: 0 0x80003528 (0x00c004ef) x9  0x8000352c
core   0: 0x80003534 (0x000037cd) c.jal   pc - 30
core   0: 0 0x80003534 (0x37cd) x1  0x80003536
core   0: 0x80003516 (0x0000b7dd) c.j     pc - 26
core   0: 0 0x80003516 (0xb7dd)
core   0: 0x800034fc (0x00002805) c.jal   pc + 48
core   0: 0 0x800034fc (0x2805) x1  0x800034fe
core   0: 0x8000352c (0xfe7ff0ef) jal     pc - 0x1a
core   0: 0 0x8000352c (0xfe7ff0ef) x1  0x80003530
core   0: 0x80003512 (0xff3ff0ef) jal     pc - 0xe
core   0: 0 0x80003512 (0xff3ff0ef) x1  0x80003516
core   0: 0x80003504 (0x02e000ef) jal     pc + 0x2e
core   0: 0 0x80003504 (0x02e000ef) x1  0x80003508
core   0: 0x80003532 (0x0000bfe9) c.j     pc - 38
core   0: 0 0x80003532 (0xbfe9)
core   0: 0x8000350c (0xfedff0ef) jal     pc - 0x14
core   0: 0 0x8000350c (0xfedff0ef) x1  0x80003510
core   0: 0x800034f8 (0x00a000ef) jal     pc + 0xa
core   0: 0 0x800034f8 (0x00a000ef) x1  0x800034fc
core   0: 0x80003502 (0x0000203d) c.jal   pc + 46
core   0: 0 0x80003502 (0x203d) x1  0x80003504
core   0: 0x80003530 (0x0000b7fd) c.j     pc - 18
core   0: 0 0x80003530 (0xb7fd)
core   0: 0x8000351e (0x00002021) c.jal   pc + 8
core   0: 0 0x8000351e (0x2021) x1  0x80003520
core   0: 0x80003526 (0x00003fed) c.jal   pc - 6
core   0: 0 0x80003526 (0x3fed) x1  0x80003528
core   0: 0x80003520 (0xff9ff46f) jal     s0, pc - 0x8
core   0: 0 0x80003520 (0xff9ff46f) x8  0x80003524
core   0: 0x80003518 (0x00003fc5) c.jal   pc - 16
core   0: 0 0x80003518 (0x3fc5) x1  0x8000351a
core   0: 0x80003508 (0x0080036f) jal     t1, pc + 0x8
core   0: 0 0x80003508 (0x0080036f) x6  0x8000350c
core   0: 0x80003510 (0x00002031) c.jal   pc + 12
core   0: 0 0x80003510 (0x2031) x1  0x80003512
core   0: 0x8000351c (0x0000a829) c.j     pc + 26
core   0: 0 0x8000351c (0xa829)
core   0: 0x80003536 (0x000008b5) c.addi  a7, 13
core   0: 0 0x80003536 (0x08b5) x17 0x0040000d
core   0: 0x80003538 (0x00e000ef) jal     pc + 0xe
core   0: 0 0x80003538 (0x00e000ef) x1  0x8000353c
core   0: 0x80003546 (0x0000a009) c.j     pc + 2
core   0: 0 0x80003546 (0xa009)
core   0: 0x80003548 (0x00002015) c.jal   pc + 36
core   0: 0 0x80003548 (0x2015) x1  0x8000354a
core   0: 0x8000356c (0xfffff36f) jal     t1, pc - 0x2
core   0: 0 0x8000356c (0xfffff36f) x6  0x80003570
core   0: 0x8000356a (0x0000bff5) c.j     pc - 4
core   0: 0 0x8000356a (0xbff5)
core   0: 0x80003566 (0x012000ef) jal     pc + 0x12
core   0: 0 0x80003566 (0x012000ef) x1  0x8000356a
core   0: 0x80003578 (0xfd3ff0ef) jal     pc - 0x2e
core   0: 0 0x80003578 (0xfd3ff0ef) x1  0x8000357c
core   0: 0x8000354a (0x0000a809) c.j     pc + 18
core   0: 0 0x8000354a (0xa809)
core   0: 0x8000355c (0x0080036f) jal     t1, pc + 0x8
core   0: 0 0x8000355c (0x0080036f) x6  0x80003560
core   0: 0x80003564 (0x00002809) c.jal   pc + 18
core   0: 0 0x80003564 (0x2809) x1  0x80003566
core   0: 0x80003576 (0x0000bfe1) c.j     pc - 40
core   0: 0 0x80003576 (0xbfe1)
core   0: 0x8000354e (0x0000a019) c.j     pc + 6
core   0: 0 0x8000354e (0xa019)
core   0: 0x80003554 (0x000037f5) c.jal   pc - 20
core   0: 0 0x80003554 (0x37f5) x1  0x80003556
core   0: 0x80003540 (0x00002801) c.jal   pc + 16
core   0: 0 0x80003540 (0x2801) x1  0x80003542
core   0: 0x80003550 (0xffdff0ef) jal     pc - 0x4
core   0: 0 0x80003550 (0xffdff0ef) x1  0x80003554
core   0: 0x8000354c (0x00002025) c.jal   pc + 40
core   0: 0 0x8000354c (0x2025) x1  0x8000354e
core   0: 0x80003574 (0x000037f9) c.jal   pc - 50
core   0: 0 0x80003574 (0x37f9) x1  0x80003576
core   0: 0x80003542 (0x01e000ef) jal     pc + 0x1e
core   0: 0 0x80003542 (0x01e000ef) x1  0x80003546
core   0: 0x80003560 (0xff7ff26f) jal     tp, pc - 0xa
core   0: 0 0x80003560 (0xff7ff26f) x4  0x80003564
core   0: 0x80003556 (0x0000a829) c.j     pc + 26
core   0: 0 0x80003556 (0xa829)
core   0: 0x80003570 (0xfcdff0ef) jal     pc - 0x34
core   0: 0 0x80003570 (0xfcdff0ef) x1  0x80003574
core   0: 0x8000353c (0x00002009) c.jal   pc + 2
core   0: 0 0x8000353c (0x2009) x1  0x8000353e
core   0: 0x8000353e (0x00002829) c.jal   pc + 26
core   0: 0 0x8000353e (0x2829) x1  0x80003540
core   0: 0x80003558 (0x00002009) c.jal   pc + 2
core   0: 0 0x80003558 (0x2009) x1  0x8000355a
core   0: 0x8000355a (0x0000200d) c.jal   pc + 34
core   0: 0 0x8000355a (0x200d) x1  0x8000355c
core   0: 0x8000357c (0x00009b2a) c.add   s6, a0
core   0: 0 0x8000357c (0x9b2a) x22 0x00000000
core   0: 0x8000357e (0x012000ef) jal     pc + 0x12
core   0: 0 0x8000357e (0x012000ef) x1  0x80003582
core   0: 0x80003590 (0x00003ff5) c.jal   pc - 4
core   0: 0 0x80003590 (0x3ff5) x1  0x80003592
core   0: 0x8000358c (0x0000bfdd) c.j     pc - 10
core   0: 0 0x8000358c (0xbfdd)
core   0: 0x80003582 (0x00002831) c.jal   pc + 28
core   0: 0 0x80003582 (0x2831) x1  0x80003584
core   0: 0x8000359e (0x0000bfc5) c.j     pc - 16
core   0: 0 0x8000359e (0xbfc5)
core   0: 0x8000358e (0x0000a811) c.j     pc + 20
core   0: 0 0x8000358e (0xa811)
core   0: 0x800035a2 (0xffbff36f) jal     t1, pc - 0x6
core   0: 0 0x800035a2 (0xffbff36f) x6  0x800035a6
core   0: 0x8000359c (0x0000b7f5) c.j     pc - 20
core   0: 0 0x8000359c (0xb7f5)
core   0: 0x80003588 (0x018000ef) jal     pc + 0x18
core   0: 0 0x80003588 (0x018000ef) x1  0x8000358c
core   0: 0x800035a0 (0x0000bfdd) c.j     pc - 10
core   0: 0 0x800035a0 (0xbfdd)
core   0: 0x80003596 (0xfefff36f) jal     t1, pc - 0x12
core   0: 0 0x80003596 (0xfefff36f) x6  0x8000359a
core   0: 0x80003584 (0x00002039) c.jal   pc + 14
core   0: 0 0x80003584 (0x2039) x1  0x80003586
core   0: 0x80003592 (0x00002021) c.jal   pc + 8
core   0: 0 0x80003592 (0x2021) x1  0x80003594
core   0: 0x8000359a (0x000037f5) c.jal   pc - 20
core   0: 0 0x8000359a (0x37f5) x1  0x8000359c
core   0: 0x80003586 (0x00002039) c.jal   pc + 14
core   0: 0 0x80003586 (0x2039) x1  0x80003588
core   0: 0x80003594 (0x0000a809) c.j     pc + 18
core   0: 0 0x80003594 (0xa809)
core   0: 0x800035a6 (0x00f8deb3) srl     t4, a7, a5
core   0: 0 0x800035a6 (0x00f8deb3) x29 0x00000000
core   0: 0x800035aa (0x00c000ef) jal     pc + 0xc
core   0: 0 0x800035aa (0x00c000ef) x1  0x800035ae
core   0: 0x800035b6 (0x00003fe5) c.jal   pc - 8
core   0: 0 0x800035b6 (0x3fe5) x1  0x800035b8
core   0: 0x800035ae (0x00002009) c.jal   pc + 2
core   0: 0 0x800035ae (0x2009) x1  0x800035b0
core   0: 0x800035b0 (0x010000ef) jal     pc + 0x10
core   0: 0 0x800035b0 (0x010000ef) x1  0x800035b4
core   0: 0x800035c0 (0xff9fffef) jal     t6, pc - 0x8
core   0: 0 0x800035c0 (0xff9fffef) x31 0x800035c4
core   0: 0x800035b8 (0x0000a801) c.j     pc + 16
core   0: 0 0x800035b8 (0xa801)
core   0: 0x800035c8 (0x000037f5) c.jal   pc - 20
core   0: 0 0x800035c8 (0x37f5) x1  0x800035ca
core   0: 0x800035b4 (0x00002029) c.jal   pc + 10
core   0: 0 0x800035b4 (0x2029) x1  0x800035b6
core   0: 0x800035be (0x00003ff5) c.jal   pc - 4
core   0: 0 0x800035be (0x3ff5) x1  0x800035c0
core   0: 0x800035ba (0x00a00cef) jal     s9, pc + 0xa
core   0: 0 0x800035ba (0x00a00cef) x25 0x800035be
core   0: 0x800035c4 (0x006002ef) jal     t0, pc + 0x6
core   0: 0 0x800035c4 (0x006002ef) x5  0x800035c8
core   0: 0x800035ca (0x0000100f) fence.i
core   0: 0 0x800035ca (0x0000100f)
core   0: 0x800035ce (0x006000ef) jal     pc + 0x6
core   0: 0 0x800035ce (0x006000ef) x1  0x800035d2
core   0: 0x800035d4 (0x00e000ef) jal     pc + 0xe
core   0: 0 0x800035d4 (0x00e000ef) x1  0x800035d8
core   0: 0x800035e2 (0x0000bfc5) c.j     pc - 16
core   0: 0 0x800035e2 (0xbfc5)
core   0: 0x800035d2 (0x00002819) c.jal   pc + 22
core   0: 0 0x800035d2 (0x2819) x1  0x800035d4
core   0: 0x800035e8 (0x0000a011) c.j     pc + 4
core   0: 0 0x800035e8 (0xa011)
core   0: 0x800035ec (0xfefff0ef) jal     pc - 0x12
core   0: 0 0x800035ec (0xfefff0ef) x1  0x800035f0
core   0: 0x800035da (0x0000a019) c.j     pc + 6
core   0: 0 0x800035da (0xa019)
core   0: 0x800035e0 (0x0000bffd) c.j     pc - 2
core   0: 0 0x800035e0 (0xbffd)
core   0: 0x800035de (0x0000bffd) c.j     pc - 2
core   0: 0 0x800035de (0xbffd)
core   0: 0x800035dc (0x0000bff5) c.j     pc - 4
core   0: 0 0x800035dc (0xbff5)
core   0: 0x800035d8 (0x0000a031) c.j     pc + 12
core   0: 0 0x800035d8 (0xa031)
core   0: 0x800035e4 (0x006000ef) jal     pc + 0x6
core   0: 0 0x800035e4 (0x006000ef) x1  0x800035e8
core   0: 0x800035ea (0x00002019) c.jal   pc + 6
core   0: 0 0x800035ea (0x2019) x1  0x800035ec
core   0: 0x800035f0 (0x00008cbd) c.xor   s1, a5
core   0: 0 0x800035f0 (0x8cbd) x9  0x8001cadb
core   0: 0x800035f2 (0x008000ef) jal     pc + 0x8
core   0: 0 0x800035f2 (0x008000ef) x1  0x800035f6
core   0: 0x800035fa (0x00002809) c.jal   pc + 18
core   0: 0 0x800035fa (0x2809) x1  0x800035fc
core   0: 0x8000360c (0xff5ff0ef) jal     pc - 0xc
core   0: 0 0x8000360c (0xff5ff0ef) x1  0x80003610
core   0: 0x80003600 (0x00003fe5) c.jal   pc - 8
core   0: 0 0x80003600 (0x3fe5) x1  0x80003602
core   0: 0x800035f8 (0x00002831) c.jal   pc + 28
core   0: 0 0x800035f8 (0x2831) x1  0x800035fa
core   0: 0x80003614 (0xfe3ff36f) jal     t1, pc - 0x1e
core   0: 0 0x80003614 (0xfe3ff36f) x6  0x80003618
core   0: 0x800035f6 (0x00002809) c.jal   pc + 18
core   0: 0 0x800035f6 (0x2809) x1  0x800035f8
core   0: 0x80003608 (0xff5ff0ef) jal     pc - 0xc
core   0: 0 0x80003608 (0xff5ff0ef) x1  0x8000360c
core   0: 0x800035fc (0x00002029) c.jal   pc + 10
core   0: 0 0x800035fc (0x2029) x1  0x800035fe
core   0: 0x80003606 (0x0000a029) c.j     pc + 10
core   0: 0 0x80003606 (0xa029)
core   0: 0x80003610 (0xff3ff36f) jal     t1, pc - 0xe
core   0: 0 0x80003610 (0xff3ff36f) x6  0x80003614
core   0: 0x80003602 (0xffdff0ef) jal     pc - 0x4
core   0: 0 0x80003602 (0xffdff0ef) x1  0x80003606
core   0: 0x800035fe (0x00002829) c.jal   pc + 26
core   0: 0 0x800035fe (0x2829) x1  0x80003600
core   0: 0x80003618 (0x00008c69) c.and   s0, a0
core   0: 0 0x80003618 (0x8c69) x8  0x00000000
core   0: 0x8000361a (0x01a000ef) jal     pc + 0x1a
core   0: 0 0x8000361a (0x01a000ef) x1  0x8000361e
core   0: 0x80003634 (0x00003fed) c.jal   pc - 6
core   0: 0 0x80003634 (0x3fed) x1  0x80003636
core   0: 0x8000362e (0x00003fcd) c.jal   pc - 14
core   0: 0 0x8000362e (0x3fcd) x1  0x80003630
core   0: 0x80003620 (0x00002009) c.jal   pc + 2
core   0: 0 0x80003620 (0x2009) x1  0x80003622
core   0: 0x80003622 (0x00e000ef) jal     pc + 0xe
core   0: 0 0x80003622 (0x00e000ef) x1  0x80003626
core   0: 0x80003630 (0x00c0036f) jal     t1, pc + 0xc
core   0: 0 0x80003630 (0x00c0036f) x6  0x80003634
core   0: 0x8000363c (0x0000b7cd) c.j     pc - 30
core   0: 0 0x8000363c (0xb7cd)
core   0: 0x8000361e (0x0000a005) c.j     pc + 32
core   0: 0 0x8000361e (0xa005)
core   0: 0x8000363e (0x0000a009) c.j     pc + 2
core   0: 0 0x8000363e (0xa009)
core   0: 0x80003640 (0xfe9ff0ef) jal     pc - 0x18
core   0: 0 0x80003640 (0xfe9ff0ef) x1  0x80003644
core   0: 0x80003628 (0x0000a831) c.j     pc + 28
core   0: 0 0x80003628 (0xa831)
core   0: 0x80003644 (0x0000b7cd) c.j     pc - 30
core   0: 0 0x80003644 (0xb7cd)
core   0: 0x80003626 (0x00002801) c.jal   pc + 16
core   0: 0 0x80003626 (0x2801) x1  0x80003628
core   0: 0x80003636 (0x010000ef) jal     pc + 0x10
core   0: 0 0x80003636 (0x010000ef) x1  0x8000363a
core   0: 0x80003646 (0xff5ff0ef) jal     pc - 0xc
core   0: 0 0x80003646 (0xff5ff0ef) x1  0x8000364a
core   0: 0x8000363a (0x00003fc5) c.jal   pc - 16
core   0: 0 0x8000363a (0x3fc5) x1  0x8000363c
core   0: 0x8000362a (0x0200036f) jal     t1, pc + 0x20
core   0: 0 0x8000362a (0x0200036f) x6  0x8000362e
core   0: 0x8000364a (0x0000100f) fence.i
core   0: 0 0x8000364a (0x0000100f)
core   0: 0x8000364e (0x010000ef) jal     pc + 0x10
core   0: 0 0x8000364e (0x010000ef) x1  0x80003652
core   0: 0x8000365e (0x0000280d) c.jal   pc + 50
core   0: 0 0x8000365e (0x280d) x1  0x80003660
core   0: 0x80003690 (0xfcbff0ef) jal     pc - 0x36
core   0: 0 0x80003690 (0xfcbff0ef) x1  0x80003694
core   0: 0x8000365a (0x01a00b6f) jal     s6, pc + 0x1a
core   0: 0 0x8000365a (0x01a00b6f) x22 0x8000365e
core   0: 0x80003674 (0x0000a019) c.j     pc + 6
core   0: 0 0x80003674 (0xa019)
core   0: 0x8000367a (0x0000a839) c.j     pc + 30
core   0: 0 0x8000367a (0xa839)
core   0: 0x80003698 (0x00003fcd) c.jal   pc - 14
core   0: 0 0x80003698 (0x3fcd) x1  0x8000369a
core   0: 0x8000368a (0xfdfff36f) jal     t1, pc - 0x22
core   0: 0 0x8000368a (0xfdfff36f) x6  0x8000368e
core   0: 0x80003668 (0x00002009) c.jal   pc + 2
core   0: 0 0x80003668 (0x2009) x1  0x8000366a
core   0: 0x8000366a (0x030000ef) jal     pc + 0x30
core   0: 0 0x8000366a (0x030000ef) x1  0x8000366e
core   0: 0x8000369a (0x0000bfd1) c.j     pc - 44
core   0: 0 0x8000369a (0xbfd1)
core   0: 0x8000366e (0xfebff0ef) jal     pc - 0x16
core   0: 0 0x8000366e (0xfebff0ef) x1  0x80003672
core   0: 0x80003658 (0x0000a029) c.j     pc + 10
core   0: 0 0x80003658 (0xa029)
core   0: 0x80003662 (0x00002801) c.jal   pc + 16
core   0: 0 0x80003662 (0x2801) x1  0x80003664
core   0: 0x80003672 (0x0000b7c5) c.j     pc - 32
core   0: 0 0x80003672 (0xb7c5)
core   0: 0x80003652 (0x00002035) c.jal   pc + 44
core   0: 0 0x80003652 (0x2035) x1  0x80003654
core   0: 0x8000367e (0x004000ef) jal     pc + 0x4
core   0: 0 0x8000367e (0x004000ef) x1  0x80003682
core   0: 0x80003682 (0x00003fed) c.jal   pc - 6
core   0: 0 0x80003682 (0x3fed) x1  0x80003684
core   0: 0x8000367c (0x00002809) c.jal   pc + 18
core   0: 0 0x8000367c (0x2809) x1  0x8000367e
core   0: 0x8000368e (0x00003fd9) c.jal   pc - 42
core   0: 0 0x8000368e (0x3fd9) x1  0x80003690
core   0: 0x80003664 (0x024000ef) jal     pc + 0x24
core   0: 0 0x80003664 (0x024000ef) x1  0x80003668
core   0: 0x80003688 (0x00003ff5) c.jal   pc - 4
core   0: 0 0x80003688 (0x3ff5) x1  0x8000368a
core   0: 0x80003684 (0x0000bff1) c.j     pc - 36
core   0: 0 0x80003684 (0xbff1)
core   0: 0x80003660 (0x0000201d) c.jal   pc + 38
core   0: 0 0x80003660 (0x201d) x1  0x80003662
core   0: 0x80003686 (0x0000a039) c.j     pc + 14
core   0: 0 0x80003686 (0xa039)
core   0: 0x80003694 (0xfe3ff0ef) jal     pc - 0x1e
core   0: 0 0x80003694 (0xfe3ff0ef) x1  0x80003698
core   0: 0x80003676 (0xfdfff0ef) jal     pc - 0x22
core   0: 0 0x80003676 (0xfdfff0ef) x1  0x8000367a
core   0: 0x80003654 (0x0000a009) c.j     pc + 2
core   0: 0 0x80003654 (0xa009)
core   0: 0x80003656 (0x00002099) c.jal   pc + 70
core   0: 0 0x80003656 (0x2099) x1  0x80003658
core   0: 0x8000369c (0x56e80313) addi    t1, a6, 1390
core   0: 0 0x8000369c (0x56e80313) x6  0x7ffe0720
core   0: 0x800036a0 (0x012000ef) jal     pc + 0x12
core   0: 0 0x800036a0 (0x012000ef) x1  0x800036a4
core   0: 0x800036b2 (0x0000a039) c.j     pc + 14
core   0: 0 0x800036b2 (0xa039)
core   0: 0x800036c0 (0x00002809) c.jal   pc + 18
core   0: 0 0x800036c0 (0x2809) x1  0x800036c2
core   0: 0x800036d2 (0x0000a011) c.j     pc + 4
core   0: 0 0x800036d2 (0xa011)
core   0: 0x800036d6 (0x0000a821) c.j     pc + 24
core   0: 0 0x800036d6 (0xa821)
core   0: 0x800036ee (0xff9ff0ef) jal     pc - 0x8
core   0: 0 0x800036ee (0xff9ff0ef) x1  0x800036f2
core   0: 0x800036e6 (0x000037f9) c.jal   pc - 50
core   0: 0 0x800036e6 (0x37f9) x1  0x800036e8
core   0: 0x800036b4 (0x00003fc5) c.jal   pc - 16
core   0: 0 0x800036b4 (0x3fc5) x1  0x800036b6
core   0: 0x800036a4 (0x00002809) c.jal   pc + 18
core   0: 0 0x800036a4 (0x2809) x1  0x800036a6
core   0: 0x800036b6 (0x010000ef) jal     pc + 0x10
core   0: 0 0x800036b6 (0x010000ef) x1  0x800036ba
core   0: 0x800036c6 (0x00002819) c.jal   pc + 22
core   0: 0 0x800036c6 (0x2819) x1  0x800036c8
core   0: 0x800036dc (0xfcbff0ef) jal     pc - 0x36
core   0: 0 0x800036dc (0xfcbff0ef) x1  0x800036e0
core   0: 0x800036a6 (0x042000ef) jal     pc + 0x42
core   0: 0 0x800036a6 (0x042000ef) x1  0x800036aa
core   0: 0x800036e8 (0xfe7fff6f) jal     t5, pc - 0x1a
core   0: 0 0x800036e8 (0xfe7fff6f) x30 0x800036ec
core   0: 0x800036ce (0x00002819) c.jal   pc + 22
core   0: 0 0x800036ce (0x2819) x1  0x800036d0
core   0: 0x800036e4 (0x0000bfd5) c.j     pc - 12
core   0: 0 0x800036e4 (0xbfd5)
core   0: 0x800036d8 (0xff9ff0ef) jal     pc - 0x8
core   0: 0 0x800036d8 (0xff9ff0ef) x1  0x800036dc
core   0: 0x800036d0 (0x0000bfcd) c.j     pc - 14
core   0: 0 0x800036d0 (0xbfcd)
core   0: 0x800036c2 (0x02a0036f) jal     t1, pc + 0x2a
core   0: 0 0x800036c2 (0x02a0036f) x6  0x800036c6
core   0: 0x800036ec (0x00003f7d) c.jal   pc - 66
core   0: 0 0x800036ec (0x3f7d) x1  0x800036ee
core   0: 0x800036aa (0x0000a02d) c.j     pc + 42
core   0: 0 0x800036aa (0xa02d)
core   0: 0x800036d4 (0x0000b7dd) c.j     pc - 26
core   0: 0 0x800036d4 (0xb7dd)
core   0: 0x800036ba (0x0000a809) c.j     pc + 18
core   0: 0 0x800036ba (0xa809)
core   0: 0x800036cc (0x0000b7cd) c.j     pc - 30
core   0: 0 0x800036cc (0xb7cd)
core   0: 0x800036ae (0x0000bffd) c.j     pc - 2
core   0: 0 0x800036ae (0xbffd)
core   0: 0x800036ac (0x0000a801) c.j     pc + 16
core   0: 0 0x800036ac (0xa801)
core   0: 0x800036bc (0x024006ef) jal     a3, pc + 0x24
core   0: 0 0x800036bc (0x024006ef) x13 0x800036c0
core   0: 0x800036e0 (0xfe9ff8ef) jal     a7, pc - 0x18
core   0: 0 0x800036e0 (0xfe9ff8ef) x17 0x800036e4
core   0: 0x800036c8 (0xfe9ff0ef) jal     pc - 0x18
core   0: 0 0x800036c8 (0xfe9ff0ef) x1  0x800036cc
core   0: 0x800036b0 (0x00002089) c.jal   pc + 66
core   0: 0 0x800036b0 (0x2089) x1  0x800036b2
core   0: 0x800036f2 (0x0000100f) fence.i
core   0: 0 0x800036f2 (0x0000100f)
core   0: 0x800036f6 (0x00a000ef) jal     pc + 0xa
core   0: 0 0x800036f6 (0x00a000ef) x1  0x800036fa
core   0: 0x80003700 (0x01a000ef) jal     pc + 0x1a
core   0: 0 0x80003700 (0x01a000ef) x1  0x80003704
core   0: 0x8000371a (0x00003fe5) c.jal   pc - 8
core   0: 0 0x8000371a (0x3fe5) x1  0x8000371c
core   0: 0x80003712 (0xff9ff36f) jal     t1, pc - 0x8
core   0: 0 0x80003712 (0xff9ff36f) x6  0x80003716
core   0: 0x8000370a (0x00400fef) jal     t6, pc + 0x4
core   0: 0 0x8000370a (0x00400fef) x31 0x8000370e
core   0: 0x8000370e (0xff9ff36f) jal     t1, pc - 0x8
core   0: 0 0x8000370e (0xff9ff36f) x6  0x80003712
core   0: 0x80003706 (0x00002829) c.jal   pc + 26
core   0: 0 0x80003706 (0x2829) x1  0x80003708
core   0: 0x80003720 (0xfe9ff8ef) jal     a7, pc - 0x18
core   0: 0 0x80003720 (0xfe9ff8ef) x17 0x80003724
core   0: 0x80003708 (0x0000bfcd) c.j     pc - 14
core   0: 0 0x80003708 (0xbfcd)
core   0: 0x800036fa (0x004002ef) jal     t0, pc + 0x4
core   0: 0 0x800036fa (0x004002ef) x5  0x800036fe
core   0: 0x800036fe (0x0000a019) c.j     pc + 6
core   0: 0 0x800036fe (0xa019)
core   0: 0x80003704 (0x00002829) c.jal   pc + 26
core   0: 0 0x80003704 (0x2829) x1  0x80003706
core   0: 0x8000371e (0x00003ffd) c.jal   pc - 2
core   0: 0 0x8000371e (0x3ffd) x1  0x80003720
core   0: 0x8000371c (0x00003fed) c.jal   pc - 6
core   0: 0 0x8000371c (0x3fed) x1  0x8000371e
core   0: 0x80003716 (0x00e000ef) jal     pc + 0xe
core   0: 0 0x80003716 (0x00e000ef) x1  0x8000371a
core   0: 0x80003724 (0x00044e33) xor     t3, s0, zero
core   0: 0 0x80003724 (0x00044e33) x28 0x00000000
core   0: 0x80003728 (0x01e000ef) jal     pc + 0x1e
core   0: 0 0x80003728 (0x01e000ef) x1  0x8000372c
core   0: 0x80003746 (0x00002029) c.jal   pc + 10
core   0: 0 0x80003746 (0x2029) x1  0x80003748
core   0: 0x80003750 (0x000037c5) c.jal   pc - 32
core   0: 0 0x80003750 (0x37c5) x1  0x80003752
core   0: 0x80003730 (0x0000201d) c.jal   pc + 38
core   0: 0 0x80003730 (0x201d) x1  0x80003732
core   0: 0x80003756 (0xfdfff36f) jal     t1, pc - 0x22
core   0: 0 0x80003756 (0xfdfff36f) x6  0x8000375a
core   0: 0x80003734 (0x00002829) c.jal   pc + 26
core   0: 0 0x80003734 (0x2829) x1  0x80003736
core   0: 0x8000374e (0x0000b7fd) c.j     pc - 18
core   0: 0 0x8000374e (0xb7fd)
core   0: 0x8000373c (0x0160026f) jal     tp, pc + 0x16
core   0: 0 0x8000373c (0x0160026f) x4  0x80003740
core   0: 0x80003752 (0x000037fd) c.jal   pc - 18
core   0: 0 0x80003752 (0x37fd) x1  0x80003754
core   0: 0x80003740 (0x00002009) c.jal   pc + 2
core   0: 0 0x80003740 (0x2009) x1  0x80003742
core   0: 0x80003742 (0x0000bfdd) c.j     pc - 10
core   0: 0 0x80003742 (0xbfdd)
core   0: 0x80003738 (0x00002031) c.jal   pc + 12
core   0: 0 0x80003738 (0x2031) x1  0x8000373a
core   0: 0x80003744 (0x00003fdd) c.jal   pc - 10
core   0: 0 0x80003744 (0x3fdd) x1  0x80003746
core   0: 0x8000373a (0x0000bff5) c.j     pc - 4
core   0: 0 0x8000373a (0xbff5)
core   0: 0x80003736 (0x0000bff5) c.j     pc - 4
core   0: 0 0x80003736 (0xbff5)
core   0: 0x80003732 (0x0000bff5) c.j     pc - 4
core   0: 0 0x80003732 (0xbff5)
core   0: 0x8000372e (0x0000201d) c.jal   pc + 38
core   0: 0 0x8000372e (0x201d) x1  0x80003730
core   0: 0x80003754 (0x00003fe1) c.jal   pc - 40
core   0: 0 0x80003754 (0x3fe1) x1  0x80003756
core   0: 0x8000372c (0x0000a839) c.j     pc + 30
core   0: 0 0x8000372c (0xa839)
core   0: 0x8000374a (0xfffff0ef) jal     pc - 0x2
core   0: 0 0x8000374a (0xfffff0ef) x1  0x8000374e
core   0: 0x80003748 (0x00002809) c.jal   pc + 18
core   0: 0 0x80003748 (0x2809) x1  0x8000374a
core   0: 0x8000375a (0x000080cd) c.srli  s1, 19
core   0: 0 0x8000375a (0x80cd) x9  0x00001000
core   0: 0x8000375c (0x01c8de13) srli    t3, a7, 28
core   0: 0 0x8000375c (0x01c8de13) x28 0x00000008
core   0: 0x80003760 (0x41f28933) sub     s2, t0, t6
core   0: 0 0x80003760 (0x41f28933) x18 0xfffffff0
core   0: 0x80003764 (0x009b11b3) sll     gp, s6, s1
core   0: 0 0x80003764 (0x009b11b3) x3  0x8000365e
core   0: 0x80003768 (0x36b83d93) sltiu   s11, a6, 875
core   0: 0 0x80003768 (0x36b83d93) x27 0x00000000
core   0: 0x8000376c (0x037c6333) rem     t1, s8, s7
core   0: 0 0x8000376c (0x037c6333) x6  0x00000000
core   0: 0x80003770 (0x0075ee33) or      t3, a1, t2
core   0: 0 0x80003770 (0x0075ee33) x28 0x8001fe5f
core   0: 0x80003774 (0x000091ca) c.add   gp, s2
core   0: 0 0x80003774 (0x91ca) x3  0x8000364e
core   0: 0x80003776 (0x00969933) sll     s2, a3, s1
core   0: 0 0x80003776 (0x00969933) x18 0x800036c0
core   0: 0x8000377a (0x02a6eb63) bltu    a3, a0, pc + 54
core   0: 0 0x8000377a (0x02a6eb63)
core   0: 0x8000377e (0x00000bb1) c.addi  s7, 12
core   0: 0 0x8000377e (0x0bb1) x23 0x0000000a
core   0: 0x80003780 (0x00000001) c.nop
core   0: 0 0x80003780 (0x0001)
core   0: 0x80003782 (0x00008ed6) c.mv    t4, s5
core   0: 0 0x80003782 (0x8ed6) x29 0x00000000
core   0: 0x80003784 (0x00f8c0b3) xor     ra, a7, a5
core   0: 0 0x80003784 (0x00f8c0b3) x1  0x8001c8d3
core   0: 0x80003788 (0x00008d6d) c.and   a0, a1
core   0: 0 0x80003788 (0x8d6d) x10 0x00000000
core   0: 0x8000378a (0x018562b3) or      t0, a0, s8
core   0: 0 0x8000378a (0x018562b3) x5  0xfffffffe
core   0: 0x8000378e (0x000083ad) c.srli  a5, 11
core   0: 0 0x8000378e (0x83ad) x15 0x0000003f
core   0: 0x80003790 (0x00008526) c.mv    a0, s1
core   0: 0 0x80003790 (0x8526) x10 0x00001000
core   0: 0x80003792 (0x045a0263) beq     s4, t0, pc + 68
core   0: 0 0x80003792 (0x045a0263)
core   0: 0x80003796 (0x031be563) bltu    s7, a7, pc + 42
core   0: 0 0x80003796 (0x031be563)
core   0: 0x800037c0 (0x000099c6) c.add   s3, a7
core   0: 0 0x800037c0 (0x99c6) x19 0x80003724
core   0: 0x800037c2 (0xa2dee297) auipc   t0, 0xa2dee
core   0: 0 0x800037c2 (0xa2dee297) x5  0x22df17c2
core   0: 0x800037c6 (0x005bdd13) srli    s10, s7, 5
core   0: 0 0x800037c6 (0x005bdd13) x26 0x00000000
core   0: 0x800037ca (0x032032b3) mulhu   t0, zero, s2
core   0: 0 0x800037ca (0x032032b3) x5  0x00000000
core   0: 0x800037ce (0x0115c463) blt     a1, a7, pc + 8
core   0: 0 0x800037ce (0x0115c463)
core   0: 0x800037d2 (0x000065cd) c.lui   a1, 0x13
core   0: 0 0x800037d2 (0x65cd) x11 0x00013000
core   0: 0x800037d4 (0x00000001) c.nop
core   0: 0 0x800037d4 (0x0001)
core   0: 0x800037d6 (0xcf980413) addi    s0, a6, -775
core   0: 0 0x800037d6 (0xcf980413) x8  0x7ffdfeab
core   0: 0x800037da (0x001926b3) slt     a3, s2, ra
core   0: 0 0x800037da (0x001926b3) x13 0x00000001
core   0: 0x800037de (0x00008a22) c.mv    s4, s0
core   0: 0 0x800037de (0x8a22) x20 0x7ffdfeab
core   0: 0x800037e0 (0x00008da5) c.xor   a1, s1
core   0: 0 0x800037e0 (0x8da5) x11 0x00012000
core   0: 0x800037e2 (0x00f42fb3) slt     t6, s0, a5
core   0: 0 0x800037e2 (0x00f42fb3) x31 0x00000000
core   0: 0x800037e6 (0x02ec31b3) mulhu   gp, s8, a4
core   0: 0 0x800037e6 (0x02ec31b3) x3  0x80023ce2
core   0: 0x800037ea (0x41800a33) sub     s4, zero, s8
core   0: 0 0x800037ea (0x41800a33) x20 0x00000002
core   0: 0x800037ee (0x00aa5463) bge     s4, a0, pc + 8
core   0: 0 0x800037ee (0x00aa5463)
core   0: 0x800037f2 (0x01ab95b3) sll     a1, s7, s10
core   0: 0 0x800037f2 (0x01ab95b3) x11 0x0000000a
core   0: 0x800037f6 (0x00008d11) c.sub   a0, a2
core   0: 0 0x800037f6 (0x8d11) x10 0x7ffe11d4
core   0: 0x800037f8 (0x000091d6) c.add   gp, s5
core   0: 0 0x800037f8 (0x91d6) x3  0x80023ce2
core   0: 0x800037fa (0x03d1c333) div     t1, gp, t4
core   0: 0 0x800037fa (0x03d1c333) x6  0xffffffff
core   0: 0x800037fe (0x001a2433) slt     s0, s4, ra
core   0: 0 0x800037fe (0x001a2433) x8  0x00000000
core   0: 0x80003802 (0x000001e6) c.slli  gp, 25
core   0: 0 0x80003802 (0x01e6) x3  0xc4000000
core   0: 0x80003804 (0xe67c0e93) addi    t4, s8, -409
core   0: 0 0x80003804 (0xe67c0e93) x29 0xfffffe65
core   0: 0x80003808 (0x024c4533) div     a0, s8, tp
core   0: 0 0x80003808 (0x024c4533) x10 0x00000000
core   0: 0x8000380c (0x00001c7d) c.addi  s8, -1
core   0: 0 0x8000380c (0x1c7d) x24 0xfffffffd
core   0: 0x8000380e (0x00008e52) c.mv    t3, s4
core   0: 0 0x8000380e (0x8e52) x28 0x00000002
core   0: 0x80003810 (0x005ff7b3) and     a5, t6, t0
core   0: 0 0x80003810 (0x005ff7b3) x15 0x00000000
core   0: 0x80003814 (0x02596e33) rem     t3, s2, t0
core   0: 0 0x80003814 (0x02596e33) x28 0x800036c0
core   0: 0x80003818 (0x41c6d9b3) sra     s3, a3, t3
core   0: 0 0x80003818 (0x41c6d9b3) x19 0x00000001
core   0: 0x8000381c (0x00008c61) c.and   s0, s0
core   0: 0 0x8000381c (0x8c61) x8  0x00000000
core   0: 0x8000381e (0x674aee97) auipc   t4, 0x674ae
core   0: 0 0x8000381e (0x674aee97) x29 0xe74b181e
core   0: 0x80003822 (0xe1930493) addi    s1, t1, -487
core   0: 0 0x80003822 (0xe1930493) x9  0xfffffe18
core   0: 0x80003826 (0x000066d5) c.lui   a3, 0x15
core   0: 0 0x80003826 (0x66d5) x13 0x00015000
core   0: 0x80003828 (0x026e51b3) divu    gp, t3, t1
core   0: 0 0x80003828 (0x026e51b3) x3  0x00000000
core   0: 0x8000382c (0x07cb4063) blt     s6, t3, pc + 96
core   0: 0 0x8000382c (0x07cb4063)
core   0: 0x8000388c (0x0000cc15) c.beqz  s0, pc + 60
core   0: 0 0x8000388c (0xcc15)
core   0: 0x800038c8 (0x04956763) bltu    a0, s1, pc + 78
core   0: 0 0x800038c8 (0x04956763)
core   0: 0x80003916 (0x00008c55) c.or    s0, a3
core   0: 0 0x80003916 (0x8c55) x8  0x00015000
core   0: 0x80003918 (0x0000ca89) c.beqz  a3, pc + 18
core   0: 0 0x80003918 (0xca89)
core   0: 0x8000391a (0x03571a63) bne     a4, s5, pc + 52
core   0: 0 0x8000391a (0x03571a63)
core   0: 0x8000394e (0x03191433) mulh    s0, s2, a7
core   0: 0 0x8000394e (0x03191433) x8  0x3fffc90e
core   0: 0x80003952 (0x00008fa9) c.xor   a5, a0
core   0: 0 0x80003952 (0x8fa9) x15 0x00000000
core   0: 0x80003954 (0x72f96f93) ori     t6, s2, 1839
core   0: 0 0x80003954 (0x72f96f93) x31 0x800037ef
core   0: 0x80003958 (0x015dd233) srl     tp, s11, s5
core   0: 0 0x80003958 (0x015dd233) x4  0x00000000
core   0: 0x8000395c (0x00000001) c.nop
core   0: 0 0x8000395c (0x0001)
core   0: 0x8000395e (0x0000e109) c.bnez  a0, pc + 2
core   0: 0 0x8000395e (0xe109)
core   0: 0x80003960 (0x00006369) c.lui   t1, 0x1a
core   0: 0 0x80003960 (0x6369) x6  0x0001a000
core   0: 0x80003962 (0x0275ccb3) div     s9, a1, t2
core   0: 0 0x80003962 (0x0275ccb3) x25 0x00000000
core   0: 0x80003966 (0x00008ee1) c.and   a3, s0
core   0: 0 0x80003966 (0x8ee1) x13 0x00014000
core   0: 0x80003968 (0x01780e63) beq     a6, s7, pc + 28
core   0: 0 0x80003968 (0x01780e63)
core   0: 0x8000396c (0x419d5993) srai    s3, s10, 25
core   0: 0 0x8000396c (0x419d5993) x19 0x00000000
core   0: 0x80003970 (0x00000ad5) c.addi  s5, 21
core   0: 0 0x80003970 (0x0ad5) x21 0x00000015
core   0: 0x80003972 (0x4123e893) ori     a7, t2, 1042
core   0: 0 0x80003972 (0x4123e893) x17 0x8001fe5f
core   0: 0x80003976 (0x0000100f) fence.i
core   0: 0 0x80003976 (0x0000100f)
core   0: 0x8000397a (0x0258c933) div     s2, a7, t0
core   0: 0 0x8000397a (0x0258c933) x18 0xffffffff
core   0: 0x8000397e (0x00000852) c.slli  a6, 20
core   0: 0 0x8000397e (0x0852) x16 0x1b200000
core   0: 0x80003980 (0x6aa54813) xori    a6, a0, 1706
core   0: 0 0x80003980 (0x6aa54813) x16 0x000006aa
core   0: 0x80003984 (0x00008ec5) c.or    a3, s1
core   0: 0 0x80003984 (0x8ec5) x13 0xfffffe18
core   0: 0x80003986 (0x40cc51b3) sra     gp, s8, a2
core   0: 0 0x80003986 (0x40cc51b3) x3  0xffffffff
core   0: 0x8000398a (0x01413a33) sltu    s4, sp, s4
core   0: 0 0x8000398a (0x01413a33) x20 0x00000000
core   0: 0x8000398e (0x0000987d) c.andi  s0, -1
core   0: 0 0x8000398e (0x987d) x8  0x3fffc90e
core   0: 0x80003990 (0x00005b7d) c.li    s6, -1
core   0: 0 0x80003990 (0x5b7d) x22 0xffffffff
core   0: 0x80003992 (0x022f8f63) beq     t6, sp, pc + 62
core   0: 0 0x80003992 (0x022f8f63)
core   0: 0x80003996 (0x03e51bb3) mulh    s7, a0, t5
core   0: 0 0x80003996 (0x03e51bb3) x23 0x00000000
core   0: 0x8000399a (0x0000881d) c.andi  s0, 7
core   0: 0 0x8000399a (0x881d) x8  0x00000006
core   0: 0x8000399c (0x00000001) c.nop
core   0: 0 0x8000399c (0x0001)
core   0: 0x8000399e (0x5a9d7293) andi    t0, s10, 1449
core   0: 0 0x8000399e (0x5a9d7293) x5  0x00000000
core   0: 0x800039a2 (0x02438fb3) mul     t6, t2, tp
core   0: 0 0x800039a2 (0x02438fb3) x31 0x00000000
core   0: 0x800039a6 (0xd4173e93) sltiu   t4, a4, -703
core   0: 0 0x800039a6 (0xd4173e93) x29 0x00000001
core   0: 0x800039aa (0xf9660d93) addi    s11, a2, -106
core   0: 0 0x800039aa (0xf9660d93) x27 0x8001fdc2
core   0: 0x800039ae (0x03550533) mul     a0, a0, s5
core   0: 0 0x800039ae (0x03550533) x10 0x00000000
core   0: 0x800039b2 (0x02b931b3) mulhu   gp, s2, a1
core   0: 0 0x800039b2 (0x02b931b3) x3  0x00000009
core   0: 0x800039b6 (0x03547263) bgeu    s0, s5, pc + 36
core   0: 0 0x800039b6 (0x03547263)
core   0: 0x800039ba (0x01ddd813) srli    a6, s11, 29
core   0: 0 0x800039ba (0x01ddd813) x16 0x00000004
core   0: 0x800039be (0x0140eeb3) or      t4, ra, s4
core   0: 0 0x800039be (0x0140eeb3) x29 0x8001c8d3
core   0: 0x800039c2 (0x02ff7363) bgeu    t5, a5, pc + 38
core   0: 0 0x800039c2 (0x02ff7363)
core   0: 0x800039e8 (0x415e8f33) sub     t5, t4, s5
core   0: 0 0x800039e8 (0x415e8f33) x30 0x8001c8be
core   0: 0x800039ec (0x0ff0000f) fence   iorw,iorw
core   0: 0 0x800039ec (0x0ff0000f)
core   0: 0x800039f0 (0x00000001) c.nop
core   0: 0 0x800039f0 (0x0001)
core   0: 0x800039f2 (0x92c77213) andi    tp, a4, -1748
core   0: 0 0x800039f2 (0x92c77213) x4  0x80023824
core   0: 0x800039f6 (0x0000cc33) xor     s8, ra, zero
core   0: 0 0x800039f6 (0x0000cc33) x24 0x8001c8d3
core   0: 0x800039fa (0x00000d65) c.addi  s10, 25
core   0: 0 0x800039fa (0x0d65) x26 0x00000019
core   0: 0x800039fc (0x0ff0000f) fence   iorw,iorw
core   0: 0 0x800039fc (0x0ff0000f)
core   0: 0x80003a00 (0x003a20b3) slt     ra, s4, gp
core   0: 0 0x80003a00 (0x003a20b3) x1  0x00000001
core   0: 0x80003a04 (0x000000ce) c.slli  ra, 19
core   0: 0 0x80003a04 (0x00ce) x1  0x00080000
core   0: 0x80003a06 (0x00008c06) c.mv    s8, ra
core   0: 0 0x80003a06 (0x8c06) x24 0x00080000
core   0: 0x80003a08 (0x00008f5a) c.mv    t5, s6
core   0: 0 0x80003a08 (0x8f5a) x30 0xffffffff
core   0: 0x80003a0a (0x0161edb3) or      s11, gp, s6
core   0: 0 0x80003a0a (0x0161edb3) x27 0xffffffff
core   0: 0x80003a0e (0x03657a33) remu    s4, a0, s6
core   0: 0 0x80003a0e (0x03657a33) x20 0x00000000
core   0: 0x80003a12 (0x004b9eb3) sll     t4, s7, tp
core   0: 0 0x80003a12 (0x004b9eb3) x29 0x00000000
core   0: 0x80003a16 (0x43935c97) auipc   s9, 0x43935
core   0: 0 0x80003a16 (0x43935c97) x25 0xc3938a16
core   0: 0x80003a1a (0x00dd7ab3) and     s5, s10, a3
core   0: 0 0x80003a1a (0x00dd7ab3) x21 0x00000018
core   0: 0x80003a1e (0x00008ec5) c.or    a3, s1
core   0: 0 0x80003a1e (0x8ec5) x13 0xfffffe18
core   0: 0x80003a20 (0x0195a1b3) slt     gp, a1, s9
core   0: 0 0x80003a20 (0x0195a1b3) x3  0x00000000
core   0: 0x80003a24 (0x0cdec417) auipc   s0, 0xcdec
core   0: 0 0x80003a24 (0x0cdec417) x8  0x8cdefa24
core   0: 0x80003a28 (0x00000965) c.addi  s2, 25
core   0: 0 0x80003a28 (0x0965) x18 0x00000018
core   0: 0x80003a2a (0x0da76913) ori     s2, a4, 218
core   0: 0 0x80003a2a (0x0da76913) x18 0x80023cfe
core   0: 0x80003a2e (0x00008de1) c.and   a1, s0
core   0: 0 0x80003a2e (0x8de1) x11 0x00000000
core   0: 0x80003a30 (0x0000100f) fence.i
core   0: 0 0x80003a30 (0x0000100f)
core   0: 0x80003a34 (0xb5eb6c93) ori     s9, s6, -1186
core   0: 0 0x80003a34 (0xb5eb6c93) x25 0xffffffff
core   0: 0x80003a38 (0x0ff0000f) fence   iorw,iorw
core   0: 0 0x80003a38 (0x0ff0000f)
core   0: 0x80003a3c (0x00ef2c33) slt     s8, t5, a4
core   0: 0 0x80003a3c (0x00ef2c33) x24 0x00000000
core   0: 0x80003a40 (0x000098be) c.add   a7, a5
core   0: 0 0x80003a40 (0x98be) x17 0x8001fe5f
core   0: 0x80003a42 (0x0ff0000f) fence   iorw,iorw
core   0: 0 0x80003a42 (0x0ff0000f)
core   0: 0x80003a46 (0x034f0263) beq     t5, s4, pc + 36
core   0: 0 0x80003a46 (0x034f0263)
core   0: 0x80003a4a (0x0000046a) c.slli  s0, 26
core   0: 0 0x80003a4a (0x046a) x8  0x90000000
core   0: 0x80003a4c (0x0000094d) c.addi  s2, 19
core   0: 0 0x80003a4c (0x094d) x18 0x80023d11
core   0: 0x80003a4e (0x03b86ab3) rem     s5, a6, s11
core   0: 0 0x80003a4e (0x03b86ab3) x21 0x00000000
core   0: 0x80003a52 (0x015867b3) or      a5, a6, s5
core   0: 0 0x80003a52 (0x015867b3) x15 0x00000004
core   0: 0x80003a56 (0x00006d75) c.lui   s10, 0x1d
core   0: 0 0x80003a56 (0x6d75) x26 0x0001d000
core   0: 0x80003a58 (0x00d809b3) add     s3, a6, a3
core   0: 0 0x80003a58 (0x00d809b3) x19 0xfffffe1c
core   0: 0x80003a5c (0x0000850e) c.mv    a0, gp
core   0: 0 0x80003a5c (0x850e) x10 0x00000000
core   0: 0x80003a5e (0x8b134c97) auipc   s9, 0x8b134
core   0: 0 0x80003a5e (0x8b134c97) x25 0x0b137a5e
core   0: 0x80003a62 (0x003a24b3) slt     s1, s4, gp
core   0: 0 0x80003a62 (0x003a24b3) x9  0x00000000
core   0: 0x80003a66 (0x00023b33) sltu    s6, tp, zero
core   0: 0 0x80003a66 (0x00023b33) x22 0x00000000
core   0: 0x80003a6a (0x4031dbb3) sra     s7, gp, gp
core   0: 0 0x80003a6a (0x4031dbb3) x23 0x00000000
core   0: 0x80003a6e (0x401c8e33) sub     t3, s9, ra
core   0: 0 0x80003a6e (0x401c8e33) x28 0x0b0b7a5e
core   0: 0x80003a72 (0x14303f93) sltiu   t6, zero, 323
core   0: 0 0x80003a72 (0x14303f93) x31 0x00000001
core   0: 0x80003a76 (0x4056dc93) srai    s9, a3, 5
core   0: 0 0x80003a76 (0x4056dc93) x25 0xfffffff0
core   0: 0x80003a7a (0x03c74fb3) div     t6, a4, t3
core   0: 0 0x80003a7a (0x03c74fb3) x31 0xfffffff5
core   0: 0x80003a7e (0x00b28f33) add     t5, t0, a1
core   0: 0 0x80003a7e (0x00b28f33) x30 0x00000000
core   0: 0x80003a82 (0xe5637513) andi    a0, t1, -426
core   0: 0 0x80003a82 (0xe5637513) x10 0x0001a000
core   0: 0x80003a86 (0x038dc833) div     a6, s11, s8
core   0: 0 0x80003a86 (0x038dc833) x16 0xffffffff
core   0: 0x80003a8a (0x021b3b33) mulhu   s6, s6, ra
core   0: 0 0x80003a8a (0x021b3b33) x22 0x00000000
core   0: 0x80003a8e (0x00f7abb3) slt     s7, a5, a5
core   0: 0 0x80003a8e (0x00f7abb3) x23 0x00000000
core   0: 0x80003a92 (0x03a5f563) bgeu    a1, s10, pc + 42
core   0: 0 0x80003a92 (0x03a5f563)
core   0: 0x80003a96 (0x00008425) c.srai  s0, 9
core   0: 0 0x80003a96 (0x8425) x8  0xffc80000
core   0: 0x80003a98 (0x02e3d433) divu    s0, t2, a4
core   0: 0 0x80003a98 (0x02e3d433) x8  0x00000000
core   0: 0x80003a9c (0x00000001) c.nop
core   0: 0 0x80003a9c (0x0001)
core   0: 0x80003a9e (0x00863933) sltu    s2, a2, s0
core   0: 0 0x80003a9e (0x00863933) x18 0x00000000
core   0: 0x80003aa2 (0x0074db63) bge     s1, t2, pc + 22
core   0: 0 0x80003aa2 (0x0074db63)
core   0: 0x80003ab8 (0x0ff0000f) fence   iorw,iorw
core   0: 0 0x80003ab8 (0x0ff0000f)
core   0: 0x80003abc (0x029dddb3) divu    s11, s11, s1
core   0: 0 0x80003abc (0x029dddb3) x27 0xffffffff
core   0: 0x80003ac0 (0x02cdbfb3) mulhu   t6, s11, a2
core   0: 0 0x80003ac0 (0x02cdbfb3) x31 0x8001fe2b
core   0: 0x80003ac4 (0x00699eb3) sll     t4, s3, t1
core   0: 0 0x80003ac4 (0x00699eb3) x29 0xfffffe1c
core   0: 0x80003ac8 (0x022581b3) mul     gp, a1, sp
core   0: 0 0x80003ac8 (0x022581b3) x3  0x00000000
core   0: 0x80003acc (0x00741263) bne     s0, t2, pc + 4
core   0: 0 0x80003acc (0x00741263)
core   0: 0x80003ad0 (0x23833c93) sltiu   s9, t1, 568
core   0: 0 0x80003ad0 (0x23833c93) x25 0x00000000
core   0: 0x80003ad4 (0xcd6af013) andi    zero, s5, -810
core   0: 0 0x80003ad4 (0xcd6af013)
core   0: 0x80003ad8 (0x000084f1) c.srai  s1, 28
core   0: 0 0x80003ad8 (0x84f1) x9  0x00000000
core   0: 0x80003ada (0x0000ed1d) c.bnez  a0, pc + 62
core   0: 0 0x80003ada (0xed1d)
core   0: 0x80003b18 (0x03d6ca33) div     s4, a3, t4
core   0: 0 0x80003b18 (0x03d6ca33) x20 0x00000001
core   0: 0x80003b1c (0x00afa433) slt     s0, t6, a0
core   0: 0 0x80003b1c (0x00afa433) x8  0x00000001
core   0: 0x80003b20 (0x3601f413) andi    s0, gp, 864
core   0: 0 0x80003b20 (0x3601f413) x8  0x00000000
core   0: 0x80003b24 (0x00009242) c.add   tp, a6
core   0: 0 0x80003b24 (0x9242) x4  0x80023823
core   0: 0x80003b26 (0x00d9cf63) blt     s3, a3, pc + 30
core   0: 0 0x80003b26 (0x00d9cf63)
core   0: 0x80003b2a (0x00000c7d) c.addi  s8, 31
core   0: 0 0x80003b2a (0x0c7d) x24 0x0000001f
core   0: 0x80003b2c (0x00f38e33) add     t3, t2, a5
core   0: 0 0x80003b2c (0x00f38e33) x28 0x8001fe51
core   0: 0x80003b30 (0x024c5ab3) divu    s5, s8, tp
core   0: 0 0x80003b30 (0x024c5ab3) x21 0x00000000
core   0: 0x80003b34 (0x55aec313) xori    t1, t4, 1370
core   0: 0 0x80003b34 (0x55aec313) x6  0xfffffb46
core   0: 0x80003b38 (0x039eb4b3) mulhu   s1, t4, s9
core   0: 0 0x80003b38 (0x039eb4b3) x9  0x00000000
core   0: 0x80003b3c (0x5f7b6413) ori     s0, s6, 1527
core   0: 0 0x80003b3c (0x5f7b6413) x8  0x000005f7
core   0: 0x80003b40 (0x40330d33) sub     s10, t1, gp
core   0: 0 0x80003b40 (0x40330d33) x26 0xfffffb46
core   0: 0x80003b44 (0x01e163b3) or      t2, sp, t5
core   0: 0 0x80003b44 (0x01e163b3) x7  0xf5e39895
core   0: 0x80003b48 (0x02957533) remu    a0, a0, s1
core   0: 0 0x80003b48 (0x02957533) x10 0x0001a000
core   0: 0x80003b4c (0xa0187d93) andi    s11, a6, -1535
core   0: 0 0x80003b4c (0xa0187d93) x27 0xfffffa01
core   0: 0x80003b50 (0x003d8563) beq     s11, gp, pc + 10
core   0: 0 0x80003b50 (0x003d8563)
core   0: 0x80003b54 (0x00008ffa) c.mv    t6, t5
core   0: 0 0x80003b54 (0x8ffa) x31 0x00000000
core   0: 0x80003b56 (0x406ed793) srai    a5, t4, 6
core   0: 0 0x80003b56 (0x406ed793) x15 0xfffffff8
core   0: 0x80003b5a (0x020d57b3) divu    a5, s10, zero
core   0: 0 0x80003b5a (0x020d57b3) x15 0xffffffff
core   0: 0x80003b5e (0x0000c785) c.beqz  a5, pc + 40
core   0: 0 0x80003b5e (0xc785)
core   0: 0x80003b60 (0x1b47fd13) andi    s10, a5, 436
core   0: 0 0x80003b60 (0x1b47fd13) x26 0x000001b4
core   0: 0x80003b64 (0x27d57917) auipc   s2, 0x27d57
core   0: 0 0x80003b64 (0x27d57917) x18 0xa7d5ab64
core   0: 0x80003b68 (0x03e40533) mul     a0, s0, t5
core   0: 0 0x80003b68 (0x03e40533) x10 0x00000000
core   0: 0x80003b6c (0x0000100f) fence.i
core   0: 0 0x80003b6c (0x0000100f)
core   0: 0x80003b70 (0x00000001) c.nop
core   0: 0 0x80003b70 (0x0001)
core   0: 0x80003b72 (0x405cd3b3) sra     t2, s9, t0
core   0: 0 0x80003b72 (0x405cd3b3) x7  0x00000000
core   0: 0x80003b76 (0xfb714893) xori    a7, sp, -73
core   0: 0 0x80003b76 (0xfb714893) x17 0x0a1c6722
core   0: 0x80003b7a (0x03d2ea63) bltu    t0, t4, pc + 52
core   0: 0 0x80003b7a (0x03d2ea63)
core   0: 0x80003bae (0x57cb3d93) sltiu   s11, s6, 1404
core   0: 0 0x80003bae (0x57cb3d93) x27 0x00000001
core   0: 0x80003bb2 (0x50586d93) ori     s11, a6, 1285
core   0: 0 0x80003bb2 (0x50586d93) x27 0xffffffff
core   0: 0x80003bb6 (0x0485d063) bge     a1, s0, pc + 64
core   0: 0 0x80003bb6 (0x0485d063)
core   0: 0x80003bba (0x017eda63) bge     t4, s7, pc + 20
core   0: 0 0x80003bba (0x017eda63)
core   0: 0x80003bbe (0x03986a63) bltu    a6, s9, pc + 52
core   0: 0 0x80003bbe (0x03986a63)
core   0: 0x80003bc2 (0x01c476b3) and     a3, s0, t3
core   0: 0 0x80003bc2 (0x01c476b3) x13 0x00000451
core   0: 0x80003bc6 (0x0188f463) bgeu    a7, s8, pc + 8
core   0: 0 0x80003bc6 (0x0188f463)
core   0: 0x80003bce (0x01e6e9b3) or      s3, a3, t5
core   0: 0 0x80003bce (0x01e6e9b3) x19 0x00000451
core   0: 0x80003bd2 (0x406b0333) sub     t1, s6, t1
core   0: 0 0x80003bd2 (0x406b0333) x6  0x000004ba
core   0: 0x80003bd6 (0xf6d41437) lui     s0, 0xf6d41
core   0: 0 0x80003bd6 (0xf6d41437) x8  0xf6d41000
core   0: 0x80003bda (0x09d62317) auipc   t1, 0x9d62
core   0: 0 0x80003bda (0x09d62317) x6  0x89d65bda
core   0: 0x80003bde (0x020c0ab3) mul     s5, s8, zero
core   0: 0 0x80003bde (0x020c0ab3) x21 0x00000000
core   0: 0x80003be2 (0x00000001) c.nop
core   0: 0 0x80003be2 (0x0001)
core   0: 0x80003be4 (0x00008cb1) c.xor   s1, a2
core   0: 0 0x80003be4 (0x8cb1) x9  0x8001fe2c
core   0: 0x80003be6 (0x03c69933) mulh    s2, a3, t3
core   0: 0 0x80003be6 (0x03c69933) x18 0xfffffdd7
core   0: 0x80003bea (0xd0b85cb7) lui     s9, 0xd0b85
core   0: 0 0x80003bea (0xd0b85cb7) x25 0xd0b85000
core   0: 0x80003bee (0x013ba2b3) slt     t0, s7, s3
core   0: 0 0x80003bee (0x013ba2b3) x5  0x00000001
core   0: 0x80003bf2 (0x00dd1993) slli    s3, s10, 13
core   0: 0 0x80003bf2 (0x00dd1993) x19 0x00368000
core   0: 0x80003bf6 (0x00008d99) c.sub   a1, a4
core   0: 0 0x80003bf6 (0x8d99) x11 0x7ffdc31c
core   0: 0x80003bf8 (0x00a000ef) jal     pc + 0xa
core   0: 0 0x80003bf8 (0x00a000ef) x1  0x80003bfc
core   0: 0x80003c02 (0x0000bffd) c.j     pc - 2
core   0: 0 0x80003c02 (0xbffd)
core   0: 0x80003c00 (0x00002809) c.jal   pc + 18
core   0: 0 0x80003c00 (0x2809) x1  0x80003c02
core   0: 0x80003c12 (0x0000bfcd) c.j     pc - 14
core   0: 0 0x80003c12 (0xbfcd)
core   0: 0x80003c04 (0xff9ff1ef) jal     gp, pc - 0x8
core   0: 0 0x80003c04 (0xff9ff1ef) x3  0x80003c08
core   0: 0x80003bfc (0x0000a009) c.j     pc + 2
core   0: 0 0x80003bfc (0xa009)
core   0: 0x80003bfe (0x0000a039) c.j     pc + 14
core   0: 0 0x80003bfe (0xa039)
core   0: 0x80003c0c (0xfffff0ef) jal     pc - 0x2
core   0: 0 0x80003c0c (0xfffff0ef) x1  0x80003c10
core   0: 0x80003c0a (0x00002019) c.jal   pc + 6
core   0: 0 0x80003c0a (0x2019) x1  0x80003c0c
core   0: 0x80003c10 (0x0000bfe5) c.j     pc - 8
core   0: 0 0x80003c10 (0xbfe5)
core   0: 0x80003c08 (0x00002031) c.jal   pc + 12
core   0: 0 0x80003c08 (0x2031) x1  0x80003c0a
core   0: 0x80003c14 (0x02a446b3) div     a3, s0, a0
core   0: 0 0x80003c14 (0x02a446b3) x13 0xffffffff
core   0: 0x80003c18 (0x0000cf95) c.beqz  a5, pc + 60
core   0: 0 0x80003c18 (0xcf95)
core   0: 0x80003c1a (0xbd5c0413) addi    s0, s8, -1067
core   0: 0 0x80003c1a (0xbd5c0413) x8  0xfffffbf4
core   0: 0x80003c1e (0x03cf4eb3) div     t4, t5, t3
core   0: 0 0x80003c1e (0x03cf4eb3) x29 0x00000000
core   0: 0x80003c22 (0x004e0333) add     t1, t3, tp
core   0: 0 0x80003c22 (0x004e0333) x6  0x00043674
core   0: 0x80003c26 (0x038d42b3) div     t0, s10, s8
core   0: 0 0x80003c26 (0x038d42b3) x5  0x0000000e
core   0: 0x80003c2a (0x03916f33) rem     t5, sp, s9
core   0: 0 0x80003c2a (0x03916f33) x30 0xf5e39895
core   0: 0x80003c2e (0x000081f9) c.srli  a1, 30
core   0: 0 0x80003c2e (0x81f9) x11 0x00000001
core   0: 0x80003c30 (0x00000001) c.nop
core   0: 0 0x80003c30 (0x0001)
core   0: 0x80003c32 (0x00008cbd) c.xor   s1, a5
core   0: 0 0x80003c32 (0x8cbd) x9  0x7ffe01d3
core   0: 0x80003c34 (0x029a3db3) mulhu   s11, s4, s1
core   0: 0 0x80003c34 (0x029a3db3) x27 0x00000000
core   0: 0x80003c38 (0x035121b3) mulhsu  gp, sp, s5
core   0: 0 0x80003c38 (0x035121b3) x3  0x00000000
core   0: 0x80003c3c (0x03a3c033) div     zero, t2, s10
core   0: 0 0x80003c3c (0x03a3c033)
core   0: 0x80003c40 (0x0000cd01) c.beqz  a0, pc + 24
core   0: 0 0x80003c40 (0xcd01)
core   0: 0x80003c58 (0x03653c93) sltiu   s9, a0, 54
core   0: 0 0x80003c58 (0x03653c93) x25 0x00000001
core   0: 0x80003c5c (0x0ff0000f) fence   iorw,iorw
core   0: 0 0x80003c5c (0x0ff0000f)
core   0: 0x80003c60 (0x01c34db3) xor     s11, t1, t3
core   0: 0 0x80003c60 (0x01c34db3) x27 0x8005c825
core   0: 0x80003c64 (0x027b4533) div     a0, s6, t2
core   0: 0 0x80003c64 (0x027b4533) x10 0xffffffff
core   0: 0x80003c68 (0x00008c0d) c.sub   s0, a1
core   0: 0 0x80003c68 (0x8c0d) x8  0xfffffbf3
core   0: 0x80003c6a (0x03079c63) bne     a5, a6, pc + 56
core   0: 0 0x80003c6a (0x03079c63)
core   0: 0x80003c6e (0x0000c109) c.beqz  a0, pc + 2
core   0: 0 0x80003c6e (0xc109)
core   0: 0x80003c70 (0x00b79e33) sll     t3, a5, a1
core   0: 0 0x80003c70 (0x00b79e33) x28 0xfffffffe
core   0: 0x80003c74 (0x61124897) auipc   a7, 0x61124
core   0: 0 0x80003c74 (0x61124897) x17 0xe1127c74
core   0: 0x80003c78 (0x02a10533) mul     a0, sp, a0
core   0: 0 0x80003c78 (0x02a10533) x10 0x0a1c676b
core   0: 0x80003c7c (0x02031c33) mulh    s8, t1, zero
core   0: 0 0x80003c7c (0x02031c33) x24 0x00000000
core   0: 0x80003c80 (0x0000c689) c.beqz  a3, pc + 10
core   0: 0 0x80003c80 (0xc689)
core   0: 0x80003c82 (0x4011d333) sra     t1, gp, ra
core   0: 0 0x80003c82 (0x4011d333) x6  0x00000000
core   0: 0x80003c86 (0x2d10f813) andi    a6, ra, 721
core   0: 0 0x80003c86 (0x2d10f813) x16 0x00000000
core   0: 0x80003c8a (0x99f30993) addi    s3, t1, -1633
core   0: 0 0x80003c8a (0x99f30993) x19 0xfffff99f
core   0: 0x80003c8e (0x026feb63) bltu    t6, t1, pc + 54
core   0: 0 0x80003c8e (0x026feb63)
core   0: 0x80003c92 (0x00008fb1) c.xor   a5, a2
core   0: 0 0x80003c92 (0x8fb1) x15 0x7ffe01d3
core   0: 0x80003c94 (0x00008ecd) c.or    a3, a1
core   0: 0 0x80003c94 (0x8ecd) x13 0xffffffff
core   0: 0x80003c96 (0x00001afd) c.addi  s5, -1
core   0: 0 0x80003c96 (0x1afd) x21 0xffffffff
core   0: 0x80003c98 (0x000085b9) c.srai  a1, 14
core   0: 0 0x80003c98 (0x85b9) x11 0x00000000
core   0: 0x80003c9a (0x03e5d463) bge     a1, t5, pc + 40
core   0: 0 0x80003c9a (0x03e5d463)
core   0: 0x80003cc2 (0x0000098e) c.slli  s3, 3
core   0: 0 0x80003cc2 (0x098e) x19 0xffffccf8
core   0: 0x80003cc4 (0x00008fe9) c.and   a5, a0
core   0: 0 0x80003cc4 (0x8fe9) x15 0x0a1c0143
core   0: 0x80003cc6 (0x40095933) sra     s2, s2, zero
core   0: 0 0x80003cc6 (0x40095933) x18 0xfffffdd7
core   0: 0x80003cca (0x00008199) c.srli  a1, 6
core   0: 0 0x80003cca (0x8199) x11 0x00000000
core   0: 0x80003ccc (0x03f78463) beq     a5, t6, pc + 40
core   0: 0 0x80003ccc (0x03f78463)
core   0: 0x80003cd0 (0xf8a0c513) xori    a0, ra, -118
core   0: 0 0x80003cd0 (0xf8a0c513) x10 0x7fffc380
core   0: 0x80003cd4 (0x0183f263) bgeu    t2, s8, pc + 4
core   0: 0 0x80003cd4 (0x0183f263)
core   0: 0x80003cd8 (0x40965213) srai    tp, a2, 9
core   0: 0 0x80003cd8 (0x40965213) x4  0xffc000ff
core   0: 0x80003cdc (0x0157c7b3) xor     a5, a5, s5
core   0: 0 0x80003cdc (0x0157c7b3) x15 0xf5e3febc
core   0: 0x80003ce0 (0x00bd8333) add     t1, s11, a1
core   0: 0 0x80003ce0 (0x00bd8333) x6  0x8005c825
core   0: 0x80003ce4 (0x03c946b3) div     a3, s2, t3
core   0: 0 0x80003ce4 (0x03c946b3) x13 0x00000114
core   0: 0x80003ce8 (0x00000962) c.slli  s2, 24
core   0: 0 0x80003ce8 (0x0962) x18 0xd7000000
core   0: 0x80003cea (0x01878db3) add     s11, a5, s8
core   0: 0 0x80003cea (0x01878db3) x27 0xf5e3febc
core   0: 0x80003cee (0x000005aa) c.slli  a1, 10
core   0: 0 0x80003cee (0x05aa) x11 0x00000000
core   0: 0x80003cf0 (0x806d2f13) slti    t5, s10, -2042
core   0: 0 0x80003cf0 (0x806d2f13) x30 0x00000000
core   0: 0x80003cf4 (0x031af0b3) remu    ra, s5, a7
core   0: 0 0x80003cf4 (0x031af0b3) x1  0x1eed838b
core   0: 0x80003cf8 (0x97e6f813) andi    a6, a3, -1666
core   0: 0 0x80003cf8 (0x97e6f813) x16 0x00000114
core   0: 0x80003cfc (0x00000001) c.nop
core   0: 0 0x80003cfc (0x0001)
core   0: 0x80003cfe (0x0141fab3) and     s5, gp, s4
core   0: 0 0x80003cfe (0x0141fab3) x21 0x00000000
core   0: 0x80003d02 (0x022ea4b3) mulhsu  s1, t4, sp
core   0: 0 0x80003d02 (0x022ea4b3) x9  0x00000000
core   0: 0x80003d06 (0x000088b9) c.andi  s1, 14
core   0: 0 0x80003d06 (0x88b9) x9  0x00000000
core   0: 0x80003d08 (0x010494b3) sll     s1, s1, a6
core   0: 0 0x80003d08 (0x010494b3) x9  0x00000000
core   0: 0x80003d0c (0x000091fe) c.add   gp, t6
core   0: 0 0x80003d0c (0x91fe) x3  0x00000000
core   0: 0x80003d0e (0x00000c6a) c.slli  s8, 26
core   0: 0 0x80003d0e (0x0c6a) x24 0x00000000
core   0: 0x80003d10 (0x00008461) c.srai  s0, 24
core   0: 0 0x80003d10 (0x8461) x8  0xffffffff
core   0: 0x80003d12 (0x01ef1263) bne     t5, t5, pc + 4
core   0: 0 0x80003d12 (0x01ef1263)
core   0: 0x80003d16 (0x00009c52) c.add   s8, s4
core   0: 0 0x80003d16 (0x9c52) x24 0x00000001
core   0: 0x80003d18 (0x0000997d) c.andi  a0, -1
core   0: 0 0x80003d18 (0x997d) x10 0x7fffc380
core   0: 0x80003d1a (0x08f18f13) addi    t5, gp, 143
core   0: 0 0x80003d1a (0x08f18f13) x30 0x0000008f
core   0: 0x80003d1e (0x032732b3) mulhu   t0, a4, s2
core   0: 0 0x80003d1e (0x032732b3) x5  0x6b81e123
core   0: 0x80003d22 (0x008e0663) beq     t3, s0, pc + 12
core   0: 0 0x80003d22 (0x008e0663)
core   0: 0x80003d26 (0x01ec63b3) or      t2, s8, t5
core   0: 0 0x80003d26 (0x01ec63b3) x7  0x0000008f
core   0: 0x80003d2a (0x03266663) bltu    a2, s2, pc + 44
core   0: 0 0x80003d2a (0x03266663)
core   0: 0x80003d56 (0x00000001) c.nop
core   0: 0 0x80003d56 (0x0001)
core   0: 0x80003d58 (0x020554b3) divu    s1, a0, zero
core   0: 0 0x80003d58 (0x020554b3) x9  0xffffffff
core   0: 0x80003d5c (0x409cde13) srai    t3, s9, 9
core   0: 0 0x80003d5c (0x409cde13) x28 0x00000000
core   0: 0x80003d60 (0x03672eb3) mulhsu  t4, a4, s6
core   0: 0 0x80003d60 (0x03672eb3) x29 0x00000000
core   0: 0x80003d64 (0x00001d7d) c.addi  s10, -1
core   0: 0 0x80003d64 (0x1d7d) x26 0x000001b3
core   0: 0x80003d66 (0x025464b3) rem     s1, s0, t0
core   0: 0 0x80003d66 (0x025464b3) x9  0xffffffff
core   0: 0x80003d6a (0x000083d1) c.srli  a5, 20
core   0: 0 0x80003d6a (0x83d1) x15 0x00000f5e
core   0: 0x80003d6c (0x00008469) c.srai  s0, 26
core   0: 0 0x80003d6c (0x8469) x8  0xffffffff
core   0: 0x80003d6e (0x02f93433) mulhu   s0, s2, a5
core   0: 0 0x80003d6e (0x02f93433) x8  0x00000ce7
core   0: 0x80003d72 (0x00004d71) c.li    s10, 28
core   0: 0 0x80003d72 (0x4d71) x26 0x0000001c
core   0: 0x80003d74 (0x00e286b3) add     a3, t0, a4
core   0: 0 0x80003d74 (0x00e286b3) x13 0xeb841e07
core   0: 0x80003d78 (0xdf31f793) andi    a5, gp, -525
core   0: 0 0x80003d78 (0xdf31f793) x15 0x00000000
core   0: 0x80003d7c (0x0060beb3) sltu    t4, ra, t1
core   0: 0 0x80003d7c (0x0060beb3) x29 0x00000001
core   0: 0x80003d80 (0x0a513c13) sltiu   s8, sp, 165
core   0: 0 0x80003d80 (0x0a513c13) x24 0x00000000
core   0: 0x80003d84 (0x405f5ab3) sra     s5, t5, t0
core   0: 0 0x80003d84 (0x405f5ab3) x21 0x00000011
core   0: 0x80003d88 (0x78bd0913) addi    s2, s10, 1931
core   0: 0 0x80003d88 (0x78bd0913) x18 0x000007a7
core   0: 0x80003d8c (0x02fc3e33) mulhu   t3, s8, a5
core   0: 0 0x80003d8c (0x02fc3e33) x28 0x00000000
core   0: 0x80003d90 (0x00008c19) c.sub   s0, a4
core   0: 0 0x80003d90 (0x8c19) x8  0x7ffdd003
core   0: 0x80003d92 (0xf14a4b13) xori    s6, s4, -236
core   0: 0 0x80003d92 (0xf14a4b13) x22 0xffffff15
core   0: 0x80003d96 (0x00086bb3) or      s7, a6, zero
core   0: 0 0x80003d96 (0x00086bb3) x23 0x00000114
core   0: 0x80003d9a (0x00a05963) bge     zero, a0, pc + 18
core   0: 0 0x80003d9a (0x00a05963)
core   0: 0x80003d9e (0x00008c25) c.xor   s0, s1
core   0: 0 0x80003d9e (0x8c25) x8  0x80022ffc
core   0: 0x80003da0 (0x0000c499) c.beqz  s1, pc + 14
core   0: 0 0x80003da0 (0xc499)
core   0: 0x80003da2 (0xd16cad17) auipc   s10, 0xd16ca
core   0: 0 0x80003da2 (0xd16cad17) x26 0x516cdda2
core   0: 0x80003da6 (0x0194bb33) sltu    s6, s1, s9
core   0: 0 0x80003da6 (0x0194bb33) x22 0x00000000
core   0: 0x80003daa (0x00008d81) c.sub   a1, s0
core   0: 0 0x80003daa (0x8d81) x11 0x7ffdd004
core   0: 0x80003dac (0x00008489) c.srai  s1, 2
core   0: 0 0x80003dac (0x8489) x9  0xffffffff
core   0: 0x80003dae (0x00005cfd) c.li    s9, -1
core   0: 0 0x80003dae (0x5cfd) x25 0xffffffff
core   0: 0x80003db0 (0x024a2ab3) mulhsu  s5, s4, tp
core   0: 0 0x80003db0 (0x024a2ab3) x21 0x00000000
core   0: 0x80003db4 (0x015ffb63) bgeu    t6, s5, pc + 22
core   0: 0 0x80003db4 (0x015ffb63)
core   0: 0x80003dca (0x00008dfa) c.mv    s11, t5
core   0: 0 0x80003dca (0x8dfa) x27 0x0000008f
core   0: 0x80003dcc (0x03c72db3) mulhsu  s11, a4, t3
core   0: 0 0x80003dcc (0x03c72db3) x27 0x00000000
core   0: 0x80003dd0 (0x01df1493) slli    s1, t5, 29
core   0: 0 0x80003dd0 (0x01df1493) x9  0xe0000000
core   0: 0x80003dd4 (0x35f45817) auipc   a6, 0x35f45
core   0: 0 0x80003dd4 (0x35f45817) x16 0xb5f48dd4
core   0: 0x80003dd8 (0x000062ed) c.lui   t0, 0x1b
core   0: 0 0x80003dd8 (0x62ed) x5  0x0001b000
core   0: 0x80003dda (0x00000001) c.nop
core   0: 0 0x80003dda (0x0001)
core   0: 0x80003ddc (0xfe8e3993) sltiu   s3, t3, -24
core   0: 0 0x80003ddc (0xfe8e3993) x19 0x00000001
core   0: 0x80003de0 (0x012c1a93) slli    s5, s8, 18
core   0: 0 0x80003de0 (0x012c1a93) x21 0x00000000
core   0: 0x80003de4 (0x00008d71) c.and   a0, a2
core   0: 0 0x80003de4 (0x8d71) x10 0x0001c200
core   0: 0x80003de6 (0x02e227b3) mulhsu  a5, tp, a4
core   0: 0 0x80003de6 (0x02e227b3) x15 0xffdffff0
core   0: 0x80003dea (0x02dfd663) bge     t6, a3, pc + 44
core   0: 0 0x80003dea (0x02dfd663)
core   0: 0x80003e16 (0xa0927e13) andi    t3, tp, -1527
core   0: 0 0x80003e16 (0xa0927e13) x28 0xffc00009
core   0: 0x80003e1a (0x00008d99) c.sub   a1, a4
core   0: 0 0x80003e1a (0x8d99) x11 0xfffb9320
core   0: 0x80003e1c (0x027ca033) mulhsu  zero, s9, t2
core   0: 0 0x80003e1c (0x027ca033)
core   0: 0x80003e20 (0x0000100f) fence.i
core   0: 0 0x80003e20 (0x0000100f)
core   0: 0x80003e24 (0x000052fd) c.li    t0, -1
core   0: 0 0x80003e24 (0x52fd) x5  0xffffffff
core   0: 0x80003e26 (0x00008ff1) c.and   a5, a2
core   0: 0 0x80003e26 (0x8ff1) x15 0x8001fe20
core   0: 0x80003e28 (0x00008ca9) c.xor   s1, a0
core   0: 0 0x80003e28 (0x8ca9) x9  0xe001c200
core   0: 0x80003e2a (0x00201f13) slli    t5, zero, 2
core   0: 0 0x80003e2a (0x00201f13) x30 0x00000000
core   0: 0x80003e2e (0x16e7f793) andi    a5, a5, 366
core   0: 0 0x80003e2e (0x16e7f793) x15 0x00000020
core   0: 0x80003e32 (0x0180adb3) slt     s11, ra, s8
core   0: 0 0x80003e32 (0x0180adb3) x27 0x00000000
core   0: 0x80003e36 (0x01e14263) blt     sp, t5, pc + 4
core   0: 0 0x80003e36 (0x01e14263)
core   0: 0x80003e3a (0x35a8b293) sltiu   t0, a7, 858
core   0: 0 0x80003e3a (0x35a8b293) x5  0x00000000
core   0: 0x80003e3e (0x001ac933) xor     s2, s5, ra
core   0: 0 0x80003e3e (0x001ac933) x18 0x1eed838b
core   0: 0x80003e42 (0x000064e1) c.lui   s1, 0x18
core   0: 0 0x80003e42 (0x64e1) x9  0x00018000
core   0: 0x80003e44 (0x000007e5) c.addi  a5, 25
core   0: 0 0x80003e44 (0x07e5) x15 0x00000039
core   0: 0x80003e46 (0x006d8d63) beq     s11, t1, pc + 26
core   0: 0 0x80003e46 (0x006d8d63)
core   0: 0x80003e4a (0x00008169) c.srli  a0, 26
core   0: 0 0x80003e4a (0x8169) x10 0x00000000
core   0: 0x80003e4c (0x00006f8d) c.lui   t6, 0x3
core   0: 0 0x80003e4c (0x6f8d) x31 0x00003000
core   0: 0x80003e4e (0x417ede13) srai    t3, t4, 23
core   0: 0 0x80003e4e (0x417ede13) x28 0x00000000
core   0: 0x80003e52 (0x00000001) c.nop
core   0: 0 0x80003e52 (0x0001)
core   0: 0x80003e54 (0x32724b13) xori    s6, tp, 807
core   0: 0 0x80003e54 (0x32724b13) x22 0xffc003d8
core   0: 0x80003e58 (0x022490b3) mulh    ra, s1, sp
core   0: 0 0x80003e58 (0x022490b3) x1  0xfffff0d5
core   0: 0x80003e5c (0x00621563) bne     tp, t1, pc + 10
core   0: 0 0x80003e5c (0x00621563)
core   0: 0x80003e66 (0x03bc8933) mul     s2, s9, s11
core   0: 0 0x80003e66 (0x03bc8933) x18 0x00000000
core   0: 0x80003e6a (0x40f68433) sub     s0, a3, a5
core   0: 0 0x80003e6a (0x40f68433) x8  0xeb841dce
core   0: 0x80003e6e (0x404fd033) sra     zero, t6, tp
core   0: 0 0x80003e6e (0x404fd033)
core   0: 0x80003e72 (0x09c92193) slti    gp, s2, 156
core   0: 0 0x80003e72 (0x09c92193) x3  0x00000001
core   0: 0x80003e76 (0x46bcb213) sltiu   tp, s9, 1131
core   0: 0 0x80003e76 (0x46bcb213) x4  0x00000000
core   0: 0x80003e7a (0xc21ae313) ori     t1, s5, -991
core   0: 0 0x80003e7a (0xc21ae313) x6  0xfffffc21
core   0: 0x80003e7e (0x00000001) c.nop
core   0: 0 0x80003e7e (0x0001)
core   0: 0x80003e80 (0xde096e93) ori     t4, s2, -544
core   0: 0 0x80003e80 (0xde096e93) x29 0xfffffde0
core   0: 0x80003e84 (0x0000e899) c.bnez  s1, pc + 22
core   0: 0 0x80003e84 (0xe899)
core   0: 0x80003e9a (0x00008e8d) c.sub   a3, a1
core   0: 0 0x80003e9a (0x8e8d) x13 0xeb888ae7
core   0: 0x80003e9c (0x015db433) sltu    s0, s11, s5
core   0: 0 0x80003e9c (0x015db433) x8  0x00000000
core   0: 0x80003ea0 (0x038c4333) div     t1, s8, s8
core   0: 0 0x80003ea0 (0x038c4333) x6  0xffffffff
core   0: 0x80003ea4 (0x02a807b3) mul     a5, a6, a0
core   0: 0 0x80003ea4 (0x02a807b3) x15 0x00000000
core   0: 0x80003ea8 (0x026712b3) mulh    t0, a4, t1
core   0: 0 0x80003ea8 (0x026712b3) x5  0x00000000
core   0: 0x80003eac (0x02bd4c33) div     s8, s10, a1
core   0: 0 0x80003eac (0x02bd4c33) x24 0xffffed9a
core   0: 0x80003eb0 (0x00008461) c.srai  s0, 24
core   0: 0 0x80003eb0 (0x8461) x8  0x00000000
core   0: 0x80003eb2 (0x009469b3) or      s3, s0, s1
core   0: 0 0x80003eb2 (0x009469b3) x19 0x00018000
core   0: 0x80003eb6 (0x4399ab13) slti    s6, s3, 1081
core   0: 0 0x80003eb6 (0x4399ab13) x22 0x00000000
core   0: 0x80003eba (0x0000ed85) c.bnez  a1, pc + 56
core   0: 0 0x80003eba (0xed85)
core   0: 0x80003ef2 (0x033df433) remu    s0, s11, s3
core   0: 0 0x80003ef2 (0x033df433) x8  0x00000000
core   0: 0x80003ef6 (0x0000e663) bltu    ra, zero, pc + 12
core   0: 0 0x80003ef6 (0x0000e663)
core   0: 0x80003efa (0x031a5bb3) divu    s7, s4, a7
core   0: 0 0x80003efa (0x031a5bb3) x23 0x00000000
core   0: 0x80003efe (0x0383f4b3) remu    s1, t2, s8
core   0: 0 0x80003efe (0x0383f4b3) x9  0x0000008f
core   0: 0x80003f02 (0x00fb5eb3) srl     t4, s6, a5
core   0: 0 0x80003f02 (0x00fb5eb3) x29 0x00000000
core   0: 0x80003f06 (0x020b4f63) bltz    s6, pc + 62
core   0: 0 0x80003f06 (0x020b4f63)
core   0: 0x80003f0a (0x00331d33) sll     s10, t1, gp
core   0: 0 0x80003f0a (0x00331d33) x26 0xfffffffe
core   0: 0x80003f0e (0x0303e1b3) rem     gp, t2, a6
core   0: 0 0x80003f0e (0x0303e1b3) x3  0x0000008f
core   0: 0x80003f12 (0x0000828d) c.srli  a3, 3
core   0: 0 0x80003f12 (0x828d) x13 0x1d71115c
core   0: 0x80003f14 (0x059a4363) blt     s4, s9, pc + 70
core   0: 0 0x80003f14 (0x059a4363)
core   0: 0x80003f18 (0x03b664b3) rem     s1, a2, s11
core   0: 0 0x80003f18 (0x03b664b3) x9  0x8001fe2c
core   0: 0x80003f1c (0x031b0233) mul     tp, s6, a7
core   0: 0 0x80003f1c (0x031b0233) x4  0x00000000
core   0: 0x80003f20 (0xc5ecc413) xori    s0, s9, -930
core   0: 0 0x80003f20 (0xc5ecc413) x8  0x000003a1
core   0: 0x80003f24 (0x00000c55) c.addi  s8, 21
core   0: 0 0x80003f24 (0x0c55) x24 0xffffedaf
core   0: 0x80003f26 (0x02ad6e33) rem     t3, s10, a0
core   0: 0 0x80003f26 (0x02ad6e33) x28 0xfffffffe
core   0: 0x80003f2a (0x41c4d393) srai    t2, s1, 28
core   0: 0 0x80003f2a (0x41c4d393) x7  0xfffffff8
core   0: 0x80003f2e (0x00008c11) c.sub   s0, a2
core   0: 0 0x80003f2e (0x8c11) x8  0x7ffe0575
core   0: 0x80003f30 (0x8b152d93) slti    s11, a0, -1871
core   0: 0 0x80003f30 (0x8b152d93) x27 0x00000000
core   0: 0x80003f34 (0x03bcc333) div     t1, s9, s11
core   0: 0 0x80003f34 (0x03bcc333) x6  0xffffffff
core   0: 0x80003f38 (0x00ffdb93) srli    s7, t6, 15
core   0: 0 0x80003f38 (0x00ffdb93) x23 0x00000000
core   0: 0x80003f3c (0x02fb4b63) blt     s6, a5, pc + 54
core   0: 0 0x80003f3c (0x02fb4b63)
core   0: 0x80003f40 (0x038a4993) xori    s3, s4, 56
core   0: 0 0x80003f40 (0x038a4993) x19 0x00000039
core   0: 0x80003f44 (0x00008ca1) c.xor   s1, s0
core   0: 0 0x80003f44 (0x8ca1) x9  0xfffffb59
core   0: 0x80003f46 (0x0ff0000f) fence   iorw,iorw
core   0: 0 0x80003f46 (0x0ff0000f)
core   0: 0x80003f4a (0x000002dd) c.addi  t0, 23
core   0: 0 0x80003f4a (0x02dd) x5  0x00000017
core   0: 0x80003f4c (0xac63c293) xori    t0, t2, -1338
core   0: 0 0x80003f4c (0xac63c293) x5  0x0000053e
core   0: 0x80003f50 (0x01cda4b3) slt     s1, s11, t3
core   0: 0 0x80003f50 (0x01cda4b3) x9  0x00000000
core   0: 0x80003f54 (0x000080b2) c.mv    ra, a2
core   0: 0 0x80003f54 (0x80b2) x1  0x8001fe2c
core   0: 0x80003f56 (0x02d18033) mul     zero, gp, a3
core   0: 0 0x80003f56 (0x02d18033)
core   0: 0x80003f5a (0x00008199) c.srli  a1, 6
core   0: 0 0x80003f5a (0x8199) x11 0x03ffee4c
core   0: 0x80003f5c (0x000045e1) c.li    a1, 24
core   0: 0 0x80003f5c (0x45e1) x11 0x00000018
core   0: 0x80003f5e (0xc53a2913) slti    s2, s4, -941
core   0: 0 0x80003f5e (0xc53a2913) x18 0x00000000
core   0: 0x80003f62 (0x009d5913) srli    s2, s10, 9
core   0: 0 0x80003f62 (0x009d5913) x18 0x007fffff
core   0: 0x80003f66 (0x021cc263) blt     s9, ra, pc + 36
core   0: 0 0x80003f66 (0x021cc263)
core   0: 0x80003f6a (0x00009c92) c.add   s9, tp
core   0: 0 0x80003f6a (0x9c92) x25 0xffffffff
core   0: 0x80003f6c (0xee583237) lui     tp, 0xee583
core   0: 0 0x80003f6c (0xee583237) x4  0xee583000
core   0: 0x80003f70 (0x0000997d) c.andi  a0, -1
core   0: 0 0x80003f70 (0x997d) x10 0x00000000
core   0: 0x80003f72 (0x404cda33) sra     s4, s9, tp
core   0: 0 0x80003f72 (0x404cda33) x20 0xffffffff
core   0: 0x80003f76 (0xf11a3093) sltiu   ra, s4, -239
core   0: 0 0x80003f76 (0xf11a3093) x1  0x00000000
core   0: 0x80003f7a (0x000081ca) c.mv    gp, s2
core   0: 0 0x80003f7a (0x81ca) x3  0x007fffff
core   0: 0x80003f7c (0x03ef9333) mulh    t1, t6, t5
core   0: 0 0x80003f7c (0x03ef9333) x6  0x00000000
core   0: 0x80003f80 (0x000085f5) c.srai  a1, 29
core   0: 0 0x80003f80 (0x85f5) x11 0x00000000
core   0: 0x80003f82 (0xa7f1a817) auipc   a6, 0xa7f1a
core   0: 0 0x80003f82 (0xa7f1a817) x16 0x27f1df82
core   0: 0x80003f86 (0x41055ab3) sra     s5, a0, a6
core   0: 0 0x80003f86 (0x41055ab3) x21 0x00000000
core   0: 0x80003f8a (0x0ff0000f) fence   iorw,iorw
core   0: 0 0x80003f8a (0x0ff0000f)
core   0: 0x80003f8e (0x00009c42) c.add   s8, a6
core   0: 0 0x80003f8e (0x9c42) x24 0x27f1cd31
core   0: 0x80003f90 (0x00000266) c.slli  tp, 25
core   0: 0 0x80003f90 (0x0266) x4  0x00000000
core   0: 0x80003f92 (0x00008d45) c.or    a0, s1
core   0: 0 0x80003f92 (0x8d45) x10 0x00000000
core   0: 0x80003f94 (0x01251013) slli    zero, a0, 18
core   0: 0 0x80003f94 (0x01251013)
core   0: 0x80003f98 (0x000001be) c.slli  gp, 15
core   0: 0 0x80003f98 (0x01be) x3  0xffff8000
core   0: 0x80003f9a (0x0080fcb3) and     s9, ra, s0
core   0: 0 0x80003f9a (0x0080fcb3) x25 0x00000000
core   0: 0x80003f9e (0x00000001) c.nop
core   0: 0 0x80003f9e (0x0001)
core   0: 0x80003fa0 (0x000044f9) c.li    s1, 30
core   0: 0 0x80003fa0 (0x44f9) x9  0x0000001e
core   0: 0x80003fa2 (0x41c45213) srai    tp, s0, 28
core   0: 0 0x80003fa2 (0x41c45213) x4  0x00000007
core   0: 0x80003fa6 (0x00009afd) c.andi  a3, -1
core   0: 0 0x80003fa6 (0x9afd) x13 0x1d71115c
core   0: 0x80003fa8 (0x000084dd) c.srai  s1, 23
core   0: 0 0x80003fa8 (0x84dd) x9  0x00000000
core   0: 0x80003faa (0x01c027b3) slt     a5, zero, t3
core   0: 0 0x80003faa (0x01c027b3) x15 0x00000000
core   0: 0x80003fae (0x00e000ef) jal     pc + 0xe
core   0: 0 0x80003fae (0x00e000ef) x1  0x80003fb2
core   0: 0x80003fbc (0x01e000ef) jal     pc + 0x1e
core   0: 0 0x80003fbc (0x01e000ef) x1  0x80003fc0
core   0: 0x80003fda (0xff1ff36f) jal     t1, pc - 0x10
core   0: 0 0x80003fda (0xff1ff36f) x6  0x80003fde
core   0: 0x80003fca (0x00003fdd) c.jal   pc - 10
core   0: 0 0x80003fca (0x3fdd) x1  0x80003fcc
core   0: 0x80003fc0 (0x008000ef) jal     pc + 0x8
core   0: 0 0x80003fc0 (0x008000ef) x1  0x80003fc4
core   0: 0x80003fc8 (0x0000b7ed) c.j     pc - 22
core   0: 0 0x80003fc8 (0xb7ed)
core   0: 0x80003fb2 (0x0000a839) c.j     pc + 30
core   0: 0 0x80003fb2 (0xa839)
core   0: 0x80003fd0 (0x0060026f) jal     tp, pc + 0x6
core   0: 0 0x80003fd0 (0x0060026f) x4  0x80003fd4
core   0: 0x80003fd6 (0xfffff36f) jal     t1, pc - 0x2
core   0: 0 0x80003fd6 (0xfffff36f) x6  0x80003fda
core   0: 0x80003fd4 (0x0000b7c5) c.j     pc - 32
core   0: 0 0x80003fd4 (0xb7c5)
core   0: 0x80003fb4 (0x00002019) c.jal   pc + 6
core   0: 0 0x80003fb4 (0x2019) x1  0x80003fb6
core   0: 0x80003fba (0x00002031) c.jal   pc + 12
core   0: 0 0x80003fba (0x2031) x1  0x80003fbc
core   0: 0x80003fc6 (0x00003ffd) c.jal   pc - 2
core   0: 0 0x80003fc6 (0x3ffd) x1  0x80003fc8
core   0: 0x80003fc4 (0x00003fcd) c.jal   pc - 14
core   0: 0 0x80003fc4 (0x3fcd) x1  0x80003fc6
core   0: 0x80003fb6 (0x0160036f) jal     t1, pc + 0x16
core   0: 0 0x80003fb6 (0x0160036f) x6  0x80003fba
core   0: 0x80003fcc (0x012000ef) jal     pc + 0x12
core   0: 0 0x80003fcc (0x012000ef) x1  0x80003fd0
core   0: 0x80003fde (0x0271fab3) remu    s5, gp, t2
core   0: 0 0x80003fde (0x0271fab3) x21 0xffff8000
core   0: 0x80003fe2 (0x0215a5b3) mulhsu  a1, a1, ra
core   0: 0 0x80003fe2 (0x0215a5b3) x11 0x00000000
core   0: 0x80003fe6 (0x417d5813) srai    a6, s10, 23
core   0: 0 0x80003fe6 (0x417d5813) x16 0xffffffff
core   0: 0x80003fea (0x8105f093) andi    ra, a1, -2032
core   0: 0 0x80003fea (0x8105f093) x1  0x00000000
core   0: 0x80003fee (0x013dd963) bge     s11, s3, pc + 18
core   0: 0 0x80003fee (0x013dd963)
core   0: 0x80003ff2 (0x00086963) bltu    a6, zero, pc + 18
core   0: 0 0x80003ff2 (0x00086963)
core   0: 0x80003ff6 (0x40025033) sra     zero, tp, zero
core   0: 0 0x80003ff6 (0x40025033)
core   0: 0x80003ffa (0x0000100f) fence.i
core   0: 0 0x80003ffa (0x0000100f)
core   0: 0x80003ffe (0x000082a1) c.srli  a3, 8
core   0: 0 0x80003ffe (0x82a1) x13 0x001d7111
core   0: 0x80004000 (0x03f62cb3) mulhsu  s9, a2, t6
core   0: 0 0x80004000 (0x03f62cb3) x25 0xffffe800
core   0: 0x80004004 (0x001f11b3) sll     gp, t5, ra
core   0: 0 0x80004004 (0x001f11b3) x3  0x00000000
core   0: 0x80004008 (0x00b3e533) or      a0, t2, a1
core   0: 0 0x80004008 (0x00b3e533) x10 0xfffffff8
core   0: 0x8000400c (0x00008d79) c.and   a0, a4
core   0: 0 0x8000400c (0x8d79) x10 0x80023ce0
core   0: 0x8000400e (0x015b1e93) slli    t4, s6, 21
core   0: 0 0x8000400e (0x015b1e93) x29 0x00000000
core   0: 0x80004012 (0x00935513) srli    a0, t1, 9
core   0: 0 0x80004012 (0x00935513) x10 0x0040001f
core   0: 0x80004016 (0xbc4b27b7) lui     a5, 0xbc4b2
core   0: 0 0x80004016 (0xbc4b27b7) x15 0xbc4b2000
core   0: 0x8000401a (0x006ed963) bge     t4, t1, pc + 18
core   0: 0 0x8000401a (0x006ed963)
core   0: 0x8000402c (0x01d97663) bgeu    s2, t4, pc + 12
core   0: 0 0x8000402c (0x01d97663)
core   0: 0x80004038 (0x02b50063) beq     a0, a1, pc + 32
core   0: 0 0x80004038 (0x02b50063)
core   0: 0x8000403c (0x02d927b3) mulhsu  a5, s2, a3
core   0: 0 0x8000403c (0x02d927b3) x15 0x00000eb8
core   0: 0x80004040 (0x00008d59) c.or    a0, a4
core   0: 0 0x80004040 (0x8d59) x10 0x80423cff
core   0: 0x80004042 (0x03a60963) beq     a2, s10, pc + 50
core   0: 0 0x80004042 (0x03a60963)
core   0: 0x80004046 (0x0000991e) c.add   s2, t2
core   0: 0 0x80004046 (0x991e) x18 0x007ffff7
core   0: 0x80004048 (0x0118d263) bge     a7, a7, pc + 4
core   0: 0 0x80004048 (0x0118d263)
core   0: 0x8000404c (0x00008445) c.srai  s0, 17
core   0: 0 0x8000404c (0x8445) x8  0x00003fff
core   0: 0x8000404e (0x0000ef89) c.bnez  a5, pc + 26
core   0: 0 0x8000404e (0xef89)
core   0: 0x80004068 (0x000003d2) c.slli  t2, 20
core   0: 0 0x80004068 (0x03d2) x7  0xff800000
core   0: 0x8000406a (0x0ff0000f) fence   iorw,iorw
core   0: 0 0x8000406a (0x0ff0000f)
core   0: 0x8000406e (0x01a40563) beq     s0, s10, pc + 10
core   0: 0 0x8000406e (0x01a40563)
core   0: 0x80004072 (0x00000c8a) c.slli  s9, 2
core   0: 0 0x80004072 (0x0c8a) x25 0xffffa000
core   0: 0x80004074 (0x02953d33) mulhu   s10, a0, s1
core   0: 0 0x80004074 (0x02953d33) x26 0x00000000
core   0: 0x80004078 (0x03770463) beq     a4, s7, pc + 40
core   0: 0 0x80004078 (0x03770463)
core   0: 0x8000407c (0x028cde33) divu    t3, s9, s0
core   0: 0 0x8000407c (0x028cde33) x28 0x0004000e
core   0: 0x80004080 (0x04c1fd13) andi    s10, gp, 76
core   0: 0 0x80004080 (0x04c1fd13) x26 0x00000000
core   0: 0x80004084 (0x000f6033) or      zero, t5, zero
core   0: 0 0x80004084 (0x000f6033)
core   0: 0x80004088 (0x415e0d33) sub     s10, t3, s5
core   0: 0 0x80004088 (0x415e0d33) x26 0x0004800e
core   0: 0x8000408c (0x00b21193) slli    gp, tp, 11
core   0: 0 0x8000408c (0x00b21193) x3  0x01fea000
core   0: 0x80004090 (0x2c213f13) sltiu   t5, sp, 706
core   0: 0 0x80004090 (0x2c213f13) x30 0x00000000
core   0: 0x80004094 (0xd9bda813) slti    a6, s11, -613
core   0: 0 0x80004094 (0xd9bda813) x16 0x00000000
core   0: 0x80004098 (0x0000997d) c.andi  a0, -1
core   0: 0 0x80004098 (0x997d) x10 0x80423cff
core   0: 0x8000409a (0x00335813) srli    a6, t1, 3
core   0: 0 0x8000409a (0x00335813) x16 0x100007f7
core   0: 0x8000409e (0x00006999) c.lui   s3, 0x6
core   0: 0 0x8000409e (0x6999) x19 0x00006000
core   0: 0x800040a0 (0x03ca1533) mulh    a0, s4, t3
core   0: 0 0x800040a0 (0x03ca1533) x10 0xffffffff
core   0: 0x800040a4 (0x00008c49) c.or    s0, a0
core   0: 0 0x800040a4 (0x8c49) x8  0xffffffff
core   0: 0x800040a6 (0x032ceb33) rem     s6, s9, s2
core   0: 0 0x800040a6 (0x032ceb33) x22 0xffffa000
core   0: 0x800040aa (0x000015fd) c.addi  a1, -1
core   0: 0 0x800040aa (0x15fd) x11 0xffffffff
core   0: 0x800040ac (0x98cd6d13) ori     s10, s10, -1652
core   0: 0 0x800040ac (0x98cd6d13) x26 0xfffff98e
core   0: 0x800040b0 (0x02a8ec33) rem     s8, a7, a0
core   0: 0 0x800040b0 (0x02a8ec33) x24 0x00000000
core   0: 0x800040b4 (0x000996b3) sll     a3, s3, zero
core   0: 0 0x800040b4 (0x000996b3) x13 0x00006000
core   0: 0x800040b8 (0x01001a63) bne     zero, a6, pc + 20
core   0: 0 0x800040b8 (0x01001a63)
core   0: 0x800040cc (0x0000100f) fence.i
core   0: 0 0x800040cc (0x0000100f)
core   0: 0x800040d0 (0x000080d1) c.srli  s1, 20
core   0: 0 0x800040d0 (0x80d1) x9  0x00000000
core   0: 0x800040d2 (0x00f3c333) xor     t1, t2, a5
core   0: 0 0x800040d2 (0x00f3c333) x6  0xff800eb8
core   0: 0x800040d6 (0x000083e5) c.srli  a5, 25
core   0: 0 0x800040d6 (0x83e5) x15 0x00000000
core   0: 0x800040d8 (0x04df7063) bgeu    t5, a3, pc + 64
core   0: 0 0x800040d8 (0x04df7063)
core   0: 0x800040dc (0x00008ef1) c.and   a3, a2
core   0: 0 0x800040dc (0x8ef1) x13 0x00006000
core   0: 0x800040de (0x1783bf13) sltiu   t5, t2, 376
core   0: 0 0x800040de (0x1783bf13) x30 0x00000000
core   0: 0x800040e2 (0x03068f63) beq     a3, a6, pc + 62
core   0: 0 0x800040e2 (0x03068f63)
core   0: 0x800040e6 (0x01caad33) slt     s10, s5, t3
core   0: 0 0x800040e6 (0x01caad33) x26 0x00000001
core   0: 0x800040ea (0x02217663) bgeu    sp, sp, pc + 44
core   0: 0 0x800040ea (0x02217663)
core   0: 0x80004116 (0x00000001) c.nop
core   0: 0 0x80004116 (0x0001)
core   0: 0x80004118 (0x0000100f) fence.i
core   0: 0 0x80004118 (0x0000100f)
core   0: 0x8000411c (0x05d05263) bge     zero, t4, pc + 68
core   0: 0 0x8000411c (0x05d05263)
core   0: 0x80004160 (0x00e0df93) srli    t6, ra, 14
core   0: 0 0x80004160 (0x00e0df93) x31 0x00000000
core   0: 0x80004164 (0x02aea9b3) mulhsu  s3, t4, a0
core   0: 0 0x80004164 (0x02aea9b3) x19 0x00000000
core   0: 0x80004168 (0x02b510b3) mulh    ra, a0, a1
core   0: 0 0x80004168 (0x02b510b3) x1  0x00000000
core   0: 0x8000416c (0x000084ad) c.srai  s1, 11
core   0: 0 0x8000416c (0x84ad) x9  0x00000000
core   0: 0x8000416e (0x00000d7a) c.slli  s10, 30
core   0: 0 0x8000416e (0x0d7a) x26 0x40000000
core   0: 0x80004170 (0x032311b3) mulh    gp, t1, s2
core   0: 0 0x80004170 (0x032311b3) x3  0xffffc007
core   0: 0x80004174 (0x7e886593) ori     a1, a6, 2024
core   0: 0 0x80004174 (0x7e886593) x11 0x100007ff
core   0: 0x80004178 (0x02ae82b3) mul     t0, t4, a0
core   0: 0 0x80004178 (0x02ae82b3) x5  0x00000000
core   0: 0x8000417c (0x00008d19) c.sub   a0, a4
core   0: 0 0x8000417c (0x8d19) x10 0x7ffdc31b
core   0: 0x8000417e (0x02f3bcb3) mulhu   s9, t2, a5
core   0: 0 0x8000417e (0x02f3bcb3) x25 0x00000000
core   0: 0x80004182 (0x00f35313) srli    t1, t1, 15
core   0: 0 0x80004182 (0x00f35313) x6  0x0001ff00
core   0: 0x80004186 (0x001a9233) sll     tp, s5, ra
core   0: 0 0x80004186 (0x001a9233) x4  0xffff8000
core   0: 0x8000418a (0x00008fb5) c.xor   a5, a3
core   0: 0 0x8000418a (0x8fb5) x15 0x00006000
core   0: 0x8000418c (0x019e7fb3) and     t6, t3, s9
core   0: 0 0x8000418c (0x019e7fb3) x31 0x00000000
core   0: 0x80004190 (0x001f4963) blt     t5, ra, pc + 18
core   0: 0 0x80004190 (0x001f4963)
core   0: 0x80004194 (0x408ad7b3) sra     a5, s5, s0
core   0: 0 0x80004194 (0x408ad7b3) x15 0xffffffff
core   0: 0x80004198 (0x03a836b3) mulhu   a3, a6, s10
core   0: 0 0x80004198 (0x03a836b3) x13 0x040001fd
core   0: 0x8000419c (0x000085d5) c.srai  a1, 21
core   0: 0 0x8000419c (0x85d5) x11 0x00000080
core   0: 0x8000419e (0x00a83e33) sltu    t3, a6, a0
core   0: 0 0x8000419e (0x00a83e33) x28 0x00000001
core   0: 0x800041a2 (0x00008afd) c.andi  a3, 31
core   0: 0 0x800041a2 (0x8afd) x13 0x0000001d
core   0: 0x800041a4 (0x00000001) c.nop
core   0: 0 0x800041a4 (0x0001)
core   0: 0x800041a6 (0x0000c991) c.beqz  a1, pc + 20
core   0: 0 0x800041a6 (0xc991)
core   0: 0x800041a8 (0x00000001) c.nop
core   0: 0 0x800041a8 (0x0001)
core   0: 0x800041aa (0xfcccbb93) sltiu   s7, s9, -52
core   0: 0 0x800041aa (0xfcccbb93) x23 0x00000001
core   0: 0x800041ae (0x020c72b3) remu    t0, s8, zero
core   0: 0 0x800041ae (0x020c72b3) x5  0x00000000
core   0: 0x800041b2 (0x7863a493) slti    s1, t2, 1926
core   0: 0 0x800041b2 (0x7863a493) x9  0x00000001
core   0: 0x800041b6 (0x000049d1) c.li    s3, 20
core   0: 0 0x800041b6 (0x49d1) x19 0x00000014
core   0: 0x800041b8 (0x00008bb1) c.andi  a5, 12
core   0: 0 0x800041b8 (0x8bb1) x15 0x0000000c
core   0: 0x800041ba (0x419d03b3) sub     t2, s10, s9
core   0: 0 0x800041ba (0x419d03b3) x7  0x40000000
core   0: 0x800041be (0x00bedbb3) srl     s7, t4, a1
core   0: 0 0x800041be (0x00bedbb3) x23 0x00000000
core   0: 0x800041c2 (0x01df3bb3) sltu    s7, t5, t4
core   0: 0 0x800041c2 (0x01df3bb3) x23 0x00000000
core   0: 0x800041c6 (0x00008c2d) c.xor   s0, a1
core   0: 0 0x800041c6 (0x8c2d) x8  0xffffff7f
core   0: 0x800041c8 (0x0000c089) c.beqz  s1, pc + 2
core   0: 0 0x800041c8 (0xc089)
core   0: 0x800041ca (0x01bad813) srli    a6, s5, 27
core   0: 0 0x800041ca (0x01bad813) x16 0x0000001f
core   0: 0x800041ce (0x000049dd) c.li    s3, 23
core   0: 0 0x800041ce (0x49dd) x19 0x00000017
core   0: 0x800041d0 (0x00008d31) c.xor   a0, a2
core   0: 0 0x800041d0 (0x8d31) x10 0xfffc3d37
core   0: 0x800041d2 (0x00008eb1) c.xor   a3, a2
core   0: 0 0x800041d2 (0x8eb1) x13 0x8001fe31
core   0: 0x800041d4 (0xc76f0d93) addi    s11, t5, -906
core   0: 0 0x800041d4 (0xc76f0d93) x27 0xfffffc76
core   0: 0x800041d8 (0xb3964517) auipc   a0, 0xb3964
core   0: 0 0x800041d8 (0xb3964517) x10 0x339681d8
core   0: 0x800041dc (0x00aea533) slt     a0, t4, a0
core   0: 0 0x800041dc (0x00aea533) x10 0x00000001
core   0: 0x800041e0 (0x00008c89) c.sub   s1, a0
core   0: 0 0x800041e0 (0x8c89) x9  0x00000000
core   0: 0x800041e2 (0x0000819d) c.srli  a1, 7
core   0: 0 0x800041e2 (0x819d) x11 0x00000001
core   0: 0x800041e4 (0x41728eb3) sub     t4, t0, s7
core   0: 0 0x800041e4 (0x41728eb3) x29 0x00000000
core   0: 0x800041e8 (0xa858a913) slti    s2, a7, -1403
core   0: 0 0x800041e8 (0xa858a913) x18 0x00000001
core   0: 0x800041ec (0x00d09263) bne     ra, a3, pc + 4
core   0: 0 0x800041ec (0x00d09263)
core   0: 0x800041f0 (0x002b64b3) or      s1, s6, sp
core   0: 0 0x800041f0 (0x002b64b3) x9  0xffffb895
core   0: 0x800041f4 (0x6caa2897) auipc   a7, 0x6caa2
core   0: 0 0x800041f4 (0x6caa2897) x17 0xecaa61f4
core   0: 0x800041f8 (0x02973b33) mulhu   s6, a4, s1
core   0: 0 0x800041f8 (0x02973b33) x22 0x8002192d
core   0: 0x800041fc (0xb4507513) andi    a0, zero, -1211
core   0: 0 0x800041fc (0xb4507513) x10 0x00000000
core   0: 0x80004200 (0x00eeff33) and     t5, t4, a4
core   0: 0 0x80004200 (0x00eeff33) x30 0x00000000
core   0: 0x80004204 (0x00000001) c.nop
core   0: 0 0x80004204 (0x0001)
core   0: 0x80004206 (0xf15a2837) lui     a6, 0xf15a2
core   0: 0 0x80004206 (0xf15a2837) x16 0xf15a2000
core   0: 0x8000420a (0xb6daf913) andi    s2, s5, -1171
core   0: 0 0x8000420a (0xb6daf913) x18 0xffff8000
core   0: 0x8000420e (0x00004259) c.li    tp, 22
core   0: 0 0x8000420e (0x4259) x4  0x00000016
core   0: 0x80004210 (0x0000ed91) c.bnez  a1, pc + 28
core   0: 0 0x80004210 (0xed91)
core   0: 0x8000422c (0xb6894693) xori    a3, s2, -1176
core   0: 0 0x8000422c (0xb6894693) x13 0x00007b68
core   0: 0x80004230 (0x00000001) c.nop
core   0: 0 0x80004230 (0x0001)
core   0: 0x80004232 (0x48e4d937) lui     s2, 0x48e4d
core   0: 0 0x80004232 (0x48e4d937) x18 0x48e4d000
core   0: 0x80004236 (0x00af4d33) xor     s10, t5, a0
core   0: 0 0x80004236 (0x00af4d33) x26 0x00000000
core   0: 0x8000423a (0x00008f8d) c.sub   a5, a1
core   0: 0 0x8000423a (0x8f8d) x15 0x0000000b
core   0: 0x8000423c (0x02e8ca33) div     s4, a7, a4
core   0: 0 0x8000423c (0x02e8ca33) x20 0x00000000
core   0: 0x80004240 (0x01abddb3) srl     s11, s7, s10
core   0: 0 0x80004240 (0x01abddb3) x27 0x00000000
core   0: 0x80004244 (0x01efde93) srli    t4, t6, 30
core   0: 0 0x80004244 (0x01efde93) x29 0x00000000
core   0: 0x80004248 (0x02155d63) bge     a0, ra, pc + 58
core   0: 0 0x80004248 (0x02155d63)
core   0: 0x80004282 (0x000e1993) slli    s3, t3, 0
core   0: 0 0x80004282 (0x000e1993) x19 0x00000001
core   0: 0x80004286 (0x0000100f) fence.i
core   0: 0 0x80004286 (0x0000100f)
core   0: 0x8000428a (0x40b65933) sra     s2, a2, a1
core   0: 0 0x8000428a (0x40b65933) x18 0xc000ff16
core   0: 0x8000428e (0x403adab3) sra     s5, s5, gp
core   0: 0 0x8000428e (0x403adab3) x21 0xffffff00
core   0: 0x80004292 (0x00462083) lw      ra, 4(a2)
core   0: 0 0x80004292 (0x00462083) x1  0x80003348 mem 0x8001fe30
core   0: 0x80004296 (0x03860613) addi    a2, a2, 56
core   0: 0 0x80004296 (0x03860613) x12 0x8001fe64
core   0: 0x8000429a (0x03dcbe33) mulhu   t3, s9, t4
core   0: 0 0x8000429a (0x03dcbe33) x28 0x00000000
core   0: 0x8000429e (0x02fd1f33) mulh    t5, s10, a5
core   0: 0 0x8000429e (0x02fd1f33) x30 0x00000000
core   0: 0x800042a2 (0x00004ec1) c.li    t4, 16
core   0: 0 0x800042a2 (0x4ec1) x29 0x00000010
core   0: 0x800042a4 (0x00008393) mv      t2, ra
core   0: 0 0x800042a4 (0x00008393) x7  0x80003348
core   0: 0x800042a8 (0x00009382) c.jalr  t2
core   0: 0 0x800042a8 (0x9382) x1  0x800042aa
core   0: 0x80003348 (0x026000ef) jal     pc + 0x26
core   0: 0 0x80003348 (0x026000ef) x1  0x8000334c
core   0: 0x8000336e (0x00e000ef) jal     pc + 0xe
core   0: 0 0x8000336e (0x00e000ef) x1  0x80003372
core   0: 0x8000337c (0x00002009) c.jal   pc + 2
core   0: 0 0x8000337c (0x2009) x1  0x8000337e
core   0: 0x8000337e (0xfd5ff26f) jal     tp, pc - 0x2c
core   0: 0 0x8000337e (0xfd5ff26f) x4  0x80003382
core   0: 0x80003352 (0x024009ef) jal     s3, pc + 0x24
core   0: 0 0x80003352 (0x024009ef) x19 0x80003356
core   0: 0x80003376 (0x000037e5) c.jal   pc - 24
core   0: 0 0x80003376 (0x37e5) x1  0x80003378
core   0: 0x8000335e (0x0240036f) jal     t1, pc + 0x24
core   0: 0 0x8000335e (0x0240036f) x6  0x80003362
core   0: 0x80003382 (0x0000a019) c.j     pc + 6
core   0: 0 0x80003382 (0xa019)
core   0: 0x80003388 (0x0000b7d1) c.j     pc - 60
core   0: 0 0x80003388 (0xb7d1)
core   0: 0x8000334c (0x0000a819) c.j     pc + 22
core   0: 0 0x8000334c (0xa819)
core   0: 0x80003362 (0x022000ef) jal     pc + 0x22
core   0: 0 0x80003362 (0x022000ef) x1  0x80003366
core   0: 0x80003384 (0x00002009) c.jal   pc + 2
core   0: 0 0x80003384 (0x2009) x1  0x80003386
core   0: 0x80003386 (0x000037cd) c.jal   pc - 30
core   0: 0 0x80003386 (0x37cd) x1  0x80003388
core   0: 0x80003368 (0x00a000ef) jal     pc + 0xa
core   0: 0 0x80003368 (0x00a000ef) x1  0x8000336c
core   0: 0x80003372 (0xfe9ff4ef) jal     s1, pc - 0x18
core   0: 0 0x80003372 (0xfe9ff4ef) x9  0x80003376
core   0: 0x8000335a (0x0000a005) c.j     pc + 32
core   0: 0 0x8000335a (0xa005)
core   0: 0x8000337a (0x000037f5) c.jal   pc - 20
core   0: 0 0x8000337a (0x37f5) x1  0x8000337c
core   0: 0x80003366 (0x0000bfdd) c.j     pc - 10
core   0: 0 0x80003366 (0xbfdd)
core   0: 0x8000335c (0x0000203d) c.jal   pc + 46
core   0: 0 0x8000335c (0x203d) x1  0x8000335e
core   0: 0x8000338a (0x000037fd) c.jal   pc - 18
core   0: 0 0x8000338a (0x37fd) x1  0x8000338c
core   0: 0x80003378 (0x00003fd5) c.jal   pc - 12
core   0: 0 0x80003378 (0x3fd5) x1  0x8000337a
core   0: 0x8000336c (0x0000b7f5) c.j     pc - 20
core   0: 0 0x8000336c (0xb7f5)
core   0: 0x80003358 (0x00003ffd) c.jal   pc - 2
core   0: 0 0x80003358 (0x3ffd) x1  0x8000335a
core   0: 0x80003356 (0x0000bfe5) c.j     pc - 8
core   0: 0 0x80003356 (0xbfe5)
core   0: 0x8000334e (0x03e0026f) jal     tp, pc + 0x3e
core   0: 0 0x8000334e (0x03e0026f) x4  0x80003352
core   0: 0x8000338c (0x0ff0000f) fence   iorw,iorw
core   0: 0 0x8000338c (0x0ff0000f)
core   0: 0x80003390 (0x00000a5d) c.addi  s4, 23
core   0: 0 0x80003390 (0x0a5d) x20 0x00000017
core   0: 0x80003392 (0x02028233) mul     tp, t0, zero
core   0: 0 0x80003392 (0x02028233) x4  0x00000000
core   0: 0x80003396 (0x9f439e17) auipc   t3, 0x9f439
core   0: 0 0x80003396 (0x9f439e17) x28 0x1f43c396
core   0: 0x8000339a (0x0000020e) c.slli  tp, 3
core   0: 0 0x8000339a (0x020e) x4  0x00000000
core   0: 0x8000339c (0x0000100f) fence.i
core   0: 0 0x8000339c (0x0000100f)
core   0: 0x800033a0 (0x00000001) c.nop
core   0: 0 0x800033a0 (0x0001)
core   0: 0x800033a2 (0x03b40363) beq     s0, s11, pc + 38
core   0: 0 0x800033a2 (0x03b40363)
core   0: 0x800033a6 (0x00000ad1) c.addi  s5, 20
core   0: 0 0x800033a6 (0x0ad1) x21 0xffffff14
core   0: 0x800033a8 (0x01b123b3) slt     t2, sp, s11
core   0: 0 0x800033a8 (0x01b123b3) x7  0x00000001
core   0: 0x800033ac (0x00000001) c.nop
core   0: 0 0x800033ac (0x0001)
core   0: 0x800033ae (0x00006911) c.lui   s2, 0x4
core   0: 0 0x800033ae (0x6911) x18 0x00004000
core   0: 0x800033b0 (0x0fdcef93) ori     t6, s9, 253
core   0: 0 0x800033b0 (0x0fdcef93) x31 0x000000fd
core   0: 0x800033b4 (0x05f4dc63) bge     s1, t6, pc + 88
core   0: 0 0x800033b4 (0x05f4dc63)
core   0: 0x800033b8 (0x0389a033) mulhsu  zero, s3, s8
core   0: 0 0x800033b8 (0x0389a033)
core   0: 0x800033bc (0x00dc6663) bltu    s8, a3, pc + 12
core   0: 0 0x800033bc (0x00dc6663)
core   0: 0x800033c8 (0x00f91793) slli    a5, s2, 15
core   0: 0 0x800033c8 (0x00f91793) x15 0x20000000
core   0: 0x800033cc (0x00757033) and     zero, a0, t2
core   0: 0 0x800033cc (0x00757033)
core   0: 0x800033d0 (0xbb017d93) andi    s11, sp, -1104
core   0: 0 0x800033d0 (0xbb017d93) x27 0xf5e39890
core   0: 0x800033d4 (0x000041a5) c.li    gp, 9
core   0: 0 0x800033d4 (0x41a5) x3  0x00000009
core   0: 0x800033d6 (0x72b88513) addi    a0, a7, 1835
core   0: 0 0x800033d6 (0x72b88513) x10 0xecaa691f
core   0: 0x800033da (0x00001a17) auipc   s4, 0x1
core   0: 0 0x800033da (0x00001a17) x20 0x800043da
core   0: 0x800033de (0xf9aa0a13) addi    s4, s4, -102
core   0: 0 0x800033de (0xf9aa0a13) x20 0x80004374
core   0: 0x800033e2 (0x02b973b3) remu    t2, s2, a1
core   0: 0 0x800033e2 (0x02b973b3) x7  0x00000000
core   0: 0x800033e6 (0x00008d4d) c.or    a0, a1
core   0: 0 0x800033e6 (0x8d4d) x10 0xecaa691f
core   0: 0x800033e8 (0xfd126b93) ori     s7, tp, -47
core   0: 0 0x800033e8 (0xfd126b93) x23 0xffffffd1
core   0: 0x800033ec (0x000082a6) c.mv    t0, s1
core   0: 0 0x800033ec (0x82a6) x5  0x80003376
core   0: 0x800033ee (0x00008dc5) c.or    a1, s1
core   0: 0 0x800033ee (0x8dc5) x11 0x80003377
core   0: 0x800033f0 (0x07aa0a13) addi    s4, s4, 122
core   0: 0 0x800033f0 (0x07aa0a13) x20 0x800043ee
core   0: 0x800033f4 (0x024d5b33) divu    s6, s10, tp
core   0: 0 0x800033f4 (0x024d5b33) x22 0xffffffff
core   0: 0x800033f8 (0x77580813) addi    a6, a6, 1909
core   0: 0 0x800033f8 (0x77580813) x16 0xf15a2775
core   0: 0x800033fc (0xf87a00e7) jalr    ra, s4, -121
core   0: 0 0x800033fc (0xf87a00e7) x1  0x80003400
core   0: 0x80004374 (0x000098fd) c.andi  s1, -1
core   0: 0 0x80004374 (0x98fd) x9  0x80003376
core   0: 0x80004376 (0xf851b813) sltiu   a6, gp, -123
core   0: 0 0x80004376 (0xf851b813) x16 0x00000001
core   0: 0x8000437a (0x000044c1) c.li    s1, 16
core   0: 0 0x8000437a (0x44c1) x9  0x00000010
core   0: 0x8000437c (0xcee27893) andi    a7, tp, -786
core   0: 0 0x8000437c (0xcee27893) x17 0x00000000
core   0: 0x80004380 (0x00e5d463) bge     a1, a4, pc + 8
core   0: 0 0x80004380 (0x00e5d463)
core   0: 0x80004384 (0x402005b3) sub     a1, zero, sp
core   0: 0 0x80004384 (0x402005b3) x11 0x0a1c676b
core   0: 0x80004388 (0x00001651) c.addi  a2, -12
core   0: 0 0x80004388 (0x1651) x12 0x8001fe58
core   0: 0x8000438a (0x008beeb3) or      t4, s7, s0
core   0: 0 0x8000438a (0x008beeb3) x29 0xffffffff
core   0: 0x8000438e (0x3eddeb17) auipc   s6, 0x3edde
core   0: 0 0x8000438e (0x3eddeb17) x22 0xbede238e
core   0: 0x80004392 (0x0000100f) fence.i
core   0: 0 0x80004392 (0x0000100f)
core   0: 0x80004396 (0x00162223) sw      ra, 4(a2)
core   0: 0 0x80004396 (0x00162223) mem 0x8001fe5c 0x80003400
core   0: 0x8000439a (0x7ad99a37) lui     s4, 0x7ad99
core   0: 0 0x8000439a (0x7ad99a37) x20 0x7ad99000
core   0: 0x8000439e (0x032000ef) jal     pc + 0x32
core   0: 0 0x8000439e (0x032000ef) x1  0x800043a2
core   0: 0x800043d0 (0x0000a011) c.j     pc + 4
core   0: 0 0x800043d0 (0xa011)
core   0: 0x800043d4 (0x00002009) c.jal   pc + 2
core   0: 0 0x800043d4 (0x2009) x1  0x800043d6
core   0: 0x800043d6 (0x00002009) c.jal   pc + 2
core   0: 0 0x800043d6 (0x2009) x1  0x800043d8
core   0: 0x800043d8 (0x00003fd9) c.jal   pc - 42
core   0: 0 0x800043d8 (0x3fd9) x1  0x800043da
core   0: 0x800043ae (0x00003fdd) c.jal   pc - 10
core   0: 0 0x800043ae (0x3fdd) x1  0x800043b0
core   0: 0x800043a4 (0x0000282d) c.jal   pc + 58
core   0: 0 0x800043a4 (0x282d) x1  0x800043a6
core   0: 0x800043de (0xfc9ff36f) jal     t1, pc - 0x38
core   0: 0 0x800043de (0xfc9ff36f) x6  0x800043e2
core   0: 0x800043a6 (0x01c0036f) jal     t1, pc + 0x1c
core   0: 0 0x800043a6 (0x01c0036f) x6  0x800043aa
core   0: 0x800043c2 (0x0000bfd5) c.j     pc - 12
core   0: 0 0x800043c2 (0xbfd5)
core   0: 0x800043b6 (0x0000a805) c.j     pc + 48
core   0: 0 0x800043b6 (0xa805)
core   0: 0x800043e6 (0x00003fe9) c.jal   pc - 38
core   0: 0 0x800043e6 (0x3fe9) x1  0x800043e8
core   0: 0x800043c0 (0x00003fc5) c.jal   pc - 16
core   0: 0 0x800043c0 (0x3fc5) x1  0x800043c2
core   0: 0x800043b0 (0x00002029) c.jal   pc + 10
core   0: 0 0x800043b0 (0x2029) x1  0x800043b2
core   0: 0x800043ba (0x00002821) c.jal   pc + 24
core   0: 0 0x800043ba (0x2821) x1  0x800043bc
core   0: 0x800043d2 (0x00002801) c.jal   pc + 16
core   0: 0 0x800043d2 (0x2801) x1  0x800043d4
core   0: 0x800043e2 (0x00003fe5) c.jal   pc - 8
core   0: 0 0x800043e2 (0x3fe5) x1  0x800043e4
core   0: 0x800043da (0xfd3ffeef) jal     t4, pc - 0x2e
core   0: 0 0x800043da (0xfd3ffeef) x29 0x800043de
core   0: 0x800043ac (0x00002031) c.jal   pc + 12
core   0: 0 0x800043ac (0x2031) x1  0x800043ae
core   0: 0x800043b8 (0x0000a801) c.j     pc + 16
core   0: 0 0x800043b8 (0xa801)
core   0: 0x800043c8 (0x0000b7ed) c.j     pc - 22
core   0: 0 0x800043c8 (0xb7ed)
core   0: 0x800043b2 (0x01a0036f) jal     t1, pc + 0x1a
core   0: 0 0x800043b2 (0x01a0036f) x6  0x800043b6
core   0: 0x800043cc (0x01c000ef) jal     pc + 0x1c
core   0: 0 0x800043cc (0x01c000ef) x1  0x800043d0
core   0: 0x800043e8 (0x0000bf6d) c.j     pc - 70
core   0: 0 0x800043e8 (0xbf6d)
core   0: 0x800043a2 (0x00002025) c.jal   pc + 40
core   0: 0 0x800043a2 (0x2025) x1  0x800043a4
core   0: 0x800043ca (0x0000a829) c.j     pc + 26
core   0: 0 0x800043ca (0xa829)
core   0: 0x800043e4 (0x0000bfe1) c.j     pc - 40
core   0: 0 0x800043e4 (0xbfe1)
core   0: 0x800043bc (0x008000ef) jal     pc + 0x8
core   0: 0 0x800043bc (0x008000ef) x1  0x800043c0
core   0: 0x800043c4 (0xfe7ff6ef) jal     a3, pc - 0x1a
core   0: 0 0x800043c4 (0xfe7ff6ef) x13 0x800043c8
core   0: 0x800043aa (0x0000a081) c.j     pc + 64
core   0: 0 0x800043aa (0xa081)
core   0: 0x800043ea (0x00008aea) c.mv    s5, s10
core   0: 0 0x800043ea (0x8aea) x21 0x00000000
core   0: 0x800043ec (0x034000ef) jal     pc + 0x34
core   0: 0 0x800043ec (0x034000ef) x1  0x800043f0
core   0: 0x80004420 (0x0000bfe1) c.j     pc - 40
core   0: 0 0x80004420 (0xbfe1)
core   0: 0x800043f8 (0x0000a821) c.j     pc + 24
core   0: 0 0x800043f8 (0xa821)
core   0: 0x80004410 (0x00a00a6f) jal     s4, pc + 0xa
core   0: 0 0x80004410 (0x00a00a6f) x20 0x80004414
core   0: 0x8000441a (0xffbff0ef) jal     pc - 0x6
core   0: 0 0x8000441a (0xffbff0ef) x1  0x8000441e
core   0: 0x80004414 (0x0000a811) c.j     pc + 20
core   0: 0 0x80004414 (0xa811)
core   0: 0x80004428 (0x0000b7fd) c.j     pc - 18
core   0: 0 0x80004428 (0xb7fd)
core   0: 0x80004416 (0x0000bfdd) c.j     pc - 10
core   0: 0 0x80004416 (0xbfdd)
core   0: 0x8000440c (0x0000b7fd) c.j     pc - 18
core   0: 0 0x8000440c (0xb7fd)
core   0: 0x800043fa (0x0000a825) c.j     pc + 56
core   0: 0 0x800043fa (0xa825)
core   0: 0x80004432 (0xfd1ff0ef) jal     pc - 0x30
core   0: 0 0x80004432 (0xfd1ff0ef) x1  0x80004436
core   0: 0x80004402 (0x022000ef) jal     pc + 0x22
core   0: 0 0x80004402 (0x022000ef) x1  0x80004406
core   0: 0x80004424 (0x0000bfd5) c.j     pc - 12
core   0: 0 0x80004424 (0xbfd5)
core   0: 0x80004418 (0x0000bff1) c.j     pc - 36
core   0: 0 0x80004418 (0xbff1)
core   0: 0x800043f4 (0x00002091) c.jal   pc + 68
core   0: 0 0x800043f4 (0x2091) x1  0x800043f6
core   0: 0x80004438 (0x0000bfd9) c.j     pc - 42
core   0: 0 0x80004438 (0xbfd9)
core   0: 0x8000440e (0x0000a821) c.j     pc + 24
core   0: 0 0x8000440e (0xa821)
core   0: 0x80004426 (0x0000a021) c.j     pc + 8
core   0: 0 0x80004426 (0xa021)
core   0: 0x8000442e (0x00003fe1) c.jal   pc - 40
core   0: 0 0x8000442e (0x3fe1) x1  0x80004430
core   0: 0x80004406 (0x0000202d) c.jal   pc + 42
core   0: 0 0x80004406 (0x202d) x1  0x80004408
core   0: 0x80004430 (0x000037d9) c.jal   pc - 58
core   0: 0 0x80004430 (0x37d9) x1  0x80004432
core   0: 0x800043f6 (0x00002019) c.jal   pc + 6
core   0: 0 0x800043f6 (0x2019) x1  0x800043f8
core   0: 0x800043fc (0x0000282d) c.jal   pc + 58
core   0: 0 0x800043fc (0x282d) x1  0x800043fe
core   0: 0x80004436 (0x0000b7f5) c.j     pc - 20
core   0: 0 0x80004436 (0xb7f5)
core   0: 0x80004422 (0x000037f9) c.jal   pc - 50
core   0: 0 0x80004422 (0x37f9) x1  0x80004424
core   0: 0x800043f0 (0x00e001ef) jal     gp, pc + 0xe
core   0: 0 0x800043f0 (0x00e001ef) x3  0x800043f4
core   0: 0x800043fe (0x00a0036f) jal     t1, pc + 0xa
core   0: 0 0x800043fe (0x00a0036f) x6  0x80004402
core   0: 0x80004408 (0x0220036f) jal     t1, pc + 0x22
core   0: 0 0x80004408 (0x0220036f) x6  0x8000440c
core   0: 0x8000442a (0xff5ff0ef) jal     pc - 0xc
core   0: 0 0x8000442a (0xff5ff0ef) x1  0x8000442e
core   0: 0x8000441e (0x0000a831) c.j     pc + 28
core   0: 0 0x8000441e (0xa831)
core   0: 0x8000443a (0x0300d233) divu    tp, ra, a6
core   0: 0 0x8000443a (0x0300d233) x4  0x8000442e
core   0: 0x8000443e (0x03a000ef) jal     pc + 0x3a
core   0: 0 0x8000443e (0x03a000ef) x1  0x80004442
core   0: 0x80004478 (0x0000bfd5) c.j     pc - 12
core   0: 0 0x80004478 (0xbfd5)
core   0: 0x8000446c (0x0000bffd) c.j     pc - 2
core   0: 0 0x8000446c (0xbffd)
core   0: 0x8000446a (0x00002029) c.jal   pc + 10
core   0: 0 0x8000446a (0x2029) x1  0x8000446c
core   0: 0x80004474 (0xfe9ff0ef) jal     pc - 0x18
core   0: 0 0x80004474 (0xfe9ff0ef) x1  0x80004478
core   0: 0x8000445c (0x008001ef) jal     gp, pc + 0x8
core   0: 0 0x8000445c (0x008001ef) x3  0x80004460
core   0: 0x80004464 (0x0000a01d) c.j     pc + 38
core   0: 0 0x80004464 (0xa01d)
core   0: 0x8000448a (0x00002009) c.jal   pc + 2
core   0: 0 0x8000448a (0x2009) x1  0x8000448c
core   0: 0x8000448c (0x00003fed) c.jal   pc - 6
core   0: 0 0x8000448c (0x3fed) x1  0x8000448e
core   0: 0x80004486 (0xfdbffdef) jal     s11, pc - 0x26
core   0: 0 0x80004486 (0xfdbffdef) x27 0x8000448a
core   0: 0x80004460 (0x00e0036f) jal     t1, pc + 0xe
core   0: 0 0x80004460 (0x00e0036f) x6  0x80004464
core   0: 0x8000446e (0x00002039) c.jal   pc + 14
core   0: 0 0x8000446e (0x2039) x1  0x80004470
core   0: 0x8000447c (0x00002019) c.jal   pc + 6
core   0: 0 0x8000447c (0x2019) x1  0x8000447e
core   0: 0x80004482 (0xfc7ffb6f) jal     s6, pc - 0x3a
core   0: 0 0x80004482 (0xfc7ffb6f) x22 0x80004486
core   0: 0x80004448 (0x0460036f) jal     t1, pc + 0x46
core   0: 0 0x80004448 (0x0460036f) x6  0x8000444c
core   0: 0x8000448e (0x0000bf5d) c.j     pc - 74
core   0: 0 0x8000448e (0xbf5d)
core   0: 0x80004444 (0x008000ef) jal     pc + 0x8
core   0: 0 0x80004444 (0x008000ef) x1  0x80004448
core   0: 0x8000444c (0x0000a015) c.j     pc + 36
core   0: 0 0x8000444c (0xa015)
core   0: 0x80004470 (0x0000a009) c.j     pc + 2
core   0: 0 0x80004470 (0xa009)
core   0: 0x80004472 (0x0000a021) c.j     pc + 8
core   0: 0 0x80004472 (0xa021)
core   0: 0x8000447a (0x0000b7f5) c.j     pc - 20
core   0: 0 0x8000447a (0xb7f5)
core   0: 0x80004466 (0x00003fcd) c.jal   pc - 14
core   0: 0 0x80004466 (0x3fcd) x1  0x80004468
core   0: 0x80004458 (0xff7ff26f) jal     tp, pc - 0xa
core   0: 0 0x80004458 (0xff7ff26f) x4  0x8000445c
core   0: 0x8000444e (0x01a0026f) jal     tp, pc + 0x1a
core   0: 0 0x8000444e (0x01a0026f) x4  0x80004452
core   0: 0x80004468 (0x00002821) c.jal   pc + 24
core   0: 0 0x80004468 (0x2821) x1  0x8000446a
core   0: 0x80004480 (0x0000bfd1) c.j     pc - 44
core   0: 0 0x80004480 (0xbfd1)
core   0: 0x80004454 (0x0000202d) c.jal   pc + 42
core   0: 0 0x80004454 (0x202d) x1  0x80004456
core   0: 0x8000447e (0x00003fe1) c.jal   pc - 40
core   0: 0 0x8000447e (0x3fe1) x1  0x80004480
core   0: 0x80004456 (0x00003ff5) c.jal   pc - 4
core   0: 0 0x80004456 (0x3ff5) x1  0x80004458
core   0: 0x80004452 (0x0000bfc5) c.j     pc - 16
core   0: 0 0x80004452 (0xbfc5)
core   0: 0x80004442 (0x000020b9) c.jal   pc + 78
core   0: 0 0x80004442 (0x20b9) x1  0x80004444
core   0: 0x80004490 (0x00008ddd) c.or    a1, a5
core   0: 0 0x80004490 (0x8ddd) x11 0x2a1c676b
core   0: 0x80004492 (0x010000ef) jal     pc + 0x10
core   0: 0 0x80004492 (0x010000ef) x1  0x80004496
core   0: 0x800044a2 (0x0180036f) jal     t1, pc + 0x18
core   0: 0 0x800044a2 (0x0180036f) x6  0x800044a6
core   0: 0x800044ba (0x0000bfcd) c.j     pc - 14
core   0: 0 0x800044ba (0xbfcd)
core   0: 0x800044ac (0x0000a019) c.j     pc + 6
core   0: 0 0x800044ac (0xa019)
core   0: 0x800044b2 (0x0000bfd5) c.j     pc - 12
core   0: 0 0x800044b2 (0xbfd5)
core   0: 0x800044a6 (0x0000bfc5) c.j     pc - 16
core   0: 0 0x800044a6 (0xbfc5)
core   0: 0x80004496 (0x0000a839) c.j     pc + 30
core   0: 0 0x80004496 (0xa839)
core   0: 0x800044b4 (0x0000b7f5) c.j     pc - 20
core   0: 0 0x800044b4 (0xb7f5)
core   0: 0x800044a0 (0x0000a819) c.j     pc + 22
core   0: 0 0x800044a0 (0xa819)
core   0: 0x800044b6 (0xff3ff0ef) jal     pc - 0xe
core   0: 0 0x800044b6 (0xff3ff0ef) x1  0x800044ba
core   0: 0x800044a8 (0x006000ef) jal     pc + 0x6
core   0: 0 0x800044a8 (0x006000ef) x1  0x800044ac
core   0: 0x800044ae (0xfefff26f) jal     tp, pc - 0x12
core   0: 0 0x800044ae (0xfefff26f) x4  0x800044b2
core   0: 0x8000449c (0xffdff0ef) jal     pc - 0x4
core   0: 0 0x8000449c (0xffdff0ef) x1  0x800044a0
core   0: 0x80004498 (0x024000ef) jal     pc + 0x24
core   0: 0 0x80004498 (0x024000ef) x1  0x8000449c
core   0: 0x800044bc (0x012ec9b3) xor     s3, t4, s2
core   0: 0 0x800044bc (0x012ec9b3) x19 0x800003de
core   0: 0x800044c0 (0x028d7233) remu    tp, s10, s0
core   0: 0 0x800044c0 (0x028d7233) x4  0x00000000
core   0: 0x800044c4 (0x011465b3) or      a1, s0, a7
core   0: 0 0x800044c4 (0x011465b3) x11 0xffffff7f
core   0: 0x800044c8 (0x000054fd) c.li    s1, -1
core   0: 0 0x800044c8 (0x54fd) x9  0xffffffff
core   0: 0x800044ca (0x01951d13) slli    s10, a0, 25
core   0: 0 0x800044ca (0x01951d13) x26 0x3e000000
core   0: 0x800044ce (0x0000100f) fence.i
core   0: 0 0x800044ce (0x0000100f)
core   0: 0x800044d2 (0x03604f63) blt     zero, s6, pc + 62
core   0: 0 0x800044d2 (0x03604f63)
core   0: 0x800044d6 (0x00000001) c.nop
core   0: 0 0x800044d6 (0x0001)
core   0: 0x800044d8 (0x00008ba2) c.mv    s7, s0
core   0: 0 0x800044d8 (0x8ba2) x23 0xffffff7f
core   0: 0x800044da (0x02591cb3) mulh    s9, s2, t0
core   0: 0 0x800044da (0x02591cb3) x25 0xffffe000
core   0: 0x800044de (0x229e2c97) auipc   s9, 0x229e2
core   0: 0 0x800044de (0x229e2c97) x25 0xa29e64de
core   0: 0x800044e2 (0x007148b3) xor     a7, sp, t2
core   0: 0 0x800044e2 (0x007148b3) x17 0xf5e39895
core   0: 0x800044e6 (0xa64b12b7) lui     t0, 0xa64b1
core   0: 0 0x800044e6 (0xa64b12b7) x5  0xa64b1000
core   0: 0x800044ea (0x017a4933) xor     s2, s4, s7
core   0: 0 0x800044ea (0x017a4933) x18 0x7fffbb6b
core   0: 0x800044ee (0x00008c1d) c.sub   s0, a5
core   0: 0 0x800044ee (0x8c1d) x8  0xdfffff7f
core   0: 0x800044f0 (0x02a85cb3) divu    s9, a6, a0
core   0: 0 0x800044f0 (0x02a85cb3) x25 0x00000000
core   0: 0x800044f4 (0x0000c295) c.beqz  a3, pc + 36
core   0: 0 0x800044f4 (0xc295)
core   0: 0x800044f6 (0x00008f91) c.sub   a5, a2
core   0: 0 0x800044f6 (0x8f91) x15 0x9ffe01a8
core   0: 0x800044f8 (0x02fe21b3) mulhsu  gp, t3, a5
core   0: 0 0x800044f8 (0x02fe21b3) x3  0x138a1bea
core   0: 0x800044fc (0x78ba7813) andi    a6, s4, 1931
core   0: 0 0x800044fc (0x78ba7813) x16 0x00000400
core   0: 0x80004500 (0x035747b3) div     a5, a4, s5
core   0: 0 0x80004500 (0x035747b3) x15 0xffffffff
core   0: 0x80004504 (0xbaa77493) andi    s1, a4, -1110
core   0: 0 0x80004504 (0xbaa77493) x9  0x800238a0
core   0: 0x80004508 (0xfe564193) xori    gp, a2, -27
core   0: 0 0x80004508 (0xfe564193) x3  0x7ffe01bd
core   0: 0x8000450c (0x02f92033) mulhsu  zero, s2, a5
core   0: 0 0x8000450c (0x02f92033)
core   0: 0x80004510 (0x036a69b3) rem     s3, s4, s6
core   0: 0 0x80004510 (0x036a69b3) x19 0xffffff8e
core   0: 0x80004514 (0x028765b3) rem     a1, a4, s0
core   0: 0 0x80004514 (0x028765b3) x11 0xe0023e67
core   0: 0x80004518 (0x63df6293) ori     t0, t5, 1597
core   0: 0 0x80004518 (0x63df6293) x5  0x0000063d
core   0: 0x8000451c (0x0385fbb3) remu    s7, a1, s8
core   0: 0 0x8000451c (0x0385fbb3) x23 0xe0023e67
core   0: 0x80004520 (0x033b9b33) mulh    s6, s7, s3
core   0: 0 0x80004520 (0x033b9b33) x22 0x0000000e
core   0: 0x80004524 (0x00000001) c.nop
core   0: 0 0x80004524 (0x0001)
core   0: 0x80004526 (0x79324313) xori    t1, tp, 1939
core   0: 0 0x80004526 (0x79324313) x6  0x00000793
core   0: 0x8000452a (0x000082c1) c.srli  a3, 16
core   0: 0 0x8000452a (0x82c1) x13 0x00008000
core   0: 0x8000452c (0x000080ad) c.srli  s1, 11
core   0: 0 0x8000452c (0x80ad) x9  0x00100047
core   0: 0x8000452e (0x029200b3) mul     ra, tp, s1
core   0: 0 0x8000452e (0x029200b3) x1  0x00000000
core   0: 0x80004532 (0x02f00fb3) mul     t6, zero, a5
core   0: 0 0x80004532 (0x02f00fb3) x31 0x00000000
core   0: 0x80004536 (0x007d0c63) beq     s10, t2, pc + 24
core   0: 0 0x80004536 (0x007d0c63)
core   0: 0x8000453a (0x0bbeeb13) ori     s6, t4, 187
core   0: 0 0x8000453a (0x0bbeeb13) x22 0x800043ff
core   0: 0x8000453e (0x41815f33) sra     t5, sp, s8
core   0: 0 0x8000453e (0x41815f33) x30 0xf5e39895
core   0: 0x80004542 (0x01d580b3) add     ra, a1, t4
core   0: 0 0x80004542 (0x01d580b3) x1  0x60028245
core   0: 0x80004546 (0x00d653b3) srl     t2, a2, a3
core   0: 0 0x80004546 (0x00d653b3) x7  0x8001fe58
core   0: 0x8000454a (0x00f23a33) sltu    s4, tp, a5
core   0: 0 0x8000454a (0x00f23a33) x20 0x00000001
core   0: 0x8000454e (0x00008d36) c.mv    s10, a3
core   0: 0 0x8000454e (0x8d36) x26 0x00008000
core   0: 0x80004550 (0x00008ec9) c.or    a3, a0
core   0: 0 0x80004550 (0x8ec9) x13 0xecaae91f
core   0: 0x80004552 (0x4158d833) sra     a6, a7, s5
core   0: 0 0x80004552 (0x4158d833) x16 0xf5e39895
core   0: 0x80004556 (0x00008db5) c.xor   a1, a3
core   0: 0 0x80004556 (0x8db5) x11 0x0ca8d778
core   0: 0x80004558 (0x00000001) c.nop
core   0: 0 0x80004558 (0x0001)
core   0: 0x8000455a (0x4058dd93) srai    s11, a7, 5
core   0: 0 0x8000455a (0x4058dd93) x27 0xffaf1cc4
core   0: 0x8000455e (0x02af8763) beq     t6, a0, pc + 46
core   0: 0 0x8000455e (0x02af8763)
core   0: 0x80004562 (0xb0d3efb7) lui     t6, 0xb0d3e
core   0: 0 0x80004562 (0xb0d3efb7) x31 0xb0d3e000
core   0: 0x80004566 (0x002ff6b3) and     a3, t6, sp
core   0: 0 0x80004566 (0x002ff6b3) x13 0xb0c38000
core   0: 0x8000456a (0x00d29533) sll     a0, t0, a3
core   0: 0 0x8000456a (0x00d29533) x10 0x0000063d
core   0: 0x8000456e (0x03ef40b3) div     ra, t5, t5
core   0: 0 0x8000456e (0x03ef40b3) x1  0x00000001
core   0: 0x80004572 (0xb8b92493) slti    s1, s2, -1141
core   0: 0 0x80004572 (0xb8b92493) x9  0x00000000
core   0: 0x80004576 (0x01924533) xor     a0, tp, s9
core   0: 0 0x80004576 (0x01924533) x10 0x00000000
core   0: 0x8000457a (0x003c8833) add     a6, s9, gp
core   0: 0 0x8000457a (0x003c8833) x16 0x7ffe01bd
core   0: 0x8000457e (0x03250063) beq     a0, s2, pc + 32
core   0: 0 0x8000457e (0x03250063)
core   0: 0x80004582 (0x000dc563) bltz    s11, pc + 10
core   0: 0 0x80004582 (0x000dc563)
core   0: 0x8000458c (0x00008da1) c.xor   a1, s0
core   0: 0 0x8000458c (0x8da1) x11 0xd3572807
core   0: 0x8000458e (0x000087f1) c.srai  a5, 28
core   0: 0 0x8000458e (0x87f1) x15 0xffffffff
core   0: 0x80004590 (0x00eaceb3) xor     t4, s5, a4
core   0: 0 0x80004590 (0x00eaceb3) x29 0x80023ce4
core   0: 0x80004594 (0x00008d95) c.sub   a1, a3
core   0: 0 0x80004594 (0x8d95) x11 0x2293a807
core   0: 0x80004596 (0x00008fdd) c.or    a5, a5
core   0: 0 0x80004596 (0x8fdd) x15 0xffffffff
core   0: 0x80004598 (0x00000001) c.nop
core   0: 0 0x80004598 (0x0001)
core   0: 0x8000459a (0x03fb9f63) bne     s7, t6, pc + 62
core   0: 0 0x8000459a (0x03fb9f63)
core   0: 0x800045d8 (0x407e5893) srai    a7, t3, 7
core   0: 0 0x800045d8 (0x407e5893) x17 0x003e8787
core   0: 0x800045dc (0x005ee1b3) or      gp, t4, t0
core   0: 0 0x800045dc (0x005ee1b3) x3  0x80023efd
core   0: 0x800045e0 (0x010f7363) bgeu    t5, a6, pc + 6
core   0: 0 0x800045e0 (0x010f7363)
core   0: 0x800045e6 (0x03198433) mul     s0, s3, a7
core   0: 0 0x800045e6 (0x03198433) x8  0xe427a5e2
core   0: 0x800045ea (0x020d4b33) div     s6, s10, zero
core   0: 0 0x800045ea (0x020d4b33) x22 0xffffffff
core   0: 0x800045ee (0x00000001) c.nop
core   0: 0 0x800045ee (0x0001)
core   0: 0x800045f0 (0x00000001) c.nop
core   0: 0 0x800045f0 (0x0001)
core   0: 0x800045f2 (0x00008c69) c.and   s0, a0
core   0: 0 0x800045f2 (0x8c69) x8  0x00000000
core   0: 0x800045f4 (0x00000001) c.nop
core   0: 0 0x800045f4 (0x0001)
core   0: 0x800045f6 (0x00008799) c.srai  a5, 6
core   0: 0 0x800045f6 (0x8799) x15 0xffffffff
core   0: 0x800045f8 (0x03c7c0b3) div     ra, a5, t3
core   0: 0 0x800045f8 (0x03c7c0b3) x1  0x00000000
core   0: 0x800045fc (0x41a453b3) sra     t2, s0, s10
core   0: 0 0x800045fc (0x41a453b3) x7  0x00000000
core   0: 0x80004600 (0x41538433) sub     s0, t2, s5
core   0: 0 0x80004600 (0x41538433) x8  0x00000000
core   0: 0x80004604 (0x00021413) slli    s0, tp, 0
core   0: 0 0x80004604 (0x00021413) x8  0x00000000
core   0: 0x80004608 (0x00000001) c.nop
core   0: 0 0x80004608 (0x0001)
core   0: 0x8000460a (0xbf983b13) sltiu   s6, a6, -1031
core   0: 0 0x8000460a (0xbf983b13) x22 0x00000001
core   0: 0x8000460e (0x00875a93) srli    s5, a4, 8
core   0: 0 0x8000460e (0x00875a93) x21 0x0080023c
core   0: 0x80004612 (0x0294be33) mulhu   t3, s1, s1
core   0: 0 0x80004612 (0x0294be33) x28 0x00000000
core   0: 0x80004616 (0x0000e1a9) c.bnez  a1, pc + 66
core   0: 0 0x80004616 (0xe1a9)
core   0: 0x80004658 (0x0ff0000f) fence   iorw,iorw
core   0: 0 0x80004658 (0x0ff0000f)
core   0: 0x8000465c (0x00008d79) c.and   a0, a4
core   0: 0 0x8000465c (0x8d79) x10 0x00000000
core   0: 0x8000465e (0x70b07f93) andi    t6, zero, 1803
core   0: 0 0x8000465e (0x70b07f93) x31 0x00000000
core   0: 0x80004662 (0x02bc93b3) mulh    t2, s9, a1
core   0: 0 0x80004662 (0x02bc93b3) x7  0x00000000
core   0: 0x80004666 (0x40565fb3) sra     t6, a2, t0
core   0: 0 0x80004666 (0x40565fb3) x31 0xfffffffc
core   0: 0x8000466a (0x01f11e63) bne     sp, t6, pc + 28
core   0: 0 0x8000466a (0x01f11e63)
core   0: 0x80004686 (0x00000001) c.nop
core   0: 0 0x80004686 (0x0001)
core   0: 0x80004688 (0x00000a46) c.slli  s4, 17
core   0: 0 0x80004688 (0x0a46) x20 0x00020000
core   0: 0x8000468a (0x012aa5b3) slt     a1, s5, s2
core   0: 0 0x8000468a (0x012aa5b3) x11 0x00000001
core   0: 0x8000468e (0x036113b3) mulh    t2, sp, s6
core   0: 0 0x8000468e (0x036113b3) x7  0xffffffff
core   0: 0x80004692 (0x003140b3) xor     ra, sp, gp
core   0: 0 0x80004692 (0x003140b3) x1  0x75e1a668
core   0: 0x80004696 (0x00008d49) c.or    a0, a0
core   0: 0 0x80004696 (0x8d49) x10 0x00000000
core   0: 0x80004698 (0x0000100f) fence.i
core   0: 0 0x80004698 (0x0000100f)
core   0: 0x8000469c (0x024dc333) div     t1, s11, tp
core   0: 0 0x8000469c (0x024dc333) x6  0xffffffff
core   0: 0x800046a0 (0x000b1bb3) sll     s7, s6, zero
core   0: 0 0x800046a0 (0x000b1bb3) x23 0x00000001
core   0: 0x800046a4 (0x00008491) c.srai  s1, 4
core   0: 0 0x800046a4 (0x8491) x9  0x00000000
core   0: 0x800046a6 (0x010f1a93) slli    s5, t5, 16
core   0: 0 0x800046a6 (0x010f1a93) x21 0x98950000
core   0: 0x800046aa (0x0231c9b3) div     s3, gp, gp
core   0: 0 0x800046aa (0x0231c9b3) x19 0x00000001
core   0: 0x800046ae (0x01799b93) slli    s7, s3, 23
core   0: 0 0x800046ae (0x01799b93) x23 0x00800000
core   0: 0x800046b2 (0x4098da13) srai    s4, a7, 9
core   0: 0 0x800046b2 (0x4098da13) x20 0x00001f43
core   0: 0x800046b6 (0x03cc0e63) beq     s8, t3, pc + 60
core   0: 0 0x800046b6 (0x03cc0e63)
core   0: 0x800046f2 (0x03bc2c33) mulhsu  s8, s8, s11
core   0: 0 0x800046f2 (0x03bc2c33) x24 0x00000000
core   0: 0x800046f6 (0x000081b9) c.srli  a1, 14
core   0: 0 0x800046f6 (0x81b9) x11 0x00000000
core   0: 0x800046f8 (0x000005fa) c.slli  a1, 30
core   0: 0 0x800046f8 (0x05fa) x11 0x00000000
core   0: 0x800046fa (0x00008fad) c.xor   a5, a1
core   0: 0 0x800046fa (0x8fad) x15 0xffffffff
core   0: 0x800046fc (0x902a7d93) andi    s11, s4, -1790
core   0: 0 0x800046fc (0x902a7d93) x27 0x00001902
core   0: 0x80004700 (0x00008ff1) c.and   a5, a2
core   0: 0 0x80004700 (0x8ff1) x15 0x8001fe58
core   0: 0x80004702 (0x03e3a333) mulhsu  t1, t2, t5
core   0: 0 0x80004702 (0x03e3a333) x6  0xffffffff
core   0: 0x80004706 (0x00008ea5) c.xor   a3, s1
core   0: 0 0x80004706 (0x8ea5) x13 0xb0c38000
core   0: 0x80004708 (0x00008ead) c.xor   a3, a1
core   0: 0 0x80004708 (0x8ead) x13 0xb0c38000
core   0: 0x8000470a (0x001fdf93) srli    t6, t6, 1
core   0: 0 0x8000470a (0x001fdf93) x31 0x7ffffffe
core   0: 0x8000470e (0x0253f0b3) remu    ra, t2, t0
core   0: 0 0x8000470e (0x0253f0b3) x1  0x0000011e
core   0: 0x80004712 (0x00008fa1) c.xor   a5, s0
core   0: 0 0x80004712 (0x8fa1) x15 0x8001fe58
core   0: 0x80004714 (0x03ae4eb3) div     t4, t3, s10
core   0: 0 0x80004714 (0x03ae4eb3) x29 0x00000000
core   0: 0x80004718 (0x00be6563) bltu    t3, a1, pc + 10
core   0: 0 0x80004718 (0x00be6563)
core   0: 0x8000471c (0x00008d2d) c.xor   a0, a1
core   0: 0 0x8000471c (0x8d2d) x10 0x00000000
core   0: 0x8000471e (0x007dac13) slti    s8, s11, 7
core   0: 0 0x8000471e (0x007dac13) x24 0x00000000
core   0: 0x80004722 (0x000dcc63) bltz    s11, pc + 24
core   0: 0 0x80004722 (0x000dcc63)
core   0: 0x80004726 (0x018a9313) slli    t1, s5, 24
core   0: 0 0x80004726 (0x018a9313) x6  0x00000000
core   0: 0x8000472a (0x022d4cb3) div     s9, s10, sp
core   0: 0 0x8000472a (0x022d4cb3) x25 0x00000000
core   0: 0x8000472e (0x00000001) c.nop
core   0: 0 0x8000472e (0x0001)
core   0: 0x80004730 (0x00e66d33) or      s10, a2, a4
core   0: 0 0x80004730 (0x00e66d33) x26 0x8003fefc
core   0: 0x80004734 (0x03e334b3) mulhu   s1, t1, t5
core   0: 0 0x80004734 (0x03e334b3) x9  0x00000000
core   0: 0x80004738 (0x0000ca91) c.beqz  a3, pc + 20
core   0: 0 0x80004738 (0xca91)
core   0: 0x8000473a (0x0000100f) fence.i
core   0: 0 0x8000473a (0x0000100f)
core   0: 0x8000473e (0x00008d6d) c.and   a0, a1
core   0: 0 0x8000473e (0x8d6d) x10 0x00000000
core   0: 0x80004740 (0xba99bb13) sltiu   s6, s3, -1111
core   0: 0 0x80004740 (0xba99bb13) x22 0x00000001
core   0: 0x80004744 (0x022b0f63) beq     s6, sp, pc + 62
core   0: 0 0x80004744 (0x022b0f63)
core   0: 0x80004748 (0x003c9213) slli    tp, s9, 3
core   0: 0 0x80004748 (0x003c9213) x4  0x00000000
core   0: 0x8000474c (0x00005afd) c.li    s5, -1
core   0: 0 0x8000474c (0x5afd) x21 0xffffffff
core   0: 0x8000474e (0x40f4d933) sra     s2, s1, a5
core   0: 0 0x8000474e (0x40f4d933) x18 0x00000000
core   0: 0x80004752 (0x00b19463) bne     gp, a1, pc + 8
core   0: 0 0x80004752 (0x00b19463)
core   0: 0x8000475a (0x0000ed89) c.bnez  a1, pc + 26
core   0: 0 0x8000475a (0xed89)
core   0: 0x8000475c (0x0000100f) fence.i
core   0: 0 0x8000475c (0x0000100f)
core   0: 0x80004760 (0x03aaa933) mulhsu  s2, s5, s10
core   0: 0 0x80004760 (0x03aaa933) x18 0xffffffff
core   0: 0x80004764 (0x02ec6063) bltu    s8, a4, pc + 32
core   0: 0 0x80004764 (0x02ec6063)
core   0: 0x80004784 (0xaa61b593) sltiu   a1, gp, -1370
core   0: 0 0x80004784 (0xaa61b593) x11 0x00000001
core   0: 0x80004788 (0x00462083) lw      ra, 4(a2)
core   0: 0 0x80004788 (0x00462083) x1  0x80003400 mem 0x8001fe5c
core   0: 0x8000478c (0x0063f333) and     t1, t2, t1
core   0: 0 0x8000478c (0x0063f333) x6  0x00000000
core   0: 0x80004790 (0x9af87393) andi    t2, a6, -1617
core   0: 0 0x80004790 (0x9af87393) x7  0x7ffe01ad
core   0: 0x80004794 (0x02215b33) divu    s6, sp, sp
core   0: 0 0x80004794 (0x02215b33) x22 0x00000001
core   0: 0x80004798 (0x00000696) c.slli  a3, 5
core   0: 0 0x80004798 (0x0696) x13 0x18700000
core   0: 0x8000479a (0x35bcbd13) sltiu   s10, s9, 859
core   0: 0 0x8000479a (0x35bcbd13) x26 0x00000001
core   0: 0x8000479e (0x25393393) sltiu   t2, s2, 595
core   0: 0 0x8000479e (0x25393393) x7  0x00000000
core   0: 0x800047a2 (0x016ec233) xor     tp, t4, s6
core   0: 0 0x800047a2 (0x016ec233) x4  0x00000001
core   0: 0x800047a6 (0x029b9033) mulh    zero, s7, s1
core   0: 0 0x800047a6 (0x029b9033)
core   0: 0x800047aa (0x00000631) c.addi  a2, 12
core   0: 0 0x800047aa (0x0631) x12 0x8001fe64
core   0: 0x800047ac (0x00000001) c.nop
core   0: 0 0x800047ac (0x0001)
core   0: 0x800047ae (0x00108d13) addi    s10, ra, 1
core   0: 0 0x800047ae (0x00108d13) x26 0x80003401
core   0: 0x800047b2 (0x00008d02) c.jr    s10
core   0: 0 0x800047b2 (0x8d02)
core   0: 0x80003400 (0x00008fa9) c.xor   a5, a0
core   0: 0 0x80003400 (0x8fa9) x15 0x8001fe58
core   0: 0x80003402 (0x037e0533) mul     a0, t3, s7
core   0: 0 0x80003402 (0x037e0533) x10 0x00000000
core   0: 0x80003406 (0x01799c33) sll     s8, s3, s7
core   0: 0 0x80003406 (0x01799c33) x24 0x00000001
core   0: 0x8000340a (0x00006ac9) c.lui   s5, 0x12
core   0: 0 0x8000340a (0x6ac9) x21 0x00012000
core   0: 0x8000340c (0x0219adb3) mulhsu  s11, s3, ra
core   0: 0 0x8000340c (0x0219adb3) x27 0x00000000
core   0: 0x80003410 (0x7b14f013) andi    zero, s1, 1969
core   0: 0 0x80003410 (0x7b14f013)
core   0: 0x80003414 (0xfeb13317) auipc   t1, 0xfeb13
core   0: 0 0x80003414 (0xfeb13317) x6  0x7eb16414
core   0: 0x80003418 (0x0000e401) c.bnez  s0, pc + 8
core   0: 0 0x80003418 (0xe401)
core   0: 0x8000341a (0x00008eb1) c.xor   a3, a2
core   0: 0 0x8000341a (0x8eb1) x13 0x9871fe64
core   0: 0x8000341c (0x003a0563) beq     s4, gp, pc + 10
core   0: 0 0x8000341c (0x003a0563)
core   0: 0x80003420 (0x00008aa1) c.andi  a3, 8
core   0: 0 0x80003420 (0x8aa1) x13 0x00000000
core   0: 0x80003422 (0x7e2dee13) ori     t3, s11, 2018
core   0: 0 0x80003422 (0x7e2dee13) x28 0x000007e2
core   0: 0x80003426 (0x198fa293) slti    t0, t6, 408
core   0: 0 0x80003426 (0x198fa293) x5  0x00000000
core   0: 0x8000342a (0x026d9cb3) mulh    s9, s11, t1
core   0: 0 0x8000342a (0x026d9cb3) x25 0x00000000
core   0: 0x8000342e (0x03366533) rem     a0, a2, s3
core   0: 0 0x8000342e (0x03366533) x10 0x00000000
core   0: 0x80003432 (0x01555f63) bge     a0, s5, pc + 30
core   0: 0 0x80003432 (0x01555f63)
core   0: 0x80003436 (0x02db70b3) remu    ra, s6, a3
core   0: 0 0x80003436 (0x02db70b3) x1  0x00000001
core   0: 0x8000343a (0x320a0993) addi    s3, s4, 800
core   0: 0 0x8000343a (0x320a0993) x19 0x00002263
core   0: 0x8000343e (0x17607eb7) lui     t4, 0x17607
core   0: 0 0x8000343e (0x17607eb7) x29 0x17607000
core   0: 0x80003442 (0x01c7a6b3) slt     a3, a5, t3
core   0: 0 0x80003442 (0x01c7a6b3) x13 0x00000001
core   0: 0x80003446 (0x00000001) c.nop
core   0: 0 0x80003446 (0x0001)
core   0: 0x80003448 (0x027a12b3) mulh    t0, s4, t2
core   0: 0 0x80003448 (0x027a12b3) x5  0x00000000
core   0: 0x8000344c (0x41785c93) srai    s9, a6, 23
core   0: 0 0x8000344c (0x41785c93) x25 0x000000ff
core   0: 0x80003450 (0x00008c05) c.sub   s0, s1
core   0: 0 0x80003450 (0x8c05) x8  0x00000000
core   0: 0x80003452 (0x00009bfd) c.andi  a5, -1
core   0: 0 0x80003452 (0x9bfd) x15 0x8001fe58
core   0: 0x80003454 (0xffffd117) auipc   sp, 0xffffd
core   0: 0 0x80003454 (0xffffd117) x2  0x80000454
core   0: 0x80003458 (0xf2a10113) addi    sp, sp, -214
core   0: 0 0x80003458 (0xf2a10113) x2  0x8000037e
core   0: 0x8000345c (0x00010067) jr      sp
core   0: 0 0x8000345c (0x00010067)
core   0: 0x8000037e (0x90000a37) lui     s4, 0x90000
core   0: 0 0x8000037e (0x90000a37) x20 0x90000000
core   0: 0x80000382 (0x00001a61) c.addi  s4, -8
core   0: 0 0x80000382 (0x1a61) x20 0x8ffffff8
core   0: 0x80000384 (0x00004301) c.li    t1, 0
core   0: 0 0x80000384 (0x4301) x6  0x00000000
core   0: 0x80000386 (0x00000322) c.slli  t1, 8
core   0: 0 0x80000386 (0x0322) x6  0x00000000
core   0: 0x80000388 (0x00000305) c.addi  t1, 1
core   0: 0 0x80000388 (0x0305) x6  0x00000001
core   0: 0x8000038a (0x006a2023) sw      t1, 0(s4)
core   0: 0 0x8000038a (0x006a2023) mem 0x8ffffff8 0x00000001
core   0: 0x8000038e (0x00000073) ecall
core   0: exception trap_user_ecall, epc 0x8000038e
core   0: 0x80002500 (0x0800006f) j       pc + 0x80
core   0: 3 0x80002500 (0x0800006f)
core   0: 0x80002580 (0x00001771) c.addi  a4, -4
core   0: 3 0x80002580 (0x1771) x14 0x80023ce0
core   0: 0x80002582 (0x0000c310) c.sw    a2, 0(a4)
core   0: 3 0x80002582 (0xc310) mem 0x80023ce0 0x8001fe64
core   0: 0x80002584 (0x00070633) add     a2, a4, zero
core   0: 3 0x80002584 (0x00070633) x12 0x80023ce0
core   0: 0x80002588 (0xf8060613) addi    a2, a2, -128
core   0: 3 0x80002588 (0xf8060613) x12 0x80023c60
core   0: 0x8000258c (0x00162223) sw      ra, 4(a2)
core   0: 3 0x8000258c (0x00162223) mem 0x80023c64 0x00000001
core   0: 0x80002590 (0x00262423) sw      sp, 8(a2)
core   0: 3 0x80002590 (0x00262423) mem 0x80023c68 0x8000037e
core   0: 0x80002594 (0x00362623) sw      gp, 12(a2)
core   0: 3 0x80002594 (0x00362623) mem 0x80023c6c 0x80023efd
core   0: 0x80002598 (0x00462823) sw      tp, 16(a2)
core   0: 3 0x80002598 (0x00462823) mem 0x80023c70 0x00000001
core   0: 0x8000259c (0x00562a23) sw      t0, 20(a2)
core   0: 3 0x8000259c (0x00562a23) mem 0x80023c74 0x00000000
core   0: 0x800025a0 (0x00662c23) sw      t1, 24(a2)
core   0: 3 0x800025a0 (0x00662c23) mem 0x80023c78 0x00000001
core   0: 0x800025a4 (0x00762e23) sw      t2, 28(a2)
core   0: 3 0x800025a4 (0x00762e23) mem 0x80023c7c 0x00000000
core   0: 0x800025a8 (0x0000d200) c.sw    s0, 32(a2)
core   0: 3 0x800025a8 (0xd200) mem 0x80023c80 0x00000000
core   0: 0x800025aa (0x0000d244) c.sw    s1, 36(a2)
core   0: 3 0x800025aa (0xd244) mem 0x80023c84 0x00000000
core   0: 0x800025ac (0x0000d608) c.sw    a0, 40(a2)
core   0: 3 0x800025ac (0xd608) mem 0x80023c88 0x00000000
core   0: 0x800025ae (0x0000d64c) c.sw    a1, 44(a2)
core   0: 3 0x800025ae (0xd64c) mem 0x80023c8c 0x00000001
core   0: 0x800025b0 (0x0000da10) c.sw    a2, 48(a2)
core   0: 3 0x800025b0 (0xda10) mem 0x80023c90 0x80023c60
core   0: 0x800025b2 (0x0000da54) c.sw    a3, 52(a2)
core   0: 3 0x800025b2 (0xda54) mem 0x80023c94 0x00000001
core   0: 0x800025b4 (0x0000de18) c.sw    a4, 56(a2)
core   0: 3 0x800025b4 (0xde18) mem 0x80023c98 0x80023ce0
core   0: 0x800025b6 (0x0000de5c) c.sw    a5, 60(a2)
core   0: 3 0x800025b6 (0xde5c) mem 0x80023c9c 0x8001fe58
core   0: 0x800025b8 (0x05062023) sw      a6, 64(a2)
core   0: 3 0x800025b8 (0x05062023) mem 0x80023ca0 0x7ffe01bd
core   0: 0x800025bc (0x05162223) sw      a7, 68(a2)
core   0: 3 0x800025bc (0x05162223) mem 0x80023ca4 0x003e8787
core   0: 0x800025c0 (0x05262423) sw      s2, 72(a2)
core   0: 3 0x800025c0 (0x05262423) mem 0x80023ca8 0xffffffff
core   0: 0x800025c4 (0x05362623) sw      s3, 76(a2)
core   0: 3 0x800025c4 (0x05362623) mem 0x80023cac 0x00002263
core   0: 0x800025c8 (0x05462823) sw      s4, 80(a2)
core   0: 3 0x800025c8 (0x05462823) mem 0x80023cb0 0x8ffffff8
core   0: 0x800025cc (0x05562a23) sw      s5, 84(a2)
core   0: 3 0x800025cc (0x05562a23) mem 0x80023cb4 0x00012000
core   0: 0x800025d0 (0x05662c23) sw      s6, 88(a2)
core   0: 3 0x800025d0 (0x05662c23) mem 0x80023cb8 0x00000001
core   0: 0x800025d4 (0x05762e23) sw      s7, 92(a2)
core   0: 3 0x800025d4 (0x05762e23) mem 0x80023cbc 0x00800000
core   0: 0x800025d8 (0x07862023) sw      s8, 96(a2)
core   0: 3 0x800025d8 (0x07862023) mem 0x80023cc0 0x00000001
core   0: 0x800025dc (0x07962223) sw      s9, 100(a2)
core   0: 3 0x800025dc (0x07962223) mem 0x80023cc4 0x000000ff
core   0: 0x800025e0 (0x07a62423) sw      s10, 104(a2)
core   0: 3 0x800025e0 (0x07a62423) mem 0x80023cc8 0x80003401
core   0: 0x800025e4 (0x07b62623) sw      s11, 108(a2)
core   0: 3 0x800025e4 (0x07b62623) mem 0x80023ccc 0x00000000
core   0: 0x800025e8 (0x07c62823) sw      t3, 112(a2)
core   0: 3 0x800025e8 (0x07c62823) mem 0x80023cd0 0x000007e2
core   0: 0x800025ec (0x07d62a23) sw      t4, 116(a2)
core   0: 3 0x800025ec (0x07d62a23) mem 0x80023cd4 0x17607000
core   0: 0x800025f0 (0x07e62c23) sw      t5, 120(a2)
core   0: 3 0x800025f0 (0x07e62c23) mem 0x80023cd8 0xf5e39895
core   0: 0x800025f4 (0x07f62e23) sw      t6, 124(a2)
core   0: 3 0x800025f4 (0x07f62e23) mem 0x80023cdc 0x7ffffffe
core   0: 0x800025f8 (0x00060733) add     a4, a2, zero
core   0: 3 0x800025f8 (0x00060733) x14 0x80023c60
core   0: 0x800025fc (0x90000a37) lui     s4, 0x90000
core   0: 3 0x800025fc (0x90000a37) x20 0x90000000
core   0: 0x80002600 (0x00001a71) c.addi  s4, -4
core   0: 3 0x80002600 (0x1a71) x20 0x8ffffffc
core   0: 0x80002602 (0x00004321) c.li    t1, 8
core   0: 3 0x80002602 (0x4321) x6  0x00000008
core   0: 0x80002604 (0x00000322) c.slli  t1, 8
core   0: 3 0x80002604 (0x0322) x6  0x00000800
core   0: 0x80002606 (0x00030313) mv      t1, t1
core   0: 3 0x80002606 (0x00030313) x6  0x00000800
core   0: 0x8000260a (0x006a2023) sw      t1, 0(s4)
core   0: 3 0x8000260a (0x006a2023) mem 0x8ffffffc 0x00000800
core   0: 0x8000260e (0x34102373) csrr    t1, mepc
core   0: 3 0x8000260e (0x34102373) x6  0x8000038e
core   0: 0x80002612 (0x34202373) csrr    t1, mcause
core   0: 3 0x80002612 (0x34202373) x6  0x00000008
core   0: 0x80002616 (0x00004a0d) c.li    s4, 3
core   0: 3 0x80002616 (0x4a0d) x20 0x00000003
core   0: 0x80002618 (0x01431463) bne     t1, s4, pc + 8
core   0: 3 0x80002618 (0x01431463)
core   0: 0x80002620 (0x00004a21) c.li    s4, 8
core   0: 3 0x80002620 (0x4a21) x20 0x00000008
core   0: 0x80002622 (0x05430d63) beq     t1, s4, pc + 90
core   0: 3 0x80002622 (0x05430d63)
core   0: 0x8000267c (0x90000a37) lui     s4, 0x90000
core   0: 3 0x8000267c (0x90000a37) x20 0x90000000
core   0: 0x80002680 (0x00001a71) c.addi  s4, -4
core   0: 3 0x80002680 (0x1a71) x20 0x8ffffffc
core   0: 0x80002682 (0x00006305) c.lui   t1, 0x1
core   0: 3 0x80002682 (0x6305) x6  0x00001000
core   0: 0x80002684 (0xb0030313) addi    t1, t1, -1280
core   0: 3 0x80002684 (0xb0030313) x6  0x00000b00
core   0: 0x80002688 (0x00000322) c.slli  t1, 8
core   0: 3 0x80002688 (0x0322) x6  0x000b0000
core   0: 0x8000268a (0x0000030d) c.addi  t1, 3
core   0: 3 0x8000268a (0x030d) x6  0x000b0003
core   0: 0x8000268c (0x006a2023) sw      t1, 0(s4)
core   0: 3 0x8000268c (0x006a2023) mem 0x8ffffffc 0x000b0003
core   0: 0x80002690 (0xb0002373) csrr    t1, mcycle
core   0: 3 0x80002690 (0xb0002373) x6  0x0000f0df
core   0: 0x80002694 (0x006a2023) sw      t1, 0(s4)
core   0: 3 0x80002694 (0x006a2023) mem 0x8ffffffc 0x0000f0df
core   0: 0x80002698 (0x90000a37) lui     s4, 0x90000
core   0: 3 0x80002698 (0x90000a37) x20 0x90000000
core   0: 0x8000269c (0x00001a71) c.addi  s4, -4
core   0: 3 0x8000269c (0x1a71) x20 0x8ffffffc
core   0: 0x8000269e (0x00006305) c.lui   t1, 0x1
core   0: 3 0x8000269e (0x6305) x6  0x00001000
core   0: 0x800026a0 (0xb8030313) addi    t1, t1, -1152
core   0: 3 0x800026a0 (0xb8030313) x6  0x00000b80
core   0: 0x800026a4 (0x00000322) c.slli  t1, 8
core   0: 3 0x800026a4 (0x0322) x6  0x000b8000
core   0: 0x800026a6 (0x0000030d) c.addi  t1, 3
core   0: 3 0x800026a6 (0x030d) x6  0x000b8003
core   0: 0x800026a8 (0x006a2023) sw      t1, 0(s4)
core   0: 3 0x800026a8 (0x006a2023) mem 0x8ffffffc 0x000b8003
core   0: 0x800026ac (0xb8002373) csrr    t1, mcycleh
core   0: 3 0x800026ac (0xb8002373) x6  0x00000000
core   0: 0x800026b0 (0x006a2023) sw      t1, 0(s4)
core   0: 3 0x800026b0 (0x006a2023) mem 0x8ffffffc 0x00000000
core   0: 0x800026b4 (0x90000a37) lui     s4, 0x90000
core   0: 3 0x800026b4 (0x90000a37) x20 0x90000000
core   0: 0x800026b8 (0x00001a71) c.addi  s4, -4
core   0: 3 0x800026b8 (0x1a71) x20 0x8ffffffc
core   0: 0x800026ba (0x00006305) c.lui   t1, 0x1
core   0: 3 0x800026ba (0x6305) x6  0x00001000
core   0: 0x800026bc (0xb0330313) addi    t1, t1, -1277
core   0: 3 0x800026bc (0xb0330313) x6  0x00000b03
core   0: 0x800026c0 (0x00000322) c.slli  t1, 8
core   0: 3 0x800026c0 (0x0322) x6  0x000b0300
core   0: 0x800026c2 (0x0000030d) c.addi  t1, 3
core   0: 3 0x800026c2 (0x030d) x6  0x000b0303
core   0: 0x800026c4 (0x006a2023) sw      t1, 0(s4)
core   0: 3 0x800026c4 (0x006a2023) mem 0x8ffffffc 0x000b0303
core   0: 0x800026c8 (0xb0302373) csrr    t1, mhpmcounter3
core   0: 3 0x800026c8 (0xb0302373) x6  0x000000f1
core   0: 0x800026cc (0x006a2023) sw      t1, 0(s4)
core   0: 3 0x800026cc (0x006a2023) mem 0x8ffffffc 0x000000f1
core   0: 0x800026d0 (0x90000a37) lui     s4, 0x90000
core   0: 3 0x800026d0 (0x90000a37) x20 0x90000000
core   0: 0x800026d4 (0x00001a71) c.addi  s4, -4
core   0: 3 0x800026d4 (0x1a71) x20 0x8ffffffc
core   0: 0x800026d6 (0x00006305) c.lui   t1, 0x1
core   0: 3 0x800026d6 (0x6305) x6  0x00001000
core   0: 0x800026d8 (0xb8330313) addi    t1, t1, -1149
core   0: 3 0x800026d8 (0xb8330313) x6  0x00000b83
core   0: 0x800026dc (0x00000322) c.slli  t1, 8
core   0: 3 0x800026dc (0x0322) x6  0x000b8300
core   0: 0x800026de (0x0000030d) c.addi  t1, 3
core   0: 3 0x800026de (0x030d) x6  0x000b8303
core   0: 0x800026e0 (0x006a2023) sw      t1, 0(s4)
core   0: 3 0x800026e0 (0x006a2023) mem 0x8ffffffc 0x000b8303
core   0: 0x800026e4 (0xb8302373) csrr    t1, mhpmcounter3h
core   0: 3 0x800026e4 (0xb8302373) x6  0x00000000
core   0: 0x800026e8 (0x006a2023) sw      t1, 0(s4)
core   0: 3 0x800026e8 (0x006a2023) mem 0x8ffffffc 0x00000000
core   0: 0x800026ec (0x90000a37) lui     s4, 0x90000
core   0: 3 0x800026ec (0x90000a37) x20 0x90000000
core   0: 0x800026f0 (0x00001a71) c.addi  s4, -4
core   0: 3 0x800026f0 (0x1a71) x20 0x8ffffffc
core   0: 0x800026f2 (0x00006305) c.lui   t1, 0x1
core   0: 3 0x800026f2 (0x6305) x6  0x00001000
core   0: 0x800026f4 (0xb0430313) addi    t1, t1, -1276
core   0: 3 0x800026f4 (0xb0430313) x6  0x00000b04
core   0: 0x800026f8 (0x00000322) c.slli  t1, 8
core   0: 3 0x800026f8 (0x0322) x6  0x000b0400
core   0: 0x800026fa (0x0000030d) c.addi  t1, 3
core   0: 3 0x800026fa (0x030d) x6  0x000b0403
core   0: 0x800026fc (0x006a2023) sw      t1, 0(s4)
core   0: 3 0x800026fc (0x006a2023) mem 0x8ffffffc 0x000b0403
core   0: 0x80002700 (0xb0402373) csrr    t1, mhpmcounter4
core   0: 3 0x80002700 (0xb0402373) x6  0x00008390
core   0: 0x80002704 (0x006a2023) sw      t1, 0(s4)
core   0: 3 0x80002704 (0x006a2023) mem 0x8ffffffc 0x00008390
core   0: 0x80002708 (0x90000a37) lui     s4, 0x90000
core   0: 3 0x80002708 (0x90000a37) x20 0x90000000
core   0: 0x8000270c (0x00001a71) c.addi  s4, -4
core   0: 3 0x8000270c (0x1a71) x20 0x8ffffffc
core   0: 0x8000270e (0x00006305) c.lui   t1, 0x1
core   0: 3 0x8000270e (0x6305) x6  0x00001000
core   0: 0x80002710 (0xb8430313) addi    t1, t1, -1148
core   0: 3 0x80002710 (0xb8430313) x6  0x00000b84
core   0: 0x80002714 (0x00000322) c.slli  t1, 8
core   0: 3 0x80002714 (0x0322) x6  0x000b8400
core   0: 0x80002716 (0x0000030d) c.addi  t1, 3
core   0: 3 0x80002716 (0x030d) x6  0x000b8403
core   0: 0x80002718 (0x006a2023) sw      t1, 0(s4)
core   0: 3 0x80002718 (0x006a2023) mem 0x8ffffffc 0x000b8403
core   0: 0x8000271c (0xb8402373) csrr    t1, mhpmcounter4h
core   0: 3 0x8000271c (0xb8402373) x6  0x00000000
core   0: 0x80002720 (0x006a2023) sw      t1, 0(s4)
core   0: 3 0x80002720 (0x006a2023) mem 0x8ffffffc 0x00000000
core   0: 0x80002724 (0x90000a37) lui     s4, 0x90000
core   0: 3 0x80002724 (0x90000a37) x20 0x90000000
core   0: 0x80002728 (0x00001a71) c.addi  s4, -4
core   0: 3 0x80002728 (0x1a71) x20 0x8ffffffc
core   0: 0x8000272a (0x00006305) c.lui   t1, 0x1
core   0: 3 0x8000272a (0x6305) x6  0x00001000
core   0: 0x8000272c (0xb0530313) addi    t1, t1, -1275
core   0: 3 0x8000272c (0xb0530313) x6  0x00000b05
core   0: 0x80002730 (0x00000322) c.slli  t1, 8
core   0: 3 0x80002730 (0x0322) x6  0x000b0500
core   0: 0x80002732 (0x0000030d) c.addi  t1, 3
core   0: 3 0x80002732 (0x030d) x6  0x000b0503
core   0: 0x80002734 (0x006a2023) sw      t1, 0(s4)
core   0: 3 0x80002734 (0x006a2023) mem 0x8ffffffc 0x000b0503
core   0: 0x80002738 (0xb0502373) csrr    t1, mhpmcounter5
core   0: 3 0x80002738 (0xb0502373) x6  0x00000005
core   0: 0x8000273c (0x006a2023) sw      t1, 0(s4)
core   0: 3 0x8000273c (0x006a2023) mem 0x8ffffffc 0x00000005
core   0: 0x80002740 (0x90000a37) lui     s4, 0x90000
core   0: 3 0x80002740 (0x90000a37) x20 0x90000000
core   0: 0x80002744 (0x00001a71) c.addi  s4, -4
core   0: 3 0x80002744 (0x1a71) x20 0x8ffffffc
core   0: 0x80002746 (0x00006305) c.lui   t1, 0x1
core   0: 3 0x80002746 (0x6305) x6  0x00001000
core   0: 0x80002748 (0xb8530313) addi    t1, t1, -1147
core   0: 3 0x80002748 (0xb8530313) x6  0x00000b85
core   0: 0x8000274c (0x00000322) c.slli  t1, 8
core   0: 3 0x8000274c (0x0322) x6  0x000b8500
core   0: 0x8000274e (0x0000030d) c.addi  t1, 3
core   0: 3 0x8000274e (0x030d) x6  0x000b8503
core   0: 0x80002750 (0x006a2023) sw      t1, 0(s4)
core   0: 3 0x80002750 (0x006a2023) mem 0x8ffffffc 0x000b8503
core   0: 0x80002754 (0xb8502373) csrr    t1, mhpmcounter5h
core   0: 3 0x80002754 (0xb8502373) x6  0x00000000
core   0: 0x80002758 (0x006a2023) sw      t1, 0(s4)
core   0: 3 0x80002758 (0x006a2023) mem 0x8ffffffc 0x00000000
core   0: 0x8000275c (0x90000a37) lui     s4, 0x90000
core   0: 3 0x8000275c (0x90000a37) x20 0x90000000
core   0: 0x80002760 (0x00001a71) c.addi  s4, -4
core   0: 3 0x80002760 (0x1a71) x20 0x8ffffffc
core   0: 0x80002762 (0x00006305) c.lui   t1, 0x1
core   0: 3 0x80002762 (0x6305) x6  0x00001000
core   0: 0x80002764 (0xb0630313) addi    t1, t1, -1274
core   0: 3 0x80002764 (0xb0630313) x6  0x00000b06
core   0: 0x80002768 (0x00000322) c.slli  t1, 8
core   0: 3 0x80002768 (0x0322) x6  0x000b0600
core   0: 0x8000276a (0x0000030d) c.addi  t1, 3
core   0: 3 0x8000276a (0x030d) x6  0x000b0603
core   0: 0x8000276c (0x006a2023) sw      t1, 0(s4)
core   0: 3 0x8000276c (0x006a2023) mem 0x8ffffffc 0x000b0603
core   0: 0x80002770 (0xb0602373) csrr    t1, mhpmcounter6
core   0: 3 0x80002770 (0xb0602373) x6  0x0000003d
core   0: 0x80002774 (0x006a2023) sw      t1, 0(s4)
core   0: 3 0x80002774 (0x006a2023) mem 0x8ffffffc 0x0000003d
core   0: 0x80002778 (0x90000a37) lui     s4, 0x90000
core   0: 3 0x80002778 (0x90000a37) x20 0x90000000
core   0: 0x8000277c (0x00001a71) c.addi  s4, -4
core   0: 3 0x8000277c (0x1a71) x20 0x8ffffffc
core   0: 0x8000277e (0x00006305) c.lui   t1, 0x1
core   0: 3 0x8000277e (0x6305) x6  0x00001000
core   0: 0x80002780 (0xb8630313) addi    t1, t1, -1146
core   0: 3 0x80002780 (0xb8630313) x6  0x00000b86
core   0: 0x80002784 (0x00000322) c.slli  t1, 8
core   0: 3 0x80002784 (0x0322) x6  0x000b8600
core   0: 0x80002786 (0x0000030d) c.addi  t1, 3
core   0: 3 0x80002786 (0x030d) x6  0x000b8603
core   0: 0x80002788 (0x006a2023) sw      t1, 0(s4)
core   0: 3 0x80002788 (0x006a2023) mem 0x8ffffffc 0x000b8603
core   0: 0x8000278c (0xb8602373) csrr    t1, mhpmcounter6h
core   0: 3 0x8000278c (0xb8602373) x6  0x00000000
core   0: 0x80002790 (0x006a2023) sw      t1, 0(s4)
core   0: 3 0x80002790 (0x006a2023) mem 0x8ffffffc 0x00000000
core   0: 0x80002794 (0x90000a37) lui     s4, 0x90000
core   0: 3 0x80002794 (0x90000a37) x20 0x90000000
core   0: 0x80002798 (0x00001a71) c.addi  s4, -4
core   0: 3 0x80002798 (0x1a71) x20 0x8ffffffc
core   0: 0x8000279a (0x00006305) c.lui   t1, 0x1
core   0: 3 0x8000279a (0x6305) x6  0x00001000
core   0: 0x8000279c (0xb0730313) addi    t1, t1, -1273
core   0: 3 0x8000279c (0xb0730313) x6  0x00000b07
core   0: 0x800027a0 (0x00000322) c.slli  t1, 8
core   0: 3 0x800027a0 (0x0322) x6  0x000b0700
core   0: 0x800027a2 (0x0000030d) c.addi  t1, 3
core   0: 3 0x800027a2 (0x030d) x6  0x000b0703
core   0: 0x800027a4 (0x006a2023) sw      t1, 0(s4)
core   0: 3 0x800027a4 (0x006a2023) mem 0x8ffffffc 0x000b0703
core   0: 0x800027a8 (0xb0702373) csrr    t1, mhpmcounter7
core   0: 3 0x800027a8 (0xb0702373) x6  0x000007a0
core   0: 0x800027ac (0x006a2023) sw      t1, 0(s4)
core   0: 3 0x800027ac (0x006a2023) mem 0x8ffffffc 0x000007a0
core   0: 0x800027b0 (0x90000a37) lui     s4, 0x90000
core   0: 3 0x800027b0 (0x90000a37) x20 0x90000000
core   0: 0x800027b4 (0x00001a71) c.addi  s4, -4
core   0: 3 0x800027b4 (0x1a71) x20 0x8ffffffc
core   0: 0x800027b6 (0x00006305) c.lui   t1, 0x1
core   0: 3 0x800027b6 (0x6305) x6  0x00001000
core   0: 0x800027b8 (0xb8730313) addi    t1, t1, -1145
core   0: 3 0x800027b8 (0xb8730313) x6  0x00000b87
core   0: 0x800027bc (0x00000322) c.slli  t1, 8
core   0: 3 0x800027bc (0x0322) x6  0x000b8700
core   0: 0x800027be (0x0000030d) c.addi  t1, 3
core   0: 3 0x800027be (0x030d) x6  0x000b8703
core   0: 0x800027c0 (0x006a2023) sw      t1, 0(s4)
core   0: 3 0x800027c0 (0x006a2023) mem 0x8ffffffc 0x000b8703
core   0: 0x800027c4 (0xb8702373) csrr    t1, mhpmcounter7h
core   0: 3 0x800027c4 (0xb8702373) x6  0x00000000
core   0: 0x800027c8 (0x006a2023) sw      t1, 0(s4)
core   0: 3 0x800027c8 (0x006a2023) mem 0x8ffffffc 0x00000000
core   0: 0x800027cc (0x90000a37) lui     s4, 0x90000
core   0: 3 0x800027cc (0x90000a37) x20 0x90000000
core   0: 0x800027d0 (0x00001a71) c.addi  s4, -4
core   0: 3 0x800027d0 (0x1a71) x20 0x8ffffffc
core   0: 0x800027d2 (0x00006305) c.lui   t1, 0x1
core   0: 3 0x800027d2 (0x6305) x6  0x00001000
core   0: 0x800027d4 (0xb0830313) addi    t1, t1, -1272
core   0: 3 0x800027d4 (0xb0830313) x6  0x00000b08
core   0: 0x800027d8 (0x00000322) c.slli  t1, 8
core   0: 3 0x800027d8 (0x0322) x6  0x000b0800
core   0: 0x800027da (0x0000030d) c.addi  t1, 3
core   0: 3 0x800027da (0x030d) x6  0x000b0803
core   0: 0x800027dc (0x006a2023) sw      t1, 0(s4)
core   0: 3 0x800027dc (0x006a2023) mem 0x8ffffffc 0x000b0803
core   0: 0x800027e0 (0xb0802373) csrr    t1, mhpmcounter8
core   0: 3 0x800027e0 (0xb0802373) x6  0x000001d3
core   0: 0x800027e4 (0x006a2023) sw      t1, 0(s4)
core   0: 3 0x800027e4 (0x006a2023) mem 0x8ffffffc 0x000001d3
core   0: 0x800027e8 (0x90000a37) lui     s4, 0x90000
core   0: 3 0x800027e8 (0x90000a37) x20 0x90000000
core   0: 0x800027ec (0x00001a71) c.addi  s4, -4
core   0: 3 0x800027ec (0x1a71) x20 0x8ffffffc
core   0: 0x800027ee (0x00006305) c.lui   t1, 0x1
core   0: 3 0x800027ee (0x6305) x6  0x00001000
core   0: 0x800027f0 (0xb8830313) addi    t1, t1, -1144
core   0: 3 0x800027f0 (0xb8830313) x6  0x00000b88
core   0: 0x800027f4 (0x00000322) c.slli  t1, 8
core   0: 3 0x800027f4 (0x0322) x6  0x000b8800
core   0: 0x800027f6 (0x0000030d) c.addi  t1, 3
core   0: 3 0x800027f6 (0x030d) x6  0x000b8803
core   0: 0x800027f8 (0x006a2023) sw      t1, 0(s4)
core   0: 3 0x800027f8 (0x006a2023) mem 0x8ffffffc 0x000b8803
core   0: 0x800027fc (0xb8802373) csrr    t1, mhpmcounter8h
core   0: 3 0x800027fc (0xb8802373) x6  0x00000000
core   0: 0x80002800 (0x006a2023) sw      t1, 0(s4)
core   0: 3 0x80002800 (0x006a2023) mem 0x8ffffffc 0x00000000
core   0: 0x80002804 (0x90000a37) lui     s4, 0x90000
core   0: 3 0x80002804 (0x90000a37) x20 0x90000000
core   0: 0x80002808 (0x00001a71) c.addi  s4, -4
core   0: 3 0x80002808 (0x1a71) x20 0x8ffffffc
core   0: 0x8000280a (0x00006305) c.lui   t1, 0x1
core   0: 3 0x8000280a (0x6305) x6  0x00001000
core   0: 0x8000280c (0xb0930313) addi    t1, t1, -1271
core   0: 3 0x8000280c (0xb0930313) x6  0x00000b09
core   0: 0x80002810 (0x00000322) c.slli  t1, 8
core   0: 3 0x80002810 (0x0322) x6  0x000b0900
core   0: 0x80002812 (0x0000030d) c.addi  t1, 3
core   0: 3 0x80002812 (0x030d) x6  0x000b0903
core   0: 0x80002814 (0x006a2023) sw      t1, 0(s4)
core   0: 3 0x80002814 (0x006a2023) mem 0x8ffffffc 0x000b0903
core   0: 0x80002818 (0xb0902373) csrr    t1, mhpmcounter9
core   0: 3 0x80002818 (0xb0902373) x6  0x000000ef
core   0: 0x8000281c (0x006a2023) sw      t1, 0(s4)
core   0: 3 0x8000281c (0x006a2023) mem 0x8ffffffc 0x000000ef
core   0: 0x80002820 (0x90000a37) lui     s4, 0x90000
core   0: 3 0x80002820 (0x90000a37) x20 0x90000000
core   0: 0x80002824 (0x00001a71) c.addi  s4, -4
core   0: 3 0x80002824 (0x1a71) x20 0x8ffffffc
core   0: 0x80002826 (0x00006305) c.lui   t1, 0x1
core   0: 3 0x80002826 (0x6305) x6  0x00001000
core   0: 0x80002828 (0xb8930313) addi    t1, t1, -1143
core   0: 3 0x80002828 (0xb8930313) x6  0x00000b89
core   0: 0x8000282c (0x00000322) c.slli  t1, 8
core   0: 3 0x8000282c (0x0322) x6  0x000b8900
core   0: 0x8000282e (0x0000030d) c.addi  t1, 3
core   0: 3 0x8000282e (0x030d) x6  0x000b8903
core   0: 0x80002830 (0x006a2023) sw      t1, 0(s4)
core   0: 3 0x80002830 (0x006a2023) mem 0x8ffffffc 0x000b8903
core   0: 0x80002834 (0xb8902373) csrr    t1, mhpmcounter9h
core   0: 3 0x80002834 (0xb8902373) x6  0x00000000
core   0: 0x80002838 (0x006a2023) sw      t1, 0(s4)
core   0: 3 0x80002838 (0x006a2023) mem 0x8ffffffc 0x00000000
core   0: 0x8000283c (0x90000a37) lui     s4, 0x90000
core   0: 3 0x8000283c (0x90000a37) x20 0x90000000
core   0: 0x80002840 (0x00001a71) c.addi  s4, -4
core   0: 3 0x80002840 (0x1a71) x20 0x8ffffffc
core   0: 0x80002842 (0x00006305) c.lui   t1, 0x1
core   0: 3 0x80002842 (0x6305) x6  0x00001000
core   0: 0x80002844 (0xb0a30313) addi    t1, t1, -1270
core   0: 3 0x80002844 (0xb0a30313) x6  0x00000b0a
core   0: 0x80002848 (0x00000322) c.slli  t1, 8
core   0: 3 0x80002848 (0x0322) x6  0x000b0a00
core   0: 0x8000284a (0x0000030d) c.addi  t1, 3
core   0: 3 0x8000284a (0x030d) x6  0x000b0a03
core   0: 0x8000284c (0x006a2023) sw      t1, 0(s4)
core   0: 3 0x8000284c (0x006a2023) mem 0x8ffffffc 0x000b0a03
core   0: 0x80002850 (0xb0a02373) csrr    t1, mhpmcounter10
core   0: 3 0x80002850 (0xb0a02373) x6  0x0000095c
