Time	Cycle	PC	Insn	Decoded instruction	Register and memory contents
        1055000	         6	80000080	40001337	lui	x6,0x40001	  x6=0x40001000
        1065000	         7	80000084	10630313	addi	x6,x6,262	  x6:0x40001000  x6=0x40001106
        1075000	         8	80000088	30131073	csrrw	x0,misa,x6	  x6:0x40001106  x0=0x00000000
        1105000	        11	8000008c	00024717	auipc	x14,0x24	 x14=0x8002408c
        1115000	        12	80000090	c5870713	addi	x14,x14,-936	 x14:0x8002408c x14=0x80023ce4
        1125000	        13	80000094	00002317	auipc	x6,0x2	  x6=0x80002094
        1135000	        14	80000098	46c30313	addi	x6,x6,1132	  x6:0x80002094  x6=0x80002500
        1145000	        15	8000009c	00136313	ori	x6,x6,1	  x6:0x80002500  x6=0x80002501
        1155000	        16	800000a0	30531073	csrrw	x0,mtvec,x6	  x6:0x80002501  x0=0x00000000
        1185000	        19	800000a4	74725073	csrrwi	x0,0x747,4	  x0=0x00000000
        1215000	        22	800000a8	00003117	auipc	x2,0x3	  x2=0x800030a8
        1225000	        23	800000ac	1fc10113	addi	x2,x2,508	  x2:0x800030a8  x2=0x800032a4
        1235000	        24	800000b0	4301	c.li	x6,0	  x6=0x00000000
        1245000	        25	800000b2	911a	c.add	x2,x6	  x2:0x800032a4  x6:0x00000000  x2=0x800032a4
        1255000	        26	800000b4	00215113	srli	x2,x2,0x2	  x2:0x800032a4  x2=0x20000ca9
        1265000	        27	800000b8	3b011073	csrrw	x0,pmpaddr0,x2	  x2:0x20000ca9  x0=0x00000000
        1295000	        30	800000bc	00003117	auipc	x2,0x3	  x2=0x800030bc
        1305000	        31	800000c0	1e810113	addi	x2,x2,488	  x2:0x800030bc  x2=0x800032a4
        1315000	        32	800000c4	11111337	lui	x6,0x11111	  x6=0x11111000
        1325000	        33	800000c8	11130313	addi	x6,x6,273	  x6:0x11111000  x6=0x11111111
        1335000	        34	800000cc	911a	c.add	x2,x6	  x2:0x800032a4  x6:0x11111111  x2=0x911143b5
        1345000	        35	800000ce	00215113	srli	x2,x2,0x2	  x2:0x911143b5  x2=0x244450ed
        1355000	        36	800000d2	3b111073	csrrw	x0,pmpaddr1,x2	  x2:0x244450ed  x0=0x00000000
        1385000	        39	800000d6	00003117	auipc	x2,0x3	  x2=0x800030d6
        1395000	        40	800000da	1ce10113	addi	x2,x2,462	  x2:0x800030d6  x2=0x800032a4
        1405000	        41	800000de	22222337	lui	x6,0x22222	  x6=0x22222000
        1415000	        42	800000e2	22230313	addi	x6,x6,546	  x6:0x22222000  x6=0x22222222
        1425000	        43	800000e6	911a	c.add	x2,x6	  x2:0x800032a4  x6:0x22222222  x2=0xa22254c6
        1435000	        44	800000e8	00215113	srli	x2,x2,0x2	  x2:0xa22254c6  x2=0x28889531
        1445000	        45	800000ec	3b211073	csrrw	x0,pmpaddr2,x2	  x2:0x28889531  x0=0x00000000
        1475000	        48	800000f0	00003117	auipc	x2,0x3	  x2=0x800030f0
        1485000	        49	800000f4	1b410113	addi	x2,x2,436	  x2:0x800030f0  x2=0x800032a4
        1495000	        50	800000f8	33333337	lui	x6,0x33333	  x6=0x33333000
        1505000	        51	800000fc	33330313	addi	x6,x6,819	  x6:0x33333000  x6=0x33333333
        1515000	        52	80000100	911a	c.add	x2,x6	  x2:0x800032a4  x6:0x33333333  x2=0xb33365d7
        1525000	        53	80000102	00215113	srli	x2,x2,0x2	  x2:0xb33365d7  x2=0x2cccd975
        1535000	        54	80000106	3b311073	csrrw	x0,pmpaddr3,x2	  x2:0x2cccd975  x0=0x00000000
        1565000	        57	8000010a	0f0f1137	lui	x2,0xf0f1	  x2=0x0f0f1000
        1575000	        58	8000010e	f0f10113	addi	x2,x2,-241	  x2:0x0f0f1000  x2=0x0f0f0f0f
        1585000	        59	80000112	3a011073	csrrw	x0,pmpcfg0,x2	  x2:0x0f0f0f0f  x0=0x00000000
        1615000	        62	80000116	00003117	auipc	x2,0x3	  x2=0x80003116
        1625000	        63	8000011a	18e10113	addi	x2,x2,398	  x2:0x80003116  x2=0x800032a4
        1635000	        64	8000011e	44444337	lui	x6,0x44444	  x6=0x44444000
        1645000	        65	80000122	44430313	addi	x6,x6,1092	  x6:0x44444000  x6=0x44444444
        1655000	        66	80000126	911a	c.add	x2,x6	  x2:0x800032a4  x6:0x44444444  x2=0xc44476e8
        1665000	        67	80000128	00215113	srli	x2,x2,0x2	  x2:0xc44476e8  x2=0x31111dba
        1675000	        68	8000012c	3b411073	csrrw	x0,pmpaddr4,x2	  x2:0x31111dba  x0=0x00000000
        1705000	        71	80000130	00003117	auipc	x2,0x3	  x2=0x80003130
        1715000	        72	80000134	17410113	addi	x2,x2,372	  x2:0x80003130  x2=0x800032a4
        1725000	        73	80000138	55555337	lui	x6,0x55555	  x6=0x55555000
        1735000	        74	8000013c	55530313	addi	x6,x6,1365	  x6:0x55555000  x6=0x55555555
        1745000	        75	80000140	911a	c.add	x2,x6	  x2:0x800032a4  x6:0x55555555  x2=0xd55587f9
        1755000	        76	80000142	00215113	srli	x2,x2,0x2	  x2:0xd55587f9  x2=0x355561fe
        1765000	        77	80000146	3b511073	csrrw	x0,pmpaddr5,x2	  x2:0x355561fe  x0=0x00000000
        1795000	        80	8000014a	00003117	auipc	x2,0x3	  x2=0x8000314a
        1805000	        81	8000014e	15a10113	addi	x2,x2,346	  x2:0x8000314a  x2=0x800032a4
        1815000	        82	80000152	66666337	lui	x6,0x66666	  x6=0x66666000
        1825000	        83	80000156	66630313	addi	x6,x6,1638	  x6:0x66666000  x6=0x66666666
        1835000	        84	8000015a	911a	c.add	x2,x6	  x2:0x800032a4  x6:0x66666666  x2=0xe666990a
        1845000	        85	8000015c	00215113	srli	x2,x2,0x2	  x2:0xe666990a  x2=0x3999a642
        1855000	        86	80000160	3b611073	csrrw	x0,pmpaddr6,x2	  x2:0x3999a642  x0=0x00000000
        1885000	        89	80000164	00003117	auipc	x2,0x3	  x2=0x80003164
        1895000	        90	80000168	14010113	addi	x2,x2,320	  x2:0x80003164  x2=0x800032a4
        1905000	        91	8000016c	77777337	lui	x6,0x77777	  x6=0x77777000
        1915000	        92	80000170	77730313	addi	x6,x6,1911	  x6:0x77777000  x6=0x77777777
        1925000	        93	80000174	911a	c.add	x2,x6	  x2:0x800032a4  x6:0x77777777  x2=0xf777aa1b
        1935000	        94	80000176	00215113	srli	x2,x2,0x2	  x2:0xf777aa1b  x2=0x3dddea86
        1945000	        95	8000017a	3b711073	csrrw	x0,pmpaddr7,x2	  x2:0x3dddea86  x0=0x00000000
        1975000	        98	8000017e	0f0f1137	lui	x2,0xf0f1	  x2=0x0f0f1000
        1985000	        99	80000182	f0f10113	addi	x2,x2,-241	  x2:0x0f0f1000  x2=0x0f0f0f0f
        1995000	       100	80000186	3a111073	csrrw	x0,pmpcfg1,x2	  x2:0x0f0f0f0f  x0=0x00000000
        2025000	       103	8000018a	00003117	auipc	x2,0x3	  x2=0x8000318a
        2035000	       104	8000018e	11a10113	addi	x2,x2,282	  x2:0x8000318a  x2=0x800032a4
        2045000	       105	80000192	88889337	lui	x6,0x88889	  x6=0x88889000
        2055000	       106	80000196	88830313	addi	x6,x6,-1912	  x6:0x88889000  x6=0x88888888
        2065000	       107	8000019a	911a	c.add	x2,x6	  x2:0x800032a4  x6:0x88888888  x2=0x0888bb2c
        2075000	       108	8000019c	00215113	srli	x2,x2,0x2	  x2:0x0888bb2c  x2=0x02222ecb
        2085000	       109	800001a0	3b811073	csrrw	x0,pmpaddr8,x2	  x2:0x02222ecb  x0=0x00000000
        2115000	       112	800001a4	00003117	auipc	x2,0x3	  x2=0x800031a4
        2125000	       113	800001a8	10010113	addi	x2,x2,256	  x2:0x800031a4  x2=0x800032a4
        2135000	       114	800001ac	9999a337	lui	x6,0x9999a	  x6=0x9999a000
        2145000	       115	800001b0	99930313	addi	x6,x6,-1639	  x6:0x9999a000  x6=0x99999999
        2155000	       116	800001b4	911a	c.add	x2,x6	  x2:0x800032a4  x6:0x99999999  x2=0x1999cc3d
        2165000	       117	800001b6	00215113	srli	x2,x2,0x2	  x2:0x1999cc3d  x2=0x0666730f
        2175000	       118	800001ba	3b911073	csrrw	x0,pmpaddr9,x2	  x2:0x0666730f  x0=0x00000000
        2205000	       121	800001be	00003117	auipc	x2,0x3	  x2=0x800031be
        2215000	       122	800001c2	0e610113	addi	x2,x2,230	  x2:0x800031be  x2=0x800032a4
        2225000	       123	800001c6	aaaab337	lui	x6,0xaaaab	  x6=0xaaaab000
        2235000	       124	800001ca	aaa30313	addi	x6,x6,-1366	  x6:0xaaaab000  x6=0xaaaaaaaa
        2245000	       125	800001ce	911a	c.add	x2,x6	  x2:0x800032a4  x6:0xaaaaaaaa  x2=0x2aaadd4e
        2255000	       126	800001d0	00215113	srli	x2,x2,0x2	  x2:0x2aaadd4e  x2=0x0aaab753
        2265000	       127	800001d4	3ba11073	csrrw	x0,pmpaddr10,x2	  x2:0x0aaab753  x0=0x00000000
        2295000	       130	800001d8	00003117	auipc	x2,0x3	  x2=0x800031d8
        2305000	       131	800001dc	0cc10113	addi	x2,x2,204	  x2:0x800031d8  x2=0x800032a4
        2315000	       132	800001e0	bbbbc337	lui	x6,0xbbbbc	  x6=0xbbbbc000
        2325000	       133	800001e4	bbb30313	addi	x6,x6,-1093	  x6:0xbbbbc000  x6=0xbbbbbbbb
        2335000	       134	800001e8	911a	c.add	x2,x6	  x2:0x800032a4  x6:0xbbbbbbbb  x2=0x3bbbee5f
        2345000	       135	800001ea	00215113	srli	x2,x2,0x2	  x2:0x3bbbee5f  x2=0x0eeefb97
        2355000	       136	800001ee	3bb11073	csrrw	x0,pmpaddr11,x2	  x2:0x0eeefb97  x0=0x00000000
        2385000	       139	800001f2	0f0f1137	lui	x2,0xf0f1	  x2=0x0f0f1000
        2395000	       140	800001f6	f0f10113	addi	x2,x2,-241	  x2:0x0f0f1000  x2=0x0f0f0f0f
        2405000	       141	800001fa	3a211073	csrrw	x0,pmpcfg2,x2	  x2:0x0f0f0f0f  x0=0x00000000
        2435000	       144	800001fe	00003117	auipc	x2,0x3	  x2=0x800031fe
        2445000	       145	80000202	0a610113	addi	x2,x2,166	  x2:0x800031fe  x2=0x800032a4
        2455000	       146	80000206	ccccd337	lui	x6,0xccccd	  x6=0xccccd000
        2465000	       147	8000020a	ccc30313	addi	x6,x6,-820	  x6:0xccccd000  x6=0xcccccccc
        2475000	       148	8000020e	911a	c.add	x2,x6	  x2:0x800032a4  x6:0xcccccccc  x2=0x4cccff70
        2485000	       149	80000210	00215113	srli	x2,x2,0x2	  x2:0x4cccff70  x2=0x13333fdc
        2495000	       150	80000214	3bc11073	csrrw	x0,pmpaddr12,x2	  x2:0x13333fdc  x0=0x00000000
        2525000	       153	80000218	00003117	auipc	x2,0x3	  x2=0x80003218
        2535000	       154	8000021c	08c10113	addi	x2,x2,140	  x2:0x80003218  x2=0x800032a4
        2545000	       155	80000220	dddde337	lui	x6,0xdddde	  x6=0xdddde000
        2555000	       156	80000224	ddd30313	addi	x6,x6,-547	  x6:0xdddde000  x6=0xdddddddd
        2565000	       157	80000228	911a	c.add	x2,x6	  x2:0x800032a4  x6:0xdddddddd  x2=0x5dde1081
        2575000	       158	8000022a	00215113	srli	x2,x2,0x2	  x2:0x5dde1081  x2=0x17778420
        2585000	       159	8000022e	3bd11073	csrrw	x0,pmpaddr13,x2	  x2:0x17778420  x0=0x00000000
        2615000	       162	80000232	00003117	auipc	x2,0x3	  x2=0x80003232
        2625000	       163	80000236	07210113	addi	x2,x2,114	  x2:0x80003232  x2=0x800032a4
        2635000	       164	8000023a	eeeef337	lui	x6,0xeeeef	  x6=0xeeeef000
        2645000	       165	8000023e	eee30313	addi	x6,x6,-274	  x6:0xeeeef000  x6=0xeeeeeeee
        2655000	       166	80000242	911a	c.add	x2,x6	  x2:0x800032a4  x6:0xeeeeeeee  x2=0x6eef2192
        2665000	       167	80000244	00215113	srli	x2,x2,0x2	  x2:0x6eef2192  x2=0x1bbbc864
        2675000	       168	80000248	3be11073	csrrw	x0,pmpaddr14,x2	  x2:0x1bbbc864  x0=0x00000000
        2705000	       171	8000024c	00003117	auipc	x2,0x3	  x2=0x8000324c
        2715000	       172	80000250	05810113	addi	x2,x2,88	  x2:0x8000324c  x2=0x800032a4
        2725000	       173	80000254	fff00313	addi	x6,x0,-1	  x0:0x00000000  x6=0xffffffff
        2735000	       174	80000258	911a	c.add	x2,x6	  x2:0x800032a4  x6:0xffffffff  x2=0x800032a3
        2745000	       175	8000025a	00215113	srli	x2,x2,0x2	  x2:0x800032a3  x2=0x20000ca8
        2755000	       176	8000025e	3bf11073	csrrw	x0,pmpaddr15,x2	  x2:0x20000ca8  x0=0x00000000
        2785000	       179	80000262	0f0f1137	lui	x2,0xf0f1	  x2=0x0f0f1000
        2795000	       180	80000266	f0f10113	addi	x2,x2,-241	  x2:0x0f0f1000  x2=0x0f0f0f0f
        2805000	       181	8000026a	3a311073	csrrw	x0,pmpcfg3,x2	  x2:0x0f0f0f0f  x0=0x00000000
        2835000	       184	8000026e	00000317	auipc	x6,0x0	  x6=0x8000026e
        2845000	       185	80000272	06030313	addi	x6,x6,96	  x6:0x8000026e  x6=0x800002ce
        2855000	       186	80000276	34131073	csrrw	x0,mepc,x6	  x6:0x800002ce  x0=0x00000000
        2865000	       187	8000027a	7c00d073	csrrwi	x0,0x7c0,1	  x0=0x00000000
        2895000	       190	8000027e	4301	c.li	x6,0	  x6=0x00000000
        2905000	       191	80000280	30031073	csrrw	x0,mstatus,x6	  x6:0x00000000  x0=0x00000000
        2935000	       194	80000284	4301	c.li	x6,0	  x6=0x00000000
        2945000	       195	80000286	30431073	csrrw	x0,mie,x6	  x6:0x00000000  x0=0x00000000
        2975000	       198	8000028a	90000a37	lui	x20,0x90000	 x20=0x90000000
        2985000	       199	8000028e	1a71	c.addi	x20,-4	 x20:0x90000000 x20=0x8ffffffc
        2995000	       200	80000290	90000a37	lui	x20,0x90000	 x20=0x90000000
        3005000	       201	80000294	1a71	c.addi	x20,-4	 x20:0x90000000 x20=0x8ffffffc
        3015000	       202	80000296	90000a37	lui	x20,0x90000	 x20=0x90000000
        3025000	       203	8000029a	1a71	c.addi	x20,-4	 x20:0x90000000 x20=0x8ffffffc
        3035000	       204	8000029c	30000313	addi	x6,x0,768	  x0:0x00000000  x6=0x00000300
        3045000	       205	800002a0	0322	c.slli	x6,0x8	  x6:0x00000300  x6=0x00030000
        3055000	       206	800002a2	030d	c.addi	x6,3	  x6:0x00030000  x6=0x00030003
        3065000	       207	800002a4	006a2023	sw	x6,0(x20)	 x20:0x8ffffffc  x6:0x00030003 PA:0x8ffffffc store:0x00030003 load:0x00000000
        3075000	       208	800002a8	30002373	csrrs	x6,mstatus,x0	  x0:0x00000000  x6=0x00000000
        3085000	       209	800002ac	006a2023	sw	x6,0(x20)	 x20:0x8ffffffc  x6:0x00000000 PA:0x8ffffffc store:0x00000000 load:0x00000000
        3095000	       210	800002b0	90000a37	lui	x20,0x90000	 x20=0x90000000
        3105000	       211	800002b4	1a71	c.addi	x20,-4	 x20:0x90000000 x20=0x8ffffffc
        3115000	       212	800002b6	30400313	addi	x6,x0,772	  x0:0x00000000  x6=0x00000304
        3125000	       213	800002ba	0322	c.slli	x6,0x8	  x6:0x00000304  x6=0x00030400
        3135000	       214	800002bc	030d	c.addi	x6,3	  x6:0x00030400  x6=0x00030403
        3145000	       215	800002be	006a2023	sw	x6,0(x20)	 x20:0x8ffffffc  x6:0x00030403 PA:0x8ffffffc store:0x00030403 load:0x00000000
        3155000	       216	800002c2	30402373	csrrs	x6,mie,x0	  x0:0x00000000  x6=0x00000000
        3165000	       217	800002c6	006a2023	sw	x6,0(x20)	 x20:0x8ffffffc  x6:0x00000000 PA:0x8ffffffc store:0x00000000 load:0x00000000
        3175000	       218	800002ca	30200073	mret	
        3215000	       222	800002ce	ff8b8037	lui	x0,0xff8b8	  x0=0x00000000
        3225000	       223	800002d2	10e00013	addi	x0,x0,270	  x0:0x00000000  x0=0x00000000
        3235000	       224	800002d6	7327d0b7	lui	x1,0x7327d	  x1=0x7327d000
        3245000	       225	800002da	ba008093	addi	x1,x1,-1120	  x1:0x7327d000  x1=0x7327cba0
        3255000	       226	800002de	f5e3a137	lui	x2,0xf5e3a	  x2=0xf5e3a000
        3265000	       227	800002e2	89510113	addi	x2,x2,-1899	  x2:0xf5e3a000  x2=0xf5e39895
        3275000	       228	800002e6	4181	c.li	x3,0	  x3=0x00000000
        3285000	       229	800002e8	6511b237	lui	x4,0x6511b	  x4=0x6511b000
        3295000	       230	800002ec	bba20213	addi	x4,x4,-1094	  x4:0x6511b000  x4=0x6511abba
        3305000	       231	800002f0	e2e872b7	lui	x5,0xe2e87	  x5=0xe2e87000
        3315000	       232	800002f4	5c428293	addi	x5,x5,1476	  x5:0xe2e87000  x5=0xe2e875c4
        3325000	       233	800002f8	4301	c.li	x6,0	  x6=0x00000000
        3335000	       234	800002fa	43a5	c.li	x7,9	  x7=0x00000009
        3345000	       235	800002fc	80000437	lui	x8,0x80000	  x8=0x80000000
        3355000	       236	80000300	f944e4b7	lui	x9,0xf944e	  x9=0xf944e000
        3365000	       237	80000304	20f48493	addi	x9,x9,527	  x9:0xf944e000  x9=0xf944e20f
        3375000	       238	80000308	4501	c.li	x10,0	 x10=0x00000000
        3385000	       239	8000030a	45a5	c.li	x11,9	 x11=0x00000009
        3395000	       240	8000030c	f0c556b7	lui	x13,0xf0c55	 x13=0xf0c55000
        3405000	       241	80000310	da468693	addi	x13,x13,-604	 x13:0xf0c55000 x13=0xf0c54da4
        3415000	       242	80000314	fd8fc7b7	lui	x15,0xfd8fc	 x15=0xfd8fc000
        3425000	       243	80000318	e7e78793	addi	x15,x15,-386	 x15:0xfd8fc000 x15=0xfd8fbe7e
        3435000	       244	8000031c	4801	c.li	x16,0	 x16=0x00000000
        3445000	       245	8000031e	651938b7	lui	x17,0x65193	 x17=0x65193000
        3455000	       246	80000322	5eb88893	addi	x17,x17,1515	 x17:0x65193000 x17=0x651935eb
        3465000	       247	80000326	4911	c.li	x18,4	 x18=0x00000004
        3475000	       248	80000328	800009b7	lui	x19,0x80000	 x19=0x80000000
        3485000	       249	8000032c	4a29	c.li	x20,10	 x20=0x0000000a
        3495000	       250	8000032e	ff2dfab7	lui	x21,0xff2df	 x21=0xff2df000
        3505000	       251	80000332	586a8a93	addi	x21,x21,1414	 x21:0xff2df000 x21=0xff2df586
        3515000	       252	80000336	80000b37	lui	x22,0x80000	 x22=0x80000000
        3525000	       253	8000033a	fa72bbb7	lui	x23,0xfa72b	 x23=0xfa72b000
        3535000	       254	8000033e	098b8b93	addi	x23,x23,152	 x23:0xfa72b000 x23=0xfa72b098
        3545000	       255	80000342	4c09	c.li	x24,2	 x24=0x00000002
        3555000	       256	80000344	4cb9	c.li	x25,14	 x25=0x0000000e
        3565000	       257	80000346	4d01	c.li	x26,0	 x26=0x00000000
        3575000	       258	80000348	4d81	c.li	x27,0	 x27=0x00000000
        3585000	       259	8000034a	4e35	c.li	x28,13	 x28=0x0000000d
        3595000	       260	8000034c	82ec1eb7	lui	x29,0x82ec1	 x29=0x82ec1000
        3605000	       261	80000350	cb0e8e93	addi	x29,x29,-848	 x29:0x82ec1000 x29=0x82ec0cb0
        3615000	       262	80000354	cac09f37	lui	x30,0xcac09	 x30=0xcac09000
        3625000	       263	80000358	9bdf0f13	addi	x30,x30,-1603	 x30:0xcac09000 x30=0xcac089bd
        3635000	       264	8000035c	80000fb7	lui	x31,0x80000	 x31=0x80000000
        3645000	       265	80000360	00020617	auipc	x12,0x20	 x12=0x80020360
        3655000	       266	80000364	b0460613	addi	x12,x12,-1276	 x12:0x80020360 x12=0x8001fe64
        3665000	       267	80000368	90000a37	lui	x20,0x90000	 x20=0x90000000
        3675000	       268	8000036c	1a71	c.addi	x20,-4	 x20:0x90000000 x20=0x8ffffffc
        3685000	       269	8000036e	4301	c.li	x6,0	  x6=0x00000000
        3695000	       270	80000370	0322	c.slli	x6,0x8	  x6:0x00000000  x6=0x00000000
        3705000	       271	80000372	00030313	addi	x6,x6,0	  x6:0x00000000  x6=0x00000000
        3715000	       272	80000376	006a2023	sw	x6,0(x20)	 x20:0x8ffffffc  x6:0x00000000 PA:0x8ffffffc store:0x00000000 load:0x00000000
        3725000	       273	8000037a	72b0206f	jal	x0,800032a4	  x0=0x00000000
        3745000	       275	800032a4	00001497	auipc	x9,0x1	  x9=0x800042a4
        3755000	       276	800032a8	06e48493	addi	x9,x9,110	  x9:0x800042a4  x9=0x80004312
        3765000	       277	800032ac	0ff0000f	fence	iorw,iorw	
        3775000	       278	800032b0	d7848493	addi	x9,x9,-648	  x9:0x80004312  x9=0x8000408a
        3805000	       281	800032b4	021e0cb3	mul	x25,x28,x1	 x28:0x0000000d  x1:0x7327cba0 x25=0xd9055720
        3815000	       282	800032b8	0ed9	c.addi	x29,22	 x29:0x82ec0cb0 x29=0x82ec0cc6
        3835000	       284	800032ba	03b24a33	div	x20,x4,x27	  x4:0x6511abba x27:0x00000000 x20=0xffffffff
        3845000	       285	800032be	0ff0000f	fence	iorw,iorw	
        3855000	       286	800032c2	0a4a	c.slli	x20,0x12	 x20:0xffffffff x20=0xfffc0000
        3865000	       287	800032c4	00e95463	bge	x18,x14,800032cc	 x18:0x00000004 x14:0x80023ce4
        3885000	       289	800032cc	288480e7	jalr	x1,648(x9)	  x9:0x8000408a  x1=0x800032d0
        3915000	       292	80004312	fd060613	addi	x12,x12,-48	 x12:0x8001fe64 x12=0x8001fe34
        3925000	       293	80004316	0131c9b3	xor	x19,x3,x19	  x3:0x00000000 x19:0x80000000 x19=0x80000000
        3935000	       294	8000431a	01ad36b3	sltu	x13,x26,x26	 x26:0x00000000 x26:0x00000000 x13=0x00000000
        3945000	       295	8000431e	0000100f	fence.i	
        3975000	       298	80004322	00162223	sw	x1,4(x12)	 x12:0x8001fe34  x1:0x800032d0 PA:0x8001fe38 store:0x800032d0 load:0x00000000
        3985000	       299	80004326	aa4bbc13	sltiu	x24,x23,-1372	 x23:0xfa72b098 x24=0x00000001
        3995000	       300	8000432a	0ff0000f	fence	iorw,iorw	
        4005000	       301	8000432e	01f51933	sll	x18,x10,x31	 x10:0x00000000 x31:0x80000000 x18=0x00000000
        4375000	       338	80004332	02ba7b33	remu	x22,x20,x11	 x20:0xfffc0000 x11:0x00000009 x22=0x00000003
        4385000	       339	80004336	0000100f	fence.i	
        4405000	       341	8000433a	6b7d	c.lui	x22,0x1f	 x22=0x0001f000
        4445000	       345	8000433c	0265b833	mulhu	x16,x11,x6	 x11:0x00000009  x6:0x00000000 x16=0x00000000
        4485000	       349	80004340	02569233	mulh	x4,x13,x5	 x13:0x00000000  x5:0xe2e875c4  x4=0x00000000
        4495000	       350	80004344	b33f64b7	lui	x9,0xb33f6	  x9=0xb33f6000
        4505000	       351	80004348	8822	c.mv	x16,x8	  x0:0x00000000  x8:0x80000000 x16=0x80000000
        4515000	       352	8000434a	3b064f93	xori	x31,x12,944	 x12:0x8001fe34 x31=0x8001fd84
        4525000	       353	8000434e	87fd	c.srai	x15,0x1f	 x15:0xfd8fbe7e x15=0xffffffff
        4535000	       354	80004350	4158d4b3	sra	x9,x17,x21	 x17:0x651935eb x21:0xff2df586  x9=0x019464d7
        4545000	       355	80004354	8d41	c.or	x10,x8	 x10:0x00000000  x8:0x80000000 x10=0x80000000
        4555000	       356	80004356	0140d893	srli	x17,x1,0x14	  x1:0x800032d0 x17=0x00000800
        4565000	       357	8000435a	00462083	lw	x1,4(x12)	 x12:0x8001fe34  x1=0x800032d0 PA:0x8001fe38 load:0x800032d0
        4575000	       358	8000435e	03060613	addi	x12,x12,48	 x12:0x8001fe34 x12=0x8001fe64
        4585000	       359	80004362	0ff0000f	fence	iorw,iorw	
        4595000	       360	80004366	00295433	srl	x8,x18,x2	 x18:0x00000000  x2:0xf5e39895  x8=0x00000000
        4605000	       361	8000436a	0366	c.slli	x6,0x19	  x6:0x00000000  x6=0x00000000
        4615000	       362	8000436c	00008513	addi	x10,x1,0	  x1:0x800032d0 x10=0x800032d0
        4625000	       363	80004370	00050567	jalr	x10,0(x10)	 x10:0x800032d0 x10=0x80004374
        4645000	       365	800032d0	00001997	auipc	x19,0x1	 x19=0x800042d0
        4655000	       366	800032d4	fda98993	addi	x19,x19,-38	 x19:0x800042d0 x19=0x800042aa
        4695000	       370	800032d8	032025b3	mulhsu	x11,x0,x18	  x0:0x00000000 x18:0x00000000 x11=0x00000000
        4725000	       373	800032dc	02c883b3	mul	x7,x17,x12	 x17:0x00000800 x12:0x8001fe64  x7=0x0ff32000
        4735000	       374	800032e0	ce398993	addi	x19,x19,-797	 x19:0x800042aa x19=0x80003f8d
        4745000	       375	800032e4	008ba6b3	slt	x13,x23,x8	 x23:0xfa72b098  x8:0x00000000 x13=0x00000001
        4755000	       376	800032e8	00219033	sll	x0,x3,x2	  x3:0x00000000  x2:0xf5e39895  x0=0x00000000
        4785000	       379	800032ec	032d8db3	mul	x27,x27,x18	 x27:0x00000000 x18:0x00000000 x27=0x00000000
        5155000	       416	800032f0	0387ccb3	div	x25,x15,x24	 x15:0xffffffff x24:0x00000001 x25=0xffffffff
        5165000	       417	800032f4	0125c363	blt	x11,x18,800032fa	 x11:0x00000000 x18:0x00000000
        5175000	       418	800032f8	88ae	c.mv	x17,x11	  x0:0x00000000 x11:0x00000000 x17=0x00000000
        5185000	       419	800032fa	31e980e7	jalr	x1,798(x19)	 x19:0x80003f8d  x1=0x800032fe
        5215000	       422	800042aa	01de4463	blt	x28,x29,800042b2	 x28:0x0000000d x29:0x82ec0cc6
        5585000	       459	800042ae	02a14533	div	x10,x2,x10	  x2:0xf5e39895 x10:0x80004374 x10=0x00000000
        5595000	       460	800042b2	fc460613	addi	x12,x12,-60	 x12:0x8001fe64 x12=0x8001fe28
        5605000	       461	800042b6	016865b3	or	x11,x16,x22	 x16:0x80000000 x22:0x0001f000 x11=0x8001f000
        5975000	       498	800042ba	030e71b3	remu	x3,x28,x16	 x28:0x0000000d x16:0x80000000  x3=0x0000000d
        5985000	       499	800042be	8d99	c.sub	x11,x14	 x11:0x8001f000 x14:0x80023ce4 x11=0xffffb31c
        5995000	       500	800042c0	0d3a	c.slli	x26,0xe	 x26:0x00000000 x26=0x00000000
        6035000	       504	800042c2	03501ab3	mulh	x21,x0,x21	  x0:0x00000000 x21:0xff2df586 x21=0x00000000
        6045000	       505	800042c6	8fad	c.xor	x15,x11	 x15:0xffffffff x11:0xffffb31c x15=0x00004ce3
        6055000	       506	800042c8	00162223	sw	x1,4(x12)	 x12:0x8001fe28  x1:0x800032fe PA:0x8001fe2c store:0x800032fe load:0x00000000
        6095000	       510	800042cc	023828b3	mulhsu	x17,x16,x3	 x16:0x80000000  x3:0x0000000d x17=0xfffffff9
        6105000	       511	800042d0	00be7233	and	x4,x28,x11	 x28:0x0000000d x11:0xffffb31c  x4=0x0000000c
        6115000	       512	800042d4	01d99533	sll	x10,x19,x29	 x19:0x80003f8d x29:0x82ec0cc6 x10=0x000fe340
        6135000	       514	800042d8	02005c33	divu	x24,x0,x0	  x0:0x00000000  x0:0x00000000 x24=0xffffffff
        6145000	       515	800042dc	40065a93	srai	x21,x12,0x0	 x12:0x8001fe28 x21=0x8001fe28
        6155000	       516	800042e0	e799	c.bnez	x15,800042ee	 x15:0x00004ce3
        6175000	       518	800042ee	0cda	c.slli	x25,0x16	 x25:0xffffffff x25=0xffc00000
        6185000	       519	800042f0	8d81	c.sub	x11,x8	 x11:0xffffb31c  x8:0x00000000 x11=0xffffb31c
        6195000	       520	800042f2	00462083	lw	x1,4(x12)	 x12:0x8001fe28  x1=0x800032fe PA:0x8001fe2c load:0x800032fe
        6205000	       521	800042f6	406787b3	sub	x15,x15,x6	 x15:0x00004ce3  x6:0x00000000 x15=0x00004ce3
        6215000	       522	800042fa	8bc6	c.mv	x23,x17	  x0:0x00000000 x17:0xfffffff9 x23=0xfffffff9
        6225000	       523	800042fc	00a26eb3	or	x29,x4,x10	  x4:0x0000000c x10:0x000fe340 x29=0x000fe34c
        6235000	       524	80004300	03c60613	addi	x12,x12,60	 x12:0x8001fe28 x12=0x8001fe64
        6245000	       525	80004304	018bcc33	xor	x24,x23,x24	 x23:0xfffffff9 x24:0xffffffff x24=0x00000006
        6285000	       529	80004308	02ee17b3	mulh	x15,x28,x14	 x28:0x0000000d x14:0x80023ce4 x15=0xfffffff9
        6295000	       530	8000430c	00008893	addi	x17,x1,0	  x1:0x800032fe x17=0x800032fe
        6305000	       531	80004310	9882	c.jalr	x17	 x17:0x800032fe  x1=0x80004312
        6335000	       534	800032fe	012c5bb3	srl	x23,x24,x18	 x24:0x00000006 x18:0x00000000 x23=0x00000006
        6345000	       535	80003302	00001997	auipc	x19,0x1	 x19=0x80004302
        6355000	       536	80003306	4b298993	addi	x19,x19,1202	 x19:0x80004302 x19=0x800047b4
        6365000	       537	8000330a	19f9	c.addi	x19,-2	 x19:0x800047b4 x19=0x800047b2
        6375000	       538	8000330c	0171b7b3	sltu	x15,x3,x23	  x3:0x0000000d x23:0x00000006 x15=0x00000000
        6385000	       539	80003310	40c2d6b3	sra	x13,x5,x12	  x5:0xe2e875c4 x12:0x8001fe64 x13=0xfe2e875c
        6395000	       540	80003314	016070b3	and	x1,x0,x22	  x0:0x00000000 x22:0x0001f000  x1=0x00000000
        6405000	       541	80003318	007ee463	bltu	x29,x7,80003320	 x29:0x000fe34c  x7:0x0ff32000
        6425000	       543	80003320	002980e7	jalr	x1,2(x19)	 x19:0x800047b2  x1=0x80003324
        6445000	       545	800047b4	41c653b3	sra	x7,x12,x28	 x12:0x8001fe64 x28:0x0000000d  x7=0xfffc000f
        6465000	       547	800047b8	028147b3	div	x15,x2,x8	  x2:0xf5e39895  x8:0x00000000 x15=0xffffffff
        6475000	       548	800047bc	1621	c.addi	x12,-24	 x12:0x8001fe64 x12=0x8001fe4c
        6485000	       549	800047be	a021f893	andi	x17,x3,-1534	  x3:0x0000000d x17=0x00000000
        6495000	       550	800047c2	01b5ad33	slt	x26,x11,x27	 x11:0xffffb31c x27:0x00000000 x26=0x00000001
        6505000	       551	800047c6	0ff0000f	fence	iorw,iorw	
        6515000	       552	800047ca	410cddb3	sra	x27,x25,x16	 x25:0xffc00000 x16:0x80000000 x27=0xffc00000
        6525000	       553	800047ce	bb6ef313	andi	x6,x29,-1098	 x29:0x000fe34c  x6=0x000fe304
        6535000	       554	800047d2	00162223	sw	x1,4(x12)	 x12:0x8001fe4c  x1:0x80003324 PA:0x8001fe50 store:0x80003324 load:0x00000000
        6545000	       555	800047d6	31290393	addi	x7,x18,786	 x18:0x00000000  x7=0x00000312
        6555000	       556	800047da	0068f2b3	and	x5,x17,x6	 x17:0x00000000  x6:0x000fe304  x5=0x00000000
        6565000	       557	800047de	016000ef	jal	x1,800047f4	  x1=0x800047e2
        6585000	       559	800047f4	a031	c.j	80004800	
        6605000	       561	80004800	fffff0ef	jal	x1,800047fe	  x1=0x80004804
        6625000	       563	800047fe	bfd5	c.j	800047f2	
        6645000	       565	800047f2	2019	c.jal	800047f8	  x1=0x800047f4
        6665000	       567	800047f8	3fd5	c.jal	800047ec	  x1=0x800047fa
        6685000	       569	800047ec	3fdd	c.jal	800047e2	  x1=0x800047ee
        6715000	       572	800047e2	004000ef	jal	x1,800047e6	  x1=0x800047e6
        6735000	       574	800047e6	2009	c.jal	800047e8	  x1=0x800047e8
        6755000	       576	800047e8	014009ef	jal	x19,800047fc	 x19=0x800047ec
        6775000	       578	800047fc	bfcd	c.j	800047ee	
        6805000	       581	800047ee	0080036f	jal	x6,800047f6	  x6=0x800047f2
        6825000	       583	800047f6	a011	c.j	800047fa	
        6845000	       585	800047fa	a029	c.j	80004804	
        6895000	       590	80004804	02263833	mulhu	x16,x12,x2	 x12:0x8001fe4c  x2:0xf5e39895 x16=0x7af3b66e
        6905000	       591	80004808	00c000ef	jal	x1,80004814	  x1=0x8000480c
        6925000	       593	80004814	2021	c.jal	8000481c	  x1=0x80004816
        6945000	       595	8000481c	3fed	c.jal	80004816	  x1=0x8000481e
        6965000	       597	80004816	2039	c.jal	80004824	  x1=0x80004818
        6985000	       599	80004824	a039	c.j	80004832	
        7005000	       601	80004832	37c5	c.jal	80004812	  x1=0x80004834
        7025000	       603	80004812	202d	c.jal	8000483c	  x1=0x80004814
        7045000	       605	8000483c	37d5	c.jal	80004820	  x1=0x8000483e
        7065000	       607	80004820	00c000ef	jal	x1,8000482c	  x1=0x80004824
        7085000	       609	8000482c	3fcd	c.jal	8000481e	  x1=0x8000482e
        7105000	       611	8000481e	2029	c.jal	80004828	  x1=0x80004820
        7125000	       613	80004828	008000ef	jal	x1,80004830	  x1=0x8000482c
        7145000	       615	80004830	2021	c.jal	80004838	  x1=0x80004832
        7165000	       617	80004838	fefff0ef	jal	x1,80004826	  x1=0x8000483c
        7185000	       619	80004826	2021	c.jal	8000482e	  x1=0x80004828
        7205000	       621	8000482e	2021	c.jal	80004836	  x1=0x80004830
        7225000	       623	80004836	3fe9	c.jal	80004810	  x1=0x80004838
        7245000	       625	80004810	a021	c.j	80004818	
        7265000	       627	80004818	ff5ff0ef	jal	x1,8000480c	  x1=0x8000481c
        7285000	       629	8000480c	028000ef	jal	x1,80004834	  x1=0x80004810
        7305000	       631	80004834	a029	c.j	8000483e	
        7335000	       634	8000483e	00a89f13	slli	x30,x17,0xa	 x17:0x00000000 x30=0x00000000
        7345000	       635	80004842	00a000ef	jal	x1,8000484c	  x1=0x80004846
        7365000	       637	8000484c	0080036f	jal	x6,80004854	  x6=0x80004850
        7385000	       639	80004854	bfcd	c.j	80004846	
        7405000	       641	80004846	a80d	c.j	80004878	
        7425000	       643	80004878	ff1ff0ef	jal	x1,80004868	  x1=0x8000487c
        7445000	       645	80004868	3fdd	c.jal	8000485e	  x1=0x8000486a
        7465000	       647	8000485e	a00d	c.j	80004880	
        7485000	       649	80004880	3fe9	c.jal	8000485a	  x1=0x80004882
        7515000	       652	8000485a	008000ef	jal	x1,80004862	  x1=0x8000485e
        7545000	       655	80004862	fffff6ef	jal	x13,80004860	 x13=0x80004866
        7565000	       657	80004860	bfdd	c.j	80004856	
        7595000	       660	80004856	018000ef	jal	x1,8000486e	  x1=0x8000485a
        7615000	       662	8000486e	2021	c.jal	80004876	  x1=0x80004870
        7635000	       664	80004876	bfd5	c.j	8000486a	
        7665000	       667	8000486a	014000ef	jal	x1,8000487e	  x1=0x8000486e
        7685000	       669	8000487e	3fc9	c.jal	80004850	  x1=0x80004880
        7705000	       671	80004850	032000ef	jal	x1,80004882	  x1=0x80004854
        7725000	       673	80004882	3fed	c.jal	8000487c	  x1=0x80004884
        7745000	       675	8000487c	b7f1	c.j	80004848	
        7765000	       677	80004848	03e002ef	jal	x5,80004886	  x5=0x8000484c
        7785000	       679	80004886	b7f5	c.j	80004872	
        7805000	       681	80004872	3ffd	c.jal	80004870	  x1=0x80004874
        7825000	       683	80004870	2011	c.jal	80004874	  x1=0x80004872
        7845000	       685	80004874	bfcd	c.j	80004866	
        7865000	       687	80004866	a839	c.j	80004884	
        7885000	       689	80004884	a011	c.j	80004888	
        8265000	       727	80004888	0290c833	div	x16,x1,x9	  x1:0x80004872  x9:0x019464d7 x16=0xffffffaf
        8275000	       728	8000488c	020000ef	jal	x1,800048ac	  x1=0x80004890
        8295000	       730	800048ac	ff3ff0ef	jal	x1,8000489e	  x1=0x800048b0
        8315000	       732	8000489e	a00d	c.j	800048c0	
        8335000	       734	800048c0	3fdd	c.jal	800048b6	  x1=0x800048c2
        8355000	       736	800048b6	37cd	c.jal	80004898	  x1=0x800048b8
        8375000	       738	80004898	a029	c.j	800048a2	
        8395000	       740	800048a2	a019	c.j	800048a8	
        8415000	       742	800048a8	a801	c.j	800048b8	
        8435000	       744	800048b8	fe9ff36f	jal	x6,800048a0	  x6=0x800048bc
        8455000	       746	800048a0	2831	c.jal	800048bc	  x1=0x800048a2
        8475000	       748	800048bc	fefffbef	jal	x23,800048aa	 x23=0x800048c0
        8495000	       750	800048aa	bfed	c.j	800048a4	
        8515000	       752	800048a4	00e000ef	jal	x1,800048b2	  x1=0x800048a8
        8545000	       755	800048b2	fffffe6f	jal	x28,800048b0	 x28=0x800048b6
        8565000	       757	800048b0	37ed	c.jal	8000489a	  x1=0x800048b2
        8595000	       760	8000489a	ffbff0ef	jal	x1,80004894	  x1=0x8000489e
        8615000	       762	80004894	fffff5ef	jal	x11,80004892	 x11=0x80004898
        8635000	       764	80004892	bffd	c.j	80004890	
        8655000	       766	80004890	280d	c.jal	800048c2	  x1=0x80004892
        8675000	       768	800048c2	8352	c.mv	x6,x20	  x0:0x00000000 x20:0xfffc0000  x6=0xfffc0000
        8685000	       769	800048c4	008000ef	jal	x1,800048cc	  x1=0x800048c8
        8705000	       771	800048cc	281d	c.jal	80004902	  x1=0x800048ce
        8725000	       773	80004902	a009	c.j	80004904	
        8745000	       775	80004904	ffdff0ef	jal	x1,80004900	  x1=0x80004908
        8765000	       777	80004900	37e9	c.jal	800048ca	  x1=0x80004902
        8785000	       779	800048ca	2015	c.jal	800048ee	  x1=0x800048cc
        8805000	       781	800048ee	b7fd	c.j	800048dc	
        8825000	       783	800048dc	020002ef	jal	x5,800048fc	  x5=0x800048e0
        8845000	       785	800048fc	0160036f	jal	x6,80004912	  x6=0x80004900
        8865000	       787	80004912	a009	c.j	80004914	
        8885000	       789	80004914	fc5ff0ef	jal	x1,800048d8	  x1=0x80004918
        8905000	       791	800048d8	2801	c.jal	800048e8	  x1=0x800048da
        8925000	       793	800048e8	37c5	c.jal	800048c8	  x1=0x800048ea
        8945000	       795	800048c8	2019	c.jal	800048ce	  x1=0x800048ca
        8965000	       797	800048ce	a01d	c.j	800048f4	
        8985000	       799	800048f4	014004ef	jal	x9,80004908	  x9=0x800048f8
        9005000	       801	80004908	fe5ff0ef	jal	x1,800048ec	  x1=0x8000490c
        9025000	       803	800048ec	bfe5	c.j	800048e4	
        9045000	       805	800048e4	ff1ff0ef	jal	x1,800048d4	  x1=0x800048e8
        9065000	       807	800048d4	ffdff36f	jal	x6,800048d0	  x6=0x800048d8
        9085000	       809	800048d0	020000ef	jal	x1,800048f0	  x1=0x800048d4
        9105000	       811	800048f0	0200036f	jal	x6,80004910	  x6=0x800048f4
        9125000	       813	80004910	b7e9	c.j	800048da	
        9145000	       815	800048da	2019	c.jal	800048e0	  x1=0x800048dc
        9165000	       817	800048e0	2035	c.jal	8000490c	  x1=0x800048e2
        9185000	       819	8000490c	3fd9	c.jal	800048e2	  x1=0x8000490e
        9205000	       821	800048e2	2819	c.jal	800048f8	  x1=0x800048e4
        9225000	       823	800048f8	ff3ff0ef	jal	x1,800048ea	  x1=0x800048fc
        9245000	       825	800048ea	a015	c.j	8000490e	
        9265000	       827	8000490e	2029	c.jal	80004918	  x1=0x80004910
        9285000	       829	80004918	8d51	c.or	x10,x12	 x10:0x000fe340 x12:0x8001fe4c x10=0x800fff4c
        9295000	       830	8000491a	016000ef	jal	x1,80004930	  x1=0x8000491e
        9315000	       832	80004930	3fd5	c.jal	80004924	  x1=0x80004932
        9335000	       834	80004924	a011	c.j	80004928	
        9355000	       836	80004928	a801	c.j	80004938	
        9375000	       838	80004938	ff3ff36f	jal	x6,8000492a	  x6=0x8000493c
        9405000	       841	8000492a	008008ef	jal	x17,80004932	 x17=0x8000492e
        9435000	       844	80004932	004000ef	jal	x1,80004936	  x1=0x80004936
        9455000	       846	80004936	37e5	c.jal	8000491e	  x1=0x80004938
        9475000	       848	8000491e	2801	c.jal	8000492e	  x1=0x80004920
        9495000	       850	8000492e	bfe5	c.j	80004926	
        9515000	       852	80004926	3fed	c.jal	80004920	  x1=0x80004928
        9535000	       854	80004920	01c000ef	jal	x1,8000493c	  x1=0x80004924
        9555000	       856	8000493c	2e984197	auipc	x3,0x2e984	  x3=0xae98893c
        9565000	       857	80004940	006000ef	jal	x1,80004946	  x1=0x80004944
        9585000	       859	80004946	2801	c.jal	80004956	  x1=0x80004948
        9605000	       861	80004956	bfd5	c.j	8000494a	
        9635000	       864	8000494a	012000ef	jal	x1,8000495c	  x1=0x8000494e
        9655000	       866	8000495c	bfd5	c.j	80004950	
        9675000	       868	80004950	ff9fff6f	jal	x30,80004948	 x30=0x80004954
        9695000	       870	80004948	a031	c.j	80004954	
        9715000	       872	80004954	a029	c.j	8000495e	
        9745000	       875	8000495e	ffbff0ef	jal	x1,80004958	  x1=0x80004962
        9765000	       877	80004958	ff7ff0ef	jal	x1,8000494e	  x1=0x8000495c
        9785000	       879	8000494e	3fdd	c.jal	80004944	  x1=0x80004950
        9805000	       881	80004944	2839	c.jal	80004962	  x1=0x80004946
        9835000	       884	80004962	0ff0000f	fence	iorw,iorw	
        9845000	       885	80004966	046000ef	jal	x1,800049ac	  x1=0x8000496a
        9865000	       887	800049ac	ff7ff0ef	jal	x1,800049a2	  x1=0x800049b0
        9885000	       889	800049a2	2009	c.jal	800049a4	  x1=0x800049a4
        9905000	       891	800049a4	bff1	c.j	80004980	
        9925000	       893	80004980	a031	c.j	8000498c	
        9945000	       895	8000498c	2831	c.jal	800049a8	  x1=0x8000498e
        9965000	       897	800049a8	fcbff0ef	jal	x1,80004972	  x1=0x800049ac
        9985000	       899	80004972	2031	c.jal	8000497e	  x1=0x80004974
       10005000	       901	8000497e	a809	c.j	80004990	
       10025000	       903	80004990	3fed	c.jal	8000498a	  x1=0x80004992
       10045000	       905	8000498a	b7cd	c.j	8000496c	
       10065000	       907	8000496c	280d	c.jal	8000499e	  x1=0x8000496e
       10085000	       909	8000499e	bfc1	c.j	8000496e	
       10115000	       912	8000496e	006000ef	jal	x1,80004974	  x1=0x80004972
       10135000	       914	80004974	a005	c.j	80004994	
       10155000	       916	80004994	37e5	c.jal	8000497c	  x1=0x80004996
       10175000	       918	8000497c	2029	c.jal	80004986	  x1=0x8000497e
       10205000	       921	80004986	ffdff0ef	jal	x1,80004982	  x1=0x8000498a
       10235000	       924	80004982	0240036f	jal	x6,800049a6	  x6=0x80004986
       10255000	       926	800049a6	3fdd	c.jal	8000499c	  x1=0x800049a8
       10275000	       928	8000499c	bffd	c.j	8000499a	
       10295000	       930	8000499a	3ff1	c.jal	80004976	  x1=0x8000499c
       10315000	       932	80004976	a02d	c.j	800049a0	
       10335000	       934	800049a0	3fdd	c.jal	80004996	  x1=0x800049a2
       10365000	       937	80004996	fe3ff0ef	jal	x1,80004978	  x1=0x8000499a
       10385000	       939	80004978	01a0036f	jal	x6,80004992	  x6=0x8000497c
       10405000	       941	80004992	bfe1	c.j	8000496a	
       10425000	       943	8000496a	a015	c.j	8000498e	
       10445000	       945	8000498e	a00d	c.j	800049b0	
       10465000	       947	800049b0	004e4433	xor	x8,x28,x4	 x28:0x800048b6  x4:0x0000000c  x8=0x800048ba
       10475000	       948	800049b4	012000ef	jal	x1,800049c6	  x1=0x800049b8
       10495000	       950	800049c6	a009	c.j	800049c8	
       10515000	       952	800049c8	2031	c.jal	800049d4	  x1=0x800049ca
       10535000	       954	800049d4	3fed	c.jal	800049ce	  x1=0x800049d6
       10555000	       956	800049ce	bfdd	c.j	800049c4	
       10575000	       958	800049c4	a831	c.j	800049e0	
       10595000	       960	800049e0	004000ef	jal	x1,800049e4	  x1=0x800049e4
       10615000	       962	800049e4	ff9ff0ef	jal	x1,800049dc	  x1=0x800049e8
       10635000	       964	800049dc	b7d5	c.j	800049c0	
       10655000	       966	800049c0	016000ef	jal	x1,800049d6	  x1=0x800049c4
       10685000	       969	800049d6	fe9ff2ef	jal	x5,800049be	  x5=0x800049da
       10705000	       971	800049be	a831	c.j	800049da	
       10725000	       973	800049da	3fdd	c.jal	800049d0	  x1=0x800049dc
       10745000	       975	800049d0	bfed	c.j	800049ca	
       10775000	       978	800049ca	014000ef	jal	x1,800049de	  x1=0x800049ce
       10795000	       980	800049de	3fe9	c.jal	800049b8	  x1=0x800049e0
       10815000	       982	800049b8	004002ef	jal	x5,800049bc	  x5=0x800049bc
       10835000	       984	800049bc	a819	c.j	800049d2	
       10855000	       986	800049d2	2819	c.jal	800049e8	  x1=0x800049d4
       11235000	      1024	800049e8	02c67bb3	remu	x23,x12,x12	 x12:0x8001fe4c x12:0x8001fe4c x23=0x00000000
       11245000	      1025	800049ec	050000ef	jal	x1,80004a3c	  x1=0x800049f0
       11265000	      1027	80004a3c	37ed	c.jal	80004a26	  x1=0x80004a3e
       11295000	      1030	80004a26	ff7ff0ef	jal	x1,80004a1c	  x1=0x80004a2a
       11315000	      1032	80004a1c	37c5	c.jal	800049fc	  x1=0x80004a1e
       11335000	      1034	800049fc	fffff86f	jal	x16,800049fa	 x16=0x80004a00
       11355000	      1036	800049fa	2839	c.jal	80004a18	  x1=0x800049fc
       11375000	      1038	80004a18	3fd5	c.jal	80004a0c	  x1=0x80004a1a
       11395000	      1040	80004a0c	3ff5	c.jal	80004a08	  x1=0x80004a0e
       11415000	      1042	80004a08	37f5	c.jal	800049f4	  x1=0x80004a0a
       11435000	      1044	800049f4	00c001ef	jal	x3,80004a00	  x3=0x800049f8
       11455000	      1046	80004a00	032000ef	jal	x1,80004a32	  x1=0x80004a04
       11485000	      1049	80004a32	004000ef	jal	x1,80004a36	  x1=0x80004a36
       11505000	      1051	80004a36	bff9	c.j	80004a14	
       11525000	      1053	80004a14	ffbff0ef	jal	x1,80004a0e	  x1=0x80004a18
       11545000	      1055	80004a0e	a819	c.j	80004a24	
       11565000	      1057	80004a24	bfd1	c.j	800049f8	
       11585000	      1059	800049f8	2025	c.jal	80004a20	  x1=0x800049fa
       11605000	      1061	80004a20	2009	c.jal	80004a22	  x1=0x80004a22
       11625000	      1063	80004a22	a819	c.j	80004a38	
       11645000	      1065	80004a38	ff7ff0ef	jal	x1,80004a2e	  x1=0x80004a3c
       11665000	      1067	80004a2e	2009	c.jal	80004a30	  x1=0x80004a30
       11685000	      1069	80004a30	bfd1	c.j	80004a04	
       11705000	      1071	80004a04	00c0026f	jal	x4,80004a10	  x4=0x80004a08
       11725000	      1073	80004a10	fe1ff0ef	jal	x1,800049f0	  x1=0x80004a14
       11745000	      1075	800049f0	01a0056f	jal	x10,80004a0a	 x10=0x800049f4
       11765000	      1077	80004a0a	2801	c.jal	80004a1a	  x1=0x80004a0c
       11785000	      1079	80004a1a	2801	c.jal	80004a2a	  x1=0x80004a1c
       11815000	      1082	80004a2a	ff5ffcef	jal	x25,80004a1e	 x25=0x80004a2e
       11835000	      1084	80004a1e	a005	c.j	80004a3e	
       11865000	      1087	80004a3e	57eb4d37	lui	x26,0x57eb4	 x26=0x57eb4000
       11875000	      1088	80004a42	018000ef	jal	x1,80004a5a	  x1=0x80004a46
       11905000	      1091	80004a5a	ffdff36f	jal	x6,80004a56	  x6=0x80004a5e
       11935000	      1094	80004a56	008002ef	jal	x5,80004a5e	  x5=0x80004a5a
       11955000	      1096	80004a5e	3fc5	c.jal	80004a4e	  x1=0x80004a60
       11975000	      1098	80004a4e	2819	c.jal	80004a64	  x1=0x80004a50
       11995000	      1100	80004a64	0040036f	jal	x6,80004a68	  x6=0x80004a68
       12015000	      1102	80004a68	a029	c.j	80004a72	
       12045000	      1105	80004a72	fdfff0ef	jal	x1,80004a50	  x1=0x80004a76
       12065000	      1107	80004a50	a839	c.j	80004a6e	
       12095000	      1110	80004a6e	fe5ff0ef	jal	x1,80004a52	  x1=0x80004a72
       12125000	      1113	80004a52	ff9ff36f	jal	x6,80004a4a	  x6=0x80004a56
       12145000	      1115	80004a4a	2819	c.jal	80004a60	  x1=0x80004a4c
       12165000	      1117	80004a60	b7e5	c.j	80004a48	
       12185000	      1119	80004a48	2829	c.jal	80004a62	  x1=0x80004a4a
       12205000	      1121	80004a62	a021	c.j	80004a6a	
       12225000	      1123	80004a6a	2009	c.jal	80004a6c	  x1=0x80004a6c
       12245000	      1125	80004a6c	bfe9	c.j	80004a46	
       12265000	      1127	80004a46	a019	c.j	80004a4c	
       12285000	      1129	80004a4c	a02d	c.j	80004a76	
       12345000	      1135	80004a76	032d34b3	mulhu	x9,x26,x18	 x26:0x57eb4000 x18:0x00000000  x9=0x00000000
       12355000	      1136	80004a7a	004000ef	jal	x1,80004a7e	  x1=0x80004a7e
       12385000	      1139	80004a7e	020000ef	jal	x1,80004a9e	  x1=0x80004a82
       12405000	      1141	80004a9e	b7f5	c.j	80004a8a	
       12435000	      1144	80004a8a	00c00f6f	jal	x30,80004a96	 x30=0x80004a8e
       12455000	      1146	80004a96	bfed	c.j	80004a90	
       12475000	      1148	80004a90	ff9ff0ef	jal	x1,80004a88	  x1=0x80004a94
       12495000	      1150	80004a88	a809	c.j	80004a9a	
       12525000	      1153	80004a9a	fffff0ef	jal	x1,80004a98	  x1=0x80004a9e
       12545000	      1155	80004a98	a021	c.j	80004aa0	
       12565000	      1157	80004aa0	ff5fff6f	jal	x30,80004a94	 x30=0x80004aa4
       12585000	      1159	80004a94	3fc5	c.jal	80004a84	  x1=0x80004a96
       12605000	      1161	80004a84	fffff2ef	jal	x5,80004a82	  x5=0x80004a88
       12625000	      1163	80004a82	a031	c.j	80004a8e	
       12645000	      1165	80004a8e	2819	c.jal	80004aa4	  x1=0x80004a90
       12665000	      1167	80004aa4	41510ab3	sub	x21,x2,x21	  x2:0xf5e39895 x21:0x8001fe28 x21=0x75e19a6d
       12675000	      1168	80004aa8	004000ef	jal	x1,80004aac	  x1=0x80004aac
       12695000	      1170	80004aac	01a0036f	jal	x6,80004ac6	  x6=0x80004ab0
       12725000	      1173	80004ac6	fefff0ef	jal	x1,80004ab4	  x1=0x80004aca
       12745000	      1175	80004ab4	a009	c.j	80004ab6	
       12765000	      1177	80004ab6	a839	c.j	80004ad4	
       12785000	      1179	80004ad4	bffd	c.j	80004ad2	
       12805000	      1181	80004ad2	37ed	c.jal	80004abc	  x1=0x80004ad4
       12825000	      1183	80004abc	a839	c.j	80004ada	
       12845000	      1185	80004ada	3ffd	c.jal	80004ad8	  x1=0x80004adc
       12865000	      1187	80004ad8	37c5	c.jal	80004ab8	  x1=0x80004ada
       12885000	      1189	80004ab8	01e00bef	jal	x23,80004ad6	 x23=0x80004abc
       12905000	      1191	80004ad6	3fdd	c.jal	80004acc	  x1=0x80004ad8
       12925000	      1193	80004acc	ff3ff0ef	jal	x1,80004abe	  x1=0x80004ad0
       12955000	      1196	80004abe	ff3ff0ef	jal	x1,80004ab0	  x1=0x80004ac2
       12975000	      1198	80004ab0	a005	c.j	80004ad0	
       12995000	      1200	80004ad0	bfcd	c.j	80004ac2	
       13025000	      1203	80004ac2	0080036f	jal	x6,80004aca	  x6=0x80004ac6
       13045000	      1205	80004aca	37e5	c.jal	80004ab2	  x1=0x80004acc
       13065000	      1207	80004ab2	a02d	c.j	80004adc	
       13085000	      1209	80004adc	010158b3	srl	x17,x2,x16	  x2:0xf5e39895 x16:0x80004a00 x17=0xf5e39895
       13095000	      1210	80004ae0	008000ef	jal	x1,80004ae8	  x1=0x80004ae4
       13115000	      1212	80004ae8	00e000ef	jal	x1,80004af6	  x1=0x80004aec
       13135000	      1214	80004af6	2009	c.jal	80004af8	  x1=0x80004af8
       13155000	      1216	80004af8	a039	c.j	80004b06	
       13175000	      1218	80004b06	3fd5	c.jal	80004afa	  x1=0x80004b08
       13195000	      1220	80004afa	a019	c.j	80004b00	
       13215000	      1222	80004b00	a811	c.j	80004b14	
       13235000	      1224	80004b14	ffbff0ef	jal	x1,80004b0e	  x1=0x80004b18
       13265000	      1227	80004b0e	fd7ff36f	jal	x6,80004ae4	  x6=0x80004b12
       13285000	      1229	80004ae4	0240036f	jal	x6,80004b08	  x6=0x80004ae8
       13305000	      1231	80004b08	012000ef	jal	x1,80004b1a	  x1=0x80004b0c
       13335000	      1234	80004b1a	fd7ff0ef	jal	x1,80004af0	  x1=0x80004b1e
       13355000	      1236	80004af0	02200e6f	jal	x28,80004b12	 x28=0x80004af4
       13375000	      1238	80004b12	a019	c.j	80004b18	
       13395000	      1240	80004b18	2019	c.jal	80004b1e	  x1=0x80004b1a
       13425000	      1243	80004b1e	fdfff0ef	jal	x1,80004afc	  x1=0x80004b22
       13445000	      1245	80004afc	ff1ff0ef	jal	x1,80004aec	  x1=0x80004b00
       13465000	      1247	80004aec	0180036f	jal	x6,80004b04	  x6=0x80004af0
       13485000	      1249	80004b04	bffd	c.j	80004b02	
       13505000	      1251	80004b02	2029	c.jal	80004b0c	  x1=0x80004b04
       13525000	      1253	80004b0c	37e5	c.jal	80004af4	  x1=0x80004b0e
       13545000	      1255	80004af4	203d	c.jal	80004b22	  x1=0x80004af6
       13575000	      1258	80004b22	ba09e513	ori	x10,x19,-1120	 x19:0x800047ec x10=0xffffffec
       13585000	      1259	80004b26	01c000ef	jal	x1,80004b42	  x1=0x80004b2a
       13615000	      1262	80004b42	ff7ff0ef	jal	x1,80004b38	  x1=0x80004b46
       13635000	      1264	80004b38	200d	c.jal	80004b5a	  x1=0x80004b3a
       13655000	      1266	80004b5a	3fe5	c.jal	80004b52	  x1=0x80004b5c
       13675000	      1268	80004b52	3ff5	c.jal	80004b4e	  x1=0x80004b54
       13705000	      1271	80004b4e	fedff36f	jal	x6,80004b3a	  x6=0x80004b52
       13735000	      1274	80004b3a	ff1ff36f	jal	x6,80004b2a	  x6=0x80004b3e
       13755000	      1276	80004b2a	2019	c.jal	80004b30	  x1=0x80004b2c
       13775000	      1278	80004b30	2819	c.jal	80004b46	  x1=0x80004b32
       13795000	      1280	80004b46	2009	c.jal	80004b48	  x1=0x80004b48
       13815000	      1282	80004b48	bfdd	c.j	80004b3e	
       13835000	      1284	80004b3e	a009	c.j	80004b40	
       13855000	      1286	80004b40	a031	c.j	80004b4c	
       13875000	      1288	80004b4c	a021	c.j	80004b54	
       13895000	      1290	80004b54	fd9ff0ef	jal	x1,80004b2c	  x1=0x80004b58
       13915000	      1292	80004b2c	0080036f	jal	x6,80004b34	  x6=0x80004b30
       13935000	      1294	80004b34	3ffd	c.jal	80004b32	  x1=0x80004b36
       13955000	      1296	80004b32	201d	c.jal	80004b58	  x1=0x80004b34
       13975000	      1298	80004b58	a011	c.j	80004b5c	
       13995000	      1300	80004b5c	3fe9	c.jal	80004b36	  x1=0x80004b5e
       14015000	      1302	80004b36	2811	c.jal	80004b4a	  x1=0x80004b38
       14035000	      1304	80004b4a	2811	c.jal	80004b5e	  x1=0x80004b4c
       14065000	      1307	80004b5e	ae5f6393	ori	x7,x30,-1307	 x30:0x80004aa4  x7=0xfffffae5
       14075000	      1308	80004b62	008000ef	jal	x1,80004b6a	  x1=0x80004b66
       14095000	      1310	80004b6a	2811	c.jal	80004b7e	  x1=0x80004b6c
       14125000	      1313	80004b7e	febff36f	jal	x6,80004b68	  x6=0x80004b82
       14145000	      1315	80004b68	203d	c.jal	80004b96	  x1=0x80004b6a
       14165000	      1317	80004b96	37dd	c.jal	80004b7c	  x1=0x80004b98
       14185000	      1319	80004b7c	3fed	c.jal	80004b76	  x1=0x80004b7e
       14205000	      1321	80004b76	a011	c.j	80004b7a	
       14225000	      1323	80004b7a	2031	c.jal	80004b86	  x1=0x80004b7c
       14245000	      1325	80004b86	2021	c.jal	80004b8e	  x1=0x80004b88
       14265000	      1327	80004b8e	bfd5	c.j	80004b82	
       14295000	      1330	80004b82	fe5ff0ef	jal	x1,80004b66	  x1=0x80004b86
       14315000	      1332	80004b66	a02d	c.j	80004b90	
       14335000	      1334	80004b90	fddffcef	jal	x25,80004b6c	 x25=0x80004b94
       14355000	      1336	80004b6c	028000ef	jal	x1,80004b94	  x1=0x80004b70
       14375000	      1338	80004b94	bff1	c.j	80004b70	
       14395000	      1340	80004b70	0180036f	jal	x6,80004b88	  x6=0x80004b74
       14415000	      1342	80004b88	bfc5	c.j	80004b78	
       14435000	      1344	80004b78	a015	c.j	80004b9c	
       14455000	      1346	80004b9c	ffdff46f	jal	x8,80004b98	  x8=0x80004ba0
       14475000	      1348	80004b98	2009	c.jal	80004b9a	  x1=0x80004b9a
       14495000	      1350	80004b9a	2019	c.jal	80004ba0	  x1=0x80004b9c
       14515000	      1352	80004ba0	b7ed	c.j	80004b8a	
       14545000	      1355	80004b8a	febff36f	jal	x6,80004b74	  x6=0x80004b8e
       14565000	      1357	80004b74	a03d	c.j	80004ba2	
       14585000	      1359	80004ba2	0fd6	c.slli	x31,0x15	 x31:0x8001fd84 x31=0xb0800000
       14595000	      1360	80004ba4	028000ef	jal	x1,80004bcc	  x1=0x80004ba8
       14615000	      1362	80004bcc	2039	c.jal	80004bda	  x1=0x80004bce
       14635000	      1364	80004bda	37c5	c.jal	80004bba	  x1=0x80004bdc
       14655000	      1366	80004bba	3fed	c.jal	80004bb4	  x1=0x80004bbc
       14675000	      1368	80004bb4	00e000ef	jal	x1,80004bc2	  x1=0x80004bb8
       14695000	      1370	80004bc2	a00d	c.j	80004be4	
       14715000	      1372	80004be4	fcdff46f	jal	x8,80004bb0	  x8=0x80004be8
       14735000	      1374	80004bb0	201d	c.jal	80004bd6	  x1=0x80004bb2
       14755000	      1376	80004bd6	2009	c.jal	80004bd8	  x1=0x80004bd8
       14775000	      1378	80004bd8	a811	c.j	80004bec	
       14795000	      1380	80004bec	b7cd	c.j	80004bce	
       14815000	      1382	80004bce	37fd	c.jal	80004bbc	  x1=0x80004bd0
       14835000	      1384	80004bbc	fedff0ef	jal	x1,80004ba8	  x1=0x80004bc0
       14855000	      1386	80004ba8	020000ef	jal	x1,80004bc8	  x1=0x80004bac
       14875000	      1388	80004bc8	2811	c.jal	80004bdc	  x1=0x80004bca
       14895000	      1390	80004bdc	ff5ff36f	jal	x6,80004bd0	  x6=0x80004be0
       14915000	      1392	80004bd0	0100036f	jal	x6,80004be0	  x6=0x80004bd4
       14935000	      1394	80004be0	2039	c.jal	80004bee	  x1=0x80004be2
       14955000	      1396	80004bee	3ff1	c.jal	80004bca	  x1=0x80004bf0
       14975000	      1398	80004bca	b7e5	c.j	80004bb2	
       14995000	      1400	80004bb2	a825	c.j	80004bea	
       15015000	      1402	80004bea	b7f9	c.j	80004bb8	
       15035000	      1404	80004bb8	a831	c.j	80004bd4	
       15055000	      1406	80004bd4	a811	c.j	80004be8	
       15075000	      1408	80004be8	3ff1	c.jal	80004bc4	  x1=0x80004bea
       15095000	      1410	80004bc4	ffdff0ef	jal	x1,80004bc0	  x1=0x80004bc8
       15115000	      1412	80004bc0	a00d	c.j	80004be2	
       15135000	      1414	80004be2	37e9	c.jal	80004bac	  x1=0x80004be4
       15155000	      1416	80004bac	04400e6f	jal	x28,80004bf0	 x28=0x80004bb0
       15175000	      1418	80004bf0	83fe	c.mv	x7,x31	  x0:0x00000000 x31:0xb0800000  x7=0xb0800000
       15185000	      1419	80004bf2	03e000ef	jal	x1,80004c30	  x1=0x80004bf6
       15205000	      1421	80004c30	febff0ef	jal	x1,80004c1a	  x1=0x80004c34
       15225000	      1423	80004c1a	3ff1	c.jal	80004bf6	  x1=0x80004c1c
       15245000	      1425	80004bf6	2009	c.jal	80004bf8	  x1=0x80004bf8
       15265000	      1427	80004bf8	2819	c.jal	80004c0e	  x1=0x80004bfa
       15285000	      1429	80004c0e	2831	c.jal	80004c2a	  x1=0x80004c10
       15305000	      1431	80004c2a	2009	c.jal	80004c2c	  x1=0x80004c2c
       15325000	      1433	80004c2c	febff0ef	jal	x1,80004c16	  x1=0x80004c30
       15345000	      1435	80004c16	3fed	c.jal	80004c10	  x1=0x80004c18
       15365000	      1437	80004c10	2801	c.jal	80004c20	  x1=0x80004c12
       15385000	      1439	80004c20	b7c5	c.j	80004c00	
       15405000	      1441	80004c00	0260036f	jal	x6,80004c26	  x6=0x80004c04
       15435000	      1444	80004c26	fe3ff0ef	jal	x1,80004c08	  x1=0x80004c2a
       15455000	      1446	80004c08	3ff5	c.jal	80004c04	  x1=0x80004c0a
       15475000	      1448	80004c04	03a002ef	jal	x5,80004c3e	  x5=0x80004c08
       15495000	      1450	80004c3e	3f75	c.jal	80004bfa	  x1=0x80004c40
       15515000	      1452	80004bfa	2009	c.jal	80004bfc	  x1=0x80004bfc
       15535000	      1454	80004bfc	016000ef	jal	x1,80004c12	  x1=0x80004c00
       15555000	      1456	80004c12	a801	c.j	80004c22	
       15575000	      1458	80004c22	bfdd	c.j	80004c18	
       15595000	      1460	80004c18	2031	c.jal	80004c24	  x1=0x80004c1a
       15615000	      1462	80004c24	2801	c.jal	80004c34	  x1=0x80004c26
       15635000	      1464	80004c34	fd9ff0ef	jal	x1,80004c0c	  x1=0x80004c38
       15655000	      1466	80004c0c	3ffd	c.jal	80004c0a	  x1=0x80004c0e
       15675000	      1468	80004c0a	2029	c.jal	80004c14	  x1=0x80004c0c
       15695000	      1470	80004c14	2029	c.jal	80004c1e	  x1=0x80004c16
       15715000	      1472	80004c1e	3ffd	c.jal	80004c1c	  x1=0x80004c20
       15735000	      1474	80004c1c	2005	c.jal	80004c3c	  x1=0x80004c1e
       15755000	      1476	80004c3c	bff5	c.j	80004c38	
       15775000	      1478	80004c38	008000ef	jal	x1,80004c40	  x1=0x80004c3c
       15795000	      1480	80004c40	1f7d	c.addi	x30,-1	 x30:0x80004aa4 x30=0x80004aa3
       15805000	      1481	80004c42	012000ef	jal	x1,80004c54	  x1=0x80004c46
       15825000	      1483	80004c54	ff5ff2ef	jal	x5,80004c48	  x5=0x80004c58
       15845000	      1485	80004c48	a005	c.j	80004c68	
       15865000	      1487	80004c68	3fed	c.jal	80004c62	  x1=0x80004c6a
       15895000	      1490	80004c62	ff1ff0ef	jal	x1,80004c52	  x1=0x80004c66
       15915000	      1492	80004c52	3ff5	c.jal	80004c4e	  x1=0x80004c54
       15935000	      1494	80004c4e	a801	c.j	80004c5e	
       15965000	      1497	80004c5e	fe9ff0ef	jal	x1,80004c46	  x1=0x80004c62
       15985000	      1499	80004c46	2011	c.jal	80004c4a	  x1=0x80004c48
       16015000	      1502	80004c4a	01c000ef	jal	x1,80004c66	  x1=0x80004c4e
       16035000	      1504	80004c66	b7ed	c.j	80004c50	
       16055000	      1506	80004c50	a021	c.j	80004c58	
       16075000	      1508	80004c58	004008ef	jal	x17,80004c5c	 x17=0x80004c5c
       16095000	      1510	80004c5c	a039	c.j	80004c6a	
       16115000	      1512	80004c6a	0bde	c.slli	x23,0x17	 x23:0x80004abc x23=0x5e000000
       16125000	      1513	80004c6c	010000ef	jal	x1,80004c7c	  x1=0x80004c70
       16145000	      1515	80004c7c	2009	c.jal	80004c7e	  x1=0x80004c7e
       16165000	      1517	80004c7e	a029	c.j	80004c88	
       16185000	      1519	80004c88	ffbff36f	jal	x6,80004c82	  x6=0x80004c8c
       16205000	      1521	80004c82	3ffd	c.jal	80004c80	  x1=0x80004c84
       16225000	      1523	80004c80	a019	c.j	80004c86	
       16245000	      1525	80004c86	bffd	c.j	80004c84	
       16265000	      1527	80004c84	bfc5	c.j	80004c74	
       16285000	      1529	80004c74	2019	c.jal	80004c7a	  x1=0x80004c76
       16305000	      1531	80004c7a	bfdd	c.j	80004c70	
       16325000	      1533	80004c70	022000ef	jal	x1,80004c92	  x1=0x80004c74
       16355000	      1536	80004c92	fe5ff36f	jal	x6,80004c76	  x6=0x80004c96
       16385000	      1539	80004c76	016000ef	jal	x1,80004c8c	  x1=0x80004c7a
       16405000	      1541	80004c8c	a009	c.j	80004c8e	
       16435000	      1544	80004c8e	00800c6f	jal	x24,80004c96	 x24=0x80004c92
       16455000	      1546	80004c96	8d01	c.sub	x10,x8	 x10:0xffffffec  x8:0x80004be8 x10=0x7fffb404
       16465000	      1547	80004c98	03c000ef	jal	x1,80004cd4	  x1=0x80004c9c
       16485000	      1549	80004cd4	37d5	c.jal	80004cb8	  x1=0x80004cd6
       16505000	      1551	80004cb8	fe7ff1ef	jal	x3,80004c9e	  x3=0x80004cbc
       16535000	      1554	80004c9e	022000ef	jal	x1,80004cc0	  x1=0x80004ca2
       16555000	      1556	80004cc0	01e00c6f	jal	x24,80004cde	 x24=0x80004cc4
       16585000	      1559	80004cde	fd7ff0ef	jal	x1,80004cb4	  x1=0x80004ce2
       16605000	      1561	80004cb4	ff7ff36f	jal	x6,80004caa	  x6=0x80004cb8
       16625000	      1563	80004caa	a83d	c.j	80004ce8	
       16645000	      1565	80004ce8	febff0ef	jal	x1,80004cd2	  x1=0x80004cec
       16665000	      1567	80004cd2	b7e9	c.j	80004c9c	
       16685000	      1569	80004c9c	a80d	c.j	80004cce	
       16715000	      1572	80004cce	ff9ff0ef	jal	x1,80004cc6	  x1=0x80004cd2
       16735000	      1574	80004cc6	201d	c.jal	80004cec	  x1=0x80004cc8
       16755000	      1576	80004cec	b7f5	c.j	80004cd8	
       16775000	      1578	80004cd8	fcbff7ef	jal	x15,80004ca2	 x15=0x80004cdc
       16795000	      1580	80004ca2	a00d	c.j	80004cc4	
       16815000	      1582	80004cc4	2839	c.jal	80004ce2	  x1=0x80004cc6
       16845000	      1585	80004ce2	fe9ff0ef	jal	x1,80004cca	  x1=0x80004ce6
       16875000	      1588	80004cca	0240036f	jal	x6,80004cee	  x6=0x80004cce
       16895000	      1590	80004cee	37f9	c.jal	80004cbc	  x1=0x80004cf0
       16915000	      1592	80004cbc	ff3ff0ef	jal	x1,80004cae	  x1=0x80004cc0
       16945000	      1595	80004cae	ffbff0ef	jal	x1,80004ca8	  x1=0x80004cb2
       16965000	      1597	80004ca8	a005	c.j	80004cc8	
       16985000	      1599	80004cc8	3ff9	c.jal	80004ca6	  x1=0x80004cca
       17005000	      1601	80004ca6	a031	c.j	80004cb2	
       17025000	      1603	80004cb2	3fcd	c.jal	80004ca4	  x1=0x80004cb4
       17045000	      1605	80004ca4	a80d	c.j	80004cd6	
       17065000	      1607	80004cd6	bfd9	c.j	80004cac	
       17085000	      1609	80004cac	a82d	c.j	80004ce6	
       17105000	      1611	80004ce6	bfdd	c.j	80004cdc	
       17125000	      1613	80004cdc	2811	c.jal	80004cf0	  x1=0x80004cde
       17145000	      1615	80004cf0	898e	c.mv	x19,x3	  x0:0x00000000  x3:0x80004cbc x19=0x80004cbc
       17155000	      1616	80004cf2	026000ef	jal	x1,80004d18	  x1=0x80004cf6
       17175000	      1618	80004d18	fe7ff0ef	jal	x1,80004cfe	  x1=0x80004d1c
       17195000	      1620	80004cfe	2009	c.jal	80004d00	  x1=0x80004d00
       17215000	      1622	80004d00	a011	c.j	80004d04	
       17235000	      1624	80004d04	3ffd	c.jal	80004d02	  x1=0x80004d06
       17255000	      1626	80004d02	2811	c.jal	80004d16	  x1=0x80004d04
       17275000	      1628	80004d16	3fcd	c.jal	80004d08	  x1=0x80004d18
       17295000	      1630	80004d08	bfcd	c.j	80004cfa	
       17325000	      1633	80004cfa	ffdff56f	jal	x10,80004cf6	 x10=0x80004cfe
       17355000	      1636	80004cf6	014000ef	jal	x1,80004d0a	  x1=0x80004cfa
       17375000	      1638	80004d0a	a021	c.j	80004d12	
       17405000	      1641	80004d12	ffdfff6f	jal	x30,80004d0e	 x30=0x80004d16
       17425000	      1643	80004d0e	3ffd	c.jal	80004d0c	  x1=0x80004d10
       17445000	      1645	80004d0c	bfed	c.j	80004d06	
       17465000	      1647	80004d06	a029	c.j	80004d10	
       17485000	      1649	80004d10	2031	c.jal	80004d1c	  x1=0x80004d12
       17505000	      1651	80004d1c	0001	c.addi	x0,0	  x0:0x00000000  x0=0x00000000
       17515000	      1652	80004d1e	01a000ef	jal	x1,80004d38	  x1=0x80004d22
       17535000	      1654	80004d38	2005	c.jal	80004d58	  x1=0x80004d3a
       17555000	      1656	80004d58	b7d5	c.j	80004d3c	
       17575000	      1658	80004d3c	ff7ff2ef	jal	x5,80004d32	  x5=0x80004d40
       17595000	      1660	80004d32	3fd5	c.jal	80004d26	  x1=0x80004d34
       17615000	      1662	80004d26	3ff5	c.jal	80004d22	  x1=0x80004d28
       17645000	      1665	80004d22	026004ef	jal	x9,80004d48	  x9=0x80004d26
       17665000	      1667	80004d48	004000ef	jal	x1,80004d4c	  x1=0x80004d4c
       17685000	      1669	80004d4c	ff7ff0ef	jal	x1,80004d42	  x1=0x80004d50
       17705000	      1671	80004d42	2009	c.jal	80004d44	  x1=0x80004d44
       17725000	      1673	80004d44	a801	c.j	80004d54	
       17745000	      1675	80004d54	3fe1	c.jal	80004d2c	  x1=0x80004d56
       17765000	      1677	80004d2c	2011	c.jal	80004d30	  x1=0x80004d2e
       17785000	      1679	80004d30	201d	c.jal	80004d56	  x1=0x80004d32
       17805000	      1681	80004d56	a021	c.j	80004d5e	
       17835000	      1684	80004d5e	ff3ff0ef	jal	x1,80004d50	  x1=0x80004d62
       17855000	      1686	80004d50	00c0036f	jal	x6,80004d5c	  x6=0x80004d54
       17875000	      1688	80004d5c	a019	c.j	80004d62	
       17905000	      1691	80004d62	fd9ff0ef	jal	x1,80004d3a	  x1=0x80004d66
       17925000	      1693	80004d3a	2035	c.jal	80004d66	  x1=0x80004d3c
       17955000	      1696	80004d66	fdbff36f	jal	x6,80004d40	  x6=0x80004d6a
       17975000	      1698	80004d40	a019	c.j	80004d46	
       17995000	      1700	80004d46	a811	c.j	80004d5a	
       18015000	      1702	80004d5a	bfd1	c.j	80004d2e	
       18035000	      1704	80004d2e	a019	c.j	80004d34	
       18055000	      1706	80004d34	3fd5	c.jal	80004d28	  x1=0x80004d36
       18075000	      1708	80004d28	00e001ef	jal	x3,80004d36	  x3=0x80004d2c
       18095000	      1710	80004d36	2815	c.jal	80004d6a	  x1=0x80004d38
       18115000	      1712	80004d6a	0185	c.addi	x3,1	  x3:0x80004d2c  x3=0x80004d2d
       18125000	      1713	80004d6c	010000ef	jal	x1,80004d7c	  x1=0x80004d70
       18145000	      1715	80004d7c	a019	c.j	80004d82	
       18165000	      1717	80004d82	a039	c.j	80004d90	
       18185000	      1719	80004d90	37dd	c.jal	80004d76	  x1=0x80004d92
       18205000	      1721	80004d76	a005	c.j	80004d96	
       18235000	      1724	80004d96	0040036f	jal	x6,80004d9a	  x6=0x80004d9a
       18265000	      1727	80004d9a	ff5ff0ef	jal	x1,80004d8e	  x1=0x80004d9e
       18285000	      1729	80004d8e	a011	c.j	80004d92	
       18315000	      1732	80004d92	01e00c6f	jal	x24,80004db0	 x24=0x80004d96
       18335000	      1734	80004db0	3fcd	c.jal	80004da2	  x1=0x80004db2
       18365000	      1737	80004da2	fdfff36f	jal	x6,80004d80	  x6=0x80004da6
       18385000	      1739	80004d80	a035	c.j	80004dac	
       18405000	      1741	80004dac	3fcd	c.jal	80004d9e	  x1=0x80004dae
       18435000	      1744	80004d9e	fdbff36f	jal	x6,80004d78	  x6=0x80004da2
       18455000	      1746	80004d78	203d	c.jal	80004da6	  x1=0x80004d7a
       18475000	      1748	80004da6	bfe1	c.j	80004d7e	
       18495000	      1750	80004d7e	2039	c.jal	80004d8c	  x1=0x80004d80
       18515000	      1752	80004d8c	200d	c.jal	80004dae	  x1=0x80004d8e
       18535000	      1754	80004dae	bfd9	c.j	80004d84	
       18555000	      1756	80004d84	0240026f	jal	x4,80004da8	  x4=0x80004d88
       18575000	      1758	80004da8	fcbff0ef	jal	x1,80004d72	  x1=0x80004dac
       18605000	      1761	80004d72	fffff0ef	jal	x1,80004d70	  x1=0x80004d76
       18625000	      1763	80004d70	a089	c.j	80004db2	
       18645000	      1765	80004db2	b7e1	c.j	80004d7a	
       18665000	      1767	80004d7a	a039	c.j	80004d88	
       18685000	      1769	80004d88	02c0046f	jal	x8,80004db4	  x8=0x80004d8c
       19065000	      1807	80004db4	0234f6b3	remu	x13,x9,x3	  x9:0x80004d26  x3:0x80004d2d x13=0x80004d26
       19075000	      1808	80004db8	022000ef	jal	x1,80004dda	  x1=0x80004dbc
       19095000	      1810	80004dda	bffd	c.j	80004dd8	
       19115000	      1812	80004dd8	3fcd	c.jal	80004dca	  x1=0x80004dda
       19145000	      1815	80004dca	00a00fef	jal	x31,80004dd4	 x31=0x80004dce
       19165000	      1817	80004dd4	2009	c.jal	80004dd6	  x1=0x80004dd6
       19185000	      1819	80004dd6	b7dd	c.j	80004dbc	
       19205000	      1821	80004dbc	a819	c.j	80004dd2	
       19225000	      1823	80004dd2	2811	c.jal	80004de6	  x1=0x80004dd4
       19245000	      1825	80004de6	bff9	c.j	80004dc4	
       19265000	      1827	80004dc4	01e0046f	jal	x8,80004de2	  x8=0x80004dc8
       19295000	      1830	80004de2	fedff0ef	jal	x1,80004dce	  x1=0x80004de6
       19325000	      1833	80004dce	00e000ef	jal	x1,80004ddc	  x1=0x80004dd2
       19345000	      1835	80004ddc	fe5ff96f	jal	x18,80004dc0	 x18=0x80004de0
       19365000	      1837	80004dc0	028004ef	jal	x9,80004de8	  x9=0x80004dc4
       19385000	      1839	80004de8	ff9ff36f	jal	x6,80004de0	  x6=0x80004dec
       19405000	      1841	80004de0	3ff9	c.jal	80004dbe	  x1=0x80004de2
       19425000	      1843	80004dbe	2029	c.jal	80004dc8	  x1=0x80004dc0
       19445000	      1845	80004dc8	2015	c.jal	80004dec	  x1=0x80004dca
       19465000	      1847	80004dec	13204d93	xori	x27,x0,306	  x0:0x00000000 x27=0x00000132
       19475000	      1848	80004df0	026000ef	jal	x1,80004e16	  x1=0x80004df4
       19495000	      1850	80004e16	a819	c.j	80004e2c	
       19515000	      1852	80004e2c	fe5ff36f	jal	x6,80004e10	  x6=0x80004e30
       19535000	      1854	80004e10	ff1ff36f	jal	x6,80004e00	  x6=0x80004e14
       19555000	      1856	80004e00	a009	c.j	80004e02	
       19585000	      1859	80004e02	02000cef	jal	x25,80004e22	 x25=0x80004e06
       19615000	      1862	80004e22	ff3ff36f	jal	x6,80004e14	  x6=0x80004e26
       19635000	      1864	80004e14	3fed	c.jal	80004e0e	  x1=0x80004e16
       19655000	      1866	80004e0e	b7f5	c.j	80004dfa	
       19675000	      1868	80004dfa	a031	c.j	80004e06	
       19695000	      1870	80004e06	bfcd	c.j	80004df8	
       19715000	      1872	80004df8	a005	c.j	80004e18	
       19735000	      1874	80004e18	ff5ff0ef	jal	x1,80004e0c	  x1=0x80004e1c
       19755000	      1876	80004e0c	a809	c.j	80004e1e	
       19785000	      1879	80004e1e	fffff0ef	jal	x1,80004e1c	  x1=0x80004e22
       19805000	      1881	80004e1c	a811	c.j	80004e30	
       19825000	      1883	80004e30	bfe9	c.j	80004e0a	
       19845000	      1885	80004e0a	bfcd	c.j	80004dfc	
       19865000	      1887	80004dfc	ffbff0ef	jal	x1,80004df6	  x1=0x80004e00
       19885000	      1889	80004df6	a805	c.j	80004e26	
       19905000	      1891	80004e26	a009	c.j	80004e28	
       19925000	      1893	80004e28	fe1ff0ef	jal	x1,80004e08	  x1=0x80004e2c
       19945000	      1895	80004e08	b7f5	c.j	80004df4	
       19965000	      1897	80004df4	a83d	c.j	80004e32	
       19995000	      1900	80004e32	d81c2193	slti	x3,x24,-639	 x24:0x80004d96  x3=0x00000001
       20005000	      1901	80004e36	00e000ef	jal	x1,80004e44	  x1=0x80004e3a
       20025000	      1903	80004e44	3fe5	c.jal	80004e3c	  x1=0x80004e46
       20045000	      1905	80004e3c	2801	c.jal	80004e4c	  x1=0x80004e3e
       20065000	      1907	80004e4c	bfd5	c.j	80004e40	
       20085000	      1909	80004e40	2021	c.jal	80004e48	  x1=0x80004e42
       20105000	      1911	80004e48	ff7ff0ef	jal	x1,80004e3e	  x1=0x80004e4c
       20125000	      1913	80004e3e	a021	c.j	80004e46	
       20145000	      1915	80004e46	2021	c.jal	80004e4e	  x1=0x80004e48
       20165000	      1917	80004e4e	a009	c.j	80004e50	
       20185000	      1919	80004e50	3fcd	c.jal	80004e42	  x1=0x80004e52
       20205000	      1921	80004e42	bfe5	c.j	80004e3a	
       20225000	      1923	80004e3a	a821	c.j	80004e52	
       20245000	      1925	80004e52	0bd9	c.addi	x23,22	 x23:0x5e000000 x23=0x5e000016
       20255000	      1926	80004e54	00c000ef	jal	x1,80004e60	  x1=0x80004e58
       20275000	      1928	80004e60	a035	c.j	80004e8c	
       20295000	      1930	80004e8c	3fe1	c.jal	80004e64	  x1=0x80004e8e
       20315000	      1932	80004e64	a005	c.j	80004e84	
       20335000	      1934	80004e84	bfe1	c.j	80004e5c	
       20355000	      1936	80004e5c	02c007ef	jal	x15,80004e88	 x15=0x80004e60
       20375000	      1938	80004e88	00600a6f	jal	x20,80004e8e	 x20=0x80004e8c
       20395000	      1940	80004e8e	b7fd	c.j	80004e7c	
       20415000	      1942	80004e7c	fefff36f	jal	x6,80004e6a	  x6=0x80004e80
       20435000	      1944	80004e6a	a039	c.j	80004e78	
       20455000	      1946	80004e78	ffbff1ef	jal	x3,80004e72	  x3=0x80004e7c
       20475000	      1948	80004e72	37dd	c.jal	80004e58	  x1=0x80004e74
       20495000	      1950	80004e58	0280096f	jal	x18,80004e80	 x18=0x80004e5c
       20515000	      1952	80004e80	fe7ff2ef	jal	x5,80004e66	  x5=0x80004e84
       20535000	      1954	80004e66	a005	c.j	80004e86	
       20555000	      1956	80004e86	2029	c.jal	80004e90	  x1=0x80004e88
       20575000	      1958	80004e90	a009	c.j	80004e92	
       20595000	      1960	80004e92	3fc1	c.jal	80004e62	  x1=0x80004e94
       20615000	      1962	80004e62	2029	c.jal	80004e6c	  x1=0x80004e64
       20635000	      1964	80004e6c	ffdff86f	jal	x16,80004e68	 x16=0x80004e70
       20655000	      1966	80004e68	2031	c.jal	80004e74	  x1=0x80004e6a
       20675000	      1968	80004e74	ffdff1ef	jal	x3,80004e70	  x3=0x80004e78
       20695000	      1970	80004e70	a015	c.j	80004e94	
       21075000	      2008	80004e94	0293e833	rem	x16,x7,x9	  x7:0xb0800000  x9:0x80004dc4 x16=0xb0800000
       21085000	      2009	80004e98	01e000ef	jal	x1,80004eb6	  x1=0x80004e9c
       21105000	      2011	80004eb6	3ffd	c.jal	80004eb4	  x1=0x80004eb8
       21125000	      2013	80004eb4	bfed	c.j	80004eae	
       21145000	      2015	80004eae	2009	c.jal	80004eb0	  x1=0x80004eb0
       21165000	      2017	80004eb0	a021	c.j	80004eb8	
       21185000	      2019	80004eb8	37fd	c.jal	80004ea6	  x1=0x80004eba
       21215000	      2022	80004ea6	fffff0ef	jal	x1,80004ea4	  x1=0x80004eaa
       21235000	      2024	80004ea4	3fe5	c.jal	80004e9c	  x1=0x80004ea6
       21255000	      2026	80004e9c	00400f6f	jal	x30,80004ea0	 x30=0x80004ea0
       21275000	      2028	80004ea0	012000ef	jal	x1,80004eb2	  x1=0x80004ea4
       21295000	      2030	80004eb2	bfe5	c.j	80004eaa	
       21325000	      2033	80004eaa	0100036f	jal	x6,80004eba	  x6=0x80004eae
       21355000	      2036	80004eba	01b039b3	sltu	x19,x0,x27	  x0:0x00000000 x27:0x00000132 x19=0x00000001
       21365000	      2037	80004ebe	006000ef	jal	x1,80004ec4	  x1=0x80004ec2
       21385000	      2039	80004ec4	202d	c.jal	80004eee	  x1=0x80004ec6
       21415000	      2042	80004eee	fdfff36f	jal	x6,80004ecc	  x6=0x80004ef2
       21435000	      2044	80004ecc	2009	c.jal	80004ece	  x1=0x80004ece
       21455000	      2046	80004ece	a025	c.j	80004ef6	
       21475000	      2048	80004ef6	bff1	c.j	80004ed2	
       21495000	      2050	80004ed2	201d	c.jal	80004ef8	  x1=0x80004ed4
       21515000	      2052	80004ef8	bff1	c.j	80004ed4	
       21535000	      2054	80004ed4	a009	c.j	80004ed6	
       21555000	      2056	80004ed6	b7f5	c.j	80004ec2	
       21575000	      2058	80004ec2	a01d	c.j	80004ee8	
       21595000	      2060	80004ee8	00a0036f	jal	x6,80004ef2	  x6=0x80004eec
       21615000	      2062	80004ef2	3ff9	c.jal	80004ed0	  x1=0x80004ef4
       21635000	      2064	80004ed0	a02d	c.j	80004efa	
       21655000	      2066	80004efa	3ff9	c.jal	80004ed8	  x1=0x80004efc
       21675000	      2068	80004ed8	006003ef	jal	x7,80004ede	  x7=0x80004edc
       21705000	      2071	80004ede	00e002ef	jal	x5,80004eec	  x5=0x80004ee2
       21725000	      2073	80004eec	3ff1	c.jal	80004ec8	  x1=0x80004eee
       21745000	      2075	80004ec8	02c000ef	jal	x1,80004ef4	  x1=0x80004ecc
       21765000	      2077	80004ef4	2021	c.jal	80004efc	  x1=0x80004ef6
       21785000	      2079	80004efc	004000ef	jal	x1,80004f00	  x1=0x80004f00
       21805000	      2081	80004f00	b7cd	c.j	80004ee2	
       21835000	      2084	80004ee2	fe5ff0ef	jal	x1,80004ec6	  x1=0x80004ee6
       21855000	      2086	80004ec6	a005	c.j	80004ee6	
       21875000	      2088	80004ee6	bfdd	c.j	80004edc	
       21895000	      2090	80004edc	201d	c.jal	80004f02	  x1=0x80004ede
       21915000	      2092	80004f02	8299	c.srli	x13,0x6	 x13:0x80004d26 x13=0x02000134
       21925000	      2093	80004f04	016000ef	jal	x1,80004f1a	  x1=0x80004f08
       21945000	      2095	80004f1a	2801	c.jal	80004f2a	  x1=0x80004f1c
       21975000	      2098	80004f2a	ff9ff0ef	jal	x1,80004f22	  x1=0x80004f2e
       22005000	      2101	80004f22	00e000ef	jal	x1,80004f30	  x1=0x80004f26
       22025000	      2103	80004f30	3fdd	c.jal	80004f26	  x1=0x80004f32
       22055000	      2106	80004f26	fe3ff0ef	jal	x1,80004f08	  x1=0x80004f2a
       22075000	      2108	80004f08	a031	c.j	80004f14	
       22095000	      2110	80004f14	2829	c.jal	80004f2e	  x1=0x80004f16
       22115000	      2112	80004f2e	bfcd	c.j	80004f20	
       22135000	      2114	80004f20	bfc5	c.j	80004f10	
       22155000	      2116	80004f10	fffff0ef	jal	x1,80004f0e	  x1=0x80004f14
       22175000	      2118	80004f0e	2039	c.jal	80004f1c	  x1=0x80004f10
       22195000	      2120	80004f1c	fefffbef	jal	x23,80004f0a	 x23=0x80004f20
       22225000	      2123	80004f0a	00c000ef	jal	x1,80004f16	  x1=0x80004f0e
       22255000	      2126	80004f16	01c00cef	jal	x25,80004f32	 x25=0x80004f1a
       22285000	      2129	80004f32	8d80f493	andi	x9,x1,-1832	  x1:0x80004f0e  x9=0x80004808
       22295000	      2130	80004f36	020000ef	jal	x1,80004f56	  x1=0x80004f3a
       22315000	      2132	80004f56	2009	c.jal	80004f58	  x1=0x80004f58
       22335000	      2134	80004f58	3ff5	c.jal	80004f54	  x1=0x80004f5a
       22355000	      2136	80004f54	37e5	c.jal	80004f3c	  x1=0x80004f56
       22375000	      2138	80004f3c	2811	c.jal	80004f50	  x1=0x80004f3e
       22395000	      2140	80004f50	bfc5	c.j	80004f40	
       22415000	      2142	80004f40	2029	c.jal	80004f4a	  x1=0x80004f42
       22435000	      2144	80004f4a	2009	c.jal	80004f4c	  x1=0x80004f4c
       22455000	      2146	80004f4c	ff7ff0ef	jal	x1,80004f42	  x1=0x80004f50
       22475000	      2148	80004f42	2839	c.jal	80004f60	  x1=0x80004f44
       22495000	      2150	80004f60	b7dd	c.j	80004f46	
       22525000	      2153	80004f46	00c0036f	jal	x6,80004f52	  x6=0x80004f4a
       22545000	      2155	80004f52	2021	c.jal	80004f5a	  x1=0x80004f54
       22575000	      2158	80004f5a	004001ef	jal	x3,80004f5e	  x3=0x80004f5e
       22595000	      2160	80004f5e	37dd	c.jal	80004f44	  x1=0x80004f60
       22615000	      2162	80004f44	bfed	c.j	80004f3e	
       22635000	      2164	80004f3e	3ff5	c.jal	80004f3a	  x1=0x80004f40
       22655000	      2166	80004f3a	a025	c.j	80004f62	
       22715000	      2172	80004f62	02163333	mulhu	x6,x12,x1	 x12:0x8001fe4c  x1:0x80004f40  x6=0x400126c6
       22725000	      2173	80004f66	00e000ef	jal	x1,80004f74	  x1=0x80004f6a
       22745000	      2175	80004f74	00e000ef	jal	x1,80004f82	  x1=0x80004f78
       22765000	      2177	80004f82	2821	c.jal	80004f9a	  x1=0x80004f84
       22795000	      2180	80004f9a	fe1ff36f	jal	x6,80004f7a	  x6=0x80004f9e
       22825000	      2183	80004f7a	00e000ef	jal	x1,80004f88	  x1=0x80004f7e
       22845000	      2185	80004f88	3ff5	c.jal	80004f84	  x1=0x80004f8a
       22865000	      2187	80004f84	2029	c.jal	80004f8e	  x1=0x80004f86
       22885000	      2189	80004f8e	2009	c.jal	80004f90	  x1=0x80004f90
       22905000	      2191	80004f90	2019	c.jal	80004f96	  x1=0x80004f92
       22935000	      2194	80004f96	ff1ff0ef	jal	x1,80004f86	  x1=0x80004f9a
       22955000	      2196	80004f86	bfcd	c.j	80004f78	
       22975000	      2198	80004f78	a019	c.j	80004f7e	
       23005000	      2201	80004f7e	ff1ff0ef	jal	x1,80004f6e	  x1=0x80004f82
       23025000	      2203	80004f6e	2831	c.jal	80004f8a	  x1=0x80004f70
       23055000	      2206	80004f8a	fe1ff0ef	jal	x1,80004f6a	  x1=0x80004f8e
       23085000	      2209	80004f6a	02800eef	jal	x29,80004f92	 x29=0x80004f6e
       23115000	      2212	80004f92	fe1ff0ef	jal	x1,80004f72	  x1=0x80004f96
       23135000	      2214	80004f72	3ffd	c.jal	80004f70	  x1=0x80004f74
       23155000	      2216	80004f70	a03d	c.j	80004f9e	
       23175000	      2218	80004f9e	85c9	c.srai	x11,0x12	 x11:0x80004898 x11=0xffffe000
       23185000	      2219	80004fa0	02e000ef	jal	x1,80004fce	  x1=0x80004fa4
       23205000	      2221	80004fce	b7dd	c.j	80004fb4	
       23225000	      2223	80004fb4	2839	c.jal	80004fd2	  x1=0x80004fb6
       23245000	      2225	80004fd2	3fc9	c.jal	80004fa4	  x1=0x80004fd4
       23265000	      2227	80004fa4	a829	c.j	80004fbe	
       23285000	      2229	80004fbe	a839	c.j	80004fdc	
       23305000	      2231	80004fdc	ff9ff0ef	jal	x1,80004fd4	  x1=0x80004fe0
       23325000	      2233	80004fd4	bfd1	c.j	80004fa8	
       23345000	      2235	80004fa8	01a000ef	jal	x1,80004fc2	  x1=0x80004fac
       23375000	      2238	80004fc2	fffff0ef	jal	x1,80004fc0	  x1=0x80004fc6
       23395000	      2240	80004fc0	2005	c.jal	80004fe0	  x1=0x80004fc2
       23415000	      2242	80004fe0	ff1ff0ef	jal	x1,80004fd0	  x1=0x80004fe4
       23435000	      2244	80004fd0	2019	c.jal	80004fd6	  x1=0x80004fd2
       23455000	      2246	80004fd6	37d5	c.jal	80004fba	  x1=0x80004fd8
       23485000	      2249	80004fba	0100036f	jal	x6,80004fca	  x6=0x80004fbe
       23505000	      2251	80004fca	37d5	c.jal	80004fae	  x1=0x80004fcc
       23525000	      2253	80004fae	2035	c.jal	80004fda	  x1=0x80004fb0
       23545000	      2255	80004fda	37fd	c.jal	80004fc8	  x1=0x80004fdc
       23565000	      2257	80004fc8	a011	c.j	80004fcc	
       23585000	      2259	80004fcc	37c5	c.jal	80004fac	  x1=0x80004fce
       23605000	      2261	80004fac	2035	c.jal	80004fd8	  x1=0x80004fae
       23625000	      2263	80004fd8	37fd	c.jal	80004fc6	  x1=0x80004fda
       23645000	      2265	80004fc6	3fcd	c.jal	80004fb8	  x1=0x80004fc8
       23665000	      2267	80004fb8	bffd	c.j	80004fb6	
       23685000	      2269	80004fb6	3fc5	c.jal	80004fa6	  x1=0x80004fb8
       23705000	      2271	80004fa6	2029	c.jal	80004fb0	  x1=0x80004fa8
       23725000	      2273	80004fb0	034000ef	jal	x1,80004fe4	  x1=0x80004fb4
       23745000	      2275	80004fe4	41748d33	sub	x26,x9,x23	  x9:0x80004808 x23:0x80004f20 x26=0xfffff8e8
       23755000	      2276	80004fe8	016000ef	jal	x1,80004ffe	  x1=0x80004fec
       23785000	      2279	80004ffe	00c0036f	jal	x6,8000500a	  x6=0x80005002
       23815000	      2282	8000500a	00c000ef	jal	x1,80005016	  x1=0x8000500e
       23835000	      2284	80005016	bffd	c.j	80005014	
       23855000	      2286	80005014	bffd	c.j	80005012	
       23875000	      2288	80005012	37d5	c.jal	80004ff6	  x1=0x80005014
       23895000	      2290	80004ff6	a01d	c.j	8000501c	
       23915000	      2292	8000501c	b7dd	c.j	80005002	
       23945000	      2295	80005002	004000ef	jal	x1,80005006	  x1=0x80005006
       23975000	      2298	80005006	febff0ef	jal	x1,80004ff0	  x1=0x8000500a
       23995000	      2300	80004ff0	a005	c.j	80005010	
       24015000	      2302	80005010	37cd	c.jal	80004ff2	  x1=0x80005012
       24045000	      2305	80004ff2	01c000ef	jal	x1,8000500e	  x1=0x80004ff6
       24065000	      2307	8000500e	b7f5	c.j	80004ffa	
       24095000	      2310	80004ffa	ff5ff0ef	jal	x1,80004fee	  x1=0x80004ffe
       24115000	      2312	80004fee	2035	c.jal	8000501a	  x1=0x80004ff0
       24135000	      2314	8000501a	3ffd	c.jal	80005018	  x1=0x8000501c
       24155000	      2316	80005018	37c5	c.jal	80004ff8	  x1=0x8000501a
       24175000	      2318	80004ff8	bfd5	c.j	80004fec	
       24195000	      2320	80004fec	280d	c.jal	8000501e	  x1=0x80004fee
       24225000	      2323	8000501e	41f8d813	srai	x16,x17,0x1f	 x17:0x80004c5c x16=0xffffffff
       24235000	      2324	80005022	036000ef	jal	x1,80005058	  x1=0x80005026
       24255000	      2326	80005058	bffd	c.j	80005056	
       24275000	      2328	80005056	bfe9	c.j	80005030	
       24295000	      2330	80005030	a821	c.j	80005048	
       24315000	      2332	80005048	37fd	c.jal	80005036	  x1=0x8000504a
       24345000	      2335	80005036	014000ef	jal	x1,8000504a	  x1=0x8000503a
       24365000	      2337	8000504a	2019	c.jal	80005050	  x1=0x8000504c
       24385000	      2339	80005050	0040046f	jal	x8,80005054	  x8=0x80005054
       24405000	      2341	80005054	3fe5	c.jal	8000504c	  x1=0x80005056
       24425000	      2343	8000504c	a039	c.j	8000505a	
       24455000	      2346	8000505a	00a000ef	jal	x1,80005064	  x1=0x8000505e
       24475000	      2348	80005064	37c9	c.jal	80005026	  x1=0x80005066
       24495000	      2350	80005026	282d	c.jal	80005060	  x1=0x80005028
       24515000	      2352	80005060	fcfff0ef	jal	x1,8000502e	  x1=0x80005064
       24535000	      2354	8000502e	a819	c.j	80005044	
       24555000	      2356	80005044	ffdff0ef	jal	x1,80005040	  x1=0x80005048
       24575000	      2358	80005040	bfed	c.j	8000503a	
       24595000	      2360	8000503a	37fd	c.jal	80005028	  x1=0x8000503c
       24615000	      2362	80005028	00a000ef	jal	x1,80005032	  x1=0x8000502c
       24635000	      2364	80005032	a815	c.j	80005066	
       24655000	      2366	80005066	bff1	c.j	80005042	
       24675000	      2368	80005042	2031	c.jal	8000504e	  x1=0x80005044
       24695000	      2370	8000504e	b7dd	c.j	80005034	
       24715000	      2372	80005034	2815	c.jal	80005068	  x1=0x80005036
       24735000	      2374	80005068	3fd1	c.jal	8000503c	  x1=0x8000506a
       24755000	      2376	8000503c	2805	c.jal	8000506c	  x1=0x8000503e
       24775000	      2378	8000506c	37c1	c.jal	8000502c	  x1=0x8000506e
       24795000	      2380	8000502c	283d	c.jal	8000506a	  x1=0x8000502e
       24815000	      2382	8000506a	bfd5	c.j	8000505e	
       24835000	      2384	8000505e	37c5	c.jal	8000503e	  x1=0x80005060
       24855000	      2386	8000503e	2805	c.jal	8000506e	  x1=0x80005040
       24885000	      2389	8000506e	00f20fb3	add	x31,x4,x15	  x4:0x80004d88 x15:0x80004e60 x31=0x00009be8
       24895000	      2390	80005072	016000ef	jal	x1,80005088	  x1=0x80005076
       24915000	      2392	80005088	bfe5	c.j	80005080	
       24935000	      2394	80005080	bff5	c.j	8000507c	
       24955000	      2396	8000507c	a005	c.j	8000509c	
       24975000	      2398	8000509c	ff3ff0ef	jal	x1,8000508e	  x1=0x800050a0
       24995000	      2400	8000508e	2821	c.jal	800050a6	  x1=0x80005090
       25025000	      2403	800050a6	fe1ff0ef	jal	x1,80005086	  x1=0x800050aa
       25045000	      2405	80005086	bfe5	c.j	8000507e	
       25065000	      2407	8000507e	a811	c.j	80005092	
       25095000	      2410	80005092	ff9fff6f	jal	x30,8000508a	 x30=0x80005096
       25115000	      2412	8000508a	b7fd	c.j	80005078	
       25135000	      2414	80005078	a029	c.j	80005082	
       25155000	      2416	80005082	a811	c.j	80005096	
       25175000	      2418	80005096	2029	c.jal	800050a0	  x1=0x80005098
       25195000	      2420	800050a0	ff9ff26f	jal	x4,80005098	  x4=0x800050a4
       25215000	      2422	80005098	ff9ff0ef	jal	x1,80005090	  x1=0x8000509c
       25235000	      2424	80005090	37ed	c.jal	8000507a	  x1=0x80005092
       25255000	      2426	8000507a	a02d	c.j	800050a4	
       25275000	      2428	800050a4	37c5	c.jal	80005084	  x1=0x800050a6
       25295000	      2430	80005084	3fcd	c.jal	80005076	  x1=0x80005086
       25315000	      2432	80005076	2819	c.jal	8000508c	  x1=0x80005078
       25335000	      2434	8000508c	a839	c.j	800050aa	
       25355000	      2436	800050aa	0001	c.addi	x0,0	  x0:0x00000000  x0=0x00000000
       25365000	      2437	800050ac	006000ef	jal	x1,800050b2	  x1=0x800050b0
       25395000	      2440	800050b2	03a0026f	jal	x4,800050ec	  x4=0x800050b6
       25415000	      2442	800050ec	fcbff5ef	jal	x11,800050b6	 x11=0x800050f0
       25445000	      2445	800050b6	04a00bef	jal	x23,80005100	 x23=0x800050ba
       25465000	      2447	80005100	fbfff0ef	jal	x1,800050be	  x1=0x80005104
       25495000	      2450	800050be	012000ef	jal	x1,800050d0	  x1=0x800050c2
       25515000	      2452	800050d0	0140086f	jal	x16,800050e4	 x16=0x800050d4
       25535000	      2454	800050e4	fd7ff0ef	jal	x1,800050ba	  x1=0x800050e8
       25565000	      2457	800050ba	0200026f	jal	x4,800050da	  x4=0x800050be
       25595000	      2460	800050da	ffdffc6f	jal	x24,800050d6	 x24=0x800050de
       25615000	      2462	800050d6	b7fd	c.j	800050c4	
       25635000	      2464	800050c4	fedff0ef	jal	x1,800050b0	  x1=0x800050c8
       25655000	      2466	800050b0	a081	c.j	800050f0	
       25675000	      2468	800050f0	fddff26f	jal	x4,800050cc	  x4=0x800050f4
       25695000	      2470	800050cc	2025	c.jal	800050f4	  x1=0x800050ce
       25715000	      2472	800050f4	b7c5	c.j	800050d4	
       25735000	      2474	800050d4	2015	c.jal	800050f8	  x1=0x800050d6
       25755000	      2476	800050f8	fd7ff0ef	jal	x1,800050ce	  x1=0x800050fc
       25775000	      2478	800050ce	bfed	c.j	800050c8	
       25795000	      2480	800050c8	01a000ef	jal	x1,800050e2	  x1=0x800050cc
       25815000	      2482	800050e2	bff5	c.j	800050de	
       25845000	      2485	800050de	ffbff4ef	jal	x9,800050d8	  x9=0x800050e2
       25865000	      2487	800050d8	37ed	c.jal	800050c2	  x1=0x800050da
       25885000	      2489	800050c2	a82d	c.j	800050fc	
       25905000	      2491	800050fc	ffbff0ef	jal	x1,800050f6	  x1=0x80005100
       25925000	      2493	800050f6	3fcd	c.jal	800050e8	  x1=0x800050f8
       25945000	      2495	800050e8	01c0026f	jal	x4,80005104	  x4=0x800050ec
       25965000	      2497	80005104	19fd	c.addi	x19,-1	 x19:0x00000001 x19=0x00000000
       25975000	      2498	80005106	008000ef	jal	x1,8000510e	  x1=0x8000510a
       26005000	      2501	8000510e	006000ef	jal	x1,80005114	  x1=0x80005112
       26025000	      2503	80005114	02e0036f	jal	x6,80005142	  x6=0x80005118
       26045000	      2505	80005142	b7e1	c.j	8000510a	
       26065000	      2507	8000510a	a03d	c.j	80005138	
       26085000	      2509	80005138	37ed	c.jal	80005122	  x1=0x8000513a
       26105000	      2511	80005122	2019	c.jal	80005128	  x1=0x80005124
       26125000	      2513	80005128	bfe5	c.j	80005120	
       26145000	      2515	80005120	2801	c.jal	80005130	  x1=0x80005122
       26165000	      2517	80005130	3ffd	c.jal	8000512e	  x1=0x80005132
       26185000	      2519	8000512e	37ed	c.jal	80005118	  x1=0x80005130
       26205000	      2521	80005118	bfd5	c.j	8000510c	
       26225000	      2523	8000510c	202d	c.jal	80005136	  x1=0x8000510e
       26245000	      2525	80005136	2019	c.jal	8000513c	  x1=0x80005138
       26265000	      2527	8000513c	3ff9	c.jal	8000511a	  x1=0x8000513e
       26285000	      2529	8000511a	2809	c.jal	8000512c	  x1=0x8000511c
       26305000	      2531	8000512c	bfc5	c.j	8000511c	
       26325000	      2533	8000511c	016000ef	jal	x1,80005132	  x1=0x80005120
       26355000	      2536	80005132	008003ef	jal	x7,8000513a	  x7=0x80005136
       26375000	      2538	8000513a	2011	c.jal	8000513e	  x1=0x8000513c
       26405000	      2541	8000513e	fe7ff2ef	jal	x5,80005124	  x5=0x80005142
       26425000	      2543	80005124	fefff36f	jal	x6,80005112	  x6=0x80005128
       26445000	      2545	80005112	a821	c.j	8000512a	
       26465000	      2547	8000512a	a829	c.j	80005144	
       26485000	      2549	80005144	012dc933	xor	x18,x27,x18	 x27:0x00000132 x18:0x80004e5c x18=0x80004f6e
       26495000	      2550	80005148	008000ef	jal	x1,80005150	  x1=0x8000514c
       26515000	      2552	80005150	014001ef	jal	x3,80005164	  x3=0x80005154
       26535000	      2554	80005164	3fdd	c.jal	8000515a	  x1=0x80005166
       26565000	      2557	8000515a	0060036f	jal	x6,80005160	  x6=0x8000515e
       26585000	      2559	80005160	3ffd	c.jal	8000515e	  x1=0x80005162
       26605000	      2561	8000515e	3fc5	c.jal	8000514e	  x1=0x80005160
       26625000	      2563	8000514e	a811	c.j	80005162	
       26645000	      2565	80005162	2019	c.jal	80005168	  x1=0x80005164
       26665000	      2567	80005168	37d5	c.jal	8000514c	  x1=0x8000516a
       26685000	      2569	8000514c	2021	c.jal	80005154	  x1=0x8000514e
       26705000	      2571	80005154	a819	c.j	8000516a	
       26725000	      2573	8000516a	bff5	c.j	80005166	
       26745000	      2575	80005166	bfc5	c.j	80005156	
       26775000	      2578	80005156	016000ef	jal	x1,8000516c	  x1=0x8000515a
       26795000	      2580	8000516c	000de533	or	x10,x27,x0	 x27:0x00000132  x0:0x00000000 x10=0x00000132
       26805000	      2581	80005170	020000ef	jal	x1,80005190	  x1=0x80005174
       26825000	      2583	80005190	bfdd	c.j	80005186	
       26845000	      2585	80005186	bffd	c.j	80005184	
       26865000	      2587	80005184	a005	c.j	800051a4	
       26885000	      2589	800051a4	3fc1	c.jal	80005174	  x1=0x800051a6
       26905000	      2591	80005174	a029	c.j	8000517e	
       26935000	      2594	8000517e	02c0036f	jal	x6,800051aa	  x6=0x80005182
       26965000	      2597	800051aa	ff9ff0ef	jal	x1,800051a2	  x1=0x800051ae
       26985000	      2599	800051a2	a809	c.j	800051b4	
       27005000	      2601	800051b4	fcfff36f	jal	x6,80005182	  x6=0x800051b8
       27025000	      2603	80005182	a829	c.j	8000519c	
       27045000	      2605	8000519c	a811	c.j	800051b0	
       27065000	      2607	800051b0	b7d9	c.j	80005176	
       27095000	      2610	80005176	028000ef	jal	x1,8000519e	  x1=0x8000517a
       27125000	      2613	8000519e	ff9ffb6f	jal	x22,80005196	 x22=0x800051a2
       27155000	      2616	80005196	0100036f	jal	x6,800051a6	  x6=0x8000519a
       27175000	      2618	800051a6	2021	c.jal	800051ae	  x1=0x800051a8
       27195000	      2620	800051ae	b7d5	c.j	80005192	
       27225000	      2623	80005192	0080036f	jal	x6,8000519a	  x6=0x80005196
       27245000	      2625	8000519a	2821	c.jal	800051b2	  x1=0x8000519c
       27265000	      2627	800051b2	bfdd	c.j	800051a8	
       27285000	      2629	800051a8	37c5	c.jal	80005188	  x1=0x800051aa
       27305000	      2631	80005188	004000ef	jal	x1,8000518c	  x1=0x8000518c
       27325000	      2633	8000518c	fefff46f	jal	x8,8000517a	  x8=0x80005190
       27355000	      2636	8000517a	03e000ef	jal	x1,800051b8	  x1=0x8000517e
       27375000	      2638	800051b8	00fdbfb3	sltu	x31,x27,x15	 x27:0x00000132 x15:0x80004e60 x31=0x00000001
       27385000	      2639	800051bc	010000ef	jal	x1,800051cc	  x1=0x800051c0
       27405000	      2641	800051cc	2011	c.jal	800051d0	  x1=0x800051ce
       27425000	      2643	800051d0	fffff7ef	jal	x15,800051ce	 x15=0x800051d4
       27445000	      2645	800051ce	2019	c.jal	800051d4	  x1=0x800051d0
       27465000	      2647	800051d4	bfd5	c.j	800051c8	
       27485000	      2649	800051c8	3fe5	c.jal	800051c0	  x1=0x800051ca
       27505000	      2651	800051c0	00a000ef	jal	x1,800051ca	  x1=0x800051c4
       27525000	      2653	800051ca	a801	c.j	800051da	
       27545000	      2655	800051da	b7ed	c.j	800051c4	
       27565000	      2657	800051c4	012000ef	jal	x1,800051d6	  x1=0x800051c8
       27595000	      2660	800051d6	0060036f	jal	x6,800051dc	  x6=0x800051da
       27645000	      2665	800051dc	03613d33	mulhu	x26,x2,x22	  x2:0xf5e39895 x22:0x800051a2 x26=0x7af21ab3
       27655000	      2666	800051e0	022000ef	jal	x1,80005202	  x1=0x800051e4
       27685000	      2669	80005202	ff5ff0ef	jal	x1,800051f6	  x1=0x80005206
       27705000	      2671	800051f6	3ff5	c.jal	800051f2	  x1=0x800051f8
       27725000	      2673	800051f2	a031	c.j	800051fe	
       27745000	      2675	800051fe	200d	c.jal	80005220	  x1=0x80005200
       27765000	      2677	80005220	a039	c.j	8000522e	
       27785000	      2679	8000522e	37e9	c.jal	800051f8	  x1=0x80005230
       27805000	      2681	800051f8	024001ef	jal	x3,8000521c	  x3=0x800051fc
       27825000	      2683	8000521c	fcdff6ef	jal	x13,800051e8	 x13=0x80005220
       27845000	      2685	800051e8	a01d	c.j	8000520e	
       27875000	      2688	8000520e	0160036f	jal	x6,80005224	  x6=0x80005212
       27895000	      2690	80005224	b7dd	c.j	8000520a	
       27925000	      2693	8000520a	00c000ef	jal	x1,80005216	  x1=0x8000520e
       27945000	      2695	80005216	bfc5	c.j	80005206	
       27975000	      2698	80005206	ff7ff36f	jal	x6,800051fc	  x6=0x8000520a
       27995000	      2700	800051fc	a819	c.j	80005212	
       28015000	      2702	80005212	2821	c.jal	8000522a	  x1=0x80005214
       28045000	      2705	8000522a	fcbff36f	jal	x6,800051f4	  x6=0x8000522e
       28065000	      2707	800051f4	3fed	c.jal	800051ee	  x1=0x800051f6
       28095000	      2710	800051ee	034000ef	jal	x1,80005222	  x1=0x800051f2
       28115000	      2712	80005222	37c9	c.jal	800051e4	  x1=0x80005224
       28135000	      2714	800051e4	0300036f	jal	x6,80005214	  x6=0x800051e8
       28155000	      2716	80005214	2811	c.jal	80005228	  x1=0x80005216
       28175000	      2718	80005228	3fe1	c.jal	80005200	  x1=0x8000522a
       28195000	      2720	80005200	37ed	c.jal	800051ea	  x1=0x80005202
       28215000	      2722	800051ea	2835	c.jal	80005226	  x1=0x800051ec
       28235000	      2724	80005226	bfcd	c.j	80005218	
       28255000	      2726	80005218	fd5ff1ef	jal	x3,800051ec	  x3=0x8000521c
       28275000	      2728	800051ec	a091	c.j	80005230	
       28295000	      2730	80005230	0ff0000f	fence	iorw,iorw	
       28305000	      2731	80005234	00c000ef	jal	x1,80005240	  x1=0x80005238
       28325000	      2733	80005240	2029	c.jal	8000524a	  x1=0x80005242
       28355000	      2736	8000524a	ff3ff0ef	jal	x1,8000523c	  x1=0x8000524e
       28375000	      2738	8000523c	a029	c.j	80005246	
       28395000	      2740	80005246	a039	c.j	80005254	
       28415000	      2742	80005254	bffd	c.j	80005252	
       28435000	      2744	80005252	bfdd	c.j	80005248	
       28455000	      2746	80005248	bff5	c.j	80005244	
       28475000	      2748	80005244	bfed	c.j	8000523e	
       28495000	      2750	8000523e	2801	c.jal	8000524e	  x1=0x80005240
       28525000	      2753	8000524e	fedff0ef	jal	x1,8000523a	  x1=0x80005252
       28545000	      2755	8000523a	2021	c.jal	80005242	  x1=0x8000523c
       28565000	      2757	80005242	3fdd	c.jal	80005238	  x1=0x80005244
       28585000	      2759	80005238	2839	c.jal	80005256	  x1=0x8000523a
       28615000	      2762	80005256	d31d8237	lui	x4,0xd31d8	  x4=0xd31d8000
       28625000	      2763	8000525a	00e000ef	jal	x1,80005268	  x1=0x8000525e
       28645000	      2765	80005268	ffdff0ef	jal	x1,80005264	  x1=0x8000526c
       28665000	      2767	80005264	012001ef	jal	x3,80005276	  x3=0x80005268
       28685000	      2769	80005276	bfed	c.j	80005270	
       28705000	      2771	80005270	a011	c.j	80005274	
       28725000	      2773	80005274	bffd	c.j	80005272	
       28745000	      2775	80005272	3fed	c.jal	8000526c	  x1=0x80005274
       28765000	      2777	8000526c	00c0036f	jal	x6,80005278	  x6=0x80005270
       28785000	      2779	80005278	37dd	c.jal	8000525e	  x1=0x8000527a
       28815000	      2782	8000525e	004000ef	jal	x1,80005262	  x1=0x80005262
       28835000	      2784	80005262	a821	c.j	8000527a	
       28865000	      2787	8000527a	0120bd33	sltu	x26,x1,x18	  x1:0x80005262 x18:0x80004f6e x26=0x00000000
       28875000	      2788	8000527e	032000ef	jal	x1,800052b0	  x1=0x80005282
       28895000	      2790	800052b0	004000ef	jal	x1,800052b4	  x1=0x800052b4
       28915000	      2792	800052b4	bfe9	c.j	8000528e	
       28945000	      2795	8000528e	008000ef	jal	x1,80005296	  x1=0x80005292
       28975000	      2798	80005296	ff1ffcef	jal	x25,80005286	 x25=0x8000529a
       29005000	      2801	80005286	01c000ef	jal	x1,800052a2	  x1=0x8000528a
       29035000	      2804	800052a2	006000ef	jal	x1,800052a8	  x1=0x800052a6
       29055000	      2806	800052a8	004000ef	jal	x1,800052ac	  x1=0x800052ac
       29075000	      2808	800052ac	01c000ef	jal	x1,800052c8	  x1=0x800052b0
       29095000	      2810	800052c8	fffff1ef	jal	x3,800052c6	  x3=0x800052cc
       29115000	      2812	800052c6	bff5	c.j	800052c2	
       29145000	      2815	800052c2	00c000ef	jal	x1,800052ce	  x1=0x800052c6
       29175000	      2818	800052ce	fbfff36f	jal	x6,8000528c	  x6=0x800052d2
       29195000	      2820	8000528c	2099	c.jal	800052d2	  x1=0x8000528e
       29215000	      2822	800052d2	37e1	c.jal	8000529a	  x1=0x800052d4
       29245000	      2825	8000529a	fe9ff7ef	jal	x15,80005282	 x15=0x8000529e
       29275000	      2828	80005282	010000ef	jal	x1,80005292	  x1=0x80005286
       29305000	      2831	80005292	02800cef	jal	x25,800052ba	 x25=0x80005296
       29335000	      2834	800052ba	fd1ff0ef	jal	x1,8000528a	  x1=0x800052be
       29355000	      2836	8000528a	2089	c.jal	800052cc	  x1=0x8000528c
       29375000	      2838	800052cc	bfcd	c.j	800052be	
       29405000	      2841	800052be	fe1ff0ef	jal	x1,8000529e	  x1=0x800052c2
       29435000	      2844	8000529e	008000ef	jal	x1,800052a6	  x1=0x800052a2
       29455000	      2846	800052a6	2801	c.jal	800052b6	  x1=0x800052a8
       29485000	      2849	800052b6	01e000ef	jal	x1,800052d4	  x1=0x800052ba
       29505000	      2851	800052d4	0276	c.slli	x4,0x1d	  x4:0xd31d8000  x4=0x00000000
       29515000	      2852	800052d6	006000ef	jal	x1,800052dc	  x1=0x800052da
       29535000	      2854	800052dc	3ffd	c.jal	800052da	  x1=0x800052de
       29555000	      2856	800052da	281d	c.jal	80005310	  x1=0x800052dc
       29575000	      2858	80005310	00c0036f	jal	x6,8000531c	  x6=0x80005314
       29595000	      2860	8000531c	fd1ff0ef	jal	x1,800052ec	  x1=0x80005320
       29615000	      2862	800052ec	2821	c.jal	80005304	  x1=0x800052ee
       29635000	      2864	80005304	2021	c.jal	8000530c	  x1=0x80005306
       29655000	      2866	8000530c	fd9ffa6f	jal	x20,800052e4	 x20=0x80005310
       29675000	      2868	800052e4	ffbfffef	jal	x31,800052de	 x31=0x800052e8
       29695000	      2870	800052de	2029	c.jal	800052e8	  x1=0x800052e0
       29715000	      2872	800052e8	a839	c.j	80005306	
       29745000	      2875	80005306	ff9ff5ef	jal	x11,800052fe	 x11=0x8000530a
       29765000	      2877	800052fe	2829	c.jal	80005318	  x1=0x80005300
       29785000	      2879	80005318	fd7ff26f	jal	x4,800052ee	  x4=0x8000531c
       29815000	      2882	800052ee	01c000ef	jal	x1,8000530a	  x1=0x800052f2
       29835000	      2884	8000530a	2031	c.jal	80005316	  x1=0x8000530c
       29855000	      2886	80005316	bffd	c.j	80005314	
       29875000	      2888	80005314	b7fd	c.j	80005302	
       29895000	      2890	80005302	bfd5	c.j	800052f6	
       29925000	      2893	800052f6	00a000ef	jal	x1,80005300	  x1=0x800052fa
       29945000	      2895	80005300	37ed	c.jal	800052ea	  x1=0x80005302
       29965000	      2897	800052ea	a029	c.j	800052f4	
       29985000	      2899	800052f4	b7f5	c.j	800052e0	
       30005000	      2901	800052e0	012000ef	jal	x1,800052f2	  x1=0x800052e4
       30025000	      2903	800052f2	a021	c.j	800052fa	
       30055000	      2906	800052fa	026002ef	jal	x5,80005320	  x5=0x800052fe
       30075000	      2908	80005320	3cee0d17	auipc	x26,0x3cee0	 x26=0xbcee5320
       30085000	      2909	80005324	008000ef	jal	x1,8000532c	  x1=0x80005328
       30105000	      2911	8000532c	2809	c.jal	8000533e	  x1=0x8000532e
       30135000	      2914	8000533e	0120036f	jal	x6,80005350	  x6=0x80005342
       30155000	      2916	80005350	37f5	c.jal	8000533c	  x1=0x80005352
       30175000	      2918	8000533c	bffd	c.j	8000533a	
       30195000	      2920	8000533a	2031	c.jal	80005346	  x1=0x8000533c
       30215000	      2922	80005346	a019	c.j	8000534c	
       30235000	      2924	8000534c	ff7ff0ef	jal	x1,80005342	  x1=0x80005350
       30255000	      2926	80005342	3fcd	c.jal	80005334	  x1=0x80005344
       30275000	      2928	80005334	bffd	c.j	80005332	
       30295000	      2930	80005332	a809	c.j	80005344	
       30315000	      2932	80005344	37f5	c.jal	80005330	  x1=0x80005346
       30335000	      2934	80005330	2019	c.jal	80005336	  x1=0x80005332
       30365000	      2937	80005336	ff9ff36f	jal	x6,8000532e	  x6=0x8000533a
       30385000	      2939	8000532e	3fed	c.jal	80005328	  x1=0x80005330
       30405000	      2941	80005328	020000ef	jal	x1,80005348	  x1=0x8000532c
       30425000	      2943	80005348	00a000ef	jal	x1,80005352	  x1=0x8000534c
       30455000	      2946	80005352	4beef993	andi	x19,x29,1214	 x29:0x80004f6e x19=0x0000042e
       30465000	      2947	80005356	024000ef	jal	x1,8000537a	  x1=0x8000535a
       30495000	      2950	8000537a	fe3ff36f	jal	x6,8000535c	  x6=0x8000537e
       30515000	      2952	8000535c	012000ef	jal	x1,8000536e	  x1=0x80005360
       30545000	      2955	8000536e	00a0036f	jal	x6,80005378	  x6=0x80005372
       30565000	      2957	80005378	bfed	c.j	80005372	
       30595000	      2960	80005372	fe9ff36f	jal	x6,8000535a	  x6=0x80005376
       30615000	      2962	8000535a	a801	c.j	8000536a	
       30645000	      2965	8000536a	fffff36f	jal	x6,80005368	  x6=0x8000536e
       30665000	      2967	80005368	3fe5	c.jal	80005360	  x1=0x8000536a
       30685000	      2969	80005360	a819	c.j	80005376	
       30705000	      2971	80005376	37fd	c.jal	80005364	  x1=0x80005378
       30725000	      2973	80005364	fffff36f	jal	x6,80005362	  x6=0x80005368
       30745000	      2975	80005362	2831	c.jal	8000537e	  x1=0x80005364
       30765000	      2977	8000537e	6319	c.lui	x6,0x6	  x6=0x00006000
       30775000	      2978	80005380	032000ef	jal	x1,800053b2	  x1=0x80005384
       30795000	      2980	800053b2	3ffd	c.jal	800053b0	  x1=0x800053b4
       30815000	      2982	800053b0	b7c5	c.j	80005390	
       30835000	      2984	80005390	3ff5	c.jal	8000538c	  x1=0x80005392
       30855000	      2986	8000538c	006000ef	jal	x1,80005392	  x1=0x80005390
       30875000	      2988	80005392	2021	c.jal	8000539a	  x1=0x80005394
       30895000	      2990	8000539a	bfed	c.j	80005394	
       30915000	      2992	80005394	bfdd	c.j	8000538a	
       30935000	      2994	8000538a	2831	c.jal	800053a6	  x1=0x8000538c
       30955000	      2996	800053a6	bffd	c.j	800053a4	
       30975000	      2998	800053a4	3fcd	c.jal	80005396	  x1=0x800053a6
       31005000	      3001	80005396	00c0036f	jal	x6,800053a2	  x6=0x8000539a
       31025000	      3003	800053a2	3ff5	c.jal	8000539e	  x1=0x800053a4
       31055000	      3006	8000539e	fffff4ef	jal	x9,8000539c	  x9=0x800053a2
       31075000	      3008	8000539c	a039	c.j	800053aa	
       31105000	      3011	800053aa	fdbff36f	jal	x6,80005384	  x6=0x800053ae
       31125000	      3013	80005384	2015	c.jal	800053a8	  x1=0x80005386
       31145000	      3015	800053a8	37c5	c.jal	80005388	  x1=0x800053aa
       31165000	      3017	80005388	3ffd	c.jal	80005386	  x1=0x8000538a
       31185000	      3019	80005386	2025	c.jal	800053ae	  x1=0x80005388
       31205000	      3021	800053ae	2019	c.jal	800053b4	  x1=0x800053b0
       31585000	      3059	800053b4	024f61b3	rem	x3,x30,x4	 x30:0x80005096  x4:0x8000531c  x3=0xfffffd7a
       31595000	      3060	800053b8	02c000ef	jal	x1,800053e4	  x1=0x800053bc
       31615000	      3062	800053e4	fd9ff0ef	jal	x1,800053bc	  x1=0x800053e8
       31635000	      3064	800053bc	a809	c.j	800053ce	
       31655000	      3066	800053ce	2021	c.jal	800053d6	  x1=0x800053d0
       31675000	      3068	800053d6	b7ed	c.j	800053c0	
       31695000	      3070	800053c0	028000ef	jal	x1,800053e8	  x1=0x800053c4
       31715000	      3072	800053e8	37d5	c.jal	800053cc	  x1=0x800053ea
       31735000	      3074	800053cc	a021	c.j	800053d4	
       31755000	      3076	800053d4	a021	c.j	800053dc	
       31775000	      3078	800053dc	b7cd	c.j	800053be	
       31795000	      3080	800053be	a829	c.j	800053d8	
       31815000	      3082	800053d8	ff1ff0ef	jal	x1,800053c8	  x1=0x800053dc
       31835000	      3084	800053c8	0220036f	jal	x6,800053ea	  x6=0x800053cc
       31865000	      3087	800053ea	ff5ff0ef	jal	x1,800053de	  x1=0x800053ee
       31885000	      3089	800053de	2011	c.jal	800053e2	  x1=0x800053e0
       31905000	      3091	800053e2	37cd	c.jal	800053c4	  x1=0x800053e4
       31925000	      3093	800053c4	2009	c.jal	800053c6	  x1=0x800053c6
       31945000	      3095	800053c6	2829	c.jal	800053e0	  x1=0x800053c8
       31965000	      3097	800053e0	bfc5	c.j	800053d0	
       31985000	      3099	800053d0	01e000ef	jal	x1,800053ee	  x1=0x800053d4
       32005000	      3101	800053ee	0942	c.slli	x18,0x10	 x18:0x80004f6e x18=0x4f6e0000
       32015000	      3102	800053f0	006000ef	jal	x1,800053f6	  x1=0x800053f4
       32035000	      3104	800053f6	2021	c.jal	800053fe	  x1=0x800053f8
       32055000	      3106	800053fe	a801	c.j	8000540e	
       32075000	      3108	8000540e	3fed	c.jal	80005408	  x1=0x80005410
       32095000	      3110	80005408	ffbff2ef	jal	x5,80005402	  x5=0x8000540c
       32115000	      3112	80005402	2039	c.jal	80005410	  x1=0x80005404
       32135000	      3114	80005410	ff5ff0ef	jal	x1,80005404	  x1=0x80005414
       32155000	      3116	80005404	ffdff86f	jal	x16,80005400	 x16=0x80005408
       32175000	      3118	80005400	3fd5	c.jal	800053f4	  x1=0x80005402
       32195000	      3120	800053f4	a821	c.j	8000540c	
       32215000	      3122	8000540c	bfc5	c.j	800053fc	
       32235000	      3124	800053fc	3ff5	c.jal	800053f8	  x1=0x800053fe
       32255000	      3126	800053f8	01c0026f	jal	x4,80005414	  x4=0x800053fc
       32275000	      3128	80005414	0001	c.addi	x0,0	  x0:0x00000000  x0=0x00000000
       32285000	      3129	80005416	004000ef	jal	x1,8000541a	  x1=0x8000541a
       32305000	      3131	8000541a	a819	c.j	80005430	
       32325000	      3133	80005430	bffd	c.j	8000542e	
       32345000	      3135	8000542e	2011	c.jal	80005432	  x1=0x80005430
       32375000	      3138	80005432	ffbffb6f	jal	x22,8000542c	 x22=0x80005436
       32395000	      3140	8000542c	3fcd	c.jal	8000541e	  x1=0x8000542e
       32425000	      3143	8000541e	0040036f	jal	x6,80005422	  x6=0x80005422
       32455000	      3146	80005422	008000ef	jal	x1,8000542a	  x1=0x80005426
       32475000	      3148	8000542a	3ff5	c.jal	80005426	  x1=0x8000542c
       32505000	      3151	80005426	012000ef	jal	x1,80005438	  x1=0x8000542a
       32525000	      3153	80005438	fffff0ef	jal	x1,80005436	  x1=0x8000543c
       32545000	      3155	80005436	37dd	c.jal	8000541c	  x1=0x80005438
       32565000	      3157	8000541c	a005	c.j	8000543c	
       32585000	      3159	8000543c	0001	c.addi	x0,0	  x0:0x00000000  x0=0x00000000
       32595000	      3160	8000543e	008000ef	jal	x1,80005446	  x1=0x80005442
       32615000	      3162	80005446	2009	c.jal	80005448	  x1=0x80005448
       32635000	      3164	80005448	a019	c.j	8000544e	
       32665000	      3167	8000544e	010000ef	jal	x1,8000545e	  x1=0x80005452
       32695000	      3170	8000545e	004005ef	jal	x11,80005462	 x11=0x80005462
       32715000	      3172	80005462	3fe5	c.jal	8000545a	  x1=0x80005464
       32745000	      3175	8000545a	00e0056f	jal	x10,80005468	 x10=0x8000545e
       32765000	      3177	80005468	37f5	c.jal	80005454	  x1=0x8000546a
       32785000	      3179	80005454	a809	c.j	80005466	
       32805000	      3181	80005466	b7dd	c.j	8000544c	
       32825000	      3183	8000544c	3fdd	c.jal	80005442	  x1=0x8000544e
       32855000	      3186	80005442	0140026f	jal	x4,80005456	  x4=0x80005446
       32885000	      3189	80005456	ffdff26f	jal	x4,80005452	  x4=0x8000545a
       32905000	      3191	80005452	3fe5	c.jal	8000544a	  x1=0x80005454
       32925000	      3193	8000544a	2005	c.jal	8000546a	  x1=0x8000544c
       32945000	      3195	8000546a	3fed	c.jal	80005464	  x1=0x8000546c
       32965000	      3197	80005464	2021	c.jal	8000546c	  x1=0x80005466
       32985000	      3199	8000546c	01373db3	sltu	x27,x14,x19	 x14:0x80023ce4 x19:0x0000042e x27=0x00000000
       32995000	      3200	80005470	00c000ef	jal	x1,8000547c	  x1=0x80005474
       33015000	      3202	8000547c	0040036f	jal	x6,80005480	  x6=0x80005480
       33035000	      3204	80005480	006000ef	jal	x1,80005486	  x1=0x80005484
       33055000	      3206	80005486	bffd	c.j	80005484	
       33075000	      3208	80005484	2011	c.jal	80005488	  x1=0x80005486
       33095000	      3210	80005488	3fcd	c.jal	8000547a	  x1=0x8000548a
       33115000	      3212	8000547a	3ffd	c.jal	80005478	  x1=0x8000547c
       33135000	      3214	80005478	a811	c.j	8000548c	
       33155000	      3216	8000548c	bffd	c.j	8000548a	
       33175000	      3218	8000548a	b7ed	c.j	80005474	
       33195000	      3220	80005474	01a000ef	jal	x1,8000548e	  x1=0x80005478
       33585000	      3259	8000548e	021a6a33	rem	x20,x20,x1	 x20:0x80005310  x1:0x80005478 x20=0xfffffe98
       33595000	      3260	80005492	034000ef	jal	x1,800054c6	  x1=0x80005496
       33615000	      3262	800054c6	2011	c.jal	800054ca	  x1=0x800054c8
       33635000	      3264	800054ca	37ed	c.jal	800054b4	  x1=0x800054cc
       33655000	      3266	800054b4	a829	c.j	800054ce	
       33685000	      3269	800054ce	0080036f	jal	x6,800054d6	  x6=0x800054d2
       33715000	      3272	800054d6	00c0036f	jal	x6,800054e2	  x6=0x800054da
       33735000	      3274	800054e2	b7ed	c.j	800054cc	
       33755000	      3276	800054cc	bff5	c.j	800054c8	
       33775000	      3278	800054c8	3ff5	c.jal	800054c4	  x1=0x800054ca
       33795000	      3280	800054c4	b7dd	c.j	800054aa	
       33815000	      3282	800054aa	a821	c.j	800054c2	
       33835000	      3284	800054c2	b7c5	c.j	800054a2	
       33865000	      3287	800054a2	03c000ef	jal	x1,800054de	  x1=0x800054a6
       33895000	      3290	800054de	ff7ff0ef	jal	x1,800054d4	  x1=0x800054e2
       33915000	      3292	800054d4	b7ed	c.j	800054be	
       33935000	      3294	800054be	a811	c.j	800054d2	
       33955000	      3296	800054d2	3ff9	c.jal	800054b0	  x1=0x800054d4
       33975000	      3298	800054b0	b7e5	c.j	80005498	
       33995000	      3300	80005498	020000ef	jal	x1,800054b8	  x1=0x8000549c
       34015000	      3302	800054b8	200d	c.jal	800054da	  x1=0x800054ba
       34035000	      3304	800054da	a009	c.j	800054dc	
       34055000	      3306	800054dc	bf6d	c.j	80005496	
       34075000	      3308	80005496	a005	c.j	800054b6	
       34095000	      3310	800054b6	b7dd	c.j	8000549c	
       34115000	      3312	8000549c	0160026f	jal	x4,800054b2	  x4=0x800054a0
       34135000	      3314	800054b2	bfd5	c.j	800054a6	
       34165000	      3317	800054a6	ffbff36f	jal	x6,800054a0	  x6=0x800054aa
       34185000	      3319	800054a0	a031	c.j	800054ac	
       34205000	      3321	800054ac	00e00c6f	jal	x24,800054ba	 x24=0x800054b0
       34235000	      3324	800054ba	0060036f	jal	x6,800054c0	  x6=0x800054be
       34255000	      3326	800054c0	2015	c.jal	800054e4	  x1=0x800054c2
       34275000	      3328	800054e4	8ebb6393	ori	x7,x22,-1813	 x22:0x80005436  x7=0xfffffcff
       34285000	      3329	800054e8	016000ef	jal	x1,800054fe	  x1=0x800054ec
       34315000	      3332	800054fe	026000ef	jal	x1,80005524	  x1=0x80005502
       34335000	      3334	80005524	fc9ff26f	jal	x4,800054ec	  x4=0x80005528
       34355000	      3336	800054ec	a835	c.j	80005528	
       34375000	      3338	80005528	3fe9	c.jal	80005502	  x1=0x8000552a
       34395000	      3340	80005502	bfd5	c.j	800054f6	
       34425000	      3343	800054f6	020000ef	jal	x1,80005516	  x1=0x800054fa
       34445000	      3345	80005516	bfed	c.j	80005510	
       34465000	      3347	80005510	bff9	c.j	800054ee	
       34485000	      3349	800054ee	202d	c.jal	80005518	  x1=0x800054f0
       34505000	      3351	80005518	37fd	c.jal	80005506	  x1=0x8000551a
       34535000	      3354	80005506	00800def	jal	x27,8000550e	 x27=0x8000550a
       34555000	      3356	8000550e	2809	c.jal	80005520	  x1=0x80005510
       34575000	      3358	80005520	3ff1	c.jal	800054fc	  x1=0x80005522
       34595000	      3360	800054fc	a01d	c.j	80005522	
       34615000	      3362	80005522	37f9	c.jal	800054f0	  x1=0x80005524
       34635000	      3364	800054f0	200d	c.jal	80005512	  x1=0x800054f2
       34665000	      3367	80005512	ffbff0ef	jal	x1,8000550c	  x1=0x80005516
       34685000	      3369	8000550c	37dd	c.jal	800054f2	  x1=0x8000550e
       34715000	      3372	800054f2	012000ef	jal	x1,80005504	  x1=0x800054f6
       34735000	      3374	80005504	a819	c.j	8000551a	
       34765000	      3377	8000551a	004000ef	jal	x1,8000551e	  x1=0x8000551e
       34785000	      3379	8000551e	b7f5	c.j	8000550a	
       34805000	      3381	8000550a	3fc5	c.jal	800054fa	  x1=0x8000550c
       34825000	      3383	800054fa	a805	c.j	8000552a	
       34855000	      3386	8000552a	4079d6b3	sra	x13,x19,x7	 x19:0x0000042e  x7:0xfffffcff x13=0x00000000
       34865000	      3387	8000552e	014000ef	jal	x1,80005542	  x1=0x80005532
       34895000	      3390	80005542	012000ef	jal	x1,80005554	  x1=0x80005546
       34915000	      3392	80005554	fe9ffa6f	jal	x20,8000553c	 x20=0x80005558
       34935000	      3394	8000553c	012000ef	jal	x1,8000554e	  x1=0x80005540
       34955000	      3396	8000554e	2029	c.jal	80005558	  x1=0x80005550
       34975000	      3398	80005558	fddffb6f	jal	x22,80005534	 x22=0x8000555c
       34995000	      3400	80005534	2809	c.jal	80005546	  x1=0x80005536
       35015000	      3402	80005546	a011	c.j	8000554a	
       35035000	      3404	8000554a	2809	c.jal	8000555c	  x1=0x8000554c
       35055000	      3406	8000555c	bff9	c.j	8000553a	
       35075000	      3408	8000553a	a039	c.j	80005548	
       35095000	      3410	80005548	2029	c.jal	80005552	  x1=0x8000554a
       35115000	      3412	80005552	37fd	c.jal	80005540	  x1=0x80005554
       35135000	      3414	80005540	3fdd	c.jal	80005536	  x1=0x80005542
       35155000	      3416	80005536	3ff5	c.jal	80005532	  x1=0x80005538
       35175000	      3418	80005532	a019	c.j	80005538	
       35195000	      3420	80005538	2821	c.jal	80005550	  x1=0x8000553a
       35215000	      3422	80005550	bff5	c.j	8000554c	
       35235000	      3424	8000554c	2809	c.jal	8000555e	  x1=0x8000554e
       35265000	      3427	8000555e	01386433	or	x8,x16,x19	 x16:0x80005408 x19:0x0000042e  x8=0x8000542e
       35275000	      3428	80005562	01c000ef	jal	x1,8000557e	  x1=0x80005566
       35305000	      3431	8000557e	ffdff0ef	jal	x1,8000557a	  x1=0x80005582
       35325000	      3433	8000557a	2009	c.jal	8000557c	  x1=0x8000557c
       35345000	      3435	8000557c	3fd5	c.jal	80005570	  x1=0x8000557e
       35365000	      3437	80005570	ffbff0ef	jal	x1,8000556a	  x1=0x80005574
       35395000	      3440	8000556a	004000ef	jal	x1,8000556e	  x1=0x8000556e
       35415000	      3442	8000556e	a819	c.j	80005584	
       35435000	      3444	80005584	2019	c.jal	8000558a	  x1=0x80005586
       35455000	      3446	8000558a	37ed	c.jal	80005574	  x1=0x8000558c
       35475000	      3448	80005574	01200cef	jal	x25,80005586	 x25=0x80005578
       35495000	      3450	80005586	a009	c.j	80005588	
       35515000	      3452	80005588	3fed	c.jal	80005582	  x1=0x8000558a
       35535000	      3454	80005582	bfdd	c.j	80005578	
       35555000	      3456	80005578	bfc5	c.j	80005568	
       35575000	      3458	80005568	3ffd	c.jal	80005566	  x1=0x8000556a
       35595000	      3460	80005566	a01d	c.j	8000558c	
       35975000	      3498	8000558c	021173b3	remu	x7,x2,x1	  x2:0xf5e39895  x1:0x8000556a  x7=0x75e3432b
       35985000	      3499	80005590	01a000ef	jal	x1,800055aa	  x1=0x80005594
       36005000	      3501	800055aa	b7f5	c.j	80005596	
       36025000	      3503	80005596	a031	c.j	800055a2	
       36045000	      3505	800055a2	3fe5	c.jal	8000559a	  x1=0x800055a4
       36065000	      3507	8000559a	2039	c.jal	800055a8	  x1=0x8000559c
       36085000	      3509	800055a8	3fdd	c.jal	8000559e	  x1=0x800055aa
       36115000	      3512	8000559e	00e0026f	jal	x4,800055ac	  x4=0x800055a2
       36135000	      3514	800055ac	37e5	c.jal	80005594	  x1=0x800055ae
       36155000	      3516	80005594	2801	c.jal	800055a4	  x1=0x80005596
       36175000	      3518	800055a4	2009	c.jal	800055a6	  x1=0x800055a6
       36195000	      3520	800055a6	3fdd	c.jal	8000559c	  x1=0x800055a8
       36215000	      3522	8000559c	bff5	c.j	80005598	
       36235000	      3524	80005598	a819	c.j	800055ae	
       36265000	      3527	800055ae	401ad493	srai	x9,x21,0x1	 x21:0x75e19a6d  x9=0x3af0cd36
       36275000	      3528	800055b2	01e000ef	jal	x1,800055d0	  x1=0x800055b6
       36295000	      3530	800055d0	3fe5	c.jal	800055c8	  x1=0x800055d2
       36315000	      3532	800055c8	0160026f	jal	x4,800055de	  x4=0x800055cc
       36345000	      3535	800055de	ff7ff0ef	jal	x1,800055d4	  x1=0x800055e2
       36365000	      3537	800055d4	b7ed	c.j	800055be	
       36385000	      3539	800055be	282d	c.jal	800055f8	  x1=0x800055c0
       36405000	      3541	800055f8	fefff0ef	jal	x1,800055e6	  x1=0x800055fc
       36435000	      3544	800055e6	fe1ff0ef	jal	x1,800055c6	  x1=0x800055ea
       36455000	      3546	800055c6	2831	c.jal	800055e2	  x1=0x800055c8
       36485000	      3549	800055e2	ff1ff0ef	jal	x1,800055d2	  x1=0x800055e6
       36505000	      3551	800055d2	a019	c.j	800055d8	
       36525000	      3553	800055d8	3ff9	c.jal	800055b6	  x1=0x800055da
       36555000	      3556	800055b6	03c002ef	jal	x5,800055f2	  x5=0x800055ba
       36575000	      3558	800055f2	bfe5	c.j	800055ea	
       36595000	      3560	800055ea	3fe1	c.jal	800055c2	  x1=0x800055ec
       36625000	      3563	800055c2	ff9ff0ef	jal	x1,800055ba	  x1=0x800055c6
       36655000	      3566	800055ba	0140046f	jal	x8,800055ce	  x8=0x800055be
       36675000	      3568	800055ce	a01d	c.j	800055f4	
       36695000	      3570	800055f4	fd9ff0ef	jal	x1,800055cc	  x1=0x800055f8
       36715000	      3572	800055cc	bfd5	c.j	800055c0	
       36735000	      3574	800055c0	a835	c.j	800055fc	
       36755000	      3576	800055fc	b7c5	c.j	800055dc	
       36775000	      3578	800055dc	3ffd	c.jal	800055da	  x1=0x800055de
       36795000	      3580	800055da	2809	c.jal	800055ec	  x1=0x800055dc
       36815000	      3582	800055ec	004000ef	jal	x1,800055f0	  x1=0x800055f0
       36835000	      3584	800055f0	37dd	c.jal	800055d6	  x1=0x800055f2
       36855000	      3586	800055d6	2025	c.jal	800055fe	  x1=0x800055d8
       36905000	      3591	800055fe	03118fb3	mul	x31,x3,x17	  x3:0xfffffd7a x17:0x80004c5c x31=0xff3f4fd8
       36915000	      3592	80005602	00c000ef	jal	x1,8000560e	  x1=0x80005606
       36935000	      3594	8000560e	2021	c.jal	80005616	  x1=0x80005610
       36955000	      3596	80005616	a031	c.j	80005622	
       36975000	      3598	80005622	3fc5	c.jal	80005612	  x1=0x80005624
       36995000	      3600	80005612	2029	c.jal	8000561c	  x1=0x80005614
       37015000	      3602	8000561c	37fd	c.jal	8000560a	  x1=0x8000561e
       37045000	      3605	8000560a	01a000ef	jal	x1,80005624	  x1=0x8000560e
       37065000	      3607	80005624	b7f5	c.j	80005610	
       37085000	      3609	80005610	2011	c.jal	80005614	  x1=0x80005612
       37105000	      3611	80005614	a031	c.j	80005620	
       37125000	      3613	80005620	2021	c.jal	80005628	  x1=0x80005622
       37145000	      3615	80005628	ff1ffdef	jal	x27,80005618	 x27=0x8000562c
       37165000	      3617	80005618	006000ef	jal	x1,8000561e	  x1=0x8000561c
       37185000	      3619	8000561e	b7e5	c.j	80005606	
       37205000	      3621	80005606	a009	c.j	80005608	
       37225000	      3623	80005608	a015	c.j	8000562c	
       37245000	      3625	8000562c	3fed	c.jal	80005626	  x1=0x8000562e
       37265000	      3627	80005626	2021	c.jal	8000562e	  x1=0x80005628
       37285000	      3629	8000562e	699d	c.lui	x19,0x7	 x19=0x00007000
       37295000	      3630	80005630	01e000ef	jal	x1,8000564e	  x1=0x80005634
       37315000	      3632	8000564e	3fd5	c.jal	80005642	  x1=0x80005650
       37335000	      3634	80005642	a029	c.j	8000564c	
       37355000	      3636	8000564c	bff5	c.j	80005648	
       37375000	      3638	80005648	3ff5	c.jal	80005644	  x1=0x8000564a
       37395000	      3640	80005644	bfc5	c.j	80005634	
       37415000	      3642	80005634	a01d	c.j	8000565a	
       37435000	      3644	8000565a	b7d5	c.j	8000563e	
       37455000	      3646	8000563e	a819	c.j	80005654	
       37475000	      3648	80005654	bfcd	c.j	80005646	
       37495000	      3650	80005646	3fd5	c.jal	8000563a	  x1=0x80005648
       37515000	      3652	8000563a	2801	c.jal	8000564a	  x1=0x8000563c
       37535000	      3654	8000564a	3fdd	c.jal	80005640	  x1=0x8000564c
       37555000	      3656	80005640	3fe5	c.jal	80005638	  x1=0x80005642
       37575000	      3658	80005638	a80d	c.j	8000566a	
       37595000	      3660	8000566a	3fcd	c.jal	8000565c	  x1=0x8000566c
       37615000	      3662	8000565c	a011	c.j	80005660	
       37635000	      3664	80005660	bff1	c.j	8000563c	
       37655000	      3666	8000563c	2025	c.jal	80005664	  x1=0x8000563e
       37675000	      3668	80005664	a029	c.j	8000566e	
       37695000	      3670	8000566e	37e5	c.jal	80005656	  x1=0x80005670
       37715000	      3672	80005656	2031	c.jal	80005662	  x1=0x80005658
       37735000	      3674	80005662	bff5	c.j	8000565e	
       37755000	      3676	8000565e	3fe1	c.jal	80005636	  x1=0x80005660
       37775000	      3678	80005636	2829	c.jal	80005650	  x1=0x80005638
       37795000	      3680	80005650	01c000ef	jal	x1,8000566c	  x1=0x80005654
       37815000	      3682	8000566c	3ff5	c.jal	80005668	  x1=0x8000566e
       37835000	      3684	80005668	3fc5	c.jal	80005658	  x1=0x8000566a
       37855000	      3686	80005658	a039	c.j	80005666	
       37875000	      3688	80005666	a029	c.j	80005670	
       37895000	      3690	80005670	8535	c.srai	x10,0xd	 x10:0x8000545e x10=0xfffc0002
       37905000	      3691	80005672	40440233	sub	x4,x8,x4	  x8:0x800055be  x4:0x800055cc  x4=0xfffffff2
       37915000	      3692	80005676	1ca5cc93	xori	x25,x11,458	 x11:0x80005462 x25=0x800055a8
       37925000	      3693	8000567a	6b31	c.lui	x22,0xc	 x22=0x0000c000
       37935000	      3694	8000567c	019031b3	sltu	x3,x0,x25	  x0:0x00000000 x25:0x800055a8  x3=0x00000001
       37945000	      3695	80005680	86b1	c.srai	x13,0xc	 x13:0x00000000 x13=0x00000000
       37955000	      3696	80005682	00da7963	bgeu	x20,x13,80005694	 x20:0x80005558 x13:0x00000000
       37975000	      3698	80005694	e78d	c.bnez	x15,800056be	 x15:0x8000529e
       38005000	      3701	800056be	4093d4b3	sra	x9,x7,x9	  x7:0x75e3432b  x9:0x3af0cd36  x9=0x000001d7
       38015000	      3702	800056c2	8ef5	c.and	x13,x13	 x13:0x00000000 x13:0x00000000 x13=0x00000000
       38025000	      3703	800056c4	0077a333	slt	x6,x15,x7	 x15:0x8000529e  x7:0x75e3432b  x6=0x00000001
       38035000	      3704	800056c8	52268e93	addi	x29,x13,1314	 x13:0x00000000 x29=0x00000522
       38045000	      3705	800056cc	c69d	c.beqz	x13,800056fa	 x13:0x00000000
       38075000	      3708	800056fa	6b1a4b13	xori	x22,x20,1713	 x20:0x80005558 x22=0x800053e9
       38085000	      3709	800056fe	001d9a93	slli	x21,x27,0x1	 x27:0x8000562c x21=0x0000ac58
       38095000	      3710	80005702	015f1c33	sll	x24,x30,x21	 x30:0x80005096 x21:0x0000ac58 x24=0x96000000
       38105000	      3711	80005706	00b1	c.addi	x1,12	  x1:0x8000566a  x1=0x80005676
       38115000	      3712	80005708	746f6d93	ori	x27,x30,1862	 x30:0x80005096 x27=0x800057d6
       38125000	      3713	8000570c	019f7533	and	x10,x30,x25	 x30:0x80005096 x25:0x800055a8 x10=0x80005080
       38135000	      3714	80005710	8f95	c.sub	x15,x13	 x15:0x8000529e x13:0x00000000 x15=0x8000529e
       38145000	      3715	80005712	0ff0000f	fence	iorw,iorw	
       38155000	      3716	80005716	e3254893	xori	x17,x10,-462	 x10:0x80005080 x17=0x7fffaeb2
       38165000	      3717	8000571a	406e5333	sra	x6,x28,x6	 x28:0x80004bb0  x6:0x00000001  x6=0xc00025d8
       38175000	      3718	8000571e	0001	c.addi	x0,0	  x0:0x00000000  x0=0x00000000
       38185000	      3719	80005720	e299	c.bnez	x13,80005726	 x13:0x00000000
       38195000	      3720	80005722	60003013	sltiu	x0,x0,1536	  x0:0x00000000  x0=0x00000000
       38565000	      3757	80005726	032e6333	rem	x6,x28,x18	 x28:0x80004bb0 x18:0x4f6e0000  x6=0xcf6e4bb0
       38575000	      3758	8000572a	8d7d	c.and	x10,x15	 x10:0x80005080 x15:0x8000529e x10=0x80005080
       38585000	      3759	8000572c	7ce96d93	ori	x27,x18,1998	 x18:0x4f6e0000 x27=0x4f6e07ce
       38605000	      3761	80005730	020965b3	rem	x11,x18,x0	 x18:0x4f6e0000  x0:0x00000000 x11=0x4f6e0000
       38645000	      3765	80005734	03c2a833	mulhsu	x16,x5,x28	  x5:0x800055ba x28:0x80004bb0 x16=0xc0000505
       38655000	      3766	80005738	8915	c.andi	x10,5	 x10:0x80005080 x10=0x00000000
       38665000	      3767	8000573a	4585	c.li	x11,1	 x11=0x00000001
       39035000	      3804	8000573c	02c26eb3	rem	x29,x4,x12	  x4:0xfffffff2 x12:0x8001fe4c x29=0xfffffff2
       39045000	      3805	80005740	6bc9	c.lui	x23,0x12	 x23=0x00012000
       39055000	      3806	80005742	9a06	c.add	x20,x1	 x20:0x80005558  x1:0x80005676 x20=0x0000abce
       39065000	      3807	80005744	01de3e33	sltu	x28,x28,x29	 x28:0x80004bb0 x29:0xfffffff2 x28=0x00000001
       39075000	      3808	80005748	02464063	blt	x12,x4,80005768	 x12:0x8001fe4c  x4:0xfffffff2
       39095000	      3810	80005768	69e22b13	slti	x22,x4,1694	  x4:0xfffffff2 x22=0x00000001
       39105000	      3811	8000576c	d5473693	sltiu	x13,x14,-684	 x14:0x80023ce4 x13=0x00000001
       39115000	      3812	80005770	0000100f	fence.i	
       39135000	      3814	80005774	018395b3	sll	x11,x7,x24	  x7:0x75e3432b x24:0x96000000 x11=0x75e3432b
       39145000	      3815	80005778	0001	c.addi	x0,0	  x0:0x00000000  x0=0x00000000
       39155000	      3816	8000577a	00a34eb3	xor	x29,x6,x10	  x6:0xcf6e4bb0 x10:0x00000000 x29=0xcf6e4bb0
       39165000	      3817	8000577e	41135793	srai	x15,x6,0x11	  x6:0xcf6e4bb0 x15=0xffffe7b7
       39175000	      3818	80005782	0170ad33	slt	x26,x1,x23	  x1:0x80005676 x23:0x00012000 x26=0x00000001
       39185000	      3819	80005786	0001	c.addi	x0,0	  x0:0x00000000  x0=0x00000000
       39195000	      3820	80005788	09142913	slti	x18,x8,145	  x8:0x800055be x18=0x00000001
       39205000	      3821	8000578c	f54ba513	slti	x10,x23,-172	 x23:0x00012000 x10=0x00000000
       39215000	      3822	80005790	8881	c.andi	x9,0	  x9:0x000001d7  x9=0x00000000
       39225000	      3823	80005792	c0aec0b7	lui	x1,0xc0aec	  x1=0xc0aec000
       39235000	      3824	80005796	cd09	c.beqz	x10,800057b0	 x10:0x00000000
       39255000	      3826	800057b0	0001	c.addi	x0,0	  x0:0x00000000  x0=0x00000000
       39265000	      3827	800057b2	0ff0000f	fence	iorw,iorw	
       39275000	      3828	800057b6	84e5	c.srai	x9,0x19	  x9:0x00000000  x9=0x00000000
       39285000	      3829	800057b8	f8a1b813	sltiu	x16,x3,-118	  x3:0x00000001 x16=0x00000001
       39295000	      3830	800057bc	41dcda13	srai	x20,x25,0x1d	 x25:0x800055a8 x20=0xfffffffc
       39305000	      3831	800057c0	41365e93	srai	x29,x12,0x13	 x12:0x8001fe4c x29=0xfffff000
       39315000	      3832	800057c4	00f86833	or	x16,x16,x15	 x16:0x00000001 x15:0xffffe7b7 x16=0xffffe7b7
       39325000	      3833	800057c8	00f29893	slli	x17,x5,0xf	  x5:0x800055ba x17=0x2add0000
       39335000	      3834	800057cc	33a62d93	slti	x27,x12,826	 x12:0x8001fe4c x27=0x00000001
       39345000	      3835	800057d0	41395513	srai	x10,x18,0x13	 x18:0x00000001 x10=0x00000000
       39715000	      3872	800057d4	023ac8b3	div	x17,x21,x3	 x21:0x0000ac58  x3:0x00000001 x17=0x0000ac58
       39725000	      3873	800057d8	016397b3	sll	x15,x7,x22	  x7:0x75e3432b x22:0x00000001 x15=0xebc68656
       40095000	      3910	800057dc	03036033	rem	x0,x6,x16	  x6:0xcf6e4bb0 x16:0xffffe7b7  x0=0x00000000
       40465000	      3947	800057e0	02d8d233	divu	x4,x17,x13	 x17:0x0000ac58 x13:0x00000001  x4=0x0000ac58
       40475000	      3948	800057e4	03496163	bltu	x18,x20,80005806	 x18:0x00000001 x20:0xfffffffc
       40865000	      3987	80005806	03bffdb3	remu	x27,x31,x27	 x31:0xff3f4fd8 x27:0x00000001 x27=0x00000000
       40875000	      3988	8000580a	81fe	c.mv	x3,x31	  x0:0x00000000 x31:0xff3f4fd8  x3=0xff3f4fd8
       40885000	      3989	8000580c	01bb4d63	blt	x22,x27,80005826	 x22:0x00000001 x27:0x00000000
       40895000	      3990	80005810	00197e33	and	x28,x18,x1	 x18:0x00000001  x1:0xc0aec000 x28=0x00000000
       40905000	      3991	80005814	0046b833	sltu	x16,x13,x4	 x13:0x00000001  x4:0x0000ac58 x16=0x00000001
       40915000	      3992	80005818	0000100f	fence.i	
       40935000	      3994	8000581c	0171ed63	bltu	x3,x23,80005836	  x3:0xff3f4fd8 x23:0x00012000
       41305000	      4031	80005820	024669b3	rem	x19,x12,x4	 x12:0x8001fe4c  x4:0x0000ac58 x19=0xffff809c
       41315000	      4032	80005824	8d3d	c.xor	x10,x15	 x10:0x00000000 x15:0xebc68656 x10=0xebc68656
       41325000	      4033	80005826	40cd8c33	sub	x24,x27,x12	 x27:0x00000000 x12:0x8001fe4c x24=0x7ffe01b4
       41335000	      4034	8000582a	0000100f	fence.i	
       41365000	      4037	8000582e	de8a8993	addi	x19,x21,-536	 x21:0x0000ac58 x19=0x0000aa40
       41735000	      4074	80005832	02aec4b3	div	x9,x29,x10	 x29:0xfffff000 x10:0xebc68656  x9=0x00000000
       42105000	      4111	80005836	03d747b3	div	x15,x14,x29	 x14:0x80023ce4 x29:0xfffff000 x15=0x0007ffdc
       42115000	      4112	8000583a	02257363	bgeu	x10,x2,80005860	 x10:0xebc68656  x2:0xf5e39895
       42125000	      4113	8000583e	00ba4f33	xor	x30,x20,x11	 x20:0xfffffffc x11:0x75e3432b x30=0x8a1cbcd7
       42135000	      4114	80005842	40f30e33	sub	x28,x6,x15	  x6:0xcf6e4bb0 x15:0x0007ffdc x28=0xcf664bd4
       42145000	      4115	80005846	01e2f833	and	x16,x5,x30	  x5:0x800055ba x30:0x8a1cbcd7 x16=0x80001492
       42155000	      4116	8000584a	01675863	bge	x14,x22,8000585a	 x14:0x80023ce4 x22:0x00000001
       42165000	      4117	8000584e	0000100f	fence.i	
       42195000	      4120	80005852	0000100f	fence.i	
       42225000	      4123	80005856	f8bf4c93	xori	x25,x30,-117	 x30:0x8a1cbcd7 x25=0x75e3435c
       42235000	      4124	8000585a	01dab033	sltu	x0,x21,x29	 x21:0x0000ac58 x29:0xfffff000  x0=0x00000000
       42245000	      4125	8000585e	8f91	c.sub	x15,x12	 x15:0x0007ffdc x12:0x8001fe4c x15=0x80060190
       42615000	      4162	80005860	03e94cb3	div	x25,x18,x30	 x18:0x00000001 x30:0x8a1cbcd7 x25=0x00000000
       42625000	      4163	80005864	01729463	bne	x5,x23,8000586c	  x5:0x800055ba x23:0x00012000
       42645000	      4165	8000586c	01fb0033	add	x0,x22,x31	 x22:0x00000001 x31:0xff3f4fd8  x0=0x00000000
       42655000	      4166	80005870	8f8d	c.sub	x15,x11	 x15:0x80060190 x11:0x75e3432b x15=0x0a22be65
       42665000	      4167	80005872	41780033	sub	x0,x16,x23	 x16:0x80001492 x23:0x00012000  x0=0x00000000
       42675000	      4168	80005876	0b65	c.addi	x22,25	 x22:0x00000001 x22=0x0000001a
       42685000	      4169	80005878	01f18463	beq	x3,x31,80005880	  x3:0xff3f4fd8 x31:0xff3f4fd8
       42705000	      4171	80005880	02f4d763	bge	x9,x15,800058ae	  x9:0x00000000 x15:0x0a22be65
       42715000	      4172	80005884	14fd	c.addi	x9,-1	  x9:0x00000000  x9=0xffffffff
       42725000	      4173	80005886	0ff0000f	fence	iorw,iorw	
       42735000	      4174	8000588a	015837b3	sltu	x15,x16,x21	 x16:0x80001492 x21:0x0000ac58 x15=0x00000000
       42745000	      4175	8000588e	8ea5	c.xor	x13,x9	 x13:0x00000001  x9:0xffffffff x13=0xfffffffe
       42755000	      4176	80005890	9fa2	c.add	x31,x8	 x31:0xff3f4fd8  x8:0x800055be x31=0x7f3fa596
       42795000	      4180	80005892	0203a4b3	mulhsu	x9,x7,x0	  x7:0x75e3432b  x0:0x00000000  x9=0x00000000
       42825000	      4183	80005896	03e48db3	mul	x27,x9,x30	  x9:0x00000000 x30:0x8a1cbcd7 x27=0x00000000
       42835000	      4184	8000589a	40f75eb3	sra	x29,x14,x15	 x14:0x80023ce4 x15:0x00000000 x29=0x80023ce4
       42845000	      4185	8000589e	01681693	slli	x13,x16,0x16	 x16:0x80001492 x13=0x24800000
       42855000	      4186	800058a2	410b5e33	sra	x28,x22,x16	 x22:0x0000001a x16:0x80001492 x28=0x00000000
       42865000	      4187	800058a6	01ca1db3	sll	x27,x20,x28	 x20:0xfffffffc x28:0x00000000 x27=0xfffffffc
       42875000	      4188	800058aa	01b53d33	sltu	x26,x10,x27	 x10:0xebc68656 x27:0xfffffffc x26=0x00000001
       42885000	      4189	800058ae	0001	c.addi	x0,0	  x0:0x00000000  x0=0x00000000
       42895000	      4190	800058b0	006c1393	slli	x7,x24,0x6	 x24:0x7ffe01b4  x7=0xff806d00
       43265000	      4227	800058b4	03b9de33	divu	x28,x19,x27	 x19:0x0000aa40 x27:0xfffffffc x28=0x00000000
       43275000	      4228	800058b8	9d5a	c.add	x26,x22	 x26:0x00000001 x22:0x0000001a x26=0x0000001b
       43285000	      4229	800058ba	5dfd	c.li	x27,-1	 x27=0xffffffff
       43295000	      4230	800058bc	006c5d33	srl	x26,x24,x6	 x24:0x7ffe01b4  x6:0xcf6e4bb0 x26=0x00007ffe
       43305000	      4231	800058c0	32ca7d13	andi	x26,x20,812	 x20:0xfffffffc x26=0x0000032c
       43315000	      4232	800058c4	034e0863	beq	x28,x20,800058f4	 x28:0x00000000 x20:0xfffffffc
       43685000	      4269	800058c8	034240b3	div	x1,x4,x20	  x4:0x0000ac58 x20:0xfffffffc  x1=0xffffd4ea
       43695000	      4270	800058cc	810d	c.srli	x10,0x3	 x10:0xebc68656 x10=0x1d78d0ca
       44065000	      4307	800058ce	0356c6b3	div	x13,x13,x21	 x13:0x24800000 x21:0x0000ac58 x13=0x00003637
       44075000	      4308	800058d2	417a5793	srai	x15,x20,0x17	 x20:0xfffffffc x15=0xffffffff
       44085000	      4309	800058d6	49f1	c.li	x19,28	 x19=0x0000001c
       44095000	      4310	800058d8	015cc533	xor	x10,x25,x21	 x25:0x00000000 x21:0x0000ac58 x10=0x0000ac58
       44135000	      4314	800058dc	02c69db3	mulh	x27,x13,x12	 x13:0x00003637 x12:0x8001fe4c x27=0xffffe4e4
       44145000	      4315	800058e0	8fa9	c.xor	x15,x10	 x15:0xffffffff x10:0x0000ac58 x15=0xffff53a7
       44155000	      4316	800058e2	8596	c.mv	x11,x5	  x0:0x00000000  x5:0x800055ba x11=0x800055ba
       44165000	      4317	800058e4	8bdd	c.andi	x15,23	 x15:0xffff53a7 x15=0x00000007
       44175000	      4318	800058e6	0d574a13	xori	x20,x14,213	 x14:0x80023ce4 x20=0x80023c31
       44185000	      4319	800058ea	0449	c.addi	x8,18	  x8:0x800055be  x8=0x800055d0
       44195000	      4320	800058ec	010e7e63	bgeu	x28,x16,80005908	 x28:0x00000000 x16:0x80001492
       44205000	      4321	800058f0	32057513	andi	x10,x10,800	 x10:0x0000ac58 x10=0x00000000
       44215000	      4322	800058f4	000bea63	bltu	x23,x0,80005908	 x23:0x00012000  x0:0x00000000
       44225000	      4323	800058f8	747c6313	ori	x6,x24,1863	 x24:0x7ffe01b4  x6=0x7ffe07f7
       44265000	      4327	800058fc	0215b1b3	mulhu	x3,x11,x1	 x11:0x800055ba  x1:0xffffd4ea  x3=0x8000402e
       44275000	      4328	80005900	4f98b313	sltiu	x6,x17,1273	 x17:0x0000ac58  x6=0x00000000
       44285000	      4329	80005904	8d4d	c.or	x10,x11	 x10:0x00000000 x11:0x800055ba x10=0x800055ba
       44295000	      4330	80005906	8c9d	c.sub	x9,x15	  x9:0x00000000 x15:0x00000007  x9=0xfffffff9
       44305000	      4331	80005908	0001	c.addi	x0,0	  x0:0x00000000  x0=0x00000000
       44315000	      4332	8000590a	40c60cb3	sub	x25,x12,x12	 x12:0x8001fe4c x12:0x8001fe4c x25=0x00000000
       44685000	      4369	8000590e	023bc9b3	div	x19,x23,x3	 x23:0x00012000  x3:0x8000402e x19=0x00000000
       44695000	      4370	80005912	417fd533	sra	x10,x31,x23	 x31:0x7f3fa596 x23:0x00012000 x10=0x7f3fa596
       45065000	      4407	80005916	022c49b3	div	x19,x24,x2	 x24:0x7ffe01b4  x2:0xf5e39895 x19=0xfffffff4
       45075000	      4408	8000591a	00bd2e33	slt	x28,x26,x11	 x26:0x0000032c x11:0x800055ba x28=0x00000000
       45085000	      4409	8000591e	028c1563	bne	x24,x8,80005948	 x24:0x7ffe01b4  x8:0x800055d0
       45125000	      4413	80005948	033d84b3	mul	x9,x27,x19	 x27:0xffffe4e4 x19:0xfffffff4  x9=0x00014550
       45135000	      4414	8000594c	0089cfb3	xor	x31,x19,x8	 x19:0xfffffff4  x8:0x800055d0 x31=0x7fffaa24
       45145000	      4415	80005950	d76ee5b7	lui	x11,0xd76ee	 x11=0xd76ee000
       45155000	      4416	80005954	4f2fab13	slti	x22,x31,1266	 x31:0x7fffaa24 x22=0x00000000
       45525000	      4453	80005958	03a9c7b3	div	x15,x19,x26	 x19:0xfffffff4 x26:0x0000032c x15=0x00000000
       45535000	      4454	8000595c	01f640b3	xor	x1,x12,x31	 x12:0x8001fe4c x31:0x7fffaa24  x1=0xfffe5468
       45545000	      4455	80005960	4d65	c.li	x26,25	 x26=0x00000019
       45555000	      4456	80005962	8ead	c.xor	x13,x11	 x13:0x00003637 x11:0xd76ee000 x13=0xd76ed637
       45565000	      4457	80005964	8da9	c.xor	x11,x10	 x11:0xd76ee000 x10:0x7f3fa596 x11=0xa8514596
       45575000	      4458	80005966	d3022a93	slti	x21,x4,-720	  x4:0x0000ac58 x21=0x00000000
       45585000	      4459	8000596a	1ba07f93	andi	x31,x0,442	  x0:0x00000000 x31=0x00000000
       45955000	      4496	8000596e	0316e2b3	rem	x5,x13,x17	 x13:0xd76ed637 x17:0x0000ac58  x5=0xffffe4e7
       45965000	      4497	80005972	0000100f	fence.i	
       45995000	      4500	80005976	402f5b13	srai	x22,x30,0x2	 x30:0x8a1cbcd7 x22=0xe2872f35
       46005000	      4501	8000597a	8d7d	c.and	x10,x15	 x10:0x7f3fa596 x15:0x00000000 x10=0x00000000
       46035000	      4504	8000597c	02d48cb3	mul	x25,x9,x13	  x9:0x00014550 x13:0xd76ed637 x25=0x0896c430
       46045000	      4505	80005980	01390cb3	add	x25,x18,x19	 x18:0x00000001 x19:0xfffffff4 x25=0xfffffff5
       46055000	      4506	80005984	82cd	c.srli	x13,0x13	 x13:0xd76ed637 x13=0x00001aed
       46065000	      4507	80005986	8d67f893	andi	x17,x15,-1834	 x15:0x00000000 x17=0x00000000
       46075000	      4508	8000598a	ecbfb413	sltiu	x8,x31,-309	 x31:0x00000000  x8=0x00000001
       46085000	      4509	8000598e	80d5	c.srli	x9,0x15	  x9:0x00014550  x9=0x00000000
       46095000	      4510	80005990	001f9eb3	sll	x29,x31,x1	 x31:0x00000000  x1:0xfffe5468 x29=0x00000000
       46105000	      4511	80005994	547d	c.li	x8,-1	  x8=0xffffffff
       46115000	      4512	80005996	0165ce33	xor	x28,x11,x22	 x11:0xa8514596 x22:0xe2872f35 x28=0x4ad66aa3
       46125000	      4513	8000599a	049c4363	blt	x24,x9,800059e0	 x24:0x7ffe01b4  x9:0x00000000
       46155000	      4516	8000599e	03d68a33	mul	x20,x13,x29	 x13:0x00001aed x29:0x00000000 x20=0x00000000
       46165000	      4517	800059a2	03a5cb63	blt	x11,x26,800059d8	 x11:0xa8514596 x26:0x00000019
       46185000	      4519	800059d8	0166cab3	xor	x21,x13,x22	 x13:0x00001aed x22:0xe2872f35 x21=0xe28735d8
       46195000	      4520	800059dc	87b5	c.srai	x15,0xd	 x15:0x00000000 x15=0x00000000
       46205000	      4521	800059de	8dbd	c.xor	x11,x15	 x11:0xa8514596 x15:0x00000000 x11=0xa8514596
       46215000	      4522	800059e0	9bfd	c.andi	x15,-1	 x15:0x00000000 x15=0x00000000
       46225000	      4523	800059e2	00f21263	bne	x4,x15,800059e6	  x4:0x0000ac58 x15:0x00000000
       46275000	      4528	800059e6	03c30433	mul	x8,x6,x28	  x6:0x00000000 x28:0x4ad66aa3  x8=0x00000000
       46285000	      4529	800059ea	41c052b3	sra	x5,x0,x28	  x0:0x00000000 x28:0x4ad66aa3  x5=0x00000000
       46325000	      4533	800059ee	027e9c33	mulh	x24,x29,x7	 x29:0x00000000  x7:0xff806d00 x24=0x00000000
       46335000	      4534	800059f2	69ad3b13	sltiu	x22,x26,1690	 x26:0x00000019 x22=0x00000001
       46345000	      4535	800059f6	91ce0513	addi	x10,x28,-1764	 x28:0x4ad66aa3 x10=0x4ad663bf
       46355000	      4536	800059fa	8ccd	c.or	x9,x11	  x9:0x00000000 x11:0xa8514596  x9=0xa8514596
       46365000	      4537	800059fc	8fe1	c.and	x15,x8	 x15:0x00000000  x8:0x00000000 x15=0x00000000
       46375000	      4538	800059fe	01ce7533	and	x10,x28,x28	 x28:0x4ad66aa3 x28:0x4ad66aa3 x10=0x4ad66aa3
       46385000	      4539	80005a02	03035863	bge	x6,x16,80005a32	  x6:0x00000000 x16:0x80001492
       46415000	      4542	80005a32	40c08c33	sub	x24,x1,x12	  x1:0xfffe5468 x12:0x8001fe4c x24=0x7ffc561c
       46425000	      4543	80005a36	8c2d	c.xor	x8,x11	  x8:0x00000000 x11:0xa8514596  x8=0xa8514596
       46795000	      4580	80005a38	03cfca33	div	x20,x31,x28	 x31:0x00000000 x28:0x4ad66aa3 x20=0x00000000
       47165000	      4617	80005a3c	028ee6b3	rem	x13,x29,x8	 x29:0x00000000  x8:0xa8514596 x13=0x00000000
       47185000	      4619	80005a40	020dfc33	remu	x24,x27,x0	 x27:0xffffe4e4  x0:0x00000000 x24=0xffffe4e4
       47195000	      4620	80005a44	409c5033	sra	x0,x24,x9	 x24:0xffffe4e4  x9:0xa8514596  x0=0x00000000
       47205000	      4621	80005a48	02130863	beq	x6,x1,80005a78	  x6:0x00000000  x1:0xfffe5468
       47245000	      4625	80005a4c	03743433	mulhu	x8,x8,x23	  x8:0xa8514596 x23:0x00012000  x8=0x0000bd5b
       47265000	      4627	80005a50	03186ab3	rem	x21,x16,x17	 x16:0x80001492 x17:0x00000000 x21=0x80001492
       47275000	      4628	80005a54	01addf33	srl	x30,x27,x26	 x27:0xffffe4e4 x26:0x00000019 x30=0x0000007f
       47285000	      4629	80005a58	00accf63	blt	x25,x10,80005a76	 x25:0xfffffff5 x10:0x4ad66aa3
       47305000	      4631	80005a76	8de1	c.and	x11,x8	 x11:0xa8514596  x8:0x0000bd5b x11=0x00000512
       47675000	      4668	80005a78	0240dfb3	divu	x31,x1,x4	  x1:0xfffe5468  x4:0x0000ac58 x31=0x00017c40
       47685000	      4669	80005a7c	409f8333	sub	x6,x31,x9	 x31:0x00017c40  x9:0xa8514596  x6=0x57b036aa
       47695000	      4670	80005a80	00e89393	slli	x7,x17,0xe	 x17:0x00000000  x7=0x00000000
       47705000	      4671	80005a84	0001	c.addi	x0,0	  x0:0x00000000  x0=0x00000000
       47715000	      4672	80005a86	00ef1213	slli	x4,x30,0xe	 x30:0x0000007f  x4=0x001fc000
       48085000	      4709	80005a8a	028cc933	div	x18,x25,x8	 x25:0xfffffff5  x8:0x0000bd5b x18=0x00000000
       48095000	      4710	80005a8e	00af6db3	or	x27,x30,x10	 x30:0x0000007f x10:0x4ad66aa3 x27=0x4ad66aff
       48105000	      4711	80005a92	0001	c.addi	x0,0	  x0:0x00000000  x0=0x00000000
       48475000	      4748	80005a94	02a8c433	div	x8,x17,x10	 x17:0x00000000 x10:0x4ad66aa3  x8=0x00000000
       48515000	      4752	80005a98	03e12bb3	mulhsu	x23,x2,x30	  x2:0xf5e39895 x30:0x0000007f x23=0xfffffffa
       48525000	      4753	80005a9c	011bc1b3	xor	x3,x23,x17	 x23:0xfffffffa x17:0x00000000  x3=0xfffffffa
       48535000	      4754	80005aa0	8fcd	c.or	x15,x11	 x15:0x00000000 x11:0x00000512 x15=0x00000512
       48565000	      4757	80005aa2	02760833	mul	x16,x12,x7	 x12:0x8001fe4c  x7:0x00000000 x16=0x00000000
       48575000	      4758	80005aa6	d5e1b693	sltiu	x13,x3,-674	  x3:0xfffffffa x13=0x00000000
       48615000	      4762	80005aaa	03673233	mulhu	x4,x14,x22	 x14:0x80023ce4 x22:0x00000001  x4=0x00000000
       48655000	      4766	80005aae	031e9933	mulh	x18,x29,x17	 x29:0x00000000 x17:0x00000000 x18=0x00000000
       48665000	      4767	80005ab2	a1efa817	auipc	x16,0xa1efa	 x16=0x21effab2
       48675000	      4768	80005ab6	06b5	c.addi	x13,13	 x13:0x00000000 x13=0x0000000d
       48685000	      4769	80005ab8	0ff0000f	fence	iorw,iorw	
       48695000	      4770	80005abc	0ff0000f	fence	iorw,iorw	
       48705000	      4771	80005ac0	ad87b413	sltiu	x8,x15,-1320	 x15:0x00000512  x8=0x00000001
       48715000	      4772	80005ac4	02314793	xori	x15,x2,35	  x2:0xf5e39895 x15=0xf5e398b6
       49085000	      4809	80005ac8	037c5333	divu	x6,x24,x23	 x24:0xffffe4e4 x23:0xfffffffa  x6=0x00000000
       49095000	      4810	80005acc	00ab3233	sltu	x4,x22,x10	 x22:0x00000001 x10:0x4ad66aa3  x4=0x00000001
       49105000	      4811	80005ad0	4059dcb3	sra	x25,x19,x5	 x19:0xfffffff4  x5:0x00000000 x25=0xfffffff4
       49115000	      4812	80005ad4	00c0fcb3	and	x25,x1,x12	  x1:0xfffe5468 x12:0x8001fe4c x25=0x80005448
       49125000	      4813	80005ad8	0137de33	srl	x28,x15,x19	 x15:0xf5e398b6 x19:0xfffffff4 x28=0x00000f5e
       49135000	      4814	80005adc	00506863	bltu	x0,x5,80005aec	  x0:0x00000000  x5:0x00000000
       49145000	      4815	80005ae0	f841b793	sltiu	x15,x3,-124	  x3:0xfffffffa x15=0x00000000
       49155000	      4816	80005ae4	05aa4063	blt	x20,x26,80005b24	 x20:0x00000000 x26:0x00000019
       49175000	      4818	80005b24	01990263	beq	x18,x25,80005b28	 x18:0x00000000 x25:0x80005448
       49185000	      4819	80005b28	5db4c093	xori	x1,x9,1499	  x9:0xa8514596  x1=0xa851404d
       49195000	      4820	80005b2c	036d6963	bltu	x26,x22,80005b5e	 x26:0x00000019 x22:0x00000001
       49205000	      4821	80005b30	042e	c.slli	x8,0xb	  x8:0x00000001  x8=0x00000800
       49245000	      4825	80005b32	03dd2db3	mulhsu	x27,x26,x29	 x26:0x00000019 x29:0x00000000 x27=0x00000000
       49255000	      4826	80005b36	015f9d13	slli	x26,x31,0x15	 x31:0x00017c40 x26=0x88000000
       49265000	      4827	80005b3a	9eb6	c.add	x29,x13	 x29:0x00000000 x13:0x0000000d x29=0x0000000d
       49635000	      4864	80005b3c	029f6b33	rem	x22,x30,x9	 x30:0x0000007f  x9:0xa8514596 x22=0x0000007f
       50005000	      4901	80005b40	02bdca33	div	x20,x27,x11	 x27:0x00000000 x11:0x00000512 x20=0x00000000
       50015000	      4902	80005b44	03870363	beq	x14,x24,80005b6a	 x14:0x80023ce4 x24:0xffffe4e4
       50025000	      4903	80005b48	03415463	bge	x2,x20,80005b70	  x2:0xf5e39895 x20:0x00000000
       50035000	      4904	80005b4c	054a	c.slli	x10,0x12	 x10:0x4ad66aa3 x10=0xaa8c0000
       50045000	      4905	80005b4e	0001	c.addi	x0,0	  x0:0x00000000  x0=0x00000000
       50055000	      4906	80005b50	0133eb33	or	x22,x7,x19	  x7:0x00000000 x19:0xfffffff4 x22=0xfffffff4
       50065000	      4907	80005b54	00567b63	bgeu	x12,x5,80005b6a	 x12:0x8001fe4c  x5:0x00000000
       50095000	      4910	80005b6a	b15a7993	andi	x19,x20,-1259	 x20:0x00000000 x19=0x00000000
       50105000	      4911	80005b6e	8c6d	c.and	x8,x11	  x8:0x00000800 x11:0x00000512  x8=0x00000000
       50115000	      4912	80005b70	01e0f933	and	x18,x1,x30	  x1:0xa851404d x30:0x0000007f x18=0x0000004d
       50125000	      4913	80005b74	006045b3	xor	x11,x0,x6	  x0:0x00000000  x6:0x00000000 x11=0x00000000
       50135000	      4914	80005b78	8c7d	c.and	x8,x15	  x8:0x00000000 x15:0x00000000  x8=0x00000000
       50145000	      4915	80005b7a	8841	c.andi	x8,16	  x8:0x00000000  x8=0x00000000
       50155000	      4916	80005b7c	44612c13	slti	x24,x2,1094	  x2:0xf5e39895 x24=0x00000001
       50165000	      4917	80005b80	8cc5	c.or	x9,x9	  x9:0xa8514596  x9:0xa8514596  x9=0xa8514596
       50205000	      4921	80005b82	02fea1b3	mulhsu	x3,x29,x15	 x29:0x0000000d x15:0x00000000  x3=0x00000000
       50215000	      4922	80005b86	50fd	c.li	x1,-1	  x1=0xffffffff
       50225000	      4923	80005b88	1e7d	c.addi	x28,-1	 x28:0x00000f5e x28=0x00000f5d
       50235000	      4924	80005b8a	40a152b3	sra	x5,x2,x10	  x2:0xf5e39895 x10:0xaa8c0000  x5=0xf5e39895
       50245000	      4925	80005b8e	8dc46f93	ori	x31,x8,-1828	  x8:0x00000000 x31=0xfffff8dc
       50255000	      4926	80005b92	137e4a17	auipc	x20,0x137e4	 x20=0x937e9b92
       50265000	      4927	80005b96	00eb1db3	sll	x27,x22,x14	 x22:0xfffffff4 x14:0x80023ce4 x27=0xffffff40
       50275000	      4928	80005b9a	019b61b3	or	x3,x22,x25	 x22:0xfffffff4 x25:0x80005448  x3=0xfffffffc
       50645000	      4965	80005b9e	03f0fa33	remu	x20,x1,x31	  x1:0xffffffff x31:0xfffff8dc x20=0x00000723
       50655000	      4966	80005ba2	41445233	sra	x4,x8,x20	  x8:0x00000000 x20:0x00000723  x4=0x00000000
       51025000	      5003	80005ba6	03f7d6b3	divu	x13,x15,x31	 x15:0x00000000 x31:0xfffff8dc x13=0x00000000
       51035000	      5004	80005baa	00d85893	srli	x17,x16,0xd	 x16:0x21effab2 x17=0x00010f7f
       51045000	      5005	80005bae	015467b3	or	x15,x8,x21	  x8:0x00000000 x21:0x80001492 x15=0x80001492
       51055000	      5006	80005bb2	647e6813	ori	x16,x28,1607	 x28:0x00000f5d x16=0x00000f5f
       51095000	      5010	80005bb6	02d139b3	mulhu	x19,x2,x13	  x2:0xf5e39895 x13:0x00000000 x19=0x00000000
       51105000	      5011	80005bba	00da6233	or	x4,x20,x13	 x20:0x00000723 x13:0x00000000  x4=0x00000723
       51115000	      5012	80005bbe	00ee4a33	xor	x20,x28,x14	 x28:0x00000f5d x14:0x80023ce4 x20=0x800233b9
       51155000	      5016	80005bc2	02169a33	mulh	x20,x13,x1	 x13:0x00000000  x1:0xffffffff x20=0x00000000
       51165000	      5017	80005bc6	53b2ac13	slti	x24,x5,1339	  x5:0xf5e39895 x24=0x00000001
       51175000	      5018	80005bca	01bb5c63	bge	x22,x27,80005be2	 x22:0xfffffff4 x27:0xffffff40
       51205000	      5021	80005be2	4132d293	srai	x5,x5,0x13	  x5:0xf5e39895  x5=0xfffffebc
       51575000	      5058	80005be6	036b6833	rem	x16,x22,x22	 x22:0xfffffff4 x22:0xfffffff4 x16=0x00000000
       51585000	      5059	80005bea	0000100f	fence.i	
       51975000	      5098	80005bee	03c3ea33	rem	x20,x7,x28	  x7:0x00000000 x28:0x00000f5d x20=0x00000000
       51985000	      5099	80005bf2	5c467893	andi	x17,x12,1476	 x12:0x8001fe4c x17=0x00000444
       51995000	      5100	80005bf6	9f56	c.add	x30,x21	 x30:0x0000007f x21:0x80001492 x30=0x80001511
       52005000	      5101	80005bf8	01dcd8b3	srl	x17,x25,x29	 x25:0x80005448 x29:0x0000000d x17=0x00040002
       52015000	      5102	80005bfc	015d1363	bne	x26,x21,80005c02	 x26:0x88000000 x21:0x80001492
       52045000	      5105	80005c02	40be86b3	sub	x13,x29,x11	 x29:0x0000000d x11:0x00000000 x13=0x0000000d
       52055000	      5106	80005c06	0055ee63	bltu	x11,x5,80005c22	 x11:0x00000000  x5:0xfffffebc
       52085000	      5109	80005c22	3cd02893	slti	x17,x0,973	  x0:0x00000000 x17=0x00000001
       52095000	      5110	80005c26	010668b3	or	x17,x12,x16	 x12:0x8001fe4c x16:0x00000000 x17=0x8001fe4c
       52105000	      5111	80005c2a	0001	c.addi	x0,0	  x0:0x00000000  x0=0x00000000
       52115000	      5112	80005c2c	18227093	andi	x1,x4,386	  x4:0x00000723  x1=0x00000102
       52125000	      5113	80005c30	01067a33	and	x20,x12,x16	 x12:0x8001fe4c x16:0x00000000 x20=0x00000000
       52495000	      5150	80005c34	03aafb33	remu	x22,x21,x26	 x21:0x80001492 x26:0x88000000 x22=0x80001492
       52505000	      5151	80005c38	0ff0000f	fence	iorw,iorw	
       52515000	      5152	80005c3c	01a571b3	and	x3,x10,x26	 x10:0xaa8c0000 x26:0x88000000  x3=0x88000000
       52525000	      5153	80005c40	010dd993	srli	x19,x27,0x10	 x27:0xffffff40 x19=0x0000ffff
       52535000	      5154	80005c44	878d	c.srai	x15,0x3	 x15:0x80001492 x15=0xf0000292
       52545000	      5155	80005c46	0154c1b3	xor	x3,x9,x21	  x9:0xa8514596 x21:0x80001492  x3=0x28515104
       52555000	      5156	80005c4a	4070da33	sra	x20,x1,x7	  x1:0x00000102  x7:0x00000000 x20=0x00000102
       52565000	      5157	80005c4e	85c1	c.srai	x11,0x10	 x11:0x00000000 x11=0x00000000
       52575000	      5158	80005c50	9542	c.add	x10,x16	 x10:0xaa8c0000 x16:0x00000000 x10=0xaa8c0000
       52585000	      5159	80005c52	47476397	auipc	x7,0x47476	  x7=0xc747bc52
       52595000	      5160	80005c56	00a236b3	sltu	x13,x4,x10	  x4:0x00000723 x10:0xaa8c0000 x13=0x00000001
       52605000	      5161	80005c5a	3f84fd13	andi	x26,x9,1016	  x9:0xa8514596 x26=0x00000190
       52615000	      5162	80005c5e	e889	c.bnez	x9,80005c70	  x9:0xa8514596
       52635000	      5164	80005c70	61eb2f93	slti	x31,x22,1566	 x22:0x80001492 x31=0x00000001
       52645000	      5165	80005c74	8d19	c.sub	x10,x14	 x10:0xaa8c0000 x14:0x80023ce4 x10=0x2a89c31c
       52655000	      5166	80005c76	8df1	c.and	x11,x12	 x11:0x00000000 x12:0x8001fe4c x11=0x00000000
       53025000	      5203	80005c78	03b0cb33	div	x22,x1,x27	  x1:0x00000102 x27:0xffffff40 x22=0xffffffff
       53035000	      5204	80005c7c	0000100f	fence.i	
       53065000	      5207	80005c80	02816f33	rem	x30,x2,x8	  x2:0xf5e39895  x8:0x00000000 x30=0xf5e39895
       53075000	      5208	80005c84	015afdb3	and	x27,x21,x21	 x21:0x80001492 x21:0x80001492 x27=0x80001492
       53085000	      5209	80005c88	5c79aa93	slti	x21,x19,1479	 x19:0x0000ffff x21=0x00000000
       53095000	      5210	80005c8c	8fad	c.xor	x15,x11	 x15:0xf0000292 x11:0x00000000 x15=0xf0000292
       53115000	      5212	80005c8e	0358cc33	div	x24,x17,x21	 x17:0x8001fe4c x21:0x00000000 x24=0xffffffff
       53125000	      5213	80005c92	01bc1d33	sll	x26,x24,x27	 x24:0xffffffff x27:0x80001492 x26=0xfffc0000
       53135000	      5214	80005c96	39a13f13	sltiu	x30,x2,922	  x2:0xf5e39895 x30=0x00000000
       53145000	      5215	80005c9a	0346f163	bgeu	x13,x20,80005cbc	 x13:0x00000001 x20:0x00000102
       53515000	      5252	80005c9e	03d255b3	divu	x11,x4,x29	  x4:0x00000723 x29:0x0000000d x11=0x0000008c
       53885000	      5289	80005ca2	024ed5b3	divu	x11,x29,x4	 x29:0x0000000d  x4:0x00000723 x11=0x00000000
       53895000	      5290	80005ca6	0ff0000f	fence	iorw,iorw	
       53905000	      5291	80005caa	86b5	c.srai	x13,0xd	 x13:0x00000001 x13=0x00000000
       53915000	      5292	80005cac	6b95	c.lui	x23,0x5	 x23=0x00005000
       53925000	      5293	80005cae	0000100f	fence.i	
       53955000	      5296	80005cb2	004d5b63	bge	x26,x4,80005cc8	 x26:0xfffc0000  x4:0x00000723
       53965000	      5297	80005cb6	011041b3	xor	x3,x0,x17	  x0:0x00000000 x17:0x8001fe4c  x3=0x8001fe4c
       53975000	      5298	80005cba	8d5d	c.or	x10,x15	 x10:0x2a89c31c x15:0xf0000292 x10=0xfa89c39e
       53985000	      5299	80005cbc	8c51	c.or	x8,x12	  x8:0x00000000 x12:0x8001fe4c  x8=0x8001fe4c
       53995000	      5300	80005cbe	41155233	sra	x4,x10,x17	 x10:0xfa89c39e x17:0x8001fe4c  x4=0xffffa89c
       54005000	      5301	80005cc2	80b5	c.srli	x9,0xd	  x9:0xa8514596  x9=0x0005428a
       54375000	      5338	80005cc4	02f6e333	rem	x6,x13,x15	 x13:0x00000000 x15:0xf0000292  x6=0x00000000
       54385000	      5339	80005cc8	03d2ea63	bltu	x5,x29,80005cfc	  x5:0xfffffebc x29:0x0000000d
       54395000	      5340	80005ccc	99da	c.add	x19,x22	 x19:0x0000ffff x22:0xffffffff x19=0x0000fffe
       54405000	      5341	80005cce	00520a63	beq	x4,x5,80005ce2	  x4:0xffffa89c  x5:0xfffffebc
       54415000	      5342	80005cd2	8c45	c.or	x8,x9	  x8:0x8001fe4c  x9:0x0005428a  x8=0x8005fece
       54425000	      5343	80005cd4	00e82bb3	slt	x23,x16,x14	 x16:0x00000000 x14:0x80023ce4 x23=0x00000000
       54435000	      5344	80005cd8	00a94363	blt	x18,x10,80005cde	 x18:0x0000004d x10:0xfa89c39e
       54445000	      5345	80005cdc	e819	c.bnez	x8,80005cf2	  x8:0x8005fece
       54475000	      5348	80005cf2	f9a77d13	andi	x26,x14,-102	 x14:0x80023ce4 x26=0x80023c80
       54485000	      5349	80005cf6	c495	c.beqz	x9,80005d22	  x9:0x0005428a
       54495000	      5350	80005cf8	10b42a93	slti	x21,x8,267	  x8:0x8005fece x21=0x00000001
       54505000	      5351	80005cfc	bc982313	slti	x6,x16,-1079	 x16:0x00000000  x6=0x00000000
       54515000	      5352	80005d00	004b4233	xor	x4,x22,x4	 x22:0xffffffff  x4:0xffffa89c  x4=0x00005763
       54885000	      5389	80005d04	0347d8b3	divu	x17,x15,x20	 x15:0xf0000292 x20:0x00000102 x17=0x00ee23bb
       54895000	      5390	80005d08	01350233	add	x4,x10,x19	 x10:0xfa89c39e x19:0x0000fffe  x4=0xfa8ac39c
       54905000	      5391	80005d0c	0226f063	bgeu	x13,x2,80005d2c	 x13:0x00000000  x2:0xf5e39895
       54915000	      5392	80005d10	01460533	add	x10,x12,x20	 x12:0x8001fe4c x20:0x00000102 x10=0x8001ff4e
       55285000	      5429	80005d14	03565d33	divu	x26,x12,x21	 x12:0x8001fe4c x21:0x00000001 x26=0x8001fe4c
       55295000	      5430	80005d18	85fd	c.srai	x11,0x1f	 x11:0x00000000 x11=0x00000000
       55305000	      5431	80005d1a	e131	c.bnez	x10,80005d5e	 x10:0x8001ff4e
       55325000	      5433	80005d5e	88c9	c.andi	x9,18	  x9:0x0005428a  x9=0x00000002
       55335000	      5434	80005d60	01a29e93	slli	x29,x5,0x1a	  x5:0xfffffebc x29=0xf0000000
       55345000	      5435	80005d64	82a9	c.srli	x13,0xa	 x13:0x00000000 x13=0x00000000
       55355000	      5436	80005d66	8d4a	c.mv	x26,x18	  x0:0x00000000 x18:0x0000004d x26=0x0000004d
       55365000	      5437	80005d68	c419	c.beqz	x8,80005d76	  x8:0x8005fece
       55375000	      5438	80005d6a	cd2dae93	slti	x29,x27,-814	 x27:0x80001492 x29=0x00000001
       55385000	      5439	80005d6e	81f9	c.srli	x11,0x1e	 x11:0x00000000 x11=0x00000000
       55395000	      5440	80005d70	838d	c.srli	x15,0x3	 x15:0xf0000292 x15=0x1e000052
       55405000	      5441	80005d72	84dd	c.srai	x9,0x17	  x9:0x00000002  x9=0x00000000
       55415000	      5442	80005d74	8c21	c.xor	x8,x8	  x8:0x8005fece  x8:0x8005fece  x8=0x00000000
       55425000	      5443	80005d76	80a1	c.srli	x9,0x8	  x9:0x00000000  x9=0x00000000
       55435000	      5444	80005d78	6b8d	c.lui	x23,0x3	 x23=0x00003000
       55445000	      5445	80005d7a	008fcfb3	xor	x31,x31,x8	 x31:0x00000001  x8:0x00000000 x31=0x00000001
       55455000	      5446	80005d7e	99fd	c.andi	x11,-1	 x11:0x00000000 x11=0x00000000
       55465000	      5447	80005d80	c9618917	auipc	x18,0xc9618	 x18=0x4961dd80
       55475000	      5448	80005d84	36eb5c37	lui	x24,0x36eb5	 x24=0x36eb5000
       55485000	      5449	80005d88	9826	c.add	x16,x9	 x16:0x00000000  x9:0x00000000 x16=0x00000000
       55495000	      5450	80005d8a	ca99	c.beqz	x13,80005da0	 x13:0x00000000
       55515000	      5452	80005da0	03430263	beq	x6,x20,80005dc4	  x6:0x00000000 x20:0x00000102
       55525000	      5453	80005da4	5e02f393	andi	x7,x5,1504	  x5:0xfffffebc  x7=0x000004a0
       55535000	      5454	80005da8	0fca	c.slli	x31,0x12	 x31:0x00000001 x31=0x00040000
       55545000	      5455	80005daa	8fb1	c.xor	x15,x12	 x15:0x1e000052 x12:0x8001fe4c x15=0x9e01fe1e
       55555000	      5456	80005dac	e415	c.bnez	x8,80005dd8	  x8:0x00000000
       55565000	      5457	80005dae	00819463	bne	x3,x8,80005db6	  x3:0x8001fe4c  x8:0x00000000
       55585000	      5459	80005db6	8c65	c.and	x8,x9	  x8:0x00000000  x9:0x00000000  x8=0x00000000
       55595000	      5460	80005db8	5ebb7393	andi	x7,x22,1515	 x22:0xffffffff  x7=0x000005eb
       55965000	      5497	80005dbc	03baf2b3	remu	x5,x21,x27	 x21:0x00000001 x27:0x80001492  x5=0x00000001
       55975000	      5498	80005dc0	0199f8b3	and	x17,x19,x25	 x19:0x0000fffe x25:0x80005448 x17=0x00005448
       55985000	      5499	80005dc4	8fbd	c.xor	x15,x15	 x15:0x9e01fe1e x15:0x9e01fe1e x15=0x00000000
       55995000	      5500	80005dc6	0093cfb3	xor	x31,x7,x9	  x7:0x000005eb  x9:0x00000000 x31=0x000005eb
       56005000	      5501	80005dca	8791	c.srai	x15,0x4	 x15:0x00000000 x15=0x00000000
       56015000	      5502	80005dcc	01a89c93	slli	x25,x17,0x1a	 x17:0x00005448 x25=0x20000000
       56025000	      5503	80005dd0	01e288b3	add	x17,x5,x30	  x5:0x00000001 x30:0x00000000 x17=0x00000001
       56035000	      5504	80005dd4	a7054d13	xori	x26,x10,-1424	 x10:0x8001ff4e x26=0x7ffe053e
       56045000	      5505	80005dd8	1cfd	c.addi	x25,-1	 x25:0x20000000 x25=0x1fffffff
       56055000	      5506	80005dda	00932a33	slt	x20,x6,x9	  x6:0x00000000  x9:0x00000000 x20=0x00000000
       56065000	      5507	80005dde	01a39963	bne	x7,x26,80005df0	  x7:0x000005eb x26:0x7ffe053e
       56085000	      5509	80005df0	0001	c.addi	x0,0	  x0:0x00000000  x0=0x00000000
       56095000	      5510	80005df2	41e15233	sra	x4,x2,x30	  x2:0xf5e39895 x30:0x00000000  x4=0xf5e39895
       56105000	      5511	80005df6	404f5233	sra	x4,x30,x4	 x30:0x00000000  x4:0xf5e39895  x4=0x00000000
       56115000	      5512	80005dfa	838d	c.srli	x15,0x3	 x15:0x00000000 x15=0x00000000
       56125000	      5513	80005dfc	01a25263	bge	x4,x26,80005e00	  x4:0x00000000 x26:0x7ffe053e
       56135000	      5514	80005e00	002dadb3	slt	x27,x27,x2	 x27:0x80001492  x2:0xf5e39895 x27=0x00000001
       56145000	      5515	80005e04	004a8b63	beq	x21,x4,80005e1a	 x21:0x00000001  x4:0x00000000
       56155000	      5516	80005e08	03d04563	blt	x0,x29,80005e32	  x0:0x00000000 x29:0x00000001
       56175000	      5518	80005e32	8d61	c.and	x10,x8	 x10:0x8001ff4e  x8:0x00000000 x10=0x00000000
       56185000	      5519	80005e34	00949a93	slli	x21,x9,0x9	  x9:0x00000000 x21=0x00000000
       56195000	      5520	80005e38	00250b33	add	x22,x10,x2	 x10:0x00000000  x2:0xf5e39895 x22=0xf5e39895
       56205000	      5521	80005e3c	01bff363	bgeu	x31,x27,80005e42	 x31:0x000005eb x27:0x00000001
       56225000	      5523	80005e42	8aee	c.mv	x21,x27	  x0:0x00000000 x27:0x00000001 x21=0x00000001
       56235000	      5524	80005e44	418f5493	srai	x9,x30,0x18	 x30:0x00000000  x9=0x00000000
       56245000	      5525	80005e48	400981b3	sub	x3,x19,x0	 x19:0x0000fffe  x0:0x00000000  x3=0x0000fffe
       56255000	      5526	80005e4c	60abcc37	lui	x24,0x60abc	 x24=0x60abc000
       56265000	      5527	80005e50	94ba	c.add	x9,x14	  x9:0x00000000 x14:0x80023ce4  x9=0x80023ce4
       56275000	      5528	80005e52	03c8d063	bge	x17,x28,80005e72	 x17:0x00000001 x28:0x00000f5d
       56645000	      5565	80005e56	02c8f433	remu	x8,x17,x12	 x17:0x00000001 x12:0x8001fe4c  x8=0x00000001
       56655000	      5566	80005e5a	01b16eb3	or	x29,x2,x27	  x2:0xf5e39895 x27:0x00000001 x29=0xf5e39895
       56665000	      5567	80005e5e	8d3d	c.xor	x10,x15	 x10:0x00000000 x15:0x00000000 x10=0x00000000
       56675000	      5568	80005e60	8c05	c.sub	x8,x9	  x8:0x00000001  x9:0x80023ce4  x8=0x7ffdc31d
       56685000	      5569	80005e62	41c1de13	srai	x28,x3,0x1c	  x3:0x0000fffe x28=0x00000000
       56695000	      5570	80005e66	40de7293	andi	x5,x28,1037	 x28:0x00000000  x5=0x00000000
       56705000	      5571	80005e6a	6c18fc93	andi	x25,x17,1729	 x17:0x00000001 x25=0x00000001
       56715000	      5572	80005e6e	01f0f463	bgeu	x1,x31,80005e76	  x1:0x00000102 x31:0x000005eb
       56755000	      5576	80005e72	02cf2833	mulhsu	x16,x30,x12	 x30:0x00000000 x12:0x8001fe4c x16=0x00000000
       56765000	      5577	80005e76	0140ca63	blt	x1,x20,80005e8a	  x1:0x00000102 x20:0x00000000
       56775000	      5578	80005e7a	02d18763	beq	x3,x13,80005ea8	  x3:0x0000fffe x13:0x00000000
       56785000	      5579	80005e7e	8549	c.srai	x10,0x12	 x10:0x00000000 x10=0x00000000
       56795000	      5580	80005e80	1f7d	c.addi	x30,-1	 x30:0x00000000 x30=0xffffffff
       56805000	      5581	80005e82	013d7433	and	x8,x26,x19	 x26:0x7ffe053e x19:0x0000fffe  x8=0x0000053e
       56815000	      5582	80005e86	0001	c.addi	x0,0	  x0:0x00000000  x0=0x00000000
       56825000	      5583	80005e88	8812	c.mv	x16,x4	  x0:0x00000000  x4:0x00000000 x16=0x00000000
       56835000	      5584	80005e8a	cc99	c.beqz	x9,80005ea8	  x9:0x80023ce4
       56845000	      5585	80005e8c	01429d13	slli	x26,x5,0x14	  x5:0x00000000 x26=0x00000000
       56855000	      5586	80005e90	8589	c.srai	x11,0x2	 x11:0x00000000 x11=0x00000000
       56865000	      5587	80005e92	48276e17	auipc	x28,0x48276	 x28=0xc827be92
       56875000	      5588	80005e96	bda2fc93	andi	x25,x5,-1062	  x5:0x00000000 x25=0x00000000
       56915000	      5592	80005e9a	02101cb3	mulh	x25,x0,x1	  x0:0x00000000  x1:0x00000102 x25=0x00000000
       56935000	      5594	80005e9e	039b64b3	rem	x9,x22,x25	 x22:0xf5e39895 x25:0x00000000  x9=0xf5e39895
       56945000	      5595	80005ea2	926e	c.add	x4,x27	  x4:0x00000000 x27:0x00000001  x4=0x00000001
       56955000	      5596	80005ea4	3ff9fe93	andi	x29,x19,1023	 x19:0x0000fffe x29=0x000003fe
       56965000	      5597	80005ea8	48196c13	ori	x24,x18,1153	 x18:0x4961dd80 x24=0x4961dd81
       56975000	      5598	80005eac	0ff0000f	fence	iorw,iorw	
       56985000	      5599	80005eb0	997d	c.andi	x10,-1	 x10:0x00000000 x10=0x00000000
       56995000	      5600	80005eb2	014c1a93	slli	x21,x24,0x14	 x24:0x4961dd81 x21=0xd8100000
       57005000	      5601	80005eb6	01a39d33	sll	x26,x7,x26	  x7:0x000005eb x26:0x00000000 x26=0x000005eb
       57015000	      5602	80005eba	06ce	c.slli	x13,0x13	 x13:0x00000000 x13=0x00000000
       57025000	      5603	80005ebc	035cc463	blt	x25,x21,80005ee4	 x25:0x00000000 x21:0xd8100000
       57035000	      5604	80005ec0	8dcd	c.or	x11,x11	 x11:0x00000000 x11:0x00000000 x11=0x00000000
       57045000	      5605	80005ec2	0001	c.addi	x0,0	  x0:0x00000000  x0=0x00000000
       57055000	      5606	80005ec4	40848933	sub	x18,x9,x8	  x9:0xf5e39895  x8:0x0000053e x18=0xf5e39357
       57085000	      5609	80005ec8	031d0b33	mul	x22,x26,x17	 x26:0x000005eb x17:0x00000001 x22=0x000005eb
       57095000	      5610	80005ecc	8ef5	c.and	x13,x13	 x13:0x00000000 x13:0x00000000 x13=0x00000000
       57105000	      5611	80005ece	c18d	c.beqz	x11,80005ef0	 x11:0x00000000
       57125000	      5613	80005ef0	8fbd	c.xor	x15,x15	 x15:0x00000000 x15:0x00000000 x15=0x00000000
       57165000	      5617	80005ef2	0334b433	mulhu	x8,x9,x19	  x9:0xf5e39895 x19:0x0000fffe  x8=0x0000f5e1
       57175000	      5618	80005ef6	8fad	c.xor	x15,x11	 x15:0x00000000 x11:0x00000000 x15=0x00000000
       57185000	      5619	80005ef8	06dd	c.addi	x13,23	 x13:0x00000000 x13=0x00000017
       57195000	      5620	80005efa	03539463	bne	x7,x21,80005f22	  x7:0x000005eb x21:0xd8100000
       57215000	      5622	80005f22	943a	c.add	x8,x14	  x8:0x0000f5e1 x14:0x80023ce4  x8=0x800332c5
       57225000	      5623	80005f24	19fd	c.addi	x19,-1	 x19:0x0000fffe x19=0x0000fffd
       57235000	      5624	80005f26	c39d	c.beqz	x15,80005f4c	 x15:0x00000000
       57255000	      5626	80005f4c	02366363	bltu	x12,x3,80005f72	 x12:0x8001fe4c  x3:0x0000fffe
       57295000	      5630	80005f50	0302a4b3	mulhsu	x9,x5,x16	  x5:0x00000000 x16:0x00000000  x9=0x00000000
       57305000	      5631	80005f54	55f74e93	xori	x29,x14,1375	 x14:0x80023ce4 x29=0x800239bb
       57315000	      5632	80005f58	419703b3	sub	x7,x14,x25	 x14:0x80023ce4 x25:0x00000000  x7=0x80023ce4
       57685000	      5669	80005f5c	03836933	rem	x18,x6,x24	  x6:0x00000000 x24:0x4961dd81 x18=0x00000000
       57695000	      5670	80005f60	8019	c.srli	x8,0x6	  x8:0x800332c5  x8=0x02000ccb
       58065000	      5707	80005f62	02e85bb3	divu	x23,x16,x14	 x16:0x00000000 x14:0x80023ce4 x23=0x00000000
       58075000	      5708	80005f66	00726d63	bltu	x4,x7,80005f80	  x4:0x00000001  x7:0x80023ce4
       58095000	      5710	80005f80	0aed7e13	andi	x28,x26,174	 x26:0x000005eb x28=0x000000aa
       58465000	      5747	80005f84	0246dfb3	divu	x31,x13,x4	 x13:0x00000017  x4:0x00000001 x31=0x00000017
       58475000	      5748	80005f88	28faeeb7	lui	x29,0x28fae	 x29=0x28fae000
       58485000	      5749	80005f8c	8ec1	c.or	x13,x8	 x13:0x00000017  x8:0x02000ccb x13=0x02000cdf
       58495000	      5750	80005f8e	e809	c.bnez	x8,80005fa0	  x8:0x02000ccb
       58515000	      5752	80005fa0	0001	c.addi	x0,0	  x0:0x00000000  x0=0x00000000
       58525000	      5753	80005fa2	00632033	slt	x0,x6,x6	  x6:0x00000000  x6:0x00000000  x0=0x00000000
       58535000	      5754	80005fa6	4b15	c.li	x22,5	 x22=0x00000005
       58545000	      5755	80005fa8	412387b3	sub	x15,x7,x18	  x7:0x80023ce4 x18:0x00000000 x15=0x80023ce4
       58555000	      5756	80005fac	03cc5563	bge	x24,x28,80005fd6	 x24:0x4961dd81 x28:0x000000aa
       58575000	      5758	80005fd6	e299	c.bnez	x13,80005fdc	 x13:0x02000cdf
       58595000	      5760	80005fdc	8bee	c.mv	x23,x27	  x0:0x00000000 x27:0x00000001 x23=0x00000001
       58605000	      5761	80005fde	0001	c.addi	x0,0	  x0:0x00000000  x0=0x00000000
       58615000	      5762	80005fe0	011ee1b3	or	x3,x29,x17	 x29:0x28fae000 x17:0x00000001  x3=0x28fae001
       58625000	      5763	80005fe4	070f0193	addi	x3,x30,112	 x30:0xffffffff  x3=0x0000006f
       58635000	      5764	80005fe8	022e	c.slli	x4,0xb	  x4:0x00000001  x4=0x00000800
       58645000	      5765	80005fea	0000100f	fence.i	
       58685000	      5769	80005fee	0267ec33	rem	x24,x15,x6	 x15:0x80023ce4  x6:0x00000000 x24=0x80023ce4
       58695000	      5770	80005ff2	8c5d	c.or	x8,x15	  x8:0x02000ccb x15:0x80023ce4  x8=0x82023cef
       58705000	      5771	80005ff4	0ff0000f	fence	iorw,iorw	
       58715000	      5772	80005ff8	8ff9	c.and	x15,x14	 x15:0x80023ce4 x14:0x80023ce4 x15=0x80023ce4
       58725000	      5773	80005ffa	0415	c.addi	x8,5	  x8:0x82023cef  x8=0x82023cf4
       58735000	      5774	80005ffc	01322033	slt	x0,x4,x19	  x4:0x00000800 x19:0x0000fffd  x0=0x00000000
       58745000	      5775	80006000	02e41763	bne	x8,x14,8000602e	  x8:0x82023cf4 x14:0x80023ce4
       58775000	      5778	8000602e	0000100f	fence.i	
       58805000	      5781	80006032	03f01a63	bne	x0,x31,80006066	  x0:0x00000000 x31:0x00000017
       58835000	      5784	80006066	01194b63	blt	x18,x17,8000607c	 x18:0x00000000 x17:0x00000001
       58855000	      5786	8000607c	01d9d0b3	srl	x1,x19,x29	 x19:0x0000fffd x29:0x28fae000  x1=0x0000fffd
       58865000	      5787	80006080	0ff0000f	fence	iorw,iorw	
       58875000	      5788	80006084	0ff0000f	fence	iorw,iorw	
       58885000	      5789	80006088	0cd2	c.slli	x25,0x14	 x25:0x00000000 x25=0x00000000
       58895000	      5790	8000608a	016e9c63	bne	x29,x22,800060a2	 x29:0x28fae000 x22:0x00000005
       58925000	      5793	800060a2	71b38497	auipc	x9,0x71b38	  x9=0xf1b3e0a2
       59295000	      5830	800060a6	03b56c33	rem	x24,x10,x27	 x10:0x00000000 x27:0x00000001 x24=0x00000000
       59305000	      5831	800060aa	017c9263	bne	x25,x23,800060ae	 x25:0x00000000 x23:0x00000001
       59335000	      5834	800060ae	00c44ab3	xor	x21,x8,x12	  x8:0x82023cf4 x12:0x8001fe4c x21=0x0203c2b8
       59345000	      5835	800060b2	8ace	c.mv	x21,x19	  x0:0x00000000 x19:0x0000fffd x21=0x0000fffd
       59355000	      5836	800060b4	c576a593	slti	x11,x13,-937	 x13:0x02000cdf x11=0x00000000
       59365000	      5837	800060b8	0001	c.addi	x0,0	  x0:0x00000000  x0=0x00000000
       59375000	      5838	800060ba	8e8d	c.sub	x13,x11	 x13:0x02000cdf x11:0x00000000 x13=0x02000cdf
       59385000	      5839	800060bc	a2970b17	auipc	x22,0xa2970	 x22=0x229760bc
       59395000	      5840	800060c0	97b6	c.add	x15,x13	 x15:0x80023ce4 x13:0x02000cdf x15=0x820249c3
       59405000	      5841	800060c2	04dd	c.addi	x9,23	  x9:0xf1b3e0a2  x9=0xf1b3e0b9
       59775000	      5878	800060c4	029c7ab3	remu	x21,x24,x9	 x24:0x00000000  x9:0xf1b3e0b9 x21=0x00000000
       59785000	      5879	800060c8	0eb12313	slti	x6,x2,235	  x2:0xf5e39895  x6=0x00000001
       59795000	      5880	800060cc	c199	c.beqz	x11,800060d2	 x11:0x00000000
       59825000	      5883	800060d2	862dfc13	andi	x24,x27,-1950	 x27:0x00000001 x24=0x00000000
       59835000	      5884	800060d6	99fd	c.andi	x11,-1	 x11:0x00000000 x11=0x00000000
       59845000	      5885	800060d8	89ad	c.andi	x11,11	 x11:0x00000000 x11=0x00000000
       59855000	      5886	800060da	419400b3	sub	x1,x8,x25	  x8:0x82023cf4 x25:0x00000000  x1=0x82023cf4
       59865000	      5887	800060de	4165d6b3	sra	x13,x11,x22	 x11:0x00000000 x22:0x229760bc x13=0x00000000
       59875000	      5888	800060e2	047c5863	bge	x24,x7,80006132	 x24:0x00000000  x7:0x80023ce4
       59895000	      5890	80006132	0001	c.addi	x0,0	  x0:0x00000000  x0=0x00000000
       59905000	      5891	80006134	008bae33	slt	x28,x23,x8	 x23:0x00000001  x8:0x82023cf4 x28=0x00000000
       59915000	      5892	80006138	009c52b3	srl	x5,x24,x9	 x24:0x00000000  x9:0xf1b3e0b9  x5=0x00000000
       59925000	      5893	8000613c	0000100f	fence.i	
       59945000	      5895	80006140	00ff41b3	xor	x3,x30,x15	 x30:0xffffffff x15:0x820249c3  x3=0x7dfdb63c
       59985000	      5899	80006144	02b233b3	mulhu	x7,x4,x11	  x4:0x00000800 x11:0x00000000  x7=0x00000000
       59995000	      5900	80006148	406687b3	sub	x15,x13,x6	 x13:0x00000000  x6:0x00000001 x15=0xffffffff
       60005000	      5901	8000614c	4044df93	srai	x31,x9,0x4	  x9:0xf1b3e0b9 x31=0xff1b3e0b
       60015000	      5902	80006150	635d	c.lui	x6,0x17	  x6=0x00017000
       60025000	      5903	80006152	0001	c.addi	x0,0	  x0:0x00000000  x0=0x00000000
       60035000	      5904	80006154	c0b1	c.beqz	x9,80006198	  x9:0xf1b3e0b9
       60045000	      5905	80006156	0098be33	sltu	x28,x17,x9	 x17:0x00000001  x9:0xf1b3e0b9 x28=0x00000001
       60055000	      5906	8000615a	03de5263	bge	x28,x29,8000617e	 x28:0x00000001 x29:0x28fae000
       60065000	      5907	8000615e	909a	c.add	x1,x6	  x1:0x82023cf4  x6:0x00017000  x1=0x8203acf4
       60095000	      5910	80006160	02018eb3	mul	x29,x3,x0	  x3:0x7dfdb63c  x0:0x00000000 x29=0x00000000
       60105000	      5911	80006164	01521a13	slli	x20,x4,0x15	  x4:0x00000800 x20=0x00000000
       60145000	      5915	80006168	03e934b3	mulhu	x9,x18,x30	 x18:0x00000000 x30:0xffffffff  x9=0x00000000
       60155000	      5916	8000616c	0000100f	fence.i	
       60175000	      5918	80006170	3ec8ea13	ori	x20,x17,1004	 x17:0x00000001 x20=0x000003ed
       60185000	      5919	80006174	0027dab3	srl	x21,x15,x2	 x15:0xffffffff  x2:0xf5e39895 x21=0x000007ff
       60555000	      5956	80006178	02e76db3	rem	x27,x14,x14	 x14:0x80023ce4 x14:0x80023ce4 x27=0x00000000
       60565000	      5957	8000617c	8c7d	c.and	x8,x15	  x8:0x82023cf4 x15:0xffffffff  x8=0x82023cf4
       60575000	      5958	8000617e	80ed	c.srli	x9,0x1b	  x9:0x00000000  x9=0x00000000
       60585000	      5959	80006180	41d80a33	sub	x20,x16,x29	 x16:0x00000000 x29:0x00000000 x20=0x00000000
       60595000	      5960	80006184	013e4933	xor	x18,x28,x19	 x28:0x00000001 x19:0x0000fffd x18=0x0000fffc
       60605000	      5961	80006188	83dd	c.srli	x15,0x17	 x15:0xffffffff x15=0x000001ff
       60625000	      5963	8000618a	03945433	divu	x8,x8,x25	  x8:0x82023cf4 x25:0x00000000  x8=0xffffffff
       60635000	      5964	8000618e	0001	c.addi	x0,0	  x0:0x00000000  x0=0x00000000
       60645000	      5965	80006190	037dd663	bge	x27,x23,800061bc	 x27:0x00000000 x23:0x00000001
       60655000	      5966	80006194	c1d7b093	sltiu	x1,x15,-995	 x15:0x000001ff  x1=0x00000001
       60665000	      5967	80006198	87fd	c.srai	x15,0x1f	 x15:0x000001ff x15=0x00000000
       60675000	      5968	8000619a	01e62333	slt	x6,x12,x30	 x12:0x8001fe4c x30:0xffffffff  x6=0x00000001
       60685000	      5969	8000619e	57fe81b7	lui	x3,0x57fe8	  x3=0x57fe8000
       60695000	      5970	800061a2	01270f33	add	x30,x14,x18	 x14:0x80023ce4 x18:0x0000fffc x30=0x80033ce0
       60705000	      5971	800061a6	8da5	c.xor	x11,x9	 x11:0x00000000  x9:0x00000000 x11=0x00000000
       60715000	      5972	800061a8	00aa6c33	or	x24,x20,x10	 x20:0x00000000 x10:0x00000000 x24=0x00000000
       60725000	      5973	800061ac	00584f33	xor	x30,x16,x5	 x16:0x00000000  x5:0x00000000 x30=0x00000000
       60735000	      5974	800061b0	0001	c.addi	x0,0	  x0:0x00000000  x0=0x00000000
       60745000	      5975	800061b2	0001	c.addi	x0,0	  x0:0x00000000  x0=0x00000000
       60755000	      5976	800061b4	2597c913	xori	x18,x15,601	 x15:0x00000000 x18=0x00000259
       60765000	      5977	800061b8	01cfddb3	srl	x27,x31,x28	 x31:0xff1b3e0b x28:0x00000001 x27=0x7f8d9f05
       60775000	      5978	800061bc	cf2eff13	andi	x30,x29,-782	 x29:0x00000000 x30=0x00000000
       60795000	      5980	800061c0	0258c0b3	div	x1,x17,x5	 x17:0x00000001  x5:0x00000000  x1=0xffffffff
       60805000	      5981	800061c4	490da593	slti	x11,x27,1168	 x27:0x7f8d9f05 x11=0x00000000
       60815000	      5982	800061c8	8ace	c.mv	x21,x19	  x0:0x00000000 x19:0x0000fffd x21=0x0000fffd
       60825000	      5983	800061ca	2edcacb7	lui	x25,0x2edca	 x25=0x2edca000
       60835000	      5984	800061ce	059e	c.slli	x11,0x7	 x11:0x00000000 x11=0x00000000
       60845000	      5985	800061d0	e811	c.bnez	x8,800061e4	  x8:0xffffffff
       60865000	      5987	800061e4	bc894013	xori	x0,x18,-1080	 x18:0x00000259  x0=0x00000000
       60875000	      5988	800061e8	8179	c.srli	x10,0x1e	 x10:0x00000000 x10=0x00000000
       60885000	      5989	800061ea	0000100f	fence.i	
       60905000	      5991	800061ee	8e8d	c.sub	x13,x11	 x13:0x00000000 x11:0x00000000 x13=0x00000000
       60945000	      5995	800061f0	0296b433	mulhu	x8,x13,x9	 x13:0x00000000  x9:0x00000000  x8=0x00000000
       60955000	      5996	800061f4	8d21	c.xor	x10,x8	 x10:0x00000000  x8:0x00000000 x10=0x00000000
       60995000	      6000	800061f6	03489f33	mulh	x30,x17,x20	 x17:0x00000001 x20:0x00000000 x30=0x00000000
       61035000	      6004	800061fa	0213bf33	mulhu	x30,x7,x1	  x7:0x00000000  x1:0xffffffff x30=0x00000000
       61045000	      6005	800061fe	0140c0b3	xor	x1,x1,x20	  x1:0xffffffff x20:0x00000000  x1=0xffffffff
       61055000	      6006	80006202	c9904937	lui	x18,0xc9904	 x18=0xc9904000
       61065000	      6007	80006206	51fd	c.li	x3,-1	  x3=0xffffffff
       61075000	      6008	80006208	00457a33	and	x20,x10,x4	 x10:0x00000000  x4:0x00000800 x20=0x00000000
       61085000	      6009	8000620c	8089	c.srli	x9,0x2	  x9:0x00000000  x9=0x00000000
       61095000	      6010	8000620e	8b76	c.mv	x22,x29	  x0:0x00000000 x29:0x00000000 x22=0x00000000
       61105000	      6011	80006210	9696	c.add	x13,x5	 x13:0x00000000  x5:0x00000000 x13=0x00000000
       61115000	      6012	80006212	0db1	c.addi	x27,12	 x27:0x7f8d9f05 x27=0x7f8d9f11
       61125000	      6013	80006214	00026a33	or	x20,x4,x0	  x4:0x00000800  x0:0x00000000 x20=0x00000800
       61135000	      6014	80006218	419d09b3	sub	x19,x26,x25	 x26:0x000005eb x25:0x2edca000 x19=0xd12365eb
       61145000	      6015	8000621c	0de1	c.addi	x27,24	 x27:0x7f8d9f11 x27=0x7f8d9f29
       61155000	      6016	8000621e	00092bb3	slt	x23,x18,x0	 x18:0xc9904000  x0:0x00000000 x23=0x00000001
       61175000	      6018	80006222	038874b3	remu	x9,x16,x24	 x16:0x00000000 x24:0x00000000  x9=0x00000000
       61185000	      6019	80006226	01f04a63	blt	x0,x31,8000623a	  x0:0x00000000 x31:0xff1b3e0b
       61195000	      6020	8000622a	0ff0000f	fence	iorw,iorw	
       61205000	      6021	8000622e	99d6	c.add	x19,x21	 x19:0xd12365eb x21:0x0000fffd x19=0xd12465e8
       61215000	      6022	80006230	26916d13	ori	x26,x2,617	  x2:0xf5e39895 x26=0xf5e39afd
       61255000	      6026	80006234	034d2ab3	mulhsu	x21,x26,x20	 x26:0xf5e39afd x20:0x00000800 x21=0xffffffaf
       61265000	      6027	80006238	91e6	c.add	x3,x25	  x3:0xffffffff x25:0x2edca000  x3=0x2edc9fff
       61275000	      6028	8000623a	0113a2b3	slt	x5,x7,x17	  x7:0x00000000 x17:0x00000001  x5=0x00000001
       61285000	      6029	8000623e	9e4b7513	andi	x10,x22,-1564	 x22:0x00000000 x10=0x00000000
       61295000	      6030	80006242	01f7dbb3	srl	x23,x15,x31	 x15:0x00000000 x31:0xff1b3e0b x23=0x00000000
       61305000	      6031	80006246	b578f413	andi	x8,x17,-1193	 x17:0x00000001  x8=0x00000001
       61315000	      6032	8000624a	02a51763	bne	x10,x10,80006278	 x10:0x00000000 x10:0x00000000
       61325000	      6033	8000624e	5efd	c.li	x29,-1	 x29=0xffffffff
       61335000	      6034	80006250	4026d033	sra	x0,x13,x2	 x13:0x00000000  x2:0xf5e39895  x0=0x00000000
       61345000	      6035	80006254	007efd63	bgeu	x29,x7,8000626e	 x29:0xffffffff  x7:0x00000000
       61365000	      6037	8000626e	e819	c.bnez	x8,80006284	  x8:0x00000001
       61385000	      6039	80006284	9c46	c.add	x24,x17	 x24:0x00000000 x17:0x00000001 x24=0x00000001
       61415000	      6042	80006286	03550533	mul	x10,x10,x21	 x10:0x00000000 x21:0xffffffaf x10=0x00000000
       61455000	      6046	8000628a	035dab33	mulhsu	x22,x27,x21	 x27:0x7f8d9f29 x21:0xffffffaf x22=0x7f8d9f00
       61495000	      6050	8000628e	02bcbfb3	mulhu	x31,x25,x11	 x25:0x2edca000 x11:0x00000000 x31=0x00000000
       61505000	      6051	80006292	401d80b3	sub	x1,x27,x1	 x27:0x7f8d9f29  x1:0xffffffff  x1=0x7f8d9f2a
       61515000	      6052	80006296	019aa033	slt	x0,x21,x25	 x21:0xffffffaf x25:0x2edca000  x0=0x00000000
       61525000	      6053	8000629a	90517313	andi	x6,x2,-1787	  x2:0xf5e39895  x6=0xf5e39805
       61535000	      6054	8000629e	0d05	c.addi	x26,1	 x26:0xf5e39afd x26=0xf5e39afe
       61545000	      6055	800062a0	00a357b3	srl	x15,x6,x10	  x6:0xf5e39805 x10:0x00000000 x15=0xf5e39805
       61555000	      6056	800062a4	6d31	c.lui	x26,0xc	 x26=0x0000c000
       61565000	      6057	800062a6	0000bd33	sltu	x26,x1,x0	  x1:0x7f8d9f2a  x0:0x00000000 x26=0x00000000
       61935000	      6094	800062aa	02edefb3	rem	x31,x27,x14	 x27:0x7f8d9f29 x14:0x80023ce4 x31=0x7f8d9f29
       61945000	      6095	800062ae	036a9963	bne	x21,x22,800062e0	 x21:0xffffffaf x22:0x7f8d9f00
       61965000	      6097	800062e0	5d81c013	xori	x0,x3,1496	  x3:0x2edc9fff  x0=0x00000000
       61975000	      6098	800062e4	003fc0b3	xor	x1,x31,x3	 x31:0x7f8d9f29  x3:0x2edc9fff  x1=0x515100d6
       61985000	      6099	800062e8	8f05c593	xori	x11,x11,-1808	 x11:0x00000000 x11=0xfffff8f0
       61995000	      6100	800062ec	011efc63	bgeu	x29,x17,80006304	 x29:0xffffffff x17:0x00000001
       62015000	      6102	80006304	014aa8b3	slt	x17,x21,x20	 x21:0xffffffaf x20:0x00000800 x17=0x00000001
       62045000	      6105	80006308	023f8933	mul	x18,x31,x3	 x31:0x7f8d9f29  x3:0x2edc9fff x18=0x292800d7
       62055000	      6106	8000630c	653d	c.lui	x10,0xf	 x10=0x0000f000
       62095000	      6110	8000630e	031f27b3	mulhsu	x15,x30,x17	 x30:0x00000000 x17:0x00000001 x15=0x00000000
       62105000	      6111	80006312	e08d2593	slti	x11,x26,-504	 x26:0x00000000 x11=0x00000000
       62115000	      6112	80006316	01f0cf33	xor	x30,x1,x31	  x1:0x515100d6 x31:0x7f8d9f29 x30=0x2edc9fff
       62125000	      6113	8000631a	0286c763	blt	x13,x8,80006348	 x13:0x00000000  x8:0x00000001
       62145000	      6115	80006348	00469d13	slli	x26,x13,0x4	 x13:0x00000000 x26=0x00000000
       62155000	      6116	8000634c	94a2	c.add	x9,x8	  x9:0x00000000  x8:0x00000001  x9=0x00000001
       62165000	      6117	8000634e	92a2	c.add	x5,x8	  x5:0x00000001  x8:0x00000001  x5=0x00000002
       62175000	      6118	80006350	01def9b3	and	x19,x29,x29	 x29:0xffffffff x29:0xffffffff x19=0xffffffff
       62185000	      6119	80006354	d42a7c17	auipc	x24,0xd42a7	 x24=0x542ad354
       62195000	      6120	80006358	9afd	c.andi	x13,-1	 x13:0x00000000 x13=0x00000000
       62225000	      6123	8000635a	028a06b3	mul	x13,x20,x8	 x20:0x00000800  x8:0x00000001 x13=0x00000800
       62265000	      6127	8000635e	03c117b3	mulh	x15,x2,x28	  x2:0xf5e39895 x28:0x00000001 x15=0xffffffff
       62275000	      6128	80006362	8cfd	c.and	x9,x15	  x9:0x00000001 x15:0xffffffff  x9=0x00000001
       62285000	      6129	80006364	47c1	c.li	x15,16	 x15=0x00000010
       62295000	      6130	80006366	01a71433	sll	x8,x14,x26	 x14:0x80023ce4 x26:0x00000000  x8=0x80023ce4
       62305000	      6131	8000636a	c48d	c.beqz	x9,80006394	  x9:0x00000001
       62315000	      6132	8000636c	4ef1	c.li	x29,28	 x29=0x0000001c
       62325000	      6133	8000636e	1a7d	c.addi	x20,-1	 x20:0x00000800 x20=0x000007ff
       62335000	      6134	80006370	00c58a63	beq	x11,x12,80006384	 x11:0x00000000 x12:0x8001fe4c
       62345000	      6135	80006374	01e61813	slli	x16,x12,0x1e	 x12:0x8001fe4c x16=0x00000000
       62355000	      6136	80006378	0001	c.addi	x0,0	  x0:0x00000000  x0=0x00000000
       62365000	      6137	8000637a	8389	c.srli	x15,0x2	 x15:0x00000010 x15=0x00000004
       62375000	      6138	8000637c	01a2fd33	and	x26,x5,x26	  x5:0x00000002 x26:0x00000000 x26=0x00000000
       62385000	      6139	80006380	0001	c.addi	x0,0	  x0:0x00000000  x0=0x00000000
       62395000	      6140	80006382	01da	c.slli	x3,0x16	  x3:0x2edc9fff  x3=0xffc00000
       62405000	      6141	80006384	8ea1	c.xor	x13,x8	 x13:0x00000800  x8:0x80023ce4 x13=0x800234e4
       62415000	      6142	80006386	c1a5a293	slti	x5,x11,-998	 x11:0x00000000  x5=0x00000000
       62425000	      6143	8000638a	00886d63	bltu	x16,x8,800063a4	 x16:0x00000000  x8:0x80023ce4
       62475000	      6148	800063a4	023c3433	mulhu	x8,x24,x3	 x24:0x542ad354  x3:0xffc00000  x8=0x5415c89f
       62485000	      6149	800063a8	197d	c.addi	x18,-1	 x18:0x292800d7 x18=0x292800d6
       62495000	      6150	800063aa	8cc5	c.or	x9,x9	  x9:0x00000001  x9:0x00000001  x9=0x00000001
       62505000	      6151	800063ac	8d8d	c.sub	x11,x11	 x11:0x00000000 x11:0x00000000 x11=0x00000000
       62515000	      6152	800063ae	83f9	c.srli	x15,0x1e	 x15:0x00000004 x15=0x00000000
       62525000	      6153	800063b0	01a15db3	srl	x27,x2,x26	  x2:0xf5e39895 x26:0x00000000 x27=0xf5e39895
       62535000	      6154	800063b4	0101e933	or	x18,x3,x16	  x3:0xffc00000 x16:0x00000000 x18=0xffc00000
       62575000	      6158	800063b8	026cabb3	mulhsu	x23,x25,x6	 x25:0x2edca000  x6:0xf5e39805 x23=0x2d02ce95
       62585000	      6159	800063bc	01abc8b3	xor	x17,x23,x26	 x23:0x2d02ce95 x26:0x00000000 x17=0x2d02ce95
       62595000	      6160	800063c0	98fd	c.andi	x9,-1	  x9:0x00000001  x9=0x00000001
       62605000	      6161	800063c2	e519	c.bnez	x10,800063d0	 x10:0x0000f000
       62625000	      6163	800063d0	8c89	c.sub	x9,x10	  x9:0x00000001 x10:0x0000f000  x9=0xffff1001
       62665000	      6167	800063d2	02421e33	mulh	x28,x4,x4	  x4:0x00000800  x4:0x00000800 x28=0x00000000
       62675000	      6168	800063d6	0ff0000f	fence	iorw,iorw	
       62685000	      6169	800063da	4139dfb3	sra	x31,x19,x19	 x19:0xffffffff x19:0xffffffff x31=0xffffffff
       62695000	      6170	800063de	ce99	c.beqz	x13,800063fc	 x13:0x800234e4
       62705000	      6171	800063e0	004be1b3	or	x3,x23,x4	 x23:0x2d02ce95  x4:0x00000800  x3=0x2d02ce95
       62715000	      6172	800063e4	92fe	c.add	x5,x31	  x5:0x00000000 x31:0xffffffff  x5=0xffffffff
       62725000	      6173	800063e6	8ffd	c.and	x15,x15	 x15:0x00000000 x15:0x00000000 x15=0x00000000
       62765000	      6177	800063e8	02d43a33	mulhu	x20,x8,x13	  x8:0x5415c89f x13:0x800234e4 x20=0x2a0b9dda
       62785000	      6179	800063ec	027d4033	div	x0,x26,x7	 x26:0x00000000  x7:0x00000000  x0=0x00000000
       62795000	      6180	800063f0	8fa1	c.xor	x15,x8	 x15:0x00000000  x8:0x5415c89f x15=0x5415c89f
       62805000	      6181	800063f2	01a145b3	xor	x11,x2,x26	  x2:0xf5e39895 x26:0x00000000 x11=0xf5e39895
       62815000	      6182	800063f6	bb74be13	sltiu	x28,x9,-1097	  x9:0xffff1001 x28=0x00000001
       62825000	      6183	800063fa	87f9	c.srai	x15,0x1e	 x15:0x5415c89f x15=0x00000001
       62835000	      6184	800063fc	17fd	c.addi	x15,-1	 x15:0x00000001 x15=0x00000000
       62845000	      6185	800063fe	00681363	bne	x16,x6,80006404	 x16:0x00000000  x6:0xf5e39805
       62895000	      6190	80006404	03ba2a33	mulhsu	x20,x20,x27	 x20:0x2a0b9dda x27:0xf5e39895 x20=0x28627f6d
       62905000	      6191	80006408	00ab8e33	add	x28,x23,x10	 x23:0x2d02ce95 x10:0x0000f000 x28=0x2d03be95
       62915000	      6192	8000640c	2cf7fa93	andi	x21,x15,719	 x15:0x00000000 x21=0x00000000
       62925000	      6193	80006410	036cc263	blt	x25,x22,80006434	 x25:0x2edca000 x22:0x7f8d9f00
       62945000	      6195	80006434	fdbfab13	slti	x22,x31,-37	 x31:0xffffffff x22=0x00000000
       62955000	      6196	80006438	83b1	c.srli	x15,0xc	 x15:0x00000000 x15=0x00000000
       62965000	      6197	8000643a	5066e313	ori	x6,x13,1286	 x13:0x800234e4  x6=0x800235e6
       62975000	      6198	8000643e	8d89	c.sub	x11,x10	 x11:0xf5e39895 x10:0x0000f000 x11=0xf5e2a895
       62985000	      6199	80006440	c56a3913	sltiu	x18,x20,-938	 x20:0x28627f6d x18=0x00000001
       62995000	      6200	80006444	02666863	bltu	x12,x6,80006474	 x12:0x8001fe4c  x6:0x800235e6
       63015000	      6202	80006474	01ef4463	blt	x30,x30,8000647c	 x30:0x2edc9fff x30:0x2edc9fff
       63025000	      6203	80006478	5779fd97	auipc	x27,0x5779f	 x27=0xd77a5478
       63035000	      6204	8000647c	01bb9c63	bne	x23,x27,80006494	 x23:0x2d02ce95 x27:0xd77a5478
       63085000	      6209	80006494	03bd2233	mulhsu	x4,x26,x27	 x26:0x00000000 x27:0xd77a5478  x4=0x00000000
       63095000	      6210	80006498	00d80a33	add	x20,x16,x13	 x16:0x00000000 x13:0x800234e4 x20=0x800234e4
       63105000	      6211	8000649c	8869	c.andi	x8,26	  x8:0x5415c89f  x8=0x0000001a
       63135000	      6214	8000649e	03b10533	mul	x10,x2,x27	  x2:0xf5e39895 x27:0xd77a5478 x10=0xcac269d8
       63145000	      6215	800064a2	410e8a33	sub	x20,x29,x16	 x29:0x0000001c x16:0x00000000 x20=0x0000001c
       63155000	      6216	800064a6	c39568b7	lui	x17,0xc3956	 x17=0xc3956000
       63185000	      6219	800064aa	02de81b3	mul	x3,x29,x13	 x29:0x0000001c x13:0x800234e4  x3=0x003dc8f0
       63195000	      6220	800064ae	58fd	c.li	x17,-1	 x17=0xffffffff
       63205000	      6221	800064b0	018b4c33	xor	x24,x22,x24	 x22:0x00000000 x24:0x542ad354 x24=0x542ad354
       63215000	      6222	800064b4	028d1363	bne	x26,x8,800064da	 x26:0x00000000  x8:0x0000001a
       63245000	      6225	800064da	f0597413	andi	x8,x18,-251	 x18:0x00000001  x8=0x00000001
       63255000	      6226	800064de	4052d213	srai	x4,x5,0x5	  x5:0xffffffff  x4=0xffffffff
       63265000	      6227	800064e2	857d	c.srai	x10,0x1f	 x10:0xcac269d8 x10=0xffffffff
       63275000	      6228	800064e4	0189d893	srli	x17,x19,0x18	 x19:0xffffffff x17=0x000000ff
       63285000	      6229	800064e8	00724fb3	xor	x31,x4,x7	  x4:0xffffffff  x7:0x00000000 x31=0xffffffff
       63295000	      6230	800064ec	4031deb3	sra	x29,x3,x3	  x3:0x003dc8f0  x3:0x003dc8f0 x29=0x0000003d
       63305000	      6231	800064f0	b8088913	addi	x18,x17,-1152	 x17:0x000000ff x18=0xfffffc7f
       63315000	      6232	800064f4	01675893	srli	x17,x14,0x16	 x14:0x80023ce4 x17=0x00000200
       63325000	      6233	800064f8	8c35	c.xor	x8,x13	  x8:0x00000001 x13:0x800234e4  x8=0x800234e5
       63335000	      6234	800064fa	41df5c93	srai	x25,x30,0x1d	 x30:0x2edc9fff x25=0x00000001
       63345000	      6235	800064fe	0f22	c.slli	x30,0x8	 x30:0x2edc9fff x30=0xdc9fff00
       63355000	      6236	80006500	0001	c.addi	x0,0	  x0:0x00000000  x0=0x00000000
       63365000	      6237	80006502	58eb6a97	auipc	x21,0x58eb6	 x21=0xd8ebc502
       63375000	      6238	80006506	014226b3	slt	x13,x4,x20	  x4:0xffffffff x20:0x0000001c x13=0x00000001
       63385000	      6239	8000650a	8d21	c.xor	x10,x8	 x10:0xffffffff  x8:0x800234e5 x10=0x7ffdcb1a
       63395000	      6240	8000650c	997c14b7	lui	x9,0x997c1	  x9=0x997c1000
       63405000	      6241	80006510	0001	c.addi	x0,0	  x0:0x00000000  x0=0x00000000
       63415000	      6242	80006512	0370d963	bge	x1,x23,80006544	  x1:0x515100d6 x23:0x2d02ce95
       63435000	      6244	80006544	01775363	bge	x14,x23,8000654a	 x14:0x80023ce4 x23:0x2d02ce95
       63445000	      6245	80006548	8d32	c.mv	x26,x12	  x0:0x00000000 x12:0x8001fe4c x26=0x8001fe4c
       63455000	      6246	8000654a	0123d993	srli	x19,x7,0x12	  x7:0x00000000 x19=0x00000000
       63465000	      6247	8000654e	00e46a33	or	x20,x8,x14	  x8:0x800234e5 x14:0x80023ce4 x20=0x80023ce5
       63475000	      6248	80006552	40675233	sra	x4,x14,x6	 x14:0x80023ce4  x6:0x800235e6  x4=0xfe0008f3
       63485000	      6249	80006556	017f96b3	sll	x13,x31,x23	 x31:0xffffffff x23:0x2d02ce95 x13=0xffe00000
       63495000	      6250	8000655a	0001	c.addi	x0,0	  x0:0x00000000  x0=0x00000000
       63505000	      6251	8000655c	010b1333	sll	x6,x22,x16	 x22:0x00000000 x16:0x00000000  x6=0x00000000
       63515000	      6252	80006560	c191	c.beqz	x11,80006564	 x11:0xf5e2a895
       63525000	      6253	80006562	0001	c.addi	x0,0	  x0:0x00000000  x0=0x00000000
       63535000	      6254	80006564	03401263	bne	x0,x20,80006588	  x0:0x00000000 x20:0x80023ce5
       63555000	      6256	80006588	9afd	c.andi	x13,-1	 x13:0xffe00000 x13=0xffe00000
       63565000	      6257	8000658a	801b7513	andi	x10,x22,-2047	 x22:0x00000000 x10=0x00000000
       63575000	      6258	8000658e	88e9	c.andi	x9,26	  x9:0x997c1000  x9=0x00000000
       63585000	      6259	80006590	06914a63	blt	x2,x9,80006604	  x2:0xf5e39895  x9:0x00000000
       63605000	      6261	80006604	01e2ea33	or	x20,x5,x30	  x5:0xffffffff x30:0xdc9fff00 x20=0xffffffff
       63615000	      6262	80006608	00904033	xor	x0,x0,x9	  x0:0x00000000  x9:0x00000000  x0=0x00000000
       63985000	      6299	8000660c	03b25f33	divu	x30,x4,x27	  x4:0xfe0008f3 x27:0xd77a5478 x30=0x00000001
       63995000	      6300	80006610	01ed5b63	bge	x26,x30,80006626	 x26:0x8001fe4c x30:0x00000001
       64365000	      6337	80006614	03f969b3	rem	x19,x18,x31	 x18:0xfffffc7f x31:0xffffffff x19=0x00000000
       64375000	      6338	80006618	0036abb3	slt	x23,x13,x3	 x13:0xffe00000  x3:0x003dc8f0 x23=0x00000001
       64385000	      6339	8000661c	80d9	c.srli	x9,0x16	  x9:0x00000000  x9=0x00000000
       64395000	      6340	8000661e	0108e333	or	x6,x17,x16	 x17:0x00000200 x16:0x00000000  x6=0x00000200
       64405000	      6341	80006622	005d37b3	sltu	x15,x26,x5	 x26:0x8001fe4c  x5:0xffffffff x15=0x00000001
       64415000	      6342	80006626	02a1	c.addi	x5,8	  x5:0xffffffff  x5=0x00000007
       64425000	      6343	80006628	b9aba993	slti	x19,x23,-1126	 x23:0x00000001 x19=0x00000000
       64435000	      6344	8000662c	9e88b693	sltiu	x13,x17,-1560	 x17:0x00000200 x13=0x00000001
       64475000	      6348	80006630	0316bc33	mulhu	x24,x13,x17	 x13:0x00000001 x17:0x00000200 x24=0x00000000
       64485000	      6349	80006634	2a8efb93	andi	x23,x29,680	 x29:0x0000003d x23=0x00000028
       64495000	      6350	80006638	8366	c.mv	x6,x25	  x0:0x00000000 x25:0x00000001  x6=0x00000001
       64505000	      6351	8000663a	8c9d	c.sub	x9,x15	  x9:0x00000000 x15:0x00000001  x9=0xffffffff
       64515000	      6352	8000663c	00e2b6b3	sltu	x13,x5,x14	  x5:0x00000007 x14:0x80023ce4 x13=0x00000001
       64525000	      6353	80006640	0275f663	bgeu	x11,x7,8000666c	 x11:0xf5e2a895  x7:0x00000000
       64545000	      6355	8000666c	0ff0000f	fence	iorw,iorw	
       64555000	      6356	80006670	83c5	c.srli	x15,0x11	 x15:0x00000001 x15=0x00000000
       64565000	      6357	80006672	4249	c.li	x4,18	  x4=0x00000012
       64575000	      6358	80006674	c585	c.beqz	x11,8000669c	 x11:0xf5e2a895
       64585000	      6359	80006676	40125eb3	sra	x29,x4,x1	  x4:0x00000012  x1:0x515100d6 x29=0x00000000
       64595000	      6360	8000667a	03085263	bge	x16,x16,8000669e	 x16:0x00000000 x16:0x00000000
       64615000	      6362	8000669e	989e	c.add	x17,x7	 x17:0x00000200  x7:0x00000000 x17=0x00000200
       64625000	      6363	800066a0	0001	c.addi	x0,0	  x0:0x00000000  x0=0x00000000
       64635000	      6364	800066a2	9afd	c.andi	x13,-1	 x13:0x00000001 x13=0x00000001
       64645000	      6365	800066a4	01349793	slli	x15,x9,0x13	  x9:0xffffffff x15=0xfff80000
       64655000	      6366	800066a8	00b45a93	srli	x21,x8,0xb	  x8:0x800234e5 x21=0x00100046
       64665000	      6367	800066ac	c8d82b13	slti	x22,x16,-883	 x16:0x00000000 x22=0x00000000
       64675000	      6368	800066b0	8cfd	c.and	x9,x15	  x9:0xffffffff x15:0xfff80000  x9=0xfff80000
       65045000	      6405	800066b2	02ce7fb3	remu	x31,x28,x12	 x28:0x2d03be95 x12:0x8001fe4c x31=0x2d03be95
       65055000	      6406	800066b6	006defb3	or	x31,x27,x6	 x27:0xd77a5478  x6:0x00000001 x31=0xd77a5479
       65065000	      6407	800066ba	47b0db37	lui	x22,0x47b0d	 x22=0x47b0d000
       65075000	      6408	800066be	0067a033	slt	x0,x15,x6	 x15:0xfff80000  x6:0x00000001  x0=0x00000000
       65105000	      6411	800066c2	03940433	mul	x8,x8,x25	  x8:0x800234e5 x25:0x00000001  x8=0x800234e5
       65475000	      6448	800066c6	0221db33	divu	x22,x3,x2	  x3:0x003dc8f0  x2:0xf5e39895 x22=0x00000000
       65485000	      6449	800066ca	ce8ba297	auipc	x5,0xce8ba	  x5=0x4e8c06ca
       65495000	      6450	800066ce	03aef763	bgeu	x29,x26,800066fc	 x29:0x00000000 x26:0x8001fe4c
       65505000	      6451	800066d2	01305233	srl	x4,x0,x19	  x0:0x00000000 x19:0x00000000  x4=0x00000000
       65515000	      6452	800066d6	985e	c.add	x16,x23	 x16:0x00000000 x23:0x00000028 x16=0x00000028
       65525000	      6453	800066d8	31e02393	slti	x7,x0,798	  x0:0x00000000  x7=0x00000001
       65535000	      6454	800066dc	024d4063	blt	x26,x4,800066fc	 x26:0x8001fe4c  x4:0x00000000
       65555000	      6456	800066fc	004dfa33	and	x20,x27,x4	 x27:0xd77a5478  x4:0x00000000 x20=0x00000000
       65565000	      6457	80006700	8ced	c.and	x9,x11	  x9:0xfff80000 x11:0xf5e2a895  x9=0xf5e00000
       65575000	      6458	80006702	521caa13	slti	x20,x25,1313	 x25:0x00000001 x20=0x00000001
       65585000	      6459	80006706	00d412b3	sll	x5,x8,x13	  x8:0x800234e5 x13:0x00000001  x5=0x000469ca
       65595000	      6460	8000670a	2323bf13	sltiu	x30,x7,562	  x7:0x00000001 x30=0x00000001
       65605000	      6461	8000670e	0035d8b3	srl	x17,x11,x3	 x11:0xf5e2a895  x3:0x003dc8f0 x17=0x0000f5e2
       65615000	      6462	80006712	6e65	c.lui	x28,0x19	 x28=0x00019000
       65625000	      6463	80006714	01f807b3	add	x15,x16,x31	 x16:0x00000028 x31:0xd77a5479 x15=0xd77a54a1
       65635000	      6464	80006718	4805	c.li	x16,1	 x16=0x00000001
       65645000	      6465	8000671a	01f35a33	srl	x20,x6,x31	  x6:0x00000001 x31:0xd77a5479 x20=0x00000000
       65655000	      6466	8000671e	f3b82813	slti	x16,x16,-197	 x16:0x00000001 x16=0x00000000
       65665000	      6467	80006722	016b5463	bge	x22,x22,8000672a	 x22:0x00000000 x22:0x00000000
       65695000	      6470	8000672a	2100c3b7	lui	x7,0x2100c	  x7=0x2100c000
       65705000	      6471	8000672e	8ea9	c.xor	x13,x10	 x13:0x00000001 x10:0x00000000 x13=0x00000001
       65715000	      6472	80006730	01f59193	slli	x3,x11,0x1f	 x11:0xf5e2a895  x3=0x80000000
       65725000	      6473	80006734	0000100f	fence.i	
       65775000	      6478	80006738	032c9bb3	mulh	x23,x25,x18	 x25:0x00000001 x18:0xfffffc7f x23=0xffffffff
       65785000	      6479	8000673c	00c40cb3	add	x25,x8,x12	  x8:0x800234e5 x12:0x8001fe4c x25=0x00043331
       65795000	      6480	80006740	7fde4793	xori	x15,x28,2045	 x28:0x00019000 x15=0x000197fd
       65805000	      6481	80006744	ce89	c.beqz	x13,8000675e	 x13:0x00000001
       65815000	      6482	80006746	01d75c63	bge	x14,x29,8000675e	 x14:0x80023ce4 x29:0x00000000
       65825000	      6483	8000674a	00de9a93	slli	x21,x29,0xd	 x29:0x00000000 x21=0x00000000
       65835000	      6484	8000674e	00a11033	sll	x0,x2,x10	  x2:0xf5e39895 x10:0x00000000  x0=0x00000000
       65845000	      6485	80006752	008c7c63	bgeu	x24,x8,8000676a	 x24:0x00000000  x8:0x800234e5
       65855000	      6486	80006756	ddd15697	auipc	x13,0xddd15	 x13=0x5dd1b756
       65865000	      6487	8000675a	00f1ea33	or	x20,x3,x15	  x3:0x80000000 x15:0x000197fd x20=0x800197fd
       65875000	      6488	8000675e	007b49b3	xor	x19,x22,x7	 x22:0x00000000  x7:0x2100c000 x19=0x2100c000
       65885000	      6489	80006762	8da9	c.xor	x11,x10	 x11:0xf5e2a895 x10:0x00000000 x11=0xf5e2a895
       65925000	      6493	80006764	02af29b3	mulhsu	x19,x30,x10	 x30:0x00000001 x10:0x00000000 x19=0x00000000
       65935000	      6494	80006768	8a89	c.andi	x13,2	 x13:0x5dd1b756 x13=0x00000002
       65945000	      6495	8000676a	c1442313	slti	x6,x8,-1004	  x8:0x800234e5  x6=0x00000001
       65955000	      6496	8000676e	82a5	c.srli	x13,0x9	 x13:0x00000002 x13=0x00000000
       65965000	      6497	80006770	8efe	c.mv	x29,x31	  x0:0x00000000 x31:0xd77a5479 x29=0xd77a5479
       65975000	      6498	80006772	002068b3	or	x17,x0,x2	  x0:0x00000000  x2:0xf5e39895 x17=0xf5e39895
       65985000	      6499	80006776	0975	c.addi	x18,29	 x18:0xfffffc7f x18=0xfffffc9c
       65995000	      6500	80006778	010166b3	or	x13,x2,x16	  x2:0xf5e39895 x16:0x00000000 x13=0xf5e39895
       66005000	      6501	8000677c	cd990693	addi	x13,x18,-807	 x18:0xfffffc9c x13=0xfffff975
       66015000	      6502	80006780	849a	c.mv	x9,x6	  x0:0x00000000  x6:0x00000001  x9=0x00000001
       66025000	      6503	80006782	40c5	c.li	x1,17	  x1=0x00000011
       66035000	      6504	80006784	8fb5	c.xor	x15,x13	 x15:0x000197fd x13:0xfffff975 x15=0xfffe6e88
       66045000	      6505	80006786	8c5d	c.or	x8,x15	  x8:0x800234e5 x15:0xfffe6e88  x8=0xfffe7eed
       66055000	      6506	80006788	f7be2193	slti	x3,x28,-133	 x28:0x00019000  x3=0x00000000
       66065000	      6507	8000678c	8ce5	c.and	x9,x9	  x9:0x00000001  x9:0x00000001  x9=0x00000001
       66075000	      6508	8000678e	007d4d63	blt	x26,x7,800067a8	 x26:0x8001fe4c  x7:0x2100c000
       66095000	      6510	800067a8	93aa	c.add	x7,x10	  x7:0x2100c000 x10:0x00000000  x7=0x2100c000
       66125000	      6513	800067aa	03710fb3	mul	x31,x2,x23	  x2:0xf5e39895 x23:0xffffffff x31=0x0a1c676b
       66165000	      6517	800067ae	023a3d33	mulhu	x26,x20,x3	 x20:0x800197fd  x3:0x00000000 x26=0x00000000
       66185000	      6519	800067b2	03635433	divu	x8,x6,x22	  x6:0x00000001 x22:0x00000000  x8=0xffffffff
       66195000	      6520	800067b6	4474e813	ori	x16,x9,1095	  x9:0x00000001 x16=0x00000447
       66235000	      6524	800067ba	03aa24b3	mulhsu	x9,x20,x26	 x20:0x800197fd x26:0x00000000  x9=0x00000000
       66245000	      6525	800067be	416edb33	sra	x22,x29,x22	 x29:0xd77a5479 x22:0x00000000 x22=0xd77a5479
       66255000	      6526	800067c2	0060c463	blt	x1,x6,800067ca	  x1:0x00000011  x6:0x00000001
       66275000	      6528	800067c6	033659b3	divu	x19,x12,x19	 x12:0x8001fe4c x19:0x00000000 x19=0xffffffff
       66285000	      6529	800067ca	02d7c763	blt	x15,x13,800067f8	 x15:0xfffe6e88 x13:0xfffff975
       66305000	      6531	800067f8	00137263	bgeu	x6,x1,800067fc	  x6:0x00000001  x1:0x00000011
       66315000	      6532	800067fc	0189bab3	sltu	x21,x19,x24	 x19:0xffffffff x24:0x00000000 x21=0x00000000
       66325000	      6533	80006800	00eee1b3	or	x3,x29,x14	 x29:0xd77a5479 x14:0x80023ce4  x3=0xd77a7cfd
       66335000	      6534	80006804	031e	c.slli	x6,0x7	  x6:0x00000001  x6=0x00000080
       66345000	      6535	80006806	00148c63	beq	x9,x1,8000681e	  x9:0x00000000  x1:0x00000011
       66355000	      6536	8000680a	0147fa63	bgeu	x15,x20,8000681e	 x15:0xfffe6e88 x20:0x800197fd
       66385000	      6539	8000681e	04f66463	bltu	x12,x15,80006866	 x12:0x8001fe4c x15:0xfffe6e88
       66415000	      6542	80006866	7de2bc93	sltiu	x25,x5,2014	  x5:0x000469ca x25=0x00000000
       66425000	      6543	8000686a	01b8dc63	bge	x17,x27,80006882	 x17:0xf5e39895 x27:0xd77a5478
       66445000	      6545	80006882	8c59	c.or	x8,x14	  x8:0xffffffff x14:0x80023ce4  x8=0xffffffff
       66455000	      6546	80006884	0ff0000f	fence	iorw,iorw	
       66465000	      6547	80006888	e00d	c.bnez	x8,800068aa	  x8:0xffffffff
       66505000	      6551	800068aa	03915c33	divu	x24,x2,x25	  x2:0xf5e39895 x25:0x00000000 x24=0xffffffff
       66515000	      6552	800068ae	4089d333	sra	x6,x19,x8	 x19:0xffffffff  x8:0xffffffff  x6=0xffffffff
       66525000	      6553	800068b2	40eed793	srai	x15,x29,0xe	 x29:0xd77a5479 x15=0xffff5de9
       66535000	      6554	800068b6	00cdde13	srli	x28,x27,0xc	 x27:0xd77a5478 x28=0x000d77a5
       66545000	      6555	800068ba	41f354b3	sra	x9,x6,x31	  x6:0xffffffff x31:0x0a1c676b  x9=0xffffffff
       66555000	      6556	800068be	037e0863	beq	x28,x23,800068ee	 x28:0x000d77a5 x23:0xffffffff
       66565000	      6557	800068c2	0001	c.addi	x0,0	  x0:0x00000000  x0=0x00000000
       66575000	      6558	800068c4	8bc9	c.andi	x15,18	 x15:0xffff5de9 x15=0x00000000
       66585000	      6559	800068c6	013399b3	sll	x19,x7,x19	  x7:0x2100c000 x19:0xffffffff x19=0x00000000
       66595000	      6560	800068ca	41bf5793	srai	x15,x30,0x1b	 x30:0x00000001 x15=0x00000000
       66605000	      6561	800068ce	2beeab97	auipc	x23,0x2beea	 x23=0xabef08ce
       66615000	      6562	800068d2	4104d093	srai	x1,x9,0x10	  x9:0xffffffff  x1=0xffffffff
       66625000	      6563	800068d6	009f1293	slli	x5,x30,0x9	 x30:0x00000001  x5=0x00000200
       66635000	      6564	800068da	e18b1217	auipc	x4,0xe18b1	  x4=0x618b78da
       66645000	      6565	800068de	8c7d	c.and	x8,x15	  x8:0xffffffff x15:0x00000000  x8=0x00000000
       66685000	      6569	800068e0	0383bbb3	mulhu	x23,x7,x24	  x7:0x2100c000 x24:0xffffffff x23=0x2100bfff
       66695000	      6570	800068e4	8cc9	c.or	x9,x10	  x9:0xffffffff x10:0x00000000  x9=0xffffffff
       66705000	      6571	800068e6	01e3af33	slt	x30,x7,x30	  x7:0x2100c000 x30:0x00000001 x30=0x00000000
       66715000	      6572	800068ea	014e3433	sltu	x8,x28,x20	 x28:0x000d77a5 x20:0x800197fd  x8=0x00000001
       66725000	      6573	800068ee	01b800b3	add	x1,x16,x27	 x16:0x00000447 x27:0xd77a5478  x1=0xd77a58bf
       66735000	      6574	800068f2	038d	c.addi	x7,3	  x7:0x2100c000  x7=0x2100c003
       66745000	      6575	800068f4	77780413	addi	x8,x16,1911	 x16:0x00000447  x8=0x00000bbe
       66785000	      6579	800068f8	02ea3ab3	mulhu	x21,x20,x14	 x20:0x800197fd x14:0x80023ce4 x21=0x4001ea74
       66795000	      6580	800068fc	81c1	c.srli	x11,0x10	 x11:0xf5e2a895 x11=0x0000f5e2
       66805000	      6581	800068fe	00759d63	bne	x11,x7,80006918	 x11:0x0000f5e2  x7:0x2100c003
       66825000	      6583	80006918	004d5213	srli	x4,x26,0x4	 x26:0x00000000  x4=0x00000000
       66835000	      6584	8000691c	8c25	c.xor	x8,x9	  x8:0x00000bbe  x9:0xffffffff  x8=0xfffff441
       66875000	      6588	8000691e	0284a233	mulhsu	x4,x9,x8	  x9:0xffffffff  x8:0xfffff441  x4=0xffffffff
       66885000	      6589	80006922	03a8d463	bge	x17,x26,8000694a	 x17:0xf5e39895 x26:0x00000000
       66895000	      6590	80006926	01c6feb3	and	x29,x13,x28	 x13:0xfffff975 x28:0x000d77a5 x29=0x000d7125
       66905000	      6591	8000692a	0142d333	srl	x6,x5,x20	  x5:0x00000200 x20:0x800197fd  x6=0x00000000
       66915000	      6592	8000692e	00bc9393	slli	x7,x25,0xb	 x25:0x00000000  x7=0x00000000
       66925000	      6593	80006932	00a51c63	bne	x10,x10,8000694a	 x10:0x00000000 x10:0x00000000
       66935000	      6594	80006936	f68ab813	sltiu	x16,x21,-152	 x21:0x4001ea74 x16=0x00000001
       67305000	      6631	8000693a	024b6bb3	rem	x23,x22,x4	 x22:0xd77a5479  x4:0xffffffff x23=0x00000000
       67315000	      6632	8000693e	401adfb3	sra	x31,x21,x1	 x21:0x4001ea74  x1:0xd77a58bf x31=0x00000000
       67325000	      6633	80006942	40488a33	sub	x20,x17,x4	 x17:0xf5e39895  x4:0xffffffff x20=0xf5e39896
       67365000	      6637	80006946	02a73db3	mulhu	x27,x14,x10	 x14:0x80023ce4 x10:0x00000000 x27=0x00000000
       67735000	      6674	8000694a	02e2c3b3	div	x7,x5,x14	  x5:0x00000200 x14:0x80023ce4  x7=0x00000000
       67745000	      6675	8000694e	8fb2	c.mv	x31,x12	  x0:0x00000000 x12:0x8001fe4c x31=0x8001fe4c
       68115000	      6712	80006950	02544db3	div	x27,x8,x5	  x8:0xfffff441  x5:0x00000200 x27=0xfffffffb
       68125000	      6713	80006954	0156acb3	slt	x25,x13,x21	 x13:0xfffff975 x21:0x4001ea74 x25=0x00000001
       68165000	      6717	80006958	03b0a333	mulhsu	x6,x1,x27	  x1:0xd77a58bf x27:0xfffffffb  x6=0xd77a58bf
       68175000	      6718	8000695c	0001	c.addi	x0,0	  x0:0x00000000  x0=0x00000000
       68545000	      6755	8000695e	0398cb33	div	x22,x17,x25	 x17:0xf5e39895 x25:0x00000001 x22=0xf5e39895
       68555000	      6756	80006962	88c5	c.andi	x9,17	  x9:0xffffffff  x9=0x00000011
       68565000	      6757	80006964	8d35	c.xor	x10,x13	 x10:0x00000000 x13:0xfffff975 x10=0xfffff975
       68575000	      6758	80006966	00cfad33	slt	x26,x31,x12	 x31:0x8001fe4c x12:0x8001fe4c x26=0x00000000
       68585000	      6759	8000696a	cf555337	lui	x6,0xcf555	  x6=0xcf555000
       68605000	      6761	8000696e	027d5233	divu	x4,x26,x7	 x26:0x00000000  x7:0x00000000  x4=0xffffffff
       68615000	      6762	80006972	40895bb3	sra	x23,x18,x8	 x18:0xfffffc9c  x8:0xfffff441 x23=0xfffffe4e
       68625000	      6763	80006976	02c41163	bne	x8,x12,80006998	  x8:0xfffff441 x12:0x8001fe4c
       68645000	      6765	80006998	00a4ea33	or	x20,x9,x10	  x9:0x00000011 x10:0xfffff975 x20=0xfffff975
       68655000	      6766	8000699c	002a6333	or	x6,x20,x2	 x20:0xfffff975  x2:0xf5e39895  x6=0xfffff9f5
       68665000	      6767	800069a0	9db2	c.add	x27,x12	 x27:0xfffffffb x12:0x8001fe4c x27=0x8001fe47
       68705000	      6771	800069a2	02b0ad33	mulhsu	x26,x1,x11	  x1:0xd77a58bf x11:0x0000f5e2 x26=0xffffd914
       68745000	      6775	800069a6	02e11a33	mulh	x20,x2,x14	  x2:0xf5e39895 x14:0x80023ce4 x20=0x050e1d15
       68755000	      6776	800069aa	00b49f33	sll	x30,x9,x11	  x9:0x00000011 x11:0x0000f5e2 x30=0x00000044
       68795000	      6780	800069ae	03761b33	mulh	x22,x12,x23	 x12:0x8001fe4c x23:0xfffffe4e x22=0x000000d8
       68805000	      6781	800069b2	008f4463	blt	x30,x8,800069ba	 x30:0x00000044  x8:0xfffff441
       68815000	      6782	800069b6	0144e233	or	x4,x9,x20	  x9:0x00000011 x20:0x050e1d15  x4=0x050e1d15
       68825000	      6783	800069ba	01c74863	blt	x14,x28,800069ca	 x14:0x80023ce4 x28:0x000d77a5
       68875000	      6788	800069ca	03a30b33	mul	x22,x6,x26	  x6:0xfffff9f5 x26:0xffffd914 x22=0x00eb3424
       69245000	      6825	800069ce	03297833	remu	x16,x18,x18	 x18:0xfffffc9c x18:0xfffffc9c x16=0x00000000
       69255000	      6826	800069d2	04d11b63	bne	x2,x13,80006a28	  x2:0xf5e39895 x13:0xfffff975
       69275000	      6828	80006a28	8ced	c.and	x9,x11	  x9:0x00000011 x11:0x0000f5e2  x9=0x00000000
       69285000	      6829	80006a2a	0ef6	c.slli	x29,0x1d	 x29:0x000d7125 x29=0xa0000000
       69295000	      6830	80006a2c	8dd1	c.or	x11,x12	 x11:0x0000f5e2 x12:0x8001fe4c x11=0x8001ffee
       69305000	      6831	80006a2e	8d25	c.xor	x10,x9	 x10:0xfffff975  x9:0x00000000 x10=0xfffff975
       69315000	      6832	80006a30	0013fc63	bgeu	x7,x1,80006a48	  x7:0x00000000  x1:0xd77a58bf
       69325000	      6833	80006a34	b2fb7f93	andi	x31,x22,-1233	 x22:0x00eb3424 x31=0x00eb3024
       69335000	      6834	80006a38	0333c063	blt	x7,x19,80006a58	  x7:0x00000000 x19:0x00000000
       69705000	      6871	80006a3c	02d1d933	divu	x18,x3,x13	  x3:0xd77a7cfd x13:0xfffff975 x18=0x00000000
       69745000	      6875	80006a40	03af98b3	mulh	x17,x31,x26	 x31:0x00eb3024 x26:0xffffd914 x17=0xffffffdc
       69765000	      6877	80006a44	029dd5b3	divu	x11,x27,x9	 x27:0x8001fe47  x9:0x00000000 x11=0xffffffff
       69775000	      6878	80006a48	8d9d	c.sub	x11,x15	 x11:0xffffffff x15:0x00000000 x11=0xffffffff
       70145000	      6915	80006a4a	0256efb3	rem	x31,x13,x5	 x13:0xfffff975  x5:0x00000200 x31=0xffffff75
       70155000	      6916	80006a4e	014b8d63	beq	x23,x20,80006a68	 x23:0xfffffe4e x20:0x050e1d15
       70195000	      6920	80006a52	0351a333	mulhsu	x6,x3,x21	  x3:0xd77a7cfd x21:0x4001ea74  x6=0xf5de519d
       70205000	      6921	80006a56	0001	c.addi	x0,0	  x0:0x00000000  x0=0x00000000
       70215000	      6922	80006a58	e105	c.bnez	x10,80006a78	 x10:0xfffff975
       70235000	      6924	80006a78	0001	c.addi	x0,0	  x0:0x00000000  x0=0x00000000
       70245000	      6925	80006a7a	8ff1	c.and	x15,x12	 x15:0x00000000 x12:0x8001fe4c x15=0x00000000
       70255000	      6926	80006a7c	00eddf93	srli	x31,x27,0xe	 x27:0x8001fe47 x31=0x00020007
       70265000	      6927	80006a80	3be14c13	xori	x24,x2,958	  x2:0xf5e39895 x24=0xf5e39b2b
       70275000	      6928	80006a84	0ff0000f	fence	iorw,iorw	
       70285000	      6929	80006a88	00eaae33	slt	x28,x21,x14	 x21:0x4001ea74 x14:0x80023ce4 x28=0x00000000
       70295000	      6930	80006a8c	c1c9	c.beqz	x11,80006b0e	 x11:0xffffffff
       70305000	      6931	80006a8e	41b55db3	sra	x27,x10,x27	 x10:0xfffff975 x27:0x8001fe47 x27=0xfffffff2
       70315000	      6932	80006a92	40a18bb3	sub	x23,x3,x10	  x3:0xd77a7cfd x10:0xfffff975 x23=0xd77a8388
       70685000	      6969	80006a96	03196433	rem	x8,x18,x17	 x18:0x00000000 x17:0xffffffdc  x8=0x00000000
       70695000	      6970	80006a9a	0d6e	c.slli	x26,0x1b	 x26:0xffffd914 x26=0xa0000000
       70705000	      6971	80006a9c	84cee6b7	lui	x13,0x84cee	 x13=0x84cee000
       70715000	      6972	80006aa0	0001	c.addi	x0,0	  x0:0x00000000  x0=0x00000000
       70725000	      6973	80006aa2	c8b9	c.beqz	x9,80006af8	  x9:0x00000000
       70745000	      6975	80006af8	0154a1b3	slt	x3,x9,x21	  x9:0x00000000 x21:0x4001ea74  x3=0x00000001
       70765000	      6977	80006afc	02f767b3	rem	x15,x14,x15	 x14:0x80023ce4 x15:0x00000000 x15=0x80023ce4
       70775000	      6978	80006b00	0288e663	bltu	x17,x8,80006b2c	 x17:0xffffffdc  x8:0x00000000
       70785000	      6979	80006b04	804d	c.srli	x8,0x13	  x8:0x00000000  x8=0x00000000
       70825000	      6983	80006b06	03f7a9b3	mulhsu	x19,x15,x31	 x15:0x80023ce4 x31:0x00020007 x19=0xffff0000
       70835000	      6984	80006b0a	454bb2b7	lui	x5,0x454bb	  x5=0x454bb000
       70855000	      6986	80006b0e	0201dbb3	divu	x23,x3,x0	  x3:0x00000001  x0:0x00000000 x23=0xffffffff
       70865000	      6987	80006b12	858d	c.srai	x11,0x3	 x11:0xffffffff x11=0xffffffff
       70875000	      6988	80006b14	0067c5b3	xor	x11,x15,x6	 x15:0x80023ce4  x6:0xf5de519d x11=0x75dc6d79
       71245000	      7025	80006b18	03d1f5b3	remu	x11,x3,x29	  x3:0x00000001 x29:0xa0000000 x11=0x00000001
       71255000	      7026	80006b1c	f010f993	andi	x19,x1,-255	  x1:0xd77a58bf x19=0xd77a5801
       71265000	      7027	80006b20	8c8d	c.sub	x9,x11	  x9:0x00000000 x11:0x00000001  x9=0xffffffff
       71635000	      7064	80006b22	02305d33	divu	x26,x0,x3	  x0:0x00000000  x3:0x00000001 x26=0x00000000
       71645000	      7065	80006b26	9d6a	c.add	x26,x26	 x26:0x00000000 x26:0x00000000 x26=0x00000000
       71655000	      7066	80006b28	0ff0000f	fence	iorw,iorw	
       71665000	      7067	80006b2c	cf99	c.beqz	x15,80006b4a	 x15:0x80023ce4
       71675000	      7068	80006b2e	0ff0000f	fence	iorw,iorw	
       71685000	      7069	80006b32	a6dc6a93	ori	x21,x24,-1427	 x24:0xf5e39b2b x21=0xfffffb6f
       71695000	      7070	80006b36	e291	c.bnez	x13,80006b3a	 x13:0x84cee000
       71725000	      7073	80006b3a	65203e17	auipc	x28,0x65203	 x28=0xe5209b3a
       71735000	      7074	80006b3e	ca824593	xori	x11,x4,-856	  x4:0x050e1d15 x11=0xfaf1e1bd
       71745000	      7075	80006b42	0001	c.addi	x0,0	  x0:0x00000000  x0=0x00000000
       71755000	      7076	80006b44	26d1f813	andi	x16,x3,621	  x3:0x00000001 x16=0x00000001
       71765000	      7077	80006b48	ca81	c.beqz	x13,80006b58	 x13:0x84cee000
       71775000	      7078	80006b4a	81f2	c.mv	x3,x28	  x0:0x00000000 x28:0xe5209b3a  x3=0xe5209b3a
       71785000	      7079	80006b4c	8689	c.srai	x13,0x2	 x13:0x84cee000 x13=0xe133b800
       71795000	      7080	80006b4e	02916363	bltu	x2,x9,80006b74	  x2:0xf5e39895  x9:0xffffffff
       71815000	      7082	80006b74	02aedb63	bge	x29,x10,80006baa	 x29:0xa0000000 x10:0xfffff975
       71825000	      7083	80006b78	017a2233	slt	x4,x20,x23	 x20:0x050e1d15 x23:0xffffffff  x4=0x00000000
       71835000	      7084	80006b7c	00929213	slli	x4,x5,0x9	  x5:0x454bb000  x4=0x97600000
       71845000	      7085	80006b80	416b5913	srai	x18,x22,0x16	 x22:0x00eb3424 x18=0x00000003
       71855000	      7086	80006b84	8c05	c.sub	x8,x9	  x8:0x00000000  x9:0xffffffff  x8=0x00000001
       71865000	      7087	80006b86	d6544b93	xori	x23,x8,-667	  x8:0x00000001 x23=0xfffffd64
       71905000	      7091	80006b8a	028a9433	mulh	x8,x21,x8	 x21:0xfffffb6f  x8:0x00000001  x8=0xffffffff
       71915000	      7092	80006b8e	01c5f463	bgeu	x11,x28,80006b96	 x11:0xfaf1e1bd x28:0xe5209b3a
       71945000	      7095	80006b96	00f00b63	beq	x0,x15,80006bac	  x0:0x00000000 x15:0x80023ce4
       71955000	      7096	80006b9a	01930963	beq	x6,x25,80006bac	  x6:0xf5de519d x25:0x00000001
       71965000	      7097	80006b9e	017bc1b3	xor	x3,x23,x23	 x23:0xfffffd64 x23:0xfffffd64  x3=0x00000000
       71975000	      7098	80006ba2	0971	c.addi	x18,28	 x18:0x00000003 x18=0x0000001f
       71985000	      7099	80006ba4	011ced33	or	x26,x25,x17	 x25:0x00000001 x17:0xffffffdc x26=0xffffffdd
       71995000	      7100	80006ba8	0c92	c.slli	x25,0x4	 x25:0x00000001 x25=0x00000010
       72005000	      7101	80006baa	8fa9	c.xor	x15,x10	 x15:0x80023ce4 x10:0xfffff975 x15=0x7ffdc591
       72015000	      7102	80006bac	01365a33	srl	x20,x12,x19	 x12:0x8001fe4c x19:0xd77a5801 x20=0x4000ff26
       72025000	      7103	80006bb0	8cf9	c.and	x9,x14	  x9:0xffffffff x14:0x80023ce4  x9=0x80023ce4
       72035000	      7104	80006bb2	41b30a33	sub	x20,x6,x27	  x6:0xf5de519d x27:0xfffffff2 x20=0xf5de51ab
       72045000	      7105	80006bb6	00a139b3	sltu	x19,x2,x10	  x2:0xf5e39895 x10:0xfffff975 x19=0x00000001
       72055000	      7106	80006bba	012e1533	sll	x10,x28,x18	 x28:0xe5209b3a x18:0x0000001f x10=0x00000000
       72095000	      7110	80006bbe	03013533	mulhu	x10,x2,x16	  x2:0xf5e39895 x16:0x00000001 x10=0x00000000
       72105000	      7111	80006bc2	443d	c.li	x8,15	  x8=0x0000000f
       72145000	      7115	80006bc4	027f2433	mulhsu	x8,x30,x7	 x30:0x00000044  x7:0x00000000  x8=0x00000000
       72155000	      7116	80006bc8	dd7e3313	sltiu	x6,x28,-553	 x28:0xe5209b3a  x6=0x00000001
       72165000	      7117	80006bcc	8e9a	c.mv	x29,x6	  x0:0x00000000  x6:0x00000001 x29=0x00000001
       72175000	      7118	80006bce	6c85	c.lui	x25,0x1	 x25=0x00001000
       72185000	      7119	80006bd0	8dfd	c.and	x11,x15	 x11:0xfaf1e1bd x15:0x7ffdc591 x11=0x7af1c191
       72195000	      7120	80006bd2	847d	c.srai	x8,0x1f	  x8:0x00000000  x8=0x00000000
       72205000	      7121	80006bd4	0ff0000f	fence	iorw,iorw	
       72575000	      7158	80006bd8	022557b3	divu	x15,x10,x2	 x10:0x00000000  x2:0xf5e39895 x15=0x00000000
       72585000	      7159	80006bdc	41ba5bb3	sra	x23,x20,x27	 x20:0xf5de51ab x27:0xfffffff2 x23=0xfffffd77
       72955000	      7196	80006be0	02e06933	rem	x18,x0,x14	  x0:0x00000000 x14:0x80023ce4 x18=0x00000000
       72995000	      7200	80006be4	038aba33	mulhu	x20,x21,x24	 x21:0xfffffb6f x24:0xf5e39b2b x20=0xf5e396c8
       73005000	      7201	80006be8	1dd64b93	xori	x23,x12,477	 x12:0x8001fe4c x23=0x8001ff91
       73015000	      7202	80006bec	06ea	c.slli	x13,0x1a	 x13:0xe133b800 x13=0x00000000
       73385000	      7239	80006bee	039d7bb3	remu	x23,x26,x25	 x26:0xffffffdd x25:0x00001000 x23=0x00000fdd
       73395000	      7240	80006bf2	03c000ef	jal	x1,80006c2e	  x1=0x80006bf6
       73425000	      7243	80006c2e	fd9ff0ef	jal	x1,80006c06	  x1=0x80006c32
       73455000	      7246	80006c06	022000ef	jal	x1,80006c28	  x1=0x80006c0a
       73475000	      7248	80006c28	004001ef	jal	x3,80006c2c	  x3=0x80006c2c
       73495000	      7250	80006c2c	bfd9	c.j	80006c02	
       73525000	      7253	80006c02	0200026f	jal	x4,80006c22	  x4=0x80006c06
       73545000	      7255	80006c22	bff1	c.j	80006bfe	
       73565000	      7257	80006bfe	2821	c.jal	80006c16	  x1=0x80006c00
       73585000	      7259	80006c16	b7c5	c.j	80006bf6	
       73615000	      7262	80006bf6	0060036f	jal	x6,80006bfc	  x6=0x80006bfa
       73635000	      7264	80006bfc	202d	c.jal	80006c26	  x1=0x80006bfe
       73655000	      7266	80006c26	bfcd	c.j	80006c18	
       73675000	      7268	80006c18	01e0036f	jal	x6,80006c36	  x6=0x80006c1c
       73705000	      7271	80006c36	fefff0ef	jal	x1,80006c24	  x1=0x80006c3a
       73725000	      7273	80006c24	bfc5	c.j	80006c14	
       73745000	      7275	80006c14	bffd	c.j	80006c12	
       73765000	      7277	80006c12	3ffd	c.jal	80006c10	  x1=0x80006c14
       73785000	      7279	80006c10	b7ed	c.j	80006bfa	
       73805000	      7281	80006bfa	a801	c.j	80006c0a	
       73825000	      7283	80006c0a	a011	c.j	80006c0e	
       73845000	      7285	80006c0e	a015	c.j	80006c32	
       73875000	      7288	80006c32	fdbff26f	jal	x4,80006c0c	  x4=0x80006c36
       73895000	      7290	80006c0c	a801	c.j	80006c1c	
       73915000	      7292	80006c1c	37d5	c.jal	80006c00	  x1=0x80006c1e
       73935000	      7294	80006c00	2839	c.jal	80006c1e	  x1=0x80006c02
       73965000	      7297	80006c1e	01c000ef	jal	x1,80006c3a	  x1=0x80006c22
       73985000	      7299	80006c3a	8c46	c.mv	x24,x17	  x0:0x00000000 x17:0xffffffdc x24=0xffffffdc
       73995000	      7300	80006c3c	73b07437	lui	x8,0x73b07	  x8=0x73b07000
       74005000	      7301	80006c40	e09d	c.bnez	x9,80006c66	  x9:0x80023ce4
       74025000	      7303	80006c66	8f81	c.sub	x15,x8	 x15:0x00000000  x8:0x73b07000 x15=0x8c4f9000
       74035000	      7304	80006c68	8e99	c.sub	x13,x14	 x13:0x00000000 x14:0x80023ce4 x13=0x7ffdc31c
       74405000	      7341	80006c6a	036244b3	div	x9,x4,x22	  x4:0x80006c36 x22:0x00eb3424  x9=0xffffff75
       74415000	      7342	80006c6e	0a51	c.addi	x20,20	 x20:0xf5e396c8 x20=0xf5e396dc
       74785000	      7379	80006c70	02be4fb3	div	x31,x28,x11	 x28:0xe5209b3a x11:0x7af1c191 x31=0x00000000
       74795000	      7380	80006c74	0a7d	c.addi	x20,31	 x20:0xf5e396dc x20=0xf5e396fb
       74805000	      7381	80006c76	40945313	srai	x6,x8,0x9	  x8:0x73b07000  x6=0x0039d838
       74815000	      7382	80006c7a	64dd92b7	lui	x5,0x64dd9	  x5=0x64dd9000
       74825000	      7383	80006c7e	fa0c4893	xori	x17,x24,-96	 x24:0xffffffdc x17=0x0000007c
       74835000	      7384	80006c82	00f84c33	xor	x24,x16,x15	 x16:0x00000001 x15:0x8c4f9000 x24=0x8c4f9001
       74845000	      7385	80006c86	c5a9	c.beqz	x11,80006cd0	 x11:0x7af1c191
       74855000	      7386	80006c88	ea91	c.bnez	x13,80006c9c	 x13:0x7ffdc31c
       74875000	      7388	80006c9c	012c9213	slli	x4,x25,0x12	 x25:0x00001000  x4=0x40000000
       74885000	      7389	80006ca0	002e8e63	beq	x29,x2,80006cbc	 x29:0x00000001  x2:0xf5e39895
       74895000	      7390	80006ca4	01fb94b3	sll	x9,x23,x31	 x23:0x00000fdd x31:0x00000000  x9=0x00000fdd
       74905000	      7391	80006ca8	f2466093	ori	x1,x12,-220	 x12:0x8001fe4c  x1=0xffffff6c
       74915000	      7392	80006cac	006eacb3	slt	x25,x29,x6	 x29:0x00000001  x6:0x0039d838 x25=0x00000001
       74925000	      7393	80006cb0	41b48833	sub	x16,x9,x27	  x9:0x00000fdd x27:0xfffffff2 x16=0x00000feb
       74935000	      7394	80006cb4	010b9463	bne	x23,x16,80006cbc	 x23:0x00000fdd x16:0x00000feb
       74955000	      7396	80006cbc	bb58ee13	ori	x28,x17,-1099	 x17:0x0000007c x28=0xfffffbfd
       74965000	      7397	80006cc0	014f80b3	add	x1,x31,x20	 x31:0x00000000 x20:0xf5e396fb  x1=0xf5e396fb
       74975000	      7398	80006cc4	00887bb3	and	x23,x16,x8	 x16:0x00000feb  x8:0x73b07000 x23=0x00000000
       74985000	      7399	80006cc8	01165793	srli	x15,x12,0x11	 x12:0x8001fe4c x15=0x00004000
       74995000	      7400	80006ccc	41918bb3	sub	x23,x3,x25	  x3:0x80006c2c x25:0x00000001 x23=0x80006c2b
       75005000	      7401	80006cd0	e7da7493	andi	x9,x20,-387	 x20:0xf5e396fb  x9=0xf5e39679
       75015000	      7402	80006cd4	413b5233	sra	x4,x22,x19	 x22:0x00eb3424 x19:0x00000001  x4=0x00759a12
       75025000	      7403	80006cd8	ec81	c.bnez	x9,80006cf0	  x9:0xf5e39679
       75045000	      7405	80006cf0	010a5763	bge	x20,x16,80006cfe	 x20:0xf5e396fb x16:0x00000feb
       75055000	      7406	80006cf4	841a	c.mv	x8,x6	  x0:0x00000000  x6:0x0039d838  x8=0x0039d838
       75065000	      7407	80006cf6	00f37833	and	x16,x6,x15	  x6:0x0039d838 x15:0x00004000 x16=0x00004000
       75075000	      7408	80006cfa	022a6363	bltu	x20,x2,80006d20	 x20:0xf5e396fb  x2:0xf5e39895
       75095000	      7410	80006d20	022f8663	beq	x31,x2,80006d4c	 x31:0x00000000  x2:0xf5e39895
       75105000	      7411	80006d24	01f67b63	bgeu	x12,x31,80006d3a	 x12:0x8001fe4c x31:0x00000000
       75125000	      7413	80006d3a	18fd	c.addi	x17,-1	 x17:0x0000007c x17=0x0000007b
       75135000	      7414	80006d3c	01f20e33	add	x28,x4,x31	  x4:0x00759a12 x31:0x00000000 x28=0x00759a12
       75145000	      7415	80006d40	a9086313	ori	x6,x16,-1392	 x16:0x00004000  x6=0xfffffa90
       75515000	      7452	80006d44	035e72b3	remu	x5,x28,x21	 x28:0x00759a12 x21:0xfffffb6f  x5=0x00759a12
       75525000	      7453	80006d48	02081163	bne	x16,x0,80006d6a	 x16:0x00004000  x0:0x00000000
       75545000	      7455	80006d6a	0e1a	c.slli	x28,0x6	 x28:0x00759a12 x28=0x1d668480
       75555000	      7456	80006d6c	6a89	c.lui	x21,0x2	 x21=0x00002000
       75565000	      7457	80006d6e	8de1	c.and	x11,x8	 x11:0x7af1c191  x8:0x0039d838 x11=0x0031c010
       75575000	      7458	80006d70	40c5d5b3	sra	x11,x11,x12	 x11:0x0031c010 x12:0x8001fe4c x11=0x0000031c
       75585000	      7459	80006d74	0001	c.addi	x0,0	  x0:0x00000000  x0=0x00000000
       75595000	      7460	80006d76	411d5a33	sra	x20,x26,x17	 x26:0xffffffdd x17:0x0000007b x20=0xffffffff
       75605000	      7461	80006d7a	0349c763	blt	x19,x20,80006da8	 x19:0x00000001 x20:0xffffffff
       75615000	      7462	80006d7e	01165463	bge	x12,x17,80006d86	 x12:0x8001fe4c x17:0x0000007b
       75625000	      7463	80006d82	00589cb3	sll	x25,x17,x5	 x17:0x0000007b  x5:0x00759a12 x25=0x01ec0000
       75635000	      7464	80006d86	4abd	c.li	x21,15	 x21=0x0000000f
       75645000	      7465	80006d88	01d27db3	and	x27,x4,x29	  x4:0x00759a12 x29:0x00000001 x27=0x00000000
       75655000	      7466	80006d8c	033a8363	beq	x21,x19,80006db2	 x21:0x0000000f x19:0x00000001
       75665000	      7467	80006d90	9b5c3993	sltiu	x19,x24,-1611	 x24:0x8c4f9001 x19=0x00000001
       75675000	      7468	80006d94	006bbe33	sltu	x28,x23,x6	 x23:0x80006c2b  x6:0xfffffa90 x28=0x00000001
       75685000	      7469	80006d98	015608b3	add	x17,x12,x21	 x12:0x8001fe4c x21:0x0000000f x17=0x8001fe5b
       75695000	      7470	80006d9c	0ff0000f	fence	iorw,iorw	
       75705000	      7471	80006da0	015c62b3	or	x5,x24,x21	 x24:0x8c4f9001 x21:0x0000000f  x5=0x8c4f900f
       75715000	      7472	80006da4	40685d93	srai	x27,x16,0x6	 x16:0x00004000 x27=0x00000100
       75725000	      7473	80006da8	7e7d0413	addi	x8,x26,2023	 x26:0xffffffdd  x8=0x000007c4
       76095000	      7510	80006dac	031b6d33	rem	x26,x22,x17	 x22:0x00eb3424 x17:0x8001fe5b x26=0x00eb3424
       76105000	      7511	80006db0	0c76	c.slli	x24,0x1d	 x24:0x8c4f9001 x24=0x20000000
       76115000	      7512	80006db2	37290913	addi	x18,x18,882	 x18:0x00000000 x18=0x00000372
       76125000	      7513	80006db6	0000100f	fence.i	
       76145000	      7515	80006dba	60e5	c.lui	x1,0x19	  x1=0x00019000
       76155000	      7516	80006dbc	0000100f	fence.i	
       76175000	      7518	80006dc0	987d	c.andi	x8,-1	  x8:0x000007c4  x8=0x000007c4
       76185000	      7519	80006dc2	8c6d	c.and	x8,x11	  x8:0x000007c4 x11:0x0000031c  x8=0x00000304
       76195000	      7520	80006dc4	0000100f	fence.i	
       76215000	      7522	80006dc8	df424d93	xori	x27,x4,-524	  x4:0x00759a12 x27=0xff8a67e6
       76225000	      7523	80006dcc	8471	c.srai	x8,0x1c	  x8:0x00000304  x8=0x00000000
       76255000	      7526	80006dce	02640e33	mul	x28,x8,x6	  x8:0x00000000  x6:0xfffffa90 x28=0x00000000
       76295000	      7530	80006dd2	0362a233	mulhsu	x4,x5,x22	  x5:0x8c4f900f x22:0x00eb3424  x4=0xff95b579
       76305000	      7531	80006dd6	c295	c.beqz	x13,80006dfa	 x13:0x7ffdc31c
       76315000	      7532	80006dd8	0c56	c.slli	x24,0x15	 x24:0x20000000 x24=0x00000000
       76325000	      7533	80006dda	50288293	addi	x5,x17,1282	 x17:0x8001fe5b  x5=0x8002035d
       76335000	      7534	80006dde	8d7e	c.mv	x26,x31	  x0:0x00000000 x31:0x00000000 x26=0x00000000
       76345000	      7535	80006de0	6a45	c.lui	x20,0x11	 x20=0x00011000
       76355000	      7536	80006de2	8fce	c.mv	x31,x19	  x0:0x00000000 x19:0x00000001 x31=0x00000001
       76365000	      7537	80006de4	53757813	andi	x16,x10,1335	 x10:0x00000000 x16=0x00000000
       76375000	      7538	80006de8	8039	c.srli	x8,0xe	  x8:0x00000000  x8=0x00000000
       76385000	      7539	80006dea	0b8e	c.slli	x23,0x3	 x23:0x80006c2b x23=0x00036158
       76395000	      7540	80006dec	0001	c.addi	x0,0	  x0:0x00000000  x0=0x00000000
       76405000	      7541	80006dee	3f0ae793	ori	x15,x21,1008	 x21:0x0000000f x15=0x000003ff
       76415000	      7542	80006df2	4012da13	srai	x20,x5,0x1	  x5:0x8002035d x20=0xc00101ae
       76425000	      7543	80006df6	b1caeb13	ori	x22,x21,-1252	 x21:0x0000000f x22=0xfffffb1f
       76435000	      7544	80006dfa	0001	c.addi	x0,0	  x0:0x00000000  x0=0x00000000
       76455000	      7546	80006dfc	030c40b3	div	x1,x24,x16	 x24:0x00000000 x16:0x00000000  x1=0xffffffff
       76465000	      7547	80006e00	41aa5393	srai	x7,x20,0x1a	 x20:0xc00101ae  x7=0xfffffff0
       76835000	      7584	80006e04	03d0d8b3	divu	x17,x1,x29	  x1:0xffffffff x29:0x00000001 x17=0xffffffff
       76875000	      7588	80006e08	03ce22b3	mulhsu	x5,x28,x28	 x28:0x00000000 x28:0x00000000  x5=0x00000000
       76885000	      7589	80006e0c	ec81	c.bnez	x9,80006e24	  x9:0xf5e39679
       76905000	      7591	80006e24	01544c63	blt	x8,x21,80006e3c	  x8:0x00000000 x21:0x0000000f
       76925000	      7593	80006e3c	8ccd	c.or	x9,x11	  x9:0xf5e39679 x11:0x0000031c  x9=0xf5e3977d
       76935000	      7594	80006e3e	01396e33	or	x28,x18,x19	 x18:0x00000372 x19:0x00000001 x28=0x00000373
       76945000	      7595	80006e42	b1e18997	auipc	x19,0xb1e18	 x19=0x31e1ee42
       76955000	      7596	80006e46	0ff0000f	fence	iorw,iorw	
       76965000	      7597	80006e4a	012779b3	and	x19,x14,x18	 x14:0x80023ce4 x18:0x00000372 x19=0x00000060
       76975000	      7598	80006e4e	0286	c.slli	x5,0x1	  x5:0x00000000  x5=0x00000000
       76985000	      7599	80006e50	007ac033	xor	x0,x21,x7	 x21:0x0000000f  x7:0xfffffff0  x0=0x00000000
       76995000	      7600	80006e54	06b9d363	bge	x19,x11,80006eba	 x19:0x00000060 x11:0x0000031c
       77005000	      7601	80006e58	01dbd593	srli	x11,x23,0x1d	 x23:0x00036158 x11=0x00000000
       77015000	      7602	80006e5c	0557c763	blt	x15,x21,80006eaa	 x15:0x000003ff x21:0x0000000f
       77025000	      7603	80006e60	0ff0000f	fence	iorw,iorw	
       77035000	      7604	80006e64	8dbd	c.xor	x11,x15	 x11:0x00000000 x15:0x000003ff x11=0x000003ff
       77045000	      7605	80006e66	01e89d13	slli	x26,x17,0x1e	 x17:0xffffffff x26=0xc0000000
       77055000	      7606	80006e6a	415f5693	srai	x13,x30,0x15	 x30:0x00000044 x13=0x00000000
       77065000	      7607	80006e6e	00e000ef	jal	x1,80006e7c	  x1=0x80006e72
       77085000	      7609	80006e7c	010000ef	jal	x1,80006e8c	  x1=0x80006e80
       77105000	      7611	80006e8c	fe9ff5ef	jal	x11,80006e74	 x11=0x80006e90
       77125000	      7613	80006e74	3ffd	c.jal	80006e72	  x1=0x80006e76
       77145000	      7615	80006e72	a011	c.j	80006e76	
       77175000	      7618	80006e76	0100036f	jal	x6,80006e86	  x6=0x80006e7a
       77205000	      7621	80006e86	004000ef	jal	x1,80006e8a	  x1=0x80006e8a
       77225000	      7623	80006e8a	bfed	c.j	80006e84	
       77245000	      7625	80006e84	3fdd	c.jal	80006e7a	  x1=0x80006e86
       77265000	      7627	80006e7a	a819	c.j	80006e90	
       77285000	      7629	80006e90	ff1ff36f	jal	x6,80006e80	  x6=0x80006e94
       77305000	      7631	80006e80	014000ef	jal	x1,80006e94	  x1=0x80006e84
       77325000	      7633	80006e94	0040036f	jal	x6,80006e98	  x6=0x80006e98
       77345000	      7635	80006e98	a009	c.j	80006e9a	
       77375000	      7638	80006e9a	b5c7b193	sltiu	x3,x15,-1188	 x15:0x000003ff  x3=0x00000001
       77385000	      7639	80006e9e	01401f33	sll	x30,x0,x20	  x0:0x00000000 x20:0xc00101ae x30=0x00000000
       77405000	      7641	80006ea2	02865db3	divu	x27,x12,x8	 x12:0x8001fe4c  x8:0x00000000 x27=0xffffffff
       77415000	      7642	80006ea6	00ae2833	slt	x16,x28,x10	 x28:0x00000373 x10:0x00000000 x16=0x00000000
       77455000	      7646	80006eaa	022b9e33	mulh	x28,x23,x2	 x23:0x00036158  x2:0xf5e39895 x28=0xffffddd2
       77465000	      7647	80006eae	9b06	c.add	x22,x1	 x22:0xfffffb1f  x1:0x80006e84 x22=0x800069a3
       77475000	      7648	80006eb0	8222	c.mv	x4,x8	  x0:0x00000000  x8:0x00000000  x4=0x00000000
       77845000	      7685	80006eb2	02b54533	div	x10,x10,x11	 x10:0x00000000 x11:0x80006e90 x10=0x00000000
       77855000	      7686	80006eb6	0007fbb3	and	x23,x15,x0	 x15:0x000003ff  x0:0x00000000 x23=0x00000000
       77865000	      7687	80006eba	8dd9	c.or	x11,x14	 x11:0x80006e90 x14:0x80023ce4 x11=0x80027ef4
       77875000	      7688	80006ebc	41985db3	sra	x27,x16,x25	 x16:0x00000000 x25:0x01ec0000 x27=0x00000000
       77885000	      7689	80006ec0	0001	c.addi	x0,0	  x0:0x00000000  x0=0x00000000
       77895000	      7690	80006ec2	09ae	c.slli	x19,0xb	 x19:0x00000060 x19=0x00030000
       77905000	      7691	80006ec4	412dd793	srai	x15,x27,0x12	 x27:0x00000000 x15=0x00000000
       77915000	      7692	80006ec8	e699	c.bnez	x13,80006ed6	 x13:0x00000000
       77925000	      7693	80006eca	017d9c93	slli	x25,x27,0x17	 x27:0x00000000 x25=0x00000000
       77935000	      7694	80006ece	002222b3	slt	x5,x4,x2	  x4:0x00000000  x2:0xf5e39895  x5=0x00000000
       77945000	      7695	80006ed2	009a3833	sltu	x16,x20,x9	 x20:0xc00101ae  x9:0xf5e3977d x16=0x00000001
       77955000	      7696	80006ed6	410156b3	sra	x13,x2,x16	  x2:0xf5e39895 x16:0x00000001 x13=0xfaf1cc4a
       77965000	      7697	80006eda	8bd5	c.andi	x15,21	 x15:0x00000000 x15=0x00000000
       77975000	      7698	80006edc	cd11	c.beqz	x10,80006ef8	 x10:0x00000000
       77995000	      7700	80006ef8	4c84c093	xori	x1,x9,1224	  x9:0xf5e3977d  x1=0xf5e393b5
       78005000	      7701	80006efc	0118e1b3	or	x3,x17,x17	 x17:0xffffffff x17:0xffffffff  x3=0xffffffff
       78015000	      7702	80006f00	00e01b93	slli	x23,x0,0xe	  x0:0x00000000 x23=0x00000000
       78025000	      7703	80006f04	940a	c.add	x8,x2	  x8:0x00000000  x2:0xf5e39895  x8=0xf5e39895
       78395000	      7740	80006f06	0278ceb3	div	x29,x17,x7	 x17:0xffffffff  x7:0xfffffff0 x29=0x00000000
       78405000	      7741	80006f0a	0000100f	fence.i	
       78425000	      7743	80006f0e	e28d	c.bnez	x13,80006f30	 x13:0xfaf1cc4a
       78805000	      7781	80006f30	0354e333	rem	x6,x9,x21	  x9:0xf5e3977d x21:0x0000000f  x6=0xfffffffd
       78815000	      7782	80006f34	016d1a13	slli	x20,x26,0x16	 x26:0xc0000000 x20=0x00000000
       78825000	      7783	80006f38	8c71	c.and	x8,x12	  x8:0xf5e39895 x12:0x8001fe4c  x8=0x80019804
       78835000	      7784	80006f3a	41e45f13	srai	x30,x8,0x1e	  x8:0x80019804 x30=0xfffffffe
       78845000	      7785	80006f3e	01a1db33	srl	x22,x3,x26	  x3:0xffffffff x26:0xc0000000 x22=0xffffffff
       78855000	      7786	80006f42	1dfd	c.addi	x27,-1	 x27:0x00000000 x27=0xffffffff
       78865000	      7787	80006f44	0001	c.addi	x0,0	  x0:0x00000000  x0=0x00000000
       78875000	      7788	80006f46	01a55413	srli	x8,x10,0x1a	 x10:0x00000000  x8=0x00000000
       78885000	      7789	80006f4a	0ff0000f	fence	iorw,iorw	
       78895000	      7790	80006f4e	06868597	auipc	x11,0x6868	 x11=0x8686ef4e
       78905000	      7791	80006f52	0001	c.addi	x0,0	  x0:0x00000000  x0=0x00000000
       79275000	      7828	80006f54	030de1b3	rem	x3,x27,x16	 x27:0xffffffff x16:0x00000001  x3=0x00000000
       79285000	      7829	80006f58	3bd70c37	lui	x24,0x3bd70	 x24=0x3bd70000
       79295000	      7830	80006f5c	00597463	bgeu	x18,x5,80006f64	 x18:0x00000372  x5:0x00000000
       79315000	      7832	80006f64	0155f2b3	and	x5,x11,x21	 x11:0x8686ef4e x21:0x0000000f  x5=0x0000000e
       79325000	      7833	80006f68	014e2433	slt	x8,x28,x20	 x28:0xffffddd2 x20:0x00000000  x8=0x00000001
       79335000	      7834	80006f6c	d162f393	andi	x7,x5,-746	  x5:0x0000000e  x7=0x00000006
       79345000	      7835	80006f70	00667963	bgeu	x12,x6,80006f82	 x12:0x8001fe4c  x6:0xfffffffd
       79355000	      7836	80006f74	40665b93	srai	x23,x12,0x6	 x12:0x8001fe4c x23=0xfe0007f9
       79365000	      7837	80006f78	018d	c.addi	x3,3	  x3:0x00000000  x3=0x00000003
       79375000	      7838	80006f7a	06b2e993	ori	x19,x5,107	  x5:0x0000000e x19=0x0000006f
       79385000	      7839	80006f7e	83bd	c.srli	x15,0xf	 x15:0x00000000 x15=0x00000000
       79395000	      7840	80006f80	1e7d	c.addi	x28,-1	 x28:0xffffddd2 x28=0xffffddd1
       79405000	      7841	80006f82	03095563	bge	x18,x16,80006fac	 x18:0x00000372 x16:0x00000001
       79425000	      7843	80006fac	816d	c.srli	x10,0x1b	 x10:0x00000000 x10=0x00000000
       79795000	      7880	80006fae	0332fc33	remu	x24,x5,x19	  x5:0x0000000e x19:0x0000006f x24=0x0000000e
       79805000	      7881	80006fb2	05c2	c.slli	x11,0x10	 x11:0x8686ef4e x11=0xef4e0000
       79815000	      7882	80006fb4	6fa9	c.lui	x31,0xa	 x31=0x0000a000
       79825000	      7883	80006fb6	036e	c.slli	x6,0x1b	  x6:0xfffffffd  x6=0xe8000000
       79835000	      7884	80006fb8	80f9	c.srli	x9,0x1e	  x9:0xf5e3977d  x9=0x00000003
       79845000	      7885	80006fba	9d76	c.add	x26,x29	 x26:0xc0000000 x29:0x00000000 x26=0xc0000000
       79885000	      7889	80006fbc	02a9b0b3	mulhu	x1,x19,x10	 x19:0x0000006f x10:0x00000000  x1=0x00000000
       79895000	      7890	80006fc0	05f08763	beq	x1,x31,8000700e	  x1:0x00000000 x31:0x0000a000
       79905000	      7891	80006fc4	049ef663	bgeu	x29,x9,80007010	 x29:0x00000000  x9:0x00000003
       79935000	      7894	80006fc8	02d501b3	mul	x3,x10,x13	 x10:0x00000000 x13:0xfaf1cc4a  x3=0x00000000
       79945000	      7895	80006fcc	004000ef	jal	x1,80006fd0	  x1=0x80006fd0
       79965000	      7897	80006fd0	a011	c.j	80006fd4	
       79985000	      7899	80006fd4	2801	c.jal	80006fe4	  x1=0x80006fd6
       80005000	      7901	80006fe4	2801	c.jal	80006ff4	  x1=0x80006fe6
       80025000	      7903	80006ff4	bffd	c.j	80006ff2	
       80045000	      7905	80006ff2	bfe5	c.j	80006fea	
       80075000	      7908	80006fea	ff7ff0ef	jal	x1,80006fe0	  x1=0x80006fee
       80095000	      7910	80006fe0	ff3ff0ef	jal	x1,80006fd2	  x1=0x80006fe4
       80115000	      7912	80006fd2	a019	c.j	80006fd8	
       80135000	      7914	80006fd8	00e0036f	jal	x6,80006fe6	  x6=0x80006fdc
       80165000	      7917	80006fe6	01200e6f	jal	x28,80006ff8	 x28=0x80006fea
       80185000	      7919	80006ff8	fffff3ef	jal	x7,80006ff6	  x7=0x80006ffc
       80205000	      7921	80006ff6	bfe5	c.j	80006fee	
       80225000	      7923	80006fee	37e5	c.jal	80006fd6	  x1=0x80006ff0
       80245000	      7925	80006fd6	2829	c.jal	80006ff0	  x1=0x80006fd8
       80265000	      7927	80006ff0	37f5	c.jal	80006fdc	  x1=0x80006ff2
       80285000	      7929	80006fdc	020000ef	jal	x1,80006ffc	  x1=0x80006fe0
       80305000	      7931	80006ffc	416bdf13	srai	x30,x23,0x16	 x23:0xfe0007f9 x30=0xfffffff8
       80315000	      7932	80007000	009ee793	ori	x15,x29,9	 x29:0x00000000 x15=0x00000009
       80325000	      7933	80007004	9a40a393	slti	x7,x1,-1628	  x1:0x80006fe0  x7=0x00000001
       80335000	      7934	80007008	0000100f	fence.i	
       80355000	      7936	8000700c	e19d	c.bnez	x11,80007032	 x11:0xef4e0000
       80385000	      7939	80007032	eefe3b13	sltiu	x22,x28,-273	 x28:0x80006fea x22=0x00000001
       80395000	      7940	80007036	8392	c.mv	x7,x4	  x0:0x00000000  x4:0x00000000  x7=0x00000000
       80405000	      7941	80007038	403ed9b3	sra	x19,x29,x3	 x29:0x00000000  x3:0x00000000 x19=0x00000000
       80415000	      7942	8000703c	02b07363	bgeu	x0,x11,80007062	  x0:0x00000000 x11:0xef4e0000
       80425000	      7943	80007040	0001	c.addi	x0,0	  x0:0x00000000  x0=0x00000000
       80435000	      7944	80007042	0be3f993	andi	x19,x7,190	  x7:0x00000000 x19=0x00000000
       80445000	      7945	80007046	01ebe1b3	or	x3,x23,x30	 x23:0xfe0007f9 x30:0xfffffff8  x3=0xfffffff9
       80455000	      7946	8000704a	01fc5ab3	srl	x21,x24,x31	 x24:0x0000000e x31:0x0000a000 x21=0x0000000e
       80465000	      7947	8000704e	010dc7b3	xor	x15,x27,x16	 x27:0xffffffff x16:0x00000001 x15=0xfffffffe
       80835000	      7984	80007052	03e979b3	remu	x19,x18,x30	 x18:0x00000372 x30:0xfffffff8 x19=0x00000372
       80845000	      7985	80007056	00e49813	slli	x16,x9,0xe	  x9:0x00000003 x16=0x0000c000
       80855000	      7986	8000705a	1f6bdc37	lui	x24,0x1f6bd	 x24=0x1f6bd000
       80895000	      7990	8000705e	02ffb333	mulhu	x6,x31,x15	 x31:0x0000a000 x15:0xfffffffe  x6=0x00009fff
       80935000	      7994	80007062	02e234b3	mulhu	x9,x4,x14	  x4:0x00000000 x14:0x80023ce4  x9=0x00000000
       80945000	      7995	80007066	01731f33	sll	x30,x6,x23	  x6:0x00009fff x23:0xfe0007f9 x30=0xfe000000
       80955000	      7996	8000706a	82d9	c.srli	x13,0x16	 x13:0xfaf1cc4a x13=0x000003eb
       80965000	      7997	8000706c	aa632d93	slti	x27,x6,-1370	  x6:0x00009fff x27=0x00000000
       80975000	      7998	80007070	4e8d	c.li	x29,3	 x29=0x00000003
       80985000	      7999	80007072	2ce63413	sltiu	x8,x12,718	 x12:0x8001fe4c  x8=0x00000000
       81355000	      8036	80007076	037871b3	remu	x3,x16,x23	 x16:0x0000c000 x23:0xfe0007f9  x3=0x0000c000
       81365000	      8037	8000707a	08a1	c.addi	x17,8	 x17:0xffffffff x17=0x00000007
       81375000	      8038	8000707c	cc91	c.beqz	x9,80007098	  x9:0x00000000
       81395000	      8040	80007098	037a	c.slli	x6,0x1e	  x6:0x00009fff  x6=0xc0000000
       81405000	      8041	8000709a	0075d263	bge	x11,x7,8000709e	 x11:0xef4e0000  x7:0x00000000
       81415000	      8042	8000709e	006c68b3	or	x17,x24,x6	 x24:0x1f6bd000  x6:0xc0000000 x17=0xdf6bd000
       81425000	      8043	800070a2	00497b63	bgeu	x18,x4,800070b8	 x18:0x00000372  x4:0x00000000
       81445000	      8045	800070b8	8fb9	c.xor	x15,x14	 x15:0xfffffffe x14:0x80023ce4 x15=0x7ffdc31a
       81455000	      8046	800070ba	73966013	ori	x0,x12,1849	 x12:0x8001fe4c  x0=0x00000000
       81465000	      8047	800070be	01bd0363	beq	x26,x27,800070c4	 x26:0xc0000000 x27:0x00000000
       81475000	      8048	800070c2	8879	c.andi	x8,30	  x8:0x00000000  x8=0x00000000
       81485000	      8049	800070c4	98a6	c.add	x17,x9	 x17:0xdf6bd000  x9:0x00000000 x17=0xdf6bd000
       81495000	      8050	800070c6	30b0bc13	sltiu	x24,x1,779	  x1:0x80006fe0 x24=0x00000000
       81505000	      8051	800070ca	01c31db3	sll	x27,x6,x28	  x6:0xc0000000 x28:0x80006fea x27=0x00000000
       81515000	      8052	800070ce	8de5	c.and	x11,x9	 x11:0xef4e0000  x9:0x00000000 x11=0x00000000
       81545000	      8055	800070d0	024a0c33	mul	x24,x20,x4	 x20:0x00000000  x4:0x00000000 x24=0x00000000
       81585000	      8059	800070d4	02019233	mulh	x4,x3,x0	  x3:0x0000c000  x0:0x00000000  x4=0x00000000
       81595000	      8060	800070d8	038bda63	bge	x23,x24,8000710c	 x23:0xfe0007f9 x24:0x00000000
       81605000	      8061	800070dc	005df033	and	x0,x27,x5	 x27:0x00000000  x5:0x0000000e  x0=0x00000000
       81615000	      8062	800070e0	0130bc33	sltu	x24,x1,x19	  x1:0x80006fe0 x19:0x00000372 x24=0x00000000
       81625000	      8063	800070e4	0001	c.addi	x0,0	  x0:0x00000000  x0=0x00000000
       81635000	      8064	800070e6	008150b3	srl	x1,x2,x8	  x2:0xf5e39895  x8:0x00000000  x1=0xf5e39895
       81645000	      8065	800070ea	00607b33	and	x22,x0,x6	  x0:0x00000000  x6:0xc0000000 x22=0x00000000
       81655000	      8066	800070ee	041e	c.slli	x8,0x7	  x8:0x00000000  x8=0x00000000
       81665000	      8067	800070f0	255eec93	ori	x25,x29,597	 x29:0x00000003 x25=0x00000257
       81675000	      8068	800070f4	8ff90393	addi	x7,x18,-1793	 x18:0x00000372  x7=0xfffffc71
       81715000	      8072	800070f8	02729933	mulh	x18,x5,x7	  x5:0x0000000e  x7:0xfffffc71 x18=0xffffffff
       82085000	      8109	800070fc	02e6c8b3	div	x17,x13,x14	 x13:0x000003eb x14:0x80023ce4 x17=0x00000000
       82095000	      8110	80007100	3b2e6317	auipc	x6,0x3b2e6	  x6=0xbb2ed100
       82105000	      8111	80007104	0108dc33	srl	x24,x17,x16	 x17:0x00000000 x16:0x0000c000 x24=0x00000000
       82115000	      8112	80007108	41aedab3	sra	x21,x29,x26	 x29:0x00000003 x26:0xc0000000 x21=0x00000003
       82125000	      8113	8000710c	6da9f237	lui	x4,0x6da9f	  x4=0x6da9f000
       82135000	      8114	80007110	0a2b2513	slti	x10,x22,162	 x22:0x00000000 x10=0x00000001
       82145000	      8115	80007114	00299563	bne	x19,x2,8000711e	 x19:0x00000372  x2:0xf5e39895
       82175000	      8118	8000711e	12044413	xori	x8,x8,288	  x8:0x00000000  x8=0x00000120
       82215000	      8122	80007122	0300bb33	mulhu	x22,x1,x16	  x1:0xf5e39895 x16:0x0000c000 x22=0x0000b86a
       82255000	      8126	80007126	031224b3	mulhsu	x9,x4,x17	  x4:0x6da9f000 x17:0x00000000  x9=0x00000000
       82265000	      8127	8000712a	0102dd13	srli	x26,x5,0x10	  x5:0x0000000e x26=0x00000000
       82275000	      8128	8000712e	8fc1	c.or	x15,x8	 x15:0x7ffdc31a  x8:0x00000120 x15=0x7ffdc33a
       82285000	      8129	80007130	0063d213	srli	x4,x7,0x6	  x7:0xfffffc71  x4=0x03fffff1
       82295000	      8130	80007134	9d0e	c.add	x26,x3	 x26:0x00000000  x3:0x0000c000 x26=0x0000c000
       82305000	      8131	80007136	8929	c.andi	x10,10	 x10:0x00000001 x10=0x00000000
       82315000	      8132	80007138	8ae9	c.andi	x13,26	 x13:0x000003eb x13=0x0000000a
       82325000	      8133	8000713a	8c09	c.sub	x8,x10	  x8:0x00000120 x10:0x00000000  x8=0x00000120
       82335000	      8134	8000713c	b5802313	slti	x6,x0,-1192	  x0:0x00000000  x6=0x00000000
       82345000	      8135	80007140	01134433	xor	x8,x6,x17	  x6:0x00000000 x17:0x00000000  x8=0x00000000
       82355000	      8136	80007144	a7eac697	auipc	x13,0xa7eac	 x13=0x27eb3144
       82365000	      8137	80007148	8111	c.srli	x10,0x4	 x10:0x00000000 x10=0x00000000
       82375000	      8138	8000714a	8075	c.srli	x8,0x1d	  x8:0x00000000  x8=0x00000000
       82415000	      8142	8000714c	023ba333	mulhsu	x6,x23,x3	 x23:0xfe0007f9  x3:0x0000c000  x6=0xfffffe80
       82425000	      8143	80007150	8d45	c.or	x10,x9	 x10:0x00000000  x9:0x00000000 x10=0x00000000
       82435000	      8144	80007152	8c1a	c.mv	x24,x6	  x0:0x00000000  x6:0xfffffe80 x24=0xfffffe80
       82445000	      8145	80007154	0001	c.addi	x0,0	  x0:0x00000000  x0=0x00000000
       82455000	      8146	80007156	00654033	xor	x0,x10,x6	 x10:0x00000000  x6:0xfffffe80  x0=0x00000000
       82465000	      8147	8000715a	8312	c.mv	x6,x4	  x0:0x00000000  x4:0x03fffff1  x6=0x03fffff1
       82475000	      8148	8000715c	24638d13	addi	x26,x7,582	  x7:0xfffffc71 x26=0xfffffeb7
       82485000	      8149	80007160	81852a13	slti	x20,x10,-2024	 x10:0x00000000 x20=0x00000000
       82495000	      8150	80007164	73faae93	slti	x29,x21,1855	 x21:0x00000003 x29=0x00000001
       82505000	      8151	80007168	01ee9313	slli	x6,x29,0x1e	 x29:0x00000001  x6=0x40000000
       82515000	      8152	8000716c	8fb1	c.xor	x15,x12	 x15:0x7ffdc33a x12:0x8001fe4c x15=0xfffc3d76
       82525000	      8153	8000716e	01ebf233	and	x4,x23,x30	 x23:0xfe0007f9 x30:0xfe000000  x4=0xfe000000
       82535000	      8154	80007172	020b7063	bgeu	x22,x0,80007192	 x22:0x0000b86a  x0:0x00000000
       82565000	      8157	80007192	400c5ab3	sra	x21,x24,x0	 x24:0xfffffe80  x0:0x00000000 x21=0xfffffe80
       82605000	      8161	80007196	031e3ab3	mulhu	x21,x28,x17	 x28:0x80006fea x17:0x00000000 x21=0x00000000
       82615000	      8162	8000719a	0001	c.addi	x0,0	  x0:0x00000000  x0=0x00000000
       82625000	      8163	8000719c	0001	c.addi	x0,0	  x0:0x00000000  x0=0x00000000
       82635000	      8164	8000719e	926add17	auipc	x26,0x926ad	 x26=0x126b419e
       82645000	      8165	800071a2	405d52b3	sra	x5,x26,x5	 x26:0x126b419e  x5:0x0000000e  x5=0x000049ad
       82655000	      8166	800071a6	8c1e	c.mv	x24,x7	  x0:0x00000000  x7:0xfffffc71 x24=0xfffffc71
       82665000	      8167	800071a8	0ff0000f	fence	iorw,iorw	
       82685000	      8169	800071ac	0358e8b3	rem	x17,x17,x21	 x17:0x00000000 x21:0x00000000 x17=0x00000000
       82695000	      8170	800071b0	4dd5	c.li	x27,21	 x27=0x00000015
       82705000	      8171	800071b2	4c610313	addi	x6,x2,1222	  x2:0xf5e39895  x6=0xf5e39d5b
       82715000	      8172	800071b6	9cce	c.add	x25,x19	 x25:0x00000257 x19:0x00000372 x25=0x000005c9
       82725000	      8173	800071b8	03ca5a63	bge	x20,x28,800071ec	 x20:0x00000000 x28:0x80006fea
       82745000	      8175	800071ec	0001	c.addi	x0,0	  x0:0x00000000  x0=0x00000000
       82755000	      8176	800071ee	00f21c13	slli	x24,x4,0xf	  x4:0xfe000000 x24=0x00000000
       82765000	      8177	800071f2	cc01	c.beqz	x8,8000720a	  x8:0x00000000
       82795000	      8180	8000720a	006754b3	srl	x9,x14,x6	 x14:0x80023ce4  x6:0xf5e39d5b  x9=0x00000010
       82805000	      8181	8000720e	9b1a	c.add	x22,x6	 x22:0x0000b86a  x6:0xf5e39d5b x22=0xf5e455c5
       82815000	      8182	80007210	038a4463	blt	x20,x24,80007238	 x20:0x00000000 x24:0x00000000
       82825000	      8183	80007214	eb91	c.bnez	x15,80007228	 x15:0xfffc3d76
       82845000	      8185	80007228	01c2c333	xor	x6,x5,x28	  x5:0x000049ad x28:0x80006fea  x6=0x80002647
       82855000	      8186	8000722c	01956c33	or	x24,x10,x25	 x10:0x00000000 x25:0x000005c9 x24=0x000005c9
       82865000	      8187	80007230	01a7e463	bltu	x15,x26,80007238	 x15:0xfffc3d76 x26:0x126b419e
       82875000	      8188	80007234	016f5313	srli	x6,x30,0x16	 x30:0xfe000000  x6=0x000003f8
       82885000	      8189	80007238	f18cb293	sltiu	x5,x25,-232	 x25:0x000005c9  x5=0x00000001
       82895000	      8190	8000723c	7e7a8d93	addi	x27,x21,2023	 x21:0x00000000 x27=0x000007e7
       82905000	      8191	80007240	409e81b3	sub	x3,x29,x9	 x29:0x00000001  x9:0x00000010  x3=0xfffffff1
       83275000	      8228	80007244	02445eb3	divu	x29,x8,x4	  x8:0x00000000  x4:0xfe000000 x29=0x00000000
       83285000	      8229	80007248	8b89	c.andi	x15,2	 x15:0xfffc3d76 x15=0x00000002
       83295000	      8230	8000724a	00d6	c.slli	x1,0x15	  x1:0xf5e39895  x1=0x12a00000
       83305000	      8231	8000724c	ea81	c.bnez	x13,8000725c	 x13:0x27eb3144
       83325000	      8233	8000725c	00fe	c.slli	x1,0x1f	  x1:0x12a00000  x1=0x00000000
       83335000	      8234	8000725e	8db6	c.mv	x27,x13	  x0:0x00000000 x13:0x27eb3144 x27=0x27eb3144
       83345000	      8235	80007260	98fd	c.andi	x9,-1	  x9:0x00000010  x9=0x00000010
       83355000	      8236	80007262	419a0f33	sub	x30,x20,x25	 x20:0x00000000 x25:0x000005c9 x30=0xfffffa37
       83365000	      8237	80007266	0074b4b3	sltu	x9,x9,x7	  x9:0x00000010  x7:0xfffffc71  x9=0x00000001
       83375000	      8238	8000726a	8149	c.srli	x10,0x12	 x10:0x00000000 x10=0x00000000
       83385000	      8239	8000726c	8acd	c.andi	x13,19	 x13:0x27eb3144 x13=0x00000000
       83395000	      8240	8000726e	41df05b3	sub	x11,x30,x29	 x30:0xfffffa37 x29:0x00000000 x11=0xfffffa37
       83765000	      8277	80007272	022ac533	div	x10,x21,x2	 x21:0x00000000  x2:0xf5e39895 x10=0x00000000
       83775000	      8278	80007276	00094833	xor	x16,x18,x0	 x18:0xffffffff  x0:0x00000000 x16=0xffffffff
       83785000	      8279	8000727a	8c29	c.xor	x8,x10	  x8:0x00000000 x10:0x00000000  x8=0x00000000
       83795000	      8280	8000727c	c40d	c.beqz	x8,800072a6	  x8:0x00000000
       84185000	      8319	800072a6	02bbc833	div	x16,x23,x11	 x23:0xfe0007f9 x11:0xfffffa37 x16=0x0000587f
       84195000	      8320	800072aa	0000100f	fence.i	
       84215000	      8322	800072ae	6c95	c.lui	x25,0x5	 x25=0x00005000
       84225000	      8323	800072b0	6fa5	c.lui	x31,0x9	 x31=0x00009000
       84235000	      8324	800072b2	0162da93	srli	x21,x5,0x16	  x5:0x00000001 x21=0x00000000
       84245000	      8325	800072b6	02119063	bne	x3,x1,800072d6	  x3:0xfffffff1  x1:0x00000000
       84275000	      8328	800072d6	006eed63	bltu	x29,x6,800072f0	 x29:0x00000000  x6:0x000003f8
       84295000	      8330	800072f0	17318397	auipc	x7,0x17318	  x7=0x9731f2f0
       84305000	      8331	800072f4	8d25	c.xor	x10,x9	 x10:0x00000000  x9:0x00000001 x10=0x00000001
       84315000	      8332	800072f6	83da	c.mv	x7,x22	  x0:0x00000000 x22:0xf5e455c5  x7=0xf5e455c5
       84325000	      8333	800072f8	40a75a33	sra	x20,x14,x10	 x14:0x80023ce4 x10:0x00000001 x20=0xc0011e72
       84335000	      8334	800072fc	00794533	xor	x10,x18,x7	 x18:0xffffffff  x7:0xf5e455c5 x10=0x0a1baa3a
       84345000	      8335	80007300	849e	c.mv	x9,x7	  x0:0x00000000  x7:0xf5e455c5  x9=0xf5e455c5
       84355000	      8336	80007302	03baff63	bgeu	x21,x27,80007340	 x21:0x00000000 x27:0x27eb3144
       84365000	      8337	80007306	054f8863	beq	x31,x20,80007356	 x31:0x00009000 x20:0xc0011e72
       84405000	      8341	8000730a	0269a4b3	mulhsu	x9,x19,x6	 x19:0x00000372  x6:0x000003f8  x9=0x00000000
       84415000	      8342	8000730e	005dbab3	sltu	x21,x27,x5	 x27:0x27eb3144  x5:0x00000001 x21=0x00000000
       84425000	      8343	80007312	018000ef	jal	x1,8000732a	  x1=0x80007316
       84445000	      8345	8000732a	bfdd	c.j	80007320	
       84465000	      8347	80007320	ffdff0ef	jal	x1,8000731c	  x1=0x80007324
       84485000	      8349	8000731c	0160036f	jal	x6,80007332	  x6=0x80007320
       84515000	      8352	80007332	fffff36f	jal	x6,80007330	  x6=0x80007336
       84535000	      8354	80007330	a019	c.j	80007336	
       84555000	      8356	80007336	3fdd	c.jal	8000732c	  x1=0x80007338
       84575000	      8358	8000732c	b7ed	c.j	80007316	
       84605000	      8361	80007316	022000ef	jal	x1,80007338	  x1=0x8000731a
       84625000	      8363	80007338	ff7ff36f	jal	x6,8000732e	  x6=0x8000733c
       84645000	      8365	8000732e	bfed	c.j	80007328	
       84665000	      8367	80007328	bff5	c.j	80007324	
       84685000	      8369	80007324	ff7ff36f	jal	x6,8000731a	  x6=0x80007328
       84705000	      8371	8000731a	a00d	c.j	8000733c	
       84725000	      8373	8000733c	01f4ff33	and	x30,x9,x31	  x9:0x00000000 x31:0x00009000 x30=0x00000000
       84735000	      8374	80007340	807d	c.srli	x8,0x1f	  x8:0x00000000  x8=0x00000000
       84745000	      8375	80007342	40a051b3	sra	x3,x0,x10	  x0:0x00000000 x10:0x0a1baa3a  x3=0x00000000
       84785000	      8379	80007346	03379033	mulh	x0,x15,x19	 x15:0x00000002 x19:0x00000372  x0=0x00000000
       84795000	      8380	8000734a	86c1	c.srai	x13,0x10	 x13:0x00000000 x13=0x00000000
       85165000	      8417	8000734c	02c1f9b3	remu	x19,x3,x12	  x3:0x00000000 x12:0x8001fe4c x19=0x00000000
       85175000	      8418	80007350	6529	c.lui	x10,0xa	 x10=0x0000a000
       85185000	      8419	80007352	419101b3	sub	x3,x2,x25	  x2:0xf5e39895 x25:0x00005000  x3=0xf5e34895
       85195000	      8420	80007356	813d	c.srli	x10,0xf	 x10:0x0000a000 x10=0x00000001
       85205000	      8421	80007358	8fdd	c.or	x15,x15	 x15:0x00000002 x15:0x00000002 x15=0x00000002
       85215000	      8422	8000735a	6fdb1517	auipc	x10,0x6fdb1	 x10=0xefdb835a
       85225000	      8423	8000735e	c021	c.beqz	x8,8000739e	  x8:0x00000000
       85255000	      8426	8000739e	401404b3	sub	x9,x8,x1	  x8:0x00000000  x1:0x8000731a  x9=0x7fff8ce6
       85265000	      8427	800073a2	015dbcb3	sltu	x25,x27,x21	 x27:0x27eb3144 x21:0x00000000 x25=0x00000000
       85275000	      8428	800073a6	8f91	c.sub	x15,x12	 x15:0x00000002 x12:0x8001fe4c x15=0x7ffe01b6
       85315000	      8432	800073a8	0216bb33	mulhu	x22,x13,x1	 x13:0x00000000  x1:0x8000731a x22=0x00000000
       85325000	      8433	800073ac	011e3b33	sltu	x22,x28,x17	 x28:0x80006fea x17:0x00000000 x22=0x00000000
       85335000	      8434	800073b0	0ff0000f	fence	iorw,iorw	
       85345000	      8435	800073b4	01af7a33	and	x20,x30,x26	 x30:0x00000000 x26:0x126b419e x20=0x00000000
       85385000	      8439	800073b8	03081fb3	mulh	x31,x16,x16	 x16:0x0000587f x16:0x0000587f x31=0x00000000
       85395000	      8440	800073bc	00cd4463	blt	x26,x12,800073c4	 x26:0x126b419e x12:0x8001fe4c
       85405000	      8441	800073c0	01e0cc63	blt	x1,x30,800073d8	  x1:0x8000731a x30:0x00000000
       85425000	      8443	800073d8	8fbd	c.xor	x15,x15	 x15:0x7ffe01b6 x15:0x7ffe01b6 x15=0x00000000
       85795000	      8480	800073da	025642b3	div	x5,x12,x5	 x12:0x8001fe4c  x5:0x00000001  x5=0x8001fe4c
       85805000	      8481	800073de	48a1	c.li	x17,8	 x17=0x00000008
       85815000	      8482	800073e0	40698233	sub	x4,x19,x6	 x19:0x00000000  x6:0x80007328  x4=0x7fff8cd8
       85825000	      8483	800073e4	0ff0000f	fence	iorw,iorw	
       85835000	      8484	800073e8	00fe5d93	srli	x27,x28,0xf	 x28:0x80006fea x27=0x00010000
       85865000	      8487	800073ec	036d8533	mul	x10,x27,x22	 x27:0x00010000 x22:0x00000000 x10=0x00000000
       85875000	      8488	800073f0	b2f28a13	addi	x20,x5,-1233	  x5:0x8001fe4c x20=0x8001f97b
       85885000	      8489	800073f4	29487993	andi	x19,x16,660	 x16:0x0000587f x19=0x00000014
       86255000	      8526	800073f8	03c7f433	remu	x8,x15,x28	 x15:0x00000000 x28:0x80006fea  x8=0x00000000
       86275000	      8528	800073fc	0392dfb3	divu	x31,x5,x25	  x5:0x8001fe4c x25:0x00000000 x31=0xffffffff
       86285000	      8529	80007400	8f156793	ori	x15,x10,-1807	 x10:0x00000000 x15=0xfffff8f1
       86295000	      8530	80007404	41b908b3	sub	x17,x18,x27	 x18:0xffffffff x27:0x00010000 x17=0xfffeffff
       86335000	      8534	80007408	021bbeb3	mulhu	x29,x23,x1	 x23:0xfe0007f9  x1:0x8000731a x29=0x7f007630
       86345000	      8535	8000740c	8c0a	c.mv	x24,x2	  x0:0x00000000  x2:0xf5e39895 x24=0xf5e39895
       86355000	      8536	8000740e	1b318db7	lui	x27,0x1b318	 x27=0x1b318000
       86365000	      8537	80007412	00389263	bne	x17,x3,80007416	 x17:0xfffeffff  x3:0xf5e34895
       86395000	      8540	80007416	01de1e63	bne	x28,x29,80007432	 x28:0x80006fea x29:0x7f007630
       86415000	      8542	80007432	0001	c.addi	x0,0	  x0:0x00000000  x0=0x00000000
       86425000	      8543	80007434	01129213	slli	x4,x5,0x11	  x5:0x8001fe4c  x4=0xfc980000
       86435000	      8544	80007438	17fd	c.addi	x15,-1	 x15:0xfffff8f1 x15=0xfffff8f0
       86445000	      8545	8000743a	09eabc93	sltiu	x25,x21,158	 x21:0x00000000 x25=0x00000001
       86455000	      8546	8000743e	02ef9563	bne	x31,x14,80007468	 x31:0xffffffff x14:0x80023ce4
       86475000	      8548	80007468	03c1d363	bge	x3,x28,8000748e	  x3:0xf5e34895 x28:0x80006fea
       86505000	      8551	8000748e	65f4e013	ori	x0,x9,1631	  x9:0x7fff8ce6  x0=0x00000000
       86545000	      8555	80007492	0280ab33	mulhsu	x22,x1,x8	  x1:0x8000731a  x8:0x00000000 x22=0x00000000
       86555000	      8556	80007496	00635b93	srli	x23,x6,0x6	  x6:0x80007328 x23=0x020001cc
       86925000	      8593	8000749a	037160b3	rem	x1,x2,x23	  x2:0xf5e39895 x23:0x020001cc  x1=0xffe3a191
       86935000	      8594	8000749e	685f0093	addi	x1,x30,1669	 x30:0x00000000  x1=0x00000685
       86945000	      8595	800074a2	019900b3	add	x1,x18,x25	 x18:0xffffffff x25:0x00000001  x1=0x00000000
       86955000	      8596	800074a6	00d5ed63	bltu	x11,x13,800074c0	 x11:0xfffffa37 x13:0x00000000
       86965000	      8597	800074aa	07dd	c.addi	x15,23	 x15:0xfffff8f0 x15=0xfffff907
       86975000	      8598	800074ac	00f25a63	bge	x4,x15,800074c0	  x4:0xfc980000 x15:0xfffff907
       87345000	      8635	800074b0	02b7e6b3	rem	x13,x15,x11	 x15:0xfffff907 x11:0xfffffa37 x13=0xfffffed0
       87355000	      8636	800074b4	8e3a	c.mv	x28,x14	  x0:0x00000000 x14:0x80023ce4 x28=0x80023ce4
       87365000	      8637	800074b6	00f38963	beq	x7,x15,800074c8	  x7:0xf5e455c5 x15:0xfffff907
       87375000	      8638	800074ba	022a	c.slli	x4,0xa	  x4:0xfc980000  x4=0x60000000
       87385000	      8639	800074bc	ca99	c.beqz	x13,800074d2	 x13:0xfffffed0
       87395000	      8640	800074be	8aa9	c.andi	x13,10	 x13:0xfffffed0 x13=0x00000000
       87405000	      8641	800074c0	f3e58b13	addi	x22,x11,-194	 x11:0xfffffa37 x22=0xfffff975
       87415000	      8642	800074c4	0fe19f17	auipc	x30,0xfe19	 x30=0x8fe204c4
       87425000	      8643	800074c8	8d2d	c.xor	x10,x11	 x10:0x00000000 x11:0xfffffa37 x10=0xfffffa37
       87795000	      8680	800074ca	0263df33	divu	x30,x7,x6	  x7:0xf5e455c5  x6:0x80007328 x30=0x00000001
       87805000	      8681	800074ce	01734b63	blt	x6,x23,800074e4	  x6:0x80007328 x23:0x020001cc
       87825000	      8683	800074e4	8911	c.andi	x10,4	 x10:0xfffffa37 x10=0x00000004
       88195000	      8720	800074e6	034fc433	div	x8,x31,x20	 x31:0xffffffff x20:0x8001f97b  x8=0x00000000
       88205000	      8721	800074ea	8c51	c.or	x8,x12	  x8:0x00000000 x12:0x8001fe4c  x8=0x8001fe4c
       88215000	      8722	800074ec	02295763	bge	x18,x2,8000751a	 x18:0xffffffff  x2:0xf5e39895
       88245000	      8725	8000751a	014c5e63	bge	x24,x20,80007536	 x24:0xf5e39895 x20:0x8001f97b
       88275000	      8728	80007536	005aca33	xor	x20,x21,x5	 x21:0x00000000  x5:0x8001fe4c x20=0x8001fe4c
       88285000	      8729	8000753a	88ba9497	auipc	x9,0x88ba9	  x9=0x08bb053a
       88295000	      8730	8000753e	0001	c.addi	x0,0	  x0:0x00000000  x0=0x00000000
       88305000	      8731	80007540	c5263213	sltiu	x4,x12,-942	 x12:0x8001fe4c  x4=0x00000001
       88315000	      8732	80007544	8c45	c.or	x8,x9	  x8:0x8001fe4c  x9:0x08bb053a  x8=0x88bbff7e
       88325000	      8733	80007546	0000100f	fence.i	
       88355000	      8736	8000754a	017d5413	srli	x8,x26,0x17	 x26:0x126b419e  x8=0x00000024
       88365000	      8737	8000754e	406bdb13	srai	x22,x23,0x6	 x23:0x020001cc x22=0x00080007
       88375000	      8738	80007552	8029	c.srli	x8,0xa	  x8:0x00000024  x8=0x00000000
       88385000	      8739	80007554	8cdd	c.or	x9,x15	  x9:0x08bb053a x15:0xfffff907  x9=0xfffffd3f
       88415000	      8742	80007556	02d101b3	mul	x3,x2,x13	  x2:0xf5e39895 x13:0x00000000  x3=0x00000000
       88785000	      8779	8000755a	0337c933	div	x18,x15,x19	 x15:0xfffff907 x19:0x00000014 x18=0xffffffa7
       88795000	      8780	8000755e	0ff0000f	fence	iorw,iorw	
       89165000	      8817	80007562	03c159b3	divu	x19,x2,x28	  x2:0xf5e39895 x28:0x80023ce4 x19=0x00000001
       89175000	      8818	80007566	00ad1c33	sll	x24,x26,x10	 x26:0x126b419e x10:0x00000004 x24=0x26b419e0
       89185000	      8819	8000756a	f2b77f17	auipc	x30,0xf2b77	 x30=0x72b7e56a
       89195000	      8820	8000756e	70eb8793	addi	x15,x23,1806	 x23:0x020001cc x15=0x020008da
       89205000	      8821	80007572	010a1863	bne	x20,x16,80007582	 x20:0x8001fe4c x16:0x0000587f
       89255000	      8826	80007582	03c681b3	mul	x3,x13,x28	 x13:0x00000000 x28:0x80023ce4  x3=0x00000000
       89265000	      8827	80007586	8105	c.srli	x10,0x1	 x10:0x00000004 x10=0x00000002
       89275000	      8828	80007588	001ef433	and	x8,x29,x1	 x29:0x7f007630  x1:0x00000000  x8=0x00000000
       89285000	      8829	8000758c	41b50b33	sub	x22,x10,x27	 x10:0x00000002 x27:0x1b318000 x22=0xe4ce8002
       89295000	      8830	80007590	0001	c.addi	x0,0	  x0:0x00000000  x0=0x00000000
       89305000	      8831	80007592	4152d533	sra	x10,x5,x21	  x5:0x8001fe4c x21:0x00000000 x10=0x8001fe4c
       89315000	      8832	80007596	0174db93	srli	x23,x9,0x17	  x9:0xfffffd3f x23=0x000001ff
       89325000	      8833	8000759a	686d3b13	sltiu	x22,x26,1670	 x26:0x126b419e x22=0x00000000
       89365000	      8837	8000759e	021713b3	mulh	x7,x14,x1	 x14:0x80023ce4  x1:0x00000000  x7=0x00000000
       89375000	      8838	800075a2	035f5863	bge	x30,x21,800075d2	 x30:0x72b7e56a x21:0x00000000
       89395000	      8840	800075d2	8edd	c.or	x13,x15	 x13:0x00000000 x15:0x020008da x13=0x020008da
       89405000	      8841	800075d4	00761013	slli	x0,x12,0x7	 x12:0x8001fe4c  x0=0x00000000
       89415000	      8842	800075d8	2ab73893	sltiu	x17,x14,683	 x14:0x80023ce4 x17=0x00000000
       89425000	      8843	800075dc	404a0ab3	sub	x21,x20,x4	 x20:0x8001fe4c  x4:0x00000001 x21=0x8001fe4b
       89435000	      8844	800075e0	88064293	xori	x5,x12,-1920	 x12:0x8001fe4c  x5=0x7ffe06cc
       89445000	      8845	800075e4	ea89	c.bnez	x13,800075f6	 x13:0x020008da
       89475000	      8848	800075f6	3528cd13	xori	x26,x17,850	 x17:0x00000000 x26=0x00000352
       89485000	      8849	800075fa	8d1d	c.sub	x10,x15	 x10:0x8001fe4c x15:0x020008da x10=0x7e01f572
       89495000	      8850	800075fc	01189393	slli	x7,x17,0x11	 x17:0x00000000  x7=0x00000000
       89505000	      8851	80007600	95c2	c.add	x11,x16	 x11:0xfffffa37 x16:0x0000587f x11=0x000052b6
       89515000	      8852	80007602	8d01	c.sub	x10,x8	 x10:0x7e01f572  x8:0x00000000 x10=0x7e01f572
       89535000	      8854	80007604	0219dbb3	divu	x23,x19,x1	 x19:0x00000001  x1:0x00000000 x23=0xffffffff
       89545000	      8855	80007608	06afb413	sltiu	x8,x31,106	 x31:0xffffffff  x8=0x00000000
       89555000	      8856	8000760c	8d15	c.sub	x10,x13	 x10:0x7e01f572 x13:0x020008da x10=0x7c01ec98
       89565000	      8857	8000760e	de10cd13	xori	x26,x1,-543	  x1:0x00000000 x26=0xfffffde1
       89575000	      8858	80007612	fc6dff93	andi	x31,x27,-58	 x27:0x1b318000 x31=0x1b318000
       89585000	      8859	80007616	fb5b6a13	ori	x20,x22,-75	 x22:0x00000000 x20=0xffffffb5
       89595000	      8860	8000761a	02267063	bgeu	x12,x2,8000763a	 x12:0x8001fe4c  x2:0xf5e39895
       89605000	      8861	8000761e	6595	c.lui	x11,0x5	 x11=0x00005000
       89615000	      8862	80007620	8fc5	c.or	x15,x9	 x15:0x020008da  x9:0xfffffd3f x15=0xfffffdff
       89625000	      8863	80007622	0001	c.addi	x0,0	  x0:0x00000000  x0=0x00000000
       89635000	      8864	80007624	00bcccb3	xor	x25,x25,x11	 x25:0x00000001 x11:0x00005000 x25=0x00005001
       89645000	      8865	80007628	03189163	bne	x17,x17,8000764a	 x17:0x00000000 x17:0x00000000
       89685000	      8869	8000762c	027c2d33	mulhsu	x26,x24,x7	 x24:0x26b419e0  x7:0x00000000 x26=0x00000000
       89725000	      8873	80007630	034430b3	mulhu	x1,x8,x20	  x8:0x00000000 x20:0xffffffb5  x1=0x00000000
       89735000	      8874	80007634	4ced	c.li	x25,27	 x25=0x0000001b
       89745000	      8875	80007636	00e3e6b3	or	x13,x7,x14	  x7:0x00000000 x14:0x80023ce4 x13=0x80023ce4
       89755000	      8876	8000763a	00d41363	bne	x8,x13,80007640	  x8:0x00000000 x13:0x80023ce4
       89775000	      8878	80007640	ee1b2a93	slti	x21,x22,-287	 x22:0x00000000 x21=0x00000000
       89785000	      8879	80007644	8911	c.andi	x10,4	 x10:0x7c01ec98 x10=0x00000000
       89795000	      8880	80007646	c8978b93	addi	x23,x15,-887	 x15:0xfffffdff x23=0xfffffa88
       89805000	      8881	8000764a	0126c463	blt	x13,x18,80007652	 x13:0x80023ce4 x18:0xffffffa7
       89825000	      8883	80007652	9ca6	c.add	x25,x9	 x25:0x0000001b  x9:0xfffffd3f x25=0xfffffd5a
       89835000	      8884	80007654	0ff0000f	fence	iorw,iorw	
       89855000	      8886	80007658	0274d6b3	divu	x13,x9,x7	  x9:0xfffffd3f  x7:0x00000000 x13=0xffffffff
       89895000	      8890	8000765c	03c79033	mulh	x0,x15,x28	 x15:0xfffffdff x28:0x80023ce4  x0=0x00000000
       89905000	      8891	80007660	54fd	c.li	x9,-1	  x9=0xffffffff
       89915000	      8892	80007662	8cf1	c.and	x9,x12	  x9:0xffffffff x12:0x8001fe4c  x9=0x8001fe4c
       89925000	      8893	80007664	8f9d	c.sub	x15,x15	 x15:0xfffffdff x15:0xfffffdff x15=0x00000000
       89935000	      8894	80007666	8ea1	c.xor	x13,x8	 x13:0xffffffff  x8:0x00000000 x13=0xffffffff
       89945000	      8895	80007668	f256f797	auipc	x15,0xf256f	 x15=0x72576668
       89955000	      8896	8000766c	ca99	c.beqz	x13,80007682	 x13:0xffffffff
       89965000	      8897	8000766e	343fcd37	lui	x26,0x343fc	 x26=0x343fc000
       89975000	      8898	80007672	8411	c.srai	x8,0x4	  x8:0x00000000  x8=0x00000000
       89985000	      8899	80007674	8475	c.srai	x8,0x1d	  x8:0x00000000  x8=0x00000000
       89995000	      8900	80007676	dc937013	andi	x0,x6,-567	  x6:0x80007328  x0=0x00000000
       90005000	      8901	8000767a	41c38433	sub	x8,x7,x28	  x7:0x00000000 x28:0x80023ce4  x8=0x7ffdc31c
       90015000	      8902	8000767e	03194463	blt	x18,x17,800076a6	 x18:0xffffffa7 x17:0x00000000
       90045000	      8905	800076a6	41365293	srai	x5,x12,0x13	 x12:0x8001fe4c  x5=0xfffff000
       90055000	      8906	800076aa	0c9da493	slti	x9,x27,201	 x27:0x1b318000  x9=0x00000000
       90065000	      8907	800076ae	0cf2	c.slli	x25,0x1c	 x25:0xfffffd5a x25=0xa0000000
       90075000	      8908	800076b0	00960333	add	x6,x12,x9	 x12:0x8001fe4c  x9:0x00000000  x6=0x8001fe4c
       90085000	      8909	800076b4	c485	c.beqz	x9,800076dc	  x9:0x00000000
       90105000	      8911	800076dc	2c170f13	addi	x30,x14,705	 x14:0x80023ce4 x30=0x80023fa5
       90115000	      8912	800076e0	a1f84993	xori	x19,x16,-1505	 x16:0x0000587f x19=0xffffa260
       90125000	      8913	800076e4	00a000ef	jal	x1,800076ee	  x1=0x800076e8
       90145000	      8915	800076ee	a029	c.j	800076f8	
       90165000	      8917	800076f8	3ff5	c.jal	800076f4	  x1=0x800076fa
       90185000	      8919	800076f4	ffdff2ef	jal	x5,800076f0	  x5=0x800076f8
       90205000	      8921	800076f0	00c0046f	jal	x8,800076fc	  x8=0x800076f4
       90225000	      8923	800076fc	2011	c.jal	80007700	  x1=0x800076fe
       90245000	      8925	80007700	fe9ff36f	jal	x6,800076e8	  x6=0x80007704
       90265000	      8927	800076e8	2809	c.jal	800076fa	  x1=0x800076ea
       90285000	      8929	800076fa	2029	c.jal	80007704	  x1=0x800076fc
       90305000	      8931	80007704	3fed	c.jal	800076fe	  x1=0x80007706
       90325000	      8933	800076fe	b7f5	c.j	800076ea	
       90355000	      8936	800076ea	01c000ef	jal	x1,80007706	  x1=0x800076ee
       90375000	      8938	80007706	8d89	c.sub	x11,x10	 x11:0x00005000 x10:0x00000000 x11=0x00005000
       90385000	      8939	80007708	06a54237	lui	x4,0x6a54	  x4=0x06a54000
       90395000	      8940	8000770c	41fcdd93	srai	x27,x25,0x1f	 x25:0xa0000000 x27=0xffffffff
       90435000	      8944	80007710	02913833	mulhu	x16,x2,x9	  x2:0xf5e39895  x9:0x00000000 x16=0x00000000
       90445000	      8945	80007714	8cd5	c.or	x9,x13	  x9:0x00000000 x13:0xffffffff  x9=0xffffffff
       90455000	      8946	80007716	8df1	c.and	x11,x12	 x11:0x00005000 x12:0x8001fe4c x11=0x00005000
       90465000	      8947	80007718	47603093	sltiu	x1,x0,1142	  x0:0x00000000  x1=0x00000001
       90505000	      8951	8000771c	02ee1cb3	mulh	x25,x28,x14	 x28:0x80023ce4 x14:0x80023ce4 x25=0x3ffdc321
       90515000	      8952	80007720	00bc4e63	blt	x24,x11,8000773c	 x24:0x26b419e0 x11:0x00005000
       90525000	      8953	80007724	0ff0000f	fence	iorw,iorw	
       90535000	      8954	80007728	843a	c.mv	x8,x14	  x0:0x00000000 x14:0x80023ce4  x8=0x80023ce4
       90545000	      8955	8000772a	8ed1	c.or	x13,x12	 x13:0xffffffff x12:0x8001fe4c x13=0xffffffff
       90555000	      8956	8000772c	012ce4b3	or	x9,x25,x18	 x25:0x3ffdc321 x18:0xffffffa7  x9=0xffffffa7
       90565000	      8957	80007730	0001	c.addi	x0,0	  x0:0x00000000  x0=0x00000000
       90935000	      8994	80007732	03e27fb3	remu	x31,x4,x30	  x4:0x06a54000 x30:0x80023fa5 x31=0x06a54000
       90945000	      8995	80007736	4f6d	c.li	x30,27	 x30=0x0000001b
       90955000	      8996	80007738	004dcc63	blt	x27,x4,80007750	 x27:0xffffffff  x4:0x06a54000
       90975000	      8998	80007750	bb660b17	auipc	x22,0xbb660	 x22=0x3b667750
       90985000	      8999	80007754	012ccc33	xor	x24,x25,x18	 x25:0x3ffdc321 x18:0xffffffa7 x24=0xc0023c86
       90995000	      9000	80007758	03a00563	beq	x0,x26,80007782	  x0:0x00000000 x26:0x343fc000
       91005000	      9001	8000775c	01016c63	bltu	x2,x16,80007774	  x2:0xf5e39895 x16:0x00000000
       91015000	      9002	80007760	4bb06a93	ori	x21,x0,1211	  x0:0x00000000 x21=0x000004bb
       91025000	      9003	80007764	6886b893	sltiu	x17,x13,1672	 x13:0xffffffff x17=0x00000000
       91035000	      9004	80007768	01685a33	srl	x20,x16,x22	 x16:0x00000000 x22:0x3b667750 x20=0x00000000
       91045000	      9005	8000776c	e2772293	slti	x5,x14,-473	 x14:0x80023ce4  x5=0x00000001
       91055000	      9006	80007770	00b13233	sltu	x4,x2,x11	  x2:0xf5e39895 x11:0x00005000  x4=0x00000000
       91425000	      9043	80007774	03a2f2b3	remu	x5,x5,x26	  x5:0x00000001 x26:0x343fc000  x5=0x00000001
       91435000	      9044	80007778	9e687593	andi	x11,x16,-1562	 x16:0x00000000 x11=0x00000000
       91445000	      9045	8000777c	0eaa4b93	xori	x23,x20,234	 x20:0x00000000 x23=0x000000ea
       91455000	      9046	80007780	86d9	c.srai	x13,0x16	 x13:0xffffffff x13=0xffffffff
       91465000	      9047	80007782	18fd	c.addi	x17,-1	 x17:0x00000000 x17=0xffffffff
       91475000	      9048	80007784	016e34b3	sltu	x9,x28,x22	 x28:0x80023ce4 x22:0x3b667750  x9=0x00000000
       91485000	      9049	80007788	8fb1	c.xor	x15,x12	 x15:0x72576668 x12:0x8001fe4c x15=0xf2569824
       91495000	      9050	8000778a	0001	c.addi	x0,0	  x0:0x00000000  x0=0x00000000
       91505000	      9051	8000778c	fffae893	ori	x17,x21,-1	 x21:0x000004bb x17=0xffffffff
       91515000	      9052	80007790	0ff0000f	fence	iorw,iorw	
       91525000	      9053	80007794	4a01	c.li	x20,0	 x20=0x00000000
       91535000	      9054	80007796	0001	c.addi	x0,0	  x0:0x00000000  x0=0x00000000
       91545000	      9055	80007798	01254db3	xor	x27,x10,x18	 x10:0x00000000 x18:0xffffffa7 x27=0xffffffa7
       91555000	      9056	8000779c	0083d263	bge	x7,x8,800077a0	  x7:0x00000000  x8:0x80023ce4
       91605000	      9061	800077a0	03da1a33	mulh	x20,x20,x29	 x20:0x00000000 x29:0x7f007630 x20=0x00000000
       91615000	      9062	800077a4	2821a213	slti	x4,x3,642	  x3:0x00000000  x4=0x00000001
       91625000	      9063	800077a8	00189363	bne	x17,x1,800077ae	 x17:0xffffffff  x1:0x00000001
       91655000	      9066	800077ae	f984fa17	auipc	x20,0xf984f	 x20=0x798567ae
       91675000	      9068	800077b2	02aaf0b3	remu	x1,x21,x10	 x21:0x000004bb x10:0x00000000  x1=0x000004bb
       91685000	      9069	800077b6	40258fb3	sub	x31,x11,x2	 x11:0x00000000  x2:0xf5e39895 x31=0x0a1c676b
       91695000	      9070	800077ba	99203013	sltiu	x0,x0,-1646	  x0:0x00000000  x0=0x00000000
       91705000	      9071	800077be	8cad	c.xor	x9,x11	  x9:0x00000000 x11:0x00000000  x9=0x00000000
       91715000	      9072	800077c0	002668b3	or	x17,x12,x2	 x12:0x8001fe4c  x2:0xf5e39895 x17=0xf5e3fedd
       91725000	      9073	800077c4	01820a63	beq	x4,x24,800077d8	  x4:0x00000001 x24:0xc0023c86
       91735000	      9074	800077c8	41f18333	sub	x6,x3,x31	  x3:0x00000000 x31:0x0a1c676b  x6=0xf5e39895
       91745000	      9075	800077cc	797a9097	auipc	x1,0x797a9	  x1=0xf97b07cc
       91755000	      9076	800077d0	082e	c.slli	x16,0xb	 x16:0x00000000 x16=0x00000000
       91765000	      9077	800077d2	40110db3	sub	x27,x2,x1	  x2:0xf5e39895  x1:0xf97b07cc x27=0xfc6890c9
       91775000	      9078	800077d6	e2b9	c.bnez	x13,8000781c	 x13:0xffffffff
       91795000	      9080	8000781c	11106193	ori	x3,x0,273	  x0:0x00000000  x3=0x00000111
       91805000	      9081	80007820	01ef2db3	slt	x27,x30,x30	 x30:0x0000001b x30:0x0000001b x27=0x00000000
       92175000	      9118	80007824	0254efb3	rem	x31,x9,x5	  x9:0x00000000  x5:0x00000001 x31=0x00000000
       92185000	      9119	80007828	01f07933	and	x18,x0,x31	  x0:0x00000000 x31:0x00000000 x18=0x00000000
       92195000	      9120	8000782c	89e9	c.andi	x11,26	 x11:0x00000000 x11=0x00000000
       92205000	      9121	8000782e	44d9	c.li	x9,22	  x9=0x00000016
       92215000	      9122	80007830	298417b7	lui	x15,0x29841	 x15=0x29841000
       92225000	      9123	80007834	8d55	c.or	x10,x13	 x10:0x00000000 x13:0xffffffff x10=0xffffffff
       92235000	      9124	80007836	009f0ab3	add	x21,x30,x9	 x30:0x0000001b  x9:0x00000016 x21=0x00000031
       92245000	      9125	8000783a	0001	c.addi	x0,0	  x0:0x00000000  x0=0x00000000
       92255000	      9126	8000783c	4c29	c.li	x24,10	 x24=0x0000000a
       92265000	      9127	8000783e	0032e933	or	x18,x5,x3	  x5:0x00000001  x3:0x00000111 x18=0x00000111
       92275000	      9128	80007842	01cb2bb3	slt	x23,x22,x28	 x22:0x3b667750 x28:0x80023ce4 x23=0x00000000
       92285000	      9129	80007846	00e15a13	srli	x20,x2,0xe	  x2:0xf5e39895 x20=0x0003d78e
       92295000	      9130	8000784a	51fd	c.li	x3,-1	  x3=0xffffffff
       92305000	      9131	8000784c	0ff0000f	fence	iorw,iorw	
       92335000	      9134	80007850	03850eb3	mul	x29,x10,x24	 x10:0xffffffff x24:0x0000000a x29=0xfffffff6
       92375000	      9138	80007854	036e2fb3	mulhsu	x31,x28,x22	 x28:0x80023ce4 x22:0x3b667750 x31=0xe24d4945
       92385000	      9139	80007858	02faf813	andi	x16,x21,47	 x21:0x00000031 x16=0x00000021
       92395000	      9140	8000785c	0001	c.addi	x0,0	  x0:0x00000000  x0=0x00000000
       92405000	      9141	8000785e	8ef5	c.and	x13,x13	 x13:0xffffffff x13:0xffffffff x13=0xffffffff
       92415000	      9142	80007860	cf91	c.beqz	x15,8000787c	 x15:0x29841000
       92425000	      9143	80007862	803d	c.srli	x8,0xf	  x8:0x80023ce4  x8=0x00010004
       92795000	      9180	80007864	028dd4b3	divu	x9,x27,x8	 x27:0x00000000  x8:0x00010004  x9=0x00000000
       92805000	      9181	80007868	01107ab3	and	x21,x0,x17	  x0:0x00000000 x17:0xf5e3fedd x21=0x00000000
       92815000	      9182	8000786c	0ff0000f	fence	iorw,iorw	
       92855000	      9186	80007870	03a09c33	mulh	x24,x1,x26	  x1:0xf97b07cc x26:0x343fc000 x24=0xfeab5df8
       93225000	      9223	80007874	02edf0b3	remu	x1,x27,x14	 x27:0x00000000 x14:0x80023ce4  x1=0x00000000
       93235000	      9224	80007878	417a5893	srai	x17,x20,0x17	 x20:0x0003d78e x17=0x00000000
       93245000	      9225	8000787c	03a81663	bne	x16,x26,800078a8	 x16:0x00000021 x26:0x343fc000
       93265000	      9227	800078a8	01982b33	slt	x22,x16,x25	 x16:0x00000021 x25:0x3ffdc321 x22=0x00000001
       93275000	      9228	800078ac	8915	c.andi	x10,5	 x10:0xffffffff x10=0x00000005
       93315000	      9232	800078ae	038daab3	mulhsu	x21,x27,x24	 x27:0x00000000 x24:0xfeab5df8 x21=0x00000000
       93325000	      9233	800078b2	e799	c.bnez	x15,800078c0	 x15:0x29841000
       93345000	      9235	800078c0	41bdd1b3	sra	x3,x27,x27	 x27:0x00000000 x27:0x00000000  x3=0x00000000
       93355000	      9236	800078c4	28d98697	auipc	x13,0x28d98	 x13=0xa8d9f8c4
       93365000	      9237	800078c8	01c5ad33	slt	x26,x11,x28	 x11:0x00000000 x28:0x80023ce4 x26=0x00000000
       93375000	      9238	800078cc	0001	c.addi	x0,0	  x0:0x00000000  x0=0x00000000
       93395000	      9240	800078ce	03b655b3	divu	x11,x12,x27	 x12:0x8001fe4c x27:0x00000000 x11=0xffffffff
       93405000	      9241	800078d2	0137e1b3	or	x3,x15,x19	 x15:0x29841000 x19:0xffffa260  x3=0xffffb260
       93415000	      9242	800078d6	5f7d	c.li	x30,-1	 x30=0xffffffff
       93425000	      9243	800078d8	9f26ff93	andi	x31,x13,-1550	 x13:0xa8d9f8c4 x31=0xa8d9f8c0
       93435000	      9244	800078dc	775dc3b7	lui	x7,0x775dc	  x7=0x775dc000
       93445000	      9245	800078e0	03e35b63	bge	x6,x30,80007916	  x6:0xf5e39895 x30:0xffffffff
       93455000	      9246	800078e4	cb364413	xori	x8,x12,-845	 x12:0x8001fe4c  x8=0x7ffe02ff
       93465000	      9247	800078e8	0ec93313	sltiu	x6,x18,236	 x18:0x00000111  x6=0x00000000
       93505000	      9251	800078ec	03dc92b3	mulh	x5,x25,x29	 x25:0x3ffdc321 x29:0xfffffff6  x5=0xfffffffd
       93875000	      9288	800078f0	0222e6b3	rem	x13,x5,x2	  x5:0xfffffffd  x2:0xf5e39895 x13=0xfffffffd
       93885000	      9289	800078f4	40ba5893	srai	x17,x20,0xb	 x20:0x0003d78e x17=0x0000007a
       93895000	      9290	800078f8	01161b33	sll	x22,x12,x17	 x12:0x8001fe4c x17:0x0000007a x22=0x30000000
       93905000	      9291	800078fc	8df1	c.and	x11,x12	 x11:0xffffffff x12:0x8001fe4c x11=0x8001fe4c
       93915000	      9292	800078fe	01f9c033	xor	x0,x19,x31	 x19:0xffffa260 x31:0xa8d9f8c0  x0=0x00000000
       93925000	      9293	80007902	0102ea63	bltu	x5,x16,80007916	  x5:0xfffffffd x16:0x00000021
       93935000	      9294	80007906	1c7d	c.addi	x24,-1	 x24:0xfeab5df8 x24=0xfeab5df7
       93965000	      9297	80007908	036c01b3	mul	x3,x24,x22	 x24:0xfeab5df7 x22:0x30000000  x3=0x50000000
       93975000	      9298	8000790c	8dad	c.xor	x11,x11	 x11:0x8001fe4c x11:0x8001fe4c x11=0x00000000
       94345000	      9335	8000790e	02dacf33	div	x30,x21,x13	 x21:0x00000000 x13:0xfffffffd x30=0x00000000
       94355000	      9336	80007912	d1bf4e97	auipc	x29,0xd1bf4	 x29=0x51bfb912
       94365000	      9337	80007916	0ff0000f	fence	iorw,iorw	
       94375000	      9338	8000791a	8d25	c.xor	x10,x9	 x10:0x00000005  x9:0x00000000 x10=0x00000005
       94385000	      9339	8000791c	366b0e93	addi	x29,x22,870	 x22:0x30000000 x29=0x30000366
       94755000	      9376	80007920	0335f533	remu	x10,x11,x19	 x11:0x00000000 x19:0xffffa260 x10=0x00000000
       94765000	      9377	80007924	40a052b3	sra	x5,x0,x10	  x0:0x00000000 x10:0x00000000  x5=0x00000000
       94775000	      9378	80007928	40795693	srai	x13,x18,0x7	 x18:0x00000111 x13=0x00000002
       94815000	      9382	8000792c	020b14b3	mulh	x9,x22,x0	 x22:0x30000000  x0:0x00000000  x9=0x00000000
       94825000	      9383	80007930	012dd593	srli	x11,x27,0x12	 x27:0x00000000 x11=0x00000000
       94835000	      9384	80007934	772a5217	auipc	x4,0x772a5	  x4=0xf72ac934
       94845000	      9385	80007938	b405ee17	auipc	x28,0xb405e	 x28=0x34065938
       94855000	      9386	8000793c	88e9	c.andi	x9,26	  x9:0x00000000  x9=0x00000000
       94865000	      9387	8000793e	b25b36b7	lui	x13,0xb25b3	 x13=0xb25b3000
       94875000	      9388	80007942	03685363	bge	x16,x22,80007968	 x16:0x00000021 x22:0x30000000
       94915000	      9392	80007946	03f838b3	mulhu	x17,x16,x31	 x16:0x00000021 x31:0xa8d9f8c0 x17=0x00000015
       94925000	      9393	8000794a	883a	c.mv	x16,x14	  x0:0x00000000 x14:0x80023ce4 x16=0x80023ce4
       94935000	      9394	8000794c	0001	c.addi	x0,0	  x0:0x00000000  x0=0x00000000
       94945000	      9395	8000794e	011f26b3	slt	x13,x30,x17	 x30:0x00000000 x17:0x00000015 x13=0x00000001
       94955000	      9396	80007952	247f6d13	ori	x26,x30,583	 x30:0x00000000 x26=0x00000247
       94965000	      9397	80007956	01c8db63	bge	x17,x28,8000796c	 x17:0x00000015 x28:0x34065938
       94975000	      9398	8000795a	8cf5	c.and	x9,x13	  x9:0x00000000 x13:0x00000001  x9=0x00000000
       94985000	      9399	8000795c	0000100f	fence.i	
       95365000	      9437	80007960	02745033	divu	x0,x8,x7	  x8:0x7ffe02ff  x7:0x775dc000  x0=0x00000000
       95375000	      9438	80007964	e091	c.bnez	x9,80007968	  x9:0x00000000
       95385000	      9439	80007966	8f9d	c.sub	x15,x15	 x15:0x29841000 x15:0x29841000 x15=0x00000000
       95395000	      9440	80007968	00035413	srli	x8,x6,0x0	  x6:0x00000000  x8=0x00000000
       95405000	      9441	8000796c	0221d163	bge	x3,x2,8000798e	  x3:0x50000000  x2:0xf5e39895
       95425000	      9443	8000798e	80e1	c.srli	x9,0x18	  x9:0x00000000  x9=0x00000000
       95435000	      9444	80007990	8dd1	c.or	x11,x12	 x11:0x00000000 x12:0x8001fe4c x11=0x8001fe4c
       95475000	      9448	80007992	02971f33	mulh	x30,x14,x9	 x14:0x80023ce4  x9:0x00000000 x30=0x00000000
       95485000	      9449	80007996	022de663	bltu	x27,x2,800079c2	 x27:0x00000000  x2:0xf5e39895
       95515000	      9452	800079c2	00d6dd13	srli	x26,x13,0xd	 x13:0x00000001 x26=0x00000000
       95525000	      9453	800079c6	00099333	sll	x6,x19,x0	 x19:0xffffa260  x0:0x00000000  x6=0xffffa260
       95535000	      9454	800079ca	e2634a13	xori	x20,x6,-474	  x6:0xffffa260 x20=0x00005c46
       95545000	      9455	800079ce	03050a63	beq	x10,x16,80007a02	 x10:0x00000000 x16:0x80023ce4
       95585000	      9459	800079d2	03ee22b3	mulhsu	x5,x28,x30	 x28:0x34065938 x30:0x00000000  x5=0x00000000
       95595000	      9460	800079d6	021a9a63	bne	x21,x1,80007a0a	 x21:0x00000000  x1:0x00000000
       95625000	      9463	800079da	029e0833	mul	x16,x28,x9	 x28:0x34065938  x9:0x00000000 x16=0x00000000
       95635000	      9464	800079de	011a25b3	slt	x11,x20,x17	 x20:0x00005c46 x17:0x00000015 x11=0x00000000
       95645000	      9465	800079e2	01780433	add	x8,x16,x23	 x16:0x00000000 x23:0x00000000  x8=0x00000000
       95655000	      9466	800079e6	8d2d	c.xor	x10,x11	 x10:0x00000000 x11:0x00000000 x10=0x00000000
       95665000	      9467	800079e8	7eedbd17	auipc	x26,0x7eedb	 x26=0xfeee29e8
       95675000	      9468	800079ec	018dff63	bgeu	x27,x24,80007a0a	 x27:0x00000000 x24:0xfeab5df7
       95685000	      9469	800079f0	008a	c.slli	x1,0x2	  x1:0x00000000  x1=0x00000000
       95695000	      9470	800079f2	00d88233	add	x4,x17,x13	 x17:0x00000015 x13:0x00000001  x4=0x00000016
       95715000	      9472	800079f6	02585db3	divu	x27,x16,x5	 x16:0x00000000  x5:0x00000000 x27=0xffffffff
       95725000	      9473	800079fa	2d3dba13	sltiu	x20,x27,723	 x27:0xffffffff x20=0x00000000
       95735000	      9474	800079fe	01228433	add	x8,x5,x18	  x5:0x00000000 x18:0x00000111  x8=0x00000111
       95745000	      9475	80007a02	8f81	c.sub	x15,x8	 x15:0x00000000  x8:0x00000111 x15=0xfffffeef
       95755000	      9476	80007a04	8522	c.mv	x10,x8	  x0:0x00000000  x8:0x00000111 x10=0x00000111
       95765000	      9477	80007a06	7936f213	andi	x4,x13,1939	 x13:0x00000001  x4=0x00000001
       95775000	      9478	80007a0a	44dc0b13	addi	x22,x24,1101	 x24:0xfeab5df7 x22=0xfeab6244
       95785000	      9479	80007a0e	8429	c.srai	x8,0xa	  x8:0x00000111  x8=0x00000000
       95825000	      9483	80007a10	021c92b3	mulh	x5,x25,x1	 x25:0x3ffdc321  x1:0x00000000  x5=0x00000000
       95855000	      9486	80007a14	02258db3	mul	x27,x11,x2	 x11:0x00000000  x2:0xf5e39895 x27=0x00000000
       95865000	      9487	80007a18	03aaeb63	bltu	x21,x26,80007a4e	 x21:0x00000000 x26:0xfeee29e8
       95895000	      9490	80007a4e	60cd1317	auipc	x6,0x60cd1	  x6=0xe0cd8a4e
       95905000	      9491	80007a52	8ccd	c.or	x9,x11	  x9:0x00000000 x11:0x00000000  x9=0x00000000
       95915000	      9492	80007a54	c389	c.beqz	x15,80007a56	 x15:0xfffffeef
       95925000	      9493	80007a56	0143f3b3	and	x7,x7,x20	  x7:0x775dc000 x20:0x00000000  x7=0x00000000
       95935000	      9494	80007a5a	0ff0000f	fence	iorw,iorw	
       95955000	      9496	80007a5e	02596033	rem	x0,x18,x5	 x18:0x00000111  x5:0x00000000  x0=0x00000000
       95965000	      9497	80007a62	8df9	c.and	x11,x14	 x11:0x00000000 x14:0x80023ce4 x11=0x00000000
       95975000	      9498	80007a64	c348f293	andi	x5,x17,-972	 x17:0x00000015  x5=0x00000014
       95985000	      9499	80007a68	8dfd	c.and	x11,x15	 x11:0x00000000 x15:0xfffffeef x11=0x00000000
       95995000	      9500	80007a6a	00e18933	add	x18,x3,x14	  x3:0x50000000 x14:0x80023ce4 x18=0xd0023ce4
       96005000	      9501	80007a6e	8c41	c.or	x8,x8	  x8:0x00000000  x8:0x00000000  x8=0x00000000
       96015000	      9502	80007a70	4ad9	c.li	x21,22	 x21=0x00000016
       96025000	      9503	80007a72	007a7333	and	x6,x20,x7	 x20:0x00000000  x7:0x00000000  x6=0x00000000
       96035000	      9504	80007a76	030d9563	bne	x27,x16,80007aa0	 x27:0x00000000 x16:0x00000000
       96045000	      9505	80007a7a	01c6b4b3	sltu	x9,x13,x28	 x13:0x00000001 x28:0x34065938  x9=0x00000001
       96055000	      9506	80007a7e	00ceba33	sltu	x20,x29,x12	 x29:0x30000366 x12:0x8001fe4c x20=0x00000001
       96065000	      9507	80007a82	08564ab7	lui	x21,0x8564	 x21=0x08564000
       96075000	      9508	80007a86	f1ec2e93	slti	x29,x24,-226	 x24:0xfeab5df7 x29=0x00000001
       96085000	      9509	80007a8a	8285	c.srli	x13,0x1	 x13:0x00000001 x13=0x00000000
       96095000	      9510	80007a8c	03147363	bgeu	x8,x17,80007ab2	  x8:0x00000000 x17:0x00000015
       96105000	      9511	80007a90	028a	c.slli	x5,0x2	  x5:0x00000014  x5=0x00000050
       96115000	      9512	80007a92	8e8a	c.mv	x29,x2	  x0:0x00000000  x2:0xf5e39895 x29=0xf5e39895
       96125000	      9513	80007a94	85a9	c.srai	x11,0xa	 x11:0x00000000 x11=0x00000000
       96135000	      9514	80007a96	8f85	c.sub	x15,x9	 x15:0xfffffeef  x9:0x00000001 x15=0xfffffeee
       96165000	      9517	80007a98	03fb8333	mul	x6,x23,x31	 x23:0x00000000 x31:0xa8d9f8c0  x6=0x00000000
       96175000	      9518	80007a9c	01c45f93	srli	x31,x8,0x1c	  x8:0x00000000 x31=0x00000000
       96185000	      9519	80007aa0	003b5233	srl	x4,x22,x3	 x22:0xfeab6244  x3:0x50000000  x4=0xfeab6244
       96195000	      9520	80007aa4	8a86	c.mv	x21,x1	  x0:0x00000000  x1:0x00000000 x21=0x00000000
       96205000	      9521	80007aa6	0ff0000f	fence	iorw,iorw	
       96215000	      9522	80007aaa	8d89	c.sub	x11,x10	 x11:0x00000000 x10:0x00000111 x11=0xfffffeef
       96225000	      9523	80007aac	8efd	c.and	x13,x15	 x13:0x00000000 x15:0xfffffeee x13=0x00000000
       96235000	      9524	80007aae	01e9b013	sltiu	x0,x19,30	 x19:0xffffa260  x0=0x00000000
       96245000	      9525	80007ab2	01ac9193	slli	x3,x25,0x1a	 x25:0x3ffdc321  x3=0x84000000
       96255000	      9526	80007ab6	013b6f33	or	x30,x22,x19	 x22:0xfeab6244 x19:0xffffa260 x30=0xffffe264
       96265000	      9527	80007aba	ee81	c.bnez	x13,80007ad2	 x13:0x00000000
       96305000	      9531	80007abc	02e8b533	mulhu	x10,x17,x14	 x17:0x00000015 x14:0x80023ce4 x10=0x0000000a
       96315000	      9532	80007ac0	403a5f93	srai	x31,x20,0x3	 x20:0x00000001 x31=0x00000000
       96685000	      9569	80007ac4	02f5ffb3	remu	x31,x11,x15	 x11:0xfffffeef x15:0xfffffeee x31=0x00000001
       96695000	      9570	80007ac8	0ff0000f	fence	iorw,iorw	
       96705000	      9571	80007acc	12fd	c.addi	x5,-1	  x5:0x00000050  x5=0x0000004f
       96715000	      9572	80007ace	027cc263	blt	x25,x7,80007af2	 x25:0x3ffdc321  x7:0x00000000
       96755000	      9576	80007ad2	02aca933	mulhsu	x18,x25,x10	 x25:0x3ffdc321 x10:0x0000000a x18=0x00000002
       96765000	      9577	80007ad6	cc81	c.beqz	x9,80007aee	  x9:0x00000001
       96775000	      9578	80007ad8	e8943513	sltiu	x10,x8,-375	  x8:0x00000000 x10=0x00000001
       96785000	      9579	80007adc	00106463	bltu	x0,x1,80007ae4	  x0:0x00000000  x1:0x00000000
       96795000	      9580	80007ae0	40d4d333	sra	x6,x9,x13	  x9:0x00000001 x13:0x00000000  x6=0x00000001
       96805000	      9581	80007ae4	8461	c.srai	x8,0x18	  x8:0x00000000  x8=0x00000000
       96815000	      9582	80007ae6	8d5a9c17	auipc	x24,0x8d5a9	 x24=0x0d5b0ae6
       96825000	      9583	80007aea	003ce463	bltu	x25,x3,80007af2	 x25:0x3ffdc321  x3:0x84000000
       96855000	      9586	80007af2	8b89bb93	sltiu	x23,x19,-1864	 x19:0xffffa260 x23=0x00000001
       96865000	      9587	80007af6	1b7d	c.addi	x22,-1	 x22:0xfeab6244 x22=0xfeab6243
       96875000	      9588	80007af8	019489b3	add	x19,x9,x25	  x9:0x00000001 x25:0x3ffdc321 x19=0x3ffdc322
       97245000	      9625	80007afc	03375e33	divu	x28,x14,x19	 x14:0x80023ce4 x19:0x3ffdc322 x28=0x00000002
       97255000	      9626	80007b00	011ddf13	srli	x30,x27,0x11	 x27:0x00000000 x30=0x00000000
       97265000	      9627	80007b04	1f892193	slti	x3,x18,504	 x18:0x00000002  x3=0x00000001
       97305000	      9631	80007b08	03d5bab3	mulhu	x21,x11,x29	 x11:0xfffffeef x29:0xf5e39895 x21=0xf5e3978e
       97315000	      9632	80007b0c	01c25a63	bge	x4,x28,80007b20	  x4:0xfeab6244 x28:0x00000002
       97325000	      9633	80007b10	c909	c.beqz	x10,80007b22	 x10:0x00000001
       97335000	      9634	80007b12	8c39	c.xor	x8,x14	  x8:0x00000000 x14:0x80023ce4  x8=0x80023ce4
       97345000	      9635	80007b14	4023dcb3	sra	x25,x7,x2	  x7:0x00000000  x2:0xf5e39895 x25=0x00000000
       97355000	      9636	80007b18	67138b13	addi	x22,x7,1649	  x7:0x00000000 x22=0x00000671
       97365000	      9637	80007b1c	0031cc63	blt	x3,x3,80007b34	  x3:0x00000001  x3:0x00000001
       97375000	      9638	80007b20	1b7d	c.addi	x22,-1	 x22:0x00000671 x22=0x00000670
       97385000	      9639	80007b22	018fdf63	bge	x31,x24,80007b40	 x31:0x00000001 x24:0x0d5b0ae6
       97395000	      9640	80007b26	01d094b3	sll	x9,x1,x29	  x1:0x00000000 x29:0xf5e39895  x9=0x00000000
       97405000	      9641	80007b2a	0326	c.slli	x6,0x9	  x6:0x00000001  x6=0x00000200
       97415000	      9642	80007b2c	017059b3	srl	x19,x0,x23	  x0:0x00000000 x23:0x00000001 x19=0x00000000
       97435000	      9644	80007b30	0290ea33	rem	x20,x1,x9	  x1:0x00000000  x9:0x00000000 x20=0x00000000
       97445000	      9645	80007b34	0001	c.addi	x0,0	  x0:0x00000000  x0=0x00000000
       97455000	      9646	80007b36	cddbee17	auipc	x28,0xcddbe	 x28=0x4ddc5b36
       97465000	      9647	80007b3a	8cc5	c.or	x9,x9	  x9:0x00000000  x9:0x00000000  x9=0x00000000
       97475000	      9648	80007b3c	e589	c.bnez	x11,80007b46	 x11:0xfffffeef
       97505000	      9651	80007b46	00da8533	add	x10,x21,x13	 x21:0xf5e3978e x13:0x00000000 x10=0xf5e3978e
       97515000	      9652	80007b4a	01060b63	beq	x12,x16,80007b60	 x12:0x8001fe4c x16:0x00000000
       97525000	      9653	80007b4e	01ef9a93	slli	x21,x31,0x1e	 x31:0x00000001 x21=0x40000000
       97535000	      9654	80007b52	01779f13	slli	x30,x15,0x17	 x15:0xfffffeee x30=0x77000000
       97545000	      9655	80007b56	419601b3	sub	x3,x12,x25	 x12:0x8001fe4c x25:0x00000000  x3=0x8001fe4c
       97555000	      9656	80007b5a	8cf9	c.and	x9,x14	  x9:0x00000000 x14:0x80023ce4  x9=0x00000000
       97565000	      9657	80007b5c	844d	c.srai	x8,0x13	  x8:0x80023ce4  x8=0xfffff000
       97575000	      9658	80007b5e	925e	c.add	x4,x23	  x4:0xfeab6244 x23:0x00000001  x4=0xfeab6245
       97585000	      9659	80007b60	0127e433	or	x8,x15,x18	 x15:0xfffffeee x18:0x00000002  x8=0xfffffeee
       97595000	      9660	80007b64	00ec1033	sll	x0,x24,x14	 x24:0x0d5b0ae6 x14:0x80023ce4  x0=0x00000000
       97605000	      9661	80007b68	8c2e	c.mv	x24,x11	  x0:0x00000000 x11:0xfffffeef x24=0xfffffeef
       97975000	      9698	80007b6a	02bee533	rem	x10,x29,x11	 x29:0xf5e39895 x11:0xfffffeef x10=0xffffff4d
       97985000	      9699	80007b6e	032dc263	blt	x27,x18,80007b92	 x27:0x00000000 x18:0x00000002
       98005000	      9701	80007b92	e499	c.bnez	x9,80007ba0	  x9:0x00000000
       98015000	      9702	80007b94	0053c4b3	xor	x9,x7,x5	  x7:0x00000000  x5:0x0000004f  x9=0x0000004f
       98025000	      9703	80007b98	01ec24b3	slt	x9,x24,x30	 x24:0xfffffeef x30:0x77000000  x9=0x00000001
       98045000	      9705	80007b9c	03b26eb3	rem	x29,x4,x27	  x4:0xfeab6245 x27:0x00000000 x29=0xfeab6245
       98415000	      9742	80007ba0	03ff72b3	remu	x5,x30,x31	 x30:0x77000000 x31:0x00000001  x5=0x00000000
       98425000	      9743	80007ba4	a0372293	slti	x5,x14,-1533	 x14:0x80023ce4  x5=0x00000001
       98435000	      9744	80007ba8	997d	c.andi	x10,-1	 x10:0xffffff4d x10=0xffffff4d
       98445000	      9745	80007baa	8c71	c.and	x8,x12	  x8:0xfffffeee x12:0x8001fe4c  x8=0x8001fe4c
       98455000	      9746	80007bac	0000100f	fence.i	
       98475000	      9748	80007bb0	080d	c.addi	x16,3	 x16:0x00000000 x16=0x00000003
       98485000	      9749	80007bb2	8d61	c.and	x10,x8	 x10:0xffffff4d  x8:0x8001fe4c x10=0x8001fe4c
       98495000	      9750	80007bb4	01e18eb3	add	x29,x3,x30	  x3:0x8001fe4c x30:0x77000000 x29=0xf701fe4c
       98505000	      9751	80007bb8	8ea6	c.mv	x29,x9	  x0:0x00000000  x9:0x00000001 x29=0x00000001
       98515000	      9752	80007bba	3e466913	ori	x18,x12,996	 x12:0x8001fe4c x18=0x8001ffec
       98525000	      9753	80007bbe	8efd	c.and	x13,x15	 x13:0x00000000 x15:0xfffffeee x13=0x00000000
       98535000	      9754	80007bc0	a6122313	slti	x6,x4,-1439	  x4:0xfeab6245  x6=0x00000001
       98545000	      9755	80007bc4	c385	c.beqz	x15,80007be4	 x15:0xfffffeee
       98555000	      9756	80007bc6	0001	c.addi	x0,0	  x0:0x00000000  x0=0x00000000
       98595000	      9760	80007bc8	031e3e33	mulhu	x28,x28,x17	 x28:0x4ddc5b36 x17:0x00000015 x28=0x00000006
       98605000	      9761	80007bcc	0117ba33	sltu	x20,x15,x17	 x15:0xfffffeee x17:0x00000015 x20=0x00000000
       98615000	      9762	80007bd0	8b91	c.andi	x15,4	 x15:0xfffffeee x15=0x00000004
       98625000	      9763	80007bd2	0033e263	bltu	x7,x3,80007bd6	  x7:0x00000000  x3:0x8001fe4c
       98685000	      9769	80007bd6	03441333	mulh	x6,x8,x20	  x8:0x8001fe4c x20:0x00000000  x6=0x00000000
       98695000	      9770	80007bda	8d75	c.and	x10,x13	 x10:0x8001fe4c x13:0x00000000 x10=0x00000000
       98705000	      9771	80007bdc	8ee1	c.and	x13,x8	 x13:0x00000000  x8:0x8001fe4c x13=0x00000000
       98715000	      9772	80007bde	8c11	c.sub	x8,x12	  x8:0x8001fe4c x12:0x8001fe4c  x8=0x00000000
       98725000	      9773	80007be0	8c5d	c.or	x8,x15	  x8:0x00000000 x15:0x00000004  x8=0x00000004
       98735000	      9774	80007be2	85cd	c.srai	x11,0x13	 x11:0xfffffeef x11=0xffffffff
       98745000	      9775	80007be4	8c8d	c.sub	x9,x11	  x9:0x00000001 x11:0xffffffff  x9=0x00000002
       98755000	      9776	80007be6	8ca5	c.xor	x9,x9	  x9:0x00000002  x9:0x00000002  x9=0x00000000
       98765000	      9777	80007be8	9b76	c.add	x22,x29	 x22:0x00000670 x29:0x00000001 x22=0x00000671
       98775000	      9778	80007bea	cc81	c.beqz	x9,80007c02	  x9:0x00000000
       98795000	      9780	80007c02	4c19	c.li	x24,6	 x24=0x00000006
       98805000	      9781	80007c04	8c29	c.xor	x8,x10	  x8:0x00000004 x10:0x00000000  x8=0x00000004
       98815000	      9782	80007c06	871ef813	andi	x16,x29,-1935	 x29:0x00000001 x16=0x00000001
       98825000	      9783	80007c0a	00fadf63	bge	x21,x15,80007c28	 x21:0x40000000 x15:0x00000004
       98845000	      9785	80007c28	8ffd	c.and	x15,x15	 x15:0x00000004 x15:0x00000004 x15=0x00000004
       98855000	      9786	80007c2a	82e5	c.srli	x13,0x19	 x13:0x00000000 x13=0x00000000
       98865000	      9787	80007c2c	f6828213	addi	x4,x5,-152	  x5:0x00000001  x4=0xffffff69
       98875000	      9788	80007c30	42b5	c.li	x5,13	  x5=0x0000000d
       98885000	      9789	80007c32	01528c63	beq	x5,x21,80007c4a	  x5:0x0000000d x21:0x40000000
       98895000	      9790	80007c36	01f9a4b3	slt	x9,x19,x31	 x19:0x00000000 x31:0x00000001  x9=0x00000001
       98925000	      9793	80007c3a	039e0833	mul	x16,x28,x25	 x28:0x00000006 x25:0x00000000 x16=0x00000000
       98935000	      9794	80007c3e	01295b63	bge	x18,x18,80007c54	 x18:0x8001ffec x18:0x8001ffec
       98955000	      9796	80007c54	8ead	c.xor	x13,x11	 x13:0x00000000 x11:0xffffffff x13=0xffffffff
       98965000	      9797	80007c56	01bf90b3	sll	x1,x31,x27	 x31:0x00000001 x27:0x00000000  x1=0x00000001
       98975000	      9798	80007c5a	403e5333	sra	x6,x28,x3	 x28:0x00000006  x3:0x8001fe4c  x6=0x00000000
       98985000	      9799	80007c5e	79855f37	lui	x30,0x79855	 x30=0x79855000
       98995000	      9800	80007c62	6c51	c.lui	x24,0x14	 x24=0x00014000
       99035000	      9804	80007c64	029ebc33	mulhu	x24,x29,x9	 x29:0x00000001  x9:0x00000001 x24=0x00000000
       99045000	      9805	80007c68	45904593	xori	x11,x0,1113	  x0:0x00000000 x11=0x00000459
       99055000	      9806	80007c6c	0aba	c.slli	x21,0xe	 x21:0x40000000 x21=0x00000000
       99065000	      9807	80007c6e	8465	c.srai	x8,0x19	  x8:0x00000004  x8=0x00000000
       99075000	      9808	80007c70	9bfd	c.andi	x15,-1	 x15:0x00000004 x15=0x00000004
       99085000	      9809	80007c72	8cb9	c.xor	x9,x14	  x9:0x00000001 x14:0x80023ce4  x9=0x80023ce5
       99095000	      9810	80007c74	36c3e297	auipc	x5,0x36c3e	  x5=0xb6c45c74
       99105000	      9811	80007c78	9f3e	c.add	x30,x15	 x30:0x79855000 x15:0x00000004 x30=0x79855004
       99475000	      9848	80007c7a	02ec59b3	divu	x19,x24,x14	 x24:0x00000000 x14:0x80023ce4 x19=0x00000000
       99485000	      9849	80007c7e	0000100f	fence.i	
       99875000	      9888	80007c82	0326d0b3	divu	x1,x13,x18	 x13:0xffffffff x18:0x8001ffec  x1=0x00000001
       99885000	      9889	80007c86	00dc9463	bne	x25,x13,80007c8e	 x25:0x00000000 x13:0xffffffff
       99905000	      9891	80007c8e	8c8d	c.sub	x9,x11	  x9:0x80023ce5 x11:0x00000459  x9=0x8002388c
       99915000	      9892	80007c90	9c66	c.add	x24,x25	 x24:0x00000000 x25:0x00000000 x24=0x00000000
       99925000	      9893	80007c92	40525bb3	sra	x23,x4,x5	  x4:0xffffff69  x5:0xb6c45c74 x23=0xffffffff
       99935000	      9894	80007c96	0184b533	sltu	x10,x9,x24	  x9:0x8002388c x24:0x00000000 x10=0x00000000
       99945000	      9895	80007c9a	04ad	c.addi	x9,11	  x9:0x8002388c  x9=0x80023897
       99955000	      9896	80007c9c	0001	c.addi	x0,0	  x0:0x00000000  x0=0x00000000
       99965000	      9897	80007c9e	e899	c.bnez	x9,80007cb4	  x9:0x80023897
       99985000	      9899	80007cb4	40d60eb3	sub	x29,x12,x13	 x12:0x8001fe4c x13:0xffffffff x29=0x8001fe4d
       99995000	      9900	80007cb8	86cd	c.srai	x13,0x13	 x13:0xffffffff x13=0xffffffff
      100005000	      9901	80007cba	004fdd63	bge	x31,x4,80007cd4	 x31:0x00000001  x4:0xffffff69
      100025000	      9903	80007cd4	0569	c.addi	x10,26	 x10:0x00000000 x10=0x0000001a
      100045000	      9905	80007cd6	039848b3	div	x17,x16,x25	 x16:0x00000000 x25:0x00000000 x17=0xffffffff
      100055000	      9906	80007cda	97be	c.add	x15,x15	 x15:0x00000004 x15:0x00000004 x15=0x00000008
      100095000	      9910	80007cdc	037cb233	mulhu	x4,x25,x23	 x25:0x00000000 x23:0xffffffff  x4=0x00000000
      100105000	      9911	80007ce0	014dc363	blt	x27,x20,80007ce6	 x27:0x00000000 x20:0x00000000
      100115000	      9912	80007ce4	8912	c.mv	x18,x4	  x0:0x00000000  x4:0x00000000 x18=0x00000000
      100125000	      9913	80007ce6	94c6	c.add	x9,x17	  x9:0x80023897 x17:0xffffffff  x9=0x80023896
      100135000	      9914	80007ce8	0001	c.addi	x0,0	  x0:0x00000000  x0=0x00000000
      100175000	      9918	80007cea	02b29c33	mulh	x24,x5,x11	  x5:0xb6c45c74 x11:0x00000459 x24=0xfffffec1
      100185000	      9919	80007cee	29477037	lui	x0,0x29477	  x0=0x00000000
      100195000	      9920	80007cf2	0001	c.addi	x0,0	  x0:0x00000000  x0=0x00000000
      100205000	      9921	80007cf4	056af463	bgeu	x21,x22,80007d3c	 x21:0x00000000 x22:0x00000671
      100575000	      9958	80007cf8	03c86333	rem	x6,x16,x28	 x16:0x00000000 x28:0x00000006  x6=0x00000000
      100585000	      9959	80007cfc	41c35313	srai	x6,x6,0x1c	  x6:0x00000000  x6=0x00000000
      100595000	      9960	80007d00	03afd363	bge	x31,x26,80007d26	 x31:0x00000001 x26:0xfeee29e8
      100635000	      9964	80007d26	03b6fc33	remu	x24,x13,x27	 x13:0xffffffff x27:0x00000000 x24=0xffffffff
      100645000	      9965	80007d2a	537d	c.li	x6,-1	  x6=0xffffffff
      100655000	      9966	80007d2c	00394cb3	xor	x25,x18,x3	 x18:0x00000000  x3:0x8001fe4c x25=0x8001fe4c
      100665000	      9967	80007d30	4e21	c.li	x28,8	 x28=0x00000008
      100675000	      9968	80007d32	59fd	c.li	x19,-1	 x19=0xffffffff
      100685000	      9969	80007d34	415c5bb3	sra	x23,x24,x21	 x24:0xffffffff x21:0x00000000 x23=0xffffffff
      100695000	      9970	80007d38	cdb08013	addi	x0,x1,-805	  x1:0x00000001  x0=0x00000000
      100705000	      9971	80007d3c	0001	c.addi	x0,0	  x0:0x00000000  x0=0x00000000
      101075000	     10008	80007d3e	02c749b3	div	x19,x14,x12	 x14:0x80023ce4 x12:0x8001fe4c x19=0x00000000
      101085000	     10009	80007d42	61d1	c.lui	x3,0x14	  x3=0x00014000
      101095000	     10010	80007d44	00a57433	and	x8,x10,x10	 x10:0x0000001a x10:0x0000001a  x8=0x0000001a
      101105000	     10011	80007d48	4176df13	srai	x30,x13,0x17	 x13:0xffffffff x30=0xffffffff
      101115000	     10012	80007d4c	00d41c33	sll	x24,x8,x13	  x8:0x0000001a x13:0xffffffff x24=0x00000000
      101125000	     10013	80007d50	0dde	c.slli	x27,0x17	 x27:0x00000000 x27=0x00000000
      101135000	     10014	80007d52	85c9	c.srai	x11,0x12	 x11:0x00000459 x11=0x00000000
      101145000	     10015	80007d54	071a7d63	bgeu	x20,x17,80007dce	 x20:0x00000000 x17:0xffffffff
      101155000	     10016	80007d58	02c000ef	jal	x1,80007d84	  x1=0x80007d5c
      101175000	     10018	80007d84	ff9ff0ef	jal	x1,80007d7c	  x1=0x80007d88
      101195000	     10020	80007d7c	37f5	c.jal	80007d68	  x1=0x80007d7e
      101215000	     10022	80007d68	2019	c.jal	80007d6e	  x1=0x80007d6a
      101235000	     10024	80007d6e	a801	c.j	80007d7e	
      101265000	     10027	80007d7e	014000ef	jal	x1,80007d92	  x1=0x80007d82
      101295000	     10030	80007d92	0040036f	jal	x6,80007d96	  x6=0x80007d96
      101315000	     10032	80007d96	b7f5	c.j	80007d82	
      101335000	     10034	80007d82	bfe9	c.j	80007d5c	
      101355000	     10036	80007d5c	a009	c.j	80007d5e	
      101385000	     10039	80007d5e	00400cef	jal	x25,80007d62	 x25=0x80007d62
      101415000	     10042	80007d62	03e003ef	jal	x7,80007da0	  x7=0x80007d66
      101435000	     10044	80007da0	fedff36f	jal	x6,80007d8c	  x6=0x80007da4
      101455000	     10046	80007d8c	bff5	c.j	80007d88	
      101475000	     10048	80007d88	0120056f	jal	x10,80007d9a	 x10=0x80007d8c
      101505000	     10051	80007d9a	fd3ff0ef	jal	x1,80007d6c	  x1=0x80007d9e
      101525000	     10053	80007d6c	bfed	c.j	80007d66	
      101545000	     10055	80007d66	a031	c.j	80007d72	
      101565000	     10057	80007d72	a035	c.j	80007d9e	
      101585000	     10059	80007d9e	3fed	c.jal	80007d98	  x1=0x80007da0
      101605000	     10061	80007d98	bfdd	c.j	80007d8e	
      101635000	     10064	80007d8e	fddff0ef	jal	x1,80007d6a	  x1=0x80007d92
      101655000	     10066	80007d6a	2031	c.jal	80007d76	  x1=0x80007d6c
      101675000	     10068	80007d76	bffd	c.j	80007d74	
      101695000	     10070	80007d74	2011	c.jal	80007d78	  x1=0x80007d76
      101715000	     10072	80007d78	ff9ff36f	jal	x6,80007d70	  x6=0x80007d7c
      101735000	     10074	80007d70	a815	c.j	80007da4	
      101765000	     10077	80007da4	02b96833	rem	x16,x18,x11	 x18:0x00000000 x11:0x00000000 x16=0x00000000
      101775000	     10078	80007da8	04bd	c.addi	x9,15	  x9:0x80023896  x9=0x800238a5
      101785000	     10079	80007daa	0000100f	fence.i	
      101815000	     10082	80007dae	40a858b3	sra	x17,x16,x10	 x16:0x00000000 x10:0x80007d8c x17=0x00000000
      101825000	     10083	80007db2	84d9	c.srai	x9,0x16	  x9:0x800238a5  x9=0xfffffe00
      101835000	     10084	80007db4	00fd5e33	srl	x28,x26,x15	 x26:0xfeee29e8 x15:0x00000008 x28=0x00feee29
      101845000	     10085	80007db8	0001	c.addi	x0,0	  x0:0x00000000  x0=0x00000000
      101855000	     10086	80007dba	009b1e63	bne	x22,x9,80007dd6	 x22:0x00000671  x9:0xfffffe00
      101915000	     10092	80007dd6	02db16b3	mulh	x13,x22,x13	 x22:0x00000671 x13:0xffffffff x13=0xffffffff
      101925000	     10093	80007dda	01d96933	or	x18,x18,x29	 x18:0x00000000 x29:0x8001fe4d x18=0x8001fe4d
      102295000	     10130	80007dde	02e05fb3	divu	x31,x0,x14	  x0:0x00000000 x14:0x80023ce4 x31=0x00000000
      102305000	     10131	80007de2	007e8cb3	add	x25,x29,x7	 x29:0x8001fe4d  x7:0x80007d66 x25=0x00027bb3
      102315000	     10132	80007de6	016b6463	bltu	x22,x22,80007dee	 x22:0x00000671 x22:0x00000671
      102325000	     10133	80007dea	01480f33	add	x30,x16,x20	 x16:0x00000000 x20:0x00000000 x30=0x00000000
      102335000	     10134	80007dee	0001	c.addi	x0,0	  x0:0x00000000  x0=0x00000000
      102345000	     10135	80007df0	8eb1	c.xor	x13,x12	 x13:0xffffffff x12:0x8001fe4c x13=0x7ffe01b3
      102355000	     10136	80007df2	0ff0000f	fence	iorw,iorw	
      102375000	     10138	80007df6	0353c033	div	x0,x7,x21	  x7:0x80007d66 x21:0x00000000  x0=0x00000000
      102415000	     10142	80007dfa	03649233	mulh	x4,x9,x22	  x9:0xfffffe00 x22:0x00000671  x4=0xffffffff
      102425000	     10143	80007dfe	01019093	slli	x1,x3,0x10	  x3:0x00014000  x1=0x40000000
      102465000	     10147	80007e02	03c53233	mulhu	x4,x10,x28	 x10:0x80007d8c x28:0x00feee29  x4=0x007f7791
      102505000	     10151	80007e06	02af9cb3	mulh	x25,x31,x10	 x31:0x00000000 x10:0x80007d8c x25=0x00000000
      102515000	     10152	80007e0a	40525813	srai	x16,x4,0x5	  x4:0x007f7791 x16=0x0003fbbc
      102525000	     10153	80007e0e	03f99263	bne	x19,x31,80007e32	 x19:0x00000000 x31:0x00000000
      102535000	     10154	80007e12	007424b3	slt	x9,x8,x7	  x8:0x0000001a  x7:0x80007d66  x9=0x00000000
      102575000	     10158	80007e16	022cbab3	mulhu	x21,x25,x2	 x25:0x00000000  x2:0xf5e39895 x21=0x00000000
      102585000	     10159	80007e1a	0001	c.addi	x0,0	  x0:0x00000000  x0=0x00000000
      102595000	     10160	80007e1c	0ff0000f	fence	iorw,iorw	
      102605000	     10161	80007e20	9186	c.add	x3,x1	  x3:0x00014000  x1:0x40000000  x3=0x40014000
      102615000	     10162	80007e22	00832933	slt	x18,x6,x8	  x6:0x80007d7c  x8:0x0000001a x18=0x00000001
      102655000	     10166	80007e26	0248a3b3	mulhsu	x7,x17,x4	 x17:0x00000000  x4:0x007f7791  x7=0x00000000
      102665000	     10167	80007e2a	147d	c.addi	x8,-1	  x8:0x0000001a  x8=0x00000019
      102675000	     10168	80007e2c	580eee97	auipc	x29,0x580ee	 x29=0xd80f5e2c
      102685000	     10169	80007e30	8689	c.srai	x13,0x2	 x13:0x7ffe01b3 x13=0x1fff806c
      102695000	     10170	80007e32	0000100f	fence.i	
      102715000	     10172	80007e36	078e	c.slli	x15,0x3	 x15:0x00000008 x15=0x00000040
      102725000	     10173	80007e38	8ee1	c.and	x13,x8	 x13:0x1fff806c  x8:0x00000019 x13=0x00000008
      102735000	     10174	80007e3a	41e25913	srai	x18,x4,0x1e	  x4:0x007f7791 x18=0x00000000
      102745000	     10175	80007e3e	01749b93	slli	x23,x9,0x17	  x9:0x00000000 x23=0x00000000
      102755000	     10176	80007e42	006b5c93	srli	x25,x22,0x6	 x22:0x00000671 x25=0x00000019
      102765000	     10177	80007e46	00196433	or	x8,x18,x1	 x18:0x00000000  x1:0x40000000  x8=0x40000000
      102775000	     10178	80007e4a	015a8463	beq	x21,x21,80007e52	 x21:0x00000000 x21:0x00000000
      102805000	     10181	80007e52	b0d73c93	sltiu	x25,x14,-1267	 x14:0x80023ce4 x25=0x00000001
      102825000	     10183	80007e56	037c5433	divu	x8,x24,x23	 x24:0x00000000 x23:0x00000000  x8=0xffffffff
      102835000	     10184	80007e5a	b3ca4413	xori	x8,x20,-1220	 x20:0x00000000  x8=0xfffffb3c
      102845000	     10185	80007e5e	075f8063	beq	x31,x21,80007ebe	 x31:0x00000000 x21:0x00000000
      102865000	     10187	80007ebe	8bee	c.mv	x23,x27	  x0:0x00000000 x27:0x00000000 x23=0x00000000
      102875000	     10188	80007ec0	00969c93	slli	x25,x13,0x9	 x13:0x00000008 x25=0x00001000
      102885000	     10189	80007ec4	8fbd	c.xor	x15,x15	 x15:0x00000040 x15:0x00000040 x15=0x00000000
      102895000	     10190	80007ec6	c999	c.beqz	x11,80007edc	 x11:0x00000000
      102915000	     10192	80007edc	0080e1b3	or	x3,x1,x8	  x1:0x40000000  x8:0xfffffb3c  x3=0xfffffb3c
      102925000	     10193	80007ee0	0ff0000f	fence	iorw,iorw	
      102935000	     10194	80007ee4	007800b3	add	x1,x16,x7	 x16:0x0003fbbc  x7:0x00000000  x1=0x0003fbbc
      102945000	     10195	80007ee8	01e37f63	bgeu	x6,x30,80007f06	  x6:0x80007d7c x30:0x00000000
      102965000	     10197	80007f06	1a7d	c.addi	x20,-1	 x20:0x00000000 x20=0xffffffff
      102975000	     10198	80007f08	1b06cd13	xori	x26,x13,432	 x13:0x00000008 x26=0x000001b8
      102985000	     10199	80007f0c	8db9	c.xor	x11,x14	 x11:0x00000000 x14:0x80023ce4 x11=0x80023ce4
      102995000	     10200	80007f0e	02d2b493	sltiu	x9,x5,45	  x5:0xb6c45c74  x9=0x00000000
      103005000	     10201	80007f12	a0d0f093	andi	x1,x1,-1523	  x1:0x0003fbbc  x1=0x0003fa0c
      103015000	     10202	80007f16	0067fb63	bgeu	x15,x6,80007f2c	 x15:0x00000000  x6:0x80007d7c
      103025000	     10203	80007f1a	0300e863	bltu	x1,x16,80007f4a	  x1:0x0003fa0c x16:0x0003fbbc
      103045000	     10205	80007f4a	8d99	c.sub	x11,x14	 x11:0x80023ce4 x14:0x80023ce4 x11=0x00000000
      103415000	     10242	80007f4c	02a5e833	rem	x16,x11,x10	 x11:0x00000000 x10:0x80007d8c x16=0x00000000
      103425000	     10243	80007f50	87f1	c.srai	x15,0x1c	 x15:0x00000000 x15=0x00000000
      103435000	     10244	80007f52	412ed993	srai	x19,x29,0x12	 x29:0xd80f5e2c x19=0xfffff603
      103445000	     10245	80007f56	66e5	c.lui	x13,0x19	 x13=0x00019000
      103455000	     10246	80007f58	9e1e	c.add	x28,x7	 x28:0x00feee29  x7:0x00000000 x28=0x00feee29
      103465000	     10247	80007f5a	03dc8463	beq	x25,x29,80007f82	 x25:0x00001000 x29:0xd80f5e2c
      103475000	     10248	80007f5e	b6bda813	slti	x16,x27,-1173	 x27:0x00000000 x16=0x00000000
      103485000	     10249	80007f62	8324f097	auipc	x1,0x8324f	  x1=0x03256f62
      103495000	     10250	80007f66	01f2d963	bge	x5,x31,80007f78	  x5:0xb6c45c74 x31:0x00000000
      103505000	     10251	80007f6a	82a9	c.srli	x13,0xa	 x13:0x00019000 x13=0x00000064
      103515000	     10252	80007f6c	0001	c.addi	x0,0	  x0:0x00000000  x0=0x00000000
      103525000	     10253	80007f6e	0001	c.addi	x0,0	  x0:0x00000000  x0=0x00000000
      103535000	     10254	80007f70	8c76	c.mv	x24,x29	  x0:0x00000000 x29:0xd80f5e2c x24=0xd80f5e2c
      103545000	     10255	80007f72	8c6d	c.and	x8,x11	  x8:0xfffffb3c x11:0x00000000  x8=0x00000000
      103555000	     10256	80007f74	027e4b63	blt	x28,x7,80007faa	 x28:0x00feee29  x7:0x00000000
      103565000	     10257	80007f78	9509c5b7	lui	x11,0x9509c	 x11=0x9509c000
      103575000	     10258	80007f7c	8035	c.srli	x8,0xd	  x8:0x00000000  x8=0x00000000
      103615000	     10262	80007f7e	0316bab3	mulhu	x21,x13,x17	 x13:0x00000064 x17:0x00000000 x21=0x00000000
      103625000	     10263	80007f82	02a3d663	bge	x7,x10,80007fae	  x7:0x00000000 x10:0x80007d8c
      103655000	     10266	80007fae	18778513	addi	x10,x15,391	 x15:0x00000000 x10=0x00000187
      103665000	     10267	80007fb2	00c69e93	slli	x29,x13,0xc	 x13:0x00000064 x29=0x00064000
      103675000	     10268	80007fb6	00b83533	sltu	x10,x16,x11	 x16:0x00000000 x11:0x9509c000 x10=0x00000001
      103685000	     10269	80007fba	0ff0000f	fence	iorw,iorw	
      103695000	     10270	80007fbe	00a3fc33	and	x24,x7,x10	  x7:0x00000000 x10:0x00000001 x24=0x00000000
      103705000	     10271	80007fc2	0046f833	and	x16,x13,x4	 x13:0x00000064  x4:0x007f7791 x16=0x00000000
      103715000	     10272	80007fc6	01bf37b3	sltu	x15,x30,x27	 x30:0x00000000 x27:0x00000000 x15=0x00000000
      103725000	     10273	80007fca	41800b33	sub	x22,x0,x24	  x0:0x00000000 x24:0x00000000 x22=0x00000000
      103735000	     10274	80007fce	0ff0000f	fence	iorw,iorw	
      103745000	     10275	80007fd2	7e91fd13	andi	x26,x3,2025	  x3:0xfffffb3c x26=0x00000328
      103755000	     10276	80007fd6	005e9693	slli	x13,x29,0x5	 x29:0x00064000 x13=0x00c80000
      103765000	     10277	80007fda	015e5413	srli	x8,x28,0x15	 x28:0x00feee29  x8=0x00000007
      103775000	     10278	80007fde	0001	c.addi	x0,0	  x0:0x00000000  x0=0x00000000
      103785000	     10279	80007fe0	4031d533	sra	x10,x3,x3	  x3:0xfffffb3c  x3:0xfffffb3c x10=0xffffffff
      103825000	     10283	80007fe4	02c5afb3	mulhsu	x31,x11,x12	 x11:0x9509c000 x12:0x8001fe4c x31=0xca840ac9
      104195000	     10320	80007fe8	02545533	divu	x10,x8,x5	  x8:0x00000007  x5:0xb6c45c74 x10=0x00000000
      104205000	     10321	80007fec	c499	c.beqz	x9,80007ffa	  x9:0x00000000
      104235000	     10324	80007ffa	9e4aa393	slti	x7,x21,-1564	 x21:0x00000000  x7=0x00000000
      104245000	     10325	80007ffe	b3f18293	addi	x5,x3,-1217	  x3:0xfffffb3c  x5=0xfffff67b
      104255000	     10326	80008002	03f6	c.slli	x7,0x1d	  x7:0x00000000  x7=0x00000000
      104265000	     10327	80008004	00683433	sltu	x8,x16,x6	 x16:0x00000000  x6:0x80007d7c  x8=0x00000001
      104305000	     10331	80008008	022f1db3	mulh	x27,x30,x2	 x30:0x00000000  x2:0xf5e39895 x27=0x00000000
      104335000	     10334	8000800c	027e08b3	mul	x17,x28,x7	 x28:0x00feee29  x7:0x00000000 x17=0x00000000
      104355000	     10336	80008010	03e24333	div	x6,x4,x30	  x4:0x007f7791 x30:0x00000000  x6=0xffffffff
      104365000	     10337	80008014	40efd193	srai	x3,x31,0xe	 x31:0xca840ac9  x3=0xffff2a10
      104375000	     10338	80008018	c4aca693	slti	x13,x25,-950	 x25:0x00001000 x13=0x00000000
      104385000	     10339	8000801c	9276	c.add	x4,x29	  x4:0x007f7791 x29:0x00064000  x4=0x0085b791
      104395000	     10340	8000801e	0000100f	fence.i	
      104425000	     10343	80008022	8ccaf293	andi	x5,x21,-1844	 x21:0x00000000  x5=0x00000000
      104435000	     10344	80008026	09ad	c.addi	x19,11	 x19:0xfffff603 x19=0xfffff60e
      104465000	     10347	80008028	03458333	mul	x6,x11,x20	 x11:0x9509c000 x20:0xffffffff  x6=0x6af64000
      104835000	     10384	8000802c	02c4edb3	rem	x27,x9,x12	  x9:0x00000000 x12:0x8001fe4c x27=0x00000000
      104845000	     10385	80008030	414800b3	sub	x1,x16,x20	 x16:0x00000000 x20:0xffffffff  x1=0x00000001
      104855000	     10386	80008034	0126c833	xor	x16,x13,x18	 x13:0x00000000 x18:0x00000000 x16=0x00000000
      104865000	     10387	80008038	e39d	c.bnez	x15,8000805e	 x15:0x00000000
      104875000	     10388	8000803a	0001	c.addi	x0,0	  x0:0x00000000  x0=0x00000000
      104885000	     10389	8000803c	86ad2093	slti	x1,x26,-1942	 x26:0x00000328  x1=0x00000000
      104895000	     10390	80008040	9bc6	c.add	x23,x17	 x23:0x00000000 x17:0x00000000 x23=0x00000000
      104905000	     10391	80008042	02bf4463	blt	x30,x11,8000806a	 x30:0x00000000 x11:0x9509c000
      104915000	     10392	80008046	01bd9a13	slli	x20,x27,0x1b	 x27:0x00000000 x20=0x00000000
      104935000	     10394	8000804a	0311feb3	remu	x29,x3,x17	  x3:0xffff2a10 x17:0x00000000 x29=0xffff2a10
      104945000	     10395	8000804e	804d	c.srli	x8,0x13	  x8:0x00000001  x8=0x00000000
      104955000	     10396	80008050	0e51	c.addi	x28,20	 x28:0x00feee29 x28=0x00feee3d
      104965000	     10397	80008052	c129	c.beqz	x10,80008094	 x10:0x00000000
      104985000	     10399	80008094	8da1	c.xor	x11,x8	 x11:0x9509c000  x8:0x00000000 x11=0x9509c000
      104995000	     10400	80008096	3dc4cf13	xori	x30,x9,988	  x9:0x00000000 x30=0x000003dc
      105005000	     10401	8000809a	0001	c.addi	x0,0	  x0:0x00000000  x0=0x00000000
      105045000	     10405	8000809c	0332a833	mulhsu	x16,x5,x19	  x5:0x00000000 x19:0xfffff60e x16=0x00000000
      105055000	     10406	800080a0	81f1	c.srli	x11,0x1c	 x11:0x9509c000 x11=0x00000009
      105065000	     10407	800080a2	88be	c.mv	x17,x15	  x0:0x00000000 x15:0x00000000 x17=0x00000000
      105075000	     10408	800080a4	dcc98393	addi	x7,x19,-564	 x19:0xfffff60e  x7=0xfffff3da
      105085000	     10409	800080a8	f5ae8e93	addi	x29,x29,-166	 x29:0xffff2a10 x29=0xffff296a
      105095000	     10410	800080ac	06f5	c.addi	x13,29	 x13:0x00000000 x13=0x0000001d
      105135000	     10414	800080ae	03663033	mulhu	x0,x12,x22	 x12:0x8001fe4c x22:0x00000000  x0=0x00000000
      105145000	     10415	800080b2	418bdf93	srai	x31,x23,0x18	 x23:0x00000000 x31=0x00000000
      105155000	     10416	800080b6	016541b3	xor	x3,x10,x22	 x10:0x00000000 x22:0x00000000  x3=0x00000000
      105175000	     10418	800080ba	02916ab3	rem	x21,x2,x9	  x2:0xf5e39895  x9:0x00000000 x21=0xf5e39895
      105185000	     10419	800080be	0154db63	bge	x9,x21,800080d4	  x9:0x00000000 x21:0xf5e39895
      105565000	     10457	800080d4	02d662b3	rem	x5,x12,x13	 x12:0x8001fe4c x13:0x0000001d  x5=0xffffffef
      105575000	     10458	800080d8	0001	c.addi	x0,0	  x0:0x00000000  x0=0x00000000
      105585000	     10459	800080da	82ad	c.srli	x13,0xb	 x13:0x0000001d x13=0x00000000
      105595000	     10460	800080dc	8ea9	c.xor	x13,x10	 x13:0x00000000 x10:0x00000000 x13=0x00000000
      105605000	     10461	800080de	da505437	lui	x8,0xda505	  x8=0xda505000
      105615000	     10462	800080e2	404384b3	sub	x9,x7,x4	  x7:0xfffff3da  x4:0x0085b791  x9=0xff7a3c49
      105625000	     10463	800080e6	8dc68e13	addi	x28,x13,-1828	 x13:0x00000000 x28=0xfffff8dc
      105635000	     10464	800080ea	0085d6b3	srl	x13,x11,x8	 x11:0x00000009  x8:0xda505000 x13=0x00000009
      105665000	     10467	800080ee	03bf0333	mul	x6,x30,x27	 x30:0x000003dc x27:0x00000000  x6=0x00000000
      105675000	     10468	800080f2	007f6c63	bltu	x30,x7,8000810a	 x30:0x000003dc  x7:0xfffff3da
      105705000	     10471	8000810a	0000100f	fence.i	
      105735000	     10474	8000810e	0ff0000f	fence	iorw,iorw	
      105745000	     10475	80008112	6bef6513	ori	x10,x30,1726	 x30:0x000003dc x10=0x000007fe
      105765000	     10477	80008116	032ff033	remu	x0,x31,x18	 x31:0x00000000 x18:0x00000000  x0=0x00000000
      105775000	     10478	8000811a	0ff0000f	fence	iorw,iorw	
      105785000	     10479	8000811e	02889963	bne	x17,x8,80008150	 x17:0x00000000  x8:0xda505000
      106165000	     10517	80008150	02c25a33	divu	x20,x4,x12	  x4:0x0085b791 x12:0x8001fe4c x20=0x00000000
      106175000	     10518	80008154	0001	c.addi	x0,0	  x0:0x00000000  x0=0x00000000
      106185000	     10519	80008156	8149	c.srli	x10,0x12	 x10:0x000007fe x10=0x00000000
      106195000	     10520	80008158	8ac9	c.andi	x13,18	 x13:0x00000009 x13=0x00000000
      106205000	     10521	8000815a	c3d27b13	andi	x22,x4,-963	  x4:0x0085b791 x22=0x0085b411
      106215000	     10522	8000815e	4799	c.li	x15,6	 x15=0x00000006
      106225000	     10523	80008160	40bb5433	sra	x8,x22,x11	 x22:0x0085b411 x11:0x00000009  x8=0x000042da
      106235000	     10524	80008164	147d	c.addi	x8,-1	  x8:0x000042da  x8=0x000042d9
      106245000	     10525	80008166	409a0933	sub	x18,x20,x9	 x20:0x00000000  x9:0xff7a3c49 x18=0x0085c3b7
      106255000	     10526	8000816a	1f6ebf93	sltiu	x31,x29,502	 x29:0xffff296a x31=0x00000000
      106265000	     10527	8000816e	45f1	c.li	x11,28	 x11=0x0000001c
      106275000	     10528	80008170	0312d163	bge	x5,x17,80008192	  x5:0xffffffef x17:0x00000000
      106285000	     10529	80008174	01c90fb3	add	x31,x18,x28	 x18:0x0085c3b7 x28:0xfffff8dc x31=0x0085bc93
      106295000	     10530	80008178	8185	c.srli	x11,0x1	 x11:0x0000001c x11=0x0000000e
      106305000	     10531	8000817a	00655a93	srli	x21,x10,0x6	 x10:0x00000000 x21=0x00000000
      106315000	     10532	8000817e	004ba933	slt	x18,x23,x4	 x23:0x00000000  x4:0x0085b791 x18=0x00000001
      106325000	     10533	80008182	843d	c.srai	x8,0xf	  x8:0x000042d9  x8=0x00000000
      106335000	     10534	80008184	0000100f	fence.i	
      106355000	     10536	80008188	00a82a33	slt	x20,x16,x10	 x16:0x00000000 x10:0x00000000 x20=0x00000000
      106365000	     10537	8000818c	127d	c.addi	x4,-1	  x4:0x0085b791  x4=0x0085b790
      106375000	     10538	8000818e	006c1f33	sll	x30,x24,x6	 x24:0x00000000  x6:0x00000000 x30=0x00000000
      106385000	     10539	80008192	58020493	addi	x9,x4,1408	  x4:0x0085b790  x9=0x0085bd10
      106395000	     10540	80008196	68b4a893	slti	x17,x9,1675	  x9:0x0085bd10 x17=0x00000000
      106405000	     10541	8000819a	0000100f	fence.i	
      106445000	     10545	8000819e	03416db3	rem	x27,x2,x20	  x2:0xf5e39895 x20:0x00000000 x27=0xf5e39895
      106455000	     10546	800081a2	01b8e033	or	x0,x17,x27	 x17:0x00000000 x27:0xf5e39895  x0=0x00000000
      106465000	     10547	800081a6	8d41	c.or	x10,x8	 x10:0x00000000  x8:0x00000000 x10=0x00000000
      106475000	     10548	800081a8	845d	c.srai	x8,0x17	  x8:0x00000000  x8=0x00000000
      106485000	     10549	800081aa	033b9263	bne	x23,x19,800081ce	 x23:0x00000000 x19:0xfffff60e
      106535000	     10554	800081ce	03a38333	mul	x6,x7,x26	  x7:0xfffff3da x26:0x00000328  x6=0xffd9a810
      106545000	     10555	800081d2	01375d93	srli	x27,x14,0x13	 x14:0x80023ce4 x27=0x00001000
      106555000	     10556	800081d6	ec8ad937	lui	x18,0xec8ad	 x18=0xec8ad000
      106565000	     10557	800081da	00d2cab3	xor	x21,x5,x13	  x5:0xffffffef x13:0x00000000 x21=0xffffffef
      106575000	     10558	800081de	03fa	c.slli	x7,0x1e	  x7:0xfffff3da  x7=0x80000000
      106585000	     10559	800081e0	00a74b63	blt	x14,x10,800081f6	 x14:0x80023ce4 x10:0x00000000
      106615000	     10562	800081f6	a1ddbcb7	lui	x25,0xa1ddb	 x25=0xa1ddb000
      106625000	     10563	800081fa	02d27963	bgeu	x4,x13,8000822c	  x4:0x0085b790 x13:0x00000000
      106645000	     10565	8000822c	0145b433	sltu	x8,x11,x20	 x11:0x0000000e x20:0x00000000  x8=0x00000000
      106665000	     10567	80008230	02337233	remu	x4,x6,x3	  x6:0xffd9a810  x3:0x00000000  x4=0xffd9a810
      106675000	     10568	80008234	8dd1	c.or	x11,x12	 x11:0x0000000e x12:0x8001fe4c x11=0x8001fe4e
      106685000	     10569	80008236	4508ca13	xori	x20,x17,1104	 x17:0x00000000 x20=0x00000450
      106695000	     10570	8000823a	c7f7b893	sltiu	x17,x15,-897	 x15:0x00000006 x17=0x00000001
      106705000	     10571	8000823e	00255463	bge	x10,x2,80008246	 x10:0x00000000  x2:0xf5e39895
      107095000	     10610	80008246	02e95233	divu	x4,x18,x14	 x18:0xec8ad000 x14:0x80023ce4  x4=0x00000001
      107105000	     10611	8000824a	82dd	c.srli	x13,0x17	 x13:0x00000000 x13=0x00000000
      107115000	     10612	8000824c	8d71	c.and	x10,x12	 x10:0x00000000 x12:0x8001fe4c x10=0x00000000
      107125000	     10613	8000824e	eb91	c.bnez	x15,80008262	 x15:0x00000006
      107155000	     10616	80008262	01ac3cb3	sltu	x25,x24,x26	 x24:0x00000000 x26:0x00000328 x25=0x00000001
      107165000	     10617	80008266	987d	c.andi	x8,-1	  x8:0x00000000  x8=0x00000000
      107175000	     10618	80008268	0dca	c.slli	x27,0x12	 x27:0x00001000 x27=0x40000000
      107185000	     10619	8000826a	00819093	slli	x1,x3,0x8	  x3:0x00000000  x1=0x00000000
      107195000	     10620	8000826e	e089	c.bnez	x9,80008270	  x9:0x0085bd10
      107215000	     10622	80008270	e899	c.bnez	x9,80008286	  x9:0x0085bd10
      107245000	     10625	80008286	03d45663	bge	x8,x29,800082b2	  x8:0x00000000 x29:0xffff296a
      107305000	     10631	800082b2	0282a233	mulhsu	x4,x5,x8	  x5:0xffffffef  x8:0x00000000  x4=0x00000000
      107315000	     10632	800082b6	019a7363	bgeu	x20,x25,800082bc	 x20:0x00000450 x25:0x00000001
      107335000	     10634	800082bc	40cbd513	srai	x10,x23,0xc	 x23:0x00000000 x10=0x00000000
      107345000	     10635	800082c0	00038433	add	x8,x7,x0	  x7:0x80000000  x0:0x00000000  x8=0x80000000
      107355000	     10636	800082c4	006a1b93	slli	x23,x20,0x6	 x20:0x00000450 x23=0x00011400
      107375000	     10638	800082c8	03847bb3	remu	x23,x8,x24	  x8:0x80000000 x24:0x00000000 x23=0x80000000
      107385000	     10639	800082cc	0436	c.slli	x8,0xd	  x8:0x80000000  x8=0x00000000
      107395000	     10640	800082ce	016d73b3	and	x7,x26,x22	 x26:0x00000328 x22:0x0085b411  x7=0x00000000
      107415000	     10642	800082d2	03ef5eb3	divu	x29,x30,x30	 x30:0x00000000 x30:0x00000000 x29=0xffffffff
      107425000	     10643	800082d6	01c33eb3	sltu	x29,x6,x28	  x6:0xffd9a810 x28:0xfffff8dc x29=0x00000001
      107435000	     10644	800082da	01c322b3	slt	x5,x6,x28	  x6:0xffd9a810 x28:0xfffff8dc  x5=0x00000001
      107445000	     10645	800082de	15fcdd97	auipc	x27,0x15fcd	 x27=0x95fd52de
      107455000	     10646	800082e2	0001	c.addi	x0,0	  x0:0x00000000  x0=0x00000000
      107825000	     10683	800082e4	026868b3	rem	x17,x16,x6	 x16:0x00000000  x6:0xffd9a810 x17=0x00000000
      107835000	     10684	800082e8	01e6	c.slli	x3,0x19	  x3:0x00000000  x3=0x00000000
      107845000	     10685	800082ea	c88d	c.beqz	x9,8000831c	  x9:0x0085bd10
      107855000	     10686	800082ec	8d7a	c.mv	x26,x30	  x0:0x00000000 x30:0x00000000 x26=0x00000000
      107865000	     10687	800082ee	e911	c.bnez	x10,80008302	 x10:0x00000000
      107875000	     10688	800082f0	0001	c.addi	x0,0	  x0:0x00000000  x0=0x00000000
      107885000	     10689	800082f2	0d40bb93	sltiu	x23,x1,212	  x1:0x00000000 x23=0x00000001
      107895000	     10690	800082f6	55ec4793	xori	x15,x24,1374	 x24:0x00000000 x15=0x0000055e
      107905000	     10691	800082fa	01687c33	and	x24,x16,x22	 x16:0x00000000 x22:0x0085b411 x24=0x00000000
      107935000	     10694	800082fe	039c0f33	mul	x30,x24,x25	 x24:0x00000000 x25:0x00000001 x30=0x00000000
      107945000	     10695	80008302	018061b3	or	x3,x0,x24	  x0:0x00000000 x24:0x00000000  x3=0x00000000
      107955000	     10696	80008306	8dbd	c.xor	x11,x15	 x11:0x8001fe4e x15:0x0000055e x11=0x8001fb10
      107965000	     10697	80008308	018952b3	srl	x5,x18,x24	 x18:0xec8ad000 x24:0x00000000  x5=0xec8ad000
      107975000	     10698	8000830c	7528c193	xori	x3,x17,1874	 x17:0x00000000  x3=0x00000752
      107985000	     10699	80008310	bd20c993	xori	x19,x1,-1070	  x1:0x00000000 x19=0xfffffbd2
      107995000	     10700	80008314	1e860c93	addi	x25,x12,488	 x12:0x8001fe4c x25=0x80020034
      108035000	     10704	80008318	02dd1533	mulh	x10,x26,x13	 x26:0x00000000 x13:0x00000000 x10=0x00000000
      108045000	     10705	8000831c	c52d	c.beqz	x10,80008386	 x10:0x00000000
      108075000	     10708	80008386	c1170c13	addi	x24,x14,-1007	 x14:0x80023ce4 x24=0x800238f5
      108085000	     10709	8000838a	02a51363	bne	x10,x10,800083b0	 x10:0x00000000 x10:0x00000000
      108095000	     10710	8000838e	00f8dc93	srli	x25,x17,0xf	 x17:0x00000000 x25=0x00000000
      108105000	     10711	80008392	00666963	bltu	x12,x6,800083a4	 x12:0x8001fe4c  x6:0xffd9a810
      108125000	     10713	800083a4	00801d93	slli	x27,x0,0x8	  x0:0x00000000 x27=0x00000000
      108135000	     10714	800083a8	05c00263	beq	x0,x28,800083ec	  x0:0x00000000 x28:0xfffff8dc
      108145000	     10715	800083ac	81cdd597	auipc	x11,0x81cdd	 x11=0x01ce53ac
      108155000	     10716	800083b0	2edee793	ori	x15,x29,749	 x29:0x00000001 x15=0x000002ed
      108165000	     10717	800083b4	0180e8b3	or	x17,x1,x24	  x1:0x00000000 x24:0x800238f5 x17=0x800238f5
      108175000	     10718	800083b8	987d	c.andi	x8,-1	  x8:0x00000000  x8=0x00000000
      108185000	     10719	800083ba	0d16	c.slli	x26,0x5	 x26:0x00000000 x26=0x00000000
      108195000	     10720	800083bc	5b7d	c.li	x22,-1	 x22=0xffffffff
      108565000	     10757	800083be	032ef8b3	remu	x17,x29,x18	 x29:0x00000001 x18:0xec8ad000 x17=0x00000001
      108575000	     10758	800083c2	00857d63	bgeu	x10,x8,800083dc	 x10:0x00000000  x8:0x00000000
      108595000	     10760	800083dc	01fe0bb3	add	x23,x28,x31	 x28:0xfffff8dc x31:0x0085bc93 x23=0x0085b56f
      108605000	     10761	800083e0	0075cb33	xor	x22,x11,x7	 x11:0x01ce53ac  x7:0x00000000 x22=0x01ce53ac
      108615000	     10762	800083e4	40772793	slti	x15,x14,1031	 x14:0x80023ce4 x15=0x00000001
      108625000	     10763	800083e8	0001	c.addi	x0,0	  x0:0x00000000  x0=0x00000000
      108635000	     10764	800083ea	80c5	c.srli	x9,0x11	  x9:0x0085bd10  x9=0x00000042
      108645000	     10765	800083ec	02217063	bgeu	x2,x2,8000840c	  x2:0xf5e39895  x2:0xf5e39895
      108665000	     10767	8000840c	82603f93	sltiu	x31,x0,-2010	  x0:0x00000000 x31=0x00000001
      108675000	     10768	80008410	013666b3	or	x13,x12,x19	 x12:0x8001fe4c x19:0xfffffbd2 x13=0xffffffde
      108685000	     10769	80008414	0256	c.slli	x4,0x15	  x4:0x00000000  x4=0x00000000
      108695000	     10770	80008416	0001	c.addi	x0,0	  x0:0x00000000  x0=0x00000000
      108705000	     10771	80008418	0000100f	fence.i	
      108725000	     10773	8000841c	00893b33	sltu	x22,x18,x8	 x18:0xec8ad000  x8:0x00000000 x22=0x00000000
      108735000	     10774	80008420	018b7233	and	x4,x22,x24	 x22:0x00000000 x24:0x800238f5  x4=0x00000000
      108745000	     10775	80008424	01faaab3	slt	x21,x21,x31	 x21:0xffffffef x31:0x00000001 x21=0x00000001
      108755000	     10776	80008428	825e	c.mv	x4,x23	  x0:0x00000000 x23:0x0085b56f  x4=0x0085b56f
      108765000	     10777	8000842a	411b4813	xori	x16,x22,1041	 x22:0x00000000 x16=0x00000411
      108775000	     10778	8000842e	8d5d	c.or	x10,x15	 x10:0x00000000 x15:0x00000001 x10=0x00000001
      108785000	     10779	80008430	5a497693	andi	x13,x18,1444	 x18:0xec8ad000 x13=0x00000000
      108795000	     10780	80008434	eca1fd93	andi	x27,x3,-310	  x3:0x00000752 x27=0x00000642
      108805000	     10781	80008438	8505	c.srai	x10,0x1	 x10:0x00000001 x10=0x00000000
      108815000	     10782	8000843a	e7027693	andi	x13,x4,-400	  x4:0x0085b56f x13=0x0085b460
      108825000	     10783	8000843e	8d3d	c.xor	x10,x15	 x10:0x00000000 x15:0x00000001 x10=0x00000001
      108835000	     10784	80008440	6425	c.lui	x8,0x9	  x8=0x00009000
      108875000	     10788	80008442	02ab2c33	mulhsu	x24,x22,x10	 x22:0x00000000 x10:0x00000001 x24=0x00000000
      108885000	     10789	80008446	00b43db3	sltu	x27,x8,x11	  x8:0x00009000 x11:0x01ce53ac x27=0x00000001
      108895000	     10790	8000844a	00dbdb63	bge	x23,x13,80008460	 x23:0x0085b56f x13:0x0085b460
      108915000	     10792	80008460	40e35593	srai	x11,x6,0xe	  x6:0xffd9a810 x11=0xffffff66
      108945000	     10795	80008464	021f8ab3	mul	x21,x31,x1	 x31:0x00000001  x1:0x00000000 x21=0x00000000
      108955000	     10796	80008468	006ad0b3	srl	x1,x21,x6	 x21:0x00000000  x6:0xffd9a810  x1=0x00000000
      108965000	     10797	8000846c	8cd9	c.or	x9,x14	  x9:0x00000042 x14:0x80023ce4  x9=0x80023ce6
      108975000	     10798	8000846e	4a61	c.li	x20,24	 x20=0x00000018
      108985000	     10799	80008470	0ff0000f	fence	iorw,iorw	
      108995000	     10800	80008474	8c41	c.or	x8,x8	  x8:0x00009000  x8:0x00009000  x8=0x00009000
      109005000	     10801	80008476	01714c33	xor	x24,x2,x23	  x2:0xf5e39895 x23:0x0085b56f x24=0xf5662dfa
      109015000	     10802	8000847a	00b315b3	sll	x11,x6,x11	  x6:0xffd9a810 x11:0xffffff66 x11=0xf66a0400
      109025000	     10803	8000847e	e0a679b7	lui	x19,0xe0a67	 x19=0xe0a67000
      109035000	     10804	80008482	019c73b3	and	x7,x24,x25	 x24:0xf5662dfa x25:0x00000000  x7=0x00000000
      109045000	     10805	80008486	8d2d	c.xor	x10,x11	 x10:0x00000001 x11:0xf66a0400 x10=0xf66a0401
      109055000	     10806	80008488	9499a417	auipc	x8,0x9499a	  x8=0x149a2488
      109065000	     10807	8000848c	80a1	c.srli	x9,0x8	  x9:0x80023ce6  x9=0x0080023c
      109075000	     10808	8000848e	07b4e663	bltu	x9,x27,800084fa	  x9:0x0080023c x27:0x00000001
      109085000	     10809	80008492	0000100f	fence.i	
      109145000	     10815	80008496	024baa33	mulhsu	x20,x23,x4	 x23:0x0085b56f  x4:0x0085b56f x20=0x000045d6
      109155000	     10816	8000849a	02c000ef	jal	x1,800084c6	  x1=0x8000849e
      109175000	     10818	800084c6	bfed	c.j	800084c0	
      109195000	     10820	800084c0	37d5	c.jal	800084a4	  x1=0x800084c2
      109215000	     10822	800084a4	0260036f	jal	x6,800084ca	  x6=0x800084a8
      109245000	     10825	800084ca	020000ef	jal	x1,800084ea	  x1=0x800084ce
      109265000	     10827	800084ea	3fc9	c.jal	800084bc	  x1=0x800084ec
      109285000	     10829	800084bc	020000ef	jal	x1,800084dc	  x1=0x800084c0
      109305000	     10831	800084dc	b7f9	c.j	800084aa	
      109335000	     10834	800084aa	02e0036f	jal	x6,800084d8	  x6=0x800084ae
      109355000	     10836	800084d8	2009	c.jal	800084da	  x1=0x800084da
      109375000	     10838	800084da	3fd1	c.jal	800084ae	  x1=0x800084dc
      109405000	     10841	800084ae	ff1ff2ef	jal	x5,8000849e	  x5=0x800084b2
      109425000	     10843	8000849e	2009	c.jal	800084a0	  x1=0x800084a0
      109445000	     10845	800084a0	022000ef	jal	x1,800084c2	  x1=0x800084a4
      109465000	     10847	800084c2	37dd	c.jal	800084a8	  x1=0x800084c4
      109485000	     10849	800084a8	a081	c.j	800084e8	
      109505000	     10851	800084e8	b7f9	c.j	800084b6	
      109535000	     10854	800084b6	01e000ef	jal	x1,800084d4	  x1=0x800084ba
      109555000	     10856	800084d4	fe7ffcef	jal	x25,800084ba	 x25=0x800084d8
      109575000	     10858	800084ba	2811	c.jal	800084ce	  x1=0x800084bc
      109595000	     10860	800084ce	2009	c.jal	800084d0	  x1=0x800084d0
      109615000	     10862	800084d0	3fd5	c.jal	800084c4	  x1=0x800084d2
      109635000	     10864	800084c4	2829	c.jal	800084de	  x1=0x800084c6
      109665000	     10867	800084de	febff36f	jal	x6,800084c8	  x6=0x800084e2
      109685000	     10869	800084c8	a829	c.j	800084e2	
      109715000	     10872	800084e2	fd3ff0ef	jal	x1,800084b4	  x1=0x800084e6
      109735000	     10874	800084b4	bffd	c.j	800084b2	
      109755000	     10876	800084b2	2815	c.jal	800084e6	  x1=0x800084b4
      109775000	     10878	800084e6	b7f5	c.j	800084d2	
      109795000	     10880	800084d2	2829	c.jal	800084ec	  x1=0x800084d4
      109815000	     10882	800084ec	0000100f	fence.i	
      109835000	     10884	800084f0	0001	c.addi	x0,0	  x0:0x00000000  x0=0x00000000
      109855000	     10886	800084f2	03ab6cb3	rem	x25,x22,x26	 x22:0x00000000 x26:0x00000000 x25=0x00000000
      109865000	     10887	800084f6	c4057293	andi	x5,x10,-960	 x10:0xf66a0401  x5=0xf66a0400
      109905000	     10891	800084fa	02533db3	mulhu	x27,x6,x5	  x6:0x800084e2  x5:0xf66a0400 x27=0x7b3581e8
      109915000	     10892	800084fe	0276c163	blt	x13,x7,80008520	 x13:0x0085b460  x7:0x00000000
      110285000	     10929	80008502	03055a33	divu	x20,x10,x16	 x10:0xf66a0401 x16:0x00000411 x20=0x003c98f6
      110295000	     10930	80008506	01d1adb3	slt	x27,x3,x29	  x3:0x00000752 x29:0x00000001 x27=0x00000000
      110305000	     10931	8000850a	ec91	c.bnez	x9,80008526	  x9:0x0080023c
      110325000	     10933	80008526	9c4a	c.add	x24,x18	 x24:0xf5662dfa x18:0xec8ad000 x24=0xe1f0fdfa
      110335000	     10934	80008528	0001	c.addi	x0,0	  x0:0x00000000  x0=0x00000000
      110705000	     10971	8000852a	024862b3	rem	x5,x16,x4	 x16:0x00000411  x4:0x0085b56f  x5=0x00000411
      110715000	     10972	8000852e	00b04333	xor	x6,x0,x11	  x0:0x00000000 x11:0xf66a0400  x6=0xf66a0400
      110725000	     10973	80008532	03048563	beq	x9,x16,8000855c	  x9:0x0080023c x16:0x00000411
      110735000	     10974	80008536	19f6c293	xori	x5,x13,415	 x13:0x0085b460  x5=0x0085b5ff
      110775000	     10978	8000853a	02eeb6b3	mulhu	x13,x29,x14	 x29:0x00000001 x14:0x80023ce4 x13=0x00000000
      110785000	     10979	8000853e	8b6e	c.mv	x22,x27	  x0:0x00000000 x27:0x00000000 x22=0x00000000
      110795000	     10980	80008540	8ec5	c.or	x13,x9	 x13:0x00000000  x9:0x0080023c x13=0x0080023c
      110805000	     10981	80008542	00df4213	xori	x4,x30,13	 x30:0x00000000  x4=0x0000000d
      110815000	     10982	80008546	a8152793	slti	x15,x10,-1407	 x10:0xf66a0401 x15=0x00000001
      110825000	     10983	8000854a	0001	c.addi	x0,0	  x0:0x00000000  x0=0x00000000
      110835000	     10984	8000854c	00ead4b3	srl	x9,x21,x14	 x21:0x00000000 x14:0x80023ce4  x9=0x00000000
      110845000	     10985	80008550	043b6063	bltu	x22,x3,80008590	 x22:0x00000000  x3:0x00000752
      110875000	     10988	80008590	03b151b3	divu	x3,x2,x27	  x2:0xf5e39895 x27:0x00000000  x3=0xffffffff
      110885000	     10989	80008594	004a4db3	xor	x27,x20,x4	 x20:0x003c98f6  x4:0x0000000d x27=0x003c98fb
      110895000	     10990	80008598	9436	c.add	x8,x13	  x8:0x149a2488 x13:0x0080023c  x8=0x151a26c4
      110905000	     10991	8000859a	03257b63	bgeu	x10,x18,800085d0	 x10:0xf66a0401 x18:0xec8ad000
      110925000	     10993	800085d0	0ff0000f	fence	iorw,iorw	
      110935000	     10994	800085d4	010b9593	slli	x11,x23,0x10	 x23:0x0085b56f x11=0xb56f0000
      110945000	     10995	800085d8	e905	c.bnez	x10,80008608	 x10:0xf66a0401
      110965000	     10997	80008608	9bfd	c.andi	x15,-1	 x15:0x00000001 x15=0x00000001
      110975000	     10998	8000860a	e111	c.bnez	x10,8000860e	 x10:0xf66a0401
      111005000	     11001	8000860e	01847db3	and	x27,x8,x24	  x8:0x151a26c4 x24:0xe1f0fdfa x27=0x011024c0
      111015000	     11002	80008612	4d31	c.li	x26,12	 x26=0x0000000c
      111045000	     11005	80008614	02f60db3	mul	x27,x12,x15	 x12:0x8001fe4c x15:0x00000001 x27=0x8001fe4c
      111055000	     11006	80008618	0121c0b3	xor	x1,x3,x18	  x3:0xffffffff x18:0xec8ad000  x1=0x13752fff
      111065000	     11007	8000861c	0000100f	fence.i	
      111085000	     11009	80008620	01c45093	srli	x1,x8,0x1c	  x8:0x151a26c4  x1=0x00000001
      111095000	     11010	80008624	9fa6	c.add	x31,x9	 x31:0x00000001  x9:0x00000000 x31=0x00000001
      111105000	     11011	80008626	0ff0000f	fence	iorw,iorw	
      111115000	     11012	8000862a	0214c663	blt	x9,x1,80008656	  x9:0x00000000  x1:0x00000001
      111135000	     11014	80008656	8da5	c.xor	x11,x9	 x11:0xb56f0000  x9:0x00000000 x11=0xb56f0000
      111145000	     11015	80008658	01099c63	bne	x19,x16,80008670	 x19:0xe0a67000 x16:0x00000411
      111165000	     11017	80008670	84ca	c.mv	x9,x18	  x0:0x00000000 x18:0xec8ad000  x9=0xec8ad000
      111175000	     11018	80008672	0083c5b3	xor	x11,x7,x8	  x7:0x00000000  x8:0x151a26c4 x11=0x151a26c4
      111185000	     11019	80008676	8cc9	c.or	x9,x10	  x9:0xec8ad000 x10:0xf66a0401  x9=0xfeead401
      111195000	     11020	80008678	537d	c.li	x6,-1	  x6=0xffffffff
      111205000	     11021	8000867a	6fa5	c.lui	x31,0x9	 x31=0x00009000
      111215000	     11022	8000867c	0157df13	srli	x30,x15,0x15	 x15:0x00000001 x30=0x00000000
      111225000	     11023	80008680	01d6	c.slli	x3,0x15	  x3:0xffffffff  x3=0xffe00000
      111235000	     11024	80008682	0000100f	fence.i	
      111625000	     11063	80008686	0296c3b3	div	x7,x13,x9	 x13:0x0080023c  x9:0xfeead401  x7=0x00000000
      111635000	     11064	8000868a	03c95a63	bge	x18,x28,800086be	 x18:0xec8ad000 x28:0xfffff8dc
      111645000	     11065	8000868e	009273b3	and	x7,x4,x9	  x4:0x0000000d  x9:0xfeead401  x7=0x00000001
      112015000	     11102	80008692	02d5c033	div	x0,x11,x13	 x11:0x151a26c4 x13:0x0080023c  x0=0x00000000
      112385000	     11139	80008696	027d67b3	rem	x15,x26,x7	 x26:0x0000000c  x7:0x00000001 x15=0x00000000
      112395000	     11140	8000869a	57876893	ori	x17,x14,1400	 x14:0x80023ce4 x17=0x80023dfc
      112405000	     11141	8000869e	00b0e463	bltu	x1,x11,800086a6	  x1:0x00000001 x11:0x151a26c4
      112435000	     11144	800086a6	5871f917	auipc	x18,0x5871f	 x18=0xd87276a6
      112445000	     11145	800086aa	003320b3	slt	x1,x6,x3	  x6:0xffffffff  x3:0xffe00000  x1=0x00000000
      112455000	     11146	800086ae	015f25b3	slt	x11,x30,x21	 x30:0x00000000 x21:0x00000000 x11=0x00000000
      112465000	     11147	800086b2	c971fc13	andi	x24,x3,-873	  x3:0xffe00000 x24=0xffe00000
      112475000	     11148	800086b6	0000100f	fence.i	
      112505000	     11151	800086ba	7f52e093	ori	x1,x5,2037	  x5:0x0085b5ff  x1=0x0085b7ff
      112875000	     11188	800086be	0371d7b3	divu	x15,x3,x23	  x3:0xffe00000 x23:0x0085b56f x15=0x000001e9
      112885000	     11189	800086c2	00869a33	sll	x20,x13,x8	 x13:0x0080023c  x8:0x151a26c4 x20=0x080023c0
      112895000	     11190	800086c6	11690b93	addi	x23,x18,278	 x18:0xd87276a6 x23=0xd87277bc
      113265000	     11227	800086ca	0267ce33	div	x28,x15,x6	 x15:0x000001e9  x6:0xffffffff x28=0xfffffe17
      113275000	     11228	800086ce	00ce15b3	sll	x11,x28,x12	 x28:0xfffffe17 x12:0x8001fe4c x11=0xffe17000
      113285000	     11229	800086d2	940a	c.add	x8,x2	  x8:0x151a26c4  x2:0xf5e39895  x8=0x0afdbf59
      113295000	     11230	800086d4	8cf5	c.and	x9,x13	  x9:0xfeead401 x13:0x0080023c  x9=0x00800000
      113305000	     11231	800086d6	026de163	bltu	x27,x6,800086f8	 x27:0x8001fe4c  x6:0xffffffff
      113325000	     11233	800086f8	8c0d	c.sub	x8,x11	  x8:0x0afdbf59 x11:0xffe17000  x8=0x0b1c4f59
      113335000	     11234	800086fa	8d35	c.xor	x10,x13	 x10:0xf66a0401 x13:0x0080023c x10=0xf6ea063d
      113345000	     11235	800086fc	0001	c.addi	x0,0	  x0:0x00000000  x0=0x00000000
      113355000	     11236	800086fe	03f44763	blt	x8,x31,8000872c	  x8:0x0b1c4f59 x31:0x00009000
      113385000	     11239	80008702	033c8db3	mul	x27,x25,x19	 x25:0x00000000 x19:0xe0a67000 x27=0x00000000
      113395000	     11240	80008706	987d	c.andi	x8,-1	  x8:0x0b1c4f59  x8=0x0b1c4f59
      113405000	     11241	80008708	cc6eed93	ori	x27,x29,-826	 x29:0x00000001 x27=0xfffffcc7
      113415000	     11242	8000870c	5d7d	c.li	x26,-1	 x26=0xffffffff
      113425000	     11243	8000870e	8dc1	c.or	x11,x8	 x11:0xffe17000  x8:0x0b1c4f59 x11=0xfffd7f59
      113435000	     11244	80008710	0ff0000f	fence	iorw,iorw	
      113805000	     11281	80008714	02e2f7b3	remu	x15,x5,x14	  x5:0x0085b5ff x14:0x80023ce4 x15=0x0085b5ff
      114175000	     11318	80008718	03daf5b3	remu	x11,x21,x29	 x21:0x00000000 x29:0x00000001 x11=0x00000000
      114185000	     11319	8000871c	01271013	slli	x0,x14,0x12	 x14:0x80023ce4  x0=0x00000000
      114215000	     11322	80008720	030a02b3	mul	x5,x20,x16	 x20:0x080023c0 x16:0x00000411  x5=0x88915fc0
      114225000	     11323	80008724	822a0a13	addi	x20,x20,-2014	 x20:0x080023c0 x20=0x08001be2
      114235000	     11324	80008728	0ff0000f	fence	iorw,iorw	
      114245000	     11325	8000872c	81f1	c.srli	x11,0x1c	 x11:0x00000000 x11=0x00000000
      114255000	     11326	8000872e	41cf09b3	sub	x19,x30,x28	 x30:0x00000000 x28:0xfffffe17 x19=0x000001e9
      114265000	     11327	80008732	c2a9	c.beqz	x13,80008774	 x13:0x0080023c
      114275000	     11328	80008734	8c99	c.sub	x9,x14	  x9:0x00800000 x14:0x80023ce4  x9=0x807dc31c
      114285000	     11329	80008736	00737833	and	x16,x6,x7	  x6:0xffffffff  x7:0x00000001 x16=0x00000001
      114295000	     11330	8000873a	0030cfb3	xor	x31,x1,x3	  x1:0x0085b7ff  x3:0xffe00000 x31=0xff65b7ff
      114325000	     11333	8000873e	021289b3	mul	x19,x5,x1	  x5:0x88915fc0  x1:0x0085b7ff x19=0xb300a040
      114335000	     11334	80008742	9b5a	c.add	x22,x22	 x22:0x00000000 x22:0x00000000 x22=0x00000000
      114345000	     11335	80008744	e111	c.bnez	x10,80008748	 x10:0xf6ea063d
      114365000	     11337	80008748	da8ae817	auipc	x16,0xda8ae	 x16=0x5a8b6748
      114375000	     11338	8000874c	019301b3	add	x3,x6,x25	  x6:0xffffffff x25:0x00000000  x3=0xffffffff
      114385000	     11339	80008750	025f7063	bgeu	x30,x5,80008770	 x30:0x00000000  x5:0x88915fc0
      114395000	     11340	80008754	a31da313	slti	x6,x27,-1487	 x27:0xfffffcc7  x6=0x00000000
      114405000	     11341	80008758	a44d0a13	addi	x20,x26,-1468	 x26:0xffffffff x20=0xfffffa43
      114775000	     11378	8000875c	0317ff33	remu	x30,x15,x17	 x15:0x0085b5ff x17:0x80023dfc x30=0x0085b5ff
      114785000	     11379	80008760	0b1da213	slti	x4,x27,177	 x27:0xfffffcc7  x4=0x00000001
      115155000	     11416	80008764	034a50b3	divu	x1,x20,x20	 x20:0xfffffa43 x20:0xfffffa43  x1=0x00000001
      115195000	     11420	80008768	03d5be33	mulhu	x28,x11,x29	 x11:0x00000000 x29:0x00000001 x28=0x00000000
      115205000	     11421	8000876c	6de67513	andi	x10,x12,1758	 x12:0x8001fe4c x10=0x0000064c
      115215000	     11422	80008770	8595	c.srai	x11,0x5	 x11:0x00000000 x11=0x00000000
      115225000	     11423	80008772	cc11	c.beqz	x8,8000878e	  x8:0x0b1c4f59
      115235000	     11424	80008774	019e1d93	slli	x27,x28,0x19	 x28:0x00000000 x27=0x00000000
      115245000	     11425	80008778	67c9	c.lui	x15,0x12	 x15=0x00012000
      115255000	     11426	8000877a	8b99	c.andi	x15,6	 x15:0x00012000 x15=0x00000000
      115265000	     11427	8000877c	0001	c.addi	x0,0	  x0:0x00000000  x0=0x00000000
      115275000	     11428	8000877e	e8d68093	addi	x1,x13,-371	 x13:0x0080023c  x1=0x008000c9
      115285000	     11429	80008782	01c94e33	xor	x28,x18,x28	 x18:0xd87276a6 x28:0x00000000 x28=0xd87276a6
      115295000	     11430	80008786	0000100f	fence.i	
      115325000	     11433	8000878a	007bc763	blt	x23,x7,80008798	 x23:0xd87277bc  x7:0x00000001
      115355000	     11436	80008798	026d7333	remu	x6,x26,x6	 x26:0xffffffff  x6:0x00000000  x6=0xffffffff
      115365000	     11437	8000879c	70337693	andi	x13,x6,1795	  x6:0xffffffff x13=0x00000703
      115375000	     11438	800087a0	c904c193	xori	x3,x9,-880	  x9:0x807dc31c  x3=0x7f823f8c
      115395000	     11440	800087a4	02f47eb3	remu	x29,x8,x15	  x8:0x0b1c4f59 x15:0x00000000 x29=0x0b1c4f59
      115405000	     11441	800087a8	03054463	blt	x10,x16,800087d0	 x10:0x0000064c x16:0x5a8b6748
      115425000	     11443	800087d0	98d2	c.add	x17,x20	 x17:0x80023dfc x20:0xfffffa43 x17=0x8002383f
      115435000	     11444	800087d2	006e4b63	blt	x28,x6,800087e8	 x28:0xd87276a6  x6:0xffffffff
      115815000	     11482	800087e8	031efa33	remu	x20,x29,x17	 x29:0x0b1c4f59 x17:0x8002383f x20=0x0b1c4f59
      115855000	     11486	800087ec	02c69c33	mulh	x24,x13,x12	 x13:0x00000703 x12:0x8001fe4c x24=0xfffffc7e
      115865000	     11487	800087f0	6b85	c.lui	x23,0x1	 x23=0x00001000
      115875000	     11488	800087f2	02f7fc13	andi	x24,x15,47	 x15:0x00000000 x24=0x00000000
      115885000	     11489	800087f6	8d09	c.sub	x10,x10	 x10:0x0000064c x10:0x0000064c x10=0x00000000
      115895000	     11490	800087f8	06580863	beq	x16,x5,80008868	 x16:0x5a8b6748  x5:0x88915fc0
      116265000	     11527	800087fc	023cd333	divu	x6,x25,x3	 x25:0x00000000  x3:0x7f823f8c  x6=0x00000000
      116275000	     11528	80008800	01326d33	or	x26,x4,x19	  x4:0x00000001 x19:0xb300a040 x26=0xb300a041
      116285000	     11529	80008804	015a5c93	srli	x25,x20,0x15	 x20:0x0b1c4f59 x25=0x00000058
      116295000	     11530	80008808	034000ef	jal	x1,8000883c	  x1=0x8000880c
      116315000	     11532	8000883c	a019	c.j	80008842	
      116335000	     11534	80008842	3fd1	c.jal	80008816	  x1=0x80008844
      116365000	     11537	80008816	01c002ef	jal	x5,80008832	  x5=0x8000881a
      116385000	     11539	80008832	bff5	c.j	8000882e	
      116415000	     11542	8000882e	01a000ef	jal	x1,80008848	  x1=0x80008832
      116435000	     11544	80008848	37f1	c.jal	80008814	  x1=0x8000884a
      116455000	     11546	80008814	2015	c.jal	80008838	  x1=0x80008816
      116475000	     11548	80008838	fedff2ef	jal	x5,80008824	  x5=0x8000883c
      116495000	     11550	80008824	b7fd	c.j	80008812	
      116515000	     11552	80008812	2031	c.jal	8000881e	  x1=0x80008814
      116535000	     11554	8000881e	201d	c.jal	80008844	  x1=0x80008820
      116555000	     11556	80008844	a019	c.j	8000884a	
      116575000	     11558	8000884a	37c9	c.jal	8000880c	  x1=0x8000884c
      116595000	     11560	8000880c	0320036f	jal	x6,8000883e	  x6=0x80008810
      116625000	     11563	8000883e	fddff26f	jal	x4,8000881a	  x4=0x80008842
      116655000	     11566	8000881a	0100036f	jal	x6,8000882a	  x6=0x8000881e
      116685000	     11569	8000882a	ff7ff36f	jal	x6,80008820	  x6=0x8000882e
      116705000	     11571	80008820	0140036f	jal	x6,80008834	  x6=0x80008824
      116725000	     11573	80008834	ff3ff36f	jal	x6,80008826	  x6=0x80008838
      116755000	     11576	80008826	febff0ef	jal	x1,80008810	  x1=0x8000882a
      116775000	     11578	80008810	a81d	c.j	80008846	
      116795000	     11580	80008846	2019	c.jal	8000884c	  x1=0x80008848
      116815000	     11582	8000884c	a009	c.j	8000884e	
      116845000	     11585	8000884e	40555c13	srai	x24,x10,0x5	 x10:0x00000000 x24=0x00000000
      116855000	     11586	80008852	00fc5393	srli	x7,x24,0xf	 x24:0x00000000  x7=0x00000000
      116895000	     11590	80008856	020d9833	mulh	x16,x27,x0	 x27:0x00000000  x0:0x00000000 x16=0x00000000
      116905000	     11591	8000885a	0001	c.addi	x0,0	  x0:0x00000000  x0=0x00000000
      116915000	     11592	8000885c	80fa	c.mv	x1,x30	  x0:0x00000000 x30:0x0085b5ff  x1=0x0085b5ff
      116925000	     11593	8000885e	e805	c.bnez	x8,8000888e	  x8:0x0b1c4f59
      116955000	     11596	8000888e	026d6363	bltu	x26,x6,800088b4	 x26:0xb300a041  x6:0x80008838
      116965000	     11597	80008892	416bd9b3	sra	x19,x23,x22	 x23:0x00001000 x22:0x00000000 x19=0x00001000
      117335000	     11634	80008896	03917d33	remu	x26,x2,x25	  x2:0xf5e39895 x25:0x00000058 x26=0x0000002d
      117345000	     11635	8000889a	98f46593	ori	x11,x8,-1649	  x8:0x0b1c4f59 x11=0xffffffdf
      117355000	     11636	8000889e	00522a33	slt	x20,x4,x5	  x4:0x80008842  x5:0x8000883c x20=0x00000000
      117365000	     11637	800088a2	6e31	c.lui	x28,0xc	 x28=0x0000c000
      117375000	     11638	800088a4	74e5c293	xori	x5,x11,1870	 x11:0xffffffdf  x5=0xfffff891
      117385000	     11639	800088a8	0048c833	xor	x16,x17,x4	 x17:0x8002383f  x4:0x80008842 x16=0x0002b07d
      117395000	     11640	800088ac	02ea9163	bne	x21,x14,800088ce	 x21:0x00000000 x14:0x80023ce4
      117425000	     11643	800088ce	400f5b93	srai	x23,x30,0x0	 x30:0x0085b5ff x23=0x0085b5ff
      117435000	     11644	800088d2	6509	c.lui	x10,0x2	 x10=0x00002000
      117445000	     11645	800088d4	01799b13	slli	x22,x19,0x17	 x19:0x00001000 x22=0x00000000
      117455000	     11646	800088d8	dae1f593	andi	x11,x3,-594	  x3:0x7f823f8c x11=0x7f823d8c
      117465000	     11647	800088dc	00233033	sltu	x0,x6,x2	  x6:0x80008838  x2:0xf5e39895  x0=0x00000000
      117475000	     11648	800088e0	0000100f	fence.i	
      117495000	     11650	800088e4	8d31	c.xor	x10,x12	 x10:0x00002000 x12:0x8001fe4c x10=0x8001de4c
      117505000	     11651	800088e6	0044e8b3	or	x17,x9,x4	  x9:0x807dc31c  x4:0x80008842 x17=0x807dcb5e
      117515000	     11652	800088ea	013b1493	slli	x9,x22,0x13	 x22:0x00000000  x9=0x00000000
      117525000	     11653	800088ee	e990c593	xori	x11,x1,-359	  x1:0x0085b5ff x11=0xff7a4b66
      117565000	     11657	800088f2	03ba38b3	mulhu	x17,x20,x27	 x20:0x00000000 x27:0x00000000 x17=0x00000000
      117575000	     11658	800088f6	0d2d	c.addi	x26,11	 x26:0x0000002d x26=0x00000038
      117585000	     11659	800088f8	e1e4b693	sltiu	x13,x9,-482	  x9:0x00000000 x13=0x00000001
      117955000	     11696	800088fc	03996c33	rem	x24,x18,x25	 x18:0xd87276a6 x25:0x00000058 x24=0xffffffee
      118325000	     11733	80008900	0224ee33	rem	x28,x9,x2	  x9:0x00000000  x2:0xf5e39895 x28=0x00000000
      118335000	     11734	80008904	0031edb3	or	x27,x3,x3	  x3:0x7f823f8c  x3:0x7f823f8c x27=0x7f823f8c
      118345000	     11735	80008908	0ff0000f	fence	iorw,iorw	
      118355000	     11736	8000890c	010ebd33	sltu	x26,x29,x16	 x29:0x0b1c4f59 x16:0x0002b07d x26=0x00000000
      118395000	     11740	80008910	03aabeb3	mulhu	x29,x21,x26	 x21:0x00000000 x26:0x00000000 x29=0x00000000
      118765000	     11777	80008914	02e8f8b3	remu	x17,x17,x14	 x17:0x00000000 x14:0x80023ce4 x17=0x00000000
      118775000	     11778	80008918	8d55	c.or	x10,x13	 x10:0x8001de4c x13:0x00000001 x10=0x8001de4d
      118785000	     11779	8000891a	004ad913	srli	x18,x21,0x4	 x21:0x00000000 x18=0x00000000
      118795000	     11780	8000891e	42692393	slti	x7,x18,1062	 x18:0x00000000  x7=0x00000001
      118805000	     11781	80008922	00d0dc33	srl	x24,x1,x13	  x1:0x0085b5ff x13:0x00000001 x24=0x0042daff
      118815000	     11782	80008926	e595	c.bnez	x11,80008952	 x11:0xff7a4b66
      118845000	     11785	80008952	01e97863	bgeu	x18,x30,80008962	 x18:0x00000000 x30:0x0085b5ff
      118855000	     11786	80008956	01764ab3	xor	x21,x12,x23	 x12:0x8001fe4c x23:0x0085b5ff x21=0x80844bb3
      118865000	     11787	8000895a	0184aeb3	slt	x29,x9,x24	  x9:0x00000000 x24:0x0042daff x29=0x00000001
      118875000	     11788	8000895e	643af413	andi	x8,x21,1603	 x21:0x80844bb3  x8=0x00000203
      118885000	     11789	80008962	0421	c.addi	x8,8	  x8:0x00000203  x8=0x0000020b
      118895000	     11790	80008964	8fd5	c.or	x15,x13	 x15:0x00000000 x13:0x00000001 x15=0x00000001
      118905000	     11791	80008966	03f79463	bne	x15,x31,8000898e	 x15:0x00000001 x31:0xff65b7ff
      118925000	     11793	8000898e	893e	c.mv	x18,x15	  x0:0x00000000 x15:0x00000001 x18=0x00000001
      118935000	     11794	80008990	0ff0000f	fence	iorw,iorw	
      118945000	     11795	80008994	01ec5d63	bge	x24,x30,800089ae	 x24:0x0042daff x30:0x0085b5ff
      118955000	     11796	80008998	8cf9	c.and	x9,x14	  x9:0x00000000 x14:0x80023ce4  x9=0x00000000
      118965000	     11797	8000899a	014a5c63	bge	x20,x20,800089b2	 x20:0x00000000 x20:0x00000000
      118985000	     11799	800089b2	45d5	c.li	x11,21	 x11=0x00000015
      119005000	     11801	800089b4	0340d1b3	divu	x3,x1,x20	  x1:0x0085b5ff x20:0x00000000  x3=0xffffffff
      119015000	     11802	800089b8	419bd933	sra	x18,x23,x25	 x23:0x0085b5ff x25:0x00000058 x18=0x00000000
      119025000	     11803	800089bc	8b89	c.andi	x15,2	 x15:0x00000001 x15=0x00000000
      119395000	     11840	800089be	02acc933	div	x18,x25,x10	 x25:0x00000058 x10:0x8001de4d x18=0x00000000
      119405000	     11841	800089c2	93b2	c.add	x7,x12	  x7:0x00000001 x12:0x8001fe4c  x7=0x8001fe4d
      119415000	     11842	800089c4	00c4e0b3	or	x1,x9,x12	  x9:0x00000000 x12:0x8001fe4c  x1=0x8001fe4c
      119425000	     11843	800089c8	0000100f	fence.i	
      119445000	     11845	800089cc	b2a2a993	slti	x19,x5,-1238	  x5:0xfffff891 x19=0x00000001
      119455000	     11846	800089d0	009bcd63	blt	x23,x9,800089ea	 x23:0x0085b5ff  x9:0x00000000
      119465000	     11847	800089d4	825a3513	sltiu	x10,x20,-2011	 x20:0x00000000 x10=0x00000001
      119475000	     11848	800089d8	858d	c.srai	x11,0x3	 x11:0x00000015 x11=0x00000002
      119515000	     11852	800089da	03c79933	mulh	x18,x15,x28	 x15:0x00000000 x28:0x00000000 x18=0x00000000
      119525000	     11853	800089de	01901463	bne	x0,x25,800089e6	  x0:0x00000000 x25:0x00000058
      119585000	     11859	800089e6	03e816b3	mulh	x13,x16,x30	 x16:0x0002b07d x30:0x0085b5ff x13=0x00000167
      119595000	     11860	800089ea	01aa6a33	or	x20,x20,x26	 x20:0x00000000 x26:0x00000000 x20=0x00000000
      119605000	     11861	800089ee	e64d3c13	sltiu	x24,x26,-412	 x26:0x00000000 x24=0x00000001
      119615000	     11862	800089f2	c505	c.beqz	x10,80008a1a	 x10:0x00000001
      119625000	     11863	800089f4	25c66193	ori	x3,x12,604	 x12:0x8001fe4c  x3=0x8001fe5c
      119635000	     11864	800089f8	ad70bdb7	lui	x27,0xad70b	 x27=0xad70b000
      119645000	     11865	800089fc	65a9	c.lui	x11,0xa	 x11=0x0000a000
      120015000	     11902	800089fe	035a5033	divu	x0,x20,x21	 x20:0x00000000 x21:0x80844bb3  x0=0x00000000
      120055000	     11906	80008a02	031f98b3	mulh	x17,x31,x17	 x31:0xff65b7ff x17:0x00000000 x17=0x00000000
      120065000	     11907	80008a06	013bd413	srli	x8,x23,0x13	 x23:0x0085b5ff  x8=0x00000010
      120075000	     11908	80008a0a	8c39	c.xor	x8,x14	  x8:0x00000010 x14:0x80023ce4  x8=0x80023cf4
      120085000	     11909	80008a0c	137d	c.addi	x6,-1	  x6:0x80008838  x6=0x80008837
      120095000	     11910	80008a0e	2a7f2a93	slti	x21,x30,679	 x30:0x0085b5ff x21=0x00000000
      120465000	     11947	80008a12	0236f833	remu	x16,x13,x3	 x13:0x00000167  x3:0x8001fe5c x16=0x00000167
      120475000	     11948	80008a16	537d	c.li	x6,-1	  x6=0xffffffff
      120485000	     11949	80008a18	ca8d	c.beqz	x13,80008a4a	 x13:0x00000167
      120855000	     11986	80008a1a	0387ddb3	divu	x27,x15,x24	 x15:0x00000000 x24:0x00000001 x27=0x00000000
      121225000	     12023	80008a1e	0281ceb3	div	x29,x3,x8	  x3:0x8001fe5c  x8:0x80023cf4 x29=0x00000001
      121595000	     12060	80008a22	02bdf033	remu	x0,x27,x11	 x27:0x00000000 x11:0x0000a000  x0=0x00000000
      121605000	     12061	80008a26	40dede33	sra	x28,x29,x13	 x29:0x00000001 x13:0x00000167 x28=0x00000000
      121615000	     12062	80008a2a	0095e433	or	x8,x11,x9	 x11:0x0000a000  x9:0x00000000  x8=0x0000a000
      121985000	     12099	80008a2e	03877033	remu	x0,x14,x24	 x14:0x80023ce4 x24:0x00000001  x0=0x00000000
      121995000	     12100	80008a32	009f41b3	xor	x3,x30,x9	 x30:0x0085b5ff  x9:0x00000000  x3=0x0085b5ff
      122005000	     12101	80008a36	0ff0000f	fence	iorw,iorw	
      122015000	     12102	80008a3a	0000100f	fence.i	
      122045000	     12105	80008a3e	6c926513	ori	x10,x4,1737	  x4:0x80008842 x10=0x80008ecb
      122055000	     12106	80008a42	8151	c.srli	x10,0x14	 x10:0x80008ecb x10=0x00000800
      122065000	     12107	80008a44	69448413	addi	x8,x9,1684	  x9:0x00000000  x8=0x00000694
      122075000	     12108	80008a48	8506	c.mv	x10,x1	  x0:0x00000000  x1:0x8001fe4c x10=0x8001fe4c
      122085000	     12109	80008a4a	408e8e33	sub	x28,x29,x8	 x29:0x00000001  x8:0x00000694 x28=0xfffff96d
      122095000	     12110	80008a4e	012b9813	slli	x16,x23,0x12	 x23:0x0085b5ff x16=0xd7fc0000
      122105000	     12111	80008a52	00cd05b3	add	x11,x26,x12	 x26:0x00000000 x12:0x8001fe4c x11=0x8001fe4c
      122115000	     12112	80008a56	bf5ab413	sltiu	x8,x21,-1035	 x21:0x00000000  x8=0x00000001
      122125000	     12113	80008a5a	010fc363	blt	x31,x16,80008a60	 x31:0xff65b7ff x16:0xd7fc0000
      122135000	     12114	80008a5e	8912	c.mv	x18,x4	  x0:0x00000000  x4:0x80008842 x18=0x80008842
      122145000	     12115	80008a60	01a1d813	srli	x16,x3,0x1a	  x3:0x0085b5ff x16=0x00000000
      122155000	     12116	80008a64	013906b3	add	x13,x18,x19	 x18:0x80008842 x19:0x00000001 x13=0x80008843
      122165000	     12117	80008a68	41398d33	sub	x26,x19,x19	 x19:0x00000001 x19:0x00000001 x26=0x00000000
      122175000	     12118	80008a6c	4379	c.li	x6,30	  x6=0x0000001e
      122185000	     12119	80008a6e	0388e563	bltu	x17,x24,80008a98	 x17:0x00000000 x24:0x00000001
      122205000	     12121	80008a98	0001	c.addi	x0,0	  x0:0x00000000  x0=0x00000000
      122215000	     12122	80008a9a	0079f763	bgeu	x19,x7,80008aa8	 x19:0x00000001  x7:0x8001fe4d
      122225000	     12123	80008a9e	00b932b3	sltu	x5,x18,x11	 x18:0x80008842 x11:0x8001fe4c  x5=0x00000001
      122265000	     12127	80008aa2	028a9933	mulh	x18,x21,x8	 x21:0x00000000  x8:0x00000001 x18=0x00000000
      122275000	     12128	80008aa6	8e9d	c.sub	x13,x15	 x13:0x80008843 x15:0x00000000 x13=0x80008843
      122285000	     12129	80008aa8	8fc5	c.or	x15,x9	 x15:0x00000000  x9:0x00000000 x15=0x00000000
      122315000	     12132	80008aaa	028b0c33	mul	x24,x22,x8	 x22:0x00000000  x8:0x00000001 x24=0x00000000
      122325000	     12133	80008aae	ffbb3db7	lui	x27,0xffbb3	 x27=0xffbb3000
      122335000	     12134	80008ab2	8d09	c.sub	x10,x10	 x10:0x8001fe4c x10:0x8001fe4c x10=0x00000000
      122345000	     12135	80008ab4	411e5e13	srai	x28,x28,0x11	 x28:0xfffff96d x28=0xffffffff
      122355000	     12136	80008ab8	812d	c.srli	x10,0xb	 x10:0x00000000 x10=0x00000000
      122365000	     12137	80008aba	8c99	c.sub	x9,x14	  x9:0x00000000 x14:0x80023ce4  x9=0x7ffdc31c
      122735000	     12174	80008abc	0218fbb3	remu	x23,x17,x1	 x17:0x00000000  x1:0x8001fe4c x23=0x00000000
      122745000	     12175	80008ac0	d44dfe13	andi	x28,x27,-700	 x27:0xffbb3000 x28=0xffbb3000
      122755000	     12176	80008ac4	8af9	c.andi	x13,30	 x13:0x80008843 x13=0x00000002
      122765000	     12177	80008ac6	8edd	c.or	x13,x15	 x13:0x00000002 x15:0x00000000 x13=0x00000002
      122775000	     12178	80008ac8	005cd463	bge	x25,x5,80008ad0	 x25:0x00000058  x5:0x00000001
      122795000	     12180	80008ad0	408987b3	sub	x15,x19,x8	 x19:0x00000001  x8:0x00000001 x15=0x00000000
      122805000	     12181	80008ad4	779770b7	lui	x1,0x77977	  x1=0x77977000
      123175000	     12218	80008ad8	026ac4b3	div	x9,x21,x6	 x21:0x00000000  x6:0x0000001e  x9=0x00000000
      123185000	     12219	80008adc	41b30c33	sub	x24,x6,x27	  x6:0x0000001e x27:0xffbb3000 x24=0x0044d01e
      123195000	     12220	80008ae0	01aa4db3	xor	x27,x20,x26	 x20:0x00000000 x26:0x00000000 x27=0x00000000
      123215000	     12222	80008ae4	020b5a33	divu	x20,x22,x0	 x22:0x00000000  x0:0x00000000 x20=0xffffffff
      123225000	     12223	80008ae8	0000100f	fence.i	
      123245000	     12225	80008aec	0176eab3	or	x21,x13,x23	 x13:0x00000002 x23:0x00000000 x21=0x00000002
      123255000	     12226	80008af0	0001	c.addi	x0,0	  x0:0x00000000  x0=0x00000000
      123265000	     12227	80008af2	01b4b233	sltu	x4,x9,x27	  x9:0x00000000 x27:0x00000000  x4=0x00000000
      123275000	     12228	80008af6	99fd	c.andi	x11,-1	 x11:0x8001fe4c x11=0x8001fe4c
      123285000	     12229	80008af8	0001	c.addi	x0,0	  x0:0x00000000  x0=0x00000000
      123295000	     12230	80008afa	01d8bd33	sltu	x26,x17,x29	 x17:0x00000000 x29:0x00000001 x26=0x00000001
      123305000	     12231	80008afe	0153aeb3	slt	x29,x7,x21	  x7:0x8001fe4d x21:0x00000002 x29=0x00000001
      123315000	     12232	80008b02	f204c097	auipc	x1,0xf204c	  x1=0x72054b02
      123325000	     12233	80008b06	bbdf8993	addi	x19,x31,-1091	 x31:0xff65b7ff x19=0xff65b3bc
      123335000	     12234	80008b0a	41e20933	sub	x18,x4,x30	  x4:0x00000000 x30:0x0085b5ff x18=0xff7a4a01
      123375000	     12238	80008b0e	030e3033	mulhu	x0,x28,x16	 x28:0xffbb3000 x16:0x00000000  x0=0x00000000
      123385000	     12239	80008b12	82fd	c.srli	x13,0x1f	 x13:0x00000002 x13=0x00000000
      123395000	     12240	80008b14	8cc1	c.or	x9,x8	  x9:0x00000000  x8:0x00000001  x9=0x00000001
      123435000	     12244	80008b16	02783ab3	mulhu	x21,x16,x7	 x16:0x00000000  x7:0x8001fe4d x21=0x00000000
      123445000	     12245	80008b1a	00df65b3	or	x11,x30,x13	 x30:0x0085b5ff x13:0x00000000 x11=0x0085b5ff
      123455000	     12246	80008b1e	01ff1333	sll	x6,x30,x31	 x30:0x0085b5ff x31:0xff65b7ff  x6=0x80000000
      123465000	     12247	80008b22	6065a193	slti	x3,x11,1542	 x11:0x0085b5ff  x3=0x00000000
      123475000	     12248	80008b26	405c0d33	sub	x26,x24,x5	 x24:0x0044d01e  x5:0x00000001 x26=0x0044d01d
      123485000	     12249	80008b2a	0000100f	fence.i	
      123505000	     12251	80008b2e	8dc5	c.or	x11,x9	 x11:0x0085b5ff  x9:0x00000001 x11=0x0085b5ff
      123515000	     12252	80008b30	de3ff797	auipc	x15,0xde3ff	 x15=0x5e407b30
      123525000	     12253	80008b34	818e	c.mv	x3,x3	  x0:0x00000000  x3:0x00000000  x3=0x00000000
      123535000	     12254	80008b36	0242cc93	xori	x25,x5,36	  x5:0x00000001 x25=0x00000025
      123545000	     12255	80008b3a	6c79	c.lui	x24,0x1e	 x24=0x0001e000
      123555000	     12256	80008b3c	00bc2433	slt	x8,x24,x11	 x24:0x0001e000 x11:0x0085b5ff  x8=0x00000001
      123565000	     12257	80008b40	00c29533	sll	x10,x5,x12	  x5:0x00000001 x12:0x8001fe4c x10=0x00001000
      123575000	     12258	80008b44	05550063	beq	x10,x21,80008b84	 x10:0x00001000 x21:0x00000000
      123585000	     12259	80008b48	e125	c.bnez	x10,80008ba8	 x10:0x00001000
      123615000	     12262	80008ba8	02ddcab3	div	x21,x27,x13	 x27:0x00000000 x13:0x00000000 x21=0xffffffff
      123625000	     12263	80008bac	0042c0b3	xor	x1,x5,x4	  x5:0x00000001  x4:0x00000000  x1=0x00000001
      123635000	     12264	80008bb0	00a51893	slli	x17,x10,0xa	 x10:0x00001000 x17=0x00400000
      123645000	     12265	80008bb4	9862	c.add	x16,x24	 x16:0x00000000 x24:0x0001e000 x16=0x0001e000
      123655000	     12266	80008bb6	6325	c.lui	x6,0x9	  x6=0x00009000
      123665000	     12267	80008bb8	83a9	c.srli	x15,0xa	 x15:0x5e407b30 x15=0x0017901e
      123705000	     12271	80008bba	02dcad33	mulhsu	x26,x25,x13	 x25:0x00000025 x13:0x00000000 x26=0x00000000
      123715000	     12272	80008bbe	a8f2b913	sltiu	x18,x5,-1393	  x5:0x00000001 x18=0x00000001
      123725000	     12273	80008bc2	008a9793	slli	x15,x21,0x8	 x21:0xffffffff x15=0xffffff00
      123735000	     12274	80008bc6	0995	c.addi	x19,5	 x19:0xff65b3bc x19=0xff65b3c1
      123745000	     12275	80008bc8	00e61263	bne	x12,x14,80008bcc	 x12:0x8001fe4c x14:0x80023ce4
      123765000	     12277	80008bcc	4747a993	slti	x19,x15,1140	 x15:0xffffff00 x19=0x00000001
      123775000	     12278	80008bd0	4fe1	c.li	x31,24	 x31=0x00000018
      123785000	     12279	80008bd2	8cd5	c.or	x9,x13	  x9:0x00000001 x13:0x00000000  x9=0x00000001
      123795000	     12280	80008bd4	02cc9363	bne	x25,x12,80008bfa	 x25:0x00000025 x12:0x8001fe4c
      123815000	     12282	80008bfa	8da9	c.xor	x11,x10	 x11:0x0085b5ff x10:0x00001000 x11=0x0085a5ff
      123825000	     12283	80008bfc	0ff0000f	fence	iorw,iorw	
      123835000	     12284	80008c00	028bc363	blt	x23,x8,80008c26	 x23:0x00000000  x8:0x00000001
      123865000	     12287	80008c26	007dd6b3	srl	x13,x27,x7	 x27:0x00000000  x7:0x8001fe4d x13=0x00000000
      123875000	     12288	80008c2a	40918233	sub	x4,x3,x9	  x3:0x00000000  x9:0x00000001  x4=0xffffffff
      123885000	     12289	80008c2e	015cd333	srl	x6,x25,x21	 x25:0x00000025 x21:0xffffffff  x6=0x00000000
      123895000	     12290	80008c32	8981fa93	andi	x21,x3,-1896	  x3:0x00000000 x21=0x00000000
      123915000	     12292	80008c36	03ba69b3	rem	x19,x20,x27	 x20:0xffffffff x27:0x00000000 x19=0xffffffff
      123925000	     12293	80008c3a	8c45	c.or	x8,x9	  x8:0x00000001  x9:0x00000001  x8=0x00000001
      123935000	     12294	80008c3c	019f9d63	bne	x31,x25,80008c56	 x31:0x00000018 x25:0x00000025
      123965000	     12297	80008c56	008e4d63	blt	x28,x8,80008c70	 x28:0xffbb3000  x8:0x00000001
      123985000	     12299	80008c70	01b4fb33	and	x22,x9,x27	  x9:0x00000001 x27:0x00000000 x22=0x00000000
      123995000	     12300	80008c74	005b1c93	slli	x25,x22,0x5	 x22:0x00000000 x25=0x00000000
      124005000	     12301	80008c78	0cca8013	addi	x0,x21,204	 x21:0x00000000  x0=0x00000000
      124015000	     12302	80008c7c	faaefc13	andi	x24,x29,-86	 x29:0x00000001 x24=0x00000000
      124025000	     12303	80008c80	007cce63	blt	x25,x7,80008c9c	 x25:0x00000000  x7:0x8001fe4d
      124035000	     12304	80008c84	8c31	c.xor	x8,x12	  x8:0x00000001 x12:0x8001fe4c  x8=0x8001fe4d
      124075000	     12308	80008c86	02d83533	mulhu	x10,x16,x13	 x16:0x0001e000 x13:0x00000000 x10=0x00000000
      124085000	     12309	80008c8a	00380a63	beq	x16,x3,80008c9e	 x16:0x0001e000  x3:0x00000000
      124095000	     12310	80008c8e	9bfd	c.andi	x15,-1	 x15:0xffffff00 x15=0xffffff00
      124105000	     12311	80008c90	01286a63	bltu	x16,x18,80008ca4	 x16:0x0001e000 x18:0x00000001
      124115000	     12312	80008c94	8eb9	c.xor	x13,x14	 x13:0x00000000 x14:0x80023ce4 x13=0x80023ce4
      124485000	     12349	80008c96	03e2ddb3	divu	x27,x5,x30	  x5:0x00000001 x30:0x0085b5ff x27=0x00000000
      124495000	     12350	80008c9a	8fb9	c.xor	x15,x14	 x15:0xffffff00 x14:0x80023ce4 x15=0x7ffdc3e4
      124505000	     12351	80008c9c	6e11	c.lui	x28,0x4	 x28=0x00004000
      124515000	     12352	80008c9e	8e89	c.sub	x13,x10	 x13:0x80023ce4 x10:0x00000000 x13=0x80023ce4
      124885000	     12389	80008ca0	025e69b3	rem	x19,x28,x5	 x28:0x00004000  x5:0x00000001 x19=0x00000000
      124895000	     12390	80008ca4	8041	c.srli	x8,0x10	  x8:0x8001fe4d  x8=0x00008001
      124915000	     12392	80008ca6	026acc33	div	x24,x21,x6	 x21:0x00000000  x6:0x00000000 x24=0xffffffff
      124925000	     12393	80008caa	0000100f	fence.i	
      124945000	     12395	80008cae	8c85	c.sub	x9,x9	  x9:0x00000001  x9:0x00000001  x9=0x00000000
      124955000	     12396	80008cb0	0000100f	fence.i	
      124975000	     12398	80008cb4	0173ce63	blt	x7,x23,80008cd0	  x7:0x8001fe4d x23:0x00000000
      124995000	     12400	80008cd0	007d62b3	or	x5,x26,x7	 x26:0x00000000  x7:0x8001fe4d  x5=0x8001fe4d
      125005000	     12401	80008cd4	00b61533	sll	x10,x12,x11	 x12:0x8001fe4c x11:0x0085a5ff x10=0x00000000
      125015000	     12402	80008cd8	ffaa8593	addi	x11,x21,-6	 x21:0x00000000 x11=0xfffffffa
      125025000	     12403	80008cdc	0036df13	srli	x30,x13,0x3	 x13:0x80023ce4 x30=0x1000479c
      125035000	     12404	80008ce0	8559	c.srai	x10,0x16	 x10:0x00000000 x10=0x00000000
      125045000	     12405	80008ce2	00fa8263	beq	x21,x15,80008ce6	 x21:0x00000000 x15:0x7ffdc3e4
      125055000	     12406	80008ce6	018d5b63	bge	x26,x24,80008cfc	 x26:0x00000000 x24:0xffffffff
      125075000	     12408	80008cfc	547d	c.li	x8,-1	  x8=0xffffffff
      125085000	     12409	80008cfe	038c7963	bgeu	x24,x24,80008d30	 x24:0xffffffff x24:0xffffffff
      125105000	     12411	80008d30	987d	c.andi	x8,-1	  x8:0xffffffff  x8=0xffffffff
      125115000	     12412	80008d32	996cbe93	sltiu	x29,x25,-1642	 x25:0x00000000 x29=0x00000001
      125125000	     12413	80008d36	f2d5f013	andi	x0,x11,-211	 x11:0xfffffffa  x0=0x00000000
      125135000	     12414	80008d3a	1c7d	c.addi	x24,-1	 x24:0xffffffff x24=0xfffffffe
      125145000	     12415	80008d3c	2fdbabb7	lui	x23,0x2fdba	 x23=0x2fdba000
      125155000	     12416	80008d40	0132df63	bge	x5,x19,80008d5e	  x5:0x8001fe4d x19:0x00000000
      125525000	     12453	80008d44	03015033	divu	x0,x2,x16	  x2:0xf5e39895 x16:0x0001e000  x0=0x00000000
      125535000	     12454	80008d48	00b43b33	sltu	x22,x8,x11	  x8:0xffffffff x11:0xfffffffa x22=0x00000000
      125545000	     12455	80008d4c	011e75b3	and	x11,x28,x17	 x28:0x00004000 x17:0x00400000 x11=0x00000000
      125555000	     12456	80008d50	00724833	xor	x16,x4,x7	  x4:0xffffffff  x7:0x8001fe4d x16=0x7ffe01b2
      125565000	     12457	80008d54	0000100f	fence.i	
      125615000	     12462	80008d58	028614b3	mulh	x9,x12,x8	 x12:0x8001fe4c  x8:0xffffffff  x9=0x00000000
      125625000	     12463	80008d5c	0001	c.addi	x0,0	  x0:0x00000000  x0=0x00000000
      125655000	     12466	80008d5e	03be81b3	mul	x3,x29,x27	 x29:0x00000001 x27:0x00000000  x3=0x00000000
      125665000	     12467	80008d62	03038b93	addi	x23,x7,48	  x7:0x8001fe4d x23=0x8001fe7d
      126035000	     12504	80008d66	02ff6433	rem	x8,x30,x15	 x30:0x1000479c x15:0x7ffdc3e4  x8=0x1000479c
      126045000	     12505	80008d6a	00462083	lw	x1,4(x12)	 x12:0x8001fe4c  x1=0x80003324 PA:0x8001fe50 load:0x80003324
      126415000	     12542	80008d6e	032d46b3	div	x13,x26,x18	 x26:0x00000000 x18:0x00000001 x13=0x00000000
      126425000	     12543	80008d72	8c41	c.or	x8,x8	  x8:0x1000479c  x8:0x1000479c  x8=0x1000479c
      126435000	     12544	80008d74	0661	c.addi	x12,24	 x12:0x8001fe4c x12=0x8001fe64
      126805000	     12581	80008d76	03897d33	remu	x26,x18,x24	 x18:0x00000001 x24:0xfffffffe x26=0x00000001
      126815000	     12582	80008d7a	0000100f	fence.i	
      126845000	     12585	80008d7e	00108213	addi	x4,x1,1	  x1:0x80003324  x4=0x80003325
      126855000	     12586	80008d82	8202	c.jr	x4	  x4:0x80003325
      126875000	     12588	80003324	83b9	c.srli	x15,0xe	 x15:0x7ffdc3e4 x15=0x0001fff7
      126885000	     12589	80003326	01b8e333	or	x6,x17,x27	 x17:0x00400000 x27:0x00000000  x6=0x00400000
      126895000	     12590	8000332a	00000d97	auipc	x27,0x0	 x27=0x8000332a
      126905000	     12591	8000332e	136d8d93	addi	x27,x27,310	 x27:0x8000332a x27=0x80003460
      126915000	     12592	80003332	eb8d8d93	addi	x27,x27,-328	 x27:0x80003460 x27=0x80003318
      126925000	     12593	80003336	45d9	c.li	x11,22	 x11=0x00000016
      126935000	     12594	80003338	00431663	bne	x6,x4,80003344	  x6:0x00400000  x4:0x80003325
      126955000	     12596	80003344	148d80e7	jalr	x1,328(x27)	 x27:0x80003318  x1=0x80003348
      126975000	     12598	80003460	86f1	c.srai	x13,0x1c	 x13:0x00000000 x13=0x00000000
      126985000	     12599	80003462	01bd6363	bltu	x26,x27,80003468	 x26:0x00000001 x27:0x80003318
      127005000	     12601	80003468	fc860613	addi	x12,x12,-56	 x12:0x8001fe64 x12=0x8001fe2c
      127015000	     12602	8000346c	00162223	sw	x1,4(x12)	 x12:0x8001fe2c  x1:0x80003348 PA:0x8001fe30 store:0x80003348 load:0x00000000
      127025000	     12603	80003470	015c62b3	or	x5,x24,x21	 x24:0xfffffffe x21:0x00000000  x5=0xfffffffe
      127035000	     12604	80003474	044000ef	jal	x1,800034b8	  x1=0x80003478
      127055000	     12606	800034b8	3fc5	c.jal	800034a8	  x1=0x800034ba
      127075000	     12608	800034a8	fe5ff6ef	jal	x13,8000348c	 x13=0x800034ac
      127095000	     12610	8000348c	ff5ff36f	jal	x6,80003480	  x6=0x80003490
      127115000	     12612	80003480	a801	c.j	80003490	
      127135000	     12614	80003490	a02d	c.j	800034ba	
      127155000	     12616	800034ba	b7e1	c.j	80003482	
      127185000	     12619	80003482	014000ef	jal	x1,80003496	  x1=0x80003486
      127205000	     12621	80003496	2839	c.jal	800034b4	  x1=0x80003498
      127225000	     12623	800034b4	fefff36f	jal	x6,800034a2	  x6=0x800034b8
      127245000	     12625	800034a2	a029	c.j	800034ac	
      127265000	     12627	800034ac	fdbff2ef	jal	x5,80003486	  x5=0x800034b0
      127285000	     12629	80003486	a811	c.j	8000349a	
      127305000	     12631	8000349a	37cd	c.jal	8000347c	  x1=0x8000349c
      127325000	     12633	8000347c	016000ef	jal	x1,80003492	  x1=0x80003480
      127345000	     12635	80003492	37dd	c.jal	80003478	  x1=0x80003494
      127365000	     12637	80003478	0240026f	jal	x4,8000349c	  x4=0x8000347c
      127385000	     12639	8000349c	2005	c.jal	800034bc	  x1=0x8000349e
      127405000	     12641	800034bc	b7f1	c.j	80003488	
      127425000	     12643	80003488	a819	c.j	8000349e	
      127455000	     12646	8000349e	fedff0ef	jal	x1,8000348a	  x1=0x800034a2
      127475000	     12648	8000348a	2029	c.jal	80003494	  x1=0x8000348c
      127495000	     12650	80003494	2801	c.jal	800034a4	  x1=0x80003496
      127515000	     12652	800034a4	ff5ff26f	jal	x4,80003498	  x4=0x800034a8
      127535000	     12654	80003498	a821	c.j	800034b0	
      127555000	     12656	800034b0	00e000ef	jal	x1,800034be	  x1=0x800034b4
      127585000	     12659	800034be	73ea8497	auipc	x9,0x73ea8	  x9=0xf3eab4be
      127595000	     12660	800034c2	010000ef	jal	x1,800034d2	  x1=0x800034c6
      127615000	     12662	800034d2	bffd	c.j	800034d0	
      127635000	     12664	800034d0	3fe5	c.jal	800034c8	  x1=0x800034d2
      127655000	     12666	800034c8	004001ef	jal	x3,800034cc	  x3=0x800034cc
      127675000	     12668	800034cc	01a006ef	jal	x13,800034e6	 x13=0x800034d0
      127695000	     12670	800034e6	bfe5	c.j	800034de	
      127715000	     12672	800034de	bffd	c.j	800034dc	
      127735000	     12674	800034dc	2019	c.jal	800034e2	  x1=0x800034de
      127765000	     12677	800034e2	ff7ff2ef	jal	x5,800034d8	  x5=0x800034e6
      127785000	     12679	800034d8	00800eef	jal	x29,800034e0	 x29=0x800034dc
      127805000	     12681	800034e0	2021	c.jal	800034e8	  x1=0x800034e2
      127825000	     12683	800034e8	fefff0ef	jal	x1,800034d6	  x1=0x800034ec
      127845000	     12685	800034d6	3fc5	c.jal	800034c6	  x1=0x800034d8
      127865000	     12687	800034c6	2039	c.jal	800034d4	  x1=0x800034c8
      127885000	     12689	800034d4	a821	c.j	800034ec	
      127905000	     12691	800034ec	004000ef	jal	x1,800034f0	  x1=0x800034f0
      127925000	     12693	800034f0	011c1bb3	sll	x23,x24,x17	 x24:0xfffffffe x17:0x00400000 x23=0xfffffffe
      127935000	     12694	800034f4	026000ef	jal	x1,8000351a	  x1=0x800034f8
      127955000	     12696	8000351a	37d5	c.jal	800034fe	  x1=0x8000351c
      127985000	     12699	800034fe	026000ef	jal	x1,80003524	  x1=0x80003502
      128005000	     12701	80003524	a011	c.j	80003528	
      128025000	     12703	80003528	00c004ef	jal	x9,80003534	  x9=0x8000352c
      128045000	     12705	80003534	37cd	c.jal	80003516	  x1=0x80003536
      128065000	     12707	80003516	b7dd	c.j	800034fc	
      128085000	     12709	800034fc	2805	c.jal	8000352c	  x1=0x800034fe
      128105000	     12711	8000352c	fe7ff0ef	jal	x1,80003512	  x1=0x80003530
      128135000	     12714	80003512	ff3ff0ef	jal	x1,80003504	  x1=0x80003516
      128155000	     12716	80003504	02e000ef	jal	x1,80003532	  x1=0x80003508
      128175000	     12718	80003532	bfe9	c.j	8000350c	
      128195000	     12720	8000350c	fedff0ef	jal	x1,800034f8	  x1=0x80003510
      128215000	     12722	800034f8	00a000ef	jal	x1,80003502	  x1=0x800034fc
      128235000	     12724	80003502	203d	c.jal	80003530	  x1=0x80003504
      128255000	     12726	80003530	b7fd	c.j	8000351e	
      128275000	     12728	8000351e	2021	c.jal	80003526	  x1=0x80003520
      128295000	     12730	80003526	3fed	c.jal	80003520	  x1=0x80003528
      128315000	     12732	80003520	ff9ff46f	jal	x8,80003518	  x8=0x80003524
      128335000	     12734	80003518	3fc5	c.jal	80003508	  x1=0x8000351a
      128355000	     12736	80003508	0080036f	jal	x6,80003510	  x6=0x8000350c
      128375000	     12738	80003510	2031	c.jal	8000351c	  x1=0x80003512
      128395000	     12740	8000351c	a829	c.j	80003536	
      128415000	     12742	80003536	08b5	c.addi	x17,13	 x17:0x00400000 x17=0x0040000d
      128425000	     12743	80003538	00e000ef	jal	x1,80003546	  x1=0x8000353c
      128445000	     12745	80003546	a009	c.j	80003548	
      128465000	     12747	80003548	2015	c.jal	8000356c	  x1=0x8000354a
      128485000	     12749	8000356c	fffff36f	jal	x6,8000356a	  x6=0x80003570
      128505000	     12751	8000356a	bff5	c.j	80003566	
      128535000	     12754	80003566	012000ef	jal	x1,80003578	  x1=0x8000356a
      128555000	     12756	80003578	fd3ff0ef	jal	x1,8000354a	  x1=0x8000357c
      128575000	     12758	8000354a	a809	c.j	8000355c	
      128595000	     12760	8000355c	0080036f	jal	x6,80003564	  x6=0x80003560
      128615000	     12762	80003564	2809	c.jal	80003576	  x1=0x80003566
      128635000	     12764	80003576	bfe1	c.j	8000354e	
      128655000	     12766	8000354e	a019	c.j	80003554	
      128675000	     12768	80003554	37f5	c.jal	80003540	  x1=0x80003556
      128695000	     12770	80003540	2801	c.jal	80003550	  x1=0x80003542
      128715000	     12772	80003550	ffdff0ef	jal	x1,8000354c	  x1=0x80003554
      128735000	     12774	8000354c	2025	c.jal	80003574	  x1=0x8000354e
      128755000	     12776	80003574	37f9	c.jal	80003542	  x1=0x80003576
      128785000	     12779	80003542	01e000ef	jal	x1,80003560	  x1=0x80003546
      128805000	     12781	80003560	ff7ff26f	jal	x4,80003556	  x4=0x80003564
      128825000	     12783	80003556	a829	c.j	80003570	
      128845000	     12785	80003570	fcdff0ef	jal	x1,8000353c	  x1=0x80003574
      128865000	     12787	8000353c	2009	c.jal	8000353e	  x1=0x8000353e
      128885000	     12789	8000353e	2829	c.jal	80003558	  x1=0x80003540
      128905000	     12791	80003558	2009	c.jal	8000355a	  x1=0x8000355a
      128925000	     12793	8000355a	200d	c.jal	8000357c	  x1=0x8000355c
      128945000	     12795	8000357c	9b2a	c.add	x22,x10	 x22:0x00000000 x10:0x00000000 x22=0x00000000
      128955000	     12796	8000357e	012000ef	jal	x1,80003590	  x1=0x80003582
      128975000	     12798	80003590	3ff5	c.jal	8000358c	  x1=0x80003592
      128995000	     12800	8000358c	bfdd	c.j	80003582	
      129015000	     12802	80003582	2831	c.jal	8000359e	  x1=0x80003584
      129035000	     12804	8000359e	bfc5	c.j	8000358e	
      129055000	     12806	8000358e	a811	c.j	800035a2	
      129085000	     12809	800035a2	ffbff36f	jal	x6,8000359c	  x6=0x800035a6
      129105000	     12811	8000359c	b7f5	c.j	80003588	
      129125000	     12813	80003588	018000ef	jal	x1,800035a0	  x1=0x8000358c
      129145000	     12815	800035a0	bfdd	c.j	80003596	
      129175000	     12818	80003596	fefff36f	jal	x6,80003584	  x6=0x8000359a
      129195000	     12820	80003584	2039	c.jal	80003592	  x1=0x80003586
      129215000	     12822	80003592	2021	c.jal	8000359a	  x1=0x80003594
      129235000	     12824	8000359a	37f5	c.jal	80003586	  x1=0x8000359c
      129255000	     12826	80003586	2039	c.jal	80003594	  x1=0x80003588
      129275000	     12828	80003594	a809	c.j	800035a6	
      129305000	     12831	800035a6	00f8deb3	srl	x29,x17,x15	 x17:0x0040000d x15:0x0001fff7 x29=0x00000000
      129315000	     12832	800035aa	00c000ef	jal	x1,800035b6	  x1=0x800035ae
      129335000	     12834	800035b6	3fe5	c.jal	800035ae	  x1=0x800035b8
      129355000	     12836	800035ae	2009	c.jal	800035b0	  x1=0x800035b0
      129375000	     12838	800035b0	010000ef	jal	x1,800035c0	  x1=0x800035b4
      129395000	     12840	800035c0	ff9fffef	jal	x31,800035b8	 x31=0x800035c4
      129415000	     12842	800035b8	a801	c.j	800035c8	
      129435000	     12844	800035c8	37f5	c.jal	800035b4	  x1=0x800035ca
      129455000	     12846	800035b4	2029	c.jal	800035be	  x1=0x800035b6
      129475000	     12848	800035be	3ff5	c.jal	800035ba	  x1=0x800035c0
      129505000	     12851	800035ba	00a00cef	jal	x25,800035c4	 x25=0x800035be
      129525000	     12853	800035c4	006002ef	jal	x5,800035ca	  x5=0x800035c8
      129555000	     12856	800035ca	0000100f	fence.i	
      129585000	     12859	800035ce	006000ef	jal	x1,800035d4	  x1=0x800035d2
      129605000	     12861	800035d4	00e000ef	jal	x1,800035e2	  x1=0x800035d8
      129625000	     12863	800035e2	bfc5	c.j	800035d2	
      129645000	     12865	800035d2	2819	c.jal	800035e8	  x1=0x800035d4
      129665000	     12867	800035e8	a011	c.j	800035ec	
      129685000	     12869	800035ec	fefff0ef	jal	x1,800035da	  x1=0x800035f0
      129705000	     12871	800035da	a019	c.j	800035e0	
      129725000	     12873	800035e0	bffd	c.j	800035de	
      129745000	     12875	800035de	bffd	c.j	800035dc	
      129765000	     12877	800035dc	bff5	c.j	800035d8	
      129785000	     12879	800035d8	a031	c.j	800035e4	
      129805000	     12881	800035e4	006000ef	jal	x1,800035ea	  x1=0x800035e8
      129825000	     12883	800035ea	2019	c.jal	800035f0	  x1=0x800035ec
      129845000	     12885	800035f0	8cbd	c.xor	x9,x15	  x9:0x8000352c x15:0x0001fff7  x9=0x8001cadb
      129855000	     12886	800035f2	008000ef	jal	x1,800035fa	  x1=0x800035f6
      129875000	     12888	800035fa	2809	c.jal	8000360c	  x1=0x800035fc
      129895000	     12890	8000360c	ff5ff0ef	jal	x1,80003600	  x1=0x80003610
      129915000	     12892	80003600	3fe5	c.jal	800035f8	  x1=0x80003602
      129935000	     12894	800035f8	2831	c.jal	80003614	  x1=0x800035fa
      129955000	     12896	80003614	fe3ff36f	jal	x6,800035f6	  x6=0x80003618
      129975000	     12898	800035f6	2809	c.jal	80003608	  x1=0x800035f8
      129995000	     12900	80003608	ff5ff0ef	jal	x1,800035fc	  x1=0x8000360c
      130015000	     12902	800035fc	2029	c.jal	80003606	  x1=0x800035fe
      130035000	     12904	80003606	a029	c.j	80003610	
      130055000	     12906	80003610	ff3ff36f	jal	x6,80003602	  x6=0x80003614
      130085000	     12909	80003602	ffdff0ef	jal	x1,800035fe	  x1=0x80003606
      130105000	     12911	800035fe	2829	c.jal	80003618	  x1=0x80003600
      130125000	     12913	80003618	8c69	c.and	x8,x10	  x8:0x80003524 x10:0x00000000  x8=0x00000000
      130135000	     12914	8000361a	01a000ef	jal	x1,80003634	  x1=0x8000361e
      130155000	     12916	80003634	3fed	c.jal	8000362e	  x1=0x80003636
      130175000	     12918	8000362e	3fcd	c.jal	80003620	  x1=0x80003630
      130195000	     12920	80003620	2009	c.jal	80003622	  x1=0x80003622
      130225000	     12923	80003622	00e000ef	jal	x1,80003630	  x1=0x80003626
      130245000	     12925	80003630	00c0036f	jal	x6,8000363c	  x6=0x80003634
      130265000	     12927	8000363c	b7cd	c.j	8000361e	
      130285000	     12929	8000361e	a005	c.j	8000363e	
      130305000	     12931	8000363e	a009	c.j	80003640	
      130325000	     12933	80003640	fe9ff0ef	jal	x1,80003628	  x1=0x80003644
      130345000	     12935	80003628	a831	c.j	80003644	
      130365000	     12937	80003644	b7cd	c.j	80003626	
      130385000	     12939	80003626	2801	c.jal	80003636	  x1=0x80003628
      130415000	     12942	80003636	010000ef	jal	x1,80003646	  x1=0x8000363a
      130445000	     12945	80003646	ff5ff0ef	jal	x1,8000363a	  x1=0x8000364a
      130465000	     12947	8000363a	3fc5	c.jal	8000362a	  x1=0x8000363c
      130495000	     12950	8000362a	0200036f	jal	x6,8000364a	  x6=0x8000362e
      130525000	     12953	8000364a	0000100f	fence.i	
      130555000	     12956	8000364e	010000ef	jal	x1,8000365e	  x1=0x80003652
      130575000	     12958	8000365e	280d	c.jal	80003690	  x1=0x80003660
      130595000	     12960	80003690	fcbff0ef	jal	x1,8000365a	  x1=0x80003694
      130625000	     12963	8000365a	01a00b6f	jal	x22,80003674	 x22=0x8000365e
      130645000	     12965	80003674	a019	c.j	8000367a	
      130665000	     12967	8000367a	a839	c.j	80003698	
      130685000	     12969	80003698	3fcd	c.jal	8000368a	  x1=0x8000369a
      130715000	     12972	8000368a	fdfff36f	jal	x6,80003668	  x6=0x8000368e
      130735000	     12974	80003668	2009	c.jal	8000366a	  x1=0x8000366a
      130765000	     12977	8000366a	030000ef	jal	x1,8000369a	  x1=0x8000366e
      130785000	     12979	8000369a	bfd1	c.j	8000366e	
      130815000	     12982	8000366e	febff0ef	jal	x1,80003658	  x1=0x80003672
      130835000	     12984	80003658	a029	c.j	80003662	
      130855000	     12986	80003662	2801	c.jal	80003672	  x1=0x80003664
      130875000	     12988	80003672	b7c5	c.j	80003652	
      130895000	     12990	80003652	2035	c.jal	8000367e	  x1=0x80003654
      130925000	     12993	8000367e	004000ef	jal	x1,80003682	  x1=0x80003682
      130945000	     12995	80003682	3fed	c.jal	8000367c	  x1=0x80003684
      130965000	     12997	8000367c	2809	c.jal	8000368e	  x1=0x8000367e
      130985000	     12999	8000368e	3fd9	c.jal	80003664	  x1=0x80003690
      131005000	     13001	80003664	024000ef	jal	x1,80003688	  x1=0x80003668
      131025000	     13003	80003688	3ff5	c.jal	80003684	  x1=0x8000368a
      131045000	     13005	80003684	bff1	c.j	80003660	
      131065000	     13007	80003660	201d	c.jal	80003686	  x1=0x80003662
      131085000	     13009	80003686	a039	c.j	80003694	
      131105000	     13011	80003694	fe3ff0ef	jal	x1,80003676	  x1=0x80003698
      131135000	     13014	80003676	fdfff0ef	jal	x1,80003654	  x1=0x8000367a
      131155000	     13016	80003654	a009	c.j	80003656	
      131175000	     13018	80003656	2099	c.jal	8000369c	  x1=0x80003658
      131195000	     13020	8000369c	56e80313	addi	x6,x16,1390	 x16:0x7ffe01b2  x6=0x7ffe0720
      131205000	     13021	800036a0	012000ef	jal	x1,800036b2	  x1=0x800036a4
      131225000	     13023	800036b2	a039	c.j	800036c0	
      131245000	     13025	800036c0	2809	c.jal	800036d2	  x1=0x800036c2
      131265000	     13027	800036d2	a011	c.j	800036d6	
      131285000	     13029	800036d6	a821	c.j	800036ee	
      131315000	     13032	800036ee	ff9ff0ef	jal	x1,800036e6	  x1=0x800036f2
      131335000	     13034	800036e6	37f9	c.jal	800036b4	  x1=0x800036e8
      131355000	     13036	800036b4	3fc5	c.jal	800036a4	  x1=0x800036b6
      131375000	     13038	800036a4	2809	c.jal	800036b6	  x1=0x800036a6
      131405000	     13041	800036b6	010000ef	jal	x1,800036c6	  x1=0x800036ba
      131425000	     13043	800036c6	2819	c.jal	800036dc	  x1=0x800036c8
      131445000	     13045	800036dc	fcbff0ef	jal	x1,800036a6	  x1=0x800036e0
      131475000	     13048	800036a6	042000ef	jal	x1,800036e8	  x1=0x800036aa
      131495000	     13050	800036e8	fe7fff6f	jal	x30,800036ce	 x30=0x800036ec
      131515000	     13052	800036ce	2819	c.jal	800036e4	  x1=0x800036d0
      131535000	     13054	800036e4	bfd5	c.j	800036d8	
      131555000	     13056	800036d8	ff9ff0ef	jal	x1,800036d0	  x1=0x800036dc
      131575000	     13058	800036d0	bfcd	c.j	800036c2	
      131605000	     13061	800036c2	02a0036f	jal	x6,800036ec	  x6=0x800036c6
      131625000	     13063	800036ec	3f7d	c.jal	800036aa	  x1=0x800036ee
      131645000	     13065	800036aa	a02d	c.j	800036d4	
      131665000	     13067	800036d4	b7dd	c.j	800036ba	
      131685000	     13069	800036ba	a809	c.j	800036cc	
      131705000	     13071	800036cc	b7cd	c.j	800036ae	
      131725000	     13073	800036ae	bffd	c.j	800036ac	
      131745000	     13075	800036ac	a801	c.j	800036bc	
      131765000	     13077	800036bc	024006ef	jal	x13,800036e0	 x13=0x800036c0
      131785000	     13079	800036e0	fe9ff8ef	jal	x17,800036c8	 x17=0x800036e4
      131805000	     13081	800036c8	fe9ff0ef	jal	x1,800036b0	  x1=0x800036cc
      131825000	     13083	800036b0	2089	c.jal	800036f2	  x1=0x800036b2
      131855000	     13086	800036f2	0000100f	fence.i	
      131885000	     13089	800036f6	00a000ef	jal	x1,80003700	  x1=0x800036fa
      131905000	     13091	80003700	01a000ef	jal	x1,8000371a	  x1=0x80003704
      131925000	     13093	8000371a	3fe5	c.jal	80003712	  x1=0x8000371c
      131955000	     13096	80003712	ff9ff36f	jal	x6,8000370a	  x6=0x80003716
      131985000	     13099	8000370a	00400fef	jal	x31,8000370e	 x31=0x8000370e
      132015000	     13102	8000370e	ff9ff36f	jal	x6,80003706	  x6=0x80003712
      132035000	     13104	80003706	2829	c.jal	80003720	  x1=0x80003708
      132055000	     13106	80003720	fe9ff8ef	jal	x17,80003708	 x17=0x80003724
      132075000	     13108	80003708	bfcd	c.j	800036fa	
      132105000	     13111	800036fa	004002ef	jal	x5,800036fe	  x5=0x800036fe
      132125000	     13113	800036fe	a019	c.j	80003704	
      132145000	     13115	80003704	2829	c.jal	8000371e	  x1=0x80003706
      132165000	     13117	8000371e	3ffd	c.jal	8000371c	  x1=0x80003720
      132185000	     13119	8000371c	3fed	c.jal	80003716	  x1=0x8000371e
      132215000	     13122	80003716	00e000ef	jal	x1,80003724	  x1=0x8000371a
      132235000	     13124	80003724	00044e33	xor	x28,x8,x0	  x8:0x00000000  x0:0x00000000 x28=0x00000000
      132245000	     13125	80003728	01e000ef	jal	x1,80003746	  x1=0x8000372c
      132265000	     13127	80003746	2029	c.jal	80003750	  x1=0x80003748
      132285000	     13129	80003750	37c5	c.jal	80003730	  x1=0x80003752
      132305000	     13131	80003730	201d	c.jal	80003756	  x1=0x80003732
      132335000	     13134	80003756	fdfff36f	jal	x6,80003734	  x6=0x8000375a
      132355000	     13136	80003734	2829	c.jal	8000374e	  x1=0x80003736
      132375000	     13138	8000374e	b7fd	c.j	8000373c	
      132395000	     13140	8000373c	0160026f	jal	x4,80003752	  x4=0x80003740
      132415000	     13142	80003752	37fd	c.jal	80003740	  x1=0x80003754
      132435000	     13144	80003740	2009	c.jal	80003742	  x1=0x80003742
      132455000	     13146	80003742	bfdd	c.j	80003738	
      132475000	     13148	80003738	2031	c.jal	80003744	  x1=0x8000373a
      132495000	     13150	80003744	3fdd	c.jal	8000373a	  x1=0x80003746
      132515000	     13152	8000373a	bff5	c.j	80003736	
      132535000	     13154	80003736	bff5	c.j	80003732	
      132555000	     13156	80003732	bff5	c.j	8000372e	
      132575000	     13158	8000372e	201d	c.jal	80003754	  x1=0x80003730
      132595000	     13160	80003754	3fe1	c.jal	8000372c	  x1=0x80003756
      132615000	     13162	8000372c	a839	c.j	8000374a	
      132645000	     13165	8000374a	fffff0ef	jal	x1,80003748	  x1=0x8000374e
      132665000	     13167	80003748	2809	c.jal	8000375a	  x1=0x8000374a
      132685000	     13169	8000375a	80cd	c.srli	x9,0x13	  x9:0x8001cadb  x9=0x00001000
      132695000	     13170	8000375c	01c8de13	srli	x28,x17,0x1c	 x17:0x80003724 x28=0x00000008
      132705000	     13171	80003760	41f28933	sub	x18,x5,x31	  x5:0x800036fe x31:0x8000370e x18=0xfffffff0
      132715000	     13172	80003764	009b11b3	sll	x3,x22,x9	 x22:0x8000365e  x9:0x00001000  x3=0x8000365e
      132725000	     13173	80003768	36b83d93	sltiu	x27,x16,875	 x16:0x7ffe01b2 x27=0x00000000
      133095000	     13210	8000376c	037c6333	rem	x6,x24,x23	 x24:0xfffffffe x23:0xfffffffe  x6=0x00000000
      133105000	     13211	80003770	0075ee33	or	x28,x11,x7	 x11:0x00000016  x7:0x8001fe4d x28=0x8001fe5f
      133115000	     13212	80003774	91ca	c.add	x3,x18	  x3:0x8000365e x18:0xfffffff0  x3=0x8000364e
      133125000	     13213	80003776	00969933	sll	x18,x13,x9	 x13:0x800036c0  x9:0x00001000 x18=0x800036c0
      133135000	     13214	8000377a	02a6eb63	bltu	x13,x10,800037b0	 x13:0x800036c0 x10:0x00000000
      133145000	     13215	8000377e	0bb1	c.addi	x23,12	 x23:0xfffffffe x23=0x0000000a
      133155000	     13216	80003780	0001	c.addi	x0,0	  x0:0x00000000  x0=0x00000000
      133165000	     13217	80003782	8ed6	c.mv	x29,x21	  x0:0x00000000 x21:0x00000000 x29=0x00000000
      133175000	     13218	80003784	00f8c0b3	xor	x1,x17,x15	 x17:0x80003724 x15:0x0001fff7  x1=0x8001c8d3
      133185000	     13219	80003788	8d6d	c.and	x10,x11	 x10:0x00000000 x11:0x00000016 x10=0x00000000
      133195000	     13220	8000378a	018562b3	or	x5,x10,x24	 x10:0x00000000 x24:0xfffffffe  x5=0xfffffffe
      133205000	     13221	8000378e	83ad	c.srli	x15,0xb	 x15:0x0001fff7 x15=0x0000003f
      133215000	     13222	80003790	8526	c.mv	x10,x9	  x0:0x00000000  x9:0x00001000 x10=0x00001000
      133225000	     13223	80003792	045a0263	beq	x20,x5,800037d6	 x20:0xffffffff  x5:0xfffffffe
      133235000	     13224	80003796	031be563	bltu	x23,x17,800037c0	 x23:0x0000000a x17:0x80003724
      133255000	     13226	800037c0	99c6	c.add	x19,x17	 x19:0x00000000 x17:0x80003724 x19=0x80003724
      133265000	     13227	800037c2	a2dee297	auipc	x5,0xa2dee	  x5=0x22df17c2
      133275000	     13228	800037c6	005bdd13	srli	x26,x23,0x5	 x23:0x0000000a x26=0x00000000
      133315000	     13232	800037ca	032032b3	mulhu	x5,x0,x18	  x0:0x00000000 x18:0x800036c0  x5=0x00000000
      133325000	     13233	800037ce	0115c463	blt	x11,x17,800037d6	 x11:0x00000016 x17:0x80003724
      133335000	     13234	800037d2	65cd	c.lui	x11,0x13	 x11=0x00013000
      133345000	     13235	800037d4	0001	c.addi	x0,0	  x0:0x00000000  x0=0x00000000
      133355000	     13236	800037d6	cf980413	addi	x8,x16,-775	 x16:0x7ffe01b2  x8=0x7ffdfeab
      133365000	     13237	800037da	001926b3	slt	x13,x18,x1	 x18:0x800036c0  x1:0x8001c8d3 x13=0x00000001
      133375000	     13238	800037de	8a22	c.mv	x20,x8	  x0:0x00000000  x8:0x7ffdfeab x20=0x7ffdfeab
      133385000	     13239	800037e0	8da5	c.xor	x11,x9	 x11:0x00013000  x9:0x00001000 x11=0x00012000
      133395000	     13240	800037e2	00f42fb3	slt	x31,x8,x15	  x8:0x7ffdfeab x15:0x0000003f x31=0x00000000
      133435000	     13244	800037e6	02ec31b3	mulhu	x3,x24,x14	 x24:0xfffffffe x14:0x80023ce4  x3=0x80023ce2
      133445000	     13245	800037ea	41800a33	sub	x20,x0,x24	  x0:0x00000000 x24:0xfffffffe x20=0x00000002
      133455000	     13246	800037ee	00aa5463	bge	x20,x10,800037f6	 x20:0x00000002 x10:0x00001000
      133465000	     13247	800037f2	01ab95b3	sll	x11,x23,x26	 x23:0x0000000a x26:0x00000000 x11=0x0000000a
      133475000	     13248	800037f6	8d11	c.sub	x10,x12	 x10:0x00001000 x12:0x8001fe2c x10=0x7ffe11d4
      133485000	     13249	800037f8	91d6	c.add	x3,x21	  x3:0x80023ce2 x21:0x00000000  x3=0x80023ce2
      133505000	     13251	800037fa	03d1c333	div	x6,x3,x29	  x3:0x80023ce2 x29:0x00000000  x6=0xffffffff
      133515000	     13252	800037fe	001a2433	slt	x8,x20,x1	 x20:0x00000002  x1:0x8001c8d3  x8=0x00000000
      133525000	     13253	80003802	01e6	c.slli	x3,0x19	  x3:0x80023ce2  x3=0xc4000000
      133535000	     13254	80003804	e67c0e93	addi	x29,x24,-409	 x24:0xfffffffe x29=0xfffffe65
      133905000	     13291	80003808	024c4533	div	x10,x24,x4	 x24:0xfffffffe  x4:0x80003740 x10=0x00000000
      133915000	     13292	8000380c	1c7d	c.addi	x24,-1	 x24:0xfffffffe x24=0xfffffffd
      133925000	     13293	8000380e	8e52	c.mv	x28,x20	  x0:0x00000000 x20:0x00000002 x28=0x00000002
      133935000	     13294	80003810	005ff7b3	and	x15,x31,x5	 x31:0x00000000  x5:0x00000000 x15=0x00000000
      133955000	     13296	80003814	02596e33	rem	x28,x18,x5	 x18:0x800036c0  x5:0x00000000 x28=0x800036c0
      133965000	     13297	80003818	41c6d9b3	sra	x19,x13,x28	 x13:0x00000001 x28:0x800036c0 x19=0x00000001
      133975000	     13298	8000381c	8c61	c.and	x8,x8	  x8:0x00000000  x8:0x00000000  x8=0x00000000
      133985000	     13299	8000381e	674aee97	auipc	x29,0x674ae	 x29=0xe74b181e
      133995000	     13300	80003822	e1930493	addi	x9,x6,-487	  x6:0xffffffff  x9=0xfffffe18
      134005000	     13301	80003826	66d5	c.lui	x13,0x15	 x13=0x00015000
      134375000	     13338	80003828	026e51b3	divu	x3,x28,x6	 x28:0x800036c0  x6:0xffffffff  x3=0x00000000
      134385000	     13339	8000382c	07cb4063	blt	x22,x28,8000388c	 x22:0x8000365e x28:0x800036c0
      134405000	     13341	8000388c	cc15	c.beqz	x8,800038c8	  x8:0x00000000
      134425000	     13343	800038c8	04956763	bltu	x10,x9,80003916	 x10:0x00000000  x9:0xfffffe18
      134445000	     13345	80003916	8c55	c.or	x8,x13	  x8:0x00000000 x13:0x00015000  x8=0x00015000
      134455000	     13346	80003918	ca89	c.beqz	x13,8000392a	 x13:0x00015000
      134465000	     13347	8000391a	03571a63	bne	x14,x21,8000394e	 x14:0x80023ce4 x21:0x00000000
      134525000	     13353	8000394e	03191433	mulh	x8,x18,x17	 x18:0x800036c0 x17:0x80003724  x8=0x3fffc90e
      134535000	     13354	80003952	8fa9	c.xor	x15,x10	 x15:0x00000000 x10:0x00000000 x15=0x00000000
      134545000	     13355	80003954	72f96f93	ori	x31,x18,1839	 x18:0x800036c0 x31=0x800037ef
      134555000	     13356	80003958	015dd233	srl	x4,x27,x21	 x27:0x00000000 x21:0x00000000  x4=0x00000000
      134565000	     13357	8000395c	0001	c.addi	x0,0	  x0:0x00000000  x0=0x00000000
      134575000	     13358	8000395e	e109	c.bnez	x10,80003960	 x10:0x00000000
      134585000	     13359	80003960	6369	c.lui	x6,0x1a	  x6=0x0001a000
      134955000	     13396	80003962	0275ccb3	div	x25,x11,x7	 x11:0x0000000a  x7:0x8001fe4d x25=0x00000000
      134965000	     13397	80003966	8ee1	c.and	x13,x8	 x13:0x00015000  x8:0x3fffc90e x13=0x00014000
      134975000	     13398	80003968	01780e63	beq	x16,x23,80003984	 x16:0x7ffe01b2 x23:0x0000000a
      134985000	     13399	8000396c	419d5993	srai	x19,x26,0x19	 x26:0x00000000 x19=0x00000000
      134995000	     13400	80003970	0ad5	c.addi	x21,21	 x21:0x00000000 x21=0x00000015
      135005000	     13401	80003972	4123e893	ori	x17,x7,1042	  x7:0x8001fe4d x17=0x8001fe5f
      135015000	     13402	80003976	0000100f	fence.i	
      135055000	     13406	8000397a	0258c933	div	x18,x17,x5	 x17:0x8001fe5f  x5:0x00000000 x18=0xffffffff
      135065000	     13407	8000397e	0852	c.slli	x16,0x14	 x16:0x7ffe01b2 x16=0x1b200000
      135075000	     13408	80003980	6aa54813	xori	x16,x10,1706	 x10:0x00000000 x16=0x000006aa
      135085000	     13409	80003984	8ec5	c.or	x13,x9	 x13:0x00014000  x9:0xfffffe18 x13=0xfffffe18
      135095000	     13410	80003986	40cc51b3	sra	x3,x24,x12	 x24:0xfffffffd x12:0x8001fe2c  x3=0xffffffff
      135105000	     13411	8000398a	01413a33	sltu	x20,x2,x20	  x2:0xf5e39895 x20:0x00000002 x20=0x00000000
      135115000	     13412	8000398e	987d	c.andi	x8,-1	  x8:0x3fffc90e  x8=0x3fffc90e
      135125000	     13413	80003990	5b7d	c.li	x22,-1	 x22=0xffffffff
      135135000	     13414	80003992	022f8f63	beq	x31,x2,800039d0	 x31:0x800037ef  x2:0xf5e39895
      135175000	     13418	80003996	03e51bb3	mulh	x23,x10,x30	 x10:0x00000000 x30:0x800036ec x23=0x00000000
      135185000	     13419	8000399a	881d	c.andi	x8,7	  x8:0x3fffc90e  x8=0x00000006
      135195000	     13420	8000399c	0001	c.addi	x0,0	  x0:0x00000000  x0=0x00000000
      135205000	     13421	8000399e	5a9d7293	andi	x5,x26,1449	 x26:0x00000000  x5=0x00000000
      135235000	     13424	800039a2	02438fb3	mul	x31,x7,x4	  x7:0x8001fe4d  x4:0x00000000 x31=0x00000000
      135245000	     13425	800039a6	d4173e93	sltiu	x29,x14,-703	 x14:0x80023ce4 x29=0x00000001
      135255000	     13426	800039aa	f9660d93	addi	x27,x12,-106	 x12:0x8001fe2c x27=0x8001fdc2
      135285000	     13429	800039ae	03550533	mul	x10,x10,x21	 x10:0x00000000 x21:0x00000015 x10=0x00000000
      135325000	     13433	800039b2	02b931b3	mulhu	x3,x18,x11	 x18:0xffffffff x11:0x0000000a  x3=0x00000009
      135335000	     13434	800039b6	03547263	bgeu	x8,x21,800039da	  x8:0x00000006 x21:0x00000015
      135345000	     13435	800039ba	01ddd813	srli	x16,x27,0x1d	 x27:0x8001fdc2 x16=0x00000004
      135355000	     13436	800039be	0140eeb3	or	x29,x1,x20	  x1:0x8001c8d3 x20:0x00000000 x29=0x8001c8d3
      135365000	     13437	800039c2	02ff7363	bgeu	x30,x15,800039e8	 x30:0x800036ec x15:0x00000000
      135385000	     13439	800039e8	415e8f33	sub	x30,x29,x21	 x29:0x8001c8d3 x21:0x00000015 x30=0x8001c8be
      135395000	     13440	800039ec	0ff0000f	fence	iorw,iorw	
      135405000	     13441	800039f0	0001	c.addi	x0,0	  x0:0x00000000  x0=0x00000000
      135415000	     13442	800039f2	92c77213	andi	x4,x14,-1748	 x14:0x80023ce4  x4=0x80023824
      135425000	     13443	800039f6	0000cc33	xor	x24,x1,x0	  x1:0x8001c8d3  x0:0x00000000 x24=0x8001c8d3
      135435000	     13444	800039fa	0d65	c.addi	x26,25	 x26:0x00000000 x26=0x00000019
      135445000	     13445	800039fc	0ff0000f	fence	iorw,iorw	
      135455000	     13446	80003a00	003a20b3	slt	x1,x20,x3	 x20:0x00000000  x3:0x00000009  x1=0x00000001
      135465000	     13447	80003a04	00ce	c.slli	x1,0x13	  x1:0x00000001  x1=0x00080000
      135475000	     13448	80003a06	8c06	c.mv	x24,x1	  x0:0x00000000  x1:0x00080000 x24=0x00080000
      135485000	     13449	80003a08	8f5a	c.mv	x30,x22	  x0:0x00000000 x22:0xffffffff x30=0xffffffff
      135495000	     13450	80003a0a	0161edb3	or	x27,x3,x22	  x3:0x00000009 x22:0xffffffff x27=0xffffffff
      135865000	     13487	80003a0e	03657a33	remu	x20,x10,x22	 x10:0x00000000 x22:0xffffffff x20=0x00000000
      135875000	     13488	80003a12	004b9eb3	sll	x29,x23,x4	 x23:0x00000000  x4:0x80023824 x29=0x00000000
      135885000	     13489	80003a16	43935c97	auipc	x25,0x43935	 x25=0xc3938a16
      135895000	     13490	80003a1a	00dd7ab3	and	x21,x26,x13	 x26:0x00000019 x13:0xfffffe18 x21=0x00000018
      135905000	     13491	80003a1e	8ec5	c.or	x13,x9	 x13:0xfffffe18  x9:0xfffffe18 x13=0xfffffe18
      135915000	     13492	80003a20	0195a1b3	slt	x3,x11,x25	 x11:0x0000000a x25:0xc3938a16  x3=0x00000000
      135925000	     13493	80003a24	0cdec417	auipc	x8,0xcdec	  x8=0x8cdefa24
      135935000	     13494	80003a28	0965	c.addi	x18,25	 x18:0xffffffff x18=0x00000018
      135945000	     13495	80003a2a	0da76913	ori	x18,x14,218	 x14:0x80023ce4 x18=0x80023cfe
      135955000	     13496	80003a2e	8de1	c.and	x11,x8	 x11:0x0000000a  x8:0x8cdefa24 x11=0x00000000
      135965000	     13497	80003a30	0000100f	fence.i	
      135985000	     13499	80003a34	b5eb6c93	ori	x25,x22,-1186	 x22:0xffffffff x25=0xffffffff
      135995000	     13500	80003a38	0ff0000f	fence	iorw,iorw	
      136005000	     13501	80003a3c	00ef2c33	slt	x24,x30,x14	 x30:0xffffffff x14:0x80023ce4 x24=0x00000000
      136015000	     13502	80003a40	98be	c.add	x17,x15	 x17:0x8001fe5f x15:0x00000000 x17=0x8001fe5f
      136025000	     13503	80003a42	0ff0000f	fence	iorw,iorw	
      136035000	     13504	80003a46	034f0263	beq	x30,x20,80003a6a	 x30:0xffffffff x20:0x00000000
      136045000	     13505	80003a4a	046a	c.slli	x8,0x1a	  x8:0x8cdefa24  x8=0x90000000
      136055000	     13506	80003a4c	094d	c.addi	x18,19	 x18:0x80023cfe x18=0x80023d11
      136425000	     13543	80003a4e	03b86ab3	rem	x21,x16,x27	 x16:0x00000004 x27:0xffffffff x21=0x00000000
      136435000	     13544	80003a52	015867b3	or	x15,x16,x21	 x16:0x00000004 x21:0x00000000 x15=0x00000004
      136445000	     13545	80003a56	6d75	c.lui	x26,0x1d	 x26=0x0001d000
      136455000	     13546	80003a58	00d809b3	add	x19,x16,x13	 x16:0x00000004 x13:0xfffffe18 x19=0xfffffe1c
      136465000	     13547	80003a5c	850e	c.mv	x10,x3	  x0:0x00000000  x3:0x00000000 x10=0x00000000
      136475000	     13548	80003a5e	8b134c97	auipc	x25,0x8b134	 x25=0x0b137a5e
      136485000	     13549	80003a62	003a24b3	slt	x9,x20,x3	 x20:0x00000000  x3:0x00000000  x9=0x00000000
      136495000	     13550	80003a66	00023b33	sltu	x22,x4,x0	  x4:0x80023824  x0:0x00000000 x22=0x00000000
      136505000	     13551	80003a6a	4031dbb3	sra	x23,x3,x3	  x3:0x00000000  x3:0x00000000 x23=0x00000000
      136515000	     13552	80003a6e	401c8e33	sub	x28,x25,x1	 x25:0x0b137a5e  x1:0x00080000 x28=0x0b0b7a5e
      136525000	     13553	80003a72	14303f93	sltiu	x31,x0,323	  x0:0x00000000 x31=0x00000001
      136535000	     13554	80003a76	4056dc93	srai	x25,x13,0x5	 x13:0xfffffe18 x25=0xfffffff0
      136905000	     13591	80003a7a	03c74fb3	div	x31,x14,x28	 x14:0x80023ce4 x28:0x0b0b7a5e x31=0xfffffff5
      136915000	     13592	80003a7e	00b28f33	add	x30,x5,x11	  x5:0x00000000 x11:0x00000000 x30=0x00000000
      136925000	     13593	80003a82	e5637513	andi	x10,x6,-426	  x6:0x0001a000 x10=0x0001a000
      136945000	     13595	80003a86	038dc833	div	x16,x27,x24	 x27:0xffffffff x24:0x00000000 x16=0xffffffff
      136985000	     13599	80003a8a	021b3b33	mulhu	x22,x22,x1	 x22:0x00000000  x1:0x00080000 x22=0x00000000
      136995000	     13600	80003a8e	00f7abb3	slt	x23,x15,x15	 x15:0x00000004 x15:0x00000004 x23=0x00000000
      137005000	     13601	80003a92	03a5f563	bgeu	x11,x26,80003abc	 x11:0x00000000 x26:0x0001d000
      137015000	     13602	80003a96	8425	c.srai	x8,0x9	  x8:0x90000000  x8=0xffc80000
      137385000	     13639	80003a98	02e3d433	divu	x8,x7,x14	  x7:0x8001fe4d x14:0x80023ce4  x8=0x00000000
      137395000	     13640	80003a9c	0001	c.addi	x0,0	  x0:0x00000000  x0=0x00000000
      137405000	     13641	80003a9e	00863933	sltu	x18,x12,x8	 x12:0x8001fe2c  x8:0x00000000 x18=0x00000000
      137415000	     13642	80003aa2	0074db63	bge	x9,x7,80003ab8	  x9:0x00000000  x7:0x8001fe4d
      137435000	     13644	80003ab8	0ff0000f	fence	iorw,iorw	
      137455000	     13646	80003abc	029dddb3	divu	x27,x27,x9	 x27:0xffffffff  x9:0x00000000 x27=0xffffffff
      137495000	     13650	80003ac0	02cdbfb3	mulhu	x31,x27,x12	 x27:0xffffffff x12:0x8001fe2c x31=0x8001fe2b
      137505000	     13651	80003ac4	00699eb3	sll	x29,x19,x6	 x19:0xfffffe1c  x6:0x0001a000 x29=0xfffffe1c
      137535000	     13654	80003ac8	022581b3	mul	x3,x11,x2	 x11:0x00000000  x2:0xf5e39895  x3=0x00000000
      137545000	     13655	80003acc	00741263	bne	x8,x7,80003ad0	  x8:0x00000000  x7:0x8001fe4d
      137565000	     13657	80003ad0	23833c93	sltiu	x25,x6,568	  x6:0x0001a000 x25=0x00000000
      137575000	     13658	80003ad4	cd6af013	andi	x0,x21,-810	 x21:0x00000000  x0=0x00000000
      137585000	     13659	80003ad8	84f1	c.srai	x9,0x1c	  x9:0x00000000  x9=0x00000000
      137595000	     13660	80003ada	ed1d	c.bnez	x10,80003b18	 x10:0x0001a000
      137975000	     13698	80003b18	03d6ca33	div	x20,x13,x29	 x13:0xfffffe18 x29:0xfffffe1c x20=0x00000001
      137985000	     13699	80003b1c	00afa433	slt	x8,x31,x10	 x31:0x8001fe2b x10:0x0001a000  x8=0x00000001
      137995000	     13700	80003b20	3601f413	andi	x8,x3,864	  x3:0x00000000  x8=0x00000000
      138005000	     13701	80003b24	9242	c.add	x4,x16	  x4:0x80023824 x16:0xffffffff  x4=0x80023823
      138015000	     13702	80003b26	00d9cf63	blt	x19,x13,80003b44	 x19:0xfffffe1c x13:0xfffffe18
      138025000	     13703	80003b2a	0c7d	c.addi	x24,31	 x24:0x00000000 x24=0x0000001f
      138035000	     13704	80003b2c	00f38e33	add	x28,x7,x15	  x7:0x8001fe4d x15:0x00000004 x28=0x8001fe51
      138405000	     13741	80003b30	024c5ab3	divu	x21,x24,x4	 x24:0x0000001f  x4:0x80023823 x21=0x00000000
      138415000	     13742	80003b34	55aec313	xori	x6,x29,1370	 x29:0xfffffe1c  x6=0xfffffb46
      138455000	     13746	80003b38	039eb4b3	mulhu	x9,x29,x25	 x29:0xfffffe1c x25:0x00000000  x9=0x00000000
      138465000	     13747	80003b3c	5f7b6413	ori	x8,x22,1527	 x22:0x00000000  x8=0x000005f7
      138475000	     13748	80003b40	40330d33	sub	x26,x6,x3	  x6:0xfffffb46  x3:0x00000000 x26=0xfffffb46
      138485000	     13749	80003b44	01e163b3	or	x7,x2,x30	  x2:0xf5e39895 x30:0x00000000  x7=0xf5e39895
      138505000	     13751	80003b48	02957533	remu	x10,x10,x9	 x10:0x0001a000  x9:0x00000000 x10=0x0001a000
      138515000	     13752	80003b4c	a0187d93	andi	x27,x16,-1535	 x16:0xffffffff x27=0xfffffa01
      138525000	     13753	80003b50	003d8563	beq	x27,x3,80003b5a	 x27:0xfffffa01  x3:0x00000000
      138535000	     13754	80003b54	8ffa	c.mv	x31,x30	  x0:0x00000000 x30:0x00000000 x31=0x00000000
      138545000	     13755	80003b56	406ed793	srai	x15,x29,0x6	 x29:0xfffffe1c x15=0xfffffff8
      138565000	     13757	80003b5a	020d57b3	divu	x15,x26,x0	 x26:0xfffffb46  x0:0x00000000 x15=0xffffffff
      138575000	     13758	80003b5e	c785	c.beqz	x15,80003b86	 x15:0xffffffff
      138585000	     13759	80003b60	1b47fd13	andi	x26,x15,436	 x15:0xffffffff x26=0x000001b4
      138595000	     13760	80003b64	27d57917	auipc	x18,0x27d57	 x18=0xa7d5ab64
      138625000	     13763	80003b68	03e40533	mul	x10,x8,x30	  x8:0x000005f7 x30:0x00000000 x10=0x00000000
      138635000	     13764	80003b6c	0000100f	fence.i	
      138655000	     13766	80003b70	0001	c.addi	x0,0	  x0:0x00000000  x0=0x00000000
      138665000	     13767	80003b72	405cd3b3	sra	x7,x25,x5	 x25:0x00000000  x5:0x00000000  x7=0x00000000
      138675000	     13768	80003b76	fb714893	xori	x17,x2,-73	  x2:0xf5e39895 x17=0x0a1c6722
      138685000	     13769	80003b7a	03d2ea63	bltu	x5,x29,80003bae	  x5:0x00000000 x29:0xfffffe1c
      138715000	     13772	80003bae	57cb3d93	sltiu	x27,x22,1404	 x22:0x00000000 x27=0x00000001
      138725000	     13773	80003bb2	50586d93	ori	x27,x16,1285	 x16:0xffffffff x27=0xffffffff
      138735000	     13774	80003bb6	0485d063	bge	x11,x8,80003bf6	 x11:0x00000000  x8:0x000005f7
      138745000	     13775	80003bba	017eda63	bge	x29,x23,80003bce	 x29:0xfffffe1c x23:0x00000000
      138755000	     13776	80003bbe	03986a63	bltu	x16,x25,80003bf2	 x16:0xffffffff x25:0x00000000
      138765000	     13777	80003bc2	01c476b3	and	x13,x8,x28	  x8:0x000005f7 x28:0x8001fe51 x13=0x00000451
      138775000	     13778	80003bc6	0188f463	bgeu	x17,x24,80003bce	 x17:0x0a1c6722 x24:0x0000001f
      138805000	     13781	80003bce	01e6e9b3	or	x19,x13,x30	 x13:0x00000451 x30:0x00000000 x19=0x00000451
      138815000	     13782	80003bd2	406b0333	sub	x6,x22,x6	 x22:0x00000000  x6:0xfffffb46  x6=0x000004ba
      138825000	     13783	80003bd6	f6d41437	lui	x8,0xf6d41	  x8=0xf6d41000
      138835000	     13784	80003bda	09d62317	auipc	x6,0x9d62	  x6=0x89d65bda
      138865000	     13787	80003bde	020c0ab3	mul	x21,x24,x0	 x24:0x0000001f  x0:0x00000000 x21=0x00000000
      138875000	     13788	80003be2	0001	c.addi	x0,0	  x0:0x00000000  x0=0x00000000
      138885000	     13789	80003be4	8cb1	c.xor	x9,x12	  x9:0x00000000 x12:0x8001fe2c  x9=0x8001fe2c
      138925000	     13793	80003be6	03c69933	mulh	x18,x13,x28	 x13:0x00000451 x28:0x8001fe51 x18=0xfffffdd7
      138935000	     13794	80003bea	d0b85cb7	lui	x25,0xd0b85	 x25=0xd0b85000
      138945000	     13795	80003bee	013ba2b3	slt	x5,x23,x19	 x23:0x00000000 x19:0x00000451  x5=0x00000001
      138955000	     13796	80003bf2	00dd1993	slli	x19,x26,0xd	 x26:0x000001b4 x19=0x00368000
      138965000	     13797	80003bf6	8d99	c.sub	x11,x14	 x11:0x00000000 x14:0x80023ce4 x11=0x7ffdc31c
      138975000	     13798	80003bf8	00a000ef	jal	x1,80003c02	  x1=0x80003bfc
      138995000	     13800	80003c02	bffd	c.j	80003c00	
      139015000	     13802	80003c00	2809	c.jal	80003c12	  x1=0x80003c02
      139035000	     13804	80003c12	bfcd	c.j	80003c04	
      139055000	     13806	80003c04	ff9ff1ef	jal	x3,80003bfc	  x3=0x80003c08
      139075000	     13808	80003bfc	a009	c.j	80003bfe	
      139095000	     13810	80003bfe	a039	c.j	80003c0c	
      139115000	     13812	80003c0c	fffff0ef	jal	x1,80003c0a	  x1=0x80003c10
      139135000	     13814	80003c0a	2019	c.jal	80003c10	  x1=0x80003c0c
      139155000	     13816	80003c10	bfe5	c.j	80003c08	
      139175000	     13818	80003c08	2031	c.jal	80003c14	  x1=0x80003c0a
      139205000	     13821	80003c14	02a446b3	div	x13,x8,x10	  x8:0xf6d41000 x10:0x00000000 x13=0xffffffff
      139215000	     13822	80003c18	cf95	c.beqz	x15,80003c54	 x15:0xffffffff
      139225000	     13823	80003c1a	bd5c0413	addi	x8,x24,-1067	 x24:0x0000001f  x8=0xfffffbf4
      139595000	     13860	80003c1e	03cf4eb3	div	x29,x30,x28	 x30:0x00000000 x28:0x8001fe51 x29=0x00000000
      139605000	     13861	80003c22	004e0333	add	x6,x28,x4	 x28:0x8001fe51  x4:0x80023823  x6=0x00043674
      139975000	     13898	80003c26	038d42b3	div	x5,x26,x24	 x26:0x000001b4 x24:0x0000001f  x5=0x0000000e
      140345000	     13935	80003c2a	03916f33	rem	x30,x2,x25	  x2:0xf5e39895 x25:0xd0b85000 x30=0xf5e39895
      140355000	     13936	80003c2e	81f9	c.srli	x11,0x1e	 x11:0x7ffdc31c x11=0x00000001
      140365000	     13937	80003c30	0001	c.addi	x0,0	  x0:0x00000000  x0=0x00000000
      140375000	     13938	80003c32	8cbd	c.xor	x9,x15	  x9:0x8001fe2c x15:0xffffffff  x9=0x7ffe01d3
      140415000	     13942	80003c34	029a3db3	mulhu	x27,x20,x9	 x20:0x00000001  x9:0x7ffe01d3 x27=0x00000000
      140455000	     13946	80003c38	035121b3	mulhsu	x3,x2,x21	  x2:0xf5e39895 x21:0x00000000  x3=0x00000000
      140825000	     13983	80003c3c	03a3c033	div	x0,x7,x26	  x7:0x00000000 x26:0x000001b4  x0=0x00000000
      140835000	     13984	80003c40	cd01	c.beqz	x10,80003c58	 x10:0x00000000
      140855000	     13986	80003c58	03653c93	sltiu	x25,x10,54	 x10:0x00000000 x25=0x00000001
      140865000	     13987	80003c5c	0ff0000f	fence	iorw,iorw	
      140875000	     13988	80003c60	01c34db3	xor	x27,x6,x28	  x6:0x00043674 x28:0x8001fe51 x27=0x8005c825
      140895000	     13990	80003c64	027b4533	div	x10,x22,x7	 x22:0x00000000  x7:0x00000000 x10=0xffffffff
      140905000	     13991	80003c68	8c0d	c.sub	x8,x11	  x8:0xfffffbf4 x11:0x00000001  x8=0xfffffbf3
      140915000	     13992	80003c6a	03079c63	bne	x15,x16,80003ca2	 x15:0xffffffff x16:0xffffffff
      140925000	     13993	80003c6e	c109	c.beqz	x10,80003c70	 x10:0xffffffff
      140935000	     13994	80003c70	00b79e33	sll	x28,x15,x11	 x15:0xffffffff x11:0x00000001 x28=0xfffffffe
      140945000	     13995	80003c74	61124897	auipc	x17,0x61124	 x17=0xe1127c74
      140975000	     13998	80003c78	02a10533	mul	x10,x2,x10	  x2:0xf5e39895 x10:0xffffffff x10=0x0a1c676b
      141015000	     14002	80003c7c	02031c33	mulh	x24,x6,x0	  x6:0x00043674  x0:0x00000000 x24=0x00000000
      141025000	     14003	80003c80	c689	c.beqz	x13,80003c8a	 x13:0xffffffff
      141035000	     14004	80003c82	4011d333	sra	x6,x3,x1	  x3:0x00000000  x1:0x80003c0a  x6=0x00000000
      141045000	     14005	80003c86	2d10f813	andi	x16,x1,721	  x1:0x80003c0a x16=0x00000000
      141055000	     14006	80003c8a	99f30993	addi	x19,x6,-1633	  x6:0x00000000 x19=0xfffff99f
      141065000	     14007	80003c8e	026feb63	bltu	x31,x6,80003cc4	 x31:0x00000000  x6:0x00000000
      141075000	     14008	80003c92	8fb1	c.xor	x15,x12	 x15:0xffffffff x12:0x8001fe2c x15=0x7ffe01d3
      141085000	     14009	80003c94	8ecd	c.or	x13,x11	 x13:0xffffffff x11:0x00000001 x13=0xffffffff
      141095000	     14010	80003c96	1afd	c.addi	x21,-1	 x21:0x00000000 x21=0xffffffff
      141105000	     14011	80003c98	85b9	c.srai	x11,0xe	 x11:0x00000001 x11=0x00000000
      141115000	     14012	80003c9a	03e5d463	bge	x11,x30,80003cc2	 x11:0x00000000 x30:0xf5e39895
      141135000	     14014	80003cc2	098e	c.slli	x19,0x3	 x19:0xfffff99f x19=0xffffccf8
      141145000	     14015	80003cc4	8fe9	c.and	x15,x10	 x15:0x7ffe01d3 x10:0x0a1c676b x15=0x0a1c0143
      141155000	     14016	80003cc6	40095933	sra	x18,x18,x0	 x18:0xfffffdd7  x0:0x00000000 x18=0xfffffdd7
      141165000	     14017	80003cca	8199	c.srli	x11,0x6	 x11:0x00000000 x11=0x00000000
      141175000	     14018	80003ccc	03f78463	beq	x15,x31,80003cf4	 x15:0x0a1c0143 x31:0x00000000
      141185000	     14019	80003cd0	f8a0c513	xori	x10,x1,-118	  x1:0x80003c0a x10=0x7fffc380
      141195000	     14020	80003cd4	0183f263	bgeu	x7,x24,80003cd8	  x7:0x00000000 x24:0x00000000
      141215000	     14022	80003cd8	40965213	srai	x4,x12,0x9	 x12:0x8001fe2c  x4=0xffc000ff
      141225000	     14023	80003cdc	0157c7b3	xor	x15,x15,x21	 x15:0x0a1c0143 x21:0xffffffff x15=0xf5e3febc
      141235000	     14024	80003ce0	00bd8333	add	x6,x27,x11	 x27:0x8005c825 x11:0x00000000  x6=0x8005c825
      141605000	     14061	80003ce4	03c946b3	div	x13,x18,x28	 x18:0xfffffdd7 x28:0xfffffffe x13=0x00000114
      141615000	     14062	80003ce8	0962	c.slli	x18,0x18	 x18:0xfffffdd7 x18=0xd7000000
      141625000	     14063	80003cea	01878db3	add	x27,x15,x24	 x15:0xf5e3febc x24:0x00000000 x27=0xf5e3febc
      141635000	     14064	80003cee	05aa	c.slli	x11,0xa	 x11:0x00000000 x11=0x00000000
      141645000	     14065	80003cf0	806d2f13	slti	x30,x26,-2042	 x26:0x000001b4 x30=0x00000000
      142015000	     14102	80003cf4	031af0b3	remu	x1,x21,x17	 x21:0xffffffff x17:0xe1127c74  x1=0x1eed838b
      142025000	     14103	80003cf8	97e6f813	andi	x16,x13,-1666	 x13:0x00000114 x16=0x00000114
      142035000	     14104	80003cfc	0001	c.addi	x0,0	  x0:0x00000000  x0=0x00000000
      142045000	     14105	80003cfe	0141fab3	and	x21,x3,x20	  x3:0x00000000 x20:0x00000001 x21=0x00000000
      142085000	     14109	80003d02	022ea4b3	mulhsu	x9,x29,x2	 x29:0x00000000  x2:0xf5e39895  x9=0x00000000
      142095000	     14110	80003d06	88b9	c.andi	x9,14	  x9:0x00000000  x9=0x00000000
      142105000	     14111	80003d08	010494b3	sll	x9,x9,x16	  x9:0x00000000 x16:0x00000114  x9=0x00000000
      142115000	     14112	80003d0c	91fe	c.add	x3,x31	  x3:0x00000000 x31:0x00000000  x3=0x00000000
      142125000	     14113	80003d0e	0c6a	c.slli	x24,0x1a	 x24:0x00000000 x24=0x00000000
      142135000	     14114	80003d10	8461	c.srai	x8,0x18	  x8:0xfffffbf3  x8=0xffffffff
      142145000	     14115	80003d12	01ef1263	bne	x30,x30,80003d16	 x30:0x00000000 x30:0x00000000
      142155000	     14116	80003d16	9c52	c.add	x24,x20	 x24:0x00000000 x20:0x00000001 x24=0x00000001
      142165000	     14117	80003d18	997d	c.andi	x10,-1	 x10:0x7fffc380 x10=0x7fffc380
      142175000	     14118	80003d1a	08f18f13	addi	x30,x3,143	  x3:0x00000000 x30=0x0000008f
      142215000	     14122	80003d1e	032732b3	mulhu	x5,x14,x18	 x14:0x80023ce4 x18:0xd7000000  x5=0x6b81e123
      142225000	     14123	80003d22	008e0663	beq	x28,x8,80003d2e	 x28:0xfffffffe  x8:0xffffffff
      142235000	     14124	80003d26	01ec63b3	or	x7,x24,x30	 x24:0x00000001 x30:0x0000008f  x7=0x0000008f
      142245000	     14125	80003d2a	03266663	bltu	x12,x18,80003d56	 x12:0x8001fe2c x18:0xd7000000
      142265000	     14127	80003d56	0001	c.addi	x0,0	  x0:0x00000000  x0=0x00000000
      142285000	     14129	80003d58	020554b3	divu	x9,x10,x0	 x10:0x7fffc380  x0:0x00000000  x9=0xffffffff
      142295000	     14130	80003d5c	409cde13	srai	x28,x25,0x9	 x25:0x00000001 x28=0x00000000
      142335000	     14134	80003d60	03672eb3	mulhsu	x29,x14,x22	 x14:0x80023ce4 x22:0x00000000 x29=0x00000000
      142345000	     14135	80003d64	1d7d	c.addi	x26,-1	 x26:0x000001b4 x26=0x000001b3
      142715000	     14172	80003d66	025464b3	rem	x9,x8,x5	  x8:0xffffffff  x5:0x6b81e123  x9=0xffffffff
      142725000	     14173	80003d6a	83d1	c.srli	x15,0x14	 x15:0xf5e3febc x15=0x00000f5e
      142735000	     14174	80003d6c	8469	c.srai	x8,0x1a	  x8:0xffffffff  x8=0xffffffff
      142775000	     14178	80003d6e	02f93433	mulhu	x8,x18,x15	 x18:0xd7000000 x15:0x00000f5e  x8=0x00000ce7
      142785000	     14179	80003d72	4d71	c.li	x26,28	 x26=0x0000001c
      142795000	     14180	80003d74	00e286b3	add	x13,x5,x14	  x5:0x6b81e123 x14:0x80023ce4 x13=0xeb841e07
      142805000	     14181	80003d78	df31f793	andi	x15,x3,-525	  x3:0x00000000 x15=0x00000000
      142815000	     14182	80003d7c	0060beb3	sltu	x29,x1,x6	  x1:0x1eed838b  x6:0x8005c825 x29=0x00000001
      142825000	     14183	80003d80	0a513c13	sltiu	x24,x2,165	  x2:0xf5e39895 x24=0x00000000
      142835000	     14184	80003d84	405f5ab3	sra	x21,x30,x5	 x30:0x0000008f  x5:0x6b81e123 x21=0x00000011
      142845000	     14185	80003d88	78bd0913	addi	x18,x26,1931	 x26:0x0000001c x18=0x000007a7
      142885000	     14189	80003d8c	02fc3e33	mulhu	x28,x24,x15	 x24:0x00000000 x15:0x00000000 x28=0x00000000
      142895000	     14190	80003d90	8c19	c.sub	x8,x14	  x8:0x00000ce7 x14:0x80023ce4  x8=0x7ffdd003
      142905000	     14191	80003d92	f14a4b13	xori	x22,x20,-236	 x20:0x00000001 x22=0xffffff15
      142915000	     14192	80003d96	00086bb3	or	x23,x16,x0	 x16:0x00000114  x0:0x00000000 x23=0x00000114
      142925000	     14193	80003d9a	00a05963	bge	x0,x10,80003dac	  x0:0x00000000 x10:0x7fffc380
      142935000	     14194	80003d9e	8c25	c.xor	x8,x9	  x8:0x7ffdd003  x9:0xffffffff  x8=0x80022ffc
      142945000	     14195	80003da0	c499	c.beqz	x9,80003dae	  x9:0xffffffff
      142955000	     14196	80003da2	d16cad17	auipc	x26,0xd16ca	 x26=0x516cdda2
      142965000	     14197	80003da6	0194bb33	sltu	x22,x9,x25	  x9:0xffffffff x25:0x00000001 x22=0x00000000
      142975000	     14198	80003daa	8d81	c.sub	x11,x8	 x11:0x00000000  x8:0x80022ffc x11=0x7ffdd004
      142985000	     14199	80003dac	8489	c.srai	x9,0x2	  x9:0xffffffff  x9=0xffffffff
      142995000	     14200	80003dae	5cfd	c.li	x25,-1	 x25=0xffffffff
      143035000	     14204	80003db0	024a2ab3	mulhsu	x21,x20,x4	 x20:0x00000001  x4:0xffc000ff x21=0x00000000
      143045000	     14205	80003db4	015ffb63	bgeu	x31,x21,80003dca	 x31:0x00000000 x21:0x00000000
      143065000	     14207	80003dca	8dfa	c.mv	x27,x30	  x0:0x00000000 x30:0x0000008f x27=0x0000008f
      143105000	     14211	80003dcc	03c72db3	mulhsu	x27,x14,x28	 x14:0x80023ce4 x28:0x00000000 x27=0x00000000
      143115000	     14212	80003dd0	01df1493	slli	x9,x30,0x1d	 x30:0x0000008f  x9=0xe0000000
      143125000	     14213	80003dd4	35f45817	auipc	x16,0x35f45	 x16=0xb5f48dd4
      143135000	     14214	80003dd8	62ed	c.lui	x5,0x1b	  x5=0x0001b000
      143145000	     14215	80003dda	0001	c.addi	x0,0	  x0:0x00000000  x0=0x00000000
      143155000	     14216	80003ddc	fe8e3993	sltiu	x19,x28,-24	 x28:0x00000000 x19=0x00000001
      143165000	     14217	80003de0	012c1a93	slli	x21,x24,0x12	 x24:0x00000000 x21=0x00000000
      143175000	     14218	80003de4	8d71	c.and	x10,x12	 x10:0x7fffc380 x12:0x8001fe2c x10=0x0001c200
      143215000	     14222	80003de6	02e227b3	mulhsu	x15,x4,x14	  x4:0xffc000ff x14:0x80023ce4 x15=0xffdffff0
      143225000	     14223	80003dea	02dfd663	bge	x31,x13,80003e16	 x31:0x00000000 x13:0xeb841e07
      143255000	     14226	80003e16	a0927e13	andi	x28,x4,-1527	  x4:0xffc000ff x28=0xffc00009
      143265000	     14227	80003e1a	8d99	c.sub	x11,x14	 x11:0x7ffdd004 x14:0x80023ce4 x11=0xfffb9320
      143305000	     14231	80003e1c	027ca033	mulhsu	x0,x25,x7	 x25:0xffffffff  x7:0x0000008f  x0=0x00000000
      143315000	     14232	80003e20	0000100f	fence.i	
      143335000	     14234	80003e24	52fd	c.li	x5,-1	  x5=0xffffffff
      143345000	     14235	80003e26	8ff1	c.and	x15,x12	 x15:0xffdffff0 x12:0x8001fe2c x15=0x8001fe20
      143355000	     14236	80003e28	8ca9	c.xor	x9,x10	  x9:0xe0000000 x10:0x0001c200  x9=0xe001c200
      143365000	     14237	80003e2a	00201f13	slli	x30,x0,0x2	  x0:0x00000000 x30=0x00000000
      143375000	     14238	80003e2e	16e7f793	andi	x15,x15,366	 x15:0x8001fe20 x15=0x00000020
      143385000	     14239	80003e32	0180adb3	slt	x27,x1,x24	  x1:0x1eed838b x24:0x00000000 x27=0x00000000
      143395000	     14240	80003e36	01e14263	blt	x2,x30,80003e3a	  x2:0xf5e39895 x30:0x00000000
      143425000	     14243	80003e3a	35a8b293	sltiu	x5,x17,858	 x17:0xe1127c74  x5=0x00000000
      143435000	     14244	80003e3e	001ac933	xor	x18,x21,x1	 x21:0x00000000  x1:0x1eed838b x18=0x1eed838b
      143445000	     14245	80003e42	64e1	c.lui	x9,0x18	  x9=0x00018000
      143455000	     14246	80003e44	07e5	c.addi	x15,25	 x15:0x00000020 x15=0x00000039
      143465000	     14247	80003e46	006d8d63	beq	x27,x6,80003e60	 x27:0x00000000  x6:0x8005c825
      143475000	     14248	80003e4a	8169	c.srli	x10,0x1a	 x10:0x0001c200 x10=0x00000000
      143485000	     14249	80003e4c	6f8d	c.lui	x31,0x3	 x31=0x00003000
      143495000	     14250	80003e4e	417ede13	srai	x28,x29,0x17	 x29:0x00000001 x28=0x00000000
      143505000	     14251	80003e52	0001	c.addi	x0,0	  x0:0x00000000  x0=0x00000000
      143515000	     14252	80003e54	32724b13	xori	x22,x4,807	  x4:0xffc000ff x22=0xffc003d8
      143555000	     14256	80003e58	022490b3	mulh	x1,x9,x2	  x9:0x00018000  x2:0xf5e39895  x1=0xfffff0d5
      143565000	     14257	80003e5c	00621563	bne	x4,x6,80003e66	  x4:0xffc000ff  x6:0x8005c825
      143615000	     14262	80003e66	03bc8933	mul	x18,x25,x27	 x25:0xffffffff x27:0x00000000 x18=0x00000000
      143625000	     14263	80003e6a	40f68433	sub	x8,x13,x15	 x13:0xeb841e07 x15:0x00000039  x8=0xeb841dce
      143635000	     14264	80003e6e	404fd033	sra	x0,x31,x4	 x31:0x00003000  x4:0xffc000ff  x0=0x00000000
      143645000	     14265	80003e72	09c92193	slti	x3,x18,156	 x18:0x00000000  x3=0x00000001
      143655000	     14266	80003e76	46bcb213	sltiu	x4,x25,1131	 x25:0xffffffff  x4=0x00000000
      143665000	     14267	80003e7a	c21ae313	ori	x6,x21,-991	 x21:0x00000000  x6=0xfffffc21
      143675000	     14268	80003e7e	0001	c.addi	x0,0	  x0:0x00000000  x0=0x00000000
      143685000	     14269	80003e80	de096e93	ori	x29,x18,-544	 x18:0x00000000 x29=0xfffffde0
      143695000	     14270	80003e84	e899	c.bnez	x9,80003e9a	  x9:0x00018000
      143715000	     14272	80003e9a	8e8d	c.sub	x13,x11	 x13:0xeb841e07 x11:0xfffb9320 x13=0xeb888ae7
      143725000	     14273	80003e9c	015db433	sltu	x8,x27,x21	 x27:0x00000000 x21:0x00000000  x8=0x00000000
      143745000	     14275	80003ea0	038c4333	div	x6,x24,x24	 x24:0x00000000 x24:0x00000000  x6=0xffffffff
      143775000	     14278	80003ea4	02a807b3	mul	x15,x16,x10	 x16:0xb5f48dd4 x10:0x00000000 x15=0x00000000
      143815000	     14282	80003ea8	026712b3	mulh	x5,x14,x6	 x14:0x80023ce4  x6:0xffffffff  x5=0x00000000
      144185000	     14319	80003eac	02bd4c33	div	x24,x26,x11	 x26:0x516cdda2 x11:0xfffb9320 x24=0xffffed9a
      144195000	     14320	80003eb0	8461	c.srai	x8,0x18	  x8:0x00000000  x8=0x00000000
      144205000	     14321	80003eb2	009469b3	or	x19,x8,x9	  x8:0x00000000  x9:0x00018000 x19=0x00018000
      144215000	     14322	80003eb6	4399ab13	slti	x22,x19,1081	 x19:0x00018000 x22=0x00000000
      144225000	     14323	80003eba	ed85	c.bnez	x11,80003ef2	 x11:0xfffb9320
      144615000	     14362	80003ef2	033df433	remu	x8,x27,x19	 x27:0x00000000 x19:0x00018000  x8=0x00000000
      144625000	     14363	80003ef6	0000e663	bltu	x1,x0,80003f02	  x1:0xfffff0d5  x0:0x00000000
      144995000	     14400	80003efa	031a5bb3	divu	x23,x20,x17	 x20:0x00000001 x17:0xe1127c74 x23=0x00000000
      145365000	     14437	80003efe	0383f4b3	remu	x9,x7,x24	  x7:0x0000008f x24:0xffffed9a  x9=0x0000008f
      145375000	     14438	80003f02	00fb5eb3	srl	x29,x22,x15	 x22:0x00000000 x15:0x00000000 x29=0x00000000
      145385000	     14439	80003f06	020b4f63	blt	x22,x0,80003f44	 x22:0x00000000  x0:0x00000000
      145395000	     14440	80003f0a	00331d33	sll	x26,x6,x3	  x6:0xffffffff  x3:0x00000001 x26=0xfffffffe
      145765000	     14477	80003f0e	0303e1b3	rem	x3,x7,x16	  x7:0x0000008f x16:0xb5f48dd4  x3=0x0000008f
      145775000	     14478	80003f12	828d	c.srli	x13,0x3	 x13:0xeb888ae7 x13=0x1d71115c
      145785000	     14479	80003f14	059a4363	blt	x20,x25,80003f5a	 x20:0x00000001 x25:0xffffffff
      145805000	     14481	80003f18	03b664b3	rem	x9,x12,x27	 x12:0x8001fe2c x27:0x00000000  x9=0x8001fe2c
      145835000	     14484	80003f1c	031b0233	mul	x4,x22,x17	 x22:0x00000000 x17:0xe1127c74  x4=0x00000000
      145845000	     14485	80003f20	c5ecc413	xori	x8,x25,-930	 x25:0xffffffff  x8=0x000003a1
      145855000	     14486	80003f24	0c55	c.addi	x24,21	 x24:0xffffed9a x24=0xffffedaf
      145875000	     14488	80003f26	02ad6e33	rem	x28,x26,x10	 x26:0xfffffffe x10:0x00000000 x28=0xfffffffe
      145885000	     14489	80003f2a	41c4d393	srai	x7,x9,0x1c	  x9:0x8001fe2c  x7=0xfffffff8
      145895000	     14490	80003f2e	8c11	c.sub	x8,x12	  x8:0x000003a1 x12:0x8001fe2c  x8=0x7ffe0575
      145905000	     14491	80003f30	8b152d93	slti	x27,x10,-1871	 x10:0x00000000 x27=0x00000000
      145925000	     14493	80003f34	03bcc333	div	x6,x25,x27	 x25:0xffffffff x27:0x00000000  x6=0xffffffff
      145935000	     14494	80003f38	00ffdb93	srli	x23,x31,0xf	 x31:0x00003000 x23=0x00000000
      145945000	     14495	80003f3c	02fb4b63	blt	x22,x15,80003f72	 x22:0x00000000 x15:0x00000000
      145955000	     14496	80003f40	038a4993	xori	x19,x20,56	 x20:0x00000001 x19=0x00000039
      145965000	     14497	80003f44	8ca1	c.xor	x9,x8	  x9:0x8001fe2c  x8:0x7ffe0575  x9=0xfffffb59
      145975000	     14498	80003f46	0ff0000f	fence	iorw,iorw	
      145985000	     14499	80003f4a	02dd	c.addi	x5,23	  x5:0x00000000  x5=0x00000017
      145995000	     14500	80003f4c	ac63c293	xori	x5,x7,-1338	  x7:0xfffffff8  x5=0x0000053e
      146005000	     14501	80003f50	01cda4b3	slt	x9,x27,x28	 x27:0x00000000 x28:0xfffffffe  x9=0x00000000
      146015000	     14502	80003f54	80b2	c.mv	x1,x12	  x0:0x00000000 x12:0x8001fe2c  x1=0x8001fe2c
      146045000	     14505	80003f56	02d18033	mul	x0,x3,x13	  x3:0x0000008f x13:0x1d71115c  x0=0x00000000
      146055000	     14506	80003f5a	8199	c.srli	x11,0x6	 x11:0xfffb9320 x11=0x03ffee4c
      146065000	     14507	80003f5c	45e1	c.li	x11,24	 x11=0x00000018
      146075000	     14508	80003f5e	c53a2913	slti	x18,x20,-941	 x20:0x00000001 x18=0x00000000
      146085000	     14509	80003f62	009d5913	srli	x18,x26,0x9	 x26:0xfffffffe x18=0x007fffff
      146095000	     14510	80003f66	021cc263	blt	x25,x1,80003f8a	 x25:0xffffffff  x1:0x8001fe2c
      146105000	     14511	80003f6a	9c92	c.add	x25,x4	 x25:0xffffffff  x4:0x00000000 x25=0xffffffff
      146115000	     14512	80003f6c	ee583237	lui	x4,0xee583	  x4=0xee583000
      146125000	     14513	80003f70	997d	c.andi	x10,-1	 x10:0x00000000 x10=0x00000000
      146135000	     14514	80003f72	404cda33	sra	x20,x25,x4	 x25:0xffffffff  x4:0xee583000 x20=0xffffffff
      146145000	     14515	80003f76	f11a3093	sltiu	x1,x20,-239	 x20:0xffffffff  x1=0x00000000
      146155000	     14516	80003f7a	81ca	c.mv	x3,x18	  x0:0x00000000 x18:0x007fffff  x3=0x007fffff
      146195000	     14520	80003f7c	03ef9333	mulh	x6,x31,x30	 x31:0x00003000 x30:0x00000000  x6=0x00000000
      146205000	     14521	80003f80	85f5	c.srai	x11,0x1d	 x11:0x00000018 x11=0x00000000
      146215000	     14522	80003f82	a7f1a817	auipc	x16,0xa7f1a	 x16=0x27f1df82
      146225000	     14523	80003f86	41055ab3	sra	x21,x10,x16	 x10:0x00000000 x16:0x27f1df82 x21=0x00000000
      146235000	     14524	80003f8a	0ff0000f	fence	iorw,iorw	
      146245000	     14525	80003f8e	9c42	c.add	x24,x16	 x24:0xffffedaf x16:0x27f1df82 x24=0x27f1cd31
      146255000	     14526	80003f90	0266	c.slli	x4,0x19	  x4:0xee583000  x4=0x00000000
      146265000	     14527	80003f92	8d45	c.or	x10,x9	 x10:0x00000000  x9:0x00000000 x10=0x00000000
      146275000	     14528	80003f94	01251013	slli	x0,x10,0x12	 x10:0x00000000  x0=0x00000000
      146285000	     14529	80003f98	01be	c.slli	x3,0xf	  x3:0x007fffff  x3=0xffff8000
      146295000	     14530	80003f9a	0080fcb3	and	x25,x1,x8	  x1:0x00000000  x8:0x7ffe0575 x25=0x00000000
      146305000	     14531	80003f9e	0001	c.addi	x0,0	  x0:0x00000000  x0=0x00000000
      146315000	     14532	80003fa0	44f9	c.li	x9,30	  x9=0x0000001e
      146325000	     14533	80003fa2	41c45213	srai	x4,x8,0x1c	  x8:0x7ffe0575  x4=0x00000007
      146335000	     14534	80003fa6	9afd	c.andi	x13,-1	 x13:0x1d71115c x13=0x1d71115c
      146345000	     14535	80003fa8	84dd	c.srai	x9,0x17	  x9:0x0000001e  x9=0x00000000
      146355000	     14536	80003faa	01c027b3	slt	x15,x0,x28	  x0:0x00000000 x28:0xfffffffe x15=0x00000000
      146365000	     14537	80003fae	00e000ef	jal	x1,80003fbc	  x1=0x80003fb2
      146385000	     14539	80003fbc	01e000ef	jal	x1,80003fda	  x1=0x80003fc0
      146415000	     14542	80003fda	ff1ff36f	jal	x6,80003fca	  x6=0x80003fde
      146435000	     14544	80003fca	3fdd	c.jal	80003fc0	  x1=0x80003fcc
      146455000	     14546	80003fc0	008000ef	jal	x1,80003fc8	  x1=0x80003fc4
      146475000	     14548	80003fc8	b7ed	c.j	80003fb2	
      146495000	     14550	80003fb2	a839	c.j	80003fd0	
      146515000	     14552	80003fd0	0060026f	jal	x4,80003fd6	  x4=0x80003fd4
      146545000	     14555	80003fd6	fffff36f	jal	x6,80003fd4	  x6=0x80003fda
      146565000	     14557	80003fd4	b7c5	c.j	80003fb4	
      146585000	     14559	80003fb4	2019	c.jal	80003fba	  x1=0x80003fb6
      146605000	     14561	80003fba	2031	c.jal	80003fc6	  x1=0x80003fbc
      146625000	     14563	80003fc6	3ffd	c.jal	80003fc4	  x1=0x80003fc8
      146645000	     14565	80003fc4	3fcd	c.jal	80003fb6	  x1=0x80003fc6
      146675000	     14568	80003fb6	0160036f	jal	x6,80003fcc	  x6=0x80003fba
      146695000	     14570	80003fcc	012000ef	jal	x1,80003fde	  x1=0x80003fd0
      147085000	     14609	80003fde	0271fab3	remu	x21,x3,x7	  x3:0xffff8000  x7:0xfffffff8 x21=0xffff8000
      147125000	     14613	80003fe2	0215a5b3	mulhsu	x11,x11,x1	 x11:0x00000000  x1:0x80003fd0 x11=0x00000000
      147135000	     14614	80003fe6	417d5813	srai	x16,x26,0x17	 x26:0xfffffffe x16=0xffffffff
      147145000	     14615	80003fea	8105f093	andi	x1,x11,-2032	 x11:0x00000000  x1=0x00000000
      147155000	     14616	80003fee	013dd963	bge	x27,x19,80004000	 x27:0x00000000 x19:0x00000039
      147165000	     14617	80003ff2	00086963	bltu	x16,x0,80004004	 x16:0xffffffff  x0:0x00000000
      147175000	     14618	80003ff6	40025033	sra	x0,x4,x0	  x4:0x80003fd4  x0:0x00000000  x0=0x00000000
      147185000	     14619	80003ffa	0000100f	fence.i	
      147205000	     14621	80003ffe	82a1	c.srli	x13,0x8	 x13:0x1d71115c x13=0x001d7111
      147245000	     14625	80004000	03f62cb3	mulhsu	x25,x12,x31	 x12:0x8001fe2c x31:0x00003000 x25=0xffffe800
      147255000	     14626	80004004	001f11b3	sll	x3,x30,x1	 x30:0x00000000  x1:0x00000000  x3=0x00000000
      147265000	     14627	80004008	00b3e533	or	x10,x7,x11	  x7:0xfffffff8 x11:0x00000000 x10=0xfffffff8
      147275000	     14628	8000400c	8d79	c.and	x10,x14	 x10:0xfffffff8 x14:0x80023ce4 x10=0x80023ce0
      147285000	     14629	8000400e	015b1e93	slli	x29,x22,0x15	 x22:0x00000000 x29=0x00000000
      147295000	     14630	80004012	00935513	srli	x10,x6,0x9	  x6:0x80003fba x10=0x0040001f
      147305000	     14631	80004016	bc4b27b7	lui	x15,0xbc4b2	 x15=0xbc4b2000
      147315000	     14632	8000401a	006ed963	bge	x29,x6,8000402c	 x29:0x00000000  x6:0x80003fba
      147335000	     14634	8000402c	01d97663	bgeu	x18,x29,80004038	 x18:0x007fffff x29:0x00000000
      147355000	     14636	80004038	02b50063	beq	x10,x11,80004058	 x10:0x0040001f x11:0x00000000
      147395000	     14640	8000403c	02d927b3	mulhsu	x15,x18,x13	 x18:0x007fffff x13:0x001d7111 x15=0x00000eb8
      147405000	     14641	80004040	8d59	c.or	x10,x14	 x10:0x0040001f x14:0x80023ce4 x10=0x80423cff
      147415000	     14642	80004042	03a60963	beq	x12,x26,80004074	 x12:0x8001fe2c x26:0xfffffffe
      147425000	     14643	80004046	991e	c.add	x18,x7	 x18:0x007fffff  x7:0xfffffff8 x18=0x007ffff7
      147435000	     14644	80004048	0118d263	bge	x17,x17,8000404c	 x17:0xe1127c74 x17:0xe1127c74
      147455000	     14646	8000404c	8445	c.srai	x8,0x11	  x8:0x7ffe0575  x8=0x00003fff
      147465000	     14647	8000404e	ef89	c.bnez	x15,80004068	 x15:0x00000eb8
      147485000	     14649	80004068	03d2	c.slli	x7,0x14	  x7:0xfffffff8  x7=0xff800000
      147495000	     14650	8000406a	0ff0000f	fence	iorw,iorw	
      147505000	     14651	8000406e	01a40563	beq	x8,x26,80004078	  x8:0x00003fff x26:0xfffffffe
      147515000	     14652	80004072	0c8a	c.slli	x25,0x2	 x25:0xffffe800 x25=0xffffa000
      147555000	     14656	80004074	02953d33	mulhu	x26,x10,x9	 x10:0x80423cff  x9:0x00000000 x26=0x00000000
      147565000	     14657	80004078	03770463	beq	x14,x23,800040a0	 x14:0x80023ce4 x23:0x00000000
      147935000	     14694	8000407c	028cde33	divu	x28,x25,x8	 x25:0xffffa000  x8:0x00003fff x28=0x0004000e
      147945000	     14695	80004080	04c1fd13	andi	x26,x3,76	  x3:0x00000000 x26=0x00000000
      147955000	     14696	80004084	000f6033	or	x0,x30,x0	 x30:0x00000000  x0:0x00000000  x0=0x00000000
      147965000	     14697	80004088	415e0d33	sub	x26,x28,x21	 x28:0x0004000e x21:0xffff8000 x26=0x0004800e
      147975000	     14698	8000408c	00b21193	slli	x3,x4,0xb	  x4:0x80003fd4  x3=0x01fea000
      147985000	     14699	80004090	2c213f13	sltiu	x30,x2,706	  x2:0xf5e39895 x30=0x00000000
      147995000	     14700	80004094	d9bda813	slti	x16,x27,-613	 x27:0x00000000 x16=0x00000000
      148005000	     14701	80004098	997d	c.andi	x10,-1	 x10:0x80423cff x10=0x80423cff
      148015000	     14702	8000409a	00335813	srli	x16,x6,0x3	  x6:0x80003fba x16=0x100007f7
      148025000	     14703	8000409e	6999	c.lui	x19,0x6	 x19=0x00006000
      148065000	     14707	800040a0	03ca1533	mulh	x10,x20,x28	 x20:0xffffffff x28:0x0004000e x10=0xffffffff
      148075000	     14708	800040a4	8c49	c.or	x8,x10	  x8:0x00003fff x10:0xffffffff  x8=0xffffffff
      148445000	     14745	800040a6	032ceb33	rem	x22,x25,x18	 x25:0xffffa000 x18:0x007ffff7 x22=0xffffa000
      148455000	     14746	800040aa	15fd	c.addi	x11,-1	 x11:0x00000000 x11=0xffffffff
      148465000	     14747	800040ac	98cd6d13	ori	x26,x26,-1652	 x26:0x0004800e x26=0xfffff98e
      148835000	     14784	800040b0	02a8ec33	rem	x24,x17,x10	 x17:0xe1127c74 x10:0xffffffff x24=0x00000000
      148845000	     14785	800040b4	000996b3	sll	x13,x19,x0	 x19:0x00006000  x0:0x00000000 x13=0x00006000
      148855000	     14786	800040b8	01001a63	bne	x0,x16,800040cc	  x0:0x00000000 x16:0x100007f7
      148875000	     14788	800040cc	0000100f	fence.i	
      148895000	     14790	800040d0	80d1	c.srli	x9,0x14	  x9:0x00000000  x9=0x00000000
      148905000	     14791	800040d2	00f3c333	xor	x6,x7,x15	  x7:0xff800000 x15:0x00000eb8  x6=0xff800eb8
      148915000	     14792	800040d6	83e5	c.srli	x15,0x19	 x15:0x00000eb8 x15=0x00000000
      148925000	     14793	800040d8	04df7063	bgeu	x30,x13,80004118	 x30:0x00000000 x13:0x00006000
      148935000	     14794	800040dc	8ef1	c.and	x13,x12	 x13:0x00006000 x12:0x8001fe2c x13=0x00006000
      148945000	     14795	800040de	1783bf13	sltiu	x30,x7,376	  x7:0xff800000 x30=0x00000000
      148955000	     14796	800040e2	03068f63	beq	x13,x16,80004120	 x13:0x00006000 x16:0x100007f7
      148965000	     14797	800040e6	01caad33	slt	x26,x21,x28	 x21:0xffff8000 x28:0x0004000e x26=0x00000001
      148975000	     14798	800040ea	02217663	bgeu	x2,x2,80004116	  x2:0xf5e39895  x2:0xf5e39895
      148995000	     14800	80004116	0001	c.addi	x0,0	  x0:0x00000000  x0=0x00000000
      149005000	     14801	80004118	0000100f	fence.i	
      149025000	     14803	8000411c	05d05263	bge	x0,x29,80004160	  x0:0x00000000 x29:0x00000000
      149045000	     14805	80004160	00e0df93	srli	x31,x1,0xe	  x1:0x00000000 x31=0x00000000
      149085000	     14809	80004164	02aea9b3	mulhsu	x19,x29,x10	 x29:0x00000000 x10:0xffffffff x19=0x00000000
      149125000	     14813	80004168	02b510b3	mulh	x1,x10,x11	 x10:0xffffffff x11:0xffffffff  x1=0x00000000
      149135000	     14814	8000416c	84ad	c.srai	x9,0xb	  x9:0x00000000  x9=0x00000000
      149145000	     14815	8000416e	0d7a	c.slli	x26,0x1e	 x26:0x00000001 x26=0x40000000
      149185000	     14819	80004170	032311b3	mulh	x3,x6,x18	  x6:0xff800eb8 x18:0x007ffff7  x3=0xffffc007
      149195000	     14820	80004174	7e886593	ori	x11,x16,2024	 x16:0x100007f7 x11=0x100007ff
      149225000	     14823	80004178	02ae82b3	mul	x5,x29,x10	 x29:0x00000000 x10:0xffffffff  x5=0x00000000
      149235000	     14824	8000417c	8d19	c.sub	x10,x14	 x10:0xffffffff x14:0x80023ce4 x10=0x7ffdc31b
      149275000	     14828	8000417e	02f3bcb3	mulhu	x25,x7,x15	  x7:0xff800000 x15:0x00000000 x25=0x00000000
      149285000	     14829	80004182	00f35313	srli	x6,x6,0xf	  x6:0xff800eb8  x6=0x0001ff00
      149295000	     14830	80004186	001a9233	sll	x4,x21,x1	 x21:0xffff8000  x1:0x00000000  x4=0xffff8000
      149305000	     14831	8000418a	8fb5	c.xor	x15,x13	 x15:0x00000000 x13:0x00006000 x15=0x00006000
      149315000	     14832	8000418c	019e7fb3	and	x31,x28,x25	 x28:0x0004000e x25:0x00000000 x31=0x00000000
      149325000	     14833	80004190	001f4963	blt	x30,x1,800041a2	 x30:0x00000000  x1:0x00000000
      149335000	     14834	80004194	408ad7b3	sra	x15,x21,x8	 x21:0xffff8000  x8:0xffffffff x15=0xffffffff
      149375000	     14838	80004198	03a836b3	mulhu	x13,x16,x26	 x16:0x100007f7 x26:0x40000000 x13=0x040001fd
      149385000	     14839	8000419c	85d5	c.srai	x11,0x15	 x11:0x100007ff x11=0x00000080
      149395000	     14840	8000419e	00a83e33	sltu	x28,x16,x10	 x16:0x100007f7 x10:0x7ffdc31b x28=0x00000001
      149405000	     14841	800041a2	8afd	c.andi	x13,31	 x13:0x040001fd x13=0x0000001d
      149415000	     14842	800041a4	0001	c.addi	x0,0	  x0:0x00000000  x0=0x00000000
      149425000	     14843	800041a6	c991	c.beqz	x11,800041ba	 x11:0x00000080
      149435000	     14844	800041a8	0001	c.addi	x0,0	  x0:0x00000000  x0=0x00000000
      149445000	     14845	800041aa	fcccbb93	sltiu	x23,x25,-52	 x25:0x00000000 x23=0x00000001
      149465000	     14847	800041ae	020c72b3	remu	x5,x24,x0	 x24:0x00000000  x0:0x00000000  x5=0x00000000
      149475000	     14848	800041b2	7863a493	slti	x9,x7,1926	  x7:0xff800000  x9=0x00000001
      149485000	     14849	800041b6	49d1	c.li	x19,20	 x19=0x00000014
      149495000	     14850	800041b8	8bb1	c.andi	x15,12	 x15:0xffffffff x15=0x0000000c
      149505000	     14851	800041ba	419d03b3	sub	x7,x26,x25	 x26:0x40000000 x25:0x00000000  x7=0x40000000
      149515000	     14852	800041be	00bedbb3	srl	x23,x29,x11	 x29:0x00000000 x11:0x00000080 x23=0x00000000
      149525000	     14853	800041c2	01df3bb3	sltu	x23,x30,x29	 x30:0x00000000 x29:0x00000000 x23=0x00000000
      149535000	     14854	800041c6	8c2d	c.xor	x8,x11	  x8:0xffffffff x11:0x00000080  x8=0xffffff7f
      149545000	     14855	800041c8	c089	c.beqz	x9,800041ca	  x9:0x00000001
      149555000	     14856	800041ca	01bad813	srli	x16,x21,0x1b	 x21:0xffff8000 x16=0x0000001f
      149565000	     14857	800041ce	49dd	c.li	x19,23	 x19=0x00000017
      149575000	     14858	800041d0	8d31	c.xor	x10,x12	 x10:0x7ffdc31b x12:0x8001fe2c x10=0xfffc3d37
      149585000	     14859	800041d2	8eb1	c.xor	x13,x12	 x13:0x0000001d x12:0x8001fe2c x13=0x8001fe31
      149595000	     14860	800041d4	c76f0d93	addi	x27,x30,-906	 x30:0x00000000 x27=0xfffffc76
      149605000	     14861	800041d8	b3964517	auipc	x10,0xb3964	 x10=0x339681d8
      149615000	     14862	800041dc	00aea533	slt	x10,x29,x10	 x29:0x00000000 x10:0x339681d8 x10=0x00000001
      149625000	     14863	800041e0	8c89	c.sub	x9,x10	  x9:0x00000001 x10:0x00000001  x9=0x00000000
      149635000	     14864	800041e2	819d	c.srli	x11,0x7	 x11:0x00000080 x11=0x00000001
      149645000	     14865	800041e4	41728eb3	sub	x29,x5,x23	  x5:0x00000000 x23:0x00000000 x29=0x00000000
      149655000	     14866	800041e8	a858a913	slti	x18,x17,-1403	 x17:0xe1127c74 x18=0x00000001
      149665000	     14867	800041ec	00d09263	bne	x1,x13,800041f0	  x1:0x00000000 x13:0x8001fe31
      149685000	     14869	800041f0	002b64b3	or	x9,x22,x2	 x22:0xffffa000  x2:0xf5e39895  x9=0xffffb895
      149695000	     14870	800041f4	6caa2897	auipc	x17,0x6caa2	 x17=0xecaa61f4
      149735000	     14874	800041f8	02973b33	mulhu	x22,x14,x9	 x14:0x80023ce4  x9:0xffffb895 x22=0x8002192d
      149745000	     14875	800041fc	b4507513	andi	x10,x0,-1211	  x0:0x00000000 x10=0x00000000
      149755000	     14876	80004200	00eeff33	and	x30,x29,x14	 x29:0x00000000 x14:0x80023ce4 x30=0x00000000
      149765000	     14877	80004204	0001	c.addi	x0,0	  x0:0x00000000  x0=0x00000000
      149775000	     14878	80004206	f15a2837	lui	x16,0xf15a2	 x16=0xf15a2000
      149785000	     14879	8000420a	b6daf913	andi	x18,x21,-1171	 x21:0xffff8000 x18=0xffff8000
      149795000	     14880	8000420e	4259	c.li	x4,22	  x4=0x00000016
      149805000	     14881	80004210	ed91	c.bnez	x11,8000422c	 x11:0x00000001
      149825000	     14883	8000422c	b6894693	xori	x13,x18,-1176	 x18:0xffff8000 x13=0x00007b68
      149835000	     14884	80004230	0001	c.addi	x0,0	  x0:0x00000000  x0=0x00000000
      149845000	     14885	80004232	48e4d937	lui	x18,0x48e4d	 x18=0x48e4d000
      149855000	     14886	80004236	00af4d33	xor	x26,x30,x10	 x30:0x00000000 x10:0x00000000 x26=0x00000000
      149865000	     14887	8000423a	8f8d	c.sub	x15,x11	 x15:0x0000000c x11:0x00000001 x15=0x0000000b
      150235000	     14924	8000423c	02e8ca33	div	x20,x17,x14	 x17:0xecaa61f4 x14:0x80023ce4 x20=0x00000000
      150245000	     14925	80004240	01abddb3	srl	x27,x23,x26	 x23:0x00000000 x26:0x00000000 x27=0x00000000
      150255000	     14926	80004244	01efde93	srli	x29,x31,0x1e	 x31:0x00000000 x29=0x00000000
      150265000	     14927	80004248	02155d63	bge	x10,x1,80004282	 x10:0x00000000  x1:0x00000000
      150295000	     14930	80004282	000e1993	slli	x19,x28,0x0	 x28:0x00000001 x19=0x00000001
      150305000	     14931	80004286	0000100f	fence.i	
      150335000	     14934	8000428a	40b65933	sra	x18,x12,x11	 x12:0x8001fe2c x11:0x00000001 x18=0xc000ff16
      150345000	     14935	8000428e	403adab3	sra	x21,x21,x3	 x21:0xffff8000  x3:0xffffc007 x21=0xffffff00
      150355000	     14936	80004292	00462083	lw	x1,4(x12)	 x12:0x8001fe2c  x1=0x80003348 PA:0x8001fe30 load:0x80003348
      150365000	     14937	80004296	03860613	addi	x12,x12,56	 x12:0x8001fe2c x12=0x8001fe64
      150405000	     14941	8000429a	03dcbe33	mulhu	x28,x25,x29	 x25:0x00000000 x29:0x00000000 x28=0x00000000
      150445000	     14945	8000429e	02fd1f33	mulh	x30,x26,x15	 x26:0x00000000 x15:0x0000000b x30=0x00000000
      150455000	     14946	800042a2	4ec1	c.li	x29,16	 x29=0x00000010
      150465000	     14947	800042a4	00008393	addi	x7,x1,0	  x1:0x80003348  x7=0x80003348
      150475000	     14948	800042a8	9382	c.jalr	x7	  x7:0x80003348  x1=0x800042aa
      150495000	     14950	80003348	026000ef	jal	x1,8000336e	  x1=0x8000334c
      150525000	     14953	8000336e	00e000ef	jal	x1,8000337c	  x1=0x80003372
      150545000	     14955	8000337c	2009	c.jal	8000337e	  x1=0x8000337e
      150575000	     14958	8000337e	fd5ff26f	jal	x4,80003352	  x4=0x80003382
      150605000	     14961	80003352	024009ef	jal	x19,80003376	 x19=0x80003356
      150625000	     14963	80003376	37e5	c.jal	8000335e	  x1=0x80003378
      150655000	     14966	8000335e	0240036f	jal	x6,80003382	  x6=0x80003362
      150675000	     14968	80003382	a019	c.j	80003388	
      150695000	     14970	80003388	b7d1	c.j	8000334c	
      150715000	     14972	8000334c	a819	c.j	80003362	
      150745000	     14975	80003362	022000ef	jal	x1,80003384	  x1=0x80003366
      150765000	     14977	80003384	2009	c.jal	80003386	  x1=0x80003386
      150785000	     14979	80003386	37cd	c.jal	80003368	  x1=0x80003388
      150805000	     14981	80003368	00a000ef	jal	x1,80003372	  x1=0x8000336c
      150835000	     14984	80003372	fe9ff4ef	jal	x9,8000335a	  x9=0x80003376
      150855000	     14986	8000335a	a005	c.j	8000337a	
      150875000	     14988	8000337a	37f5	c.jal	80003366	  x1=0x8000337c
      150895000	     14990	80003366	bfdd	c.j	8000335c	
      150915000	     14992	8000335c	203d	c.jal	8000338a	  x1=0x8000335e
      150935000	     14994	8000338a	37fd	c.jal	80003378	  x1=0x8000338c
      150955000	     14996	80003378	3fd5	c.jal	8000336c	  x1=0x8000337a
      150975000	     14998	8000336c	b7f5	c.j	80003358	
      150995000	     15000	80003358	3ffd	c.jal	80003356	  x1=0x8000335a
      151015000	     15002	80003356	bfe5	c.j	8000334e	
      151045000	     15005	8000334e	03e0026f	jal	x4,8000338c	  x4=0x80003352
      151065000	     15007	8000338c	0ff0000f	fence	iorw,iorw	
      151075000	     15008	80003390	0a5d	c.addi	x20,23	 x20:0x00000000 x20=0x00000017
      151105000	     15011	80003392	02028233	mul	x4,x5,x0	  x5:0x00000000  x0:0x00000000  x4=0x00000000
      151115000	     15012	80003396	9f439e17	auipc	x28,0x9f439	 x28=0x1f43c396
      151125000	     15013	8000339a	020e	c.slli	x4,0x3	  x4:0x00000000  x4=0x00000000
      151135000	     15014	8000339c	0000100f	fence.i	
      151155000	     15016	800033a0	0001	c.addi	x0,0	  x0:0x00000000  x0=0x00000000
      151165000	     15017	800033a2	03b40363	beq	x8,x27,800033c8	  x8:0xffffff7f x27:0x00000000
      151175000	     15018	800033a6	0ad1	c.addi	x21,20	 x21:0xffffff00 x21=0xffffff14
      151185000	     15019	800033a8	01b123b3	slt	x7,x2,x27	  x2:0xf5e39895 x27:0x00000000  x7=0x00000001
      151195000	     15020	800033ac	0001	c.addi	x0,0	  x0:0x00000000  x0=0x00000000
      151205000	     15021	800033ae	6911	c.lui	x18,0x4	 x18=0x00004000
      151215000	     15022	800033b0	0fdcef93	ori	x31,x25,253	 x25:0x00000000 x31=0x000000fd
      151225000	     15023	800033b4	05f4dc63	bge	x9,x31,8000340c	  x9:0x80003376 x31:0x000000fd
      151265000	     15027	800033b8	0389a033	mulhsu	x0,x19,x24	 x19:0x80003356 x24:0x00000000  x0=0x00000000
      151275000	     15028	800033bc	00dc6663	bltu	x24,x13,800033c8	 x24:0x00000000 x13:0x00007b68
      151295000	     15030	800033c8	00f91793	slli	x15,x18,0xf	 x18:0x00004000 x15=0x20000000
      151305000	     15031	800033cc	00757033	and	x0,x10,x7	 x10:0x00000000  x7:0x00000001  x0=0x00000000
      151315000	     15032	800033d0	bb017d93	andi	x27,x2,-1104	  x2:0xf5e39895 x27=0xf5e39890
      151325000	     15033	800033d4	41a5	c.li	x3,9	  x3=0x00000009
      151335000	     15034	800033d6	72b88513	addi	x10,x17,1835	 x17:0xecaa61f4 x10=0xecaa691f
      151345000	     15035	800033da	00001a17	auipc	x20,0x1	 x20=0x800043da
      151355000	     15036	800033de	f9aa0a13	addi	x20,x20,-102	 x20:0x800043da x20=0x80004374
      151725000	     15073	800033e2	02b973b3	remu	x7,x18,x11	 x18:0x00004000 x11:0x00000001  x7=0x00000000
      151735000	     15074	800033e6	8d4d	c.or	x10,x11	 x10:0xecaa691f x11:0x00000001 x10=0xecaa691f
      151745000	     15075	800033e8	fd126b93	ori	x23,x4,-47	  x4:0x00000000 x23=0xffffffd1
      151755000	     15076	800033ec	82a6	c.mv	x5,x9	  x0:0x00000000  x9:0x80003376  x5=0x80003376
      151765000	     15077	800033ee	8dc5	c.or	x11,x9	 x11:0x00000001  x9:0x80003376 x11=0x80003377
      151775000	     15078	800033f0	07aa0a13	addi	x20,x20,122	 x20:0x80004374 x20=0x800043ee
      151795000	     15080	800033f4	024d5b33	divu	x22,x26,x4	 x26:0x00000000  x4:0x00000000 x22=0xffffffff
      151805000	     15081	800033f8	77580813	addi	x16,x16,1909	 x16:0xf15a2000 x16=0xf15a2775
      151815000	     15082	800033fc	f87a00e7	jalr	x1,-121(x20)	 x20:0x800043ee  x1=0x80003400
      151835000	     15084	80004374	98fd	c.andi	x9,-1	  x9:0x80003376  x9=0x80003376
      151845000	     15085	80004376	f851b813	sltiu	x16,x3,-123	  x3:0x00000009 x16=0x00000001
      151855000	     15086	8000437a	44c1	c.li	x9,16	  x9=0x00000010
      151865000	     15087	8000437c	cee27893	andi	x17,x4,-786	  x4:0x00000000 x17=0x00000000
      151875000	     15088	80004380	00e5d463	bge	x11,x14,80004388	 x11:0x80003377 x14:0x80023ce4
      151885000	     15089	80004384	402005b3	sub	x11,x0,x2	  x0:0x00000000  x2:0xf5e39895 x11=0x0a1c676b
      151895000	     15090	80004388	1651	c.addi	x12,-12	 x12:0x8001fe64 x12=0x8001fe58
      151905000	     15091	8000438a	008beeb3	or	x29,x23,x8	 x23:0xffffffd1  x8:0xffffff7f x29=0xffffffff
      151915000	     15092	8000438e	3eddeb17	auipc	x22,0x3edde	 x22=0xbede238e
      151925000	     15093	80004392	0000100f	fence.i	
      151955000	     15096	80004396	00162223	sw	x1,4(x12)	 x12:0x8001fe58  x1:0x80003400 PA:0x8001fe5c store:0x80003400 load:0x00000000
      151965000	     15097	8000439a	7ad99a37	lui	x20,0x7ad99	 x20=0x7ad99000
      151975000	     15098	8000439e	032000ef	jal	x1,800043d0	  x1=0x800043a2
      151995000	     15100	800043d0	a011	c.j	800043d4	
      152015000	     15102	800043d4	2009	c.jal	800043d6	  x1=0x800043d6
      152035000	     15104	800043d6	2009	c.jal	800043d8	  x1=0x800043d8
      152055000	     15106	800043d8	3fd9	c.jal	800043ae	  x1=0x800043da
      152075000	     15108	800043ae	3fdd	c.jal	800043a4	  x1=0x800043b0
      152095000	     15110	800043a4	282d	c.jal	800043de	  x1=0x800043a6
      152125000	     15113	800043de	fc9ff36f	jal	x6,800043a6	  x6=0x800043e2
      152155000	     15116	800043a6	01c0036f	jal	x6,800043c2	  x6=0x800043aa
      152175000	     15118	800043c2	bfd5	c.j	800043b6	
      152195000	     15120	800043b6	a805	c.j	800043e6	
      152215000	     15122	800043e6	3fe9	c.jal	800043c0	  x1=0x800043e8
      152235000	     15124	800043c0	3fc5	c.jal	800043b0	  x1=0x800043c2
      152255000	     15126	800043b0	2029	c.jal	800043ba	  x1=0x800043b2
      152275000	     15128	800043ba	2821	c.jal	800043d2	  x1=0x800043bc
      152295000	     15130	800043d2	2801	c.jal	800043e2	  x1=0x800043d4
      152315000	     15132	800043e2	3fe5	c.jal	800043da	  x1=0x800043e4
      152345000	     15135	800043da	fd3ffeef	jal	x29,800043ac	 x29=0x800043de
      152365000	     15137	800043ac	2031	c.jal	800043b8	  x1=0x800043ae
      152385000	     15139	800043b8	a801	c.j	800043c8	
      152405000	     15141	800043c8	b7ed	c.j	800043b2	
      152435000	     15144	800043b2	01a0036f	jal	x6,800043cc	  x6=0x800043b6
      152455000	     15146	800043cc	01c000ef	jal	x1,800043e8	  x1=0x800043d0
      152475000	     15148	800043e8	bf6d	c.j	800043a2	
      152495000	     15150	800043a2	2025	c.jal	800043ca	  x1=0x800043a4
      152515000	     15152	800043ca	a829	c.j	800043e4	
      152535000	     15154	800043e4	bfe1	c.j	800043bc	
      152555000	     15156	800043bc	008000ef	jal	x1,800043c4	  x1=0x800043c0
      152575000	     15158	800043c4	fe7ff6ef	jal	x13,800043aa	 x13=0x800043c8
      152595000	     15160	800043aa	a081	c.j	800043ea	
      152615000	     15162	800043ea	8aea	c.mv	x21,x26	  x0:0x00000000 x26:0x00000000 x21=0x00000000
      152625000	     15163	800043ec	034000ef	jal	x1,80004420	  x1=0x800043f0
      152645000	     15165	80004420	bfe1	c.j	800043f8	
      152665000	     15167	800043f8	a821	c.j	80004410	
      152685000	     15169	80004410	00a00a6f	jal	x20,8000441a	 x20=0x80004414
      152715000	     15172	8000441a	ffbff0ef	jal	x1,80004414	  x1=0x8000441e
      152735000	     15174	80004414	a811	c.j	80004428	
      152755000	     15176	80004428	b7fd	c.j	80004416	
      152775000	     15178	80004416	bfdd	c.j	8000440c	
      152795000	     15180	8000440c	b7fd	c.j	800043fa	
      152815000	     15182	800043fa	a825	c.j	80004432	
      152845000	     15185	80004432	fd1ff0ef	jal	x1,80004402	  x1=0x80004436
      152875000	     15188	80004402	022000ef	jal	x1,80004424	  x1=0x80004406
      152895000	     15190	80004424	bfd5	c.j	80004418	
      152915000	     15192	80004418	bff1	c.j	800043f4	
      152935000	     15194	800043f4	2091	c.jal	80004438	  x1=0x800043f6
      152955000	     15196	80004438	bfd9	c.j	8000440e	
      152975000	     15198	8000440e	a821	c.j	80004426	
      152995000	     15200	80004426	a021	c.j	8000442e	
      153015000	     15202	8000442e	3fe1	c.jal	80004406	  x1=0x80004430
      153035000	     15204	80004406	202d	c.jal	80004430	  x1=0x80004408
      153055000	     15206	80004430	37d9	c.jal	800043f6	  x1=0x80004432
      153075000	     15208	800043f6	2019	c.jal	800043fc	  x1=0x800043f8
      153095000	     15210	800043fc	282d	c.jal	80004436	  x1=0x800043fe
      153115000	     15212	80004436	b7f5	c.j	80004422	
      153135000	     15214	80004422	37f9	c.jal	800043f0	  x1=0x80004424
      153155000	     15216	800043f0	00e001ef	jal	x3,800043fe	  x3=0x800043f4
      153185000	     15219	800043fe	00a0036f	jal	x6,80004408	  x6=0x80004402
      153205000	     15221	80004408	0220036f	jal	x6,8000442a	  x6=0x8000440c
      153235000	     15224	8000442a	ff5ff0ef	jal	x1,8000441e	  x1=0x8000442e
      153255000	     15226	8000441e	a831	c.j	8000443a	
      153645000	     15265	8000443a	0300d233	divu	x4,x1,x16	  x1:0x8000442e x16:0x00000001  x4=0x8000442e
      153655000	     15266	8000443e	03a000ef	jal	x1,80004478	  x1=0x80004442
      153675000	     15268	80004478	bfd5	c.j	8000446c	
      153695000	     15270	8000446c	bffd	c.j	8000446a	
      153715000	     15272	8000446a	2029	c.jal	80004474	  x1=0x8000446c
      153735000	     15274	80004474	fe9ff0ef	jal	x1,8000445c	  x1=0x80004478
      153755000	     15276	8000445c	008001ef	jal	x3,80004464	  x3=0x80004460
      153775000	     15278	80004464	a01d	c.j	8000448a	
      153795000	     15280	8000448a	2009	c.jal	8000448c	  x1=0x8000448c
      153815000	     15282	8000448c	3fed	c.jal	80004486	  x1=0x8000448e
      153845000	     15285	80004486	fdbffdef	jal	x27,80004460	 x27=0x8000448a
      153865000	     15287	80004460	00e0036f	jal	x6,8000446e	  x6=0x80004464
      153885000	     15289	8000446e	2039	c.jal	8000447c	  x1=0x80004470
      153905000	     15291	8000447c	2019	c.jal	80004482	  x1=0x8000447e
      153935000	     15294	80004482	fc7ffb6f	jal	x22,80004448	 x22=0x80004486
      153955000	     15296	80004448	0460036f	jal	x6,8000448e	  x6=0x8000444c
      153975000	     15298	8000448e	bf5d	c.j	80004444	
      153995000	     15300	80004444	008000ef	jal	x1,8000444c	  x1=0x80004448
      154015000	     15302	8000444c	a015	c.j	80004470	
      154035000	     15304	80004470	a009	c.j	80004472	
      154055000	     15306	80004472	a021	c.j	8000447a	
      154075000	     15308	8000447a	b7f5	c.j	80004466	
      154095000	     15310	80004466	3fcd	c.jal	80004458	  x1=0x80004468
      154115000	     15312	80004458	ff7ff26f	jal	x4,8000444e	  x4=0x8000445c
      154145000	     15315	8000444e	01a0026f	jal	x4,80004468	  x4=0x80004452
      154165000	     15317	80004468	2821	c.jal	80004480	  x1=0x8000446a
      154185000	     15319	80004480	bfd1	c.j	80004454	
      154205000	     15321	80004454	202d	c.jal	8000447e	  x1=0x80004456
      154225000	     15323	8000447e	3fe1	c.jal	80004456	  x1=0x80004480
      154245000	     15325	80004456	3ff5	c.jal	80004452	  x1=0x80004458
      154265000	     15327	80004452	bfc5	c.j	80004442	
      154285000	     15329	80004442	20b9	c.jal	80004490	  x1=0x80004444
      154305000	     15331	80004490	8ddd	c.or	x11,x15	 x11:0x0a1c676b x15:0x20000000 x11=0x2a1c676b
      154315000	     15332	80004492	010000ef	jal	x1,800044a2	  x1=0x80004496
      154345000	     15335	800044a2	0180036f	jal	x6,800044ba	  x6=0x800044a6
      154365000	     15337	800044ba	bfcd	c.j	800044ac	
      154385000	     15339	800044ac	a019	c.j	800044b2	
      154405000	     15341	800044b2	bfd5	c.j	800044a6	
      154425000	     15343	800044a6	bfc5	c.j	80004496	
      154445000	     15345	80004496	a839	c.j	800044b4	
      154465000	     15347	800044b4	b7f5	c.j	800044a0	
      154485000	     15349	800044a0	a819	c.j	800044b6	
      154515000	     15352	800044b6	ff3ff0ef	jal	x1,800044a8	  x1=0x800044ba
      154535000	     15354	800044a8	006000ef	jal	x1,800044ae	  x1=0x800044ac
      154565000	     15357	800044ae	fefff26f	jal	x4,8000449c	  x4=0x800044b2
      154585000	     15359	8000449c	ffdff0ef	jal	x1,80004498	  x1=0x800044a0
      154605000	     15361	80004498	024000ef	jal	x1,800044bc	  x1=0x8000449c
      154625000	     15363	800044bc	012ec9b3	xor	x19,x29,x18	 x29:0x800043de x18:0x00004000 x19=0x800003de
      154995000	     15400	800044c0	028d7233	remu	x4,x26,x8	 x26:0x00000000  x8:0xffffff7f  x4=0x00000000
      155005000	     15401	800044c4	011465b3	or	x11,x8,x17	  x8:0xffffff7f x17:0x00000000 x11=0xffffff7f
      155015000	     15402	800044c8	54fd	c.li	x9,-1	  x9=0xffffffff
      155025000	     15403	800044ca	01951d13	slli	x26,x10,0x19	 x10:0xecaa691f x26=0x3e000000
      155035000	     15404	800044ce	0000100f	fence.i	
      155065000	     15407	800044d2	03604f63	blt	x0,x22,80004510	  x0:0x00000000 x22:0x80004486
      155075000	     15408	800044d6	0001	c.addi	x0,0	  x0:0x00000000  x0=0x00000000
      155085000	     15409	800044d8	8ba2	c.mv	x23,x8	  x0:0x00000000  x8:0xffffff7f x23=0xffffff7f
      155125000	     15413	800044da	02591cb3	mulh	x25,x18,x5	 x18:0x00004000  x5:0x80003376 x25=0xffffe000
      155135000	     15414	800044de	229e2c97	auipc	x25,0x229e2	 x25=0xa29e64de
      155145000	     15415	800044e2	007148b3	xor	x17,x2,x7	  x2:0xf5e39895  x7:0x00000000 x17=0xf5e39895
      155155000	     15416	800044e6	a64b12b7	lui	x5,0xa64b1	  x5=0xa64b1000
      155165000	     15417	800044ea	017a4933	xor	x18,x20,x23	 x20:0x80004414 x23:0xffffff7f x18=0x7fffbb6b
      155175000	     15418	800044ee	8c1d	c.sub	x8,x15	  x8:0xffffff7f x15:0x20000000  x8=0xdfffff7f
      155545000	     15455	800044f0	02a85cb3	divu	x25,x16,x10	 x16:0x00000001 x10:0xecaa691f x25=0x00000000
      155555000	     15456	800044f4	c295	c.beqz	x13,80004518	 x13:0x800043c8
      155565000	     15457	800044f6	8f91	c.sub	x15,x12	 x15:0x20000000 x12:0x8001fe58 x15=0x9ffe01a8
      155605000	     15461	800044f8	02fe21b3	mulhsu	x3,x28,x15	 x28:0x1f43c396 x15:0x9ffe01a8  x3=0x138a1bea
      155615000	     15462	800044fc	78ba7813	andi	x16,x20,1931	 x20:0x80004414 x16=0x00000400
      155635000	     15464	80004500	035747b3	div	x15,x14,x21	 x14:0x80023ce4 x21:0x00000000 x15=0xffffffff
      155645000	     15465	80004504	baa77493	andi	x9,x14,-1110	 x14:0x80023ce4  x9=0x800238a0
      155655000	     15466	80004508	fe564193	xori	x3,x12,-27	 x12:0x8001fe58  x3=0x7ffe01bd
      155695000	     15470	8000450c	02f92033	mulhsu	x0,x18,x15	 x18:0x7fffbb6b x15:0xffffffff  x0=0x00000000
      156065000	     15507	80004510	036a69b3	rem	x19,x20,x22	 x20:0x80004414 x22:0x80004486 x19=0xffffff8e
      156435000	     15544	80004514	028765b3	rem	x11,x14,x8	 x14:0x80023ce4  x8:0xdfffff7f x11=0xe0023e67
      156445000	     15545	80004518	63df6293	ori	x5,x30,1597	 x30:0x00000000  x5=0x0000063d
      156465000	     15547	8000451c	0385fbb3	remu	x23,x11,x24	 x11:0xe0023e67 x24:0x00000000 x23=0xe0023e67
      156505000	     15551	80004520	033b9b33	mulh	x22,x23,x19	 x23:0xe0023e67 x19:0xffffff8e x22=0x0000000e
      156515000	     15552	80004524	0001	c.addi	x0,0	  x0:0x00000000  x0=0x00000000
      156525000	     15553	80004526	79324313	xori	x6,x4,1939	  x4:0x00000000  x6=0x00000793
      156535000	     15554	8000452a	82c1	c.srli	x13,0x10	 x13:0x800043c8 x13=0x00008000
      156545000	     15555	8000452c	80ad	c.srli	x9,0xb	  x9:0x800238a0  x9=0x00100047
      156575000	     15558	8000452e	029200b3	mul	x1,x4,x9	  x4:0x00000000  x9:0x00100047  x1=0x00000000
      156605000	     15561	80004532	02f00fb3	mul	x31,x0,x15	  x0:0x00000000 x15:0xffffffff x31=0x00000000
      156615000	     15562	80004536	007d0c63	beq	x26,x7,8000454e	 x26:0x3e000000  x7:0x00000000
      156625000	     15563	8000453a	0bbeeb13	ori	x22,x29,187	 x29:0x800043de x22=0x800043ff
      156635000	     15564	8000453e	41815f33	sra	x30,x2,x24	  x2:0xf5e39895 x24:0x00000000 x30=0xf5e39895
      156645000	     15565	80004542	01d580b3	add	x1,x11,x29	 x11:0xe0023e67 x29:0x800043de  x1=0x60028245
      156655000	     15566	80004546	00d653b3	srl	x7,x12,x13	 x12:0x8001fe58 x13:0x00008000  x7=0x8001fe58
      156665000	     15567	8000454a	00f23a33	sltu	x20,x4,x15	  x4:0x00000000 x15:0xffffffff x20=0x00000001
      156675000	     15568	8000454e	8d36	c.mv	x26,x13	  x0:0x00000000 x13:0x00008000 x26=0x00008000
      156685000	     15569	80004550	8ec9	c.or	x13,x10	 x13:0x00008000 x10:0xecaa691f x13=0xecaae91f
      156695000	     15570	80004552	4158d833	sra	x16,x17,x21	 x17:0xf5e39895 x21:0x00000000 x16=0xf5e39895
      156705000	     15571	80004556	8db5	c.xor	x11,x13	 x11:0xe0023e67 x13:0xecaae91f x11=0x0ca8d778
      156715000	     15572	80004558	0001	c.addi	x0,0	  x0:0x00000000  x0=0x00000000
      156725000	     15573	8000455a	4058dd93	srai	x27,x17,0x5	 x17:0xf5e39895 x27=0xffaf1cc4
      156735000	     15574	8000455e	02af8763	beq	x31,x10,8000458c	 x31:0x00000000 x10:0xecaa691f
      156745000	     15575	80004562	b0d3efb7	lui	x31,0xb0d3e	 x31=0xb0d3e000
      156755000	     15576	80004566	002ff6b3	and	x13,x31,x2	 x31:0xb0d3e000  x2:0xf5e39895 x13=0xb0c38000
      156765000	     15577	8000456a	00d29533	sll	x10,x5,x13	  x5:0x0000063d x13:0xb0c38000 x10=0x0000063d
      157135000	     15614	8000456e	03ef40b3	div	x1,x30,x30	 x30:0xf5e39895 x30:0xf5e39895  x1=0x00000001
      157145000	     15615	80004572	b8b92493	slti	x9,x18,-1141	 x18:0x7fffbb6b  x9=0x00000000
      157155000	     15616	80004576	01924533	xor	x10,x4,x25	  x4:0x00000000 x25:0x00000000 x10=0x00000000
      157165000	     15617	8000457a	003c8833	add	x16,x25,x3	 x25:0x00000000  x3:0x7ffe01bd x16=0x7ffe01bd
      157175000	     15618	8000457e	03250063	beq	x10,x18,8000459e	 x10:0x00000000 x18:0x7fffbb6b
      157185000	     15619	80004582	000dc563	blt	x27,x0,8000458c	 x27:0xffaf1cc4  x0:0x00000000
      157205000	     15621	8000458c	8da1	c.xor	x11,x8	 x11:0x0ca8d778  x8:0xdfffff7f x11=0xd3572807
      157215000	     15622	8000458e	87f1	c.srai	x15,0x1c	 x15:0xffffffff x15=0xffffffff
      157225000	     15623	80004590	00eaceb3	xor	x29,x21,x14	 x21:0x00000000 x14:0x80023ce4 x29=0x80023ce4
      157235000	     15624	80004594	8d95	c.sub	x11,x13	 x11:0xd3572807 x13:0xb0c38000 x11=0x2293a807
      157245000	     15625	80004596	8fdd	c.or	x15,x15	 x15:0xffffffff x15:0xffffffff x15=0xffffffff
      157255000	     15626	80004598	0001	c.addi	x0,0	  x0:0x00000000  x0=0x00000000
      157265000	     15627	8000459a	03fb9f63	bne	x23,x31,800045d8	 x23:0xe0023e67 x31:0xb0d3e000
      157285000	     15629	800045d8	407e5893	srai	x17,x28,0x7	 x28:0x1f43c396 x17=0x003e8787
      157295000	     15630	800045dc	005ee1b3	or	x3,x29,x5	 x29:0x80023ce4  x5:0x0000063d  x3=0x80023efd
      157305000	     15631	800045e0	010f7363	bgeu	x30,x16,800045e6	 x30:0xf5e39895 x16:0x7ffe01bd
      157355000	     15636	800045e6	03198433	mul	x8,x19,x17	 x19:0xffffff8e x17:0x003e8787  x8=0xe427a5e2
      157375000	     15638	800045ea	020d4b33	div	x22,x26,x0	 x26:0x00008000  x0:0x00000000 x22=0xffffffff
      157385000	     15639	800045ee	0001	c.addi	x0,0	  x0:0x00000000  x0=0x00000000
      157395000	     15640	800045f0	0001	c.addi	x0,0	  x0:0x00000000  x0=0x00000000
      157405000	     15641	800045f2	8c69	c.and	x8,x10	  x8:0xe427a5e2 x10:0x00000000  x8=0x00000000
      157415000	     15642	800045f4	0001	c.addi	x0,0	  x0:0x00000000  x0=0x00000000
      157425000	     15643	800045f6	8799	c.srai	x15,0x6	 x15:0xffffffff x15=0xffffffff
      157795000	     15680	800045f8	03c7c0b3	div	x1,x15,x28	 x15:0xffffffff x28:0x1f43c396  x1=0x00000000
      157805000	     15681	800045fc	41a453b3	sra	x7,x8,x26	  x8:0x00000000 x26:0x00008000  x7=0x00000000
      157815000	     15682	80004600	41538433	sub	x8,x7,x21	  x7:0x00000000 x21:0x00000000  x8=0x00000000
      157825000	     15683	80004604	00021413	slli	x8,x4,0x0	  x4:0x00000000  x8=0x00000000
      157835000	     15684	80004608	0001	c.addi	x0,0	  x0:0x00000000  x0=0x00000000
      157845000	     15685	8000460a	bf983b13	sltiu	x22,x16,-1031	 x16:0x7ffe01bd x22=0x00000001
      157855000	     15686	8000460e	00875a93	srli	x21,x14,0x8	 x14:0x80023ce4 x21=0x0080023c
      157895000	     15690	80004612	0294be33	mulhu	x28,x9,x9	  x9:0x00000000  x9:0x00000000 x28=0x00000000
      157905000	     15691	80004616	e1a9	c.bnez	x11,80004658	 x11:0x2293a807
      157925000	     15693	80004658	0ff0000f	fence	iorw,iorw	
      157935000	     15694	8000465c	8d79	c.and	x10,x14	 x10:0x00000000 x14:0x80023ce4 x10=0x00000000
      157945000	     15695	8000465e	70b07f93	andi	x31,x0,1803	  x0:0x00000000 x31=0x00000000
      157985000	     15699	80004662	02bc93b3	mulh	x7,x25,x11	 x25:0x00000000 x11:0x2293a807  x7=0x00000000
      157995000	     15700	80004666	40565fb3	sra	x31,x12,x5	 x12:0x8001fe58  x5:0x0000063d x31=0xfffffffc
      158005000	     15701	8000466a	01f11e63	bne	x2,x31,80004686	  x2:0xf5e39895 x31:0xfffffffc
      158025000	     15703	80004686	0001	c.addi	x0,0	  x0:0x00000000  x0=0x00000000
      158035000	     15704	80004688	0a46	c.slli	x20,0x11	 x20:0x00000001 x20=0x00020000
      158045000	     15705	8000468a	012aa5b3	slt	x11,x21,x18	 x21:0x0080023c x18:0x7fffbb6b x11=0x00000001
      158085000	     15709	8000468e	036113b3	mulh	x7,x2,x22	  x2:0xf5e39895 x22:0x00000001  x7=0xffffffff
      158095000	     15710	80004692	003140b3	xor	x1,x2,x3	  x2:0xf5e39895  x3:0x80023efd  x1=0x75e1a668
      158105000	     15711	80004696	8d49	c.or	x10,x10	 x10:0x00000000 x10:0x00000000 x10=0x00000000
      158115000	     15712	80004698	0000100f	fence.i	
      158145000	     15715	8000469c	024dc333	div	x6,x27,x4	 x27:0xffaf1cc4  x4:0x00000000  x6=0xffffffff
      158155000	     15716	800046a0	000b1bb3	sll	x23,x22,x0	 x22:0x00000001  x0:0x00000000 x23=0x00000001
      158165000	     15717	800046a4	8491	c.srai	x9,0x4	  x9:0x00000000  x9=0x00000000
      158175000	     15718	800046a6	010f1a93	slli	x21,x30,0x10	 x30:0xf5e39895 x21=0x98950000
      158545000	     15755	800046aa	0231c9b3	div	x19,x3,x3	  x3:0x80023efd  x3:0x80023efd x19=0x00000001
      158555000	     15756	800046ae	01799b93	slli	x23,x19,0x17	 x19:0x00000001 x23=0x00800000
      158565000	     15757	800046b2	4098da13	srai	x20,x17,0x9	 x17:0x003e8787 x20=0x00001f43
      158575000	     15758	800046b6	03cc0e63	beq	x24,x28,800046f2	 x24:0x00000000 x28:0x00000000
      158635000	     15764	800046f2	03bc2c33	mulhsu	x24,x24,x27	 x24:0x00000000 x27:0xffaf1cc4 x24=0x00000000
      158645000	     15765	800046f6	81b9	c.srli	x11,0xe	 x11:0x00000001 x11=0x00000000
      158655000	     15766	800046f8	05fa	c.slli	x11,0x1e	 x11:0x00000000 x11=0x00000000
      158665000	     15767	800046fa	8fad	c.xor	x15,x11	 x15:0xffffffff x11:0x00000000 x15=0xffffffff
      158675000	     15768	800046fc	902a7d93	andi	x27,x20,-1790	 x20:0x00001f43 x27=0x00001902
      158685000	     15769	80004700	8ff1	c.and	x15,x12	 x15:0xffffffff x12:0x8001fe58 x15=0x8001fe58
      158725000	     15773	80004702	03e3a333	mulhsu	x6,x7,x30	  x7:0xffffffff x30:0xf5e39895  x6=0xffffffff
      158735000	     15774	80004706	8ea5	c.xor	x13,x9	 x13:0xb0c38000  x9:0x00000000 x13=0xb0c38000
      158745000	     15775	80004708	8ead	c.xor	x13,x11	 x13:0xb0c38000 x11:0x00000000 x13=0xb0c38000
      158755000	     15776	8000470a	001fdf93	srli	x31,x31,0x1	 x31:0xfffffffc x31=0x7ffffffe
      159125000	     15813	8000470e	0253f0b3	remu	x1,x7,x5	  x7:0xffffffff  x5:0x0000063d  x1=0x0000011e
      159135000	     15814	80004712	8fa1	c.xor	x15,x8	 x15:0x8001fe58  x8:0x00000000 x15=0x8001fe58
      159505000	     15851	80004714	03ae4eb3	div	x29,x28,x26	 x28:0x00000000 x26:0x00008000 x29=0x00000000
      159515000	     15852	80004718	00be6563	bltu	x28,x11,80004722	 x28:0x00000000 x11:0x00000000
      159525000	     15853	8000471c	8d2d	c.xor	x10,x11	 x10:0x00000000 x11:0x00000000 x10=0x00000000
      159535000	     15854	8000471e	007dac13	slti	x24,x27,7	 x27:0x00001902 x24=0x00000000
      159545000	     15855	80004722	000dcc63	blt	x27,x0,8000473a	 x27:0x00001902  x0:0x00000000
      159555000	     15856	80004726	018a9313	slli	x6,x21,0x18	 x21:0x98950000  x6=0x00000000
      159925000	     15893	8000472a	022d4cb3	div	x25,x26,x2	 x26:0x00008000  x2:0xf5e39895 x25=0x00000000
      159935000	     15894	8000472e	0001	c.addi	x0,0	  x0:0x00000000  x0=0x00000000
      159945000	     15895	80004730	00e66d33	or	x26,x12,x14	 x12:0x8001fe58 x14:0x80023ce4 x26=0x8003fefc
      159985000	     15899	80004734	03e334b3	mulhu	x9,x6,x30	  x6:0x00000000 x30:0xf5e39895  x9=0x00000000
      159995000	     15900	80004738	ca91	c.beqz	x13,8000474c	 x13:0xb0c38000
      160005000	     15901	8000473a	0000100f	fence.i	
      160025000	     15903	8000473e	8d6d	c.and	x10,x11	 x10:0x00000000 x11:0x00000000 x10=0x00000000
      160035000	     15904	80004740	ba99bb13	sltiu	x22,x19,-1111	 x19:0x00000001 x22=0x00000001
      160045000	     15905	80004744	022b0f63	beq	x22,x2,80004782	 x22:0x00000001  x2:0xf5e39895
      160055000	     15906	80004748	003c9213	slli	x4,x25,0x3	 x25:0x00000000  x4=0x00000000
      160065000	     15907	8000474c	5afd	c.li	x21,-1	 x21=0xffffffff
      160075000	     15908	8000474e	40f4d933	sra	x18,x9,x15	  x9:0x00000000 x15:0x8001fe58 x18=0x00000000
      160085000	     15909	80004752	00b19463	bne	x3,x11,8000475a	  x3:0x80023efd x11:0x00000000
      160105000	     15911	8000475a	ed89	c.bnez	x11,80004774	 x11:0x00000000
      160115000	     15912	8000475c	0000100f	fence.i	
      160165000	     15917	80004760	03aaa933	mulhsu	x18,x21,x26	 x21:0xffffffff x26:0x8003fefc x18=0xffffffff
      160175000	     15918	80004764	02ec6063	bltu	x24,x14,80004784	 x24:0x00000000 x14:0x80023ce4
      160195000	     15920	80004784	aa61b593	sltiu	x11,x3,-1370	  x3:0x80023efd x11=0x00000001
      160205000	     15921	80004788	00462083	lw	x1,4(x12)	 x12:0x8001fe58  x1=0x80003400 PA:0x8001fe5c load:0x80003400
      160215000	     15922	8000478c	0063f333	and	x6,x7,x6	  x7:0xffffffff  x6:0x00000000  x6=0x00000000
      160225000	     15923	80004790	9af87393	andi	x7,x16,-1617	 x16:0x7ffe01bd  x7=0x7ffe01ad
      160595000	     15960	80004794	02215b33	divu	x22,x2,x2	  x2:0xf5e39895  x2:0xf5e39895 x22=0x00000001
      160605000	     15961	80004798	0696	c.slli	x13,0x5	 x13:0xb0c38000 x13=0x18700000
      160615000	     15962	8000479a	35bcbd13	sltiu	x26,x25,859	 x25:0x00000000 x26=0x00000001
      160625000	     15963	8000479e	25393393	sltiu	x7,x18,595	 x18:0xffffffff  x7=0x00000000
      160635000	     15964	800047a2	016ec233	xor	x4,x29,x22	 x29:0x00000000 x22:0x00000001  x4=0x00000001
      160675000	     15968	800047a6	029b9033	mulh	x0,x23,x9	 x23:0x00800000  x9:0x00000000  x0=0x00000000
      160685000	     15969	800047aa	0631	c.addi	x12,12	 x12:0x8001fe58 x12=0x8001fe64
      160695000	     15970	800047ac	0001	c.addi	x0,0	  x0:0x00000000  x0=0x00000000
      160705000	     15971	800047ae	00108d13	addi	x26,x1,1	  x1:0x80003400 x26=0x80003401
      160715000	     15972	800047b2	8d02	c.jr	x26	 x26:0x80003401
      160735000	     15974	80003400	8fa9	c.xor	x15,x10	 x15:0x8001fe58 x10:0x00000000 x15=0x8001fe58
      160765000	     15977	80003402	037e0533	mul	x10,x28,x23	 x28:0x00000000 x23:0x00800000 x10=0x00000000
      160775000	     15978	80003406	01799c33	sll	x24,x19,x23	 x19:0x00000001 x23:0x00800000 x24=0x00000001
      160785000	     15979	8000340a	6ac9	c.lui	x21,0x12	 x21=0x00012000
      160825000	     15983	8000340c	0219adb3	mulhsu	x27,x19,x1	 x19:0x00000001  x1:0x80003400 x27=0x00000000
      160835000	     15984	80003410	7b14f013	andi	x0,x9,1969	  x9:0x00000000  x0=0x00000000
      160845000	     15985	80003414	feb13317	auipc	x6,0xfeb13	  x6=0x7eb16414
      160855000	     15986	80003418	e401	c.bnez	x8,80003420	  x8:0x00000000
      160865000	     15987	8000341a	8eb1	c.xor	x13,x12	 x13:0x18700000 x12:0x8001fe64 x13=0x9871fe64
      160875000	     15988	8000341c	003a0563	beq	x20,x3,80003426	 x20:0x00001f43  x3:0x80023efd
      160885000	     15989	80003420	8aa1	c.andi	x13,8	 x13:0x9871fe64 x13=0x00000000
      160895000	     15990	80003422	7e2dee13	ori	x28,x27,2018	 x27:0x00000000 x28=0x000007e2
      160905000	     15991	80003426	198fa293	slti	x5,x31,408	 x31:0x7ffffffe  x5=0x00000000
      160945000	     15995	8000342a	026d9cb3	mulh	x25,x27,x6	 x27:0x00000000  x6:0x7eb16414 x25=0x00000000
      161315000	     16032	8000342e	03366533	rem	x10,x12,x19	 x12:0x8001fe64 x19:0x00000001 x10=0x00000000
      161325000	     16033	80003432	01555f63	bge	x10,x21,80003450	 x10:0x00000000 x21:0x00012000
      161345000	     16035	80003436	02db70b3	remu	x1,x22,x13	 x22:0x00000001 x13:0x00000000  x1=0x00000001
      161355000	     16036	8000343a	320a0993	addi	x19,x20,800	 x20:0x00001f43 x19=0x00002263
      161365000	     16037	8000343e	17607eb7	lui	x29,0x17607	 x29=0x17607000
      161375000	     16038	80003442	01c7a6b3	slt	x13,x15,x28	 x15:0x8001fe58 x28:0x000007e2 x13=0x00000001
      161385000	     16039	80003446	0001	c.addi	x0,0	  x0:0x00000000  x0=0x00000000
      161425000	     16043	80003448	027a12b3	mulh	x5,x20,x7	 x20:0x00001f43  x7:0x00000000  x5=0x00000000
      161435000	     16044	8000344c	41785c93	srai	x25,x16,0x17	 x16:0x7ffe01bd x25=0x000000ff
      161445000	     16045	80003450	8c05	c.sub	x8,x9	  x8:0x00000000  x9:0x00000000  x8=0x00000000
      161455000	     16046	80003452	9bfd	c.andi	x15,-1	 x15:0x8001fe58 x15=0x8001fe58
      161465000	     16047	80003454	ffffd117	auipc	x2,0xffffd	  x2=0x80000454
      161475000	     16048	80003458	f2a10113	addi	x2,x2,-214	  x2:0x80000454  x2=0x8000037e
      161485000	     16049	8000345c	00010067	jalr	x0,0(x2)	  x2:0x8000037e  x0=0x00000000
      161515000	     16052	8000037e	90000a37	lui	x20,0x90000	 x20=0x90000000
      161525000	     16053	80000382	1a61	c.addi	x20,-8	 x20:0x90000000 x20=0x8ffffff8
      161535000	     16054	80000384	4301	c.li	x6,0	  x6=0x00000000
      161545000	     16055	80000386	0322	c.slli	x6,0x8	  x6:0x00000000  x6=0x00000000
      161555000	     16056	80000388	0305	c.addi	x6,1	  x6:0x00000000  x6=0x00000001
      161565000	     16057	8000038a	006a2023	sw	x6,0(x20)	 x20:0x8ffffff8  x6:0x00000001 PA:0x8ffffff8 store:0x00000001 load:0x00000000
      161575000	     16058	8000038e	00000073	ecall	
      161605000	     16061	80002500	0800006f	jal	x0,80002580	  x0=0x00000000
      161625000	     16063	80002580	1771	c.addi	x14,-4	 x14:0x80023ce4 x14=0x80023ce0
      161635000	     16064	80002582	c310	c.sw	x12,0(x14)	 x14:0x80023ce0 x12:0x8001fe64 PA:0x80023ce0 store:0x8001fe64 load:0x00000000
