Time	Cycle	PC	Insn	Decoded instruction	Register and memory contents
        5169000	       156	80000080	40001337	lui	x6,0x40001	  x6=0x40001000
        5189000	       157	80000084	10630313	addi	x6,x6,262	  x6:0x40001000  x6=0x40001106
        5209000	       158	80000088	30131073	csrrw	x0,misa,x6	  x6:0x40001106  x0=0x00000000
        5269000	       161	8000008c	00024717	auipc	x14,0x24	 x14=0x8002408c
        5409000	       168	80000090	c5870713	addi	x14,x14,-936	 x14:0x8002408c x14=0x80023ce4
        5509000	       173	80000094	00002317	auipc	x6,0x2	  x6=0x80002094
        5529000	       174	80000098	46c30313	addi	x6,x6,1132	  x6:0x80002094  x6=0x80002500
        5549000	       175	8000009c	00136313	ori	x6,x6,1	  x6:0x80002500  x6=0x80002501
        5569000	       176	800000a0	30531073	csrrw	x0,mtvec,x6	  x6:0x80002501  x0=0x00000000
        5709000	       183	800000a4	74725073	csrrwi	x0,0x747,4	  x0=0x00000000
        5769000	       186	800000a8	00003117	auipc	x2,0x3	  x2=0x800030a8
        5789000	       187	800000ac	1fc10113	addi	x2,x2,508	  x2:0x800030a8  x2=0x800032a4
        5809000	       188	800000b0	4301	c.li	x6,0	  x6=0x00000000
        5829000	       189	800000b2	911a	c.add	x2,x6	  x2:0x800032a4  x6:0x00000000  x2=0x800032a4
        5849000	       190	800000b4	00215113	srli	x2,x2,0x2	  x2:0x800032a4  x2=0x20000ca9
        5889000	       192	800000b8	3b011073	csrrw	x0,pmpaddr0,x2	  x2:0x20000ca9  x0=0x00000000
        5949000	       195	800000bc	00003117	auipc	x2,0x3	  x2=0x800030bc
        6209000	       208	800000c0	1e810113	addi	x2,x2,488	  x2:0x800030bc  x2=0x800032a4
        6229000	       209	800000c4	11111337	lui	x6,0x11111	  x6=0x11111000
        6589000	       227	800000c8	11130313	addi	x6,x6,273	  x6:0x11111000  x6=0x11111111
        6609000	       228	800000cc	911a	c.add	x2,x6	  x2:0x800032a4  x6:0x11111111  x2=0x911143b5
        6629000	       229	800000ce	00215113	srli	x2,x2,0x2	  x2:0x911143b5  x2=0x244450ed
        6649000	       230	800000d2	3b111073	csrrw	x0,pmpaddr1,x2	  x2:0x244450ed  x0=0x00000000
        6709000	       233	800000d6	00003117	auipc	x2,0x3	  x2=0x800030d6
        7089000	       252	800000da	1ce10113	addi	x2,x2,462	  x2:0x800030d6  x2=0x800032a4
        7109000	       253	800000de	22222337	lui	x6,0x22222	  x6=0x22222000
        7129000	       254	800000e2	22230313	addi	x6,x6,546	  x6:0x22222000  x6=0x22222222
        7149000	       255	800000e6	911a	c.add	x2,x6	  x2:0x800032a4  x6:0x22222222  x2=0xa22254c6
        7169000	       256	800000e8	00215113	srli	x2,x2,0x2	  x2:0xa22254c6  x2=0x28889531
        7269000	       261	800000ec	3b211073	csrrw	x0,pmpaddr2,x2	  x2:0x28889531  x0=0x00000000
        7329000	       264	800000f0	00003117	auipc	x2,0x3	  x2=0x800030f0
        7409000	       268	800000f4	1b410113	addi	x2,x2,436	  x2:0x800030f0  x2=0x800032a4
        7429000	       269	800000f8	33333337	lui	x6,0x33333	  x6=0x33333000
        7449000	       270	800000fc	33330313	addi	x6,x6,819	  x6:0x33333000  x6=0x33333333
        7789000	       287	80000100	911a	c.add	x2,x6	  x2:0x800032a4  x6:0x33333333  x2=0xb33365d7
        7809000	       288	80000102	00215113	srli	x2,x2,0x2	  x2:0xb33365d7  x2=0x2cccd975
        7829000	       289	80000106	3b311073	csrrw	x0,pmpaddr3,x2	  x2:0x2cccd975  x0=0x00000000
        7889000	       292	8000010a	0f0f1137	lui	x2,0xf0f1	  x2=0x0f0f1000
        7909000	       293	8000010e	f0f10113	addi	x2,x2,-241	  x2:0x0f0f1000  x2=0x0f0f0f0f
        7969000	       296	80000112	3a011073	csrrw	x0,pmpcfg0,x2	  x2:0x0f0f0f0f  x0=0x00000000
        8029000	       299	80000116	00003117	auipc	x2,0x3	  x2=0x80003116
        8049000	       300	8000011a	18e10113	addi	x2,x2,398	  x2:0x80003116  x2=0x800032a4
        8369000	       316	8000011e	44444337	lui	x6,0x44444	  x6=0x44444000
        8649000	       330	80000122	44430313	addi	x6,x6,1092	  x6:0x44444000  x6=0x44444444
        8669000	       331	80000126	911a	c.add	x2,x6	  x2:0x800032a4  x6:0x44444444  x2=0xc44476e8
        8689000	       332	80000128	00215113	srli	x2,x2,0x2	  x2:0xc44476e8  x2=0x31111dba
        8709000	       333	8000012c	3b411073	csrrw	x0,pmpaddr4,x2	  x2:0x31111dba  x0=0x00000000
        8769000	       336	80000130	00003117	auipc	x2,0x3	  x2=0x80003130
        8789000	       337	80000134	17410113	addi	x2,x2,372	  x2:0x80003130  x2=0x800032a4
        9009000	       348	80000138	55555337	lui	x6,0x55555	  x6=0x55555000
        9329000	       364	8000013c	55530313	addi	x6,x6,1365	  x6:0x55555000  x6=0x55555555
        9349000	       365	80000140	911a	c.add	x2,x6	  x2:0x800032a4  x6:0x55555555  x2=0xd55587f9
        9369000	       366	80000142	00215113	srli	x2,x2,0x2	  x2:0xd55587f9  x2=0x355561fe
        9429000	       369	80000146	3b511073	csrrw	x0,pmpaddr5,x2	  x2:0x355561fe  x0=0x00000000
        9489000	       372	8000014a	00003117	auipc	x2,0x3	  x2=0x8000314a
        9509000	       373	8000014e	15a10113	addi	x2,x2,346	  x2:0x8000314a  x2=0x800032a4
        9629000	       379	80000152	66666337	lui	x6,0x66666	  x6=0x66666000
       10029000	       399	80000156	66630313	addi	x6,x6,1638	  x6:0x66666000  x6=0x66666666
       10049000	       400	8000015a	911a	c.add	x2,x6	  x2:0x800032a4  x6:0x66666666  x2=0xe666990a
       10069000	       401	8000015c	00215113	srli	x2,x2,0x2	  x2:0xe666990a  x2=0x3999a642
       10149000	       405	80000160	3b611073	csrrw	x0,pmpaddr6,x2	  x2:0x3999a642  x0=0x00000000
       10209000	       408	80000164	00003117	auipc	x2,0x3	  x2=0x80003164
       10229000	       409	80000168	14010113	addi	x2,x2,320	  x2:0x80003164  x2=0x800032a4
       10249000	       410	8000016c	77777337	lui	x6,0x77777	  x6=0x77777000
       10309000	       413	80000170	77730313	addi	x6,x6,1911	  x6:0x77777000  x6=0x77777777
       10429000	       419	80000174	911a	c.add	x2,x6	  x2:0x800032a4  x6:0x77777777  x2=0xf777aa1b
       10449000	       420	80000176	00215113	srli	x2,x2,0x2	  x2:0xf777aa1b  x2=0x3dddea86
       10529000	       424	8000017a	3b711073	csrrw	x0,pmpaddr7,x2	  x2:0x3dddea86  x0=0x00000000
       10589000	       427	8000017e	0f0f1137	lui	x2,0xf0f1	  x2=0x0f0f1000
       10609000	       428	80000182	f0f10113	addi	x2,x2,-241	  x2:0x0f0f1000  x2=0x0f0f0f0f
       10629000	       429	80000186	3a111073	csrrw	x0,pmpcfg1,x2	  x2:0x0f0f0f0f  x0=0x00000000
       10689000	       432	8000018a	00003117	auipc	x2,0x3	  x2=0x8000318a
       10909000	       443	8000018e	11a10113	addi	x2,x2,282	  x2:0x8000318a  x2=0x800032a4
       10929000	       444	80000192	88889337	lui	x6,0x88889	  x6=0x88889000
       11089000	       452	80000196	88830313	addi	x6,x6,-1912	  x6:0x88889000  x6=0x88888888
       11109000	       453	8000019a	911a	c.add	x2,x6	  x2:0x800032a4  x6:0x88888888  x2=0x0888bb2c
       11149000	       455	8000019c	00215113	srli	x2,x2,0x2	  x2:0x0888bb2c  x2=0x02222ecb
       11569000	       476	800001a0	3b811073	csrrw	x0,pmpaddr8,x2	  x2:0x02222ecb  x0=0x00000000
       11989000	       497	800001a4	00003117	auipc	x2,0x3	  x2=0x800031a4
       12009000	       498	800001a8	10010113	addi	x2,x2,256	  x2:0x800031a4  x2=0x800032a4
       12429000	       519	800001ac	9999a337	lui	x6,0x9999a	  x6=0x9999a000
       12449000	       520	800001b0	99930313	addi	x6,x6,-1639	  x6:0x9999a000  x6=0x99999999
       12469000	       521	800001b4	911a	c.add	x2,x6	  x2:0x800032a4  x6:0x99999999  x2=0x1999cc3d
       12889000	       542	800001b6	00215113	srli	x2,x2,0x2	  x2:0x1999cc3d  x2=0x0666730f
       12929000	       544	800001ba	3b911073	csrrw	x0,pmpaddr9,x2	  x2:0x0666730f  x0=0x00000000
       12989000	       547	800001be	00003117	auipc	x2,0x3	  x2=0x800031be
       13009000	       548	800001c2	0e610113	addi	x2,x2,230	  x2:0x800031be  x2=0x800032a4
       13029000	       549	800001c6	aaaab337	lui	x6,0xaaaab	  x6=0xaaaab000
       13169000	       556	800001ca	aaa30313	addi	x6,x6,-1366	  x6:0xaaaab000  x6=0xaaaaaaaa
       13189000	       557	800001ce	911a	c.add	x2,x6	  x2:0x800032a4  x6:0xaaaaaaaa  x2=0x2aaadd4e
       13589000	       577	800001d0	00215113	srli	x2,x2,0x2	  x2:0x2aaadd4e  x2=0x0aaab753
       13669000	       581	800001d4	3ba11073	csrrw	x0,pmpaddr10,x2	  x2:0x0aaab753  x0=0x00000000
       14069000	       601	800001d8	00003117	auipc	x2,0x3	  x2=0x800031d8
       14089000	       602	800001dc	0cc10113	addi	x2,x2,204	  x2:0x800031d8  x2=0x800032a4
       14109000	       603	800001e0	bbbbc337	lui	x6,0xbbbbc	  x6=0xbbbbc000
       14129000	       604	800001e4	bbb30313	addi	x6,x6,-1093	  x6:0xbbbbc000  x6=0xbbbbbbbb
       14549000	       625	800001e8	911a	c.add	x2,x6	  x2:0x800032a4  x6:0xbbbbbbbb  x2=0x3bbbee5f
       14569000	       626	800001ea	00215113	srli	x2,x2,0x2	  x2:0x3bbbee5f  x2=0x0eeefb97
       14989000	       647	800001ee	3bb11073	csrrw	x0,pmpaddr11,x2	  x2:0x0eeefb97  x0=0x00000000
       15049000	       650	800001f2	0f0f1137	lui	x2,0xf0f1	  x2=0x0f0f1000
       15069000	       651	800001f6	f0f10113	addi	x2,x2,-241	  x2:0x0f0f1000  x2=0x0f0f0f0f
       15089000	       652	800001fa	3a211073	csrrw	x0,pmpcfg2,x2	  x2:0x0f0f0f0f  x0=0x00000000
       15209000	       658	800001fe	00003117	auipc	x2,0x3	  x2=0x800031fe
       15229000	       659	80000202	0a610113	addi	x2,x2,166	  x2:0x800031fe  x2=0x800032a4
       15549000	       675	80000206	ccccd337	lui	x6,0xccccd	  x6=0xccccd000
       15569000	       676	8000020a	ccc30313	addi	x6,x6,-820	  x6:0xccccd000  x6=0xcccccccc
       15589000	       677	8000020e	911a	c.add	x2,x6	  x2:0x800032a4  x6:0xcccccccc  x2=0x4cccff70
       15689000	       682	80000210	00215113	srli	x2,x2,0x2	  x2:0x4cccff70  x2=0x13333fdc
       15949000	       695	80000214	3bc11073	csrrw	x0,pmpaddr12,x2	  x2:0x13333fdc  x0=0x00000000
       16009000	       698	80000218	00003117	auipc	x2,0x3	  x2=0x80003218
       16149000	       705	8000021c	08c10113	addi	x2,x2,140	  x2:0x80003218  x2=0x800032a4
       16569000	       726	80000220	dddde337	lui	x6,0xdddde	  x6=0xdddde000
       16669000	       731	80000224	ddd30313	addi	x6,x6,-547	  x6:0xdddde000  x6=0xdddddddd
       16689000	       732	80000228	911a	c.add	x2,x6	  x2:0x800032a4  x6:0xdddddddd  x2=0x5dde1081
       16709000	       733	8000022a	00215113	srli	x2,x2,0x2	  x2:0x5dde1081  x2=0x17778420
       16729000	       734	8000022e	3bd11073	csrrw	x0,pmpaddr13,x2	  x2:0x17778420  x0=0x00000000
       16889000	       742	80000232	00003117	auipc	x2,0x3	  x2=0x80003232
       16909000	       743	80000236	07210113	addi	x2,x2,114	  x2:0x80003232  x2=0x800032a4
       16969000	       746	8000023a	eeeef337	lui	x6,0xeeeef	  x6=0xeeeef000
       16989000	       747	8000023e	eee30313	addi	x6,x6,-274	  x6:0xeeeef000  x6=0xeeeeeeee
       17009000	       748	80000242	911a	c.add	x2,x6	  x2:0x800032a4  x6:0xeeeeeeee  x2=0x6eef2192
       17029000	       749	80000244	00215113	srli	x2,x2,0x2	  x2:0x6eef2192  x2=0x1bbbc864
       17049000	       750	80000248	3be11073	csrrw	x0,pmpaddr14,x2	  x2:0x1bbbc864  x0=0x00000000
       17269000	       761	8000024c	00003117	auipc	x2,0x3	  x2=0x8000324c
       17289000	       762	80000250	05810113	addi	x2,x2,88	  x2:0x8000324c  x2=0x800032a4
       17309000	       763	80000254	fff00313	addi	x6,x0,-1	  x0:0x00000000  x6=0xffffffff
       17329000	       764	80000258	911a	c.add	x2,x6	  x2:0x800032a4  x6:0xffffffff  x2=0x800032a3
       17349000	       765	8000025a	00215113	srli	x2,x2,0x2	  x2:0x800032a3  x2=0x20000ca8
       17389000	       767	8000025e	3bf11073	csrrw	x0,pmpaddr15,x2	  x2:0x20000ca8  x0=0x00000000
       17449000	       770	80000262	0f0f1137	lui	x2,0xf0f1	  x2=0x0f0f1000
       17689000	       782	80000266	f0f10113	addi	x2,x2,-241	  x2:0x0f0f1000  x2=0x0f0f0f0f
       18089000	       802	8000026a	3a311073	csrrw	x0,pmpcfg3,x2	  x2:0x0f0f0f0f  x0=0x00000000
       18149000	       805	8000026e	00000317	auipc	x6,0x0	  x6=0x8000026e
       18529000	       824	80000272	06030313	addi	x6,x6,96	  x6:0x8000026e  x6=0x800002ce
       18549000	       825	80000276	34131073	csrrw	x0,mepc,x6	  x6:0x800002ce  x0=0x00000000
       18589000	       827	8000027a	7c00d073	csrrwi	x0,0x7c0,1	  x0=0x00000000
       18649000	       830	8000027e	4301	c.li	x6,0	  x6=0x00000000
       18669000	       831	80000280	30031073	csrrw	x0,mstatus,x6	  x6:0x00000000  x0=0x00000000
       18969000	       846	80000284	4301	c.li	x6,0	  x6=0x00000000
       19089000	       852	80000286	30431073	csrrw	x0,mie,x6	  x6:0x00000000  x0=0x00000000
       19149000	       855	8000028a	90000a37	lui	x20,0x90000	 x20=0x90000000
       19169000	       856	8000028e	1a71	c.addi	x20,-4	 x20:0x90000000 x20=0x8ffffffc
       19189000	       857	80000290	90000a37	lui	x20,0x90000	 x20=0x90000000
       19209000	       858	80000294	1a71	c.addi	x20,-4	 x20:0x90000000 x20=0x8ffffffc
       19329000	       864	80000296	90000a37	lui	x20,0x90000	 x20=0x90000000
       19349000	       865	8000029a	1a71	c.addi	x20,-4	 x20:0x90000000 x20=0x8ffffffc
       19389000	       867	8000029c	30000313	addi	x6,x0,768	  x0:0x00000000  x6=0x00000300
       19489000	       872	800002a0	0322	c.slli	x6,0x8	  x6:0x00000300  x6=0x00030000
       19509000	       873	800002a2	030d	c.addi	x6,3	  x6:0x00030000  x6=0x00030003
       19569000	       876	800002a4	006a2023	sw	x6,0(x20)	 x20:0x8ffffffc  x6:0x00030003 PA:0x8ffffffc store:0x00030003 load:0xffffffff
       19589000	       877	800002a8	30002373	csrrs	x6,mstatus,x0	  x0:0x00000000  x6=0x00000000
       19709000	       883	800002ac	006a2023	sw	x6,0(x20)	 x20:0x8ffffffc  x6:0x00000000 PA:0x8ffffffc store:0x00000000 load:0xffffffff
       19729000	       884	800002b0	90000a37	lui	x20,0x90000	 x20=0x90000000
       19749000	       885	800002b4	1a71	c.addi	x20,-4	 x20:0x90000000 x20=0x8ffffffc
       20129000	       904	800002b6	30400313	addi	x6,x0,772	  x0:0x00000000  x6=0x00000304
       20149000	       905	800002ba	0322	c.slli	x6,0x8	  x6:0x00000304  x6=0x00030400
       20169000	       906	800002bc	030d	c.addi	x6,3	  x6:0x00030400  x6=0x00030403
       20229000	       909	800002be	006a2023	sw	x6,0(x20)	 x20:0x8ffffffc  x6:0x00030403 PA:0x8ffffffc store:0x00030403 load:0xffffffff
       20249000	       910	800002c2	30402373	csrrs	x6,mie,x0	  x0:0x00000000  x6=0x00000000
       20269000	       911	800002c6	006a2023	sw	x6,0(x20)	 x20:0x8ffffffc  x6:0x00000000 PA:0x8ffffffc store:0x00000000 load:0xffffffff
       20289000	       912	800002ca	30200073	mret	
       20569000	       926	800002ce	ff8b8037	lui	x0,0xff8b8	  x0=0x00000000
       20989000	       947	800002d2	10e00013	addi	x0,x0,270	  x0:0x00000000  x0=0x00000000
       21149000	       955	800002d6	7327d0b7	lui	x1,0x7327d	  x1=0x7327d000
       21229000	       959	800002da	ba008093	addi	x1,x1,-1120	  x1:0x7327d000  x1=0x7327cba0
       21249000	       960	800002de	f5e3a137	lui	x2,0xf5e3a	  x2=0xf5e3a000
       21669000	       981	800002e2	89510113	addi	x2,x2,-1899	  x2:0xf5e3a000  x2=0xf5e39895
       21689000	       982	800002e6	4181	c.li	x3,0	  x3=0x00000000
       21709000	       983	800002e8	6511b237	lui	x4,0x6511b	  x4=0x6511b000
       21729000	       984	800002ec	bba20213	addi	x4,x4,-1094	  x4:0x6511b000  x4=0x6511abba
       21749000	       985	800002f0	e2e872b7	lui	x5,0xe2e87	  x5=0xe2e87000
       21849000	       990	800002f4	5c428293	addi	x5,x5,1476	  x5:0xe2e87000  x5=0xe2e875c4
       21909000	       993	800002f8	4301	c.li	x6,0	  x6=0x00000000
       21929000	       994	800002fa	43a5	c.li	x7,9	  x7=0x00000009
       21949000	       995	800002fc	80000437	lui	x8,0x80000	  x8=0x80000000
       22229000	      1009	80000300	f944e4b7	lui	x9,0xf944e	  x9=0xf944e000
       22249000	      1010	80000304	20f48493	addi	x9,x9,527	  x9:0xf944e000  x9=0xf944e20f
       22669000	      1031	80000308	4501	c.li	x10,0	 x10=0x00000000
       22689000	      1032	8000030a	45a5	c.li	x11,9	 x11=0x00000009
       22849000	      1040	8000030c	f0c556b7	lui	x13,0xf0c55	 x13=0xf0c55000
       23029000	      1049	80000310	da468693	addi	x13,x13,-604	 x13:0xf0c55000 x13=0xf0c54da4
       23109000	      1053	80000314	fd8fc7b7	lui	x15,0xfd8fc	 x15=0xfd8fc000
       23129000	      1054	80000318	e7e78793	addi	x15,x15,-386	 x15:0xfd8fc000 x15=0xfd8fbe7e
       23149000	      1055	8000031c	4801	c.li	x16,0	 x16=0x00000000
       23169000	      1056	8000031e	651938b7	lui	x17,0x65193	 x17=0x65193000
       23189000	      1057	80000322	5eb88893	addi	x17,x17,1515	 x17:0x65193000 x17=0x651935eb
       23209000	      1058	80000326	4911	c.li	x18,4	 x18=0x00000004
       23289000	      1062	80000328	800009b7	lui	x19,0x80000	 x19=0x80000000
       23309000	      1063	8000032c	4a29	c.li	x20,10	 x20=0x0000000a
       23929000	      1094	8000032e	ff2dfab7	lui	x21,0xff2df	 x21=0xff2df000
       23949000	      1095	80000332	586a8a93	addi	x21,x21,1414	 x21:0xff2df000 x21=0xff2df586
       24049000	      1100	80000336	80000b37	lui	x22,0x80000	 x22=0x80000000
       24069000	      1101	8000033a	fa72bbb7	lui	x23,0xfa72b	 x23=0xfa72b000
       24089000	      1102	8000033e	098b8b93	addi	x23,x23,152	 x23:0xfa72b000 x23=0xfa72b098
       24109000	      1103	80000342	4c09	c.li	x24,2	 x24=0x00000002
       24129000	      1104	80000344	4cb9	c.li	x25,14	 x25=0x0000000e
       24149000	      1105	80000346	4d01	c.li	x26,0	 x26=0x00000000
       24189000	      1107	80000348	4d81	c.li	x27,0	 x27=0x00000000
       24209000	      1108	8000034a	4e35	c.li	x28,13	 x28=0x0000000d
       24269000	      1111	8000034c	82ec1eb7	lui	x29,0x82ec1	 x29=0x82ec1000
       24349000	      1115	80000350	cb0e8e93	addi	x29,x29,-848	 x29:0x82ec1000 x29=0x82ec0cb0
       24749000	      1135	80000354	cac09f37	lui	x30,0xcac09	 x30=0xcac09000
       24789000	      1137	80000358	9bdf0f13	addi	x30,x30,-1603	 x30:0xcac09000 x30=0xcac089bd
       24809000	      1138	8000035c	80000fb7	lui	x31,0x80000	 x31=0x80000000
       25229000	      1159	80000360	00020617	auipc	x12,0x20	 x12=0x80020360
       25309000	      1163	80000364	b0460613	addi	x12,x12,-1276	 x12:0x80020360 x12=0x8001fe64
       25329000	      1164	80000368	90000a37	lui	x20,0x90000	 x20=0x90000000
       25349000	      1165	8000036c	1a71	c.addi	x20,-4	 x20:0x90000000 x20=0x8ffffffc
       25369000	      1166	8000036e	4301	c.li	x6,0	  x6=0x00000000
       25389000	      1167	80000370	0322	c.slli	x6,0x8	  x6:0x00000000  x6=0x00000000
       25789000	      1187	80000372	00030313	addi	x6,x6,0	  x6:0x00000000  x6=0x00000000
       26409000	      1218	80000376	006a2023	sw	x6,0(x20)	 x20:0x8ffffffc  x6:0x00000000 PA:0x8ffffffc store:0x00000000 load:0xffffffff
       26429000	      1219	8000037a	72b0206f	jal	x0,800032a4	  x0=0x00000000
       27209000	      1258	800032a4	00001497	auipc	x9,0x1	  x9=0x800042a4
       27269000	      1261	800032a8	06e48493	addi	x9,x9,110	  x9:0x800042a4  x9=0x80004312
       27469000	      1271	800032ac	0ff0000f	fence	iorw,iorw	
       27489000	      1272	800032b0	d7848493	addi	x9,x9,-648	  x9:0x80004312  x9=0x8000408a
       27909000	      1293	800032b4	021e0cb3	mul	x25,x28,x1	 x28:0x0000000d  x1:0x7327cba0 x25=0xd9055720
       27929000	      1294	800032b8	0ed9	c.addi	x29,22	 x29:0x82ec0cb0 x29=0x82ec0cc6
       27969000	      1296	800032ba	03b24a33	div	x20,x4,x27	  x4:0x6511abba x27:0x00000000 x20=0xffffffff
       28129000	      1304	800032be	0ff0000f	fence	iorw,iorw	
       28149000	      1305	800032c2	0a4a	c.slli	x20,0x12	 x20:0xffffffff x20=0xfffc0000
       28469000	      1321	800032c4	00e95463	bge	x18,x14,800032cc	 x18:0x00000004 x14:0x80023ce4
       28949000	      1345	800032cc	288480e7	jalr	x1,648(x9)	  x9:0x8000408a  x1=0x800032d0
       29989000	      1397	80004312	fd060613	addi	x12,x12,-48	 x12:0x8001fe64 x12=0x8001fe34
       30009000	      1398	80004316	0131c9b3	xor	x19,x3,x19	  x3:0x00000000 x19:0x80000000 x19=0x80000000
       30149000	      1405	8000431a	01ad36b3	sltu	x13,x26,x26	 x26:0x00000000 x26:0x00000000 x13=0x00000000
       30169000	      1406	8000431e	0000100f	fence.i	
       30669000	      1431	80004322	00162223	sw	x1,4(x12)	 x12:0x8001fe34  x1:0x800032d0 PA:0x8001fe38 store:0x800032d0 load:0xffffffff
       30689000	      1432	80004326	aa4bbc13	sltiu	x24,x23,-1372	 x23:0xfa72b098 x24=0x00000001
       30709000	      1433	8000432a	0ff0000f	fence	iorw,iorw	
       31089000	      1452	8000432e	01f51933	sll	x18,x10,x31	 x10:0x00000000 x31:0x80000000 x18=0x00000000
       31829000	      1489	80004332	02ba7b33	remu	x22,x20,x11	 x20:0xfffc0000 x11:0x00000009 x22=0x00000003
       31849000	      1490	80004336	0000100f	fence.i	
       32129000	      1504	8000433a	6b7d	c.lui	x22,0x1f	 x22=0x0001f000
       32249000	      1510	8000433c	0265b833	mulhu	x16,x11,x6	 x11:0x00000009  x6:0x00000000 x16=0x00000000
       32289000	      1512	80004340	02569233	mulh	x4,x13,x5	 x13:0x00000000  x5:0xe2e875c4  x4=0x00000000
       32309000	      1513	80004344	b33f64b7	lui	x9,0xb33f6	  x9=0xb33f6000
       32509000	      1523	80004348	8822	c.mv	x16,x8	  x0:0x00000000  x8:0x80000000 x16=0x80000000
       32729000	      1534	8000434a	3b064f93	xori	x31,x12,944	 x12:0x8001fe34 x31=0x8001fd84
       32749000	      1535	8000434e	87fd	c.srai	x15,0x1f	 x15:0xfd8fbe7e x15=0xffffffff
       33069000	      1551	80004350	4158d4b3	sra	x9,x17,x21	 x17:0x651935eb x21:0xff2df586  x9=0x019464d7
       33489000	      1572	80004354	8d41	c.or	x10,x8	 x10:0x00000000  x8:0x80000000 x10=0x80000000
       33509000	      1573	80004356	0140d893	srli	x17,x1,0x14	  x1:0x800032d0 x17=0x00000800
       33709000	      1583	8000435a	00462083	lw	x1,4(x12)	 x12:0x8001fe34  x1=0x800032d0 PA:0x8001fe38 load:0x800032d0
       33969000	      1596	8000435e	03060613	addi	x12,x12,48	 x12:0x8001fe34 x12=0x8001fe64
       34149000	      1605	80004362	0ff0000f	fence	iorw,iorw	
       34269000	      1611	80004366	00295433	srl	x8,x18,x2	 x18:0x00000000  x2:0xf5e39895  x8=0x00000000
       34289000	      1612	8000436a	0366	c.slli	x6,0x19	  x6:0x00000000  x6=0x00000000
       34309000	      1613	8000436c	00008513	addi	x10,x1,0	  x1:0x800032d0 x10=0x800032d0
       34329000	      1614	80004370	00050567	jalr	x10,0(x10)	 x10:0x800032d0 x10=0x80004374
       35109000	      1653	800032d0	00001997	auipc	x19,0x1	 x19=0x800042d0
       35129000	      1654	800032d4	fda98993	addi	x19,x19,-38	 x19:0x800042d0 x19=0x800042aa
       35309000	      1663	800032d8	032025b3	mulhsu	x11,x0,x18	  x0:0x00000000 x18:0x00000000 x11=0x00000000
       35429000	      1669	800032dc	02c883b3	mul	x7,x17,x12	 x17:0x00000800 x12:0x8001fe64  x7=0x0ff32000
       35529000	      1674	800032e0	ce398993	addi	x19,x19,-797	 x19:0x800042aa x19=0x80003f8d
       35689000	      1682	800032e4	008ba6b3	slt	x13,x23,x8	 x23:0xfa72b098  x8:0x00000000 x13=0x00000001
       35709000	      1683	800032e8	00219033	sll	x0,x3,x2	  x3:0x00000000  x2:0xf5e39895  x0=0x00000000
       35729000	      1684	800032ec	032d8db3	mul	x27,x27,x18	 x27:0x00000000 x18:0x00000000 x27=0x00000000
       36869000	      1741	800032f0	0387ccb3	div	x25,x15,x24	 x15:0xffffffff x24:0x00000001 x25=0xffffffff
       36889000	      1742	800032f4	0125c363	blt	x11,x18,800032fa	 x11:0x00000000 x18:0x00000000
       36909000	      1743	800032f8	88ae	c.mv	x17,x11	  x0:0x00000000 x11:0x00000000 x17=0x00000000
       36929000	      1744	800032fa	31e980e7	jalr	x1,798(x19)	 x19:0x80003f8d  x1=0x800032fe
       37069000	      1751	800042aa	01de4463	blt	x28,x29,800042b2	 x28:0x0000000d x29:0x82ec0cc6
       37809000	      1788	800042ae	02a14533	div	x10,x2,x10	  x2:0xf5e39895 x10:0x80004374 x10=0x00000000
       37829000	      1789	800042b2	fc460613	addi	x12,x12,-60	 x12:0x8001fe64 x12=0x8001fe28
       37849000	      1790	800042b6	016865b3	or	x11,x16,x22	 x16:0x80000000 x22:0x0001f000 x11=0x8001f000
       38589000	      1827	800042ba	030e71b3	remu	x3,x28,x16	 x28:0x0000000d x16:0x80000000  x3=0x0000000d
       38609000	      1828	800042be	8d99	c.sub	x11,x14	 x11:0x8001f000 x14:0x80023ce4 x11=0xffffb31c
       38629000	      1829	800042c0	0d3a	c.slli	x26,0xe	 x26:0x00000000 x26=0x00000000
       38669000	      1831	800042c2	03501ab3	mulh	x21,x0,x21	  x0:0x00000000 x21:0xff2df586 x21=0x00000000
       38689000	      1832	800042c6	8fad	c.xor	x15,x11	 x15:0xffffffff x11:0xffffb31c x15=0x00004ce3
       39149000	      1855	800042c8	00162223	sw	x1,4(x12)	 x12:0x8001fe28  x1:0x800032fe PA:0x8001fe2c store:0x800032fe load:0xffffffff
       39189000	      1857	800042cc	023828b3	mulhsu	x17,x16,x3	 x16:0x80000000  x3:0x0000000d x17=0xfffffff9
       41809000	      1988	800042d0	00be7233	and	x4,x28,x11	 x28:0x0000000d x11:0xffffb31c  x4=0x0000000c
       41829000	      1989	800042d4	01d99533	sll	x10,x19,x29	 x19:0x80003f8d x29:0x82ec0cc6 x10=0x000fe340
       41869000	      1991	800042d8	02005c33	divu	x24,x0,x0	  x0:0x00000000  x0:0x00000000 x24=0xffffffff
       41889000	      1992	800042dc	40065a93	srai	x21,x12,0x0	 x12:0x8001fe28 x21=0x8001fe28
       41909000	      1993	800042e0	e799	c.bnez	x15,800042ee	 x15:0x00004ce3
       42369000	      2016	800042ee	0cda	c.slli	x25,0x16	 x25:0xffffffff x25=0xffc00000
       42449000	      2020	800042f0	8d81	c.sub	x11,x8	 x11:0xffffb31c  x8:0x00000000 x11=0xffffb31c
       42909000	      2043	800042f2	00462083	lw	x1,4(x12)	 x12:0x8001fe28  x1=0x800032fe PA:0x8001fe2c load:0x800032fe
       42929000	      2044	800042f6	406787b3	sub	x15,x15,x6	 x15:0x00004ce3  x6:0x00000000 x15=0x00004ce3
       42949000	      2045	800042fa	8bc6	c.mv	x23,x17	  x0:0x00000000 x17:0xfffffff9 x23=0xfffffff9
       42969000	      2046	800042fc	00a26eb3	or	x29,x4,x10	  x4:0x0000000c x10:0x000fe340 x29=0x000fe34c
       43249000	      2060	80004300	03c60613	addi	x12,x12,60	 x12:0x8001fe28 x12=0x8001fe64
       43289000	      2062	80004304	018bcc33	xor	x24,x23,x24	 x23:0xfffffff9 x24:0xffffffff x24=0x00000006
       43529000	      2074	80004308	02ee17b3	mulh	x15,x28,x14	 x28:0x0000000d x14:0x80023ce4 x15=0xfffffff9
       43609000	      2078	8000430c	00008893	addi	x17,x1,0	  x1:0x800032fe x17=0x800032fe
       43829000	      2089	80004310	9882	c.jalr	x17	 x17:0x800032fe  x1=0x80004312
       44469000	      2121	800032fe	012c5bb3	srl	x23,x24,x18	 x24:0x00000006 x18:0x00000000 x23=0x00000006
       44609000	      2128	80003302	00001997	auipc	x19,0x1	 x19=0x80004302
       44789000	      2137	80003306	4b298993	addi	x19,x19,1202	 x19:0x80004302 x19=0x800047b4
       44809000	      2138	8000330a	19f9	c.addi	x19,-2	 x19:0x800047b4 x19=0x800047b2
       44829000	      2139	8000330c	0171b7b3	sltu	x15,x3,x23	  x3:0x0000000d x23:0x00000006 x15=0x00000000
       45089000	      2152	80003310	40c2d6b3	sra	x13,x5,x12	  x5:0xe2e875c4 x12:0x8001fe64 x13=0xfe2e875c
       45109000	      2153	80003314	016070b3	and	x1,x0,x22	  x0:0x00000000 x22:0x0001f000  x1=0x00000000
       45129000	      2154	80003318	007ee463	bltu	x29,x7,80003320	 x29:0x000fe34c  x7:0x0ff32000
       45729000	      2184	80003320	002980e7	jalr	x1,2(x19)	 x19:0x800047b2  x1=0x80003324
       46609000	      2228	800047b4	41c653b3	sra	x7,x12,x28	 x12:0x8001fe64 x28:0x0000000d  x7=0xfffc000f
       46689000	      2232	800047b8	028147b3	div	x15,x2,x8	  x2:0xf5e39895  x8:0x00000000 x15=0xffffffff
       46709000	      2233	800047bc	1621	c.addi	x12,-24	 x12:0x8001fe64 x12=0x8001fe4c
       46729000	      2234	800047be	a021f893	andi	x17,x3,-1534	  x3:0x0000000d x17=0x00000000
       46749000	      2235	800047c2	01b5ad33	slt	x26,x11,x27	 x11:0xffffb31c x27:0x00000000 x26=0x00000001
       46769000	      2236	800047c6	0ff0000f	fence	iorw,iorw	
       46789000	      2237	800047ca	410cddb3	sra	x27,x25,x16	 x25:0xffc00000 x16:0x80000000 x27=0xffc00000
       46809000	      2238	800047ce	bb6ef313	andi	x6,x29,-1098	 x29:0x000fe34c  x6=0x000fe304
       47069000	      2251	800047d2	00162223	sw	x1,4(x12)	 x12:0x8001fe4c  x1:0x80003324 PA:0x8001fe50 store:0x80003324 load:0xffffffff
       47089000	      2252	800047d6	31290393	addi	x7,x18,786	 x18:0x00000000  x7=0x00000312
       47109000	      2253	800047da	0068f2b3	and	x5,x17,x6	 x17:0x00000000  x6:0x000fe304  x5=0x00000000
       47129000	      2254	800047de	016000ef	jal	x1,800047f4	  x1=0x800047e2
       47389000	      2267	800047f4	a031	c.j	80004800	
       48729000	      2334	80004800	fffff0ef	jal	x1,800047fe	  x1=0x80004804
       48769000	      2336	800047fe	bfd5	c.j	800047f2	
       48829000	      2339	800047f2	2019	c.jal	800047f8	  x1=0x800047f4
       48889000	      2342	800047f8	3fd5	c.jal	800047ec	  x1=0x800047fa
       48949000	      2345	800047ec	3fdd	c.jal	800047e2	  x1=0x800047ee
       49029000	      2349	800047e2	004000ef	jal	x1,800047e6	  x1=0x800047e6
       49069000	      2351	800047e6	2009	c.jal	800047e8	  x1=0x800047e8
       49149000	      2355	800047e8	014009ef	jal	x19,800047fc	 x19=0x800047ec
       49209000	      2358	800047fc	bfcd	c.j	800047ee	
       49329000	      2364	800047ee	0080036f	jal	x6,800047f6	  x6=0x800047f2
       49389000	      2367	800047f6	a011	c.j	800047fa	
       49449000	      2370	800047fa	a029	c.j	80004804	
       49509000	      2373	80004804	02263833	mulhu	x16,x12,x2	 x12:0x8001fe4c  x2:0xf5e39895 x16=0x7af3b66e
       49529000	      2374	80004808	00c000ef	jal	x1,80004814	  x1=0x8000480c
       49569000	      2376	80004814	2021	c.jal	8000481c	  x1=0x80004816
       50129000	      2404	8000481c	3fed	c.jal	80004816	  x1=0x8000481e
       50169000	      2406	80004816	2039	c.jal	80004824	  x1=0x80004818
       50529000	      2424	80004824	a039	c.j	80004832	
       51009000	      2448	80004832	37c5	c.jal	80004812	  x1=0x80004834
       51069000	      2451	80004812	202d	c.jal	8000483c	  x1=0x80004814
       51269000	      2461	8000483c	37d5	c.jal	80004820	  x1=0x8000483e
       51349000	      2465	80004820	00c000ef	jal	x1,8000482c	  x1=0x80004824
       51409000	      2468	8000482c	3fcd	c.jal	8000481e	  x1=0x8000482e
       51469000	      2471	8000481e	2029	c.jal	80004828	  x1=0x80004820
       51529000	      2474	80004828	008000ef	jal	x1,80004830	  x1=0x8000482c
       51589000	      2477	80004830	2021	c.jal	80004838	  x1=0x80004832
       51649000	      2480	80004838	fefff0ef	jal	x1,80004826	  x1=0x8000483c
       51709000	      2483	80004826	2021	c.jal	8000482e	  x1=0x80004828
       51769000	      2486	8000482e	2021	c.jal	80004836	  x1=0x80004830
       51829000	      2489	80004836	3fe9	c.jal	80004810	  x1=0x80004838
       51869000	      2491	80004810	a021	c.j	80004818	
       51909000	      2493	80004818	ff5ff0ef	jal	x1,8000480c	  x1=0x8000481c
       51949000	      2495	8000480c	028000ef	jal	x1,80004834	  x1=0x80004810
       52029000	      2499	80004834	a029	c.j	8000483e	
       52109000	      2503	8000483e	00a89f13	slli	x30,x17,0xa	 x17:0x00000000 x30=0x00000000
       52129000	      2504	80004842	00a000ef	jal	x1,8000484c	  x1=0x80004846
       52189000	      2507	8000484c	0080036f	jal	x6,80004854	  x6=0x80004850
       52809000	      2538	80004854	bfcd	c.j	80004846	
       52869000	      2541	80004846	a80d	c.j	80004878	
       53329000	      2564	80004878	ff1ff0ef	jal	x1,80004868	  x1=0x8000487c
       53609000	      2578	80004868	3fdd	c.jal	8000485e	  x1=0x8000486a
       53669000	      2581	8000485e	a00d	c.j	80004880	
       53729000	      2584	80004880	3fe9	c.jal	8000485a	  x1=0x80004882
       53789000	      2587	8000485a	008000ef	jal	x1,80004862	  x1=0x8000485e
       53869000	      2591	80004862	fffff6ef	jal	x13,80004860	 x13=0x80004866
       53929000	      2594	80004860	bfdd	c.j	80004856	
       53989000	      2597	80004856	018000ef	jal	x1,8000486e	  x1=0x8000485a
       54029000	      2599	8000486e	2021	c.jal	80004876	  x1=0x80004870
       54069000	      2601	80004876	bfd5	c.j	8000486a	
       54129000	      2604	8000486a	014000ef	jal	x1,8000487e	  x1=0x8000486e
       54209000	      2608	8000487e	3fc9	c.jal	80004850	  x1=0x80004880
       54269000	      2611	80004850	032000ef	jal	x1,80004882	  x1=0x80004854
       54329000	      2614	80004882	3fed	c.jal	8000487c	  x1=0x80004884
       54389000	      2617	8000487c	b7f1	c.j	80004848	
       54449000	      2620	80004848	03e002ef	jal	x5,80004886	  x5=0x8000484c
       54509000	      2623	80004886	b7f5	c.j	80004872	
       54569000	      2626	80004872	3ffd	c.jal	80004870	  x1=0x80004874
       54609000	      2628	80004870	2011	c.jal	80004874	  x1=0x80004872
       54649000	      2630	80004874	bfcd	c.j	80004866	
       54689000	      2632	80004866	a839	c.j	80004884	
       54729000	      2634	80004884	a011	c.j	80004888	
       55489000	      2672	80004888	0290c833	div	x16,x1,x9	  x1:0x80004872  x9:0x019464d7 x16=0xffffffaf
       55509000	      2673	8000488c	020000ef	jal	x1,800048ac	  x1=0x80004890
       55589000	      2677	800048ac	ff3ff0ef	jal	x1,8000489e	  x1=0x800048b0
       55629000	      2679	8000489e	a00d	c.j	800048c0	
       56449000	      2720	800048c0	3fdd	c.jal	800048b6	  x1=0x800048c2
       56509000	      2723	800048b6	37cd	c.jal	80004898	  x1=0x800048b8
       56569000	      2726	80004898	a029	c.j	800048a2	
       56629000	      2729	800048a2	a019	c.j	800048a8	
       56689000	      2732	800048a8	a801	c.j	800048b8	
       57329000	      2764	800048b8	fe9ff36f	jal	x6,800048a0	  x6=0x800048bc
       57369000	      2766	800048a0	2831	c.jal	800048bc	  x1=0x800048a2
       58129000	      2804	800048bc	fefffbef	jal	x23,800048aa	 x23=0x800048c0
       58169000	      2806	800048aa	bfed	c.j	800048a4	
       58209000	      2808	800048a4	00e000ef	jal	x1,800048b2	  x1=0x800048a8
       58269000	      2811	800048b2	fffffe6f	jal	x28,800048b0	 x28=0x800048b6
       58329000	      2814	800048b0	37ed	c.jal	8000489a	  x1=0x800048b2
       58409000	      2818	8000489a	ffbff0ef	jal	x1,80004894	  x1=0x8000489e
       58449000	      2820	80004894	fffff5ef	jal	x11,80004892	 x11=0x80004898
       58489000	      2822	80004892	bffd	c.j	80004890	
       58529000	      2824	80004890	280d	c.jal	800048c2	  x1=0x80004892
       58569000	      2826	800048c2	8352	c.mv	x6,x20	  x0:0x00000000 x20:0xfffc0000  x6=0xfffc0000
       58589000	      2827	800048c4	008000ef	jal	x1,800048cc	  x1=0x800048c8
       58669000	      2831	800048cc	281d	c.jal	80004902	  x1=0x800048ce
       59009000	      2848	80004902	a009	c.j	80004904	
       59709000	      2883	80004904	ffdff0ef	jal	x1,80004900	  x1=0x80004908
       59749000	      2885	80004900	37e9	c.jal	800048ca	  x1=0x80004902
       59809000	      2888	800048ca	2015	c.jal	800048ee	  x1=0x800048cc
       61229000	      2959	800048ee	b7fd	c.j	800048dc	
       61549000	      2975	800048dc	020002ef	jal	x5,800048fc	  x5=0x800048e0
       61609000	      2978	800048fc	0160036f	jal	x6,80004912	  x6=0x80004900
       61669000	      2981	80004912	a009	c.j	80004914	
       61709000	      2983	80004914	fc5ff0ef	jal	x1,800048d8	  x1=0x80004918
       61769000	      2986	800048d8	2801	c.jal	800048e8	  x1=0x800048da
       61829000	      2989	800048e8	37c5	c.jal	800048c8	  x1=0x800048ea
       61889000	      2992	800048c8	2019	c.jal	800048ce	  x1=0x800048ca
       61949000	      2995	800048ce	a01d	c.j	800048f4	
       62009000	      2998	800048f4	014004ef	jal	x9,80004908	  x9=0x800048f8
       62069000	      3001	80004908	fe5ff0ef	jal	x1,800048ec	  x1=0x8000490c
       62129000	      3004	800048ec	bfe5	c.j	800048e4	
       62189000	      3007	800048e4	ff1ff0ef	jal	x1,800048d4	  x1=0x800048e8
       62249000	      3010	800048d4	ffdff36f	jal	x6,800048d0	  x6=0x800048d8
       62289000	      3012	800048d0	020000ef	jal	x1,800048f0	  x1=0x800048d4
       62329000	      3014	800048f0	0200036f	jal	x6,80004910	  x6=0x800048f4
       62369000	      3016	80004910	b7e9	c.j	800048da	
       62409000	      3018	800048da	2019	c.jal	800048e0	  x1=0x800048dc
       62449000	      3020	800048e0	2035	c.jal	8000490c	  x1=0x800048e2
       62489000	      3022	8000490c	3fd9	c.jal	800048e2	  x1=0x8000490e
       62529000	      3024	800048e2	2819	c.jal	800048f8	  x1=0x800048e4
       62589000	      3027	800048f8	ff3ff0ef	jal	x1,800048ea	  x1=0x800048fc
       62629000	      3029	800048ea	a015	c.j	8000490e	
       62669000	      3031	8000490e	2029	c.jal	80004918	  x1=0x80004910
       62709000	      3033	80004918	8d51	c.or	x10,x12	 x10:0x000fe340 x12:0x8001fe4c x10=0x800fff4c
       62729000	      3034	8000491a	016000ef	jal	x1,80004930	  x1=0x8000491e
       63789000	      3087	80004930	3fd5	c.jal	80004924	  x1=0x80004932
       63829000	      3089	80004924	a011	c.j	80004928	
       63889000	      3092	80004928	a801	c.j	80004938	
       63949000	      3095	80004938	ff3ff36f	jal	x6,8000492a	  x6=0x8000493c
       64009000	      3098	8000492a	008008ef	jal	x17,80004932	 x17=0x8000492e
       64089000	      3102	80004932	004000ef	jal	x1,80004936	  x1=0x80004936
       64149000	      3105	80004936	37e5	c.jal	8000491e	  x1=0x80004938
       64189000	      3107	8000491e	2801	c.jal	8000492e	  x1=0x80004920
       64229000	      3109	8000492e	bfe5	c.j	80004926	
       64269000	      3111	80004926	3fed	c.jal	80004920	  x1=0x80004928
       64309000	      3113	80004920	01c000ef	jal	x1,8000493c	  x1=0x80004924
       64349000	      3115	8000493c	2e984197	auipc	x3,0x2e984	  x3=0xae98893c
       64369000	      3116	80004940	006000ef	jal	x1,80004946	  x1=0x80004944
       64409000	      3118	80004946	2801	c.jal	80004956	  x1=0x80004948
       64549000	      3125	80004956	bfd5	c.j	8000494a	
       64629000	      3129	8000494a	012000ef	jal	x1,8000495c	  x1=0x8000494e
       64969000	      3146	8000495c	bfd5	c.j	80004950	
       65009000	      3148	80004950	ff9fff6f	jal	x30,80004948	 x30=0x80004954
       65069000	      3151	80004948	a031	c.j	80004954	
       65129000	      3154	80004954	a029	c.j	8000495e	
       65249000	      3160	8000495e	ffbff0ef	jal	x1,80004958	  x1=0x80004962
       65309000	      3163	80004958	ff7ff0ef	jal	x1,8000494e	  x1=0x8000495c
       65369000	      3166	8000494e	3fdd	c.jal	80004944	  x1=0x80004950
       65429000	      3169	80004944	2839	c.jal	80004962	  x1=0x80004946
       65509000	      3173	80004962	0ff0000f	fence	iorw,iorw	
       65769000	      3186	80004966	046000ef	jal	x1,800049ac	  x1=0x8000496a
       66389000	      3217	800049ac	ff7ff0ef	jal	x1,800049a2	  x1=0x800049b0
       67129000	      3254	800049a2	2009	c.jal	800049a4	  x1=0x800049a4
       67249000	      3260	800049a4	bff1	c.j	80004980	
       67289000	      3262	80004980	a031	c.j	8000498c	
       68169000	      3306	8000498c	2831	c.jal	800049a8	  x1=0x8000498e
       68209000	      3308	800049a8	fcbff0ef	jal	x1,80004972	  x1=0x800049ac
       68649000	      3330	80004972	2031	c.jal	8000497e	  x1=0x80004974
       68709000	      3333	8000497e	a809	c.j	80004990	
       68769000	      3336	80004990	3fed	c.jal	8000498a	  x1=0x80004992
       68809000	      3338	8000498a	b7cd	c.j	8000496c	
       68849000	      3340	8000496c	280d	c.jal	8000499e	  x1=0x8000496e
       68889000	      3342	8000499e	bfc1	c.j	8000496e	
       69029000	      3349	8000496e	006000ef	jal	x1,80004974	  x1=0x80004972
       69089000	      3352	80004974	a005	c.j	80004994	
       69149000	      3355	80004994	37e5	c.jal	8000497c	  x1=0x80004996
       69189000	      3357	8000497c	2029	c.jal	80004986	  x1=0x8000497e
       69249000	      3360	80004986	ffdff0ef	jal	x1,80004982	  x1=0x8000498a
       69309000	      3363	80004982	0240036f	jal	x6,800049a6	  x6=0x80004986
       69369000	      3366	800049a6	3fdd	c.jal	8000499c	  x1=0x800049a8
       69409000	      3368	8000499c	bffd	c.j	8000499a	
       69449000	      3370	8000499a	3ff1	c.jal	80004976	  x1=0x8000499c
       69489000	      3372	80004976	a02d	c.j	800049a0	
       69529000	      3374	800049a0	3fdd	c.jal	80004996	  x1=0x800049a2
       69589000	      3377	80004996	fe3ff0ef	jal	x1,80004978	  x1=0x8000499a
       69629000	      3379	80004978	01a0036f	jal	x6,80004992	  x6=0x8000497c
       69669000	      3381	80004992	bfe1	c.j	8000496a	
       69709000	      3383	8000496a	a015	c.j	8000498e	
       69749000	      3385	8000498e	a00d	c.j	800049b0	
       69789000	      3387	800049b0	004e4433	xor	x8,x28,x4	 x28:0x800048b6  x4:0x0000000c  x8=0x800048ba
       69809000	      3388	800049b4	012000ef	jal	x1,800049c6	  x1=0x800049b8
       70549000	      3425	800049c6	a009	c.j	800049c8	
       71009000	      3448	800049c8	2031	c.jal	800049d4	  x1=0x800049ca
       71049000	      3450	800049d4	3fed	c.jal	800049ce	  x1=0x800049d6
       80869000	      3941	800049ce	bfdd	c.j	800049c4	
       80909000	      3943	800049c4	a831	c.j	800049e0	
       81069000	      3951	800049e0	004000ef	jal	x1,800049e4	  x1=0x800049e4
       81569000	      3976	800049e4	ff9ff0ef	jal	x1,800049dc	  x1=0x800049e8
       81629000	      3979	800049dc	b7d5	c.j	800049c0	
       81689000	      3982	800049c0	016000ef	jal	x1,800049d6	  x1=0x800049c4
       81769000	      3986	800049d6	fe9ff2ef	jal	x5,800049be	  x5=0x800049da
       81809000	      3988	800049be	a831	c.j	800049da	
       81889000	      3992	800049da	3fdd	c.jal	800049d0	  x1=0x800049dc
       81949000	      3995	800049d0	bfed	c.j	800049ca	
       82029000	      3999	800049ca	014000ef	jal	x1,800049de	  x1=0x800049ce
       82089000	      4002	800049de	3fe9	c.jal	800049b8	  x1=0x800049e0
       82149000	      4005	800049b8	004002ef	jal	x5,800049bc	  x5=0x800049bc
       82209000	      4008	800049bc	a819	c.j	800049d2	
       82269000	      4011	800049d2	2819	c.jal	800049e8	  x1=0x800049d4
       83049000	      4050	800049e8	02c67bb3	remu	x23,x12,x12	 x12:0x8001fe4c x12:0x8001fe4c x23=0x00000000
       83069000	      4051	800049ec	050000ef	jal	x1,80004a3c	  x1=0x800049f0
       83149000	      4055	80004a3c	37ed	c.jal	80004a26	  x1=0x80004a3e
       84209000	      4108	80004a26	ff7ff0ef	jal	x1,80004a1c	  x1=0x80004a2a
       84629000	      4129	80004a1c	37c5	c.jal	800049fc	  x1=0x80004a1e
       84689000	      4132	800049fc	fffff86f	jal	x16,800049fa	 x16=0x80004a00
       84729000	      4134	800049fa	2839	c.jal	80004a18	  x1=0x800049fc
       84789000	      4137	80004a18	3fd5	c.jal	80004a0c	  x1=0x80004a1a
       85129000	      4154	80004a0c	3ff5	c.jal	80004a08	  x1=0x80004a0e
       85669000	      4181	80004a08	37f5	c.jal	800049f4	  x1=0x80004a0a
       85729000	      4184	800049f4	00c001ef	jal	x3,80004a00	  x3=0x800049f8
       85789000	      4187	80004a00	032000ef	jal	x1,80004a32	  x1=0x80004a04
       85849000	      4190	80004a32	004000ef	jal	x1,80004a36	  x1=0x80004a36
       85909000	      4193	80004a36	bff9	c.j	80004a14	
       85969000	      4196	80004a14	ffbff0ef	jal	x1,80004a0e	  x1=0x80004a18
       86029000	      4199	80004a0e	a819	c.j	80004a24	
       86069000	      4201	80004a24	bfd1	c.j	800049f8	
       86109000	      4203	800049f8	2025	c.jal	80004a20	  x1=0x800049fa
       86149000	      4205	80004a20	2009	c.jal	80004a22	  x1=0x80004a22
       86189000	      4207	80004a22	a819	c.j	80004a38	
       86229000	      4209	80004a38	ff7ff0ef	jal	x1,80004a2e	  x1=0x80004a3c
       86269000	      4211	80004a2e	2009	c.jal	80004a30	  x1=0x80004a30
       86329000	      4214	80004a30	bfd1	c.j	80004a04	
       86389000	      4217	80004a04	00c0026f	jal	x4,80004a10	  x4=0x80004a08
       86449000	      4220	80004a10	fe1ff0ef	jal	x1,800049f0	  x1=0x80004a14
       86489000	      4222	800049f0	01a0056f	jal	x10,80004a0a	 x10=0x800049f4
       86529000	      4224	80004a0a	2801	c.jal	80004a1a	  x1=0x80004a0c
       86569000	      4226	80004a1a	2801	c.jal	80004a2a	  x1=0x80004a1c
       86669000	      4231	80004a2a	ff5ffcef	jal	x25,80004a1e	 x25=0x80004a2e
       86729000	      4234	80004a1e	a005	c.j	80004a3e	
       86849000	      4240	80004a3e	57eb4d37	lui	x26,0x57eb4	 x26=0x57eb4000
       86869000	      4241	80004a42	018000ef	jal	x1,80004a5a	  x1=0x80004a46
       87449000	      4270	80004a5a	ffdff36f	jal	x6,80004a56	  x6=0x80004a5e
       87769000	      4286	80004a56	008002ef	jal	x5,80004a5e	  x5=0x80004a5a
       87809000	      4288	80004a5e	3fc5	c.jal	80004a4e	  x1=0x80004a60
       87849000	      4290	80004a4e	2819	c.jal	80004a64	  x1=0x80004a50
       87889000	      4292	80004a64	0040036f	jal	x6,80004a68	  x6=0x80004a68
       87969000	      4296	80004a68	a029	c.j	80004a72	
       88329000	      4314	80004a72	fdfff0ef	jal	x1,80004a50	  x1=0x80004a76
       88369000	      4316	80004a50	a839	c.j	80004a6e	
       88489000	      4322	80004a6e	fe5ff0ef	jal	x1,80004a52	  x1=0x80004a72
       88569000	      4326	80004a52	ff9ff36f	jal	x6,80004a4a	  x6=0x80004a56
       88629000	      4329	80004a4a	2819	c.jal	80004a60	  x1=0x80004a4c
       88689000	      4332	80004a60	b7e5	c.j	80004a48	
       88749000	      4335	80004a48	2829	c.jal	80004a62	  x1=0x80004a4a
       88809000	      4338	80004a62	a021	c.j	80004a6a	
       88869000	      4341	80004a6a	2009	c.jal	80004a6c	  x1=0x80004a6c
       88929000	      4344	80004a6c	bfe9	c.j	80004a46	
       88989000	      4347	80004a46	a019	c.j	80004a4c	
       89049000	      4350	80004a4c	a02d	c.j	80004a76	
       89129000	      4354	80004a76	032d34b3	mulhu	x9,x26,x18	 x26:0x57eb4000 x18:0x00000000  x9=0x00000000
       89149000	      4355	80004a7a	004000ef	jal	x1,80004a7e	  x1=0x80004a7e
       89209000	      4358	80004a7e	020000ef	jal	x1,80004a9e	  x1=0x80004a82
       89529000	      4374	80004a9e	b7f5	c.j	80004a8a	
       89589000	      4377	80004a8a	00c00f6f	jal	x30,80004a96	 x30=0x80004a8e
       90409000	      4418	80004a96	bfed	c.j	80004a90	
       90669000	      4431	80004a90	ff9ff0ef	jal	x1,80004a88	  x1=0x80004a94
       90729000	      4434	80004a88	a809	c.j	80004a9a	
       90789000	      4437	80004a9a	fffff0ef	jal	x1,80004a98	  x1=0x80004a9e
       90849000	      4440	80004a98	a021	c.j	80004aa0	
       90889000	      4442	80004aa0	ff5fff6f	jal	x30,80004a94	 x30=0x80004aa4
       90929000	      4444	80004a94	3fc5	c.jal	80004a84	  x1=0x80004a96
       90969000	      4446	80004a84	fffff2ef	jal	x5,80004a82	  x5=0x80004a88
       91009000	      4448	80004a82	a031	c.j	80004a8e	
       91049000	      4450	80004a8e	2819	c.jal	80004aa4	  x1=0x80004a90
       91089000	      4452	80004aa4	41510ab3	sub	x21,x2,x21	  x2:0xf5e39895 x21:0x8001fe28 x21=0x75e19a6d
       91129000	      4454	80004aa8	004000ef	jal	x1,80004aac	  x1=0x80004aac
       91169000	      4456	80004aac	01a0036f	jal	x6,80004ac6	  x6=0x80004ab0
       92629000	      4529	80004ac6	fefff0ef	jal	x1,80004ab4	  x1=0x80004aca
       92669000	      4531	80004ab4	a009	c.j	80004ab6	
       92829000	      4539	80004ab6	a839	c.j	80004ad4	
       94289000	      4612	80004ad4	bffd	c.j	80004ad2	
       94329000	      4614	80004ad2	37ed	c.jal	80004abc	  x1=0x80004ad4
       94789000	      4637	80004abc	a839	c.j	80004ada	
       94849000	      4640	80004ada	3ffd	c.jal	80004ad8	  x1=0x80004adc
       94909000	      4643	80004ad8	37c5	c.jal	80004ab8	  x1=0x80004ada
       94969000	      4646	80004ab8	01e00bef	jal	x23,80004ad6	 x23=0x80004abc
       95029000	      4649	80004ad6	3fdd	c.jal	80004acc	  x1=0x80004ad8
       95089000	      4652	80004acc	ff3ff0ef	jal	x1,80004abe	  x1=0x80004ad0
       95169000	      4656	80004abe	ff3ff0ef	jal	x1,80004ab0	  x1=0x80004ac2
       95209000	      4658	80004ab0	a005	c.j	80004ad0	
       95289000	      4662	80004ad0	bfcd	c.j	80004ac2	
       95349000	      4665	80004ac2	0080036f	jal	x6,80004aca	  x6=0x80004ac6
       95409000	      4668	80004aca	37e5	c.jal	80004ab2	  x1=0x80004acc
       95469000	      4671	80004ab2	a02d	c.j	80004adc	
       95529000	      4674	80004adc	010158b3	srl	x17,x2,x16	  x2:0xf5e39895 x16:0x80004a00 x17=0xf5e39895
       95549000	      4675	80004ae0	008000ef	jal	x1,80004ae8	  x1=0x80004ae4
       95969000	      4696	80004ae8	00e000ef	jal	x1,80004af6	  x1=0x80004aec
       96749000	      4735	80004af6	2009	c.jal	80004af8	  x1=0x80004af8
       96789000	      4737	80004af8	a039	c.j	80004b06	
       96989000	      4747	80004b06	3fd5	c.jal	80004afa	  x1=0x80004b08
       97029000	      4749	80004afa	a019	c.j	80004b00	
       97089000	      4752	80004b00	a811	c.j	80004b14	
       97409000	      4768	80004b14	ffbff0ef	jal	x1,80004b0e	  x1=0x80004b18
       97529000	      4774	80004b0e	fd7ff36f	jal	x6,80004ae4	  x6=0x80004b12
       97589000	      4777	80004ae4	0240036f	jal	x6,80004b08	  x6=0x80004ae8
       97649000	      4780	80004b08	012000ef	jal	x1,80004b1a	  x1=0x80004b0c
       98729000	      4834	80004b1a	fd7ff0ef	jal	x1,80004af0	  x1=0x80004b1e
       98769000	      4836	80004af0	02200e6f	jal	x28,80004b12	 x28=0x80004af4
       98829000	      4839	80004b12	a019	c.j	80004b18	
       98889000	      4842	80004b18	2019	c.jal	80004b1e	  x1=0x80004b1a
       99009000	      4848	80004b1e	fdfff0ef	jal	x1,80004afc	  x1=0x80004b22
       99069000	      4851	80004afc	ff1ff0ef	jal	x1,80004aec	  x1=0x80004b00
       99129000	      4854	80004aec	0180036f	jal	x6,80004b04	  x6=0x80004af0
       99189000	      4857	80004b04	bffd	c.j	80004b02	
       99249000	      4860	80004b02	2029	c.jal	80004b0c	  x1=0x80004b04
       99309000	      4863	80004b0c	37e5	c.jal	80004af4	  x1=0x80004b0e
       99369000	      4866	80004af4	203d	c.jal	80004b22	  x1=0x80004af6
       99449000	      4870	80004b22	ba09e513	ori	x10,x19,-1120	 x19:0x800047ec x10=0xffffffec
      100129000	      4904	80004b26	01c000ef	jal	x1,80004b42	  x1=0x80004b2a
      100829000	      4939	80004b42	ff7ff0ef	jal	x1,80004b38	  x1=0x80004b46
      100869000	      4941	80004b38	200d	c.jal	80004b5a	  x1=0x80004b3a
      101349000	      4965	80004b5a	3fe5	c.jal	80004b52	  x1=0x80004b5c
      101389000	      4967	80004b52	3ff5	c.jal	80004b4e	  x1=0x80004b54
      101509000	      4973	80004b4e	fedff36f	jal	x6,80004b3a	  x6=0x80004b52
      101589000	      4977	80004b3a	ff1ff36f	jal	x6,80004b2a	  x6=0x80004b3e
      101649000	      4980	80004b2a	2019	c.jal	80004b30	  x1=0x80004b2c
      101709000	      4983	80004b30	2819	c.jal	80004b46	  x1=0x80004b32
      101769000	      4986	80004b46	2009	c.jal	80004b48	  x1=0x80004b48
      101829000	      4989	80004b48	bfdd	c.j	80004b3e	
      101869000	      4991	80004b3e	a009	c.j	80004b40	
      101909000	      4993	80004b40	a031	c.j	80004b4c	
      101949000	      4995	80004b4c	a021	c.j	80004b54	
      101989000	      4997	80004b54	fd9ff0ef	jal	x1,80004b2c	  x1=0x80004b58
      102029000	      4999	80004b2c	0080036f	jal	x6,80004b34	  x6=0x80004b30
      102149000	      5005	80004b34	3ffd	c.jal	80004b32	  x1=0x80004b36
      102189000	      5007	80004b32	201d	c.jal	80004b58	  x1=0x80004b34
      102229000	      5009	80004b58	a011	c.j	80004b5c	
      102269000	      5011	80004b5c	3fe9	c.jal	80004b36	  x1=0x80004b5e
      102309000	      5013	80004b36	2811	c.jal	80004b4a	  x1=0x80004b38
      102349000	      5015	80004b4a	2811	c.jal	80004b5e	  x1=0x80004b4c
      102409000	      5018	80004b5e	ae5f6393	ori	x7,x30,-1307	 x30:0x80004aa4  x7=0xfffffae5
      102429000	      5019	80004b62	008000ef	jal	x1,80004b6a	  x1=0x80004b66
      102489000	      5022	80004b6a	2811	c.jal	80004b7e	  x1=0x80004b6c
      103449000	      5070	80004b7e	febff36f	jal	x6,80004b68	  x6=0x80004b82
      103489000	      5072	80004b68	203d	c.jal	80004b96	  x1=0x80004b6a
      104449000	      5120	80004b96	37dd	c.jal	80004b7c	  x1=0x80004b98
      104489000	      5122	80004b7c	3fed	c.jal	80004b76	  x1=0x80004b7e
      104929000	      5144	80004b76	a011	c.j	80004b7a	
      104989000	      5147	80004b7a	2031	c.jal	80004b86	  x1=0x80004b7c
      105029000	      5149	80004b86	2021	c.jal	80004b8e	  x1=0x80004b88
      105069000	      5151	80004b8e	bfd5	c.j	80004b82	
      105129000	      5154	80004b82	fe5ff0ef	jal	x1,80004b66	  x1=0x80004b86
      105189000	      5157	80004b66	a02d	c.j	80004b90	
      105229000	      5159	80004b90	fddffcef	jal	x25,80004b6c	 x25=0x80004b94
      105269000	      5161	80004b6c	028000ef	jal	x1,80004b94	  x1=0x80004b70
      105309000	      5163	80004b94	bff1	c.j	80004b70	
      105349000	      5165	80004b70	0180036f	jal	x6,80004b88	  x6=0x80004b74
      105389000	      5167	80004b88	bfc5	c.j	80004b78	
      105429000	      5169	80004b78	a015	c.j	80004b9c	
      105469000	      5171	80004b9c	ffdff46f	jal	x8,80004b98	  x8=0x80004ba0
      105509000	      5173	80004b98	2009	c.jal	80004b9a	  x1=0x80004b9a
      105549000	      5175	80004b9a	2019	c.jal	80004ba0	  x1=0x80004b9c
      105889000	      5192	80004ba0	b7ed	c.j	80004b8a	
      105949000	      5195	80004b8a	febff36f	jal	x6,80004b74	  x6=0x80004b8e
      106009000	      5198	80004b74	a03d	c.j	80004ba2	
      106049000	      5200	80004ba2	0fd6	c.slli	x31,0x15	 x31:0x8001fd84 x31=0xb0800000
      106069000	      5201	80004ba4	028000ef	jal	x1,80004bcc	  x1=0x80004ba8
      107149000	      5255	80004bcc	2039	c.jal	80004bda	  x1=0x80004bce
      108649000	      5330	80004bda	37c5	c.jal	80004bba	  x1=0x80004bdc
      109249000	      5360	80004bba	3fed	c.jal	80004bb4	  x1=0x80004bbc
      109309000	      5363	80004bb4	00e000ef	jal	x1,80004bc2	  x1=0x80004bb8
      110149000	      5405	80004bc2	a00d	c.j	80004be4	
      110209000	      5408	80004be4	fcdff46f	jal	x8,80004bb0	  x8=0x80004be8
      110249000	      5410	80004bb0	201d	c.jal	80004bd6	  x1=0x80004bb2
      110289000	      5412	80004bd6	2009	c.jal	80004bd8	  x1=0x80004bd8
      110329000	      5414	80004bd8	a811	c.j	80004bec	
      110369000	      5416	80004bec	b7cd	c.j	80004bce	
      110409000	      5418	80004bce	37fd	c.jal	80004bbc	  x1=0x80004bd0
      110469000	      5421	80004bbc	fedff0ef	jal	x1,80004ba8	  x1=0x80004bc0
      110529000	      5424	80004ba8	020000ef	jal	x1,80004bc8	  x1=0x80004bac
      110589000	      5427	80004bc8	2811	c.jal	80004bdc	  x1=0x80004bca
      110649000	      5430	80004bdc	ff5ff36f	jal	x6,80004bd0	  x6=0x80004be0
      110709000	      5433	80004bd0	0100036f	jal	x6,80004be0	  x6=0x80004bd4
      110769000	      5436	80004be0	2039	c.jal	80004bee	  x1=0x80004be2
      110829000	      5439	80004bee	3ff1	c.jal	80004bca	  x1=0x80004bf0
      110889000	      5442	80004bca	b7e5	c.j	80004bb2	
      110949000	      5445	80004bb2	a825	c.j	80004bea	
      111009000	      5448	80004bea	b7f9	c.j	80004bb8	
      111069000	      5451	80004bb8	a831	c.j	80004bd4	
      111129000	      5454	80004bd4	a811	c.j	80004be8	
      111189000	      5457	80004be8	3ff1	c.jal	80004bc4	  x1=0x80004bea
      111249000	      5460	80004bc4	ffdff0ef	jal	x1,80004bc0	  x1=0x80004bc8
      111309000	      5463	80004bc0	a00d	c.j	80004be2	
      111369000	      5466	80004be2	37e9	c.jal	80004bac	  x1=0x80004be4
      111409000	      5468	80004bac	04400e6f	jal	x28,80004bf0	 x28=0x80004bb0
      111449000	      5470	80004bf0	83fe	c.mv	x7,x31	  x0:0x00000000 x31:0xb0800000  x7=0xb0800000
      111469000	      5471	80004bf2	03e000ef	jal	x1,80004c30	  x1=0x80004bf6
      111969000	      5496	80004c30	febff0ef	jal	x1,80004c1a	  x1=0x80004c34
      112289000	      5512	80004c1a	3ff1	c.jal	80004bf6	  x1=0x80004c1c
      112329000	      5514	80004bf6	2009	c.jal	80004bf8	  x1=0x80004bf8
      112389000	      5517	80004bf8	2819	c.jal	80004c0e	  x1=0x80004bfa
      113189000	      5557	80004c0e	2831	c.jal	80004c2a	  x1=0x80004c10
      113249000	      5560	80004c2a	2009	c.jal	80004c2c	  x1=0x80004c2c
      113309000	      5563	80004c2c	febff0ef	jal	x1,80004c16	  x1=0x80004c30
      113429000	      5569	80004c16	3fed	c.jal	80004c10	  x1=0x80004c18
      113489000	      5572	80004c10	2801	c.jal	80004c20	  x1=0x80004c12
      113529000	      5574	80004c20	b7c5	c.j	80004c00	
      113569000	      5576	80004c00	0260036f	jal	x6,80004c26	  x6=0x80004c04
      113629000	      5579	80004c26	fe3ff0ef	jal	x1,80004c08	  x1=0x80004c2a
      113689000	      5582	80004c08	3ff5	c.jal	80004c04	  x1=0x80004c0a
      113749000	      5585	80004c04	03a002ef	jal	x5,80004c3e	  x5=0x80004c08
      113789000	      5587	80004c3e	3f75	c.jal	80004bfa	  x1=0x80004c40
      113829000	      5589	80004bfa	2009	c.jal	80004bfc	  x1=0x80004bfc
      113869000	      5591	80004bfc	016000ef	jal	x1,80004c12	  x1=0x80004c00
      113909000	      5593	80004c12	a801	c.j	80004c22	
      114249000	      5610	80004c22	bfdd	c.j	80004c18	
      114309000	      5613	80004c18	2031	c.jal	80004c24	  x1=0x80004c1a
      114369000	      5616	80004c24	2801	c.jal	80004c34	  x1=0x80004c26
      114429000	      5619	80004c34	fd9ff0ef	jal	x1,80004c0c	  x1=0x80004c38
      114469000	      5621	80004c0c	3ffd	c.jal	80004c0a	  x1=0x80004c0e
      114509000	      5623	80004c0a	2029	c.jal	80004c14	  x1=0x80004c0c
      114549000	      5625	80004c14	2029	c.jal	80004c1e	  x1=0x80004c16
      114589000	      5627	80004c1e	3ffd	c.jal	80004c1c	  x1=0x80004c20
      114629000	      5629	80004c1c	2005	c.jal	80004c3c	  x1=0x80004c1e
      114669000	      5631	80004c3c	bff5	c.j	80004c38	
      114709000	      5633	80004c38	008000ef	jal	x1,80004c40	  x1=0x80004c3c
      114749000	      5635	80004c40	1f7d	c.addi	x30,-1	 x30:0x80004aa4 x30=0x80004aa3
      114769000	      5636	80004c42	012000ef	jal	x1,80004c54	  x1=0x80004c46
      115649000	      5680	80004c54	ff5ff2ef	jal	x5,80004c48	  x5=0x80004c58
      115689000	      5682	80004c48	a005	c.j	80004c68	
      116749000	      5735	80004c68	3fed	c.jal	80004c62	  x1=0x80004c6a
      116809000	      5738	80004c62	ff1ff0ef	jal	x1,80004c52	  x1=0x80004c66
      117029000	      5749	80004c52	3ff5	c.jal	80004c4e	  x1=0x80004c54
      117089000	      5752	80004c4e	a801	c.j	80004c5e	
      117169000	      5756	80004c5e	fe9ff0ef	jal	x1,80004c46	  x1=0x80004c62
      117209000	      5758	80004c46	2011	c.jal	80004c4a	  x1=0x80004c48
      117309000	      5763	80004c4a	01c000ef	jal	x1,80004c66	  x1=0x80004c4e
      117369000	      5766	80004c66	b7ed	c.j	80004c50	
      117429000	      5769	80004c50	a021	c.j	80004c58	
      117489000	      5772	80004c58	004008ef	jal	x17,80004c5c	 x17=0x80004c5c
      117549000	      5775	80004c5c	a039	c.j	80004c6a	
      117589000	      5777	80004c6a	0bde	c.slli	x23,0x17	 x23:0x80004abc x23=0x5e000000
      117609000	      5778	80004c6c	010000ef	jal	x1,80004c7c	  x1=0x80004c70
      117669000	      5781	80004c7c	2009	c.jal	80004c7e	  x1=0x80004c7e
      117729000	      5784	80004c7e	a029	c.j	80004c88	
      118889000	      5842	80004c88	ffbff36f	jal	x6,80004c82	  x6=0x80004c8c
      118929000	      5844	80004c82	3ffd	c.jal	80004c80	  x1=0x80004c84
      119069000	      5851	80004c80	a019	c.j	80004c86	
      119129000	      5854	80004c86	bffd	c.j	80004c84	
      119189000	      5857	80004c84	bfc5	c.j	80004c74	
      119249000	      5860	80004c74	2019	c.jal	80004c7a	  x1=0x80004c76
      119309000	      5863	80004c7a	bfdd	c.j	80004c70	
      119369000	      5866	80004c70	022000ef	jal	x1,80004c92	  x1=0x80004c74
      119449000	      5870	80004c92	fe5ff36f	jal	x6,80004c76	  x6=0x80004c96
      119569000	      5876	80004c76	016000ef	jal	x1,80004c8c	  x1=0x80004c7a
      119629000	      5879	80004c8c	a009	c.j	80004c8e	
      119689000	      5882	80004c8e	00800c6f	jal	x24,80004c96	 x24=0x80004c92
      119749000	      5885	80004c96	8d01	c.sub	x10,x8	 x10:0xffffffec  x8:0x80004be8 x10=0x7fffb404
      119769000	      5886	80004c98	03c000ef	jal	x1,80004cd4	  x1=0x80004c9c
      120669000	      5931	80004cd4	37d5	c.jal	80004cb8	  x1=0x80004cd6
      121289000	      5962	80004cb8	fe7ff1ef	jal	x3,80004c9e	  x3=0x80004cbc
      121769000	      5986	80004c9e	022000ef	jal	x1,80004cc0	  x1=0x80004ca2
      121829000	      5989	80004cc0	01e00c6f	jal	x24,80004cde	 x24=0x80004cc4
      121949000	      5995	80004cde	fd7ff0ef	jal	x1,80004cb4	  x1=0x80004ce2
      122069000	      6001	80004cb4	ff7ff36f	jal	x6,80004caa	  x6=0x80004cb8
      122109000	      6003	80004caa	a83d	c.j	80004ce8	
      122289000	      6012	80004ce8	febff0ef	jal	x1,80004cd2	  x1=0x80004cec
      122329000	      6014	80004cd2	b7e9	c.j	80004c9c	
      122389000	      6017	80004c9c	a80d	c.j	80004cce	
      122469000	      6021	80004cce	ff9ff0ef	jal	x1,80004cc6	  x1=0x80004cd2
      122509000	      6023	80004cc6	201d	c.jal	80004cec	  x1=0x80004cc8
      122589000	      6027	80004cec	b7f5	c.j	80004cd8	
      122649000	      6030	80004cd8	fcbff7ef	jal	x15,80004ca2	 x15=0x80004cdc
      122709000	      6033	80004ca2	a00d	c.j	80004cc4	
      122769000	      6036	80004cc4	2839	c.jal	80004ce2	  x1=0x80004cc6
      122849000	      6040	80004ce2	fe9ff0ef	jal	x1,80004cca	  x1=0x80004ce6
      122929000	      6044	80004cca	0240036f	jal	x6,80004cee	  x6=0x80004cce
      122989000	      6047	80004cee	37f9	c.jal	80004cbc	  x1=0x80004cf0
      123049000	      6050	80004cbc	ff3ff0ef	jal	x1,80004cae	  x1=0x80004cc0
      123109000	      6053	80004cae	ffbff0ef	jal	x1,80004ca8	  x1=0x80004cb2
      123169000	      6056	80004ca8	a005	c.j	80004cc8	
      123209000	      6058	80004cc8	3ff9	c.jal	80004ca6	  x1=0x80004cca
      123249000	      6060	80004ca6	a031	c.j	80004cb2	
      123289000	      6062	80004cb2	3fcd	c.jal	80004ca4	  x1=0x80004cb4
      123329000	      6064	80004ca4	a80d	c.j	80004cd6	
      123369000	      6066	80004cd6	bfd9	c.j	80004cac	
      123409000	      6068	80004cac	a82d	c.j	80004ce6	
      123449000	      6070	80004ce6	bfdd	c.j	80004cdc	
      123489000	      6072	80004cdc	2811	c.jal	80004cf0	  x1=0x80004cde
      123529000	      6074	80004cf0	898e	c.mv	x19,x3	  x0:0x00000000  x3:0x80004cbc x19=0x80004cbc
      123549000	      6075	80004cf2	026000ef	jal	x1,80004d18	  x1=0x80004cf6
      123749000	      6085	80004d18	fe7ff0ef	jal	x1,80004cfe	  x1=0x80004d1c
      123809000	      6088	80004cfe	2009	c.jal	80004d00	  x1=0x80004d00
      123869000	      6091	80004d00	a011	c.j	80004d04	
      123929000	      6094	80004d04	3ffd	c.jal	80004d02	  x1=0x80004d06
      123989000	      6097	80004d02	2811	c.jal	80004d16	  x1=0x80004d04
      124629000	      6129	80004d16	3fcd	c.jal	80004d08	  x1=0x80004d18
      124689000	      6132	80004d08	bfcd	c.j	80004cfa	
      124749000	      6135	80004cfa	ffdff56f	jal	x10,80004cf6	 x10=0x80004cfe
      124829000	      6139	80004cf6	014000ef	jal	x1,80004d0a	  x1=0x80004cfa
      124869000	      6141	80004d0a	a021	c.j	80004d12	
      124929000	      6144	80004d12	ffdfff6f	jal	x30,80004d0e	 x30=0x80004d16
      124989000	      6147	80004d0e	3ffd	c.jal	80004d0c	  x1=0x80004d10
      125029000	      6149	80004d0c	bfed	c.j	80004d06	
      125069000	      6151	80004d06	a029	c.j	80004d10	
      125109000	      6153	80004d10	2031	c.jal	80004d1c	  x1=0x80004d12
      125149000	      6155	80004d1c	0001	c.addi	x0,0	  x0:0x00000000  x0=0x00000000
      125169000	      6156	80004d1e	01a000ef	jal	x1,80004d38	  x1=0x80004d22
      125249000	      6160	80004d38	2005	c.jal	80004d58	  x1=0x80004d3a
      125489000	      6172	80004d58	b7d5	c.j	80004d3c	
      125529000	      6174	80004d3c	ff7ff2ef	jal	x5,80004d32	  x5=0x80004d40
      126529000	      6224	80004d32	3fd5	c.jal	80004d26	  x1=0x80004d34
      126569000	      6226	80004d26	3ff5	c.jal	80004d22	  x1=0x80004d28
      126629000	      6229	80004d22	026004ef	jal	x9,80004d48	  x9=0x80004d26
      126689000	      6232	80004d48	004000ef	jal	x1,80004d4c	  x1=0x80004d4c
      126729000	      6234	80004d4c	ff7ff0ef	jal	x1,80004d42	  x1=0x80004d50
      126769000	      6236	80004d42	2009	c.jal	80004d44	  x1=0x80004d44
      126829000	      6239	80004d44	a801	c.j	80004d54	
      127389000	      6267	80004d54	3fe1	c.jal	80004d2c	  x1=0x80004d56
      127429000	      6269	80004d2c	2011	c.jal	80004d30	  x1=0x80004d2e
      127469000	      6271	80004d30	201d	c.jal	80004d56	  x1=0x80004d32
      127509000	      6273	80004d56	a021	c.j	80004d5e	
      127649000	      6280	80004d5e	ff3ff0ef	jal	x1,80004d50	  x1=0x80004d62
      127709000	      6283	80004d50	00c0036f	jal	x6,80004d5c	  x6=0x80004d54
      127769000	      6286	80004d5c	a019	c.j	80004d62	
      127849000	      6290	80004d62	fd9ff0ef	jal	x1,80004d3a	  x1=0x80004d66
      127889000	      6292	80004d3a	2035	c.jal	80004d66	  x1=0x80004d3c
      127969000	      6296	80004d66	fdbff36f	jal	x6,80004d40	  x6=0x80004d6a
      128029000	      6299	80004d40	a019	c.j	80004d46	
      128089000	      6302	80004d46	a811	c.j	80004d5a	
      128149000	      6305	80004d5a	bfd1	c.j	80004d2e	
      128209000	      6308	80004d2e	a019	c.j	80004d34	
      128269000	      6311	80004d34	3fd5	c.jal	80004d28	  x1=0x80004d36
      128309000	      6313	80004d28	00e001ef	jal	x3,80004d36	  x3=0x80004d2c
      128349000	      6315	80004d36	2815	c.jal	80004d6a	  x1=0x80004d38
      128389000	      6317	80004d6a	0185	c.addi	x3,1	  x3:0x80004d2c  x3=0x80004d2d
      128409000	      6318	80004d6c	010000ef	jal	x1,80004d7c	  x1=0x80004d70
      128609000	      6328	80004d7c	a019	c.j	80004d82	
      129429000	      6369	80004d82	a039	c.j	80004d90	
      129709000	      6383	80004d90	37dd	c.jal	80004d76	  x1=0x80004d92
      129769000	      6386	80004d76	a005	c.j	80004d96	
      130769000	      6436	80004d96	0040036f	jal	x6,80004d9a	  x6=0x80004d9a
      130829000	      6439	80004d9a	ff5ff0ef	jal	x1,80004d8e	  x1=0x80004d9e
      131269000	      6461	80004d8e	a011	c.j	80004d92	
      131349000	      6465	80004d92	01e00c6f	jal	x24,80004db0	 x24=0x80004d96
      131789000	      6487	80004db0	3fcd	c.jal	80004da2	  x1=0x80004db2
      131849000	      6490	80004da2	fdfff36f	jal	x6,80004d80	  x6=0x80004da6
      132289000	      6512	80004d80	a035	c.j	80004dac	
      132349000	      6515	80004dac	3fcd	c.jal	80004d9e	  x1=0x80004dae
      132429000	      6519	80004d9e	fdbff36f	jal	x6,80004d78	  x6=0x80004da2
      132469000	      6521	80004d78	203d	c.jal	80004da6	  x1=0x80004d7a
      132509000	      6523	80004da6	bfe1	c.j	80004d7e	
      132549000	      6525	80004d7e	2039	c.jal	80004d8c	  x1=0x80004d80
      132589000	      6527	80004d8c	200d	c.jal	80004dae	  x1=0x80004d8e
      132629000	      6529	80004dae	bfd9	c.j	80004d84	
      132669000	      6531	80004d84	0240026f	jal	x4,80004da8	  x4=0x80004d88
      132709000	      6533	80004da8	fcbff0ef	jal	x1,80004d72	  x1=0x80004dac
      132769000	      6536	80004d72	fffff0ef	jal	x1,80004d70	  x1=0x80004d76
      132849000	      6540	80004d70	a089	c.j	80004db2	
      132909000	      6543	80004db2	b7e1	c.j	80004d7a	
      132969000	      6546	80004d7a	a039	c.j	80004d88	
      133029000	      6549	80004d88	02c0046f	jal	x8,80004db4	  x8=0x80004d8c
      133809000	      6588	80004db4	0234f6b3	remu	x13,x9,x3	  x9:0x80004d26  x3:0x80004d2d x13=0x80004d26
      133829000	      6589	80004db8	022000ef	jal	x1,80004dda	  x1=0x80004dbc
      134189000	      6607	80004dda	bffd	c.j	80004dd8	
      134789000	      6637	80004dd8	3fcd	c.jal	80004dca	  x1=0x80004dda
      134869000	      6641	80004dca	00a00fef	jal	x31,80004dd4	 x31=0x80004dce
      135709000	      6683	80004dd4	2009	c.jal	80004dd6	  x1=0x80004dd6
      135849000	      6690	80004dd6	b7dd	c.j	80004dbc	
      135909000	      6693	80004dbc	a819	c.j	80004dd2	
      135949000	      6695	80004dd2	2811	c.jal	80004de6	  x1=0x80004dd4
      135989000	      6697	80004de6	bff9	c.j	80004dc4	
      136029000	      6699	80004dc4	01e0046f	jal	x8,80004de2	  x8=0x80004dc8
      136089000	      6702	80004de2	fedff0ef	jal	x1,80004dce	  x1=0x80004de6
      136209000	      6708	80004dce	00e000ef	jal	x1,80004ddc	  x1=0x80004dd2
      136249000	      6710	80004ddc	fe5ff96f	jal	x18,80004dc0	 x18=0x80004de0
      136289000	      6712	80004dc0	028004ef	jal	x9,80004de8	  x9=0x80004dc4
      136329000	      6714	80004de8	ff9ff36f	jal	x6,80004de0	  x6=0x80004dec
      136409000	      6718	80004de0	3ff9	c.jal	80004dbe	  x1=0x80004de2
      136469000	      6721	80004dbe	2029	c.jal	80004dc8	  x1=0x80004dc0
      136529000	      6724	80004dc8	2015	c.jal	80004dec	  x1=0x80004dca
      136589000	      6727	80004dec	13204d93	xori	x27,x0,306	  x0:0x00000000 x27=0x00000132
      137709000	      6783	80004df0	026000ef	jal	x1,80004e16	  x1=0x80004df4
      143149000	      7055	80004e16	a819	c.j	80004e2c	
      143229000	      7059	80004e2c	fe5ff36f	jal	x6,80004e10	  x6=0x80004e30
      143269000	      7061	80004e10	ff1ff36f	jal	x6,80004e00	  x6=0x80004e14
      143329000	      7064	80004e00	a009	c.j	80004e02	
      143409000	      7068	80004e02	02000cef	jal	x25,80004e22	 x25=0x80004e06
      143489000	      7072	80004e22	ff3ff36f	jal	x6,80004e14	  x6=0x80004e26
      143549000	      7075	80004e14	3fed	c.jal	80004e0e	  x1=0x80004e16
      143729000	      7084	80004e0e	b7f5	c.j	80004dfa	
      143789000	      7087	80004dfa	a031	c.j	80004e06	
      143829000	      7089	80004e06	bfcd	c.j	80004df8	
      143869000	      7091	80004df8	a005	c.j	80004e18	
      143909000	      7093	80004e18	ff5ff0ef	jal	x1,80004e0c	  x1=0x80004e1c
      143949000	      7095	80004e0c	a809	c.j	80004e1e	
      144009000	      7098	80004e1e	fffff0ef	jal	x1,80004e1c	  x1=0x80004e22
      144049000	      7100	80004e1c	a811	c.j	80004e30	
      144089000	      7102	80004e30	bfe9	c.j	80004e0a	
      144129000	      7104	80004e0a	bfcd	c.j	80004dfc	
      144169000	      7106	80004dfc	ffbff0ef	jal	x1,80004df6	  x1=0x80004e00
      144209000	      7108	80004df6	a805	c.j	80004e26	
      144489000	      7122	80004e26	a009	c.j	80004e28	
      144549000	      7125	80004e28	fe1ff0ef	jal	x1,80004e08	  x1=0x80004e2c
      144609000	      7128	80004e08	b7f5	c.j	80004df4	
      144669000	      7131	80004df4	a83d	c.j	80004e32	
      144749000	      7135	80004e32	d81c2193	slti	x3,x24,-639	 x24:0x80004d96  x3=0x00000001
      144809000	      7138	80004e36	00e000ef	jal	x1,80004e44	  x1=0x80004e3a
      145269000	      7161	80004e44	3fe5	c.jal	80004e3c	  x1=0x80004e46
      145309000	      7163	80004e3c	2801	c.jal	80004e4c	  x1=0x80004e3e
      145689000	      7182	80004e4c	bfd5	c.j	80004e40	
      145729000	      7184	80004e40	2021	c.jal	80004e48	  x1=0x80004e42
      145829000	      7189	80004e48	ff7ff0ef	jal	x1,80004e3e	  x1=0x80004e4c
      145889000	      7192	80004e3e	a021	c.j	80004e46	
      145949000	      7195	80004e46	2021	c.jal	80004e4e	  x1=0x80004e48
      146009000	      7198	80004e4e	a009	c.j	80004e50	
      146069000	      7201	80004e50	3fcd	c.jal	80004e42	  x1=0x80004e52
      146129000	      7204	80004e42	bfe5	c.j	80004e3a	
      146189000	      7207	80004e3a	a821	c.j	80004e52	
      146249000	      7210	80004e52	0bd9	c.addi	x23,22	 x23:0x5e000000 x23=0x5e000016
      146269000	      7211	80004e54	00c000ef	jal	x1,80004e60	  x1=0x80004e58
      146369000	      7216	80004e60	a035	c.j	80004e8c	
      147949000	      7295	80004e8c	3fe1	c.jal	80004e64	  x1=0x80004e8e
      148009000	      7298	80004e64	a005	c.j	80004e84	
      148409000	      7318	80004e84	bfe1	c.j	80004e5c	
      148449000	      7320	80004e5c	02c007ef	jal	x15,80004e88	 x15=0x80004e60
      148489000	      7322	80004e88	00600a6f	jal	x20,80004e8e	 x20=0x80004e8c
      148529000	      7324	80004e8e	b7fd	c.j	80004e7c	
      148929000	      7344	80004e7c	fefff36f	jal	x6,80004e6a	  x6=0x80004e80
      148969000	      7346	80004e6a	a039	c.j	80004e78	
      149729000	      7384	80004e78	ffbff1ef	jal	x3,80004e72	  x3=0x80004e7c
      149769000	      7386	80004e72	37dd	c.jal	80004e58	  x1=0x80004e74
      149809000	      7388	80004e58	0280096f	jal	x18,80004e80	 x18=0x80004e5c
      149849000	      7390	80004e80	fe7ff2ef	jal	x5,80004e66	  x5=0x80004e84
      149889000	      7392	80004e66	a005	c.j	80004e86	
      149929000	      7394	80004e86	2029	c.jal	80004e90	  x1=0x80004e88
      150089000	      7402	80004e90	a009	c.j	80004e92	
      150149000	      7405	80004e92	3fc1	c.jal	80004e62	  x1=0x80004e94
      150209000	      7408	80004e62	2029	c.jal	80004e6c	  x1=0x80004e64
      150249000	      7410	80004e6c	ffdff86f	jal	x16,80004e68	 x16=0x80004e70
      150289000	      7412	80004e68	2031	c.jal	80004e74	  x1=0x80004e6a
      150329000	      7414	80004e74	ffdff1ef	jal	x3,80004e70	  x3=0x80004e78
      150369000	      7416	80004e70	a015	c.j	80004e94	
      151129000	      7454	80004e94	0293e833	rem	x16,x7,x9	  x7:0xb0800000  x9:0x80004dc4 x16=0xb0800000
      151149000	      7455	80004e98	01e000ef	jal	x1,80004eb6	  x1=0x80004e9c
      151309000	      7463	80004eb6	3ffd	c.jal	80004eb4	  x1=0x80004eb8
      151849000	      7490	80004eb4	bfed	c.j	80004eae	
      151929000	      7494	80004eae	2009	c.jal	80004eb0	  x1=0x80004eb0
      151989000	      7497	80004eb0	a021	c.j	80004eb8	
      152049000	      7500	80004eb8	37fd	c.jal	80004ea6	  x1=0x80004eba
      152129000	      7504	80004ea6	fffff0ef	jal	x1,80004ea4	  x1=0x80004eaa
      152169000	      7506	80004ea4	3fe5	c.jal	80004e9c	  x1=0x80004ea6
      152249000	      7510	80004e9c	00400f6f	jal	x30,80004ea0	 x30=0x80004ea0
      152309000	      7513	80004ea0	012000ef	jal	x1,80004eb2	  x1=0x80004ea4
      152369000	      7516	80004eb2	bfe5	c.j	80004eaa	
      152449000	      7520	80004eaa	0100036f	jal	x6,80004eba	  x6=0x80004eae
      152529000	      7524	80004eba	01b039b3	sltu	x19,x0,x27	  x0:0x00000000 x27:0x00000132 x19=0x00000001
      152549000	      7525	80004ebe	006000ef	jal	x1,80004ec4	  x1=0x80004ec2
      152589000	      7527	80004ec4	202d	c.jal	80004eee	  x1=0x80004ec6
      153869000	      7591	80004eee	fdfff36f	jal	x6,80004ecc	  x6=0x80004ef2
      153909000	      7593	80004ecc	2009	c.jal	80004ece	  x1=0x80004ece
      153969000	      7596	80004ece	a025	c.j	80004ef6	
      154289000	      7612	80004ef6	bff1	c.j	80004ed2	
      154589000	      7627	80004ed2	201d	c.jal	80004ef8	  x1=0x80004ed4
      154649000	      7630	80004ef8	bff1	c.j	80004ed4	
      154709000	      7633	80004ed4	a009	c.j	80004ed6	
      154749000	      7635	80004ed6	b7f5	c.j	80004ec2	
      154789000	      7637	80004ec2	a01d	c.j	80004ee8	
      154829000	      7639	80004ee8	00a0036f	jal	x6,80004ef2	  x6=0x80004eec
      154889000	      7642	80004ef2	3ff9	c.jal	80004ed0	  x1=0x80004ef4
      154949000	      7645	80004ed0	a02d	c.j	80004efa	
      155009000	      7648	80004efa	3ff9	c.jal	80004ed8	  x1=0x80004efc
      155069000	      7651	80004ed8	006003ef	jal	x7,80004ede	  x7=0x80004edc
      155189000	      7657	80004ede	00e002ef	jal	x5,80004eec	  x5=0x80004ee2
      155249000	      7660	80004eec	3ff1	c.jal	80004ec8	  x1=0x80004eee
      155309000	      7663	80004ec8	02c000ef	jal	x1,80004ef4	  x1=0x80004ecc
      155369000	      7666	80004ef4	2021	c.jal	80004efc	  x1=0x80004ef6
      155429000	      7669	80004efc	004000ef	jal	x1,80004f00	  x1=0x80004f00
      155469000	      7671	80004f00	b7cd	c.j	80004ee2	
      155529000	      7674	80004ee2	fe5ff0ef	jal	x1,80004ec6	  x1=0x80004ee6
      155589000	      7677	80004ec6	a005	c.j	80004ee6	
      155649000	      7680	80004ee6	bfdd	c.j	80004edc	
      155709000	      7683	80004edc	201d	c.jal	80004f02	  x1=0x80004ede
      155769000	      7686	80004f02	8299	c.srli	x13,0x6	 x13:0x80004d26 x13=0x02000134
      155789000	      7687	80004f04	016000ef	jal	x1,80004f1a	  x1=0x80004f08
      156029000	      7699	80004f1a	2801	c.jal	80004f2a	  x1=0x80004f1c
      157069000	      7751	80004f2a	ff9ff0ef	jal	x1,80004f22	  x1=0x80004f2e
      157129000	      7754	80004f22	00e000ef	jal	x1,80004f30	  x1=0x80004f26
      157169000	      7756	80004f30	3fdd	c.jal	80004f26	  x1=0x80004f32
      157369000	      7766	80004f26	fe3ff0ef	jal	x1,80004f08	  x1=0x80004f2a
      157409000	      7768	80004f08	a031	c.j	80004f14	
      158089000	      7802	80004f14	2829	c.jal	80004f2e	  x1=0x80004f16
      158149000	      7805	80004f2e	bfcd	c.j	80004f20	
      158189000	      7807	80004f20	bfc5	c.j	80004f10	
      158229000	      7809	80004f10	fffff0ef	jal	x1,80004f0e	  x1=0x80004f14
      158269000	      7811	80004f0e	2039	c.jal	80004f1c	  x1=0x80004f10
      158349000	      7815	80004f1c	fefffbef	jal	x23,80004f0a	 x23=0x80004f20
      158429000	      7819	80004f0a	00c000ef	jal	x1,80004f16	  x1=0x80004f0e
      158549000	      7825	80004f16	01c00cef	jal	x25,80004f32	 x25=0x80004f1a
      158609000	      7828	80004f32	8d80f493	andi	x9,x1,-1832	  x1:0x80004f0e  x9=0x80004808
      158629000	      7829	80004f36	020000ef	jal	x1,80004f56	  x1=0x80004f3a
      159289000	      7862	80004f56	2009	c.jal	80004f58	  x1=0x80004f58
      159969000	      7896	80004f58	3ff5	c.jal	80004f54	  x1=0x80004f5a
      160009000	      7898	80004f54	37e5	c.jal	80004f3c	  x1=0x80004f56
      160069000	      7901	80004f3c	2811	c.jal	80004f50	  x1=0x80004f3e
      160129000	      7904	80004f50	bfc5	c.j	80004f40	
      160189000	      7907	80004f40	2029	c.jal	80004f4a	  x1=0x80004f42
      160549000	      7925	80004f4a	2009	c.jal	80004f4c	  x1=0x80004f4c
      160609000	      7928	80004f4c	ff7ff0ef	jal	x1,80004f42	  x1=0x80004f50
      160649000	      7930	80004f42	2839	c.jal	80004f60	  x1=0x80004f44
      160689000	      7932	80004f60	b7dd	c.j	80004f46	
      160749000	      7935	80004f46	00c0036f	jal	x6,80004f52	  x6=0x80004f4a
      160789000	      7937	80004f52	2021	c.jal	80004f5a	  x1=0x80004f54
      160849000	      7940	80004f5a	004001ef	jal	x3,80004f5e	  x3=0x80004f5e
      160909000	      7943	80004f5e	37dd	c.jal	80004f44	  x1=0x80004f60
      160949000	      7945	80004f44	bfed	c.j	80004f3e	
      160989000	      7947	80004f3e	3ff5	c.jal	80004f3a	  x1=0x80004f40
      161029000	      7949	80004f3a	a025	c.j	80004f62	
      161109000	      7953	80004f62	02163333	mulhu	x6,x12,x1	 x12:0x8001fe4c  x1:0x80004f40  x6=0x400126c6
      161129000	      7954	80004f66	00e000ef	jal	x1,80004f74	  x1=0x80004f6a
      161849000	      7990	80004f74	00e000ef	jal	x1,80004f82	  x1=0x80004f78
      162229000	      8009	80004f82	2821	c.jal	80004f9a	  x1=0x80004f84
      163029000	      8049	80004f9a	fe1ff36f	jal	x6,80004f7a	  x6=0x80004f9e
      163089000	      8052	80004f7a	00e000ef	jal	x1,80004f88	  x1=0x80004f7e
      163129000	      8054	80004f88	3ff5	c.jal	80004f84	  x1=0x80004f8a
      163349000	      8065	80004f84	2029	c.jal	80004f8e	  x1=0x80004f86
      163409000	      8068	80004f8e	2009	c.jal	80004f90	  x1=0x80004f90
      163469000	      8071	80004f90	2019	c.jal	80004f96	  x1=0x80004f92
      163589000	      8077	80004f96	ff1ff0ef	jal	x1,80004f86	  x1=0x80004f9a
      163649000	      8080	80004f86	bfcd	c.j	80004f78	
      163709000	      8083	80004f78	a019	c.j	80004f7e	
      163789000	      8087	80004f7e	ff1ff0ef	jal	x1,80004f6e	  x1=0x80004f82
      163829000	      8089	80004f6e	2831	c.jal	80004f8a	  x1=0x80004f70
      163889000	      8092	80004f8a	fe1ff0ef	jal	x1,80004f6a	  x1=0x80004f8e
      163969000	      8096	80004f6a	02800eef	jal	x29,80004f92	 x29=0x80004f6e
      164029000	      8099	80004f92	fe1ff0ef	jal	x1,80004f72	  x1=0x80004f96
      164069000	      8101	80004f72	3ffd	c.jal	80004f70	  x1=0x80004f74
      164109000	      8103	80004f70	a03d	c.j	80004f9e	
      164149000	      8105	80004f9e	85c9	c.srai	x11,0x12	 x11:0x80004898 x11=0xffffe000
      164169000	      8106	80004fa0	02e000ef	jal	x1,80004fce	  x1=0x80004fa4
      164289000	      8112	80004fce	b7dd	c.j	80004fb4	
      165489000	      8172	80004fb4	2839	c.jal	80004fd2	  x1=0x80004fb6
      165549000	      8175	80004fd2	3fc9	c.jal	80004fa4	  x1=0x80004fd4
      165609000	      8178	80004fa4	a829	c.j	80004fbe	
      166669000	      8231	80004fbe	a839	c.j	80004fdc	
      166709000	      8233	80004fdc	ff9ff0ef	jal	x1,80004fd4	  x1=0x80004fe0
      166889000	      8242	80004fd4	bfd1	c.j	80004fa8	
      166949000	      8245	80004fa8	01a000ef	jal	x1,80004fc2	  x1=0x80004fac
      167029000	      8249	80004fc2	fffff0ef	jal	x1,80004fc0	  x1=0x80004fc6
      167069000	      8251	80004fc0	2005	c.jal	80004fe0	  x1=0x80004fc2
      167529000	      8274	80004fe0	ff1ff0ef	jal	x1,80004fd0	  x1=0x80004fe4
      167569000	      8276	80004fd0	2019	c.jal	80004fd6	  x1=0x80004fd2
      167649000	      8280	80004fd6	37d5	c.jal	80004fba	  x1=0x80004fd8
      167729000	      8284	80004fba	0100036f	jal	x6,80004fca	  x6=0x80004fbe
      167789000	      8287	80004fca	37d5	c.jal	80004fae	  x1=0x80004fcc
      167849000	      8290	80004fae	2035	c.jal	80004fda	  x1=0x80004fb0
      167889000	      8292	80004fda	37fd	c.jal	80004fc8	  x1=0x80004fdc
      167929000	      8294	80004fc8	a011	c.j	80004fcc	
      167969000	      8296	80004fcc	37c5	c.jal	80004fac	  x1=0x80004fce
      168009000	      8298	80004fac	2035	c.jal	80004fd8	  x1=0x80004fae
      168049000	      8300	80004fd8	37fd	c.jal	80004fc6	  x1=0x80004fda
      168089000	      8302	80004fc6	3fcd	c.jal	80004fb8	  x1=0x80004fc8
      168129000	      8304	80004fb8	bffd	c.j	80004fb6	
      168169000	      8306	80004fb6	3fc5	c.jal	80004fa6	  x1=0x80004fb8
      168209000	      8308	80004fa6	2029	c.jal	80004fb0	  x1=0x80004fa8
      168249000	      8310	80004fb0	034000ef	jal	x1,80004fe4	  x1=0x80004fb4
      168289000	      8312	80004fe4	41748d33	sub	x26,x9,x23	  x9:0x80004808 x23:0x80004f20 x26=0xfffff8e8
      168449000	      8320	80004fe8	016000ef	jal	x1,80004ffe	  x1=0x80004fec
      168669000	      8331	80004ffe	00c0036f	jal	x6,8000500a	  x6=0x80005002
      169089000	      8352	8000500a	00c000ef	jal	x1,80005016	  x1=0x8000500e
      170069000	      8401	80005016	bffd	c.j	80005014	
      170129000	      8404	80005014	bffd	c.j	80005012	
      170189000	      8407	80005012	37d5	c.jal	80004ff6	  x1=0x80005014
      170629000	      8429	80004ff6	a01d	c.j	8000501c	
      170669000	      8431	8000501c	b7dd	c.j	80005002	
      170729000	      8434	80005002	004000ef	jal	x1,80005006	  x1=0x80005006
      170809000	      8438	80005006	febff0ef	jal	x1,80004ff0	  x1=0x8000500a
      170849000	      8440	80004ff0	a005	c.j	80005010	
      170889000	      8442	80005010	37cd	c.jal	80004ff2	  x1=0x80005012
      170949000	      8445	80004ff2	01c000ef	jal	x1,8000500e	  x1=0x80004ff6
      171009000	      8448	8000500e	b7f5	c.j	80004ffa	
      171069000	      8451	80004ffa	ff5ff0ef	jal	x1,80004fee	  x1=0x80004ffe
      171129000	      8454	80004fee	2035	c.jal	8000501a	  x1=0x80004ff0
      171189000	      8457	8000501a	3ffd	c.jal	80005018	  x1=0x8000501c
      171229000	      8459	80005018	37c5	c.jal	80004ff8	  x1=0x8000501a
      171269000	      8461	80004ff8	bfd5	c.j	80004fec	
      171309000	      8463	80004fec	280d	c.jal	8000501e	  x1=0x80004fee
      171389000	      8467	8000501e	41f8d813	srai	x16,x17,0x1f	 x17:0x80004c5c x16=0xffffffff
      171409000	      8468	80005022	036000ef	jal	x1,80005058	  x1=0x80005026
      184029000	      9099	80005058	bffd	c.j	80005056	
      184709000	      9133	80005056	bfe9	c.j	80005030	
      184749000	      9135	80005030	a821	c.j	80005048	
      186029000	      9199	80005048	37fd	c.jal	80005036	  x1=0x8000504a
      186089000	      9202	80005036	014000ef	jal	x1,8000504a	  x1=0x8000503a
      186529000	      9224	8000504a	2019	c.jal	80005050	  x1=0x8000504c
      186589000	      9227	80005050	0040046f	jal	x8,80005054	  x8=0x80005054
      186629000	      9229	80005054	3fe5	c.jal	8000504c	  x1=0x80005056
      186669000	      9231	8000504c	a039	c.j	8000505a	
      186729000	      9234	8000505a	00a000ef	jal	x1,80005064	  x1=0x8000505e
      186789000	      9237	80005064	37c9	c.jal	80005026	  x1=0x80005066
      186829000	      9239	80005026	282d	c.jal	80005060	  x1=0x80005028
      186869000	      9241	80005060	fcfff0ef	jal	x1,8000502e	  x1=0x80005064
      186909000	      9243	8000502e	a819	c.j	80005044	
      186949000	      9245	80005044	ffdff0ef	jal	x1,80005040	  x1=0x80005048
      186989000	      9247	80005040	bfed	c.j	8000503a	
      187029000	      9249	8000503a	37fd	c.jal	80005028	  x1=0x8000503c
      187069000	      9251	80005028	00a000ef	jal	x1,80005032	  x1=0x8000502c
      187109000	      9253	80005032	a815	c.j	80005066	
      187149000	      9255	80005066	bff1	c.j	80005042	
      187189000	      9257	80005042	2031	c.jal	8000504e	  x1=0x80005044
      187229000	      9259	8000504e	b7dd	c.j	80005034	
      187289000	      9262	80005034	2815	c.jal	80005068	  x1=0x80005036
      187349000	      9265	80005068	3fd1	c.jal	8000503c	  x1=0x8000506a
      187409000	      9268	8000503c	2805	c.jal	8000506c	  x1=0x8000503e
      187449000	      9270	8000506c	37c1	c.jal	8000502c	  x1=0x8000506e
      187489000	      9272	8000502c	283d	c.jal	8000506a	  x1=0x8000502e
      187549000	      9275	8000506a	bfd5	c.j	8000505e	
      187589000	      9277	8000505e	37c5	c.jal	8000503e	  x1=0x80005060
      187629000	      9279	8000503e	2805	c.jal	8000506e	  x1=0x80005040
      187689000	      9282	8000506e	00f20fb3	add	x31,x4,x15	  x4:0x80004d88 x15:0x80004e60 x31=0x00009be8
      187709000	      9283	80005072	016000ef	jal	x1,80005088	  x1=0x80005076
      188329000	      9314	80005088	bfe5	c.j	80005080	
      188389000	      9317	80005080	bff5	c.j	8000507c	
      188449000	      9320	8000507c	a005	c.j	8000509c	
      188769000	      9336	8000509c	ff3ff0ef	jal	x1,8000508e	  x1=0x800050a0
      188809000	      9338	8000508e	2821	c.jal	800050a6	  x1=0x80005090
      190529000	      9424	800050a6	fe1ff0ef	jal	x1,80005086	  x1=0x800050aa
      190569000	      9426	80005086	bfe5	c.j	8000507e	
      190809000	      9438	8000507e	a811	c.j	80005092	
      190889000	      9442	80005092	ff9fff6f	jal	x30,8000508a	 x30=0x80005096
      190949000	      9445	8000508a	b7fd	c.j	80005078	
      191009000	      9448	80005078	a029	c.j	80005082	
      191069000	      9451	80005082	a811	c.j	80005096	
      191129000	      9454	80005096	2029	c.jal	800050a0	  x1=0x80005098
      191189000	      9457	800050a0	ff9ff26f	jal	x4,80005098	  x4=0x800050a4
      191249000	      9460	80005098	ff9ff0ef	jal	x1,80005090	  x1=0x8000509c
      191309000	      9463	80005090	37ed	c.jal	8000507a	  x1=0x80005092
      191369000	      9466	8000507a	a02d	c.j	800050a4	
      191429000	      9469	800050a4	37c5	c.jal	80005084	  x1=0x800050a6
      191469000	      9471	80005084	3fcd	c.jal	80005076	  x1=0x80005086
      191509000	      9473	80005076	2819	c.jal	8000508c	  x1=0x80005078
      191549000	      9475	8000508c	a839	c.j	800050aa	
      191589000	      9477	800050aa	0001	c.addi	x0,0	  x0:0x00000000  x0=0x00000000
      191609000	      9478	800050ac	006000ef	jal	x1,800050b2	  x1=0x800050b0
      191669000	      9481	800050b2	03a0026f	jal	x4,800050ec	  x4=0x800050b6
      192149000	      9505	800050ec	fcbff5ef	jal	x11,800050b6	 x11=0x800050f0
      192389000	      9517	800050b6	04a00bef	jal	x23,80005100	 x23=0x800050ba
      192829000	      9539	80005100	fbfff0ef	jal	x1,800050be	  x1=0x80005104
      193309000	      9563	800050be	012000ef	jal	x1,800050d0	  x1=0x800050c2
      193829000	      9589	800050d0	0140086f	jal	x16,800050e4	 x16=0x800050d4
      194429000	      9619	800050e4	fd7ff0ef	jal	x1,800050ba	  x1=0x800050e8
      194509000	      9623	800050ba	0200026f	jal	x4,800050da	  x4=0x800050be
      194589000	      9627	800050da	ffdffc6f	jal	x24,800050d6	 x24=0x800050de
      194649000	      9630	800050d6	b7fd	c.j	800050c4	
      194689000	      9632	800050c4	fedff0ef	jal	x1,800050b0	  x1=0x800050c8
      194729000	      9634	800050b0	a081	c.j	800050f0	
      194769000	      9636	800050f0	fddff26f	jal	x4,800050cc	  x4=0x800050f4
      194829000	      9639	800050cc	2025	c.jal	800050f4	  x1=0x800050ce
      194889000	      9642	800050f4	b7c5	c.j	800050d4	
      194949000	      9645	800050d4	2015	c.jal	800050f8	  x1=0x800050d6
      194989000	      9647	800050f8	fd7ff0ef	jal	x1,800050ce	  x1=0x800050fc
      195029000	      9649	800050ce	bfed	c.j	800050c8	
      195069000	      9651	800050c8	01a000ef	jal	x1,800050e2	  x1=0x800050cc
      195109000	      9653	800050e2	bff5	c.j	800050de	
      195169000	      9656	800050de	ffbff4ef	jal	x9,800050d8	  x9=0x800050e2
      195209000	      9658	800050d8	37ed	c.jal	800050c2	  x1=0x800050da
      195249000	      9660	800050c2	a82d	c.j	800050fc	
      195289000	      9662	800050fc	ffbff0ef	jal	x1,800050f6	  x1=0x80005100
      195329000	      9664	800050f6	3fcd	c.jal	800050e8	  x1=0x800050f8
      195689000	      9682	800050e8	01c0026f	jal	x4,80005104	  x4=0x800050ec
      195749000	      9685	80005104	19fd	c.addi	x19,-1	 x19:0x00000001 x19=0x00000000
      195769000	      9686	80005106	008000ef	jal	x1,8000510e	  x1=0x8000510a
      195829000	      9689	8000510e	006000ef	jal	x1,80005114	  x1=0x80005112
      195869000	      9691	80005114	02e0036f	jal	x6,80005142	  x6=0x80005118
      196909000	      9743	80005142	b7e1	c.j	8000510a	
      196969000	      9746	8000510a	a03d	c.j	80005138	
      198649000	      9830	80005138	37ed	c.jal	80005122	  x1=0x8000513a
      199029000	      9849	80005122	2019	c.jal	80005128	  x1=0x80005124
      199349000	      9865	80005128	bfe5	c.j	80005120	
      199389000	      9867	80005120	2801	c.jal	80005130	  x1=0x80005122
      199469000	      9871	80005130	3ffd	c.jal	8000512e	  x1=0x80005132
      199509000	      9873	8000512e	37ed	c.jal	80005118	  x1=0x80005130
      199549000	      9875	80005118	bfd5	c.j	8000510c	
      199589000	      9877	8000510c	202d	c.jal	80005136	  x1=0x8000510e
      199629000	      9879	80005136	2019	c.jal	8000513c	  x1=0x80005138
      199669000	      9881	8000513c	3ff9	c.jal	8000511a	  x1=0x8000513e
      199709000	      9883	8000511a	2809	c.jal	8000512c	  x1=0x8000511c
      199749000	      9885	8000512c	bfc5	c.j	8000511c	
      199789000	      9887	8000511c	016000ef	jal	x1,80005132	  x1=0x80005120
      199849000	      9890	80005132	008003ef	jal	x7,8000513a	  x7=0x80005136
      199909000	      9893	8000513a	2011	c.jal	8000513e	  x1=0x8000513c
      199989000	      9897	8000513e	fe7ff2ef	jal	x5,80005124	  x5=0x80005142
      200029000	      9899	80005124	fefff36f	jal	x6,80005112	  x6=0x80005128
      200089000	      9902	80005112	a821	c.j	8000512a	
      200129000	      9904	8000512a	a829	c.j	80005144	
      200169000	      9906	80005144	012dc933	xor	x18,x27,x18	 x27:0x00000132 x18:0x80004e5c x18=0x80004f6e
      200209000	      9908	80005148	008000ef	jal	x1,80005150	  x1=0x8000514c
      200249000	      9910	80005150	014001ef	jal	x3,80005164	  x3=0x80005154
      200809000	      9938	80005164	3fdd	c.jal	8000515a	  x1=0x80005166
      200889000	      9942	8000515a	0060036f	jal	x6,80005160	  x6=0x8000515e
      201289000	      9962	80005160	3ffd	c.jal	8000515e	  x1=0x80005162
      201329000	      9964	8000515e	3fc5	c.jal	8000514e	  x1=0x80005160
      201389000	      9967	8000514e	a811	c.j	80005162	
      201449000	      9970	80005162	2019	c.jal	80005168	  x1=0x80005164
      201509000	      9973	80005168	37d5	c.jal	8000514c	  x1=0x8000516a
      201569000	      9976	8000514c	2021	c.jal	80005154	  x1=0x8000514e
      201629000	      9979	80005154	a819	c.j	8000516a	
      201689000	      9982	8000516a	bff5	c.j	80005166	
      201749000	      9985	80005166	bfc5	c.j	80005156	
      201869000	      9991	80005156	016000ef	jal	x1,8000516c	  x1=0x8000515a
      201929000	      9994	8000516c	000de533	or	x10,x27,x0	 x27:0x00000132  x0:0x00000000 x10=0x00000132
      201989000	      9997	80005170	020000ef	jal	x1,80005190	  x1=0x80005174
      202509000	     10023	80005190	bfdd	c.j	80005186	
      203569000	     10076	80005186	bffd	c.j	80005184	
      203749000	     10085	80005184	a005	c.j	800051a4	
      203789000	     10087	800051a4	3fc1	c.jal	80005174	  x1=0x800051a6
      203849000	     10090	80005174	a029	c.j	8000517e	
      203969000	     10096	8000517e	02c0036f	jal	x6,800051aa	  x6=0x80005182
      205029000	     10149	800051aa	ff9ff0ef	jal	x1,800051a2	  x1=0x800051ae
      205069000	     10151	800051a2	a809	c.j	800051b4	
      205129000	     10154	800051b4	fcfff36f	jal	x6,80005182	  x6=0x800051b8
      205189000	     10157	80005182	a829	c.j	8000519c	
      205249000	     10160	8000519c	a811	c.j	800051b0	
      205309000	     10163	800051b0	b7d9	c.j	80005176	
      205369000	     10166	80005176	028000ef	jal	x1,8000519e	  x1=0x8000517a
      205449000	     10170	8000519e	ff9ffb6f	jal	x22,80005196	 x22=0x800051a2
      205509000	     10173	80005196	0100036f	jal	x6,800051a6	  x6=0x8000519a
      205569000	     10176	800051a6	2021	c.jal	800051ae	  x1=0x800051a8
      205629000	     10179	800051ae	b7d5	c.j	80005192	
      205709000	     10183	80005192	0080036f	jal	x6,8000519a	  x6=0x80005196
      205749000	     10185	8000519a	2821	c.jal	800051b2	  x1=0x8000519c
      205789000	     10187	800051b2	bfdd	c.j	800051a8	
      205829000	     10189	800051a8	37c5	c.jal	80005188	  x1=0x800051aa
      205869000	     10191	80005188	004000ef	jal	x1,8000518c	  x1=0x8000518c
      205909000	     10193	8000518c	fefff46f	jal	x8,8000517a	  x8=0x80005190
      205969000	     10196	8000517a	03e000ef	jal	x1,800051b8	  x1=0x8000517e
      206029000	     10199	800051b8	00fdbfb3	sltu	x31,x27,x15	 x27:0x00000132 x15:0x80004e60 x31=0x00000001
      206049000	     10200	800051bc	010000ef	jal	x1,800051cc	  x1=0x800051c0
      206909000	     10243	800051cc	2011	c.jal	800051d0	  x1=0x800051ce
      207509000	     10273	800051d0	fffff7ef	jal	x15,800051ce	 x15=0x800051d4
      207569000	     10276	800051ce	2019	c.jal	800051d4	  x1=0x800051d0
      207629000	     10279	800051d4	bfd5	c.j	800051c8	
      207689000	     10282	800051c8	3fe5	c.jal	800051c0	  x1=0x800051ca
      207749000	     10285	800051c0	00a000ef	jal	x1,800051ca	  x1=0x800051c4
      207809000	     10288	800051ca	a801	c.j	800051da	
      207849000	     10290	800051da	b7ed	c.j	800051c4	
      207889000	     10292	800051c4	012000ef	jal	x1,800051d6	  x1=0x800051c8
      207969000	     10296	800051d6	0060036f	jal	x6,800051dc	  x6=0x800051da
      208029000	     10299	800051dc	03613d33	mulhu	x26,x2,x22	  x2:0xf5e39895 x22:0x800051a2 x26=0x7af21ab3
      208049000	     10300	800051e0	022000ef	jal	x1,80005202	  x1=0x800051e4
      208969000	     10346	80005202	ff5ff0ef	jal	x1,800051f6	  x1=0x80005206
      209349000	     10365	800051f6	3ff5	c.jal	800051f2	  x1=0x800051f8
      209869000	     10391	800051f2	a031	c.j	800051fe	
      209929000	     10394	800051fe	200d	c.jal	80005220	  x1=0x80005200
      210069000	     10401	80005220	a039	c.j	8000522e	
      212649000	     10530	8000522e	37e9	c.jal	800051f8	  x1=0x80005230
      212689000	     10532	800051f8	024001ef	jal	x3,8000521c	  x3=0x800051fc
      213069000	     10551	8000521c	fcdff6ef	jal	x13,800051e8	 x13=0x80005220
      213109000	     10553	800051e8	a01d	c.j	8000520e	
      213189000	     10557	8000520e	0160036f	jal	x6,80005224	  x6=0x80005212
      213229000	     10559	80005224	b7dd	c.j	8000520a	
      213289000	     10562	8000520a	00c000ef	jal	x1,80005216	  x1=0x8000520e
      213349000	     10565	80005216	bfc5	c.j	80005206	
      213409000	     10568	80005206	ff7ff36f	jal	x6,800051fc	  x6=0x8000520a
      213469000	     10571	800051fc	a819	c.j	80005212	
      213529000	     10574	80005212	2821	c.jal	8000522a	  x1=0x80005214
      213609000	     10578	8000522a	fcbff36f	jal	x6,800051f4	  x6=0x8000522e
      213669000	     10581	800051f4	3fed	c.jal	800051ee	  x1=0x800051f6
      213749000	     10585	800051ee	034000ef	jal	x1,80005222	  x1=0x800051f2
      213789000	     10587	80005222	37c9	c.jal	800051e4	  x1=0x80005224
      213829000	     10589	800051e4	0300036f	jal	x6,80005214	  x6=0x800051e8
      213869000	     10591	80005214	2811	c.jal	80005228	  x1=0x80005216
      213909000	     10593	80005228	3fe1	c.jal	80005200	  x1=0x8000522a
      213949000	     10595	80005200	37ed	c.jal	800051ea	  x1=0x80005202
      214289000	     10612	800051ea	2835	c.jal	80005226	  x1=0x800051ec
      214349000	     10615	80005226	bfcd	c.j	80005218	
      214409000	     10618	80005218	fd5ff1ef	jal	x3,800051ec	  x3=0x8000521c
      214469000	     10621	800051ec	a091	c.j	80005230	
      214529000	     10624	80005230	0ff0000f	fence	iorw,iorw	
      214549000	     10625	80005234	00c000ef	jal	x1,80005240	  x1=0x80005238
      214829000	     10639	80005240	2029	c.jal	8000524a	  x1=0x80005242
      215549000	     10675	8000524a	ff3ff0ef	jal	x1,8000523c	  x1=0x8000524e
      215589000	     10677	8000523c	a029	c.j	80005246	
      215649000	     10680	80005246	a039	c.j	80005254	
      215709000	     10683	80005254	bffd	c.j	80005252	
      215749000	     10685	80005252	bfdd	c.j	80005248	
      215789000	     10687	80005248	bff5	c.j	80005244	
      215829000	     10689	80005244	bfed	c.j	8000523e	
      215869000	     10691	8000523e	2801	c.jal	8000524e	  x1=0x80005240
      215949000	     10695	8000524e	fedff0ef	jal	x1,8000523a	  x1=0x80005252
      216009000	     10698	8000523a	2021	c.jal	80005242	  x1=0x8000523c
      216069000	     10701	80005242	3fdd	c.jal	80005238	  x1=0x80005244
      216109000	     10703	80005238	2839	c.jal	80005256	  x1=0x8000523a
      216249000	     10710	80005256	d31d8237	lui	x4,0xd31d8	  x4=0xd31d8000
      216269000	     10711	8000525a	00e000ef	jal	x1,80005268	  x1=0x8000525e
      216829000	     10739	80005268	ffdff0ef	jal	x1,80005264	  x1=0x8000526c
      217709000	     10783	80005264	012001ef	jal	x3,80005276	  x3=0x80005268
      217749000	     10785	80005276	bfed	c.j	80005270	
      217789000	     10787	80005270	a011	c.j	80005274	
      217829000	     10789	80005274	bffd	c.j	80005272	
      217889000	     10792	80005272	3fed	c.jal	8000526c	  x1=0x80005274
      217929000	     10794	8000526c	00c0036f	jal	x6,80005278	  x6=0x80005270
      217969000	     10796	80005278	37dd	c.jal	8000525e	  x1=0x8000527a
      218029000	     10799	8000525e	004000ef	jal	x1,80005262	  x1=0x80005262
      218069000	     10801	80005262	a821	c.j	8000527a	
      218129000	     10804	8000527a	0120bd33	sltu	x26,x1,x18	  x1:0x80005262 x18:0x80004f6e x26=0x00000000
      218349000	     10815	8000527e	032000ef	jal	x1,800052b0	  x1=0x80005282
      218909000	     10843	800052b0	004000ef	jal	x1,800052b4	  x1=0x800052b4
      219429000	     10869	800052b4	bfe9	c.j	8000528e	
      219529000	     10874	8000528e	008000ef	jal	x1,80005296	  x1=0x80005292
      220189000	     10907	80005296	ff1ffcef	jal	x25,80005286	 x25=0x8000529a
      220289000	     10912	80005286	01c000ef	jal	x1,800052a2	  x1=0x8000528a
      220669000	     10931	800052a2	006000ef	jal	x1,800052a8	  x1=0x800052a6
      220729000	     10934	800052a8	004000ef	jal	x1,800052ac	  x1=0x800052ac
      220769000	     10936	800052ac	01c000ef	jal	x1,800052c8	  x1=0x800052b0
      221369000	     10966	800052c8	fffff1ef	jal	x3,800052c6	  x3=0x800052cc
      221409000	     10968	800052c6	bff5	c.j	800052c2	
      221809000	     10988	800052c2	00c000ef	jal	x1,800052ce	  x1=0x800052c6
      222529000	     11024	800052ce	fbfff36f	jal	x6,8000528c	  x6=0x800052d2
      222569000	     11026	8000528c	2099	c.jal	800052d2	  x1=0x8000528e
      222629000	     11029	800052d2	37e1	c.jal	8000529a	  x1=0x800052d4
      222709000	     11033	8000529a	fe9ff7ef	jal	x15,80005282	 x15=0x8000529e
      222789000	     11037	80005282	010000ef	jal	x1,80005292	  x1=0x80005286
      222869000	     11041	80005292	02800cef	jal	x25,800052ba	 x25=0x80005296
      222949000	     11045	800052ba	fd1ff0ef	jal	x1,8000528a	  x1=0x800052be
      223009000	     11048	8000528a	2089	c.jal	800052cc	  x1=0x8000528c
      223049000	     11050	800052cc	bfcd	c.j	800052be	
      223129000	     11054	800052be	fe1ff0ef	jal	x1,8000529e	  x1=0x800052c2
      223209000	     11058	8000529e	008000ef	jal	x1,800052a6	  x1=0x800052a2
      223249000	     11060	800052a6	2801	c.jal	800052b6	  x1=0x800052a8
      223349000	     11065	800052b6	01e000ef	jal	x1,800052d4	  x1=0x800052ba
      223389000	     11067	800052d4	0276	c.slli	x4,0x1d	  x4:0xd31d8000  x4=0x00000000
      223409000	     11068	800052d6	006000ef	jal	x1,800052dc	  x1=0x800052da
      223469000	     11071	800052dc	3ffd	c.jal	800052da	  x1=0x800052de
      223529000	     11074	800052da	281d	c.jal	80005310	  x1=0x800052dc
      223909000	     11093	80005310	00c0036f	jal	x6,8000531c	  x6=0x80005314
      224649000	     11130	8000531c	fd1ff0ef	jal	x1,800052ec	  x1=0x80005320
      225229000	     11159	800052ec	2821	c.jal	80005304	  x1=0x800052ee
      225969000	     11196	80005304	2021	c.jal	8000530c	  x1=0x80005306
      226529000	     11224	8000530c	fd9ffa6f	jal	x20,800052e4	 x20=0x80005310
      226589000	     11227	800052e4	ffbfffef	jal	x31,800052de	 x31=0x800052e8
      226629000	     11229	800052de	2029	c.jal	800052e8	  x1=0x800052e0
      226669000	     11231	800052e8	a839	c.j	80005306	
      226729000	     11234	80005306	ff9ff5ef	jal	x11,800052fe	 x11=0x8000530a
      226789000	     11237	800052fe	2829	c.jal	80005318	  x1=0x80005300
      226849000	     11240	80005318	fd7ff26f	jal	x4,800052ee	  x4=0x8000531c
      226929000	     11244	800052ee	01c000ef	jal	x1,8000530a	  x1=0x800052f2
      226969000	     11246	8000530a	2031	c.jal	80005316	  x1=0x8000530c
      227049000	     11250	80005316	bffd	c.j	80005314	
      227109000	     11253	80005314	b7fd	c.j	80005302	
      227169000	     11256	80005302	bfd5	c.j	800052f6	
      227249000	     11260	800052f6	00a000ef	jal	x1,80005300	  x1=0x800052fa
      227289000	     11262	80005300	37ed	c.jal	800052ea	  x1=0x80005302
      227369000	     11266	800052ea	a029	c.j	800052f4	
      227429000	     11269	800052f4	b7f5	c.j	800052e0	
      227489000	     11272	800052e0	012000ef	jal	x1,800052f2	  x1=0x800052e4
      227549000	     11275	800052f2	a021	c.j	800052fa	
      227609000	     11278	800052fa	026002ef	jal	x5,80005320	  x5=0x800052fe
      227649000	     11280	80005320	3cee0d17	auipc	x26,0x3cee0	 x26=0xbcee5320
      227669000	     11281	80005324	008000ef	jal	x1,8000532c	  x1=0x80005328
      227729000	     11284	8000532c	2809	c.jal	8000533e	  x1=0x8000532e
      229109000	     11353	8000533e	0120036f	jal	x6,80005350	  x6=0x80005342
      229429000	     11369	80005350	37f5	c.jal	8000533c	  x1=0x80005352
      229509000	     11373	8000533c	bffd	c.j	8000533a	
      229569000	     11376	8000533a	2031	c.jal	80005346	  x1=0x8000533c
      229609000	     11378	80005346	a019	c.j	8000534c	
      229649000	     11380	8000534c	ff7ff0ef	jal	x1,80005342	  x1=0x80005350
      229689000	     11382	80005342	3fcd	c.jal	80005334	  x1=0x80005344
      229729000	     11384	80005334	bffd	c.j	80005332	
      229769000	     11386	80005332	a809	c.j	80005344	
      229809000	     11388	80005344	37f5	c.jal	80005330	  x1=0x80005346
      230229000	     11409	80005330	2019	c.jal	80005336	  x1=0x80005332
      230349000	     11415	80005336	ff9ff36f	jal	x6,8000532e	  x6=0x8000533a
      230409000	     11418	8000532e	3fed	c.jal	80005328	  x1=0x80005330
      230469000	     11421	80005328	020000ef	jal	x1,80005348	  x1=0x8000532c
      230529000	     11424	80005348	00a000ef	jal	x1,80005352	  x1=0x8000534c
      230609000	     11428	80005352	4beef993	andi	x19,x29,1214	 x29:0x80004f6e x19=0x0000042e
      230649000	     11430	80005356	024000ef	jal	x1,8000537a	  x1=0x8000535a
      231249000	     11460	8000537a	fe3ff36f	jal	x6,8000535c	  x6=0x8000537e
      231289000	     11462	8000535c	012000ef	jal	x1,8000536e	  x1=0x80005360
      232149000	     11505	8000536e	00a0036f	jal	x6,80005378	  x6=0x80005372
      232189000	     11507	80005378	bfed	c.j	80005372	
      232689000	     11532	80005372	fe9ff36f	jal	x6,8000535a	  x6=0x80005376
      232729000	     11534	8000535a	a801	c.j	8000536a	
      232789000	     11537	8000536a	fffff36f	jal	x6,80005368	  x6=0x8000536e
      232829000	     11539	80005368	3fe5	c.jal	80005360	  x1=0x8000536a
      232869000	     11541	80005360	a819	c.j	80005376	
      232909000	     11543	80005376	37fd	c.jal	80005364	  x1=0x80005378
      232949000	     11545	80005364	fffff36f	jal	x6,80005362	  x6=0x80005368
      232989000	     11547	80005362	2831	c.jal	8000537e	  x1=0x80005364
      233029000	     11549	8000537e	6319	c.lui	x6,0x6	  x6=0x00006000
      233049000	     11550	80005380	032000ef	jal	x1,800053b2	  x1=0x80005384
      233549000	     11575	800053b2	3ffd	c.jal	800053b0	  x1=0x800053b4
      234509000	     11623	800053b0	b7c5	c.j	80005390	
      235129000	     11654	80005390	3ff5	c.jal	8000538c	  x1=0x80005392
      235209000	     11658	8000538c	006000ef	jal	x1,80005392	  x1=0x80005390
      235269000	     11661	80005392	2021	c.jal	8000539a	  x1=0x80005394
      235309000	     11663	8000539a	bfed	c.j	80005394	
      235349000	     11665	80005394	bfdd	c.j	8000538a	
      235409000	     11668	8000538a	2831	c.jal	800053a6	  x1=0x8000538c
      236049000	     11700	800053a6	bffd	c.j	800053a4	
      236089000	     11702	800053a4	3fcd	c.jal	80005396	  x1=0x800053a6
      236169000	     11706	80005396	00c0036f	jal	x6,800053a2	  x6=0x8000539a
      236209000	     11708	800053a2	3ff5	c.jal	8000539e	  x1=0x800053a4
      236329000	     11714	8000539e	fffff4ef	jal	x9,8000539c	  x9=0x800053a2
      236389000	     11717	8000539c	a039	c.j	800053aa	
      236469000	     11721	800053aa	fdbff36f	jal	x6,80005384	  x6=0x800053ae
      236529000	     11724	80005384	2015	c.jal	800053a8	  x1=0x80005386
      236589000	     11727	800053a8	37c5	c.jal	80005388	  x1=0x800053aa
      236649000	     11730	80005388	3ffd	c.jal	80005386	  x1=0x8000538a
      236709000	     11733	80005386	2025	c.jal	800053ae	  x1=0x80005388
      236769000	     11736	800053ae	2019	c.jal	800053b4	  x1=0x800053b0
      237549000	     11775	800053b4	024f61b3	rem	x3,x30,x4	 x30:0x80005096  x4:0x8000531c  x3=0xfffffd7a
      237569000	     11776	800053b8	02c000ef	jal	x1,800053e4	  x1=0x800053bc
      237649000	     11780	800053e4	fd9ff0ef	jal	x1,800053bc	  x1=0x800053e8
      246789000	     12237	800053bc	a809	c.j	800053ce	
      246829000	     12239	800053ce	2021	c.jal	800053d6	  x1=0x800053d0
      247529000	     12274	800053d6	b7ed	c.j	800053c0	
      247569000	     12276	800053c0	028000ef	jal	x1,800053e8	  x1=0x800053c4
      247649000	     12280	800053e8	37d5	c.jal	800053cc	  x1=0x800053ea
      247689000	     12282	800053cc	a021	c.j	800053d4	
      247729000	     12284	800053d4	a021	c.j	800053dc	
      247769000	     12286	800053dc	b7cd	c.j	800053be	
      247809000	     12288	800053be	a829	c.j	800053d8	
      247849000	     12290	800053d8	ff1ff0ef	jal	x1,800053c8	  x1=0x800053dc
      247889000	     12292	800053c8	0220036f	jal	x6,800053ea	  x6=0x800053cc
      248129000	     12304	800053ea	ff5ff0ef	jal	x1,800053de	  x1=0x800053ee
      248189000	     12307	800053de	2011	c.jal	800053e2	  x1=0x800053e0
      248249000	     12310	800053e2	37cd	c.jal	800053c4	  x1=0x800053e4
      248309000	     12313	800053c4	2009	c.jal	800053c6	  x1=0x800053c6
      248369000	     12316	800053c6	2829	c.jal	800053e0	  x1=0x800053c8
      248429000	     12319	800053e0	bfc5	c.j	800053d0	
      248489000	     12322	800053d0	01e000ef	jal	x1,800053ee	  x1=0x800053d4
      248529000	     12324	800053ee	0942	c.slli	x18,0x10	 x18:0x80004f6e x18=0x4f6e0000
      248549000	     12325	800053f0	006000ef	jal	x1,800053f6	  x1=0x800053f4
      248589000	     12327	800053f6	2021	c.jal	800053fe	  x1=0x800053f8
      249009000	     12348	800053fe	a801	c.j	8000540e	
      249529000	     12374	8000540e	3fed	c.jal	80005408	  x1=0x80005410
      249569000	     12376	80005408	ffbff2ef	jal	x5,80005402	  x5=0x8000540c
      249849000	     12390	80005402	2039	c.jal	80005410	  x1=0x80005404
      249909000	     12393	80005410	ff5ff0ef	jal	x1,80005404	  x1=0x80005414
      249969000	     12396	80005404	ffdff86f	jal	x16,80005400	 x16=0x80005408
      250029000	     12399	80005400	3fd5	c.jal	800053f4	  x1=0x80005402
      250089000	     12402	800053f4	a821	c.j	8000540c	
      250149000	     12405	8000540c	bfc5	c.j	800053fc	
      250209000	     12408	800053fc	3ff5	c.jal	800053f8	  x1=0x800053fe
      250269000	     12411	800053f8	01c0026f	jal	x4,80005414	  x4=0x800053fc
      250329000	     12414	80005414	0001	c.addi	x0,0	  x0:0x00000000  x0=0x00000000
      250349000	     12415	80005416	004000ef	jal	x1,8000541a	  x1=0x8000541a
      250389000	     12417	8000541a	a819	c.j	80005430	
      250749000	     12435	80005430	bffd	c.j	8000542e	
      251869000	     12491	8000542e	2011	c.jal	80005432	  x1=0x80005430
      251949000	     12495	80005432	ffbffb6f	jal	x22,8000542c	 x22=0x80005436
      252289000	     12512	8000542c	3fcd	c.jal	8000541e	  x1=0x8000542e
      252349000	     12515	8000541e	0040036f	jal	x6,80005422	  x6=0x80005422
      252429000	     12519	80005422	008000ef	jal	x1,8000542a	  x1=0x80005426
      252489000	     12522	8000542a	3ff5	c.jal	80005426	  x1=0x8000542c
      252549000	     12525	80005426	012000ef	jal	x1,80005438	  x1=0x8000542a
      252589000	     12527	80005438	fffff0ef	jal	x1,80005436	  x1=0x8000543c
      252629000	     12529	80005436	37dd	c.jal	8000541c	  x1=0x80005438
      252669000	     12531	8000541c	a005	c.j	8000543c	
      252729000	     12534	8000543c	0001	c.addi	x0,0	  x0:0x00000000  x0=0x00000000
      252749000	     12535	8000543e	008000ef	jal	x1,80005446	  x1=0x80005442
      252789000	     12537	80005446	2009	c.jal	80005448	  x1=0x80005448
      253649000	     12580	80005448	a019	c.j	8000544e	
      254669000	     12631	8000544e	010000ef	jal	x1,8000545e	  x1=0x80005452
      256389000	     12717	8000545e	004005ef	jal	x11,80005462	 x11=0x80005462
      256429000	     12719	80005462	3fe5	c.jal	8000545a	  x1=0x80005464
      256609000	     12728	8000545a	00e0056f	jal	x10,80005468	 x10=0x8000545e
      256929000	     12744	80005468	37f5	c.jal	80005454	  x1=0x8000546a
      256969000	     12746	80005454	a809	c.j	80005466	
      257029000	     12749	80005466	b7dd	c.j	8000544c	
      257089000	     12752	8000544c	3fdd	c.jal	80005442	  x1=0x8000544e
      257169000	     12756	80005442	0140026f	jal	x4,80005456	  x4=0x80005446
      257249000	     12760	80005456	ffdff26f	jal	x4,80005452	  x4=0x8000545a
      257289000	     12762	80005452	3fe5	c.jal	8000544a	  x1=0x80005454
      257329000	     12764	8000544a	2005	c.jal	8000546a	  x1=0x8000544c
      257369000	     12766	8000546a	3fed	c.jal	80005464	  x1=0x8000546c
      257409000	     12768	80005464	2021	c.jal	8000546c	  x1=0x80005466
      257449000	     12770	8000546c	01373db3	sltu	x27,x14,x19	 x14:0x80023ce4 x19:0x0000042e x27=0x00000000
      257469000	     12771	80005470	00c000ef	jal	x1,8000547c	  x1=0x80005474
      257509000	     12773	8000547c	0040036f	jal	x6,80005480	  x6=0x80005480
      257989000	     12797	80005480	006000ef	jal	x1,80005486	  x1=0x80005484
      258049000	     12800	80005486	bffd	c.j	80005484	
      258109000	     12803	80005484	2011	c.jal	80005488	  x1=0x80005486
      258169000	     12806	80005488	3fcd	c.jal	8000547a	  x1=0x8000548a
      258229000	     12809	8000547a	3ffd	c.jal	80005478	  x1=0x8000547c
      258289000	     12812	80005478	a811	c.j	8000548c	
      258329000	     12814	8000548c	bffd	c.j	8000548a	
      258369000	     12816	8000548a	b7ed	c.j	80005474	
      258409000	     12818	80005474	01a000ef	jal	x1,8000548e	  x1=0x80005478
      259209000	     12858	8000548e	021a6a33	rem	x20,x20,x1	 x20:0x80005310  x1:0x80005478 x20=0xfffffe98
      259229000	     12859	80005492	034000ef	jal	x1,800054c6	  x1=0x80005496
      260409000	     12918	800054c6	2011	c.jal	800054ca	  x1=0x800054c8
      260809000	     12938	800054ca	37ed	c.jal	800054b4	  x1=0x800054cc
      261049000	     12950	800054b4	a829	c.j	800054ce	
      261149000	     12955	800054ce	0080036f	jal	x6,800054d6	  x6=0x800054d2
      261209000	     12958	800054d6	00c0036f	jal	x6,800054e2	  x6=0x800054da
      261449000	     12970	800054e2	b7ed	c.j	800054cc	
      261509000	     12973	800054cc	bff5	c.j	800054c8	
      261569000	     12976	800054c8	3ff5	c.jal	800054c4	  x1=0x800054ca
      261629000	     12979	800054c4	b7dd	c.j	800054aa	
      262629000	     13029	800054aa	a821	c.j	800054c2	
      262669000	     13031	800054c2	b7c5	c.j	800054a2	
      262729000	     13034	800054a2	03c000ef	jal	x1,800054de	  x1=0x800054a6
      262849000	     13040	800054de	ff7ff0ef	jal	x1,800054d4	  x1=0x800054e2
      262909000	     13043	800054d4	b7ed	c.j	800054be	
      262969000	     13046	800054be	a811	c.j	800054d2	
      263029000	     13049	800054d2	3ff9	c.jal	800054b0	  x1=0x800054d4
      263089000	     13052	800054b0	b7e5	c.j	80005498	
      263149000	     13055	80005498	020000ef	jal	x1,800054b8	  x1=0x8000549c
      263209000	     13058	800054b8	200d	c.jal	800054da	  x1=0x800054ba
      263269000	     13061	800054da	a009	c.j	800054dc	
      263309000	     13063	800054dc	bf6d	c.j	80005496	
      263349000	     13065	80005496	a005	c.j	800054b6	
      263389000	     13067	800054b6	b7dd	c.j	8000549c	
      263469000	     13071	8000549c	0160026f	jal	x4,800054b2	  x4=0x800054a0
      263529000	     13074	800054b2	bfd5	c.j	800054a6	
      263589000	     13077	800054a6	ffbff36f	jal	x6,800054a0	  x6=0x800054aa
      263649000	     13080	800054a0	a031	c.j	800054ac	
      263689000	     13082	800054ac	00e00c6f	jal	x24,800054ba	 x24=0x800054b0
      263749000	     13085	800054ba	0060036f	jal	x6,800054c0	  x6=0x800054be
      263809000	     13088	800054c0	2015	c.jal	800054e4	  x1=0x800054c2
      263849000	     13090	800054e4	8ebb6393	ori	x7,x22,-1813	 x22:0x80005436  x7=0xfffffcff
      263869000	     13091	800054e8	016000ef	jal	x1,800054fe	  x1=0x800054ec
      264409000	     13118	800054fe	026000ef	jal	x1,80005524	  x1=0x80005502
      265089000	     13152	80005524	fc9ff26f	jal	x4,800054ec	  x4=0x80005528
      265129000	     13154	800054ec	a835	c.j	80005528	
      265829000	     13189	80005528	3fe9	c.jal	80005502	  x1=0x8000552a
      265869000	     13191	80005502	bfd5	c.j	800054f6	
      265989000	     13197	800054f6	020000ef	jal	x1,80005516	  x1=0x800054fa
      266049000	     13200	80005516	bfed	c.j	80005510	
      266109000	     13203	80005510	bff9	c.j	800054ee	
      266169000	     13206	800054ee	202d	c.jal	80005518	  x1=0x800054f0
      267169000	     13256	80005518	37fd	c.jal	80005506	  x1=0x8000551a
      267229000	     13259	80005506	00800def	jal	x27,8000550e	 x27=0x8000550a
      267289000	     13262	8000550e	2809	c.jal	80005520	  x1=0x80005510
      267329000	     13264	80005520	3ff1	c.jal	800054fc	  x1=0x80005522
      267369000	     13266	800054fc	a01d	c.j	80005522	
      267409000	     13268	80005522	37f9	c.jal	800054f0	  x1=0x80005524
      267449000	     13270	800054f0	200d	c.jal	80005512	  x1=0x800054f2
      267509000	     13273	80005512	ffbff0ef	jal	x1,8000550c	  x1=0x80005516
      267569000	     13276	8000550c	37dd	c.jal	800054f2	  x1=0x8000550e
      267629000	     13279	800054f2	012000ef	jal	x1,80005504	  x1=0x800054f6
      267689000	     13282	80005504	a819	c.j	8000551a	
      267749000	     13285	8000551a	004000ef	jal	x1,8000551e	  x1=0x8000551e
      267809000	     13288	8000551e	b7f5	c.j	8000550a	
      267869000	     13291	8000550a	3fc5	c.jal	800054fa	  x1=0x8000550c
      267929000	     13294	800054fa	a805	c.j	8000552a	
      268009000	     13298	8000552a	4079d6b3	sra	x13,x19,x7	 x19:0x0000042e  x7:0xfffffcff x13=0x00000000
      268029000	     13299	8000552e	014000ef	jal	x1,80005542	  x1=0x80005532
      269269000	     13361	80005542	012000ef	jal	x1,80005554	  x1=0x80005546
      269449000	     13370	80005554	fe9ffa6f	jal	x20,8000553c	 x20=0x80005558
      269529000	     13374	8000553c	012000ef	jal	x1,8000554e	  x1=0x80005540
      269589000	     13377	8000554e	2029	c.jal	80005558	  x1=0x80005550
      269989000	     13397	80005558	fddffb6f	jal	x22,80005534	 x22=0x8000555c
      270049000	     13400	80005534	2809	c.jal	80005546	  x1=0x80005536
      270109000	     13403	80005546	a011	c.j	8000554a	
      270169000	     13406	8000554a	2809	c.jal	8000555c	  x1=0x8000554c
      270229000	     13409	8000555c	bff9	c.j	8000553a	
      270289000	     13412	8000553a	a039	c.j	80005548	
      270349000	     13415	80005548	2029	c.jal	80005552	  x1=0x8000554a
      270409000	     13418	80005552	37fd	c.jal	80005540	  x1=0x80005554
      270469000	     13421	80005540	3fdd	c.jal	80005536	  x1=0x80005542
      270529000	     13424	80005536	3ff5	c.jal	80005532	  x1=0x80005538
      270569000	     13426	80005532	a019	c.j	80005538	
      270609000	     13428	80005538	2821	c.jal	80005550	  x1=0x8000553a
      270649000	     13430	80005550	bff5	c.j	8000554c	
      270709000	     13433	8000554c	2809	c.jal	8000555e	  x1=0x8000554e
      270769000	     13436	8000555e	01386433	or	x8,x16,x19	 x16:0x80005408 x19:0x0000042e  x8=0x8000542e
      270789000	     13437	80005562	01c000ef	jal	x1,8000557e	  x1=0x80005566
      271369000	     13466	8000557e	ffdff0ef	jal	x1,8000557a	  x1=0x80005582
      271409000	     13468	8000557a	2009	c.jal	8000557c	  x1=0x8000557c
      271489000	     13472	8000557c	3fd5	c.jal	80005570	  x1=0x8000557e
      271549000	     13475	80005570	ffbff0ef	jal	x1,8000556a	  x1=0x80005574
      271629000	     13479	8000556a	004000ef	jal	x1,8000556e	  x1=0x8000556e
      271689000	     13482	8000556e	a819	c.j	80005584	
      271749000	     13485	80005584	2019	c.jal	8000558a	  x1=0x80005586
      271809000	     13488	8000558a	37ed	c.jal	80005574	  x1=0x8000558c
      271869000	     13491	80005574	01200cef	jal	x25,80005586	 x25=0x80005578
      271929000	     13494	80005586	a009	c.j	80005588	
      271989000	     13497	80005588	3fed	c.jal	80005582	  x1=0x8000558a
      272049000	     13500	80005582	bfdd	c.j	80005578	
      272109000	     13503	80005578	bfc5	c.j	80005568	
      272169000	     13506	80005568	3ffd	c.jal	80005566	  x1=0x8000556a
      272229000	     13509	80005566	a01d	c.j	8000558c	
      273009000	     13548	8000558c	021173b3	remu	x7,x2,x1	  x2:0xf5e39895  x1:0x8000556a  x7=0x75e3432b
      273029000	     13549	80005590	01a000ef	jal	x1,800055aa	  x1=0x80005594
      276669000	     13731	800055aa	b7f5	c.j	80005596	
      276709000	     13733	80005596	a031	c.j	800055a2	
      276749000	     13735	800055a2	3fe5	c.jal	8000559a	  x1=0x800055a4
      276789000	     13737	8000559a	2039	c.jal	800055a8	  x1=0x8000559c
      276829000	     13739	800055a8	3fdd	c.jal	8000559e	  x1=0x800055aa
      276889000	     13742	8000559e	00e0026f	jal	x4,800055ac	  x4=0x800055a2
      276949000	     13745	800055ac	37e5	c.jal	80005594	  x1=0x800055ae
      276989000	     13747	80005594	2801	c.jal	800055a4	  x1=0x80005596
      277029000	     13749	800055a4	2009	c.jal	800055a6	  x1=0x800055a6
      277069000	     13751	800055a6	3fdd	c.jal	8000559c	  x1=0x800055a8
      277109000	     13753	8000559c	bff5	c.j	80005598	
      277149000	     13755	80005598	a819	c.j	800055ae	
      277209000	     13758	800055ae	401ad493	srai	x9,x21,0x1	 x21:0x75e19a6d  x9=0x3af0cd36
      277229000	     13759	800055b2	01e000ef	jal	x1,800055d0	  x1=0x800055b6
      278189000	     13807	800055d0	3fe5	c.jal	800055c8	  x1=0x800055d2
      278649000	     13830	800055c8	0160026f	jal	x4,800055de	  x4=0x800055cc
      278709000	     13833	800055de	ff7ff0ef	jal	x1,800055d4	  x1=0x800055e2
      278769000	     13836	800055d4	b7ed	c.j	800055be	
      278809000	     13838	800055be	282d	c.jal	800055f8	  x1=0x800055c0
      279289000	     13862	800055f8	fefff0ef	jal	x1,800055e6	  x1=0x800055fc
      279389000	     13867	800055e6	fe1ff0ef	jal	x1,800055c6	  x1=0x800055ea
      279449000	     13870	800055c6	2831	c.jal	800055e2	  x1=0x800055c8
      279509000	     13873	800055e2	ff1ff0ef	jal	x1,800055d2	  x1=0x800055e6
      279569000	     13876	800055d2	a019	c.j	800055d8	
      279629000	     13879	800055d8	3ff9	c.jal	800055b6	  x1=0x800055da
      279709000	     13883	800055b6	03c002ef	jal	x5,800055f2	  x5=0x800055ba
      280449000	     13920	800055f2	bfe5	c.j	800055ea	
      280509000	     13923	800055ea	3fe1	c.jal	800055c2	  x1=0x800055ec
      280569000	     13926	800055c2	ff9ff0ef	jal	x1,800055ba	  x1=0x800055c6
      280649000	     13930	800055ba	0140046f	jal	x8,800055ce	  x8=0x800055be
      280689000	     13932	800055ce	a01d	c.j	800055f4	
      280729000	     13934	800055f4	fd9ff0ef	jal	x1,800055cc	  x1=0x800055f8
      280769000	     13936	800055cc	bfd5	c.j	800055c0	
      280809000	     13938	800055c0	a835	c.j	800055fc	
      280849000	     13940	800055fc	b7c5	c.j	800055dc	
      280889000	     13942	800055dc	3ffd	c.jal	800055da	  x1=0x800055de
      280929000	     13944	800055da	2809	c.jal	800055ec	  x1=0x800055dc
      281229000	     13959	800055ec	004000ef	jal	x1,800055f0	  x1=0x800055f0
      281289000	     13962	800055f0	37dd	c.jal	800055d6	  x1=0x800055f2
      281349000	     13965	800055d6	2025	c.jal	800055fe	  x1=0x800055d8
      281429000	     13969	800055fe	03118fb3	mul	x31,x3,x17	  x3:0xfffffd7a x17:0x80004c5c x31=0xff3f4fd8
      281449000	     13970	80005602	00c000ef	jal	x1,8000560e	  x1=0x80005606
      281509000	     13973	8000560e	2021	c.jal	80005616	  x1=0x80005610
      282229000	     14009	80005616	a031	c.j	80005622	
      282989000	     14047	80005622	3fc5	c.jal	80005612	  x1=0x80005624
      283049000	     14050	80005612	2029	c.jal	8000561c	  x1=0x80005614
      283109000	     14053	8000561c	37fd	c.jal	8000560a	  x1=0x8000561e
      283189000	     14057	8000560a	01a000ef	jal	x1,80005624	  x1=0x8000560e
      283249000	     14060	80005624	b7f5	c.j	80005610	
      283289000	     14062	80005610	2011	c.jal	80005614	  x1=0x80005612
      283329000	     14064	80005614	a031	c.j	80005620	
      283369000	     14066	80005620	2021	c.jal	80005628	  x1=0x80005622
      283409000	     14068	80005628	ff1ffdef	jal	x27,80005618	 x27=0x8000562c
      283449000	     14070	80005618	006000ef	jal	x1,8000561e	  x1=0x8000561c
      283529000	     14074	8000561e	b7e5	c.j	80005606	
      283589000	     14077	80005606	a009	c.j	80005608	
      283649000	     14080	80005608	a015	c.j	8000562c	
      283689000	     14082	8000562c	3fed	c.jal	80005626	  x1=0x8000562e
      283729000	     14084	80005626	2021	c.jal	8000562e	  x1=0x80005628
      283769000	     14086	8000562e	699d	c.lui	x19,0x7	 x19=0x00007000
      283789000	     14087	80005630	01e000ef	jal	x1,8000564e	  x1=0x80005634
      284409000	     14118	8000564e	3fd5	c.jal	80005642	  x1=0x80005650
      285349000	     14165	80005642	a029	c.j	8000564c	
      285409000	     14168	8000564c	bff5	c.j	80005648	
      285449000	     14170	80005648	3ff5	c.jal	80005644	  x1=0x8000564a
      286049000	     14200	80005644	bfc5	c.j	80005634	
      286089000	     14202	80005634	a01d	c.j	8000565a	
      286129000	     14204	8000565a	b7d5	c.j	8000563e	
      286169000	     14206	8000563e	a819	c.j	80005654	
      286209000	     14208	80005654	bfcd	c.j	80005646	
      286249000	     14210	80005646	3fd5	c.jal	8000563a	  x1=0x80005648
      286289000	     14212	8000563a	2801	c.jal	8000564a	  x1=0x8000563c
      286329000	     14214	8000564a	3fdd	c.jal	80005640	  x1=0x8000564c
      286369000	     14216	80005640	3fe5	c.jal	80005638	  x1=0x80005642
      286409000	     14218	80005638	a80d	c.j	8000566a	
      286749000	     14235	8000566a	3fcd	c.jal	8000565c	  x1=0x8000566c
      286789000	     14237	8000565c	a011	c.j	80005660	
      287129000	     14254	80005660	bff1	c.j	8000563c	
      287169000	     14256	8000563c	2025	c.jal	80005664	  x1=0x8000563e
      287409000	     14268	80005664	a029	c.j	8000566e	
      287449000	     14270	8000566e	37e5	c.jal	80005656	  x1=0x80005670
      287489000	     14272	80005656	2031	c.jal	80005662	  x1=0x80005658
      287529000	     14274	80005662	bff5	c.j	8000565e	
      287569000	     14276	8000565e	3fe1	c.jal	80005636	  x1=0x80005660
      287609000	     14278	80005636	2829	c.jal	80005650	  x1=0x80005638
      287649000	     14280	80005650	01c000ef	jal	x1,8000566c	  x1=0x80005654
      287829000	     14289	8000566c	3ff5	c.jal	80005668	  x1=0x8000566e
      287869000	     14291	80005668	3fc5	c.jal	80005658	  x1=0x8000566a
      287909000	     14293	80005658	a039	c.j	80005666	
      287949000	     14295	80005666	a029	c.j	80005670	
      288009000	     14298	80005670	8535	c.srai	x10,0xd	 x10:0x8000545e x10=0xfffc0002
      288029000	     14299	80005672	40440233	sub	x4,x8,x4	  x8:0x800055be  x4:0x800055cc  x4=0xfffffff2
      288049000	     14300	80005676	1ca5cc93	xori	x25,x11,458	 x11:0x80005462 x25=0x800055a8
      288069000	     14301	8000567a	6b31	c.lui	x22,0xc	 x22=0x0000c000
      288089000	     14302	8000567c	019031b3	sltu	x3,x0,x25	  x0:0x00000000 x25:0x800055a8  x3=0x00000001
      288269000	     14311	80005680	86b1	c.srai	x13,0xc	 x13:0x00000000 x13=0x00000000
      288469000	     14321	80005682	00da7963	bgeu	x20,x13,80005694	 x20:0x80005558 x13:0x00000000
      289189000	     14357	80005694	e78d	c.bnez	x15,800056be	 x15:0x8000529e
      290589000	     14427	800056be	4093d4b3	sra	x9,x7,x9	  x7:0x75e3432b  x9:0x3af0cd36  x9=0x000001d7
      290609000	     14428	800056c2	8ef5	c.and	x13,x13	 x13:0x00000000 x13:0x00000000 x13=0x00000000
      290989000	     14447	800056c4	0077a333	slt	x6,x15,x7	 x15:0x8000529e  x7:0x75e3432b  x6=0x00000001
      291269000	     14461	800056c8	52268e93	addi	x29,x13,1314	 x13:0x00000000 x29=0x00000522
      291289000	     14462	800056cc	c69d	c.beqz	x13,800056fa	 x13:0x00000000
      291849000	     14490	800056fa	6b1a4b13	xori	x22,x20,1713	 x20:0x80005558 x22=0x800053e9
      292249000	     14510	800056fe	001d9a93	slli	x21,x27,0x1	 x27:0x8000562c x21=0x0000ac58
      292269000	     14511	80005702	015f1c33	sll	x24,x30,x21	 x30:0x80005096 x21:0x0000ac58 x24=0x96000000
      292289000	     14512	80005706	00b1	c.addi	x1,12	  x1:0x8000566a  x1=0x80005676
      292529000	     14524	80005708	746f6d93	ori	x27,x30,1862	 x30:0x80005096 x27=0x800057d6
      292589000	     14527	8000570c	019f7533	and	x10,x30,x25	 x30:0x80005096 x25:0x800055a8 x10=0x80005080
      292609000	     14528	80005710	8f95	c.sub	x15,x13	 x15:0x8000529e x13:0x00000000 x15=0x8000529e
      292629000	     14529	80005712	0ff0000f	fence	iorw,iorw	
      293049000	     14550	80005716	e3254893	xori	x17,x10,-462	 x10:0x80005080 x17=0x7fffaeb2
      293069000	     14551	8000571a	406e5333	sra	x6,x28,x6	 x28:0x80004bb0  x6:0x00000001  x6=0xc00025d8
      293089000	     14552	8000571e	0001	c.addi	x0,0	  x0:0x00000000  x0=0x00000000
      293109000	     14553	80005720	e299	c.bnez	x13,80005726	 x13:0x00000000
      293269000	     14561	80005722	60003013	sltiu	x0,x0,1536	  x0:0x00000000  x0=0x00000000
      294289000	     14612	80005726	032e6333	rem	x6,x28,x18	 x28:0x80004bb0 x18:0x4f6e0000  x6=0xcf6e4bb0
      294309000	     14613	8000572a	8d7d	c.and	x10,x15	 x10:0x80005080 x15:0x8000529e x10=0x80005080
      294329000	     14614	8000572c	7ce96d93	ori	x27,x18,1998	 x18:0x4f6e0000 x27=0x4f6e07ce
      294369000	     14616	80005730	020965b3	rem	x11,x18,x0	 x18:0x4f6e0000  x0:0x00000000 x11=0x4f6e0000
      294409000	     14618	80005734	03c2a833	mulhsu	x16,x5,x28	  x5:0x800055ba x28:0x80004bb0 x16=0xc0000505
      294429000	     14619	80005738	8915	c.andi	x10,5	 x10:0x80005080 x10=0x00000000
      294449000	     14620	8000573a	4585	c.li	x11,1	 x11=0x00000001
      295189000	     14657	8000573c	02c26eb3	rem	x29,x4,x12	  x4:0xfffffff2 x12:0x8001fe4c x29=0xfffffff2
      295209000	     14658	80005740	6bc9	c.lui	x23,0x12	 x23=0x00012000
      295229000	     14659	80005742	9a06	c.add	x20,x1	 x20:0x80005558  x1:0x80005676 x20=0x0000abce
      295249000	     14660	80005744	01de3e33	sltu	x28,x28,x29	 x28:0x80004bb0 x29:0xfffffff2 x28=0x00000001
      295269000	     14661	80005748	02464063	blt	x12,x4,80005768	 x12:0x8001fe4c  x4:0xfffffff2
      295529000	     14674	80005768	69e22b13	slti	x22,x4,1694	  x4:0xfffffff2 x22=0x00000001
      295549000	     14675	8000576c	d5473693	sltiu	x13,x14,-684	 x14:0x80023ce4 x13=0x00000001
      295609000	     14678	80005770	0000100f	fence.i	
      295929000	     14694	80005774	018395b3	sll	x11,x7,x24	  x7:0x75e3432b x24:0x96000000 x11=0x75e3432b
      295949000	     14695	80005778	0001	c.addi	x0,0	  x0:0x00000000  x0=0x00000000
      295969000	     14696	8000577a	00a34eb3	xor	x29,x6,x10	  x6:0xcf6e4bb0 x10:0x00000000 x29=0xcf6e4bb0
      296049000	     14700	8000577e	41135793	srai	x15,x6,0x11	  x6:0xcf6e4bb0 x15=0xffffe7b7
      296069000	     14701	80005782	0170ad33	slt	x26,x1,x23	  x1:0x80005676 x23:0x00012000 x26=0x00000001
      296089000	     14702	80005786	0001	c.addi	x0,0	  x0:0x00000000  x0=0x00000000
      296489000	     14722	80005788	09142913	slti	x18,x8,145	  x8:0x800055be x18=0x00000001
      296629000	     14729	8000578c	f54ba513	slti	x10,x23,-172	 x23:0x00012000 x10=0x00000000
      296989000	     14747	80005790	8881	c.andi	x9,0	  x9:0x000001d7  x9=0x00000000
      297189000	     14757	80005792	c0aec0b7	lui	x1,0xc0aec	  x1=0xc0aec000
      297209000	     14758	80005796	cd09	c.beqz	x10,800057b0	 x10:0x00000000
      297449000	     14770	800057b0	0001	c.addi	x0,0	  x0:0x00000000  x0=0x00000000
      297469000	     14771	800057b2	0ff0000f	fence	iorw,iorw	
      297489000	     14772	800057b6	84e5	c.srai	x9,0x19	  x9:0x00000000  x9=0x00000000
      297509000	     14773	800057b8	f8a1b813	sltiu	x16,x3,-118	  x3:0x00000001 x16=0x00000001
      297529000	     14774	800057bc	41dcda13	srai	x20,x25,0x1d	 x25:0x800055a8 x20=0xfffffffc
      297929000	     14794	800057c0	41365e93	srai	x29,x12,0x13	 x12:0x8001fe4c x29=0xfffff000
      297949000	     14795	800057c4	00f86833	or	x16,x16,x15	 x16:0x00000001 x15:0xffffe7b7 x16=0xffffe7b7
      298149000	     14805	800057c8	00f29893	slli	x17,x5,0xf	  x5:0x800055ba x17=0x2add0000
      298209000	     14808	800057cc	33a62d93	slti	x27,x12,826	 x12:0x8001fe4c x27=0x00000001
      298229000	     14809	800057d0	41395513	srai	x10,x18,0x13	 x18:0x00000001 x10=0x00000000
      298969000	     14846	800057d4	023ac8b3	div	x17,x21,x3	 x21:0x0000ac58  x3:0x00000001 x17=0x0000ac58
      298989000	     14847	800057d8	016397b3	sll	x15,x7,x22	  x7:0x75e3432b x22:0x00000001 x15=0xebc68656
      299729000	     14884	800057dc	03036033	rem	x0,x6,x16	  x6:0xcf6e4bb0 x16:0xffffe7b7  x0=0x00000000
      300469000	     14921	800057e0	02d8d233	divu	x4,x17,x13	 x17:0x0000ac58 x13:0x00000001  x4=0x0000ac58
      300489000	     14922	800057e4	03496163	bltu	x18,x20,80005806	 x18:0x00000001 x20:0xfffffffc
      301529000	     14974	80005806	03bffdb3	remu	x27,x31,x27	 x31:0xff3f4fd8 x27:0x00000001 x27=0x00000000
      301549000	     14975	8000580a	81fe	c.mv	x3,x31	  x0:0x00000000 x31:0xff3f4fd8  x3=0xff3f4fd8
      301569000	     14976	8000580c	01bb4d63	blt	x22,x27,80005826	 x22:0x00000001 x27:0x00000000
      301649000	     14980	80005810	00197e33	and	x28,x18,x1	 x18:0x00000001  x1:0xc0aec000 x28=0x00000000
      302069000	     15001	80005814	0046b833	sltu	x16,x13,x4	 x13:0x00000001  x4:0x0000ac58 x16=0x00000001
      302089000	     15002	80005818	0000100f	fence.i	
      302389000	     15017	8000581c	0171ed63	bltu	x3,x23,80005836	  x3:0xff3f4fd8 x23:0x00012000
      303129000	     15054	80005820	024669b3	rem	x19,x12,x4	 x12:0x8001fe4c  x4:0x0000ac58 x19=0xffff809c
      303149000	     15055	80005824	8d3d	c.xor	x10,x15	 x10:0x00000000 x15:0xebc68656 x10=0xebc68656
      303169000	     15056	80005826	40cd8c33	sub	x24,x27,x12	 x27:0x00000000 x12:0x8001fe4c x24=0x7ffe01b4
      303189000	     15057	8000582a	0000100f	fence.i	
      303389000	     15067	8000582e	de8a8993	addi	x19,x21,-536	 x21:0x0000ac58 x19=0x0000aa40
      304129000	     15104	80005832	02aec4b3	div	x9,x29,x10	 x29:0xfffff000 x10:0xebc68656  x9=0x00000000
      304869000	     15141	80005836	03d747b3	div	x15,x14,x29	 x14:0x80023ce4 x29:0xfffff000 x15=0x0007ffdc
      304889000	     15142	8000583a	02257363	bgeu	x10,x2,80005860	 x10:0xebc68656  x2:0xf5e39895
      304909000	     15143	8000583e	00ba4f33	xor	x30,x20,x11	 x20:0xfffffffc x11:0x75e3432b x30=0x8a1cbcd7
      304929000	     15144	80005842	40f30e33	sub	x28,x6,x15	  x6:0xcf6e4bb0 x15:0x0007ffdc x28=0xcf664bd4
      304949000	     15145	80005846	01e2f833	and	x16,x5,x30	  x5:0x800055ba x30:0x8a1cbcd7 x16=0x80001492
      304969000	     15146	8000584a	01675863	bge	x14,x22,8000585a	 x14:0x80023ce4 x22:0x00000001
      305089000	     15152	8000584e	0000100f	fence.i	
      305889000	     15192	80005852	0000100f	fence.i	
      306449000	     15220	80005856	f8bf4c93	xori	x25,x30,-117	 x30:0x8a1cbcd7 x25=0x75e3435c
      306469000	     15221	8000585a	01dab033	sltu	x0,x21,x29	 x21:0x0000ac58 x29:0xfffff000  x0=0x00000000
      306489000	     15222	8000585e	8f91	c.sub	x15,x12	 x15:0x0007ffdc x12:0x8001fe4c x15=0x80060190
      307529000	     15274	80005860	03e94cb3	div	x25,x18,x30	 x18:0x00000001 x30:0x8a1cbcd7 x25=0x00000000
      307549000	     15275	80005864	01729463	bne	x5,x23,8000586c	  x5:0x800055ba x23:0x00012000
      307729000	     15284	8000586c	01fb0033	add	x0,x22,x31	 x22:0x00000001 x31:0xff3f4fd8  x0=0x00000000
      307969000	     15296	80005870	8f8d	c.sub	x15,x11	 x15:0x80060190 x11:0x75e3432b x15=0x0a22be65
      307989000	     15297	80005872	41780033	sub	x0,x16,x23	 x16:0x80001492 x23:0x00012000  x0=0x00000000
      308009000	     15298	80005876	0b65	c.addi	x22,25	 x22:0x00000001 x22=0x0000001a
      308069000	     15301	80005878	01f18463	beq	x3,x31,80005880	  x3:0xff3f4fd8 x31:0xff3f4fd8
      308489000	     15322	80005880	02f4d763	bge	x9,x15,800058ae	  x9:0x00000000 x15:0x0a22be65
      308909000	     15343	80005884	14fd	c.addi	x9,-1	  x9:0x00000000  x9=0xffffffff
      308929000	     15344	80005886	0ff0000f	fence	iorw,iorw	
      308949000	     15345	8000588a	015837b3	sltu	x15,x16,x21	 x16:0x80001492 x21:0x0000ac58 x15=0x00000000
      308969000	     15346	8000588e	8ea5	c.xor	x13,x9	 x13:0x00000001  x9:0xffffffff x13=0xfffffffe
      308989000	     15347	80005890	9fa2	c.add	x31,x8	 x31:0xff3f4fd8  x8:0x800055be x31=0x7f3fa596
      309309000	     15363	80005892	0203a4b3	mulhsu	x9,x7,x0	  x7:0x75e3432b  x0:0x00000000  x9=0x00000000
      309389000	     15367	80005896	03e48db3	mul	x27,x9,x30	  x9:0x00000000 x30:0x8a1cbcd7 x27=0x00000000
      309409000	     15368	8000589a	40f75eb3	sra	x29,x14,x15	 x14:0x80023ce4 x15:0x00000000 x29=0x80023ce4
      309429000	     15369	8000589e	01681693	slli	x13,x16,0x16	 x16:0x80001492 x13=0x24800000
      309549000	     15375	800058a2	410b5e33	sra	x28,x22,x16	 x22:0x0000001a x16:0x80001492 x28=0x00000000
      309569000	     15376	800058a6	01ca1db3	sll	x27,x20,x28	 x20:0xfffffffc x28:0x00000000 x27=0xfffffffc
      309829000	     15389	800058aa	01b53d33	sltu	x26,x10,x27	 x10:0xebc68656 x27:0xfffffffc x26=0x00000001
      309849000	     15390	800058ae	0001	c.addi	x0,0	  x0:0x00000000  x0=0x00000000
      309869000	     15391	800058b0	006c1393	slli	x7,x24,0x6	 x24:0x7ffe01b4  x7=0xff806d00
      310789000	     15437	800058b4	03b9de33	divu	x28,x19,x27	 x19:0x0000aa40 x27:0xfffffffc x28=0x00000000
      310809000	     15438	800058b8	9d5a	c.add	x26,x22	 x26:0x00000001 x22:0x0000001a x26=0x0000001b
      310829000	     15439	800058ba	5dfd	c.li	x27,-1	 x27=0xffffffff
      310849000	     15440	800058bc	006c5d33	srl	x26,x24,x6	 x24:0x7ffe01b4  x6:0xcf6e4bb0 x26=0x00007ffe
      310869000	     15441	800058c0	32ca7d13	andi	x26,x20,812	 x20:0xfffffffc x26=0x0000032c
      310889000	     15442	800058c4	034e0863	beq	x28,x20,800058f4	 x28:0x00000000 x20:0xfffffffc
      311629000	     15479	800058c8	034240b3	div	x1,x4,x20	  x4:0x0000ac58 x20:0xfffffffc  x1=0xffffd4ea
      311649000	     15480	800058cc	810d	c.srli	x10,0x3	 x10:0xebc68656 x10=0x1d78d0ca
      312389000	     15517	800058ce	0356c6b3	div	x13,x13,x21	 x13:0x24800000 x21:0x0000ac58 x13=0x00003637
      312409000	     15518	800058d2	417a5793	srai	x15,x20,0x17	 x20:0xfffffffc x15=0xffffffff
      312429000	     15519	800058d6	49f1	c.li	x19,28	 x19=0x0000001c
      312449000	     15520	800058d8	015cc533	xor	x10,x25,x21	 x25:0x00000000 x21:0x0000ac58 x10=0x0000ac58
      312489000	     15522	800058dc	02c69db3	mulh	x27,x13,x12	 x13:0x00003637 x12:0x8001fe4c x27=0xffffe4e4
      312509000	     15523	800058e0	8fa9	c.xor	x15,x10	 x15:0xffffffff x10:0x0000ac58 x15=0xffff53a7
      312529000	     15524	800058e2	8596	c.mv	x11,x5	  x0:0x00000000  x5:0x800055ba x11=0x800055ba
      312549000	     15525	800058e4	8bdd	c.andi	x15,23	 x15:0xffff53a7 x15=0x00000007
      312569000	     15526	800058e6	0d574a13	xori	x20,x14,213	 x14:0x80023ce4 x20=0x80023c31
      312589000	     15527	800058ea	0449	c.addi	x8,18	  x8:0x800055be  x8=0x800055d0
      312609000	     15528	800058ec	010e7e63	bgeu	x28,x16,80005908	 x28:0x00000000 x16:0x80001492
      312709000	     15533	800058f0	32057513	andi	x10,x10,800	 x10:0x0000ac58 x10=0x00000000
      312729000	     15534	800058f4	000bea63	bltu	x23,x0,80005908	 x23:0x00012000  x0:0x00000000
      312849000	     15540	800058f8	747c6313	ori	x6,x24,1863	 x24:0x7ffe01b4  x6=0x7ffe07f7
      313009000	     15548	800058fc	0215b1b3	mulhu	x3,x11,x1	 x11:0x800055ba  x1:0xffffd4ea  x3=0x8000402e
      313109000	     15553	80005900	4f98b313	sltiu	x6,x17,1273	 x17:0x0000ac58  x6=0x00000000
      313449000	     15570	80005904	8d4d	c.or	x10,x11	 x10:0x00000000 x11:0x800055ba x10=0x800055ba
      313469000	     15571	80005906	8c9d	c.sub	x9,x15	  x9:0x00000000 x15:0x00000007  x9=0xfffffff9
      313489000	     15572	80005908	0001	c.addi	x0,0	  x0:0x00000000  x0=0x00000000
      313709000	     15583	8000590a	40c60cb3	sub	x25,x12,x12	 x12:0x8001fe4c x12:0x8001fe4c x25=0x00000000
      314609000	     15628	8000590e	023bc9b3	div	x19,x23,x3	 x23:0x00012000  x3:0x8000402e x19=0x00000000
      314629000	     15629	80005912	417fd533	sra	x10,x31,x23	 x31:0x7f3fa596 x23:0x00012000 x10=0x7f3fa596
      315369000	     15666	80005916	022c49b3	div	x19,x24,x2	 x24:0x7ffe01b4  x2:0xf5e39895 x19=0xfffffff4
      315389000	     15667	8000591a	00bd2e33	slt	x28,x26,x11	 x26:0x0000032c x11:0x800055ba x28=0x00000000
      315409000	     15668	8000591e	028c1563	bne	x24,x8,80005948	 x24:0x7ffe01b4  x8:0x800055d0
      315489000	     15672	80005948	033d84b3	mul	x9,x27,x19	 x27:0xffffe4e4 x19:0xfffffff4  x9=0x00014550
      315509000	     15673	8000594c	0089cfb3	xor	x31,x19,x8	 x19:0xfffffff4  x8:0x800055d0 x31=0x7fffaa24
      315529000	     15674	80005950	d76ee5b7	lui	x11,0xd76ee	 x11=0xd76ee000
      315549000	     15675	80005954	4f2fab13	slti	x22,x31,1266	 x31:0x7fffaa24 x22=0x00000000
      316449000	     15720	80005958	03a9c7b3	div	x15,x19,x26	 x19:0xfffffff4 x26:0x0000032c x15=0x00000000
      316469000	     15721	8000595c	01f640b3	xor	x1,x12,x31	 x12:0x8001fe4c x31:0x7fffaa24  x1=0xfffe5468
      316489000	     15722	80005960	4d65	c.li	x26,25	 x26=0x00000019
      316509000	     15723	80005962	8ead	c.xor	x13,x11	 x13:0x00003637 x11:0xd76ee000 x13=0xd76ed637
      316529000	     15724	80005964	8da9	c.xor	x11,x10	 x11:0xd76ee000 x10:0x7f3fa596 x11=0xa8514596
      316549000	     15725	80005966	d3022a93	slti	x21,x4,-720	  x4:0x0000ac58 x21=0x00000000
      316569000	     15726	8000596a	1ba07f93	andi	x31,x0,442	  x0:0x00000000 x31=0x00000000
      317309000	     15763	8000596e	0316e2b3	rem	x5,x13,x17	 x13:0xd76ed637 x17:0x0000ac58  x5=0xffffe4e7
      317329000	     15764	80005972	0000100f	fence.i	
      318029000	     15799	80005976	402f5b13	srai	x22,x30,0x2	 x30:0x8a1cbcd7 x22=0xe2872f35
      318049000	     15800	8000597a	8d7d	c.and	x10,x15	 x10:0x7f3fa596 x15:0x00000000 x10=0x00000000
      318069000	     15801	8000597c	02d48cb3	mul	x25,x9,x13	  x9:0x00014550 x13:0xd76ed637 x25=0x0896c430
      318209000	     15808	80005980	01390cb3	add	x25,x18,x19	 x18:0x00000001 x19:0xfffffff4 x25=0xfffffff5
      318229000	     15809	80005984	82cd	c.srli	x13,0x13	 x13:0xd76ed637 x13=0x00001aed
      318249000	     15810	80005986	8d67f893	andi	x17,x15,-1834	 x15:0x00000000 x17=0x00000000
      318269000	     15811	8000598a	ecbfb413	sltiu	x8,x31,-309	 x31:0x00000000  x8=0x00000001
      318289000	     15812	8000598e	80d5	c.srli	x9,0x15	  x9:0x00014550  x9=0x00000000
      318509000	     15823	80005990	001f9eb3	sll	x29,x31,x1	 x31:0x00000000  x1:0xfffe5468 x29=0x00000000
      318729000	     15834	80005994	547d	c.li	x8,-1	  x8=0xffffffff
      318749000	     15835	80005996	0165ce33	xor	x28,x11,x22	 x11:0xa8514596 x22:0xe2872f35 x28=0x4ad66aa3
      319169000	     15856	8000599a	049c4363	blt	x24,x9,800059e0	 x24:0x7ffe01b4  x9:0x00000000
      319189000	     15857	8000599e	03d68a33	mul	x20,x13,x29	 x13:0x00001aed x29:0x00000000 x20=0x00000000
      319269000	     15861	800059a2	03a5cb63	blt	x11,x26,800059d8	 x11:0xa8514596 x26:0x00000019
      320349000	     15915	800059d8	0166cab3	xor	x21,x13,x22	 x13:0x00001aed x22:0xe2872f35 x21=0xe28735d8
      320369000	     15916	800059dc	87b5	c.srai	x15,0xd	 x15:0x00000000 x15=0x00000000
      320389000	     15917	800059de	8dbd	c.xor	x11,x15	 x11:0xa8514596 x15:0x00000000 x11=0xa8514596
      320409000	     15918	800059e0	9bfd	c.andi	x15,-1	 x15:0x00000000 x15=0x00000000
      320429000	     15919	800059e2	00f21263	bne	x4,x15,800059e6	  x4:0x0000ac58 x15:0x00000000
      321169000	     15956	800059e6	03c30433	mul	x8,x6,x28	  x6:0x00000000 x28:0x4ad66aa3  x8=0x00000000
      321189000	     15957	800059ea	41c052b3	sra	x5,x0,x28	  x0:0x00000000 x28:0x4ad66aa3  x5=0x00000000
      321629000	     15979	800059ee	027e9c33	mulh	x24,x29,x7	 x29:0x00000000  x7:0xff806d00 x24=0x00000000
      321649000	     15980	800059f2	69ad3b13	sltiu	x22,x26,1690	 x26:0x00000019 x22=0x00000001
      321669000	     15981	800059f6	91ce0513	addi	x10,x28,-1764	 x28:0x4ad66aa3 x10=0x4ad663bf
      321689000	     15982	800059fa	8ccd	c.or	x9,x11	  x9:0x00000000 x11:0xa8514596  x9=0xa8514596
      321709000	     15983	800059fc	8fe1	c.and	x15,x8	 x15:0x00000000  x8:0x00000000 x15=0x00000000
      321729000	     15984	800059fe	01ce7533	and	x10,x28,x28	 x28:0x4ad66aa3 x28:0x4ad66aa3 x10=0x4ad66aa3
      322069000	     16001	80005a02	03035863	bge	x6,x16,80005a32	  x6:0x00000000 x16:0x80001492
      322609000	     16028	80005a32	40c08c33	sub	x24,x1,x12	  x1:0xfffe5468 x12:0x8001fe4c x24=0x7ffc561c
      322629000	     16029	80005a36	8c2d	c.xor	x8,x11	  x8:0x00000000 x11:0xa8514596  x8=0xa8514596
      323369000	     16066	80005a38	03cfca33	div	x20,x31,x28	 x31:0x00000000 x28:0x4ad66aa3 x20=0x00000000
      324109000	     16103	80005a3c	028ee6b3	rem	x13,x29,x8	 x29:0x00000000  x8:0xa8514596 x13=0x00000000
      324149000	     16105	80005a40	020dfc33	remu	x24,x27,x0	 x27:0xffffe4e4  x0:0x00000000 x24=0xffffe4e4
      324169000	     16106	80005a44	409c5033	sra	x0,x24,x9	 x24:0xffffe4e4  x9:0xa8514596  x0=0x00000000
      324189000	     16107	80005a48	02130863	beq	x6,x1,80005a78	  x6:0x00000000  x1:0xfffe5468
      324229000	     16109	80005a4c	03743433	mulhu	x8,x8,x23	  x8:0xa8514596 x23:0x00012000  x8=0x0000bd5b
      324269000	     16111	80005a50	03186ab3	rem	x21,x16,x17	 x16:0x80001492 x17:0x00000000 x21=0x80001492
      324289000	     16112	80005a54	01addf33	srl	x30,x27,x26	 x27:0xffffe4e4 x26:0x00000019 x30=0x0000007f
      324309000	     16113	80005a58	00accf63	blt	x25,x10,80005a76	 x25:0xfffffff5 x10:0x4ad66aa3
      324809000	     16138	80005a76	8de1	c.and	x11,x8	 x11:0xa8514596  x8:0x0000bd5b x11=0x00000512
      325969000	     16196	80005a78	0240dfb3	divu	x31,x1,x4	  x1:0xfffe5468  x4:0x0000ac58 x31=0x00017c40
      325989000	     16197	80005a7c	409f8333	sub	x6,x31,x9	 x31:0x00017c40  x9:0xa8514596  x6=0x57b036aa
      326009000	     16198	80005a80	00e89393	slli	x7,x17,0xe	 x17:0x00000000  x7=0x00000000
      326029000	     16199	80005a84	0001	c.addi	x0,0	  x0:0x00000000  x0=0x00000000
      326049000	     16200	80005a86	00ef1213	slli	x4,x30,0xe	 x30:0x0000007f  x4=0x001fc000
      326789000	     16237	80005a8a	028cc933	div	x18,x25,x8	 x25:0xfffffff5  x8:0x0000bd5b x18=0x00000000
      326809000	     16238	80005a8e	00af6db3	or	x27,x30,x10	 x30:0x0000007f x10:0x4ad66aa3 x27=0x4ad66aff
      326829000	     16239	80005a92	0001	c.addi	x0,0	  x0:0x00000000  x0=0x00000000
      327569000	     16276	80005a94	02a8c433	div	x8,x17,x10	 x17:0x00000000 x10:0x4ad66aa3  x8=0x00000000
      327609000	     16278	80005a98	03e12bb3	mulhsu	x23,x2,x30	  x2:0xf5e39895 x30:0x0000007f x23=0xfffffffa
      327629000	     16279	80005a9c	011bc1b3	xor	x3,x23,x17	 x23:0xfffffffa x17:0x00000000  x3=0xfffffffa
      327649000	     16280	80005aa0	8fcd	c.or	x15,x11	 x15:0x00000000 x11:0x00000512 x15=0x00000512
      327669000	     16281	80005aa2	02760833	mul	x16,x12,x7	 x12:0x8001fe4c  x7:0x00000000 x16=0x00000000
      327969000	     16296	80005aa6	d5e1b693	sltiu	x13,x3,-674	  x3:0xfffffffa x13=0x00000000
      328009000	     16298	80005aaa	03673233	mulhu	x4,x14,x22	 x14:0x80023ce4 x22:0x00000001  x4=0x00000000
      328049000	     16300	80005aae	031e9933	mulh	x18,x29,x17	 x29:0x00000000 x17:0x00000000 x18=0x00000000
      328109000	     16303	80005ab2	a1efa817	auipc	x16,0xa1efa	 x16=0x21effab2
      328129000	     16304	80005ab6	06b5	c.addi	x13,13	 x13:0x00000000 x13=0x0000000d
      328189000	     16307	80005ab8	0ff0000f	fence	iorw,iorw	
      328489000	     16322	80005abc	0ff0000f	fence	iorw,iorw	
      328509000	     16323	80005ac0	ad87b413	sltiu	x8,x15,-1320	 x15:0x00000512  x8=0x00000001
      328529000	     16324	80005ac4	02314793	xori	x15,x2,35	  x2:0xf5e39895 x15=0xf5e398b6
      329569000	     16376	80005ac8	037c5333	divu	x6,x24,x23	 x24:0xffffe4e4 x23:0xfffffffa  x6=0x00000000
      329589000	     16377	80005acc	00ab3233	sltu	x4,x22,x10	 x22:0x00000001 x10:0x4ad66aa3  x4=0x00000001
      329609000	     16378	80005ad0	4059dcb3	sra	x25,x19,x5	 x19:0xfffffff4  x5:0x00000000 x25=0xfffffff4
      329629000	     16379	80005ad4	00c0fcb3	and	x25,x1,x12	  x1:0xfffe5468 x12:0x8001fe4c x25=0x80005448
      329649000	     16380	80005ad8	0137de33	srl	x28,x15,x19	 x15:0xf5e398b6 x19:0xfffffff4 x28=0x00000f5e
      329669000	     16381	80005adc	00506863	bltu	x0,x5,80005aec	  x0:0x00000000  x5:0x00000000
      329989000	     16397	80005ae0	f841b793	sltiu	x15,x3,-124	  x3:0xfffffffa x15=0x00000000
      330009000	     16398	80005ae4	05aa4063	blt	x20,x26,80005b24	 x20:0x00000000 x26:0x00000019
      330589000	     16427	80005b24	01990263	beq	x18,x25,80005b28	 x18:0x00000000 x25:0x80005448
      332909000	     16543	80005b28	5db4c093	xori	x1,x9,1499	  x9:0xa8514596  x1=0xa851404d
      332929000	     16544	80005b2c	036d6963	bltu	x26,x22,80005b5e	 x26:0x00000019 x22:0x00000001
      332949000	     16545	80005b30	042e	c.slli	x8,0xb	  x8:0x00000001  x8=0x00000800
      332989000	     16547	80005b32	03dd2db3	mulhsu	x27,x26,x29	 x26:0x00000019 x29:0x00000000 x27=0x00000000
      333349000	     16565	80005b36	015f9d13	slli	x26,x31,0x15	 x31:0x00017c40 x26=0x88000000
      333369000	     16566	80005b3a	9eb6	c.add	x29,x13	 x29:0x00000000 x13:0x0000000d x29=0x0000000d
      334109000	     16603	80005b3c	029f6b33	rem	x22,x30,x9	 x30:0x0000007f  x9:0xa8514596 x22=0x0000007f
      334849000	     16640	80005b40	02bdca33	div	x20,x27,x11	 x27:0x00000000 x11:0x00000512 x20=0x00000000
      334869000	     16641	80005b44	03870363	beq	x14,x24,80005b6a	 x14:0x80023ce4 x24:0xffffe4e4
      334889000	     16642	80005b48	03415463	bge	x2,x20,80005b70	  x2:0xf5e39895 x20:0x00000000
      334909000	     16643	80005b4c	054a	c.slli	x10,0x12	 x10:0x4ad66aa3 x10=0xaa8c0000
      334929000	     16644	80005b4e	0001	c.addi	x0,0	  x0:0x00000000  x0=0x00000000
      334949000	     16645	80005b50	0133eb33	or	x22,x7,x19	  x7:0x00000000 x19:0xfffffff4 x22=0xfffffff4
      334969000	     16646	80005b54	00567b63	bgeu	x12,x5,80005b6a	 x12:0x8001fe4c  x5:0x00000000
      335309000	     16663	80005b6a	b15a7993	andi	x19,x20,-1259	 x20:0x00000000 x19=0x00000000
      335329000	     16664	80005b6e	8c6d	c.and	x8,x11	  x8:0x00000800 x11:0x00000512  x8=0x00000000
      335349000	     16665	80005b70	01e0f933	and	x18,x1,x30	  x1:0xa851404d x30:0x0000007f x18=0x0000004d
      335509000	     16673	80005b74	006045b3	xor	x11,x0,x6	  x0:0x00000000  x6:0x00000000 x11=0x00000000
      335589000	     16677	80005b78	8c7d	c.and	x8,x15	  x8:0x00000000 x15:0x00000000  x8=0x00000000
      335609000	     16678	80005b7a	8841	c.andi	x8,16	  x8:0x00000000  x8=0x00000000
      335729000	     16684	80005b7c	44612c13	slti	x24,x2,1094	  x2:0xf5e39895 x24=0x00000001
      336089000	     16702	80005b80	8cc5	c.or	x9,x9	  x9:0xa8514596  x9:0xa8514596  x9=0xa8514596
      336209000	     16708	80005b82	02fea1b3	mulhsu	x3,x29,x15	 x29:0x0000000d x15:0x00000000  x3=0x00000000
      336229000	     16709	80005b86	50fd	c.li	x1,-1	  x1=0xffffffff
      336249000	     16710	80005b88	1e7d	c.addi	x28,-1	 x28:0x00000f5e x28=0x00000f5d
      336629000	     16729	80005b8a	40a152b3	sra	x5,x2,x10	  x2:0xf5e39895 x10:0xaa8c0000  x5=0xf5e39895
      336649000	     16730	80005b8e	8dc46f93	ori	x31,x8,-1828	  x8:0x00000000 x31=0xfffff8dc
      336849000	     16740	80005b92	137e4a17	auipc	x20,0x137e4	 x20=0x937e9b92
      336869000	     16741	80005b96	00eb1db3	sll	x27,x22,x14	 x22:0xfffffff4 x14:0x80023ce4 x27=0xffffff40
      336889000	     16742	80005b9a	019b61b3	or	x3,x22,x25	 x22:0xfffffff4 x25:0x80005448  x3=0xfffffffc
      337629000	     16779	80005b9e	03f0fa33	remu	x20,x1,x31	  x1:0xffffffff x31:0xfffff8dc x20=0x00000723
      337649000	     16780	80005ba2	41445233	sra	x4,x8,x20	  x8:0x00000000 x20:0x00000723  x4=0x00000000
      338389000	     16817	80005ba6	03f7d6b3	divu	x13,x15,x31	 x15:0x00000000 x31:0xfffff8dc x13=0x00000000
      338409000	     16818	80005baa	00d85893	srli	x17,x16,0xd	 x16:0x21effab2 x17=0x00010f7f
      338429000	     16819	80005bae	015467b3	or	x15,x8,x21	  x8:0x00000000 x21:0x80001492 x15=0x80001492
      338449000	     16820	80005bb2	647e6813	ori	x16,x28,1607	 x28:0x00000f5d x16=0x00000f5f
      338489000	     16822	80005bb6	02d139b3	mulhu	x19,x2,x13	  x2:0xf5e39895 x13:0x00000000 x19=0x00000000
      338509000	     16823	80005bba	00da6233	or	x4,x20,x13	 x20:0x00000723 x13:0x00000000  x4=0x00000723
      338529000	     16824	80005bbe	00ee4a33	xor	x20,x28,x14	 x28:0x00000f5d x14:0x80023ce4 x20=0x800233b9
      338569000	     16826	80005bc2	02169a33	mulh	x20,x13,x1	 x13:0x00000000  x1:0xffffffff x20=0x00000000
      338589000	     16827	80005bc6	53b2ac13	slti	x24,x5,1339	  x5:0xf5e39895 x24=0x00000001
      338609000	     16828	80005bca	01bb5c63	bge	x22,x27,80005be2	 x22:0xfffffff4 x27:0xffffff40
      339049000	     16850	80005be2	4132d293	srai	x5,x5,0x13	  x5:0xf5e39895  x5=0xfffffebc
      339789000	     16887	80005be6	036b6833	rem	x16,x22,x22	 x22:0xfffffff4 x22:0xfffffff4 x16=0x00000000
      339809000	     16888	80005bea	0000100f	fence.i	
      341009000	     16948	80005bee	03c3ea33	rem	x20,x7,x28	  x7:0x00000000 x28:0x00000f5d x20=0x00000000
      341029000	     16949	80005bf2	5c467893	andi	x17,x12,1476	 x12:0x8001fe4c x17=0x00000444
      341049000	     16950	80005bf6	9f56	c.add	x30,x21	 x30:0x0000007f x21:0x80001492 x30=0x80001511
      341069000	     16951	80005bf8	01dcd8b3	srl	x17,x25,x29	 x25:0x80005448 x29:0x0000000d x17=0x00040002
      341089000	     16952	80005bfc	015d1363	bne	x26,x21,80005c02	 x26:0x88000000 x21:0x80001492
      341909000	     16993	80005c02	40be86b3	sub	x13,x29,x11	 x29:0x0000000d x11:0x00000000 x13=0x0000000d
      341929000	     16994	80005c06	0055ee63	bltu	x11,x5,80005c22	 x11:0x00000000  x5:0xfffffebc
      342509000	     17023	80005c22	3cd02893	slti	x17,x0,973	  x0:0x00000000 x17=0x00000001
      342529000	     17024	80005c26	010668b3	or	x17,x12,x16	 x12:0x8001fe4c x16:0x00000000 x17=0x8001fe4c
      342549000	     17025	80005c2a	0001	c.addi	x0,0	  x0:0x00000000  x0=0x00000000
      342569000	     17026	80005c2c	18227093	andi	x1,x4,386	  x4:0x00000723  x1=0x00000102
      342589000	     17027	80005c30	01067a33	and	x20,x12,x16	 x12:0x8001fe4c x16:0x00000000 x20=0x00000000
      343649000	     17080	80005c34	03aafb33	remu	x22,x21,x26	 x21:0x80001492 x26:0x88000000 x22=0x80001492
      343669000	     17081	80005c38	0ff0000f	fence	iorw,iorw	
      343689000	     17082	80005c3c	01a571b3	and	x3,x10,x26	 x10:0xaa8c0000 x26:0x88000000  x3=0x88000000
      343709000	     17083	80005c40	010dd993	srli	x19,x27,0x10	 x27:0xffffff40 x19=0x0000ffff
      343729000	     17084	80005c44	878d	c.srai	x15,0x3	 x15:0x80001492 x15=0xf0000292
      343889000	     17092	80005c46	0154c1b3	xor	x3,x9,x21	  x9:0xa8514596 x21:0x80001492  x3=0x28515104
      343969000	     17096	80005c4a	4070da33	sra	x20,x1,x7	  x1:0x00000102  x7:0x00000000 x20=0x00000102
      343989000	     17097	80005c4e	85c1	c.srai	x11,0x10	 x11:0x00000000 x11=0x00000000
      344009000	     17098	80005c50	9542	c.add	x10,x16	 x10:0xaa8c0000 x16:0x00000000 x10=0xaa8c0000
      344029000	     17099	80005c52	47476397	auipc	x7,0x47476	  x7=0xc747bc52
      344049000	     17100	80005c56	00a236b3	sltu	x13,x4,x10	  x4:0x00000723 x10:0xaa8c0000 x13=0x00000001
      344449000	     17120	80005c5a	3f84fd13	andi	x26,x9,1016	  x9:0xa8514596 x26=0x00000190
      344469000	     17121	80005c5e	e889	c.bnez	x9,80005c70	  x9:0xa8514596
      344689000	     17132	80005c70	61eb2f93	slti	x31,x22,1566	 x22:0x80001492 x31=0x00000001
      344749000	     17135	80005c74	8d19	c.sub	x10,x14	 x10:0xaa8c0000 x14:0x80023ce4 x10=0x2a89c31c
      344769000	     17136	80005c76	8df1	c.and	x11,x12	 x11:0x00000000 x12:0x8001fe4c x11=0x00000000
      345669000	     17181	80005c78	03b0cb33	div	x22,x1,x27	  x1:0x00000102 x27:0xffffff40 x22=0xffffffff
      345689000	     17182	80005c7c	0000100f	fence.i	
      345929000	     17194	80005c80	02816f33	rem	x30,x2,x8	  x2:0xf5e39895  x8:0x00000000 x30=0xf5e39895
      345949000	     17195	80005c84	015afdb3	and	x27,x21,x21	 x21:0x80001492 x21:0x80001492 x27=0x80001492
      345969000	     17196	80005c88	5c79aa93	slti	x21,x19,1479	 x19:0x0000ffff x21=0x00000000
      345989000	     17197	80005c8c	8fad	c.xor	x15,x11	 x15:0xf0000292 x11:0x00000000 x15=0xf0000292
      346029000	     17199	80005c8e	0358cc33	div	x24,x17,x21	 x17:0x8001fe4c x21:0x00000000 x24=0xffffffff
      346049000	     17200	80005c92	01bc1d33	sll	x26,x24,x27	 x24:0xffffffff x27:0x80001492 x26=0xfffc0000
      346069000	     17201	80005c96	39a13f13	sltiu	x30,x2,922	  x2:0xf5e39895 x30=0x00000000
      346109000	     17203	80005c9a	0346f163	bgeu	x13,x20,80005cbc	 x13:0x00000001 x20:0x00000102
      346849000	     17240	80005c9e	03d255b3	divu	x11,x4,x29	  x4:0x00000723 x29:0x0000000d x11=0x0000008c
      347589000	     17277	80005ca2	024ed5b3	divu	x11,x29,x4	 x29:0x0000000d  x4:0x00000723 x11=0x00000000
      347609000	     17278	80005ca6	0ff0000f	fence	iorw,iorw	
      347629000	     17279	80005caa	86b5	c.srai	x13,0xd	 x13:0x00000001 x13=0x00000000
      347649000	     17280	80005cac	6b95	c.lui	x23,0x5	 x23=0x00005000
      347669000	     17281	80005cae	0000100f	fence.i	
      347769000	     17286	80005cb2	004d5b63	bge	x26,x4,80005cc8	 x26:0xfffc0000  x4:0x00000723
      347929000	     17294	80005cb6	011041b3	xor	x3,x0,x17	  x0:0x00000000 x17:0x8001fe4c  x3=0x8001fe4c
      347949000	     17295	80005cba	8d5d	c.or	x10,x15	 x10:0x2a89c31c x15:0xf0000292 x10=0xfa89c39e
      347969000	     17296	80005cbc	8c51	c.or	x8,x12	  x8:0x00000000 x12:0x8001fe4c  x8=0x8001fe4c
      348149000	     17305	80005cbe	41155233	sra	x4,x10,x17	 x10:0xfa89c39e x17:0x8001fe4c  x4=0xffffa89c
      348169000	     17306	80005cc2	80b5	c.srli	x9,0xd	  x9:0xa8514596  x9=0x0005428a
      348949000	     17345	80005cc4	02f6e333	rem	x6,x13,x15	 x13:0x00000000 x15:0xf0000292  x6=0x00000000
      348969000	     17346	80005cc8	03d2ea63	bltu	x5,x29,80005cfc	  x5:0xfffffebc x29:0x0000000d
      348989000	     17347	80005ccc	99da	c.add	x19,x22	 x19:0x0000ffff x22:0xffffffff x19=0x0000fffe
      349009000	     17348	80005cce	00520a63	beq	x4,x5,80005ce2	  x4:0xffffa89c  x5:0xfffffebc
      349029000	     17349	80005cd2	8c45	c.or	x8,x9	  x8:0x8001fe4c  x9:0x0005428a  x8=0x8005fece
      349049000	     17350	80005cd4	00e82bb3	slt	x23,x16,x14	 x16:0x00000000 x14:0x80023ce4 x23=0x00000000
      349069000	     17351	80005cd8	00a94363	blt	x18,x10,80005cde	 x18:0x0000004d x10:0xfa89c39e
      349089000	     17352	80005cdc	e819	c.bnez	x8,80005cf2	  x8:0x8005fece
      349829000	     17389	80005cf2	f9a77d13	andi	x26,x14,-102	 x14:0x80023ce4 x26=0x80023c80
      349849000	     17390	80005cf6	c495	c.beqz	x9,80005d22	  x9:0x0005428a
      349869000	     17391	80005cf8	10b42a93	slti	x21,x8,267	  x8:0x8005fece x21=0x00000001
      349889000	     17392	80005cfc	bc982313	slti	x6,x16,-1079	 x16:0x00000000  x6=0x00000000
      349909000	     17393	80005d00	004b4233	xor	x4,x22,x4	 x22:0xffffffff  x4:0xffffa89c  x4=0x00005763
      350649000	     17430	80005d04	0347d8b3	divu	x17,x15,x20	 x15:0xf0000292 x20:0x00000102 x17=0x00ee23bb
      350669000	     17431	80005d08	01350233	add	x4,x10,x19	 x10:0xfa89c39e x19:0x0000fffe  x4=0xfa8ac39c
      350689000	     17432	80005d0c	0226f063	bgeu	x13,x2,80005d2c	 x13:0x00000000  x2:0xf5e39895
      350709000	     17433	80005d10	01460533	add	x10,x12,x20	 x12:0x8001fe4c x20:0x00000102 x10=0x8001ff4e
      351449000	     17470	80005d14	03565d33	divu	x26,x12,x21	 x12:0x8001fe4c x21:0x00000001 x26=0x8001fe4c
      351469000	     17471	80005d18	85fd	c.srai	x11,0x1f	 x11:0x00000000 x11=0x00000000
      351489000	     17472	80005d1a	e131	c.bnez	x10,80005d5e	 x10:0x8001ff4e
      351569000	     17476	80005d5e	88c9	c.andi	x9,18	  x9:0x0005428a  x9=0x00000002
      351589000	     17477	80005d60	01a29e93	slli	x29,x5,0x1a	  x5:0xfffffebc x29=0xf0000000
      351609000	     17478	80005d64	82a9	c.srli	x13,0xa	 x13:0x00000000 x13=0x00000000
      351629000	     17479	80005d66	8d4a	c.mv	x26,x18	  x0:0x00000000 x18:0x0000004d x26=0x0000004d
      351649000	     17480	80005d68	c419	c.beqz	x8,80005d76	  x8:0x8005fece
      352049000	     17500	80005d6a	cd2dae93	slti	x29,x27,-814	 x27:0x80001492 x29=0x00000001
      352069000	     17501	80005d6e	81f9	c.srli	x11,0x1e	 x11:0x00000000 x11=0x00000000
      352089000	     17502	80005d70	838d	c.srli	x15,0x3	 x15:0xf0000292 x15=0x1e000052
      352109000	     17503	80005d72	84dd	c.srai	x9,0x17	  x9:0x00000002  x9=0x00000000
      352129000	     17504	80005d74	8c21	c.xor	x8,x8	  x8:0x8005fece  x8:0x8005fece  x8=0x00000000
      352149000	     17505	80005d76	80a1	c.srli	x9,0x8	  x9:0x00000000  x9=0x00000000
      352249000	     17510	80005d78	6b8d	c.lui	x23,0x3	 x23=0x00003000
      352269000	     17511	80005d7a	008fcfb3	xor	x31,x31,x8	 x31:0x00000001  x8:0x00000000 x31=0x00000001
      352289000	     17512	80005d7e	99fd	c.andi	x11,-1	 x11:0x00000000 x11=0x00000000
      352589000	     17527	80005d80	c9618917	auipc	x18,0xc9618	 x18=0x4961dd80
      352609000	     17528	80005d84	36eb5c37	lui	x24,0x36eb5	 x24=0x36eb5000
      352749000	     17535	80005d88	9826	c.add	x16,x9	 x16:0x00000000  x9:0x00000000 x16=0x00000000
      352769000	     17536	80005d8a	ca99	c.beqz	x13,80005da0	 x13:0x00000000
      353289000	     17562	80005da0	03430263	beq	x6,x20,80005dc4	  x6:0x00000000 x20:0x00000102
      353309000	     17563	80005da4	5e02f393	andi	x7,x5,1504	  x5:0xfffffebc  x7=0x000004a0
      353329000	     17564	80005da8	0fca	c.slli	x31,0x12	 x31:0x00000001 x31=0x00040000
      353349000	     17565	80005daa	8fb1	c.xor	x15,x12	 x15:0x1e000052 x12:0x8001fe4c x15=0x9e01fe1e
      353369000	     17566	80005dac	e415	c.bnez	x8,80005dd8	  x8:0x00000000
      353529000	     17574	80005dae	00819463	bne	x3,x8,80005db6	  x3:0x8001fe4c  x8:0x00000000
      354069000	     17601	80005db6	8c65	c.and	x8,x9	  x8:0x00000000  x9:0x00000000  x8=0x00000000
      354149000	     17605	80005db8	5ebb7393	andi	x7,x22,1515	 x22:0xffffffff  x7=0x000005eb
      355249000	     17660	80005dbc	03baf2b3	remu	x5,x21,x27	 x21:0x00000001 x27:0x80001492  x5=0x00000001
      355269000	     17661	80005dc0	0199f8b3	and	x17,x19,x25	 x19:0x0000fffe x25:0x80005448 x17=0x00005448
      355289000	     17662	80005dc4	8fbd	c.xor	x15,x15	 x15:0x9e01fe1e x15:0x9e01fe1e x15=0x00000000
      355309000	     17663	80005dc6	0093cfb3	xor	x31,x7,x9	  x7:0x000005eb  x9:0x00000000 x31=0x000005eb
      355329000	     17664	80005dca	8791	c.srai	x15,0x4	 x15:0x00000000 x15=0x00000000
      355349000	     17665	80005dcc	01a89c93	slli	x25,x17,0x1a	 x17:0x00005448 x25=0x20000000
      355369000	     17666	80005dd0	01e288b3	add	x17,x5,x30	  x5:0x00000001 x30:0x00000000 x17=0x00000001
      355389000	     17667	80005dd4	a7054d13	xori	x26,x10,-1424	 x10:0x8001ff4e x26=0x7ffe053e
      355409000	     17668	80005dd8	1cfd	c.addi	x25,-1	 x25:0x20000000 x25=0x1fffffff
      355589000	     17677	80005dda	00932a33	slt	x20,x6,x9	  x6:0x00000000  x9:0x00000000 x20=0x00000000
      355609000	     17678	80005dde	01a39963	bne	x7,x26,80005df0	  x7:0x000005eb x26:0x7ffe053e
      356169000	     17706	80005df0	0001	c.addi	x0,0	  x0:0x00000000  x0=0x00000000
      356469000	     17721	80005df2	41e15233	sra	x4,x2,x30	  x2:0xf5e39895 x30:0x00000000  x4=0xf5e39895
      356489000	     17722	80005df6	404f5233	sra	x4,x30,x4	 x30:0x00000000  x4:0xf5e39895  x4=0x00000000
      356509000	     17723	80005dfa	838d	c.srli	x15,0x3	 x15:0x00000000 x15=0x00000000
      356529000	     17724	80005dfc	01a25263	bge	x4,x26,80005e00	  x4:0x00000000 x26:0x7ffe053e
      356909000	     17743	80005e00	002dadb3	slt	x27,x27,x2	 x27:0x80001492  x2:0xf5e39895 x27=0x00000001
      357329000	     17764	80005e04	004a8b63	beq	x21,x4,80005e1a	 x21:0x00000001  x4:0x00000000
      357349000	     17765	80005e08	03d04563	blt	x0,x29,80005e32	  x0:0x00000000 x29:0x00000001
      357749000	     17785	80005e32	8d61	c.and	x10,x8	 x10:0x8001ff4e  x8:0x00000000 x10=0x00000000
      357789000	     17787	80005e34	00949a93	slli	x21,x9,0x9	  x9:0x00000000 x21=0x00000000
      357809000	     17788	80005e38	00250b33	add	x22,x10,x2	 x10:0x00000000  x2:0xf5e39895 x22=0xf5e39895
      357869000	     17791	80005e3c	01bff363	bgeu	x31,x27,80005e42	 x31:0x000005eb x27:0x00000001
      358069000	     17801	80005e42	8aee	c.mv	x21,x27	  x0:0x00000000 x27:0x00000001 x21=0x00000001
      358449000	     17820	80005e44	418f5493	srai	x9,x30,0x18	 x30:0x00000000  x9=0x00000000
      358469000	     17821	80005e48	400981b3	sub	x3,x19,x0	 x19:0x0000fffe  x0:0x00000000  x3=0x0000fffe
      358569000	     17826	80005e4c	60abcc37	lui	x24,0x60abc	 x24=0x60abc000
      358589000	     17827	80005e50	94ba	c.add	x9,x14	  x9:0x00000000 x14:0x80023ce4  x9=0x80023ce4
      358609000	     17828	80005e52	03c8d063	bge	x17,x28,80005e72	 x17:0x00000001 x28:0x00000f5d
      359749000	     17885	80005e56	02c8f433	remu	x8,x17,x12	 x17:0x00000001 x12:0x8001fe4c  x8=0x00000001
      359769000	     17886	80005e5a	01b16eb3	or	x29,x2,x27	  x2:0xf5e39895 x27:0x00000001 x29=0xf5e39895
      359789000	     17887	80005e5e	8d3d	c.xor	x10,x15	 x10:0x00000000 x15:0x00000000 x10=0x00000000
      359809000	     17888	80005e60	8c05	c.sub	x8,x9	  x8:0x00000001  x9:0x80023ce4  x8=0x7ffdc31d
      359829000	     17889	80005e62	41c1de13	srai	x28,x3,0x1c	  x3:0x0000fffe x28=0x00000000
      359969000	     17896	80005e66	40de7293	andi	x5,x28,1037	 x28:0x00000000  x5=0x00000000
      360369000	     17916	80005e6a	6c18fc93	andi	x25,x17,1729	 x17:0x00000001 x25=0x00000001
      360509000	     17923	80005e6e	01f0f463	bgeu	x1,x31,80005e76	  x1:0x00000102 x31:0x000005eb
      360589000	     17927	80005e72	02cf2833	mulhsu	x16,x30,x12	 x30:0x00000000 x12:0x8001fe4c x16=0x00000000
      360609000	     17928	80005e76	0140ca63	blt	x1,x20,80005e8a	  x1:0x00000102 x20:0x00000000
      360629000	     17929	80005e7a	02d18763	beq	x3,x13,80005ea8	  x3:0x0000fffe x13:0x00000000
      360649000	     17930	80005e7e	8549	c.srai	x10,0x12	 x10:0x00000000 x10=0x00000000
      360729000	     17934	80005e80	1f7d	c.addi	x30,-1	 x30:0x00000000 x30=0xffffffff
      360749000	     17935	80005e82	013d7433	and	x8,x26,x19	 x26:0x7ffe053e x19:0x0000fffe  x8=0x0000053e
      360769000	     17936	80005e86	0001	c.addi	x0,0	  x0:0x00000000  x0=0x00000000
      360789000	     17937	80005e88	8812	c.mv	x16,x4	  x0:0x00000000  x4:0x00000000 x16=0x00000000
      360809000	     17938	80005e8a	cc99	c.beqz	x9,80005ea8	  x9:0x80023ce4
      360929000	     17944	80005e8c	01429d13	slli	x26,x5,0x14	  x5:0x00000000 x26=0x00000000
      360949000	     17945	80005e90	8589	c.srai	x11,0x2	 x11:0x00000000 x11=0x00000000
      361089000	     17952	80005e92	48276e17	auipc	x28,0x48276	 x28=0xc827be92
      361289000	     17962	80005e96	bda2fc93	andi	x25,x5,-1062	  x5:0x00000000 x25=0x00000000
      361329000	     17964	80005e9a	02101cb3	mulh	x25,x0,x1	  x0:0x00000000  x1:0x00000102 x25=0x00000000
      361529000	     17974	80005e9e	039b64b3	rem	x9,x22,x25	 x22:0xf5e39895 x25:0x00000000  x9=0xf5e39895
      361549000	     17975	80005ea2	926e	c.add	x4,x27	  x4:0x00000000 x27:0x00000001  x4=0x00000001
      361569000	     17976	80005ea4	3ff9fe93	andi	x29,x19,1023	 x19:0x0000fffe x29=0x000003fe
      361669000	     17981	80005ea8	48196c13	ori	x24,x18,1153	 x18:0x4961dd80 x24=0x4961dd81
      370409000	     18418	80005eac	0ff0000f	fence	iorw,iorw	
      370429000	     18419	80005eb0	997d	c.andi	x10,-1	 x10:0x00000000 x10=0x00000000
      370449000	     18420	80005eb2	014c1a93	slli	x21,x24,0x14	 x24:0x4961dd81 x21=0xd8100000
      370469000	     18421	80005eb6	01a39d33	sll	x26,x7,x26	  x7:0x000005eb x26:0x00000000 x26=0x000005eb
      370489000	     18422	80005eba	06ce	c.slli	x13,0x13	 x13:0x00000000 x13=0x00000000
      370509000	     18423	80005ebc	035cc463	blt	x25,x21,80005ee4	 x25:0x00000000 x21:0xd8100000
      370649000	     18430	80005ec0	8dcd	c.or	x11,x11	 x11:0x00000000 x11:0x00000000 x11=0x00000000
      370669000	     18431	80005ec2	0001	c.addi	x0,0	  x0:0x00000000  x0=0x00000000
      370689000	     18432	80005ec4	40848933	sub	x18,x9,x8	  x9:0xf5e39895  x8:0x0000053e x18=0xf5e39357
      370709000	     18433	80005ec8	031d0b33	mul	x22,x26,x17	 x26:0x000005eb x17:0x00000001 x22=0x000005eb
      371329000	     18464	80005ecc	8ef5	c.and	x13,x13	 x13:0x00000000 x13:0x00000000 x13=0x00000000
      371349000	     18465	80005ece	c18d	c.beqz	x11,80005ef0	 x11:0x00000000
      371969000	     18496	80005ef0	8fbd	c.xor	x15,x15	 x15:0x00000000 x15:0x00000000 x15=0x00000000
      372009000	     18498	80005ef2	0334b433	mulhu	x8,x9,x19	  x9:0xf5e39895 x19:0x0000fffe  x8=0x0000f5e1
      372029000	     18499	80005ef6	8fad	c.xor	x15,x11	 x15:0x00000000 x11:0x00000000 x15=0x00000000
      372069000	     18501	80005ef8	06dd	c.addi	x13,23	 x13:0x00000000 x13=0x00000017
      372089000	     18502	80005efa	03539463	bne	x7,x21,80005f22	  x7:0x000005eb x21:0xd8100000
      372769000	     18536	80005f22	943a	c.add	x8,x14	  x8:0x0000f5e1 x14:0x80023ce4  x8=0x800332c5
      372789000	     18537	80005f24	19fd	c.addi	x19,-1	 x19:0x0000fffe x19=0x0000fffd
      372809000	     18538	80005f26	c39d	c.beqz	x15,80005f4c	 x15:0x00000000
      373789000	     18587	80005f4c	02366363	bltu	x12,x3,80005f72	 x12:0x8001fe4c  x3:0x0000fffe
      373849000	     18590	80005f50	0302a4b3	mulhsu	x9,x5,x16	  x5:0x00000000 x16:0x00000000  x9=0x00000000
      374249000	     18610	80005f54	55f74e93	xori	x29,x14,1375	 x14:0x80023ce4 x29=0x800239bb
      374269000	     18611	80005f58	419703b3	sub	x7,x14,x25	 x14:0x80023ce4 x25:0x00000000  x7=0x80023ce4
      375409000	     18668	80005f5c	03836933	rem	x18,x6,x24	  x6:0x00000000 x24:0x4961dd81 x18=0x00000000
      375429000	     18669	80005f60	8019	c.srli	x8,0x6	  x8:0x800332c5  x8=0x02000ccb
      376169000	     18706	80005f62	02e85bb3	divu	x23,x16,x14	 x16:0x00000000 x14:0x80023ce4 x23=0x00000000
      376189000	     18707	80005f66	00726d63	bltu	x4,x7,80005f80	  x4:0x00000001  x7:0x80023ce4
      376509000	     18723	80005f80	0aed7e13	andi	x28,x26,174	 x26:0x000005eb x28=0x000000aa
      377249000	     18760	80005f84	0246dfb3	divu	x31,x13,x4	 x13:0x00000017  x4:0x00000001 x31=0x00000017
      377269000	     18761	80005f88	28faeeb7	lui	x29,0x28fae	 x29=0x28fae000
      377369000	     18766	80005f8c	8ec1	c.or	x13,x8	 x13:0x00000017  x8:0x02000ccb x13=0x02000cdf
      377389000	     18767	80005f8e	e809	c.bnez	x8,80005fa0	  x8:0x02000ccb
      377829000	     18789	80005fa0	0001	c.addi	x0,0	  x0:0x00000000  x0=0x00000000
      377849000	     18790	80005fa2	00632033	slt	x0,x6,x6	  x6:0x00000000  x6:0x00000000  x0=0x00000000
      377869000	     18791	80005fa6	4b15	c.li	x22,5	 x22=0x00000005
      377989000	     18797	80005fa8	412387b3	sub	x15,x7,x18	  x7:0x80023ce4 x18:0x00000000 x15=0x80023ce4
      378169000	     18806	80005fac	03cc5563	bge	x24,x28,80005fd6	 x24:0x4961dd81 x28:0x000000aa
      379189000	     18857	80005fd6	e299	c.bnez	x13,80005fdc	 x13:0x02000cdf
      379609000	     18878	80005fdc	8bee	c.mv	x23,x27	  x0:0x00000000 x27:0x00000001 x23=0x00000001
      379629000	     18879	80005fde	0001	c.addi	x0,0	  x0:0x00000000  x0=0x00000000
      379929000	     18894	80005fe0	011ee1b3	or	x3,x29,x17	 x29:0x28fae000 x17:0x00000001  x3=0x28fae001
      380189000	     18907	80005fe4	070f0193	addi	x3,x30,112	 x30:0xffffffff  x3=0x0000006f
      380209000	     18908	80005fe8	022e	c.slli	x4,0xb	  x4:0x00000001  x4=0x00000800
      380549000	     18925	80005fea	0000100f	fence.i	
      380909000	     18943	80005fee	0267ec33	rem	x24,x15,x6	 x15:0x80023ce4  x6:0x00000000 x24=0x80023ce4
      380929000	     18944	80005ff2	8c5d	c.or	x8,x15	  x8:0x02000ccb x15:0x80023ce4  x8=0x82023cef
      380949000	     18945	80005ff4	0ff0000f	fence	iorw,iorw	
      380969000	     18946	80005ff8	8ff9	c.and	x15,x14	 x15:0x80023ce4 x14:0x80023ce4 x15=0x80023ce4
      380989000	     18947	80005ffa	0415	c.addi	x8,5	  x8:0x82023cef  x8=0x82023cf4
      381109000	     18953	80005ffc	01322033	slt	x0,x4,x19	  x4:0x00000800 x19:0x0000fffd  x0=0x00000000
      381289000	     18962	80006000	02e41763	bne	x8,x14,8000602e	  x8:0x82023cf4 x14:0x80023ce4
      381529000	     18974	8000602e	0000100f	fence.i	
      382169000	     19006	80006032	03f01a63	bne	x0,x31,80006066	  x0:0x00000000 x31:0x00000017
      382869000	     19041	80006066	01194b63	blt	x18,x17,8000607c	 x18:0x00000000 x17:0x00000001
      383929000	     19094	8000607c	01d9d0b3	srl	x1,x19,x29	 x19:0x0000fffd x29:0x28fae000  x1=0x0000fffd
      384089000	     19102	80006080	0ff0000f	fence	iorw,iorw	
      384509000	     19123	80006084	0ff0000f	fence	iorw,iorw	
      384529000	     19124	80006088	0cd2	c.slli	x25,0x14	 x25:0x00000000 x25=0x00000000
      384949000	     19145	8000608a	016e9c63	bne	x29,x22,800060a2	 x29:0x28fae000 x22:0x00000005
      385969000	     19196	800060a2	71b38497	auipc	x9,0x71b38	  x9=0xf1b3e0a2
      386709000	     19233	800060a6	03b56c33	rem	x24,x10,x27	 x10:0x00000000 x27:0x00000001 x24=0x00000000
      386729000	     19234	800060aa	017c9263	bne	x25,x23,800060ae	 x25:0x00000000 x23:0x00000001
      387109000	     19253	800060ae	00c44ab3	xor	x21,x8,x12	  x8:0x82023cf4 x12:0x8001fe4c x21=0x0203c2b8
      387129000	     19254	800060b2	8ace	c.mv	x21,x19	  x0:0x00000000 x19:0x0000fffd x21=0x0000fffd
      387269000	     19261	800060b4	c576a593	slti	x11,x13,-937	 x13:0x02000cdf x11=0x00000000
      387289000	     19262	800060b8	0001	c.addi	x0,0	  x0:0x00000000  x0=0x00000000
      387309000	     19263	800060ba	8e8d	c.sub	x13,x11	 x13:0x02000cdf x11:0x00000000 x13=0x02000cdf
      387549000	     19275	800060bc	a2970b17	auipc	x22,0xa2970	 x22=0x229760bc
      388009000	     19298	800060c0	97b6	c.add	x15,x13	 x15:0x80023ce4 x13:0x02000cdf x15=0x820249c3
      388029000	     19299	800060c2	04dd	c.addi	x9,23	  x9:0xf1b3e0a2  x9=0xf1b3e0b9
      389129000	     19354	800060c4	029c7ab3	remu	x21,x24,x9	 x24:0x00000000  x9:0xf1b3e0b9 x21=0x00000000
      389149000	     19355	800060c8	0eb12313	slti	x6,x2,235	  x2:0xf5e39895  x6=0x00000001
      389169000	     19356	800060cc	c199	c.beqz	x11,800060d2	 x11:0x00000000
      389229000	     19359	800060d2	862dfc13	andi	x24,x27,-1950	 x27:0x00000001 x24=0x00000000
      389249000	     19360	800060d6	99fd	c.andi	x11,-1	 x11:0x00000000 x11=0x00000000
      389269000	     19361	800060d8	89ad	c.andi	x11,11	 x11:0x00000000 x11=0x00000000
      389289000	     19362	800060da	419400b3	sub	x1,x8,x25	  x8:0x82023cf4 x25:0x00000000  x1=0x82023cf4
      389409000	     19368	800060de	4165d6b3	sra	x13,x11,x22	 x11:0x00000000 x22:0x229760bc x13=0x00000000
      389429000	     19369	800060e2	047c5863	bge	x24,x7,80006132	 x24:0x00000000  x7:0x80023ce4
      389749000	     19385	80006132	0001	c.addi	x0,0	  x0:0x00000000  x0=0x00000000
      389849000	     19390	80006134	008bae33	slt	x28,x23,x8	 x23:0x00000001  x8:0x82023cf4 x28=0x00000000
      389869000	     19391	80006138	009c52b3	srl	x5,x24,x9	 x24:0x00000000  x9:0xf1b3e0b9  x5=0x00000000
      389889000	     19392	8000613c	0000100f	fence.i	
      390049000	     19400	80006140	00ff41b3	xor	x3,x30,x15	 x30:0xffffffff x15:0x820249c3  x3=0x7dfdb63c
      390169000	     19406	80006144	02b233b3	mulhu	x7,x4,x11	  x4:0x00000800 x11:0x00000000  x7=0x00000000
      390329000	     19414	80006148	406687b3	sub	x15,x13,x6	 x13:0x00000000  x6:0x00000001 x15=0xffffffff
      390349000	     19415	8000614c	4044df93	srai	x31,x9,0x4	  x9:0xf1b3e0b9 x31=0xff1b3e0b
      390369000	     19416	80006150	635d	c.lui	x6,0x17	  x6=0x00017000
      390389000	     19417	80006152	0001	c.addi	x0,0	  x0:0x00000000  x0=0x00000000
      390789000	     19437	80006154	c0b1	c.beqz	x9,80006198	  x9:0xf1b3e0b9
      390989000	     19447	80006156	0098be33	sltu	x28,x17,x9	 x17:0x00000001  x9:0xf1b3e0b9 x28=0x00000001
      391129000	     19454	8000615a	03de5263	bge	x28,x29,8000617e	 x28:0x00000001 x29:0x28fae000
      391149000	     19455	8000615e	909a	c.add	x1,x6	  x1:0x82023cf4  x6:0x00017000  x1=0x8203acf4
      391169000	     19456	80006160	02018eb3	mul	x29,x3,x0	  x3:0x7dfdb63c  x0:0x00000000 x29=0x00000000
      391489000	     19472	80006164	01521a13	slli	x20,x4,0x15	  x4:0x00000800 x20=0x00000000
      391529000	     19474	80006168	03e934b3	mulhu	x9,x18,x30	 x18:0x00000000 x30:0xffffffff  x9=0x00000000
      391549000	     19475	8000616c	0000100f	fence.i	
      391769000	     19486	80006170	3ec8ea13	ori	x20,x17,1004	 x17:0x00000001 x20=0x000003ed
      391929000	     19494	80006174	0027dab3	srl	x21,x15,x2	 x15:0xffffffff  x2:0xf5e39895 x21=0x000007ff
      392669000	     19531	80006178	02e76db3	rem	x27,x14,x14	 x14:0x80023ce4 x14:0x80023ce4 x27=0x00000000
      392689000	     19532	8000617c	8c7d	c.and	x8,x15	  x8:0x82023cf4 x15:0xffffffff  x8=0x82023cf4
      392709000	     19533	8000617e	80ed	c.srli	x9,0x1b	  x9:0x00000000  x9=0x00000000
      392729000	     19534	80006180	41d80a33	sub	x20,x16,x29	 x16:0x00000000 x29:0x00000000 x20=0x00000000
      392749000	     19535	80006184	013e4933	xor	x18,x28,x19	 x28:0x00000001 x19:0x0000fffd x18=0x0000fffc
      392769000	     19536	80006188	83dd	c.srli	x15,0x17	 x15:0xffffffff x15=0x000001ff
      392809000	     19538	8000618a	03945433	divu	x8,x8,x25	  x8:0x82023cf4 x25:0x00000000  x8=0xffffffff
      392829000	     19539	8000618e	0001	c.addi	x0,0	  x0:0x00000000  x0=0x00000000
      393149000	     19555	80006190	037dd663	bge	x27,x23,800061bc	 x27:0x00000000 x23:0x00000001
      393269000	     19561	80006194	c1d7b093	sltiu	x1,x15,-995	 x15:0x000001ff  x1=0x00000001
      393289000	     19562	80006198	87fd	c.srai	x15,0x1f	 x15:0x000001ff x15=0x00000000
      393309000	     19563	8000619a	01e62333	slt	x6,x12,x30	 x12:0x8001fe4c x30:0xffffffff  x6=0x00000001
      393329000	     19564	8000619e	57fe81b7	lui	x3,0x57fe8	  x3=0x57fe8000
      393349000	     19565	800061a2	01270f33	add	x30,x14,x18	 x14:0x80023ce4 x18:0x0000fffc x30=0x80033ce0
      393369000	     19566	800061a6	8da5	c.xor	x11,x9	 x11:0x00000000  x9:0x00000000 x11=0x00000000
      393469000	     19571	800061a8	00aa6c33	or	x24,x20,x10	 x20:0x00000000 x10:0x00000000 x24=0x00000000
      393529000	     19574	800061ac	00584f33	xor	x30,x16,x5	 x16:0x00000000  x5:0x00000000 x30=0x00000000
      393549000	     19575	800061b0	0001	c.addi	x0,0	  x0:0x00000000  x0=0x00000000
      393569000	     19576	800061b2	0001	c.addi	x0,0	  x0:0x00000000  x0=0x00000000
      393589000	     19577	800061b4	2597c913	xori	x18,x15,601	 x15:0x00000000 x18=0x00000259
      393809000	     19588	800061b8	01cfddb3	srl	x27,x31,x28	 x31:0xff1b3e0b x28:0x00000001 x27=0x7f8d9f05
      393969000	     19596	800061bc	cf2eff13	andi	x30,x29,-782	 x29:0x00000000 x30=0x00000000
      394169000	     19606	800061c0	0258c0b3	div	x1,x17,x5	 x17:0x00000001  x5:0x00000000  x1=0xffffffff
      394189000	     19607	800061c4	490da593	slti	x11,x27,1168	 x27:0x7f8d9f05 x11=0x00000000
      394209000	     19608	800061c8	8ace	c.mv	x21,x19	  x0:0x00000000 x19:0x0000fffd x21=0x0000fffd
      394489000	     19622	800061ca	2edcacb7	lui	x25,0x2edca	 x25=0x2edca000
      394509000	     19623	800061ce	059e	c.slli	x11,0x7	 x11:0x00000000 x11=0x00000000
      394549000	     19625	800061d0	e811	c.bnez	x8,800061e4	  x8:0xffffffff
      394829000	     19639	800061e4	bc894013	xori	x0,x18,-1080	 x18:0x00000259  x0=0x00000000
      395049000	     19650	800061e8	8179	c.srli	x10,0x1e	 x10:0x00000000 x10=0x00000000
      395069000	     19651	800061ea	0000100f	fence.i	
      395389000	     19667	800061ee	8e8d	c.sub	x13,x11	 x13:0x00000000 x11:0x00000000 x13=0x00000000
      395429000	     19669	800061f0	0296b433	mulhu	x8,x13,x9	 x13:0x00000000  x9:0x00000000  x8=0x00000000
      395449000	     19670	800061f4	8d21	c.xor	x10,x8	 x10:0x00000000  x8:0x00000000 x10=0x00000000
      395489000	     19672	800061f6	03489f33	mulh	x30,x17,x20	 x17:0x00000001 x20:0x00000000 x30=0x00000000
      395529000	     19674	800061fa	0213bf33	mulhu	x30,x7,x1	  x7:0x00000000  x1:0xffffffff x30=0x00000000
      395669000	     19681	800061fe	0140c0b3	xor	x1,x1,x20	  x1:0xffffffff x20:0x00000000  x1=0xffffffff
      395689000	     19682	80006202	c9904937	lui	x18,0xc9904	 x18=0xc9904000
      395709000	     19683	80006206	51fd	c.li	x3,-1	  x3=0xffffffff
      395829000	     19689	80006208	00457a33	and	x20,x10,x4	 x10:0x00000000  x4:0x00000800 x20=0x00000000
      396249000	     19710	8000620c	8089	c.srli	x9,0x2	  x9:0x00000000  x9=0x00000000
      396269000	     19711	8000620e	8b76	c.mv	x22,x29	  x0:0x00000000 x29:0x00000000 x22=0x00000000
      396529000	     19724	80006210	9696	c.add	x13,x5	 x13:0x00000000  x5:0x00000000 x13=0x00000000
      396549000	     19725	80006212	0db1	c.addi	x27,12	 x27:0x7f8d9f05 x27=0x7f8d9f11
      396569000	     19726	80006214	00026a33	or	x20,x4,x0	  x4:0x00000800  x0:0x00000000 x20=0x00000800
      396709000	     19733	80006218	419d09b3	sub	x19,x26,x25	 x26:0x000005eb x25:0x2edca000 x19=0xd12365eb
      396869000	     19741	8000621c	0de1	c.addi	x27,24	 x27:0x7f8d9f11 x27=0x7f8d9f29
      397229000	     19759	8000621e	00092bb3	slt	x23,x18,x0	 x18:0xc9904000  x0:0x00000000 x23=0x00000001
      397269000	     19761	80006222	038874b3	remu	x9,x16,x24	 x16:0x00000000 x24:0x00000000  x9=0x00000000
      397669000	     19781	80006226	01f04a63	blt	x0,x31,8000623a	  x0:0x00000000 x31:0xff1b3e0b
      397689000	     19782	8000622a	0ff0000f	fence	iorw,iorw	
      397709000	     19783	8000622e	99d6	c.add	x19,x21	 x19:0xd12365eb x21:0x0000fffd x19=0xd12465e8
      397729000	     19784	80006230	26916d13	ori	x26,x2,617	  x2:0xf5e39895 x26=0xf5e39afd
      397769000	     19786	80006234	034d2ab3	mulhsu	x21,x26,x20	 x26:0xf5e39afd x20:0x00000800 x21=0xffffffaf
      397789000	     19787	80006238	91e6	c.add	x3,x25	  x3:0xffffffff x25:0x2edca000  x3=0x2edc9fff
      397809000	     19788	8000623a	0113a2b3	slt	x5,x7,x17	  x7:0x00000000 x17:0x00000001  x5=0x00000001
      397829000	     19789	8000623e	9e4b7513	andi	x10,x22,-1564	 x22:0x00000000 x10=0x00000000
      397849000	     19790	80006242	01f7dbb3	srl	x23,x15,x31	 x15:0x00000000 x31:0xff1b3e0b x23=0x00000000
      398249000	     19810	80006246	b578f413	andi	x8,x17,-1193	 x17:0x00000001  x8=0x00000001
      398269000	     19811	8000624a	02a51763	bne	x10,x10,80006278	 x10:0x00000000 x10:0x00000000
      398289000	     19812	8000624e	5efd	c.li	x29,-1	 x29=0xffffffff
      398309000	     19813	80006250	4026d033	sra	x0,x13,x2	 x13:0x00000000  x2:0xf5e39895  x0=0x00000000
      398329000	     19814	80006254	007efd63	bgeu	x29,x7,8000626e	 x29:0xffffffff  x7:0x00000000
      398969000	     19846	8000626e	e819	c.bnez	x8,80006284	  x8:0x00000001
      399469000	     19871	80006284	9c46	c.add	x24,x17	 x24:0x00000000 x17:0x00000001 x24=0x00000001
      399489000	     19872	80006286	03550533	mul	x10,x10,x21	 x10:0x00000000 x21:0xffffffaf x10=0x00000000
      399929000	     19894	8000628a	035dab33	mulhsu	x22,x27,x21	 x27:0x7f8d9f29 x21:0xffffffaf x22=0x7f8d9f00
      400349000	     19915	8000628e	02bcbfb3	mulhu	x31,x25,x11	 x25:0x2edca000 x11:0x00000000 x31=0x00000000
      400369000	     19916	80006292	401d80b3	sub	x1,x27,x1	 x27:0x7f8d9f29  x1:0xffffffff  x1=0x7f8d9f2a
      400469000	     19921	80006296	019aa033	slt	x0,x21,x25	 x21:0xffffffaf x25:0x2edca000  x0=0x00000000
      400889000	     19942	8000629a	90517313	andi	x6,x2,-1787	  x2:0xf5e39895  x6=0xf5e39805
      400909000	     19943	8000629e	0d05	c.addi	x26,1	 x26:0xf5e39afd x26=0xf5e39afe
      401109000	     19953	800062a0	00a357b3	srl	x15,x6,x10	  x6:0xf5e39805 x10:0x00000000 x15=0xf5e39805
      401129000	     19954	800062a4	6d31	c.lui	x26,0xc	 x26=0x0000c000
      401149000	     19955	800062a6	0000bd33	sltu	x26,x1,x0	  x1:0x7f8d9f2a  x0:0x00000000 x26=0x00000000
      401889000	     19992	800062aa	02edefb3	rem	x31,x27,x14	 x27:0x7f8d9f29 x14:0x80023ce4 x31=0x7f8d9f29
      401909000	     19993	800062ae	036a9963	bne	x21,x22,800062e0	 x21:0xffffffaf x22:0x7f8d9f00
      402529000	     20024	800062e0	5d81c013	xori	x0,x3,1496	  x3:0x2edc9fff  x0=0x00000000
      402549000	     20025	800062e4	003fc0b3	xor	x1,x31,x3	 x31:0x7f8d9f29  x3:0x2edc9fff  x1=0x515100d6
      402569000	     20026	800062e8	8f05c593	xori	x11,x11,-1808	 x11:0x00000000 x11=0xfffff8f0
      402989000	     20047	800062ec	011efc63	bgeu	x29,x17,80006304	 x29:0xffffffff x17:0x00000001
      403249000	     20060	80006304	014aa8b3	slt	x17,x21,x20	 x21:0xffffffaf x20:0x00000800 x17=0x00000001
      403749000	     20085	80006308	023f8933	mul	x18,x31,x3	 x31:0x7f8d9f29  x3:0x2edc9fff x18=0x292800d7
      403769000	     20086	8000630c	653d	c.lui	x10,0xf	 x10=0x0000f000
      403809000	     20088	8000630e	031f27b3	mulhsu	x15,x30,x17	 x30:0x00000000 x17:0x00000001 x15=0x00000000
      404209000	     20108	80006312	e08d2593	slti	x11,x26,-504	 x26:0x00000000 x11=0x00000000
      404229000	     20109	80006316	01f0cf33	xor	x30,x1,x31	  x1:0x515100d6 x31:0x7f8d9f29 x30=0x2edc9fff
      404249000	     20110	8000631a	0286c763	blt	x13,x8,80006348	 x13:0x00000000  x8:0x00000001
      404809000	     20138	80006348	00469d13	slli	x26,x13,0x4	 x13:0x00000000 x26=0x00000000
      404889000	     20142	8000634c	94a2	c.add	x9,x8	  x9:0x00000000  x8:0x00000001  x9=0x00000001
      404909000	     20143	8000634e	92a2	c.add	x5,x8	  x5:0x00000001  x8:0x00000001  x5=0x00000002
      404929000	     20144	80006350	01def9b3	and	x19,x29,x29	 x29:0xffffffff x29:0xffffffff x19=0xffffffff
      405029000	     20149	80006354	d42a7c17	auipc	x24,0xd42a7	 x24=0x542ad354
      409189000	     20357	80006358	9afd	c.andi	x13,-1	 x13:0x00000000 x13=0x00000000
      409209000	     20358	8000635a	028a06b3	mul	x13,x20,x8	 x20:0x00000800  x8:0x00000001 x13=0x00000800
      409249000	     20360	8000635e	03c117b3	mulh	x15,x2,x28	  x2:0xf5e39895 x28:0x00000001 x15=0xffffffff
      409269000	     20361	80006362	8cfd	c.and	x9,x15	  x9:0x00000001 x15:0xffffffff  x9=0x00000001
      409289000	     20362	80006364	47c1	c.li	x15,16	 x15=0x00000010
      409529000	     20374	80006366	01a71433	sll	x8,x14,x26	 x14:0x80023ce4 x26:0x00000000  x8=0x80023ce4
      409549000	     20375	8000636a	c48d	c.beqz	x9,80006394	  x9:0x00000001
      409569000	     20376	8000636c	4ef1	c.li	x29,28	 x29=0x0000001c
      409589000	     20377	8000636e	1a7d	c.addi	x20,-1	 x20:0x00000800 x20=0x000007ff
      409749000	     20385	80006370	00c58a63	beq	x11,x12,80006384	 x11:0x00000000 x12:0x8001fe4c
      409769000	     20386	80006374	01e61813	slli	x16,x12,0x1e	 x12:0x8001fe4c x16=0x00000000
      410169000	     20406	80006378	0001	c.addi	x0,0	  x0:0x00000000  x0=0x00000000
      410189000	     20407	8000637a	8389	c.srli	x15,0x2	 x15:0x00000010 x15=0x00000004
      410369000	     20416	8000637c	01a2fd33	and	x26,x5,x26	  x5:0x00000002 x26:0x00000000 x26=0x00000000
      410389000	     20417	80006380	0001	c.addi	x0,0	  x0:0x00000000  x0=0x00000000
      410409000	     20418	80006382	01da	c.slli	x3,0x16	  x3:0x2edc9fff  x3=0xffc00000
      410449000	     20420	80006384	8ea1	c.xor	x13,x8	 x13:0x00000800  x8:0x80023ce4 x13=0x800234e4
      410469000	     20421	80006386	c1a5a293	slti	x5,x11,-998	 x11:0x00000000  x5=0x00000000
      410489000	     20422	8000638a	00886d63	bltu	x16,x8,800063a4	 x16:0x00000000  x8:0x80023ce4
      410969000	     20446	800063a4	023c3433	mulhu	x8,x24,x3	 x24:0x542ad354  x3:0xffc00000  x8=0x5415c89f
      411389000	     20467	800063a8	197d	c.addi	x18,-1	 x18:0x292800d7 x18=0x292800d6
      411409000	     20468	800063aa	8cc5	c.or	x9,x9	  x9:0x00000001  x9:0x00000001  x9=0x00000001
      411809000	     20488	800063ac	8d8d	c.sub	x11,x11	 x11:0x00000000 x11:0x00000000 x11=0x00000000
      411829000	     20489	800063ae	83f9	c.srli	x15,0x1e	 x15:0x00000004 x15=0x00000000
      412029000	     20499	800063b0	01a15db3	srl	x27,x2,x26	  x2:0xf5e39895 x26:0x00000000 x27=0xf5e39895
      412229000	     20509	800063b4	0101e933	or	x18,x3,x16	  x3:0xffc00000 x16:0x00000000 x18=0xffc00000
      412269000	     20511	800063b8	026cabb3	mulhsu	x23,x25,x6	 x25:0x2edca000  x6:0xf5e39805 x23=0x2d02ce95
      412289000	     20512	800063bc	01abc8b3	xor	x17,x23,x26	 x23:0x2d02ce95 x26:0x00000000 x17=0x2d02ce95
      412689000	     20532	800063c0	98fd	c.andi	x9,-1	  x9:0x00000001  x9=0x00000001
      412709000	     20533	800063c2	e519	c.bnez	x10,800063d0	 x10:0x0000f000
      413209000	     20558	800063d0	8c89	c.sub	x9,x10	  x9:0x00000001 x10:0x0000f000  x9=0xffff1001
      413249000	     20560	800063d2	02421e33	mulh	x28,x4,x4	  x4:0x00000800  x4:0x00000800 x28=0x00000000
      413269000	     20561	800063d6	0ff0000f	fence	iorw,iorw	
      413289000	     20562	800063da	4139dfb3	sra	x31,x19,x19	 x19:0xffffffff x19:0xffffffff x31=0xffffffff
      413309000	     20563	800063de	ce99	c.beqz	x13,800063fc	 x13:0x800234e4
      413589000	     20577	800063e0	004be1b3	or	x3,x23,x4	 x23:0x2d02ce95  x4:0x00000800  x3=0x2d02ce95
      413609000	     20578	800063e4	92fe	c.add	x5,x31	  x5:0x00000000 x31:0xffffffff  x5=0xffffffff
      413629000	     20579	800063e6	8ffd	c.and	x15,x15	 x15:0x00000000 x15:0x00000000 x15=0x00000000
      413849000	     20590	800063e8	02d43a33	mulhu	x20,x8,x13	  x8:0x5415c89f x13:0x800234e4 x20=0x2a0b9dda
      413909000	     20593	800063ec	027d4033	div	x0,x26,x7	 x26:0x00000000  x7:0x00000000  x0=0x00000000
      413929000	     20594	800063f0	8fa1	c.xor	x15,x8	 x15:0x00000000  x8:0x5415c89f x15=0x5415c89f
      414029000	     20599	800063f2	01a145b3	xor	x11,x2,x26	  x2:0xf5e39895 x26:0x00000000 x11=0xf5e39895
      414049000	     20600	800063f6	bb74be13	sltiu	x28,x9,-1097	  x9:0xffff1001 x28=0x00000001
      414069000	     20601	800063fa	87f9	c.srai	x15,0x1e	 x15:0x5415c89f x15=0x00000001
      414449000	     20620	800063fc	17fd	c.addi	x15,-1	 x15:0x00000001 x15=0x00000000
      414589000	     20627	800063fe	00681363	bne	x16,x6,80006404	 x16:0x00000000  x6:0xf5e39805
      415269000	     20661	80006404	03ba2a33	mulhsu	x20,x20,x27	 x20:0x2a0b9dda x27:0xf5e39895 x20=0x28627f6d
      415289000	     20662	80006408	00ab8e33	add	x28,x23,x10	 x23:0x2d02ce95 x10:0x0000f000 x28=0x2d03be95
      415689000	     20682	8000640c	2cf7fa93	andi	x21,x15,719	 x15:0x00000000 x21=0x00000000
      415709000	     20683	80006410	036cc263	blt	x25,x22,80006434	 x25:0x2edca000 x22:0x7f8d9f00
      416349000	     20715	80006434	fdbfab13	slti	x22,x31,-37	 x31:0xffffffff x22=0x00000000
      416889000	     20742	80006438	83b1	c.srli	x15,0xc	 x15:0x00000000 x15=0x00000000
      416949000	     20745	8000643a	5066e313	ori	x6,x13,1286	 x13:0x800234e4  x6=0x800235e6
      416969000	     20746	8000643e	8d89	c.sub	x11,x10	 x11:0xf5e39895 x10:0x0000f000 x11=0xf5e2a895
      417009000	     20748	80006440	c56a3913	sltiu	x18,x20,-938	 x20:0x28627f6d x18=0x00000001
      417029000	     20749	80006444	02666863	bltu	x12,x6,80006474	 x12:0x8001fe4c  x6:0x800235e6
      417569000	     20776	80006474	01ef4463	blt	x30,x30,8000647c	 x30:0x2edc9fff x30:0x2edc9fff
      418169000	     20806	80006478	5779fd97	auipc	x27,0x5779f	 x27=0xd77a5478
      418209000	     20808	8000647c	01bb9c63	bne	x23,x27,80006494	 x23:0x2d02ce95 x27:0xd77a5478
      418489000	     20822	80006494	03bd2233	mulhsu	x4,x26,x27	 x26:0x00000000 x27:0xd77a5478  x4=0x00000000
      418569000	     20826	80006498	00d80a33	add	x20,x16,x13	 x16:0x00000000 x13:0x800234e4 x20=0x800234e4
      418589000	     20827	8000649c	8869	c.andi	x8,26	  x8:0x5415c89f  x8=0x0000001a
      418609000	     20828	8000649e	03b10533	mul	x10,x2,x27	  x2:0xf5e39895 x27:0xd77a5478 x10=0xcac269d8
      419029000	     20849	800064a2	410e8a33	sub	x20,x29,x16	 x29:0x0000001c x16:0x00000000 x20=0x0000001c
      419049000	     20850	800064a6	c39568b7	lui	x17,0xc3956	 x17=0xc3956000
      419189000	     20857	800064aa	02de81b3	mul	x3,x29,x13	 x29:0x0000001c x13:0x800234e4  x3=0x003dc8f0
      419209000	     20858	800064ae	58fd	c.li	x17,-1	 x17=0xffffffff
      419229000	     20859	800064b0	018b4c33	xor	x24,x22,x24	 x22:0x00000000 x24:0x542ad354 x24=0x542ad354
      419249000	     20860	800064b4	028d1363	bne	x26,x8,800064da	 x26:0x00000000  x8:0x0000001a
      419989000	     20897	800064da	f0597413	andi	x8,x18,-251	 x18:0x00000001  x8=0x00000001
      420009000	     20898	800064de	4052d213	srai	x4,x5,0x5	  x5:0xffffffff  x4=0xffffffff
      420029000	     20899	800064e2	857d	c.srai	x10,0x1f	 x10:0xcac269d8 x10=0xffffffff
      420429000	     20919	800064e4	0189d893	srli	x17,x19,0x18	 x19:0xffffffff x17=0x000000ff
      420589000	     20927	800064e8	00724fb3	xor	x31,x4,x7	  x4:0xffffffff  x7:0x00000000 x31=0xffffffff
      420789000	     20937	800064ec	4031deb3	sra	x29,x3,x3	  x3:0x003dc8f0  x3:0x003dc8f0 x29=0x0000003d
      420809000	     20938	800064f0	b8088913	addi	x18,x17,-1152	 x17:0x000000ff x18=0xfffffc7f
      420829000	     20939	800064f4	01675893	srli	x17,x14,0x16	 x14:0x80023ce4 x17=0x00000200
      421209000	     20958	800064f8	8c35	c.xor	x8,x13	  x8:0x00000001 x13:0x800234e4  x8=0x800234e5
      421229000	     20959	800064fa	41df5c93	srai	x25,x30,0x1d	 x30:0x2edc9fff x25=0x00000001
      421249000	     20960	800064fe	0f22	c.slli	x30,0x8	 x30:0x2edc9fff x30=0xdc9fff00
      421269000	     20961	80006500	0001	c.addi	x0,0	  x0:0x00000000  x0=0x00000000
      421669000	     20981	80006502	58eb6a97	auipc	x21,0x58eb6	 x21=0xd8ebc502
      422089000	     21002	80006506	014226b3	slt	x13,x4,x20	  x4:0xffffffff x20:0x0000001c x13=0x00000001
      422109000	     21003	8000650a	8d21	c.xor	x10,x8	 x10:0xffffffff  x8:0x800234e5 x10=0x7ffdcb1a
      422289000	     21012	8000650c	997c14b7	lui	x9,0x997c1	  x9=0x997c1000
      422709000	     21033	80006510	0001	c.addi	x0,0	  x0:0x00000000  x0=0x00000000
      422729000	     21034	80006512	0370d963	bge	x1,x23,80006544	  x1:0x515100d6 x23:0x2d02ce95
      423229000	     21059	80006544	01775363	bge	x14,x23,8000654a	 x14:0x80023ce4 x23:0x2d02ce95
      423349000	     21065	80006548	8d32	c.mv	x26,x12	  x0:0x00000000 x12:0x8001fe4c x26=0x8001fe4c
      423429000	     21069	8000654a	0123d993	srli	x19,x7,0x12	  x7:0x00000000 x19=0x00000000
      423849000	     21090	8000654e	00e46a33	or	x20,x8,x14	  x8:0x800234e5 x14:0x80023ce4 x20=0x80023ce5
      423949000	     21095	80006552	40675233	sra	x4,x14,x6	 x14:0x80023ce4  x6:0x800235e6  x4=0xfe0008f3
      423969000	     21096	80006556	017f96b3	sll	x13,x31,x23	 x31:0xffffffff x23:0x2d02ce95 x13=0xffe00000
      423989000	     21097	8000655a	0001	c.addi	x0,0	  x0:0x00000000  x0=0x00000000
      424389000	     21117	8000655c	010b1333	sll	x6,x22,x16	 x22:0x00000000 x16:0x00000000  x6=0x00000000
      424409000	     21118	80006560	c191	c.beqz	x11,80006564	 x11:0xf5e2a895
      424429000	     21119	80006562	0001	c.addi	x0,0	  x0:0x00000000  x0=0x00000000
      424829000	     21139	80006564	03401263	bne	x0,x20,80006588	  x0:0x00000000 x20:0x80023ce5
      424989000	     21147	80006588	9afd	c.andi	x13,-1	 x13:0xffe00000 x13=0xffe00000
      425109000	     21153	8000658a	801b7513	andi	x10,x22,-2047	 x22:0x00000000 x10=0x00000000
      425129000	     21154	8000658e	88e9	c.andi	x9,26	  x9:0x997c1000  x9=0x00000000
      425149000	     21155	80006590	06914a63	blt	x2,x9,80006604	  x2:0xf5e39895  x9:0x00000000
      425769000	     21186	80006604	01e2ea33	or	x20,x5,x30	  x5:0xffffffff x30:0xdc9fff00 x20=0xffffffff
      426149000	     21205	80006608	00904033	xor	x0,x0,x9	  x0:0x00000000  x9:0x00000000  x0=0x00000000
      426889000	     21242	8000660c	03b25f33	divu	x30,x4,x27	  x4:0xfe0008f3 x27:0xd77a5478 x30=0x00000001
      426909000	     21243	80006610	01ed5b63	bge	x26,x30,80006626	 x26:0x8001fe4c x30:0x00000001
      427649000	     21280	80006614	03f969b3	rem	x19,x18,x31	 x18:0xfffffc7f x31:0xffffffff x19=0x00000000
      427669000	     21281	80006618	0036abb3	slt	x23,x13,x3	 x13:0xffe00000  x3:0x003dc8f0 x23=0x00000001
      427689000	     21282	8000661c	80d9	c.srli	x9,0x16	  x9:0x00000000  x9=0x00000000
      427709000	     21283	8000661e	0108e333	or	x6,x17,x16	 x17:0x00000200 x16:0x00000000  x6=0x00000200
      427729000	     21284	80006622	005d37b3	sltu	x15,x26,x5	 x26:0x8001fe4c  x5:0xffffffff x15=0x00000001
      427749000	     21285	80006626	02a1	c.addi	x5,8	  x5:0xffffffff  x5=0x00000007
      427769000	     21286	80006628	b9aba993	slti	x19,x23,-1126	 x23:0x00000001 x19=0x00000000
      427789000	     21287	8000662c	9e88b693	sltiu	x13,x17,-1560	 x17:0x00000200 x13=0x00000001
      427829000	     21289	80006630	0316bc33	mulhu	x24,x13,x17	 x13:0x00000001 x17:0x00000200 x24=0x00000000
      427909000	     21293	80006634	2a8efb93	andi	x23,x29,680	 x29:0x0000003d x23=0x00000028
      427929000	     21294	80006638	8366	c.mv	x6,x25	  x0:0x00000000 x25:0x00000001  x6=0x00000001
      427949000	     21295	8000663a	8c9d	c.sub	x9,x15	  x9:0x00000000 x15:0x00000001  x9=0xffffffff
      427969000	     21296	8000663c	00e2b6b3	sltu	x13,x5,x14	  x5:0x00000007 x14:0x80023ce4 x13=0x00000001
      428369000	     21316	80006640	0275f663	bgeu	x11,x7,8000666c	 x11:0xf5e2a895  x7:0x00000000
      428669000	     21331	8000666c	0ff0000f	fence	iorw,iorw	
      429109000	     21353	80006670	83c5	c.srli	x15,0x11	 x15:0x00000001 x15=0x00000000
      429129000	     21354	80006672	4249	c.li	x4,18	  x4=0x00000012
      429209000	     21358	80006674	c585	c.beqz	x11,8000669c	 x11:0xf5e2a895
      429629000	     21379	80006676	40125eb3	sra	x29,x4,x1	  x4:0x00000012  x1:0x515100d6 x29=0x00000000
      429789000	     21387	8000667a	03085263	bge	x16,x16,8000669e	 x16:0x00000000 x16:0x00000000
      430549000	     21425	8000669e	989e	c.add	x17,x7	 x17:0x00000200  x7:0x00000000 x17=0x00000200
      431029000	     21449	800066a0	0001	c.addi	x0,0	  x0:0x00000000  x0=0x00000000
      431049000	     21450	800066a2	9afd	c.andi	x13,-1	 x13:0x00000001 x13=0x00000001
      431069000	     21451	800066a4	01349793	slli	x15,x9,0x13	  x9:0xffffffff x15=0xfff80000
      431349000	     21465	800066a8	00b45a93	srli	x21,x8,0xb	  x8:0x800234e5 x21=0x00100046
      431769000	     21486	800066ac	c8d82b13	slti	x22,x16,-883	 x16:0x00000000 x22=0x00000000
      431889000	     21492	800066b0	8cfd	c.and	x9,x15	  x9:0xffffffff x15:0xfff80000  x9=0xfff80000
      432729000	     21534	800066b2	02ce7fb3	remu	x31,x28,x12	 x28:0x2d03be95 x12:0x8001fe4c x31=0x2d03be95
      432749000	     21535	800066b6	006defb3	or	x31,x27,x6	 x27:0xd77a5478  x6:0x00000001 x31=0xd77a5479
      432769000	     21536	800066ba	47b0db37	lui	x22,0x47b0d	 x22=0x47b0d000
      432789000	     21537	800066be	0067a033	slt	x0,x15,x6	 x15:0xfff80000  x6:0x00000001  x0=0x00000000
      432809000	     21538	800066c2	03940433	mul	x8,x8,x25	  x8:0x800234e5 x25:0x00000001  x8=0x800234e5
      433549000	     21575	800066c6	0221db33	divu	x22,x3,x2	  x3:0x003dc8f0  x2:0xf5e39895 x22=0x00000000
      433569000	     21576	800066ca	ce8ba297	auipc	x5,0xce8ba	  x5=0x4e8c06ca
      433589000	     21577	800066ce	03aef763	bgeu	x29,x26,800066fc	 x29:0x00000000 x26:0x8001fe4c
      433609000	     21578	800066d2	01305233	srl	x4,x0,x19	  x0:0x00000000 x19:0x00000000  x4=0x00000000
      433629000	     21579	800066d6	985e	c.add	x16,x23	 x16:0x00000000 x23:0x00000028 x16=0x00000028
      433649000	     21580	800066d8	31e02393	slti	x7,x0,798	  x0:0x00000000  x7=0x00000001
      433669000	     21581	800066dc	024d4063	blt	x26,x4,800066fc	 x26:0x8001fe4c  x4:0x00000000
      434049000	     21600	800066fc	004dfa33	and	x20,x27,x4	 x27:0xd77a5478  x4:0x00000000 x20=0x00000000
      434369000	     21616	80006700	8ced	c.and	x9,x11	  x9:0xfff80000 x11:0xf5e2a895  x9=0xf5e00000
      434389000	     21617	80006702	521caa13	slti	x20,x25,1313	 x25:0x00000001 x20=0x00000001
      434589000	     21627	80006706	00d412b3	sll	x5,x8,x13	  x8:0x800234e5 x13:0x00000001  x5=0x000469ca
      434789000	     21637	8000670a	2323bf13	sltiu	x30,x7,562	  x7:0x00000001 x30=0x00000001
      435169000	     21656	8000670e	0035d8b3	srl	x17,x11,x3	 x11:0xf5e2a895  x3:0x003dc8f0 x17=0x0000f5e2
      435189000	     21657	80006712	6e65	c.lui	x28,0x19	 x28=0x00019000
      435209000	     21658	80006714	01f807b3	add	x15,x16,x31	 x16:0x00000028 x31:0xd77a5479 x15=0xd77a54a1
      435229000	     21659	80006718	4805	c.li	x16,1	 x16=0x00000001
      435249000	     21660	8000671a	01f35a33	srl	x20,x6,x31	  x6:0x00000001 x31:0xd77a5479 x20=0x00000000
      435269000	     21661	8000671e	f3b82813	slti	x16,x16,-197	 x16:0x00000001 x16=0x00000000
      435289000	     21662	80006722	016b5463	bge	x22,x22,8000672a	 x22:0x00000000 x22:0x00000000
      435789000	     21687	8000672a	2100c3b7	lui	x7,0x2100c	  x7=0x2100c000
      435809000	     21688	8000672e	8ea9	c.xor	x13,x10	 x13:0x00000001 x10:0x00000000 x13=0x00000001
      435829000	     21689	80006730	01f59193	slli	x3,x11,0x1f	 x11:0xf5e2a895  x3=0x80000000
      435849000	     21690	80006734	0000100f	fence.i	
      436569000	     21726	80006738	032c9bb3	mulh	x23,x25,x18	 x25:0x00000001 x18:0xfffffc7f x23=0xffffffff
      436669000	     21731	8000673c	00c40cb3	add	x25,x8,x12	  x8:0x800234e5 x12:0x8001fe4c x25=0x00043331
      437089000	     21752	80006740	7fde4793	xori	x15,x28,2045	 x28:0x00019000 x15=0x000197fd
      437469000	     21771	80006744	ce89	c.beqz	x13,8000675e	 x13:0x00000001
      437489000	     21772	80006746	01d75c63	bge	x14,x29,8000675e	 x14:0x80023ce4 x29:0x00000000
      437509000	     21773	8000674a	00de9a93	slli	x21,x29,0xd	 x29:0x00000000 x21=0x00000000
      437669000	     21781	8000674e	00a11033	sll	x0,x2,x10	  x2:0xf5e39895 x10:0x00000000  x0=0x00000000
      438049000	     21800	80006752	008c7c63	bgeu	x24,x8,8000676a	 x24:0x00000000  x8:0x800234e5
      438069000	     21801	80006756	ddd15697	auipc	x13,0xddd15	 x13=0x5dd1b756
      466289000	     23212	8000675a	00f1ea33	or	x20,x3,x15	  x3:0x80000000 x15:0x000197fd x20=0x800197fd
      466309000	     23213	8000675e	007b49b3	xor	x19,x22,x7	 x22:0x00000000  x7:0x2100c000 x19=0x2100c000
      466329000	     23214	80006762	8da9	c.xor	x11,x10	 x11:0xf5e2a895 x10:0x00000000 x11=0xf5e2a895
      466369000	     23216	80006764	02af29b3	mulhsu	x19,x30,x10	 x30:0x00000001 x10:0x00000000 x19=0x00000000
      466389000	     23217	80006768	8a89	c.andi	x13,2	 x13:0x5dd1b756 x13=0x00000002
      466409000	     23218	8000676a	c1442313	slti	x6,x8,-1004	  x8:0x800234e5  x6=0x00000001
      466429000	     23219	8000676e	82a5	c.srli	x13,0x9	 x13:0x00000002 x13=0x00000000
      466749000	     23235	80006770	8efe	c.mv	x29,x31	  x0:0x00000000 x31:0xd77a5479 x29=0xd77a5479
      466769000	     23236	80006772	002068b3	or	x17,x0,x2	  x0:0x00000000  x2:0xf5e39895 x17=0xf5e39895
      466789000	     23237	80006776	0975	c.addi	x18,29	 x18:0xfffffc7f x18=0xfffffc9c
      467189000	     23257	80006778	010166b3	or	x13,x2,x16	  x2:0xf5e39895 x16:0x00000000 x13=0xf5e39895
      467209000	     23258	8000677c	cd990693	addi	x13,x18,-807	 x18:0xfffffc9c x13=0xfffff975
      467569000	     23276	80006780	849a	c.mv	x9,x6	  x0:0x00000000  x6:0x00000001  x9=0x00000001
      467589000	     23277	80006782	40c5	c.li	x1,17	  x1=0x00000011
      467909000	     23293	80006784	8fb5	c.xor	x15,x13	 x15:0x000197fd x13:0xfffff975 x15=0xfffe6e88
      467929000	     23294	80006786	8c5d	c.or	x8,x15	  x8:0x800234e5 x15:0xfffe6e88  x8=0xfffe7eed
      467949000	     23295	80006788	f7be2193	slti	x3,x28,-133	 x28:0x00019000  x3=0x00000000
      468029000	     23299	8000678c	8ce5	c.and	x9,x9	  x9:0x00000001  x9:0x00000001  x9=0x00000001
      468049000	     23300	8000678e	007d4d63	blt	x26,x7,800067a8	 x26:0x8001fe4c  x7:0x2100c000
      468989000	     23347	800067a8	93aa	c.add	x7,x10	  x7:0x2100c000 x10:0x00000000  x7=0x2100c000
      469009000	     23348	800067aa	03710fb3	mul	x31,x2,x23	  x2:0xf5e39895 x23:0xffffffff x31=0x0a1c676b
      469109000	     23353	800067ae	023a3d33	mulhu	x26,x20,x3	 x20:0x800197fd  x3:0x00000000 x26=0x00000000
      469529000	     23374	800067b2	03635433	divu	x8,x6,x22	  x6:0x00000001 x22:0x00000000  x8=0xffffffff
      469549000	     23375	800067b6	4474e813	ori	x16,x9,1095	  x9:0x00000001 x16=0x00000447
      469589000	     23377	800067ba	03aa24b3	mulhsu	x9,x20,x26	 x20:0x800197fd x26:0x00000000  x9=0x00000000
      469609000	     23378	800067be	416edb33	sra	x22,x29,x22	 x29:0xd77a5479 x22:0x00000000 x22=0xd77a5479
      469629000	     23379	800067c2	0060c463	blt	x1,x6,800067ca	  x1:0x00000011  x6:0x00000001
      470269000	     23411	800067c6	033659b3	divu	x19,x12,x19	 x12:0x8001fe4c x19:0x00000000 x19=0xffffffff
      470449000	     23420	800067ca	02d7c763	blt	x15,x13,800067f8	 x15:0xfffe6e88 x13:0xfffff975
      471729000	     23484	800067f8	00137263	bgeu	x6,x1,800067fc	  x6:0x00000001  x1:0x00000011
      471749000	     23485	800067fc	0189bab3	sltu	x21,x19,x24	 x19:0xffffffff x24:0x00000000 x21=0x00000000
      471769000	     23486	80006800	00eee1b3	or	x3,x29,x14	 x29:0xd77a5479 x14:0x80023ce4  x3=0xd77a7cfd
      471789000	     23487	80006804	031e	c.slli	x6,0x7	  x6:0x00000001  x6=0x00000080
      472109000	     23503	80006806	00148c63	beq	x9,x1,8000681e	  x9:0x00000000  x1:0x00000011
      472129000	     23504	8000680a	0147fa63	bgeu	x15,x20,8000681e	 x15:0xfffe6e88 x20:0x800197fd
      473009000	     23548	8000681e	04f66463	bltu	x12,x15,80006866	 x12:0x8001fe4c x15:0xfffe6e88
      474169000	     23606	80006866	7de2bc93	sltiu	x25,x5,2014	  x5:0x000469ca x25=0x00000000
      474309000	     23613	8000686a	01b8dc63	bge	x17,x27,80006882	 x17:0xf5e39895 x27:0xd77a5478
      475029000	     23649	80006882	8c59	c.or	x8,x14	  x8:0xffffffff x14:0x80023ce4  x8=0xffffffff
      475049000	     23650	80006884	0ff0000f	fence	iorw,iorw	
      475069000	     23651	80006888	e00d	c.bnez	x8,800068aa	  x8:0xffffffff
      475769000	     23686	800068aa	03915c33	divu	x24,x2,x25	  x2:0xf5e39895 x25:0x00000000 x24=0xffffffff
      476169000	     23706	800068ae	4089d333	sra	x6,x19,x8	 x19:0xffffffff  x8:0xffffffff  x6=0xffffffff
      476189000	     23707	800068b2	40eed793	srai	x15,x29,0xe	 x29:0xd77a5479 x15=0xffff5de9
      476209000	     23708	800068b6	00cdde13	srli	x28,x27,0xc	 x27:0xd77a5478 x28=0x000d77a5
      476289000	     23712	800068ba	41f354b3	sra	x9,x6,x31	  x6:0xffffffff x31:0x0a1c676b  x9=0xffffffff
      476689000	     23732	800068be	037e0863	beq	x28,x23,800068ee	 x28:0x000d77a5 x23:0xffffffff
      476709000	     23733	800068c2	0001	c.addi	x0,0	  x0:0x00000000  x0=0x00000000
      476729000	     23734	800068c4	8bc9	c.andi	x15,18	 x15:0xffff5de9 x15=0x00000000
      476749000	     23735	800068c6	013399b3	sll	x19,x7,x19	  x7:0x2100c000 x19:0xffffffff x19=0x00000000
      476769000	     23736	800068ca	41bf5793	srai	x15,x30,0x1b	 x30:0x00000001 x15=0x00000000
      476909000	     23743	800068ce	2beeab97	auipc	x23,0x2beea	 x23=0xabef08ce
      477229000	     23759	800068d2	4104d093	srai	x1,x9,0x10	  x9:0xffffffff  x1=0xffffffff
      477249000	     23760	800068d6	009f1293	slli	x5,x30,0x9	 x30:0x00000001  x5=0x00000200
      477269000	     23761	800068da	e18b1217	auipc	x4,0xe18b1	  x4=0x618b78da
      477289000	     23762	800068de	8c7d	c.and	x8,x15	  x8:0xffffffff x15:0x00000000  x8=0x00000000
      477329000	     23764	800068e0	0383bbb3	mulhu	x23,x7,x24	  x7:0x2100c000 x24:0xffffffff x23=0x2100bfff
      477349000	     23765	800068e4	8cc9	c.or	x9,x10	  x9:0xffffffff x10:0x00000000  x9=0xffffffff
      477369000	     23766	800068e6	01e3af33	slt	x30,x7,x30	  x7:0x2100c000 x30:0x00000001 x30=0x00000000
      477389000	     23767	800068ea	014e3433	sltu	x8,x28,x20	 x28:0x000d77a5 x20:0x800197fd  x8=0x00000001
      477409000	     23768	800068ee	01b800b3	add	x1,x16,x27	 x16:0x00000447 x27:0xd77a5478  x1=0xd77a58bf
      477429000	     23769	800068f2	038d	c.addi	x7,3	  x7:0x2100c000  x7=0x2100c003
      477449000	     23770	800068f4	77780413	addi	x8,x16,1911	 x16:0x00000447  x8=0x00000bbe
      477849000	     23790	800068f8	02ea3ab3	mulhu	x21,x20,x14	 x20:0x800197fd x14:0x80023ce4 x21=0x4001ea74
      478189000	     23807	800068fc	81c1	c.srli	x11,0x10	 x11:0xf5e2a895 x11=0x0000f5e2
      478209000	     23808	800068fe	00759d63	bne	x11,x7,80006918	 x11:0x0000f5e2  x7:0x2100c003
      478669000	     23831	80006918	004d5213	srli	x4,x26,0x4	 x26:0x00000000  x4=0x00000000
      478689000	     23832	8000691c	8c25	c.xor	x8,x9	  x8:0x00000bbe  x9:0xffffffff  x8=0xfffff441
      478829000	     23839	8000691e	0284a233	mulhsu	x4,x9,x8	  x9:0xffffffff  x8:0xfffff441  x4=0xffffffff
      478849000	     23840	80006922	03a8d463	bge	x17,x26,8000694a	 x17:0xf5e39895 x26:0x00000000
      478869000	     23841	80006926	01c6feb3	and	x29,x13,x28	 x13:0xfffff975 x28:0x000d77a5 x29=0x000d7125
      478889000	     23842	8000692a	0142d333	srl	x6,x5,x20	  x5:0x00000200 x20:0x800197fd  x6=0x00000000
      478909000	     23843	8000692e	00bc9393	slli	x7,x25,0xb	 x25:0x00000000  x7=0x00000000
      478929000	     23844	80006932	00a51c63	bne	x10,x10,8000694a	 x10:0x00000000 x10:0x00000000
      479089000	     23852	80006936	f68ab813	sltiu	x16,x21,-152	 x21:0x4001ea74 x16=0x00000001
      480009000	     23898	8000693a	024b6bb3	rem	x23,x22,x4	 x22:0xd77a5479  x4:0xffffffff x23=0x00000000
      480029000	     23899	8000693e	401adfb3	sra	x31,x21,x1	 x21:0x4001ea74  x1:0xd77a58bf x31=0x00000000
      480049000	     23900	80006942	40488a33	sub	x20,x17,x4	 x17:0xf5e39895  x4:0xffffffff x20=0xf5e39896
      480089000	     23902	80006946	02a73db3	mulhu	x27,x14,x10	 x14:0x80023ce4 x10:0x00000000 x27=0x00000000
      480829000	     23939	8000694a	02e2c3b3	div	x7,x5,x14	  x5:0x00000200 x14:0x80023ce4  x7=0x00000000
      480849000	     23940	8000694e	8fb2	c.mv	x31,x12	  x0:0x00000000 x12:0x8001fe4c x31=0x8001fe4c
      481589000	     23977	80006950	02544db3	div	x27,x8,x5	  x8:0xfffff441  x5:0x00000200 x27=0xfffffffb
      481609000	     23978	80006954	0156acb3	slt	x25,x13,x21	 x13:0xfffff975 x21:0x4001ea74 x25=0x00000001
      481649000	     23980	80006958	03b0a333	mulhsu	x6,x1,x27	  x1:0xd77a58bf x27:0xfffffffb  x6=0xd77a58bf
      481669000	     23981	8000695c	0001	c.addi	x0,0	  x0:0x00000000  x0=0x00000000
      482409000	     24018	8000695e	0398cb33	div	x22,x17,x25	 x17:0xf5e39895 x25:0x00000001 x22=0xf5e39895
      482429000	     24019	80006962	88c5	c.andi	x9,17	  x9:0xffffffff  x9=0x00000011
      482449000	     24020	80006964	8d35	c.xor	x10,x13	 x10:0x00000000 x13:0xfffff975 x10=0xfffff975
      482469000	     24021	80006966	00cfad33	slt	x26,x31,x12	 x31:0x8001fe4c x12:0x8001fe4c x26=0x00000000
      482489000	     24022	8000696a	cf555337	lui	x6,0xcf555	  x6=0xcf555000
      482529000	     24024	8000696e	027d5233	divu	x4,x26,x7	 x26:0x00000000  x7:0x00000000  x4=0xffffffff
      482549000	     24025	80006972	40895bb3	sra	x23,x18,x8	 x18:0xfffffc9c  x8:0xfffff441 x23=0xfffffe4e
      482969000	     24046	80006976	02c41163	bne	x8,x12,80006998	  x8:0xfffff441 x12:0x8001fe4c
      483469000	     24071	80006998	00a4ea33	or	x20,x9,x10	  x9:0x00000011 x10:0xfffff975 x20=0xfffff975
      483489000	     24072	8000699c	002a6333	or	x6,x20,x2	 x20:0xfffff975  x2:0xf5e39895  x6=0xfffff9f5
      483629000	     24079	800069a0	9db2	c.add	x27,x12	 x27:0xfffffffb x12:0x8001fe4c x27=0x8001fe47
      484069000	     24101	800069a2	02b0ad33	mulhsu	x26,x1,x11	  x1:0xd77a58bf x11:0x0000f5e2 x26=0xffffd914
      484109000	     24103	800069a6	02e11a33	mulh	x20,x2,x14	  x2:0xf5e39895 x14:0x80023ce4 x20=0x050e1d15
      484129000	     24104	800069aa	00b49f33	sll	x30,x9,x11	  x9:0x00000011 x11:0x0000f5e2 x30=0x00000044
      484289000	     24112	800069ae	03761b33	mulh	x22,x12,x23	 x12:0x8001fe4c x23:0xfffffe4e x22=0x000000d8
      484309000	     24113	800069b2	008f4463	blt	x30,x8,800069ba	 x30:0x00000044  x8:0xfffff441
      484329000	     24114	800069b6	0144e233	or	x4,x9,x20	  x9:0x00000011 x20:0x050e1d15  x4=0x050e1d15
      484349000	     24115	800069ba	01c74863	blt	x14,x28,800069ca	 x14:0x80023ce4 x28:0x000d77a5
      485029000	     24149	800069ca	03a30b33	mul	x22,x6,x26	  x6:0xfffff9f5 x26:0xffffd914 x22=0x00eb3424
      486149000	     24205	800069ce	03297833	remu	x16,x18,x18	 x18:0xfffffc9c x18:0xfffffc9c x16=0x00000000
      486169000	     24206	800069d2	04d11b63	bne	x2,x13,80006a28	  x2:0xf5e39895 x13:0xfffff975
      486589000	     24227	80006a28	8ced	c.and	x9,x11	  x9:0x00000011 x11:0x0000f5e2  x9=0x00000000
      486609000	     24228	80006a2a	0ef6	c.slli	x29,0x1d	 x29:0x000d7125 x29=0xa0000000
      486649000	     24230	80006a2c	8dd1	c.or	x11,x12	 x11:0x0000f5e2 x12:0x8001fe4c x11=0x8001ffee
      486669000	     24231	80006a2e	8d25	c.xor	x10,x9	 x10:0xfffff975  x9:0x00000000 x10=0xfffff975
      486689000	     24232	80006a30	0013fc63	bgeu	x7,x1,80006a48	  x7:0x00000000  x1:0xd77a58bf
      486709000	     24233	80006a34	b2fb7f93	andi	x31,x22,-1233	 x22:0x00eb3424 x31=0x00eb3024
      486729000	     24234	80006a38	0333c063	blt	x7,x19,80006a58	  x7:0x00000000 x19:0x00000000
      487849000	     24290	80006a3c	02d1d933	divu	x18,x3,x13	  x3:0xd77a7cfd x13:0xfffff975 x18=0x00000000
      487889000	     24292	80006a40	03af98b3	mulh	x17,x31,x26	 x31:0x00eb3024 x26:0xffffd914 x17=0xffffffdc
      487929000	     24294	80006a44	029dd5b3	divu	x11,x27,x9	 x27:0x8001fe47  x9:0x00000000 x11=0xffffffff
      487949000	     24295	80006a48	8d9d	c.sub	x11,x15	 x11:0xffffffff x15:0x00000000 x11=0xffffffff
      488689000	     24332	80006a4a	0256efb3	rem	x31,x13,x5	 x13:0xfffff975  x5:0x00000200 x31=0xffffff75
      488709000	     24333	80006a4e	014b8d63	beq	x23,x20,80006a68	 x23:0xfffffe4e x20:0x050e1d15
      488749000	     24335	80006a52	0351a333	mulhsu	x6,x3,x21	  x3:0xd77a7cfd x21:0x4001ea74  x6=0xf5de519d
      488769000	     24336	80006a56	0001	c.addi	x0,0	  x0:0x00000000  x0=0x00000000
      488789000	     24337	80006a58	e105	c.bnez	x10,80006a78	 x10:0xfffff975
      489029000	     24349	80006a78	0001	c.addi	x0,0	  x0:0x00000000  x0=0x00000000
      489049000	     24350	80006a7a	8ff1	c.and	x15,x12	 x15:0x00000000 x12:0x8001fe4c x15=0x00000000
      489069000	     24351	80006a7c	00eddf93	srli	x31,x27,0xe	 x27:0x8001fe47 x31=0x00020007
      489229000	     24359	80006a80	3be14c13	xori	x24,x2,958	  x2:0xf5e39895 x24=0xf5e39b2b
      489269000	     24361	80006a84	0ff0000f	fence	iorw,iorw	
      489289000	     24362	80006a88	00eaae33	slt	x28,x21,x14	 x21:0x4001ea74 x14:0x80023ce4 x28=0x00000000
      489569000	     24376	80006a8c	c1c9	c.beqz	x11,80006b0e	 x11:0xffffffff
      489629000	     24379	80006a8e	41b55db3	sra	x27,x10,x27	 x10:0xfffff975 x27:0x8001fe47 x27=0xfffffff2
      489649000	     24380	80006a92	40a18bb3	sub	x23,x3,x10	  x3:0xd77a7cfd x10:0xfffff975 x23=0xd77a8388
      490569000	     24426	80006a96	03196433	rem	x8,x18,x17	 x18:0x00000000 x17:0xffffffdc  x8=0x00000000
      490589000	     24427	80006a9a	0d6e	c.slli	x26,0x1b	 x26:0xffffd914 x26=0xa0000000
      490609000	     24428	80006a9c	84cee6b7	lui	x13,0x84cee	 x13=0x84cee000
      490629000	     24429	80006aa0	0001	c.addi	x0,0	  x0:0x00000000  x0=0x00000000
      490649000	     24430	80006aa2	c8b9	c.beqz	x9,80006af8	  x9:0x00000000
      491309000	     24463	80006af8	0154a1b3	slt	x3,x9,x21	  x9:0x00000000 x21:0x4001ea74  x3=0x00000001
      491349000	     24465	80006afc	02f767b3	rem	x15,x14,x15	 x14:0x80023ce4 x15:0x00000000 x15=0x80023ce4
      491509000	     24473	80006b00	0288e663	bltu	x17,x8,80006b2c	 x17:0xffffffdc  x8:0x00000000
      491529000	     24474	80006b04	804d	c.srli	x8,0x13	  x8:0x00000000  x8=0x00000000
      491689000	     24482	80006b06	03f7a9b3	mulhsu	x19,x15,x31	 x15:0x80023ce4 x31:0x00020007 x19=0xffff0000
      491709000	     24483	80006b0a	454bb2b7	lui	x5,0x454bb	  x5=0x454bb000
      491749000	     24485	80006b0e	0201dbb3	divu	x23,x3,x0	  x3:0x00000001  x0:0x00000000 x23=0xffffffff
      491769000	     24486	80006b12	858d	c.srai	x11,0x3	 x11:0xffffffff x11=0xffffffff
      491789000	     24487	80006b14	0067c5b3	xor	x11,x15,x6	 x15:0x80023ce4  x6:0xf5de519d x11=0x75dc6d79
      492689000	     24532	80006b18	03d1f5b3	remu	x11,x3,x29	  x3:0x00000001 x29:0xa0000000 x11=0x00000001
      492709000	     24533	80006b1c	f010f993	andi	x19,x1,-255	  x1:0xd77a58bf x19=0xd77a5801
      492729000	     24534	80006b20	8c8d	c.sub	x9,x11	  x9:0x00000000 x11:0x00000001  x9=0xffffffff
      493469000	     24571	80006b22	02305d33	divu	x26,x0,x3	  x0:0x00000000  x3:0x00000001 x26=0x00000000
      493489000	     24572	80006b26	9d6a	c.add	x26,x26	 x26:0x00000000 x26:0x00000000 x26=0x00000000
      493509000	     24573	80006b28	0ff0000f	fence	iorw,iorw	
      493529000	     24574	80006b2c	cf99	c.beqz	x15,80006b4a	 x15:0x80023ce4
      493549000	     24575	80006b2e	0ff0000f	fence	iorw,iorw	
      493569000	     24576	80006b32	a6dc6a93	ori	x21,x24,-1427	 x24:0xf5e39b2b x21=0xfffffb6f
      493589000	     24577	80006b36	e291	c.bnez	x13,80006b3a	 x13:0x84cee000
      493649000	     24580	80006b3a	65203e17	auipc	x28,0x65203	 x28=0xe5209b3a
      494129000	     24604	80006b3e	ca824593	xori	x11,x4,-856	  x4:0x050e1d15 x11=0xfaf1e1bd
      494149000	     24605	80006b42	0001	c.addi	x0,0	  x0:0x00000000  x0=0x00000000
      494329000	     24614	80006b44	26d1f813	andi	x16,x3,621	  x3:0x00000001 x16=0x00000001
      494349000	     24615	80006b48	ca81	c.beqz	x13,80006b58	 x13:0x84cee000
      494369000	     24616	80006b4a	81f2	c.mv	x3,x28	  x0:0x00000000 x28:0xe5209b3a  x3=0xe5209b3a
      494389000	     24617	80006b4c	8689	c.srai	x13,0x2	 x13:0x84cee000 x13=0xe133b800
      494409000	     24618	80006b4e	02916363	bltu	x2,x9,80006b74	  x2:0xf5e39895  x9:0xffffffff
      494749000	     24635	80006b74	02aedb63	bge	x29,x10,80006baa	 x29:0xa0000000 x10:0xfffff975
      494929000	     24644	80006b78	017a2233	slt	x4,x20,x23	 x20:0x050e1d15 x23:0xffffffff  x4=0x00000000
      495049000	     24650	80006b7c	00929213	slli	x4,x5,0x9	  x5:0x454bb000  x4=0x97600000
      495149000	     24655	80006b80	416b5913	srai	x18,x22,0x16	 x22:0x00eb3424 x18=0x00000003
      495309000	     24663	80006b84	8c05	c.sub	x8,x9	  x8:0x00000000  x9:0xffffffff  x8=0x00000001
      495329000	     24664	80006b86	d6544b93	xori	x23,x8,-667	  x8:0x00000001 x23=0xfffffd64
      495369000	     24666	80006b8a	028a9433	mulh	x8,x21,x8	 x21:0xfffffb6f  x8:0x00000001  x8=0xffffffff
      495709000	     24683	80006b8e	01c5f463	bgeu	x11,x28,80006b96	 x11:0xfaf1e1bd x28:0xe5209b3a
      497289000	     24762	80006b96	00f00b63	beq	x0,x15,80006bac	  x0:0x00000000 x15:0x80023ce4
      497309000	     24763	80006b9a	01930963	beq	x6,x25,80006bac	  x6:0xf5de519d x25:0x00000001
      527629000	     26279	80006b9e	017bc1b3	xor	x3,x23,x23	 x23:0xfffffd64 x23:0xfffffd64  x3=0x00000000
      527649000	     26280	80006ba2	0971	c.addi	x18,28	 x18:0x00000003 x18=0x0000001f
      527669000	     26281	80006ba4	011ced33	or	x26,x25,x17	 x25:0x00000001 x17:0xffffffdc x26=0xffffffdd
      527689000	     26282	80006ba8	0c92	c.slli	x25,0x4	 x25:0x00000001 x25=0x00000010
      527709000	     26283	80006baa	8fa9	c.xor	x15,x10	 x15:0x80023ce4 x10:0xfffff975 x15=0x7ffdc591
      527729000	     26284	80006bac	01365a33	srl	x20,x12,x19	 x12:0x8001fe4c x19:0xd77a5801 x20=0x4000ff26
      527749000	     26285	80006bb0	8cf9	c.and	x9,x14	  x9:0xffffffff x14:0x80023ce4  x9=0x80023ce4
      527769000	     26286	80006bb2	41b30a33	sub	x20,x6,x27	  x6:0xf5de519d x27:0xfffffff2 x20=0xf5de51ab
      527789000	     26287	80006bb6	00a139b3	sltu	x19,x2,x10	  x2:0xf5e39895 x10:0xfffff975 x19=0x00000001
      527809000	     26288	80006bba	012e1533	sll	x10,x28,x18	 x28:0xe5209b3a x18:0x0000001f x10=0x00000000
      527849000	     26290	80006bbe	03013533	mulhu	x10,x2,x16	  x2:0xf5e39895 x16:0x00000001 x10=0x00000000
      527869000	     26291	80006bc2	443d	c.li	x8,15	  x8=0x0000000f
      528049000	     26300	80006bc4	027f2433	mulhsu	x8,x30,x7	 x30:0x00000044  x7:0x00000000  x8=0x00000000
      528149000	     26305	80006bc8	dd7e3313	sltiu	x6,x28,-553	 x28:0xe5209b3a  x6=0x00000001
      528229000	     26309	80006bcc	8e9a	c.mv	x29,x6	  x0:0x00000000  x6:0x00000001 x29=0x00000001
      528249000	     26310	80006bce	6c85	c.lui	x25,0x1	 x25=0x00001000
      528269000	     26311	80006bd0	8dfd	c.and	x11,x15	 x11:0xfaf1e1bd x15:0x7ffdc591 x11=0x7af1c191
      528289000	     26312	80006bd2	847d	c.srai	x8,0x1f	  x8:0x00000000  x8=0x00000000
      528469000	     26321	80006bd4	0ff0000f	fence	iorw,iorw	
      529209000	     26358	80006bd8	022557b3	divu	x15,x10,x2	 x10:0x00000000  x2:0xf5e39895 x15=0x00000000
      529229000	     26359	80006bdc	41ba5bb3	sra	x23,x20,x27	 x20:0xf5de51ab x27:0xfffffff2 x23=0xfffffd77
      529969000	     26396	80006be0	02e06933	rem	x18,x0,x14	  x0:0x00000000 x14:0x80023ce4 x18=0x00000000
      530009000	     26398	80006be4	038aba33	mulhu	x20,x21,x24	 x21:0xfffffb6f x24:0xf5e39b2b x20=0xf5e396c8
      530029000	     26399	80006be8	1dd64b93	xori	x23,x12,477	 x12:0x8001fe4c x23=0x8001ff91
      530049000	     26400	80006bec	06ea	c.slli	x13,0x1a	 x13:0xe133b800 x13=0x00000000
      530789000	     26437	80006bee	039d7bb3	remu	x23,x26,x25	 x26:0xffffffdd x25:0x00001000 x23=0x00000fdd
      530809000	     26438	80006bf2	03c000ef	jal	x1,80006c2e	  x1=0x80006bf6
      531069000	     26451	80006c2e	fd9ff0ef	jal	x1,80006c06	  x1=0x80006c32
      532309000	     26513	80006c06	022000ef	jal	x1,80006c28	  x1=0x80006c0a
      532349000	     26515	80006c28	004001ef	jal	x3,80006c2c	  x3=0x80006c2c
      532509000	     26523	80006c2c	bfd9	c.j	80006c02	
      532589000	     26527	80006c02	0200026f	jal	x4,80006c22	  x4=0x80006c06
      533169000	     26556	80006c22	bff1	c.j	80006bfe	
      533209000	     26558	80006bfe	2821	c.jal	80006c16	  x1=0x80006c00
      533249000	     26560	80006c16	b7c5	c.j	80006bf6	
      533309000	     26563	80006bf6	0060036f	jal	x6,80006bfc	  x6=0x80006bfa
      533369000	     26566	80006bfc	202d	c.jal	80006c26	  x1=0x80006bfe
      533849000	     26590	80006c26	bfcd	c.j	80006c18	
      533889000	     26592	80006c18	01e0036f	jal	x6,80006c36	  x6=0x80006c1c
      533969000	     26596	80006c36	fefff0ef	jal	x1,80006c24	  x1=0x80006c3a
      534009000	     26598	80006c24	bfc5	c.j	80006c14	
      534049000	     26600	80006c14	bffd	c.j	80006c12	
      534089000	     26602	80006c12	3ffd	c.jal	80006c10	  x1=0x80006c14
      534129000	     26604	80006c10	b7ed	c.j	80006bfa	
      534169000	     26606	80006bfa	a801	c.j	80006c0a	
      534209000	     26608	80006c0a	a011	c.j	80006c0e	
      534249000	     26610	80006c0e	a015	c.j	80006c32	
      534309000	     26613	80006c32	fdbff26f	jal	x4,80006c0c	  x4=0x80006c36
      534369000	     26616	80006c0c	a801	c.j	80006c1c	
      534409000	     26618	80006c1c	37d5	c.jal	80006c00	  x1=0x80006c1e
      534449000	     26620	80006c00	2839	c.jal	80006c1e	  x1=0x80006c02
      534509000	     26623	80006c1e	01c000ef	jal	x1,80006c3a	  x1=0x80006c22
      534569000	     26626	80006c3a	8c46	c.mv	x24,x17	  x0:0x00000000 x17:0xffffffdc x24=0xffffffdc
      534589000	     26627	80006c3c	73b07437	lui	x8,0x73b07	  x8=0x73b07000
      534609000	     26628	80006c40	e09d	c.bnez	x9,80006c66	  x9:0x80023ce4
      534889000	     26642	80006c66	8f81	c.sub	x15,x8	 x15:0x00000000  x8:0x73b07000 x15=0x8c4f9000
      534989000	     26647	80006c68	8e99	c.sub	x13,x14	 x13:0x00000000 x14:0x80023ce4 x13=0x7ffdc31c
      535729000	     26684	80006c6a	036244b3	div	x9,x4,x22	  x4:0x80006c36 x22:0x00eb3424  x9=0xffffff75
      535749000	     26685	80006c6e	0a51	c.addi	x20,20	 x20:0xf5e396c8 x20=0xf5e396dc
      536489000	     26722	80006c70	02be4fb3	div	x31,x28,x11	 x28:0xe5209b3a x11:0x7af1c191 x31=0x00000000
      536509000	     26723	80006c74	0a7d	c.addi	x20,31	 x20:0xf5e396dc x20=0xf5e396fb
      536529000	     26724	80006c76	40945313	srai	x6,x8,0x9	  x8:0x73b07000  x6=0x0039d838
      536549000	     26725	80006c7a	64dd92b7	lui	x5,0x64dd9	  x5=0x64dd9000
      536569000	     26726	80006c7e	fa0c4893	xori	x17,x24,-96	 x24:0xffffffdc x17=0x0000007c
      536589000	     26727	80006c82	00f84c33	xor	x24,x16,x15	 x16:0x00000001 x15:0x8c4f9000 x24=0x8c4f9001
      536609000	     26728	80006c86	c5a9	c.beqz	x11,80006cd0	 x11:0x7af1c191
      536629000	     26729	80006c88	ea91	c.bnez	x13,80006c9c	 x13:0x7ffdc31c
      537749000	     26785	80006c9c	012c9213	slli	x4,x25,0x12	 x25:0x00001000  x4=0x40000000
      537789000	     26787	80006ca0	002e8e63	beq	x29,x2,80006cbc	 x29:0x00000001  x2:0xf5e39895
      538209000	     26808	80006ca4	01fb94b3	sll	x9,x23,x31	 x23:0x00000fdd x31:0x00000000  x9=0x00000fdd
      538349000	     26815	80006ca8	f2466093	ori	x1,x12,-220	 x12:0x8001fe4c  x1=0xffffff6c
      538469000	     26821	80006cac	006eacb3	slt	x25,x29,x6	 x29:0x00000001  x6:0x0039d838 x25=0x00000001
      538869000	     26841	80006cb0	41b48833	sub	x16,x9,x27	  x9:0x00000fdd x27:0xfffffff2 x16=0x00000feb
      538949000	     26845	80006cb4	010b9463	bne	x23,x16,80006cbc	 x23:0x00000fdd x16:0x00000feb
      539249000	     26860	80006cbc	bb58ee13	ori	x28,x17,-1099	 x17:0x0000007c x28=0xfffffbfd
      539529000	     26874	80006cc0	014f80b3	add	x1,x31,x20	 x31:0x00000000 x20:0xf5e396fb  x1=0xf5e396fb
      539949000	     26895	80006cc4	00887bb3	and	x23,x16,x8	 x16:0x00000feb  x8:0x73b07000 x23=0x00000000
      539969000	     26896	80006cc8	01165793	srli	x15,x12,0x11	 x12:0x8001fe4c x15=0x00004000
      539989000	     26897	80006ccc	41918bb3	sub	x23,x3,x25	  x3:0x80006c2c x25:0x00000001 x23=0x80006c2b
      540009000	     26898	80006cd0	e7da7493	andi	x9,x20,-387	 x20:0xf5e396fb  x9=0xf5e39679
      540029000	     26899	80006cd4	413b5233	sra	x4,x22,x19	 x22:0x00eb3424 x19:0x00000001  x4=0x00759a12
      540089000	     26902	80006cd8	ec81	c.bnez	x9,80006cf0	  x9:0xf5e39679
      540889000	     26942	80006cf0	010a5763	bge	x20,x16,80006cfe	 x20:0xf5e396fb x16:0x00000feb
      541309000	     26963	80006cf4	841a	c.mv	x8,x6	  x0:0x00000000  x6:0x0039d838  x8=0x0039d838
      541329000	     26964	80006cf6	00f37833	and	x16,x6,x15	  x6:0x0039d838 x15:0x00004000 x16=0x00004000
      541349000	     26965	80006cfa	022a6363	bltu	x20,x2,80006d20	 x20:0xf5e396fb  x2:0xf5e39895
      541809000	     26988	80006d20	022f8663	beq	x31,x2,80006d4c	 x31:0x00000000  x2:0xf5e39895
      541829000	     26989	80006d24	01f67b63	bgeu	x12,x31,80006d3a	 x12:0x8001fe4c x31:0x00000000
      542509000	     27023	80006d3a	18fd	c.addi	x17,-1	 x17:0x0000007c x17=0x0000007b
      542549000	     27025	80006d3c	01f20e33	add	x28,x4,x31	  x4:0x00759a12 x31:0x00000000 x28=0x00759a12
      542969000	     27046	80006d40	a9086313	ori	x6,x16,-1392	 x16:0x00004000  x6=0xfffffa90
      544109000	     27103	80006d44	035e72b3	remu	x5,x28,x21	 x28:0x00759a12 x21:0xfffffb6f  x5=0x00759a12
      544129000	     27104	80006d48	02081163	bne	x16,x0,80006d6a	 x16:0x00004000  x0:0x00000000
      544409000	     27118	80006d6a	0e1a	c.slli	x28,0x6	 x28:0x00759a12 x28=0x1d668480
      544429000	     27119	80006d6c	6a89	c.lui	x21,0x2	 x21=0x00002000
      544449000	     27120	80006d6e	8de1	c.and	x11,x8	 x11:0x7af1c191  x8:0x0039d838 x11=0x0031c010
      544669000	     27131	80006d70	40c5d5b3	sra	x11,x11,x12	 x11:0x0031c010 x12:0x8001fe4c x11=0x0000031c
      544709000	     27133	80006d74	0001	c.addi	x0,0	  x0:0x00000000  x0=0x00000000
      544729000	     27134	80006d76	411d5a33	sra	x20,x26,x17	 x26:0xffffffdd x17:0x0000007b x20=0xffffffff
      544829000	     27139	80006d7a	0349c763	blt	x19,x20,80006da8	 x19:0x00000001 x20:0xffffffff
      544969000	     27146	80006d7e	01165463	bge	x12,x17,80006d86	 x12:0x8001fe4c x17:0x0000007b
      544989000	     27147	80006d82	00589cb3	sll	x25,x17,x5	 x17:0x0000007b  x5:0x00759a12 x25=0x01ec0000
      545009000	     27148	80006d86	4abd	c.li	x21,15	 x21=0x0000000f
      545409000	     27168	80006d88	01d27db3	and	x27,x4,x29	  x4:0x00759a12 x29:0x00000001 x27=0x00000000
      545469000	     27171	80006d8c	033a8363	beq	x21,x19,80006db2	 x21:0x0000000f x19:0x00000001
      545489000	     27172	80006d90	9b5c3993	sltiu	x19,x24,-1611	 x24:0x8c4f9001 x19=0x00000001
      545509000	     27173	80006d94	006bbe33	sltu	x28,x23,x6	 x23:0x80006c2b  x6:0xfffffa90 x28=0x00000001
      545709000	     27183	80006d98	015608b3	add	x17,x12,x21	 x12:0x8001fe4c x21:0x0000000f x17=0x8001fe5b
      545729000	     27184	80006d9c	0ff0000f	fence	iorw,iorw	
      545969000	     27196	80006da0	015c62b3	or	x5,x24,x21	 x24:0x8c4f9001 x21:0x0000000f  x5=0x8c4f900f
      545989000	     27197	80006da4	40685d93	srai	x27,x16,0x6	 x16:0x00004000 x27=0x00000100
      546029000	     27199	80006da8	7e7d0413	addi	x8,x26,2023	 x26:0xffffffdd  x8=0x000007c4
      546949000	     27245	80006dac	031b6d33	rem	x26,x22,x17	 x22:0x00eb3424 x17:0x8001fe5b x26=0x00eb3424
      546969000	     27246	80006db0	0c76	c.slli	x24,0x1d	 x24:0x8c4f9001 x24=0x20000000
      546989000	     27247	80006db2	37290913	addi	x18,x18,882	 x18:0x00000000 x18=0x00000372
      547009000	     27248	80006db6	0000100f	fence.i	
      547209000	     27258	80006dba	60e5	c.lui	x1,0x19	  x1=0x00019000
      547229000	     27259	80006dbc	0000100f	fence.i	
      547329000	     27264	80006dc0	987d	c.andi	x8,-1	  x8:0x000007c4  x8=0x000007c4
      547349000	     27265	80006dc2	8c6d	c.and	x8,x11	  x8:0x000007c4 x11:0x0000031c  x8=0x00000304
      547369000	     27266	80006dc4	0000100f	fence.i	
      547969000	     27296	80006dc8	df424d93	xori	x27,x4,-524	  x4:0x00759a12 x27=0xff8a67e6
      548149000	     27305	80006dcc	8471	c.srai	x8,0x1c	  x8:0x00000304  x8=0x00000000
      548169000	     27306	80006dce	02640e33	mul	x28,x8,x6	  x8:0x00000000  x6:0xfffffa90 x28=0x00000000
      548609000	     27328	80006dd2	0362a233	mulhsu	x4,x5,x22	  x5:0x8c4f900f x22:0x00eb3424  x4=0xff95b579
      548629000	     27329	80006dd6	c295	c.beqz	x13,80006dfa	 x13:0x7ffdc31c
      548649000	     27330	80006dd8	0c56	c.slli	x24,0x15	 x24:0x20000000 x24=0x00000000
      548669000	     27331	80006dda	50288293	addi	x5,x17,1282	 x17:0x8001fe5b  x5=0x8002035d
      548689000	     27332	80006dde	8d7e	c.mv	x26,x31	  x0:0x00000000 x31:0x00000000 x26=0x00000000
      548709000	     27333	80006de0	6a45	c.lui	x20,0x11	 x20=0x00011000
      548729000	     27334	80006de2	8fce	c.mv	x31,x19	  x0:0x00000000 x19:0x00000001 x31=0x00000001
      548749000	     27335	80006de4	53757813	andi	x16,x10,1335	 x10:0x00000000 x16=0x00000000
      548769000	     27336	80006de8	8039	c.srli	x8,0xe	  x8:0x00000000  x8=0x00000000
      548789000	     27337	80006dea	0b8e	c.slli	x23,0x3	 x23:0x80006c2b x23=0x00036158
      548869000	     27341	80006dec	0001	c.addi	x0,0	  x0:0x00000000  x0=0x00000000
      548889000	     27342	80006dee	3f0ae793	ori	x15,x21,1008	 x21:0x0000000f x15=0x000003ff
      548909000	     27343	80006df2	4012da13	srai	x20,x5,0x1	  x5:0x8002035d x20=0xc00101ae
      549089000	     27352	80006df6	b1caeb13	ori	x22,x21,-1252	 x21:0x0000000f x22=0xfffffb1f
      549109000	     27353	80006dfa	0001	c.addi	x0,0	  x0:0x00000000  x0=0x00000000
      551349000	     27465	80006dfc	030c40b3	div	x1,x24,x16	 x24:0x00000000 x16:0x00000000  x1=0xffffffff
      551369000	     27466	80006e00	41aa5393	srai	x7,x20,0x1a	 x20:0xc00101ae  x7=0xfffffff0
      552109000	     27503	80006e04	03d0d8b3	divu	x17,x1,x29	  x1:0xffffffff x29:0x00000001 x17=0xffffffff
      552149000	     27505	80006e08	03ce22b3	mulhsu	x5,x28,x28	 x28:0x00000000 x28:0x00000000  x5=0x00000000
      552169000	     27506	80006e0c	ec81	c.bnez	x9,80006e24	  x9:0xf5e39679
      552429000	     27519	80006e24	01544c63	blt	x8,x21,80006e3c	  x8:0x00000000 x21:0x0000000f
      553409000	     27568	80006e3c	8ccd	c.or	x9,x11	  x9:0xf5e39679 x11:0x0000031c  x9=0xf5e3977d
      553429000	     27569	80006e3e	01396e33	or	x28,x18,x19	 x18:0x00000372 x19:0x00000001 x28=0x00000373
      553449000	     27570	80006e42	b1e18997	auipc	x19,0xb1e18	 x19=0x31e1ee42
      553469000	     27571	80006e46	0ff0000f	fence	iorw,iorw	
      553509000	     27573	80006e4a	012779b3	and	x19,x14,x18	 x14:0x80023ce4 x18:0x00000372 x19=0x00000060
      553529000	     27574	80006e4e	0286	c.slli	x5,0x1	  x5:0x00000000  x5=0x00000000
      553549000	     27575	80006e50	007ac033	xor	x0,x21,x7	 x21:0x0000000f  x7:0xfffffff0  x0=0x00000000
      553569000	     27576	80006e54	06b9d363	bge	x19,x11,80006eba	 x19:0x00000060 x11:0x0000031c
      553789000	     27587	80006e58	01dbd593	srli	x11,x23,0x1d	 x23:0x00036158 x11=0x00000000
      553809000	     27588	80006e5c	0557c763	blt	x15,x21,80006eaa	 x15:0x000003ff x21:0x0000000f
      553889000	     27592	80006e60	0ff0000f	fence	iorw,iorw	
      554089000	     27602	80006e64	8dbd	c.xor	x11,x15	 x11:0x00000000 x15:0x000003ff x11=0x000003ff
      554109000	     27603	80006e66	01e89d13	slli	x26,x17,0x1e	 x17:0xffffffff x26=0xc0000000
      554229000	     27609	80006e6a	415f5693	srai	x13,x30,0x15	 x30:0x00000044 x13=0x00000000
      554249000	     27610	80006e6e	00e000ef	jal	x1,80006e7c	  x1=0x80006e72
      554469000	     27621	80006e7c	010000ef	jal	x1,80006e8c	  x1=0x80006e80
      554769000	     27636	80006e8c	fe9ff5ef	jal	x11,80006e74	 x11=0x80006e90
      554829000	     27639	80006e74	3ffd	c.jal	80006e72	  x1=0x80006e76
      554889000	     27642	80006e72	a011	c.j	80006e76	
      554969000	     27646	80006e76	0100036f	jal	x6,80006e86	  x6=0x80006e7a
      555029000	     27649	80006e86	004000ef	jal	x1,80006e8a	  x1=0x80006e8a
      555089000	     27652	80006e8a	bfed	c.j	80006e84	
      555149000	     27655	80006e84	3fdd	c.jal	80006e7a	  x1=0x80006e86
      555189000	     27657	80006e7a	a819	c.j	80006e90	
      555229000	     27659	80006e90	ff1ff36f	jal	x6,80006e80	  x6=0x80006e94
      555269000	     27661	80006e80	014000ef	jal	x1,80006e94	  x1=0x80006e84
      555309000	     27663	80006e94	0040036f	jal	x6,80006e98	  x6=0x80006e98
      555349000	     27665	80006e98	a009	c.j	80006e9a	
      555429000	     27669	80006e9a	b5c7b193	sltiu	x3,x15,-1188	 x15:0x000003ff  x3=0x00000001
      556089000	     27702	80006e9e	01401f33	sll	x30,x0,x20	  x0:0x00000000 x20:0xc00101ae x30=0x00000000
      556149000	     27705	80006ea2	02865db3	divu	x27,x12,x8	 x12:0x8001fe4c  x8:0x00000000 x27=0xffffffff
      556549000	     27725	80006ea6	00ae2833	slt	x16,x28,x10	 x28:0x00000373 x10:0x00000000 x16=0x00000000
      556589000	     27727	80006eaa	022b9e33	mulh	x28,x23,x2	 x23:0x00036158  x2:0xf5e39895 x28=0xffffddd2
      556609000	     27728	80006eae	9b06	c.add	x22,x1	 x22:0xfffffb1f  x1:0x80006e84 x22=0x800069a3
      556729000	     27734	80006eb0	8222	c.mv	x4,x8	  x0:0x00000000  x8:0x00000000  x4=0x00000000
      557869000	     27791	80006eb2	02b54533	div	x10,x10,x11	 x10:0x00000000 x11:0x80006e90 x10=0x00000000
      557889000	     27792	80006eb6	0007fbb3	and	x23,x15,x0	 x15:0x000003ff  x0:0x00000000 x23=0x00000000
      557909000	     27793	80006eba	8dd9	c.or	x11,x14	 x11:0x80006e90 x14:0x80023ce4 x11=0x80027ef4
      557929000	     27794	80006ebc	41985db3	sra	x27,x16,x25	 x16:0x00000000 x25:0x01ec0000 x27=0x00000000
      557949000	     27795	80006ec0	0001	c.addi	x0,0	  x0:0x00000000  x0=0x00000000
      557969000	     27796	80006ec2	09ae	c.slli	x19,0xb	 x19:0x00000060 x19=0x00030000
      557989000	     27797	80006ec4	412dd793	srai	x15,x27,0x12	 x27:0x00000000 x15=0x00000000
      558009000	     27798	80006ec8	e699	c.bnez	x13,80006ed6	 x13:0x00000000
      558029000	     27799	80006eca	017d9c93	slli	x25,x27,0x17	 x27:0x00000000 x25=0x00000000
      558229000	     27809	80006ece	002222b3	slt	x5,x4,x2	  x4:0x00000000  x2:0xf5e39895  x5=0x00000000
      558369000	     27816	80006ed2	009a3833	sltu	x16,x20,x9	 x20:0xc00101ae  x9:0xf5e3977d x16=0x00000001
      558789000	     27837	80006ed6	410156b3	sra	x13,x2,x16	  x2:0xf5e39895 x16:0x00000001 x13=0xfaf1cc4a
      558809000	     27838	80006eda	8bd5	c.andi	x15,21	 x15:0x00000000 x15=0x00000000
      558829000	     27839	80006edc	cd11	c.beqz	x10,80006ef8	 x10:0x00000000
      559229000	     27859	80006ef8	4c84c093	xori	x1,x9,1224	  x9:0xf5e3977d  x1=0xf5e393b5
      559469000	     27871	80006efc	0118e1b3	or	x3,x17,x17	 x17:0xffffffff x17:0xffffffff  x3=0xffffffff
      559709000	     27883	80006f00	00e01b93	slli	x23,x0,0xe	  x0:0x00000000 x23=0x00000000
      559729000	     27884	80006f04	940a	c.add	x8,x2	  x8:0x00000000  x2:0xf5e39895  x8=0xf5e39895
      560869000	     27941	80006f06	0278ceb3	div	x29,x17,x7	 x17:0xffffffff  x7:0xfffffff0 x29=0x00000000
      560889000	     27942	80006f0a	0000100f	fence.i	
      560969000	     27946	80006f0e	e28d	c.bnez	x13,80006f30	 x13:0xfaf1cc4a
      561729000	     27984	80006f30	0354e333	rem	x6,x9,x21	  x9:0xf5e3977d x21:0x0000000f  x6=0xfffffffd
      561749000	     27985	80006f34	016d1a13	slli	x20,x26,0x16	 x26:0xc0000000 x20=0x00000000
      561809000	     27988	80006f38	8c71	c.and	x8,x12	  x8:0xf5e39895 x12:0x8001fe4c  x8=0x80019804
      561829000	     27989	80006f3a	41e45f13	srai	x30,x8,0x1e	  x8:0x80019804 x30=0xfffffffe
      561849000	     27990	80006f3e	01a1db33	srl	x22,x3,x26	  x3:0xffffffff x26:0xc0000000 x22=0xffffffff
      561869000	     27991	80006f42	1dfd	c.addi	x27,-1	 x27:0x00000000 x27=0xffffffff
      561909000	     27993	80006f44	0001	c.addi	x0,0	  x0:0x00000000  x0=0x00000000
      562009000	     27998	80006f46	01a55413	srli	x8,x10,0x1a	 x10:0x00000000  x8=0x00000000
      562349000	     28015	80006f4a	0ff0000f	fence	iorw,iorw	
      562509000	     28023	80006f4e	06868597	auipc	x11,0x6868	 x11=0x8686ef4e
      562529000	     28024	80006f52	0001	c.addi	x0,0	  x0:0x00000000  x0=0x00000000
      563269000	     28061	80006f54	030de1b3	rem	x3,x27,x16	 x27:0xffffffff x16:0x00000001  x3=0x00000000
      563289000	     28062	80006f58	3bd70c37	lui	x24,0x3bd70	 x24=0x3bd70000
      563309000	     28063	80006f5c	00597463	bgeu	x18,x5,80006f64	 x18:0x00000372  x5:0x00000000
      563389000	     28067	80006f64	0155f2b3	and	x5,x11,x21	 x11:0x8686ef4e x21:0x0000000f  x5=0x0000000e
      563409000	     28068	80006f68	014e2433	slt	x8,x28,x20	 x28:0xffffddd2 x20:0x00000000  x8=0x00000001
      563449000	     28070	80006f6c	d162f393	andi	x7,x5,-746	  x5:0x0000000e  x7=0x00000006
      563869000	     28091	80006f70	00667963	bgeu	x12,x6,80006f82	 x12:0x8001fe4c  x6:0xfffffffd
      563889000	     28092	80006f74	40665b93	srai	x23,x12,0x6	 x12:0x8001fe4c x23=0xfe0007f9
      563909000	     28093	80006f78	018d	c.addi	x3,3	  x3:0x00000000  x3=0x00000003
      564329000	     28114	80006f7a	06b2e993	ori	x19,x5,107	  x5:0x0000000e x19=0x0000006f
      564349000	     28115	80006f7e	83bd	c.srli	x15,0xf	 x15:0x00000000 x15=0x00000000
      564489000	     28122	80006f80	1e7d	c.addi	x28,-1	 x28:0xffffddd2 x28=0xffffddd1
      564629000	     28129	80006f82	03095563	bge	x18,x16,80006fac	 x18:0x00000372 x16:0x00000001
      565489000	     28172	80006fac	816d	c.srli	x10,0x1b	 x10:0x00000000 x10=0x00000000
      566229000	     28209	80006fae	0332fc33	remu	x24,x5,x19	  x5:0x0000000e x19:0x0000006f x24=0x0000000e
      566249000	     28210	80006fb2	05c2	c.slli	x11,0x10	 x11:0x8686ef4e x11=0xef4e0000
      566269000	     28211	80006fb4	6fa9	c.lui	x31,0xa	 x31=0x0000a000
      566289000	     28212	80006fb6	036e	c.slli	x6,0x1b	  x6:0xfffffffd  x6=0xe8000000
      566309000	     28213	80006fb8	80f9	c.srli	x9,0x1e	  x9:0xf5e3977d  x9=0x00000003
      566329000	     28214	80006fba	9d76	c.add	x26,x29	 x26:0xc0000000 x29:0x00000000 x26=0xc0000000
      566369000	     28216	80006fbc	02a9b0b3	mulhu	x1,x19,x10	 x19:0x0000006f x10:0x00000000  x1=0x00000000
      566389000	     28217	80006fc0	05f08763	beq	x1,x31,8000700e	  x1:0x00000000 x31:0x0000a000
      566409000	     28218	80006fc4	049ef663	bgeu	x29,x9,80007010	 x29:0x00000000  x9:0x00000003
      566429000	     28219	80006fc8	02d501b3	mul	x3,x10,x13	 x10:0x00000000 x13:0xfaf1cc4a  x3=0x00000000
      566809000	     28238	80006fcc	004000ef	jal	x1,80006fd0	  x1=0x80006fd0
      567469000	     28271	80006fd0	a011	c.j	80006fd4	
      567509000	     28273	80006fd4	2801	c.jal	80006fe4	  x1=0x80006fd6
      568109000	     28303	80006fe4	2801	c.jal	80006ff4	  x1=0x80006fe6
      568809000	     28338	80006ff4	bffd	c.j	80006ff2	
      569789000	     28387	80006ff2	bfe5	c.j	80006fea	
      569849000	     28390	80006fea	ff7ff0ef	jal	x1,80006fe0	  x1=0x80006fee
      570229000	     28409	80006fe0	ff3ff0ef	jal	x1,80006fd2	  x1=0x80006fe4
      570289000	     28412	80006fd2	a019	c.j	80006fd8	
      570349000	     28415	80006fd8	00e0036f	jal	x6,80006fe6	  x6=0x80006fdc
      570469000	     28421	80006fe6	01200e6f	jal	x28,80006ff8	 x28=0x80006fea
      570529000	     28424	80006ff8	fffff3ef	jal	x7,80006ff6	  x7=0x80006ffc
      570589000	     28427	80006ff6	bfe5	c.j	80006fee	
      570649000	     28430	80006fee	37e5	c.jal	80006fd6	  x1=0x80006ff0
      570709000	     28433	80006fd6	2829	c.jal	80006ff0	  x1=0x80006fd8
      570769000	     28436	80006ff0	37f5	c.jal	80006fdc	  x1=0x80006ff2
      570829000	     28439	80006fdc	020000ef	jal	x1,80006ffc	  x1=0x80006fe0
      570889000	     28442	80006ffc	416bdf13	srai	x30,x23,0x16	 x23:0xfe0007f9 x30=0xfffffff8
      570949000	     28445	80007000	009ee793	ori	x15,x29,9	 x29:0x00000000 x15=0x00000009
      570969000	     28446	80007004	9a40a393	slti	x7,x1,-1628	  x1:0x80006fe0  x7=0x00000001
      571109000	     28453	80007008	0000100f	fence.i	
      571769000	     28486	8000700c	e19d	c.bnez	x11,80007032	 x11:0xef4e0000
      572269000	     28511	80007032	eefe3b13	sltiu	x22,x28,-273	 x28:0x80006fea x22=0x00000001
      572289000	     28512	80007036	8392	c.mv	x7,x4	  x0:0x00000000  x4:0x00000000  x7=0x00000000
      572309000	     28513	80007038	403ed9b3	sra	x19,x29,x3	 x29:0x00000000  x3:0x00000000 x19=0x00000000
      572389000	     28517	8000703c	02b07363	bgeu	x0,x11,80007062	  x0:0x00000000 x11:0xef4e0000
      572689000	     28532	80007040	0001	c.addi	x0,0	  x0:0x00000000  x0=0x00000000
      572729000	     28534	80007042	0be3f993	andi	x19,x7,190	  x7:0x00000000 x19=0x00000000
      572869000	     28541	80007046	01ebe1b3	or	x3,x23,x30	 x23:0xfe0007f9 x30:0xfffffff8  x3=0xfffffff9
      572889000	     28542	8000704a	01fc5ab3	srl	x21,x24,x31	 x24:0x0000000e x31:0x0000a000 x21=0x0000000e
      573229000	     28559	8000704e	010dc7b3	xor	x15,x27,x16	 x27:0xffffffff x16:0x00000001 x15=0xfffffffe
      573989000	     28597	80007052	03e979b3	remu	x19,x18,x30	 x18:0x00000372 x30:0xfffffff8 x19=0x00000372
      574009000	     28598	80007056	00e49813	slli	x16,x9,0xe	  x9:0x00000003 x16=0x0000c000
      574029000	     28599	8000705a	1f6bdc37	lui	x24,0x1f6bd	 x24=0x1f6bd000
      574069000	     28601	8000705e	02ffb333	mulhu	x6,x31,x15	 x31:0x0000a000 x15:0xfffffffe  x6=0x00009fff
      574109000	     28603	80007062	02e234b3	mulhu	x9,x4,x14	  x4:0x00000000 x14:0x80023ce4  x9=0x00000000
      574129000	     28604	80007066	01731f33	sll	x30,x6,x23	  x6:0x00009fff x23:0xfe0007f9 x30=0xfe000000
      574149000	     28605	8000706a	82d9	c.srli	x13,0x16	 x13:0xfaf1cc4a x13=0x000003eb
      574169000	     28606	8000706c	aa632d93	slti	x27,x6,-1370	  x6:0x00009fff x27=0x00000000
      574189000	     28607	80007070	4e8d	c.li	x29,3	 x29=0x00000003
      574249000	     28610	80007072	2ce63413	sltiu	x8,x12,718	 x12:0x8001fe4c  x8=0x00000000
      575069000	     28651	80007076	037871b3	remu	x3,x16,x23	 x16:0x0000c000 x23:0xfe0007f9  x3=0x0000c000
      575089000	     28652	8000707a	08a1	c.addi	x17,8	 x17:0xffffffff x17=0x00000007
      575109000	     28653	8000707c	cc91	c.beqz	x9,80007098	  x9:0x00000000
      575609000	     28678	80007098	037a	c.slli	x6,0x1e	  x6:0x00009fff  x6=0xc0000000
      576029000	     28699	8000709a	0075d263	bge	x11,x7,8000709e	 x11:0xef4e0000  x7:0x00000000
      576449000	     28720	8000709e	006c68b3	or	x17,x24,x6	 x24:0x1f6bd000  x6:0xc0000000 x17=0xdf6bd000
      576629000	     28729	800070a2	00497b63	bgeu	x18,x4,800070b8	 x18:0x00000372  x4:0x00000000
      577869000	     28791	800070b8	8fb9	c.xor	x15,x14	 x15:0xfffffffe x14:0x80023ce4 x15=0x7ffdc31a
      577889000	     28792	800070ba	73966013	ori	x0,x12,1849	 x12:0x8001fe4c  x0=0x00000000
      578029000	     28799	800070be	01bd0363	beq	x26,x27,800070c4	 x26:0xc0000000 x27:0x00000000
      578049000	     28800	800070c2	8879	c.andi	x8,30	  x8:0x00000000  x8=0x00000000
      578449000	     28820	800070c4	98a6	c.add	x17,x9	 x17:0xdf6bd000  x9:0x00000000 x17=0xdf6bd000
      578469000	     28821	800070c6	30b0bc13	sltiu	x24,x1,779	  x1:0x80006fe0 x24=0x00000000
      578489000	     28822	800070ca	01c31db3	sll	x27,x6,x28	  x6:0xc0000000 x28:0x80006fea x27=0x00000000
      578509000	     28823	800070ce	8de5	c.and	x11,x9	 x11:0xef4e0000  x9:0x00000000 x11=0x00000000
      578529000	     28824	800070d0	024a0c33	mul	x24,x20,x4	 x20:0x00000000  x4:0x00000000 x24=0x00000000
      578569000	     28826	800070d4	02019233	mulh	x4,x3,x0	  x3:0x0000c000  x0:0x00000000  x4=0x00000000
      578589000	     28827	800070d8	038bda63	bge	x23,x24,8000710c	 x23:0xfe0007f9 x24:0x00000000
      578609000	     28828	800070dc	005df033	and	x0,x27,x5	 x27:0x00000000  x5:0x0000000e  x0=0x00000000
      578669000	     28831	800070e0	0130bc33	sltu	x24,x1,x19	  x1:0x80006fe0 x19:0x00000372 x24=0x00000000
      578689000	     28832	800070e4	0001	c.addi	x0,0	  x0:0x00000000  x0=0x00000000
      578709000	     28833	800070e6	008150b3	srl	x1,x2,x8	  x2:0xf5e39895  x8:0x00000000  x1=0xf5e39895
      578889000	     28842	800070ea	00607b33	and	x22,x0,x6	  x0:0x00000000  x6:0xc0000000 x22=0x00000000
      578909000	     28843	800070ee	041e	c.slli	x8,0x7	  x8:0x00000000  x8=0x00000000
      579309000	     28863	800070f0	255eec93	ori	x25,x29,597	 x29:0x00000003 x25=0x00000257
      579329000	     28864	800070f4	8ff90393	addi	x7,x18,-1793	 x18:0x00000372  x7=0xfffffc71
      579369000	     28866	800070f8	02729933	mulh	x18,x5,x7	  x5:0x0000000e  x7:0xfffffc71 x18=0xffffffff
      580269000	     28911	800070fc	02e6c8b3	div	x17,x13,x14	 x13:0x000003eb x14:0x80023ce4 x17=0x00000000
      580289000	     28912	80007100	3b2e6317	auipc	x6,0x3b2e6	  x6=0xbb2ed100
      580309000	     28913	80007104	0108dc33	srl	x24,x17,x16	 x17:0x00000000 x16:0x0000c000 x24=0x00000000
      580329000	     28914	80007108	41aedab3	sra	x21,x29,x26	 x29:0x00000003 x26:0xc0000000 x21=0x00000003
      580349000	     28915	8000710c	6da9f237	lui	x4,0x6da9f	  x4=0x6da9f000
      580369000	     28916	80007110	0a2b2513	slti	x10,x22,162	 x22:0x00000000 x10=0x00000001
      580389000	     28917	80007114	00299563	bne	x19,x2,8000711e	 x19:0x00000372  x2:0xf5e39895
      581489000	     28972	8000711e	12044413	xori	x8,x8,288	  x8:0x00000000  x8=0x00000120
      581829000	     28989	80007122	0300bb33	mulhu	x22,x1,x16	  x1:0xf5e39895 x16:0x0000c000 x22=0x0000b86a
      581969000	     28996	80007126	031224b3	mulhsu	x9,x4,x17	  x4:0x6da9f000 x17:0x00000000  x9=0x00000000
      581989000	     28997	8000712a	0102dd13	srli	x26,x5,0x10	  x5:0x0000000e x26=0x00000000
      582009000	     28998	8000712e	8fc1	c.or	x15,x8	 x15:0x7ffdc31a  x8:0x00000120 x15=0x7ffdc33a
      582029000	     28999	80007130	0063d213	srli	x4,x7,0x6	  x7:0xfffffc71  x4=0x03fffff1
      582189000	     29007	80007134	9d0e	c.add	x26,x3	 x26:0x00000000  x3:0x0000c000 x26=0x0000c000
      582209000	     29008	80007136	8929	c.andi	x10,10	 x10:0x00000001 x10=0x00000000
      582229000	     29009	80007138	8ae9	c.andi	x13,26	 x13:0x000003eb x13=0x0000000a
      582249000	     29010	8000713a	8c09	c.sub	x8,x10	  x8:0x00000120 x10:0x00000000  x8=0x00000120
      582269000	     29011	8000713c	b5802313	slti	x6,x0,-1192	  x0:0x00000000  x6=0x00000000
      582289000	     29012	80007140	01134433	xor	x8,x6,x17	  x6:0x00000000 x17:0x00000000  x8=0x00000000
      582569000	     29026	80007144	a7eac697	auipc	x13,0xa7eac	 x13=0x27eb3144
      582689000	     29032	80007148	8111	c.srli	x10,0x4	 x10:0x00000000 x10=0x00000000
      582709000	     29033	8000714a	8075	c.srli	x8,0x1d	  x8:0x00000000  x8=0x00000000
      582749000	     29035	8000714c	023ba333	mulhsu	x6,x23,x3	 x23:0xfe0007f9  x3:0x0000c000  x6=0xfffffe80
      582769000	     29036	80007150	8d45	c.or	x10,x9	 x10:0x00000000  x9:0x00000000 x10=0x00000000
      582789000	     29037	80007152	8c1a	c.mv	x24,x6	  x0:0x00000000  x6:0xfffffe80 x24=0xfffffe80
      582809000	     29038	80007154	0001	c.addi	x0,0	  x0:0x00000000  x0=0x00000000
      582829000	     29039	80007156	00654033	xor	x0,x10,x6	 x10:0x00000000  x6:0xfffffe80  x0=0x00000000
      582849000	     29040	8000715a	8312	c.mv	x6,x4	  x0:0x00000000  x4:0x03fffff1  x6=0x03fffff1
      582869000	     29041	8000715c	24638d13	addi	x26,x7,582	  x7:0xfffffc71 x26=0xfffffeb7
      583249000	     29060	80007160	81852a13	slti	x20,x10,-2024	 x10:0x00000000 x20=0x00000000
      583269000	     29061	80007164	73faae93	slti	x29,x21,1855	 x21:0x00000003 x29=0x00000001
      583689000	     29082	80007168	01ee9313	slli	x6,x29,0x1e	 x29:0x00000001  x6=0x40000000
      583809000	     29088	8000716c	8fb1	c.xor	x15,x12	 x15:0x7ffdc33a x12:0x8001fe4c x15=0xfffc3d76
      583989000	     29097	8000716e	01ebf233	and	x4,x23,x30	 x23:0xfe0007f9 x30:0xfe000000  x4=0xfe000000
      584009000	     29098	80007172	020b7063	bgeu	x22,x0,80007192	 x22:0x0000b86a  x0:0x00000000
      585029000	     29149	80007192	400c5ab3	sra	x21,x24,x0	 x24:0xfffffe80  x0:0x00000000 x21=0xfffffe80
      585429000	     29169	80007196	031e3ab3	mulhu	x21,x28,x17	 x28:0x80006fea x17:0x00000000 x21=0x00000000
      585449000	     29170	8000719a	0001	c.addi	x0,0	  x0:0x00000000  x0=0x00000000
      585509000	     29173	8000719c	0001	c.addi	x0,0	  x0:0x00000000  x0=0x00000000
      585689000	     29182	8000719e	926add17	auipc	x26,0x926ad	 x26=0x126b419e
      585869000	     29191	800071a2	405d52b3	sra	x5,x26,x5	 x26:0x126b419e  x5:0x0000000e  x5=0x000049ad
      585889000	     29192	800071a6	8c1e	c.mv	x24,x7	  x0:0x00000000  x7:0xfffffc71 x24=0xfffffc71
      586029000	     29199	800071a8	0ff0000f	fence	iorw,iorw	
      586229000	     29209	800071ac	0358e8b3	rem	x17,x17,x21	 x17:0x00000000 x21:0x00000000 x17=0x00000000
      586249000	     29210	800071b0	4dd5	c.li	x27,21	 x27=0x00000015
      586509000	     29223	800071b2	4c610313	addi	x6,x2,1222	  x2:0xf5e39895  x6=0xf5e39d5b
      586529000	     29224	800071b6	9cce	c.add	x25,x19	 x25:0x00000257 x19:0x00000372 x25=0x000005c9
      586549000	     29225	800071b8	03ca5a63	bge	x20,x28,800071ec	 x20:0x00000000 x28:0x80006fea
      586729000	     29234	800071ec	0001	c.addi	x0,0	  x0:0x00000000  x0=0x00000000
      598809000	     29838	800071ee	00f21c13	slli	x24,x4,0xf	  x4:0xfe000000 x24=0x00000000
      598829000	     29839	800071f2	cc01	c.beqz	x8,8000720a	  x8:0x00000000
      598929000	     29844	8000720a	006754b3	srl	x9,x14,x6	 x14:0x80023ce4  x6:0xf5e39d5b  x9=0x00000010
      598949000	     29845	8000720e	9b1a	c.add	x22,x6	 x22:0x0000b86a  x6:0xf5e39d5b x22=0xf5e455c5
      598969000	     29846	80007210	038a4463	blt	x20,x24,80007238	 x20:0x00000000 x24:0x00000000
      599369000	     29866	80007214	eb91	c.bnez	x15,80007228	 x15:0xfffc3d76
      600069000	     29901	80007228	01c2c333	xor	x6,x5,x28	  x5:0x000049ad x28:0x80006fea  x6=0x80002647
      600089000	     29902	8000722c	01956c33	or	x24,x10,x25	 x10:0x00000000 x25:0x000005c9 x24=0x000005c9
      600109000	     29903	80007230	01a7e463	bltu	x15,x26,80007238	 x15:0xfffc3d76 x26:0x126b419e
      600529000	     29924	80007234	016f5313	srli	x6,x30,0x16	 x30:0xfe000000  x6=0x000003f8
      600549000	     29925	80007238	f18cb293	sltiu	x5,x25,-232	 x25:0x000005c9  x5=0x00000001
      600649000	     29930	8000723c	7e7a8d93	addi	x27,x21,2023	 x21:0x00000000 x27=0x000007e7
      600669000	     29931	80007240	409e81b3	sub	x3,x29,x9	 x29:0x00000001  x9:0x00000010  x3=0xfffffff1
      601809000	     29988	80007244	02445eb3	divu	x29,x8,x4	  x8:0x00000000  x4:0xfe000000 x29=0x00000000
      601829000	     29989	80007248	8b89	c.andi	x15,2	 x15:0xfffc3d76 x15=0x00000002
      601849000	     29990	8000724a	00d6	c.slli	x1,0x15	  x1:0xf5e39895  x1=0x12a00000
      601869000	     29991	8000724c	ea81	c.bnez	x13,8000725c	 x13:0x27eb3144
      601909000	     29993	8000725c	00fe	c.slli	x1,0x1f	  x1:0x12a00000  x1=0x00000000
      601929000	     29994	8000725e	8db6	c.mv	x27,x13	  x0:0x00000000 x13:0x27eb3144 x27=0x27eb3144
      602169000	     30006	80007260	98fd	c.andi	x9,-1	  x9:0x00000010  x9=0x00000010
      602189000	     30007	80007262	419a0f33	sub	x30,x20,x25	 x20:0x00000000 x25:0x000005c9 x30=0xfffffa37
      602269000	     30011	80007266	0074b4b3	sltu	x9,x9,x7	  x9:0x00000010  x7:0xfffffc71  x9=0x00000001
      602289000	     30012	8000726a	8149	c.srli	x10,0x12	 x10:0x00000000 x10=0x00000000
      602309000	     30013	8000726c	8acd	c.andi	x13,19	 x13:0x27eb3144 x13=0x00000000
      602329000	     30014	8000726e	41df05b3	sub	x11,x30,x29	 x30:0xfffffa37 x29:0x00000000 x11=0xfffffa37
      603089000	     30052	80007272	022ac533	div	x10,x21,x2	 x21:0x00000000  x2:0xf5e39895 x10=0x00000000
      603109000	     30053	80007276	00094833	xor	x16,x18,x0	 x18:0xffffffff  x0:0x00000000 x16=0xffffffff
      603129000	     30054	8000727a	8c29	c.xor	x8,x10	  x8:0x00000000 x10:0x00000000  x8=0x00000000
      603149000	     30055	8000727c	c40d	c.beqz	x8,800072a6	  x8:0x00000000
      604029000	     30099	800072a6	02bbc833	div	x16,x23,x11	 x23:0xfe0007f9 x11:0xfffffa37 x16=0x0000587f
      604049000	     30100	800072aa	0000100f	fence.i	
      604329000	     30114	800072ae	6c95	c.lui	x25,0x5	 x25=0x00005000
      604509000	     30123	800072b0	6fa5	c.lui	x31,0x9	 x31=0x00009000
      604549000	     30125	800072b2	0162da93	srli	x21,x5,0x16	  x5:0x00000001 x21=0x00000000
      604569000	     30126	800072b6	02119063	bne	x3,x1,800072d6	  x3:0xfffffff1  x1:0x00000000
      604829000	     30139	800072d6	006eed63	bltu	x29,x6,800072f0	 x29:0x00000000  x6:0x000003f8
      605229000	     30159	800072f0	17318397	auipc	x7,0x17318	  x7=0x9731f2f0
      605249000	     30160	800072f4	8d25	c.xor	x10,x9	 x10:0x00000000  x9:0x00000001 x10=0x00000001
      605269000	     30161	800072f6	83da	c.mv	x7,x22	  x0:0x00000000 x22:0xf5e455c5  x7=0xf5e455c5
      605389000	     30167	800072f8	40a75a33	sra	x20,x14,x10	 x14:0x80023ce4 x10:0x00000001 x20=0xc0011e72
      605549000	     30175	800072fc	00794533	xor	x10,x18,x7	 x18:0xffffffff  x7:0xf5e455c5 x10=0x0a1baa3a
      605569000	     30176	80007300	849e	c.mv	x9,x7	  x0:0x00000000  x7:0xf5e455c5  x9=0xf5e455c5
      605829000	     30189	80007302	03baff63	bgeu	x21,x27,80007340	 x21:0x00000000 x27:0x27eb3144
      605849000	     30190	80007306	054f8863	beq	x31,x20,80007356	 x31:0x00009000 x20:0xc0011e72
      605909000	     30193	8000730a	0269a4b3	mulhsu	x9,x19,x6	 x19:0x00000372  x6:0x000003f8  x9=0x00000000
      605929000	     30194	8000730e	005dbab3	sltu	x21,x27,x5	 x27:0x27eb3144  x5:0x00000001 x21=0x00000000
      606209000	     30208	80007312	018000ef	jal	x1,8000732a	  x1=0x80007316
      606549000	     30225	8000732a	bfdd	c.j	80007320	
      607089000	     30252	80007320	ffdff0ef	jal	x1,8000731c	  x1=0x80007324
      607349000	     30265	8000731c	0160036f	jal	x6,80007332	  x6=0x80007320
      608009000	     30298	80007332	fffff36f	jal	x6,80007330	  x6=0x80007336
      608349000	     30315	80007330	a019	c.j	80007336	
      608709000	     30333	80007336	3fdd	c.jal	8000732c	  x1=0x80007338
      609089000	     30352	8000732c	b7ed	c.j	80007316	
      610289000	     30412	80007316	022000ef	jal	x1,80007338	  x1=0x8000731a
      611309000	     30463	80007338	ff7ff36f	jal	x6,8000732e	  x6=0x8000733c
      612229000	     30509	8000732e	bfed	c.j	80007328	
      612869000	     30541	80007328	bff5	c.j	80007324	
      612909000	     30543	80007324	ff7ff36f	jal	x6,8000731a	  x6=0x80007328
      613169000	     30556	8000731a	a00d	c.j	8000733c	
      613209000	     30558	8000733c	01f4ff33	and	x30,x9,x31	  x9:0x00000000 x31:0x00009000 x30=0x00000000
      613229000	     30559	80007340	807d	c.srli	x8,0x1f	  x8:0x00000000  x8=0x00000000
      613249000	     30560	80007342	40a051b3	sra	x3,x0,x10	  x0:0x00000000 x10:0x0a1baa3a  x3=0x00000000
      613289000	     30562	80007346	03379033	mulh	x0,x15,x19	 x15:0x00000002 x19:0x00000372  x0=0x00000000
      613309000	     30563	8000734a	86c1	c.srai	x13,0x10	 x13:0x00000000 x13=0x00000000
      614049000	     30600	8000734c	02c1f9b3	remu	x19,x3,x12	  x3:0x00000000 x12:0x8001fe4c x19=0x00000000
      614069000	     30601	80007350	6529	c.lui	x10,0xa	 x10=0x0000a000
      614089000	     30602	80007352	419101b3	sub	x3,x2,x25	  x2:0xf5e39895 x25:0x00005000  x3=0xf5e34895
      614109000	     30603	80007356	813d	c.srli	x10,0xf	 x10:0x0000a000 x10=0x00000001
      614129000	     30604	80007358	8fdd	c.or	x15,x15	 x15:0x00000002 x15:0x00000002 x15=0x00000002
      614149000	     30605	8000735a	6fdb1517	auipc	x10,0x6fdb1	 x10=0xefdb835a
      614169000	     30606	8000735e	c021	c.beqz	x8,8000739e	  x8:0x00000000
      614669000	     30631	8000739e	401404b3	sub	x9,x8,x1	  x8:0x00000000  x1:0x8000731a  x9=0x7fff8ce6
      614689000	     30632	800073a2	015dbcb3	sltu	x25,x27,x21	 x27:0x27eb3144 x21:0x00000000 x25=0x00000000
      614709000	     30633	800073a6	8f91	c.sub	x15,x12	 x15:0x00000002 x12:0x8001fe4c x15=0x7ffe01b6
      614749000	     30635	800073a8	0216bb33	mulhu	x22,x13,x1	 x13:0x00000000  x1:0x8000731a x22=0x00000000
      614869000	     30641	800073ac	011e3b33	sltu	x22,x28,x17	 x28:0x80006fea x17:0x00000000 x22=0x00000000
      614889000	     30642	800073b0	0ff0000f	fence	iorw,iorw	
      615269000	     30661	800073b4	01af7a33	and	x20,x30,x26	 x30:0x00000000 x26:0x126b419e x20=0x00000000
      615709000	     30683	800073b8	03081fb3	mulh	x31,x16,x16	 x16:0x0000587f x16:0x0000587f x31=0x00000000
      615729000	     30684	800073bc	00cd4463	blt	x26,x12,800073c4	 x26:0x126b419e x12:0x8001fe4c
      615809000	     30688	800073c0	01e0cc63	blt	x1,x30,800073d8	  x1:0x8000731a x30:0x00000000
      616649000	     30730	800073d8	8fbd	c.xor	x15,x15	 x15:0x7ffe01b6 x15:0x7ffe01b6 x15=0x00000000
      617469000	     30771	800073da	025642b3	div	x5,x12,x5	 x12:0x8001fe4c  x5:0x00000001  x5=0x8001fe4c
      617489000	     30772	800073de	48a1	c.li	x17,8	 x17=0x00000008
      617509000	     30773	800073e0	40698233	sub	x4,x19,x6	 x19:0x00000000  x6:0x80007328  x4=0x7fff8cd8
      617529000	     30774	800073e4	0ff0000f	fence	iorw,iorw	
      617549000	     30775	800073e8	00fe5d93	srli	x27,x28,0xf	 x28:0x80006fea x27=0x00010000
      617569000	     30776	800073ec	036d8533	mul	x10,x27,x22	 x27:0x00010000 x22:0x00000000 x10=0x00000000
      617589000	     30777	800073f0	b2f28a13	addi	x20,x5,-1233	  x5:0x8001fe4c x20=0x8001f97b
      617609000	     30778	800073f4	29487993	andi	x19,x16,660	 x16:0x0000587f x19=0x00000014
      618409000	     30818	800073f8	03c7f433	remu	x8,x15,x28	 x15:0x00000000 x28:0x80006fea  x8=0x00000000
      618449000	     30820	800073fc	0392dfb3	divu	x31,x5,x25	  x5:0x8001fe4c x25:0x00000000 x31=0xffffffff
      618469000	     30821	80007400	8f156793	ori	x15,x10,-1807	 x10:0x00000000 x15=0xfffff8f1
      618489000	     30822	80007404	41b908b3	sub	x17,x18,x27	 x18:0xffffffff x27:0x00010000 x17=0xfffeffff
      618529000	     30824	80007408	021bbeb3	mulhu	x29,x23,x1	 x23:0xfe0007f9  x1:0x8000731a x29=0x7f007630
      618549000	     30825	8000740c	8c0a	c.mv	x24,x2	  x0:0x00000000  x2:0xf5e39895 x24=0xf5e39895
      618649000	     30830	8000740e	1b318db7	lui	x27,0x1b318	 x27=0x1b318000
      618669000	     30831	80007412	00389263	bne	x17,x3,80007416	 x17:0xfffeffff  x3:0xf5e34895
      619629000	     30879	80007416	01de1e63	bne	x28,x29,80007432	 x28:0x80006fea x29:0x7f007630
      620469000	     30921	80007432	0001	c.addi	x0,0	  x0:0x00000000  x0=0x00000000
      620489000	     30922	80007434	01129213	slli	x4,x5,0x11	  x5:0x8001fe4c  x4=0xfc980000
      620509000	     30923	80007438	17fd	c.addi	x15,-1	 x15:0xfffff8f1 x15=0xfffff8f0
      620529000	     30924	8000743a	09eabc93	sltiu	x25,x21,158	 x21:0x00000000 x25=0x00000001
      620949000	     30945	8000743e	02ef9563	bne	x31,x14,80007468	 x31:0xffffffff x14:0x80023ce4
      622369000	     31016	80007468	03c1d363	bge	x3,x28,8000748e	  x3:0xf5e34895 x28:0x80006fea
      623669000	     31081	8000748e	65f4e013	ori	x0,x9,1631	  x9:0x7fff8ce6  x0=0x00000000
      623709000	     31083	80007492	0280ab33	mulhsu	x22,x1,x8	  x1:0x8000731a  x8:0x00000000 x22=0x00000000
      623849000	     31090	80007496	00635b93	srli	x23,x6,0x6	  x6:0x80007328 x23=0x020001cc
      624589000	     31127	8000749a	037160b3	rem	x1,x2,x23	  x2:0xf5e39895 x23:0x020001cc  x1=0xffe3a191
      624609000	     31128	8000749e	685f0093	addi	x1,x30,1669	 x30:0x00000000  x1=0x00000685
      624629000	     31129	800074a2	019900b3	add	x1,x18,x25	 x18:0xffffffff x25:0x00000001  x1=0x00000000
      624649000	     31130	800074a6	00d5ed63	bltu	x11,x13,800074c0	 x11:0xfffffa37 x13:0x00000000
      624669000	     31131	800074aa	07dd	c.addi	x15,23	 x15:0xfffff8f0 x15=0xfffff907
      624689000	     31132	800074ac	00f25a63	bge	x4,x15,800074c0	  x4:0xfc980000 x15:0xfffff907
      625429000	     31169	800074b0	02b7e6b3	rem	x13,x15,x11	 x15:0xfffff907 x11:0xfffffa37 x13=0xfffffed0
      625449000	     31170	800074b4	8e3a	c.mv	x28,x14	  x0:0x00000000 x14:0x80023ce4 x28=0x80023ce4
      625469000	     31171	800074b6	00f38963	beq	x7,x15,800074c8	  x7:0xf5e455c5 x15:0xfffff907
      625489000	     31172	800074ba	022a	c.slli	x4,0xa	  x4:0xfc980000  x4=0x60000000
      625509000	     31173	800074bc	ca99	c.beqz	x13,800074d2	 x13:0xfffffed0
      625529000	     31174	800074be	8aa9	c.andi	x13,10	 x13:0xfffffed0 x13=0x00000000
      625549000	     31175	800074c0	f3e58b13	addi	x22,x11,-194	 x11:0xfffffa37 x22=0xfffff975
      625569000	     31176	800074c4	0fe19f17	auipc	x30,0xfe19	 x30=0x8fe204c4
      625589000	     31177	800074c8	8d2d	c.xor	x10,x11	 x10:0x00000000 x11:0xfffffa37 x10=0xfffffa37
      626329000	     31214	800074ca	0263df33	divu	x30,x7,x6	  x7:0xf5e455c5  x6:0x80007328 x30=0x00000001
      626349000	     31215	800074ce	01734b63	blt	x6,x23,800074e4	  x6:0x80007328 x23:0x020001cc
      626569000	     31226	800074e4	8911	c.andi	x10,4	 x10:0xfffffa37 x10=0x00000004
      627329000	     31264	800074e6	034fc433	div	x8,x31,x20	 x31:0xffffffff x20:0x8001f97b  x8=0x00000000
      627349000	     31265	800074ea	8c51	c.or	x8,x12	  x8:0x00000000 x12:0x8001fe4c  x8=0x8001fe4c
      627369000	     31266	800074ec	02295763	bge	x18,x2,8000751a	 x18:0xffffffff  x2:0xf5e39895
      627669000	     31281	8000751a	014c5e63	bge	x24,x20,80007536	 x24:0xf5e39895 x20:0x8001f97b
      637809000	     31788	80007536	005aca33	xor	x20,x21,x5	 x21:0x00000000  x5:0x8001fe4c x20=0x8001fe4c
      637829000	     31789	8000753a	88ba9497	auipc	x9,0x88ba9	  x9=0x08bb053a
      637849000	     31790	8000753e	0001	c.addi	x0,0	  x0:0x00000000  x0=0x00000000
      637869000	     31791	80007540	c5263213	sltiu	x4,x12,-942	 x12:0x8001fe4c  x4=0x00000001
      637889000	     31792	80007544	8c45	c.or	x8,x9	  x8:0x8001fe4c  x9:0x08bb053a  x8=0x88bbff7e
      637949000	     31795	80007546	0000100f	fence.i	
      639449000	     31870	8000754a	017d5413	srli	x8,x26,0x17	 x26:0x126b419e  x8=0x00000024
      639589000	     31877	8000754e	406bdb13	srai	x22,x23,0x6	 x23:0x020001cc x22=0x00080007
      639609000	     31878	80007552	8029	c.srli	x8,0xa	  x8:0x00000024  x8=0x00000000
      639889000	     31892	80007554	8cdd	c.or	x9,x15	  x9:0x08bb053a x15:0xfffff907  x9=0xfffffd3f
      640169000	     31906	80007556	02d101b3	mul	x3,x2,x13	  x2:0xf5e39895 x13:0x00000000  x3=0x00000000
      641009000	     31948	8000755a	0337c933	div	x18,x15,x19	 x15:0xfffff907 x19:0x00000014 x18=0xffffffa7
      641029000	     31949	8000755e	0ff0000f	fence	iorw,iorw	
      641769000	     31986	80007562	03c159b3	divu	x19,x2,x28	  x2:0xf5e39895 x28:0x80023ce4 x19=0x00000001
      641789000	     31987	80007566	00ad1c33	sll	x24,x26,x10	 x26:0x126b419e x10:0x00000004 x24=0x26b419e0
      641809000	     31988	8000756a	f2b77f17	auipc	x30,0xf2b77	 x30=0x72b7e56a
      641829000	     31989	8000756e	70eb8793	addi	x15,x23,1806	 x23:0x020001cc x15=0x020008da
      641849000	     31990	80007572	010a1863	bne	x20,x16,80007582	 x20:0x8001fe4c x16:0x0000587f
      641949000	     31995	80007582	03c681b3	mul	x3,x13,x28	 x13:0x00000000 x28:0x80023ce4  x3=0x00000000
      641969000	     31996	80007586	8105	c.srli	x10,0x1	 x10:0x00000004 x10=0x00000002
      642009000	     31998	80007588	001ef433	and	x8,x29,x1	 x29:0x7f007630  x1:0x00000000  x8=0x00000000
      642029000	     31999	8000758c	41b50b33	sub	x22,x10,x27	 x10:0x00000002 x27:0x1b318000 x22=0xe4ce8002
      642069000	     32001	80007590	0001	c.addi	x0,0	  x0:0x00000000  x0=0x00000000
      642089000	     32002	80007592	4152d533	sra	x10,x5,x21	  x5:0x8001fe4c x21:0x00000000 x10=0x8001fe4c
      642109000	     32003	80007596	0174db93	srli	x23,x9,0x17	  x9:0xfffffd3f x23=0x000001ff
      642129000	     32004	8000759a	686d3b13	sltiu	x22,x26,1670	 x26:0x126b419e x22=0x00000000
      642429000	     32019	8000759e	021713b3	mulh	x7,x14,x1	 x14:0x80023ce4  x1:0x00000000  x7=0x00000000
      642449000	     32020	800075a2	035f5863	bge	x30,x21,800075d2	 x30:0x72b7e56a x21:0x00000000
      642729000	     32034	800075d2	8edd	c.or	x13,x15	 x13:0x00000000 x15:0x020008da x13=0x020008da
      642749000	     32035	800075d4	00761013	slli	x0,x12,0x7	 x12:0x8001fe4c  x0=0x00000000
      642829000	     32039	800075d8	2ab73893	sltiu	x17,x14,683	 x14:0x80023ce4 x17=0x00000000
      642989000	     32047	800075dc	404a0ab3	sub	x21,x20,x4	 x20:0x8001fe4c  x4:0x00000001 x21=0x8001fe4b
      643009000	     32048	800075e0	88064293	xori	x5,x12,-1920	 x12:0x8001fe4c  x5=0x7ffe06cc
      643029000	     32049	800075e4	ea89	c.bnez	x13,800075f6	 x13:0x020008da
      643529000	     32074	800075f6	3528cd13	xori	x26,x17,850	 x17:0x00000000 x26=0x00000352
      643549000	     32075	800075fa	8d1d	c.sub	x10,x15	 x10:0x8001fe4c x15:0x020008da x10=0x7e01f572
      643569000	     32076	800075fc	01189393	slli	x7,x17,0x11	 x17:0x00000000  x7=0x00000000
      643589000	     32077	80007600	95c2	c.add	x11,x16	 x11:0xfffffa37 x16:0x0000587f x11=0x000052b6
      643609000	     32078	80007602	8d01	c.sub	x10,x8	 x10:0x7e01f572  x8:0x00000000 x10=0x7e01f572
      643649000	     32080	80007604	0219dbb3	divu	x23,x19,x1	 x19:0x00000001  x1:0x00000000 x23=0xffffffff
      644009000	     32098	80007608	06afb413	sltiu	x8,x31,106	 x31:0xffffffff  x8=0x00000000
      644029000	     32099	8000760c	8d15	c.sub	x10,x13	 x10:0x7e01f572 x13:0x020008da x10=0x7c01ec98
      644049000	     32100	8000760e	de10cd13	xori	x26,x1,-543	  x1:0x00000000 x26=0xfffffde1
      644249000	     32110	80007612	fc6dff93	andi	x31,x27,-58	 x27:0x1b318000 x31=0x1b318000
      644269000	     32111	80007616	fb5b6a13	ori	x20,x22,-75	 x22:0x00000000 x20=0xffffffb5
      644689000	     32132	8000761a	02267063	bgeu	x12,x2,8000763a	 x12:0x8001fe4c  x2:0xf5e39895
      644709000	     32133	8000761e	6595	c.lui	x11,0x5	 x11=0x00005000
      644749000	     32135	80007620	8fc5	c.or	x15,x9	 x15:0x020008da  x9:0xfffffd3f x15=0xfffffdff
      644769000	     32136	80007622	0001	c.addi	x0,0	  x0:0x00000000  x0=0x00000000
      644849000	     32140	80007624	00bcccb3	xor	x25,x25,x11	 x25:0x00000001 x11:0x00005000 x25=0x00005001
      644949000	     32145	80007628	03189163	bne	x17,x17,8000764a	 x17:0x00000000 x17:0x00000000
      645309000	     32163	8000762c	027c2d33	mulhsu	x26,x24,x7	 x24:0x26b419e0  x7:0x00000000 x26=0x00000000
      645469000	     32171	80007630	034430b3	mulhu	x1,x8,x20	  x8:0x00000000 x20:0xffffffb5  x1=0x00000000
      645549000	     32175	80007634	4ced	c.li	x25,27	 x25=0x0000001b
      645569000	     32176	80007636	00e3e6b3	or	x13,x7,x14	  x7:0x00000000 x14:0x80023ce4 x13=0x80023ce4
      645589000	     32177	8000763a	00d41363	bne	x8,x13,80007640	  x8:0x00000000 x13:0x80023ce4
      645669000	     32181	80007640	ee1b2a93	slti	x21,x22,-287	 x22:0x00000000 x21=0x00000000
      645689000	     32182	80007644	8911	c.andi	x10,4	 x10:0x7c01ec98 x10=0x00000000
      645709000	     32183	80007646	c8978b93	addi	x23,x15,-887	 x15:0xfffffdff x23=0xfffffa88
      645729000	     32184	8000764a	0126c463	blt	x13,x18,80007652	 x13:0x80023ce4 x18:0xffffffa7
      645949000	     32195	80007652	9ca6	c.add	x25,x9	 x25:0x0000001b  x9:0xfffffd3f x25=0xfffffd5a
      645969000	     32196	80007654	0ff0000f	fence	iorw,iorw	
      646009000	     32198	80007658	0274d6b3	divu	x13,x9,x7	  x9:0xfffffd3f  x7:0x00000000 x13=0xffffffff
      646289000	     32212	8000765c	03c79033	mulh	x0,x15,x28	 x15:0xfffffdff x28:0x80023ce4  x0=0x00000000
      646309000	     32213	80007660	54fd	c.li	x9,-1	  x9=0xffffffff
      646329000	     32214	80007662	8cf1	c.and	x9,x12	  x9:0xffffffff x12:0x8001fe4c  x9=0x8001fe4c
      646709000	     32233	80007664	8f9d	c.sub	x15,x15	 x15:0xfffffdff x15:0xfffffdff x15=0x00000000
      646729000	     32234	80007666	8ea1	c.xor	x13,x8	 x13:0xffffffff  x8:0x00000000 x13=0xffffffff
      647129000	     32254	80007668	f256f797	auipc	x15,0xf256f	 x15=0x72576668
      647509000	     32273	8000766c	ca99	c.beqz	x13,80007682	 x13:0xffffffff
      647729000	     32284	8000766e	343fcd37	lui	x26,0x343fc	 x26=0x343fc000
      647749000	     32285	80007672	8411	c.srai	x8,0x4	  x8:0x00000000  x8=0x00000000
      647769000	     32286	80007674	8475	c.srai	x8,0x1d	  x8:0x00000000  x8=0x00000000
      647789000	     32287	80007676	dc937013	andi	x0,x6,-567	  x6:0x80007328  x0=0x00000000
      647809000	     32288	8000767a	41c38433	sub	x8,x7,x28	  x7:0x00000000 x28:0x80023ce4  x8=0x7ffdc31c
      647849000	     32290	8000767e	03194463	blt	x18,x17,800076a6	 x18:0xffffffa7 x17:0x00000000
      649029000	     32349	800076a6	41365293	srai	x5,x12,0x13	 x12:0x8001fe4c  x5=0xfffff000
      649449000	     32370	800076aa	0c9da493	slti	x9,x27,201	 x27:0x1b318000  x9=0x00000000
      649469000	     32371	800076ae	0cf2	c.slli	x25,0x1c	 x25:0xfffffd5a x25=0xa0000000
      649489000	     32372	800076b0	00960333	add	x6,x12,x9	 x12:0x8001fe4c  x9:0x00000000  x6=0x8001fe4c
      649509000	     32373	800076b4	c485	c.beqz	x9,800076dc	  x9:0x00000000
      650489000	     32422	800076dc	2c170f13	addi	x30,x14,705	 x14:0x80023ce4 x30=0x80023fa5
      650529000	     32424	800076e0	a1f84993	xori	x19,x16,-1505	 x16:0x0000587f x19=0xffffa260
      650549000	     32425	800076e4	00a000ef	jal	x1,800076ee	  x1=0x800076e8
      651089000	     32452	800076ee	a029	c.j	800076f8	
      652129000	     32504	800076f8	3ff5	c.jal	800076f4	  x1=0x800076fa
      652189000	     32507	800076f4	ffdff2ef	jal	x5,800076f0	  x5=0x800076f8
      652249000	     32510	800076f0	00c0046f	jal	x8,800076fc	  x8=0x800076f4
      652309000	     32513	800076fc	2011	c.jal	80007700	  x1=0x800076fe
      652709000	     32533	80007700	fe9ff36f	jal	x6,800076e8	  x6=0x80007704
      652769000	     32536	800076e8	2809	c.jal	800076fa	  x1=0x800076ea
      652829000	     32539	800076fa	2029	c.jal	80007704	  x1=0x800076fc
      652889000	     32542	80007704	3fed	c.jal	800076fe	  x1=0x80007706
      652929000	     32544	800076fe	b7f5	c.j	800076ea	
      652989000	     32547	800076ea	01c000ef	jal	x1,80007706	  x1=0x800076ee
      653029000	     32549	80007706	8d89	c.sub	x11,x10	 x11:0x00005000 x10:0x00000000 x11=0x00005000
      653049000	     32550	80007708	06a54237	lui	x4,0x6a54	  x4=0x06a54000
      653069000	     32551	8000770c	41fcdd93	srai	x27,x25,0x1f	 x25:0xa0000000 x27=0xffffffff
      653109000	     32553	80007710	02913833	mulhu	x16,x2,x9	  x2:0xf5e39895  x9:0x00000000 x16=0x00000000
      653129000	     32554	80007714	8cd5	c.or	x9,x13	  x9:0x00000000 x13:0xffffffff  x9=0xffffffff
      653149000	     32555	80007716	8df1	c.and	x11,x12	 x11:0x00005000 x12:0x8001fe4c x11=0x00005000
      653549000	     32575	80007718	47603093	sltiu	x1,x0,1142	  x0:0x00000000  x1=0x00000001
      653589000	     32577	8000771c	02ee1cb3	mulh	x25,x28,x14	 x28:0x80023ce4 x14:0x80023ce4 x25=0x3ffdc321
      653609000	     32578	80007720	00bc4e63	blt	x24,x11,8000773c	 x24:0x26b419e0 x11:0x00005000
      653629000	     32579	80007724	0ff0000f	fence	iorw,iorw	
      653649000	     32580	80007728	843a	c.mv	x8,x14	  x0:0x00000000 x14:0x80023ce4  x8=0x80023ce4
      653669000	     32581	8000772a	8ed1	c.or	x13,x12	 x13:0xffffffff x12:0x8001fe4c x13=0xffffffff
      653689000	     32582	8000772c	012ce4b3	or	x9,x25,x18	 x25:0x3ffdc321 x18:0xffffffa7  x9=0xffffffa7
      653709000	     32583	80007730	0001	c.addi	x0,0	  x0:0x00000000  x0=0x00000000
      654509000	     32623	80007732	03e27fb3	remu	x31,x4,x30	  x4:0x06a54000 x30:0x80023fa5 x31=0x06a54000
      654529000	     32624	80007736	4f6d	c.li	x30,27	 x30=0x0000001b
      654549000	     32625	80007738	004dcc63	blt	x27,x4,80007750	 x27:0xffffffff  x4:0x06a54000
      654789000	     32637	80007750	bb660b17	auipc	x22,0xbb660	 x22=0x3b667750
      655189000	     32657	80007754	012ccc33	xor	x24,x25,x18	 x25:0x3ffdc321 x18:0xffffffa7 x24=0xc0023c86
      655309000	     32663	80007758	03a00563	beq	x0,x26,80007782	  x0:0x00000000 x26:0x343fc000
      655729000	     32684	8000775c	01016c63	bltu	x2,x16,80007774	  x2:0xf5e39895 x16:0x00000000
      655889000	     32692	80007760	4bb06a93	ori	x21,x0,1211	  x0:0x00000000 x21=0x000004bb
      656129000	     32704	80007764	6886b893	sltiu	x17,x13,1672	 x13:0xffffffff x17=0x00000000
      656149000	     32705	80007768	01685a33	srl	x20,x16,x22	 x16:0x00000000 x22:0x3b667750 x20=0x00000000
      656169000	     32706	8000776c	e2772293	slti	x5,x14,-473	 x14:0x80023ce4  x5=0x00000001
      656189000	     32707	80007770	00b13233	sltu	x4,x2,x11	  x2:0xf5e39895 x11:0x00005000  x4=0x00000000
      657089000	     32752	80007774	03a2f2b3	remu	x5,x5,x26	  x5:0x00000001 x26:0x343fc000  x5=0x00000001
      657109000	     32753	80007778	9e687593	andi	x11,x16,-1562	 x16:0x00000000 x11=0x00000000
      657129000	     32754	8000777c	0eaa4b93	xori	x23,x20,234	 x20:0x00000000 x23=0x000000ea
      657149000	     32755	80007780	86d9	c.srai	x13,0x16	 x13:0xffffffff x13=0xffffffff
      657169000	     32756	80007782	18fd	c.addi	x17,-1	 x17:0x00000000 x17=0xffffffff
      657189000	     32757	80007784	016e34b3	sltu	x9,x28,x22	 x28:0x80023ce4 x22:0x3b667750  x9=0x00000000
      657209000	     32758	80007788	8fb1	c.xor	x15,x12	 x15:0x72576668 x12:0x8001fe4c x15=0xf2569824
      657229000	     32759	8000778a	0001	c.addi	x0,0	  x0:0x00000000  x0=0x00000000
      657509000	     32773	8000778c	fffae893	ori	x17,x21,-1	 x21:0x000004bb x17=0xffffffff
      657609000	     32778	80007790	0ff0000f	fence	iorw,iorw	
      657629000	     32779	80007794	4a01	c.li	x20,0	 x20=0x00000000
      657649000	     32780	80007796	0001	c.addi	x0,0	  x0:0x00000000  x0=0x00000000
      657669000	     32781	80007798	01254db3	xor	x27,x10,x18	 x10:0x00000000 x18:0xffffffa7 x27=0xffffffa7
      657709000	     32783	8000779c	0083d263	bge	x7,x8,800077a0	  x7:0x00000000  x8:0x80023ce4
      659189000	     32857	800077a0	03da1a33	mulh	x20,x20,x29	 x20:0x00000000 x29:0x7f007630 x20=0x00000000
      659209000	     32858	800077a4	2821a213	slti	x4,x3,642	  x3:0x00000000  x4=0x00000001
      659229000	     32859	800077a8	00189363	bne	x17,x1,800077ae	 x17:0xffffffff  x1:0x00000001
      659909000	     32893	800077ae	f984fa17	auipc	x20,0xf984f	 x20=0x798567ae
      660049000	     32900	800077b2	02aaf0b3	remu	x1,x21,x10	 x21:0x000004bb x10:0x00000000  x1=0x000004bb
      660069000	     32901	800077b6	40258fb3	sub	x31,x11,x2	 x11:0x00000000  x2:0xf5e39895 x31=0x0a1c676b
      660089000	     32902	800077ba	99203013	sltiu	x0,x0,-1646	  x0:0x00000000  x0=0x00000000
      660109000	     32903	800077be	8cad	c.xor	x9,x11	  x9:0x00000000 x11:0x00000000  x9=0x00000000
      660129000	     32904	800077c0	002668b3	or	x17,x12,x2	 x12:0x8001fe4c  x2:0xf5e39895 x17=0xf5e3fedd
      660149000	     32905	800077c4	01820a63	beq	x4,x24,800077d8	  x4:0x00000001 x24:0xc0023c86
      660169000	     32906	800077c8	41f18333	sub	x6,x3,x31	  x3:0x00000000 x31:0x0a1c676b  x6=0xf5e39895
      660269000	     32911	800077cc	797a9097	auipc	x1,0x797a9	  x1=0xf97b07cc
      660389000	     32917	800077d0	082e	c.slli	x16,0xb	 x16:0x00000000 x16=0x00000000
      660409000	     32918	800077d2	40110db3	sub	x27,x2,x1	  x2:0xf5e39895  x1:0xf97b07cc x27=0xfc6890c9
      660429000	     32919	800077d6	e2b9	c.bnez	x13,8000781c	 x13:0xffffffff
      661069000	     32951	8000781c	11106193	ori	x3,x0,273	  x0:0x00000000  x3=0x00000111
      661269000	     32961	80007820	01ef2db3	slt	x27,x30,x30	 x30:0x0000001b x30:0x0000001b x27=0x00000000
      662009000	     32998	80007824	0254efb3	rem	x31,x9,x5	  x9:0x00000000  x5:0x00000001 x31=0x00000000
      662029000	     32999	80007828	01f07933	and	x18,x0,x31	  x0:0x00000000 x31:0x00000000 x18=0x00000000
      662049000	     33000	8000782c	89e9	c.andi	x11,26	 x11:0x00000000 x11=0x00000000
      662069000	     33001	8000782e	44d9	c.li	x9,22	  x9=0x00000016
      662089000	     33002	80007830	298417b7	lui	x15,0x29841	 x15=0x29841000
      662189000	     33007	80007834	8d55	c.or	x10,x13	 x10:0x00000000 x13:0xffffffff x10=0xffffffff
      662329000	     33014	80007836	009f0ab3	add	x21,x30,x9	 x30:0x0000001b  x9:0x00000016 x21=0x00000031
      662349000	     33015	8000783a	0001	c.addi	x0,0	  x0:0x00000000  x0=0x00000000
      662369000	     33016	8000783c	4c29	c.li	x24,10	 x24=0x0000000a
      662389000	     33017	8000783e	0032e933	or	x18,x5,x3	  x5:0x00000001  x3:0x00000111 x18=0x00000111
      662409000	     33018	80007842	01cb2bb3	slt	x23,x22,x28	 x22:0x3b667750 x28:0x80023ce4 x23=0x00000000
      662429000	     33019	80007846	00e15a13	srli	x20,x2,0xe	  x2:0xf5e39895 x20=0x0003d78e
      662449000	     33020	8000784a	51fd	c.li	x3,-1	  x3=0xffffffff
      662589000	     33027	8000784c	0ff0000f	fence	iorw,iorw	
      662729000	     33034	80007850	03850eb3	mul	x29,x10,x24	 x10:0xffffffff x24:0x0000000a x29=0xfffffff6
      662769000	     33036	80007854	036e2fb3	mulhsu	x31,x28,x22	 x28:0x80023ce4 x22:0x3b667750 x31=0xe24d4945
      662909000	     33043	80007858	02faf813	andi	x16,x21,47	 x21:0x00000031 x16=0x00000021
      662929000	     33044	8000785c	0001	c.addi	x0,0	  x0:0x00000000  x0=0x00000000
      662949000	     33045	8000785e	8ef5	c.and	x13,x13	 x13:0xffffffff x13:0xffffffff x13=0xffffffff
      662969000	     33046	80007860	cf91	c.beqz	x15,8000787c	 x15:0x29841000
      662989000	     33047	80007862	803d	c.srli	x8,0xf	  x8:0x80023ce4  x8=0x00010004
      663729000	     33084	80007864	028dd4b3	divu	x9,x27,x8	 x27:0x00000000  x8:0x00010004  x9=0x00000000
      663749000	     33085	80007868	01107ab3	and	x21,x0,x17	  x0:0x00000000 x17:0xf5e3fedd x21=0x00000000
      663769000	     33086	8000786c	0ff0000f	fence	iorw,iorw	
      663809000	     33088	80007870	03a09c33	mulh	x24,x1,x26	  x1:0xf97b07cc x26:0x343fc000 x24=0xfeab5df8
      664549000	     33125	80007874	02edf0b3	remu	x1,x27,x14	 x27:0x00000000 x14:0x80023ce4  x1=0x00000000
      664569000	     33126	80007878	417a5893	srai	x17,x20,0x17	 x20:0x0003d78e x17=0x00000000
      664589000	     33127	8000787c	03a81663	bne	x16,x26,800078a8	 x16:0x00000021 x26:0x343fc000
      665029000	     33149	800078a8	01982b33	slt	x22,x16,x25	 x16:0x00000021 x25:0x3ffdc321 x22=0x00000001
      665049000	     33150	800078ac	8915	c.andi	x10,5	 x10:0xffffffff x10=0x00000005
      665489000	     33172	800078ae	038daab3	mulhsu	x21,x27,x24	 x27:0x00000000 x24:0xfeab5df8 x21=0x00000000
      665509000	     33173	800078b2	e799	c.bnez	x15,800078c0	 x15:0x29841000
      666109000	     33203	800078c0	41bdd1b3	sra	x3,x27,x27	 x27:0x00000000 x27:0x00000000  x3=0x00000000
      666229000	     33209	800078c4	28d98697	auipc	x13,0x28d98	 x13=0xa8d9f8c4
      674089000	     33602	800078c8	01c5ad33	slt	x26,x11,x28	 x11:0x00000000 x28:0x80023ce4 x26=0x00000000
      674109000	     33603	800078cc	0001	c.addi	x0,0	  x0:0x00000000  x0=0x00000000
      674149000	     33605	800078ce	03b655b3	divu	x11,x12,x27	 x12:0x8001fe4c x27:0x00000000 x11=0xffffffff
      674169000	     33606	800078d2	0137e1b3	or	x3,x15,x19	 x15:0x29841000 x19:0xffffa260  x3=0xffffb260
      674189000	     33607	800078d6	5f7d	c.li	x30,-1	 x30=0xffffffff
      674209000	     33608	800078d8	9f26ff93	andi	x31,x13,-1550	 x13:0xa8d9f8c4 x31=0xa8d9f8c0
      674229000	     33609	800078dc	775dc3b7	lui	x7,0x775dc	  x7=0x775dc000
      674269000	     33611	800078e0	03e35b63	bge	x6,x30,80007916	  x6:0xf5e39895 x30:0xffffffff
      674289000	     33612	800078e4	cb364413	xori	x8,x12,-845	 x12:0x8001fe4c  x8=0x7ffe02ff
      674309000	     33613	800078e8	0ec93313	sltiu	x6,x18,236	 x18:0x00000111  x6=0x00000000
      674749000	     33635	800078ec	03dc92b3	mulh	x5,x25,x29	 x25:0x3ffdc321 x29:0xfffffff6  x5=0xfffffffd
      675489000	     33672	800078f0	0222e6b3	rem	x13,x5,x2	  x5:0xfffffffd  x2:0xf5e39895 x13=0xfffffffd
      675509000	     33673	800078f4	40ba5893	srai	x17,x20,0xb	 x20:0x0003d78e x17=0x0000007a
      675529000	     33674	800078f8	01161b33	sll	x22,x12,x17	 x12:0x8001fe4c x17:0x0000007a x22=0x30000000
      675549000	     33675	800078fc	8df1	c.and	x11,x12	 x11:0xffffffff x12:0x8001fe4c x11=0x8001fe4c
      675569000	     33676	800078fe	01f9c033	xor	x0,x19,x31	 x19:0xffffa260 x31:0xa8d9f8c0  x0=0x00000000
      675589000	     33677	80007902	0102ea63	bltu	x5,x16,80007916	  x5:0xfffffffd x16:0x00000021
      675609000	     33678	80007906	1c7d	c.addi	x24,-1	 x24:0xfeab5df8 x24=0xfeab5df7
      675789000	     33687	80007908	036c01b3	mul	x3,x24,x22	 x24:0xfeab5df7 x22:0x30000000  x3=0x50000000
      675809000	     33688	8000790c	8dad	c.xor	x11,x11	 x11:0x8001fe4c x11:0x8001fe4c x11=0x00000000
      676549000	     33725	8000790e	02dacf33	div	x30,x21,x13	 x21:0x00000000 x13:0xfffffffd x30=0x00000000
      676569000	     33726	80007912	d1bf4e97	auipc	x29,0xd1bf4	 x29=0x51bfb912
      676589000	     33727	80007916	0ff0000f	fence	iorw,iorw	
      676609000	     33728	8000791a	8d25	c.xor	x10,x9	 x10:0x00000005  x9:0x00000000 x10=0x00000005
      676629000	     33729	8000791c	366b0e93	addi	x29,x22,870	 x22:0x30000000 x29=0x30000366
      677369000	     33766	80007920	0335f533	remu	x10,x11,x19	 x11:0x00000000 x19:0xffffa260 x10=0x00000000
      677389000	     33767	80007924	40a052b3	sra	x5,x0,x10	  x0:0x00000000 x10:0x00000000  x5=0x00000000
      677409000	     33768	80007928	40795693	srai	x13,x18,0x7	 x18:0x00000111 x13=0x00000002
      677449000	     33770	8000792c	020b14b3	mulh	x9,x22,x0	 x22:0x30000000  x0:0x00000000  x9=0x00000000
      677469000	     33771	80007930	012dd593	srli	x11,x27,0x12	 x27:0x00000000 x11=0x00000000
      677489000	     33772	80007934	772a5217	auipc	x4,0x772a5	  x4=0xf72ac934
      677509000	     33773	80007938	b405ee17	auipc	x28,0xb405e	 x28=0x34065938
      677929000	     33794	8000793c	88e9	c.andi	x9,26	  x9:0x00000000  x9=0x00000000
      677949000	     33795	8000793e	b25b36b7	lui	x13,0xb25b3	 x13=0xb25b3000
      678009000	     33798	80007942	03685363	bge	x16,x22,80007968	 x16:0x00000021 x22:0x30000000
      678449000	     33820	80007946	03f838b3	mulhu	x17,x16,x31	 x16:0x00000021 x31:0xa8d9f8c0 x17=0x00000015
      678469000	     33821	8000794a	883a	c.mv	x16,x14	  x0:0x00000000 x14:0x80023ce4 x16=0x80023ce4
      678549000	     33825	8000794c	0001	c.addi	x0,0	  x0:0x00000000  x0=0x00000000
      678569000	     33826	8000794e	011f26b3	slt	x13,x30,x17	 x30:0x00000000 x17:0x00000015 x13=0x00000001
      678769000	     33836	80007952	247f6d13	ori	x26,x30,583	 x30:0x00000000 x26=0x00000247
      678789000	     33837	80007956	01c8db63	bge	x17,x28,8000796c	 x17:0x00000015 x28:0x34065938
      678809000	     33838	8000795a	8cf5	c.and	x9,x13	  x9:0x00000000 x13:0x00000001  x9=0x00000000
      679129000	     33854	8000795c	0000100f	fence.i	
      680909000	     33943	80007960	02745033	divu	x0,x8,x7	  x8:0x7ffe02ff  x7:0x775dc000  x0=0x00000000
      680929000	     33944	80007964	e091	c.bnez	x9,80007968	  x9:0x00000000
      680949000	     33945	80007966	8f9d	c.sub	x15,x15	 x15:0x29841000 x15:0x29841000 x15=0x00000000
      680969000	     33946	80007968	00035413	srli	x8,x6,0x0	  x6:0x00000000  x8=0x00000000
      680989000	     33947	8000796c	0221d163	bge	x3,x2,8000798e	  x3:0x50000000  x2:0xf5e39895
      681669000	     33981	8000798e	80e1	c.srli	x9,0x18	  x9:0x00000000  x9=0x00000000
      681689000	     33982	80007990	8dd1	c.or	x11,x12	 x11:0x00000000 x12:0x8001fe4c x11=0x8001fe4c
      682129000	     34004	80007992	02971f33	mulh	x30,x14,x9	 x14:0x80023ce4  x9:0x00000000 x30=0x00000000
      682189000	     34007	80007996	022de663	bltu	x27,x2,800079c2	 x27:0x00000000  x2:0xf5e39895
      683089000	     34052	800079c2	00d6dd13	srli	x26,x13,0xd	 x13:0x00000001 x26=0x00000000
      683429000	     34069	800079c6	00099333	sll	x6,x19,x0	 x19:0xffffa260  x0:0x00000000  x6=0xffffa260
      683629000	     34079	800079ca	e2634a13	xori	x20,x6,-474	  x6:0xffffa260 x20=0x00005c46
      683829000	     34089	800079ce	03050a63	beq	x10,x16,80007a02	 x10:0x00000000 x16:0x80023ce4
      683869000	     34091	800079d2	03ee22b3	mulhsu	x5,x28,x30	 x28:0x34065938 x30:0x00000000  x5=0x00000000
      684269000	     34111	800079d6	021a9a63	bne	x21,x1,80007a0a	 x21:0x00000000  x1:0x00000000
      684409000	     34118	800079da	029e0833	mul	x16,x28,x9	 x28:0x34065938  x9:0x00000000 x16=0x00000000
      684429000	     34119	800079de	011a25b3	slt	x11,x20,x17	 x20:0x00005c46 x17:0x00000015 x11=0x00000000
      684449000	     34120	800079e2	01780433	add	x8,x16,x23	 x16:0x00000000 x23:0x00000000  x8=0x00000000
      684469000	     34121	800079e6	8d2d	c.xor	x10,x11	 x10:0x00000000 x11:0x00000000 x10=0x00000000
      684729000	     34134	800079e8	7eedbd17	auipc	x26,0x7eedb	 x26=0xfeee29e8
      684769000	     34136	800079ec	018dff63	bgeu	x27,x24,80007a0a	 x27:0x00000000 x24:0xfeab5df7
      685189000	     34157	800079f0	008a	c.slli	x1,0x2	  x1:0x00000000  x1=0x00000000
      685209000	     34158	800079f2	00d88233	add	x4,x17,x13	 x17:0x00000015 x13:0x00000001  x4=0x00000016
      685649000	     34180	800079f6	02585db3	divu	x27,x16,x5	 x16:0x00000000  x5:0x00000000 x27=0xffffffff
      686049000	     34200	800079fa	2d3dba13	sltiu	x20,x27,723	 x27:0xffffffff x20=0x00000000
      686069000	     34201	800079fe	01228433	add	x8,x5,x18	  x5:0x00000000 x18:0x00000111  x8=0x00000111
      686089000	     34202	80007a02	8f81	c.sub	x15,x8	 x15:0x00000000  x8:0x00000111 x15=0xfffffeef
      686109000	     34203	80007a04	8522	c.mv	x10,x8	  x0:0x00000000  x8:0x00000111 x10=0x00000111
      686129000	     34204	80007a06	7936f213	andi	x4,x13,1939	 x13:0x00000001  x4=0x00000001
      686149000	     34205	80007a0a	44dc0b13	addi	x22,x24,1101	 x24:0xfeab5df7 x22=0xfeab6244
      686169000	     34206	80007a0e	8429	c.srai	x8,0xa	  x8:0x00000111  x8=0x00000000
      686209000	     34208	80007a10	021c92b3	mulh	x5,x25,x1	 x25:0x3ffdc321  x1:0x00000000  x5=0x00000000
      686229000	     34209	80007a14	02258db3	mul	x27,x11,x2	 x11:0x00000000  x2:0xf5e39895 x27=0x00000000
      686289000	     34212	80007a18	03aaeb63	bltu	x21,x26,80007a4e	 x21:0x00000000 x26:0xfeee29e8
      686849000	     34240	80007a4e	60cd1317	auipc	x6,0x60cd1	  x6=0xe0cd8a4e
      686869000	     34241	80007a52	8ccd	c.or	x9,x11	  x9:0x00000000 x11:0x00000000  x9=0x00000000
      686909000	     34243	80007a54	c389	c.beqz	x15,80007a56	 x15:0xfffffeef
      686929000	     34244	80007a56	0143f3b3	and	x7,x7,x20	  x7:0x775dc000 x20:0x00000000  x7=0x00000000
      686949000	     34245	80007a5a	0ff0000f	fence	iorw,iorw	
      686989000	     34247	80007a5e	02596033	rem	x0,x18,x5	 x18:0x00000111  x5:0x00000000  x0=0x00000000
      687009000	     34248	80007a62	8df9	c.and	x11,x14	 x11:0x00000000 x14:0x80023ce4 x11=0x00000000
      687149000	     34255	80007a64	c348f293	andi	x5,x17,-972	 x17:0x00000015  x5=0x00000014
      687169000	     34256	80007a68	8dfd	c.and	x11,x15	 x11:0x00000000 x15:0xfffffeef x11=0x00000000
      687529000	     34274	80007a6a	00e18933	add	x18,x3,x14	  x3:0x50000000 x14:0x80023ce4 x18=0xd0023ce4
      687549000	     34275	80007a6e	8c41	c.or	x8,x8	  x8:0x00000000  x8:0x00000000  x8=0x00000000
      687569000	     34276	80007a70	4ad9	c.li	x21,22	 x21=0x00000016
      687589000	     34277	80007a72	007a7333	and	x6,x20,x7	 x20:0x00000000  x7:0x00000000  x6=0x00000000
      687609000	     34278	80007a76	030d9563	bne	x27,x16,80007aa0	 x27:0x00000000 x16:0x00000000
      687629000	     34279	80007a7a	01c6b4b3	sltu	x9,x13,x28	 x13:0x00000001 x28:0x34065938  x9=0x00000001
      687929000	     34294	80007a7e	00ceba33	sltu	x20,x29,x12	 x29:0x30000366 x12:0x8001fe4c x20=0x00000001
      688029000	     34299	80007a82	08564ab7	lui	x21,0x8564	 x21=0x08564000
      688049000	     34300	80007a86	f1ec2e93	slti	x29,x24,-226	 x24:0xfeab5df7 x29=0x00000001
      688069000	     34301	80007a8a	8285	c.srli	x13,0x1	 x13:0x00000001 x13=0x00000000
      688089000	     34302	80007a8c	03147363	bgeu	x8,x17,80007ab2	  x8:0x00000000 x17:0x00000015
      688289000	     34312	80007a90	028a	c.slli	x5,0x2	  x5:0x00000014  x5=0x00000050
      688309000	     34313	80007a92	8e8a	c.mv	x29,x2	  x0:0x00000000  x2:0xf5e39895 x29=0xf5e39895
      688329000	     34314	80007a94	85a9	c.srai	x11,0xa	 x11:0x00000000 x11=0x00000000
      688349000	     34315	80007a96	8f85	c.sub	x15,x9	 x15:0xfffffeef  x9:0x00000001 x15=0xfffffeee
      688429000	     34319	80007a98	03fb8333	mul	x6,x23,x31	 x23:0x00000000 x31:0xa8d9f8c0  x6=0x00000000
      688449000	     34320	80007a9c	01c45f93	srli	x31,x8,0x1c	  x8:0x00000000 x31=0x00000000
      688469000	     34321	80007aa0	003b5233	srl	x4,x22,x3	 x22:0xfeab6244  x3:0x50000000  x4=0xfeab6244
      688489000	     34322	80007aa4	8a86	c.mv	x21,x1	  x0:0x00000000  x1:0x00000000 x21=0x00000000
      688509000	     34323	80007aa6	0ff0000f	fence	iorw,iorw	
      688529000	     34324	80007aaa	8d89	c.sub	x11,x10	 x11:0x00000000 x10:0x00000111 x11=0xfffffeef
      688629000	     34329	80007aac	8efd	c.and	x13,x15	 x13:0x00000000 x15:0xfffffeee x13=0x00000000
      688749000	     34335	80007aae	01e9b013	sltiu	x0,x19,30	 x19:0xffffa260  x0=0x00000000
      688869000	     34341	80007ab2	01ac9193	slli	x3,x25,0x1a	 x25:0x3ffdc321  x3=0x84000000
      688889000	     34342	80007ab6	013b6f33	or	x30,x22,x19	 x22:0xfeab6244 x19:0xffffa260 x30=0xffffe264
      688909000	     34343	80007aba	ee81	c.bnez	x13,80007ad2	 x13:0x00000000
      689069000	     34351	80007abc	02e8b533	mulhu	x10,x17,x14	 x17:0x00000015 x14:0x80023ce4 x10=0x0000000a
      689389000	     34367	80007ac0	403a5f93	srai	x31,x20,0x3	 x20:0x00000001 x31=0x00000000
      690129000	     34404	80007ac4	02f5ffb3	remu	x31,x11,x15	 x11:0xfffffeef x15:0xfffffeee x31=0x00000001
      690149000	     34405	80007ac8	0ff0000f	fence	iorw,iorw	
      690169000	     34406	80007acc	12fd	c.addi	x5,-1	  x5:0x00000050  x5=0x0000004f
      690189000	     34407	80007ace	027cc263	blt	x25,x7,80007af2	 x25:0x3ffdc321  x7:0x00000000
      690229000	     34409	80007ad2	02aca933	mulhsu	x18,x25,x10	 x25:0x3ffdc321 x10:0x0000000a x18=0x00000002
      690249000	     34410	80007ad6	cc81	c.beqz	x9,80007aee	  x9:0x00000001
      690269000	     34411	80007ad8	e8943513	sltiu	x10,x8,-375	  x8:0x00000000 x10=0x00000001
      690669000	     34431	80007adc	00106463	bltu	x0,x1,80007ae4	  x0:0x00000000  x1:0x00000000
      691089000	     34452	80007ae0	40d4d333	sra	x6,x9,x13	  x9:0x00000001 x13:0x00000000  x6=0x00000001
      691209000	     34458	80007ae4	8461	c.srai	x8,0x18	  x8:0x00000000  x8=0x00000000
      691229000	     34459	80007ae6	8d5a9c17	auipc	x24,0x8d5a9	 x24=0x0d5b0ae6
      691249000	     34460	80007aea	003ce463	bltu	x25,x3,80007af2	 x25:0x3ffdc321  x3:0x84000000
      691529000	     34474	80007af2	8b89bb93	sltiu	x23,x19,-1864	 x19:0xffffa260 x23=0x00000001
      691549000	     34475	80007af6	1b7d	c.addi	x22,-1	 x22:0xfeab6244 x22=0xfeab6243
      691729000	     34484	80007af8	019489b3	add	x19,x9,x25	  x9:0x00000001 x25:0x3ffdc321 x19=0x3ffdc322
      692569000	     34526	80007afc	03375e33	divu	x28,x14,x19	 x14:0x80023ce4 x19:0x3ffdc322 x28=0x00000002
      692589000	     34527	80007b00	011ddf13	srli	x30,x27,0x11	 x27:0x00000000 x30=0x00000000
      692609000	     34528	80007b04	1f892193	slti	x3,x18,504	 x18:0x00000002  x3=0x00000001
      692649000	     34530	80007b08	03d5bab3	mulhu	x21,x11,x29	 x11:0xfffffeef x29:0xf5e39895 x21=0xf5e3978e
      692669000	     34531	80007b0c	01c25a63	bge	x4,x28,80007b20	  x4:0xfeab6244 x28:0x00000002
      692689000	     34532	80007b10	c909	c.beqz	x10,80007b22	 x10:0x00000001
      692709000	     34533	80007b12	8c39	c.xor	x8,x14	  x8:0x00000000 x14:0x80023ce4  x8=0x80023ce4
      692729000	     34534	80007b14	4023dcb3	sra	x25,x7,x2	  x7:0x00000000  x2:0xf5e39895 x25=0x00000000
      692849000	     34540	80007b18	67138b13	addi	x22,x7,1649	  x7:0x00000000 x22=0x00000671
      692869000	     34541	80007b1c	0031cc63	blt	x3,x3,80007b34	  x3:0x00000001  x3:0x00000001
      693289000	     34562	80007b20	1b7d	c.addi	x22,-1	 x22:0x00000671 x22=0x00000670
      693389000	     34567	80007b22	018fdf63	bge	x31,x24,80007b40	 x31:0x00000001 x24:0x0d5b0ae6
      693409000	     34568	80007b26	01d094b3	sll	x9,x1,x29	  x1:0x00000000 x29:0xf5e39895  x9=0x00000000
      693429000	     34569	80007b2a	0326	c.slli	x6,0x9	  x6:0x00000001  x6=0x00000200
      693829000	     34589	80007b2c	017059b3	srl	x19,x0,x23	  x0:0x00000000 x23:0x00000001 x19=0x00000000
      693869000	     34591	80007b30	0290ea33	rem	x20,x1,x9	  x1:0x00000000  x9:0x00000000 x20=0x00000000
      693929000	     34594	80007b34	0001	c.addi	x0,0	  x0:0x00000000  x0=0x00000000
      693949000	     34595	80007b36	cddbee17	auipc	x28,0xcddbe	 x28=0x4ddc5b36
      693969000	     34596	80007b3a	8cc5	c.or	x9,x9	  x9:0x00000000  x9:0x00000000  x9=0x00000000
      693989000	     34597	80007b3c	e589	c.bnez	x11,80007b46	 x11:0xfffffeef
      694589000	     34627	80007b46	00da8533	add	x10,x21,x13	 x21:0xf5e3978e x13:0x00000000 x10=0xf5e3978e
      694789000	     34637	80007b4a	01060b63	beq	x12,x16,80007b60	 x12:0x8001fe4c x16:0x00000000
      694869000	     34641	80007b4e	01ef9a93	slli	x21,x31,0x1e	 x31:0x00000001 x21=0x40000000
      694889000	     34642	80007b52	01779f13	slli	x30,x15,0x17	 x15:0xfffffeee x30=0x77000000
      694909000	     34643	80007b56	419601b3	sub	x3,x12,x25	 x12:0x8001fe4c x25:0x00000000  x3=0x8001fe4c
      694929000	     34644	80007b5a	8cf9	c.and	x9,x14	  x9:0x00000000 x14:0x80023ce4  x9=0x00000000
      694949000	     34645	80007b5c	844d	c.srai	x8,0x13	  x8:0x80023ce4  x8=0xfffff000
      694969000	     34646	80007b5e	925e	c.add	x4,x23	  x4:0xfeab6244 x23:0x00000001  x4=0xfeab6245
      694989000	     34647	80007b60	0127e433	or	x8,x15,x18	 x15:0xfffffeee x18:0x00000002  x8=0xfffffeee
      695069000	     34651	80007b64	00ec1033	sll	x0,x24,x14	 x24:0x0d5b0ae6 x14:0x80023ce4  x0=0x00000000
      695229000	     34659	80007b68	8c2e	c.mv	x24,x11	  x0:0x00000000 x11:0xfffffeef x24=0xfffffeef
      696269000	     34711	80007b6a	02bee533	rem	x10,x29,x11	 x29:0xf5e39895 x11:0xfffffeef x10=0xffffff4d
      696289000	     34712	80007b6e	032dc263	blt	x27,x18,80007b92	 x27:0x00000000 x18:0x00000002
      696769000	     34736	80007b92	e499	c.bnez	x9,80007ba0	  x9:0x00000000
      696789000	     34737	80007b94	0053c4b3	xor	x9,x7,x5	  x7:0x00000000  x5:0x0000004f  x9=0x0000004f
      696969000	     34746	80007b98	01ec24b3	slt	x9,x24,x30	 x24:0xfffffeef x30:0x77000000  x9=0x00000001
      697409000	     34768	80007b9c	03b26eb3	rem	x29,x4,x27	  x4:0xfeab6245 x27:0x00000000 x29=0xfeab6245
      698149000	     34805	80007ba0	03ff72b3	remu	x5,x30,x31	 x30:0x77000000 x31:0x00000001  x5=0x00000000
      698169000	     34806	80007ba4	a0372293	slti	x5,x14,-1533	 x14:0x80023ce4  x5=0x00000001
      698189000	     34807	80007ba8	997d	c.andi	x10,-1	 x10:0xffffff4d x10=0xffffff4d
      698209000	     34808	80007baa	8c71	c.and	x8,x12	  x8:0xfffffeee x12:0x8001fe4c  x8=0x8001fe4c
      698229000	     34809	80007bac	0000100f	fence.i	
      698789000	     34837	80007bb0	080d	c.addi	x16,3	 x16:0x00000000 x16=0x00000003
      698809000	     34838	80007bb2	8d61	c.and	x10,x8	 x10:0xffffff4d  x8:0x8001fe4c x10=0x8001fe4c
      699209000	     34858	80007bb4	01e18eb3	add	x29,x3,x30	  x3:0x8001fe4c x30:0x77000000 x29=0xf701fe4c
      699369000	     34866	80007bb8	8ea6	c.mv	x29,x9	  x0:0x00000000  x9:0x00000001 x29=0x00000001
      699429000	     34869	80007bba	3e466913	ori	x18,x12,996	 x12:0x8001fe4c x18=0x8001ffec
      699449000	     34870	80007bbe	8efd	c.and	x13,x15	 x13:0x00000000 x15:0xfffffeee x13=0x00000000
      699469000	     34871	80007bc0	a6122313	slti	x6,x4,-1439	  x4:0xfeab6245  x6=0x00000001
      699489000	     34872	80007bc4	c385	c.beqz	x15,80007be4	 x15:0xfffffeee
      699509000	     34873	80007bc6	0001	c.addi	x0,0	  x0:0x00000000  x0=0x00000000
      699909000	     34893	80007bc8	031e3e33	mulhu	x28,x28,x17	 x28:0x4ddc5b36 x17:0x00000015 x28=0x00000006
      699929000	     34894	80007bcc	0117ba33	sltu	x20,x15,x17	 x15:0xfffffeee x17:0x00000015 x20=0x00000000
      700249000	     34910	80007bd0	8b91	c.andi	x15,4	 x15:0xfffffeee x15=0x00000004
      700669000	     34931	80007bd2	0033e263	bltu	x7,x3,80007bd6	  x7:0x00000000  x3:0x8001fe4c
      701489000	     34972	80007bd6	03441333	mulh	x6,x8,x20	  x8:0x8001fe4c x20:0x00000000  x6=0x00000000
      701509000	     34973	80007bda	8d75	c.and	x10,x13	 x10:0x8001fe4c x13:0x00000000 x10=0x00000000
      701589000	     34977	80007bdc	8ee1	c.and	x13,x8	 x13:0x00000000  x8:0x8001fe4c x13=0x00000000
      701609000	     34978	80007bde	8c11	c.sub	x8,x12	  x8:0x8001fe4c x12:0x8001fe4c  x8=0x00000000
      701989000	     34997	80007be0	8c5d	c.or	x8,x15	  x8:0x00000000 x15:0x00000004  x8=0x00000004
      702009000	     34998	80007be2	85cd	c.srai	x11,0x13	 x11:0xfffffeef x11=0xffffffff
      702029000	     34999	80007be4	8c8d	c.sub	x9,x11	  x9:0x00000001 x11:0xffffffff  x9=0x00000002
      702049000	     35000	80007be6	8ca5	c.xor	x9,x9	  x9:0x00000002  x9:0x00000002  x9=0x00000000
      702429000	     35019	80007be8	9b76	c.add	x22,x29	 x22:0x00000670 x29:0x00000001 x22=0x00000671
      702449000	     35020	80007bea	cc81	c.beqz	x9,80007c02	  x9:0x00000000
      704249000	     35110	80007c02	4c19	c.li	x24,6	 x24=0x00000006
      704329000	     35114	80007c04	8c29	c.xor	x8,x10	  x8:0x00000004 x10:0x00000000  x8=0x00000004
      704609000	     35128	80007c06	871ef813	andi	x16,x29,-1935	 x29:0x00000001 x16=0x00000001
      704969000	     35146	80007c0a	00fadf63	bge	x21,x15,80007c28	 x21:0x40000000 x15:0x00000004
      705749000	     35185	80007c28	8ffd	c.and	x15,x15	 x15:0x00000004 x15:0x00000004 x15=0x00000004
      705769000	     35186	80007c2a	82e5	c.srli	x13,0x19	 x13:0x00000000 x13=0x00000000
      705789000	     35187	80007c2c	f6828213	addi	x4,x5,-152	  x5:0x00000001  x4=0xffffff69
      705889000	     35192	80007c30	42b5	c.li	x5,13	  x5=0x0000000d
      705909000	     35193	80007c32	01528c63	beq	x5,x21,80007c4a	  x5:0x0000000d x21:0x40000000
      705929000	     35194	80007c36	01f9a4b3	slt	x9,x19,x31	 x19:0x00000000 x31:0x00000001  x9=0x00000001
      706269000	     35211	80007c3a	039e0833	mul	x16,x28,x25	 x28:0x00000006 x25:0x00000000 x16=0x00000000
      706289000	     35212	80007c3e	01295b63	bge	x18,x18,80007c54	 x18:0x8001ffec x18:0x8001ffec
      706369000	     35216	80007c54	8ead	c.xor	x13,x11	 x13:0x00000000 x11:0xffffffff x13=0xffffffff
      707009000	     35248	80007c56	01bf90b3	sll	x1,x31,x27	 x31:0x00000001 x27:0x00000000  x1=0x00000001
      707029000	     35249	80007c5a	403e5333	sra	x6,x28,x3	 x28:0x00000006  x3:0x8001fe4c  x6=0x00000000
      707109000	     35253	80007c5e	79855f37	lui	x30,0x79855	 x30=0x79855000
      707129000	     35254	80007c62	6c51	c.lui	x24,0x14	 x24=0x00014000
      707169000	     35256	80007c64	029ebc33	mulhu	x24,x29,x9	 x29:0x00000001  x9:0x00000001 x24=0x00000000
      707329000	     35264	80007c68	45904593	xori	x11,x0,1113	  x0:0x00000000 x11=0x00000459
      707349000	     35265	80007c6c	0aba	c.slli	x21,0xe	 x21:0x40000000 x21=0x00000000
      707369000	     35266	80007c6e	8465	c.srai	x8,0x19	  x8:0x00000004  x8=0x00000000
      707389000	     35267	80007c70	9bfd	c.andi	x15,-1	 x15:0x00000004 x15=0x00000004
      707409000	     35268	80007c72	8cb9	c.xor	x9,x14	  x9:0x00000001 x14:0x80023ce4  x9=0x80023ce5
      707429000	     35269	80007c74	36c3e297	auipc	x5,0x36c3e	  x5=0xb6c45c74
      707469000	     35271	80007c78	9f3e	c.add	x30,x15	 x30:0x79855000 x15:0x00000004 x30=0x79855004
      708309000	     35313	80007c7a	02ec59b3	divu	x19,x24,x14	 x24:0x00000000 x14:0x80023ce4 x19=0x00000000
      708329000	     35314	80007c7e	0000100f	fence.i	
      709689000	     35382	80007c82	0326d0b3	divu	x1,x13,x18	 x13:0xffffffff x18:0x8001ffec  x1=0x00000001
      709709000	     35383	80007c86	00dc9463	bne	x25,x13,80007c8e	 x25:0x00000000 x13:0xffffffff
      709789000	     35387	80007c8e	8c8d	c.sub	x9,x11	  x9:0x80023ce5 x11:0x00000459  x9=0x8002388c
      709809000	     35388	80007c90	9c66	c.add	x24,x25	 x24:0x00000000 x25:0x00000000 x24=0x00000000
      710129000	     35404	80007c92	40525bb3	sra	x23,x4,x5	  x4:0xffffff69  x5:0xb6c45c74 x23=0xffffffff
      710269000	     35411	80007c96	0184b533	sltu	x10,x9,x24	  x9:0x8002388c x24:0x00000000 x10=0x00000000
      710289000	     35412	80007c9a	04ad	c.addi	x9,11	  x9:0x8002388c  x9=0x80023897
      721229000	     35959	80007c9c	0001	c.addi	x0,0	  x0:0x00000000  x0=0x00000000
      721249000	     35960	80007c9e	e899	c.bnez	x9,80007cb4	  x9:0x80023897
      721329000	     35964	80007cb4	40d60eb3	sub	x29,x12,x13	 x12:0x8001fe4c x13:0xffffffff x29=0x8001fe4d
      721829000	     35989	80007cb8	86cd	c.srai	x13,0x13	 x13:0xffffffff x13=0xffffffff
      722249000	     36010	80007cba	004fdd63	bge	x31,x4,80007cd4	 x31:0x00000001  x4:0xffffff69
      722989000	     36047	80007cd4	0569	c.addi	x10,26	 x10:0x00000000 x10=0x0000001a
      723849000	     36090	80007cd6	039848b3	div	x17,x16,x25	 x16:0x00000000 x25:0x00000000 x17=0xffffffff
      723869000	     36091	80007cda	97be	c.add	x15,x15	 x15:0x00000004 x15:0x00000004 x15=0x00000008
      723909000	     36093	80007cdc	037cb233	mulhu	x4,x25,x23	 x25:0x00000000 x23:0xffffffff  x4=0x00000000
      723929000	     36094	80007ce0	014dc363	blt	x27,x20,80007ce6	 x27:0x00000000 x20:0x00000000
      724289000	     36112	80007ce4	8912	c.mv	x18,x4	  x0:0x00000000  x4:0x00000000 x18=0x00000000
      724309000	     36113	80007ce6	94c6	c.add	x9,x17	  x9:0x80023897 x17:0xffffffff  x9=0x80023896
      724369000	     36116	80007ce8	0001	c.addi	x0,0	  x0:0x00000000  x0=0x00000000
      724729000	     36134	80007cea	02b29c33	mulh	x24,x5,x11	  x5:0xb6c45c74 x11:0x00000459 x24=0xfffffec1
      724749000	     36135	80007cee	29477037	lui	x0,0x29477	  x0=0x00000000
      724769000	     36136	80007cf2	0001	c.addi	x0,0	  x0:0x00000000  x0=0x00000000
      724889000	     36142	80007cf4	056af463	bgeu	x21,x22,80007d3c	 x21:0x00000000 x22:0x00000671
      725629000	     36179	80007cf8	03c86333	rem	x6,x16,x28	 x16:0x00000000 x28:0x00000006  x6=0x00000000
      725649000	     36180	80007cfc	41c35313	srai	x6,x6,0x1c	  x6:0x00000000  x6=0x00000000
      725669000	     36181	80007d00	03afd363	bge	x31,x26,80007d26	 x31:0x00000001 x26:0xfeee29e8
      726009000	     36198	80007d26	03b6fc33	remu	x24,x13,x27	 x13:0xffffffff x27:0x00000000 x24=0xffffffff
      726029000	     36199	80007d2a	537d	c.li	x6,-1	  x6=0xffffffff
      726049000	     36200	80007d2c	00394cb3	xor	x25,x18,x3	 x18:0x00000000  x3:0x8001fe4c x25=0x8001fe4c
      726069000	     36201	80007d30	4e21	c.li	x28,8	 x28=0x00000008
      726089000	     36202	80007d32	59fd	c.li	x19,-1	 x19=0xffffffff
      726109000	     36203	80007d34	415c5bb3	sra	x23,x24,x21	 x24:0xffffffff x21:0x00000000 x23=0xffffffff
      726249000	     36210	80007d38	cdb08013	addi	x0,x1,-805	  x1:0x00000001  x0=0x00000000
      726409000	     36218	80007d3c	0001	c.addi	x0,0	  x0:0x00000000  x0=0x00000000
      727549000	     36275	80007d3e	02c749b3	div	x19,x14,x12	 x14:0x80023ce4 x12:0x8001fe4c x19=0x00000000
      727569000	     36276	80007d42	61d1	c.lui	x3,0x14	  x3=0x00014000
      727589000	     36277	80007d44	00a57433	and	x8,x10,x10	 x10:0x0000001a x10:0x0000001a  x8=0x0000001a
      727609000	     36278	80007d48	4176df13	srai	x30,x13,0x17	 x13:0xffffffff x30=0xffffffff
      727629000	     36279	80007d4c	00d41c33	sll	x24,x8,x13	  x8:0x0000001a x13:0xffffffff x24=0x00000000
      727649000	     36280	80007d50	0dde	c.slli	x27,0x17	 x27:0x00000000 x27=0x00000000
      727669000	     36281	80007d52	85c9	c.srai	x11,0x12	 x11:0x00000459 x11=0x00000000
      727689000	     36282	80007d54	071a7d63	bgeu	x20,x17,80007dce	 x20:0x00000000 x17:0xffffffff
      727709000	     36283	80007d58	02c000ef	jal	x1,80007d84	  x1=0x80007d5c
      728589000	     36327	80007d84	ff9ff0ef	jal	x1,80007d7c	  x1=0x80007d88
      730449000	     36420	80007d7c	37f5	c.jal	80007d68	  x1=0x80007d7e
      730609000	     36428	80007d68	2019	c.jal	80007d6e	  x1=0x80007d6a
      730969000	     36446	80007d6e	a801	c.j	80007d7e	
      731049000	     36450	80007d7e	014000ef	jal	x1,80007d92	  x1=0x80007d82
      731109000	     36453	80007d92	0040036f	jal	x6,80007d96	  x6=0x80007d96
      731169000	     36456	80007d96	b7f5	c.j	80007d82	
      731229000	     36459	80007d82	bfe9	c.j	80007d5c	
      731269000	     36461	80007d5c	a009	c.j	80007d5e	
      731349000	     36465	80007d5e	00400cef	jal	x25,80007d62	 x25=0x80007d62
      731429000	     36469	80007d62	03e003ef	jal	x7,80007da0	  x7=0x80007d66
      731589000	     36477	80007da0	fedff36f	jal	x6,80007d8c	  x6=0x80007da4
      731629000	     36479	80007d8c	bff5	c.j	80007d88	
      731689000	     36482	80007d88	0120056f	jal	x10,80007d9a	 x10=0x80007d8c
      731769000	     36486	80007d9a	fd3ff0ef	jal	x1,80007d6c	  x1=0x80007d9e
      731829000	     36489	80007d6c	bfed	c.j	80007d66	
      731869000	     36491	80007d66	a031	c.j	80007d72	
      731909000	     36493	80007d72	a035	c.j	80007d9e	
      731949000	     36495	80007d9e	3fed	c.jal	80007d98	  x1=0x80007da0
      732029000	     36499	80007d98	bfdd	c.j	80007d8e	
      732149000	     36505	80007d8e	fddff0ef	jal	x1,80007d6a	  x1=0x80007d92
      732209000	     36508	80007d6a	2031	c.jal	80007d76	  x1=0x80007d6c
      732269000	     36511	80007d76	bffd	c.j	80007d74	
      732309000	     36513	80007d74	2011	c.jal	80007d78	  x1=0x80007d76
      732349000	     36515	80007d78	ff9ff36f	jal	x6,80007d70	  x6=0x80007d7c
      732389000	     36517	80007d70	a815	c.j	80007da4	
      732449000	     36520	80007da4	02b96833	rem	x16,x18,x11	 x18:0x00000000 x11:0x00000000 x16=0x00000000
      732469000	     36521	80007da8	04bd	c.addi	x9,15	  x9:0x80023896  x9=0x800238a5
      732489000	     36522	80007daa	0000100f	fence.i	
      732709000	     36533	80007dae	40a858b3	sra	x17,x16,x10	 x16:0x00000000 x10:0x80007d8c x17=0x00000000
      732729000	     36534	80007db2	84d9	c.srai	x9,0x16	  x9:0x800238a5  x9=0xfffffe00
      732929000	     36544	80007db4	00fd5e33	srl	x28,x26,x15	 x26:0xfeee29e8 x15:0x00000008 x28=0x00feee29
      733069000	     36551	80007db8	0001	c.addi	x0,0	  x0:0x00000000  x0=0x00000000
      733489000	     36572	80007dba	009b1e63	bne	x22,x9,80007dd6	 x22:0x00000671  x9:0xfffffe00
      734489000	     36622	80007dd6	02db16b3	mulh	x13,x22,x13	 x22:0x00000671 x13:0xffffffff x13=0xffffffff
      734849000	     36640	80007dda	01d96933	or	x18,x18,x29	 x18:0x00000000 x29:0x8001fe4d x18=0x8001fe4d
      735589000	     36677	80007dde	02e05fb3	divu	x31,x0,x14	  x0:0x00000000 x14:0x80023ce4 x31=0x00000000
      735609000	     36678	80007de2	007e8cb3	add	x25,x29,x7	 x29:0x8001fe4d  x7:0x80007d66 x25=0x00027bb3
      735629000	     36679	80007de6	016b6463	bltu	x22,x22,80007dee	 x22:0x00000671 x22:0x00000671
      735649000	     36680	80007dea	01480f33	add	x30,x16,x20	 x16:0x00000000 x20:0x00000000 x30=0x00000000
      735669000	     36681	80007dee	0001	c.addi	x0,0	  x0:0x00000000  x0=0x00000000
      735689000	     36682	80007df0	8eb1	c.xor	x13,x12	 x13:0xffffffff x12:0x8001fe4c x13=0x7ffe01b3
      735809000	     36688	80007df2	0ff0000f	fence	iorw,iorw	
      735849000	     36690	80007df6	0353c033	div	x0,x7,x21	  x7:0x80007d66 x21:0x00000000  x0=0x00000000
      735889000	     36692	80007dfa	03649233	mulh	x4,x9,x22	  x9:0xfffffe00 x22:0x00000671  x4=0xffffffff
      735909000	     36693	80007dfe	01019093	slli	x1,x3,0x10	  x3:0x00014000  x1=0x40000000
      735949000	     36695	80007e02	03c53233	mulhu	x4,x10,x28	 x10:0x80007d8c x28:0x00feee29  x4=0x007f7791
      735989000	     36697	80007e06	02af9cb3	mulh	x25,x31,x10	 x31:0x00000000 x10:0x80007d8c x25=0x00000000
      736069000	     36701	80007e0a	40525813	srai	x16,x4,0x5	  x4:0x007f7791 x16=0x0003fbbc
      736089000	     36702	80007e0e	03f99263	bne	x19,x31,80007e32	 x19:0x00000000 x31:0x00000000
      736509000	     36723	80007e12	007424b3	slt	x9,x8,x7	  x8:0x0000001a  x7:0x80007d66  x9=0x00000000
      736549000	     36725	80007e16	022cbab3	mulhu	x21,x25,x2	 x25:0x00000000  x2:0xf5e39895 x21=0x00000000
      736569000	     36726	80007e1a	0001	c.addi	x0,0	  x0:0x00000000  x0=0x00000000
      736589000	     36727	80007e1c	0ff0000f	fence	iorw,iorw	
      736749000	     36735	80007e20	9186	c.add	x3,x1	  x3:0x00014000  x1:0x40000000  x3=0x40014000
      737169000	     36756	80007e22	00832933	slt	x18,x6,x8	  x6:0x80007d7c  x8:0x0000001a x18=0x00000001
      737489000	     36772	80007e26	0248a3b3	mulhsu	x7,x17,x4	 x17:0x00000000  x4:0x007f7791  x7=0x00000000
      737509000	     36773	80007e2a	147d	c.addi	x8,-1	  x8:0x0000001a  x8=0x00000019
      737529000	     36774	80007e2c	580eee97	auipc	x29,0x580ee	 x29=0xd80f5e2c
      737549000	     36775	80007e30	8689	c.srai	x13,0x2	 x13:0x7ffe01b3 x13=0x1fff806c
      737569000	     36776	80007e32	0000100f	fence.i	
      737709000	     36783	80007e36	078e	c.slli	x15,0x3	 x15:0x00000008 x15=0x00000040
      737729000	     36784	80007e38	8ee1	c.and	x13,x8	 x13:0x1fff806c  x8:0x00000019 x13=0x00000008
      738149000	     36805	80007e3a	41e25913	srai	x18,x4,0x1e	  x4:0x007f7791 x18=0x00000000
      738169000	     36806	80007e3e	01749b93	slli	x23,x9,0x17	  x9:0x00000000 x23=0x00000000
      738189000	     36807	80007e42	006b5c93	srli	x25,x22,0x6	 x22:0x00000671 x25=0x00000019
      738209000	     36808	80007e46	00196433	or	x8,x18,x1	 x18:0x00000000  x1:0x40000000  x8=0x40000000
      738409000	     36818	80007e4a	015a8463	beq	x21,x21,80007e52	 x21:0x00000000 x21:0x00000000
      739269000	     36861	80007e52	b0d73c93	sltiu	x25,x14,-1267	 x14:0x80023ce4 x25=0x00000001
      739309000	     36863	80007e56	037c5433	divu	x8,x24,x23	 x24:0x00000000 x23:0x00000000  x8=0xffffffff
      739549000	     36875	80007e5a	b3ca4413	xori	x8,x20,-1220	 x20:0x00000000  x8=0xfffffb3c
      739729000	     36884	80007e5e	075f8063	beq	x31,x21,80007ebe	 x31:0x00000000 x21:0x00000000
      740269000	     36911	80007ebe	8bee	c.mv	x23,x27	  x0:0x00000000 x27:0x00000000 x23=0x00000000
      740289000	     36912	80007ec0	00969c93	slli	x25,x13,0x9	 x13:0x00000008 x25=0x00001000
      740309000	     36913	80007ec4	8fbd	c.xor	x15,x15	 x15:0x00000040 x15:0x00000040 x15=0x00000000
      740329000	     36914	80007ec6	c999	c.beqz	x11,80007edc	 x11:0x00000000
      740709000	     36933	80007edc	0080e1b3	or	x3,x1,x8	  x1:0x40000000  x8:0xfffffb3c  x3=0xfffffb3c
      740789000	     36937	80007ee0	0ff0000f	fence	iorw,iorw	
      740909000	     36943	80007ee4	007800b3	add	x1,x16,x7	 x16:0x0003fbbc  x7:0x00000000  x1=0x0003fbbc
      741329000	     36964	80007ee8	01e37f63	bgeu	x6,x30,80007f06	  x6:0x80007d7c x30:0x00000000
      741769000	     36986	80007f06	1a7d	c.addi	x20,-1	 x20:0x00000000 x20=0xffffffff
      741889000	     36992	80007f08	1b06cd13	xori	x26,x13,432	 x13:0x00000008 x26=0x000001b8
      741909000	     36993	80007f0c	8db9	c.xor	x11,x14	 x11:0x00000000 x14:0x80023ce4 x11=0x80023ce4
      742269000	     37011	80007f0e	02d2b493	sltiu	x9,x5,45	  x5:0xb6c45c74  x9=0x00000000
      742289000	     37012	80007f12	a0d0f093	andi	x1,x1,-1523	  x1:0x0003fbbc  x1=0x0003fa0c
      742309000	     37013	80007f16	0067fb63	bgeu	x15,x6,80007f2c	 x15:0x00000000  x6:0x80007d7c
      742729000	     37034	80007f1a	0300e863	bltu	x1,x16,80007f4a	  x1:0x0003fa0c x16:0x0003fbbc
      743749000	     37085	80007f4a	8d99	c.sub	x11,x14	 x11:0x80023ce4 x14:0x80023ce4 x11=0x00000000
      744489000	     37122	80007f4c	02a5e833	rem	x16,x11,x10	 x11:0x00000000 x10:0x80007d8c x16=0x00000000
      757989000	     37797	80007f50	87f1	c.srai	x15,0x1c	 x15:0x00000000 x15=0x00000000
      758009000	     37798	80007f52	412ed993	srai	x19,x29,0x12	 x29:0xd80f5e2c x19=0xfffff603
      758029000	     37799	80007f56	66e5	c.lui	x13,0x19	 x13=0x00019000
      758049000	     37800	80007f58	9e1e	c.add	x28,x7	 x28:0x00feee29  x7:0x00000000 x28=0x00feee29
      758069000	     37801	80007f5a	03dc8463	beq	x25,x29,80007f82	 x25:0x00001000 x29:0xd80f5e2c
      758089000	     37802	80007f5e	b6bda813	slti	x16,x27,-1173	 x27:0x00000000 x16=0x00000000
      758109000	     37803	80007f62	8324f097	auipc	x1,0x8324f	  x1=0x03256f62
      758509000	     37823	80007f66	01f2d963	bge	x5,x31,80007f78	  x5:0xb6c45c74 x31:0x00000000
      758529000	     37824	80007f6a	82a9	c.srli	x13,0xa	 x13:0x00019000 x13=0x00000064
      758869000	     37841	80007f6c	0001	c.addi	x0,0	  x0:0x00000000  x0=0x00000000
      758889000	     37842	80007f6e	0001	c.addi	x0,0	  x0:0x00000000  x0=0x00000000
      758909000	     37843	80007f70	8c76	c.mv	x24,x29	  x0:0x00000000 x29:0xd80f5e2c x24=0xd80f5e2c
      758929000	     37844	80007f72	8c6d	c.and	x8,x11	  x8:0xfffffb3c x11:0x00000000  x8=0x00000000
      758969000	     37846	80007f74	027e4b63	blt	x28,x7,80007faa	 x28:0x00feee29  x7:0x00000000
      759109000	     37853	80007f78	9509c5b7	lui	x11,0x9509c	 x11=0x9509c000
      759129000	     37854	80007f7c	8035	c.srli	x8,0xd	  x8:0x00000000  x8=0x00000000
      759169000	     37856	80007f7e	0316bab3	mulhu	x21,x13,x17	 x13:0x00000064 x17:0x00000000 x21=0x00000000
      759189000	     37857	80007f82	02a3d663	bge	x7,x10,80007fae	  x7:0x00000000 x10:0x80007d8c
      759789000	     37887	80007fae	18778513	addi	x10,x15,391	 x15:0x00000000 x10=0x00000187
      759829000	     37889	80007fb2	00c69e93	slli	x29,x13,0xc	 x13:0x00000064 x29=0x00064000
      760009000	     37898	80007fb6	00b83533	sltu	x10,x16,x11	 x16:0x00000000 x11:0x9509c000 x10=0x00000001
      760049000	     37900	80007fba	0ff0000f	fence	iorw,iorw	
      760069000	     37901	80007fbe	00a3fc33	and	x24,x7,x10	  x7:0x00000000 x10:0x00000001 x24=0x00000000
      760489000	     37922	80007fc2	0046f833	and	x16,x13,x4	 x13:0x00000064  x4:0x007f7791 x16=0x00000000
      760509000	     37923	80007fc6	01bf37b3	sltu	x15,x30,x27	 x30:0x00000000 x27:0x00000000 x15=0x00000000
      760529000	     37924	80007fca	41800b33	sub	x22,x0,x24	  x0:0x00000000 x24:0x00000000 x22=0x00000000
      760949000	     37945	80007fce	0ff0000f	fence	iorw,iorw	
      760969000	     37946	80007fd2	7e91fd13	andi	x26,x3,2025	  x3:0xfffffb3c x26=0x00000328
      761389000	     37967	80007fd6	005e9693	slli	x13,x29,0x5	 x29:0x00064000 x13=0x00c80000
      761649000	     37980	80007fda	015e5413	srli	x8,x28,0x15	 x28:0x00feee29  x8=0x00000007
      761669000	     37981	80007fde	0001	c.addi	x0,0	  x0:0x00000000  x0=0x00000000
      761829000	     37989	80007fe0	4031d533	sra	x10,x3,x3	  x3:0xfffffb3c  x3:0xfffffb3c x10=0xffffffff
      762029000	     37999	80007fe4	02c5afb3	mulhsu	x31,x11,x12	 x11:0x9509c000 x12:0x8001fe4c x31=0xca840ac9
      762769000	     38036	80007fe8	02545533	divu	x10,x8,x5	  x8:0x00000007  x5:0xb6c45c74 x10=0x00000000
      762789000	     38037	80007fec	c499	c.beqz	x9,80007ffa	  x9:0x00000000
      762849000	     38040	80007ffa	9e4aa393	slti	x7,x21,-1564	 x21:0x00000000  x7=0x00000000
      763109000	     38053	80007ffe	b3f18293	addi	x5,x3,-1217	  x3:0xfffffb3c  x5=0xfffff67b
      763129000	     38054	80008002	03f6	c.slli	x7,0x1d	  x7:0x00000000  x7=0x00000000
      763429000	     38069	80008004	00683433	sltu	x8,x16,x6	 x16:0x00000000  x6:0x80007d7c  x8=0x00000001
      763469000	     38071	80008008	022f1db3	mulh	x27,x30,x2	 x30:0x00000000  x2:0xf5e39895 x27=0x00000000
      763549000	     38075	8000800c	027e08b3	mul	x17,x28,x7	 x28:0x00feee29  x7:0x00000000 x17=0x00000000
      763589000	     38077	80008010	03e24333	div	x6,x4,x30	  x4:0x007f7791 x30:0x00000000  x6=0xffffffff
      763729000	     38084	80008014	40efd193	srai	x3,x31,0xe	 x31:0xca840ac9  x3=0xffff2a10
      763929000	     38094	80008018	c4aca693	slti	x13,x25,-950	 x25:0x00001000 x13=0x00000000
      764269000	     38111	8000801c	9276	c.add	x4,x29	  x4:0x007f7791 x29:0x00064000  x4=0x0085b791
      764289000	     38112	8000801e	0000100f	fence.i	
      764909000	     38143	80008022	8ccaf293	andi	x5,x21,-1844	 x21:0x00000000  x5=0x00000000
      764929000	     38144	80008026	09ad	c.addi	x19,11	 x19:0xfffff603 x19=0xfffff60e
      764949000	     38145	80008028	03458333	mul	x6,x11,x20	 x11:0x9509c000 x20:0xffffffff  x6=0x6af64000
      765689000	     38182	8000802c	02c4edb3	rem	x27,x9,x12	  x9:0x00000000 x12:0x8001fe4c x27=0x00000000
      765709000	     38183	80008030	414800b3	sub	x1,x16,x20	 x16:0x00000000 x20:0xffffffff  x1=0x00000001
      765729000	     38184	80008034	0126c833	xor	x16,x13,x18	 x13:0x00000000 x18:0x00000000 x16=0x00000000
      765749000	     38185	80008038	e39d	c.bnez	x15,8000805e	 x15:0x00000000
      765769000	     38186	8000803a	0001	c.addi	x0,0	  x0:0x00000000  x0=0x00000000
      765789000	     38187	8000803c	86ad2093	slti	x1,x26,-1942	 x26:0x00000328  x1=0x00000000
      765809000	     38188	80008040	9bc6	c.add	x23,x17	 x23:0x00000000 x17:0x00000000 x23=0x00000000
      765829000	     38189	80008042	02bf4463	blt	x30,x11,8000806a	 x30:0x00000000 x11:0x9509c000
      765849000	     38190	80008046	01bd9a13	slli	x20,x27,0x1b	 x27:0x00000000 x20=0x00000000
      765889000	     38192	8000804a	0311feb3	remu	x29,x3,x17	  x3:0xffff2a10 x17:0x00000000 x29=0xffff2a10
      765909000	     38193	8000804e	804d	c.srli	x8,0x13	  x8:0x00000001  x8=0x00000000
      766229000	     38209	80008050	0e51	c.addi	x28,20	 x28:0x00feee29 x28=0x00feee3d
      766249000	     38210	80008052	c129	c.beqz	x10,80008094	 x10:0x00000000
      766749000	     38235	80008094	8da1	c.xor	x11,x8	 x11:0x9509c000  x8:0x00000000 x11=0x9509c000
      766769000	     38236	80008096	3dc4cf13	xori	x30,x9,988	  x9:0x00000000 x30=0x000003dc
      766789000	     38237	8000809a	0001	c.addi	x0,0	  x0:0x00000000  x0=0x00000000
      767049000	     38250	8000809c	0332a833	mulhsu	x16,x5,x19	  x5:0x00000000 x19:0xfffff60e x16=0x00000000
      767229000	     38259	800080a0	81f1	c.srli	x11,0x1c	 x11:0x9509c000 x11=0x00000009
      767249000	     38260	800080a2	88be	c.mv	x17,x15	  x0:0x00000000 x15:0x00000000 x17=0x00000000
      767429000	     38269	800080a4	dcc98393	addi	x7,x19,-564	 x19:0xfffff60e  x7=0xfffff3da
      767689000	     38282	800080a8	f5ae8e93	addi	x29,x29,-166	 x29:0xffff2a10 x29=0xffff296a
      767709000	     38283	800080ac	06f5	c.addi	x13,29	 x13:0x00000000 x13=0x0000001d
      768069000	     38301	800080ae	03663033	mulhu	x0,x12,x22	 x12:0x8001fe4c x22:0x00000000  x0=0x00000000
      768089000	     38302	800080b2	418bdf93	srai	x31,x23,0x18	 x23:0x00000000 x31=0x00000000
      768109000	     38303	800080b6	016541b3	xor	x3,x10,x22	 x10:0x00000000 x22:0x00000000  x3=0x00000000
      768149000	     38305	800080ba	02916ab3	rem	x21,x2,x9	  x2:0xf5e39895  x9:0x00000000 x21=0xf5e39895
      768269000	     38311	800080be	0154db63	bge	x9,x21,800080d4	  x9:0x00000000 x21:0xf5e39895
      769229000	     38359	800080d4	02d662b3	rem	x5,x12,x13	 x12:0x8001fe4c x13:0x0000001d  x5=0xffffffef
      769249000	     38360	800080d8	0001	c.addi	x0,0	  x0:0x00000000  x0=0x00000000
      769269000	     38361	800080da	82ad	c.srli	x13,0xb	 x13:0x0000001d x13=0x00000000
      769289000	     38362	800080dc	8ea9	c.xor	x13,x10	 x13:0x00000000 x10:0x00000000 x13=0x00000000
      769309000	     38363	800080de	da505437	lui	x8,0xda505	  x8=0xda505000
      769329000	     38364	800080e2	404384b3	sub	x9,x7,x4	  x7:0xfffff3da  x4:0x0085b791  x9=0xff7a3c49
      769349000	     38365	800080e6	8dc68e13	addi	x28,x13,-1828	 x13:0x00000000 x28=0xfffff8dc
      769429000	     38369	800080ea	0085d6b3	srl	x13,x11,x8	 x11:0x00000009  x8:0xda505000 x13=0x00000009
      769449000	     38370	800080ee	03bf0333	mul	x6,x30,x27	 x30:0x000003dc x27:0x00000000  x6=0x00000000
      769629000	     38379	800080f2	007f6c63	bltu	x30,x7,8000810a	 x30:0x000003dc  x7:0xfffff3da
      770309000	     38413	8000810a	0000100f	fence.i	
      771089000	     38452	8000810e	0ff0000f	fence	iorw,iorw	
      771509000	     38473	80008112	6bef6513	ori	x10,x30,1726	 x30:0x000003dc x10=0x000007fe
      771549000	     38475	80008116	032ff033	remu	x0,x31,x18	 x31:0x00000000 x18:0x00000000  x0=0x00000000
      771569000	     38476	8000811a	0ff0000f	fence	iorw,iorw	
      771589000	     38477	8000811e	02889963	bne	x17,x8,80008150	 x17:0x00000000  x8:0xda505000
      772769000	     38536	80008150	02c25a33	divu	x20,x4,x12	  x4:0x0085b791 x12:0x8001fe4c x20=0x00000000
      772789000	     38537	80008154	0001	c.addi	x0,0	  x0:0x00000000  x0=0x00000000
      772809000	     38538	80008156	8149	c.srli	x10,0x12	 x10:0x000007fe x10=0x00000000
      772829000	     38539	80008158	8ac9	c.andi	x13,18	 x13:0x00000009 x13=0x00000000
      772849000	     38540	8000815a	c3d27b13	andi	x22,x4,-963	  x4:0x0085b791 x22=0x0085b411
      772869000	     38541	8000815e	4799	c.li	x15,6	 x15=0x00000006
      772889000	     38542	80008160	40bb5433	sra	x8,x22,x11	 x22:0x0085b411 x11:0x00000009  x8=0x000042da
      772989000	     38547	80008164	147d	c.addi	x8,-1	  x8:0x000042da  x8=0x000042d9
      773069000	     38551	80008166	409a0933	sub	x18,x20,x9	 x20:0x00000000  x9:0xff7a3c49 x18=0x0085c3b7
      773429000	     38569	8000816a	1f6ebf93	sltiu	x31,x29,502	 x29:0xffff296a x31=0x00000000
      773449000	     38570	8000816e	45f1	c.li	x11,28	 x11=0x0000001c
      773509000	     38573	80008170	0312d163	bge	x5,x17,80008192	  x5:0xffffffef x17:0x00000000
      773529000	     38574	80008174	01c90fb3	add	x31,x18,x28	 x18:0x0085c3b7 x28:0xfffff8dc x31=0x0085bc93
      773549000	     38575	80008178	8185	c.srli	x11,0x1	 x11:0x0000001c x11=0x0000000e
      773609000	     38578	8000817a	00655a93	srli	x21,x10,0x6	 x10:0x00000000 x21=0x00000000
      773629000	     38579	8000817e	004ba933	slt	x18,x23,x4	 x23:0x00000000  x4:0x0085b791 x18=0x00000001
      773649000	     38580	80008182	843d	c.srai	x8,0xf	  x8:0x000042d9  x8=0x00000000
      774009000	     38598	80008184	0000100f	fence.i	
      774809000	     38638	80008188	00a82a33	slt	x20,x16,x10	 x16:0x00000000 x10:0x00000000 x20=0x00000000
      774829000	     38639	8000818c	127d	c.addi	x4,-1	  x4:0x0085b791  x4=0x0085b790
      774849000	     38640	8000818e	006c1f33	sll	x30,x24,x6	 x24:0x00000000  x6:0x00000000 x30=0x00000000
      774889000	     38642	80008192	58020493	addi	x9,x4,1408	  x4:0x0085b790  x9=0x0085bd10
      775209000	     38658	80008196	68b4a893	slti	x17,x9,1675	  x9:0x0085bd10 x17=0x00000000
      775629000	     38679	8000819a	0000100f	fence.i	
      776429000	     38719	8000819e	03416db3	rem	x27,x2,x20	  x2:0xf5e39895 x20:0x00000000 x27=0xf5e39895
      776649000	     38730	800081a2	01b8e033	or	x0,x17,x27	 x17:0x00000000 x27:0xf5e39895  x0=0x00000000
      776669000	     38731	800081a6	8d41	c.or	x10,x8	 x10:0x00000000  x8:0x00000000 x10=0x00000000
      776689000	     38732	800081a8	845d	c.srai	x8,0x17	  x8:0x00000000  x8=0x00000000
      776769000	     38736	800081aa	033b9263	bne	x23,x19,800081ce	 x23:0x00000000 x19:0xfffff60e
      777369000	     38766	800081ce	03a38333	mul	x6,x7,x26	  x7:0xfffff3da x26:0x00000328  x6=0xffd9a810
      777389000	     38767	800081d2	01375d93	srli	x27,x14,0x13	 x14:0x80023ce4 x27=0x00001000
      777809000	     38788	800081d6	ec8ad937	lui	x18,0xec8ad	 x18=0xec8ad000
      777889000	     38792	800081da	00d2cab3	xor	x21,x5,x13	  x5:0xffffffef x13:0x00000000 x21=0xffffffef
      777909000	     38793	800081de	03fa	c.slli	x7,0x1e	  x7:0xfffff3da  x7=0x80000000
      777929000	     38794	800081e0	00a74b63	blt	x14,x10,800081f6	 x14:0x80023ce4 x10:0x00000000
      778649000	     38830	800081f6	a1ddbcb7	lui	x25,0xa1ddb	 x25=0xa1ddb000
      778669000	     38831	800081fa	02d27963	bgeu	x4,x13,8000822c	  x4:0x0085b790 x13:0x00000000
      779149000	     38855	8000822c	0145b433	sltu	x8,x11,x20	 x11:0x0000000e x20:0x00000000  x8=0x00000000
      779209000	     38858	80008230	02337233	remu	x4,x6,x3	  x6:0xffd9a810  x3:0x00000000  x4=0xffd9a810
      779229000	     38859	80008234	8dd1	c.or	x11,x12	 x11:0x0000000e x12:0x8001fe4c x11=0x8001fe4e
      779249000	     38860	80008236	4508ca13	xori	x20,x17,1104	 x17:0x00000000 x20=0x00000450
      779529000	     38874	8000823a	c7f7b893	sltiu	x17,x15,-897	 x15:0x00000006 x17=0x00000001
      779549000	     38875	8000823e	00255463	bge	x10,x2,80008246	 x10:0x00000000  x2:0xf5e39895
      780789000	     38937	80008246	02e95233	divu	x4,x18,x14	 x18:0xec8ad000 x14:0x80023ce4  x4=0x00000001
      788089000	     39302	8000824a	82dd	c.srli	x13,0x17	 x13:0x00000000 x13=0x00000000
      788109000	     39303	8000824c	8d71	c.and	x10,x12	 x10:0x00000000 x12:0x8001fe4c x10=0x00000000
      788129000	     39304	8000824e	eb91	c.bnez	x15,80008262	 x15:0x00000006
      788709000	     39333	80008262	01ac3cb3	sltu	x25,x24,x26	 x24:0x00000000 x26:0x00000328 x25=0x00000001
      788729000	     39334	80008266	987d	c.andi	x8,-1	  x8:0x00000000  x8=0x00000000
      788889000	     39342	80008268	0dca	c.slli	x27,0x12	 x27:0x00001000 x27=0x40000000
      789029000	     39349	8000826a	00819093	slli	x1,x3,0x8	  x3:0x00000000  x1=0x00000000
      789049000	     39350	8000826e	e089	c.bnez	x9,80008270	  x9:0x0085bd10
      789589000	     39377	80008270	e899	c.bnez	x9,80008286	  x9:0x0085bd10
      791009000	     39448	80008286	03d45663	bge	x8,x29,800082b2	  x8:0x00000000 x29:0xffff296a
      791869000	     39491	800082b2	0282a233	mulhsu	x4,x5,x8	  x5:0xffffffef  x8:0x00000000  x4=0x00000000
      792149000	     39505	800082b6	019a7363	bgeu	x20,x25,800082bc	 x20:0x00000450 x25:0x00000001
      793009000	     39548	800082bc	40cbd513	srai	x10,x23,0xc	 x23:0x00000000 x10=0x00000000
      793109000	     39553	800082c0	00038433	add	x8,x7,x0	  x7:0x80000000  x0:0x00000000  x8=0x80000000
      793309000	     39563	800082c4	006a1b93	slli	x23,x20,0x6	 x20:0x00000450 x23=0x00011400
      793349000	     39565	800082c8	03847bb3	remu	x23,x8,x24	  x8:0x80000000 x24:0x00000000 x23=0x80000000
      793589000	     39577	800082cc	0436	c.slli	x8,0xd	  x8:0x80000000  x8=0x00000000
      794009000	     39598	800082ce	016d73b3	and	x7,x26,x22	 x26:0x00000328 x22:0x0085b411  x7=0x00000000
      794229000	     39609	800082d2	03ef5eb3	divu	x29,x30,x30	 x30:0x00000000 x30:0x00000000 x29=0xffffffff
      794249000	     39610	800082d6	01c33eb3	sltu	x29,x6,x28	  x6:0xffd9a810 x28:0xfffff8dc x29=0x00000001
      794569000	     39626	800082da	01c322b3	slt	x5,x6,x28	  x6:0xffd9a810 x28:0xfffff8dc  x5=0x00000001
      794589000	     39627	800082de	15fcdd97	auipc	x27,0x15fcd	 x27=0x95fd52de
      794609000	     39628	800082e2	0001	c.addi	x0,0	  x0:0x00000000  x0=0x00000000
      795349000	     39665	800082e4	026868b3	rem	x17,x16,x6	 x16:0x00000000  x6:0xffd9a810 x17=0x00000000
      795369000	     39666	800082e8	01e6	c.slli	x3,0x19	  x3:0x00000000  x3=0x00000000
      795389000	     39667	800082ea	c88d	c.beqz	x9,8000831c	  x9:0x0085bd10
      795409000	     39668	800082ec	8d7a	c.mv	x26,x30	  x0:0x00000000 x30:0x00000000 x26=0x00000000
      795429000	     39669	800082ee	e911	c.bnez	x10,80008302	 x10:0x00000000
      795449000	     39670	800082f0	0001	c.addi	x0,0	  x0:0x00000000  x0=0x00000000
      795469000	     39671	800082f2	0d40bb93	sltiu	x23,x1,212	  x1:0x00000000 x23=0x00000001
      795709000	     39683	800082f6	55ec4793	xori	x15,x24,1374	 x24:0x00000000 x15=0x0000055e
      795749000	     39685	800082fa	01687c33	and	x24,x16,x22	 x16:0x00000000 x22:0x0085b411 x24=0x00000000
      795769000	     39686	800082fe	039c0f33	mul	x30,x24,x25	 x24:0x00000000 x25:0x00000001 x30=0x00000000
      795789000	     39687	80008302	018061b3	or	x3,x0,x24	  x0:0x00000000 x24:0x00000000  x3=0x00000000
      795809000	     39688	80008306	8dbd	c.xor	x11,x15	 x11:0x8001fe4e x15:0x0000055e x11=0x8001fb10
      795829000	     39689	80008308	018952b3	srl	x5,x18,x24	 x18:0xec8ad000 x24:0x00000000  x5=0xec8ad000
      795849000	     39690	8000830c	7528c193	xori	x3,x17,1874	 x17:0x00000000  x3=0x00000752
      795889000	     39692	80008310	bd20c993	xori	x19,x1,-1070	  x1:0x00000000 x19=0xfffffbd2
      796309000	     39713	80008314	1e860c93	addi	x25,x12,488	 x12:0x8001fe4c x25=0x80020034
      796349000	     39715	80008318	02dd1533	mulh	x10,x26,x13	 x26:0x00000000 x13:0x00000000 x10=0x00000000
      796369000	     39716	8000831c	c52d	c.beqz	x10,80008386	 x10:0x00000000
      797349000	     39765	80008386	c1170c13	addi	x24,x14,-1007	 x14:0x80023ce4 x24=0x800238f5
      797369000	     39766	8000838a	02a51363	bne	x10,x10,800083b0	 x10:0x00000000 x10:0x00000000
      797389000	     39767	8000838e	00f8dc93	srli	x25,x17,0xf	 x17:0x00000000 x25=0x00000000
      797409000	     39768	80008392	00666963	bltu	x12,x6,800083a4	 x12:0x8001fe4c  x6:0xffd9a810
      797789000	     39787	800083a4	00801d93	slli	x27,x0,0x8	  x0:0x00000000 x27=0x00000000
      797849000	     39790	800083a8	05c00263	beq	x0,x28,800083ec	  x0:0x00000000 x28:0xfffff8dc
      798009000	     39798	800083ac	81cdd597	auipc	x11,0x81cdd	 x11=0x01ce53ac
      798089000	     39802	800083b0	2edee793	ori	x15,x29,749	 x29:0x00000001 x15=0x000002ed
      798509000	     39823	800083b4	0180e8b3	or	x17,x1,x24	  x1:0x00000000 x24:0x800238f5 x17=0x800238f5
      798549000	     39825	800083b8	987d	c.andi	x8,-1	  x8:0x00000000  x8=0x00000000
      798569000	     39826	800083ba	0d16	c.slli	x26,0x5	 x26:0x00000000 x26=0x00000000
      798589000	     39827	800083bc	5b7d	c.li	x22,-1	 x22=0xffffffff
      799329000	     39864	800083be	032ef8b3	remu	x17,x29,x18	 x29:0x00000001 x18:0xec8ad000 x17=0x00000001
      799349000	     39865	800083c2	00857d63	bgeu	x10,x8,800083dc	 x10:0x00000000  x8:0x00000000
      799809000	     39888	800083dc	01fe0bb3	add	x23,x28,x31	 x28:0xfffff8dc x31:0x0085bc93 x23=0x0085b56f
      799849000	     39890	800083e0	0075cb33	xor	x22,x11,x7	 x11:0x01ce53ac  x7:0x00000000 x22=0x01ce53ac
      799869000	     39891	800083e4	40772793	slti	x15,x14,1031	 x14:0x80023ce4 x15=0x00000001
      800129000	     39904	800083e8	0001	c.addi	x0,0	  x0:0x00000000  x0=0x00000000
      800149000	     39905	800083ea	80c5	c.srli	x9,0x11	  x9:0x0085bd10  x9=0x00000042
      800169000	     39906	800083ec	02217063	bgeu	x2,x2,8000840c	  x2:0xf5e39895  x2:0xf5e39895
      800789000	     39937	8000840c	82603f93	sltiu	x31,x0,-2010	  x0:0x00000000 x31=0x00000001
      801229000	     39959	80008410	013666b3	or	x13,x12,x19	 x12:0x8001fe4c x19:0xfffffbd2 x13=0xffffffde
      801249000	     39960	80008414	0256	c.slli	x4,0x15	  x4:0x00000000  x4=0x00000000
      801269000	     39961	80008416	0001	c.addi	x0,0	  x0:0x00000000  x0=0x00000000
      801549000	     39975	80008418	0000100f	fence.i	
      802529000	     40024	8000841c	00893b33	sltu	x22,x18,x8	 x18:0xec8ad000  x8:0x00000000 x22=0x00000000
      802549000	     40025	80008420	018b7233	and	x4,x22,x24	 x22:0x00000000 x24:0x800238f5  x4=0x00000000
      802689000	     40032	80008424	01faaab3	slt	x21,x21,x31	 x21:0xffffffef x31:0x00000001 x21=0x00000001
      802709000	     40033	80008428	825e	c.mv	x4,x23	  x0:0x00000000 x23:0x0085b56f  x4=0x0085b56f
      802729000	     40034	8000842a	411b4813	xori	x16,x22,1041	 x22:0x00000000 x16=0x00000411
      802749000	     40035	8000842e	8d5d	c.or	x10,x15	 x10:0x00000000 x15:0x00000001 x10=0x00000001
      802909000	     40043	80008430	5a497693	andi	x13,x18,1444	 x18:0xec8ad000 x13=0x00000000
      802929000	     40044	80008434	eca1fd93	andi	x27,x3,-310	  x3:0x00000752 x27=0x00000642
      802949000	     40045	80008438	8505	c.srai	x10,0x1	 x10:0x00000001 x10=0x00000000
      803029000	     40049	8000843a	e7027693	andi	x13,x4,-400	  x4:0x0085b56f x13=0x0085b460
      803049000	     40050	8000843e	8d3d	c.xor	x10,x15	 x10:0x00000000 x15:0x00000001 x10=0x00000001
      803209000	     40058	80008440	6425	c.lui	x8,0x9	  x8=0x00009000
      803249000	     40060	80008442	02ab2c33	mulhsu	x24,x22,x10	 x22:0x00000000 x10:0x00000001 x24=0x00000000
      803649000	     40080	80008446	00b43db3	sltu	x27,x8,x11	  x8:0x00009000 x11:0x01ce53ac x27=0x00000001
      803669000	     40081	8000844a	00dbdb63	bge	x23,x13,80008460	 x23:0x0085b56f x13:0x0085b460
      804409000	     40118	80008460	40e35593	srai	x11,x6,0xe	  x6:0xffd9a810 x11=0xffffff66
      804429000	     40119	80008464	021f8ab3	mul	x21,x31,x1	 x31:0x00000001  x1:0x00000000 x21=0x00000000
      804449000	     40120	80008468	006ad0b3	srl	x1,x21,x6	 x21:0x00000000  x6:0xffd9a810  x1=0x00000000
      804809000	     40138	8000846c	8cd9	c.or	x9,x14	  x9:0x00000042 x14:0x80023ce4  x9=0x80023ce6
      804829000	     40139	8000846e	4a61	c.li	x20,24	 x20=0x00000018
      804989000	     40147	80008470	0ff0000f	fence	iorw,iorw	
      805009000	     40148	80008474	8c41	c.or	x8,x8	  x8:0x00009000  x8:0x00009000  x8=0x00009000
      805029000	     40149	80008476	01714c33	xor	x24,x2,x23	  x2:0xf5e39895 x23:0x0085b56f x24=0xf5662dfa
      805049000	     40150	8000847a	00b315b3	sll	x11,x6,x11	  x6:0xffd9a810 x11:0xffffff66 x11=0xf66a0400
      805369000	     40166	8000847e	e0a679b7	lui	x19,0xe0a67	 x19=0xe0a67000
      805389000	     40167	80008482	019c73b3	and	x7,x24,x25	 x24:0xf5662dfa x25:0x00000000  x7=0x00000000
      805409000	     40168	80008486	8d2d	c.xor	x10,x11	 x10:0x00000001 x11:0xf66a0400 x10=0xf66a0401
      805529000	     40174	80008488	9499a417	auipc	x8,0x9499a	  x8=0x149a2488
      805549000	     40175	8000848c	80a1	c.srli	x9,0x8	  x9:0x80023ce6  x9=0x0080023c
      805649000	     40180	8000848e	07b4e663	bltu	x9,x27,800084fa	  x9:0x0080023c x27:0x00000001
      805949000	     40195	80008492	0000100f	fence.i	
      807209000	     40258	80008496	024baa33	mulhsu	x20,x23,x4	 x23:0x0085b56f  x4:0x0085b56f x20=0x000045d6
      807229000	     40259	8000849a	02c000ef	jal	x1,800084c6	  x1=0x8000849e
      807769000	     40286	800084c6	bfed	c.j	800084c0	
      808329000	     40314	800084c0	37d5	c.jal	800084a4	  x1=0x800084c2
      808729000	     40334	800084a4	0260036f	jal	x6,800084ca	  x6=0x800084a8
      809389000	     40367	800084ca	020000ef	jal	x1,800084ea	  x1=0x800084ce
      810389000	     40417	800084ea	3fc9	c.jal	800084bc	  x1=0x800084ec
      811429000	     40469	800084bc	020000ef	jal	x1,800084dc	  x1=0x800084c0
      812249000	     40510	800084dc	b7f9	c.j	800084aa	
      826029000	     41199	800084aa	02e0036f	jal	x6,800084d8	  x6=0x800084ae
      826069000	     41201	800084d8	2009	c.jal	800084da	  x1=0x800084da
      826129000	     41204	800084da	3fd1	c.jal	800084ae	  x1=0x800084dc
      827209000	     41258	800084ae	ff1ff2ef	jal	x5,8000849e	  x5=0x800084b2
      827889000	     41292	8000849e	2009	c.jal	800084a0	  x1=0x800084a0
      828329000	     41314	800084a0	022000ef	jal	x1,800084c2	  x1=0x800084a4
      828389000	     41317	800084c2	37dd	c.jal	800084a8	  x1=0x800084c4
      828429000	     41319	800084a8	a081	c.j	800084e8	
      828489000	     41322	800084e8	b7f9	c.j	800084b6	
      828609000	     41328	800084b6	01e000ef	jal	x1,800084d4	  x1=0x800084ba
      829729000	     41384	800084d4	fe7ffcef	jal	x25,800084ba	 x25=0x800084d8
      829769000	     41386	800084ba	2811	c.jal	800084ce	  x1=0x800084bc
      829809000	     41388	800084ce	2009	c.jal	800084d0	  x1=0x800084d0
      829849000	     41390	800084d0	3fd5	c.jal	800084c4	  x1=0x800084d2
      829889000	     41392	800084c4	2829	c.jal	800084de	  x1=0x800084c6
      829949000	     41395	800084de	febff36f	jal	x6,800084c8	  x6=0x800084e2
      829989000	     41397	800084c8	a829	c.j	800084e2	
      830049000	     41400	800084e2	fd3ff0ef	jal	x1,800084b4	  x1=0x800084e6
      830109000	     41403	800084b4	bffd	c.j	800084b2	
      830149000	     41405	800084b2	2815	c.jal	800084e6	  x1=0x800084b4
      830189000	     41407	800084e6	b7f5	c.j	800084d2	
      830229000	     41409	800084d2	2829	c.jal	800084ec	  x1=0x800084d4
      830289000	     41412	800084ec	0000100f	fence.i	
      830729000	     41434	800084f0	0001	c.addi	x0,0	  x0:0x00000000  x0=0x00000000
      830869000	     41441	800084f2	03ab6cb3	rem	x25,x22,x26	 x22:0x00000000 x26:0x00000000 x25=0x00000000
      830889000	     41442	800084f6	c4057293	andi	x5,x10,-960	 x10:0xf66a0401  x5=0xf66a0400
      830929000	     41444	800084fa	02533db3	mulhu	x27,x6,x5	  x6:0x800084e2  x5:0xf66a0400 x27=0x7b3581e8
      831309000	     41463	800084fe	0276c163	blt	x13,x7,80008520	 x13:0x0085b460  x7:0x00000000
      832189000	     41507	80008502	03055a33	divu	x20,x10,x16	 x10:0xf66a0401 x16:0x00000411 x20=0x003c98f6
      832209000	     41508	80008506	01d1adb3	slt	x27,x3,x29	  x3:0x00000752 x29:0x00000001 x27=0x00000000
      832229000	     41509	8000850a	ec91	c.bnez	x9,80008526	  x9:0x0080023c
      832449000	     41520	80008526	9c4a	c.add	x24,x18	 x24:0xf5662dfa x18:0xec8ad000 x24=0xe1f0fdfa
      832589000	     41527	80008528	0001	c.addi	x0,0	  x0:0x00000000  x0=0x00000000
      833369000	     41566	8000852a	024862b3	rem	x5,x16,x4	 x16:0x00000411  x4:0x0085b56f  x5=0x00000411
      833389000	     41567	8000852e	00b04333	xor	x6,x0,x11	  x0:0x00000000 x11:0xf66a0400  x6=0xf66a0400
      833409000	     41568	80008532	03048563	beq	x9,x16,8000855c	  x9:0x0080023c x16:0x00000411
      833429000	     41569	80008536	19f6c293	xori	x5,x13,415	 x13:0x0085b460  x5=0x0085b5ff
      833469000	     41571	8000853a	02eeb6b3	mulhu	x13,x29,x14	 x29:0x00000001 x14:0x80023ce4 x13=0x00000000
      833489000	     41572	8000853e	8b6e	c.mv	x22,x27	  x0:0x00000000 x27:0x00000000 x22=0x00000000
      833509000	     41573	80008540	8ec5	c.or	x13,x9	 x13:0x00000000  x9:0x0080023c x13=0x0080023c
      833809000	     41588	80008542	00df4213	xori	x4,x30,13	 x30:0x00000000  x4=0x0000000d
      833829000	     41589	80008546	a8152793	slti	x15,x10,-1407	 x10:0xf66a0401 x15=0x00000001
      833849000	     41590	8000854a	0001	c.addi	x0,0	  x0:0x00000000  x0=0x00000000
      834249000	     41610	8000854c	00ead4b3	srl	x9,x21,x14	 x21:0x00000000 x14:0x80023ce4  x9=0x00000000
      834269000	     41611	80008550	043b6063	bltu	x22,x3,80008590	 x22:0x00000000  x3:0x00000752
      834929000	     41644	80008590	03b151b3	divu	x3,x2,x27	  x2:0xf5e39895 x27:0x00000000  x3=0xffffffff
      834949000	     41645	80008594	004a4db3	xor	x27,x20,x4	 x20:0x003c98f6  x4:0x0000000d x27=0x003c98fb
      835229000	     41659	80008598	9436	c.add	x8,x13	  x8:0x149a2488 x13:0x0080023c  x8=0x151a26c4
      835249000	     41660	8000859a	03257b63	bgeu	x10,x18,800085d0	 x10:0xf66a0401 x18:0xec8ad000
      835809000	     41688	800085d0	0ff0000f	fence	iorw,iorw	
      835969000	     41696	800085d4	010b9593	slli	x11,x23,0x10	 x23:0x0085b56f x11=0xb56f0000
      835989000	     41697	800085d8	e905	c.bnez	x10,80008608	 x10:0xf66a0401
      836769000	     41736	80008608	9bfd	c.andi	x15,-1	 x15:0x00000001 x15=0x00000001
      836789000	     41737	8000860a	e111	c.bnez	x10,8000860e	 x10:0xf66a0401
      838529000	     41824	8000860e	01847db3	and	x27,x8,x24	  x8:0x151a26c4 x24:0xe1f0fdfa x27=0x011024c0
      838549000	     41825	80008612	4d31	c.li	x26,12	 x26=0x0000000c
      838569000	     41826	80008614	02f60db3	mul	x27,x12,x15	 x12:0x8001fe4c x15:0x00000001 x27=0x8001fe4c
      838889000	     41842	80008618	0121c0b3	xor	x1,x3,x18	  x3:0xffffffff x18:0xec8ad000  x1=0x13752fff
      838909000	     41843	8000861c	0000100f	fence.i	
      839569000	     41876	80008620	01c45093	srli	x1,x8,0x1c	  x8:0x151a26c4  x1=0x00000001
      839629000	     41879	80008624	9fa6	c.add	x31,x9	 x31:0x00000001  x9:0x00000000 x31=0x00000001
      840049000	     41900	80008626	0ff0000f	fence	iorw,iorw	
      840069000	     41901	8000862a	0214c663	blt	x9,x1,80008656	  x9:0x00000000  x1:0x00000001
      840169000	     41906	80008656	8da5	c.xor	x11,x9	 x11:0xb56f0000  x9:0x00000000 x11=0xb56f0000
      840189000	     41907	80008658	01099c63	bne	x19,x16,80008670	 x19:0xe0a67000 x16:0x00000411
      840249000	     41910	80008670	84ca	c.mv	x9,x18	  x0:0x00000000 x18:0xec8ad000  x9=0xec8ad000
      840349000	     41915	80008672	0083c5b3	xor	x11,x7,x8	  x7:0x00000000  x8:0x151a26c4 x11=0x151a26c4
      840369000	     41916	80008676	8cc9	c.or	x9,x10	  x9:0xec8ad000 x10:0xf66a0401  x9=0xfeead401
      840489000	     41922	80008678	537d	c.li	x6,-1	  x6=0xffffffff
      840509000	     41923	8000867a	6fa5	c.lui	x31,0x9	 x31=0x00009000
      840529000	     41924	8000867c	0157df13	srli	x30,x15,0x15	 x15:0x00000001 x30=0x00000000
      840929000	     41944	80008680	01d6	c.slli	x3,0x15	  x3:0xffffffff  x3=0xffe00000
      840949000	     41945	80008682	0000100f	fence.i	
      842629000	     42029	80008686	0296c3b3	div	x7,x13,x9	 x13:0x0080023c  x9:0xfeead401  x7=0x00000000
      842649000	     42030	8000868a	03c95a63	bge	x18,x28,800086be	 x18:0xec8ad000 x28:0xfffff8dc
      842669000	     42031	8000868e	009273b3	and	x7,x4,x9	  x4:0x0000000d  x9:0xfeead401  x7=0x00000001
      843409000	     42068	80008692	02d5c033	div	x0,x11,x13	 x11:0x151a26c4 x13:0x0080023c  x0=0x00000000
      844149000	     42105	80008696	027d67b3	rem	x15,x26,x7	 x26:0x0000000c  x7:0x00000001 x15=0x00000000
      844169000	     42106	8000869a	57876893	ori	x17,x14,1400	 x14:0x80023ce4 x17=0x80023dfc
      844189000	     42107	8000869e	00b0e463	bltu	x1,x11,800086a6	  x1:0x00000001 x11:0x151a26c4
      844489000	     42122	800086a6	5871f917	auipc	x18,0x5871f	 x18=0xd87276a6
      844509000	     42123	800086aa	003320b3	slt	x1,x6,x3	  x6:0xffffffff  x3:0xffe00000  x1=0x00000000
      844529000	     42124	800086ae	015f25b3	slt	x11,x30,x21	 x30:0x00000000 x21:0x00000000 x11=0x00000000
      844549000	     42125	800086b2	c971fc13	andi	x24,x3,-873	  x3:0xffe00000 x24=0xffe00000
      844769000	     42136	800086b6	0000100f	fence.i	
      845429000	     42169	800086ba	7f52e093	ori	x1,x5,2037	  x5:0x0085b5ff  x1=0x0085b7ff
      846289000	     42212	800086be	0371d7b3	divu	x15,x3,x23	  x3:0xffe00000 x23:0x0085b56f x15=0x000001e9
      846309000	     42213	800086c2	00869a33	sll	x20,x13,x8	 x13:0x0080023c  x8:0x151a26c4 x20=0x080023c0
      846329000	     42214	800086c6	11690b93	addi	x23,x18,278	 x18:0xd87276a6 x23=0xd87277bc
      847149000	     42255	800086ca	0267ce33	div	x28,x15,x6	 x15:0x000001e9  x6:0xffffffff x28=0xfffffe17
      847169000	     42256	800086ce	00ce15b3	sll	x11,x28,x12	 x28:0xfffffe17 x12:0x8001fe4c x11=0xffe17000
      847189000	     42257	800086d2	940a	c.add	x8,x2	  x8:0x151a26c4  x2:0xf5e39895  x8=0x0afdbf59
      847209000	     42258	800086d4	8cf5	c.and	x9,x13	  x9:0xfeead401 x13:0x0080023c  x9=0x00800000
      847229000	     42259	800086d6	026de163	bltu	x27,x6,800086f8	 x27:0x8001fe4c  x6:0xffffffff
      847309000	     42263	800086f8	8c0d	c.sub	x8,x11	  x8:0x0afdbf59 x11:0xffe17000  x8=0x0b1c4f59
      847329000	     42264	800086fa	8d35	c.xor	x10,x13	 x10:0xf66a0401 x13:0x0080023c x10=0xf6ea063d
      847509000	     42273	800086fc	0001	c.addi	x0,0	  x0:0x00000000  x0=0x00000000
      847529000	     42274	800086fe	03f44763	blt	x8,x31,8000872c	  x8:0x0b1c4f59 x31:0x00009000
      847569000	     42276	80008702	033c8db3	mul	x27,x25,x19	 x25:0x00000000 x19:0xe0a67000 x27=0x00000000
      847589000	     42277	80008706	987d	c.andi	x8,-1	  x8:0x0b1c4f59  x8=0x0b1c4f59
      847989000	     42297	80008708	cc6eed93	ori	x27,x29,-826	 x29:0x00000001 x27=0xfffffcc7
      848009000	     42298	8000870c	5d7d	c.li	x26,-1	 x26=0xffffffff
      848029000	     42299	8000870e	8dc1	c.or	x11,x8	 x11:0xffe17000  x8:0x0b1c4f59 x11=0xfffd7f59
      848069000	     42301	80008710	0ff0000f	fence	iorw,iorw	
      848809000	     42338	80008714	02e2f7b3	remu	x15,x5,x14	  x5:0x0085b5ff x14:0x80023ce4 x15=0x0085b5ff
      849549000	     42375	80008718	03daf5b3	remu	x11,x21,x29	 x21:0x00000000 x29:0x00000001 x11=0x00000000
      849569000	     42376	8000871c	01271013	slli	x0,x14,0x12	 x14:0x80023ce4  x0=0x00000000
      849589000	     42377	80008720	030a02b3	mul	x5,x20,x16	 x20:0x080023c0 x16:0x00000411  x5=0x88915fc0
      849609000	     42378	80008724	822a0a13	addi	x20,x20,-2014	 x20:0x080023c0 x20=0x08001be2
      849629000	     42379	80008728	0ff0000f	fence	iorw,iorw	
      849649000	     42380	8000872c	81f1	c.srli	x11,0x1c	 x11:0x00000000 x11=0x00000000
      849829000	     42389	8000872e	41cf09b3	sub	x19,x30,x28	 x30:0x00000000 x28:0xfffffe17 x19=0x000001e9
      849849000	     42390	80008732	c2a9	c.beqz	x13,80008774	 x13:0x0080023c
      849929000	     42394	80008734	8c99	c.sub	x9,x14	  x9:0x00800000 x14:0x80023ce4  x9=0x807dc31c
      849949000	     42395	80008736	00737833	and	x16,x6,x7	  x6:0xffffffff  x7:0x00000001 x16=0x00000001
      849969000	     42396	8000873a	0030cfb3	xor	x31,x1,x3	  x1:0x0085b7ff  x3:0xffe00000 x31=0xff65b7ff
      849989000	     42397	8000873e	021289b3	mul	x19,x5,x1	  x5:0x88915fc0  x1:0x0085b7ff x19=0xb300a040
      850009000	     42398	80008742	9b5a	c.add	x22,x22	 x22:0x00000000 x22:0x00000000 x22=0x00000000
      850409000	     42418	80008744	e111	c.bnez	x10,80008748	 x10:0xf6ea063d
      851109000	     42453	80008748	da8ae817	auipc	x16,0xda8ae	 x16=0x5a8b6748
      851129000	     42454	8000874c	019301b3	add	x3,x6,x25	  x6:0xffffffff x25:0x00000000  x3=0xffffffff
      851149000	     42455	80008750	025f7063	bgeu	x30,x5,80008770	 x30:0x00000000  x5:0x88915fc0
      851349000	     42465	80008754	a31da313	slti	x6,x27,-1487	 x27:0xfffffcc7  x6=0x00000000
      851389000	     42467	80008758	a44d0a13	addi	x20,x26,-1468	 x26:0xffffffff x20=0xfffffa43
      852129000	     42504	8000875c	0317ff33	remu	x30,x15,x17	 x15:0x0085b5ff x17:0x80023dfc x30=0x0085b5ff
      852149000	     42505	80008760	0b1da213	slti	x4,x27,177	 x27:0xfffffcc7  x4=0x00000001
      852889000	     42542	80008764	034a50b3	divu	x1,x20,x20	 x20:0xfffffa43 x20:0xfffffa43  x1=0x00000001
      852929000	     42544	80008768	03d5be33	mulhu	x28,x11,x29	 x11:0x00000000 x29:0x00000001 x28=0x00000000
      852949000	     42545	8000876c	6de67513	andi	x10,x12,1758	 x12:0x8001fe4c x10=0x0000064c
      852969000	     42546	80008770	8595	c.srai	x11,0x5	 x11:0x00000000 x11=0x00000000
      852989000	     42547	80008772	cc11	c.beqz	x8,8000878e	  x8:0x0b1c4f59
      853009000	     42548	80008774	019e1d93	slli	x27,x28,0x19	 x28:0x00000000 x27=0x00000000
      853029000	     42549	80008778	67c9	c.lui	x15,0x12	 x15=0x00012000
      853049000	     42550	8000877a	8b99	c.andi	x15,6	 x15:0x00012000 x15=0x00000000
      853449000	     42570	8000877c	0001	c.addi	x0,0	  x0:0x00000000  x0=0x00000000
      853469000	     42571	8000877e	e8d68093	addi	x1,x13,-371	 x13:0x0080023c  x1=0x008000c9
      853489000	     42572	80008782	01c94e33	xor	x28,x18,x28	 x18:0xd87276a6 x28:0x00000000 x28=0xd87276a6
      853689000	     42582	80008786	0000100f	fence.i	
      854329000	     42614	8000878a	007bc763	blt	x23,x7,80008798	 x23:0xd87277bc  x7:0x00000001
      854849000	     42640	80008798	026d7333	remu	x6,x26,x6	 x26:0xffffffff  x6:0x00000000  x6=0xffffffff
      855249000	     42660	8000879c	70337693	andi	x13,x6,1795	  x6:0xffffffff x13=0x00000703
      855269000	     42661	800087a0	c904c193	xori	x3,x9,-880	  x9:0x807dc31c  x3=0x7f823f8c
      855309000	     42663	800087a4	02f47eb3	remu	x29,x8,x15	  x8:0x0b1c4f59 x15:0x00000000 x29=0x0b1c4f59
      855389000	     42667	800087a8	03054463	blt	x10,x16,800087d0	 x10:0x0000064c x16:0x5a8b6748
      855749000	     42685	800087d0	98d2	c.add	x17,x20	 x17:0x80023dfc x20:0xfffffa43 x17=0x8002383f
      855769000	     42686	800087d2	006e4b63	blt	x28,x6,800087e8	 x28:0xd87276a6  x6:0xffffffff
      857489000	     42772	800087e8	031efa33	remu	x20,x29,x17	 x29:0x0b1c4f59 x17:0x8002383f x20=0x0b1c4f59
      857529000	     42774	800087ec	02c69c33	mulh	x24,x13,x12	 x13:0x00000703 x12:0x8001fe4c x24=0xfffffc7e
      857549000	     42775	800087f0	6b85	c.lui	x23,0x1	 x23=0x00001000
      857569000	     42776	800087f2	02f7fc13	andi	x24,x15,47	 x15:0x00000000 x24=0x00000000
      857589000	     42777	800087f6	8d09	c.sub	x10,x10	 x10:0x0000064c x10:0x0000064c x10=0x00000000
      857609000	     42778	800087f8	06580863	beq	x16,x5,80008868	 x16:0x5a8b6748  x5:0x88915fc0
      858349000	     42815	800087fc	023cd333	divu	x6,x25,x3	 x25:0x00000000  x3:0x7f823f8c  x6=0x00000000
      858369000	     42816	80008800	01326d33	or	x26,x4,x19	  x4:0x00000001 x19:0xb300a040 x26=0xb300a041
      858389000	     42817	80008804	015a5c93	srli	x25,x20,0x15	 x20:0x0b1c4f59 x25=0x00000058
      858409000	     42818	80008808	034000ef	jal	x1,8000883c	  x1=0x8000880c
      858489000	     42822	8000883c	a019	c.j	80008842	
      859109000	     42853	80008842	3fd1	c.jal	80008816	  x1=0x80008844
      859989000	     42897	80008816	01c002ef	jal	x5,80008832	  x5=0x8000881a
      862469000	     43021	80008832	bff5	c.j	8000882e	
      862809000	     43038	8000882e	01a000ef	jal	x1,80008848	  x1=0x80008832
      863029000	     43049	80008848	37f1	c.jal	80008814	  x1=0x8000884a
      863069000	     43051	80008814	2015	c.jal	80008838	  x1=0x80008816
      863269000	     43061	80008838	fedff2ef	jal	x5,80008824	  x5=0x8000883c
      863329000	     43064	80008824	b7fd	c.j	80008812	
      863369000	     43066	80008812	2031	c.jal	8000881e	  x1=0x80008814
      863409000	     43068	8000881e	201d	c.jal	80008844	  x1=0x80008820
      863449000	     43070	80008844	a019	c.j	8000884a	
      863509000	     43073	8000884a	37c9	c.jal	8000880c	  x1=0x8000884c
      863669000	     43081	8000880c	0320036f	jal	x6,8000883e	  x6=0x80008810
      863729000	     43084	8000883e	fddff26f	jal	x4,8000881a	  x4=0x80008842
      863809000	     43088	8000881a	0100036f	jal	x6,8000882a	  x6=0x8000881e
      863889000	     43092	8000882a	ff7ff36f	jal	x6,80008820	  x6=0x8000882e
      863949000	     43095	80008820	0140036f	jal	x6,80008834	  x6=0x80008824
      863989000	     43097	80008834	ff3ff36f	jal	x6,80008826	  x6=0x80008838
      864069000	     43101	80008826	febff0ef	jal	x1,80008810	  x1=0x8000882a
      864129000	     43104	80008810	a81d	c.j	80008846	
      864169000	     43106	80008846	2019	c.jal	8000884c	  x1=0x80008848
      864209000	     43108	8000884c	a009	c.j	8000884e	
      864269000	     43111	8000884e	40555c13	srai	x24,x10,0x5	 x10:0x00000000 x24=0x00000000
      864289000	     43112	80008852	00fc5393	srli	x7,x24,0xf	 x24:0x00000000  x7=0x00000000
      864329000	     43114	80008856	020d9833	mulh	x16,x27,x0	 x27:0x00000000  x0:0x00000000 x16=0x00000000
      864349000	     43115	8000885a	0001	c.addi	x0,0	  x0:0x00000000  x0=0x00000000
      864369000	     43116	8000885c	80fa	c.mv	x1,x30	  x0:0x00000000 x30:0x0085b5ff  x1=0x0085b5ff
      864389000	     43117	8000885e	e805	c.bnez	x8,8000888e	  x8:0x0b1c4f59
      866009000	     43198	8000888e	026d6363	bltu	x26,x6,800088b4	 x26:0xb300a041  x6:0x80008838
      866429000	     43219	80008892	416bd9b3	sra	x19,x23,x22	 x23:0x00001000 x22:0x00000000 x19=0x00001000
      867349000	     43265	80008896	03917d33	remu	x26,x2,x25	  x2:0xf5e39895 x25:0x00000058 x26=0x0000002d
      867369000	     43266	8000889a	98f46593	ori	x11,x8,-1649	  x8:0x0b1c4f59 x11=0xffffffdf
      867389000	     43267	8000889e	00522a33	slt	x20,x4,x5	  x4:0x80008842  x5:0x8000883c x20=0x00000000
      867409000	     43268	800088a2	6e31	c.lui	x28,0xc	 x28=0x0000c000
      867429000	     43269	800088a4	74e5c293	xori	x5,x11,1870	 x11:0xffffffdf  x5=0xfffff891
      867449000	     43270	800088a8	0048c833	xor	x16,x17,x4	 x17:0x8002383f  x4:0x80008842 x16=0x0002b07d
      867469000	     43271	800088ac	02ea9163	bne	x21,x14,800088ce	 x21:0x00000000 x14:0x80023ce4
      868569000	     43326	800088ce	400f5b93	srai	x23,x30,0x0	 x30:0x0085b5ff x23=0x0085b5ff
      868589000	     43327	800088d2	6509	c.lui	x10,0x2	 x10=0x00002000
      868609000	     43328	800088d4	01799b13	slli	x22,x19,0x17	 x19:0x00001000 x22=0x00000000
      868629000	     43329	800088d8	dae1f593	andi	x11,x3,-594	  x3:0x7f823f8c x11=0x7f823d8c
      868649000	     43330	800088dc	00233033	sltu	x0,x6,x2	  x6:0x80008838  x2:0xf5e39895  x0=0x00000000
      868829000	     43339	800088e0	0000100f	fence.i	
      869789000	     43387	800088e4	8d31	c.xor	x10,x12	 x10:0x00002000 x12:0x8001fe4c x10=0x8001de4c
      869809000	     43388	800088e6	0044e8b3	or	x17,x9,x4	  x9:0x807dc31c  x4:0x80008842 x17=0x807dcb5e
      869849000	     43390	800088ea	013b1493	slli	x9,x22,0x13	 x22:0x00000000  x9=0x00000000
      869869000	     43391	800088ee	e990c593	xori	x11,x1,-359	  x1:0x0085b5ff x11=0xff7a4b66
      870209000	     43408	800088f2	03ba38b3	mulhu	x17,x20,x27	 x20:0x00000000 x27:0x00000000 x17=0x00000000
      870229000	     43409	800088f6	0d2d	c.addi	x26,11	 x26:0x0000002d x26=0x00000038
      870249000	     43410	800088f8	e1e4b693	sltiu	x13,x9,-482	  x9:0x00000000 x13=0x00000001
      870989000	     43447	800088fc	03996c33	rem	x24,x18,x25	 x18:0xd87276a6 x25:0x00000058 x24=0xffffffee
      871729000	     43484	80008900	0224ee33	rem	x28,x9,x2	  x9:0x00000000  x2:0xf5e39895 x28=0x00000000
      871749000	     43485	80008904	0031edb3	or	x27,x3,x3	  x3:0x7f823f8c  x3:0x7f823f8c x27=0x7f823f8c
      871769000	     43486	80008908	0ff0000f	fence	iorw,iorw	
      871789000	     43487	8000890c	010ebd33	sltu	x26,x29,x16	 x29:0x0b1c4f59 x16:0x0002b07d x26=0x00000000
      871829000	     43489	80008910	03aabeb3	mulhu	x29,x21,x26	 x21:0x00000000 x26:0x00000000 x29=0x00000000
      872569000	     43526	80008914	02e8f8b3	remu	x17,x17,x14	 x17:0x00000000 x14:0x80023ce4 x17=0x00000000
      872589000	     43527	80008918	8d55	c.or	x10,x13	 x10:0x8001de4c x13:0x00000001 x10=0x8001de4d
      872609000	     43528	8000891a	004ad913	srli	x18,x21,0x4	 x21:0x00000000 x18=0x00000000
      872629000	     43529	8000891e	42692393	slti	x7,x18,1062	 x18:0x00000000  x7=0x00000001
      872649000	     43530	80008922	00d0dc33	srl	x24,x1,x13	  x1:0x0085b5ff x13:0x00000001 x24=0x0042daff
      872669000	     43531	80008926	e595	c.bnez	x11,80008952	 x11:0xff7a4b66
      873809000	     43588	80008952	01e97863	bgeu	x18,x30,80008962	 x18:0x00000000 x30:0x0085b5ff
      874109000	     43603	80008956	01764ab3	xor	x21,x12,x23	 x12:0x8001fe4c x23:0x0085b5ff x21=0x80844bb3
      874129000	     43604	8000895a	0184aeb3	slt	x29,x9,x24	  x9:0x00000000 x24:0x0042daff x29=0x00000001
      874149000	     43605	8000895e	643af413	andi	x8,x21,1603	 x21:0x80844bb3  x8=0x00000203
      874169000	     43606	80008962	0421	c.addi	x8,8	  x8:0x00000203  x8=0x0000020b
      874249000	     43610	80008964	8fd5	c.or	x15,x13	 x15:0x00000000 x13:0x00000001 x15=0x00000001
      874289000	     43612	80008966	03f79463	bne	x15,x31,8000898e	 x15:0x00000001 x31:0xff65b7ff
      875549000	     43675	8000898e	893e	c.mv	x18,x15	  x0:0x00000000 x15:0x00000001 x18=0x00000001
      876009000	     43698	80008990	0ff0000f	fence	iorw,iorw	
      876069000	     43701	80008994	01ec5d63	bge	x24,x30,800089ae	 x24:0x0042daff x30:0x0085b5ff
      876089000	     43702	80008998	8cf9	c.and	x9,x14	  x9:0x00000000 x14:0x80023ce4  x9=0x00000000
      876109000	     43703	8000899a	014a5c63	bge	x20,x20,800089b2	 x20:0x00000000 x20:0x00000000
      876789000	     43737	800089b2	45d5	c.li	x11,21	 x11=0x00000015
      876929000	     43744	800089b4	0340d1b3	divu	x3,x1,x20	  x1:0x0085b5ff x20:0x00000000  x3=0xffffffff
      876949000	     43745	800089b8	419bd933	sra	x18,x23,x25	 x23:0x0085b5ff x25:0x00000058 x18=0x00000000
      877209000	     43758	800089bc	8b89	c.andi	x15,2	 x15:0x00000001 x15=0x00000000
      877949000	     43795	800089be	02acc933	div	x18,x25,x10	 x25:0x00000058 x10:0x8001de4d x18=0x00000000
      877969000	     43796	800089c2	93b2	c.add	x7,x12	  x7:0x00000001 x12:0x8001fe4c  x7=0x8001fe4d
      877989000	     43797	800089c4	00c4e0b3	or	x1,x9,x12	  x9:0x00000000 x12:0x8001fe4c  x1=0x8001fe4c
      878049000	     43800	800089c8	0000100f	fence.i	
      878509000	     43823	800089cc	b2a2a993	slti	x19,x5,-1238	  x5:0xfffff891 x19=0x00000001
      878529000	     43824	800089d0	009bcd63	blt	x23,x9,800089ea	 x23:0x0085b5ff  x9:0x00000000
      878549000	     43825	800089d4	825a3513	sltiu	x10,x20,-2011	 x20:0x00000000 x10=0x00000001
      878569000	     43826	800089d8	858d	c.srai	x11,0x3	 x11:0x00000015 x11=0x00000002
      879009000	     43848	800089da	03c79933	mulh	x18,x15,x28	 x15:0x00000000 x28:0x00000000 x18=0x00000000
      879149000	     43855	800089de	01901463	bne	x0,x25,800089e6	  x0:0x00000000 x25:0x00000058
      879969000	     43896	800089e6	03e816b3	mulh	x13,x16,x30	 x16:0x0002b07d x30:0x0085b5ff x13=0x00000167
      879989000	     43897	800089ea	01aa6a33	or	x20,x20,x26	 x20:0x00000000 x26:0x00000000 x20=0x00000000
      880009000	     43898	800089ee	e64d3c13	sltiu	x24,x26,-412	 x26:0x00000000 x24=0x00000001
      880029000	     43899	800089f2	c505	c.beqz	x10,80008a1a	 x10:0x00000001
      880049000	     43900	800089f4	25c66193	ori	x3,x12,604	 x12:0x8001fe4c  x3=0x8001fe5c
      880189000	     43907	800089f8	ad70bdb7	lui	x27,0xad70b	 x27=0xad70b000
      880269000	     43911	800089fc	65a9	c.lui	x11,0xa	 x11=0x0000a000
      881009000	     43948	800089fe	035a5033	divu	x0,x20,x21	 x20:0x00000000 x21:0x80844bb3  x0=0x00000000
      881049000	     43950	80008a02	031f98b3	mulh	x17,x31,x17	 x31:0xff65b7ff x17:0x00000000 x17=0x00000000
      881069000	     43951	80008a06	013bd413	srli	x8,x23,0x13	 x23:0x0085b5ff  x8=0x00000010
      881089000	     43952	80008a0a	8c39	c.xor	x8,x14	  x8:0x00000010 x14:0x80023ce4  x8=0x80023cf4
      881109000	     43953	80008a0c	137d	c.addi	x6,-1	  x6:0x80008838  x6=0x80008837
      881129000	     43954	80008a0e	2a7f2a93	slti	x21,x30,679	 x30:0x0085b5ff x21=0x00000000
      881869000	     43991	80008a12	0236f833	remu	x16,x13,x3	 x13:0x00000167  x3:0x8001fe5c x16=0x00000167
      881889000	     43992	80008a16	537d	c.li	x6,-1	  x6=0xffffffff
      881909000	     43993	80008a18	ca8d	c.beqz	x13,80008a4a	 x13:0x00000167
      882649000	     44030	80008a1a	0387ddb3	divu	x27,x15,x24	 x15:0x00000000 x24:0x00000001 x27=0x00000000
      883389000	     44067	80008a1e	0281ceb3	div	x29,x3,x8	  x3:0x8001fe5c  x8:0x80023cf4 x29=0x00000001
      884129000	     44104	80008a22	02bdf033	remu	x0,x27,x11	 x27:0x00000000 x11:0x0000a000  x0=0x00000000
      884149000	     44105	80008a26	40dede33	sra	x28,x29,x13	 x29:0x00000001 x13:0x00000167 x28=0x00000000
      884169000	     44106	80008a2a	0095e433	or	x8,x11,x9	 x11:0x0000a000  x9:0x00000000  x8=0x0000a000
      884909000	     44143	80008a2e	03877033	remu	x0,x14,x24	 x14:0x80023ce4 x24:0x00000001  x0=0x00000000
      884929000	     44144	80008a32	009f41b3	xor	x3,x30,x9	 x30:0x0085b5ff  x9:0x00000000  x3=0x0085b5ff
      884949000	     44145	80008a36	0ff0000f	fence	iorw,iorw	
      884969000	     44146	80008a3a	0000100f	fence.i	
      885409000	     44168	80008a3e	6c926513	ori	x10,x4,1737	  x4:0x80008842 x10=0x80008ecb
      885429000	     44169	80008a42	8151	c.srli	x10,0x14	 x10:0x80008ecb x10=0x00000800
      885549000	     44175	80008a44	69448413	addi	x8,x9,1684	  x9:0x00000000  x8=0x00000694
      885869000	     44191	80008a48	8506	c.mv	x10,x1	  x0:0x00000000  x1:0x8001fe4c x10=0x8001fe4c
      886049000	     44200	80008a4a	408e8e33	sub	x28,x29,x8	 x29:0x00000001  x8:0x00000694 x28=0xfffff96d
      886129000	     44204	80008a4e	012b9813	slli	x16,x23,0x12	 x23:0x0085b5ff x16=0xd7fc0000
      886149000	     44205	80008a52	00cd05b3	add	x11,x26,x12	 x26:0x00000000 x12:0x8001fe4c x11=0x8001fe4c
      886169000	     44206	80008a56	bf5ab413	sltiu	x8,x21,-1035	 x21:0x00000000  x8=0x00000001
      886189000	     44207	80008a5a	010fc363	blt	x31,x16,80008a60	 x31:0xff65b7ff x16:0xd7fc0000
      886209000	     44208	80008a5e	8912	c.mv	x18,x4	  x0:0x00000000  x4:0x80008842 x18=0x80008842
      886229000	     44209	80008a60	01a1d813	srli	x16,x3,0x1a	  x3:0x0085b5ff x16=0x00000000
      886249000	     44210	80008a64	013906b3	add	x13,x18,x19	 x18:0x80008842 x19:0x00000001 x13=0x80008843
      886309000	     44213	80008a68	41398d33	sub	x26,x19,x19	 x19:0x00000001 x19:0x00000001 x26=0x00000000
      886329000	     44214	80008a6c	4379	c.li	x6,30	  x6=0x0000001e
      886669000	     44231	80008a6e	0388e563	bltu	x17,x24,80008a98	 x17:0x00000000 x24:0x00000001
      886729000	     44234	80008a98	0001	c.addi	x0,0	  x0:0x00000000  x0=0x00000000
      886749000	     44235	80008a9a	0079f763	bgeu	x19,x7,80008aa8	 x19:0x00000001  x7:0x8001fe4d
      886809000	     44238	80008a9e	00b932b3	sltu	x5,x18,x11	 x18:0x80008842 x11:0x8001fe4c  x5=0x00000001
      886989000	     44247	80008aa2	028a9933	mulh	x18,x21,x8	 x21:0x00000000  x8:0x00000001 x18=0x00000000
      887009000	     44248	80008aa6	8e9d	c.sub	x13,x15	 x13:0x80008843 x15:0x00000000 x13=0x80008843
      887149000	     44255	80008aa8	8fc5	c.or	x15,x9	 x15:0x00000000  x9:0x00000000 x15=0x00000000
      887169000	     44256	80008aaa	028b0c33	mul	x24,x22,x8	 x22:0x00000000  x8:0x00000001 x24=0x00000000
      887589000	     44277	80008aae	ffbb3db7	lui	x27,0xffbb3	 x27=0xffbb3000
      887609000	     44278	80008ab2	8d09	c.sub	x10,x10	 x10:0x8001fe4c x10:0x8001fe4c x10=0x00000000
      887629000	     44279	80008ab4	411e5e13	srai	x28,x28,0x11	 x28:0xfffff96d x28=0xffffffff
      887649000	     44280	80008ab8	812d	c.srli	x10,0xb	 x10:0x00000000 x10=0x00000000
      887669000	     44281	80008aba	8c99	c.sub	x9,x14	  x9:0x00000000 x14:0x80023ce4  x9=0x7ffdc31c
      888429000	     44319	80008abc	0218fbb3	remu	x23,x17,x1	 x17:0x00000000  x1:0x8001fe4c x23=0x00000000
      888449000	     44320	80008ac0	d44dfe13	andi	x28,x27,-700	 x27:0xffbb3000 x28=0xffbb3000
      888469000	     44321	80008ac4	8af9	c.andi	x13,30	 x13:0x80008843 x13=0x00000002
      888489000	     44322	80008ac6	8edd	c.or	x13,x15	 x13:0x00000002 x15:0x00000000 x13=0x00000002
      888509000	     44323	80008ac8	005cd463	bge	x25,x5,80008ad0	 x25:0x00000058  x5:0x00000001
      889289000	     44362	80008ad0	408987b3	sub	x15,x19,x8	 x19:0x00000001  x8:0x00000001 x15=0x00000000
      889489000	     44372	80008ad4	779770b7	lui	x1,0x77977	  x1=0x77977000
      890229000	     44409	80008ad8	026ac4b3	div	x9,x21,x6	 x21:0x00000000  x6:0x0000001e  x9=0x00000000
      890249000	     44410	80008adc	41b30c33	sub	x24,x6,x27	  x6:0x0000001e x27:0xffbb3000 x24=0x0044d01e
      890269000	     44411	80008ae0	01aa4db3	xor	x27,x20,x26	 x20:0x00000000 x26:0x00000000 x27=0x00000000
      890309000	     44413	80008ae4	020b5a33	divu	x20,x22,x0	 x22:0x00000000  x0:0x00000000 x20=0xffffffff
      890329000	     44414	80008ae8	0000100f	fence.i	
      890409000	     44418	80008aec	0176eab3	or	x21,x13,x23	 x13:0x00000002 x23:0x00000000 x21=0x00000002
      890429000	     44419	80008af0	0001	c.addi	x0,0	  x0:0x00000000  x0=0x00000000
      890629000	     44429	80008af2	01b4b233	sltu	x4,x9,x27	  x9:0x00000000 x27:0x00000000  x4=0x00000000
      890649000	     44430	80008af6	99fd	c.andi	x11,-1	 x11:0x8001fe4c x11=0x8001fe4c
      891009000	     44448	80008af8	0001	c.addi	x0,0	  x0:0x00000000  x0=0x00000000
      891049000	     44450	80008afa	01d8bd33	sltu	x26,x17,x29	 x17:0x00000000 x29:0x00000001 x26=0x00000001
      891069000	     44451	80008afe	0153aeb3	slt	x29,x7,x21	  x7:0x8001fe4d x21:0x00000002 x29=0x00000001
      891089000	     44452	80008b02	f204c097	auipc	x1,0xf204c	  x1=0x72054b02
      891129000	     44454	80008b06	bbdf8993	addi	x19,x31,-1091	 x31:0xff65b7ff x19=0xff65b3bc
      891329000	     44464	80008b0a	41e20933	sub	x18,x4,x30	  x4:0x00000000 x30:0x0085b5ff x18=0xff7a4a01
      891549000	     44475	80008b0e	030e3033	mulhu	x0,x28,x16	 x28:0xffbb3000 x16:0x00000000  x0=0x00000000
      891569000	     44476	80008b12	82fd	c.srli	x13,0x1f	 x13:0x00000002 x13=0x00000000
      891689000	     44482	80008b14	8cc1	c.or	x9,x8	  x9:0x00000000  x8:0x00000001  x9=0x00000001
      892129000	     44504	80008b16	02783ab3	mulhu	x21,x16,x7	 x16:0x00000000  x7:0x8001fe4d x21=0x00000000
      892229000	     44509	80008b1a	00df65b3	or	x11,x30,x13	 x30:0x0085b5ff x13:0x00000000 x11=0x0085b5ff
      892249000	     44510	80008b1e	01ff1333	sll	x6,x30,x31	 x30:0x0085b5ff x31:0xff65b7ff  x6=0x80000000
      892269000	     44511	80008b22	6065a193	slti	x3,x11,1542	 x11:0x0085b5ff  x3=0x00000000
      892369000	     44516	80008b26	405c0d33	sub	x26,x24,x5	 x24:0x0044d01e  x5:0x00000001 x26=0x0044d01d
      892389000	     44517	80008b2a	0000100f	fence.i	
      892909000	     44543	80008b2e	8dc5	c.or	x11,x9	 x11:0x0085b5ff  x9:0x00000001 x11=0x0085b5ff
      892929000	     44544	80008b30	de3ff797	auipc	x15,0xde3ff	 x15=0x5e407b30
      892949000	     44545	80008b34	818e	c.mv	x3,x3	  x0:0x00000000  x3:0x00000000  x3=0x00000000
      893109000	     44553	80008b36	0242cc93	xori	x25,x5,36	  x5:0x00000001 x25=0x00000025
      893129000	     44554	80008b3a	6c79	c.lui	x24,0x1e	 x24=0x0001e000
      893249000	     44560	80008b3c	00bc2433	slt	x8,x24,x11	 x24:0x0001e000 x11:0x0085b5ff  x8=0x00000001
      893269000	     44561	80008b40	00c29533	sll	x10,x5,x12	  x5:0x00000001 x12:0x8001fe4c x10=0x00001000
      893289000	     44562	80008b44	05550063	beq	x10,x21,80008b84	 x10:0x00001000 x21:0x00000000
      893349000	     44565	80008b48	e125	c.bnez	x10,80008ba8	 x10:0x00001000
      893509000	     44573	80008ba8	02ddcab3	div	x21,x27,x13	 x27:0x00000000 x13:0x00000000 x21=0xffffffff
      893609000	     44578	80008bac	0042c0b3	xor	x1,x5,x4	  x5:0x00000001  x4:0x00000000  x1=0x00000001
      893629000	     44579	80008bb0	00a51893	slli	x17,x10,0xa	 x10:0x00001000 x17=0x00400000
      893649000	     44580	80008bb4	9862	c.add	x16,x24	 x16:0x00000000 x24:0x0001e000 x16=0x0001e000
      893669000	     44581	80008bb6	6325	c.lui	x6,0x9	  x6=0x00009000
      893869000	     44591	80008bb8	83a9	c.srli	x15,0xa	 x15:0x5e407b30 x15=0x0017901e
      894049000	     44600	80008bba	02dcad33	mulhsu	x26,x25,x13	 x25:0x00000025 x13:0x00000000 x26=0x00000000
      894069000	     44601	80008bbe	a8f2b913	sltiu	x18,x5,-1393	  x5:0x00000001 x18=0x00000001
      894229000	     44609	80008bc2	008a9793	slli	x15,x21,0x8	 x21:0xffffffff x15=0xffffff00
      894249000	     44610	80008bc6	0995	c.addi	x19,5	 x19:0xff65b3bc x19=0xff65b3c1
      894269000	     44611	80008bc8	00e61263	bne	x12,x14,80008bcc	 x12:0x8001fe4c x14:0x80023ce4
      894709000	     44633	80008bcc	4747a993	slti	x19,x15,1140	 x15:0xffffff00 x19=0x00000001
      894729000	     44634	80008bd0	4fe1	c.li	x31,24	 x31=0x00000018
      894749000	     44635	80008bd2	8cd5	c.or	x9,x13	  x9:0x00000001 x13:0x00000000  x9=0x00000001
      894869000	     44641	80008bd4	02cc9363	bne	x25,x12,80008bfa	 x25:0x00000025 x12:0x8001fe4c
      895069000	     44651	80008bfa	8da9	c.xor	x11,x10	 x11:0x0085b5ff x10:0x00001000 x11=0x0085a5ff
      895169000	     44656	80008bfc	0ff0000f	fence	iorw,iorw	
      895289000	     44662	80008c00	028bc363	blt	x23,x8,80008c26	 x23:0x00000000  x8:0x00000001
      895429000	     44669	80008c26	007dd6b3	srl	x13,x27,x7	 x27:0x00000000  x7:0x8001fe4d x13=0x00000000
      895629000	     44679	80008c2a	40918233	sub	x4,x3,x9	  x3:0x00000000  x9:0x00000001  x4=0xffffffff
      895809000	     44688	80008c2e	015cd333	srl	x6,x25,x21	 x25:0x00000025 x21:0xffffffff  x6=0x00000000
      895929000	     44694	80008c32	8981fa93	andi	x21,x3,-1896	  x3:0x00000000 x21=0x00000000
      895969000	     44696	80008c36	03ba69b3	rem	x19,x20,x27	 x20:0xffffffff x27:0x00000000 x19=0xffffffff
      895989000	     44697	80008c3a	8c45	c.or	x8,x9	  x8:0x00000001  x9:0x00000001  x8=0x00000001
      896009000	     44698	80008c3c	019f9d63	bne	x31,x25,80008c56	 x31:0x00000018 x25:0x00000025
      896509000	     44723	80008c56	008e4d63	blt	x28,x8,80008c70	 x28:0xffbb3000  x8:0x00000001
      897029000	     44749	80008c70	01b4fb33	and	x22,x9,x27	  x9:0x00000001 x27:0x00000000 x22=0x00000000
      897049000	     44750	80008c74	005b1c93	slli	x25,x22,0x5	 x22:0x00000000 x25=0x00000000
      897249000	     44760	80008c78	0cca8013	addi	x0,x21,204	 x21:0x00000000  x0=0x00000000
      897449000	     44770	80008c7c	faaefc13	andi	x24,x29,-86	 x29:0x00000001 x24=0x00000000
      897869000	     44791	80008c80	007cce63	blt	x25,x7,80008c9c	 x25:0x00000000  x7:0x8001fe4d
      898069000	     44801	80008c84	8c31	c.xor	x8,x12	  x8:0x00000001 x12:0x8001fe4c  x8=0x8001fe4d
      898509000	     44823	80008c86	02d83533	mulhu	x10,x16,x13	 x16:0x0001e000 x13:0x00000000 x10=0x00000000
      898529000	     44824	80008c8a	00380a63	beq	x16,x3,80008c9e	 x16:0x0001e000  x3:0x00000000
      898549000	     44825	80008c8e	9bfd	c.andi	x15,-1	 x15:0xffffff00 x15=0xffffff00
      898569000	     44826	80008c90	01286a63	bltu	x16,x18,80008ca4	 x16:0x0001e000 x18:0x00000001
      898589000	     44827	80008c94	8eb9	c.xor	x13,x14	 x13:0x00000000 x14:0x80023ce4 x13=0x80023ce4
      899329000	     44864	80008c96	03e2ddb3	divu	x27,x5,x30	  x5:0x00000001 x30:0x0085b5ff x27=0x00000000
      899349000	     44865	80008c9a	8fb9	c.xor	x15,x14	 x15:0xffffff00 x14:0x80023ce4 x15=0x7ffdc3e4
      899369000	     44866	80008c9c	6e11	c.lui	x28,0x4	 x28=0x00004000
      899389000	     44867	80008c9e	8e89	c.sub	x13,x10	 x13:0x80023ce4 x10:0x00000000 x13=0x80023ce4
      900129000	     44904	80008ca0	025e69b3	rem	x19,x28,x5	 x28:0x00004000  x5:0x00000001 x19=0x00000000
      900149000	     44905	80008ca4	8041	c.srli	x8,0x10	  x8:0x8001fe4d  x8=0x00008001
      900189000	     44907	80008ca6	026acc33	div	x24,x21,x6	 x21:0x00000000  x6:0x00000000 x24=0xffffffff
      900209000	     44908	80008caa	0000100f	fence.i	
      900429000	     44919	80008cae	8c85	c.sub	x9,x9	  x9:0x00000001  x9:0x00000001  x9=0x00000000
      900469000	     44921	80008cb0	0000100f	fence.i	
      901069000	     44951	80008cb4	0173ce63	blt	x7,x23,80008cd0	  x7:0x8001fe4d x23:0x00000000
      901769000	     44986	80008cd0	007d62b3	or	x5,x26,x7	 x26:0x00000000  x7:0x8001fe4d  x5=0x8001fe4d
      901969000	     44996	80008cd4	00b61533	sll	x10,x12,x11	 x12:0x8001fe4c x11:0x0085a5ff x10=0x00000000
      901989000	     44997	80008cd8	ffaa8593	addi	x11,x21,-6	 x21:0x00000000 x11=0xfffffffa
      902009000	     44998	80008cdc	0036df13	srli	x30,x13,0x3	 x13:0x80023ce4 x30=0x1000479c
      902269000	     45011	80008ce0	8559	c.srai	x10,0x16	 x10:0x00000000 x10=0x00000000
      902289000	     45012	80008ce2	00fa8263	beq	x21,x15,80008ce6	 x21:0x00000000 x15:0x7ffdc3e4
      924209000	     46108	80008ce6	018d5b63	bge	x26,x24,80008cfc	 x26:0x00000000 x24:0xffffffff
      924589000	     46127	80008cfc	547d	c.li	x8,-1	  x8=0xffffffff
      925149000	     46155	80008cfe	038c7963	bgeu	x24,x24,80008d30	 x24:0xffffffff x24:0xffffffff
      925889000	     46192	80008d30	987d	c.andi	x8,-1	  x8:0xffffffff  x8=0xffffffff
      925909000	     46193	80008d32	996cbe93	sltiu	x29,x25,-1642	 x25:0x00000000 x29=0x00000001
      925949000	     46195	80008d36	f2d5f013	andi	x0,x11,-211	 x11:0xfffffffa  x0=0x00000000
      925969000	     46196	80008d3a	1c7d	c.addi	x24,-1	 x24:0xffffffff x24=0xfffffffe
      925989000	     46197	80008d3c	2fdbabb7	lui	x23,0x2fdba	 x23=0x2fdba000
      926169000	     46206	80008d40	0132df63	bge	x5,x19,80008d5e	  x5:0x8001fe4d x19:0x00000000
      926909000	     46243	80008d44	03015033	divu	x0,x2,x16	  x2:0xf5e39895 x16:0x0001e000  x0=0x00000000
      926929000	     46244	80008d48	00b43b33	sltu	x22,x8,x11	  x8:0xffffffff x11:0xfffffffa x22=0x00000000
      926949000	     46245	80008d4c	011e75b3	and	x11,x28,x17	 x28:0x00004000 x17:0x00400000 x11=0x00000000
      926969000	     46246	80008d50	00724833	xor	x16,x4,x7	  x4:0xffffffff  x7:0x8001fe4d x16=0x7ffe01b2
      926989000	     46247	80008d54	0000100f	fence.i	
      927449000	     46270	80008d58	028614b3	mulh	x9,x12,x8	 x12:0x8001fe4c  x8:0xffffffff  x9=0x00000000
      927569000	     46276	80008d5c	0001	c.addi	x0,0	  x0:0x00000000  x0=0x00000000
      927589000	     46277	80008d5e	03be81b3	mul	x3,x29,x27	 x29:0x00000001 x27:0x00000000  x3=0x00000000
      927609000	     46278	80008d62	03038b93	addi	x23,x7,48	  x7:0x8001fe4d x23=0x8001fe7d
      928369000	     46316	80008d66	02ff6433	rem	x8,x30,x15	 x30:0x1000479c x15:0x7ffdc3e4  x8=0x1000479c
      928829000	     46339	80008d6a	00462083	lw	x1,4(x12)	 x12:0x8001fe4c  x1=0x80003324 PA:0x8001fe50 load:0x80003324
      929569000	     46376	80008d6e	032d46b3	div	x13,x26,x18	 x26:0x00000000 x18:0x00000001 x13=0x00000000
      929589000	     46377	80008d72	8c41	c.or	x8,x8	  x8:0x1000479c  x8:0x1000479c  x8=0x1000479c
      929609000	     46378	80008d74	0661	c.addi	x12,24	 x12:0x8001fe4c x12=0x8001fe64
      930349000	     46415	80008d76	03897d33	remu	x26,x18,x24	 x18:0x00000001 x24:0xfffffffe x26=0x00000001
      930369000	     46416	80008d7a	0000100f	fence.i	
      930929000	     46444	80008d7e	00108213	addi	x4,x1,1	  x1:0x80003324  x4=0x80003325
      930949000	     46445	80008d82	8202	c.jr	x4	  x4:0x80003325
      931429000	     46469	80003324	83b9	c.srli	x15,0xe	 x15:0x7ffdc3e4 x15=0x0001fff7
      931449000	     46470	80003326	01b8e333	or	x6,x17,x27	 x17:0x00400000 x27:0x00000000  x6=0x00400000
      931769000	     46486	8000332a	00000d97	auipc	x27,0x0	 x27=0x8000332a
      931789000	     46487	8000332e	136d8d93	addi	x27,x27,310	 x27:0x8000332a x27=0x80003460
      931809000	     46488	80003332	eb8d8d93	addi	x27,x27,-328	 x27:0x80003460 x27=0x80003318
      931829000	     46489	80003336	45d9	c.li	x11,22	 x11=0x00000016
      931849000	     46490	80003338	00431663	bne	x6,x4,80003344	  x6:0x00400000  x4:0x80003325
      932209000	     46508	80003344	148d80e7	jalr	x1,328(x27)	 x27:0x80003318  x1=0x80003348
      932309000	     46513	80003460	86f1	c.srai	x13,0x1c	 x13:0x00000000 x13=0x00000000
      932509000	     46523	80003462	01bd6363	bltu	x26,x27,80003468	 x26:0x00000001 x27:0x80003318
      932909000	     46543	80003468	fc860613	addi	x12,x12,-56	 x12:0x8001fe64 x12=0x8001fe2c
      933209000	     46558	8000346c	00162223	sw	x1,4(x12)	 x12:0x8001fe2c  x1:0x80003348 PA:0x8001fe30 store:0x80003348 load:0xffffffff
      933429000	     46569	80003470	015c62b3	or	x5,x24,x21	 x24:0xfffffffe x21:0x00000000  x5=0xfffffffe
      933749000	     46585	80003474	044000ef	jal	x1,800034b8	  x1=0x80003478
      934329000	     46614	800034b8	3fc5	c.jal	800034a8	  x1=0x800034ba
      935549000	     46675	800034a8	fe5ff6ef	jal	x13,8000348c	 x13=0x800034ac
      935789000	     46687	8000348c	ff5ff36f	jal	x6,80003480	  x6=0x80003490
      936089000	     46702	80003480	a801	c.j	80003490	
      936129000	     46704	80003490	a02d	c.j	800034ba	
      936449000	     46720	800034ba	b7e1	c.j	80003482	
      936509000	     46723	80003482	014000ef	jal	x1,80003496	  x1=0x80003486
      936549000	     46725	80003496	2839	c.jal	800034b4	  x1=0x80003498
      938189000	     46807	800034b4	fefff36f	jal	x6,800034a2	  x6=0x800034b8
      938349000	     46815	800034a2	a029	c.j	800034ac	
      939049000	     46850	800034ac	fdbff2ef	jal	x5,80003486	  x5=0x800034b0
      939109000	     46853	80003486	a811	c.j	8000349a	
      939149000	     46855	8000349a	37cd	c.jal	8000347c	  x1=0x8000349c
      939269000	     46861	8000347c	016000ef	jal	x1,80003492	  x1=0x80003480
      939309000	     46863	80003492	37dd	c.jal	80003478	  x1=0x80003494
      939429000	     46869	80003478	0240026f	jal	x4,8000349c	  x4=0x8000347c
      939469000	     46871	8000349c	2005	c.jal	800034bc	  x1=0x8000349e
      939509000	     46873	800034bc	b7f1	c.j	80003488	
      939549000	     46875	80003488	a819	c.j	8000349e	
      939609000	     46878	8000349e	fedff0ef	jal	x1,8000348a	  x1=0x800034a2
      939669000	     46881	8000348a	2029	c.jal	80003494	  x1=0x8000348c
      939709000	     46883	80003494	2801	c.jal	800034a4	  x1=0x80003496
      939749000	     46885	800034a4	ff5ff26f	jal	x4,80003498	  x4=0x800034a8
      939789000	     46887	80003498	a821	c.j	800034b0	
      939829000	     46889	800034b0	00e000ef	jal	x1,800034be	  x1=0x800034b4
      939889000	     46892	800034be	73ea8497	auipc	x9,0x73ea8	  x9=0xf3eab4be
      939909000	     46893	800034c2	010000ef	jal	x1,800034d2	  x1=0x800034c6
      940649000	     46930	800034d2	bffd	c.j	800034d0	
      941249000	     46960	800034d0	3fe5	c.jal	800034c8	  x1=0x800034d2
      941309000	     46963	800034c8	004001ef	jal	x3,800034cc	  x3=0x800034cc
      941369000	     46966	800034cc	01a006ef	jal	x13,800034e6	 x13=0x800034d0
      941429000	     46969	800034e6	bfe5	c.j	800034de	
      941489000	     46972	800034de	bffd	c.j	800034dc	
      941549000	     46975	800034dc	2019	c.jal	800034e2	  x1=0x800034de
      941629000	     46979	800034e2	ff7ff2ef	jal	x5,800034d8	  x5=0x800034e6
      941689000	     46982	800034d8	00800eef	jal	x29,800034e0	 x29=0x800034dc
      941749000	     46985	800034e0	2021	c.jal	800034e8	  x1=0x800034e2
      942549000	     47025	800034e8	fefff0ef	jal	x1,800034d6	  x1=0x800034ec
      942609000	     47028	800034d6	3fc5	c.jal	800034c6	  x1=0x800034d8
      942669000	     47031	800034c6	2039	c.jal	800034d4	  x1=0x800034c8
      942709000	     47033	800034d4	a821	c.j	800034ec	
      942749000	     47035	800034ec	004000ef	jal	x1,800034f0	  x1=0x800034f0
      942789000	     47037	800034f0	011c1bb3	sll	x23,x24,x17	 x24:0xfffffffe x17:0x00400000 x23=0xfffffffe
      942809000	     47038	800034f4	026000ef	jal	x1,8000351a	  x1=0x800034f8
      943289000	     47062	8000351a	37d5	c.jal	800034fe	  x1=0x8000351c
      943749000	     47085	800034fe	026000ef	jal	x1,80003524	  x1=0x80003502
      943789000	     47087	80003524	a011	c.j	80003528	
      943869000	     47091	80003528	00c004ef	jal	x9,80003534	  x9=0x8000352c
      944369000	     47116	80003534	37cd	c.jal	80003516	  x1=0x80003536
      945069000	     47151	80003516	b7dd	c.j	800034fc	
      945109000	     47153	800034fc	2805	c.jal	8000352c	  x1=0x800034fe
      945149000	     47155	8000352c	fe7ff0ef	jal	x1,80003512	  x1=0x80003530
      945209000	     47158	80003512	ff3ff0ef	jal	x1,80003504	  x1=0x80003516
      945249000	     47160	80003504	02e000ef	jal	x1,80003532	  x1=0x80003508
      945289000	     47162	80003532	bfe9	c.j	8000350c	
      945329000	     47164	8000350c	fedff0ef	jal	x1,800034f8	  x1=0x80003510
      945369000	     47166	800034f8	00a000ef	jal	x1,80003502	  x1=0x800034fc
      945409000	     47168	80003502	203d	c.jal	80003530	  x1=0x80003504
      945449000	     47170	80003530	b7fd	c.j	8000351e	
      945489000	     47172	8000351e	2021	c.jal	80003526	  x1=0x80003520
      945549000	     47175	80003526	3fed	c.jal	80003520	  x1=0x80003528
      945609000	     47178	80003520	ff9ff46f	jal	x8,80003518	  x8=0x80003524
      945669000	     47181	80003518	3fc5	c.jal	80003508	  x1=0x8000351a
      945729000	     47184	80003508	0080036f	jal	x6,80003510	  x6=0x8000350c
      945789000	     47187	80003510	2031	c.jal	8000351c	  x1=0x80003512
      945829000	     47189	8000351c	a829	c.j	80003536	
      945869000	     47191	80003536	08b5	c.addi	x17,13	 x17:0x00400000 x17=0x0040000d
      945909000	     47193	80003538	00e000ef	jal	x1,80003546	  x1=0x8000353c
      945969000	     47196	80003546	a009	c.j	80003548	
      946389000	     47217	80003548	2015	c.jal	8000356c	  x1=0x8000354a
      947689000	     47282	8000356c	fffff36f	jal	x6,8000356a	  x6=0x80003570
      948109000	     47303	8000356a	bff5	c.j	80003566	
      949049000	     47350	80003566	012000ef	jal	x1,80003578	  x1=0x8000356a
      949109000	     47353	80003578	fd3ff0ef	jal	x1,8000354a	  x1=0x8000357c
      949149000	     47355	8000354a	a809	c.j	8000355c	
      949209000	     47358	8000355c	0080036f	jal	x6,80003564	  x6=0x80003560
      949249000	     47360	80003564	2809	c.jal	80003576	  x1=0x80003566
      949289000	     47362	80003576	bfe1	c.j	8000354e	
      949329000	     47364	8000354e	a019	c.j	80003554	
      949649000	     47380	80003554	37f5	c.jal	80003540	  x1=0x80003556
      949709000	     47383	80003540	2801	c.jal	80003550	  x1=0x80003542
      949769000	     47386	80003550	ffdff0ef	jal	x1,8000354c	  x1=0x80003554
      949829000	     47389	8000354c	2025	c.jal	80003574	  x1=0x8000354e
      949889000	     47392	80003574	37f9	c.jal	80003542	  x1=0x80003576
      949969000	     47396	80003542	01e000ef	jal	x1,80003560	  x1=0x80003546
      950029000	     47399	80003560	ff7ff26f	jal	x4,80003556	  x4=0x80003564
      950089000	     47402	80003556	a829	c.j	80003570	
      950149000	     47405	80003570	fcdff0ef	jal	x1,8000353c	  x1=0x80003574
      950209000	     47408	8000353c	2009	c.jal	8000353e	  x1=0x8000353e
      950269000	     47411	8000353e	2829	c.jal	80003558	  x1=0x80003540
      950329000	     47414	80003558	2009	c.jal	8000355a	  x1=0x8000355a
      950389000	     47417	8000355a	200d	c.jal	8000357c	  x1=0x8000355c
      950449000	     47420	8000357c	9b2a	c.add	x22,x10	 x22:0x00000000 x10:0x00000000 x22=0x00000000
      950469000	     47421	8000357e	012000ef	jal	x1,80003590	  x1=0x80003582
      950589000	     47427	80003590	3ff5	c.jal	8000358c	  x1=0x80003592
      950649000	     47430	8000358c	bfdd	c.j	80003582	
      950709000	     47433	80003582	2831	c.jal	8000359e	  x1=0x80003584
      951149000	     47455	8000359e	bfc5	c.j	8000358e	
      951229000	     47459	8000358e	a811	c.j	800035a2	
      951309000	     47463	800035a2	ffbff36f	jal	x6,8000359c	  x6=0x800035a6
      951369000	     47466	8000359c	b7f5	c.j	80003588	
      951429000	     47469	80003588	018000ef	jal	x1,800035a0	  x1=0x8000358c
      951489000	     47472	800035a0	bfdd	c.j	80003596	
      951549000	     47475	80003596	fefff36f	jal	x6,80003584	  x6=0x8000359a
      951609000	     47478	80003584	2039	c.jal	80003592	  x1=0x80003586
      951669000	     47481	80003592	2021	c.jal	8000359a	  x1=0x80003594
      951729000	     47484	8000359a	37f5	c.jal	80003586	  x1=0x8000359c
      951789000	     47487	80003586	2039	c.jal	80003594	  x1=0x80003588
      951849000	     47490	80003594	a809	c.j	800035a6	
      951929000	     47494	800035a6	00f8deb3	srl	x29,x17,x15	 x17:0x0040000d x15:0x0001fff7 x29=0x00000000
      951949000	     47495	800035aa	00c000ef	jal	x1,800035b6	  x1=0x800035ae
      952329000	     47514	800035b6	3fe5	c.jal	800035ae	  x1=0x800035b8
      952389000	     47517	800035ae	2009	c.jal	800035b0	  x1=0x800035b0
      952449000	     47520	800035b0	010000ef	jal	x1,800035c0	  x1=0x800035b4
      953389000	     47567	800035c0	ff9fffef	jal	x31,800035b8	 x31=0x800035c4
      953429000	     47569	800035b8	a801	c.j	800035c8	
      954089000	     47602	800035c8	37f5	c.jal	800035b4	  x1=0x800035ca
      954129000	     47604	800035b4	2029	c.jal	800035be	  x1=0x800035b6
      954189000	     47607	800035be	3ff5	c.jal	800035ba	  x1=0x800035c0
      954269000	     47611	800035ba	00a00cef	jal	x25,800035c4	 x25=0x800035be
      954329000	     47614	800035c4	006002ef	jal	x5,800035ca	  x5=0x800035c8
      954409000	     47618	800035ca	0000100f	fence.i	
      955829000	     47689	800035ce	006000ef	jal	x1,800035d4	  x1=0x800035d2
      956329000	     47714	800035d4	00e000ef	jal	x1,800035e2	  x1=0x800035d8
      957529000	     47774	800035e2	bfc5	c.j	800035d2	
      958369000	     47816	800035d2	2819	c.jal	800035e8	  x1=0x800035d4
      958589000	     47827	800035e8	a011	c.j	800035ec	
      958649000	     47830	800035ec	fefff0ef	jal	x1,800035da	  x1=0x800035f0
      958729000	     47834	800035da	a019	c.j	800035e0	
      959569000	     47876	800035e0	bffd	c.j	800035de	
      959929000	     47894	800035de	bffd	c.j	800035dc	
      960389000	     47917	800035dc	bff5	c.j	800035d8	
      961029000	     47949	800035d8	a031	c.j	800035e4	
      961069000	     47951	800035e4	006000ef	jal	x1,800035ea	  x1=0x800035e8
      961109000	     47953	800035ea	2019	c.jal	800035f0	  x1=0x800035ec
      961489000	     47972	800035f0	8cbd	c.xor	x9,x15	  x9:0x8000352c x15:0x0001fff7  x9=0x8001cadb
      961629000	     47979	800035f2	008000ef	jal	x1,800035fa	  x1=0x800035f6
      962149000	     48005	800035fa	2809	c.jal	8000360c	  x1=0x800035fc
      963529000	     48074	8000360c	ff5ff0ef	jal	x1,80003600	  x1=0x80003610
      963569000	     48076	80003600	3fe5	c.jal	800035f8	  x1=0x80003602
      964029000	     48099	800035f8	2831	c.jal	80003614	  x1=0x800035fa
      968369000	     48316	80003614	fe3ff36f	jal	x6,800035f6	  x6=0x80003618
      968409000	     48318	800035f6	2809	c.jal	80003608	  x1=0x800035f8
      968449000	     48320	80003608	ff5ff0ef	jal	x1,800035fc	  x1=0x8000360c
      968489000	     48322	800035fc	2029	c.jal	80003606	  x1=0x800035fe
      968529000	     48324	80003606	a029	c.j	80003610	
      968569000	     48326	80003610	ff3ff36f	jal	x6,80003602	  x6=0x80003614
      968929000	     48344	80003602	ffdff0ef	jal	x1,800035fe	  x1=0x80003606
      968969000	     48346	800035fe	2829	c.jal	80003618	  x1=0x80003600
      969029000	     48349	80003618	8c69	c.and	x8,x10	  x8:0x80003524 x10:0x00000000  x8=0x00000000
      969049000	     48350	8000361a	01a000ef	jal	x1,80003634	  x1=0x8000361e
      970149000	     48405	80003634	3fed	c.jal	8000362e	  x1=0x80003636
      970209000	     48408	8000362e	3fcd	c.jal	80003620	  x1=0x80003630
      970269000	     48411	80003620	2009	c.jal	80003622	  x1=0x80003622
      970329000	     48414	80003622	00e000ef	jal	x1,80003630	  x1=0x80003626
      970389000	     48417	80003630	00c0036f	jal	x6,8000363c	  x6=0x80003634
      970449000	     48420	8000363c	b7cd	c.j	8000361e	
      970509000	     48423	8000361e	a005	c.j	8000363e	
      970569000	     48426	8000363e	a009	c.j	80003640	
      970609000	     48428	80003640	fe9ff0ef	jal	x1,80003628	  x1=0x80003644
      970649000	     48430	80003628	a831	c.j	80003644	
      970709000	     48433	80003644	b7cd	c.j	80003626	
      970769000	     48436	80003626	2801	c.jal	80003636	  x1=0x80003628
      970889000	     48442	80003636	010000ef	jal	x1,80003646	  x1=0x8000363a
      971989000	     48497	80003646	ff5ff0ef	jal	x1,8000363a	  x1=0x8000364a
      972049000	     48500	8000363a	3fc5	c.jal	8000362a	  x1=0x8000363c
      972129000	     48504	8000362a	0200036f	jal	x6,8000364a	  x6=0x8000362e
      972209000	     48508	8000364a	0000100f	fence.i	
      972369000	     48516	8000364e	010000ef	jal	x1,8000365e	  x1=0x80003652
      972769000	     48536	8000365e	280d	c.jal	80003690	  x1=0x80003660
      973629000	     48579	80003690	fcbff0ef	jal	x1,8000365a	  x1=0x80003694
      974389000	     48617	8000365a	01a00b6f	jal	x22,80003674	 x22=0x8000365e
      975089000	     48652	80003674	a019	c.j	8000367a	
      975389000	     48667	8000367a	a839	c.j	80003698	
      976109000	     48703	80003698	3fcd	c.jal	8000368a	  x1=0x8000369a
      977389000	     48767	8000368a	fdfff36f	jal	x6,80003668	  x6=0x8000368e
      978389000	     48817	80003668	2009	c.jal	8000366a	  x1=0x8000366a
      978949000	     48845	8000366a	030000ef	jal	x1,8000369a	  x1=0x8000366e
      979649000	     48880	8000369a	bfd1	c.j	8000366e	
      979749000	     48885	8000366e	febff0ef	jal	x1,80003658	  x1=0x80003672
      980249000	     48910	80003658	a029	c.j	80003662	
      981149000	     48955	80003662	2801	c.jal	80003672	  x1=0x80003664
      981189000	     48957	80003672	b7c5	c.j	80003652	
      982009000	     48998	80003652	2035	c.jal	8000367e	  x1=0x80003654
      982229000	     49009	8000367e	004000ef	jal	x1,80003682	  x1=0x80003682
      982689000	     49032	80003682	3fed	c.jal	8000367c	  x1=0x80003684
      982749000	     49035	8000367c	2809	c.jal	8000368e	  x1=0x8000367e
      982809000	     49038	8000368e	3fd9	c.jal	80003664	  x1=0x80003690
      982869000	     49041	80003664	024000ef	jal	x1,80003688	  x1=0x80003668
      982929000	     49044	80003688	3ff5	c.jal	80003684	  x1=0x8000368a
      982989000	     49047	80003684	bff1	c.j	80003660	
      983049000	     49050	80003660	201d	c.jal	80003686	  x1=0x80003662
      983109000	     49053	80003686	a039	c.j	80003694	
      983249000	     49060	80003694	fe3ff0ef	jal	x1,80003676	  x1=0x80003698
      983329000	     49064	80003676	fdfff0ef	jal	x1,80003654	  x1=0x8000367a
      983369000	     49066	80003654	a009	c.j	80003656	
      983409000	     49068	80003656	2099	c.jal	8000369c	  x1=0x80003658
      983449000	     49070	8000369c	56e80313	addi	x6,x16,1390	 x16:0x7ffe01b2  x6=0x7ffe0720
      983469000	     49071	800036a0	012000ef	jal	x1,800036b2	  x1=0x800036a4
      983569000	     49076	800036b2	a039	c.j	800036c0	
      984509000	     49123	800036c0	2809	c.jal	800036d2	  x1=0x800036c2
      984989000	     49147	800036d2	a011	c.j	800036d6	
      985029000	     49149	800036d6	a821	c.j	800036ee	
      986309000	     49213	800036ee	ff9ff0ef	jal	x1,800036e6	  x1=0x800036f2
      986349000	     49215	800036e6	37f9	c.jal	800036b4	  x1=0x800036e8
      986429000	     49219	800036b4	3fc5	c.jal	800036a4	  x1=0x800036b6
      986489000	     49222	800036a4	2809	c.jal	800036b6	  x1=0x800036a6
      986569000	     49226	800036b6	010000ef	jal	x1,800036c6	  x1=0x800036ba
      986609000	     49228	800036c6	2819	c.jal	800036dc	  x1=0x800036c8
      986649000	     49230	800036dc	fcbff0ef	jal	x1,800036a6	  x1=0x800036e0
      986709000	     49233	800036a6	042000ef	jal	x1,800036e8	  x1=0x800036aa
      986769000	     49236	800036e8	fe7fff6f	jal	x30,800036ce	 x30=0x800036ec
      986829000	     49239	800036ce	2819	c.jal	800036e4	  x1=0x800036d0
      986889000	     49242	800036e4	bfd5	c.j	800036d8	
      986949000	     49245	800036d8	ff9ff0ef	jal	x1,800036d0	  x1=0x800036dc
      986989000	     49247	800036d0	bfcd	c.j	800036c2	
      987049000	     49250	800036c2	02a0036f	jal	x6,800036ec	  x6=0x800036c6
      987089000	     49252	800036ec	3f7d	c.jal	800036aa	  x1=0x800036ee
      987129000	     49254	800036aa	a02d	c.j	800036d4	
      987169000	     49256	800036d4	b7dd	c.j	800036ba	
      987209000	     49258	800036ba	a809	c.j	800036cc	
      987249000	     49260	800036cc	b7cd	c.j	800036ae	
      987289000	     49262	800036ae	bffd	c.j	800036ac	
      987329000	     49264	800036ac	a801	c.j	800036bc	
      987369000	     49266	800036bc	024006ef	jal	x13,800036e0	 x13=0x800036c0
      987409000	     49268	800036e0	fe9ff8ef	jal	x17,800036c8	 x17=0x800036e4
      987449000	     49270	800036c8	fe9ff0ef	jal	x1,800036b0	  x1=0x800036cc
      987489000	     49272	800036b0	2089	c.jal	800036f2	  x1=0x800036b2
      987549000	     49275	800036f2	0000100f	fence.i	
      987969000	     49296	800036f6	00a000ef	jal	x1,80003700	  x1=0x800036fa
      988449000	     49320	80003700	01a000ef	jal	x1,8000371a	  x1=0x80003704
      989009000	     49348	8000371a	3fe5	c.jal	80003712	  x1=0x8000371c
      989329000	     49364	80003712	ff9ff36f	jal	x6,8000370a	  x6=0x80003716
     1010069000	     50401	8000370a	00400fef	jal	x31,8000370e	 x31=0x8000370e
     1011049000	     50450	8000370e	ff9ff36f	jal	x6,80003706	  x6=0x80003712
     1011809000	     50488	80003706	2829	c.jal	80003720	  x1=0x80003708
     1011849000	     50490	80003720	fe9ff8ef	jal	x17,80003708	 x17=0x80003724
     1011889000	     50492	80003708	bfcd	c.j	800036fa	
     1012569000	     50526	800036fa	004002ef	jal	x5,800036fe	  x5=0x800036fe
     1012649000	     50530	800036fe	a019	c.j	80003704	
     1012709000	     50533	80003704	2829	c.jal	8000371e	  x1=0x80003706
     1012749000	     50535	8000371e	3ffd	c.jal	8000371c	  x1=0x80003720
     1012789000	     50537	8000371c	3fed	c.jal	80003716	  x1=0x8000371e
     1012849000	     50540	80003716	00e000ef	jal	x1,80003724	  x1=0x8000371a
     1012909000	     50543	80003724	00044e33	xor	x28,x8,x0	  x8:0x00000000  x0:0x00000000 x28=0x00000000
     1012969000	     50546	80003728	01e000ef	jal	x1,80003746	  x1=0x8000372c
     1013649000	     50580	80003746	2029	c.jal	80003750	  x1=0x80003748
     1014469000	     50621	80003750	37c5	c.jal	80003730	  x1=0x80003752
     1014529000	     50624	80003730	201d	c.jal	80003756	  x1=0x80003732
     1015269000	     50661	80003756	fdfff36f	jal	x6,80003734	  x6=0x8000375a
     1015309000	     50663	80003734	2829	c.jal	8000374e	  x1=0x80003736
     1015469000	     50671	8000374e	b7fd	c.j	8000373c	
     1016729000	     50734	8000373c	0160026f	jal	x4,80003752	  x4=0x80003740
     1016769000	     50736	80003752	37fd	c.jal	80003740	  x1=0x80003754
     1016809000	     50738	80003740	2009	c.jal	80003742	  x1=0x80003742
     1016849000	     50740	80003742	bfdd	c.j	80003738	
     1016889000	     50742	80003738	2031	c.jal	80003744	  x1=0x8000373a
     1016929000	     50744	80003744	3fdd	c.jal	8000373a	  x1=0x80003746
     1017169000	     50756	8000373a	bff5	c.j	80003736	
     1017209000	     50758	80003736	bff5	c.j	80003732	
     1017249000	     50760	80003732	bff5	c.j	8000372e	
     1017289000	     50762	8000372e	201d	c.jal	80003754	  x1=0x80003730
     1017329000	     50764	80003754	3fe1	c.jal	8000372c	  x1=0x80003756
     1017369000	     50766	8000372c	a839	c.j	8000374a	
     1017429000	     50769	8000374a	fffff0ef	jal	x1,80003748	  x1=0x8000374e
     1017509000	     50773	80003748	2809	c.jal	8000375a	  x1=0x8000374a
     1017569000	     50776	8000375a	80cd	c.srli	x9,0x13	  x9:0x8001cadb  x9=0x00001000
     1017589000	     50777	8000375c	01c8de13	srli	x28,x17,0x1c	 x17:0x80003724 x28=0x00000008
     1017649000	     50780	80003760	41f28933	sub	x18,x5,x31	  x5:0x800036fe x31:0x8000370e x18=0xfffffff0
     1017669000	     50781	80003764	009b11b3	sll	x3,x22,x9	 x22:0x8000365e  x9:0x00001000  x3=0x8000365e
     1017729000	     50784	80003768	36b83d93	sltiu	x27,x16,875	 x16:0x7ffe01b2 x27=0x00000000
     1018469000	     50821	8000376c	037c6333	rem	x6,x24,x23	 x24:0xfffffffe x23:0xfffffffe  x6=0x00000000
     1018489000	     50822	80003770	0075ee33	or	x28,x11,x7	 x11:0x00000016  x7:0x8001fe4d x28=0x8001fe5f
     1018889000	     50842	80003774	91ca	c.add	x3,x18	  x3:0x8000365e x18:0xfffffff0  x3=0x8000364e
     1019309000	     50863	80003776	00969933	sll	x18,x13,x9	 x13:0x800036c0  x9:0x00001000 x18=0x800036c0
     1019329000	     50864	8000377a	02a6eb63	bltu	x13,x10,800037b0	 x13:0x800036c0 x10:0x00000000
     1019349000	     50865	8000377e	0bb1	c.addi	x23,12	 x23:0xfffffffe x23=0x0000000a
     1019749000	     50885	80003780	0001	c.addi	x0,0	  x0:0x00000000  x0=0x00000000
     1019769000	     50886	80003782	8ed6	c.mv	x29,x21	  x0:0x00000000 x21:0x00000000 x29=0x00000000
     1019929000	     50894	80003784	00f8c0b3	xor	x1,x17,x15	 x17:0x80003724 x15:0x0001fff7  x1=0x8001c8d3
     1019949000	     50895	80003788	8d6d	c.and	x10,x11	 x10:0x00000000 x11:0x00000016 x10=0x00000000
     1020009000	     50898	8000378a	018562b3	or	x5,x10,x24	 x10:0x00000000 x24:0xfffffffe  x5=0xfffffffe
     1020029000	     50899	8000378e	83ad	c.srli	x15,0xb	 x15:0x0001fff7 x15=0x0000003f
     1020429000	     50919	80003790	8526	c.mv	x10,x9	  x0:0x00000000  x9:0x00001000 x10=0x00001000
     1020449000	     50920	80003792	045a0263	beq	x20,x5,800037d6	 x20:0xffffffff  x5:0xfffffffe
     1020469000	     50921	80003796	031be563	bltu	x23,x17,800037c0	 x23:0x0000000a x17:0x80003724
     1021089000	     50952	800037c0	99c6	c.add	x19,x17	 x19:0x00000000 x17:0x80003724 x19=0x80003724
     1021109000	     50953	800037c2	a2dee297	auipc	x5,0xa2dee	  x5=0x22df17c2
     1021529000	     50974	800037c6	005bdd13	srli	x26,x23,0x5	 x23:0x0000000a x26=0x00000000
     1021709000	     50983	800037ca	032032b3	mulhu	x5,x0,x18	  x0:0x00000000 x18:0x800036c0  x5=0x00000000
     1021889000	     50992	800037ce	0115c463	blt	x11,x17,800037d6	 x11:0x00000016 x17:0x80003724
     1021909000	     50993	800037d2	65cd	c.lui	x11,0x13	 x11=0x00013000
     1022289000	     51012	800037d4	0001	c.addi	x0,0	  x0:0x00000000  x0=0x00000000
     1022709000	     51033	800037d6	cf980413	addi	x8,x16,-775	 x16:0x7ffe01b2  x8=0x7ffdfeab
     1022749000	     51035	800037da	001926b3	slt	x13,x18,x1	 x18:0x800036c0  x1:0x8001c8d3 x13=0x00000001
     1022769000	     51036	800037de	8a22	c.mv	x20,x8	  x0:0x00000000  x8:0x7ffdfeab x20=0x7ffdfeab
     1022789000	     51037	800037e0	8da5	c.xor	x11,x9	 x11:0x00013000  x9:0x00001000 x11=0x00012000
     1022809000	     51038	800037e2	00f42fb3	slt	x31,x8,x15	  x8:0x7ffdfeab x15:0x0000003f x31=0x00000000
     1023009000	     51048	800037e6	02ec31b3	mulhu	x3,x24,x14	 x24:0xfffffffe x14:0x80023ce4  x3=0x80023ce2
     1023349000	     51065	800037ea	41800a33	sub	x20,x0,x24	  x0:0x00000000 x24:0xfffffffe x20=0x00000002
     1023529000	     51074	800037ee	00aa5463	bge	x20,x10,800037f6	 x20:0x00000002 x10:0x00001000
     1023649000	     51080	800037f2	01ab95b3	sll	x11,x23,x26	 x23:0x0000000a x26:0x00000000 x11=0x0000000a
     1023669000	     51081	800037f6	8d11	c.sub	x10,x12	 x10:0x00001000 x12:0x8001fe2c x10=0x7ffe11d4
     1023689000	     51082	800037f8	91d6	c.add	x3,x21	  x3:0x80023ce2 x21:0x00000000  x3=0x80023ce2
     1023729000	     51084	800037fa	03d1c333	div	x6,x3,x29	  x3:0x80023ce2 x29:0x00000000  x6=0xffffffff
     1023829000	     51089	800037fe	001a2433	slt	x8,x20,x1	 x20:0x00000002  x1:0x8001c8d3  x8=0x00000000
     1023849000	     51090	80003802	01e6	c.slli	x3,0x19	  x3:0x80023ce2  x3=0xc4000000
     1023869000	     51091	80003804	e67c0e93	addi	x29,x24,-409	 x24:0xfffffffe x29=0xfffffe65
     1024609000	     51128	80003808	024c4533	div	x10,x24,x4	 x24:0xfffffffe  x4:0x80003740 x10=0x00000000
     1024629000	     51129	8000380c	1c7d	c.addi	x24,-1	 x24:0xfffffffe x24=0xfffffffd
     1024649000	     51130	8000380e	8e52	c.mv	x28,x20	  x0:0x00000000 x20:0x00000002 x28=0x00000002
     1024669000	     51131	80003810	005ff7b3	and	x15,x31,x5	 x31:0x00000000  x5:0x00000000 x15=0x00000000
     1024709000	     51133	80003814	02596e33	rem	x28,x18,x5	 x18:0x800036c0  x5:0x00000000 x28=0x800036c0
     1024729000	     51134	80003818	41c6d9b3	sra	x19,x13,x28	 x13:0x00000001 x28:0x800036c0 x19=0x00000001
     1024749000	     51135	8000381c	8c61	c.and	x8,x8	  x8:0x00000000  x8:0x00000000  x8=0x00000000
     1024769000	     51136	8000381e	674aee97	auipc	x29,0x674ae	 x29=0xe74b181e
     1024969000	     51146	80003822	e1930493	addi	x9,x6,-487	  x6:0xffffffff  x9=0xfffffe18
     1024989000	     51147	80003826	66d5	c.lui	x13,0x15	 x13=0x00015000
     1025729000	     51184	80003828	026e51b3	divu	x3,x28,x6	 x28:0x800036c0  x6:0xffffffff  x3=0x00000000
     1025749000	     51185	8000382c	07cb4063	blt	x22,x28,8000388c	 x22:0x8000365e x28:0x800036c0
     1025829000	     51189	8000388c	cc15	c.beqz	x8,800038c8	  x8:0x00000000
     1026949000	     51245	800038c8	04956763	bltu	x10,x9,80003916	 x10:0x00000000  x9:0xfffffe18
     1027749000	     51285	80003916	8c55	c.or	x8,x13	  x8:0x00000000 x13:0x00015000  x8=0x00015000
     1028049000	     51300	80003918	ca89	c.beqz	x13,8000392a	 x13:0x00015000
     1028069000	     51301	8000391a	03571a63	bne	x14,x21,8000394e	 x14:0x80023ce4 x21:0x00000000
     1028329000	     51314	8000394e	03191433	mulh	x8,x18,x17	 x18:0x800036c0 x17:0x80003724  x8=0x3fffc90e
     1028349000	     51315	80003952	8fa9	c.xor	x15,x10	 x15:0x00000000 x10:0x00000000 x15=0x00000000
     1028369000	     51316	80003954	72f96f93	ori	x31,x18,1839	 x18:0x800036c0 x31=0x800037ef
     1028389000	     51317	80003958	015dd233	srl	x4,x27,x21	 x27:0x00000000 x21:0x00000000  x4=0x00000000
     1028409000	     51318	8000395c	0001	c.addi	x0,0	  x0:0x00000000  x0=0x00000000
     1028429000	     51319	8000395e	e109	c.bnez	x10,80003960	 x10:0x00000000
     1028809000	     51338	80003960	6369	c.lui	x6,0x1a	  x6=0x0001a000
     1029589000	     51377	80003962	0275ccb3	div	x25,x11,x7	 x11:0x0000000a  x7:0x8001fe4d x25=0x00000000
     1029609000	     51378	80003966	8ee1	c.and	x13,x8	 x13:0x00015000  x8:0x3fffc90e x13=0x00014000
     1029629000	     51379	80003968	01780e63	beq	x16,x23,80003984	 x16:0x7ffe01b2 x23:0x0000000a
     1029649000	     51380	8000396c	419d5993	srai	x19,x26,0x19	 x26:0x00000000 x19=0x00000000
     1029669000	     51381	80003970	0ad5	c.addi	x21,21	 x21:0x00000000 x21=0x00000015
     1029689000	     51382	80003972	4123e893	ori	x17,x7,1042	  x7:0x8001fe4d x17=0x8001fe5f
     1030049000	     51400	80003976	0000100f	fence.i	
     1031269000	     51461	8000397a	0258c933	div	x18,x17,x5	 x17:0x8001fe5f  x5:0x00000000 x18=0xffffffff
     1031289000	     51462	8000397e	0852	c.slli	x16,0x14	 x16:0x7ffe01b2 x16=0x1b200000
     1031309000	     51463	80003980	6aa54813	xori	x16,x10,1706	 x10:0x00000000 x16=0x000006aa
     1038229000	     51809	80003984	8ec5	c.or	x13,x9	 x13:0x00014000  x9:0xfffffe18 x13=0xfffffe18
     1038249000	     51810	80003986	40cc51b3	sra	x3,x24,x12	 x24:0xfffffffd x12:0x8001fe2c  x3=0xffffffff
     1038269000	     51811	8000398a	01413a33	sltu	x20,x2,x20	  x2:0xf5e39895 x20:0x00000002 x20=0x00000000
     1038289000	     51812	8000398e	987d	c.andi	x8,-1	  x8:0x3fffc90e  x8=0x3fffc90e
     1038309000	     51813	80003990	5b7d	c.li	x22,-1	 x22=0xffffffff
     1038329000	     51814	80003992	022f8f63	beq	x31,x2,800039d0	 x31:0x800037ef  x2:0xf5e39895
     1038429000	     51819	80003996	03e51bb3	mulh	x23,x10,x30	 x10:0x00000000 x30:0x800036ec x23=0x00000000
     1038449000	     51820	8000399a	881d	c.andi	x8,7	  x8:0x3fffc90e  x8=0x00000006
     1038629000	     51829	8000399c	0001	c.addi	x0,0	  x0:0x00000000  x0=0x00000000
     1038809000	     51838	8000399e	5a9d7293	andi	x5,x26,1449	 x26:0x00000000  x5=0x00000000
     1038829000	     51839	800039a2	02438fb3	mul	x31,x7,x4	  x7:0x8001fe4d  x4:0x00000000 x31=0x00000000
     1038969000	     51846	800039a6	d4173e93	sltiu	x29,x14,-703	 x14:0x80023ce4 x29=0x00000001
     1038989000	     51847	800039aa	f9660d93	addi	x27,x12,-106	 x12:0x8001fe2c x27=0x8001fdc2
     1039009000	     51848	800039ae	03550533	mul	x10,x10,x21	 x10:0x00000000 x21:0x00000015 x10=0x00000000
     1039049000	     51850	800039b2	02b931b3	mulhu	x3,x18,x11	 x18:0xffffffff x11:0x0000000a  x3=0x00000009
     1039069000	     51851	800039b6	03547263	bgeu	x8,x21,800039da	  x8:0x00000006 x21:0x00000015
     1039469000	     51871	800039ba	01ddd813	srli	x16,x27,0x1d	 x27:0x8001fdc2 x16=0x00000004
     1039509000	     51873	800039be	0140eeb3	or	x29,x1,x20	  x1:0x8001c8d3 x20:0x00000000 x29=0x8001c8d3
     1039629000	     51879	800039c2	02ff7363	bgeu	x30,x15,800039e8	 x30:0x800036ec x15:0x00000000
     1040269000	     51911	800039e8	415e8f33	sub	x30,x29,x21	 x29:0x8001c8d3 x21:0x00000015 x30=0x8001c8be
     1040289000	     51912	800039ec	0ff0000f	fence	iorw,iorw	
     1040309000	     51913	800039f0	0001	c.addi	x0,0	  x0:0x00000000  x0=0x00000000
     1040329000	     51914	800039f2	92c77213	andi	x4,x14,-1748	 x14:0x80023ce4  x4=0x80023824
     1040749000	     51935	800039f6	0000cc33	xor	x24,x1,x0	  x1:0x8001c8d3  x0:0x00000000 x24=0x8001c8d3
     1040769000	     51936	800039fa	0d65	c.addi	x26,25	 x26:0x00000000 x26=0x00000019
     1040789000	     51937	800039fc	0ff0000f	fence	iorw,iorw	
     1040809000	     51938	80003a00	003a20b3	slt	x1,x20,x3	 x20:0x00000000  x3:0x00000009  x1=0x00000001
     1041209000	     51958	80003a04	00ce	c.slli	x1,0x13	  x1:0x00000001  x1=0x00080000
     1041229000	     51959	80003a06	8c06	c.mv	x24,x1	  x0:0x00000000  x1:0x00080000 x24=0x00080000
     1041249000	     51960	80003a08	8f5a	c.mv	x30,x22	  x0:0x00000000 x22:0xffffffff x30=0xffffffff
     1041269000	     51961	80003a0a	0161edb3	or	x27,x3,x22	  x3:0x00000009 x22:0xffffffff x27=0xffffffff
     1042409000	     52018	80003a0e	03657a33	remu	x20,x10,x22	 x10:0x00000000 x22:0xffffffff x20=0x00000000
     1042429000	     52019	80003a12	004b9eb3	sll	x29,x23,x4	 x23:0x00000000  x4:0x80023824 x29=0x00000000
     1042449000	     52020	80003a16	43935c97	auipc	x25,0x43935	 x25=0xc3938a16
     1042809000	     52038	80003a1a	00dd7ab3	and	x21,x26,x13	 x26:0x00000019 x13:0xfffffe18 x21=0x00000018
     1042829000	     52039	80003a1e	8ec5	c.or	x13,x9	 x13:0xfffffe18  x9:0xfffffe18 x13=0xfffffe18
     1042849000	     52040	80003a20	0195a1b3	slt	x3,x11,x25	 x11:0x0000000a x25:0xc3938a16  x3=0x00000000
     1043029000	     52049	80003a24	0cdec417	auipc	x8,0xcdec	  x8=0x8cdefa24
     1043049000	     52050	80003a28	0965	c.addi	x18,25	 x18:0xffffffff x18=0x00000018
     1043109000	     52053	80003a2a	0da76913	ori	x18,x14,218	 x14:0x80023ce4 x18=0x80023cfe
     1043129000	     52054	80003a2e	8de1	c.and	x11,x8	 x11:0x0000000a  x8:0x8cdefa24 x11=0x00000000
     1043529000	     52074	80003a30	0000100f	fence.i	
     1044289000	     52112	80003a34	b5eb6c93	ori	x25,x22,-1186	 x22:0xffffffff x25=0xffffffff
     1044309000	     52113	80003a38	0ff0000f	fence	iorw,iorw	
     1044329000	     52114	80003a3c	00ef2c33	slt	x24,x30,x14	 x30:0xffffffff x14:0x80023ce4 x24=0x00000000
     1044349000	     52115	80003a40	98be	c.add	x17,x15	 x17:0x8001fe5f x15:0x00000000 x17=0x8001fe5f
     1044369000	     52116	80003a42	0ff0000f	fence	iorw,iorw	
     1044549000	     52125	80003a46	034f0263	beq	x30,x20,80003a6a	 x30:0xffffffff x20:0x00000000
     1044569000	     52126	80003a4a	046a	c.slli	x8,0x1a	  x8:0x8cdefa24  x8=0x90000000
     1044729000	     52134	80003a4c	094d	c.addi	x18,19	 x18:0x80023cfe x18=0x80023d11
     1045709000	     52183	80003a4e	03b86ab3	rem	x21,x16,x27	 x16:0x00000004 x27:0xffffffff x21=0x00000000
     1045729000	     52184	80003a52	015867b3	or	x15,x16,x21	 x16:0x00000004 x21:0x00000000 x15=0x00000004
     1045749000	     52185	80003a56	6d75	c.lui	x26,0x1d	 x26=0x0001d000
     1045769000	     52186	80003a58	00d809b3	add	x19,x16,x13	 x16:0x00000004 x13:0xfffffe18 x19=0xfffffe1c
     1045789000	     52187	80003a5c	850e	c.mv	x10,x3	  x0:0x00000000  x3:0x00000000 x10=0x00000000
     1045809000	     52188	80003a5e	8b134c97	auipc	x25,0x8b134	 x25=0x0b137a5e
     1045829000	     52189	80003a62	003a24b3	slt	x9,x20,x3	 x20:0x00000000  x3:0x00000000  x9=0x00000000
     1045849000	     52190	80003a66	00023b33	sltu	x22,x4,x0	  x4:0x80023824  x0:0x00000000 x22=0x00000000
     1046249000	     52210	80003a6a	4031dbb3	sra	x23,x3,x3	  x3:0x00000000  x3:0x00000000 x23=0x00000000
     1046669000	     52231	80003a6e	401c8e33	sub	x28,x25,x1	 x25:0x0b137a5e  x1:0x00080000 x28=0x0b0b7a5e
     1046689000	     52232	80003a72	14303f93	sltiu	x31,x0,323	  x0:0x00000000 x31=0x00000001
     1046709000	     52233	80003a76	4056dc93	srai	x25,x13,0x5	 x13:0xfffffe18 x25=0xfffffff0
     1047449000	     52270	80003a7a	03c74fb3	div	x31,x14,x28	 x14:0x80023ce4 x28:0x0b0b7a5e x31=0xfffffff5
     1047469000	     52271	80003a7e	00b28f33	add	x30,x5,x11	  x5:0x00000000 x11:0x00000000 x30=0x00000000
     1047489000	     52272	80003a82	e5637513	andi	x10,x6,-426	  x6:0x0001a000 x10=0x0001a000
     1047529000	     52274	80003a86	038dc833	div	x16,x27,x24	 x27:0xffffffff x24:0x00000000 x16=0xffffffff
     1047569000	     52276	80003a8a	021b3b33	mulhu	x22,x22,x1	 x22:0x00000000  x1:0x00080000 x22=0x00000000
     1047589000	     52277	80003a8e	00f7abb3	slt	x23,x15,x15	 x15:0x00000004 x15:0x00000004 x23=0x00000000
     1047609000	     52278	80003a92	03a5f563	bgeu	x11,x26,80003abc	 x11:0x00000000 x26:0x0001d000
     1047629000	     52279	80003a96	8425	c.srai	x8,0x9	  x8:0x90000000  x8=0xffc80000
     1048589000	     52327	80003a98	02e3d433	divu	x8,x7,x14	  x7:0x8001fe4d x14:0x80023ce4  x8=0x00000000
     1048609000	     52328	80003a9c	0001	c.addi	x0,0	  x0:0x00000000  x0=0x00000000
     1048629000	     52329	80003a9e	00863933	sltu	x18,x12,x8	 x12:0x8001fe2c  x8:0x00000000 x18=0x00000000
     1048649000	     52330	80003aa2	0074db63	bge	x9,x7,80003ab8	  x9:0x00000000  x7:0x8001fe4d
     1048949000	     52345	80003ab8	0ff0000f	fence	iorw,iorw	
     1048989000	     52347	80003abc	029dddb3	divu	x27,x27,x9	 x27:0xffffffff  x9:0x00000000 x27=0xffffffff
     1049169000	     52356	80003ac0	02cdbfb3	mulhu	x31,x27,x12	 x27:0xffffffff x12:0x8001fe2c x31=0x8001fe2b
     1049189000	     52357	80003ac4	00699eb3	sll	x29,x19,x6	 x19:0xfffffe1c  x6:0x0001a000 x29=0xfffffe1c
     1049209000	     52358	80003ac8	022581b3	mul	x3,x11,x2	 x11:0x00000000  x2:0xf5e39895  x3=0x00000000
     1049589000	     52377	80003acc	00741263	bne	x8,x7,80003ad0	  x8:0x00000000  x7:0x8001fe4d
     1050589000	     52427	80003ad0	23833c93	sltiu	x25,x6,568	  x6:0x0001a000 x25=0x00000000
     1050609000	     52428	80003ad4	cd6af013	andi	x0,x21,-810	 x21:0x00000000  x0=0x00000000
     1050629000	     52429	80003ad8	84f1	c.srai	x9,0x1c	  x9:0x00000000  x9=0x00000000
     1050649000	     52430	80003ada	ed1d	c.bnez	x10,80003b18	 x10:0x0001a000
     1051849000	     52490	80003b18	03d6ca33	div	x20,x13,x29	 x13:0xfffffe18 x29:0xfffffe1c x20=0x00000001
     1051869000	     52491	80003b1c	00afa433	slt	x8,x31,x10	 x31:0x8001fe2b x10:0x0001a000  x8=0x00000001
     1051889000	     52492	80003b20	3601f413	andi	x8,x3,864	  x3:0x00000000  x8=0x00000000
     1051909000	     52493	80003b24	9242	c.add	x4,x16	  x4:0x80023824 x16:0xffffffff  x4=0x80023823
     1051929000	     52494	80003b26	00d9cf63	blt	x19,x13,80003b44	 x19:0xfffffe1c x13:0xfffffe18
     1051949000	     52495	80003b2a	0c7d	c.addi	x24,31	 x24:0x00000000 x24=0x0000001f
     1051969000	     52496	80003b2c	00f38e33	add	x28,x7,x15	  x7:0x8001fe4d x15:0x00000004 x28=0x8001fe51
     1052829000	     52539	80003b30	024c5ab3	divu	x21,x24,x4	 x24:0x0000001f  x4:0x80023823 x21=0x00000000
     1052849000	     52540	80003b34	55aec313	xori	x6,x29,1370	 x29:0xfffffe1c  x6=0xfffffb46
     1052889000	     52542	80003b38	039eb4b3	mulhu	x9,x29,x25	 x29:0xfffffe1c x25:0x00000000  x9=0x00000000
     1052909000	     52543	80003b3c	5f7b6413	ori	x8,x22,1527	 x22:0x00000000  x8=0x000005f7
     1052929000	     52544	80003b40	40330d33	sub	x26,x6,x3	  x6:0xfffffb46  x3:0x00000000 x26=0xfffffb46
     1053249000	     52560	80003b44	01e163b3	or	x7,x2,x30	  x2:0xf5e39895 x30:0x00000000  x7=0xf5e39895
     1053289000	     52562	80003b48	02957533	remu	x10,x10,x9	 x10:0x0001a000  x9:0x00000000 x10=0x0001a000
     1053309000	     52563	80003b4c	a0187d93	andi	x27,x16,-1535	 x16:0xffffffff x27=0xfffffa01
     1053329000	     52564	80003b50	003d8563	beq	x27,x3,80003b5a	 x27:0xfffffa01  x3:0x00000000
     1053509000	     52573	80003b54	8ffa	c.mv	x31,x30	  x0:0x00000000 x30:0x00000000 x31=0x00000000
     1053569000	     52576	80003b56	406ed793	srai	x15,x29,0x6	 x29:0xfffffe1c x15=0xfffffff8
     1053609000	     52578	80003b5a	020d57b3	divu	x15,x26,x0	 x26:0xfffffb46  x0:0x00000000 x15=0xffffffff
     1053629000	     52579	80003b5e	c785	c.beqz	x15,80003b86	 x15:0xffffffff
     1053649000	     52580	80003b60	1b47fd13	andi	x26,x15,436	 x15:0xffffffff x26=0x000001b4
     1053669000	     52581	80003b64	27d57917	auipc	x18,0x27d57	 x18=0xa7d5ab64
     1053849000	     52590	80003b68	03e40533	mul	x10,x8,x30	  x8:0x000005f7 x30:0x00000000 x10=0x00000000
     1053869000	     52591	80003b6c	0000100f	fence.i	
     1054269000	     52611	80003b70	0001	c.addi	x0,0	  x0:0x00000000  x0=0x00000000
     1054289000	     52612	80003b72	405cd3b3	sra	x7,x25,x5	 x25:0x00000000  x5:0x00000000  x7=0x00000000
     1054309000	     52613	80003b76	fb714893	xori	x17,x2,-73	  x2:0xf5e39895 x17=0x0a1c6722
     1054589000	     52627	80003b7a	03d2ea63	bltu	x5,x29,80003bae	  x5:0x00000000 x29:0xfffffe1c
     1055089000	     52652	80003bae	57cb3d93	sltiu	x27,x22,1404	 x22:0x00000000 x27=0x00000001
     1055269000	     52661	80003bb2	50586d93	ori	x27,x16,1285	 x16:0xffffffff x27=0xffffffff
     1055589000	     52677	80003bb6	0485d063	bge	x11,x8,80003bf6	 x11:0x00000000  x8:0x000005f7
     1055609000	     52678	80003bba	017eda63	bge	x29,x23,80003bce	 x29:0xfffffe1c x23:0x00000000
     1055769000	     52686	80003bbe	03986a63	bltu	x16,x25,80003bf2	 x16:0xffffffff x25:0x00000000
     1055789000	     52687	80003bc2	01c476b3	and	x13,x8,x28	  x8:0x000005f7 x28:0x8001fe51 x13=0x00000451
     1056209000	     52708	80003bc6	0188f463	bgeu	x17,x24,80003bce	 x17:0x0a1c6722 x24:0x0000001f
     1056949000	     52745	80003bce	01e6e9b3	or	x19,x13,x30	 x13:0x00000451 x30:0x00000000 x19=0x00000451
     1056969000	     52746	80003bd2	406b0333	sub	x6,x22,x6	 x22:0x00000000  x6:0xfffffb46  x6=0x000004ba
     1056989000	     52747	80003bd6	f6d41437	lui	x8,0xf6d41	  x8=0xf6d41000
     1057009000	     52748	80003bda	09d62317	auipc	x6,0x9d62	  x6=0x89d65bda
     1057049000	     52750	80003bde	020c0ab3	mul	x21,x24,x0	 x24:0x0000001f  x0:0x00000000 x21=0x00000000
     1057069000	     52751	80003be2	0001	c.addi	x0,0	  x0:0x00000000  x0=0x00000000
     1057089000	     52752	80003be4	8cb1	c.xor	x9,x12	  x9:0x00000000 x12:0x8001fe2c  x9=0x8001fe2c
     1057349000	     52765	80003be6	03c69933	mulh	x18,x13,x28	 x13:0x00000451 x28:0x8001fe51 x18=0xfffffdd7
     1057369000	     52766	80003bea	d0b85cb7	lui	x25,0xd0b85	 x25=0xd0b85000
     1057409000	     52768	80003bee	013ba2b3	slt	x5,x23,x19	 x23:0x00000000 x19:0x00000451  x5=0x00000001
     1057569000	     52776	80003bf2	00dd1993	slli	x19,x26,0xd	 x26:0x000001b4 x19=0x00368000
     1057589000	     52777	80003bf6	8d99	c.sub	x11,x14	 x11:0x00000000 x14:0x80023ce4 x11=0x7ffdc31c
     1057609000	     52778	80003bf8	00a000ef	jal	x1,80003c02	  x1=0x80003bfc
     1058189000	     52807	80003c02	bffd	c.j	80003c00	
     1059189000	     52857	80003c00	2809	c.jal	80003c12	  x1=0x80003c02
     1060129000	     52904	80003c12	bfcd	c.j	80003c04	
     1060949000	     52945	80003c04	ff9ff1ef	jal	x3,80003bfc	  x3=0x80003c08
     1062009000	     52998	80003bfc	a009	c.j	80003bfe	
     1063029000	     53049	80003bfe	a039	c.j	80003c0c	
     1063069000	     53051	80003c0c	fffff0ef	jal	x1,80003c0a	  x1=0x80003c10
     1063109000	     53053	80003c0a	2019	c.jal	80003c10	  x1=0x80003c0c
     1063149000	     53055	80003c10	bfe5	c.j	80003c08	
     1063229000	     53059	80003c08	2031	c.jal	80003c14	  x1=0x80003c0a
     1063309000	     53063	80003c14	02a446b3	div	x13,x8,x10	  x8:0xf6d41000 x10:0x00000000 x13=0xffffffff
     1063349000	     53065	80003c18	cf95	c.beqz	x15,80003c54	 x15:0xffffffff
     1063369000	     53066	80003c1a	bd5c0413	addi	x8,x24,-1067	 x24:0x0000001f  x8=0xfffffbf4
     1064109000	     53103	80003c1e	03cf4eb3	div	x29,x30,x28	 x30:0x00000000 x28:0x8001fe51 x29=0x00000000
     1064129000	     53104	80003c22	004e0333	add	x6,x28,x4	 x28:0x8001fe51  x4:0x80023823  x6=0x00043674
     1064869000	     53141	80003c26	038d42b3	div	x5,x26,x24	 x26:0x000001b4 x24:0x0000001f  x5=0x0000000e
     1065609000	     53178	80003c2a	03916f33	rem	x30,x2,x25	  x2:0xf5e39895 x25:0xd0b85000 x30=0xf5e39895
     1065629000	     53179	80003c2e	81f9	c.srli	x11,0x1e	 x11:0x7ffdc31c x11=0x00000001
     1065649000	     53180	80003c30	0001	c.addi	x0,0	  x0:0x00000000  x0=0x00000000
     1065669000	     53181	80003c32	8cbd	c.xor	x9,x15	  x9:0x8001fe2c x15:0xffffffff  x9=0x7ffe01d3
     1065709000	     53183	80003c34	029a3db3	mulhu	x27,x20,x9	 x20:0x00000001  x9:0x7ffe01d3 x27=0x00000000
     1065749000	     53185	80003c38	035121b3	mulhsu	x3,x2,x21	  x2:0xf5e39895 x21:0x00000000  x3=0x00000000
     1066489000	     53222	80003c3c	03a3c033	div	x0,x7,x26	  x7:0x00000000 x26:0x000001b4  x0=0x00000000
     1066509000	     53223	80003c40	cd01	c.beqz	x10,80003c58	 x10:0x00000000
     1066989000	     53247	80003c58	03653c93	sltiu	x25,x10,54	 x10:0x00000000 x25=0x00000001
     1067009000	     53248	80003c5c	0ff0000f	fence	iorw,iorw	
     1067029000	     53249	80003c60	01c34db3	xor	x27,x6,x28	  x6:0x00043674 x28:0x8001fe51 x27=0x8005c825
     1067069000	     53251	80003c64	027b4533	div	x10,x22,x7	 x22:0x00000000  x7:0x00000000 x10=0xffffffff
     1067089000	     53252	80003c68	8c0d	c.sub	x8,x11	  x8:0xfffffbf4 x11:0x00000001  x8=0xfffffbf3
     1067109000	     53253	80003c6a	03079c63	bne	x15,x16,80003ca2	 x15:0xffffffff x16:0xffffffff
     1067129000	     53254	80003c6e	c109	c.beqz	x10,80003c70	 x10:0xffffffff
     1067409000	     53268	80003c70	00b79e33	sll	x28,x15,x11	 x15:0xffffffff x11:0x00000001 x28=0xfffffffe
     1067829000	     53289	80003c74	61124897	auipc	x17,0x61124	 x17=0xe1127c74
     1068029000	     53299	80003c78	02a10533	mul	x10,x2,x10	  x2:0xf5e39895 x10:0xffffffff x10=0x0a1c676b
     1068469000	     53321	80003c7c	02031c33	mulh	x24,x6,x0	  x6:0x00043674  x0:0x00000000 x24=0x00000000
     1068489000	     53322	80003c80	c689	c.beqz	x13,80003c8a	 x13:0xffffffff
     1068509000	     53323	80003c82	4011d333	sra	x6,x3,x1	  x3:0x00000000  x1:0x80003c0a  x6=0x00000000
     1068529000	     53324	80003c86	2d10f813	andi	x16,x1,721	  x1:0x80003c0a x16=0x00000000
     1068549000	     53325	80003c8a	99f30993	addi	x19,x6,-1633	  x6:0x00000000 x19=0xfffff99f
     1068669000	     53331	80003c8e	026feb63	bltu	x31,x6,80003cc4	 x31:0x00000000  x6:0x00000000
     1068689000	     53332	80003c92	8fb1	c.xor	x15,x12	 x15:0xffffffff x12:0x8001fe2c x15=0x7ffe01d3
     1068809000	     53338	80003c94	8ecd	c.or	x13,x11	 x13:0xffffffff x11:0x00000001 x13=0xffffffff
     1068829000	     53339	80003c96	1afd	c.addi	x21,-1	 x21:0x00000000 x21=0xffffffff
     1068849000	     53340	80003c98	85b9	c.srai	x11,0xe	 x11:0x00000001 x11=0x00000000
     1081849000	     53990	80003c9a	03e5d463	bge	x11,x30,80003cc2	 x11:0x00000000 x30:0xf5e39895
     1081929000	     53994	80003cc2	098e	c.slli	x19,0x3	 x19:0xfffff99f x19=0xffffccf8
     1081969000	     53996	80003cc4	8fe9	c.and	x15,x10	 x15:0x7ffe01d3 x10:0x0a1c676b x15=0x0a1c0143
     1081989000	     53997	80003cc6	40095933	sra	x18,x18,x0	 x18:0xfffffdd7  x0:0x00000000 x18=0xfffffdd7
     1082009000	     53998	80003cca	8199	c.srli	x11,0x6	 x11:0x00000000 x11=0x00000000
     1082029000	     53999	80003ccc	03f78463	beq	x15,x31,80003cf4	 x15:0x0a1c0143 x31:0x00000000
     1082049000	     54000	80003cd0	f8a0c513	xori	x10,x1,-118	  x1:0x80003c0a x10=0x7fffc380
     1082169000	     54006	80003cd4	0183f263	bgeu	x7,x24,80003cd8	  x7:0x00000000 x24:0x00000000
     1082369000	     54016	80003cd8	40965213	srai	x4,x12,0x9	 x12:0x8001fe2c  x4=0xffc000ff
     1082989000	     54047	80003cdc	0157c7b3	xor	x15,x15,x21	 x15:0x0a1c0143 x21:0xffffffff x15=0xf5e3febc
     1083009000	     54048	80003ce0	00bd8333	add	x6,x27,x11	 x27:0x8005c825 x11:0x00000000  x6=0x8005c825
     1083929000	     54094	80003ce4	03c946b3	div	x13,x18,x28	 x18:0xfffffdd7 x28:0xfffffffe x13=0x00000114
     1083949000	     54095	80003ce8	0962	c.slli	x18,0x18	 x18:0xfffffdd7 x18=0xd7000000
     1083969000	     54096	80003cea	01878db3	add	x27,x15,x24	 x15:0xf5e3febc x24:0x00000000 x27=0xf5e3febc
     1083989000	     54097	80003cee	05aa	c.slli	x11,0xa	 x11:0x00000000 x11=0x00000000
     1084009000	     54098	80003cf0	806d2f13	slti	x30,x26,-2042	 x26:0x000001b4 x30=0x00000000
     1084749000	     54135	80003cf4	031af0b3	remu	x1,x21,x17	 x21:0xffffffff x17:0xe1127c74  x1=0x1eed838b
     1084769000	     54136	80003cf8	97e6f813	andi	x16,x13,-1666	 x13:0x00000114 x16=0x00000114
     1084789000	     54137	80003cfc	0001	c.addi	x0,0	  x0:0x00000000  x0=0x00000000
     1084809000	     54138	80003cfe	0141fab3	and	x21,x3,x20	  x3:0x00000000 x20:0x00000001 x21=0x00000000
     1084849000	     54140	80003d02	022ea4b3	mulhsu	x9,x29,x2	 x29:0x00000000  x2:0xf5e39895  x9=0x00000000
     1084869000	     54141	80003d06	88b9	c.andi	x9,14	  x9:0x00000000  x9=0x00000000
     1084889000	     54142	80003d08	010494b3	sll	x9,x9,x16	  x9:0x00000000 x16:0x00000114  x9=0x00000000
     1084909000	     54143	80003d0c	91fe	c.add	x3,x31	  x3:0x00000000 x31:0x00000000  x3=0x00000000
     1084929000	     54144	80003d0e	0c6a	c.slli	x24,0x1a	 x24:0x00000000 x24=0x00000000
     1085049000	     54150	80003d10	8461	c.srai	x8,0x18	  x8:0xfffffbf3  x8=0xffffffff
     1085069000	     54151	80003d12	01ef1263	bne	x30,x30,80003d16	 x30:0x00000000 x30:0x00000000
     1085089000	     54152	80003d16	9c52	c.add	x24,x20	 x24:0x00000000 x20:0x00000001 x24=0x00000001
     1085109000	     54153	80003d18	997d	c.andi	x10,-1	 x10:0x7fffc380 x10=0x7fffc380
     1085169000	     54156	80003d1a	08f18f13	addi	x30,x3,143	  x3:0x00000000 x30=0x0000008f
     1085209000	     54158	80003d1e	032732b3	mulhu	x5,x14,x18	 x14:0x80023ce4 x18:0xd7000000  x5=0x6b81e123
     1085349000	     54165	80003d22	008e0663	beq	x28,x8,80003d2e	 x28:0xfffffffe  x8:0xffffffff
     1085429000	     54169	80003d26	01ec63b3	or	x7,x24,x30	 x24:0x00000001 x30:0x0000008f  x7=0x0000008f
     1085449000	     54170	80003d2a	03266663	bltu	x12,x18,80003d56	 x12:0x8001fe2c x18:0xd7000000
     1086349000	     54215	80003d56	0001	c.addi	x0,0	  x0:0x00000000  x0=0x00000000
     1086889000	     54242	80003d58	020554b3	divu	x9,x10,x0	 x10:0x7fffc380  x0:0x00000000  x9=0xffffffff
     1086929000	     54244	80003d5c	409cde13	srai	x28,x25,0x9	 x25:0x00000001 x28=0x00000000
     1086969000	     54246	80003d60	03672eb3	mulhsu	x29,x14,x22	 x14:0x80023ce4 x22:0x00000000 x29=0x00000000
     1087029000	     54249	80003d64	1d7d	c.addi	x26,-1	 x26:0x000001b4 x26=0x000001b3
     1088169000	     54306	80003d66	025464b3	rem	x9,x8,x5	  x8:0xffffffff  x5:0x6b81e123  x9=0xffffffff
     1088189000	     54307	80003d6a	83d1	c.srli	x15,0x14	 x15:0xf5e3febc x15=0x00000f5e
     1088209000	     54308	80003d6c	8469	c.srai	x8,0x1a	  x8:0xffffffff  x8=0xffffffff
     1088249000	     54310	80003d6e	02f93433	mulhu	x8,x18,x15	 x18:0xd7000000 x15:0x00000f5e  x8=0x00000ce7
     1088269000	     54311	80003d72	4d71	c.li	x26,28	 x26=0x0000001c
     1088289000	     54312	80003d74	00e286b3	add	x13,x5,x14	  x5:0x6b81e123 x14:0x80023ce4 x13=0xeb841e07
     1088309000	     54313	80003d78	df31f793	andi	x15,x3,-525	  x3:0x00000000 x15=0x00000000
     1088329000	     54314	80003d7c	0060beb3	sltu	x29,x1,x6	  x1:0x1eed838b  x6:0x8005c825 x29=0x00000001
     1088369000	     54316	80003d80	0a513c13	sltiu	x24,x2,165	  x2:0xf5e39895 x24=0x00000000
     1088409000	     54318	80003d84	405f5ab3	sra	x21,x30,x5	 x30:0x0000008f  x5:0x6b81e123 x21=0x00000011
     1088429000	     54319	80003d88	78bd0913	addi	x18,x26,1931	 x26:0x0000001c x18=0x000007a7
     1088609000	     54328	80003d8c	02fc3e33	mulhu	x28,x24,x15	 x24:0x00000000 x15:0x00000000 x28=0x00000000
     1088629000	     54329	80003d90	8c19	c.sub	x8,x14	  x8:0x00000ce7 x14:0x80023ce4  x8=0x7ffdd003
     1088649000	     54330	80003d92	f14a4b13	xori	x22,x20,-236	 x20:0x00000001 x22=0xffffff15
     1088969000	     54346	80003d96	00086bb3	or	x23,x16,x0	 x16:0x00000114  x0:0x00000000 x23=0x00000114
     1089129000	     54354	80003d9a	00a05963	bge	x0,x10,80003dac	  x0:0x00000000 x10:0x7fffc380
     1089149000	     54355	80003d9e	8c25	c.xor	x8,x9	  x8:0x7ffdd003  x9:0xffffffff  x8=0x80022ffc
     1089289000	     54362	80003da0	c499	c.beqz	x9,80003dae	  x9:0xffffffff
     1089349000	     54365	80003da2	d16cad17	auipc	x26,0xd16ca	 x26=0x516cdda2
     1089369000	     54366	80003da6	0194bb33	sltu	x22,x9,x25	  x9:0xffffffff x25:0x00000001 x22=0x00000000
     1089389000	     54367	80003daa	8d81	c.sub	x11,x8	 x11:0x00000000  x8:0x80022ffc x11=0x7ffdd004
     1089409000	     54368	80003dac	8489	c.srai	x9,0x2	  x9:0xffffffff  x9=0xffffffff
     1089429000	     54369	80003dae	5cfd	c.li	x25,-1	 x25=0xffffffff
     1089469000	     54371	80003db0	024a2ab3	mulhsu	x21,x20,x4	 x20:0x00000001  x4:0xffc000ff x21=0x00000000
     1089829000	     54389	80003db4	015ffb63	bgeu	x31,x21,80003dca	 x31:0x00000000 x21:0x00000000
     1090969000	     54446	80003dca	8dfa	c.mv	x27,x30	  x0:0x00000000 x30:0x0000008f x27=0x0000008f
     1091009000	     54448	80003dcc	03c72db3	mulhsu	x27,x14,x28	 x14:0x80023ce4 x28:0x00000000 x27=0x00000000
     1091169000	     54456	80003dd0	01df1493	slli	x9,x30,0x1d	 x30:0x0000008f  x9=0xe0000000
     1091189000	     54457	80003dd4	35f45817	auipc	x16,0x35f45	 x16=0xb5f48dd4
     1091449000	     54470	80003dd8	62ed	c.lui	x5,0x1b	  x5=0x0001b000
     1091469000	     54471	80003dda	0001	c.addi	x0,0	  x0:0x00000000  x0=0x00000000
     1091629000	     54479	80003ddc	fe8e3993	sltiu	x19,x28,-24	 x28:0x00000000 x19=0x00000001
     1091729000	     54484	80003de0	012c1a93	slli	x21,x24,0x12	 x24:0x00000000 x21=0x00000000
     1091749000	     54485	80003de4	8d71	c.and	x10,x12	 x10:0x7fffc380 x12:0x8001fe2c x10=0x0001c200
     1091929000	     54494	80003de6	02e227b3	mulhsu	x15,x4,x14	  x4:0xffc000ff x14:0x80023ce4 x15=0xffdffff0
     1092109000	     54503	80003dea	02dfd663	bge	x31,x13,80003e16	 x31:0x00000000 x13:0xeb841e07
     1092469000	     54521	80003e16	a0927e13	andi	x28,x4,-1527	  x4:0xffc000ff x28=0xffc00009
     1092489000	     54522	80003e1a	8d99	c.sub	x11,x14	 x11:0x7ffdd004 x14:0x80023ce4 x11=0xfffb9320
     1092529000	     54524	80003e1c	027ca033	mulhsu	x0,x25,x7	 x25:0xffffffff  x7:0x0000008f  x0=0x00000000
     1092549000	     54525	80003e20	0000100f	fence.i	
     1092829000	     54539	80003e24	52fd	c.li	x5,-1	  x5=0xffffffff
     1092849000	     54540	80003e26	8ff1	c.and	x15,x12	 x15:0xffdffff0 x12:0x8001fe2c x15=0x8001fe20
     1093089000	     54552	80003e28	8ca9	c.xor	x9,x10	  x9:0xe0000000 x10:0x0001c200  x9=0xe001c200
     1093149000	     54555	80003e2a	00201f13	slli	x30,x0,0x2	  x0:0x00000000 x30=0x00000000
     1093169000	     54556	80003e2e	16e7f793	andi	x15,x15,366	 x15:0x8001fe20 x15=0x00000020
     1093189000	     54557	80003e32	0180adb3	slt	x27,x1,x24	  x1:0x1eed838b x24:0x00000000 x27=0x00000000
     1093209000	     54558	80003e36	01e14263	blt	x2,x30,80003e3a	  x2:0xf5e39895 x30:0x00000000
     1093509000	     54573	80003e3a	35a8b293	sltiu	x5,x17,858	 x17:0xe1127c74  x5=0x00000000
     1093629000	     54579	80003e3e	001ac933	xor	x18,x21,x1	 x21:0x00000000  x1:0x1eed838b x18=0x1eed838b
     1093649000	     54580	80003e42	64e1	c.lui	x9,0x18	  x9=0x00018000
     1093709000	     54583	80003e44	07e5	c.addi	x15,25	 x15:0x00000020 x15=0x00000039
     1093829000	     54589	80003e46	006d8d63	beq	x27,x6,80003e60	 x27:0x00000000  x6:0x8005c825
     1093849000	     54590	80003e4a	8169	c.srli	x10,0x1a	 x10:0x0001c200 x10=0x00000000
     1093869000	     54591	80003e4c	6f8d	c.lui	x31,0x3	 x31=0x00003000
     1094189000	     54607	80003e4e	417ede13	srai	x28,x29,0x17	 x29:0x00000001 x28=0x00000000
     1094209000	     54608	80003e52	0001	c.addi	x0,0	  x0:0x00000000  x0=0x00000000
     1094609000	     54628	80003e54	32724b13	xori	x22,x4,807	  x4:0xffc000ff x22=0xffc003d8
     1095049000	     54650	80003e58	022490b3	mulh	x1,x9,x2	  x9:0x00018000  x2:0xf5e39895  x1=0xfffff0d5
     1095069000	     54651	80003e5c	00621563	bne	x4,x6,80003e66	  x4:0xffc000ff  x6:0x8005c825
     1095809000	     54688	80003e66	03bc8933	mul	x18,x25,x27	 x25:0xffffffff x27:0x00000000 x18=0x00000000
     1095829000	     54689	80003e6a	40f68433	sub	x8,x13,x15	 x13:0xeb841e07 x15:0x00000039  x8=0xeb841dce
     1095969000	     54696	80003e6e	404fd033	sra	x0,x31,x4	 x31:0x00003000  x4:0xffc000ff  x0=0x00000000
     1096089000	     54702	80003e72	09c92193	slti	x3,x18,156	 x18:0x00000000  x3=0x00000001
     1096249000	     54710	80003e76	46bcb213	sltiu	x4,x25,1131	 x25:0xffffffff  x4=0x00000000
     1096429000	     54719	80003e7a	c21ae313	ori	x6,x21,-991	 x21:0x00000000  x6=0xfffffc21
     1096449000	     54720	80003e7e	0001	c.addi	x0,0	  x0:0x00000000  x0=0x00000000
     1096489000	     54722	80003e80	de096e93	ori	x29,x18,-544	 x18:0x00000000 x29=0xfffffde0
     1096649000	     54730	80003e84	e899	c.bnez	x9,80003e9a	  x9:0x00018000
     1097209000	     54758	80003e9a	8e8d	c.sub	x13,x11	 x13:0xeb841e07 x11:0xfffb9320 x13=0xeb888ae7
     1097229000	     54759	80003e9c	015db433	sltu	x8,x27,x21	 x27:0x00000000 x21:0x00000000  x8=0x00000000
     1097389000	     54767	80003ea0	038c4333	div	x6,x24,x24	 x24:0x00000000 x24:0x00000000  x6=0xffffffff
     1097509000	     54773	80003ea4	02a807b3	mul	x15,x16,x10	 x16:0xb5f48dd4 x10:0x00000000 x15=0x00000000
     1097549000	     54775	80003ea8	026712b3	mulh	x5,x14,x6	 x14:0x80023ce4  x6:0xffffffff  x5=0x00000000
     1098449000	     54820	80003eac	02bd4c33	div	x24,x26,x11	 x26:0x516cdda2 x11:0xfffb9320 x24=0xffffed9a
     1098469000	     54821	80003eb0	8461	c.srai	x8,0x18	  x8:0x00000000  x8=0x00000000
     1098489000	     54822	80003eb2	009469b3	or	x19,x8,x9	  x8:0x00000000  x9:0x00018000 x19=0x00018000
     1098509000	     54823	80003eb6	4399ab13	slti	x22,x19,1081	 x19:0x00018000 x22=0x00000000
     1098529000	     54824	80003eba	ed85	c.bnez	x11,80003ef2	 x11:0xfffb9320
     1099749000	     54885	80003ef2	033df433	remu	x8,x27,x19	 x27:0x00000000 x19:0x00018000  x8=0x00000000
     1099769000	     54886	80003ef6	0000e663	bltu	x1,x0,80003f02	  x1:0xfffff0d5  x0:0x00000000
     1100509000	     54923	80003efa	031a5bb3	divu	x23,x20,x17	 x20:0x00000001 x17:0xe1127c74 x23=0x00000000
     1101249000	     54960	80003efe	0383f4b3	remu	x9,x7,x24	  x7:0x0000008f x24:0xffffed9a  x9=0x0000008f
     1101269000	     54961	80003f02	00fb5eb3	srl	x29,x22,x15	 x22:0x00000000 x15:0x00000000 x29=0x00000000
     1101289000	     54962	80003f06	020b4f63	blt	x22,x0,80003f44	 x22:0x00000000  x0:0x00000000
     1101309000	     54963	80003f0a	00331d33	sll	x26,x6,x3	  x6:0xffffffff  x3:0x00000001 x26=0xfffffffe
     1102049000	     55000	80003f0e	0303e1b3	rem	x3,x7,x16	  x7:0x0000008f x16:0xb5f48dd4  x3=0x0000008f
     1102069000	     55001	80003f12	828d	c.srli	x13,0x3	 x13:0xeb888ae7 x13=0x1d71115c
     1102089000	     55002	80003f14	059a4363	blt	x20,x25,80003f5a	 x20:0x00000001 x25:0xffffffff
     1102129000	     55004	80003f18	03b664b3	rem	x9,x12,x27	 x12:0x8001fe2c x27:0x00000000  x9=0x8001fe2c
     1102149000	     55005	80003f1c	031b0233	mul	x4,x22,x17	 x22:0x00000000 x17:0xe1127c74  x4=0x00000000
     1102169000	     55006	80003f20	c5ecc413	xori	x8,x25,-930	 x25:0xffffffff  x8=0x000003a1
     1102189000	     55007	80003f24	0c55	c.addi	x24,21	 x24:0xffffed9a x24=0xffffedaf
     1102229000	     55009	80003f26	02ad6e33	rem	x28,x26,x10	 x26:0xfffffffe x10:0x00000000 x28=0xfffffffe
     1102249000	     55010	80003f2a	41c4d393	srai	x7,x9,0x1c	  x9:0x8001fe2c  x7=0xfffffff8
     1102269000	     55011	80003f2e	8c11	c.sub	x8,x12	  x8:0x000003a1 x12:0x8001fe2c  x8=0x7ffe0575
     1102289000	     55012	80003f30	8b152d93	slti	x27,x10,-1871	 x10:0x00000000 x27=0x00000000
     1102569000	     55026	80003f34	03bcc333	div	x6,x25,x27	 x25:0xffffffff x27:0x00000000  x6=0xffffffff
     1102689000	     55032	80003f38	00ffdb93	srli	x23,x31,0xf	 x31:0x00003000 x23=0x00000000
     1102829000	     55039	80003f3c	02fb4b63	blt	x22,x15,80003f72	 x22:0x00000000 x15:0x00000000
     1102849000	     55040	80003f40	038a4993	xori	x19,x20,56	 x20:0x00000001 x19=0x00000039
     1102869000	     55041	80003f44	8ca1	c.xor	x9,x8	  x9:0x8001fe2c  x8:0x7ffe0575  x9=0xfffffb59
     1102889000	     55042	80003f46	0ff0000f	fence	iorw,iorw	
     1102909000	     55043	80003f4a	02dd	c.addi	x5,23	  x5:0x00000000  x5=0x00000017
     1102929000	     55044	80003f4c	ac63c293	xori	x5,x7,-1338	  x7:0xfffffff8  x5=0x0000053e
     1103109000	     55053	80003f50	01cda4b3	slt	x9,x27,x28	 x27:0x00000000 x28:0xfffffffe  x9=0x00000000
     1103309000	     55063	80003f54	80b2	c.mv	x1,x12	  x0:0x00000000 x12:0x8001fe2c  x1=0x8001fe2c
     1103329000	     55064	80003f56	02d18033	mul	x0,x3,x13	  x3:0x0000008f x13:0x1d71115c  x0=0x00000000
     1103349000	     55065	80003f5a	8199	c.srli	x11,0x6	 x11:0xfffb9320 x11=0x03ffee4c
     1103489000	     55072	80003f5c	45e1	c.li	x11,24	 x11=0x00000018
     1103509000	     55073	80003f5e	c53a2913	slti	x18,x20,-941	 x20:0x00000001 x18=0x00000000
     1103649000	     55080	80003f62	009d5913	srli	x18,x26,0x9	 x26:0xfffffffe x18=0x007fffff
     1103669000	     55081	80003f66	021cc263	blt	x25,x1,80003f8a	 x25:0xffffffff  x1:0x8001fe2c
     1103689000	     55082	80003f6a	9c92	c.add	x25,x4	 x25:0xffffffff  x4:0x00000000 x25=0xffffffff
     1104029000	     55099	80003f6c	ee583237	lui	x4,0xee583	  x4=0xee583000
     1104449000	     55120	80003f70	997d	c.andi	x10,-1	 x10:0x00000000 x10=0x00000000
     1104469000	     55121	80003f72	404cda33	sra	x20,x25,x4	 x25:0xffffffff  x4:0xee583000 x20=0xffffffff
     1104489000	     55122	80003f76	f11a3093	sltiu	x1,x20,-239	 x20:0xffffffff  x1=0x00000000
     1104509000	     55123	80003f7a	81ca	c.mv	x3,x18	  x0:0x00000000 x18:0x007fffff  x3=0x007fffff
     1104549000	     55125	80003f7c	03ef9333	mulh	x6,x31,x30	 x31:0x00003000 x30:0x00000000  x6=0x00000000
     1104569000	     55126	80003f80	85f5	c.srai	x11,0x1d	 x11:0x00000018 x11=0x00000000
     1104589000	     55127	80003f82	a7f1a817	auipc	x16,0xa7f1a	 x16=0x27f1df82
     1105009000	     55148	80003f86	41055ab3	sra	x21,x10,x16	 x10:0x00000000 x16:0x27f1df82 x21=0x00000000
     1105029000	     55149	80003f8a	0ff0000f	fence	iorw,iorw	
     1105049000	     55150	80003f8e	9c42	c.add	x24,x16	 x24:0xffffedaf x16:0x27f1df82 x24=0x27f1cd31
     1105449000	     55170	80003f90	0266	c.slli	x4,0x19	  x4:0xee583000  x4=0x00000000
     1105469000	     55171	80003f92	8d45	c.or	x10,x9	 x10:0x00000000  x9:0x00000000 x10=0x00000000
     1105649000	     55180	80003f94	01251013	slli	x0,x10,0x12	 x10:0x00000000  x0=0x00000000
     1105849000	     55190	80003f98	01be	c.slli	x3,0xf	  x3:0x007fffff  x3=0xffff8000
     1105869000	     55191	80003f9a	0080fcb3	and	x25,x1,x8	  x1:0x00000000  x8:0x7ffe0575 x25=0x00000000
     1105889000	     55192	80003f9e	0001	c.addi	x0,0	  x0:0x00000000  x0=0x00000000
     1106289000	     55212	80003fa0	44f9	c.li	x9,30	  x9=0x0000001e
     1106709000	     55233	80003fa2	41c45213	srai	x4,x8,0x1c	  x8:0x7ffe0575  x4=0x00000007
     1106729000	     55234	80003fa6	9afd	c.andi	x13,-1	 x13:0x1d71115c x13=0x1d71115c
     1106749000	     55235	80003fa8	84dd	c.srai	x9,0x17	  x9:0x0000001e  x9=0x00000000
     1106769000	     55236	80003faa	01c027b3	slt	x15,x0,x28	  x0:0x00000000 x28:0xfffffffe x15=0x00000000
     1106789000	     55237	80003fae	00e000ef	jal	x1,80003fbc	  x1=0x80003fb2
     1107269000	     55261	80003fbc	01e000ef	jal	x1,80003fda	  x1=0x80003fc0
     1107789000	     55287	80003fda	ff1ff36f	jal	x6,80003fca	  x6=0x80003fde
     1107829000	     55289	80003fca	3fdd	c.jal	80003fc0	  x1=0x80003fcc
     1107889000	     55292	80003fc0	008000ef	jal	x1,80003fc8	  x1=0x80003fc4
     1107949000	     55295	80003fc8	b7ed	c.j	80003fb2	
     1108009000	     55298	80003fb2	a839	c.j	80003fd0	
     1108789000	     55337	80003fd0	0060026f	jal	x4,80003fd6	  x4=0x80003fd4
     1108889000	     55342	80003fd6	fffff36f	jal	x6,80003fd4	  x6=0x80003fda
     1108929000	     55344	80003fd4	b7c5	c.j	80003fb4	
     1108969000	     55346	80003fb4	2019	c.jal	80003fba	  x1=0x80003fb6
     1109009000	     55348	80003fba	2031	c.jal	80003fc6	  x1=0x80003fbc
     1109049000	     55350	80003fc6	3ffd	c.jal	80003fc4	  x1=0x80003fc8
     1109209000	     55358	80003fc4	3fcd	c.jal	80003fb6	  x1=0x80003fc6
     1109269000	     55361	80003fb6	0160036f	jal	x6,80003fcc	  x6=0x80003fba
     1109329000	     55364	80003fcc	012000ef	jal	x1,80003fde	  x1=0x80003fd0
     1110109000	     55403	80003fde	0271fab3	remu	x21,x3,x7	  x3:0xffff8000  x7:0xfffffff8 x21=0xffff8000
     1110149000	     55405	80003fe2	0215a5b3	mulhsu	x11,x11,x1	 x11:0x00000000  x1:0x80003fd0 x11=0x00000000
     1110169000	     55406	80003fe6	417d5813	srai	x16,x26,0x17	 x26:0xfffffffe x16=0xffffffff
     1110189000	     55407	80003fea	8105f093	andi	x1,x11,-2032	 x11:0x00000000  x1=0x00000000
     1110209000	     55408	80003fee	013dd963	bge	x27,x19,80004000	 x27:0x00000000 x19:0x00000039
     1110229000	     55409	80003ff2	00086963	bltu	x16,x0,80004004	 x16:0xffffffff  x0:0x00000000
     1110649000	     55430	80003ff6	40025033	sra	x0,x4,x0	  x4:0x80003fd4  x0:0x00000000  x0=0x00000000
     1110669000	     55431	80003ffa	0000100f	fence.i	
     1111289000	     55462	80003ffe	82a1	c.srli	x13,0x8	 x13:0x1d71115c x13=0x001d7111
     1111329000	     55464	80004000	03f62cb3	mulhsu	x25,x12,x31	 x12:0x8001fe2c x31:0x00003000 x25=0xffffe800
     1111349000	     55465	80004004	001f11b3	sll	x3,x30,x1	 x30:0x00000000  x1:0x00000000  x3=0x00000000
     1111489000	     55472	80004008	00b3e533	or	x10,x7,x11	  x7:0xfffffff8 x11:0x00000000 x10=0xfffffff8
     1111909000	     55493	8000400c	8d79	c.and	x10,x14	 x10:0xfffffff8 x14:0x80023ce4 x10=0x80023ce0
     1111989000	     55497	8000400e	015b1e93	slli	x29,x22,0x15	 x22:0x00000000 x29=0x00000000
     1112409000	     55518	80004012	00935513	srli	x10,x6,0x9	  x6:0x80003fba x10=0x0040001f
     1112469000	     55521	80004016	bc4b27b7	lui	x15,0xbc4b2	 x15=0xbc4b2000
     1112489000	     55522	8000401a	006ed963	bge	x29,x6,8000402c	 x29:0x00000000  x6:0x80003fba
     1113509000	     55573	8000402c	01d97663	bgeu	x18,x29,80004038	 x18:0x007fffff x29:0x00000000
     1113689000	     55582	80004038	02b50063	beq	x10,x11,80004058	 x10:0x0040001f x11:0x00000000
     1113829000	     55589	8000403c	02d927b3	mulhsu	x15,x18,x13	 x18:0x007fffff x13:0x001d7111 x15=0x00000eb8
     1113949000	     55595	80004040	8d59	c.or	x10,x14	 x10:0x0040001f x14:0x80023ce4 x10=0x80423cff
     1113969000	     55596	80004042	03a60963	beq	x12,x26,80004074	 x12:0x8001fe2c x26:0xfffffffe
     1113989000	     55597	80004046	991e	c.add	x18,x7	 x18:0x007fffff  x7:0xfffffff8 x18=0x007ffff7
     1114009000	     55598	80004048	0118d263	bge	x17,x17,8000404c	 x17:0xe1127c74 x17:0xe1127c74
     1115149000	     55655	8000404c	8445	c.srai	x8,0x11	  x8:0x7ffe0575  x8=0x00003fff
     1115169000	     55656	8000404e	ef89	c.bnez	x15,80004068	 x15:0x00000eb8
     1116129000	     55704	80004068	03d2	c.slli	x7,0x14	  x7:0xfffffff8  x7=0xff800000
     1116429000	     55719	8000406a	0ff0000f	fence	iorw,iorw	
     1116509000	     55723	8000406e	01a40563	beq	x8,x26,80004078	  x8:0x00003fff x26:0xfffffffe
     1116529000	     55724	80004072	0c8a	c.slli	x25,0x2	 x25:0xffffe800 x25=0xffffa000
     1116569000	     55726	80004074	02953d33	mulhu	x26,x10,x9	 x10:0x80423cff  x9:0x00000000 x26=0x00000000
     1116589000	     55727	80004078	03770463	beq	x14,x23,800040a0	 x14:0x80023ce4 x23:0x00000000
     1117329000	     55764	8000407c	028cde33	divu	x28,x25,x8	 x25:0xffffa000  x8:0x00003fff x28=0x0004000e
     1117349000	     55765	80004080	04c1fd13	andi	x26,x3,76	  x3:0x00000000 x26=0x00000000
     1117369000	     55766	80004084	000f6033	or	x0,x30,x0	 x30:0x00000000  x0:0x00000000  x0=0x00000000
     1117389000	     55767	80004088	415e0d33	sub	x26,x28,x21	 x28:0x0004000e x21:0xffff8000 x26=0x0004800e
     1117409000	     55768	8000408c	00b21193	slli	x3,x4,0xb	  x4:0x80003fd4  x3=0x01fea000
     1117429000	     55769	80004090	2c213f13	sltiu	x30,x2,706	  x2:0xf5e39895 x30=0x00000000
     1117449000	     55770	80004094	d9bda813	slti	x16,x27,-613	 x27:0x00000000 x16=0x00000000
     1117489000	     55772	80004098	997d	c.andi	x10,-1	 x10:0x80423cff x10=0x80423cff
     1117509000	     55773	8000409a	00335813	srli	x16,x6,0x3	  x6:0x80003fba x16=0x100007f7
     1117529000	     55774	8000409e	6999	c.lui	x19,0x6	 x19=0x00006000
     1117569000	     55776	800040a0	03ca1533	mulh	x10,x20,x28	 x20:0xffffffff x28:0x0004000e x10=0xffffffff
     1117669000	     55781	800040a4	8c49	c.or	x8,x10	  x8:0x00003fff x10:0xffffffff  x8=0xffffffff
     1118529000	     55824	800040a6	032ceb33	rem	x22,x25,x18	 x25:0xffffa000 x18:0x007ffff7 x22=0xffffa000
     1118549000	     55825	800040aa	15fd	c.addi	x11,-1	 x11:0x00000000 x11=0xffffffff
     1118569000	     55826	800040ac	98cd6d13	ori	x26,x26,-1652	 x26:0x0004800e x26=0xfffff98e
     1119309000	     55863	800040b0	02a8ec33	rem	x24,x17,x10	 x17:0xe1127c74 x10:0xffffffff x24=0x00000000
     1119329000	     55864	800040b4	000996b3	sll	x13,x19,x0	 x19:0x00006000  x0:0x00000000 x13=0x00006000
     1119349000	     55865	800040b8	01001a63	bne	x0,x16,800040cc	  x0:0x00000000 x16:0x100007f7
     1119449000	     55870	800040cc	0000100f	fence.i	
     1120249000	     55910	800040d0	80d1	c.srli	x9,0x14	  x9:0x00000000  x9=0x00000000
     1120589000	     55927	800040d2	00f3c333	xor	x6,x7,x15	  x7:0xff800000 x15:0x00000eb8  x6=0xff800eb8
     1120609000	     55928	800040d6	83e5	c.srli	x15,0x19	 x15:0x00000eb8 x15=0x00000000
     1120629000	     55929	800040d8	04df7063	bgeu	x30,x13,80004118	 x30:0x00000000 x13:0x00006000
     1120729000	     55934	800040dc	8ef1	c.and	x13,x12	 x13:0x00006000 x12:0x8001fe2c x13=0x00006000
     1120809000	     55938	800040de	1783bf13	sltiu	x30,x7,376	  x7:0xff800000 x30=0x00000000
     1122309000	     56013	800040e2	03068f63	beq	x13,x16,80004120	 x13:0x00006000 x16:0x100007f7
     1122329000	     56014	800040e6	01caad33	slt	x26,x21,x28	 x21:0xffff8000 x28:0x0004000e x26=0x00000001
     1122349000	     56015	800040ea	02217663	bgeu	x2,x2,80004116	  x2:0xf5e39895  x2:0xf5e39895
     1122429000	     56019	80004116	0001	c.addi	x0,0	  x0:0x00000000  x0=0x00000000
     1122909000	     56043	80004118	0000100f	fence.i	
     1123509000	     56073	8000411c	05d05263	bge	x0,x29,80004160	  x0:0x00000000 x29:0x00000000
     1123849000	     56090	80004160	00e0df93	srli	x31,x1,0xe	  x1:0x00000000 x31=0x00000000
     1123889000	     56092	80004164	02aea9b3	mulhsu	x19,x29,x10	 x29:0x00000000 x10:0xffffffff x19=0x00000000
     1123929000	     56094	80004168	02b510b3	mulh	x1,x10,x11	 x10:0xffffffff x11:0xffffffff  x1=0x00000000
     1124009000	     56098	8000416c	84ad	c.srai	x9,0xb	  x9:0x00000000  x9=0x00000000
     1124029000	     56099	8000416e	0d7a	c.slli	x26,0x1e	 x26:0x00000001 x26=0x40000000
     1124069000	     56101	80004170	032311b3	mulh	x3,x6,x18	  x6:0xff800eb8 x18:0x007ffff7  x3=0xffffc007
     1124089000	     56102	80004174	7e886593	ori	x11,x16,2024	 x16:0x100007f7 x11=0x100007ff
     1124109000	     56103	80004178	02ae82b3	mul	x5,x29,x10	 x29:0x00000000 x10:0xffffffff  x5=0x00000000
     1124229000	     56109	8000417c	8d19	c.sub	x10,x14	 x10:0xffffffff x14:0x80023ce4 x10=0x7ffdc31b
     1124269000	     56111	8000417e	02f3bcb3	mulhu	x25,x7,x15	  x7:0xff800000 x15:0x00000000 x25=0x00000000
     1124289000	     56112	80004182	00f35313	srli	x6,x6,0xf	  x6:0xff800eb8  x6=0x0001ff00
     1124889000	     56142	80004186	001a9233	sll	x4,x21,x1	 x21:0xffff8000  x1:0x00000000  x4=0xffff8000
     1124909000	     56143	8000418a	8fb5	c.xor	x15,x13	 x15:0x00000000 x13:0x00006000 x15=0x00006000
     1125169000	     56156	8000418c	019e7fb3	and	x31,x28,x25	 x28:0x0004000e x25:0x00000000 x31=0x00000000
     1125369000	     56166	80004190	001f4963	blt	x30,x1,800041a2	 x30:0x00000000  x1:0x00000000
     1125549000	     56175	80004194	408ad7b3	sra	x15,x21,x8	 x21:0xffff8000  x8:0xffffffff x15=0xffffffff
     1125969000	     56196	80004198	03a836b3	mulhu	x13,x16,x26	 x16:0x100007f7 x26:0x40000000 x13=0x040001fd
     1125989000	     56197	8000419c	85d5	c.srai	x11,0x15	 x11:0x100007ff x11=0x00000080
     1126009000	     56198	8000419e	00a83e33	sltu	x28,x16,x10	 x16:0x100007f7 x10:0x7ffdc31b x28=0x00000001
     1126029000	     56199	800041a2	8afd	c.andi	x13,31	 x13:0x040001fd x13=0x0000001d
     1126409000	     56218	800041a4	0001	c.addi	x0,0	  x0:0x00000000  x0=0x00000000
     1126429000	     56219	800041a6	c991	c.beqz	x11,800041ba	 x11:0x00000080
     1126449000	     56220	800041a8	0001	c.addi	x0,0	  x0:0x00000000  x0=0x00000000
     1126849000	     56240	800041aa	fcccbb93	sltiu	x23,x25,-52	 x25:0x00000000 x23=0x00000001
     1127289000	     56262	800041ae	020c72b3	remu	x5,x24,x0	 x24:0x00000000  x0:0x00000000  x5=0x00000000
     1127309000	     56263	800041b2	7863a493	slti	x9,x7,1926	  x7:0xff800000  x9=0x00000001
     1127329000	     56264	800041b6	49d1	c.li	x19,20	 x19=0x00000014
     1127349000	     56265	800041b8	8bb1	c.andi	x15,12	 x15:0xffffffff x15=0x0000000c
     1127569000	     56276	800041ba	419d03b3	sub	x7,x26,x25	 x26:0x40000000 x25:0x00000000  x7=0x40000000
     1127589000	     56277	800041be	00bedbb3	srl	x23,x29,x11	 x29:0x00000000 x11:0x00000080 x23=0x00000000
     1127609000	     56278	800041c2	01df3bb3	sltu	x23,x30,x29	 x30:0x00000000 x29:0x00000000 x23=0x00000000
     1127629000	     56279	800041c6	8c2d	c.xor	x8,x11	  x8:0xffffffff x11:0x00000080  x8=0xffffff7f
     1127909000	     56293	800041c8	c089	c.beqz	x9,800041ca	  x9:0x00000001
     1128089000	     56302	800041ca	01bad813	srli	x16,x21,0x1b	 x21:0xffff8000 x16=0x0000001f
     1128109000	     56303	800041ce	49dd	c.li	x19,23	 x19=0x00000017
     1128129000	     56304	800041d0	8d31	c.xor	x10,x12	 x10:0x7ffdc31b x12:0x8001fe2c x10=0xfffc3d37
     1128149000	     56305	800041d2	8eb1	c.xor	x13,x12	 x13:0x0000001d x12:0x8001fe2c x13=0x8001fe31
     1128169000	     56306	800041d4	c76f0d93	addi	x27,x30,-906	 x30:0x00000000 x27=0xfffffc76
     1128569000	     56326	800041d8	b3964517	auipc	x10,0xb3964	 x10=0x339681d8
     1128969000	     56346	800041dc	00aea533	slt	x10,x29,x10	 x29:0x00000000 x10:0x339681d8 x10=0x00000001
     1128989000	     56347	800041e0	8c89	c.sub	x9,x10	  x9:0x00000001 x10:0x00000001  x9=0x00000000
     1129009000	     56348	800041e2	819d	c.srli	x11,0x7	 x11:0x00000080 x11=0x00000001
     1129029000	     56349	800041e4	41728eb3	sub	x29,x5,x23	  x5:0x00000000 x23:0x00000000 x29=0x00000000
     1129049000	     56350	800041e8	a858a913	slti	x18,x17,-1403	 x17:0xe1127c74 x18=0x00000001
     1129449000	     56370	800041ec	00d09263	bne	x1,x13,800041f0	  x1:0x00000000 x13:0x8001fe31
     1129889000	     56392	800041f0	002b64b3	or	x9,x22,x2	 x22:0xffffa000  x2:0xf5e39895  x9=0xffffb895
     1129909000	     56393	800041f4	6caa2897	auipc	x17,0x6caa2	 x17=0xecaa61f4
     1129949000	     56395	800041f8	02973b33	mulhu	x22,x14,x9	 x14:0x80023ce4  x9:0xffffb895 x22=0x8002192d
     1129969000	     56396	800041fc	b4507513	andi	x10,x0,-1211	  x0:0x00000000 x10=0x00000000
     1130089000	     56402	80004200	00eeff33	and	x30,x29,x14	 x29:0x00000000 x14:0x80023ce4 x30=0x00000000
     1130109000	     56403	80004204	0001	c.addi	x0,0	  x0:0x00000000  x0=0x00000000
     1130129000	     56404	80004206	f15a2837	lui	x16,0xf15a2	 x16=0xf15a2000
     1130149000	     56405	8000420a	b6daf913	andi	x18,x21,-1171	 x21:0xffff8000 x18=0xffff8000
     1130169000	     56406	8000420e	4259	c.li	x4,22	  x4=0x00000016
     1130249000	     56410	80004210	ed91	c.bnez	x11,8000422c	 x11:0x00000001
     1131489000	     56472	8000422c	b6894693	xori	x13,x18,-1176	 x18:0xffff8000 x13=0x00007b68
     1131689000	     56482	80004230	0001	c.addi	x0,0	  x0:0x00000000  x0=0x00000000
     1131709000	     56483	80004232	48e4d937	lui	x18,0x48e4d	 x18=0x48e4d000
     1131729000	     56484	80004236	00af4d33	xor	x26,x30,x10	 x30:0x00000000 x10:0x00000000 x26=0x00000000
     1131749000	     56485	8000423a	8f8d	c.sub	x15,x11	 x15:0x0000000c x11:0x00000001 x15=0x0000000b
     1132549000	     56525	8000423c	02e8ca33	div	x20,x17,x14	 x17:0xecaa61f4 x14:0x80023ce4 x20=0x00000000
     1132569000	     56526	80004240	01abddb3	srl	x27,x23,x26	 x23:0x00000000 x26:0x00000000 x27=0x00000000
     1132589000	     56527	80004244	01efde93	srli	x29,x31,0x1e	 x31:0x00000000 x29=0x00000000
     1132609000	     56528	80004248	02155d63	bge	x10,x1,80004282	 x10:0x00000000  x1:0x00000000
     1132849000	     56540	80004282	000e1993	slli	x19,x28,0x0	 x28:0x00000001 x19=0x00000001
     1133229000	     56559	80004286	0000100f	fence.i	
     1133889000	     56592	8000428a	40b65933	sra	x18,x12,x11	 x12:0x8001fe2c x11:0x00000001 x18=0xc000ff16
     1133909000	     56593	8000428e	403adab3	sra	x21,x21,x3	 x21:0xffff8000  x3:0xffffc007 x21=0xffffff00
     1134149000	     56605	80004292	00462083	lw	x1,4(x12)	 x12:0x8001fe2c  x1=0x80003348 PA:0x8001fe30 load:0x80003348
     1134169000	     56606	80004296	03860613	addi	x12,x12,56	 x12:0x8001fe2c x12=0x8001fe64
     1134209000	     56608	8000429a	03dcbe33	mulhu	x28,x25,x29	 x25:0x00000000 x29:0x00000000 x28=0x00000000
     1134329000	     56614	8000429e	02fd1f33	mulh	x30,x26,x15	 x26:0x00000000 x15:0x0000000b x30=0x00000000
     1134349000	     56615	800042a2	4ec1	c.li	x29,16	 x29=0x00000010
     1134729000	     56634	800042a4	00008393	addi	x7,x1,0	  x1:0x80003348  x7=0x80003348
     1134749000	     56635	800042a8	9382	c.jalr	x7	  x7:0x80003348  x1=0x800042aa
     1135029000	     56649	80003348	026000ef	jal	x1,8000336e	  x1=0x8000334c
     1135229000	     56659	8000336e	00e000ef	jal	x1,8000337c	  x1=0x80003372
     1136069000	     56701	8000337c	2009	c.jal	8000337e	  x1=0x8000337e
     1136429000	     56719	8000337e	fd5ff26f	jal	x4,80003352	  x4=0x80003382
     1136789000	     56737	80003352	024009ef	jal	x19,80003376	 x19=0x80003356
     1137809000	     56788	80003376	37e5	c.jal	8000335e	  x1=0x80003378
     1138229000	     56809	8000335e	0240036f	jal	x6,80003382	  x6=0x80003362
     1138469000	     56821	80003382	a019	c.j	80003388	
     1138709000	     56833	80003388	b7d1	c.j	8000334c	
     1139369000	     56866	8000334c	a819	c.j	80003362	
     1140489000	     56922	80003362	022000ef	jal	x1,80003384	  x1=0x80003366
     1141149000	     56955	80003384	2009	c.jal	80003386	  x1=0x80003386
     1141589000	     56977	80003386	37cd	c.jal	80003368	  x1=0x80003388
     1141649000	     56980	80003368	00a000ef	jal	x1,80003372	  x1=0x8000336c
     1141709000	     56983	80003372	fe9ff4ef	jal	x9,8000335a	  x9=0x80003376
     1141789000	     56987	8000335a	a005	c.j	8000337a	
     1142669000	     57031	8000337a	37f5	c.jal	80003366	  x1=0x8000337c
     1142729000	     57034	80003366	bfdd	c.j	8000335c	
     1142769000	     57036	8000335c	203d	c.jal	8000338a	  x1=0x8000335e
     1142809000	     57038	8000338a	37fd	c.jal	80003378	  x1=0x8000338c
     1142849000	     57040	80003378	3fd5	c.jal	8000336c	  x1=0x8000337a
     1142909000	     57043	8000336c	b7f5	c.j	80003358	
     1142969000	     57046	80003358	3ffd	c.jal	80003356	  x1=0x8000335a
     1143029000	     57049	80003356	bfe5	c.j	8000334e	
     1143109000	     57053	8000334e	03e0026f	jal	x4,8000338c	  x4=0x80003352
     1143149000	     57055	8000338c	0ff0000f	fence	iorw,iorw	
     1143169000	     57056	80003390	0a5d	c.addi	x20,23	 x20:0x00000000 x20=0x00000017
     1143189000	     57057	80003392	02028233	mul	x4,x5,x0	  x5:0x00000000  x0:0x00000000  x4=0x00000000
     1143209000	     57058	80003396	9f439e17	auipc	x28,0x9f439	 x28=0x1f43c396
     1143229000	     57059	8000339a	020e	c.slli	x4,0x3	  x4:0x00000000  x4=0x00000000
     1143249000	     57060	8000339c	0000100f	fence.i	
     1143449000	     57070	800033a0	0001	c.addi	x0,0	  x0:0x00000000  x0=0x00000000
     1143529000	     57074	800033a2	03b40363	beq	x8,x27,800033c8	  x8:0xffffff7f x27:0x00000000
     1143549000	     57075	800033a6	0ad1	c.addi	x21,20	 x21:0xffffff00 x21=0xffffff14
     1143809000	     57088	800033a8	01b123b3	slt	x7,x2,x27	  x2:0xf5e39895 x27:0x00000000  x7=0x00000001
     1143829000	     57089	800033ac	0001	c.addi	x0,0	  x0:0x00000000  x0=0x00000000
     1143849000	     57090	800033ae	6911	c.lui	x18,0x4	 x18=0x00004000
     1144249000	     57110	800033b0	0fdcef93	ori	x31,x25,253	 x25:0x00000000 x31=0x000000fd
     1144629000	     57129	800033b4	05f4dc63	bge	x9,x31,8000340c	  x9:0x80003376 x31:0x000000fd
     1144969000	     57146	800033b8	0389a033	mulhsu	x0,x19,x24	 x19:0x80003356 x24:0x00000000  x0=0x00000000
     1144989000	     57147	800033bc	00dc6663	bltu	x24,x13,800033c8	 x24:0x00000000 x13:0x00007b68
     1145589000	     57177	800033c8	00f91793	slli	x15,x18,0xf	 x18:0x00004000 x15=0x20000000
     1145649000	     57180	800033cc	00757033	and	x0,x10,x7	 x10:0x00000000  x7:0x00000001  x0=0x00000000
     1145929000	     57194	800033d0	bb017d93	andi	x27,x2,-1104	  x2:0xf5e39895 x27=0xf5e39890
     1145949000	     57195	800033d4	41a5	c.li	x3,9	  x3=0x00000009
     1145969000	     57196	800033d6	72b88513	addi	x10,x17,1835	 x17:0xecaa61f4 x10=0xecaa691f
     1146089000	     57202	800033da	00001a17	auipc	x20,0x1	 x20=0x800043da
     1146509000	     57223	800033de	f9aa0a13	addi	x20,x20,-102	 x20:0x800043da x20=0x80004374
     1147369000	     57266	800033e2	02b973b3	remu	x7,x18,x11	 x18:0x00004000 x11:0x00000001  x7=0x00000000
     1147389000	     57267	800033e6	8d4d	c.or	x10,x11	 x10:0xecaa691f x11:0x00000001 x10=0xecaa691f
     1147409000	     57268	800033e8	fd126b93	ori	x23,x4,-47	  x4:0x00000000 x23=0xffffffd1
     1147429000	     57269	800033ec	82a6	c.mv	x5,x9	  x0:0x00000000  x9:0x80003376  x5=0x80003376
     1147449000	     57270	800033ee	8dc5	c.or	x11,x9	 x11:0x00000001  x9:0x80003376 x11=0x80003377
     1147469000	     57271	800033f0	07aa0a13	addi	x20,x20,122	 x20:0x80004374 x20=0x800043ee
     1147509000	     57273	800033f4	024d5b33	divu	x22,x26,x4	 x26:0x00000000  x4:0x00000000 x22=0xffffffff
     1147529000	     57274	800033f8	77580813	addi	x16,x16,1909	 x16:0xf15a2000 x16=0xf15a2775
     1147549000	     57275	800033fc	f87a00e7	jalr	x1,-121(x20)	 x20:0x800043ee  x1=0x80003400
     1147609000	     57278	80004374	98fd	c.andi	x9,-1	  x9:0x80003376  x9=0x80003376
     1147629000	     57279	80004376	f851b813	sltiu	x16,x3,-123	  x3:0x00000009 x16=0x00000001
     1147649000	     57280	8000437a	44c1	c.li	x9,16	  x9=0x00000010
     1147669000	     57281	8000437c	cee27893	andi	x17,x4,-786	  x4:0x00000000 x17=0x00000000
     1147689000	     57282	80004380	00e5d463	bge	x11,x14,80004388	 x11:0x80003377 x14:0x80023ce4
     1147829000	     57289	80004384	402005b3	sub	x11,x0,x2	  x0:0x00000000  x2:0xf5e39895 x11=0x0a1c676b
     1147849000	     57290	80004388	1651	c.addi	x12,-12	 x12:0x8001fe64 x12=0x8001fe58
     1148269000	     57311	8000438a	008beeb3	or	x29,x23,x8	 x23:0xffffffd1  x8:0xffffff7f x29=0xffffffff
     1148289000	     57312	8000438e	3eddeb17	auipc	x22,0x3edde	 x22=0xbede238e
     1148449000	     57320	80004392	0000100f	fence.i	
     1156589000	     57727	80004396	00162223	sw	x1,4(x12)	 x12:0x8001fe58  x1:0x80003400 PA:0x8001fe5c store:0x80003400 load:0xffffffff
     1156609000	     57728	8000439a	7ad99a37	lui	x20,0x7ad99	 x20=0x7ad99000
     1156629000	     57729	8000439e	032000ef	jal	x1,800043d0	  x1=0x800043a2
     1157049000	     57750	800043d0	a011	c.j	800043d4	
     1157669000	     57781	800043d4	2009	c.jal	800043d6	  x1=0x800043d6
     1157749000	     57785	800043d6	2009	c.jal	800043d8	  x1=0x800043d8
     1157809000	     57788	800043d8	3fd9	c.jal	800043ae	  x1=0x800043da
     1157869000	     57791	800043ae	3fdd	c.jal	800043a4	  x1=0x800043b0
     1158609000	     57828	800043a4	282d	c.jal	800043de	  x1=0x800043a6
     1158689000	     57832	800043de	fc9ff36f	jal	x6,800043a6	  x6=0x800043e2
     1158969000	     57846	800043a6	01c0036f	jal	x6,800043c2	  x6=0x800043aa
     1159149000	     57855	800043c2	bfd5	c.j	800043b6	
     1159189000	     57857	800043b6	a805	c.j	800043e6	
     1159409000	     57868	800043e6	3fe9	c.jal	800043c0	  x1=0x800043e8
     1159469000	     57871	800043c0	3fc5	c.jal	800043b0	  x1=0x800043c2
     1159529000	     57874	800043b0	2029	c.jal	800043ba	  x1=0x800043b2
     1160509000	     57923	800043ba	2821	c.jal	800043d2	  x1=0x800043bc
     1160569000	     57926	800043d2	2801	c.jal	800043e2	  x1=0x800043d4
     1160609000	     57928	800043e2	3fe5	c.jal	800043da	  x1=0x800043e4
     1160669000	     57931	800043da	fd3ffeef	jal	x29,800043ac	 x29=0x800043de
     1160729000	     57934	800043ac	2031	c.jal	800043b8	  x1=0x800043ae
     1160769000	     57936	800043b8	a801	c.j	800043c8	
     1160809000	     57938	800043c8	b7ed	c.j	800043b2	
     1160869000	     57941	800043b2	01a0036f	jal	x6,800043cc	  x6=0x800043b6
     1160929000	     57944	800043cc	01c000ef	jal	x1,800043e8	  x1=0x800043d0
     1160989000	     57947	800043e8	bf6d	c.j	800043a2	
     1161049000	     57950	800043a2	2025	c.jal	800043ca	  x1=0x800043a4
     1161109000	     57953	800043ca	a829	c.j	800043e4	
     1161169000	     57956	800043e4	bfe1	c.j	800043bc	
     1161229000	     57959	800043bc	008000ef	jal	x1,800043c4	  x1=0x800043c0
     1161289000	     57962	800043c4	fe7ff6ef	jal	x13,800043aa	 x13=0x800043c8
     1161349000	     57965	800043aa	a081	c.j	800043ea	
     1161409000	     57968	800043ea	8aea	c.mv	x21,x26	  x0:0x00000000 x26:0x00000000 x21=0x00000000
     1161429000	     57969	800043ec	034000ef	jal	x1,80004420	  x1=0x800043f0
     1161929000	     57994	80004420	bfe1	c.j	800043f8	
     1162149000	     58005	800043f8	a821	c.j	80004410	
     1162669000	     58031	80004410	00a00a6f	jal	x20,8000441a	 x20=0x80004414
     1163209000	     58058	8000441a	ffbff0ef	jal	x1,80004414	  x1=0x8000441e
     1163249000	     58060	80004414	a811	c.j	80004428	
     1163289000	     58062	80004428	b7fd	c.j	80004416	
     1163329000	     58064	80004416	bfdd	c.j	8000440c	
     1163369000	     58066	8000440c	b7fd	c.j	800043fa	
     1163409000	     58068	800043fa	a825	c.j	80004432	
     1163489000	     58072	80004432	fd1ff0ef	jal	x1,80004402	  x1=0x80004436
     1163569000	     58076	80004402	022000ef	jal	x1,80004424	  x1=0x80004406
     1163629000	     58079	80004424	bfd5	c.j	80004418	
     1163689000	     58082	80004418	bff1	c.j	800043f4	
     1163749000	     58085	800043f4	2091	c.jal	80004438	  x1=0x800043f6
     1163969000	     58096	80004438	bfd9	c.j	8000440e	
     1164009000	     58098	8000440e	a821	c.j	80004426	
     1164069000	     58101	80004426	a021	c.j	8000442e	
     1164129000	     58104	8000442e	3fe1	c.jal	80004406	  x1=0x80004430
     1164189000	     58107	80004406	202d	c.jal	80004430	  x1=0x80004408
     1164249000	     58110	80004430	37d9	c.jal	800043f6	  x1=0x80004432
     1164309000	     58113	800043f6	2019	c.jal	800043fc	  x1=0x800043f8
     1164369000	     58116	800043fc	282d	c.jal	80004436	  x1=0x800043fe
     1164429000	     58119	80004436	b7f5	c.j	80004422	
     1164489000	     58122	80004422	37f9	c.jal	800043f0	  x1=0x80004424
     1164549000	     58125	800043f0	00e001ef	jal	x3,800043fe	  x3=0x800043f4
     1164629000	     58129	800043fe	00a0036f	jal	x6,80004408	  x6=0x80004402
     1164669000	     58131	80004408	0220036f	jal	x6,8000442a	  x6=0x8000440c
     1164769000	     58136	8000442a	ff5ff0ef	jal	x1,8000441e	  x1=0x8000442e
     1164829000	     58139	8000441e	a831	c.j	8000443a	
     1165629000	     58179	8000443a	0300d233	divu	x4,x1,x16	  x1:0x8000442e x16:0x00000001  x4=0x8000442e
     1165649000	     58180	8000443e	03a000ef	jal	x1,80004478	  x1=0x80004442
     1165949000	     58195	80004478	bfd5	c.j	8000446c	
     1167249000	     58260	8000446c	bffd	c.j	8000446a	
     1167429000	     58269	8000446a	2029	c.jal	80004474	  x1=0x8000446c
     1167489000	     58272	80004474	fe9ff0ef	jal	x1,8000445c	  x1=0x80004478
     1167809000	     58288	8000445c	008001ef	jal	x3,80004464	  x3=0x80004460
     1168289000	     58312	80004464	a01d	c.j	8000448a	
     1168329000	     58314	8000448a	2009	c.jal	8000448c	  x1=0x8000448c
     1168369000	     58316	8000448c	3fed	c.jal	80004486	  x1=0x8000448e
     1168449000	     58320	80004486	fdbffdef	jal	x27,80004460	 x27=0x8000448a
     1168489000	     58322	80004460	00e0036f	jal	x6,8000446e	  x6=0x80004464
     1168549000	     58325	8000446e	2039	c.jal	8000447c	  x1=0x80004470
     1168609000	     58328	8000447c	2019	c.jal	80004482	  x1=0x8000447e
     1168689000	     58332	80004482	fc7ffb6f	jal	x22,80004448	 x22=0x80004486
     1168749000	     58335	80004448	0460036f	jal	x6,8000448e	  x6=0x8000444c
     1168789000	     58337	8000448e	bf5d	c.j	80004444	
     1168829000	     58339	80004444	008000ef	jal	x1,8000444c	  x1=0x80004448
     1168869000	     58341	8000444c	a015	c.j	80004470	
     1168949000	     58345	80004470	a009	c.j	80004472	
     1169009000	     58348	80004472	a021	c.j	8000447a	
     1169069000	     58351	8000447a	b7f5	c.j	80004466	
     1169109000	     58353	80004466	3fcd	c.jal	80004458	  x1=0x80004468
     1169149000	     58355	80004458	ff7ff26f	jal	x4,8000444e	  x4=0x8000445c
     1169209000	     58358	8000444e	01a0026f	jal	x4,80004468	  x4=0x80004452
     1169249000	     58360	80004468	2821	c.jal	80004480	  x1=0x8000446a
     1169289000	     58362	80004480	bfd1	c.j	80004454	
     1169329000	     58364	80004454	202d	c.jal	8000447e	  x1=0x80004456
     1169369000	     58366	8000447e	3fe1	c.jal	80004456	  x1=0x80004480
     1169409000	     58368	80004456	3ff5	c.jal	80004452	  x1=0x80004458
     1169449000	     58370	80004452	bfc5	c.j	80004442	
     1169489000	     58372	80004442	20b9	c.jal	80004490	  x1=0x80004444
     1169729000	     58384	80004490	8ddd	c.or	x11,x15	 x11:0x0a1c676b x15:0x20000000 x11=0x2a1c676b
     1169749000	     58385	80004492	010000ef	jal	x1,800044a2	  x1=0x80004496
     1171429000	     58469	800044a2	0180036f	jal	x6,800044ba	  x6=0x800044a6
     1171809000	     58488	800044ba	bfcd	c.j	800044ac	
     1171869000	     58491	800044ac	a019	c.j	800044b2	
     1171929000	     58494	800044b2	bfd5	c.j	800044a6	
     1171989000	     58497	800044a6	bfc5	c.j	80004496	
     1172049000	     58500	80004496	a839	c.j	800044b4	
     1172109000	     58503	800044b4	b7f5	c.j	800044a0	
     1172169000	     58506	800044a0	a819	c.j	800044b6	
     1172229000	     58509	800044b6	ff3ff0ef	jal	x1,800044a8	  x1=0x800044ba
     1172289000	     58512	800044a8	006000ef	jal	x1,800044ae	  x1=0x800044ac
     1172369000	     58516	800044ae	fefff26f	jal	x4,8000449c	  x4=0x800044b2
     1172409000	     58518	8000449c	ffdff0ef	jal	x1,80004498	  x1=0x800044a0
     1172489000	     58522	80004498	024000ef	jal	x1,800044bc	  x1=0x8000449c
     1172549000	     58525	800044bc	012ec9b3	xor	x19,x29,x18	 x29:0x800043de x18:0x00004000 x19=0x800003de
     1173329000	     58564	800044c0	028d7233	remu	x4,x26,x8	 x26:0x00000000  x8:0xffffff7f  x4=0x00000000
     1173349000	     58565	800044c4	011465b3	or	x11,x8,x17	  x8:0xffffff7f x17:0x00000000 x11=0xffffff7f
     1173369000	     58566	800044c8	54fd	c.li	x9,-1	  x9=0xffffffff
     1173389000	     58567	800044ca	01951d13	slli	x26,x10,0x19	 x10:0xecaa691f x26=0x3e000000
     1173409000	     58568	800044ce	0000100f	fence.i	
     1174309000	     58613	800044d2	03604f63	blt	x0,x22,80004510	  x0:0x00000000 x22:0x80004486
     1174329000	     58614	800044d6	0001	c.addi	x0,0	  x0:0x00000000  x0=0x00000000
     1174349000	     58615	800044d8	8ba2	c.mv	x23,x8	  x0:0x00000000  x8:0xffffff7f x23=0xffffff7f
     1174769000	     58636	800044da	02591cb3	mulh	x25,x18,x5	 x18:0x00004000  x5:0x80003376 x25=0xffffe000
     1174849000	     58640	800044de	229e2c97	auipc	x25,0x229e2	 x25=0xa29e64de
     1175269000	     58661	800044e2	007148b3	xor	x17,x2,x7	  x2:0xf5e39895  x7:0x00000000 x17=0xf5e39895
     1175289000	     58662	800044e6	a64b12b7	lui	x5,0xa64b1	  x5=0xa64b1000
     1175309000	     58663	800044ea	017a4933	xor	x18,x20,x23	 x20:0x80004414 x23:0xffffff7f x18=0x7fffbb6b
     1175329000	     58664	800044ee	8c1d	c.sub	x8,x15	  x8:0xffffff7f x15:0x20000000  x8=0xdfffff7f
     1176449000	     58720	800044f0	02a85cb3	divu	x25,x16,x10	 x16:0x00000001 x10:0xecaa691f x25=0x00000000
     1176469000	     58721	800044f4	c295	c.beqz	x13,80004518	 x13:0x800043c8
     1176489000	     58722	800044f6	8f91	c.sub	x15,x12	 x15:0x20000000 x12:0x8001fe58 x15=0x9ffe01a8
     1176529000	     58724	800044f8	02fe21b3	mulhsu	x3,x28,x15	 x28:0x1f43c396 x15:0x9ffe01a8  x3=0x138a1bea
     1176549000	     58725	800044fc	78ba7813	andi	x16,x20,1931	 x20:0x80004414 x16=0x00000400
     1176589000	     58727	80004500	035747b3	div	x15,x14,x21	 x14:0x80023ce4 x21:0x00000000 x15=0xffffffff
     1176609000	     58728	80004504	baa77493	andi	x9,x14,-1110	 x14:0x80023ce4  x9=0x800238a0
     1176989000	     58747	80004508	fe564193	xori	x3,x12,-27	 x12:0x8001fe58  x3=0x7ffe01bd
     1177029000	     58749	8000450c	02f92033	mulhsu	x0,x18,x15	 x18:0x7fffbb6b x15:0xffffffff  x0=0x00000000
     1177909000	     58793	80004510	036a69b3	rem	x19,x20,x22	 x20:0x80004414 x22:0x80004486 x19=0xffffff8e
     1178649000	     58830	80004514	028765b3	rem	x11,x14,x8	 x14:0x80023ce4  x8:0xdfffff7f x11=0xe0023e67
     1178669000	     58831	80004518	63df6293	ori	x5,x30,1597	 x30:0x00000000  x5=0x0000063d
     1178709000	     58833	8000451c	0385fbb3	remu	x23,x11,x24	 x11:0xe0023e67 x24:0x00000000 x23=0xe0023e67
     1178749000	     58835	80004520	033b9b33	mulh	x22,x23,x19	 x23:0xe0023e67 x19:0xffffff8e x22=0x0000000e
     1178769000	     58836	80004524	0001	c.addi	x0,0	  x0:0x00000000  x0=0x00000000
     1178789000	     58837	80004526	79324313	xori	x6,x4,1939	  x4:0x00000000  x6=0x00000793
     1178809000	     58838	8000452a	82c1	c.srli	x13,0x10	 x13:0x800043c8 x13=0x00008000
     1178829000	     58839	8000452c	80ad	c.srli	x9,0xb	  x9:0x800238a0  x9=0x00100047
     1178949000	     58845	8000452e	029200b3	mul	x1,x4,x9	  x4:0x00000000  x9:0x00100047  x1=0x00000000
     1178969000	     58846	80004532	02f00fb3	mul	x31,x0,x15	  x0:0x00000000 x15:0xffffffff x31=0x00000000
     1179389000	     58867	80004536	007d0c63	beq	x26,x7,8000454e	 x26:0x3e000000  x7:0x00000000
     1179409000	     58868	8000453a	0bbeeb13	ori	x22,x29,187	 x29:0x800043de x22=0x800043ff
     1179429000	     58869	8000453e	41815f33	sra	x30,x2,x24	  x2:0xf5e39895 x24:0x00000000 x30=0xf5e39895
     1179849000	     58890	80004542	01d580b3	add	x1,x11,x29	 x11:0xe0023e67 x29:0x800043de  x1=0x60028245
     1179869000	     58891	80004546	00d653b3	srl	x7,x12,x13	 x12:0x8001fe58 x13:0x00008000  x7=0x8001fe58
     1179889000	     58892	8000454a	00f23a33	sltu	x20,x4,x15	  x4:0x00000000 x15:0xffffffff x20=0x00000001
     1179909000	     58893	8000454e	8d36	c.mv	x26,x13	  x0:0x00000000 x13:0x00008000 x26=0x00008000
     1180309000	     58913	80004550	8ec9	c.or	x13,x10	 x13:0x00008000 x10:0xecaa691f x13=0xecaae91f
     1180529000	     58924	80004552	4158d833	sra	x16,x17,x21	 x17:0xf5e39895 x21:0x00000000 x16=0xf5e39895
     1180549000	     58925	80004556	8db5	c.xor	x11,x13	 x11:0xe0023e67 x13:0xecaae91f x11=0x0ca8d778
     1180629000	     58929	80004558	0001	c.addi	x0,0	  x0:0x00000000  x0=0x00000000
     1180789000	     58937	8000455a	4058dd93	srai	x27,x17,0x5	 x17:0xf5e39895 x27=0xffaf1cc4
     1180809000	     58938	8000455e	02af8763	beq	x31,x10,8000458c	 x31:0x00000000 x10:0xecaa691f
     1180829000	     58939	80004562	b0d3efb7	lui	x31,0xb0d3e	 x31=0xb0d3e000
     1180849000	     58940	80004566	002ff6b3	and	x13,x31,x2	 x31:0xb0d3e000  x2:0xf5e39895 x13=0xb0c38000
     1180969000	     58946	8000456a	00d29533	sll	x10,x5,x13	  x5:0x0000063d x13:0xb0c38000 x10=0x0000063d
     1181709000	     58983	8000456e	03ef40b3	div	x1,x30,x30	 x30:0xf5e39895 x30:0xf5e39895  x1=0x00000001
     1181729000	     58984	80004572	b8b92493	slti	x9,x18,-1141	 x18:0x7fffbb6b  x9=0x00000000
     1181749000	     58985	80004576	01924533	xor	x10,x4,x25	  x4:0x00000000 x25:0x00000000 x10=0x00000000
     1181769000	     58986	8000457a	003c8833	add	x16,x25,x3	 x25:0x00000000  x3:0x7ffe01bd x16=0x7ffe01bd
     1181789000	     58987	8000457e	03250063	beq	x10,x18,8000459e	 x10:0x00000000 x18:0x7fffbb6b
     1181809000	     58988	80004582	000dc563	blt	x27,x0,8000458c	 x27:0xffaf1cc4  x0:0x00000000
     1182629000	     59029	8000458c	8da1	c.xor	x11,x8	 x11:0x0ca8d778  x8:0xdfffff7f x11=0xd3572807
     1182649000	     59030	8000458e	87f1	c.srai	x15,0x1c	 x15:0xffffffff x15=0xffffffff
     1182869000	     59041	80004590	00eaceb3	xor	x29,x21,x14	 x21:0x00000000 x14:0x80023ce4 x29=0x80023ce4
     1182889000	     59042	80004594	8d95	c.sub	x11,x13	 x11:0xd3572807 x13:0xb0c38000 x11=0x2293a807
     1182909000	     59043	80004596	8fdd	c.or	x15,x15	 x15:0xffffffff x15:0xffffffff x15=0xffffffff
     1183309000	     59063	80004598	0001	c.addi	x0,0	  x0:0x00000000  x0=0x00000000
     1183329000	     59064	8000459a	03fb9f63	bne	x23,x31,800045d8	 x23:0xe0023e67 x31:0xb0d3e000
     1183569000	     59076	800045d8	407e5893	srai	x17,x28,0x7	 x28:0x1f43c396 x17=0x003e8787
     1183689000	     59082	800045dc	005ee1b3	or	x3,x29,x5	 x29:0x80023ce4  x5:0x0000063d  x3=0x80023efd
     1183789000	     59087	800045e0	010f7363	bgeu	x30,x16,800045e6	 x30:0xf5e39895 x16:0x7ffe01bd
     1184689000	     59132	800045e6	03198433	mul	x8,x19,x17	 x19:0xffffff8e x17:0x003e8787  x8=0xe427a5e2
     1184729000	     59134	800045ea	020d4b33	div	x22,x26,x0	 x26:0x00008000  x0:0x00000000 x22=0xffffffff
     1184749000	     59135	800045ee	0001	c.addi	x0,0	  x0:0x00000000  x0=0x00000000
     1184769000	     59136	800045f0	0001	c.addi	x0,0	  x0:0x00000000  x0=0x00000000
     1184789000	     59137	800045f2	8c69	c.and	x8,x10	  x8:0xe427a5e2 x10:0x00000000  x8=0x00000000
     1184809000	     59138	800045f4	0001	c.addi	x0,0	  x0:0x00000000  x0=0x00000000
     1184829000	     59139	800045f6	8799	c.srai	x15,0x6	 x15:0xffffffff x15=0xffffffff
     1185569000	     59176	800045f8	03c7c0b3	div	x1,x15,x28	 x15:0xffffffff x28:0x1f43c396  x1=0x00000000
     1185589000	     59177	800045fc	41a453b3	sra	x7,x8,x26	  x8:0x00000000 x26:0x00008000  x7=0x00000000
     1185609000	     59178	80004600	41538433	sub	x8,x7,x21	  x7:0x00000000 x21:0x00000000  x8=0x00000000
     1185629000	     59179	80004604	00021413	slli	x8,x4,0x0	  x4:0x00000000  x8=0x00000000
     1185649000	     59180	80004608	0001	c.addi	x0,0	  x0:0x00000000  x0=0x00000000
     1185769000	     59186	8000460a	bf983b13	sltiu	x22,x16,-1031	 x16:0x7ffe01bd x22=0x00000001
     1185909000	     59193	8000460e	00875a93	srli	x21,x14,0x8	 x14:0x80023ce4 x21=0x0080023c
     1186029000	     59199	80004612	0294be33	mulhu	x28,x9,x9	  x9:0x00000000  x9:0x00000000 x28=0x00000000
     1186049000	     59200	80004616	e1a9	c.bnez	x11,80004658	 x11:0x2293a807
     1186849000	     59240	80004658	0ff0000f	fence	iorw,iorw	
     1187169000	     59256	8000465c	8d79	c.and	x10,x14	 x10:0x00000000 x14:0x80023ce4 x10=0x00000000
     1187189000	     59257	8000465e	70b07f93	andi	x31,x0,1803	  x0:0x00000000 x31=0x00000000
     1187629000	     59279	80004662	02bc93b3	mulh	x7,x25,x11	 x25:0x00000000 x11:0x2293a807  x7=0x00000000
     1187649000	     59280	80004666	40565fb3	sra	x31,x12,x5	 x12:0x8001fe58  x5:0x0000063d x31=0xfffffffc
     1187669000	     59281	8000466a	01f11e63	bne	x2,x31,80004686	  x2:0xf5e39895 x31:0xfffffffc
     1188889000	     59342	80004686	0001	c.addi	x0,0	  x0:0x00000000  x0=0x00000000
     1189049000	     59350	80004688	0a46	c.slli	x20,0x11	 x20:0x00000001 x20=0x00020000
     1189149000	     59355	8000468a	012aa5b3	slt	x11,x21,x18	 x21:0x0080023c x18:0x7fffbb6b x11=0x00000001
     1189189000	     59357	8000468e	036113b3	mulh	x7,x2,x22	  x2:0xf5e39895 x22:0x00000001  x7=0xffffffff
     1189369000	     59366	80004692	003140b3	xor	x1,x2,x3	  x2:0xf5e39895  x3:0x80023efd  x1=0x75e1a668
     1189389000	     59367	80004696	8d49	c.or	x10,x10	 x10:0x00000000 x10:0x00000000 x10=0x00000000
     1189569000	     59376	80004698	0000100f	fence.i	
     1189989000	     59397	8000469c	024dc333	div	x6,x27,x4	 x27:0xffaf1cc4  x4:0x00000000  x6=0xffffffff
     1190009000	     59398	800046a0	000b1bb3	sll	x23,x22,x0	 x22:0x00000001  x0:0x00000000 x23=0x00000001
     1190029000	     59399	800046a4	8491	c.srai	x9,0x4	  x9:0x00000000  x9=0x00000000
     1190429000	     59419	800046a6	010f1a93	slli	x21,x30,0x10	 x30:0xf5e39895 x21=0x98950000
     1191289000	     59462	800046aa	0231c9b3	div	x19,x3,x3	  x3:0x80023efd  x3:0x80023efd x19=0x00000001
     1191309000	     59463	800046ae	01799b93	slli	x23,x19,0x17	 x19:0x00000001 x23=0x00800000
     1191329000	     59464	800046b2	4098da13	srai	x20,x17,0x9	 x17:0x003e8787 x20=0x00001f43
     1191349000	     59465	800046b6	03cc0e63	beq	x24,x28,800046f2	 x24:0x00000000 x28:0x00000000
     1191629000	     59479	800046f2	03bc2c33	mulhsu	x24,x24,x27	 x24:0x00000000 x27:0xffaf1cc4 x24=0x00000000
     1191649000	     59480	800046f6	81b9	c.srli	x11,0xe	 x11:0x00000001 x11=0x00000000
     1191709000	     59483	800046f8	05fa	c.slli	x11,0x1e	 x11:0x00000000 x11=0x00000000
     1191729000	     59484	800046fa	8fad	c.xor	x15,x11	 x15:0xffffffff x11:0x00000000 x15=0xffffffff
     1192129000	     59504	800046fc	902a7d93	andi	x27,x20,-1790	 x20:0x00001f43 x27=0x00001902
     1192289000	     59512	80004700	8ff1	c.and	x15,x12	 x15:0xffffffff x12:0x8001fe58 x15=0x8001fe58
     1192329000	     59514	80004702	03e3a333	mulhsu	x6,x7,x30	  x7:0xffffffff x30:0xf5e39895  x6=0xffffffff
     1192349000	     59515	80004706	8ea5	c.xor	x13,x9	 x13:0xb0c38000  x9:0x00000000 x13=0xb0c38000
     1192529000	     59524	80004708	8ead	c.xor	x13,x11	 x13:0xb0c38000 x11:0x00000000 x13=0xb0c38000
     1192549000	     59525	8000470a	001fdf93	srli	x31,x31,0x1	 x31:0xfffffffc x31=0x7ffffffe
     1193289000	     59562	8000470e	0253f0b3	remu	x1,x7,x5	  x7:0xffffffff  x5:0x0000063d  x1=0x0000011e
     1204329000	     60114	80004712	8fa1	c.xor	x15,x8	 x15:0x8001fe58  x8:0x00000000 x15=0x8001fe58
     1205069000	     60151	80004714	03ae4eb3	div	x29,x28,x26	 x28:0x00000000 x26:0x00008000 x29=0x00000000
     1205089000	     60152	80004718	00be6563	bltu	x28,x11,80004722	 x28:0x00000000 x11:0x00000000
     1205109000	     60153	8000471c	8d2d	c.xor	x10,x11	 x10:0x00000000 x11:0x00000000 x10=0x00000000
     1205129000	     60154	8000471e	007dac13	slti	x24,x27,7	 x27:0x00001902 x24=0x00000000
     1205149000	     60155	80004722	000dcc63	blt	x27,x0,8000473a	 x27:0x00001902  x0:0x00000000
     1205169000	     60156	80004726	018a9313	slli	x6,x21,0x18	 x21:0x98950000  x6=0x00000000
     1205909000	     60193	8000472a	022d4cb3	div	x25,x26,x2	 x26:0x00008000  x2:0xf5e39895 x25=0x00000000
     1205929000	     60194	8000472e	0001	c.addi	x0,0	  x0:0x00000000  x0=0x00000000
     1205949000	     60195	80004730	00e66d33	or	x26,x12,x14	 x12:0x8001fe58 x14:0x80023ce4 x26=0x8003fefc
     1205989000	     60197	80004734	03e334b3	mulhu	x9,x6,x30	  x6:0x00000000 x30:0xf5e39895  x9=0x00000000
     1206009000	     60198	80004738	ca91	c.beqz	x13,8000474c	 x13:0xb0c38000
     1206029000	     60199	8000473a	0000100f	fence.i	
     1206289000	     60212	8000473e	8d6d	c.and	x10,x11	 x10:0x00000000 x11:0x00000000 x10=0x00000000
     1206469000	     60221	80004740	ba99bb13	sltiu	x22,x19,-1111	 x19:0x00000001 x22=0x00000001
     1206889000	     60242	80004744	022b0f63	beq	x22,x2,80004782	 x22:0x00000001  x2:0xf5e39895
     1206909000	     60243	80004748	003c9213	slli	x4,x25,0x3	 x25:0x00000000  x4=0x00000000
     1207029000	     60249	8000474c	5afd	c.li	x21,-1	 x21=0xffffffff
     1207069000	     60251	8000474e	40f4d933	sra	x18,x9,x15	  x9:0x00000000 x15:0x8001fe58 x18=0x00000000
     1207189000	     60257	80004752	00b19463	bne	x3,x11,8000475a	  x3:0x80023efd x11:0x00000000
     1207449000	     60270	8000475a	ed89	c.bnez	x11,80004774	 x11:0x00000000
     1207529000	     60274	8000475c	0000100f	fence.i	
     1208269000	     60311	80004760	03aaa933	mulhsu	x18,x21,x26	 x21:0xffffffff x26:0x8003fefc x18=0xffffffff
     1208289000	     60312	80004764	02ec6063	bltu	x24,x14,80004784	 x24:0x00000000 x14:0x80023ce4
     1208609000	     60328	80004784	aa61b593	sltiu	x11,x3,-1370	  x3:0x80023efd x11=0x00000001
     1208989000	     60347	80004788	00462083	lw	x1,4(x12)	 x12:0x8001fe58  x1=0x80003400 PA:0x8001fe5c load:0x80003400
     1209009000	     60348	8000478c	0063f333	and	x6,x7,x6	  x7:0xffffffff  x6:0x00000000  x6=0x00000000
     1209029000	     60349	80004790	9af87393	andi	x7,x16,-1617	 x16:0x7ffe01bd  x7=0x7ffe01ad
     1209769000	     60386	80004794	02215b33	divu	x22,x2,x2	  x2:0xf5e39895  x2:0xf5e39895 x22=0x00000001
     1209789000	     60387	80004798	0696	c.slli	x13,0x5	 x13:0xb0c38000 x13=0x18700000
     1209809000	     60388	8000479a	35bcbd13	sltiu	x26,x25,859	 x25:0x00000000 x26=0x00000001
     1209829000	     60389	8000479e	25393393	sltiu	x7,x18,595	 x18:0xffffffff  x7=0x00000000
     1210129000	     60404	800047a2	016ec233	xor	x4,x29,x22	 x29:0x00000000 x22:0x00000001  x4=0x00000001
     1210569000	     60426	800047a6	029b9033	mulh	x0,x23,x9	 x23:0x00800000  x9:0x00000000  x0=0x00000000
     1210589000	     60427	800047aa	0631	c.addi	x12,12	 x12:0x8001fe58 x12=0x8001fe64
     1210849000	     60440	800047ac	0001	c.addi	x0,0	  x0:0x00000000  x0=0x00000000
     1211029000	     60449	800047ae	00108d13	addi	x26,x1,1	  x1:0x80003400 x26=0x80003401
     1211049000	     60450	800047b2	8d02	c.jr	x26	 x26:0x80003401
     1211709000	     60483	80003400	8fa9	c.xor	x15,x10	 x15:0x8001fe58 x10:0x00000000 x15=0x8001fe58
     1211889000	     60492	80003402	037e0533	mul	x10,x28,x23	 x28:0x00000000 x23:0x00800000 x10=0x00000000
     1211949000	     60495	80003406	01799c33	sll	x24,x19,x23	 x19:0x00000001 x23:0x00800000 x24=0x00000001
     1211969000	     60496	8000340a	6ac9	c.lui	x21,0x12	 x21=0x00012000
     1212009000	     60498	8000340c	0219adb3	mulhsu	x27,x19,x1	 x19:0x00000001  x1:0x80003400 x27=0x00000000
     1212029000	     60499	80003410	7b14f013	andi	x0,x9,1969	  x9:0x00000000  x0=0x00000000
     1212049000	     60500	80003414	feb13317	auipc	x6,0xfeb13	  x6=0x7eb16414
     1212069000	     60501	80003418	e401	c.bnez	x8,80003420	  x8:0x00000000
     1212089000	     60502	8000341a	8eb1	c.xor	x13,x12	 x13:0x18700000 x12:0x8001fe64 x13=0x9871fe64
     1212109000	     60503	8000341c	003a0563	beq	x20,x3,80003426	 x20:0x00001f43  x3:0x80023efd
     1212129000	     60504	80003420	8aa1	c.andi	x13,8	 x13:0x9871fe64 x13=0x00000000
     1212329000	     60514	80003422	7e2dee13	ori	x28,x27,2018	 x27:0x00000000 x28=0x000007e2
     1212729000	     60534	80003426	198fa293	slti	x5,x31,408	 x31:0x7ffffffe  x5=0x00000000
     1212769000	     60536	8000342a	026d9cb3	mulh	x25,x27,x6	 x27:0x00000000  x6:0x7eb16414 x25=0x00000000
     1213809000	     60588	8000342e	03366533	rem	x10,x12,x19	 x12:0x8001fe64 x19:0x00000001 x10=0x00000000
     1213829000	     60589	80003432	01555f63	bge	x10,x21,80003450	 x10:0x00000000 x21:0x00012000
     1213869000	     60591	80003436	02db70b3	remu	x1,x22,x13	 x22:0x00000001 x13:0x00000000  x1=0x00000001
     1213889000	     60592	8000343a	320a0993	addi	x19,x20,800	 x20:0x00001f43 x19=0x00002263
     1213909000	     60593	8000343e	17607eb7	lui	x29,0x17607	 x29=0x17607000
     1213929000	     60594	80003442	01c7a6b3	slt	x13,x15,x28	 x15:0x8001fe58 x28:0x000007e2 x13=0x00000001
     1213949000	     60595	80003446	0001	c.addi	x0,0	  x0:0x00000000  x0=0x00000000
     1213989000	     60597	80003448	027a12b3	mulh	x5,x20,x7	 x20:0x00001f43  x7:0x00000000  x5=0x00000000
     1214169000	     60606	8000344c	41785c93	srai	x25,x16,0x17	 x16:0x7ffe01bd x25=0x000000ff
     1214349000	     60615	80003450	8c05	c.sub	x8,x9	  x8:0x00000000  x9:0x00000000  x8=0x00000000
     1214369000	     60616	80003452	9bfd	c.andi	x15,-1	 x15:0x8001fe58 x15=0x8001fe58
     1214389000	     60617	80003454	ffffd117	auipc	x2,0xffffd	  x2=0x80000454
     1214589000	     60627	80003458	f2a10113	addi	x2,x2,-214	  x2:0x80000454  x2=0x8000037e
     1214689000	     60632	8000345c	00010067	jalr	x0,0(x2)	  x2:0x8000037e  x0=0x00000000
     1215809000	     60688	8000037e	90000a37	lui	x20,0x90000	 x20=0x90000000
     1215829000	     60689	80000382	1a61	c.addi	x20,-8	 x20:0x90000000 x20=0x8ffffff8
     1215849000	     60690	80000384	4301	c.li	x6,0	  x6=0x00000000
     1215869000	     60691	80000386	0322	c.slli	x6,0x8	  x6:0x00000000  x6=0x00000000
     1215889000	     60692	80000388	0305	c.addi	x6,1	  x6:0x00000000  x6=0x00000001
     1216029000	     60699	8000038a	006a2023	sw	x6,0(x20)	 x20:0x8ffffff8  x6:0x00000001 PA:0x8ffffff8 store:0x00000001 load:0xffffffff
     1216049000	     60700	8000038e	00000073	ecall	
     1228129000	     61304	80002500	0800006f	jal	x0,80002580	  x0=0x00000000
     1228649000	     61330	80002580	1771	c.addi	x14,-4	 x14:0x80023ce4 x14=0x80023ce0
     1228729000	     61334	80002582	c310	c.sw	x12,0(x14)	 x14:0x80023ce0 x12:0x8001fe64 PA:0x80023ce0 store:0x8001fe64 load:0xffffffff
     1228749000	     61335	80002584	00070633	add	x12,x14,x0	 x14:0x80023ce0  x0:0x00000000 x12=0x80023ce0
     1228769000	     61336	80002588	f8060613	addi	x12,x12,-128	 x12:0x80023ce0 x12=0x80023c60
     1229129000	     61354	8000258c	00162223	sw	x1,4(x12)	 x12:0x80023c60  x1:0x00000001 PA:0x80023c64 store:0x00000001 load:0xffffffff
     1229409000	     61368	80002590	00262423	sw	x2,8(x12)	 x12:0x80023c60  x2:0x8000037e PA:0x80023c68 store:0x8000037e load:0xffffffff
     1229429000	     61369	80002594	00362623	sw	x3,12(x12)	 x12:0x80023c60  x3:0x80023efd PA:0x80023c6c store:0x80023efd load:0xffffffff
     1229589000	     61377	80002598	00462823	sw	x4,16(x12)	 x12:0x80023c60  x4:0x00000001 PA:0x80023c70 store:0x00000001 load:0xffffffff
     1229649000	     61380	8000259c	00562a23	sw	x5,20(x12)	 x12:0x80023c60  x5:0x00000000 PA:0x80023c74 store:0x00000000 load:0xffffffff
     1229689000	     61382	800025a0	00662c23	sw	x6,24(x12)	 x12:0x80023c60  x6:0x00000001 PA:0x80023c78 store:0x00000001 load:0xffffffff
     1229709000	     61383	800025a4	00762e23	sw	x7,28(x12)	 x12:0x80023c60  x7:0x00000000 PA:0x80023c7c store:0x00000000 load:0xffffffff
     1229749000	     61385	800025a8	d200	c.sw	x8,32(x12)	 x12:0x80023c60  x8:0x00000000 PA:0x80023c80 store:0x00000000 load:0xffffffff
     1229769000	     61386	800025aa	d244	c.sw	x9,36(x12)	 x12:0x80023c60  x9:0x00000000 PA:0x80023c84 store:0x00000000 load:0xffffffff
     1229869000	     61391	800025ac	d608	c.sw	x10,40(x12)	 x12:0x80023c60 x10:0x00000000 PA:0x80023c88 store:0x00000000 load:0xffffffff
     1230129000	     61404	800025ae	d64c	c.sw	x11,44(x12)	 x12:0x80023c60 x11:0x00000001 PA:0x80023c8c store:0x00000001 load:0xffffffff
     1230369000	     61416	800025b0	da10	c.sw	x12,48(x12)	 x12:0x80023c60 x12:0x80023c60 PA:0x80023c90 store:0x80023c60 load:0xffffffff
     1230749000	     61435	800025b2	da54	c.sw	x13,52(x12)	 x12:0x80023c60 x13:0x00000001 PA:0x80023c94 store:0x00000001 load:0xffffffff
     1230889000	     61442	800025b4	de18	c.sw	x14,56(x12)	 x12:0x80023c60 x14:0x80023ce0 PA:0x80023c98 store:0x80023ce0 load:0xffffffff
     1231049000	     61450	800025b6	de5c	c.sw	x15,60(x12)	 x12:0x80023c60 x15:0x8001fe58 PA:0x80023c9c store:0x8001fe58 load:0xffffffff
     1231169000	     61456	800025b8	05062023	sw	x16,64(x12)	 x12:0x80023c60 x16:0x7ffe01bd PA:0x80023ca0 store:0x7ffe01bd load:0xffffffff
     1231589000	     61477	800025bc	05162223	sw	x17,68(x12)	 x12:0x80023c60 x17:0x003e8787 PA:0x80023ca4 store:0x003e8787 load:0xffffffff
     1231649000	     61480	800025c0	05262423	sw	x18,72(x12)	 x12:0x80023c60 x18:0xffffffff PA:0x80023ca8 store:0xffffffff load:0xffffffff
     1231709000	     61483	800025c4	05362623	sw	x19,76(x12)	 x12:0x80023c60 x19:0x00002263 PA:0x80023cac store:0x00002263 load:0xffffffff
     1231949000	     61495	800025c8	05462823	sw	x20,80(x12)	 x12:0x80023c60 x20:0x8ffffff8 PA:0x80023cb0 store:0x8ffffff8 load:0xffffffff
     1232009000	     61498	800025cc	05562a23	sw	x21,84(x12)	 x12:0x80023c60 x21:0x00012000 PA:0x80023cb4 store:0x00012000 load:0xffffffff
     1232029000	     61499	800025d0	05662c23	sw	x22,88(x12)	 x12:0x80023c60 x22:0x00000001 PA:0x80023cb8 store:0x00000001 load:0xffffffff
     1232449000	     61520	800025d4	05762e23	sw	x23,92(x12)	 x12:0x80023c60 x23:0x00800000 PA:0x80023cbc store:0x00800000 load:0xffffffff
     1232509000	     61523	800025d8	07862023	sw	x24,96(x12)	 x12:0x80023c60 x24:0x00000001 PA:0x80023cc0 store:0x00000001 load:0xffffffff
     1232529000	     61524	800025dc	07962223	sw	x25,100(x12)	 x12:0x80023c60 x25:0x000000ff PA:0x80023cc4 store:0x000000ff load:0xffffffff
     1232549000	     61525	800025e0	07a62423	sw	x26,104(x12)	 x12:0x80023c60 x26:0x80003401 PA:0x80023cc8 store:0x80003401 load:0xffffffff
     1232569000	     61526	800025e4	07b62623	sw	x27,108(x12)	 x12:0x80023c60 x27:0x00000000 PA:0x80023ccc store:0x00000000 load:0xffffffff
     1232589000	     61527	800025e8	07c62823	sw	x28,112(x12)	 x12:0x80023c60 x28:0x000007e2 PA:0x80023cd0 store:0x000007e2 load:0xffffffff
     1232809000	     61538	800025ec	07d62a23	sw	x29,116(x12)	 x12:0x80023c60 x29:0x17607000 PA:0x80023cd4 store:0x17607000 load:0xffffffff
     1233009000	     61548	800025f0	07e62c23	sw	x30,120(x12)	 x12:0x80023c60 x30:0xf5e39895 PA:0x80023cd8 store:0xf5e39895 load:0xffffffff
     1233069000	     61551	800025f4	07f62e23	sw	x31,124(x12)	 x12:0x80023c60 x31:0x7ffffffe PA:0x80023cdc store:0x7ffffffe load:0xffffffff
     1233089000	     61552	800025f8	00060733	add	x14,x12,x0	 x12:0x80023c60  x0:0x00000000 x14=0x80023c60
     1233109000	     61553	800025fc	90000a37	lui	x20,0x90000	 x20=0x90000000
     1233129000	     61554	80002600	1a71	c.addi	x20,-4	 x20:0x90000000 x20=0x8ffffffc
     1233149000	     61555	80002602	4321	c.li	x6,8	  x6=0x00000008
     1233169000	     61556	80002604	0322	c.slli	x6,0x8	  x6:0x00000008  x6=0x00000800
     1233189000	     61557	80002606	00030313	addi	x6,x6,0	  x6:0x00000800  x6=0x00000800
     1233329000	     61564	8000260a	006a2023	sw	x6,0(x20)	 x20:0x8ffffffc  x6:0x00000800 PA:0x8ffffffc store:0x00000800 load:0xffffffff
     1233349000	     61565	8000260e	34102373	csrrs	x6,mepc,x0	  x0:0x00000000  x6=0x8000038e
     1233469000	     61571	80002612	34202373	csrrs	x6,mcause,x0	  x0:0x00000000  x6=0x00000008
     1233489000	     61572	80002616	4a0d	c.li	x20,3	 x20=0x00000003
     1233509000	     61573	80002618	01431463	bne	x6,x20,80002620	  x6:0x00000008 x20:0x00000003
     1234109000	     61603	80002620	4a21	c.li	x20,8	 x20=0x00000008
     1234129000	     61604	80002622	05430d63	beq	x6,x20,8000267c	  x6:0x00000008 x20:0x00000008
     1234409000	     61618	8000267c	90000a37	lui	x20,0x90000	 x20=0x90000000
     1234509000	     61623	80002680	1a71	c.addi	x20,-4	 x20:0x90000000 x20=0x8ffffffc
     1234529000	     61624	80002682	6305	c.lui	x6,0x1	  x6=0x00001000
     1234909000	     61643	80002684	b0030313	addi	x6,x6,-1280	  x6:0x00001000  x6=0x00000b00
     1234929000	     61644	80002688	0322	c.slli	x6,0x8	  x6:0x00000b00  x6=0x000b0000
     1234949000	     61645	8000268a	030d	c.addi	x6,3	  x6:0x000b0000  x6=0x000b0003
     1235309000	     61663	8000268c	006a2023	sw	x6,0(x20)	 x20:0x8ffffffc  x6:0x000b0003 PA:0x8ffffffc store:0x000b0003 load:0xffffffff
     1235369000	     61666	80002690	b0002373	csrrs	x6,mcycle,x0	  x0:0x00000000  x6=0x0000f0df
     1235589000	     61677	80002694	006a2023	sw	x6,0(x20)	 x20:0x8ffffffc  x6:0x0000f0df PA:0x8ffffffc store:0x0000f0df load:0xffffffff
     1235689000	     61682	80002698	90000a37	lui	x20,0x90000	 x20=0x90000000
     1235989000	     61697	8000269c	1a71	c.addi	x20,-4	 x20:0x90000000 x20=0x8ffffffc
     1236009000	     61698	8000269e	6305	c.lui	x6,0x1	  x6=0x00001000
     1236029000	     61699	800026a0	b8030313	addi	x6,x6,-1152	  x6:0x00001000  x6=0x00000b80
     1236049000	     61700	800026a4	0322	c.slli	x6,0x8	  x6:0x00000b80  x6=0x000b8000
     1236069000	     61701	800026a6	030d	c.addi	x6,3	  x6:0x000b8000  x6=0x000b8003
     1236529000	     61724	800026a8	006a2023	sw	x6,0(x20)	 x20:0x8ffffffc  x6:0x000b8003 PA:0x8ffffffc store:0x000b8003 load:0xffffffff
     1236549000	     61725	800026ac	b8002373	csrrs	x6,mcycleh,x0	  x0:0x00000000  x6=0x00000000
     1236629000	     61729	800026b0	006a2023	sw	x6,0(x20)	 x20:0x8ffffffc  x6:0x00000000 PA:0x8ffffffc store:0x00000000 load:0xffffffff
     1236649000	     61730	800026b4	90000a37	lui	x20,0x90000	 x20=0x90000000
     1236669000	     61731	800026b8	1a71	c.addi	x20,-4	 x20:0x90000000 x20=0x8ffffffc
     1236689000	     61732	800026ba	6305	c.lui	x6,0x1	  x6=0x00001000
     1236849000	     61740	800026bc	b0330313	addi	x6,x6,-1277	  x6:0x00001000  x6=0x00000b03
     1237209000	     61758	800026c0	0322	c.slli	x6,0x8	  x6:0x00000b03  x6=0x000b0300
     1237229000	     61759	800026c2	030d	c.addi	x6,3	  x6:0x000b0300  x6=0x000b0303
     1237409000	     61768	800026c4	006a2023	sw	x6,0(x20)	 x20:0x8ffffffc  x6:0x000b0303 PA:0x8ffffffc store:0x000b0303 load:0xffffffff
     1237429000	     61769	800026c8	b0302373	csrrs	x6,mhpmcounter3,x0	  x0:0x00000000  x6=0x000000f1
     1237609000	     61778	800026cc	006a2023	sw	x6,0(x20)	 x20:0x8ffffffc  x6:0x000000f1 PA:0x8ffffffc store:0x000000f1 load:0xffffffff
     1237629000	     61779	800026d0	90000a37	lui	x20,0x90000	 x20=0x90000000
     1237749000	     61785	800026d4	1a71	c.addi	x20,-4	 x20:0x90000000 x20=0x8ffffffc
     1237769000	     61786	800026d6	6305	c.lui	x6,0x1	  x6=0x00001000
     1237789000	     61787	800026d8	b8330313	addi	x6,x6,-1149	  x6:0x00001000  x6=0x00000b83
     1237949000	     61795	800026dc	0322	c.slli	x6,0x8	  x6:0x00000b83  x6=0x000b8300
     1237969000	     61796	800026de	030d	c.addi	x6,3	  x6:0x000b8300  x6=0x000b8303
     1238389000	     61817	800026e0	006a2023	sw	x6,0(x20)	 x20:0x8ffffffc  x6:0x000b8303 PA:0x8ffffffc store:0x000b8303 load:0xffffffff
     1238409000	     61818	800026e4	b8302373	csrrs	x6,mhpmcounter3h,x0	  x0:0x00000000  x6=0x00000000
     1238469000	     61821	800026e8	006a2023	sw	x6,0(x20)	 x20:0x8ffffffc  x6:0x00000000 PA:0x8ffffffc store:0x00000000 load:0xffffffff
     1238549000	     61825	800026ec	90000a37	lui	x20,0x90000	 x20=0x90000000
     1238929000	     61844	800026f0	1a71	c.addi	x20,-4	 x20:0x90000000 x20=0x8ffffffc
     1238949000	     61845	800026f2	6305	c.lui	x6,0x1	  x6=0x00001000
     1239089000	     61852	800026f4	b0430313	addi	x6,x6,-1276	  x6:0x00001000  x6=0x00000b04
     1239269000	     61861	800026f8	0322	c.slli	x6,0x8	  x6:0x00000b04  x6=0x000b0400
     1239289000	     61862	800026fa	030d	c.addi	x6,3	  x6:0x000b0400  x6=0x000b0403
     1239649000	     61880	800026fc	006a2023	sw	x6,0(x20)	 x20:0x8ffffffc  x6:0x000b0403 PA:0x8ffffffc store:0x000b0403 load:0xffffffff
     1239669000	     61881	80002700	b0402373	csrrs	x6,mhpmcounter4,x0	  x0:0x00000000  x6=0x00008390
     1239729000	     61884	80002704	006a2023	sw	x6,0(x20)	 x20:0x8ffffffc  x6:0x00008390 PA:0x8ffffffc store:0x00008390 load:0xffffffff
     1239749000	     61885	80002708	90000a37	lui	x20,0x90000	 x20=0x90000000
     1239769000	     61886	8000270c	1a71	c.addi	x20,-4	 x20:0x90000000 x20=0x8ffffffc
     1239789000	     61887	8000270e	6305	c.lui	x6,0x1	  x6=0x00001000
     1239809000	     61888	80002710	b8430313	addi	x6,x6,-1148	  x6:0x00001000  x6=0x00000b84
     1239829000	     61889	80002714	0322	c.slli	x6,0x8	  x6:0x00000b84  x6=0x000b8400
     1239849000	     61890	80002716	030d	c.addi	x6,3	  x6:0x000b8400  x6=0x000b8403
     1240009000	     61898	80002718	006a2023	sw	x6,0(x20)	 x20:0x8ffffffc  x6:0x000b8403 PA:0x8ffffffc store:0x000b8403 load:0xffffffff
     1240029000	     61899	8000271c	b8402373	csrrs	x6,mhpmcounter4h,x0	  x0:0x00000000  x6=0x00000000
     1240089000	     61902	80002720	006a2023	sw	x6,0(x20)	 x20:0x8ffffffc  x6:0x00000000 PA:0x8ffffffc store:0x00000000 load:0xffffffff
     1240109000	     61903	80002724	90000a37	lui	x20,0x90000	 x20=0x90000000
     1240249000	     61910	80002728	1a71	c.addi	x20,-4	 x20:0x90000000 x20=0x8ffffffc
     1240269000	     61911	8000272a	6305	c.lui	x6,0x1	  x6=0x00001000
     1240289000	     61912	8000272c	b0530313	addi	x6,x6,-1275	  x6:0x00001000  x6=0x00000b05
     1240309000	     61913	80002730	0322	c.slli	x6,0x8	  x6:0x00000b05  x6=0x000b0500
     1240329000	     61914	80002732	030d	c.addi	x6,3	  x6:0x000b0500  x6=0x000b0503
     1240469000	     61921	80002734	006a2023	sw	x6,0(x20)	 x20:0x8ffffffc  x6:0x000b0503 PA:0x8ffffffc store:0x000b0503 load:0xffffffff
     1240729000	     61934	80002738	b0502373	csrrs	x6,mhpmcounter5,x0	  x0:0x00000000  x6=0x00000005
     1241329000	     61964	8000273c	006a2023	sw	x6,0(x20)	 x20:0x8ffffffc  x6:0x00000005 PA:0x8ffffffc store:0x00000005 load:0xffffffff
     1241349000	     61965	80002740	90000a37	lui	x20,0x90000	 x20=0x90000000
     1241369000	     61966	80002744	1a71	c.addi	x20,-4	 x20:0x90000000 x20=0x8ffffffc
     1241389000	     61967	80002746	6305	c.lui	x6,0x1	  x6=0x00001000
     1241429000	     61969	80002748	b8530313	addi	x6,x6,-1147	  x6:0x00001000  x6=0x00000b85
     1241449000	     61970	8000274c	0322	c.slli	x6,0x8	  x6:0x00000b85  x6=0x000b8500
     1241469000	     61971	8000274e	030d	c.addi	x6,3	  x6:0x000b8500  x6=0x000b8503
     1241669000	     61981	80002750	006a2023	sw	x6,0(x20)	 x20:0x8ffffffc  x6:0x000b8503 PA:0x8ffffffc store:0x000b8503 load:0xffffffff
     1241769000	     61986	80002754	b8502373	csrrs	x6,mhpmcounter5h,x0	  x0:0x00000000  x6=0x00000000
     1242029000	     61999	80002758	006a2023	sw	x6,0(x20)	 x20:0x8ffffffc  x6:0x00000000 PA:0x8ffffffc store:0x00000000 load:0xffffffff
     1242109000	     62003	8000275c	90000a37	lui	x20,0x90000	 x20=0x90000000
     1242209000	     62008	80002760	1a71	c.addi	x20,-4	 x20:0x90000000 x20=0x8ffffffc
     1242229000	     62009	80002762	6305	c.lui	x6,0x1	  x6=0x00001000
     1242329000	     62014	80002764	b0630313	addi	x6,x6,-1274	  x6:0x00001000  x6=0x00000b06
     1242349000	     62015	80002768	0322	c.slli	x6,0x8	  x6:0x00000b06  x6=0x000b0600
     1242369000	     62016	8000276a	030d	c.addi	x6,3	  x6:0x000b0600  x6=0x000b0603
     1242949000	     62045	8000276c	006a2023	sw	x6,0(x20)	 x20:0x8ffffffc  x6:0x000b0603 PA:0x8ffffffc store:0x000b0603 load:0xffffffff
     1242969000	     62046	80002770	b0602373	csrrs	x6,mhpmcounter6,x0	  x0:0x00000000  x6=0x0000003d
     1243069000	     62051	80002774	006a2023	sw	x6,0(x20)	 x20:0x8ffffffc  x6:0x0000003d PA:0x8ffffffc store:0x0000003d load:0xffffffff
     1243089000	     62052	80002778	90000a37	lui	x20,0x90000	 x20=0x90000000
     1243109000	     62053	8000277c	1a71	c.addi	x20,-4	 x20:0x90000000 x20=0x8ffffffc
     1243129000	     62054	8000277e	6305	c.lui	x6,0x1	  x6=0x00001000
     1243229000	     62059	80002780	b8630313	addi	x6,x6,-1146	  x6:0x00001000  x6=0x00000b86
     1243649000	     62080	80002784	0322	c.slli	x6,0x8	  x6:0x00000b86  x6=0x000b8600
     1243669000	     62081	80002786	030d	c.addi	x6,3	  x6:0x000b8600  x6=0x000b8603
     1243869000	     62091	80002788	006a2023	sw	x6,0(x20)	 x20:0x8ffffffc  x6:0x000b8603 PA:0x8ffffffc store:0x000b8603 load:0xffffffff
     1243889000	     62092	8000278c	b8602373	csrrs	x6,mhpmcounter6h,x0	  x0:0x00000000  x6=0x00000000
     1244369000	     62116	80002790	006a2023	sw	x6,0(x20)	 x20:0x8ffffffc  x6:0x00000000 PA:0x8ffffffc store:0x00000000 load:0xffffffff
     1244389000	     62117	80002794	90000a37	lui	x20,0x90000	 x20=0x90000000
     1244409000	     62118	80002798	1a71	c.addi	x20,-4	 x20:0x90000000 x20=0x8ffffffc
     1244429000	     62119	8000279a	6305	c.lui	x6,0x1	  x6=0x00001000
     1244449000	     62120	8000279c	b0730313	addi	x6,x6,-1273	  x6:0x00001000  x6=0x00000b07
     1244469000	     62121	800027a0	0322	c.slli	x6,0x8	  x6:0x00000b07  x6=0x000b0700
     1244489000	     62122	800027a2	030d	c.addi	x6,3	  x6:0x000b0700  x6=0x000b0703
     1244549000	     62125	800027a4	006a2023	sw	x6,0(x20)	 x20:0x8ffffffc  x6:0x000b0703 PA:0x8ffffffc store:0x000b0703 load:0xffffffff
     1244929000	     62144	800027a8	b0702373	csrrs	x6,mhpmcounter7,x0	  x0:0x00000000  x6=0x000007a0
     1245109000	     62153	800027ac	006a2023	sw	x6,0(x20)	 x20:0x8ffffffc  x6:0x000007a0 PA:0x8ffffffc store:0x000007a0 load:0xffffffff
     1245129000	     62154	800027b0	90000a37	lui	x20,0x90000	 x20=0x90000000
     1245149000	     62155	800027b4	1a71	c.addi	x20,-4	 x20:0x90000000 x20=0x8ffffffc
     1245169000	     62156	800027b6	6305	c.lui	x6,0x1	  x6=0x00001000
     1245189000	     62157	800027b8	b8730313	addi	x6,x6,-1145	  x6:0x00001000  x6=0x00000b87
     1245209000	     62158	800027bc	0322	c.slli	x6,0x8	  x6:0x00000b87  x6=0x000b8700
     1245229000	     62159	800027be	030d	c.addi	x6,3	  x6:0x000b8700  x6=0x000b8703
     1245649000	     62180	800027c0	006a2023	sw	x6,0(x20)	 x20:0x8ffffffc  x6:0x000b8703 PA:0x8ffffffc store:0x000b8703 load:0xffffffff
     1245669000	     62181	800027c4	b8702373	csrrs	x6,mhpmcounter7h,x0	  x0:0x00000000  x6=0x00000000
     1245869000	     62191	800027c8	006a2023	sw	x6,0(x20)	 x20:0x8ffffffc  x6:0x00000000 PA:0x8ffffffc store:0x00000000 load:0xffffffff
     1245909000	     62193	800027cc	90000a37	lui	x20,0x90000	 x20=0x90000000
     1245929000	     62194	800027d0	1a71	c.addi	x20,-4	 x20:0x90000000 x20=0x8ffffffc
     1245949000	     62195	800027d2	6305	c.lui	x6,0x1	  x6=0x00001000
     1245969000	     62196	800027d4	b0830313	addi	x6,x6,-1272	  x6:0x00001000  x6=0x00000b08
     1246389000	     62217	800027d8	0322	c.slli	x6,0x8	  x6:0x00000b08  x6=0x000b0800
     1246409000	     62218	800027da	030d	c.addi	x6,3	  x6:0x000b0800  x6=0x000b0803
     1246569000	     62226	800027dc	006a2023	sw	x6,0(x20)	 x20:0x8ffffffc  x6:0x000b0803 PA:0x8ffffffc store:0x000b0803 load:0xffffffff
     1246589000	     62227	800027e0	b0802373	csrrs	x6,mhpmcounter8,x0	  x0:0x00000000  x6=0x000001d3
     1246689000	     62232	800027e4	006a2023	sw	x6,0(x20)	 x20:0x8ffffffc  x6:0x000001d3 PA:0x8ffffffc store:0x000001d3 load:0xffffffff
     1246889000	     62242	800027e8	90000a37	lui	x20,0x90000	 x20=0x90000000
     1246909000	     62243	800027ec	1a71	c.addi	x20,-4	 x20:0x90000000 x20=0x8ffffffc
     1246929000	     62244	800027ee	6305	c.lui	x6,0x1	  x6=0x00001000
     1246949000	     62245	800027f0	b8830313	addi	x6,x6,-1144	  x6:0x00001000  x6=0x00000b88
     1246969000	     62246	800027f4	0322	c.slli	x6,0x8	  x6:0x00000b88  x6=0x000b8800
     1246989000	     62247	800027f6	030d	c.addi	x6,3	  x6:0x000b8800  x6=0x000b8803
     1247049000	     62250	800027f8	006a2023	sw	x6,0(x20)	 x20:0x8ffffffc  x6:0x000b8803 PA:0x8ffffffc store:0x000b8803 load:0xffffffff
     1247069000	     62251	800027fc	b8802373	csrrs	x6,mhpmcounter8h,x0	  x0:0x00000000  x6=0x00000000
     1247589000	     62277	80002800	006a2023	sw	x6,0(x20)	 x20:0x8ffffffc  x6:0x00000000 PA:0x8ffffffc store:0x00000000 load:0xffffffff
     1247609000	     62278	80002804	90000a37	lui	x20,0x90000	 x20=0x90000000
     1247929000	     62294	80002808	1a71	c.addi	x20,-4	 x20:0x90000000 x20=0x8ffffffc
     1247949000	     62295	8000280a	6305	c.lui	x6,0x1	  x6=0x00001000
     1247969000	     62296	8000280c	b0930313	addi	x6,x6,-1271	  x6:0x00001000  x6=0x00000b09
     1248209000	     62308	80002810	0322	c.slli	x6,0x8	  x6:0x00000b09  x6=0x000b0900
     1274729000	     63634	80002812	030d	c.addi	x6,3	  x6:0x000b0900  x6=0x000b0903
     1274789000	     63637	80002814	006a2023	sw	x6,0(x20)	 x20:0x8ffffffc  x6:0x000b0903 PA:0x8ffffffc store:0x000b0903 load:0xffffffff
     1274809000	     63638	80002818	b0902373	csrrs	x6,mhpmcounter9,x0	  x0:0x00000000  x6=0x000000ef
     1274829000	     63639	8000281c	006a2023	sw	x6,0(x20)	 x20:0x8ffffffc  x6:0x000000ef PA:0x8ffffffc store:0x000000ef load:0xffffffff
     1274849000	     63640	80002820	90000a37	lui	x20,0x90000	 x20=0x90000000
     1274869000	     63641	80002824	1a71	c.addi	x20,-4	 x20:0x90000000 x20=0x8ffffffc
     1274889000	     63642	80002826	6305	c.lui	x6,0x1	  x6=0x00001000
     1275269000	     63661	80002828	b8930313	addi	x6,x6,-1143	  x6:0x00001000  x6=0x00000b89
     1275289000	     63662	8000282c	0322	c.slli	x6,0x8	  x6:0x00000b89  x6=0x000b8900
     1275309000	     63663	8000282e	030d	c.addi	x6,3	  x6:0x000b8900  x6=0x000b8903
     1275849000	     63690	80002830	006a2023	sw	x6,0(x20)	 x20:0x8ffffffc  x6:0x000b8903 PA:0x8ffffffc store:0x000b8903 load:0xffffffff
     1275869000	     63691	80002834	b8902373	csrrs	x6,mhpmcounter9h,x0	  x0:0x00000000  x6=0x00000000
     1276309000	     63713	80002838	006a2023	sw	x6,0(x20)	 x20:0x8ffffffc  x6:0x00000000 PA:0x8ffffffc store:0x00000000 load:0xffffffff
     1276329000	     63714	8000283c	90000a37	lui	x20,0x90000	 x20=0x90000000
     1276709000	     63733	80002840	1a71	c.addi	x20,-4	 x20:0x90000000 x20=0x8ffffffc
     1276729000	     63734	80002842	6305	c.lui	x6,0x1	  x6=0x00001000
     1276749000	     63735	80002844	b0a30313	addi	x6,x6,-1270	  x6:0x00001000  x6=0x00000b0a
     1276769000	     63736	80002848	0322	c.slli	x6,0x8	  x6:0x00000b0a  x6=0x000b0a00
     1276789000	     63737	8000284a	030d	c.addi	x6,3	  x6:0x000b0a00  x6=0x000b0a03
     1276849000	     63740	8000284c	006a2023	sw	x6,0(x20)	 x20:0x8ffffffc  x6:0x000b0a03 PA:0x8ffffffc store:0x000b0a03 load:0xffffffff
     1277029000	     63749	80002850	b0a02373	csrrs	x6,mhpmcounter10,x0	  x0:0x00000000  x6=0x0000095c
