Time	Cycle	PC	Insn	Decoded instruction	Register and memory contents
        8582000	       327	80000080	40001db7	lui	x27,0x40001	 x27=0x40001000
        8602000	       328	80000084	106d8d93	addi	x27,x27,262	 x27:0x40001000 x27=0x40001106
        8742000	       335	80000088	301d9073	csrrw	x0,misa,x27	 x27:0x40001106  x0=0x00000000
        9162000	       356	8000008c	00026697	auipc	x13,0x26	 x13=0x8002608c
        9182000	       357	80000090	c5868693	addi	x13,x13,-936	 x13:0x8002608c x13=0x80025ce4
        9382000	       367	80000094	00002d97	auipc	x27,0x2	 x27=0x80002094
        9402000	       368	80000098	66cd8d93	addi	x27,x27,1644	 x27:0x80002094 x27=0x80002700
        9422000	       369	8000009c	001ded93	ori	x27,x27,1	 x27:0x80002700 x27=0x80002701
        9842000	       390	800000a0	305d9073	csrrw	x0,mtvec,x27	 x27:0x80002701  x0=0x00000000
        9902000	       393	800000a4	74725073	csrrwi	x0,0x747,4	  x0=0x00000000
        9962000	       396	800000a8	00003597	auipc	x11,0x3	 x11=0x800030a8
       10002000	       398	800000ac	41458593	addi	x11,x11,1044	 x11:0x800030a8 x11=0x800034bc
       10422000	       419	800000b0	4d81	c.li	x27,0	 x27=0x00000000
       10442000	       420	800000b2	95ee	c.add	x11,x27	 x11:0x800034bc x27:0x00000000 x11=0x800034bc
       10462000	       421	800000b4	8189	c.srli	x11,0x2	 x11:0x800034bc x11=0x20000d2f
       10522000	       424	800000b6	3b059073	csrrw	x0,pmpaddr0,x11	 x11:0x20000d2f  x0=0x00000000
       10702000	       433	800000ba	00003597	auipc	x11,0x3	 x11=0x800030ba
       10722000	       434	800000be	40258593	addi	x11,x11,1026	 x11:0x800030ba x11=0x800034bc
       10822000	       439	800000c2	11111db7	lui	x27,0x11111	 x27=0x11111000
       10862000	       441	800000c6	111d8d93	addi	x27,x27,273	 x27:0x11111000 x27=0x11111111
       10882000	       442	800000ca	95ee	c.add	x11,x27	 x11:0x800034bc x27:0x11111111 x11=0x911145cd
       10902000	       443	800000cc	8189	c.srli	x11,0x2	 x11:0x911145cd x11=0x24445173
       11242000	       460	800000ce	3b159073	csrrw	x0,pmpaddr1,x11	 x11:0x24445173  x0=0x00000000
       11322000	       464	800000d2	00003597	auipc	x11,0x3	 x11=0x800030d2
       11342000	       465	800000d6	3ea58593	addi	x11,x11,1002	 x11:0x800030d2 x11=0x800034bc
       11762000	       486	800000da	22222db7	lui	x27,0x22222	 x27=0x22222000
       11782000	       487	800000de	222d8d93	addi	x27,x27,546	 x27:0x22222000 x27=0x22222222
       11802000	       488	800000e2	95ee	c.add	x11,x27	 x11:0x800034bc x27:0x22222222 x11=0xa22256de
       11822000	       489	800000e4	8189	c.srli	x11,0x2	 x11:0xa22256de x11=0x288895b7
       11842000	       490	800000e6	3b259073	csrrw	x0,pmpaddr2,x11	 x11:0x288895b7  x0=0x00000000
       11902000	       493	800000ea	00003597	auipc	x11,0x3	 x11=0x800030ea
       12142000	       505	800000ee	3d258593	addi	x11,x11,978	 x11:0x800030ea x11=0x800034bc
       12182000	       507	800000f2	33333db7	lui	x27,0x33333	 x27=0x33333000
       12202000	       508	800000f6	333d8d93	addi	x27,x27,819	 x27:0x33333000 x27=0x33333333
       12222000	       509	800000fa	95ee	c.add	x11,x27	 x11:0x800034bc x27:0x33333333 x11=0xb33367ef
       12242000	       510	800000fc	8189	c.srli	x11,0x2	 x11:0xb33367ef x11=0x2cccd9fb
       12422000	       519	800000fe	3b359073	csrrw	x0,pmpaddr3,x11	 x11:0x2cccd9fb  x0=0x00000000
       12482000	       522	80000102	0f0f15b7	lui	x11,0xf0f1	 x11=0x0f0f1000
       12502000	       523	80000106	f0f58593	addi	x11,x11,-241	 x11:0x0f0f1000 x11=0x0f0f0f0f
       12542000	       525	8000010a	3a059073	csrrw	x0,pmpcfg0,x11	 x11:0x0f0f0f0f  x0=0x00000000
       12622000	       529	8000010e	00003597	auipc	x11,0x3	 x11=0x8000310e
       12642000	       530	80000112	3ae58593	addi	x11,x11,942	 x11:0x8000310e x11=0x800034bc
       13062000	       551	80000116	44444db7	lui	x27,0x44444	 x27=0x44444000
       13222000	       559	8000011a	444d8d93	addi	x27,x27,1092	 x27:0x44444000 x27=0x44444444
       13242000	       560	8000011e	95ee	c.add	x11,x27	 x11:0x800034bc x27:0x44444444 x11=0xc4447900
       13322000	       564	80000120	8189	c.srli	x11,0x2	 x11:0xc4447900 x11=0x31111e40
       13342000	       565	80000122	3b459073	csrrw	x0,pmpaddr4,x11	 x11:0x31111e40  x0=0x00000000
       13762000	       586	80000126	00003597	auipc	x11,0x3	 x11=0x80003126
       13782000	       587	8000012a	39658593	addi	x11,x11,918	 x11:0x80003126 x11=0x800034bc
       14202000	       608	8000012e	55555db7	lui	x27,0x55555	 x27=0x55555000
       14502000	       623	80000132	555d8d93	addi	x27,x27,1365	 x27:0x55555000 x27=0x55555555
       14522000	       624	80000136	95ee	c.add	x11,x27	 x11:0x800034bc x27:0x55555555 x11=0xd5558a11
       14542000	       625	80000138	8189	c.srli	x11,0x2	 x11:0xd5558a11 x11=0x35556284
       14942000	       645	8000013a	3b559073	csrrw	x0,pmpaddr5,x11	 x11:0x35556284  x0=0x00000000
       15002000	       648	8000013e	00003597	auipc	x11,0x3	 x11=0x8000313e
       15022000	       649	80000142	37e58593	addi	x11,x11,894	 x11:0x8000313e x11=0x800034bc
       15142000	       655	80000146	66666db7	lui	x27,0x66666	 x27=0x66666000
       15242000	       660	8000014a	666d8d93	addi	x27,x27,1638	 x27:0x66666000 x27=0x66666666
       15262000	       661	8000014e	95ee	c.add	x11,x27	 x11:0x800034bc x27:0x66666666 x11=0xe6669b22
       15402000	       668	80000150	8189	c.srli	x11,0x2	 x11:0xe6669b22 x11=0x3999a6c8
       15422000	       669	80000152	3b659073	csrrw	x0,pmpaddr6,x11	 x11:0x3999a6c8  x0=0x00000000
       15482000	       672	80000156	00003597	auipc	x11,0x3	 x11=0x80003156
       15862000	       691	8000015a	36658593	addi	x11,x11,870	 x11:0x80003156 x11=0x800034bc
       15882000	       692	8000015e	77777db7	lui	x27,0x77777	 x27=0x77777000
       16302000	       713	80000162	777d8d93	addi	x27,x27,1911	 x27:0x77777000 x27=0x77777777
       16322000	       714	80000166	95ee	c.add	x11,x27	 x11:0x800034bc x27:0x77777777 x11=0xf777ac33
       16342000	       715	80000168	8189	c.srli	x11,0x2	 x11:0xf777ac33 x11=0x3dddeb0c
       16502000	       723	8000016a	3b759073	csrrw	x0,pmpaddr7,x11	 x11:0x3dddeb0c  x0=0x00000000
       16622000	       729	8000016e	0f0f15b7	lui	x11,0xf0f1	 x11=0x0f0f1000
       16982000	       747	80000172	f0f58593	addi	x11,x11,-241	 x11:0x0f0f1000 x11=0x0f0f0f0f
       17022000	       749	80000176	3a159073	csrrw	x0,pmpcfg1,x11	 x11:0x0f0f0f0f  x0=0x00000000
       17442000	       770	8000017a	00003597	auipc	x11,0x3	 x11=0x8000317a
       17742000	       785	8000017e	34258593	addi	x11,x11,834	 x11:0x8000317a x11=0x800034bc
       17762000	       786	80000182	88889db7	lui	x27,0x88889	 x27=0x88889000
       17782000	       787	80000186	888d8d93	addi	x27,x27,-1912	 x27:0x88889000 x27=0x88888888
       17802000	       788	8000018a	95ee	c.add	x11,x27	 x11:0x800034bc x27:0x88888888 x11=0x0888bd44
       17822000	       789	8000018c	8189	c.srli	x11,0x2	 x11:0x0888bd44 x11=0x02222f51
       17842000	       790	8000018e	3b859073	csrrw	x0,pmpaddr8,x11	 x11:0x02222f51  x0=0x00000000
       17922000	       794	80000192	00003597	auipc	x11,0x3	 x11=0x80003192
       18382000	       817	80000196	32a58593	addi	x11,x11,810	 x11:0x80003192 x11=0x800034bc
       18402000	       818	8000019a	9999adb7	lui	x27,0x9999a	 x27=0x9999a000
       18582000	       827	8000019e	999d8d93	addi	x27,x27,-1639	 x27:0x9999a000 x27=0x99999999
       18602000	       828	800001a2	95ee	c.add	x11,x27	 x11:0x800034bc x27:0x99999999 x11=0x1999ce55
       18982000	       847	800001a4	8189	c.srli	x11,0x2	 x11:0x1999ce55 x11=0x06667395
       19002000	       848	800001a6	3b959073	csrrw	x0,pmpaddr9,x11	 x11:0x06667395  x0=0x00000000
       19082000	       852	800001aa	00003597	auipc	x11,0x3	 x11=0x800031aa
       19322000	       864	800001ae	31258593	addi	x11,x11,786	 x11:0x800031aa x11=0x800034bc
       19462000	       871	800001b2	aaaabdb7	lui	x27,0xaaaab	 x27=0xaaaab000
       19482000	       872	800001b6	aaad8d93	addi	x27,x27,-1366	 x27:0xaaaab000 x27=0xaaaaaaaa
       19502000	       873	800001ba	95ee	c.add	x11,x27	 x11:0x800034bc x27:0xaaaaaaaa x11=0x2aaadf66
       19542000	       875	800001bc	8189	c.srli	x11,0x2	 x11:0x2aaadf66 x11=0x0aaab7d9
       19562000	       876	800001be	3ba59073	csrrw	x0,pmpaddr10,x11	 x11:0x0aaab7d9  x0=0x00000000
       19742000	       885	800001c2	00003597	auipc	x11,0x3	 x11=0x800031c2
       20162000	       906	800001c6	2fa58593	addi	x11,x11,762	 x11:0x800031c2 x11=0x800034bc
       20182000	       907	800001ca	bbbbcdb7	lui	x27,0xbbbbc	 x27=0xbbbbc000
       20202000	       908	800001ce	bbbd8d93	addi	x27,x27,-1093	 x27:0xbbbbc000 x27=0xbbbbbbbb
       20222000	       909	800001d2	95ee	c.add	x11,x27	 x11:0x800034bc x27:0xbbbbbbbb x11=0x3bbbf077
       20282000	       912	800001d4	8189	c.srli	x11,0x2	 x11:0x3bbbf077 x11=0x0eeefc1d
       20302000	       913	800001d6	3bb59073	csrrw	x0,pmpaddr11,x11	 x11:0x0eeefc1d  x0=0x00000000
       20382000	       917	800001da	0f0f15b7	lui	x11,0xf0f1	 x11=0x0f0f1000
       20402000	       918	800001de	f0f58593	addi	x11,x11,-241	 x11:0x0f0f1000 x11=0x0f0f0f0f
       20422000	       919	800001e2	3a259073	csrrw	x0,pmpcfg2,x11	 x11:0x0f0f0f0f  x0=0x00000000
       20482000	       922	800001e6	00003597	auipc	x11,0x3	 x11=0x800031e6
       20502000	       923	800001ea	2d658593	addi	x11,x11,726	 x11:0x800031e6 x11=0x800034bc
       20642000	       930	800001ee	ccccddb7	lui	x27,0xccccd	 x27=0xccccd000
       20802000	       938	800001f2	cccd8d93	addi	x27,x27,-820	 x27:0xccccd000 x27=0xcccccccc
       20822000	       939	800001f6	95ee	c.add	x11,x27	 x11:0x800034bc x27:0xcccccccc x11=0x4ccd0188
       20842000	       940	800001f8	8189	c.srli	x11,0x2	 x11:0x4ccd0188 x11=0x13334062
       20862000	       941	800001fa	3bc59073	csrrw	x0,pmpaddr12,x11	 x11:0x13334062  x0=0x00000000
       20922000	       944	800001fe	00003597	auipc	x11,0x3	 x11=0x800031fe
       20982000	       947	80000202	2be58593	addi	x11,x11,702	 x11:0x800031fe x11=0x800034bc
       21062000	       951	80000206	ddddedb7	lui	x27,0xdddde	 x27=0xdddde000
       21382000	       967	8000020a	dddd8d93	addi	x27,x27,-547	 x27:0xdddde000 x27=0xdddddddd
       21402000	       968	8000020e	95ee	c.add	x11,x27	 x11:0x800034bc x27:0xdddddddd x11=0x5dde1299
       21422000	       969	80000210	8189	c.srli	x11,0x2	 x11:0x5dde1299 x11=0x177784a6
       21742000	       985	80000212	3bd59073	csrrw	x0,pmpaddr13,x11	 x11:0x177784a6  x0=0x00000000
       21962000	       996	80000216	00003597	auipc	x11,0x3	 x11=0x80003216
       21982000	       997	8000021a	2a658593	addi	x11,x11,678	 x11:0x80003216 x11=0x800034bc
       22402000	      1018	8000021e	eeeefdb7	lui	x27,0xeeeef	 x27=0xeeeef000
       22462000	      1021	80000222	eeed8d93	addi	x27,x27,-274	 x27:0xeeeef000 x27=0xeeeeeeee
       22482000	      1022	80000226	95ee	c.add	x11,x27	 x11:0x800034bc x27:0xeeeeeeee x11=0x6eef23aa
       22542000	      1025	80000228	8189	c.srli	x11,0x2	 x11:0x6eef23aa x11=0x1bbbc8ea
       22622000	      1029	8000022a	3be59073	csrrw	x0,pmpaddr14,x11	 x11:0x1bbbc8ea  x0=0x00000000
       22682000	      1032	8000022e	00003597	auipc	x11,0x3	 x11=0x8000322e
       22842000	      1040	80000232	28e58593	addi	x11,x11,654	 x11:0x8000322e x11=0x800034bc
       22922000	      1044	80000236	fff00d93	addi	x27,x0,-1	  x0:0x00000000 x27=0xffffffff
       22942000	      1045	8000023a	95ee	c.add	x11,x27	 x11:0x800034bc x27:0xffffffff x11=0x800034bb
       23342000	      1065	8000023c	8189	c.srli	x11,0x2	 x11:0x800034bb x11=0x20000d2e
       23362000	      1066	8000023e	3bf59073	csrrw	x0,pmpaddr15,x11	 x11:0x20000d2e  x0=0x00000000
       23422000	      1069	80000242	0f0f15b7	lui	x11,0xf0f1	 x11=0x0f0f1000
       23562000	      1076	80000246	f0f58593	addi	x11,x11,-241	 x11:0x0f0f1000 x11=0x0f0f0f0f
       23582000	      1077	8000024a	3a359073	csrrw	x0,pmpcfg3,x11	 x11:0x0f0f0f0f  x0=0x00000000
       23982000	      1097	8000024e	00000d97	auipc	x27,0x0	 x27=0x8000024e
       24002000	      1098	80000252	060d8d93	addi	x27,x27,96	 x27:0x8000024e x27=0x800002ae
       24022000	      1099	80000256	341d9073	csrrw	x0,mepc,x27	 x27:0x800002ae  x0=0x00000000
       24442000	      1120	8000025a	7c00d073	csrrwi	x0,0x7c0,1	  x0=0x00000000
       24502000	      1123	8000025e	4d81	c.li	x27,0	 x27=0x00000000
       24522000	      1124	80000260	300d9073	csrrw	x0,mstatus,x27	 x27:0x00000000  x0=0x00000000
       24882000	      1142	80000264	4d81	c.li	x27,0	 x27=0x00000000
       24902000	      1143	80000266	304d9073	csrrw	x0,mie,x27	 x27:0x00000000  x0=0x00000000
       24962000	      1146	8000026a	90000d37	lui	x26,0x90000	 x26=0x90000000
       24982000	      1147	8000026e	1d71	c.addi	x26,-4	 x26:0x90000000 x26=0x8ffffffc
       25022000	      1149	80000270	90000d37	lui	x26,0x90000	 x26=0x90000000
       25402000	      1168	80000274	1d71	c.addi	x26,-4	 x26:0x90000000 x26=0x8ffffffc
       25422000	      1169	80000276	90000d37	lui	x26,0x90000	 x26=0x90000000
       25442000	      1170	8000027a	1d71	c.addi	x26,-4	 x26:0x90000000 x26=0x8ffffffc
       25462000	      1171	8000027c	30000d93	addi	x27,x0,768	  x0:0x00000000 x27=0x00000300
       25482000	      1172	80000280	0da2	c.slli	x27,0x8	 x27:0x00000300 x27=0x00030000
       25502000	      1173	80000282	0d8d	c.addi	x27,3	 x27:0x00030000 x27=0x00030003
       25962000	      1196	80000284	01bd2023	sw	x27,0(x26)	 x26:0x8ffffffc x27:0x00030003 PA:0x8ffffffc store:0x00030003 load:0xffffffff
       25982000	      1197	80000288	30002df3	csrrs	x27,mstatus,x0	  x0:0x00000000 x27=0x00000000
       26442000	      1220	8000028c	01bd2023	sw	x27,0(x26)	 x26:0x8ffffffc x27:0x00000000 PA:0x8ffffffc store:0x00000000 load:0xffffffff
       26462000	      1221	80000290	90000d37	lui	x26,0x90000	 x26=0x90000000
       26482000	      1222	80000294	1d71	c.addi	x26,-4	 x26:0x90000000 x26=0x8ffffffc
       26502000	      1223	80000296	30400d93	addi	x27,x0,772	  x0:0x00000000 x27=0x00000304
       26522000	      1224	8000029a	0da2	c.slli	x27,0x8	 x27:0x00000304 x27=0x00030400
       26542000	      1225	8000029c	0d8d	c.addi	x27,3	 x27:0x00030400 x27=0x00030403
       26602000	      1228	8000029e	01bd2023	sw	x27,0(x26)	 x26:0x8ffffffc x27:0x00030403 PA:0x8ffffffc store:0x00030403 load:0xffffffff
       26622000	      1229	800002a2	30402df3	csrrs	x27,mie,x0	  x0:0x00000000 x27=0x00000000
       26842000	      1240	800002a6	01bd2023	sw	x27,0(x26)	 x26:0x8ffffffc x27:0x00000000 PA:0x8ffffffc store:0x00000000 load:0xffffffff
       26862000	      1241	800002aa	30200073	mret	
       27382000	      1267	800002ae	00100013	addi	x0,x0,1	  x0:0x00000000  x0=0x00000000
       27402000	      1268	800002b2	49ecc0b7	lui	x1,0x49ecc	  x1=0x49ecc000
       27422000	      1269	800002b6	08708093	addi	x1,x1,135	  x1:0x49ecc000  x1=0x49ecc087
       27442000	      1270	800002ba	4101	c.li	x2,0	  x2=0x00000000
       27462000	      1271	800002bc	800001b7	lui	x3,0x80000	  x3=0x80000000
       27482000	      1272	800002c0	80000237	lui	x4,0x80000	  x4=0x80000000
       27582000	      1277	800002c4	4281	c.li	x5,0	  x5=0x00000000
       27602000	      1278	800002c6	80000337	lui	x6,0x80000	  x6=0x80000000
       27622000	      1279	800002ca	800003b7	lui	x7,0x80000	  x7=0x80000000
       27642000	      1280	800002ce	4435	c.li	x8,13	  x8=0x0000000d
       27822000	      1289	800002d0	f3c464b7	lui	x9,0xf3c46	  x9=0xf3c46000
       27842000	      1290	800002d4	49248493	addi	x9,x9,1170	  x9:0xf3c46000  x9=0xf3c46492
       28242000	      1310	800002d8	7db24537	lui	x10,0x7db24	 x10=0x7db24000
       28262000	      1311	800002dc	02d50513	addi	x10,x10,45	 x10:0x7db24000 x10=0x7db2402d
       28282000	      1312	800002e0	f1e8b5b7	lui	x11,0xf1e8b	 x11=0xf1e8b000
       28382000	      1317	800002e4	1fd58593	addi	x11,x11,509	 x11:0xf1e8b000 x11=0xf1e8b1fd
       28422000	      1319	800002e8	ea41f637	lui	x12,0xea41f	 x12=0xea41f000
       28782000	      1337	800002ec	80f60613	addi	x12,x12,-2033	 x12:0xea41f000 x12=0xea41e80f
       28802000	      1338	800002f0	4715	c.li	x14,5	 x14=0x00000005
       28822000	      1339	800002f2	4781	c.li	x15,0	 x15=0x00000000
       29122000	      1354	800002f4	80000837	lui	x16,0x80000	 x16=0x80000000
       29502000	      1373	800002f8	800008b7	lui	x17,0x80000	 x17=0x80000000
       29522000	      1374	800002fc	80000937	lui	x18,0x80000	 x18=0x80000000
       29562000	      1376	80000300	247fa9b7	lui	x19,0x247fa	 x19=0x247fa000
       29922000	      1394	80000304	13498993	addi	x19,x19,308	 x19:0x247fa000 x19=0x247fa134
       30022000	      1399	80000308	80000a37	lui	x20,0x80000	 x20=0x80000000
       30042000	      1400	8000030c	3377aab7	lui	x21,0x3377a	 x21=0x3377a000
       30062000	      1401	80000310	6b3a8a93	addi	x21,x21,1715	 x21:0x3377a000 x21=0x3377a6b3
       30122000	      1404	80000314	4b39	c.li	x22,14	 x22=0x0000000e
       30142000	      1405	80000316	80000c37	lui	x24,0x80000	 x24=0x80000000
       30162000	      1406	8000031a	e4118cb7	lui	x25,0xe4118	 x25=0xe4118000
       30362000	      1416	8000031e	4b0c8c93	addi	x25,x25,1200	 x25:0xe4118000 x25=0xe41184b0
       30682000	      1432	80000322	ff8e3d37	lui	x26,0xff8e3	 x26=0xff8e3000
       30742000	      1435	80000326	42dd0d13	addi	x26,x26,1069	 x26:0xff8e3000 x26=0xff8e342d
       30762000	      1436	8000032a	4d81	c.li	x27,0	 x27=0x00000000
       30782000	      1437	8000032c	f756ee37	lui	x28,0xf756e	 x28=0xf756e000
       30942000	      1445	80000330	58be0e13	addi	x28,x28,1419	 x28:0xf756e000 x28=0xf756e58b
       31082000	      1452	80000334	b0c56eb7	lui	x29,0xb0c56	 x29=0xb0c56000
       31102000	      1453	80000338	673e8e93	addi	x29,x29,1651	 x29:0xb0c56000 x29=0xb0c56673
       31122000	      1454	8000033c	f208df37	lui	x30,0xf208d	 x30=0xf208d000
       31162000	      1456	80000340	d6cf0f13	addi	x30,x30,-660	 x30:0xf208d000 x30=0xf208cd6c
       31562000	      1476	80000344	09249fb7	lui	x31,0x9249	 x31=0x09249000
       31802000	      1488	80000348	2b6f8f93	addi	x31,x31,694	 x31:0x09249000 x31=0x092492b6
       31822000	      1489	8000034c	00022b97	auipc	x23,0x22	 x23=0x8002234c
       32242000	      1510	80000350	b18b8b93	addi	x23,x23,-1256	 x23:0x8002234c x23=0x80021e64
       32262000	      1511	80000354	90000d37	lui	x26,0x90000	 x26=0x90000000
       32282000	      1512	80000358	1d71	c.addi	x26,-4	 x26:0x90000000 x26=0x8ffffffc
       32302000	      1513	8000035a	4d81	c.li	x27,0	 x27=0x00000000
       32702000	      1533	8000035c	0da2	c.slli	x27,0x8	 x27:0x00000000 x27=0x00000000
       32722000	      1534	8000035e	000d8d93	addi	x27,x27,0	 x27:0x00000000 x27=0x00000000
       33182000	      1557	80000362	01bd2023	sw	x27,0(x26)	 x26:0x8ffffffc x27:0x00000000 PA:0x8ffffffc store:0x00000000 load:0xffffffff
       33202000	      1558	80000366	1560306f	jal	x0,800034bc	  x0=0x00000000
       44962000	      2146	800034bc	cd15	c.beqz	x10,800034f8	 x10:0x7db2402d
       44982000	      2147	800034be	64e22013	slti	x0,x4,1614	  x4:0x80000000  x0=0x00000000
       45002000	      2148	800034c2	029200b3	mul	x1,x4,x9	  x4:0x80000000  x9:0xf3c46492  x1=0x00000000
       45022000	      2149	800034c6	9fee	c.add	x31,x27	 x31:0x092492b6 x27:0x00000000 x31=0x092492b6
       45322000	      2164	800034c8	9c4e	c.add	x24,x19	 x24:0x80000000 x19:0x247fa134 x24=0xa47fa134
       45342000	      2165	800034ca	08b2	c.slli	x17,0xc	 x17:0x80000000 x17=0x00000000
       45362000	      2166	800034cc	c7123f13	sltiu	x30,x4,-911	  x4:0x80000000 x30=0x00000001
       45402000	      2168	800034d0	0378adb3	mulhsu	x27,x17,x23	 x17:0x00000000 x23:0x80021e64 x27=0x00000000
       45502000	      2173	800034d4	03db0f33	mul	x30,x22,x29	 x22:0x0000000e x29:0xb0c56673 x30=0xaacb9a4a
       45582000	      2177	800034d8	0e84	c.addi4spn	x9,x2,848	  x9=0x00000350
       45602000	      2178	800034da	4121d313	srai	x6,x3,0x12	  x3:0x80000000  x6=0xffffe000
       45622000	      2179	800034de	8711	c.srai	x14,0x4	 x14:0x00000005 x14=0x00000000
       45642000	      2180	800034e0	00e06833	or	x16,x0,x14	  x0:0x00000000 x14:0x00000000 x16=0x00000000
       46062000	      2201	800034e4	cf31	c.beqz	x14,80003540	 x14:0x00000000
       46362000	      2216	80003540	03632db3	mulhsu	x27,x6,x22	  x6:0xffffe000 x22:0x0000000e x27=0xffffffff
       46382000	      2217	80003544	41a8d113	srai	x2,x17,0x1a	 x17:0x00000000  x2=0x00000000
       46662000	      2231	80003548	527d	c.li	x4,-1	  x4=0xffffffff
       46722000	      2234	8000354a	404f5c33	sra	x24,x30,x4	 x30:0xaacb9a4a  x4:0xffffffff x24=0xffffffff
       46742000	      2235	8000354e	7720fb13	andi	x22,x1,1906	  x1:0x00000000 x22=0x00000000
       46802000	      2238	80003552	08ff0517	auipc	x10,0x8ff0	 x10=0x88ff3552
       46822000	      2239	80003556	ee75a793	slti	x15,x11,-281	 x11:0xf1e8b1fd x15=0x00000001
       46842000	      2240	8000355a	0197e7b3	or	x15,x15,x25	 x15:0x00000001 x25:0xe41184b0 x15=0xe41184b1
       46862000	      2241	8000355e	0001	c.addi	x0,0	  x0:0x00000000  x0=0x00000000
       46882000	      2242	80003560	03b70b33	mul	x22,x14,x27	 x14:0x00000000 x27:0xffffffff x22=0x00000000
       46902000	      2243	80003564	49e53f13	sltiu	x30,x10,1182	 x10:0x88ff3552 x30=0x00000000
       46942000	      2245	80003568	0316c3b3	div	x7,x13,x17	 x13:0x80025ce4 x17:0x00000000  x7=0xffffffff
       47122000	      2254	8000356c	02c52b33	mulhsu	x22,x10,x12	 x10:0x88ff3552 x12:0xea41e80f x22=0x931aa3a9
       47222000	      2259	80003570	014f1db3	sll	x27,x30,x20	 x30:0x00000000 x20:0x80000000 x27=0x00000000
       47242000	      2260	80003574	448d	c.li	x9,3	  x9=0x00000003
       47262000	      2261	80003576	fc73c493	xori	x9,x7,-57	  x7:0xffffffff  x9=0x00000038
       47282000	      2262	8000357a	00bda433	slt	x8,x27,x11	 x27:0x00000000 x11:0xf1e8b1fd  x8=0x00000000
       47302000	      2263	8000357e	8c0e	c.mv	x24,x3	  x0:0x00000000  x3:0x80000000 x24=0x80000000
       47362000	      2266	80003580	02339f33	mulh	x30,x7,x3	  x7:0xffffffff  x3:0x80000000 x30=0x00000000
       47382000	      2267	80003584	03b28163	beq	x5,x27,800035a6	  x5:0x00000000 x27:0x00000000
       48642000	      2330	800035a6	002fdf33	srl	x30,x31,x2	 x31:0x092492b6  x2:0x00000000 x30=0x092492b6
       48742000	      2335	800035aa	0ff0000f	fence	iorw,iorw	
       48762000	      2336	800035ae	8776fb13	andi	x22,x13,-1929	 x13:0x80025ce4 x22=0x80025864
       48802000	      2338	800035b2	03748ab3	mul	x21,x9,x23	  x9:0x00000038 x23:0x80021e64 x21=0x0076a5e0
       48822000	      2339	800035b6	a1f16c93	ori	x25,x2,-1505	  x2:0x00000000 x25=0xfffffa1f
       48842000	      2340	800035ba	8ffd	c.and	x15,x15	 x15:0xe41184b1 x15:0xe41184b1 x15=0xe41184b1
       48862000	      2341	800035bc	88ad	c.andi	x9,11	  x9:0x00000038  x9=0x00000008
       49282000	      2362	800035be	00526733	or	x14,x4,x5	  x4:0xffffffff  x5:0x00000000 x14=0xffffffff
       49302000	      2363	800035c2	ea05	c.bnez	x12,800035f2	 x12:0xea41e80f
       50022000	      2399	800035f2	8f15	c.sub	x14,x13	 x14:0xffffffff x13:0x80025ce4 x14=0x7ffda31b
       50042000	      2400	800035f4	8bf1	c.andi	x15,28	 x15:0xe41184b1 x15=0x00000010
       50782000	      2437	800035f6	026bc533	div	x10,x23,x6	 x23:0x80021e64  x6:0xffffe000 x10=0x0003ffef
       50802000	      2438	800035fa	41975d13	srai	x26,x14,0x19	 x14:0x7ffda31b x26=0x0000003f
       50842000	      2440	800035fe	02b02c33	mulhsu	x24,x0,x11	  x0:0x00000000 x11:0xf1e8b1fd x24=0x00000000
       50862000	      2441	80003602	0000100f	fence.i	
       51202000	      2458	80003606	d80ef413	andi	x8,x29,-640	 x29:0xb0c56673  x8=0xb0c56400
       51602000	      2478	8000360a	c1feb813	sltiu	x16,x29,-993	 x29:0xb0c56673 x16=0x00000001
       51642000	      2480	8000360e	03bc7633	remu	x12,x24,x27	 x24:0x00000000 x27:0x00000000 x12=0x00000000
       51702000	      2483	80003612	0000100f	fence.i	
       51942000	      2495	80003616	9e7a	c.add	x28,x30	 x28:0xf756e58b x30:0x092492b6 x28=0x007b7841
       51962000	      2496	80003618	8fc1	c.or	x15,x8	 x15:0x00000010  x8:0xb0c56400 x15=0xb0c56410
       52782000	      2537	8000361a	034064b3	rem	x9,x0,x20	  x0:0x00000000 x20:0x80000000  x9=0x00000000
       52802000	      2538	8000361e	010cc7b3	xor	x15,x25,x16	 x25:0xfffffa1f x16:0x00000001 x15=0xfffffa1e
       52822000	      2539	80003622	e91d	c.bnez	x10,80003658	 x10:0x0003ffef
       53302000	      2563	80003658	987d	c.andi	x8,-1	  x8:0xb0c56400  x8=0xb0c56400
       53382000	      2567	8000365a	d6e54413	xori	x8,x10,-658	 x10:0x0003ffef  x8=0xfffc0281
       53562000	      2576	8000365e	0005beb3	sltu	x29,x11,x0	 x11:0xf1e8b1fd  x0:0x00000000 x29=0x00000000
       53582000	      2577	80003662	8d75	c.and	x10,x13	 x10:0x0003ffef x13:0x80025ce4 x10=0x00025ce4
       53602000	      2578	80003664	0ff0000f	fence	iorw,iorw	
       53622000	      2579	80003668	67654c93	xori	x25,x10,1654	 x10:0x00025ce4 x25=0x00025a92
       53642000	      2580	8000366c	0000100f	fence.i	
       53682000	      2582	80003670	07e9	c.addi	x15,26	 x15:0xfffffa1e x15=0xfffffa38
       53702000	      2583	80003672	8005	c.srli	x8,0x1	  x8:0xfffc0281  x8=0x7ffe0140
       53822000	      2589	80003674	ffffd597	auipc	x11,0xffffd	 x11=0x80000674
       53842000	      2590	80003678	cf658593	addi	x11,x11,-778	 x11:0x80000674 x11=0x8000036a
       53862000	      2591	8000367c	00058067	jalr	x0,0(x11)	 x11:0x8000036a  x0=0x00000000
       54482000	      2622	8000036a	90000d37	lui	x26,0x90000	 x26=0x90000000
       54502000	      2623	8000036e	1d61	c.addi	x26,-8	 x26:0x90000000 x26=0x8ffffff8
       54522000	      2624	80000370	4d81	c.li	x27,0	 x27=0x00000000
       54542000	      2625	80000372	0da2	c.slli	x27,0x8	 x27:0x00000000 x27=0x00000000
       54562000	      2626	80000374	0d85	c.addi	x27,1	 x27:0x00000000 x27=0x00000001
       54622000	      2629	80000376	01bd2023	sw	x27,0(x26)	 x26:0x8ffffff8 x27:0x00000001 PA:0x8ffffff8 store:0x00000001 load:0xffffffff
       54642000	      2630	8000037a	00000073	ecall	
       76882000	      3742	80002700	0800006f	jal	x0,80002780	  x0=0x00000000
       77342000	      3765	80002780	16f1	c.addi	x13,-4	 x13:0x80025ce4 x13=0x80025ce0
       77402000	      3768	80002782	0176a023	sw	x23,0(x13)	 x13:0x80025ce0 x23:0x80021e64 PA:0x80025ce0 store:0x80021e64 load:0xffffffff
       77422000	      3769	80002786	00068bb3	add	x23,x13,x0	 x13:0x80025ce0  x0:0x00000000 x23=0x80025ce0
       77442000	      3770	8000278a	f80b8b93	addi	x23,x23,-128	 x23:0x80025ce0 x23=0x80025c60
       77702000	      3783	8000278e	001ba223	sw	x1,4(x23)	 x23:0x80025c60  x1:0x00000000 PA:0x80025c64 store:0x00000000 load:0xffffffff
       77982000	      3797	80002792	002ba423	sw	x2,8(x23)	 x23:0x80025c60  x2:0x00000000 PA:0x80025c68 store:0x00000000 load:0xffffffff
       78042000	      3800	80002796	003ba623	sw	x3,12(x23)	 x23:0x80025c60  x3:0x80000000 PA:0x80025c6c store:0x80000000 load:0xffffffff
       78422000	      3819	8000279a	004ba823	sw	x4,16(x23)	 x23:0x80025c60  x4:0xffffffff PA:0x80025c70 store:0xffffffff load:0xffffffff
       78482000	      3822	8000279e	005baa23	sw	x5,20(x23)	 x23:0x80025c60  x5:0x00000000 PA:0x80025c74 store:0x00000000 load:0xffffffff
       78542000	      3825	800027a2	006bac23	sw	x6,24(x23)	 x23:0x80025c60  x6:0xffffe000 PA:0x80025c78 store:0xffffe000 load:0xffffffff
       79002000	      3848	800027a6	007bae23	sw	x7,28(x23)	 x23:0x80025c60  x7:0xffffffff PA:0x80025c7c store:0xffffffff load:0xffffffff
       79462000	      3871	800027aa	028ba023	sw	x8,32(x23)	 x23:0x80025c60  x8:0x7ffe0140 PA:0x80025c80 store:0x7ffe0140 load:0xffffffff
       79842000	      3890	800027ae	029ba223	sw	x9,36(x23)	 x23:0x80025c60  x9:0x00000000 PA:0x80025c84 store:0x00000000 load:0xffffffff
       80222000	      3909	800027b2	02aba423	sw	x10,40(x23)	 x23:0x80025c60 x10:0x00025ce4 PA:0x80025c88 store:0x00025ce4 load:0xffffffff
       80282000	      3912	800027b6	02bba623	sw	x11,44(x23)	 x23:0x80025c60 x11:0x8000036a PA:0x80025c8c store:0x8000036a load:0xffffffff
       80302000	      3913	800027ba	02cba823	sw	x12,48(x23)	 x23:0x80025c60 x12:0x00000000 PA:0x80025c90 store:0x00000000 load:0xffffffff
       80322000	      3914	800027be	02dbaa23	sw	x13,52(x23)	 x23:0x80025c60 x13:0x80025ce0 PA:0x80025c94 store:0x80025ce0 load:0xffffffff
       80642000	      3930	800027c2	02ebac23	sw	x14,56(x23)	 x23:0x80025c60 x14:0x7ffda31b PA:0x80025c98 store:0x7ffda31b load:0xffffffff
       80702000	      3933	800027c6	02fbae23	sw	x15,60(x23)	 x23:0x80025c60 x15:0xfffffa38 PA:0x80025c9c store:0xfffffa38 load:0xffffffff
       81122000	      3954	800027ca	050ba023	sw	x16,64(x23)	 x23:0x80025c60 x16:0x00000001 PA:0x80025ca0 store:0x00000001 load:0xffffffff
       81422000	      3969	800027ce	051ba223	sw	x17,68(x23)	 x23:0x80025c60 x17:0x00000000 PA:0x80025ca4 store:0x00000000 load:0xffffffff
       81882000	      3992	800027d2	052ba423	sw	x18,72(x23)	 x23:0x80025c60 x18:0x80000000 PA:0x80025ca8 store:0x80000000 load:0xffffffff
       81942000	      3995	800027d6	053ba623	sw	x19,76(x23)	 x23:0x80025c60 x19:0x247fa134 PA:0x80025cac store:0x247fa134 load:0xffffffff
       82362000	      4016	800027da	054ba823	sw	x20,80(x23)	 x23:0x80025c60 x20:0x80000000 PA:0x80025cb0 store:0x80000000 load:0xffffffff
       82462000	      4021	800027de	055baa23	sw	x21,84(x23)	 x23:0x80025c60 x21:0x0076a5e0 PA:0x80025cb4 store:0x0076a5e0 load:0xffffffff
       82482000	      4022	800027e2	056bac23	sw	x22,88(x23)	 x23:0x80025c60 x22:0x80025864 PA:0x80025cb8 store:0x80025864 load:0xffffffff
       82522000	      4024	800027e6	057bae23	sw	x23,92(x23)	 x23:0x80025c60 x23:0x80025c60 PA:0x80025cbc store:0x80025c60 load:0xffffffff
       82682000	      4032	800027ea	078ba023	sw	x24,96(x23)	 x23:0x80025c60 x24:0x00000000 PA:0x80025cc0 store:0x00000000 load:0xffffffff
       82922000	      4044	800027ee	079ba223	sw	x25,100(x23)	 x23:0x80025c60 x25:0x00025a92 PA:0x80025cc4 store:0x00025a92 load:0xffffffff
       82982000	      4047	800027f2	07aba423	sw	x26,104(x23)	 x23:0x80025c60 x26:0x8ffffff8 PA:0x80025cc8 store:0x8ffffff8 load:0xffffffff
       83202000	      4058	800027f6	07bba623	sw	x27,108(x23)	 x23:0x80025c60 x27:0x00000001 PA:0x80025ccc store:0x00000001 load:0xffffffff
       83222000	      4059	800027fa	07cba823	sw	x28,112(x23)	 x23:0x80025c60 x28:0x007b7841 PA:0x80025cd0 store:0x007b7841 load:0xffffffff
       83642000	      4080	800027fe	07dbaa23	sw	x29,116(x23)	 x23:0x80025c60 x29:0x00000000 PA:0x80025cd4 store:0x00000000 load:0xffffffff
       83702000	      4083	80002802	07ebac23	sw	x30,120(x23)	 x23:0x80025c60 x30:0x092492b6 PA:0x80025cd8 store:0x092492b6 load:0xffffffff
       83902000	      4093	80002806	07fbae23	sw	x31,124(x23)	 x23:0x80025c60 x31:0x092492b6 PA:0x80025cdc store:0x092492b6 load:0xffffffff
       83922000	      4094	8000280a	000b86b3	add	x13,x23,x0	 x23:0x80025c60  x0:0x00000000 x13=0x80025c60
       83942000	      4095	8000280e	90000d37	lui	x26,0x90000	 x26=0x90000000
       83962000	      4096	80002812	1d71	c.addi	x26,-4	 x26:0x90000000 x26=0x8ffffffc
       83982000	      4097	80002814	4da1	c.li	x27,8	 x27=0x00000008
       84002000	      4098	80002816	0da2	c.slli	x27,0x8	 x27:0x00000008 x27=0x00000800
       84022000	      4099	80002818	000d8d93	addi	x27,x27,0	 x27:0x00000800 x27=0x00000800
       84082000	      4102	8000281c	01bd2023	sw	x27,0(x26)	 x26:0x8ffffffc x27:0x00000800 PA:0x8ffffffc store:0x00000800 load:0xffffffff
       84102000	      4103	80002820	34102df3	csrrs	x27,mepc,x0	  x0:0x00000000 x27=0x8000037a
       84122000	      4104	80002824	34202df3	csrrs	x27,mcause,x0	  x0:0x00000000 x27=0x00000008
       84142000	      4105	80002828	4d0d	c.li	x26,3	 x26=0x00000003
       84322000	      4114	8000282a	01ad9463	bne	x27,x26,80002832	 x27:0x00000008 x26:0x00000003
       84982000	      4147	80002832	4d21	c.li	x26,8	 x26=0x00000008
       85002000	      4148	80002834	05ad8d63	beq	x27,x26,8000288e	 x27:0x00000008 x26:0x00000008
       85602000	      4178	8000288e	90000d37	lui	x26,0x90000	 x26=0x90000000
       85622000	      4179	80002892	1d71	c.addi	x26,-4	 x26:0x90000000 x26=0x8ffffffc
       85642000	      4180	80002894	6d85	c.lui	x27,0x1	 x27=0x00001000
       85922000	      4194	80002896	b00d8d93	addi	x27,x27,-1280	 x27:0x00001000 x27=0x00000b00
       85942000	      4195	8000289a	0da2	c.slli	x27,0x8	 x27:0x00000b00 x27=0x000b0000
       86102000	      4203	8000289c	0d8d	c.addi	x27,3	 x27:0x000b0000 x27=0x000b0003
       86322000	      4214	8000289e	01bd2023	sw	x27,0(x26)	 x26:0x8ffffffc x27:0x000b0003 PA:0x8ffffffc store:0x000b0003 load:0xffffffff
       86342000	      4215	800028a2	b0002df3	csrrs	x27,mcycle,x0	  x0:0x00000000 x27=0x00001074
       86522000	      4224	800028a6	01bd2023	sw	x27,0(x26)	 x26:0x8ffffffc x27:0x00001074 PA:0x8ffffffc store:0x00001074 load:0xffffffff
       86542000	      4225	800028aa	90000d37	lui	x26,0x90000	 x26=0x90000000
       86562000	      4226	800028ae	1d71	c.addi	x26,-4	 x26:0x90000000 x26=0x8ffffffc
       86582000	      4227	800028b0	6d85	c.lui	x27,0x1	 x27=0x00001000
       86602000	      4228	800028b2	b80d8d93	addi	x27,x27,-1152	 x27:0x00001000 x27=0x00000b80
       86622000	      4229	800028b6	0da2	c.slli	x27,0x8	 x27:0x00000b80 x27=0x000b8000
       86642000	      4230	800028b8	0d8d	c.addi	x27,3	 x27:0x000b8000 x27=0x000b8003
       86982000	      4247	800028ba	01bd2023	sw	x27,0(x26)	 x26:0x8ffffffc x27:0x000b8003 PA:0x8ffffffc store:0x000b8003 load:0xffffffff
       87002000	      4248	800028be	b8002df3	csrrs	x27,mcycleh,x0	  x0:0x00000000 x27=0x00000000
       87062000	      4251	800028c2	01bd2023	sw	x27,0(x26)	 x26:0x8ffffffc x27:0x00000000 PA:0x8ffffffc store:0x00000000 load:0xffffffff
       87082000	      4252	800028c6	90000d37	lui	x26,0x90000	 x26=0x90000000
       87102000	      4253	800028ca	1d71	c.addi	x26,-4	 x26:0x90000000 x26=0x8ffffffc
       87122000	      4254	800028cc	6d85	c.lui	x27,0x1	 x27=0x00001000
       87142000	      4255	800028ce	b03d8d93	addi	x27,x27,-1277	 x27:0x00001000 x27=0x00000b03
       87162000	      4256	800028d2	0da2	c.slli	x27,0x8	 x27:0x00000b03 x27=0x000b0300
       87282000	      4262	800028d4	0d8d	c.addi	x27,3	 x27:0x000b0300 x27=0x000b0303
       87402000	      4268	800028d6	01bd2023	sw	x27,0(x26)	 x26:0x8ffffffc x27:0x000b0303 PA:0x8ffffffc store:0x000b0303 load:0xffffffff
       87682000	      4282	800028da	b0302df3	csrrs	x27,mhpmcounter3,x0	  x0:0x00000000 x27=0x00000125
       88402000	      4318	800028de	01bd2023	sw	x27,0(x26)	 x26:0x8ffffffc x27:0x00000125 PA:0x8ffffffc store:0x00000125 load:0xffffffff
       88422000	      4319	800028e2	90000d37	lui	x26,0x90000	 x26=0x90000000
       88442000	      4320	800028e6	1d71	c.addi	x26,-4	 x26:0x90000000 x26=0x8ffffffc
       88482000	      4322	800028e8	6d85	c.lui	x27,0x1	 x27=0x00001000
       88502000	      4323	800028ea	b83d8d93	addi	x27,x27,-1149	 x27:0x00001000 x27=0x00000b83
       88522000	      4324	800028ee	0da2	c.slli	x27,0x8	 x27:0x00000b83 x27=0x000b8300
       88542000	      4325	800028f0	0d8d	c.addi	x27,3	 x27:0x000b8300 x27=0x000b8303
       88682000	      4332	800028f2	01bd2023	sw	x27,0(x26)	 x26:0x8ffffffc x27:0x000b8303 PA:0x8ffffffc store:0x000b8303 load:0xffffffff
       89062000	      4351	800028f6	b8302df3	csrrs	x27,mhpmcounter3h,x0	  x0:0x00000000 x27=0x00000000
       89322000	      4364	800028fa	01bd2023	sw	x27,0(x26)	 x26:0x8ffffffc x27:0x00000000 PA:0x8ffffffc store:0x00000000 load:0xffffffff
       89342000	      4365	800028fe	90000d37	lui	x26,0x90000	 x26=0x90000000
       89362000	      4366	80002902	1d71	c.addi	x26,-4	 x26:0x90000000 x26=0x8ffffffc
       89382000	      4367	80002904	6d85	c.lui	x27,0x1	 x27=0x00001000
       89402000	      4368	80002906	b04d8d93	addi	x27,x27,-1276	 x27:0x00001000 x27=0x00000b04
       89422000	      4369	8000290a	0da2	c.slli	x27,0x8	 x27:0x00000b04 x27=0x000b0400
       89522000	      4374	8000290c	0d8d	c.addi	x27,3	 x27:0x000b0400 x27=0x000b0403
       89782000	      4387	8000290e	01bd2023	sw	x27,0(x26)	 x26:0x8ffffffc x27:0x000b0403 PA:0x8ffffffc store:0x000b0403 load:0xffffffff
       89802000	      4388	80002912	b0402df3	csrrs	x27,mhpmcounter4,x0	  x0:0x00000000 x27=0x000005b2
       90062000	      4401	80002916	01bd2023	sw	x27,0(x26)	 x26:0x8ffffffc x27:0x000005b2 PA:0x8ffffffc store:0x000005b2 load:0xffffffff
       90082000	      4402	8000291a	90000d37	lui	x26,0x90000	 x26=0x90000000
       90102000	      4403	8000291e	1d71	c.addi	x26,-4	 x26:0x90000000 x26=0x8ffffffc
       90122000	      4404	80002920	6d85	c.lui	x27,0x1	 x27=0x00001000
       90162000	      4406	80002922	b84d8d93	addi	x27,x27,-1148	 x27:0x00001000 x27=0x00000b84
       90182000	      4407	80002926	0da2	c.slli	x27,0x8	 x27:0x00000b84 x27=0x000b8400
       90542000	      4425	80002928	0d8d	c.addi	x27,3	 x27:0x000b8400 x27=0x000b8403
       90902000	      4443	8000292a	01bd2023	sw	x27,0(x26)	 x26:0x8ffffffc x27:0x000b8403 PA:0x8ffffffc store:0x000b8403 load:0xffffffff
       90922000	      4444	8000292e	b8402df3	csrrs	x27,mhpmcounter4h,x0	  x0:0x00000000 x27=0x00000000
       91182000	      4457	80002932	01bd2023	sw	x27,0(x26)	 x26:0x8ffffffc x27:0x00000000 PA:0x8ffffffc store:0x00000000 load:0xffffffff
       91202000	      4458	80002936	90000d37	lui	x26,0x90000	 x26=0x90000000
       91222000	      4459	8000293a	1d71	c.addi	x26,-4	 x26:0x90000000 x26=0x8ffffffc
       91242000	      4460	8000293c	6d85	c.lui	x27,0x1	 x27=0x00001000
       91262000	      4461	8000293e	b05d8d93	addi	x27,x27,-1275	 x27:0x00001000 x27=0x00000b05
       91282000	      4462	80002942	0da2	c.slli	x27,0x8	 x27:0x00000b05 x27=0x000b0500
       91302000	      4463	80002944	0d8d	c.addi	x27,3	 x27:0x000b0500 x27=0x000b0503
       91362000	      4466	80002946	01bd2023	sw	x27,0(x26)	 x26:0x8ffffffc x27:0x000b0503 PA:0x8ffffffc store:0x000b0503 load:0xffffffff
       91382000	      4467	8000294a	b0502df3	csrrs	x27,mhpmcounter5,x0	  x0:0x00000000 x27=0x00000000
       91802000	      4488	8000294e	01bd2023	sw	x27,0(x26)	 x26:0x8ffffffc x27:0x00000000 PA:0x8ffffffc store:0x00000000 load:0xffffffff
       91822000	      4489	80002952	90000d37	lui	x26,0x90000	 x26=0x90000000
       91842000	      4490	80002956	1d71	c.addi	x26,-4	 x26:0x90000000 x26=0x8ffffffc
       91862000	      4491	80002958	6d85	c.lui	x27,0x1	 x27=0x00001000
       91882000	      4492	8000295a	b85d8d93	addi	x27,x27,-1147	 x27:0x00001000 x27=0x00000b85
       91902000	      4493	8000295e	0da2	c.slli	x27,0x8	 x27:0x00000b85 x27=0x000b8500
       91922000	      4494	80002960	0d8d	c.addi	x27,3	 x27:0x000b8500 x27=0x000b8503
       91982000	      4497	80002962	01bd2023	sw	x27,0(x26)	 x26:0x8ffffffc x27:0x000b8503 PA:0x8ffffffc store:0x000b8503 load:0xffffffff
       92002000	      4498	80002966	b8502df3	csrrs	x27,mhpmcounter5h,x0	  x0:0x00000000 x27=0x00000000
       92222000	      4509	8000296a	01bd2023	sw	x27,0(x26)	 x26:0x8ffffffc x27:0x00000000 PA:0x8ffffffc store:0x00000000 load:0xffffffff
       92322000	      4514	8000296e	90000d37	lui	x26,0x90000	 x26=0x90000000
       92342000	      4515	80002972	1d71	c.addi	x26,-4	 x26:0x90000000 x26=0x8ffffffc
       92362000	      4516	80002974	6d85	c.lui	x27,0x1	 x27=0x00001000
       92402000	      4518	80002976	b06d8d93	addi	x27,x27,-1274	 x27:0x00001000 x27=0x00000b06
       92422000	      4519	8000297a	0da2	c.slli	x27,0x8	 x27:0x00000b06 x27=0x000b0600
       92822000	      4539	8000297c	0d8d	c.addi	x27,3	 x27:0x000b0600 x27=0x000b0603
       93422000	      4569	8000297e	01bd2023	sw	x27,0(x26)	 x26:0x8ffffffc x27:0x000b0603 PA:0x8ffffffc store:0x000b0603 load:0xffffffff
       93442000	      4570	80002982	b0602df3	csrrs	x27,mhpmcounter6,x0	  x0:0x00000000 x27=0x00000038
       93642000	      4580	80002986	01bd2023	sw	x27,0(x26)	 x26:0x8ffffffc x27:0x00000038 PA:0x8ffffffc store:0x00000038 load:0xffffffff
       93662000	      4581	8000298a	90000d37	lui	x26,0x90000	 x26=0x90000000
       93682000	      4582	8000298e	1d71	c.addi	x26,-4	 x26:0x90000000 x26=0x8ffffffc
       93702000	      4583	80002990	6d85	c.lui	x27,0x1	 x27=0x00001000
       93722000	      4584	80002992	b86d8d93	addi	x27,x27,-1146	 x27:0x00001000 x27=0x00000b86
       93742000	      4585	80002996	0da2	c.slli	x27,0x8	 x27:0x00000b86 x27=0x000b8600
       93762000	      4586	80002998	0d8d	c.addi	x27,3	 x27:0x000b8600 x27=0x000b8603
       93982000	      4597	8000299a	01bd2023	sw	x27,0(x26)	 x26:0x8ffffffc x27:0x000b8603 PA:0x8ffffffc store:0x000b8603 load:0xffffffff
       94002000	      4598	8000299e	b8602df3	csrrs	x27,mhpmcounter6h,x0	  x0:0x00000000 x27=0x00000000
       94202000	      4608	800029a2	01bd2023	sw	x27,0(x26)	 x26:0x8ffffffc x27:0x00000000 PA:0x8ffffffc store:0x00000000 load:0xffffffff
       94222000	      4609	800029a6	90000d37	lui	x26,0x90000	 x26=0x90000000
       94242000	      4610	800029aa	1d71	c.addi	x26,-4	 x26:0x90000000 x26=0x8ffffffc
       94262000	      4611	800029ac	6d85	c.lui	x27,0x1	 x27=0x00001000
       94282000	      4612	800029ae	b07d8d93	addi	x27,x27,-1273	 x27:0x00001000 x27=0x00000b07
       94302000	      4613	800029b2	0da2	c.slli	x27,0x8	 x27:0x00000b07 x27=0x000b0700
       94322000	      4614	800029b4	0d8d	c.addi	x27,3	 x27:0x000b0700 x27=0x000b0703
       94442000	      4620	800029b6	01bd2023	sw	x27,0(x26)	 x26:0x8ffffffc x27:0x000b0703 PA:0x8ffffffc store:0x000b0703 load:0xffffffff
       94462000	      4621	800029ba	b0702df3	csrrs	x27,mhpmcounter7,x0	  x0:0x00000000 x27=0x00000006
       94862000	      4641	800029be	01bd2023	sw	x27,0(x26)	 x26:0x8ffffffc x27:0x00000006 PA:0x8ffffffc store:0x00000006 load:0xffffffff
       94882000	      4642	800029c2	90000d37	lui	x26,0x90000	 x26=0x90000000
       94902000	      4643	800029c6	1d71	c.addi	x26,-4	 x26:0x90000000 x26=0x8ffffffc
       94922000	      4644	800029c8	6d85	c.lui	x27,0x1	 x27=0x00001000
       94942000	      4645	800029ca	b87d8d93	addi	x27,x27,-1145	 x27:0x00001000 x27=0x00000b87
       94962000	      4646	800029ce	0da2	c.slli	x27,0x8	 x27:0x00000b87 x27=0x000b8700
       94982000	      4647	800029d0	0d8d	c.addi	x27,3	 x27:0x000b8700 x27=0x000b8703
       95242000	      4660	800029d2	01bd2023	sw	x27,0(x26)	 x26:0x8ffffffc x27:0x000b8703 PA:0x8ffffffc store:0x000b8703 load:0xffffffff
       95262000	      4661	800029d6	b8702df3	csrrs	x27,mhpmcounter7h,x0	  x0:0x00000000 x27=0x00000000
       95462000	      4671	800029da	01bd2023	sw	x27,0(x26)	 x26:0x8ffffffc x27:0x00000000 PA:0x8ffffffc store:0x00000000 load:0xffffffff
       95482000	      4672	800029de	90000d37	lui	x26,0x90000	 x26=0x90000000
       95502000	      4673	800029e2	1d71	c.addi	x26,-4	 x26:0x90000000 x26=0x8ffffffc
       95522000	      4674	800029e4	6d85	c.lui	x27,0x1	 x27=0x00001000
       95542000	      4675	800029e6	b08d8d93	addi	x27,x27,-1272	 x27:0x00001000 x27=0x00000b08
       95562000	      4676	800029ea	0da2	c.slli	x27,0x8	 x27:0x00000b08 x27=0x000b0800
       95582000	      4677	800029ec	0d8d	c.addi	x27,3	 x27:0x000b0800 x27=0x000b0803
       95722000	      4684	800029ee	01bd2023	sw	x27,0(x26)	 x26:0x8ffffffc x27:0x000b0803 PA:0x8ffffffc store:0x000b0803 load:0xffffffff
       95742000	      4685	800029f2	b0802df3	csrrs	x27,mhpmcounter8,x0	  x0:0x00000000 x27=0x00000007
       95802000	      4688	800029f6	01bd2023	sw	x27,0(x26)	 x26:0x8ffffffc x27:0x00000007 PA:0x8ffffffc store:0x00000007 load:0xffffffff
       95822000	      4689	800029fa	90000d37	lui	x26,0x90000	 x26=0x90000000
       95842000	      4690	800029fe	1d71	c.addi	x26,-4	 x26:0x90000000 x26=0x8ffffffc
       95862000	      4691	80002a00	6d85	c.lui	x27,0x1	 x27=0x00001000
       95882000	      4692	80002a02	b88d8d93	addi	x27,x27,-1144	 x27:0x00001000 x27=0x00000b88
       95902000	      4693	80002a06	0da2	c.slli	x27,0x8	 x27:0x00000b88 x27=0x000b8800
       95922000	      4694	80002a08	0d8d	c.addi	x27,3	 x27:0x000b8800 x27=0x000b8803
       95982000	      4697	80002a0a	01bd2023	sw	x27,0(x26)	 x26:0x8ffffffc x27:0x000b8803 PA:0x8ffffffc store:0x000b8803 load:0xffffffff
       96002000	      4698	80002a0e	b8802df3	csrrs	x27,mhpmcounter8h,x0	  x0:0x00000000 x27=0x00000000
       96142000	      4705	80002a12	01bd2023	sw	x27,0(x26)	 x26:0x8ffffffc x27:0x00000000 PA:0x8ffffffc store:0x00000000 load:0xffffffff
       96162000	      4706	80002a16	90000d37	lui	x26,0x90000	 x26=0x90000000
       96182000	      4707	80002a1a	1d71	c.addi	x26,-4	 x26:0x90000000 x26=0x8ffffffc
       96202000	      4708	80002a1c	6d85	c.lui	x27,0x1	 x27=0x00001000
       96522000	      4724	80002a1e	b09d8d93	addi	x27,x27,-1271	 x27:0x00001000 x27=0x00000b09
       96542000	      4725	80002a22	0da2	c.slli	x27,0x8	 x27:0x00000b09 x27=0x000b0900
       96702000	      4733	80002a24	0d8d	c.addi	x27,3	 x27:0x000b0900 x27=0x000b0903
       97162000	      4756	80002a26	01bd2023	sw	x27,0(x26)	 x26:0x8ffffffc x27:0x000b0903 PA:0x8ffffffc store:0x000b0903 load:0xffffffff
       97182000	      4757	80002a2a	b0902df3	csrrs	x27,mhpmcounter9,x0	  x0:0x00000000 x27=0x00000006
       97642000	      4780	80002a2e	01bd2023	sw	x27,0(x26)	 x26:0x8ffffffc x27:0x00000006 PA:0x8ffffffc store:0x00000006 load:0xffffffff
       97662000	      4781	80002a32	90000d37	lui	x26,0x90000	 x26=0x90000000
       97682000	      4782	80002a36	1d71	c.addi	x26,-4	 x26:0x90000000 x26=0x8ffffffc
       97702000	      4783	80002a38	6d85	c.lui	x27,0x1	 x27=0x00001000
       97722000	      4784	80002a3a	b89d8d93	addi	x27,x27,-1143	 x27:0x00001000 x27=0x00000b89
       97742000	      4785	80002a3e	0da2	c.slli	x27,0x8	 x27:0x00000b89 x27=0x000b8900
       97762000	      4786	80002a40	0d8d	c.addi	x27,3	 x27:0x000b8900 x27=0x000b8903
       98042000	      4800	80002a42	01bd2023	sw	x27,0(x26)	 x26:0x8ffffffc x27:0x000b8903 PA:0x8ffffffc store:0x000b8903 load:0xffffffff
       98062000	      4801	80002a46	b8902df3	csrrs	x27,mhpmcounter9h,x0	  x0:0x00000000 x27=0x00000000
       98202000	      4808	80002a4a	01bd2023	sw	x27,0(x26)	 x26:0x8ffffffc x27:0x00000000 PA:0x8ffffffc store:0x00000000 load:0xffffffff
       98402000	      4818	80002a4e	90000d37	lui	x26,0x90000	 x26=0x90000000
       98422000	      4819	80002a52	1d71	c.addi	x26,-4	 x26:0x90000000 x26=0x8ffffffc
       98442000	      4820	80002a54	6d85	c.lui	x27,0x1	 x27=0x00001000
       98462000	      4821	80002a56	b0ad8d93	addi	x27,x27,-1270	 x27:0x00001000 x27=0x00000b0a
       98482000	      4822	80002a5a	0da2	c.slli	x27,0x8	 x27:0x00000b0a x27=0x000b0a00
       98502000	      4823	80002a5c	0d8d	c.addi	x27,3	 x27:0x000b0a00 x27=0x000b0a03
       98602000	      4828	80002a5e	01bd2023	sw	x27,0(x26)	 x26:0x8ffffffc x27:0x000b0a03 PA:0x8ffffffc store:0x000b0a03 load:0xffffffff
       98622000	      4829	80002a62	b0a02df3	csrrs	x27,mhpmcounter10,x0	  x0:0x00000000 x27=0x0000009a
       98762000	      4836	80002a66	01bd2023	sw	x27,0(x26)	 x26:0x8ffffffc x27:0x0000009a PA:0x8ffffffc store:0x0000009a load:0xffffffff
       98782000	      4837	80002a6a	90000d37	lui	x26,0x90000	 x26=0x90000000
       98802000	      4838	80002a6e	1d71	c.addi	x26,-4	 x26:0x90000000 x26=0x8ffffffc
       99062000	      4851	80002a70	6d85	c.lui	x27,0x1	 x27=0x00001000
       99422000	      4869	80002a72	b8ad8d93	addi	x27,x27,-1142	 x27:0x00001000 x27=0x00000b8a
       99442000	      4870	80002a76	0da2	c.slli	x27,0x8	 x27:0x00000b8a x27=0x000b8a00
       99482000	      4872	80002a78	0d8d	c.addi	x27,3	 x27:0x000b8a00 x27=0x000b8a03
      100282000	      4912	80002a7a	01bd2023	sw	x27,0(x26)	 x26:0x8ffffffc x27:0x000b8a03 PA:0x8ffffffc store:0x000b8a03 load:0xffffffff
      100302000	      4913	80002a7e	b8a02df3	csrrs	x27,mhpmcounter10h,x0	  x0:0x00000000 x27=0x00000000
      100902000	      4943	80002a82	01bd2023	sw	x27,0(x26)	 x26:0x8ffffffc x27:0x00000000 PA:0x8ffffffc store:0x00000000 load:0xffffffff
      100922000	      4944	80002a86	90000d37	lui	x26,0x90000	 x26=0x90000000
      100942000	      4945	80002a8a	1d71	c.addi	x26,-4	 x26:0x90000000 x26=0x8ffffffc
      100962000	      4946	80002a8c	6d85	c.lui	x27,0x1	 x27=0x00001000
      100982000	      4947	80002a8e	b0bd8d93	addi	x27,x27,-1269	 x27:0x00001000 x27=0x00000b0b
      101002000	      4948	80002a92	0da2	c.slli	x27,0x8	 x27:0x00000b0b x27=0x000b0b00
      101022000	      4949	80002a94	0d8d	c.addi	x27,3	 x27:0x000b0b00 x27=0x000b0b03
      101482000	      4972	80002a96	01bd2023	sw	x27,0(x26)	 x26:0x8ffffffc x27:0x000b0b03 PA:0x8ffffffc store:0x000b0b03 load:0xffffffff
      101502000	      4973	80002a9a	b0b02df3	csrrs	x27,mhpmcounter11,x0	  x0:0x00000000 x27=0x00000005
      101562000	      4976	80002a9e	01bd2023	sw	x27,0(x26)	 x26:0x8ffffffc x27:0x00000005 PA:0x8ffffffc store:0x00000005 load:0xffffffff
      101582000	      4977	80002aa2	90000d37	lui	x26,0x90000	 x26=0x90000000
      101602000	      4978	80002aa6	1d71	c.addi	x26,-4	 x26:0x90000000 x26=0x8ffffffc
      101622000	      4979	80002aa8	6d85	c.lui	x27,0x1	 x27=0x00001000
      101642000	      4980	80002aaa	b8bd8d93	addi	x27,x27,-1141	 x27:0x00001000 x27=0x00000b8b
      101662000	      4981	80002aae	0da2	c.slli	x27,0x8	 x27:0x00000b8b x27=0x000b8b00
      102022000	      4999	80002ab0	0d8d	c.addi	x27,3	 x27:0x000b8b00 x27=0x000b8b03
      102182000	      5007	80002ab2	01bd2023	sw	x27,0(x26)	 x26:0x8ffffffc x27:0x000b8b03 PA:0x8ffffffc store:0x000b8b03 load:0xffffffff
      102202000	      5008	80002ab6	b8b02df3	csrrs	x27,mhpmcounter11h,x0	  x0:0x00000000 x27=0x00000000
      102382000	      5017	80002aba	01bd2023	sw	x27,0(x26)	 x26:0x8ffffffc x27:0x00000000 PA:0x8ffffffc store:0x00000000 load:0xffffffff
      102502000	      5023	80002abe	90000d37	lui	x26,0x90000	 x26=0x90000000
      102522000	      5024	80002ac2	1d71	c.addi	x26,-4	 x26:0x90000000 x26=0x8ffffffc
      102542000	      5025	80002ac4	6d85	c.lui	x27,0x1	 x27=0x00001000
      102942000	      5045	80002ac6	b0cd8d93	addi	x27,x27,-1268	 x27:0x00001000 x27=0x00000b0c
      102962000	      5046	80002aca	0da2	c.slli	x27,0x8	 x27:0x00000b0c x27=0x000b0c00
      102982000	      5047	80002acc	0d8d	c.addi	x27,3	 x27:0x000b0c00 x27=0x000b0c03
      103102000	      5053	80002ace	01bd2023	sw	x27,0(x26)	 x26:0x8ffffffc x27:0x000b0c03 PA:0x8ffffffc store:0x000b0c03 load:0xffffffff
      103122000	      5054	80002ad2	b0c02df3	csrrs	x27,mhpmcounter12,x0	  x0:0x00000000 x27=0x0000004a
      103702000	      5083	80002ad6	01bd2023	sw	x27,0(x26)	 x26:0x8ffffffc x27:0x0000004a PA:0x8ffffffc store:0x0000004a load:0xffffffff
      103722000	      5084	80002ada	90000d37	lui	x26,0x90000	 x26=0x90000000
      103742000	      5085	80002ade	1d71	c.addi	x26,-4	 x26:0x90000000 x26=0x8ffffffc
      103762000	      5086	80002ae0	6d85	c.lui	x27,0x1	 x27=0x00001000
      103782000	      5087	80002ae2	b8cd8d93	addi	x27,x27,-1140	 x27:0x00001000 x27=0x00000b8c
      103802000	      5088	80002ae6	0da2	c.slli	x27,0x8	 x27:0x00000b8c x27=0x000b8c00
      103862000	      5091	80002ae8	0d8d	c.addi	x27,3	 x27:0x000b8c00 x27=0x000b8c03
      103982000	      5097	80002aea	01bd2023	sw	x27,0(x26)	 x26:0x8ffffffc x27:0x000b8c03 PA:0x8ffffffc store:0x000b8c03 load:0xffffffff
      104302000	      5113	80002aee	b8c02df3	csrrs	x27,mhpmcounter12h,x0	  x0:0x00000000 x27=0x00000000
      105162000	      5156	80002af2	01bd2023	sw	x27,0(x26)	 x26:0x8ffffffc x27:0x00000000 PA:0x8ffffffc store:0x00000000 load:0xffffffff
      105182000	      5157	80002af6	ffffdd97	auipc	x27,0xffffd	 x27=0x7ffffaf6
      105262000	      5161	80002afa	58ad8d93	addi	x27,x27,1418	 x27:0x7ffffaf6 x27=0x80000080
      105322000	      5164	80002afe	000da023	sw	x0,0(x27)	 x27:0x80000080  x0:0x00000000 PA:0x80000080 store:0x00000000 load:0xffffffff
      105582000	      5177	80002b02	001da223	sw	x1,4(x27)	 x27:0x80000080  x1:0x00000000 PA:0x80000084 store:0x00000000 load:0xffffffff
      108402000	      5318	80002b06	002da423	sw	x2,8(x27)	 x27:0x80000080  x2:0x00000000 PA:0x80000088 store:0x00000000 load:0xffffffff
      108422000	      5319	80002b0a	003da623	sw	x3,12(x27)	 x27:0x80000080  x3:0x80000000 PA:0x8000008c store:0x80000000 load:0xffffffff
      108442000	      5320	80002b0e	004da823	sw	x4,16(x27)	 x27:0x80000080  x4:0xffffffff PA:0x80000090 store:0xffffffff load:0xffffffff
      108542000	      5325	80002b12	005daa23	sw	x5,20(x27)	 x27:0x80000080  x5:0x00000000 PA:0x80000094 store:0x00000000 load:0xffffffff
      108722000	      5334	80002b16	006dac23	sw	x6,24(x27)	 x27:0x80000080  x6:0xffffe000 PA:0x80000098 store:0xffffe000 load:0xffffffff
      109002000	      5348	80002b1a	007dae23	sw	x7,28(x27)	 x27:0x80000080  x7:0xffffffff PA:0x8000009c store:0xffffffff load:0xffffffff
      109242000	      5360	80002b1e	028da023	sw	x8,32(x27)	 x27:0x80000080  x8:0x7ffe0140 PA:0x800000a0 store:0x7ffe0140 load:0xffffffff
      109562000	      5376	80002b22	029da223	sw	x9,36(x27)	 x27:0x80000080  x9:0x00000000 PA:0x800000a4 store:0x00000000 load:0xffffffff
      109622000	      5379	80002b26	02ada423	sw	x10,40(x27)	 x27:0x80000080 x10:0x00025ce4 PA:0x800000a8 store:0x00025ce4 load:0xffffffff
      109702000	      5383	80002b2a	02bda623	sw	x11,44(x27)	 x27:0x80000080 x11:0x8000036a PA:0x800000ac store:0x8000036a load:0xffffffff
      109822000	      5389	80002b2e	02cda823	sw	x12,48(x27)	 x27:0x80000080 x12:0x00000000 PA:0x800000b0 store:0x00000000 load:0xffffffff
      110102000	      5403	80002b32	02ddaa23	sw	x13,52(x27)	 x27:0x80000080 x13:0x80025c60 PA:0x800000b4 store:0x80025c60 load:0xffffffff
      110282000	      5412	80002b36	02edac23	sw	x14,56(x27)	 x27:0x80000080 x14:0x7ffda31b PA:0x800000b8 store:0x7ffda31b load:0xffffffff
      110302000	      5413	80002b3a	02fdae23	sw	x15,60(x27)	 x27:0x80000080 x15:0xfffffa38 PA:0x800000bc store:0xfffffa38 load:0xffffffff
      110362000	      5416	80002b3e	050da023	sw	x16,64(x27)	 x27:0x80000080 x16:0x00000001 PA:0x800000c0 store:0x00000001 load:0xffffffff
      110582000	      5427	80002b42	051da223	sw	x17,68(x27)	 x27:0x80000080 x17:0x00000000 PA:0x800000c4 store:0x00000000 load:0xffffffff
      110642000	      5430	80002b46	052da423	sw	x18,72(x27)	 x27:0x80000080 x18:0x80000000 PA:0x800000c8 store:0x80000000 load:0xffffffff
      110682000	      5432	80002b4a	053da623	sw	x19,76(x27)	 x27:0x80000080 x19:0x247fa134 PA:0x800000cc store:0x247fa134 load:0xffffffff
      110862000	      5441	80002b4e	054da823	sw	x20,80(x27)	 x27:0x80000080 x20:0x80000000 PA:0x800000d0 store:0x80000000 load:0xffffffff
      111202000	      5458	80002b52	055daa23	sw	x21,84(x27)	 x27:0x80000080 x21:0x0076a5e0 PA:0x800000d4 store:0x0076a5e0 load:0xffffffff
      111262000	      5461	80002b56	056dac23	sw	x22,88(x27)	 x27:0x80000080 x22:0x80025864 PA:0x800000d8 store:0x80025864 load:0xffffffff
      111382000	      5467	80002b5a	057dae23	sw	x23,92(x27)	 x27:0x80000080 x23:0x80025c60 PA:0x800000dc store:0x80025c60 load:0xffffffff
      111902000	      5493	80002b5e	078da023	sw	x24,96(x27)	 x27:0x80000080 x24:0x00000000 PA:0x800000e0 store:0x00000000 load:0xffffffff
      112002000	      5498	80002b62	079da223	sw	x25,100(x27)	 x27:0x80000080 x25:0x00025a92 PA:0x800000e4 store:0x00025a92 load:0xffffffff
      112062000	      5501	80002b66	07ada423	sw	x26,104(x27)	 x27:0x80000080 x26:0x8ffffffc PA:0x800000e8 store:0x8ffffffc load:0xffffffff
      112122000	      5504	80002b6a	07bda623	sw	x27,108(x27)	 x27:0x80000080 x27:0x80000080 PA:0x800000ec store:0x80000080 load:0xffffffff
      112142000	      5505	80002b6e	07cda823	sw	x28,112(x27)	 x27:0x80000080 x28:0x007b7841 PA:0x800000f0 store:0x007b7841 load:0xffffffff
      112222000	      5509	80002b72	07ddaa23	sw	x29,116(x27)	 x27:0x80000080 x29:0x00000000 PA:0x800000f4 store:0x00000000 load:0xffffffff
      112282000	      5512	80002b76	07edac23	sw	x30,120(x27)	 x27:0x80000080 x30:0x092492b6 PA:0x800000f8 store:0x092492b6 load:0xffffffff
      112322000	      5514	80002b7a	07fdae23	sw	x31,124(x27)	 x27:0x80000080 x31:0x092492b6 PA:0x800000fc store:0x092492b6 load:0xffffffff
      112602000	      5528	80002b7e	34102df3	csrrs	x27,mepc,x0	  x0:0x00000000 x27=0x8000037a
      112622000	      5529	80002b82	0d91	c.addi	x27,4	 x27:0x8000037a x27=0x8000037e
      112642000	      5530	80002b84	341d9073	csrrw	x0,mepc,x27	 x27:0x8000037e  x0=0x00000000
      112662000	      5531	80002b88	30200073	mret	
      114082000	      5602	8000037e	90000d37	lui	x26,0x90000	 x26=0x90000000
      114102000	      5603	80000382	1d61	c.addi	x26,-8	 x26:0x90000000 x26=0x8ffffff8
      114122000	      5604	80000384	4d85	c.li	x27,1	 x27=0x00000001
      114142000	      5605	80000386	0da2	c.slli	x27,0x8	 x27:0x00000001 x27=0x00000100
      114162000	      5606	80000388	0d85	c.addi	x27,1	 x27:0x00000100 x27=0x00000101
      114402000	      5618	8000038a	01bd2023	sw	x27,0(x26)	 x26:0x8ffffff8 x27:0x00000101 PA:0x8ffffff8 store:0x00000101 load:0xffffffff
      114422000	      5619	8000038e	00000073	ecall	
      115382000	      5667	80002700	0800006f	jal	x0,80002780	  x0=0x00000000
      115442000	      5670	80002780	16f1	c.addi	x13,-4	 x13:0x80025c60 x13=0x80025c5c
      115702000	      5683	80002782	0176a023	sw	x23,0(x13)	 x13:0x80025c5c x23:0x80025c60 PA:0x80025c5c store:0x80025c60 load:0xffffffff
      115722000	      5684	80002786	00068bb3	add	x23,x13,x0	 x13:0x80025c5c  x0:0x00000000 x23=0x80025c5c
      115742000	      5685	8000278a	f80b8b93	addi	x23,x23,-128	 x23:0x80025c5c x23=0x80025bdc
      115802000	      5688	8000278e	001ba223	sw	x1,4(x23)	 x23:0x80025bdc  x1:0x00000000 PA:0x80025be0 store:0x00000000 load:0xffffffff
