Time	Cycle	PC	Insn	Decoded instruction	Register and memory contents
        1055000	         6	80000080	40001db7	lui	x27,0x40001	 x27=0x40001000
        1065000	         7	80000084	106d8d93	addi	x27,x27,262	 x27:0x40001000 x27=0x40001106
        1075000	         8	80000088	301d9073	csrrw	x0,misa,x27	 x27:0x40001106  x0=0x00000000
        1105000	        11	8000008c	00026697	auipc	x13,0x26	 x13=0x8002608c
        1115000	        12	80000090	c5868693	addi	x13,x13,-936	 x13:0x8002608c x13=0x80025ce4
        1125000	        13	80000094	00002d97	auipc	x27,0x2	 x27=0x80002094
        1135000	        14	80000098	66cd8d93	addi	x27,x27,1644	 x27:0x80002094 x27=0x80002700
        1145000	        15	8000009c	001ded93	ori	x27,x27,1	 x27:0x80002700 x27=0x80002701
        1155000	        16	800000a0	305d9073	csrrw	x0,mtvec,x27	 x27:0x80002701  x0=0x00000000
        1185000	        19	800000a4	74725073	csrrwi	x0,0x747,4	  x0=0x00000000
        1215000	        22	800000a8	00003597	auipc	x11,0x3	 x11=0x800030a8
        1225000	        23	800000ac	41458593	addi	x11,x11,1044	 x11:0x800030a8 x11=0x800034bc
        1235000	        24	800000b0	4d81	c.li	x27,0	 x27=0x00000000
        1245000	        25	800000b2	95ee	c.add	x11,x27	 x11:0x800034bc x27:0x00000000 x11=0x800034bc
        1255000	        26	800000b4	8189	c.srli	x11,0x2	 x11:0x800034bc x11=0x20000d2f
        1265000	        27	800000b6	3b059073	csrrw	x0,pmpaddr0,x11	 x11:0x20000d2f  x0=0x00000000
        1295000	        30	800000ba	00003597	auipc	x11,0x3	 x11=0x800030ba
        1305000	        31	800000be	40258593	addi	x11,x11,1026	 x11:0x800030ba x11=0x800034bc
        1315000	        32	800000c2	11111db7	lui	x27,0x11111	 x27=0x11111000
        1325000	        33	800000c6	111d8d93	addi	x27,x27,273	 x27:0x11111000 x27=0x11111111
        1335000	        34	800000ca	95ee	c.add	x11,x27	 x11:0x800034bc x27:0x11111111 x11=0x911145cd
        1345000	        35	800000cc	8189	c.srli	x11,0x2	 x11:0x911145cd x11=0x24445173
        1355000	        36	800000ce	3b159073	csrrw	x0,pmpaddr1,x11	 x11:0x24445173  x0=0x00000000
        1385000	        39	800000d2	00003597	auipc	x11,0x3	 x11=0x800030d2
        1395000	        40	800000d6	3ea58593	addi	x11,x11,1002	 x11:0x800030d2 x11=0x800034bc
        1405000	        41	800000da	22222db7	lui	x27,0x22222	 x27=0x22222000
        1415000	        42	800000de	222d8d93	addi	x27,x27,546	 x27:0x22222000 x27=0x22222222
        1425000	        43	800000e2	95ee	c.add	x11,x27	 x11:0x800034bc x27:0x22222222 x11=0xa22256de
        1435000	        44	800000e4	8189	c.srli	x11,0x2	 x11:0xa22256de x11=0x288895b7
        1445000	        45	800000e6	3b259073	csrrw	x0,pmpaddr2,x11	 x11:0x288895b7  x0=0x00000000
        1475000	        48	800000ea	00003597	auipc	x11,0x3	 x11=0x800030ea
        1485000	        49	800000ee	3d258593	addi	x11,x11,978	 x11:0x800030ea x11=0x800034bc
        1495000	        50	800000f2	33333db7	lui	x27,0x33333	 x27=0x33333000
        1505000	        51	800000f6	333d8d93	addi	x27,x27,819	 x27:0x33333000 x27=0x33333333
        1515000	        52	800000fa	95ee	c.add	x11,x27	 x11:0x800034bc x27:0x33333333 x11=0xb33367ef
        1525000	        53	800000fc	8189	c.srli	x11,0x2	 x11:0xb33367ef x11=0x2cccd9fb
        1535000	        54	800000fe	3b359073	csrrw	x0,pmpaddr3,x11	 x11:0x2cccd9fb  x0=0x00000000
        1565000	        57	80000102	0f0f15b7	lui	x11,0xf0f1	 x11=0x0f0f1000
        1575000	        58	80000106	f0f58593	addi	x11,x11,-241	 x11:0x0f0f1000 x11=0x0f0f0f0f
        1585000	        59	8000010a	3a059073	csrrw	x0,pmpcfg0,x11	 x11:0x0f0f0f0f  x0=0x00000000
        1615000	        62	8000010e	00003597	auipc	x11,0x3	 x11=0x8000310e
        1625000	        63	80000112	3ae58593	addi	x11,x11,942	 x11:0x8000310e x11=0x800034bc
        1635000	        64	80000116	44444db7	lui	x27,0x44444	 x27=0x44444000
        1645000	        65	8000011a	444d8d93	addi	x27,x27,1092	 x27:0x44444000 x27=0x44444444
        1655000	        66	8000011e	95ee	c.add	x11,x27	 x11:0x800034bc x27:0x44444444 x11=0xc4447900
        1665000	        67	80000120	8189	c.srli	x11,0x2	 x11:0xc4447900 x11=0x31111e40
        1675000	        68	80000122	3b459073	csrrw	x0,pmpaddr4,x11	 x11:0x31111e40  x0=0x00000000
        1705000	        71	80000126	00003597	auipc	x11,0x3	 x11=0x80003126
        1715000	        72	8000012a	39658593	addi	x11,x11,918	 x11:0x80003126 x11=0x800034bc
        1725000	        73	8000012e	55555db7	lui	x27,0x55555	 x27=0x55555000
        1735000	        74	80000132	555d8d93	addi	x27,x27,1365	 x27:0x55555000 x27=0x55555555
        1745000	        75	80000136	95ee	c.add	x11,x27	 x11:0x800034bc x27:0x55555555 x11=0xd5558a11
        1755000	        76	80000138	8189	c.srli	x11,0x2	 x11:0xd5558a11 x11=0x35556284
        1765000	        77	8000013a	3b559073	csrrw	x0,pmpaddr5,x11	 x11:0x35556284  x0=0x00000000
        1795000	        80	8000013e	00003597	auipc	x11,0x3	 x11=0x8000313e
        1805000	        81	80000142	37e58593	addi	x11,x11,894	 x11:0x8000313e x11=0x800034bc
        1815000	        82	80000146	66666db7	lui	x27,0x66666	 x27=0x66666000
        1825000	        83	8000014a	666d8d93	addi	x27,x27,1638	 x27:0x66666000 x27=0x66666666
        1835000	        84	8000014e	95ee	c.add	x11,x27	 x11:0x800034bc x27:0x66666666 x11=0xe6669b22
        1845000	        85	80000150	8189	c.srli	x11,0x2	 x11:0xe6669b22 x11=0x3999a6c8
        1855000	        86	80000152	3b659073	csrrw	x0,pmpaddr6,x11	 x11:0x3999a6c8  x0=0x00000000
        1885000	        89	80000156	00003597	auipc	x11,0x3	 x11=0x80003156
        1895000	        90	8000015a	36658593	addi	x11,x11,870	 x11:0x80003156 x11=0x800034bc
        1905000	        91	8000015e	77777db7	lui	x27,0x77777	 x27=0x77777000
        1915000	        92	80000162	777d8d93	addi	x27,x27,1911	 x27:0x77777000 x27=0x77777777
        1925000	        93	80000166	95ee	c.add	x11,x27	 x11:0x800034bc x27:0x77777777 x11=0xf777ac33
        1935000	        94	80000168	8189	c.srli	x11,0x2	 x11:0xf777ac33 x11=0x3dddeb0c
        1945000	        95	8000016a	3b759073	csrrw	x0,pmpaddr7,x11	 x11:0x3dddeb0c  x0=0x00000000
        1975000	        98	8000016e	0f0f15b7	lui	x11,0xf0f1	 x11=0x0f0f1000
        1985000	        99	80000172	f0f58593	addi	x11,x11,-241	 x11:0x0f0f1000 x11=0x0f0f0f0f
        1995000	       100	80000176	3a159073	csrrw	x0,pmpcfg1,x11	 x11:0x0f0f0f0f  x0=0x00000000
        2025000	       103	8000017a	00003597	auipc	x11,0x3	 x11=0x8000317a
        2035000	       104	8000017e	34258593	addi	x11,x11,834	 x11:0x8000317a x11=0x800034bc
        2045000	       105	80000182	88889db7	lui	x27,0x88889	 x27=0x88889000
        2055000	       106	80000186	888d8d93	addi	x27,x27,-1912	 x27:0x88889000 x27=0x88888888
        2065000	       107	8000018a	95ee	c.add	x11,x27	 x11:0x800034bc x27:0x88888888 x11=0x0888bd44
        2075000	       108	8000018c	8189	c.srli	x11,0x2	 x11:0x0888bd44 x11=0x02222f51
        2085000	       109	8000018e	3b859073	csrrw	x0,pmpaddr8,x11	 x11:0x02222f51  x0=0x00000000
        2115000	       112	80000192	00003597	auipc	x11,0x3	 x11=0x80003192
        2125000	       113	80000196	32a58593	addi	x11,x11,810	 x11:0x80003192 x11=0x800034bc
        2135000	       114	8000019a	9999adb7	lui	x27,0x9999a	 x27=0x9999a000
        2145000	       115	8000019e	999d8d93	addi	x27,x27,-1639	 x27:0x9999a000 x27=0x99999999
        2155000	       116	800001a2	95ee	c.add	x11,x27	 x11:0x800034bc x27:0x99999999 x11=0x1999ce55
        2165000	       117	800001a4	8189	c.srli	x11,0x2	 x11:0x1999ce55 x11=0x06667395
        2175000	       118	800001a6	3b959073	csrrw	x0,pmpaddr9,x11	 x11:0x06667395  x0=0x00000000
        2205000	       121	800001aa	00003597	auipc	x11,0x3	 x11=0x800031aa
        2215000	       122	800001ae	31258593	addi	x11,x11,786	 x11:0x800031aa x11=0x800034bc
        2225000	       123	800001b2	aaaabdb7	lui	x27,0xaaaab	 x27=0xaaaab000
        2235000	       124	800001b6	aaad8d93	addi	x27,x27,-1366	 x27:0xaaaab000 x27=0xaaaaaaaa
        2245000	       125	800001ba	95ee	c.add	x11,x27	 x11:0x800034bc x27:0xaaaaaaaa x11=0x2aaadf66
        2255000	       126	800001bc	8189	c.srli	x11,0x2	 x11:0x2aaadf66 x11=0x0aaab7d9
        2265000	       127	800001be	3ba59073	csrrw	x0,pmpaddr10,x11	 x11:0x0aaab7d9  x0=0x00000000
        2295000	       130	800001c2	00003597	auipc	x11,0x3	 x11=0x800031c2
        2305000	       131	800001c6	2fa58593	addi	x11,x11,762	 x11:0x800031c2 x11=0x800034bc
        2315000	       132	800001ca	bbbbcdb7	lui	x27,0xbbbbc	 x27=0xbbbbc000
        2325000	       133	800001ce	bbbd8d93	addi	x27,x27,-1093	 x27:0xbbbbc000 x27=0xbbbbbbbb
        2335000	       134	800001d2	95ee	c.add	x11,x27	 x11:0x800034bc x27:0xbbbbbbbb x11=0x3bbbf077
        2345000	       135	800001d4	8189	c.srli	x11,0x2	 x11:0x3bbbf077 x11=0x0eeefc1d
        2355000	       136	800001d6	3bb59073	csrrw	x0,pmpaddr11,x11	 x11:0x0eeefc1d  x0=0x00000000
        2385000	       139	800001da	0f0f15b7	lui	x11,0xf0f1	 x11=0x0f0f1000
        2395000	       140	800001de	f0f58593	addi	x11,x11,-241	 x11:0x0f0f1000 x11=0x0f0f0f0f
        2405000	       141	800001e2	3a259073	csrrw	x0,pmpcfg2,x11	 x11:0x0f0f0f0f  x0=0x00000000
        2435000	       144	800001e6	00003597	auipc	x11,0x3	 x11=0x800031e6
        2445000	       145	800001ea	2d658593	addi	x11,x11,726	 x11:0x800031e6 x11=0x800034bc
        2455000	       146	800001ee	ccccddb7	lui	x27,0xccccd	 x27=0xccccd000
        2465000	       147	800001f2	cccd8d93	addi	x27,x27,-820	 x27:0xccccd000 x27=0xcccccccc
        2475000	       148	800001f6	95ee	c.add	x11,x27	 x11:0x800034bc x27:0xcccccccc x11=0x4ccd0188
        2485000	       149	800001f8	8189	c.srli	x11,0x2	 x11:0x4ccd0188 x11=0x13334062
        2495000	       150	800001fa	3bc59073	csrrw	x0,pmpaddr12,x11	 x11:0x13334062  x0=0x00000000
        2525000	       153	800001fe	00003597	auipc	x11,0x3	 x11=0x800031fe
        2535000	       154	80000202	2be58593	addi	x11,x11,702	 x11:0x800031fe x11=0x800034bc
        2545000	       155	80000206	ddddedb7	lui	x27,0xdddde	 x27=0xdddde000
        2555000	       156	8000020a	dddd8d93	addi	x27,x27,-547	 x27:0xdddde000 x27=0xdddddddd
        2565000	       157	8000020e	95ee	c.add	x11,x27	 x11:0x800034bc x27:0xdddddddd x11=0x5dde1299
        2575000	       158	80000210	8189	c.srli	x11,0x2	 x11:0x5dde1299 x11=0x177784a6
        2585000	       159	80000212	3bd59073	csrrw	x0,pmpaddr13,x11	 x11:0x177784a6  x0=0x00000000
        2615000	       162	80000216	00003597	auipc	x11,0x3	 x11=0x80003216
        2625000	       163	8000021a	2a658593	addi	x11,x11,678	 x11:0x80003216 x11=0x800034bc
        2635000	       164	8000021e	eeeefdb7	lui	x27,0xeeeef	 x27=0xeeeef000
        2645000	       165	80000222	eeed8d93	addi	x27,x27,-274	 x27:0xeeeef000 x27=0xeeeeeeee
        2655000	       166	80000226	95ee	c.add	x11,x27	 x11:0x800034bc x27:0xeeeeeeee x11=0x6eef23aa
        2665000	       167	80000228	8189	c.srli	x11,0x2	 x11:0x6eef23aa x11=0x1bbbc8ea
        2675000	       168	8000022a	3be59073	csrrw	x0,pmpaddr14,x11	 x11:0x1bbbc8ea  x0=0x00000000
        2705000	       171	8000022e	00003597	auipc	x11,0x3	 x11=0x8000322e
        2715000	       172	80000232	28e58593	addi	x11,x11,654	 x11:0x8000322e x11=0x800034bc
        2725000	       173	80000236	fff00d93	addi	x27,x0,-1	  x0:0x00000000 x27=0xffffffff
        2735000	       174	8000023a	95ee	c.add	x11,x27	 x11:0x800034bc x27:0xffffffff x11=0x800034bb
        2745000	       175	8000023c	8189	c.srli	x11,0x2	 x11:0x800034bb x11=0x20000d2e
        2755000	       176	8000023e	3bf59073	csrrw	x0,pmpaddr15,x11	 x11:0x20000d2e  x0=0x00000000
        2785000	       179	80000242	0f0f15b7	lui	x11,0xf0f1	 x11=0x0f0f1000
        2795000	       180	80000246	f0f58593	addi	x11,x11,-241	 x11:0x0f0f1000 x11=0x0f0f0f0f
        2805000	       181	8000024a	3a359073	csrrw	x0,pmpcfg3,x11	 x11:0x0f0f0f0f  x0=0x00000000
        2835000	       184	8000024e	00000d97	auipc	x27,0x0	 x27=0x8000024e
        2845000	       185	80000252	060d8d93	addi	x27,x27,96	 x27:0x8000024e x27=0x800002ae
        2855000	       186	80000256	341d9073	csrrw	x0,mepc,x27	 x27:0x800002ae  x0=0x00000000
        2865000	       187	8000025a	7c00d073	csrrwi	x0,0x7c0,1	  x0=0x00000000
        2895000	       190	8000025e	4d81	c.li	x27,0	 x27=0x00000000
        2905000	       191	80000260	300d9073	csrrw	x0,mstatus,x27	 x27:0x00000000  x0=0x00000000
        2935000	       194	80000264	4d81	c.li	x27,0	 x27=0x00000000
        2945000	       195	80000266	304d9073	csrrw	x0,mie,x27	 x27:0x00000000  x0=0x00000000
        2975000	       198	8000026a	90000d37	lui	x26,0x90000	 x26=0x90000000
        2985000	       199	8000026e	1d71	c.addi	x26,-4	 x26:0x90000000 x26=0x8ffffffc
        2995000	       200	80000270	90000d37	lui	x26,0x90000	 x26=0x90000000
        3005000	       201	80000274	1d71	c.addi	x26,-4	 x26:0x90000000 x26=0x8ffffffc
        3015000	       202	80000276	90000d37	lui	x26,0x90000	 x26=0x90000000
        3025000	       203	8000027a	1d71	c.addi	x26,-4	 x26:0x90000000 x26=0x8ffffffc
        3035000	       204	8000027c	30000d93	addi	x27,x0,768	  x0:0x00000000 x27=0x00000300
        3045000	       205	80000280	0da2	c.slli	x27,0x8	 x27:0x00000300 x27=0x00030000
        3055000	       206	80000282	0d8d	c.addi	x27,3	 x27:0x00030000 x27=0x00030003
        3065000	       207	80000284	01bd2023	sw	x27,0(x26)	 x26:0x8ffffffc x27:0x00030003 PA:0x8ffffffc store:0x00030003 load:0x00000000
        3075000	       208	80000288	30002df3	csrrs	x27,mstatus,x0	  x0:0x00000000 x27=0x00000000
        3085000	       209	8000028c	01bd2023	sw	x27,0(x26)	 x26:0x8ffffffc x27:0x00000000 PA:0x8ffffffc store:0x00000000 load:0x00000000
        3095000	       210	80000290	90000d37	lui	x26,0x90000	 x26=0x90000000
        3105000	       211	80000294	1d71	c.addi	x26,-4	 x26:0x90000000 x26=0x8ffffffc
        3115000	       212	80000296	30400d93	addi	x27,x0,772	  x0:0x00000000 x27=0x00000304
        3125000	       213	8000029a	0da2	c.slli	x27,0x8	 x27:0x00000304 x27=0x00030400
        3135000	       214	8000029c	0d8d	c.addi	x27,3	 x27:0x00030400 x27=0x00030403
        3145000	       215	8000029e	01bd2023	sw	x27,0(x26)	 x26:0x8ffffffc x27:0x00030403 PA:0x8ffffffc store:0x00030403 load:0x00000000
        3155000	       216	800002a2	30402df3	csrrs	x27,mie,x0	  x0:0x00000000 x27=0x00000000
        3165000	       217	800002a6	01bd2023	sw	x27,0(x26)	 x26:0x8ffffffc x27:0x00000000 PA:0x8ffffffc store:0x00000000 load:0x00000000
        3175000	       218	800002aa	30200073	mret	
        3215000	       222	800002ae	00100013	addi	x0,x0,1	  x0:0x00000000  x0=0x00000000
        3225000	       223	800002b2	49ecc0b7	lui	x1,0x49ecc	  x1=0x49ecc000
        3235000	       224	800002b6	08708093	addi	x1,x1,135	  x1:0x49ecc000  x1=0x49ecc087
        3245000	       225	800002ba	4101	c.li	x2,0	  x2=0x00000000
        3255000	       226	800002bc	800001b7	lui	x3,0x80000	  x3=0x80000000
        3265000	       227	800002c0	80000237	lui	x4,0x80000	  x4=0x80000000
        3275000	       228	800002c4	4281	c.li	x5,0	  x5=0x00000000
        3285000	       229	800002c6	80000337	lui	x6,0x80000	  x6=0x80000000
        3295000	       230	800002ca	800003b7	lui	x7,0x80000	  x7=0x80000000
        3305000	       231	800002ce	4435	c.li	x8,13	  x8=0x0000000d
        3315000	       232	800002d0	f3c464b7	lui	x9,0xf3c46	  x9=0xf3c46000
        3325000	       233	800002d4	49248493	addi	x9,x9,1170	  x9:0xf3c46000  x9=0xf3c46492
        3335000	       234	800002d8	7db24537	lui	x10,0x7db24	 x10=0x7db24000
        3345000	       235	800002dc	02d50513	addi	x10,x10,45	 x10:0x7db24000 x10=0x7db2402d
        3355000	       236	800002e0	f1e8b5b7	lui	x11,0xf1e8b	 x11=0xf1e8b000
        3365000	       237	800002e4	1fd58593	addi	x11,x11,509	 x11:0xf1e8b000 x11=0xf1e8b1fd
        3375000	       238	800002e8	ea41f637	lui	x12,0xea41f	 x12=0xea41f000
        3385000	       239	800002ec	80f60613	addi	x12,x12,-2033	 x12:0xea41f000 x12=0xea41e80f
        3395000	       240	800002f0	4715	c.li	x14,5	 x14=0x00000005
        3405000	       241	800002f2	4781	c.li	x15,0	 x15=0x00000000
        3415000	       242	800002f4	80000837	lui	x16,0x80000	 x16=0x80000000
        3425000	       243	800002f8	800008b7	lui	x17,0x80000	 x17=0x80000000
        3435000	       244	800002fc	80000937	lui	x18,0x80000	 x18=0x80000000
        3445000	       245	80000300	247fa9b7	lui	x19,0x247fa	 x19=0x247fa000
        3455000	       246	80000304	13498993	addi	x19,x19,308	 x19:0x247fa000 x19=0x247fa134
        3465000	       247	80000308	80000a37	lui	x20,0x80000	 x20=0x80000000
        3475000	       248	8000030c	3377aab7	lui	x21,0x3377a	 x21=0x3377a000
        3485000	       249	80000310	6b3a8a93	addi	x21,x21,1715	 x21:0x3377a000 x21=0x3377a6b3
        3495000	       250	80000314	4b39	c.li	x22,14	 x22=0x0000000e
        3505000	       251	80000316	80000c37	lui	x24,0x80000	 x24=0x80000000
        3515000	       252	8000031a	e4118cb7	lui	x25,0xe4118	 x25=0xe4118000
        3525000	       253	8000031e	4b0c8c93	addi	x25,x25,1200	 x25:0xe4118000 x25=0xe41184b0
        3535000	       254	80000322	ff8e3d37	lui	x26,0xff8e3	 x26=0xff8e3000
        3545000	       255	80000326	42dd0d13	addi	x26,x26,1069	 x26:0xff8e3000 x26=0xff8e342d
        3555000	       256	8000032a	4d81	c.li	x27,0	 x27=0x00000000
        3565000	       257	8000032c	f756ee37	lui	x28,0xf756e	 x28=0xf756e000
        3575000	       258	80000330	58be0e13	addi	x28,x28,1419	 x28:0xf756e000 x28=0xf756e58b
        3585000	       259	80000334	b0c56eb7	lui	x29,0xb0c56	 x29=0xb0c56000
        3595000	       260	80000338	673e8e93	addi	x29,x29,1651	 x29:0xb0c56000 x29=0xb0c56673
        3605000	       261	8000033c	f208df37	lui	x30,0xf208d	 x30=0xf208d000
        3615000	       262	80000340	d6cf0f13	addi	x30,x30,-660	 x30:0xf208d000 x30=0xf208cd6c
        3625000	       263	80000344	09249fb7	lui	x31,0x9249	 x31=0x09249000
        3635000	       264	80000348	2b6f8f93	addi	x31,x31,694	 x31:0x09249000 x31=0x092492b6
        3645000	       265	8000034c	00022b97	auipc	x23,0x22	 x23=0x8002234c
        3655000	       266	80000350	b18b8b93	addi	x23,x23,-1256	 x23:0x8002234c x23=0x80021e64
        3665000	       267	80000354	90000d37	lui	x26,0x90000	 x26=0x90000000
        3675000	       268	80000358	1d71	c.addi	x26,-4	 x26:0x90000000 x26=0x8ffffffc
        3685000	       269	8000035a	4d81	c.li	x27,0	 x27=0x00000000
        3695000	       270	8000035c	0da2	c.slli	x27,0x8	 x27:0x00000000 x27=0x00000000
        3705000	       271	8000035e	000d8d93	addi	x27,x27,0	 x27:0x00000000 x27=0x00000000
        3715000	       272	80000362	01bd2023	sw	x27,0(x26)	 x26:0x8ffffffc x27:0x00000000 PA:0x8ffffffc store:0x00000000 load:0x00000000
        3725000	       273	80000366	1560306f	jal	x0,800034bc	  x0=0x00000000
        3745000	       275	800034bc	cd15	c.beqz	x10,800034f8	 x10:0x7db2402d
        3755000	       276	800034be	64e22013	slti	x0,x4,1614	  x4:0x80000000  x0=0x00000000
        3785000	       279	800034c2	029200b3	mul	x1,x4,x9	  x4:0x80000000  x9:0xf3c46492  x1=0x00000000
        3795000	       280	800034c6	9fee	c.add	x31,x27	 x31:0x092492b6 x27:0x00000000 x31=0x092492b6
        3805000	       281	800034c8	9c4e	c.add	x24,x19	 x24:0x80000000 x19:0x247fa134 x24=0xa47fa134
        3815000	       282	800034ca	08b2	c.slli	x17,0xc	 x17:0x80000000 x17=0x00000000
        3825000	       283	800034cc	c7123f13	sltiu	x30,x4,-911	  x4:0x80000000 x30=0x00000001
        3865000	       287	800034d0	0378adb3	mulhsu	x27,x17,x23	 x17:0x00000000 x23:0x80021e64 x27=0x00000000
        3895000	       290	800034d4	03db0f33	mul	x30,x22,x29	 x22:0x0000000e x29:0xb0c56673 x30=0xaacb9a4a
        3905000	       291	800034d8	0e84	c.addi4spn	x9,x2,848	  x9=0x00000350
        3915000	       292	800034da	4121d313	srai	x6,x3,0x12	  x3:0x80000000  x6=0xffffe000
        3925000	       293	800034de	8711	c.srai	x14,0x4	 x14:0x00000005 x14=0x00000000
        3935000	       294	800034e0	00e06833	or	x16,x0,x14	  x0:0x00000000 x14:0x00000000 x16=0x00000000
        3945000	       295	800034e4	cf31	c.beqz	x14,80003540	 x14:0x00000000
        3995000	       300	80003540	03632db3	mulhsu	x27,x6,x22	  x6:0xffffe000 x22:0x0000000e x27=0xffffffff
        4005000	       301	80003544	41a8d113	srai	x2,x17,0x1a	 x17:0x00000000  x2=0x00000000
        4015000	       302	80003548	527d	c.li	x4,-1	  x4=0xffffffff
        4025000	       303	8000354a	404f5c33	sra	x24,x30,x4	 x30:0xaacb9a4a  x4:0xffffffff x24=0xffffffff
        4035000	       304	8000354e	7720fb13	andi	x22,x1,1906	  x1:0x00000000 x22=0x00000000
        4045000	       305	80003552	08ff0517	auipc	x10,0x8ff0	 x10=0x88ff3552
        4055000	       306	80003556	ee75a793	slti	x15,x11,-281	 x11:0xf1e8b1fd x15=0x00000001
        4065000	       307	8000355a	0197e7b3	or	x15,x15,x25	 x15:0x00000001 x25:0xe41184b0 x15=0xe41184b1
        4075000	       308	8000355e	0001	c.addi	x0,0	  x0:0x00000000  x0=0x00000000
        4105000	       311	80003560	03b70b33	mul	x22,x14,x27	 x14:0x00000000 x27:0xffffffff x22=0x00000000
        4115000	       312	80003564	49e53f13	sltiu	x30,x10,1182	 x10:0x88ff3552 x30=0x00000000
        4135000	       314	80003568	0316c3b3	div	x7,x13,x17	 x13:0x80025ce4 x17:0x00000000  x7=0xffffffff
        4175000	       318	8000356c	02c52b33	mulhsu	x22,x10,x12	 x10:0x88ff3552 x12:0xea41e80f x22=0x931aa3a9
        4185000	       319	80003570	014f1db3	sll	x27,x30,x20	 x30:0x00000000 x20:0x80000000 x27=0x00000000
        4195000	       320	80003574	448d	c.li	x9,3	  x9=0x00000003
        4205000	       321	80003576	fc73c493	xori	x9,x7,-57	  x7:0xffffffff  x9=0x00000038
        4215000	       322	8000357a	00bda433	slt	x8,x27,x11	 x27:0x00000000 x11:0xf1e8b1fd  x8=0x00000000
        4225000	       323	8000357e	8c0e	c.mv	x24,x3	  x0:0x00000000  x3:0x80000000 x24=0x80000000
        4265000	       327	80003580	02339f33	mulh	x30,x7,x3	  x7:0xffffffff  x3:0x80000000 x30=0x00000000
        4275000	       328	80003584	03b28163	beq	x5,x27,800035a6	  x5:0x00000000 x27:0x00000000
        4305000	       331	800035a6	002fdf33	srl	x30,x31,x2	 x31:0x092492b6  x2:0x00000000 x30=0x092492b6
        4315000	       332	800035aa	0ff0000f	fence	iorw,iorw	
        4325000	       333	800035ae	8776fb13	andi	x22,x13,-1929	 x13:0x80025ce4 x22=0x80025864
        4355000	       336	800035b2	03748ab3	mul	x21,x9,x23	  x9:0x00000038 x23:0x80021e64 x21=0x0076a5e0
        4365000	       337	800035b6	a1f16c93	ori	x25,x2,-1505	  x2:0x00000000 x25=0xfffffa1f
        4375000	       338	800035ba	8ffd	c.and	x15,x15	 x15:0xe41184b1 x15:0xe41184b1 x15=0xe41184b1
        4385000	       339	800035bc	88ad	c.andi	x9,11	  x9:0x00000038  x9=0x00000008
        4395000	       340	800035be	00526733	or	x14,x4,x5	  x4:0xffffffff  x5:0x00000000 x14=0xffffffff
        4405000	       341	800035c2	ea05	c.bnez	x12,800035f2	 x12:0xea41e80f
        4425000	       343	800035f2	8f15	c.sub	x14,x13	 x14:0xffffffff x13:0x80025ce4 x14=0x7ffda31b
        4435000	       344	800035f4	8bf1	c.andi	x15,28	 x15:0xe41184b1 x15=0x00000010
        4805000	       381	800035f6	026bc533	div	x10,x23,x6	 x23:0x80021e64  x6:0xffffe000 x10=0x0003ffef
        4815000	       382	800035fa	41975d13	srai	x26,x14,0x19	 x14:0x7ffda31b x26=0x0000003f
        4855000	       386	800035fe	02b02c33	mulhsu	x24,x0,x11	  x0:0x00000000 x11:0xf1e8b1fd x24=0x00000000
        4865000	       387	80003602	0000100f	fence.i	
        4895000	       390	80003606	d80ef413	andi	x8,x29,-640	 x29:0xb0c56673  x8=0xb0c56400
        4905000	       391	8000360a	c1feb813	sltiu	x16,x29,-993	 x29:0xb0c56673 x16=0x00000001
        4925000	       393	8000360e	03bc7633	remu	x12,x24,x27	 x24:0x00000000 x27:0x00000000 x12=0x00000000
        4935000	       394	80003612	0000100f	fence.i	
        4955000	       396	80003616	9e7a	c.add	x28,x30	 x28:0xf756e58b x30:0x092492b6 x28=0x007b7841
        4965000	       397	80003618	8fc1	c.or	x15,x8	 x15:0x00000010  x8:0xb0c56400 x15=0xb0c56410
        5335000	       434	8000361a	034064b3	rem	x9,x0,x20	  x0:0x00000000 x20:0x80000000  x9=0x00000000
        5345000	       435	8000361e	010cc7b3	xor	x15,x25,x16	 x25:0xfffffa1f x16:0x00000001 x15=0xfffffa1e
        5355000	       436	80003622	e91d	c.bnez	x10,80003658	 x10:0x0003ffef
        5375000	       438	80003658	987d	c.andi	x8,-1	  x8:0xb0c56400  x8=0xb0c56400
        5385000	       439	8000365a	d6e54413	xori	x8,x10,-658	 x10:0x0003ffef  x8=0xfffc0281
        5395000	       440	8000365e	0005beb3	sltu	x29,x11,x0	 x11:0xf1e8b1fd  x0:0x00000000 x29=0x00000000
        5405000	       441	80003662	8d75	c.and	x10,x13	 x10:0x0003ffef x13:0x80025ce4 x10=0x00025ce4
        5415000	       442	80003664	0ff0000f	fence	iorw,iorw	
        5425000	       443	80003668	67654c93	xori	x25,x10,1654	 x10:0x00025ce4 x25=0x00025a92
        5435000	       444	8000366c	0000100f	fence.i	
        5455000	       446	80003670	07e9	c.addi	x15,26	 x15:0xfffffa1e x15=0xfffffa38
        5465000	       447	80003672	8005	c.srli	x8,0x1	  x8:0xfffc0281  x8=0x7ffe0140
        5475000	       448	80003674	ffffd597	auipc	x11,0xffffd	 x11=0x80000674
        5485000	       449	80003678	cf658593	addi	x11,x11,-778	 x11:0x80000674 x11=0x8000036a
        5495000	       450	8000367c	00058067	jalr	x0,0(x11)	 x11:0x8000036a  x0=0x00000000
        5525000	       453	8000036a	90000d37	lui	x26,0x90000	 x26=0x90000000
        5535000	       454	8000036e	1d61	c.addi	x26,-8	 x26:0x90000000 x26=0x8ffffff8
        5545000	       455	80000370	4d81	c.li	x27,0	 x27=0x00000000
        5555000	       456	80000372	0da2	c.slli	x27,0x8	 x27:0x00000000 x27=0x00000000
        5565000	       457	80000374	0d85	c.addi	x27,1	 x27:0x00000000 x27=0x00000001
        5575000	       458	80000376	01bd2023	sw	x27,0(x26)	 x26:0x8ffffff8 x27:0x00000001 PA:0x8ffffff8 store:0x00000001 load:0x00000000
        5585000	       459	8000037a	00000073	ecall	
        5615000	       462	80002700	0800006f	jal	x0,80002780	  x0=0x00000000
        5635000	       464	80002780	16f1	c.addi	x13,-4	 x13:0x80025ce4 x13=0x80025ce0
        5645000	       465	80002782	0176a023	sw	x23,0(x13)	 x13:0x80025ce0 x23:0x80021e64 PA:0x80025ce0 store:0x80021e64 load:0x00000000
