Time	Cycle	PC	Insn	Decoded instruction	Register and memory contents
        1055000	         6	80000080	40001db7	lui	x27,0x40001	 x27=0x40001000
        1065000	         7	80000084	106d8d93	addi	x27,x27,262	 x27:0x40001000 x27=0x40001106
        1075000	         8	80000088	301d9073	csrrw	x0,misa,x27	 x27:0x40001106  x0=0x00000000
        1105000	        11	8000008c	0002d697	auipc	x13,0x2d	 x13=0x8002d08c
        1115000	        12	80000090	c5868693	addi	x13,x13,-936	 x13:0x8002d08c x13=0x8002cce4
        1125000	        13	80000094	00002d97	auipc	x27,0x2	 x27=0x80002094
        1135000	        14	80000098	66cd8d93	addi	x27,x27,1644	 x27:0x80002094 x27=0x80002700
        1145000	        15	8000009c	001ded93	ori	x27,x27,1	 x27:0x80002700 x27=0x80002701
        1155000	        16	800000a0	305d9073	csrrw	x0,mtvec,x27	 x27:0x80002701  x0=0x00000000
        1185000	        19	800000a4	74725073	csrrwi	x0,0x747,4	  x0=0x00000000
        1215000	        22	800000a8	00003597	auipc	x11,0x3	 x11=0x800030a8
        1225000	        23	800000ac	41458593	addi	x11,x11,1044	 x11:0x800030a8 x11=0x800034bc
        1235000	        24	800000b0	4d81	c.li	x27,0	 x27=0x00000000
        1245000	        25	800000b2	95ee	c.add	x11,x27	 x11:0x800034bc x27:0x00000000 x11=0x800034bc
        1255000	        26	800000b4	8189	c.srli	x11,0x2	 x11:0x800034bc x11=0x20000d2f
        1265000	        27	800000b6	3b059073	csrrw	x0,pmpaddr0,x11	 x11:0x20000d2f  x0=0x00000000
        1295000	        30	800000ba	00003597	auipc	x11,0x3	 x11=0x800030ba
        1305000	        31	800000be	40258593	addi	x11,x11,1026	 x11:0x800030ba x11=0x800034bc
        1315000	        32	800000c2	11111db7	lui	x27,0x11111	 x27=0x11111000
        1325000	        33	800000c6	111d8d93	addi	x27,x27,273	 x27:0x11111000 x27=0x11111111
        1335000	        34	800000ca	95ee	c.add	x11,x27	 x11:0x800034bc x27:0x11111111 x11=0x911145cd
        1345000	        35	800000cc	8189	c.srli	x11,0x2	 x11:0x911145cd x11=0x24445173
        1355000	        36	800000ce	3b159073	csrrw	x0,pmpaddr1,x11	 x11:0x24445173  x0=0x00000000
        1385000	        39	800000d2	00003597	auipc	x11,0x3	 x11=0x800030d2
        1395000	        40	800000d6	3ea58593	addi	x11,x11,1002	 x11:0x800030d2 x11=0x800034bc
        1405000	        41	800000da	22222db7	lui	x27,0x22222	 x27=0x22222000
        1415000	        42	800000de	222d8d93	addi	x27,x27,546	 x27:0x22222000 x27=0x22222222
        1425000	        43	800000e2	95ee	c.add	x11,x27	 x11:0x800034bc x27:0x22222222 x11=0xa22256de
        1435000	        44	800000e4	8189	c.srli	x11,0x2	 x11:0xa22256de x11=0x288895b7
        1445000	        45	800000e6	3b259073	csrrw	x0,pmpaddr2,x11	 x11:0x288895b7  x0=0x00000000
        1475000	        48	800000ea	00003597	auipc	x11,0x3	 x11=0x800030ea
        1485000	        49	800000ee	3d258593	addi	x11,x11,978	 x11:0x800030ea x11=0x800034bc
        1495000	        50	800000f2	33333db7	lui	x27,0x33333	 x27=0x33333000
        1505000	        51	800000f6	333d8d93	addi	x27,x27,819	 x27:0x33333000 x27=0x33333333
        1515000	        52	800000fa	95ee	c.add	x11,x27	 x11:0x800034bc x27:0x33333333 x11=0xb33367ef
        1525000	        53	800000fc	8189	c.srli	x11,0x2	 x11:0xb33367ef x11=0x2cccd9fb
        1535000	        54	800000fe	3b359073	csrrw	x0,pmpaddr3,x11	 x11:0x2cccd9fb  x0=0x00000000
        1565000	        57	80000102	0f0f15b7	lui	x11,0xf0f1	 x11=0x0f0f1000
        1575000	        58	80000106	f0f58593	addi	x11,x11,-241	 x11:0x0f0f1000 x11=0x0f0f0f0f
        1585000	        59	8000010a	3a059073	csrrw	x0,pmpcfg0,x11	 x11:0x0f0f0f0f  x0=0x00000000
        1615000	        62	8000010e	00003597	auipc	x11,0x3	 x11=0x8000310e
        1625000	        63	80000112	3ae58593	addi	x11,x11,942	 x11:0x8000310e x11=0x800034bc
        1635000	        64	80000116	44444db7	lui	x27,0x44444	 x27=0x44444000
        1645000	        65	8000011a	444d8d93	addi	x27,x27,1092	 x27:0x44444000 x27=0x44444444
        1655000	        66	8000011e	95ee	c.add	x11,x27	 x11:0x800034bc x27:0x44444444 x11=0xc4447900
        1665000	        67	80000120	8189	c.srli	x11,0x2	 x11:0xc4447900 x11=0x31111e40
        1675000	        68	80000122	3b459073	csrrw	x0,pmpaddr4,x11	 x11:0x31111e40  x0=0x00000000
        1705000	        71	80000126	00003597	auipc	x11,0x3	 x11=0x80003126
        1715000	        72	8000012a	39658593	addi	x11,x11,918	 x11:0x80003126 x11=0x800034bc
        1725000	        73	8000012e	55555db7	lui	x27,0x55555	 x27=0x55555000
        1735000	        74	80000132	555d8d93	addi	x27,x27,1365	 x27:0x55555000 x27=0x55555555
        1745000	        75	80000136	95ee	c.add	x11,x27	 x11:0x800034bc x27:0x55555555 x11=0xd5558a11
        1755000	        76	80000138	8189	c.srli	x11,0x2	 x11:0xd5558a11 x11=0x35556284
        1765000	        77	8000013a	3b559073	csrrw	x0,pmpaddr5,x11	 x11:0x35556284  x0=0x00000000
        1795000	        80	8000013e	00003597	auipc	x11,0x3	 x11=0x8000313e
        1805000	        81	80000142	37e58593	addi	x11,x11,894	 x11:0x8000313e x11=0x800034bc
        1815000	        82	80000146	66666db7	lui	x27,0x66666	 x27=0x66666000
        1825000	        83	8000014a	666d8d93	addi	x27,x27,1638	 x27:0x66666000 x27=0x66666666
        1835000	        84	8000014e	95ee	c.add	x11,x27	 x11:0x800034bc x27:0x66666666 x11=0xe6669b22
        1845000	        85	80000150	8189	c.srli	x11,0x2	 x11:0xe6669b22 x11=0x3999a6c8
        1855000	        86	80000152	3b659073	csrrw	x0,pmpaddr6,x11	 x11:0x3999a6c8  x0=0x00000000
        1885000	        89	80000156	00003597	auipc	x11,0x3	 x11=0x80003156
        1895000	        90	8000015a	36658593	addi	x11,x11,870	 x11:0x80003156 x11=0x800034bc
        1905000	        91	8000015e	77777db7	lui	x27,0x77777	 x27=0x77777000
        1915000	        92	80000162	777d8d93	addi	x27,x27,1911	 x27:0x77777000 x27=0x77777777
        1925000	        93	80000166	95ee	c.add	x11,x27	 x11:0x800034bc x27:0x77777777 x11=0xf777ac33
        1935000	        94	80000168	8189	c.srli	x11,0x2	 x11:0xf777ac33 x11=0x3dddeb0c
        1945000	        95	8000016a	3b759073	csrrw	x0,pmpaddr7,x11	 x11:0x3dddeb0c  x0=0x00000000
        1975000	        98	8000016e	0f0f15b7	lui	x11,0xf0f1	 x11=0x0f0f1000
        1985000	        99	80000172	f0f58593	addi	x11,x11,-241	 x11:0x0f0f1000 x11=0x0f0f0f0f
        1995000	       100	80000176	3a159073	csrrw	x0,pmpcfg1,x11	 x11:0x0f0f0f0f  x0=0x00000000
        2025000	       103	8000017a	00003597	auipc	x11,0x3	 x11=0x8000317a
        2035000	       104	8000017e	34258593	addi	x11,x11,834	 x11:0x8000317a x11=0x800034bc
        2045000	       105	80000182	88889db7	lui	x27,0x88889	 x27=0x88889000
        2055000	       106	80000186	888d8d93	addi	x27,x27,-1912	 x27:0x88889000 x27=0x88888888
        2065000	       107	8000018a	95ee	c.add	x11,x27	 x11:0x800034bc x27:0x88888888 x11=0x0888bd44
        2075000	       108	8000018c	8189	c.srli	x11,0x2	 x11:0x0888bd44 x11=0x02222f51
        2085000	       109	8000018e	3b859073	csrrw	x0,pmpaddr8,x11	 x11:0x02222f51  x0=0x00000000
        2115000	       112	80000192	00003597	auipc	x11,0x3	 x11=0x80003192
        2125000	       113	80000196	32a58593	addi	x11,x11,810	 x11:0x80003192 x11=0x800034bc
        2135000	       114	8000019a	9999adb7	lui	x27,0x9999a	 x27=0x9999a000
        2145000	       115	8000019e	999d8d93	addi	x27,x27,-1639	 x27:0x9999a000 x27=0x99999999
        2155000	       116	800001a2	95ee	c.add	x11,x27	 x11:0x800034bc x27:0x99999999 x11=0x1999ce55
        2165000	       117	800001a4	8189	c.srli	x11,0x2	 x11:0x1999ce55 x11=0x06667395
        2175000	       118	800001a6	3b959073	csrrw	x0,pmpaddr9,x11	 x11:0x06667395  x0=0x00000000
        2205000	       121	800001aa	00003597	auipc	x11,0x3	 x11=0x800031aa
        2215000	       122	800001ae	31258593	addi	x11,x11,786	 x11:0x800031aa x11=0x800034bc
        2225000	       123	800001b2	aaaabdb7	lui	x27,0xaaaab	 x27=0xaaaab000
        2235000	       124	800001b6	aaad8d93	addi	x27,x27,-1366	 x27:0xaaaab000 x27=0xaaaaaaaa
        2245000	       125	800001ba	95ee	c.add	x11,x27	 x11:0x800034bc x27:0xaaaaaaaa x11=0x2aaadf66
        2255000	       126	800001bc	8189	c.srli	x11,0x2	 x11:0x2aaadf66 x11=0x0aaab7d9
        2265000	       127	800001be	3ba59073	csrrw	x0,pmpaddr10,x11	 x11:0x0aaab7d9  x0=0x00000000
        2295000	       130	800001c2	00003597	auipc	x11,0x3	 x11=0x800031c2
        2305000	       131	800001c6	2fa58593	addi	x11,x11,762	 x11:0x800031c2 x11=0x800034bc
        2315000	       132	800001ca	bbbbcdb7	lui	x27,0xbbbbc	 x27=0xbbbbc000
        2325000	       133	800001ce	bbbd8d93	addi	x27,x27,-1093	 x27:0xbbbbc000 x27=0xbbbbbbbb
        2335000	       134	800001d2	95ee	c.add	x11,x27	 x11:0x800034bc x27:0xbbbbbbbb x11=0x3bbbf077
        2345000	       135	800001d4	8189	c.srli	x11,0x2	 x11:0x3bbbf077 x11=0x0eeefc1d
        2355000	       136	800001d6	3bb59073	csrrw	x0,pmpaddr11,x11	 x11:0x0eeefc1d  x0=0x00000000
        2385000	       139	800001da	0f0f15b7	lui	x11,0xf0f1	 x11=0x0f0f1000
        2395000	       140	800001de	f0f58593	addi	x11,x11,-241	 x11:0x0f0f1000 x11=0x0f0f0f0f
        2405000	       141	800001e2	3a259073	csrrw	x0,pmpcfg2,x11	 x11:0x0f0f0f0f  x0=0x00000000
        2435000	       144	800001e6	00003597	auipc	x11,0x3	 x11=0x800031e6
        2445000	       145	800001ea	2d658593	addi	x11,x11,726	 x11:0x800031e6 x11=0x800034bc
        2455000	       146	800001ee	ccccddb7	lui	x27,0xccccd	 x27=0xccccd000
        2465000	       147	800001f2	cccd8d93	addi	x27,x27,-820	 x27:0xccccd000 x27=0xcccccccc
        2475000	       148	800001f6	95ee	c.add	x11,x27	 x11:0x800034bc x27:0xcccccccc x11=0x4ccd0188
        2485000	       149	800001f8	8189	c.srli	x11,0x2	 x11:0x4ccd0188 x11=0x13334062
        2495000	       150	800001fa	3bc59073	csrrw	x0,pmpaddr12,x11	 x11:0x13334062  x0=0x00000000
        2525000	       153	800001fe	00003597	auipc	x11,0x3	 x11=0x800031fe
        2535000	       154	80000202	2be58593	addi	x11,x11,702	 x11:0x800031fe x11=0x800034bc
        2545000	       155	80000206	ddddedb7	lui	x27,0xdddde	 x27=0xdddde000
        2555000	       156	8000020a	dddd8d93	addi	x27,x27,-547	 x27:0xdddde000 x27=0xdddddddd
        2565000	       157	8000020e	95ee	c.add	x11,x27	 x11:0x800034bc x27:0xdddddddd x11=0x5dde1299
        2575000	       158	80000210	8189	c.srli	x11,0x2	 x11:0x5dde1299 x11=0x177784a6
        2585000	       159	80000212	3bd59073	csrrw	x0,pmpaddr13,x11	 x11:0x177784a6  x0=0x00000000
        2615000	       162	80000216	00003597	auipc	x11,0x3	 x11=0x80003216
        2625000	       163	8000021a	2a658593	addi	x11,x11,678	 x11:0x80003216 x11=0x800034bc
        2635000	       164	8000021e	eeeefdb7	lui	x27,0xeeeef	 x27=0xeeeef000
        2645000	       165	80000222	eeed8d93	addi	x27,x27,-274	 x27:0xeeeef000 x27=0xeeeeeeee
        2655000	       166	80000226	95ee	c.add	x11,x27	 x11:0x800034bc x27:0xeeeeeeee x11=0x6eef23aa
        2665000	       167	80000228	8189	c.srli	x11,0x2	 x11:0x6eef23aa x11=0x1bbbc8ea
        2675000	       168	8000022a	3be59073	csrrw	x0,pmpaddr14,x11	 x11:0x1bbbc8ea  x0=0x00000000
        2705000	       171	8000022e	00003597	auipc	x11,0x3	 x11=0x8000322e
        2715000	       172	80000232	28e58593	addi	x11,x11,654	 x11:0x8000322e x11=0x800034bc
        2725000	       173	80000236	fff00d93	addi	x27,x0,-1	  x0:0x00000000 x27=0xffffffff
        2735000	       174	8000023a	95ee	c.add	x11,x27	 x11:0x800034bc x27:0xffffffff x11=0x800034bb
        2745000	       175	8000023c	8189	c.srli	x11,0x2	 x11:0x800034bb x11=0x20000d2e
        2755000	       176	8000023e	3bf59073	csrrw	x0,pmpaddr15,x11	 x11:0x20000d2e  x0=0x00000000
        2785000	       179	80000242	0f0f15b7	lui	x11,0xf0f1	 x11=0x0f0f1000
        2795000	       180	80000246	f0f58593	addi	x11,x11,-241	 x11:0x0f0f1000 x11=0x0f0f0f0f
        2805000	       181	8000024a	3a359073	csrrw	x0,pmpcfg3,x11	 x11:0x0f0f0f0f  x0=0x00000000
        2835000	       184	8000024e	00000d97	auipc	x27,0x0	 x27=0x8000024e
        2845000	       185	80000252	06ad8d93	addi	x27,x27,106	 x27:0x8000024e x27=0x800002b8
        2855000	       186	80000256	341d9073	csrrw	x0,mepc,x27	 x27:0x800002b8  x0=0x00000000
        2865000	       187	8000025a	7c00d073	csrrwi	x0,0x7c0,1	  x0=0x00000000
        2895000	       190	8000025e	6ac00db7	lui	x27,0x6ac00	 x27=0x6ac00000
        2905000	       191	80000262	0b6d8d93	addi	x27,x27,182	 x27:0x6ac00000 x27=0x6ac000b6
        2915000	       192	80000266	300d9073	csrrw	x0,mstatus,x27	 x27:0x6ac000b6  x0=0x00000000
        2945000	       195	8000026a	80369db7	lui	x27,0x80369	 x27=0x80369000
        2955000	       196	8000026e	1dfd	c.addi	x27,-1	 x27:0x80369000 x27=0x80368fff
        2965000	       197	80000270	304d9073	csrrw	x0,mie,x27	 x27:0x80368fff  x0=0x00000000
        2995000	       200	80000274	90000d37	lui	x26,0x90000	 x26=0x90000000
        3005000	       201	80000278	1d71	c.addi	x26,-4	 x26:0x90000000 x26=0x8ffffffc
        3015000	       202	8000027a	90000d37	lui	x26,0x90000	 x26=0x90000000
        3025000	       203	8000027e	1d71	c.addi	x26,-4	 x26:0x90000000 x26=0x8ffffffc
        3035000	       204	80000280	90000d37	lui	x26,0x90000	 x26=0x90000000
        3045000	       205	80000284	1d71	c.addi	x26,-4	 x26:0x90000000 x26=0x8ffffffc
        3055000	       206	80000286	30000d93	addi	x27,x0,768	  x0:0x00000000 x27=0x00000300
        3065000	       207	8000028a	0da2	c.slli	x27,0x8	 x27:0x00000300 x27=0x00030000
        3075000	       208	8000028c	0d8d	c.addi	x27,3	 x27:0x00030000 x27=0x00030003
        3085000	       209	8000028e	01bd2023	sw	x27,0(x26)	 x26:0x8ffffffc x27:0x00030003 PA:0x8ffffffc store:0x00030003 load:0x00000000
        3095000	       210	80000292	30002df3	csrrs	x27,mstatus,x0	  x0:0x00000000 x27=0x00000080
        3105000	       211	80000296	01bd2023	sw	x27,0(x26)	 x26:0x8ffffffc x27:0x00000080 PA:0x8ffffffc store:0x00000080 load:0x00000000
        3115000	       212	8000029a	90000d37	lui	x26,0x90000	 x26=0x90000000
        3125000	       213	8000029e	1d71	c.addi	x26,-4	 x26:0x90000000 x26=0x8ffffffc
        3135000	       214	800002a0	30400d93	addi	x27,x0,772	  x0:0x00000000 x27=0x00000304
        3145000	       215	800002a4	0da2	c.slli	x27,0x8	 x27:0x00000304 x27=0x00030400
        3155000	       216	800002a6	0d8d	c.addi	x27,3	 x27:0x00030400 x27=0x00030403
        3165000	       217	800002a8	01bd2023	sw	x27,0(x26)	 x26:0x8ffffffc x27:0x00030403 PA:0x8ffffffc store:0x00030403 load:0x00000000
        3175000	       218	800002ac	30402df3	csrrs	x27,mie,x0	  x0:0x00000000 x27=0x00360888
        3185000	       219	800002b0	01bd2023	sw	x27,0(x26)	 x26:0x8ffffffc x27:0x00360888 PA:0x8ffffffc store:0x00360888 load:0x00000000
        3195000	       220	800002b4	30200073	mret	
        3225000	       223	800002b8	00100013	addi	x0,x0,1	  x0:0x00000000  x0=0x00000000
        3235000	       224	800002bc	49ecc0b7	lui	x1,0x49ecc	  x1=0x49ecc000
        3245000	       225	800002c0	08708093	addi	x1,x1,135	  x1:0x49ecc000  x1=0x49ecc087
        3255000	       226	800002c4	4101	c.li	x2,0	  x2=0x00000000
        3265000	       227	800002c6	800001b7	lui	x3,0x80000	  x3=0x80000000
        3275000	       228	800002ca	80000237	lui	x4,0x80000	  x4=0x80000000
        3285000	       229	800002ce	4281	c.li	x5,0	  x5=0x00000000
        3295000	       230	800002d0	80000337	lui	x6,0x80000	  x6=0x80000000
        3305000	       231	800002d4	800003b7	lui	x7,0x80000	  x7=0x80000000
        3315000	       232	800002d8	4435	c.li	x8,13	  x8=0x0000000d
        3325000	       233	800002da	f3c464b7	lui	x9,0xf3c46	  x9=0xf3c46000
        3335000	       234	800002de	49248493	addi	x9,x9,1170	  x9:0xf3c46000  x9=0xf3c46492
        3345000	       235	800002e2	7db24537	lui	x10,0x7db24	 x10=0x7db24000
        3355000	       236	800002e6	02d50513	addi	x10,x10,45	 x10:0x7db24000 x10=0x7db2402d
        3365000	       237	800002ea	f1e8b5b7	lui	x11,0xf1e8b	 x11=0xf1e8b000
        3375000	       238	800002ee	1fd58593	addi	x11,x11,509	 x11:0xf1e8b000 x11=0xf1e8b1fd
        3385000	       239	800002f2	ea41f637	lui	x12,0xea41f	 x12=0xea41f000
        3395000	       240	800002f6	80f60613	addi	x12,x12,-2033	 x12:0xea41f000 x12=0xea41e80f
        3405000	       241	800002fa	4715	c.li	x14,5	 x14=0x00000005
        3415000	       242	800002fc	4781	c.li	x15,0	 x15=0x00000000
        3425000	       243	800002fe	80000837	lui	x16,0x80000	 x16=0x80000000
        3435000	       244	80000302	800008b7	lui	x17,0x80000	 x17=0x80000000
        3445000	       245	80000306	80000937	lui	x18,0x80000	 x18=0x80000000
        3455000	       246	8000030a	247fa9b7	lui	x19,0x247fa	 x19=0x247fa000
        3465000	       247	8000030e	13498993	addi	x19,x19,308	 x19:0x247fa000 x19=0x247fa134
        3475000	       248	80000312	80000a37	lui	x20,0x80000	 x20=0x80000000
        3485000	       249	80000316	3377aab7	lui	x21,0x3377a	 x21=0x3377a000
        3495000	       250	8000031a	6b3a8a93	addi	x21,x21,1715	 x21:0x3377a000 x21=0x3377a6b3
        3505000	       251	8000031e	4b39	c.li	x22,14	 x22=0x0000000e
        3515000	       252	80000320	80000c37	lui	x24,0x80000	 x24=0x80000000
        3525000	       253	80000324	e4118cb7	lui	x25,0xe4118	 x25=0xe4118000
        3535000	       254	80000328	4b0c8c93	addi	x25,x25,1200	 x25:0xe4118000 x25=0xe41184b0
        3545000	       255	8000032c	ff8e3d37	lui	x26,0xff8e3	 x26=0xff8e3000
        3555000	       256	80000330	42dd0d13	addi	x26,x26,1069	 x26:0xff8e3000 x26=0xff8e342d
        3565000	       257	80000334	4d81	c.li	x27,0	 x27=0x00000000
        3575000	       258	80000336	f756ee37	lui	x28,0xf756e	 x28=0xf756e000
        3585000	       259	8000033a	58be0e13	addi	x28,x28,1419	 x28:0xf756e000 x28=0xf756e58b
        3595000	       260	8000033e	b0c56eb7	lui	x29,0xb0c56	 x29=0xb0c56000
        3605000	       261	80000342	673e8e93	addi	x29,x29,1651	 x29:0xb0c56000 x29=0xb0c56673
        3615000	       262	80000346	f208df37	lui	x30,0xf208d	 x30=0xf208d000
        3625000	       263	8000034a	d6cf0f13	addi	x30,x30,-660	 x30:0xf208d000 x30=0xf208cd6c
        3635000	       264	8000034e	09249fb7	lui	x31,0x9249	 x31=0x09249000
        3645000	       265	80000352	2b6f8f93	addi	x31,x31,694	 x31:0x09249000 x31=0x092492b6
        3655000	       266	80000356	00029b97	auipc	x23,0x29	 x23=0x80029356
        3665000	       267	8000035a	b0eb8b93	addi	x23,x23,-1266	 x23:0x80029356 x23=0x80028e64
        3675000	       268	8000035e	90000d37	lui	x26,0x90000	 x26=0x90000000
        3685000	       269	80000362	1d71	c.addi	x26,-4	 x26:0x90000000 x26=0x8ffffffc
        3695000	       270	80000364	4d81	c.li	x27,0	 x27=0x00000000
        3705000	       271	80000366	0da2	c.slli	x27,0x8	 x27:0x00000000 x27=0x00000000
        3715000	       272	80000368	000d8d93	addi	x27,x27,0	 x27:0x00000000 x27=0x00000000
        3725000	       273	8000036c	01bd2023	sw	x27,0(x26)	 x26:0x8ffffffc x27:0x00000000 PA:0x8ffffffc store:0x00000000 load:0x00000000
        3735000	       274	80000370	14c0306f	jal	x0,800034bc	  x0=0x00000000
        3755000	       276	800034bc	00010297	auipc	x5,0x10	  x5=0x800134bc
        3765000	       277	800034c0	52728293	addi	x5,x5,1319	  x5:0x800134bc  x5=0x800139e3
        3775000	       278	800034c4	008a1433	sll	x8,x20,x8	 x20:0x80000000  x8:0x0000000d  x8=0x00000000
        3785000	       279	800034c8	0a92aa03	lw	x20,169(x5)	  x5:0x800139e3 x20=0x51210c8a PA:0x80013a8c load:0x51210c8a
        3795000	       280	800034cc	0a92d883	lhu	x17,169(x5)	  x5:0x800139e3 x17=0x00000c8a PA:0x80013a8c load:0x00000c8a
        3805000	       281	800034d0	0a32a4a3	sw	x3,169(x5)	  x5:0x800139e3  x3:0x80000000 PA:0x80013a8c store:0x80000000 load:0x00000000
        3815000	       282	800034d4	0a92a103	lw	x2,169(x5)	  x5:0x800139e3  x2=0x80000000 PA:0x80013a8c load:0x80000000
        3825000	       283	800034d8	0a92aa03	lw	x20,169(x5)	  x5:0x800139e3 x20=0x80000000 PA:0x80013a8c load:0x80000000
        3835000	       284	800034dc	0b3284a3	sb	x19,169(x5)	  x5:0x800139e3 x19:0x247fa134 PA:0x80013a8c store:0x247fa134 load:0x00000000
        3845000	       285	800034e0	0a92d783	lhu	x15,169(x5)	  x5:0x800139e3 x15=0x00000034 PA:0x80013a8c load:0x00000034
        3855000	       286	800034e4	0001	c.addi	x0,0	  x0:0x00000000  x0=0x00000000
        3865000	       287	800034e6	57fd	c.li	x15,-1	 x15=0xffffffff
        3875000	       288	800034e8	0a929c83	lh	x25,169(x5)	  x5:0x800139e3 x25=0x00000034 PA:0x80013a8c load:0x00000034
        3885000	       289	800034ec	015f0533	add	x10,x30,x21	 x30:0xf208cd6c x21:0x3377a6b3 x10=0x2580741f
        3895000	       290	800034f0	0be294a3	sh	x30,169(x5)	  x5:0x800139e3 x30:0xf208cd6c PA:0x80013a8c store:0xf208cd6c load:0x00000000
        3905000	       291	800034f4	6439	c.lui	x8,0xe	  x8=0x0000e000
        3915000	       292	800034f6	f372dd03	lhu	x26,-201(x5)	  x5:0x800139e3 x26=0x0000bab0 PA:0x8001391a load:0x0000bab0
        3925000	       293	800034fa	f3729383	lh	x7,-201(x5)	  x5:0x800139e3  x7=0xffffbab0 PA:0x8001391a load:0xffffbab0
        3935000	       294	800034fe	0000100f	fence.i	
        3965000	       297	80003502	f3c29ba3	sh	x28,-201(x5)	  x5:0x800139e3 x28:0xf756e58b PA:0x8001391a store:0xf756e58b load:0x00000000
        3975000	       298	80003506	f2d29ba3	sh	x13,-201(x5)	  x5:0x800139e3 x13:0x8002cce4 PA:0x8001391a store:0x8002cce4 load:0x00000000
        3985000	       299	8000350a	0c1292a3	sh	x1,197(x5)	  x5:0x800139e3  x1:0x49ecc087 PA:0x80013aa8 store:0x49ecc087 load:0x00000000
        3995000	       300	8000350e	0d5282a3	sb	x21,197(x5)	  x5:0x800139e3 x21:0x3377a6b3 PA:0x80013aa8 store:0x3377a6b3 load:0x00000000
        4005000	       301	80003512	0c528e03	lb	x28,197(x5)	  x5:0x800139e3 x28=0xffffffb3 PA:0x80013aa8 load:0xffffffb3
        4015000	       302	80003516	0da292a3	sh	x26,197(x5)	  x5:0x800139e3 x26:0x0000bab0 PA:0x80013aa8 store:0x0000bab0 load:0x00000000
        4025000	       303	8000351a	00010117	auipc	x2,0x10	  x2=0x8001351a
        4035000	       304	8000351e	0ab10113	addi	x2,x2,171	  x2:0x8001351a  x2=0x800135c5
        4045000	       305	80003522	1303a393	slti	x7,x7,304	  x7:0xffffbab0  x7=0x00000001
        4055000	       306	80003526	997d	c.andi	x10,-1	 x10:0x2580741f x10=0x2580741f
        4065000	       307	80003528	01614503	lbu	x10,22(x2)	  x2:0x800135c5 x10=0x00000029 PA:0x800135db load:0x00000029
        4075000	       308	8000352c	24a241b7	lui	x3,0x24a24	  x3=0x24a24000
        4085000	       309	80003530	00191193	slli	x3,x18,0x1	 x18:0x80000000  x3=0x00000000
        4095000	       310	80003534	01010383	lb	x7,16(x2)	  x2:0x800135c5  x7=0xffffffa8 PA:0x800135d5 load:0xffffffa8
        4105000	       311	80003538	00a1d733	srl	x14,x3,x10	  x3:0x00000000 x10:0x00000029 x14=0x00000000
        4115000	       312	8000353c	02f14703	lbu	x14,47(x2)	  x2:0x800135c5 x14=0x0000006f PA:0x800135f4 load:0x0000006f
        4125000	       313	80003540	00e89913	slli	x18,x17,0xe	 x17:0x00000c8a x18=0x03228000
        4135000	       314	80003544	01110923	sb	x17,18(x2)	  x2:0x800135c5 x17:0x00000c8a PA:0x800135d7 store:0x00000c8a load:0x00000000
        4145000	       315	80003548	8769	c.srai	x14,0x1a	 x14:0x0000006f x14=0x00000000
        4155000	       316	8000354a	0ff0000f	fence	iorw,iorw	
        4165000	       317	8000354e	18fd	c.addi	x17,-1	 x17:0x00000c8a x17=0x00000c89
        4175000	       318	80003550	ff211ea3	sh	x18,-3(x2)	  x2:0x800135c5 x18:0x03228000 PA:0x800135c2 store:0x03228000 load:0x00000000
        4185000	       319	80003554	df257537	lui	x10,0xdf257	 x10=0xdf257000
        4195000	       320	80003558	fed11883	lh	x17,-19(x2)	  x2:0x800135c5 x17=0x00004ee2 PA:0x800135b2 load:0x00004ee2
        4205000	       321	8000355c	fc111883	lh	x17,-63(x2)	  x2:0x800135c5 x17=0x000075a6 PA:0x80013586 load:0x000075a6
        4215000	       322	80003560	01210023	sb	x18,0(x2)	  x2:0x800135c5 x18:0x03228000 PA:0x800135c5 store:0x03228000 load:0x00000000
        4225000	       323	80003564	8779	c.srai	x14,0x1e	 x14:0x00000000 x14=0x00000000
        4235000	       324	80003566	01014183	lbu	x3,16(x2)	  x2:0x800135c5  x3=0x000000a8 PA:0x800135d5 load:0x000000a8
        4245000	       325	8000356a	834d	c.srli	x14,0x13	 x14:0x00000000 x14=0x00000000
        4255000	       326	8000356c	d0bc6517	auipc	x10,0xd0bc6	 x10=0x50bc956c
        4265000	       327	80003570	03210523	sb	x18,42(x2)	  x2:0x800135c5 x18:0x03228000 PA:0x800135ef store:0x03228000 load:0x00000000
        4275000	       328	80003574	8d09	c.sub	x10,x10	 x10:0x50bc956c x10:0x50bc956c x10=0x00000000
        4285000	       329	80003576	40a95533	sra	x10,x18,x10	 x18:0x03228000 x10:0x00000000 x10=0x03228000
        4295000	       330	8000357a	fee10623	sb	x14,-20(x2)	  x2:0x800135c5 x14:0x00000000 PA:0x800135b1 store:0x00000000 load:0x00000000
        4305000	       331	8000357e	871d	c.srai	x14,0x7	 x14:0x00000000 x14=0x00000000
        4315000	       332	80003580	0073a8b3	slt	x17,x7,x7	  x7:0xffffffa8  x7:0xffffffa8 x17=0x00000000
        4325000	       333	80003584	01e14383	lbu	x7,30(x2)	  x2:0x800135c5  x7=0x000000bd PA:0x800135e3 load:0x000000bd
        4335000	       334	80003588	01190733	add	x14,x18,x17	 x18:0x03228000 x17:0x00000000 x14=0x03228000
        4345000	       335	8000358c	a7d1e513	ori	x10,x3,-1411	  x3:0x000000a8 x10=0xfffffafd
        4355000	       336	80003590	0000100f	fence.i	
        4375000	       338	80003594	68d5	c.lui	x17,0x15	 x17=0x00015000
        4385000	       339	80003596	01914383	lbu	x7,25(x2)	  x2:0x800135c5  x7=0x000000c6 PA:0x800135de load:0x000000c6
        4755000	       376	8000359a	02374533	div	x10,x14,x3	 x14:0x03228000  x3:0x000000a8 x10=0x0004c6db
        4765000	       377	8000359e	fd1104a3	sb	x17,-55(x2)	  x2:0x800135c5 x17:0x00015000 PA:0x8001358e store:0x00015000 load:0x00000000
        4775000	       378	800035a2	fd114503	lbu	x10,-47(x2)	  x2:0x800135c5 x10=0x00000097 PA:0x80013596 load:0x00000097
        4785000	       379	800035a6	8b55	c.andi	x14,21	 x14:0x03228000 x14=0x00000000
        4795000	       380	800035a8	b4d56917	auipc	x18,0xb4d56	 x18=0x34d595a8
        4805000	       381	800035ac	01d5	c.addi	x3,21	  x3:0x000000a8  x3=0x000000bd
        4815000	       382	800035ae	40a95533	sra	x10,x18,x10	 x18:0x34d595a8 x10:0x00000097 x10=0x00000069
        5185000	       419	800035b2	02a3e8b3	rem	x17,x7,x10	  x7:0x000000c6 x10:0x00000069 x17=0x0000005d
        5195000	       420	800035b6	003123a3	sw	x3,7(x2)	  x2:0x800135c5  x3:0x000000bd PA:0x800135cc store:0x000000bd load:0x00000000
        5205000	       421	800035ba	42a1	c.li	x5,8	  x5=0x00000008
        5225000	       423	800035bc	020d7333	remu	x6,x26,x0	 x26:0x0000bab0  x0:0x00000000  x6=0x0000bab0
        5235000	       424	800035c0	0001	c.addi	x0,0	  x0:0x00000000  x0=0x00000000
        5245000	       425	800035c2	0680	c.addi4spn	x8,x2,832	  x8=0x80013905
        5255000	       426	800035c4	01ec17b3	sll	x15,x24,x30	 x24:0x80000000 x30:0xf208cd6c x15=0x00000000
        5265000	       427	800035c8	01eddc93	srli	x25,x27,0x1e	 x27:0x00000000 x25=0x00000000
        5275000	       428	800035cc	0012b1b3	sltu	x3,x5,x1	  x5:0x00000008  x1:0x49ecc087  x3=0x00000001
        5285000	       429	800035d0	e2638493	addi	x9,x7,-474	  x7:0x000000c6  x9=0xfffffeec
        5295000	       430	800035d4	997d	c.andi	x10,-1	 x10:0x00000069 x10=0x00000069
        5305000	       431	800035d6	4c5c0e13	addi	x28,x24,1221	 x24:0x80000000 x28=0x800004c5
        5315000	       432	800035da	0096a833	slt	x16,x13,x9	 x13:0x8002cce4  x9:0xfffffeec x16=0x00000001
        5325000	       433	800035de	409d	c.li	x1,7	  x1=0x00000007
        5335000	       434	800035e0	00e277b3	and	x15,x4,x14	  x4:0x80000000 x14:0x00000000 x15=0x00000000
        5345000	       435	800035e4	010a1893	slli	x17,x20,0x10	 x20:0x80000000 x17=0x00000000
        5355000	       436	800035e8	0a25	c.addi	x20,9	 x20:0x80000000 x20=0x80000009
        5365000	       437	800035ea	729df493	andi	x9,x27,1833	 x27:0x00000000  x9=0x00000000
        5375000	       438	800035ee	12ed	c.addi	x5,-5	  x5:0x00000008  x5=0x00000003
        5385000	       439	800035f0	fe1bc413	xori	x8,x23,-31	 x23:0x80028e64  x8=0x7ffd7185
        5395000	       440	800035f4	9c177f13	andi	x30,x14,-1599	 x14:0x00000000 x30=0x00000000
        5405000	       441	800035f8	416d0433	sub	x8,x26,x22	 x26:0x0000bab0 x22:0x0000000e  x8=0x0000baa2
        5415000	       442	800035fc	fe12f6e3	bgeu	x5,x1,800035e8	  x5:0x00000003  x1:0x00000007
        5425000	       443	80003600	00b41893	slli	x17,x8,0xb	  x8:0x0000baa2 x17=0x05d51000
        5435000	       444	80003604	01c000ef	jal	x1,80003620	  x1=0x80003608
        5455000	       446	80003620	ff1ff36f	jal	x6,80003610	  x6=0x80003624
        5475000	       448	80003610	a00d	c.j	80003632	
        5495000	       450	80003632	bff5	c.j	8000362e	
        5515000	       452	8000362e	b7f5	c.j	8000361a	
        5545000	       455	8000361a	ff9ff8ef	jal	x17,80003612	 x17=0x8000361e
        5565000	       457	80003612	3fdd	c.jal	80003608	  x1=0x80003614
        5585000	       459	80003608	02c000ef	jal	x1,80003634	  x1=0x8000360c
        5605000	       461	80003634	fe1ff0ef	jal	x1,80003614	  x1=0x80003638
        5625000	       463	80003614	2811	c.jal	80003628	  x1=0x80003616
        5645000	       465	80003628	2811	c.jal	8000363c	  x1=0x8000362a
        5665000	       467	8000363c	fdbff0ef	jal	x1,80003616	  x1=0x80003640
        5695000	       470	80003616	008004ef	jal	x9,8000361e	  x9=0x8000361a
        5715000	       472	8000361e	a031	c.j	8000362a	
        5745000	       475	8000362a	006007ef	jal	x15,80003630	 x15=0x8000362e
        5765000	       477	80003630	a029	c.j	8000363a	
        5785000	       479	8000363a	bffd	c.j	80003638	
        5805000	       481	80003638	37f5	c.jal	80003624	  x1=0x8000363a
        5825000	       483	80003624	fe9ff36f	jal	x6,8000360c	  x6=0x80003628
        5845000	       485	8000360c	0340036f	jal	x6,80003640	  x6=0x80003610
        5865000	       487	80003640	f63e5197	auipc	x3,0xf63e5	  x3=0x763e8640
        5875000	       488	80003644	00018d17	auipc	x26,0x18	 x26=0x8001b644
        5885000	       489	80003648	be5d0d13	addi	x26,x26,-1051	 x26:0x8001b644 x26=0x8001b229
        5895000	       490	8000364c	f62d4c83	lbu	x25,-158(x26)	 x26:0x8001b229 x25=0x00000088 PA:0x8001b18b load:0x00000088
        5905000	       491	80003650	8e59	c.or	x12,x14	 x12:0xea41e80f x14:0x00000000 x12=0xea41e80f
        5915000	       492	80003652	207c4f93	xori	x31,x24,519	 x24:0x80000000 x31=0x80000207
        5925000	       493	80003656	64b9	c.lui	x9,0xe	  x9=0x0000e000
        5935000	       494	80003658	fa7d0da3	sb	x7,-69(x26)	 x26:0x8001b229  x7:0x000000c6 PA:0x8001b1e4 store:0x000000c6 load:0x00000000
        5945000	       495	8000365c	0001	c.addi	x0,0	  x0:0x00000000  x0=0x00000000
        5955000	       496	8000365e	01e18b33	add	x22,x3,x30	  x3:0x763e8640 x30:0x00000000 x22=0x763e8640
        6325000	       533	80003662	03c9e3b3	rem	x7,x19,x28	 x19:0x247fa134 x28:0x800004c5  x7=0x247fa134
        6365000	       537	8000272c	fd8fe06f	jal	x0,80000f04	  x0=0x00000000
        6385000	       539	80000f04	16f1	c.addi	x13,-4	 x13:0x8002cce4 x13=0x8002cce0
        6395000	       540	80000f06	0176a023	sw	x23,0(x13)	 x13:0x8002cce0 x23:0x80028e64 PA:0x8002cce0 store:0x80028e64 load:0x00000000
        6405000	       541	80000f0a	00068bb3	add	x23,x13,x0	 x13:0x8002cce0  x0:0x00000000 x23=0x8002cce0
        6415000	       542	80000f0e	f80b8b93	addi	x23,x23,-128	 x23:0x8002cce0 x23=0x8002cc60
        6425000	       543	80000f12	001ba223	sw	x1,4(x23)	 x23:0x8002cc60  x1:0x8000363a PA:0x8002cc64 store:0x8000363a load:0x00000000
        6435000	       544	80000f16	002ba423	sw	x2,8(x23)	 x23:0x8002cc60  x2:0x800135c5 PA:0x8002cc68 store:0x800135c5 load:0x00000000
        6445000	       545	80000f1a	003ba623	sw	x3,12(x23)	 x23:0x8002cc60  x3:0x763e8640 PA:0x8002cc6c store:0x763e8640 load:0x00000000
        6455000	       546	80000f1e	004ba823	sw	x4,16(x23)	 x23:0x8002cc60  x4:0x80000000 PA:0x8002cc70 store:0x80000000 load:0x00000000
        6465000	       547	80000f22	005baa23	sw	x5,20(x23)	 x23:0x8002cc60  x5:0x00000003 PA:0x8002cc74 store:0x00000003 load:0x00000000
        6475000	       548	80000f26	006bac23	sw	x6,24(x23)	 x23:0x8002cc60  x6:0x80003610 PA:0x8002cc78 store:0x80003610 load:0x00000000
        6485000	       549	80000f2a	007bae23	sw	x7,28(x23)	 x23:0x8002cc60  x7:0x247fa134 PA:0x8002cc7c store:0x247fa134 load:0x00000000
        6495000	       550	80000f2e	028ba023	sw	x8,32(x23)	 x23:0x8002cc60  x8:0x0000baa2 PA:0x8002cc80 store:0x0000baa2 load:0x00000000
        6505000	       551	80000f32	029ba223	sw	x9,36(x23)	 x23:0x8002cc60  x9:0x0000e000 PA:0x8002cc84 store:0x0000e000 load:0x00000000
        6515000	       552	80000f36	02aba423	sw	x10,40(x23)	 x23:0x8002cc60 x10:0x00000069 PA:0x8002cc88 store:0x00000069 load:0x00000000
        6525000	       553	80000f3a	02bba623	sw	x11,44(x23)	 x23:0x8002cc60 x11:0xf1e8b1fd PA:0x8002cc8c store:0xf1e8b1fd load:0x00000000
        6535000	       554	80000f3e	02cba823	sw	x12,48(x23)	 x23:0x8002cc60 x12:0xea41e80f PA:0x8002cc90 store:0xea41e80f load:0x00000000
        6545000	       555	80000f42	02dbaa23	sw	x13,52(x23)	 x23:0x8002cc60 x13:0x8002cce0 PA:0x8002cc94 store:0x8002cce0 load:0x00000000
        6555000	       556	80000f46	02ebac23	sw	x14,56(x23)	 x23:0x8002cc60 x14:0x00000000 PA:0x8002cc98 store:0x00000000 load:0x00000000
        6565000	       557	80000f4a	02fbae23	sw	x15,60(x23)	 x23:0x8002cc60 x15:0x8000362e PA:0x8002cc9c store:0x8000362e load:0x00000000
        6575000	       558	80000f4e	050ba023	sw	x16,64(x23)	 x23:0x8002cc60 x16:0x00000001 PA:0x8002cca0 store:0x00000001 load:0x00000000
        6585000	       559	80000f52	051ba223	sw	x17,68(x23)	 x23:0x8002cc60 x17:0x8000361e PA:0x8002cca4 store:0x8000361e load:0x00000000
        6595000	       560	80000f56	052ba423	sw	x18,72(x23)	 x23:0x8002cc60 x18:0x34d595a8 PA:0x8002cca8 store:0x34d595a8 load:0x00000000
        6605000	       561	80000f5a	053ba623	sw	x19,76(x23)	 x23:0x8002cc60 x19:0x247fa134 PA:0x8002ccac store:0x247fa134 load:0x00000000
        6615000	       562	80000f5e	054ba823	sw	x20,80(x23)	 x23:0x8002cc60 x20:0x80000009 PA:0x8002ccb0 store:0x80000009 load:0x00000000
        6625000	       563	80000f62	055baa23	sw	x21,84(x23)	 x23:0x8002cc60 x21:0x3377a6b3 PA:0x8002ccb4 store:0x3377a6b3 load:0x00000000
        6635000	       564	80000f66	056bac23	sw	x22,88(x23)	 x23:0x8002cc60 x22:0x763e8640 PA:0x8002ccb8 store:0x763e8640 load:0x00000000
        6645000	       565	80000f6a	057bae23	sw	x23,92(x23)	 x23:0x8002cc60 x23:0x8002cc60 PA:0x8002ccbc store:0x8002cc60 load:0x00000000
        6655000	       566	80000f6e	078ba023	sw	x24,96(x23)	 x23:0x8002cc60 x24:0x80000000 PA:0x8002ccc0 store:0x80000000 load:0x00000000
        6665000	       567	80000f72	079ba223	sw	x25,100(x23)	 x23:0x8002cc60 x25:0x00000088 PA:0x8002ccc4 store:0x00000088 load:0x00000000
        6675000	       568	80000f76	07aba423	sw	x26,104(x23)	 x23:0x8002cc60 x26:0x8001b229 PA:0x8002ccc8 store:0x8001b229 load:0x00000000
        6685000	       569	80000f7a	07bba623	sw	x27,108(x23)	 x23:0x8002cc60 x27:0x00000000 PA:0x8002cccc store:0x00000000 load:0x00000000
        6695000	       570	80000f7e	07cba823	sw	x28,112(x23)	 x23:0x8002cc60 x28:0x800004c5 PA:0x8002ccd0 store:0x800004c5 load:0x00000000
        6705000	       571	80000f82	07dbaa23	sw	x29,116(x23)	 x23:0x8002cc60 x29:0xb0c56673 PA:0x8002ccd4 store:0xb0c56673 load:0x00000000
        6715000	       572	80000f86	07ebac23	sw	x30,120(x23)	 x23:0x8002cc60 x30:0x00000000 PA:0x8002ccd8 store:0x00000000 load:0x00000000
        6725000	       573	80000f8a	07fbae23	sw	x31,124(x23)	 x23:0x8002cc60 x31:0x80000207 PA:0x8002ccdc store:0x80000207 load:0x00000000
        6735000	       574	80000f8e	000b86b3	add	x13,x23,x0	 x23:0x8002cc60  x0:0x00000000 x13=0x8002cc60
        6745000	       575	80000f92	90000d37	lui	x26,0x90000	 x26=0x90000000
        6755000	       576	80000f96	1d71	c.addi	x26,-4	 x26:0x90000000 x26=0x8ffffffc
        6765000	       577	80000f98	4d99	c.li	x27,6	 x27=0x00000006
        6775000	       578	80000f9a	0da2	c.slli	x27,0x8	 x27:0x00000006 x27=0x00000600
        6785000	       579	80000f9c	000d8d93	addi	x27,x27,0	 x27:0x00000600 x27=0x00000600
        6795000	       580	80000fa0	01bd2023	sw	x27,0(x26)	 x26:0x8ffffffc x27:0x00000600 PA:0x8ffffffc store:0x00000600 load:0x00000000
        6805000	       581	80000fa4	34202df3	csrrs	x27,mcause,x0	  x0:0x00000000 x27=0x8000000b
        6815000	       582	80000fa8	01fddd93	srli	x27,x27,0x1f	 x27:0x8000000b x27=0x00000001
        6825000	       583	80000fac	060d8863	beq	x27,x0,8000101c	 x27:0x00000001  x0:0x00000000
        6835000	       584	80000fb0	90000d37	lui	x26,0x90000	 x26=0x90000000
        6845000	       585	80000fb4	1d71	c.addi	x26,-4	 x26:0x90000000 x26=0x8ffffffc
        6855000	       586	80000fb6	30000d93	addi	x27,x0,768	  x0:0x00000000 x27=0x00000300
        6865000	       587	80000fba	0da2	c.slli	x27,0x8	 x27:0x00000300 x27=0x00030000
        6875000	       588	80000fbc	0d8d	c.addi	x27,3	 x27:0x00030000 x27=0x00030003
        6885000	       589	80000fbe	01bd2023	sw	x27,0(x26)	 x26:0x8ffffffc x27:0x00030003 PA:0x8ffffffc store:0x00030003 load:0x00000000
        6895000	       590	80000fc2	30002df3	csrrs	x27,mstatus,x0	  x0:0x00000000 x27=0x00000080
        6905000	       591	80000fc6	01bd2023	sw	x27,0(x26)	 x26:0x8ffffffc x27:0x00000080 PA:0x8ffffffc store:0x00000080 load:0x00000000
        6915000	       592	80000fca	90000d37	lui	x26,0x90000	 x26=0x90000000
        6925000	       593	80000fce	1d71	c.addi	x26,-4	 x26:0x90000000 x26=0x8ffffffc
        6935000	       594	80000fd0	34200d93	addi	x27,x0,834	  x0:0x00000000 x27=0x00000342
        6945000	       595	80000fd4	0da2	c.slli	x27,0x8	 x27:0x00000342 x27=0x00034200
        6955000	       596	80000fd6	0d8d	c.addi	x27,3	 x27:0x00034200 x27=0x00034203
        6965000	       597	80000fd8	01bd2023	sw	x27,0(x26)	 x26:0x8ffffffc x27:0x00034203 PA:0x8ffffffc store:0x00034203 load:0x00000000
        6975000	       598	80000fdc	34202df3	csrrs	x27,mcause,x0	  x0:0x00000000 x27=0x8000000b
        6985000	       599	80000fe0	01bd2023	sw	x27,0(x26)	 x26:0x8ffffffc x27:0x8000000b PA:0x8ffffffc store:0x8000000b load:0x00000000
        6995000	       600	80000fe4	90000d37	lui	x26,0x90000	 x26=0x90000000
        7005000	       601	80000fe8	1d71	c.addi	x26,-4	 x26:0x90000000 x26=0x8ffffffc
        7015000	       602	80000fea	30400d93	addi	x27,x0,772	  x0:0x00000000 x27=0x00000304
        7025000	       603	80000fee	0da2	c.slli	x27,0x8	 x27:0x00000304 x27=0x00030400
        7035000	       604	80000ff0	0d8d	c.addi	x27,3	 x27:0x00030400 x27=0x00030403
        7045000	       605	80000ff2	01bd2023	sw	x27,0(x26)	 x26:0x8ffffffc x27:0x00030403 PA:0x8ffffffc store:0x00030403 load:0x00000000
        7055000	       606	80000ff6	30402df3	csrrs	x27,mie,x0	  x0:0x00000000 x27=0x00360888
        7065000	       607	80000ffa	01bd2023	sw	x27,0(x26)	 x26:0x8ffffffc x27:0x00360888 PA:0x8ffffffc store:0x00360888 load:0x00000000
        7075000	       608	80000ffe	90000d37	lui	x26,0x90000	 x26=0x90000000
        7085000	       609	80001002	1d71	c.addi	x26,-4	 x26:0x90000000 x26=0x8ffffffc
        7095000	       610	80001004	34400d93	addi	x27,x0,836	  x0:0x00000000 x27=0x00000344
        7105000	       611	80001008	0da2	c.slli	x27,0x8	 x27:0x00000344 x27=0x00034400
        7115000	       612	8000100a	0d8d	c.addi	x27,3	 x27:0x00034400 x27=0x00034403
        7125000	       613	8000100c	01bd2023	sw	x27,0(x26)	 x26:0x8ffffffc x27:0x00034403 PA:0x8ffffffc store:0x00034403 load:0x00000000
        7135000	       614	80001010	34402df3	csrrs	x27,mip,x0	  x0:0x00000000 x27=0x00000000
        7145000	       615	80001014	01bd2023	sw	x27,0(x26)	 x26:0x8ffffffc x27:0x00000000 PA:0x8ffffffc store:0x00000000 load:0x00000000
        7155000	       616	80001018	2b41106f	jal	x0,800122cc	  x0=0x00000000
        7175000	       618	800122cc	30002df3	csrrs	x27,mstatus,x0	  x0:0x00000000 x27=0x00000080
        7185000	       619	800122d0	30402df3	csrrs	x27,mie,x0	  x0:0x00000000 x27=0x00360888
        7195000	       620	800122d4	34402df3	csrrs	x27,mip,x0	  x0:0x00000000 x27=0x00000000
        7205000	       621	800122d8	344dbdf3	csrrc	x27,mip,x27	 x27:0x00000000 x27=0x00000000
        7235000	       624	800122dc	90000d37	lui	x26,0x90000	 x26=0x90000000
        7245000	       625	800122e0	1d71	c.addi	x26,-4	 x26:0x90000000 x26=0x8ffffffc
        7255000	       626	800122e2	4d9d	c.li	x27,7	 x27=0x00000007
        7265000	       627	800122e4	0da2	c.slli	x27,0x8	 x27:0x00000007 x27=0x00000700
        7275000	       628	800122e6	000d8d93	addi	x27,x27,0	 x27:0x00000700 x27=0x00000700
        7285000	       629	800122ea	01bd2023	sw	x27,0(x26)	 x26:0x8ffffffc x27:0x00000700 PA:0x8ffffffc store:0x00000700 load:0x00000000
        7295000	       630	800122ee	00068bb3	add	x23,x13,x0	 x13:0x8002cc60  x0:0x00000000 x23=0x8002cc60
        7305000	       631	800122f2	004ba083	lw	x1,4(x23)	 x23:0x8002cc60  x1=0x8000363a PA:0x8002cc64 load:0x8000363a
        7315000	       632	800122f6	008ba103	lw	x2,8(x23)	 x23:0x8002cc60  x2=0x800135c5 PA:0x8002cc68 load:0x800135c5
        7325000	       633	800122fa	00cba183	lw	x3,12(x23)	 x23:0x8002cc60  x3=0x763e8640 PA:0x8002cc6c load:0x763e8640
        7335000	       634	800122fe	010ba203	lw	x4,16(x23)	 x23:0x8002cc60  x4=0x80000000 PA:0x8002cc70 load:0x80000000
        7345000	       635	80012302	014ba283	lw	x5,20(x23)	 x23:0x8002cc60  x5=0x00000003 PA:0x8002cc74 load:0x00000003
        7355000	       636	80012306	018ba303	lw	x6,24(x23)	 x23:0x8002cc60  x6=0x80003610 PA:0x8002cc78 load:0x80003610
        7365000	       637	8001230a	01cba383	lw	x7,28(x23)	 x23:0x8002cc60  x7=0x247fa134 PA:0x8002cc7c load:0x247fa134
        7375000	       638	8001230e	020ba403	lw	x8,32(x23)	 x23:0x8002cc60  x8=0x0000baa2 PA:0x8002cc80 load:0x0000baa2
        7385000	       639	80012312	024ba483	lw	x9,36(x23)	 x23:0x8002cc60  x9=0x0000e000 PA:0x8002cc84 load:0x0000e000
        7395000	       640	80012316	028ba503	lw	x10,40(x23)	 x23:0x8002cc60 x10=0x00000069 PA:0x8002cc88 load:0x00000069
        7405000	       641	8001231a	02cba583	lw	x11,44(x23)	 x23:0x8002cc60 x11=0xf1e8b1fd PA:0x8002cc8c load:0xf1e8b1fd
        7415000	       642	8001231e	030ba603	lw	x12,48(x23)	 x23:0x8002cc60 x12=0xea41e80f PA:0x8002cc90 load:0xea41e80f
        7425000	       643	80012322	034ba683	lw	x13,52(x23)	 x23:0x8002cc60 x13=0x8002cce0 PA:0x8002cc94 load:0x8002cce0
        7435000	       644	80012326	038ba703	lw	x14,56(x23)	 x23:0x8002cc60 x14=0x00000000 PA:0x8002cc98 load:0x00000000
        7445000	       645	8001232a	03cba783	lw	x15,60(x23)	 x23:0x8002cc60 x15=0x8000362e PA:0x8002cc9c load:0x8000362e
        7455000	       646	8001232e	040ba803	lw	x16,64(x23)	 x23:0x8002cc60 x16=0x00000001 PA:0x8002cca0 load:0x00000001
        7465000	       647	80012332	044ba883	lw	x17,68(x23)	 x23:0x8002cc60 x17=0x8000361e PA:0x8002cca4 load:0x8000361e
        7475000	       648	80012336	048ba903	lw	x18,72(x23)	 x23:0x8002cc60 x18=0x34d595a8 PA:0x8002cca8 load:0x34d595a8
        7485000	       649	8001233a	04cba983	lw	x19,76(x23)	 x23:0x8002cc60 x19=0x247fa134 PA:0x8002ccac load:0x247fa134
        7495000	       650	8001233e	050baa03	lw	x20,80(x23)	 x23:0x8002cc60 x20=0x80000009 PA:0x8002ccb0 load:0x80000009
        7505000	       651	80012342	054baa83	lw	x21,84(x23)	 x23:0x8002cc60 x21=0x3377a6b3 PA:0x8002ccb4 load:0x3377a6b3
        7515000	       652	80012346	058bab03	lw	x22,88(x23)	 x23:0x8002cc60 x22=0x763e8640 PA:0x8002ccb8 load:0x763e8640
        7525000	       653	8001234a	05cbab83	lw	x23,92(x23)	 x23:0x8002cc60 x23=0x8002cc60 PA:0x8002ccbc load:0x8002cc60
        7545000	       655	8001234e	060bac03	lw	x24,96(x23)	 x23:0x8002cc60 x24=0x80000000 PA:0x8002ccc0 load:0x80000000
        7555000	       656	80012352	064bac83	lw	x25,100(x23)	 x23:0x8002cc60 x25=0x00000088 PA:0x8002ccc4 load:0x00000088
        7565000	       657	80012356	068bad03	lw	x26,104(x23)	 x23:0x8002cc60 x26=0x8001b229 PA:0x8002ccc8 load:0x8001b229
        7575000	       658	8001235a	06cbad83	lw	x27,108(x23)	 x23:0x8002cc60 x27=0x00000000 PA:0x8002cccc load:0x00000000
        7585000	       659	8001235e	070bae03	lw	x28,112(x23)	 x23:0x8002cc60 x28=0x800004c5 PA:0x8002ccd0 load:0x800004c5
        7595000	       660	80012362	074bae83	lw	x29,116(x23)	 x23:0x8002cc60 x29=0xb0c56673 PA:0x8002ccd4 load:0xb0c56673
        7605000	       661	80012366	078baf03	lw	x30,120(x23)	 x23:0x8002cc60 x30=0x00000000 PA:0x8002ccd8 load:0x00000000
        7615000	       662	8001236a	07cbaf83	lw	x31,124(x23)	 x23:0x8002cc60 x31=0x80000207 PA:0x8002ccdc load:0x80000207
        7625000	       663	8001236e	080b8b93	addi	x23,x23,128	 x23:0x8002cc60 x23=0x8002cce0
        7635000	       664	80012372	000b86b3	add	x13,x23,x0	 x23:0x8002cce0  x0:0x00000000 x13=0x8002cce0
        7645000	       665	80012376	0006ab83	lw	x23,0(x13)	 x13:0x8002cce0 x23=0x80028e64 PA:0x8002cce0 load:0x80028e64
        7655000	       666	8001237a	0691	c.addi	x13,4	 x13:0x8002cce0 x13=0x8002cce4
        7665000	       667	8001237c	30200073	mret	
        7705000	       671	80003666	0d6d0b03	lb	x22,214(x26)	 x26:0x8001b229 x22=0x00000035 PA:0x8001b2ff load:0x00000035
        7715000	       672	8000366a	717d	c.addi16sp	x2,-16	  x2:0x800135c5  x2=0x800135b5
        7725000	       673	8000366c	010d0f83	lb	x31,16(x26)	 x26:0x8001b229 x31=0xffffffec PA:0x8001b239 load:0xffffffec
        7735000	       674	80003670	50cf6a93	ori	x21,x30,1292	 x30:0x00000000 x21=0x0000050c
        7745000	       675	80003674	83d9	c.srli	x15,0x16	 x15:0x8000362e x15=0x00000200
        7755000	       676	80003676	0001	c.addi	x0,0	  x0:0x00000000  x0=0x00000000
        7765000	       677	80003678	87fd	c.srai	x15,0x1f	 x15:0x00000200 x15=0x00000000
        7775000	       678	8000367a	fa3d0023	sb	x3,-96(x26)	 x26:0x8001b229  x3:0x763e8640 PA:0x8001b1c9 store:0x763e8640 load:0x00000000
        7785000	       679	8000367e	1db02013	slti	x0,x0,475	  x0:0x00000000  x0=0x00000000
        7795000	       680	80003682	002ed413	srli	x8,x29,0x2	 x29:0xb0c56673  x8=0x2c31599c
        7805000	       681	80003686	0002bf33	sltu	x30,x5,x0	  x5:0x00000003  x0:0x00000000 x30=0x00000000
        7815000	       682	8000368a	19fd	c.addi	x19,-1	 x19:0x247fa134 x19=0x247fa133
        7825000	       683	8000368c	8956	c.mv	x18,x21	  x0:0x00000000 x21:0x0000050c x18=0x0000050c
        7835000	       684	8000368e	f54d4f03	lbu	x30,-172(x26)	 x26:0x8001b229 x30=0x000000de PA:0x8001b17d load:0x000000de
        7845000	       685	80003692	87d9	c.srai	x15,0x16	 x15:0x00000000 x15=0x00000000
        7855000	       686	80003694	01351833	sll	x16,x10,x19	 x10:0x00000069 x19:0x247fa133 x16=0x03480000
        7865000	       687	80003698	0d10	c.addi4spn	x12,x2,656	 x12=0x80013845
        7875000	       688	8000369a	98b2ec13	ori	x24,x5,-1653	  x5:0x00000003 x24=0xfffff98b
        7885000	       689	8000369e	023d0ca3	sb	x3,57(x26)	 x26:0x8001b229  x3:0x763e8640 PA:0x8001b262 store:0x763e8640 load:0x00000000
        7895000	       690	800036a2	0f8d0203	lb	x4,248(x26)	 x26:0x8001b229  x4=0x00000012 PA:0x8001b321 load:0x00000012
        7935000	       694	8000272c	fd8fe06f	jal	x0,80000f04	  x0=0x00000000
        7955000	       696	80000f04	16f1	c.addi	x13,-4	 x13:0x8002cce4 x13=0x8002cce0
        7965000	       697	80000f06	0176a023	sw	x23,0(x13)	 x13:0x8002cce0 x23:0x80028e64 PA:0x8002cce0 store:0x80028e64 load:0x00000000
        7975000	       698	80000f0a	00068bb3	add	x23,x13,x0	 x13:0x8002cce0  x0:0x00000000 x23=0x8002cce0
        7985000	       699	80000f0e	f80b8b93	addi	x23,x23,-128	 x23:0x8002cce0 x23=0x8002cc60
        7995000	       700	80000f12	001ba223	sw	x1,4(x23)	 x23:0x8002cc60  x1:0x8000363a PA:0x8002cc64 store:0x8000363a load:0x00000000
        8005000	       701	80000f16	002ba423	sw	x2,8(x23)	 x23:0x8002cc60  x2:0x800135b5 PA:0x8002cc68 store:0x800135b5 load:0x00000000
        8015000	       702	80000f1a	003ba623	sw	x3,12(x23)	 x23:0x8002cc60  x3:0x763e8640 PA:0x8002cc6c store:0x763e8640 load:0x00000000
        8025000	       703	80000f1e	004ba823	sw	x4,16(x23)	 x23:0x8002cc60  x4:0x00000012 PA:0x8002cc70 store:0x00000012 load:0x00000000
        8035000	       704	80000f22	005baa23	sw	x5,20(x23)	 x23:0x8002cc60  x5:0x00000003 PA:0x8002cc74 store:0x00000003 load:0x00000000
        8045000	       705	80000f26	006bac23	sw	x6,24(x23)	 x23:0x8002cc60  x6:0x80003610 PA:0x8002cc78 store:0x80003610 load:0x00000000
        8055000	       706	80000f2a	007bae23	sw	x7,28(x23)	 x23:0x8002cc60  x7:0x247fa134 PA:0x8002cc7c store:0x247fa134 load:0x00000000
        8065000	       707	80000f2e	028ba023	sw	x8,32(x23)	 x23:0x8002cc60  x8:0x2c31599c PA:0x8002cc80 store:0x2c31599c load:0x00000000
        8075000	       708	80000f32	029ba223	sw	x9,36(x23)	 x23:0x8002cc60  x9:0x0000e000 PA:0x8002cc84 store:0x0000e000 load:0x00000000
        8085000	       709	80000f36	02aba423	sw	x10,40(x23)	 x23:0x8002cc60 x10:0x00000069 PA:0x8002cc88 store:0x00000069 load:0x00000000
        8095000	       710	80000f3a	02bba623	sw	x11,44(x23)	 x23:0x8002cc60 x11:0xf1e8b1fd PA:0x8002cc8c store:0xf1e8b1fd load:0x00000000
        8105000	       711	80000f3e	02cba823	sw	x12,48(x23)	 x23:0x8002cc60 x12:0x80013845 PA:0x8002cc90 store:0x80013845 load:0x00000000
        8115000	       712	80000f42	02dbaa23	sw	x13,52(x23)	 x23:0x8002cc60 x13:0x8002cce0 PA:0x8002cc94 store:0x8002cce0 load:0x00000000
        8125000	       713	80000f46	02ebac23	sw	x14,56(x23)	 x23:0x8002cc60 x14:0x00000000 PA:0x8002cc98 store:0x00000000 load:0x00000000
        8135000	       714	80000f4a	02fbae23	sw	x15,60(x23)	 x23:0x8002cc60 x15:0x00000000 PA:0x8002cc9c store:0x00000000 load:0x00000000
        8145000	       715	80000f4e	050ba023	sw	x16,64(x23)	 x23:0x8002cc60 x16:0x03480000 PA:0x8002cca0 store:0x03480000 load:0x00000000
        8155000	       716	80000f52	051ba223	sw	x17,68(x23)	 x23:0x8002cc60 x17:0x8000361e PA:0x8002cca4 store:0x8000361e load:0x00000000
        8165000	       717	80000f56	052ba423	sw	x18,72(x23)	 x23:0x8002cc60 x18:0x0000050c PA:0x8002cca8 store:0x0000050c load:0x00000000
        8175000	       718	80000f5a	053ba623	sw	x19,76(x23)	 x23:0x8002cc60 x19:0x247fa133 PA:0x8002ccac store:0x247fa133 load:0x00000000
        8185000	       719	80000f5e	054ba823	sw	x20,80(x23)	 x23:0x8002cc60 x20:0x80000009 PA:0x8002ccb0 store:0x80000009 load:0x00000000
        8195000	       720	80000f62	055baa23	sw	x21,84(x23)	 x23:0x8002cc60 x21:0x0000050c PA:0x8002ccb4 store:0x0000050c load:0x00000000
        8205000	       721	80000f66	056bac23	sw	x22,88(x23)	 x23:0x8002cc60 x22:0x00000035 PA:0x8002ccb8 store:0x00000035 load:0x00000000
        8215000	       722	80000f6a	057bae23	sw	x23,92(x23)	 x23:0x8002cc60 x23:0x8002cc60 PA:0x8002ccbc store:0x8002cc60 load:0x00000000
        8225000	       723	80000f6e	078ba023	sw	x24,96(x23)	 x23:0x8002cc60 x24:0xfffff98b PA:0x8002ccc0 store:0xfffff98b load:0x00000000
        8235000	       724	80000f72	079ba223	sw	x25,100(x23)	 x23:0x8002cc60 x25:0x00000088 PA:0x8002ccc4 store:0x00000088 load:0x00000000
        8245000	       725	80000f76	07aba423	sw	x26,104(x23)	 x23:0x8002cc60 x26:0x8001b229 PA:0x8002ccc8 store:0x8001b229 load:0x00000000
        8255000	       726	80000f7a	07bba623	sw	x27,108(x23)	 x23:0x8002cc60 x27:0x00000000 PA:0x8002cccc store:0x00000000 load:0x00000000
        8265000	       727	80000f7e	07cba823	sw	x28,112(x23)	 x23:0x8002cc60 x28:0x800004c5 PA:0x8002ccd0 store:0x800004c5 load:0x00000000
        8275000	       728	80000f82	07dbaa23	sw	x29,116(x23)	 x23:0x8002cc60 x29:0xb0c56673 PA:0x8002ccd4 store:0xb0c56673 load:0x00000000
        8285000	       729	80000f86	07ebac23	sw	x30,120(x23)	 x23:0x8002cc60 x30:0x000000de PA:0x8002ccd8 store:0x000000de load:0x00000000
        8295000	       730	80000f8a	07fbae23	sw	x31,124(x23)	 x23:0x8002cc60 x31:0xffffffec PA:0x8002ccdc store:0xffffffec load:0x00000000
        8305000	       731	80000f8e	000b86b3	add	x13,x23,x0	 x23:0x8002cc60  x0:0x00000000 x13=0x8002cc60
        8315000	       732	80000f92	90000d37	lui	x26,0x90000	 x26=0x90000000
        8325000	       733	80000f96	1d71	c.addi	x26,-4	 x26:0x90000000 x26=0x8ffffffc
        8335000	       734	80000f98	4d99	c.li	x27,6	 x27=0x00000006
        8345000	       735	80000f9a	0da2	c.slli	x27,0x8	 x27:0x00000006 x27=0x00000600
        8355000	       736	80000f9c	000d8d93	addi	x27,x27,0	 x27:0x00000600 x27=0x00000600
        8365000	       737	80000fa0	01bd2023	sw	x27,0(x26)	 x26:0x8ffffffc x27:0x00000600 PA:0x8ffffffc store:0x00000600 load:0x00000000
        8375000	       738	80000fa4	34202df3	csrrs	x27,mcause,x0	  x0:0x00000000 x27=0x8000000b
        8385000	       739	80000fa8	01fddd93	srli	x27,x27,0x1f	 x27:0x8000000b x27=0x00000001
        8395000	       740	80000fac	060d8863	beq	x27,x0,8000101c	 x27:0x00000001  x0:0x00000000
        8405000	       741	80000fb0	90000d37	lui	x26,0x90000	 x26=0x90000000
        8415000	       742	80000fb4	1d71	c.addi	x26,-4	 x26:0x90000000 x26=0x8ffffffc
        8425000	       743	80000fb6	30000d93	addi	x27,x0,768	  x0:0x00000000 x27=0x00000300
        8435000	       744	80000fba	0da2	c.slli	x27,0x8	 x27:0x00000300 x27=0x00030000
        8445000	       745	80000fbc	0d8d	c.addi	x27,3	 x27:0x00030000 x27=0x00030003
        8455000	       746	80000fbe	01bd2023	sw	x27,0(x26)	 x26:0x8ffffffc x27:0x00030003 PA:0x8ffffffc store:0x00030003 load:0x00000000
        8465000	       747	80000fc2	30002df3	csrrs	x27,mstatus,x0	  x0:0x00000000 x27=0x00000080
        8475000	       748	80000fc6	01bd2023	sw	x27,0(x26)	 x26:0x8ffffffc x27:0x00000080 PA:0x8ffffffc store:0x00000080 load:0x00000000
        8485000	       749	80000fca	90000d37	lui	x26,0x90000	 x26=0x90000000
        8495000	       750	80000fce	1d71	c.addi	x26,-4	 x26:0x90000000 x26=0x8ffffffc
        8505000	       751	80000fd0	34200d93	addi	x27,x0,834	  x0:0x00000000 x27=0x00000342
        8515000	       752	80000fd4	0da2	c.slli	x27,0x8	 x27:0x00000342 x27=0x00034200
        8525000	       753	80000fd6	0d8d	c.addi	x27,3	 x27:0x00034200 x27=0x00034203
        8535000	       754	80000fd8	01bd2023	sw	x27,0(x26)	 x26:0x8ffffffc x27:0x00034203 PA:0x8ffffffc store:0x00034203 load:0x00000000
        8545000	       755	80000fdc	34202df3	csrrs	x27,mcause,x0	  x0:0x00000000 x27=0x8000000b
        8555000	       756	80000fe0	01bd2023	sw	x27,0(x26)	 x26:0x8ffffffc x27:0x8000000b PA:0x8ffffffc store:0x8000000b load:0x00000000
        8565000	       757	80000fe4	90000d37	lui	x26,0x90000	 x26=0x90000000
        8575000	       758	80000fe8	1d71	c.addi	x26,-4	 x26:0x90000000 x26=0x8ffffffc
        8585000	       759	80000fea	30400d93	addi	x27,x0,772	  x0:0x00000000 x27=0x00000304
        8595000	       760	80000fee	0da2	c.slli	x27,0x8	 x27:0x00000304 x27=0x00030400
        8605000	       761	80000ff0	0d8d	c.addi	x27,3	 x27:0x00030400 x27=0x00030403
        8615000	       762	80000ff2	01bd2023	sw	x27,0(x26)	 x26:0x8ffffffc x27:0x00030403 PA:0x8ffffffc store:0x00030403 load:0x00000000
        8625000	       763	80000ff6	30402df3	csrrs	x27,mie,x0	  x0:0x00000000 x27=0x00360888
        8635000	       764	80000ffa	01bd2023	sw	x27,0(x26)	 x26:0x8ffffffc x27:0x00360888 PA:0x8ffffffc store:0x00360888 load:0x00000000
        8645000	       765	80000ffe	90000d37	lui	x26,0x90000	 x26=0x90000000
        8655000	       766	80001002	1d71	c.addi	x26,-4	 x26:0x90000000 x26=0x8ffffffc
        8665000	       767	80001004	34400d93	addi	x27,x0,836	  x0:0x00000000 x27=0x00000344
        8675000	       768	80001008	0da2	c.slli	x27,0x8	 x27:0x00000344 x27=0x00034400
        8685000	       769	8000100a	0d8d	c.addi	x27,3	 x27:0x00034400 x27=0x00034403
        8695000	       770	8000100c	01bd2023	sw	x27,0(x26)	 x26:0x8ffffffc x27:0x00034403 PA:0x8ffffffc store:0x00034403 load:0x00000000
        8705000	       771	80001010	34402df3	csrrs	x27,mip,x0	  x0:0x00000000 x27=0x00000000
        8715000	       772	80001014	01bd2023	sw	x27,0(x26)	 x26:0x8ffffffc x27:0x00000000 PA:0x8ffffffc store:0x00000000 load:0x00000000
        8725000	       773	80001018	2b41106f	jal	x0,800122cc	  x0=0x00000000
        8745000	       775	800122cc	30002df3	csrrs	x27,mstatus,x0	  x0:0x00000000 x27=0x00000080
        8755000	       776	800122d0	30402df3	csrrs	x27,mie,x0	  x0:0x00000000 x27=0x00360888
        8765000	       777	800122d4	34402df3	csrrs	x27,mip,x0	  x0:0x00000000 x27=0x00000000
        8775000	       778	800122d8	344dbdf3	csrrc	x27,mip,x27	 x27:0x00000000 x27=0x00000000
        8805000	       781	800122dc	90000d37	lui	x26,0x90000	 x26=0x90000000
        8815000	       782	800122e0	1d71	c.addi	x26,-4	 x26:0x90000000 x26=0x8ffffffc
        8825000	       783	800122e2	4d9d	c.li	x27,7	 x27=0x00000007
        8835000	       784	800122e4	0da2	c.slli	x27,0x8	 x27:0x00000007 x27=0x00000700
        8845000	       785	800122e6	000d8d93	addi	x27,x27,0	 x27:0x00000700 x27=0x00000700
        8855000	       786	800122ea	01bd2023	sw	x27,0(x26)	 x26:0x8ffffffc x27:0x00000700 PA:0x8ffffffc store:0x00000700 load:0x00000000
        8865000	       787	800122ee	00068bb3	add	x23,x13,x0	 x13:0x8002cc60  x0:0x00000000 x23=0x8002cc60
        8875000	       788	800122f2	004ba083	lw	x1,4(x23)	 x23:0x8002cc60  x1=0x8000363a PA:0x8002cc64 load:0x8000363a
        8885000	       789	800122f6	008ba103	lw	x2,8(x23)	 x23:0x8002cc60  x2=0x800135b5 PA:0x8002cc68 load:0x800135b5
        8895000	       790	800122fa	00cba183	lw	x3,12(x23)	 x23:0x8002cc60  x3=0x763e8640 PA:0x8002cc6c load:0x763e8640
        8905000	       791	800122fe	010ba203	lw	x4,16(x23)	 x23:0x8002cc60  x4=0x00000012 PA:0x8002cc70 load:0x00000012
        8915000	       792	80012302	014ba283	lw	x5,20(x23)	 x23:0x8002cc60  x5=0x00000003 PA:0x8002cc74 load:0x00000003
        8925000	       793	80012306	018ba303	lw	x6,24(x23)	 x23:0x8002cc60  x6=0x80003610 PA:0x8002cc78 load:0x80003610
        8935000	       794	8001230a	01cba383	lw	x7,28(x23)	 x23:0x8002cc60  x7=0x247fa134 PA:0x8002cc7c load:0x247fa134
        8945000	       795	8001230e	020ba403	lw	x8,32(x23)	 x23:0x8002cc60  x8=0x2c31599c PA:0x8002cc80 load:0x2c31599c
        8955000	       796	80012312	024ba483	lw	x9,36(x23)	 x23:0x8002cc60  x9=0x0000e000 PA:0x8002cc84 load:0x0000e000
        8965000	       797	80012316	028ba503	lw	x10,40(x23)	 x23:0x8002cc60 x10=0x00000069 PA:0x8002cc88 load:0x00000069
        8975000	       798	8001231a	02cba583	lw	x11,44(x23)	 x23:0x8002cc60 x11=0xf1e8b1fd PA:0x8002cc8c load:0xf1e8b1fd
        8985000	       799	8001231e	030ba603	lw	x12,48(x23)	 x23:0x8002cc60 x12=0x80013845 PA:0x8002cc90 load:0x80013845
        8995000	       800	80012322	034ba683	lw	x13,52(x23)	 x23:0x8002cc60 x13=0x8002cce0 PA:0x8002cc94 load:0x8002cce0
        9005000	       801	80012326	038ba703	lw	x14,56(x23)	 x23:0x8002cc60 x14=0x00000000 PA:0x8002cc98 load:0x00000000
        9015000	       802	8001232a	03cba783	lw	x15,60(x23)	 x23:0x8002cc60 x15=0x00000000 PA:0x8002cc9c load:0x00000000
        9025000	       803	8001232e	040ba803	lw	x16,64(x23)	 x23:0x8002cc60 x16=0x03480000 PA:0x8002cca0 load:0x03480000
        9035000	       804	80012332	044ba883	lw	x17,68(x23)	 x23:0x8002cc60 x17=0x8000361e PA:0x8002cca4 load:0x8000361e
        9045000	       805	80012336	048ba903	lw	x18,72(x23)	 x23:0x8002cc60 x18=0x0000050c PA:0x8002cca8 load:0x0000050c
        9055000	       806	8001233a	04cba983	lw	x19,76(x23)	 x23:0x8002cc60 x19=0x247fa133 PA:0x8002ccac load:0x247fa133
        9065000	       807	8001233e	050baa03	lw	x20,80(x23)	 x23:0x8002cc60 x20=0x80000009 PA:0x8002ccb0 load:0x80000009
        9075000	       808	80012342	054baa83	lw	x21,84(x23)	 x23:0x8002cc60 x21=0x0000050c PA:0x8002ccb4 load:0x0000050c
        9085000	       809	80012346	058bab03	lw	x22,88(x23)	 x23:0x8002cc60 x22=0x00000035 PA:0x8002ccb8 load:0x00000035
        9095000	       810	8001234a	05cbab83	lw	x23,92(x23)	 x23:0x8002cc60 x23=0x8002cc60 PA:0x8002ccbc load:0x8002cc60
        9115000	       812	8001234e	060bac03	lw	x24,96(x23)	 x23:0x8002cc60 x24=0xfffff98b PA:0x8002ccc0 load:0xfffff98b
        9125000	       813	80012352	064bac83	lw	x25,100(x23)	 x23:0x8002cc60 x25=0x00000088 PA:0x8002ccc4 load:0x00000088
        9135000	       814	80012356	068bad03	lw	x26,104(x23)	 x23:0x8002cc60 x26=0x8001b229 PA:0x8002ccc8 load:0x8001b229
        9145000	       815	8001235a	06cbad83	lw	x27,108(x23)	 x23:0x8002cc60 x27=0x00000000 PA:0x8002cccc load:0x00000000
        9155000	       816	8001235e	070bae03	lw	x28,112(x23)	 x23:0x8002cc60 x28=0x800004c5 PA:0x8002ccd0 load:0x800004c5
        9165000	       817	80012362	074bae83	lw	x29,116(x23)	 x23:0x8002cc60 x29=0xb0c56673 PA:0x8002ccd4 load:0xb0c56673
        9175000	       818	80012366	078baf03	lw	x30,120(x23)	 x23:0x8002cc60 x30=0x000000de PA:0x8002ccd8 load:0x000000de
        9185000	       819	8001236a	07cbaf83	lw	x31,124(x23)	 x23:0x8002cc60 x31=0xffffffec PA:0x8002ccdc load:0xffffffec
        9195000	       820	8001236e	080b8b93	addi	x23,x23,128	 x23:0x8002cc60 x23=0x8002cce0
        9205000	       821	80012372	000b86b3	add	x13,x23,x0	 x23:0x8002cce0  x0:0x00000000 x13=0x8002cce0
        9215000	       822	80012376	0006ab83	lw	x23,0(x13)	 x13:0x8002cce0 x23=0x80028e64 PA:0x8002cce0 load:0x80028e64
        9225000	       823	8001237a	0691	c.addi	x13,4	 x13:0x8002cce0 x13=0x8002cce4
        9235000	       824	8001237c	30200073	mret	
        9275000	       828	800036a6	1d852093	slti	x1,x10,472	 x10:0x00000069  x1=0x00000001
        9285000	       829	800036aa	fa6d11a3	sh	x6,-93(x26)	 x26:0x8001b229  x6:0x80003610 PA:0x8001b1cc store:0x80003610 load:0x00000000
        9295000	       830	800036ae	06ed0283	lb	x5,110(x26)	 x26:0x8001b229  x5=0xffffffbe PA:0x8001b297 load:0xffffffbe
        9305000	       831	800036b2	0ff0000f	fence	iorw,iorw	
        9315000	       832	800036b6	f72d4003	lbu	x0,-142(x26)	 x26:0x8001b229  x0=0x00000000 PA:0x8001b19b load:0x000000d0
        9325000	       833	800036ba	08ad4703	lbu	x14,138(x26)	 x26:0x8001b229 x14=0x0000001c PA:0x8001b2b3 load:0x0000001c
        9335000	       834	800036be	ffcd0b23	sb	x28,-10(x26)	 x26:0x8001b229 x28:0x800004c5 PA:0x8001b21f store:0x800004c5 load:0x00000000
        9345000	       835	800036c2	8e45	c.or	x12,x9	 x12:0x80013845  x9:0x0000e000 x12=0x8001f845
        9355000	       836	800036c4	4062dfb3	sra	x31,x5,x6	  x5:0xffffffbe  x6:0x80003610 x31=0xffffffff
        9365000	       837	800036c8	0918	c.addi4spn	x14,x2,144	 x14=0x80013645
        9375000	       838	800036ca	01704733	xor	x14,x0,x23	  x0:0x00000000 x23:0x80028e64 x14=0x80028e64
        9385000	       839	800036ce	0fed0303	lb	x6,254(x26)	 x26:0x8001b229  x6=0xffffff94 PA:0x8001b327 load:0xffffff94
        9395000	       840	800036d2	0105a033	slt	x0,x11,x16	 x11:0xf1e8b1fd x16:0x03480000  x0=0x00000000
        9405000	       841	800036d6	f30d0323	sb	x16,-218(x26)	 x26:0x8001b229 x16:0x03480000 PA:0x8001b14f store:0x03480000 load:0x00000000
        9415000	       842	800036da	01cd0a23	sb	x28,20(x26)	 x26:0x8001b229 x28:0x800004c5 PA:0x8001b23d store:0x800004c5 load:0x00000000
        9425000	       843	800036de	03ad0a83	lb	x21,58(x26)	 x26:0x8001b229 x21=0xffffffe0 PA:0x8001b263 load:0xffffffe0
        9435000	       844	800036e2	0001	c.addi	x0,0	  x0:0x00000000  x0=0x00000000
        9445000	       845	800036e4	a2256017	auipc	x0,0xa2256	  x0=0x00000000
        9455000	       846	800036e8	f8ad0803	lb	x16,-118(x26)	 x26:0x8001b229 x16=0x00000034 PA:0x8001b1b3 load:0x00000034
        9465000	       847	800036ec	0001df17	auipc	x30,0x1d	 x30=0x800206ec
        9505000	       851	8000272c	fd8fe06f	jal	x0,80000f04	  x0=0x00000000
        9525000	       853	80000f04	16f1	c.addi	x13,-4	 x13:0x8002cce4 x13=0x8002cce0
        9535000	       854	80000f06	0176a023	sw	x23,0(x13)	 x13:0x8002cce0 x23:0x80028e64 PA:0x8002cce0 store:0x80028e64 load:0x00000000
        9545000	       855	80000f0a	00068bb3	add	x23,x13,x0	 x13:0x8002cce0  x0:0x00000000 x23=0x8002cce0
        9555000	       856	80000f0e	f80b8b93	addi	x23,x23,-128	 x23:0x8002cce0 x23=0x8002cc60
        9565000	       857	80000f12	001ba223	sw	x1,4(x23)	 x23:0x8002cc60  x1:0x00000001 PA:0x8002cc64 store:0x00000001 load:0x00000000
        9575000	       858	80000f16	002ba423	sw	x2,8(x23)	 x23:0x8002cc60  x2:0x800135b5 PA:0x8002cc68 store:0x800135b5 load:0x00000000
        9585000	       859	80000f1a	003ba623	sw	x3,12(x23)	 x23:0x8002cc60  x3:0x763e8640 PA:0x8002cc6c store:0x763e8640 load:0x00000000
        9595000	       860	80000f1e	004ba823	sw	x4,16(x23)	 x23:0x8002cc60  x4:0x00000012 PA:0x8002cc70 store:0x00000012 load:0x00000000
        9605000	       861	80000f22	005baa23	sw	x5,20(x23)	 x23:0x8002cc60  x5:0xffffffbe PA:0x8002cc74 store:0xffffffbe load:0x00000000
        9615000	       862	80000f26	006bac23	sw	x6,24(x23)	 x23:0x8002cc60  x6:0xffffff94 PA:0x8002cc78 store:0xffffff94 load:0x00000000
        9625000	       863	80000f2a	007bae23	sw	x7,28(x23)	 x23:0x8002cc60  x7:0x247fa134 PA:0x8002cc7c store:0x247fa134 load:0x00000000
        9635000	       864	80000f2e	028ba023	sw	x8,32(x23)	 x23:0x8002cc60  x8:0x2c31599c PA:0x8002cc80 store:0x2c31599c load:0x00000000
        9645000	       865	80000f32	029ba223	sw	x9,36(x23)	 x23:0x8002cc60  x9:0x0000e000 PA:0x8002cc84 store:0x0000e000 load:0x00000000
        9655000	       866	80000f36	02aba423	sw	x10,40(x23)	 x23:0x8002cc60 x10:0x00000069 PA:0x8002cc88 store:0x00000069 load:0x00000000
        9665000	       867	80000f3a	02bba623	sw	x11,44(x23)	 x23:0x8002cc60 x11:0xf1e8b1fd PA:0x8002cc8c store:0xf1e8b1fd load:0x00000000
        9675000	       868	80000f3e	02cba823	sw	x12,48(x23)	 x23:0x8002cc60 x12:0x8001f845 PA:0x8002cc90 store:0x8001f845 load:0x00000000
        9685000	       869	80000f42	02dbaa23	sw	x13,52(x23)	 x23:0x8002cc60 x13:0x8002cce0 PA:0x8002cc94 store:0x8002cce0 load:0x00000000
        9695000	       870	80000f46	02ebac23	sw	x14,56(x23)	 x23:0x8002cc60 x14:0x80028e64 PA:0x8002cc98 store:0x80028e64 load:0x00000000
        9705000	       871	80000f4a	02fbae23	sw	x15,60(x23)	 x23:0x8002cc60 x15:0x00000000 PA:0x8002cc9c store:0x00000000 load:0x00000000
        9715000	       872	80000f4e	050ba023	sw	x16,64(x23)	 x23:0x8002cc60 x16:0x00000034 PA:0x8002cca0 store:0x00000034 load:0x00000000
        9725000	       873	80000f52	051ba223	sw	x17,68(x23)	 x23:0x8002cc60 x17:0x8000361e PA:0x8002cca4 store:0x8000361e load:0x00000000
        9735000	       874	80000f56	052ba423	sw	x18,72(x23)	 x23:0x8002cc60 x18:0x0000050c PA:0x8002cca8 store:0x0000050c load:0x00000000
        9745000	       875	80000f5a	053ba623	sw	x19,76(x23)	 x23:0x8002cc60 x19:0x247fa133 PA:0x8002ccac store:0x247fa133 load:0x00000000
        9755000	       876	80000f5e	054ba823	sw	x20,80(x23)	 x23:0x8002cc60 x20:0x80000009 PA:0x8002ccb0 store:0x80000009 load:0x00000000
        9765000	       877	80000f62	055baa23	sw	x21,84(x23)	 x23:0x8002cc60 x21:0xffffffe0 PA:0x8002ccb4 store:0xffffffe0 load:0x00000000
        9775000	       878	80000f66	056bac23	sw	x22,88(x23)	 x23:0x8002cc60 x22:0x00000035 PA:0x8002ccb8 store:0x00000035 load:0x00000000
        9785000	       879	80000f6a	057bae23	sw	x23,92(x23)	 x23:0x8002cc60 x23:0x8002cc60 PA:0x8002ccbc store:0x8002cc60 load:0x00000000
        9795000	       880	80000f6e	078ba023	sw	x24,96(x23)	 x23:0x8002cc60 x24:0xfffff98b PA:0x8002ccc0 store:0xfffff98b load:0x00000000
        9805000	       881	80000f72	079ba223	sw	x25,100(x23)	 x23:0x8002cc60 x25:0x00000088 PA:0x8002ccc4 store:0x00000088 load:0x00000000
        9815000	       882	80000f76	07aba423	sw	x26,104(x23)	 x23:0x8002cc60 x26:0x8001b229 PA:0x8002ccc8 store:0x8001b229 load:0x00000000
        9825000	       883	80000f7a	07bba623	sw	x27,108(x23)	 x23:0x8002cc60 x27:0x00000000 PA:0x8002cccc store:0x00000000 load:0x00000000
        9835000	       884	80000f7e	07cba823	sw	x28,112(x23)	 x23:0x8002cc60 x28:0x800004c5 PA:0x8002ccd0 store:0x800004c5 load:0x00000000
        9845000	       885	80000f82	07dbaa23	sw	x29,116(x23)	 x23:0x8002cc60 x29:0xb0c56673 PA:0x8002ccd4 store:0xb0c56673 load:0x00000000
        9855000	       886	80000f86	07ebac23	sw	x30,120(x23)	 x23:0x8002cc60 x30:0x800206ec PA:0x8002ccd8 store:0x800206ec load:0x00000000
        9865000	       887	80000f8a	07fbae23	sw	x31,124(x23)	 x23:0x8002cc60 x31:0xffffffff PA:0x8002ccdc store:0xffffffff load:0x00000000
        9875000	       888	80000f8e	000b86b3	add	x13,x23,x0	 x23:0x8002cc60  x0:0x00000000 x13=0x8002cc60
        9885000	       889	80000f92	90000d37	lui	x26,0x90000	 x26=0x90000000
        9895000	       890	80000f96	1d71	c.addi	x26,-4	 x26:0x90000000 x26=0x8ffffffc
        9905000	       891	80000f98	4d99	c.li	x27,6	 x27=0x00000006
        9915000	       892	80000f9a	0da2	c.slli	x27,0x8	 x27:0x00000006 x27=0x00000600
        9925000	       893	80000f9c	000d8d93	addi	x27,x27,0	 x27:0x00000600 x27=0x00000600
        9935000	       894	80000fa0	01bd2023	sw	x27,0(x26)	 x26:0x8ffffffc x27:0x00000600 PA:0x8ffffffc store:0x00000600 load:0x00000000
        9945000	       895	80000fa4	34202df3	csrrs	x27,mcause,x0	  x0:0x00000000 x27=0x8000000b
        9955000	       896	80000fa8	01fddd93	srli	x27,x27,0x1f	 x27:0x8000000b x27=0x00000001
        9965000	       897	80000fac	060d8863	beq	x27,x0,8000101c	 x27:0x00000001  x0:0x00000000
        9975000	       898	80000fb0	90000d37	lui	x26,0x90000	 x26=0x90000000
        9985000	       899	80000fb4	1d71	c.addi	x26,-4	 x26:0x90000000 x26=0x8ffffffc
        9995000	       900	80000fb6	30000d93	addi	x27,x0,768	  x0:0x00000000 x27=0x00000300
       10005000	       901	80000fba	0da2	c.slli	x27,0x8	 x27:0x00000300 x27=0x00030000
       10015000	       902	80000fbc	0d8d	c.addi	x27,3	 x27:0x00030000 x27=0x00030003
       10025000	       903	80000fbe	01bd2023	sw	x27,0(x26)	 x26:0x8ffffffc x27:0x00030003 PA:0x8ffffffc store:0x00030003 load:0x00000000
       10035000	       904	80000fc2	30002df3	csrrs	x27,mstatus,x0	  x0:0x00000000 x27=0x00000080
       10045000	       905	80000fc6	01bd2023	sw	x27,0(x26)	 x26:0x8ffffffc x27:0x00000080 PA:0x8ffffffc store:0x00000080 load:0x00000000
       10055000	       906	80000fca	90000d37	lui	x26,0x90000	 x26=0x90000000
       10065000	       907	80000fce	1d71	c.addi	x26,-4	 x26:0x90000000 x26=0x8ffffffc
       10075000	       908	80000fd0	34200d93	addi	x27,x0,834	  x0:0x00000000 x27=0x00000342
       10085000	       909	80000fd4	0da2	c.slli	x27,0x8	 x27:0x00000342 x27=0x00034200
       10095000	       910	80000fd6	0d8d	c.addi	x27,3	 x27:0x00034200 x27=0x00034203
       10105000	       911	80000fd8	01bd2023	sw	x27,0(x26)	 x26:0x8ffffffc x27:0x00034203 PA:0x8ffffffc store:0x00034203 load:0x00000000
       10115000	       912	80000fdc	34202df3	csrrs	x27,mcause,x0	  x0:0x00000000 x27=0x8000000b
       10125000	       913	80000fe0	01bd2023	sw	x27,0(x26)	 x26:0x8ffffffc x27:0x8000000b PA:0x8ffffffc store:0x8000000b load:0x00000000
       10135000	       914	80000fe4	90000d37	lui	x26,0x90000	 x26=0x90000000
       10145000	       915	80000fe8	1d71	c.addi	x26,-4	 x26:0x90000000 x26=0x8ffffffc
       10155000	       916	80000fea	30400d93	addi	x27,x0,772	  x0:0x00000000 x27=0x00000304
       10165000	       917	80000fee	0da2	c.slli	x27,0x8	 x27:0x00000304 x27=0x00030400
       10175000	       918	80000ff0	0d8d	c.addi	x27,3	 x27:0x00030400 x27=0x00030403
       10185000	       919	80000ff2	01bd2023	sw	x27,0(x26)	 x26:0x8ffffffc x27:0x00030403 PA:0x8ffffffc store:0x00030403 load:0x00000000
       10195000	       920	80000ff6	30402df3	csrrs	x27,mie,x0	  x0:0x00000000 x27=0x00360888
       10205000	       921	80000ffa	01bd2023	sw	x27,0(x26)	 x26:0x8ffffffc x27:0x00360888 PA:0x8ffffffc store:0x00360888 load:0x00000000
       10215000	       922	80000ffe	90000d37	lui	x26,0x90000	 x26=0x90000000
       10225000	       923	80001002	1d71	c.addi	x26,-4	 x26:0x90000000 x26=0x8ffffffc
       10235000	       924	80001004	34400d93	addi	x27,x0,836	  x0:0x00000000 x27=0x00000344
       10245000	       925	80001008	0da2	c.slli	x27,0x8	 x27:0x00000344 x27=0x00034400
       10255000	       926	8000100a	0d8d	c.addi	x27,3	 x27:0x00034400 x27=0x00034403
       10265000	       927	8000100c	01bd2023	sw	x27,0(x26)	 x26:0x8ffffffc x27:0x00034403 PA:0x8ffffffc store:0x00034403 load:0x00000000
       10275000	       928	80001010	34402df3	csrrs	x27,mip,x0	  x0:0x00000000 x27=0x00000000
       10285000	       929	80001014	01bd2023	sw	x27,0(x26)	 x26:0x8ffffffc x27:0x00000000 PA:0x8ffffffc store:0x00000000 load:0x00000000
       10295000	       930	80001018	2b41106f	jal	x0,800122cc	  x0=0x00000000
       10315000	       932	800122cc	30002df3	csrrs	x27,mstatus,x0	  x0:0x00000000 x27=0x00000080
       10325000	       933	800122d0	30402df3	csrrs	x27,mie,x0	  x0:0x00000000 x27=0x00360888
       10335000	       934	800122d4	34402df3	csrrs	x27,mip,x0	  x0:0x00000000 x27=0x00000000
       10345000	       935	800122d8	344dbdf3	csrrc	x27,mip,x27	 x27:0x00000000 x27=0x00000000
       10375000	       938	800122dc	90000d37	lui	x26,0x90000	 x26=0x90000000
       10385000	       939	800122e0	1d71	c.addi	x26,-4	 x26:0x90000000 x26=0x8ffffffc
       10395000	       940	800122e2	4d9d	c.li	x27,7	 x27=0x00000007
       10405000	       941	800122e4	0da2	c.slli	x27,0x8	 x27:0x00000007 x27=0x00000700
       10415000	       942	800122e6	000d8d93	addi	x27,x27,0	 x27:0x00000700 x27=0x00000700
       10425000	       943	800122ea	01bd2023	sw	x27,0(x26)	 x26:0x8ffffffc x27:0x00000700 PA:0x8ffffffc store:0x00000700 load:0x00000000
       10435000	       944	800122ee	00068bb3	add	x23,x13,x0	 x13:0x8002cc60  x0:0x00000000 x23=0x8002cc60
       10445000	       945	800122f2	004ba083	lw	x1,4(x23)	 x23:0x8002cc60  x1=0x00000001 PA:0x8002cc64 load:0x00000001
       10455000	       946	800122f6	008ba103	lw	x2,8(x23)	 x23:0x8002cc60  x2=0x800135b5 PA:0x8002cc68 load:0x800135b5
       10465000	       947	800122fa	00cba183	lw	x3,12(x23)	 x23:0x8002cc60  x3=0x763e8640 PA:0x8002cc6c load:0x763e8640
       10475000	       948	800122fe	010ba203	lw	x4,16(x23)	 x23:0x8002cc60  x4=0x00000012 PA:0x8002cc70 load:0x00000012
       10485000	       949	80012302	014ba283	lw	x5,20(x23)	 x23:0x8002cc60  x5=0xffffffbe PA:0x8002cc74 load:0xffffffbe
       10495000	       950	80012306	018ba303	lw	x6,24(x23)	 x23:0x8002cc60  x6=0xffffff94 PA:0x8002cc78 load:0xffffff94
       10505000	       951	8001230a	01cba383	lw	x7,28(x23)	 x23:0x8002cc60  x7=0x247fa134 PA:0x8002cc7c load:0x247fa134
       10515000	       952	8001230e	020ba403	lw	x8,32(x23)	 x23:0x8002cc60  x8=0x2c31599c PA:0x8002cc80 load:0x2c31599c
       10525000	       953	80012312	024ba483	lw	x9,36(x23)	 x23:0x8002cc60  x9=0x0000e000 PA:0x8002cc84 load:0x0000e000
       10535000	       954	80012316	028ba503	lw	x10,40(x23)	 x23:0x8002cc60 x10=0x00000069 PA:0x8002cc88 load:0x00000069
       10545000	       955	8001231a	02cba583	lw	x11,44(x23)	 x23:0x8002cc60 x11=0xf1e8b1fd PA:0x8002cc8c load:0xf1e8b1fd
       10555000	       956	8001231e	030ba603	lw	x12,48(x23)	 x23:0x8002cc60 x12=0x8001f845 PA:0x8002cc90 load:0x8001f845
       10565000	       957	80012322	034ba683	lw	x13,52(x23)	 x23:0x8002cc60 x13=0x8002cce0 PA:0x8002cc94 load:0x8002cce0
       10575000	       958	80012326	038ba703	lw	x14,56(x23)	 x23:0x8002cc60 x14=0x80028e64 PA:0x8002cc98 load:0x80028e64
       10585000	       959	8001232a	03cba783	lw	x15,60(x23)	 x23:0x8002cc60 x15=0x00000000 PA:0x8002cc9c load:0x00000000
       10595000	       960	8001232e	040ba803	lw	x16,64(x23)	 x23:0x8002cc60 x16=0x00000034 PA:0x8002cca0 load:0x00000034
       10605000	       961	80012332	044ba883	lw	x17,68(x23)	 x23:0x8002cc60 x17=0x8000361e PA:0x8002cca4 load:0x8000361e
       10615000	       962	80012336	048ba903	lw	x18,72(x23)	 x23:0x8002cc60 x18=0x0000050c PA:0x8002cca8 load:0x0000050c
       10625000	       963	8001233a	04cba983	lw	x19,76(x23)	 x23:0x8002cc60 x19=0x247fa133 PA:0x8002ccac load:0x247fa133
       10635000	       964	8001233e	050baa03	lw	x20,80(x23)	 x23:0x8002cc60 x20=0x80000009 PA:0x8002ccb0 load:0x80000009
       10645000	       965	80012342	054baa83	lw	x21,84(x23)	 x23:0x8002cc60 x21=0xffffffe0 PA:0x8002ccb4 load:0xffffffe0
       10655000	       966	80012346	058bab03	lw	x22,88(x23)	 x23:0x8002cc60 x22=0x00000035 PA:0x8002ccb8 load:0x00000035
       10665000	       967	8001234a	05cbab83	lw	x23,92(x23)	 x23:0x8002cc60 x23=0x8002cc60 PA:0x8002ccbc load:0x8002cc60
       10685000	       969	8001234e	060bac03	lw	x24,96(x23)	 x23:0x8002cc60 x24=0xfffff98b PA:0x8002ccc0 load:0xfffff98b
       10695000	       970	80012352	064bac83	lw	x25,100(x23)	 x23:0x8002cc60 x25=0x00000088 PA:0x8002ccc4 load:0x00000088
       10705000	       971	80012356	068bad03	lw	x26,104(x23)	 x23:0x8002cc60 x26=0x8001b229 PA:0x8002ccc8 load:0x8001b229
       10715000	       972	8001235a	06cbad83	lw	x27,108(x23)	 x23:0x8002cc60 x27=0x00000000 PA:0x8002cccc load:0x00000000
       10725000	       973	8001235e	070bae03	lw	x28,112(x23)	 x23:0x8002cc60 x28=0x800004c5 PA:0x8002ccd0 load:0x800004c5
       10735000	       974	80012362	074bae83	lw	x29,116(x23)	 x23:0x8002cc60 x29=0xb0c56673 PA:0x8002ccd4 load:0xb0c56673
       10745000	       975	80012366	078baf03	lw	x30,120(x23)	 x23:0x8002cc60 x30=0x800206ec PA:0x8002ccd8 load:0x800206ec
       10755000	       976	8001236a	07cbaf83	lw	x31,124(x23)	 x23:0x8002cc60 x31=0xffffffff PA:0x8002ccdc load:0xffffffff
       10765000	       977	8001236e	080b8b93	addi	x23,x23,128	 x23:0x8002cc60 x23=0x8002cce0
       10775000	       978	80012372	000b86b3	add	x13,x23,x0	 x23:0x8002cce0  x0:0x00000000 x13=0x8002cce0
       10785000	       979	80012376	0006ab83	lw	x23,0(x13)	 x13:0x8002cce0 x23=0x80028e64 PA:0x8002cce0 load:0x80028e64
       10795000	       980	8001237a	0691	c.addi	x13,4	 x13:0x8002cce0 x13=0x8002cce4
       10805000	       981	8001237c	30200073	mret	
       10835000	       984	800036f0	e21f0f13	addi	x30,x30,-479	 x30:0x800206ec x30=0x8002050d
       10845000	       985	800036f4	00010617	auipc	x12,0x10	 x12=0x800136f4
       10855000	       986	800036f8	e4d60613	addi	x12,x12,-435	 x12:0x800136f4 x12=0x80013541
       10865000	       987	800036fc	774f27a3	sw	x20,1903(x30)	 x30:0x8002050d x20:0x80000009 PA:0x80020c7c store:0x80000009 load:0x00000000
       10875000	       988	80003700	02c64003	lbu	x0,44(x12)	 x12:0x80013541  x0=0x00000000 PA:0x8001356d load:0x00000090
       10885000	       989	80003704	6b1f0a23	sb	x17,1716(x30)	 x30:0x8002050d x17:0x8000361e PA:0x80020bc1 store:0x8000361e load:0x00000000
       10895000	       990	80003708	820f2ba3	sw	x0,-1993(x30)	 x30:0x8002050d  x0:0x00000000 PA:0x8001fd44 store:0x00000000 load:0x00000000
       10905000	       991	8000370c	01564303	lbu	x6,21(x12)	 x12:0x80013541  x6=0x000000f1 PA:0x80013556 load:0x000000f1
       10915000	       992	80003710	17cf0903	lb	x18,380(x30)	 x30:0x8002050d x18=0x0000003f PA:0x80020689 load:0x0000003f
       10925000	       993	80003714	fe761883	lh	x17,-25(x12)	 x12:0x80013541 x17=0xffffb5e9 PA:0x80013528 load:0xffffb5e9
       10935000	       994	80003718	746f10a3	sh	x6,1857(x30)	 x30:0x8002050d  x6:0x000000f1 PA:0x80020c4e store:0x000000f1 load:0x00000000
       10945000	       995	8000371c	03e60403	lb	x8,62(x12)	 x12:0x80013541  x8=0xffffffb6 PA:0x8001357f load:0xffffffb6
       10955000	       996	80003720	fca60423	sb	x10,-56(x12)	 x12:0x80013541 x10:0x00000069 PA:0x80013509 store:0x00000069 load:0x00000000
       10965000	       997	80003724	61cf0e83	lb	x29,1564(x30)	 x30:0x8002050d x29=0xffffffdf PA:0x80020b29 load:0xffffffdf
       10975000	       998	80003728	ccef18a3	sh	x14,-815(x30)	 x30:0x8002050d x14:0x80028e64 PA:0x800201de store:0x80028e64 load:0x00000000
       10985000	       999	8000372c	fdb64b03	lbu	x22,-37(x12)	 x12:0x80013541 x22=0x00000012 PA:0x8001351c load:0x00000012
       10995000	      1000	80003730	ab7f0023	sb	x23,-1376(x30)	 x30:0x8002050d x23:0x80028e64 PA:0x8001ffad store:0x80028e64 load:0x00000000
       11005000	      1001	80003734	fd761ca3	sh	x23,-39(x12)	 x12:0x80013541 x23:0x80028e64 PA:0x8001351a store:0x80028e64 load:0x00000000
       11015000	      1002	80003738	0241	c.addi	x4,16	  x4:0x00000012  x4=0x00000022
       11025000	      1003	8000373a	510c71b7	lui	x3,0x510c7	  x3=0x510c7000
       11395000	      1040	8000373e	03824833	div	x16,x4,x24	  x4:0x00000022 x24:0xfffff98b x16=0x00000000
       11435000	      1044	8000272c	fd8fe06f	jal	x0,80000f04	  x0=0x00000000
       11455000	      1046	80000f04	16f1	c.addi	x13,-4	 x13:0x8002cce4 x13=0x8002cce0
       11465000	      1047	80000f06	0176a023	sw	x23,0(x13)	 x13:0x8002cce0 x23:0x80028e64 PA:0x8002cce0 store:0x80028e64 load:0x00000000
       11475000	      1048	80000f0a	00068bb3	add	x23,x13,x0	 x13:0x8002cce0  x0:0x00000000 x23=0x8002cce0
       11485000	      1049	80000f0e	f80b8b93	addi	x23,x23,-128	 x23:0x8002cce0 x23=0x8002cc60
       11495000	      1050	80000f12	001ba223	sw	x1,4(x23)	 x23:0x8002cc60  x1:0x00000001 PA:0x8002cc64 store:0x00000001 load:0x00000000
       11505000	      1051	80000f16	002ba423	sw	x2,8(x23)	 x23:0x8002cc60  x2:0x800135b5 PA:0x8002cc68 store:0x800135b5 load:0x00000000
       11515000	      1052	80000f1a	003ba623	sw	x3,12(x23)	 x23:0x8002cc60  x3:0x510c7000 PA:0x8002cc6c store:0x510c7000 load:0x00000000
       11525000	      1053	80000f1e	004ba823	sw	x4,16(x23)	 x23:0x8002cc60  x4:0x00000022 PA:0x8002cc70 store:0x00000022 load:0x00000000
       11535000	      1054	80000f22	005baa23	sw	x5,20(x23)	 x23:0x8002cc60  x5:0xffffffbe PA:0x8002cc74 store:0xffffffbe load:0x00000000
       11545000	      1055	80000f26	006bac23	sw	x6,24(x23)	 x23:0x8002cc60  x6:0x000000f1 PA:0x8002cc78 store:0x000000f1 load:0x00000000
       11555000	      1056	80000f2a	007bae23	sw	x7,28(x23)	 x23:0x8002cc60  x7:0x247fa134 PA:0x8002cc7c store:0x247fa134 load:0x00000000
       11565000	      1057	80000f2e	028ba023	sw	x8,32(x23)	 x23:0x8002cc60  x8:0xffffffb6 PA:0x8002cc80 store:0xffffffb6 load:0x00000000
       11575000	      1058	80000f32	029ba223	sw	x9,36(x23)	 x23:0x8002cc60  x9:0x0000e000 PA:0x8002cc84 store:0x0000e000 load:0x00000000
       11585000	      1059	80000f36	02aba423	sw	x10,40(x23)	 x23:0x8002cc60 x10:0x00000069 PA:0x8002cc88 store:0x00000069 load:0x00000000
       11595000	      1060	80000f3a	02bba623	sw	x11,44(x23)	 x23:0x8002cc60 x11:0xf1e8b1fd PA:0x8002cc8c store:0xf1e8b1fd load:0x00000000
       11605000	      1061	80000f3e	02cba823	sw	x12,48(x23)	 x23:0x8002cc60 x12:0x80013541 PA:0x8002cc90 store:0x80013541 load:0x00000000
       11615000	      1062	80000f42	02dbaa23	sw	x13,52(x23)	 x23:0x8002cc60 x13:0x8002cce0 PA:0x8002cc94 store:0x8002cce0 load:0x00000000
       11625000	      1063	80000f46	02ebac23	sw	x14,56(x23)	 x23:0x8002cc60 x14:0x80028e64 PA:0x8002cc98 store:0x80028e64 load:0x00000000
       11635000	      1064	80000f4a	02fbae23	sw	x15,60(x23)	 x23:0x8002cc60 x15:0x00000000 PA:0x8002cc9c store:0x00000000 load:0x00000000
       11645000	      1065	80000f4e	050ba023	sw	x16,64(x23)	 x23:0x8002cc60 x16:0x00000000 PA:0x8002cca0 store:0x00000000 load:0x00000000
       11655000	      1066	80000f52	051ba223	sw	x17,68(x23)	 x23:0x8002cc60 x17:0xffffb5e9 PA:0x8002cca4 store:0xffffb5e9 load:0x00000000
       11665000	      1067	80000f56	052ba423	sw	x18,72(x23)	 x23:0x8002cc60 x18:0x0000003f PA:0x8002cca8 store:0x0000003f load:0x00000000
       11675000	      1068	80000f5a	053ba623	sw	x19,76(x23)	 x23:0x8002cc60 x19:0x247fa133 PA:0x8002ccac store:0x247fa133 load:0x00000000
       11685000	      1069	80000f5e	054ba823	sw	x20,80(x23)	 x23:0x8002cc60 x20:0x80000009 PA:0x8002ccb0 store:0x80000009 load:0x00000000
       11695000	      1070	80000f62	055baa23	sw	x21,84(x23)	 x23:0x8002cc60 x21:0xffffffe0 PA:0x8002ccb4 store:0xffffffe0 load:0x00000000
       11705000	      1071	80000f66	056bac23	sw	x22,88(x23)	 x23:0x8002cc60 x22:0x00000012 PA:0x8002ccb8 store:0x00000012 load:0x00000000
       11715000	      1072	80000f6a	057bae23	sw	x23,92(x23)	 x23:0x8002cc60 x23:0x8002cc60 PA:0x8002ccbc store:0x8002cc60 load:0x00000000
       11725000	      1073	80000f6e	078ba023	sw	x24,96(x23)	 x23:0x8002cc60 x24:0xfffff98b PA:0x8002ccc0 store:0xfffff98b load:0x00000000
       11735000	      1074	80000f72	079ba223	sw	x25,100(x23)	 x23:0x8002cc60 x25:0x00000088 PA:0x8002ccc4 store:0x00000088 load:0x00000000
       11745000	      1075	80000f76	07aba423	sw	x26,104(x23)	 x23:0x8002cc60 x26:0x8001b229 PA:0x8002ccc8 store:0x8001b229 load:0x00000000
       11755000	      1076	80000f7a	07bba623	sw	x27,108(x23)	 x23:0x8002cc60 x27:0x00000000 PA:0x8002cccc store:0x00000000 load:0x00000000
       11765000	      1077	80000f7e	07cba823	sw	x28,112(x23)	 x23:0x8002cc60 x28:0x800004c5 PA:0x8002ccd0 store:0x800004c5 load:0x00000000
       11775000	      1078	80000f82	07dbaa23	sw	x29,116(x23)	 x23:0x8002cc60 x29:0xffffffdf PA:0x8002ccd4 store:0xffffffdf load:0x00000000
       11785000	      1079	80000f86	07ebac23	sw	x30,120(x23)	 x23:0x8002cc60 x30:0x8002050d PA:0x8002ccd8 store:0x8002050d load:0x00000000
       11795000	      1080	80000f8a	07fbae23	sw	x31,124(x23)	 x23:0x8002cc60 x31:0xffffffff PA:0x8002ccdc store:0xffffffff load:0x00000000
       11805000	      1081	80000f8e	000b86b3	add	x13,x23,x0	 x23:0x8002cc60  x0:0x00000000 x13=0x8002cc60
       11815000	      1082	80000f92	90000d37	lui	x26,0x90000	 x26=0x90000000
       11825000	      1083	80000f96	1d71	c.addi	x26,-4	 x26:0x90000000 x26=0x8ffffffc
       11835000	      1084	80000f98	4d99	c.li	x27,6	 x27=0x00000006
       11845000	      1085	80000f9a	0da2	c.slli	x27,0x8	 x27:0x00000006 x27=0x00000600
       11855000	      1086	80000f9c	000d8d93	addi	x27,x27,0	 x27:0x00000600 x27=0x00000600
       11865000	      1087	80000fa0	01bd2023	sw	x27,0(x26)	 x26:0x8ffffffc x27:0x00000600 PA:0x8ffffffc store:0x00000600 load:0x00000000
       11875000	      1088	80000fa4	34202df3	csrrs	x27,mcause,x0	  x0:0x00000000 x27=0x8000000b
       11885000	      1089	80000fa8	01fddd93	srli	x27,x27,0x1f	 x27:0x8000000b x27=0x00000001
       11895000	      1090	80000fac	060d8863	beq	x27,x0,8000101c	 x27:0x00000001  x0:0x00000000
       11905000	      1091	80000fb0	90000d37	lui	x26,0x90000	 x26=0x90000000
       11915000	      1092	80000fb4	1d71	c.addi	x26,-4	 x26:0x90000000 x26=0x8ffffffc
       11925000	      1093	80000fb6	30000d93	addi	x27,x0,768	  x0:0x00000000 x27=0x00000300
       11935000	      1094	80000fba	0da2	c.slli	x27,0x8	 x27:0x00000300 x27=0x00030000
       11945000	      1095	80000fbc	0d8d	c.addi	x27,3	 x27:0x00030000 x27=0x00030003
       11955000	      1096	80000fbe	01bd2023	sw	x27,0(x26)	 x26:0x8ffffffc x27:0x00030003 PA:0x8ffffffc store:0x00030003 load:0x00000000
       11965000	      1097	80000fc2	30002df3	csrrs	x27,mstatus,x0	  x0:0x00000000 x27=0x00000080
       11975000	      1098	80000fc6	01bd2023	sw	x27,0(x26)	 x26:0x8ffffffc x27:0x00000080 PA:0x8ffffffc store:0x00000080 load:0x00000000
       11985000	      1099	80000fca	90000d37	lui	x26,0x90000	 x26=0x90000000
       11995000	      1100	80000fce	1d71	c.addi	x26,-4	 x26:0x90000000 x26=0x8ffffffc
       12005000	      1101	80000fd0	34200d93	addi	x27,x0,834	  x0:0x00000000 x27=0x00000342
       12015000	      1102	80000fd4	0da2	c.slli	x27,0x8	 x27:0x00000342 x27=0x00034200
       12025000	      1103	80000fd6	0d8d	c.addi	x27,3	 x27:0x00034200 x27=0x00034203
       12035000	      1104	80000fd8	01bd2023	sw	x27,0(x26)	 x26:0x8ffffffc x27:0x00034203 PA:0x8ffffffc store:0x00034203 load:0x00000000
       12045000	      1105	80000fdc	34202df3	csrrs	x27,mcause,x0	  x0:0x00000000 x27=0x8000000b
       12055000	      1106	80000fe0	01bd2023	sw	x27,0(x26)	 x26:0x8ffffffc x27:0x8000000b PA:0x8ffffffc store:0x8000000b load:0x00000000
       12065000	      1107	80000fe4	90000d37	lui	x26,0x90000	 x26=0x90000000
       12075000	      1108	80000fe8	1d71	c.addi	x26,-4	 x26:0x90000000 x26=0x8ffffffc
       12085000	      1109	80000fea	30400d93	addi	x27,x0,772	  x0:0x00000000 x27=0x00000304
       12095000	      1110	80000fee	0da2	c.slli	x27,0x8	 x27:0x00000304 x27=0x00030400
       12105000	      1111	80000ff0	0d8d	c.addi	x27,3	 x27:0x00030400 x27=0x00030403
       12115000	      1112	80000ff2	01bd2023	sw	x27,0(x26)	 x26:0x8ffffffc x27:0x00030403 PA:0x8ffffffc store:0x00030403 load:0x00000000
       12125000	      1113	80000ff6	30402df3	csrrs	x27,mie,x0	  x0:0x00000000 x27=0x00360888
       12135000	      1114	80000ffa	01bd2023	sw	x27,0(x26)	 x26:0x8ffffffc x27:0x00360888 PA:0x8ffffffc store:0x00360888 load:0x00000000
       12145000	      1115	80000ffe	90000d37	lui	x26,0x90000	 x26=0x90000000
       12155000	      1116	80001002	1d71	c.addi	x26,-4	 x26:0x90000000 x26=0x8ffffffc
       12165000	      1117	80001004	34400d93	addi	x27,x0,836	  x0:0x00000000 x27=0x00000344
       12175000	      1118	80001008	0da2	c.slli	x27,0x8	 x27:0x00000344 x27=0x00034400
       12185000	      1119	8000100a	0d8d	c.addi	x27,3	 x27:0x00034400 x27=0x00034403
       12195000	      1120	8000100c	01bd2023	sw	x27,0(x26)	 x26:0x8ffffffc x27:0x00034403 PA:0x8ffffffc store:0x00034403 load:0x00000000
       12205000	      1121	80001010	34402df3	csrrs	x27,mip,x0	  x0:0x00000000 x27=0x00000000
       12215000	      1122	80001014	01bd2023	sw	x27,0(x26)	 x26:0x8ffffffc x27:0x00000000 PA:0x8ffffffc store:0x00000000 load:0x00000000
       12225000	      1123	80001018	2b41106f	jal	x0,800122cc	  x0=0x00000000
       12245000	      1125	800122cc	30002df3	csrrs	x27,mstatus,x0	  x0:0x00000000 x27=0x00000080
       12255000	      1126	800122d0	30402df3	csrrs	x27,mie,x0	  x0:0x00000000 x27=0x00360888
       12265000	      1127	800122d4	34402df3	csrrs	x27,mip,x0	  x0:0x00000000 x27=0x00000000
       12275000	      1128	800122d8	344dbdf3	csrrc	x27,mip,x27	 x27:0x00000000 x27=0x00000000
       12305000	      1131	800122dc	90000d37	lui	x26,0x90000	 x26=0x90000000
       12315000	      1132	800122e0	1d71	c.addi	x26,-4	 x26:0x90000000 x26=0x8ffffffc
       12325000	      1133	800122e2	4d9d	c.li	x27,7	 x27=0x00000007
       12335000	      1134	800122e4	0da2	c.slli	x27,0x8	 x27:0x00000007 x27=0x00000700
       12345000	      1135	800122e6	000d8d93	addi	x27,x27,0	 x27:0x00000700 x27=0x00000700
       12355000	      1136	800122ea	01bd2023	sw	x27,0(x26)	 x26:0x8ffffffc x27:0x00000700 PA:0x8ffffffc store:0x00000700 load:0x00000000
       12365000	      1137	800122ee	00068bb3	add	x23,x13,x0	 x13:0x8002cc60  x0:0x00000000 x23=0x8002cc60
       12375000	      1138	800122f2	004ba083	lw	x1,4(x23)	 x23:0x8002cc60  x1=0x00000001 PA:0x8002cc64 load:0x00000001
       12385000	      1139	800122f6	008ba103	lw	x2,8(x23)	 x23:0x8002cc60  x2=0x800135b5 PA:0x8002cc68 load:0x800135b5
       12395000	      1140	800122fa	00cba183	lw	x3,12(x23)	 x23:0x8002cc60  x3=0x510c7000 PA:0x8002cc6c load:0x510c7000
       12405000	      1141	800122fe	010ba203	lw	x4,16(x23)	 x23:0x8002cc60  x4=0x00000022 PA:0x8002cc70 load:0x00000022
       12415000	      1142	80012302	014ba283	lw	x5,20(x23)	 x23:0x8002cc60  x5=0xffffffbe PA:0x8002cc74 load:0xffffffbe
       12425000	      1143	80012306	018ba303	lw	x6,24(x23)	 x23:0x8002cc60  x6=0x000000f1 PA:0x8002cc78 load:0x000000f1
       12435000	      1144	8001230a	01cba383	lw	x7,28(x23)	 x23:0x8002cc60  x7=0x247fa134 PA:0x8002cc7c load:0x247fa134
       12445000	      1145	8001230e	020ba403	lw	x8,32(x23)	 x23:0x8002cc60  x8=0xffffffb6 PA:0x8002cc80 load:0xffffffb6
       12455000	      1146	80012312	024ba483	lw	x9,36(x23)	 x23:0x8002cc60  x9=0x0000e000 PA:0x8002cc84 load:0x0000e000
       12465000	      1147	80012316	028ba503	lw	x10,40(x23)	 x23:0x8002cc60 x10=0x00000069 PA:0x8002cc88 load:0x00000069
       12475000	      1148	8001231a	02cba583	lw	x11,44(x23)	 x23:0x8002cc60 x11=0xf1e8b1fd PA:0x8002cc8c load:0xf1e8b1fd
       12485000	      1149	8001231e	030ba603	lw	x12,48(x23)	 x23:0x8002cc60 x12=0x80013541 PA:0x8002cc90 load:0x80013541
       12495000	      1150	80012322	034ba683	lw	x13,52(x23)	 x23:0x8002cc60 x13=0x8002cce0 PA:0x8002cc94 load:0x8002cce0
       12505000	      1151	80012326	038ba703	lw	x14,56(x23)	 x23:0x8002cc60 x14=0x80028e64 PA:0x8002cc98 load:0x80028e64
       12515000	      1152	8001232a	03cba783	lw	x15,60(x23)	 x23:0x8002cc60 x15=0x00000000 PA:0x8002cc9c load:0x00000000
       12525000	      1153	8001232e	040ba803	lw	x16,64(x23)	 x23:0x8002cc60 x16=0x00000000 PA:0x8002cca0 load:0x00000000
       12535000	      1154	80012332	044ba883	lw	x17,68(x23)	 x23:0x8002cc60 x17=0xffffb5e9 PA:0x8002cca4 load:0xffffb5e9
       12545000	      1155	80012336	048ba903	lw	x18,72(x23)	 x23:0x8002cc60 x18=0x0000003f PA:0x8002cca8 load:0x0000003f
       12555000	      1156	8001233a	04cba983	lw	x19,76(x23)	 x23:0x8002cc60 x19=0x247fa133 PA:0x8002ccac load:0x247fa133
       12565000	      1157	8001233e	050baa03	lw	x20,80(x23)	 x23:0x8002cc60 x20=0x80000009 PA:0x8002ccb0 load:0x80000009
       12575000	      1158	80012342	054baa83	lw	x21,84(x23)	 x23:0x8002cc60 x21=0xffffffe0 PA:0x8002ccb4 load:0xffffffe0
       12585000	      1159	80012346	058bab03	lw	x22,88(x23)	 x23:0x8002cc60 x22=0x00000012 PA:0x8002ccb8 load:0x00000012
       12595000	      1160	8001234a	05cbab83	lw	x23,92(x23)	 x23:0x8002cc60 x23=0x8002cc60 PA:0x8002ccbc load:0x8002cc60
       12615000	      1162	8001234e	060bac03	lw	x24,96(x23)	 x23:0x8002cc60 x24=0xfffff98b PA:0x8002ccc0 load:0xfffff98b
       12625000	      1163	80012352	064bac83	lw	x25,100(x23)	 x23:0x8002cc60 x25=0x00000088 PA:0x8002ccc4 load:0x00000088
       12635000	      1164	80012356	068bad03	lw	x26,104(x23)	 x23:0x8002cc60 x26=0x8001b229 PA:0x8002ccc8 load:0x8001b229
       12645000	      1165	8001235a	06cbad83	lw	x27,108(x23)	 x23:0x8002cc60 x27=0x00000000 PA:0x8002cccc load:0x00000000
       12655000	      1166	8001235e	070bae03	lw	x28,112(x23)	 x23:0x8002cc60 x28=0x800004c5 PA:0x8002ccd0 load:0x800004c5
       12665000	      1167	80012362	074bae83	lw	x29,116(x23)	 x23:0x8002cc60 x29=0xffffffdf PA:0x8002ccd4 load:0xffffffdf
       12675000	      1168	80012366	078baf03	lw	x30,120(x23)	 x23:0x8002cc60 x30=0x8002050d PA:0x8002ccd8 load:0x8002050d
       12685000	      1169	8001236a	07cbaf83	lw	x31,124(x23)	 x23:0x8002cc60 x31=0xffffffff PA:0x8002ccdc load:0xffffffff
       12695000	      1170	8001236e	080b8b93	addi	x23,x23,128	 x23:0x8002cc60 x23=0x8002cce0
       12705000	      1171	80012372	000b86b3	add	x13,x23,x0	 x23:0x8002cce0  x0:0x00000000 x13=0x8002cce0
       12715000	      1172	80012376	0006ab83	lw	x23,0(x13)	 x13:0x8002cce0 x23=0x80028e64 PA:0x8002cce0 load:0x80028e64
       12725000	      1173	8001237a	0691	c.addi	x13,4	 x13:0x8002cce0 x13=0x8002cce4
       12735000	      1174	8001237c	30200073	mret	
       12765000	      1177	80003742	4815	c.li	x16,5	 x16=0x00000005
       12775000	      1178	80003744	01710733	add	x14,x2,x23	  x2:0x800135b5 x23:0x80028e64 x14=0x0003c419
       12785000	      1179	80003748	012a5e13	srli	x28,x20,0x12	 x20:0x80000009 x28=0x00002000
       12795000	      1180	8000374c	9b0e	c.add	x22,x3	 x22:0x00000012  x3:0x510c7000 x22=0x510c7012
       12805000	      1181	8000374e	03f40a63	beq	x8,x31,80003782	  x8:0xffffffb6 x31:0xffffffff
       12845000	      1185	80003752	021a1333	mulh	x6,x20,x1	 x20:0x80000009  x1:0x00000001  x6=0xffffffff
       13215000	      1222	80003756	0396c2b3	div	x5,x13,x25	 x13:0x8002cce4 x25:0x00000088  x5=0xff0f1455
       13255000	      1226	8000272c	fd8fe06f	jal	x0,80000f04	  x0=0x00000000
       13275000	      1228	80000f04	16f1	c.addi	x13,-4	 x13:0x8002cce4 x13=0x8002cce0
       13285000	      1229	80000f06	0176a023	sw	x23,0(x13)	 x13:0x8002cce0 x23:0x80028e64 PA:0x8002cce0 store:0x80028e64 load:0x00000000
       13295000	      1230	80000f0a	00068bb3	add	x23,x13,x0	 x13:0x8002cce0  x0:0x00000000 x23=0x8002cce0
       13305000	      1231	80000f0e	f80b8b93	addi	x23,x23,-128	 x23:0x8002cce0 x23=0x8002cc60
       13315000	      1232	80000f12	001ba223	sw	x1,4(x23)	 x23:0x8002cc60  x1:0x00000001 PA:0x8002cc64 store:0x00000001 load:0x00000000
       13325000	      1233	80000f16	002ba423	sw	x2,8(x23)	 x23:0x8002cc60  x2:0x800135b5 PA:0x8002cc68 store:0x800135b5 load:0x00000000
       13335000	      1234	80000f1a	003ba623	sw	x3,12(x23)	 x23:0x8002cc60  x3:0x510c7000 PA:0x8002cc6c store:0x510c7000 load:0x00000000
       13345000	      1235	80000f1e	004ba823	sw	x4,16(x23)	 x23:0x8002cc60  x4:0x00000022 PA:0x8002cc70 store:0x00000022 load:0x00000000
       13355000	      1236	80000f22	005baa23	sw	x5,20(x23)	 x23:0x8002cc60  x5:0xff0f1455 PA:0x8002cc74 store:0xff0f1455 load:0x00000000
       13365000	      1237	80000f26	006bac23	sw	x6,24(x23)	 x23:0x8002cc60  x6:0xffffffff PA:0x8002cc78 store:0xffffffff load:0x00000000
       13375000	      1238	80000f2a	007bae23	sw	x7,28(x23)	 x23:0x8002cc60  x7:0x247fa134 PA:0x8002cc7c store:0x247fa134 load:0x00000000
       13385000	      1239	80000f2e	028ba023	sw	x8,32(x23)	 x23:0x8002cc60  x8:0xffffffb6 PA:0x8002cc80 store:0xffffffb6 load:0x00000000
       13395000	      1240	80000f32	029ba223	sw	x9,36(x23)	 x23:0x8002cc60  x9:0x0000e000 PA:0x8002cc84 store:0x0000e000 load:0x00000000
       13405000	      1241	80000f36	02aba423	sw	x10,40(x23)	 x23:0x8002cc60 x10:0x00000069 PA:0x8002cc88 store:0x00000069 load:0x00000000
       13415000	      1242	80000f3a	02bba623	sw	x11,44(x23)	 x23:0x8002cc60 x11:0xf1e8b1fd PA:0x8002cc8c store:0xf1e8b1fd load:0x00000000
       13425000	      1243	80000f3e	02cba823	sw	x12,48(x23)	 x23:0x8002cc60 x12:0x80013541 PA:0x8002cc90 store:0x80013541 load:0x00000000
       13435000	      1244	80000f42	02dbaa23	sw	x13,52(x23)	 x23:0x8002cc60 x13:0x8002cce0 PA:0x8002cc94 store:0x8002cce0 load:0x00000000
       13445000	      1245	80000f46	02ebac23	sw	x14,56(x23)	 x23:0x8002cc60 x14:0x0003c419 PA:0x8002cc98 store:0x0003c419 load:0x00000000
       13455000	      1246	80000f4a	02fbae23	sw	x15,60(x23)	 x23:0x8002cc60 x15:0x00000000 PA:0x8002cc9c store:0x00000000 load:0x00000000
       13465000	      1247	80000f4e	050ba023	sw	x16,64(x23)	 x23:0x8002cc60 x16:0x00000005 PA:0x8002cca0 store:0x00000005 load:0x00000000
       13475000	      1248	80000f52	051ba223	sw	x17,68(x23)	 x23:0x8002cc60 x17:0xffffb5e9 PA:0x8002cca4 store:0xffffb5e9 load:0x00000000
       13485000	      1249	80000f56	052ba423	sw	x18,72(x23)	 x23:0x8002cc60 x18:0x0000003f PA:0x8002cca8 store:0x0000003f load:0x00000000
       13495000	      1250	80000f5a	053ba623	sw	x19,76(x23)	 x23:0x8002cc60 x19:0x247fa133 PA:0x8002ccac store:0x247fa133 load:0x00000000
       13505000	      1251	80000f5e	054ba823	sw	x20,80(x23)	 x23:0x8002cc60 x20:0x80000009 PA:0x8002ccb0 store:0x80000009 load:0x00000000
       13515000	      1252	80000f62	055baa23	sw	x21,84(x23)	 x23:0x8002cc60 x21:0xffffffe0 PA:0x8002ccb4 store:0xffffffe0 load:0x00000000
       13525000	      1253	80000f66	056bac23	sw	x22,88(x23)	 x23:0x8002cc60 x22:0x510c7012 PA:0x8002ccb8 store:0x510c7012 load:0x00000000
       13535000	      1254	80000f6a	057bae23	sw	x23,92(x23)	 x23:0x8002cc60 x23:0x8002cc60 PA:0x8002ccbc store:0x8002cc60 load:0x00000000
       13545000	      1255	80000f6e	078ba023	sw	x24,96(x23)	 x23:0x8002cc60 x24:0xfffff98b PA:0x8002ccc0 store:0xfffff98b load:0x00000000
       13555000	      1256	80000f72	079ba223	sw	x25,100(x23)	 x23:0x8002cc60 x25:0x00000088 PA:0x8002ccc4 store:0x00000088 load:0x00000000
       13565000	      1257	80000f76	07aba423	sw	x26,104(x23)	 x23:0x8002cc60 x26:0x8001b229 PA:0x8002ccc8 store:0x8001b229 load:0x00000000
       13575000	      1258	80000f7a	07bba623	sw	x27,108(x23)	 x23:0x8002cc60 x27:0x00000000 PA:0x8002cccc store:0x00000000 load:0x00000000
       13585000	      1259	80000f7e	07cba823	sw	x28,112(x23)	 x23:0x8002cc60 x28:0x00002000 PA:0x8002ccd0 store:0x00002000 load:0x00000000
       13595000	      1260	80000f82	07dbaa23	sw	x29,116(x23)	 x23:0x8002cc60 x29:0xffffffdf PA:0x8002ccd4 store:0xffffffdf load:0x00000000
       13605000	      1261	80000f86	07ebac23	sw	x30,120(x23)	 x23:0x8002cc60 x30:0x8002050d PA:0x8002ccd8 store:0x8002050d load:0x00000000
       13615000	      1262	80000f8a	07fbae23	sw	x31,124(x23)	 x23:0x8002cc60 x31:0xffffffff PA:0x8002ccdc store:0xffffffff load:0x00000000
       13625000	      1263	80000f8e	000b86b3	add	x13,x23,x0	 x23:0x8002cc60  x0:0x00000000 x13=0x8002cc60
       13635000	      1264	80000f92	90000d37	lui	x26,0x90000	 x26=0x90000000
       13645000	      1265	80000f96	1d71	c.addi	x26,-4	 x26:0x90000000 x26=0x8ffffffc
       13655000	      1266	80000f98	4d99	c.li	x27,6	 x27=0x00000006
       13665000	      1267	80000f9a	0da2	c.slli	x27,0x8	 x27:0x00000006 x27=0x00000600
       13675000	      1268	80000f9c	000d8d93	addi	x27,x27,0	 x27:0x00000600 x27=0x00000600
       13685000	      1269	80000fa0	01bd2023	sw	x27,0(x26)	 x26:0x8ffffffc x27:0x00000600 PA:0x8ffffffc store:0x00000600 load:0x00000000
       13695000	      1270	80000fa4	34202df3	csrrs	x27,mcause,x0	  x0:0x00000000 x27=0x8000000b
       13705000	      1271	80000fa8	01fddd93	srli	x27,x27,0x1f	 x27:0x8000000b x27=0x00000001
       13715000	      1272	80000fac	060d8863	beq	x27,x0,8000101c	 x27:0x00000001  x0:0x00000000
       13725000	      1273	80000fb0	90000d37	lui	x26,0x90000	 x26=0x90000000
       13735000	      1274	80000fb4	1d71	c.addi	x26,-4	 x26:0x90000000 x26=0x8ffffffc
       13745000	      1275	80000fb6	30000d93	addi	x27,x0,768	  x0:0x00000000 x27=0x00000300
       13755000	      1276	80000fba	0da2	c.slli	x27,0x8	 x27:0x00000300 x27=0x00030000
       13765000	      1277	80000fbc	0d8d	c.addi	x27,3	 x27:0x00030000 x27=0x00030003
       13775000	      1278	80000fbe	01bd2023	sw	x27,0(x26)	 x26:0x8ffffffc x27:0x00030003 PA:0x8ffffffc store:0x00030003 load:0x00000000
       13785000	      1279	80000fc2	30002df3	csrrs	x27,mstatus,x0	  x0:0x00000000 x27=0x00000080
       13795000	      1280	80000fc6	01bd2023	sw	x27,0(x26)	 x26:0x8ffffffc x27:0x00000080 PA:0x8ffffffc store:0x00000080 load:0x00000000
       13805000	      1281	80000fca	90000d37	lui	x26,0x90000	 x26=0x90000000
       13815000	      1282	80000fce	1d71	c.addi	x26,-4	 x26:0x90000000 x26=0x8ffffffc
       13825000	      1283	80000fd0	34200d93	addi	x27,x0,834	  x0:0x00000000 x27=0x00000342
       13835000	      1284	80000fd4	0da2	c.slli	x27,0x8	 x27:0x00000342 x27=0x00034200
       13845000	      1285	80000fd6	0d8d	c.addi	x27,3	 x27:0x00034200 x27=0x00034203
       13855000	      1286	80000fd8	01bd2023	sw	x27,0(x26)	 x26:0x8ffffffc x27:0x00034203 PA:0x8ffffffc store:0x00034203 load:0x00000000
       13865000	      1287	80000fdc	34202df3	csrrs	x27,mcause,x0	  x0:0x00000000 x27=0x8000000b
       13875000	      1288	80000fe0	01bd2023	sw	x27,0(x26)	 x26:0x8ffffffc x27:0x8000000b PA:0x8ffffffc store:0x8000000b load:0x00000000
       13885000	      1289	80000fe4	90000d37	lui	x26,0x90000	 x26=0x90000000
       13895000	      1290	80000fe8	1d71	c.addi	x26,-4	 x26:0x90000000 x26=0x8ffffffc
       13905000	      1291	80000fea	30400d93	addi	x27,x0,772	  x0:0x00000000 x27=0x00000304
       13915000	      1292	80000fee	0da2	c.slli	x27,0x8	 x27:0x00000304 x27=0x00030400
       13925000	      1293	80000ff0	0d8d	c.addi	x27,3	 x27:0x00030400 x27=0x00030403
       13935000	      1294	80000ff2	01bd2023	sw	x27,0(x26)	 x26:0x8ffffffc x27:0x00030403 PA:0x8ffffffc store:0x00030403 load:0x00000000
       13945000	      1295	80000ff6	30402df3	csrrs	x27,mie,x0	  x0:0x00000000 x27=0x00360888
       13955000	      1296	80000ffa	01bd2023	sw	x27,0(x26)	 x26:0x8ffffffc x27:0x00360888 PA:0x8ffffffc store:0x00360888 load:0x00000000
       13965000	      1297	80000ffe	90000d37	lui	x26,0x90000	 x26=0x90000000
       13975000	      1298	80001002	1d71	c.addi	x26,-4	 x26:0x90000000 x26=0x8ffffffc
       13985000	      1299	80001004	34400d93	addi	x27,x0,836	  x0:0x00000000 x27=0x00000344
       13995000	      1300	80001008	0da2	c.slli	x27,0x8	 x27:0x00000344 x27=0x00034400
       14005000	      1301	8000100a	0d8d	c.addi	x27,3	 x27:0x00034400 x27=0x00034403
       14015000	      1302	8000100c	01bd2023	sw	x27,0(x26)	 x26:0x8ffffffc x27:0x00034403 PA:0x8ffffffc store:0x00034403 load:0x00000000
       14025000	      1303	80001010	34402df3	csrrs	x27,mip,x0	  x0:0x00000000 x27=0x00000000
       14035000	      1304	80001014	01bd2023	sw	x27,0(x26)	 x26:0x8ffffffc x27:0x00000000 PA:0x8ffffffc store:0x00000000 load:0x00000000
       14045000	      1305	80001018	2b41106f	jal	x0,800122cc	  x0=0x00000000
       14065000	      1307	800122cc	30002df3	csrrs	x27,mstatus,x0	  x0:0x00000000 x27=0x00000080
       14075000	      1308	800122d0	30402df3	csrrs	x27,mie,x0	  x0:0x00000000 x27=0x00360888
       14085000	      1309	800122d4	34402df3	csrrs	x27,mip,x0	  x0:0x00000000 x27=0x00000000
       14095000	      1310	800122d8	344dbdf3	csrrc	x27,mip,x27	 x27:0x00000000 x27=0x00000000
       14125000	      1313	800122dc	90000d37	lui	x26,0x90000	 x26=0x90000000
       14135000	      1314	800122e0	1d71	c.addi	x26,-4	 x26:0x90000000 x26=0x8ffffffc
       14145000	      1315	800122e2	4d9d	c.li	x27,7	 x27=0x00000007
       14155000	      1316	800122e4	0da2	c.slli	x27,0x8	 x27:0x00000007 x27=0x00000700
       14165000	      1317	800122e6	000d8d93	addi	x27,x27,0	 x27:0x00000700 x27=0x00000700
       14175000	      1318	800122ea	01bd2023	sw	x27,0(x26)	 x26:0x8ffffffc x27:0x00000700 PA:0x8ffffffc store:0x00000700 load:0x00000000
       14185000	      1319	800122ee	00068bb3	add	x23,x13,x0	 x13:0x8002cc60  x0:0x00000000 x23=0x8002cc60
       14195000	      1320	800122f2	004ba083	lw	x1,4(x23)	 x23:0x8002cc60  x1=0x00000001 PA:0x8002cc64 load:0x00000001
       14205000	      1321	800122f6	008ba103	lw	x2,8(x23)	 x23:0x8002cc60  x2=0x800135b5 PA:0x8002cc68 load:0x800135b5
       14215000	      1322	800122fa	00cba183	lw	x3,12(x23)	 x23:0x8002cc60  x3=0x510c7000 PA:0x8002cc6c load:0x510c7000
       14225000	      1323	800122fe	010ba203	lw	x4,16(x23)	 x23:0x8002cc60  x4=0x00000022 PA:0x8002cc70 load:0x00000022
       14235000	      1324	80012302	014ba283	lw	x5,20(x23)	 x23:0x8002cc60  x5=0xff0f1455 PA:0x8002cc74 load:0xff0f1455
       14245000	      1325	80012306	018ba303	lw	x6,24(x23)	 x23:0x8002cc60  x6=0xffffffff PA:0x8002cc78 load:0xffffffff
       14255000	      1326	8001230a	01cba383	lw	x7,28(x23)	 x23:0x8002cc60  x7=0x247fa134 PA:0x8002cc7c load:0x247fa134
       14265000	      1327	8001230e	020ba403	lw	x8,32(x23)	 x23:0x8002cc60  x8=0xffffffb6 PA:0x8002cc80 load:0xffffffb6
       14275000	      1328	80012312	024ba483	lw	x9,36(x23)	 x23:0x8002cc60  x9=0x0000e000 PA:0x8002cc84 load:0x0000e000
       14285000	      1329	80012316	028ba503	lw	x10,40(x23)	 x23:0x8002cc60 x10=0x00000069 PA:0x8002cc88 load:0x00000069
       14295000	      1330	8001231a	02cba583	lw	x11,44(x23)	 x23:0x8002cc60 x11=0xf1e8b1fd PA:0x8002cc8c load:0xf1e8b1fd
       14305000	      1331	8001231e	030ba603	lw	x12,48(x23)	 x23:0x8002cc60 x12=0x80013541 PA:0x8002cc90 load:0x80013541
       14315000	      1332	80012322	034ba683	lw	x13,52(x23)	 x23:0x8002cc60 x13=0x8002cce0 PA:0x8002cc94 load:0x8002cce0
       14325000	      1333	80012326	038ba703	lw	x14,56(x23)	 x23:0x8002cc60 x14=0x0003c419 PA:0x8002cc98 load:0x0003c419
       14335000	      1334	8001232a	03cba783	lw	x15,60(x23)	 x23:0x8002cc60 x15=0x00000000 PA:0x8002cc9c load:0x00000000
       14345000	      1335	8001232e	040ba803	lw	x16,64(x23)	 x23:0x8002cc60 x16=0x00000005 PA:0x8002cca0 load:0x00000005
       14355000	      1336	80012332	044ba883	lw	x17,68(x23)	 x23:0x8002cc60 x17=0xffffb5e9 PA:0x8002cca4 load:0xffffb5e9
       14365000	      1337	80012336	048ba903	lw	x18,72(x23)	 x23:0x8002cc60 x18=0x0000003f PA:0x8002cca8 load:0x0000003f
       14375000	      1338	8001233a	04cba983	lw	x19,76(x23)	 x23:0x8002cc60 x19=0x247fa133 PA:0x8002ccac load:0x247fa133
       14385000	      1339	8001233e	050baa03	lw	x20,80(x23)	 x23:0x8002cc60 x20=0x80000009 PA:0x8002ccb0 load:0x80000009
       14395000	      1340	80012342	054baa83	lw	x21,84(x23)	 x23:0x8002cc60 x21=0xffffffe0 PA:0x8002ccb4 load:0xffffffe0
       14405000	      1341	80012346	058bab03	lw	x22,88(x23)	 x23:0x8002cc60 x22=0x510c7012 PA:0x8002ccb8 load:0x510c7012
       14415000	      1342	8001234a	05cbab83	lw	x23,92(x23)	 x23:0x8002cc60 x23=0x8002cc60 PA:0x8002ccbc load:0x8002cc60
       14435000	      1344	8001234e	060bac03	lw	x24,96(x23)	 x23:0x8002cc60 x24=0xfffff98b PA:0x8002ccc0 load:0xfffff98b
       14445000	      1345	80012352	064bac83	lw	x25,100(x23)	 x23:0x8002cc60 x25=0x00000088 PA:0x8002ccc4 load:0x00000088
       14455000	      1346	80012356	068bad03	lw	x26,104(x23)	 x23:0x8002cc60 x26=0x8001b229 PA:0x8002ccc8 load:0x8001b229
       14465000	      1347	8001235a	06cbad83	lw	x27,108(x23)	 x23:0x8002cc60 x27=0x00000000 PA:0x8002cccc load:0x00000000
       14475000	      1348	8001235e	070bae03	lw	x28,112(x23)	 x23:0x8002cc60 x28=0x00002000 PA:0x8002ccd0 load:0x00002000
       14485000	      1349	80012362	074bae83	lw	x29,116(x23)	 x23:0x8002cc60 x29=0xffffffdf PA:0x8002ccd4 load:0xffffffdf
       14495000	      1350	80012366	078baf03	lw	x30,120(x23)	 x23:0x8002cc60 x30=0x8002050d PA:0x8002ccd8 load:0x8002050d
       14505000	      1351	8001236a	07cbaf83	lw	x31,124(x23)	 x23:0x8002cc60 x31=0xffffffff PA:0x8002ccdc load:0xffffffff
       14515000	      1352	8001236e	080b8b93	addi	x23,x23,128	 x23:0x8002cc60 x23=0x8002cce0
       14525000	      1353	80012372	000b86b3	add	x13,x23,x0	 x23:0x8002cce0  x0:0x00000000 x13=0x8002cce0
       14535000	      1354	80012376	0006ab83	lw	x23,0(x13)	 x13:0x8002cce0 x23=0x80028e64 PA:0x8002cce0 load:0x80028e64
       14545000	      1355	8001237a	0691	c.addi	x13,4	 x13:0x8002cce0 x13=0x8002cce4
       14555000	      1356	8001237c	30200073	mret	
       14595000	      1360	8000375a	0013ea33	or	x20,x7,x1	  x7:0x247fa134  x1:0x00000001 x20=0x247fa135
       14605000	      1361	8000375e	8f75	c.and	x14,x13	 x14:0x0003c419 x13:0x8002cce4 x14=0x0002c400
       14615000	      1362	80003760	023e	c.slli	x4,0xf	  x4:0x00000022  x4=0x00110000
       14625000	      1363	80003762	9ee16313	ori	x6,x2,-1554	  x2:0x800135b5  x6=0xfffffdff
       14635000	      1364	80003766	537d	c.li	x6,-1	  x6=0xffffffff
       14645000	      1365	80003768	009631b3	sltu	x3,x12,x9	 x12:0x80013541  x9:0x0000e000  x3=0x00000000
       14665000	      1367	8000376c	020ad1b3	divu	x3,x21,x0	 x21:0xffffffe0  x0:0x00000000  x3=0xffffffff
       14675000	      1368	80003770	1f7d	c.addi	x30,-1	 x30:0x8002050d x30=0x8002050c
       14685000	      1369	80003772	8e09	c.sub	x12,x10	 x12:0x80013541 x10:0x00000069 x12=0x800134d8
       14695000	      1370	80003774	00484cb3	xor	x25,x16,x4	 x16:0x00000005  x4:0x00110000 x25=0x00110005
       14705000	      1371	80003778	191c	c.addi4spn	x15,x2,176	 x15=0x80013665
       14715000	      1372	8000377a	c915	c.beqz	x10,800037ae	 x10:0x00000069
       14725000	      1373	8000377c	02815263	bge	x2,x8,800037a0	  x2:0x800135b5  x8:0xffffffb6
       14735000	      1374	80003780	8469	c.srai	x8,0x1a	  x8:0xffffffb6  x8=0xffffffff
       14745000	      1375	80003782	80c1	c.srli	x9,0x10	  x9:0x0000e000  x9=0x00000000
       14755000	      1376	80003784	4089df13	srai	x30,x19,0x8	 x19:0x247fa133 x30=0x00247fa1
       14765000	      1377	80003788	21138497	auipc	x9,0x21138	  x9=0xa113b788
       14775000	      1378	8000378c	8349	c.srli	x14,0x12	 x14:0x0002c400 x14=0x00000000
       14785000	      1379	8000378e	88c0e713	ori	x14,x1,-1908	  x1:0x00000001 x14=0xfffff88d
       14825000	      1383	8000272c	fd8fe06f	jal	x0,80000f04	  x0=0x00000000
       14845000	      1385	80000f04	16f1	c.addi	x13,-4	 x13:0x8002cce4 x13=0x8002cce0
       14855000	      1386	80000f06	0176a023	sw	x23,0(x13)	 x13:0x8002cce0 x23:0x80028e64 PA:0x8002cce0 store:0x80028e64 load:0x00000000
       14865000	      1387	80000f0a	00068bb3	add	x23,x13,x0	 x13:0x8002cce0  x0:0x00000000 x23=0x8002cce0
       14875000	      1388	80000f0e	f80b8b93	addi	x23,x23,-128	 x23:0x8002cce0 x23=0x8002cc60
       14885000	      1389	80000f12	001ba223	sw	x1,4(x23)	 x23:0x8002cc60  x1:0x00000001 PA:0x8002cc64 store:0x00000001 load:0x00000000
       14895000	      1390	80000f16	002ba423	sw	x2,8(x23)	 x23:0x8002cc60  x2:0x800135b5 PA:0x8002cc68 store:0x800135b5 load:0x00000000
       14905000	      1391	80000f1a	003ba623	sw	x3,12(x23)	 x23:0x8002cc60  x3:0xffffffff PA:0x8002cc6c store:0xffffffff load:0x00000000
       14915000	      1392	80000f1e	004ba823	sw	x4,16(x23)	 x23:0x8002cc60  x4:0x00110000 PA:0x8002cc70 store:0x00110000 load:0x00000000
       14925000	      1393	80000f22	005baa23	sw	x5,20(x23)	 x23:0x8002cc60  x5:0xff0f1455 PA:0x8002cc74 store:0xff0f1455 load:0x00000000
       14935000	      1394	80000f26	006bac23	sw	x6,24(x23)	 x23:0x8002cc60  x6:0xffffffff PA:0x8002cc78 store:0xffffffff load:0x00000000
       14945000	      1395	80000f2a	007bae23	sw	x7,28(x23)	 x23:0x8002cc60  x7:0x247fa134 PA:0x8002cc7c store:0x247fa134 load:0x00000000
       14955000	      1396	80000f2e	028ba023	sw	x8,32(x23)	 x23:0x8002cc60  x8:0xffffffff PA:0x8002cc80 store:0xffffffff load:0x00000000
       14965000	      1397	80000f32	029ba223	sw	x9,36(x23)	 x23:0x8002cc60  x9:0xa113b788 PA:0x8002cc84 store:0xa113b788 load:0x00000000
       14975000	      1398	80000f36	02aba423	sw	x10,40(x23)	 x23:0x8002cc60 x10:0x00000069 PA:0x8002cc88 store:0x00000069 load:0x00000000
       14985000	      1399	80000f3a	02bba623	sw	x11,44(x23)	 x23:0x8002cc60 x11:0xf1e8b1fd PA:0x8002cc8c store:0xf1e8b1fd load:0x00000000
       14995000	      1400	80000f3e	02cba823	sw	x12,48(x23)	 x23:0x8002cc60 x12:0x800134d8 PA:0x8002cc90 store:0x800134d8 load:0x00000000
       15005000	      1401	80000f42	02dbaa23	sw	x13,52(x23)	 x23:0x8002cc60 x13:0x8002cce0 PA:0x8002cc94 store:0x8002cce0 load:0x00000000
       15015000	      1402	80000f46	02ebac23	sw	x14,56(x23)	 x23:0x8002cc60 x14:0xfffff88d PA:0x8002cc98 store:0xfffff88d load:0x00000000
       15025000	      1403	80000f4a	02fbae23	sw	x15,60(x23)	 x23:0x8002cc60 x15:0x80013665 PA:0x8002cc9c store:0x80013665 load:0x00000000
       15035000	      1404	80000f4e	050ba023	sw	x16,64(x23)	 x23:0x8002cc60 x16:0x00000005 PA:0x8002cca0 store:0x00000005 load:0x00000000
       15045000	      1405	80000f52	051ba223	sw	x17,68(x23)	 x23:0x8002cc60 x17:0xffffb5e9 PA:0x8002cca4 store:0xffffb5e9 load:0x00000000
       15055000	      1406	80000f56	052ba423	sw	x18,72(x23)	 x23:0x8002cc60 x18:0x0000003f PA:0x8002cca8 store:0x0000003f load:0x00000000
       15065000	      1407	80000f5a	053ba623	sw	x19,76(x23)	 x23:0x8002cc60 x19:0x247fa133 PA:0x8002ccac store:0x247fa133 load:0x00000000
       15075000	      1408	80000f5e	054ba823	sw	x20,80(x23)	 x23:0x8002cc60 x20:0x247fa135 PA:0x8002ccb0 store:0x247fa135 load:0x00000000
       15085000	      1409	80000f62	055baa23	sw	x21,84(x23)	 x23:0x8002cc60 x21:0xffffffe0 PA:0x8002ccb4 store:0xffffffe0 load:0x00000000
       15095000	      1410	80000f66	056bac23	sw	x22,88(x23)	 x23:0x8002cc60 x22:0x510c7012 PA:0x8002ccb8 store:0x510c7012 load:0x00000000
       15105000	      1411	80000f6a	057bae23	sw	x23,92(x23)	 x23:0x8002cc60 x23:0x8002cc60 PA:0x8002ccbc store:0x8002cc60 load:0x00000000
       15115000	      1412	80000f6e	078ba023	sw	x24,96(x23)	 x23:0x8002cc60 x24:0xfffff98b PA:0x8002ccc0 store:0xfffff98b load:0x00000000
       15125000	      1413	80000f72	079ba223	sw	x25,100(x23)	 x23:0x8002cc60 x25:0x00110005 PA:0x8002ccc4 store:0x00110005 load:0x00000000
       15135000	      1414	80000f76	07aba423	sw	x26,104(x23)	 x23:0x8002cc60 x26:0x8001b229 PA:0x8002ccc8 store:0x8001b229 load:0x00000000
       15145000	      1415	80000f7a	07bba623	sw	x27,108(x23)	 x23:0x8002cc60 x27:0x00000000 PA:0x8002cccc store:0x00000000 load:0x00000000
       15155000	      1416	80000f7e	07cba823	sw	x28,112(x23)	 x23:0x8002cc60 x28:0x00002000 PA:0x8002ccd0 store:0x00002000 load:0x00000000
       15165000	      1417	80000f82	07dbaa23	sw	x29,116(x23)	 x23:0x8002cc60 x29:0xffffffdf PA:0x8002ccd4 store:0xffffffdf load:0x00000000
       15175000	      1418	80000f86	07ebac23	sw	x30,120(x23)	 x23:0x8002cc60 x30:0x00247fa1 PA:0x8002ccd8 store:0x00247fa1 load:0x00000000
       15185000	      1419	80000f8a	07fbae23	sw	x31,124(x23)	 x23:0x8002cc60 x31:0xffffffff PA:0x8002ccdc store:0xffffffff load:0x00000000
       15195000	      1420	80000f8e	000b86b3	add	x13,x23,x0	 x23:0x8002cc60  x0:0x00000000 x13=0x8002cc60
       15205000	      1421	80000f92	90000d37	lui	x26,0x90000	 x26=0x90000000
       15215000	      1422	80000f96	1d71	c.addi	x26,-4	 x26:0x90000000 x26=0x8ffffffc
       15225000	      1423	80000f98	4d99	c.li	x27,6	 x27=0x00000006
       15235000	      1424	80000f9a	0da2	c.slli	x27,0x8	 x27:0x00000006 x27=0x00000600
       15245000	      1425	80000f9c	000d8d93	addi	x27,x27,0	 x27:0x00000600 x27=0x00000600
       15255000	      1426	80000fa0	01bd2023	sw	x27,0(x26)	 x26:0x8ffffffc x27:0x00000600 PA:0x8ffffffc store:0x00000600 load:0x00000000
       15265000	      1427	80000fa4	34202df3	csrrs	x27,mcause,x0	  x0:0x00000000 x27=0x8000000b
       15275000	      1428	80000fa8	01fddd93	srli	x27,x27,0x1f	 x27:0x8000000b x27=0x00000001
       15285000	      1429	80000fac	060d8863	beq	x27,x0,8000101c	 x27:0x00000001  x0:0x00000000
       15295000	      1430	80000fb0	90000d37	lui	x26,0x90000	 x26=0x90000000
       15305000	      1431	80000fb4	1d71	c.addi	x26,-4	 x26:0x90000000 x26=0x8ffffffc
       15315000	      1432	80000fb6	30000d93	addi	x27,x0,768	  x0:0x00000000 x27=0x00000300
       15325000	      1433	80000fba	0da2	c.slli	x27,0x8	 x27:0x00000300 x27=0x00030000
       15335000	      1434	80000fbc	0d8d	c.addi	x27,3	 x27:0x00030000 x27=0x00030003
       15345000	      1435	80000fbe	01bd2023	sw	x27,0(x26)	 x26:0x8ffffffc x27:0x00030003 PA:0x8ffffffc store:0x00030003 load:0x00000000
       15355000	      1436	80000fc2	30002df3	csrrs	x27,mstatus,x0	  x0:0x00000000 x27=0x00000080
       15365000	      1437	80000fc6	01bd2023	sw	x27,0(x26)	 x26:0x8ffffffc x27:0x00000080 PA:0x8ffffffc store:0x00000080 load:0x00000000
       15375000	      1438	80000fca	90000d37	lui	x26,0x90000	 x26=0x90000000
       15385000	      1439	80000fce	1d71	c.addi	x26,-4	 x26:0x90000000 x26=0x8ffffffc
       15395000	      1440	80000fd0	34200d93	addi	x27,x0,834	  x0:0x00000000 x27=0x00000342
       15405000	      1441	80000fd4	0da2	c.slli	x27,0x8	 x27:0x00000342 x27=0x00034200
       15415000	      1442	80000fd6	0d8d	c.addi	x27,3	 x27:0x00034200 x27=0x00034203
       15425000	      1443	80000fd8	01bd2023	sw	x27,0(x26)	 x26:0x8ffffffc x27:0x00034203 PA:0x8ffffffc store:0x00034203 load:0x00000000
       15435000	      1444	80000fdc	34202df3	csrrs	x27,mcause,x0	  x0:0x00000000 x27=0x8000000b
       15445000	      1445	80000fe0	01bd2023	sw	x27,0(x26)	 x26:0x8ffffffc x27:0x8000000b PA:0x8ffffffc store:0x8000000b load:0x00000000
       15455000	      1446	80000fe4	90000d37	lui	x26,0x90000	 x26=0x90000000
       15465000	      1447	80000fe8	1d71	c.addi	x26,-4	 x26:0x90000000 x26=0x8ffffffc
       15475000	      1448	80000fea	30400d93	addi	x27,x0,772	  x0:0x00000000 x27=0x00000304
       15485000	      1449	80000fee	0da2	c.slli	x27,0x8	 x27:0x00000304 x27=0x00030400
       15495000	      1450	80000ff0	0d8d	c.addi	x27,3	 x27:0x00030400 x27=0x00030403
       15505000	      1451	80000ff2	01bd2023	sw	x27,0(x26)	 x26:0x8ffffffc x27:0x00030403 PA:0x8ffffffc store:0x00030403 load:0x00000000
       15515000	      1452	80000ff6	30402df3	csrrs	x27,mie,x0	  x0:0x00000000 x27=0x00360888
       15525000	      1453	80000ffa	01bd2023	sw	x27,0(x26)	 x26:0x8ffffffc x27:0x00360888 PA:0x8ffffffc store:0x00360888 load:0x00000000
       15535000	      1454	80000ffe	90000d37	lui	x26,0x90000	 x26=0x90000000
       15545000	      1455	80001002	1d71	c.addi	x26,-4	 x26:0x90000000 x26=0x8ffffffc
       15555000	      1456	80001004	34400d93	addi	x27,x0,836	  x0:0x00000000 x27=0x00000344
       15565000	      1457	80001008	0da2	c.slli	x27,0x8	 x27:0x00000344 x27=0x00034400
       15575000	      1458	8000100a	0d8d	c.addi	x27,3	 x27:0x00034400 x27=0x00034403
       15585000	      1459	8000100c	01bd2023	sw	x27,0(x26)	 x26:0x8ffffffc x27:0x00034403 PA:0x8ffffffc store:0x00034403 load:0x00000000
       15595000	      1460	80001010	34402df3	csrrs	x27,mip,x0	  x0:0x00000000 x27=0x00000000
       15605000	      1461	80001014	01bd2023	sw	x27,0(x26)	 x26:0x8ffffffc x27:0x00000000 PA:0x8ffffffc store:0x00000000 load:0x00000000
       15615000	      1462	80001018	2b41106f	jal	x0,800122cc	  x0=0x00000000
       15635000	      1464	800122cc	30002df3	csrrs	x27,mstatus,x0	  x0:0x00000000 x27=0x00000080
       15645000	      1465	800122d0	30402df3	csrrs	x27,mie,x0	  x0:0x00000000 x27=0x00360888
       15655000	      1466	800122d4	34402df3	csrrs	x27,mip,x0	  x0:0x00000000 x27=0x00000000
       15665000	      1467	800122d8	344dbdf3	csrrc	x27,mip,x27	 x27:0x00000000 x27=0x00000000
       15695000	      1470	800122dc	90000d37	lui	x26,0x90000	 x26=0x90000000
       15705000	      1471	800122e0	1d71	c.addi	x26,-4	 x26:0x90000000 x26=0x8ffffffc
       15715000	      1472	800122e2	4d9d	c.li	x27,7	 x27=0x00000007
       15725000	      1473	800122e4	0da2	c.slli	x27,0x8	 x27:0x00000007 x27=0x00000700
       15735000	      1474	800122e6	000d8d93	addi	x27,x27,0	 x27:0x00000700 x27=0x00000700
       15745000	      1475	800122ea	01bd2023	sw	x27,0(x26)	 x26:0x8ffffffc x27:0x00000700 PA:0x8ffffffc store:0x00000700 load:0x00000000
       15755000	      1476	800122ee	00068bb3	add	x23,x13,x0	 x13:0x8002cc60  x0:0x00000000 x23=0x8002cc60
       15765000	      1477	800122f2	004ba083	lw	x1,4(x23)	 x23:0x8002cc60  x1=0x00000001 PA:0x8002cc64 load:0x00000001
       15775000	      1478	800122f6	008ba103	lw	x2,8(x23)	 x23:0x8002cc60  x2=0x800135b5 PA:0x8002cc68 load:0x800135b5
       15785000	      1479	800122fa	00cba183	lw	x3,12(x23)	 x23:0x8002cc60  x3=0xffffffff PA:0x8002cc6c load:0xffffffff
       15795000	      1480	800122fe	010ba203	lw	x4,16(x23)	 x23:0x8002cc60  x4=0x00110000 PA:0x8002cc70 load:0x00110000
       15805000	      1481	80012302	014ba283	lw	x5,20(x23)	 x23:0x8002cc60  x5=0xff0f1455 PA:0x8002cc74 load:0xff0f1455
       15815000	      1482	80012306	018ba303	lw	x6,24(x23)	 x23:0x8002cc60  x6=0xffffffff PA:0x8002cc78 load:0xffffffff
       15825000	      1483	8001230a	01cba383	lw	x7,28(x23)	 x23:0x8002cc60  x7=0x247fa134 PA:0x8002cc7c load:0x247fa134
       15835000	      1484	8001230e	020ba403	lw	x8,32(x23)	 x23:0x8002cc60  x8=0xffffffff PA:0x8002cc80 load:0xffffffff
       15845000	      1485	80012312	024ba483	lw	x9,36(x23)	 x23:0x8002cc60  x9=0xa113b788 PA:0x8002cc84 load:0xa113b788
       15855000	      1486	80012316	028ba503	lw	x10,40(x23)	 x23:0x8002cc60 x10=0x00000069 PA:0x8002cc88 load:0x00000069
       15865000	      1487	8001231a	02cba583	lw	x11,44(x23)	 x23:0x8002cc60 x11=0xf1e8b1fd PA:0x8002cc8c load:0xf1e8b1fd
       15875000	      1488	8001231e	030ba603	lw	x12,48(x23)	 x23:0x8002cc60 x12=0x800134d8 PA:0x8002cc90 load:0x800134d8
       15885000	      1489	80012322	034ba683	lw	x13,52(x23)	 x23:0x8002cc60 x13=0x8002cce0 PA:0x8002cc94 load:0x8002cce0
       15895000	      1490	80012326	038ba703	lw	x14,56(x23)	 x23:0x8002cc60 x14=0xfffff88d PA:0x8002cc98 load:0xfffff88d
       15905000	      1491	8001232a	03cba783	lw	x15,60(x23)	 x23:0x8002cc60 x15=0x80013665 PA:0x8002cc9c load:0x80013665
       15915000	      1492	8001232e	040ba803	lw	x16,64(x23)	 x23:0x8002cc60 x16=0x00000005 PA:0x8002cca0 load:0x00000005
       15925000	      1493	80012332	044ba883	lw	x17,68(x23)	 x23:0x8002cc60 x17=0xffffb5e9 PA:0x8002cca4 load:0xffffb5e9
       15935000	      1494	80012336	048ba903	lw	x18,72(x23)	 x23:0x8002cc60 x18=0x0000003f PA:0x8002cca8 load:0x0000003f
       15945000	      1495	8001233a	04cba983	lw	x19,76(x23)	 x23:0x8002cc60 x19=0x247fa133 PA:0x8002ccac load:0x247fa133
       15955000	      1496	8001233e	050baa03	lw	x20,80(x23)	 x23:0x8002cc60 x20=0x247fa135 PA:0x8002ccb0 load:0x247fa135
       15965000	      1497	80012342	054baa83	lw	x21,84(x23)	 x23:0x8002cc60 x21=0xffffffe0 PA:0x8002ccb4 load:0xffffffe0
       15975000	      1498	80012346	058bab03	lw	x22,88(x23)	 x23:0x8002cc60 x22=0x510c7012 PA:0x8002ccb8 load:0x510c7012
       15985000	      1499	8001234a	05cbab83	lw	x23,92(x23)	 x23:0x8002cc60 x23=0x8002cc60 PA:0x8002ccbc load:0x8002cc60
       16005000	      1501	8001234e	060bac03	lw	x24,96(x23)	 x23:0x8002cc60 x24=0xfffff98b PA:0x8002ccc0 load:0xfffff98b
       16015000	      1502	80012352	064bac83	lw	x25,100(x23)	 x23:0x8002cc60 x25=0x00110005 PA:0x8002ccc4 load:0x00110005
       16025000	      1503	80012356	068bad03	lw	x26,104(x23)	 x23:0x8002cc60 x26=0x8001b229 PA:0x8002ccc8 load:0x8001b229
       16035000	      1504	8001235a	06cbad83	lw	x27,108(x23)	 x23:0x8002cc60 x27=0x00000000 PA:0x8002cccc load:0x00000000
       16045000	      1505	8001235e	070bae03	lw	x28,112(x23)	 x23:0x8002cc60 x28=0x00002000 PA:0x8002ccd0 load:0x00002000
       16055000	      1506	80012362	074bae83	lw	x29,116(x23)	 x23:0x8002cc60 x29=0xffffffdf PA:0x8002ccd4 load:0xffffffdf
       16065000	      1507	80012366	078baf03	lw	x30,120(x23)	 x23:0x8002cc60 x30=0x00247fa1 PA:0x8002ccd8 load:0x00247fa1
       16075000	      1508	8001236a	07cbaf83	lw	x31,124(x23)	 x23:0x8002cc60 x31=0xffffffff PA:0x8002ccdc load:0xffffffff
       16085000	      1509	8001236e	080b8b93	addi	x23,x23,128	 x23:0x8002cc60 x23=0x8002cce0
       16095000	      1510	80012372	000b86b3	add	x13,x23,x0	 x23:0x8002cce0  x0:0x00000000 x13=0x8002cce0
       16105000	      1511	80012376	0006ab83	lw	x23,0(x13)	 x13:0x8002cce0 x23=0x80028e64 PA:0x8002cce0 load:0x80028e64
       16115000	      1512	8001237a	0691	c.addi	x13,4	 x13:0x8002cce0 x13=0x8002cce4
       16125000	      1513	8001237c	30200073	mret	
       16155000	      1516	80003792	0109	c.addi	x2,2	  x2:0x800135b5  x2=0x800135b7
       16165000	      1517	80003794	f2946937	lui	x18,0xf2946	 x18=0xf2946000
       16175000	      1518	80003798	00b36033	or	x0,x6,x11	  x6:0xffffffff x11:0xf1e8b1fd  x0=0x00000000
       16185000	      1519	8000379c	01555f63	bge	x10,x21,800037ba	 x10:0x00000069 x21:0xffffffe0
       16205000	      1521	800037ba	84f9	c.srai	x9,0x1e	  x9:0xa113b788  x9=0xfffffffe
       16215000	      1522	800037bc	411a5813	srai	x16,x20,0x11	 x20:0x247fa135 x16=0x0000123f
       16225000	      1523	800037c0	00f2	c.slli	x1,0x1c	  x1:0x00000001  x1=0x10000000
       16235000	      1524	800037c2	003cbe33	sltu	x28,x25,x3	 x25:0x00110005  x3:0xffffffff x28=0x00000001
       16245000	      1525	800037c6	8cf5	c.and	x9,x13	  x9:0xfffffffe x13:0x8002cce4  x9=0x8002cce4
       16255000	      1526	800037c8	850a	c.mv	x10,x2	  x0:0x00000000  x2:0x800135b7 x10=0x800135b7
       16625000	      1563	800037ca	029751b3	divu	x3,x14,x9	 x14:0xfffff88d  x9:0x8002cce4  x3=0x00000001
       16665000	      1567	8000272c	fd8fe06f	jal	x0,80000f04	  x0=0x00000000
       16685000	      1569	80000f04	16f1	c.addi	x13,-4	 x13:0x8002cce4 x13=0x8002cce0
       16695000	      1570	80000f06	0176a023	sw	x23,0(x13)	 x13:0x8002cce0 x23:0x80028e64 PA:0x8002cce0 store:0x80028e64 load:0x00000000
       16705000	      1571	80000f0a	00068bb3	add	x23,x13,x0	 x13:0x8002cce0  x0:0x00000000 x23=0x8002cce0
       16715000	      1572	80000f0e	f80b8b93	addi	x23,x23,-128	 x23:0x8002cce0 x23=0x8002cc60
       16725000	      1573	80000f12	001ba223	sw	x1,4(x23)	 x23:0x8002cc60  x1:0x10000000 PA:0x8002cc64 store:0x10000000 load:0x00000000
       16735000	      1574	80000f16	002ba423	sw	x2,8(x23)	 x23:0x8002cc60  x2:0x800135b7 PA:0x8002cc68 store:0x800135b7 load:0x00000000
       16745000	      1575	80000f1a	003ba623	sw	x3,12(x23)	 x23:0x8002cc60  x3:0x00000001 PA:0x8002cc6c store:0x00000001 load:0x00000000
       16755000	      1576	80000f1e	004ba823	sw	x4,16(x23)	 x23:0x8002cc60  x4:0x00110000 PA:0x8002cc70 store:0x00110000 load:0x00000000
       16765000	      1577	80000f22	005baa23	sw	x5,20(x23)	 x23:0x8002cc60  x5:0xff0f1455 PA:0x8002cc74 store:0xff0f1455 load:0x00000000
       16775000	      1578	80000f26	006bac23	sw	x6,24(x23)	 x23:0x8002cc60  x6:0xffffffff PA:0x8002cc78 store:0xffffffff load:0x00000000
       16785000	      1579	80000f2a	007bae23	sw	x7,28(x23)	 x23:0x8002cc60  x7:0x247fa134 PA:0x8002cc7c store:0x247fa134 load:0x00000000
       16795000	      1580	80000f2e	028ba023	sw	x8,32(x23)	 x23:0x8002cc60  x8:0xffffffff PA:0x8002cc80 store:0xffffffff load:0x00000000
       16805000	      1581	80000f32	029ba223	sw	x9,36(x23)	 x23:0x8002cc60  x9:0x8002cce4 PA:0x8002cc84 store:0x8002cce4 load:0x00000000
       16815000	      1582	80000f36	02aba423	sw	x10,40(x23)	 x23:0x8002cc60 x10:0x800135b7 PA:0x8002cc88 store:0x800135b7 load:0x00000000
       16825000	      1583	80000f3a	02bba623	sw	x11,44(x23)	 x23:0x8002cc60 x11:0xf1e8b1fd PA:0x8002cc8c store:0xf1e8b1fd load:0x00000000
       16835000	      1584	80000f3e	02cba823	sw	x12,48(x23)	 x23:0x8002cc60 x12:0x800134d8 PA:0x8002cc90 store:0x800134d8 load:0x00000000
       16845000	      1585	80000f42	02dbaa23	sw	x13,52(x23)	 x23:0x8002cc60 x13:0x8002cce0 PA:0x8002cc94 store:0x8002cce0 load:0x00000000
       16855000	      1586	80000f46	02ebac23	sw	x14,56(x23)	 x23:0x8002cc60 x14:0xfffff88d PA:0x8002cc98 store:0xfffff88d load:0x00000000
       16865000	      1587	80000f4a	02fbae23	sw	x15,60(x23)	 x23:0x8002cc60 x15:0x80013665 PA:0x8002cc9c store:0x80013665 load:0x00000000
       16875000	      1588	80000f4e	050ba023	sw	x16,64(x23)	 x23:0x8002cc60 x16:0x0000123f PA:0x8002cca0 store:0x0000123f load:0x00000000
       16885000	      1589	80000f52	051ba223	sw	x17,68(x23)	 x23:0x8002cc60 x17:0xffffb5e9 PA:0x8002cca4 store:0xffffb5e9 load:0x00000000
       16895000	      1590	80000f56	052ba423	sw	x18,72(x23)	 x23:0x8002cc60 x18:0xf2946000 PA:0x8002cca8 store:0xf2946000 load:0x00000000
       16905000	      1591	80000f5a	053ba623	sw	x19,76(x23)	 x23:0x8002cc60 x19:0x247fa133 PA:0x8002ccac store:0x247fa133 load:0x00000000
       16915000	      1592	80000f5e	054ba823	sw	x20,80(x23)	 x23:0x8002cc60 x20:0x247fa135 PA:0x8002ccb0 store:0x247fa135 load:0x00000000
       16925000	      1593	80000f62	055baa23	sw	x21,84(x23)	 x23:0x8002cc60 x21:0xffffffe0 PA:0x8002ccb4 store:0xffffffe0 load:0x00000000
       16935000	      1594	80000f66	056bac23	sw	x22,88(x23)	 x23:0x8002cc60 x22:0x510c7012 PA:0x8002ccb8 store:0x510c7012 load:0x00000000
       16945000	      1595	80000f6a	057bae23	sw	x23,92(x23)	 x23:0x8002cc60 x23:0x8002cc60 PA:0x8002ccbc store:0x8002cc60 load:0x00000000
       16955000	      1596	80000f6e	078ba023	sw	x24,96(x23)	 x23:0x8002cc60 x24:0xfffff98b PA:0x8002ccc0 store:0xfffff98b load:0x00000000
       16965000	      1597	80000f72	079ba223	sw	x25,100(x23)	 x23:0x8002cc60 x25:0x00110005 PA:0x8002ccc4 store:0x00110005 load:0x00000000
       16975000	      1598	80000f76	07aba423	sw	x26,104(x23)	 x23:0x8002cc60 x26:0x8001b229 PA:0x8002ccc8 store:0x8001b229 load:0x00000000
       16985000	      1599	80000f7a	07bba623	sw	x27,108(x23)	 x23:0x8002cc60 x27:0x00000000 PA:0x8002cccc store:0x00000000 load:0x00000000
       16995000	      1600	80000f7e	07cba823	sw	x28,112(x23)	 x23:0x8002cc60 x28:0x00000001 PA:0x8002ccd0 store:0x00000001 load:0x00000000
       17005000	      1601	80000f82	07dbaa23	sw	x29,116(x23)	 x23:0x8002cc60 x29:0xffffffdf PA:0x8002ccd4 store:0xffffffdf load:0x00000000
       17015000	      1602	80000f86	07ebac23	sw	x30,120(x23)	 x23:0x8002cc60 x30:0x00247fa1 PA:0x8002ccd8 store:0x00247fa1 load:0x00000000
       17025000	      1603	80000f8a	07fbae23	sw	x31,124(x23)	 x23:0x8002cc60 x31:0xffffffff PA:0x8002ccdc store:0xffffffff load:0x00000000
       17035000	      1604	80000f8e	000b86b3	add	x13,x23,x0	 x23:0x8002cc60  x0:0x00000000 x13=0x8002cc60
       17045000	      1605	80000f92	90000d37	lui	x26,0x90000	 x26=0x90000000
       17055000	      1606	80000f96	1d71	c.addi	x26,-4	 x26:0x90000000 x26=0x8ffffffc
       17065000	      1607	80000f98	4d99	c.li	x27,6	 x27=0x00000006
       17075000	      1608	80000f9a	0da2	c.slli	x27,0x8	 x27:0x00000006 x27=0x00000600
       17085000	      1609	80000f9c	000d8d93	addi	x27,x27,0	 x27:0x00000600 x27=0x00000600
       17095000	      1610	80000fa0	01bd2023	sw	x27,0(x26)	 x26:0x8ffffffc x27:0x00000600 PA:0x8ffffffc store:0x00000600 load:0x00000000
       17105000	      1611	80000fa4	34202df3	csrrs	x27,mcause,x0	  x0:0x00000000 x27=0x8000000b
       17115000	      1612	80000fa8	01fddd93	srli	x27,x27,0x1f	 x27:0x8000000b x27=0x00000001
       17125000	      1613	80000fac	060d8863	beq	x27,x0,8000101c	 x27:0x00000001  x0:0x00000000
       17135000	      1614	80000fb0	90000d37	lui	x26,0x90000	 x26=0x90000000
       17145000	      1615	80000fb4	1d71	c.addi	x26,-4	 x26:0x90000000 x26=0x8ffffffc
       17155000	      1616	80000fb6	30000d93	addi	x27,x0,768	  x0:0x00000000 x27=0x00000300
       17165000	      1617	80000fba	0da2	c.slli	x27,0x8	 x27:0x00000300 x27=0x00030000
       17175000	      1618	80000fbc	0d8d	c.addi	x27,3	 x27:0x00030000 x27=0x00030003
       17185000	      1619	80000fbe	01bd2023	sw	x27,0(x26)	 x26:0x8ffffffc x27:0x00030003 PA:0x8ffffffc store:0x00030003 load:0x00000000
       17195000	      1620	80000fc2	30002df3	csrrs	x27,mstatus,x0	  x0:0x00000000 x27=0x00000080
       17205000	      1621	80000fc6	01bd2023	sw	x27,0(x26)	 x26:0x8ffffffc x27:0x00000080 PA:0x8ffffffc store:0x00000080 load:0x00000000
       17215000	      1622	80000fca	90000d37	lui	x26,0x90000	 x26=0x90000000
       17225000	      1623	80000fce	1d71	c.addi	x26,-4	 x26:0x90000000 x26=0x8ffffffc
       17235000	      1624	80000fd0	34200d93	addi	x27,x0,834	  x0:0x00000000 x27=0x00000342
       17245000	      1625	80000fd4	0da2	c.slli	x27,0x8	 x27:0x00000342 x27=0x00034200
       17255000	      1626	80000fd6	0d8d	c.addi	x27,3	 x27:0x00034200 x27=0x00034203
       17265000	      1627	80000fd8	01bd2023	sw	x27,0(x26)	 x26:0x8ffffffc x27:0x00034203 PA:0x8ffffffc store:0x00034203 load:0x00000000
       17275000	      1628	80000fdc	34202df3	csrrs	x27,mcause,x0	  x0:0x00000000 x27=0x8000000b
       17285000	      1629	80000fe0	01bd2023	sw	x27,0(x26)	 x26:0x8ffffffc x27:0x8000000b PA:0x8ffffffc store:0x8000000b load:0x00000000
       17295000	      1630	80000fe4	90000d37	lui	x26,0x90000	 x26=0x90000000
       17305000	      1631	80000fe8	1d71	c.addi	x26,-4	 x26:0x90000000 x26=0x8ffffffc
       17315000	      1632	80000fea	30400d93	addi	x27,x0,772	  x0:0x00000000 x27=0x00000304
       17325000	      1633	80000fee	0da2	c.slli	x27,0x8	 x27:0x00000304 x27=0x00030400
       17335000	      1634	80000ff0	0d8d	c.addi	x27,3	 x27:0x00030400 x27=0x00030403
       17345000	      1635	80000ff2	01bd2023	sw	x27,0(x26)	 x26:0x8ffffffc x27:0x00030403 PA:0x8ffffffc store:0x00030403 load:0x00000000
       17355000	      1636	80000ff6	30402df3	csrrs	x27,mie,x0	  x0:0x00000000 x27=0x00360888
       17365000	      1637	80000ffa	01bd2023	sw	x27,0(x26)	 x26:0x8ffffffc x27:0x00360888 PA:0x8ffffffc store:0x00360888 load:0x00000000
       17375000	      1638	80000ffe	90000d37	lui	x26,0x90000	 x26=0x90000000
       17385000	      1639	80001002	1d71	c.addi	x26,-4	 x26:0x90000000 x26=0x8ffffffc
       17395000	      1640	80001004	34400d93	addi	x27,x0,836	  x0:0x00000000 x27=0x00000344
       17405000	      1641	80001008	0da2	c.slli	x27,0x8	 x27:0x00000344 x27=0x00034400
       17415000	      1642	8000100a	0d8d	c.addi	x27,3	 x27:0x00034400 x27=0x00034403
       17425000	      1643	8000100c	01bd2023	sw	x27,0(x26)	 x26:0x8ffffffc x27:0x00034403 PA:0x8ffffffc store:0x00034403 load:0x00000000
       17435000	      1644	80001010	34402df3	csrrs	x27,mip,x0	  x0:0x00000000 x27=0x00000000
       17445000	      1645	80001014	01bd2023	sw	x27,0(x26)	 x26:0x8ffffffc x27:0x00000000 PA:0x8ffffffc store:0x00000000 load:0x00000000
       17455000	      1646	80001018	2b41106f	jal	x0,800122cc	  x0=0x00000000
       17475000	      1648	800122cc	30002df3	csrrs	x27,mstatus,x0	  x0:0x00000000 x27=0x00000080
       17485000	      1649	800122d0	30402df3	csrrs	x27,mie,x0	  x0:0x00000000 x27=0x00360888
       17495000	      1650	800122d4	34402df3	csrrs	x27,mip,x0	  x0:0x00000000 x27=0x00000000
       17505000	      1651	800122d8	344dbdf3	csrrc	x27,mip,x27	 x27:0x00000000 x27=0x00000000
       17535000	      1654	800122dc	90000d37	lui	x26,0x90000	 x26=0x90000000
       17545000	      1655	800122e0	1d71	c.addi	x26,-4	 x26:0x90000000 x26=0x8ffffffc
       17555000	      1656	800122e2	4d9d	c.li	x27,7	 x27=0x00000007
       17565000	      1657	800122e4	0da2	c.slli	x27,0x8	 x27:0x00000007 x27=0x00000700
       17575000	      1658	800122e6	000d8d93	addi	x27,x27,0	 x27:0x00000700 x27=0x00000700
       17585000	      1659	800122ea	01bd2023	sw	x27,0(x26)	 x26:0x8ffffffc x27:0x00000700 PA:0x8ffffffc store:0x00000700 load:0x00000000
       17595000	      1660	800122ee	00068bb3	add	x23,x13,x0	 x13:0x8002cc60  x0:0x00000000 x23=0x8002cc60
       17605000	      1661	800122f2	004ba083	lw	x1,4(x23)	 x23:0x8002cc60  x1=0x10000000 PA:0x8002cc64 load:0x10000000
       17615000	      1662	800122f6	008ba103	lw	x2,8(x23)	 x23:0x8002cc60  x2=0x800135b7 PA:0x8002cc68 load:0x800135b7
       17625000	      1663	800122fa	00cba183	lw	x3,12(x23)	 x23:0x8002cc60  x3=0x00000001 PA:0x8002cc6c load:0x00000001
       17635000	      1664	800122fe	010ba203	lw	x4,16(x23)	 x23:0x8002cc60  x4=0x00110000 PA:0x8002cc70 load:0x00110000
       17645000	      1665	80012302	014ba283	lw	x5,20(x23)	 x23:0x8002cc60  x5=0xff0f1455 PA:0x8002cc74 load:0xff0f1455
       17655000	      1666	80012306	018ba303	lw	x6,24(x23)	 x23:0x8002cc60  x6=0xffffffff PA:0x8002cc78 load:0xffffffff
       17665000	      1667	8001230a	01cba383	lw	x7,28(x23)	 x23:0x8002cc60  x7=0x247fa134 PA:0x8002cc7c load:0x247fa134
       17675000	      1668	8001230e	020ba403	lw	x8,32(x23)	 x23:0x8002cc60  x8=0xffffffff PA:0x8002cc80 load:0xffffffff
       17685000	      1669	80012312	024ba483	lw	x9,36(x23)	 x23:0x8002cc60  x9=0x8002cce4 PA:0x8002cc84 load:0x8002cce4
       17695000	      1670	80012316	028ba503	lw	x10,40(x23)	 x23:0x8002cc60 x10=0x800135b7 PA:0x8002cc88 load:0x800135b7
       17705000	      1671	8001231a	02cba583	lw	x11,44(x23)	 x23:0x8002cc60 x11=0xf1e8b1fd PA:0x8002cc8c load:0xf1e8b1fd
       17715000	      1672	8001231e	030ba603	lw	x12,48(x23)	 x23:0x8002cc60 x12=0x800134d8 PA:0x8002cc90 load:0x800134d8
       17725000	      1673	80012322	034ba683	lw	x13,52(x23)	 x23:0x8002cc60 x13=0x8002cce0 PA:0x8002cc94 load:0x8002cce0
       17735000	      1674	80012326	038ba703	lw	x14,56(x23)	 x23:0x8002cc60 x14=0xfffff88d PA:0x8002cc98 load:0xfffff88d
       17745000	      1675	8001232a	03cba783	lw	x15,60(x23)	 x23:0x8002cc60 x15=0x80013665 PA:0x8002cc9c load:0x80013665
       17755000	      1676	8001232e	040ba803	lw	x16,64(x23)	 x23:0x8002cc60 x16=0x0000123f PA:0x8002cca0 load:0x0000123f
       17765000	      1677	80012332	044ba883	lw	x17,68(x23)	 x23:0x8002cc60 x17=0xffffb5e9 PA:0x8002cca4 load:0xffffb5e9
       17775000	      1678	80012336	048ba903	lw	x18,72(x23)	 x23:0x8002cc60 x18=0xf2946000 PA:0x8002cca8 load:0xf2946000
       17785000	      1679	8001233a	04cba983	lw	x19,76(x23)	 x23:0x8002cc60 x19=0x247fa133 PA:0x8002ccac load:0x247fa133
       17795000	      1680	8001233e	050baa03	lw	x20,80(x23)	 x23:0x8002cc60 x20=0x247fa135 PA:0x8002ccb0 load:0x247fa135
       17805000	      1681	80012342	054baa83	lw	x21,84(x23)	 x23:0x8002cc60 x21=0xffffffe0 PA:0x8002ccb4 load:0xffffffe0
       17815000	      1682	80012346	058bab03	lw	x22,88(x23)	 x23:0x8002cc60 x22=0x510c7012 PA:0x8002ccb8 load:0x510c7012
       17825000	      1683	8001234a	05cbab83	lw	x23,92(x23)	 x23:0x8002cc60 x23=0x8002cc60 PA:0x8002ccbc load:0x8002cc60
       17845000	      1685	8001234e	060bac03	lw	x24,96(x23)	 x23:0x8002cc60 x24=0xfffff98b PA:0x8002ccc0 load:0xfffff98b
       17855000	      1686	80012352	064bac83	lw	x25,100(x23)	 x23:0x8002cc60 x25=0x00110005 PA:0x8002ccc4 load:0x00110005
       17865000	      1687	80012356	068bad03	lw	x26,104(x23)	 x23:0x8002cc60 x26=0x8001b229 PA:0x8002ccc8 load:0x8001b229
       17875000	      1688	8001235a	06cbad83	lw	x27,108(x23)	 x23:0x8002cc60 x27=0x00000000 PA:0x8002cccc load:0x00000000
       17885000	      1689	8001235e	070bae03	lw	x28,112(x23)	 x23:0x8002cc60 x28=0x00000001 PA:0x8002ccd0 load:0x00000001
       17895000	      1690	80012362	074bae83	lw	x29,116(x23)	 x23:0x8002cc60 x29=0xffffffdf PA:0x8002ccd4 load:0xffffffdf
       17905000	      1691	80012366	078baf03	lw	x30,120(x23)	 x23:0x8002cc60 x30=0x00247fa1 PA:0x8002ccd8 load:0x00247fa1
       17915000	      1692	8001236a	07cbaf83	lw	x31,124(x23)	 x23:0x8002cc60 x31=0xffffffff PA:0x8002ccdc load:0xffffffff
       17925000	      1693	8001236e	080b8b93	addi	x23,x23,128	 x23:0x8002cc60 x23=0x8002cce0
       17935000	      1694	80012372	000b86b3	add	x13,x23,x0	 x23:0x8002cce0  x0:0x00000000 x13=0x8002cce0
       17945000	      1695	80012376	0006ab83	lw	x23,0(x13)	 x13:0x8002cce0 x23=0x80028e64 PA:0x8002cce0 load:0x80028e64
       17955000	      1696	8001237a	0691	c.addi	x13,4	 x13:0x8002cce0 x13=0x8002cce4
       17965000	      1697	8001237c	30200073	mret	
       18005000	      1701	800037ce	01de1c33	sll	x24,x28,x29	 x28:0x00000001 x29:0xffffffdf x24=0x80000000
       18015000	      1702	800037d2	03d8d263	bge	x17,x29,800037f6	 x17:0xffffb5e9 x29:0xffffffdf
       18025000	      1703	800037d6	01411413	slli	x8,x2,0x14	  x2:0x800135b7  x8=0x5b700000
       18035000	      1704	800037da	1bac2437	lui	x8,0x1bac2	  x8=0x1bac2000
       18045000	      1705	800037de	01220663	beq	x4,x18,800037ea	  x4:0x00110000 x18:0xf2946000
       18415000	      1742	800037e2	03daf733	remu	x14,x21,x29	 x21:0xffffffe0 x29:0xffffffdf x14=0x00000001
       18455000	      1746	8000272c	fd8fe06f	jal	x0,80000f04	  x0=0x00000000
       18475000	      1748	80000f04	16f1	c.addi	x13,-4	 x13:0x8002cce4 x13=0x8002cce0
       18485000	      1749	80000f06	0176a023	sw	x23,0(x13)	 x13:0x8002cce0 x23:0x80028e64 PA:0x8002cce0 store:0x80028e64 load:0x00000000
       18495000	      1750	80000f0a	00068bb3	add	x23,x13,x0	 x13:0x8002cce0  x0:0x00000000 x23=0x8002cce0
       18505000	      1751	80000f0e	f80b8b93	addi	x23,x23,-128	 x23:0x8002cce0 x23=0x8002cc60
       18515000	      1752	80000f12	001ba223	sw	x1,4(x23)	 x23:0x8002cc60  x1:0x10000000 PA:0x8002cc64 store:0x10000000 load:0x00000000
       18525000	      1753	80000f16	002ba423	sw	x2,8(x23)	 x23:0x8002cc60  x2:0x800135b7 PA:0x8002cc68 store:0x800135b7 load:0x00000000
       18535000	      1754	80000f1a	003ba623	sw	x3,12(x23)	 x23:0x8002cc60  x3:0x00000001 PA:0x8002cc6c store:0x00000001 load:0x00000000
       18545000	      1755	80000f1e	004ba823	sw	x4,16(x23)	 x23:0x8002cc60  x4:0x00110000 PA:0x8002cc70 store:0x00110000 load:0x00000000
       18555000	      1756	80000f22	005baa23	sw	x5,20(x23)	 x23:0x8002cc60  x5:0xff0f1455 PA:0x8002cc74 store:0xff0f1455 load:0x00000000
       18565000	      1757	80000f26	006bac23	sw	x6,24(x23)	 x23:0x8002cc60  x6:0xffffffff PA:0x8002cc78 store:0xffffffff load:0x00000000
       18575000	      1758	80000f2a	007bae23	sw	x7,28(x23)	 x23:0x8002cc60  x7:0x247fa134 PA:0x8002cc7c store:0x247fa134 load:0x00000000
       18585000	      1759	80000f2e	028ba023	sw	x8,32(x23)	 x23:0x8002cc60  x8:0x1bac2000 PA:0x8002cc80 store:0x1bac2000 load:0x00000000
       18595000	      1760	80000f32	029ba223	sw	x9,36(x23)	 x23:0x8002cc60  x9:0x8002cce4 PA:0x8002cc84 store:0x8002cce4 load:0x00000000
       18605000	      1761	80000f36	02aba423	sw	x10,40(x23)	 x23:0x8002cc60 x10:0x800135b7 PA:0x8002cc88 store:0x800135b7 load:0x00000000
       18615000	      1762	80000f3a	02bba623	sw	x11,44(x23)	 x23:0x8002cc60 x11:0xf1e8b1fd PA:0x8002cc8c store:0xf1e8b1fd load:0x00000000
       18625000	      1763	80000f3e	02cba823	sw	x12,48(x23)	 x23:0x8002cc60 x12:0x800134d8 PA:0x8002cc90 store:0x800134d8 load:0x00000000
       18635000	      1764	80000f42	02dbaa23	sw	x13,52(x23)	 x23:0x8002cc60 x13:0x8002cce0 PA:0x8002cc94 store:0x8002cce0 load:0x00000000
       18645000	      1765	80000f46	02ebac23	sw	x14,56(x23)	 x23:0x8002cc60 x14:0x00000001 PA:0x8002cc98 store:0x00000001 load:0x00000000
       18655000	      1766	80000f4a	02fbae23	sw	x15,60(x23)	 x23:0x8002cc60 x15:0x80013665 PA:0x8002cc9c store:0x80013665 load:0x00000000
       18665000	      1767	80000f4e	050ba023	sw	x16,64(x23)	 x23:0x8002cc60 x16:0x0000123f PA:0x8002cca0 store:0x0000123f load:0x00000000
       18675000	      1768	80000f52	051ba223	sw	x17,68(x23)	 x23:0x8002cc60 x17:0xffffb5e9 PA:0x8002cca4 store:0xffffb5e9 load:0x00000000
       18685000	      1769	80000f56	052ba423	sw	x18,72(x23)	 x23:0x8002cc60 x18:0xf2946000 PA:0x8002cca8 store:0xf2946000 load:0x00000000
       18695000	      1770	80000f5a	053ba623	sw	x19,76(x23)	 x23:0x8002cc60 x19:0x247fa133 PA:0x8002ccac store:0x247fa133 load:0x00000000
       18705000	      1771	80000f5e	054ba823	sw	x20,80(x23)	 x23:0x8002cc60 x20:0x247fa135 PA:0x8002ccb0 store:0x247fa135 load:0x00000000
       18715000	      1772	80000f62	055baa23	sw	x21,84(x23)	 x23:0x8002cc60 x21:0xffffffe0 PA:0x8002ccb4 store:0xffffffe0 load:0x00000000
       18725000	      1773	80000f66	056bac23	sw	x22,88(x23)	 x23:0x8002cc60 x22:0x510c7012 PA:0x8002ccb8 store:0x510c7012 load:0x00000000
       18735000	      1774	80000f6a	057bae23	sw	x23,92(x23)	 x23:0x8002cc60 x23:0x8002cc60 PA:0x8002ccbc store:0x8002cc60 load:0x00000000
       18745000	      1775	80000f6e	078ba023	sw	x24,96(x23)	 x23:0x8002cc60 x24:0x80000000 PA:0x8002ccc0 store:0x80000000 load:0x00000000
       18755000	      1776	80000f72	079ba223	sw	x25,100(x23)	 x23:0x8002cc60 x25:0x00110005 PA:0x8002ccc4 store:0x00110005 load:0x00000000
       18765000	      1777	80000f76	07aba423	sw	x26,104(x23)	 x23:0x8002cc60 x26:0x8001b229 PA:0x8002ccc8 store:0x8001b229 load:0x00000000
       18775000	      1778	80000f7a	07bba623	sw	x27,108(x23)	 x23:0x8002cc60 x27:0x00000000 PA:0x8002cccc store:0x00000000 load:0x00000000
       18785000	      1779	80000f7e	07cba823	sw	x28,112(x23)	 x23:0x8002cc60 x28:0x00000001 PA:0x8002ccd0 store:0x00000001 load:0x00000000
       18795000	      1780	80000f82	07dbaa23	sw	x29,116(x23)	 x23:0x8002cc60 x29:0xffffffdf PA:0x8002ccd4 store:0xffffffdf load:0x00000000
       18805000	      1781	80000f86	07ebac23	sw	x30,120(x23)	 x23:0x8002cc60 x30:0x00247fa1 PA:0x8002ccd8 store:0x00247fa1 load:0x00000000
       18815000	      1782	80000f8a	07fbae23	sw	x31,124(x23)	 x23:0x8002cc60 x31:0xffffffff PA:0x8002ccdc store:0xffffffff load:0x00000000
       18825000	      1783	80000f8e	000b86b3	add	x13,x23,x0	 x23:0x8002cc60  x0:0x00000000 x13=0x8002cc60
       18835000	      1784	80000f92	90000d37	lui	x26,0x90000	 x26=0x90000000
       18845000	      1785	80000f96	1d71	c.addi	x26,-4	 x26:0x90000000 x26=0x8ffffffc
       18855000	      1786	80000f98	4d99	c.li	x27,6	 x27=0x00000006
       18865000	      1787	80000f9a	0da2	c.slli	x27,0x8	 x27:0x00000006 x27=0x00000600
       18875000	      1788	80000f9c	000d8d93	addi	x27,x27,0	 x27:0x00000600 x27=0x00000600
       18885000	      1789	80000fa0	01bd2023	sw	x27,0(x26)	 x26:0x8ffffffc x27:0x00000600 PA:0x8ffffffc store:0x00000600 load:0x00000000
       18895000	      1790	80000fa4	34202df3	csrrs	x27,mcause,x0	  x0:0x00000000 x27=0x8000000b
       18905000	      1791	80000fa8	01fddd93	srli	x27,x27,0x1f	 x27:0x8000000b x27=0x00000001
       18915000	      1792	80000fac	060d8863	beq	x27,x0,8000101c	 x27:0x00000001  x0:0x00000000
       18925000	      1793	80000fb0	90000d37	lui	x26,0x90000	 x26=0x90000000
       18935000	      1794	80000fb4	1d71	c.addi	x26,-4	 x26:0x90000000 x26=0x8ffffffc
       18945000	      1795	80000fb6	30000d93	addi	x27,x0,768	  x0:0x00000000 x27=0x00000300
       18955000	      1796	80000fba	0da2	c.slli	x27,0x8	 x27:0x00000300 x27=0x00030000
       18965000	      1797	80000fbc	0d8d	c.addi	x27,3	 x27:0x00030000 x27=0x00030003
       18975000	      1798	80000fbe	01bd2023	sw	x27,0(x26)	 x26:0x8ffffffc x27:0x00030003 PA:0x8ffffffc store:0x00030003 load:0x00000000
       18985000	      1799	80000fc2	30002df3	csrrs	x27,mstatus,x0	  x0:0x00000000 x27=0x00000080
       18995000	      1800	80000fc6	01bd2023	sw	x27,0(x26)	 x26:0x8ffffffc x27:0x00000080 PA:0x8ffffffc store:0x00000080 load:0x00000000
       19005000	      1801	80000fca	90000d37	lui	x26,0x90000	 x26=0x90000000
       19015000	      1802	80000fce	1d71	c.addi	x26,-4	 x26:0x90000000 x26=0x8ffffffc
       19025000	      1803	80000fd0	34200d93	addi	x27,x0,834	  x0:0x00000000 x27=0x00000342
       19035000	      1804	80000fd4	0da2	c.slli	x27,0x8	 x27:0x00000342 x27=0x00034200
       19045000	      1805	80000fd6	0d8d	c.addi	x27,3	 x27:0x00034200 x27=0x00034203
       19055000	      1806	80000fd8	01bd2023	sw	x27,0(x26)	 x26:0x8ffffffc x27:0x00034203 PA:0x8ffffffc store:0x00034203 load:0x00000000
       19065000	      1807	80000fdc	34202df3	csrrs	x27,mcause,x0	  x0:0x00000000 x27=0x8000000b
       19075000	      1808	80000fe0	01bd2023	sw	x27,0(x26)	 x26:0x8ffffffc x27:0x8000000b PA:0x8ffffffc store:0x8000000b load:0x00000000
       19085000	      1809	80000fe4	90000d37	lui	x26,0x90000	 x26=0x90000000
       19095000	      1810	80000fe8	1d71	c.addi	x26,-4	 x26:0x90000000 x26=0x8ffffffc
       19105000	      1811	80000fea	30400d93	addi	x27,x0,772	  x0:0x00000000 x27=0x00000304
       19115000	      1812	80000fee	0da2	c.slli	x27,0x8	 x27:0x00000304 x27=0x00030400
       19125000	      1813	80000ff0	0d8d	c.addi	x27,3	 x27:0x00030400 x27=0x00030403
       19135000	      1814	80000ff2	01bd2023	sw	x27,0(x26)	 x26:0x8ffffffc x27:0x00030403 PA:0x8ffffffc store:0x00030403 load:0x00000000
       19145000	      1815	80000ff6	30402df3	csrrs	x27,mie,x0	  x0:0x00000000 x27=0x00360888
       19155000	      1816	80000ffa	01bd2023	sw	x27,0(x26)	 x26:0x8ffffffc x27:0x00360888 PA:0x8ffffffc store:0x00360888 load:0x00000000
       19165000	      1817	80000ffe	90000d37	lui	x26,0x90000	 x26=0x90000000
       19175000	      1818	80001002	1d71	c.addi	x26,-4	 x26:0x90000000 x26=0x8ffffffc
       19185000	      1819	80001004	34400d93	addi	x27,x0,836	  x0:0x00000000 x27=0x00000344
       19195000	      1820	80001008	0da2	c.slli	x27,0x8	 x27:0x00000344 x27=0x00034400
       19205000	      1821	8000100a	0d8d	c.addi	x27,3	 x27:0x00034400 x27=0x00034403
       19215000	      1822	8000100c	01bd2023	sw	x27,0(x26)	 x26:0x8ffffffc x27:0x00034403 PA:0x8ffffffc store:0x00034403 load:0x00000000
       19225000	      1823	80001010	34402df3	csrrs	x27,mip,x0	  x0:0x00000000 x27=0x00000000
       19235000	      1824	80001014	01bd2023	sw	x27,0(x26)	 x26:0x8ffffffc x27:0x00000000 PA:0x8ffffffc store:0x00000000 load:0x00000000
       19245000	      1825	80001018	2b41106f	jal	x0,800122cc	  x0=0x00000000
       19265000	      1827	800122cc	30002df3	csrrs	x27,mstatus,x0	  x0:0x00000000 x27=0x00000080
       19275000	      1828	800122d0	30402df3	csrrs	x27,mie,x0	  x0:0x00000000 x27=0x00360888
       19285000	      1829	800122d4	34402df3	csrrs	x27,mip,x0	  x0:0x00000000 x27=0x00000000
       19295000	      1830	800122d8	344dbdf3	csrrc	x27,mip,x27	 x27:0x00000000 x27=0x00000000
       19325000	      1833	800122dc	90000d37	lui	x26,0x90000	 x26=0x90000000
       19335000	      1834	800122e0	1d71	c.addi	x26,-4	 x26:0x90000000 x26=0x8ffffffc
       19345000	      1835	800122e2	4d9d	c.li	x27,7	 x27=0x00000007
       19355000	      1836	800122e4	0da2	c.slli	x27,0x8	 x27:0x00000007 x27=0x00000700
       19365000	      1837	800122e6	000d8d93	addi	x27,x27,0	 x27:0x00000700 x27=0x00000700
       19375000	      1838	800122ea	01bd2023	sw	x27,0(x26)	 x26:0x8ffffffc x27:0x00000700 PA:0x8ffffffc store:0x00000700 load:0x00000000
       19385000	      1839	800122ee	00068bb3	add	x23,x13,x0	 x13:0x8002cc60  x0:0x00000000 x23=0x8002cc60
       19395000	      1840	800122f2	004ba083	lw	x1,4(x23)	 x23:0x8002cc60  x1=0x10000000 PA:0x8002cc64 load:0x10000000
       19405000	      1841	800122f6	008ba103	lw	x2,8(x23)	 x23:0x8002cc60  x2=0x800135b7 PA:0x8002cc68 load:0x800135b7
       19415000	      1842	800122fa	00cba183	lw	x3,12(x23)	 x23:0x8002cc60  x3=0x00000001 PA:0x8002cc6c load:0x00000001
       19425000	      1843	800122fe	010ba203	lw	x4,16(x23)	 x23:0x8002cc60  x4=0x00110000 PA:0x8002cc70 load:0x00110000
       19435000	      1844	80012302	014ba283	lw	x5,20(x23)	 x23:0x8002cc60  x5=0xff0f1455 PA:0x8002cc74 load:0xff0f1455
       19445000	      1845	80012306	018ba303	lw	x6,24(x23)	 x23:0x8002cc60  x6=0xffffffff PA:0x8002cc78 load:0xffffffff
       19455000	      1846	8001230a	01cba383	lw	x7,28(x23)	 x23:0x8002cc60  x7=0x247fa134 PA:0x8002cc7c load:0x247fa134
       19465000	      1847	8001230e	020ba403	lw	x8,32(x23)	 x23:0x8002cc60  x8=0x1bac2000 PA:0x8002cc80 load:0x1bac2000
       19475000	      1848	80012312	024ba483	lw	x9,36(x23)	 x23:0x8002cc60  x9=0x8002cce4 PA:0x8002cc84 load:0x8002cce4
       19485000	      1849	80012316	028ba503	lw	x10,40(x23)	 x23:0x8002cc60 x10=0x800135b7 PA:0x8002cc88 load:0x800135b7
       19495000	      1850	8001231a	02cba583	lw	x11,44(x23)	 x23:0x8002cc60 x11=0xf1e8b1fd PA:0x8002cc8c load:0xf1e8b1fd
       19505000	      1851	8001231e	030ba603	lw	x12,48(x23)	 x23:0x8002cc60 x12=0x800134d8 PA:0x8002cc90 load:0x800134d8
       19515000	      1852	80012322	034ba683	lw	x13,52(x23)	 x23:0x8002cc60 x13=0x8002cce0 PA:0x8002cc94 load:0x8002cce0
       19525000	      1853	80012326	038ba703	lw	x14,56(x23)	 x23:0x8002cc60 x14=0x00000001 PA:0x8002cc98 load:0x00000001
       19535000	      1854	8001232a	03cba783	lw	x15,60(x23)	 x23:0x8002cc60 x15=0x80013665 PA:0x8002cc9c load:0x80013665
       19545000	      1855	8001232e	040ba803	lw	x16,64(x23)	 x23:0x8002cc60 x16=0x0000123f PA:0x8002cca0 load:0x0000123f
       19555000	      1856	80012332	044ba883	lw	x17,68(x23)	 x23:0x8002cc60 x17=0xffffb5e9 PA:0x8002cca4 load:0xffffb5e9
       19565000	      1857	80012336	048ba903	lw	x18,72(x23)	 x23:0x8002cc60 x18=0xf2946000 PA:0x8002cca8 load:0xf2946000
       19575000	      1858	8001233a	04cba983	lw	x19,76(x23)	 x23:0x8002cc60 x19=0x247fa133 PA:0x8002ccac load:0x247fa133
       19585000	      1859	8001233e	050baa03	lw	x20,80(x23)	 x23:0x8002cc60 x20=0x247fa135 PA:0x8002ccb0 load:0x247fa135
       19595000	      1860	80012342	054baa83	lw	x21,84(x23)	 x23:0x8002cc60 x21=0xffffffe0 PA:0x8002ccb4 load:0xffffffe0
       19605000	      1861	80012346	058bab03	lw	x22,88(x23)	 x23:0x8002cc60 x22=0x510c7012 PA:0x8002ccb8 load:0x510c7012
       19615000	      1862	8001234a	05cbab83	lw	x23,92(x23)	 x23:0x8002cc60 x23=0x8002cc60 PA:0x8002ccbc load:0x8002cc60
       19635000	      1864	8001234e	060bac03	lw	x24,96(x23)	 x23:0x8002cc60 x24=0x80000000 PA:0x8002ccc0 load:0x80000000
       19645000	      1865	80012352	064bac83	lw	x25,100(x23)	 x23:0x8002cc60 x25=0x00110005 PA:0x8002ccc4 load:0x00110005
       19655000	      1866	80012356	068bad03	lw	x26,104(x23)	 x23:0x8002cc60 x26=0x8001b229 PA:0x8002ccc8 load:0x8001b229
       19665000	      1867	8001235a	06cbad83	lw	x27,108(x23)	 x23:0x8002cc60 x27=0x00000000 PA:0x8002cccc load:0x00000000
       19675000	      1868	8001235e	070bae03	lw	x28,112(x23)	 x23:0x8002cc60 x28=0x00000001 PA:0x8002ccd0 load:0x00000001
       19685000	      1869	80012362	074bae83	lw	x29,116(x23)	 x23:0x8002cc60 x29=0xffffffdf PA:0x8002ccd4 load:0xffffffdf
       19695000	      1870	80012366	078baf03	lw	x30,120(x23)	 x23:0x8002cc60 x30=0x00247fa1 PA:0x8002ccd8 load:0x00247fa1
       19705000	      1871	8001236a	07cbaf83	lw	x31,124(x23)	 x23:0x8002cc60 x31=0xffffffff PA:0x8002ccdc load:0xffffffff
       19715000	      1872	8001236e	080b8b93	addi	x23,x23,128	 x23:0x8002cc60 x23=0x8002cce0
       19725000	      1873	80012372	000b86b3	add	x13,x23,x0	 x23:0x8002cce0  x0:0x00000000 x13=0x8002cce0
       19735000	      1874	80012376	0006ab83	lw	x23,0(x13)	 x13:0x8002cce0 x23=0x80028e64 PA:0x8002cce0 load:0x80028e64
       19745000	      1875	8001237a	0691	c.addi	x13,4	 x13:0x8002cce0 x13=0x8002cce4
       19755000	      1876	8001237c	30200073	mret	
       19785000	      1879	800037e6	8a1d	c.andi	x12,7	 x12:0x800134d8 x12=0x00000000
       19795000	      1880	800037e8	81ca	c.mv	x3,x18	  x0:0x00000000 x18:0xf2946000  x3=0xf2946000
       19805000	      1881	800037ea	faf932b7	lui	x5,0xfaf93	  x5=0xfaf93000
       19815000	      1882	800037ee	013d7eb3	and	x29,x26,x19	 x26:0x8001b229 x19:0x247fa133 x29=0x0001a021
       19855000	      1886	800037f2	03bfbfb3	mulhu	x31,x31,x27	 x31:0xffffffff x27:0x00000000 x31=0x00000000
       19895000	      1890	800037f6	03f72233	mulhsu	x4,x14,x31	 x14:0x00000001 x31:0x00000000  x4=0x00000000
       19905000	      1891	800037fa	01f4e2b3	or	x5,x9,x31	  x9:0x8002cce4 x31:0x00000000  x5=0x8002cce4
       19915000	      1892	800037fe	9792	c.add	x15,x4	 x15:0x80013665  x4:0x00000000 x15=0x80013665
       19925000	      1893	80003800	cd09	c.beqz	x10,8000381a	 x10:0x800135b7
       19935000	      1894	80003802	0efa4e13	xori	x28,x20,239	 x20:0x247fa135 x28=0x247fa1da
       19945000	      1895	80003806	01dcd4b3	srl	x9,x25,x29	 x25:0x00110005 x29:0x0001a021  x9=0x00088002
       19955000	      1896	8000380a	40348fb3	sub	x31,x9,x3	  x9:0x00088002  x3:0xf2946000 x31=0x0d742002
       19965000	      1897	8000380e	9cfb4613	xori	x12,x22,-1585	 x22:0x510c7012 x12=0xaef389dd
       19975000	      1898	80003812	4109de33	sra	x28,x19,x16	 x19:0x247fa133 x16:0x0000123f x28=0x00000000
       19985000	      1899	80003816	41eddeb3	sra	x29,x27,x30	 x27:0x00000000 x30:0x00247fa1 x29=0x00000000
       20025000	      1903	8000272c	fd8fe06f	jal	x0,80000f04	  x0=0x00000000
       20045000	      1905	80000f04	16f1	c.addi	x13,-4	 x13:0x8002cce4 x13=0x8002cce0
       20055000	      1906	80000f06	0176a023	sw	x23,0(x13)	 x13:0x8002cce0 x23:0x80028e64 PA:0x8002cce0 store:0x80028e64 load:0x00000000
       20065000	      1907	80000f0a	00068bb3	add	x23,x13,x0	 x13:0x8002cce0  x0:0x00000000 x23=0x8002cce0
       20075000	      1908	80000f0e	f80b8b93	addi	x23,x23,-128	 x23:0x8002cce0 x23=0x8002cc60
       20085000	      1909	80000f12	001ba223	sw	x1,4(x23)	 x23:0x8002cc60  x1:0x10000000 PA:0x8002cc64 store:0x10000000 load:0x00000000
       20095000	      1910	80000f16	002ba423	sw	x2,8(x23)	 x23:0x8002cc60  x2:0x800135b7 PA:0x8002cc68 store:0x800135b7 load:0x00000000
       20105000	      1911	80000f1a	003ba623	sw	x3,12(x23)	 x23:0x8002cc60  x3:0xf2946000 PA:0x8002cc6c store:0xf2946000 load:0x00000000
       20115000	      1912	80000f1e	004ba823	sw	x4,16(x23)	 x23:0x8002cc60  x4:0x00000000 PA:0x8002cc70 store:0x00000000 load:0x00000000
       20125000	      1913	80000f22	005baa23	sw	x5,20(x23)	 x23:0x8002cc60  x5:0x8002cce4 PA:0x8002cc74 store:0x8002cce4 load:0x00000000
       20135000	      1914	80000f26	006bac23	sw	x6,24(x23)	 x23:0x8002cc60  x6:0xffffffff PA:0x8002cc78 store:0xffffffff load:0x00000000
       20145000	      1915	80000f2a	007bae23	sw	x7,28(x23)	 x23:0x8002cc60  x7:0x247fa134 PA:0x8002cc7c store:0x247fa134 load:0x00000000
       20155000	      1916	80000f2e	028ba023	sw	x8,32(x23)	 x23:0x8002cc60  x8:0x1bac2000 PA:0x8002cc80 store:0x1bac2000 load:0x00000000
       20165000	      1917	80000f32	029ba223	sw	x9,36(x23)	 x23:0x8002cc60  x9:0x00088002 PA:0x8002cc84 store:0x00088002 load:0x00000000
       20175000	      1918	80000f36	02aba423	sw	x10,40(x23)	 x23:0x8002cc60 x10:0x800135b7 PA:0x8002cc88 store:0x800135b7 load:0x00000000
       20185000	      1919	80000f3a	02bba623	sw	x11,44(x23)	 x23:0x8002cc60 x11:0xf1e8b1fd PA:0x8002cc8c store:0xf1e8b1fd load:0x00000000
       20195000	      1920	80000f3e	02cba823	sw	x12,48(x23)	 x23:0x8002cc60 x12:0xaef389dd PA:0x8002cc90 store:0xaef389dd load:0x00000000
       20205000	      1921	80000f42	02dbaa23	sw	x13,52(x23)	 x23:0x8002cc60 x13:0x8002cce0 PA:0x8002cc94 store:0x8002cce0 load:0x00000000
       20215000	      1922	80000f46	02ebac23	sw	x14,56(x23)	 x23:0x8002cc60 x14:0x00000001 PA:0x8002cc98 store:0x00000001 load:0x00000000
       20225000	      1923	80000f4a	02fbae23	sw	x15,60(x23)	 x23:0x8002cc60 x15:0x80013665 PA:0x8002cc9c store:0x80013665 load:0x00000000
       20235000	      1924	80000f4e	050ba023	sw	x16,64(x23)	 x23:0x8002cc60 x16:0x0000123f PA:0x8002cca0 store:0x0000123f load:0x00000000
       20245000	      1925	80000f52	051ba223	sw	x17,68(x23)	 x23:0x8002cc60 x17:0xffffb5e9 PA:0x8002cca4 store:0xffffb5e9 load:0x00000000
       20255000	      1926	80000f56	052ba423	sw	x18,72(x23)	 x23:0x8002cc60 x18:0xf2946000 PA:0x8002cca8 store:0xf2946000 load:0x00000000
       20265000	      1927	80000f5a	053ba623	sw	x19,76(x23)	 x23:0x8002cc60 x19:0x247fa133 PA:0x8002ccac store:0x247fa133 load:0x00000000
       20275000	      1928	80000f5e	054ba823	sw	x20,80(x23)	 x23:0x8002cc60 x20:0x247fa135 PA:0x8002ccb0 store:0x247fa135 load:0x00000000
       20285000	      1929	80000f62	055baa23	sw	x21,84(x23)	 x23:0x8002cc60 x21:0xffffffe0 PA:0x8002ccb4 store:0xffffffe0 load:0x00000000
       20295000	      1930	80000f66	056bac23	sw	x22,88(x23)	 x23:0x8002cc60 x22:0x510c7012 PA:0x8002ccb8 store:0x510c7012 load:0x00000000
       20305000	      1931	80000f6a	057bae23	sw	x23,92(x23)	 x23:0x8002cc60 x23:0x8002cc60 PA:0x8002ccbc store:0x8002cc60 load:0x00000000
       20315000	      1932	80000f6e	078ba023	sw	x24,96(x23)	 x23:0x8002cc60 x24:0x80000000 PA:0x8002ccc0 store:0x80000000 load:0x00000000
       20325000	      1933	80000f72	079ba223	sw	x25,100(x23)	 x23:0x8002cc60 x25:0x00110005 PA:0x8002ccc4 store:0x00110005 load:0x00000000
       20335000	      1934	80000f76	07aba423	sw	x26,104(x23)	 x23:0x8002cc60 x26:0x8001b229 PA:0x8002ccc8 store:0x8001b229 load:0x00000000
       20345000	      1935	80000f7a	07bba623	sw	x27,108(x23)	 x23:0x8002cc60 x27:0x00000000 PA:0x8002cccc store:0x00000000 load:0x00000000
       20355000	      1936	80000f7e	07cba823	sw	x28,112(x23)	 x23:0x8002cc60 x28:0x00000000 PA:0x8002ccd0 store:0x00000000 load:0x00000000
       20365000	      1937	80000f82	07dbaa23	sw	x29,116(x23)	 x23:0x8002cc60 x29:0x00000000 PA:0x8002ccd4 store:0x00000000 load:0x00000000
       20375000	      1938	80000f86	07ebac23	sw	x30,120(x23)	 x23:0x8002cc60 x30:0x00247fa1 PA:0x8002ccd8 store:0x00247fa1 load:0x00000000
       20385000	      1939	80000f8a	07fbae23	sw	x31,124(x23)	 x23:0x8002cc60 x31:0x0d742002 PA:0x8002ccdc store:0x0d742002 load:0x00000000
       20395000	      1940	80000f8e	000b86b3	add	x13,x23,x0	 x23:0x8002cc60  x0:0x00000000 x13=0x8002cc60
       20405000	      1941	80000f92	90000d37	lui	x26,0x90000	 x26=0x90000000
       20415000	      1942	80000f96	1d71	c.addi	x26,-4	 x26:0x90000000 x26=0x8ffffffc
       20425000	      1943	80000f98	4d99	c.li	x27,6	 x27=0x00000006
       20435000	      1944	80000f9a	0da2	c.slli	x27,0x8	 x27:0x00000006 x27=0x00000600
       20445000	      1945	80000f9c	000d8d93	addi	x27,x27,0	 x27:0x00000600 x27=0x00000600
       20455000	      1946	80000fa0	01bd2023	sw	x27,0(x26)	 x26:0x8ffffffc x27:0x00000600 PA:0x8ffffffc store:0x00000600 load:0x00000000
       20465000	      1947	80000fa4	34202df3	csrrs	x27,mcause,x0	  x0:0x00000000 x27=0x8000000b
       20475000	      1948	80000fa8	01fddd93	srli	x27,x27,0x1f	 x27:0x8000000b x27=0x00000001
       20485000	      1949	80000fac	060d8863	beq	x27,x0,8000101c	 x27:0x00000001  x0:0x00000000
       20495000	      1950	80000fb0	90000d37	lui	x26,0x90000	 x26=0x90000000
       20505000	      1951	80000fb4	1d71	c.addi	x26,-4	 x26:0x90000000 x26=0x8ffffffc
       20515000	      1952	80000fb6	30000d93	addi	x27,x0,768	  x0:0x00000000 x27=0x00000300
       20525000	      1953	80000fba	0da2	c.slli	x27,0x8	 x27:0x00000300 x27=0x00030000
       20535000	      1954	80000fbc	0d8d	c.addi	x27,3	 x27:0x00030000 x27=0x00030003
       20545000	      1955	80000fbe	01bd2023	sw	x27,0(x26)	 x26:0x8ffffffc x27:0x00030003 PA:0x8ffffffc store:0x00030003 load:0x00000000
       20555000	      1956	80000fc2	30002df3	csrrs	x27,mstatus,x0	  x0:0x00000000 x27=0x00000080
       20565000	      1957	80000fc6	01bd2023	sw	x27,0(x26)	 x26:0x8ffffffc x27:0x00000080 PA:0x8ffffffc store:0x00000080 load:0x00000000
       20575000	      1958	80000fca	90000d37	lui	x26,0x90000	 x26=0x90000000
       20585000	      1959	80000fce	1d71	c.addi	x26,-4	 x26:0x90000000 x26=0x8ffffffc
       20595000	      1960	80000fd0	34200d93	addi	x27,x0,834	  x0:0x00000000 x27=0x00000342
       20605000	      1961	80000fd4	0da2	c.slli	x27,0x8	 x27:0x00000342 x27=0x00034200
       20615000	      1962	80000fd6	0d8d	c.addi	x27,3	 x27:0x00034200 x27=0x00034203
       20625000	      1963	80000fd8	01bd2023	sw	x27,0(x26)	 x26:0x8ffffffc x27:0x00034203 PA:0x8ffffffc store:0x00034203 load:0x00000000
       20635000	      1964	80000fdc	34202df3	csrrs	x27,mcause,x0	  x0:0x00000000 x27=0x8000000b
       20645000	      1965	80000fe0	01bd2023	sw	x27,0(x26)	 x26:0x8ffffffc x27:0x8000000b PA:0x8ffffffc store:0x8000000b load:0x00000000
       20655000	      1966	80000fe4	90000d37	lui	x26,0x90000	 x26=0x90000000
       20665000	      1967	80000fe8	1d71	c.addi	x26,-4	 x26:0x90000000 x26=0x8ffffffc
       20675000	      1968	80000fea	30400d93	addi	x27,x0,772	  x0:0x00000000 x27=0x00000304
       20685000	      1969	80000fee	0da2	c.slli	x27,0x8	 x27:0x00000304 x27=0x00030400
       20695000	      1970	80000ff0	0d8d	c.addi	x27,3	 x27:0x00030400 x27=0x00030403
       20705000	      1971	80000ff2	01bd2023	sw	x27,0(x26)	 x26:0x8ffffffc x27:0x00030403 PA:0x8ffffffc store:0x00030403 load:0x00000000
       20715000	      1972	80000ff6	30402df3	csrrs	x27,mie,x0	  x0:0x00000000 x27=0x00360888
       20725000	      1973	80000ffa	01bd2023	sw	x27,0(x26)	 x26:0x8ffffffc x27:0x00360888 PA:0x8ffffffc store:0x00360888 load:0x00000000
       20735000	      1974	80000ffe	90000d37	lui	x26,0x90000	 x26=0x90000000
       20745000	      1975	80001002	1d71	c.addi	x26,-4	 x26:0x90000000 x26=0x8ffffffc
       20755000	      1976	80001004	34400d93	addi	x27,x0,836	  x0:0x00000000 x27=0x00000344
       20765000	      1977	80001008	0da2	c.slli	x27,0x8	 x27:0x00000344 x27=0x00034400
       20775000	      1978	8000100a	0d8d	c.addi	x27,3	 x27:0x00034400 x27=0x00034403
       20785000	      1979	8000100c	01bd2023	sw	x27,0(x26)	 x26:0x8ffffffc x27:0x00034403 PA:0x8ffffffc store:0x00034403 load:0x00000000
       20795000	      1980	80001010	34402df3	csrrs	x27,mip,x0	  x0:0x00000000 x27=0x00000000
       20805000	      1981	80001014	01bd2023	sw	x27,0(x26)	 x26:0x8ffffffc x27:0x00000000 PA:0x8ffffffc store:0x00000000 load:0x00000000
       20815000	      1982	80001018	2b41106f	jal	x0,800122cc	  x0=0x00000000
       20835000	      1984	800122cc	30002df3	csrrs	x27,mstatus,x0	  x0:0x00000000 x27=0x00000080
       20845000	      1985	800122d0	30402df3	csrrs	x27,mie,x0	  x0:0x00000000 x27=0x00360888
       20855000	      1986	800122d4	34402df3	csrrs	x27,mip,x0	  x0:0x00000000 x27=0x00000000
       20865000	      1987	800122d8	344dbdf3	csrrc	x27,mip,x27	 x27:0x00000000 x27=0x00000000
       20895000	      1990	800122dc	90000d37	lui	x26,0x90000	 x26=0x90000000
       20905000	      1991	800122e0	1d71	c.addi	x26,-4	 x26:0x90000000 x26=0x8ffffffc
       20915000	      1992	800122e2	4d9d	c.li	x27,7	 x27=0x00000007
       20925000	      1993	800122e4	0da2	c.slli	x27,0x8	 x27:0x00000007 x27=0x00000700
       20935000	      1994	800122e6	000d8d93	addi	x27,x27,0	 x27:0x00000700 x27=0x00000700
       20945000	      1995	800122ea	01bd2023	sw	x27,0(x26)	 x26:0x8ffffffc x27:0x00000700 PA:0x8ffffffc store:0x00000700 load:0x00000000
       20955000	      1996	800122ee	00068bb3	add	x23,x13,x0	 x13:0x8002cc60  x0:0x00000000 x23=0x8002cc60
       20965000	      1997	800122f2	004ba083	lw	x1,4(x23)	 x23:0x8002cc60  x1=0x10000000 PA:0x8002cc64 load:0x10000000
       20975000	      1998	800122f6	008ba103	lw	x2,8(x23)	 x23:0x8002cc60  x2=0x800135b7 PA:0x8002cc68 load:0x800135b7
       20985000	      1999	800122fa	00cba183	lw	x3,12(x23)	 x23:0x8002cc60  x3=0xf2946000 PA:0x8002cc6c load:0xf2946000
       20995000	      2000	800122fe	010ba203	lw	x4,16(x23)	 x23:0x8002cc60  x4=0x00000000 PA:0x8002cc70 load:0x00000000
       21005000	      2001	80012302	014ba283	lw	x5,20(x23)	 x23:0x8002cc60  x5=0x8002cce4 PA:0x8002cc74 load:0x8002cce4
       21015000	      2002	80012306	018ba303	lw	x6,24(x23)	 x23:0x8002cc60  x6=0xffffffff PA:0x8002cc78 load:0xffffffff
       21025000	      2003	8001230a	01cba383	lw	x7,28(x23)	 x23:0x8002cc60  x7=0x247fa134 PA:0x8002cc7c load:0x247fa134
       21035000	      2004	8001230e	020ba403	lw	x8,32(x23)	 x23:0x8002cc60  x8=0x1bac2000 PA:0x8002cc80 load:0x1bac2000
       21045000	      2005	80012312	024ba483	lw	x9,36(x23)	 x23:0x8002cc60  x9=0x00088002 PA:0x8002cc84 load:0x00088002
       21055000	      2006	80012316	028ba503	lw	x10,40(x23)	 x23:0x8002cc60 x10=0x800135b7 PA:0x8002cc88 load:0x800135b7
       21065000	      2007	8001231a	02cba583	lw	x11,44(x23)	 x23:0x8002cc60 x11=0xf1e8b1fd PA:0x8002cc8c load:0xf1e8b1fd
       21075000	      2008	8001231e	030ba603	lw	x12,48(x23)	 x23:0x8002cc60 x12=0xaef389dd PA:0x8002cc90 load:0xaef389dd
       21085000	      2009	80012322	034ba683	lw	x13,52(x23)	 x23:0x8002cc60 x13=0x8002cce0 PA:0x8002cc94 load:0x8002cce0
       21095000	      2010	80012326	038ba703	lw	x14,56(x23)	 x23:0x8002cc60 x14=0x00000001 PA:0x8002cc98 load:0x00000001
       21105000	      2011	8001232a	03cba783	lw	x15,60(x23)	 x23:0x8002cc60 x15=0x80013665 PA:0x8002cc9c load:0x80013665
       21115000	      2012	8001232e	040ba803	lw	x16,64(x23)	 x23:0x8002cc60 x16=0x0000123f PA:0x8002cca0 load:0x0000123f
       21125000	      2013	80012332	044ba883	lw	x17,68(x23)	 x23:0x8002cc60 x17=0xffffb5e9 PA:0x8002cca4 load:0xffffb5e9
       21135000	      2014	80012336	048ba903	lw	x18,72(x23)	 x23:0x8002cc60 x18=0xf2946000 PA:0x8002cca8 load:0xf2946000
       21145000	      2015	8001233a	04cba983	lw	x19,76(x23)	 x23:0x8002cc60 x19=0x247fa133 PA:0x8002ccac load:0x247fa133
       21155000	      2016	8001233e	050baa03	lw	x20,80(x23)	 x23:0x8002cc60 x20=0x247fa135 PA:0x8002ccb0 load:0x247fa135
       21165000	      2017	80012342	054baa83	lw	x21,84(x23)	 x23:0x8002cc60 x21=0xffffffe0 PA:0x8002ccb4 load:0xffffffe0
       21175000	      2018	80012346	058bab03	lw	x22,88(x23)	 x23:0x8002cc60 x22=0x510c7012 PA:0x8002ccb8 load:0x510c7012
       21185000	      2019	8001234a	05cbab83	lw	x23,92(x23)	 x23:0x8002cc60 x23=0x8002cc60 PA:0x8002ccbc load:0x8002cc60
       21205000	      2021	8001234e	060bac03	lw	x24,96(x23)	 x23:0x8002cc60 x24=0x80000000 PA:0x8002ccc0 load:0x80000000
       21215000	      2022	80012352	064bac83	lw	x25,100(x23)	 x23:0x8002cc60 x25=0x00110005 PA:0x8002ccc4 load:0x00110005
       21225000	      2023	80012356	068bad03	lw	x26,104(x23)	 x23:0x8002cc60 x26=0x8001b229 PA:0x8002ccc8 load:0x8001b229
       21235000	      2024	8001235a	06cbad83	lw	x27,108(x23)	 x23:0x8002cc60 x27=0x00000000 PA:0x8002cccc load:0x00000000
       21245000	      2025	8001235e	070bae03	lw	x28,112(x23)	 x23:0x8002cc60 x28=0x00000000 PA:0x8002ccd0 load:0x00000000
       21255000	      2026	80012362	074bae83	lw	x29,116(x23)	 x23:0x8002cc60 x29=0x00000000 PA:0x8002ccd4 load:0x00000000
       21265000	      2027	80012366	078baf03	lw	x30,120(x23)	 x23:0x8002cc60 x30=0x00247fa1 PA:0x8002ccd8 load:0x00247fa1
       21275000	      2028	8001236a	07cbaf83	lw	x31,124(x23)	 x23:0x8002cc60 x31=0x0d742002 PA:0x8002ccdc load:0x0d742002
       21285000	      2029	8001236e	080b8b93	addi	x23,x23,128	 x23:0x8002cc60 x23=0x8002cce0
       21295000	      2030	80012372	000b86b3	add	x13,x23,x0	 x23:0x8002cce0  x0:0x00000000 x13=0x8002cce0
       21305000	      2031	80012376	0006ab83	lw	x23,0(x13)	 x13:0x8002cce0 x23=0x80028e64 PA:0x8002cce0 load:0x80028e64
       21315000	      2032	8001237a	0691	c.addi	x13,4	 x13:0x8002cce0 x13=0x8002cce4
       21325000	      2033	8001237c	30200073	mret	
       21355000	      2036	8000381a	0a84	c.addi4spn	x9,x2,336	  x9=0x80013707
       21365000	      2037	8000381c	019fba33	sltu	x20,x31,x25	 x31:0x0d742002 x25:0x00110005 x20=0x00000000
       21735000	      2074	80003820	0238deb3	divu	x29,x17,x3	 x17:0xffffb5e9  x3:0xf2946000 x29=0x00000001
       21775000	      2078	8000272c	fd8fe06f	jal	x0,80000f04	  x0=0x00000000
       21795000	      2080	80000f04	16f1	c.addi	x13,-4	 x13:0x8002cce4 x13=0x8002cce0
       21805000	      2081	80000f06	0176a023	sw	x23,0(x13)	 x13:0x8002cce0 x23:0x80028e64 PA:0x8002cce0 store:0x80028e64 load:0x00000000
       21815000	      2082	80000f0a	00068bb3	add	x23,x13,x0	 x13:0x8002cce0  x0:0x00000000 x23=0x8002cce0
       21825000	      2083	80000f0e	f80b8b93	addi	x23,x23,-128	 x23:0x8002cce0 x23=0x8002cc60
       21835000	      2084	80000f12	001ba223	sw	x1,4(x23)	 x23:0x8002cc60  x1:0x10000000 PA:0x8002cc64 store:0x10000000 load:0x00000000
       21845000	      2085	80000f16	002ba423	sw	x2,8(x23)	 x23:0x8002cc60  x2:0x800135b7 PA:0x8002cc68 store:0x800135b7 load:0x00000000
       21855000	      2086	80000f1a	003ba623	sw	x3,12(x23)	 x23:0x8002cc60  x3:0xf2946000 PA:0x8002cc6c store:0xf2946000 load:0x00000000
       21865000	      2087	80000f1e	004ba823	sw	x4,16(x23)	 x23:0x8002cc60  x4:0x00000000 PA:0x8002cc70 store:0x00000000 load:0x00000000
       21875000	      2088	80000f22	005baa23	sw	x5,20(x23)	 x23:0x8002cc60  x5:0x8002cce4 PA:0x8002cc74 store:0x8002cce4 load:0x00000000
       21885000	      2089	80000f26	006bac23	sw	x6,24(x23)	 x23:0x8002cc60  x6:0xffffffff PA:0x8002cc78 store:0xffffffff load:0x00000000
       21895000	      2090	80000f2a	007bae23	sw	x7,28(x23)	 x23:0x8002cc60  x7:0x247fa134 PA:0x8002cc7c store:0x247fa134 load:0x00000000
       21905000	      2091	80000f2e	028ba023	sw	x8,32(x23)	 x23:0x8002cc60  x8:0x1bac2000 PA:0x8002cc80 store:0x1bac2000 load:0x00000000
       21915000	      2092	80000f32	029ba223	sw	x9,36(x23)	 x23:0x8002cc60  x9:0x80013707 PA:0x8002cc84 store:0x80013707 load:0x00000000
       21925000	      2093	80000f36	02aba423	sw	x10,40(x23)	 x23:0x8002cc60 x10:0x800135b7 PA:0x8002cc88 store:0x800135b7 load:0x00000000
       21935000	      2094	80000f3a	02bba623	sw	x11,44(x23)	 x23:0x8002cc60 x11:0xf1e8b1fd PA:0x8002cc8c store:0xf1e8b1fd load:0x00000000
       21945000	      2095	80000f3e	02cba823	sw	x12,48(x23)	 x23:0x8002cc60 x12:0xaef389dd PA:0x8002cc90 store:0xaef389dd load:0x00000000
       21955000	      2096	80000f42	02dbaa23	sw	x13,52(x23)	 x23:0x8002cc60 x13:0x8002cce0 PA:0x8002cc94 store:0x8002cce0 load:0x00000000
       21965000	      2097	80000f46	02ebac23	sw	x14,56(x23)	 x23:0x8002cc60 x14:0x00000001 PA:0x8002cc98 store:0x00000001 load:0x00000000
       21975000	      2098	80000f4a	02fbae23	sw	x15,60(x23)	 x23:0x8002cc60 x15:0x80013665 PA:0x8002cc9c store:0x80013665 load:0x00000000
       21985000	      2099	80000f4e	050ba023	sw	x16,64(x23)	 x23:0x8002cc60 x16:0x0000123f PA:0x8002cca0 store:0x0000123f load:0x00000000
       21995000	      2100	80000f52	051ba223	sw	x17,68(x23)	 x23:0x8002cc60 x17:0xffffb5e9 PA:0x8002cca4 store:0xffffb5e9 load:0x00000000
       22005000	      2101	80000f56	052ba423	sw	x18,72(x23)	 x23:0x8002cc60 x18:0xf2946000 PA:0x8002cca8 store:0xf2946000 load:0x00000000
       22015000	      2102	80000f5a	053ba623	sw	x19,76(x23)	 x23:0x8002cc60 x19:0x247fa133 PA:0x8002ccac store:0x247fa133 load:0x00000000
       22025000	      2103	80000f5e	054ba823	sw	x20,80(x23)	 x23:0x8002cc60 x20:0x00000000 PA:0x8002ccb0 store:0x00000000 load:0x00000000
       22035000	      2104	80000f62	055baa23	sw	x21,84(x23)	 x23:0x8002cc60 x21:0xffffffe0 PA:0x8002ccb4 store:0xffffffe0 load:0x00000000
       22045000	      2105	80000f66	056bac23	sw	x22,88(x23)	 x23:0x8002cc60 x22:0x510c7012 PA:0x8002ccb8 store:0x510c7012 load:0x00000000
       22055000	      2106	80000f6a	057bae23	sw	x23,92(x23)	 x23:0x8002cc60 x23:0x8002cc60 PA:0x8002ccbc store:0x8002cc60 load:0x00000000
       22065000	      2107	80000f6e	078ba023	sw	x24,96(x23)	 x23:0x8002cc60 x24:0x80000000 PA:0x8002ccc0 store:0x80000000 load:0x00000000
       22075000	      2108	80000f72	079ba223	sw	x25,100(x23)	 x23:0x8002cc60 x25:0x00110005 PA:0x8002ccc4 store:0x00110005 load:0x00000000
       22085000	      2109	80000f76	07aba423	sw	x26,104(x23)	 x23:0x8002cc60 x26:0x8001b229 PA:0x8002ccc8 store:0x8001b229 load:0x00000000
       22095000	      2110	80000f7a	07bba623	sw	x27,108(x23)	 x23:0x8002cc60 x27:0x00000000 PA:0x8002cccc store:0x00000000 load:0x00000000
       22105000	      2111	80000f7e	07cba823	sw	x28,112(x23)	 x23:0x8002cc60 x28:0x00000000 PA:0x8002ccd0 store:0x00000000 load:0x00000000
       22115000	      2112	80000f82	07dbaa23	sw	x29,116(x23)	 x23:0x8002cc60 x29:0x00000001 PA:0x8002ccd4 store:0x00000001 load:0x00000000
       22125000	      2113	80000f86	07ebac23	sw	x30,120(x23)	 x23:0x8002cc60 x30:0x00247fa1 PA:0x8002ccd8 store:0x00247fa1 load:0x00000000
       22135000	      2114	80000f8a	07fbae23	sw	x31,124(x23)	 x23:0x8002cc60 x31:0x0d742002 PA:0x8002ccdc store:0x0d742002 load:0x00000000
       22145000	      2115	80000f8e	000b86b3	add	x13,x23,x0	 x23:0x8002cc60  x0:0x00000000 x13=0x8002cc60
       22155000	      2116	80000f92	90000d37	lui	x26,0x90000	 x26=0x90000000
       22165000	      2117	80000f96	1d71	c.addi	x26,-4	 x26:0x90000000 x26=0x8ffffffc
       22175000	      2118	80000f98	4d99	c.li	x27,6	 x27=0x00000006
       22185000	      2119	80000f9a	0da2	c.slli	x27,0x8	 x27:0x00000006 x27=0x00000600
       22195000	      2120	80000f9c	000d8d93	addi	x27,x27,0	 x27:0x00000600 x27=0x00000600
       22205000	      2121	80000fa0	01bd2023	sw	x27,0(x26)	 x26:0x8ffffffc x27:0x00000600 PA:0x8ffffffc store:0x00000600 load:0x00000000
       22215000	      2122	80000fa4	34202df3	csrrs	x27,mcause,x0	  x0:0x00000000 x27=0x8000000b
       22225000	      2123	80000fa8	01fddd93	srli	x27,x27,0x1f	 x27:0x8000000b x27=0x00000001
       22235000	      2124	80000fac	060d8863	beq	x27,x0,8000101c	 x27:0x00000001  x0:0x00000000
       22245000	      2125	80000fb0	90000d37	lui	x26,0x90000	 x26=0x90000000
       22255000	      2126	80000fb4	1d71	c.addi	x26,-4	 x26:0x90000000 x26=0x8ffffffc
       22265000	      2127	80000fb6	30000d93	addi	x27,x0,768	  x0:0x00000000 x27=0x00000300
       22275000	      2128	80000fba	0da2	c.slli	x27,0x8	 x27:0x00000300 x27=0x00030000
       22285000	      2129	80000fbc	0d8d	c.addi	x27,3	 x27:0x00030000 x27=0x00030003
       22295000	      2130	80000fbe	01bd2023	sw	x27,0(x26)	 x26:0x8ffffffc x27:0x00030003 PA:0x8ffffffc store:0x00030003 load:0x00000000
       22305000	      2131	80000fc2	30002df3	csrrs	x27,mstatus,x0	  x0:0x00000000 x27=0x00000080
       22315000	      2132	80000fc6	01bd2023	sw	x27,0(x26)	 x26:0x8ffffffc x27:0x00000080 PA:0x8ffffffc store:0x00000080 load:0x00000000
       22325000	      2133	80000fca	90000d37	lui	x26,0x90000	 x26=0x90000000
       22335000	      2134	80000fce	1d71	c.addi	x26,-4	 x26:0x90000000 x26=0x8ffffffc
       22345000	      2135	80000fd0	34200d93	addi	x27,x0,834	  x0:0x00000000 x27=0x00000342
       22355000	      2136	80000fd4	0da2	c.slli	x27,0x8	 x27:0x00000342 x27=0x00034200
       22365000	      2137	80000fd6	0d8d	c.addi	x27,3	 x27:0x00034200 x27=0x00034203
       22375000	      2138	80000fd8	01bd2023	sw	x27,0(x26)	 x26:0x8ffffffc x27:0x00034203 PA:0x8ffffffc store:0x00034203 load:0x00000000
       22385000	      2139	80000fdc	34202df3	csrrs	x27,mcause,x0	  x0:0x00000000 x27=0x8000000b
       22395000	      2140	80000fe0	01bd2023	sw	x27,0(x26)	 x26:0x8ffffffc x27:0x8000000b PA:0x8ffffffc store:0x8000000b load:0x00000000
       22405000	      2141	80000fe4	90000d37	lui	x26,0x90000	 x26=0x90000000
       22415000	      2142	80000fe8	1d71	c.addi	x26,-4	 x26:0x90000000 x26=0x8ffffffc
       22425000	      2143	80000fea	30400d93	addi	x27,x0,772	  x0:0x00000000 x27=0x00000304
       22435000	      2144	80000fee	0da2	c.slli	x27,0x8	 x27:0x00000304 x27=0x00030400
       22445000	      2145	80000ff0	0d8d	c.addi	x27,3	 x27:0x00030400 x27=0x00030403
       22455000	      2146	80000ff2	01bd2023	sw	x27,0(x26)	 x26:0x8ffffffc x27:0x00030403 PA:0x8ffffffc store:0x00030403 load:0x00000000
       22465000	      2147	80000ff6	30402df3	csrrs	x27,mie,x0	  x0:0x00000000 x27=0x00360888
       22475000	      2148	80000ffa	01bd2023	sw	x27,0(x26)	 x26:0x8ffffffc x27:0x00360888 PA:0x8ffffffc store:0x00360888 load:0x00000000
       22485000	      2149	80000ffe	90000d37	lui	x26,0x90000	 x26=0x90000000
       22495000	      2150	80001002	1d71	c.addi	x26,-4	 x26:0x90000000 x26=0x8ffffffc
       22505000	      2151	80001004	34400d93	addi	x27,x0,836	  x0:0x00000000 x27=0x00000344
       22515000	      2152	80001008	0da2	c.slli	x27,0x8	 x27:0x00000344 x27=0x00034400
       22525000	      2153	8000100a	0d8d	c.addi	x27,3	 x27:0x00034400 x27=0x00034403
       22535000	      2154	8000100c	01bd2023	sw	x27,0(x26)	 x26:0x8ffffffc x27:0x00034403 PA:0x8ffffffc store:0x00034403 load:0x00000000
       22545000	      2155	80001010	34402df3	csrrs	x27,mip,x0	  x0:0x00000000 x27=0x00000000
       22555000	      2156	80001014	01bd2023	sw	x27,0(x26)	 x26:0x8ffffffc x27:0x00000000 PA:0x8ffffffc store:0x00000000 load:0x00000000
       22565000	      2157	80001018	2b41106f	jal	x0,800122cc	  x0=0x00000000
       22585000	      2159	800122cc	30002df3	csrrs	x27,mstatus,x0	  x0:0x00000000 x27=0x00000080
       22595000	      2160	800122d0	30402df3	csrrs	x27,mie,x0	  x0:0x00000000 x27=0x00360888
       22605000	      2161	800122d4	34402df3	csrrs	x27,mip,x0	  x0:0x00000000 x27=0x00000000
       22615000	      2162	800122d8	344dbdf3	csrrc	x27,mip,x27	 x27:0x00000000 x27=0x00000000
       22645000	      2165	800122dc	90000d37	lui	x26,0x90000	 x26=0x90000000
       22655000	      2166	800122e0	1d71	c.addi	x26,-4	 x26:0x90000000 x26=0x8ffffffc
       22665000	      2167	800122e2	4d9d	c.li	x27,7	 x27=0x00000007
       22675000	      2168	800122e4	0da2	c.slli	x27,0x8	 x27:0x00000007 x27=0x00000700
       22685000	      2169	800122e6	000d8d93	addi	x27,x27,0	 x27:0x00000700 x27=0x00000700
       22695000	      2170	800122ea	01bd2023	sw	x27,0(x26)	 x26:0x8ffffffc x27:0x00000700 PA:0x8ffffffc store:0x00000700 load:0x00000000
       22705000	      2171	800122ee	00068bb3	add	x23,x13,x0	 x13:0x8002cc60  x0:0x00000000 x23=0x8002cc60
       22715000	      2172	800122f2	004ba083	lw	x1,4(x23)	 x23:0x8002cc60  x1=0x10000000 PA:0x8002cc64 load:0x10000000
       22725000	      2173	800122f6	008ba103	lw	x2,8(x23)	 x23:0x8002cc60  x2=0x800135b7 PA:0x8002cc68 load:0x800135b7
       22735000	      2174	800122fa	00cba183	lw	x3,12(x23)	 x23:0x8002cc60  x3=0xf2946000 PA:0x8002cc6c load:0xf2946000
       22745000	      2175	800122fe	010ba203	lw	x4,16(x23)	 x23:0x8002cc60  x4=0x00000000 PA:0x8002cc70 load:0x00000000
       22755000	      2176	80012302	014ba283	lw	x5,20(x23)	 x23:0x8002cc60  x5=0x8002cce4 PA:0x8002cc74 load:0x8002cce4
       22765000	      2177	80012306	018ba303	lw	x6,24(x23)	 x23:0x8002cc60  x6=0xffffffff PA:0x8002cc78 load:0xffffffff
       22775000	      2178	8001230a	01cba383	lw	x7,28(x23)	 x23:0x8002cc60  x7=0x247fa134 PA:0x8002cc7c load:0x247fa134
       22785000	      2179	8001230e	020ba403	lw	x8,32(x23)	 x23:0x8002cc60  x8=0x1bac2000 PA:0x8002cc80 load:0x1bac2000
       22795000	      2180	80012312	024ba483	lw	x9,36(x23)	 x23:0x8002cc60  x9=0x80013707 PA:0x8002cc84 load:0x80013707
       22805000	      2181	80012316	028ba503	lw	x10,40(x23)	 x23:0x8002cc60 x10=0x800135b7 PA:0x8002cc88 load:0x800135b7
       22815000	      2182	8001231a	02cba583	lw	x11,44(x23)	 x23:0x8002cc60 x11=0xf1e8b1fd PA:0x8002cc8c load:0xf1e8b1fd
       22825000	      2183	8001231e	030ba603	lw	x12,48(x23)	 x23:0x8002cc60 x12=0xaef389dd PA:0x8002cc90 load:0xaef389dd
       22835000	      2184	80012322	034ba683	lw	x13,52(x23)	 x23:0x8002cc60 x13=0x8002cce0 PA:0x8002cc94 load:0x8002cce0
       22845000	      2185	80012326	038ba703	lw	x14,56(x23)	 x23:0x8002cc60 x14=0x00000001 PA:0x8002cc98 load:0x00000001
       22855000	      2186	8001232a	03cba783	lw	x15,60(x23)	 x23:0x8002cc60 x15=0x80013665 PA:0x8002cc9c load:0x80013665
       22865000	      2187	8001232e	040ba803	lw	x16,64(x23)	 x23:0x8002cc60 x16=0x0000123f PA:0x8002cca0 load:0x0000123f
       22875000	      2188	80012332	044ba883	lw	x17,68(x23)	 x23:0x8002cc60 x17=0xffffb5e9 PA:0x8002cca4 load:0xffffb5e9
       22885000	      2189	80012336	048ba903	lw	x18,72(x23)	 x23:0x8002cc60 x18=0xf2946000 PA:0x8002cca8 load:0xf2946000
       22895000	      2190	8001233a	04cba983	lw	x19,76(x23)	 x23:0x8002cc60 x19=0x247fa133 PA:0x8002ccac load:0x247fa133
       22905000	      2191	8001233e	050baa03	lw	x20,80(x23)	 x23:0x8002cc60 x20=0x00000000 PA:0x8002ccb0 load:0x00000000
       22915000	      2192	80012342	054baa83	lw	x21,84(x23)	 x23:0x8002cc60 x21=0xffffffe0 PA:0x8002ccb4 load:0xffffffe0
       22925000	      2193	80012346	058bab03	lw	x22,88(x23)	 x23:0x8002cc60 x22=0x510c7012 PA:0x8002ccb8 load:0x510c7012
       22935000	      2194	8001234a	05cbab83	lw	x23,92(x23)	 x23:0x8002cc60 x23=0x8002cc60 PA:0x8002ccbc load:0x8002cc60
       22955000	      2196	8001234e	060bac03	lw	x24,96(x23)	 x23:0x8002cc60 x24=0x80000000 PA:0x8002ccc0 load:0x80000000
       22965000	      2197	80012352	064bac83	lw	x25,100(x23)	 x23:0x8002cc60 x25=0x00110005 PA:0x8002ccc4 load:0x00110005
       22975000	      2198	80012356	068bad03	lw	x26,104(x23)	 x23:0x8002cc60 x26=0x8001b229 PA:0x8002ccc8 load:0x8001b229
       22985000	      2199	8001235a	06cbad83	lw	x27,108(x23)	 x23:0x8002cc60 x27=0x00000000 PA:0x8002cccc load:0x00000000
       22995000	      2200	8001235e	070bae03	lw	x28,112(x23)	 x23:0x8002cc60 x28=0x00000000 PA:0x8002ccd0 load:0x00000000
       23005000	      2201	80012362	074bae83	lw	x29,116(x23)	 x23:0x8002cc60 x29=0x00000001 PA:0x8002ccd4 load:0x00000001
       23015000	      2202	80012366	078baf03	lw	x30,120(x23)	 x23:0x8002cc60 x30=0x00247fa1 PA:0x8002ccd8 load:0x00247fa1
       23025000	      2203	8001236a	07cbaf83	lw	x31,124(x23)	 x23:0x8002cc60 x31=0x0d742002 PA:0x8002ccdc load:0x0d742002
       23035000	      2204	8001236e	080b8b93	addi	x23,x23,128	 x23:0x8002cc60 x23=0x8002cce0
       23045000	      2205	80012372	000b86b3	add	x13,x23,x0	 x23:0x8002cce0  x0:0x00000000 x13=0x8002cce0
       23055000	      2206	80012376	0006ab83	lw	x23,0(x13)	 x13:0x8002cce0 x23=0x80028e64 PA:0x8002cce0 load:0x80028e64
       23065000	      2207	8001237a	0691	c.addi	x13,4	 x13:0x8002cce0 x13=0x8002cce4
       23075000	      2208	8001237c	30200073	mret	
       23105000	      2211	80003824	8f6d	c.and	x14,x11	 x14:0x00000001 x11:0xf1e8b1fd x14=0x00000001
       23115000	      2212	80003826	01889213	slli	x4,x17,0x18	 x17:0xffffb5e9  x4=0xe9000000
       23125000	      2213	8000382a	1608	c.addi4spn	x10,x2,800	 x10=0x800138d7
       23495000	      2250	8000382c	0295f0b3	remu	x1,x11,x9	 x11:0xf1e8b1fd  x9:0x80013707  x1=0x71e77af6
       23535000	      2254	8000272c	fd8fe06f	jal	x0,80000f04	  x0=0x00000000
       23555000	      2256	80000f04	16f1	c.addi	x13,-4	 x13:0x8002cce4 x13=0x8002cce0
       23565000	      2257	80000f06	0176a023	sw	x23,0(x13)	 x13:0x8002cce0 x23:0x80028e64 PA:0x8002cce0 store:0x80028e64 load:0x00000000
       23575000	      2258	80000f0a	00068bb3	add	x23,x13,x0	 x13:0x8002cce0  x0:0x00000000 x23=0x8002cce0
       23585000	      2259	80000f0e	f80b8b93	addi	x23,x23,-128	 x23:0x8002cce0 x23=0x8002cc60
       23595000	      2260	80000f12	001ba223	sw	x1,4(x23)	 x23:0x8002cc60  x1:0x71e77af6 PA:0x8002cc64 store:0x71e77af6 load:0x00000000
       23605000	      2261	80000f16	002ba423	sw	x2,8(x23)	 x23:0x8002cc60  x2:0x800135b7 PA:0x8002cc68 store:0x800135b7 load:0x00000000
       23615000	      2262	80000f1a	003ba623	sw	x3,12(x23)	 x23:0x8002cc60  x3:0xf2946000 PA:0x8002cc6c store:0xf2946000 load:0x00000000
       23625000	      2263	80000f1e	004ba823	sw	x4,16(x23)	 x23:0x8002cc60  x4:0xe9000000 PA:0x8002cc70 store:0xe9000000 load:0x00000000
       23635000	      2264	80000f22	005baa23	sw	x5,20(x23)	 x23:0x8002cc60  x5:0x8002cce4 PA:0x8002cc74 store:0x8002cce4 load:0x00000000
       23645000	      2265	80000f26	006bac23	sw	x6,24(x23)	 x23:0x8002cc60  x6:0xffffffff PA:0x8002cc78 store:0xffffffff load:0x00000000
       23655000	      2266	80000f2a	007bae23	sw	x7,28(x23)	 x23:0x8002cc60  x7:0x247fa134 PA:0x8002cc7c store:0x247fa134 load:0x00000000
       23665000	      2267	80000f2e	028ba023	sw	x8,32(x23)	 x23:0x8002cc60  x8:0x1bac2000 PA:0x8002cc80 store:0x1bac2000 load:0x00000000
       23675000	      2268	80000f32	029ba223	sw	x9,36(x23)	 x23:0x8002cc60  x9:0x80013707 PA:0x8002cc84 store:0x80013707 load:0x00000000
       23685000	      2269	80000f36	02aba423	sw	x10,40(x23)	 x23:0x8002cc60 x10:0x800138d7 PA:0x8002cc88 store:0x800138d7 load:0x00000000
       23695000	      2270	80000f3a	02bba623	sw	x11,44(x23)	 x23:0x8002cc60 x11:0xf1e8b1fd PA:0x8002cc8c store:0xf1e8b1fd load:0x00000000
       23705000	      2271	80000f3e	02cba823	sw	x12,48(x23)	 x23:0x8002cc60 x12:0xaef389dd PA:0x8002cc90 store:0xaef389dd load:0x00000000
       23715000	      2272	80000f42	02dbaa23	sw	x13,52(x23)	 x23:0x8002cc60 x13:0x8002cce0 PA:0x8002cc94 store:0x8002cce0 load:0x00000000
       23725000	      2273	80000f46	02ebac23	sw	x14,56(x23)	 x23:0x8002cc60 x14:0x00000001 PA:0x8002cc98 store:0x00000001 load:0x00000000
       23735000	      2274	80000f4a	02fbae23	sw	x15,60(x23)	 x23:0x8002cc60 x15:0x80013665 PA:0x8002cc9c store:0x80013665 load:0x00000000
       23745000	      2275	80000f4e	050ba023	sw	x16,64(x23)	 x23:0x8002cc60 x16:0x0000123f PA:0x8002cca0 store:0x0000123f load:0x00000000
       23755000	      2276	80000f52	051ba223	sw	x17,68(x23)	 x23:0x8002cc60 x17:0xffffb5e9 PA:0x8002cca4 store:0xffffb5e9 load:0x00000000
       23765000	      2277	80000f56	052ba423	sw	x18,72(x23)	 x23:0x8002cc60 x18:0xf2946000 PA:0x8002cca8 store:0xf2946000 load:0x00000000
       23775000	      2278	80000f5a	053ba623	sw	x19,76(x23)	 x23:0x8002cc60 x19:0x247fa133 PA:0x8002ccac store:0x247fa133 load:0x00000000
       23785000	      2279	80000f5e	054ba823	sw	x20,80(x23)	 x23:0x8002cc60 x20:0x00000000 PA:0x8002ccb0 store:0x00000000 load:0x00000000
       23795000	      2280	80000f62	055baa23	sw	x21,84(x23)	 x23:0x8002cc60 x21:0xffffffe0 PA:0x8002ccb4 store:0xffffffe0 load:0x00000000
       23805000	      2281	80000f66	056bac23	sw	x22,88(x23)	 x23:0x8002cc60 x22:0x510c7012 PA:0x8002ccb8 store:0x510c7012 load:0x00000000
       23815000	      2282	80000f6a	057bae23	sw	x23,92(x23)	 x23:0x8002cc60 x23:0x8002cc60 PA:0x8002ccbc store:0x8002cc60 load:0x00000000
       23825000	      2283	80000f6e	078ba023	sw	x24,96(x23)	 x23:0x8002cc60 x24:0x80000000 PA:0x8002ccc0 store:0x80000000 load:0x00000000
       23835000	      2284	80000f72	079ba223	sw	x25,100(x23)	 x23:0x8002cc60 x25:0x00110005 PA:0x8002ccc4 store:0x00110005 load:0x00000000
       23845000	      2285	80000f76	07aba423	sw	x26,104(x23)	 x23:0x8002cc60 x26:0x8001b229 PA:0x8002ccc8 store:0x8001b229 load:0x00000000
       23855000	      2286	80000f7a	07bba623	sw	x27,108(x23)	 x23:0x8002cc60 x27:0x00000000 PA:0x8002cccc store:0x00000000 load:0x00000000
       23865000	      2287	80000f7e	07cba823	sw	x28,112(x23)	 x23:0x8002cc60 x28:0x00000000 PA:0x8002ccd0 store:0x00000000 load:0x00000000
       23875000	      2288	80000f82	07dbaa23	sw	x29,116(x23)	 x23:0x8002cc60 x29:0x00000001 PA:0x8002ccd4 store:0x00000001 load:0x00000000
       23885000	      2289	80000f86	07ebac23	sw	x30,120(x23)	 x23:0x8002cc60 x30:0x00247fa1 PA:0x8002ccd8 store:0x00247fa1 load:0x00000000
       23895000	      2290	80000f8a	07fbae23	sw	x31,124(x23)	 x23:0x8002cc60 x31:0x0d742002 PA:0x8002ccdc store:0x0d742002 load:0x00000000
       23905000	      2291	80000f8e	000b86b3	add	x13,x23,x0	 x23:0x8002cc60  x0:0x00000000 x13=0x8002cc60
       23915000	      2292	80000f92	90000d37	lui	x26,0x90000	 x26=0x90000000
       23925000	      2293	80000f96	1d71	c.addi	x26,-4	 x26:0x90000000 x26=0x8ffffffc
       23935000	      2294	80000f98	4d99	c.li	x27,6	 x27=0x00000006
       23945000	      2295	80000f9a	0da2	c.slli	x27,0x8	 x27:0x00000006 x27=0x00000600
       23955000	      2296	80000f9c	000d8d93	addi	x27,x27,0	 x27:0x00000600 x27=0x00000600
       23965000	      2297	80000fa0	01bd2023	sw	x27,0(x26)	 x26:0x8ffffffc x27:0x00000600 PA:0x8ffffffc store:0x00000600 load:0x00000000
       23975000	      2298	80000fa4	34202df3	csrrs	x27,mcause,x0	  x0:0x00000000 x27=0x8000000b
       23985000	      2299	80000fa8	01fddd93	srli	x27,x27,0x1f	 x27:0x8000000b x27=0x00000001
       23995000	      2300	80000fac	060d8863	beq	x27,x0,8000101c	 x27:0x00000001  x0:0x00000000
       24005000	      2301	80000fb0	90000d37	lui	x26,0x90000	 x26=0x90000000
       24015000	      2302	80000fb4	1d71	c.addi	x26,-4	 x26:0x90000000 x26=0x8ffffffc
       24025000	      2303	80000fb6	30000d93	addi	x27,x0,768	  x0:0x00000000 x27=0x00000300
       24035000	      2304	80000fba	0da2	c.slli	x27,0x8	 x27:0x00000300 x27=0x00030000
       24045000	      2305	80000fbc	0d8d	c.addi	x27,3	 x27:0x00030000 x27=0x00030003
       24055000	      2306	80000fbe	01bd2023	sw	x27,0(x26)	 x26:0x8ffffffc x27:0x00030003 PA:0x8ffffffc store:0x00030003 load:0x00000000
       24065000	      2307	80000fc2	30002df3	csrrs	x27,mstatus,x0	  x0:0x00000000 x27=0x00000080
       24075000	      2308	80000fc6	01bd2023	sw	x27,0(x26)	 x26:0x8ffffffc x27:0x00000080 PA:0x8ffffffc store:0x00000080 load:0x00000000
       24085000	      2309	80000fca	90000d37	lui	x26,0x90000	 x26=0x90000000
       24095000	      2310	80000fce	1d71	c.addi	x26,-4	 x26:0x90000000 x26=0x8ffffffc
       24105000	      2311	80000fd0	34200d93	addi	x27,x0,834	  x0:0x00000000 x27=0x00000342
       24115000	      2312	80000fd4	0da2	c.slli	x27,0x8	 x27:0x00000342 x27=0x00034200
       24125000	      2313	80000fd6	0d8d	c.addi	x27,3	 x27:0x00034200 x27=0x00034203
       24135000	      2314	80000fd8	01bd2023	sw	x27,0(x26)	 x26:0x8ffffffc x27:0x00034203 PA:0x8ffffffc store:0x00034203 load:0x00000000
       24145000	      2315	80000fdc	34202df3	csrrs	x27,mcause,x0	  x0:0x00000000 x27=0x8000000b
       24155000	      2316	80000fe0	01bd2023	sw	x27,0(x26)	 x26:0x8ffffffc x27:0x8000000b PA:0x8ffffffc store:0x8000000b load:0x00000000
       24165000	      2317	80000fe4	90000d37	lui	x26,0x90000	 x26=0x90000000
       24175000	      2318	80000fe8	1d71	c.addi	x26,-4	 x26:0x90000000 x26=0x8ffffffc
       24185000	      2319	80000fea	30400d93	addi	x27,x0,772	  x0:0x00000000 x27=0x00000304
       24195000	      2320	80000fee	0da2	c.slli	x27,0x8	 x27:0x00000304 x27=0x00030400
       24205000	      2321	80000ff0	0d8d	c.addi	x27,3	 x27:0x00030400 x27=0x00030403
       24215000	      2322	80000ff2	01bd2023	sw	x27,0(x26)	 x26:0x8ffffffc x27:0x00030403 PA:0x8ffffffc store:0x00030403 load:0x00000000
       24225000	      2323	80000ff6	30402df3	csrrs	x27,mie,x0	  x0:0x00000000 x27=0x00360888
       24235000	      2324	80000ffa	01bd2023	sw	x27,0(x26)	 x26:0x8ffffffc x27:0x00360888 PA:0x8ffffffc store:0x00360888 load:0x00000000
       24245000	      2325	80000ffe	90000d37	lui	x26,0x90000	 x26=0x90000000
       24255000	      2326	80001002	1d71	c.addi	x26,-4	 x26:0x90000000 x26=0x8ffffffc
       24265000	      2327	80001004	34400d93	addi	x27,x0,836	  x0:0x00000000 x27=0x00000344
       24275000	      2328	80001008	0da2	c.slli	x27,0x8	 x27:0x00000344 x27=0x00034400
       24285000	      2329	8000100a	0d8d	c.addi	x27,3	 x27:0x00034400 x27=0x00034403
       24295000	      2330	8000100c	01bd2023	sw	x27,0(x26)	 x26:0x8ffffffc x27:0x00034403 PA:0x8ffffffc store:0x00034403 load:0x00000000
       24305000	      2331	80001010	34402df3	csrrs	x27,mip,x0	  x0:0x00000000 x27=0x00000000
       24315000	      2332	80001014	01bd2023	sw	x27,0(x26)	 x26:0x8ffffffc x27:0x00000000 PA:0x8ffffffc store:0x00000000 load:0x00000000
       24325000	      2333	80001018	2b41106f	jal	x0,800122cc	  x0=0x00000000
       24345000	      2335	800122cc	30002df3	csrrs	x27,mstatus,x0	  x0:0x00000000 x27=0x00000080
       24355000	      2336	800122d0	30402df3	csrrs	x27,mie,x0	  x0:0x00000000 x27=0x00360888
       24365000	      2337	800122d4	34402df3	csrrs	x27,mip,x0	  x0:0x00000000 x27=0x00000000
       24375000	      2338	800122d8	344dbdf3	csrrc	x27,mip,x27	 x27:0x00000000 x27=0x00000000
       24405000	      2341	800122dc	90000d37	lui	x26,0x90000	 x26=0x90000000
       24415000	      2342	800122e0	1d71	c.addi	x26,-4	 x26:0x90000000 x26=0x8ffffffc
       24425000	      2343	800122e2	4d9d	c.li	x27,7	 x27=0x00000007
       24435000	      2344	800122e4	0da2	c.slli	x27,0x8	 x27:0x00000007 x27=0x00000700
       24445000	      2345	800122e6	000d8d93	addi	x27,x27,0	 x27:0x00000700 x27=0x00000700
       24455000	      2346	800122ea	01bd2023	sw	x27,0(x26)	 x26:0x8ffffffc x27:0x00000700 PA:0x8ffffffc store:0x00000700 load:0x00000000
       24465000	      2347	800122ee	00068bb3	add	x23,x13,x0	 x13:0x8002cc60  x0:0x00000000 x23=0x8002cc60
       24475000	      2348	800122f2	004ba083	lw	x1,4(x23)	 x23:0x8002cc60  x1=0x71e77af6 PA:0x8002cc64 load:0x71e77af6
       24485000	      2349	800122f6	008ba103	lw	x2,8(x23)	 x23:0x8002cc60  x2=0x800135b7 PA:0x8002cc68 load:0x800135b7
       24495000	      2350	800122fa	00cba183	lw	x3,12(x23)	 x23:0x8002cc60  x3=0xf2946000 PA:0x8002cc6c load:0xf2946000
       24505000	      2351	800122fe	010ba203	lw	x4,16(x23)	 x23:0x8002cc60  x4=0xe9000000 PA:0x8002cc70 load:0xe9000000
       24515000	      2352	80012302	014ba283	lw	x5,20(x23)	 x23:0x8002cc60  x5=0x8002cce4 PA:0x8002cc74 load:0x8002cce4
       24525000	      2353	80012306	018ba303	lw	x6,24(x23)	 x23:0x8002cc60  x6=0xffffffff PA:0x8002cc78 load:0xffffffff
       24535000	      2354	8001230a	01cba383	lw	x7,28(x23)	 x23:0x8002cc60  x7=0x247fa134 PA:0x8002cc7c load:0x247fa134
       24545000	      2355	8001230e	020ba403	lw	x8,32(x23)	 x23:0x8002cc60  x8=0x1bac2000 PA:0x8002cc80 load:0x1bac2000
       24555000	      2356	80012312	024ba483	lw	x9,36(x23)	 x23:0x8002cc60  x9=0x80013707 PA:0x8002cc84 load:0x80013707
       24565000	      2357	80012316	028ba503	lw	x10,40(x23)	 x23:0x8002cc60 x10=0x800138d7 PA:0x8002cc88 load:0x800138d7
       24575000	      2358	8001231a	02cba583	lw	x11,44(x23)	 x23:0x8002cc60 x11=0xf1e8b1fd PA:0x8002cc8c load:0xf1e8b1fd
       24585000	      2359	8001231e	030ba603	lw	x12,48(x23)	 x23:0x8002cc60 x12=0xaef389dd PA:0x8002cc90 load:0xaef389dd
       24595000	      2360	80012322	034ba683	lw	x13,52(x23)	 x23:0x8002cc60 x13=0x8002cce0 PA:0x8002cc94 load:0x8002cce0
       24605000	      2361	80012326	038ba703	lw	x14,56(x23)	 x23:0x8002cc60 x14=0x00000001 PA:0x8002cc98 load:0x00000001
       24615000	      2362	8001232a	03cba783	lw	x15,60(x23)	 x23:0x8002cc60 x15=0x80013665 PA:0x8002cc9c load:0x80013665
       24625000	      2363	8001232e	040ba803	lw	x16,64(x23)	 x23:0x8002cc60 x16=0x0000123f PA:0x8002cca0 load:0x0000123f
       24635000	      2364	80012332	044ba883	lw	x17,68(x23)	 x23:0x8002cc60 x17=0xffffb5e9 PA:0x8002cca4 load:0xffffb5e9
       24645000	      2365	80012336	048ba903	lw	x18,72(x23)	 x23:0x8002cc60 x18=0xf2946000 PA:0x8002cca8 load:0xf2946000
       24655000	      2366	8001233a	04cba983	lw	x19,76(x23)	 x23:0x8002cc60 x19=0x247fa133 PA:0x8002ccac load:0x247fa133
       24665000	      2367	8001233e	050baa03	lw	x20,80(x23)	 x23:0x8002cc60 x20=0x00000000 PA:0x8002ccb0 load:0x00000000
       24675000	      2368	80012342	054baa83	lw	x21,84(x23)	 x23:0x8002cc60 x21=0xffffffe0 PA:0x8002ccb4 load:0xffffffe0
       24685000	      2369	80012346	058bab03	lw	x22,88(x23)	 x23:0x8002cc60 x22=0x510c7012 PA:0x8002ccb8 load:0x510c7012
       24695000	      2370	8001234a	05cbab83	lw	x23,92(x23)	 x23:0x8002cc60 x23=0x8002cc60 PA:0x8002ccbc load:0x8002cc60
       24715000	      2372	8001234e	060bac03	lw	x24,96(x23)	 x23:0x8002cc60 x24=0x80000000 PA:0x8002ccc0 load:0x80000000
       24725000	      2373	80012352	064bac83	lw	x25,100(x23)	 x23:0x8002cc60 x25=0x00110005 PA:0x8002ccc4 load:0x00110005
       24735000	      2374	80012356	068bad03	lw	x26,104(x23)	 x23:0x8002cc60 x26=0x8001b229 PA:0x8002ccc8 load:0x8001b229
       24745000	      2375	8001235a	06cbad83	lw	x27,108(x23)	 x23:0x8002cc60 x27=0x00000000 PA:0x8002cccc load:0x00000000
       24755000	      2376	8001235e	070bae03	lw	x28,112(x23)	 x23:0x8002cc60 x28=0x00000000 PA:0x8002ccd0 load:0x00000000
       24765000	      2377	80012362	074bae83	lw	x29,116(x23)	 x23:0x8002cc60 x29=0x00000001 PA:0x8002ccd4 load:0x00000001
       24775000	      2378	80012366	078baf03	lw	x30,120(x23)	 x23:0x8002cc60 x30=0x00247fa1 PA:0x8002ccd8 load:0x00247fa1
       24785000	      2379	8001236a	07cbaf83	lw	x31,124(x23)	 x23:0x8002cc60 x31=0x0d742002 PA:0x8002ccdc load:0x0d742002
       24795000	      2380	8001236e	080b8b93	addi	x23,x23,128	 x23:0x8002cc60 x23=0x8002cce0
       24805000	      2381	80012372	000b86b3	add	x13,x23,x0	 x23:0x8002cce0  x0:0x00000000 x13=0x8002cce0
       24815000	      2382	80012376	0006ab83	lw	x23,0(x13)	 x13:0x8002cce0 x23=0x80028e64 PA:0x8002cce0 load:0x80028e64
       24825000	      2383	8001237a	0691	c.addi	x13,4	 x13:0x8002cce0 x13=0x8002cce4
       24835000	      2384	8001237c	30200073	mret	
       25225000	      2423	80003830	03a56033	rem	x0,x10,x26	 x10:0x800138d7 x26:0x8001b229  x0=0x00000000
       25265000	      2427	8000272c	fd8fe06f	jal	x0,80000f04	  x0=0x00000000
       25285000	      2429	80000f04	16f1	c.addi	x13,-4	 x13:0x8002cce4 x13=0x8002cce0
       25295000	      2430	80000f06	0176a023	sw	x23,0(x13)	 x13:0x8002cce0 x23:0x80028e64 PA:0x8002cce0 store:0x80028e64 load:0x00000000
       25305000	      2431	80000f0a	00068bb3	add	x23,x13,x0	 x13:0x8002cce0  x0:0x00000000 x23=0x8002cce0
       25315000	      2432	80000f0e	f80b8b93	addi	x23,x23,-128	 x23:0x8002cce0 x23=0x8002cc60
       25325000	      2433	80000f12	001ba223	sw	x1,4(x23)	 x23:0x8002cc60  x1:0x71e77af6 PA:0x8002cc64 store:0x71e77af6 load:0x00000000
       25335000	      2434	80000f16	002ba423	sw	x2,8(x23)	 x23:0x8002cc60  x2:0x800135b7 PA:0x8002cc68 store:0x800135b7 load:0x00000000
       25345000	      2435	80000f1a	003ba623	sw	x3,12(x23)	 x23:0x8002cc60  x3:0xf2946000 PA:0x8002cc6c store:0xf2946000 load:0x00000000
       25355000	      2436	80000f1e	004ba823	sw	x4,16(x23)	 x23:0x8002cc60  x4:0xe9000000 PA:0x8002cc70 store:0xe9000000 load:0x00000000
       25365000	      2437	80000f22	005baa23	sw	x5,20(x23)	 x23:0x8002cc60  x5:0x8002cce4 PA:0x8002cc74 store:0x8002cce4 load:0x00000000
       25375000	      2438	80000f26	006bac23	sw	x6,24(x23)	 x23:0x8002cc60  x6:0xffffffff PA:0x8002cc78 store:0xffffffff load:0x00000000
       25385000	      2439	80000f2a	007bae23	sw	x7,28(x23)	 x23:0x8002cc60  x7:0x247fa134 PA:0x8002cc7c store:0x247fa134 load:0x00000000
       25395000	      2440	80000f2e	028ba023	sw	x8,32(x23)	 x23:0x8002cc60  x8:0x1bac2000 PA:0x8002cc80 store:0x1bac2000 load:0x00000000
       25405000	      2441	80000f32	029ba223	sw	x9,36(x23)	 x23:0x8002cc60  x9:0x80013707 PA:0x8002cc84 store:0x80013707 load:0x00000000
       25415000	      2442	80000f36	02aba423	sw	x10,40(x23)	 x23:0x8002cc60 x10:0x800138d7 PA:0x8002cc88 store:0x800138d7 load:0x00000000
       25425000	      2443	80000f3a	02bba623	sw	x11,44(x23)	 x23:0x8002cc60 x11:0xf1e8b1fd PA:0x8002cc8c store:0xf1e8b1fd load:0x00000000
       25435000	      2444	80000f3e	02cba823	sw	x12,48(x23)	 x23:0x8002cc60 x12:0xaef389dd PA:0x8002cc90 store:0xaef389dd load:0x00000000
       25445000	      2445	80000f42	02dbaa23	sw	x13,52(x23)	 x23:0x8002cc60 x13:0x8002cce0 PA:0x8002cc94 store:0x8002cce0 load:0x00000000
       25455000	      2446	80000f46	02ebac23	sw	x14,56(x23)	 x23:0x8002cc60 x14:0x00000001 PA:0x8002cc98 store:0x00000001 load:0x00000000
       25465000	      2447	80000f4a	02fbae23	sw	x15,60(x23)	 x23:0x8002cc60 x15:0x80013665 PA:0x8002cc9c store:0x80013665 load:0x00000000
       25475000	      2448	80000f4e	050ba023	sw	x16,64(x23)	 x23:0x8002cc60 x16:0x0000123f PA:0x8002cca0 store:0x0000123f load:0x00000000
       25485000	      2449	80000f52	051ba223	sw	x17,68(x23)	 x23:0x8002cc60 x17:0xffffb5e9 PA:0x8002cca4 store:0xffffb5e9 load:0x00000000
       25495000	      2450	80000f56	052ba423	sw	x18,72(x23)	 x23:0x8002cc60 x18:0xf2946000 PA:0x8002cca8 store:0xf2946000 load:0x00000000
       25505000	      2451	80000f5a	053ba623	sw	x19,76(x23)	 x23:0x8002cc60 x19:0x247fa133 PA:0x8002ccac store:0x247fa133 load:0x00000000
       25515000	      2452	80000f5e	054ba823	sw	x20,80(x23)	 x23:0x8002cc60 x20:0x00000000 PA:0x8002ccb0 store:0x00000000 load:0x00000000
       25525000	      2453	80000f62	055baa23	sw	x21,84(x23)	 x23:0x8002cc60 x21:0xffffffe0 PA:0x8002ccb4 store:0xffffffe0 load:0x00000000
       25535000	      2454	80000f66	056bac23	sw	x22,88(x23)	 x23:0x8002cc60 x22:0x510c7012 PA:0x8002ccb8 store:0x510c7012 load:0x00000000
       25545000	      2455	80000f6a	057bae23	sw	x23,92(x23)	 x23:0x8002cc60 x23:0x8002cc60 PA:0x8002ccbc store:0x8002cc60 load:0x00000000
       25555000	      2456	80000f6e	078ba023	sw	x24,96(x23)	 x23:0x8002cc60 x24:0x80000000 PA:0x8002ccc0 store:0x80000000 load:0x00000000
       25565000	      2457	80000f72	079ba223	sw	x25,100(x23)	 x23:0x8002cc60 x25:0x00110005 PA:0x8002ccc4 store:0x00110005 load:0x00000000
       25575000	      2458	80000f76	07aba423	sw	x26,104(x23)	 x23:0x8002cc60 x26:0x8001b229 PA:0x8002ccc8 store:0x8001b229 load:0x00000000
       25585000	      2459	80000f7a	07bba623	sw	x27,108(x23)	 x23:0x8002cc60 x27:0x00000000 PA:0x8002cccc store:0x00000000 load:0x00000000
       25595000	      2460	80000f7e	07cba823	sw	x28,112(x23)	 x23:0x8002cc60 x28:0x00000000 PA:0x8002ccd0 store:0x00000000 load:0x00000000
       25605000	      2461	80000f82	07dbaa23	sw	x29,116(x23)	 x23:0x8002cc60 x29:0x00000001 PA:0x8002ccd4 store:0x00000001 load:0x00000000
       25615000	      2462	80000f86	07ebac23	sw	x30,120(x23)	 x23:0x8002cc60 x30:0x00247fa1 PA:0x8002ccd8 store:0x00247fa1 load:0x00000000
       25625000	      2463	80000f8a	07fbae23	sw	x31,124(x23)	 x23:0x8002cc60 x31:0x0d742002 PA:0x8002ccdc store:0x0d742002 load:0x00000000
       25635000	      2464	80000f8e	000b86b3	add	x13,x23,x0	 x23:0x8002cc60  x0:0x00000000 x13=0x8002cc60
       25645000	      2465	80000f92	90000d37	lui	x26,0x90000	 x26=0x90000000
       25655000	      2466	80000f96	1d71	c.addi	x26,-4	 x26:0x90000000 x26=0x8ffffffc
       25665000	      2467	80000f98	4d99	c.li	x27,6	 x27=0x00000006
       25675000	      2468	80000f9a	0da2	c.slli	x27,0x8	 x27:0x00000006 x27=0x00000600
       25685000	      2469	80000f9c	000d8d93	addi	x27,x27,0	 x27:0x00000600 x27=0x00000600
       25695000	      2470	80000fa0	01bd2023	sw	x27,0(x26)	 x26:0x8ffffffc x27:0x00000600 PA:0x8ffffffc store:0x00000600 load:0x00000000
       25705000	      2471	80000fa4	34202df3	csrrs	x27,mcause,x0	  x0:0x00000000 x27=0x8000000b
       25715000	      2472	80000fa8	01fddd93	srli	x27,x27,0x1f	 x27:0x8000000b x27=0x00000001
       25725000	      2473	80000fac	060d8863	beq	x27,x0,8000101c	 x27:0x00000001  x0:0x00000000
       25735000	      2474	80000fb0	90000d37	lui	x26,0x90000	 x26=0x90000000
       25745000	      2475	80000fb4	1d71	c.addi	x26,-4	 x26:0x90000000 x26=0x8ffffffc
       25755000	      2476	80000fb6	30000d93	addi	x27,x0,768	  x0:0x00000000 x27=0x00000300
       25765000	      2477	80000fba	0da2	c.slli	x27,0x8	 x27:0x00000300 x27=0x00030000
       25775000	      2478	80000fbc	0d8d	c.addi	x27,3	 x27:0x00030000 x27=0x00030003
       25785000	      2479	80000fbe	01bd2023	sw	x27,0(x26)	 x26:0x8ffffffc x27:0x00030003 PA:0x8ffffffc store:0x00030003 load:0x00000000
       25795000	      2480	80000fc2	30002df3	csrrs	x27,mstatus,x0	  x0:0x00000000 x27=0x00000080
       25805000	      2481	80000fc6	01bd2023	sw	x27,0(x26)	 x26:0x8ffffffc x27:0x00000080 PA:0x8ffffffc store:0x00000080 load:0x00000000
       25815000	      2482	80000fca	90000d37	lui	x26,0x90000	 x26=0x90000000
       25825000	      2483	80000fce	1d71	c.addi	x26,-4	 x26:0x90000000 x26=0x8ffffffc
       25835000	      2484	80000fd0	34200d93	addi	x27,x0,834	  x0:0x00000000 x27=0x00000342
       25845000	      2485	80000fd4	0da2	c.slli	x27,0x8	 x27:0x00000342 x27=0x00034200
       25855000	      2486	80000fd6	0d8d	c.addi	x27,3	 x27:0x00034200 x27=0x00034203
       25865000	      2487	80000fd8	01bd2023	sw	x27,0(x26)	 x26:0x8ffffffc x27:0x00034203 PA:0x8ffffffc store:0x00034203 load:0x00000000
       25875000	      2488	80000fdc	34202df3	csrrs	x27,mcause,x0	  x0:0x00000000 x27=0x8000000b
       25885000	      2489	80000fe0	01bd2023	sw	x27,0(x26)	 x26:0x8ffffffc x27:0x8000000b PA:0x8ffffffc store:0x8000000b load:0x00000000
       25895000	      2490	80000fe4	90000d37	lui	x26,0x90000	 x26=0x90000000
       25905000	      2491	80000fe8	1d71	c.addi	x26,-4	 x26:0x90000000 x26=0x8ffffffc
       25915000	      2492	80000fea	30400d93	addi	x27,x0,772	  x0:0x00000000 x27=0x00000304
       25925000	      2493	80000fee	0da2	c.slli	x27,0x8	 x27:0x00000304 x27=0x00030400
       25935000	      2494	80000ff0	0d8d	c.addi	x27,3	 x27:0x00030400 x27=0x00030403
       25945000	      2495	80000ff2	01bd2023	sw	x27,0(x26)	 x26:0x8ffffffc x27:0x00030403 PA:0x8ffffffc store:0x00030403 load:0x00000000
       25955000	      2496	80000ff6	30402df3	csrrs	x27,mie,x0	  x0:0x00000000 x27=0x00360888
       25965000	      2497	80000ffa	01bd2023	sw	x27,0(x26)	 x26:0x8ffffffc x27:0x00360888 PA:0x8ffffffc store:0x00360888 load:0x00000000
       25975000	      2498	80000ffe	90000d37	lui	x26,0x90000	 x26=0x90000000
       25985000	      2499	80001002	1d71	c.addi	x26,-4	 x26:0x90000000 x26=0x8ffffffc
       25995000	      2500	80001004	34400d93	addi	x27,x0,836	  x0:0x00000000 x27=0x00000344
       26005000	      2501	80001008	0da2	c.slli	x27,0x8	 x27:0x00000344 x27=0x00034400
       26015000	      2502	8000100a	0d8d	c.addi	x27,3	 x27:0x00034400 x27=0x00034403
       26025000	      2503	8000100c	01bd2023	sw	x27,0(x26)	 x26:0x8ffffffc x27:0x00034403 PA:0x8ffffffc store:0x00034403 load:0x00000000
       26035000	      2504	80001010	34402df3	csrrs	x27,mip,x0	  x0:0x00000000 x27=0x00000000
       26045000	      2505	80001014	01bd2023	sw	x27,0(x26)	 x26:0x8ffffffc x27:0x00000000 PA:0x8ffffffc store:0x00000000 load:0x00000000
       26055000	      2506	80001018	2b41106f	jal	x0,800122cc	  x0=0x00000000
       26075000	      2508	800122cc	30002df3	csrrs	x27,mstatus,x0	  x0:0x00000000 x27=0x00000080
       26085000	      2509	800122d0	30402df3	csrrs	x27,mie,x0	  x0:0x00000000 x27=0x00360888
       26095000	      2510	800122d4	34402df3	csrrs	x27,mip,x0	  x0:0x00000000 x27=0x00000000
       26105000	      2511	800122d8	344dbdf3	csrrc	x27,mip,x27	 x27:0x00000000 x27=0x00000000
       26135000	      2514	800122dc	90000d37	lui	x26,0x90000	 x26=0x90000000
       26145000	      2515	800122e0	1d71	c.addi	x26,-4	 x26:0x90000000 x26=0x8ffffffc
       26155000	      2516	800122e2	4d9d	c.li	x27,7	 x27=0x00000007
       26165000	      2517	800122e4	0da2	c.slli	x27,0x8	 x27:0x00000007 x27=0x00000700
       26175000	      2518	800122e6	000d8d93	addi	x27,x27,0	 x27:0x00000700 x27=0x00000700
       26185000	      2519	800122ea	01bd2023	sw	x27,0(x26)	 x26:0x8ffffffc x27:0x00000700 PA:0x8ffffffc store:0x00000700 load:0x00000000
       26195000	      2520	800122ee	00068bb3	add	x23,x13,x0	 x13:0x8002cc60  x0:0x00000000 x23=0x8002cc60
       26205000	      2521	800122f2	004ba083	lw	x1,4(x23)	 x23:0x8002cc60  x1=0x71e77af6 PA:0x8002cc64 load:0x71e77af6
       26215000	      2522	800122f6	008ba103	lw	x2,8(x23)	 x23:0x8002cc60  x2=0x800135b7 PA:0x8002cc68 load:0x800135b7
       26225000	      2523	800122fa	00cba183	lw	x3,12(x23)	 x23:0x8002cc60  x3=0xf2946000 PA:0x8002cc6c load:0xf2946000
       26235000	      2524	800122fe	010ba203	lw	x4,16(x23)	 x23:0x8002cc60  x4=0xe9000000 PA:0x8002cc70 load:0xe9000000
       26245000	      2525	80012302	014ba283	lw	x5,20(x23)	 x23:0x8002cc60  x5=0x8002cce4 PA:0x8002cc74 load:0x8002cce4
       26255000	      2526	80012306	018ba303	lw	x6,24(x23)	 x23:0x8002cc60  x6=0xffffffff PA:0x8002cc78 load:0xffffffff
       26265000	      2527	8001230a	01cba383	lw	x7,28(x23)	 x23:0x8002cc60  x7=0x247fa134 PA:0x8002cc7c load:0x247fa134
       26275000	      2528	8001230e	020ba403	lw	x8,32(x23)	 x23:0x8002cc60  x8=0x1bac2000 PA:0x8002cc80 load:0x1bac2000
       26285000	      2529	80012312	024ba483	lw	x9,36(x23)	 x23:0x8002cc60  x9=0x80013707 PA:0x8002cc84 load:0x80013707
       26295000	      2530	80012316	028ba503	lw	x10,40(x23)	 x23:0x8002cc60 x10=0x800138d7 PA:0x8002cc88 load:0x800138d7
       26305000	      2531	8001231a	02cba583	lw	x11,44(x23)	 x23:0x8002cc60 x11=0xf1e8b1fd PA:0x8002cc8c load:0xf1e8b1fd
       26315000	      2532	8001231e	030ba603	lw	x12,48(x23)	 x23:0x8002cc60 x12=0xaef389dd PA:0x8002cc90 load:0xaef389dd
       26325000	      2533	80012322	034ba683	lw	x13,52(x23)	 x23:0x8002cc60 x13=0x8002cce0 PA:0x8002cc94 load:0x8002cce0
       26335000	      2534	80012326	038ba703	lw	x14,56(x23)	 x23:0x8002cc60 x14=0x00000001 PA:0x8002cc98 load:0x00000001
       26345000	      2535	8001232a	03cba783	lw	x15,60(x23)	 x23:0x8002cc60 x15=0x80013665 PA:0x8002cc9c load:0x80013665
       26355000	      2536	8001232e	040ba803	lw	x16,64(x23)	 x23:0x8002cc60 x16=0x0000123f PA:0x8002cca0 load:0x0000123f
       26365000	      2537	80012332	044ba883	lw	x17,68(x23)	 x23:0x8002cc60 x17=0xffffb5e9 PA:0x8002cca4 load:0xffffb5e9
       26375000	      2538	80012336	048ba903	lw	x18,72(x23)	 x23:0x8002cc60 x18=0xf2946000 PA:0x8002cca8 load:0xf2946000
       26385000	      2539	8001233a	04cba983	lw	x19,76(x23)	 x23:0x8002cc60 x19=0x247fa133 PA:0x8002ccac load:0x247fa133
       26395000	      2540	8001233e	050baa03	lw	x20,80(x23)	 x23:0x8002cc60 x20=0x00000000 PA:0x8002ccb0 load:0x00000000
       26405000	      2541	80012342	054baa83	lw	x21,84(x23)	 x23:0x8002cc60 x21=0xffffffe0 PA:0x8002ccb4 load:0xffffffe0
       26415000	      2542	80012346	058bab03	lw	x22,88(x23)	 x23:0x8002cc60 x22=0x510c7012 PA:0x8002ccb8 load:0x510c7012
       26425000	      2543	8001234a	05cbab83	lw	x23,92(x23)	 x23:0x8002cc60 x23=0x8002cc60 PA:0x8002ccbc load:0x8002cc60
       26445000	      2545	8001234e	060bac03	lw	x24,96(x23)	 x23:0x8002cc60 x24=0x80000000 PA:0x8002ccc0 load:0x80000000
       26455000	      2546	80012352	064bac83	lw	x25,100(x23)	 x23:0x8002cc60 x25=0x00110005 PA:0x8002ccc4 load:0x00110005
       26465000	      2547	80012356	068bad03	lw	x26,104(x23)	 x23:0x8002cc60 x26=0x8001b229 PA:0x8002ccc8 load:0x8001b229
       26475000	      2548	8001235a	06cbad83	lw	x27,108(x23)	 x23:0x8002cc60 x27=0x00000000 PA:0x8002cccc load:0x00000000
       26485000	      2549	8001235e	070bae03	lw	x28,112(x23)	 x23:0x8002cc60 x28=0x00000000 PA:0x8002ccd0 load:0x00000000
       26495000	      2550	80012362	074bae83	lw	x29,116(x23)	 x23:0x8002cc60 x29=0x00000001 PA:0x8002ccd4 load:0x00000001
       26505000	      2551	80012366	078baf03	lw	x30,120(x23)	 x23:0x8002cc60 x30=0x00247fa1 PA:0x8002ccd8 load:0x00247fa1
       26515000	      2552	8001236a	07cbaf83	lw	x31,124(x23)	 x23:0x8002cc60 x31=0x0d742002 PA:0x8002ccdc load:0x0d742002
       26525000	      2553	8001236e	080b8b93	addi	x23,x23,128	 x23:0x8002cc60 x23=0x8002cce0
       26535000	      2554	80012372	000b86b3	add	x13,x23,x0	 x23:0x8002cce0  x0:0x00000000 x13=0x8002cce0
       26545000	      2555	80012376	0006ab83	lw	x23,0(x13)	 x13:0x8002cce0 x23=0x80028e64 PA:0x8002cce0 load:0x80028e64
       26555000	      2556	8001237a	0691	c.addi	x13,4	 x13:0x8002cce0 x13=0x8002cce4
       26565000	      2557	8001237c	30200073	mret	
       26595000	      2560	80003834	fd850113	addi	x2,x10,-40	 x10:0x800138d7  x2=0x800138af
       26605000	      2561	80003838	005f34b3	sltu	x9,x30,x5	 x30:0x00247fa1  x5:0x8002cce4  x9=0x00000001
       26615000	      2562	8000383c	07319a63	bne	x3,x19,800038b0	  x3:0xf2946000 x19:0x247fa133
       26635000	      2564	800038b0	005a1a93	slli	x21,x20,0x5	 x20:0x00000000 x21=0x00000000
       26645000	      2565	800038b4	8f75	c.and	x14,x13	 x14:0x00000001 x13:0x8002cce4 x14=0x00000000
       26655000	      2566	800038b6	58282e13	slti	x28,x16,1410	 x16:0x0000123f x28=0x00000000
       26665000	      2567	800038ba	01c8bf33	sltu	x30,x17,x28	 x17:0xffffb5e9 x28:0x00000000 x30=0x00000000
       26675000	      2568	800038be	c831f513	andi	x10,x3,-893	  x3:0xf2946000 x10=0xf2946000
       26685000	      2569	800038c2	827d	c.srli	x12,0x1f	 x12:0xaef389dd x12=0x00000001
       26695000	      2570	800038c4	617d	c.addi16sp	x2,496	  x2:0x800138af  x2=0x80013a9f
       26705000	      2571	800038c6	020d6463	bltu	x26,x0,800038ee	 x26:0x8001b229  x0:0x00000000
       26715000	      2572	800038ca	40095133	sra	x2,x18,x0	 x18:0xf2946000  x0:0x00000000  x2=0xf2946000
       26725000	      2573	800038ce	0177f1b3	and	x3,x15,x23	 x15:0x80013665 x23:0x80028e64  x3=0x80000664
       26735000	      2574	800038d2	e795	c.bnez	x15,800038fe	 x15:0x80013665
       26795000	      2580	800038fe	02da9d33	mulh	x26,x21,x13	 x21:0x00000000 x13:0x8002cce4 x26=0x00000000
       26835000	      2584	8000272c	fd8fe06f	jal	x0,80000f04	  x0=0x00000000
       26855000	      2586	80000f04	16f1	c.addi	x13,-4	 x13:0x8002cce4 x13=0x8002cce0
       26865000	      2587	80000f06	0176a023	sw	x23,0(x13)	 x13:0x8002cce0 x23:0x80028e64 PA:0x8002cce0 store:0x80028e64 load:0x00000000
       26875000	      2588	80000f0a	00068bb3	add	x23,x13,x0	 x13:0x8002cce0  x0:0x00000000 x23=0x8002cce0
       26885000	      2589	80000f0e	f80b8b93	addi	x23,x23,-128	 x23:0x8002cce0 x23=0x8002cc60
       26895000	      2590	80000f12	001ba223	sw	x1,4(x23)	 x23:0x8002cc60  x1:0x71e77af6 PA:0x8002cc64 store:0x71e77af6 load:0x00000000
       26905000	      2591	80000f16	002ba423	sw	x2,8(x23)	 x23:0x8002cc60  x2:0xf2946000 PA:0x8002cc68 store:0xf2946000 load:0x00000000
       26915000	      2592	80000f1a	003ba623	sw	x3,12(x23)	 x23:0x8002cc60  x3:0x80000664 PA:0x8002cc6c store:0x80000664 load:0x00000000
       26925000	      2593	80000f1e	004ba823	sw	x4,16(x23)	 x23:0x8002cc60  x4:0xe9000000 PA:0x8002cc70 store:0xe9000000 load:0x00000000
       26935000	      2594	80000f22	005baa23	sw	x5,20(x23)	 x23:0x8002cc60  x5:0x8002cce4 PA:0x8002cc74 store:0x8002cce4 load:0x00000000
       26945000	      2595	80000f26	006bac23	sw	x6,24(x23)	 x23:0x8002cc60  x6:0xffffffff PA:0x8002cc78 store:0xffffffff load:0x00000000
       26955000	      2596	80000f2a	007bae23	sw	x7,28(x23)	 x23:0x8002cc60  x7:0x247fa134 PA:0x8002cc7c store:0x247fa134 load:0x00000000
       26965000	      2597	80000f2e	028ba023	sw	x8,32(x23)	 x23:0x8002cc60  x8:0x1bac2000 PA:0x8002cc80 store:0x1bac2000 load:0x00000000
       26975000	      2598	80000f32	029ba223	sw	x9,36(x23)	 x23:0x8002cc60  x9:0x00000001 PA:0x8002cc84 store:0x00000001 load:0x00000000
       26985000	      2599	80000f36	02aba423	sw	x10,40(x23)	 x23:0x8002cc60 x10:0xf2946000 PA:0x8002cc88 store:0xf2946000 load:0x00000000
       26995000	      2600	80000f3a	02bba623	sw	x11,44(x23)	 x23:0x8002cc60 x11:0xf1e8b1fd PA:0x8002cc8c store:0xf1e8b1fd load:0x00000000
       27005000	      2601	80000f3e	02cba823	sw	x12,48(x23)	 x23:0x8002cc60 x12:0x00000001 PA:0x8002cc90 store:0x00000001 load:0x00000000
       27015000	      2602	80000f42	02dbaa23	sw	x13,52(x23)	 x23:0x8002cc60 x13:0x8002cce0 PA:0x8002cc94 store:0x8002cce0 load:0x00000000
       27025000	      2603	80000f46	02ebac23	sw	x14,56(x23)	 x23:0x8002cc60 x14:0x00000000 PA:0x8002cc98 store:0x00000000 load:0x00000000
       27035000	      2604	80000f4a	02fbae23	sw	x15,60(x23)	 x23:0x8002cc60 x15:0x80013665 PA:0x8002cc9c store:0x80013665 load:0x00000000
       27045000	      2605	80000f4e	050ba023	sw	x16,64(x23)	 x23:0x8002cc60 x16:0x0000123f PA:0x8002cca0 store:0x0000123f load:0x00000000
       27055000	      2606	80000f52	051ba223	sw	x17,68(x23)	 x23:0x8002cc60 x17:0xffffb5e9 PA:0x8002cca4 store:0xffffb5e9 load:0x00000000
       27065000	      2607	80000f56	052ba423	sw	x18,72(x23)	 x23:0x8002cc60 x18:0xf2946000 PA:0x8002cca8 store:0xf2946000 load:0x00000000
       27075000	      2608	80000f5a	053ba623	sw	x19,76(x23)	 x23:0x8002cc60 x19:0x247fa133 PA:0x8002ccac store:0x247fa133 load:0x00000000
       27085000	      2609	80000f5e	054ba823	sw	x20,80(x23)	 x23:0x8002cc60 x20:0x00000000 PA:0x8002ccb0 store:0x00000000 load:0x00000000
       27095000	      2610	80000f62	055baa23	sw	x21,84(x23)	 x23:0x8002cc60 x21:0x00000000 PA:0x8002ccb4 store:0x00000000 load:0x00000000
       27105000	      2611	80000f66	056bac23	sw	x22,88(x23)	 x23:0x8002cc60 x22:0x510c7012 PA:0x8002ccb8 store:0x510c7012 load:0x00000000
       27115000	      2612	80000f6a	057bae23	sw	x23,92(x23)	 x23:0x8002cc60 x23:0x8002cc60 PA:0x8002ccbc store:0x8002cc60 load:0x00000000
       27125000	      2613	80000f6e	078ba023	sw	x24,96(x23)	 x23:0x8002cc60 x24:0x80000000 PA:0x8002ccc0 store:0x80000000 load:0x00000000
       27135000	      2614	80000f72	079ba223	sw	x25,100(x23)	 x23:0x8002cc60 x25:0x00110005 PA:0x8002ccc4 store:0x00110005 load:0x00000000
       27145000	      2615	80000f76	07aba423	sw	x26,104(x23)	 x23:0x8002cc60 x26:0x00000000 PA:0x8002ccc8 store:0x00000000 load:0x00000000
       27155000	      2616	80000f7a	07bba623	sw	x27,108(x23)	 x23:0x8002cc60 x27:0x00000000 PA:0x8002cccc store:0x00000000 load:0x00000000
       27165000	      2617	80000f7e	07cba823	sw	x28,112(x23)	 x23:0x8002cc60 x28:0x00000000 PA:0x8002ccd0 store:0x00000000 load:0x00000000
       27175000	      2618	80000f82	07dbaa23	sw	x29,116(x23)	 x23:0x8002cc60 x29:0x00000001 PA:0x8002ccd4 store:0x00000001 load:0x00000000
       27185000	      2619	80000f86	07ebac23	sw	x30,120(x23)	 x23:0x8002cc60 x30:0x00000000 PA:0x8002ccd8 store:0x00000000 load:0x00000000
       27195000	      2620	80000f8a	07fbae23	sw	x31,124(x23)	 x23:0x8002cc60 x31:0x0d742002 PA:0x8002ccdc store:0x0d742002 load:0x00000000
       27205000	      2621	80000f8e	000b86b3	add	x13,x23,x0	 x23:0x8002cc60  x0:0x00000000 x13=0x8002cc60
       27215000	      2622	80000f92	90000d37	lui	x26,0x90000	 x26=0x90000000
       27225000	      2623	80000f96	1d71	c.addi	x26,-4	 x26:0x90000000 x26=0x8ffffffc
       27235000	      2624	80000f98	4d99	c.li	x27,6	 x27=0x00000006
       27245000	      2625	80000f9a	0da2	c.slli	x27,0x8	 x27:0x00000006 x27=0x00000600
       27255000	      2626	80000f9c	000d8d93	addi	x27,x27,0	 x27:0x00000600 x27=0x00000600
       27265000	      2627	80000fa0	01bd2023	sw	x27,0(x26)	 x26:0x8ffffffc x27:0x00000600 PA:0x8ffffffc store:0x00000600 load:0x00000000
       27275000	      2628	80000fa4	34202df3	csrrs	x27,mcause,x0	  x0:0x00000000 x27=0x8000000b
       27285000	      2629	80000fa8	01fddd93	srli	x27,x27,0x1f	 x27:0x8000000b x27=0x00000001
       27295000	      2630	80000fac	060d8863	beq	x27,x0,8000101c	 x27:0x00000001  x0:0x00000000
       27305000	      2631	80000fb0	90000d37	lui	x26,0x90000	 x26=0x90000000
       27315000	      2632	80000fb4	1d71	c.addi	x26,-4	 x26:0x90000000 x26=0x8ffffffc
       27325000	      2633	80000fb6	30000d93	addi	x27,x0,768	  x0:0x00000000 x27=0x00000300
       27335000	      2634	80000fba	0da2	c.slli	x27,0x8	 x27:0x00000300 x27=0x00030000
       27345000	      2635	80000fbc	0d8d	c.addi	x27,3	 x27:0x00030000 x27=0x00030003
       27355000	      2636	80000fbe	01bd2023	sw	x27,0(x26)	 x26:0x8ffffffc x27:0x00030003 PA:0x8ffffffc store:0x00030003 load:0x00000000
       27365000	      2637	80000fc2	30002df3	csrrs	x27,mstatus,x0	  x0:0x00000000 x27=0x00000080
       27375000	      2638	80000fc6	01bd2023	sw	x27,0(x26)	 x26:0x8ffffffc x27:0x00000080 PA:0x8ffffffc store:0x00000080 load:0x00000000
       27385000	      2639	80000fca	90000d37	lui	x26,0x90000	 x26=0x90000000
       27395000	      2640	80000fce	1d71	c.addi	x26,-4	 x26:0x90000000 x26=0x8ffffffc
       27405000	      2641	80000fd0	34200d93	addi	x27,x0,834	  x0:0x00000000 x27=0x00000342
       27415000	      2642	80000fd4	0da2	c.slli	x27,0x8	 x27:0x00000342 x27=0x00034200
       27425000	      2643	80000fd6	0d8d	c.addi	x27,3	 x27:0x00034200 x27=0x00034203
       27435000	      2644	80000fd8	01bd2023	sw	x27,0(x26)	 x26:0x8ffffffc x27:0x00034203 PA:0x8ffffffc store:0x00034203 load:0x00000000
       27445000	      2645	80000fdc	34202df3	csrrs	x27,mcause,x0	  x0:0x00000000 x27=0x8000000b
       27455000	      2646	80000fe0	01bd2023	sw	x27,0(x26)	 x26:0x8ffffffc x27:0x8000000b PA:0x8ffffffc store:0x8000000b load:0x00000000
       27465000	      2647	80000fe4	90000d37	lui	x26,0x90000	 x26=0x90000000
       27475000	      2648	80000fe8	1d71	c.addi	x26,-4	 x26:0x90000000 x26=0x8ffffffc
       27485000	      2649	80000fea	30400d93	addi	x27,x0,772	  x0:0x00000000 x27=0x00000304
       27495000	      2650	80000fee	0da2	c.slli	x27,0x8	 x27:0x00000304 x27=0x00030400
       27505000	      2651	80000ff0	0d8d	c.addi	x27,3	 x27:0x00030400 x27=0x00030403
       27515000	      2652	80000ff2	01bd2023	sw	x27,0(x26)	 x26:0x8ffffffc x27:0x00030403 PA:0x8ffffffc store:0x00030403 load:0x00000000
       27525000	      2653	80000ff6	30402df3	csrrs	x27,mie,x0	  x0:0x00000000 x27=0x00360888
       27535000	      2654	80000ffa	01bd2023	sw	x27,0(x26)	 x26:0x8ffffffc x27:0x00360888 PA:0x8ffffffc store:0x00360888 load:0x00000000
       27545000	      2655	80000ffe	90000d37	lui	x26,0x90000	 x26=0x90000000
       27555000	      2656	80001002	1d71	c.addi	x26,-4	 x26:0x90000000 x26=0x8ffffffc
       27565000	      2657	80001004	34400d93	addi	x27,x0,836	  x0:0x00000000 x27=0x00000344
       27575000	      2658	80001008	0da2	c.slli	x27,0x8	 x27:0x00000344 x27=0x00034400
       27585000	      2659	8000100a	0d8d	c.addi	x27,3	 x27:0x00034400 x27=0x00034403
       27595000	      2660	8000100c	01bd2023	sw	x27,0(x26)	 x26:0x8ffffffc x27:0x00034403 PA:0x8ffffffc store:0x00034403 load:0x00000000
       27605000	      2661	80001010	34402df3	csrrs	x27,mip,x0	  x0:0x00000000 x27=0x00000000
       27615000	      2662	80001014	01bd2023	sw	x27,0(x26)	 x26:0x8ffffffc x27:0x00000000 PA:0x8ffffffc store:0x00000000 load:0x00000000
       27625000	      2663	80001018	2b41106f	jal	x0,800122cc	  x0=0x00000000
       27645000	      2665	800122cc	30002df3	csrrs	x27,mstatus,x0	  x0:0x00000000 x27=0x00000080
       27655000	      2666	800122d0	30402df3	csrrs	x27,mie,x0	  x0:0x00000000 x27=0x00360888
       27665000	      2667	800122d4	34402df3	csrrs	x27,mip,x0	  x0:0x00000000 x27=0x00000000
       27675000	      2668	800122d8	344dbdf3	csrrc	x27,mip,x27	 x27:0x00000000 x27=0x00000000
       27705000	      2671	800122dc	90000d37	lui	x26,0x90000	 x26=0x90000000
       27715000	      2672	800122e0	1d71	c.addi	x26,-4	 x26:0x90000000 x26=0x8ffffffc
       27725000	      2673	800122e2	4d9d	c.li	x27,7	 x27=0x00000007
       27735000	      2674	800122e4	0da2	c.slli	x27,0x8	 x27:0x00000007 x27=0x00000700
       27745000	      2675	800122e6	000d8d93	addi	x27,x27,0	 x27:0x00000700 x27=0x00000700
       27755000	      2676	800122ea	01bd2023	sw	x27,0(x26)	 x26:0x8ffffffc x27:0x00000700 PA:0x8ffffffc store:0x00000700 load:0x00000000
       27765000	      2677	800122ee	00068bb3	add	x23,x13,x0	 x13:0x8002cc60  x0:0x00000000 x23=0x8002cc60
       27775000	      2678	800122f2	004ba083	lw	x1,4(x23)	 x23:0x8002cc60  x1=0x71e77af6 PA:0x8002cc64 load:0x71e77af6
       27785000	      2679	800122f6	008ba103	lw	x2,8(x23)	 x23:0x8002cc60  x2=0xf2946000 PA:0x8002cc68 load:0xf2946000
       27795000	      2680	800122fa	00cba183	lw	x3,12(x23)	 x23:0x8002cc60  x3=0x80000664 PA:0x8002cc6c load:0x80000664
       27805000	      2681	800122fe	010ba203	lw	x4,16(x23)	 x23:0x8002cc60  x4=0xe9000000 PA:0x8002cc70 load:0xe9000000
       27815000	      2682	80012302	014ba283	lw	x5,20(x23)	 x23:0x8002cc60  x5=0x8002cce4 PA:0x8002cc74 load:0x8002cce4
       27825000	      2683	80012306	018ba303	lw	x6,24(x23)	 x23:0x8002cc60  x6=0xffffffff PA:0x8002cc78 load:0xffffffff
       27835000	      2684	8001230a	01cba383	lw	x7,28(x23)	 x23:0x8002cc60  x7=0x247fa134 PA:0x8002cc7c load:0x247fa134
       27845000	      2685	8001230e	020ba403	lw	x8,32(x23)	 x23:0x8002cc60  x8=0x1bac2000 PA:0x8002cc80 load:0x1bac2000
       27855000	      2686	80012312	024ba483	lw	x9,36(x23)	 x23:0x8002cc60  x9=0x00000001 PA:0x8002cc84 load:0x00000001
       27865000	      2687	80012316	028ba503	lw	x10,40(x23)	 x23:0x8002cc60 x10=0xf2946000 PA:0x8002cc88 load:0xf2946000
       27875000	      2688	8001231a	02cba583	lw	x11,44(x23)	 x23:0x8002cc60 x11=0xf1e8b1fd PA:0x8002cc8c load:0xf1e8b1fd
       27885000	      2689	8001231e	030ba603	lw	x12,48(x23)	 x23:0x8002cc60 x12=0x00000001 PA:0x8002cc90 load:0x00000001
       27895000	      2690	80012322	034ba683	lw	x13,52(x23)	 x23:0x8002cc60 x13=0x8002cce0 PA:0x8002cc94 load:0x8002cce0
       27905000	      2691	80012326	038ba703	lw	x14,56(x23)	 x23:0x8002cc60 x14=0x00000000 PA:0x8002cc98 load:0x00000000
       27915000	      2692	8001232a	03cba783	lw	x15,60(x23)	 x23:0x8002cc60 x15=0x80013665 PA:0x8002cc9c load:0x80013665
       27925000	      2693	8001232e	040ba803	lw	x16,64(x23)	 x23:0x8002cc60 x16=0x0000123f PA:0x8002cca0 load:0x0000123f
       27935000	      2694	80012332	044ba883	lw	x17,68(x23)	 x23:0x8002cc60 x17=0xffffb5e9 PA:0x8002cca4 load:0xffffb5e9
       27945000	      2695	80012336	048ba903	lw	x18,72(x23)	 x23:0x8002cc60 x18=0xf2946000 PA:0x8002cca8 load:0xf2946000
       27955000	      2696	8001233a	04cba983	lw	x19,76(x23)	 x23:0x8002cc60 x19=0x247fa133 PA:0x8002ccac load:0x247fa133
       27965000	      2697	8001233e	050baa03	lw	x20,80(x23)	 x23:0x8002cc60 x20=0x00000000 PA:0x8002ccb0 load:0x00000000
       27975000	      2698	80012342	054baa83	lw	x21,84(x23)	 x23:0x8002cc60 x21=0x00000000 PA:0x8002ccb4 load:0x00000000
       27985000	      2699	80012346	058bab03	lw	x22,88(x23)	 x23:0x8002cc60 x22=0x510c7012 PA:0x8002ccb8 load:0x510c7012
       27995000	      2700	8001234a	05cbab83	lw	x23,92(x23)	 x23:0x8002cc60 x23=0x8002cc60 PA:0x8002ccbc load:0x8002cc60
       28015000	      2702	8001234e	060bac03	lw	x24,96(x23)	 x23:0x8002cc60 x24=0x80000000 PA:0x8002ccc0 load:0x80000000
       28025000	      2703	80012352	064bac83	lw	x25,100(x23)	 x23:0x8002cc60 x25=0x00110005 PA:0x8002ccc4 load:0x00110005
       28035000	      2704	80012356	068bad03	lw	x26,104(x23)	 x23:0x8002cc60 x26=0x00000000 PA:0x8002ccc8 load:0x00000000
       28045000	      2705	8001235a	06cbad83	lw	x27,108(x23)	 x23:0x8002cc60 x27=0x00000000 PA:0x8002cccc load:0x00000000
       28055000	      2706	8001235e	070bae03	lw	x28,112(x23)	 x23:0x8002cc60 x28=0x00000000 PA:0x8002ccd0 load:0x00000000
       28065000	      2707	80012362	074bae83	lw	x29,116(x23)	 x23:0x8002cc60 x29=0x00000001 PA:0x8002ccd4 load:0x00000001
       28075000	      2708	80012366	078baf03	lw	x30,120(x23)	 x23:0x8002cc60 x30=0x00000000 PA:0x8002ccd8 load:0x00000000
       28085000	      2709	8001236a	07cbaf83	lw	x31,124(x23)	 x23:0x8002cc60 x31=0x0d742002 PA:0x8002ccdc load:0x0d742002
       28095000	      2710	8001236e	080b8b93	addi	x23,x23,128	 x23:0x8002cc60 x23=0x8002cce0
       28105000	      2711	80012372	000b86b3	add	x13,x23,x0	 x23:0x8002cce0  x0:0x00000000 x13=0x8002cce0
       28115000	      2712	80012376	0006ab83	lw	x23,0(x13)	 x13:0x8002cce0 x23=0x80028e64 PA:0x8002cce0 load:0x80028e64
       28125000	      2713	8001237a	0691	c.addi	x13,4	 x13:0x8002cce0 x13=0x8002cce4
       28135000	      2714	8001237c	30200073	mret	
       28175000	      2718	80003902	01eb9933	sll	x18,x23,x30	 x23:0x80028e64 x30:0x00000000 x18=0x80028e64
       28185000	      2719	80003906	00012997	auipc	x19,0x12	 x19=0x80015906
       28195000	      2720	8000390a	dd498993	addi	x19,x19,-556	 x19:0x80015906 x19=0x800156da
       28205000	      2721	8000390e	0001a897	auipc	x17,0x1a	 x17=0x8001d90e
       28215000	      2722	80003912	b4e88893	addi	x17,x17,-1202	 x17:0x8001d90e x17=0x8001d45c
       28225000	      2723	80003916	00988003	lb	x0,9(x17)	 x17:0x8001d45c  x0=0x00000000 PA:0x8001d465 load:0xffffffb7
       28235000	      2724	8000391a	fc48cf83	lbu	x31,-60(x17)	 x17:0x8001d45c x31=0x00000045 PA:0x8001d420 load:0x00000045
       28245000	      2725	8000391e	ff29de83	lhu	x29,-14(x19)	 x19:0x800156da x29=0x00007a76 PA:0x800156cc load:0x00007a76
       28255000	      2726	80003922	ff88db03	lhu	x22,-8(x17)	 x17:0x8001d45c x22=0x00003a12 PA:0x8001d454 load:0x00003a12
       28265000	      2727	80003926	ff0880a3	sb	x16,-31(x17)	 x17:0x8001d45c x16:0x0000123f PA:0x8001d43d store:0x0000123f load:0x00000000
       28275000	      2728	8000392a	0188d303	lhu	x6,24(x17)	 x17:0x8001d45c  x6=0x00006059 PA:0x8001d474 load:0x00006059
       28285000	      2729	8000392e	0069ad83	lw	x27,6(x19)	 x19:0x800156da x27=0x64edbf80 PA:0x800156e0 load:0x64edbf80
       28295000	      2730	80003932	03e89083	lh	x1,62(x17)	 x17:0x8001d45c  x1=0xffff8308 PA:0x8001d49a load:0xffff8308
       28305000	      2731	80003936	00898003	lb	x0,8(x19)	 x19:0x800156da  x0=0x00000000 PA:0x800156e2 load:0xffffffed
       28315000	      2732	8000393a	0049c303	lbu	x6,4(x19)	 x19:0x800156da  x6=0x00000038 PA:0x800156de load:0x00000038
       28325000	      2733	8000393e	0398c303	lbu	x6,57(x17)	 x17:0x8001d45c  x6=0x0000001c PA:0x8001d495 load:0x0000001c
       28335000	      2734	80003942	fed8c183	lbu	x3,-19(x17)	 x17:0x8001d45c  x3=0x00000001 PA:0x8001d449 load:0x00000001
       28345000	      2735	80003946	fed89523	sh	x13,-22(x17)	 x17:0x8001d45c x13:0x8002cce4 PA:0x8001d446 store:0x8002cce4 load:0x00000000
       28355000	      2736	8000394a	ffa9dc03	lhu	x24,-6(x19)	 x19:0x800156da x24=0x00005de8 PA:0x800156d4 load:0x00005de8
       28365000	      2737	8000394e	ff498f03	lb	x30,-12(x19)	 x19:0x800156da x30=0xffffffeb PA:0x800156ce load:0xffffffeb
       28405000	      2741	8000272c	fd8fe06f	jal	x0,80000f04	  x0=0x00000000
       28425000	      2743	80000f04	16f1	c.addi	x13,-4	 x13:0x8002cce4 x13=0x8002cce0
       28435000	      2744	80000f06	0176a023	sw	x23,0(x13)	 x13:0x8002cce0 x23:0x80028e64 PA:0x8002cce0 store:0x80028e64 load:0x00000000
       28445000	      2745	80000f0a	00068bb3	add	x23,x13,x0	 x13:0x8002cce0  x0:0x00000000 x23=0x8002cce0
       28455000	      2746	80000f0e	f80b8b93	addi	x23,x23,-128	 x23:0x8002cce0 x23=0x8002cc60
       28465000	      2747	80000f12	001ba223	sw	x1,4(x23)	 x23:0x8002cc60  x1:0xffff8308 PA:0x8002cc64 store:0xffff8308 load:0x00000000
       28475000	      2748	80000f16	002ba423	sw	x2,8(x23)	 x23:0x8002cc60  x2:0xf2946000 PA:0x8002cc68 store:0xf2946000 load:0x00000000
       28485000	      2749	80000f1a	003ba623	sw	x3,12(x23)	 x23:0x8002cc60  x3:0x00000001 PA:0x8002cc6c store:0x00000001 load:0x00000000
       28495000	      2750	80000f1e	004ba823	sw	x4,16(x23)	 x23:0x8002cc60  x4:0xe9000000 PA:0x8002cc70 store:0xe9000000 load:0x00000000
       28505000	      2751	80000f22	005baa23	sw	x5,20(x23)	 x23:0x8002cc60  x5:0x8002cce4 PA:0x8002cc74 store:0x8002cce4 load:0x00000000
       28515000	      2752	80000f26	006bac23	sw	x6,24(x23)	 x23:0x8002cc60  x6:0x0000001c PA:0x8002cc78 store:0x0000001c load:0x00000000
       28525000	      2753	80000f2a	007bae23	sw	x7,28(x23)	 x23:0x8002cc60  x7:0x247fa134 PA:0x8002cc7c store:0x247fa134 load:0x00000000
       28535000	      2754	80000f2e	028ba023	sw	x8,32(x23)	 x23:0x8002cc60  x8:0x1bac2000 PA:0x8002cc80 store:0x1bac2000 load:0x00000000
       28545000	      2755	80000f32	029ba223	sw	x9,36(x23)	 x23:0x8002cc60  x9:0x00000001 PA:0x8002cc84 store:0x00000001 load:0x00000000
       28555000	      2756	80000f36	02aba423	sw	x10,40(x23)	 x23:0x8002cc60 x10:0xf2946000 PA:0x8002cc88 store:0xf2946000 load:0x00000000
       28565000	      2757	80000f3a	02bba623	sw	x11,44(x23)	 x23:0x8002cc60 x11:0xf1e8b1fd PA:0x8002cc8c store:0xf1e8b1fd load:0x00000000
       28575000	      2758	80000f3e	02cba823	sw	x12,48(x23)	 x23:0x8002cc60 x12:0x00000001 PA:0x8002cc90 store:0x00000001 load:0x00000000
       28585000	      2759	80000f42	02dbaa23	sw	x13,52(x23)	 x23:0x8002cc60 x13:0x8002cce0 PA:0x8002cc94 store:0x8002cce0 load:0x00000000
       28595000	      2760	80000f46	02ebac23	sw	x14,56(x23)	 x23:0x8002cc60 x14:0x00000000 PA:0x8002cc98 store:0x00000000 load:0x00000000
       28605000	      2761	80000f4a	02fbae23	sw	x15,60(x23)	 x23:0x8002cc60 x15:0x80013665 PA:0x8002cc9c store:0x80013665 load:0x00000000
       28615000	      2762	80000f4e	050ba023	sw	x16,64(x23)	 x23:0x8002cc60 x16:0x0000123f PA:0x8002cca0 store:0x0000123f load:0x00000000
       28625000	      2763	80000f52	051ba223	sw	x17,68(x23)	 x23:0x8002cc60 x17:0x8001d45c PA:0x8002cca4 store:0x8001d45c load:0x00000000
       28635000	      2764	80000f56	052ba423	sw	x18,72(x23)	 x23:0x8002cc60 x18:0x80028e64 PA:0x8002cca8 store:0x80028e64 load:0x00000000
       28645000	      2765	80000f5a	053ba623	sw	x19,76(x23)	 x23:0x8002cc60 x19:0x800156da PA:0x8002ccac store:0x800156da load:0x00000000
       28655000	      2766	80000f5e	054ba823	sw	x20,80(x23)	 x23:0x8002cc60 x20:0x00000000 PA:0x8002ccb0 store:0x00000000 load:0x00000000
       28665000	      2767	80000f62	055baa23	sw	x21,84(x23)	 x23:0x8002cc60 x21:0x00000000 PA:0x8002ccb4 store:0x00000000 load:0x00000000
       28675000	      2768	80000f66	056bac23	sw	x22,88(x23)	 x23:0x8002cc60 x22:0x00003a12 PA:0x8002ccb8 store:0x00003a12 load:0x00000000
       28685000	      2769	80000f6a	057bae23	sw	x23,92(x23)	 x23:0x8002cc60 x23:0x8002cc60 PA:0x8002ccbc store:0x8002cc60 load:0x00000000
       28695000	      2770	80000f6e	078ba023	sw	x24,96(x23)	 x23:0x8002cc60 x24:0x00005de8 PA:0x8002ccc0 store:0x00005de8 load:0x00000000
       28705000	      2771	80000f72	079ba223	sw	x25,100(x23)	 x23:0x8002cc60 x25:0x00110005 PA:0x8002ccc4 store:0x00110005 load:0x00000000
       28715000	      2772	80000f76	07aba423	sw	x26,104(x23)	 x23:0x8002cc60 x26:0x00000000 PA:0x8002ccc8 store:0x00000000 load:0x00000000
       28725000	      2773	80000f7a	07bba623	sw	x27,108(x23)	 x23:0x8002cc60 x27:0x64edbf80 PA:0x8002cccc store:0x64edbf80 load:0x00000000
       28735000	      2774	80000f7e	07cba823	sw	x28,112(x23)	 x23:0x8002cc60 x28:0x00000000 PA:0x8002ccd0 store:0x00000000 load:0x00000000
       28745000	      2775	80000f82	07dbaa23	sw	x29,116(x23)	 x23:0x8002cc60 x29:0x00007a76 PA:0x8002ccd4 store:0x00007a76 load:0x00000000
       28755000	      2776	80000f86	07ebac23	sw	x30,120(x23)	 x23:0x8002cc60 x30:0xffffffeb PA:0x8002ccd8 store:0xffffffeb load:0x00000000
       28765000	      2777	80000f8a	07fbae23	sw	x31,124(x23)	 x23:0x8002cc60 x31:0x00000045 PA:0x8002ccdc store:0x00000045 load:0x00000000
       28775000	      2778	80000f8e	000b86b3	add	x13,x23,x0	 x23:0x8002cc60  x0:0x00000000 x13=0x8002cc60
       28785000	      2779	80000f92	90000d37	lui	x26,0x90000	 x26=0x90000000
       28795000	      2780	80000f96	1d71	c.addi	x26,-4	 x26:0x90000000 x26=0x8ffffffc
       28805000	      2781	80000f98	4d99	c.li	x27,6	 x27=0x00000006
       28815000	      2782	80000f9a	0da2	c.slli	x27,0x8	 x27:0x00000006 x27=0x00000600
       28825000	      2783	80000f9c	000d8d93	addi	x27,x27,0	 x27:0x00000600 x27=0x00000600
       28835000	      2784	80000fa0	01bd2023	sw	x27,0(x26)	 x26:0x8ffffffc x27:0x00000600 PA:0x8ffffffc store:0x00000600 load:0x00000000
       28845000	      2785	80000fa4	34202df3	csrrs	x27,mcause,x0	  x0:0x00000000 x27=0x8000000b
       28855000	      2786	80000fa8	01fddd93	srli	x27,x27,0x1f	 x27:0x8000000b x27=0x00000001
       28865000	      2787	80000fac	060d8863	beq	x27,x0,8000101c	 x27:0x00000001  x0:0x00000000
       28875000	      2788	80000fb0	90000d37	lui	x26,0x90000	 x26=0x90000000
       28885000	      2789	80000fb4	1d71	c.addi	x26,-4	 x26:0x90000000 x26=0x8ffffffc
       28895000	      2790	80000fb6	30000d93	addi	x27,x0,768	  x0:0x00000000 x27=0x00000300
       28905000	      2791	80000fba	0da2	c.slli	x27,0x8	 x27:0x00000300 x27=0x00030000
       28915000	      2792	80000fbc	0d8d	c.addi	x27,3	 x27:0x00030000 x27=0x00030003
       28925000	      2793	80000fbe	01bd2023	sw	x27,0(x26)	 x26:0x8ffffffc x27:0x00030003 PA:0x8ffffffc store:0x00030003 load:0x00000000
       28935000	      2794	80000fc2	30002df3	csrrs	x27,mstatus,x0	  x0:0x00000000 x27=0x00000080
       28945000	      2795	80000fc6	01bd2023	sw	x27,0(x26)	 x26:0x8ffffffc x27:0x00000080 PA:0x8ffffffc store:0x00000080 load:0x00000000
       28955000	      2796	80000fca	90000d37	lui	x26,0x90000	 x26=0x90000000
       28965000	      2797	80000fce	1d71	c.addi	x26,-4	 x26:0x90000000 x26=0x8ffffffc
       28975000	      2798	80000fd0	34200d93	addi	x27,x0,834	  x0:0x00000000 x27=0x00000342
       28985000	      2799	80000fd4	0da2	c.slli	x27,0x8	 x27:0x00000342 x27=0x00034200
       28995000	      2800	80000fd6	0d8d	c.addi	x27,3	 x27:0x00034200 x27=0x00034203
       29005000	      2801	80000fd8	01bd2023	sw	x27,0(x26)	 x26:0x8ffffffc x27:0x00034203 PA:0x8ffffffc store:0x00034203 load:0x00000000
       29015000	      2802	80000fdc	34202df3	csrrs	x27,mcause,x0	  x0:0x00000000 x27=0x8000000b
       29025000	      2803	80000fe0	01bd2023	sw	x27,0(x26)	 x26:0x8ffffffc x27:0x8000000b PA:0x8ffffffc store:0x8000000b load:0x00000000
       29035000	      2804	80000fe4	90000d37	lui	x26,0x90000	 x26=0x90000000
       29045000	      2805	80000fe8	1d71	c.addi	x26,-4	 x26:0x90000000 x26=0x8ffffffc
       29055000	      2806	80000fea	30400d93	addi	x27,x0,772	  x0:0x00000000 x27=0x00000304
       29065000	      2807	80000fee	0da2	c.slli	x27,0x8	 x27:0x00000304 x27=0x00030400
       29075000	      2808	80000ff0	0d8d	c.addi	x27,3	 x27:0x00030400 x27=0x00030403
       29085000	      2809	80000ff2	01bd2023	sw	x27,0(x26)	 x26:0x8ffffffc x27:0x00030403 PA:0x8ffffffc store:0x00030403 load:0x00000000
       29095000	      2810	80000ff6	30402df3	csrrs	x27,mie,x0	  x0:0x00000000 x27=0x00360888
       29105000	      2811	80000ffa	01bd2023	sw	x27,0(x26)	 x26:0x8ffffffc x27:0x00360888 PA:0x8ffffffc store:0x00360888 load:0x00000000
       29115000	      2812	80000ffe	90000d37	lui	x26,0x90000	 x26=0x90000000
       29125000	      2813	80001002	1d71	c.addi	x26,-4	 x26:0x90000000 x26=0x8ffffffc
       29135000	      2814	80001004	34400d93	addi	x27,x0,836	  x0:0x00000000 x27=0x00000344
       29145000	      2815	80001008	0da2	c.slli	x27,0x8	 x27:0x00000344 x27=0x00034400
       29155000	      2816	8000100a	0d8d	c.addi	x27,3	 x27:0x00034400 x27=0x00034403
       29165000	      2817	8000100c	01bd2023	sw	x27,0(x26)	 x26:0x8ffffffc x27:0x00034403 PA:0x8ffffffc store:0x00034403 load:0x00000000
       29175000	      2818	80001010	34402df3	csrrs	x27,mip,x0	  x0:0x00000000 x27=0x00000000
       29185000	      2819	80001014	01bd2023	sw	x27,0(x26)	 x26:0x8ffffffc x27:0x00000000 PA:0x8ffffffc store:0x00000000 load:0x00000000
       29195000	      2820	80001018	2b41106f	jal	x0,800122cc	  x0=0x00000000
       29215000	      2822	800122cc	30002df3	csrrs	x27,mstatus,x0	  x0:0x00000000 x27=0x00000080
       29225000	      2823	800122d0	30402df3	csrrs	x27,mie,x0	  x0:0x00000000 x27=0x00360888
       29235000	      2824	800122d4	34402df3	csrrs	x27,mip,x0	  x0:0x00000000 x27=0x00000000
       29245000	      2825	800122d8	344dbdf3	csrrc	x27,mip,x27	 x27:0x00000000 x27=0x00000000
       29275000	      2828	800122dc	90000d37	lui	x26,0x90000	 x26=0x90000000
       29285000	      2829	800122e0	1d71	c.addi	x26,-4	 x26:0x90000000 x26=0x8ffffffc
       29295000	      2830	800122e2	4d9d	c.li	x27,7	 x27=0x00000007
       29305000	      2831	800122e4	0da2	c.slli	x27,0x8	 x27:0x00000007 x27=0x00000700
       29315000	      2832	800122e6	000d8d93	addi	x27,x27,0	 x27:0x00000700 x27=0x00000700
       29325000	      2833	800122ea	01bd2023	sw	x27,0(x26)	 x26:0x8ffffffc x27:0x00000700 PA:0x8ffffffc store:0x00000700 load:0x00000000
       29335000	      2834	800122ee	00068bb3	add	x23,x13,x0	 x13:0x8002cc60  x0:0x00000000 x23=0x8002cc60
       29345000	      2835	800122f2	004ba083	lw	x1,4(x23)	 x23:0x8002cc60  x1=0xffff8308 PA:0x8002cc64 load:0xffff8308
       29355000	      2836	800122f6	008ba103	lw	x2,8(x23)	 x23:0x8002cc60  x2=0xf2946000 PA:0x8002cc68 load:0xf2946000
       29365000	      2837	800122fa	00cba183	lw	x3,12(x23)	 x23:0x8002cc60  x3=0x00000001 PA:0x8002cc6c load:0x00000001
       29375000	      2838	800122fe	010ba203	lw	x4,16(x23)	 x23:0x8002cc60  x4=0xe9000000 PA:0x8002cc70 load:0xe9000000
       29385000	      2839	80012302	014ba283	lw	x5,20(x23)	 x23:0x8002cc60  x5=0x8002cce4 PA:0x8002cc74 load:0x8002cce4
       29395000	      2840	80012306	018ba303	lw	x6,24(x23)	 x23:0x8002cc60  x6=0x0000001c PA:0x8002cc78 load:0x0000001c
       29405000	      2841	8001230a	01cba383	lw	x7,28(x23)	 x23:0x8002cc60  x7=0x247fa134 PA:0x8002cc7c load:0x247fa134
       29415000	      2842	8001230e	020ba403	lw	x8,32(x23)	 x23:0x8002cc60  x8=0x1bac2000 PA:0x8002cc80 load:0x1bac2000
       29425000	      2843	80012312	024ba483	lw	x9,36(x23)	 x23:0x8002cc60  x9=0x00000001 PA:0x8002cc84 load:0x00000001
       29435000	      2844	80012316	028ba503	lw	x10,40(x23)	 x23:0x8002cc60 x10=0xf2946000 PA:0x8002cc88 load:0xf2946000
       29445000	      2845	8001231a	02cba583	lw	x11,44(x23)	 x23:0x8002cc60 x11=0xf1e8b1fd PA:0x8002cc8c load:0xf1e8b1fd
       29455000	      2846	8001231e	030ba603	lw	x12,48(x23)	 x23:0x8002cc60 x12=0x00000001 PA:0x8002cc90 load:0x00000001
       29465000	      2847	80012322	034ba683	lw	x13,52(x23)	 x23:0x8002cc60 x13=0x8002cce0 PA:0x8002cc94 load:0x8002cce0
       29475000	      2848	80012326	038ba703	lw	x14,56(x23)	 x23:0x8002cc60 x14=0x00000000 PA:0x8002cc98 load:0x00000000
       29485000	      2849	8001232a	03cba783	lw	x15,60(x23)	 x23:0x8002cc60 x15=0x80013665 PA:0x8002cc9c load:0x80013665
       29495000	      2850	8001232e	040ba803	lw	x16,64(x23)	 x23:0x8002cc60 x16=0x0000123f PA:0x8002cca0 load:0x0000123f
       29505000	      2851	80012332	044ba883	lw	x17,68(x23)	 x23:0x8002cc60 x17=0x8001d45c PA:0x8002cca4 load:0x8001d45c
       29515000	      2852	80012336	048ba903	lw	x18,72(x23)	 x23:0x8002cc60 x18=0x80028e64 PA:0x8002cca8 load:0x80028e64
       29525000	      2853	8001233a	04cba983	lw	x19,76(x23)	 x23:0x8002cc60 x19=0x800156da PA:0x8002ccac load:0x800156da
       29535000	      2854	8001233e	050baa03	lw	x20,80(x23)	 x23:0x8002cc60 x20=0x00000000 PA:0x8002ccb0 load:0x00000000
       29545000	      2855	80012342	054baa83	lw	x21,84(x23)	 x23:0x8002cc60 x21=0x00000000 PA:0x8002ccb4 load:0x00000000
       29555000	      2856	80012346	058bab03	lw	x22,88(x23)	 x23:0x8002cc60 x22=0x00003a12 PA:0x8002ccb8 load:0x00003a12
       29565000	      2857	8001234a	05cbab83	lw	x23,92(x23)	 x23:0x8002cc60 x23=0x8002cc60 PA:0x8002ccbc load:0x8002cc60
       29585000	      2859	8001234e	060bac03	lw	x24,96(x23)	 x23:0x8002cc60 x24=0x00005de8 PA:0x8002ccc0 load:0x00005de8
       29595000	      2860	80012352	064bac83	lw	x25,100(x23)	 x23:0x8002cc60 x25=0x00110005 PA:0x8002ccc4 load:0x00110005
       29605000	      2861	80012356	068bad03	lw	x26,104(x23)	 x23:0x8002cc60 x26=0x00000000 PA:0x8002ccc8 load:0x00000000
       29615000	      2862	8001235a	06cbad83	lw	x27,108(x23)	 x23:0x8002cc60 x27=0x64edbf80 PA:0x8002cccc load:0x64edbf80
       29625000	      2863	8001235e	070bae03	lw	x28,112(x23)	 x23:0x8002cc60 x28=0x00000000 PA:0x8002ccd0 load:0x00000000
       29635000	      2864	80012362	074bae83	lw	x29,116(x23)	 x23:0x8002cc60 x29=0x00007a76 PA:0x8002ccd4 load:0x00007a76
       29645000	      2865	80012366	078baf03	lw	x30,120(x23)	 x23:0x8002cc60 x30=0xffffffeb PA:0x8002ccd8 load:0xffffffeb
       29655000	      2866	8001236a	07cbaf83	lw	x31,124(x23)	 x23:0x8002cc60 x31=0x00000045 PA:0x8002ccdc load:0x00000045
       29665000	      2867	8001236e	080b8b93	addi	x23,x23,128	 x23:0x8002cc60 x23=0x8002cce0
       29675000	      2868	80012372	000b86b3	add	x13,x23,x0	 x23:0x8002cce0  x0:0x00000000 x13=0x8002cce0
       29685000	      2869	80012376	0006ab83	lw	x23,0(x13)	 x13:0x8002cce0 x23=0x80028e64 PA:0x8002cce0 load:0x80028e64
       29695000	      2870	8001237a	0691	c.addi	x13,4	 x13:0x8002cce0 x13=0x8002cce4
       29705000	      2871	8001237c	30200073	mret	
       29745000	      2875	80003952	03f89e23	sh	x31,60(x17)	 x17:0x8001d45c x31:0x00000045 PA:0x8001d498 store:0x00000045 load:0x00000000
       29755000	      2876	80003956	0ff0000f	fence	iorw,iorw	
       29765000	      2877	8000395a	ffffd597	auipc	x11,0xffffd	 x11=0x8000095a
       29775000	      2878	8000395e	a1a58593	addi	x11,x11,-1510	 x11:0x8000095a x11=0x80000374
       29785000	      2879	80003962	00058067	jalr	x0,0(x11)	 x11:0x80000374  x0=0x00000000
       29805000	      2881	80000374	90000d37	lui	x26,0x90000	 x26=0x90000000
       29815000	      2882	80000378	1d61	c.addi	x26,-8	 x26:0x90000000 x26=0x8ffffff8
       29825000	      2883	8000037a	4d81	c.li	x27,0	 x27=0x00000000
       29835000	      2884	8000037c	0da2	c.slli	x27,0x8	 x27:0x00000000 x27=0x00000000
       29845000	      2885	8000037e	0d85	c.addi	x27,1	 x27:0x00000000 x27=0x00000001
       29855000	      2886	80000380	01bd2023	sw	x27,0(x26)	 x26:0x8ffffff8 x27:0x00000001 PA:0x8ffffff8 store:0x00000001 load:0x00000000
       29865000	      2887	80000384	00000073	ecall	
       29895000	      2890	80002700	0800006f	jal	x0,80002780	  x0=0x00000000
       29915000	      2892	80002780	16f1	c.addi	x13,-4	 x13:0x8002cce4 x13=0x8002cce0
       29925000	      2893	80002782	0176a023	sw	x23,0(x13)	 x13:0x8002cce0 x23:0x80028e64 PA:0x8002cce0 store:0x80028e64 load:0x00000000
