Time	Cycle	PC	Insn	Decoded instruction	Register and memory contents
        8582000	       327	80000080	40001db7	lui	x27,0x40001	 x27=0x40001000
        8602000	       328	80000084	106d8d93	addi	x27,x27,262	 x27:0x40001000 x27=0x40001106
        8742000	       335	80000088	301d9073	csrrw	x0,misa,x27	 x27:0x40001106  x0=0x00000000
        9162000	       356	8000008c	0002d697	auipc	x13,0x2d	 x13=0x8002d08c
        9182000	       357	80000090	c5868693	addi	x13,x13,-936	 x13:0x8002d08c x13=0x8002cce4
        9382000	       367	80000094	00002d97	auipc	x27,0x2	 x27=0x80002094
        9402000	       368	80000098	66cd8d93	addi	x27,x27,1644	 x27:0x80002094 x27=0x80002700
        9422000	       369	8000009c	001ded93	ori	x27,x27,1	 x27:0x80002700 x27=0x80002701
        9842000	       390	800000a0	305d9073	csrrw	x0,mtvec,x27	 x27:0x80002701  x0=0x00000000
        9902000	       393	800000a4	74725073	csrrwi	x0,0x747,4	  x0=0x00000000
        9962000	       396	800000a8	00003597	auipc	x11,0x3	 x11=0x800030a8
       10002000	       398	800000ac	41458593	addi	x11,x11,1044	 x11:0x800030a8 x11=0x800034bc
       10422000	       419	800000b0	4d81	c.li	x27,0	 x27=0x00000000
       10442000	       420	800000b2	95ee	c.add	x11,x27	 x11:0x800034bc x27:0x00000000 x11=0x800034bc
       10462000	       421	800000b4	8189	c.srli	x11,0x2	 x11:0x800034bc x11=0x20000d2f
       10522000	       424	800000b6	3b059073	csrrw	x0,pmpaddr0,x11	 x11:0x20000d2f  x0=0x00000000
       10702000	       433	800000ba	00003597	auipc	x11,0x3	 x11=0x800030ba
       10722000	       434	800000be	40258593	addi	x11,x11,1026	 x11:0x800030ba x11=0x800034bc
       10822000	       439	800000c2	11111db7	lui	x27,0x11111	 x27=0x11111000
       10862000	       441	800000c6	111d8d93	addi	x27,x27,273	 x27:0x11111000 x27=0x11111111
       10882000	       442	800000ca	95ee	c.add	x11,x27	 x11:0x800034bc x27:0x11111111 x11=0x911145cd
       10902000	       443	800000cc	8189	c.srli	x11,0x2	 x11:0x911145cd x11=0x24445173
       11242000	       460	800000ce	3b159073	csrrw	x0,pmpaddr1,x11	 x11:0x24445173  x0=0x00000000
       11322000	       464	800000d2	00003597	auipc	x11,0x3	 x11=0x800030d2
       11342000	       465	800000d6	3ea58593	addi	x11,x11,1002	 x11:0x800030d2 x11=0x800034bc
       11762000	       486	800000da	22222db7	lui	x27,0x22222	 x27=0x22222000
       11782000	       487	800000de	222d8d93	addi	x27,x27,546	 x27:0x22222000 x27=0x22222222
       11802000	       488	800000e2	95ee	c.add	x11,x27	 x11:0x800034bc x27:0x22222222 x11=0xa22256de
       11822000	       489	800000e4	8189	c.srli	x11,0x2	 x11:0xa22256de x11=0x288895b7
       11842000	       490	800000e6	3b259073	csrrw	x0,pmpaddr2,x11	 x11:0x288895b7  x0=0x00000000
       11902000	       493	800000ea	00003597	auipc	x11,0x3	 x11=0x800030ea
       12142000	       505	800000ee	3d258593	addi	x11,x11,978	 x11:0x800030ea x11=0x800034bc
       12182000	       507	800000f2	33333db7	lui	x27,0x33333	 x27=0x33333000
       12202000	       508	800000f6	333d8d93	addi	x27,x27,819	 x27:0x33333000 x27=0x33333333
       12222000	       509	800000fa	95ee	c.add	x11,x27	 x11:0x800034bc x27:0x33333333 x11=0xb33367ef
       12242000	       510	800000fc	8189	c.srli	x11,0x2	 x11:0xb33367ef x11=0x2cccd9fb
       12422000	       519	800000fe	3b359073	csrrw	x0,pmpaddr3,x11	 x11:0x2cccd9fb  x0=0x00000000
       12482000	       522	80000102	0f0f15b7	lui	x11,0xf0f1	 x11=0x0f0f1000
       12502000	       523	80000106	f0f58593	addi	x11,x11,-241	 x11:0x0f0f1000 x11=0x0f0f0f0f
       12542000	       525	8000010a	3a059073	csrrw	x0,pmpcfg0,x11	 x11:0x0f0f0f0f  x0=0x00000000
       12622000	       529	8000010e	00003597	auipc	x11,0x3	 x11=0x8000310e
       12642000	       530	80000112	3ae58593	addi	x11,x11,942	 x11:0x8000310e x11=0x800034bc
       13062000	       551	80000116	44444db7	lui	x27,0x44444	 x27=0x44444000
       13222000	       559	8000011a	444d8d93	addi	x27,x27,1092	 x27:0x44444000 x27=0x44444444
       13242000	       560	8000011e	95ee	c.add	x11,x27	 x11:0x800034bc x27:0x44444444 x11=0xc4447900
       13322000	       564	80000120	8189	c.srli	x11,0x2	 x11:0xc4447900 x11=0x31111e40
       13342000	       565	80000122	3b459073	csrrw	x0,pmpaddr4,x11	 x11:0x31111e40  x0=0x00000000
       13762000	       586	80000126	00003597	auipc	x11,0x3	 x11=0x80003126
       13782000	       587	8000012a	39658593	addi	x11,x11,918	 x11:0x80003126 x11=0x800034bc
       14202000	       608	8000012e	55555db7	lui	x27,0x55555	 x27=0x55555000
       14502000	       623	80000132	555d8d93	addi	x27,x27,1365	 x27:0x55555000 x27=0x55555555
       14522000	       624	80000136	95ee	c.add	x11,x27	 x11:0x800034bc x27:0x55555555 x11=0xd5558a11
       14542000	       625	80000138	8189	c.srli	x11,0x2	 x11:0xd5558a11 x11=0x35556284
       14942000	       645	8000013a	3b559073	csrrw	x0,pmpaddr5,x11	 x11:0x35556284  x0=0x00000000
       15002000	       648	8000013e	00003597	auipc	x11,0x3	 x11=0x8000313e
       15022000	       649	80000142	37e58593	addi	x11,x11,894	 x11:0x8000313e x11=0x800034bc
       15142000	       655	80000146	66666db7	lui	x27,0x66666	 x27=0x66666000
       15242000	       660	8000014a	666d8d93	addi	x27,x27,1638	 x27:0x66666000 x27=0x66666666
       15262000	       661	8000014e	95ee	c.add	x11,x27	 x11:0x800034bc x27:0x66666666 x11=0xe6669b22
       15402000	       668	80000150	8189	c.srli	x11,0x2	 x11:0xe6669b22 x11=0x3999a6c8
       15422000	       669	80000152	3b659073	csrrw	x0,pmpaddr6,x11	 x11:0x3999a6c8  x0=0x00000000
       15482000	       672	80000156	00003597	auipc	x11,0x3	 x11=0x80003156
       15862000	       691	8000015a	36658593	addi	x11,x11,870	 x11:0x80003156 x11=0x800034bc
       15882000	       692	8000015e	77777db7	lui	x27,0x77777	 x27=0x77777000
       16302000	       713	80000162	777d8d93	addi	x27,x27,1911	 x27:0x77777000 x27=0x77777777
       16322000	       714	80000166	95ee	c.add	x11,x27	 x11:0x800034bc x27:0x77777777 x11=0xf777ac33
       16342000	       715	80000168	8189	c.srli	x11,0x2	 x11:0xf777ac33 x11=0x3dddeb0c
       16502000	       723	8000016a	3b759073	csrrw	x0,pmpaddr7,x11	 x11:0x3dddeb0c  x0=0x00000000
       16622000	       729	8000016e	0f0f15b7	lui	x11,0xf0f1	 x11=0x0f0f1000
       16982000	       747	80000172	f0f58593	addi	x11,x11,-241	 x11:0x0f0f1000 x11=0x0f0f0f0f
       17022000	       749	80000176	3a159073	csrrw	x0,pmpcfg1,x11	 x11:0x0f0f0f0f  x0=0x00000000
       17442000	       770	8000017a	00003597	auipc	x11,0x3	 x11=0x8000317a
       17742000	       785	8000017e	34258593	addi	x11,x11,834	 x11:0x8000317a x11=0x800034bc
       17762000	       786	80000182	88889db7	lui	x27,0x88889	 x27=0x88889000
       17782000	       787	80000186	888d8d93	addi	x27,x27,-1912	 x27:0x88889000 x27=0x88888888
       17802000	       788	8000018a	95ee	c.add	x11,x27	 x11:0x800034bc x27:0x88888888 x11=0x0888bd44
       17822000	       789	8000018c	8189	c.srli	x11,0x2	 x11:0x0888bd44 x11=0x02222f51
       17842000	       790	8000018e	3b859073	csrrw	x0,pmpaddr8,x11	 x11:0x02222f51  x0=0x00000000
       17922000	       794	80000192	00003597	auipc	x11,0x3	 x11=0x80003192
       18382000	       817	80000196	32a58593	addi	x11,x11,810	 x11:0x80003192 x11=0x800034bc
       18402000	       818	8000019a	9999adb7	lui	x27,0x9999a	 x27=0x9999a000
       18582000	       827	8000019e	999d8d93	addi	x27,x27,-1639	 x27:0x9999a000 x27=0x99999999
       18602000	       828	800001a2	95ee	c.add	x11,x27	 x11:0x800034bc x27:0x99999999 x11=0x1999ce55
       18982000	       847	800001a4	8189	c.srli	x11,0x2	 x11:0x1999ce55 x11=0x06667395
       19002000	       848	800001a6	3b959073	csrrw	x0,pmpaddr9,x11	 x11:0x06667395  x0=0x00000000
       19082000	       852	800001aa	00003597	auipc	x11,0x3	 x11=0x800031aa
       19322000	       864	800001ae	31258593	addi	x11,x11,786	 x11:0x800031aa x11=0x800034bc
       19462000	       871	800001b2	aaaabdb7	lui	x27,0xaaaab	 x27=0xaaaab000
       19482000	       872	800001b6	aaad8d93	addi	x27,x27,-1366	 x27:0xaaaab000 x27=0xaaaaaaaa
       19502000	       873	800001ba	95ee	c.add	x11,x27	 x11:0x800034bc x27:0xaaaaaaaa x11=0x2aaadf66
       19542000	       875	800001bc	8189	c.srli	x11,0x2	 x11:0x2aaadf66 x11=0x0aaab7d9
       19562000	       876	800001be	3ba59073	csrrw	x0,pmpaddr10,x11	 x11:0x0aaab7d9  x0=0x00000000
       19742000	       885	800001c2	00003597	auipc	x11,0x3	 x11=0x800031c2
       20162000	       906	800001c6	2fa58593	addi	x11,x11,762	 x11:0x800031c2 x11=0x800034bc
       20182000	       907	800001ca	bbbbcdb7	lui	x27,0xbbbbc	 x27=0xbbbbc000
       20202000	       908	800001ce	bbbd8d93	addi	x27,x27,-1093	 x27:0xbbbbc000 x27=0xbbbbbbbb
       20222000	       909	800001d2	95ee	c.add	x11,x27	 x11:0x800034bc x27:0xbbbbbbbb x11=0x3bbbf077
       20282000	       912	800001d4	8189	c.srli	x11,0x2	 x11:0x3bbbf077 x11=0x0eeefc1d
       20302000	       913	800001d6	3bb59073	csrrw	x0,pmpaddr11,x11	 x11:0x0eeefc1d  x0=0x00000000
       20382000	       917	800001da	0f0f15b7	lui	x11,0xf0f1	 x11=0x0f0f1000
       20402000	       918	800001de	f0f58593	addi	x11,x11,-241	 x11:0x0f0f1000 x11=0x0f0f0f0f
       20422000	       919	800001e2	3a259073	csrrw	x0,pmpcfg2,x11	 x11:0x0f0f0f0f  x0=0x00000000
       20482000	       922	800001e6	00003597	auipc	x11,0x3	 x11=0x800031e6
       20502000	       923	800001ea	2d658593	addi	x11,x11,726	 x11:0x800031e6 x11=0x800034bc
       20642000	       930	800001ee	ccccddb7	lui	x27,0xccccd	 x27=0xccccd000
       20802000	       938	800001f2	cccd8d93	addi	x27,x27,-820	 x27:0xccccd000 x27=0xcccccccc
       20822000	       939	800001f6	95ee	c.add	x11,x27	 x11:0x800034bc x27:0xcccccccc x11=0x4ccd0188
       20842000	       940	800001f8	8189	c.srli	x11,0x2	 x11:0x4ccd0188 x11=0x13334062
       20862000	       941	800001fa	3bc59073	csrrw	x0,pmpaddr12,x11	 x11:0x13334062  x0=0x00000000
       20922000	       944	800001fe	00003597	auipc	x11,0x3	 x11=0x800031fe
       20982000	       947	80000202	2be58593	addi	x11,x11,702	 x11:0x800031fe x11=0x800034bc
       21062000	       951	80000206	ddddedb7	lui	x27,0xdddde	 x27=0xdddde000
       21382000	       967	8000020a	dddd8d93	addi	x27,x27,-547	 x27:0xdddde000 x27=0xdddddddd
       21402000	       968	8000020e	95ee	c.add	x11,x27	 x11:0x800034bc x27:0xdddddddd x11=0x5dde1299
       21422000	       969	80000210	8189	c.srli	x11,0x2	 x11:0x5dde1299 x11=0x177784a6
       21742000	       985	80000212	3bd59073	csrrw	x0,pmpaddr13,x11	 x11:0x177784a6  x0=0x00000000
       21962000	       996	80000216	00003597	auipc	x11,0x3	 x11=0x80003216
       21982000	       997	8000021a	2a658593	addi	x11,x11,678	 x11:0x80003216 x11=0x800034bc
       22402000	      1018	8000021e	eeeefdb7	lui	x27,0xeeeef	 x27=0xeeeef000
       22462000	      1021	80000222	eeed8d93	addi	x27,x27,-274	 x27:0xeeeef000 x27=0xeeeeeeee
       22482000	      1022	80000226	95ee	c.add	x11,x27	 x11:0x800034bc x27:0xeeeeeeee x11=0x6eef23aa
       22542000	      1025	80000228	8189	c.srli	x11,0x2	 x11:0x6eef23aa x11=0x1bbbc8ea
       22622000	      1029	8000022a	3be59073	csrrw	x0,pmpaddr14,x11	 x11:0x1bbbc8ea  x0=0x00000000
       22682000	      1032	8000022e	00003597	auipc	x11,0x3	 x11=0x8000322e
       22842000	      1040	80000232	28e58593	addi	x11,x11,654	 x11:0x8000322e x11=0x800034bc
       22922000	      1044	80000236	fff00d93	addi	x27,x0,-1	  x0:0x00000000 x27=0xffffffff
       22942000	      1045	8000023a	95ee	c.add	x11,x27	 x11:0x800034bc x27:0xffffffff x11=0x800034bb
       23342000	      1065	8000023c	8189	c.srli	x11,0x2	 x11:0x800034bb x11=0x20000d2e
       23362000	      1066	8000023e	3bf59073	csrrw	x0,pmpaddr15,x11	 x11:0x20000d2e  x0=0x00000000
       23422000	      1069	80000242	0f0f15b7	lui	x11,0xf0f1	 x11=0x0f0f1000
       23562000	      1076	80000246	f0f58593	addi	x11,x11,-241	 x11:0x0f0f1000 x11=0x0f0f0f0f
       23582000	      1077	8000024a	3a359073	csrrw	x0,pmpcfg3,x11	 x11:0x0f0f0f0f  x0=0x00000000
       23982000	      1097	8000024e	00000d97	auipc	x27,0x0	 x27=0x8000024e
       24002000	      1098	80000252	060d8d93	addi	x27,x27,96	 x27:0x8000024e x27=0x800002ae
       24022000	      1099	80000256	341d9073	csrrw	x0,mepc,x27	 x27:0x800002ae  x0=0x00000000
       24442000	      1120	8000025a	7c00d073	csrrwi	x0,0x7c0,1	  x0=0x00000000
       24502000	      1123	8000025e	4d81	c.li	x27,0	 x27=0x00000000
       24522000	      1124	80000260	300d9073	csrrw	x0,mstatus,x27	 x27:0x00000000  x0=0x00000000
       24882000	      1142	80000264	4d81	c.li	x27,0	 x27=0x00000000
       24902000	      1143	80000266	304d9073	csrrw	x0,mie,x27	 x27:0x00000000  x0=0x00000000
       24962000	      1146	8000026a	90000d37	lui	x26,0x90000	 x26=0x90000000
       24982000	      1147	8000026e	1d71	c.addi	x26,-4	 x26:0x90000000 x26=0x8ffffffc
       25022000	      1149	80000270	90000d37	lui	x26,0x90000	 x26=0x90000000
       25402000	      1168	80000274	1d71	c.addi	x26,-4	 x26:0x90000000 x26=0x8ffffffc
       25422000	      1169	80000276	90000d37	lui	x26,0x90000	 x26=0x90000000
       25442000	      1170	8000027a	1d71	c.addi	x26,-4	 x26:0x90000000 x26=0x8ffffffc
       25462000	      1171	8000027c	30000d93	addi	x27,x0,768	  x0:0x00000000 x27=0x00000300
       25482000	      1172	80000280	0da2	c.slli	x27,0x8	 x27:0x00000300 x27=0x00030000
       25502000	      1173	80000282	0d8d	c.addi	x27,3	 x27:0x00030000 x27=0x00030003
       25962000	      1196	80000284	01bd2023	sw	x27,0(x26)	 x26:0x8ffffffc x27:0x00030003 PA:0x8ffffffc store:0x00030003 load:0xffffffff
       25982000	      1197	80000288	30002df3	csrrs	x27,mstatus,x0	  x0:0x00000000 x27=0x00000000
       26442000	      1220	8000028c	01bd2023	sw	x27,0(x26)	 x26:0x8ffffffc x27:0x00000000 PA:0x8ffffffc store:0x00000000 load:0xffffffff
       26462000	      1221	80000290	90000d37	lui	x26,0x90000	 x26=0x90000000
       26482000	      1222	80000294	1d71	c.addi	x26,-4	 x26:0x90000000 x26=0x8ffffffc
       26502000	      1223	80000296	30400d93	addi	x27,x0,772	  x0:0x00000000 x27=0x00000304
       26522000	      1224	8000029a	0da2	c.slli	x27,0x8	 x27:0x00000304 x27=0x00030400
       26542000	      1225	8000029c	0d8d	c.addi	x27,3	 x27:0x00030400 x27=0x00030403
       26602000	      1228	8000029e	01bd2023	sw	x27,0(x26)	 x26:0x8ffffffc x27:0x00030403 PA:0x8ffffffc store:0x00030403 load:0xffffffff
       26622000	      1229	800002a2	30402df3	csrrs	x27,mie,x0	  x0:0x00000000 x27=0x00000000
       26842000	      1240	800002a6	01bd2023	sw	x27,0(x26)	 x26:0x8ffffffc x27:0x00000000 PA:0x8ffffffc store:0x00000000 load:0xffffffff
       26862000	      1241	800002aa	30200073	mret	
       27382000	      1267	800002ae	00100013	addi	x0,x0,1	  x0:0x00000000  x0=0x00000000
       27402000	      1268	800002b2	49ecc0b7	lui	x1,0x49ecc	  x1=0x49ecc000
       27422000	      1269	800002b6	08708093	addi	x1,x1,135	  x1:0x49ecc000  x1=0x49ecc087
       27442000	      1270	800002ba	4101	c.li	x2,0	  x2=0x00000000
       27462000	      1271	800002bc	800001b7	lui	x3,0x80000	  x3=0x80000000
       27482000	      1272	800002c0	80000237	lui	x4,0x80000	  x4=0x80000000
       27582000	      1277	800002c4	4281	c.li	x5,0	  x5=0x00000000
       27602000	      1278	800002c6	80000337	lui	x6,0x80000	  x6=0x80000000
       27622000	      1279	800002ca	800003b7	lui	x7,0x80000	  x7=0x80000000
       27642000	      1280	800002ce	4435	c.li	x8,13	  x8=0x0000000d
       27822000	      1289	800002d0	f3c464b7	lui	x9,0xf3c46	  x9=0xf3c46000
       27842000	      1290	800002d4	49248493	addi	x9,x9,1170	  x9:0xf3c46000  x9=0xf3c46492
       28242000	      1310	800002d8	7db24537	lui	x10,0x7db24	 x10=0x7db24000
       28262000	      1311	800002dc	02d50513	addi	x10,x10,45	 x10:0x7db24000 x10=0x7db2402d
       28282000	      1312	800002e0	f1e8b5b7	lui	x11,0xf1e8b	 x11=0xf1e8b000
       28382000	      1317	800002e4	1fd58593	addi	x11,x11,509	 x11:0xf1e8b000 x11=0xf1e8b1fd
       28422000	      1319	800002e8	ea41f637	lui	x12,0xea41f	 x12=0xea41f000
       28782000	      1337	800002ec	80f60613	addi	x12,x12,-2033	 x12:0xea41f000 x12=0xea41e80f
       28802000	      1338	800002f0	4715	c.li	x14,5	 x14=0x00000005
       28822000	      1339	800002f2	4781	c.li	x15,0	 x15=0x00000000
       29122000	      1354	800002f4	80000837	lui	x16,0x80000	 x16=0x80000000
       29502000	      1373	800002f8	800008b7	lui	x17,0x80000	 x17=0x80000000
       29522000	      1374	800002fc	80000937	lui	x18,0x80000	 x18=0x80000000
       29562000	      1376	80000300	247fa9b7	lui	x19,0x247fa	 x19=0x247fa000
       29922000	      1394	80000304	13498993	addi	x19,x19,308	 x19:0x247fa000 x19=0x247fa134
       30022000	      1399	80000308	80000a37	lui	x20,0x80000	 x20=0x80000000
       30042000	      1400	8000030c	3377aab7	lui	x21,0x3377a	 x21=0x3377a000
       30062000	      1401	80000310	6b3a8a93	addi	x21,x21,1715	 x21:0x3377a000 x21=0x3377a6b3
       30122000	      1404	80000314	4b39	c.li	x22,14	 x22=0x0000000e
       30142000	      1405	80000316	80000c37	lui	x24,0x80000	 x24=0x80000000
       30162000	      1406	8000031a	e4118cb7	lui	x25,0xe4118	 x25=0xe4118000
       30362000	      1416	8000031e	4b0c8c93	addi	x25,x25,1200	 x25:0xe4118000 x25=0xe41184b0
       30682000	      1432	80000322	ff8e3d37	lui	x26,0xff8e3	 x26=0xff8e3000
       30742000	      1435	80000326	42dd0d13	addi	x26,x26,1069	 x26:0xff8e3000 x26=0xff8e342d
       30762000	      1436	8000032a	4d81	c.li	x27,0	 x27=0x00000000
       30782000	      1437	8000032c	f756ee37	lui	x28,0xf756e	 x28=0xf756e000
       30942000	      1445	80000330	58be0e13	addi	x28,x28,1419	 x28:0xf756e000 x28=0xf756e58b
       31082000	      1452	80000334	b0c56eb7	lui	x29,0xb0c56	 x29=0xb0c56000
       31102000	      1453	80000338	673e8e93	addi	x29,x29,1651	 x29:0xb0c56000 x29=0xb0c56673
       31122000	      1454	8000033c	f208df37	lui	x30,0xf208d	 x30=0xf208d000
       31162000	      1456	80000340	d6cf0f13	addi	x30,x30,-660	 x30:0xf208d000 x30=0xf208cd6c
       31562000	      1476	80000344	09249fb7	lui	x31,0x9249	 x31=0x09249000
       31802000	      1488	80000348	2b6f8f93	addi	x31,x31,694	 x31:0x09249000 x31=0x092492b6
       31822000	      1489	8000034c	00029b97	auipc	x23,0x29	 x23=0x8002934c
       32242000	      1510	80000350	b18b8b93	addi	x23,x23,-1256	 x23:0x8002934c x23=0x80028e64
       32262000	      1511	80000354	90000d37	lui	x26,0x90000	 x26=0x90000000
       32282000	      1512	80000358	1d71	c.addi	x26,-4	 x26:0x90000000 x26=0x8ffffffc
       32302000	      1513	8000035a	4d81	c.li	x27,0	 x27=0x00000000
       32702000	      1533	8000035c	0da2	c.slli	x27,0x8	 x27:0x00000000 x27=0x00000000
       32722000	      1534	8000035e	000d8d93	addi	x27,x27,0	 x27:0x00000000 x27=0x00000000
       33182000	      1557	80000362	01bd2023	sw	x27,0(x26)	 x26:0x8ffffffc x27:0x00000000 PA:0x8ffffffc store:0x00000000 load:0xffffffff
       33202000	      1558	80000366	1560306f	jal	x0,800034bc	  x0=0x00000000
       44962000	      2146	800034bc	00010297	auipc	x5,0x10	  x5=0x800134bc
       44982000	      2147	800034c0	52728293	addi	x5,x5,1319	  x5:0x800134bc  x5=0x800139e3
       45002000	      2148	800034c4	008a1433	sll	x8,x20,x8	 x20:0x80000000  x8:0x0000000d  x8=0x00000000
       45362000	      2166	800034c8	0a92aa03	lw	x20,169(x5)	  x5:0x800139e3 x20=0x57f72af2 PA:0x80013a8c load:0x57f72af2
       45382000	      2167	800034cc	0a92d883	lhu	x17,169(x5)	  x5:0x800139e3 x17=0x00002af2 PA:0x80013a8c load:0x00002af2
       45602000	      2178	800034d0	0a32a4a3	sw	x3,169(x5)	  x5:0x800139e3  x3:0x80000000 PA:0x80013a8c store:0x80000000 load:0xffffffff
       45882000	      2192	800034d4	0a92a103	lw	x2,169(x5)	  x5:0x800139e3  x2=0x80000000 PA:0x80013a8c load:0x80000000
       46142000	      2205	800034d8	0a92aa03	lw	x20,169(x5)	  x5:0x800139e3 x20=0x80000000 PA:0x80013a8c load:0x80000000
       46522000	      2224	800034dc	0b3284a3	sb	x19,169(x5)	  x5:0x800139e3 x19:0x247fa134 PA:0x80013a8c store:0x247fa134 load:0x000000ff
       46582000	      2227	800034e0	0a92d783	lhu	x15,169(x5)	  x5:0x800139e3 x15=0x00000034 PA:0x80013a8c load:0x00000034
       46602000	      2228	800034e4	0001	c.addi	x0,0	  x0:0x00000000  x0=0x00000000
       46622000	      2229	800034e6	57fd	c.li	x15,-1	 x15=0xffffffff
       46722000	      2234	800034e8	0a929c83	lh	x25,169(x5)	  x5:0x800139e3 x25=0x00000034 PA:0x80013a8c load:0x00000034
       46742000	      2235	800034ec	015f0533	add	x10,x30,x21	 x30:0xf208cd6c x21:0x3377a6b3 x10=0x2580741f
       47202000	      2258	800034f0	0be294a3	sh	x30,169(x5)	  x5:0x800139e3 x30:0xf208cd6c PA:0x80013a8c store:0xf208cd6c load:0x0000ffff
       47222000	      2259	800034f4	6439	c.lui	x8,0xe	  x8=0x0000e000
       47742000	      2285	800034f6	f372dd03	lhu	x26,-201(x5)	  x5:0x800139e3 x26=0x0000c37d PA:0x8001391a load:0x0000c37d
       47922000	      2294	800034fa	f3729383	lh	x7,-201(x5)	  x5:0x800139e3  x7=0xffffc37d PA:0x8001391a load:0xffffc37d
       47942000	      2295	800034fe	0000100f	fence.i	
       48142000	      2305	80003502	f3c29ba3	sh	x28,-201(x5)	  x5:0x800139e3 x28:0xf756e58b PA:0x8001391a store:0xf756e58b load:0x0000ffff
       48402000	      2318	80003506	f2d29ba3	sh	x13,-201(x5)	  x5:0x800139e3 x13:0x8002cce4 PA:0x8001391a store:0x8002cce4 load:0x0000ffff
       48422000	      2319	8000350a	0c1292a3	sh	x1,197(x5)	  x5:0x800139e3  x1:0x49ecc087 PA:0x80013aa8 store:0x49ecc087 load:0x0000ffff
       48442000	      2320	8000350e	0d5282a3	sb	x21,197(x5)	  x5:0x800139e3 x21:0x3377a6b3 PA:0x80013aa8 store:0x3377a6b3 load:0x000000ff
       48762000	      2336	80003512	0c528e03	lb	x28,197(x5)	  x5:0x800139e3 x28=0xffffffb3 PA:0x80013aa8 load:0xffffffb3
       48822000	      2339	80003516	0da292a3	sh	x26,197(x5)	  x5:0x800139e3 x26:0x0000c37d PA:0x80013aa8 store:0x0000c37d load:0x0000ffff
       48842000	      2340	8000351a	00010117	auipc	x2,0x10	  x2=0x8001351a
       48862000	      2341	8000351e	0ab10113	addi	x2,x2,171	  x2:0x8001351a  x2=0x800135c5
       48882000	      2342	80003522	1303a393	slti	x7,x7,304	  x7:0xffffc37d  x7=0x00000001
       48902000	      2343	80003526	997d	c.andi	x10,-1	 x10:0x2580741f x10=0x2580741f
       49362000	      2366	80003528	01614503	lbu	x10,22(x2)	  x2:0x800135c5 x10=0x0000002d PA:0x800135db load:0x0000002d
       49382000	      2367	8000352c	24a241b7	lui	x3,0x24a24	  x3=0x24a24000
       49402000	      2368	80003530	00191193	slli	x3,x18,0x1	 x18:0x80000000  x3=0x00000000
       49762000	      2386	80003534	01010383	lb	x7,16(x2)	  x2:0x800135c5  x7=0xffffffb9 PA:0x800135d5 load:0xffffffb9
       49782000	      2387	80003538	00a1d733	srl	x14,x3,x10	  x3:0x00000000 x10:0x0000002d x14=0x00000000
       50242000	      2410	8000353c	02f14703	lbu	x14,47(x2)	  x2:0x800135c5 x14=0x00000093 PA:0x800135f4 load:0x00000093
       50262000	      2411	80003540	00e89913	slli	x18,x17,0xe	 x17:0x00002af2 x18=0x0abc8000
       50322000	      2414	80003544	01110923	sb	x17,18(x2)	  x2:0x800135c5 x17:0x00002af2 PA:0x800135d7 store:0x00002af2 load:0x000000ff
       50342000	      2415	80003548	8769	c.srai	x14,0x1a	 x14:0x00000093 x14=0x00000000
       50362000	      2416	8000354a	0ff0000f	fence	iorw,iorw	
       50382000	      2417	8000354e	18fd	c.addi	x17,-1	 x17:0x00002af2 x17=0x00002af1
       51042000	      2450	80003550	ff211ea3	sh	x18,-3(x2)	  x2:0x800135c5 x18:0x0abc8000 PA:0x800135c2 store:0x0abc8000 load:0x0000ffff
       51062000	      2451	80003554	df257537	lui	x10,0xdf257	 x10=0xdf257000
       51122000	      2454	80003558	fed11883	lh	x17,-19(x2)	  x2:0x800135c5 x17=0x00003e55 PA:0x800135b2 load:0x00003e55
       51162000	      2456	8000355c	fc111883	lh	x17,-63(x2)	  x2:0x800135c5 x17=0xffffb684 PA:0x80013586 load:0xffffb684
       51182000	      2457	80003560	01210023	sb	x18,0(x2)	  x2:0x800135c5 x18:0x0abc8000 PA:0x800135c5 store:0x0abc8000 load:0x000000ff
       51202000	      2458	80003564	8779	c.srai	x14,0x1e	 x14:0x00000000 x14=0x00000000
       51462000	      2471	80003566	01014183	lbu	x3,16(x2)	  x2:0x800135c5  x3=0x000000b9 PA:0x800135d5 load:0x000000b9
       51482000	      2472	8000356a	834d	c.srli	x14,0x13	 x14:0x00000000 x14=0x00000000
       51502000	      2473	8000356c	d0bc6517	auipc	x10,0xd0bc6	 x10=0x50bc956c
       51762000	      2486	80003570	03210523	sb	x18,42(x2)	  x2:0x800135c5 x18:0x0abc8000 PA:0x800135ef store:0x0abc8000 load:0x000000ff
       51782000	      2487	80003574	8d09	c.sub	x10,x10	 x10:0x50bc956c x10:0x50bc956c x10=0x00000000
       51802000	      2488	80003576	40a95533	sra	x10,x18,x10	 x18:0x0abc8000 x10:0x00000000 x10=0x0abc8000
       51862000	      2491	8000357a	fee10623	sb	x14,-20(x2)	  x2:0x800135c5 x14:0x00000000 PA:0x800135b1 store:0x00000000 load:0x000000ff
       51882000	      2492	8000357e	871d	c.srai	x14,0x7	 x14:0x00000000 x14=0x00000000
       51902000	      2493	80003580	0073a8b3	slt	x17,x7,x7	  x7:0xffffffb9  x7:0xffffffb9 x17=0x00000000
       51962000	      2496	80003584	01e14383	lbu	x7,30(x2)	  x2:0x800135c5  x7=0x000000f3 PA:0x800135e3 load:0x000000f3
       52262000	      2511	80003588	01190733	add	x14,x18,x17	 x18:0x0abc8000 x17:0x00000000 x14=0x0abc8000
       52682000	      2532	8000358c	a7d1e513	ori	x10,x3,-1411	  x3:0x000000b9 x10=0xfffffafd
       52702000	      2533	80003590	0000100f	fence.i	
       53162000	      2556	80003594	68d5	c.lui	x17,0x15	 x17=0x00015000
       53282000	      2562	80003596	01914383	lbu	x7,25(x2)	  x2:0x800135c5  x7=0x0000009a PA:0x800135de load:0x0000009a
       54062000	      2601	8000359a	02374533	div	x10,x14,x3	 x14:0x0abc8000  x3:0x000000b9 x10=0x000edb54
       54522000	      2624	8000359e	fd1104a3	sb	x17,-55(x2)	  x2:0x800135c5 x17:0x00015000 PA:0x8001358e store:0x00015000 load:0x000000ff
       54582000	      2627	800035a2	fd114503	lbu	x10,-47(x2)	  x2:0x800135c5 x10=0x0000001d PA:0x80013596 load:0x0000001d
       54602000	      2628	800035a6	8b55	c.andi	x14,21	 x14:0x0abc8000 x14=0x00000000
       54622000	      2629	800035a8	b4d56917	auipc	x18,0xb4d56	 x18=0x34d595a8
       54642000	      2630	800035ac	01d5	c.addi	x3,21	  x3:0x000000b9  x3=0x000000ce
       54662000	      2631	800035ae	40a95533	sra	x10,x18,x10	 x18:0x34d595a8 x10:0x0000001d x10=0x00000001
       55402000	      2668	800035b2	02a3e8b3	rem	x17,x7,x10	  x7:0x0000009a x10:0x00000001 x17=0x00000000
       55642000	      2680	800035b6	003123a3	sw	x3,7(x2)	  x2:0x800135c5  x3:0x000000ce PA:0x800135cc store:0x000000ce load:0xffffffff
       55662000	      2681	800035ba	42a1	c.li	x5,8	  x5=0x00000008
       55702000	      2683	800035bc	020d7333	remu	x6,x26,x0	 x26:0x0000c37d  x0:0x00000000  x6=0x0000c37d
       55722000	      2684	800035c0	0001	c.addi	x0,0	  x0:0x00000000  x0=0x00000000
       55742000	      2685	800035c2	0680	c.addi4spn	x8,x2,832	  x8=0x80013905
       55762000	      2686	800035c4	01ec17b3	sll	x15,x24,x30	 x24:0x80000000 x30:0xf208cd6c x15=0x00000000
       55782000	      2687	800035c8	01eddc93	srli	x25,x27,0x1e	 x27:0x00000000 x25=0x00000000
       55862000	      2691	800035cc	0012b1b3	sltu	x3,x5,x1	  x5:0x00000008  x1:0x49ecc087  x3=0x00000001
       55942000	      2695	800035d0	e2638493	addi	x9,x7,-474	  x7:0x0000009a  x9=0xfffffec0
       56122000	      2704	800035d4	997d	c.andi	x10,-1	 x10:0x00000001 x10=0x00000001
       56142000	      2705	800035d6	4c5c0e13	addi	x28,x24,1221	 x24:0x80000000 x28=0x800004c5
       56162000	      2706	800035da	0096a833	slt	x16,x13,x9	 x13:0x8002cce4  x9:0xfffffec0 x16=0x00000001
       56182000	      2707	800035de	409d	c.li	x1,7	  x1=0x00000007
       56202000	      2708	800035e0	00e277b3	and	x15,x4,x14	  x4:0x80000000 x14:0x00000000 x15=0x00000000
       56222000	      2709	800035e4	010a1893	slli	x17,x20,0x10	 x20:0x80000000 x17=0x00000000
       56242000	      2710	800035e8	0a25	c.addi	x20,9	 x20:0x80000000 x20=0x80000009
       56262000	      2711	800035ea	729df493	andi	x9,x27,1833	 x27:0x00000000  x9=0x00000000
       56282000	      2712	800035ee	12ed	c.addi	x5,-5	  x5:0x00000008  x5=0x00000003
       56382000	      2717	800035f0	fe1bc413	xori	x8,x23,-31	 x23:0x80028e64  x8=0x7ffd7185
       56502000	      2723	800035f4	9c177f13	andi	x30,x14,-1599	 x14:0x00000000 x30=0x00000000
       56522000	      2724	800035f8	416d0433	sub	x8,x26,x22	 x26:0x0000c37d x22:0x0000000e  x8=0x0000c36f
       56542000	      2725	800035fc	fe12f6e3	bgeu	x5,x1,800035e8	  x5:0x00000003  x1:0x00000007
       56962000	      2746	80003600	00b41893	slli	x17,x8,0xb	  x8:0x0000c36f x17=0x061b7800
       56982000	      2747	80003604	01c000ef	jal	x1,80003620	  x1=0x80003608
       57262000	      2761	80003620	ff1ff36f	jal	x6,80003610	  x6=0x80003624
       57802000	      2788	80003610	a00d	c.j	80003632	
       58822000	      2839	80003632	bff5	c.j	8000362e	
       59062000	      2851	8000362e	b7f5	c.j	8000361a	
       59802000	      2888	8000361a	ff9ff8ef	jal	x17,80003612	 x17=0x8000361e
       60522000	      2924	80003612	3fdd	c.jal	80003608	  x1=0x80003614
       61582000	      2977	80003608	02c000ef	jal	x1,80003634	  x1=0x8000360c
       61622000	      2979	80003634	fe1ff0ef	jal	x1,80003614	  x1=0x80003638
       61662000	      2981	80003614	2811	c.jal	80003628	  x1=0x80003616
       61702000	      2983	80003628	2811	c.jal	8000363c	  x1=0x8000362a
       61742000	      2985	8000363c	fdbff0ef	jal	x1,80003616	  x1=0x80003640
       61802000	      2988	80003616	008004ef	jal	x9,8000361e	  x9=0x8000361a
       61842000	      2990	8000361e	a031	c.j	8000362a	
       61902000	      2993	8000362a	006007ef	jal	x15,80003630	 x15=0x8000362e
       61942000	      2995	80003630	a029	c.j	8000363a	
       61982000	      2997	8000363a	bffd	c.j	80003638	
       62022000	      2999	80003638	37f5	c.jal	80003624	  x1=0x8000363a
       62062000	      3001	80003624	fe9ff36f	jal	x6,8000360c	  x6=0x80003628
       62102000	      3003	8000360c	0340036f	jal	x6,80003640	  x6=0x80003610
       62142000	      3005	80003640	f63e5197	auipc	x3,0xf63e5	  x3=0x763e8640
       62162000	      3006	80003644	00018d17	auipc	x26,0x18	 x26=0x8001b644
       62342000	      3015	80003648	be5d0d13	addi	x26,x26,-1051	 x26:0x8001b644 x26=0x8001b229
       62402000	      3018	8000364c	f62d4c83	lbu	x25,-158(x26)	 x26:0x8001b229 x25=0x0000000d PA:0x8001b18b load:0x0000000d
       62442000	      3020	80003650	8e59	c.or	x12,x14	 x12:0xea41e80f x14:0x00000000 x12=0xea41e80f
       62502000	      3023	80003652	207c4f93	xori	x31,x24,519	 x24:0x80000000 x31=0x80000207
       62522000	      3024	80003656	64b9	c.lui	x9,0xe	  x9=0x0000e000
       62802000	      3038	80003658	fa7d0da3	sb	x7,-69(x26)	 x26:0x8001b229  x7:0x0000009a PA:0x8001b1e4 store:0x0000009a load:0x000000ff
       62822000	      3039	8000365c	0001	c.addi	x0,0	  x0:0x00000000  x0=0x00000000
       62842000	      3040	8000365e	01e18b33	add	x22,x3,x30	  x3:0x763e8640 x30:0x00000000 x22=0x763e8640
       63722000	      3084	80003662	03c9e3b3	rem	x7,x19,x28	 x19:0x247fa134 x28:0x800004c5  x7=0x247fa134
       63902000	      3093	80003666	0d6d0b03	lb	x22,214(x26)	 x26:0x8001b229 x22=0xffffffdf PA:0x8001b2ff load:0xffffffdf
       63922000	      3094	8000366a	717d	c.addi16sp	x2,-16	  x2:0x800135c5  x2=0x800135b5
       64262000	      3111	8000366c	010d0f83	lb	x31,16(x26)	 x26:0x8001b229 x31=0xffffffb9 PA:0x8001b239 load:0xffffffb9
       64282000	      3112	80003670	50cf6a93	ori	x21,x30,1292	 x30:0x00000000 x21=0x0000050c
       64302000	      3113	80003674	83d9	c.srli	x15,0x16	 x15:0x8000362e x15=0x00000200
       64322000	      3114	80003676	0001	c.addi	x0,0	  x0:0x00000000  x0=0x00000000
       64342000	      3115	80003678	87fd	c.srai	x15,0x1f	 x15:0x00000200 x15=0x00000000
       64402000	      3118	8000367a	fa3d0023	sb	x3,-96(x26)	 x26:0x8001b229  x3:0x763e8640 PA:0x8001b1c9 store:0x763e8640 load:0x000000ff
       64422000	      3119	8000367e	1db02013	slti	x0,x0,475	  x0:0x00000000  x0=0x00000000
       64442000	      3120	80003682	002ed413	srli	x8,x29,0x2	 x29:0xb0c56673  x8=0x2c31599c
       64462000	      3121	80003686	0002bf33	sltu	x30,x5,x0	  x5:0x00000003  x0:0x00000000 x30=0x00000000
       64482000	      3122	8000368a	19fd	c.addi	x19,-1	 x19:0x247fa134 x19=0x247fa133
       64622000	      3129	8000368c	8956	c.mv	x18,x21	  x0:0x00000000 x21:0x0000050c x18=0x0000050c
       64982000	      3147	8000368e	f54d4f03	lbu	x30,-172(x26)	 x26:0x8001b229 x30=0x00000030 PA:0x8001b17d load:0x00000030
       65002000	      3148	80003692	87d9	c.srai	x15,0x16	 x15:0x00000000 x15=0x00000000
       65022000	      3149	80003694	01351833	sll	x16,x10,x19	 x10:0x00000001 x19:0x247fa133 x16=0x00080000
       65042000	      3150	80003698	0d10	c.addi4spn	x12,x2,656	 x12=0x80013845
       65062000	      3151	8000369a	98b2ec13	ori	x24,x5,-1653	  x5:0x00000003 x24=0xfffff98b
       65642000	      3180	8000369e	023d0ca3	sb	x3,57(x26)	 x26:0x8001b229  x3:0x763e8640 PA:0x8001b262 store:0x763e8640 load:0x000000ff
       65862000	      3191	800036a2	0f8d0203	lb	x4,248(x26)	 x26:0x8001b229  x4=0xffffffc3 PA:0x8001b321 load:0xffffffc3
       65882000	      3192	800036a6	1d852093	slti	x1,x10,472	 x10:0x00000001  x1=0x00000001
       65962000	      3196	800036aa	fa6d11a3	sh	x6,-93(x26)	 x26:0x8001b229  x6:0x80003610 PA:0x8001b1cc store:0x80003610 load:0x0000ffff
       66142000	      3205	800036ae	06ed0283	lb	x5,110(x26)	 x26:0x8001b229  x5=0xffffffab PA:0x8001b297 load:0xffffffab
       66162000	      3206	800036b2	0ff0000f	fence	iorw,iorw	
       66282000	      3212	800036b6	f72d4003	lbu	x0,-142(x26)	 x26:0x8001b229  x0=0x00000000 PA:0x8001b19b load:0x000000ff
       66382000	      3217	800036ba	08ad4703	lbu	x14,138(x26)	 x26:0x8001b229 x14=0x0000007e PA:0x8001b2b3 load:0x0000007e
       66582000	      3227	800036be	ffcd0b23	sb	x28,-10(x26)	 x26:0x8001b229 x28:0x800004c5 PA:0x8001b21f store:0x800004c5 load:0x000000ff
       66602000	      3228	800036c2	8e45	c.or	x12,x9	 x12:0x80013845  x9:0x0000e000 x12=0x8001f845
       66622000	      3229	800036c4	4062dfb3	sra	x31,x5,x6	  x5:0xffffffab  x6:0x80003610 x31=0xffffffff
       66642000	      3230	800036c8	0918	c.addi4spn	x14,x2,144	 x14=0x80013645
       66722000	      3234	800036ca	01704733	xor	x14,x0,x23	  x0:0x00000000 x23:0x80028e64 x14=0x80028e64
       66822000	      3239	800036ce	0fed0303	lb	x6,254(x26)	 x26:0x8001b229  x6=0xffffffab PA:0x8001b327 load:0xffffffab
       66842000	      3240	800036d2	0105a033	slt	x0,x11,x16	 x11:0xf1e8b1fd x16:0x00080000  x0=0x00000000
       67422000	      3269	800036d6	f30d0323	sb	x16,-218(x26)	 x26:0x8001b229 x16:0x00080000 PA:0x8001b14f store:0x00080000 load:0x000000ff
       67482000	      3272	800036da	01cd0a23	sb	x28,20(x26)	 x26:0x8001b229 x28:0x800004c5 PA:0x8001b23d store:0x800004c5 load:0x000000ff
       67622000	      3279	800036de	03ad0a83	lb	x21,58(x26)	 x26:0x8001b229 x21=0xfffffff2 PA:0x8001b263 load:0xfffffff2
       67642000	      3280	800036e2	0001	c.addi	x0,0	  x0:0x00000000  x0=0x00000000
       67662000	      3281	800036e4	a2256017	auipc	x0,0xa2256	  x0=0x00000000
       68062000	      3301	800036e8	f8ad0803	lb	x16,-118(x26)	 x26:0x8001b229 x16=0xffffffdf PA:0x8001b1b3 load:0xffffffdf
       68082000	      3302	800036ec	0001df17	auipc	x30,0x1d	 x30=0x800206ec
       68102000	      3303	800036f0	e21f0f13	addi	x30,x30,-479	 x30:0x800206ec x30=0x8002050d
       68122000	      3304	800036f4	00010617	auipc	x12,0x10	 x12=0x800136f4
       68142000	      3305	800036f8	e4d60613	addi	x12,x12,-435	 x12:0x800136f4 x12=0x80013541
       68342000	      3315	800036fc	774f27a3	sw	x20,1903(x30)	 x30:0x8002050d x20:0x80000009 PA:0x80020c7c store:0x80000009 load:0xffffffff
       68562000	      3326	80003700	02c64003	lbu	x0,44(x12)	 x12:0x80013541  x0=0x00000000 PA:0x8001356d load:0x00000060
       68762000	      3336	80003704	6b1f0a23	sb	x17,1716(x30)	 x30:0x8002050d x17:0x8000361e PA:0x80020bc1 store:0x8000361e load:0x000000ff
       68882000	      3342	80003708	820f2ba3	sw	x0,-1993(x30)	 x30:0x8002050d  x0:0x00000000 PA:0x8001fd44 store:0x00000000 load:0xffffffff
       69202000	      3358	8000370c	01564303	lbu	x6,21(x12)	 x12:0x80013541  x6=0x0000008d PA:0x80013556 load:0x0000008d
       69282000	      3362	80003710	17cf0903	lb	x18,380(x30)	 x30:0x8002050d x18=0x0000002d PA:0x80020689 load:0x0000002d
       76922000	      3744	80003714	fe761883	lh	x17,-25(x12)	 x12:0x80013541 x17=0x00002b94 PA:0x80013528 load:0x00002b94
       76962000	      3746	80003718	746f10a3	sh	x6,1857(x30)	 x30:0x8002050d  x6:0x0000008d PA:0x80020c4e store:0x0000008d load:0x0000ffff
       76982000	      3747	8000371c	03e60403	lb	x8,62(x12)	 x12:0x80013541  x8=0xffffff91 PA:0x8001357f load:0xffffff91
       77022000	      3749	80003720	fca60423	sb	x10,-56(x12)	 x12:0x80013541 x10:0x00000001 PA:0x80013509 store:0x00000001 load:0x000000ff
       77162000	      3756	80003724	61cf0e83	lb	x29,1564(x30)	 x30:0x8002050d x29=0x0000006c PA:0x80020b29 load:0x0000006c
       77842000	      3790	80003728	ccef18a3	sh	x14,-815(x30)	 x30:0x8002050d x14:0x80028e64 PA:0x800201de store:0x80028e64 load:0x0000ffff
       78302000	      3813	8000372c	fdb64b03	lbu	x22,-37(x12)	 x12:0x80013541 x22=0x00000064 PA:0x8001351c load:0x00000064
       78382000	      3817	80003730	ab7f0023	sb	x23,-1376(x30)	 x30:0x8002050d x23:0x80028e64 PA:0x8001ffad store:0x80028e64 load:0x000000ff
       78602000	      3828	80003734	fd761ca3	sh	x23,-39(x12)	 x12:0x80013541 x23:0x80028e64 PA:0x8001351a store:0x80028e64 load:0x0000ffff
       78622000	      3829	80003738	0241	c.addi	x4,16	  x4:0xffffffc3  x4=0xffffffd3
       78642000	      3830	8000373a	510c71b7	lui	x3,0x510c7	  x3=0x510c7000
       79382000	      3867	8000373e	03824833	div	x16,x4,x24	  x4:0xffffffd3 x24:0xfffff98b x16=0x00000000
       79402000	      3868	80003742	4815	c.li	x16,5	 x16=0x00000005
       79422000	      3869	80003744	01710733	add	x14,x2,x23	  x2:0x800135b5 x23:0x80028e64 x14=0x0003c419
       79442000	      3870	80003748	012a5e13	srli	x28,x20,0x12	 x20:0x80000009 x28=0x00002000
       79462000	      3871	8000374c	9b0e	c.add	x22,x3	 x22:0x00000064  x3:0x510c7000 x22=0x510c7064
       79482000	      3872	8000374e	03f40a63	beq	x8,x31,80003782	  x8:0xffffff91 x31:0xffffffff
       79522000	      3874	80003752	021a1333	mulh	x6,x20,x1	 x20:0x80000009  x1:0x00000001  x6=0xffffffff
       80622000	      3929	80003756	0396c2b3	div	x5,x13,x25	 x13:0x8002cce4 x25:0x0000000d  x5=0xf627999c
       80642000	      3930	8000375a	0013ea33	or	x20,x7,x1	  x7:0x247fa134  x1:0x00000001 x20=0x247fa135
       80662000	      3931	8000375e	8f75	c.and	x14,x13	 x14:0x0003c419 x13:0x8002cce4 x14=0x0002c400
       80682000	      3932	80003760	023e	c.slli	x4,0xf	  x4:0xffffffd3  x4=0xffe98000
       80702000	      3933	80003762	9ee16313	ori	x6,x2,-1554	  x2:0x800135b5  x6=0xfffffdff
       80722000	      3934	80003766	537d	c.li	x6,-1	  x6=0xffffffff
       80742000	      3935	80003768	009631b3	sltu	x3,x12,x9	 x12:0x80013541  x9:0x0000e000  x3=0x00000000
       80782000	      3937	8000376c	020ad1b3	divu	x3,x21,x0	 x21:0xfffffff2  x0:0x00000000  x3=0xffffffff
       80802000	      3938	80003770	1f7d	c.addi	x30,-1	 x30:0x8002050d x30=0x8002050c
       80822000	      3939	80003772	8e09	c.sub	x12,x10	 x12:0x80013541 x10:0x00000001 x12=0x80013540
       80942000	      3945	80003774	00484cb3	xor	x25,x16,x4	 x16:0x00000005  x4:0xffe98000 x25=0xffe98005
       80962000	      3946	80003778	191c	c.addi4spn	x15,x2,176	 x15=0x80013665
       80982000	      3947	8000377a	c915	c.beqz	x10,800037ae	 x10:0x00000001
       81002000	      3948	8000377c	02815263	bge	x2,x8,800037a0	  x2:0x800135b5  x8:0xffffff91
       81022000	      3949	80003780	8469	c.srai	x8,0x1a	  x8:0xffffff91  x8=0xffffffff
       81042000	      3950	80003782	80c1	c.srli	x9,0x10	  x9:0x0000e000  x9=0x00000000
       81062000	      3951	80003784	4089df13	srai	x30,x19,0x8	 x19:0x247fa133 x30=0x00247fa1
       81082000	      3952	80003788	21138497	auipc	x9,0x21138	  x9=0xa113b788
       81102000	      3953	8000378c	8349	c.srli	x14,0x12	 x14:0x0002c400 x14=0x00000000
       81502000	      3973	8000378e	88c0e713	ori	x14,x1,-1908	  x1:0x00000001 x14=0xfffff88d
       81522000	      3974	80003792	0109	c.addi	x2,2	  x2:0x800135b5  x2=0x800135b7
       81542000	      3975	80003794	f2946937	lui	x18,0xf2946	 x18=0xf2946000
       81562000	      3976	80003798	00b36033	or	x0,x6,x11	  x6:0xffffffff x11:0xf1e8b1fd  x0=0x00000000
       81682000	      3982	8000379c	01555f63	bge	x10,x21,800037ba	 x10:0x00000001 x21:0xfffffff2
       82462000	      4021	800037ba	84f9	c.srai	x9,0x1e	  x9:0xa113b788  x9=0xfffffffe
       82482000	      4022	800037bc	411a5813	srai	x16,x20,0x11	 x20:0x247fa135 x16=0x0000123f
       82762000	      4036	800037c0	00f2	c.slli	x1,0x1c	  x1:0x00000001  x1=0x10000000
       82782000	      4037	800037c2	003cbe33	sltu	x28,x25,x3	 x25:0xffe98005  x3:0xffffffff x28=0x00000001
       82802000	      4038	800037c6	8cf5	c.and	x9,x13	  x9:0xfffffffe x13:0x8002cce4  x9=0x8002cce4
       82822000	      4039	800037c8	850a	c.mv	x10,x2	  x0:0x00000000  x2:0x800135b7 x10=0x800135b7
       83642000	      4080	800037ca	029751b3	divu	x3,x14,x9	 x14:0xfffff88d  x9:0x8002cce4  x3=0x00000001
       83662000	      4081	800037ce	01de1c33	sll	x24,x28,x29	 x28:0x00000001 x29:0x0000006c x24=0x00001000
       83682000	      4082	800037d2	03d8d263	bge	x17,x29,800037f6	 x17:0x00002b94 x29:0x0000006c
       84082000	      4102	800037f6	03f72233	mulhsu	x4,x14,x31	 x14:0xfffff88d x31:0xffffffff  x4=0xfffff88d
       84102000	      4103	800037fa	01f4e2b3	or	x5,x9,x31	  x9:0x8002cce4 x31:0xffffffff  x5=0xffffffff
       84122000	      4104	800037fe	9792	c.add	x15,x4	 x15:0x80013665  x4:0xfffff88d x15=0x80012ef2
       84282000	      4112	80003800	cd09	c.beqz	x10,8000381a	 x10:0x800135b7
       84302000	      4113	80003802	0efa4e13	xori	x28,x20,239	 x20:0x247fa135 x28=0x247fa1da
       84322000	      4114	80003806	01dcd4b3	srl	x9,x25,x29	 x25:0xffe98005 x29:0x0000006c  x9=0x000ffe98
       84342000	      4115	8000380a	40348fb3	sub	x31,x9,x3	  x9:0x000ffe98  x3:0x00000001 x31=0x000ffe97
       84362000	      4116	8000380e	9cfb4613	xori	x12,x22,-1585	 x22:0x510c7064 x12=0xaef389ab
       84382000	      4117	80003812	4109de33	sra	x28,x19,x16	 x19:0x247fa133 x16:0x0000123f x28=0x00000000
       84402000	      4118	80003816	41eddeb3	sra	x29,x27,x30	 x27:0x00000000 x30:0x00247fa1 x29=0x00000000
       84422000	      4119	8000381a	0a84	c.addi4spn	x9,x2,336	  x9=0x80013707
       84562000	      4126	8000381c	019fba33	sltu	x20,x31,x25	 x31:0x000ffe97 x25:0xffe98005 x20=0x00000001
       85302000	      4163	80003820	0238deb3	divu	x29,x17,x3	 x17:0x00002b94  x3:0x00000001 x29=0x00002b94
       85322000	      4164	80003824	8f6d	c.and	x14,x11	 x14:0xfffff88d x11:0xf1e8b1fd x14=0xf1e8b08d
       85342000	      4165	80003826	01889213	slli	x4,x17,0x18	 x17:0x00002b94  x4=0x94000000
       85362000	      4166	8000382a	1608	c.addi4spn	x10,x2,800	 x10=0x800138d7
       86102000	      4203	8000382c	0295f0b3	remu	x1,x11,x9	 x11:0xf1e8b1fd  x9:0x80013707  x1=0x71e77af6
       86842000	      4240	80003830	03a56033	rem	x0,x10,x26	 x10:0x800138d7 x26:0x8001b229  x0=0x00000000
       86862000	      4241	80003834	fd850113	addi	x2,x10,-40	 x10:0x800138d7  x2=0x800138af
       86882000	      4242	80003838	005f34b3	sltu	x9,x30,x5	 x30:0x00247fa1  x5:0xffffffff  x9=0x00000001
       86902000	      4243	8000383c	07319a63	bne	x3,x19,800038b0	  x3:0x00000001 x19:0x247fa133
       87022000	      4249	800038b0	005a1a93	slli	x21,x20,0x5	 x20:0x00000001 x21=0x00000020
       87042000	      4250	800038b4	8f75	c.and	x14,x13	 x14:0xf1e8b08d x13:0x8002cce4 x14=0x80008084
       87062000	      4251	800038b6	58282e13	slti	x28,x16,1410	 x16:0x0000123f x28=0x00000000
       87282000	      4262	800038ba	01c8bf33	sltu	x30,x17,x28	 x17:0x00002b94 x28:0x00000000 x30=0x00000000
       87482000	      4272	800038be	c831f513	andi	x10,x3,-893	  x3:0x00000001 x10=0x00000001
       87502000	      4273	800038c2	827d	c.srli	x12,0x1f	 x12:0xaef389ab x12=0x00000001
       87662000	      4281	800038c4	617d	c.addi16sp	x2,496	  x2:0x800138af  x2=0x80013a9f
       87682000	      4282	800038c6	020d6463	bltu	x26,x0,800038ee	 x26:0x8001b229  x0:0x00000000
       87702000	      4283	800038ca	40095133	sra	x2,x18,x0	 x18:0xf2946000  x0:0x00000000  x2=0xf2946000
       87822000	      4289	800038ce	0177f1b3	and	x3,x15,x23	 x15:0x80012ef2 x23:0x80028e64  x3=0x80000e60
       87842000	      4290	800038d2	e795	c.bnez	x15,800038fe	 x15:0x80012ef2
       89382000	      4367	800038fe	02da9d33	mulh	x26,x21,x13	 x21:0x00000020 x13:0x8002cce4 x26=0xfffffff0
       89402000	      4368	80003902	01eb9933	sll	x18,x23,x30	 x23:0x80028e64 x30:0x00000000 x18=0x80028e64
       89422000	      4369	80003906	00012997	auipc	x19,0x12	 x19=0x80015906
       89442000	      4370	8000390a	dd498993	addi	x19,x19,-556	 x19:0x80015906 x19=0x800156da
       89462000	      4371	8000390e	0001a897	auipc	x17,0x1a	 x17=0x8001d90e
       89502000	      4373	80003912	b4e88893	addi	x17,x17,-1202	 x17:0x8001d90e x17=0x8001d45c
       89682000	      4382	80003916	00988003	lb	x0,9(x17)	 x17:0x8001d45c  x0=0x00000000 PA:0x8001d465 load:0xffffff87
       89742000	      4385	8000391a	fc48cf83	lbu	x31,-60(x17)	 x17:0x8001d45c x31=0x00000077 PA:0x8001d420 load:0x00000077
       90542000	      4425	8000391e	ff29de83	lhu	x29,-14(x19)	 x19:0x800156da x29=0x00001c2a PA:0x800156cc load:0x00001c2a
       91002000	      4448	80003922	ff88db03	lhu	x22,-8(x17)	 x17:0x8001d45c x22=0x00002e67 PA:0x8001d454 load:0x00002e67
       91462000	      4471	80003926	ff0880a3	sb	x16,-31(x17)	 x17:0x8001d45c x16:0x0000123f PA:0x8001d43d store:0x0000123f load:0x000000ff
       91522000	      4474	8000392a	0188d303	lhu	x6,24(x17)	 x17:0x8001d45c  x6=0x00000440 PA:0x8001d474 load:0x00000440
       91542000	      4475	8000392e	0069ad83	lw	x27,6(x19)	 x19:0x800156da x27=0x514823a4 PA:0x800156e0 load:0x514823a4
       91722000	      4484	80003932	03e89083	lh	x1,62(x17)	 x17:0x8001d45c  x1=0x000040bd PA:0x8001d49a load:0x000040bd
       91842000	      4490	80003936	00898003	lb	x0,8(x19)	 x19:0x800156da  x0=0x00000000 PA:0x800156e2 load:0x00000048
       91942000	      4495	8000393a	0049c303	lbu	x6,4(x19)	 x19:0x800156da  x6=0x000000d4 PA:0x800156de load:0x000000d4
       92062000	      4501	8000393e	0398c303	lbu	x6,57(x17)	 x17:0x8001d45c  x6=0x000000c4 PA:0x8001d495 load:0x000000c4
       92642000	      4530	80003942	fed8c183	lbu	x3,-19(x17)	 x17:0x8001d45c  x3=0x000000f1 PA:0x8001d449 load:0x000000f1
       92862000	      4541	80003946	fed89523	sh	x13,-22(x17)	 x17:0x8001d45c x13:0x8002cce4 PA:0x8001d446 store:0x8002cce4 load:0x0000ffff
       93122000	      4554	8000394a	ffa9dc03	lhu	x24,-6(x19)	 x19:0x800156da x24=0x00004d37 PA:0x800156d4 load:0x00004d37
       93182000	      4557	8000394e	ff498f03	lb	x30,-12(x19)	 x19:0x800156da x30=0x00000069 PA:0x800156ce load:0x00000069
       93282000	      4562	80003952	03f89e23	sh	x31,60(x17)	 x17:0x8001d45c x31:0x00000077 PA:0x8001d498 store:0x00000077 load:0x0000ffff
       93302000	      4563	80003956	0ff0000f	fence	iorw,iorw	
       93322000	      4564	8000395a	ffffd597	auipc	x11,0xffffd	 x11=0x8000095a
       93382000	      4567	8000395e	a1058593	addi	x11,x11,-1520	 x11:0x8000095a x11=0x8000036a
       93402000	      4568	80003962	00058067	jalr	x0,0(x11)	 x11:0x8000036a  x0=0x00000000
       94322000	      4614	8000036a	90000d37	lui	x26,0x90000	 x26=0x90000000
       94342000	      4615	8000036e	1d61	c.addi	x26,-8	 x26:0x90000000 x26=0x8ffffff8
       94362000	      4616	80000370	4d81	c.li	x27,0	 x27=0x00000000
       94382000	      4617	80000372	0da2	c.slli	x27,0x8	 x27:0x00000000 x27=0x00000000
       94402000	      4618	80000374	0d85	c.addi	x27,1	 x27:0x00000000 x27=0x00000001
       94822000	      4639	80000376	01bd2023	sw	x27,0(x26)	 x26:0x8ffffff8 x27:0x00000001 PA:0x8ffffff8 store:0x00000001 load:0xffffffff
       94862000	      4641	8000037a	00000073	ecall	
      108362000	      5316	80002700	0800006f	jal	x0,80002780	  x0=0x00000000
      108562000	      5326	80002780	16f1	c.addi	x13,-4	 x13:0x8002cce4 x13=0x8002cce0
      108622000	      5329	80002782	0176a023	sw	x23,0(x13)	 x13:0x8002cce0 x23:0x80028e64 PA:0x8002cce0 store:0x80028e64 load:0xffffffff
      108642000	      5330	80002786	00068bb3	add	x23,x13,x0	 x13:0x8002cce0  x0:0x00000000 x23=0x8002cce0
      108662000	      5331	8000278a	f80b8b93	addi	x23,x23,-128	 x23:0x8002cce0 x23=0x8002cc60
      108742000	      5335	8000278e	001ba223	sw	x1,4(x23)	 x23:0x8002cc60  x1:0x000040bd PA:0x8002cc64 store:0x000040bd load:0xffffffff
      109182000	      5357	80002792	002ba423	sw	x2,8(x23)	 x23:0x8002cc60  x2:0xf2946000 PA:0x8002cc68 store:0xf2946000 load:0xffffffff
      109422000	      5369	80002796	003ba623	sw	x3,12(x23)	 x23:0x8002cc60  x3:0x000000f1 PA:0x8002cc6c store:0x000000f1 load:0xffffffff
      109742000	      5385	8000279a	004ba823	sw	x4,16(x23)	 x23:0x8002cc60  x4:0x94000000 PA:0x8002cc70 store:0x94000000 load:0xffffffff
      109802000	      5388	8000279e	005baa23	sw	x5,20(x23)	 x23:0x8002cc60  x5:0xffffffff PA:0x8002cc74 store:0xffffffff load:0xffffffff
      109882000	      5392	800027a2	006bac23	sw	x6,24(x23)	 x23:0x8002cc60  x6:0x000000c4 PA:0x8002cc78 store:0x000000c4 load:0xffffffff
      110002000	      5398	800027a6	007bae23	sw	x7,28(x23)	 x23:0x8002cc60  x7:0x247fa134 PA:0x8002cc7c store:0x247fa134 load:0xffffffff
      110282000	      5412	800027aa	028ba023	sw	x8,32(x23)	 x23:0x8002cc60  x8:0xffffffff PA:0x8002cc80 store:0xffffffff load:0xffffffff
      110462000	      5421	800027ae	029ba223	sw	x9,36(x23)	 x23:0x8002cc60  x9:0x00000001 PA:0x8002cc84 store:0x00000001 load:0xffffffff
      110482000	      5422	800027b2	02aba423	sw	x10,40(x23)	 x23:0x8002cc60 x10:0x00000001 PA:0x8002cc88 store:0x00000001 load:0xffffffff
      110542000	      5425	800027b6	02bba623	sw	x11,44(x23)	 x23:0x8002cc60 x11:0x8000036a PA:0x8002cc8c store:0x8000036a load:0xffffffff
      110762000	      5436	800027ba	02cba823	sw	x12,48(x23)	 x23:0x8002cc60 x12:0x00000001 PA:0x8002cc90 store:0x00000001 load:0xffffffff
      110822000	      5439	800027be	02dbaa23	sw	x13,52(x23)	 x23:0x8002cc60 x13:0x8002cce0 PA:0x8002cc94 store:0x8002cce0 load:0xffffffff
      110862000	      5441	800027c2	02ebac23	sw	x14,56(x23)	 x23:0x8002cc60 x14:0x80008084 PA:0x8002cc98 store:0x80008084 load:0xffffffff
      111042000	      5450	800027c6	02fbae23	sw	x15,60(x23)	 x23:0x8002cc60 x15:0x80012ef2 PA:0x8002cc9c store:0x80012ef2 load:0xffffffff
      111382000	      5467	800027ca	050ba023	sw	x16,64(x23)	 x23:0x8002cc60 x16:0x0000123f PA:0x8002cca0 store:0x0000123f load:0xffffffff
      111442000	      5470	800027ce	051ba223	sw	x17,68(x23)	 x23:0x8002cc60 x17:0x8001d45c PA:0x8002cca4 store:0x8001d45c load:0xffffffff
      111562000	      5476	800027d2	052ba423	sw	x18,72(x23)	 x23:0x8002cc60 x18:0x80028e64 PA:0x8002cca8 store:0x80028e64 load:0xffffffff
      112082000	      5502	800027d6	053ba623	sw	x19,76(x23)	 x23:0x8002cc60 x19:0x800156da PA:0x8002ccac store:0x800156da load:0xffffffff
      112182000	      5507	800027da	054ba823	sw	x20,80(x23)	 x23:0x8002cc60 x20:0x00000001 PA:0x8002ccb0 store:0x00000001 load:0xffffffff
      112242000	      5510	800027de	055baa23	sw	x21,84(x23)	 x23:0x8002cc60 x21:0x00000020 PA:0x8002ccb4 store:0x00000020 load:0xffffffff
      112302000	      5513	800027e2	056bac23	sw	x22,88(x23)	 x23:0x8002cc60 x22:0x00002e67 PA:0x8002ccb8 store:0x00002e67 load:0xffffffff
      112322000	      5514	800027e6	057bae23	sw	x23,92(x23)	 x23:0x8002cc60 x23:0x8002cc60 PA:0x8002ccbc store:0x8002cc60 load:0xffffffff
      112402000	      5518	800027ea	078ba023	sw	x24,96(x23)	 x23:0x8002cc60 x24:0x00004d37 PA:0x8002ccc0 store:0x00004d37 load:0xffffffff
      112462000	      5521	800027ee	079ba223	sw	x25,100(x23)	 x23:0x8002cc60 x25:0xffe98005 PA:0x8002ccc4 store:0xffe98005 load:0xffffffff
      112502000	      5523	800027f2	07aba423	sw	x26,104(x23)	 x23:0x8002cc60 x26:0x8ffffff8 PA:0x8002ccc8 store:0x8ffffff8 load:0xffffffff
      113022000	      5549	800027f6	07bba623	sw	x27,108(x23)	 x23:0x8002cc60 x27:0x00000001 PA:0x8002cccc store:0x00000001 load:0xffffffff
      113062000	      5551	800027fa	07cba823	sw	x28,112(x23)	 x23:0x8002cc60 x28:0x00000000 PA:0x8002ccd0 store:0x00000000 load:0xffffffff
      113282000	      5562	800027fe	07dbaa23	sw	x29,116(x23)	 x23:0x8002cc60 x29:0x00001c2a PA:0x8002ccd4 store:0x00001c2a load:0xffffffff
      113302000	      5563	80002802	07ebac23	sw	x30,120(x23)	 x23:0x8002cc60 x30:0x00000069 PA:0x8002ccd8 store:0x00000069 load:0xffffffff
      113462000	      5571	80002806	07fbae23	sw	x31,124(x23)	 x23:0x8002cc60 x31:0x00000077 PA:0x8002ccdc store:0x00000077 load:0xffffffff
      113482000	      5572	8000280a	000b86b3	add	x13,x23,x0	 x23:0x8002cc60  x0:0x00000000 x13=0x8002cc60
      113502000	      5573	8000280e	90000d37	lui	x26,0x90000	 x26=0x90000000
      113522000	      5574	80002812	1d71	c.addi	x26,-4	 x26:0x90000000 x26=0x8ffffffc
      113542000	      5575	80002814	4da1	c.li	x27,8	 x27=0x00000008
      113562000	      5576	80002816	0da2	c.slli	x27,0x8	 x27:0x00000008 x27=0x00000800
      113662000	      5581	80002818	000d8d93	addi	x27,x27,0	 x27:0x00000800 x27=0x00000800
      114222000	      5609	8000281c	01bd2023	sw	x27,0(x26)	 x26:0x8ffffffc x27:0x00000800 PA:0x8ffffffc store:0x00000800 load:0xffffffff
      114282000	      5612	80002820	34102df3	csrrs	x27,mepc,x0	  x0:0x00000000 x27=0x8000037a
      114302000	      5613	80002824	34202df3	csrrs	x27,mcause,x0	  x0:0x00000000 x27=0x00000008
      114322000	      5614	80002828	4d0d	c.li	x26,3	 x26=0x00000003
      114342000	      5615	8000282a	01ad9463	bne	x27,x26,80002832	 x27:0x00000008 x26:0x00000003
      114982000	      5647	80002832	4d21	c.li	x26,8	 x26=0x00000008
      115402000	      5668	80002834	05ad8d63	beq	x27,x26,8000288e	 x27:0x00000008 x26:0x00000008
      115762000	      5686	8000288e	90000d37	lui	x26,0x90000	 x26=0x90000000
      115782000	      5687	80002892	1d71	c.addi	x26,-4	 x26:0x90000000 x26=0x8ffffffc
      115802000	      5688	80002894	6d85	c.lui	x27,0x1	 x27=0x00001000
      115822000	      5689	80002896	b00d8d93	addi	x27,x27,-1280	 x27:0x00001000 x27=0x00000b00
      115842000	      5690	8000289a	0da2	c.slli	x27,0x8	 x27:0x00000b00 x27=0x000b0000
      115902000	      5693	8000289c	0d8d	c.addi	x27,3	 x27:0x000b0000 x27=0x000b0003
      115962000	      5696	8000289e	01bd2023	sw	x27,0(x26)	 x26:0x8ffffffc x27:0x000b0003 PA:0x8ffffffc store:0x000b0003 load:0xffffffff
      115982000	      5697	800028a2	b0002df3	csrrs	x27,mcycle,x0	  x0:0x00000000 x27=0x0000163e
      116402000	      5718	800028a6	01bd2023	sw	x27,0(x26)	 x26:0x8ffffffc x27:0x0000163e PA:0x8ffffffc store:0x0000163e load:0xffffffff
      116422000	      5719	800028aa	90000d37	lui	x26,0x90000	 x26=0x90000000
      116442000	      5720	800028ae	1d71	c.addi	x26,-4	 x26:0x90000000 x26=0x8ffffffc
      116462000	      5721	800028b0	6d85	c.lui	x27,0x1	 x27=0x00001000
      116542000	      5725	800028b2	b80d8d93	addi	x27,x27,-1152	 x27:0x00001000 x27=0x00000b80
      116562000	      5726	800028b6	0da2	c.slli	x27,0x8	 x27:0x00000b80 x27=0x000b8000
      116722000	      5734	800028b8	0d8d	c.addi	x27,3	 x27:0x000b8000 x27=0x000b8003
      116962000	      5746	800028ba	01bd2023	sw	x27,0(x26)	 x26:0x8ffffffc x27:0x000b8003 PA:0x8ffffffc store:0x000b8003 load:0xffffffff
      116982000	      5747	800028be	b8002df3	csrrs	x27,mcycleh,x0	  x0:0x00000000 x27=0x00000000
      117062000	      5751	800028c2	01bd2023	sw	x27,0(x26)	 x26:0x8ffffffc x27:0x00000000 PA:0x8ffffffc store:0x00000000 load:0xffffffff
      117082000	      5752	800028c6	90000d37	lui	x26,0x90000	 x26=0x90000000
      117102000	      5753	800028ca	1d71	c.addi	x26,-4	 x26:0x90000000 x26=0x8ffffffc
      117122000	      5754	800028cc	6d85	c.lui	x27,0x1	 x27=0x00001000
      117142000	      5755	800028ce	b03d8d93	addi	x27,x27,-1277	 x27:0x00001000 x27=0x00000b03
      117162000	      5756	800028d2	0da2	c.slli	x27,0x8	 x27:0x00000b03 x27=0x000b0300
      117382000	      5767	800028d4	0d8d	c.addi	x27,3	 x27:0x000b0300 x27=0x000b0303
      117622000	      5779	800028d6	01bd2023	sw	x27,0(x26)	 x26:0x8ffffffc x27:0x000b0303 PA:0x8ffffffc store:0x000b0303 load:0xffffffff
      117642000	      5780	800028da	b0302df3	csrrs	x27,mhpmcounter3,x0	  x0:0x00000000 x27=0x00000273
      118062000	      5801	800028de	01bd2023	sw	x27,0(x26)	 x26:0x8ffffffc x27:0x00000273 PA:0x8ffffffc store:0x00000273 load:0xffffffff
      118082000	      5802	800028e2	90000d37	lui	x26,0x90000	 x26=0x90000000
      118102000	      5803	800028e6	1d71	c.addi	x26,-4	 x26:0x90000000 x26=0x8ffffffc
      118122000	      5804	800028e8	6d85	c.lui	x27,0x1	 x27=0x00001000
      118142000	      5805	800028ea	b83d8d93	addi	x27,x27,-1149	 x27:0x00001000 x27=0x00000b83
      118162000	      5806	800028ee	0da2	c.slli	x27,0x8	 x27:0x00000b83 x27=0x000b8300
      118182000	      5807	800028f0	0d8d	c.addi	x27,3	 x27:0x000b8300 x27=0x000b8303
      118422000	      5819	800028f2	01bd2023	sw	x27,0(x26)	 x26:0x8ffffffc x27:0x000b8303 PA:0x8ffffffc store:0x000b8303 load:0xffffffff
      118442000	      5820	800028f6	b8302df3	csrrs	x27,mhpmcounter3h,x0	  x0:0x00000000 x27=0x00000000
      118682000	      5832	800028fa	01bd2023	sw	x27,0(x26)	 x26:0x8ffffffc x27:0x00000000 PA:0x8ffffffc store:0x00000000 load:0xffffffff
      118702000	      5833	800028fe	90000d37	lui	x26,0x90000	 x26=0x90000000
      118722000	      5834	80002902	1d71	c.addi	x26,-4	 x26:0x90000000 x26=0x8ffffffc
      118742000	      5835	80002904	6d85	c.lui	x27,0x1	 x27=0x00001000
      118782000	      5837	80002906	b04d8d93	addi	x27,x27,-1276	 x27:0x00001000 x27=0x00000b04
      118802000	      5838	8000290a	0da2	c.slli	x27,0x8	 x27:0x00000b04 x27=0x000b0400
      118842000	      5840	8000290c	0d8d	c.addi	x27,3	 x27:0x000b0400 x27=0x000b0403
      119342000	      5865	8000290e	01bd2023	sw	x27,0(x26)	 x26:0x8ffffffc x27:0x000b0403 PA:0x8ffffffc store:0x000b0403 load:0xffffffff
      119362000	      5866	80002912	b0402df3	csrrs	x27,mhpmcounter4,x0	  x0:0x00000000 x27=0x000007a2
      119402000	      5868	80002916	01bd2023	sw	x27,0(x26)	 x26:0x8ffffffc x27:0x000007a2 PA:0x8ffffffc store:0x000007a2 load:0xffffffff
      119442000	      5870	8000291a	90000d37	lui	x26,0x90000	 x26=0x90000000
      119462000	      5871	8000291e	1d71	c.addi	x26,-4	 x26:0x90000000 x26=0x8ffffffc
      119482000	      5872	80002920	6d85	c.lui	x27,0x1	 x27=0x00001000
      119502000	      5873	80002922	b84d8d93	addi	x27,x27,-1148	 x27:0x00001000 x27=0x00000b84
      119522000	      5874	80002926	0da2	c.slli	x27,0x8	 x27:0x00000b84 x27=0x000b8400
      119802000	      5888	80002928	0d8d	c.addi	x27,3	 x27:0x000b8400 x27=0x000b8403
      119922000	      5894	8000292a	01bd2023	sw	x27,0(x26)	 x26:0x8ffffffc x27:0x000b8403 PA:0x8ffffffc store:0x000b8403 load:0xffffffff
      119942000	      5895	8000292e	b8402df3	csrrs	x27,mhpmcounter4h,x0	  x0:0x00000000 x27=0x00000000
      120162000	      5906	80002932	01bd2023	sw	x27,0(x26)	 x26:0x8ffffffc x27:0x00000000 PA:0x8ffffffc store:0x00000000 load:0xffffffff
      120182000	      5907	80002936	90000d37	lui	x26,0x90000	 x26=0x90000000
      120202000	      5908	8000293a	1d71	c.addi	x26,-4	 x26:0x90000000 x26=0x8ffffffc
      120242000	      5910	8000293c	6d85	c.lui	x27,0x1	 x27=0x00001000
      120262000	      5911	8000293e	b05d8d93	addi	x27,x27,-1275	 x27:0x00001000 x27=0x00000b05
      120282000	      5912	80002942	0da2	c.slli	x27,0x8	 x27:0x00000b05 x27=0x000b0500
      120362000	      5916	80002944	0d8d	c.addi	x27,3	 x27:0x000b0500 x27=0x000b0503
      120422000	      5919	80002946	01bd2023	sw	x27,0(x26)	 x26:0x8ffffffc x27:0x000b0503 PA:0x8ffffffc store:0x000b0503 load:0xffffffff
      120442000	      5920	8000294a	b0502df3	csrrs	x27,mhpmcounter5,x0	  x0:0x00000000 x27=0x00000031
      120862000	      5941	8000294e	01bd2023	sw	x27,0(x26)	 x26:0x8ffffffc x27:0x00000031 PA:0x8ffffffc store:0x00000031 load:0xffffffff
      120882000	      5942	80002952	90000d37	lui	x26,0x90000	 x26=0x90000000
      120902000	      5943	80002956	1d71	c.addi	x26,-4	 x26:0x90000000 x26=0x8ffffffc
      120922000	      5944	80002958	6d85	c.lui	x27,0x1	 x27=0x00001000
      120942000	      5945	8000295a	b85d8d93	addi	x27,x27,-1147	 x27:0x00001000 x27=0x00000b85
      120962000	      5946	8000295e	0da2	c.slli	x27,0x8	 x27:0x00000b85 x27=0x000b8500
      120982000	      5947	80002960	0d8d	c.addi	x27,3	 x27:0x000b8500 x27=0x000b8503
      121042000	      5950	80002962	01bd2023	sw	x27,0(x26)	 x26:0x8ffffffc x27:0x000b8503 PA:0x8ffffffc store:0x000b8503 load:0xffffffff
      121062000	      5951	80002966	b8502df3	csrrs	x27,mhpmcounter5h,x0	  x0:0x00000000 x27=0x00000000
      121262000	      5961	8000296a	01bd2023	sw	x27,0(x26)	 x26:0x8ffffffc x27:0x00000000 PA:0x8ffffffc store:0x00000000 load:0xffffffff
      121282000	      5962	8000296e	90000d37	lui	x26,0x90000	 x26=0x90000000
      121302000	      5963	80002972	1d71	c.addi	x26,-4	 x26:0x90000000 x26=0x8ffffffc
      121322000	      5964	80002974	6d85	c.lui	x27,0x1	 x27=0x00001000
      121342000	      5965	80002976	b06d8d93	addi	x27,x27,-1274	 x27:0x00001000 x27=0x00000b06
      121362000	      5966	8000297a	0da2	c.slli	x27,0x8	 x27:0x00000b06 x27=0x000b0600
      121382000	      5967	8000297c	0d8d	c.addi	x27,3	 x27:0x000b0600 x27=0x000b0603
      121842000	      5990	8000297e	01bd2023	sw	x27,0(x26)	 x26:0x8ffffffc x27:0x000b0603 PA:0x8ffffffc store:0x000b0603 load:0xffffffff
      121862000	      5991	80002982	b0602df3	csrrs	x27,mhpmcounter6,x0	  x0:0x00000000 x27=0x00000059
      121922000	      5994	80002986	01bd2023	sw	x27,0(x26)	 x26:0x8ffffffc x27:0x00000059 PA:0x8ffffffc store:0x00000059 load:0xffffffff
      121942000	      5995	8000298a	90000d37	lui	x26,0x90000	 x26=0x90000000
      121962000	      5996	8000298e	1d71	c.addi	x26,-4	 x26:0x90000000 x26=0x8ffffffc
      121982000	      5997	80002990	6d85	c.lui	x27,0x1	 x27=0x00001000
      122002000	      5998	80002992	b86d8d93	addi	x27,x27,-1146	 x27:0x00001000 x27=0x00000b86
      122022000	      5999	80002996	0da2	c.slli	x27,0x8	 x27:0x00000b86 x27=0x000b8600
      122302000	      6013	80002998	0d8d	c.addi	x27,3	 x27:0x000b8600 x27=0x000b8603
      122602000	      6028	8000299a	01bd2023	sw	x27,0(x26)	 x26:0x8ffffffc x27:0x000b8603 PA:0x8ffffffc store:0x000b8603 load:0xffffffff
      122622000	      6029	8000299e	b8602df3	csrrs	x27,mhpmcounter6h,x0	  x0:0x00000000 x27=0x00000000
      123202000	      6058	800029a2	01bd2023	sw	x27,0(x26)	 x26:0x8ffffffc x27:0x00000000 PA:0x8ffffffc store:0x00000000 load:0xffffffff
      123222000	      6059	800029a6	90000d37	lui	x26,0x90000	 x26=0x90000000
      123242000	      6060	800029aa	1d71	c.addi	x26,-4	 x26:0x90000000 x26=0x8ffffffc
      123262000	      6061	800029ac	6d85	c.lui	x27,0x1	 x27=0x00001000
      123282000	      6062	800029ae	b07d8d93	addi	x27,x27,-1273	 x27:0x00001000 x27=0x00000b07
      123302000	      6063	800029b2	0da2	c.slli	x27,0x8	 x27:0x00000b07 x27=0x000b0700
      123322000	      6064	800029b4	0d8d	c.addi	x27,3	 x27:0x000b0700 x27=0x000b0703
      123582000	      6077	800029b6	01bd2023	sw	x27,0(x26)	 x26:0x8ffffffc x27:0x000b0703 PA:0x8ffffffc store:0x000b0703 load:0xffffffff
      123602000	      6078	800029ba	b0702df3	csrrs	x27,mhpmcounter7,x0	  x0:0x00000000 x27=0x00000019
      123622000	      6079	800029be	01bd2023	sw	x27,0(x26)	 x26:0x8ffffffc x27:0x00000019 PA:0x8ffffffc store:0x00000019 load:0xffffffff
      123642000	      6080	800029c2	90000d37	lui	x26,0x90000	 x26=0x90000000
      123662000	      6081	800029c6	1d71	c.addi	x26,-4	 x26:0x90000000 x26=0x8ffffffc
      123682000	      6082	800029c8	6d85	c.lui	x27,0x1	 x27=0x00001000
      123702000	      6083	800029ca	b87d8d93	addi	x27,x27,-1145	 x27:0x00001000 x27=0x00000b87
      123722000	      6084	800029ce	0da2	c.slli	x27,0x8	 x27:0x00000b87 x27=0x000b8700
      123962000	      6096	800029d0	0d8d	c.addi	x27,3	 x27:0x000b8700 x27=0x000b8703
      124022000	      6099	800029d2	01bd2023	sw	x27,0(x26)	 x26:0x8ffffffc x27:0x000b8703 PA:0x8ffffffc store:0x000b8703 load:0xffffffff
      124042000	      6100	800029d6	b8702df3	csrrs	x27,mhpmcounter7h,x0	  x0:0x00000000 x27=0x00000000
      124162000	      6106	800029da	01bd2023	sw	x27,0(x26)	 x26:0x8ffffffc x27:0x00000000 PA:0x8ffffffc store:0x00000000 load:0xffffffff
      124222000	      6109	800029de	90000d37	lui	x26,0x90000	 x26=0x90000000
      124242000	      6110	800029e2	1d71	c.addi	x26,-4	 x26:0x90000000 x26=0x8ffffffc
      124262000	      6111	800029e4	6d85	c.lui	x27,0x1	 x27=0x00001000
      124282000	      6112	800029e6	b08d8d93	addi	x27,x27,-1272	 x27:0x00001000 x27=0x00000b08
      124302000	      6113	800029ea	0da2	c.slli	x27,0x8	 x27:0x00000b08 x27=0x000b0800
      124322000	      6114	800029ec	0d8d	c.addi	x27,3	 x27:0x000b0800 x27=0x000b0803
      124502000	      6123	800029ee	01bd2023	sw	x27,0(x26)	 x26:0x8ffffffc x27:0x000b0803 PA:0x8ffffffc store:0x000b0803 load:0xffffffff
      124522000	      6124	800029f2	b0802df3	csrrs	x27,mhpmcounter8,x0	  x0:0x00000000 x27=0x0000000c
      124542000	      6125	800029f6	01bd2023	sw	x27,0(x26)	 x26:0x8ffffffc x27:0x0000000c PA:0x8ffffffc store:0x0000000c load:0xffffffff
      124562000	      6126	800029fa	90000d37	lui	x26,0x90000	 x26=0x90000000
      124582000	      6127	800029fe	1d71	c.addi	x26,-4	 x26:0x90000000 x26=0x8ffffffc
      124602000	      6128	80002a00	6d85	c.lui	x27,0x1	 x27=0x00001000
      124962000	      6146	80002a02	b88d8d93	addi	x27,x27,-1144	 x27:0x00001000 x27=0x00000b88
      124982000	      6147	80002a06	0da2	c.slli	x27,0x8	 x27:0x00000b88 x27=0x000b8800
      125002000	      6148	80002a08	0d8d	c.addi	x27,3	 x27:0x000b8800 x27=0x000b8803
      125062000	      6151	80002a0a	01bd2023	sw	x27,0(x26)	 x26:0x8ffffffc x27:0x000b8803 PA:0x8ffffffc store:0x000b8803 load:0xffffffff
      125182000	      6157	80002a0e	b8802df3	csrrs	x27,mhpmcounter8h,x0	  x0:0x00000000 x27=0x00000000
      125242000	      6160	80002a12	01bd2023	sw	x27,0(x26)	 x26:0x8ffffffc x27:0x00000000 PA:0x8ffffffc store:0x00000000 load:0xffffffff
      125642000	      6180	80002a16	90000d37	lui	x26,0x90000	 x26=0x90000000
      125662000	      6181	80002a1a	1d71	c.addi	x26,-4	 x26:0x90000000 x26=0x8ffffffc
      126062000	      6201	80002a1c	6d85	c.lui	x27,0x1	 x27=0x00001000
      126482000	      6222	80002a1e	b09d8d93	addi	x27,x27,-1271	 x27:0x00001000 x27=0x00000b09
      126502000	      6223	80002a22	0da2	c.slli	x27,0x8	 x27:0x00000b09 x27=0x000b0900
      126782000	      6237	80002a24	0d8d	c.addi	x27,3	 x27:0x000b0900 x27=0x000b0903
      126842000	      6240	80002a26	01bd2023	sw	x27,0(x26)	 x26:0x8ffffffc x27:0x000b0903 PA:0x8ffffffc store:0x000b0903 load:0xffffffff
      126862000	      6241	80002a2a	b0902df3	csrrs	x27,mhpmcounter9,x0	  x0:0x00000000 x27=0x00000006
      127182000	      6257	80002a2e	01bd2023	sw	x27,0(x26)	 x26:0x8ffffffc x27:0x00000006 PA:0x8ffffffc store:0x00000006 load:0xffffffff
      127202000	      6258	80002a32	90000d37	lui	x26,0x90000	 x26=0x90000000
      127222000	      6259	80002a36	1d71	c.addi	x26,-4	 x26:0x90000000 x26=0x8ffffffc
      127242000	      6260	80002a38	6d85	c.lui	x27,0x1	 x27=0x00001000
      127262000	      6261	80002a3a	b89d8d93	addi	x27,x27,-1143	 x27:0x00001000 x27=0x00000b89
      127282000	      6262	80002a3e	0da2	c.slli	x27,0x8	 x27:0x00000b89 x27=0x000b8900
      127602000	      6278	80002a40	0d8d	c.addi	x27,3	 x27:0x000b8900 x27=0x000b8903
      128062000	      6301	80002a42	01bd2023	sw	x27,0(x26)	 x26:0x8ffffffc x27:0x000b8903 PA:0x8ffffffc store:0x000b8903 load:0xffffffff
      128082000	      6302	80002a46	b8902df3	csrrs	x27,mhpmcounter9h,x0	  x0:0x00000000 x27=0x00000000
      128242000	      6310	80002a4a	01bd2023	sw	x27,0(x26)	 x26:0x8ffffffc x27:0x00000000 PA:0x8ffffffc store:0x00000000 load:0xffffffff
      128262000	      6311	80002a4e	90000d37	lui	x26,0x90000	 x26=0x90000000
      128282000	      6312	80002a52	1d71	c.addi	x26,-4	 x26:0x90000000 x26=0x8ffffffc
      128302000	      6313	80002a54	6d85	c.lui	x27,0x1	 x27=0x00001000
      128322000	      6314	80002a56	b0ad8d93	addi	x27,x27,-1270	 x27:0x00001000 x27=0x00000b0a
      128342000	      6315	80002a5a	0da2	c.slli	x27,0x8	 x27:0x00000b0a x27=0x000b0a00
      128362000	      6316	80002a5c	0d8d	c.addi	x27,3	 x27:0x000b0a00 x27=0x000b0a03
      128422000	      6319	80002a5e	01bd2023	sw	x27,0(x26)	 x26:0x8ffffffc x27:0x000b0a03 PA:0x8ffffffc store:0x000b0a03 load:0xffffffff
      128442000	      6320	80002a62	b0a02df3	csrrs	x27,mhpmcounter10,x0	  x0:0x00000000 x27=0x000000ca
      128962000	      6346	80002a66	01bd2023	sw	x27,0(x26)	 x26:0x8ffffffc x27:0x000000ca PA:0x8ffffffc store:0x000000ca load:0xffffffff
      128982000	      6347	80002a6a	90000d37	lui	x26,0x90000	 x26=0x90000000
      129002000	      6348	80002a6e	1d71	c.addi	x26,-4	 x26:0x90000000 x26=0x8ffffffc
      129022000	      6349	80002a70	6d85	c.lui	x27,0x1	 x27=0x00001000
      129042000	      6350	80002a72	b8ad8d93	addi	x27,x27,-1142	 x27:0x00001000 x27=0x00000b8a
      129062000	      6351	80002a76	0da2	c.slli	x27,0x8	 x27:0x00000b8a x27=0x000b8a00
      129082000	      6352	80002a78	0d8d	c.addi	x27,3	 x27:0x000b8a00 x27=0x000b8a03
      129382000	      6367	80002a7a	01bd2023	sw	x27,0(x26)	 x26:0x8ffffffc x27:0x000b8a03 PA:0x8ffffffc store:0x000b8a03 load:0xffffffff
      129762000	      6386	80002a7e	b8a02df3	csrrs	x27,mhpmcounter10h,x0	  x0:0x00000000 x27=0x00000000
      130042000	      6400	80002a82	01bd2023	sw	x27,0(x26)	 x26:0x8ffffffc x27:0x00000000 PA:0x8ffffffc store:0x00000000 load:0xffffffff
      130062000	      6401	80002a86	90000d37	lui	x26,0x90000	 x26=0x90000000
      130082000	      6402	80002a8a	1d71	c.addi	x26,-4	 x26:0x90000000 x26=0x8ffffffc
      130102000	      6403	80002a8c	6d85	c.lui	x27,0x1	 x27=0x00001000
      130122000	      6404	80002a8e	b0bd8d93	addi	x27,x27,-1269	 x27:0x00001000 x27=0x00000b0b
      130142000	      6405	80002a92	0da2	c.slli	x27,0x8	 x27:0x00000b0b x27=0x000b0b00
      130322000	      6414	80002a94	0d8d	c.addi	x27,3	 x27:0x000b0b00 x27=0x000b0b03
      130762000	      6436	80002a96	01bd2023	sw	x27,0(x26)	 x26:0x8ffffffc x27:0x000b0b03 PA:0x8ffffffc store:0x000b0b03 load:0xffffffff
      130782000	      6437	80002a9a	b0b02df3	csrrs	x27,mhpmcounter11,x0	  x0:0x00000000 x27=0x00000003
      131122000	      6454	80002a9e	01bd2023	sw	x27,0(x26)	 x26:0x8ffffffc x27:0x00000003 PA:0x8ffffffc store:0x00000003 load:0xffffffff
      131142000	      6455	80002aa2	90000d37	lui	x26,0x90000	 x26=0x90000000
      131162000	      6456	80002aa6	1d71	c.addi	x26,-4	 x26:0x90000000 x26=0x8ffffffc
      131182000	      6457	80002aa8	6d85	c.lui	x27,0x1	 x27=0x00001000
      131202000	      6458	80002aaa	b8bd8d93	addi	x27,x27,-1141	 x27:0x00001000 x27=0x00000b8b
      131222000	      6459	80002aae	0da2	c.slli	x27,0x8	 x27:0x00000b8b x27=0x000b8b00
      131242000	      6460	80002ab0	0d8d	c.addi	x27,3	 x27:0x000b8b00 x27=0x000b8b03
      131302000	      6463	80002ab2	01bd2023	sw	x27,0(x26)	 x26:0x8ffffffc x27:0x000b8b03 PA:0x8ffffffc store:0x000b8b03 load:0xffffffff
      131322000	      6464	80002ab6	b8b02df3	csrrs	x27,mhpmcounter11h,x0	  x0:0x00000000 x27=0x00000000
      131682000	      6482	80002aba	01bd2023	sw	x27,0(x26)	 x26:0x8ffffffc x27:0x00000000 PA:0x8ffffffc store:0x00000000 load:0xffffffff
      132062000	      6501	80002abe	90000d37	lui	x26,0x90000	 x26=0x90000000
      132082000	      6502	80002ac2	1d71	c.addi	x26,-4	 x26:0x90000000 x26=0x8ffffffc
      132182000	      6507	80002ac4	6d85	c.lui	x27,0x1	 x27=0x00001000
      132202000	      6508	80002ac6	b0cd8d93	addi	x27,x27,-1268	 x27:0x00001000 x27=0x00000b0c
      132222000	      6509	80002aca	0da2	c.slli	x27,0x8	 x27:0x00000b0c x27=0x000b0c00
      132482000	      6522	80002acc	0d8d	c.addi	x27,3	 x27:0x000b0c00 x27=0x000b0c03
      132542000	      6525	80002ace	01bd2023	sw	x27,0(x26)	 x26:0x8ffffffc x27:0x000b0c03 PA:0x8ffffffc store:0x000b0c03 load:0xffffffff
      132862000	      6541	80002ad2	b0c02df3	csrrs	x27,mhpmcounter12,x0	  x0:0x00000000 x27=0x00000146
      133462000	      6571	80002ad6	01bd2023	sw	x27,0(x26)	 x26:0x8ffffffc x27:0x00000146 PA:0x8ffffffc store:0x00000146 load:0xffffffff
      133482000	      6572	80002ada	90000d37	lui	x26,0x90000	 x26=0x90000000
      133502000	      6573	80002ade	1d71	c.addi	x26,-4	 x26:0x90000000 x26=0x8ffffffc
      133702000	      6583	80002ae0	6d85	c.lui	x27,0x1	 x27=0x00001000
      133822000	      6589	80002ae2	b8cd8d93	addi	x27,x27,-1140	 x27:0x00001000 x27=0x00000b8c
      133842000	      6590	80002ae6	0da2	c.slli	x27,0x8	 x27:0x00000b8c x27=0x000b8c00
      133862000	      6591	80002ae8	0d8d	c.addi	x27,3	 x27:0x000b8c00 x27=0x000b8c03
      134202000	      6608	80002aea	01bd2023	sw	x27,0(x26)	 x26:0x8ffffffc x27:0x000b8c03 PA:0x8ffffffc store:0x000b8c03 load:0xffffffff
      134222000	      6609	80002aee	b8c02df3	csrrs	x27,mhpmcounter12h,x0	  x0:0x00000000 x27=0x00000000
      134522000	      6624	80002af2	01bd2023	sw	x27,0(x26)	 x26:0x8ffffffc x27:0x00000000 PA:0x8ffffffc store:0x00000000 load:0xffffffff
      134542000	      6625	80002af6	ffffdd97	auipc	x27,0xffffd	 x27=0x7ffffaf6
      134562000	      6626	80002afa	58ad8d93	addi	x27,x27,1418	 x27:0x7ffffaf6 x27=0x80000080
      134982000	      6647	80002afe	000da023	sw	x0,0(x27)	 x27:0x80000080  x0:0x00000000 PA:0x80000080 store:0x00000000 load:0xffffffff
      135182000	      6657	80002b02	001da223	sw	x1,4(x27)	 x27:0x80000080  x1:0x000040bd PA:0x80000084 store:0x000040bd load:0xffffffff
      135622000	      6679	80002b06	002da423	sw	x2,8(x27)	 x27:0x80000080  x2:0xf2946000 PA:0x80000088 store:0xf2946000 load:0xffffffff
      135802000	      6688	80002b0a	003da623	sw	x3,12(x27)	 x27:0x80000080  x3:0x000000f1 PA:0x8000008c store:0x000000f1 load:0xffffffff
      136182000	      6707	80002b0e	004da823	sw	x4,16(x27)	 x27:0x80000080  x4:0x94000000 PA:0x80000090 store:0x94000000 load:0xffffffff
      136382000	      6717	80002b12	005daa23	sw	x5,20(x27)	 x27:0x80000080  x5:0xffffffff PA:0x80000094 store:0xffffffff load:0xffffffff
      136442000	      6720	80002b16	006dac23	sw	x6,24(x27)	 x27:0x80000080  x6:0x000000c4 PA:0x80000098 store:0x000000c4 load:0xffffffff
      136522000	      6724	80002b1a	007dae23	sw	x7,28(x27)	 x27:0x80000080  x7:0x247fa134 PA:0x8000009c store:0x247fa134 load:0xffffffff
      136702000	      6733	80002b1e	028da023	sw	x8,32(x27)	 x27:0x80000080  x8:0xffffffff PA:0x800000a0 store:0xffffffff load:0xffffffff
      136942000	      6745	80002b22	029da223	sw	x9,36(x27)	 x27:0x80000080  x9:0x00000001 PA:0x800000a4 store:0x00000001 load:0xffffffff
      137002000	      6748	80002b26	02ada423	sw	x10,40(x27)	 x27:0x80000080 x10:0x00000001 PA:0x800000a8 store:0x00000001 load:0xffffffff
      137222000	      6759	80002b2a	02bda623	sw	x11,44(x27)	 x27:0x80000080 x11:0x8000036a PA:0x800000ac store:0x8000036a load:0xffffffff
      137642000	      6780	80002b2e	02cda823	sw	x12,48(x27)	 x27:0x80000080 x12:0x00000001 PA:0x800000b0 store:0x00000001 load:0xffffffff
      137742000	      6785	80002b32	02ddaa23	sw	x13,52(x27)	 x27:0x80000080 x13:0x8002cc60 PA:0x800000b4 store:0x8002cc60 load:0xffffffff
      137862000	      6791	80002b36	02edac23	sw	x14,56(x27)	 x27:0x80000080 x14:0x80008084 PA:0x800000b8 store:0x80008084 load:0xffffffff
      137922000	      6794	80002b3a	02fdae23	sw	x15,60(x27)	 x27:0x80000080 x15:0x80012ef2 PA:0x800000bc store:0x80012ef2 load:0xffffffff
      138082000	      6802	80002b3e	050da023	sw	x16,64(x27)	 x27:0x80000080 x16:0x0000123f PA:0x800000c0 store:0x0000123f load:0xffffffff
      138102000	      6803	80002b42	051da223	sw	x17,68(x27)	 x27:0x80000080 x17:0x8001d45c PA:0x800000c4 store:0x8001d45c load:0xffffffff
      138522000	      6824	80002b46	052da423	sw	x18,72(x27)	 x27:0x80000080 x18:0x80028e64 PA:0x800000c8 store:0x80028e64 load:0xffffffff
      138682000	      6832	80002b4a	053da623	sw	x19,76(x27)	 x27:0x80000080 x19:0x800156da PA:0x800000cc store:0x800156da load:0xffffffff
      138742000	      6835	80002b4e	054da823	sw	x20,80(x27)	 x27:0x80000080 x20:0x00000001 PA:0x800000d0 store:0x00000001 load:0xffffffff
      138882000	      6842	80002b52	055daa23	sw	x21,84(x27)	 x27:0x80000080 x21:0x00000020 PA:0x800000d4 store:0x00000020 load:0xffffffff
      139162000	      6856	80002b56	056dac23	sw	x22,88(x27)	 x27:0x80000080 x22:0x00002e67 PA:0x800000d8 store:0x00002e67 load:0xffffffff
      139222000	      6859	80002b5a	057dae23	sw	x23,92(x27)	 x27:0x80000080 x23:0x8002cc60 PA:0x800000dc store:0x8002cc60 load:0xffffffff
      139662000	      6881	80002b5e	078da023	sw	x24,96(x27)	 x27:0x80000080 x24:0x00004d37 PA:0x800000e0 store:0x00004d37 load:0xffffffff
      139722000	      6884	80002b62	079da223	sw	x25,100(x27)	 x27:0x80000080 x25:0xffe98005 PA:0x800000e4 store:0xffe98005 load:0xffffffff
      140342000	      6915	80002b66	07ada423	sw	x26,104(x27)	 x27:0x80000080 x26:0x8ffffffc PA:0x800000e8 store:0x8ffffffc load:0xffffffff
      140602000	      6928	80002b6a	07bda623	sw	x27,108(x27)	 x27:0x80000080 x27:0x80000080 PA:0x800000ec store:0x80000080 load:0xffffffff
      154862000	      7641	80002b6e	07cda823	sw	x28,112(x27)	 x27:0x80000080 x28:0x00000000 PA:0x800000f0 store:0x00000000 load:0xffffffff
      154882000	      7642	80002b72	07ddaa23	sw	x29,116(x27)	 x27:0x80000080 x29:0x00001c2a PA:0x800000f4 store:0x00001c2a load:0xffffffff
      155302000	      7663	80002b76	07edac23	sw	x30,120(x27)	 x27:0x80000080 x30:0x00000069 PA:0x800000f8 store:0x00000069 load:0xffffffff
      155522000	      7674	80002b7a	07fdae23	sw	x31,124(x27)	 x27:0x80000080 x31:0x00000077 PA:0x800000fc store:0x00000077 load:0xffffffff
      155542000	      7675	80002b7e	34102df3	csrrs	x27,mepc,x0	  x0:0x00000000 x27=0x8000037a
      155562000	      7676	80002b82	0d91	c.addi	x27,4	 x27:0x8000037a x27=0x8000037e
      155582000	      7677	80002b84	341d9073	csrrw	x0,mepc,x27	 x27:0x8000037e  x0=0x00000000
      155602000	      7678	80002b88	30200073	mret	
      155682000	      7682	8000037e	90000d37	lui	x26,0x90000	 x26=0x90000000
      155702000	      7683	80000382	1d61	c.addi	x26,-8	 x26:0x90000000 x26=0x8ffffff8
      155722000	      7684	80000384	4d85	c.li	x27,1	 x27=0x00000001
      155742000	      7685	80000386	0da2	c.slli	x27,0x8	 x27:0x00000001 x27=0x00000100
      155762000	      7686	80000388	0d85	c.addi	x27,1	 x27:0x00000100 x27=0x00000101
      156002000	      7698	8000038a	01bd2023	sw	x27,0(x26)	 x26:0x8ffffff8 x27:0x00000101 PA:0x8ffffff8 store:0x00000101 load:0xffffffff
