Time	Cycle	PC	Insn	Decoded instruction	Register and memory contents
        1055000	         6	80000080	40001637	lui	x12,0x40001	 x12=0x40001000
        1065000	         7	80000084	10660613	addi	x12,x12,262	 x12:0x40001000 x12=0x40001106
        1075000	         8	80000088	30161073	csrrw	x0,misa,x12	 x12:0x40001106  x0=0x00000000
        1105000	        11	8000008c	0002cf17	auipc	x30,0x2c	 x30=0x8002c08c
        1115000	        12	80000090	c58f0f13	addi	x30,x30,-936	 x30:0x8002c08c x30=0x8002bce4
        1125000	        13	80000094	00002617	auipc	x12,0x2	 x12=0x80002094
        1135000	        14	80000098	46c60613	addi	x12,x12,1132	 x12:0x80002094 x12=0x80002500
        1145000	        15	8000009c	00166613	ori	x12,x12,1	 x12:0x80002500 x12=0x80002501
        1155000	        16	800000a0	30561073	csrrw	x0,mtvec,x12	 x12:0x80002501  x0=0x00000000
        1185000	        19	800000a4	74725073	csrrwi	x0,0x747,4	  x0=0x00000000
        1215000	        22	800000a8	00003597	auipc	x11,0x3	 x11=0x800030a8
        1225000	        23	800000ac	18c58593	addi	x11,x11,396	 x11:0x800030a8 x11=0x80003234
        1235000	        24	800000b0	4601	c.li	x12,0	 x12=0x00000000
        1245000	        25	800000b2	95b2	c.add	x11,x12	 x11:0x80003234 x12:0x00000000 x11=0x80003234
        1255000	        26	800000b4	8189	c.srli	x11,0x2	 x11:0x80003234 x11=0x20000c8d
        1265000	        27	800000b6	3b059073	csrrw	x0,pmpaddr0,x11	 x11:0x20000c8d  x0=0x00000000
        1295000	        30	800000ba	00003597	auipc	x11,0x3	 x11=0x800030ba
        1305000	        31	800000be	17a58593	addi	x11,x11,378	 x11:0x800030ba x11=0x80003234
        1315000	        32	800000c2	11111637	lui	x12,0x11111	 x12=0x11111000
        1325000	        33	800000c6	11160613	addi	x12,x12,273	 x12:0x11111000 x12=0x11111111
        1335000	        34	800000ca	95b2	c.add	x11,x12	 x11:0x80003234 x12:0x11111111 x11=0x91114345
        1345000	        35	800000cc	8189	c.srli	x11,0x2	 x11:0x91114345 x11=0x244450d1
        1355000	        36	800000ce	3b159073	csrrw	x0,pmpaddr1,x11	 x11:0x244450d1  x0=0x00000000
        1385000	        39	800000d2	00003597	auipc	x11,0x3	 x11=0x800030d2
        1395000	        40	800000d6	16258593	addi	x11,x11,354	 x11:0x800030d2 x11=0x80003234
        1405000	        41	800000da	22222637	lui	x12,0x22222	 x12=0x22222000
        1415000	        42	800000de	22260613	addi	x12,x12,546	 x12:0x22222000 x12=0x22222222
        1425000	        43	800000e2	95b2	c.add	x11,x12	 x11:0x80003234 x12:0x22222222 x11=0xa2225456
        1435000	        44	800000e4	8189	c.srli	x11,0x2	 x11:0xa2225456 x11=0x28889515
        1445000	        45	800000e6	3b259073	csrrw	x0,pmpaddr2,x11	 x11:0x28889515  x0=0x00000000
        1475000	        48	800000ea	00003597	auipc	x11,0x3	 x11=0x800030ea
        1485000	        49	800000ee	14a58593	addi	x11,x11,330	 x11:0x800030ea x11=0x80003234
        1495000	        50	800000f2	33333637	lui	x12,0x33333	 x12=0x33333000
        1505000	        51	800000f6	33360613	addi	x12,x12,819	 x12:0x33333000 x12=0x33333333
        1515000	        52	800000fa	95b2	c.add	x11,x12	 x11:0x80003234 x12:0x33333333 x11=0xb3336567
        1525000	        53	800000fc	8189	c.srli	x11,0x2	 x11:0xb3336567 x11=0x2cccd959
        1535000	        54	800000fe	3b359073	csrrw	x0,pmpaddr3,x11	 x11:0x2cccd959  x0=0x00000000
        1565000	        57	80000102	0f0f15b7	lui	x11,0xf0f1	 x11=0x0f0f1000
        1575000	        58	80000106	f0f58593	addi	x11,x11,-241	 x11:0x0f0f1000 x11=0x0f0f0f0f
        1585000	        59	8000010a	3a059073	csrrw	x0,pmpcfg0,x11	 x11:0x0f0f0f0f  x0=0x00000000
        1615000	        62	8000010e	00003597	auipc	x11,0x3	 x11=0x8000310e
        1625000	        63	80000112	12658593	addi	x11,x11,294	 x11:0x8000310e x11=0x80003234
        1635000	        64	80000116	44444637	lui	x12,0x44444	 x12=0x44444000
        1645000	        65	8000011a	44460613	addi	x12,x12,1092	 x12:0x44444000 x12=0x44444444
        1655000	        66	8000011e	95b2	c.add	x11,x12	 x11:0x80003234 x12:0x44444444 x11=0xc4447678
        1665000	        67	80000120	8189	c.srli	x11,0x2	 x11:0xc4447678 x11=0x31111d9e
        1675000	        68	80000122	3b459073	csrrw	x0,pmpaddr4,x11	 x11:0x31111d9e  x0=0x00000000
        1705000	        71	80000126	00003597	auipc	x11,0x3	 x11=0x80003126
        1715000	        72	8000012a	10e58593	addi	x11,x11,270	 x11:0x80003126 x11=0x80003234
        1725000	        73	8000012e	55555637	lui	x12,0x55555	 x12=0x55555000
        1735000	        74	80000132	55560613	addi	x12,x12,1365	 x12:0x55555000 x12=0x55555555
        1745000	        75	80000136	95b2	c.add	x11,x12	 x11:0x80003234 x12:0x55555555 x11=0xd5558789
        1755000	        76	80000138	8189	c.srli	x11,0x2	 x11:0xd5558789 x11=0x355561e2
        1765000	        77	8000013a	3b559073	csrrw	x0,pmpaddr5,x11	 x11:0x355561e2  x0=0x00000000
        1795000	        80	8000013e	00003597	auipc	x11,0x3	 x11=0x8000313e
        1805000	        81	80000142	0f658593	addi	x11,x11,246	 x11:0x8000313e x11=0x80003234
        1815000	        82	80000146	66666637	lui	x12,0x66666	 x12=0x66666000
        1825000	        83	8000014a	66660613	addi	x12,x12,1638	 x12:0x66666000 x12=0x66666666
        1835000	        84	8000014e	95b2	c.add	x11,x12	 x11:0x80003234 x12:0x66666666 x11=0xe666989a
        1845000	        85	80000150	8189	c.srli	x11,0x2	 x11:0xe666989a x11=0x3999a626
        1855000	        86	80000152	3b659073	csrrw	x0,pmpaddr6,x11	 x11:0x3999a626  x0=0x00000000
        1885000	        89	80000156	00003597	auipc	x11,0x3	 x11=0x80003156
        1895000	        90	8000015a	0de58593	addi	x11,x11,222	 x11:0x80003156 x11=0x80003234
        1905000	        91	8000015e	77777637	lui	x12,0x77777	 x12=0x77777000
        1915000	        92	80000162	77760613	addi	x12,x12,1911	 x12:0x77777000 x12=0x77777777
        1925000	        93	80000166	95b2	c.add	x11,x12	 x11:0x80003234 x12:0x77777777 x11=0xf777a9ab
        1935000	        94	80000168	8189	c.srli	x11,0x2	 x11:0xf777a9ab x11=0x3dddea6a
        1945000	        95	8000016a	3b759073	csrrw	x0,pmpaddr7,x11	 x11:0x3dddea6a  x0=0x00000000
        1975000	        98	8000016e	0f0f15b7	lui	x11,0xf0f1	 x11=0x0f0f1000
        1985000	        99	80000172	f0f58593	addi	x11,x11,-241	 x11:0x0f0f1000 x11=0x0f0f0f0f
        1995000	       100	80000176	3a159073	csrrw	x0,pmpcfg1,x11	 x11:0x0f0f0f0f  x0=0x00000000
        2025000	       103	8000017a	00003597	auipc	x11,0x3	 x11=0x8000317a
        2035000	       104	8000017e	0ba58593	addi	x11,x11,186	 x11:0x8000317a x11=0x80003234
        2045000	       105	80000182	88889637	lui	x12,0x88889	 x12=0x88889000
        2055000	       106	80000186	88860613	addi	x12,x12,-1912	 x12:0x88889000 x12=0x88888888
        2065000	       107	8000018a	95b2	c.add	x11,x12	 x11:0x80003234 x12:0x88888888 x11=0x0888babc
        2075000	       108	8000018c	8189	c.srli	x11,0x2	 x11:0x0888babc x11=0x02222eaf
        2085000	       109	8000018e	3b859073	csrrw	x0,pmpaddr8,x11	 x11:0x02222eaf  x0=0x00000000
        2115000	       112	80000192	00003597	auipc	x11,0x3	 x11=0x80003192
        2125000	       113	80000196	0a258593	addi	x11,x11,162	 x11:0x80003192 x11=0x80003234
        2135000	       114	8000019a	9999a637	lui	x12,0x9999a	 x12=0x9999a000
        2145000	       115	8000019e	99960613	addi	x12,x12,-1639	 x12:0x9999a000 x12=0x99999999
        2155000	       116	800001a2	95b2	c.add	x11,x12	 x11:0x80003234 x12:0x99999999 x11=0x1999cbcd
        2165000	       117	800001a4	8189	c.srli	x11,0x2	 x11:0x1999cbcd x11=0x066672f3
        2175000	       118	800001a6	3b959073	csrrw	x0,pmpaddr9,x11	 x11:0x066672f3  x0=0x00000000
        2205000	       121	800001aa	00003597	auipc	x11,0x3	 x11=0x800031aa
        2215000	       122	800001ae	08a58593	addi	x11,x11,138	 x11:0x800031aa x11=0x80003234
        2225000	       123	800001b2	aaaab637	lui	x12,0xaaaab	 x12=0xaaaab000
        2235000	       124	800001b6	aaa60613	addi	x12,x12,-1366	 x12:0xaaaab000 x12=0xaaaaaaaa
        2245000	       125	800001ba	95b2	c.add	x11,x12	 x11:0x80003234 x12:0xaaaaaaaa x11=0x2aaadcde
        2255000	       126	800001bc	8189	c.srli	x11,0x2	 x11:0x2aaadcde x11=0x0aaab737
        2265000	       127	800001be	3ba59073	csrrw	x0,pmpaddr10,x11	 x11:0x0aaab737  x0=0x00000000
        2295000	       130	800001c2	00003597	auipc	x11,0x3	 x11=0x800031c2
        2305000	       131	800001c6	07258593	addi	x11,x11,114	 x11:0x800031c2 x11=0x80003234
        2315000	       132	800001ca	bbbbc637	lui	x12,0xbbbbc	 x12=0xbbbbc000
        2325000	       133	800001ce	bbb60613	addi	x12,x12,-1093	 x12:0xbbbbc000 x12=0xbbbbbbbb
        2335000	       134	800001d2	95b2	c.add	x11,x12	 x11:0x80003234 x12:0xbbbbbbbb x11=0x3bbbedef
        2345000	       135	800001d4	8189	c.srli	x11,0x2	 x11:0x3bbbedef x11=0x0eeefb7b
        2355000	       136	800001d6	3bb59073	csrrw	x0,pmpaddr11,x11	 x11:0x0eeefb7b  x0=0x00000000
        2385000	       139	800001da	0f0f15b7	lui	x11,0xf0f1	 x11=0x0f0f1000
        2395000	       140	800001de	f0f58593	addi	x11,x11,-241	 x11:0x0f0f1000 x11=0x0f0f0f0f
        2405000	       141	800001e2	3a259073	csrrw	x0,pmpcfg2,x11	 x11:0x0f0f0f0f  x0=0x00000000
        2435000	       144	800001e6	00003597	auipc	x11,0x3	 x11=0x800031e6
        2445000	       145	800001ea	04e58593	addi	x11,x11,78	 x11:0x800031e6 x11=0x80003234
        2455000	       146	800001ee	ccccd637	lui	x12,0xccccd	 x12=0xccccd000
        2465000	       147	800001f2	ccc60613	addi	x12,x12,-820	 x12:0xccccd000 x12=0xcccccccc
        2475000	       148	800001f6	95b2	c.add	x11,x12	 x11:0x80003234 x12:0xcccccccc x11=0x4cccff00
        2485000	       149	800001f8	8189	c.srli	x11,0x2	 x11:0x4cccff00 x11=0x13333fc0
        2495000	       150	800001fa	3bc59073	csrrw	x0,pmpaddr12,x11	 x11:0x13333fc0  x0=0x00000000
        2525000	       153	800001fe	00003597	auipc	x11,0x3	 x11=0x800031fe
        2535000	       154	80000202	03658593	addi	x11,x11,54	 x11:0x800031fe x11=0x80003234
        2545000	       155	80000206	dddde637	lui	x12,0xdddde	 x12=0xdddde000
        2555000	       156	8000020a	ddd60613	addi	x12,x12,-547	 x12:0xdddde000 x12=0xdddddddd
        2565000	       157	8000020e	95b2	c.add	x11,x12	 x11:0x80003234 x12:0xdddddddd x11=0x5dde1011
        2575000	       158	80000210	8189	c.srli	x11,0x2	 x11:0x5dde1011 x11=0x17778404
        2585000	       159	80000212	3bd59073	csrrw	x0,pmpaddr13,x11	 x11:0x17778404  x0=0x00000000
        2615000	       162	80000216	00003597	auipc	x11,0x3	 x11=0x80003216
        2625000	       163	8000021a	01e58593	addi	x11,x11,30	 x11:0x80003216 x11=0x80003234
        2635000	       164	8000021e	eeeef637	lui	x12,0xeeeef	 x12=0xeeeef000
        2645000	       165	80000222	eee60613	addi	x12,x12,-274	 x12:0xeeeef000 x12=0xeeeeeeee
        2655000	       166	80000226	95b2	c.add	x11,x12	 x11:0x80003234 x12:0xeeeeeeee x11=0x6eef2122
        2665000	       167	80000228	8189	c.srli	x11,0x2	 x11:0x6eef2122 x11=0x1bbbc848
        2675000	       168	8000022a	3be59073	csrrw	x0,pmpaddr14,x11	 x11:0x1bbbc848  x0=0x00000000
        2705000	       171	8000022e	00003597	auipc	x11,0x3	 x11=0x8000322e
        2715000	       172	80000232	00658593	addi	x11,x11,6	 x11:0x8000322e x11=0x80003234
        2725000	       173	80000236	fff00613	addi	x12,x0,-1	  x0:0x00000000 x12=0xffffffff
        2735000	       174	8000023a	95b2	c.add	x11,x12	 x11:0x80003234 x12:0xffffffff x11=0x80003233
        2745000	       175	8000023c	8189	c.srli	x11,0x2	 x11:0x80003233 x11=0x20000c8c
        2755000	       176	8000023e	3bf59073	csrrw	x0,pmpaddr15,x11	 x11:0x20000c8c  x0=0x00000000
        2785000	       179	80000242	0f0f15b7	lui	x11,0xf0f1	 x11=0x0f0f1000
        2795000	       180	80000246	f0f58593	addi	x11,x11,-241	 x11:0x0f0f1000 x11=0x0f0f0f0f
        2805000	       181	8000024a	3a359073	csrrw	x0,pmpcfg3,x11	 x11:0x0f0f0f0f  x0=0x00000000
        2835000	       184	8000024e	00000617	auipc	x12,0x0	 x12=0x8000024e
        2845000	       185	80000252	06a60613	addi	x12,x12,106	 x12:0x8000024e x12=0x800002b8
        2855000	       186	80000256	34161073	csrrw	x0,mepc,x12	 x12:0x800002b8  x0=0x00000000
        2865000	       187	8000025a	7c00d073	csrrwi	x0,0x7c0,1	  x0=0x00000000
        2895000	       190	8000025e	52400637	lui	x12,0x52400	 x12=0x52400000
        2905000	       191	80000262	07260613	addi	x12,x12,114	 x12:0x52400000 x12=0x52400072
        2915000	       192	80000266	30061073	csrrw	x0,mstatus,x12	 x12:0x52400072  x0=0x00000000
        2945000	       195	8000026a	e6fbc637	lui	x12,0xe6fbc	 x12=0xe6fbc000
        2955000	       196	8000026e	167d	c.addi	x12,-1	 x12:0xe6fbc000 x12=0xe6fbbfff
        2965000	       197	80000270	30461073	csrrw	x0,mie,x12	 x12:0xe6fbbfff  x0=0x00000000
        2995000	       200	80000274	90000d37	lui	x26,0x90000	 x26=0x90000000
        3005000	       201	80000278	1d71	c.addi	x26,-4	 x26:0x90000000 x26=0x8ffffffc
        3015000	       202	8000027a	90000d37	lui	x26,0x90000	 x26=0x90000000
        3025000	       203	8000027e	1d71	c.addi	x26,-4	 x26:0x90000000 x26=0x8ffffffc
        3035000	       204	80000280	90000d37	lui	x26,0x90000	 x26=0x90000000
        3045000	       205	80000284	1d71	c.addi	x26,-4	 x26:0x90000000 x26=0x8ffffffc
        3055000	       206	80000286	30000613	addi	x12,x0,768	  x0:0x00000000 x12=0x00000300
        3065000	       207	8000028a	0622	c.slli	x12,0x8	 x12:0x00000300 x12=0x00030000
        3075000	       208	8000028c	060d	c.addi	x12,3	 x12:0x00030000 x12=0x00030003
        3085000	       209	8000028e	00cd2023	sw	x12,0(x26)	 x26:0x8ffffffc x12:0x00030003 PA:0x8ffffffc store:0x00030003 load:0x00000000
        3095000	       210	80000292	30002673	csrrs	x12,mstatus,x0	  x0:0x00000000 x12=0x00000000
        3105000	       211	80000296	00cd2023	sw	x12,0(x26)	 x26:0x8ffffffc x12:0x00000000 PA:0x8ffffffc store:0x00000000 load:0x00000000
        3115000	       212	8000029a	90000d37	lui	x26,0x90000	 x26=0x90000000
        3125000	       213	8000029e	1d71	c.addi	x26,-4	 x26:0x90000000 x26=0x8ffffffc
        3135000	       214	800002a0	30400613	addi	x12,x0,772	  x0:0x00000000 x12=0x00000304
        3145000	       215	800002a4	0622	c.slli	x12,0x8	 x12:0x00000304 x12=0x00030400
        3155000	       216	800002a6	060d	c.addi	x12,3	 x12:0x00030400 x12=0x00030403
        3165000	       217	800002a8	00cd2023	sw	x12,0(x26)	 x26:0x8ffffffc x12:0x00030403 PA:0x8ffffffc store:0x00030403 load:0x00000000
        3175000	       218	800002ac	30402673	csrrs	x12,mie,x0	  x0:0x00000000 x12=0x66fb0888
        3185000	       219	800002b0	00cd2023	sw	x12,0(x26)	 x26:0x8ffffffc x12:0x66fb0888 PA:0x8ffffffc store:0x66fb0888 load:0x00000000
        3195000	       220	800002b4	30200073	mret	
        3225000	       223	800002b8	00300013	addi	x0,x0,3	  x0:0x00000000  x0=0x00000000
        3235000	       224	800002bc	4099	c.li	x1,6	  x1=0x00000006
        3245000	       225	800002be	cf4b5137	lui	x2,0xcf4b5	  x2=0xcf4b5000
        3255000	       226	800002c2	e8e10113	addi	x2,x2,-370	  x2:0xcf4b5000  x2=0xcf4b4e8e
        3265000	       227	800002c6	4181	c.li	x3,0	  x3=0x00000000
        3275000	       228	800002c8	ed36d237	lui	x4,0xed36d	  x4=0xed36d000
        3285000	       229	800002cc	41220213	addi	x4,x4,1042	  x4:0xed36d000  x4=0xed36d412
        3295000	       230	800002d0	1b5082b7	lui	x5,0x1b508	  x5=0x1b508000
        3305000	       231	800002d4	9c028293	addi	x5,x5,-1600	  x5:0x1b508000  x5=0x1b5079c0
        3315000	       232	800002d8	ff61d337	lui	x6,0xff61d	  x6=0xff61d000
        3325000	       233	800002dc	cf830313	addi	x6,x6,-776	  x6:0xff61d000  x6=0xff61ccf8
        3335000	       234	800002e0	800003b7	lui	x7,0x80000	  x7=0x80000000
        3345000	       235	800002e4	f7434437	lui	x8,0xf7434	  x8=0xf7434000
        3355000	       236	800002e8	bf540413	addi	x8,x8,-1035	  x8:0xf7434000  x8=0xf7433bf5
        3365000	       237	800002ec	80000537	lui	x10,0x80000	 x10=0x80000000
        3375000	       238	800002f0	894eb5b7	lui	x11,0x894eb	 x11=0x894eb000
        3385000	       239	800002f4	cb458593	addi	x11,x11,-844	 x11:0x894eb000 x11=0x894eacb4
        3395000	       240	800002f8	4615	c.li	x12,5	 x12=0x00000005
        3405000	       241	800002fa	c8c3c6b7	lui	x13,0xc8c3c	 x13=0xc8c3c000
        3415000	       242	800002fe	5f768693	addi	x13,x13,1527	 x13:0xc8c3c000 x13=0xc8c3c5f7
        3425000	       243	80000302	4739	c.li	x14,14	 x14=0x0000000e
        3435000	       244	80000304	4795	c.li	x15,5	 x15=0x00000005
        3445000	       245	80000306	4829	c.li	x16,10	 x16=0x0000000a
        3455000	       246	80000308	f777f8b7	lui	x17,0xf777f	 x17=0xf777f000
        3465000	       247	8000030c	63d88893	addi	x17,x17,1597	 x17:0xf777f000 x17=0xf777f63d
        3475000	       248	80000310	4901	c.li	x18,0	 x18=0x00000000
        3485000	       249	80000312	f7f7a9b7	lui	x19,0xf7f7a	 x19=0xf7f7a000
        3495000	       250	80000316	0e598993	addi	x19,x19,229	 x19:0xf7f7a000 x19=0xf7f7a0e5
        3505000	       251	8000031a	f264ca37	lui	x20,0xf264c	 x20=0xf264c000
        3515000	       252	8000031e	ecda0a13	addi	x20,x20,-307	 x20:0xf264c000 x20=0xf264becd
        3525000	       253	80000322	4a81	c.li	x21,0	 x21=0x00000000
        3535000	       254	80000324	fc680b37	lui	x22,0xfc680	 x22=0xfc680000
        3545000	       255	80000328	801b0b13	addi	x22,x22,-2047	 x22:0xfc680000 x22=0xfc67f801
        3555000	       256	8000032c	4b81	c.li	x23,0	 x23=0x00000000
        3565000	       257	8000032e	4c09	c.li	x24,2	 x24=0x00000002
        3575000	       258	80000330	81b7fcb7	lui	x25,0x81b7f	 x25=0x81b7f000
        3585000	       259	80000334	6bdc8c93	addi	x25,x25,1725	 x25:0x81b7f000 x25=0x81b7f6bd
        3595000	       260	80000338	80000d37	lui	x26,0x80000	 x26=0x80000000
        3605000	       261	8000033c	4da5	c.li	x27,9	 x27=0x00000009
        3615000	       262	8000033e	4e01	c.li	x28,0	 x28=0x00000000
        3625000	       263	80000340	4ea9	c.li	x29,10	 x29=0x0000000a
        3635000	       264	80000342	fe7effb7	lui	x31,0xfe7ef	 x31=0xfe7ef000
        3645000	       265	80000346	8c7f8f93	addi	x31,x31,-1849	 x31:0xfe7ef000 x31=0xfe7ee8c7
        3655000	       266	8000034a	00028497	auipc	x9,0x28	  x9=0x8002834a
        3665000	       267	8000034e	b1a48493	addi	x9,x9,-1254	  x9:0x8002834a  x9=0x80027e64
        3675000	       268	80000352	90000d37	lui	x26,0x90000	 x26=0x90000000
        3685000	       269	80000356	1d71	c.addi	x26,-4	 x26:0x90000000 x26=0x8ffffffc
        3695000	       270	80000358	4601	c.li	x12,0	 x12=0x00000000
        3705000	       271	8000035a	0622	c.slli	x12,0x8	 x12:0x00000000 x12=0x00000000
        3715000	       272	8000035c	00060613	addi	x12,x12,0	 x12:0x00000000 x12=0x00000000
        3725000	       273	80000360	00cd2023	sw	x12,0(x26)	 x26:0x8ffffffc x12:0x00000000 PA:0x8ffffffc store:0x00000000 load:0x00000000
        3735000	       274	80000364	6d10206f	jal	x0,80003234	  x0=0x00000000
        3755000	       276	80003234	0000f997	auipc	x19,0xf	 x19=0x80012234
        3765000	       277	80003238	78c98993	addi	x19,x19,1932	 x19:0x80012234 x19=0x800129c0
        3775000	       278	8000323c	ff398803	lb	x16,-13(x19)	 x19:0x800129c0 x16=0x00000000 PA:0x800129b3 load:0x00000000
        3785000	       279	80003240	ff899803	lh	x16,-8(x19)	 x19:0x800129c0 x16=0x00000000 PA:0x800129b8 load:0x00000000
        3795000	       280	80003244	00010b17	auipc	x22,0x10	 x22=0x80013244
        3805000	       281	80003248	a3ab0b13	addi	x22,x22,-1478	 x22:0x80013244 x22=0x80012c7e
        3815000	       282	8000324c	00499a03	lh	x20,4(x19)	 x19:0x800129c0 x20=0x00000000 PA:0x800129c4 load:0x00000000
        3825000	       283	80003250	fcab0aa3	sb	x10,-43(x22)	 x22:0x80012c7e x10:0x80000000 PA:0x80012c53 store:0x80000000 load:0x00000000
        3835000	       284	80003254	0000f697	auipc	x13,0xf	 x13=0x80012254
        3845000	       285	80003258	ec068693	addi	x13,x13,-320	 x13:0x80012254 x13=0x80012114
        3855000	       286	8000325c	0000fd17	auipc	x26,0xf	 x26=0x8001225c
        3865000	       287	80003260	5ddd0d13	addi	x26,x26,1501	 x26:0x8001225c x26=0x80012839
        3875000	       288	80003264	ffb9ae23	sw	x27,-4(x19)	 x19:0x800129c0 x27:0x00000009 PA:0x800129bc store:0x00000009 load:0x00000000
        3885000	       289	80003268	04b68aa3	sb	x11,85(x13)	 x13:0x80012114 x11:0x894eacb4 PA:0x80012169 store:0x894eacb4 load:0x00000000
        3895000	       290	8000326c	0046dc83	lhu	x25,4(x13)	 x13:0x80012114 x25=0x00000000 PA:0x80012118 load:0x00000000
        3905000	       291	80003270	00ad4c03	lbu	x24,10(x26)	 x26:0x80012839 x24=0x00000000 PA:0x80012843 load:0x00000000
        3915000	       292	80003274	00dd4e03	lbu	x28,13(x26)	 x26:0x80012839 x28=0x00000000 PA:0x80012846 load:0x00000000
        3925000	       293	80003278	0c6b0a23	sb	x6,212(x22)	 x22:0x80012c7e  x6:0xff61ccf8 PA:0x80012d52 store:0xff61ccf8 load:0x00000000
        3935000	       294	8000327c	082b2083	lw	x1,130(x22)	 x22:0x80012c7e  x1=0x00000000 PA:0x80012d00 load:0x00000000
        3945000	       295	80003280	ff5d1083	lh	x1,-11(x26)	 x26:0x80012839  x1=0x00000000 PA:0x8001282e load:0x00000000
        3955000	       296	80003284	004d0e83	lb	x29,4(x26)	 x26:0x80012839 x29=0x00000000 PA:0x8001283d load:0x00000000
        3965000	       297	80003288	ff26d003	lhu	x0,-14(x13)	 x13:0x80012114  x0=0x00000000 PA:0x80012106 load:0x00000000
        3975000	       298	8000328c	07fb0303	lb	x6,127(x22)	 x22:0x80012c7e  x6=0x00000000 PA:0x80012cfd load:0x00000000
        3995000	       300	80003290	00698723	sb	x6,14(x19)	 x19:0x800129c0  x6:0x00000000 PA:0x800129ce store:0x00000000 load:0x00000000
        4005000	       301	80003294	fa269b83	lh	x23,-94(x13)	 x13:0x80012114 x23=0x00000000 PA:0x800120b6 load:0x00000000
        4015000	       302	80003298	0776c803	lbu	x16,119(x13)	 x13:0x80012114 x16=0x00000000 PA:0x8001218b load:0x00000000
        4025000	       303	8000329c	f8968803	lb	x16,-119(x13)	 x13:0x80012114 x16=0x00000000 PA:0x8001209d load:0x00000000
        4035000	       304	800032a0	ff8d4883	lbu	x17,-8(x26)	 x26:0x80012839 x17=0x00000000 PA:0x80012831 load:0x00000000
        4045000	       305	800032a4	0d86d883	lhu	x17,216(x13)	 x13:0x80012114 x17=0x00000000 PA:0x800121ec load:0x00000000
        4055000	       306	800032a8	00c98403	lb	x8,12(x19)	 x19:0x800129c0  x8=0x00000000 PA:0x800129cc load:0x00000000
        4065000	       307	800032ac	00dd5c83	lhu	x25,13(x26)	 x26:0x80012839 x25=0x00000000 PA:0x80012846 load:0x00000000
        4075000	       308	800032b0	018b4603	lbu	x12,24(x22)	 x22:0x80012c7e x12=0x00000000 PA:0x80012c96 load:0x00000000
        4085000	       309	800032b4	0f56c103	lbu	x2,245(x13)	 x13:0x80012114  x2=0x00000000 PA:0x80012209 load:0x00000000
        4095000	       310	800032b8	0fcb1803	lh	x16,252(x22)	 x22:0x80012c7e x16=0x00000000 PA:0x80012d7a load:0x00000000
        4105000	       311	800032bc	00ad0e83	lb	x29,10(x26)	 x26:0x80012839 x29=0x00000000 PA:0x80012843 load:0x00000000
        4115000	       312	800032c0	003d2803	lw	x16,3(x26)	 x26:0x80012839 x16=0x00000000 PA:0x8001283c load:0x00000000
        4125000	       313	800032c4	f9568203	lb	x4,-107(x13)	 x13:0x80012114  x4=0x00000000 PA:0x800120a9 load:0x00000000
        4135000	       314	800032c8	fa368883	lb	x17,-93(x13)	 x13:0x80012114 x17=0x00000000 PA:0x800120b7 load:0x00000000
        4145000	       315	800032cc	01299423	sh	x18,8(x19)	 x19:0x800129c0 x18:0x00000000 PA:0x800129c8 store:0x00000000 load:0x00000000
        4155000	       316	800032d0	019d23a3	sw	x25,7(x26)	 x26:0x80012839 x25:0x00000000 PA:0x80012840 store:0x00000000 load:0x00000000
        4165000	       317	800032d4	07ab05a3	sb	x26,107(x22)	 x22:0x80012c7e x26:0x80012839 PA:0x80012ce9 store:0x80012839 load:0x00000000
        4175000	       318	800032d8	0000f217	auipc	x4,0xf	  x4=0x800122d8
        4185000	       319	800032dc	34920213	addi	x4,x4,841	  x4:0x800122d8  x4=0x80012621
        4195000	       320	800032e0	00010117	auipc	x2,0x10	  x2=0x800132e0
        4205000	       321	800032e4	8be10113	addi	x2,x2,-1858	  x2:0x800132e0  x2=0x80012b9e
        4215000	       322	800032e8	00010197	auipc	x3,0x10	  x3=0x800132e8
        4225000	       323	800032ec	88a18193	addi	x3,x3,-1910	  x3:0x800132e8  x3=0x80012b72
        4235000	       324	800032f0	00a14303	lbu	x6,10(x2)	  x2:0x80012b9e  x6=0x00000000 PA:0x80012ba8 load:0x00000000
        4245000	       325	800032f4	0000f997	auipc	x19,0xf	 x19=0x800122f4
        4255000	       326	800032f8	4a998993	addi	x19,x19,1193	 x19:0x800122f4 x19=0x8001279d
        4265000	       327	800032fc	02f10f83	lb	x31,47(x2)	  x2:0x80012b9e x31=0x00000000 PA:0x80012bcd load:0x00000000
        4275000	       328	80003300	0000fb17	auipc	x22,0xf	 x22=0x80012300
        4285000	       329	80003304	414b0b13	addi	x22,x22,1044	 x22:0x80012300 x22=0x80012714
        4295000	       330	80003308	fbb24d83	lbu	x27,-69(x4)	  x4:0x80012621 x27=0x00000000 PA:0x800125dc load:0x00000000
        4305000	       331	8000330c	00610003	lb	x0,6(x2)	  x2:0x80012b9e  x0=0x00000000 PA:0x80012ba4 load:0x00000000
        4315000	       332	80003310	0d020883	lb	x17,208(x4)	  x4:0x80012621 x17=0x00000000 PA:0x800126f1 load:0x00000000
        4325000	       333	80003314	00c98e83	lb	x29,12(x19)	 x19:0x8001279d x29=0x00000000 PA:0x800127a9 load:0x00000000
        4335000	       334	80003318	fe012923	sw	x0,-14(x2)	  x2:0x80012b9e  x0:0x00000000 PA:0x80012b90 store:0x00000000 load:0x00000000
        4345000	       335	8000331c	00cb0623	sb	x12,12(x22)	 x22:0x80012714 x12:0x00000000 PA:0x80012720 store:0x00000000 load:0x00000000
        4355000	       336	80003320	ffb9d803	lhu	x16,-5(x19)	 x19:0x8001279d x16=0x00000000 PA:0x80012798 load:0x00000000
        4365000	       337	80003324	00c14903	lbu	x18,12(x2)	  x2:0x80012b9e x18=0x00000000 PA:0x80012baa load:0x00000000
        4375000	       338	80003328	fe620ea3	sb	x6,-3(x4)	  x4:0x80012621  x6:0x00000000 PA:0x8001261e store:0x00000000 load:0x00000000
        4385000	       339	8000332c	02e10823	sb	x14,48(x2)	  x2:0x80012b9e x14:0x0000000e PA:0x80012bce store:0x0000000e load:0x00000000
        4395000	       340	80003330	fb624003	lbu	x0,-74(x4)	  x4:0x80012621  x0=0x00000000 PA:0x800125d7 load:0x00000000
        4405000	       341	80003334	d41186a3	sb	x1,-691(x3)	  x3:0x80012b72  x1:0x00000000 PA:0x800128bf store:0x00000000 load:0x00000000
        4415000	       342	80003338	f8d25303	lhu	x6,-115(x4)	  x4:0x80012621  x6=0x00000000 PA:0x800125ae load:0x00000000
        4425000	       343	8000333c	00399f83	lh	x31,3(x19)	 x19:0x8001279d x31=0x00000000 PA:0x800127a0 load:0x00000000
        4435000	       344	80003340	b7818b23	sb	x24,-1162(x3)	  x3:0x80012b72 x24:0x00000000 PA:0x800126e8 store:0x00000000 load:0x00000000
        4445000	       345	80003344	ffbb4803	lbu	x16,-5(x22)	 x22:0x80012714 x16=0x00000000 PA:0x8001270f load:0x00000000
        4455000	       346	80003348	01510ea3	sb	x21,29(x2)	  x2:0x80012b9e x21:0x00000000 PA:0x80012bbb store:0x00000000 load:0x00000000
        4465000	       347	8000334c	00298703	lb	x14,2(x19)	 x19:0x8001279d x14=0x00000000 PA:0x8001279f load:0x00000000
        4475000	       348	80003350	ff6b1923	sh	x22,-14(x22)	 x22:0x80012714 x22:0x80012714 PA:0x80012706 store:0x80012714 load:0x00000000
        4485000	       349	80003354	00824383	lbu	x7,8(x4)	  x4:0x80012621  x7=0x00000000 PA:0x80012629 load:0x00000000
        4495000	       350	80003358	faa1a783	lw	x15,-86(x3)	  x3:0x80012b72 x15=0x00000000 PA:0x80012b1c load:0x00000000
        4505000	       351	8000335c	9fe19e83	lh	x29,-1538(x3)	  x3:0x80012b72 x29=0x00000000 PA:0x80012570 load:0x00000000
        4515000	       352	80003360	01710c83	lb	x25,23(x2)	  x2:0x80012b9e x25=0x00000000 PA:0x80012bb5 load:0x00000000
        4525000	       353	80003364	0c121c03	lh	x24,193(x4)	  x4:0x80012621 x24=0x00000000 PA:0x800126e2 load:0x00000000
        4535000	       354	80003368	01298723	sb	x18,14(x19)	 x19:0x8001279d x18:0x00000000 PA:0x800127ab store:0x00000000 load:0x00000000
        4545000	       355	8000336c	006b1c83	lh	x25,6(x22)	 x22:0x80012714 x25=0x00000000 PA:0x8001271a load:0x00000000
        4555000	       356	80003370	fb824283	lbu	x5,-72(x4)	  x4:0x80012621  x5=0x00000000 PA:0x800125d9 load:0x00000000
        4565000	       357	80003374	f5c183a3	sb	x28,-185(x3)	  x3:0x80012b72 x28:0x00000000 PA:0x80012ab9 store:0x00000000 load:0x00000000
        4575000	       358	80003378	fd510903	lb	x18,-43(x2)	  x2:0x80012b9e x18=0x00000000 PA:0x80012b73 load:0x00000000
        4585000	       359	8000337c	02610ba3	sb	x6,55(x2)	  x2:0x80012b9e  x6:0x00000000 PA:0x80012bd5 store:0x00000000 load:0x00000000
        4595000	       360	80003380	005b2423	sw	x5,8(x22)	 x22:0x80012714  x5:0x00000000 PA:0x8001271c store:0x00000000 load:0x00000000
        4605000	       361	80003384	fe920803	lb	x16,-23(x4)	  x4:0x80012621 x16=0x00000000 PA:0x8001260a load:0x00000000
        4615000	       362	80003388	ffb9a503	lw	x10,-5(x19)	 x19:0x8001279d x10=0x00000000 PA:0x80012798 load:0x00000000
        4625000	       363	8000338c	0000f117	auipc	x2,0xf	  x2=0x8001238c
        4635000	       364	80003390	61310113	addi	x2,x2,1555	  x2:0x8001238c  x2=0x8001299f
        4645000	       365	80003394	fee14a03	lbu	x20,-18(x2)	  x2:0x8001299f x20=0x00000000 PA:0x8001298d load:0x00000000
        4655000	       366	80003398	fee14183	lbu	x3,-18(x2)	  x2:0x8001299f  x3=0x00000000 PA:0x8001298d load:0x00000000
        4665000	       367	8000339c	ffd10723	sb	x29,-18(x2)	  x2:0x8001299f x29:0x00000000 PA:0x8001298d store:0x00000000 load:0x00000000
        4675000	       368	800033a0	fee10c83	lb	x25,-18(x2)	  x2:0x8001299f x25=0x00000000 PA:0x8001298d load:0x00000000
        4685000	       369	800033a4	fee14003	lbu	x0,-18(x2)	  x2:0x8001299f  x0=0x00000000 PA:0x8001298d load:0x00000000
        4695000	       370	800033a8	01bb6cb3	or	x25,x22,x27	 x22:0x80012714 x27:0x00000000 x25=0x80012714
        4705000	       371	800033ac	8645	c.srai	x12,0x11	 x12:0x00000000 x12=0x00000000
        4715000	       372	800033ae	01cb1413	slli	x8,x22,0x1c	 x22:0x80012714  x8=0x40000000
        4725000	       373	800033b2	00e19bb3	sll	x23,x3,x14	  x3:0x00000000 x14:0x00000000 x23=0x00000000
        4735000	       374	800033b6	fee10d83	lb	x27,-18(x2)	  x2:0x8001299f x27=0x00000000 PA:0x8001298d load:0x00000000
        4745000	       375	800033ba	fee10503	lb	x10,-18(x2)	  x2:0x8001299f x10=0x00000000 PA:0x8001298d load:0x00000000
        4755000	       376	800033be	fee14703	lbu	x14,-18(x2)	  x2:0x8001299f x14=0x00000000 PA:0x8001298d load:0x00000000
        4765000	       377	800033c2	41a95ab3	sra	x21,x18,x26	 x18:0x00000000 x26:0x80012839 x21=0x00000000
        4775000	       378	800033c6	feb10723	sb	x11,-18(x2)	  x2:0x8001299f x11:0x894eacb4 PA:0x8001298d store:0x894eacb4 load:0x00000000
        4785000	       379	800033ca	fee10f83	lb	x31,-18(x2)	  x2:0x8001299f x31=0xffffffb4 PA:0x8001298d load:0xffffffb4
        4795000	       380	800033ce	0001af97	auipc	x31,0x1a	 x31=0x8001d3ce
        4805000	       381	800033d2	d1cf8f93	addi	x31,x31,-740	 x31:0x8001d3ce x31=0x8001d0ea
        4815000	       382	800033d6	469f8203	lb	x4,1129(x31)	 x31:0x8001d0ea  x4=0x00000000 PA:0x8001d553 load:0x00000000
        4825000	       383	800033da	0e6f88a3	sb	x6,241(x31)	 x31:0x8001d0ea  x6:0x00000000 PA:0x8001d1db store:0x00000000 load:0x00000000
        4835000	       384	800033de	9322	c.add	x6,x8	  x6:0x00000000  x8:0x40000000  x6=0x40000000
        4845000	       385	800033e0	935fc983	lbu	x19,-1739(x31)	 x31:0x8001d0ea x19=0x00000000 PA:0x8001ca1f load:0x00000000
        4855000	       386	800033e4	885e	c.mv	x16,x23	  x0:0x00000000 x23:0x00000000 x16=0x00000000
        4865000	       387	800033e6	0dff8b23	sb	x31,214(x31)	 x31:0x8001d0ea x31:0x8001d0ea PA:0x8001d1c0 store:0x8001d0ea load:0x00000000
        4875000	       388	800033ea	412a5833	sra	x16,x20,x18	 x20:0x00000000 x18:0x00000000 x16=0x00000000
        4885000	       389	800033ee	8fe9	c.and	x15,x10	 x15:0x00000000 x10:0x00000000 x15=0x00000000
        4895000	       390	800033f0	50cd6693	ori	x13,x26,1292	 x26:0x80012839 x13=0x80012d3d
        4905000	       391	800033f4	b37718b7	lui	x17,0xb3771	 x17=0xb3771000
        4915000	       392	800033f8	40e00a33	sub	x20,x0,x14	  x0:0x00000000 x14:0x00000000 x20=0x00000000
        4925000	       393	800033fc	3abf8da3	sb	x11,955(x31)	 x31:0x8001d0ea x11:0x894eacb4 PA:0x8001d4a5 store:0x894eacb4 load:0x00000000
        4935000	       394	80003400	6fdf8703	lb	x14,1789(x31)	 x31:0x8001d0ea x14=0x00000000 PA:0x8001d7e7 load:0x00000000
        4945000	       395	80003404	c15f9923	sh	x21,-1006(x31)	 x31:0x8001d0ea x21:0x00000000 PA:0x8001ccfc store:0x00000000 load:0x00000000
        4955000	       396	80003408	b8141197	auipc	x3,0xb8141	  x3=0x38144408
        4965000	       397	8000340c	7a4fcb03	lbu	x22,1956(x31)	 x31:0x8001d0ea x22=0x00000000 PA:0x8001d88e load:0x00000000
        4975000	       398	80003410	876f9183	lh	x3,-1930(x31)	 x31:0x8001d0ea  x3=0x00000000 PA:0x8001c960 load:0x00000000
        5005000	       401	80003414	03130ab3	mul	x21,x6,x17	  x6:0x40000000 x17:0xb3771000 x21=0x00000000
        5015000	       402	80003418	0c7a	c.slli	x24,0x1e	 x24:0x00000000 x24=0x00000000
        5025000	       403	8000341a	012f2133	slt	x2,x30,x18	 x30:0x8002bce4 x18:0x00000000  x2=0x00000001
        5035000	       404	8000341e	56946193	ori	x3,x8,1385	  x8:0x40000000  x3=0x40000569
        5045000	       405	80003422	d4af9e03	lh	x28,-694(x31)	 x31:0x8001d0ea x28=0x00000000 PA:0x8001ce34 load:0x00000000
        5055000	       406	80003426	00017517	auipc	x10,0x17	 x10=0x8001a426
        5065000	       407	8000342a	83d50513	addi	x10,x10,-1987	 x10:0x8001a426 x10=0x80019c63
        5075000	       408	8000342e	05c0fb13	andi	x22,x1,92	  x1:0x00000000 x22=0x00000000
        5085000	       409	80003432	8e7d	c.and	x12,x15	 x12:0x00000000 x15:0x00000000 x12=0x00000000
        5095000	       410	80003434	03154d03	lbu	x26,49(x10)	 x10:0x80019c63 x26=0x00000000 PA:0x80019c94 load:0x00000000
        5105000	       411	80003438	01751b03	lh	x22,23(x10)	 x10:0x80019c63 x22=0x00000000 PA:0x80019c7a load:0x00000000
        5115000	       412	8000343c	00d52083	lw	x1,13(x10)	 x10:0x80019c63  x1=0x00000000 PA:0x80019c70 load:0x00000000
        5155000	       416	80003440	03ab30b3	mulhu	x1,x22,x26	 x22:0x00000000 x26:0x00000000  x1=0x00000000
        5195000	       420	80003444	02cb3633	mulhu	x12,x22,x12	 x22:0x00000000 x12:0x00000000 x12=0x00000000
        5205000	       421	80003448	44db0813	addi	x16,x22,1101	 x22:0x00000000 x16=0x0000044d
        5215000	       422	8000344c	ff555083	lhu	x1,-11(x10)	 x10:0x80019c63  x1=0x00000000 PA:0x80019c58 load:0x00000000
        5245000	       425	80003450	021670b3	remu	x1,x12,x1	 x12:0x00000000  x1:0x00000000  x1=0x00000000
        5255000	       426	80003454	8e31	c.xor	x12,x12	 x12:0x00000000 x12:0x00000000 x12=0x00000000
        5265000	       427	80003456	01350083	lb	x1,19(x10)	 x10:0x80019c63  x1=0x00000000 PA:0x80019c76 load:0x00000000
        5275000	       428	8000345a	02350803	lb	x16,35(x10)	 x10:0x80019c63 x16=0x00000000 PA:0x80019c86 load:0x00000000
        5285000	       429	8000345e	01ab6833	or	x16,x22,x26	 x22:0x00000000 x26:0x00000000 x16=0x00000000
        5295000	       430	80003462	866a	c.mv	x12,x26	  x0:0x00000000 x26:0x00000000 x12=0x00000000
        5305000	       431	80003464	01ad27b3	slt	x15,x26,x26	 x26:0x00000000 x26:0x00000000 x15=0x00000000
        5315000	       432	80003468	03050c23	sb	x16,56(x10)	 x10:0x80019c63 x16:0x00000000 PA:0x80019c9b store:0x00000000 load:0x00000000
        5325000	       433	8000346c	40785613	srai	x12,x16,0x7	 x16:0x00000000 x12=0x00000000
        5335000	       434	80003470	fcc50523	sb	x12,-54(x10)	 x10:0x80019c63 x12:0x00000000 PA:0x80019c2d store:0x00000000 load:0x00000000
        5345000	       435	80003474	10500073	wfi	
        6075000	       508	8000252c	905fe06f	jal	x0,80000e30	  x0=0x00000000
        6095000	       510	80000e30	1f71	c.addi	x30,-4	 x30:0x8002bce4 x30=0x8002bce0
        6105000	       511	80000e32	009f2023	sw	x9,0(x30)	 x30:0x8002bce0  x9:0x80027e64 PA:0x8002bce0 store:0x80027e64 load:0x00000000
        6115000	       512	80000e36	000f04b3	add	x9,x30,x0	 x30:0x8002bce0  x0:0x00000000  x9=0x8002bce0
        6125000	       513	80000e3a	f8048493	addi	x9,x9,-128	  x9:0x8002bce0  x9=0x8002bc60
        6135000	       514	80000e3e	0014a223	sw	x1,4(x9)	  x9:0x8002bc60  x1:0x00000000 PA:0x8002bc64 store:0x00000000 load:0x00000000
        6145000	       515	80000e42	0024a423	sw	x2,8(x9)	  x9:0x8002bc60  x2:0x00000001 PA:0x8002bc68 store:0x00000001 load:0x00000000
        6155000	       516	80000e46	0034a623	sw	x3,12(x9)	  x9:0x8002bc60  x3:0x40000569 PA:0x8002bc6c store:0x40000569 load:0x00000000
        6165000	       517	80000e4a	0044a823	sw	x4,16(x9)	  x9:0x8002bc60  x4:0x00000000 PA:0x8002bc70 store:0x00000000 load:0x00000000
        6175000	       518	80000e4e	0054aa23	sw	x5,20(x9)	  x9:0x8002bc60  x5:0x00000000 PA:0x8002bc74 store:0x00000000 load:0x00000000
        6185000	       519	80000e52	0064ac23	sw	x6,24(x9)	  x9:0x8002bc60  x6:0x40000000 PA:0x8002bc78 store:0x40000000 load:0x00000000
        6195000	       520	80000e56	0074ae23	sw	x7,28(x9)	  x9:0x8002bc60  x7:0x00000000 PA:0x8002bc7c store:0x00000000 load:0x00000000
        6205000	       521	80000e5a	d080	c.sw	x8,32(x9)	  x9:0x8002bc60  x8:0x40000000 PA:0x8002bc80 store:0x40000000 load:0x00000000
        6215000	       522	80000e5c	d0c4	c.sw	x9,36(x9)	  x9:0x8002bc60  x9:0x8002bc60 PA:0x8002bc84 store:0x8002bc60 load:0x00000000
        6225000	       523	80000e5e	d488	c.sw	x10,40(x9)	  x9:0x8002bc60 x10:0x80019c63 PA:0x8002bc88 store:0x80019c63 load:0x00000000
        6235000	       524	80000e60	d4cc	c.sw	x11,44(x9)	  x9:0x8002bc60 x11:0x894eacb4 PA:0x8002bc8c store:0x894eacb4 load:0x00000000
        6245000	       525	80000e62	d890	c.sw	x12,48(x9)	  x9:0x8002bc60 x12:0x00000000 PA:0x8002bc90 store:0x00000000 load:0x00000000
        6255000	       526	80000e64	d8d4	c.sw	x13,52(x9)	  x9:0x8002bc60 x13:0x80012d3d PA:0x8002bc94 store:0x80012d3d load:0x00000000
        6265000	       527	80000e66	dc98	c.sw	x14,56(x9)	  x9:0x8002bc60 x14:0x00000000 PA:0x8002bc98 store:0x00000000 load:0x00000000
        6275000	       528	80000e68	dcdc	c.sw	x15,60(x9)	  x9:0x8002bc60 x15:0x00000000 PA:0x8002bc9c store:0x00000000 load:0x00000000
        6285000	       529	80000e6a	0504a023	sw	x16,64(x9)	  x9:0x8002bc60 x16:0x00000000 PA:0x8002bca0 store:0x00000000 load:0x00000000
        6295000	       530	80000e6e	0514a223	sw	x17,68(x9)	  x9:0x8002bc60 x17:0xb3771000 PA:0x8002bca4 store:0xb3771000 load:0x00000000
        6305000	       531	80000e72	0524a423	sw	x18,72(x9)	  x9:0x8002bc60 x18:0x00000000 PA:0x8002bca8 store:0x00000000 load:0x00000000
        6315000	       532	80000e76	0534a623	sw	x19,76(x9)	  x9:0x8002bc60 x19:0x00000000 PA:0x8002bcac store:0x00000000 load:0x00000000
        6325000	       533	80000e7a	0544a823	sw	x20,80(x9)	  x9:0x8002bc60 x20:0x00000000 PA:0x8002bcb0 store:0x00000000 load:0x00000000
        6335000	       534	80000e7e	0554aa23	sw	x21,84(x9)	  x9:0x8002bc60 x21:0x00000000 PA:0x8002bcb4 store:0x00000000 load:0x00000000
        6345000	       535	80000e82	0564ac23	sw	x22,88(x9)	  x9:0x8002bc60 x22:0x00000000 PA:0x8002bcb8 store:0x00000000 load:0x00000000
        6355000	       536	80000e86	0574ae23	sw	x23,92(x9)	  x9:0x8002bc60 x23:0x00000000 PA:0x8002bcbc store:0x00000000 load:0x00000000
        6365000	       537	80000e8a	0784a023	sw	x24,96(x9)	  x9:0x8002bc60 x24:0x00000000 PA:0x8002bcc0 store:0x00000000 load:0x00000000
        6375000	       538	80000e8e	0794a223	sw	x25,100(x9)	  x9:0x8002bc60 x25:0x80012714 PA:0x8002bcc4 store:0x80012714 load:0x00000000
        6385000	       539	80000e92	07a4a423	sw	x26,104(x9)	  x9:0x8002bc60 x26:0x00000000 PA:0x8002bcc8 store:0x00000000 load:0x00000000
        6395000	       540	80000e96	07b4a623	sw	x27,108(x9)	  x9:0x8002bc60 x27:0x00000000 PA:0x8002bccc store:0x00000000 load:0x00000000
        6405000	       541	80000e9a	07c4a823	sw	x28,112(x9)	  x9:0x8002bc60 x28:0x00000000 PA:0x8002bcd0 store:0x00000000 load:0x00000000
        6415000	       542	80000e9e	07d4aa23	sw	x29,116(x9)	  x9:0x8002bc60 x29:0x00000000 PA:0x8002bcd4 store:0x00000000 load:0x00000000
        6425000	       543	80000ea2	07e4ac23	sw	x30,120(x9)	  x9:0x8002bc60 x30:0x8002bce0 PA:0x8002bcd8 store:0x8002bce0 load:0x00000000
        6435000	       544	80000ea6	07f4ae23	sw	x31,124(x9)	  x9:0x8002bc60 x31:0x8001d0ea PA:0x8002bcdc store:0x8001d0ea load:0x00000000
        6445000	       545	80000eaa	00048f33	add	x30,x9,x0	  x9:0x8002bc60  x0:0x00000000 x30=0x8002bc60
        6455000	       546	80000eae	90000d37	lui	x26,0x90000	 x26=0x90000000
        6465000	       547	80000eb2	1d71	c.addi	x26,-4	 x26:0x90000000 x26=0x8ffffffc
        6475000	       548	80000eb4	4619	c.li	x12,6	 x12=0x00000006
        6485000	       549	80000eb6	0622	c.slli	x12,0x8	 x12:0x00000006 x12=0x00000600
        6495000	       550	80000eb8	00060613	addi	x12,x12,0	 x12:0x00000600 x12=0x00000600
        6505000	       551	80000ebc	00cd2023	sw	x12,0(x26)	 x26:0x8ffffffc x12:0x00000600 PA:0x8ffffffc store:0x00000600 load:0x00000000
        6515000	       552	80000ec0	34202673	csrrs	x12,mcause,x0	  x0:0x00000000 x12=0x8000000b
        6525000	       553	80000ec4	827d	c.srli	x12,0x1f	 x12:0x8000000b x12=0x00000001
        6535000	       554	80000ec6	c63d	c.beqz	x12,80000f34	 x12:0x00000001
        6545000	       555	80000ec8	90000d37	lui	x26,0x90000	 x26=0x90000000
        6555000	       556	80000ecc	1d71	c.addi	x26,-4	 x26:0x90000000 x26=0x8ffffffc
        6565000	       557	80000ece	30000613	addi	x12,x0,768	  x0:0x00000000 x12=0x00000300
        6575000	       558	80000ed2	0622	c.slli	x12,0x8	 x12:0x00000300 x12=0x00030000
        6585000	       559	80000ed4	060d	c.addi	x12,3	 x12:0x00030000 x12=0x00030003
        6595000	       560	80000ed6	00cd2023	sw	x12,0(x26)	 x26:0x8ffffffc x12:0x00030003 PA:0x8ffffffc store:0x00030003 load:0x00000000
        6605000	       561	80000eda	30002673	csrrs	x12,mstatus,x0	  x0:0x00000000 x12=0x00000000
        6615000	       562	80000ede	00cd2023	sw	x12,0(x26)	 x26:0x8ffffffc x12:0x00000000 PA:0x8ffffffc store:0x00000000 load:0x00000000
        6625000	       563	80000ee2	90000d37	lui	x26,0x90000	 x26=0x90000000
        6635000	       564	80000ee6	1d71	c.addi	x26,-4	 x26:0x90000000 x26=0x8ffffffc
        6645000	       565	80000ee8	34200613	addi	x12,x0,834	  x0:0x00000000 x12=0x00000342
        6655000	       566	80000eec	0622	c.slli	x12,0x8	 x12:0x00000342 x12=0x00034200
        6665000	       567	80000eee	060d	c.addi	x12,3	 x12:0x00034200 x12=0x00034203
        6675000	       568	80000ef0	00cd2023	sw	x12,0(x26)	 x26:0x8ffffffc x12:0x00034203 PA:0x8ffffffc store:0x00034203 load:0x00000000
        6685000	       569	80000ef4	34202673	csrrs	x12,mcause,x0	  x0:0x00000000 x12=0x8000000b
        6695000	       570	80000ef8	00cd2023	sw	x12,0(x26)	 x26:0x8ffffffc x12:0x8000000b PA:0x8ffffffc store:0x8000000b load:0x00000000
        6705000	       571	80000efc	90000d37	lui	x26,0x90000	 x26=0x90000000
        6715000	       572	80000f00	1d71	c.addi	x26,-4	 x26:0x90000000 x26=0x8ffffffc
        6725000	       573	80000f02	30400613	addi	x12,x0,772	  x0:0x00000000 x12=0x00000304
        6735000	       574	80000f06	0622	c.slli	x12,0x8	 x12:0x00000304 x12=0x00030400
        6745000	       575	80000f08	060d	c.addi	x12,3	 x12:0x00030400 x12=0x00030403
        6755000	       576	80000f0a	00cd2023	sw	x12,0(x26)	 x26:0x8ffffffc x12:0x00030403 PA:0x8ffffffc store:0x00030403 load:0x00000000
        6765000	       577	80000f0e	30402673	csrrs	x12,mie,x0	  x0:0x00000000 x12=0x66fb0888
        6775000	       578	80000f12	00cd2023	sw	x12,0(x26)	 x26:0x8ffffffc x12:0x66fb0888 PA:0x8ffffffc store:0x66fb0888 load:0x00000000
        6785000	       579	80000f16	90000d37	lui	x26,0x90000	 x26=0x90000000
        6795000	       580	80000f1a	1d71	c.addi	x26,-4	 x26:0x90000000 x26=0x8ffffffc
        6805000	       581	80000f1c	34400613	addi	x12,x0,836	  x0:0x00000000 x12=0x00000344
        6815000	       582	80000f20	0622	c.slli	x12,0x8	 x12:0x00000344 x12=0x00034400
        6825000	       583	80000f22	060d	c.addi	x12,3	 x12:0x00034400 x12=0x00034403
        6835000	       584	80000f24	00cd2023	sw	x12,0(x26)	 x26:0x8ffffffc x12:0x00034403 PA:0x8ffffffc store:0x00034403 load:0x00000000
        6845000	       585	80000f28	34402673	csrrs	x12,mip,x0	  x0:0x00000000 x12=0x00000000
        6855000	       586	80000f2c	00cd2023	sw	x12,0(x26)	 x26:0x8ffffffc x12:0x00000000 PA:0x8ffffffc store:0x00000000 load:0x00000000
        6865000	       587	80000f30	6ad1006f	jal	x0,80011ddc	  x0=0x00000000
        6885000	       589	80011ddc	30002673	csrrs	x12,mstatus,x0	  x0:0x00000000 x12=0x00000000
        6895000	       590	80011de0	30402673	csrrs	x12,mie,x0	  x0:0x00000000 x12=0x66fb0888
        6905000	       591	80011de4	34402673	csrrs	x12,mip,x0	  x0:0x00000000 x12=0x00000000
        6915000	       592	80011de8	34463673	csrrc	x12,mip,x12	 x12:0x00000000 x12=0x00000000
        6945000	       595	80011dec	90000d37	lui	x26,0x90000	 x26=0x90000000
        6955000	       596	80011df0	1d71	c.addi	x26,-4	 x26:0x90000000 x26=0x8ffffffc
        6965000	       597	80011df2	461d	c.li	x12,7	 x12=0x00000007
        6975000	       598	80011df4	0622	c.slli	x12,0x8	 x12:0x00000007 x12=0x00000700
        6985000	       599	80011df6	00060613	addi	x12,x12,0	 x12:0x00000700 x12=0x00000700
        6995000	       600	80011dfa	00cd2023	sw	x12,0(x26)	 x26:0x8ffffffc x12:0x00000700 PA:0x8ffffffc store:0x00000700 load:0x00000000
        7005000	       601	80011dfe	000f04b3	add	x9,x30,x0	 x30:0x8002bc60  x0:0x00000000  x9=0x8002bc60
        7015000	       602	80011e02	0044a083	lw	x1,4(x9)	  x9:0x8002bc60  x1=0x00000000 PA:0x8002bc64 load:0x00000000
        7025000	       603	80011e06	0084a103	lw	x2,8(x9)	  x9:0x8002bc60  x2=0x00000001 PA:0x8002bc68 load:0x00000001
        7035000	       604	80011e0a	00c4a183	lw	x3,12(x9)	  x9:0x8002bc60  x3=0x40000569 PA:0x8002bc6c load:0x40000569
        7045000	       605	80011e0e	0104a203	lw	x4,16(x9)	  x9:0x8002bc60  x4=0x00000000 PA:0x8002bc70 load:0x00000000
        7055000	       606	80011e12	0144a283	lw	x5,20(x9)	  x9:0x8002bc60  x5=0x00000000 PA:0x8002bc74 load:0x00000000
        7065000	       607	80011e16	0184a303	lw	x6,24(x9)	  x9:0x8002bc60  x6=0x40000000 PA:0x8002bc78 load:0x40000000
        7075000	       608	80011e1a	01c4a383	lw	x7,28(x9)	  x9:0x8002bc60  x7=0x00000000 PA:0x8002bc7c load:0x00000000
        7085000	       609	80011e1e	5080	c.lw	x8,32(x9)	  x9:0x8002bc60  x8=0x40000000 PA:0x8002bc80 load:0x40000000
        7095000	       610	80011e20	50c4	c.lw	x9,36(x9)	  x9:0x8002bc60  x9=0x8002bc60 PA:0x8002bc84 load:0x8002bc60
        7115000	       612	80011e22	5488	c.lw	x10,40(x9)	  x9:0x8002bc60 x10=0x80019c63 PA:0x8002bc88 load:0x80019c63
        7125000	       613	80011e24	54cc	c.lw	x11,44(x9)	  x9:0x8002bc60 x11=0x894eacb4 PA:0x8002bc8c load:0x894eacb4
        7135000	       614	80011e26	5890	c.lw	x12,48(x9)	  x9:0x8002bc60 x12=0x00000000 PA:0x8002bc90 load:0x00000000
        7145000	       615	80011e28	58d4	c.lw	x13,52(x9)	  x9:0x8002bc60 x13=0x80012d3d PA:0x8002bc94 load:0x80012d3d
        7155000	       616	80011e2a	5c98	c.lw	x14,56(x9)	  x9:0x8002bc60 x14=0x00000000 PA:0x8002bc98 load:0x00000000
        7165000	       617	80011e2c	5cdc	c.lw	x15,60(x9)	  x9:0x8002bc60 x15=0x00000000 PA:0x8002bc9c load:0x00000000
        7175000	       618	80011e2e	0404a803	lw	x16,64(x9)	  x9:0x8002bc60 x16=0x00000000 PA:0x8002bca0 load:0x00000000
        7185000	       619	80011e32	0444a883	lw	x17,68(x9)	  x9:0x8002bc60 x17=0xb3771000 PA:0x8002bca4 load:0xb3771000
        7195000	       620	80011e36	0484a903	lw	x18,72(x9)	  x9:0x8002bc60 x18=0x00000000 PA:0x8002bca8 load:0x00000000
        7205000	       621	80011e3a	04c4a983	lw	x19,76(x9)	  x9:0x8002bc60 x19=0x00000000 PA:0x8002bcac load:0x00000000
        7215000	       622	80011e3e	0504aa03	lw	x20,80(x9)	  x9:0x8002bc60 x20=0x00000000 PA:0x8002bcb0 load:0x00000000
        7225000	       623	80011e42	0544aa83	lw	x21,84(x9)	  x9:0x8002bc60 x21=0x00000000 PA:0x8002bcb4 load:0x00000000
        7235000	       624	80011e46	0584ab03	lw	x22,88(x9)	  x9:0x8002bc60 x22=0x00000000 PA:0x8002bcb8 load:0x00000000
        7245000	       625	80011e4a	05c4ab83	lw	x23,92(x9)	  x9:0x8002bc60 x23=0x00000000 PA:0x8002bcbc load:0x00000000
        7255000	       626	80011e4e	0604ac03	lw	x24,96(x9)	  x9:0x8002bc60 x24=0x00000000 PA:0x8002bcc0 load:0x00000000
        7265000	       627	80011e52	0644ac83	lw	x25,100(x9)	  x9:0x8002bc60 x25=0x80012714 PA:0x8002bcc4 load:0x80012714
        7275000	       628	80011e56	0684ad03	lw	x26,104(x9)	  x9:0x8002bc60 x26=0x00000000 PA:0x8002bcc8 load:0x00000000
        7285000	       629	80011e5a	06c4ad83	lw	x27,108(x9)	  x9:0x8002bc60 x27=0x00000000 PA:0x8002bccc load:0x00000000
        7295000	       630	80011e5e	0704ae03	lw	x28,112(x9)	  x9:0x8002bc60 x28=0x00000000 PA:0x8002bcd0 load:0x00000000
        7305000	       631	80011e62	0744ae83	lw	x29,116(x9)	  x9:0x8002bc60 x29=0x00000000 PA:0x8002bcd4 load:0x00000000
        7315000	       632	80011e66	0784af03	lw	x30,120(x9)	  x9:0x8002bc60 x30=0x8002bce0 PA:0x8002bcd8 load:0x8002bce0
        7325000	       633	80011e6a	07c4af83	lw	x31,124(x9)	  x9:0x8002bc60 x31=0x8001d0ea PA:0x8002bcdc load:0x8001d0ea
        7335000	       634	80011e6e	08048493	addi	x9,x9,128	  x9:0x8002bc60  x9=0x8002bce0
        7345000	       635	80011e72	00048f33	add	x30,x9,x0	  x9:0x8002bce0  x0:0x00000000 x30=0x8002bce0
        7355000	       636	80011e76	000f2483	lw	x9,0(x30)	 x30:0x8002bce0  x9=0x80027e64 PA:0x8002bce0 load:0x80027e64
        7365000	       637	80011e7a	0f11	c.addi	x30,4	 x30:0x8002bce0 x30=0x8002bce4
        7375000	       638	80011e7c	30200073	mret	
        7405000	       641	80003478	8639	c.srai	x12,0xe	 x12:0x00000000 x12=0x00000000
        7415000	       642	8000347a	07f1	c.addi	x15,28	 x15:0x00000000 x15=0x0000001c
        7425000	       643	8000347c	fda520a3	sw	x26,-63(x10)	 x10:0x80019c63 x26:0x00000000 PA:0x80019c24 store:0x00000000 load:0x00000000
        7435000	       644	80003480	9bfd	c.andi	x15,-1	 x15:0x0000001c x15=0x0000001c
        7445000	       645	80003482	02250603	lb	x12,34(x10)	 x10:0x80019c63 x12=0x00000000 PA:0x80019c85 load:0x00000000
        7455000	       646	80003486	0001	c.addi	x0,0	  x0:0x00000000  x0=0x00000000
        7465000	       647	80003488	00cb3633	sltu	x12,x22,x12	 x22:0x00000000 x12:0x00000000 x12=0x00000000
        7505000	       651	8000348c	030837b3	mulhu	x15,x16,x16	 x16:0x00000000 x16:0x00000000 x15=0x00000000
        7515000	       652	80003490	02e50783	lb	x15,46(x10)	 x10:0x80019c63 x15=0x00000000 PA:0x80019c91 load:0x00000000
        7525000	       653	80003494	01f51803	lh	x16,31(x10)	 x10:0x80019c63 x16=0x00000000 PA:0x80019c82 load:0x00000000
        7535000	       654	80003498	066e	c.slli	x12,0x1b	 x12:0x00000000 x12=0x00000000
        7545000	       655	8000349a	ff150b03	lb	x22,-15(x10)	 x10:0x80019c63 x22=0x00000000 PA:0x80019c54 load:0x00000000
        7555000	       656	8000349e	03c50603	lb	x12,60(x10)	 x10:0x80019c63 x12=0x00000000 PA:0x80019c9f load:0x00000000
        7565000	       657	800034a2	ffd55d03	lhu	x26,-3(x10)	 x10:0x80019c63 x26=0x00000000 PA:0x80019c60 load:0x00000000
        7575000	       658	800034a6	00c50d23	sb	x12,26(x10)	 x10:0x80019c63 x12:0x00000000 PA:0x80019c7d store:0x00000000 load:0x00000000
        7585000	       659	800034aa	4631	c.li	x12,12	 x12=0x0000000c
        7605000	       661	800034ac	03a0db33	divu	x22,x1,x26	  x1:0x00000000 x26:0x00000000 x22=0xffffffff
        7615000	       662	800034b0	38d7a813	slti	x16,x15,909	 x15:0x00000000 x16=0x00000001
        7625000	       663	800034b4	fd050123	sb	x16,-62(x10)	 x10:0x80019c63 x16:0x00000001 PA:0x80019c25 store:0x00000001 load:0x00000000
        7635000	       664	800034b8	01f0d093	srli	x1,x1,0x1f	  x1:0x00000000  x1=0x00000000
        7645000	       665	800034bc	02050803	lb	x16,32(x10)	 x10:0x80019c63 x16=0x00000000 PA:0x80019c83 load:0x00000000
        8025000	       703	800034c0	03687633	remu	x12,x16,x22	 x16:0x00000000 x22:0xffffffff x12=0x00000000
        8035000	       704	800034c4	0001	c.addi	x0,0	  x0:0x00000000  x0=0x00000000
        8045000	       705	800034c6	00450803	lb	x16,4(x10)	 x10:0x80019c63 x16=0x00000000 PA:0x80019c67 load:0x00000000
        8055000	       706	800034ca	016d07b3	add	x15,x26,x22	 x26:0x00000000 x22:0xffffffff x15=0xffffffff
        8095000	       710	800034ce	03082d33	mulhsu	x26,x16,x16	 x16:0x00000000 x16:0x00000000 x26=0x00000000
        8105000	       711	800034d2	ff051fa3	sh	x16,-1(x10)	 x10:0x80019c63 x16:0x00000000 PA:0x80019c62 store:0x00000000 load:0x00000000
        8115000	       712	800034d6	8bd5	c.andi	x15,21	 x15:0xffffffff x15=0x00000015
        8125000	       713	800034d8	ff654083	lbu	x1,-10(x10)	 x10:0x80019c63  x1=0x00000000 PA:0x80019c59 load:0x00000000
        8135000	       714	800034dc	03654b03	lbu	x22,54(x10)	 x10:0x80019c63 x22=0x00000000 PA:0x80019c99 load:0x00000000
        8145000	       715	800034e0	6dc7bb13	sltiu	x22,x15,1756	 x15:0x00000015 x22=0x00000001
        8155000	       716	800034e4	fd350603	lb	x12,-45(x10)	 x10:0x80019c63 x12=0x00000000 PA:0x80019c36 load:0x00000000
        8165000	       717	800034e8	fc054083	lbu	x1,-64(x10)	 x10:0x80019c63  x1=0x00000000 PA:0x80019c23 load:0x00000000
        8175000	       718	800034ec	fc550b03	lb	x22,-59(x10)	 x10:0x80019c63 x22=0x00000000 PA:0x80019c28 load:0x00000000
        8195000	       720	800034f0	02c677b3	remu	x15,x12,x12	 x12:0x00000000 x12:0x00000000 x15=0x00000000
        8205000	       721	800034f4	02750d03	lb	x26,39(x10)	 x10:0x80019c63 x26=0x00000000 PA:0x80019c8a load:0x00000000
        8215000	       722	800034f8	02054603	lbu	x12,32(x10)	 x10:0x80019c63 x12=0x00000000 PA:0x80019c83 load:0x00000000
        8225000	       723	800034fc	03050823	sb	x16,48(x10)	 x10:0x80019c63 x16:0x00000000 PA:0x80019c93 store:0x00000000 load:0x00000000
        8235000	       724	80003500	fd054d03	lbu	x26,-48(x10)	 x10:0x80019c63 x26=0x00000000 PA:0x80019c33 load:0x00000000
        8245000	       725	80003504	0060076f	jal	x14,8000350a	 x14=0x80003508
        8265000	       727	8000350a	a019	c.j	80003510	
        8285000	       729	80003510	a021	c.j	80003518	
        8305000	       731	80003518	2019	c.jal	8000351e	  x1=0x8000351a
        8325000	       733	8000351e	a009	c.j	80003520	
        8345000	       735	80003520	3fd5	c.jal	80003514	  x1=0x80003522
        8365000	       737	80003514	ff9ff0ef	jal	x1,8000350c	  x1=0x80003518
        8385000	       739	8000350c	bff5	c.j	80003508	
        8405000	       741	80003508	2019	c.jal	8000350e	  x1=0x8000350a
        8425000	       743	8000350e	2039	c.jal	8000351c	  x1=0x80003510
        8445000	       745	8000351c	bfdd	c.j	80003512	
        8465000	       747	80003512	2021	c.jal	8000351a	  x1=0x80003514
        8485000	       749	8000351a	2021	c.jal	80003522	  x1=0x8000351c
        8515000	       752	80003522	00d61b13	slli	x22,x12,0xd	 x12:0x00000000 x22=0x00000000
        8525000	       753	80003526	00015117	auipc	x2,0x15	  x2=0x80018526
        8535000	       754	8000352a	33210113	addi	x2,x2,818	  x2:0x80018526  x2=0x80018858
        8545000	       755	8000352e	02f14783	lbu	x15,47(x2)	  x2:0x80018858 x15=0x00000000 PA:0x80018887 load:0x00000000
        8555000	       756	80003532	49b2	c.lwsp	x19,12(x2)	  x2:0x80018858 x19=0x00000000 PA:0x80018864 load:0x00000000
        8565000	       757	80003534	de62	c.swsp	x24,60(x2)	  x2:0x80018858 x24:0x00000000 PA:0x80018894 store:0x00000000 load:0x00000000
        8575000	       758	80003536	fd614983	lbu	x19,-42(x2)	  x2:0x80018858 x19=0x00000000 PA:0x8001882e load:0x00000000
        8585000	       759	8000353a	5ef2	c.lwsp	x29,60(x2)	  x2:0x80018858 x29=0x00000000 PA:0x80018894 load:0x00000000
        8605000	       761	8000353c	03365eb3	divu	x29,x12,x19	 x12:0x00000000 x19:0x00000000 x29=0xffffffff
        8615000	       762	80003540	02f10d23	sb	x15,58(x2)	  x2:0x80018858 x15:0x00000000 PA:0x80018892 store:0x00000000 load:0x00000000
        8625000	       763	80003544	00cc4eb3	xor	x29,x24,x12	 x24:0x00000000 x12:0x00000000 x29=0x00000000
        8635000	       764	80003548	ff3105a3	sb	x19,-21(x2)	  x2:0x80018858 x19:0x00000000 PA:0x80018843 store:0x00000000 load:0x00000000
        8645000	       765	8000354c	fe914783	lbu	x15,-23(x2)	  x2:0x80018858 x15=0x00000000 PA:0x80018841 load:0x00000000
        8665000	       767	80003550	02c67c33	remu	x24,x12,x12	 x12:0x00000000 x12:0x00000000 x24=0x00000000
        8675000	       768	80003554	09e5	c.addi	x19,25	 x19:0x00000000 x19=0x00000019
        8685000	       769	80003556	03e11783	lh	x15,62(x2)	  x2:0x80018858 x15=0x00000000 PA:0x80018896 load:0x00000000
        8695000	       770	8000355a	00110603	lb	x12,1(x2)	  x2:0x80018858 x12=0x00000000 PA:0x80018859 load:0x00000000
        8705000	       771	8000355e	fef12823	sw	x15,-16(x2)	  x2:0x80018858 x15:0x00000000 PA:0x80018848 store:0x00000000 load:0x00000000
        8715000	       772	80003562	9bfd	c.andi	x15,-1	 x15:0x00000000 x15=0x00000000
        8725000	       773	80003564	01899eb3	sll	x29,x19,x24	 x19:0x00000019 x24:0x00000000 x29=0x00000019
        8735000	       774	80003568	4786	c.lwsp	x15,64(x2)	  x2:0x80018858 x15=0x00000000 PA:0x80018898 load:0x00000000
        8745000	       775	8000356a	01914603	lbu	x12,25(x2)	  x2:0x80018858 x12=0x00000000 PA:0x80018871 load:0x00000000
        8755000	       776	8000356e	0001	c.addi	x0,0	  x0:0x00000000  x0=0x00000000
        8765000	       777	80003570	ff012783	lw	x15,-16(x2)	  x2:0x80018858 x15=0x00000000 PA:0x80018848 load:0x00000000
        8775000	       778	80003574	fd8100a3	sb	x24,-63(x2)	  x2:0x80018858 x24:0x00000000 PA:0x80018819 store:0x00000000 load:0x00000000
        8785000	       779	80003578	00f7dc33	srl	x24,x15,x15	 x15:0x00000000 x15:0x00000000 x24=0x00000000
        8795000	       780	8000357c	03510403	lb	x8,53(x2)	  x2:0x80018858  x8=0x00000000 PA:0x8001888d load:0x00000000
        8815000	       782	80003580	d422	c.swsp	x8,40(x2)	  x2:0x80018858  x8:0x00000000 PA:0x80018880 store:0x00000000 load:0x00000000
        8825000	       783	80003582	87c5	c.srai	x15,0x11	 x15:0x00000000 x15=0x00000000
        8835000	       784	80003584	fc510983	lb	x19,-59(x2)	  x2:0x80018858 x19=0x00000000 PA:0x8001881d load:0x00000000
        8845000	       785	80003588	8f91	c.sub	x15,x12	 x15:0x00000000 x12:0x00000000 x15=0x00000000
        8855000	       786	8000358a	fee11403	lh	x8,-18(x2)	  x2:0x80018858  x8=0x00000000 PA:0x80018846 load:0x00000000
        8865000	       787	8000358e	03110983	lb	x19,49(x2)	  x2:0x80018858 x19=0x00000000 PA:0x80018889 load:0x00000000
        8875000	       788	80003592	820d	c.srli	x12,0x3	 x12:0x00000000 x12=0x00000000
        8885000	       789	80003594	01810fa3	sb	x24,31(x2)	  x2:0x80018858 x24:0x00000000 PA:0x80018877 store:0x00000000 load:0x00000000
        8895000	       790	80003598	80462e93	slti	x29,x12,-2044	 x12:0x00000000 x29=0x00000000
        8905000	       791	8000359c	02e11603	lh	x12,46(x2)	  x2:0x80018858 x12=0x00000000 PA:0x80018886 load:0x00000000
        8915000	       792	800035a0	fe610983	lb	x19,-26(x2)	  x2:0x80018858 x19=0x00000000 PA:0x8001883e load:0x00000000
        8925000	       793	800035a4	00014d17	auipc	x26,0x14	 x26=0x800175a4
        8935000	       794	800035a8	60ad0d13	addi	x26,x26,1546	 x26:0x800175a4 x26=0x80017bae
        8945000	       795	800035ac	00ef1293	slli	x5,x30,0xe	 x30:0x8002bce4  x5=0xaf390000
        8955000	       796	800035b0	8d1d	c.sub	x10,x15	 x10:0x80019c63 x15:0x00000000 x10=0x80019c63
        8965000	       797	800035b2	8f79	c.and	x14,x14	 x14:0x80003508 x14:0x80003508 x14=0x80003508
        8975000	       798	800035b4	177d	c.addi	x14,-1	 x14:0x80003508 x14=0x80003507
        8985000	       799	800035b6	01a51f93	slli	x31,x10,0x1a	 x10:0x80019c63 x31=0x8c000000
        8995000	       800	800035ba	97132693	slti	x13,x6,-1679	  x6:0x40000000 x13=0x00000000
        9005000	       801	800035be	016bc9b3	xor	x19,x23,x22	 x23:0x00000000 x22:0x00000000 x19=0x00000000
        9015000	       802	800035c2	01869b33	sll	x22,x13,x24	 x13:0x00000000 x24:0x00000000 x22=0x00000000
        9025000	       803	800035c6	fd9d4903	lbu	x18,-39(x26)	 x26:0x80017bae x18=0x00000000 PA:0x80017b87 load:0x00000000
        9035000	       804	800035ca	03fd0123	sb	x31,34(x26)	 x26:0x80017bae x31:0x8c000000 PA:0x80017bd0 store:0x8c000000 load:0x00000000
        9045000	       805	800035ce	717d	c.addi16sp	x2,-16	  x2:0x80018858  x2=0x80018848
        9055000	       806	800035d0	006d2b83	lw	x23,6(x26)	 x26:0x80017bae x23=0x00000000 PA:0x80017bb4 load:0x00000000
        9075000	       808	800035d4	017d0ca3	sb	x23,25(x26)	 x26:0x80017bae x23:0x00000000 PA:0x80017bc7 store:0x00000000 load:0x00000000
        9085000	       809	800035d8	ffdd0a83	lb	x21,-3(x26)	 x26:0x80017bae x21=0x00000000 PA:0x80017bab load:0x00000000
        9095000	       810	800035dc	01fd09a3	sb	x31,19(x26)	 x26:0x80017bae x31:0x8c000000 PA:0x80017bc1 store:0x8c000000 load:0x00000000
        9105000	       811	800035e0	031d4c83	lbu	x25,49(x26)	 x26:0x80017bae x25=0x00000000 PA:0x80017bdf load:0x00000000
        9145000	       815	8000252c	905fe06f	jal	x0,80000e30	  x0=0x00000000
        9165000	       817	80000e30	1f71	c.addi	x30,-4	 x30:0x8002bce4 x30=0x8002bce0
        9175000	       818	80000e32	009f2023	sw	x9,0(x30)	 x30:0x8002bce0  x9:0x80027e64 PA:0x8002bce0 store:0x80027e64 load:0x00000000
        9185000	       819	80000e36	000f04b3	add	x9,x30,x0	 x30:0x8002bce0  x0:0x00000000  x9=0x8002bce0
        9195000	       820	80000e3a	f8048493	addi	x9,x9,-128	  x9:0x8002bce0  x9=0x8002bc60
        9205000	       821	80000e3e	0014a223	sw	x1,4(x9)	  x9:0x8002bc60  x1:0x8000351c PA:0x8002bc64 store:0x8000351c load:0x00000000
        9215000	       822	80000e42	0024a423	sw	x2,8(x9)	  x9:0x8002bc60  x2:0x80018848 PA:0x8002bc68 store:0x80018848 load:0x00000000
        9225000	       823	80000e46	0034a623	sw	x3,12(x9)	  x9:0x8002bc60  x3:0x40000569 PA:0x8002bc6c store:0x40000569 load:0x00000000
        9235000	       824	80000e4a	0044a823	sw	x4,16(x9)	  x9:0x8002bc60  x4:0x00000000 PA:0x8002bc70 store:0x00000000 load:0x00000000
        9245000	       825	80000e4e	0054aa23	sw	x5,20(x9)	  x9:0x8002bc60  x5:0xaf390000 PA:0x8002bc74 store:0xaf390000 load:0x00000000
        9255000	       826	80000e52	0064ac23	sw	x6,24(x9)	  x9:0x8002bc60  x6:0x40000000 PA:0x8002bc78 store:0x40000000 load:0x00000000
        9265000	       827	80000e56	0074ae23	sw	x7,28(x9)	  x9:0x8002bc60  x7:0x00000000 PA:0x8002bc7c store:0x00000000 load:0x00000000
        9275000	       828	80000e5a	d080	c.sw	x8,32(x9)	  x9:0x8002bc60  x8:0x00000000 PA:0x8002bc80 store:0x00000000 load:0x00000000
        9285000	       829	80000e5c	d0c4	c.sw	x9,36(x9)	  x9:0x8002bc60  x9:0x8002bc60 PA:0x8002bc84 store:0x8002bc60 load:0x00000000
        9295000	       830	80000e5e	d488	c.sw	x10,40(x9)	  x9:0x8002bc60 x10:0x80019c63 PA:0x8002bc88 store:0x80019c63 load:0x00000000
        9305000	       831	80000e60	d4cc	c.sw	x11,44(x9)	  x9:0x8002bc60 x11:0x894eacb4 PA:0x8002bc8c store:0x894eacb4 load:0x00000000
        9315000	       832	80000e62	d890	c.sw	x12,48(x9)	  x9:0x8002bc60 x12:0x00000000 PA:0x8002bc90 store:0x00000000 load:0x00000000
        9325000	       833	80000e64	d8d4	c.sw	x13,52(x9)	  x9:0x8002bc60 x13:0x00000000 PA:0x8002bc94 store:0x00000000 load:0x00000000
        9335000	       834	80000e66	dc98	c.sw	x14,56(x9)	  x9:0x8002bc60 x14:0x80003507 PA:0x8002bc98 store:0x80003507 load:0x00000000
        9345000	       835	80000e68	dcdc	c.sw	x15,60(x9)	  x9:0x8002bc60 x15:0x00000000 PA:0x8002bc9c store:0x00000000 load:0x00000000
        9355000	       836	80000e6a	0504a023	sw	x16,64(x9)	  x9:0x8002bc60 x16:0x00000000 PA:0x8002bca0 store:0x00000000 load:0x00000000
        9365000	       837	80000e6e	0514a223	sw	x17,68(x9)	  x9:0x8002bc60 x17:0xb3771000 PA:0x8002bca4 store:0xb3771000 load:0x00000000
        9375000	       838	80000e72	0524a423	sw	x18,72(x9)	  x9:0x8002bc60 x18:0x00000000 PA:0x8002bca8 store:0x00000000 load:0x00000000
        9385000	       839	80000e76	0534a623	sw	x19,76(x9)	  x9:0x8002bc60 x19:0x00000000 PA:0x8002bcac store:0x00000000 load:0x00000000
        9395000	       840	80000e7a	0544a823	sw	x20,80(x9)	  x9:0x8002bc60 x20:0x00000000 PA:0x8002bcb0 store:0x00000000 load:0x00000000
        9405000	       841	80000e7e	0554aa23	sw	x21,84(x9)	  x9:0x8002bc60 x21:0x00000000 PA:0x8002bcb4 store:0x00000000 load:0x00000000
        9415000	       842	80000e82	0564ac23	sw	x22,88(x9)	  x9:0x8002bc60 x22:0x00000000 PA:0x8002bcb8 store:0x00000000 load:0x00000000
        9425000	       843	80000e86	0574ae23	sw	x23,92(x9)	  x9:0x8002bc60 x23:0x00000000 PA:0x8002bcbc store:0x00000000 load:0x00000000
        9435000	       844	80000e8a	0784a023	sw	x24,96(x9)	  x9:0x8002bc60 x24:0x00000000 PA:0x8002bcc0 store:0x00000000 load:0x00000000
        9445000	       845	80000e8e	0794a223	sw	x25,100(x9)	  x9:0x8002bc60 x25:0x00000000 PA:0x8002bcc4 store:0x00000000 load:0x00000000
        9455000	       846	80000e92	07a4a423	sw	x26,104(x9)	  x9:0x8002bc60 x26:0x80017bae PA:0x8002bcc8 store:0x80017bae load:0x00000000
        9465000	       847	80000e96	07b4a623	sw	x27,108(x9)	  x9:0x8002bc60 x27:0x00000000 PA:0x8002bccc store:0x00000000 load:0x00000000
        9475000	       848	80000e9a	07c4a823	sw	x28,112(x9)	  x9:0x8002bc60 x28:0x00000000 PA:0x8002bcd0 store:0x00000000 load:0x00000000
        9485000	       849	80000e9e	07d4aa23	sw	x29,116(x9)	  x9:0x8002bc60 x29:0x00000000 PA:0x8002bcd4 store:0x00000000 load:0x00000000
        9495000	       850	80000ea2	07e4ac23	sw	x30,120(x9)	  x9:0x8002bc60 x30:0x8002bce0 PA:0x8002bcd8 store:0x8002bce0 load:0x00000000
        9505000	       851	80000ea6	07f4ae23	sw	x31,124(x9)	  x9:0x8002bc60 x31:0x8c000000 PA:0x8002bcdc store:0x8c000000 load:0x00000000
        9515000	       852	80000eaa	00048f33	add	x30,x9,x0	  x9:0x8002bc60  x0:0x00000000 x30=0x8002bc60
        9525000	       853	80000eae	90000d37	lui	x26,0x90000	 x26=0x90000000
        9535000	       854	80000eb2	1d71	c.addi	x26,-4	 x26:0x90000000 x26=0x8ffffffc
        9545000	       855	80000eb4	4619	c.li	x12,6	 x12=0x00000006
        9555000	       856	80000eb6	0622	c.slli	x12,0x8	 x12:0x00000006 x12=0x00000600
        9565000	       857	80000eb8	00060613	addi	x12,x12,0	 x12:0x00000600 x12=0x00000600
        9575000	       858	80000ebc	00cd2023	sw	x12,0(x26)	 x26:0x8ffffffc x12:0x00000600 PA:0x8ffffffc store:0x00000600 load:0x00000000
        9585000	       859	80000ec0	34202673	csrrs	x12,mcause,x0	  x0:0x00000000 x12=0x8000000b
        9595000	       860	80000ec4	827d	c.srli	x12,0x1f	 x12:0x8000000b x12=0x00000001
        9605000	       861	80000ec6	c63d	c.beqz	x12,80000f34	 x12:0x00000001
        9615000	       862	80000ec8	90000d37	lui	x26,0x90000	 x26=0x90000000
        9625000	       863	80000ecc	1d71	c.addi	x26,-4	 x26:0x90000000 x26=0x8ffffffc
        9635000	       864	80000ece	30000613	addi	x12,x0,768	  x0:0x00000000 x12=0x00000300
        9645000	       865	80000ed2	0622	c.slli	x12,0x8	 x12:0x00000300 x12=0x00030000
        9655000	       866	80000ed4	060d	c.addi	x12,3	 x12:0x00030000 x12=0x00030003
        9665000	       867	80000ed6	00cd2023	sw	x12,0(x26)	 x26:0x8ffffffc x12:0x00030003 PA:0x8ffffffc store:0x00030003 load:0x00000000
        9675000	       868	80000eda	30002673	csrrs	x12,mstatus,x0	  x0:0x00000000 x12=0x00000000
        9685000	       869	80000ede	00cd2023	sw	x12,0(x26)	 x26:0x8ffffffc x12:0x00000000 PA:0x8ffffffc store:0x00000000 load:0x00000000
        9695000	       870	80000ee2	90000d37	lui	x26,0x90000	 x26=0x90000000
        9705000	       871	80000ee6	1d71	c.addi	x26,-4	 x26:0x90000000 x26=0x8ffffffc
        9715000	       872	80000ee8	34200613	addi	x12,x0,834	  x0:0x00000000 x12=0x00000342
        9725000	       873	80000eec	0622	c.slli	x12,0x8	 x12:0x00000342 x12=0x00034200
        9735000	       874	80000eee	060d	c.addi	x12,3	 x12:0x00034200 x12=0x00034203
        9745000	       875	80000ef0	00cd2023	sw	x12,0(x26)	 x26:0x8ffffffc x12:0x00034203 PA:0x8ffffffc store:0x00034203 load:0x00000000
        9755000	       876	80000ef4	34202673	csrrs	x12,mcause,x0	  x0:0x00000000 x12=0x8000000b
        9765000	       877	80000ef8	00cd2023	sw	x12,0(x26)	 x26:0x8ffffffc x12:0x8000000b PA:0x8ffffffc store:0x8000000b load:0x00000000
        9775000	       878	80000efc	90000d37	lui	x26,0x90000	 x26=0x90000000
        9785000	       879	80000f00	1d71	c.addi	x26,-4	 x26:0x90000000 x26=0x8ffffffc
        9795000	       880	80000f02	30400613	addi	x12,x0,772	  x0:0x00000000 x12=0x00000304
        9805000	       881	80000f06	0622	c.slli	x12,0x8	 x12:0x00000304 x12=0x00030400
        9815000	       882	80000f08	060d	c.addi	x12,3	 x12:0x00030400 x12=0x00030403
        9825000	       883	80000f0a	00cd2023	sw	x12,0(x26)	 x26:0x8ffffffc x12:0x00030403 PA:0x8ffffffc store:0x00030403 load:0x00000000
        9835000	       884	80000f0e	30402673	csrrs	x12,mie,x0	  x0:0x00000000 x12=0x66fb0888
        9845000	       885	80000f12	00cd2023	sw	x12,0(x26)	 x26:0x8ffffffc x12:0x66fb0888 PA:0x8ffffffc store:0x66fb0888 load:0x00000000
        9855000	       886	80000f16	90000d37	lui	x26,0x90000	 x26=0x90000000
        9865000	       887	80000f1a	1d71	c.addi	x26,-4	 x26:0x90000000 x26=0x8ffffffc
        9875000	       888	80000f1c	34400613	addi	x12,x0,836	  x0:0x00000000 x12=0x00000344
        9885000	       889	80000f20	0622	c.slli	x12,0x8	 x12:0x00000344 x12=0x00034400
        9895000	       890	80000f22	060d	c.addi	x12,3	 x12:0x00034400 x12=0x00034403
        9905000	       891	80000f24	00cd2023	sw	x12,0(x26)	 x26:0x8ffffffc x12:0x00034403 PA:0x8ffffffc store:0x00034403 load:0x00000000
        9915000	       892	80000f28	34402673	csrrs	x12,mip,x0	  x0:0x00000000 x12=0x00000000
        9925000	       893	80000f2c	00cd2023	sw	x12,0(x26)	 x26:0x8ffffffc x12:0x00000000 PA:0x8ffffffc store:0x00000000 load:0x00000000
        9935000	       894	80000f30	6ad1006f	jal	x0,80011ddc	  x0=0x00000000
        9955000	       896	80011ddc	30002673	csrrs	x12,mstatus,x0	  x0:0x00000000 x12=0x00000000
        9965000	       897	80011de0	30402673	csrrs	x12,mie,x0	  x0:0x00000000 x12=0x66fb0888
        9975000	       898	80011de4	34402673	csrrs	x12,mip,x0	  x0:0x00000000 x12=0x00000000
        9985000	       899	80011de8	34463673	csrrc	x12,mip,x12	 x12:0x00000000 x12=0x00000000
       10015000	       902	80011dec	90000d37	lui	x26,0x90000	 x26=0x90000000
       10025000	       903	80011df0	1d71	c.addi	x26,-4	 x26:0x90000000 x26=0x8ffffffc
       10035000	       904	80011df2	461d	c.li	x12,7	 x12=0x00000007
       10045000	       905	80011df4	0622	c.slli	x12,0x8	 x12:0x00000007 x12=0x00000700
       10055000	       906	80011df6	00060613	addi	x12,x12,0	 x12:0x00000700 x12=0x00000700
       10065000	       907	80011dfa	00cd2023	sw	x12,0(x26)	 x26:0x8ffffffc x12:0x00000700 PA:0x8ffffffc store:0x00000700 load:0x00000000
       10075000	       908	80011dfe	000f04b3	add	x9,x30,x0	 x30:0x8002bc60  x0:0x00000000  x9=0x8002bc60
       10085000	       909	80011e02	0044a083	lw	x1,4(x9)	  x9:0x8002bc60  x1=0x8000351c PA:0x8002bc64 load:0x8000351c
       10095000	       910	80011e06	0084a103	lw	x2,8(x9)	  x9:0x8002bc60  x2=0x80018848 PA:0x8002bc68 load:0x80018848
       10105000	       911	80011e0a	00c4a183	lw	x3,12(x9)	  x9:0x8002bc60  x3=0x40000569 PA:0x8002bc6c load:0x40000569
       10115000	       912	80011e0e	0104a203	lw	x4,16(x9)	  x9:0x8002bc60  x4=0x00000000 PA:0x8002bc70 load:0x00000000
       10125000	       913	80011e12	0144a283	lw	x5,20(x9)	  x9:0x8002bc60  x5=0xaf390000 PA:0x8002bc74 load:0xaf390000
       10135000	       914	80011e16	0184a303	lw	x6,24(x9)	  x9:0x8002bc60  x6=0x40000000 PA:0x8002bc78 load:0x40000000
       10145000	       915	80011e1a	01c4a383	lw	x7,28(x9)	  x9:0x8002bc60  x7=0x00000000 PA:0x8002bc7c load:0x00000000
       10155000	       916	80011e1e	5080	c.lw	x8,32(x9)	  x9:0x8002bc60  x8=0x00000000 PA:0x8002bc80 load:0x00000000
       10165000	       917	80011e20	50c4	c.lw	x9,36(x9)	  x9:0x8002bc60  x9=0x8002bc60 PA:0x8002bc84 load:0x8002bc60
       10185000	       919	80011e22	5488	c.lw	x10,40(x9)	  x9:0x8002bc60 x10=0x80019c63 PA:0x8002bc88 load:0x80019c63
       10195000	       920	80011e24	54cc	c.lw	x11,44(x9)	  x9:0x8002bc60 x11=0x894eacb4 PA:0x8002bc8c load:0x894eacb4
       10205000	       921	80011e26	5890	c.lw	x12,48(x9)	  x9:0x8002bc60 x12=0x00000000 PA:0x8002bc90 load:0x00000000
       10215000	       922	80011e28	58d4	c.lw	x13,52(x9)	  x9:0x8002bc60 x13=0x00000000 PA:0x8002bc94 load:0x00000000
       10225000	       923	80011e2a	5c98	c.lw	x14,56(x9)	  x9:0x8002bc60 x14=0x80003507 PA:0x8002bc98 load:0x80003507
       10235000	       924	80011e2c	5cdc	c.lw	x15,60(x9)	  x9:0x8002bc60 x15=0x00000000 PA:0x8002bc9c load:0x00000000
       10245000	       925	80011e2e	0404a803	lw	x16,64(x9)	  x9:0x8002bc60 x16=0x00000000 PA:0x8002bca0 load:0x00000000
       10255000	       926	80011e32	0444a883	lw	x17,68(x9)	  x9:0x8002bc60 x17=0xb3771000 PA:0x8002bca4 load:0xb3771000
       10265000	       927	80011e36	0484a903	lw	x18,72(x9)	  x9:0x8002bc60 x18=0x00000000 PA:0x8002bca8 load:0x00000000
       10275000	       928	80011e3a	04c4a983	lw	x19,76(x9)	  x9:0x8002bc60 x19=0x00000000 PA:0x8002bcac load:0x00000000
       10285000	       929	80011e3e	0504aa03	lw	x20,80(x9)	  x9:0x8002bc60 x20=0x00000000 PA:0x8002bcb0 load:0x00000000
       10295000	       930	80011e42	0544aa83	lw	x21,84(x9)	  x9:0x8002bc60 x21=0x00000000 PA:0x8002bcb4 load:0x00000000
       10305000	       931	80011e46	0584ab03	lw	x22,88(x9)	  x9:0x8002bc60 x22=0x00000000 PA:0x8002bcb8 load:0x00000000
       10315000	       932	80011e4a	05c4ab83	lw	x23,92(x9)	  x9:0x8002bc60 x23=0x00000000 PA:0x8002bcbc load:0x00000000
       10325000	       933	80011e4e	0604ac03	lw	x24,96(x9)	  x9:0x8002bc60 x24=0x00000000 PA:0x8002bcc0 load:0x00000000
       10335000	       934	80011e52	0644ac83	lw	x25,100(x9)	  x9:0x8002bc60 x25=0x00000000 PA:0x8002bcc4 load:0x00000000
       10345000	       935	80011e56	0684ad03	lw	x26,104(x9)	  x9:0x8002bc60 x26=0x80017bae PA:0x8002bcc8 load:0x80017bae
       10355000	       936	80011e5a	06c4ad83	lw	x27,108(x9)	  x9:0x8002bc60 x27=0x00000000 PA:0x8002bccc load:0x00000000
       10365000	       937	80011e5e	0704ae03	lw	x28,112(x9)	  x9:0x8002bc60 x28=0x00000000 PA:0x8002bcd0 load:0x00000000
       10375000	       938	80011e62	0744ae83	lw	x29,116(x9)	  x9:0x8002bc60 x29=0x00000000 PA:0x8002bcd4 load:0x00000000
       10385000	       939	80011e66	0784af03	lw	x30,120(x9)	  x9:0x8002bc60 x30=0x8002bce0 PA:0x8002bcd8 load:0x8002bce0
       10395000	       940	80011e6a	07c4af83	lw	x31,124(x9)	  x9:0x8002bc60 x31=0x8c000000 PA:0x8002bcdc load:0x8c000000
       10405000	       941	80011e6e	08048493	addi	x9,x9,128	  x9:0x8002bc60  x9=0x8002bce0
       10415000	       942	80011e72	00048f33	add	x30,x9,x0	  x9:0x8002bce0  x0:0x00000000 x30=0x8002bce0
       10425000	       943	80011e76	000f2483	lw	x9,0(x30)	 x30:0x8002bce0  x9=0x80027e64 PA:0x8002bce0 load:0x80027e64
       10435000	       944	80011e7a	0f11	c.addi	x30,4	 x30:0x8002bce0 x30=0x8002bce4
       10445000	       945	80011e7c	30200073	mret	
       10475000	       948	800035e4	fffd0983	lb	x19,-1(x26)	 x26:0x80017bae x19=0x00000000 PA:0x80017bad load:0x00000000
       10485000	       949	800035e8	01ad82b3	add	x5,x27,x26	 x27:0x00000000 x26:0x80017bae  x5=0x80017bae
       10855000	       986	800035ec	02abee33	rem	x28,x23,x10	 x23:0x00000000 x10:0x80019c63 x28=0x00000000
       10865000	       987	800035f0	109c6393	ori	x7,x24,265	 x24:0x00000000  x7=0x00000109
       10875000	       988	800035f4	4111d033	sra	x0,x3,x17	  x3:0x40000569 x17:0xb3771000  x0=0x00000000
       10885000	       989	800035f8	ff4d4c83	lbu	x25,-12(x26)	 x26:0x80017bae x25=0x00000000 PA:0x80017ba2 load:0x00000000
       10925000	       993	800035fc	020e9cb3	mulh	x25,x29,x0	 x29:0x00000000  x0:0x00000000 x25=0x00000000
       10955000	       996	80003600	032b0633	mul	x12,x22,x18	 x22:0x00000000 x18:0x00000000 x12=0x00000000
       10965000	       997	80003604	01166233	or	x4,x12,x17	 x12:0x00000000 x17:0xb3771000  x4=0xb3771000
       10975000	       998	80003608	009d4283	lbu	x5,9(x26)	 x26:0x80017bae  x5=0x00000000 PA:0x80017bb7 load:0x00000000
       10985000	       999	8000360c	0171c733	xor	x14,x3,x23	  x3:0x40000569 x23:0x00000000 x14=0x40000569
       10995000	      1000	80003610	02cd1283	lh	x5,44(x26)	 x26:0x80017bae  x5=0x00000000 PA:0x80017bda load:0x00000000
       11005000	      1001	80003614	9c0e	c.add	x24,x3	 x24:0x00000000  x3:0x40000569 x24=0x40000569
       11375000	      1038	80003616	0293d133	divu	x2,x7,x9	  x7:0x00000109  x9:0x80027e64  x2=0x00000000
       11385000	      1039	8000361a	fc2d2103	lw	x2,-62(x26)	 x26:0x80017bae  x2=0x00000000 PA:0x80017b70 load:0x00000000
       11395000	      1040	8000361e	00016217	auipc	x4,0x16	  x4=0x8001961e
       11405000	      1041	80003622	10020213	addi	x4,x4,256	  x4:0x8001961e  x4=0x8001971e
       11415000	      1042	80003626	00821d83	lh	x27,8(x4)	  x4:0x8001971e x27=0x00000000 PA:0x80019726 load:0x00000000
       11425000	      1043	8000362a	0001ba17	auipc	x20,0x1b	 x20=0x8001e62a
       11435000	      1044	8000362e	2d0a0a13	addi	x20,x20,720	 x20:0x8001e62a x20=0x8001e8fa
       11445000	      1045	80003632	00a20903	lb	x18,10(x4)	  x4:0x8001971e x18=0x00000000 PA:0x80019728 load:0x00000000
       11455000	      1046	80003636	00da2723	sw	x13,14(x20)	 x20:0x8001e8fa x13:0x00000000 PA:0x8001e908 store:0x00000000 load:0x00000000
       11465000	      1047	8000363a	011a0523	sb	x17,10(x20)	 x20:0x8001e8fa x17:0xb3771000 PA:0x8001e904 store:0xb3771000 load:0x00000000
       11475000	      1048	8000363e	ffa24e83	lbu	x29,-6(x4)	  x4:0x8001971e x29=0x00000000 PA:0x80019718 load:0x00000000
       11485000	      1049	80003642	00aa0303	lb	x6,10(x20)	 x20:0x8001e8fa  x6=0x00000000 PA:0x8001e904 load:0x00000000
       11495000	      1050	80003646	00f20b83	lb	x23,15(x4)	  x4:0x8001971e x23=0x00000000 PA:0x8001972d load:0x00000000
       11505000	      1051	8000364a	00ba4183	lbu	x3,11(x20)	 x20:0x8001e8fa  x3=0x00000000 PA:0x8001e905 load:0x00000000
       11515000	      1052	8000364e	ff324403	lbu	x8,-13(x4)	  x4:0x8001971e  x8=0x00000000 PA:0x80019711 load:0x00000000
       11525000	      1053	80003652	ff825283	lhu	x5,-8(x4)	  x4:0x8001971e  x5=0x00000000 PA:0x80019716 load:0x00000000
       11535000	      1054	80003656	009205a3	sb	x9,11(x4)	  x4:0x8001971e  x9:0x80027e64 PA:0x80019729 store:0x80027e64 load:0x00000000
       11545000	      1055	8000365a	00b207a3	sb	x11,15(x4)	  x4:0x8001971e x11:0x894eacb4 PA:0x8001972d store:0x894eacb4 load:0x00000000
       11555000	      1056	8000365e	ff8a5303	lhu	x6,-8(x20)	 x20:0x8001e8fa  x6=0x00000000 PA:0x8001e8f2 load:0x00000000
       11565000	      1057	80003662	ff421983	lh	x19,-12(x4)	  x4:0x8001971e x19=0x00000000 PA:0x80019712 load:0x00000000
       11575000	      1058	80003666	011203a3	sb	x17,7(x4)	  x4:0x8001971e x17:0xb3771000 PA:0x80019725 store:0xb3771000 load:0x00000000
       11585000	      1059	8000366a	015a0423	sb	x21,8(x20)	 x20:0x8001e8fa x21:0x00000000 PA:0x8001e902 store:0x00000000 load:0x00000000
       11595000	      1060	8000366e	009a0603	lb	x12,9(x20)	 x20:0x8001e8fa x12=0x00000000 PA:0x8001e903 load:0x00000000
       11605000	      1061	80003672	0001de17	auipc	x28,0x1d	 x28=0x80020672
       11615000	      1062	80003676	621e0e13	addi	x28,x28,1569	 x28:0x80020672 x28=0x80020c93
       11625000	      1063	8000367a	ffce4203	lbu	x4,-4(x28)	 x28:0x80020c93  x4=0x00000000 PA:0x80020c8f load:0x00000000
       11635000	      1064	8000367e	ffce0b83	lb	x23,-4(x28)	 x28:0x80020c93 x23=0x00000000 PA:0x80020c8f load:0x00000000
       11645000	      1065	80003682	011171b3	and	x3,x2,x17	  x2:0x00000000 x17:0xb3771000  x3=0x00000000
       11655000	      1066	80003686	8ead	c.xor	x13,x11	 x13:0x00000000 x11:0x894eacb4 x13=0x894eacb4
       11665000	      1067	80003688	8901	c.andi	x10,0	 x10:0x80019c63 x10=0x00000000
       11675000	      1068	8000368a	10500073	wfi	
       12215000	      1122	8000252c	905fe06f	jal	x0,80000e30	  x0=0x00000000
       12235000	      1124	80000e30	1f71	c.addi	x30,-4	 x30:0x8002bce4 x30=0x8002bce0
       12245000	      1125	80000e32	009f2023	sw	x9,0(x30)	 x30:0x8002bce0  x9:0x80027e64 PA:0x8002bce0 store:0x80027e64 load:0x00000000
       12255000	      1126	80000e36	000f04b3	add	x9,x30,x0	 x30:0x8002bce0  x0:0x00000000  x9=0x8002bce0
       12265000	      1127	80000e3a	f8048493	addi	x9,x9,-128	  x9:0x8002bce0  x9=0x8002bc60
       12275000	      1128	80000e3e	0014a223	sw	x1,4(x9)	  x9:0x8002bc60  x1:0x8000351c PA:0x8002bc64 store:0x8000351c load:0x00000000
       12285000	      1129	80000e42	0024a423	sw	x2,8(x9)	  x9:0x8002bc60  x2:0x00000000 PA:0x8002bc68 store:0x00000000 load:0x00000000
       12295000	      1130	80000e46	0034a623	sw	x3,12(x9)	  x9:0x8002bc60  x3:0x00000000 PA:0x8002bc6c store:0x00000000 load:0x00000000
       12305000	      1131	80000e4a	0044a823	sw	x4,16(x9)	  x9:0x8002bc60  x4:0x00000000 PA:0x8002bc70 store:0x00000000 load:0x00000000
       12315000	      1132	80000e4e	0054aa23	sw	x5,20(x9)	  x9:0x8002bc60  x5:0x00000000 PA:0x8002bc74 store:0x00000000 load:0x00000000
       12325000	      1133	80000e52	0064ac23	sw	x6,24(x9)	  x9:0x8002bc60  x6:0x00000000 PA:0x8002bc78 store:0x00000000 load:0x00000000
       12335000	      1134	80000e56	0074ae23	sw	x7,28(x9)	  x9:0x8002bc60  x7:0x00000109 PA:0x8002bc7c store:0x00000109 load:0x00000000
       12345000	      1135	80000e5a	d080	c.sw	x8,32(x9)	  x9:0x8002bc60  x8:0x00000000 PA:0x8002bc80 store:0x00000000 load:0x00000000
       12355000	      1136	80000e5c	d0c4	c.sw	x9,36(x9)	  x9:0x8002bc60  x9:0x8002bc60 PA:0x8002bc84 store:0x8002bc60 load:0x00000000
       12365000	      1137	80000e5e	d488	c.sw	x10,40(x9)	  x9:0x8002bc60 x10:0x00000000 PA:0x8002bc88 store:0x00000000 load:0x00000000
       12375000	      1138	80000e60	d4cc	c.sw	x11,44(x9)	  x9:0x8002bc60 x11:0x894eacb4 PA:0x8002bc8c store:0x894eacb4 load:0x00000000
       12385000	      1139	80000e62	d890	c.sw	x12,48(x9)	  x9:0x8002bc60 x12:0x00000000 PA:0x8002bc90 store:0x00000000 load:0x00000000
       12395000	      1140	80000e64	d8d4	c.sw	x13,52(x9)	  x9:0x8002bc60 x13:0x894eacb4 PA:0x8002bc94 store:0x894eacb4 load:0x00000000
       12405000	      1141	80000e66	dc98	c.sw	x14,56(x9)	  x9:0x8002bc60 x14:0x40000569 PA:0x8002bc98 store:0x40000569 load:0x00000000
       12415000	      1142	80000e68	dcdc	c.sw	x15,60(x9)	  x9:0x8002bc60 x15:0x00000000 PA:0x8002bc9c store:0x00000000 load:0x00000000
       12425000	      1143	80000e6a	0504a023	sw	x16,64(x9)	  x9:0x8002bc60 x16:0x00000000 PA:0x8002bca0 store:0x00000000 load:0x00000000
       12435000	      1144	80000e6e	0514a223	sw	x17,68(x9)	  x9:0x8002bc60 x17:0xb3771000 PA:0x8002bca4 store:0xb3771000 load:0x00000000
       12445000	      1145	80000e72	0524a423	sw	x18,72(x9)	  x9:0x8002bc60 x18:0x00000000 PA:0x8002bca8 store:0x00000000 load:0x00000000
       12455000	      1146	80000e76	0534a623	sw	x19,76(x9)	  x9:0x8002bc60 x19:0x00000000 PA:0x8002bcac store:0x00000000 load:0x00000000
       12465000	      1147	80000e7a	0544a823	sw	x20,80(x9)	  x9:0x8002bc60 x20:0x8001e8fa PA:0x8002bcb0 store:0x8001e8fa load:0x00000000
       12475000	      1148	80000e7e	0554aa23	sw	x21,84(x9)	  x9:0x8002bc60 x21:0x00000000 PA:0x8002bcb4 store:0x00000000 load:0x00000000
       12485000	      1149	80000e82	0564ac23	sw	x22,88(x9)	  x9:0x8002bc60 x22:0x00000000 PA:0x8002bcb8 store:0x00000000 load:0x00000000
       12495000	      1150	80000e86	0574ae23	sw	x23,92(x9)	  x9:0x8002bc60 x23:0x00000000 PA:0x8002bcbc store:0x00000000 load:0x00000000
       12505000	      1151	80000e8a	0784a023	sw	x24,96(x9)	  x9:0x8002bc60 x24:0x40000569 PA:0x8002bcc0 store:0x40000569 load:0x00000000
       12515000	      1152	80000e8e	0794a223	sw	x25,100(x9)	  x9:0x8002bc60 x25:0x00000000 PA:0x8002bcc4 store:0x00000000 load:0x00000000
       12525000	      1153	80000e92	07a4a423	sw	x26,104(x9)	  x9:0x8002bc60 x26:0x80017bae PA:0x8002bcc8 store:0x80017bae load:0x00000000
       12535000	      1154	80000e96	07b4a623	sw	x27,108(x9)	  x9:0x8002bc60 x27:0x00000000 PA:0x8002bccc store:0x00000000 load:0x00000000
       12545000	      1155	80000e9a	07c4a823	sw	x28,112(x9)	  x9:0x8002bc60 x28:0x80020c93 PA:0x8002bcd0 store:0x80020c93 load:0x00000000
       12555000	      1156	80000e9e	07d4aa23	sw	x29,116(x9)	  x9:0x8002bc60 x29:0x00000000 PA:0x8002bcd4 store:0x00000000 load:0x00000000
       12565000	      1157	80000ea2	07e4ac23	sw	x30,120(x9)	  x9:0x8002bc60 x30:0x8002bce0 PA:0x8002bcd8 store:0x8002bce0 load:0x00000000
       12575000	      1158	80000ea6	07f4ae23	sw	x31,124(x9)	  x9:0x8002bc60 x31:0x8c000000 PA:0x8002bcdc store:0x8c000000 load:0x00000000
       12585000	      1159	80000eaa	00048f33	add	x30,x9,x0	  x9:0x8002bc60  x0:0x00000000 x30=0x8002bc60
       12595000	      1160	80000eae	90000d37	lui	x26,0x90000	 x26=0x90000000
       12605000	      1161	80000eb2	1d71	c.addi	x26,-4	 x26:0x90000000 x26=0x8ffffffc
       12615000	      1162	80000eb4	4619	c.li	x12,6	 x12=0x00000006
       12625000	      1163	80000eb6	0622	c.slli	x12,0x8	 x12:0x00000006 x12=0x00000600
       12635000	      1164	80000eb8	00060613	addi	x12,x12,0	 x12:0x00000600 x12=0x00000600
       12645000	      1165	80000ebc	00cd2023	sw	x12,0(x26)	 x26:0x8ffffffc x12:0x00000600 PA:0x8ffffffc store:0x00000600 load:0x00000000
       12655000	      1166	80000ec0	34202673	csrrs	x12,mcause,x0	  x0:0x00000000 x12=0x8000000b
       12665000	      1167	80000ec4	827d	c.srli	x12,0x1f	 x12:0x8000000b x12=0x00000001
       12675000	      1168	80000ec6	c63d	c.beqz	x12,80000f34	 x12:0x00000001
       12685000	      1169	80000ec8	90000d37	lui	x26,0x90000	 x26=0x90000000
       12695000	      1170	80000ecc	1d71	c.addi	x26,-4	 x26:0x90000000 x26=0x8ffffffc
       12705000	      1171	80000ece	30000613	addi	x12,x0,768	  x0:0x00000000 x12=0x00000300
       12715000	      1172	80000ed2	0622	c.slli	x12,0x8	 x12:0x00000300 x12=0x00030000
       12725000	      1173	80000ed4	060d	c.addi	x12,3	 x12:0x00030000 x12=0x00030003
       12735000	      1174	80000ed6	00cd2023	sw	x12,0(x26)	 x26:0x8ffffffc x12:0x00030003 PA:0x8ffffffc store:0x00030003 load:0x00000000
       12745000	      1175	80000eda	30002673	csrrs	x12,mstatus,x0	  x0:0x00000000 x12=0x00000000
       12755000	      1176	80000ede	00cd2023	sw	x12,0(x26)	 x26:0x8ffffffc x12:0x00000000 PA:0x8ffffffc store:0x00000000 load:0x00000000
       12765000	      1177	80000ee2	90000d37	lui	x26,0x90000	 x26=0x90000000
       12775000	      1178	80000ee6	1d71	c.addi	x26,-4	 x26:0x90000000 x26=0x8ffffffc
       12785000	      1179	80000ee8	34200613	addi	x12,x0,834	  x0:0x00000000 x12=0x00000342
       12795000	      1180	80000eec	0622	c.slli	x12,0x8	 x12:0x00000342 x12=0x00034200
       12805000	      1181	80000eee	060d	c.addi	x12,3	 x12:0x00034200 x12=0x00034203
       12815000	      1182	80000ef0	00cd2023	sw	x12,0(x26)	 x26:0x8ffffffc x12:0x00034203 PA:0x8ffffffc store:0x00034203 load:0x00000000
       12825000	      1183	80000ef4	34202673	csrrs	x12,mcause,x0	  x0:0x00000000 x12=0x8000000b
       12835000	      1184	80000ef8	00cd2023	sw	x12,0(x26)	 x26:0x8ffffffc x12:0x8000000b PA:0x8ffffffc store:0x8000000b load:0x00000000
       12845000	      1185	80000efc	90000d37	lui	x26,0x90000	 x26=0x90000000
       12855000	      1186	80000f00	1d71	c.addi	x26,-4	 x26:0x90000000 x26=0x8ffffffc
       12865000	      1187	80000f02	30400613	addi	x12,x0,772	  x0:0x00000000 x12=0x00000304
       12875000	      1188	80000f06	0622	c.slli	x12,0x8	 x12:0x00000304 x12=0x00030400
       12885000	      1189	80000f08	060d	c.addi	x12,3	 x12:0x00030400 x12=0x00030403
       12895000	      1190	80000f0a	00cd2023	sw	x12,0(x26)	 x26:0x8ffffffc x12:0x00030403 PA:0x8ffffffc store:0x00030403 load:0x00000000
       12905000	      1191	80000f0e	30402673	csrrs	x12,mie,x0	  x0:0x00000000 x12=0x66fb0888
       12915000	      1192	80000f12	00cd2023	sw	x12,0(x26)	 x26:0x8ffffffc x12:0x66fb0888 PA:0x8ffffffc store:0x66fb0888 load:0x00000000
       12925000	      1193	80000f16	90000d37	lui	x26,0x90000	 x26=0x90000000
       12935000	      1194	80000f1a	1d71	c.addi	x26,-4	 x26:0x90000000 x26=0x8ffffffc
       12945000	      1195	80000f1c	34400613	addi	x12,x0,836	  x0:0x00000000 x12=0x00000344
       12955000	      1196	80000f20	0622	c.slli	x12,0x8	 x12:0x00000344 x12=0x00034400
       12965000	      1197	80000f22	060d	c.addi	x12,3	 x12:0x00034400 x12=0x00034403
       12975000	      1198	80000f24	00cd2023	sw	x12,0(x26)	 x26:0x8ffffffc x12:0x00034403 PA:0x8ffffffc store:0x00034403 load:0x00000000
       12985000	      1199	80000f28	34402673	csrrs	x12,mip,x0	  x0:0x00000000 x12=0x00000000
       12995000	      1200	80000f2c	00cd2023	sw	x12,0(x26)	 x26:0x8ffffffc x12:0x00000000 PA:0x8ffffffc store:0x00000000 load:0x00000000
       13005000	      1201	80000f30	6ad1006f	jal	x0,80011ddc	  x0=0x00000000
       13025000	      1203	80011ddc	30002673	csrrs	x12,mstatus,x0	  x0:0x00000000 x12=0x00000000
       13035000	      1204	80011de0	30402673	csrrs	x12,mie,x0	  x0:0x00000000 x12=0x66fb0888
       13045000	      1205	80011de4	34402673	csrrs	x12,mip,x0	  x0:0x00000000 x12=0x00000000
       13055000	      1206	80011de8	34463673	csrrc	x12,mip,x12	 x12:0x00000000 x12=0x00000000
       13085000	      1209	80011dec	90000d37	lui	x26,0x90000	 x26=0x90000000
       13095000	      1210	80011df0	1d71	c.addi	x26,-4	 x26:0x90000000 x26=0x8ffffffc
       13105000	      1211	80011df2	461d	c.li	x12,7	 x12=0x00000007
       13115000	      1212	80011df4	0622	c.slli	x12,0x8	 x12:0x00000007 x12=0x00000700
       13125000	      1213	80011df6	00060613	addi	x12,x12,0	 x12:0x00000700 x12=0x00000700
       13135000	      1214	80011dfa	00cd2023	sw	x12,0(x26)	 x26:0x8ffffffc x12:0x00000700 PA:0x8ffffffc store:0x00000700 load:0x00000000
       13145000	      1215	80011dfe	000f04b3	add	x9,x30,x0	 x30:0x8002bc60  x0:0x00000000  x9=0x8002bc60
       13155000	      1216	80011e02	0044a083	lw	x1,4(x9)	  x9:0x8002bc60  x1=0x8000351c PA:0x8002bc64 load:0x8000351c
       13165000	      1217	80011e06	0084a103	lw	x2,8(x9)	  x9:0x8002bc60  x2=0x00000000 PA:0x8002bc68 load:0x00000000
       13175000	      1218	80011e0a	00c4a183	lw	x3,12(x9)	  x9:0x8002bc60  x3=0x00000000 PA:0x8002bc6c load:0x00000000
       13185000	      1219	80011e0e	0104a203	lw	x4,16(x9)	  x9:0x8002bc60  x4=0x00000000 PA:0x8002bc70 load:0x00000000
       13195000	      1220	80011e12	0144a283	lw	x5,20(x9)	  x9:0x8002bc60  x5=0x00000000 PA:0x8002bc74 load:0x00000000
       13205000	      1221	80011e16	0184a303	lw	x6,24(x9)	  x9:0x8002bc60  x6=0x00000000 PA:0x8002bc78 load:0x00000000
       13215000	      1222	80011e1a	01c4a383	lw	x7,28(x9)	  x9:0x8002bc60  x7=0x00000109 PA:0x8002bc7c load:0x00000109
       13225000	      1223	80011e1e	5080	c.lw	x8,32(x9)	  x9:0x8002bc60  x8=0x00000000 PA:0x8002bc80 load:0x00000000
       13235000	      1224	80011e20	50c4	c.lw	x9,36(x9)	  x9:0x8002bc60  x9=0x8002bc60 PA:0x8002bc84 load:0x8002bc60
       13255000	      1226	80011e22	5488	c.lw	x10,40(x9)	  x9:0x8002bc60 x10=0x00000000 PA:0x8002bc88 load:0x00000000
       13265000	      1227	80011e24	54cc	c.lw	x11,44(x9)	  x9:0x8002bc60 x11=0x894eacb4 PA:0x8002bc8c load:0x894eacb4
       13275000	      1228	80011e26	5890	c.lw	x12,48(x9)	  x9:0x8002bc60 x12=0x00000000 PA:0x8002bc90 load:0x00000000
       13285000	      1229	80011e28	58d4	c.lw	x13,52(x9)	  x9:0x8002bc60 x13=0x894eacb4 PA:0x8002bc94 load:0x894eacb4
       13295000	      1230	80011e2a	5c98	c.lw	x14,56(x9)	  x9:0x8002bc60 x14=0x40000569 PA:0x8002bc98 load:0x40000569
       13305000	      1231	80011e2c	5cdc	c.lw	x15,60(x9)	  x9:0x8002bc60 x15=0x00000000 PA:0x8002bc9c load:0x00000000
       13315000	      1232	80011e2e	0404a803	lw	x16,64(x9)	  x9:0x8002bc60 x16=0x00000000 PA:0x8002bca0 load:0x00000000
       13325000	      1233	80011e32	0444a883	lw	x17,68(x9)	  x9:0x8002bc60 x17=0xb3771000 PA:0x8002bca4 load:0xb3771000
       13335000	      1234	80011e36	0484a903	lw	x18,72(x9)	  x9:0x8002bc60 x18=0x00000000 PA:0x8002bca8 load:0x00000000
       13345000	      1235	80011e3a	04c4a983	lw	x19,76(x9)	  x9:0x8002bc60 x19=0x00000000 PA:0x8002bcac load:0x00000000
       13355000	      1236	80011e3e	0504aa03	lw	x20,80(x9)	  x9:0x8002bc60 x20=0x8001e8fa PA:0x8002bcb0 load:0x8001e8fa
       13365000	      1237	80011e42	0544aa83	lw	x21,84(x9)	  x9:0x8002bc60 x21=0x00000000 PA:0x8002bcb4 load:0x00000000
       13375000	      1238	80011e46	0584ab03	lw	x22,88(x9)	  x9:0x8002bc60 x22=0x00000000 PA:0x8002bcb8 load:0x00000000
       13385000	      1239	80011e4a	05c4ab83	lw	x23,92(x9)	  x9:0x8002bc60 x23=0x00000000 PA:0x8002bcbc load:0x00000000
       13395000	      1240	80011e4e	0604ac03	lw	x24,96(x9)	  x9:0x8002bc60 x24=0x40000569 PA:0x8002bcc0 load:0x40000569
       13405000	      1241	80011e52	0644ac83	lw	x25,100(x9)	  x9:0x8002bc60 x25=0x00000000 PA:0x8002bcc4 load:0x00000000
       13415000	      1242	80011e56	0684ad03	lw	x26,104(x9)	  x9:0x8002bc60 x26=0x80017bae PA:0x8002bcc8 load:0x80017bae
       13425000	      1243	80011e5a	06c4ad83	lw	x27,108(x9)	  x9:0x8002bc60 x27=0x00000000 PA:0x8002bccc load:0x00000000
       13435000	      1244	80011e5e	0704ae03	lw	x28,112(x9)	  x9:0x8002bc60 x28=0x80020c93 PA:0x8002bcd0 load:0x80020c93
       13445000	      1245	80011e62	0744ae83	lw	x29,116(x9)	  x9:0x8002bc60 x29=0x00000000 PA:0x8002bcd4 load:0x00000000
       13455000	      1246	80011e66	0784af03	lw	x30,120(x9)	  x9:0x8002bc60 x30=0x8002bce0 PA:0x8002bcd8 load:0x8002bce0
       13465000	      1247	80011e6a	07c4af83	lw	x31,124(x9)	  x9:0x8002bc60 x31=0x8c000000 PA:0x8002bcdc load:0x8c000000
       13475000	      1248	80011e6e	08048493	addi	x9,x9,128	  x9:0x8002bc60  x9=0x8002bce0
       13485000	      1249	80011e72	00048f33	add	x30,x9,x0	  x9:0x8002bce0  x0:0x00000000 x30=0x8002bce0
       13495000	      1250	80011e76	000f2483	lw	x9,0(x30)	 x30:0x8002bce0  x9=0x80027e64 PA:0x8002bce0 load:0x80027e64
       13505000	      1251	80011e7a	0f11	c.addi	x30,4	 x30:0x8002bce0 x30=0x8002bce4
       13515000	      1252	80011e7c	30200073	mret	
       13545000	      1255	8000368e	0d8d	c.addi	x27,3	 x27:0x00000000 x27=0x00000003
       13555000	      1256	80003690	006e0d83	lb	x27,6(x28)	 x28:0x80020c93 x27=0x00000000 PA:0x80020c99 load:0x00000000
       13565000	      1257	80003694	009e4b83	lbu	x23,9(x28)	 x28:0x80020c93 x23=0x00000000 PA:0x80020c9c load:0x00000000
       13575000	      1258	80003698	009e4903	lbu	x18,9(x28)	 x28:0x80020c93 x18=0x00000000 PA:0x80020c9c load:0x00000000
       13585000	      1259	8000369c	ffee4c83	lbu	x25,-2(x28)	 x28:0x80020c93 x25=0x00000000 PA:0x80020c91 load:0x00000000
       13595000	      1260	800036a0	febe0f23	sb	x11,-2(x28)	 x28:0x80020c93 x11:0x894eacb4 PA:0x80020c91 store:0x894eacb4 load:0x00000000
       13605000	      1261	800036a4	ffee4803	lbu	x16,-2(x28)	 x28:0x80020c93 x16=0x000000b4 PA:0x80020c91 load:0x000000b4
       13625000	      1263	800036a8	010e20a3	sw	x16,1(x28)	 x28:0x80020c93 x16:0x000000b4 PA:0x80020c94 store:0x000000b4 load:0x00000000
       13635000	      1264	800036ac	00933db3	sltu	x27,x6,x9	  x6:0x00000000  x9:0x80027e64 x27=0x00000001
       13645000	      1265	800036b0	001e1403	lh	x8,1(x28)	 x28:0x80020c93  x8=0x000000b4 PA:0x80020c94 load:0x000000b4
       13655000	      1266	800036b4	0a94	c.addi4spn	x13,x2,336	 x13=0x00000150
       13665000	      1267	800036b6	ffce4803	lbu	x16,-4(x28)	 x28:0x80020c93 x16=0x00000000 PA:0x80020c8f load:0x00000000
       13675000	      1268	800036ba	00015117	auipc	x2,0x15	  x2=0x800186ba
       13685000	      1269	800036be	5e010113	addi	x2,x2,1504	  x2:0x800186ba  x2=0x80018c9a
       13695000	      1270	800036c2	00714d03	lbu	x26,7(x2)	  x2:0x80018c9a x26=0x00000000 PA:0x80018ca1 load:0x00000000
       13705000	      1271	800036c6	00714c83	lbu	x25,7(x2)	  x2:0x80018c9a x25=0x00000000 PA:0x80018ca1 load:0x00000000
       13715000	      1272	800036ca	014103a3	sb	x20,7(x2)	  x2:0x80018c9a x20:0x8001e8fa PA:0x80018ca1 store:0x8001e8fa load:0x00000000
       13725000	      1273	800036ce	00714303	lbu	x6,7(x2)	  x2:0x80018c9a  x6=0x000000fa PA:0x80018ca1 load:0x000000fa
       13735000	      1274	800036d2	00714283	lbu	x5,7(x2)	  x2:0x80018c9a  x5=0x000000fa PA:0x80018ca1 load:0x000000fa
       13745000	      1275	800036d6	00c103a3	sb	x12,7(x2)	  x2:0x80018c9a x12:0x00000000 PA:0x80018ca1 store:0x00000000 load:0x00000000
       13755000	      1276	800036da	00e103a3	sb	x14,7(x2)	  x2:0x80018c9a x14:0x40000569 PA:0x80018ca1 store:0x40000569 load:0x00000000
       13765000	      1277	800036de	01610223	sb	x22,4(x2)	  x2:0x80018c9a x22:0x00000000 PA:0x80018c9e store:0x00000000 load:0x00000000
       13775000	      1278	800036e2	00110223	sb	x1,4(x2)	  x2:0x80018c9a  x1:0x8000351c PA:0x80018c9e store:0x8000351c load:0x00000000
       13785000	      1279	800036e6	987d	c.andi	x8,-1	  x8:0x000000b4  x8=0x000000b4
       13795000	      1280	800036e8	00410683	lb	x13,4(x2)	  x2:0x80018c9a x13=0x0000001c PA:0x80018c9e load:0x0000001c
       13805000	      1281	800036ec	0001ce97	auipc	x29,0x1c	 x29=0x8001f6ec
       13815000	      1282	800036f0	3aee8e93	addi	x29,x29,942	 x29:0x8001f6ec x29=0x8001fa9a
       13825000	      1283	800036f4	f70ea123	sw	x16,-158(x29)	 x29:0x8001fa9a x16:0x00000000 PA:0x8001f9fc store:0x00000000 load:0x00000000
       13835000	      1284	800036f8	ffee8323	sb	x30,-26(x29)	 x29:0x8001fa9a x30:0x8002bce4 PA:0x8001fa80 store:0x8002bce4 load:0x00000000
       13845000	      1285	800036fc	0001cd17	auipc	x26,0x1c	 x26=0x8001f6fc
       13855000	      1286	80003700	496d0d13	addi	x26,x26,1174	 x26:0x8001f6fc x26=0x8001fb92
       13865000	      1287	80003704	f86e9383	lh	x7,-122(x29)	 x29:0x8001fa9a  x7=0x00000000 PA:0x8001fa20 load:0x00000000
       13875000	      1288	80003708	00012997	auipc	x19,0x12	 x19=0x80015708
       13885000	      1289	8000370c	85898993	addi	x19,x19,-1960	 x19:0x80015708 x19=0x80014f60
       13895000	      1290	80003710	fd9ecc83	lbu	x25,-39(x29)	 x29:0x8001fa9a x25=0x00000000 PA:0x8001fa73 load:0x00000000
       13905000	      1291	80003714	f719a023	sw	x17,-160(x19)	 x19:0x80014f60 x17:0xb3771000 PA:0x80014ec0 store:0xb3771000 load:0x00000000
       13915000	      1292	80003718	00798ca3	sb	x7,25(x19)	 x19:0x80014f60  x7:0x00000000 PA:0x80014f79 store:0x00000000 load:0x00000000
       13925000	      1293	8000371c	00015a17	auipc	x20,0x15	 x20=0x8001871c
       13935000	      1294	80003720	59ca0a13	addi	x20,x20,1436	 x20:0x8001871c x20=0x80018cb8
       13945000	      1295	80003724	0749a083	lw	x1,116(x19)	 x19:0x80014f60  x1=0x00000000 PA:0x80014fd4 load:0x00000000
       13955000	      1296	80003728	1f0d5883	lhu	x17,496(x26)	 x26:0x8001fb92 x17=0x00000000 PA:0x8001fd82 load:0x00000000
       13965000	      1297	8000372c	0e5e8c83	lb	x25,229(x29)	 x29:0x8001fa9a x25=0x00000000 PA:0x8001fb7f load:0x00000000
       13975000	      1298	80003730	2f4a08a3	sb	x20,753(x20)	 x20:0x80018cb8 x20:0x80018cb8 PA:0x80018fa9 store:0x80018cb8 load:0x00000000
       13985000	      1299	80003734	270d1003	lh	x0,624(x26)	 x26:0x8001fb92  x0=0x00000000 PA:0x8001fe02 load:0x00000000
       13995000	      1300	80003738	f5e98383	lb	x7,-162(x19)	 x19:0x80014f60  x7=0x00000000 PA:0x80014ebe load:0x00000000
       14005000	      1301	8000373c	3cca1783	lh	x15,972(x20)	 x20:0x80018cb8 x15=0x00000000 PA:0x80019084 load:0x00000000
       14015000	      1302	80003740	0bbe8b03	lb	x22,187(x29)	 x29:0x8001fa9a x22=0x00000000 PA:0x8001fb55 load:0x00000000
       14025000	      1303	80003744	a47d4083	lbu	x1,-1465(x26)	 x26:0x8001fb92  x1=0x00000000 PA:0x8001f5d9 load:0x00000000
       14035000	      1304	80003748	f559ca83	lbu	x21,-171(x19)	 x19:0x80014f60 x21=0x00000000 PA:0x80014eb5 load:0x00000000
       14045000	      1305	8000374c	fdde8da3	sb	x29,-37(x29)	 x29:0x8001fa9a x29:0x8001fa9a PA:0x8001fa75 store:0x8001fa9a load:0x00000000
       14055000	      1306	80003750	02198083	lb	x1,33(x19)	 x19:0x80014f60  x1=0x00000000 PA:0x80014f81 load:0x00000000
       14065000	      1307	80003754	032e9783	lh	x15,50(x29)	 x29:0x8001fa9a x15=0x00000000 PA:0x8001facc load:0x00000000
       14075000	      1308	80003758	0699c183	lbu	x3,105(x19)	 x19:0x80014f60  x3=0x00000000 PA:0x80014fc9 load:0x00000000
       14085000	      1309	8000375c	f399c803	lbu	x16,-199(x19)	 x19:0x80014f60 x16=0x00000000 PA:0x80014e99 load:0x00000000
       14095000	      1310	80003760	53ed1123	sh	x30,1314(x26)	 x26:0x8001fb92 x30:0x8002bce4 PA:0x800200b4 store:0x8002bce4 load:0x00000000
       14105000	      1311	80003764	c5ba0703	lb	x14,-933(x20)	 x20:0x80018cb8 x14=0x00000000 PA:0x80018913 load:0x00000000
       14115000	      1312	80003768	f6eea003	lw	x0,-146(x29)	 x29:0x8001fa9a  x0=0x00000000 PA:0x8001fa08 load:0x00000000
       14125000	      1313	8000376c	f5e9a823	sw	x30,-176(x19)	 x19:0x80014f60 x30:0x8002bce4 PA:0x80014eb0 store:0x8002bce4 load:0x00000000
       14135000	      1314	80003770	4c3a4e03	lbu	x28,1219(x20)	 x20:0x80018cb8 x28=0x00000000 PA:0x8001917b load:0x00000000
       14145000	      1315	80003774	58ca0183	lb	x3,1420(x20)	 x20:0x80018cb8  x3=0x00000000 PA:0x80019244 load:0x00000000
       14155000	      1316	80003778	0e8edf83	lhu	x31,232(x29)	 x29:0x8001fa9a x31=0x00000000 PA:0x8001fb82 load:0x00000000
       14165000	      1317	8000377c	ff49d103	lhu	x2,-12(x19)	 x19:0x80014f60  x2=0x00000000 PA:0x80014f54 load:0x00000000
       14175000	      1318	80003780	1ead0d83	lb	x27,490(x26)	 x26:0x8001fb92 x27=0x00000000 PA:0x8001fd7c load:0x00000000
       14185000	      1319	80003784	0000f997	auipc	x19,0xf	 x19=0x80012784
       14195000	      1320	80003788	f0198993	addi	x19,x19,-255	 x19:0x80012784 x19=0x80012685
       14205000	      1321	8000378c	01098f83	lb	x31,16(x19)	 x19:0x80012685 x31=0x00000000 PA:0x80012695 load:0x00000000
       14215000	      1322	80003790	00799703	lh	x14,7(x19)	 x19:0x80012685 x14=0x00000000 PA:0x8001268c load:0x00000000
       14235000	      1324	80003794	41a75a33	sra	x20,x14,x26	 x14:0x00000000 x26:0x8001fb92 x20=0x00000000
       14245000	      1325	80003798	ff79d883	lhu	x17,-9(x19)	 x19:0x80012685 x17=0x00000000 PA:0x8001267c load:0x00000000
       14255000	      1326	8000379c	01098103	lb	x2,16(x19)	 x19:0x80012685  x2=0x00000000 PA:0x80012695 load:0x00000000
       14265000	      1327	800037a0	0019d783	lhu	x15,1(x19)	 x19:0x80012685 x15=0x00000000 PA:0x80012686 load:0x00000000
       14285000	      1329	800037a4	02267c33	remu	x24,x12,x2	 x12:0x00000000  x2:0x00000000 x24=0x00000000
       14295000	      1330	800037a8	ff598f83	lb	x31,-11(x19)	 x19:0x80012685 x31=0x00000000 PA:0x8001267a load:0x00000000
       14305000	      1331	800037ac	00598b03	lb	x22,5(x19)	 x19:0x80012685 x22=0x00000000 PA:0x8001268a load:0x00000000
       14315000	      1332	800037b0	0c08	c.addi4spn	x10,x2,528	 x10=0x00000210
       14325000	      1333	800037b2	ff9999a3	sh	x25,-13(x19)	 x19:0x80012685 x25:0x00000000 PA:0x80012678 store:0x00000000 load:0x00000000
       14335000	      1334	800037b6	fff99ea3	sh	x31,-3(x19)	 x19:0x80012685 x31:0x00000000 PA:0x80012682 store:0x00000000 load:0x00000000
       14345000	      1335	800037ba	ffc9ca03	lbu	x20,-4(x19)	 x19:0x80012685 x20=0x00000000 PA:0x80012681 load:0x00000000
       14355000	      1336	800037be	8d6d	c.and	x10,x11	 x10:0x00000210 x11:0x894eacb4 x10=0x00000010
       14365000	      1337	800037c0	411c8333	sub	x6,x25,x17	 x25:0x00000000 x17:0x00000000  x6=0x00000000
       14375000	      1338	800037c4	01dbd213	srli	x4,x23,0x1d	 x23:0x00000000  x4=0x00000000
       14385000	      1339	800037c8	fec98da3	sb	x12,-5(x19)	 x19:0x80012685 x12:0x00000000 PA:0x80012680 store:0x00000000 load:0x00000000
       14395000	      1340	800037cc	ff09c683	lbu	x13,-16(x19)	 x19:0x80012685 x13=0x00000000 PA:0x80012675 load:0x00000000
       14405000	      1341	800037d0	0081acb3	slt	x25,x3,x8	  x3:0x00000000  x8:0x000000b4 x25=0x00000001
       14415000	      1342	800037d4	ff098783	lb	x15,-16(x19)	 x19:0x80012685 x15=0x00000000 PA:0x80012675 load:0x00000000
       14425000	      1343	800037d8	00a980a3	sb	x10,1(x19)	 x19:0x80012685 x10:0x00000010 PA:0x80012686 store:0x00000010 load:0x00000000
       14435000	      1344	800037dc	01098803	lb	x16,16(x19)	 x19:0x80012685 x16=0x00000000 PA:0x80012695 load:0x00000000
       14445000	      1345	800037e0	fe798b23	sb	x7,-10(x19)	 x19:0x80012685  x7:0x00000000 PA:0x8001267b store:0x00000000 load:0x00000000
       14455000	      1346	800037e4	9a7d	c.andi	x12,-1	 x12:0x00000000 x12=0x00000000
       14465000	      1347	800037e6	10500073	wfi	
       15285000	      1429	8000252c	905fe06f	jal	x0,80000e30	  x0=0x00000000
       15305000	      1431	80000e30	1f71	c.addi	x30,-4	 x30:0x8002bce4 x30=0x8002bce0
       15315000	      1432	80000e32	009f2023	sw	x9,0(x30)	 x30:0x8002bce0  x9:0x80027e64 PA:0x8002bce0 store:0x80027e64 load:0x00000000
       15325000	      1433	80000e36	000f04b3	add	x9,x30,x0	 x30:0x8002bce0  x0:0x00000000  x9=0x8002bce0
       15335000	      1434	80000e3a	f8048493	addi	x9,x9,-128	  x9:0x8002bce0  x9=0x8002bc60
       15345000	      1435	80000e3e	0014a223	sw	x1,4(x9)	  x9:0x8002bc60  x1:0x00000000 PA:0x8002bc64 store:0x00000000 load:0x00000000
       15355000	      1436	80000e42	0024a423	sw	x2,8(x9)	  x9:0x8002bc60  x2:0x00000000 PA:0x8002bc68 store:0x00000000 load:0x00000000
       15365000	      1437	80000e46	0034a623	sw	x3,12(x9)	  x9:0x8002bc60  x3:0x00000000 PA:0x8002bc6c store:0x00000000 load:0x00000000
       15375000	      1438	80000e4a	0044a823	sw	x4,16(x9)	  x9:0x8002bc60  x4:0x00000000 PA:0x8002bc70 store:0x00000000 load:0x00000000
       15385000	      1439	80000e4e	0054aa23	sw	x5,20(x9)	  x9:0x8002bc60  x5:0x000000fa PA:0x8002bc74 store:0x000000fa load:0x00000000
       15395000	      1440	80000e52	0064ac23	sw	x6,24(x9)	  x9:0x8002bc60  x6:0x00000000 PA:0x8002bc78 store:0x00000000 load:0x00000000
       15405000	      1441	80000e56	0074ae23	sw	x7,28(x9)	  x9:0x8002bc60  x7:0x00000000 PA:0x8002bc7c store:0x00000000 load:0x00000000
       15415000	      1442	80000e5a	d080	c.sw	x8,32(x9)	  x9:0x8002bc60  x8:0x000000b4 PA:0x8002bc80 store:0x000000b4 load:0x00000000
       15425000	      1443	80000e5c	d0c4	c.sw	x9,36(x9)	  x9:0x8002bc60  x9:0x8002bc60 PA:0x8002bc84 store:0x8002bc60 load:0x00000000
       15435000	      1444	80000e5e	d488	c.sw	x10,40(x9)	  x9:0x8002bc60 x10:0x00000010 PA:0x8002bc88 store:0x00000010 load:0x00000000
       15445000	      1445	80000e60	d4cc	c.sw	x11,44(x9)	  x9:0x8002bc60 x11:0x894eacb4 PA:0x8002bc8c store:0x894eacb4 load:0x00000000
       15455000	      1446	80000e62	d890	c.sw	x12,48(x9)	  x9:0x8002bc60 x12:0x00000000 PA:0x8002bc90 store:0x00000000 load:0x00000000
       15465000	      1447	80000e64	d8d4	c.sw	x13,52(x9)	  x9:0x8002bc60 x13:0x00000000 PA:0x8002bc94 store:0x00000000 load:0x00000000
       15475000	      1448	80000e66	dc98	c.sw	x14,56(x9)	  x9:0x8002bc60 x14:0x00000000 PA:0x8002bc98 store:0x00000000 load:0x00000000
       15485000	      1449	80000e68	dcdc	c.sw	x15,60(x9)	  x9:0x8002bc60 x15:0x00000000 PA:0x8002bc9c store:0x00000000 load:0x00000000
       15495000	      1450	80000e6a	0504a023	sw	x16,64(x9)	  x9:0x8002bc60 x16:0x00000000 PA:0x8002bca0 store:0x00000000 load:0x00000000
       15505000	      1451	80000e6e	0514a223	sw	x17,68(x9)	  x9:0x8002bc60 x17:0x00000000 PA:0x8002bca4 store:0x00000000 load:0x00000000
       15515000	      1452	80000e72	0524a423	sw	x18,72(x9)	  x9:0x8002bc60 x18:0x00000000 PA:0x8002bca8 store:0x00000000 load:0x00000000
       15525000	      1453	80000e76	0534a623	sw	x19,76(x9)	  x9:0x8002bc60 x19:0x80012685 PA:0x8002bcac store:0x80012685 load:0x00000000
       15535000	      1454	80000e7a	0544a823	sw	x20,80(x9)	  x9:0x8002bc60 x20:0x00000000 PA:0x8002bcb0 store:0x00000000 load:0x00000000
       15545000	      1455	80000e7e	0554aa23	sw	x21,84(x9)	  x9:0x8002bc60 x21:0x00000000 PA:0x8002bcb4 store:0x00000000 load:0x00000000
       15555000	      1456	80000e82	0564ac23	sw	x22,88(x9)	  x9:0x8002bc60 x22:0x00000000 PA:0x8002bcb8 store:0x00000000 load:0x00000000
       15565000	      1457	80000e86	0574ae23	sw	x23,92(x9)	  x9:0x8002bc60 x23:0x00000000 PA:0x8002bcbc store:0x00000000 load:0x00000000
       15575000	      1458	80000e8a	0784a023	sw	x24,96(x9)	  x9:0x8002bc60 x24:0x00000000 PA:0x8002bcc0 store:0x00000000 load:0x00000000
       15585000	      1459	80000e8e	0794a223	sw	x25,100(x9)	  x9:0x8002bc60 x25:0x00000001 PA:0x8002bcc4 store:0x00000001 load:0x00000000
       15595000	      1460	80000e92	07a4a423	sw	x26,104(x9)	  x9:0x8002bc60 x26:0x8001fb92 PA:0x8002bcc8 store:0x8001fb92 load:0x00000000
       15605000	      1461	80000e96	07b4a623	sw	x27,108(x9)	  x9:0x8002bc60 x27:0x00000000 PA:0x8002bccc store:0x00000000 load:0x00000000
       15615000	      1462	80000e9a	07c4a823	sw	x28,112(x9)	  x9:0x8002bc60 x28:0x00000000 PA:0x8002bcd0 store:0x00000000 load:0x00000000
       15625000	      1463	80000e9e	07d4aa23	sw	x29,116(x9)	  x9:0x8002bc60 x29:0x8001fa9a PA:0x8002bcd4 store:0x8001fa9a load:0x00000000
       15635000	      1464	80000ea2	07e4ac23	sw	x30,120(x9)	  x9:0x8002bc60 x30:0x8002bce0 PA:0x8002bcd8 store:0x8002bce0 load:0x00000000
       15645000	      1465	80000ea6	07f4ae23	sw	x31,124(x9)	  x9:0x8002bc60 x31:0x00000000 PA:0x8002bcdc store:0x00000000 load:0x00000000
       15655000	      1466	80000eaa	00048f33	add	x30,x9,x0	  x9:0x8002bc60  x0:0x00000000 x30=0x8002bc60
       15665000	      1467	80000eae	90000d37	lui	x26,0x90000	 x26=0x90000000
       15675000	      1468	80000eb2	1d71	c.addi	x26,-4	 x26:0x90000000 x26=0x8ffffffc
       15685000	      1469	80000eb4	4619	c.li	x12,6	 x12=0x00000006
       15695000	      1470	80000eb6	0622	c.slli	x12,0x8	 x12:0x00000006 x12=0x00000600
       15705000	      1471	80000eb8	00060613	addi	x12,x12,0	 x12:0x00000600 x12=0x00000600
       15715000	      1472	80000ebc	00cd2023	sw	x12,0(x26)	 x26:0x8ffffffc x12:0x00000600 PA:0x8ffffffc store:0x00000600 load:0x00000000
       15725000	      1473	80000ec0	34202673	csrrs	x12,mcause,x0	  x0:0x00000000 x12=0x8000000b
       15735000	      1474	80000ec4	827d	c.srli	x12,0x1f	 x12:0x8000000b x12=0x00000001
       15745000	      1475	80000ec6	c63d	c.beqz	x12,80000f34	 x12:0x00000001
       15755000	      1476	80000ec8	90000d37	lui	x26,0x90000	 x26=0x90000000
       15765000	      1477	80000ecc	1d71	c.addi	x26,-4	 x26:0x90000000 x26=0x8ffffffc
       15775000	      1478	80000ece	30000613	addi	x12,x0,768	  x0:0x00000000 x12=0x00000300
       15785000	      1479	80000ed2	0622	c.slli	x12,0x8	 x12:0x00000300 x12=0x00030000
       15795000	      1480	80000ed4	060d	c.addi	x12,3	 x12:0x00030000 x12=0x00030003
       15805000	      1481	80000ed6	00cd2023	sw	x12,0(x26)	 x26:0x8ffffffc x12:0x00030003 PA:0x8ffffffc store:0x00030003 load:0x00000000
       15815000	      1482	80000eda	30002673	csrrs	x12,mstatus,x0	  x0:0x00000000 x12=0x00000000
       15825000	      1483	80000ede	00cd2023	sw	x12,0(x26)	 x26:0x8ffffffc x12:0x00000000 PA:0x8ffffffc store:0x00000000 load:0x00000000
       15835000	      1484	80000ee2	90000d37	lui	x26,0x90000	 x26=0x90000000
       15845000	      1485	80000ee6	1d71	c.addi	x26,-4	 x26:0x90000000 x26=0x8ffffffc
       15855000	      1486	80000ee8	34200613	addi	x12,x0,834	  x0:0x00000000 x12=0x00000342
       15865000	      1487	80000eec	0622	c.slli	x12,0x8	 x12:0x00000342 x12=0x00034200
       15875000	      1488	80000eee	060d	c.addi	x12,3	 x12:0x00034200 x12=0x00034203
       15885000	      1489	80000ef0	00cd2023	sw	x12,0(x26)	 x26:0x8ffffffc x12:0x00034203 PA:0x8ffffffc store:0x00034203 load:0x00000000
       15895000	      1490	80000ef4	34202673	csrrs	x12,mcause,x0	  x0:0x00000000 x12=0x8000000b
       15905000	      1491	80000ef8	00cd2023	sw	x12,0(x26)	 x26:0x8ffffffc x12:0x8000000b PA:0x8ffffffc store:0x8000000b load:0x00000000
       15915000	      1492	80000efc	90000d37	lui	x26,0x90000	 x26=0x90000000
       15925000	      1493	80000f00	1d71	c.addi	x26,-4	 x26:0x90000000 x26=0x8ffffffc
       15935000	      1494	80000f02	30400613	addi	x12,x0,772	  x0:0x00000000 x12=0x00000304
       15945000	      1495	80000f06	0622	c.slli	x12,0x8	 x12:0x00000304 x12=0x00030400
       15955000	      1496	80000f08	060d	c.addi	x12,3	 x12:0x00030400 x12=0x00030403
       15965000	      1497	80000f0a	00cd2023	sw	x12,0(x26)	 x26:0x8ffffffc x12:0x00030403 PA:0x8ffffffc store:0x00030403 load:0x00000000
       15975000	      1498	80000f0e	30402673	csrrs	x12,mie,x0	  x0:0x00000000 x12=0x66fb0888
       15985000	      1499	80000f12	00cd2023	sw	x12,0(x26)	 x26:0x8ffffffc x12:0x66fb0888 PA:0x8ffffffc store:0x66fb0888 load:0x00000000
       15995000	      1500	80000f16	90000d37	lui	x26,0x90000	 x26=0x90000000
       16005000	      1501	80000f1a	1d71	c.addi	x26,-4	 x26:0x90000000 x26=0x8ffffffc
       16015000	      1502	80000f1c	34400613	addi	x12,x0,836	  x0:0x00000000 x12=0x00000344
       16025000	      1503	80000f20	0622	c.slli	x12,0x8	 x12:0x00000344 x12=0x00034400
       16035000	      1504	80000f22	060d	c.addi	x12,3	 x12:0x00034400 x12=0x00034403
       16045000	      1505	80000f24	00cd2023	sw	x12,0(x26)	 x26:0x8ffffffc x12:0x00034403 PA:0x8ffffffc store:0x00034403 load:0x00000000
       16055000	      1506	80000f28	34402673	csrrs	x12,mip,x0	  x0:0x00000000 x12=0x00000000
       16065000	      1507	80000f2c	00cd2023	sw	x12,0(x26)	 x26:0x8ffffffc x12:0x00000000 PA:0x8ffffffc store:0x00000000 load:0x00000000
       16075000	      1508	80000f30	6ad1006f	jal	x0,80011ddc	  x0=0x00000000
       16095000	      1510	80011ddc	30002673	csrrs	x12,mstatus,x0	  x0:0x00000000 x12=0x00000000
       16105000	      1511	80011de0	30402673	csrrs	x12,mie,x0	  x0:0x00000000 x12=0x66fb0888
       16115000	      1512	80011de4	34402673	csrrs	x12,mip,x0	  x0:0x00000000 x12=0x00000000
       16125000	      1513	80011de8	34463673	csrrc	x12,mip,x12	 x12:0x00000000 x12=0x00000000
       16155000	      1516	80011dec	90000d37	lui	x26,0x90000	 x26=0x90000000
       16165000	      1517	80011df0	1d71	c.addi	x26,-4	 x26:0x90000000 x26=0x8ffffffc
       16175000	      1518	80011df2	461d	c.li	x12,7	 x12=0x00000007
       16185000	      1519	80011df4	0622	c.slli	x12,0x8	 x12:0x00000007 x12=0x00000700
       16195000	      1520	80011df6	00060613	addi	x12,x12,0	 x12:0x00000700 x12=0x00000700
       16205000	      1521	80011dfa	00cd2023	sw	x12,0(x26)	 x26:0x8ffffffc x12:0x00000700 PA:0x8ffffffc store:0x00000700 load:0x00000000
       16215000	      1522	80011dfe	000f04b3	add	x9,x30,x0	 x30:0x8002bc60  x0:0x00000000  x9=0x8002bc60
       16225000	      1523	80011e02	0044a083	lw	x1,4(x9)	  x9:0x8002bc60  x1=0x00000000 PA:0x8002bc64 load:0x00000000
       16235000	      1524	80011e06	0084a103	lw	x2,8(x9)	  x9:0x8002bc60  x2=0x00000000 PA:0x8002bc68 load:0x00000000
       16245000	      1525	80011e0a	00c4a183	lw	x3,12(x9)	  x9:0x8002bc60  x3=0x00000000 PA:0x8002bc6c load:0x00000000
       16255000	      1526	80011e0e	0104a203	lw	x4,16(x9)	  x9:0x8002bc60  x4=0x00000000 PA:0x8002bc70 load:0x00000000
       16265000	      1527	80011e12	0144a283	lw	x5,20(x9)	  x9:0x8002bc60  x5=0x000000fa PA:0x8002bc74 load:0x000000fa
       16275000	      1528	80011e16	0184a303	lw	x6,24(x9)	  x9:0x8002bc60  x6=0x00000000 PA:0x8002bc78 load:0x00000000
       16285000	      1529	80011e1a	01c4a383	lw	x7,28(x9)	  x9:0x8002bc60  x7=0x00000000 PA:0x8002bc7c load:0x00000000
       16295000	      1530	80011e1e	5080	c.lw	x8,32(x9)	  x9:0x8002bc60  x8=0x000000b4 PA:0x8002bc80 load:0x000000b4
       16305000	      1531	80011e20	50c4	c.lw	x9,36(x9)	  x9:0x8002bc60  x9=0x8002bc60 PA:0x8002bc84 load:0x8002bc60
       16325000	      1533	80011e22	5488	c.lw	x10,40(x9)	  x9:0x8002bc60 x10=0x00000010 PA:0x8002bc88 load:0x00000010
       16335000	      1534	80011e24	54cc	c.lw	x11,44(x9)	  x9:0x8002bc60 x11=0x894eacb4 PA:0x8002bc8c load:0x894eacb4
       16345000	      1535	80011e26	5890	c.lw	x12,48(x9)	  x9:0x8002bc60 x12=0x00000000 PA:0x8002bc90 load:0x00000000
       16355000	      1536	80011e28	58d4	c.lw	x13,52(x9)	  x9:0x8002bc60 x13=0x00000000 PA:0x8002bc94 load:0x00000000
       16365000	      1537	80011e2a	5c98	c.lw	x14,56(x9)	  x9:0x8002bc60 x14=0x00000000 PA:0x8002bc98 load:0x00000000
       16375000	      1538	80011e2c	5cdc	c.lw	x15,60(x9)	  x9:0x8002bc60 x15=0x00000000 PA:0x8002bc9c load:0x00000000
       16385000	      1539	80011e2e	0404a803	lw	x16,64(x9)	  x9:0x8002bc60 x16=0x00000000 PA:0x8002bca0 load:0x00000000
       16395000	      1540	80011e32	0444a883	lw	x17,68(x9)	  x9:0x8002bc60 x17=0x00000000 PA:0x8002bca4 load:0x00000000
       16405000	      1541	80011e36	0484a903	lw	x18,72(x9)	  x9:0x8002bc60 x18=0x00000000 PA:0x8002bca8 load:0x00000000
       16415000	      1542	80011e3a	04c4a983	lw	x19,76(x9)	  x9:0x8002bc60 x19=0x80012685 PA:0x8002bcac load:0x80012685
       16425000	      1543	80011e3e	0504aa03	lw	x20,80(x9)	  x9:0x8002bc60 x20=0x00000000 PA:0x8002bcb0 load:0x00000000
       16435000	      1544	80011e42	0544aa83	lw	x21,84(x9)	  x9:0x8002bc60 x21=0x00000000 PA:0x8002bcb4 load:0x00000000
       16445000	      1545	80011e46	0584ab03	lw	x22,88(x9)	  x9:0x8002bc60 x22=0x00000000 PA:0x8002bcb8 load:0x00000000
       16455000	      1546	80011e4a	05c4ab83	lw	x23,92(x9)	  x9:0x8002bc60 x23=0x00000000 PA:0x8002bcbc load:0x00000000
       16465000	      1547	80011e4e	0604ac03	lw	x24,96(x9)	  x9:0x8002bc60 x24=0x00000000 PA:0x8002bcc0 load:0x00000000
       16475000	      1548	80011e52	0644ac83	lw	x25,100(x9)	  x9:0x8002bc60 x25=0x00000001 PA:0x8002bcc4 load:0x00000001
       16485000	      1549	80011e56	0684ad03	lw	x26,104(x9)	  x9:0x8002bc60 x26=0x8001fb92 PA:0x8002bcc8 load:0x8001fb92
       16495000	      1550	80011e5a	06c4ad83	lw	x27,108(x9)	  x9:0x8002bc60 x27=0x00000000 PA:0x8002bccc load:0x00000000
       16505000	      1551	80011e5e	0704ae03	lw	x28,112(x9)	  x9:0x8002bc60 x28=0x00000000 PA:0x8002bcd0 load:0x00000000
       16515000	      1552	80011e62	0744ae83	lw	x29,116(x9)	  x9:0x8002bc60 x29=0x8001fa9a PA:0x8002bcd4 load:0x8001fa9a
       16525000	      1553	80011e66	0784af03	lw	x30,120(x9)	  x9:0x8002bc60 x30=0x8002bce0 PA:0x8002bcd8 load:0x8002bce0
       16535000	      1554	80011e6a	07c4af83	lw	x31,124(x9)	  x9:0x8002bc60 x31=0x00000000 PA:0x8002bcdc load:0x00000000
       16545000	      1555	80011e6e	08048493	addi	x9,x9,128	  x9:0x8002bc60  x9=0x8002bce0
       16555000	      1556	80011e72	00048f33	add	x30,x9,x0	  x9:0x8002bce0  x0:0x00000000 x30=0x8002bce0
       16565000	      1557	80011e76	000f2483	lw	x9,0(x30)	 x30:0x8002bce0  x9=0x80027e64 PA:0x8002bce0 load:0x80027e64
       16575000	      1558	80011e7a	0f11	c.addi	x30,4	 x30:0x8002bce0 x30=0x8002bce4
       16585000	      1559	80011e7c	30200073	mret	
       16625000	      1563	800037ea	00d9c803	lbu	x16,13(x19)	 x19:0x80012685 x16=0x00000000 PA:0x80012692 load:0x00000000
       16635000	      1564	800037ee	8f3d	c.xor	x14,x15	 x14:0x00000000 x15:0x00000000 x14=0x00000000
       17005000	      1601	800037f0	03eb7bb3	remu	x23,x22,x30	 x22:0x00000000 x30:0x8002bce4 x23=0x00000000
       17025000	      1603	800037f4	02414a33	div	x20,x2,x4	  x2:0x00000000  x4:0x00000000 x20=0xffffffff
       17035000	      1604	800037f8	8d35	c.xor	x10,x13	 x10:0x00000010 x13:0x00000000 x10=0x00000010
       17055000	      1606	800037fa	02f44cb3	div	x25,x8,x15	  x8:0x000000b4 x15:0x00000000 x25=0xffffffff
       17065000	      1607	800037fe	d5fd6e13	ori	x28,x26,-673	 x26:0x8001fb92 x28=0xffffffdf
       17075000	      1608	80003802	495a2113	slti	x2,x20,1173	 x20:0xffffffff  x2=0x00000001
       17085000	      1609	80003806	8051	c.srli	x8,0x14	  x8:0x000000b4  x8=0x00000000
       17095000	      1610	80003808	8709	c.srai	x14,0x2	 x14:0x00000000 x14=0x00000000
       17105000	      1611	8000380a	ffb98783	lb	x15,-5(x19)	 x19:0x80012685 x15=0x00000000 PA:0x80012680 load:0x00000000
       17475000	      1648	8000380e	03cbce33	div	x28,x23,x28	 x23:0x00000000 x28:0xffffffdf x28=0x00000000
       17515000	      1652	80003812	022f98b3	mulh	x17,x31,x2	 x31:0x00000000  x2:0x00000001 x17=0x00000000
       17525000	      1653	80003816	ffc98ca3	sb	x28,-7(x19)	 x19:0x80012685 x28:0x00000000 PA:0x8001267e store:0x00000000 load:0x00000000
       17535000	      1654	8000381a	836d	c.srli	x14,0x1b	 x14:0x00000000 x14=0x00000000
       17545000	      1655	8000381c	862a	c.mv	x12,x10	  x0:0x00000000 x10:0x00000010 x12=0x00000010
       17555000	      1656	8000381e	0099a1a3	sw	x9,3(x19)	 x19:0x80012685  x9:0x80027e64 PA:0x80012688 store:0x80027e64 load:0x00000000
       17565000	      1657	80003822	01998623	sb	x25,12(x19)	 x19:0x80012685 x25:0xffffffff PA:0x80012691 store:0xffffffff load:0x00000000
       17575000	      1658	80003826	0001dc97	auipc	x25,0x1d	 x25=0x80020826
       17585000	      1659	8000382a	32dc8c93	addi	x25,x25,813	 x25:0x80020826 x25=0x80020b53
       17595000	      1660	8000382e	01cca8a3	sw	x28,17(x25)	 x25:0x80020b53 x28:0x00000000 PA:0x80020b64 store:0x00000000 load:0x00000000
       17605000	      1661	80003832	0000100f	fence.i	
       17635000	      1664	80003836	fcccaaa3	sw	x12,-43(x25)	 x25:0x80020b53 x12:0x00000010 PA:0x80020b28 store:0x00000010 load:0x00000000
       17645000	      1665	8000383a	ffdc8103	lb	x2,-3(x25)	 x25:0x80020b53  x2=0x00000000 PA:0x80020b50 load:0x00000000
       17655000	      1666	8000383e	fffc8ea3	sb	x31,-3(x25)	 x25:0x80020b53 x31:0x00000000 PA:0x80020b50 store:0x00000000 load:0x00000000
       17665000	      1667	80003842	ffdcd883	lhu	x17,-3(x25)	 x25:0x80020b53 x17=0x00000000 PA:0x80020b50 load:0x00000000
       17675000	      1668	80003846	fe0c8083	lb	x1,-32(x25)	 x25:0x80020b53  x1=0x00000000 PA:0x80020b33 load:0x00000000
       17685000	      1669	8000384a	02ecc703	lbu	x14,46(x25)	 x25:0x80020b53 x14=0x00000000 PA:0x80020b81 load:0x00000000
       17725000	      1673	8000384e	02ddadb3	mulhsu	x27,x27,x13	 x27:0x00000000 x13:0x00000000 x27=0x00000000
       17735000	      1674	80003852	03cc8723	sb	x28,46(x25)	 x25:0x80020b53 x28:0x00000000 PA:0x80020b81 store:0x00000000 load:0x00000000
       17745000	      1675	80003856	03dc8723	sb	x29,46(x25)	 x25:0x80020b53 x29:0x8001fa9a PA:0x80020b81 store:0x8001fa9a load:0x00000000
       17755000	      1676	8000385a	02ecc203	lbu	x4,46(x25)	 x25:0x80020b53  x4=0x0000009a PA:0x80020b81 load:0x0000009a
       17765000	      1677	8000385e	02ecce03	lbu	x28,46(x25)	 x25:0x80020b53 x28=0x0000009a PA:0x80020b81 load:0x0000009a
       17775000	      1678	80003862	02ecc683	lbu	x13,46(x25)	 x25:0x80020b53 x13=0x0000009a PA:0x80020b81 load:0x0000009a
       17785000	      1679	80003866	9bfd	c.andi	x15,-1	 x15:0x00000000 x15=0x00000000
       17795000	      1680	80003868	02ec8703	lb	x14,46(x25)	 x25:0x80020b53 x14=0xffffff9a PA:0x80020b81 load:0xffffff9a
       17805000	      1681	8000386c	013c9183	lh	x3,19(x25)	 x25:0x80020b53  x3=0x00000000 PA:0x80020b66 load:0x00000000
       17815000	      1682	80003870	5759	c.li	x14,-10	 x14=0xfffffff6
       17855000	      1686	80003872	038aa533	mulhsu	x10,x21,x24	 x21:0x00000000 x24:0x00000000 x10=0x00000000
       17865000	      1687	80003876	0001	c.addi	x0,0	  x0:0x00000000  x0=0x00000000
       17905000	      1691	80003878	03f32433	mulhsu	x8,x6,x31	  x6:0x00000000 x31:0x00000000  x8=0x00000000
       17915000	      1692	8000387c	0715	c.addi	x14,5	 x14:0xfffffff6 x14=0xfffffffb
       17925000	      1693	8000387e	01b1d513	srli	x10,x3,0x1b	  x3:0x00000000 x10=0x00000000
       17935000	      1694	80003882	5ef5	c.li	x29,-3	 x29=0xfffffffd
       17945000	      1695	80003884	58f9	c.li	x17,-2	 x17=0xfffffffe
       17955000	      1696	80003886	8d0d	c.sub	x10,x11	 x10:0x00000000 x11:0x894eacb4 x10=0x76b1534c
       17965000	      1697	80003888	0e8d	c.addi	x29,3	 x29:0xfffffffd x29=0x00000000
       17975000	      1698	8000388a	ff1ecee3	blt	x29,x17,80003886	 x29:0x00000000 x17:0xfffffffe
       17985000	      1699	8000388e	f76d	c.bnez	x14,80003878	 x14:0xfffffffb
       18035000	      1704	80003878	03f32433	mulhsu	x8,x6,x31	  x6:0x00000000 x31:0x00000000  x8=0x00000000
       18045000	      1705	8000387c	0715	c.addi	x14,5	 x14:0xfffffffb x14=0x00000000
       18055000	      1706	8000387e	01b1d513	srli	x10,x3,0x1b	  x3:0x00000000 x10=0x00000000
       18065000	      1707	80003882	5ef5	c.li	x29,-3	 x29=0xfffffffd
       18075000	      1708	80003884	58f9	c.li	x17,-2	 x17=0xfffffffe
       18085000	      1709	80003886	8d0d	c.sub	x10,x11	 x10:0x00000000 x11:0x894eacb4 x10=0x76b1534c
       18095000	      1710	80003888	0e8d	c.addi	x29,3	 x29:0xfffffffd x29=0x00000000
       18105000	      1711	8000388a	ff1ecee3	blt	x29,x17,80003886	 x29:0x00000000 x17:0xfffffffe
       18115000	      1712	8000388e	f76d	c.bnez	x14,80003878	 x14:0x00000000
       18125000	      1713	80003890	4114de33	sra	x28,x9,x17	  x9:0x80027e64 x17:0xfffffffe x28=0xfffffffe
       18135000	      1714	80003894	0000f897	auipc	x17,0xf	 x17=0x80012894
       18145000	      1715	80003898	cd688893	addi	x17,x17,-810	 x17:0x80012894 x17=0x8001256a
       18155000	      1716	8000389c	8df6	c.mv	x27,x29	  x0:0x00000000 x29:0x00000000 x27=0x00000000
       18165000	      1717	8000389e	013886a3	sb	x19,13(x17)	 x17:0x8001256a x19:0x80012685 PA:0x80012577 store:0x80012685 load:0x00000000
       18175000	      1718	800038a2	00d886a3	sb	x13,13(x17)	 x17:0x8001256a x13:0x0000009a PA:0x80012577 store:0x0000009a load:0x00000000
       18185000	      1719	800038a6	c0b36213	ori	x4,x6,-1013	  x6:0x00000000  x4=0xfffffc0b
       18195000	      1720	800038aa	00b886a3	sb	x11,13(x17)	 x17:0x8001256a x11:0x894eacb4 PA:0x80012577 store:0x894eacb4 load:0x00000000
       18205000	      1721	800038ae	00d8c603	lbu	x12,13(x17)	 x17:0x8001256a x12=0x000000b4 PA:0x80012577 load:0x000000b4
       18215000	      1722	800038b2	0058cc03	lbu	x24,5(x17)	 x17:0x8001256a x24=0x00000000 PA:0x8001256f load:0x00000000
       18225000	      1723	800038b6	5db76813	ori	x16,x14,1499	 x14:0x00000000 x16=0x000005db
       18245000	      1725	800038ba	022a5833	divu	x16,x20,x2	 x20:0xffffffff  x2:0x00000000 x16=0xffffffff
       18255000	      1726	800038be	0058c903	lbu	x18,5(x17)	 x17:0x8001256a x18=0x00000000 PA:0x8001256f load:0x00000000
       18275000	      1728	800038c2	00d95093	srli	x1,x18,0xd	 x18:0x00000000  x1=0x00000000
       18285000	      1729	800038c6	ff18c603	lbu	x12,-15(x17)	 x17:0x8001256a x12=0x00000000 PA:0x8001255b load:0x00000000
       18295000	      1730	800038ca	002880a3	sb	x2,1(x17)	 x17:0x8001256a  x2:0x00000000 PA:0x8001256b store:0x00000000 load:0x00000000
       18305000	      1731	800038ce	ff888783	lb	x15,-8(x17)	 x17:0x8001256a x15=0x00000000 PA:0x80012562 load:0x00000000
       18315000	      1732	800038d2	82fa	c.mv	x5,x30	  x0:0x00000000 x30:0x8002bce4  x5=0x8002bce4
       18355000	      1736	8000252c	905fe06f	jal	x0,80000e30	  x0=0x00000000
       18375000	      1738	80000e30	1f71	c.addi	x30,-4	 x30:0x8002bce4 x30=0x8002bce0
       18385000	      1739	80000e32	009f2023	sw	x9,0(x30)	 x30:0x8002bce0  x9:0x80027e64 PA:0x8002bce0 store:0x80027e64 load:0x00000000
       18395000	      1740	80000e36	000f04b3	add	x9,x30,x0	 x30:0x8002bce0  x0:0x00000000  x9=0x8002bce0
       18405000	      1741	80000e3a	f8048493	addi	x9,x9,-128	  x9:0x8002bce0  x9=0x8002bc60
       18415000	      1742	80000e3e	0014a223	sw	x1,4(x9)	  x9:0x8002bc60  x1:0x00000000 PA:0x8002bc64 store:0x00000000 load:0x00000000
       18425000	      1743	80000e42	0024a423	sw	x2,8(x9)	  x9:0x8002bc60  x2:0x00000000 PA:0x8002bc68 store:0x00000000 load:0x00000000
       18435000	      1744	80000e46	0034a623	sw	x3,12(x9)	  x9:0x8002bc60  x3:0x00000000 PA:0x8002bc6c store:0x00000000 load:0x00000000
       18445000	      1745	80000e4a	0044a823	sw	x4,16(x9)	  x9:0x8002bc60  x4:0xfffffc0b PA:0x8002bc70 store:0xfffffc0b load:0x00000000
       18455000	      1746	80000e4e	0054aa23	sw	x5,20(x9)	  x9:0x8002bc60  x5:0x8002bce4 PA:0x8002bc74 store:0x8002bce4 load:0x00000000
       18465000	      1747	80000e52	0064ac23	sw	x6,24(x9)	  x9:0x8002bc60  x6:0x00000000 PA:0x8002bc78 store:0x00000000 load:0x00000000
       18475000	      1748	80000e56	0074ae23	sw	x7,28(x9)	  x9:0x8002bc60  x7:0x00000000 PA:0x8002bc7c store:0x00000000 load:0x00000000
       18485000	      1749	80000e5a	d080	c.sw	x8,32(x9)	  x9:0x8002bc60  x8:0x00000000 PA:0x8002bc80 store:0x00000000 load:0x00000000
       18495000	      1750	80000e5c	d0c4	c.sw	x9,36(x9)	  x9:0x8002bc60  x9:0x8002bc60 PA:0x8002bc84 store:0x8002bc60 load:0x00000000
       18505000	      1751	80000e5e	d488	c.sw	x10,40(x9)	  x9:0x8002bc60 x10:0x76b1534c PA:0x8002bc88 store:0x76b1534c load:0x00000000
       18515000	      1752	80000e60	d4cc	c.sw	x11,44(x9)	  x9:0x8002bc60 x11:0x894eacb4 PA:0x8002bc8c store:0x894eacb4 load:0x00000000
       18525000	      1753	80000e62	d890	c.sw	x12,48(x9)	  x9:0x8002bc60 x12:0x00000000 PA:0x8002bc90 store:0x00000000 load:0x00000000
       18535000	      1754	80000e64	d8d4	c.sw	x13,52(x9)	  x9:0x8002bc60 x13:0x0000009a PA:0x8002bc94 store:0x0000009a load:0x00000000
       18545000	      1755	80000e66	dc98	c.sw	x14,56(x9)	  x9:0x8002bc60 x14:0x00000000 PA:0x8002bc98 store:0x00000000 load:0x00000000
       18555000	      1756	80000e68	dcdc	c.sw	x15,60(x9)	  x9:0x8002bc60 x15:0x00000000 PA:0x8002bc9c store:0x00000000 load:0x00000000
       18565000	      1757	80000e6a	0504a023	sw	x16,64(x9)	  x9:0x8002bc60 x16:0xffffffff PA:0x8002bca0 store:0xffffffff load:0x00000000
       18575000	      1758	80000e6e	0514a223	sw	x17,68(x9)	  x9:0x8002bc60 x17:0x8001256a PA:0x8002bca4 store:0x8001256a load:0x00000000
       18585000	      1759	80000e72	0524a423	sw	x18,72(x9)	  x9:0x8002bc60 x18:0x00000000 PA:0x8002bca8 store:0x00000000 load:0x00000000
       18595000	      1760	80000e76	0534a623	sw	x19,76(x9)	  x9:0x8002bc60 x19:0x80012685 PA:0x8002bcac store:0x80012685 load:0x00000000
       18605000	      1761	80000e7a	0544a823	sw	x20,80(x9)	  x9:0x8002bc60 x20:0xffffffff PA:0x8002bcb0 store:0xffffffff load:0x00000000
       18615000	      1762	80000e7e	0554aa23	sw	x21,84(x9)	  x9:0x8002bc60 x21:0x00000000 PA:0x8002bcb4 store:0x00000000 load:0x00000000
       18625000	      1763	80000e82	0564ac23	sw	x22,88(x9)	  x9:0x8002bc60 x22:0x00000000 PA:0x8002bcb8 store:0x00000000 load:0x00000000
       18635000	      1764	80000e86	0574ae23	sw	x23,92(x9)	  x9:0x8002bc60 x23:0x00000000 PA:0x8002bcbc store:0x00000000 load:0x00000000
       18645000	      1765	80000e8a	0784a023	sw	x24,96(x9)	  x9:0x8002bc60 x24:0x00000000 PA:0x8002bcc0 store:0x00000000 load:0x00000000
       18655000	      1766	80000e8e	0794a223	sw	x25,100(x9)	  x9:0x8002bc60 x25:0x80020b53 PA:0x8002bcc4 store:0x80020b53 load:0x00000000
       18665000	      1767	80000e92	07a4a423	sw	x26,104(x9)	  x9:0x8002bc60 x26:0x8001fb92 PA:0x8002bcc8 store:0x8001fb92 load:0x00000000
       18675000	      1768	80000e96	07b4a623	sw	x27,108(x9)	  x9:0x8002bc60 x27:0x00000000 PA:0x8002bccc store:0x00000000 load:0x00000000
       18685000	      1769	80000e9a	07c4a823	sw	x28,112(x9)	  x9:0x8002bc60 x28:0xfffffffe PA:0x8002bcd0 store:0xfffffffe load:0x00000000
       18695000	      1770	80000e9e	07d4aa23	sw	x29,116(x9)	  x9:0x8002bc60 x29:0x00000000 PA:0x8002bcd4 store:0x00000000 load:0x00000000
       18705000	      1771	80000ea2	07e4ac23	sw	x30,120(x9)	  x9:0x8002bc60 x30:0x8002bce0 PA:0x8002bcd8 store:0x8002bce0 load:0x00000000
       18715000	      1772	80000ea6	07f4ae23	sw	x31,124(x9)	  x9:0x8002bc60 x31:0x00000000 PA:0x8002bcdc store:0x00000000 load:0x00000000
       18725000	      1773	80000eaa	00048f33	add	x30,x9,x0	  x9:0x8002bc60  x0:0x00000000 x30=0x8002bc60
       18735000	      1774	80000eae	90000d37	lui	x26,0x90000	 x26=0x90000000
       18745000	      1775	80000eb2	1d71	c.addi	x26,-4	 x26:0x90000000 x26=0x8ffffffc
       18755000	      1776	80000eb4	4619	c.li	x12,6	 x12=0x00000006
       18765000	      1777	80000eb6	0622	c.slli	x12,0x8	 x12:0x00000006 x12=0x00000600
       18775000	      1778	80000eb8	00060613	addi	x12,x12,0	 x12:0x00000600 x12=0x00000600
       18785000	      1779	80000ebc	00cd2023	sw	x12,0(x26)	 x26:0x8ffffffc x12:0x00000600 PA:0x8ffffffc store:0x00000600 load:0x00000000
       18795000	      1780	80000ec0	34202673	csrrs	x12,mcause,x0	  x0:0x00000000 x12=0x8000000b
       18805000	      1781	80000ec4	827d	c.srli	x12,0x1f	 x12:0x8000000b x12=0x00000001
       18815000	      1782	80000ec6	c63d	c.beqz	x12,80000f34	 x12:0x00000001
       18825000	      1783	80000ec8	90000d37	lui	x26,0x90000	 x26=0x90000000
       18835000	      1784	80000ecc	1d71	c.addi	x26,-4	 x26:0x90000000 x26=0x8ffffffc
       18845000	      1785	80000ece	30000613	addi	x12,x0,768	  x0:0x00000000 x12=0x00000300
       18855000	      1786	80000ed2	0622	c.slli	x12,0x8	 x12:0x00000300 x12=0x00030000
       18865000	      1787	80000ed4	060d	c.addi	x12,3	 x12:0x00030000 x12=0x00030003
       18875000	      1788	80000ed6	00cd2023	sw	x12,0(x26)	 x26:0x8ffffffc x12:0x00030003 PA:0x8ffffffc store:0x00030003 load:0x00000000
       18885000	      1789	80000eda	30002673	csrrs	x12,mstatus,x0	  x0:0x00000000 x12=0x00000000
       18895000	      1790	80000ede	00cd2023	sw	x12,0(x26)	 x26:0x8ffffffc x12:0x00000000 PA:0x8ffffffc store:0x00000000 load:0x00000000
       18905000	      1791	80000ee2	90000d37	lui	x26,0x90000	 x26=0x90000000
       18915000	      1792	80000ee6	1d71	c.addi	x26,-4	 x26:0x90000000 x26=0x8ffffffc
       18925000	      1793	80000ee8	34200613	addi	x12,x0,834	  x0:0x00000000 x12=0x00000342
       18935000	      1794	80000eec	0622	c.slli	x12,0x8	 x12:0x00000342 x12=0x00034200
       18945000	      1795	80000eee	060d	c.addi	x12,3	 x12:0x00034200 x12=0x00034203
       18955000	      1796	80000ef0	00cd2023	sw	x12,0(x26)	 x26:0x8ffffffc x12:0x00034203 PA:0x8ffffffc store:0x00034203 load:0x00000000
       18965000	      1797	80000ef4	34202673	csrrs	x12,mcause,x0	  x0:0x00000000 x12=0x8000000b
       18975000	      1798	80000ef8	00cd2023	sw	x12,0(x26)	 x26:0x8ffffffc x12:0x8000000b PA:0x8ffffffc store:0x8000000b load:0x00000000
       18985000	      1799	80000efc	90000d37	lui	x26,0x90000	 x26=0x90000000
       18995000	      1800	80000f00	1d71	c.addi	x26,-4	 x26:0x90000000 x26=0x8ffffffc
       19005000	      1801	80000f02	30400613	addi	x12,x0,772	  x0:0x00000000 x12=0x00000304
       19015000	      1802	80000f06	0622	c.slli	x12,0x8	 x12:0x00000304 x12=0x00030400
       19025000	      1803	80000f08	060d	c.addi	x12,3	 x12:0x00030400 x12=0x00030403
       19035000	      1804	80000f0a	00cd2023	sw	x12,0(x26)	 x26:0x8ffffffc x12:0x00030403 PA:0x8ffffffc store:0x00030403 load:0x00000000
       19045000	      1805	80000f0e	30402673	csrrs	x12,mie,x0	  x0:0x00000000 x12=0x66fb0888
       19055000	      1806	80000f12	00cd2023	sw	x12,0(x26)	 x26:0x8ffffffc x12:0x66fb0888 PA:0x8ffffffc store:0x66fb0888 load:0x00000000
       19065000	      1807	80000f16	90000d37	lui	x26,0x90000	 x26=0x90000000
       19075000	      1808	80000f1a	1d71	c.addi	x26,-4	 x26:0x90000000 x26=0x8ffffffc
       19085000	      1809	80000f1c	34400613	addi	x12,x0,836	  x0:0x00000000 x12=0x00000344
       19095000	      1810	80000f20	0622	c.slli	x12,0x8	 x12:0x00000344 x12=0x00034400
       19105000	      1811	80000f22	060d	c.addi	x12,3	 x12:0x00034400 x12=0x00034403
       19115000	      1812	80000f24	00cd2023	sw	x12,0(x26)	 x26:0x8ffffffc x12:0x00034403 PA:0x8ffffffc store:0x00034403 load:0x00000000
       19125000	      1813	80000f28	34402673	csrrs	x12,mip,x0	  x0:0x00000000 x12=0x00000000
       19135000	      1814	80000f2c	00cd2023	sw	x12,0(x26)	 x26:0x8ffffffc x12:0x00000000 PA:0x8ffffffc store:0x00000000 load:0x00000000
       19145000	      1815	80000f30	6ad1006f	jal	x0,80011ddc	  x0=0x00000000
       19165000	      1817	80011ddc	30002673	csrrs	x12,mstatus,x0	  x0:0x00000000 x12=0x00000000
       19175000	      1818	80011de0	30402673	csrrs	x12,mie,x0	  x0:0x00000000 x12=0x66fb0888
       19185000	      1819	80011de4	34402673	csrrs	x12,mip,x0	  x0:0x00000000 x12=0x00000000
       19195000	      1820	80011de8	34463673	csrrc	x12,mip,x12	 x12:0x00000000 x12=0x00000000
       19225000	      1823	80011dec	90000d37	lui	x26,0x90000	 x26=0x90000000
       19235000	      1824	80011df0	1d71	c.addi	x26,-4	 x26:0x90000000 x26=0x8ffffffc
       19245000	      1825	80011df2	461d	c.li	x12,7	 x12=0x00000007
       19255000	      1826	80011df4	0622	c.slli	x12,0x8	 x12:0x00000007 x12=0x00000700
       19265000	      1827	80011df6	00060613	addi	x12,x12,0	 x12:0x00000700 x12=0x00000700
       19275000	      1828	80011dfa	00cd2023	sw	x12,0(x26)	 x26:0x8ffffffc x12:0x00000700 PA:0x8ffffffc store:0x00000700 load:0x00000000
       19285000	      1829	80011dfe	000f04b3	add	x9,x30,x0	 x30:0x8002bc60  x0:0x00000000  x9=0x8002bc60
       19295000	      1830	80011e02	0044a083	lw	x1,4(x9)	  x9:0x8002bc60  x1=0x00000000 PA:0x8002bc64 load:0x00000000
       19305000	      1831	80011e06	0084a103	lw	x2,8(x9)	  x9:0x8002bc60  x2=0x00000000 PA:0x8002bc68 load:0x00000000
       19315000	      1832	80011e0a	00c4a183	lw	x3,12(x9)	  x9:0x8002bc60  x3=0x00000000 PA:0x8002bc6c load:0x00000000
       19325000	      1833	80011e0e	0104a203	lw	x4,16(x9)	  x9:0x8002bc60  x4=0xfffffc0b PA:0x8002bc70 load:0xfffffc0b
       19335000	      1834	80011e12	0144a283	lw	x5,20(x9)	  x9:0x8002bc60  x5=0x8002bce4 PA:0x8002bc74 load:0x8002bce4
       19345000	      1835	80011e16	0184a303	lw	x6,24(x9)	  x9:0x8002bc60  x6=0x00000000 PA:0x8002bc78 load:0x00000000
       19355000	      1836	80011e1a	01c4a383	lw	x7,28(x9)	  x9:0x8002bc60  x7=0x00000000 PA:0x8002bc7c load:0x00000000
       19365000	      1837	80011e1e	5080	c.lw	x8,32(x9)	  x9:0x8002bc60  x8=0x00000000 PA:0x8002bc80 load:0x00000000
       19375000	      1838	80011e20	50c4	c.lw	x9,36(x9)	  x9:0x8002bc60  x9=0x8002bc60 PA:0x8002bc84 load:0x8002bc60
       19395000	      1840	80011e22	5488	c.lw	x10,40(x9)	  x9:0x8002bc60 x10=0x76b1534c PA:0x8002bc88 load:0x76b1534c
       19405000	      1841	80011e24	54cc	c.lw	x11,44(x9)	  x9:0x8002bc60 x11=0x894eacb4 PA:0x8002bc8c load:0x894eacb4
       19415000	      1842	80011e26	5890	c.lw	x12,48(x9)	  x9:0x8002bc60 x12=0x00000000 PA:0x8002bc90 load:0x00000000
       19425000	      1843	80011e28	58d4	c.lw	x13,52(x9)	  x9:0x8002bc60 x13=0x0000009a PA:0x8002bc94 load:0x0000009a
       19435000	      1844	80011e2a	5c98	c.lw	x14,56(x9)	  x9:0x8002bc60 x14=0x00000000 PA:0x8002bc98 load:0x00000000
       19445000	      1845	80011e2c	5cdc	c.lw	x15,60(x9)	  x9:0x8002bc60 x15=0x00000000 PA:0x8002bc9c load:0x00000000
       19455000	      1846	80011e2e	0404a803	lw	x16,64(x9)	  x9:0x8002bc60 x16=0xffffffff PA:0x8002bca0 load:0xffffffff
       19465000	      1847	80011e32	0444a883	lw	x17,68(x9)	  x9:0x8002bc60 x17=0x8001256a PA:0x8002bca4 load:0x8001256a
       19475000	      1848	80011e36	0484a903	lw	x18,72(x9)	  x9:0x8002bc60 x18=0x00000000 PA:0x8002bca8 load:0x00000000
       19485000	      1849	80011e3a	04c4a983	lw	x19,76(x9)	  x9:0x8002bc60 x19=0x80012685 PA:0x8002bcac load:0x80012685
       19495000	      1850	80011e3e	0504aa03	lw	x20,80(x9)	  x9:0x8002bc60 x20=0xffffffff PA:0x8002bcb0 load:0xffffffff
       19505000	      1851	80011e42	0544aa83	lw	x21,84(x9)	  x9:0x8002bc60 x21=0x00000000 PA:0x8002bcb4 load:0x00000000
       19515000	      1852	80011e46	0584ab03	lw	x22,88(x9)	  x9:0x8002bc60 x22=0x00000000 PA:0x8002bcb8 load:0x00000000
       19525000	      1853	80011e4a	05c4ab83	lw	x23,92(x9)	  x9:0x8002bc60 x23=0x00000000 PA:0x8002bcbc load:0x00000000
       19535000	      1854	80011e4e	0604ac03	lw	x24,96(x9)	  x9:0x8002bc60 x24=0x00000000 PA:0x8002bcc0 load:0x00000000
       19545000	      1855	80011e52	0644ac83	lw	x25,100(x9)	  x9:0x8002bc60 x25=0x80020b53 PA:0x8002bcc4 load:0x80020b53
       19555000	      1856	80011e56	0684ad03	lw	x26,104(x9)	  x9:0x8002bc60 x26=0x8001fb92 PA:0x8002bcc8 load:0x8001fb92
       19565000	      1857	80011e5a	06c4ad83	lw	x27,108(x9)	  x9:0x8002bc60 x27=0x00000000 PA:0x8002bccc load:0x00000000
       19575000	      1858	80011e5e	0704ae03	lw	x28,112(x9)	  x9:0x8002bc60 x28=0xfffffffe PA:0x8002bcd0 load:0xfffffffe
       19585000	      1859	80011e62	0744ae83	lw	x29,116(x9)	  x9:0x8002bc60 x29=0x00000000 PA:0x8002bcd4 load:0x00000000
       19595000	      1860	80011e66	0784af03	lw	x30,120(x9)	  x9:0x8002bc60 x30=0x8002bce0 PA:0x8002bcd8 load:0x8002bce0
       19605000	      1861	80011e6a	07c4af83	lw	x31,124(x9)	  x9:0x8002bc60 x31=0x00000000 PA:0x8002bcdc load:0x00000000
       19615000	      1862	80011e6e	08048493	addi	x9,x9,128	  x9:0x8002bc60  x9=0x8002bce0
       19625000	      1863	80011e72	00048f33	add	x30,x9,x0	  x9:0x8002bce0  x0:0x00000000 x30=0x8002bce0
       19635000	      1864	80011e76	000f2483	lw	x9,0(x30)	 x30:0x8002bce0  x9=0x80027e64 PA:0x8002bce0 load:0x80027e64
       19645000	      1865	80011e7a	0f11	c.addi	x30,4	 x30:0x8002bce0 x30=0x8002bce4
       19655000	      1866	80011e7c	30200073	mret	
       19685000	      1869	800038d4	ff789c23	sh	x23,-8(x17)	 x17:0x8001256a x23:0x00000000 PA:0x80012562 store:0x00000000 load:0x00000000
       19695000	      1870	800038d8	feb88ca3	sb	x11,-7(x17)	 x17:0x8001256a x11:0x894eacb4 PA:0x80012563 store:0x894eacb4 load:0x00000000
       19705000	      1871	800038dc	bf78a793	slti	x15,x17,-1033	 x17:0x8001256a x15=0x00000001
       19715000	      1872	800038e0	fef88ca3	sb	x15,-7(x17)	 x17:0x8001256a x15:0x00000001 PA:0x80012563 store:0x00000001 load:0x00000000
       19725000	      1873	800038e4	00016897	auipc	x17,0x16	 x17=0x800198e4
       19735000	      1874	800038e8	cdb88893	addi	x17,x17,-805	 x17:0x800198e4 x17=0x800195bf
       19745000	      1875	800038ec	00015f97	auipc	x31,0x15	 x31=0x800188ec
       19755000	      1876	800038f0	dfef8f93	addi	x31,x31,-514	 x31:0x800188ec x31=0x800186ea
       19765000	      1877	800038f4	ffdfc703	lbu	x14,-3(x31)	 x31:0x800186ea x14=0x00000000 PA:0x800186e7 load:0x00000000
       19775000	      1878	800038f8	01688823	sb	x22,16(x17)	 x17:0x800195bf x22:0x00000000 PA:0x800195cf store:0x00000000 load:0x00000000
       19785000	      1879	800038fc	00019e97	auipc	x29,0x19	 x29=0x8001c8fc
       19795000	      1880	80003900	d5fe8e93	addi	x29,x29,-673	 x29:0x8001c8fc x29=0x8001c65b
       19805000	      1881	80003904	00dfa323	sw	x13,6(x31)	 x31:0x800186ea x13:0x0000009a PA:0x800186f0 store:0x0000009a load:0x00000000
       19815000	      1882	80003908	ffff8b83	lb	x23,-1(x31)	 x31:0x800186ea x23=0x00000000 PA:0x800186e9 load:0x00000000
       19825000	      1883	8000390c	fe888c23	sb	x8,-8(x17)	 x17:0x800195bf  x8:0x00000000 PA:0x800195b7 store:0x00000000 load:0x00000000
       19835000	      1884	80003910	006fcc03	lbu	x24,6(x31)	 x31:0x800186ea x24=0x0000009a PA:0x800186f0 load:0x0000009a
       19845000	      1885	80003914	ff98a903	lw	x18,-7(x17)	 x17:0x800195bf x18=0x00000000 PA:0x800195b8 load:0x00000000
       19855000	      1886	80003918	fe7fa923	sw	x7,-14(x31)	 x31:0x800186ea  x7:0x00000000 PA:0x800186dc store:0x00000000 load:0x00000000
       19865000	      1887	8000391c	ff88ca03	lbu	x20,-8(x17)	 x17:0x800195bf x20=0x00000000 PA:0x800195b7 load:0x00000000
       19875000	      1888	80003920	00ff80a3	sb	x15,1(x31)	 x31:0x800186ea x15:0x00000001 PA:0x800186eb store:0x00000001 load:0x00000000
       19885000	      1889	80003924	fefe8e23	sb	x15,-4(x29)	 x29:0x8001c65b x15:0x00000001 PA:0x8001c657 store:0x00000001 load:0x00000000
       19895000	      1890	80003928	00d8d403	lhu	x8,13(x17)	 x17:0x800195bf  x8=0x00000000 PA:0x800195cc load:0x00000000
       19905000	      1891	8000392c	0ccece03	lbu	x28,204(x29)	 x29:0x8001c65b x28=0x00000000 PA:0x8001c727 load:0x00000000
       19915000	      1892	80003930	ff288c23	sb	x18,-8(x17)	 x17:0x800195bf x18:0x00000000 PA:0x800195b7 store:0x00000000 load:0x00000000
       19925000	      1893	80003934	009fc383	lbu	x7,9(x31)	 x31:0x800186ea  x7=0x00000000 PA:0x800186f3 load:0x00000000
       19935000	      1894	80003938	ffe88183	lb	x3,-2(x17)	 x17:0x800195bf  x3=0x00000000 PA:0x800195bd load:0x00000000
       19945000	      1895	8000393c	fdce93a3	sh	x28,-57(x29)	 x29:0x8001c65b x28:0x00000000 PA:0x8001c622 store:0x00000000 load:0x00000000
       19955000	      1896	80003940	ffcfad23	sw	x28,-6(x31)	 x31:0x800186ea x28:0x00000000 PA:0x800186e4 store:0x00000000 load:0x00000000
       19965000	      1897	80003944	fe588823	sb	x5,-16(x17)	 x17:0x800195bf  x5:0x8002bce4 PA:0x800195af store:0x8002bce4 load:0x00000000
       19975000	      1898	80003948	f45eac03	lw	x24,-187(x29)	 x29:0x8001c65b x24=0x00000000 PA:0x8001c5a0 load:0x00000000
       19985000	      1899	8000394c	ff388e03	lb	x28,-13(x17)	 x17:0x800195bf x28=0x00000000 PA:0x800195b2 load:0x00000000
       19995000	      1900	80003950	f8be8c23	sb	x11,-104(x29)	 x29:0x8001c65b x11:0x894eacb4 PA:0x8001c5f3 store:0x894eacb4 load:0x00000000
       20005000	      1901	80003954	fbde85a3	sb	x29,-85(x29)	 x29:0x8001c65b x29:0x8001c65b PA:0x8001c606 store:0x8001c65b load:0x00000000
       20015000	      1902	80003958	ffff8683	lb	x13,-1(x31)	 x31:0x800186ea x13=0x00000000 PA:0x800186e9 load:0x00000000
       20025000	      1903	8000395c	0008c503	lbu	x10,0(x17)	 x17:0x800195bf x10=0x00000000 PA:0x800195bf load:0x00000000
       20035000	      1904	80003960	009fc683	lbu	x13,9(x31)	 x31:0x800186ea x13=0x00000000 PA:0x800186f3 load:0x00000000
       20045000	      1905	80003964	00010e97	auipc	x29,0x10	 x29=0x80013964
       20055000	      1906	80003968	19fe8e93	addi	x29,x29,415	 x29:0x80013964 x29=0x80013b03
       20065000	      1907	8000396c	f12ecc03	lbu	x24,-238(x29)	 x29:0x80013b03 x24=0x00000000 PA:0x80013a15 load:0x00000000
       20075000	      1908	80003970	01355c13	srli	x24,x10,0x13	 x10:0x00000000 x24=0x00000000
       20095000	      1910	80003974	0276e6b3	rem	x13,x13,x7	 x13:0x00000000  x7:0x00000000 x13=0x00000000
       20105000	      1911	80003978	0000100f	fence.i	
       20125000	      1913	8000397c	f3cec683	lbu	x13,-196(x29)	 x29:0x80013b03 x13=0x00000000 PA:0x80013a3f load:0x00000000
       20135000	      1914	80003980	8686	c.mv	x13,x1	  x0:0x00000000  x1:0x00000000 x13=0x00000000
       20145000	      1915	80003982	f38e8503	lb	x10,-200(x29)	 x29:0x80013b03 x10=0x00000000 PA:0x80013a3b load:0x00000000
       20155000	      1916	80003986	d1310697	auipc	x13,0xd1310	 x13=0x51313986
       20165000	      1917	8000398a	014ecc03	lbu	x24,20(x29)	 x29:0x80013b03 x24=0x00000000 PA:0x80013b17 load:0x00000000
       20175000	      1918	8000398e	fe1e8523	sb	x1,-22(x29)	 x29:0x80013b03  x1:0x00000000 PA:0x80013aed store:0x00000000 load:0x00000000
       20185000	      1919	80003992	018e8623	sb	x24,12(x29)	 x29:0x80013b03 x24:0x00000000 PA:0x80013b0f store:0x00000000 load:0x00000000
       20195000	      1920	80003996	fd2ec383	lbu	x7,-46(x29)	 x29:0x80013b03  x7=0x00000000 PA:0x80013ad5 load:0x00000000
       20205000	      1921	8000399a	0186ec33	or	x24,x13,x24	 x13:0x51313986 x24:0x00000000 x24=0x51313986
       20215000	      1922	8000399e	86a5	c.srai	x13,0x9	 x13:0x51313986 x13=0x0028989c
       20225000	      1923	800039a0	f6de97a3	sh	x13,-145(x29)	 x29:0x80013b03 x13:0x0028989c PA:0x80013a72 store:0x0028989c load:0x00000000
       20235000	      1924	800039a4	00d55393	srli	x7,x10,0xd	 x10:0x00000000  x7=0x00000000
       20245000	      1925	800039a8	fade8323	sb	x13,-90(x29)	 x29:0x80013b03 x13:0x0028989c PA:0x80013aa9 store:0x0028989c load:0x00000000
       20255000	      1926	800039ac	9686	c.add	x13,x1	 x13:0x0028989c  x1:0x00000000 x13=0x0028989c
       20265000	      1927	800039ae	56fd	c.li	x13,-1	 x13=0xffffffff
       20275000	      1928	800039b0	fa5e8383	lb	x7,-91(x29)	 x29:0x80013b03  x7=0x00000000 PA:0x80013aa8 load:0x00000000
       20285000	      1929	800039b4	00a520b3	slt	x1,x10,x10	 x10:0x00000000 x10:0x00000000  x1=0x00000000
       20295000	      1930	800039b8	00de91a3	sh	x13,3(x29)	 x29:0x80013b03 x13:0xffffffff PA:0x80013b06 store:0xffffffff load:0x00000000
       20305000	      1931	800039bc	f61ea083	lw	x1,-159(x29)	 x29:0x80013b03  x1=0x00000000 PA:0x80013a64 load:0x00000000
       20315000	      1932	800039c0	ff8e9ca3	sh	x24,-7(x29)	 x29:0x80013b03 x24:0x51313986 PA:0x80013afc store:0x51313986 load:0x00000000
       20325000	      1933	800039c4	00ee8c03	lb	x24,14(x29)	 x29:0x80013b03 x24=0x00000000 PA:0x80013b11 load:0x00000000
       20335000	      1934	800039c8	4012d2b3	sra	x5,x5,x1	  x5:0x8002bce4  x1:0x00000000  x5=0x8002bce4
       20345000	      1935	800039cc	fdfedc03	lhu	x24,-33(x29)	 x29:0x80013b03 x24=0x00000000 PA:0x80013ae2 load:0x00000000
       20365000	      1937	800039d0	02a576b3	remu	x13,x10,x10	 x10:0x00000000 x10:0x00000000 x13=0x00000000
       20375000	      1938	800039d4	7ce0a513	slti	x10,x1,1998	  x1:0x00000000 x10=0x00000001
       20385000	      1939	800039d8	fade81a3	sb	x13,-93(x29)	 x29:0x80013b03 x13:0x00000000 PA:0x80013aa6 store:0x00000000 load:0x00000000
       20395000	      1940	800039dc	eb957093	andi	x1,x10,-327	 x10:0x00000001  x1=0x00000001
       20405000	      1941	800039e0	032e8283	lb	x5,50(x29)	 x29:0x80013b03  x5=0x00000000 PA:0x80013b35 load:0x00000000
       20415000	      1942	800039e4	0000e117	auipc	x2,0xe	  x2=0x800119e4
       20425000	      1943	800039e8	67410113	addi	x2,x2,1652	  x2:0x800119e4  x2=0x80012058
       20435000	      1944	800039ec	7edec413	xori	x8,x29,2029	 x29:0x80013b03  x8=0x80013cee
       20445000	      1945	800039f0	02d10a83	lb	x21,45(x2)	  x2:0x80012058 x21=0x00000000 PA:0x80012085 load:0x00000000
       20455000	      1946	800039f4	00114903	lbu	x18,1(x2)	  x2:0x80012058 x18=0x00000000 PA:0x80012059 load:0x00000000
       20465000	      1947	800039f8	ff510ea3	sb	x21,-3(x2)	  x2:0x80012058 x21:0x00000000 PA:0x80012055 store:0x00000000 load:0x00000000
       20505000	      1951	800039fc	03e216b3	mulh	x13,x4,x30	  x4:0xfffffc0b x30:0x8002bce4 x13=0x000001fa
       20515000	      1952	80003a00	4932	c.lwsp	x18,12(x2)	  x2:0x80012058 x18=0x00000000 PA:0x80012064 load:0x00000000
       20525000	      1953	80003a02	02b101a3	sb	x11,35(x2)	  x2:0x80012058 x11:0x894eacb4 PA:0x8001207b store:0x894eacb4 load:0x00000000
       20535000	      1954	80003a06	01f14a03	lbu	x20,31(x2)	  x2:0x80012058 x20=0x00000000 PA:0x80012077 load:0x00000000
       20545000	      1955	80003a0a	01f14b03	lbu	x22,31(x2)	  x2:0x80012058 x22=0x00000000 PA:0x80012077 load:0x00000000
       20555000	      1956	80003a0e	00e10fa3	sb	x14,31(x2)	  x2:0x80012058 x14:0x00000000 PA:0x80012077 store:0x00000000 load:0x00000000
       20565000	      1957	80003a12	00510fa3	sb	x5,31(x2)	  x2:0x80012058  x5:0x00000000 PA:0x80012077 store:0x00000000 load:0x00000000
       20575000	      1958	80003a16	03215983	lhu	x19,50(x2)	  x2:0x80012058 x19=0x00000000 PA:0x8001208a load:0x00000000
       20585000	      1959	80003a1a	03511923	sh	x21,50(x2)	  x2:0x80012058 x21:0x00000000 PA:0x8001208a store:0x00000000 load:0x00000000
       20595000	      1960	80003a1e	02211703	lh	x14,34(x2)	  x2:0x80012058 x14=0xffffb400 PA:0x8001207a load:0xffffb400
       20605000	      1961	80003a22	01310a03	lb	x20,19(x2)	  x2:0x80012058 x20=0x00000000 PA:0x8001206b load:0x00000000
       20615000	      1962	80003a26	c9929237	lui	x4,0xc9929	  x4=0xc9929000
       20625000	      1963	80003a2a	00901c93	slli	x25,x0,0x9	  x0:0x00000000 x25=0x00000000
       20635000	      1964	80003a2e	01314283	lbu	x5,19(x2)	  x2:0x80012058  x5=0x00000000 PA:0x8001206b load:0x00000000
       20645000	      1965	80003a32	fff10403	lb	x8,-1(x2)	  x2:0x80012058  x8=0x00000000 PA:0x80012057 load:0x00000000
       20655000	      1966	80003a36	ffa10fa3	sb	x26,-1(x2)	  x2:0x80012058 x26:0x8001fb92 PA:0x80012057 store:0x8001fb92 load:0x00000000
       20665000	      1967	80003a3a	01318633	add	x12,x3,x19	  x3:0x00000000 x19:0x00000000 x12=0x00000000
       20675000	      1968	80003a3e	c82e	c.swsp	x11,16(x2)	  x2:0x80012058 x11:0x894eacb4 PA:0x80012068 store:0x894eacb4 load:0x00000000
       20685000	      1969	80003a40	02c0076f	jal	x14,80003a6c	 x14=0x80003a44
       20705000	      1971	80003a6c	2031	c.jal	80003a78	  x1=0x80003a6e
       20725000	      1973	80003a78	bfd9	c.j	80003a4e	
       20745000	      1975	80003a4e	a801	c.j	80003a5e	
       20765000	      1977	80003a5e	2821	c.jal	80003a76	  x1=0x80003a60
       20785000	      1979	80003a76	bffd	c.j	80003a74	
       20805000	      1981	80003a74	3fcd	c.jal	80003a66	  x1=0x80003a76
       20835000	      1984	80003a66	00400c6f	jal	x24,80003a6a	 x24=0x80003a6a
       20855000	      1986	80003a6a	b7dd	c.j	80003a50	
       20875000	      1988	80003a50	014000ef	jal	x1,80003a64	  x1=0x80003a54
       20895000	      1990	80003a64	2819	c.jal	80003a7a	  x1=0x80003a66
       20915000	      1992	80003a7a	37e9	c.jal	80003a44	  x1=0x80003a7c
       20935000	      1994	80003a44	a009	c.j	80003a46	
       20965000	      1997	80003a46	028000ef	jal	x1,80003a6e	  x1=0x80003a4a
       20985000	      1999	80003a6e	bff1	c.j	80003a4a	
       21015000	      2002	80003a4a	0100036f	jal	x6,80003a5a	  x6=0x80003a4e
       21045000	      2005	80003a5a	fffff36f	jal	x6,80003a58	  x6=0x80003a5e
       21065000	      2007	80003a58	bff5	c.j	80003a54	
       21085000	      2009	80003a54	00c0036f	jal	x6,80003a60	  x6=0x80003a58
       21105000	      2011	80003a60	010000ef	jal	x1,80003a70	  x1=0x80003a64
       21125000	      2013	80003a70	00c0036f	jal	x6,80003a7c	  x6=0x80003a74
       21145000	      2015	80003a7c	4839	c.li	x16,14	 x16=0x0000000e
       21155000	      2016	80003a7e	01a0076f	jal	x14,80003a98	 x14=0x80003a82
       21175000	      2018	80003a98	bfed	c.j	80003a92	
       21195000	      2020	80003a92	2031	c.jal	80003a9e	  x1=0x80003a94
       21215000	      2022	80003a9e	bfcd	c.j	80003a90	
       21235000	      2024	80003a90	3fe5	c.jal	80003a88	  x1=0x80003a92
       21255000	      2026	80003a88	01c0036f	jal	x6,80003aa4	  x6=0x80003a8c
       21275000	      2028	80003aa4	37e5	c.jal	80003a8c	  x1=0x80003aa6
       21295000	      2030	80003a8c	2801	c.jal	80003a9c	  x1=0x80003a8e
       21315000	      2032	80003a9c	37ed	c.jal	80003a86	  x1=0x80003a9e
       21335000	      2034	80003a86	a039	c.j	80003a94	
       21355000	      2036	80003a94	ffbff86f	jal	x16,80003a8e	 x16=0x80003a98
       21375000	      2038	80003a8e	a031	c.j	80003a9a	
       21415000	      2042	8000252c	905fe06f	jal	x0,80000e30	  x0=0x00000000
       21435000	      2044	80000e30	1f71	c.addi	x30,-4	 x30:0x8002bce4 x30=0x8002bce0
       21445000	      2045	80000e32	009f2023	sw	x9,0(x30)	 x30:0x8002bce0  x9:0x80027e64 PA:0x8002bce0 store:0x80027e64 load:0x00000000
       21455000	      2046	80000e36	000f04b3	add	x9,x30,x0	 x30:0x8002bce0  x0:0x00000000  x9=0x8002bce0
       21465000	      2047	80000e3a	f8048493	addi	x9,x9,-128	  x9:0x8002bce0  x9=0x8002bc60
       21475000	      2048	80000e3e	0014a223	sw	x1,4(x9)	  x9:0x8002bc60  x1:0x80003a9e PA:0x8002bc64 store:0x80003a9e load:0x00000000
       21485000	      2049	80000e42	0024a423	sw	x2,8(x9)	  x9:0x8002bc60  x2:0x80012058 PA:0x8002bc68 store:0x80012058 load:0x00000000
       21495000	      2050	80000e46	0034a623	sw	x3,12(x9)	  x9:0x8002bc60  x3:0x00000000 PA:0x8002bc6c store:0x00000000 load:0x00000000
       21505000	      2051	80000e4a	0044a823	sw	x4,16(x9)	  x9:0x8002bc60  x4:0xc9929000 PA:0x8002bc70 store:0xc9929000 load:0x00000000
       21515000	      2052	80000e4e	0054aa23	sw	x5,20(x9)	  x9:0x8002bc60  x5:0x00000000 PA:0x8002bc74 store:0x00000000 load:0x00000000
       21525000	      2053	80000e52	0064ac23	sw	x6,24(x9)	  x9:0x8002bc60  x6:0x80003a8c PA:0x8002bc78 store:0x80003a8c load:0x00000000
       21535000	      2054	80000e56	0074ae23	sw	x7,28(x9)	  x9:0x8002bc60  x7:0x00000000 PA:0x8002bc7c store:0x00000000 load:0x00000000
       21545000	      2055	80000e5a	d080	c.sw	x8,32(x9)	  x9:0x8002bc60  x8:0x00000000 PA:0x8002bc80 store:0x00000000 load:0x00000000
       21555000	      2056	80000e5c	d0c4	c.sw	x9,36(x9)	  x9:0x8002bc60  x9:0x8002bc60 PA:0x8002bc84 store:0x8002bc60 load:0x00000000
       21565000	      2057	80000e5e	d488	c.sw	x10,40(x9)	  x9:0x8002bc60 x10:0x00000001 PA:0x8002bc88 store:0x00000001 load:0x00000000
       21575000	      2058	80000e60	d4cc	c.sw	x11,44(x9)	  x9:0x8002bc60 x11:0x894eacb4 PA:0x8002bc8c store:0x894eacb4 load:0x00000000
       21585000	      2059	80000e62	d890	c.sw	x12,48(x9)	  x9:0x8002bc60 x12:0x00000000 PA:0x8002bc90 store:0x00000000 load:0x00000000
       21595000	      2060	80000e64	d8d4	c.sw	x13,52(x9)	  x9:0x8002bc60 x13:0x000001fa PA:0x8002bc94 store:0x000001fa load:0x00000000
       21605000	      2061	80000e66	dc98	c.sw	x14,56(x9)	  x9:0x8002bc60 x14:0x80003a82 PA:0x8002bc98 store:0x80003a82 load:0x00000000
       21615000	      2062	80000e68	dcdc	c.sw	x15,60(x9)	  x9:0x8002bc60 x15:0x00000001 PA:0x8002bc9c store:0x00000001 load:0x00000000
       21625000	      2063	80000e6a	0504a023	sw	x16,64(x9)	  x9:0x8002bc60 x16:0x80003a98 PA:0x8002bca0 store:0x80003a98 load:0x00000000
       21635000	      2064	80000e6e	0514a223	sw	x17,68(x9)	  x9:0x8002bc60 x17:0x800195bf PA:0x8002bca4 store:0x800195bf load:0x00000000
       21645000	      2065	80000e72	0524a423	sw	x18,72(x9)	  x9:0x8002bc60 x18:0x00000000 PA:0x8002bca8 store:0x00000000 load:0x00000000
       21655000	      2066	80000e76	0534a623	sw	x19,76(x9)	  x9:0x8002bc60 x19:0x00000000 PA:0x8002bcac store:0x00000000 load:0x00000000
       21665000	      2067	80000e7a	0544a823	sw	x20,80(x9)	  x9:0x8002bc60 x20:0x00000000 PA:0x8002bcb0 store:0x00000000 load:0x00000000
       21675000	      2068	80000e7e	0554aa23	sw	x21,84(x9)	  x9:0x8002bc60 x21:0x00000000 PA:0x8002bcb4 store:0x00000000 load:0x00000000
       21685000	      2069	80000e82	0564ac23	sw	x22,88(x9)	  x9:0x8002bc60 x22:0x00000000 PA:0x8002bcb8 store:0x00000000 load:0x00000000
       21695000	      2070	80000e86	0574ae23	sw	x23,92(x9)	  x9:0x8002bc60 x23:0x00000000 PA:0x8002bcbc store:0x00000000 load:0x00000000
       21705000	      2071	80000e8a	0784a023	sw	x24,96(x9)	  x9:0x8002bc60 x24:0x80003a6a PA:0x8002bcc0 store:0x80003a6a load:0x00000000
       21715000	      2072	80000e8e	0794a223	sw	x25,100(x9)	  x9:0x8002bc60 x25:0x00000000 PA:0x8002bcc4 store:0x00000000 load:0x00000000
       21725000	      2073	80000e92	07a4a423	sw	x26,104(x9)	  x9:0x8002bc60 x26:0x8001fb92 PA:0x8002bcc8 store:0x8001fb92 load:0x00000000
       21735000	      2074	80000e96	07b4a623	sw	x27,108(x9)	  x9:0x8002bc60 x27:0x00000000 PA:0x8002bccc store:0x00000000 load:0x00000000
       21745000	      2075	80000e9a	07c4a823	sw	x28,112(x9)	  x9:0x8002bc60 x28:0x00000000 PA:0x8002bcd0 store:0x00000000 load:0x00000000
       21755000	      2076	80000e9e	07d4aa23	sw	x29,116(x9)	  x9:0x8002bc60 x29:0x80013b03 PA:0x8002bcd4 store:0x80013b03 load:0x00000000
       21765000	      2077	80000ea2	07e4ac23	sw	x30,120(x9)	  x9:0x8002bc60 x30:0x8002bce0 PA:0x8002bcd8 store:0x8002bce0 load:0x00000000
       21775000	      2078	80000ea6	07f4ae23	sw	x31,124(x9)	  x9:0x8002bc60 x31:0x800186ea PA:0x8002bcdc store:0x800186ea load:0x00000000
       21785000	      2079	80000eaa	00048f33	add	x30,x9,x0	  x9:0x8002bc60  x0:0x00000000 x30=0x8002bc60
       21795000	      2080	80000eae	90000d37	lui	x26,0x90000	 x26=0x90000000
       21805000	      2081	80000eb2	1d71	c.addi	x26,-4	 x26:0x90000000 x26=0x8ffffffc
       21815000	      2082	80000eb4	4619	c.li	x12,6	 x12=0x00000006
       21825000	      2083	80000eb6	0622	c.slli	x12,0x8	 x12:0x00000006 x12=0x00000600
       21835000	      2084	80000eb8	00060613	addi	x12,x12,0	 x12:0x00000600 x12=0x00000600
       21845000	      2085	80000ebc	00cd2023	sw	x12,0(x26)	 x26:0x8ffffffc x12:0x00000600 PA:0x8ffffffc store:0x00000600 load:0x00000000
       21855000	      2086	80000ec0	34202673	csrrs	x12,mcause,x0	  x0:0x00000000 x12=0x8000000b
       21865000	      2087	80000ec4	827d	c.srli	x12,0x1f	 x12:0x8000000b x12=0x00000001
       21875000	      2088	80000ec6	c63d	c.beqz	x12,80000f34	 x12:0x00000001
       21885000	      2089	80000ec8	90000d37	lui	x26,0x90000	 x26=0x90000000
       21895000	      2090	80000ecc	1d71	c.addi	x26,-4	 x26:0x90000000 x26=0x8ffffffc
       21905000	      2091	80000ece	30000613	addi	x12,x0,768	  x0:0x00000000 x12=0x00000300
       21915000	      2092	80000ed2	0622	c.slli	x12,0x8	 x12:0x00000300 x12=0x00030000
       21925000	      2093	80000ed4	060d	c.addi	x12,3	 x12:0x00030000 x12=0x00030003
       21935000	      2094	80000ed6	00cd2023	sw	x12,0(x26)	 x26:0x8ffffffc x12:0x00030003 PA:0x8ffffffc store:0x00030003 load:0x00000000
       21945000	      2095	80000eda	30002673	csrrs	x12,mstatus,x0	  x0:0x00000000 x12=0x00000000
       21955000	      2096	80000ede	00cd2023	sw	x12,0(x26)	 x26:0x8ffffffc x12:0x00000000 PA:0x8ffffffc store:0x00000000 load:0x00000000
       21965000	      2097	80000ee2	90000d37	lui	x26,0x90000	 x26=0x90000000
       21975000	      2098	80000ee6	1d71	c.addi	x26,-4	 x26:0x90000000 x26=0x8ffffffc
       21985000	      2099	80000ee8	34200613	addi	x12,x0,834	  x0:0x00000000 x12=0x00000342
       21995000	      2100	80000eec	0622	c.slli	x12,0x8	 x12:0x00000342 x12=0x00034200
       22005000	      2101	80000eee	060d	c.addi	x12,3	 x12:0x00034200 x12=0x00034203
       22015000	      2102	80000ef0	00cd2023	sw	x12,0(x26)	 x26:0x8ffffffc x12:0x00034203 PA:0x8ffffffc store:0x00034203 load:0x00000000
       22025000	      2103	80000ef4	34202673	csrrs	x12,mcause,x0	  x0:0x00000000 x12=0x8000000b
       22035000	      2104	80000ef8	00cd2023	sw	x12,0(x26)	 x26:0x8ffffffc x12:0x8000000b PA:0x8ffffffc store:0x8000000b load:0x00000000
       22045000	      2105	80000efc	90000d37	lui	x26,0x90000	 x26=0x90000000
       22055000	      2106	80000f00	1d71	c.addi	x26,-4	 x26:0x90000000 x26=0x8ffffffc
       22065000	      2107	80000f02	30400613	addi	x12,x0,772	  x0:0x00000000 x12=0x00000304
       22075000	      2108	80000f06	0622	c.slli	x12,0x8	 x12:0x00000304 x12=0x00030400
       22085000	      2109	80000f08	060d	c.addi	x12,3	 x12:0x00030400 x12=0x00030403
       22095000	      2110	80000f0a	00cd2023	sw	x12,0(x26)	 x26:0x8ffffffc x12:0x00030403 PA:0x8ffffffc store:0x00030403 load:0x00000000
       22105000	      2111	80000f0e	30402673	csrrs	x12,mie,x0	  x0:0x00000000 x12=0x66fb0888
       22115000	      2112	80000f12	00cd2023	sw	x12,0(x26)	 x26:0x8ffffffc x12:0x66fb0888 PA:0x8ffffffc store:0x66fb0888 load:0x00000000
       22125000	      2113	80000f16	90000d37	lui	x26,0x90000	 x26=0x90000000
       22135000	      2114	80000f1a	1d71	c.addi	x26,-4	 x26:0x90000000 x26=0x8ffffffc
       22145000	      2115	80000f1c	34400613	addi	x12,x0,836	  x0:0x00000000 x12=0x00000344
       22155000	      2116	80000f20	0622	c.slli	x12,0x8	 x12:0x00000344 x12=0x00034400
       22165000	      2117	80000f22	060d	c.addi	x12,3	 x12:0x00034400 x12=0x00034403
       22175000	      2118	80000f24	00cd2023	sw	x12,0(x26)	 x26:0x8ffffffc x12:0x00034403 PA:0x8ffffffc store:0x00034403 load:0x00000000
       22185000	      2119	80000f28	34402673	csrrs	x12,mip,x0	  x0:0x00000000 x12=0x00000000
       22195000	      2120	80000f2c	00cd2023	sw	x12,0(x26)	 x26:0x8ffffffc x12:0x00000000 PA:0x8ffffffc store:0x00000000 load:0x00000000
       22205000	      2121	80000f30	6ad1006f	jal	x0,80011ddc	  x0=0x00000000
       22225000	      2123	80011ddc	30002673	csrrs	x12,mstatus,x0	  x0:0x00000000 x12=0x00000000
       22235000	      2124	80011de0	30402673	csrrs	x12,mie,x0	  x0:0x00000000 x12=0x66fb0888
       22245000	      2125	80011de4	34402673	csrrs	x12,mip,x0	  x0:0x00000000 x12=0x00000000
       22255000	      2126	80011de8	34463673	csrrc	x12,mip,x12	 x12:0x00000000 x12=0x00000000
       22285000	      2129	80011dec	90000d37	lui	x26,0x90000	 x26=0x90000000
       22295000	      2130	80011df0	1d71	c.addi	x26,-4	 x26:0x90000000 x26=0x8ffffffc
       22305000	      2131	80011df2	461d	c.li	x12,7	 x12=0x00000007
       22315000	      2132	80011df4	0622	c.slli	x12,0x8	 x12:0x00000007 x12=0x00000700
       22325000	      2133	80011df6	00060613	addi	x12,x12,0	 x12:0x00000700 x12=0x00000700
       22335000	      2134	80011dfa	00cd2023	sw	x12,0(x26)	 x26:0x8ffffffc x12:0x00000700 PA:0x8ffffffc store:0x00000700 load:0x00000000
       22345000	      2135	80011dfe	000f04b3	add	x9,x30,x0	 x30:0x8002bc60  x0:0x00000000  x9=0x8002bc60
       22355000	      2136	80011e02	0044a083	lw	x1,4(x9)	  x9:0x8002bc60  x1=0x80003a9e PA:0x8002bc64 load:0x80003a9e
       22365000	      2137	80011e06	0084a103	lw	x2,8(x9)	  x9:0x8002bc60  x2=0x80012058 PA:0x8002bc68 load:0x80012058
       22375000	      2138	80011e0a	00c4a183	lw	x3,12(x9)	  x9:0x8002bc60  x3=0x00000000 PA:0x8002bc6c load:0x00000000
       22385000	      2139	80011e0e	0104a203	lw	x4,16(x9)	  x9:0x8002bc60  x4=0xc9929000 PA:0x8002bc70 load:0xc9929000
       22395000	      2140	80011e12	0144a283	lw	x5,20(x9)	  x9:0x8002bc60  x5=0x00000000 PA:0x8002bc74 load:0x00000000
       22405000	      2141	80011e16	0184a303	lw	x6,24(x9)	  x9:0x8002bc60  x6=0x80003a8c PA:0x8002bc78 load:0x80003a8c
       22415000	      2142	80011e1a	01c4a383	lw	x7,28(x9)	  x9:0x8002bc60  x7=0x00000000 PA:0x8002bc7c load:0x00000000
       22425000	      2143	80011e1e	5080	c.lw	x8,32(x9)	  x9:0x8002bc60  x8=0x00000000 PA:0x8002bc80 load:0x00000000
       22435000	      2144	80011e20	50c4	c.lw	x9,36(x9)	  x9:0x8002bc60  x9=0x8002bc60 PA:0x8002bc84 load:0x8002bc60
       22455000	      2146	80011e22	5488	c.lw	x10,40(x9)	  x9:0x8002bc60 x10=0x00000001 PA:0x8002bc88 load:0x00000001
       22465000	      2147	80011e24	54cc	c.lw	x11,44(x9)	  x9:0x8002bc60 x11=0x894eacb4 PA:0x8002bc8c load:0x894eacb4
       22475000	      2148	80011e26	5890	c.lw	x12,48(x9)	  x9:0x8002bc60 x12=0x00000000 PA:0x8002bc90 load:0x00000000
       22485000	      2149	80011e28	58d4	c.lw	x13,52(x9)	  x9:0x8002bc60 x13=0x000001fa PA:0x8002bc94 load:0x000001fa
       22495000	      2150	80011e2a	5c98	c.lw	x14,56(x9)	  x9:0x8002bc60 x14=0x80003a82 PA:0x8002bc98 load:0x80003a82
       22505000	      2151	80011e2c	5cdc	c.lw	x15,60(x9)	  x9:0x8002bc60 x15=0x00000001 PA:0x8002bc9c load:0x00000001
       22515000	      2152	80011e2e	0404a803	lw	x16,64(x9)	  x9:0x8002bc60 x16=0x80003a98 PA:0x8002bca0 load:0x80003a98
       22525000	      2153	80011e32	0444a883	lw	x17,68(x9)	  x9:0x8002bc60 x17=0x800195bf PA:0x8002bca4 load:0x800195bf
       22535000	      2154	80011e36	0484a903	lw	x18,72(x9)	  x9:0x8002bc60 x18=0x00000000 PA:0x8002bca8 load:0x00000000
       22545000	      2155	80011e3a	04c4a983	lw	x19,76(x9)	  x9:0x8002bc60 x19=0x00000000 PA:0x8002bcac load:0x00000000
       22555000	      2156	80011e3e	0504aa03	lw	x20,80(x9)	  x9:0x8002bc60 x20=0x00000000 PA:0x8002bcb0 load:0x00000000
       22565000	      2157	80011e42	0544aa83	lw	x21,84(x9)	  x9:0x8002bc60 x21=0x00000000 PA:0x8002bcb4 load:0x00000000
       22575000	      2158	80011e46	0584ab03	lw	x22,88(x9)	  x9:0x8002bc60 x22=0x00000000 PA:0x8002bcb8 load:0x00000000
       22585000	      2159	80011e4a	05c4ab83	lw	x23,92(x9)	  x9:0x8002bc60 x23=0x00000000 PA:0x8002bcbc load:0x00000000
       22595000	      2160	80011e4e	0604ac03	lw	x24,96(x9)	  x9:0x8002bc60 x24=0x80003a6a PA:0x8002bcc0 load:0x80003a6a
       22605000	      2161	80011e52	0644ac83	lw	x25,100(x9)	  x9:0x8002bc60 x25=0x00000000 PA:0x8002bcc4 load:0x00000000
       22615000	      2162	80011e56	0684ad03	lw	x26,104(x9)	  x9:0x8002bc60 x26=0x8001fb92 PA:0x8002bcc8 load:0x8001fb92
       22625000	      2163	80011e5a	06c4ad83	lw	x27,108(x9)	  x9:0x8002bc60 x27=0x00000000 PA:0x8002bccc load:0x00000000
       22635000	      2164	80011e5e	0704ae03	lw	x28,112(x9)	  x9:0x8002bc60 x28=0x00000000 PA:0x8002bcd0 load:0x00000000
       22645000	      2165	80011e62	0744ae83	lw	x29,116(x9)	  x9:0x8002bc60 x29=0x80013b03 PA:0x8002bcd4 load:0x80013b03
       22655000	      2166	80011e66	0784af03	lw	x30,120(x9)	  x9:0x8002bc60 x30=0x8002bce0 PA:0x8002bcd8 load:0x8002bce0
       22665000	      2167	80011e6a	07c4af83	lw	x31,124(x9)	  x9:0x8002bc60 x31=0x800186ea PA:0x8002bcdc load:0x800186ea
       22675000	      2168	80011e6e	08048493	addi	x9,x9,128	  x9:0x8002bc60  x9=0x8002bce0
       22685000	      2169	80011e72	00048f33	add	x30,x9,x0	  x9:0x8002bce0  x0:0x00000000 x30=0x8002bce0
       22695000	      2170	80011e76	000f2483	lw	x9,0(x30)	 x30:0x8002bce0  x9=0x80027e64 PA:0x8002bce0 load:0x80027e64
       22705000	      2171	80011e7a	0f11	c.addi	x30,4	 x30:0x8002bce0 x30=0x8002bce4
       22715000	      2172	80011e7c	30200073	mret	
       22745000	      2175	80003a9a	37e5	c.jal	80003a82	  x1=0x80003a9c
       22775000	      2178	80003a82	01e0036f	jal	x6,80003aa0	  x6=0x80003a86
       22795000	      2180	80003aa0	006000ef	jal	x1,80003aa6	  x1=0x80003aa4
       22825000	      2183	80003aa6	01ad17b3	sll	x15,x26,x26	 x26:0x8001fb92 x26:0x8001fb92 x15=0xee480000
       22835000	      2184	80003aaa	01e0076f	jal	x14,80003ac8	 x14=0x80003aae
       22855000	      2186	80003ac8	a839	c.j	80003ae6	
       22875000	      2188	80003ae6	3fe5	c.jal	80003ade	  x1=0x80003ae8
       22895000	      2190	80003ade	bfe9	c.j	80003ab8	
       22915000	      2192	80003ab8	00e000ef	jal	x1,80003ac6	  x1=0x80003abc
       22935000	      2194	80003ac6	3ff5	c.jal	80003ac2	  x1=0x80003ac8
       22965000	      2197	80003ac2	02000a6f	jal	x20,80003ae2	 x20=0x80003ac6
       22995000	      2200	80003ae2	fd3ff1ef	jal	x3,80003ab4	  x3=0x80003ae6
       23015000	      2202	80003ab4	200d	c.jal	80003ad6	  x1=0x80003ab6
       23035000	      2204	80003ad6	bffd	c.j	80003ad4	
       23055000	      2206	80003ad4	bfed	c.j	80003ace	
       23075000	      2208	80003ace	a029	c.j	80003ad8	
       23095000	      2210	80003ad8	01000bef	jal	x23,80003ae8	 x23=0x80003adc
       23115000	      2212	80003ae8	3fd5	c.jal	80003adc	  x1=0x80003aea
       23135000	      2214	80003adc	3fc9	c.jal	80003aae	  x1=0x80003ade
       23155000	      2216	80003aae	a039	c.j	80003abc	
       23175000	      2218	80003abc	a811	c.j	80003ad0	
       23195000	      2220	80003ad0	010000ef	jal	x1,80003ae0	  x1=0x80003ad4
       23215000	      2222	80003ae0	3ff9	c.jal	80003abe	  x1=0x80003ae2
       23245000	      2225	80003abe	00e000ef	jal	x1,80003acc	  x1=0x80003ac2
       23265000	      2227	80003acc	37ed	c.jal	80003ab6	  x1=0x80003ace
       23285000	      2229	80003ab6	3fed	c.jal	80003ab0	  x1=0x80003ab8
       23305000	      2231	80003ab0	01a0046f	jal	x8,80003aca	  x8=0x80003ab4
       23325000	      2233	80003aca	2005	c.jal	80003aea	  x1=0x80003acc
       23345000	      2235	80003aea	1888	c.addi4spn	x10,x2,112	 x10=0x800120c8
       23355000	      2236	80003aec	00011117	auipc	x2,0x11	  x2=0x80014aec
       23365000	      2237	80003af0	13310113	addi	x2,x2,307	  x2:0x80014aec  x2=0x80014c1f
       23375000	      2238	80003af4	00315283	lhu	x5,3(x2)	  x2:0x80014c1f  x5=0x00000000 PA:0x80014c22 load:0x00000000
       23385000	      2239	80003af8	ffc11ca3	sh	x28,-7(x2)	  x2:0x80014c1f x28:0x00000000 PA:0x80014c18 store:0x00000000 load:0x00000000
       23395000	      2240	80003afc	000d16b3	sll	x13,x26,x0	 x26:0x8001fb92  x0:0x00000000 x13=0x8001fb92
       23405000	      2241	80003b00	00d12803	lw	x16,13(x2)	  x2:0x80014c1f x16=0x00000000 PA:0x80014c2c load:0x00000000
       23415000	      2242	80003b04	1d602b93	slti	x23,x0,470	  x0:0x00000000 x23=0x00000001
       23425000	      2243	80003b08	009820b3	slt	x1,x16,x9	 x16:0x00000000  x9:0x80027e64  x1=0x00000000
       23435000	      2244	80003b0c	93e6	c.add	x7,x25	  x7:0x00000000 x25:0x00000000  x7=0x00000000
       23445000	      2245	80003b0e	31b4f513	andi	x10,x9,795	  x9:0x80027e64 x10=0x00000200
       23455000	      2246	80003b12	513bad13	slti	x26,x23,1299	 x23:0x00000001 x26=0x00000001
       23495000	      2250	80003b16	02851533	mulh	x10,x10,x8	 x10:0x00000200  x8:0x80003ab4 x10=0xffffff00
       23505000	      2251	80003b1a	010116a3	sh	x16,13(x2)	  x2:0x80014c1f x16:0x00000000 PA:0x80014c2c store:0x00000000 load:0x00000000
       23515000	      2252	80003b1e	8edd	c.or	x13,x15	 x13:0x8001fb92 x15:0xee480000 x13=0xee49fb92
       23525000	      2253	80003b20	01210823	sb	x18,16(x2)	  x2:0x80014c1f x18:0x00000000 PA:0x80014c2f store:0x00000000 load:0x00000000
       23535000	      2254	80003b24	0010a3b3	slt	x7,x1,x1	  x1:0x00000000  x1:0x00000000  x7=0x00000000
       23545000	      2255	80003b28	00814703	lbu	x14,8(x2)	  x2:0x80014c1f x14=0x00000000 PA:0x80014c27 load:0x00000000
       23555000	      2256	80003b2c	408d	c.li	x1,3	  x1=0x00000003
       23565000	      2257	80003b2e	ff311ca3	sh	x19,-7(x2)	  x2:0x80014c1f x19:0x00000000 PA:0x80014c18 store:0x00000000 load:0x00000000
       23575000	      2258	80003b32	0049c233	xor	x4,x19,x4	 x19:0x00000000  x4:0xc9929000  x4=0xc9929000
       23585000	      2259	80003b36	00311283	lh	x5,3(x2)	  x2:0x80014c1f  x5=0x00000000 PA:0x80014c22 load:0x00000000
       23595000	      2260	80003b3a	fee10ba3	sb	x14,-9(x2)	  x2:0x80014c1f x14:0x00000000 PA:0x80014c16 store:0x00000000 load:0x00000000
       23605000	      2261	80003b3e	ff414683	lbu	x13,-12(x2)	  x2:0x80014c1f x13=0x00000000 PA:0x80014c13 load:0x00000000
       23615000	      2262	80003b42	10500073	wfi	
       24485000	      2349	8000252c	905fe06f	jal	x0,80000e30	  x0=0x00000000
       24505000	      2351	80000e30	1f71	c.addi	x30,-4	 x30:0x8002bce4 x30=0x8002bce0
       24515000	      2352	80000e32	009f2023	sw	x9,0(x30)	 x30:0x8002bce0  x9:0x80027e64 PA:0x8002bce0 store:0x80027e64 load:0x00000000
       24525000	      2353	80000e36	000f04b3	add	x9,x30,x0	 x30:0x8002bce0  x0:0x00000000  x9=0x8002bce0
       24535000	      2354	80000e3a	f8048493	addi	x9,x9,-128	  x9:0x8002bce0  x9=0x8002bc60
       24545000	      2355	80000e3e	0014a223	sw	x1,4(x9)	  x9:0x8002bc60  x1:0x00000003 PA:0x8002bc64 store:0x00000003 load:0x00000000
       24555000	      2356	80000e42	0024a423	sw	x2,8(x9)	  x9:0x8002bc60  x2:0x80014c1f PA:0x8002bc68 store:0x80014c1f load:0x00000000
       24565000	      2357	80000e46	0034a623	sw	x3,12(x9)	  x9:0x8002bc60  x3:0x80003ae6 PA:0x8002bc6c store:0x80003ae6 load:0x00000000
       24575000	      2358	80000e4a	0044a823	sw	x4,16(x9)	  x9:0x8002bc60  x4:0xc9929000 PA:0x8002bc70 store:0xc9929000 load:0x00000000
       24585000	      2359	80000e4e	0054aa23	sw	x5,20(x9)	  x9:0x8002bc60  x5:0x00000000 PA:0x8002bc74 store:0x00000000 load:0x00000000
       24595000	      2360	80000e52	0064ac23	sw	x6,24(x9)	  x9:0x8002bc60  x6:0x80003a86 PA:0x8002bc78 store:0x80003a86 load:0x00000000
       24605000	      2361	80000e56	0074ae23	sw	x7,28(x9)	  x9:0x8002bc60  x7:0x00000000 PA:0x8002bc7c store:0x00000000 load:0x00000000
       24615000	      2362	80000e5a	d080	c.sw	x8,32(x9)	  x9:0x8002bc60  x8:0x80003ab4 PA:0x8002bc80 store:0x80003ab4 load:0x00000000
       24625000	      2363	80000e5c	d0c4	c.sw	x9,36(x9)	  x9:0x8002bc60  x9:0x8002bc60 PA:0x8002bc84 store:0x8002bc60 load:0x00000000
       24635000	      2364	80000e5e	d488	c.sw	x10,40(x9)	  x9:0x8002bc60 x10:0xffffff00 PA:0x8002bc88 store:0xffffff00 load:0x00000000
       24645000	      2365	80000e60	d4cc	c.sw	x11,44(x9)	  x9:0x8002bc60 x11:0x894eacb4 PA:0x8002bc8c store:0x894eacb4 load:0x00000000
       24655000	      2366	80000e62	d890	c.sw	x12,48(x9)	  x9:0x8002bc60 x12:0x00000000 PA:0x8002bc90 store:0x00000000 load:0x00000000
       24665000	      2367	80000e64	d8d4	c.sw	x13,52(x9)	  x9:0x8002bc60 x13:0x00000000 PA:0x8002bc94 store:0x00000000 load:0x00000000
       24675000	      2368	80000e66	dc98	c.sw	x14,56(x9)	  x9:0x8002bc60 x14:0x00000000 PA:0x8002bc98 store:0x00000000 load:0x00000000
       24685000	      2369	80000e68	dcdc	c.sw	x15,60(x9)	  x9:0x8002bc60 x15:0xee480000 PA:0x8002bc9c store:0xee480000 load:0x00000000
       24695000	      2370	80000e6a	0504a023	sw	x16,64(x9)	  x9:0x8002bc60 x16:0x00000000 PA:0x8002bca0 store:0x00000000 load:0x00000000
       24705000	      2371	80000e6e	0514a223	sw	x17,68(x9)	  x9:0x8002bc60 x17:0x800195bf PA:0x8002bca4 store:0x800195bf load:0x00000000
       24715000	      2372	80000e72	0524a423	sw	x18,72(x9)	  x9:0x8002bc60 x18:0x00000000 PA:0x8002bca8 store:0x00000000 load:0x00000000
       24725000	      2373	80000e76	0534a623	sw	x19,76(x9)	  x9:0x8002bc60 x19:0x00000000 PA:0x8002bcac store:0x00000000 load:0x00000000
       24735000	      2374	80000e7a	0544a823	sw	x20,80(x9)	  x9:0x8002bc60 x20:0x80003ac6 PA:0x8002bcb0 store:0x80003ac6 load:0x00000000
       24745000	      2375	80000e7e	0554aa23	sw	x21,84(x9)	  x9:0x8002bc60 x21:0x00000000 PA:0x8002bcb4 store:0x00000000 load:0x00000000
       24755000	      2376	80000e82	0564ac23	sw	x22,88(x9)	  x9:0x8002bc60 x22:0x00000000 PA:0x8002bcb8 store:0x00000000 load:0x00000000
       24765000	      2377	80000e86	0574ae23	sw	x23,92(x9)	  x9:0x8002bc60 x23:0x00000001 PA:0x8002bcbc store:0x00000001 load:0x00000000
       24775000	      2378	80000e8a	0784a023	sw	x24,96(x9)	  x9:0x8002bc60 x24:0x80003a6a PA:0x8002bcc0 store:0x80003a6a load:0x00000000
       24785000	      2379	80000e8e	0794a223	sw	x25,100(x9)	  x9:0x8002bc60 x25:0x00000000 PA:0x8002bcc4 store:0x00000000 load:0x00000000
       24795000	      2380	80000e92	07a4a423	sw	x26,104(x9)	  x9:0x8002bc60 x26:0x00000001 PA:0x8002bcc8 store:0x00000001 load:0x00000000
       24805000	      2381	80000e96	07b4a623	sw	x27,108(x9)	  x9:0x8002bc60 x27:0x00000000 PA:0x8002bccc store:0x00000000 load:0x00000000
       24815000	      2382	80000e9a	07c4a823	sw	x28,112(x9)	  x9:0x8002bc60 x28:0x00000000 PA:0x8002bcd0 store:0x00000000 load:0x00000000
       24825000	      2383	80000e9e	07d4aa23	sw	x29,116(x9)	  x9:0x8002bc60 x29:0x80013b03 PA:0x8002bcd4 store:0x80013b03 load:0x00000000
       24835000	      2384	80000ea2	07e4ac23	sw	x30,120(x9)	  x9:0x8002bc60 x30:0x8002bce0 PA:0x8002bcd8 store:0x8002bce0 load:0x00000000
       24845000	      2385	80000ea6	07f4ae23	sw	x31,124(x9)	  x9:0x8002bc60 x31:0x800186ea PA:0x8002bcdc store:0x800186ea load:0x00000000
       24855000	      2386	80000eaa	00048f33	add	x30,x9,x0	  x9:0x8002bc60  x0:0x00000000 x30=0x8002bc60
       24865000	      2387	80000eae	90000d37	lui	x26,0x90000	 x26=0x90000000
       24875000	      2388	80000eb2	1d71	c.addi	x26,-4	 x26:0x90000000 x26=0x8ffffffc
       24885000	      2389	80000eb4	4619	c.li	x12,6	 x12=0x00000006
       24895000	      2390	80000eb6	0622	c.slli	x12,0x8	 x12:0x00000006 x12=0x00000600
       24905000	      2391	80000eb8	00060613	addi	x12,x12,0	 x12:0x00000600 x12=0x00000600
       24915000	      2392	80000ebc	00cd2023	sw	x12,0(x26)	 x26:0x8ffffffc x12:0x00000600 PA:0x8ffffffc store:0x00000600 load:0x00000000
       24925000	      2393	80000ec0	34202673	csrrs	x12,mcause,x0	  x0:0x00000000 x12=0x8000000b
       24935000	      2394	80000ec4	827d	c.srli	x12,0x1f	 x12:0x8000000b x12=0x00000001
       24945000	      2395	80000ec6	c63d	c.beqz	x12,80000f34	 x12:0x00000001
       24955000	      2396	80000ec8	90000d37	lui	x26,0x90000	 x26=0x90000000
       24965000	      2397	80000ecc	1d71	c.addi	x26,-4	 x26:0x90000000 x26=0x8ffffffc
       24975000	      2398	80000ece	30000613	addi	x12,x0,768	  x0:0x00000000 x12=0x00000300
       24985000	      2399	80000ed2	0622	c.slli	x12,0x8	 x12:0x00000300 x12=0x00030000
       24995000	      2400	80000ed4	060d	c.addi	x12,3	 x12:0x00030000 x12=0x00030003
       25005000	      2401	80000ed6	00cd2023	sw	x12,0(x26)	 x26:0x8ffffffc x12:0x00030003 PA:0x8ffffffc store:0x00030003 load:0x00000000
       25015000	      2402	80000eda	30002673	csrrs	x12,mstatus,x0	  x0:0x00000000 x12=0x00000000
       25025000	      2403	80000ede	00cd2023	sw	x12,0(x26)	 x26:0x8ffffffc x12:0x00000000 PA:0x8ffffffc store:0x00000000 load:0x00000000
       25035000	      2404	80000ee2	90000d37	lui	x26,0x90000	 x26=0x90000000
       25045000	      2405	80000ee6	1d71	c.addi	x26,-4	 x26:0x90000000 x26=0x8ffffffc
       25055000	      2406	80000ee8	34200613	addi	x12,x0,834	  x0:0x00000000 x12=0x00000342
       25065000	      2407	80000eec	0622	c.slli	x12,0x8	 x12:0x00000342 x12=0x00034200
       25075000	      2408	80000eee	060d	c.addi	x12,3	 x12:0x00034200 x12=0x00034203
       25085000	      2409	80000ef0	00cd2023	sw	x12,0(x26)	 x26:0x8ffffffc x12:0x00034203 PA:0x8ffffffc store:0x00034203 load:0x00000000
       25095000	      2410	80000ef4	34202673	csrrs	x12,mcause,x0	  x0:0x00000000 x12=0x8000000b
       25105000	      2411	80000ef8	00cd2023	sw	x12,0(x26)	 x26:0x8ffffffc x12:0x8000000b PA:0x8ffffffc store:0x8000000b load:0x00000000
       25115000	      2412	80000efc	90000d37	lui	x26,0x90000	 x26=0x90000000
       25125000	      2413	80000f00	1d71	c.addi	x26,-4	 x26:0x90000000 x26=0x8ffffffc
       25135000	      2414	80000f02	30400613	addi	x12,x0,772	  x0:0x00000000 x12=0x00000304
       25145000	      2415	80000f06	0622	c.slli	x12,0x8	 x12:0x00000304 x12=0x00030400
       25155000	      2416	80000f08	060d	c.addi	x12,3	 x12:0x00030400 x12=0x00030403
       25165000	      2417	80000f0a	00cd2023	sw	x12,0(x26)	 x26:0x8ffffffc x12:0x00030403 PA:0x8ffffffc store:0x00030403 load:0x00000000
       25175000	      2418	80000f0e	30402673	csrrs	x12,mie,x0	  x0:0x00000000 x12=0x66fb0888
       25185000	      2419	80000f12	00cd2023	sw	x12,0(x26)	 x26:0x8ffffffc x12:0x66fb0888 PA:0x8ffffffc store:0x66fb0888 load:0x00000000
       25195000	      2420	80000f16	90000d37	lui	x26,0x90000	 x26=0x90000000
       25205000	      2421	80000f1a	1d71	c.addi	x26,-4	 x26:0x90000000 x26=0x8ffffffc
       25215000	      2422	80000f1c	34400613	addi	x12,x0,836	  x0:0x00000000 x12=0x00000344
       25225000	      2423	80000f20	0622	c.slli	x12,0x8	 x12:0x00000344 x12=0x00034400
       25235000	      2424	80000f22	060d	c.addi	x12,3	 x12:0x00034400 x12=0x00034403
       25245000	      2425	80000f24	00cd2023	sw	x12,0(x26)	 x26:0x8ffffffc x12:0x00034403 PA:0x8ffffffc store:0x00034403 load:0x00000000
       25255000	      2426	80000f28	34402673	csrrs	x12,mip,x0	  x0:0x00000000 x12=0x00000000
       25265000	      2427	80000f2c	00cd2023	sw	x12,0(x26)	 x26:0x8ffffffc x12:0x00000000 PA:0x8ffffffc store:0x00000000 load:0x00000000
       25275000	      2428	80000f30	6ad1006f	jal	x0,80011ddc	  x0=0x00000000
       25295000	      2430	80011ddc	30002673	csrrs	x12,mstatus,x0	  x0:0x00000000 x12=0x00000000
       25305000	      2431	80011de0	30402673	csrrs	x12,mie,x0	  x0:0x00000000 x12=0x66fb0888
       25315000	      2432	80011de4	34402673	csrrs	x12,mip,x0	  x0:0x00000000 x12=0x00000000
       25325000	      2433	80011de8	34463673	csrrc	x12,mip,x12	 x12:0x00000000 x12=0x00000000
       25355000	      2436	80011dec	90000d37	lui	x26,0x90000	 x26=0x90000000
       25365000	      2437	80011df0	1d71	c.addi	x26,-4	 x26:0x90000000 x26=0x8ffffffc
       25375000	      2438	80011df2	461d	c.li	x12,7	 x12=0x00000007
       25385000	      2439	80011df4	0622	c.slli	x12,0x8	 x12:0x00000007 x12=0x00000700
       25395000	      2440	80011df6	00060613	addi	x12,x12,0	 x12:0x00000700 x12=0x00000700
       25405000	      2441	80011dfa	00cd2023	sw	x12,0(x26)	 x26:0x8ffffffc x12:0x00000700 PA:0x8ffffffc store:0x00000700 load:0x00000000
       25415000	      2442	80011dfe	000f04b3	add	x9,x30,x0	 x30:0x8002bc60  x0:0x00000000  x9=0x8002bc60
       25425000	      2443	80011e02	0044a083	lw	x1,4(x9)	  x9:0x8002bc60  x1=0x00000003 PA:0x8002bc64 load:0x00000003
       25435000	      2444	80011e06	0084a103	lw	x2,8(x9)	  x9:0x8002bc60  x2=0x80014c1f PA:0x8002bc68 load:0x80014c1f
       25445000	      2445	80011e0a	00c4a183	lw	x3,12(x9)	  x9:0x8002bc60  x3=0x80003ae6 PA:0x8002bc6c load:0x80003ae6
       25455000	      2446	80011e0e	0104a203	lw	x4,16(x9)	  x9:0x8002bc60  x4=0xc9929000 PA:0x8002bc70 load:0xc9929000
       25465000	      2447	80011e12	0144a283	lw	x5,20(x9)	  x9:0x8002bc60  x5=0x00000000 PA:0x8002bc74 load:0x00000000
       25475000	      2448	80011e16	0184a303	lw	x6,24(x9)	  x9:0x8002bc60  x6=0x80003a86 PA:0x8002bc78 load:0x80003a86
       25485000	      2449	80011e1a	01c4a383	lw	x7,28(x9)	  x9:0x8002bc60  x7=0x00000000 PA:0x8002bc7c load:0x00000000
       25495000	      2450	80011e1e	5080	c.lw	x8,32(x9)	  x9:0x8002bc60  x8=0x80003ab4 PA:0x8002bc80 load:0x80003ab4
       25505000	      2451	80011e20	50c4	c.lw	x9,36(x9)	  x9:0x8002bc60  x9=0x8002bc60 PA:0x8002bc84 load:0x8002bc60
       25525000	      2453	80011e22	5488	c.lw	x10,40(x9)	  x9:0x8002bc60 x10=0xffffff00 PA:0x8002bc88 load:0xffffff00
       25535000	      2454	80011e24	54cc	c.lw	x11,44(x9)	  x9:0x8002bc60 x11=0x894eacb4 PA:0x8002bc8c load:0x894eacb4
       25545000	      2455	80011e26	5890	c.lw	x12,48(x9)	  x9:0x8002bc60 x12=0x00000000 PA:0x8002bc90 load:0x00000000
       25555000	      2456	80011e28	58d4	c.lw	x13,52(x9)	  x9:0x8002bc60 x13=0x00000000 PA:0x8002bc94 load:0x00000000
       25565000	      2457	80011e2a	5c98	c.lw	x14,56(x9)	  x9:0x8002bc60 x14=0x00000000 PA:0x8002bc98 load:0x00000000
       25575000	      2458	80011e2c	5cdc	c.lw	x15,60(x9)	  x9:0x8002bc60 x15=0xee480000 PA:0x8002bc9c load:0xee480000
       25585000	      2459	80011e2e	0404a803	lw	x16,64(x9)	  x9:0x8002bc60 x16=0x00000000 PA:0x8002bca0 load:0x00000000
       25595000	      2460	80011e32	0444a883	lw	x17,68(x9)	  x9:0x8002bc60 x17=0x800195bf PA:0x8002bca4 load:0x800195bf
       25605000	      2461	80011e36	0484a903	lw	x18,72(x9)	  x9:0x8002bc60 x18=0x00000000 PA:0x8002bca8 load:0x00000000
       25615000	      2462	80011e3a	04c4a983	lw	x19,76(x9)	  x9:0x8002bc60 x19=0x00000000 PA:0x8002bcac load:0x00000000
       25625000	      2463	80011e3e	0504aa03	lw	x20,80(x9)	  x9:0x8002bc60 x20=0x80003ac6 PA:0x8002bcb0 load:0x80003ac6
       25635000	      2464	80011e42	0544aa83	lw	x21,84(x9)	  x9:0x8002bc60 x21=0x00000000 PA:0x8002bcb4 load:0x00000000
       25645000	      2465	80011e46	0584ab03	lw	x22,88(x9)	  x9:0x8002bc60 x22=0x00000000 PA:0x8002bcb8 load:0x00000000
       25655000	      2466	80011e4a	05c4ab83	lw	x23,92(x9)	  x9:0x8002bc60 x23=0x00000001 PA:0x8002bcbc load:0x00000001
       25665000	      2467	80011e4e	0604ac03	lw	x24,96(x9)	  x9:0x8002bc60 x24=0x80003a6a PA:0x8002bcc0 load:0x80003a6a
       25675000	      2468	80011e52	0644ac83	lw	x25,100(x9)	  x9:0x8002bc60 x25=0x00000000 PA:0x8002bcc4 load:0x00000000
       25685000	      2469	80011e56	0684ad03	lw	x26,104(x9)	  x9:0x8002bc60 x26=0x00000001 PA:0x8002bcc8 load:0x00000001
       25695000	      2470	80011e5a	06c4ad83	lw	x27,108(x9)	  x9:0x8002bc60 x27=0x00000000 PA:0x8002bccc load:0x00000000
       25705000	      2471	80011e5e	0704ae03	lw	x28,112(x9)	  x9:0x8002bc60 x28=0x00000000 PA:0x8002bcd0 load:0x00000000
       25715000	      2472	80011e62	0744ae83	lw	x29,116(x9)	  x9:0x8002bc60 x29=0x80013b03 PA:0x8002bcd4 load:0x80013b03
       25725000	      2473	80011e66	0784af03	lw	x30,120(x9)	  x9:0x8002bc60 x30=0x8002bce0 PA:0x8002bcd8 load:0x8002bce0
       25735000	      2474	80011e6a	07c4af83	lw	x31,124(x9)	  x9:0x8002bc60 x31=0x800186ea PA:0x8002bcdc load:0x800186ea
       25745000	      2475	80011e6e	08048493	addi	x9,x9,128	  x9:0x8002bc60  x9=0x8002bce0
       25755000	      2476	80011e72	00048f33	add	x30,x9,x0	  x9:0x8002bce0  x0:0x00000000 x30=0x8002bce0
       25765000	      2477	80011e76	000f2483	lw	x9,0(x30)	 x30:0x8002bce0  x9=0x80027e64 PA:0x8002bce0 load:0x80027e64
       25775000	      2478	80011e7a	0f11	c.addi	x30,4	 x30:0x8002bce0 x30=0x8002bce4
       25785000	      2479	80011e7c	30200073	mret	
       25835000	      2484	80003b46	030243b3	div	x7,x4,x16	  x4:0xc9929000 x16:0x00000000  x7=0xffffffff
       25845000	      2485	80003b4a	9bfd	c.andi	x15,-1	 x15:0xee480000 x15=0xee480000
       25855000	      2486	80003b4c	a57c6513	ori	x10,x24,-1449	 x24:0x80003a6a x10=0xfffffa7f
       25865000	      2487	80003b50	f158eb93	ori	x23,x17,-235	 x17:0x800195bf x23=0xffffffbf
       25875000	      2488	80003b54	897e	c.mv	x18,x31	  x0:0x00000000 x31:0x800186ea x18=0x800186ea
       25885000	      2489	80003b56	00e011b3	sll	x3,x0,x14	  x0:0x00000000 x14:0x00000000  x3=0x00000000
       25895000	      2490	80003b5a	019f03b3	add	x7,x30,x25	 x30:0x8002bce4 x25:0x00000000  x7=0x8002bce4
       25905000	      2491	80003b5e	127d	c.addi	x4,-1	  x4:0xc9929000  x4=0xc9928fff
       25915000	      2492	80003b60	8069	c.srli	x8,0x1a	  x8:0x80003ab4  x8=0x00000020
       25925000	      2493	80003b62	006c7833	and	x16,x24,x6	 x24:0x80003a6a  x6:0x80003a86 x16=0x80003a02
       25935000	      2494	80003b66	ffc14003	lbu	x0,-4(x2)	  x2:0x80014c1f  x0=0x00000000 PA:0x80014c1b load:0x00000000
       25945000	      2495	80003b6a	8363b293	sltiu	x5,x7,-1994	  x7:0x8002bce4  x5=0x00000001
       25975000	      2498	80003b6e	03dd0bb3	mul	x23,x26,x29	 x26:0x00000001 x29:0x80013b03 x23=0x80013b03
       26015000	      2502	80003b72	02523eb3	mulhu	x29,x4,x5	  x4:0xc9928fff  x5:0x00000001 x29=0x00000000
       26025000	      2503	80003b76	01a9bbb3	sltu	x23,x19,x26	 x19:0x00000000 x26:0x00000001 x23=0x00000001
       26035000	      2504	80003b7a	000adbb3	srl	x23,x21,x0	 x21:0x00000000  x0:0x00000000 x23=0x00000000
       26045000	      2505	80003b7e	00014b83	lbu	x23,0(x2)	  x2:0x80014c1f x23=0x00000000 PA:0x80014c1f load:0x00000000
       26055000	      2506	80003b82	00018817	auipc	x16,0x18	 x16=0x8001bb82
       26065000	      2507	80003b86	c2380813	addi	x16,x16,-989	 x16:0x8001bb82 x16=0x8001b7a5
       26075000	      2508	80003b8a	04581b03	lh	x22,69(x16)	 x16:0x8001b7a5 x22=0x00000000 PA:0x8001b7ea load:0x00000000
       26085000	      2509	80003b8e	f7b82683	lw	x13,-133(x16)	 x16:0x8001b7a5 x13=0x00000000 PA:0x8001b720 load:0x00000000
       26095000	      2510	80003b92	0cd80083	lb	x1,205(x16)	 x16:0x8001b7a5  x1=0x00000000 PA:0x8001b872 load:0x00000000
       26105000	      2511	80003b96	f1b80703	lb	x14,-229(x16)	 x16:0x8001b7a5 x14=0x00000000 PA:0x8001b6c0 load:0x00000000
       26115000	      2512	80003b9a	0ef82d83	lw	x27,239(x16)	 x16:0x8001b7a5 x27=0x00000000 PA:0x8001b894 load:0x00000000
       26135000	      2514	80003b9e	f9b80a23	sb	x27,-108(x16)	 x16:0x8001b7a5 x27:0x00000000 PA:0x8001b739 store:0x00000000 load:0x00000000
       26145000	      2515	80003ba2	00d090b3	sll	x1,x1,x13	  x1:0x00000000 x13:0x00000000  x1=0x00000000
       26155000	      2516	80003ba6	6c56a693	slti	x13,x13,1733	 x13:0x00000000 x13=0x00000001
       26165000	      2517	80003baa	0001	c.addi	x0,0	  x0:0x00000000  x0=0x00000000
       26175000	      2518	80003bac	f4680683	lb	x13,-186(x16)	 x16:0x8001b7a5 x13=0x00000000 PA:0x8001b6eb load:0x00000000
       26185000	      2519	80003bb0	08a84703	lbu	x14,138(x16)	 x16:0x8001b7a5 x14=0x00000000 PA:0x8001b82f load:0x00000000
       26195000	      2520	80003bb4	f3b81703	lh	x14,-197(x16)	 x16:0x8001b7a5 x14=0x00000000 PA:0x8001b6e0 load:0x00000000
       26205000	      2521	80003bb8	f36800a3	sb	x22,-223(x16)	 x16:0x8001b7a5 x22:0x00000000 PA:0x8001b6c6 store:0x00000000 load:0x00000000
       26215000	      2522	80003bbc	008b5713	srli	x14,x22,0x8	 x22:0x00000000 x14=0x00000000
       26225000	      2523	80003bc0	01b80ca3	sb	x27,25(x16)	 x16:0x8001b7a5 x27:0x00000000 PA:0x8001b7be store:0x00000000 load:0x00000000
       26235000	      2524	80003bc4	016726b3	slt	x13,x14,x22	 x14:0x00000000 x22:0x00000000 x13=0x00000000
       26245000	      2525	80003bc8	f1580d83	lb	x27,-235(x16)	 x16:0x8001b7a5 x27=0x00000000 PA:0x8001b6ba load:0x00000000
       26265000	      2527	80003bcc	41b750b3	sra	x1,x14,x27	 x14:0x00000000 x27:0x00000000  x1=0x00000000
       26275000	      2528	80003bd0	8e99	c.sub	x13,x14	 x13:0x00000000 x14:0x00000000 x13=0x00000000
       26285000	      2529	80003bd2	06181ca3	sh	x1,121(x16)	 x16:0x8001b7a5  x1:0x00000000 PA:0x8001b81e store:0x00000000 load:0x00000000
       26295000	      2530	80003bd6	41b75db3	sra	x27,x14,x27	 x14:0x00000000 x27:0x00000000 x27=0x00000000
       26305000	      2531	80003bda	07b85083	lhu	x1,123(x16)	 x16:0x8001b7a5  x1=0x00000000 PA:0x8001b820 load:0x00000000
       26315000	      2532	80003bde	fe384703	lbu	x14,-29(x16)	 x16:0x8001b7a5 x14=0x00000000 PA:0x8001b788 load:0x00000000
       26325000	      2533	80003be2	f4180083	lb	x1,-191(x16)	 x16:0x8001b7a5  x1=0x00000000 PA:0x8001b6e6 load:0x00000000
       26335000	      2534	80003be6	0001	c.addi	x0,0	  x0:0x00000000  x0=0x00000000
       26345000	      2535	80003be8	401b00b3	sub	x1,x22,x1	 x22:0x00000000  x1:0x00000000  x1=0x00000000
       26355000	      2536	80003bec	07b817a3	sh	x27,111(x16)	 x16:0x8001b7a5 x27:0x00000000 PA:0x8001b814 store:0x00000000 load:0x00000000
       26365000	      2537	80003bf0	931dcb13	xori	x22,x27,-1743	 x27:0x00000000 x22=0xfffff931
       26375000	      2538	80003bf4	001d3db3	sltu	x27,x26,x1	 x26:0x00000001  x1:0x00000000 x27=0x00000000
       26385000	      2539	80003bf8	0e880d03	lb	x26,232(x16)	 x16:0x8001b7a5 x26=0x00000000 PA:0x8001b88d load:0x00000000
       26395000	      2540	80003bfc	fad84b03	lbu	x22,-83(x16)	 x16:0x8001b7a5 x22=0x00000000 PA:0x8001b752 load:0x00000000
       26405000	      2541	80003c00	02f84683	lbu	x13,47(x16)	 x16:0x8001b7a5 x13=0x00000000 PA:0x8001b7d4 load:0x00000000
       26415000	      2542	80003c04	008b5d13	srli	x26,x22,0x8	 x22:0x00000000 x26=0x00000000
       26425000	      2543	80003c08	fb080d83	lb	x27,-80(x16)	 x16:0x8001b7a5 x27=0x00000000 PA:0x8001b755 load:0x00000000
       26435000	      2544	80003c0c	001d6733	or	x14,x26,x1	 x26:0x00000000  x1:0x00000000 x14=0x00000000
       26445000	      2545	80003c10	f5585703	lhu	x14,-171(x16)	 x16:0x8001b7a5 x14=0x00000000 PA:0x8001b6fa load:0x00000000
       26455000	      2546	80003c14	f7284b03	lbu	x22,-142(x16)	 x16:0x8001b7a5 x22=0x00000000 PA:0x8001b717 load:0x00000000
       26465000	      2547	80003c18	0dd80b03	lb	x22,221(x16)	 x16:0x8001b7a5 x22=0x00000000 PA:0x8001b882 load:0x00000000
       26475000	      2548	80003c1c	00dd4db3	xor	x27,x26,x13	 x26:0x00000000 x13:0x00000000 x27=0x00000000
       26485000	      2549	80003c20	05c80083	lb	x1,92(x16)	 x16:0x8001b7a5  x1=0x00000000 PA:0x8001b801 load:0x00000000
       26495000	      2550	80003c24	016db6b3	sltu	x13,x27,x22	 x27:0x00000000 x22:0x00000000 x13=0x00000000
       26505000	      2551	80003c28	f0e80b23	sb	x14,-234(x16)	 x16:0x8001b7a5 x14:0x00000000 PA:0x8001b6bb store:0x00000000 load:0x00000000
       26515000	      2552	80003c2c	8f79	c.and	x14,x14	 x14:0x00000000 x14:0x00000000 x14=0x00000000
       26525000	      2553	80003c2e	0ff80683	lb	x13,255(x16)	 x16:0x8001b7a5 x13=0x00000000 PA:0x8001b8a4 load:0x00000000
       26535000	      2554	80003c32	0120076f	jal	x14,80003c44	 x14=0x80003c36
       26555000	      2556	80003c44	ff3ff0ef	jal	x1,80003c36	  x1=0x80003c48
       26585000	      2559	80003c36	0240036f	jal	x6,80003c5a	  x6=0x80003c3a
       26615000	      2562	80003c5a	008000ef	jal	x1,80003c62	  x1=0x80003c5e
       26635000	      2564	80003c62	3fe9	c.jal	80003c3c	  x1=0x80003c64
       26655000	      2566	80003c3c	2009	c.jal	80003c3e	  x1=0x80003c3e
       26685000	      2569	80003c3e	026000ef	jal	x1,80003c64	  x1=0x80003c42
       26705000	      2571	80003c64	37ed	c.jal	80003c4e	  x1=0x80003c66
       26725000	      2573	80003c4e	a011	c.j	80003c52	
       26755000	      2576	80003c52	004000ef	jal	x1,80003c56	  x1=0x80003c56
       26785000	      2579	80003c56	ffbff0ef	jal	x1,80003c50	  x1=0x80003c5a
       26805000	      2581	80003c50	3ff5	c.jal	80003c4c	  x1=0x80003c52
       26825000	      2583	80003c4c	bff5	c.j	80003c48	
       26845000	      2585	80003c48	0160036f	jal	x6,80003c5e	  x6=0x80003c4c
       26875000	      2588	80003c5e	fddff8ef	jal	x17,80003c3a	 x17=0x80003c62
       26895000	      2590	80003c3a	2021	c.jal	80003c42	  x1=0x80003c3c
       26915000	      2592	80003c42	2015	c.jal	80003c66	  x1=0x80003c44
       26945000	      2595	80003c66	fac02093	slti	x1,x0,-84	  x0:0x00000000  x1=0x00000000
       26955000	      2596	80003c6a	00c0076f	jal	x14,80003c76	 x14=0x80003c6e
       26975000	      2598	80003c76	a00d	c.j	80003c98	
       26995000	      2600	80003c98	fe9ff76f	jal	x14,80003c80	 x14=0x80003c9c
       27015000	      2602	80003c80	b7fd	c.j	80003c6e	
       27035000	      2604	80003c6e	2829	c.jal	80003c88	  x1=0x80003c70
       27055000	      2606	80003c88	bff5	c.j	80003c84	
       27075000	      2608	80003c84	012000ef	jal	x1,80003c96	  x1=0x80003c88
       27095000	      2610	80003c96	37e5	c.jal	80003c7e	  x1=0x80003c98
       27115000	      2612	80003c7e	a031	c.j	80003c8a	
       27135000	      2614	80003c8a	2009	c.jal	80003c8c	  x1=0x80003c8c
       27155000	      2616	80003c8c	0040036f	jal	x6,80003c90	  x6=0x80003c90
       27175000	      2618	80003c90	ff3ff0ef	jal	x1,80003c82	  x1=0x80003c94
       27195000	      2620	80003c82	2809	c.jal	80003c94	  x1=0x80003c84
       27215000	      2622	80003c94	3ff1	c.jal	80003c70	  x1=0x80003c96
       27235000	      2624	80003c70	a021	c.j	80003c78	
       27255000	      2626	80003c78	ffbff0ef	jal	x1,80003c72	  x1=0x80003c7c
       27285000	      2629	80003c72	00a0046f	jal	x8,80003c7c	  x8=0x80003c76
       27305000	      2631	80003c7c	2005	c.jal	80003c9c	  x1=0x80003c7e
       27325000	      2633	80003c9c	a009	c.j	80003c9e	
       27345000	      2635	80003c9e	57fd	c.li	x15,-1	 x15=0xffffffff
       27355000	      2636	80003ca0	00012097	auipc	x1,0x12	  x1=0x80015ca0
       27365000	      2637	80003ca4	0ea08093	addi	x1,x1,234	  x1:0x80015ca0  x1=0x80015d8a
       27375000	      2638	80003ca8	0001ca17	auipc	x20,0x1c	 x20=0x8001fca8
       27385000	      2639	80003cac	14ca0a13	addi	x20,x20,332	 x20:0x8001fca8 x20=0x8001fdf4
       27395000	      2640	80003cb0	05f08a83	lb	x21,95(x1)	  x1:0x80015d8a x21=0x00000000 PA:0x80015de9 load:0x00000000
       27405000	      2641	80003cb4	0001cc17	auipc	x24,0x1c	 x24=0x8001fcb4
       27415000	      2642	80003cb8	26cc0c13	addi	x24,x24,620	 x24:0x8001fcb4 x24=0x8001ff20
       27425000	      2643	80003cbc	feca1c83	lh	x25,-20(x20)	 x20:0x8001fdf4 x25=0x00000000 PA:0x8001fde0 load:0x00000000
       27435000	      2644	80003cc0	0001d617	auipc	x12,0x1d	 x12=0x80020cc0
       27445000	      2645	80003cc4	78560613	addi	x12,x12,1925	 x12:0x80020cc0 x12=0x80021445
       27455000	      2646	80003cc8	0110c303	lbu	x6,17(x1)	  x1:0x80015d8a  x6=0x00000000 PA:0x80015d9b load:0x00000000
       27465000	      2647	80003ccc	3ae61aa3	sh	x14,949(x12)	 x12:0x80021445 x14:0x80003c9c PA:0x800217fa store:0x80003c9c load:0x00000000
       27475000	      2648	80003cd0	00014217	auipc	x4,0x14	  x4=0x80017cd0
       27485000	      2649	80003cd4	43e20213	addi	x4,x4,1086	  x4:0x80017cd0  x4=0x8001810e
       27495000	      2650	80003cd8	f4b0cc83	lbu	x25,-181(x1)	  x1:0x80015d8a x25=0x00000000 PA:0x80015cd5 load:0x00000000
       27505000	      2651	80003cdc	f9fa0283	lb	x5,-97(x20)	 x20:0x8001fdf4  x5=0x00000000 PA:0x8001fd93 load:0x00000000
       27515000	      2652	80003ce0	f55087a3	sb	x21,-177(x1)	  x1:0x80015d8a x21:0x00000000 PA:0x80015cd9 store:0x00000000 load:0x00000000
       27555000	      2656	8000252c	905fe06f	jal	x0,80000e30	  x0=0x00000000
       27575000	      2658	80000e30	1f71	c.addi	x30,-4	 x30:0x8002bce4 x30=0x8002bce0
       27585000	      2659	80000e32	009f2023	sw	x9,0(x30)	 x30:0x8002bce0  x9:0x80027e64 PA:0x8002bce0 store:0x80027e64 load:0x00000000
       27595000	      2660	80000e36	000f04b3	add	x9,x30,x0	 x30:0x8002bce0  x0:0x00000000  x9=0x8002bce0
       27605000	      2661	80000e3a	f8048493	addi	x9,x9,-128	  x9:0x8002bce0  x9=0x8002bc60
       27615000	      2662	80000e3e	0014a223	sw	x1,4(x9)	  x9:0x8002bc60  x1:0x80015d8a PA:0x8002bc64 store:0x80015d8a load:0x00000000
       27625000	      2663	80000e42	0024a423	sw	x2,8(x9)	  x9:0x8002bc60  x2:0x80014c1f PA:0x8002bc68 store:0x80014c1f load:0x00000000
       27635000	      2664	80000e46	0034a623	sw	x3,12(x9)	  x9:0x8002bc60  x3:0x00000000 PA:0x8002bc6c store:0x00000000 load:0x00000000
       27645000	      2665	80000e4a	0044a823	sw	x4,16(x9)	  x9:0x8002bc60  x4:0x8001810e PA:0x8002bc70 store:0x8001810e load:0x00000000
       27655000	      2666	80000e4e	0054aa23	sw	x5,20(x9)	  x9:0x8002bc60  x5:0x00000000 PA:0x8002bc74 store:0x00000000 load:0x00000000
       27665000	      2667	80000e52	0064ac23	sw	x6,24(x9)	  x9:0x8002bc60  x6:0x00000000 PA:0x8002bc78 store:0x00000000 load:0x00000000
       27675000	      2668	80000e56	0074ae23	sw	x7,28(x9)	  x9:0x8002bc60  x7:0x8002bce4 PA:0x8002bc7c store:0x8002bce4 load:0x00000000
       27685000	      2669	80000e5a	d080	c.sw	x8,32(x9)	  x9:0x8002bc60  x8:0x80003c76 PA:0x8002bc80 store:0x80003c76 load:0x00000000
       27695000	      2670	80000e5c	d0c4	c.sw	x9,36(x9)	  x9:0x8002bc60  x9:0x8002bc60 PA:0x8002bc84 store:0x8002bc60 load:0x00000000
       27705000	      2671	80000e5e	d488	c.sw	x10,40(x9)	  x9:0x8002bc60 x10:0xfffffa7f PA:0x8002bc88 store:0xfffffa7f load:0x00000000
       27715000	      2672	80000e60	d4cc	c.sw	x11,44(x9)	  x9:0x8002bc60 x11:0x894eacb4 PA:0x8002bc8c store:0x894eacb4 load:0x00000000
       27725000	      2673	80000e62	d890	c.sw	x12,48(x9)	  x9:0x8002bc60 x12:0x80021445 PA:0x8002bc90 store:0x80021445 load:0x00000000
       27735000	      2674	80000e64	d8d4	c.sw	x13,52(x9)	  x9:0x8002bc60 x13:0x00000000 PA:0x8002bc94 store:0x00000000 load:0x00000000
       27745000	      2675	80000e66	dc98	c.sw	x14,56(x9)	  x9:0x8002bc60 x14:0x80003c9c PA:0x8002bc98 store:0x80003c9c load:0x00000000
       27755000	      2676	80000e68	dcdc	c.sw	x15,60(x9)	  x9:0x8002bc60 x15:0xffffffff PA:0x8002bc9c store:0xffffffff load:0x00000000
       27765000	      2677	80000e6a	0504a023	sw	x16,64(x9)	  x9:0x8002bc60 x16:0x8001b7a5 PA:0x8002bca0 store:0x8001b7a5 load:0x00000000
       27775000	      2678	80000e6e	0514a223	sw	x17,68(x9)	  x9:0x8002bc60 x17:0x80003c62 PA:0x8002bca4 store:0x80003c62 load:0x00000000
       27785000	      2679	80000e72	0524a423	sw	x18,72(x9)	  x9:0x8002bc60 x18:0x800186ea PA:0x8002bca8 store:0x800186ea load:0x00000000
       27795000	      2680	80000e76	0534a623	sw	x19,76(x9)	  x9:0x8002bc60 x19:0x00000000 PA:0x8002bcac store:0x00000000 load:0x00000000
       27805000	      2681	80000e7a	0544a823	sw	x20,80(x9)	  x9:0x8002bc60 x20:0x8001fdf4 PA:0x8002bcb0 store:0x8001fdf4 load:0x00000000
       27815000	      2682	80000e7e	0554aa23	sw	x21,84(x9)	  x9:0x8002bc60 x21:0x00000000 PA:0x8002bcb4 store:0x00000000 load:0x00000000
       27825000	      2683	80000e82	0564ac23	sw	x22,88(x9)	  x9:0x8002bc60 x22:0x00000000 PA:0x8002bcb8 store:0x00000000 load:0x00000000
       27835000	      2684	80000e86	0574ae23	sw	x23,92(x9)	  x9:0x8002bc60 x23:0x00000000 PA:0x8002bcbc store:0x00000000 load:0x00000000
       27845000	      2685	80000e8a	0784a023	sw	x24,96(x9)	  x9:0x8002bc60 x24:0x8001ff20 PA:0x8002bcc0 store:0x8001ff20 load:0x00000000
       27855000	      2686	80000e8e	0794a223	sw	x25,100(x9)	  x9:0x8002bc60 x25:0x00000000 PA:0x8002bcc4 store:0x00000000 load:0x00000000
       27865000	      2687	80000e92	07a4a423	sw	x26,104(x9)	  x9:0x8002bc60 x26:0x00000000 PA:0x8002bcc8 store:0x00000000 load:0x00000000
       27875000	      2688	80000e96	07b4a623	sw	x27,108(x9)	  x9:0x8002bc60 x27:0x00000000 PA:0x8002bccc store:0x00000000 load:0x00000000
       27885000	      2689	80000e9a	07c4a823	sw	x28,112(x9)	  x9:0x8002bc60 x28:0x00000000 PA:0x8002bcd0 store:0x00000000 load:0x00000000
       27895000	      2690	80000e9e	07d4aa23	sw	x29,116(x9)	  x9:0x8002bc60 x29:0x00000000 PA:0x8002bcd4 store:0x00000000 load:0x00000000
       27905000	      2691	80000ea2	07e4ac23	sw	x30,120(x9)	  x9:0x8002bc60 x30:0x8002bce0 PA:0x8002bcd8 store:0x8002bce0 load:0x00000000
       27915000	      2692	80000ea6	07f4ae23	sw	x31,124(x9)	  x9:0x8002bc60 x31:0x800186ea PA:0x8002bcdc store:0x800186ea load:0x00000000
       27925000	      2693	80000eaa	00048f33	add	x30,x9,x0	  x9:0x8002bc60  x0:0x00000000 x30=0x8002bc60
       27935000	      2694	80000eae	90000d37	lui	x26,0x90000	 x26=0x90000000
       27945000	      2695	80000eb2	1d71	c.addi	x26,-4	 x26:0x90000000 x26=0x8ffffffc
       27955000	      2696	80000eb4	4619	c.li	x12,6	 x12=0x00000006
       27965000	      2697	80000eb6	0622	c.slli	x12,0x8	 x12:0x00000006 x12=0x00000600
       27975000	      2698	80000eb8	00060613	addi	x12,x12,0	 x12:0x00000600 x12=0x00000600
       27985000	      2699	80000ebc	00cd2023	sw	x12,0(x26)	 x26:0x8ffffffc x12:0x00000600 PA:0x8ffffffc store:0x00000600 load:0x00000000
       27995000	      2700	80000ec0	34202673	csrrs	x12,mcause,x0	  x0:0x00000000 x12=0x8000000b
       28005000	      2701	80000ec4	827d	c.srli	x12,0x1f	 x12:0x8000000b x12=0x00000001
       28015000	      2702	80000ec6	c63d	c.beqz	x12,80000f34	 x12:0x00000001
       28025000	      2703	80000ec8	90000d37	lui	x26,0x90000	 x26=0x90000000
       28035000	      2704	80000ecc	1d71	c.addi	x26,-4	 x26:0x90000000 x26=0x8ffffffc
       28045000	      2705	80000ece	30000613	addi	x12,x0,768	  x0:0x00000000 x12=0x00000300
       28055000	      2706	80000ed2	0622	c.slli	x12,0x8	 x12:0x00000300 x12=0x00030000
       28065000	      2707	80000ed4	060d	c.addi	x12,3	 x12:0x00030000 x12=0x00030003
       28075000	      2708	80000ed6	00cd2023	sw	x12,0(x26)	 x26:0x8ffffffc x12:0x00030003 PA:0x8ffffffc store:0x00030003 load:0x00000000
       28085000	      2709	80000eda	30002673	csrrs	x12,mstatus,x0	  x0:0x00000000 x12=0x00000000
       28095000	      2710	80000ede	00cd2023	sw	x12,0(x26)	 x26:0x8ffffffc x12:0x00000000 PA:0x8ffffffc store:0x00000000 load:0x00000000
       28105000	      2711	80000ee2	90000d37	lui	x26,0x90000	 x26=0x90000000
       28115000	      2712	80000ee6	1d71	c.addi	x26,-4	 x26:0x90000000 x26=0x8ffffffc
       28125000	      2713	80000ee8	34200613	addi	x12,x0,834	  x0:0x00000000 x12=0x00000342
       28135000	      2714	80000eec	0622	c.slli	x12,0x8	 x12:0x00000342 x12=0x00034200
       28145000	      2715	80000eee	060d	c.addi	x12,3	 x12:0x00034200 x12=0x00034203
       28155000	      2716	80000ef0	00cd2023	sw	x12,0(x26)	 x26:0x8ffffffc x12:0x00034203 PA:0x8ffffffc store:0x00034203 load:0x00000000
       28165000	      2717	80000ef4	34202673	csrrs	x12,mcause,x0	  x0:0x00000000 x12=0x8000000b
       28175000	      2718	80000ef8	00cd2023	sw	x12,0(x26)	 x26:0x8ffffffc x12:0x8000000b PA:0x8ffffffc store:0x8000000b load:0x00000000
       28185000	      2719	80000efc	90000d37	lui	x26,0x90000	 x26=0x90000000
       28195000	      2720	80000f00	1d71	c.addi	x26,-4	 x26:0x90000000 x26=0x8ffffffc
       28205000	      2721	80000f02	30400613	addi	x12,x0,772	  x0:0x00000000 x12=0x00000304
       28215000	      2722	80000f06	0622	c.slli	x12,0x8	 x12:0x00000304 x12=0x00030400
       28225000	      2723	80000f08	060d	c.addi	x12,3	 x12:0x00030400 x12=0x00030403
       28235000	      2724	80000f0a	00cd2023	sw	x12,0(x26)	 x26:0x8ffffffc x12:0x00030403 PA:0x8ffffffc store:0x00030403 load:0x00000000
       28245000	      2725	80000f0e	30402673	csrrs	x12,mie,x0	  x0:0x00000000 x12=0x66fb0888
       28255000	      2726	80000f12	00cd2023	sw	x12,0(x26)	 x26:0x8ffffffc x12:0x66fb0888 PA:0x8ffffffc store:0x66fb0888 load:0x00000000
       28265000	      2727	80000f16	90000d37	lui	x26,0x90000	 x26=0x90000000
       28275000	      2728	80000f1a	1d71	c.addi	x26,-4	 x26:0x90000000 x26=0x8ffffffc
       28285000	      2729	80000f1c	34400613	addi	x12,x0,836	  x0:0x00000000 x12=0x00000344
       28295000	      2730	80000f20	0622	c.slli	x12,0x8	 x12:0x00000344 x12=0x00034400
       28305000	      2731	80000f22	060d	c.addi	x12,3	 x12:0x00034400 x12=0x00034403
       28315000	      2732	80000f24	00cd2023	sw	x12,0(x26)	 x26:0x8ffffffc x12:0x00034403 PA:0x8ffffffc store:0x00034403 load:0x00000000
       28325000	      2733	80000f28	34402673	csrrs	x12,mip,x0	  x0:0x00000000 x12=0x00000000
       28335000	      2734	80000f2c	00cd2023	sw	x12,0(x26)	 x26:0x8ffffffc x12:0x00000000 PA:0x8ffffffc store:0x00000000 load:0x00000000
       28345000	      2735	80000f30	6ad1006f	jal	x0,80011ddc	  x0=0x00000000
       28365000	      2737	80011ddc	30002673	csrrs	x12,mstatus,x0	  x0:0x00000000 x12=0x00000000
       28375000	      2738	80011de0	30402673	csrrs	x12,mie,x0	  x0:0x00000000 x12=0x66fb0888
       28385000	      2739	80011de4	34402673	csrrs	x12,mip,x0	  x0:0x00000000 x12=0x00000000
       28395000	      2740	80011de8	34463673	csrrc	x12,mip,x12	 x12:0x00000000 x12=0x00000000
       28425000	      2743	80011dec	90000d37	lui	x26,0x90000	 x26=0x90000000
       28435000	      2744	80011df0	1d71	c.addi	x26,-4	 x26:0x90000000 x26=0x8ffffffc
       28445000	      2745	80011df2	461d	c.li	x12,7	 x12=0x00000007
       28455000	      2746	80011df4	0622	c.slli	x12,0x8	 x12:0x00000007 x12=0x00000700
       28465000	      2747	80011df6	00060613	addi	x12,x12,0	 x12:0x00000700 x12=0x00000700
       28475000	      2748	80011dfa	00cd2023	sw	x12,0(x26)	 x26:0x8ffffffc x12:0x00000700 PA:0x8ffffffc store:0x00000700 load:0x00000000
       28485000	      2749	80011dfe	000f04b3	add	x9,x30,x0	 x30:0x8002bc60  x0:0x00000000  x9=0x8002bc60
       28495000	      2750	80011e02	0044a083	lw	x1,4(x9)	  x9:0x8002bc60  x1=0x80015d8a PA:0x8002bc64 load:0x80015d8a
       28505000	      2751	80011e06	0084a103	lw	x2,8(x9)	  x9:0x8002bc60  x2=0x80014c1f PA:0x8002bc68 load:0x80014c1f
       28515000	      2752	80011e0a	00c4a183	lw	x3,12(x9)	  x9:0x8002bc60  x3=0x00000000 PA:0x8002bc6c load:0x00000000
       28525000	      2753	80011e0e	0104a203	lw	x4,16(x9)	  x9:0x8002bc60  x4=0x8001810e PA:0x8002bc70 load:0x8001810e
       28535000	      2754	80011e12	0144a283	lw	x5,20(x9)	  x9:0x8002bc60  x5=0x00000000 PA:0x8002bc74 load:0x00000000
       28545000	      2755	80011e16	0184a303	lw	x6,24(x9)	  x9:0x8002bc60  x6=0x00000000 PA:0x8002bc78 load:0x00000000
       28555000	      2756	80011e1a	01c4a383	lw	x7,28(x9)	  x9:0x8002bc60  x7=0x8002bce4 PA:0x8002bc7c load:0x8002bce4
       28565000	      2757	80011e1e	5080	c.lw	x8,32(x9)	  x9:0x8002bc60  x8=0x80003c76 PA:0x8002bc80 load:0x80003c76
       28575000	      2758	80011e20	50c4	c.lw	x9,36(x9)	  x9:0x8002bc60  x9=0x8002bc60 PA:0x8002bc84 load:0x8002bc60
       28595000	      2760	80011e22	5488	c.lw	x10,40(x9)	  x9:0x8002bc60 x10=0xfffffa7f PA:0x8002bc88 load:0xfffffa7f
       28605000	      2761	80011e24	54cc	c.lw	x11,44(x9)	  x9:0x8002bc60 x11=0x894eacb4 PA:0x8002bc8c load:0x894eacb4
       28615000	      2762	80011e26	5890	c.lw	x12,48(x9)	  x9:0x8002bc60 x12=0x80021445 PA:0x8002bc90 load:0x80021445
       28625000	      2763	80011e28	58d4	c.lw	x13,52(x9)	  x9:0x8002bc60 x13=0x00000000 PA:0x8002bc94 load:0x00000000
       28635000	      2764	80011e2a	5c98	c.lw	x14,56(x9)	  x9:0x8002bc60 x14=0x80003c9c PA:0x8002bc98 load:0x80003c9c
       28645000	      2765	80011e2c	5cdc	c.lw	x15,60(x9)	  x9:0x8002bc60 x15=0xffffffff PA:0x8002bc9c load:0xffffffff
       28655000	      2766	80011e2e	0404a803	lw	x16,64(x9)	  x9:0x8002bc60 x16=0x8001b7a5 PA:0x8002bca0 load:0x8001b7a5
       28665000	      2767	80011e32	0444a883	lw	x17,68(x9)	  x9:0x8002bc60 x17=0x80003c62 PA:0x8002bca4 load:0x80003c62
       28675000	      2768	80011e36	0484a903	lw	x18,72(x9)	  x9:0x8002bc60 x18=0x800186ea PA:0x8002bca8 load:0x800186ea
       28685000	      2769	80011e3a	04c4a983	lw	x19,76(x9)	  x9:0x8002bc60 x19=0x00000000 PA:0x8002bcac load:0x00000000
       28695000	      2770	80011e3e	0504aa03	lw	x20,80(x9)	  x9:0x8002bc60 x20=0x8001fdf4 PA:0x8002bcb0 load:0x8001fdf4
       28705000	      2771	80011e42	0544aa83	lw	x21,84(x9)	  x9:0x8002bc60 x21=0x00000000 PA:0x8002bcb4 load:0x00000000
       28715000	      2772	80011e46	0584ab03	lw	x22,88(x9)	  x9:0x8002bc60 x22=0x00000000 PA:0x8002bcb8 load:0x00000000
       28725000	      2773	80011e4a	05c4ab83	lw	x23,92(x9)	  x9:0x8002bc60 x23=0x00000000 PA:0x8002bcbc load:0x00000000
       28735000	      2774	80011e4e	0604ac03	lw	x24,96(x9)	  x9:0x8002bc60 x24=0x8001ff20 PA:0x8002bcc0 load:0x8001ff20
       28745000	      2775	80011e52	0644ac83	lw	x25,100(x9)	  x9:0x8002bc60 x25=0x00000000 PA:0x8002bcc4 load:0x00000000
       28755000	      2776	80011e56	0684ad03	lw	x26,104(x9)	  x9:0x8002bc60 x26=0x00000000 PA:0x8002bcc8 load:0x00000000
       28765000	      2777	80011e5a	06c4ad83	lw	x27,108(x9)	  x9:0x8002bc60 x27=0x00000000 PA:0x8002bccc load:0x00000000
       28775000	      2778	80011e5e	0704ae03	lw	x28,112(x9)	  x9:0x8002bc60 x28=0x00000000 PA:0x8002bcd0 load:0x00000000
       28785000	      2779	80011e62	0744ae83	lw	x29,116(x9)	  x9:0x8002bc60 x29=0x00000000 PA:0x8002bcd4 load:0x00000000
       28795000	      2780	80011e66	0784af03	lw	x30,120(x9)	  x9:0x8002bc60 x30=0x8002bce0 PA:0x8002bcd8 load:0x8002bce0
       28805000	      2781	80011e6a	07c4af83	lw	x31,124(x9)	  x9:0x8002bc60 x31=0x800186ea PA:0x8002bcdc load:0x800186ea
       28815000	      2782	80011e6e	08048493	addi	x9,x9,128	  x9:0x8002bc60  x9=0x8002bce0
       28825000	      2783	80011e72	00048f33	add	x30,x9,x0	  x9:0x8002bce0  x0:0x00000000 x30=0x8002bce0
       28835000	      2784	80011e76	000f2483	lw	x9,0(x30)	 x30:0x8002bce0  x9=0x80027e64 PA:0x8002bce0 load:0x80027e64
       28845000	      2785	80011e7a	0f11	c.addi	x30,4	 x30:0x8002bce0 x30=0x8002bce4
       28855000	      2786	80011e7c	30200073	mret	
       28885000	      2789	80003ce4	01bc4d03	lbu	x26,27(x24)	 x24:0x8001ff20 x26=0x00000000 PA:0x8001ff3b load:0x00000000
       28895000	      2790	80003ce8	2ad60223	sb	x13,676(x12)	 x12:0x80021445 x13:0x00000000 PA:0x800216e9 store:0x00000000 load:0x00000000
       28905000	      2791	80003cec	00220d03	lb	x26,2(x4)	  x4:0x8001810e x26=0x00000000 PA:0x80018110 load:0x00000000
       28915000	      2792	80003cf0	3f160323	sb	x17,998(x12)	 x12:0x80021445 x17:0x80003c62 PA:0x8002182b store:0x80003c62 load:0x00000000
       28925000	      2793	80003cf4	02ea0f83	lb	x31,46(x20)	 x20:0x8001fdf4 x31=0x00000000 PA:0x8001fe22 load:0x00000000
       28935000	      2794	80003cf8	057a4b03	lbu	x22,87(x20)	 x20:0x8001fdf4 x22=0x00000000 PA:0x8001fe4b load:0x00000000
       28945000	      2795	80003cfc	00820d83	lb	x27,8(x4)	  x4:0x8001810e x27=0x00000000 PA:0x80018116 load:0x00000000
       28955000	      2796	80003d00	6f560923	sb	x21,1778(x12)	 x12:0x80021445 x21:0x00000000 PA:0x80021b37 store:0x00000000 load:0x00000000
       28965000	      2797	80003d04	016c0303	lb	x6,22(x24)	 x24:0x8001ff20  x6=0x00000000 PA:0x8001ff36 load:0x00000000
       28975000	      2798	80003d08	f3aa1523	sh	x26,-214(x20)	 x20:0x8001fdf4 x26:0x00000000 PA:0x8001fd1e store:0x00000000 load:0x00000000
       28985000	      2799	80003d0c	0850cc83	lbu	x25,133(x1)	  x1:0x80015d8a x25=0x00000000 PA:0x80015e0f load:0x00000000
       28995000	      2800	80003d10	02ac1e03	lh	x28,42(x24)	 x24:0x8001ff20 x28=0x00000000 PA:0x8001ff4a load:0x00000000
       29005000	      2801	80003d14	069a0e83	lb	x29,105(x20)	 x20:0x8001fdf4 x29=0x00000000 PA:0x8001fe5d load:0x00000000
       29015000	      2802	80003d18	f5da4f83	lbu	x31,-163(x20)	 x20:0x8001fdf4 x31=0x00000000 PA:0x8001fd51 load:0x00000000
       29025000	      2803	80003d1c	fddc1123	sh	x29,-62(x24)	 x24:0x8001ff20 x29:0x00000000 PA:0x8001fee2 store:0x00000000 load:0x00000000
       29035000	      2804	80003d20	033a0803	lb	x16,51(x20)	 x20:0x8001fdf4 x16=0x00000000 PA:0x8001fe27 load:0x00000000
       29045000	      2805	80003d24	0b60ce03	lbu	x28,182(x1)	  x1:0x80015d8a x28=0x00000000 PA:0x80015e40 load:0x00000000
       29055000	      2806	80003d28	00e24903	lbu	x18,14(x4)	  x4:0x8001810e x18=0x00000000 PA:0x8001811c load:0x00000000
       29065000	      2807	80003d2c	a9860983	lb	x19,-1384(x12)	 x12:0x80021445 x19=0x00000000 PA:0x80020edd load:0x00000000
       29075000	      2808	80003d30	009c1823	sh	x9,16(x24)	 x24:0x8001ff20  x9:0x80027e64 PA:0x8001ff30 store:0x80027e64 load:0x00000000
       29085000	      2809	80003d34	fc60a703	lw	x14,-58(x1)	  x1:0x80015d8a x14=0x00000000 PA:0x80015d50 load:0x00000000
       29095000	      2810	80003d38	0d2a0aa3	sb	x18,213(x20)	 x20:0x8001fdf4 x18:0x00000000 PA:0x8001fec9 store:0x00000000 load:0x00000000
       29105000	      2811	80003d3c	ff220f83	lb	x31,-14(x4)	  x4:0x8001810e x31=0x00000000 PA:0x80018100 load:0x00000000
       29115000	      2812	80003d40	77264383	lbu	x7,1906(x12)	 x12:0x80021445  x7=0x00000000 PA:0x80021bb7 load:0x00000000
       29125000	      2813	80003d44	f6808783	lb	x15,-152(x1)	  x1:0x80015d8a x15=0x00000000 PA:0x80015cf2 load:0x00000000
       29135000	      2814	80003d48	ffd20a83	lb	x21,-3(x4)	  x4:0x8001810e x21=0x00000000 PA:0x8001810b load:0x00000000
       29145000	      2815	80003d4c	ff2c1403	lh	x8,-14(x24)	 x24:0x8001ff20  x8=0x00000000 PA:0x8001ff12 load:0x00000000
       29155000	      2816	80003d50	25060123	sb	x16,578(x12)	 x12:0x80021445 x16:0x00000000 PA:0x80021687 store:0x00000000 load:0x00000000
       29165000	      2817	80003d54	ff825e03	lhu	x28,-8(x4)	  x4:0x8001810e x28=0x00000000 PA:0x80018106 load:0x00000000
       29175000	      2818	80003d58	fd1c0b03	lb	x22,-47(x24)	 x24:0x8001ff20 x22=0x00000000 PA:0x8001fef1 load:0x00000000
       29185000	      2819	80003d5c	00d24303	lbu	x6,13(x4)	  x4:0x8001810e  x6=0x00000000 PA:0x8001811b load:0x00000000
       29195000	      2820	80003d60	027c02a3	sb	x7,37(x24)	 x24:0x8001ff20  x7:0x00000000 PA:0x8001ff45 store:0x00000000 load:0x00000000
       29205000	      2821	80003d64	5b560423	sb	x21,1448(x12)	 x12:0x80021445 x21:0x00000000 PA:0x800219ed store:0x00000000 load:0x00000000
       29215000	      2822	80003d68	fdfc4d83	lbu	x27,-33(x24)	 x24:0x8001ff20 x27=0x00000000 PA:0x8001feff load:0x00000000
       29225000	      2823	80003d6c	0000f297	auipc	x5,0xf	  x5=0x80012d6c
       29235000	      2824	80003d70	03b28293	addi	x5,x5,59	  x5:0x80012d6c  x5=0x80012da7
       29245000	      2825	80003d74	0000f217	auipc	x4,0xf	  x4=0x80012d74
       29255000	      2826	80003d78	e8420213	addi	x4,x4,-380	  x4:0x80012d74  x4=0x80012bf8
       29265000	      2827	80003d7c	0000f417	auipc	x8,0xf	  x8=0x80012d7c
       29275000	      2828	80003d80	18540413	addi	x8,x8,389	  x8:0x80012d7c  x8=0x80012f01
       29285000	      2829	80003d84	0b828323	sb	x24,166(x5)	  x5:0x80012da7 x24:0x8001ff20 PA:0x80012e4d store:0x8001ff20 load:0x00000000
       29295000	      2830	80003d88	00740523	sb	x7,10(x8)	  x8:0x80012f01  x7:0x00000000 PA:0x80012f0b store:0x00000000 load:0x00000000
       29305000	      2831	80003d8c	00b20b83	lb	x23,11(x4)	  x4:0x80012bf8 x23=0x00000000 PA:0x80012c03 load:0x00000000
       29315000	      2832	80003d90	ffe40f23	sb	x30,-2(x8)	  x8:0x80012f01 x30:0x8002bce4 PA:0x80012eff store:0x8002bce4 load:0x00000000
       29325000	      2833	80003d94	fae2cd83	lbu	x27,-82(x5)	  x5:0x80012da7 x27=0x00000000 PA:0x80012d55 load:0x00000000
       29335000	      2834	80003d98	01e20923	sb	x30,18(x4)	  x4:0x80012bf8 x30:0x8002bce4 PA:0x80012c0a store:0x8002bce4 load:0x00000000
       29345000	      2835	80003d9c	0762c603	lbu	x12,118(x5)	  x5:0x80012da7 x12=0x00000000 PA:0x80012e1d load:0x00000000
       29355000	      2836	80003da0	00940703	lb	x14,9(x8)	  x8:0x80012f01 x14=0x00000000 PA:0x80012f0a load:0x00000000
       29365000	      2837	80003da4	ffc40b83	lb	x23,-4(x8)	  x8:0x80012f01 x23=0x00000000 PA:0x80012efd load:0x00000000
       29375000	      2838	80003da8	fd420a03	lb	x20,-44(x4)	  x4:0x80012bf8 x20=0x00000000 PA:0x80012bcc load:0x00000000
       29385000	      2839	80003dac	fe641fa3	sh	x6,-1(x8)	  x8:0x80012f01  x6:0x00000000 PA:0x80012f00 store:0x00000000 load:0x00000000
       29395000	      2840	80003db0	0632c303	lbu	x6,99(x5)	  x5:0x80012da7  x6=0x00000000 PA:0x80012e0a load:0x00000000
       29405000	      2841	80003db4	fda25183	lhu	x3,-38(x4)	  x4:0x80012bf8  x3=0x00000000 PA:0x80012bd2 load:0x00000000
       29415000	      2842	80003db8	05928b03	lb	x22,89(x5)	  x5:0x80012da7 x22=0x00000000 PA:0x80012e00 load:0x00000000
       29425000	      2843	80003dbc	ff220503	lb	x10,-14(x4)	  x4:0x80012bf8 x10=0x00000000 PA:0x80012bea load:0x00000000
       29435000	      2844	80003dc0	ffc40083	lb	x1,-4(x8)	  x8:0x80012f01  x1=0x00000000 PA:0x80012efd load:0x00000000
       29445000	      2845	80003dc4	0442c783	lbu	x15,68(x5)	  x5:0x80012da7 x15=0x00000000 PA:0x80012deb load:0x00000000
       29455000	      2846	80003dc8	fea2c603	lbu	x12,-22(x5)	  x5:0x80012da7 x12=0x00000000 PA:0x80012d91 load:0x00000000
       29465000	      2847	80003dcc	fe324803	lbu	x16,-29(x4)	  x4:0x80012bf8 x16=0x00000000 PA:0x80012bdb load:0x00000000
       29475000	      2848	80003dd0	09a28a03	lb	x20,154(x5)	  x5:0x80012da7 x20=0x00000000 PA:0x80012e41 load:0x00000000
       29485000	      2849	80003dd4	f3d2a103	lw	x2,-195(x5)	  x5:0x80012da7  x2=0x00000000 PA:0x80012ce4 load:0x00000000
       29495000	      2850	80003dd8	fef24783	lbu	x15,-17(x4)	  x4:0x80012bf8 x15=0x00000000 PA:0x80012be7 load:0x00000000
       29505000	      2851	80003ddc	00013397	auipc	x7,0x13	  x7=0x80016ddc
       29515000	      2852	80003de0	95338393	addi	x7,x7,-1709	  x7:0x80016ddc  x7=0x8001672f
       29525000	      2853	80003de4	01438623	sb	x20,12(x7)	  x7:0x8001672f x20:0x00000000 PA:0x8001673b store:0x00000000 load:0x00000000
       29535000	      2854	80003de8	0000fd17	auipc	x26,0xf	 x26=0x80012de8
       29545000	      2855	80003dec	b7ed0d13	addi	x26,x26,-1154	 x26:0x80012de8 x26=0x80012966
       29555000	      2856	80003df0	01b385a3	sb	x27,11(x7)	  x7:0x8001672f x27:0x00000000 PA:0x8001673a store:0x00000000 load:0x00000000
       29565000	      2857	80003df4	fe038083	lb	x1,-32(x7)	  x7:0x8001672f  x1=0x00000000 PA:0x8001670f load:0x00000000
       29575000	      2858	80003df8	ffb38903	lb	x18,-5(x7)	  x7:0x8001672f x18=0x00000000 PA:0x8001672a load:0x00000000
       29585000	      2859	80003dfc	f99d0783	lb	x15,-103(x26)	 x26:0x80012966 x15=0x00000000 PA:0x800128ff load:0x00000000
       29595000	      2860	80003e00	fdc38a23	sb	x28,-44(x7)	  x7:0x8001672f x28:0x00000000 PA:0x80016703 store:0x00000000 load:0x00000000
       29605000	      2861	80003e04	fcb38b03	lb	x22,-53(x7)	  x7:0x8001672f x22=0x00000000 PA:0x800166fa load:0x00000000
       29615000	      2862	80003e08	0bcd5403	lhu	x8,188(x26)	 x26:0x80012966  x8=0x00000000 PA:0x80012a22 load:0x00000000
       29625000	      2863	80003e0c	ff33c183	lbu	x3,-13(x7)	  x7:0x8001672f  x3=0x00000000 PA:0x80016722 load:0x00000000
       29635000	      2864	80003e10	fd339ca3	sh	x19,-39(x7)	  x7:0x8001672f x19:0x00000000 PA:0x80016708 store:0x00000000 load:0x00000000
       29645000	      2865	80003e14	f38d04a3	sb	x24,-215(x26)	 x26:0x80012966 x24:0x8001ff20 PA:0x8001288f store:0x8001ff20 load:0x00000000
       29655000	      2866	80003e18	fbcd02a3	sb	x28,-91(x26)	 x26:0x80012966 x28:0x00000000 PA:0x8001290b store:0x00000000 load:0x00000000
       29665000	      2867	80003e1c	02f3c903	lbu	x18,47(x7)	  x7:0x8001672f x18=0x00000000 PA:0x8001675e load:0x00000000
       29675000	      2868	80003e20	07fd01a3	sb	x31,99(x26)	 x26:0x80012966 x31:0x00000000 PA:0x800129c9 store:0x00000000 load:0x00000000
       29685000	      2869	80003e24	00e38b23	sb	x14,22(x7)	  x7:0x8001672f x14:0x00000000 PA:0x80016745 store:0x00000000 load:0x00000000
       29695000	      2870	80003e28	fd8d4303	lbu	x6,-40(x26)	 x26:0x80012966  x6=0x00000000 PA:0x8001293e load:0x00000000
       29705000	      2871	80003e2c	067d06a3	sb	x7,109(x26)	 x26:0x80012966  x7:0x8001672f PA:0x800129d3 store:0x8001672f load:0x00000000
       29715000	      2872	80003e30	0ffd0703	lb	x14,255(x26)	 x26:0x80012966 x14=0x00000000 PA:0x80012a65 load:0x00000000
       29725000	      2873	80003e34	0000ee17	auipc	x28,0xe	 x28=0x80011e34
       29735000	      2874	80003e38	3aae0e13	addi	x28,x28,938	 x28:0x80011e34 x28=0x800121de
       29745000	      2875	80003e3c	ff7e1d23	sh	x23,-6(x28)	 x28:0x800121de x23:0x00000000 PA:0x800121d8 store:0x00000000 load:0x00000000
       29755000	      2876	80003e40	0001d397	auipc	x7,0x1d	  x7=0x80020e40
       29765000	      2877	80003e44	8d138393	addi	x7,x7,-1839	  x7:0x80020e40  x7=0x80020711
       29775000	      2878	80003e48	ffbe0203	lb	x4,-5(x28)	 x28:0x800121de  x4=0x00000000 PA:0x800121d9 load:0x00000000
       29785000	      2879	80003e4c	ffae0aa3	sb	x26,-11(x28)	 x28:0x800121de x26:0x80012966 PA:0x800121d3 store:0x80012966 load:0x00000000
       29795000	      2880	80003e50	ffc3c003	lbu	x0,-4(x7)	  x7:0x80020711  x0=0x00000000 PA:0x8002070d load:0x00000000
       29805000	      2881	80003e54	04939283	lh	x5,73(x7)	  x7:0x80020711  x5=0x00000000 PA:0x8002075a load:0x00000000
       29815000	      2882	80003e58	f02394a3	sh	x2,-247(x7)	  x7:0x80020711  x2:0x00000000 PA:0x8002061a store:0x00000000 load:0x00000000
       29825000	      2883	80003e5c	011e02a3	sb	x17,5(x28)	 x28:0x800121de x17:0x80003c62 PA:0x800121e3 store:0x80003c62 load:0x00000000
       29835000	      2884	80003e60	00ce1003	lh	x0,12(x28)	 x28:0x800121de  x0=0x00000000 PA:0x800121ea load:0x00000000
       29845000	      2885	80003e64	fe938d83	lb	x27,-23(x7)	  x7:0x80020711 x27=0x00000000 PA:0x800206fa load:0x00000000
       29855000	      2886	80003e68	0683afa3	sw	x8,127(x7)	  x7:0x80020711  x8:0x00000000 PA:0x80020790 store:0x00000000 load:0x00000000
       29865000	      2887	80003e6c	fd438e23	sb	x20,-36(x7)	  x7:0x80020711 x20:0x00000000 PA:0x800206ed store:0x00000000 load:0x00000000
       29875000	      2888	80003e70	0100076f	jal	x14,80003e80	 x14=0x80003e74
       29895000	      2890	80003e80	0120016f	jal	x2,80003e92	  x2=0x80003e84
       29915000	      2892	80003e92	a011	c.j	80003e96	
       29935000	      2894	80003e96	3ffd	c.jal	80003e94	  x1=0x80003e98
       29955000	      2896	80003e94	b7cd	c.j	80003e76	
       29975000	      2898	80003e76	a00d	c.j	80003e98	
       29995000	      2900	80003e98	fe5ff56f	jal	x10,80003e7c	 x10=0x80003e9c
       30015000	      2902	80003e7c	3ff5	c.jal	80003e78	  x1=0x80003e7e
       30035000	      2904	80003e78	024000ef	jal	x1,80003e9c	  x1=0x80003e7c
       30055000	      2906	80003e9c	2019	c.jal	80003ea2	  x1=0x80003e9e
       30075000	      2908	80003ea2	b7dd	c.j	80003e88	
       30095000	      2910	80003e88	a831	c.j	80003ea4	
       30115000	      2912	80003ea4	fedff0ef	jal	x1,80003e90	  x1=0x80003ea8
       30135000	      2914	80003e90	bfed	c.j	80003e8a	
       30165000	      2917	80003e8a	ff5ff0ef	jal	x1,80003e7e	  x1=0x80003e8e
       30185000	      2919	80003e7e	2005	c.jal	80003e9e	  x1=0x80003e80
       30215000	      2922	80003e9e	fe7ff36f	jal	x6,80003e84	  x6=0x80003ea2
       30235000	      2924	80003e84	ff1ff0ef	jal	x1,80003e74	  x1=0x80003e88
       30255000	      2926	80003e74	2829	c.jal	80003e8e	  x1=0x80003e76
       30275000	      2928	80003e8e	2829	c.jal	80003ea8	  x1=0x80003e90
       30295000	      2930	80003ea8	fa62c737	lui	x14,0xfa62c	 x14=0xfa62c000
       30305000	      2931	80003eac	0000e297	auipc	x5,0xe	  x5=0x80011eac
       30315000	      2932	80003eb0	2e328293	addi	x5,x5,739	  x5:0x80011eac  x5=0x8001218f
       30325000	      2933	80003eb4	00f281a3	sb	x15,3(x5)	  x5:0x8001218f x15:0x00000000 PA:0x80012192 store:0x00000000 load:0x00000000
       30335000	      2934	80003eb8	00e291a3	sh	x14,3(x5)	  x5:0x8001218f x14:0xfa62c000 PA:0x80012192 store:0xfa62c000 load:0x00000000
       30345000	      2935	80003ebc	b8d2ab93	slti	x23,x5,-1139	  x5:0x8001218f x23=0x00000001
       30355000	      2936	80003ec0	000291a3	sh	x0,3(x5)	  x5:0x8001218f  x0:0x00000000 PA:0x80012192 store:0x00000000 load:0x00000000
       30365000	      2937	80003ec4	fe929883	lh	x17,-23(x5)	  x5:0x8001218f x17=0x00000000 PA:0x80012178 load:0x00000000
       30375000	      2938	80003ec8	40b55533	sra	x10,x10,x11	 x10:0x80003e9c x11:0x894eacb4 x10=0xfffff800
       30385000	      2939	80003ecc	0319	c.addi	x6,6	  x6:0x80003ea2  x6=0x80003ea8
       30395000	      2940	80003ece	fe92d903	lhu	x18,-23(x5)	  x5:0x8001218f x18=0x00000000 PA:0x80012178 load:0x00000000
       30405000	      2941	80003ed2	fe92ce83	lbu	x29,-23(x5)	  x5:0x8001218f x29=0x00000000 PA:0x80012178 load:0x00000000
       30415000	      2942	80003ed6	fe929b83	lh	x23,-23(x5)	  x5:0x8001218f x23=0x00000000 PA:0x80012178 load:0x00000000
       30425000	      2943	80003eda	feb284a3	sb	x11,-23(x5)	  x5:0x8001218f x11:0x894eacb4 PA:0x80012178 store:0x894eacb4 load:0x00000000
       30435000	      2944	80003ede	fe928f83	lb	x31,-23(x5)	  x5:0x8001218f x31=0xffffffb4 PA:0x80012178 load:0xffffffb4
       30445000	      2945	80003ee2	01a2ce03	lbu	x28,26(x5)	  x5:0x8001218f x28=0x00000000 PA:0x800121a9 load:0x00000000
       30455000	      2946	80003ee6	01928d23	sb	x25,26(x5)	  x5:0x8001218f x25:0x00000000 PA:0x800121a9 store:0x00000000 load:0x00000000
       30465000	      2947	80003eea	000b9fb3	sll	x31,x23,x0	 x23:0x00000000  x0:0x00000000 x31=0x00000000
       30475000	      2948	80003eee	01a28c03	lb	x24,26(x5)	  x5:0x8001218f x24=0x00000000 PA:0x800121a9 load:0x00000000
       30485000	      2949	80003ef2	00628a03	lb	x20,6(x5)	  x5:0x8001218f x20=0x00000000 PA:0x80012195 load:0x00000000
       30495000	      2950	80003ef6	01d28323	sb	x29,6(x5)	  x5:0x8001218f x29:0x00000000 PA:0x80012195 store:0x00000000 load:0x00000000
       30505000	      2951	80003efa	0062ce03	lbu	x28,6(x5)	  x5:0x8001218f x28=0x00000000 PA:0x80012195 load:0x00000000
       30515000	      2952	80003efe	02928123	sb	x9,34(x5)	  x5:0x8001218f  x9:0x80027e64 PA:0x800121b1 store:0x80027e64 load:0x00000000
       30525000	      2953	80003f02	8cce	c.mv	x25,x19	  x0:0x00000000 x19:0x00000000 x25=0x00000000
       30535000	      2954	80003f04	0132d903	lhu	x18,19(x5)	  x5:0x8001218f x18=0x00000000 PA:0x800121a2 load:0x00000000
       30545000	      2955	80003f08	010289a3	sb	x16,19(x5)	  x5:0x8001218f x16:0x00000000 PA:0x800121a2 store:0x00000000 load:0x00000000
       30555000	      2956	80003f0c	fe329ca3	sh	x3,-7(x5)	  x5:0x8001218f  x3:0x00000000 PA:0x80012188 store:0x00000000 load:0x00000000
       30565000	      2957	80003f10	00016517	auipc	x10,0x16	 x10=0x80019f10
       30575000	      2958	80003f14	ba850513	addi	x10,x10,-1112	 x10:0x80019f10 x10=0x80019ab8
       30585000	      2959	80003f18	717d	c.addi16sp	x2,-16	  x2:0x80003e84  x2=0x80003e74
       30625000	      2963	8000252c	905fe06f	jal	x0,80000e30	  x0=0x00000000
       30645000	      2965	80000e30	1f71	c.addi	x30,-4	 x30:0x8002bce4 x30=0x8002bce0
       30655000	      2966	80000e32	009f2023	sw	x9,0(x30)	 x30:0x8002bce0  x9:0x80027e64 PA:0x8002bce0 store:0x80027e64 load:0x00000000
       30665000	      2967	80000e36	000f04b3	add	x9,x30,x0	 x30:0x8002bce0  x0:0x00000000  x9=0x8002bce0
       30675000	      2968	80000e3a	f8048493	addi	x9,x9,-128	  x9:0x8002bce0  x9=0x8002bc60
       30685000	      2969	80000e3e	0014a223	sw	x1,4(x9)	  x9:0x8002bc60  x1:0x80003e90 PA:0x8002bc64 store:0x80003e90 load:0x00000000
       30695000	      2970	80000e42	0024a423	sw	x2,8(x9)	  x9:0x8002bc60  x2:0x80003e74 PA:0x8002bc68 store:0x80003e74 load:0x00000000
       30705000	      2971	80000e46	0034a623	sw	x3,12(x9)	  x9:0x8002bc60  x3:0x00000000 PA:0x8002bc6c store:0x00000000 load:0x00000000
       30715000	      2972	80000e4a	0044a823	sw	x4,16(x9)	  x9:0x8002bc60  x4:0x00000000 PA:0x8002bc70 store:0x00000000 load:0x00000000
       30725000	      2973	80000e4e	0054aa23	sw	x5,20(x9)	  x9:0x8002bc60  x5:0x8001218f PA:0x8002bc74 store:0x8001218f load:0x00000000
       30735000	      2974	80000e52	0064ac23	sw	x6,24(x9)	  x9:0x8002bc60  x6:0x80003ea8 PA:0x8002bc78 store:0x80003ea8 load:0x00000000
       30745000	      2975	80000e56	0074ae23	sw	x7,28(x9)	  x9:0x8002bc60  x7:0x80020711 PA:0x8002bc7c store:0x80020711 load:0x00000000
       30755000	      2976	80000e5a	d080	c.sw	x8,32(x9)	  x9:0x8002bc60  x8:0x00000000 PA:0x8002bc80 store:0x00000000 load:0x00000000
       30765000	      2977	80000e5c	d0c4	c.sw	x9,36(x9)	  x9:0x8002bc60  x9:0x8002bc60 PA:0x8002bc84 store:0x8002bc60 load:0x00000000
       30775000	      2978	80000e5e	d488	c.sw	x10,40(x9)	  x9:0x8002bc60 x10:0x80019ab8 PA:0x8002bc88 store:0x80019ab8 load:0x00000000
       30785000	      2979	80000e60	d4cc	c.sw	x11,44(x9)	  x9:0x8002bc60 x11:0x894eacb4 PA:0x8002bc8c store:0x894eacb4 load:0x00000000
       30795000	      2980	80000e62	d890	c.sw	x12,48(x9)	  x9:0x8002bc60 x12:0x00000000 PA:0x8002bc90 store:0x00000000 load:0x00000000
       30805000	      2981	80000e64	d8d4	c.sw	x13,52(x9)	  x9:0x8002bc60 x13:0x00000000 PA:0x8002bc94 store:0x00000000 load:0x00000000
       30815000	      2982	80000e66	dc98	c.sw	x14,56(x9)	  x9:0x8002bc60 x14:0xfa62c000 PA:0x8002bc98 store:0xfa62c000 load:0x00000000
       30825000	      2983	80000e68	dcdc	c.sw	x15,60(x9)	  x9:0x8002bc60 x15:0x00000000 PA:0x8002bc9c store:0x00000000 load:0x00000000
       30835000	      2984	80000e6a	0504a023	sw	x16,64(x9)	  x9:0x8002bc60 x16:0x00000000 PA:0x8002bca0 store:0x00000000 load:0x00000000
       30845000	      2985	80000e6e	0514a223	sw	x17,68(x9)	  x9:0x8002bc60 x17:0x00000000 PA:0x8002bca4 store:0x00000000 load:0x00000000
       30855000	      2986	80000e72	0524a423	sw	x18,72(x9)	  x9:0x8002bc60 x18:0x00000000 PA:0x8002bca8 store:0x00000000 load:0x00000000
       30865000	      2987	80000e76	0534a623	sw	x19,76(x9)	  x9:0x8002bc60 x19:0x00000000 PA:0x8002bcac store:0x00000000 load:0x00000000
       30875000	      2988	80000e7a	0544a823	sw	x20,80(x9)	  x9:0x8002bc60 x20:0x00000000 PA:0x8002bcb0 store:0x00000000 load:0x00000000
       30885000	      2989	80000e7e	0554aa23	sw	x21,84(x9)	  x9:0x8002bc60 x21:0x00000000 PA:0x8002bcb4 store:0x00000000 load:0x00000000
       30895000	      2990	80000e82	0564ac23	sw	x22,88(x9)	  x9:0x8002bc60 x22:0x00000000 PA:0x8002bcb8 store:0x00000000 load:0x00000000
       30905000	      2991	80000e86	0574ae23	sw	x23,92(x9)	  x9:0x8002bc60 x23:0x00000000 PA:0x8002bcbc store:0x00000000 load:0x00000000
       30915000	      2992	80000e8a	0784a023	sw	x24,96(x9)	  x9:0x8002bc60 x24:0x00000000 PA:0x8002bcc0 store:0x00000000 load:0x00000000
       30925000	      2993	80000e8e	0794a223	sw	x25,100(x9)	  x9:0x8002bc60 x25:0x00000000 PA:0x8002bcc4 store:0x00000000 load:0x00000000
       30935000	      2994	80000e92	07a4a423	sw	x26,104(x9)	  x9:0x8002bc60 x26:0x80012966 PA:0x8002bcc8 store:0x80012966 load:0x00000000
       30945000	      2995	80000e96	07b4a623	sw	x27,108(x9)	  x9:0x8002bc60 x27:0x00000000 PA:0x8002bccc store:0x00000000 load:0x00000000
       30955000	      2996	80000e9a	07c4a823	sw	x28,112(x9)	  x9:0x8002bc60 x28:0x00000000 PA:0x8002bcd0 store:0x00000000 load:0x00000000
       30965000	      2997	80000e9e	07d4aa23	sw	x29,116(x9)	  x9:0x8002bc60 x29:0x00000000 PA:0x8002bcd4 store:0x00000000 load:0x00000000
       30975000	      2998	80000ea2	07e4ac23	sw	x30,120(x9)	  x9:0x8002bc60 x30:0x8002bce0 PA:0x8002bcd8 store:0x8002bce0 load:0x00000000
       30985000	      2999	80000ea6	07f4ae23	sw	x31,124(x9)	  x9:0x8002bc60 x31:0x00000000 PA:0x8002bcdc store:0x00000000 load:0x00000000
       30995000	      3000	80000eaa	00048f33	add	x30,x9,x0	  x9:0x8002bc60  x0:0x00000000 x30=0x8002bc60
       31005000	      3001	80000eae	90000d37	lui	x26,0x90000	 x26=0x90000000
       31015000	      3002	80000eb2	1d71	c.addi	x26,-4	 x26:0x90000000 x26=0x8ffffffc
       31025000	      3003	80000eb4	4619	c.li	x12,6	 x12=0x00000006
       31035000	      3004	80000eb6	0622	c.slli	x12,0x8	 x12:0x00000006 x12=0x00000600
       31045000	      3005	80000eb8	00060613	addi	x12,x12,0	 x12:0x00000600 x12=0x00000600
       31055000	      3006	80000ebc	00cd2023	sw	x12,0(x26)	 x26:0x8ffffffc x12:0x00000600 PA:0x8ffffffc store:0x00000600 load:0x00000000
       31065000	      3007	80000ec0	34202673	csrrs	x12,mcause,x0	  x0:0x00000000 x12=0x8000000b
       31075000	      3008	80000ec4	827d	c.srli	x12,0x1f	 x12:0x8000000b x12=0x00000001
       31085000	      3009	80000ec6	c63d	c.beqz	x12,80000f34	 x12:0x00000001
       31095000	      3010	80000ec8	90000d37	lui	x26,0x90000	 x26=0x90000000
       31105000	      3011	80000ecc	1d71	c.addi	x26,-4	 x26:0x90000000 x26=0x8ffffffc
       31115000	      3012	80000ece	30000613	addi	x12,x0,768	  x0:0x00000000 x12=0x00000300
       31125000	      3013	80000ed2	0622	c.slli	x12,0x8	 x12:0x00000300 x12=0x00030000
       31135000	      3014	80000ed4	060d	c.addi	x12,3	 x12:0x00030000 x12=0x00030003
       31145000	      3015	80000ed6	00cd2023	sw	x12,0(x26)	 x26:0x8ffffffc x12:0x00030003 PA:0x8ffffffc store:0x00030003 load:0x00000000
       31155000	      3016	80000eda	30002673	csrrs	x12,mstatus,x0	  x0:0x00000000 x12=0x00000000
       31165000	      3017	80000ede	00cd2023	sw	x12,0(x26)	 x26:0x8ffffffc x12:0x00000000 PA:0x8ffffffc store:0x00000000 load:0x00000000
       31175000	      3018	80000ee2	90000d37	lui	x26,0x90000	 x26=0x90000000
       31185000	      3019	80000ee6	1d71	c.addi	x26,-4	 x26:0x90000000 x26=0x8ffffffc
       31195000	      3020	80000ee8	34200613	addi	x12,x0,834	  x0:0x00000000 x12=0x00000342
       31205000	      3021	80000eec	0622	c.slli	x12,0x8	 x12:0x00000342 x12=0x00034200
       31215000	      3022	80000eee	060d	c.addi	x12,3	 x12:0x00034200 x12=0x00034203
       31225000	      3023	80000ef0	00cd2023	sw	x12,0(x26)	 x26:0x8ffffffc x12:0x00034203 PA:0x8ffffffc store:0x00034203 load:0x00000000
       31235000	      3024	80000ef4	34202673	csrrs	x12,mcause,x0	  x0:0x00000000 x12=0x8000000b
       31245000	      3025	80000ef8	00cd2023	sw	x12,0(x26)	 x26:0x8ffffffc x12:0x8000000b PA:0x8ffffffc store:0x8000000b load:0x00000000
       31255000	      3026	80000efc	90000d37	lui	x26,0x90000	 x26=0x90000000
       31265000	      3027	80000f00	1d71	c.addi	x26,-4	 x26:0x90000000 x26=0x8ffffffc
       31275000	      3028	80000f02	30400613	addi	x12,x0,772	  x0:0x00000000 x12=0x00000304
       31285000	      3029	80000f06	0622	c.slli	x12,0x8	 x12:0x00000304 x12=0x00030400
       31295000	      3030	80000f08	060d	c.addi	x12,3	 x12:0x00030400 x12=0x00030403
       31305000	      3031	80000f0a	00cd2023	sw	x12,0(x26)	 x26:0x8ffffffc x12:0x00030403 PA:0x8ffffffc store:0x00030403 load:0x00000000
       31315000	      3032	80000f0e	30402673	csrrs	x12,mie,x0	  x0:0x00000000 x12=0x66fb0888
       31325000	      3033	80000f12	00cd2023	sw	x12,0(x26)	 x26:0x8ffffffc x12:0x66fb0888 PA:0x8ffffffc store:0x66fb0888 load:0x00000000
       31335000	      3034	80000f16	90000d37	lui	x26,0x90000	 x26=0x90000000
       31345000	      3035	80000f1a	1d71	c.addi	x26,-4	 x26:0x90000000 x26=0x8ffffffc
       31355000	      3036	80000f1c	34400613	addi	x12,x0,836	  x0:0x00000000 x12=0x00000344
       31365000	      3037	80000f20	0622	c.slli	x12,0x8	 x12:0x00000344 x12=0x00034400
       31375000	      3038	80000f22	060d	c.addi	x12,3	 x12:0x00034400 x12=0x00034403
       31385000	      3039	80000f24	00cd2023	sw	x12,0(x26)	 x26:0x8ffffffc x12:0x00034403 PA:0x8ffffffc store:0x00034403 load:0x00000000
       31395000	      3040	80000f28	34402673	csrrs	x12,mip,x0	  x0:0x00000000 x12=0x00000000
       31405000	      3041	80000f2c	00cd2023	sw	x12,0(x26)	 x26:0x8ffffffc x12:0x00000000 PA:0x8ffffffc store:0x00000000 load:0x00000000
       31415000	      3042	80000f30	6ad1006f	jal	x0,80011ddc	  x0=0x00000000
       31435000	      3044	80011ddc	30002673	csrrs	x12,mstatus,x0	  x0:0x00000000 x12=0x00000000
       31445000	      3045	80011de0	30402673	csrrs	x12,mie,x0	  x0:0x00000000 x12=0x66fb0888
       31455000	      3046	80011de4	34402673	csrrs	x12,mip,x0	  x0:0x00000000 x12=0x00000000
       31465000	      3047	80011de8	34463673	csrrc	x12,mip,x12	 x12:0x00000000 x12=0x00000000
       31495000	      3050	80011dec	90000d37	lui	x26,0x90000	 x26=0x90000000
       31505000	      3051	80011df0	1d71	c.addi	x26,-4	 x26:0x90000000 x26=0x8ffffffc
       31515000	      3052	80011df2	461d	c.li	x12,7	 x12=0x00000007
       31525000	      3053	80011df4	0622	c.slli	x12,0x8	 x12:0x00000007 x12=0x00000700
       31535000	      3054	80011df6	00060613	addi	x12,x12,0	 x12:0x00000700 x12=0x00000700
       31545000	      3055	80011dfa	00cd2023	sw	x12,0(x26)	 x26:0x8ffffffc x12:0x00000700 PA:0x8ffffffc store:0x00000700 load:0x00000000
       31555000	      3056	80011dfe	000f04b3	add	x9,x30,x0	 x30:0x8002bc60  x0:0x00000000  x9=0x8002bc60
       31565000	      3057	80011e02	0044a083	lw	x1,4(x9)	  x9:0x8002bc60  x1=0x80003e90 PA:0x8002bc64 load:0x80003e90
       31575000	      3058	80011e06	0084a103	lw	x2,8(x9)	  x9:0x8002bc60  x2=0x80003e74 PA:0x8002bc68 load:0x80003e74
       31585000	      3059	80011e0a	00c4a183	lw	x3,12(x9)	  x9:0x8002bc60  x3=0x00000000 PA:0x8002bc6c load:0x00000000
       31595000	      3060	80011e0e	0104a203	lw	x4,16(x9)	  x9:0x8002bc60  x4=0x00000000 PA:0x8002bc70 load:0x00000000
       31605000	      3061	80011e12	0144a283	lw	x5,20(x9)	  x9:0x8002bc60  x5=0x8001218f PA:0x8002bc74 load:0x8001218f
       31615000	      3062	80011e16	0184a303	lw	x6,24(x9)	  x9:0x8002bc60  x6=0x80003ea8 PA:0x8002bc78 load:0x80003ea8
       31625000	      3063	80011e1a	01c4a383	lw	x7,28(x9)	  x9:0x8002bc60  x7=0x80020711 PA:0x8002bc7c load:0x80020711
       31635000	      3064	80011e1e	5080	c.lw	x8,32(x9)	  x9:0x8002bc60  x8=0x00000000 PA:0x8002bc80 load:0x00000000
       31645000	      3065	80011e20	50c4	c.lw	x9,36(x9)	  x9:0x8002bc60  x9=0x8002bc60 PA:0x8002bc84 load:0x8002bc60
       31665000	      3067	80011e22	5488	c.lw	x10,40(x9)	  x9:0x8002bc60 x10=0x80019ab8 PA:0x8002bc88 load:0x80019ab8
       31675000	      3068	80011e24	54cc	c.lw	x11,44(x9)	  x9:0x8002bc60 x11=0x894eacb4 PA:0x8002bc8c load:0x894eacb4
       31685000	      3069	80011e26	5890	c.lw	x12,48(x9)	  x9:0x8002bc60 x12=0x00000000 PA:0x8002bc90 load:0x00000000
       31695000	      3070	80011e28	58d4	c.lw	x13,52(x9)	  x9:0x8002bc60 x13=0x00000000 PA:0x8002bc94 load:0x00000000
       31705000	      3071	80011e2a	5c98	c.lw	x14,56(x9)	  x9:0x8002bc60 x14=0xfa62c000 PA:0x8002bc98 load:0xfa62c000
       31715000	      3072	80011e2c	5cdc	c.lw	x15,60(x9)	  x9:0x8002bc60 x15=0x00000000 PA:0x8002bc9c load:0x00000000
       31725000	      3073	80011e2e	0404a803	lw	x16,64(x9)	  x9:0x8002bc60 x16=0x00000000 PA:0x8002bca0 load:0x00000000
       31735000	      3074	80011e32	0444a883	lw	x17,68(x9)	  x9:0x8002bc60 x17=0x00000000 PA:0x8002bca4 load:0x00000000
       31745000	      3075	80011e36	0484a903	lw	x18,72(x9)	  x9:0x8002bc60 x18=0x00000000 PA:0x8002bca8 load:0x00000000
       31755000	      3076	80011e3a	04c4a983	lw	x19,76(x9)	  x9:0x8002bc60 x19=0x00000000 PA:0x8002bcac load:0x00000000
       31765000	      3077	80011e3e	0504aa03	lw	x20,80(x9)	  x9:0x8002bc60 x20=0x00000000 PA:0x8002bcb0 load:0x00000000
       31775000	      3078	80011e42	0544aa83	lw	x21,84(x9)	  x9:0x8002bc60 x21=0x00000000 PA:0x8002bcb4 load:0x00000000
       31785000	      3079	80011e46	0584ab03	lw	x22,88(x9)	  x9:0x8002bc60 x22=0x00000000 PA:0x8002bcb8 load:0x00000000
       31795000	      3080	80011e4a	05c4ab83	lw	x23,92(x9)	  x9:0x8002bc60 x23=0x00000000 PA:0x8002bcbc load:0x00000000
       31805000	      3081	80011e4e	0604ac03	lw	x24,96(x9)	  x9:0x8002bc60 x24=0x00000000 PA:0x8002bcc0 load:0x00000000
       31815000	      3082	80011e52	0644ac83	lw	x25,100(x9)	  x9:0x8002bc60 x25=0x00000000 PA:0x8002bcc4 load:0x00000000
       31825000	      3083	80011e56	0684ad03	lw	x26,104(x9)	  x9:0x8002bc60 x26=0x80012966 PA:0x8002bcc8 load:0x80012966
       31835000	      3084	80011e5a	06c4ad83	lw	x27,108(x9)	  x9:0x8002bc60 x27=0x00000000 PA:0x8002bccc load:0x00000000
       31845000	      3085	80011e5e	0704ae03	lw	x28,112(x9)	  x9:0x8002bc60 x28=0x00000000 PA:0x8002bcd0 load:0x00000000
       31855000	      3086	80011e62	0744ae83	lw	x29,116(x9)	  x9:0x8002bc60 x29=0x00000000 PA:0x8002bcd4 load:0x00000000
       31865000	      3087	80011e66	0784af03	lw	x30,120(x9)	  x9:0x8002bc60 x30=0x8002bce0 PA:0x8002bcd8 load:0x8002bce0
       31875000	      3088	80011e6a	07c4af83	lw	x31,124(x9)	  x9:0x8002bc60 x31=0x00000000 PA:0x8002bcdc load:0x00000000
       31885000	      3089	80011e6e	08048493	addi	x9,x9,128	  x9:0x8002bc60  x9=0x8002bce0
       31895000	      3090	80011e72	00048f33	add	x30,x9,x0	  x9:0x8002bce0  x0:0x00000000 x30=0x8002bce0
       31905000	      3091	80011e76	000f2483	lw	x9,0(x30)	 x30:0x8002bce0  x9=0x80027e64 PA:0x8002bce0 load:0x80027e64
       31915000	      3092	80011e7a	0f11	c.addi	x30,4	 x30:0x8002bce0 x30=0x8002bce4
       31925000	      3093	80011e7c	30200073	mret	
       31965000	      3097	80003f1a	0c154003	lbu	x0,193(x10)	 x10:0x80019ab8  x0=0x00000000 PA:0x80019b79 load:0x00000000
       31975000	      3098	80003f1e	f4f54683	lbu	x13,-177(x10)	 x10:0x80019ab8 x13=0x00000000 PA:0x80019a07 load:0x00000000
       31985000	      3099	80003f22	fd9502a3	sb	x25,-59(x10)	 x10:0x80019ab8 x25:0x00000000 PA:0x80019a7d store:0x00000000 load:0x00000000
       31995000	      3100	80003f26	0e5508a3	sb	x5,241(x10)	 x10:0x80019ab8  x5:0x8001218f PA:0x80019ba9 store:0x8001218f load:0x00000000
       32005000	      3101	80003f2a	09750683	lb	x13,151(x10)	 x10:0x80019ab8 x13=0x00000000 PA:0x80019b4f load:0x00000000
       32015000	      3102	80003f2e	400d5c13	srai	x24,x26,0x0	 x26:0x80012966 x24=0x80012966
       32025000	      3103	80003f32	82a5	c.srli	x13,0x9	 x13:0x00000000 x13=0x00000000
       32035000	      3104	80003f34	f62503a3	sb	x2,-153(x10)	 x10:0x80019ab8  x2:0x80003e74 PA:0x80019a1f store:0x80003e74 load:0x00000000
       32045000	      3105	80003f38	014b1db3	sll	x27,x22,x20	 x22:0x00000000 x20:0x00000000 x27=0x00000000
       32055000	      3106	80003f3c	0f554083	lbu	x1,245(x10)	 x10:0x80019ab8  x1=0x00000000 PA:0x80019bad load:0x00000000
       32425000	      3143	80003f40	03e059b3	divu	x19,x0,x30	  x0:0x00000000 x30:0x8002bce4 x19=0x00000000
       32435000	      3144	80003f44	717d	c.addi16sp	x2,-16	  x2:0x80003e74  x2=0x80003e64
       32445000	      3145	80003f46	8c29	c.xor	x8,x10	  x8:0x00000000 x10:0x80019ab8  x8=0x80019ab8
       32455000	      3146	80003f48	e241c413	xori	x8,x3,-476	  x3:0x00000000  x8=0xfffffe24
       32465000	      3147	80003f4c	432d	c.li	x6,11	  x6=0x0000000b
       32475000	      3148	80003f4e	0bf50f83	lb	x31,191(x10)	 x10:0x80019ab8 x31=0x00000000 PA:0x80019b77 load:0x00000000
       32485000	      3149	80003f52	0c94	c.addi4spn	x13,x2,592	 x13=0x800040b4
       32495000	      3150	80003f54	04154903	lbu	x18,65(x10)	 x10:0x80019ab8 x18=0x00000000 PA:0x80019af9 load:0x00000000
       32505000	      3151	80003f58	01f191b3	sll	x3,x3,x31	  x3:0x00000000 x31:0x00000000  x3=0x00000000
       32515000	      3152	80003f5c	f9250523	sb	x18,-118(x10)	 x10:0x80019ab8 x18:0x00000000 PA:0x80019a42 store:0x00000000 load:0x00000000
       32525000	      3153	80003f60	0000e117	auipc	x2,0xe	  x2=0x80011f60
       32535000	      3154	80003f64	4ab10113	addi	x2,x2,1195	  x2:0x80011f60  x2=0x8001240b
       32545000	      3155	80003f68	00cb3c33	sltu	x24,x22,x12	 x22:0x00000000 x12:0x00000000 x24=0x00000000
       32555000	      3156	80003f6c	1d414c03	lbu	x24,468(x2)	  x2:0x8001240b x24=0x00000000 PA:0x800125df load:0x00000000
       32925000	      3193	80003f70	03ab46b3	div	x13,x22,x26	 x22:0x00000000 x26:0x80012966 x13=0x00000000
       32935000	      3194	80003f74	416d5513	srai	x10,x26,0x16	 x26:0x80012966 x10=0xfffffe00
       32955000	      3196	80003f78	0386e6b3	rem	x13,x13,x24	 x13:0x00000000 x24:0x00000000 x13=0x00000000
       32965000	      3197	80003f7c	cad112a3	sh	x13,-859(x2)	  x2:0x8001240b x13:0x00000000 PA:0x800120b0 store:0x00000000 load:0x00000000
       32975000	      3198	80003f80	0d810723	sb	x24,206(x2)	  x2:0x8001240b x24:0x00000000 PA:0x800124d9 store:0x00000000 load:0x00000000
       32985000	      3199	80003f84	3d610223	sb	x22,964(x2)	  x2:0x8001240b x22:0x00000000 PA:0x800127cf store:0x00000000 load:0x00000000
       32995000	      3200	80003f88	0ff0000f	fence	iorw,iorw	
       33005000	      3201	80003f8c	0001	c.addi	x0,0	  x0:0x00000000  x0=0x00000000
       33015000	      3202	80003f8e	40cd5633	sra	x12,x26,x12	 x26:0x80012966 x12:0x00000000 x12=0x80012966
       33025000	      3203	80003f92	09e14b03	lbu	x22,158(x2)	  x2:0x8001240b x22=0x00000000 PA:0x800124a9 load:0x00000000
       33035000	      3204	80003f96	3ac117a3	sh	x12,943(x2)	  x2:0x8001240b x12:0x80012966 PA:0x800127ba store:0x80012966 load:0x00000000
       33045000	      3205	80003f9a	36111503	lh	x10,865(x2)	  x2:0x8001240b x10=0x00000000 PA:0x8001276c load:0x00000000
       33065000	      3207	80003f9e	8d71	c.and	x10,x12	 x10:0x00000000 x12:0x80012966 x10=0x00000000
       33075000	      3208	80003fa0	0f8116a3	sh	x24,237(x2)	  x2:0x8001240b x24:0x00000000 PA:0x800124f8 store:0x00000000 load:0x00000000
       33085000	      3209	80003fa4	3ea10b23	sb	x10,1014(x2)	  x2:0x8001240b x10:0x00000000 PA:0x80012801 store:0x00000000 load:0x00000000
       33095000	      3210	80003fa8	ea010683	lb	x13,-352(x2)	  x2:0x8001240b x13=0x00000000 PA:0x800122ab load:0x00000000
       33125000	      3213	80003fac	02cb0b33	mul	x22,x22,x12	 x22:0x00000000 x12:0x80012966 x22=0x00000000
       33135000	      3214	80003fb0	7c18eb37	lui	x22,0x7c18e	 x22=0x7c18e000
       33145000	      3215	80003fb4	018b6633	or	x12,x22,x24	 x22:0x7c18e000 x24:0x00000000 x12=0x7c18e000
       33155000	      3216	80003fb8	9d6a	c.add	x26,x26	 x26:0x80012966 x26:0x80012966 x26=0x000252cc
       33165000	      3217	80003fba	01ac6b33	or	x22,x24,x26	 x24:0x00000000 x26:0x000252cc x22=0x000252cc
       33175000	      3218	80003fbe	f8410683	lb	x13,-124(x2)	  x2:0x8001240b x13=0x00000000 PA:0x8001238f load:0x00000000
       33185000	      3219	80003fc2	0000100f	fence.i	
       33215000	      3222	80003fc6	d8a122a3	sw	x10,-635(x2)	  x2:0x8001240b x10:0x00000000 PA:0x80012190 store:0x00000000 load:0x00000000
       33225000	      3223	80003fca	72d10ca3	sb	x13,1849(x2)	  x2:0x8001240b x13:0x00000000 PA:0x80012b44 store:0x00000000 load:0x00000000
       33235000	      3224	80003fce	15d37d37	lui	x26,0x15d37	 x26=0x15d37000
       33245000	      3225	80003fd2	01db1d13	slli	x26,x22,0x1d	 x22:0x000252cc x26=0x80000000
       33255000	      3226	80003fd6	d7514c03	lbu	x24,-651(x2)	  x2:0x8001240b x24=0x00000000 PA:0x80012180 load:0x00000000
       33265000	      3227	80003fda	8d51	c.or	x10,x12	 x10:0x00000000 x12:0x7c18e000 x10=0x7c18e000
       33275000	      3228	80003fdc	c7b6e513	ori	x10,x13,-901	 x13:0x00000000 x10=0xfffffc7b
       33645000	      3265	80003fe0	02c67533	remu	x10,x12,x12	 x12:0x7c18e000 x12:0x7c18e000 x10=0x00000000
       33655000	      3266	80003fe4	10500073	wfi	
       33725000	      3273	8000252c	905fe06f	jal	x0,80000e30	  x0=0x00000000
       33745000	      3275	80000e30	1f71	c.addi	x30,-4	 x30:0x8002bce4 x30=0x8002bce0
       33755000	      3276	80000e32	009f2023	sw	x9,0(x30)	 x30:0x8002bce0  x9:0x80027e64 PA:0x8002bce0 store:0x80027e64 load:0x00000000
       33765000	      3277	80000e36	000f04b3	add	x9,x30,x0	 x30:0x8002bce0  x0:0x00000000  x9=0x8002bce0
       33775000	      3278	80000e3a	f8048493	addi	x9,x9,-128	  x9:0x8002bce0  x9=0x8002bc60
       33785000	      3279	80000e3e	0014a223	sw	x1,4(x9)	  x9:0x8002bc60  x1:0x00000000 PA:0x8002bc64 store:0x00000000 load:0x00000000
       33795000	      3280	80000e42	0024a423	sw	x2,8(x9)	  x9:0x8002bc60  x2:0x8001240b PA:0x8002bc68 store:0x8001240b load:0x00000000
       33805000	      3281	80000e46	0034a623	sw	x3,12(x9)	  x9:0x8002bc60  x3:0x00000000 PA:0x8002bc6c store:0x00000000 load:0x00000000
       33815000	      3282	80000e4a	0044a823	sw	x4,16(x9)	  x9:0x8002bc60  x4:0x00000000 PA:0x8002bc70 store:0x00000000 load:0x00000000
       33825000	      3283	80000e4e	0054aa23	sw	x5,20(x9)	  x9:0x8002bc60  x5:0x8001218f PA:0x8002bc74 store:0x8001218f load:0x00000000
       33835000	      3284	80000e52	0064ac23	sw	x6,24(x9)	  x9:0x8002bc60  x6:0x0000000b PA:0x8002bc78 store:0x0000000b load:0x00000000
       33845000	      3285	80000e56	0074ae23	sw	x7,28(x9)	  x9:0x8002bc60  x7:0x80020711 PA:0x8002bc7c store:0x80020711 load:0x00000000
       33855000	      3286	80000e5a	d080	c.sw	x8,32(x9)	  x9:0x8002bc60  x8:0xfffffe24 PA:0x8002bc80 store:0xfffffe24 load:0x00000000
       33865000	      3287	80000e5c	d0c4	c.sw	x9,36(x9)	  x9:0x8002bc60  x9:0x8002bc60 PA:0x8002bc84 store:0x8002bc60 load:0x00000000
       33875000	      3288	80000e5e	d488	c.sw	x10,40(x9)	  x9:0x8002bc60 x10:0x00000000 PA:0x8002bc88 store:0x00000000 load:0x00000000
       33885000	      3289	80000e60	d4cc	c.sw	x11,44(x9)	  x9:0x8002bc60 x11:0x894eacb4 PA:0x8002bc8c store:0x894eacb4 load:0x00000000
       33895000	      3290	80000e62	d890	c.sw	x12,48(x9)	  x9:0x8002bc60 x12:0x7c18e000 PA:0x8002bc90 store:0x7c18e000 load:0x00000000
       33905000	      3291	80000e64	d8d4	c.sw	x13,52(x9)	  x9:0x8002bc60 x13:0x00000000 PA:0x8002bc94 store:0x00000000 load:0x00000000
       33915000	      3292	80000e66	dc98	c.sw	x14,56(x9)	  x9:0x8002bc60 x14:0xfa62c000 PA:0x8002bc98 store:0xfa62c000 load:0x00000000
       33925000	      3293	80000e68	dcdc	c.sw	x15,60(x9)	  x9:0x8002bc60 x15:0x00000000 PA:0x8002bc9c store:0x00000000 load:0x00000000
       33935000	      3294	80000e6a	0504a023	sw	x16,64(x9)	  x9:0x8002bc60 x16:0x00000000 PA:0x8002bca0 store:0x00000000 load:0x00000000
       33945000	      3295	80000e6e	0514a223	sw	x17,68(x9)	  x9:0x8002bc60 x17:0x00000000 PA:0x8002bca4 store:0x00000000 load:0x00000000
       33955000	      3296	80000e72	0524a423	sw	x18,72(x9)	  x9:0x8002bc60 x18:0x00000000 PA:0x8002bca8 store:0x00000000 load:0x00000000
       33965000	      3297	80000e76	0534a623	sw	x19,76(x9)	  x9:0x8002bc60 x19:0x00000000 PA:0x8002bcac store:0x00000000 load:0x00000000
       33975000	      3298	80000e7a	0544a823	sw	x20,80(x9)	  x9:0x8002bc60 x20:0x00000000 PA:0x8002bcb0 store:0x00000000 load:0x00000000
       33985000	      3299	80000e7e	0554aa23	sw	x21,84(x9)	  x9:0x8002bc60 x21:0x00000000 PA:0x8002bcb4 store:0x00000000 load:0x00000000
       33995000	      3300	80000e82	0564ac23	sw	x22,88(x9)	  x9:0x8002bc60 x22:0x000252cc PA:0x8002bcb8 store:0x000252cc load:0x00000000
       34005000	      3301	80000e86	0574ae23	sw	x23,92(x9)	  x9:0x8002bc60 x23:0x00000000 PA:0x8002bcbc store:0x00000000 load:0x00000000
       34015000	      3302	80000e8a	0784a023	sw	x24,96(x9)	  x9:0x8002bc60 x24:0x00000000 PA:0x8002bcc0 store:0x00000000 load:0x00000000
       34025000	      3303	80000e8e	0794a223	sw	x25,100(x9)	  x9:0x8002bc60 x25:0x00000000 PA:0x8002bcc4 store:0x00000000 load:0x00000000
       34035000	      3304	80000e92	07a4a423	sw	x26,104(x9)	  x9:0x8002bc60 x26:0x80000000 PA:0x8002bcc8 store:0x80000000 load:0x00000000
       34045000	      3305	80000e96	07b4a623	sw	x27,108(x9)	  x9:0x8002bc60 x27:0x00000000 PA:0x8002bccc store:0x00000000 load:0x00000000
       34055000	      3306	80000e9a	07c4a823	sw	x28,112(x9)	  x9:0x8002bc60 x28:0x00000000 PA:0x8002bcd0 store:0x00000000 load:0x00000000
       34065000	      3307	80000e9e	07d4aa23	sw	x29,116(x9)	  x9:0x8002bc60 x29:0x00000000 PA:0x8002bcd4 store:0x00000000 load:0x00000000
       34075000	      3308	80000ea2	07e4ac23	sw	x30,120(x9)	  x9:0x8002bc60 x30:0x8002bce0 PA:0x8002bcd8 store:0x8002bce0 load:0x00000000
       34085000	      3309	80000ea6	07f4ae23	sw	x31,124(x9)	  x9:0x8002bc60 x31:0x00000000 PA:0x8002bcdc store:0x00000000 load:0x00000000
       34095000	      3310	80000eaa	00048f33	add	x30,x9,x0	  x9:0x8002bc60  x0:0x00000000 x30=0x8002bc60
       34105000	      3311	80000eae	90000d37	lui	x26,0x90000	 x26=0x90000000
       34115000	      3312	80000eb2	1d71	c.addi	x26,-4	 x26:0x90000000 x26=0x8ffffffc
       34125000	      3313	80000eb4	4619	c.li	x12,6	 x12=0x00000006
       34135000	      3314	80000eb6	0622	c.slli	x12,0x8	 x12:0x00000006 x12=0x00000600
       34145000	      3315	80000eb8	00060613	addi	x12,x12,0	 x12:0x00000600 x12=0x00000600
       34155000	      3316	80000ebc	00cd2023	sw	x12,0(x26)	 x26:0x8ffffffc x12:0x00000600 PA:0x8ffffffc store:0x00000600 load:0x00000000
       34165000	      3317	80000ec0	34202673	csrrs	x12,mcause,x0	  x0:0x00000000 x12=0x8000000b
       34175000	      3318	80000ec4	827d	c.srli	x12,0x1f	 x12:0x8000000b x12=0x00000001
       34185000	      3319	80000ec6	c63d	c.beqz	x12,80000f34	 x12:0x00000001
       34195000	      3320	80000ec8	90000d37	lui	x26,0x90000	 x26=0x90000000
       34205000	      3321	80000ecc	1d71	c.addi	x26,-4	 x26:0x90000000 x26=0x8ffffffc
       34215000	      3322	80000ece	30000613	addi	x12,x0,768	  x0:0x00000000 x12=0x00000300
       34225000	      3323	80000ed2	0622	c.slli	x12,0x8	 x12:0x00000300 x12=0x00030000
       34235000	      3324	80000ed4	060d	c.addi	x12,3	 x12:0x00030000 x12=0x00030003
       34245000	      3325	80000ed6	00cd2023	sw	x12,0(x26)	 x26:0x8ffffffc x12:0x00030003 PA:0x8ffffffc store:0x00030003 load:0x00000000
       34255000	      3326	80000eda	30002673	csrrs	x12,mstatus,x0	  x0:0x00000000 x12=0x00000000
       34265000	      3327	80000ede	00cd2023	sw	x12,0(x26)	 x26:0x8ffffffc x12:0x00000000 PA:0x8ffffffc store:0x00000000 load:0x00000000
       34275000	      3328	80000ee2	90000d37	lui	x26,0x90000	 x26=0x90000000
       34285000	      3329	80000ee6	1d71	c.addi	x26,-4	 x26:0x90000000 x26=0x8ffffffc
       34295000	      3330	80000ee8	34200613	addi	x12,x0,834	  x0:0x00000000 x12=0x00000342
       34305000	      3331	80000eec	0622	c.slli	x12,0x8	 x12:0x00000342 x12=0x00034200
       34315000	      3332	80000eee	060d	c.addi	x12,3	 x12:0x00034200 x12=0x00034203
       34325000	      3333	80000ef0	00cd2023	sw	x12,0(x26)	 x26:0x8ffffffc x12:0x00034203 PA:0x8ffffffc store:0x00034203 load:0x00000000
       34335000	      3334	80000ef4	34202673	csrrs	x12,mcause,x0	  x0:0x00000000 x12=0x8000000b
       34345000	      3335	80000ef8	00cd2023	sw	x12,0(x26)	 x26:0x8ffffffc x12:0x8000000b PA:0x8ffffffc store:0x8000000b load:0x00000000
       34355000	      3336	80000efc	90000d37	lui	x26,0x90000	 x26=0x90000000
       34365000	      3337	80000f00	1d71	c.addi	x26,-4	 x26:0x90000000 x26=0x8ffffffc
       34375000	      3338	80000f02	30400613	addi	x12,x0,772	  x0:0x00000000 x12=0x00000304
       34385000	      3339	80000f06	0622	c.slli	x12,0x8	 x12:0x00000304 x12=0x00030400
       34395000	      3340	80000f08	060d	c.addi	x12,3	 x12:0x00030400 x12=0x00030403
       34405000	      3341	80000f0a	00cd2023	sw	x12,0(x26)	 x26:0x8ffffffc x12:0x00030403 PA:0x8ffffffc store:0x00030403 load:0x00000000
       34415000	      3342	80000f0e	30402673	csrrs	x12,mie,x0	  x0:0x00000000 x12=0x66fb0888
       34425000	      3343	80000f12	00cd2023	sw	x12,0(x26)	 x26:0x8ffffffc x12:0x66fb0888 PA:0x8ffffffc store:0x66fb0888 load:0x00000000
       34435000	      3344	80000f16	90000d37	lui	x26,0x90000	 x26=0x90000000
       34445000	      3345	80000f1a	1d71	c.addi	x26,-4	 x26:0x90000000 x26=0x8ffffffc
       34455000	      3346	80000f1c	34400613	addi	x12,x0,836	  x0:0x00000000 x12=0x00000344
       34465000	      3347	80000f20	0622	c.slli	x12,0x8	 x12:0x00000344 x12=0x00034400
       34475000	      3348	80000f22	060d	c.addi	x12,3	 x12:0x00034400 x12=0x00034403
       34485000	      3349	80000f24	00cd2023	sw	x12,0(x26)	 x26:0x8ffffffc x12:0x00034403 PA:0x8ffffffc store:0x00034403 load:0x00000000
       34495000	      3350	80000f28	34402673	csrrs	x12,mip,x0	  x0:0x00000000 x12=0x00000000
       34505000	      3351	80000f2c	00cd2023	sw	x12,0(x26)	 x26:0x8ffffffc x12:0x00000000 PA:0x8ffffffc store:0x00000000 load:0x00000000
       34515000	      3352	80000f30	6ad1006f	jal	x0,80011ddc	  x0=0x00000000
       34535000	      3354	80011ddc	30002673	csrrs	x12,mstatus,x0	  x0:0x00000000 x12=0x00000000
       34545000	      3355	80011de0	30402673	csrrs	x12,mie,x0	  x0:0x00000000 x12=0x66fb0888
       34555000	      3356	80011de4	34402673	csrrs	x12,mip,x0	  x0:0x00000000 x12=0x00000000
       34565000	      3357	80011de8	34463673	csrrc	x12,mip,x12	 x12:0x00000000 x12=0x00000000
       34595000	      3360	80011dec	90000d37	lui	x26,0x90000	 x26=0x90000000
       34605000	      3361	80011df0	1d71	c.addi	x26,-4	 x26:0x90000000 x26=0x8ffffffc
       34615000	      3362	80011df2	461d	c.li	x12,7	 x12=0x00000007
       34625000	      3363	80011df4	0622	c.slli	x12,0x8	 x12:0x00000007 x12=0x00000700
       34635000	      3364	80011df6	00060613	addi	x12,x12,0	 x12:0x00000700 x12=0x00000700
       34645000	      3365	80011dfa	00cd2023	sw	x12,0(x26)	 x26:0x8ffffffc x12:0x00000700 PA:0x8ffffffc store:0x00000700 load:0x00000000
       34655000	      3366	80011dfe	000f04b3	add	x9,x30,x0	 x30:0x8002bc60  x0:0x00000000  x9=0x8002bc60
       34665000	      3367	80011e02	0044a083	lw	x1,4(x9)	  x9:0x8002bc60  x1=0x00000000 PA:0x8002bc64 load:0x00000000
       34675000	      3368	80011e06	0084a103	lw	x2,8(x9)	  x9:0x8002bc60  x2=0x8001240b PA:0x8002bc68 load:0x8001240b
       34685000	      3369	80011e0a	00c4a183	lw	x3,12(x9)	  x9:0x8002bc60  x3=0x00000000 PA:0x8002bc6c load:0x00000000
       34695000	      3370	80011e0e	0104a203	lw	x4,16(x9)	  x9:0x8002bc60  x4=0x00000000 PA:0x8002bc70 load:0x00000000
       34705000	      3371	80011e12	0144a283	lw	x5,20(x9)	  x9:0x8002bc60  x5=0x8001218f PA:0x8002bc74 load:0x8001218f
       34715000	      3372	80011e16	0184a303	lw	x6,24(x9)	  x9:0x8002bc60  x6=0x0000000b PA:0x8002bc78 load:0x0000000b
       34725000	      3373	80011e1a	01c4a383	lw	x7,28(x9)	  x9:0x8002bc60  x7=0x80020711 PA:0x8002bc7c load:0x80020711
       34735000	      3374	80011e1e	5080	c.lw	x8,32(x9)	  x9:0x8002bc60  x8=0xfffffe24 PA:0x8002bc80 load:0xfffffe24
       34745000	      3375	80011e20	50c4	c.lw	x9,36(x9)	  x9:0x8002bc60  x9=0x8002bc60 PA:0x8002bc84 load:0x8002bc60
       34765000	      3377	80011e22	5488	c.lw	x10,40(x9)	  x9:0x8002bc60 x10=0x00000000 PA:0x8002bc88 load:0x00000000
       34775000	      3378	80011e24	54cc	c.lw	x11,44(x9)	  x9:0x8002bc60 x11=0x894eacb4 PA:0x8002bc8c load:0x894eacb4
       34785000	      3379	80011e26	5890	c.lw	x12,48(x9)	  x9:0x8002bc60 x12=0x7c18e000 PA:0x8002bc90 load:0x7c18e000
       34795000	      3380	80011e28	58d4	c.lw	x13,52(x9)	  x9:0x8002bc60 x13=0x00000000 PA:0x8002bc94 load:0x00000000
       34805000	      3381	80011e2a	5c98	c.lw	x14,56(x9)	  x9:0x8002bc60 x14=0xfa62c000 PA:0x8002bc98 load:0xfa62c000
       34815000	      3382	80011e2c	5cdc	c.lw	x15,60(x9)	  x9:0x8002bc60 x15=0x00000000 PA:0x8002bc9c load:0x00000000
       34825000	      3383	80011e2e	0404a803	lw	x16,64(x9)	  x9:0x8002bc60 x16=0x00000000 PA:0x8002bca0 load:0x00000000
       34835000	      3384	80011e32	0444a883	lw	x17,68(x9)	  x9:0x8002bc60 x17=0x00000000 PA:0x8002bca4 load:0x00000000
       34845000	      3385	80011e36	0484a903	lw	x18,72(x9)	  x9:0x8002bc60 x18=0x00000000 PA:0x8002bca8 load:0x00000000
       34855000	      3386	80011e3a	04c4a983	lw	x19,76(x9)	  x9:0x8002bc60 x19=0x00000000 PA:0x8002bcac load:0x00000000
       34865000	      3387	80011e3e	0504aa03	lw	x20,80(x9)	  x9:0x8002bc60 x20=0x00000000 PA:0x8002bcb0 load:0x00000000
       34875000	      3388	80011e42	0544aa83	lw	x21,84(x9)	  x9:0x8002bc60 x21=0x00000000 PA:0x8002bcb4 load:0x00000000
       34885000	      3389	80011e46	0584ab03	lw	x22,88(x9)	  x9:0x8002bc60 x22=0x000252cc PA:0x8002bcb8 load:0x000252cc
       34895000	      3390	80011e4a	05c4ab83	lw	x23,92(x9)	  x9:0x8002bc60 x23=0x00000000 PA:0x8002bcbc load:0x00000000
       34905000	      3391	80011e4e	0604ac03	lw	x24,96(x9)	  x9:0x8002bc60 x24=0x00000000 PA:0x8002bcc0 load:0x00000000
       34915000	      3392	80011e52	0644ac83	lw	x25,100(x9)	  x9:0x8002bc60 x25=0x00000000 PA:0x8002bcc4 load:0x00000000
       34925000	      3393	80011e56	0684ad03	lw	x26,104(x9)	  x9:0x8002bc60 x26=0x80000000 PA:0x8002bcc8 load:0x80000000
       34935000	      3394	80011e5a	06c4ad83	lw	x27,108(x9)	  x9:0x8002bc60 x27=0x00000000 PA:0x8002bccc load:0x00000000
       34945000	      3395	80011e5e	0704ae03	lw	x28,112(x9)	  x9:0x8002bc60 x28=0x00000000 PA:0x8002bcd0 load:0x00000000
       34955000	      3396	80011e62	0744ae83	lw	x29,116(x9)	  x9:0x8002bc60 x29=0x00000000 PA:0x8002bcd4 load:0x00000000
       34965000	      3397	80011e66	0784af03	lw	x30,120(x9)	  x9:0x8002bc60 x30=0x8002bce0 PA:0x8002bcd8 load:0x8002bce0
       34975000	      3398	80011e6a	07c4af83	lw	x31,124(x9)	  x9:0x8002bc60 x31=0x00000000 PA:0x8002bcdc load:0x00000000
       34985000	      3399	80011e6e	08048493	addi	x9,x9,128	  x9:0x8002bc60  x9=0x8002bce0
       34995000	      3400	80011e72	00048f33	add	x30,x9,x0	  x9:0x8002bce0  x0:0x00000000 x30=0x8002bce0
       35005000	      3401	80011e76	000f2483	lw	x9,0(x30)	 x30:0x8002bce0  x9=0x80027e64 PA:0x8002bce0 load:0x80027e64
       35015000	      3402	80011e7a	0f11	c.addi	x30,4	 x30:0x8002bce0 x30=0x8002bce4
       35025000	      3403	80011e7c	30200073	mret	
       35055000	      3406	80003fe8	4a95e697	auipc	x13,0x4a95e	 x13=0xca961fe8
       35065000	      3407	80003fec	016b6633	or	x12,x22,x22	 x22:0x000252cc x22:0x000252cc x12=0x000252cc
       35075000	      3408	80003ff0	8d11	c.sub	x10,x12	 x10:0x00000000 x12:0x000252cc x10=0xfffdad34
       35115000	      3412	80003ff2	02c62d33	mulhsu	x26,x12,x12	 x12:0x000252cc x12:0x000252cc x26=0x00000005
       35155000	      3416	80003ff6	03ad16b3	mulh	x13,x26,x26	 x26:0x00000005 x26:0x00000005 x13=0x00000000
       35165000	      3417	80003ffa	6f714683	lbu	x13,1783(x2)	  x2:0x8001240b x13=0x00000000 PA:0x80012b02 load:0x00000000
       35545000	      3455	80003ffe	02a6cc33	div	x24,x13,x10	 x13:0x00000000 x10:0xfffdad34 x24=0x00000000
       35555000	      3456	80004002	8e69	c.and	x12,x10	 x12:0x000252cc x10:0xfffdad34 x12=0x00000004
       35565000	      3457	80004004	8155	c.srli	x10,0x15	 x10:0xfffdad34 x10=0x000007ff
       35575000	      3458	80004006	d2c103a3	sb	x12,-729(x2)	  x2:0x8001240b x12:0x00000004 PA:0x80012132 store:0x00000004 load:0x00000000
       35585000	      3459	8000400a	15810d23	sb	x24,346(x2)	  x2:0x8001240b x24:0x00000000 PA:0x80012565 store:0x00000000 load:0x00000000
       35595000	      3460	8000400e	8e75	c.and	x12,x13	 x12:0x00000004 x13:0x00000000 x12=0x00000000
       35605000	      3461	80004010	55e10c03	lb	x24,1374(x2)	  x2:0x8001240b x24=0x00000000 PA:0x80012969 load:0x00000000
       35615000	      3462	80004014	f1014503	lbu	x10,-240(x2)	  x2:0x8001240b x10=0x00000000 PA:0x8001231b load:0x00000000
       35625000	      3463	80004018	7ba10603	lb	x12,1978(x2)	  x2:0x8001240b x12=0x00000000 PA:0x80012bc5 load:0x00000000
       35635000	      3464	8000401c	0000e117	auipc	x2,0xe	  x2=0x8001201c
       35645000	      3465	80004020	71110113	addi	x2,x2,1809	  x2:0x8001201c  x2=0x8001272d
       35655000	      3466	80004024	00f11503	lh	x10,15(x2)	  x2:0x8001272d x10=0x00000000 PA:0x8001273c load:0x00000000
       35665000	      3467	80004028	fe4109a3	sb	x4,-13(x2)	  x2:0x8001272d  x4:0x00000000 PA:0x80012720 store:0x00000000 load:0x00000000
       35675000	      3468	8000402c	ff314003	lbu	x0,-13(x2)	  x2:0x8001272d  x0=0x00000000 PA:0x80012720 load:0x00000000
       35685000	      3469	80004030	004104a3	sb	x4,9(x2)	  x2:0x8001272d  x4:0x00000000 PA:0x80012736 store:0x00000000 load:0x00000000
       35695000	      3470	80004034	fec10c23	sb	x12,-8(x2)	  x2:0x8001272d x12:0x00000000 PA:0x80012725 store:0x00000000 load:0x00000000
       35705000	      3471	80004038	10500073	wfi	
       36795000	      3580	8000252c	905fe06f	jal	x0,80000e30	  x0=0x00000000
       36815000	      3582	80000e30	1f71	c.addi	x30,-4	 x30:0x8002bce4 x30=0x8002bce0
       36825000	      3583	80000e32	009f2023	sw	x9,0(x30)	 x30:0x8002bce0  x9:0x80027e64 PA:0x8002bce0 store:0x80027e64 load:0x00000000
       36835000	      3584	80000e36	000f04b3	add	x9,x30,x0	 x30:0x8002bce0  x0:0x00000000  x9=0x8002bce0
       36845000	      3585	80000e3a	f8048493	addi	x9,x9,-128	  x9:0x8002bce0  x9=0x8002bc60
       36855000	      3586	80000e3e	0014a223	sw	x1,4(x9)	  x9:0x8002bc60  x1:0x00000000 PA:0x8002bc64 store:0x00000000 load:0x00000000
       36865000	      3587	80000e42	0024a423	sw	x2,8(x9)	  x9:0x8002bc60  x2:0x8001272d PA:0x8002bc68 store:0x8001272d load:0x00000000
       36875000	      3588	80000e46	0034a623	sw	x3,12(x9)	  x9:0x8002bc60  x3:0x00000000 PA:0x8002bc6c store:0x00000000 load:0x00000000
       36885000	      3589	80000e4a	0044a823	sw	x4,16(x9)	  x9:0x8002bc60  x4:0x00000000 PA:0x8002bc70 store:0x00000000 load:0x00000000
       36895000	      3590	80000e4e	0054aa23	sw	x5,20(x9)	  x9:0x8002bc60  x5:0x8001218f PA:0x8002bc74 store:0x8001218f load:0x00000000
       36905000	      3591	80000e52	0064ac23	sw	x6,24(x9)	  x9:0x8002bc60  x6:0x0000000b PA:0x8002bc78 store:0x0000000b load:0x00000000
       36915000	      3592	80000e56	0074ae23	sw	x7,28(x9)	  x9:0x8002bc60  x7:0x80020711 PA:0x8002bc7c store:0x80020711 load:0x00000000
       36925000	      3593	80000e5a	d080	c.sw	x8,32(x9)	  x9:0x8002bc60  x8:0xfffffe24 PA:0x8002bc80 store:0xfffffe24 load:0x00000000
       36935000	      3594	80000e5c	d0c4	c.sw	x9,36(x9)	  x9:0x8002bc60  x9:0x8002bc60 PA:0x8002bc84 store:0x8002bc60 load:0x00000000
       36945000	      3595	80000e5e	d488	c.sw	x10,40(x9)	  x9:0x8002bc60 x10:0x00000000 PA:0x8002bc88 store:0x00000000 load:0x00000000
       36955000	      3596	80000e60	d4cc	c.sw	x11,44(x9)	  x9:0x8002bc60 x11:0x894eacb4 PA:0x8002bc8c store:0x894eacb4 load:0x00000000
       36965000	      3597	80000e62	d890	c.sw	x12,48(x9)	  x9:0x8002bc60 x12:0x00000000 PA:0x8002bc90 store:0x00000000 load:0x00000000
       36975000	      3598	80000e64	d8d4	c.sw	x13,52(x9)	  x9:0x8002bc60 x13:0x00000000 PA:0x8002bc94 store:0x00000000 load:0x00000000
       36985000	      3599	80000e66	dc98	c.sw	x14,56(x9)	  x9:0x8002bc60 x14:0xfa62c000 PA:0x8002bc98 store:0xfa62c000 load:0x00000000
       36995000	      3600	80000e68	dcdc	c.sw	x15,60(x9)	  x9:0x8002bc60 x15:0x00000000 PA:0x8002bc9c store:0x00000000 load:0x00000000
       37005000	      3601	80000e6a	0504a023	sw	x16,64(x9)	  x9:0x8002bc60 x16:0x00000000 PA:0x8002bca0 store:0x00000000 load:0x00000000
       37015000	      3602	80000e6e	0514a223	sw	x17,68(x9)	  x9:0x8002bc60 x17:0x00000000 PA:0x8002bca4 store:0x00000000 load:0x00000000
       37025000	      3603	80000e72	0524a423	sw	x18,72(x9)	  x9:0x8002bc60 x18:0x00000000 PA:0x8002bca8 store:0x00000000 load:0x00000000
       37035000	      3604	80000e76	0534a623	sw	x19,76(x9)	  x9:0x8002bc60 x19:0x00000000 PA:0x8002bcac store:0x00000000 load:0x00000000
       37045000	      3605	80000e7a	0544a823	sw	x20,80(x9)	  x9:0x8002bc60 x20:0x00000000 PA:0x8002bcb0 store:0x00000000 load:0x00000000
       37055000	      3606	80000e7e	0554aa23	sw	x21,84(x9)	  x9:0x8002bc60 x21:0x00000000 PA:0x8002bcb4 store:0x00000000 load:0x00000000
       37065000	      3607	80000e82	0564ac23	sw	x22,88(x9)	  x9:0x8002bc60 x22:0x000252cc PA:0x8002bcb8 store:0x000252cc load:0x00000000
       37075000	      3608	80000e86	0574ae23	sw	x23,92(x9)	  x9:0x8002bc60 x23:0x00000000 PA:0x8002bcbc store:0x00000000 load:0x00000000
       37085000	      3609	80000e8a	0784a023	sw	x24,96(x9)	  x9:0x8002bc60 x24:0x00000000 PA:0x8002bcc0 store:0x00000000 load:0x00000000
       37095000	      3610	80000e8e	0794a223	sw	x25,100(x9)	  x9:0x8002bc60 x25:0x00000000 PA:0x8002bcc4 store:0x00000000 load:0x00000000
       37105000	      3611	80000e92	07a4a423	sw	x26,104(x9)	  x9:0x8002bc60 x26:0x00000005 PA:0x8002bcc8 store:0x00000005 load:0x00000000
       37115000	      3612	80000e96	07b4a623	sw	x27,108(x9)	  x9:0x8002bc60 x27:0x00000000 PA:0x8002bccc store:0x00000000 load:0x00000000
       37125000	      3613	80000e9a	07c4a823	sw	x28,112(x9)	  x9:0x8002bc60 x28:0x00000000 PA:0x8002bcd0 store:0x00000000 load:0x00000000
       37135000	      3614	80000e9e	07d4aa23	sw	x29,116(x9)	  x9:0x8002bc60 x29:0x00000000 PA:0x8002bcd4 store:0x00000000 load:0x00000000
       37145000	      3615	80000ea2	07e4ac23	sw	x30,120(x9)	  x9:0x8002bc60 x30:0x8002bce0 PA:0x8002bcd8 store:0x8002bce0 load:0x00000000
       37155000	      3616	80000ea6	07f4ae23	sw	x31,124(x9)	  x9:0x8002bc60 x31:0x00000000 PA:0x8002bcdc store:0x00000000 load:0x00000000
       37165000	      3617	80000eaa	00048f33	add	x30,x9,x0	  x9:0x8002bc60  x0:0x00000000 x30=0x8002bc60
       37175000	      3618	80000eae	90000d37	lui	x26,0x90000	 x26=0x90000000
       37185000	      3619	80000eb2	1d71	c.addi	x26,-4	 x26:0x90000000 x26=0x8ffffffc
       37195000	      3620	80000eb4	4619	c.li	x12,6	 x12=0x00000006
       37205000	      3621	80000eb6	0622	c.slli	x12,0x8	 x12:0x00000006 x12=0x00000600
       37215000	      3622	80000eb8	00060613	addi	x12,x12,0	 x12:0x00000600 x12=0x00000600
       37225000	      3623	80000ebc	00cd2023	sw	x12,0(x26)	 x26:0x8ffffffc x12:0x00000600 PA:0x8ffffffc store:0x00000600 load:0x00000000
       37235000	      3624	80000ec0	34202673	csrrs	x12,mcause,x0	  x0:0x00000000 x12=0x8000000b
       37245000	      3625	80000ec4	827d	c.srli	x12,0x1f	 x12:0x8000000b x12=0x00000001
       37255000	      3626	80000ec6	c63d	c.beqz	x12,80000f34	 x12:0x00000001
       37265000	      3627	80000ec8	90000d37	lui	x26,0x90000	 x26=0x90000000
       37275000	      3628	80000ecc	1d71	c.addi	x26,-4	 x26:0x90000000 x26=0x8ffffffc
       37285000	      3629	80000ece	30000613	addi	x12,x0,768	  x0:0x00000000 x12=0x00000300
       37295000	      3630	80000ed2	0622	c.slli	x12,0x8	 x12:0x00000300 x12=0x00030000
       37305000	      3631	80000ed4	060d	c.addi	x12,3	 x12:0x00030000 x12=0x00030003
       37315000	      3632	80000ed6	00cd2023	sw	x12,0(x26)	 x26:0x8ffffffc x12:0x00030003 PA:0x8ffffffc store:0x00030003 load:0x00000000
       37325000	      3633	80000eda	30002673	csrrs	x12,mstatus,x0	  x0:0x00000000 x12=0x00000000
       37335000	      3634	80000ede	00cd2023	sw	x12,0(x26)	 x26:0x8ffffffc x12:0x00000000 PA:0x8ffffffc store:0x00000000 load:0x00000000
       37345000	      3635	80000ee2	90000d37	lui	x26,0x90000	 x26=0x90000000
       37355000	      3636	80000ee6	1d71	c.addi	x26,-4	 x26:0x90000000 x26=0x8ffffffc
       37365000	      3637	80000ee8	34200613	addi	x12,x0,834	  x0:0x00000000 x12=0x00000342
       37375000	      3638	80000eec	0622	c.slli	x12,0x8	 x12:0x00000342 x12=0x00034200
       37385000	      3639	80000eee	060d	c.addi	x12,3	 x12:0x00034200 x12=0x00034203
       37395000	      3640	80000ef0	00cd2023	sw	x12,0(x26)	 x26:0x8ffffffc x12:0x00034203 PA:0x8ffffffc store:0x00034203 load:0x00000000
       37405000	      3641	80000ef4	34202673	csrrs	x12,mcause,x0	  x0:0x00000000 x12=0x8000000b
       37415000	      3642	80000ef8	00cd2023	sw	x12,0(x26)	 x26:0x8ffffffc x12:0x8000000b PA:0x8ffffffc store:0x8000000b load:0x00000000
       37425000	      3643	80000efc	90000d37	lui	x26,0x90000	 x26=0x90000000
       37435000	      3644	80000f00	1d71	c.addi	x26,-4	 x26:0x90000000 x26=0x8ffffffc
       37445000	      3645	80000f02	30400613	addi	x12,x0,772	  x0:0x00000000 x12=0x00000304
       37455000	      3646	80000f06	0622	c.slli	x12,0x8	 x12:0x00000304 x12=0x00030400
       37465000	      3647	80000f08	060d	c.addi	x12,3	 x12:0x00030400 x12=0x00030403
       37475000	      3648	80000f0a	00cd2023	sw	x12,0(x26)	 x26:0x8ffffffc x12:0x00030403 PA:0x8ffffffc store:0x00030403 load:0x00000000
       37485000	      3649	80000f0e	30402673	csrrs	x12,mie,x0	  x0:0x00000000 x12=0x66fb0888
       37495000	      3650	80000f12	00cd2023	sw	x12,0(x26)	 x26:0x8ffffffc x12:0x66fb0888 PA:0x8ffffffc store:0x66fb0888 load:0x00000000
       37505000	      3651	80000f16	90000d37	lui	x26,0x90000	 x26=0x90000000
       37515000	      3652	80000f1a	1d71	c.addi	x26,-4	 x26:0x90000000 x26=0x8ffffffc
       37525000	      3653	80000f1c	34400613	addi	x12,x0,836	  x0:0x00000000 x12=0x00000344
       37535000	      3654	80000f20	0622	c.slli	x12,0x8	 x12:0x00000344 x12=0x00034400
       37545000	      3655	80000f22	060d	c.addi	x12,3	 x12:0x00034400 x12=0x00034403
       37555000	      3656	80000f24	00cd2023	sw	x12,0(x26)	 x26:0x8ffffffc x12:0x00034403 PA:0x8ffffffc store:0x00034403 load:0x00000000
       37565000	      3657	80000f28	34402673	csrrs	x12,mip,x0	  x0:0x00000000 x12=0x00000000
       37575000	      3658	80000f2c	00cd2023	sw	x12,0(x26)	 x26:0x8ffffffc x12:0x00000000 PA:0x8ffffffc store:0x00000000 load:0x00000000
       37585000	      3659	80000f30	6ad1006f	jal	x0,80011ddc	  x0=0x00000000
       37605000	      3661	80011ddc	30002673	csrrs	x12,mstatus,x0	  x0:0x00000000 x12=0x00000000
       37615000	      3662	80011de0	30402673	csrrs	x12,mie,x0	  x0:0x00000000 x12=0x66fb0888
       37625000	      3663	80011de4	34402673	csrrs	x12,mip,x0	  x0:0x00000000 x12=0x00000000
       37635000	      3664	80011de8	34463673	csrrc	x12,mip,x12	 x12:0x00000000 x12=0x00000000
       37665000	      3667	80011dec	90000d37	lui	x26,0x90000	 x26=0x90000000
       37675000	      3668	80011df0	1d71	c.addi	x26,-4	 x26:0x90000000 x26=0x8ffffffc
       37685000	      3669	80011df2	461d	c.li	x12,7	 x12=0x00000007
       37695000	      3670	80011df4	0622	c.slli	x12,0x8	 x12:0x00000007 x12=0x00000700
       37705000	      3671	80011df6	00060613	addi	x12,x12,0	 x12:0x00000700 x12=0x00000700
       37715000	      3672	80011dfa	00cd2023	sw	x12,0(x26)	 x26:0x8ffffffc x12:0x00000700 PA:0x8ffffffc store:0x00000700 load:0x00000000
       37725000	      3673	80011dfe	000f04b3	add	x9,x30,x0	 x30:0x8002bc60  x0:0x00000000  x9=0x8002bc60
       37735000	      3674	80011e02	0044a083	lw	x1,4(x9)	  x9:0x8002bc60  x1=0x00000000 PA:0x8002bc64 load:0x00000000
       37745000	      3675	80011e06	0084a103	lw	x2,8(x9)	  x9:0x8002bc60  x2=0x8001272d PA:0x8002bc68 load:0x8001272d
       37755000	      3676	80011e0a	00c4a183	lw	x3,12(x9)	  x9:0x8002bc60  x3=0x00000000 PA:0x8002bc6c load:0x00000000
       37765000	      3677	80011e0e	0104a203	lw	x4,16(x9)	  x9:0x8002bc60  x4=0x00000000 PA:0x8002bc70 load:0x00000000
       37775000	      3678	80011e12	0144a283	lw	x5,20(x9)	  x9:0x8002bc60  x5=0x8001218f PA:0x8002bc74 load:0x8001218f
       37785000	      3679	80011e16	0184a303	lw	x6,24(x9)	  x9:0x8002bc60  x6=0x0000000b PA:0x8002bc78 load:0x0000000b
       37795000	      3680	80011e1a	01c4a383	lw	x7,28(x9)	  x9:0x8002bc60  x7=0x80020711 PA:0x8002bc7c load:0x80020711
       37805000	      3681	80011e1e	5080	c.lw	x8,32(x9)	  x9:0x8002bc60  x8=0xfffffe24 PA:0x8002bc80 load:0xfffffe24
       37815000	      3682	80011e20	50c4	c.lw	x9,36(x9)	  x9:0x8002bc60  x9=0x8002bc60 PA:0x8002bc84 load:0x8002bc60
       37835000	      3684	80011e22	5488	c.lw	x10,40(x9)	  x9:0x8002bc60 x10=0x00000000 PA:0x8002bc88 load:0x00000000
       37845000	      3685	80011e24	54cc	c.lw	x11,44(x9)	  x9:0x8002bc60 x11=0x894eacb4 PA:0x8002bc8c load:0x894eacb4
       37855000	      3686	80011e26	5890	c.lw	x12,48(x9)	  x9:0x8002bc60 x12=0x00000000 PA:0x8002bc90 load:0x00000000
       37865000	      3687	80011e28	58d4	c.lw	x13,52(x9)	  x9:0x8002bc60 x13=0x00000000 PA:0x8002bc94 load:0x00000000
       37875000	      3688	80011e2a	5c98	c.lw	x14,56(x9)	  x9:0x8002bc60 x14=0xfa62c000 PA:0x8002bc98 load:0xfa62c000
       37885000	      3689	80011e2c	5cdc	c.lw	x15,60(x9)	  x9:0x8002bc60 x15=0x00000000 PA:0x8002bc9c load:0x00000000
       37895000	      3690	80011e2e	0404a803	lw	x16,64(x9)	  x9:0x8002bc60 x16=0x00000000 PA:0x8002bca0 load:0x00000000
       37905000	      3691	80011e32	0444a883	lw	x17,68(x9)	  x9:0x8002bc60 x17=0x00000000 PA:0x8002bca4 load:0x00000000
       37915000	      3692	80011e36	0484a903	lw	x18,72(x9)	  x9:0x8002bc60 x18=0x00000000 PA:0x8002bca8 load:0x00000000
       37925000	      3693	80011e3a	04c4a983	lw	x19,76(x9)	  x9:0x8002bc60 x19=0x00000000 PA:0x8002bcac load:0x00000000
       37935000	      3694	80011e3e	0504aa03	lw	x20,80(x9)	  x9:0x8002bc60 x20=0x00000000 PA:0x8002bcb0 load:0x00000000
       37945000	      3695	80011e42	0544aa83	lw	x21,84(x9)	  x9:0x8002bc60 x21=0x00000000 PA:0x8002bcb4 load:0x00000000
       37955000	      3696	80011e46	0584ab03	lw	x22,88(x9)	  x9:0x8002bc60 x22=0x000252cc PA:0x8002bcb8 load:0x000252cc
       37965000	      3697	80011e4a	05c4ab83	lw	x23,92(x9)	  x9:0x8002bc60 x23=0x00000000 PA:0x8002bcbc load:0x00000000
       37975000	      3698	80011e4e	0604ac03	lw	x24,96(x9)	  x9:0x8002bc60 x24=0x00000000 PA:0x8002bcc0 load:0x00000000
       37985000	      3699	80011e52	0644ac83	lw	x25,100(x9)	  x9:0x8002bc60 x25=0x00000000 PA:0x8002bcc4 load:0x00000000
       37995000	      3700	80011e56	0684ad03	lw	x26,104(x9)	  x9:0x8002bc60 x26=0x00000005 PA:0x8002bcc8 load:0x00000005
       38005000	      3701	80011e5a	06c4ad83	lw	x27,108(x9)	  x9:0x8002bc60 x27=0x00000000 PA:0x8002bccc load:0x00000000
       38015000	      3702	80011e5e	0704ae03	lw	x28,112(x9)	  x9:0x8002bc60 x28=0x00000000 PA:0x8002bcd0 load:0x00000000
       38025000	      3703	80011e62	0744ae83	lw	x29,116(x9)	  x9:0x8002bc60 x29=0x00000000 PA:0x8002bcd4 load:0x00000000
       38035000	      3704	80011e66	0784af03	lw	x30,120(x9)	  x9:0x8002bc60 x30=0x8002bce0 PA:0x8002bcd8 load:0x8002bce0
       38045000	      3705	80011e6a	07c4af83	lw	x31,124(x9)	  x9:0x8002bc60 x31=0x00000000 PA:0x8002bcdc load:0x00000000
       38055000	      3706	80011e6e	08048493	addi	x9,x9,128	  x9:0x8002bc60  x9=0x8002bce0
       38065000	      3707	80011e72	00048f33	add	x30,x9,x0	  x9:0x8002bce0  x0:0x00000000 x30=0x8002bce0
       38075000	      3708	80011e76	000f2483	lw	x9,0(x30)	 x30:0x8002bce0  x9=0x80027e64 PA:0x8002bce0 load:0x80027e64
       38085000	      3709	80011e7a	0f11	c.addi	x30,4	 x30:0x8002bce0 x30=0x8002bce4
       38095000	      3710	80011e7c	30200073	mret	
       38125000	      3713	8000403c	00a100a3	sb	x10,1(x2)	  x2:0x8001272d x10:0x00000000 PA:0x8001272e store:0x00000000 load:0x00000000
       38135000	      3714	80004040	41bb1037	lui	x0,0x41bb1	  x0=0x00000000
       38145000	      3715	80004044	077a	c.slli	x14,0x1e	 x14:0xfa62c000 x14=0x00000000
       38155000	      3716	80004046	51152013	slti	x0,x10,1297	 x10:0x00000000  x0=0x00000000
       38165000	      3717	8000404a	00314403	lbu	x8,3(x2)	  x2:0x8001272d  x8=0x00000000 PA:0x80012730 load:0x00000000
       38205000	      3721	8000404e	02a22233	mulhsu	x4,x4,x10	  x4:0x00000000 x10:0x00000000  x4=0x00000000
       38215000	      3722	80004052	004103a3	sb	x4,7(x2)	  x2:0x8001272d  x4:0x00000000 PA:0x80012734 store:0x00000000 load:0x00000000
       38225000	      3723	80004056	00e10003	lb	x0,14(x2)	  x2:0x8001272d  x0=0x00000000 PA:0x8001273b load:0x00000000
       38235000	      3724	8000405a	05a60013	addi	x0,x12,90	 x12:0x00000000  x0=0x00000000
       38245000	      3725	8000405e	050e	c.slli	x10,0x3	 x10:0x00000000 x10=0x00000000
       38255000	      3726	80004060	997d	c.andi	x10,-1	 x10:0x00000000 x10=0x00000000
       38265000	      3727	80004062	8d31	c.xor	x10,x12	 x10:0x00000000 x12:0x00000000 x10=0x00000000
       38275000	      3728	80004064	8ea40713	addi	x14,x8,-1814	  x8:0x00000000 x14=0xfffff8ea
       38285000	      3729	80004068	fea11ca3	sh	x10,-7(x2)	  x2:0x8001272d x10:0x00000000 PA:0x80012726 store:0x00000000 load:0x00000000
       38325000	      3733	8000406c	02843233	mulhu	x4,x8,x8	  x8:0x00000000  x8:0x00000000  x4=0x00000000
       38335000	      3734	80004070	fe811aa3	sh	x8,-11(x2)	  x2:0x8001272d  x8:0x00000000 PA:0x80012722 store:0x00000000 load:0x00000000
       38345000	      3735	80004074	00712403	lw	x8,7(x2)	  x2:0x8001272d  x8=0x00000000 PA:0x80012734 load:0x00000000
       38355000	      3736	80004078	ffe14203	lbu	x4,-2(x2)	  x2:0x8001272d  x4=0x00000000 PA:0x8001272b load:0x00000000
       38365000	      3737	8000407c	ff511703	lh	x14,-11(x2)	  x2:0x8001272d x14=0x00000000 PA:0x80012722 load:0x00000000
       38375000	      3738	80004080	fe410923	sb	x4,-14(x2)	  x2:0x8001272d  x4:0x00000000 PA:0x8001271f store:0x00000000 load:0x00000000
       38385000	      3739	80004084	662d	c.lui	x12,0xb	 x12=0x0000b000
       38395000	      3740	80004086	070e	c.slli	x14,0x3	 x14:0x00000000 x14=0x00000000
       38405000	      3741	80004088	89d76413	ori	x8,x14,-1891	 x14:0x00000000  x8=0xfffff89d
       38415000	      3742	8000408c	00a63033	sltu	x0,x12,x10	 x12:0x0000b000 x10:0x00000000  x0=0x00000000
       38425000	      3743	80004090	fe010f23	sb	x0,-2(x2)	  x2:0x8001272d  x0:0x00000000 PA:0x8001272b store:0x00000000 load:0x00000000
       38435000	      3744	80004094	cbf24513	xori	x10,x4,-833	  x4:0x00000000 x10=0xfffffcbf
       38445000	      3745	80004098	8769	c.srai	x14,0x1a	 x14:0x00000000 x14=0x00000000
       38455000	      3746	8000409a	ff514403	lbu	x8,-11(x2)	  x2:0x8001272d  x8=0x00000000 PA:0x80012722 load:0x00000000
       38465000	      3747	8000409e	29f53213	sltiu	x4,x10,671	 x10:0xfffffcbf  x4=0x00000000
       38475000	      3748	800040a2	66f24513	xori	x10,x4,1647	  x4:0x00000000 x10=0x0000066f
       38485000	      3749	800040a6	10500073	wfi	
       39865000	      3887	8000252c	905fe06f	jal	x0,80000e30	  x0=0x00000000
       39885000	      3889	80000e30	1f71	c.addi	x30,-4	 x30:0x8002bce4 x30=0x8002bce0
       39895000	      3890	80000e32	009f2023	sw	x9,0(x30)	 x30:0x8002bce0  x9:0x80027e64 PA:0x8002bce0 store:0x80027e64 load:0x00000000
       39905000	      3891	80000e36	000f04b3	add	x9,x30,x0	 x30:0x8002bce0  x0:0x00000000  x9=0x8002bce0
       39915000	      3892	80000e3a	f8048493	addi	x9,x9,-128	  x9:0x8002bce0  x9=0x8002bc60
       39925000	      3893	80000e3e	0014a223	sw	x1,4(x9)	  x9:0x8002bc60  x1:0x00000000 PA:0x8002bc64 store:0x00000000 load:0x00000000
       39935000	      3894	80000e42	0024a423	sw	x2,8(x9)	  x9:0x8002bc60  x2:0x8001272d PA:0x8002bc68 store:0x8001272d load:0x00000000
       39945000	      3895	80000e46	0034a623	sw	x3,12(x9)	  x9:0x8002bc60  x3:0x00000000 PA:0x8002bc6c store:0x00000000 load:0x00000000
       39955000	      3896	80000e4a	0044a823	sw	x4,16(x9)	  x9:0x8002bc60  x4:0x00000000 PA:0x8002bc70 store:0x00000000 load:0x00000000
       39965000	      3897	80000e4e	0054aa23	sw	x5,20(x9)	  x9:0x8002bc60  x5:0x8001218f PA:0x8002bc74 store:0x8001218f load:0x00000000
       39975000	      3898	80000e52	0064ac23	sw	x6,24(x9)	  x9:0x8002bc60  x6:0x0000000b PA:0x8002bc78 store:0x0000000b load:0x00000000
       39985000	      3899	80000e56	0074ae23	sw	x7,28(x9)	  x9:0x8002bc60  x7:0x80020711 PA:0x8002bc7c store:0x80020711 load:0x00000000
       39995000	      3900	80000e5a	d080	c.sw	x8,32(x9)	  x9:0x8002bc60  x8:0x00000000 PA:0x8002bc80 store:0x00000000 load:0x00000000
       40005000	      3901	80000e5c	d0c4	c.sw	x9,36(x9)	  x9:0x8002bc60  x9:0x8002bc60 PA:0x8002bc84 store:0x8002bc60 load:0x00000000
       40015000	      3902	80000e5e	d488	c.sw	x10,40(x9)	  x9:0x8002bc60 x10:0x0000066f PA:0x8002bc88 store:0x0000066f load:0x00000000
       40025000	      3903	80000e60	d4cc	c.sw	x11,44(x9)	  x9:0x8002bc60 x11:0x894eacb4 PA:0x8002bc8c store:0x894eacb4 load:0x00000000
       40035000	      3904	80000e62	d890	c.sw	x12,48(x9)	  x9:0x8002bc60 x12:0x0000b000 PA:0x8002bc90 store:0x0000b000 load:0x00000000
       40045000	      3905	80000e64	d8d4	c.sw	x13,52(x9)	  x9:0x8002bc60 x13:0x00000000 PA:0x8002bc94 store:0x00000000 load:0x00000000
       40055000	      3906	80000e66	dc98	c.sw	x14,56(x9)	  x9:0x8002bc60 x14:0x00000000 PA:0x8002bc98 store:0x00000000 load:0x00000000
       40065000	      3907	80000e68	dcdc	c.sw	x15,60(x9)	  x9:0x8002bc60 x15:0x00000000 PA:0x8002bc9c store:0x00000000 load:0x00000000
       40075000	      3908	80000e6a	0504a023	sw	x16,64(x9)	  x9:0x8002bc60 x16:0x00000000 PA:0x8002bca0 store:0x00000000 load:0x00000000
       40085000	      3909	80000e6e	0514a223	sw	x17,68(x9)	  x9:0x8002bc60 x17:0x00000000 PA:0x8002bca4 store:0x00000000 load:0x00000000
       40095000	      3910	80000e72	0524a423	sw	x18,72(x9)	  x9:0x8002bc60 x18:0x00000000 PA:0x8002bca8 store:0x00000000 load:0x00000000
       40105000	      3911	80000e76	0534a623	sw	x19,76(x9)	  x9:0x8002bc60 x19:0x00000000 PA:0x8002bcac store:0x00000000 load:0x00000000
       40115000	      3912	80000e7a	0544a823	sw	x20,80(x9)	  x9:0x8002bc60 x20:0x00000000 PA:0x8002bcb0 store:0x00000000 load:0x00000000
       40125000	      3913	80000e7e	0554aa23	sw	x21,84(x9)	  x9:0x8002bc60 x21:0x00000000 PA:0x8002bcb4 store:0x00000000 load:0x00000000
       40135000	      3914	80000e82	0564ac23	sw	x22,88(x9)	  x9:0x8002bc60 x22:0x000252cc PA:0x8002bcb8 store:0x000252cc load:0x00000000
       40145000	      3915	80000e86	0574ae23	sw	x23,92(x9)	  x9:0x8002bc60 x23:0x00000000 PA:0x8002bcbc store:0x00000000 load:0x00000000
       40155000	      3916	80000e8a	0784a023	sw	x24,96(x9)	  x9:0x8002bc60 x24:0x00000000 PA:0x8002bcc0 store:0x00000000 load:0x00000000
       40165000	      3917	80000e8e	0794a223	sw	x25,100(x9)	  x9:0x8002bc60 x25:0x00000000 PA:0x8002bcc4 store:0x00000000 load:0x00000000
       40175000	      3918	80000e92	07a4a423	sw	x26,104(x9)	  x9:0x8002bc60 x26:0x00000005 PA:0x8002bcc8 store:0x00000005 load:0x00000000
       40185000	      3919	80000e96	07b4a623	sw	x27,108(x9)	  x9:0x8002bc60 x27:0x00000000 PA:0x8002bccc store:0x00000000 load:0x00000000
       40195000	      3920	80000e9a	07c4a823	sw	x28,112(x9)	  x9:0x8002bc60 x28:0x00000000 PA:0x8002bcd0 store:0x00000000 load:0x00000000
       40205000	      3921	80000e9e	07d4aa23	sw	x29,116(x9)	  x9:0x8002bc60 x29:0x00000000 PA:0x8002bcd4 store:0x00000000 load:0x00000000
       40215000	      3922	80000ea2	07e4ac23	sw	x30,120(x9)	  x9:0x8002bc60 x30:0x8002bce0 PA:0x8002bcd8 store:0x8002bce0 load:0x00000000
       40225000	      3923	80000ea6	07f4ae23	sw	x31,124(x9)	  x9:0x8002bc60 x31:0x00000000 PA:0x8002bcdc store:0x00000000 load:0x00000000
       40235000	      3924	80000eaa	00048f33	add	x30,x9,x0	  x9:0x8002bc60  x0:0x00000000 x30=0x8002bc60
       40245000	      3925	80000eae	90000d37	lui	x26,0x90000	 x26=0x90000000
       40255000	      3926	80000eb2	1d71	c.addi	x26,-4	 x26:0x90000000 x26=0x8ffffffc
       40265000	      3927	80000eb4	4619	c.li	x12,6	 x12=0x00000006
       40275000	      3928	80000eb6	0622	c.slli	x12,0x8	 x12:0x00000006 x12=0x00000600
       40285000	      3929	80000eb8	00060613	addi	x12,x12,0	 x12:0x00000600 x12=0x00000600
       40295000	      3930	80000ebc	00cd2023	sw	x12,0(x26)	 x26:0x8ffffffc x12:0x00000600 PA:0x8ffffffc store:0x00000600 load:0x00000000
       40305000	      3931	80000ec0	34202673	csrrs	x12,mcause,x0	  x0:0x00000000 x12=0x8000000b
       40315000	      3932	80000ec4	827d	c.srli	x12,0x1f	 x12:0x8000000b x12=0x00000001
       40325000	      3933	80000ec6	c63d	c.beqz	x12,80000f34	 x12:0x00000001
       40335000	      3934	80000ec8	90000d37	lui	x26,0x90000	 x26=0x90000000
       40345000	      3935	80000ecc	1d71	c.addi	x26,-4	 x26:0x90000000 x26=0x8ffffffc
       40355000	      3936	80000ece	30000613	addi	x12,x0,768	  x0:0x00000000 x12=0x00000300
       40365000	      3937	80000ed2	0622	c.slli	x12,0x8	 x12:0x00000300 x12=0x00030000
       40375000	      3938	80000ed4	060d	c.addi	x12,3	 x12:0x00030000 x12=0x00030003
       40385000	      3939	80000ed6	00cd2023	sw	x12,0(x26)	 x26:0x8ffffffc x12:0x00030003 PA:0x8ffffffc store:0x00030003 load:0x00000000
       40395000	      3940	80000eda	30002673	csrrs	x12,mstatus,x0	  x0:0x00000000 x12=0x00000000
       40405000	      3941	80000ede	00cd2023	sw	x12,0(x26)	 x26:0x8ffffffc x12:0x00000000 PA:0x8ffffffc store:0x00000000 load:0x00000000
       40415000	      3942	80000ee2	90000d37	lui	x26,0x90000	 x26=0x90000000
       40425000	      3943	80000ee6	1d71	c.addi	x26,-4	 x26:0x90000000 x26=0x8ffffffc
       40435000	      3944	80000ee8	34200613	addi	x12,x0,834	  x0:0x00000000 x12=0x00000342
       40445000	      3945	80000eec	0622	c.slli	x12,0x8	 x12:0x00000342 x12=0x00034200
       40455000	      3946	80000eee	060d	c.addi	x12,3	 x12:0x00034200 x12=0x00034203
       40465000	      3947	80000ef0	00cd2023	sw	x12,0(x26)	 x26:0x8ffffffc x12:0x00034203 PA:0x8ffffffc store:0x00034203 load:0x00000000
       40475000	      3948	80000ef4	34202673	csrrs	x12,mcause,x0	  x0:0x00000000 x12=0x8000000b
       40485000	      3949	80000ef8	00cd2023	sw	x12,0(x26)	 x26:0x8ffffffc x12:0x8000000b PA:0x8ffffffc store:0x8000000b load:0x00000000
       40495000	      3950	80000efc	90000d37	lui	x26,0x90000	 x26=0x90000000
       40505000	      3951	80000f00	1d71	c.addi	x26,-4	 x26:0x90000000 x26=0x8ffffffc
       40515000	      3952	80000f02	30400613	addi	x12,x0,772	  x0:0x00000000 x12=0x00000304
       40525000	      3953	80000f06	0622	c.slli	x12,0x8	 x12:0x00000304 x12=0x00030400
       40535000	      3954	80000f08	060d	c.addi	x12,3	 x12:0x00030400 x12=0x00030403
       40545000	      3955	80000f0a	00cd2023	sw	x12,0(x26)	 x26:0x8ffffffc x12:0x00030403 PA:0x8ffffffc store:0x00030403 load:0x00000000
       40555000	      3956	80000f0e	30402673	csrrs	x12,mie,x0	  x0:0x00000000 x12=0x66fb0888
       40565000	      3957	80000f12	00cd2023	sw	x12,0(x26)	 x26:0x8ffffffc x12:0x66fb0888 PA:0x8ffffffc store:0x66fb0888 load:0x00000000
       40575000	      3958	80000f16	90000d37	lui	x26,0x90000	 x26=0x90000000
       40585000	      3959	80000f1a	1d71	c.addi	x26,-4	 x26:0x90000000 x26=0x8ffffffc
       40595000	      3960	80000f1c	34400613	addi	x12,x0,836	  x0:0x00000000 x12=0x00000344
       40605000	      3961	80000f20	0622	c.slli	x12,0x8	 x12:0x00000344 x12=0x00034400
       40615000	      3962	80000f22	060d	c.addi	x12,3	 x12:0x00034400 x12=0x00034403
       40625000	      3963	80000f24	00cd2023	sw	x12,0(x26)	 x26:0x8ffffffc x12:0x00034403 PA:0x8ffffffc store:0x00034403 load:0x00000000
       40635000	      3964	80000f28	34402673	csrrs	x12,mip,x0	  x0:0x00000000 x12=0x00000000
       40645000	      3965	80000f2c	00cd2023	sw	x12,0(x26)	 x26:0x8ffffffc x12:0x00000000 PA:0x8ffffffc store:0x00000000 load:0x00000000
       40655000	      3966	80000f30	6ad1006f	jal	x0,80011ddc	  x0=0x00000000
       40675000	      3968	80011ddc	30002673	csrrs	x12,mstatus,x0	  x0:0x00000000 x12=0x00000000
       40685000	      3969	80011de0	30402673	csrrs	x12,mie,x0	  x0:0x00000000 x12=0x66fb0888
       40695000	      3970	80011de4	34402673	csrrs	x12,mip,x0	  x0:0x00000000 x12=0x00000000
       40705000	      3971	80011de8	34463673	csrrc	x12,mip,x12	 x12:0x00000000 x12=0x00000000
       40735000	      3974	80011dec	90000d37	lui	x26,0x90000	 x26=0x90000000
       40745000	      3975	80011df0	1d71	c.addi	x26,-4	 x26:0x90000000 x26=0x8ffffffc
       40755000	      3976	80011df2	461d	c.li	x12,7	 x12=0x00000007
       40765000	      3977	80011df4	0622	c.slli	x12,0x8	 x12:0x00000007 x12=0x00000700
       40775000	      3978	80011df6	00060613	addi	x12,x12,0	 x12:0x00000700 x12=0x00000700
       40785000	      3979	80011dfa	00cd2023	sw	x12,0(x26)	 x26:0x8ffffffc x12:0x00000700 PA:0x8ffffffc store:0x00000700 load:0x00000000
       40795000	      3980	80011dfe	000f04b3	add	x9,x30,x0	 x30:0x8002bc60  x0:0x00000000  x9=0x8002bc60
       40805000	      3981	80011e02	0044a083	lw	x1,4(x9)	  x9:0x8002bc60  x1=0x00000000 PA:0x8002bc64 load:0x00000000
       40815000	      3982	80011e06	0084a103	lw	x2,8(x9)	  x9:0x8002bc60  x2=0x8001272d PA:0x8002bc68 load:0x8001272d
       40825000	      3983	80011e0a	00c4a183	lw	x3,12(x9)	  x9:0x8002bc60  x3=0x00000000 PA:0x8002bc6c load:0x00000000
       40835000	      3984	80011e0e	0104a203	lw	x4,16(x9)	  x9:0x8002bc60  x4=0x00000000 PA:0x8002bc70 load:0x00000000
       40845000	      3985	80011e12	0144a283	lw	x5,20(x9)	  x9:0x8002bc60  x5=0x8001218f PA:0x8002bc74 load:0x8001218f
       40855000	      3986	80011e16	0184a303	lw	x6,24(x9)	  x9:0x8002bc60  x6=0x0000000b PA:0x8002bc78 load:0x0000000b
       40865000	      3987	80011e1a	01c4a383	lw	x7,28(x9)	  x9:0x8002bc60  x7=0x80020711 PA:0x8002bc7c load:0x80020711
       40875000	      3988	80011e1e	5080	c.lw	x8,32(x9)	  x9:0x8002bc60  x8=0x00000000 PA:0x8002bc80 load:0x00000000
       40885000	      3989	80011e20	50c4	c.lw	x9,36(x9)	  x9:0x8002bc60  x9=0x8002bc60 PA:0x8002bc84 load:0x8002bc60
       40905000	      3991	80011e22	5488	c.lw	x10,40(x9)	  x9:0x8002bc60 x10=0x0000066f PA:0x8002bc88 load:0x0000066f
       40915000	      3992	80011e24	54cc	c.lw	x11,44(x9)	  x9:0x8002bc60 x11=0x894eacb4 PA:0x8002bc8c load:0x894eacb4
       40925000	      3993	80011e26	5890	c.lw	x12,48(x9)	  x9:0x8002bc60 x12=0x0000b000 PA:0x8002bc90 load:0x0000b000
       40935000	      3994	80011e28	58d4	c.lw	x13,52(x9)	  x9:0x8002bc60 x13=0x00000000 PA:0x8002bc94 load:0x00000000
       40945000	      3995	80011e2a	5c98	c.lw	x14,56(x9)	  x9:0x8002bc60 x14=0x00000000 PA:0x8002bc98 load:0x00000000
       40955000	      3996	80011e2c	5cdc	c.lw	x15,60(x9)	  x9:0x8002bc60 x15=0x00000000 PA:0x8002bc9c load:0x00000000
       40965000	      3997	80011e2e	0404a803	lw	x16,64(x9)	  x9:0x8002bc60 x16=0x00000000 PA:0x8002bca0 load:0x00000000
       40975000	      3998	80011e32	0444a883	lw	x17,68(x9)	  x9:0x8002bc60 x17=0x00000000 PA:0x8002bca4 load:0x00000000
       40985000	      3999	80011e36	0484a903	lw	x18,72(x9)	  x9:0x8002bc60 x18=0x00000000 PA:0x8002bca8 load:0x00000000
       40995000	      4000	80011e3a	04c4a983	lw	x19,76(x9)	  x9:0x8002bc60 x19=0x00000000 PA:0x8002bcac load:0x00000000
       41005000	      4001	80011e3e	0504aa03	lw	x20,80(x9)	  x9:0x8002bc60 x20=0x00000000 PA:0x8002bcb0 load:0x00000000
       41015000	      4002	80011e42	0544aa83	lw	x21,84(x9)	  x9:0x8002bc60 x21=0x00000000 PA:0x8002bcb4 load:0x00000000
       41025000	      4003	80011e46	0584ab03	lw	x22,88(x9)	  x9:0x8002bc60 x22=0x000252cc PA:0x8002bcb8 load:0x000252cc
       41035000	      4004	80011e4a	05c4ab83	lw	x23,92(x9)	  x9:0x8002bc60 x23=0x00000000 PA:0x8002bcbc load:0x00000000
       41045000	      4005	80011e4e	0604ac03	lw	x24,96(x9)	  x9:0x8002bc60 x24=0x00000000 PA:0x8002bcc0 load:0x00000000
       41055000	      4006	80011e52	0644ac83	lw	x25,100(x9)	  x9:0x8002bc60 x25=0x00000000 PA:0x8002bcc4 load:0x00000000
       41065000	      4007	80011e56	0684ad03	lw	x26,104(x9)	  x9:0x8002bc60 x26=0x00000005 PA:0x8002bcc8 load:0x00000005
       41075000	      4008	80011e5a	06c4ad83	lw	x27,108(x9)	  x9:0x8002bc60 x27=0x00000000 PA:0x8002bccc load:0x00000000
       41085000	      4009	80011e5e	0704ae03	lw	x28,112(x9)	  x9:0x8002bc60 x28=0x00000000 PA:0x8002bcd0 load:0x00000000
       41095000	      4010	80011e62	0744ae83	lw	x29,116(x9)	  x9:0x8002bc60 x29=0x00000000 PA:0x8002bcd4 load:0x00000000
       41105000	      4011	80011e66	0784af03	lw	x30,120(x9)	  x9:0x8002bc60 x30=0x8002bce0 PA:0x8002bcd8 load:0x8002bce0
       41115000	      4012	80011e6a	07c4af83	lw	x31,124(x9)	  x9:0x8002bc60 x31=0x00000000 PA:0x8002bcdc load:0x00000000
       41125000	      4013	80011e6e	08048493	addi	x9,x9,128	  x9:0x8002bc60  x9=0x8002bce0
       41135000	      4014	80011e72	00048f33	add	x30,x9,x0	  x9:0x8002bce0  x0:0x00000000 x30=0x8002bce0
       41145000	      4015	80011e76	000f2483	lw	x9,0(x30)	 x30:0x8002bce0  x9=0x80027e64 PA:0x8002bce0 load:0x80027e64
       41155000	      4016	80011e7a	0f11	c.addi	x30,4	 x30:0x8002bce0 x30=0x8002bce4
       41165000	      4017	80011e7c	30200073	mret	
       41205000	      4021	800040aa	00452033	slt	x0,x10,x4	 x10:0x0000066f  x4:0x00000000  x0=0x00000000
       41215000	      4022	800040ae	00055033	srl	x0,x10,x0	 x10:0x0000066f  x0:0x00000000  x0=0x00000000
       41225000	      4023	800040b2	00876633	or	x12,x14,x8	 x14:0x00000000  x8:0x00000000 x12=0x00000000
       41235000	      4024	800040b6	00c10123	sb	x12,2(x2)	  x2:0x8001272d x12:0x00000000 PA:0x8001272f store:0x00000000 load:0x00000000
       41245000	      4025	800040ba	fea10b23	sb	x10,-10(x2)	  x2:0x8001272d x10:0x0000066f PA:0x80012723 store:0x0000066f load:0x00000000
       41255000	      4026	800040be	fee11ca3	sh	x14,-7(x2)	  x2:0x8001272d x14:0x00000000 PA:0x80012726 store:0x00000000 load:0x00000000
       41265000	      4027	800040c2	00910403	lb	x8,9(x2)	  x2:0x8001272d  x8=0x00000000 PA:0x80012736 load:0x00000000
       41275000	      4028	800040c6	0001	c.addi	x0,0	  x0:0x00000000  x0=0x00000000
       41315000	      4032	800040c8	02821433	mulh	x8,x4,x8	  x4:0x00000000  x8:0x00000000  x8=0x00000000
       41325000	      4033	800040cc	0000100f	fence.i	
       41345000	      4035	800040d0	00a22033	slt	x0,x4,x10	  x4:0x00000000 x10:0x0000066f  x0=0x00000000
       41355000	      4036	800040d4	ff210003	lb	x0,-14(x2)	  x2:0x8001272d  x0=0x00000000 PA:0x8001271f load:0x00000000
       41365000	      4037	800040d8	00c100a3	sb	x12,1(x2)	  x2:0x8001272d x12:0x00000000 PA:0x8001272e store:0x00000000 load:0x00000000
       41375000	      4038	800040dc	0000f317	auipc	x6,0xf	  x6=0x800130dc
       41385000	      4039	800040e0	cfb30313	addi	x6,x6,-773	  x6:0x800130dc  x6=0x80012dd7
       41395000	      4040	800040e4	12230623	sb	x2,300(x6)	  x6:0x80012dd7  x2:0x8001272d PA:0x80012f03 store:0x8001272d load:0x00000000
       41405000	      4041	800040e8	12c30883	lb	x17,300(x6)	  x6:0x80012dd7 x17=0x0000002d PA:0x80012f03 load:0x0000002d
       41415000	      4042	800040ec	13430623	sb	x20,300(x6)	  x6:0x80012dd7 x20:0x00000000 PA:0x80012f03 store:0x00000000 load:0x00000000
       41425000	      4043	800040f0	13130623	sb	x17,300(x6)	  x6:0x80012dd7 x17:0x0000002d PA:0x80012f03 store:0x0000002d load:0x00000000
       41435000	      4044	800040f4	01cc9393	slli	x7,x25,0x1c	 x25:0x00000000  x7=0x00000000
       41445000	      4045	800040f8	41ca5e93	srai	x29,x20,0x1c	 x20:0x00000000 x29=0x00000000
       41455000	      4046	800040fc	12c34283	lbu	x5,300(x6)	  x6:0x80012dd7  x5=0x0000002d PA:0x80012f03 load:0x0000002d
       41465000	      4047	80004100	12c34c03	lbu	x24,300(x6)	  x6:0x80012dd7 x24=0x0000002d PA:0x80012f03 load:0x0000002d
       41475000	      4048	80004104	12c34a83	lbu	x21,300(x6)	  x6:0x80012dd7 x21=0x0000002d PA:0x80012f03 load:0x0000002d
       41485000	      4049	80004108	12c34803	lbu	x16,300(x6)	  x6:0x80012dd7 x16=0x0000002d PA:0x80012f03 load:0x0000002d
       41495000	      4050	8000410c	01030b83	lb	x23,16(x6)	  x6:0x80012dd7 x23=0x00000000 PA:0x80012de7 load:0x00000000
       41505000	      4051	80004110	01030d03	lb	x26,16(x6)	  x6:0x80012dd7 x26=0x00000000 PA:0x80012de7 load:0x00000000
       41515000	      4052	80004114	8e79	c.and	x12,x14	 x12:0x00000000 x14:0x00000000 x12=0x00000000
       41525000	      4053	80004116	01034683	lbu	x13,16(x6)	  x6:0x80012dd7 x13=0x00000000 PA:0x80012de7 load:0x00000000
       41535000	      4054	8000411a	01430823	sb	x20,16(x6)	  x6:0x80012dd7 x20:0x00000000 PA:0x80012de7 store:0x00000000 load:0x00000000
       41545000	      4055	8000411e	00630823	sb	x6,16(x6)	  x6:0x80012dd7  x6:0x80012dd7 PA:0x80012de7 store:0x80012dd7 load:0x00000000
       41555000	      4056	80004122	01030003	lb	x0,16(x6)	  x6:0x80012dd7  x0=0x00000000 PA:0x80012de7 load:0xffffffd7
       41565000	      4057	80004126	00d30823	sb	x13,16(x6)	  x6:0x80012dd7 x13:0x00000000 PA:0x80012de7 store:0x00000000 load:0x00000000
       41575000	      4058	8000412a	01034083	lbu	x1,16(x6)	  x6:0x80012dd7  x1=0x00000000 PA:0x80012de7 load:0x00000000
       41585000	      4059	8000412e	01130823	sb	x17,16(x6)	  x6:0x80012dd7 x17:0x0000002d PA:0x80012de7 store:0x0000002d load:0x00000000
       41595000	      4060	80004132	00012117	auipc	x2,0x12	  x2=0x80016132
       41605000	      4061	80004136	c2610113	addi	x2,x2,-986	  x2:0x80016132  x2=0x80015d58
       41615000	      4062	8000413a	0c414e83	lbu	x29,196(x2)	  x2:0x80015d58 x29=0x00000000 PA:0x80015e1c load:0x00000000
       41625000	      4063	8000413e	0e214503	lbu	x10,226(x2)	  x2:0x80015d58 x10=0x00000000 PA:0x80015e3a load:0x00000000
       41635000	      4064	80004142	0e211203	lh	x4,226(x2)	  x2:0x80015d58  x4=0x00000000 PA:0x80015e3a load:0x00000000
       41645000	      4065	80004146	09b10da3	sb	x27,155(x2)	  x2:0x80015d58 x27:0x00000000 PA:0x80015df3 store:0x00000000 load:0x00000000
       41655000	      4066	8000414a	8d69	c.and	x10,x10	 x10:0x00000000 x10:0x00000000 x10=0x00000000
       41665000	      4067	8000414c	f2f10683	lb	x13,-209(x2)	  x2:0x80015d58 x13=0x00000000 PA:0x80015c87 load:0x00000000
       41675000	      4068	80004150	f0510f83	lb	x31,-251(x2)	  x2:0x80015d58 x31=0x00000000 PA:0x80015c5d load:0x00000000
       41685000	      4069	80004154	f0510b03	lb	x22,-251(x2)	  x2:0x80015d58 x22=0x00000000 PA:0x80015c5d load:0x00000000
       41695000	      4070	80004158	8a16	c.mv	x20,x5	  x0:0x00000000  x5:0x0000002d x20=0x0000002d
       41705000	      4071	8000415a	f01102a3	sb	x1,-251(x2)	  x2:0x80015d58  x1:0x00000000 PA:0x80015c5d store:0x00000000 load:0x00000000
       41715000	      4072	8000415e	fdb10d23	sb	x27,-38(x2)	  x2:0x80015d58 x27:0x00000000 PA:0x80015d32 store:0x00000000 load:0x00000000
       41725000	      4073	80004162	fda11c03	lh	x24,-38(x2)	  x2:0x80015d58 x24=0x00000000 PA:0x80015d32 load:0x00000000
       41735000	      4074	80004166	0000f617	auipc	x12,0xf	 x12=0x80013166
       41745000	      4075	8000416a	db460613	addi	x12,x12,-588	 x12:0x80013166 x12=0x80012f1a
       41755000	      4076	8000416e	0000e697	auipc	x13,0xe	 x13=0x8001216e
       41765000	      4077	80004172	4fd68693	addi	x13,x13,1277	 x13:0x8001216e x13=0x8001266b
       41775000	      4078	80004176	d176d803	lhu	x16,-745(x13)	 x13:0x8001266b x16=0x00000000 PA:0x80012382 load:0x00000000
       41785000	      4079	8000417a	01764903	lbu	x18,23(x12)	 x12:0x80012f1a x18=0x00000000 PA:0x80012f31 load:0x00000000
       41795000	      4080	8000417e	00160b03	lb	x22,1(x12)	 x12:0x80012f1a x22=0x00000000 PA:0x80012f1b load:0x00000000
       41805000	      4081	80004182	0000e517	auipc	x10,0xe	 x10=0x80012182
       41815000	      4082	80004186	61850513	addi	x10,x10,1560	 x10:0x80012182 x10=0x8001279a
       41825000	      4083	8000418a	d306ca83	lbu	x21,-720(x13)	 x13:0x8001266b x21=0x00000000 PA:0x8001239b load:0x00000000
       41835000	      4084	8000418e	fce607a3	sb	x14,-49(x12)	 x12:0x80012f1a x14:0x00000000 PA:0x80012ee9 store:0x00000000 load:0x00000000
       41845000	      4085	80004192	ff251103	lh	x2,-14(x10)	 x10:0x8001279a  x2=0x00000000 PA:0x8001278c load:0x00000000
       41855000	      4086	80004196	6b16a903	lw	x18,1713(x13)	 x13:0x8001266b x18=0x00000000 PA:0x80012d1c load:0x00000000
       41865000	      4087	8000419a	00454e03	lbu	x28,4(x10)	 x10:0x8001279a x28=0x00000000 PA:0x8001279e load:0x00000000
       41875000	      4088	8000419e	04065903	lhu	x18,64(x12)	 x12:0x80012f1a x18=0x00000000 PA:0x80012f5a load:0x00000000
       41885000	      4089	800041a2	00854003	lbu	x0,8(x10)	 x10:0x8001279a  x0=0x00000000 PA:0x800127a2 load:0x00000000
       41895000	      4090	800041a6	0b668003	lb	x0,182(x13)	 x13:0x8001266b  x0=0x00000000 PA:0x80012721 load:0x00000000
       41905000	      4091	800041aa	02465983	lhu	x19,36(x12)	 x12:0x80012f1a x19=0x00000000 PA:0x80012f3e load:0x00000000
       41915000	      4092	800041ae	00050403	lb	x8,0(x10)	 x10:0x8001279a  x8=0x00000000 PA:0x8001279a load:0x00000000
       41925000	      4093	800041b2	03661a03	lh	x20,54(x12)	 x12:0x80012f1a x20=0x00000000 PA:0x80012f50 load:0x00000000
       41935000	      4094	800041b6	f716de03	lhu	x28,-143(x13)	 x13:0x8001266b x28=0x00000000 PA:0x800125dc load:0x00000000
       41945000	      4095	800041ba	00b60523	sb	x11,10(x12)	 x12:0x80012f1a x11:0x894eacb4 PA:0x80012f24 store:0x894eacb4 load:0x00000000
       41955000	      4096	800041be	f5b6df83	lhu	x31,-165(x13)	 x13:0x8001266b x31=0x00000000 PA:0x800125c6 load:0x00000000
       41965000	      4097	800041c2	ff354b83	lbu	x23,-13(x10)	 x10:0x8001279a x23=0x00000000 PA:0x8001278d load:0x00000000
       41975000	      4098	800041c6	00d50283	lb	x5,13(x10)	 x10:0x8001279a  x5=0x00000000 PA:0x800127a7 load:0x00000000
       41985000	      4099	800041ca	00b60da3	sb	x11,27(x12)	 x12:0x80012f1a x11:0x894eacb4 PA:0x80012f35 store:0x894eacb4 load:0x00000000
       41995000	      4100	800041ce	28368e83	lb	x29,643(x13)	 x13:0x8001266b x29=0x00000000 PA:0x800128ee load:0x00000000
       42005000	      4101	800041d2	02661f23	sh	x6,62(x12)	 x12:0x80012f1a  x6:0x80012dd7 PA:0x80012f58 store:0x80012dd7 load:0x00000000
       42015000	      4102	800041d6	ffe51c83	lh	x25,-2(x10)	 x10:0x8001279a x25=0x00000000 PA:0x80012798 load:0x00000000
       42025000	      4103	800041da	fff54183	lbu	x3,-1(x10)	 x10:0x8001279a  x3=0x00000000 PA:0x80012799 load:0x00000000
       42035000	      4104	800041de	4506c083	lbu	x1,1104(x13)	 x13:0x8001266b  x1=0x00000000 PA:0x80012abb load:0x00000000
       42045000	      4105	800041e2	f8f6cc83	lbu	x25,-113(x13)	 x13:0x8001266b x25=0x00000000 PA:0x800125fa load:0x00000000
       42055000	      4106	800041e6	ffc50da3	sb	x28,-5(x10)	 x10:0x8001279a x28:0x00000000 PA:0x80012795 store:0x00000000 load:0x00000000
       42065000	      4107	800041ea	00018b97	auipc	x23,0x18	 x23=0x8001c1ea
       42075000	      4108	800041ee	ec1b8b93	addi	x23,x23,-319	 x23:0x8001c1ea x23=0x8001c0ab
       42085000	      4109	800041f2	01b71033	sll	x0,x14,x27	 x14:0x00000000 x27:0x00000000  x0=0x00000000
       42095000	      4110	800041f6	028bce03	lbu	x28,40(x23)	 x23:0x8001c0ab x28=0x00000000 PA:0x8001c0d3 load:0x00000000
       42105000	      4111	800041fa	28e44737	lui	x14,0x28e44	 x14=0x28e44000
       42115000	      4112	800041fe	ffbb8b23	sb	x27,-10(x23)	 x23:0x8001c0ab x27:0x00000000 PA:0x8001c0a1 store:0x00000000 load:0x00000000
       42125000	      4113	80004202	12304a13	xori	x20,x0,291	  x0:0x00000000 x20=0x00000123
       42135000	      4114	80004206	02dbde03	lhu	x28,45(x23)	 x23:0x8001c0ab x28=0x00000000 PA:0x8001c0d8 load:0x00000000
       42145000	      4115	8000420a	0000100f	fence.i	
       42165000	      4117	8000420e	0a35	c.addi	x20,13	 x20:0x00000123 x20=0x00000130
       42175000	      4118	80004210	003bd703	lhu	x14,3(x23)	 x23:0x8001c0ab x14=0x00000000 PA:0x8001c0ae load:0x00000000
       42185000	      4119	80004214	fc0b8da3	sb	x0,-37(x23)	 x23:0x8001c0ab  x0:0x00000000 PA:0x8001c086 store:0x00000000 load:0x00000000
       42195000	      4120	80004218	40e70a33	sub	x20,x14,x14	 x14:0x00000000 x14:0x00000000 x20=0x00000000
       42205000	      4121	8000421c	8f59	c.or	x14,x14	 x14:0x00000000 x14:0x00000000 x14=0x00000000
       42215000	      4122	8000421e	000a5b13	srli	x22,x20,0x0	 x20:0x00000000 x22=0x00000000
       42225000	      4123	80004222	017b9a03	lh	x20,23(x23)	 x23:0x8001c0ab x20=0x00000000 PA:0x8001c0c2 load:0x00000000
       42245000	      4125	80004226	f53a2d93	slti	x27,x20,-173	 x20:0x00000000 x27=0x00000000
       42255000	      4126	8000422a	01ca3a33	sltu	x20,x20,x28	 x20:0x00000000 x28:0x00000000 x20=0x00000000
       42285000	      4129	8000422e	03470033	mul	x0,x14,x20	 x14:0x00000000 x20:0x00000000  x0=0x00000000
       42295000	      4130	80004232	01ce1b33	sll	x22,x28,x28	 x28:0x00000000 x28:0x00000000 x22=0x00000000
       42305000	      4131	80004236	f5fdf713	andi	x14,x27,-161	 x27:0x00000000 x14=0x00000000
       42315000	      4132	8000423a	00bdd013	srli	x0,x27,0xb	 x27:0x00000000  x0=0x00000000
       42325000	      4133	8000423e	ff4b8723	sb	x20,-18(x23)	 x23:0x8001c0ab x20:0x00000000 PA:0x8001c099 store:0x00000000 load:0x00000000
       42335000	      4134	80004242	01bb2033	slt	x0,x22,x27	 x22:0x00000000 x27:0x00000000  x0=0x00000000
       42345000	      4135	80004246	811ee017	auipc	x0,0x811ee	  x0=0x00000000
       42365000	      4137	8000424a	03674e33	div	x28,x14,x22	 x14:0x00000000 x22:0x00000000 x28=0xffffffff
       42375000	      4138	8000424e	feeb8b23	sb	x14,-10(x23)	 x23:0x8001c0ab x14:0x00000000 PA:0x8001c0a1 store:0x00000000 load:0x00000000
       42385000	      4139	80004252	da4a4d93	xori	x27,x20,-604	 x20:0x00000000 x27=0xfffffda4
       42395000	      4140	80004256	014a0e33	add	x28,x20,x20	 x20:0x00000000 x20:0x00000000 x28=0x00000000
       42405000	      4141	8000425a	016b8523	sb	x22,10(x23)	 x23:0x8001c0ab x22:0x00000000 PA:0x8001c0b5 store:0x00000000 load:0x00000000
       42415000	      4142	8000425e	01cb5733	srl	x14,x22,x28	 x22:0x00000000 x28:0x00000000 x14=0x00000000
       42425000	      4143	80004262	fe0b97a3	sh	x0,-17(x23)	 x23:0x8001c0ab  x0:0x00000000 PA:0x8001c09a store:0x00000000 load:0x00000000
       42435000	      4144	80004266	027b9e03	lh	x28,39(x23)	 x23:0x8001c0ab x28=0x00000000 PA:0x8001c0d2 load:0x00000000
       42445000	      4145	8000426a	036b8623	sb	x22,44(x23)	 x23:0x8001c0ab x22:0x00000000 PA:0x8001c0d7 store:0x00000000 load:0x00000000
       42455000	      4146	8000426e	41ce5a33	sra	x20,x28,x28	 x28:0x00000000 x28:0x00000000 x20=0x00000000
       42465000	      4147	80004272	02bbc703	lbu	x14,43(x23)	 x23:0x8001c0ab x14=0x00000000 PA:0x8001c0d6 load:0x00000000
       42475000	      4148	80004276	01cb95a3	sh	x28,11(x23)	 x23:0x8001c0ab x28:0x00000000 PA:0x8001c0b6 store:0x00000000 load:0x00000000
       42485000	      4149	8000427a	0cfb4a13	xori	x20,x22,207	 x22:0x00000000 x20=0x000000cf
       42495000	      4150	8000427e	038bce03	lbu	x28,56(x23)	 x23:0x8001c0ab x28=0x00000000 PA:0x8001c0e3 load:0x00000000
       42535000	      4154	80004282	034a3db3	mulhu	x27,x20,x20	 x20:0x000000cf x20:0x000000cf x27=0x00000000
       42545000	      4155	80004286	016a3733	sltu	x14,x20,x22	 x20:0x000000cf x22:0x00000000 x14=0x00000000
       42555000	      4156	8000428a	400e0e33	sub	x28,x28,x0	 x28:0x00000000  x0:0x00000000 x28=0x00000000
       42565000	      4157	8000428e	ff3bd703	lhu	x14,-13(x23)	 x23:0x8001c0ab x14=0x00000000 PA:0x8001c09e load:0x00000000
       42585000	      4159	80004292	8f59	c.or	x14,x14	 x14:0x00000000 x14:0x00000000 x14=0x00000000
       42595000	      4160	80004294	014b4e33	xor	x28,x22,x20	 x22:0x00000000 x20:0x000000cf x28=0x000000cf
       42605000	      4161	80004298	5bda2a13	slti	x20,x20,1469	 x20:0x000000cf x20=0x00000001
       42615000	      4162	8000429c	34807013	andi	x0,x0,840	  x0:0x00000000  x0=0x00000000
       42625000	      4163	800042a0	023b9a03	lh	x20,35(x23)	 x23:0x8001c0ab x20=0x00000000 PA:0x8001c0ce load:0x00000000
       42645000	      4165	800042a4	d98a2013	slti	x0,x20,-616	 x20:0x00000000  x0=0x00000000
       42655000	      4166	800042a8	00eb8023	sb	x14,0(x23)	 x23:0x8001c0ab x14:0x00000000 PA:0x8001c0ab store:0x00000000 load:0x00000000
       42665000	      4167	800042ac	0000e517	auipc	x10,0xe	 x10=0x800122ac
       42675000	      4168	800042b0	09650513	addi	x10,x10,150	 x10:0x800122ac x10=0x80012342
       42685000	      4169	800042b4	0286	c.slli	x5,0x1	  x5:0x00000000  x5=0x00000000
       42695000	      4170	800042b6	969e	c.add	x13,x7	 x13:0x8001266b  x7:0x00000000 x13=0x8001266b
       43065000	      4207	800042b8	02ca46b3	div	x13,x20,x12	 x20:0x00000000 x12:0x80012f1a x13=0x00000000
       43105000	      4211	8000252c	905fe06f	jal	x0,80000e30	  x0=0x00000000
       43125000	      4213	80000e30	1f71	c.addi	x30,-4	 x30:0x8002bce4 x30=0x8002bce0
       43135000	      4214	80000e32	009f2023	sw	x9,0(x30)	 x30:0x8002bce0  x9:0x80027e64 PA:0x8002bce0 store:0x80027e64 load:0x00000000
       43145000	      4215	80000e36	000f04b3	add	x9,x30,x0	 x30:0x8002bce0  x0:0x00000000  x9=0x8002bce0
       43155000	      4216	80000e3a	f8048493	addi	x9,x9,-128	  x9:0x8002bce0  x9=0x8002bc60
       43165000	      4217	80000e3e	0014a223	sw	x1,4(x9)	  x9:0x8002bc60  x1:0x00000000 PA:0x8002bc64 store:0x00000000 load:0x00000000
       43175000	      4218	80000e42	0024a423	sw	x2,8(x9)	  x9:0x8002bc60  x2:0x00000000 PA:0x8002bc68 store:0x00000000 load:0x00000000
       43185000	      4219	80000e46	0034a623	sw	x3,12(x9)	  x9:0x8002bc60  x3:0x00000000 PA:0x8002bc6c store:0x00000000 load:0x00000000
       43195000	      4220	80000e4a	0044a823	sw	x4,16(x9)	  x9:0x8002bc60  x4:0x00000000 PA:0x8002bc70 store:0x00000000 load:0x00000000
       43205000	      4221	80000e4e	0054aa23	sw	x5,20(x9)	  x9:0x8002bc60  x5:0x00000000 PA:0x8002bc74 store:0x00000000 load:0x00000000
       43215000	      4222	80000e52	0064ac23	sw	x6,24(x9)	  x9:0x8002bc60  x6:0x80012dd7 PA:0x8002bc78 store:0x80012dd7 load:0x00000000
       43225000	      4223	80000e56	0074ae23	sw	x7,28(x9)	  x9:0x8002bc60  x7:0x00000000 PA:0x8002bc7c store:0x00000000 load:0x00000000
       43235000	      4224	80000e5a	d080	c.sw	x8,32(x9)	  x9:0x8002bc60  x8:0x00000000 PA:0x8002bc80 store:0x00000000 load:0x00000000
       43245000	      4225	80000e5c	d0c4	c.sw	x9,36(x9)	  x9:0x8002bc60  x9:0x8002bc60 PA:0x8002bc84 store:0x8002bc60 load:0x00000000
       43255000	      4226	80000e5e	d488	c.sw	x10,40(x9)	  x9:0x8002bc60 x10:0x80012342 PA:0x8002bc88 store:0x80012342 load:0x00000000
       43265000	      4227	80000e60	d4cc	c.sw	x11,44(x9)	  x9:0x8002bc60 x11:0x894eacb4 PA:0x8002bc8c store:0x894eacb4 load:0x00000000
       43275000	      4228	80000e62	d890	c.sw	x12,48(x9)	  x9:0x8002bc60 x12:0x80012f1a PA:0x8002bc90 store:0x80012f1a load:0x00000000
       43285000	      4229	80000e64	d8d4	c.sw	x13,52(x9)	  x9:0x8002bc60 x13:0x00000000 PA:0x8002bc94 store:0x00000000 load:0x00000000
       43295000	      4230	80000e66	dc98	c.sw	x14,56(x9)	  x9:0x8002bc60 x14:0x00000000 PA:0x8002bc98 store:0x00000000 load:0x00000000
       43305000	      4231	80000e68	dcdc	c.sw	x15,60(x9)	  x9:0x8002bc60 x15:0x00000000 PA:0x8002bc9c store:0x00000000 load:0x00000000
       43315000	      4232	80000e6a	0504a023	sw	x16,64(x9)	  x9:0x8002bc60 x16:0x00000000 PA:0x8002bca0 store:0x00000000 load:0x00000000
       43325000	      4233	80000e6e	0514a223	sw	x17,68(x9)	  x9:0x8002bc60 x17:0x0000002d PA:0x8002bca4 store:0x0000002d load:0x00000000
       43335000	      4234	80000e72	0524a423	sw	x18,72(x9)	  x9:0x8002bc60 x18:0x00000000 PA:0x8002bca8 store:0x00000000 load:0x00000000
       43345000	      4235	80000e76	0534a623	sw	x19,76(x9)	  x9:0x8002bc60 x19:0x00000000 PA:0x8002bcac store:0x00000000 load:0x00000000
       43355000	      4236	80000e7a	0544a823	sw	x20,80(x9)	  x9:0x8002bc60 x20:0x00000000 PA:0x8002bcb0 store:0x00000000 load:0x00000000
       43365000	      4237	80000e7e	0554aa23	sw	x21,84(x9)	  x9:0x8002bc60 x21:0x00000000 PA:0x8002bcb4 store:0x00000000 load:0x00000000
       43375000	      4238	80000e82	0564ac23	sw	x22,88(x9)	  x9:0x8002bc60 x22:0x00000000 PA:0x8002bcb8 store:0x00000000 load:0x00000000
       43385000	      4239	80000e86	0574ae23	sw	x23,92(x9)	  x9:0x8002bc60 x23:0x8001c0ab PA:0x8002bcbc store:0x8001c0ab load:0x00000000
       43395000	      4240	80000e8a	0784a023	sw	x24,96(x9)	  x9:0x8002bc60 x24:0x00000000 PA:0x8002bcc0 store:0x00000000 load:0x00000000
       43405000	      4241	80000e8e	0794a223	sw	x25,100(x9)	  x9:0x8002bc60 x25:0x00000000 PA:0x8002bcc4 store:0x00000000 load:0x00000000
       43415000	      4242	80000e92	07a4a423	sw	x26,104(x9)	  x9:0x8002bc60 x26:0x00000000 PA:0x8002bcc8 store:0x00000000 load:0x00000000
       43425000	      4243	80000e96	07b4a623	sw	x27,108(x9)	  x9:0x8002bc60 x27:0x00000000 PA:0x8002bccc store:0x00000000 load:0x00000000
       43435000	      4244	80000e9a	07c4a823	sw	x28,112(x9)	  x9:0x8002bc60 x28:0x000000cf PA:0x8002bcd0 store:0x000000cf load:0x00000000
       43445000	      4245	80000e9e	07d4aa23	sw	x29,116(x9)	  x9:0x8002bc60 x29:0x00000000 PA:0x8002bcd4 store:0x00000000 load:0x00000000
       43455000	      4246	80000ea2	07e4ac23	sw	x30,120(x9)	  x9:0x8002bc60 x30:0x8002bce0 PA:0x8002bcd8 store:0x8002bce0 load:0x00000000
       43465000	      4247	80000ea6	07f4ae23	sw	x31,124(x9)	  x9:0x8002bc60 x31:0x00000000 PA:0x8002bcdc store:0x00000000 load:0x00000000
       43475000	      4248	80000eaa	00048f33	add	x30,x9,x0	  x9:0x8002bc60  x0:0x00000000 x30=0x8002bc60
       43485000	      4249	80000eae	90000d37	lui	x26,0x90000	 x26=0x90000000
       43495000	      4250	80000eb2	1d71	c.addi	x26,-4	 x26:0x90000000 x26=0x8ffffffc
       43505000	      4251	80000eb4	4619	c.li	x12,6	 x12=0x00000006
       43515000	      4252	80000eb6	0622	c.slli	x12,0x8	 x12:0x00000006 x12=0x00000600
       43525000	      4253	80000eb8	00060613	addi	x12,x12,0	 x12:0x00000600 x12=0x00000600
       43535000	      4254	80000ebc	00cd2023	sw	x12,0(x26)	 x26:0x8ffffffc x12:0x00000600 PA:0x8ffffffc store:0x00000600 load:0x00000000
       43545000	      4255	80000ec0	34202673	csrrs	x12,mcause,x0	  x0:0x00000000 x12=0x8000000b
       43555000	      4256	80000ec4	827d	c.srli	x12,0x1f	 x12:0x8000000b x12=0x00000001
       43565000	      4257	80000ec6	c63d	c.beqz	x12,80000f34	 x12:0x00000001
       43575000	      4258	80000ec8	90000d37	lui	x26,0x90000	 x26=0x90000000
       43585000	      4259	80000ecc	1d71	c.addi	x26,-4	 x26:0x90000000 x26=0x8ffffffc
       43595000	      4260	80000ece	30000613	addi	x12,x0,768	  x0:0x00000000 x12=0x00000300
       43605000	      4261	80000ed2	0622	c.slli	x12,0x8	 x12:0x00000300 x12=0x00030000
       43615000	      4262	80000ed4	060d	c.addi	x12,3	 x12:0x00030000 x12=0x00030003
       43625000	      4263	80000ed6	00cd2023	sw	x12,0(x26)	 x26:0x8ffffffc x12:0x00030003 PA:0x8ffffffc store:0x00030003 load:0x00000000
       43635000	      4264	80000eda	30002673	csrrs	x12,mstatus,x0	  x0:0x00000000 x12=0x00000000
       43645000	      4265	80000ede	00cd2023	sw	x12,0(x26)	 x26:0x8ffffffc x12:0x00000000 PA:0x8ffffffc store:0x00000000 load:0x00000000
       43655000	      4266	80000ee2	90000d37	lui	x26,0x90000	 x26=0x90000000
       43665000	      4267	80000ee6	1d71	c.addi	x26,-4	 x26:0x90000000 x26=0x8ffffffc
       43675000	      4268	80000ee8	34200613	addi	x12,x0,834	  x0:0x00000000 x12=0x00000342
       43685000	      4269	80000eec	0622	c.slli	x12,0x8	 x12:0x00000342 x12=0x00034200
       43695000	      4270	80000eee	060d	c.addi	x12,3	 x12:0x00034200 x12=0x00034203
       43705000	      4271	80000ef0	00cd2023	sw	x12,0(x26)	 x26:0x8ffffffc x12:0x00034203 PA:0x8ffffffc store:0x00034203 load:0x00000000
       43715000	      4272	80000ef4	34202673	csrrs	x12,mcause,x0	  x0:0x00000000 x12=0x8000000b
       43725000	      4273	80000ef8	00cd2023	sw	x12,0(x26)	 x26:0x8ffffffc x12:0x8000000b PA:0x8ffffffc store:0x8000000b load:0x00000000
       43735000	      4274	80000efc	90000d37	lui	x26,0x90000	 x26=0x90000000
       43745000	      4275	80000f00	1d71	c.addi	x26,-4	 x26:0x90000000 x26=0x8ffffffc
       43755000	      4276	80000f02	30400613	addi	x12,x0,772	  x0:0x00000000 x12=0x00000304
       43765000	      4277	80000f06	0622	c.slli	x12,0x8	 x12:0x00000304 x12=0x00030400
       43775000	      4278	80000f08	060d	c.addi	x12,3	 x12:0x00030400 x12=0x00030403
       43785000	      4279	80000f0a	00cd2023	sw	x12,0(x26)	 x26:0x8ffffffc x12:0x00030403 PA:0x8ffffffc store:0x00030403 load:0x00000000
       43795000	      4280	80000f0e	30402673	csrrs	x12,mie,x0	  x0:0x00000000 x12=0x66fb0888
       43805000	      4281	80000f12	00cd2023	sw	x12,0(x26)	 x26:0x8ffffffc x12:0x66fb0888 PA:0x8ffffffc store:0x66fb0888 load:0x00000000
       43815000	      4282	80000f16	90000d37	lui	x26,0x90000	 x26=0x90000000
       43825000	      4283	80000f1a	1d71	c.addi	x26,-4	 x26:0x90000000 x26=0x8ffffffc
       43835000	      4284	80000f1c	34400613	addi	x12,x0,836	  x0:0x00000000 x12=0x00000344
       43845000	      4285	80000f20	0622	c.slli	x12,0x8	 x12:0x00000344 x12=0x00034400
       43855000	      4286	80000f22	060d	c.addi	x12,3	 x12:0x00034400 x12=0x00034403
       43865000	      4287	80000f24	00cd2023	sw	x12,0(x26)	 x26:0x8ffffffc x12:0x00034403 PA:0x8ffffffc store:0x00034403 load:0x00000000
       43875000	      4288	80000f28	34402673	csrrs	x12,mip,x0	  x0:0x00000000 x12=0x00000000
       43885000	      4289	80000f2c	00cd2023	sw	x12,0(x26)	 x26:0x8ffffffc x12:0x00000000 PA:0x8ffffffc store:0x00000000 load:0x00000000
       43895000	      4290	80000f30	6ad1006f	jal	x0,80011ddc	  x0=0x00000000
       43915000	      4292	80011ddc	30002673	csrrs	x12,mstatus,x0	  x0:0x00000000 x12=0x00000000
       43925000	      4293	80011de0	30402673	csrrs	x12,mie,x0	  x0:0x00000000 x12=0x66fb0888
       43935000	      4294	80011de4	34402673	csrrs	x12,mip,x0	  x0:0x00000000 x12=0x00000000
       43945000	      4295	80011de8	34463673	csrrc	x12,mip,x12	 x12:0x00000000 x12=0x00000000
       43975000	      4298	80011dec	90000d37	lui	x26,0x90000	 x26=0x90000000
       43985000	      4299	80011df0	1d71	c.addi	x26,-4	 x26:0x90000000 x26=0x8ffffffc
       43995000	      4300	80011df2	461d	c.li	x12,7	 x12=0x00000007
       44005000	      4301	80011df4	0622	c.slli	x12,0x8	 x12:0x00000007 x12=0x00000700
       44015000	      4302	80011df6	00060613	addi	x12,x12,0	 x12:0x00000700 x12=0x00000700
       44025000	      4303	80011dfa	00cd2023	sw	x12,0(x26)	 x26:0x8ffffffc x12:0x00000700 PA:0x8ffffffc store:0x00000700 load:0x00000000
       44035000	      4304	80011dfe	000f04b3	add	x9,x30,x0	 x30:0x8002bc60  x0:0x00000000  x9=0x8002bc60
       44045000	      4305	80011e02	0044a083	lw	x1,4(x9)	  x9:0x8002bc60  x1=0x00000000 PA:0x8002bc64 load:0x00000000
       44055000	      4306	80011e06	0084a103	lw	x2,8(x9)	  x9:0x8002bc60  x2=0x00000000 PA:0x8002bc68 load:0x00000000
       44065000	      4307	80011e0a	00c4a183	lw	x3,12(x9)	  x9:0x8002bc60  x3=0x00000000 PA:0x8002bc6c load:0x00000000
       44075000	      4308	80011e0e	0104a203	lw	x4,16(x9)	  x9:0x8002bc60  x4=0x00000000 PA:0x8002bc70 load:0x00000000
       44085000	      4309	80011e12	0144a283	lw	x5,20(x9)	  x9:0x8002bc60  x5=0x00000000 PA:0x8002bc74 load:0x00000000
       44095000	      4310	80011e16	0184a303	lw	x6,24(x9)	  x9:0x8002bc60  x6=0x80012dd7 PA:0x8002bc78 load:0x80012dd7
       44105000	      4311	80011e1a	01c4a383	lw	x7,28(x9)	  x9:0x8002bc60  x7=0x00000000 PA:0x8002bc7c load:0x00000000
       44115000	      4312	80011e1e	5080	c.lw	x8,32(x9)	  x9:0x8002bc60  x8=0x00000000 PA:0x8002bc80 load:0x00000000
       44125000	      4313	80011e20	50c4	c.lw	x9,36(x9)	  x9:0x8002bc60  x9=0x8002bc60 PA:0x8002bc84 load:0x8002bc60
       44145000	      4315	80011e22	5488	c.lw	x10,40(x9)	  x9:0x8002bc60 x10=0x80012342 PA:0x8002bc88 load:0x80012342
       44155000	      4316	80011e24	54cc	c.lw	x11,44(x9)	  x9:0x8002bc60 x11=0x894eacb4 PA:0x8002bc8c load:0x894eacb4
       44165000	      4317	80011e26	5890	c.lw	x12,48(x9)	  x9:0x8002bc60 x12=0x80012f1a PA:0x8002bc90 load:0x80012f1a
       44175000	      4318	80011e28	58d4	c.lw	x13,52(x9)	  x9:0x8002bc60 x13=0x00000000 PA:0x8002bc94 load:0x00000000
       44185000	      4319	80011e2a	5c98	c.lw	x14,56(x9)	  x9:0x8002bc60 x14=0x00000000 PA:0x8002bc98 load:0x00000000
       44195000	      4320	80011e2c	5cdc	c.lw	x15,60(x9)	  x9:0x8002bc60 x15=0x00000000 PA:0x8002bc9c load:0x00000000
       44205000	      4321	80011e2e	0404a803	lw	x16,64(x9)	  x9:0x8002bc60 x16=0x00000000 PA:0x8002bca0 load:0x00000000
       44215000	      4322	80011e32	0444a883	lw	x17,68(x9)	  x9:0x8002bc60 x17=0x0000002d PA:0x8002bca4 load:0x0000002d
       44225000	      4323	80011e36	0484a903	lw	x18,72(x9)	  x9:0x8002bc60 x18=0x00000000 PA:0x8002bca8 load:0x00000000
       44235000	      4324	80011e3a	04c4a983	lw	x19,76(x9)	  x9:0x8002bc60 x19=0x00000000 PA:0x8002bcac load:0x00000000
       44245000	      4325	80011e3e	0504aa03	lw	x20,80(x9)	  x9:0x8002bc60 x20=0x00000000 PA:0x8002bcb0 load:0x00000000
       44255000	      4326	80011e42	0544aa83	lw	x21,84(x9)	  x9:0x8002bc60 x21=0x00000000 PA:0x8002bcb4 load:0x00000000
       44265000	      4327	80011e46	0584ab03	lw	x22,88(x9)	  x9:0x8002bc60 x22=0x00000000 PA:0x8002bcb8 load:0x00000000
       44275000	      4328	80011e4a	05c4ab83	lw	x23,92(x9)	  x9:0x8002bc60 x23=0x8001c0ab PA:0x8002bcbc load:0x8001c0ab
       44285000	      4329	80011e4e	0604ac03	lw	x24,96(x9)	  x9:0x8002bc60 x24=0x00000000 PA:0x8002bcc0 load:0x00000000
       44295000	      4330	80011e52	0644ac83	lw	x25,100(x9)	  x9:0x8002bc60 x25=0x00000000 PA:0x8002bcc4 load:0x00000000
       44305000	      4331	80011e56	0684ad03	lw	x26,104(x9)	  x9:0x8002bc60 x26=0x00000000 PA:0x8002bcc8 load:0x00000000
       44315000	      4332	80011e5a	06c4ad83	lw	x27,108(x9)	  x9:0x8002bc60 x27=0x00000000 PA:0x8002bccc load:0x00000000
       44325000	      4333	80011e5e	0704ae03	lw	x28,112(x9)	  x9:0x8002bc60 x28=0x000000cf PA:0x8002bcd0 load:0x000000cf
       44335000	      4334	80011e62	0744ae83	lw	x29,116(x9)	  x9:0x8002bc60 x29=0x00000000 PA:0x8002bcd4 load:0x00000000
       44345000	      4335	80011e66	0784af03	lw	x30,120(x9)	  x9:0x8002bc60 x30=0x8002bce0 PA:0x8002bcd8 load:0x8002bce0
       44355000	      4336	80011e6a	07c4af83	lw	x31,124(x9)	  x9:0x8002bc60 x31=0x00000000 PA:0x8002bcdc load:0x00000000
       44365000	      4337	80011e6e	08048493	addi	x9,x9,128	  x9:0x8002bc60  x9=0x8002bce0
       44375000	      4338	80011e72	00048f33	add	x30,x9,x0	  x9:0x8002bce0  x0:0x00000000 x30=0x8002bce0
       44385000	      4339	80011e76	000f2483	lw	x9,0(x30)	 x30:0x8002bce0  x9=0x80027e64 PA:0x8002bce0 load:0x80027e64
       44395000	      4340	80011e7a	0f11	c.addi	x30,4	 x30:0x8002bce0 x30=0x8002bce4
       44405000	      4341	80011e7c	30200073	mret	
       44435000	      4344	800042bc	ff554683	lbu	x13,-11(x10)	 x10:0x80012342 x13=0x00000000 PA:0x80012337 load:0x00000000
       44485000	      4349	800042c0	02d396b3	mulh	x13,x7,x13	  x7:0x00000000 x13:0x00000000 x13=0x00000000
       44495000	      4350	800042c4	027508a3	sb	x7,49(x10)	 x10:0x80012342  x7:0x00000000 PA:0x80012373 store:0x00000000 load:0x00000000
       44505000	      4351	800042c8	01051383	lh	x7,16(x10)	 x10:0x80012342  x7=0x00000000 PA:0x80012352 load:0x00000000
       44515000	      4352	800042cc	fd150a03	lb	x20,-47(x10)	 x10:0x80012342 x20=0x00000000 PA:0x80012313 load:0x00000000
       44525000	      4353	800042d0	6a72b293	sltiu	x5,x5,1703	  x5:0x00000000  x5=0x00000001
       44535000	      4354	800042d4	fc754283	lbu	x5,-57(x10)	 x10:0x80012342  x5=0x00000000 PA:0x80012309 load:0x00000000
       44555000	      4356	800042d8	025506a3	sb	x5,45(x10)	 x10:0x80012342  x5:0x00000000 PA:0x8001236f store:0x00000000 load:0x00000000
       44565000	      4357	800042dc	f0bdc617	auipc	x12,0xf0bdc	 x12=0x70be02dc
       44575000	      4358	800042e0	fd051783	lh	x15,-48(x10)	 x10:0x80012342 x15=0x00000000 PA:0x80012312 load:0x00000000
       44585000	      4359	800042e4	000a5a13	srli	x20,x20,0x0	 x20:0x00000000 x20=0x00000000
       44595000	      4360	800042e8	00251603	lh	x12,2(x10)	 x10:0x80012342 x12=0x00000000 PA:0x80012344 load:0x00000000
       44625000	      4363	800042ec	02f386b3	mul	x13,x7,x15	  x7:0x00000000 x15:0x00000000 x13=0x00000000
       44645000	      4365	800042f0	02c2e633	rem	x12,x5,x12	  x5:0x00000000 x12:0x00000000 x12=0x00000000
       44655000	      4366	800042f4	56fd	c.li	x13,-1	 x13=0xffffffff
       44675000	      4368	800042f6	034672b3	remu	x5,x12,x20	 x12:0x00000000 x20:0x00000000  x5=0x00000000
       44685000	      4369	800042fa	0000100f	fence.i	
       44725000	      4373	800042fe	0253ea33	rem	x20,x7,x5	  x7:0x00000000  x5:0x00000000 x20=0x00000000
       44735000	      4374	80004302	8ffd	c.and	x15,x15	 x15:0x00000000 x15:0x00000000 x15=0x00000000
       44745000	      4375	80004304	00d63633	sltu	x12,x12,x13	 x12:0x00000000 x13:0xffffffff x12=0x00000001
       44755000	      4376	80004308	03750603	lb	x12,55(x10)	 x10:0x80012342 x12=0x00000000 PA:0x80012379 load:0x00000000
       44765000	      4377	8000430c	0001	c.addi	x0,0	  x0:0x00000000  x0=0x00000000
       44805000	      4381	8000430e	02f63a33	mulhu	x20,x12,x15	 x12:0x00000000 x15:0x00000000 x20=0x00000000
       44815000	      4382	80004312	ff055383	lhu	x7,-16(x10)	 x10:0x80012342  x7=0x00000000 PA:0x80012332 load:0x00000000
       44825000	      4383	80004316	0001	c.addi	x0,0	  x0:0x00000000  x0=0x00000000
       44835000	      4384	80004318	ffd50a03	lb	x20,-3(x10)	 x10:0x80012342 x20=0x00000000 PA:0x8001233f load:0x00000000
       44855000	      4386	8000431c	ff450da3	sb	x20,-5(x10)	 x10:0x80012342 x20:0x00000000 PA:0x8001233d store:0x00000000 load:0x00000000
       44865000	      4387	80004320	0000fa17	auipc	x20,0xf	 x20=0x80013320
       44875000	      4388	80004324	15ca0a13	addi	x20,x20,348	 x20:0x80013320 x20=0x8001347c
       44885000	      4389	80004328	f9aa0623	sb	x26,-116(x20)	 x20:0x8001347c x26:0x00000000 PA:0x80013408 store:0x00000000 load:0x00000000
       44895000	      4390	8000432c	8aed	c.andi	x13,27	 x13:0xffffffff x13=0x0000001b
       44905000	      4391	8000432e	f8ca0803	lb	x16,-116(x20)	 x20:0x8001347c x16=0x00000000 PA:0x80013408 load:0x00000000
       44915000	      4392	80004332	f99a0623	sb	x25,-116(x20)	 x20:0x8001347c x25:0x00000000 PA:0x80013408 store:0x00000000 load:0x00000000
       44925000	      4393	80004336	07ca0fa3	sb	x28,127(x20)	 x20:0x8001347c x28:0x000000cf PA:0x800134fb store:0x000000cf load:0x00000000
       44935000	      4394	8000433a	035a09a3	sb	x21,51(x20)	 x20:0x8001347c x21:0x00000000 PA:0x800134af store:0x00000000 load:0x00000000
       44945000	      4395	8000433e	f89a4203	lbu	x4,-119(x20)	 x20:0x8001347c  x4=0x00000000 PA:0x80013405 load:0x00000000
       44955000	      4396	80004342	f89a4783	lbu	x15,-119(x20)	 x20:0x8001347c x15=0x00000000 PA:0x80013405 load:0x00000000
       44965000	      4397	80004346	0f1a4303	lbu	x6,241(x20)	 x20:0x8001347c  x6=0x00000000 PA:0x8001356d load:0x00000000
       44975000	      4398	8000434a	0a9a0003	lb	x0,169(x20)	 x20:0x8001347c  x0=0x00000000 PA:0x80013525 load:0x00000000
       44985000	      4399	8000434e	0a9a0403	lb	x8,169(x20)	 x20:0x8001347c  x8=0x00000000 PA:0x80013525 load:0x00000000
       44995000	      4400	80004352	0a7a04a3	sb	x7,169(x20)	 x20:0x8001347c  x7:0x00000000 PA:0x80013525 store:0x00000000 load:0x00000000
       45005000	      4401	80004356	0a9a0903	lb	x18,169(x20)	 x20:0x8001347c x18=0x00000000 PA:0x80013525 load:0x00000000
       45015000	      4402	8000435a	0a9a4f83	lbu	x31,169(x20)	 x20:0x8001347c x31=0x00000000 PA:0x80013525 load:0x00000000
       45025000	      4403	8000435e	f23a01a3	sb	x3,-221(x20)	 x20:0x8001347c  x3:0x00000000 PA:0x8001339f store:0x00000000 load:0x00000000
       45035000	      4404	80004362	096a0ea3	sb	x22,157(x20)	 x20:0x8001347c x22:0x00000000 PA:0x80013519 store:0x00000000 load:0x00000000
       45045000	      4405	80004366	0ada0123	sb	x13,162(x20)	 x20:0x8001347c x13:0x0000001b PA:0x8001351e store:0x0000001b load:0x00000000
       45055000	      4406	8000436a	0a2a5e83	lhu	x29,162(x20)	 x20:0x8001347c x29=0x0000001b PA:0x8001351e load:0x0000001b
       45065000	      4407	8000436e	0ada0123	sb	x13,162(x20)	 x20:0x8001347c x13:0x0000001b PA:0x8001351e store:0x0000001b load:0x00000000
       45075000	      4408	80004372	0a2a1183	lh	x3,162(x20)	 x20:0x8001347c  x3=0x0000001b PA:0x8001351e load:0x0000001b
       45085000	      4409	80004376	0b3a0123	sb	x19,162(x20)	 x20:0x8001347c x19:0x00000000 PA:0x8001351e store:0x00000000 load:0x00000000
       45095000	      4410	8000437a	0000fa97	auipc	x21,0xf	 x21=0x8001337a
       45105000	      4411	8000437e	9baa8a93	addi	x21,x21,-1606	 x21:0x8001337a x21=0x80012d34
       45115000	      4412	80004382	000a8203	lb	x4,0(x21)	 x21:0x80012d34  x4=0x00000000 PA:0x80012d34 load:0x00000000
       45125000	      4413	80004386	fe3a8ba3	sb	x3,-9(x21)	 x21:0x80012d34  x3:0x0000001b PA:0x80012d2b store:0x0000001b load:0x00000000
       45135000	      4414	8000438a	ff7a8383	lb	x7,-9(x21)	 x21:0x80012d34  x7=0x0000001b PA:0x80012d2b load:0x0000001b
       45145000	      4415	8000438e	005a8223	sb	x5,4(x21)	 x21:0x80012d34  x5:0x00000000 PA:0x80012d38 store:0x00000000 load:0x00000000
       45155000	      4416	80004392	147d	c.addi	x8,-1	  x8:0x00000000  x8=0xffffffff
       45165000	      4417	80004394	40a306b3	sub	x13,x6,x10	  x6:0x00000000 x10:0x80012342 x13=0x7ffedcbe
       45175000	      4418	80004398	00ba8603	lb	x12,11(x21)	 x21:0x80012d34 x12=0x00000000 PA:0x80012d3f load:0x00000000
       45185000	      4419	8000439c	ff6a88a3	sb	x22,-15(x21)	 x21:0x80012d34 x22:0x00000000 PA:0x80012d25 store:0x00000000 load:0x00000000
       45195000	      4420	800043a0	ff1acd83	lbu	x27,-15(x21)	 x21:0x80012d34 x27=0x00000000 PA:0x80012d25 load:0x00000000
       45205000	      4421	800043a4	00ca8123	sb	x12,2(x21)	 x21:0x80012d34 x12:0x00000000 PA:0x80012d36 store:0x00000000 load:0x00000000
       45215000	      4422	800043a8	00aa9123	sh	x10,2(x21)	 x21:0x80012d34 x10:0x80012342 PA:0x80012d36 store:0x80012342 load:0x00000000
       45225000	      4423	800043ac	010aa223	sw	x16,4(x21)	 x21:0x80012d34 x16:0x00000000 PA:0x80012d38 store:0x00000000 load:0x00000000
       45235000	      4424	800043b0	ff2ac183	lbu	x3,-14(x21)	 x21:0x80012d34  x3=0x00000000 PA:0x80012d26 load:0x00000000
       45245000	      4425	800043b4	ff2ac683	lbu	x13,-14(x21)	 x21:0x80012d34 x13=0x00000000 PA:0x80012d26 load:0x00000000
       45255000	      4426	800043b8	ff2a8703	lb	x14,-14(x21)	 x21:0x80012d34 x14=0x00000000 PA:0x80012d26 load:0x00000000
       45265000	      4427	800043bc	0001	c.addi	x0,0	  x0:0x00000000  x0=0x00000000
       45275000	      4428	800043be	fe6a8923	sb	x6,-14(x21)	 x21:0x80012d34  x6:0x00000000 PA:0x80012d26 store:0x00000000 load:0x00000000
       45315000	      4432	800043c2	02c29933	mulh	x18,x5,x12	  x5:0x00000000 x12:0x00000000 x18=0x00000000
       45325000	      4433	800043c6	fefa8923	sb	x15,-14(x21)	 x21:0x80012d34 x15:0x00000000 PA:0x80012d26 store:0x00000000 load:0x00000000
       45335000	      4434	800043ca	ff2a8d03	lb	x26,-14(x21)	 x21:0x80012d34 x26=0x00000000 PA:0x80012d26 load:0x00000000
       45345000	      4435	800043ce	fe7a8923	sb	x7,-14(x21)	 x21:0x80012d34  x7:0x0000001b PA:0x80012d26 store:0x0000001b load:0x00000000
       45355000	      4436	800043d2	ff2a9923	sh	x18,-14(x21)	 x21:0x80012d34 x18:0x00000000 PA:0x80012d26 store:0x00000000 load:0x00000000
       45365000	      4437	800043d6	0000e097	auipc	x1,0xe	  x1=0x800123d6
       45375000	      4438	800043da	56e08093	addi	x1,x1,1390	  x1:0x800123d6  x1=0x80012944
       45385000	      4439	800043de	00012997	auipc	x19,0x12	 x19=0x800163de
       45395000	      4440	800043e2	b2e98993	addi	x19,x19,-1234	 x19:0x800163de x19=0x80015f0c
       45405000	      4441	800043e6	00009903	lh	x18,0(x1)	  x1:0x80012944 x18=0x00000000 PA:0x80012944 load:0x00000000
       45415000	      4442	800043ea	ca49ad83	lw	x27,-860(x19)	 x19:0x80015f0c x27=0x00000000 PA:0x80015bb0 load:0x00000000
       45425000	      4443	800043ee	00a0d683	lhu	x13,10(x1)	  x1:0x80012944 x13=0x00000000 PA:0x8001294e load:0x00000000
       45435000	      4444	800043f2	ff408803	lb	x16,-12(x1)	  x1:0x80012944 x16=0x00000000 PA:0x80012938 load:0x00000000
       45445000	      4445	800043f6	a0098aa3	sb	x0,-1515(x19)	 x19:0x80015f0c  x0:0x00000000 PA:0x80015921 store:0x00000000 load:0x00000000
       45455000	      4446	800043fa	04698183	lb	x3,70(x19)	 x19:0x80015f0c  x3=0x00000000 PA:0x80015f52 load:0x00000000
       45465000	      4447	800043fe	62299403	lh	x8,1570(x19)	 x19:0x80015f0c  x8=0x00000000 PA:0x8001652e load:0x00000000
       45475000	      4448	80004402	ff80ae23	sw	x24,-4(x1)	  x1:0x80012944 x24:0x00000000 PA:0x80012940 store:0x00000000 load:0x00000000
       45485000	      4449	80004406	1a39ce03	lbu	x28,419(x19)	 x19:0x80015f0c x28=0x00000000 PA:0x800160af load:0x00000000
       45495000	      4450	8000440a	ff3089a3	sb	x19,-13(x1)	  x1:0x80012944 x19:0x80015f0c PA:0x80012937 store:0x80015f0c load:0x00000000
       45505000	      4451	8000440e	00f08183	lb	x3,15(x1)	  x1:0x80012944  x3=0x00000000 PA:0x80012953 load:0x00000000
       45515000	      4452	80004412	0090c783	lbu	x15,9(x1)	  x1:0x80012944 x15=0x00000000 PA:0x8001294d load:0x00000000
       45525000	      4453	80004416	5a79c803	lbu	x16,1447(x19)	 x19:0x80015f0c x16=0x00000000 PA:0x800164b3 load:0x00000000
       45535000	      4454	8000441a	ff908203	lb	x4,-7(x1)	  x1:0x80012944  x4=0x00000000 PA:0x8001293d load:0x00000000
       45545000	      4455	8000441e	1819c003	lbu	x0,385(x19)	 x19:0x80015f0c  x0=0x00000000 PA:0x8001608d load:0x00000000
       45555000	      4456	80004422	1159ca03	lbu	x20,277(x19)	 x19:0x80015f0c x20=0x00000000 PA:0x80016021 load:0x00000000
       45565000	      4457	80004426	02b985a3	sb	x11,43(x19)	 x19:0x80015f0c x11:0x894eacb4 PA:0x80015f37 store:0x894eacb4 load:0x00000000
       45575000	      4458	8000442a	ff10a823	sw	x17,-16(x1)	  x1:0x80012944 x17:0x0000002d PA:0x80012934 store:0x0000002d load:0x00000000
       45585000	      4459	8000442e	7b398423	sb	x19,1960(x19)	 x19:0x80015f0c x19:0x80015f0c PA:0x800166b4 store:0x80015f0c load:0x00000000
       45595000	      4460	80004432	00015117	auipc	x2,0x15	  x2=0x80019432
       45605000	      4461	80004436	54b10113	addi	x2,x2,1355	  x2:0x80019432  x2=0x8001997d
       45615000	      4462	8000443a	6305	c.lui	x6,0x1	  x6=0x00001000
       45625000	      4463	8000443c	824d	c.srli	x12,0x13	 x12:0x00000000 x12=0x00000000
       45635000	      4464	8000443e	878af913	andi	x18,x21,-1928	 x21:0x80012d34 x18=0x80012830
       45645000	      4465	80004442	ff814603	lbu	x12,-8(x2)	  x2:0x8001997d x12=0x00000000 PA:0x80019975 load:0x00000000
       45655000	      4466	80004446	ff814203	lbu	x4,-8(x2)	  x2:0x8001997d  x4=0x00000000 PA:0x80019975 load:0x00000000
       45685000	      4469	8000444a	02c18d33	mul	x26,x3,x12	  x3:0x00000000 x12:0x00000000 x26=0x00000000
       45695000	      4470	8000444e	ff814683	lbu	x13,-8(x2)	  x2:0x8001997d x13=0x00000000 PA:0x80019975 load:0x00000000
       45705000	      4471	80004452	68107d93	andi	x27,x0,1665	  x0:0x00000000 x27=0x00000000
       45715000	      4472	80004456	01b121a3	sw	x27,3(x2)	  x2:0x8001997d x27:0x00000000 PA:0x80019980 store:0x00000000 load:0x00000000
       45725000	      4473	8000445a	00911083	lh	x1,9(x2)	  x2:0x8001997d  x1=0x00000000 PA:0x80019986 load:0x00000000
       45735000	      4474	8000445e	00f15e83	lhu	x29,15(x2)	  x2:0x8001997d x29=0x00000000 PA:0x8001998c load:0x00000000
       45745000	      4475	80004462	00f14003	lbu	x0,15(x2)	  x2:0x8001997d  x0=0x00000000 PA:0x8001998c load:0x00000000
       45755000	      4476	80004466	00f11203	lh	x4,15(x2)	  x2:0x8001997d  x4=0x00000000 PA:0x8001998c load:0x00000000
       45795000	      4480	8000446a	03673733	mulhu	x14,x14,x22	 x14:0x00000000 x22:0x00000000 x14=0x00000000
       45805000	      4481	8000446e	ffb12503	lw	x10,-5(x2)	  x2:0x8001997d x10=0x00000000 PA:0x80019978 load:0x00000000
       45815000	      4482	80004472	4117d913	srai	x18,x15,0x11	 x15:0x00000000 x18=0x00000000
       45825000	      4483	80004476	ffb12983	lw	x19,-5(x2)	  x2:0x8001997d x19=0x00000000 PA:0x80019978 load:0x00000000
       45835000	      4484	8000447a	00014697	auipc	x13,0x14	 x13=0x8001847a
       45845000	      4485	8000447e	36868693	addi	x13,x13,872	 x13:0x8001847a x13=0x800187e2
       45855000	      4486	80004482	cba69a83	lh	x21,-838(x13)	 x13:0x800187e2 x21=0x00000000 PA:0x8001849c load:0x00000000
       45865000	      4487	80004486	cbf68d23	sb	x31,-838(x13)	 x13:0x800187e2 x31:0x00000000 PA:0x8001849c store:0x00000000 load:0x00000000
       45875000	      4488	8000448a	05d68883	lb	x17,93(x13)	 x13:0x800187e2 x17=0x00000000 PA:0x8001883f load:0x00000000
       45885000	      4489	8000448e	01730133	add	x2,x6,x23	  x6:0x00001000 x23:0x8001c0ab  x2=0x8001d0ab
       45895000	      4490	80004492	05d68783	lb	x15,93(x13)	 x13:0x800187e2 x15=0x00000000 PA:0x8001883f load:0x00000000
       45905000	      4491	80004496	04768ea3	sb	x7,93(x13)	 x13:0x800187e2  x7:0x0000001b PA:0x8001883f store:0x0000001b load:0x00000000
       45915000	      4492	8000449a	1690	c.addi4spn	x12,x2,864	 x12=0x8001d40b
       45925000	      4493	8000449c	c496cc83	lbu	x25,-951(x13)	 x13:0x800187e2 x25=0x00000000 PA:0x8001842b load:0x00000000
       45935000	      4494	800044a0	c4968003	lb	x0,-951(x13)	 x13:0x800187e2  x0=0x00000000 PA:0x8001842b load:0x00000000
       45945000	      4495	800044a4	c496cc03	lbu	x24,-951(x13)	 x13:0x800187e2 x24=0x00000000 PA:0x8001842b load:0x00000000
       45955000	      4496	800044a8	a1568023	sb	x21,-1536(x13)	 x13:0x800187e2 x21:0x00000000 PA:0x800181e2 store:0x00000000 load:0x00000000
       45965000	      4497	800044ac	5d168da3	sb	x17,1499(x13)	 x13:0x800187e2 x17:0x00000000 PA:0x80018dbd store:0x00000000 load:0x00000000
       45975000	      4498	800044b0	5c668da3	sb	x6,1499(x13)	 x13:0x800187e2  x6:0x00001000 PA:0x80018dbd store:0x00001000 load:0x00000000
       45985000	      4499	800044b4	5db6c283	lbu	x5,1499(x13)	 x13:0x800187e2  x5=0x00000000 PA:0x80018dbd load:0x00000000
       45995000	      4500	800044b8	5c868da3	sb	x8,1499(x13)	 x13:0x800187e2  x8:0x00000000 PA:0x80018dbd store:0x00000000 load:0x00000000
       46005000	      4501	800044bc	5db6c383	lbu	x7,1499(x13)	 x13:0x800187e2  x7=0x00000000 PA:0x80018dbd load:0x00000000
       46015000	      4502	800044c0	08568e83	lb	x29,133(x13)	 x13:0x800187e2 x29=0x00000000 PA:0x80018867 load:0x00000000
       46025000	      4503	800044c4	08f682a3	sb	x15,133(x13)	 x13:0x800187e2 x15:0x00000000 PA:0x80018867 store:0x00000000 load:0x00000000
       46035000	      4504	800044c8	a9868703	lb	x14,-1384(x13)	 x13:0x800187e2 x14=0x00000000 PA:0x8001827a load:0x00000000
       46045000	      4505	800044cc	0000e117	auipc	x2,0xe	  x2=0x800124cc
       46055000	      4506	800044d0	66c10113	addi	x2,x2,1644	  x2:0x800124cc  x2=0x80012b38
       46065000	      4507	800044d4	7ca97a13	andi	x20,x18,1994	 x18:0x00000000 x20=0x00000000
       46075000	      4508	800044d8	00d10323	sb	x13,6(x2)	  x2:0x80012b38 x13:0x800187e2 PA:0x80012b3e store:0x800187e2 load:0x00000000
       46085000	      4509	800044dc	03a11283	lh	x5,58(x2)	  x2:0x80012b38  x5=0x00000000 PA:0x80012b72 load:0x00000000
       46095000	      4510	800044e0	d9a3aa37	lui	x20,0xd9a3a	 x20=0xd9a3a000
       46105000	      4511	800044e4	973a	c.add	x14,x14	 x14:0x00000000 x14:0x00000000 x14=0x00000000
       46115000	      4512	800044e6	5932	c.lwsp	x18,44(x2)	  x2:0x80012b38 x18=0x00000000 PA:0x80012b64 load:0x00000000
       46125000	      4513	800044e8	03e14683	lbu	x13,62(x2)	  x2:0x80012b38 x13=0x00000000 PA:0x80012b76 load:0x00000000
       46135000	      4514	800044ec	fdd14703	lbu	x14,-35(x2)	  x2:0x80012b38 x14=0x00000000 PA:0x80012b15 load:0x00000000
       46175000	      4518	8000252c	905fe06f	jal	x0,80000e30	  x0=0x00000000
       46195000	      4520	80000e30	1f71	c.addi	x30,-4	 x30:0x8002bce4 x30=0x8002bce0
       46205000	      4521	80000e32	009f2023	sw	x9,0(x30)	 x30:0x8002bce0  x9:0x80027e64 PA:0x8002bce0 store:0x80027e64 load:0x00000000
       46215000	      4522	80000e36	000f04b3	add	x9,x30,x0	 x30:0x8002bce0  x0:0x00000000  x9=0x8002bce0
       46225000	      4523	80000e3a	f8048493	addi	x9,x9,-128	  x9:0x8002bce0  x9=0x8002bc60
       46235000	      4524	80000e3e	0014a223	sw	x1,4(x9)	  x9:0x8002bc60  x1:0x00000000 PA:0x8002bc64 store:0x00000000 load:0x00000000
       46245000	      4525	80000e42	0024a423	sw	x2,8(x9)	  x9:0x8002bc60  x2:0x80012b38 PA:0x8002bc68 store:0x80012b38 load:0x00000000
       46255000	      4526	80000e46	0034a623	sw	x3,12(x9)	  x9:0x8002bc60  x3:0x00000000 PA:0x8002bc6c store:0x00000000 load:0x00000000
       46265000	      4527	80000e4a	0044a823	sw	x4,16(x9)	  x9:0x8002bc60  x4:0x00000000 PA:0x8002bc70 store:0x00000000 load:0x00000000
       46275000	      4528	80000e4e	0054aa23	sw	x5,20(x9)	  x9:0x8002bc60  x5:0x00000000 PA:0x8002bc74 store:0x00000000 load:0x00000000
       46285000	      4529	80000e52	0064ac23	sw	x6,24(x9)	  x9:0x8002bc60  x6:0x00001000 PA:0x8002bc78 store:0x00001000 load:0x00000000
       46295000	      4530	80000e56	0074ae23	sw	x7,28(x9)	  x9:0x8002bc60  x7:0x00000000 PA:0x8002bc7c store:0x00000000 load:0x00000000
       46305000	      4531	80000e5a	d080	c.sw	x8,32(x9)	  x9:0x8002bc60  x8:0x00000000 PA:0x8002bc80 store:0x00000000 load:0x00000000
       46315000	      4532	80000e5c	d0c4	c.sw	x9,36(x9)	  x9:0x8002bc60  x9:0x8002bc60 PA:0x8002bc84 store:0x8002bc60 load:0x00000000
       46325000	      4533	80000e5e	d488	c.sw	x10,40(x9)	  x9:0x8002bc60 x10:0x00000000 PA:0x8002bc88 store:0x00000000 load:0x00000000
       46335000	      4534	80000e60	d4cc	c.sw	x11,44(x9)	  x9:0x8002bc60 x11:0x894eacb4 PA:0x8002bc8c store:0x894eacb4 load:0x00000000
       46345000	      4535	80000e62	d890	c.sw	x12,48(x9)	  x9:0x8002bc60 x12:0x8001d40b PA:0x8002bc90 store:0x8001d40b load:0x00000000
       46355000	      4536	80000e64	d8d4	c.sw	x13,52(x9)	  x9:0x8002bc60 x13:0x00000000 PA:0x8002bc94 store:0x00000000 load:0x00000000
       46365000	      4537	80000e66	dc98	c.sw	x14,56(x9)	  x9:0x8002bc60 x14:0x00000000 PA:0x8002bc98 store:0x00000000 load:0x00000000
       46375000	      4538	80000e68	dcdc	c.sw	x15,60(x9)	  x9:0x8002bc60 x15:0x00000000 PA:0x8002bc9c store:0x00000000 load:0x00000000
       46385000	      4539	80000e6a	0504a023	sw	x16,64(x9)	  x9:0x8002bc60 x16:0x00000000 PA:0x8002bca0 store:0x00000000 load:0x00000000
       46395000	      4540	80000e6e	0514a223	sw	x17,68(x9)	  x9:0x8002bc60 x17:0x00000000 PA:0x8002bca4 store:0x00000000 load:0x00000000
       46405000	      4541	80000e72	0524a423	sw	x18,72(x9)	  x9:0x8002bc60 x18:0x00000000 PA:0x8002bca8 store:0x00000000 load:0x00000000
       46415000	      4542	80000e76	0534a623	sw	x19,76(x9)	  x9:0x8002bc60 x19:0x00000000 PA:0x8002bcac store:0x00000000 load:0x00000000
       46425000	      4543	80000e7a	0544a823	sw	x20,80(x9)	  x9:0x8002bc60 x20:0xd9a3a000 PA:0x8002bcb0 store:0xd9a3a000 load:0x00000000
       46435000	      4544	80000e7e	0554aa23	sw	x21,84(x9)	  x9:0x8002bc60 x21:0x00000000 PA:0x8002bcb4 store:0x00000000 load:0x00000000
       46445000	      4545	80000e82	0564ac23	sw	x22,88(x9)	  x9:0x8002bc60 x22:0x00000000 PA:0x8002bcb8 store:0x00000000 load:0x00000000
       46455000	      4546	80000e86	0574ae23	sw	x23,92(x9)	  x9:0x8002bc60 x23:0x8001c0ab PA:0x8002bcbc store:0x8001c0ab load:0x00000000
       46465000	      4547	80000e8a	0784a023	sw	x24,96(x9)	  x9:0x8002bc60 x24:0x00000000 PA:0x8002bcc0 store:0x00000000 load:0x00000000
       46475000	      4548	80000e8e	0794a223	sw	x25,100(x9)	  x9:0x8002bc60 x25:0x00000000 PA:0x8002bcc4 store:0x00000000 load:0x00000000
       46485000	      4549	80000e92	07a4a423	sw	x26,104(x9)	  x9:0x8002bc60 x26:0x00000000 PA:0x8002bcc8 store:0x00000000 load:0x00000000
       46495000	      4550	80000e96	07b4a623	sw	x27,108(x9)	  x9:0x8002bc60 x27:0x00000000 PA:0x8002bccc store:0x00000000 load:0x00000000
       46505000	      4551	80000e9a	07c4a823	sw	x28,112(x9)	  x9:0x8002bc60 x28:0x00000000 PA:0x8002bcd0 store:0x00000000 load:0x00000000
       46515000	      4552	80000e9e	07d4aa23	sw	x29,116(x9)	  x9:0x8002bc60 x29:0x00000000 PA:0x8002bcd4 store:0x00000000 load:0x00000000
       46525000	      4553	80000ea2	07e4ac23	sw	x30,120(x9)	  x9:0x8002bc60 x30:0x8002bce0 PA:0x8002bcd8 store:0x8002bce0 load:0x00000000
       46535000	      4554	80000ea6	07f4ae23	sw	x31,124(x9)	  x9:0x8002bc60 x31:0x00000000 PA:0x8002bcdc store:0x00000000 load:0x00000000
       46545000	      4555	80000eaa	00048f33	add	x30,x9,x0	  x9:0x8002bc60  x0:0x00000000 x30=0x8002bc60
       46555000	      4556	80000eae	90000d37	lui	x26,0x90000	 x26=0x90000000
       46565000	      4557	80000eb2	1d71	c.addi	x26,-4	 x26:0x90000000 x26=0x8ffffffc
       46575000	      4558	80000eb4	4619	c.li	x12,6	 x12=0x00000006
       46585000	      4559	80000eb6	0622	c.slli	x12,0x8	 x12:0x00000006 x12=0x00000600
       46595000	      4560	80000eb8	00060613	addi	x12,x12,0	 x12:0x00000600 x12=0x00000600
       46605000	      4561	80000ebc	00cd2023	sw	x12,0(x26)	 x26:0x8ffffffc x12:0x00000600 PA:0x8ffffffc store:0x00000600 load:0x00000000
       46615000	      4562	80000ec0	34202673	csrrs	x12,mcause,x0	  x0:0x00000000 x12=0x8000000b
       46625000	      4563	80000ec4	827d	c.srli	x12,0x1f	 x12:0x8000000b x12=0x00000001
       46635000	      4564	80000ec6	c63d	c.beqz	x12,80000f34	 x12:0x00000001
       46645000	      4565	80000ec8	90000d37	lui	x26,0x90000	 x26=0x90000000
       46655000	      4566	80000ecc	1d71	c.addi	x26,-4	 x26:0x90000000 x26=0x8ffffffc
       46665000	      4567	80000ece	30000613	addi	x12,x0,768	  x0:0x00000000 x12=0x00000300
       46675000	      4568	80000ed2	0622	c.slli	x12,0x8	 x12:0x00000300 x12=0x00030000
       46685000	      4569	80000ed4	060d	c.addi	x12,3	 x12:0x00030000 x12=0x00030003
       46695000	      4570	80000ed6	00cd2023	sw	x12,0(x26)	 x26:0x8ffffffc x12:0x00030003 PA:0x8ffffffc store:0x00030003 load:0x00000000
       46705000	      4571	80000eda	30002673	csrrs	x12,mstatus,x0	  x0:0x00000000 x12=0x00000000
       46715000	      4572	80000ede	00cd2023	sw	x12,0(x26)	 x26:0x8ffffffc x12:0x00000000 PA:0x8ffffffc store:0x00000000 load:0x00000000
       46725000	      4573	80000ee2	90000d37	lui	x26,0x90000	 x26=0x90000000
       46735000	      4574	80000ee6	1d71	c.addi	x26,-4	 x26:0x90000000 x26=0x8ffffffc
       46745000	      4575	80000ee8	34200613	addi	x12,x0,834	  x0:0x00000000 x12=0x00000342
       46755000	      4576	80000eec	0622	c.slli	x12,0x8	 x12:0x00000342 x12=0x00034200
       46765000	      4577	80000eee	060d	c.addi	x12,3	 x12:0x00034200 x12=0x00034203
       46775000	      4578	80000ef0	00cd2023	sw	x12,0(x26)	 x26:0x8ffffffc x12:0x00034203 PA:0x8ffffffc store:0x00034203 load:0x00000000
       46785000	      4579	80000ef4	34202673	csrrs	x12,mcause,x0	  x0:0x00000000 x12=0x8000000b
       46795000	      4580	80000ef8	00cd2023	sw	x12,0(x26)	 x26:0x8ffffffc x12:0x8000000b PA:0x8ffffffc store:0x8000000b load:0x00000000
       46805000	      4581	80000efc	90000d37	lui	x26,0x90000	 x26=0x90000000
       46815000	      4582	80000f00	1d71	c.addi	x26,-4	 x26:0x90000000 x26=0x8ffffffc
       46825000	      4583	80000f02	30400613	addi	x12,x0,772	  x0:0x00000000 x12=0x00000304
       46835000	      4584	80000f06	0622	c.slli	x12,0x8	 x12:0x00000304 x12=0x00030400
       46845000	      4585	80000f08	060d	c.addi	x12,3	 x12:0x00030400 x12=0x00030403
       46855000	      4586	80000f0a	00cd2023	sw	x12,0(x26)	 x26:0x8ffffffc x12:0x00030403 PA:0x8ffffffc store:0x00030403 load:0x00000000
       46865000	      4587	80000f0e	30402673	csrrs	x12,mie,x0	  x0:0x00000000 x12=0x66fb0888
       46875000	      4588	80000f12	00cd2023	sw	x12,0(x26)	 x26:0x8ffffffc x12:0x66fb0888 PA:0x8ffffffc store:0x66fb0888 load:0x00000000
       46885000	      4589	80000f16	90000d37	lui	x26,0x90000	 x26=0x90000000
       46895000	      4590	80000f1a	1d71	c.addi	x26,-4	 x26:0x90000000 x26=0x8ffffffc
       46905000	      4591	80000f1c	34400613	addi	x12,x0,836	  x0:0x00000000 x12=0x00000344
       46915000	      4592	80000f20	0622	c.slli	x12,0x8	 x12:0x00000344 x12=0x00034400
       46925000	      4593	80000f22	060d	c.addi	x12,3	 x12:0x00034400 x12=0x00034403
       46935000	      4594	80000f24	00cd2023	sw	x12,0(x26)	 x26:0x8ffffffc x12:0x00034403 PA:0x8ffffffc store:0x00034403 load:0x00000000
       46945000	      4595	80000f28	34402673	csrrs	x12,mip,x0	  x0:0x00000000 x12=0x00000000
       46955000	      4596	80000f2c	00cd2023	sw	x12,0(x26)	 x26:0x8ffffffc x12:0x00000000 PA:0x8ffffffc store:0x00000000 load:0x00000000
       46965000	      4597	80000f30	6ad1006f	jal	x0,80011ddc	  x0=0x00000000
       46985000	      4599	80011ddc	30002673	csrrs	x12,mstatus,x0	  x0:0x00000000 x12=0x00000000
       46995000	      4600	80011de0	30402673	csrrs	x12,mie,x0	  x0:0x00000000 x12=0x66fb0888
       47005000	      4601	80011de4	34402673	csrrs	x12,mip,x0	  x0:0x00000000 x12=0x00000000
       47015000	      4602	80011de8	34463673	csrrc	x12,mip,x12	 x12:0x00000000 x12=0x00000000
       47045000	      4605	80011dec	90000d37	lui	x26,0x90000	 x26=0x90000000
       47055000	      4606	80011df0	1d71	c.addi	x26,-4	 x26:0x90000000 x26=0x8ffffffc
       47065000	      4607	80011df2	461d	c.li	x12,7	 x12=0x00000007
       47075000	      4608	80011df4	0622	c.slli	x12,0x8	 x12:0x00000007 x12=0x00000700
       47085000	      4609	80011df6	00060613	addi	x12,x12,0	 x12:0x00000700 x12=0x00000700
       47095000	      4610	80011dfa	00cd2023	sw	x12,0(x26)	 x26:0x8ffffffc x12:0x00000700 PA:0x8ffffffc store:0x00000700 load:0x00000000
       47105000	      4611	80011dfe	000f04b3	add	x9,x30,x0	 x30:0x8002bc60  x0:0x00000000  x9=0x8002bc60
       47115000	      4612	80011e02	0044a083	lw	x1,4(x9)	  x9:0x8002bc60  x1=0x00000000 PA:0x8002bc64 load:0x00000000
       47125000	      4613	80011e06	0084a103	lw	x2,8(x9)	  x9:0x8002bc60  x2=0x80012b38 PA:0x8002bc68 load:0x80012b38
       47135000	      4614	80011e0a	00c4a183	lw	x3,12(x9)	  x9:0x8002bc60  x3=0x00000000 PA:0x8002bc6c load:0x00000000
       47145000	      4615	80011e0e	0104a203	lw	x4,16(x9)	  x9:0x8002bc60  x4=0x00000000 PA:0x8002bc70 load:0x00000000
       47155000	      4616	80011e12	0144a283	lw	x5,20(x9)	  x9:0x8002bc60  x5=0x00000000 PA:0x8002bc74 load:0x00000000
       47165000	      4617	80011e16	0184a303	lw	x6,24(x9)	  x9:0x8002bc60  x6=0x00001000 PA:0x8002bc78 load:0x00001000
       47175000	      4618	80011e1a	01c4a383	lw	x7,28(x9)	  x9:0x8002bc60  x7=0x00000000 PA:0x8002bc7c load:0x00000000
       47185000	      4619	80011e1e	5080	c.lw	x8,32(x9)	  x9:0x8002bc60  x8=0x00000000 PA:0x8002bc80 load:0x00000000
       47195000	      4620	80011e20	50c4	c.lw	x9,36(x9)	  x9:0x8002bc60  x9=0x8002bc60 PA:0x8002bc84 load:0x8002bc60
       47215000	      4622	80011e22	5488	c.lw	x10,40(x9)	  x9:0x8002bc60 x10=0x00000000 PA:0x8002bc88 load:0x00000000
       47225000	      4623	80011e24	54cc	c.lw	x11,44(x9)	  x9:0x8002bc60 x11=0x894eacb4 PA:0x8002bc8c load:0x894eacb4
       47235000	      4624	80011e26	5890	c.lw	x12,48(x9)	  x9:0x8002bc60 x12=0x8001d40b PA:0x8002bc90 load:0x8001d40b
       47245000	      4625	80011e28	58d4	c.lw	x13,52(x9)	  x9:0x8002bc60 x13=0x00000000 PA:0x8002bc94 load:0x00000000
       47255000	      4626	80011e2a	5c98	c.lw	x14,56(x9)	  x9:0x8002bc60 x14=0x00000000 PA:0x8002bc98 load:0x00000000
       47265000	      4627	80011e2c	5cdc	c.lw	x15,60(x9)	  x9:0x8002bc60 x15=0x00000000 PA:0x8002bc9c load:0x00000000
       47275000	      4628	80011e2e	0404a803	lw	x16,64(x9)	  x9:0x8002bc60 x16=0x00000000 PA:0x8002bca0 load:0x00000000
       47285000	      4629	80011e32	0444a883	lw	x17,68(x9)	  x9:0x8002bc60 x17=0x00000000 PA:0x8002bca4 load:0x00000000
       47295000	      4630	80011e36	0484a903	lw	x18,72(x9)	  x9:0x8002bc60 x18=0x00000000 PA:0x8002bca8 load:0x00000000
       47305000	      4631	80011e3a	04c4a983	lw	x19,76(x9)	  x9:0x8002bc60 x19=0x00000000 PA:0x8002bcac load:0x00000000
       47315000	      4632	80011e3e	0504aa03	lw	x20,80(x9)	  x9:0x8002bc60 x20=0xd9a3a000 PA:0x8002bcb0 load:0xd9a3a000
       47325000	      4633	80011e42	0544aa83	lw	x21,84(x9)	  x9:0x8002bc60 x21=0x00000000 PA:0x8002bcb4 load:0x00000000
       47335000	      4634	80011e46	0584ab03	lw	x22,88(x9)	  x9:0x8002bc60 x22=0x00000000 PA:0x8002bcb8 load:0x00000000
       47345000	      4635	80011e4a	05c4ab83	lw	x23,92(x9)	  x9:0x8002bc60 x23=0x8001c0ab PA:0x8002bcbc load:0x8001c0ab
       47355000	      4636	80011e4e	0604ac03	lw	x24,96(x9)	  x9:0x8002bc60 x24=0x00000000 PA:0x8002bcc0 load:0x00000000
       47365000	      4637	80011e52	0644ac83	lw	x25,100(x9)	  x9:0x8002bc60 x25=0x00000000 PA:0x8002bcc4 load:0x00000000
       47375000	      4638	80011e56	0684ad03	lw	x26,104(x9)	  x9:0x8002bc60 x26=0x00000000 PA:0x8002bcc8 load:0x00000000
       47385000	      4639	80011e5a	06c4ad83	lw	x27,108(x9)	  x9:0x8002bc60 x27=0x00000000 PA:0x8002bccc load:0x00000000
       47395000	      4640	80011e5e	0704ae03	lw	x28,112(x9)	  x9:0x8002bc60 x28=0x00000000 PA:0x8002bcd0 load:0x00000000
       47405000	      4641	80011e62	0744ae83	lw	x29,116(x9)	  x9:0x8002bc60 x29=0x00000000 PA:0x8002bcd4 load:0x00000000
       47415000	      4642	80011e66	0784af03	lw	x30,120(x9)	  x9:0x8002bc60 x30=0x8002bce0 PA:0x8002bcd8 load:0x8002bce0
       47425000	      4643	80011e6a	07c4af83	lw	x31,124(x9)	  x9:0x8002bc60 x31=0x00000000 PA:0x8002bcdc load:0x00000000
       47435000	      4644	80011e6e	08048493	addi	x9,x9,128	  x9:0x8002bc60  x9=0x8002bce0
       47445000	      4645	80011e72	00048f33	add	x30,x9,x0	  x9:0x8002bce0  x0:0x00000000 x30=0x8002bce0
       47455000	      4646	80011e76	000f2483	lw	x9,0(x30)	 x30:0x8002bce0  x9=0x80027e64 PA:0x8002bce0 load:0x80027e64
       47465000	      4647	80011e7a	0f11	c.addi	x30,4	 x30:0x8002bce0 x30=0x8002bce4
       47475000	      4648	80011e7c	30200073	mret	
       47505000	      4651	800044f0	9716	c.add	x14,x5	 x14:0x00000000  x5:0x00000000 x14=0x00000000
       47515000	      4652	800044f2	ff414903	lbu	x18,-12(x2)	  x2:0x80012b38 x18=0x00000000 PA:0x80012b2c load:0x00000000
       47525000	      4653	800044f6	02214703	lbu	x14,34(x2)	  x2:0x80012b38 x14=0x00000000 PA:0x80012b5a load:0x00000000
       47535000	      4654	800044fa	00d2b9b3	sltu	x19,x5,x13	  x5:0x00000000 x13:0x00000000 x19=0x00000000
       47565000	      4657	800044fe	025a0933	mul	x18,x20,x5	 x20:0xd9a3a000  x5:0x00000000 x18=0x00000000
       47605000	      4661	80004502	02d6a6b3	mulhsu	x13,x13,x13	 x13:0x00000000 x13:0x00000000 x13=0x00000000
       47615000	      4662	80004506	fd814a03	lbu	x20,-40(x2)	  x2:0x80012b38 x20=0x00000000 PA:0x80012b10 load:0x00000000
       47665000	      4667	8000450a	025a36b3	mulhu	x13,x20,x5	 x20:0x00000000  x5:0x00000000 x13=0x00000000
       47675000	      4668	8000450e	02910903	lb	x18,41(x2)	  x2:0x80012b38 x18=0x00000000 PA:0x80012b61 load:0x00000000
       47685000	      4669	80004512	00514903	lbu	x18,5(x2)	  x2:0x80012b38 x18=0x00000000 PA:0x80012b3d load:0x00000000
       47695000	      4670	80004516	8705	c.srai	x14,0x1	 x14:0x00000000 x14=0x00000000
       47705000	      4671	80004518	9a16	c.add	x20,x5	 x20:0x00000000  x5:0x00000000 x20=0x00000000
       47715000	      4672	8000451a	d24e	c.swsp	x19,36(x2)	  x2:0x80012b38 x19:0x00000000 PA:0x80012b5c store:0x00000000 load:0x00000000
       47725000	      4673	8000451c	00e74933	xor	x18,x14,x14	 x14:0x00000000 x14:0x00000000 x18=0x00000000
       47765000	      4677	80004520	02e2a6b3	mulhsu	x13,x5,x14	  x5:0x00000000 x14:0x00000000 x13=0x00000000
       47775000	      4678	80004524	ff3108a3	sb	x19,-15(x2)	  x2:0x80012b38 x19:0x00000000 PA:0x80012b29 store:0x00000000 load:0x00000000
       47785000	      4679	80004528	ff212e23	sw	x18,-4(x2)	  x2:0x80012b38 x18:0x00000000 PA:0x80012b34 store:0x00000000 load:0x00000000
       47795000	      4680	8000452c	ff410723	sb	x20,-18(x2)	  x2:0x80012b38 x20:0x00000000 PA:0x80012b26 store:0x00000000 load:0x00000000
       47805000	      4681	80004530	fcf10683	lb	x13,-49(x2)	  x2:0x80012b38 x13=0x00000000 PA:0x80012b07 load:0x00000000
       47815000	      4682	80004534	feb14703	lbu	x14,-21(x2)	  x2:0x80012b38 x14=0x00000000 PA:0x80012b23 load:0x00000000
       47825000	      4683	80004538	01710a03	lb	x20,23(x2)	  x2:0x80012b38 x20=0x00000000 PA:0x80012b4f load:0x00000000
       47835000	      4684	8000453c	06d9	c.addi	x13,22	 x13:0x00000000 x13=0x00000016
       47845000	      4685	8000453e	ffc10a03	lb	x20,-4(x2)	  x2:0x80012b38 x20=0x00000000 PA:0x80012b34 load:0x00000000
       47865000	      4687	80004542	025762b3	rem	x5,x14,x5	 x14:0x00000000  x5:0x00000000  x5=0x00000000
       47875000	      4688	80004546	fd514983	lbu	x19,-43(x2)	  x2:0x80012b38 x19=0x00000000 PA:0x80012b0d load:0x00000000
       47885000	      4689	8000454a	42a9	c.li	x5,10	  x5=0x0000000a
       47895000	      4690	8000454c	4889	c.li	x17,2	 x17=0x00000002
       47905000	      4691	8000454e	8f91	c.sub	x15,x12	 x15:0x00000000 x12:0x8001d40b x15=0x7ffe2bf5
       47915000	      4692	80004550	000ad7b3	srl	x15,x21,x0	 x21:0x00000000  x0:0x00000000 x15=0x00000000
       47925000	      4693	80004554	35a99217	auipc	x4,0x35a99	  x4=0xb5a9d554
       47935000	      4694	80004558	4521	c.li	x10,8	 x10=0x00000008
       47975000	      4698	8000455a	02deb1b3	mulhu	x3,x29,x13	 x29:0x00000000 x13:0x00000016  x3=0x00000000
       47985000	      4699	8000455e	013648b3	xor	x17,x12,x19	 x12:0x8001d40b x19:0x00000000 x17=0x8001d40b
       48355000	      4736	80004562	02c44433	div	x8,x8,x12	  x8:0x00000000 x12:0x8001d40b  x8=0x00000000
       48365000	      4737	80004566	425db113	sltiu	x2,x27,1061	 x27:0x00000000  x2=0x00000001
       48375000	      4738	8000456a	df312e13	slti	x28,x2,-525	  x2:0x00000001 x28=0x00000000
       48385000	      4739	8000456e	40dedb93	srai	x23,x29,0xd	 x29:0x00000000 x23=0x00000000
       48395000	      4740	80004572	12e5	c.addi	x5,-7	  x5:0x0000000a  x5=0x00000003
       48405000	      4741	80004574	00f98633	add	x12,x19,x15	 x19:0x00000000 x15:0x00000000 x12=0x00000000
       48415000	      4742	80004578	414fd813	srai	x16,x31,0x14	 x31:0x00000000 x16=0x00000000
       48425000	      4743	8000457c	8ecd	c.or	x13,x11	 x13:0x00000016 x11:0x894eacb4 x13=0x894eacb6
       48435000	      4744	8000457e	ff1faa17	auipc	x20,0xff1fa	 x20=0x7f1fe57e
       48465000	      4747	80004582	03ed8e33	mul	x28,x27,x30	 x27:0x00000000 x30:0x8002bce4 x28=0x00000000
       48475000	      4748	80004586	8335	c.srli	x14,0xd	 x14:0x00000000 x14=0x00000000
       48485000	      4749	80004588	8425	c.srai	x8,0x9	  x8:0x00000000  x8=0x00000000
       48495000	      4750	8000458a	861d	c.srai	x12,0x7	 x12:0x00000000 x12=0x00000000
       48515000	      4752	8000458c	03704933	div	x18,x0,x23	  x0:0x00000000 x23:0x00000000 x18=0xffffffff
       48525000	      4753	80004590	003ef933	and	x18,x29,x3	 x29:0x00000000  x3:0x00000000 x18=0x00000000
       48895000	      4790	80004594	02b9c133	div	x2,x19,x11	 x19:0x00000000 x11:0x894eacb4  x2=0x00000000
       48905000	      4791	80004598	8e01	c.sub	x12,x8	 x12:0x00000000  x8:0x00000000 x12=0x00000000
       48915000	      4792	8000459a	00529b33	sll	x22,x5,x5	  x5:0x00000003  x5:0x00000003 x22=0x00000018
       48925000	      4793	8000459e	924b7713	andi	x14,x22,-1756	 x22:0x00000018 x14=0x00000000
       48935000	      4794	800045a2	fca2f0e3	bgeu	x5,x10,80004562	  x5:0x00000003 x10:0x00000008
       48945000	      4795	800045a6	1d0ceb13	ori	x22,x25,464	 x25:0x00000000 x22=0x000001d0
       48955000	      4796	800045aa	0000e397	auipc	x7,0xe	  x7=0x800125aa
       48965000	      4797	800045ae	dca38393	addi	x7,x7,-566	  x7:0x800125aa  x7=0x80012374
       48975000	      4798	800045b2	fc039823	sh	x0,-48(x7)	  x7:0x80012374  x0:0x00000000 PA:0x80012344 store:0x00000000 load:0x00000000
       48985000	      4799	800045b6	fd03a823	sw	x16,-48(x7)	  x7:0x80012374 x16:0x00000000 PA:0x80012344 store:0x00000000 load:0x00000000
       48995000	      4800	800045ba	fd039303	lh	x6,-48(x7)	  x7:0x80012374  x6=0x00000000 PA:0x80012344 load:0x00000000
       49005000	      4801	800045be	856e	c.mv	x10,x27	  x0:0x00000000 x27:0x00000000 x10=0x00000000
       49015000	      4802	800045c0	fd03d083	lhu	x1,-48(x7)	  x7:0x80012374  x1=0x00000000 PA:0x80012344 load:0x00000000
       49025000	      4803	800045c4	fd03ab03	lw	x22,-48(x7)	  x7:0x80012374 x22=0x00000000 PA:0x80012344 load:0x00000000
       49035000	      4804	800045c8	fd039f83	lh	x31,-48(x7)	  x7:0x80012374 x31=0x00000000 PA:0x80012344 load:0x00000000
       49045000	      4805	800045cc	fc23a823	sw	x2,-48(x7)	  x7:0x80012374  x2:0x00000000 PA:0x80012344 store:0x00000000 load:0x00000000
       49055000	      4806	800045d0	fd03c803	lbu	x16,-48(x7)	  x7:0x80012374 x16=0x00000000 PA:0x80012344 load:0x00000000
       49065000	      4807	800045d4	fda3d283	lhu	x5,-38(x7)	  x7:0x80012374  x5=0x00000000 PA:0x8001234e load:0x00000000
       49075000	      4808	800045d8	fda3dd83	lhu	x27,-38(x7)	  x7:0x80012374 x27=0x00000000 PA:0x8001234e load:0x00000000
       49085000	      4809	800045dc	fda3c903	lbu	x18,-38(x7)	  x7:0x80012374 x18=0x00000000 PA:0x8001234e load:0x00000000
       49105000	      4811	800045e0	05496c13	ori	x24,x18,84	 x18:0x00000000 x24=0x00000054
       49115000	      4812	800045e4	fde38d23	sb	x30,-38(x7)	  x7:0x80012374 x30:0x8002bce4 PA:0x8001234e store:0x8002bce4 load:0x00000000
       49125000	      4813	800045e8	46a1	c.li	x13,8	 x13=0x00000008
       49135000	      4814	800045ea	fda38703	lb	x14,-38(x7)	  x7:0x80012374 x14=0xffffffe4 PA:0x8001234e load:0xffffffe4
       49145000	      4815	800045ee	fda3c783	lbu	x15,-38(x7)	  x7:0x80012374 x15=0x000000e4 PA:0x8001234e load:0x000000e4
       49155000	      4816	800045f2	fd738d23	sb	x23,-38(x7)	  x7:0x80012374 x23:0x00000000 PA:0x8001234e store:0x00000000 load:0x00000000
       49165000	      4817	800045f6	0193c283	lbu	x5,25(x7)	  x7:0x80012374  x5=0x00000000 PA:0x8001238d load:0x00000000
       49175000	      4818	800045fa	011e6bb3	or	x23,x28,x17	 x28:0x00000000 x17:0x8001d40b x23=0x8001d40b
       49185000	      4819	800045fe	01b38ca3	sb	x27,25(x7)	  x7:0x80012374 x27:0x00000000 PA:0x8001238d store:0x00000000 load:0x00000000
       49195000	      4820	80004602	01038ca3	sb	x16,25(x7)	  x7:0x80012374 x16:0x00000000 PA:0x8001238d store:0x00000000 load:0x00000000
       49205000	      4821	80004606	00010097	auipc	x1,0x10	  x1=0x80014606
       49245000	      4825	8000252c	905fe06f	jal	x0,80000e30	  x0=0x00000000
       49265000	      4827	80000e30	1f71	c.addi	x30,-4	 x30:0x8002bce4 x30=0x8002bce0
       49275000	      4828	80000e32	009f2023	sw	x9,0(x30)	 x30:0x8002bce0  x9:0x80027e64 PA:0x8002bce0 store:0x80027e64 load:0x00000000
       49285000	      4829	80000e36	000f04b3	add	x9,x30,x0	 x30:0x8002bce0  x0:0x00000000  x9=0x8002bce0
       49295000	      4830	80000e3a	f8048493	addi	x9,x9,-128	  x9:0x8002bce0  x9=0x8002bc60
       49305000	      4831	80000e3e	0014a223	sw	x1,4(x9)	  x9:0x8002bc60  x1:0x80014606 PA:0x8002bc64 store:0x80014606 load:0x00000000
       49315000	      4832	80000e42	0024a423	sw	x2,8(x9)	  x9:0x8002bc60  x2:0x00000000 PA:0x8002bc68 store:0x00000000 load:0x00000000
       49325000	      4833	80000e46	0034a623	sw	x3,12(x9)	  x9:0x8002bc60  x3:0x00000000 PA:0x8002bc6c store:0x00000000 load:0x00000000
       49335000	      4834	80000e4a	0044a823	sw	x4,16(x9)	  x9:0x8002bc60  x4:0xb5a9d554 PA:0x8002bc70 store:0xb5a9d554 load:0x00000000
       49345000	      4835	80000e4e	0054aa23	sw	x5,20(x9)	  x9:0x8002bc60  x5:0x00000000 PA:0x8002bc74 store:0x00000000 load:0x00000000
       49355000	      4836	80000e52	0064ac23	sw	x6,24(x9)	  x9:0x8002bc60  x6:0x00000000 PA:0x8002bc78 store:0x00000000 load:0x00000000
       49365000	      4837	80000e56	0074ae23	sw	x7,28(x9)	  x9:0x8002bc60  x7:0x80012374 PA:0x8002bc7c store:0x80012374 load:0x00000000
       49375000	      4838	80000e5a	d080	c.sw	x8,32(x9)	  x9:0x8002bc60  x8:0x00000000 PA:0x8002bc80 store:0x00000000 load:0x00000000
       49385000	      4839	80000e5c	d0c4	c.sw	x9,36(x9)	  x9:0x8002bc60  x9:0x8002bc60 PA:0x8002bc84 store:0x8002bc60 load:0x00000000
       49395000	      4840	80000e5e	d488	c.sw	x10,40(x9)	  x9:0x8002bc60 x10:0x00000000 PA:0x8002bc88 store:0x00000000 load:0x00000000
       49405000	      4841	80000e60	d4cc	c.sw	x11,44(x9)	  x9:0x8002bc60 x11:0x894eacb4 PA:0x8002bc8c store:0x894eacb4 load:0x00000000
       49415000	      4842	80000e62	d890	c.sw	x12,48(x9)	  x9:0x8002bc60 x12:0x00000000 PA:0x8002bc90 store:0x00000000 load:0x00000000
       49425000	      4843	80000e64	d8d4	c.sw	x13,52(x9)	  x9:0x8002bc60 x13:0x00000008 PA:0x8002bc94 store:0x00000008 load:0x00000000
       49435000	      4844	80000e66	dc98	c.sw	x14,56(x9)	  x9:0x8002bc60 x14:0xffffffe4 PA:0x8002bc98 store:0xffffffe4 load:0x00000000
       49445000	      4845	80000e68	dcdc	c.sw	x15,60(x9)	  x9:0x8002bc60 x15:0x000000e4 PA:0x8002bc9c store:0x000000e4 load:0x00000000
       49455000	      4846	80000e6a	0504a023	sw	x16,64(x9)	  x9:0x8002bc60 x16:0x00000000 PA:0x8002bca0 store:0x00000000 load:0x00000000
       49465000	      4847	80000e6e	0514a223	sw	x17,68(x9)	  x9:0x8002bc60 x17:0x8001d40b PA:0x8002bca4 store:0x8001d40b load:0x00000000
       49475000	      4848	80000e72	0524a423	sw	x18,72(x9)	  x9:0x8002bc60 x18:0x00000000 PA:0x8002bca8 store:0x00000000 load:0x00000000
       49485000	      4849	80000e76	0534a623	sw	x19,76(x9)	  x9:0x8002bc60 x19:0x00000000 PA:0x8002bcac store:0x00000000 load:0x00000000
       49495000	      4850	80000e7a	0544a823	sw	x20,80(x9)	  x9:0x8002bc60 x20:0x7f1fe57e PA:0x8002bcb0 store:0x7f1fe57e load:0x00000000
       49505000	      4851	80000e7e	0554aa23	sw	x21,84(x9)	  x9:0x8002bc60 x21:0x00000000 PA:0x8002bcb4 store:0x00000000 load:0x00000000
       49515000	      4852	80000e82	0564ac23	sw	x22,88(x9)	  x9:0x8002bc60 x22:0x00000000 PA:0x8002bcb8 store:0x00000000 load:0x00000000
       49525000	      4853	80000e86	0574ae23	sw	x23,92(x9)	  x9:0x8002bc60 x23:0x8001d40b PA:0x8002bcbc store:0x8001d40b load:0x00000000
       49535000	      4854	80000e8a	0784a023	sw	x24,96(x9)	  x9:0x8002bc60 x24:0x00000054 PA:0x8002bcc0 store:0x00000054 load:0x00000000
       49545000	      4855	80000e8e	0794a223	sw	x25,100(x9)	  x9:0x8002bc60 x25:0x00000000 PA:0x8002bcc4 store:0x00000000 load:0x00000000
       49555000	      4856	80000e92	07a4a423	sw	x26,104(x9)	  x9:0x8002bc60 x26:0x00000000 PA:0x8002bcc8 store:0x00000000 load:0x00000000
       49565000	      4857	80000e96	07b4a623	sw	x27,108(x9)	  x9:0x8002bc60 x27:0x00000000 PA:0x8002bccc store:0x00000000 load:0x00000000
       49575000	      4858	80000e9a	07c4a823	sw	x28,112(x9)	  x9:0x8002bc60 x28:0x00000000 PA:0x8002bcd0 store:0x00000000 load:0x00000000
       49585000	      4859	80000e9e	07d4aa23	sw	x29,116(x9)	  x9:0x8002bc60 x29:0x00000000 PA:0x8002bcd4 store:0x00000000 load:0x00000000
       49595000	      4860	80000ea2	07e4ac23	sw	x30,120(x9)	  x9:0x8002bc60 x30:0x8002bce0 PA:0x8002bcd8 store:0x8002bce0 load:0x00000000
       49605000	      4861	80000ea6	07f4ae23	sw	x31,124(x9)	  x9:0x8002bc60 x31:0x00000000 PA:0x8002bcdc store:0x00000000 load:0x00000000
       49615000	      4862	80000eaa	00048f33	add	x30,x9,x0	  x9:0x8002bc60  x0:0x00000000 x30=0x8002bc60
       49625000	      4863	80000eae	90000d37	lui	x26,0x90000	 x26=0x90000000
       49635000	      4864	80000eb2	1d71	c.addi	x26,-4	 x26:0x90000000 x26=0x8ffffffc
       49645000	      4865	80000eb4	4619	c.li	x12,6	 x12=0x00000006
       49655000	      4866	80000eb6	0622	c.slli	x12,0x8	 x12:0x00000006 x12=0x00000600
       49665000	      4867	80000eb8	00060613	addi	x12,x12,0	 x12:0x00000600 x12=0x00000600
       49675000	      4868	80000ebc	00cd2023	sw	x12,0(x26)	 x26:0x8ffffffc x12:0x00000600 PA:0x8ffffffc store:0x00000600 load:0x00000000
       49685000	      4869	80000ec0	34202673	csrrs	x12,mcause,x0	  x0:0x00000000 x12=0x8000000b
       49695000	      4870	80000ec4	827d	c.srli	x12,0x1f	 x12:0x8000000b x12=0x00000001
       49705000	      4871	80000ec6	c63d	c.beqz	x12,80000f34	 x12:0x00000001
       49715000	      4872	80000ec8	90000d37	lui	x26,0x90000	 x26=0x90000000
       49725000	      4873	80000ecc	1d71	c.addi	x26,-4	 x26:0x90000000 x26=0x8ffffffc
       49735000	      4874	80000ece	30000613	addi	x12,x0,768	  x0:0x00000000 x12=0x00000300
       49745000	      4875	80000ed2	0622	c.slli	x12,0x8	 x12:0x00000300 x12=0x00030000
       49755000	      4876	80000ed4	060d	c.addi	x12,3	 x12:0x00030000 x12=0x00030003
       49765000	      4877	80000ed6	00cd2023	sw	x12,0(x26)	 x26:0x8ffffffc x12:0x00030003 PA:0x8ffffffc store:0x00030003 load:0x00000000
       49775000	      4878	80000eda	30002673	csrrs	x12,mstatus,x0	  x0:0x00000000 x12=0x00000000
       49785000	      4879	80000ede	00cd2023	sw	x12,0(x26)	 x26:0x8ffffffc x12:0x00000000 PA:0x8ffffffc store:0x00000000 load:0x00000000
       49795000	      4880	80000ee2	90000d37	lui	x26,0x90000	 x26=0x90000000
       49805000	      4881	80000ee6	1d71	c.addi	x26,-4	 x26:0x90000000 x26=0x8ffffffc
       49815000	      4882	80000ee8	34200613	addi	x12,x0,834	  x0:0x00000000 x12=0x00000342
       49825000	      4883	80000eec	0622	c.slli	x12,0x8	 x12:0x00000342 x12=0x00034200
       49835000	      4884	80000eee	060d	c.addi	x12,3	 x12:0x00034200 x12=0x00034203
       49845000	      4885	80000ef0	00cd2023	sw	x12,0(x26)	 x26:0x8ffffffc x12:0x00034203 PA:0x8ffffffc store:0x00034203 load:0x00000000
       49855000	      4886	80000ef4	34202673	csrrs	x12,mcause,x0	  x0:0x00000000 x12=0x8000000b
       49865000	      4887	80000ef8	00cd2023	sw	x12,0(x26)	 x26:0x8ffffffc x12:0x8000000b PA:0x8ffffffc store:0x8000000b load:0x00000000
       49875000	      4888	80000efc	90000d37	lui	x26,0x90000	 x26=0x90000000
       49885000	      4889	80000f00	1d71	c.addi	x26,-4	 x26:0x90000000 x26=0x8ffffffc
       49895000	      4890	80000f02	30400613	addi	x12,x0,772	  x0:0x00000000 x12=0x00000304
       49905000	      4891	80000f06	0622	c.slli	x12,0x8	 x12:0x00000304 x12=0x00030400
       49915000	      4892	80000f08	060d	c.addi	x12,3	 x12:0x00030400 x12=0x00030403
       49925000	      4893	80000f0a	00cd2023	sw	x12,0(x26)	 x26:0x8ffffffc x12:0x00030403 PA:0x8ffffffc store:0x00030403 load:0x00000000
       49935000	      4894	80000f0e	30402673	csrrs	x12,mie,x0	  x0:0x00000000 x12=0x66fb0888
       49945000	      4895	80000f12	00cd2023	sw	x12,0(x26)	 x26:0x8ffffffc x12:0x66fb0888 PA:0x8ffffffc store:0x66fb0888 load:0x00000000
       49955000	      4896	80000f16	90000d37	lui	x26,0x90000	 x26=0x90000000
       49965000	      4897	80000f1a	1d71	c.addi	x26,-4	 x26:0x90000000 x26=0x8ffffffc
       49975000	      4898	80000f1c	34400613	addi	x12,x0,836	  x0:0x00000000 x12=0x00000344
       49985000	      4899	80000f20	0622	c.slli	x12,0x8	 x12:0x00000344 x12=0x00034400
       49995000	      4900	80000f22	060d	c.addi	x12,3	 x12:0x00034400 x12=0x00034403
       50005000	      4901	80000f24	00cd2023	sw	x12,0(x26)	 x26:0x8ffffffc x12:0x00034403 PA:0x8ffffffc store:0x00034403 load:0x00000000
       50015000	      4902	80000f28	34402673	csrrs	x12,mip,x0	  x0:0x00000000 x12=0x00000000
       50025000	      4903	80000f2c	00cd2023	sw	x12,0(x26)	 x26:0x8ffffffc x12:0x00000000 PA:0x8ffffffc store:0x00000000 load:0x00000000
       50035000	      4904	80000f30	6ad1006f	jal	x0,80011ddc	  x0=0x00000000
       50055000	      4906	80011ddc	30002673	csrrs	x12,mstatus,x0	  x0:0x00000000 x12=0x00000000
       50065000	      4907	80011de0	30402673	csrrs	x12,mie,x0	  x0:0x00000000 x12=0x66fb0888
       50075000	      4908	80011de4	34402673	csrrs	x12,mip,x0	  x0:0x00000000 x12=0x00000000
       50085000	      4909	80011de8	34463673	csrrc	x12,mip,x12	 x12:0x00000000 x12=0x00000000
       50115000	      4912	80011dec	90000d37	lui	x26,0x90000	 x26=0x90000000
       50125000	      4913	80011df0	1d71	c.addi	x26,-4	 x26:0x90000000 x26=0x8ffffffc
       50135000	      4914	80011df2	461d	c.li	x12,7	 x12=0x00000007
       50145000	      4915	80011df4	0622	c.slli	x12,0x8	 x12:0x00000007 x12=0x00000700
       50155000	      4916	80011df6	00060613	addi	x12,x12,0	 x12:0x00000700 x12=0x00000700
       50165000	      4917	80011dfa	00cd2023	sw	x12,0(x26)	 x26:0x8ffffffc x12:0x00000700 PA:0x8ffffffc store:0x00000700 load:0x00000000
       50175000	      4918	80011dfe	000f04b3	add	x9,x30,x0	 x30:0x8002bc60  x0:0x00000000  x9=0x8002bc60
       50185000	      4919	80011e02	0044a083	lw	x1,4(x9)	  x9:0x8002bc60  x1=0x80014606 PA:0x8002bc64 load:0x80014606
       50195000	      4920	80011e06	0084a103	lw	x2,8(x9)	  x9:0x8002bc60  x2=0x00000000 PA:0x8002bc68 load:0x00000000
       50205000	      4921	80011e0a	00c4a183	lw	x3,12(x9)	  x9:0x8002bc60  x3=0x00000000 PA:0x8002bc6c load:0x00000000
       50215000	      4922	80011e0e	0104a203	lw	x4,16(x9)	  x9:0x8002bc60  x4=0xb5a9d554 PA:0x8002bc70 load:0xb5a9d554
       50225000	      4923	80011e12	0144a283	lw	x5,20(x9)	  x9:0x8002bc60  x5=0x00000000 PA:0x8002bc74 load:0x00000000
       50235000	      4924	80011e16	0184a303	lw	x6,24(x9)	  x9:0x8002bc60  x6=0x00000000 PA:0x8002bc78 load:0x00000000
       50245000	      4925	80011e1a	01c4a383	lw	x7,28(x9)	  x9:0x8002bc60  x7=0x80012374 PA:0x8002bc7c load:0x80012374
       50255000	      4926	80011e1e	5080	c.lw	x8,32(x9)	  x9:0x8002bc60  x8=0x00000000 PA:0x8002bc80 load:0x00000000
       50265000	      4927	80011e20	50c4	c.lw	x9,36(x9)	  x9:0x8002bc60  x9=0x8002bc60 PA:0x8002bc84 load:0x8002bc60
       50285000	      4929	80011e22	5488	c.lw	x10,40(x9)	  x9:0x8002bc60 x10=0x00000000 PA:0x8002bc88 load:0x00000000
       50295000	      4930	80011e24	54cc	c.lw	x11,44(x9)	  x9:0x8002bc60 x11=0x894eacb4 PA:0x8002bc8c load:0x894eacb4
       50305000	      4931	80011e26	5890	c.lw	x12,48(x9)	  x9:0x8002bc60 x12=0x00000000 PA:0x8002bc90 load:0x00000000
       50315000	      4932	80011e28	58d4	c.lw	x13,52(x9)	  x9:0x8002bc60 x13=0x00000008 PA:0x8002bc94 load:0x00000008
       50325000	      4933	80011e2a	5c98	c.lw	x14,56(x9)	  x9:0x8002bc60 x14=0xffffffe4 PA:0x8002bc98 load:0xffffffe4
       50335000	      4934	80011e2c	5cdc	c.lw	x15,60(x9)	  x9:0x8002bc60 x15=0x000000e4 PA:0x8002bc9c load:0x000000e4
       50345000	      4935	80011e2e	0404a803	lw	x16,64(x9)	  x9:0x8002bc60 x16=0x00000000 PA:0x8002bca0 load:0x00000000
       50355000	      4936	80011e32	0444a883	lw	x17,68(x9)	  x9:0x8002bc60 x17=0x8001d40b PA:0x8002bca4 load:0x8001d40b
       50365000	      4937	80011e36	0484a903	lw	x18,72(x9)	  x9:0x8002bc60 x18=0x00000000 PA:0x8002bca8 load:0x00000000
       50375000	      4938	80011e3a	04c4a983	lw	x19,76(x9)	  x9:0x8002bc60 x19=0x00000000 PA:0x8002bcac load:0x00000000
       50385000	      4939	80011e3e	0504aa03	lw	x20,80(x9)	  x9:0x8002bc60 x20=0x7f1fe57e PA:0x8002bcb0 load:0x7f1fe57e
       50395000	      4940	80011e42	0544aa83	lw	x21,84(x9)	  x9:0x8002bc60 x21=0x00000000 PA:0x8002bcb4 load:0x00000000
       50405000	      4941	80011e46	0584ab03	lw	x22,88(x9)	  x9:0x8002bc60 x22=0x00000000 PA:0x8002bcb8 load:0x00000000
       50415000	      4942	80011e4a	05c4ab83	lw	x23,92(x9)	  x9:0x8002bc60 x23=0x8001d40b PA:0x8002bcbc load:0x8001d40b
       50425000	      4943	80011e4e	0604ac03	lw	x24,96(x9)	  x9:0x8002bc60 x24=0x00000054 PA:0x8002bcc0 load:0x00000054
       50435000	      4944	80011e52	0644ac83	lw	x25,100(x9)	  x9:0x8002bc60 x25=0x00000000 PA:0x8002bcc4 load:0x00000000
       50445000	      4945	80011e56	0684ad03	lw	x26,104(x9)	  x9:0x8002bc60 x26=0x00000000 PA:0x8002bcc8 load:0x00000000
       50455000	      4946	80011e5a	06c4ad83	lw	x27,108(x9)	  x9:0x8002bc60 x27=0x00000000 PA:0x8002bccc load:0x00000000
       50465000	      4947	80011e5e	0704ae03	lw	x28,112(x9)	  x9:0x8002bc60 x28=0x00000000 PA:0x8002bcd0 load:0x00000000
       50475000	      4948	80011e62	0744ae83	lw	x29,116(x9)	  x9:0x8002bc60 x29=0x00000000 PA:0x8002bcd4 load:0x00000000
       50485000	      4949	80011e66	0784af03	lw	x30,120(x9)	  x9:0x8002bc60 x30=0x8002bce0 PA:0x8002bcd8 load:0x8002bce0
       50495000	      4950	80011e6a	07c4af83	lw	x31,124(x9)	  x9:0x8002bc60 x31=0x00000000 PA:0x8002bcdc load:0x00000000
       50505000	      4951	80011e6e	08048493	addi	x9,x9,128	  x9:0x8002bc60  x9=0x8002bce0
       50515000	      4952	80011e72	00048f33	add	x30,x9,x0	  x9:0x8002bce0  x0:0x00000000 x30=0x8002bce0
       50525000	      4953	80011e76	000f2483	lw	x9,0(x30)	 x30:0x8002bce0  x9=0x80027e64 PA:0x8002bce0 load:0x80027e64
       50535000	      4954	80011e7a	0f11	c.addi	x30,4	 x30:0x8002bce0 x30=0x8002bce4
       50545000	      4955	80011e7c	30200073	mret	
       50585000	      4959	8000460a	5a108093	addi	x1,x1,1441	  x1:0x80014606  x1=0x80014ba7
       50595000	      4960	8000460e	0000eb17	auipc	x22,0xe	 x22=0x8001260e
       50605000	      4961	80004612	3aab0b13	addi	x22,x22,938	 x22:0x8001260e x22=0x800129b8
       50615000	      4962	80004616	396b1203	lh	x4,918(x22)	 x22:0x800129b8  x4=0x00000000 PA:0x80012d4e load:0x00000000
       50625000	      4963	8000461a	8bc0c383	lbu	x7,-1860(x1)	  x1:0x80014ba7  x7=0x00000000 PA:0x80014463 load:0x00000000
       50635000	      4964	8000461e	25ab1e23	sh	x26,604(x22)	 x22:0x800129b8 x26:0x00000000 PA:0x80012c14 store:0x00000000 load:0x00000000
       50645000	      4965	80004622	94909383	lh	x7,-1719(x1)	  x1:0x80014ba7  x7=0x00000000 PA:0x800144f0 load:0x00000000
       50655000	      4966	80004626	00e08303	lb	x6,14(x1)	  x1:0x80014ba7  x6=0x00000000 PA:0x80014bb5 load:0x00000000
       50665000	      4967	8000462a	17e08423	sb	x30,360(x1)	  x1:0x80014ba7 x30:0x8002bce4 PA:0x80014d0f store:0x8002bce4 load:0x00000000
       50675000	      4968	8000462e	ff6b1703	lh	x14,-10(x22)	 x22:0x800129b8 x14=0x00000000 PA:0x800129ae load:0x00000000
       50685000	      4969	80004632	ec30d983	lhu	x19,-317(x1)	  x1:0x80014ba7 x19=0x00000000 PA:0x80014a6a load:0x00000000
       50695000	      4970	80004636	7a508983	lb	x19,1957(x1)	  x1:0x80014ba7 x19=0x00000000 PA:0x8001534c load:0x00000000
       50705000	      4971	8000463a	60c0c183	lbu	x3,1548(x1)	  x1:0x80014ba7  x3=0x00000000 PA:0x800151b3 load:0x00000000
       50715000	      4972	8000463e	a6a08383	lb	x7,-1430(x1)	  x1:0x80014ba7  x7=0x00000000 PA:0x80014611 load:0x00000000
       50725000	      4973	80004642	bf5b1d23	sh	x21,-1030(x22)	 x22:0x800129b8 x21:0x00000000 PA:0x800125b2 store:0x00000000 load:0x00000000
       50735000	      4974	80004646	c6a095a3	sh	x10,-917(x1)	  x1:0x80014ba7 x10:0x00000000 PA:0x80014812 store:0x00000000 load:0x00000000
       50745000	      4975	8000464a	7cf0d783	lhu	x15,1999(x1)	  x1:0x80014ba7 x15=0x00000000 PA:0x80015376 load:0x00000000
       50755000	      4976	8000464e	fcbb4503	lbu	x10,-53(x22)	 x22:0x800129b8 x10=0x00000000 PA:0x80012983 load:0x00000000
       50765000	      4977	80004652	4c89	c.li	x25,2	 x25=0x00000002
       50775000	      4978	80004654	015050b3	srl	x1,x0,x21	  x0:0x00000000 x21:0x00000000  x1=0x00000000
       50785000	      4979	80004658	41c65033	sra	x0,x12,x28	 x12:0x00000000 x28:0x00000000  x0=0x00000000
       50795000	      4980	8000465c	01db1013	slli	x0,x22,0x1d	 x22:0x800129b8  x0=0x00000000
       50825000	      4983	80004660	02c586b3	mul	x13,x11,x12	 x11:0x894eacb4 x12:0x00000000 x13=0x00000000
       50835000	      4984	80004664	01849e93	slli	x29,x9,0x18	  x9:0x80027e64 x29=0x64000000
       50845000	      4985	80004668	4a99	c.li	x21,6	 x21=0x00000006
       50855000	      4986	8000466a	0062ea33	or	x20,x5,x6	  x5:0x00000000  x6:0x00000000 x20=0x00000000
       50865000	      4987	8000466e	8335	c.srli	x14,0xd	 x14:0x00000000 x14=0x00000000
       50875000	      4988	80004670	00110733	add	x14,x2,x1	  x2:0x00000000  x1:0x00000000 x14=0x00000000
       50915000	      4992	80004674	028dae33	mulhsu	x28,x27,x8	 x27:0x00000000  x8:0x00000000 x28=0x00000000
       50925000	      4993	80004678	0c91	c.addi	x25,4	 x25:0x00000002 x25=0x00000006
       50945000	      4995	8000467a	02d846b3	div	x13,x16,x13	 x16:0x00000000 x13:0x00000000 x13=0xffffffff
       50955000	      4996	8000467e	8f35	c.xor	x14,x13	 x14:0x00000000 x13:0xffffffff x14=0xffffffff
       50965000	      4997	80004680	0001	c.addi	x0,0	  x0:0x00000000  x0=0x00000000
       50975000	      4998	80004682	ff5ce9e3	bltu	x25,x21,80004674	 x25:0x00000006 x21:0x00000006
       50985000	      4999	80004686	011d6bb3	or	x23,x26,x17	 x26:0x00000000 x17:0x8001d40b x23=0x8001d40b
       50995000	      5000	8000468a	00010a17	auipc	x20,0x10	 x20=0x8001468a
       51005000	      5001	8000468e	9f0a0a13	addi	x20,x20,-1552	 x20:0x8001468a x20=0x8001407a
       51025000	      5003	80004692	028f5233	divu	x4,x30,x8	 x30:0x8002bce4  x8:0x00000000  x4=0xffffffff
       51045000	      5005	80004696	02f9d933	divu	x18,x19,x15	 x19:0x00000000 x15:0x00000000 x18=0xffffffff
       51055000	      5006	8000469a	0123f6b3	and	x13,x7,x18	  x7:0x00000000 x18:0xffffffff x13=0x00000000
       51065000	      5007	8000469e	6355	c.lui	x6,0x15	  x6=0x00015000
       51075000	      5008	800046a0	0d49	c.addi	x26,18	 x26:0x00000000 x26=0x00000012
       51085000	      5009	800046a2	6c3a0623	sb	x3,1740(x20)	 x20:0x8001407a  x3:0x00000000 PA:0x80014746 store:0x00000000 load:0x00000000
       51095000	      5010	800046a6	10500073	wfi	
       52315000	      5132	8000252c	905fe06f	jal	x0,80000e30	  x0=0x00000000
       52335000	      5134	80000e30	1f71	c.addi	x30,-4	 x30:0x8002bce4 x30=0x8002bce0
       52345000	      5135	80000e32	009f2023	sw	x9,0(x30)	 x30:0x8002bce0  x9:0x80027e64 PA:0x8002bce0 store:0x80027e64 load:0x00000000
       52355000	      5136	80000e36	000f04b3	add	x9,x30,x0	 x30:0x8002bce0  x0:0x00000000  x9=0x8002bce0
       52365000	      5137	80000e3a	f8048493	addi	x9,x9,-128	  x9:0x8002bce0  x9=0x8002bc60
       52375000	      5138	80000e3e	0014a223	sw	x1,4(x9)	  x9:0x8002bc60  x1:0x00000000 PA:0x8002bc64 store:0x00000000 load:0x00000000
       52385000	      5139	80000e42	0024a423	sw	x2,8(x9)	  x9:0x8002bc60  x2:0x00000000 PA:0x8002bc68 store:0x00000000 load:0x00000000
       52395000	      5140	80000e46	0034a623	sw	x3,12(x9)	  x9:0x8002bc60  x3:0x00000000 PA:0x8002bc6c store:0x00000000 load:0x00000000
       52405000	      5141	80000e4a	0044a823	sw	x4,16(x9)	  x9:0x8002bc60  x4:0xffffffff PA:0x8002bc70 store:0xffffffff load:0x00000000
       52415000	      5142	80000e4e	0054aa23	sw	x5,20(x9)	  x9:0x8002bc60  x5:0x00000000 PA:0x8002bc74 store:0x00000000 load:0x00000000
       52425000	      5143	80000e52	0064ac23	sw	x6,24(x9)	  x9:0x8002bc60  x6:0x00015000 PA:0x8002bc78 store:0x00015000 load:0x00000000
       52435000	      5144	80000e56	0074ae23	sw	x7,28(x9)	  x9:0x8002bc60  x7:0x00000000 PA:0x8002bc7c store:0x00000000 load:0x00000000
       52445000	      5145	80000e5a	d080	c.sw	x8,32(x9)	  x9:0x8002bc60  x8:0x00000000 PA:0x8002bc80 store:0x00000000 load:0x00000000
       52455000	      5146	80000e5c	d0c4	c.sw	x9,36(x9)	  x9:0x8002bc60  x9:0x8002bc60 PA:0x8002bc84 store:0x8002bc60 load:0x00000000
       52465000	      5147	80000e5e	d488	c.sw	x10,40(x9)	  x9:0x8002bc60 x10:0x00000000 PA:0x8002bc88 store:0x00000000 load:0x00000000
       52475000	      5148	80000e60	d4cc	c.sw	x11,44(x9)	  x9:0x8002bc60 x11:0x894eacb4 PA:0x8002bc8c store:0x894eacb4 load:0x00000000
       52485000	      5149	80000e62	d890	c.sw	x12,48(x9)	  x9:0x8002bc60 x12:0x00000000 PA:0x8002bc90 store:0x00000000 load:0x00000000
       52495000	      5150	80000e64	d8d4	c.sw	x13,52(x9)	  x9:0x8002bc60 x13:0x00000000 PA:0x8002bc94 store:0x00000000 load:0x00000000
       52505000	      5151	80000e66	dc98	c.sw	x14,56(x9)	  x9:0x8002bc60 x14:0xffffffff PA:0x8002bc98 store:0xffffffff load:0x00000000
       52515000	      5152	80000e68	dcdc	c.sw	x15,60(x9)	  x9:0x8002bc60 x15:0x00000000 PA:0x8002bc9c store:0x00000000 load:0x00000000
       52525000	      5153	80000e6a	0504a023	sw	x16,64(x9)	  x9:0x8002bc60 x16:0x00000000 PA:0x8002bca0 store:0x00000000 load:0x00000000
       52535000	      5154	80000e6e	0514a223	sw	x17,68(x9)	  x9:0x8002bc60 x17:0x8001d40b PA:0x8002bca4 store:0x8001d40b load:0x00000000
       52545000	      5155	80000e72	0524a423	sw	x18,72(x9)	  x9:0x8002bc60 x18:0xffffffff PA:0x8002bca8 store:0xffffffff load:0x00000000
       52555000	      5156	80000e76	0534a623	sw	x19,76(x9)	  x9:0x8002bc60 x19:0x00000000 PA:0x8002bcac store:0x00000000 load:0x00000000
       52565000	      5157	80000e7a	0544a823	sw	x20,80(x9)	  x9:0x8002bc60 x20:0x8001407a PA:0x8002bcb0 store:0x8001407a load:0x00000000
       52575000	      5158	80000e7e	0554aa23	sw	x21,84(x9)	  x9:0x8002bc60 x21:0x00000006 PA:0x8002bcb4 store:0x00000006 load:0x00000000
       52585000	      5159	80000e82	0564ac23	sw	x22,88(x9)	  x9:0x8002bc60 x22:0x800129b8 PA:0x8002bcb8 store:0x800129b8 load:0x00000000
       52595000	      5160	80000e86	0574ae23	sw	x23,92(x9)	  x9:0x8002bc60 x23:0x8001d40b PA:0x8002bcbc store:0x8001d40b load:0x00000000
       52605000	      5161	80000e8a	0784a023	sw	x24,96(x9)	  x9:0x8002bc60 x24:0x00000054 PA:0x8002bcc0 store:0x00000054 load:0x00000000
       52615000	      5162	80000e8e	0794a223	sw	x25,100(x9)	  x9:0x8002bc60 x25:0x00000006 PA:0x8002bcc4 store:0x00000006 load:0x00000000
       52625000	      5163	80000e92	07a4a423	sw	x26,104(x9)	  x9:0x8002bc60 x26:0x00000012 PA:0x8002bcc8 store:0x00000012 load:0x00000000
       52635000	      5164	80000e96	07b4a623	sw	x27,108(x9)	  x9:0x8002bc60 x27:0x00000000 PA:0x8002bccc store:0x00000000 load:0x00000000
       52645000	      5165	80000e9a	07c4a823	sw	x28,112(x9)	  x9:0x8002bc60 x28:0x00000000 PA:0x8002bcd0 store:0x00000000 load:0x00000000
       52655000	      5166	80000e9e	07d4aa23	sw	x29,116(x9)	  x9:0x8002bc60 x29:0x64000000 PA:0x8002bcd4 store:0x64000000 load:0x00000000
       52665000	      5167	80000ea2	07e4ac23	sw	x30,120(x9)	  x9:0x8002bc60 x30:0x8002bce0 PA:0x8002bcd8 store:0x8002bce0 load:0x00000000
       52675000	      5168	80000ea6	07f4ae23	sw	x31,124(x9)	  x9:0x8002bc60 x31:0x00000000 PA:0x8002bcdc store:0x00000000 load:0x00000000
       52685000	      5169	80000eaa	00048f33	add	x30,x9,x0	  x9:0x8002bc60  x0:0x00000000 x30=0x8002bc60
       52695000	      5170	80000eae	90000d37	lui	x26,0x90000	 x26=0x90000000
       52705000	      5171	80000eb2	1d71	c.addi	x26,-4	 x26:0x90000000 x26=0x8ffffffc
       52715000	      5172	80000eb4	4619	c.li	x12,6	 x12=0x00000006
       52725000	      5173	80000eb6	0622	c.slli	x12,0x8	 x12:0x00000006 x12=0x00000600
       52735000	      5174	80000eb8	00060613	addi	x12,x12,0	 x12:0x00000600 x12=0x00000600
       52745000	      5175	80000ebc	00cd2023	sw	x12,0(x26)	 x26:0x8ffffffc x12:0x00000600 PA:0x8ffffffc store:0x00000600 load:0x00000000
       52755000	      5176	80000ec0	34202673	csrrs	x12,mcause,x0	  x0:0x00000000 x12=0x8000000b
       52765000	      5177	80000ec4	827d	c.srli	x12,0x1f	 x12:0x8000000b x12=0x00000001
       52775000	      5178	80000ec6	c63d	c.beqz	x12,80000f34	 x12:0x00000001
       52785000	      5179	80000ec8	90000d37	lui	x26,0x90000	 x26=0x90000000
       52795000	      5180	80000ecc	1d71	c.addi	x26,-4	 x26:0x90000000 x26=0x8ffffffc
       52805000	      5181	80000ece	30000613	addi	x12,x0,768	  x0:0x00000000 x12=0x00000300
       52815000	      5182	80000ed2	0622	c.slli	x12,0x8	 x12:0x00000300 x12=0x00030000
       52825000	      5183	80000ed4	060d	c.addi	x12,3	 x12:0x00030000 x12=0x00030003
       52835000	      5184	80000ed6	00cd2023	sw	x12,0(x26)	 x26:0x8ffffffc x12:0x00030003 PA:0x8ffffffc store:0x00030003 load:0x00000000
       52845000	      5185	80000eda	30002673	csrrs	x12,mstatus,x0	  x0:0x00000000 x12=0x00000000
       52855000	      5186	80000ede	00cd2023	sw	x12,0(x26)	 x26:0x8ffffffc x12:0x00000000 PA:0x8ffffffc store:0x00000000 load:0x00000000
       52865000	      5187	80000ee2	90000d37	lui	x26,0x90000	 x26=0x90000000
       52875000	      5188	80000ee6	1d71	c.addi	x26,-4	 x26:0x90000000 x26=0x8ffffffc
       52885000	      5189	80000ee8	34200613	addi	x12,x0,834	  x0:0x00000000 x12=0x00000342
       52895000	      5190	80000eec	0622	c.slli	x12,0x8	 x12:0x00000342 x12=0x00034200
       52905000	      5191	80000eee	060d	c.addi	x12,3	 x12:0x00034200 x12=0x00034203
       52915000	      5192	80000ef0	00cd2023	sw	x12,0(x26)	 x26:0x8ffffffc x12:0x00034203 PA:0x8ffffffc store:0x00034203 load:0x00000000
       52925000	      5193	80000ef4	34202673	csrrs	x12,mcause,x0	  x0:0x00000000 x12=0x8000000b
       52935000	      5194	80000ef8	00cd2023	sw	x12,0(x26)	 x26:0x8ffffffc x12:0x8000000b PA:0x8ffffffc store:0x8000000b load:0x00000000
       52945000	      5195	80000efc	90000d37	lui	x26,0x90000	 x26=0x90000000
       52955000	      5196	80000f00	1d71	c.addi	x26,-4	 x26:0x90000000 x26=0x8ffffffc
       52965000	      5197	80000f02	30400613	addi	x12,x0,772	  x0:0x00000000 x12=0x00000304
       52975000	      5198	80000f06	0622	c.slli	x12,0x8	 x12:0x00000304 x12=0x00030400
       52985000	      5199	80000f08	060d	c.addi	x12,3	 x12:0x00030400 x12=0x00030403
       52995000	      5200	80000f0a	00cd2023	sw	x12,0(x26)	 x26:0x8ffffffc x12:0x00030403 PA:0x8ffffffc store:0x00030403 load:0x00000000
       53005000	      5201	80000f0e	30402673	csrrs	x12,mie,x0	  x0:0x00000000 x12=0x66fb0888
       53015000	      5202	80000f12	00cd2023	sw	x12,0(x26)	 x26:0x8ffffffc x12:0x66fb0888 PA:0x8ffffffc store:0x66fb0888 load:0x00000000
       53025000	      5203	80000f16	90000d37	lui	x26,0x90000	 x26=0x90000000
       53035000	      5204	80000f1a	1d71	c.addi	x26,-4	 x26:0x90000000 x26=0x8ffffffc
       53045000	      5205	80000f1c	34400613	addi	x12,x0,836	  x0:0x00000000 x12=0x00000344
       53055000	      5206	80000f20	0622	c.slli	x12,0x8	 x12:0x00000344 x12=0x00034400
       53065000	      5207	80000f22	060d	c.addi	x12,3	 x12:0x00034400 x12=0x00034403
       53075000	      5208	80000f24	00cd2023	sw	x12,0(x26)	 x26:0x8ffffffc x12:0x00034403 PA:0x8ffffffc store:0x00034403 load:0x00000000
       53085000	      5209	80000f28	34402673	csrrs	x12,mip,x0	  x0:0x00000000 x12=0x00000000
       53095000	      5210	80000f2c	00cd2023	sw	x12,0(x26)	 x26:0x8ffffffc x12:0x00000000 PA:0x8ffffffc store:0x00000000 load:0x00000000
       53105000	      5211	80000f30	6ad1006f	jal	x0,80011ddc	  x0=0x00000000
       53125000	      5213	80011ddc	30002673	csrrs	x12,mstatus,x0	  x0:0x00000000 x12=0x00000000
       53135000	      5214	80011de0	30402673	csrrs	x12,mie,x0	  x0:0x00000000 x12=0x66fb0888
       53145000	      5215	80011de4	34402673	csrrs	x12,mip,x0	  x0:0x00000000 x12=0x00000000
       53155000	      5216	80011de8	34463673	csrrc	x12,mip,x12	 x12:0x00000000 x12=0x00000000
       53185000	      5219	80011dec	90000d37	lui	x26,0x90000	 x26=0x90000000
       53195000	      5220	80011df0	1d71	c.addi	x26,-4	 x26:0x90000000 x26=0x8ffffffc
       53205000	      5221	80011df2	461d	c.li	x12,7	 x12=0x00000007
       53215000	      5222	80011df4	0622	c.slli	x12,0x8	 x12:0x00000007 x12=0x00000700
       53225000	      5223	80011df6	00060613	addi	x12,x12,0	 x12:0x00000700 x12=0x00000700
       53235000	      5224	80011dfa	00cd2023	sw	x12,0(x26)	 x26:0x8ffffffc x12:0x00000700 PA:0x8ffffffc store:0x00000700 load:0x00000000
       53245000	      5225	80011dfe	000f04b3	add	x9,x30,x0	 x30:0x8002bc60  x0:0x00000000  x9=0x8002bc60
       53255000	      5226	80011e02	0044a083	lw	x1,4(x9)	  x9:0x8002bc60  x1=0x00000000 PA:0x8002bc64 load:0x00000000
       53265000	      5227	80011e06	0084a103	lw	x2,8(x9)	  x9:0x8002bc60  x2=0x00000000 PA:0x8002bc68 load:0x00000000
       53275000	      5228	80011e0a	00c4a183	lw	x3,12(x9)	  x9:0x8002bc60  x3=0x00000000 PA:0x8002bc6c load:0x00000000
       53285000	      5229	80011e0e	0104a203	lw	x4,16(x9)	  x9:0x8002bc60  x4=0xffffffff PA:0x8002bc70 load:0xffffffff
       53295000	      5230	80011e12	0144a283	lw	x5,20(x9)	  x9:0x8002bc60  x5=0x00000000 PA:0x8002bc74 load:0x00000000
       53305000	      5231	80011e16	0184a303	lw	x6,24(x9)	  x9:0x8002bc60  x6=0x00015000 PA:0x8002bc78 load:0x00015000
       53315000	      5232	80011e1a	01c4a383	lw	x7,28(x9)	  x9:0x8002bc60  x7=0x00000000 PA:0x8002bc7c load:0x00000000
       53325000	      5233	80011e1e	5080	c.lw	x8,32(x9)	  x9:0x8002bc60  x8=0x00000000 PA:0x8002bc80 load:0x00000000
       53335000	      5234	80011e20	50c4	c.lw	x9,36(x9)	  x9:0x8002bc60  x9=0x8002bc60 PA:0x8002bc84 load:0x8002bc60
       53355000	      5236	80011e22	5488	c.lw	x10,40(x9)	  x9:0x8002bc60 x10=0x00000000 PA:0x8002bc88 load:0x00000000
       53365000	      5237	80011e24	54cc	c.lw	x11,44(x9)	  x9:0x8002bc60 x11=0x894eacb4 PA:0x8002bc8c load:0x894eacb4
       53375000	      5238	80011e26	5890	c.lw	x12,48(x9)	  x9:0x8002bc60 x12=0x00000000 PA:0x8002bc90 load:0x00000000
       53385000	      5239	80011e28	58d4	c.lw	x13,52(x9)	  x9:0x8002bc60 x13=0x00000000 PA:0x8002bc94 load:0x00000000
       53395000	      5240	80011e2a	5c98	c.lw	x14,56(x9)	  x9:0x8002bc60 x14=0xffffffff PA:0x8002bc98 load:0xffffffff
       53405000	      5241	80011e2c	5cdc	c.lw	x15,60(x9)	  x9:0x8002bc60 x15=0x00000000 PA:0x8002bc9c load:0x00000000
       53415000	      5242	80011e2e	0404a803	lw	x16,64(x9)	  x9:0x8002bc60 x16=0x00000000 PA:0x8002bca0 load:0x00000000
       53425000	      5243	80011e32	0444a883	lw	x17,68(x9)	  x9:0x8002bc60 x17=0x8001d40b PA:0x8002bca4 load:0x8001d40b
       53435000	      5244	80011e36	0484a903	lw	x18,72(x9)	  x9:0x8002bc60 x18=0xffffffff PA:0x8002bca8 load:0xffffffff
       53445000	      5245	80011e3a	04c4a983	lw	x19,76(x9)	  x9:0x8002bc60 x19=0x00000000 PA:0x8002bcac load:0x00000000
       53455000	      5246	80011e3e	0504aa03	lw	x20,80(x9)	  x9:0x8002bc60 x20=0x8001407a PA:0x8002bcb0 load:0x8001407a
       53465000	      5247	80011e42	0544aa83	lw	x21,84(x9)	  x9:0x8002bc60 x21=0x00000006 PA:0x8002bcb4 load:0x00000006
       53475000	      5248	80011e46	0584ab03	lw	x22,88(x9)	  x9:0x8002bc60 x22=0x800129b8 PA:0x8002bcb8 load:0x800129b8
       53485000	      5249	80011e4a	05c4ab83	lw	x23,92(x9)	  x9:0x8002bc60 x23=0x8001d40b PA:0x8002bcbc load:0x8001d40b
       53495000	      5250	80011e4e	0604ac03	lw	x24,96(x9)	  x9:0x8002bc60 x24=0x00000054 PA:0x8002bcc0 load:0x00000054
       53505000	      5251	80011e52	0644ac83	lw	x25,100(x9)	  x9:0x8002bc60 x25=0x00000006 PA:0x8002bcc4 load:0x00000006
       53515000	      5252	80011e56	0684ad03	lw	x26,104(x9)	  x9:0x8002bc60 x26=0x00000012 PA:0x8002bcc8 load:0x00000012
       53525000	      5253	80011e5a	06c4ad83	lw	x27,108(x9)	  x9:0x8002bc60 x27=0x00000000 PA:0x8002bccc load:0x00000000
       53535000	      5254	80011e5e	0704ae03	lw	x28,112(x9)	  x9:0x8002bc60 x28=0x00000000 PA:0x8002bcd0 load:0x00000000
       53545000	      5255	80011e62	0744ae83	lw	x29,116(x9)	  x9:0x8002bc60 x29=0x64000000 PA:0x8002bcd4 load:0x64000000
       53555000	      5256	80011e66	0784af03	lw	x30,120(x9)	  x9:0x8002bc60 x30=0x8002bce0 PA:0x8002bcd8 load:0x8002bce0
       53565000	      5257	80011e6a	07c4af83	lw	x31,124(x9)	  x9:0x8002bc60 x31=0x00000000 PA:0x8002bcdc load:0x00000000
       53575000	      5258	80011e6e	08048493	addi	x9,x9,128	  x9:0x8002bc60  x9=0x8002bce0
       53585000	      5259	80011e72	00048f33	add	x30,x9,x0	  x9:0x8002bce0  x0:0x00000000 x30=0x8002bce0
       53595000	      5260	80011e76	000f2483	lw	x9,0(x30)	 x30:0x8002bce0  x9=0x80027e64 PA:0x8002bce0 load:0x80027e64
       53605000	      5261	80011e7a	0f11	c.addi	x30,4	 x30:0x8002bce0 x30=0x8002bce4
       53615000	      5262	80011e7c	30200073	mret	
       53655000	      5266	800046aa	017a8033	add	x0,x21,x23	 x21:0x00000006 x23:0x8001d40b  x0=0x00000000
       53665000	      5267	800046ae	d3c0ed13	ori	x26,x1,-708	  x1:0x00000000 x26=0xfffffd3c
       53675000	      5268	800046b2	0001	c.addi	x0,0	  x0:0x00000000  x0=0x00000000
       53685000	      5269	800046b4	0ff0000f	fence	iorw,iorw	
       53695000	      5270	800046b8	67fa04a3	sb	x31,1641(x20)	 x20:0x8001407a x31:0x00000000 PA:0x800146e3 store:0x00000000 load:0x00000000
       53705000	      5271	800046bc	004d9533	sll	x10,x27,x4	 x27:0x00000000  x4:0xffffffff x10=0x00000000
       53715000	      5272	800046c0	0000100f	fence.i	
       53735000	      5274	800046c4	008147b3	xor	x15,x2,x8	  x2:0x00000000  x8:0x00000000 x15=0x00000000
       53745000	      5275	800046c8	e04f0693	addi	x13,x30,-508	 x30:0x8002bce4 x13=0x8002bae8
       53755000	      5276	800046cc	660a08a3	sb	x0,1649(x20)	 x20:0x8001407a  x0:0x00000000 PA:0x800146eb store:0x00000000 load:0x00000000
       53765000	      5277	800046d0	6b1d	c.lui	x22,0x7	 x22=0x00007000
       53805000	      5281	800046d2	036a9e33	mulh	x28,x21,x22	 x21:0x00000006 x22:0x00007000 x28=0x00000000
       53815000	      5282	800046d6	424a5c83	lhu	x25,1060(x20)	 x20:0x8001407a x25=0x00000000 PA:0x8001449e load:0x00000000
       53825000	      5283	800046da	b25a4403	lbu	x8,-1243(x20)	 x20:0x8001407a  x8=0x00000000 PA:0x80013b9f load:0x00000000
       53835000	      5284	800046de	8ff1	c.and	x15,x12	 x15:0x00000000 x12:0x00000000 x15=0x00000000
       53845000	      5285	800046e0	0001	c.addi	x0,0	  x0:0x00000000  x0=0x00000000
       53855000	      5286	800046e2	ed8a4083	lbu	x1,-296(x20)	 x20:0x8001407a  x1=0x00000000 PA:0x80013f52 load:0x00000000
       53865000	      5287	800046e6	afba0303	lb	x6,-1285(x20)	 x20:0x8001407a  x6=0x00000000 PA:0x80013b75 load:0x00000000
       53875000	      5288	800046ea	0001	c.addi	x0,0	  x0:0x00000000  x0=0x00000000
       53885000	      5289	800046ec	efaa03a3	sb	x26,-281(x20)	 x20:0x8001407a x26:0xfffffd3c PA:0x80013f61 store:0xfffffd3c load:0x00000000
       53895000	      5290	800046f0	6695	c.lui	x13,0x5	 x13=0x00005000
       53905000	      5291	800046f2	255a0003	lb	x0,597(x20)	 x20:0x8001407a  x0=0x00000000 PA:0x800142cf load:0x00000000
       53915000	      5292	800046f6	bcaa4e03	lbu	x28,-1078(x20)	 x20:0x8001407a x28=0x00000000 PA:0x80013c44 load:0x00000000
       53925000	      5293	800046fa	0001bc17	auipc	x24,0x1b	 x24=0x8001f6fa
       53935000	      5294	800046fe	46cc0c13	addi	x24,x24,1132	 x24:0x8001f6fa x24=0x8001fb66
       53945000	      5295	80004702	0000eb17	auipc	x22,0xe	 x22=0x80012702
       53955000	      5296	80004706	1a6b0b13	addi	x22,x22,422	 x22:0x80012702 x22=0x800128a8
       53965000	      5297	8000470a	d4ab5303	lhu	x6,-694(x22)	 x22:0x800128a8  x6=0x00000000 PA:0x800125f2 load:0x00000000
       53975000	      5298	8000470e	f7fc0783	lb	x15,-129(x24)	 x24:0x8001fb66 x15=0x00000000 PA:0x8001fae5 load:0x00000000
       53985000	      5299	80004712	e50b0fa3	sb	x16,-417(x22)	 x22:0x800128a8 x16:0x00000000 PA:0x80012707 store:0x00000000 load:0x00000000
       53995000	      5300	80004716	f98c1a03	lh	x20,-104(x24)	 x24:0x8001fb66 x20=0x00000000 PA:0x8001fafe load:0x00000000
       54005000	      5301	8000471a	6fdb07a3	sb	x29,1775(x22)	 x22:0x800128a8 x29:0x64000000 PA:0x80012f97 store:0x64000000 load:0x00000000
       54015000	      5302	8000471e	017b0603	lb	x12,23(x22)	 x22:0x800128a8 x12=0x00000000 PA:0x800128bf load:0x00000000
       54025000	      5303	80004722	bf2b04a3	sb	x18,-1047(x22)	 x22:0x800128a8 x18:0xffffffff PA:0x80012491 store:0xffffffff load:0x00000000
       54035000	      5304	80004726	f3cc0983	lb	x19,-196(x24)	 x24:0x8001fb66 x19=0x00000000 PA:0x8001faa2 load:0x00000000
       54045000	      5305	8000472a	0adc4f83	lbu	x31,173(x24)	 x24:0x8001fb66 x31=0x00000000 PA:0x8001fc13 load:0x00000000
       54055000	      5306	8000472e	fefb4383	lbu	x7,-17(x22)	 x22:0x800128a8  x7=0x00000000 PA:0x80012897 load:0x00000000
       54065000	      5307	80004732	fe5c0e23	sb	x5,-4(x24)	 x24:0x8001fb66  x5:0x00000000 PA:0x8001fb62 store:0x00000000 load:0x00000000
       54075000	      5308	80004736	f98b1203	lh	x4,-104(x22)	 x22:0x800128a8  x4=0x00000000 PA:0x80012840 load:0x00000000
       54085000	      5309	8000473a	09bc0ca3	sb	x27,153(x24)	 x24:0x8001fb66 x27:0x00000000 PA:0x8001fbff store:0x00000000 load:0x00000000
       54095000	      5310	8000473e	096c1a83	lh	x21,150(x24)	 x24:0x8001fb66 x21=0x00000000 PA:0x8001fbfc load:0x00000000
       54105000	      5311	80004742	06ec03a3	sb	x14,103(x24)	 x24:0x8001fb66 x14:0xffffffff PA:0x8001fbcd store:0xffffffff load:0x00000000
       54115000	      5312	80004746	bf4b2683	lw	x13,-1036(x22)	 x22:0x800128a8 x13=0x00000000 PA:0x8001249c load:0x00000000
       54125000	      5313	8000474a	45eb0083	lb	x1,1118(x22)	 x22:0x800128a8  x1=0x00000000 PA:0x80012d06 load:0x00000000
       54135000	      5314	8000474e	ed9b0c83	lb	x25,-295(x22)	 x22:0x800128a8 x25=0x00000000 PA:0x80012781 load:0x00000000
       54145000	      5315	80004752	0000e517	auipc	x10,0xe	 x10=0x80012752
       54155000	      5316	80004756	76950513	addi	x10,x10,1897	 x10:0x80012752 x10=0x80012ebb
       54165000	      5317	8000475a	f2a54b03	lbu	x22,-214(x10)	 x10:0x80012ebb x22=0x00000000 PA:0x80012de5 load:0x00000000
       54175000	      5318	8000475e	6321	c.lui	x6,0x8	  x6=0x00008000
       54545000	      5355	80004760	02e56fb3	rem	x31,x10,x14	 x10:0x80012ebb x14:0xffffffff x31=0x00000000
       54555000	      5356	80004764	0a17be13	sltiu	x28,x15,161	 x15:0x00000000 x28=0x00000001
       54565000	      5357	80004768	a0350aa3	sb	x3,-1515(x10)	 x10:0x80012ebb  x3:0x00000000 PA:0x800128d0 store:0x00000000 load:0x00000000
       54575000	      5358	8000476c	0ba50a03	lb	x20,186(x10)	 x10:0x80012ebb x20=0x00000000 PA:0x80012f75 load:0x00000000
       54585000	      5359	80004770	8fa5	c.xor	x15,x9	 x15:0x00000000  x9:0x80027e64 x15=0x80027e64
       54595000	      5360	80004772	07351903	lh	x18,115(x10)	 x10:0x80012ebb x18=0x00000000 PA:0x80012f2e load:0x00000000
       54605000	      5361	80004776	0291	c.addi	x5,4	  x5:0x00000000  x5=0x00000004
       54615000	      5362	80004778	01f1bbb3	sltu	x23,x3,x31	  x3:0x00000000 x31:0x00000000 x23=0x00000000
       54625000	      5363	8000477c	97f50123	sb	x31,-1694(x10)	 x10:0x80012ebb x31:0x00000000 PA:0x8001281d store:0x00000000 load:0x00000000
       54635000	      5364	80004780	ae750b23	sb	x7,-1290(x10)	 x10:0x80012ebb  x7:0x00000000 PA:0x800129b1 store:0x00000000 load:0x00000000
       54645000	      5365	80004784	8bdd	c.andi	x15,23	 x15:0x80027e64 x15=0x00000004
       54655000	      5366	80004786	8ea9	c.xor	x13,x10	 x13:0x00000000 x10:0x80012ebb x13=0x80012ebb
       54665000	      5367	80004788	87a5	c.srai	x15,0x9	 x15:0x00000004 x15=0x00000000
       54675000	      5368	8000478a	00026db3	or	x27,x4,x0	  x4:0x00000000  x0:0x00000000 x27=0x00000000
       54685000	      5369	8000478e	9c650a03	lb	x20,-1594(x10)	 x10:0x80012ebb x20=0x00000000 PA:0x80012881 load:0x00000000
       54705000	      5371	80004792	0219c8b3	div	x17,x19,x1	 x19:0x00000000  x1:0x00000000 x17=0xffffffff
       54715000	      5372	80004796	046d	c.addi	x8,27	  x8:0x00000000  x8=0x0000001b
       54725000	      5373	80004798	c3350ba3	sb	x19,-969(x10)	 x10:0x80012ebb x19:0x00000000 PA:0x80012af2 store:0x00000000 load:0x00000000
       54735000	      5374	8000479c	8b4500a3	sb	x20,-1887(x10)	 x10:0x80012ebb x20:0x00000000 PA:0x8001275c store:0x00000000 load:0x00000000
       54745000	      5375	800047a0	6e21	c.lui	x28,0x8	 x28=0x00008000
       54755000	      5376	800047a2	8fc51ca3	sh	x28,-1799(x10)	 x10:0x80012ebb x28:0x00008000 PA:0x800127b4 store:0x00008000 load:0x00000000
       54765000	      5377	800047a6	00fc5c93	srli	x25,x24,0xf	 x24:0x8001fb66 x25=0x00010003
       54775000	      5378	800047aa	f5c54283	lbu	x5,-164(x10)	 x10:0x80012ebb  x5=0x00000000 PA:0x80012e17 load:0x00000000
       54785000	      5379	800047ae	dba51ea3	sh	x26,-579(x10)	 x10:0x80012ebb x26:0xfffffd3c PA:0x80012c78 store:0xfffffd3c load:0x00000000
       54795000	      5380	800047b2	d9f51ba3	sh	x31,-617(x10)	 x10:0x80012ebb x31:0x00000000 PA:0x80012c52 store:0x00000000 load:0x00000000
       54805000	      5381	800047b6	0ff0000f	fence	iorw,iorw	
       54815000	      5382	800047ba	c4f505a3	sb	x15,-949(x10)	 x10:0x80012ebb x15:0x00000000 PA:0x80012b06 store:0x00000000 load:0x00000000
       54825000	      5383	800047be	c7154a83	lbu	x21,-911(x10)	 x10:0x80012ebb x21=0x00000000 PA:0x80012b2c load:0x00000000
       54835000	      5384	800047c2	40658a33	sub	x20,x11,x6	 x11:0x894eacb4  x6:0x00008000 x20=0x894e2cb4
       54845000	      5385	800047c6	0195f7b3	and	x15,x11,x25	 x11:0x894eacb4 x25:0x00010003 x15=0x00000000
       54855000	      5386	800047ca	8f69	c.and	x14,x10	 x14:0xffffffff x10:0x80012ebb x14=0x80012ebb
       54865000	      5387	800047cc	8b86	c.mv	x23,x1	  x0:0x00000000  x1:0x00000000 x23=0x00000000
       54875000	      5388	800047ce	845d	c.srai	x8,0x17	  x8:0x0000001b  x8=0x00000000
       54885000	      5389	800047d0	8f49	c.or	x14,x10	 x14:0x80012ebb x10:0x80012ebb x14=0x80012ebb
       54895000	      5390	800047d2	85250683	lb	x13,-1966(x10)	 x10:0x80012ebb x13=0x00000000 PA:0x8001270d load:0x00000000
       54905000	      5391	800047d6	aa351a83	lh	x21,-1373(x10)	 x10:0x80012ebb x21=0x00000000 PA:0x8001295e load:0x00000000
       54915000	      5392	800047da	40dd0eb3	sub	x29,x26,x13	 x26:0xfffffd3c x13:0x00000000 x29=0xfffffd3c
       54955000	      5396	800047de	0367b0b3	mulhu	x1,x15,x22	 x15:0x00000000 x22:0x00000000  x1=0x00000000
       54965000	      5397	800047e2	48c30c13	addi	x24,x6,1164	  x6:0x00008000 x24=0x0000848c
       55335000	      5434	800047e6	02685c33	divu	x24,x16,x6	 x16:0x00000000  x6:0x00008000 x24=0x00000000
       55345000	      5435	800047ea	eb5511a3	sh	x21,-349(x10)	 x10:0x80012ebb x21:0x00000000 PA:0x80012d5e store:0x00000000 load:0x00000000
       55385000	      5439	8000252c	905fe06f	jal	x0,80000e30	  x0=0x00000000
       55405000	      5441	80000e30	1f71	c.addi	x30,-4	 x30:0x8002bce4 x30=0x8002bce0
       55415000	      5442	80000e32	009f2023	sw	x9,0(x30)	 x30:0x8002bce0  x9:0x80027e64 PA:0x8002bce0 store:0x80027e64 load:0x00000000
       55425000	      5443	80000e36	000f04b3	add	x9,x30,x0	 x30:0x8002bce0  x0:0x00000000  x9=0x8002bce0
       55435000	      5444	80000e3a	f8048493	addi	x9,x9,-128	  x9:0x8002bce0  x9=0x8002bc60
       55445000	      5445	80000e3e	0014a223	sw	x1,4(x9)	  x9:0x8002bc60  x1:0x00000000 PA:0x8002bc64 store:0x00000000 load:0x00000000
       55455000	      5446	80000e42	0024a423	sw	x2,8(x9)	  x9:0x8002bc60  x2:0x00000000 PA:0x8002bc68 store:0x00000000 load:0x00000000
       55465000	      5447	80000e46	0034a623	sw	x3,12(x9)	  x9:0x8002bc60  x3:0x00000000 PA:0x8002bc6c store:0x00000000 load:0x00000000
       55475000	      5448	80000e4a	0044a823	sw	x4,16(x9)	  x9:0x8002bc60  x4:0x00000000 PA:0x8002bc70 store:0x00000000 load:0x00000000
       55485000	      5449	80000e4e	0054aa23	sw	x5,20(x9)	  x9:0x8002bc60  x5:0x00000000 PA:0x8002bc74 store:0x00000000 load:0x00000000
       55495000	      5450	80000e52	0064ac23	sw	x6,24(x9)	  x9:0x8002bc60  x6:0x00008000 PA:0x8002bc78 store:0x00008000 load:0x00000000
       55505000	      5451	80000e56	0074ae23	sw	x7,28(x9)	  x9:0x8002bc60  x7:0x00000000 PA:0x8002bc7c store:0x00000000 load:0x00000000
       55515000	      5452	80000e5a	d080	c.sw	x8,32(x9)	  x9:0x8002bc60  x8:0x00000000 PA:0x8002bc80 store:0x00000000 load:0x00000000
       55525000	      5453	80000e5c	d0c4	c.sw	x9,36(x9)	  x9:0x8002bc60  x9:0x8002bc60 PA:0x8002bc84 store:0x8002bc60 load:0x00000000
       55535000	      5454	80000e5e	d488	c.sw	x10,40(x9)	  x9:0x8002bc60 x10:0x80012ebb PA:0x8002bc88 store:0x80012ebb load:0x00000000
       55545000	      5455	80000e60	d4cc	c.sw	x11,44(x9)	  x9:0x8002bc60 x11:0x894eacb4 PA:0x8002bc8c store:0x894eacb4 load:0x00000000
       55555000	      5456	80000e62	d890	c.sw	x12,48(x9)	  x9:0x8002bc60 x12:0x00000000 PA:0x8002bc90 store:0x00000000 load:0x00000000
       55565000	      5457	80000e64	d8d4	c.sw	x13,52(x9)	  x9:0x8002bc60 x13:0x00000000 PA:0x8002bc94 store:0x00000000 load:0x00000000
       55575000	      5458	80000e66	dc98	c.sw	x14,56(x9)	  x9:0x8002bc60 x14:0x80012ebb PA:0x8002bc98 store:0x80012ebb load:0x00000000
       55585000	      5459	80000e68	dcdc	c.sw	x15,60(x9)	  x9:0x8002bc60 x15:0x00000000 PA:0x8002bc9c store:0x00000000 load:0x00000000
       55595000	      5460	80000e6a	0504a023	sw	x16,64(x9)	  x9:0x8002bc60 x16:0x00000000 PA:0x8002bca0 store:0x00000000 load:0x00000000
       55605000	      5461	80000e6e	0514a223	sw	x17,68(x9)	  x9:0x8002bc60 x17:0xffffffff PA:0x8002bca4 store:0xffffffff load:0x00000000
       55615000	      5462	80000e72	0524a423	sw	x18,72(x9)	  x9:0x8002bc60 x18:0x00000000 PA:0x8002bca8 store:0x00000000 load:0x00000000
       55625000	      5463	80000e76	0534a623	sw	x19,76(x9)	  x9:0x8002bc60 x19:0x00000000 PA:0x8002bcac store:0x00000000 load:0x00000000
       55635000	      5464	80000e7a	0544a823	sw	x20,80(x9)	  x9:0x8002bc60 x20:0x894e2cb4 PA:0x8002bcb0 store:0x894e2cb4 load:0x00000000
       55645000	      5465	80000e7e	0554aa23	sw	x21,84(x9)	  x9:0x8002bc60 x21:0x00000000 PA:0x8002bcb4 store:0x00000000 load:0x00000000
       55655000	      5466	80000e82	0564ac23	sw	x22,88(x9)	  x9:0x8002bc60 x22:0x00000000 PA:0x8002bcb8 store:0x00000000 load:0x00000000
       55665000	      5467	80000e86	0574ae23	sw	x23,92(x9)	  x9:0x8002bc60 x23:0x00000000 PA:0x8002bcbc store:0x00000000 load:0x00000000
       55675000	      5468	80000e8a	0784a023	sw	x24,96(x9)	  x9:0x8002bc60 x24:0x00000000 PA:0x8002bcc0 store:0x00000000 load:0x00000000
       55685000	      5469	80000e8e	0794a223	sw	x25,100(x9)	  x9:0x8002bc60 x25:0x00010003 PA:0x8002bcc4 store:0x00010003 load:0x00000000
       55695000	      5470	80000e92	07a4a423	sw	x26,104(x9)	  x9:0x8002bc60 x26:0xfffffd3c PA:0x8002bcc8 store:0xfffffd3c load:0x00000000
       55705000	      5471	80000e96	07b4a623	sw	x27,108(x9)	  x9:0x8002bc60 x27:0x00000000 PA:0x8002bccc store:0x00000000 load:0x00000000
       55715000	      5472	80000e9a	07c4a823	sw	x28,112(x9)	  x9:0x8002bc60 x28:0x00008000 PA:0x8002bcd0 store:0x00008000 load:0x00000000
       55725000	      5473	80000e9e	07d4aa23	sw	x29,116(x9)	  x9:0x8002bc60 x29:0xfffffd3c PA:0x8002bcd4 store:0xfffffd3c load:0x00000000
       55735000	      5474	80000ea2	07e4ac23	sw	x30,120(x9)	  x9:0x8002bc60 x30:0x8002bce0 PA:0x8002bcd8 store:0x8002bce0 load:0x00000000
       55745000	      5475	80000ea6	07f4ae23	sw	x31,124(x9)	  x9:0x8002bc60 x31:0x00000000 PA:0x8002bcdc store:0x00000000 load:0x00000000
       55755000	      5476	80000eaa	00048f33	add	x30,x9,x0	  x9:0x8002bc60  x0:0x00000000 x30=0x8002bc60
       55765000	      5477	80000eae	90000d37	lui	x26,0x90000	 x26=0x90000000
       55775000	      5478	80000eb2	1d71	c.addi	x26,-4	 x26:0x90000000 x26=0x8ffffffc
       55785000	      5479	80000eb4	4619	c.li	x12,6	 x12=0x00000006
       55795000	      5480	80000eb6	0622	c.slli	x12,0x8	 x12:0x00000006 x12=0x00000600
       55805000	      5481	80000eb8	00060613	addi	x12,x12,0	 x12:0x00000600 x12=0x00000600
       55815000	      5482	80000ebc	00cd2023	sw	x12,0(x26)	 x26:0x8ffffffc x12:0x00000600 PA:0x8ffffffc store:0x00000600 load:0x00000000
       55825000	      5483	80000ec0	34202673	csrrs	x12,mcause,x0	  x0:0x00000000 x12=0x8000000b
       55835000	      5484	80000ec4	827d	c.srli	x12,0x1f	 x12:0x8000000b x12=0x00000001
       55845000	      5485	80000ec6	c63d	c.beqz	x12,80000f34	 x12:0x00000001
       55855000	      5486	80000ec8	90000d37	lui	x26,0x90000	 x26=0x90000000
       55865000	      5487	80000ecc	1d71	c.addi	x26,-4	 x26:0x90000000 x26=0x8ffffffc
       55875000	      5488	80000ece	30000613	addi	x12,x0,768	  x0:0x00000000 x12=0x00000300
       55885000	      5489	80000ed2	0622	c.slli	x12,0x8	 x12:0x00000300 x12=0x00030000
       55895000	      5490	80000ed4	060d	c.addi	x12,3	 x12:0x00030000 x12=0x00030003
       55905000	      5491	80000ed6	00cd2023	sw	x12,0(x26)	 x26:0x8ffffffc x12:0x00030003 PA:0x8ffffffc store:0x00030003 load:0x00000000
       55915000	      5492	80000eda	30002673	csrrs	x12,mstatus,x0	  x0:0x00000000 x12=0x00000000
       55925000	      5493	80000ede	00cd2023	sw	x12,0(x26)	 x26:0x8ffffffc x12:0x00000000 PA:0x8ffffffc store:0x00000000 load:0x00000000
       55935000	      5494	80000ee2	90000d37	lui	x26,0x90000	 x26=0x90000000
       55945000	      5495	80000ee6	1d71	c.addi	x26,-4	 x26:0x90000000 x26=0x8ffffffc
       55955000	      5496	80000ee8	34200613	addi	x12,x0,834	  x0:0x00000000 x12=0x00000342
       55965000	      5497	80000eec	0622	c.slli	x12,0x8	 x12:0x00000342 x12=0x00034200
       55975000	      5498	80000eee	060d	c.addi	x12,3	 x12:0x00034200 x12=0x00034203
       55985000	      5499	80000ef0	00cd2023	sw	x12,0(x26)	 x26:0x8ffffffc x12:0x00034203 PA:0x8ffffffc store:0x00034203 load:0x00000000
       55995000	      5500	80000ef4	34202673	csrrs	x12,mcause,x0	  x0:0x00000000 x12=0x8000000b
       56005000	      5501	80000ef8	00cd2023	sw	x12,0(x26)	 x26:0x8ffffffc x12:0x8000000b PA:0x8ffffffc store:0x8000000b load:0x00000000
       56015000	      5502	80000efc	90000d37	lui	x26,0x90000	 x26=0x90000000
       56025000	      5503	80000f00	1d71	c.addi	x26,-4	 x26:0x90000000 x26=0x8ffffffc
       56035000	      5504	80000f02	30400613	addi	x12,x0,772	  x0:0x00000000 x12=0x00000304
       56045000	      5505	80000f06	0622	c.slli	x12,0x8	 x12:0x00000304 x12=0x00030400
       56055000	      5506	80000f08	060d	c.addi	x12,3	 x12:0x00030400 x12=0x00030403
       56065000	      5507	80000f0a	00cd2023	sw	x12,0(x26)	 x26:0x8ffffffc x12:0x00030403 PA:0x8ffffffc store:0x00030403 load:0x00000000
       56075000	      5508	80000f0e	30402673	csrrs	x12,mie,x0	  x0:0x00000000 x12=0x66fb0888
       56085000	      5509	80000f12	00cd2023	sw	x12,0(x26)	 x26:0x8ffffffc x12:0x66fb0888 PA:0x8ffffffc store:0x66fb0888 load:0x00000000
       56095000	      5510	80000f16	90000d37	lui	x26,0x90000	 x26=0x90000000
       56105000	      5511	80000f1a	1d71	c.addi	x26,-4	 x26:0x90000000 x26=0x8ffffffc
       56115000	      5512	80000f1c	34400613	addi	x12,x0,836	  x0:0x00000000 x12=0x00000344
       56125000	      5513	80000f20	0622	c.slli	x12,0x8	 x12:0x00000344 x12=0x00034400
       56135000	      5514	80000f22	060d	c.addi	x12,3	 x12:0x00034400 x12=0x00034403
       56145000	      5515	80000f24	00cd2023	sw	x12,0(x26)	 x26:0x8ffffffc x12:0x00034403 PA:0x8ffffffc store:0x00034403 load:0x00000000
       56155000	      5516	80000f28	34402673	csrrs	x12,mip,x0	  x0:0x00000000 x12=0x00000000
       56165000	      5517	80000f2c	00cd2023	sw	x12,0(x26)	 x26:0x8ffffffc x12:0x00000000 PA:0x8ffffffc store:0x00000000 load:0x00000000
       56175000	      5518	80000f30	6ad1006f	jal	x0,80011ddc	  x0=0x00000000
       56195000	      5520	80011ddc	30002673	csrrs	x12,mstatus,x0	  x0:0x00000000 x12=0x00000000
       56205000	      5521	80011de0	30402673	csrrs	x12,mie,x0	  x0:0x00000000 x12=0x66fb0888
       56215000	      5522	80011de4	34402673	csrrs	x12,mip,x0	  x0:0x00000000 x12=0x00000000
       56225000	      5523	80011de8	34463673	csrrc	x12,mip,x12	 x12:0x00000000 x12=0x00000000
       56255000	      5526	80011dec	90000d37	lui	x26,0x90000	 x26=0x90000000
       56265000	      5527	80011df0	1d71	c.addi	x26,-4	 x26:0x90000000 x26=0x8ffffffc
       56275000	      5528	80011df2	461d	c.li	x12,7	 x12=0x00000007
       56285000	      5529	80011df4	0622	c.slli	x12,0x8	 x12:0x00000007 x12=0x00000700
       56295000	      5530	80011df6	00060613	addi	x12,x12,0	 x12:0x00000700 x12=0x00000700
       56305000	      5531	80011dfa	00cd2023	sw	x12,0(x26)	 x26:0x8ffffffc x12:0x00000700 PA:0x8ffffffc store:0x00000700 load:0x00000000
       56315000	      5532	80011dfe	000f04b3	add	x9,x30,x0	 x30:0x8002bc60  x0:0x00000000  x9=0x8002bc60
       56325000	      5533	80011e02	0044a083	lw	x1,4(x9)	  x9:0x8002bc60  x1=0x00000000 PA:0x8002bc64 load:0x00000000
       56335000	      5534	80011e06	0084a103	lw	x2,8(x9)	  x9:0x8002bc60  x2=0x00000000 PA:0x8002bc68 load:0x00000000
       56345000	      5535	80011e0a	00c4a183	lw	x3,12(x9)	  x9:0x8002bc60  x3=0x00000000 PA:0x8002bc6c load:0x00000000
       56355000	      5536	80011e0e	0104a203	lw	x4,16(x9)	  x9:0x8002bc60  x4=0x00000000 PA:0x8002bc70 load:0x00000000
       56365000	      5537	80011e12	0144a283	lw	x5,20(x9)	  x9:0x8002bc60  x5=0x00000000 PA:0x8002bc74 load:0x00000000
       56375000	      5538	80011e16	0184a303	lw	x6,24(x9)	  x9:0x8002bc60  x6=0x00008000 PA:0x8002bc78 load:0x00008000
       56385000	      5539	80011e1a	01c4a383	lw	x7,28(x9)	  x9:0x8002bc60  x7=0x00000000 PA:0x8002bc7c load:0x00000000
       56395000	      5540	80011e1e	5080	c.lw	x8,32(x9)	  x9:0x8002bc60  x8=0x00000000 PA:0x8002bc80 load:0x00000000
       56405000	      5541	80011e20	50c4	c.lw	x9,36(x9)	  x9:0x8002bc60  x9=0x8002bc60 PA:0x8002bc84 load:0x8002bc60
       56425000	      5543	80011e22	5488	c.lw	x10,40(x9)	  x9:0x8002bc60 x10=0x80012ebb PA:0x8002bc88 load:0x80012ebb
       56435000	      5544	80011e24	54cc	c.lw	x11,44(x9)	  x9:0x8002bc60 x11=0x894eacb4 PA:0x8002bc8c load:0x894eacb4
       56445000	      5545	80011e26	5890	c.lw	x12,48(x9)	  x9:0x8002bc60 x12=0x00000000 PA:0x8002bc90 load:0x00000000
       56455000	      5546	80011e28	58d4	c.lw	x13,52(x9)	  x9:0x8002bc60 x13=0x00000000 PA:0x8002bc94 load:0x00000000
       56465000	      5547	80011e2a	5c98	c.lw	x14,56(x9)	  x9:0x8002bc60 x14=0x80012ebb PA:0x8002bc98 load:0x80012ebb
       56475000	      5548	80011e2c	5cdc	c.lw	x15,60(x9)	  x9:0x8002bc60 x15=0x00000000 PA:0x8002bc9c load:0x00000000
       56485000	      5549	80011e2e	0404a803	lw	x16,64(x9)	  x9:0x8002bc60 x16=0x00000000 PA:0x8002bca0 load:0x00000000
       56495000	      5550	80011e32	0444a883	lw	x17,68(x9)	  x9:0x8002bc60 x17=0xffffffff PA:0x8002bca4 load:0xffffffff
       56505000	      5551	80011e36	0484a903	lw	x18,72(x9)	  x9:0x8002bc60 x18=0x00000000 PA:0x8002bca8 load:0x00000000
       56515000	      5552	80011e3a	04c4a983	lw	x19,76(x9)	  x9:0x8002bc60 x19=0x00000000 PA:0x8002bcac load:0x00000000
       56525000	      5553	80011e3e	0504aa03	lw	x20,80(x9)	  x9:0x8002bc60 x20=0x894e2cb4 PA:0x8002bcb0 load:0x894e2cb4
       56535000	      5554	80011e42	0544aa83	lw	x21,84(x9)	  x9:0x8002bc60 x21=0x00000000 PA:0x8002bcb4 load:0x00000000
       56545000	      5555	80011e46	0584ab03	lw	x22,88(x9)	  x9:0x8002bc60 x22=0x00000000 PA:0x8002bcb8 load:0x00000000
       56555000	      5556	80011e4a	05c4ab83	lw	x23,92(x9)	  x9:0x8002bc60 x23=0x00000000 PA:0x8002bcbc load:0x00000000
       56565000	      5557	80011e4e	0604ac03	lw	x24,96(x9)	  x9:0x8002bc60 x24=0x00000000 PA:0x8002bcc0 load:0x00000000
       56575000	      5558	80011e52	0644ac83	lw	x25,100(x9)	  x9:0x8002bc60 x25=0x00010003 PA:0x8002bcc4 load:0x00010003
       56585000	      5559	80011e56	0684ad03	lw	x26,104(x9)	  x9:0x8002bc60 x26=0xfffffd3c PA:0x8002bcc8 load:0xfffffd3c
       56595000	      5560	80011e5a	06c4ad83	lw	x27,108(x9)	  x9:0x8002bc60 x27=0x00000000 PA:0x8002bccc load:0x00000000
       56605000	      5561	80011e5e	0704ae03	lw	x28,112(x9)	  x9:0x8002bc60 x28=0x00008000 PA:0x8002bcd0 load:0x00008000
       56615000	      5562	80011e62	0744ae83	lw	x29,116(x9)	  x9:0x8002bc60 x29=0xfffffd3c PA:0x8002bcd4 load:0xfffffd3c
       56625000	      5563	80011e66	0784af03	lw	x30,120(x9)	  x9:0x8002bc60 x30=0x8002bce0 PA:0x8002bcd8 load:0x8002bce0
       56635000	      5564	80011e6a	07c4af83	lw	x31,124(x9)	  x9:0x8002bc60 x31=0x00000000 PA:0x8002bcdc load:0x00000000
       56645000	      5565	80011e6e	08048493	addi	x9,x9,128	  x9:0x8002bc60  x9=0x8002bce0
       56655000	      5566	80011e72	00048f33	add	x30,x9,x0	  x9:0x8002bce0  x0:0x00000000 x30=0x8002bce0
       56665000	      5567	80011e76	000f2483	lw	x9,0(x30)	 x30:0x8002bce0  x9=0x80027e64 PA:0x8002bce0 load:0x80027e64
       56675000	      5568	80011e7a	0f11	c.addi	x30,4	 x30:0x8002bce0 x30=0x8002bce4
       56685000	      5569	80011e7c	30200073	mret	
       56725000	      5573	800047ee	c0b00c13	addi	x24,x0,-1013	  x0:0x00000000 x24=0xfffffc0b
       56745000	      5575	800047f2	02477bb3	remu	x23,x14,x4	 x14:0x80012ebb  x4:0x00000000 x23=0x80012ebb
       56755000	      5576	800047f6	9e5ba813	slti	x16,x23,-1563	 x23:0x80012ebb x16=0x00000001
       56765000	      5577	800047fa	e4350103	lb	x2,-445(x10)	 x10:0x80012ebb  x2=0x00000000 PA:0x80012cfe load:0x00000000
       56775000	      5578	800047fe	bce54983	lbu	x19,-1074(x10)	 x10:0x80012ebb x19=0x00000000 PA:0x80012a89 load:0x00000000
       56785000	      5579	80004802	0000e117	auipc	x2,0xe	  x2=0x80012802
       56795000	      5580	80004806	93d10113	addi	x2,x2,-1731	  x2:0x80012802  x2=0x8001213f
       56805000	      5581	8000480a	f9f14603	lbu	x12,-97(x2)	  x2:0x8001213f x12=0x00000000 PA:0x800120de load:0x00000000
       56815000	      5582	8000480e	f8f10fa3	sb	x15,-97(x2)	  x2:0x8001213f x15:0x00000000 PA:0x800120de store:0x00000000 load:0x00000000
       56825000	      5583	80004812	f5a14603	lbu	x12,-166(x2)	  x2:0x8001213f x12=0x00000000 PA:0x80012099 load:0x00000000
       56835000	      5584	80004816	f5a10b03	lb	x22,-166(x2)	  x2:0x8001213f x22=0x00000000 PA:0x80012099 load:0x00000000
       56845000	      5585	8000481a	f4810d23	sb	x8,-166(x2)	  x2:0x8001213f  x8:0x00000000 PA:0x80012099 store:0x00000000 load:0x00000000
       56855000	      5586	8000481e	f5a10703	lb	x14,-166(x2)	  x2:0x8001213f x14=0x00000000 PA:0x80012099 load:0x00000000
       56865000	      5587	80004822	0102c333	xor	x6,x5,x16	  x5:0x00000000 x16:0x00000001  x6=0x00000001
       56875000	      5588	80004826	05d11083	lh	x1,93(x2)	  x2:0x8001213f  x1=0x00000000 PA:0x8001219c load:0x00000000
       56885000	      5589	8000482a	c6e3f537	lui	x10,0xc6e3f	 x10=0xc6e3f000
       56895000	      5590	8000482e	04b12ea3	sw	x11,93(x2)	  x2:0x8001213f x11:0x894eacb4 PA:0x8001219c store:0x894eacb4 load:0x00000000
       56905000	      5591	80004832	05d10c03	lb	x24,93(x2)	  x2:0x8001213f x24=0xffffffb4 PA:0x8001219c load:0xffffffb4
       56915000	      5592	80004836	05d14983	lbu	x19,93(x2)	  x2:0x8001213f x19=0x000000b4 PA:0x8001219c load:0x000000b4
       56925000	      5593	8000483a	0a810703	lb	x14,168(x2)	  x2:0x8001213f x14=0x00000000 PA:0x800121e7 load:0x00000000
       56935000	      5594	8000483e	00e10a03	lb	x20,14(x2)	  x2:0x8001213f x20=0x00000000 PA:0x8001214d load:0x00000000
       56945000	      5595	80004842	00510723	sb	x5,14(x2)	  x2:0x8001213f  x5:0x00000000 PA:0x8001214d store:0x00000000 load:0x00000000
       56955000	      5596	80004846	f0a11ca3	sh	x10,-231(x2)	  x2:0x8001213f x10:0xc6e3f000 PA:0x80012058 store:0xc6e3f000 load:0x00000000
       56965000	      5597	8000484a	8c09	c.sub	x8,x10	  x8:0x00000000 x10:0xc6e3f000  x8=0x391c1000
       56975000	      5598	8000484c	f5014703	lbu	x14,-176(x2)	  x2:0x8001213f x14=0x00000000 PA:0x8001208f load:0x00000000
       56985000	      5599	80004850	f5014283	lbu	x5,-176(x2)	  x2:0x8001213f  x5=0x00000000 PA:0x8001208f load:0x00000000
       56995000	      5600	80004854	02510883	lb	x17,37(x2)	  x2:0x8001213f x17=0x00000000 PA:0x80012164 load:0x00000000
       57005000	      5601	80004858	8d65	c.and	x10,x9	 x10:0xc6e3f000  x9:0x80027e64 x10=0x80027000
       57015000	      5602	8000485a	9737ca93	xori	x21,x15,-1677	 x15:0x00000000 x21=0xfffff973
       57025000	      5603	8000485e	fda14503	lbu	x10,-38(x2)	  x2:0x8001213f x10=0x00000000 PA:0x80012119 load:0x00000000
       57035000	      5604	80004862	4625	c.li	x12,9	 x12=0x00000009
       57045000	      5605	80004864	01de5533	srl	x10,x28,x29	 x28:0x00008000 x29:0xfffffd3c x10=0x00000000
       57055000	      5606	80004868	29018113	addi	x2,x3,656	  x3:0x00000000  x2=0x00000290
       57065000	      5607	8000486c	4da5	c.li	x27,9	 x27=0x00000009
       57075000	      5608	8000486e	9afd	c.andi	x13,-1	 x13:0x00000000 x13=0x00000000
       57085000	      5609	80004870	8ba9	c.andi	x15,10	 x15:0x00000000 x15=0x00000000
       57095000	      5610	80004872	8f86ad13	slti	x26,x13,-1800	 x13:0x00000000 x26=0x00000000
       57135000	      5614	80004876	02e6b233	mulhu	x4,x13,x14	 x13:0x00000000 x14:0x00000000  x4=0x00000000
       57145000	      5615	8000487a	1661	c.addi	x12,-8	 x12:0x00000009 x12=0x00000001
       57155000	      5616	8000487c	4419	c.li	x8,6	  x8=0x00000006
       57165000	      5617	8000487e	924e	c.add	x4,x19	  x4:0x00000000 x19:0x000000b4  x4=0x000000b4
       57175000	      5618	80004880	0001	c.addi	x0,0	  x0:0x00000000  x0=0x00000000
       57185000	      5619	80004882	8f21	c.xor	x14,x8	 x14:0x00000000  x8:0x00000006 x14=0x00000006
       57195000	      5620	80004884	83b9	c.srli	x15,0xe	 x15:0x00000000 x15=0x00000000
       57205000	      5621	80004886	147d	c.addi	x8,-1	  x8:0x00000006  x8=0x00000005
       57215000	      5622	80004888	fc6d	c.bnez	x8,80004882	  x8:0x00000005
       57235000	      5624	80004882	8f21	c.xor	x14,x8	 x14:0x00000006  x8:0x00000005 x14=0x00000003
       57245000	      5625	80004884	83b9	c.srli	x15,0xe	 x15:0x00000000 x15=0x00000000
       57255000	      5626	80004886	147d	c.addi	x8,-1	  x8:0x00000005  x8=0x00000004
       57265000	      5627	80004888	fc6d	c.bnez	x8,80004882	  x8:0x00000004
       57285000	      5629	80004882	8f21	c.xor	x14,x8	 x14:0x00000003  x8:0x00000004 x14=0x00000007
       57295000	      5630	80004884	83b9	c.srli	x15,0xe	 x15:0x00000000 x15=0x00000000
       57305000	      5631	80004886	147d	c.addi	x8,-1	  x8:0x00000004  x8=0x00000003
       57315000	      5632	80004888	fc6d	c.bnez	x8,80004882	  x8:0x00000003
       57335000	      5634	80004882	8f21	c.xor	x14,x8	 x14:0x00000007  x8:0x00000003 x14=0x00000004
       57345000	      5635	80004884	83b9	c.srli	x15,0xe	 x15:0x00000000 x15=0x00000000
       57355000	      5636	80004886	147d	c.addi	x8,-1	  x8:0x00000003  x8=0x00000002
       57365000	      5637	80004888	fc6d	c.bnez	x8,80004882	  x8:0x00000002
       57385000	      5639	80004882	8f21	c.xor	x14,x8	 x14:0x00000004  x8:0x00000002 x14=0x00000006
       57395000	      5640	80004884	83b9	c.srli	x15,0xe	 x15:0x00000000 x15=0x00000000
       57405000	      5641	80004886	147d	c.addi	x8,-1	  x8:0x00000002  x8=0x00000001
       57415000	      5642	80004888	fc6d	c.bnez	x8,80004882	  x8:0x00000001
       57435000	      5644	80004882	8f21	c.xor	x14,x8	 x14:0x00000006  x8:0x00000001 x14=0x00000007
       57445000	      5645	80004884	83b9	c.srli	x15,0xe	 x15:0x00000000 x15=0x00000000
       57455000	      5646	80004886	147d	c.addi	x8,-1	  x8:0x00000001  x8=0x00000000
       57465000	      5647	80004888	fc6d	c.bnez	x8,80004882	  x8:0x00000000
       57475000	      5648	8000488a	8efd	c.and	x13,x15	 x13:0x00000000 x15:0x00000000 x13=0x00000000
       57485000	      5649	8000488c	011d2ab3	slt	x21,x26,x17	 x26:0x00000000 x17:0x00000000 x21=0x00000000
       57495000	      5650	80004890	ffb673e3	bgeu	x12,x27,80004876	 x12:0x00000001 x27:0x00000009
       57505000	      5651	80004894	a24f6913	ori	x18,x30,-1500	 x30:0x8002bce4 x18=0xfffffee4
       57515000	      5652	80004898	0000eb17	auipc	x22,0xe	 x22=0x80012898
       57525000	      5653	8000489c	9c4b0b13	addi	x22,x22,-1596	 x22:0x80012898 x22=0x8001225c
       57535000	      5654	800048a0	0000e997	auipc	x19,0xe	 x19=0x800128a0
       57545000	      5655	800048a4	a6c98993	addi	x19,x19,-1428	 x19:0x800128a0 x19=0x8001230c
       57555000	      5656	800048a8	0000e917	auipc	x18,0xe	 x18=0x800128a8
       57565000	      5657	800048ac	01c90913	addi	x18,x18,28	 x18:0x800128a8 x18=0x800128c4
       57575000	      5658	800048b0	0000e297	auipc	x5,0xe	  x5=0x800128b0
       57585000	      5659	800048b4	27828293	addi	x5,x5,632	  x5:0x800128b0  x5=0x80012b28
       57595000	      5660	800048b8	1fd94a83	lbu	x21,509(x18)	 x18:0x800128c4 x21=0x00000000 PA:0x80012ac1 load:0x00000000
       57605000	      5661	800048bc	fd3b4e03	lbu	x28,-45(x22)	 x22:0x8001225c x28=0x00000000 PA:0x8001222f load:0x00000000
       57615000	      5662	800048c0	4c490f83	lb	x31,1220(x18)	 x18:0x800128c4 x31=0x00000000 PA:0x80012d88 load:0x00000000
       57625000	      5663	800048c4	90628f83	lb	x31,-1786(x5)	  x5:0x80012b28 x31=0x00000000 PA:0x8001242e load:0x00000000
       57635000	      5664	800048c8	005b0d03	lb	x26,5(x22)	 x22:0x8001225c x26=0x00000000 PA:0x80012261 load:0x00000000
       57645000	      5665	800048cc	e9e2dd83	lhu	x27,-354(x5)	  x5:0x80012b28 x27=0x00000000 PA:0x800129c6 load:0x00000000
       57655000	      5666	800048d0	fe5b0e03	lb	x28,-27(x22)	 x22:0x8001225c x28=0x00000000 PA:0x80012241 load:0x00000000
       57665000	      5667	800048d4	00a98683	lb	x13,10(x19)	 x19:0x8001230c x13=0x00000000 PA:0x80012316 load:0x00000000
       57675000	      5668	800048d8	f1194803	lbu	x16,-239(x18)	 x18:0x800128c4 x16=0x00000000 PA:0x800127d5 load:0x00000000
       57685000	      5669	800048dc	fc728083	lb	x1,-57(x5)	  x5:0x80012b28  x1=0x00000000 PA:0x80012aef load:0x00000000
       57695000	      5670	800048e0	ff7b0123	sb	x23,-30(x22)	 x22:0x8001225c x23:0x80012ebb PA:0x8001223e store:0x80012ebb load:0x00000000
       57705000	      5671	800048e4	e9290f23	sb	x18,-354(x18)	 x18:0x800128c4 x18:0x800128c4 PA:0x80012762 store:0x800128c4 load:0x00000000
       57715000	      5672	800048e8	2d094f83	lbu	x31,720(x18)	 x18:0x800128c4 x31=0x00000000 PA:0x80012b94 load:0x00000000
       57725000	      5673	800048ec	00f98e03	lb	x28,15(x19)	 x19:0x8001230c x28=0x00000000 PA:0x8001231b load:0x00000000
       57735000	      5674	800048f0	2ea28c03	lb	x24,746(x5)	  x5:0x80012b28 x24=0x00000000 PA:0x80012e12 load:0x00000000
       57745000	      5675	800048f4	fc2b4503	lbu	x10,-62(x22)	 x22:0x8001225c x10=0x00000000 PA:0x8001221e load:0x00000000
       57755000	      5676	800048f8	9ab287a3	sb	x11,-1617(x5)	  x5:0x80012b28 x11:0x894eacb4 PA:0x800124d7 store:0x894eacb4 load:0x00000000
       57765000	      5677	800048fc	fc2b1303	lh	x6,-62(x22)	 x22:0x8001225c  x6=0x00000000 PA:0x8001221e load:0x00000000
       57775000	      5678	80004900	17328883	lb	x17,371(x5)	  x5:0x80012b28 x17=0x00000000 PA:0x80012c9b load:0x00000000
       57785000	      5679	80004904	65b907a3	sb	x27,1615(x18)	 x18:0x800128c4 x27:0x00000000 PA:0x80012f13 store:0x00000000 load:0x00000000
       57795000	      5680	80004908	20d285a3	sb	x13,523(x5)	  x5:0x80012b28 x13:0x00000000 PA:0x80012d33 store:0x00000000 load:0x00000000
       57805000	      5681	8000490c	00598503	lb	x10,5(x19)	 x19:0x8001230c x10=0x00000000 PA:0x80012311 load:0x00000000
       57815000	      5682	80004910	9e629783	lh	x15,-1562(x5)	  x5:0x80012b28 x15=0x00000000 PA:0x8001250e load:0x00000000
       57825000	      5683	80004914	feab08a3	sb	x10,-15(x22)	 x22:0x8001225c x10:0x00000000 PA:0x8001224d store:0x00000000 load:0x00000000
       57835000	      5684	80004918	fd0b2803	lw	x16,-48(x22)	 x22:0x8001225c x16=0x00000000 PA:0x8001222c load:0x00000000
       57845000	      5685	8000491c	ff198e83	lb	x29,-15(x19)	 x19:0x8001230c x29=0x00000000 PA:0x800122fd load:0x00000000
       57855000	      5686	80004920	eb528403	lb	x8,-331(x5)	  x5:0x80012b28  x8=0x00000000 PA:0x800129dd load:0x00000000
       57865000	      5687	80004924	01098303	lb	x6,16(x19)	 x19:0x8001230c  x6=0x00000000 PA:0x8001231c load:0x00000000
       57875000	      5688	80004928	a2c91823	sh	x12,-1488(x18)	 x18:0x800128c4 x12:0x00000001 PA:0x800122f4 store:0x00000001 load:0x00000000
       57885000	      5689	8000492c	fe2b4703	lbu	x14,-30(x22)	 x22:0x8001225c x14=0x000000bb PA:0x8001223e load:0x000000bb
       57895000	      5690	80004930	c9994c83	lbu	x25,-871(x18)	 x18:0x800128c4 x25=0x00000000 PA:0x8001255d load:0x00000000
       57905000	      5691	80004934	0099c203	lbu	x4,9(x19)	 x19:0x8001230c  x4=0x00000000 PA:0x80012315 load:0x00000000
       57915000	      5692	80004938	0001d097	auipc	x1,0x1d	  x1=0x80021938
       57925000	      5693	8000493c	b0d08093	addi	x1,x1,-1267	  x1:0x80021938  x1=0x80021445
       57935000	      5694	80004940	0000eb17	auipc	x22,0xe	 x22=0x80012940
       57945000	      5695	80004944	657b0b13	addi	x22,x22,1623	 x22:0x80012940 x22=0x80012f97
       57955000	      5696	80004948	1cd09703	lh	x14,461(x1)	  x1:0x80021445 x14=0x00000000 PA:0x80021612 load:0x00000000
       57965000	      5697	8000494c	9010a1a3	sw	x1,-1789(x1)	  x1:0x80021445  x1:0x80021445 PA:0x80020d48 store:0x80021445 load:0x00000000
       57975000	      5698	80004950	df7b4103	lbu	x2,-521(x22)	 x22:0x80012f97  x2=0x00000000 PA:0x80012d8e load:0x00000000
       57985000	      5699	80004954	aed094a3	sh	x13,-1303(x1)	  x1:0x80021445 x13:0x00000000 PA:0x80020f2e store:0x00000000 load:0x00000000
       57995000	      5700	80004958	8f0b4683	lbu	x13,-1808(x22)	 x22:0x80012f97 x13=0x00000000 PA:0x80012887 load:0x00000000
       58005000	      5701	8000495c	8e40c803	lbu	x16,-1820(x1)	  x1:0x80021445 x16=0x00000000 PA:0x80020d29 load:0x00000000
       58015000	      5702	80004960	829b0623	sb	x9,-2004(x22)	 x22:0x80012f97  x9:0x80027e64 PA:0x800127c3 store:0x80027e64 load:0x00000000
       58025000	      5703	80004964	26608703	lb	x14,614(x1)	  x1:0x80021445 x14=0x00000000 PA:0x800216ab load:0x00000000
       58035000	      5704	80004968	b4908323	sb	x9,-1210(x1)	  x1:0x80021445  x9:0x80027e64 PA:0x80020f8b store:0x80027e64 load:0x00000000
       58045000	      5705	8000496c	9d9b4803	lbu	x16,-1575(x22)	 x22:0x80012f97 x16=0x00000000 PA:0x80012970 load:0x00000000
       58055000	      5706	80004970	83db2d83	lw	x27,-1987(x22)	 x22:0x80012f97 x27=0x00000000 PA:0x800127d4 load:0x00000000
       58065000	      5707	80004974	9e20c803	lbu	x16,-1566(x1)	  x1:0x80021445 x16=0x00000000 PA:0x80020e27 load:0x00000000
       58075000	      5708	80004978	9c1b15a3	sh	x1,-1589(x22)	 x22:0x80012f97  x1:0x80021445 PA:0x80012962 store:0x80021445 load:0x00000000
       58085000	      5709	8000497c	50108923	sb	x1,1298(x1)	  x1:0x80021445  x1:0x80021445 PA:0x80021957 store:0x80021445 load:0x00000000
       58095000	      5710	80004980	dbab4e83	lbu	x29,-582(x22)	 x22:0x80012f97 x29=0x00000000 PA:0x80012d51 load:0x00000000
       58105000	      5711	80004984	e75b0d03	lb	x26,-395(x22)	 x22:0x80012f97 x26=0x00000000 PA:0x80012e0c load:0x00000000
       58115000	      5712	80004988	0000e117	auipc	x2,0xe	  x2=0x80012988
       58125000	      5713	8000498c	e6610113	addi	x2,x2,-410	  x2:0x80012988  x2=0x800127ee
       58135000	      5714	80004990	0026c333	xor	x6,x13,x2	 x13:0x00000000  x2:0x800127ee  x6=0x800127ee
       58145000	      5715	80004994	007037b3	sltu	x15,x0,x7	  x0:0x00000000  x7:0x00000000 x15=0x00000000
       58155000	      5716	80004998	527d	c.li	x4,-1	  x4=0xffffffff
       58165000	      5717	8000499a	013fa433	slt	x8,x31,x19	 x31:0x00000000 x19:0x8001230c  x8=0x00000000
       58175000	      5718	8000499e	00910183	lb	x3,9(x2)	  x2:0x800127ee  x3=0x00000000 PA:0x800127f7 load:0x00000000
       58225000	      5723	800049a2	02323233	mulhu	x4,x4,x3	  x4:0xffffffff  x3:0x00000000  x4=0x00000000
       58235000	      5724	800049a6	fe511823	sh	x5,-16(x2)	  x2:0x800127ee  x5:0x80012b28 PA:0x800127de store:0x80012b28 load:0x00000000
       58245000	      5725	800049aa	00810803	lb	x16,8(x2)	  x2:0x800127ee x16=0x00000000 PA:0x800127f6 load:0x00000000
       58255000	      5726	800049ae	856d	c.srai	x10,0x1b	 x10:0x00000000 x10=0x00000000
       58265000	      5727	800049b0	0000100f	fence.i	
       58285000	      5729	800049b4	ffe14983	lbu	x19,-2(x2)	  x2:0x800127ee x19=0x00000000 PA:0x800127ec load:0x00000000
       58295000	      5730	800049b8	fff14803	lbu	x16,-1(x2)	  x2:0x800127ee x16=0x00000000 PA:0x800127ed load:0x00000000
       58305000	      5731	800049bc	6b6d	c.lui	x22,0x1b	 x22=0x0001b000
       58315000	      5732	800049be	ff414803	lbu	x16,-12(x2)	  x2:0x800127ee x16=0x00000000 PA:0x800127e2 load:0x00000000
       58325000	      5733	800049c2	00110d03	lb	x26,1(x2)	  x2:0x800127ee x26=0x00000000 PA:0x800127ef load:0x00000000
       58335000	      5734	800049c6	0001	c.addi	x0,0	  x0:0x00000000  x0=0x00000000
       58345000	      5735	800049c8	8c39	c.xor	x8,x14	  x8:0x00000000 x14:0x00000000  x8=0x00000000
       58355000	      5736	800049ca	fe811f23	sh	x8,-2(x2)	  x2:0x800127ee  x8:0x00000000 PA:0x800127ec store:0x00000000 load:0x00000000
       58365000	      5737	800049ce	0132de13	srli	x28,x5,0x13	  x5:0x80012b28 x28=0x00001000
       58375000	      5738	800049d2	ffb10783	lb	x15,-5(x2)	  x2:0x800127ee x15=0x00000000 PA:0x800127e9 load:0x00000000
       58385000	      5739	800049d6	00b11823	sh	x11,16(x2)	  x2:0x800127ee x11:0x894eacb4 PA:0x800127fe store:0x894eacb4 load:0x00000000
       58395000	      5740	800049da	00e11223	sh	x14,4(x2)	  x2:0x800127ee x14:0x00000000 PA:0x800127f2 store:0x00000000 load:0x00000000
       58415000	      5742	800049de	038d7a33	remu	x20,x26,x24	 x26:0x00000000 x24:0x00000000 x20=0x00000000
       58455000	      5746	8000252c	905fe06f	jal	x0,80000e30	  x0=0x00000000
       58475000	      5748	80000e30	1f71	c.addi	x30,-4	 x30:0x8002bce4 x30=0x8002bce0
       58485000	      5749	80000e32	009f2023	sw	x9,0(x30)	 x30:0x8002bce0  x9:0x80027e64 PA:0x8002bce0 store:0x80027e64 load:0x00000000
       58495000	      5750	80000e36	000f04b3	add	x9,x30,x0	 x30:0x8002bce0  x0:0x00000000  x9=0x8002bce0
       58505000	      5751	80000e3a	f8048493	addi	x9,x9,-128	  x9:0x8002bce0  x9=0x8002bc60
       58515000	      5752	80000e3e	0014a223	sw	x1,4(x9)	  x9:0x8002bc60  x1:0x80021445 PA:0x8002bc64 store:0x80021445 load:0x00000000
       58525000	      5753	80000e42	0024a423	sw	x2,8(x9)	  x9:0x8002bc60  x2:0x800127ee PA:0x8002bc68 store:0x800127ee load:0x00000000
       58535000	      5754	80000e46	0034a623	sw	x3,12(x9)	  x9:0x8002bc60  x3:0x00000000 PA:0x8002bc6c store:0x00000000 load:0x00000000
       58545000	      5755	80000e4a	0044a823	sw	x4,16(x9)	  x9:0x8002bc60  x4:0x00000000 PA:0x8002bc70 store:0x00000000 load:0x00000000
       58555000	      5756	80000e4e	0054aa23	sw	x5,20(x9)	  x9:0x8002bc60  x5:0x80012b28 PA:0x8002bc74 store:0x80012b28 load:0x00000000
       58565000	      5757	80000e52	0064ac23	sw	x6,24(x9)	  x9:0x8002bc60  x6:0x800127ee PA:0x8002bc78 store:0x800127ee load:0x00000000
       58575000	      5758	80000e56	0074ae23	sw	x7,28(x9)	  x9:0x8002bc60  x7:0x00000000 PA:0x8002bc7c store:0x00000000 load:0x00000000
       58585000	      5759	80000e5a	d080	c.sw	x8,32(x9)	  x9:0x8002bc60  x8:0x00000000 PA:0x8002bc80 store:0x00000000 load:0x00000000
       58595000	      5760	80000e5c	d0c4	c.sw	x9,36(x9)	  x9:0x8002bc60  x9:0x8002bc60 PA:0x8002bc84 store:0x8002bc60 load:0x00000000
       58605000	      5761	80000e5e	d488	c.sw	x10,40(x9)	  x9:0x8002bc60 x10:0x00000000 PA:0x8002bc88 store:0x00000000 load:0x00000000
       58615000	      5762	80000e60	d4cc	c.sw	x11,44(x9)	  x9:0x8002bc60 x11:0x894eacb4 PA:0x8002bc8c store:0x894eacb4 load:0x00000000
       58625000	      5763	80000e62	d890	c.sw	x12,48(x9)	  x9:0x8002bc60 x12:0x00000001 PA:0x8002bc90 store:0x00000001 load:0x00000000
       58635000	      5764	80000e64	d8d4	c.sw	x13,52(x9)	  x9:0x8002bc60 x13:0x00000000 PA:0x8002bc94 store:0x00000000 load:0x00000000
       58645000	      5765	80000e66	dc98	c.sw	x14,56(x9)	  x9:0x8002bc60 x14:0x00000000 PA:0x8002bc98 store:0x00000000 load:0x00000000
       58655000	      5766	80000e68	dcdc	c.sw	x15,60(x9)	  x9:0x8002bc60 x15:0x00000000 PA:0x8002bc9c store:0x00000000 load:0x00000000
       58665000	      5767	80000e6a	0504a023	sw	x16,64(x9)	  x9:0x8002bc60 x16:0x00000000 PA:0x8002bca0 store:0x00000000 load:0x00000000
       58675000	      5768	80000e6e	0514a223	sw	x17,68(x9)	  x9:0x8002bc60 x17:0x00000000 PA:0x8002bca4 store:0x00000000 load:0x00000000
       58685000	      5769	80000e72	0524a423	sw	x18,72(x9)	  x9:0x8002bc60 x18:0x800128c4 PA:0x8002bca8 store:0x800128c4 load:0x00000000
       58695000	      5770	80000e76	0534a623	sw	x19,76(x9)	  x9:0x8002bc60 x19:0x00000000 PA:0x8002bcac store:0x00000000 load:0x00000000
       58705000	      5771	80000e7a	0544a823	sw	x20,80(x9)	  x9:0x8002bc60 x20:0x00000000 PA:0x8002bcb0 store:0x00000000 load:0x00000000
       58715000	      5772	80000e7e	0554aa23	sw	x21,84(x9)	  x9:0x8002bc60 x21:0x00000000 PA:0x8002bcb4 store:0x00000000 load:0x00000000
       58725000	      5773	80000e82	0564ac23	sw	x22,88(x9)	  x9:0x8002bc60 x22:0x0001b000 PA:0x8002bcb8 store:0x0001b000 load:0x00000000
       58735000	      5774	80000e86	0574ae23	sw	x23,92(x9)	  x9:0x8002bc60 x23:0x80012ebb PA:0x8002bcbc store:0x80012ebb load:0x00000000
       58745000	      5775	80000e8a	0784a023	sw	x24,96(x9)	  x9:0x8002bc60 x24:0x00000000 PA:0x8002bcc0 store:0x00000000 load:0x00000000
       58755000	      5776	80000e8e	0794a223	sw	x25,100(x9)	  x9:0x8002bc60 x25:0x00000000 PA:0x8002bcc4 store:0x00000000 load:0x00000000
       58765000	      5777	80000e92	07a4a423	sw	x26,104(x9)	  x9:0x8002bc60 x26:0x00000000 PA:0x8002bcc8 store:0x00000000 load:0x00000000
       58775000	      5778	80000e96	07b4a623	sw	x27,108(x9)	  x9:0x8002bc60 x27:0x00000000 PA:0x8002bccc store:0x00000000 load:0x00000000
       58785000	      5779	80000e9a	07c4a823	sw	x28,112(x9)	  x9:0x8002bc60 x28:0x00001000 PA:0x8002bcd0 store:0x00001000 load:0x00000000
       58795000	      5780	80000e9e	07d4aa23	sw	x29,116(x9)	  x9:0x8002bc60 x29:0x00000000 PA:0x8002bcd4 store:0x00000000 load:0x00000000
       58805000	      5781	80000ea2	07e4ac23	sw	x30,120(x9)	  x9:0x8002bc60 x30:0x8002bce0 PA:0x8002bcd8 store:0x8002bce0 load:0x00000000
       58815000	      5782	80000ea6	07f4ae23	sw	x31,124(x9)	  x9:0x8002bc60 x31:0x00000000 PA:0x8002bcdc store:0x00000000 load:0x00000000
       58825000	      5783	80000eaa	00048f33	add	x30,x9,x0	  x9:0x8002bc60  x0:0x00000000 x30=0x8002bc60
       58835000	      5784	80000eae	90000d37	lui	x26,0x90000	 x26=0x90000000
       58845000	      5785	80000eb2	1d71	c.addi	x26,-4	 x26:0x90000000 x26=0x8ffffffc
       58855000	      5786	80000eb4	4619	c.li	x12,6	 x12=0x00000006
       58865000	      5787	80000eb6	0622	c.slli	x12,0x8	 x12:0x00000006 x12=0x00000600
       58875000	      5788	80000eb8	00060613	addi	x12,x12,0	 x12:0x00000600 x12=0x00000600
       58885000	      5789	80000ebc	00cd2023	sw	x12,0(x26)	 x26:0x8ffffffc x12:0x00000600 PA:0x8ffffffc store:0x00000600 load:0x00000000
       58895000	      5790	80000ec0	34202673	csrrs	x12,mcause,x0	  x0:0x00000000 x12=0x8000000b
       58905000	      5791	80000ec4	827d	c.srli	x12,0x1f	 x12:0x8000000b x12=0x00000001
       58915000	      5792	80000ec6	c63d	c.beqz	x12,80000f34	 x12:0x00000001
       58925000	      5793	80000ec8	90000d37	lui	x26,0x90000	 x26=0x90000000
       58935000	      5794	80000ecc	1d71	c.addi	x26,-4	 x26:0x90000000 x26=0x8ffffffc
       58945000	      5795	80000ece	30000613	addi	x12,x0,768	  x0:0x00000000 x12=0x00000300
       58955000	      5796	80000ed2	0622	c.slli	x12,0x8	 x12:0x00000300 x12=0x00030000
       58965000	      5797	80000ed4	060d	c.addi	x12,3	 x12:0x00030000 x12=0x00030003
       58975000	      5798	80000ed6	00cd2023	sw	x12,0(x26)	 x26:0x8ffffffc x12:0x00030003 PA:0x8ffffffc store:0x00030003 load:0x00000000
       58985000	      5799	80000eda	30002673	csrrs	x12,mstatus,x0	  x0:0x00000000 x12=0x00000000
       58995000	      5800	80000ede	00cd2023	sw	x12,0(x26)	 x26:0x8ffffffc x12:0x00000000 PA:0x8ffffffc store:0x00000000 load:0x00000000
       59005000	      5801	80000ee2	90000d37	lui	x26,0x90000	 x26=0x90000000
       59015000	      5802	80000ee6	1d71	c.addi	x26,-4	 x26:0x90000000 x26=0x8ffffffc
       59025000	      5803	80000ee8	34200613	addi	x12,x0,834	  x0:0x00000000 x12=0x00000342
       59035000	      5804	80000eec	0622	c.slli	x12,0x8	 x12:0x00000342 x12=0x00034200
       59045000	      5805	80000eee	060d	c.addi	x12,3	 x12:0x00034200 x12=0x00034203
       59055000	      5806	80000ef0	00cd2023	sw	x12,0(x26)	 x26:0x8ffffffc x12:0x00034203 PA:0x8ffffffc store:0x00034203 load:0x00000000
       59065000	      5807	80000ef4	34202673	csrrs	x12,mcause,x0	  x0:0x00000000 x12=0x8000000b
       59075000	      5808	80000ef8	00cd2023	sw	x12,0(x26)	 x26:0x8ffffffc x12:0x8000000b PA:0x8ffffffc store:0x8000000b load:0x00000000
       59085000	      5809	80000efc	90000d37	lui	x26,0x90000	 x26=0x90000000
       59095000	      5810	80000f00	1d71	c.addi	x26,-4	 x26:0x90000000 x26=0x8ffffffc
       59105000	      5811	80000f02	30400613	addi	x12,x0,772	  x0:0x00000000 x12=0x00000304
       59115000	      5812	80000f06	0622	c.slli	x12,0x8	 x12:0x00000304 x12=0x00030400
       59125000	      5813	80000f08	060d	c.addi	x12,3	 x12:0x00030400 x12=0x00030403
       59135000	      5814	80000f0a	00cd2023	sw	x12,0(x26)	 x26:0x8ffffffc x12:0x00030403 PA:0x8ffffffc store:0x00030403 load:0x00000000
       59145000	      5815	80000f0e	30402673	csrrs	x12,mie,x0	  x0:0x00000000 x12=0x66fb0888
       59155000	      5816	80000f12	00cd2023	sw	x12,0(x26)	 x26:0x8ffffffc x12:0x66fb0888 PA:0x8ffffffc store:0x66fb0888 load:0x00000000
       59165000	      5817	80000f16	90000d37	lui	x26,0x90000	 x26=0x90000000
       59175000	      5818	80000f1a	1d71	c.addi	x26,-4	 x26:0x90000000 x26=0x8ffffffc
       59185000	      5819	80000f1c	34400613	addi	x12,x0,836	  x0:0x00000000 x12=0x00000344
       59195000	      5820	80000f20	0622	c.slli	x12,0x8	 x12:0x00000344 x12=0x00034400
       59205000	      5821	80000f22	060d	c.addi	x12,3	 x12:0x00034400 x12=0x00034403
       59215000	      5822	80000f24	00cd2023	sw	x12,0(x26)	 x26:0x8ffffffc x12:0x00034403 PA:0x8ffffffc store:0x00034403 load:0x00000000
       59225000	      5823	80000f28	34402673	csrrs	x12,mip,x0	  x0:0x00000000 x12=0x00000000
       59235000	      5824	80000f2c	00cd2023	sw	x12,0(x26)	 x26:0x8ffffffc x12:0x00000000 PA:0x8ffffffc store:0x00000000 load:0x00000000
       59245000	      5825	80000f30	6ad1006f	jal	x0,80011ddc	  x0=0x00000000
       59265000	      5827	80011ddc	30002673	csrrs	x12,mstatus,x0	  x0:0x00000000 x12=0x00000000
       59275000	      5828	80011de0	30402673	csrrs	x12,mie,x0	  x0:0x00000000 x12=0x66fb0888
       59285000	      5829	80011de4	34402673	csrrs	x12,mip,x0	  x0:0x00000000 x12=0x00000000
       59295000	      5830	80011de8	34463673	csrrc	x12,mip,x12	 x12:0x00000000 x12=0x00000000
       59325000	      5833	80011dec	90000d37	lui	x26,0x90000	 x26=0x90000000
       59335000	      5834	80011df0	1d71	c.addi	x26,-4	 x26:0x90000000 x26=0x8ffffffc
       59345000	      5835	80011df2	461d	c.li	x12,7	 x12=0x00000007
       59355000	      5836	80011df4	0622	c.slli	x12,0x8	 x12:0x00000007 x12=0x00000700
       59365000	      5837	80011df6	00060613	addi	x12,x12,0	 x12:0x00000700 x12=0x00000700
       59375000	      5838	80011dfa	00cd2023	sw	x12,0(x26)	 x26:0x8ffffffc x12:0x00000700 PA:0x8ffffffc store:0x00000700 load:0x00000000
       59385000	      5839	80011dfe	000f04b3	add	x9,x30,x0	 x30:0x8002bc60  x0:0x00000000  x9=0x8002bc60
       59395000	      5840	80011e02	0044a083	lw	x1,4(x9)	  x9:0x8002bc60  x1=0x80021445 PA:0x8002bc64 load:0x80021445
       59405000	      5841	80011e06	0084a103	lw	x2,8(x9)	  x9:0x8002bc60  x2=0x800127ee PA:0x8002bc68 load:0x800127ee
       59415000	      5842	80011e0a	00c4a183	lw	x3,12(x9)	  x9:0x8002bc60  x3=0x00000000 PA:0x8002bc6c load:0x00000000
       59425000	      5843	80011e0e	0104a203	lw	x4,16(x9)	  x9:0x8002bc60  x4=0x00000000 PA:0x8002bc70 load:0x00000000
       59435000	      5844	80011e12	0144a283	lw	x5,20(x9)	  x9:0x8002bc60  x5=0x80012b28 PA:0x8002bc74 load:0x80012b28
       59445000	      5845	80011e16	0184a303	lw	x6,24(x9)	  x9:0x8002bc60  x6=0x800127ee PA:0x8002bc78 load:0x800127ee
       59455000	      5846	80011e1a	01c4a383	lw	x7,28(x9)	  x9:0x8002bc60  x7=0x00000000 PA:0x8002bc7c load:0x00000000
       59465000	      5847	80011e1e	5080	c.lw	x8,32(x9)	  x9:0x8002bc60  x8=0x00000000 PA:0x8002bc80 load:0x00000000
       59475000	      5848	80011e20	50c4	c.lw	x9,36(x9)	  x9:0x8002bc60  x9=0x8002bc60 PA:0x8002bc84 load:0x8002bc60
       59495000	      5850	80011e22	5488	c.lw	x10,40(x9)	  x9:0x8002bc60 x10=0x00000000 PA:0x8002bc88 load:0x00000000
       59505000	      5851	80011e24	54cc	c.lw	x11,44(x9)	  x9:0x8002bc60 x11=0x894eacb4 PA:0x8002bc8c load:0x894eacb4
       59515000	      5852	80011e26	5890	c.lw	x12,48(x9)	  x9:0x8002bc60 x12=0x00000001 PA:0x8002bc90 load:0x00000001
       59525000	      5853	80011e28	58d4	c.lw	x13,52(x9)	  x9:0x8002bc60 x13=0x00000000 PA:0x8002bc94 load:0x00000000
       59535000	      5854	80011e2a	5c98	c.lw	x14,56(x9)	  x9:0x8002bc60 x14=0x00000000 PA:0x8002bc98 load:0x00000000
       59545000	      5855	80011e2c	5cdc	c.lw	x15,60(x9)	  x9:0x8002bc60 x15=0x00000000 PA:0x8002bc9c load:0x00000000
       59555000	      5856	80011e2e	0404a803	lw	x16,64(x9)	  x9:0x8002bc60 x16=0x00000000 PA:0x8002bca0 load:0x00000000
       59565000	      5857	80011e32	0444a883	lw	x17,68(x9)	  x9:0x8002bc60 x17=0x00000000 PA:0x8002bca4 load:0x00000000
       59575000	      5858	80011e36	0484a903	lw	x18,72(x9)	  x9:0x8002bc60 x18=0x800128c4 PA:0x8002bca8 load:0x800128c4
       59585000	      5859	80011e3a	04c4a983	lw	x19,76(x9)	  x9:0x8002bc60 x19=0x00000000 PA:0x8002bcac load:0x00000000
       59595000	      5860	80011e3e	0504aa03	lw	x20,80(x9)	  x9:0x8002bc60 x20=0x00000000 PA:0x8002bcb0 load:0x00000000
       59605000	      5861	80011e42	0544aa83	lw	x21,84(x9)	  x9:0x8002bc60 x21=0x00000000 PA:0x8002bcb4 load:0x00000000
       59615000	      5862	80011e46	0584ab03	lw	x22,88(x9)	  x9:0x8002bc60 x22=0x0001b000 PA:0x8002bcb8 load:0x0001b000
       59625000	      5863	80011e4a	05c4ab83	lw	x23,92(x9)	  x9:0x8002bc60 x23=0x80012ebb PA:0x8002bcbc load:0x80012ebb
       59635000	      5864	80011e4e	0604ac03	lw	x24,96(x9)	  x9:0x8002bc60 x24=0x00000000 PA:0x8002bcc0 load:0x00000000
       59645000	      5865	80011e52	0644ac83	lw	x25,100(x9)	  x9:0x8002bc60 x25=0x00000000 PA:0x8002bcc4 load:0x00000000
       59655000	      5866	80011e56	0684ad03	lw	x26,104(x9)	  x9:0x8002bc60 x26=0x00000000 PA:0x8002bcc8 load:0x00000000
       59665000	      5867	80011e5a	06c4ad83	lw	x27,108(x9)	  x9:0x8002bc60 x27=0x00000000 PA:0x8002bccc load:0x00000000
       59675000	      5868	80011e5e	0704ae03	lw	x28,112(x9)	  x9:0x8002bc60 x28=0x00001000 PA:0x8002bcd0 load:0x00001000
       59685000	      5869	80011e62	0744ae83	lw	x29,116(x9)	  x9:0x8002bc60 x29=0x00000000 PA:0x8002bcd4 load:0x00000000
       59695000	      5870	80011e66	0784af03	lw	x30,120(x9)	  x9:0x8002bc60 x30=0x8002bce0 PA:0x8002bcd8 load:0x8002bce0
       59705000	      5871	80011e6a	07c4af83	lw	x31,124(x9)	  x9:0x8002bc60 x31=0x00000000 PA:0x8002bcdc load:0x00000000
       59715000	      5872	80011e6e	08048493	addi	x9,x9,128	  x9:0x8002bc60  x9=0x8002bce0
       59725000	      5873	80011e72	00048f33	add	x30,x9,x0	  x9:0x8002bce0  x0:0x00000000 x30=0x8002bce0
       59735000	      5874	80011e76	000f2483	lw	x9,0(x30)	 x30:0x8002bce0  x9=0x80027e64 PA:0x8002bce0 load:0x80027e64
       59745000	      5875	80011e7a	0f11	c.addi	x30,4	 x30:0x8002bce0 x30=0x8002bce4
       59755000	      5876	80011e7c	30200073	mret	
       59795000	      5880	800049e2	00910183	lb	x3,9(x2)	  x2:0x800127ee  x3=0x00000000 PA:0x800127f7 load:0x00000000
       59805000	      5881	800049e6	01511823	sh	x21,16(x2)	  x2:0x800127ee x21:0x00000000 PA:0x800127fe store:0x00000000 load:0x00000000
       59815000	      5882	800049ea	ff310603	lb	x12,-13(x2)	  x2:0x800127ee x12=0x00000000 PA:0x800127e1 load:0x00000000
       59825000	      5883	800049ee	ff811703	lh	x14,-8(x2)	  x2:0x800127ee x14=0x00000000 PA:0x800127e6 load:0x00000000
       59835000	      5884	800049f2	ffe10d03	lb	x26,-2(x2)	  x2:0x800127ee x26=0x00000000 PA:0x800127ec load:0x00000000
       59855000	      5886	800049f6	02f45033	divu	x0,x8,x15	  x8:0x00000000 x15:0x00000000  x0=0x00000000
       59865000	      5887	800049fa	8e9d	c.sub	x13,x15	 x13:0x00000000 x15:0x00000000 x13=0x00000000
       59875000	      5888	800049fc	ff110e03	lb	x28,-15(x2)	  x2:0x800127ee x28=0x0000002b PA:0x800127df load:0x0000002b
       59885000	      5889	80004a00	625f3693	sltiu	x13,x30,1573	 x30:0x8002bce4 x13=0x00000000
       59895000	      5890	80004a04	01311523	sh	x19,10(x2)	  x2:0x800127ee x19:0x00000000 PA:0x800127f8 store:0x00000000 load:0x00000000
       59905000	      5891	80004a08	8a8e	c.mv	x21,x3	  x0:0x00000000  x3:0x00000000 x21=0x00000000
       59915000	      5892	80004a0a	d58c6693	ori	x13,x24,-680	 x24:0x00000000 x13=0xfffffd58
       60285000	      5929	80004a0e	0213d033	divu	x0,x7,x1	  x7:0x00000000  x1:0x80021445  x0=0x00000000
       60325000	      5933	80004a12	03c89433	mulh	x8,x17,x28	 x17:0x00000000 x28:0x0000002b  x8=0x00000000
       60335000	      5934	80004a16	01511023	sh	x21,0(x2)	  x2:0x800127ee x21:0x00000000 PA:0x800127ee store:0x00000000 load:0x00000000
       60345000	      5935	80004a1a	ff911f23	sh	x25,-2(x2)	  x2:0x800127ee x25:0x00000000 PA:0x800127ec store:0x00000000 load:0x00000000
       60355000	      5936	80004a1e	00f14983	lbu	x19,15(x2)	  x2:0x800127ee x19=0x00000000 PA:0x800127fd load:0x00000000
       60395000	      5940	80004a22	02b798b3	mulh	x17,x15,x11	 x15:0x00000000 x11:0x894eacb4 x17=0x00000000
       60405000	      5941	80004a26	ff710703	lb	x14,-9(x2)	  x2:0x800127ee x14=0x00000000 PA:0x800127e5 load:0x00000000
       60415000	      5942	80004a2a	0000100f	fence.i	
       60445000	      5945	80004a2e	fea10f23	sb	x10,-2(x2)	  x2:0x800127ee x10:0x00000000 PA:0x800127ec store:0x00000000 load:0x00000000
       60455000	      5946	80004a32	8e09	c.sub	x12,x10	 x12:0x00000000 x10:0x00000000 x12=0x00000000
       60465000	      5947	80004a34	0144d393	srli	x7,x9,0x14	  x9:0x80027e64  x7=0x00000800
       60475000	      5948	80004a38	fea10aa3	sb	x10,-11(x2)	  x2:0x800127ee x10:0x00000000 PA:0x800127e3 store:0x00000000 load:0x00000000
       60485000	      5949	80004a3c	ff710503	lb	x10,-9(x2)	  x2:0x800127ee x10=0x00000000 PA:0x800127e5 load:0x00000000
       60495000	      5950	80004a40	0001	c.addi	x0,0	  x0:0x00000000  x0=0x00000000
       60505000	      5951	80004a42	00314e83	lbu	x29,3(x2)	  x2:0x800127ee x29=0x00000000 PA:0x800127f1 load:0x00000000
       60515000	      5952	80004a46	00015997	auipc	x19,0x15	 x19=0x80019a46
       60525000	      5953	80004a4a	34898993	addi	x19,x19,840	 x19:0x80019a46 x19=0x80019d8e
       60535000	      5954	80004a4e	d2effa93	andi	x21,x31,-722	 x31:0x00000000 x21=0x00000000
       60575000	      5958	80004a52	0231bab3	mulhu	x21,x3,x3	  x3:0x00000000  x3:0x00000000 x21=0x00000000
       60585000	      5959	80004a56	8e8988a3	sb	x8,-1807(x19)	 x19:0x80019d8e  x8:0x00000000 PA:0x8001967f store:0x00000000 load:0x00000000
       60595000	      5960	80004a5a	27998b83	lb	x23,633(x19)	 x19:0x80019d8e x23=0x00000000 PA:0x8001a007 load:0x00000000
       60605000	      5961	80004a5e	0794	c.addi4spn	x13,x2,960	 x13=0x80012bae
       60615000	      5962	80004a60	8459c903	lbu	x18,-1979(x19)	 x19:0x80019d8e x18=0x00000000 PA:0x800195d3 load:0x00000000
       60655000	      5966	80004a64	03ef9db3	mulh	x27,x31,x30	 x31:0x00000000 x30:0x8002bce4 x27=0x00000000
       60665000	      5967	80004a68	5b321897	auipc	x17,0x5b321	 x17=0xdb325a68
       60675000	      5968	80004a6c	40215233	sra	x4,x2,x2	  x2:0x800127ee  x2:0x800127ee  x4=0xfffe0004
       60685000	      5969	80004a70	951e	c.add	x10,x7	 x10:0x00000000  x7:0x00000800 x10=0x00000800
       60695000	      5970	80004a72	013e0db3	add	x27,x28,x19	 x28:0x0000002b x19:0x80019d8e x27=0x80019db9
       60735000	      5974	80004a76	02b69ab3	mulh	x21,x13,x11	 x13:0x80012bae x11:0x894eacb4 x21=0x3b581eb4
       60745000	      5975	80004a7a	03ad	c.addi	x7,11	  x7:0x00000800  x7=0x0000080b
       60755000	      5976	80004a7c	fd79ce83	lbu	x29,-41(x19)	 x19:0x80019d8e x29=0x00000000 PA:0x80019d65 load:0x00000000
       60795000	      5980	80004a80	02819ab3	mulh	x21,x3,x8	  x3:0x00000000  x8:0x00000000 x21=0x00000000
       60805000	      5981	80004a84	ff798a83	lb	x21,-9(x19)	 x19:0x80019d8e x21=0x00000000 PA:0x80019d85 load:0x00000000
       60815000	      5982	80004a88	1300	c.addi4spn	x8,x2,416	  x8=0x8001298e
       60825000	      5983	80004a8a	7ca99c83	lh	x25,1994(x19)	 x19:0x80019d8e x25=0x00000000 PA:0x8001a558 load:0x00000000
       60835000	      5984	80004a8e	3b898823	sb	x24,944(x19)	 x19:0x80019d8e x24:0x00000000 PA:0x8001a13e store:0x00000000 load:0x00000000
       60855000	      5986	80004a92	0346feb3	remu	x29,x13,x20	 x13:0x80012bae x20:0x00000000 x29=0x80012bae
       60865000	      5987	80004a96	9f298ba3	sb	x18,-1545(x19)	 x19:0x80019d8e x18:0x00000000 PA:0x80019785 store:0x00000000 load:0x00000000
       60875000	      5988	80004a9a	bd69de83	lhu	x29,-1066(x19)	 x19:0x80019d8e x29=0x00000000 PA:0x80019964 load:0x00000000
       60885000	      5989	80004a9e	0df9cb03	lbu	x22,223(x19)	 x19:0x80019d8e x22=0x00000000 PA:0x80019e6d load:0x00000000
       60895000	      5990	80004aa2	01774bb3	xor	x23,x14,x23	 x14:0x00000000 x23:0x00000000 x23=0x00000000
       60905000	      5991	80004aa6	883a	c.mv	x16,x14	  x0:0x00000000 x14:0x00000000 x16=0x00000000
       60915000	      5992	80004aa8	09099383	lh	x7,144(x19)	 x19:0x80019d8e  x7=0x00000000 PA:0x80019e1e load:0x00000000
       60925000	      5993	80004aac	62f989a3	sb	x15,1587(x19)	 x19:0x80019d8e x15:0x00000000 PA:0x8001a3c1 store:0x00000000 load:0x00000000
       60935000	      5994	80004ab0	1e90	c.addi4spn	x12,x2,880	 x12=0x80012b5e
       60945000	      5995	80004ab2	a889c283	lbu	x5,-1400(x19)	 x19:0x80019d8e  x5=0x00000000 PA:0x80019816 load:0x00000000
       60955000	      5996	80004ab6	abf98703	lb	x14,-1345(x19)	 x19:0x80019d8e x14=0x00000000 PA:0x8001984d load:0x00000000
       60965000	      5997	80004aba	8506	c.mv	x10,x1	  x0:0x00000000  x1:0x80021445 x10=0x80021445
       60975000	      5998	80004abc	b5e9a403	lw	x8,-1186(x19)	 x19:0x80019d8e  x8=0x00000000 PA:0x800198ec load:0x00000000
       60985000	      5999	80004ac0	c1298ca3	sb	x18,-999(x19)	 x19:0x80019d8e x18:0x00000000 PA:0x800199a7 store:0x00000000 load:0x00000000
       61355000	      6036	80004ac4	02d87433	remu	x8,x16,x13	 x16:0x00000000 x13:0x80012bae  x8=0x00000000
       61725000	      6073	80004ac8	03bff6b3	remu	x13,x31,x27	 x31:0x00000000 x27:0x80019db9 x13=0x00000000
       61765000	      6077	8000252c	905fe06f	jal	x0,80000e30	  x0=0x00000000
       61785000	      6079	80000e30	1f71	c.addi	x30,-4	 x30:0x8002bce4 x30=0x8002bce0
       61795000	      6080	80000e32	009f2023	sw	x9,0(x30)	 x30:0x8002bce0  x9:0x80027e64 PA:0x8002bce0 store:0x80027e64 load:0x00000000
       61805000	      6081	80000e36	000f04b3	add	x9,x30,x0	 x30:0x8002bce0  x0:0x00000000  x9=0x8002bce0
       61815000	      6082	80000e3a	f8048493	addi	x9,x9,-128	  x9:0x8002bce0  x9=0x8002bc60
       61825000	      6083	80000e3e	0014a223	sw	x1,4(x9)	  x9:0x8002bc60  x1:0x80021445 PA:0x8002bc64 store:0x80021445 load:0x00000000
       61835000	      6084	80000e42	0024a423	sw	x2,8(x9)	  x9:0x8002bc60  x2:0x800127ee PA:0x8002bc68 store:0x800127ee load:0x00000000
       61845000	      6085	80000e46	0034a623	sw	x3,12(x9)	  x9:0x8002bc60  x3:0x00000000 PA:0x8002bc6c store:0x00000000 load:0x00000000
       61855000	      6086	80000e4a	0044a823	sw	x4,16(x9)	  x9:0x8002bc60  x4:0xfffe0004 PA:0x8002bc70 store:0xfffe0004 load:0x00000000
       61865000	      6087	80000e4e	0054aa23	sw	x5,20(x9)	  x9:0x8002bc60  x5:0x00000000 PA:0x8002bc74 store:0x00000000 load:0x00000000
       61875000	      6088	80000e52	0064ac23	sw	x6,24(x9)	  x9:0x8002bc60  x6:0x800127ee PA:0x8002bc78 store:0x800127ee load:0x00000000
       61885000	      6089	80000e56	0074ae23	sw	x7,28(x9)	  x9:0x8002bc60  x7:0x00000000 PA:0x8002bc7c store:0x00000000 load:0x00000000
       61895000	      6090	80000e5a	d080	c.sw	x8,32(x9)	  x9:0x8002bc60  x8:0x00000000 PA:0x8002bc80 store:0x00000000 load:0x00000000
       61905000	      6091	80000e5c	d0c4	c.sw	x9,36(x9)	  x9:0x8002bc60  x9:0x8002bc60 PA:0x8002bc84 store:0x8002bc60 load:0x00000000
       61915000	      6092	80000e5e	d488	c.sw	x10,40(x9)	  x9:0x8002bc60 x10:0x80021445 PA:0x8002bc88 store:0x80021445 load:0x00000000
       61925000	      6093	80000e60	d4cc	c.sw	x11,44(x9)	  x9:0x8002bc60 x11:0x894eacb4 PA:0x8002bc8c store:0x894eacb4 load:0x00000000
       61935000	      6094	80000e62	d890	c.sw	x12,48(x9)	  x9:0x8002bc60 x12:0x80012b5e PA:0x8002bc90 store:0x80012b5e load:0x00000000
       61945000	      6095	80000e64	d8d4	c.sw	x13,52(x9)	  x9:0x8002bc60 x13:0x00000000 PA:0x8002bc94 store:0x00000000 load:0x00000000
       61955000	      6096	80000e66	dc98	c.sw	x14,56(x9)	  x9:0x8002bc60 x14:0x00000000 PA:0x8002bc98 store:0x00000000 load:0x00000000
       61965000	      6097	80000e68	dcdc	c.sw	x15,60(x9)	  x9:0x8002bc60 x15:0x00000000 PA:0x8002bc9c store:0x00000000 load:0x00000000
       61975000	      6098	80000e6a	0504a023	sw	x16,64(x9)	  x9:0x8002bc60 x16:0x00000000 PA:0x8002bca0 store:0x00000000 load:0x00000000
       61985000	      6099	80000e6e	0514a223	sw	x17,68(x9)	  x9:0x8002bc60 x17:0xdb325a68 PA:0x8002bca4 store:0xdb325a68 load:0x00000000
       61995000	      6100	80000e72	0524a423	sw	x18,72(x9)	  x9:0x8002bc60 x18:0x00000000 PA:0x8002bca8 store:0x00000000 load:0x00000000
       62005000	      6101	80000e76	0534a623	sw	x19,76(x9)	  x9:0x8002bc60 x19:0x80019d8e PA:0x8002bcac store:0x80019d8e load:0x00000000
       62015000	      6102	80000e7a	0544a823	sw	x20,80(x9)	  x9:0x8002bc60 x20:0x00000000 PA:0x8002bcb0 store:0x00000000 load:0x00000000
       62025000	      6103	80000e7e	0554aa23	sw	x21,84(x9)	  x9:0x8002bc60 x21:0x00000000 PA:0x8002bcb4 store:0x00000000 load:0x00000000
       62035000	      6104	80000e82	0564ac23	sw	x22,88(x9)	  x9:0x8002bc60 x22:0x00000000 PA:0x8002bcb8 store:0x00000000 load:0x00000000
       62045000	      6105	80000e86	0574ae23	sw	x23,92(x9)	  x9:0x8002bc60 x23:0x00000000 PA:0x8002bcbc store:0x00000000 load:0x00000000
       62055000	      6106	80000e8a	0784a023	sw	x24,96(x9)	  x9:0x8002bc60 x24:0x00000000 PA:0x8002bcc0 store:0x00000000 load:0x00000000
       62065000	      6107	80000e8e	0794a223	sw	x25,100(x9)	  x9:0x8002bc60 x25:0x00000000 PA:0x8002bcc4 store:0x00000000 load:0x00000000
       62075000	      6108	80000e92	07a4a423	sw	x26,104(x9)	  x9:0x8002bc60 x26:0x00000000 PA:0x8002bcc8 store:0x00000000 load:0x00000000
       62085000	      6109	80000e96	07b4a623	sw	x27,108(x9)	  x9:0x8002bc60 x27:0x80019db9 PA:0x8002bccc store:0x80019db9 load:0x00000000
       62095000	      6110	80000e9a	07c4a823	sw	x28,112(x9)	  x9:0x8002bc60 x28:0x0000002b PA:0x8002bcd0 store:0x0000002b load:0x00000000
       62105000	      6111	80000e9e	07d4aa23	sw	x29,116(x9)	  x9:0x8002bc60 x29:0x00000000 PA:0x8002bcd4 store:0x00000000 load:0x00000000
       62115000	      6112	80000ea2	07e4ac23	sw	x30,120(x9)	  x9:0x8002bc60 x30:0x8002bce0 PA:0x8002bcd8 store:0x8002bce0 load:0x00000000
       62125000	      6113	80000ea6	07f4ae23	sw	x31,124(x9)	  x9:0x8002bc60 x31:0x00000000 PA:0x8002bcdc store:0x00000000 load:0x00000000
       62135000	      6114	80000eaa	00048f33	add	x30,x9,x0	  x9:0x8002bc60  x0:0x00000000 x30=0x8002bc60
       62145000	      6115	80000eae	90000d37	lui	x26,0x90000	 x26=0x90000000
       62155000	      6116	80000eb2	1d71	c.addi	x26,-4	 x26:0x90000000 x26=0x8ffffffc
       62165000	      6117	80000eb4	4619	c.li	x12,6	 x12=0x00000006
       62175000	      6118	80000eb6	0622	c.slli	x12,0x8	 x12:0x00000006 x12=0x00000600
       62185000	      6119	80000eb8	00060613	addi	x12,x12,0	 x12:0x00000600 x12=0x00000600
       62195000	      6120	80000ebc	00cd2023	sw	x12,0(x26)	 x26:0x8ffffffc x12:0x00000600 PA:0x8ffffffc store:0x00000600 load:0x00000000
       62205000	      6121	80000ec0	34202673	csrrs	x12,mcause,x0	  x0:0x00000000 x12=0x8000000b
       62215000	      6122	80000ec4	827d	c.srli	x12,0x1f	 x12:0x8000000b x12=0x00000001
       62225000	      6123	80000ec6	c63d	c.beqz	x12,80000f34	 x12:0x00000001
       62235000	      6124	80000ec8	90000d37	lui	x26,0x90000	 x26=0x90000000
       62245000	      6125	80000ecc	1d71	c.addi	x26,-4	 x26:0x90000000 x26=0x8ffffffc
       62255000	      6126	80000ece	30000613	addi	x12,x0,768	  x0:0x00000000 x12=0x00000300
       62265000	      6127	80000ed2	0622	c.slli	x12,0x8	 x12:0x00000300 x12=0x00030000
       62275000	      6128	80000ed4	060d	c.addi	x12,3	 x12:0x00030000 x12=0x00030003
       62285000	      6129	80000ed6	00cd2023	sw	x12,0(x26)	 x26:0x8ffffffc x12:0x00030003 PA:0x8ffffffc store:0x00030003 load:0x00000000
       62295000	      6130	80000eda	30002673	csrrs	x12,mstatus,x0	  x0:0x00000000 x12=0x00000000
       62305000	      6131	80000ede	00cd2023	sw	x12,0(x26)	 x26:0x8ffffffc x12:0x00000000 PA:0x8ffffffc store:0x00000000 load:0x00000000
       62315000	      6132	80000ee2	90000d37	lui	x26,0x90000	 x26=0x90000000
       62325000	      6133	80000ee6	1d71	c.addi	x26,-4	 x26:0x90000000 x26=0x8ffffffc
       62335000	      6134	80000ee8	34200613	addi	x12,x0,834	  x0:0x00000000 x12=0x00000342
       62345000	      6135	80000eec	0622	c.slli	x12,0x8	 x12:0x00000342 x12=0x00034200
       62355000	      6136	80000eee	060d	c.addi	x12,3	 x12:0x00034200 x12=0x00034203
       62365000	      6137	80000ef0	00cd2023	sw	x12,0(x26)	 x26:0x8ffffffc x12:0x00034203 PA:0x8ffffffc store:0x00034203 load:0x00000000
       62375000	      6138	80000ef4	34202673	csrrs	x12,mcause,x0	  x0:0x00000000 x12=0x8000000b
       62385000	      6139	80000ef8	00cd2023	sw	x12,0(x26)	 x26:0x8ffffffc x12:0x8000000b PA:0x8ffffffc store:0x8000000b load:0x00000000
       62395000	      6140	80000efc	90000d37	lui	x26,0x90000	 x26=0x90000000
       62405000	      6141	80000f00	1d71	c.addi	x26,-4	 x26:0x90000000 x26=0x8ffffffc
       62415000	      6142	80000f02	30400613	addi	x12,x0,772	  x0:0x00000000 x12=0x00000304
       62425000	      6143	80000f06	0622	c.slli	x12,0x8	 x12:0x00000304 x12=0x00030400
       62435000	      6144	80000f08	060d	c.addi	x12,3	 x12:0x00030400 x12=0x00030403
       62445000	      6145	80000f0a	00cd2023	sw	x12,0(x26)	 x26:0x8ffffffc x12:0x00030403 PA:0x8ffffffc store:0x00030403 load:0x00000000
       62455000	      6146	80000f0e	30402673	csrrs	x12,mie,x0	  x0:0x00000000 x12=0x66fb0888
       62465000	      6147	80000f12	00cd2023	sw	x12,0(x26)	 x26:0x8ffffffc x12:0x66fb0888 PA:0x8ffffffc store:0x66fb0888 load:0x00000000
       62475000	      6148	80000f16	90000d37	lui	x26,0x90000	 x26=0x90000000
       62485000	      6149	80000f1a	1d71	c.addi	x26,-4	 x26:0x90000000 x26=0x8ffffffc
       62495000	      6150	80000f1c	34400613	addi	x12,x0,836	  x0:0x00000000 x12=0x00000344
       62505000	      6151	80000f20	0622	c.slli	x12,0x8	 x12:0x00000344 x12=0x00034400
       62515000	      6152	80000f22	060d	c.addi	x12,3	 x12:0x00034400 x12=0x00034403
       62525000	      6153	80000f24	00cd2023	sw	x12,0(x26)	 x26:0x8ffffffc x12:0x00034403 PA:0x8ffffffc store:0x00034403 load:0x00000000
       62535000	      6154	80000f28	34402673	csrrs	x12,mip,x0	  x0:0x00000000 x12=0x00000000
       62545000	      6155	80000f2c	00cd2023	sw	x12,0(x26)	 x26:0x8ffffffc x12:0x00000000 PA:0x8ffffffc store:0x00000000 load:0x00000000
       62555000	      6156	80000f30	6ad1006f	jal	x0,80011ddc	  x0=0x00000000
       62575000	      6158	80011ddc	30002673	csrrs	x12,mstatus,x0	  x0:0x00000000 x12=0x00000000
       62585000	      6159	80011de0	30402673	csrrs	x12,mie,x0	  x0:0x00000000 x12=0x66fb0888
       62595000	      6160	80011de4	34402673	csrrs	x12,mip,x0	  x0:0x00000000 x12=0x00000000
       62605000	      6161	80011de8	34463673	csrrc	x12,mip,x12	 x12:0x00000000 x12=0x00000000
       62635000	      6164	80011dec	90000d37	lui	x26,0x90000	 x26=0x90000000
       62645000	      6165	80011df0	1d71	c.addi	x26,-4	 x26:0x90000000 x26=0x8ffffffc
       62655000	      6166	80011df2	461d	c.li	x12,7	 x12=0x00000007
       62665000	      6167	80011df4	0622	c.slli	x12,0x8	 x12:0x00000007 x12=0x00000700
       62675000	      6168	80011df6	00060613	addi	x12,x12,0	 x12:0x00000700 x12=0x00000700
       62685000	      6169	80011dfa	00cd2023	sw	x12,0(x26)	 x26:0x8ffffffc x12:0x00000700 PA:0x8ffffffc store:0x00000700 load:0x00000000
       62695000	      6170	80011dfe	000f04b3	add	x9,x30,x0	 x30:0x8002bc60  x0:0x00000000  x9=0x8002bc60
       62705000	      6171	80011e02	0044a083	lw	x1,4(x9)	  x9:0x8002bc60  x1=0x80021445 PA:0x8002bc64 load:0x80021445
       62715000	      6172	80011e06	0084a103	lw	x2,8(x9)	  x9:0x8002bc60  x2=0x800127ee PA:0x8002bc68 load:0x800127ee
       62725000	      6173	80011e0a	00c4a183	lw	x3,12(x9)	  x9:0x8002bc60  x3=0x00000000 PA:0x8002bc6c load:0x00000000
       62735000	      6174	80011e0e	0104a203	lw	x4,16(x9)	  x9:0x8002bc60  x4=0xfffe0004 PA:0x8002bc70 load:0xfffe0004
       62745000	      6175	80011e12	0144a283	lw	x5,20(x9)	  x9:0x8002bc60  x5=0x00000000 PA:0x8002bc74 load:0x00000000
       62755000	      6176	80011e16	0184a303	lw	x6,24(x9)	  x9:0x8002bc60  x6=0x800127ee PA:0x8002bc78 load:0x800127ee
       62765000	      6177	80011e1a	01c4a383	lw	x7,28(x9)	  x9:0x8002bc60  x7=0x00000000 PA:0x8002bc7c load:0x00000000
       62775000	      6178	80011e1e	5080	c.lw	x8,32(x9)	  x9:0x8002bc60  x8=0x00000000 PA:0x8002bc80 load:0x00000000
       62785000	      6179	80011e20	50c4	c.lw	x9,36(x9)	  x9:0x8002bc60  x9=0x8002bc60 PA:0x8002bc84 load:0x8002bc60
       62805000	      6181	80011e22	5488	c.lw	x10,40(x9)	  x9:0x8002bc60 x10=0x80021445 PA:0x8002bc88 load:0x80021445
       62815000	      6182	80011e24	54cc	c.lw	x11,44(x9)	  x9:0x8002bc60 x11=0x894eacb4 PA:0x8002bc8c load:0x894eacb4
       62825000	      6183	80011e26	5890	c.lw	x12,48(x9)	  x9:0x8002bc60 x12=0x80012b5e PA:0x8002bc90 load:0x80012b5e
       62835000	      6184	80011e28	58d4	c.lw	x13,52(x9)	  x9:0x8002bc60 x13=0x00000000 PA:0x8002bc94 load:0x00000000
       62845000	      6185	80011e2a	5c98	c.lw	x14,56(x9)	  x9:0x8002bc60 x14=0x00000000 PA:0x8002bc98 load:0x00000000
       62855000	      6186	80011e2c	5cdc	c.lw	x15,60(x9)	  x9:0x8002bc60 x15=0x00000000 PA:0x8002bc9c load:0x00000000
       62865000	      6187	80011e2e	0404a803	lw	x16,64(x9)	  x9:0x8002bc60 x16=0x00000000 PA:0x8002bca0 load:0x00000000
       62875000	      6188	80011e32	0444a883	lw	x17,68(x9)	  x9:0x8002bc60 x17=0xdb325a68 PA:0x8002bca4 load:0xdb325a68
       62885000	      6189	80011e36	0484a903	lw	x18,72(x9)	  x9:0x8002bc60 x18=0x00000000 PA:0x8002bca8 load:0x00000000
       62895000	      6190	80011e3a	04c4a983	lw	x19,76(x9)	  x9:0x8002bc60 x19=0x80019d8e PA:0x8002bcac load:0x80019d8e
       62905000	      6191	80011e3e	0504aa03	lw	x20,80(x9)	  x9:0x8002bc60 x20=0x00000000 PA:0x8002bcb0 load:0x00000000
       62915000	      6192	80011e42	0544aa83	lw	x21,84(x9)	  x9:0x8002bc60 x21=0x00000000 PA:0x8002bcb4 load:0x00000000
       62925000	      6193	80011e46	0584ab03	lw	x22,88(x9)	  x9:0x8002bc60 x22=0x00000000 PA:0x8002bcb8 load:0x00000000
       62935000	      6194	80011e4a	05c4ab83	lw	x23,92(x9)	  x9:0x8002bc60 x23=0x00000000 PA:0x8002bcbc load:0x00000000
       62945000	      6195	80011e4e	0604ac03	lw	x24,96(x9)	  x9:0x8002bc60 x24=0x00000000 PA:0x8002bcc0 load:0x00000000
       62955000	      6196	80011e52	0644ac83	lw	x25,100(x9)	  x9:0x8002bc60 x25=0x00000000 PA:0x8002bcc4 load:0x00000000
       62965000	      6197	80011e56	0684ad03	lw	x26,104(x9)	  x9:0x8002bc60 x26=0x00000000 PA:0x8002bcc8 load:0x00000000
       62975000	      6198	80011e5a	06c4ad83	lw	x27,108(x9)	  x9:0x8002bc60 x27=0x80019db9 PA:0x8002bccc load:0x80019db9
       62985000	      6199	80011e5e	0704ae03	lw	x28,112(x9)	  x9:0x8002bc60 x28=0x0000002b PA:0x8002bcd0 load:0x0000002b
       62995000	      6200	80011e62	0744ae83	lw	x29,116(x9)	  x9:0x8002bc60 x29=0x00000000 PA:0x8002bcd4 load:0x00000000
       63005000	      6201	80011e66	0784af03	lw	x30,120(x9)	  x9:0x8002bc60 x30=0x8002bce0 PA:0x8002bcd8 load:0x8002bce0
       63015000	      6202	80011e6a	07c4af83	lw	x31,124(x9)	  x9:0x8002bc60 x31=0x00000000 PA:0x8002bcdc load:0x00000000
       63025000	      6203	80011e6e	08048493	addi	x9,x9,128	  x9:0x8002bc60  x9=0x8002bce0
       63035000	      6204	80011e72	00048f33	add	x30,x9,x0	  x9:0x8002bce0  x0:0x00000000 x30=0x8002bce0
       63045000	      6205	80011e76	000f2483	lw	x9,0(x30)	 x30:0x8002bce0  x9=0x80027e64 PA:0x8002bce0 load:0x80027e64
       63055000	      6206	80011e7a	0f11	c.addi	x30,4	 x30:0x8002bce0 x30=0x8002bce4
       63065000	      6207	80011e7c	30200073	mret	
       63095000	      6210	80004acc	17299a23	sh	x18,372(x19)	 x19:0x80019d8e x18:0x00000000 PA:0x80019f02 store:0x00000000 load:0x00000000
       63105000	      6211	80004ad0	4fa1	c.li	x31,8	 x31=0x00000008
       63115000	      6212	80004ad2	955e	c.add	x10,x23	 x10:0x80021445 x23:0x00000000 x10=0x80021445
       63125000	      6213	80004ad4	4989	c.li	x19,2	 x19=0x00000002
       63135000	      6214	80004ad6	8fc9	c.or	x15,x10	 x15:0x00000000 x10:0x80021445 x15=0x80021445
       63145000	      6215	80004ad8	e8763a93	sltiu	x21,x12,-377	 x12:0x80012b5e x21=0x00000001
       63155000	      6216	80004adc	1ffd	c.addi	x31,-1	 x31:0x00000008 x31=0x00000007
       63165000	      6217	80004ade	014c8db3	add	x27,x25,x20	 x25:0x00000000 x20:0x00000000 x27=0x00000000
       63175000	      6218	80004ae2	ff3ffae3	bgeu	x31,x19,80004ad6	 x31:0x00000007 x19:0x00000002
       63195000	      6220	80004ad6	8fc9	c.or	x15,x10	 x15:0x80021445 x10:0x80021445 x15=0x80021445
       63205000	      6221	80004ad8	e8763a93	sltiu	x21,x12,-377	 x12:0x80012b5e x21=0x00000001
       63215000	      6222	80004adc	1ffd	c.addi	x31,-1	 x31:0x00000007 x31=0x00000006
       63225000	      6223	80004ade	014c8db3	add	x27,x25,x20	 x25:0x00000000 x20:0x00000000 x27=0x00000000
       63235000	      6224	80004ae2	ff3ffae3	bgeu	x31,x19,80004ad6	 x31:0x00000006 x19:0x00000002
       63255000	      6226	80004ad6	8fc9	c.or	x15,x10	 x15:0x80021445 x10:0x80021445 x15=0x80021445
       63265000	      6227	80004ad8	e8763a93	sltiu	x21,x12,-377	 x12:0x80012b5e x21=0x00000001
       63275000	      6228	80004adc	1ffd	c.addi	x31,-1	 x31:0x00000006 x31=0x00000005
       63285000	      6229	80004ade	014c8db3	add	x27,x25,x20	 x25:0x00000000 x20:0x00000000 x27=0x00000000
       63295000	      6230	80004ae2	ff3ffae3	bgeu	x31,x19,80004ad6	 x31:0x00000005 x19:0x00000002
       63315000	      6232	80004ad6	8fc9	c.or	x15,x10	 x15:0x80021445 x10:0x80021445 x15=0x80021445
       63325000	      6233	80004ad8	e8763a93	sltiu	x21,x12,-377	 x12:0x80012b5e x21=0x00000001
       63335000	      6234	80004adc	1ffd	c.addi	x31,-1	 x31:0x00000005 x31=0x00000004
       63345000	      6235	80004ade	014c8db3	add	x27,x25,x20	 x25:0x00000000 x20:0x00000000 x27=0x00000000
       63355000	      6236	80004ae2	ff3ffae3	bgeu	x31,x19,80004ad6	 x31:0x00000004 x19:0x00000002
       63375000	      6238	80004ad6	8fc9	c.or	x15,x10	 x15:0x80021445 x10:0x80021445 x15=0x80021445
       63385000	      6239	80004ad8	e8763a93	sltiu	x21,x12,-377	 x12:0x80012b5e x21=0x00000001
       63395000	      6240	80004adc	1ffd	c.addi	x31,-1	 x31:0x00000004 x31=0x00000003
       63405000	      6241	80004ade	014c8db3	add	x27,x25,x20	 x25:0x00000000 x20:0x00000000 x27=0x00000000
       63415000	      6242	80004ae2	ff3ffae3	bgeu	x31,x19,80004ad6	 x31:0x00000003 x19:0x00000002
       63435000	      6244	80004ad6	8fc9	c.or	x15,x10	 x15:0x80021445 x10:0x80021445 x15=0x80021445
       63445000	      6245	80004ad8	e8763a93	sltiu	x21,x12,-377	 x12:0x80012b5e x21=0x00000001
       63455000	      6246	80004adc	1ffd	c.addi	x31,-1	 x31:0x00000003 x31=0x00000002
       63465000	      6247	80004ade	014c8db3	add	x27,x25,x20	 x25:0x00000000 x20:0x00000000 x27=0x00000000
       63475000	      6248	80004ae2	ff3ffae3	bgeu	x31,x19,80004ad6	 x31:0x00000002 x19:0x00000002
       63495000	      6250	80004ad6	8fc9	c.or	x15,x10	 x15:0x80021445 x10:0x80021445 x15=0x80021445
       63505000	      6251	80004ad8	e8763a93	sltiu	x21,x12,-377	 x12:0x80012b5e x21=0x00000001
       63515000	      6252	80004adc	1ffd	c.addi	x31,-1	 x31:0x00000002 x31=0x00000001
       63525000	      6253	80004ade	014c8db3	add	x27,x25,x20	 x25:0x00000000 x20:0x00000000 x27=0x00000000
       63535000	      6254	80004ae2	ff3ffae3	bgeu	x31,x19,80004ad6	 x31:0x00000001 x19:0x00000002
       63545000	      6255	80004ae6	017fda33	srl	x20,x31,x23	 x31:0x00000001 x23:0x00000000 x20=0x00000001
       63555000	      6256	80004aea	0000e197	auipc	x3,0xe	  x3=0x80012aea
       63565000	      6257	80004aee	d7118193	addi	x3,x3,-655	  x3:0x80012aea  x3=0x8001285b
       63575000	      6258	80004af2	0101c883	lbu	x17,16(x3)	  x3:0x8001285b x17=0x00000000 PA:0x8001286b load:0x00000000
       63585000	      6259	80004af6	00e18823	sb	x14,16(x3)	  x3:0x8001285b x14:0x00000000 PA:0x8001286b store:0x00000000 load:0x00000000
       63595000	      6260	80004afa	00f18023	sb	x15,0(x3)	  x3:0x8001285b x15:0x80021445 PA:0x8001285b store:0x80021445 load:0x00000000
       63605000	      6261	80004afe	fe1198a3	sh	x1,-15(x3)	  x3:0x8001285b  x1:0x80021445 PA:0x8001284c store:0x80021445 load:0x00000000
       63615000	      6262	80004b02	ff219ba3	sh	x18,-9(x3)	  x3:0x8001285b x18:0x00000000 PA:0x80012852 store:0x00000000 load:0x00000000
       63625000	      6263	80004b06	01e180a3	sb	x30,1(x3)	  x3:0x8001285b x30:0x8002bce4 PA:0x8001285c store:0x8002bce4 load:0x00000000
       63635000	      6264	80004b0a	00f1cd83	lbu	x27,15(x3)	  x3:0x8001285b x27=0x00000000 PA:0x8001286a load:0x00000000
       63645000	      6265	80004b0e	eeff4e93	xori	x29,x30,-273	 x30:0x8002bce4 x29=0x7ffd420b
       63655000	      6266	80004b12	00418703	lb	x14,4(x3)	  x3:0x8001285b x14=0x00000000 PA:0x8001285f load:0x00000000
       63665000	      6267	80004b16	00319d03	lh	x26,3(x3)	  x3:0x8001285b x26=0x00000000 PA:0x8001285e load:0x00000000
       63675000	      6268	80004b1a	feb18823	sb	x11,-16(x3)	  x3:0x8001285b x11:0x894eacb4 PA:0x8001284b store:0x894eacb4 load:0x00000000
       63685000	      6269	80004b1e	8eb1	c.xor	x13,x12	 x13:0x00000000 x12:0x80012b5e x13=0x80012b5e
       63695000	      6270	80004b20	8e9d	c.sub	x13,x15	 x13:0x80012b5e x15:0x80021445 x13=0xffff1719
       63705000	      6271	80004b22	ff018f83	lb	x31,-16(x3)	  x3:0x8001285b x31=0xffffffb4 PA:0x8001284b load:0xffffffb4
       63715000	      6272	80004b26	0000100f	fence.i	
       63745000	      6275	80004b2a	0163dd13	srli	x26,x7,0x16	  x7:0x00000000 x26=0x00000000
       63755000	      6276	80004b2e	ff418403	lb	x8,-12(x3)	  x3:0x8001285b  x8=0x00000000 PA:0x8001284f load:0x00000000
       63765000	      6277	80004b32	0001ea97	auipc	x21,0x1e	 x21=0x80022b32
       63775000	      6278	80004b36	aa3a8a93	addi	x21,x21,-1373	 x21:0x80022b32 x21=0x800225d5
       63785000	      6279	80004b3a	0000e197	auipc	x3,0xe	  x3=0x80012b3a
       63795000	      6280	80004b3e	e7518193	addi	x3,x3,-395	  x3:0x80012b3a  x3=0x800129af
       63805000	      6281	80004b42	793aa5a3	sw	x19,1931(x21)	 x21:0x800225d5 x19:0x00000002 PA:0x80022d60 store:0x00000002 load:0x00000000
       63815000	      6282	80004b46	00c1c003	lbu	x0,12(x3)	  x3:0x800129af  x0=0x00000000 PA:0x800129bb load:0x00000000
       63825000	      6283	80004b4a	0081cb83	lbu	x23,8(x3)	  x3:0x800129af x23=0x00000000 PA:0x800129b7 load:0x00000000
       63835000	      6284	80004b4e	f94acd03	lbu	x26,-108(x21)	 x21:0x800225d5 x26=0x00000000 PA:0x80022569 load:0x00000000
       63845000	      6285	80004b52	f15ad783	lhu	x15,-235(x21)	 x21:0x800225d5 x15=0x00000000 PA:0x800224ea load:0x00000000
       63855000	      6286	80004b56	fd119c83	lh	x25,-47(x3)	  x3:0x800129af x25=0x00000000 PA:0x80012980 load:0x00000000
       63865000	      6287	80004b5a	e38ac883	lbu	x17,-456(x21)	 x21:0x800225d5 x17=0x00000000 PA:0x8002240d load:0x00000000
       63875000	      6288	80004b5e	45ba8283	lb	x5,1115(x21)	 x21:0x800225d5  x5=0x00000000 PA:0x80022a30 load:0x00000000
       63885000	      6289	80004b62	3adad803	lhu	x16,941(x21)	 x21:0x800225d5 x16=0x00000000 PA:0x80022982 load:0x00000000
       63895000	      6290	80004b66	23aa8aa3	sb	x26,565(x21)	 x21:0x800225d5 x26:0x00000000 PA:0x8002280a store:0x00000000 load:0x00000000
       63905000	      6291	80004b6a	00518523	sb	x5,10(x3)	  x3:0x800129af  x5:0x00000000 PA:0x800129b9 store:0x00000000 load:0x00000000
       63915000	      6292	80004b6e	fef1db03	lhu	x22,-17(x3)	  x3:0x800129af x22=0x00000000 PA:0x8001299e load:0x00000000
       63925000	      6293	80004b72	ffd18723	sb	x29,-18(x3)	  x3:0x800129af x29:0x7ffd420b PA:0x8001299d store:0x7ffd420b load:0x00000000
       63935000	      6294	80004b76	699a8983	lb	x19,1689(x21)	 x21:0x800225d5 x19=0x00000000 PA:0x80022c6e load:0x00000000
       63945000	      6295	80004b7a	b1ca8d83	lb	x27,-1252(x21)	 x21:0x800225d5 x27=0x00000000 PA:0x800220f1 load:0x00000000
       63955000	      6296	80004b7e	951a86a3	sb	x17,-1715(x21)	 x21:0x800225d5 x17:0x00000000 PA:0x80021f22 store:0x00000000 load:0x00000000
       63965000	      6297	80004b82	ff418983	lb	x19,-12(x3)	  x3:0x800129af x19=0x00000000 PA:0x800129a3 load:0x00000000
       63975000	      6298	80004b86	00014617	auipc	x12,0x14	 x12=0x80018b86
       63985000	      6299	80004b8a	48f60613	addi	x12,x12,1167	 x12:0x80018b86 x12=0x80019015
       63995000	      6300	80004b8e	77965e03	lhu	x28,1913(x12)	 x12:0x80019015 x28=0x00000000 PA:0x8001978e load:0x00000000
       64005000	      6301	80004b92	e7165d03	lhu	x26,-399(x12)	 x12:0x80019015 x26=0x00000000 PA:0x80018e86 load:0x00000000
       64015000	      6302	80004b96	0000e917	auipc	x18,0xe	 x18=0x80012b96
       64025000	      6303	80004b9a	22d90913	addi	x18,x18,557	 x18:0x80012b96 x18=0x80012dc3
       64035000	      6304	80004b9e	1d390123	sb	x19,450(x18)	 x18:0x80012dc3 x19:0x00000000 PA:0x80012f85 store:0x00000000 load:0x00000000
       64045000	      6305	80004ba2	fb590a23	sb	x21,-76(x18)	 x18:0x80012dc3 x21:0x800225d5 PA:0x80012d77 store:0x800225d5 load:0x00000000
       64055000	      6306	80004ba6	69560283	lb	x5,1685(x12)	 x12:0x80019015  x5=0x00000000 PA:0x800196aa load:0x00000000
       64065000	      6307	80004baa	76161ca3	sh	x1,1913(x12)	 x12:0x80019015  x1:0x80021445 PA:0x8001978e store:0x80021445 load:0x00000000
       64075000	      6308	80004bae	83260a03	lb	x20,-1998(x12)	 x12:0x80019015 x20=0x00000000 PA:0x80018847 load:0x00000000
       64085000	      6309	80004bb2	20a94803	lbu	x16,522(x18)	 x18:0x80012dc3 x16=0x00000000 PA:0x80012fcd load:0x00000000
       64095000	      6310	80004bb6	89064983	lbu	x19,-1904(x12)	 x12:0x80019015 x19=0x00000000 PA:0x800188a5 load:0x00000000
       64105000	      6311	80004bba	0f590683	lb	x13,245(x18)	 x18:0x80012dc3 x13=0x00000000 PA:0x80012eb8 load:0x00000000
       64115000	      6312	80004bbe	b5d60423	sb	x29,-1208(x12)	 x12:0x80019015 x29:0x7ffd420b PA:0x80018b5d store:0x7ffd420b load:0x00000000
       64125000	      6313	80004bc2	02e60283	lb	x5,46(x12)	 x12:0x80019015  x5=0x00000000 PA:0x80019043 load:0x00000000
       64145000	      6315	80004bc6	2c560fa3	sb	x5,735(x12)	 x12:0x80019015  x5:0x00000000 PA:0x800192f4 store:0x00000000 load:0x00000000
       64155000	      6316	80004bca	5ec60103	lb	x2,1516(x12)	 x12:0x80019015  x2=0x00000000 PA:0x80019601 load:0x00000000
       64165000	      6317	80004bce	04e94103	lbu	x2,78(x18)	 x18:0x80012dc3  x2=0x00000000 PA:0x80012e11 load:0x00000000
       64175000	      6318	80004bd2	0000e117	auipc	x2,0xe	  x2=0x80012bd2
       64185000	      6319	80004bd6	e0710113	addi	x2,x2,-505	  x2:0x80012bd2  x2=0x800129d9
       64195000	      6320	80004bda	fb110b03	lb	x22,-79(x2)	  x2:0x800129d9 x22=0x00000000 PA:0x8001298a load:0x00000000
       64205000	      6321	80004bde	fa6108a3	sb	x6,-79(x2)	  x2:0x800129d9  x6:0x800127ee PA:0x8001298a store:0x800127ee load:0x00000000
       64215000	      6322	80004be2	fb111883	lh	x17,-79(x2)	  x2:0x800129d9 x17=0x000000ee PA:0x8001298a load:0x000000ee
       64225000	      6323	80004be6	8251	c.srli	x12,0x14	 x12:0x80019015 x12=0x00000800
       64235000	      6324	80004be8	fb110e03	lb	x28,-79(x2)	  x2:0x800129d9 x28=0xffffffee PA:0x8001298a load:0xffffffee
       64245000	      6325	80004bec	fb114303	lbu	x6,-79(x2)	  x2:0x800129d9  x6=0x000000ee PA:0x8001298a load:0x000000ee
       64255000	      6326	80004bf0	fb111a83	lh	x21,-79(x2)	  x2:0x800129d9 x21=0x000000ee PA:0x8001298a load:0x000000ee
       64265000	      6327	80004bf4	fb115003	lhu	x0,-79(x2)	  x2:0x800129d9  x0=0x00000000 PA:0x8001298a load:0x000000ee
       64275000	      6328	80004bf8	fa4108a3	sb	x4,-79(x2)	  x2:0x800129d9  x4:0xfffe0004 PA:0x8001298a store:0xfffe0004 load:0x00000000
       64285000	      6329	80004bfc	fb6108a3	sb	x22,-79(x2)	  x2:0x800129d9 x22:0x00000000 PA:0x8001298a store:0x00000000 load:0x00000000
       64325000	      6333	80004c00	03c5b633	mulhu	x12,x11,x28	 x11:0x894eacb4 x28:0xffffffee x12=0x894eacaa
       64335000	      6334	80004c04	fb110b83	lb	x23,-79(x2)	  x2:0x800129d9 x23=0x00000000 PA:0x8001298a load:0x00000000
       64345000	      6335	80004c08	fb111c83	lh	x25,-79(x2)	  x2:0x800129d9 x25=0x00000000 PA:0x8001298a load:0x00000000
       64355000	      6336	80004c0c	fad118a3	sh	x13,-79(x2)	  x2:0x800129d9 x13:0x00000000 PA:0x8001298a store:0x00000000 load:0x00000000
       64365000	      6337	80004c10	fb111303	lh	x6,-79(x2)	  x2:0x800129d9  x6=0x00000000 PA:0x8001298a load:0x00000000
       64375000	      6338	80004c14	fb111303	lh	x6,-79(x2)	  x2:0x800129d9  x6=0x00000000 PA:0x8001298a load:0x00000000
       64385000	      6339	80004c18	fa1118a3	sh	x1,-79(x2)	  x2:0x800129d9  x1:0x80021445 PA:0x8001298a store:0x80021445 load:0x00000000
       64395000	      6340	80004c1c	fb111b03	lh	x22,-79(x2)	  x2:0x800129d9 x22=0x00001445 PA:0x8001298a load:0x00001445
       64405000	      6341	80004c20	00014a17	auipc	x20,0x14	 x20=0x80018c20
       64415000	      6342	80004c24	bc8a0a13	addi	x20,x20,-1080	 x20:0x80018c20 x20=0x800187e8
       64425000	      6343	80004c28	f04a4103	lbu	x2,-252(x20)	 x20:0x800187e8  x2=0x00000000 PA:0x800186ec load:0x00000000
       64435000	      6344	80004c2c	05fa0ca3	sb	x31,89(x20)	 x20:0x800187e8 x31:0xffffffb4 PA:0x80018841 store:0xffffffb4 load:0x00000000
       64445000	      6345	80004c30	f0da4903	lbu	x18,-243(x20)	 x20:0x800187e8 x18=0x00000000 PA:0x800186f5 load:0x00000000
       64455000	      6346	80004c34	0000e697	auipc	x13,0xe	 x13=0x80012c34
       64465000	      6347	80004c38	cf468693	addi	x13,x13,-780	 x13:0x80012c34 x13=0x80012928
       64475000	      6348	80004c3c	f60a0c83	lb	x25,-160(x20)	 x20:0x800187e8 x25=0x00000000 PA:0x80018748 load:0x00000000
       64485000	      6349	80004c40	98a6d203	lhu	x4,-1654(x13)	 x13:0x80012928  x4=0x00000000 PA:0x800122b2 load:0x00000000
       64495000	      6350	80004c44	d6a6cf83	lbu	x31,-662(x13)	 x13:0x80012928 x31=0x00000000 PA:0x80012692 load:0x00000000
       64505000	      6351	80004c48	08da0ea3	sb	x13,157(x20)	 x20:0x800187e8 x13:0x80012928 PA:0x80018885 store:0x80012928 load:0x00000000
       64515000	      6352	80004c4c	5c26d603	lhu	x12,1474(x13)	 x13:0x80012928 x12=0x00000000 PA:0x80012eea load:0x00000000
       64525000	      6353	80004c50	0a6a1803	lh	x16,166(x20)	 x20:0x800187e8 x16=0x00000000 PA:0x8001888e load:0x00000000
       64535000	      6354	80004c54	f45689a3	sb	x5,-173(x13)	 x13:0x80012928  x5:0x00000000 PA:0x8001287b store:0x00000000 load:0x00000000
       64545000	      6355	80004c58	036a0d03	lb	x26,54(x20)	 x20:0x800187e8 x26=0x00000000 PA:0x8001881e load:0x00000000
       64555000	      6356	80004c5c	021a0ba3	sb	x1,55(x20)	 x20:0x800187e8  x1:0x80021445 PA:0x8001881f store:0x80021445 load:0x00000000
       64565000	      6357	80004c60	5206ac83	lw	x25,1312(x13)	 x13:0x80012928 x25=0x00000000 PA:0x80012e48 load:0x00000000
       64575000	      6358	80004c64	0fea4d03	lbu	x26,254(x20)	 x20:0x800187e8 x26=0x00000000 PA:0x800188e6 load:0x00000000
       64585000	      6359	80004c68	9f56a223	sw	x21,-1564(x13)	 x13:0x80012928 x21:0x000000ee PA:0x8001230c store:0x000000ee load:0x00000000
       64595000	      6360	80004c6c	0000e997	auipc	x19,0xe	 x19=0x80012c6c
       64605000	      6361	80004c70	b8398993	addi	x19,x19,-1149	 x19:0x80012c6c x19=0x800127ef
       64615000	      6362	80004c74	0000da97	auipc	x21,0xd	 x21=0x80011c74
       64625000	      6363	80004c78	670a8a93	addi	x21,x21,1648	 x21:0x80011c74 x21=0x800122e4
       64635000	      6364	80004c7c	036a9403	lh	x8,54(x21)	 x21:0x800122e4  x8=0x00000000 PA:0x8001231a load:0x00000000
       64645000	      6365	80004c80	0000eb97	auipc	x23,0xe	 x23=0x80012c80
       64655000	      6366	80004c84	317b8b93	addi	x23,x23,791	 x23:0x80012c80 x23=0x80012f97
       64665000	      6367	80004c88	0000dd17	auipc	x26,0xd	 x26=0x80011c88
       64675000	      6368	80004c8c	4c0d0d13	addi	x26,x26,1216	 x26:0x80011c88 x26=0x80012148
       64685000	      6369	80004c90	0000e217	auipc	x4,0xe	  x4=0x80012c90
       64695000	      6370	80004c94	d2120213	addi	x4,x4,-735	  x4:0x80012c90  x4=0x800129b1
       64705000	      6371	80004c98	032b8623	sb	x18,44(x23)	 x23:0x80012f97 x18:0x00000000 PA:0x80012fc3 store:0x00000000 load:0x00000000
       64715000	      6372	80004c9c	012ac103	lbu	x2,18(x21)	 x21:0x800122e4  x2=0x00000000 PA:0x800122f6 load:0x00000000
       64725000	      6373	80004ca0	f52b8a03	lb	x20,-174(x23)	 x23:0x80012f97 x20=0x00000000 PA:0x80012ee9 load:0x00000000
       64735000	      6374	80004ca4	00bd4703	lbu	x14,11(x26)	 x26:0x80012148 x14=0x00000000 PA:0x80012153 load:0x00000000
       64745000	      6375	80004ca8	034aae23	sw	x20,60(x21)	 x21:0x800122e4 x20:0x00000000 PA:0x80012320 store:0x00000000 load:0x00000000
       64755000	      6376	80004cac	ffad1c83	lh	x25,-6(x26)	 x26:0x80012148 x25=0x00000000 PA:0x80012142 load:0x00000000
       64765000	      6377	80004cb0	f17b9e03	lh	x28,-233(x23)	 x23:0x80012f97 x28=0x00000000 PA:0x80012eae load:0x00000000
       64775000	      6378	80004cb4	fedd1823	sh	x13,-16(x26)	 x26:0x80012148 x13:0x80012928 PA:0x80012138 store:0x80012928 load:0x00000000
       64785000	      6379	80004cb8	ff024103	lbu	x2,-16(x4)	  x4:0x800129b1  x2=0x00000000 PA:0x800129a1 load:0x00000000
       64795000	      6380	80004cbc	013ac703	lbu	x14,19(x21)	 x21:0x800122e4 x14=0x00000000 PA:0x800122f7 load:0x00000000
       64835000	      6384	8000252c	905fe06f	jal	x0,80000e30	  x0=0x00000000
       64855000	      6386	80000e30	1f71	c.addi	x30,-4	 x30:0x8002bce4 x30=0x8002bce0
       64865000	      6387	80000e32	009f2023	sw	x9,0(x30)	 x30:0x8002bce0  x9:0x80027e64 PA:0x8002bce0 store:0x80027e64 load:0x00000000
       64875000	      6388	80000e36	000f04b3	add	x9,x30,x0	 x30:0x8002bce0  x0:0x00000000  x9=0x8002bce0
       64885000	      6389	80000e3a	f8048493	addi	x9,x9,-128	  x9:0x8002bce0  x9=0x8002bc60
       64895000	      6390	80000e3e	0014a223	sw	x1,4(x9)	  x9:0x8002bc60  x1:0x80021445 PA:0x8002bc64 store:0x80021445 load:0x00000000
       64905000	      6391	80000e42	0024a423	sw	x2,8(x9)	  x9:0x8002bc60  x2:0x00000000 PA:0x8002bc68 store:0x00000000 load:0x00000000
       64915000	      6392	80000e46	0034a623	sw	x3,12(x9)	  x9:0x8002bc60  x3:0x800129af PA:0x8002bc6c store:0x800129af load:0x00000000
       64925000	      6393	80000e4a	0044a823	sw	x4,16(x9)	  x9:0x8002bc60  x4:0x800129b1 PA:0x8002bc70 store:0x800129b1 load:0x00000000
       64935000	      6394	80000e4e	0054aa23	sw	x5,20(x9)	  x9:0x8002bc60  x5:0x00000000 PA:0x8002bc74 store:0x00000000 load:0x00000000
       64945000	      6395	80000e52	0064ac23	sw	x6,24(x9)	  x9:0x8002bc60  x6:0x00000000 PA:0x8002bc78 store:0x00000000 load:0x00000000
       64955000	      6396	80000e56	0074ae23	sw	x7,28(x9)	  x9:0x8002bc60  x7:0x00000000 PA:0x8002bc7c store:0x00000000 load:0x00000000
       64965000	      6397	80000e5a	d080	c.sw	x8,32(x9)	  x9:0x8002bc60  x8:0x00000000 PA:0x8002bc80 store:0x00000000 load:0x00000000
       64975000	      6398	80000e5c	d0c4	c.sw	x9,36(x9)	  x9:0x8002bc60  x9:0x8002bc60 PA:0x8002bc84 store:0x8002bc60 load:0x00000000
       64985000	      6399	80000e5e	d488	c.sw	x10,40(x9)	  x9:0x8002bc60 x10:0x80021445 PA:0x8002bc88 store:0x80021445 load:0x00000000
       64995000	      6400	80000e60	d4cc	c.sw	x11,44(x9)	  x9:0x8002bc60 x11:0x894eacb4 PA:0x8002bc8c store:0x894eacb4 load:0x00000000
       65005000	      6401	80000e62	d890	c.sw	x12,48(x9)	  x9:0x8002bc60 x12:0x00000000 PA:0x8002bc90 store:0x00000000 load:0x00000000
       65015000	      6402	80000e64	d8d4	c.sw	x13,52(x9)	  x9:0x8002bc60 x13:0x80012928 PA:0x8002bc94 store:0x80012928 load:0x00000000
       65025000	      6403	80000e66	dc98	c.sw	x14,56(x9)	  x9:0x8002bc60 x14:0x00000000 PA:0x8002bc98 store:0x00000000 load:0x00000000
       65035000	      6404	80000e68	dcdc	c.sw	x15,60(x9)	  x9:0x8002bc60 x15:0x00000000 PA:0x8002bc9c store:0x00000000 load:0x00000000
       65045000	      6405	80000e6a	0504a023	sw	x16,64(x9)	  x9:0x8002bc60 x16:0x00000000 PA:0x8002bca0 store:0x00000000 load:0x00000000
       65055000	      6406	80000e6e	0514a223	sw	x17,68(x9)	  x9:0x8002bc60 x17:0x000000ee PA:0x8002bca4 store:0x000000ee load:0x00000000
       65065000	      6407	80000e72	0524a423	sw	x18,72(x9)	  x9:0x8002bc60 x18:0x00000000 PA:0x8002bca8 store:0x00000000 load:0x00000000
       65075000	      6408	80000e76	0534a623	sw	x19,76(x9)	  x9:0x8002bc60 x19:0x800127ef PA:0x8002bcac store:0x800127ef load:0x00000000
       65085000	      6409	80000e7a	0544a823	sw	x20,80(x9)	  x9:0x8002bc60 x20:0x00000000 PA:0x8002bcb0 store:0x00000000 load:0x00000000
       65095000	      6410	80000e7e	0554aa23	sw	x21,84(x9)	  x9:0x8002bc60 x21:0x800122e4 PA:0x8002bcb4 store:0x800122e4 load:0x00000000
       65105000	      6411	80000e82	0564ac23	sw	x22,88(x9)	  x9:0x8002bc60 x22:0x00001445 PA:0x8002bcb8 store:0x00001445 load:0x00000000
       65115000	      6412	80000e86	0574ae23	sw	x23,92(x9)	  x9:0x8002bc60 x23:0x80012f97 PA:0x8002bcbc store:0x80012f97 load:0x00000000
       65125000	      6413	80000e8a	0784a023	sw	x24,96(x9)	  x9:0x8002bc60 x24:0x00000000 PA:0x8002bcc0 store:0x00000000 load:0x00000000
       65135000	      6414	80000e8e	0794a223	sw	x25,100(x9)	  x9:0x8002bc60 x25:0x00000000 PA:0x8002bcc4 store:0x00000000 load:0x00000000
       65145000	      6415	80000e92	07a4a423	sw	x26,104(x9)	  x9:0x8002bc60 x26:0x80012148 PA:0x8002bcc8 store:0x80012148 load:0x00000000
       65155000	      6416	80000e96	07b4a623	sw	x27,108(x9)	  x9:0x8002bc60 x27:0x00000000 PA:0x8002bccc store:0x00000000 load:0x00000000
       65165000	      6417	80000e9a	07c4a823	sw	x28,112(x9)	  x9:0x8002bc60 x28:0x00000000 PA:0x8002bcd0 store:0x00000000 load:0x00000000
       65175000	      6418	80000e9e	07d4aa23	sw	x29,116(x9)	  x9:0x8002bc60 x29:0x7ffd420b PA:0x8002bcd4 store:0x7ffd420b load:0x00000000
       65185000	      6419	80000ea2	07e4ac23	sw	x30,120(x9)	  x9:0x8002bc60 x30:0x8002bce0 PA:0x8002bcd8 store:0x8002bce0 load:0x00000000
       65195000	      6420	80000ea6	07f4ae23	sw	x31,124(x9)	  x9:0x8002bc60 x31:0x00000000 PA:0x8002bcdc store:0x00000000 load:0x00000000
       65205000	      6421	80000eaa	00048f33	add	x30,x9,x0	  x9:0x8002bc60  x0:0x00000000 x30=0x8002bc60
       65215000	      6422	80000eae	90000d37	lui	x26,0x90000	 x26=0x90000000
       65225000	      6423	80000eb2	1d71	c.addi	x26,-4	 x26:0x90000000 x26=0x8ffffffc
       65235000	      6424	80000eb4	4619	c.li	x12,6	 x12=0x00000006
       65245000	      6425	80000eb6	0622	c.slli	x12,0x8	 x12:0x00000006 x12=0x00000600
       65255000	      6426	80000eb8	00060613	addi	x12,x12,0	 x12:0x00000600 x12=0x00000600
       65265000	      6427	80000ebc	00cd2023	sw	x12,0(x26)	 x26:0x8ffffffc x12:0x00000600 PA:0x8ffffffc store:0x00000600 load:0x00000000
       65275000	      6428	80000ec0	34202673	csrrs	x12,mcause,x0	  x0:0x00000000 x12=0x8000000b
       65285000	      6429	80000ec4	827d	c.srli	x12,0x1f	 x12:0x8000000b x12=0x00000001
       65295000	      6430	80000ec6	c63d	c.beqz	x12,80000f34	 x12:0x00000001
       65305000	      6431	80000ec8	90000d37	lui	x26,0x90000	 x26=0x90000000
       65315000	      6432	80000ecc	1d71	c.addi	x26,-4	 x26:0x90000000 x26=0x8ffffffc
       65325000	      6433	80000ece	30000613	addi	x12,x0,768	  x0:0x00000000 x12=0x00000300
       65335000	      6434	80000ed2	0622	c.slli	x12,0x8	 x12:0x00000300 x12=0x00030000
       65345000	      6435	80000ed4	060d	c.addi	x12,3	 x12:0x00030000 x12=0x00030003
       65355000	      6436	80000ed6	00cd2023	sw	x12,0(x26)	 x26:0x8ffffffc x12:0x00030003 PA:0x8ffffffc store:0x00030003 load:0x00000000
       65365000	      6437	80000eda	30002673	csrrs	x12,mstatus,x0	  x0:0x00000000 x12=0x00000000
       65375000	      6438	80000ede	00cd2023	sw	x12,0(x26)	 x26:0x8ffffffc x12:0x00000000 PA:0x8ffffffc store:0x00000000 load:0x00000000
       65385000	      6439	80000ee2	90000d37	lui	x26,0x90000	 x26=0x90000000
       65395000	      6440	80000ee6	1d71	c.addi	x26,-4	 x26:0x90000000 x26=0x8ffffffc
       65405000	      6441	80000ee8	34200613	addi	x12,x0,834	  x0:0x00000000 x12=0x00000342
       65415000	      6442	80000eec	0622	c.slli	x12,0x8	 x12:0x00000342 x12=0x00034200
       65425000	      6443	80000eee	060d	c.addi	x12,3	 x12:0x00034200 x12=0x00034203
       65435000	      6444	80000ef0	00cd2023	sw	x12,0(x26)	 x26:0x8ffffffc x12:0x00034203 PA:0x8ffffffc store:0x00034203 load:0x00000000
       65445000	      6445	80000ef4	34202673	csrrs	x12,mcause,x0	  x0:0x00000000 x12=0x8000000b
       65455000	      6446	80000ef8	00cd2023	sw	x12,0(x26)	 x26:0x8ffffffc x12:0x8000000b PA:0x8ffffffc store:0x8000000b load:0x00000000
       65465000	      6447	80000efc	90000d37	lui	x26,0x90000	 x26=0x90000000
       65475000	      6448	80000f00	1d71	c.addi	x26,-4	 x26:0x90000000 x26=0x8ffffffc
       65485000	      6449	80000f02	30400613	addi	x12,x0,772	  x0:0x00000000 x12=0x00000304
       65495000	      6450	80000f06	0622	c.slli	x12,0x8	 x12:0x00000304 x12=0x00030400
       65505000	      6451	80000f08	060d	c.addi	x12,3	 x12:0x00030400 x12=0x00030403
       65515000	      6452	80000f0a	00cd2023	sw	x12,0(x26)	 x26:0x8ffffffc x12:0x00030403 PA:0x8ffffffc store:0x00030403 load:0x00000000
       65525000	      6453	80000f0e	30402673	csrrs	x12,mie,x0	  x0:0x00000000 x12=0x66fb0888
       65535000	      6454	80000f12	00cd2023	sw	x12,0(x26)	 x26:0x8ffffffc x12:0x66fb0888 PA:0x8ffffffc store:0x66fb0888 load:0x00000000
       65545000	      6455	80000f16	90000d37	lui	x26,0x90000	 x26=0x90000000
       65555000	      6456	80000f1a	1d71	c.addi	x26,-4	 x26:0x90000000 x26=0x8ffffffc
       65565000	      6457	80000f1c	34400613	addi	x12,x0,836	  x0:0x00000000 x12=0x00000344
       65575000	      6458	80000f20	0622	c.slli	x12,0x8	 x12:0x00000344 x12=0x00034400
       65585000	      6459	80000f22	060d	c.addi	x12,3	 x12:0x00034400 x12=0x00034403
       65595000	      6460	80000f24	00cd2023	sw	x12,0(x26)	 x26:0x8ffffffc x12:0x00034403 PA:0x8ffffffc store:0x00034403 load:0x00000000
       65605000	      6461	80000f28	34402673	csrrs	x12,mip,x0	  x0:0x00000000 x12=0x00000000
       65615000	      6462	80000f2c	00cd2023	sw	x12,0(x26)	 x26:0x8ffffffc x12:0x00000000 PA:0x8ffffffc store:0x00000000 load:0x00000000
       65625000	      6463	80000f30	6ad1006f	jal	x0,80011ddc	  x0=0x00000000
       65645000	      6465	80011ddc	30002673	csrrs	x12,mstatus,x0	  x0:0x00000000 x12=0x00000000
       65655000	      6466	80011de0	30402673	csrrs	x12,mie,x0	  x0:0x00000000 x12=0x66fb0888
       65665000	      6467	80011de4	34402673	csrrs	x12,mip,x0	  x0:0x00000000 x12=0x00000000
       65675000	      6468	80011de8	34463673	csrrc	x12,mip,x12	 x12:0x00000000 x12=0x00000000
       65705000	      6471	80011dec	90000d37	lui	x26,0x90000	 x26=0x90000000
       65715000	      6472	80011df0	1d71	c.addi	x26,-4	 x26:0x90000000 x26=0x8ffffffc
       65725000	      6473	80011df2	461d	c.li	x12,7	 x12=0x00000007
       65735000	      6474	80011df4	0622	c.slli	x12,0x8	 x12:0x00000007 x12=0x00000700
       65745000	      6475	80011df6	00060613	addi	x12,x12,0	 x12:0x00000700 x12=0x00000700
       65755000	      6476	80011dfa	00cd2023	sw	x12,0(x26)	 x26:0x8ffffffc x12:0x00000700 PA:0x8ffffffc store:0x00000700 load:0x00000000
       65765000	      6477	80011dfe	000f04b3	add	x9,x30,x0	 x30:0x8002bc60  x0:0x00000000  x9=0x8002bc60
       65775000	      6478	80011e02	0044a083	lw	x1,4(x9)	  x9:0x8002bc60  x1=0x80021445 PA:0x8002bc64 load:0x80021445
       65785000	      6479	80011e06	0084a103	lw	x2,8(x9)	  x9:0x8002bc60  x2=0x00000000 PA:0x8002bc68 load:0x00000000
       65795000	      6480	80011e0a	00c4a183	lw	x3,12(x9)	  x9:0x8002bc60  x3=0x800129af PA:0x8002bc6c load:0x800129af
       65805000	      6481	80011e0e	0104a203	lw	x4,16(x9)	  x9:0x8002bc60  x4=0x800129b1 PA:0x8002bc70 load:0x800129b1
       65815000	      6482	80011e12	0144a283	lw	x5,20(x9)	  x9:0x8002bc60  x5=0x00000000 PA:0x8002bc74 load:0x00000000
       65825000	      6483	80011e16	0184a303	lw	x6,24(x9)	  x9:0x8002bc60  x6=0x00000000 PA:0x8002bc78 load:0x00000000
       65835000	      6484	80011e1a	01c4a383	lw	x7,28(x9)	  x9:0x8002bc60  x7=0x00000000 PA:0x8002bc7c load:0x00000000
       65845000	      6485	80011e1e	5080	c.lw	x8,32(x9)	  x9:0x8002bc60  x8=0x00000000 PA:0x8002bc80 load:0x00000000
       65855000	      6486	80011e20	50c4	c.lw	x9,36(x9)	  x9:0x8002bc60  x9=0x8002bc60 PA:0x8002bc84 load:0x8002bc60
       65875000	      6488	80011e22	5488	c.lw	x10,40(x9)	  x9:0x8002bc60 x10=0x80021445 PA:0x8002bc88 load:0x80021445
       65885000	      6489	80011e24	54cc	c.lw	x11,44(x9)	  x9:0x8002bc60 x11=0x894eacb4 PA:0x8002bc8c load:0x894eacb4
       65895000	      6490	80011e26	5890	c.lw	x12,48(x9)	  x9:0x8002bc60 x12=0x00000000 PA:0x8002bc90 load:0x00000000
       65905000	      6491	80011e28	58d4	c.lw	x13,52(x9)	  x9:0x8002bc60 x13=0x80012928 PA:0x8002bc94 load:0x80012928
       65915000	      6492	80011e2a	5c98	c.lw	x14,56(x9)	  x9:0x8002bc60 x14=0x00000000 PA:0x8002bc98 load:0x00000000
       65925000	      6493	80011e2c	5cdc	c.lw	x15,60(x9)	  x9:0x8002bc60 x15=0x00000000 PA:0x8002bc9c load:0x00000000
       65935000	      6494	80011e2e	0404a803	lw	x16,64(x9)	  x9:0x8002bc60 x16=0x00000000 PA:0x8002bca0 load:0x00000000
       65945000	      6495	80011e32	0444a883	lw	x17,68(x9)	  x9:0x8002bc60 x17=0x000000ee PA:0x8002bca4 load:0x000000ee
       65955000	      6496	80011e36	0484a903	lw	x18,72(x9)	  x9:0x8002bc60 x18=0x00000000 PA:0x8002bca8 load:0x00000000
       65965000	      6497	80011e3a	04c4a983	lw	x19,76(x9)	  x9:0x8002bc60 x19=0x800127ef PA:0x8002bcac load:0x800127ef
       65975000	      6498	80011e3e	0504aa03	lw	x20,80(x9)	  x9:0x8002bc60 x20=0x00000000 PA:0x8002bcb0 load:0x00000000
       65985000	      6499	80011e42	0544aa83	lw	x21,84(x9)	  x9:0x8002bc60 x21=0x800122e4 PA:0x8002bcb4 load:0x800122e4
       65995000	      6500	80011e46	0584ab03	lw	x22,88(x9)	  x9:0x8002bc60 x22=0x00001445 PA:0x8002bcb8 load:0x00001445
       66005000	      6501	80011e4a	05c4ab83	lw	x23,92(x9)	  x9:0x8002bc60 x23=0x80012f97 PA:0x8002bcbc load:0x80012f97
       66015000	      6502	80011e4e	0604ac03	lw	x24,96(x9)	  x9:0x8002bc60 x24=0x00000000 PA:0x8002bcc0 load:0x00000000
       66025000	      6503	80011e52	0644ac83	lw	x25,100(x9)	  x9:0x8002bc60 x25=0x00000000 PA:0x8002bcc4 load:0x00000000
       66035000	      6504	80011e56	0684ad03	lw	x26,104(x9)	  x9:0x8002bc60 x26=0x80012148 PA:0x8002bcc8 load:0x80012148
       66045000	      6505	80011e5a	06c4ad83	lw	x27,108(x9)	  x9:0x8002bc60 x27=0x00000000 PA:0x8002bccc load:0x00000000
       66055000	      6506	80011e5e	0704ae03	lw	x28,112(x9)	  x9:0x8002bc60 x28=0x00000000 PA:0x8002bcd0 load:0x00000000
       66065000	      6507	80011e62	0744ae83	lw	x29,116(x9)	  x9:0x8002bc60 x29=0x7ffd420b PA:0x8002bcd4 load:0x7ffd420b
       66075000	      6508	80011e66	0784af03	lw	x30,120(x9)	  x9:0x8002bc60 x30=0x8002bce0 PA:0x8002bcd8 load:0x8002bce0
       66085000	      6509	80011e6a	07c4af83	lw	x31,124(x9)	  x9:0x8002bc60 x31=0x00000000 PA:0x8002bcdc load:0x00000000
       66095000	      6510	80011e6e	08048493	addi	x9,x9,128	  x9:0x8002bc60  x9=0x8002bce0
       66105000	      6511	80011e72	00048f33	add	x30,x9,x0	  x9:0x8002bce0  x0:0x00000000 x30=0x8002bce0
       66115000	      6512	80011e76	000f2483	lw	x9,0(x30)	 x30:0x8002bce0  x9=0x80027e64 PA:0x8002bce0 load:0x80027e64
       66125000	      6513	80011e7a	0f11	c.addi	x30,4	 x30:0x8002bce0 x30=0x8002bce4
       66135000	      6514	80011e7c	30200073	mret	
       66165000	      6517	80004cc0	00dd4683	lbu	x13,13(x26)	 x26:0x80012148 x13=0x00000000 PA:0x80012155 load:0x00000000
       66175000	      6518	80004cc4	fec20923	sb	x12,-14(x4)	  x4:0x800129b1 x12:0x00000000 PA:0x800129a3 store:0x00000000 load:0x00000000
       66185000	      6519	80004cc8	013a8003	lb	x0,19(x21)	 x21:0x800122e4  x0=0x00000000 PA:0x800122f7 load:0x00000000
       66195000	      6520	80004ccc	00125183	lhu	x3,1(x4)	  x4:0x800129b1  x3=0x00000000 PA:0x800129b2 load:0x00000000
       66205000	      6521	80004cd0	f8e999a3	sh	x14,-109(x19)	 x19:0x800127ef x14:0x00000000 PA:0x80012782 store:0x00000000 load:0x00000000
       66215000	      6522	80004cd4	01c221a3	sw	x28,3(x4)	  x4:0x800129b1 x28:0x00000000 PA:0x800129b4 store:0x00000000 load:0x00000000
       66225000	      6523	80004cd8	fc1a8783	lb	x15,-63(x21)	 x21:0x800122e4 x15=0x00000000 PA:0x800122a5 load:0x00000000
       66235000	      6524	80004cdc	0f19a603	lw	x12,241(x19)	 x19:0x800127ef x12=0x00000000 PA:0x800128e0 load:0x00000000
       66245000	      6525	80004ce0	fffd0303	lb	x6,-1(x26)	 x26:0x80012148  x6=0x00000000 PA:0x80012147 load:0x00000000
       66255000	      6526	80004ce4	054bc703	lbu	x14,84(x23)	 x23:0x80012f97 x14=0x00000000 PA:0x80012feb load:0x00000000
       66265000	      6527	80004ce8	0959a183	lw	x3,149(x19)	 x19:0x800127ef  x3=0x00000000 PA:0x80012884 load:0x00000000
       66275000	      6528	80004cec	032ad303	lhu	x6,50(x21)	 x21:0x800122e4  x6=0x00000000 PA:0x80012316 load:0x00000000
       66285000	      6529	80004cf0	00321e83	lh	x29,3(x4)	  x4:0x800129b1 x29=0x00000000 PA:0x800129b4 load:0x00000000
       66295000	      6530	80004cf4	fcd99c03	lh	x24,-51(x19)	 x19:0x800127ef x24=0x00000000 PA:0x800127bc load:0x00000000
       66305000	      6531	80004cf8	014204a3	sb	x20,9(x4)	  x4:0x800129b1 x20:0x00000000 PA:0x800129ba store:0x00000000 load:0x00000000
       66315000	      6532	80004cfc	ff624803	lbu	x16,-10(x4)	  x4:0x800129b1 x16=0x00000000 PA:0x800129a7 load:0x00000000
       66325000	      6533	80004d00	ffcd2683	lw	x13,-4(x26)	 x26:0x80012148 x13=0x00000000 PA:0x80012144 load:0x00000000
       66335000	      6534	80004d04	008d2383	lw	x7,8(x26)	 x26:0x80012148  x7=0x00000000 PA:0x80012150 load:0x00000000
       66345000	      6535	80004d08	f41bca03	lbu	x20,-191(x23)	 x23:0x80012f97 x20=0x00000000 PA:0x80012ed8 load:0x00000000
       66355000	      6536	80004d0c	fe1229a3	sw	x1,-13(x4)	  x4:0x800129b1  x1:0x80021445 PA:0x800129a4 store:0x80021445 load:0x00000000
       66365000	      6537	80004d10	00fa86a3	sb	x15,13(x21)	 x21:0x800122e4 x15:0x00000000 PA:0x800122f1 store:0x00000000 load:0x00000000
       66375000	      6538	80004d14	ffbd0603	lb	x12,-5(x26)	 x26:0x80012148 x12=0x00000000 PA:0x80012143 load:0x00000000
       66385000	      6539	80004d18	00d24083	lbu	x1,13(x4)	  x4:0x800129b1  x1=0x00000000 PA:0x800129be load:0x00000000
       66395000	      6540	80004d1c	009d4703	lbu	x14,9(x26)	 x26:0x80012148 x14=0x00000000 PA:0x80012151 load:0x00000000
       66405000	      6541	80004d20	fe9a85a3	sb	x9,-21(x21)	 x21:0x800122e4  x9:0x80027e64 PA:0x800122cf store:0x80027e64 load:0x00000000
       66415000	      6542	80004d24	07198223	sb	x17,100(x19)	 x19:0x800127ef x17:0x000000ee PA:0x80012853 store:0x000000ee load:0x00000000
       66425000	      6543	80004d28	0000e617	auipc	x12,0xe	 x12=0x80012d28
       66435000	      6544	80004d2c	cf960613	addi	x12,x12,-775	 x12:0x80012d28 x12=0x80012a21
       66475000	      6548	80004d30	024126b3	mulhsu	x13,x2,x4	  x2:0x00000000  x4:0x800129b1 x13=0x00000000
       66485000	      6549	80004d34	8009	c.srli	x8,0x2	  x8:0x00000000  x8=0x00000000
       66495000	      6550	80004d36	ac165d83	lhu	x27,-1343(x12)	 x12:0x80012a21 x27=0x00000000 PA:0x800124e2 load:0x00000000
       66515000	      6552	80004d3a	039cc133	div	x2,x25,x25	 x25:0x00000000 x25:0x00000000  x2=0xffffffff
       66525000	      6553	80004d3e	01b17433	and	x8,x2,x27	  x2:0xffffffff x27:0x00000000  x8=0x00000000
       66535000	      6554	80004d42	ec362103	lw	x2,-317(x12)	 x12:0x80012a21  x2=0x00000000 PA:0x800128e4 load:0x00000000
       66555000	      6556	80004d46	002dccb3	xor	x25,x27,x2	 x27:0x00000000  x2:0x00000000 x25=0x00000000
       66565000	      6557	80004d4a	00a15d93	srli	x27,x2,0xa	  x2:0x00000000 x27=0x00000000
       66575000	      6558	80004d4e	01bc9233	sll	x4,x25,x27	 x25:0x00000000 x27:0x00000000  x4=0x00000000
       66585000	      6559	80004d52	f9864103	lbu	x2,-104(x12)	 x12:0x80012a21  x2=0x00000000 PA:0x800129b9 load:0x00000000
       66605000	      6561	80004d56	613d	c.addi16sp	x2,480	  x2:0x00000000  x2=0x000001e0
       66615000	      6562	80004d58	6b512693	slti	x13,x2,1717	  x2:0x000001e0 x13=0x00000001
       66635000	      6564	80004d5c	03b276b3	remu	x13,x4,x27	  x4:0x00000000 x27:0x00000000 x13=0x00000000
       66645000	      6565	80004d60	16664203	lbu	x4,358(x12)	 x12:0x80012a21  x4=0x00000000 PA:0x80012b87 load:0x00000000
       66655000	      6566	80004d64	842d	c.srai	x8,0xb	  x8:0x00000000  x8=0x00000000
       66665000	      6567	80004d66	cc460823	sb	x4,-816(x12)	 x12:0x80012a21  x4:0x00000000 PA:0x800126f1 store:0x00000000 load:0x00000000
       66675000	      6568	80004d6a	b3b60d83	lb	x27,-1221(x12)	 x12:0x80012a21 x27=0x00000000 PA:0x8001255c load:0x00000000
       66685000	      6569	80004d6e	65acc113	xori	x2,x25,1626	 x25:0x00000000  x2=0x0000065a
       66695000	      6570	80004d72	ee660c83	lb	x25,-282(x12)	 x12:0x80012a21 x25=0x00000000 PA:0x80012907 load:0x00000000
       66705000	      6571	80004d76	7a723413	sltiu	x8,x4,1959	  x4:0x00000000  x8=0x00000001
       66725000	      6573	80004d7a	0246d6b3	divu	x13,x13,x4	 x13:0x00000000  x4:0x00000000 x13=0xffffffff
       66765000	      6577	80004d7e	028d9233	mulh	x4,x27,x8	 x27:0x00000000  x8:0x00000001  x4=0x00000000
       66775000	      6578	80004d82	41745d93	srai	x27,x8,0x17	  x8:0x00000001 x27=0x00000000
       66785000	      6579	80004d86	926e	c.add	x4,x27	  x4:0x00000000 x27:0x00000000  x4=0x00000000
       66795000	      6580	80004d88	c2e64403	lbu	x8,-978(x12)	 x12:0x80012a21  x8=0x00000000 PA:0x8001264f load:0x00000000
       66805000	      6581	80004d8c	008cdd93	srli	x27,x25,0x8	 x25:0x00000000 x27=0x00000000
       66815000	      6582	80004d90	a0460623	sb	x4,-1524(x12)	 x12:0x80012a21  x4:0x00000000 PA:0x8001242d store:0x00000000 load:0x00000000
       66825000	      6583	80004d94	10723c93	sltiu	x25,x4,263	  x4:0x00000000 x25=0x00000001
       66835000	      6584	80004d98	805d	c.srli	x8,0x17	  x8:0x00000000  x8=0x00000000
       66845000	      6585	80004d9a	216d8d93	addi	x27,x27,534	 x27:0x00000000 x27=0x00000216
       66855000	      6586	80004d9e	3c4610a3	sh	x4,961(x12)	 x12:0x80012a21  x4:0x00000000 PA:0x80012de2 store:0x00000000 load:0x00000000
       66865000	      6587	80004da2	0000e117	auipc	x2,0xe	  x2=0x80012da2
       66875000	      6588	80004da6	91f10113	addi	x2,x2,-1761	  x2:0x80012da2  x2=0x800126c1
       66885000	      6589	80004daa	00310b83	lb	x23,3(x2)	  x2:0x800126c1 x23=0x00000000 PA:0x800126c4 load:0x00000000
       66895000	      6590	80004dae	00414803	lbu	x16,4(x2)	  x2:0x800126c1 x16=0x00000000 PA:0x800126c5 load:0x00000000
       66905000	      6591	80004db2	01b06633	or	x12,x0,x27	  x0:0x00000000 x27:0x00000216 x12=0x00000216
       66915000	      6592	80004db6	00511d83	lh	x27,5(x2)	  x2:0x800126c1 x27=0x00000000 PA:0x800126c6 load:0x00000000
       66925000	      6593	80004dba	ff310903	lb	x18,-13(x2)	  x2:0x800126c1 x18=0x00000000 PA:0x800126b4 load:0x00000000
       66935000	      6594	80004dbe	971c4c13	xori	x24,x24,-1679	 x24:0x00000000 x24=0xfffff971
       66945000	      6595	80004dc2	003105a3	sb	x3,11(x2)	  x2:0x800126c1  x3:0x00000000 PA:0x800126cc store:0x00000000 load:0x00000000
       66955000	      6596	80004dc6	7a31e617	auipc	x12,0x7a31e	 x12=0xfa322dc6
       66965000	      6597	80004dca	ff312403	lw	x8,-13(x2)	  x2:0x800126c1  x8=0x00000000 PA:0x800126b4 load:0x00000000
       66985000	      6599	80004dce	00240933	add	x18,x8,x2	  x8:0x00000000  x2:0x800126c1 x18=0x800126c1
       66995000	      6600	80004dd2	8e95	c.sub	x13,x13	 x13:0xffffffff x13:0xffffffff x13=0x00000000
       67005000	      6601	80004dd4	40a2dc93	srai	x25,x5,0xa	  x5:0x00000000 x25=0x00000000
       67025000	      6603	80004dd8	020adb33	divu	x22,x21,x0	 x21:0x800122e4  x0:0x00000000 x22=0xffffffff
       67035000	      6604	80004ddc	5d316413	ori	x8,x2,1491	  x2:0x800126c1  x8=0x800127d3
       67045000	      6605	80004de0	8469	c.srai	x8,0x1a	  x8:0x800127d3  x8=0xffffffe0
       67055000	      6606	80004de2	002863b3	or	x7,x16,x2	 x16:0x00000000  x2:0x800126c1  x7=0x800126c1
       67065000	      6607	80004de6	00714e03	lbu	x28,7(x2)	  x2:0x800126c1 x28=0x00000000 PA:0x800126c8 load:0x00000000
       67075000	      6608	80004dea	01310223	sb	x19,4(x2)	  x2:0x800126c1 x19:0x800127ef PA:0x800126c5 store:0x800127ef load:0x00000000
       67085000	      6609	80004dee	fe010d23	sb	x0,-6(x2)	  x2:0x800126c1  x0:0x00000000 PA:0x800126bb store:0x00000000 load:0x00000000
       67095000	      6610	80004df2	69a1	c.lui	x19,0x8	 x19=0x00008000
       67105000	      6611	80004df4	ff310c23	sb	x19,-8(x2)	  x2:0x800126c1 x19:0x00008000 PA:0x800126b9 store:0x00008000 load:0x00000000
       67115000	      6612	80004df8	016111a3	sh	x22,3(x2)	  x2:0x800126c1 x22:0xffffffff PA:0x800126c4 store:0xffffffff load:0x00000000
       67125000	      6613	80004dfc	8271	c.srli	x12,0x1c	 x12:0xfa322dc6 x12=0x0000000f
       67135000	      6614	80004dfe	0001	c.addi	x0,0	  x0:0x00000000  x0=0x00000000
       67145000	      6615	80004e00	feb10c23	sb	x11,-8(x2)	  x2:0x800126c1 x11:0x894eacb4 PA:0x800126b9 store:0x894eacb4 load:0x00000000
       67155000	      6616	80004e04	00d10323	sb	x13,6(x2)	  x2:0x800126c1 x13:0x00000000 PA:0x800126c7 store:0x00000000 load:0x00000000
       67165000	      6617	80004e08	00911c83	lh	x25,9(x2)	  x2:0x800126c1 x25=0x00000000 PA:0x800126ca load:0x00000000
       67175000	      6618	80004e0c	00019117	auipc	x2,0x19	  x2=0x8001de0c
       67185000	      6619	80004e10	06610113	addi	x2,x2,102	  x2:0x8001de0c  x2=0x8001de72
       67195000	      6620	80004e14	8e91	c.sub	x13,x12	 x13:0x00000000 x12:0x0000000f x13=0xfffffff1
       67205000	      6621	80004e16	0000100f	fence.i	
       67225000	      6623	80004e1a	926e	c.add	x4,x27	  x4:0x00000000 x27:0x00000000  x4=0x00000000
       67235000	      6624	80004e1c	41245613	srai	x12,x8,0x12	  x8:0xffffffe0 x12=0xffffffff
       67245000	      6625	80004e20	8241	c.srli	x12,0x10	 x12:0xffffffff x12=0x0000ffff
       67255000	      6626	80004e22	a24d3c13	sltiu	x24,x26,-1500	 x26:0x80012148 x24=0x00000001
       67265000	      6627	80004e26	c4343a97	auipc	x21,0xc4343	 x21=0x44347e26
       67275000	      6628	80004e2a	28510b03	lb	x22,645(x2)	  x2:0x8001de72 x22=0x00000000 PA:0x8001e0f7 load:0x00000000
       67285000	      6629	80004e2e	df0de013	ori	x0,x27,-528	 x27:0x00000000  x0=0x00000000
       67295000	      6630	80004e32	0000100f	fence.i	
       67325000	      6633	80004e36	1dc77793	andi	x15,x14,476	 x14:0x00000000 x15=0x00000000
       67335000	      6634	80004e3a	8f15	c.sub	x14,x13	 x14:0x00000000 x13:0xfffffff1 x14=0x0000000f
       67345000	      6635	80004e3c	0001	c.addi	x0,0	  x0:0x00000000  x0=0x00000000
       67355000	      6636	80004e3e	7da92013	slti	x0,x18,2010	 x18:0x800126c1  x0=0x00000000
       67365000	      6637	80004e42	21814903	lbu	x18,536(x2)	  x2:0x8001de72 x18=0x00000000 PA:0x8001e08a load:0x00000000
       67405000	      6641	80004e46	024aa0b3	mulhsu	x1,x21,x4	 x21:0x44347e26  x4:0x00000000  x1=0x00000000
       67415000	      6642	80004e4a	48a10623	sb	x10,1164(x2)	  x2:0x8001de72 x10:0x80021445 PA:0x8001e2fe store:0x80021445 load:0x00000000
       67425000	      6643	80004e4e	4cc43b17	auipc	x22,0x4cc43	 x22=0xccc47e4e
       67435000	      6644	80004e52	52fd	c.li	x5,-1	  x5=0xffffffff
       67475000	      6648	80004e54	02f32933	mulhsu	x18,x6,x15	  x6:0x00000000 x15:0x00000000 x18=0x00000000
       67485000	      6649	80004e58	e4114703	lbu	x14,-447(x2)	  x2:0x8001de72 x14=0x00000000 PA:0x8001dcb3 load:0x00000000
       67495000	      6650	80004e5c	8fcd	c.or	x15,x11	 x15:0x00000000 x11:0x894eacb4 x15=0x894eacb4
       67505000	      6651	80004e5e	8e59	c.or	x12,x14	 x12:0x0000ffff x14:0x00000000 x12=0x0000ffff
       67535000	      6654	80004e60	036182b3	mul	x5,x3,x22	  x3:0x00000000 x22:0xccc47e4e  x5=0x00000000
       67575000	      6658	80004e64	029c11b3	mulh	x3,x24,x9	 x24:0x00000001  x9:0x80027e64  x3=0xffffffff
       67585000	      6659	80004e68	01ee	c.slli	x3,0x1b	  x3:0xffffffff  x3=0xf8000000
       67605000	      6661	80004e6a	02e34db3	div	x27,x6,x14	  x6:0x00000000 x14:0x00000000 x27=0xffffffff
       67615000	      6662	80004e6e	3afce393	ori	x7,x25,943	 x25:0x00000000  x7=0x000003af
       67625000	      6663	80004e72	ff710883	lb	x17,-9(x2)	  x2:0x8001de72 x17=0x00000000 PA:0x8001de69 load:0x00000000
       67635000	      6664	80004e76	fcf10223	sb	x15,-60(x2)	  x2:0x8001de72 x15:0x894eacb4 PA:0x8001de36 store:0x894eacb4 load:0x00000000
       67645000	      6665	80004e7a	8455	c.srai	x8,0x15	  x8:0xffffffe0  x8=0xffffffff
       67655000	      6666	80004e7c	a1415683	lhu	x13,-1516(x2)	  x2:0x8001de72 x13=0x00000000 PA:0x8001d886 load:0x00000000
       67665000	      6667	80004e80	ed514a83	lbu	x21,-299(x2)	  x2:0x8001de72 x21=0x00000000 PA:0x8001dd47 load:0x00000000
       67675000	      6668	80004e84	01fbacb3	slt	x25,x23,x31	 x23:0x00000000 x31:0x00000000 x25=0x00000000
       67685000	      6669	80004e88	0001	c.addi	x0,0	  x0:0x00000000  x0=0x00000000
       67695000	      6670	80004e8a	c4114e03	lbu	x28,-959(x2)	  x2:0x8001de72 x28=0x00000000 PA:0x8001dab3 load:0x00000000
       67705000	      6671	80004e8e	879d	c.srai	x15,0x7	 x15:0x894eacb4 x15=0xff129d59
       67715000	      6672	80004e90	4e810b03	lb	x22,1256(x2)	  x2:0x8001de72 x22=0x00000000 PA:0x8001e35a load:0x00000000
       67725000	      6673	80004e94	4311	c.li	x6,4	  x6=0x00000004
       67735000	      6674	80004e96	4191	c.li	x3,4	  x3=0x00000004
       67745000	      6675	80004e98	00a9eeb3	or	x29,x19,x10	 x19:0x00008000 x10:0x80021445 x29=0x80029445
       67755000	      6676	80004e9c	1375	c.addi	x6,-3	  x6:0x00000004  x6=0x00000001
       67765000	      6677	80004e9e	4809	c.li	x16,2	 x16=0x00000002
       67775000	      6678	80004ea0	43c1	c.li	x7,16	  x7=0x00000010
       67795000	      6680	80004ea2	032e6233	rem	x4,x28,x18	 x28:0x00000000 x18:0x00000000  x4=0x00000000
       67835000	      6684	80004ea6	0275be33	mulhu	x28,x11,x7	 x11:0x894eacb4  x7:0x00000010 x28=0x00000008
       67845000	      6685	80004eaa	081d	c.addi	x16,7	 x16:0x00000002 x16=0x00000009
       67855000	      6686	80004eac	fe780de3	beq	x16,x7,80004ea6	 x16:0x00000009  x7:0x00000010
       67865000	      6687	80004eb0	fe3374e3	bgeu	x6,x3,80004e98	  x6:0x00000001  x3:0x00000004
       67875000	      6688	80004eb4	86a1	c.srai	x13,0x8	 x13:0x00000000 x13=0x00000000
       67885000	      6689	80004eb6	0000d417	auipc	x8,0xd	  x8=0x80011eb6
       67895000	      6690	80004eba	39340413	addi	x8,x8,915	  x8:0x80011eb6  x8=0x80012249
       67905000	      6691	80004ebe	00019517	auipc	x10,0x19	 x10=0x8001debe
       67915000	      6692	80004ec2	13150513	addi	x10,x10,305	 x10:0x8001debe x10=0x8001dfef
       67925000	      6693	80004ec6	f1a40223	sb	x26,-252(x8)	  x8:0x80012249 x26:0x80012148 PA:0x8001214d store:0x80012148 load:0x00000000
       67935000	      6694	80004eca	0ae44103	lbu	x2,174(x8)	  x8:0x80012249  x2=0x00000000 PA:0x800122f7 load:0x00000000
       67955000	      6696	80004ece	1a2522a3	sw	x2,421(x10)	 x10:0x8001dfef  x2:0x00000000 PA:0x8001e194 store:0x00000000 load:0x00000000
       67965000	      6697	80004ed2	fd840603	lb	x12,-40(x8)	  x8:0x80012249 x12=0x00000000 PA:0x80012221 load:0x00000000
       67975000	      6698	80004ed6	3a054303	lbu	x6,928(x10)	 x10:0x8001dfef  x6=0x00000000 PA:0x8001e38f load:0x00000000
       67985000	      6699	80004eda	0a340723	sb	x3,174(x8)	  x8:0x80012249  x3:0x00000004 PA:0x800122f7 store:0x00000004 load:0x00000000
       67995000	      6700	80004ede	71b54e83	lbu	x29,1819(x10)	 x10:0x8001dfef x29=0x00000000 PA:0x8001e70a load:0x00000000
       68005000	      6701	80004ee2	0ea40123	sb	x10,226(x8)	  x8:0x80012249 x10:0x8001dfef PA:0x8001232b store:0x8001dfef load:0x00000000
       68015000	      6702	80004ee6	f9841ca3	sh	x24,-103(x8)	  x8:0x80012249 x24:0x00000001 PA:0x800121e2 store:0x00000001 load:0x00000000
       68025000	      6703	80004eea	fcc40f83	lb	x31,-52(x8)	  x8:0x80012249 x31=0x00000000 PA:0x80012215 load:0x00000000
       68035000	      6704	80004eee	ff054783	lbu	x15,-16(x10)	 x10:0x8001dfef x15=0x00000000 PA:0x8001dfdf load:0x00000000
       68045000	      6705	80004ef2	f40427a3	sw	x0,-177(x8)	  x8:0x80012249  x0:0x00000000 PA:0x80012198 store:0x00000000 load:0x00000000
       68055000	      6706	80004ef6	021504a3	sb	x1,41(x10)	 x10:0x8001dfef  x1:0x00000000 PA:0x8001e018 store:0x00000000 load:0x00000000
       68065000	      6707	80004efa	00012117	auipc	x2,0x12	  x2=0x80016efa
       68075000	      6708	80004efe	ec910113	addi	x2,x2,-311	  x2:0x80016efa  x2=0x80016dc3
       68085000	      6709	80004f02	ff910183	lb	x3,-7(x2)	  x2:0x80016dc3  x3=0x00000000 PA:0x80016dbc load:0x00000000
       68095000	      6710	80004f06	fc010703	lb	x14,-64(x2)	  x2:0x80016dc3 x14=0x00000000 PA:0x80016d83 load:0x00000000
       68105000	      6711	80004f0a	00bf5233	srl	x4,x30,x11	 x30:0x8002bce4 x11:0x894eacb4  x4=0x00000800
       68475000	      6748	80004f0e	022ac633	div	x12,x21,x2	 x21:0x00000000  x2:0x80016dc3 x12=0x00000000
       68485000	      6749	80004f12	841d	c.srai	x8,0x7	  x8:0x80012249  x8=0xff000244
       68495000	      6750	80004f14	01273fb3	sltu	x31,x14,x18	 x14:0x00000000 x18:0x00000000 x31=0x00000000
       68505000	      6751	80004f18	ff810203	lb	x4,-8(x2)	  x2:0x80016dc3  x4=0x00000000 PA:0x80016dbb load:0x00000000
       68515000	      6752	80004f1c	41938b33	sub	x22,x7,x25	  x7:0x00000010 x25:0x00000000 x22=0x00000010
       68525000	      6753	80004f20	ff614603	lbu	x12,-10(x2)	  x2:0x80016dc3 x12=0x00000000 PA:0x80016db9 load:0x00000000
       68535000	      6754	80004f24	fcf15a03	lhu	x20,-49(x2)	  x2:0x80016dc3 x20=0x00000000 PA:0x80016d92 load:0x00000000
       68545000	      6755	80004f28	02c10aa3	sb	x12,53(x2)	  x2:0x80016dc3 x12:0x00000000 PA:0x80016df8 store:0x00000000 load:0x00000000
       68555000	      6756	80004f2c	9676	c.add	x12,x29	 x12:0x00000000 x29:0x00000000 x12=0x00000000
       68565000	      6757	80004f2e	fe814a03	lbu	x20,-24(x2)	  x2:0x80016dc3 x20=0x00000000 PA:0x80016dab load:0x00000000
       68575000	      6758	80004f32	80d6	c.mv	x1,x21	  x0:0x00000000 x21:0x00000000  x1=0x00000000
       68585000	      6759	80004f34	00d11ca3	sh	x13,25(x2)	  x2:0x80016dc3 x13:0x00000000 PA:0x80016ddc store:0x00000000 load:0x00000000
       68605000	      6761	80004f38	032151b3	divu	x3,x2,x18	  x2:0x80016dc3 x18:0x00000000  x3=0xffffffff
       68615000	      6762	80004f3c	8d59	c.or	x10,x14	 x10:0x8001dfef x14:0x00000000 x10=0x8001dfef
       68625000	      6763	80004f3e	8daa	c.mv	x27,x10	  x0:0x00000000 x10:0x8001dfef x27=0x8001dfef
       68635000	      6764	80004f40	674d	c.lui	x14,0x13	 x14=0x00013000
       68645000	      6765	80004f42	fc911203	lh	x4,-55(x2)	  x2:0x80016dc3  x4=0x00000000 PA:0x80016d8c load:0x00000000
       68655000	      6766	80004f46	1dfd	c.addi	x27,-1	 x27:0x8001dfef x27=0x8001dfee
       68665000	      6767	80004f48	000370b3	and	x1,x6,x0	  x6:0x00000000  x0:0x00000000  x1=0x00000000
       68675000	      6768	80004f4c	00c7e433	or	x8,x15,x12	 x15:0x00000000 x12:0x00000000  x8=0x00000000
       68685000	      6769	80004f50	fe310023	sb	x3,-32(x2)	  x2:0x80016dc3  x3:0xffffffff PA:0x80016da3 store:0xffffffff load:0x00000000
       68695000	      6770	80004f54	01310023	sb	x19,0(x2)	  x2:0x80016dc3 x19:0x00008000 PA:0x80016dc3 store:0x00008000 load:0x00000000
       68705000	      6771	80004f58	0001	c.addi	x0,0	  x0:0x00000000  x0=0x00000000
       68715000	      6772	80004f5a	02210803	lb	x16,34(x2)	  x2:0x80016dc3 x16=0x00000000 PA:0x80016de5 load:0x00000000
       68725000	      6773	80004f5e	8f19	c.sub	x14,x14	 x14:0x00013000 x14:0x00013000 x14=0x00000000
       68735000	      6774	80004f60	02d122a3	sw	x13,37(x2)	  x2:0x80016dc3 x13:0x00000000 PA:0x80016de8 store:0x00000000 load:0x00000000
       68745000	      6775	80004f64	0000100f	fence.i	
       68765000	      6777	80004f68	01d14503	lbu	x10,29(x2)	  x2:0x80016dc3 x10=0x00000000 PA:0x80016de0 load:0x00000000
       68775000	      6778	80004f6c	ffb117a3	sh	x27,-17(x2)	  x2:0x80016dc3 x27:0x8001dfee PA:0x80016db2 store:0x8001dfee load:0x00000000
       68785000	      6779	80004f70	908a	c.add	x1,x2	  x1:0x00000000  x2:0x80016dc3  x1=0x80016dc3
       68795000	      6780	80004f72	6fa9	c.lui	x31,0xa	 x31=0x0000a000
       68805000	      6781	80004f74	9e3e	c.add	x28,x15	 x28:0x00000008 x15:0x00000000 x28=0x00000008
       68815000	      6782	80004f76	01b11303	lh	x6,27(x2)	  x2:0x80016dc3  x6=0x00000000 PA:0x80016dde load:0x00000000
       68825000	      6783	80004f7a	10500073	wfi	
