Time	Cycle	PC	Insn	Decoded instruction	Register and memory contents
        1055000	         6	80000080	400013b7	lui	x7,0x40001	  x7=0x40001000
        1065000	         7	80000084	10638393	addi	x7,x7,262	  x7:0x40001000  x7=0x40001106
        1075000	         8	80000088	30139073	csrrw	x0,misa,x7	  x7:0x40001106  x0=0x00000000
        1105000	        11	8000008c	00024617	auipc	x12,0x24	 x12=0x8002408c
        1115000	        12	80000090	c5860613	addi	x12,x12,-936	 x12:0x8002408c x12=0x80023ce4
        1125000	        13	80000094	00002397	auipc	x7,0x2	  x7=0x80002094
        1135000	        14	80000098	66c38393	addi	x7,x7,1644	  x7:0x80002094  x7=0x80002700
        1145000	        15	8000009c	0013e393	ori	x7,x7,1	  x7:0x80002700  x7=0x80002701
        1155000	        16	800000a0	30539073	csrrw	x0,mtvec,x7	  x7:0x80002701  x0=0x00000000
        1185000	        19	800000a4	74725073	csrrwi	x0,0x747,4	  x0=0x00000000
        1215000	        22	800000a8	00003417	auipc	x8,0x3	  x8=0x800030a8
        1225000	        23	800000ac	41440413	addi	x8,x8,1044	  x8:0x800030a8  x8=0x800034bc
        1235000	        24	800000b0	4381	c.li	x7,0	  x7=0x00000000
        1245000	        25	800000b2	941e	c.add	x8,x7	  x8:0x800034bc  x7:0x00000000  x8=0x800034bc
        1255000	        26	800000b4	8009	c.srli	x8,0x2	  x8:0x800034bc  x8=0x20000d2f
        1265000	        27	800000b6	3b041073	csrrw	x0,pmpaddr0,x8	  x8:0x20000d2f  x0=0x00000000
        1295000	        30	800000ba	00003417	auipc	x8,0x3	  x8=0x800030ba
        1305000	        31	800000be	40240413	addi	x8,x8,1026	  x8:0x800030ba  x8=0x800034bc
        1315000	        32	800000c2	111113b7	lui	x7,0x11111	  x7=0x11111000
        1325000	        33	800000c6	11138393	addi	x7,x7,273	  x7:0x11111000  x7=0x11111111
        1335000	        34	800000ca	941e	c.add	x8,x7	  x8:0x800034bc  x7:0x11111111  x8=0x911145cd
        1345000	        35	800000cc	8009	c.srli	x8,0x2	  x8:0x911145cd  x8=0x24445173
        1355000	        36	800000ce	3b141073	csrrw	x0,pmpaddr1,x8	  x8:0x24445173  x0=0x00000000
        1385000	        39	800000d2	00003417	auipc	x8,0x3	  x8=0x800030d2
        1395000	        40	800000d6	3ea40413	addi	x8,x8,1002	  x8:0x800030d2  x8=0x800034bc
        1405000	        41	800000da	222223b7	lui	x7,0x22222	  x7=0x22222000
        1415000	        42	800000de	22238393	addi	x7,x7,546	  x7:0x22222000  x7=0x22222222
        1425000	        43	800000e2	941e	c.add	x8,x7	  x8:0x800034bc  x7:0x22222222  x8=0xa22256de
        1435000	        44	800000e4	8009	c.srli	x8,0x2	  x8:0xa22256de  x8=0x288895b7
        1445000	        45	800000e6	3b241073	csrrw	x0,pmpaddr2,x8	  x8:0x288895b7  x0=0x00000000
        1475000	        48	800000ea	00003417	auipc	x8,0x3	  x8=0x800030ea
        1485000	        49	800000ee	3d240413	addi	x8,x8,978	  x8:0x800030ea  x8=0x800034bc
        1495000	        50	800000f2	333333b7	lui	x7,0x33333	  x7=0x33333000
        1505000	        51	800000f6	33338393	addi	x7,x7,819	  x7:0x33333000  x7=0x33333333
        1515000	        52	800000fa	941e	c.add	x8,x7	  x8:0x800034bc  x7:0x33333333  x8=0xb33367ef
        1525000	        53	800000fc	8009	c.srli	x8,0x2	  x8:0xb33367ef  x8=0x2cccd9fb
        1535000	        54	800000fe	3b341073	csrrw	x0,pmpaddr3,x8	  x8:0x2cccd9fb  x0=0x00000000
        1565000	        57	80000102	0f0f1437	lui	x8,0xf0f1	  x8=0x0f0f1000
        1575000	        58	80000106	f0f40413	addi	x8,x8,-241	  x8:0x0f0f1000  x8=0x0f0f0f0f
        1585000	        59	8000010a	3a041073	csrrw	x0,pmpcfg0,x8	  x8:0x0f0f0f0f  x0=0x00000000
        1615000	        62	8000010e	00003417	auipc	x8,0x3	  x8=0x8000310e
        1625000	        63	80000112	3ae40413	addi	x8,x8,942	  x8:0x8000310e  x8=0x800034bc
        1635000	        64	80000116	444443b7	lui	x7,0x44444	  x7=0x44444000
        1645000	        65	8000011a	44438393	addi	x7,x7,1092	  x7:0x44444000  x7=0x44444444
        1655000	        66	8000011e	941e	c.add	x8,x7	  x8:0x800034bc  x7:0x44444444  x8=0xc4447900
        1665000	        67	80000120	8009	c.srli	x8,0x2	  x8:0xc4447900  x8=0x31111e40
        1675000	        68	80000122	3b441073	csrrw	x0,pmpaddr4,x8	  x8:0x31111e40  x0=0x00000000
        1705000	        71	80000126	00003417	auipc	x8,0x3	  x8=0x80003126
        1715000	        72	8000012a	39640413	addi	x8,x8,918	  x8:0x80003126  x8=0x800034bc
        1725000	        73	8000012e	555553b7	lui	x7,0x55555	  x7=0x55555000
        1735000	        74	80000132	55538393	addi	x7,x7,1365	  x7:0x55555000  x7=0x55555555
        1745000	        75	80000136	941e	c.add	x8,x7	  x8:0x800034bc  x7:0x55555555  x8=0xd5558a11
        1755000	        76	80000138	8009	c.srli	x8,0x2	  x8:0xd5558a11  x8=0x35556284
        1765000	        77	8000013a	3b541073	csrrw	x0,pmpaddr5,x8	  x8:0x35556284  x0=0x00000000
        1795000	        80	8000013e	00003417	auipc	x8,0x3	  x8=0x8000313e
        1805000	        81	80000142	37e40413	addi	x8,x8,894	  x8:0x8000313e  x8=0x800034bc
        1815000	        82	80000146	666663b7	lui	x7,0x66666	  x7=0x66666000
        1825000	        83	8000014a	66638393	addi	x7,x7,1638	  x7:0x66666000  x7=0x66666666
        1835000	        84	8000014e	941e	c.add	x8,x7	  x8:0x800034bc  x7:0x66666666  x8=0xe6669b22
        1845000	        85	80000150	8009	c.srli	x8,0x2	  x8:0xe6669b22  x8=0x3999a6c8
        1855000	        86	80000152	3b641073	csrrw	x0,pmpaddr6,x8	  x8:0x3999a6c8  x0=0x00000000
        1885000	        89	80000156	00003417	auipc	x8,0x3	  x8=0x80003156
        1895000	        90	8000015a	36640413	addi	x8,x8,870	  x8:0x80003156  x8=0x800034bc
        1905000	        91	8000015e	777773b7	lui	x7,0x77777	  x7=0x77777000
        1915000	        92	80000162	77738393	addi	x7,x7,1911	  x7:0x77777000  x7=0x77777777
        1925000	        93	80000166	941e	c.add	x8,x7	  x8:0x800034bc  x7:0x77777777  x8=0xf777ac33
        1935000	        94	80000168	8009	c.srli	x8,0x2	  x8:0xf777ac33  x8=0x3dddeb0c
        1945000	        95	8000016a	3b741073	csrrw	x0,pmpaddr7,x8	  x8:0x3dddeb0c  x0=0x00000000
        1975000	        98	8000016e	0f0f1437	lui	x8,0xf0f1	  x8=0x0f0f1000
        1985000	        99	80000172	f0f40413	addi	x8,x8,-241	  x8:0x0f0f1000  x8=0x0f0f0f0f
        1995000	       100	80000176	3a141073	csrrw	x0,pmpcfg1,x8	  x8:0x0f0f0f0f  x0=0x00000000
        2025000	       103	8000017a	00003417	auipc	x8,0x3	  x8=0x8000317a
        2035000	       104	8000017e	34240413	addi	x8,x8,834	  x8:0x8000317a  x8=0x800034bc
        2045000	       105	80000182	888893b7	lui	x7,0x88889	  x7=0x88889000
        2055000	       106	80000186	88838393	addi	x7,x7,-1912	  x7:0x88889000  x7=0x88888888
        2065000	       107	8000018a	941e	c.add	x8,x7	  x8:0x800034bc  x7:0x88888888  x8=0x0888bd44
        2075000	       108	8000018c	8009	c.srli	x8,0x2	  x8:0x0888bd44  x8=0x02222f51
        2085000	       109	8000018e	3b841073	csrrw	x0,pmpaddr8,x8	  x8:0x02222f51  x0=0x00000000
        2115000	       112	80000192	00003417	auipc	x8,0x3	  x8=0x80003192
        2125000	       113	80000196	32a40413	addi	x8,x8,810	  x8:0x80003192  x8=0x800034bc
        2135000	       114	8000019a	9999a3b7	lui	x7,0x9999a	  x7=0x9999a000
        2145000	       115	8000019e	99938393	addi	x7,x7,-1639	  x7:0x9999a000  x7=0x99999999
        2155000	       116	800001a2	941e	c.add	x8,x7	  x8:0x800034bc  x7:0x99999999  x8=0x1999ce55
        2165000	       117	800001a4	8009	c.srli	x8,0x2	  x8:0x1999ce55  x8=0x06667395
        2175000	       118	800001a6	3b941073	csrrw	x0,pmpaddr9,x8	  x8:0x06667395  x0=0x00000000
        2205000	       121	800001aa	00003417	auipc	x8,0x3	  x8=0x800031aa
        2215000	       122	800001ae	31240413	addi	x8,x8,786	  x8:0x800031aa  x8=0x800034bc
        2225000	       123	800001b2	aaaab3b7	lui	x7,0xaaaab	  x7=0xaaaab000
        2235000	       124	800001b6	aaa38393	addi	x7,x7,-1366	  x7:0xaaaab000  x7=0xaaaaaaaa
        2245000	       125	800001ba	941e	c.add	x8,x7	  x8:0x800034bc  x7:0xaaaaaaaa  x8=0x2aaadf66
        2255000	       126	800001bc	8009	c.srli	x8,0x2	  x8:0x2aaadf66  x8=0x0aaab7d9
        2265000	       127	800001be	3ba41073	csrrw	x0,pmpaddr10,x8	  x8:0x0aaab7d9  x0=0x00000000
        2295000	       130	800001c2	00003417	auipc	x8,0x3	  x8=0x800031c2
        2305000	       131	800001c6	2fa40413	addi	x8,x8,762	  x8:0x800031c2  x8=0x800034bc
        2315000	       132	800001ca	bbbbc3b7	lui	x7,0xbbbbc	  x7=0xbbbbc000
        2325000	       133	800001ce	bbb38393	addi	x7,x7,-1093	  x7:0xbbbbc000  x7=0xbbbbbbbb
        2335000	       134	800001d2	941e	c.add	x8,x7	  x8:0x800034bc  x7:0xbbbbbbbb  x8=0x3bbbf077
        2345000	       135	800001d4	8009	c.srli	x8,0x2	  x8:0x3bbbf077  x8=0x0eeefc1d
        2355000	       136	800001d6	3bb41073	csrrw	x0,pmpaddr11,x8	  x8:0x0eeefc1d  x0=0x00000000
        2385000	       139	800001da	0f0f1437	lui	x8,0xf0f1	  x8=0x0f0f1000
        2395000	       140	800001de	f0f40413	addi	x8,x8,-241	  x8:0x0f0f1000  x8=0x0f0f0f0f
        2405000	       141	800001e2	3a241073	csrrw	x0,pmpcfg2,x8	  x8:0x0f0f0f0f  x0=0x00000000
        2435000	       144	800001e6	00003417	auipc	x8,0x3	  x8=0x800031e6
        2445000	       145	800001ea	2d640413	addi	x8,x8,726	  x8:0x800031e6  x8=0x800034bc
        2455000	       146	800001ee	ccccd3b7	lui	x7,0xccccd	  x7=0xccccd000
        2465000	       147	800001f2	ccc38393	addi	x7,x7,-820	  x7:0xccccd000  x7=0xcccccccc
        2475000	       148	800001f6	941e	c.add	x8,x7	  x8:0x800034bc  x7:0xcccccccc  x8=0x4ccd0188
        2485000	       149	800001f8	8009	c.srli	x8,0x2	  x8:0x4ccd0188  x8=0x13334062
        2495000	       150	800001fa	3bc41073	csrrw	x0,pmpaddr12,x8	  x8:0x13334062  x0=0x00000000
        2525000	       153	800001fe	00003417	auipc	x8,0x3	  x8=0x800031fe
        2535000	       154	80000202	2be40413	addi	x8,x8,702	  x8:0x800031fe  x8=0x800034bc
        2545000	       155	80000206	dddde3b7	lui	x7,0xdddde	  x7=0xdddde000
        2555000	       156	8000020a	ddd38393	addi	x7,x7,-547	  x7:0xdddde000  x7=0xdddddddd
        2565000	       157	8000020e	941e	c.add	x8,x7	  x8:0x800034bc  x7:0xdddddddd  x8=0x5dde1299
        2575000	       158	80000210	8009	c.srli	x8,0x2	  x8:0x5dde1299  x8=0x177784a6
        2585000	       159	80000212	3bd41073	csrrw	x0,pmpaddr13,x8	  x8:0x177784a6  x0=0x00000000
        2615000	       162	80000216	00003417	auipc	x8,0x3	  x8=0x80003216
        2625000	       163	8000021a	2a640413	addi	x8,x8,678	  x8:0x80003216  x8=0x800034bc
        2635000	       164	8000021e	eeeef3b7	lui	x7,0xeeeef	  x7=0xeeeef000
        2645000	       165	80000222	eee38393	addi	x7,x7,-274	  x7:0xeeeef000  x7=0xeeeeeeee
        2655000	       166	80000226	941e	c.add	x8,x7	  x8:0x800034bc  x7:0xeeeeeeee  x8=0x6eef23aa
        2665000	       167	80000228	8009	c.srli	x8,0x2	  x8:0x6eef23aa  x8=0x1bbbc8ea
        2675000	       168	8000022a	3be41073	csrrw	x0,pmpaddr14,x8	  x8:0x1bbbc8ea  x0=0x00000000
        2705000	       171	8000022e	00003417	auipc	x8,0x3	  x8=0x8000322e
        2715000	       172	80000232	28e40413	addi	x8,x8,654	  x8:0x8000322e  x8=0x800034bc
        2725000	       173	80000236	fff00393	addi	x7,x0,-1	  x0:0x00000000  x7=0xffffffff
        2735000	       174	8000023a	941e	c.add	x8,x7	  x8:0x800034bc  x7:0xffffffff  x8=0x800034bb
        2745000	       175	8000023c	8009	c.srli	x8,0x2	  x8:0x800034bb  x8=0x20000d2e
        2755000	       176	8000023e	3bf41073	csrrw	x0,pmpaddr15,x8	  x8:0x20000d2e  x0=0x00000000
        2785000	       179	80000242	0f0f1437	lui	x8,0xf0f1	  x8=0x0f0f1000
        2795000	       180	80000246	f0f40413	addi	x8,x8,-241	  x8:0x0f0f1000  x8=0x0f0f0f0f
        2805000	       181	8000024a	3a341073	csrrw	x0,pmpcfg3,x8	  x8:0x0f0f0f0f  x0=0x00000000
        2835000	       184	8000024e	00000397	auipc	x7,0x0	  x7=0x8000024e
        2845000	       185	80000252	05838393	addi	x7,x7,88	  x7:0x8000024e  x7=0x800002a6
        2855000	       186	80000256	34139073	csrrw	x0,mepc,x7	  x7:0x800002a6  x0=0x00000000
        2865000	       187	8000025a	7c00d073	csrrwi	x0,0x7c0,1	  x0=0x00000000
        2895000	       190	8000025e	6389	c.lui	x7,0x2	  x7=0x00002000
        2905000	       191	80000260	80038393	addi	x7,x7,-2048	  x7:0x00002000  x7=0x00001800
        2915000	       192	80000264	30039073	csrrw	x0,mstatus,x7	  x7:0x00001800  x0=0x00000000
        2945000	       195	80000268	4381	c.li	x7,0	  x7=0x00000000
        2955000	       196	8000026a	30439073	csrrw	x0,mie,x7	  x7:0x00000000  x0=0x00000000
        2985000	       199	8000026e	90000cb7	lui	x25,0x90000	 x25=0x90000000
        2995000	       200	80000272	1cf1	c.addi	x25,-4	 x25:0x90000000 x25=0x8ffffffc
        3005000	       201	80000274	30000393	addi	x7,x0,768	  x0:0x00000000  x7=0x00000300
        3015000	       202	80000278	03a2	c.slli	x7,0x8	  x7:0x00000300  x7=0x00030000
        3025000	       203	8000027a	038d	c.addi	x7,3	  x7:0x00030000  x7=0x00030003
        3035000	       204	8000027c	007ca023	sw	x7,0(x25)	 x25:0x8ffffffc  x7:0x00030003 PA:0x8ffffffc store:0x00030003 load:0x00000000
        3045000	       205	80000280	300023f3	csrrs	x7,mstatus,x0	  x0:0x00000000  x7=0x00001800
        3055000	       206	80000284	007ca023	sw	x7,0(x25)	 x25:0x8ffffffc  x7:0x00001800 PA:0x8ffffffc store:0x00001800 load:0x00000000
        3065000	       207	80000288	90000cb7	lui	x25,0x90000	 x25=0x90000000
        3075000	       208	8000028c	1cf1	c.addi	x25,-4	 x25:0x90000000 x25=0x8ffffffc
        3085000	       209	8000028e	30400393	addi	x7,x0,772	  x0:0x00000000  x7=0x00000304
        3095000	       210	80000292	03a2	c.slli	x7,0x8	  x7:0x00000304  x7=0x00030400
        3105000	       211	80000294	038d	c.addi	x7,3	  x7:0x00030400  x7=0x00030403
        3115000	       212	80000296	007ca023	sw	x7,0(x25)	 x25:0x8ffffffc  x7:0x00030403 PA:0x8ffffffc store:0x00030403 load:0x00000000
        3125000	       213	8000029a	304023f3	csrrs	x7,mie,x0	  x0:0x00000000  x7=0x00000000
        3135000	       214	8000029e	007ca023	sw	x7,0(x25)	 x25:0x8ffffffc  x7:0x00000000 PA:0x8ffffffc store:0x00000000 load:0x00000000
        3145000	       215	800002a2	30200073	mret	
        3185000	       219	800002a6	80000037	lui	x0,0x80000	  x0=0x00000000
        3195000	       220	800002aa	0001	c.addi	x0,0	  x0:0x00000000  x0=0x00000000
        3205000	       221	800002ac	800000b7	lui	x1,0x80000	  x1=0x80000000
        3215000	       222	800002b0	f63cf137	lui	x2,0xf63cf	  x2=0xf63cf000
        3225000	       223	800002b4	95a10113	addi	x2,x2,-1702	  x2:0xf63cf000  x2=0xf63ce95a
        3235000	       224	800002b8	f6f701b7	lui	x3,0xf6f70	  x3=0xf6f70000
        3245000	       225	800002bc	b9218193	addi	x3,x3,-1134	  x3:0xf6f70000  x3=0xf6f6fb92
        3255000	       226	800002c0	fcbe8237	lui	x4,0xfcbe8	  x4=0xfcbe8000
        3265000	       227	800002c4	87520213	addi	x4,x4,-1931	  x4:0xfcbe8000  x4=0xfcbe7875
        3275000	       228	800002c8	f13802b7	lui	x5,0xf1380	  x5=0xf1380000
        3285000	       229	800002cc	92928293	addi	x5,x5,-1751	  x5:0xf1380000  x5=0xf137f929
        3295000	       230	800002d0	4311	c.li	x6,4	  x6=0x00000004
        3305000	       231	800002d2	4399	c.li	x7,6	  x7=0x00000006
        3315000	       232	800002d4	80000437	lui	x8,0x80000	  x8=0x80000000
        3325000	       233	800002d8	4481	c.li	x9,0	  x9=0x00000000
        3335000	       234	800002da	80000537	lui	x10,0x80000	 x10=0x80000000
        3345000	       235	800002de	800005b7	lui	x11,0x80000	 x11=0x80000000
        3355000	       236	800002e2	4681	c.li	x13,0	 x13=0x00000000
        3365000	       237	800002e4	c5d10737	lui	x14,0xc5d10	 x14=0xc5d10000
        3375000	       238	800002e8	b9670713	addi	x14,x14,-1130	 x14:0xc5d10000 x14=0xc5d0fb96
        3385000	       239	800002ec	08f4b7b7	lui	x15,0x8f4b	 x15=0x08f4b000
        3395000	       240	800002f0	17a9	c.addi	x15,-22	 x15:0x08f4b000 x15=0x08f4afea
        3405000	       241	800002f2	4801	c.li	x16,0	 x16=0x00000000
        3415000	       242	800002f4	f2d268b7	lui	x17,0xf2d26	 x17=0xf2d26000
        3425000	       243	800002f8	99a88893	addi	x17,x17,-1638	 x17:0xf2d26000 x17=0xf2d2599a
        3435000	       244	800002fc	f04f5937	lui	x18,0xf04f5	 x18=0xf04f5000
        3445000	       245	80000300	51590913	addi	x18,x18,1301	 x18:0xf04f5000 x18=0xf04f5515
        3455000	       246	80000304	4991	c.li	x19,4	 x19=0x00000004
        3465000	       247	80000306	80000a37	lui	x20,0x80000	 x20=0x80000000
        3475000	       248	8000030a	4a81	c.li	x21,0	 x21=0x00000000
        3485000	       249	8000030c	f9d9fb37	lui	x22,0xf9d9f	 x22=0xf9d9f000
        3495000	       250	80000310	3d9b0b13	addi	x22,x22,985	 x22:0xf9d9f000 x22=0xf9d9f3d9
        3505000	       251	80000314	80000bb7	lui	x23,0x80000	 x23=0x80000000
        3515000	       252	80000318	f0a97c37	lui	x24,0xf0a97	 x24=0xf0a97000
        3525000	       253	8000031c	ddfc0c13	addi	x24,x24,-545	 x24:0xf0a97000 x24=0xf0a96ddf
        3535000	       254	80000320	f4cc3cb7	lui	x25,0xf4cc3	 x25=0xf4cc3000
        3545000	       255	80000324	bcfc8c93	addi	x25,x25,-1073	 x25:0xf4cc3000 x25=0xf4cc2bcf
        3555000	       256	80000328	4d01	c.li	x26,0	 x26=0x00000000
        3565000	       257	8000032a	f8832db7	lui	x27,0xf8832	 x27=0xf8832000
        3575000	       258	8000032e	ce3d8d93	addi	x27,x27,-797	 x27:0xf8832000 x27=0xf8831ce3
        3585000	       259	80000332	4e81	c.li	x29,0	 x29=0x00000000
        3595000	       260	80000334	fc6dbf37	lui	x30,0xfc6db	 x30=0xfc6db000
        3605000	       261	80000338	9b3f0f13	addi	x30,x30,-1613	 x30:0xfc6db000 x30=0xfc6da9b3
        3615000	       262	8000033c	80000fb7	lui	x31,0x80000	 x31=0x80000000
        3625000	       263	80000340	00020e17	auipc	x28,0x20	 x28=0x80020340
        3635000	       264	80000344	b24e0e13	addi	x28,x28,-1244	 x28:0x80020340 x28=0x8001fe64
        3645000	       265	80000348	90000cb7	lui	x25,0x90000	 x25=0x90000000
        3655000	       266	8000034c	1cf1	c.addi	x25,-4	 x25:0x90000000 x25=0x8ffffffc
        3665000	       267	8000034e	4381	c.li	x7,0	  x7=0x00000000
        3675000	       268	80000350	03a2	c.slli	x7,0x8	  x7:0x00000000  x7=0x00000000
        3685000	       269	80000352	00038393	addi	x7,x7,0	  x7:0x00000000  x7=0x00000000
        3695000	       270	80000356	007ca023	sw	x7,0(x25)	 x25:0x8ffffffc  x7:0x00000000 PA:0x8ffffffc store:0x00000000 load:0x00000000
        3705000	       271	8000035a	1620306f	jal	x0,800034bc	  x0=0x00000000
        3725000	       273	800034bc	01e001ef	jal	x3,800034da	  x3=0x800034c0
        3755000	       276	800034da	03000aef	jal	x21,8000350a	 x21=0x800034de
        3775000	       278	8000350a	a019	c.j	80003510	
        3795000	       280	80003510	37cd	c.jal	800034f2	  x1=0x80003512
        3815000	       282	800034f2	3ffd	c.jal	800034f0	  x1=0x800034f4
        3835000	       284	800034f0	bfd1	c.j	800034c4	
        3855000	       286	800034c4	2805	c.jal	800034f4	  x1=0x800034c6
        3875000	       288	800034f4	fd5ff1ef	jal	x3,800034c8	  x3=0x800034f8
        3895000	       290	800034c8	0160036f	jal	x6,800034de	  x6=0x800034cc
        3915000	       292	800034de	2829	c.jal	800034f8	  x1=0x800034e0
        3935000	       294	800034f8	3fdd	c.jal	800034ee	  x1=0x800034fa
        3955000	       296	800034ee	a829	c.j	80003508	
        3975000	       298	80003508	b7e1	c.j	800034d0	
        3995000	       300	800034d0	004000ef	jal	x1,800034d4	  x1=0x800034d4
        4015000	       302	800034d4	2809	c.jal	800034e6	  x1=0x800034d6
        4045000	       305	800034e6	fffff36f	jal	x6,800034e4	  x6=0x800034ea
        4065000	       307	800034e4	2829	c.jal	800034fe	  x1=0x800034e6
        4085000	       309	800034fe	b7e1	c.j	800034c6	
        4105000	       311	800034c6	2015	c.jal	800034ea	  x1=0x800034c8
        4135000	       314	800034ea	ff9ff0ef	jal	x1,800034e2	  x1=0x800034ee
        4155000	       316	800034e2	b7ed	c.j	800034cc	
        4175000	       318	800034cc	0400036f	jal	x6,8000350c	  x6=0x800034d0
        4195000	       320	8000350c	ff5ff0ef	jal	x1,80003500	  x1=0x80003510
        4215000	       322	80003500	0040036f	jal	x6,80003504	  x6=0x80003504
        4235000	       324	80003504	fd5ff0ef	jal	x1,800034d8	  x1=0x80003508
        4255000	       326	800034d8	a00d	c.j	800034fa	
        4285000	       329	800034fa	fc7ffc6f	jal	x24,800034c0	 x24=0x800034fe
        4305000	       331	800034c0	020001ef	jal	x3,800034e0	  x3=0x800034c4
        4325000	       333	800034e0	3fdd	c.jal	800034d6	  x1=0x800034e2
        4345000	       335	800034d6	2835	c.jal	80003512	  x1=0x800034d8
        4365000	       337	80003512	8de5	c.and	x11,x9	 x11:0x80000000  x9:0x00000000 x11=0x00000000
        4375000	       338	80003514	030001ef	jal	x3,80003544	  x3=0x80003518
        4395000	       340	80003544	00400fef	jal	x31,80003548	 x31=0x80003548
        4415000	       342	80003548	3fc9	c.jal	8000351a	  x1=0x8000354a
        4445000	       345	8000351a	018000ef	jal	x1,80003532	  x1=0x8000351e
        4465000	       347	80003532	bfe5	c.j	8000352a	
        4485000	       349	8000352a	2029	c.jal	80003534	  x1=0x8000352c
        4505000	       351	80003534	a819	c.j	8000354a	
        4525000	       353	8000354a	3fe9	c.jal	80003524	  x1=0x8000354c
        4545000	       355	80003524	2029	c.jal	8000352e	  x1=0x80003526
        4575000	       358	8000352e	ff5ffbef	jal	x23,80003522	 x23=0x80003532
        4595000	       360	80003522	a831	c.j	8000353e	
        4615000	       362	8000353e	a039	c.j	8000354c	
        4635000	       364	8000354c	3fd5	c.jal	80003540	  x1=0x8000354e
        4655000	       366	80003540	ffbffa6f	jal	x20,8000353a	 x20=0x80003544
        4685000	       369	8000353a	fe5ff0ef	jal	x1,8000351e	  x1=0x8000353e
        4715000	       372	8000351e	00e0036f	jal	x6,8000352c	  x6=0x80003522
        4735000	       374	8000352c	bfed	c.j	80003526	
        4765000	       377	80003526	0100036f	jal	x6,80003536	  x6=0x8000352a
        4795000	       380	80003536	fe3ff36f	jal	x6,80003518	  x6=0x8000353a
        4815000	       382	80003518	a81d	c.j	8000354e	
        4835000	       384	8000354e	0001	c.addi	x0,0	  x0:0x00000000  x0=0x00000000
        4845000	       385	80003550	006001ef	jal	x3,80003556	  x3=0x80003554
        4865000	       387	80003556	bffd	c.j	80003554	
        4885000	       389	80003554	a811	c.j	80003568	
        4905000	       391	80003568	3ff5	c.jal	80003564	  x1=0x8000356a
        4925000	       393	80003564	2019	c.jal	8000356a	  x1=0x80003566
        4945000	       395	8000356a	a011	c.j	8000356e	
        4975000	       398	8000356e	febff56f	jal	x10,80003558	 x10=0x80003572
        4995000	       400	80003558	2019	c.jal	8000355e	  x1=0x8000355a
        5025000	       403	8000355e	ffdff0ef	jal	x1,8000355a	  x1=0x80003562
        5055000	       406	8000355a	00c0036f	jal	x6,80003566	  x6=0x8000355e
        5075000	       408	80003566	a019	c.j	8000356c	
        5095000	       410	8000356c	3fdd	c.jal	80003562	  x1=0x8000356e
        5115000	       412	80003562	a801	c.j	80003572	
        5145000	       415	80003572	6db6a1b7	lui	x3,0x6db6a	  x3=0x6db6a000
        5155000	       416	80003576	02e001ef	jal	x3,800035a4	  x3=0x8000357a
        5175000	       418	800035a4	bfe9	c.j	8000357e	
        5195000	       420	8000357e	2029	c.jal	80003588	  x1=0x80003580
        5215000	       422	80003588	a839	c.j	800035a6	
        5245000	       425	800035a6	ff1ff0ef	jal	x1,80003596	  x1=0x800035aa
        5265000	       427	80003596	a031	c.j	800035a2	
        5285000	       429	800035a2	b7e5	c.j	8000358a	
        5305000	       431	8000358a	a005	c.j	800035aa	
        5325000	       433	800035aa	37fd	c.jal	80003598	  x1=0x800035ac
        5345000	       435	80003598	200d	c.jal	800035ba	  x1=0x8000359a
        5365000	       437	800035ba	3fed	c.jal	800035b4	  x1=0x800035bc
        5385000	       439	800035b4	fc7ff0ef	jal	x1,8000357a	  x1=0x800035b8
        5405000	       441	8000357a	200d	c.jal	8000359c	  x1=0x8000357c
        5425000	       443	8000359c	004000ef	jal	x1,800035a0	  x1=0x800035a0
        5445000	       445	800035a0	a031	c.j	800035ac	
        5465000	       447	800035ac	00c000ef	jal	x1,800035b8	  x1=0x800035b0
        5485000	       449	800035b8	37e1	c.jal	80003580	  x1=0x800035ba
        5505000	       451	80003580	2805	c.jal	800035b0	  x1=0x80003582
        5525000	       453	800035b0	bfc9	c.j	80003582	
        5555000	       456	80003582	ffbff0ef	jal	x1,8000357c	  x1=0x80003586
        5575000	       458	8000357c	a801	c.j	8000358c	
        5595000	       460	8000358c	0260036f	jal	x6,800035b2	  x6=0x80003590
        5615000	       462	800035b2	bff9	c.j	80003590	
        5635000	       464	80003590	ff7ff36f	jal	x6,80003586	  x6=0x80003594
        5655000	       466	80003586	2811	c.jal	8000359a	  x1=0x80003588
        5675000	       468	8000359a	3fed	c.jal	80003594	  x1=0x8000359c
        5695000	       470	80003594	2025	c.jal	800035bc	  x1=0x80003596
        5715000	       472	800035bc	340039f3	csrrc	x19,mscratch,x0	  x0:0x00000000 x19=0x00000000
        5725000	       473	800035c0	006001ef	jal	x3,800035c6	  x3=0x800035c4
        5755000	       476	800035c6	0040036f	jal	x6,800035ca	  x6=0x800035ca
        5775000	       478	800035ca	3fed	c.jal	800035c4	  x1=0x800035cc
        5795000	       480	800035c4	2039	c.jal	800035d2	  x1=0x800035c6
        5825000	       483	800035d2	016000ef	jal	x1,800035e8	  x1=0x800035d6
        5845000	       485	800035e8	a019	c.j	800035ee	
        5865000	       487	800035ee	37c5	c.jal	800035ce	  x1=0x800035f0
        5885000	       489	800035ce	2031	c.jal	800035da	  x1=0x800035d0
        5905000	       491	800035da	3fdd	c.jal	800035d0	  x1=0x800035dc
        5925000	       493	800035d0	a829	c.j	800035ea	
        5955000	       496	800035ea	ff9ff0ef	jal	x1,800035e2	  x1=0x800035ee
        5985000	       499	800035e2	ffdffa6f	jal	x20,800035de	 x20=0x800035e6
        6015000	       502	800035de	fffff0ef	jal	x1,800035dc	  x1=0x800035e2
        6035000	       504	800035dc	a819	c.j	800035f2	
        6055000	       506	800035f2	b7d5	c.j	800035d6	
        6085000	       509	800035d6	ff7ff0ef	jal	x1,800035cc	  x1=0x800035da
        6105000	       511	800035cc	2015	c.jal	800035f0	  x1=0x800035ce
        6125000	       513	800035f0	2011	c.jal	800035f4	  x1=0x800035f2
        6145000	       515	800035f4	ff3ff16f	jal	x2,800035e6	  x2=0x800035f8
        6165000	       517	800035e6	2809	c.jal	800035f8	  x1=0x800035e8
        6185000	       519	800035f8	41238bb3	sub	x23,x7,x18	  x7:0x00000000 x18:0xf04f5515 x23=0x0fb0aaeb
        6195000	       520	800035fc	028001ef	jal	x3,80003624	  x3=0x80003600
        6215000	       522	80003624	3fd5	c.jal	80003618	  x1=0x80003626
        6235000	       524	80003618	2809	c.jal	8000362a	  x1=0x8000361a
        6255000	       526	8000362a	3ff5	c.jal	80003626	  x1=0x8000362c
        6275000	       528	80003626	bfe9	c.j	80003600	
        6295000	       530	80003600	01e000ef	jal	x1,8000361e	  x1=0x80003604
        6325000	       533	8000361e	febff0ef	jal	x1,80003608	  x1=0x80003622
        6345000	       535	80003608	ffdff36f	jal	x6,80003604	  x6=0x8000360c
        6365000	       537	80003604	a021	c.j	8000360c	
        6385000	       539	8000360c	2011	c.jal	80003610	  x1=0x8000360e
        6405000	       541	80003610	a831	c.j	8000362c	
        6425000	       543	8000362c	b7ed	c.j	80003616	
        6445000	       545	80003616	2011	c.jal	8000361a	  x1=0x80003618
        6475000	       548	8000361a	00800def	jal	x27,80003622	 x27=0x8000361e
        6495000	       550	80003622	37f5	c.jal	8000360e	  x1=0x80003624
        6515000	       552	8000360e	2005	c.jal	8000362e	  x1=0x80003610
        6535000	       554	8000362e	b7d5	c.j	80003612	
        6565000	       557	80003612	016000ef	jal	x1,80003628	  x1=0x80003616
        6585000	       559	80003628	3ff9	c.jal	80003606	  x1=0x8000362a
        6605000	       561	80003606	a02d	c.j	80003630	
        6625000	       563	80003630	004000ef	jal	x1,80003634	  x1=0x80003634
        6645000	       565	80003634	0001	c.addi	x0,0	  x0:0x00000000  x0=0x00000000
        6655000	       566	80003636	00a001ef	jal	x3,80003640	  x3=0x8000363a
        6675000	       568	80003640	a821	c.j	80003658	
        6695000	       570	80003658	a021	c.j	80003660	
        6715000	       572	80003660	fddff0ef	jal	x1,8000363c	  x1=0x80003664
        6735000	       574	8000363c	2811	c.jal	80003650	  x1=0x8000363e
        6755000	       576	80003650	3fd5	c.jal	80003644	  x1=0x80003652
        6775000	       578	80003644	020000ef	jal	x1,80003664	  x1=0x80003648
        6795000	       580	80003664	bfe5	c.j	8000365c	
        6815000	       582	8000365c	37fd	c.jal	8000364a	  x1=0x8000365e
        6835000	       584	8000364a	2801	c.jal	8000365a	  x1=0x8000364c
        6855000	       586	8000365a	b7e5	c.j	80003642	
        6875000	       588	80003642	3ff5	c.jal	8000363e	  x1=0x80003644
        6895000	       590	8000363e	a025	c.j	80003666	
        6915000	       592	80003666	3fd1	c.jal	8000363a	  x1=0x80003668
        6935000	       594	8000363a	a809	c.j	8000364c	
        6955000	       596	8000364c	0060036f	jal	x6,80003652	  x6=0x80003650
        6975000	       598	80003652	2009	c.jal	80003654	  x1=0x80003654
        6995000	       600	80003654	00a0036f	jal	x6,8000365e	  x6=0x80003658
        7015000	       602	8000365e	b7ed	c.j	80003648	
        7035000	       604	80003648	a005	c.j	80003668	
        7055000	       606	80003668	8de5	c.and	x11,x9	 x11:0x00000000  x9:0x00000000 x11=0x00000000
        7065000	       607	8000366a	00a001ef	jal	x3,80003674	  x3=0x8000366e
        7085000	       609	80003674	203d	c.jal	800036a2	  x1=0x80003676
        7115000	       612	800036a2	fefff0ef	jal	x1,80003690	  x1=0x800036a6
        7135000	       614	80003690	fefff0ef	jal	x1,8000367e	  x1=0x80003694
        7155000	       616	8000367e	bff5	c.j	8000367a	
        7175000	       618	8000367a	a019	c.j	80003680	
        7195000	       620	80003680	01c0036f	jal	x6,8000369c	  x6=0x80003684
        7215000	       622	8000369c	fefff0ef	jal	x1,8000368a	  x1=0x800036a0
        7245000	       625	8000368a	01e000ef	jal	x1,800036a8	  x1=0x8000368e
        7265000	       627	800036a8	bfe5	c.j	800036a0	
        7285000	       629	800036a0	bfe1	c.j	80003678	
        7305000	       631	80003678	2819	c.jal	8000368e	  x1=0x8000367a
        7325000	       633	8000368e	37fd	c.jal	8000367c	  x1=0x80003690
        7345000	       635	8000367c	3fd5	c.jal	80003670	  x1=0x8000367e
        7365000	       637	80003670	a025	c.j	80003698	
        7385000	       639	80003698	ffdff36f	jal	x6,80003694	  x6=0x8000369c
        7405000	       641	80003694	a809	c.j	800036a6	
        7425000	       643	800036a6	3fc5	c.jal	80003696	  x1=0x800036a8
        7445000	       645	80003696	3ff1	c.jal	80003672	  x1=0x80003698
        7465000	       647	80003672	a011	c.j	80003676	
        7485000	       649	80003676	2801	c.jal	80003686	  x1=0x80003678
        7515000	       652	80003686	fffff0ef	jal	x1,80003684	  x1=0x8000368a
        7535000	       654	80003684	b7ed	c.j	8000366e	
        7555000	       656	8000366e	a835	c.j	800036aa	
        7585000	       659	800036aa	017318b3	sll	x17,x6,x23	  x6:0x8000369c x23:0x0fb0aaeb x17=0x01b4e000
        7595000	       660	800036ae	038001ef	jal	x3,800036e6	  x3=0x800036b2
        7625000	       663	800036e6	fedff0ef	jal	x1,800036d2	  x1=0x800036ea
        7645000	       665	800036d2	bfcd	c.j	800036c4	
        7665000	       667	800036c4	020000ef	jal	x1,800036e4	  x1=0x800036c8
        7685000	       669	800036e4	3fdd	c.jal	800036da	  x1=0x800036e6
        7715000	       672	800036da	fdbff36f	jal	x6,800036b4	  x6=0x800036de
        7735000	       674	800036b4	a009	c.j	800036b6	
        7755000	       676	800036b6	2819	c.jal	800036cc	  x1=0x800036b8
        7775000	       678	800036cc	a811	c.j	800036e0	
        7795000	       680	800036e0	3fe1	c.jal	800036b8	  x1=0x800036e2
        7815000	       682	800036b8	010000ef	jal	x1,800036c8	  x1=0x800036bc
        7835000	       684	800036c8	a039	c.j	800036d6	
        7865000	       687	800036d6	febff16f	jal	x2,800036c0	  x2=0x800036da
        7885000	       689	800036c0	a029	c.j	800036ca	
        7905000	       691	800036ca	2811	c.jal	800036de	  x1=0x800036cc
        7925000	       693	800036de	2011	c.jal	800036e2	  x1=0x800036e0
        7945000	       695	800036e2	b7f5	c.j	800036ce	
        7975000	       698	800036ce	ff5ff0ef	jal	x1,800036c2	  x1=0x800036d2
        7995000	       700	800036c2	3fc5	c.jal	800036b2	  x1=0x800036c4
        8015000	       702	800036b2	a00d	c.j	800036d4	
        8035000	       704	800036d4	b7e5	c.j	800036bc	
        8055000	       706	800036bc	2009	c.jal	800036be	  x1=0x800036be
        8075000	       708	800036be	a035	c.j	800036ea	
        8465000	       747	800036ea	02115ab3	divu	x21,x2,x1	  x2:0x800036da  x1:0x800036be x21=0x00000001
        8475000	       748	800036ee	008001ef	jal	x3,800036f6	  x3=0x800036f2
        8495000	       750	800036f6	a809	c.j	80003708	
        8515000	       752	80003708	bfc5	c.j	800036f8	
        8535000	       754	800036f8	a809	c.j	8000370a	
        8555000	       756	8000370a	2009	c.jal	8000370c	  x1=0x8000370c
        8575000	       758	8000370c	2009	c.jal	8000370e	  x1=0x8000370e
        8595000	       760	8000370e	3fdd	c.jal	80003704	  x1=0x80003710
        8615000	       762	80003704	ff7ff0ef	jal	x1,800036fa	  x1=0x80003708
        8645000	       765	800036fa	0040036f	jal	x6,800036fe	  x6=0x800036fe
        8675000	       768	800036fe	ff5ff36f	jal	x6,800036f2	  x6=0x80003702
        8705000	       771	800036f2	01000aef	jal	x21,80003702	 x21=0x800036f6
        8725000	       773	80003702	a039	c.j	80003710	
        8745000	       775	80003710	8cbd	c.xor	x9,x15	  x9:0x00000000 x15:0x08f4afea  x9=0x08f4afea
        8755000	       776	80003712	016001ef	jal	x3,80003728	  x3=0x80003716
        8775000	       778	80003728	b7fd	c.j	80003716	
        8795000	       780	80003716	a029	c.j	80003720	
        8815000	       782	80003720	2031	c.jal	8000372c	  x1=0x80003722
        8835000	       784	8000372c	bfdd	c.j	80003722	
        8855000	       786	80003722	2021	c.jal	8000372a	  x1=0x80003724
        8875000	       788	8000372a	b7fd	c.j	80003718	
        8895000	       790	80003718	2009	c.jal	8000371a	  x1=0x8000371a
        8925000	       793	8000371a	00a0036f	jal	x6,80003724	  x6=0x8000371e
        8945000	       795	80003724	ffbff0ef	jal	x1,8000371e	  x1=0x80003728
        8965000	       797	8000371e	2801	c.jal	8000372e	  x1=0x80003720
        8985000	       799	8000372e	8121	c.srli	x10,0x8	 x10:0x80003572 x10=0x00800035
        8995000	       800	80003730	04c001ef	jal	x3,8000377c	  x3=0x80003734
        9015000	       802	8000377c	00e000ef	jal	x1,8000378a	  x1=0x80003780
        9035000	       804	8000378a	b7d9	c.j	80003750	
        9055000	       806	80003750	004000ef	jal	x1,80003754	  x1=0x80003754
        9075000	       808	80003754	038000ef	jal	x1,8000378c	  x1=0x80003758
        9095000	       810	8000378c	bfc9	c.j	8000375e	
        9125000	       813	8000375e	fe3ff0ef	jal	x1,80003740	  x1=0x80003762
        9145000	       815	80003740	2831	c.jal	8000375c	  x1=0x80003742
        9165000	       817	8000375c	37dd	c.jal	80003742	  x1=0x8000375e
        9185000	       819	80003742	281d	c.jal	80003778	  x1=0x80003744
        9205000	       821	80003778	fe1ff16f	jal	x2,80003758	  x2=0x8000377c
        9225000	       823	80003758	fedff36f	jal	x6,80003744	  x6=0x8000375c
        9245000	       825	80003744	ff9fffef	jal	x31,8000373c	 x31=0x80003748
        9265000	       827	8000373c	03000bef	jal	x23,8000376c	 x23=0x80003740
        9285000	       829	8000376c	0040016f	jal	x2,80003770	  x2=0x80003770
        9305000	       831	80003770	2811	c.jal	80003784	  x1=0x80003772
        9325000	       833	80003784	2009	c.jal	80003786	  x1=0x80003786
        9345000	       835	80003786	b7d9	c.j	8000374c	
        9365000	       837	8000374c	2835	c.jal	80003788	  x1=0x8000374e
        9385000	       839	80003788	b775	c.j	80003734	
        9405000	       841	80003734	014000ef	jal	x1,80003748	  x1=0x80003738
        9425000	       843	80003748	02e000ef	jal	x1,80003776	  x1=0x8000374c
        9445000	       845	80003776	3fd5	c.jal	8000376a	  x1=0x80003778
        9465000	       847	8000376a	2819	c.jal	80003780	  x1=0x8000376c
        9485000	       849	80003780	ff3ff36f	jal	x6,80003772	  x6=0x80003784
        9515000	       852	80003772	fc7ff36f	jal	x6,80003738	  x6=0x80003776
        9535000	       854	80003738	0300036f	jal	x6,80003768	  x6=0x8000373c
        9555000	       856	80003768	b7dd	c.j	8000374e	
        9575000	       858	8000374e	2811	c.jal	80003762	  x1=0x80003750
        9595000	       860	80003762	2009	c.jal	80003764	  x1=0x80003764
        9615000	       862	80003764	02a008ef	jal	x17,8000378e	 x17=0x80003768
        9645000	       865	8000378e	0086f833	and	x16,x13,x8	 x13:0x00000000  x8:0x80000000 x16=0x00000000
        9655000	       866	80003792	032001ef	jal	x3,800037c4	  x3=0x80003796
        9675000	       868	800037c4	bfcd	c.j	800037b6	
        9695000	       870	800037b6	37dd	c.jal	8000379c	  x1=0x800037b8
        9715000	       872	8000379c	2801	c.jal	800037ac	  x1=0x8000379e
        9735000	       874	800037ac	a819	c.j	800037c2	
        9755000	       876	800037c2	b7c5	c.j	800037a2	
        9785000	       879	800037a2	ff5ff0ef	jal	x1,80003796	  x1=0x800037a6
        9805000	       881	80003796	a015	c.j	800037ba	
        9835000	       884	800037ba	fe5ff36f	jal	x6,8000379e	  x6=0x800037be
        9865000	       887	8000379e	010000ef	jal	x1,800037ae	  x1=0x800037a2
        9885000	       889	800037ae	2029	c.jal	800037b8	  x1=0x800037b0
        9905000	       891	800037b8	a021	c.j	800037c0	
        9925000	       893	800037c0	bffd	c.j	800037be	
        9945000	       895	800037be	3fcd	c.jal	800037b0	  x1=0x800037c0
        9965000	       897	800037b0	ffbff0ef	jal	x1,800037aa	  x1=0x800037b4
        9985000	       899	800037aa	37fd	c.jal	80003798	  x1=0x800037ac
       10005000	       901	80003798	00e001ef	jal	x3,800037a6	  x3=0x8000379c
       10035000	       904	800037a6	0200036f	jal	x6,800037c6	  x6=0x800037aa
       10065000	       907	800037c6	004002ef	jal	x5,800037ca	  x5=0x800037ca
       10095000	       910	800037ca	febff0ef	jal	x1,800037b4	  x1=0x800037ce
       10115000	       912	800037b4	2829	c.jal	800037ce	  x1=0x800037b6
       10145000	       915	800037ce	3403b3f3	csrrc	x7,mscratch,x7	  x7:0x00000000  x7=0x00000000
       10155000	       916	800037d2	028001ef	jal	x3,800037fa	  x3=0x800037d6
       10185000	       919	800037fa	fe7ff0ef	jal	x1,800037e0	  x1=0x800037fe
       10205000	       921	800037e0	00c000ef	jal	x1,800037ec	  x1=0x800037e4
       10225000	       923	800037ec	ffbff0ef	jal	x1,800037e6	  x1=0x800037f0
       10245000	       925	800037e6	2031	c.jal	800037f2	  x1=0x800037e8
       10275000	       928	800037f2	fe5ff0ef	jal	x1,800037d6	  x1=0x800037f6
       10305000	       931	800037d6	00e0036f	jal	x6,800037e4	  x6=0x800037da
       10325000	       933	800037e4	bfe5	c.j	800037dc	
       10345000	       935	800037dc	a009	c.j	800037de	
       10365000	       937	800037de	2829	c.jal	800037f8	  x1=0x800037e0
       10385000	       939	800037f8	3fcd	c.jal	800037ea	  x1=0x800037fa
       10405000	       941	800037ea	2019	c.jal	800037f0	  x1=0x800037ec
       10425000	       943	800037f0	bfe5	c.j	800037e8	
       10445000	       945	800037e8	bfcd	c.j	800037da	
       10465000	       947	800037da	a831	c.j	800037f6	
       10485000	       949	800037f6	2021	c.jal	800037fe	  x1=0x800037f8
       10515000	       952	800037fe	c4542213	slti	x4,x8,-955	  x8:0x80000000  x4=0x00000001
       10525000	       953	80003802	010001ef	jal	x3,80003812	  x3=0x80003806
       10555000	       956	80003812	010002ef	jal	x5,80003822	  x5=0x80003816
       10575000	       958	80003822	200d	c.jal	80003844	  x1=0x80003824
       10595000	       960	80003844	bffd	c.j	80003842	
       10615000	       962	80003842	3fcd	c.jal	80003834	  x1=0x80003844
       10635000	       964	80003834	b7dd	c.j	8000381a	
       10665000	       967	8000381a	00a000ef	jal	x1,80003824	  x1=0x8000381e
       10685000	       969	80003824	b7f5	c.j	80003810	
       10705000	       971	80003810	2831	c.jal	8000382c	  x1=0x80003812
       10725000	       973	8000382c	01000def	jal	x27,8000383c	 x27=0x80003830
       10745000	       975	8000383c	3fe9	c.jal	80003816	  x1=0x8000383e
       10775000	       978	80003816	02800bef	jal	x23,8000383e	 x23=0x8000381a
       10805000	       981	8000383e	fcdff0ef	jal	x1,8000380a	  x1=0x80003842
       10825000	       983	8000380a	2089	c.jal	8000384c	  x1=0x8000380c
       10845000	       985	8000384c	b7f5	c.j	80003838	
       10865000	       987	80003838	012002ef	jal	x5,8000384a	  x5=0x8000383c
       10885000	       989	8000384a	bfd1	c.j	8000381e	
       10915000	       992	8000381e	fe9ffd6f	jal	x26,80003806	 x26=0x80003822
       10945000	       995	80003806	020000ef	jal	x1,80003826	  x1=0x8000380a
       10975000	       998	80003826	fe9ff36f	jal	x6,8000380e	  x6=0x8000382a
       10995000	      1000	8000380e	bffd	c.j	8000380c	
       11015000	      1002	8000380c	a82d	c.j	80003846	
       11045000	      1005	80003846	fe5ff0ef	jal	x1,8000382a	  x1=0x8000384a
       11065000	      1007	8000382a	2019	c.jal	80003830	  x1=0x8000382c
       11085000	      1009	80003830	0060036f	jal	x6,80003836	  x6=0x80003834
       11105000	      1011	80003836	a821	c.j	8000384e	
       11135000	      1014	8000384e	340ea9f3	csrrs	x19,mscratch,x29	 x29:0x00000000 x19=0x00000000
       11145000	      1015	80003852	022001ef	jal	x3,80003874	  x3=0x80003856
       11165000	      1017	80003874	fedff0ef	jal	x1,80003860	  x1=0x80003878
       11185000	      1019	80003860	2009	c.jal	80003862	  x1=0x80003862
       11205000	      1021	80003862	a029	c.j	8000386c	
       11225000	      1023	8000386c	3ffd	c.jal	8000386a	  x1=0x8000386e
       11245000	      1025	8000386a	a811	c.j	8000387e	
       11265000	      1027	8000387e	bff1	c.j	8000385a	
       11285000	      1029	8000385a	bff5	c.j	80003856	
       11315000	      1032	80003856	018000ef	jal	x1,8000386e	  x1=0x8000385a
       11345000	      1035	8000386e	ff9ff0ef	jal	x1,80003866	  x1=0x80003872
       11375000	      1038	80003866	014000ef	jal	x1,8000387a	  x1=0x8000386a
       11395000	      1040	8000387a	a009	c.j	8000387c	
       11415000	      1042	8000387c	37cd	c.jal	8000385e	  x1=0x8000387e
       11435000	      1044	8000385e	200d	c.jal	80003880	  x1=0x80003860
       11455000	      1046	80003880	ff3ff0ef	jal	x1,80003872	  x1=0x80003884
       11475000	      1048	80003872	2019	c.jal	80003878	  x1=0x80003874
       11495000	      1050	80003878	37d5	c.jal	8000385c	  x1=0x8000387a
       11515000	      1052	8000385c	2021	c.jal	80003864	  x1=0x8000385e
       11535000	      1054	80003864	a005	c.j	80003884	
       11555000	      1056	80003884	c35d4d13	xori	x26,x26,-971	 x26:0x80003822 x26=0x7fffc417
       11565000	      1057	80003888	026001ef	jal	x3,800038ae	  x3=0x8000388c
       11595000	      1060	800038ae	fe3ff0ef	jal	x1,80003890	  x1=0x800038b2
       11615000	      1062	80003890	2029	c.jal	8000389a	  x1=0x80003892
       11635000	      1064	8000389a	a039	c.j	800038a8	
       11655000	      1066	800038a8	ff7ff36f	jal	x6,8000389e	  x6=0x800038ac
       11675000	      1068	8000389e	a011	c.j	800038a2	
       11695000	      1070	800038a2	bfc5	c.j	80003892	
       11725000	      1073	80003892	0240036f	jal	x6,800038b6	  x6=0x80003896
       11745000	      1075	800038b6	b7dd	c.j	8000389c	
       11765000	      1077	8000389c	3fed	c.jal	80003896	  x1=0x8000389e
       11785000	      1079	80003896	a009	c.j	80003898	
       11805000	      1081	80003898	3fd5	c.jal	8000388c	  x1=0x8000389a
       11825000	      1083	8000388c	0260086f	jal	x16,800038b2	 x16=0x80003890
       11855000	      1086	800038b2	ff3ff0ef	jal	x1,800038a4	  x1=0x800038b6
       11875000	      1088	800038a4	008000ef	jal	x1,800038ac	  x1=0x800038a8
       11895000	      1090	800038ac	bfd5	c.j	800038a0	
       11915000	      1092	800038a0	a821	c.j	800038b8	
       11955000	      1096	800038b8	03ae81b3	mul	x3,x29,x26	 x29:0x00000000 x26:0x7fffc417  x3=0x00000000
       11965000	      1097	800038bc	022001ef	jal	x3,800038de	  x3=0x800038c0
       11985000	      1099	800038de	2801	c.jal	800038ee	  x1=0x800038e0
       12005000	      1101	800038ee	a011	c.j	800038f2	
       12025000	      1103	800038f2	3fe9	c.jal	800038cc	  x1=0x800038f4
       12045000	      1105	800038cc	01800c6f	jal	x24,800038e4	 x24=0x800038d0
       12065000	      1107	800038e4	b7dd	c.j	800038ca	
       12085000	      1109	800038ca	a831	c.j	800038e6	
       12115000	      1112	800038e6	ffdff36f	jal	x6,800038e2	  x6=0x800038ea
       12135000	      1114	800038e2	2839	c.jal	80003900	  x1=0x800038e4
       12155000	      1116	80003900	ff7ff0ef	jal	x1,800038f6	  x1=0x80003904
       12185000	      1119	800038f6	fe1ff36f	jal	x6,800038d6	  x6=0x800038fa
       12215000	      1122	800038d6	febffd6f	jal	x26,800038c0	 x26=0x800038da
       12235000	      1124	800038c0	2815	c.jal	800038f4	  x1=0x800038c2
       12255000	      1126	800038f4	37f5	c.jal	800038e0	  x1=0x800038f6
       12275000	      1128	800038e0	3fc5	c.jal	800038d0	  x1=0x800038e2
       12295000	      1130	800038d0	0360036f	jal	x6,80003906	  x6=0x800038d4
       12325000	      1133	80003906	fd5ff0ef	jal	x1,800038da	  x1=0x8000390a
       12345000	      1135	800038da	2009	c.jal	800038dc	  x1=0x800038dc
       12365000	      1137	800038dc	2039	c.jal	800038ea	  x1=0x800038de
       12385000	      1139	800038ea	bfe1	c.j	800038c2	
       12405000	      1141	800038c2	a82d	c.j	800038fc	
       12425000	      1143	800038fc	fc9ff0ef	jal	x1,800038c4	  x1=0x80003900
       12445000	      1145	800038c4	281d	c.jal	800038fa	  x1=0x800038c6
       12465000	      1147	800038fa	b7f1	c.j	800038c6	
       12495000	      1150	800038c6	0260036f	jal	x6,800038ec	  x6=0x800038ca
       12515000	      1152	800038ec	a821	c.j	80003904	
       12535000	      1154	80003904	37f5	c.jal	800038f0	  x1=0x80003906
       12555000	      1156	800038f0	37d5	c.jal	800038d4	  x1=0x800038f2
       12575000	      1158	800038d4	281d	c.jal	8000390a	  x1=0x800038d6
       12595000	      1160	8000390a	8ebd	c.xor	x13,x15	 x13:0x00000000 x15:0x08f4afea x13=0x08f4afea
       12605000	      1161	8000390c	01a001ef	jal	x3,80003926	  x3=0x80003910
       12625000	      1163	80003926	3fed	c.jal	80003920	  x1=0x80003928
       12645000	      1165	80003920	3ff5	c.jal	8000391c	  x1=0x80003922
       12665000	      1167	8000391c	2009	c.jal	8000391e	  x1=0x8000391e
       12685000	      1169	8000391e	2035	c.jal	8000394a	  x1=0x80003920
       12705000	      1171	8000394a	bfed	c.j	80003944	
       12725000	      1173	80003944	b7f1	c.j	80003910	
       12745000	      1175	80003910	2821	c.jal	80003928	  x1=0x80003912
       12765000	      1177	80003928	00c006ef	jal	x13,80003934	 x13=0x8000392c
       12785000	      1179	80003934	bff5	c.j	80003930	
       12805000	      1181	80003930	ff3ff0ef	jal	x1,80003922	  x1=0x80003934
       12835000	      1184	80003922	01e000ef	jal	x1,80003940	  x1=0x80003926
       12855000	      1186	80003940	37f5	c.jal	8000392c	  x1=0x80003942
       12875000	      1188	8000392c	020000ef	jal	x1,8000394c	  x1=0x80003930
       12895000	      1190	8000394c	bfed	c.j	80003946	
       12925000	      1193	80003946	ff1ff3ef	jal	x7,80003936	  x7=0x8000394a
       12955000	      1196	80003936	fddffb6f	jal	x22,80003912	 x22=0x8000393a
       12975000	      1198	80003912	a009	c.j	80003914	
       12995000	      1200	80003914	004000ef	jal	x1,80003918	  x1=0x80003918
       13015000	      1202	80003918	022000ef	jal	x1,8000393a	  x1=0x8000391c
       13035000	      1204	8000393a	2021	c.jal	80003942	  x1=0x8000393c
       13055000	      1206	80003942	bfed	c.j	8000393c	
       13075000	      1208	8000393c	01200f6f	jal	x30,8000394e	 x30=0x80003940
       13105000	      1211	8000394e	681d4713	xori	x14,x26,1665	 x26:0x800038da x14=0x80003e5b
       13115000	      1212	80003952	01e001ef	jal	x3,80003970	  x3=0x80003956
       13135000	      1214	80003970	2029	c.jal	8000397a	  x1=0x80003972
       13165000	      1217	8000397a	fefff36f	jal	x6,80003968	  x6=0x8000397e
       13185000	      1219	80003968	016009ef	jal	x19,8000397e	 x19=0x8000396c
       13215000	      1222	8000397e	fe7ff0ef	jal	x1,80003964	  x1=0x80003982
       13235000	      1224	80003964	bffd	c.j	80003962	
       13255000	      1226	80003962	3fed	c.jal	8000395c	  x1=0x80003964
       13275000	      1228	8000395c	2829	c.jal	80003976	  x1=0x8000395e
       13295000	      1230	80003976	3fe5	c.jal	8000396e	  x1=0x80003978
       13315000	      1232	8000396e	37ed	c.jal	80003958	  x1=0x80003970
       13335000	      1234	80003958	01c00cef	jal	x25,80003974	 x25=0x8000395c
       13355000	      1236	80003974	a011	c.j	80003978	
       13375000	      1238	80003978	b7fd	c.j	80003966	
       13395000	      1240	80003966	3fe5	c.jal	8000395e	  x1=0x80003968
       13425000	      1243	8000395e	01400aef	jal	x21,80003972	 x21=0x80003962
       13445000	      1245	80003972	b7d5	c.j	80003956	
       13465000	      1247	80003956	2819	c.jal	8000396c	  x1=0x80003958
       13485000	      1249	8000396c	a819	c.j	80003982	
       13505000	      1251	80003982	a009	c.j	80003984	
       13545000	      1255	80003984	021f0db3	mul	x27,x30,x1	 x30:0x80003940  x1:0x80003958 x27=0x0cd2ee00
       13555000	      1256	80003988	014001ef	jal	x3,8000399c	  x3=0x8000398c
       13575000	      1258	8000399c	bfdd	c.j	80003992	
       13605000	      1261	80003992	00c0036f	jal	x6,8000399e	  x6=0x80003996
       13625000	      1263	8000399e	bfc5	c.j	8000398e	
       13655000	      1266	8000398e	fffff0ef	jal	x1,8000398c	  x1=0x80003992
       13675000	      1268	8000398c	2821	c.jal	800039a4	  x1=0x8000398e
       13695000	      1270	800039a4	bfcd	c.j	80003996	
       13725000	      1273	80003996	00c000ef	jal	x1,800039a2	  x1=0x8000399a
       13745000	      1275	800039a2	bfe5	c.j	8000399a	
       13765000	      1277	8000399a	2019	c.jal	800039a0	  x1=0x8000399c
       13785000	      1279	800039a0	a019	c.j	800039a6	
       13805000	      1281	800039a6	717d	c.addi16sp	x2,-16	  x2:0x80003770  x2=0x80003760
       13815000	      1282	800039a8	010001ef	jal	x3,800039b8	  x3=0x800039ac
       13835000	      1284	800039b8	3fed	c.jal	800039b2	  x1=0x800039ba
       13865000	      1287	800039b2	01c0036f	jal	x6,800039ce	  x6=0x800039b6
       13885000	      1289	800039ce	37f5	c.jal	800039ba	  x1=0x800039d0
       13905000	      1291	800039ba	a021	c.j	800039c2	
       13935000	      1294	800039c2	febff36f	jal	x6,800039ac	  x6=0x800039c6
       13955000	      1296	800039ac	2009	c.jal	800039ae	  x1=0x800039ae
       13975000	      1298	800039ae	2039	c.jal	800039bc	  x1=0x800039b0
       13995000	      1300	800039bc	00a00fef	jal	x31,800039c6	 x31=0x800039c0
       14025000	      1303	800039c6	004004ef	jal	x9,800039ca	  x9=0x800039ca
       14045000	      1305	800039ca	b7f5	c.j	800039b6	
       14065000	      1307	800039b6	200d	c.jal	800039d8	  x1=0x800039b8
       14085000	      1309	800039d8	37e5	c.jal	800039c0	  x1=0x800039da
       14105000	      1311	800039c0	2819	c.jal	800039d6	  x1=0x800039c2
       14125000	      1313	800039d6	3fdd	c.jal	800039cc	  x1=0x800039d8
       14145000	      1315	800039cc	2011	c.jal	800039d0	  x1=0x800039ce
       14165000	      1317	800039d0	2009	c.jal	800039d2	  x1=0x800039d2
       14185000	      1319	800039d2	2009	c.jal	800039d4	  x1=0x800039d4
       14205000	      1321	800039d4	3ff1	c.jal	800039b0	  x1=0x800039d6
       14225000	      1323	800039b0	a02d	c.j	800039da	
       14255000	      1326	800039da	45744837	lui	x16,0x45744	 x16=0x45744000
       14265000	      1327	800039de	030001ef	jal	x3,80003a0e	  x3=0x800039e2
       14295000	      1330	80003a0e	00c00f6f	jal	x30,80003a1a	 x30=0x80003a12
       14315000	      1332	80003a1a	bfe5	c.j	80003a12	
       14335000	      1334	80003a12	bfc5	c.j	80003a02	
       14355000	      1336	80003a02	a01d	c.j	80003a28	
       14375000	      1338	80003a28	b7d5	c.j	80003a0c	
       14395000	      1340	80003a0c	b7dd	c.j	800039f2	
       14425000	      1343	800039f2	012007ef	jal	x15,80003a04	 x15=0x800039f6
       14445000	      1345	80003a04	201d	c.jal	80003a2a	  x1=0x80003a06
       14465000	      1347	80003a2a	bff1	c.j	80003a06	
       14495000	      1350	80003a06	ff5ff0ef	jal	x1,800039fa	  x1=0x80003a0a
       14525000	      1353	800039fa	02c000ef	jal	x1,80003a26	  x1=0x800039fe
       14545000	      1355	80003a26	3fe9	c.jal	80003a00	  x1=0x80003a28
       14565000	      1357	80003a00	b7d5	c.j	800039e4	
       14585000	      1359	800039e4	a009	c.j	800039e6	
       14615000	      1362	800039e6	00600f6f	jal	x30,800039ec	 x30=0x800039ea
       14635000	      1364	800039ec	0120036f	jal	x6,800039fe	  x6=0x800039f0
       14655000	      1366	800039fe	a01d	c.j	80003a24	
       14675000	      1368	80003a24	bff5	c.j	80003a20	
       14695000	      1370	80003a20	fcbff7ef	jal	x15,800039ea	 x15=0x80003a24
       14715000	      1372	800039ea	3fe5	c.jal	800039e2	  x1=0x800039ec
       14735000	      1374	800039e2	282d	c.jal	80003a1c	  x1=0x800039e4
       14755000	      1376	80003a1c	fefff0ef	jal	x1,80003a0a	  x1=0x80003a20
       14775000	      1378	80003a0a	b7fd	c.j	800039f8	
       14795000	      1380	800039f8	a831	c.j	80003a14	
       14815000	      1382	80003a14	004000ef	jal	x1,80003a18	  x1=0x80003a18
       14835000	      1384	80003a18	bfe1	c.j	800039f0	
       14855000	      1386	800039f0	a019	c.j	800039f6	
       14875000	      1388	800039f6	281d	c.jal	80003a2c	  x1=0x800039f8
       14925000	      1393	80003a2c	03852bb3	mulhsu	x23,x10,x24	 x10:0x00800035 x24:0x800038d0 x23=0x00400036
       14935000	      1394	80003a30	020001ef	jal	x3,80003a50	  x3=0x80003a34
       14955000	      1396	80003a50	3fc5	c.jal	80003a40	  x1=0x80003a52
       14975000	      1398	80003a40	2021	c.jal	80003a48	  x1=0x80003a42
       14995000	      1400	80003a48	00600f6f	jal	x30,80003a4e	 x30=0x80003a4c
       15015000	      1402	80003a4e	2029	c.jal	80003a58	  x1=0x80003a50
       15035000	      1404	80003a58	37f5	c.jal	80003a44	  x1=0x80003a5a
       15055000	      1406	80003a44	018000ef	jal	x1,80003a5c	  x1=0x80003a48
       15075000	      1408	80003a5c	3fed	c.jal	80003a56	  x1=0x80003a5e
       15095000	      1410	80003a56	3fdd	c.jal	80003a4c	  x1=0x80003a58
       15115000	      1412	80003a4c	3fc5	c.jal	80003a3c	  x1=0x80003a4e
       15135000	      1414	80003a3c	016000ef	jal	x1,80003a52	  x1=0x80003a40
       15155000	      1416	80003a52	b7dd	c.j	80003a38	
       15175000	      1418	80003a38	00a000ef	jal	x1,80003a42	  x1=0x80003a3c
       15195000	      1420	80003a42	a831	c.j	80003a5e	
       15225000	      1423	80003a5e	fd7ff0ef	jal	x1,80003a34	  x1=0x80003a62
       15245000	      1425	80003a34	a01d	c.j	80003a5a	
       15265000	      1427	80003a5a	a021	c.j	80003a62	
       15285000	      1429	80003a62	bfd1	c.j	80003a36	
       15305000	      1431	80003a36	2839	c.jal	80003a54	  x1=0x80003a38
       15325000	      1433	80003a54	a801	c.j	80003a64	
       15345000	      1435	80003a64	8d05	c.sub	x10,x9	 x10:0x00800035  x9:0x800039ca x10=0x807fc66b
       15355000	      1436	80003a66	00c001ef	jal	x3,80003a72	  x3=0x80003a6a
       15375000	      1438	80003a72	3ffd	c.jal	80003a70	  x1=0x80003a74
       15395000	      1440	80003a70	2011	c.jal	80003a74	  x1=0x80003a72
       15415000	      1442	80003a74	00800cef	jal	x25,80003a7c	 x25=0x80003a78
       15435000	      1444	80003a7c	bffd	c.j	80003a7a	
       15455000	      1446	80003a7a	2809	c.jal	80003a8c	  x1=0x80003a7c
       15475000	      1448	80003a8c	ff3ff26f	jal	x4,80003a7e	  x4=0x80003a90
       15495000	      1450	80003a7e	a009	c.j	80003a80	
       15515000	      1452	80003a80	a009	c.j	80003a82	
       15545000	      1455	80003a82	0040026f	jal	x4,80003a86	  x4=0x80003a86
       15565000	      1457	80003a86	3fcd	c.jal	80003a78	  x1=0x80003a88
       15585000	      1459	80003a78	bfcd	c.j	80003a6a	
       15615000	      1462	80003a6a	01e00f6f	jal	x30,80003a88	 x30=0x80003a6e
       15635000	      1464	80003a88	fe7ff0ef	jal	x1,80003a6e	  x1=0x80003a8c
       15655000	      1466	80003a6e	a00d	c.j	80003a90	
       15675000	      1468	80003a90	997d	c.andi	x10,-1	 x10:0x807fc66b x10=0x807fc66b
       15685000	      1469	80003a92	048001ef	jal	x3,80003ada	  x3=0x80003a96
       15705000	      1471	80003ada	bff1	c.j	80003ab6	
       15725000	      1473	80003ab6	a821	c.j	80003ace	
       15745000	      1475	80003ace	bfd5	c.j	80003ac2	
       15775000	      1478	80003ac2	fedff0ef	jal	x1,80003aae	  x1=0x80003ac6
       15795000	      1480	80003aae	bfe5	c.j	80003aa6	
       15815000	      1482	80003aa6	3fed	c.jal	80003aa0	  x1=0x80003aa8
       15835000	      1484	80003aa0	a021	c.j	80003aa8	
       15855000	      1486	80003aa8	2819	c.jal	80003abe	  x1=0x80003aaa
       15885000	      1489	80003abe	008000ef	jal	x1,80003ac6	  x1=0x80003ac2
       15905000	      1491	80003ac6	bff1	c.j	80003aa2	
       15935000	      1494	80003aa2	016001ef	jal	x3,80003ab8	  x3=0x80003aa6
       15955000	      1496	80003ab8	a801	c.j	80003ac8	
       15975000	      1498	80003ac8	ff3ff36f	jal	x6,80003aba	  x6=0x80003acc
       16005000	      1501	80003aba	012000ef	jal	x1,80003acc	  x1=0x80003abe
       16025000	      1503	80003acc	37f9	c.jal	80003a9a	  x1=0x80003ace
       16045000	      1505	80003a9a	3ff5	c.jal	80003a96	  x1=0x80003a9c
       16065000	      1507	80003a96	2811	c.jal	80003aaa	  x1=0x80003a98
       16095000	      1510	80003aaa	fefff4ef	jal	x9,80003a98	  x9=0x80003aae
       16115000	      1512	80003a98	2821	c.jal	80003ab0	  x1=0x80003a9a
       16135000	      1514	80003ab0	b7f5	c.j	80003a9c	
       16155000	      1516	80003a9c	a009	c.j	80003a9e	
       16175000	      1518	80003a9e	280d	c.jal	80003ad0	  x1=0x80003aa0
       16195000	      1520	80003ad0	a031	c.j	80003adc	
       16215000	      1522	80003adc	bff5	c.j	80003ad8	
       16235000	      1524	80003ad8	3fed	c.jal	80003ad2	  x1=0x80003ada
       16265000	      1527	80003ad2	004002ef	jal	x5,80003ad6	  x5=0x80003ad6
       16285000	      1529	80003ad6	bff1	c.j	80003ab2	
       16315000	      1532	80003ab2	02c003ef	jal	x7,80003ade	  x7=0x80003ab6
       16345000	      1535	80003ade	913a4c13	xori	x24,x20,-1773	 x20:0x800035e6 x24=0x7fffccf5
       16355000	      1536	80003ae2	01a001ef	jal	x3,80003afc	  x3=0x80003ae6
       16375000	      1538	80003afc	2801	c.jal	80003b0c	  x1=0x80003afe
       16395000	      1540	80003b0c	a839	c.j	80003b2a	
       16415000	      1542	80003b2a	bfe5	c.j	80003b22	
       16435000	      1544	80003b22	3fdd	c.jal	80003b18	  x1=0x80003b24
       16455000	      1546	80003b18	bff9	c.j	80003af6	
       16485000	      1549	80003af6	ff1ff0ef	jal	x1,80003ae6	  x1=0x80003afa
       16505000	      1551	80003ae6	2009	c.jal	80003ae8	  x1=0x80003ae8
       16525000	      1553	80003ae8	a00d	c.j	80003b0a	
       16545000	      1555	80003b0a	2801	c.jal	80003b1a	  x1=0x80003b0c
       16565000	      1557	80003b1a	3fd9	c.jal	80003af0	  x1=0x80003b1c
       16585000	      1559	80003af0	2005	c.jal	80003b10	  x1=0x80003af2
       16605000	      1561	80003b10	bfe9	c.j	80003aea	
       16625000	      1563	80003aea	2801	c.jal	80003afa	  x1=0x80003aec
       16645000	      1565	80003afa	a03d	c.j	80003b28	
       16665000	      1567	80003b28	3fe9	c.jal	80003b02	  x1=0x80003b2a
       16695000	      1570	80003b02	02a000ef	jal	x1,80003b2c	  x1=0x80003b06
       16715000	      1572	80003b2c	3fe9	c.jal	80003b06	  x1=0x80003b2e
       16735000	      1574	80003b06	37dd	c.jal	80003aec	  x1=0x80003b08
       16755000	      1576	80003aec	0380036f	jal	x6,80003b24	  x6=0x80003af0
       16775000	      1578	80003b24	ff9ff36f	jal	x6,80003b1c	  x6=0x80003b28
       16795000	      1580	80003b1c	fd7ff36f	jal	x6,80003af2	  x6=0x80003b20
       16825000	      1583	80003af2	016000ef	jal	x1,80003b08	  x1=0x80003af6
       16845000	      1585	80003b08	a821	c.j	80003b20	
       16865000	      1587	80003b20	3fcd	c.jal	80003b12	  x1=0x80003b22
       16885000	      1589	80003b12	2831	c.jal	80003b2e	  x1=0x80003b14
       16905000	      1591	80003b2e	37c5	c.jal	80003b0e	  x1=0x80003b30
       16925000	      1593	80003b0e	bfc5	c.j	80003afe	
       16955000	      1596	80003afe	016000ef	jal	x1,80003b14	  x1=0x80003b02
       16975000	      1598	80003b14	01c000ef	jal	x1,80003b30	  x1=0x80003b18
       17025000	      1603	80003b30	03f39533	mulh	x10,x7,x31	  x7:0x80003ab6 x31:0x800039c0 x10=0x3fffc5c5
       17035000	      1604	80003b34	010001ef	jal	x3,80003b44	  x3=0x80003b38
       17055000	      1606	80003b44	00e00c6f	jal	x24,80003b52	 x24=0x80003b48
       17085000	      1609	80003b52	fedff0ef	jal	x1,80003b3e	  x1=0x80003b56
       17105000	      1611	80003b3e	a039	c.j	80003b4c	
       17125000	      1613	80003b4c	3fc5	c.jal	80003b3c	  x1=0x80003b4e
       17145000	      1615	80003b3c	2011	c.jal	80003b40	  x1=0x80003b3e
       17165000	      1617	80003b40	00e000ef	jal	x1,80003b4e	  x1=0x80003b44
       17185000	      1619	80003b4e	a009	c.j	80003b50	
       17205000	      1621	80003b50	b7e5	c.j	80003b38	
       17225000	      1623	80003b38	012000ef	jal	x1,80003b4a	  x1=0x80003b3c
       17245000	      1625	80003b4a	bffd	c.j	80003b48	
       17265000	      1627	80003b48	2039	c.jal	80003b56	  x1=0x80003b4a
       17295000	      1630	80003b56	0040036f	jal	x6,80003b5a	  x6=0x80003b5a
       17315000	      1632	80003b5a	81b9	c.srli	x11,0xe	 x11:0x00000000 x11=0x00000000
       17325000	      1633	80003b5c	038001ef	jal	x3,80003b94	  x3=0x80003b60
       17345000	      1635	80003b94	b7f1	c.j	80003b60	
       17365000	      1637	80003b60	024000ef	jal	x1,80003b84	  x1=0x80003b64
       17385000	      1639	80003b84	ff9ff2ef	jal	x5,80003b7c	  x5=0x80003b88
       17405000	      1641	80003b7c	fefff1ef	jal	x3,80003b6a	  x3=0x80003b80
       17425000	      1643	80003b6a	2019	c.jal	80003b70	  x1=0x80003b6c
       17445000	      1645	80003b70	fffffd6f	jal	x26,80003b6e	 x26=0x80003b74
       17465000	      1647	80003b6e	a829	c.j	80003b88	
       17485000	      1649	80003b88	bfc5	c.j	80003b78	
       17505000	      1651	80003b78	fedff36f	jal	x6,80003b64	  x6=0x80003b7c
       17525000	      1653	80003b64	2035	c.jal	80003b90	  x1=0x80003b66
       17545000	      1655	80003b90	fe5ff0ef	jal	x1,80003b74	  x1=0x80003b94
       17565000	      1657	80003b74	016000ef	jal	x1,80003b8a	  x1=0x80003b78
       17585000	      1659	80003b8a	b7cd	c.j	80003b6c	
       17605000	      1661	80003b6c	3fed	c.jal	80003b66	  x1=0x80003b6e
       17625000	      1663	80003b66	2025	c.jal	80003b8e	  x1=0x80003b68
       17645000	      1665	80003b8e	bffd	c.j	80003b8c	
       17665000	      1667	80003b8c	a029	c.j	80003b96	
       17695000	      1670	80003b96	febff0ef	jal	x1,80003b80	  x1=0x80003b9a
       17715000	      1672	80003b80	fe9ff0ef	jal	x1,80003b68	  x1=0x80003b84
       17735000	      1674	80003b68	280d	c.jal	80003b9a	  x1=0x80003b6a
       17755000	      1676	80003b9a	a009	c.j	80003b9c	
       17775000	      1678	80003b9c	0a85	c.addi	x21,1	 x21:0x80003962 x21=0x80003963
       17785000	      1679	80003b9e	048001ef	jal	x3,80003be6	  x3=0x80003ba2
       17805000	      1681	80003be6	bfe1	c.j	80003bbe	
       17825000	      1683	80003bbe	bfe5	c.j	80003bb6	
       17855000	      1686	80003bb6	004000ef	jal	x1,80003bba	  x1=0x80003bba
       17875000	      1688	80003bba	a039	c.j	80003bc8	
       17895000	      1690	80003bc8	00a000ef	jal	x1,80003bd2	  x1=0x80003bcc
       17925000	      1693	80003bd2	fe3ff0ef	jal	x1,80003bb4	  x1=0x80003bd6
       17945000	      1695	80003bb4	bff5	c.j	80003bb0	
       17965000	      1697	80003bb0	ff7ff0ef	jal	x1,80003ba6	  x1=0x80003bb4
       17985000	      1699	80003ba6	202d	c.jal	80003bd0	  x1=0x80003ba8
       18005000	      1701	80003bd0	3ff5	c.jal	80003bcc	  x1=0x80003bd2
       18025000	      1703	80003bcc	ff7ff36f	jal	x6,80003bc2	  x6=0x80003bd0
       18055000	      1706	80003bc2	018000ef	jal	x1,80003bda	  x1=0x80003bc6
       18075000	      1708	80003bda	2011	c.jal	80003bde	  x1=0x80003bdc
       18105000	      1711	80003bde	fcfff0ef	jal	x1,80003bac	  x1=0x80003be2
       18125000	      1713	80003bac	030000ef	jal	x1,80003bdc	  x1=0x80003bb0
       18145000	      1715	80003bdc	37ed	c.jal	80003bc6	  x1=0x80003bde
       18165000	      1717	80003bc6	bfdd	c.j	80003bbc	
       18185000	      1719	80003bbc	37dd	c.jal	80003ba2	  x1=0x80003bbe
       18215000	      1722	80003ba2	0060036f	jal	x6,80003ba8	  x6=0x80003ba6
       18235000	      1724	80003ba8	02e000ef	jal	x1,80003bd6	  x1=0x80003bac
       18265000	      1727	80003bd6	febff0ef	jal	x1,80003bc0	  x1=0x80003bda
       18285000	      1729	80003bc0	a00d	c.j	80003be2	
       18315000	      1732	80003be2	006005ef	jal	x11,80003be8	 x11=0x80003be6
       18335000	      1734	80003be8	34007df3	csrrci	x27,mscratch,0	 x27=0x00000000
       18345000	      1735	80003bec	028001ef	jal	x3,80003c14	  x3=0x80003bf0
       18365000	      1737	80003c14	ff3ff0ef	jal	x1,80003c06	  x1=0x80003c18
       18395000	      1740	80003c06	ff9ff36f	jal	x6,80003bfe	  x6=0x80003c0a
       18425000	      1743	80003bfe	012000ef	jal	x1,80003c10	  x1=0x80003c02
       18445000	      1745	80003c10	b7dd	c.j	80003bf6	
       18475000	      1748	80003bf6	02800d6f	jal	x26,80003c1e	 x26=0x80003bfa
       18495000	      1750	80003c1e	b7fd	c.j	80003c0c	
       18515000	      1752	80003c0c	2019	c.jal	80003c12	  x1=0x80003c0e
       18535000	      1754	80003c12	3ff5	c.jal	80003c0e	  x1=0x80003c14
       18555000	      1756	80003c0e	3ff5	c.jal	80003c0a	  x1=0x80003c10
       18575000	      1758	80003c0a	bfc5	c.j	80003bfa	
       18605000	      1761	80003bfa	01e000ef	jal	x1,80003c18	  x1=0x80003bfe
       18625000	      1763	80003c18	008000ef	jal	x1,80003c20	  x1=0x80003c1c
       18645000	      1765	80003c20	3fc1	c.jal	80003bf0	  x1=0x80003c22
       18665000	      1767	80003bf0	2811	c.jal	80003c04	  x1=0x80003bf2
       18685000	      1769	80003c04	3ffd	c.jal	80003c02	  x1=0x80003c06
       18705000	      1771	80003c02	3fc5	c.jal	80003bf2	  x1=0x80003c04
       18735000	      1774	80003bf2	02a000ef	jal	x1,80003c1c	  x1=0x80003bf6
       18755000	      1776	80003c1c	2019	c.jal	80003c22	  x1=0x80003c1e
       18785000	      1779	80003c22	41acdf13	srai	x30,x25,0x1a	 x25:0x80003a78 x30=0xffffffe0
       18795000	      1780	80003c26	030001ef	jal	x3,80003c56	  x3=0x80003c2a
       18825000	      1783	80003c56	00c006ef	jal	x13,80003c62	 x13=0x80003c5a
       18845000	      1785	80003c62	bfc5	c.j	80003c52	
       18865000	      1787	80003c52	bfe5	c.j	80003c4a	
       18895000	      1790	80003c4a	ff1ff36f	jal	x6,80003c3a	  x6=0x80003c4e
       18915000	      1792	80003c3a	a019	c.j	80003c40	
       18935000	      1794	80003c40	fedff0ef	jal	x1,80003c2c	  x1=0x80003c44
       18955000	      1796	80003c2c	04a000ef	jal	x1,80003c76	  x1=0x80003c30
       18975000	      1798	80003c76	3ff5	c.jal	80003c72	  x1=0x80003c78
       19005000	      1801	80003c72	fc5ff2ef	jal	x5,80003c36	  x5=0x80003c76
       19025000	      1803	80003c36	bff5	c.j	80003c32	
       19055000	      1806	80003c32	ff9ff0ef	jal	x1,80003c2a	  x1=0x80003c36
       19075000	      1808	80003c2a	2839	c.jal	80003c48	  x1=0x80003c2c
       19095000	      1810	80003c48	3fc5	c.jal	80003c38	  x1=0x80003c4a
       19115000	      1812	80003c38	a80d	c.j	80003c6a	
       19135000	      1814	80003c6a	a019	c.j	80003c70	
       19155000	      1816	80003c70	3ff5	c.jal	80003c6c	  x1=0x80003c72
       19175000	      1818	80003c6c	ffbff0ef	jal	x1,80003c66	  x1=0x80003c70
       19205000	      1821	80003c66	ff9ff0ef	jal	x1,80003c5e	  x1=0x80003c6a
       19235000	      1824	80003c5e	0060026f	jal	x4,80003c64	  x4=0x80003c62
       19255000	      1826	80003c64	a819	c.j	80003c7a	
       19285000	      1829	80003c7a	fc5ff0ef	jal	x1,80003c3e	  x1=0x80003c7e
       19305000	      1831	80003c3e	a801	c.j	80003c4e	
       19335000	      1834	80003c4e	00c000ef	jal	x1,80003c5a	  x1=0x80003c52
       19365000	      1837	80003c5a	01e000ef	jal	x1,80003c78	  x1=0x80003c5e
       19385000	      1839	80003c78	bff1	c.j	80003c54	
       19405000	      1841	80003c54	bfc5	c.j	80003c44	
       19425000	      1843	80003c44	ff9ff36f	jal	x6,80003c3c	  x6=0x80003c48
       19445000	      1845	80003c3c	bfd5	c.j	80003c30	
       19465000	      1847	80003c30	a0b9	c.j	80003c7e	
       19485000	      1849	80003c7e	8521	c.srai	x10,0x8	 x10:0x3fffc5c5 x10=0x003fffc5
       19495000	      1850	80003c80	006001ef	jal	x3,80003c86	  x3=0x80003c84
       19525000	      1853	80003c86	018000ef	jal	x1,80003c9e	  x1=0x80003c8a
       19555000	      1856	80003c9e	0240036f	jal	x6,80003cc2	  x6=0x80003ca2
       19575000	      1858	80003cc2	bfcd	c.j	80003cb4	
       19595000	      1860	80003cb4	2819	c.jal	80003cca	  x1=0x80003cb6
       19625000	      1863	80003cca	fc9ff0ef	jal	x1,80003c92	  x1=0x80003cce
       19645000	      1865	80003c92	a829	c.j	80003cac	
       19665000	      1867	80003cac	fe3ff0ef	jal	x1,80003c8e	  x1=0x80003cb0
       19685000	      1869	80003c8e	a021	c.j	80003c96	
       19715000	      1872	80003c96	014000ef	jal	x1,80003caa	  x1=0x80003c9a
       19735000	      1874	80003caa	bfe5	c.j	80003ca2	
       19755000	      1876	80003ca2	2009	c.jal	80003ca4	  x1=0x80003ca4
       19775000	      1878	80003ca4	b7e5	c.j	80003c8c	
       19795000	      1880	80003c8c	a089	c.j	80003cce	
       19825000	      1883	80003cce	fbdff0ef	jal	x1,80003c8a	  x1=0x80003cd2
       19845000	      1885	80003c8a	a0b1	c.j	80003cd6	
       19865000	      1887	80003cd6	b7e5	c.j	80003cbe	
       19895000	      1890	80003cbe	016000ef	jal	x1,80003cd4	  x1=0x80003cc2
       19915000	      1892	80003cd4	37dd	c.jal	80003cba	  x1=0x80003cd6
       19945000	      1895	80003cba	00a0036f	jal	x6,80003cc4	  x6=0x80003cbe
       19965000	      1897	80003cc4	37c1	c.jal	80003c84	  x1=0x80003cc6
       19985000	      1899	80003c84	a00d	c.j	80003ca6	
       20005000	      1901	80003ca6	2801	c.jal	80003cb6	  x1=0x80003ca8
       20035000	      1904	80003cb6	01c0076f	jal	x14,80003cd2	 x14=0x80003cba
       20055000	      1906	80003cd2	b7c9	c.j	80003c94	
       20075000	      1908	80003c94	a831	c.j	80003cb0	
       20095000	      1910	80003cb0	fe1ff86f	jal	x16,80003c90	 x16=0x80003cb4
       20115000	      1912	80003c90	281d	c.jal	80003cc6	  x1=0x80003c92
       20145000	      1915	80003cc6	fe3ff36f	jal	x6,80003ca8	  x6=0x80003cca
       20165000	      1917	80003ca8	bfcd	c.j	80003c9a	
       20195000	      1920	80003c9a	03e00bef	jal	x23,80003cd8	 x23=0x80003c9e
       20215000	      1922	80003cd8	0f96	c.slli	x31,0x5	 x31:0x800039c0 x31=0x00073800
       20225000	      1923	80003cda	03e001ef	jal	x3,80003d18	  x3=0x80003cde
       20245000	      1925	80003d18	b7e1	c.j	80003ce0	
       20265000	      1927	80003ce0	01000aef	jal	x21,80003cf0	 x21=0x80003ce4
       20285000	      1929	80003cf0	a021	c.j	80003cf8	
       20305000	      1931	80003cf8	fefff36f	jal	x6,80003ce6	  x6=0x80003cfc
       20325000	      1933	80003ce6	2021	c.jal	80003cee	  x1=0x80003ce8
       20345000	      1935	80003cee	a011	c.j	80003cf2	
       20365000	      1937	80003cf2	a811	c.j	80003d06	
       20385000	      1939	80003d06	37fd	c.jal	80003cf4	  x1=0x80003d08
       20405000	      1941	80003cf4	febff0ef	jal	x1,80003cde	  x1=0x80003cf8
       20425000	      1943	80003cde	a019	c.j	80003ce4	
       20445000	      1945	80003ce4	2005	c.jal	80003d04	  x1=0x80003ce6
       20465000	      1947	80003d04	2019	c.jal	80003d0a	  x1=0x80003d06
       20495000	      1950	80003d0a	00a0086f	jal	x16,80003d14	 x16=0x80003d0e
       20515000	      1952	80003d14	febff0ef	jal	x1,80003cfe	  x1=0x80003d18
       20545000	      1955	80003cfe	febff0ef	jal	x1,80003ce8	  x1=0x80003d02
       20565000	      1957	80003ce8	a005	c.j	80003d08	
       20585000	      1959	80003d08	3fed	c.jal	80003d02	  x1=0x80003d0a
       20605000	      1961	80003d02	2031	c.jal	80003d0e	  x1=0x80003d04
       20635000	      1964	80003d0e	fefff0ef	jal	x1,80003cfc	  x1=0x80003d12
       20655000	      1966	80003cfc	b7fd	c.j	80003cea	
       20685000	      1969	80003cea	034000ef	jal	x1,80003d1e	  x1=0x80003cee
       20705000	      1971	80003d1e	3ff5	c.jal	80003d1a	  x1=0x80003d20
       20735000	      1974	80003d1a	ff9ffdef	jal	x27,80003d12	 x27=0x80003d1e
       20755000	      1976	80003d12	a039	c.j	80003d20	
       20775000	      1978	80003d20	00a6d933	srl	x18,x13,x10	 x13:0x80003c5a x10:0x003fffc5 x18=0x040001e2
       20785000	      1979	80003d24	741acf13	xori	x30,x21,1857	 x21:0x80003ce4 x30=0x80003ba5
       20795000	      1980	80003d28	04be1063	bne	x28,x11,80003d68	 x28:0x8001fe64 x11:0x80003be6
       20815000	      1982	80003d68	fe7ff0ef	jal	x1,80003d4e	  x1=0x80003d6c
       20835000	      1984	80003d4e	2819	c.jal	80003d64	  x1=0x80003d50
       20855000	      1986	80003d64	2021	c.jal	80003d6c	  x1=0x80003d66
       20875000	      1988	80003d6c	3ff1	c.jal	80003d48	  x1=0x80003d6e
       20895000	      1990	80003d48	010000ef	jal	x1,80003d58	  x1=0x80003d4c
       20915000	      1992	80003d58	a821	c.j	80003d70	
       20935000	      1994	80003d70	0040056f	jal	x10,80003d74	 x10=0x80003d74
       20955000	      1996	80003d74	004002ef	jal	x5,80003d78	  x5=0x80003d78
       20975000	      1998	80003d78	34055bf3	csrrwi	x23,mscratch,10	 x23=0x00000000
       20985000	      1999	80003d7c	cb11	c.beqz	x14,80003d90	 x14:0x80003cba
       21015000	      2002	80003d7e	026d08b3	mul	x17,x26,x6	 x26:0x80003bfa  x6:0x80003cfc x17=0x0e49a218
       21385000	      2039	80003d82	03a359b3	divu	x19,x6,x26	  x6:0x80003cfc x26:0x80003bfa x19=0x00000001
       21395000	      2040	80003d86	8fc1	c.or	x15,x8	 x15:0x80003a24  x8:0x80000000 x15=0x80003a24
       21405000	      2041	80003d88	01eb1513	slli	x10,x22,0x1e	 x22:0x8000393a x10=0x80000000
       21445000	      2045	80003d8c	02f62eb3	mulhsu	x29,x12,x15	 x12:0x80023ce4 x15:0x80003a24 x29=0xc0010160
       21455000	      2046	80003d90	340f90f3	csrrw	x1,mscratch,x31	 x31:0x00073800  x1=0x0000000a
       21465000	      2047	80003d94	c289	c.beqz	x13,80003d96	 x13:0x80003c5a
       21475000	      2048	80003d96	02f49463	bne	x9,x15,80003dbe	  x9:0x80003aae x15:0x80003a24
       21505000	      2051	80003dbe	009317b3	sll	x15,x6,x9	  x6:0x80003cfc  x9:0x80003aae x15=0x0f3f0000
       21515000	      2052	80003dc2	8bc1	c.andi	x15,16	 x15:0x0f3f0000 x15=0x00000000
       21525000	      2053	80003dc4	0019d463	bge	x19,x1,80003dcc	 x19:0x00000001  x1:0x0000000a
       21535000	      2054	80003dc8	8b42	c.mv	x22,x16	  x0:0x00000000 x16:0x80003d0e x22=0x80003d0e
       21545000	      2055	80003dca	6139	c.addi16sp	x2,448	  x2:0x80003760  x2=0x80003920
       21555000	      2056	80003dcc	40075d13	srai	x26,x14,0x0	 x14:0x80003cba x26=0x80003cba
       21565000	      2057	80003dd0	028e4963	blt	x28,x8,80003e02	 x28:0x8001fe64  x8:0x80000000
       21575000	      2058	80003dd4	9a9e	c.add	x21,x7	 x21:0x80003ce4  x7:0x80003ab6 x21=0x0000779a
       21585000	      2059	80003dd6	0000100f	fence.i	
       21615000	      2062	80003dda	af9a2b93	slti	x23,x20,-1287	 x20:0x800035e6 x23=0x00000001
       21625000	      2063	80003dde	0a52	c.slli	x20,0x14	 x20:0x800035e6 x20=0x5e600000
       21995000	      2100	80003de0	028ae1b3	rem	x3,x21,x8	 x21:0x0000779a  x8:0x80000000  x3=0x0000779a
       22005000	      2101	80003de4	00f7d513	srli	x10,x15,0xf	 x15:0x00000000 x10=0x00000000
       22015000	      2102	80003de8	00bbe233	or	x4,x23,x11	 x23:0x00000001 x11:0x80003be6  x4=0x80003be7
       22385000	      2139	80003dec	02bfd8b3	divu	x17,x31,x11	 x31:0x00073800 x11:0x80003be6 x17=0x00000000
       22395000	      2140	80003df0	0000100f	fence.i	
       22415000	      2142	80003df4	003a98b3	sll	x17,x21,x3	 x21:0x0000779a  x3:0x0000779a x17=0x68000000
       22425000	      2143	80003df8	914fa693	slti	x13,x31,-1772	 x31:0x00073800 x13=0x00000000
       22435000	      2144	80003dfc	0ff0000f	fence	iorw,iorw	
       22445000	      2145	80003e00	86e9	c.srai	x13,0x1a	 x13:0x00000000 x13=0x00000000
       22455000	      2146	80003e02	3407dbf3	csrrwi	x23,mscratch,15	 x23=0x00073800
       22825000	      2183	80003e06	039ed3b3	divu	x7,x29,x25	 x29:0xc0010160 x25:0x80003a78  x7=0x00000001
       22835000	      2184	80003e0a	a1dbf493	andi	x9,x23,-1507	 x23:0x00073800  x9=0x00073800
       22845000	      2185	80003e0e	117e6d93	ori	x27,x28,279	 x28:0x8001fe64 x27=0x8001ff77
       22855000	      2186	80003e12	717d	c.addi16sp	x2,-16	  x2:0x80003920  x2=0x80003910
       22865000	      2187	80003e14	003a45b3	xor	x11,x20,x3	 x20:0x5e600000  x3:0x0000779a x11=0x5e60779a
       22875000	      2188	80003e18	5c30f893	andi	x17,x1,1475	  x1:0x0000000a x17=0x00000002
       22885000	      2189	80003e1c	0109ce63	blt	x19,x16,80003e38	 x19:0x00000001 x16:0x80003d0e
       22895000	      2190	80003e20	00867c63	bgeu	x12,x8,80003e38	 x12:0x80023ce4  x8:0x80000000
       22915000	      2192	80003e38	04e06263	bltu	x0,x14,80003e7c	  x0:0x00000000 x14:0x80003cba
       23295000	      2230	80003e7c	02e758b3	divu	x17,x14,x14	 x14:0x80003cba x14:0x80003cba x17=0x00000001
       23305000	      2231	80003e80	00fa0d33	add	x26,x20,x15	 x20:0x5e600000 x15:0x00000000 x26=0x5e600000
       23315000	      2232	80003e84	7c263293	sltiu	x5,x12,1986	 x12:0x80023ce4  x5=0x00000000
       23685000	      2269	80003e88	03a9e8b3	rem	x17,x19,x26	 x19:0x00000001 x26:0x5e600000 x17=0x00000001
       23695000	      2270	80003e8c	02f5d063	bge	x11,x15,80003eac	 x11:0x5e60779a x15:0x00000000
       23745000	      2275	80003eac	031f9c33	mulh	x24,x31,x17	 x31:0x00073800 x17:0x00000001 x24=0x00000000
       23755000	      2276	80003eb0	0d94	c.addi4spn	x13,x2,720	 x13=0x80003be0
       23765000	      2277	80003eb2	0070ed33	or	x26,x1,x7	  x1:0x0000000a  x7:0x00000001 x26=0x0000000b
       23775000	      2278	80003eb6	58fd	c.li	x17,-1	 x17=0xffffffff
       23795000	      2280	80003eb8	020e5a33	divu	x20,x28,x0	 x28:0x8001fe64  x0:0x00000000 x20=0xffffffff
       23805000	      2281	80003ebc	40f3d793	srai	x15,x7,0xf	  x7:0x00000001 x15=0x00000000
       23815000	      2282	80003ec0	c399	c.beqz	x15,80003ec6	 x15:0x00000000
       23845000	      2285	80003ec6	8dc48897	auipc	x17,0x8dc48	 x17=0x0dc4bec6
       23855000	      2286	80003eca	016fce63	blt	x31,x22,80003ee6	 x31:0x00073800 x22:0x80003d0e
       24225000	      2323	80003ece	02ba7ab3	remu	x21,x20,x11	 x20:0xffffffff x11:0x5e60779a x21=0x433f10cb
       24235000	      2324	80003ed2	5f7d	c.li	x30,-1	 x30=0xffffffff
       24605000	      2361	80003ed4	039545b3	div	x11,x10,x25	 x10:0x00000000 x25:0x80003a78 x11=0x00000000
       24615000	      2362	80003ed8	67d1	c.lui	x15,0x14	 x15=0x00014000
       24655000	      2366	80003eda	0378a5b3	mulhsu	x11,x17,x23	 x17:0x0dc4bec6 x23:0x00073800 x11=0x00006364
       24665000	      2367	80003ede	00fad1b3	srl	x3,x21,x15	 x21:0x433f10cb x15:0x00014000  x3=0x433f10cb
       24675000	      2368	80003ee2	db33fc93	andi	x25,x7,-589	  x7:0x00000001 x25=0x00000001
       24685000	      2369	80003ee6	04fc8163	beq	x25,x15,80003f28	 x25:0x00000001 x15:0x00014000
       25055000	      2406	80003eea	0293cd33	div	x26,x7,x9	  x7:0x00000001  x9:0x00073800 x26=0x00000000
       25065000	      2407	80003eee	34047cf3	csrrci	x25,mscratch,8	 x25=0x0000000f
       25075000	      2408	80003ef2	03554f63	blt	x10,x21,80003f30	 x10:0x00000000 x21:0x433f10cb
       25095000	      2410	80003f30	417a5db3	sra	x27,x20,x23	 x20:0xffffffff x23:0x00073800 x27=0xffffffff
       25105000	      2411	80003f34	340e1bf3	csrrw	x23,mscratch,x28	 x28:0x8001fe64 x23=0x00000007
       25115000	      2412	80003f38	0001	c.addi	x0,0	  x0:0x00000000  x0=0x00000000
       25125000	      2413	80003f3a	0067ac33	slt	x24,x15,x6	 x15:0x00014000  x6:0x80003cfc x24=0x00000000
       25495000	      2450	80003f3e	03087533	remu	x10,x16,x16	 x16:0x80003d0e x16:0x80003d0e x10=0x00000000
       25505000	      2451	80003f42	577d	c.li	x14,-1	 x14=0xffffffff
       25535000	      2454	80003f44	02c08933	mul	x18,x1,x12	  x1:0x0000000a x12:0x80023ce4 x18=0x001660e8
       25545000	      2455	80003f48	155c8393	addi	x7,x25,341	 x25:0x0000000f  x7=0x00000164
       25575000	      2458	80003f4c	031e87b3	mul	x15,x29,x17	 x29:0xc0010160 x17:0x0dc4bec6 x15=0x2d4c5040
       25585000	      2459	80003f50	8e91	c.sub	x13,x12	 x13:0x80003be0 x12:0x80023ce4 x13=0xfffdfefc
       25595000	      2460	80003f52	4ecd	c.li	x29,19	 x29=0x00000013
       25605000	      2461	80003f54	332df313	andi	x6,x27,818	 x27:0xffffffff  x6=0x00000332
       25615000	      2462	80003f58	68a5	c.lui	x17,0x9	 x17=0x00009000
       25625000	      2463	80003f5a	8ce5	c.and	x9,x9	  x9:0x00073800  x9:0x00073800  x9=0x00073800
       25635000	      2464	80003f5c	3dbbb593	sltiu	x11,x23,987	 x23:0x00000007 x11=0x00000001
       25645000	      2465	80003f60	340f5373	csrrwi	x6,mscratch,30	  x6=0x8001fe64
       25655000	      2466	80003f64	8796	c.mv	x15,x5	  x0:0x00000000  x5:0x00000000 x15=0x00000000
       26025000	      2503	80003f66	0338eeb3	rem	x29,x17,x19	 x17:0x00009000 x19:0x00000001 x29=0x00000000
       26035000	      2504	80003f6a	8a8a	c.mv	x21,x2	  x0:0x00000000  x2:0x80003910 x21=0x80003910
       26055000	      2506	80003f6c	03a86db3	rem	x27,x16,x26	 x16:0x80003d0e x26:0x00000000 x27=0x80003d0e
       26065000	      2507	80003f70	8dcd	c.or	x11,x11	 x11:0x00000001 x11:0x00000001 x11=0x00000001
       26075000	      2508	80003f72	61c5	c.lui	x3,0x11	  x3=0x00011000
       26085000	      2509	80003f74	8ffd	c.and	x15,x15	 x15:0x00000000 x15:0x00000000 x15=0x00000000
       26095000	      2510	80003f76	03281c63	bne	x16,x18,80003fae	 x16:0x80003d0e x18:0x001660e8
       26115000	      2512	80003fae	0996	c.slli	x19,0x5	 x19:0x00000001 x19=0x00000020
       26125000	      2513	80003fb0	177d	c.addi	x14,-1	 x14:0xffffffff x14=0xfffffffe
       26135000	      2514	80003fb2	8e85	c.sub	x13,x9	 x13:0xfffdfefc  x9:0x00073800 x13=0xfff6c6fc
       26145000	      2515	80003fb4	8ec1	c.or	x13,x8	 x13:0xfff6c6fc  x8:0x80000000 x13=0xfff6c6fc
       26155000	      2516	80003fb6	02fef463	bgeu	x29,x15,80003fde	 x29:0x00000000 x15:0x00000000
       26185000	      2519	80003fde	0000100f	fence.i	
       26205000	      2521	80003fe2	8c76	c.mv	x24,x29	  x0:0x00000000 x29:0x00000000 x24=0x00000000
       26215000	      2522	80003fe4	0ff0000f	fence	iorw,iorw	
       26255000	      2526	80003fe8	020f1d33	mulh	x26,x30,x0	 x30:0xffffffff  x0:0x00000000 x26=0x00000000
       26265000	      2527	80003fec	41418b33	sub	x22,x3,x20	  x3:0x00011000 x20:0xffffffff x22=0x00011001
       26275000	      2528	80003ff0	cf81	c.beqz	x15,80004008	 x15:0x00000000
       26295000	      2530	80004008	019099b3	sll	x19,x1,x25	  x1:0x0000000a x25:0x0000000f x19=0x00050000
       26305000	      2531	8000400c	009e45b3	xor	x11,x28,x9	 x28:0x8001fe64  x9:0x00073800 x11=0x8006c664
       26315000	      2532	80004010	1e7b80b7	lui	x1,0x1e7b8	  x1=0x1e7b8000
       26325000	      2533	80004014	0ff0000f	fence	iorw,iorw	
       26335000	      2534	80004018	dedb9317	auipc	x6,0xdedb9	  x6=0x5edbd018
       26345000	      2535	8000401c	34001773	csrrw	x14,mscratch,x0	  x0:0x00000000 x14=0x0000001e
       26355000	      2536	80004020	4129dd13	srai	x26,x19,0x12	 x19:0x00050000 x26=0x00000001
       26365000	      2537	80004024	cd11	c.beqz	x10,80004040	 x10:0x00000000
       26745000	      2575	80004040	0261fb33	remu	x22,x3,x6	  x3:0x00011000  x6:0x5edbd018 x22=0x00011000
       26755000	      2576	80004044	4119d113	srai	x2,x19,0x11	 x19:0x00050000  x2=0x00000002
       26765000	      2577	80004048	2ce8b037	lui	x0,0x2ce8b	  x0=0x00000000
       26775000	      2578	8000404c	0001	c.addi	x0,0	  x0:0x00000000  x0=0x00000000
       26785000	      2579	8000404e	340d5ef3	csrrwi	x29,mscratch,26	 x29=0x00000000
       27155000	      2616	80004052	03f05133	divu	x2,x0,x31	  x0:0x00000000 x31:0x00073800  x2=0x00000000
       27165000	      2617	80004056	00773133	sltu	x2,x14,x7	 x14:0x0000001e  x7:0x00000164  x2=0x00000001
       27205000	      2621	8000405a	036d9cb3	mulh	x25,x27,x22	 x27:0x80003d0e x22:0x00011000 x25=0xffff7800
       27215000	      2622	8000405e	01cac4b3	xor	x9,x21,x28	 x21:0x80003910 x28:0x8001fe64  x9=0x0001c774
       27225000	      2623	80004062	0a1e8693	addi	x13,x29,161	 x29:0x00000000 x13=0x000000a1
       27235000	      2624	80004066	6245	c.lui	x4,0x11	  x4=0x00011000
       27245000	      2625	80004068	8889	c.andi	x9,2	  x9:0x0001c774  x9=0x00000000
       27255000	      2626	8000406a	00b14d63	blt	x2,x11,80004084	  x2:0x00000001 x11:0x8006c664
       27265000	      2627	8000406e	1108	c.addi4spn	x10,x2,160	 x10=0x000000a1
       27275000	      2628	80004070	8f49	c.or	x14,x10	 x14:0x0000001e x10:0x000000a1 x14=0x000000bf
       27285000	      2629	80004072	340020f3	csrrs	x1,mscratch,x0	  x0:0x00000000  x1=0x0000001a
       27655000	      2666	80004076	0392eeb3	rem	x29,x5,x25	  x5:0x00000000 x25:0xffff7800 x29=0x00000000
       27665000	      2667	8000407a	6131	c.addi16sp	x2,320	  x2:0x00000001  x2=0x00000141
       27705000	      2671	8000407c	0242beb3	mulhu	x29,x5,x4	  x5:0x00000000  x4:0x00011000 x29=0x00000000
       27715000	      2672	80004080	0001	c.addi	x0,0	  x0:0x00000000  x0=0x00000000
       27725000	      2673	80004082	717d	c.addi16sp	x2,-16	  x2:0x00000141  x2=0x00000131
       27735000	      2674	80004084	016cac33	slt	x24,x25,x22	 x25:0xffff7800 x22:0x00011000 x24=0x00000001
       27745000	      2675	80004088	3408dbf3	csrrwi	x23,mscratch,17	 x23=0x0000001a
       27755000	      2676	8000408c	c9bd	c.beqz	x11,80004102	 x11:0x8006c664
       28125000	      2713	8000408e	0239ca33	div	x20,x19,x3	 x19:0x00050000  x3:0x00011000 x20=0x00000004
       28135000	      2714	80004092	8fa5	c.xor	x15,x9	 x15:0x00000000  x9:0x00000000 x15=0x00000000
       28145000	      2715	80004094	340071f3	csrrci	x3,mscratch,0	  x3=0x00000011
       28155000	      2716	80004098	3401e4f3	csrrsi	x9,mscratch,3	  x9=0x00000011
       28165000	      2717	8000409c	8365	c.srli	x14,0x19	 x14:0x000000bf x14=0x00000000
       28175000	      2718	8000409e	ab0bea93	ori	x21,x23,-1360	 x23:0x0000001a x21=0xfffffaba
       28185000	      2719	800040a2	014001ef	jal	x3,800040b6	  x3=0x800040a6
       28205000	      2721	800040b6	2021	c.jal	800040be	  x1=0x800040b8
       28225000	      2723	800040be	a829	c.j	800040d8	
       28245000	      2725	800040d8	008004ef	jal	x9,800040e0	  x9=0x800040dc
       28265000	      2727	800040e0	fe1ff36f	jal	x6,800040c0	  x6=0x800040e4
       28285000	      2729	800040c0	bff5	c.j	800040bc	
       28305000	      2731	800040bc	a829	c.j	800040d6	
       28325000	      2733	800040d6	bfd1	c.j	800040aa	
       28345000	      2735	800040aa	a821	c.j	800040c2	
       28365000	      2737	800040c2	b7f5	c.j	800040ae	
       28395000	      2740	800040ae	03c006ef	jal	x13,800040ea	 x13=0x800040b2
       28415000	      2742	800040ea	37cd	c.jal	800040cc	  x1=0x800040ec
       28435000	      2744	800040cc	2821	c.jal	800040e4	  x1=0x800040ce
       28455000	      2746	800040e4	b7f5	c.j	800040d0	
       28475000	      2748	800040d0	bfe5	c.j	800040c8	
       28495000	      2750	800040c8	fffff2ef	jal	x5,800040c6	  x5=0x800040cc
       28515000	      2752	800040c6	2819	c.jal	800040dc	  x1=0x800040c8
       28535000	      2754	800040dc	fddff0ef	jal	x1,800040b8	  x1=0x800040e0
       28555000	      2756	800040b8	fefff0ef	jal	x1,800040a6	  x1=0x800040bc
       28585000	      2759	800040a6	0280036f	jal	x6,800040ce	  x6=0x800040aa
       28605000	      2761	800040ce	2821	c.jal	800040e6	  x1=0x800040d0
       28635000	      2764	800040e6	006000ef	jal	x1,800040ec	  x1=0x800040ea
       28655000	      2766	800040ec	bfe1	c.j	800040c4	
       28675000	      2768	800040c4	b7fd	c.j	800040b2	
       28705000	      2771	800040b2	020006ef	jal	x13,800040d2	 x13=0x800040b6
       28735000	      2774	800040d2	fdbff36f	jal	x6,800040ac	  x6=0x800040d6
       28755000	      2776	800040ac	2089	c.jal	800040ee	  x1=0x800040ae
       28785000	      2779	800040ee	8cc6ec93	ori	x25,x13,-1844	 x13:0x800040b6 x25=0xfffff8fe
       28815000	      2782	800040f2	03c50eb3	mul	x29,x10,x28	 x10:0x000000a1 x28:0x8001fe64 x29=0x8140fce4
       29185000	      2819	800040f6	0343f533	remu	x10,x7,x20	  x7:0x00000164 x20:0x00000004 x10=0x00000000
       29195000	      2820	800040fa	03989863	bne	x17,x25,8000412a	 x17:0x00009000 x25:0xfffff8fe
       29215000	      2822	8000412a	c595	c.beqz	x11,80004156	 x11:0x8006c664
       29225000	      2823	8000412c	9346	c.add	x6,x17	  x6:0x800040d6 x17:0x00009000  x6=0x8000d0d6
       29595000	      2860	8000412e	0367dfb3	divu	x31,x15,x22	 x15:0x00000000 x22:0x00011000 x31=0x00000000
       29965000	      2897	80004132	0210d3b3	divu	x7,x1,x1	  x1:0x800040ae  x1:0x800040ae  x7=0x00000001
       29975000	      2898	80004136	01dedf13	srli	x30,x29,0x1d	 x29:0x8140fce4 x30=0x00000004
       29985000	      2899	8000413a	00266c33	or	x24,x12,x2	 x12:0x80023ce4  x2:0x00000131 x24=0x80023df5
       29995000	      2900	8000413e	cb99	c.beqz	x15,80004154	 x15:0x00000000
       30015000	      2902	80004154	ef81	c.bnez	x15,8000416c	 x15:0x00000000
       30025000	      2903	80004156	93fdcd93	xori	x27,x27,-1729	 x27:0x80003d0e x27=0x7fffc431
       30035000	      2904	8000415a	3c934193	xori	x3,x6,969	  x6:0x8000d0d6  x3=0x8000d31f
       30055000	      2906	8000415e	02ebd033	divu	x0,x23,x14	 x23:0x0000001a x14:0x00000000  x0=0x00000000
       30065000	      2907	80004162	34062873	csrrs	x16,mscratch,x12	 x12:0x80023ce4 x16=0x00000013
       30075000	      2908	80004166	cb1d	c.beqz	x14,8000419c	 x14:0x00000000
       30095000	      2910	8000419c	01560963	beq	x12,x21,800041ae	 x12:0x80023ce4 x21:0xfffffaba
       30105000	      2911	800041a0	34011573	csrrw	x10,mscratch,x2	  x2:0x00000131 x10=0x80023cf7
       30115000	      2912	800041a4	913e	c.add	x2,x15	  x2:0x00000131 x15:0x00000000  x2=0x00000131
       30125000	      2913	800041a6	00bd0233	add	x4,x26,x11	 x26:0x00000001 x11:0x8006c664  x4=0x8006c665
       30135000	      2914	800041aa	03f7f363	bgeu	x15,x31,800041d0	 x15:0x00000000 x31:0x00000000
       30155000	      2916	800041d0	8111	c.srli	x10,0x4	 x10:0x80023cf7 x10=0x080023cf
       30165000	      2917	800041d2	c189	c.beqz	x11,800041d4	 x11:0x8006c664
       30175000	      2918	800041d4	2cf58593	addi	x11,x11,719	 x11:0x8006c664 x11=0x8006c933
       30205000	      2921	800041d8	02c909b3	mul	x19,x18,x12	 x18:0x001660e8 x12:0x80023ce4 x19=0x1474aea0
       30215000	      2922	800041dc	0d9c	c.addi4spn	x15,x2,720	 x15=0x00000401
       30225000	      2923	800041de	39f7ad93	slti	x27,x15,927	 x15:0x00000401 x27=0x00000000
       30235000	      2924	800041e2	1732e393	ori	x7,x5,371	  x5:0x800040cc  x7=0x800041ff
       30245000	      2925	800041e6	00355793	srli	x15,x10,0x3	 x10:0x080023cf x15=0x01000479
       30255000	      2926	800041ea	01b69f33	sll	x30,x13,x27	 x13:0x800040b6 x27:0x00000000 x30=0x800040b6
       30265000	      2927	800041ee	8729	c.srai	x14,0xa	 x14:0x00000000 x14=0x00000000
       30275000	      2928	800041f0	41f206b3	sub	x13,x4,x31	  x4:0x8006c665 x31:0x00000000 x13=0x8006c665
       30285000	      2929	800041f4	001f8d33	add	x26,x31,x1	 x31:0x00000000  x1:0x800040ae x26=0x800040ae
       30295000	      2930	800041f8	340074f3	csrrci	x9,mscratch,0	  x9=0x00000131
       30305000	      2931	800041fc	01763933	sltu	x18,x12,x23	 x12:0x80023ce4 x23:0x0000001a x18=0x00000000
       30335000	      2934	80004200	024685b3	mul	x11,x13,x4	 x13:0x8006c665  x4:0x8006c665 x11=0xe67c63d9
       30345000	      2935	80004204	0001	c.addi	x0,0	  x0:0x00000000  x0=0x00000000
       30355000	      2936	80004206	5fc63017	auipc	x0,0x5fc63	  x0=0x00000000
       30385000	      2939	8000420a	025a0533	mul	x10,x20,x5	 x20:0x00000004  x5:0x800040cc x10=0x00010330
       30755000	      2976	8000420e	0215c0b3	div	x1,x11,x1	 x11:0xe67c63d9  x1:0x800040ae  x1=0x00000000
       30765000	      2977	80004212	41abda93	srai	x21,x23,0x1a	 x23:0x0000001a x21=0x00000000
       30775000	      2978	80004216	01c49363	bne	x9,x28,8000421c	  x9:0x00000131 x28:0x8001fe64
       30795000	      2980	8000421c	017ddab3	srl	x21,x27,x23	 x27:0x00000000 x23:0x0000001a x21=0x00000000
       30805000	      2981	80004220	0001	c.addi	x0,0	  x0:0x00000000  x0=0x00000000
       30815000	      2982	80004222	340422f3	csrrs	x5,mscratch,x8	  x8:0x80000000  x5=0x00000131
       30825000	      2983	80004226	350ec493	xori	x9,x29,848	 x29:0x8140fce4  x9=0x8140ffb4
       30835000	      2984	8000422a	03940463	beq	x8,x25,80004252	  x8:0x80000000 x25:0xfffff8fe
       30845000	      2985	8000422e	01719b33	sll	x22,x3,x23	  x3:0x8000d31f x23:0x0000001a x22=0x7c000000
       30855000	      2986	80004232	6c65	c.lui	x24,0x19	 x24=0x00019000
       30865000	      2987	80004234	340070f3	csrrci	x1,mscratch,0	  x1=0x80000131
       30875000	      2988	80004238	001c5893	srli	x17,x24,0x1	 x24:0x00019000 x17=0x0000c800
       30885000	      2989	8000423c	024a7063	bgeu	x20,x4,8000425c	 x20:0x00000004  x4:0x8006c665
       30895000	      2990	80004240	00816a33	or	x20,x2,x8	  x2:0x00000131  x8:0x80000000 x20=0x80000131
       30905000	      2991	80004244	4d39	c.li	x26,14	 x26=0x0000000e
       30915000	      2992	80004246	340762f3	csrrsi	x5,mscratch,14	  x5=0x80000131
       30955000	      2996	8000424a	036c20b3	mulhsu	x1,x24,x22	 x24:0x00019000 x22:0x7c000000  x1=0x0000c1c0
       30965000	      2997	8000424e	a69e7013	andi	x0,x28,-1431	 x28:0x8001fe64  x0=0x00000000
       30975000	      2998	80004252	34043573	csrrc	x10,mscratch,x8	  x8:0x80000000 x10=0x8000013f
       30985000	      2999	80004256	016d5093	srli	x1,x26,0x16	 x26:0x0000000e  x1=0x00000000
       30995000	      3000	8000425a	cb19	c.beqz	x14,80004270	 x14:0x00000000
       31045000	      3005	80004270	02be2833	mulhsu	x16,x28,x11	 x28:0x8001fe64 x11:0xe67c63d9 x16=0x8cc39999
       31055000	      3006	80004274	010cde93	srli	x29,x25,0x10	 x25:0xfffff8fe x29=0x0000ffff
       31065000	      3007	80004278	3402ff73	csrrci	x30,mscratch,5	 x30=0x0000013f
       31075000	      3008	8000427c	023c8663	beq	x25,x3,800042a8	 x25:0xfffff8fe  x3:0x8000d31f
       31085000	      3009	80004280	41c8dfb3	sra	x31,x17,x28	 x17:0x0000c800 x28:0x8001fe64 x31=0x00000c80
       31095000	      3010	80004284	340b1d73	csrrw	x26,mscratch,x22	 x22:0x7c000000 x26=0x0000013a
       31105000	      3011	80004288	717d	c.addi16sp	x2,-16	  x2:0x00000131  x2=0x00000121
       31115000	      3012	8000428a	0001	c.addi	x0,0	  x0:0x00000000  x0=0x00000000
       31125000	      3013	8000428c	409d5113	srai	x2,x26,0x9	 x26:0x0000013a  x2=0x00000000
       31135000	      3014	80004290	4186df33	sra	x30,x13,x24	 x13:0x8006c665 x24:0x00019000 x30=0x8006c665
       31145000	      3015	80004294	cbb88793	addi	x15,x17,-837	 x17:0x0000c800 x15=0x0000c4bb
       31165000	      3017	80004298	03b46833	rem	x16,x8,x27	  x8:0x80000000 x27:0x00000000 x16=0x80000000
       31175000	      3018	8000429c	e3a9	c.bnez	x15,800042de	 x15:0x0000c4bb
       31195000	      3020	800042de	597d	c.li	x18,-1	 x18=0xffffffff
       31205000	      3021	800042e0	cc9b3f37	lui	x30,0xcc9b3	 x30=0xcc9b3000
       31215000	      3022	800042e4	8f1d	c.sub	x14,x15	 x14:0x00000000 x15:0x0000c4bb x14=0xffff3b45
       31225000	      3023	800042e6	0504	c.addi4spn	x9,x2,640	  x9=0x00000280
       31235000	      3024	800042e8	00e4d333	srl	x6,x9,x14	  x9:0x00000280 x14:0xffff3b45  x6=0x00000014
       31245000	      3025	800042ec	016fba33	sltu	x20,x31,x22	 x31:0x00000c80 x22:0x7c000000 x20=0x00000001
       31255000	      3026	800042f0	019e	c.slli	x3,0x7	  x3:0x8000d31f  x3=0x00698f80
       31625000	      3063	800042f2	03abdb33	divu	x22,x23,x26	 x23:0x0000001a x26:0x0000013a x22=0x00000000
       31635000	      3064	800042f6	001545b3	xor	x11,x10,x1	 x10:0x8000013f  x1:0x00000000 x11=0x8000013f
       31645000	      3065	800042fa	340061f3	csrrsi	x3,mscratch,0	  x3=0x7c000000
       31655000	      3066	800042fe	0243e163	bltu	x7,x4,80004320	  x7:0x800041ff  x4:0x8006c665
       31675000	      3068	80004320	05901363	bne	x0,x25,80004366	  x0:0x00000000 x25:0xfffff8fe
       31705000	      3071	80004366	ee8ca913	slti	x18,x25,-280	 x25:0xfffff8fe x18=0x00000001
       32075000	      3108	8000436a	03c4c7b3	div	x15,x9,x28	  x9:0x00000280 x28:0x8001fe64 x15=0x00000000
       32085000	      3109	8000436e	01238cb3	add	x25,x7,x18	  x7:0x800041ff x18:0x00000001 x25=0x80004200
       32095000	      3110	80004372	8f11	c.sub	x14,x12	 x14:0xffff3b45 x12:0x80023ce4 x14=0x7ffcfe61
       32105000	      3111	80004374	812e	c.mv	x2,x11	  x0:0x00000000 x11:0x8000013f  x2=0x8000013f
       32145000	      3115	80004376	039c3233	mulhu	x4,x24,x25	 x24:0x00019000 x25:0x80004200  x4=0x0000c800
       32155000	      3116	8000437a	409cd993	srai	x19,x25,0x9	 x25:0x80004200 x19=0xffc00021
       32165000	      3117	8000437e	83682b93	slti	x23,x16,-1994	 x16:0x80000000 x23=0x00000001
       32175000	      3118	80004382	15fd	c.addi	x11,-1	 x11:0x8000013f x11=0x8000013e
       32185000	      3119	80004384	8f41	c.or	x14,x8	 x14:0x7ffcfe61  x8:0x80000000 x14=0xfffcfe61
       32195000	      3120	80004386	1cfd	c.addi	x25,-1	 x25:0x80004200 x25=0x800041ff
       32205000	      3121	80004388	c785	c.beqz	x15,800043b0	 x15:0x00000000
       32225000	      3123	800043b0	0001	c.addi	x0,0	  x0:0x00000000  x0=0x00000000
       32235000	      3124	800043b2	8329	c.srli	x14,0xa	 x14:0xfffcfe61 x14=0x003fff3f
       32605000	      3161	800043b4	02e4cab3	div	x21,x9,x14	  x9:0x00000280 x14:0x003fff3f x21=0x00000000
       32615000	      3162	800043b8	40cedbb3	sra	x23,x29,x12	 x29:0x0000ffff x12:0x80023ce4 x23=0x00000fff
       32625000	      3163	800043bc	6129	c.addi16sp	x2,192	  x2:0x8000013f  x2=0x800001ff
       32635000	      3164	800043be	1b59c093	xori	x1,x19,437	 x19:0xffc00021  x1=0xffc00194
       32645000	      3165	800043c2	85e6	c.mv	x11,x25	  x0:0x00000000 x25:0x800041ff x11=0x800041ff
       32655000	      3166	800043c4	00bb6f63	bltu	x22,x11,800043e2	 x22:0x00000000 x11:0x800041ff
       32675000	      3168	800043e2	8d4d	c.or	x10,x11	 x10:0x8000013f x11:0x800041ff x10=0x800041ff
       32685000	      3169	800043e4	8cf5	c.and	x9,x13	  x9:0x00000280 x13:0x8006c665  x9=0x00000200
       32695000	      3170	800043e6	9a4e	c.add	x20,x19	 x20:0x00000001 x19:0xffc00021 x20=0xffc00022
       32705000	      3171	800043e8	4011ddb3	sra	x27,x3,x1	  x3:0x7c000000  x1:0xffc00194 x27=0x000007c0
       32715000	      3172	800043ec	01271213	slli	x4,x14,0x12	 x14:0x003fff3f  x4=0xfcfc0000
       32725000	      3173	800043f0	01fdd313	srli	x6,x27,0x1f	 x27:0x000007c0  x6=0x00000000
       33095000	      3210	800043f4	03d447b3	div	x15,x8,x29	  x8:0x80000000 x29:0x0000ffff x15=0xffff8000
       33105000	      3211	800043f8	8d55	c.or	x10,x13	 x10:0x800041ff x13:0x8006c665 x10=0x8006c7ff
       33115000	      3212	800043fa	88a5	c.andi	x9,9	  x9:0x00000200  x9=0x00000000
       33125000	      3213	800043fc	008012b3	sll	x5,x0,x8	  x0:0x00000000  x8:0x80000000  x5=0x00000000
       33135000	      3214	80004400	8166	c.mv	x2,x25	  x0:0x00000000 x25:0x800041ff  x2=0x800041ff
       33145000	      3215	80004402	8361	c.srli	x14,0x18	 x14:0x003fff3f x14=0x00000000
       33515000	      3252	80004404	02b84933	div	x18,x16,x11	 x16:0x80000000 x11:0x800041ff x18=0x00000001
       33525000	      3253	80004408	8561	c.srai	x10,0x18	 x10:0x8006c7ff x10=0xffffff80
       33535000	      3254	8000440a	c509	c.beqz	x10,80004414	 x10:0xffffff80
       33545000	      3255	8000440c	00037c33	and	x24,x6,x0	  x6:0x00000000  x0:0x00000000 x24=0x00000000
       33585000	      3259	80004410	03271eb3	mulh	x29,x14,x18	 x14:0x00000000 x18:0x00000001 x29=0x00000000
       33595000	      3260	80004414	2faaba13	sltiu	x20,x21,762	 x21:0x00000000 x20=0x00000001
       33605000	      3261	80004418	030c4f63	blt	x24,x16,80004456	 x24:0x00000000 x16:0x80000000
       33615000	      3262	8000441c	8d95	c.sub	x11,x13	 x11:0x800041ff x13:0x8006c665 x11=0xfff97b9a
       33625000	      3263	8000441e	8fb6d6b7	lui	x13,0x8fb6d	 x13=0x8fb6d000
       33635000	      3264	80004422	5d986717	auipc	x14,0x5d986	 x14=0xdd98a422
       33645000	      3265	80004426	0000100f	fence.i	
       33675000	      3268	8000442a	8ef2a093	slti	x1,x5,-1809	  x5:0x00000000  x1=0x00000000
       33685000	      3269	8000442e	0116a833	slt	x16,x13,x17	 x13:0x8fb6d000 x17:0x0000c800 x16=0x00000001
       33695000	      3270	80004432	0119acb3	slt	x25,x19,x17	 x19:0xffc00021 x17:0x0000c800 x25=0x00000001
       33705000	      3271	80004436	b7383697	auipc	x13,0xb7383	 x13=0x37387436
       33715000	      3272	8000443a	0001	c.addi	x0,0	  x0:0x00000000  x0=0x00000000
       33755000	      3276	8000443c	022bbb33	mulhu	x22,x23,x2	 x23:0x00000fff  x2:0x800041ff x22=0x000007ff
       33765000	      3277	80004440	8db9	c.xor	x11,x14	 x11:0xfff97b9a x14:0xdd98a422 x11=0x2261dfb8
       33775000	      3278	80004442	0140b5b3	sltu	x11,x1,x20	  x1:0x00000000 x20:0x00000001 x11=0x00000001
       33785000	      3279	80004446	8eed	c.and	x13,x11	 x13:0x37387436 x11:0x00000001 x13=0x00000000
       33795000	      3280	80004448	014a4963	blt	x20,x20,8000445a	 x20:0x00000001 x20:0x00000001
       33805000	      3281	8000444c	717d	c.addi16sp	x2,-16	  x2:0x800041ff  x2=0x800041ef
       33815000	      3282	8000444e	6903bb13	sltiu	x22,x7,1680	  x7:0x800041ff x22=0x00000000
       33825000	      3283	80004452	0000100f	fence.i	
       33875000	      3288	80004456	026e83b3	mul	x7,x29,x6	 x29:0x00000000  x6:0x00000000  x7=0x00000000
       33885000	      3289	8000445a	8d79	c.and	x10,x14	 x10:0xffffff80 x14:0xdd98a422 x10=0xdd98a400
       33895000	      3290	8000445c	8f91	c.sub	x15,x12	 x15:0xffff8000 x12:0x80023ce4 x15=0x7ffd431c
       33925000	      3293	8000445e	02438d33	mul	x26,x7,x4	  x7:0x00000000  x4:0xfcfc0000 x26=0x00000000
       33935000	      3294	80004462	ad4c6713	ori	x14,x24,-1324	 x24:0x00000000 x14=0xfffffad4
       33945000	      3295	80004466	025f1663	bne	x30,x5,80004492	 x30:0xcc9b3000  x5:0x00000000
       33975000	      3298	80004492	032c7163	bgeu	x24,x18,800044b4	 x24:0x00000000 x18:0x00000001
       33985000	      3299	80004496	340794f3	csrrw	x9,mscratch,x15	 x15:0x7ffd431c  x9=0x7c000000
       33995000	      3300	8000449a	014657b3	srl	x15,x12,x20	 x12:0x80023ce4 x20:0x00000001 x15=0x40011e72
       34005000	      3301	8000449e	34031df3	csrrw	x27,mscratch,x6	  x6:0x00000000 x27=0x7ffd431c
       34015000	      3302	800044a2	0ff0000f	fence	iorw,iorw	
       34025000	      3303	800044a6	01a41e63	bne	x8,x26,800044c2	  x8:0x80000000 x26:0x00000000
       34055000	      3306	800044c2	02e06163	bltu	x0,x14,800044e4	  x0:0x00000000 x14:0xfffffad4
       34075000	      3308	800044e4	43fd	c.li	x7,31	  x7=0x0000001f
       34085000	      3309	800044e6	01fdeb33	or	x22,x27,x31	 x27:0x7ffd431c x31:0x00000c80 x22=0x7ffd4f9c
       34115000	      3312	800044ea	03ef8833	mul	x16,x31,x30	 x31:0x00000c80 x30:0xcc9b3000 x16=0x93d80000
       34125000	      3313	800044ee	015f5bb3	srl	x23,x30,x21	 x30:0xcc9b3000 x21:0x00000000 x23=0xcc9b3000
       34135000	      3314	800044f2	189c	c.addi4spn	x15,x2,112	 x15=0x8000425f
       34505000	      3351	800044f4	02a0dd33	divu	x26,x1,x10	  x1:0x00000000 x10:0xdd98a400 x26=0x00000000
       34515000	      3352	800044f8	8efd	c.and	x13,x15	 x13:0x00000000 x15:0x8000425f x13=0x00000000
       34525000	      3353	800044fa	3400d773	csrrwi	x14,mscratch,1	 x14=0x00000000
       34565000	      3357	800044fe	031db0b3	mulhu	x1,x27,x17	 x27:0x7ffd431c x17:0x0000c800  x1=0x000063fd
       34575000	      3358	80004502	6a862537	lui	x10,0x6a862	 x10=0x6a862000
       34585000	      3359	80004506	0045e8b3	or	x17,x11,x4	 x11:0x00000001  x4:0xfcfc0000 x17=0xfcfc0001
       34595000	      3360	8000450a	8785	c.srai	x15,0x1	 x15:0x8000425f x15=0xc000212f
       34605000	      3361	8000450c	62353a97	auipc	x21,0x62353	 x21=0xe235750c
       34615000	      3362	80004510	01728263	beq	x5,x23,80004514	  x5:0x00000000 x23:0xcc9b3000
       34635000	      3364	80004514	03d87233	remu	x4,x16,x29	 x16:0x93d80000 x29:0x00000000  x4=0x93d80000
       34645000	      3365	80004518	3403ba73	csrrc	x20,mscratch,x7	  x7:0x0000001f x20=0x00000001
       34655000	      3366	8000451c	04a11263	bne	x2,x10,80004560	  x2:0x800041ef x10:0x6a862000
       34675000	      3368	80004560	f4936b13	ori	x22,x6,-183	  x6:0x00000000 x22=0xffffff49
       34685000	      3369	80004564	00121493	slli	x9,x4,0x1	  x4:0x93d80000  x9=0x27b00000
       34695000	      3370	80004568	c8db6097	auipc	x1,0xc8db6	  x1=0x48dba568
       34705000	      3371	8000456c	01bed833	srl	x16,x29,x27	 x29:0x00000000 x27:0x7ffd431c x16=0x00000000
       34715000	      3372	80004570	002cd733	srl	x14,x25,x2	 x25:0x00000001  x2:0x800041ef x14=0x00000000
       34725000	      3373	80004574	4abd	c.li	x21,15	 x21=0x0000000f
       34735000	      3374	80004576	011e6963	bltu	x28,x17,80004588	 x28:0x8001fe64 x17:0xfcfc0001
       34755000	      3376	80004588	8fb1	c.xor	x15,x12	 x15:0xc000212f x12:0x80023ce4 x15=0x40021dcb
       34765000	      3377	8000458a	00ad9a33	sll	x20,x27,x10	 x27:0x7ffd431c x10:0x6a862000 x20=0x7ffd431c
       34775000	      3378	8000458e	717d	c.addi16sp	x2,-16	  x2:0x800041ef  x2=0x800041df
       34785000	      3379	80004590	c385	c.beqz	x15,800045b0	 x15:0x40021dcb
       35155000	      3416	80004592	0374e6b3	rem	x13,x9,x23	  x9:0x27b00000 x23:0xcc9b3000 x13=0x27b00000
       35165000	      3417	80004596	e131	c.bnez	x10,800045da	 x10:0x6a862000
       35195000	      3420	800045da	41068cb3	sub	x25,x13,x16	 x13:0x27b00000 x16:0x00000000 x25=0x27b00000
       35205000	      3421	800045de	00222d33	slt	x26,x4,x2	  x4:0x93d80000  x2:0x800041df x26=0x00000000
       35215000	      3422	800045e2	34003f73	csrrc	x30,mscratch,x0	  x0:0x00000000 x30=0x00000000
       35585000	      3459	800045e6	03b4c733	div	x14,x9,x27	  x9:0x27b00000 x27:0x7ffd431c x14=0x00000000
       35595000	      3460	800045ea	022001ef	jal	x3,8000460c	  x3=0x800045ee
       35615000	      3462	8000460c	3fd5	c.jal	80004600	  x1=0x8000460e
       35635000	      3464	80004600	bfe5	c.j	800045f8	
       35655000	      3466	800045f8	3ff5	c.jal	800045f4	  x1=0x800045fa
       35675000	      3468	800045f4	01e008ef	jal	x17,80004612	 x17=0x800045f8
       35705000	      3471	80004612	fe9ff0ef	jal	x1,800045fa	  x1=0x80004616
       35735000	      3474	800045fa	01000eef	jal	x29,8000460a	 x29=0x800045fe
       35755000	      3476	8000460a	a019	c.j	80004610	
       35775000	      3478	80004610	bffd	c.j	8000460e	
       35795000	      3480	8000460e	37c5	c.jal	800045ee	  x1=0x80004610
       35825000	      3483	800045ee	028000ef	jal	x1,80004616	  x1=0x800045f2
       35845000	      3485	80004616	b7f5	c.j	80004602	
       35865000	      3487	80004602	3fc5	c.jal	800045f2	  x1=0x80004604
       35885000	      3489	800045f2	a819	c.j	80004608	
       35905000	      3491	80004608	3fdd	c.jal	800045fe	  x1=0x8000460a
       35925000	      3493	800045fe	2019	c.jal	80004604	  x1=0x80004600
       35945000	      3495	80004604	a009	c.j	80004606	
       35965000	      3497	80004606	a809	c.j	80004618	
       35985000	      3499	80004618	3d190f13	addi	x30,x18,977	 x18:0x00000001 x30=0x000003d2
       35995000	      3500	8000461c	c41fc693	xori	x13,x31,-959	 x31:0x00000c80 x13=0xfffff0c1
       36005000	      3501	80004620	03e84563	blt	x16,x30,8000464a	 x16:0x00000000 x30:0x000003d2
       36025000	      3503	8000464a	8f3d	c.xor	x14,x15	 x14:0x00000000 x15:0x40021dcb x14=0x40021dcb
       36395000	      3540	8000464c	0345da33	divu	x20,x11,x20	 x11:0x00000001 x20:0x7ffd431c x20=0x00000000
       36405000	      3541	80004650	9bf6	c.add	x23,x29	 x23:0xcc9b3000 x29:0x800045fe x23=0x4c9b75fe
       36445000	      3545	80004652	020b34b3	mulhu	x9,x22,x0	 x22:0xffffff49  x0:0x00000000  x9=0x00000000
       36455000	      3546	80004656	009eee63	bltu	x29,x9,80004672	 x29:0x800045fe  x9:0x00000000
       36465000	      3547	8000465a	012e1833	sll	x16,x28,x18	 x28:0x8001fe64 x18:0x00000001 x16=0x0003fcc8
       36475000	      3548	8000465e	417e5813	srai	x16,x28,0x17	 x28:0x8001fe64 x16=0xffffff00
       36485000	      3549	80004662	c315	c.beqz	x14,80004686	 x14:0x40021dcb
       36495000	      3550	80004664	d23df913	andi	x18,x27,-733	 x27:0x7ffd431c x18=0x7ffd4100
       36505000	      3551	80004668	01cef833	and	x16,x29,x28	 x29:0x800045fe x28:0x8001fe64 x16=0x80004464
       36515000	      3552	8000466c	efcfe793	ori	x15,x31,-260	 x31:0x00000c80 x15=0xfffffefc
       36525000	      3553	80004670	188c	c.addi4spn	x11,x2,112	 x11=0x8000424f
       36535000	      3554	80004672	46b7ba97	auipc	x21,0x46b7b	 x21=0xc6b7f672
       36545000	      3555	80004676	84dd	c.srai	x9,0x17	  x9:0x00000000  x9=0x00000000
       36555000	      3556	80004678	99fd	c.andi	x11,-1	 x11:0x8000424f x11=0x8000424f
       36565000	      3557	8000467a	3404a4f3	csrrs	x9,mscratch,x9	  x9:0x00000000  x9=0x00000000
       36575000	      3558	8000467e	41008cb3	sub	x25,x1,x16	  x1:0x80004600 x16:0x80004464 x25=0x0000019c
       36585000	      3559	80004682	017a2ab3	slt	x21,x20,x23	 x20:0x00000000 x23:0x4c9b75fe x21=0x00000001
       36595000	      3560	80004686	82f1	c.srli	x13,0x1c	 x13:0xfffff0c1 x13=0x0000000f
       36605000	      3561	80004688	717d	c.addi16sp	x2,-16	  x2:0x800041df  x2=0x800041cf
       36615000	      3562	8000468a	340a5ef3	csrrwi	x29,mscratch,20	 x29=0x00000000
       36625000	      3563	8000468e	02d94163	blt	x18,x13,800046b0	 x18:0x7ffd4100 x13:0x0000000f
       36635000	      3564	80004692	671d	c.lui	x14,0x7	 x14=0x00007000
       36675000	      3568	80004694	02049033	mulh	x0,x9,x0	  x9:0x00000000  x0:0x00000000  x0=0x00000000
       36685000	      3569	80004698	41265993	srai	x19,x12,0x12	 x12:0x80023ce4 x19=0xffffe000
       36695000	      3570	8000469c	0020bdb3	sltu	x27,x1,x2	  x1:0x80004600  x2:0x800041cf x27=0x00000000
       36705000	      3571	800046a0	8cb9	c.xor	x9,x14	  x9:0x00000000 x14:0x00007000  x9=0x00007000
       36715000	      3572	800046a2	717d	c.addi16sp	x2,-16	  x2:0x800041cf  x2=0x800041bf
       36725000	      3573	800046a4	3f206a13	ori	x20,x0,1010	  x0:0x00000000 x20=0x000003f2
       36735000	      3574	800046a8	413d5093	srai	x1,x26,0x13	 x26:0x00000000  x1=0x00000000
       36745000	      3575	800046ac	0000100f	fence.i	
       36765000	      3577	800046b0	e992a313	slti	x6,x5,-359	  x5:0x00000000  x6=0x00000000
       36775000	      3578	800046b4	0742	c.slli	x14,0x10	 x14:0x00007000 x14=0x70000000
       36785000	      3579	800046b6	01a06c63	bltu	x0,x26,800046ce	  x0:0x00000000 x26:0x00000000
       36795000	      3580	800046ba	0118ddb3	srl	x27,x17,x17	 x17:0x800045f8 x17:0x800045f8 x27=0x00000080
       36805000	      3581	800046be	0000100f	fence.i	
       36835000	      3584	800046c2	5409a593	slti	x11,x19,1344	 x19:0xffffe000 x11=0x00000001
       36845000	      3585	800046c6	41625313	srai	x6,x4,0x16	  x4:0x93d80000  x6=0xfffffe4f
       36855000	      3586	800046ca	0189fd33	and	x26,x19,x24	 x19:0xffffe000 x24:0x00000000 x26=0x00000000
       36865000	      3587	800046ce	9b4e	c.add	x22,x19	 x22:0xffffff49 x19:0xffffe000 x22=0xffffdf49
       36875000	      3588	800046d0	0001	c.addi	x0,0	  x0:0x00000000  x0=0x00000000
       36885000	      3589	800046d2	678c6193	ori	x3,x24,1656	 x24:0x00000000  x3=0x00000678
       36895000	      3590	800046d6	4841	c.li	x16,16	 x16=0x00000010
       36905000	      3591	800046d8	01535e93	srli	x29,x6,0x15	  x6:0xfffffe4f x29=0x000007ff
       36915000	      3592	800046dc	00151093	slli	x1,x10,0x1	 x10:0x6a862000  x1=0xd50c4000
       36925000	      3593	800046e0	415c8733	sub	x14,x25,x21	 x25:0x0000019c x21:0x00000001 x14=0x0000019b
       37295000	      3630	800046e4	02f94db3	div	x27,x18,x15	 x18:0x7ffd4100 x15:0xfffffefc x27=0xff81fad4
       37305000	      3631	800046e8	4157d8b3	sra	x17,x15,x21	 x15:0xfffffefc x21:0x00000001 x17=0xffffff7e
       37315000	      3632	800046ec	001d5513	srli	x10,x26,0x1	 x26:0x00000000 x10=0x00000000
       37325000	      3633	800046f0	96ca	c.add	x13,x18	 x13:0x0000000f x18:0x7ffd4100 x13=0x7ffd410f
       37335000	      3634	800046f2	07d5	c.addi	x15,21	 x15:0xfffffefc x15=0xffffff11
       37345000	      3635	800046f4	34007c73	csrrci	x24,mscratch,0	 x24=0x00000014
       37355000	      3636	800046f8	00950733	add	x14,x10,x9	 x10:0x00000000  x9:0x00007000 x14=0x00007000
       37365000	      3637	800046fc	008d93b3	sll	x7,x27,x8	 x27:0xff81fad4  x8:0x80000000  x7=0xff81fad4
       37375000	      3638	80004700	03c5	c.addi	x7,17	  x7:0xff81fad4  x7=0xff81fae5
       37385000	      3639	80004702	04329463	bne	x5,x3,8000474a	  x5:0x00000000  x3:0x00000678
       37445000	      3645	8000474a	03b72833	mulhsu	x16,x14,x27	 x14:0x00007000 x27:0xff81fad4 x16=0x00006fc8
       37455000	      3646	8000474e	0030e133	or	x2,x1,x3	  x1:0xd50c4000  x3:0x00000678  x2=0xd50c4678
       37465000	      3647	80004752	2b169017	auipc	x0,0x2b169	  x0=0x00000000
       37475000	      3648	80004756	0117ab33	slt	x22,x15,x17	 x15:0xffffff11 x17:0xffffff7e x22=0x00000001
       37485000	      3649	8000475a	8ebd	c.xor	x13,x15	 x13:0x7ffd410f x15:0xffffff11 x13=0x8002be1e
       37495000	      3650	8000475c	01d9d133	srl	x2,x19,x29	 x19:0xffffe000 x29:0x000007ff  x2=0x00000001
       37505000	      3651	80004760	00fddd13	srli	x26,x27,0xf	 x27:0xff81fad4 x26=0x0001ff03
       37875000	      3688	80004764	02f66233	rem	x4,x12,x15	 x12:0x80023ce4 x15:0xffffff11  x4=0xffffff73
       38245000	      3725	80004768	029577b3	remu	x15,x10,x9	 x10:0x00000000  x9:0x00007000 x15=0x00000000
       38255000	      3726	8000476c	01ef9a33	sll	x20,x31,x30	 x31:0x00000c80 x30:0x000003d2 x20=0x32000000
       38265000	      3727	80004770	08dcec13	ori	x24,x25,141	 x25:0x0000019c x24=0x0000019d
       38275000	      3728	80004774	0395e963	bltu	x11,x25,800047a6	 x11:0x00000001 x25:0x0000019c
       38665000	      3767	800047a6	033cdd33	divu	x26,x25,x19	 x25:0x0000019c x19:0xffffe000 x26=0x00000000
       38675000	      3768	800047aa	f1693113	sltiu	x2,x18,-234	 x18:0x7ffd4100  x2=0x00000001
       38685000	      3769	800047ae	52fd	c.li	x5,-1	  x5=0xffffffff
       38695000	      3770	800047b0	87ed	c.srai	x15,0x1b	 x15:0x00000000 x15=0x00000000
       38705000	      3771	800047b2	8d1d	c.sub	x10,x15	 x10:0x00000000 x15:0x00000000 x10=0x00000000
       38715000	      3772	800047b4	1284	c.addi4spn	x9,x2,352	  x9=0x00000161
       38725000	      3773	800047b6	8d9d	c.sub	x11,x15	 x11:0x00000001 x15:0x00000000 x11=0x00000001
       38735000	      3774	800047b8	0001	c.addi	x0,0	  x0:0x00000000  x0=0x00000000
       38745000	      3775	800047ba	61230a93	addi	x21,x6,1554	  x6:0xfffffe4f x21=0x00000461
       38755000	      3776	800047be	408c5313	srai	x6,x24,0x8	 x24:0x0000019d  x6=0x00000001
       38765000	      3777	800047c2	66c21517	auipc	x10,0x66c21	 x10=0xe6c257c2
       38775000	      3778	800047c6	01f48bb3	add	x23,x9,x31	  x9:0x00000161 x31:0x00000c80 x23=0x00000de1
       39145000	      3815	800047ca	02497fb3	remu	x31,x18,x4	 x18:0x7ffd4100  x4:0xffffff73 x31=0x7ffd4100
       39155000	      3816	800047ce	005ba133	slt	x2,x23,x5	 x23:0x00000de1  x5:0xffffffff  x2=0x00000000
       39165000	      3817	800047d2	00215e63	bge	x2,x2,800047ee	  x2:0x00000000  x2:0x00000000
       39195000	      3820	800047ee	0143e1b3	or	x3,x7,x20	  x7:0xff81fae5 x20:0x32000000  x3=0xff81fae5
       39205000	      3821	800047f2	ec85	c.bnez	x9,8000482a	  x9:0x00000161
       39265000	      3827	8000482a	02f73f33	mulhu	x30,x14,x15	 x14:0x00007000 x15:0x00000000 x30=0x00000000
       39275000	      3828	8000482e	00fb81b3	add	x3,x23,x15	 x23:0x00000de1 x15:0x00000000  x3=0x00000de1
       39285000	      3829	80004832	005b8c93	addi	x25,x23,5	 x23:0x00000de1 x25=0x00000de6
       39295000	      3830	80004836	019cd133	srl	x2,x25,x25	 x25:0x00000de6 x25:0x00000de6  x2=0x00000037
       39305000	      3831	8000483a	3406dff3	csrrwi	x31,mscratch,13	 x31=0x00000014
       39315000	      3832	8000483e	269bb293	sltiu	x5,x23,617	 x23:0x00000de1  x5=0x00000000
       39325000	      3833	80004842	40a85a13	srai	x20,x16,0xa	 x16:0x00006fc8 x20=0x0000001b
       39335000	      3834	80004846	009affb3	and	x31,x21,x9	 x21:0x00000461  x9:0x00000161 x31=0x00000061
       39705000	      3871	8000484a	035bdeb3	divu	x29,x23,x21	 x23:0x00000de1 x21:0x00000461 x29=0x00000003
       39715000	      3872	8000484e	8d3d	c.xor	x10,x15	 x10:0xe6c257c2 x15:0x00000000 x10=0xe6c257c2
       39725000	      3873	80004850	403206b3	sub	x13,x4,x3	  x4:0xffffff73  x3:0x00000de1 x13=0xfffff192
       39735000	      3874	80004854	017bb133	sltu	x2,x23,x23	 x23:0x00000de1 x23:0x00000de1  x2=0x00000000
       39745000	      3875	80004858	1d94	c.addi4spn	x13,x2,752	 x13=0x000002f0
       39755000	      3876	8000485a	34062073	csrrs	x0,mscratch,x12	 x12:0x80023ce4  x0=0x00000000
       39765000	      3877	8000485e	00b70f63	beq	x14,x11,8000487c	 x14:0x00007000 x11:0x00000001
       39775000	      3878	80004862	27d3e693	ori	x13,x7,637	  x7:0xff81fae5 x13=0xff81fafd
       39785000	      3879	80004866	01181313	slli	x6,x16,0x11	 x16:0x00006fc8  x6=0xdf900000
       39795000	      3880	8000486a	01fd47b3	xor	x15,x26,x31	 x26:0x00000000 x31:0x00000061 x15=0x00000061
       39805000	      3881	8000486e	0ff0000f	fence	iorw,iorw	
       39815000	      3882	80004872	8db9	c.xor	x11,x14	 x11:0x00000001 x14:0x00007000 x11=0x00007001
       39825000	      3883	80004874	0ff0000f	fence	iorw,iorw	
       39835000	      3884	80004878	41b505b3	sub	x11,x10,x27	 x10:0xe6c257c2 x27:0xff81fad4 x11=0xe7405cee
       39845000	      3885	8000487c	018750b3	srl	x1,x14,x24	 x14:0x00007000 x24:0x0000019d  x1=0x00000000
       39855000	      3886	80004880	01d5dd63	bge	x11,x29,8000489a	 x11:0xe7405cee x29:0x00000003
       39865000	      3887	80004884	93c2	c.add	x7,x16	  x7:0xff81fae5 x16:0x00006fc8  x7=0xff826aad
       39875000	      3888	80004886	01597363	bgeu	x18,x21,8000488c	 x18:0x7ffd4100 x21:0x00000461
       39895000	      3890	8000488c	0288	c.addi4spn	x10,x2,320	 x10=0x00000140
       39905000	      3891	8000488e	5f47f893	andi	x17,x15,1524	 x15:0x00000061 x17=0x00000060
       39945000	      3895	80004892	021cafb3	mulhsu	x31,x25,x1	 x25:0x00000de6  x1:0x00000000 x31=0x00000000
       39955000	      3896	80004896	0000100f	fence.i	
       39985000	      3899	8000489a	3406faf3	csrrci	x21,mscratch,13	 x21=0x80023ced
       39995000	      3900	8000489e	0ec6	c.slli	x29,0x11	 x29:0x00000003 x29=0x00060000
       40005000	      3901	800048a0	0001	c.addi	x0,0	  x0:0x00000000  x0=0x00000000
       40015000	      3902	800048a2	34085bf3	csrrwi	x23,mscratch,16	 x23=0x80023ce0
       40025000	      3903	800048a6	04955263	bge	x10,x9,800048ea	 x10:0x00000140  x9:0x00000161
       40065000	      3907	800048aa	03a91533	mulh	x10,x18,x26	 x18:0x7ffd4100 x26:0x00000000 x10=0x00000000
       40075000	      3908	800048ae	41e3d713	srai	x14,x7,0x1e	  x7:0xff826aad x14=0xffffffff
       40085000	      3909	800048b2	01096733	or	x14,x18,x16	 x18:0x7ffd4100 x16:0x00006fc8 x14=0x7ffd6fc8
       40125000	      3913	800048b6	03321d33	mulh	x26,x4,x19	  x4:0xffffff73 x19:0xffffe000 x26=0x00000000
       40135000	      3914	800048ba	8f26	c.mv	x30,x9	  x0:0x00000000  x9:0x00000161 x30=0x00000161
       40145000	      3915	800048bc	01a029b3	slt	x19,x0,x26	  x0:0x00000000 x26:0x00000000 x19=0x00000000
       40155000	      3916	800048c0	02268763	beq	x13,x2,800048ee	 x13:0xff81fafd  x2:0x00000000
       40165000	      3917	800048c4	84e5	c.srai	x9,0x19	  x9:0x00000161  x9=0x00000000
       40175000	      3918	800048c6	85f9	c.srai	x11,0x1e	 x11:0xe7405cee x11=0xffffffff
       40185000	      3919	800048c8	001f1933	sll	x18,x30,x1	 x30:0x00000161  x1:0x00000000 x18=0x00000161
       40195000	      3920	800048cc	02e1e663	bltu	x3,x14,800048f8	  x3:0x00000de1 x14:0x7ffd6fc8
       40215000	      3922	800048f8	0ff0000f	fence	iorw,iorw	
       40225000	      3923	800048fc	5dfd	c.li	x27,-1	 x27=0xffffffff
       40235000	      3924	800048fe	01a62bb3	slt	x23,x12,x26	 x12:0x80023ce4 x26:0x00000000 x23=0x00000001
       40245000	      3925	80004902	34002373	csrrs	x6,mscratch,x0	  x0:0x00000000  x6=0x00000010
       40255000	      3926	80004906	0ff0000f	fence	iorw,iorw	
       40265000	      3927	8000490a	108e7d13	andi	x26,x28,264	 x28:0x8001fe64 x26=0x00000000
       40275000	      3928	8000490e	6169	c.addi16sp	x2,208	  x2:0x00000000  x2=0x000000d0
       40285000	      3929	80004910	8d29	c.xor	x10,x10	 x10:0x00000000 x10:0x00000000 x10=0x00000000
       40295000	      3930	80004912	01e2f4b3	and	x9,x5,x30	  x5:0x00000000 x30:0x00000161  x9=0x00000000
       40305000	      3931	80004916	03dc5263	bge	x24,x29,8000493a	 x24:0x0000019d x29:0x00060000
       40315000	      3932	8000491a	e991	c.bnez	x11,8000492e	 x11:0xffffffff
       40345000	      3935	8000492e	00157b33	and	x22,x10,x1	 x10:0x00000000  x1:0x00000000 x22=0x00000000
       40355000	      3936	80004932	340fe6f3	csrrsi	x13,mscratch,31	 x13=0x00000010
       40365000	      3937	80004936	340811f3	csrrw	x3,mscratch,x16	 x16:0x00006fc8  x3=0x0000001f
       40375000	      3938	8000493a	34012573	csrrs	x10,mscratch,x2	  x2:0x000000d0 x10=0x00006fc8
       40385000	      3939	8000493e	02db8c63	beq	x23,x13,80004976	 x23:0x00000001 x13:0x00000010
       40395000	      3940	80004942	91d2	c.add	x3,x20	  x3:0x0000001f x20:0x0000001b  x3=0x0000003a
       40405000	      3941	80004944	01235663	bge	x6,x18,80004950	  x6:0x00000010 x18:0x00000161
       40435000	      3944	80004948	03998733	mul	x14,x19,x25	 x19:0x00000000 x25:0x00000de6 x14=0x00000000
       40445000	      3945	8000494c	69196a97	auipc	x21,0x69196	 x21=0xe919a94c
       40465000	      3947	80004950	03395333	divu	x6,x18,x19	 x18:0x00000161 x19:0x00000000  x6=0xffffffff
       40475000	      3948	80004954	340860f3	csrrsi	x1,mscratch,16	  x1=0x00006fd8
       40485000	      3949	80004958	829d	c.srli	x13,0x7	 x13:0x00000010 x13=0x00000000
       40495000	      3950	8000495a	01bd9313	slli	x6,x27,0x1b	 x27:0xffffffff  x6=0xf8000000
       40505000	      3951	8000495e	8176	c.mv	x2,x29	  x0:0x00000000 x29:0x00060000  x2=0x00060000
       40515000	      3952	80004960	f219b593	sltiu	x11,x19,-223	 x19:0x00000000 x11=0x00000001
       40525000	      3953	80004964	02e76763	bltu	x14,x14,80004992	 x14:0x00000000 x14:0x00000000
       40565000	      3957	80004968	02131a33	mulh	x20,x6,x1	  x6:0xf8000000  x1:0x00006fd8 x20=0xfffffc81
       40575000	      3958	8000496c	920a	c.add	x4,x2	  x4:0xffffff73  x2:0x00060000  x4=0x0005ff73
       40585000	      3959	8000496e	64027393	andi	x7,x4,1600	  x4:0x0005ff73  x7=0x00000640
       40595000	      3960	80004972	a8573313	sltiu	x6,x14,-1403	 x14:0x00000000  x6=0x00000001
       40605000	      3961	80004976	34061f73	csrrw	x30,mscratch,x12	 x12:0x80023ce4 x30=0x00006fd8
       40615000	      3962	8000497a	473d	c.li	x14,15	 x14=0x0000000f
       40985000	      3999	8000497c	022f71b3	remu	x3,x30,x2	 x30:0x00006fd8  x2:0x00060000  x3=0x00006fd8
       40995000	      4000	80004980	84ad	c.srai	x9,0xb	  x9:0x00000000  x9=0x00000000
       41005000	      4001	80004982	086e	c.slli	x16,0x1b	 x16:0x00006fc8 x16=0x40000000
       41045000	      4005	80004984	0240bbb3	mulhu	x23,x1,x4	  x1:0x00006fd8  x4:0x0005ff73 x23=0x00000002
       41085000	      4009	80004988	03fa22b3	mulhsu	x5,x20,x31	 x20:0xfffffc81 x31:0x00000000  x5=0x00000000
       41095000	      4010	8000498c	8ebd	c.xor	x13,x15	 x13:0x00000000 x15:0x00000061 x13=0x00000061
       41105000	      4011	8000498e	1b686bb7	lui	x23,0x1b686	 x23=0x1b686000
       41135000	      4014	80004992	025a8333	mul	x6,x21,x5	 x21:0xe919a94c  x5:0x00000000  x6=0x00000000
       41145000	      4015	80004996	010001ef	jal	x3,800049a6	  x3=0x8000499a
       41165000	      4017	800049a6	a831	c.j	800049c2	
       41185000	      4019	800049c2	b7dd	c.j	800049a8	
       41205000	      4021	800049a8	3fcd	c.jal	8000499a	  x1=0x800049aa
       41225000	      4023	8000499a	2801	c.jal	800049aa	  x1=0x8000499c
       41255000	      4026	800049aa	01c001ef	jal	x3,800049c6	  x3=0x800049ae
       41285000	      4029	800049c6	fdbff0ef	jal	x1,800049a0	  x1=0x800049ca
       41305000	      4031	800049a0	018000ef	jal	x1,800049b8	  x1=0x800049a4
       41325000	      4033	800049b8	3fdd	c.jal	800049ae	  x1=0x800049ba
       41345000	      4035	800049ae	bfc5	c.j	8000499e	
       41365000	      4037	8000499e	a809	c.j	800049b0	
       41385000	      4039	800049b0	a039	c.j	800049be	
       41405000	      4041	800049be	2019	c.jal	800049c4	  x1=0x800049c0
       41425000	      4043	800049c4	a811	c.j	800049d8	
       41445000	      4045	800049d8	fe9ff0ef	jal	x1,800049c0	  x1=0x800049dc
       41465000	      4047	800049c0	a029	c.j	800049ca	
       41485000	      4049	800049ca	2019	c.jal	800049d0	  x1=0x800049cc
       41505000	      4051	800049d0	fffff36f	jal	x6,800049ce	  x6=0x800049d4
       41525000	      4053	800049ce	37e5	c.jal	800049b6	  x1=0x800049d0
       41545000	      4055	800049b6	bffd	c.j	800049b4	
       41565000	      4057	800049b4	bfc5	c.j	800049a4	
       41585000	      4059	800049a4	a80d	c.j	800049d6	
       41605000	      4061	800049d6	b7d5	c.j	800049ba	
       41635000	      4064	800049ba	01a008ef	jal	x17,800049d4	 x17=0x800049be
       41655000	      4066	800049d4	3ff9	c.jal	800049b2	  x1=0x800049d6
       41675000	      4068	800049b2	37ed	c.jal	8000499c	  x1=0x800049b4
       41695000	      4070	8000499c	2805	c.jal	800049cc	  x1=0x8000499e
       41715000	      4072	800049cc	a801	c.j	800049dc	
       41735000	      4074	800049dc	34006573	csrrsi	x10,mscratch,0	 x10=0x80023ce4
       41745000	      4075	800049e0	46d5	c.li	x13,21	 x13=0x00000015
       41755000	      4076	800049e2	34007373	csrrci	x6,mscratch,0	  x6=0x80023ce4
       42125000	      4113	800049e6	0399dcb3	divu	x25,x19,x25	 x19:0x00000000 x25:0x00000de6 x25=0x00000000
       42135000	      4114	800049ea	cc018b13	addi	x22,x3,-832	  x3:0x800049ae x22=0x8000466e
       42165000	      4117	800049ee	02b90533	mul	x10,x18,x11	 x18:0x00000161 x11:0x00000001 x10=0x00000161
       42175000	      4118	800049f2	01e1a933	slt	x18,x3,x30	  x3:0x800049ae x30:0x00006fd8 x18=0x00000001
       42185000	      4119	800049f6	00a54cb3	xor	x25,x10,x10	 x10:0x00000161 x10:0x00000161 x25=0x00000000
       42195000	      4120	800049fa	3403e8f3	csrrsi	x17,mscratch,7	 x17=0x80023ce4
       42205000	      4121	800049fe	403d8cb3	sub	x25,x27,x3	 x27:0xffffffff  x3:0x800049ae x25=0x7fffb651
       42215000	      4122	80004a02	8d31	c.xor	x10,x12	 x10:0x00000161 x12:0x80023ce4 x10=0x80023d85
       42225000	      4123	80004a04	eea28c93	addi	x25,x5,-278	  x5:0x00000000 x25=0xfffffeea
       42235000	      4124	80004a08	40ad0f33	sub	x30,x26,x10	 x26:0x00000000 x10:0x80023d85 x30=0x7ffdc27b
       42245000	      4125	80004a0c	002992b3	sll	x5,x19,x2	 x19:0x00000000  x2:0x00060000  x5=0x00000000
       42255000	      4126	80004a10	00c40033	add	x0,x8,x12	  x8:0x80000000 x12:0x80023ce4  x0=0x00000000
       42625000	      4163	80004a14	03eaf733	remu	x14,x21,x30	 x21:0xe919a94c x30:0x7ffdc27b x14=0x691be6d1
       42635000	      4164	80004a18	0001	c.addi	x0,0	  x0:0x00000000  x0=0x00000000
       43005000	      4201	80004a1a	02a647b3	div	x15,x12,x10	 x12:0x80023ce4 x10:0x80023d85 x15=0x00000001
       43015000	      4202	80004a1e	00f6e8b3	or	x17,x13,x15	 x13:0x00000015 x15:0x00000001 x17=0x00000015
       43025000	      4203	80004a22	8585	c.srai	x11,0x1	 x11:0x00000001 x11=0x00000000
       43035000	      4204	80004a24	34002573	csrrs	x10,mscratch,x0	  x0:0x00000000 x10=0x80023ce7
       43045000	      4205	80004a28	01ac06b3	add	x13,x24,x26	 x24:0x0000019d x26:0x00000000 x13=0x0000019d
       43055000	      4206	80004a2c	826e	c.mv	x4,x27	  x0:0x00000000 x27:0xffffffff  x4=0xffffffff
       43065000	      4207	80004a2e	031a7d63	bgeu	x20,x17,80004a68	 x20:0xfffffc81 x17:0x00000015
       43085000	      4209	80004a68	e589	c.bnez	x11,80004a72	 x11:0x00000000
       43095000	      4210	80004a6a	00ae20b3	slt	x1,x28,x10	 x28:0x8001fe64 x10:0x80023ce7  x1=0x00000001
       43465000	      4247	80004a6e	0342ecb3	rem	x25,x5,x20	  x5:0x00000000 x20:0xfffffc81 x25=0x00000000
       43475000	      4248	80004a72	40b589b3	sub	x19,x11,x11	 x11:0x00000000 x11:0x00000000 x19=0x00000000
       43485000	      4249	80004a76	62d9	c.lui	x5,0x16	  x5=0x00016000
       43495000	      4250	80004a78	000c6eb3	or	x29,x24,x0	 x24:0x0000019d  x0:0x00000000 x29=0x0000019d
       43505000	      4251	80004a7c	e139	c.bnez	x10,80004ac2	 x10:0x80023ce7
       43525000	      4253	80004ac2	0e94	c.addi4spn	x13,x2,848	 x13=0x00060350
       43535000	      4254	80004ac4	4c600237	lui	x4,0x4c600	  x4=0x4c600000
       43545000	      4255	80004ac8	01ed1193	slli	x3,x26,0x1e	 x26:0x00000000  x3=0x00000000
       43555000	      4256	80004acc	1c18	c.addi4spn	x14,x2,560	 x14=0x00060230
       43565000	      4257	80004ace	bd520c93	addi	x25,x4,-1067	  x4:0x4c600000 x25=0x4c5ffbd5
       43935000	      4294	80004ad2	02d97eb3	remu	x29,x18,x13	 x18:0x00000001 x13:0x00060350 x29=0x00000001
       43945000	      4295	80004ad6	026001ef	jal	x3,80004afc	  x3=0x80004ada
       43965000	      4297	80004afc	a02d	c.j	80004b26	
       43985000	      4299	80004b26	b7c9	c.j	80004ae8	
       44005000	      4301	80004ae8	a015	c.j	80004b0c	
       44025000	      4303	80004b0c	fe3ff2ef	jal	x5,80004aee	  x5=0x80004b10
       44055000	      4306	80004aee	03200fef	jal	x31,80004b20	 x31=0x80004af2
       44075000	      4308	80004b20	bfcd	c.j	80004b12	
       44095000	      4310	80004b12	2809	c.jal	80004b24	  x1=0x80004b14
       44115000	      4312	80004b24	3fd5	c.jal	80004b18	  x1=0x80004b26
       44135000	      4314	80004b18	b7fd	c.j	80004b06	
       44155000	      4316	80004b06	bfc5	c.j	80004af6	
       44185000	      4319	80004af6	00e000ef	jal	x1,80004b04	  x1=0x80004afa
       44205000	      4321	80004b04	bfdd	c.j	80004afa	
       44225000	      4323	80004afa	b7d5	c.j	80004ade	
       44255000	      4326	80004ade	04a0036f	jal	x6,80004b28	  x6=0x80004ae2
       44275000	      4328	80004b28	bfed	c.j	80004b22	
       44295000	      4330	80004b22	bff1	c.j	80004afe	
       44325000	      4333	80004afe	004000ef	jal	x1,80004b02	  x1=0x80004b02
       44345000	      4335	80004b02	a809	c.j	80004b14	
       44365000	      4337	80004b14	fc7ff1ef	jal	x3,80004ada	  x3=0x80004b18
       44395000	      4340	80004ada	02e0016f	jal	x2,80004b08	  x2=0x80004ade
       44415000	      4342	80004b08	014000ef	jal	x1,80004b1c	  x1=0x80004b0c
       44435000	      4344	80004b1c	2009	c.jal	80004b1e	  x1=0x80004b1e
       44455000	      4346	80004b1e	37f1	c.jal	80004aea	  x1=0x80004b20
       44475000	      4348	80004aea	bff5	c.j	80004ae6	
       44495000	      4350	80004ae6	2019	c.jal	80004aec	  x1=0x80004ae8
       44515000	      4352	80004aec	2015	c.jal	80004b10	  x1=0x80004aee
       44535000	      4354	80004b10	a029	c.j	80004b1a	
       44555000	      4356	80004b1a	b7e1	c.j	80004ae2	
       44585000	      4359	80004ae2	010000ef	jal	x1,80004af2	  x1=0x80004ae6
       44615000	      4362	80004af2	0380036f	jal	x6,80004b2a	  x6=0x80004af6
       44645000	      4365	80004b2a	f21dfa93	andi	x21,x27,-223	 x27:0xffffffff x21=0xffffff21
       44685000	      4369	80004b2e	03ee2b33	mulhsu	x22,x28,x30	 x28:0x8001fe64 x30:0x7ffdc27b x22=0xc0021df0
       44695000	      4370	80004b32	6eefca37	lui	x20,0x6eefc	 x20=0x6eefc000
       44705000	      4371	80004b36	018f1f63	bne	x30,x24,80004b54	 x30:0x7ffdc27b x24:0x0000019d
       44725000	      4373	80004b54	9752	c.add	x14,x20	 x14:0x00060230 x20:0x6eefc000 x14=0x6ef5c230
       44735000	      4374	80004b56	cb89	c.beqz	x15,80004b68	 x15:0x00000001
       44745000	      4375	80004b58	019a7833	and	x16,x20,x25	 x20:0x6eefc000 x25:0x4c5ffbd5 x16=0x4c4fc000
       44755000	      4376	80004b5c	9d7e	c.add	x26,x31	 x26:0x00000000 x31:0x80004af2 x26=0x80004af2
       44765000	      4377	80004b5e	618c51b7	lui	x3,0x618c5	  x3=0x618c5000
       44775000	      4378	80004b62	8fc9	c.or	x15,x10	 x15:0x00000001 x10:0x80023ce7 x15=0x80023ce7
       44815000	      4382	80004b64	039833b3	mulhu	x7,x16,x25	 x16:0x4c4fc000 x25:0x4c5ffbd5  x7=0x16c449a9
       44825000	      4383	80004b68	0001	c.addi	x0,0	  x0:0x00000000  x0=0x00000000
       44835000	      4384	80004b6a	016cfbb3	and	x23,x25,x22	 x25:0x4c5ffbd5 x22:0xc0021df0 x23=0x400219d0
       44845000	      4385	80004b6e	34006873	csrrsi	x16,mscratch,0	 x16=0x80023ce7
       44885000	      4389	80004b72	022aa3b3	mulhsu	x7,x21,x2	 x21:0xffffff21  x2:0x80004ade  x7=0xffffff90
       44895000	      4390	80004b76	ac39e113	ori	x2,x19,-1341	 x19:0x00000000  x2=0xfffffac3
       44905000	      4391	80004b7a	ba770713	addi	x14,x14,-1113	 x14:0x6ef5c230 x14=0x6ef5bdd7
       44915000	      4392	80004b7e	6c31	c.lui	x24,0xc	 x24=0x0000c000
       44925000	      4393	80004b80	01f112b3	sll	x5,x2,x31	  x2:0xfffffac3 x31:0x80004af2  x5=0xeb0c0000
       44935000	      4394	80004b84	05efc863	blt	x31,x30,80004bd4	 x31:0x80004af2 x30:0x7ffdc27b
       44985000	      4399	80004bd4	035b2033	mulhsu	x0,x22,x21	 x22:0xc0021df0 x21:0xffffff21  x0=0x00000000
       45355000	      4436	80004bd8	0352ef33	rem	x30,x5,x21	  x5:0xeb0c0000 x21:0xffffff21 x30=0xffffff7a
       45365000	      4437	80004bdc	9bfd	c.andi	x15,-1	 x15:0x80023ce7 x15=0x80023ce7
       45375000	      4438	80004bde	03c7d063	bge	x15,x28,80004bfe	 x15:0x80023ce7 x28:0x8001fe64
       45395000	      4440	80004bfe	8359	c.srli	x14,0x16	 x14:0x6ef5bdd7 x14=0x000001bb
       45405000	      4441	80004c00	340a28f3	csrrs	x17,mscratch,x20	 x20:0x6eefc000 x17=0x80023ce7
       45415000	      4442	80004c04	005f0363	beq	x30,x5,80004c0a	 x30:0xffffff7a  x5:0xeb0c0000
       45425000	      4443	80004c08	82b9	c.srli	x13,0xe	 x13:0x00060350 x13=0x00000018
       45435000	      4444	80004c0a	8f79	c.and	x14,x14	 x14:0x000001bb x14:0x000001bb x14=0x000001bb
       45445000	      4445	80004c0c	15fd	c.addi	x11,-1	 x11:0x00000000 x11=0xffffffff
       45815000	      4482	80004c0e	026965b3	rem	x11,x18,x6	 x18:0x00000001  x6:0x80004af6 x11=0x00000001
       45825000	      4483	80004c12	8806	c.mv	x16,x1	  x0:0x00000000  x1:0x80004ae6 x16=0x80004ae6
       45835000	      4484	80004c14	340d7273	csrrci	x4,mscratch,26	  x4=0xeeeffce7
       45875000	      4488	80004c18	02673a33	mulhu	x20,x14,x6	 x14:0x000001bb  x6:0x80004af6 x20=0x000000dd
       45885000	      4489	80004c1c	6845	c.lui	x16,0x11	 x16=0x00011000
       45925000	      4493	80004c1e	020e13b3	mulh	x7,x28,x0	 x28:0x8001fe64  x0:0x00000000  x7=0x00000000
       45965000	      4497	80004c22	039d9bb3	mulh	x23,x27,x25	 x27:0xffffffff x25:0x4c5ffbd5 x23=0xffffffff
       45975000	      4498	80004c26	46644913	xori	x18,x8,1126	  x8:0x80000000 x18=0x80000466
       46015000	      4502	80004c2a	03481c33	mulh	x24,x16,x20	 x16:0x00011000 x20:0x000000dd x24=0x00000000
       46025000	      4503	80004c2e	415504b3	sub	x9,x10,x21	 x10:0x80023ce7 x21:0xffffff21  x9=0x80023dc6
       46035000	      4504	80004c32	010e48b3	xor	x17,x28,x16	 x28:0x8001fe64 x16:0x00011000 x17=0x8000ee64
       46045000	      4505	80004c36	c1b5	c.beqz	x11,80004c9a	 x11:0x00000001
       46055000	      4506	80004c38	00abe8b3	or	x17,x23,x10	 x23:0xffffffff x10:0x80023ce7 x17=0xffffffff
       46065000	      4507	80004c3c	06570363	beq	x14,x5,80004ca2	 x14:0x000001bb  x5:0xeb0c0000
       46075000	      4508	80004c40	04b6d163	bge	x13,x11,80004c82	 x13:0x00000018 x11:0x00000001
       46105000	      4511	80004c82	34003cf3	csrrc	x25,mscratch,x0	  x0:0x00000000 x25=0xeeeffce5
       46145000	      4515	80004c86	02c73eb3	mulhu	x29,x14,x12	 x14:0x000001bb x12:0x80023ce4 x29=0x000000dd
       46155000	      4516	80004c8a	0129d593	srli	x11,x19,0x12	 x19:0x00000000 x11=0x00000000
       46165000	      4517	80004c8e	1f442f93	slti	x31,x8,500	  x8:0x80000000 x31=0x00000001
       46175000	      4518	80004c92	033e1663	bne	x28,x19,80004cbe	 x28:0x8001fe64 x19:0x00000000
       46205000	      4521	80004cbe	0ff0000f	fence	iorw,iorw	
       46215000	      4522	80004cc2	8351	c.srli	x14,0x14	 x14:0x000001bb x14=0x00000000
       46225000	      4523	80004cc4	01f7f663	bgeu	x15,x31,80004cd0	 x15:0x80023ce7 x31:0x00000001
       46245000	      4525	80004cd0	006df0b3	and	x1,x27,x6	 x27:0xffffffff  x6:0x80004af6  x1=0x80004af6
       46255000	      4526	80004cd4	34002cf3	csrrs	x25,mscratch,x0	  x0:0x00000000 x25=0xeeeffce5
       46265000	      4527	80004cd8	8121	c.srli	x10,0x8	 x10:0x80023ce7 x10=0x0080023c
       46275000	      4528	80004cda	8379	c.srli	x14,0x1e	 x14:0x00000000 x14=0x00000000
       46285000	      4529	80004cdc	cf2f4f93	xori	x31,x30,-782	 x30:0xffffff7a x31=0x00000388
       46295000	      4530	80004ce0	8699ee97	auipc	x29,0x8699e	 x29=0x069a2ce0
       46305000	      4531	80004ce4	01839113	slli	x2,x7,0x18	  x7:0x00000000  x2=0x00000000
       46345000	      4535	80004ce8	021021b3	mulhsu	x3,x0,x1	  x0:0x00000000  x1:0x80004af6  x3=0x00000000
       46355000	      4536	80004cec	0000100f	fence.i	
       46385000	      4539	80004cf0	02b3dab3	divu	x21,x7,x11	  x7:0x00000000 x11:0x00000000 x21=0xffffffff
       46395000	      4540	80004cf4	40eadf33	sra	x30,x21,x14	 x21:0xffffffff x14:0x00000000 x30=0xffffffff
       46405000	      4541	80004cf8	00573933	sltu	x18,x14,x5	 x14:0x00000000  x5:0xeb0c0000 x18=0x00000001
       46415000	      4542	80004cfc	00b59ab3	sll	x21,x11,x11	 x11:0x00000000 x11:0x00000000 x21=0x00000000
       46425000	      4543	80004d00	0136ea33	or	x20,x13,x19	 x13:0x00000018 x19:0x00000000 x20=0x00000018
       46435000	      4544	80004d04	017522b3	slt	x5,x10,x23	 x10:0x0080023c x23:0xffffffff  x5=0x00000000
       46445000	      4545	80004d08	40948bb3	sub	x23,x9,x9	  x9:0x80023dc6  x9:0x80023dc6 x23=0x00000000
       46465000	      4547	80004d0c	037a5733	divu	x14,x20,x23	 x20:0x00000018 x23:0x00000000 x14=0xffffffff
       46475000	      4548	80004d10	34051bf3	csrrw	x23,mscratch,x10	 x10:0x0080023c x23=0xeeeffce5
       46515000	      4552	80004d14	03471333	mulh	x6,x14,x20	 x14:0xffffffff x20:0x00000018  x6=0xffffffff
       46885000	      4589	80004d18	039b47b3	div	x15,x22,x25	 x22:0xc0021df0 x25:0xeeeffce5 x15=0x00000003
       46925000	      4593	80004d1c	03ee2ab3	mulhsu	x21,x28,x30	 x28:0x8001fe64 x30:0xffffffff x21=0x8001fe64
       46935000	      4594	80004d20	8cb5	c.xor	x9,x13	  x9:0x80023dc6 x13:0x00000018  x9=0x80023dde
       46945000	      4595	80004d22	340e9c73	csrrw	x24,mscratch,x29	 x29:0x069a2ce0 x24=0x0080023c
       46955000	      4596	80004d26	01d406b3	add	x13,x8,x29	  x8:0x80000000 x29:0x069a2ce0 x13=0x869a2ce0
       46965000	      4597	80004d2a	0ca6	c.slli	x25,0x9	 x25:0xeeeffce5 x25=0xdff9ca00
       46975000	      4598	80004d2c	8dfd	c.and	x11,x15	 x11:0x00000000 x15:0x00000003 x11=0x00000000
       46985000	      4599	80004d2e	3409e373	csrrsi	x6,mscratch,19	  x6=0x069a2ce0
       46995000	      4600	80004d32	05b90563	beq	x18,x27,80004d7c	 x18:0x00000001 x27:0xffffffff
       47005000	      4601	80004d36	00763733	sltu	x14,x12,x7	 x12:0x80023ce4  x7:0x00000000 x14=0x00000000
       47015000	      4602	80004d3a	01e605b3	add	x11,x12,x30	 x12:0x80023ce4 x30:0xffffffff x11=0x80023ce3
       47025000	      4603	80004d3e	001ff733	and	x14,x31,x1	 x31:0x00000388  x1:0x80004af6 x14=0x00000280
       47035000	      4604	80004d42	02cc1463	bne	x24,x12,80004d6a	 x24:0x0080023c x12:0x80023ce4
       47055000	      4606	80004d6a	0001	c.addi	x0,0	  x0:0x00000000  x0=0x00000000
       47425000	      4643	80004d6c	032475b3	remu	x11,x8,x18	  x8:0x80000000 x18:0x00000001 x11=0x00000000
       47435000	      4644	80004d70	f1662c93	slti	x25,x12,-234	 x12:0x80023ce4 x25=0x00000001
       47445000	      4645	80004d74	004d36b3	sltu	x13,x26,x4	 x26:0x80004af2  x4:0xeeeffce7 x13=0x00000001
       47455000	      4646	80004d78	fd0e75b7	lui	x11,0xfd0e7	 x11=0xfd0e7000
       47465000	      4647	80004d7c	3401dcf3	csrrwi	x25,mscratch,3	 x25=0x069a2cf3
       47475000	      4648	80004d80	34085bf3	csrrwi	x23,mscratch,16	 x23=0x00000003
       47485000	      4649	80004d84	8fd5	c.or	x15,x13	 x15:0x00000003 x13:0x00000001 x15=0x00000003
       47515000	      4652	80004d86	03aa08b3	mul	x17,x20,x26	 x20:0x00000018 x26:0x80004af2 x17=0x000706b0
       47525000	      4653	80004d8a	004dc9b3	xor	x19,x27,x4	 x27:0xffffffff  x4:0xeeeffce7 x19=0x11100318
       47535000	      4654	80004d8e	0b88	c.addi4spn	x10,x2,464	 x10=0x000001d0
       47575000	      4658	80004d90	03d6bdb3	mulhu	x27,x13,x29	 x13:0x00000001 x29:0x069a2ce0 x27=0x00000000
       47585000	      4659	80004d94	cf09	c.beqz	x14,80004dae	 x14:0x00000280
       47595000	      4660	80004d96	9d86	c.add	x27,x1	 x27:0x00000000  x1:0x80004af6 x27=0x80004af6
       47605000	      4661	80004d98	5b58f213	andi	x4,x17,1461	 x17:0x000706b0  x4=0x000004b0
       47615000	      4662	80004d9c	01691bb3	sll	x23,x18,x22	 x18:0x00000001 x22:0xc0021df0 x23=0x00010000
       47625000	      4663	80004da0	006ef263	bgeu	x29,x6,80004da4	 x29:0x069a2ce0  x6:0x069a2ce0
       47645000	      4665	80004da4	8936	c.mv	x18,x13	  x0:0x00000000 x13:0x00000001 x18=0x00000001
       47655000	      4666	80004da6	e00b3997	auipc	x19,0xe00b3	 x19=0x600b7da6
       47665000	      4667	80004daa	014b1f33	sll	x30,x22,x20	 x22:0xc0021df0 x20:0x00000018 x30=0xf0000000
       48035000	      4704	80004dae	031a4133	div	x2,x20,x17	 x20:0x00000018 x17:0x000706b0  x2=0x00000000
       48045000	      4705	80004db2	cbbe4a93	xori	x21,x28,-837	 x28:0x8001fe64 x21=0x7ffe02df
       48055000	      4706	80004db6	199c	c.addi4spn	x15,x2,240	 x15=0x000000f0
       48065000	      4707	80004db8	34007773	csrrci	x14,mscratch,0	 x14=0x00000010
       48075000	      4708	80004dbc	70434993	xori	x19,x6,1796	  x6:0x069a2ce0 x19=0x069a2be4
       48085000	      4709	80004dc0	0dd6	c.slli	x27,0x15	 x27:0x80004af6 x27=0x5ec00000
       48095000	      4710	80004dc2	8cc5	c.or	x9,x9	  x9:0x80023dde  x9:0x80023dde  x9=0x80023dde
       48105000	      4711	80004dc4	99fd	c.andi	x11,-1	 x11:0xfd0e7000 x11=0xfd0e7000
       48115000	      4712	80004dc6	00e78b33	add	x22,x15,x14	 x15:0x000000f0 x14:0x00000010 x22=0x00000100
       48155000	      4716	80004dca	039796b3	mulh	x13,x15,x25	 x15:0x000000f0 x25:0x069a2cf3 x13=0x00000006
       48165000	      4717	80004dce	5463b913	sltiu	x18,x7,1350	  x7:0x00000000 x18=0x00000001
       48175000	      4718	80004dd2	581f3c93	sltiu	x25,x30,1409	 x30:0xf0000000 x25=0x00000000
       48185000	      4719	80004dd6	9ae08293	addi	x5,x1,-1618	  x1:0x80004af6  x5=0x800044a4
       48195000	      4720	80004dda	84d34f13	xori	x30,x6,-1971	  x6:0x069a2ce0 x30=0xf965d4ad
       48205000	      4721	80004dde	340fdd73	csrrwi	x26,mscratch,31	 x26=0x00000010
       48215000	      4722	80004de2	e899	c.bnez	x9,80004df8	  x9:0x80023dde
       48235000	      4724	80004df8	40d10cb3	sub	x25,x2,x13	  x2:0x00000000 x13:0x00000006 x25=0xfffffffa
       48245000	      4725	80004dfc	8e9d	c.sub	x13,x15	 x13:0x00000006 x15:0x000000f0 x13=0xffffff16
       48255000	      4726	80004dfe	db203913	sltiu	x18,x0,-590	  x0:0x00000000 x18=0x00000001
       48265000	      4727	80004e02	d1882693	slti	x13,x16,-744	 x16:0x00011000 x13=0x00000000
       48275000	      4728	80004e06	01912233	slt	x4,x2,x25	  x2:0x00000000 x25:0xfffffffa  x4=0x00000000
       48645000	      4765	80004e0a	02f769b3	rem	x19,x14,x15	 x14:0x00000010 x15:0x000000f0 x19=0x00000010
       48655000	      4766	80004e0e	6a1d	c.lui	x20,0x7	 x20=0x00007000
       48665000	      4767	80004e10	00c8fd33	and	x26,x17,x12	 x17:0x000706b0 x12:0x80023ce4 x26=0x000204a0
       48675000	      4768	80004e14	340066f3	csrrsi	x13,mscratch,0	 x13=0x0000001f
       48685000	      4769	80004e18	01c8dd33	srl	x26,x17,x28	 x17:0x000706b0 x28:0x8001fe64 x26=0x0000706b
       48695000	      4770	80004e1c	34002b73	csrrs	x22,mscratch,x0	  x0:0x00000000 x22=0x0000001f
       48705000	      4771	80004e20	80ed	c.srli	x9,0x1b	  x9:0x80023dde  x9=0x00000010
       48715000	      4772	80004e22	8d85	c.sub	x11,x9	 x11:0xfd0e7000  x9:0x00000010 x11=0xfd0e6ff0
       48725000	      4773	80004e24	34007df3	csrrci	x27,mscratch,0	 x27=0x0000001f
       48735000	      4774	80004e28	168c	c.addi4spn	x11,x2,864	 x11=0x00000360
       48745000	      4775	80004e2a	34007573	csrrci	x10,mscratch,0	 x10=0x0000001f
       48755000	      4776	80004e2e	023d5363	bge	x26,x3,80004e54	 x26:0x0000706b  x3:0x00000000
       48775000	      4778	80004e54	0ff0000f	fence	iorw,iorw	
       48795000	      4780	80004e58	023ff333	remu	x6,x31,x3	 x31:0x00000388  x3:0x00000000  x6=0x00000388
       48805000	      4781	80004e5c	34066ef3	csrrsi	x29,mscratch,12	 x29=0x0000001f
       48815000	      4782	80004e60	34003173	csrrc	x2,mscratch,x0	  x0:0x00000000  x2=0x0000001f
       48825000	      4783	80004e64	02dcda63	bge	x25,x13,80004e98	 x25:0xfffffffa x13:0x0000001f
       48835000	      4784	80004e68	015305b3	add	x11,x6,x21	  x6:0x00000388 x21:0x7ffe02df x11=0x7ffe0667
       48845000	      4785	80004e6c	959e	c.add	x11,x7	 x11:0x7ffe0667  x7:0x00000000 x11=0x7ffe0667
       48855000	      4786	80004e6e	8db5	c.xor	x11,x13	 x11:0x7ffe0667 x13:0x0000001f x11=0x7ffe0678
       48865000	      4787	80004e70	03eb5263	bge	x22,x30,80004e94	 x22:0x0000001f x30:0xf965d4ad
       48885000	      4789	80004e94	408e8c33	sub	x24,x29,x8	 x29:0x0000001f  x8:0x80000000 x24=0x8000001f
       48895000	      4790	80004e98	0000100f	fence.i	
       49275000	      4828	80004e9c	03545ab3	divu	x21,x8,x21	  x8:0x80000000 x21:0x7ffe02df x21=0x00000001
       49285000	      4829	80004ea0	95a92a93	slti	x21,x18,-1702	 x18:0x00000001 x21=0x00000000
       49295000	      4830	80004ea4	890d	c.andi	x10,3	 x10:0x0000001f x10=0x00000003
       49305000	      4831	80004ea6	408f03b3	sub	x7,x30,x8	 x30:0xf965d4ad  x8:0x80000000  x7=0x7965d4ad
       49315000	      4832	80004eaa	3406e0f3	csrrsi	x1,mscratch,13	  x1=0x0000001f
       49325000	      4833	80004eae	340d1af3	csrrw	x21,mscratch,x26	 x26:0x0000706b x21=0x0000001f
       49335000	      4834	80004eb2	340e65f3	csrrsi	x11,mscratch,28	 x11=0x0000706b
       49345000	      4835	80004eb6	0ff0000f	fence	iorw,iorw	
       49355000	      4836	80004eba	01117d33	and	x26,x2,x17	  x2:0x0000001f x17:0x000706b0 x26=0x00000010
       49365000	      4837	80004ebe	8c9d	c.sub	x9,x15	  x9:0x00000010 x15:0x000000f0  x9=0xffffff20
       49375000	      4838	80004ec0	003b98b3	sll	x17,x23,x3	 x23:0x00010000  x3:0x00000000 x17=0x00010000
       49385000	      4839	80004ec4	43a9	c.li	x7,10	  x7=0x0000000a
       49395000	      4840	80004ec6	41a85893	srai	x17,x16,0x1a	 x16:0x00011000 x17=0x00000000
       49405000	      4841	80004eca	01e35313	srli	x6,x6,0x1e	  x6:0x00000388  x6=0x00000000
       49415000	      4842	80004ece	8fd1	c.or	x15,x12	 x15:0x000000f0 x12:0x80023ce4 x15=0x80023cf4
       49425000	      4843	80004ed0	8e85	c.sub	x13,x9	 x13:0x0000001f  x9:0xffffff20 x13=0x000000ff
       49435000	      4844	80004ed2	2c37ff37	lui	x30,0x2c37f	 x30=0x2c37f000
       49445000	      4845	80004ed6	0acd	c.addi	x21,19	 x21:0x0000001f x21=0x00000032
       49455000	      4846	80004ed8	00949233	sll	x4,x9,x9	  x9:0xffffff20  x9:0xffffff20  x4=0xffffff20
       49465000	      4847	80004edc	8ed2	c.mv	x29,x20	  x0:0x00000000 x20:0x00007000 x29=0x00007000
       49475000	      4848	80004ede	340039f3	csrrc	x19,mscratch,x0	  x0:0x00000000 x19=0x0000707f
       49485000	      4849	80004ee2	8341	c.srli	x14,0x10	 x14:0x00000010 x14=0x00000000
       49495000	      4850	80004ee4	417004b3	sub	x9,x0,x23	  x0:0x00000000 x23:0x00010000  x9=0xffff0000
       49505000	      4851	80004ee8	40e2d493	srai	x9,x5,0xe	  x5:0x800044a4  x9=0xfffe0001
       49515000	      4852	80004eec	34007d73	csrrci	x26,mscratch,0	 x26=0x0000707f
       49525000	      4853	80004ef0	98fd	c.andi	x9,-1	  x9:0xfffe0001  x9=0xfffe0001
       49535000	      4854	80004ef2	01547233	and	x4,x8,x21	  x8:0x80000000 x21:0x00000032  x4=0x00000000
       49545000	      4855	80004ef6	400bd833	sra	x16,x23,x0	 x23:0x00010000  x0:0x00000000 x16=0x00010000
       49555000	      4856	80004efa	99b2	c.add	x19,x12	 x19:0x0000707f x12:0x80023ce4 x19=0x8002ad63
       49925000	      4893	80004efc	025ac0b3	div	x1,x21,x5	 x21:0x00000032  x5:0x800044a4  x1=0x00000000
       49935000	      4894	80004f00	401bd233	sra	x4,x23,x1	 x23:0x00010000  x1:0x00000000  x4=0x00010000
       49945000	      4895	80004f04	80fd	c.srli	x9,0x1f	  x9:0xfffe0001  x9=0x00000001
       49955000	      4896	80004f06	cc89	c.beqz	x9,80004f20	  x9:0x00000001
       49965000	      4897	80004f08	65167193	andi	x3,x12,1617	 x12:0x80023ce4  x3=0x00000440
       49975000	      4898	80004f0c	40c05033	sra	x0,x0,x12	  x0:0x00000000 x12:0x80023ce4  x0=0x00000000
       49985000	      4899	80004f10	41b30ab3	sub	x21,x6,x27	  x6:0x00000000 x27:0x0000001f x21=0xffffffe1
       50015000	      4902	80004f14	02380bb3	mul	x23,x16,x3	 x16:0x00010000  x3:0x00000440 x23=0x04400000
       50025000	      4903	80004f18	6a35	c.lui	x20,0xd	 x20=0x0000d000
       50035000	      4904	80004f1a	411a5733	sra	x14,x20,x17	 x20:0x0000d000 x17:0x00000000 x14=0x0000d000
       50045000	      4905	80004f1e	8d0a	c.mv	x26,x2	  x0:0x00000000  x2:0x0000001f x26=0x0000001f
       50085000	      4909	80004f20	024312b3	mulh	x5,x6,x4	  x6:0x00000000  x4:0x00010000  x5=0x00000000
       50095000	      4910	80004f24	de83f693	andi	x13,x7,-536	  x7:0x0000000a x13=0x00000008
       50105000	      4911	80004f28	0000100f	fence.i	
       50125000	      4913	80004f2c	90d2	c.add	x1,x20	  x1:0x00000000 x20:0x0000d000  x1=0x0000d000
       50135000	      4914	80004f2e	1388	c.addi4spn	x10,x2,480	 x10=0x000001ff
       50145000	      4915	80004f30	01ee0fb3	add	x31,x28,x30	 x28:0x8001fe64 x30:0x2c37f000 x31=0xac39ee64
       50155000	      4916	80004f34	0ff0000f	fence	iorw,iorw	
       50165000	      4917	80004f38	4c0f3297	auipc	x5,0x4c0f3	  x5=0xcc0f7f38
       50175000	      4918	80004f3c	3402e273	csrrsi	x4,mscratch,5	  x4=0x0000707f
       50185000	      4919	80004f40	03db7963	bgeu	x22,x29,80004f72	 x22:0x0000001f x29:0x00007000
       50195000	      4920	80004f44	84d1	c.srai	x9,0x14	  x9:0x00000001  x9=0x00000000
       50205000	      4921	80004f46	00a20663	beq	x4,x10,80004f52	  x4:0x0000707f x10:0x000001ff
       50215000	      4922	80004f4a	00d0af33	slt	x30,x1,x13	  x1:0x0000d000 x13:0x00000008 x30=0x00000000
       50225000	      4923	80004f4e	34082573	csrrs	x10,mscratch,x16	 x16:0x00010000 x10=0x0000707f
       50235000	      4924	80004f52	869d	c.srai	x13,0x7	 x13:0x00000008 x13=0x00000000
       50245000	      4925	80004f54	c71d	c.beqz	x14,80004f82	 x14:0x0000d000
       50255000	      4926	80004f56	6fc9	c.lui	x31,0x12	 x31=0x00012000
       50265000	      4927	80004f58	4028d013	srai	x0,x17,0x2	 x17:0x00000000  x0=0x00000000
       50275000	      4928	80004f5c	8fb9	c.xor	x15,x14	 x15:0x80023cf4 x14:0x0000d000 x15=0x8002ecf4
       50285000	      4929	80004f5e	018409b3	add	x19,x8,x24	  x8:0x80000000 x24:0x8000001f x19=0x0000001f
       50295000	      4930	80004f62	9be2	c.add	x23,x24	 x23:0x04400000 x24:0x8000001f x23=0x8440001f
       50305000	      4931	80004f64	e795	c.bnez	x15,80004f90	 x15:0x8002ecf4
       50325000	      4933	80004f90	6d270593	addi	x11,x14,1746	 x14:0x0000d000 x11=0x0000d6d2
       50335000	      4934	80004f94	41615533	sra	x10,x2,x22	  x2:0x0000001f x22:0x0000001f x10=0x00000000
       50345000	      4935	80004f98	01b373b3	and	x7,x6,x27	  x6:0x00000000 x27:0x0000001f  x7=0x00000000
       50355000	      4936	80004f9c	0836	c.slli	x16,0xd	 x16:0x00010000 x16=0x20000000
       50365000	      4937	80004f9e	01b56363	bltu	x10,x27,80004fa4	 x10:0x00000000 x27:0x0000001f
       50385000	      4939	80004fa4	03734263	blt	x6,x23,80004fc8	  x6:0x00000000 x23:0x8440001f
       50395000	      4940	80004fa8	c9b1	c.beqz	x11,80004ffc	 x11:0x0000d6d2
       50405000	      4941	80004faa	4b9cb713	sltiu	x14,x25,1209	 x25:0xfffffffa x14=0x00000000
       50415000	      4942	80004fae	6ead	c.lui	x29,0xb	 x29=0x0000b000
       50425000	      4943	80004fb0	f4ebbc13	sltiu	x24,x23,-178	 x23:0x8440001f x24=0x00000001
       50435000	      4944	80004fb4	34007173	csrrci	x2,mscratch,0	  x2=0x0001707f
       50445000	      4945	80004fb8	009f4333	xor	x6,x30,x9	 x30:0x00000000  x9:0x00000000  x6=0x00000000
       50455000	      4946	80004fbc	3932b593	sltiu	x11,x5,915	  x5:0xcc0f7f38 x11=0x00000000
       50465000	      4947	80004fc0	8cb9	c.xor	x9,x14	  x9:0x00000000 x14:0x00000000  x9=0x00000000
       50475000	      4948	80004fc2	0001	c.addi	x0,0	  x0:0x00000000  x0=0x00000000
       50485000	      4949	80004fc4	0001f563	bgeu	x3,x0,80004fce	  x3:0x00000440  x0:0x00000000
       50515000	      4952	80004fce	00fbe233	or	x4,x23,x15	 x23:0x8440001f x15:0x8002ecf4  x4=0x8442ecff
       50525000	      4953	80004fd2	9f76	c.add	x30,x29	 x30:0x00000000 x29:0x0000b000 x30=0x0000b000
       50535000	      4954	80004fd4	0100d293	srli	x5,x1,0x10	  x1:0x0000d000  x5=0x00000000
       50545000	      4955	80004fd8	8b3d	c.andi	x14,15	 x14:0x00000000 x14=0x00000000
       50555000	      4956	80004fda	008001ef	jal	x3,80004fe2	  x3=0x80004fde
       50575000	      4958	80004fe2	2011	c.jal	80004fe6	  x1=0x80004fe4
       50595000	      4960	80004fe6	a009	c.j	80004fe8	
       50615000	      4962	80004fe8	2019	c.jal	80004fee	  x1=0x80004fea
       50645000	      4965	80004fee	ff1ffbef	jal	x23,80004fde	 x23=0x80004ff2
       50665000	      4967	80004fde	2019	c.jal	80004fe4	  x1=0x80004fe0
       50685000	      4969	80004fe4	bff5	c.j	80004fe0	
       50705000	      4971	80004fe0	a809	c.j	80004ff2	
       50725000	      4973	80004ff2	3fe5	c.jal	80004fea	  x1=0x80004ff4
       50745000	      4975	80004fea	2009	c.jal	80004fec	  x1=0x80004fec
       50765000	      4977	80004fec	a021	c.j	80004ff4	
       50785000	      4979	80004ff4	8c8a	c.mv	x25,x2	  x0:0x00000000  x2:0x0001707f x25=0x0001707f
       50795000	      4980	80004ff6	00686fb3	or	x31,x16,x6	 x16:0x20000000  x6:0x00000000 x31=0x20000000
       50805000	      4981	80004ffa	8119	c.srli	x10,0x6	 x10:0x00000000 x10=0x00000000
       50815000	      4982	80004ffc	01dfd033	srl	x0,x31,x29	 x31:0x20000000 x29:0x0000b000  x0=0x00000000
       50825000	      4983	80005000	34007173	csrrci	x2,mscratch,0	  x2=0x0001707f
       50835000	      4984	80005004	5b7cb093	sltiu	x1,x25,1463	 x25:0x0001707f  x1=0x00000000
       50875000	      4988	80005008	0223a333	mulhsu	x6,x7,x2	  x7:0x00000000  x2:0x0001707f  x6=0x00000000
       50885000	      4989	8000500c	03266263	bltu	x12,x18,80005030	 x12:0x80023ce4 x18:0x00000001
       50895000	      4990	80005010	34007d73	csrrci	x26,mscratch,0	 x26=0x0001707f
       50905000	      4991	80005014	8f6bbe93	sltiu	x29,x23,-1802	 x23:0x80004ff2 x29=0x00000001
       50915000	      4992	80005018	0013e933	or	x18,x7,x1	  x7:0x00000000  x1:0x00000000 x18=0x00000000
       50925000	      4993	8000501c	8d293d13	sltiu	x26,x18,-1838	 x18:0x00000000 x26=0x00000001
       50935000	      4994	80005020	cb15	c.beqz	x14,80005054	 x14:0x00000000
       50955000	      4996	80005054	a6a8ab13	slti	x22,x17,-1430	 x17:0x00000000 x22=0x00000000
       50965000	      4997	80005058	0074e863	bltu	x9,x7,80005068	  x9:0x00000000  x7:0x00000000
       50975000	      4998	8000505c	8d3d	c.xor	x10,x15	 x10:0x00000000 x15:0x8002ecf4 x10=0x8002ecf4
       50985000	      4999	8000505e	34002d73	csrrs	x26,mscratch,x0	  x0:0x00000000 x26=0x0001707f
       50995000	      5000	80005062	c3126797	auipc	x15,0xc3126	 x15=0x4312b062
       51005000	      5001	80005066	82b5	c.srli	x13,0xd	 x13:0x00000000 x13=0x00000000
       51015000	      5002	80005068	6e99	c.lui	x29,0x6	 x29=0x00006000
       51055000	      5006	8000506a	031d38b3	mulhu	x17,x26,x17	 x26:0x0001707f x17:0x00000000 x17=0x00000000
       51065000	      5007	8000506e	8145	c.srli	x10,0x11	 x10:0x8002ecf4 x10=0x00004001
       51075000	      5008	80005070	01751d33	sll	x26,x10,x23	 x10:0x00004001 x23:0x80004ff2 x26=0x00040000
       51085000	      5009	80005074	57c43013	sltiu	x0,x8,1404	  x8:0x80000000  x0=0x00000000
       51095000	      5010	80005078	c51d	c.beqz	x10,800050a6	 x10:0x00004001
       51105000	      5011	8000507a	89ad	c.andi	x11,11	 x11:0x00000000 x11=0x00000000
       51115000	      5012	8000507c	405d58b3	sra	x17,x26,x5	 x26:0x00040000  x5:0x00000000 x17=0x00040000
       51125000	      5013	80005080	34007273	csrrci	x4,mscratch,0	  x4=0x0001707f
       51135000	      5014	80005084	99ce	c.add	x19,x19	 x19:0x0000001f x19:0x0000001f x19=0x0000003e
       51145000	      5015	80005086	8de1	c.and	x11,x8	 x11:0x00000000  x8:0x80000000 x11=0x00000000
       51515000	      5052	80005088	03524cb3	div	x25,x4,x21	  x4:0x0001707f x21:0xffffffe1 x25=0xfffff41d
       51525000	      5053	8000508c	dbd80093	addi	x1,x16,-579	 x16:0x20000000  x1=0x1ffffdbd
       51535000	      5054	80005090	d962dc37	lui	x24,0xd962d	 x24=0xd962d000
       51545000	      5055	80005094	b112ed93	ori	x27,x5,-1263	  x5:0x00000000 x27=0xfffffb11
       51915000	      5092	80005098	03e97bb3	remu	x23,x18,x30	 x18:0x00000000 x30:0x0000b000 x23=0x00000000
       51925000	      5093	8000509c	417b0c33	sub	x24,x22,x23	 x22:0x00000000 x23:0x00000000 x24=0x00000000
       51935000	      5094	800050a0	0ff0000f	fence	iorw,iorw	
       51945000	      5095	800050a4	8dd5	c.or	x11,x13	 x11:0x00000000 x13:0x00000000 x11=0x00000000
       51955000	      5096	800050a6	66d1	c.lui	x13,0x14	 x13=0x00014000
       51965000	      5097	800050a8	0001	c.addi	x0,0	  x0:0x00000000  x0=0x00000000
       51975000	      5098	800050aa	00d933b3	sltu	x7,x18,x13	 x18:0x00000000 x13:0x00014000  x7=0x00000001
       51985000	      5099	800050ae	0001	c.addi	x0,0	  x0:0x00000000  x0=0x00000000
       51995000	      5100	800050b0	41400b33	sub	x22,x0,x20	  x0:0x00000000 x20:0x0000d000 x22=0xffff3000
       52005000	      5101	800050b4	0166cb63	blt	x13,x22,800050ca	 x13:0x00014000 x22:0xffff3000
       52015000	      5102	800050b8	01ff05b3	add	x11,x30,x31	 x30:0x0000b000 x31:0x20000000 x11=0x2000b000
       52025000	      5103	800050bc	0804c137	lui	x2,0x804c	  x2=0x0804c000
       52035000	      5104	800050c0	3406f3f3	csrrci	x7,mscratch,13	  x7=0x0001707f
       52075000	      5108	800050c4	02a6a533	mulhsu	x10,x13,x10	 x13:0x00014000 x10:0x00004001 x10=0x00000000
       52085000	      5109	800050c8	171c	c.addi4spn	x15,x2,928	 x15=0x0804c3a0
       52095000	      5110	800050ca	0000100f	fence.i	
       52125000	      5113	800050ce	82c23593	sltiu	x11,x4,-2004	  x4:0x0001707f x11=0x00000001
       52155000	      5116	800050d2	02808db3	mul	x27,x1,x8	  x1:0x1ffffdbd  x8:0x80000000 x27=0x80000000
       52165000	      5117	800050d6	00eb0663	beq	x22,x14,800050e2	 x22:0xffff3000 x14:0x00000000
       52175000	      5118	800050da	340f5f73	csrrwi	x30,mscratch,30	 x30=0x00017072
       52185000	      5119	800050de	0191dc33	srl	x24,x3,x25	  x3:0x80004fde x25:0xfffff41d x24=0x00000004
       52225000	      5123	800050e2	03f12eb3	mulhsu	x29,x2,x31	  x2:0x0804c000 x31:0x20000000 x29=0x01009800
       52235000	      5124	800050e6	0056c5b3	xor	x11,x13,x5	 x13:0x00014000  x5:0x00000000 x11=0x00014000
       52245000	      5125	800050ea	340078f3	csrrci	x17,mscratch,0	 x17=0x0000001e
       52255000	      5126	800050ee	8cab81b7	lui	x3,0x8cab8	  x3=0x8cab8000
       52265000	      5127	800050f2	34003d73	csrrc	x26,mscratch,x0	  x0:0x00000000 x26=0x0000001e
       52635000	      5164	800050f6	0338e4b3	rem	x9,x17,x19	 x17:0x0000001e x19:0x0000003e  x9=0x0000001e
       52645000	      5165	800050fa	34006073	csrrsi	x0,mscratch,0	  x0=0x00000000
       52685000	      5169	800050fe	033897b3	mulh	x15,x17,x19	 x17:0x0000001e x19:0x0000003e x15=0x00000000
       52695000	      5170	80005102	939c2193	slti	x3,x24,-1735	 x24:0x00000004  x3=0x00000000
       52705000	      5171	80005106	02b98263	beq	x19,x11,8000512a	 x19:0x0000003e x11:0x00014000
       52715000	      5172	8000510a	66b6fa13	andi	x20,x13,1643	 x13:0x00014000 x20=0x00000000
       52725000	      5173	8000510e	0a12	c.slli	x20,0x4	 x20:0x00000000 x20=0x00000000
       52735000	      5174	80005110	1f7d	c.addi	x30,-1	 x30:0x00017072 x30=0x00017071
       52745000	      5175	80005112	01715ab3	srl	x21,x2,x23	  x2:0x0804c000 x23:0x00000000 x21=0x0804c000
       52755000	      5176	80005116	8fad	c.xor	x15,x11	 x15:0x00000000 x11:0x00014000 x15=0x00014000
       52765000	      5177	80005118	9eba	c.add	x29,x14	 x29:0x01009800 x14:0x00000000 x29=0x01009800
       52805000	      5181	8000511a	02e29a33	mulh	x20,x5,x14	  x5:0x00000000 x14:0x00000000 x20=0x00000000
       52815000	      5182	8000511e	40e55813	srai	x16,x10,0xe	 x10:0x00000000 x16=0x00000000
       52825000	      5183	80005122	aabf7213	andi	x4,x30,-1365	 x30:0x00017071  x4=0x00017021
       52835000	      5184	80005126	e5ad2837	lui	x16,0xe5ad2	 x16=0xe5ad2000
       52845000	      5185	8000512a	ed81	c.bnez	x11,80005142	 x11:0x00014000
       52875000	      5188	80005142	340221f3	csrrs	x3,mscratch,x4	  x4:0x00017021  x3=0x0000001e
       52885000	      5189	80005146	0000100f	fence.i	
       52915000	      5192	8000514a	416857b3	sra	x15,x16,x22	 x16:0xe5ad2000 x22:0xffff3000 x15=0xe5ad2000
       52925000	      5193	8000514e	003d2733	slt	x14,x26,x3	 x26:0x0000001e  x3:0x0000001e x14=0x00000000
       52935000	      5194	80005152	0000100f	fence.i	
       52965000	      5197	80005156	00987bb3	and	x23,x16,x9	 x16:0xe5ad2000  x9:0x0000001e x23=0x00000000
       52975000	      5198	8000515a	6c70ed13	ori	x26,x1,1735	  x1:0x1ffffdbd x26=0x1fffffff
       53345000	      5235	8000515e	024860b3	rem	x1,x16,x4	 x16:0xe5ad2000  x4:0x00017021  x1=0xffff9c0e
       53355000	      5236	80005162	8b09	c.andi	x14,2	 x14:0x00000000 x14=0x00000000
       53395000	      5240	80005164	023a9c33	mulh	x24,x21,x3	 x21:0x0804c000  x3:0x0000001e x24=0x00000000
       53405000	      5241	80005168	3400a4f3	csrrs	x9,mscratch,x1	  x1:0xffff9c0e  x9=0x0001703f
       53415000	      5242	8000516c	01b55fb3	srl	x31,x10,x27	 x10:0x00000000 x27:0x80000000 x31=0x00000000
       53425000	      5243	80005170	01d48033	add	x0,x9,x29	  x9:0x0001703f x29:0x01009800  x0=0x00000000
       53435000	      5244	80005174	8f11	c.sub	x14,x12	 x14:0x00000000 x12:0x80023ce4 x14=0x7ffdc31c
       53445000	      5245	80005176	008f2fb3	slt	x31,x30,x8	 x30:0x00017071  x8:0x80000000 x31=0x00000000
       53455000	      5246	8000517a	cd05	c.beqz	x10,800051b2	 x10:0x00000000
       53485000	      5249	800051b2	ece9a813	slti	x16,x19,-306	 x19:0x0000003e x16=0x00000000
       53495000	      5250	800051b6	b34c7f13	andi	x30,x24,-1228	 x24:0x00000000 x30=0x00000000
       53865000	      5287	800051ba	022c65b3	rem	x11,x24,x2	 x24:0x00000000  x2:0x0804c000 x11=0x00000000
       53875000	      5288	800051be	018271b3	and	x3,x4,x24	  x4:0x00017021 x24:0x00000000  x3=0x00000000
       53915000	      5292	800051c2	03e03833	mulhu	x16,x0,x30	  x0:0x00000000 x30:0x00000000 x16=0x00000000
       53925000	      5293	800051c6	cc303c93	sltiu	x25,x0,-829	  x0:0x00000000 x25=0x00000001
       53935000	      5294	800051ca	8efd	c.and	x13,x15	 x13:0x00014000 x15:0xe5ad2000 x13=0x00010000
       53945000	      5295	800051cc	e899	c.bnez	x9,800051e2	  x9:0x0001703f
       53965000	      5297	800051e2	8f11	c.sub	x14,x12	 x14:0x7ffdc31c x12:0x80023ce4 x14=0xfffb8638
       53995000	      5300	800051e4	029b8533	mul	x10,x23,x9	 x23:0x00000000  x9:0x0001703f x10=0x00000000
       54005000	      5301	800051e8	26fe7d13	andi	x26,x28,623	 x28:0x8001fe64 x26=0x00000264
       54015000	      5302	800051ec	00b5e533	or	x10,x11,x11	 x11:0x00000000 x11:0x00000000 x10=0x00000000
       54025000	      5303	800051f0	07c0bc13	sltiu	x24,x1,124	  x1:0xffff9c0e x24=0x00000000
       54035000	      5304	800051f4	0001	c.addi	x0,0	  x0:0x00000000  x0=0x00000000
       54045000	      5305	800051f6	4bf8ab93	slti	x23,x17,1215	 x17:0x0000001e x23=0x00000001
       54415000	      5342	800051fa	039dc333	div	x6,x27,x25	 x27:0x80000000 x25:0x00000001  x6=0x80000000
       54425000	      5343	800051fe	01eb5f63	bge	x22,x30,8000521c	 x22:0xffff3000 x30:0x00000000
       54435000	      5344	80005202	41825b13	srai	x22,x4,0x18	  x4:0x00017021 x22=0x00000000
       54445000	      5345	80005206	340038f3	csrrc	x17,mscratch,x0	  x0:0x00000000 x17=0xfffffc3f
       54455000	      5346	8000520a	a9f4b013	sltiu	x0,x9,-1377	  x9:0x0001703f  x0=0x00000000
       54465000	      5347	8000520e	00107933	and	x18,x0,x1	  x0:0x00000000  x1:0xffff9c0e x18=0x00000000
       54475000	      5348	80005212	052e8463	beq	x29,x18,8000525a	 x29:0x01009800 x18:0x00000000
       54485000	      5349	80005216	1018	c.addi4spn	x14,x2,32	 x14=0x0804c020
       54495000	      5350	80005218	340659f3	csrrwi	x19,mscratch,12	 x19=0xfffffc3f
       54505000	      5351	8000521c	01d090b3	sll	x1,x1,x29	  x1:0xffff9c0e x29:0x01009800  x1=0xffff9c0e
       54515000	      5352	80005220	8ef9	c.and	x13,x14	 x13:0x00010000 x14:0x0804c020 x13=0x00000000
       54525000	      5353	80005222	34007cf3	csrrci	x25,mscratch,0	 x25=0x0000000c
       54535000	      5354	80005226	0ff0000f	fence	iorw,iorw	
       54545000	      5355	8000522a	aaffe713	ori	x14,x31,-1361	 x31:0x00000000 x14=0xfffffaaf
       54555000	      5356	8000522e	63def113	andi	x2,x29,1597	 x29:0x01009800  x2=0x00000000
       54565000	      5357	80005232	3405bbf3	csrrc	x23,mscratch,x11	 x11:0x00000000 x23=0x0000000c
       54575000	      5358	80005236	947cef93	ori	x31,x25,-1721	 x25:0x0000000c x31=0xfffff94f
       54585000	      5359	8000523a	d8027793	andi	x15,x4,-640	  x4:0x00017021 x15=0x00017000
       54595000	      5360	8000523e	089a	c.slli	x17,0x6	 x17:0xfffffc3f x17=0xffff0fc0
       54965000	      5397	80005240	031979b3	remu	x19,x18,x17	 x18:0x00000000 x17:0xffff0fc0 x19=0x00000000
       54975000	      5398	80005244	00e91c13	slli	x24,x18,0xe	 x18:0x00000000 x24=0x00000000
       54985000	      5399	80005248	cf95	c.beqz	x15,80005284	 x15:0x00017000
       55025000	      5403	8000524a	02031a33	mulh	x20,x6,x0	  x6:0x80000000  x0:0x00000000 x20=0x00000000
       55035000	      5404	8000524e	340fecf3	csrrsi	x25,mscratch,31	 x25=0x0000000c
       55405000	      5441	80005252	0284f4b3	remu	x9,x9,x8	  x9:0x0001703f  x8:0x80000000  x9=0x0001703f
       55415000	      5442	80005256	41775c13	srai	x24,x14,0x17	 x14:0xfffffaaf x24=0xffffffff
       55425000	      5443	8000525a	41abdab3	sra	x21,x23,x26	 x23:0x0000000c x26:0x00000264 x21=0x00000000
       55435000	      5444	8000525e	0000100f	fence.i	
       55465000	      5447	80005262	9a53e493	ori	x9,x7,-1627	  x7:0x0001707f  x9=0xfffff9ff
       55475000	      5448	80005266	0001	c.addi	x0,0	  x0:0x00000000  x0=0x00000000
       55485000	      5449	80005268	8fbd	c.xor	x15,x15	 x15:0x00017000 x15:0x00017000 x15=0x00000000
       55495000	      5450	8000526a	0ff0000f	fence	iorw,iorw	
       55525000	      5453	8000526e	03f70fb3	mul	x31,x14,x31	 x14:0xfffffaaf x31:0xfffff94f x31=0x00239301
       55535000	      5454	80005272	340b9ff3	csrrw	x31,mscratch,x23	 x23:0x0000000c x31=0x0000001f
       55545000	      5455	80005276	0001	c.addi	x0,0	  x0:0x00000000  x0=0x00000000
       55555000	      5456	80005278	717d	c.addi16sp	x2,-16	  x2:0x00000000  x2=0xfffffff0
       55565000	      5457	8000527a	e8f6e813	ori	x16,x13,-369	 x13:0x00000000 x16=0xfffffe8f
       55575000	      5458	8000527e	40e9	c.li	x1,26	  x1=0x0000001a
       55585000	      5459	80005280	009693b3	sll	x7,x13,x9	 x13:0x00000000  x9:0xfffff9ff  x7=0x00000000
       55595000	      5460	80005284	c5098513	addi	x10,x19,-944	 x19:0x00000000 x10=0xfffffc50
       55605000	      5461	80005288	8fb9	c.xor	x15,x14	 x15:0x00000000 x14:0xfffffaaf x15=0xfffffaaf
       55615000	      5462	8000528a	047f9463	bne	x31,x7,800052d2	 x31:0x0000001f  x7:0x00000000
       55635000	      5464	800052d2	14fd	c.addi	x9,-1	  x9:0xfffff9ff  x9=0xfffff9fe
       55645000	      5465	800052d4	6169	c.addi16sp	x2,208	  x2:0xfffffff0  x2=0x000000c0
       55655000	      5466	800052d6	8945	c.andi	x10,17	 x10:0xfffffc50 x10=0x00000010
       55665000	      5467	800052d8	8f2d	c.xor	x14,x11	 x14:0xfffffaaf x11:0x00000000 x14=0xfffffaaf
       55675000	      5468	800052da	0000100f	fence.i	
       55705000	      5471	800052de	00d5ef63	bltu	x11,x13,800052fc	 x11:0x00000000 x13:0x00000000
       55715000	      5472	800052e2	01ea1db3	sll	x27,x20,x30	 x20:0x00000000 x30:0x00000000 x27=0x00000000
       55755000	      5476	800052e6	0377bf33	mulhu	x30,x15,x23	 x15:0xfffffaaf x23:0x0000000c x30=0x0000000b
       55765000	      5477	800052ea	60863d97	auipc	x27,0x60863	 x27=0xe08682ea
       55805000	      5481	800052ee	02b5a733	mulhsu	x14,x11,x11	 x11:0x00000000 x11:0x00000000 x14=0x00000000
       55815000	      5482	800052f2	0001	c.addi	x0,0	  x0:0x00000000  x0=0x00000000
       55825000	      5483	800052f4	011c8ab3	add	x21,x25,x17	 x25:0x0000000c x17:0xffff0fc0 x21=0xffff0fcc
       55845000	      5485	800052f8	02eed9b3	divu	x19,x29,x14	 x29:0x01009800 x14:0x00000000 x19=0xffffffff
       55885000	      5489	800052fc	03f7bbb3	mulhu	x23,x15,x31	 x15:0xfffffaaf x31:0x0000001f x23=0x0000001e
       55895000	      5490	80005300	58fd	c.li	x17,-1	 x17=0xffffffff
       55905000	      5491	80005302	00423bb3	sltu	x23,x4,x4	  x4:0x00017021  x4:0x00017021 x23=0x00000000
       56275000	      5528	80005306	026c7533	remu	x10,x24,x6	 x24:0xffffffff  x6:0x80000000 x10=0x7fffffff
       56285000	      5529	8000530a	8f8d	c.sub	x15,x11	 x15:0xfffffaaf x11:0x00000000 x15=0xfffffaaf
       56295000	      5530	8000530c	0a14	c.addi4spn	x13,x2,272	 x13=0x000001d0
       56305000	      5531	8000530e	34045973	csrrwi	x18,mscratch,8	 x18=0x0000000c
       56315000	      5532	80005312	34007f73	csrrci	x30,mscratch,0	 x30=0x00000008
       56325000	      5533	80005316	ea9d	c.bnez	x13,8000534c	 x13:0x000001d0
       56345000	      5535	8000534c	340179f3	csrrci	x19,mscratch,2	 x19=0x00000008
       56355000	      5536	80005350	002d9a33	sll	x20,x27,x2	 x27:0xe08682ea  x2:0x000000c0 x20=0xe08682ea
       56365000	      5537	80005354	e29d	c.bnez	x13,8000537a	 x13:0x000001d0
       56395000	      5540	8000537a	340851f3	csrrwi	x3,mscratch,16	  x3=0x00000008
       56765000	      5577	8000537e	0214cb33	div	x22,x9,x1	  x9:0xfffff9fe  x1:0x0000001a x22=0xffffffc5
       56775000	      5578	80005382	8ae9	c.andi	x13,26	 x13:0x000001d0 x13=0x00000010
       56785000	      5579	80005384	85a5	c.srai	x11,0x9	 x11:0x00000000 x11=0x00000000
       56795000	      5580	80005386	401f81b3	sub	x3,x31,x1	 x31:0x0000001f  x1:0x0000001a  x3=0x00000005
       56805000	      5581	8000538a	00819693	slli	x13,x3,0x8	  x3:0x00000005 x13=0x00000500
       56815000	      5582	8000538e	34007973	csrrci	x18,mscratch,0	 x18=0x00000010
       56825000	      5583	80005392	01735d13	srli	x26,x6,0x17	  x6:0x80000000 x26=0x00000100
       56835000	      5584	80005396	75763993	sltiu	x19,x12,1879	 x12:0x80023ce4 x19=0x00000000
       56845000	      5585	8000539a	34093573	csrrc	x10,mscratch,x18	 x18:0x00000010 x10=0x00000010
       56855000	      5586	8000539e	01af1393	slli	x7,x30,0x1a	 x30:0x00000008  x7=0x20000000
       56865000	      5587	800053a2	34006d73	csrrsi	x26,mscratch,0	 x26=0x00000000
       56895000	      5590	800053a6	02698533	mul	x10,x19,x6	 x19:0x00000000  x6:0x80000000 x10=0x00000000
       56915000	      5592	800053aa	02ef6533	rem	x10,x30,x14	 x30:0x00000008 x14:0x00000000 x10=0x00000008
       56925000	      5593	800053ae	0358cf17	auipc	x30,0x358c	 x30=0x835913ae
       56935000	      5594	800053b2	01e08963	beq	x1,x30,800053c4	  x1:0x0000001a x30:0x835913ae
       56945000	      5595	800053b6	0108dcb3	srl	x25,x17,x16	 x17:0xffffffff x16:0xfffffe8f x25=0x0001ffff
       56965000	      5597	800053ba	02b068b3	rem	x17,x0,x11	  x0:0x00000000 x11:0x00000000 x17=0x00000000
       56975000	      5598	800053be	0f72	c.slli	x30,0x1c	 x30:0x835913ae x30=0xe0000000
       56985000	      5599	800053c0	e38dcf93	xori	x31,x27,-456	 x27:0xe08682ea x31=0x1f797cd2
       56995000	      5600	800053c4	8345	c.srli	x14,0x11	 x14:0x00000000 x14=0x00000000
       57005000	      5601	800053c6	c199	c.beqz	x11,800053cc	 x11:0x00000000
       57045000	      5605	800053cc	026789b3	mul	x19,x15,x6	 x15:0xfffffaaf  x6:0x80000000 x19=0x80000000
       57055000	      5606	800053d0	009be8b3	or	x17,x23,x9	 x23:0x00000000  x9:0xfffff9fe x17=0xfffff9fe
       57065000	      5607	800053d4	0000100f	fence.i	
       57085000	      5609	800053d8	85a42213	slti	x4,x8,-1958	  x8:0x80000000  x4=0x00000001
       57095000	      5610	800053dc	01d57533	and	x10,x10,x29	 x10:0x00000008 x29:0x01009800 x10=0x00000000
       57105000	      5611	800053e0	6aa1	c.lui	x21,0x8	 x21=0x00008000
       57115000	      5612	800053e2	e709	c.bnez	x14,800053ec	 x14:0x00000000
       57125000	      5613	800053e4	34007bf3	csrrci	x23,mscratch,0	 x23=0x00000000
       57135000	      5614	800053e8	0ff0000f	fence	iorw,iorw	
       57145000	      5615	800053ec	0b4a	c.slli	x22,0x12	 x22:0xffffffc5 x22=0xff140000
       57155000	      5616	800053ee	419206b3	sub	x13,x4,x25	  x4:0x00000001 x25:0x0001ffff x13=0xfffe0002
       57195000	      5620	800053f2	03a02d33	mulhsu	x26,x0,x26	  x0:0x00000000 x26:0x00000000 x26=0x00000000
       57565000	      5657	800053f6	0267d4b3	divu	x9,x15,x6	 x15:0xfffffaaf  x6:0x80000000  x9=0x00000001
       57575000	      5658	800053fa	01069793	slli	x15,x13,0x10	 x13:0xfffe0002 x15=0x00020000
       57585000	      5659	800053fe	02849763	bne	x9,x8,8000542c	  x9:0x00000001  x8:0x80000000
       57605000	      5661	8000542c	34007773	csrrci	x14,mscratch,0	 x14=0x00000000
       57615000	      5662	80005430	003b5513	srli	x10,x22,0x3	 x22:0xff140000 x10=0x1fe28000
       57625000	      5663	80005434	0ff0000f	fence	iorw,iorw	
       57635000	      5664	80005438	17fd	c.addi	x15,-1	 x15:0x00020000 x15=0x0001ffff
       57645000	      5665	8000543a	8e85	c.sub	x13,x9	 x13:0xfffe0002  x9:0x00000001 x13=0xfffe0001
       57655000	      5666	8000543c	015c1e63	bne	x24,x21,80005458	 x24:0xffffffff x21:0x00008000
       57705000	      5671	80005458	03232a33	mulhsu	x20,x6,x18	  x6:0x80000000 x18:0x00000010 x20=0xfffffff8
       57725000	      5673	8000545c	02bbcbb3	div	x23,x23,x11	 x23:0x00000000 x11:0x00000000 x23=0xffffffff
       57735000	      5674	80005460	8d35	c.xor	x10,x13	 x10:0x1fe28000 x13:0xfffe0001 x10=0xe01c8001
       57745000	      5675	80005462	a633cf13	xori	x30,x7,-1437	  x7:0x20000000 x30=0xdffffa63
       57755000	      5676	80005466	997d	c.andi	x10,-1	 x10:0xe01c8001 x10=0xe01c8001
       57795000	      5680	80005468	022a1a33	mulh	x20,x20,x2	 x20:0xfffffff8  x2:0x000000c0 x20=0xffffffff
       57805000	      5681	8000546c	c715	c.beqz	x14,80005498	 x14:0x00000000
       57825000	      5683	80005498	340024f3	csrrs	x9,mscratch,x0	  x0:0x00000000  x9=0x00000000
       57835000	      5684	8000549c	abd7cb93	xori	x23,x15,-1347	 x15:0x0001ffff x23=0xfffe0542
       57845000	      5685	800054a0	017a50b3	srl	x1,x20,x23	 x20:0xffffffff x23:0xfffe0542  x1=0x3fffffff
       57855000	      5686	800054a4	010fe463	bltu	x31,x16,800054ac	 x31:0x1f797cd2 x16:0xfffffe8f
       57875000	      5688	800054ac	007f3bb3	sltu	x23,x30,x7	 x30:0xdffffa63  x7:0x20000000 x23=0x00000000
       57885000	      5689	800054b0	00b976b3	and	x13,x18,x11	 x18:0x00000010 x11:0x00000000 x13=0x00000000
       57915000	      5692	800054b4	038883b3	mul	x7,x17,x24	 x17:0xfffff9fe x24:0xffffffff  x7=0x00000602
       57925000	      5693	800054b8	340fd3f3	csrrwi	x7,mscratch,31	  x7=0x00000000
       57935000	      5694	800054bc	66e9	c.lui	x13,0x1a	 x13=0x0001a000
       57945000	      5695	800054be	6bb1	c.lui	x23,0xc	 x23=0x0000c000
       57955000	      5696	800054c0	02eac963	blt	x21,x14,800054f2	 x21:0x00008000 x14:0x00000000
       57965000	      5697	800054c4	04b1c363	blt	x3,x11,8000550a	  x3:0x00000005 x11:0x00000000
       57975000	      5698	800054c8	ad53b393	sltiu	x7,x7,-1323	  x7:0x00000000  x7=0x00000001
       57985000	      5699	800054cc	011b26b3	slt	x13,x22,x17	 x22:0xff140000 x17:0xfffff9fe x13=0x00000001
       57995000	      5700	800054d0	88a2	c.mv	x17,x8	  x0:0x00000000  x8:0x80000000 x17=0x80000000
       58005000	      5701	800054d2	0001	c.addi	x0,0	  x0:0x00000000  x0=0x00000000
       58045000	      5705	800054d4	03bd99b3	mulh	x19,x27,x27	 x27:0xe08682ea x27:0xe08682ea x19=0x03dea5f2
       58085000	      5709	800054d8	03239933	mulh	x18,x7,x18	  x7:0x00000001 x18:0x00000010 x18=0x00000000
       58095000	      5710	800054dc	65972893	slti	x17,x14,1625	 x14:0x00000000 x17=0x00000001
       58105000	      5711	800054e0	0ff0000f	fence	iorw,iorw	
       58115000	      5712	800054e4	03e71e63	bne	x14,x30,80005520	 x14:0x00000000 x30:0xdffffa63
       58135000	      5714	80005520	01db5c63	bge	x22,x29,80005538	 x22:0xff140000 x29:0x01009800
       58145000	      5715	80005524	014ca033	slt	x0,x25,x20	 x25:0x0001ffff x20:0xffffffff  x0=0x00000000
       58155000	      5716	80005528	340bbff3	csrrc	x31,mscratch,x23	 x23:0x0000c000 x31=0x0000001f
       58165000	      5717	8000552c	00262833	slt	x16,x12,x2	 x12:0x80023ce4  x2:0x000000c0 x16=0x00000001
       58175000	      5718	80005530	03354863	blt	x10,x19,80005560	 x10:0xe01c8001 x19:0x03dea5f2
       58195000	      5720	80005560	0ff0000f	fence	iorw,iorw	
       58205000	      5721	80005564	4b81	c.li	x23,0	 x23=0x00000000
       58215000	      5722	80005566	0a08	c.addi4spn	x10,x2,272	 x10=0x000001d0
       58225000	      5723	80005568	83a1	c.srli	x15,0x8	 x15:0x0001ffff x15=0x000001ff
       58235000	      5724	8000556a	0f85	c.addi	x31,1	 x31:0x0000001f x31=0x00000020
       58245000	      5725	8000556c	1318	c.addi4spn	x14,x2,416	 x14=0x00000260
       58255000	      5726	8000556e	3401f873	csrrci	x16,mscratch,3	 x16=0x0000001f
       58265000	      5727	80005572	340e51f3	csrrwi	x3,mscratch,28	  x3=0x0000001c
       58275000	      5728	80005576	401d8833	sub	x16,x27,x1	 x27:0xe08682ea  x1:0x3fffffff x16=0xa08682eb
       58285000	      5729	8000557a	34007273	csrrci	x4,mscratch,0	  x4=0x0000001c
       58295000	      5730	8000557e	ee91	c.bnez	x13,8000559a	 x13:0x00000001
       58315000	      5732	8000559a	84e5	c.srai	x9,0x19	  x9:0x00000000  x9=0x00000000
       58325000	      5733	8000559c	01201033	sll	x0,x0,x18	  x0:0x00000000 x18:0x00000000  x0=0x00000000
       58335000	      5734	800055a0	8d41	c.or	x10,x8	 x10:0x000001d0  x8:0x80000000 x10=0x800001d0
       58705000	      5771	800055a2	03c5e7b3	rem	x15,x11,x28	 x11:0x00000000 x28:0x8001fe64 x15=0x00000000
       58715000	      5772	800055a6	015d6833	or	x16,x26,x21	 x26:0x00000000 x21:0x00008000 x16=0x00008000
       58725000	      5773	800055aa	040f8463	beq	x31,x0,800055f2	 x31:0x00000020  x0:0x00000000
       59095000	      5810	800055ae	02ea52b3	divu	x5,x20,x14	 x20:0xffffffff x14:0x00000260  x5=0x006bca1a
       59105000	      5811	800055b2	02c34463	blt	x6,x12,800055da	  x6:0x80000000 x12:0x80023ce4
       59155000	      5816	800055da	03f48533	mul	x10,x9,x31	  x9:0x00000000 x31:0x00000020 x10=0x00000000
       59165000	      5817	800055de	0ba73f37	lui	x30,0xba73	 x30=0x0ba73000
       59175000	      5818	800055e2	41795493	srai	x9,x18,0x17	 x18:0x00000000  x9=0x00000000
       59185000	      5819	800055e6	8ee1	c.and	x13,x8	 x13:0x00000001  x8:0x80000000 x13=0x00000000
       59195000	      5820	800055e8	41f15c93	srai	x25,x2,0x1f	  x2:0x000000c0 x25=0x00000000
       59205000	      5821	800055ec	340d11f3	csrrw	x3,mscratch,x26	 x26:0x00000000  x3=0x0000001c
       59215000	      5822	800055f0	717d	c.addi16sp	x2,-16	  x2:0x000000c0  x2=0x000000b0
       59225000	      5823	800055f2	010b1cb3	sll	x25,x22,x16	 x22:0xff140000 x16:0x00008000 x25=0xff140000
       59235000	      5824	800055f6	05456563	bltu	x10,x20,80005640	 x10:0x00000000 x20:0xffffffff
       59255000	      5826	80005640	0136df93	srli	x31,x13,0x13	 x13:0x00000000 x31=0x00000000
       59265000	      5827	80005644	64d5aa13	slti	x20,x11,1613	 x11:0x00000000 x20=0x00000001
       59275000	      5828	80005648	0b84	c.addi4spn	x9,x2,464	  x9=0x00000280
       59285000	      5829	8000564a	0ff0000f	fence	iorw,iorw	
       59295000	      5830	8000564e	0df90d93	addi	x27,x18,223	 x18:0x00000000 x27=0x000000df
       59305000	      5831	80005652	15f0df17	auipc	x30,0x15f0d	 x30=0x95f12652
       59315000	      5832	80005656	3405d7f3	csrrwi	x15,mscratch,11	 x15=0x00000000
       59325000	      5833	8000565a	717d	c.addi16sp	x2,-16	  x2:0x000000b0  x2=0x000000a0
       59335000	      5834	8000565c	2d150493	addi	x9,x10,721	 x10:0x00000000  x9=0x000002d1
       59345000	      5835	80005660	02159063	bne	x11,x1,80005680	 x11:0x00000000  x1:0x3fffffff
       59395000	      5840	80005680	027511b3	mulh	x3,x10,x7	 x10:0x00000000  x7:0x00000001  x3=0x00000000
       59405000	      5841	80005684	6574db97	auipc	x23,0x6574d	 x23=0xe5752684
       59415000	      5842	80005688	34002c73	csrrs	x24,mscratch,x0	  x0:0x00000000 x24=0x0000000b
       59425000	      5843	8000568c	b8602f17	auipc	x30,0xb8602	 x30=0x3860768c
       59435000	      5844	80005690	03505263	bge	x0,x21,800056b4	  x0:0x00000000 x21:0x00008000
       59445000	      5845	80005694	340afef3	csrrci	x29,mscratch,21	 x29=0x0000000b
       59455000	      5846	80005698	003c0b33	add	x22,x24,x3	 x24:0x0000000b  x3:0x00000000 x22=0x0000000b
       59465000	      5847	8000569c	015a10b3	sll	x1,x20,x21	 x20:0x00000001 x21:0x00008000  x1=0x00000001
       59475000	      5848	800056a0	41a2d4b3	sra	x9,x5,x26	  x5:0x006bca1a x26:0x00000000  x9=0x006bca1a
       59845000	      5885	800056a4	0255f8b3	remu	x17,x11,x5	 x11:0x00000000  x5:0x006bca1a x17=0x00000000
       59855000	      5886	800056a8	02fd9f63	bne	x27,x15,800056e6	 x27:0x000000df x15:0x00000000
       59885000	      5889	800056e6	340adf73	csrrwi	x30,mscratch,21	 x30=0x0000000a
       59895000	      5890	800056ea	004a60b3	or	x1,x20,x4	 x20:0x00000001  x4:0x0000001c  x1=0x0000001d
       59905000	      5891	800056ee	cf09	c.beqz	x14,80005708	 x14:0x00000260
       59915000	      5892	800056f0	0000100f	fence.i	
       59935000	      5894	800056f4	00dc99b3	sll	x19,x25,x13	 x25:0xff140000 x13:0x00000000 x19=0xff140000
       59945000	      5895	800056f8	9dae	c.add	x27,x11	 x27:0x000000df x11:0x00000000 x27=0x000000df
       59955000	      5896	800056fa	00e981b3	add	x3,x19,x14	 x19:0xff140000 x14:0x00000260  x3=0xff140260
       59965000	      5897	800056fe	8ff9	c.and	x15,x14	 x15:0x00000000 x14:0x00000260 x15=0x00000000
       59975000	      5898	80005700	007c5013	srli	x0,x24,0x7	 x24:0x0000000b  x0=0x00000000
       59985000	      5899	80005704	4113dd33	sra	x26,x7,x17	  x7:0x00000001 x17:0x00000000 x26=0x00000001
       59995000	      5900	80005708	0001	c.addi	x0,0	  x0:0x00000000  x0=0x00000000
       60005000	      5901	8000570a	52adc093	xori	x1,x27,1322	 x27:0x000000df  x1=0x000005f5
       60015000	      5902	8000570e	82b6	c.mv	x5,x13	  x0:0x00000000 x13:0x00000000  x5=0x00000000
       60025000	      5903	80005710	01d8e9b3	or	x19,x17,x29	 x17:0x00000000 x29:0x0000000b x19=0x0000000b
       60035000	      5904	80005714	03a9	c.addi	x7,10	  x7:0x00000001  x7=0x0000000b
       60045000	      5905	80005716	3408e373	csrrsi	x6,mscratch,17	  x6=0x00000015
       60055000	      5906	8000571a	005113b3	sll	x7,x2,x5	  x2:0x000000a0  x5:0x00000000  x7=0x000000a0
       60065000	      5907	8000571e	003dde93	srli	x29,x27,0x3	 x27:0x000000df x29=0x0000001b
       60075000	      5908	80005722	03351463	bne	x10,x19,8000574a	 x10:0x00000000 x19:0x0000000b
       60095000	      5910	8000574a	8fb5	c.xor	x15,x13	 x15:0x00000000 x13:0x00000000 x15=0x00000000
       60105000	      5911	8000574c	40e0dd93	srai	x27,x1,0xe	  x1:0x000005f5 x27=0x00000000
       60115000	      5912	80005750	0000100f	fence.i	
       60135000	      5914	80005754	02e0e163	bltu	x1,x14,80005776	  x1:0x000005f5 x14:0x00000260
       60145000	      5915	80005758	0193b2b3	sltu	x5,x7,x25	  x7:0x000000a0 x25:0xff140000  x5=0x00000001
       60155000	      5916	8000575c	9bfd	c.andi	x15,-1	 x15:0x00000000 x15=0x00000000
       60165000	      5917	8000575e	34007bf3	csrrci	x23,mscratch,0	 x23=0x00000015
       60175000	      5918	80005762	0000100f	fence.i	
       60565000	      5957	80005766	037051b3	divu	x3,x0,x23	  x0:0x00000000 x23:0x00000015  x3=0x00000000
       60575000	      5958	8000576a	8ca9	c.xor	x9,x10	  x9:0x006bca1a x10:0x00000000  x9=0x006bca1a
       60585000	      5959	8000576c	9afd	c.andi	x13,-1	 x13:0x00000000 x13=0x00000000
       60595000	      5960	8000576e	0364d563	bge	x9,x22,80005798	  x9:0x006bca1a x22:0x0000000b
       60615000	      5962	80005798	0231cb63	blt	x3,x3,800057ce	  x3:0x00000000  x3:0x00000000
       60625000	      5963	8000579c	0001	c.addi	x0,0	  x0:0x00000000  x0=0x00000000
       60635000	      5964	8000579e	012c1913	slli	x18,x24,0x12	 x24:0x0000000b x18=0x002c0000
       60645000	      5965	800057a2	01a4d263	bge	x9,x26,800057a6	  x9:0x006bca1a x26:0x00000001
       60675000	      5968	800057a6	0001ea63	bltu	x3,x0,800057ba	  x3:0x00000000  x0:0x00000000
       60685000	      5969	800057aa	84f1	c.srai	x9,0x1c	  x9:0x006bca1a  x9=0x00000000
       60695000	      5970	800057ac	340fe8f3	csrrsi	x17,mscratch,31	 x17=0x00000015
       60705000	      5971	800057b0	00071d13	slli	x26,x14,0x0	 x14:0x00000260 x26=0x00000260
       60715000	      5972	800057b4	89ae	c.mv	x19,x11	  x0:0x00000000 x11:0x00000000 x19=0x00000000
       60725000	      5973	800057b6	340cb973	csrrc	x18,mscratch,x25	 x25:0xff140000 x18=0x0000001f
       60745000	      5975	800057ba	02ace833	rem	x16,x25,x10	 x25:0xff140000 x10:0x00000000 x16=0xff140000
       60755000	      5976	800057be	03f5c763	blt	x11,x31,800057ec	 x11:0x00000000 x31:0x00000000
       60765000	      5977	800057c2	acf052b7	lui	x5,0xacf05	  x5=0xacf05000
       60775000	      5978	800057c6	b3b0b493	sltiu	x9,x1,-1221	  x1:0x000005f5  x9=0x00000001
       60785000	      5979	800057ca	c191	c.beqz	x11,800057ce	 x11:0x00000000
       60805000	      5981	800057ce	8cc5	c.or	x9,x9	  x9:0x00000001  x9:0x00000001  x9=0x00000001
       60815000	      5982	800057d0	01282733	slt	x14,x16,x18	 x16:0xff140000 x18:0x0000001f x14=0x00000001
       60825000	      5983	800057d4	0001	c.addi	x0,0	  x0:0x00000000  x0=0x00000000
       60835000	      5984	800057d6	0156fb33	and	x22,x13,x21	 x13:0x00000000 x21:0x00008000 x22=0x00000000
       60845000	      5985	800057da	01480e63	beq	x16,x20,800057f6	 x16:0xff140000 x20:0x00000001
       60885000	      5989	800057de	03269c33	mulh	x24,x13,x18	 x13:0x00000000 x18:0x0000001f x24=0x00000000
       60895000	      5990	800057e2	0001	c.addi	x0,0	  x0:0x00000000  x0=0x00000000
       60905000	      5991	800057e4	340ca973	csrrs	x18,mscratch,x25	 x25:0xff140000 x18=0x0000001f
       60945000	      5995	800057e8	031ab233	mulhu	x4,x21,x17	 x21:0x00008000 x17:0x00000015  x4=0x00000000
       60955000	      5996	800057ec	404c5d13	srai	x26,x24,0x4	 x24:0x00000000 x26=0x00000000
       60965000	      5997	800057f0	8731	c.srai	x14,0xc	 x14:0x00000001 x14=0x00000000
       61005000	      6001	800057f2	02ec33b3	mulhu	x7,x24,x14	 x24:0x00000000 x14:0x00000000  x7=0x00000000
       61015000	      6002	800057f6	0001	c.addi	x0,0	  x0:0x00000000  x0=0x00000000
       61025000	      6003	800057f8	40670fb3	sub	x31,x14,x6	 x14:0x00000000  x6:0x00000015 x31=0xffffffeb
       61035000	      6004	800057fc	40dd	c.li	x1,23	  x1=0x00000017
       61045000	      6005	800057fe	8dbd	c.xor	x11,x15	 x11:0x00000000 x15:0x00000000 x11=0x00000000
       61055000	      6006	80005800	014d4a33	xor	x20,x26,x20	 x26:0x00000000 x20:0x00000001 x20=0x00000001
       61065000	      6007	80005804	01fa1793	slli	x15,x20,0x1f	 x20:0x00000001 x15=0x80000000
       61075000	      6008	80005808	042e6263	bltu	x28,x2,8000584c	 x28:0x8001fe64  x2:0x000000a0
       61085000	      6009	8000580c	0355f263	bgeu	x11,x21,80005830	 x11:0x00000000 x21:0x00008000
       61095000	      6010	80005810	00ea31b3	sltu	x3,x20,x14	 x20:0x00000001 x14:0x00000000  x3=0x00000000
       61135000	      6014	80005814	0340bb33	mulhu	x22,x1,x20	  x1:0x00000017 x20:0x00000001 x22=0x00000000
       61145000	      6015	80005818	097a	c.slli	x18,0x1e	 x18:0x0000001f x18=0xc0000000
       61155000	      6016	8000581a	f5d8a393	slti	x7,x17,-163	 x17:0x00000015  x7=0x00000000
       61165000	      6017	8000581e	0f88	c.addi4spn	x10,x2,976	 x10=0x00000470
       61175000	      6018	80005820	01c7e0b3	or	x1,x15,x28	 x15:0x80000000 x28:0x8001fe64  x1=0x8001fe64
       61185000	      6019	80005824	e927c493	xori	x9,x15,-366	 x15:0x80000000  x9=0x7ffffe92
       61225000	      6023	80005828	025fb4b3	mulhu	x9,x31,x5	 x31:0xffffffeb  x5:0xacf05000  x9=0xacf04ff1
       61235000	      6024	8000582c	1284	c.addi4spn	x9,x2,352	  x9=0x00000200
       61245000	      6025	8000582e	597d	c.li	x18,-1	 x18=0xffffffff
       61615000	      6062	80005830	02844733	div	x14,x8,x8	  x8:0x80000000  x8:0x80000000 x14=0x00000001
       61625000	      6063	80005834	34051a73	csrrw	x20,mscratch,x10	 x10:0x00000470 x20=0xff14001f
       61635000	      6064	80005838	001eb833	sltu	x16,x29,x1	 x29:0x0000001b  x1:0x8001fe64 x16=0x00000001
       61645000	      6065	8000583c	016bc9b3	xor	x19,x23,x22	 x23:0x00000015 x22:0x00000000 x19=0x00000015
       61655000	      6066	80005840	8ea1	c.xor	x13,x8	 x13:0x00000000  x8:0x80000000 x13=0x80000000
       61665000	      6067	80005842	34059af3	csrrw	x21,mscratch,x11	 x11:0x00000000 x21=0x00000470
       61675000	      6068	80005846	023d6663	bltu	x26,x3,80005872	 x26:0x00000000  x3:0x00000000
       61685000	      6069	8000584a	717d	c.addi16sp	x2,-16	  x2:0x000000a0  x2=0x00000090
       61695000	      6070	8000584c	063caf37	lui	x30,0x63ca	 x30=0x063ca000
       61705000	      6071	80005850	82d5	c.srli	x13,0x15	 x13:0x80000000 x13=0x00000400
       61715000	      6072	80005852	00c84563	blt	x16,x12,8000585c	 x16:0x00000001 x12:0x80023ce4
       61725000	      6073	80005856	6f91	c.lui	x31,0x4	 x31=0x00004000
       61765000	      6077	80005858	03f594b3	mulh	x9,x11,x31	 x11:0x00000000 x31:0x00004000  x9=0x00000000
       61775000	      6078	8000585c	74f6c193	xori	x3,x13,1871	 x13:0x00000400  x3=0x0000034f
       61785000	      6079	80005860	078a	c.slli	x15,0x2	 x15:0x80000000 x15=0x00000000
       61795000	      6080	80005862	831d	c.srli	x14,0x7	 x14:0x00000001 x14=0x00000000
       61805000	      6081	80005864	8d09	c.sub	x10,x10	 x10:0x00000470 x10:0x00000470 x10=0x00000000
       61815000	      6082	80005866	0192f7b3	and	x15,x5,x25	  x5:0xacf05000 x25:0xff140000 x15=0xac100000
       61825000	      6083	8000586a	0004bdb3	sltu	x27,x9,x0	  x9:0x00000000  x0:0x00000000 x27=0x00000000
       61835000	      6084	8000586e	012c2133	slt	x2,x24,x18	 x24:0x00000000 x18:0xffffffff  x2=0x00000000
       61845000	      6085	80005872	0fd02293	slti	x5,x0,253	  x0:0x00000000  x5=0x00000001
       61855000	      6086	80005876	0109acb3	slt	x25,x19,x16	 x19:0x00000015 x16:0x00000001 x25=0x00000000
       61865000	      6087	8000587a	0001	c.addi	x0,0	  x0:0x00000000  x0=0x00000000
       61875000	      6088	8000587c	e89d	c.bnez	x9,800058b2	  x9:0x00000000
       61915000	      6092	8000587e	02e5bd33	mulhu	x26,x11,x14	 x11:0x00000000 x14:0x00000000 x26=0x00000000
       61925000	      6093	80005882	03171363	bne	x14,x17,800058a8	 x14:0x00000000 x17:0x00000015
       62305000	      6131	800058a8	0230ddb3	divu	x27,x1,x3	  x1:0x8001fe64  x3:0x0000034f x27=0x0026b082
       62315000	      6132	800058ac	34006b73	csrrsi	x22,mscratch,0	 x22=0x00000000
       62325000	      6133	800058b0	0189	c.addi	x3,2	  x3:0x0000034f  x3=0x00000351
       62335000	      6134	800058b2	019fc933	xor	x18,x31,x25	 x31:0x00004000 x25:0x00000000 x18=0x00004000
       62345000	      6135	800058b6	51322513	slti	x10,x4,1299	  x4:0x00000000 x10=0x00000001
       62375000	      6138	800058ba	026609b3	mul	x19,x12,x6	 x12:0x80023ce4  x6:0x00000015 x19=0x802efeb4
       62385000	      6139	800058be	8771	c.srai	x14,0x1c	 x14:0x00000000 x14=0x00000000
       62395000	      6140	800058c0	52fd	c.li	x5,-1	  x5=0xffffffff
       62405000	      6141	800058c2	6cc9	c.lui	x25,0x12	 x25=0x00012000
       62415000	      6142	800058c4	8d19	c.sub	x10,x14	 x10:0x00000001 x14:0x00000000 x10=0x00000001
       62425000	      6143	800058c6	340664f3	csrrsi	x9,mscratch,12	  x9=0x00000000
       62435000	      6144	800058ca	4ed4bd93	sltiu	x27,x9,1261	  x9:0x00000000 x27=0x00000001
       62445000	      6145	800058ce	0174df93	srli	x31,x9,0x17	  x9:0x00000000 x31=0x00000000
       62455000	      6146	800058d2	dbea2713	slti	x14,x20,-578	 x20:0xff14001f x14=0x00000001
       62465000	      6147	800058d6	0ff0000f	fence	iorw,iorw	
       62495000	      6150	800058da	038c8833	mul	x16,x25,x24	 x25:0x00012000 x24:0x00000000 x16=0x00000000
       62505000	      6151	800058de	e54aad13	slti	x26,x21,-428	 x21:0x00000470 x26=0x00000000
       62515000	      6152	800058e2	84a1	c.srai	x9,0x8	  x9:0x00000000  x9=0x00000000
       62525000	      6153	800058e4	5a72c113	xori	x2,x5,1447	  x5:0xffffffff  x2=0xfffffa58
       62535000	      6154	800058e8	517d	c.li	x2,-1	  x2=0xffffffff
       62545000	      6155	800058ea	8975	c.andi	x10,29	 x10:0x00000001 x10=0x00000001
       62555000	      6156	800058ec	41cd	c.li	x3,19	  x3=0x00000013
       62565000	      6157	800058ee	01fecbb3	xor	x23,x29,x31	 x29:0x0000001b x31:0x00000000 x23=0x0000001b
       62575000	      6158	800058f2	839d	c.srli	x15,0x7	 x15:0xac100000 x15=0x01582000
       62585000	      6159	800058f4	0001	c.addi	x0,0	  x0:0x00000000  x0=0x00000000
       62595000	      6160	800058f6	01b9abb3	slt	x23,x19,x27	 x19:0x802efeb4 x27:0x00000001 x23=0x00000001
       62605000	      6161	800058fa	8cb9	c.xor	x9,x14	  x9:0x00000000 x14:0x00000001  x9=0x00000001
       62615000	      6162	800058fc	0c88	c.addi4spn	x10,x2,592	 x10=0x0000024f
       62625000	      6163	800058fe	01775f13	srli	x30,x14,0x17	 x14:0x00000001 x30=0x00000000
       62635000	      6164	80005902	01215013	srli	x0,x2,0x12	  x2:0xffffffff  x0=0x00000000
       62645000	      6165	80005906	011d0563	beq	x26,x17,80005910	 x26:0x00000000 x17:0x00000015
       62655000	      6166	8000590a	8ade	c.mv	x21,x23	  x0:0x00000000 x23:0x00000001 x21=0x00000001
       62675000	      6168	8000590c	03a778b3	remu	x17,x14,x26	 x14:0x00000001 x26:0x00000000 x17=0x00000001
       62685000	      6169	80005910	01a11133	sll	x2,x2,x26	  x2:0xffffffff x26:0x00000000  x2=0xffffffff
       62705000	      6171	80005914	03f0f333	remu	x6,x1,x31	  x1:0x8001fe64 x31:0x00000000  x6=0x8001fe64
       62715000	      6172	80005918	01baeab3	or	x21,x21,x27	 x21:0x00000001 x27:0x00000001 x21=0x00000001
       63085000	      6209	8000591c	031bda33	divu	x20,x23,x17	 x23:0x00000001 x17:0x00000001 x20=0x00000001
       63095000	      6210	80005920	82f5	c.srli	x13,0x1d	 x13:0x00000400 x13=0x00000000
       63105000	      6211	80005922	8fd1	c.or	x15,x12	 x15:0x01582000 x12:0x80023ce4 x15=0x815a3ce4
       63115000	      6212	80005924	34015a73	csrrwi	x20,mscratch,2	 x20=0x0000000c
       63125000	      6213	80005928	06ea	c.slli	x13,0x1a	 x13:0x00000000 x13=0x00000000
       63495000	      6250	8000592a	0232fab3	remu	x21,x5,x3	  x5:0xffffffff  x3:0x00000013 x21=0x00000005
       63505000	      6251	8000592e	018fdc33	srl	x24,x31,x24	 x31:0x00000000 x24:0x00000000 x24=0x00000000
       63515000	      6252	80005932	4aadf913	andi	x18,x27,1194	 x27:0x00000001 x18=0x00000000
       63525000	      6253	80005936	8d29	c.xor	x10,x10	 x10:0x0000024f x10:0x0000024f x10=0x00000000
       63535000	      6254	80005938	058c	c.addi4spn	x11,x2,704	 x11=0x000002bf
       63575000	      6258	8000593a	02fd2033	mulhsu	x0,x26,x15	 x26:0x00000000 x15:0x815a3ce4  x0=0x00000000
       63585000	      6259	8000593e	0ff0000f	fence	iorw,iorw	
       63595000	      6260	80005942	6685	c.lui	x13,0x1	 x13=0x00001000
       63605000	      6261	80005944	0b94	c.addi4spn	x13,x2,464	 x13=0x000001cf
       63615000	      6262	80005946	00c60d33	add	x26,x12,x12	 x12:0x80023ce4 x12:0x80023ce4 x26=0x000479c8
       63625000	      6263	8000594a	8f29	c.xor	x14,x10	 x14:0x00000001 x10:0x00000000 x14=0x00000001
       63635000	      6264	8000594c	7d0fb993	sltiu	x19,x31,2000	 x31:0x00000000 x19=0x00000001
       63645000	      6265	80005950	050d	c.addi	x10,3	 x10:0x00000000 x10=0x00000003
       63655000	      6266	80005952	02939e63	bne	x7,x9,8000598e	  x7:0x00000000  x9:0x00000001
       63675000	      6268	8000598e	84b5	c.srai	x9,0xd	  x9:0x00000001  x9=0x00000000
       63685000	      6269	80005990	9996	c.add	x19,x5	 x19:0x00000001  x5:0xffffffff x19=0x00000000
       63715000	      6272	80005992	03fb0fb3	mul	x31,x22,x31	 x22:0x00000000 x31:0x00000000 x31=0x00000000
       63725000	      6273	80005996	e895	c.bnez	x9,800059ca	  x9:0x00000000
       64095000	      6310	80005998	02e4e233	rem	x4,x9,x14	  x9:0x00000000 x14:0x00000001  x4=0x00000000
       64135000	      6314	8000599c	02149fb3	mulh	x31,x9,x1	  x9:0x00000000  x1:0x8001fe64 x31=0x00000000
       64145000	      6315	800059a0	4289	c.li	x5,2	  x5=0x00000002
       64155000	      6316	800059a2	0c5d2f13	slti	x30,x26,197	 x26:0x000479c8 x30=0x00000000
       64165000	      6317	800059a6	8089	c.srli	x9,0x2	  x9:0x00000000  x9=0x00000000
       64175000	      6318	800059a8	02cd1a63	bne	x26,x12,800059dc	 x26:0x000479c8 x12:0x80023ce4
       64195000	      6320	800059dc	34007273	csrrci	x4,mscratch,0	  x4=0x00000002
       64205000	      6321	800059e0	717d	c.addi16sp	x2,-16	  x2:0xffffffff  x2=0xffffffef
       64215000	      6322	800059e2	01c46933	or	x18,x8,x28	  x8:0x80000000 x28:0x8001fe64 x18=0x8001fe64
       64225000	      6323	800059e6	6105	c.addi16sp	x2,32	  x2:0xffffffef  x2=0x0000000f
       64235000	      6324	800059e8	00ad60b3	or	x1,x26,x10	 x26:0x000479c8 x10:0x00000003  x1=0x000479cb
       64245000	      6325	800059ec	003e1eb3	sll	x29,x28,x3	 x28:0x8001fe64  x3:0x00000013 x29=0xf3200000
       64255000	      6326	800059f0	49fd	c.li	x19,31	 x19=0x0000001f
       64265000	      6327	800059f2	89f1	c.andi	x11,28	 x11:0x000002bf x11=0x0000001c
       64275000	      6328	800059f4	0ff0000f	fence	iorw,iorw	
       64285000	      6329	800059f8	01066833	or	x16,x12,x16	 x12:0x80023ce4 x16:0x00000000 x16=0x80023ce4
       64325000	      6333	800059fc	03b13533	mulhu	x10,x2,x27	  x2:0x0000000f x27:0x00000001 x10=0x00000000
       64335000	      6334	80005a00	00d55c63	bge	x10,x13,80005a18	 x10:0x00000000 x13:0x000001cf
       64345000	      6335	80005a04	8d09	c.sub	x10,x10	 x10:0x00000000 x10:0x00000000 x10=0x00000000
       64355000	      6336	80005a06	40db8bb3	sub	x23,x23,x13	 x23:0x00000001 x13:0x000001cf x23=0xfffffe32
       64365000	      6337	80005a0a	03131f63	bne	x6,x17,80005a48	  x6:0x8001fe64 x17:0x00000001
       64385000	      6339	80005a48	0ff0000f	fence	iorw,iorw	
       64395000	      6340	80005a4c	01349833	sll	x16,x9,x19	  x9:0x00000000 x19:0x0000001f x16=0x00000000
       64405000	      6341	80005a50	41c4db93	srai	x23,x9,0x1c	  x9:0x00000000 x23=0x00000000
       64415000	      6342	80005a54	01524033	xor	x0,x4,x21	  x4:0x00000002 x21:0x00000005  x0=0x00000000
       64425000	      6343	80005a58	0001	c.addi	x0,0	  x0:0x00000000  x0=0x00000000
       64435000	      6344	80005a5a	37e17213	andi	x4,x2,894	  x2:0x0000000f  x4=0x0000000e
       64445000	      6345	80005a5e	00206cb3	or	x25,x0,x2	  x0:0x00000000  x2:0x0000000f x25=0x0000000f
       64455000	      6346	80005a62	83b1	c.srli	x15,0xc	 x15:0x815a3ce4 x15=0x000815a3
       64465000	      6347	80005a64	031f4163	blt	x30,x17,80005a86	 x30:0x00000000 x17:0x00000001
       64495000	      6350	80005a86	03bd9e63	bne	x27,x27,80005ac2	 x27:0x00000001 x27:0x00000001
       64505000	      6351	80005a8a	00b89093	slli	x1,x17,0xb	 x17:0x00000001  x1=0x00000800
       64515000	      6352	80005a8e	8ed5	c.or	x13,x13	 x13:0x000001cf x13:0x000001cf x13=0x000001cf
       64525000	      6353	80005a90	87f9	c.srai	x15,0x1e	 x15:0x000815a3 x15=0x00000000
       64535000	      6354	80005a92	0001	c.addi	x0,0	  x0:0x00000000  x0=0x00000000
       64575000	      6358	80005a94	037bb733	mulhu	x14,x23,x23	 x23:0x00000000 x23:0x00000000 x14=0x00000000
       64585000	      6359	80005a98	8b09	c.andi	x14,2	 x14:0x00000000 x14=0x00000000
       64595000	      6360	80005a9a	0001	c.addi	x0,0	  x0:0x00000000  x0=0x00000000
       64605000	      6361	80005a9c	00d92db3	slt	x27,x18,x13	 x18:0x8001fe64 x13:0x000001cf x27=0x00000001
       64645000	      6365	80005aa0	02f21b33	mulh	x22,x4,x15	  x4:0x0000000e x15:0x00000000 x22=0x00000000
       64655000	      6366	80005aa4	01ad62b3	or	x5,x26,x26	 x26:0x000479c8 x26:0x000479c8  x5=0x000479c8
       65025000	      6403	80005aa8	024c7133	remu	x2,x24,x4	 x24:0x00000000  x4:0x0000000e  x2=0x00000000
       65395000	      6440	80005aac	034df533	remu	x10,x27,x20	 x27:0x00000001 x20:0x0000000c x10=0x00000001
       65405000	      6441	80005ab0	e19d	c.bnez	x11,80005ad6	 x11:0x0000001c
       65795000	      6480	80005ad6	026473b3	remu	x7,x8,x6	  x8:0x80000000  x6:0x8001fe64  x7=0x80000000
       65805000	      6481	80005ada	9bfd	c.andi	x15,-1	 x15:0x00000000 x15=0x00000000
       65815000	      6482	80005adc	340d96f3	csrrw	x13,mscratch,x27	 x27:0x00000001 x13=0x00000002
       65825000	      6483	80005ae0	0ff0000f	fence	iorw,iorw	
       65835000	      6484	80005ae4	5640a213	slti	x4,x1,1380	  x1:0x00000800  x4=0x00000000
       65845000	      6485	80005ae8	00009033	sll	x0,x1,x0	  x1:0x00000800  x0:0x00000000  x0=0x00000000
       65855000	      6486	80005aec	0000100f	fence.i	
       65875000	      6488	80005af0	34007cf3	csrrci	x25,mscratch,0	 x25=0x00000001
       65885000	      6489	80005af4	01a36c63	bltu	x6,x26,80005b0c	  x6:0x8001fe64 x26:0x000479c8
       65925000	      6493	80005af8	039e38b3	mulhu	x17,x28,x25	 x28:0x8001fe64 x25:0x00000001 x17=0x00000000
       65935000	      6494	80005afc	017a5093	srli	x1,x20,0x17	 x20:0x0000000c  x1=0x00000000
       65965000	      6497	80005b00	037188b3	mul	x17,x3,x23	  x3:0x00000013 x23:0x00000000 x17=0x00000000
       65975000	      6498	80005b04	9afd	c.andi	x13,-1	 x13:0x00000002 x13=0x00000002
       65985000	      6499	80005b06	0001	c.addi	x0,0	  x0:0x00000000  x0=0x00000000
       65995000	      6500	80005b08	60b5	c.lui	x1,0xd	  x1=0x0000d000
       66005000	      6501	80005b0a	0e88	c.addi4spn	x10,x2,848	 x10=0x00000350
       66015000	      6502	80005b0c	03b18063	beq	x3,x27,80005b2c	  x3:0x00000013 x27:0x00000001
       66025000	      6503	80005b10	03b2	c.slli	x7,0xc	  x7:0x80000000  x7=0x00000000
       66035000	      6504	80005b12	e701	c.bnez	x14,80005b1a	 x14:0x00000000
       66045000	      6505	80005b14	612d	c.addi16sp	x2,224	  x2:0x00000000  x2=0x000000e0
       66055000	      6506	80005b16	d153da17	auipc	x20,0xd153d	 x20=0x51542b16
       66065000	      6507	80005b1a	00d30d33	add	x26,x6,x13	  x6:0x8001fe64 x13:0x00000002 x26=0x8001fe66
       66075000	      6508	80005b1e	0311e563	bltu	x3,x17,80005b48	  x3:0x00000013 x17:0x00000000
       66115000	      6512	80005b22	0246bb33	mulhu	x22,x13,x4	 x13:0x00000002  x4:0x00000000 x22=0x00000000
       66125000	      6513	80005b26	1a0c	c.addi4spn	x11,x2,304	 x11=0x00000210
       66135000	      6514	80005b28	340edf73	csrrwi	x30,mscratch,29	 x30=0x00000001
       66505000	      6551	80005b2c	0393dcb3	divu	x25,x7,x25	  x7:0x00000000 x25:0x00000001 x25=0x00000000
       66515000	      6552	80005b30	34059ff3	csrrw	x31,mscratch,x11	 x11:0x00000210 x31=0x0000001d
       66525000	      6553	80005b34	340467f3	csrrsi	x15,mscratch,8	 x15=0x00000210
       66535000	      6554	80005b38	40435693	srai	x13,x6,0x4	  x6:0x8001fe64 x13=0xf8001fe6
       66545000	      6555	80005b3c	004a08b3	add	x17,x20,x4	 x20:0x51542b16  x4:0x00000000 x17=0x51542b16
       66555000	      6556	80005b40	02275863	bge	x14,x2,80005b70	 x14:0x00000000  x2:0x000000e0
       66565000	      6557	80005b44	ffb0cd97	auipc	x27,0xffb0c	 x27=0x7fb11b44
       66575000	      6558	80005b48	848a0213	addi	x4,x20,-1976	 x20:0x51542b16  x4=0x5154235e
       66585000	      6559	80005b4c	0001	c.addi	x0,0	  x0:0x00000000  x0=0x00000000
       66595000	      6560	80005b4e	0ff0000f	fence	iorw,iorw	
       66615000	      6562	80005b52	029a7c33	remu	x24,x20,x9	 x20:0x51542b16  x9:0x00000000 x24=0x51542b16
       66625000	      6563	80005b56	612d	c.addi16sp	x2,224	  x2:0x000000e0  x2=0x000001c0
       66665000	      6567	80005b58	02b03f33	mulhu	x30,x0,x11	  x0:0x00000000 x11:0x00000210 x30=0x00000000
       66675000	      6568	80005b5c	1b6fc113	xori	x2,x31,438	 x31:0x0000001d  x2=0x000001ab
       66685000	      6569	80005b60	00b69b93	slli	x23,x13,0xb	 x13:0xf8001fe6 x23=0x00ff3000
       66695000	      6570	80005b64	8f49	c.or	x14,x10	 x14:0x00000000 x10:0x00000350 x14=0x00000350
       66735000	      6574	80005b66	0263aeb3	mulhsu	x29,x7,x6	  x7:0x00000000  x6:0x8001fe64 x29=0x00000000
       66745000	      6575	80005b6a	90a6	c.add	x1,x9	  x1:0x0000d000  x9:0x00000000  x1=0x0000d000
       66755000	      6576	80005b6c	029b0e63	beq	x22,x9,80005ba8	 x22:0x00000000  x9:0x00000000
       66775000	      6578	80005ba8	8d71	c.and	x10,x12	 x10:0x00000350 x12:0x80023ce4 x10=0x00000040
       66785000	      6579	80005baa	8129	c.srli	x10,0xa	 x10:0x00000040 x10=0x00000000
       66795000	      6580	80005bac	82ce	c.mv	x5,x19	  x0:0x00000000 x19:0x0000001f  x5=0x0000001f
       66805000	      6581	80005bae	8ff9	c.and	x15,x14	 x15:0x00000210 x14:0x00000350 x15=0x00000210
       66815000	      6582	80005bb0	00316133	or	x2,x2,x3	  x2:0x000001ab  x3:0x00000013  x2=0x000001bb
       66825000	      6583	80005bb4	34067d73	csrrci	x26,mscratch,12	 x26=0x00000218
       67195000	      6620	80005bb8	025bd7b3	divu	x15,x23,x5	 x23:0x00ff3000  x5:0x0000001f x15=0x00083b5a
       67205000	      6621	80005bbc	6b67cd93	xori	x27,x15,1718	 x15:0x00083b5a x27=0x00083dec
       67215000	      6622	80005bc0	8f79	c.and	x14,x14	 x14:0x00000350 x14:0x00000350 x14=0x00000350
       67225000	      6623	80005bc2	9709f093	andi	x1,x19,-1680	 x19:0x0000001f  x1=0x00000010
       67235000	      6624	80005bc6	3d44e893	ori	x17,x9,980	  x9:0x00000000 x17=0x000003d4
       67245000	      6625	80005bca	01035493	srli	x9,x6,0x10	  x6:0x8001fe64  x9=0x00008001
       67255000	      6626	80005bce	00b39f33	sll	x30,x7,x11	  x7:0x00000000 x11:0x00000210 x30=0x00000000
       67265000	      6627	80005bd2	40835013	srai	x0,x6,0x8	  x6:0x8001fe64  x0=0x00000000
       67305000	      6631	80005bd6	02122fb3	mulhsu	x31,x4,x1	  x4:0x5154235e  x1:0x00000010 x31=0x00000005
       67315000	      6632	80005bda	340be1f3	csrrsi	x3,mscratch,23	  x3=0x00000210
       67325000	      6633	80005bde	01732d33	slt	x26,x6,x23	  x6:0x8001fe64 x23:0x00ff3000 x26=0x00000001
       67335000	      6634	80005be2	340076f3	csrrci	x13,mscratch,0	 x13=0x00000217
       67345000	      6635	80005be6	2962e693	ori	x13,x5,662	  x5:0x0000001f x13=0x0000029f
       67355000	      6636	80005bea	41985c93	srai	x25,x16,0x19	 x16:0x00000000 x25=0x00000000
       67365000	      6637	80005bee	017e74b3	and	x9,x28,x23	 x28:0x8001fe64 x23:0x00ff3000  x9=0x00013000
       67375000	      6638	80005bf2	9afd	c.andi	x13,-1	 x13:0x0000029f x13=0x0000029f
       67385000	      6639	80005bf4	34007373	csrrci	x6,mscratch,0	  x6=0x00000217
       67395000	      6640	80005bf8	8ed1	c.or	x13,x12	 x13:0x0000029f x12:0x80023ce4 x13=0x80023eff
       67405000	      6641	80005bfa	0098	c.addi4spn	x14,x2,64	 x14=0x000001fb
       67415000	      6642	80005bfc	009676b3	and	x13,x12,x9	 x12:0x80023ce4  x9:0x00013000 x13=0x00003000
       67425000	      6643	80005c00	774f2f13	slti	x30,x30,1908	 x30:0x00000000 x30=0x00000001
       67435000	      6644	80005c04	1e1c	c.addi4spn	x15,x2,816	 x15=0x000004eb
       67445000	      6645	80005c06	59ac0093	addi	x1,x24,1434	 x24:0x51542b16  x1=0x515430b0
       67455000	      6646	80005c0a	34003a73	csrrc	x20,mscratch,x0	  x0:0x00000000 x20=0x00000217
       67465000	      6647	80005c0e	08e1	c.addi	x17,24	 x17:0x000003d4 x17=0x000003ec
       67475000	      6648	80005c10	8dd5	c.or	x11,x13	 x11:0x00000210 x13:0x00003000 x11=0x00003210
       67485000	      6649	80005c12	00003c97	auipc	x25,0x3	 x25=0x80008c12
       67495000	      6650	80005c16	e0ec8c93	addi	x25,x25,-498	 x25:0x80008c12 x25=0x80008a20
       67505000	      6651	80005c1a	2fac8c93	addi	x25,x25,762	 x25:0x80008a20 x25=0x80008d1a
       67515000	      6652	80005c1e	1b84	c.addi4spn	x9,x2,496	  x9=0x000003ab
       67525000	      6653	80005c20	8df5	c.and	x11,x13	 x11:0x00003210 x13:0x00003000 x11=0x00003000
       67535000	      6654	80005c22	017a7863	bgeu	x20,x23,80005c32	 x20:0x00000217 x23:0x00ff3000
       67545000	      6655	80005c26	8671a917	auipc	x18,0x8671a	 x18=0x0671fc26
       67555000	      6656	80005c2a	340031f3	csrrc	x3,mscratch,x0	  x0:0x00000000  x3=0x00000217
       67565000	      6657	80005c2e	016a8733	add	x14,x21,x22	 x21:0x00000005 x22:0x00000000 x14=0x00000005
       67575000	      6658	80005c32	d06c81e7	jalr	x3,-762(x25)	 x25:0x80008d1a  x3=0x80005c36
       67595000	      6660	80008a20	7411c913	xori	x18,x3,1857	  x3:0x80005c36 x18=0x80005b77
       67605000	      6661	80008a24	0f96	c.slli	x31,0x5	 x31:0x00000005 x31=0x000000a0
       67615000	      6662	80008a26	340fbff3	csrrc	x31,mscratch,x31	 x31:0x000000a0 x31=0x00000217
       67625000	      6663	80008a2a	ef627513	andi	x10,x4,-266	  x4:0x5154235e x10=0x51542256
       67635000	      6664	80008a2e	0001	c.addi	x0,0	  x0:0x00000000  x0=0x00000000
       67645000	      6665	80008a30	985e	c.add	x16,x23	 x16:0x00000000 x23:0x00ff3000 x16=0x00ff3000
       67655000	      6666	80008a32	34003c73	csrrc	x24,mscratch,x0	  x0:0x00000000 x24=0x00000217
       67665000	      6667	80008a36	8f5d	c.or	x14,x15	 x14:0x00000005 x15:0x000004eb x14=0x000004ef
       67675000	      6668	80008a38	fcce0e13	addi	x28,x28,-52	 x28:0x8001fe64 x28=0x8001fe30
       67685000	      6669	80008a3c	003e2223	sw	x3,4(x28)	 x28:0x8001fe30  x3:0x80005c36 PA:0x8001fe34 store:0x80005c36 load:0x00000000
       67695000	      6670	80008a40	83e5	c.srli	x15,0x19	 x15:0x000004eb x15=0x00000000
       67705000	      6671	80008a42	72137d13	andi	x26,x6,1825	  x6:0x00000217 x26=0x00000201
       67715000	      6672	80008a46	14fd	c.addi	x9,-1	  x9:0x000003ab  x9=0x000003aa
       67725000	      6673	80008a48	009d6733	or	x14,x26,x9	 x26:0x00000201  x9:0x000003aa x14=0x000003ab
       67735000	      6674	80008a4c	01c3e333	or	x6,x7,x28	  x7:0x00000000 x28:0x8001fe30  x6=0x8001fe30
       67745000	      6675	80008a50	9bfd	c.andi	x15,-1	 x15:0x00000000 x15=0x00000000
       67755000	      6676	80008a52	015bf463	bgeu	x23,x21,80008a5a	 x23:0x00ff3000 x21:0x00000005
       67785000	      6679	80008a5a	a1efd1ef	jal	x3,80005c78	  x3=0x80008a5e
       67805000	      6681	80005c78	fdce0e13	addi	x28,x28,-36	 x28:0x8001fe30 x28=0x8001fe0c
       67815000	      6682	80005c7c	39b0e237	lui	x4,0x39b0e	  x4=0x39b0e000
       67825000	      6683	80005c80	003e2223	sw	x3,4(x28)	 x28:0x8001fe0c  x3:0x80008a5e PA:0x8001fe10 store:0x80008a5e load:0x00000000
       67835000	      6684	80005c84	d961a513	slti	x10,x3,-618	  x3:0x80008a5e x10=0x00000001
       67845000	      6685	80005c88	40f4de93	srai	x29,x9,0xf	  x9:0x000003aa x29=0x00000000
       67855000	      6686	80005c8c	01a001ef	jal	x3,80005ca6	  x3=0x80005c90
       67875000	      6688	80005ca6	3fdd	c.jal	80005c9c	  x1=0x80005ca8
       67895000	      6690	80005c9c	3ffd	c.jal	80005c9a	  x1=0x80005c9e
       67915000	      6692	80005c9a	bfed	c.j	80005c94	
       67935000	      6694	80005c94	a811	c.j	80005ca8	
       67955000	      6696	80005ca8	37fd	c.jal	80005c96	  x1=0x80005caa
       67985000	      6699	80005c96	ffbffdef	jal	x27,80005c90	 x27=0x80005c9a
       68005000	      6701	80005c90	2809	c.jal	80005ca2	  x1=0x80005c92
       68035000	      6704	80005ca2	ffdff0ef	jal	x1,80005c9e	  x1=0x80005ca6
       68065000	      6707	80005c9e	ff5ff36f	jal	x6,80005c92	  x6=0x80005ca2
       68085000	      6709	80005c92	a821	c.j	80005caa	
       68115000	      6712	80005caa	0167c1b3	xor	x3,x15,x22	 x15:0x00000000 x22:0x00000000  x3=0x00000000
       68125000	      6713	80005cae	01a001ef	jal	x3,80005cc8	  x3=0x80005cb2
       68145000	      6715	80005cc8	bfc5	c.j	80005cb8	
       68165000	      6717	80005cb8	2809	c.jal	80005cca	  x1=0x80005cba
       68185000	      6719	80005cca	b7e5	c.j	80005cb2	
       68215000	      6722	80005cb2	02a000ef	jal	x1,80005cdc	  x1=0x80005cb6
       68235000	      6724	80005cdc	fe7ff0ef	jal	x1,80005cc2	  x1=0x80005ce0
       68255000	      6726	80005cc2	bfe5	c.j	80005cba	
       68285000	      6729	80005cba	02a001ef	jal	x3,80005ce4	  x3=0x80005cbe
       68305000	      6731	80005ce4	fedff2ef	jal	x5,80005cd0	  x5=0x80005ce8
       68325000	      6733	80005cd0	37dd	c.jal	80005cb6	  x1=0x80005cd2
       68345000	      6735	80005cb6	a821	c.j	80005cce	
       68365000	      6737	80005cce	3fc5	c.jal	80005cbe	  x1=0x80005cd0
       68385000	      6739	80005cbe	a009	c.j	80005cc0	
       68405000	      6741	80005cc0	a821	c.j	80005cd8	
       68425000	      6743	80005cd8	3fd5	c.jal	80005ccc	  x1=0x80005cda
       68445000	      6745	80005ccc	3fe5	c.jal	80005cc4	  x1=0x80005cce
       68465000	      6747	80005cc4	0100036f	jal	x6,80005cd4	  x6=0x80005cc8
       68485000	      6749	80005cd4	00e0016f	jal	x2,80005ce2	  x2=0x80005cd8
       68505000	      6751	80005ce2	3ffd	c.jal	80005ce0	  x1=0x80005ce4
       68525000	      6753	80005ce0	3fed	c.jal	80005cda	  x1=0x80005ce2
       68545000	      6755	80005cda	3fe5	c.jal	80005cd2	  x1=0x80005cdc
       68565000	      6757	80005cd2	a819	c.j	80005ce8	
       68585000	      6759	80005ce8	a009	c.j	80005cea	
       68645000	      6765	80005cea	02ea1033	mulh	x0,x20,x14	 x20:0x00000217 x14:0x000003ab  x0=0x00000000
       68655000	      6766	80005cee	3409d3f3	csrrwi	x7,mscratch,19	  x7=0x00000217
       68665000	      6767	80005cf2	8eb9	c.xor	x13,x14	 x13:0x00003000 x14:0x000003ab x13=0x000033ab
       68675000	      6768	80005cf4	8ced	c.and	x9,x11	  x9:0x000003aa x11:0x00003000  x9=0x00000000
       68685000	      6769	80005cf6	0131d893	srli	x17,x3,0x13	  x3:0x80005cbe x17=0x00001000
       68695000	      6770	80005cfa	657d	c.lui	x10,0x1f	 x10=0x0001f000
       68705000	      6771	80005cfc	014c5a33	srl	x20,x24,x20	 x24:0x00000217 x20:0x00000217 x20=0x00000000
       68715000	      6772	80005d00	9ab6	c.add	x21,x13	 x21:0x00000005 x13:0x000033ab x21=0x000033b0
       69085000	      6809	80005d02	0394c733	div	x14,x9,x25	  x9:0x00000000 x25:0x80008d1a x14=0x00000000
       69125000	      6813	80005d06	02969d33	mulh	x26,x13,x9	 x13:0x000033ab  x9:0x00000000 x26=0x00000000
       69135000	      6814	80005d0a	4aa93a13	sltiu	x20,x18,1194	 x18:0x80005b77 x20=0x00000000
       69145000	      6815	80005d0e	02fbd463	bge	x23,x15,80005d36	 x23:0x00ff3000 x15:0x00000000
       69175000	      6818	80005d36	2acd3d17	auipc	x26,0x2acd3	 x26=0xaacd8d36
       69185000	      6819	80005d3a	0001	c.addi	x0,0	  x0:0x00000000  x0=0x00000000
       69195000	      6820	80005d3c	0001	c.addi	x0,0	  x0:0x00000000  x0=0x00000000
       69205000	      6821	80005d3e	c91d	c.beqz	x10,80005d74	 x10:0x0001f000
       69215000	      6822	80005d40	6bcf3b93	sltiu	x23,x30,1724	 x30:0x00000001 x23=0x00000001
       69225000	      6823	80005d44	0000100f	fence.i	
       69605000	      6861	80005d48	02765b33	divu	x22,x12,x7	 x12:0x80023ce4  x7:0x00000217 x22=0x003d40b6
       69615000	      6862	80005d4c	06918093	addi	x1,x3,105	  x3:0x80005cbe  x1=0x80005d27
       69625000	      6863	80005d50	5dfd	c.li	x27,-1	 x27=0xffffffff
       69635000	      6864	80005d52	403d09b3	sub	x19,x26,x3	 x26:0xaacd8d36  x3:0x80005cbe x19=0x2acd3078
       69645000	      6865	80005d56	010889b3	add	x19,x17,x16	 x17:0x00001000 x16:0x00ff3000 x19=0x00ff4000
       69655000	      6866	80005d5a	34011f73	csrrw	x30,mscratch,x2	  x2:0x80005cd8 x30=0x00000013
       69665000	      6867	80005d5e	b87d1817	auipc	x16,0xb87d1	 x16=0x387d6d5e
       69675000	      6868	80005d62	005d9463	bne	x27,x5,80005d6a	 x27:0xffffffff  x5:0x80005ce8
       70065000	      6907	80005d6a	02a17133	remu	x2,x2,x10	  x2:0x80005cd8 x10:0x0001f000  x2=0x00015cd8
       70075000	      6908	80005d6e	99fd	c.andi	x11,-1	 x11:0x00003000 x11=0x00003000
       70085000	      6909	80005d70	01180333	add	x6,x16,x17	 x16:0x387d6d5e x17:0x00001000  x6=0x387d7d5e
       70115000	      6912	80005d74	03a384b3	mul	x9,x7,x26	  x7:0x00000217 x26:0xaacd8d36  x9=0xf3921bda
       70125000	      6913	80005d78	8e8d	c.sub	x13,x11	 x13:0x000033ab x11:0x00003000 x13=0x000003ab
       70135000	      6914	80005d7a	0bd64c37	lui	x24,0xbd64	 x24=0x0bd64000
       70145000	      6915	80005d7e	0001	c.addi	x0,0	  x0:0x00000000  x0=0x00000000
       70155000	      6916	80005d80	340064f3	csrrsi	x9,mscratch,0	  x9=0x80005cd8
       70165000	      6917	80005d84	8d61	c.and	x10,x8	 x10:0x0001f000  x8:0x80000000 x10=0x00000000
       70175000	      6918	80005d86	16fd	c.addi	x13,-1	 x13:0x000003ab x13=0x000003aa
       70185000	      6919	80005d88	34002f73	csrrs	x30,mscratch,x0	  x0:0x00000000 x30=0x80005cd8
       70195000	      6920	80005d8c	40688ab3	sub	x21,x17,x6	 x17:0x00001000  x6:0x387d7d5e x21=0xc78292a2
       70205000	      6921	80005d90	01448333	add	x6,x9,x20	  x9:0x80005cd8 x20:0x00000000  x6=0x80005cd8
       70215000	      6922	80005d94	34003873	csrrc	x16,mscratch,x0	  x0:0x00000000 x16=0x80005cd8
       70585000	      6959	80005d98	02607f33	remu	x30,x0,x6	  x0:0x00000000  x6:0x80005cd8 x30=0x00000000
       70625000	      6963	80005d9c	03c19cb3	mulh	x25,x3,x28	  x3:0x80005cbe x28:0x8001fe0c x25=0x3ffed29b
       70635000	      6964	80005da0	d752cd17	auipc	x26,0xd752c	 x26=0x57531da0
       70645000	      6965	80005da4	01341813	slli	x16,x8,0x13	  x8:0x80000000 x16=0x00000000
       70655000	      6966	80005da8	0000100f	fence.i	
       70675000	      6968	80005dac	8d9d	c.sub	x11,x15	 x11:0x00003000 x15:0x00000000 x11=0x00003000
       70685000	      6969	80005dae	040bd263	bge	x23,x0,80005df2	 x23:0x00000001  x0:0x00000000
       70745000	      6975	80005df2	0247b933	mulhu	x18,x15,x4	 x15:0x00000000  x4:0x39b0e000 x18=0x00000000
       70755000	      6976	80005df6	8ce1	c.and	x9,x8	  x9:0x80005cd8  x8:0x80000000  x9=0x80000000
       70765000	      6977	80005df8	0000100f	fence.i	
       70785000	      6979	80005dfc	01d58333	add	x6,x11,x29	 x11:0x00003000 x29:0x00000000  x6=0x00003000
       70795000	      6980	80005e00	34095bf3	csrrwi	x23,mscratch,18	 x23=0x80005cd8
       70805000	      6981	80005e04	0001	c.addi	x0,0	  x0:0x00000000  x0=0x00000000
       70815000	      6982	80005e06	405c5033	sra	x0,x24,x5	 x24:0x0bd64000  x5:0x80005ce8  x0=0x00000000
       70825000	      6983	80005e0a	019d71b3	and	x3,x26,x25	 x26:0x57531da0 x25:0x3ffed29b  x3=0x17521080
       70835000	      6984	80005e0e	018897b3	sll	x15,x17,x24	 x17:0x00001000 x24:0x0bd64000 x15=0x00001000
       70845000	      6985	80005e12	18fd	c.addi	x17,-1	 x17:0x00001000 x17=0x00000fff
       70855000	      6986	80005e14	8bb1	c.andi	x15,12	 x15:0x00001000 x15=0x00000000
       70865000	      6987	80005e16	8531	c.srai	x10,0xc	 x10:0x00000000 x10=0x00000000
       70875000	      6988	80005e18	1cfd	c.addi	x25,-1	 x25:0x3ffed29b x25=0x3ffed29a
       70885000	      6989	80005e1a	0001	c.addi	x0,0	  x0:0x00000000  x0=0x00000000
       70895000	      6990	80005e1c	d711e713	ori	x14,x3,-655	  x3:0x17521080 x14=0xfffffdf1
       70905000	      6991	80005e20	01ad8bb3	add	x23,x27,x26	 x27:0xffffffff x26:0x57531da0 x23=0x57531d9f
       70915000	      6992	80005e24	57e07193	andi	x3,x0,1406	  x0:0x00000000  x3=0x00000000
       70955000	      6996	80005e28	029caeb3	mulhsu	x29,x25,x9	 x25:0x3ffed29a  x9:0x80000000 x29=0x1fff694d
       70965000	      6997	80005e2c	03c31663	bne	x6,x28,80005e58	  x6:0x00003000 x28:0x8001fe0c
       71015000	      7002	80005e58	03d2a8b3	mulhsu	x17,x5,x29	  x5:0x80005ce8 x29:0x1fff694d x17=0xf00056f6
       71385000	      7039	80005e5c	0278c233	div	x4,x17,x7	 x17:0xf00056f6  x7:0x00000217  x4=0xfff85836
       71395000	      7040	80005e60	00b05c33	srl	x24,x0,x11	  x0:0x00000000 x11:0x00003000 x24=0x00000000
       71405000	      7041	80005e64	8fee	c.mv	x31,x27	  x0:0x00000000 x27:0xffffffff x31=0xffffffff
       71415000	      7042	80005e66	022acd63	blt	x21,x2,80005ea0	 x21:0xc78292a2  x2:0x00015cd8
       71455000	      7046	80005ea0	03ac0933	mul	x18,x24,x26	 x24:0x00000000 x26:0x57531da0 x18=0x00000000
       71495000	      7050	80005ea4	02fd99b3	mulh	x19,x27,x15	 x27:0xffffffff x15:0x00000000 x19=0x00000000
       71505000	      7051	80005ea8	8f85	c.sub	x15,x9	 x15:0x00000000  x9:0x80000000 x15=0x80000000
       71515000	      7052	80005eaa	8dd5	c.or	x11,x13	 x11:0x00003000 x13:0x000003aa x11=0x000033aa
       71525000	      7053	80005eac	8ee5	c.and	x13,x9	 x13:0x000003aa  x9:0x80000000 x13=0x00000000
       71535000	      7054	80005eae	3502b793	sltiu	x15,x5,848	  x5:0x80005ce8 x15=0x00000000
       71545000	      7055	80005eb2	340c52f3	csrrwi	x5,mscratch,24	  x5=0x00000012
       71555000	      7056	80005eb6	8f45	c.or	x14,x9	 x14:0xfffffdf1  x9:0x80000000 x14=0xfffffdf1
       71575000	      7058	80005eb8	0326e8b3	rem	x17,x13,x18	 x13:0x00000000 x18:0x00000000 x17=0x00000000
       71585000	      7059	80005ebc	340020f3	csrrs	x1,mscratch,x0	  x0:0x00000000  x1=0x00000018
       71595000	      7060	80005ec0	20f9b493	sltiu	x9,x19,527	 x19:0x00000000  x9=0x00000001
       71605000	      7061	80005ec4	4052d913	srai	x18,x5,0x5	  x5:0x00000012 x18=0x00000000
       71615000	      7062	80005ec8	edad	c.bnez	x11,80005f42	 x11:0x000033aa
       71645000	      7065	80005f42	346c0537	lui	x10,0x346c0	 x10=0x346c0000
       71655000	      7066	80005f46	8ed1	c.or	x13,x12	 x13:0x00000000 x12:0x80023ce4 x13=0x80023ce4
       71665000	      7067	80005f48	00f4bab3	sltu	x21,x9,x15	  x9:0x00000001 x15:0x00000000 x21=0x00000000
       71675000	      7068	80005f4c	fb3e9097	auipc	x1,0xfb3e9	  x1=0x7b3eef4c
       71685000	      7069	80005f50	6131	c.addi16sp	x2,320	  x2:0x00015cd8  x2=0x00015e18
       71695000	      7070	80005f52	8111	c.srli	x10,0x4	 x10:0x346c0000 x10=0x0346c000
       71705000	      7071	80005f54	8fd1	c.or	x15,x12	 x15:0x00000000 x12:0x80023ce4 x15=0x80023ce4
       71715000	      7072	80005f56	34007cf3	csrrci	x25,mscratch,0	 x25=0x00000018
       71725000	      7073	80005f5a	b98ef313	andi	x6,x29,-1128	 x29:0x1fff694d  x6=0x1fff6908
       71735000	      7074	80005f5e	000412b3	sll	x5,x8,x0	  x8:0x80000000  x0:0x00000000  x5=0x80000000
       71745000	      7075	80005f62	e9845c97	auipc	x25,0xe9845	 x25=0x6984af62
       71755000	      7076	80005f66	012ce5b3	or	x11,x25,x18	 x25:0x6984af62 x18:0x00000000 x11=0x6984af62
       71765000	      7077	80005f6a	8fe1	c.and	x15,x8	 x15:0x80023ce4  x8:0x80000000 x15=0x80000000
       71775000	      7078	80005f6c	fe3ea1b7	lui	x3,0xfe3ea	  x3=0xfe3ea000
       71785000	      7079	80005f70	03c89263	bne	x17,x28,80005f94	 x17:0x00000000 x28:0x8001fe0c
       71805000	      7081	80005f94	01f60f63	beq	x12,x31,80005fb2	 x12:0x80023ce4 x31:0xffffffff
       71845000	      7085	80005f98	02222f33	mulhsu	x30,x4,x2	  x4:0xfff85836  x2:0x00015e18 x30=0xfffffff5
       71855000	      7086	80005f9c	0ff0000f	fence	iorw,iorw	
       71865000	      7087	80005fa0	071c	c.addi4spn	x15,x2,896	 x15=0x00016198
       71875000	      7088	80005fa2	0078c863	blt	x17,x7,80005fb2	 x17:0x00000000  x7:0x00000217
       71905000	      7091	80005fb2	ff29dbb7	lui	x23,0xff29d	 x23=0xff29d000
       71915000	      7092	80005fb6	340313f3	csrrw	x7,mscratch,x6	  x6:0x1fff6908  x7=0x00000018
       71925000	      7093	80005fba	98fd	c.andi	x9,-1	  x9:0x00000001  x9=0x00000001
       71935000	      7094	80005fbc	0000100f	fence.i	
       71955000	      7096	80005fc0	8e89	c.sub	x13,x10	 x13:0x80023ce4 x10:0x0346c000 x13=0x7cbb7ce4
       71965000	      7097	80005fc2	82c2	c.mv	x5,x16	  x0:0x00000000 x16:0x00000000  x5=0x00000000
       72335000	      7134	80005fc4	039877b3	remu	x15,x16,x25	 x16:0x00000000 x25:0x6984af62 x15=0x00000000
       72345000	      7135	80005fc8	004e2183	lw	x3,4(x28)	 x28:0x8001fe0c  x3=0x80008a5e PA:0x8001fe10 load:0x80008a5e
       72355000	      7136	80005fcc	024e0e13	addi	x28,x28,36	 x28:0x8001fe0c x28=0x8001fe30
       72365000	      7137	80005fd0	40a05013	srai	x0,x0,0xa	  x0:0x00000000  x0=0x00000000
       72405000	      7141	80005fd4	02dd9933	mulh	x18,x27,x13	 x27:0xffffffff x13:0x7cbb7ce4 x18=0xffffffff
       72415000	      7142	80005fd8	0b14	c.addi4spn	x13,x2,400	 x13=0x00015fa8
       72425000	      7143	80005fda	00118513	addi	x10,x3,1	  x3:0x80008a5e x10=0x80008a5f
       72435000	      7144	80005fde	8502	c.jr	x10	 x10:0x80008a5f
       72465000	      7147	80008a5e	02274063	blt	x14,x2,80008a7e	 x14:0xfffffdf1  x2:0x00015e18
       72495000	      7150	80008a7e	f76ff1ef	jal	x3,800081f4	  x3=0x80008a82
       72515000	      7152	800081f4	89c6	c.mv	x19,x17	  x0:0x00000000 x17:0x00000000 x19=0x00000000
       72525000	      7153	800081f6	004ad233	srl	x4,x21,x4	 x21:0x00000000  x4:0xfff85836  x4=0x00000000
       72535000	      7154	800081fa	0001	c.addi	x0,0	  x0:0x00000000  x0=0x00000000
       72545000	      7155	800081fc	01f0d533	srl	x10,x1,x31	  x1:0x7b3eef4c x31:0xffffffff x10=0x00000000
       72555000	      7156	80008200	0126e463	bltu	x13,x18,80008208	 x13:0x00015fa8 x18:0xffffffff
       72575000	      7158	80008208	1e11	c.addi	x28,-28	 x28:0x8001fe30 x28=0x8001fe14
       72585000	      7159	8000820a	003e2223	sw	x3,4(x28)	 x28:0x8001fe14  x3:0x80008a82 PA:0x8001fe18 store:0x80008a82 load:0x00000000
       72595000	      7160	8000820e	41800933	sub	x18,x0,x24	  x0:0x00000000 x24:0x00000000 x18=0x00000000
       72635000	      7164	80008212	02ea90b3	mulh	x1,x21,x14	 x21:0x00000000 x14:0xfffffdf1  x1=0x00000000
       72645000	      7165	80008216	01a001ef	jal	x3,80008230	  x3=0x8000821a
       72665000	      7167	80008230	fedff0ef	jal	x1,8000821c	  x1=0x80008234
       72685000	      7169	8000821c	2021	c.jal	80008224	  x1=0x8000821e
       72705000	      7171	80008224	02000b6f	jal	x22,80008244	 x22=0x80008228
       72725000	      7173	80008244	008000ef	jal	x1,8000824c	  x1=0x80008248
       72745000	      7175	8000824c	0040036f	jal	x6,80008250	  x6=0x80008250
       72765000	      7177	80008250	37f9	c.jal	8000821e	  x1=0x80008252
       72785000	      7179	8000821e	2815	c.jal	80008252	  x1=0x80008220
       72815000	      7182	80008252	fdbff1ef	jal	x3,8000822c	  x3=0x80008256
       72835000	      7184	8000822c	2801	c.jal	8000823c	  x1=0x8000822e
       72855000	      7186	8000823c	2019	c.jal	80008242	  x1=0x8000823e
       72875000	      7188	80008242	a019	c.j	80008248	
       72895000	      7190	80008248	ff3ff0ef	jal	x1,8000823a	  x1=0x8000824c
       72915000	      7192	8000823a	2011	c.jal	8000823e	  x1=0x8000823c
       72945000	      7195	8000823e	018000ef	jal	x1,80008256	  x1=0x80008242
       72975000	      7198	80008256	fd9ff0ef	jal	x1,8000822e	  x1=0x8000825a
       72995000	      7200	8000822e	37f5	c.jal	8000821a	  x1=0x80008230
       73015000	      7202	8000821a	2019	c.jal	80008220	  x1=0x8000821c
       73035000	      7204	80008220	a009	c.j	80008222	
       73055000	      7206	80008222	a019	c.j	80008228	
       73075000	      7208	80008228	00e000ef	jal	x1,80008236	  x1=0x8000822c
       73105000	      7211	80008236	fffff0ef	jal	x1,80008234	  x1=0x8000823a
       73125000	      7213	80008234	a01d	c.j	8000825a	
       73155000	      7216	8000825a	340e7f73	csrrci	x30,mscratch,28	 x30=0x1fff6908
       73165000	      7217	8000825e	018001ef	jal	x3,80008276	  x3=0x80008262
       73195000	      7220	80008276	fffff0ef	jal	x1,80008274	  x1=0x8000827a
       73215000	      7222	80008274	b7fd	c.j	80008262	
       73235000	      7224	80008262	a031	c.j	8000826e	
       73255000	      7226	8000826e	2011	c.jal	80008272	  x1=0x80008270
       73275000	      7228	80008272	bfd5	c.j	80008266	
       73305000	      7231	80008266	0040016f	jal	x2,8000826a	  x2=0x8000826a
       73325000	      7233	8000826a	3fed	c.jal	80008264	  x1=0x8000826c
       73345000	      7235	80008264	a031	c.j	80008270	
       73365000	      7237	80008270	3ff5	c.jal	8000826c	  x1=0x80008272
       73385000	      7239	8000826c	2039	c.jal	8000827a	  x1=0x8000826e
       73405000	      7241	8000827a	04b6	c.slli	x9,0xd	  x9:0x00000001  x9=0x00002000
       73415000	      7242	8000827c	032001ef	jal	x3,800082ae	  x3=0x80008280
       73435000	      7244	800082ae	3fe5	c.jal	800082a6	  x1=0x800082b0
       73465000	      7247	800082a6	fe5ff36f	jal	x6,8000828a	  x6=0x800082aa
       73495000	      7250	8000828a	0420056f	jal	x10,800082cc	 x10=0x8000828e
       73515000	      7252	800082cc	fd1ff36f	jal	x6,8000829c	  x6=0x800082d0
       73535000	      7254	8000829c	a005	c.j	800082bc	
       73555000	      7256	800082bc	fe3ff0ef	jal	x1,8000829e	  x1=0x800082c0
       73575000	      7258	8000829e	2809	c.jal	800082b0	  x1=0x800082a0
       73595000	      7260	800082b0	00800def	jal	x27,800082b8	 x27=0x800082b4
       73615000	      7262	800082b8	fedff0ef	jal	x1,800082a4	  x1=0x800082bc
       73635000	      7264	800082a4	3fcd	c.jal	80008296	  x1=0x800082a6
       73655000	      7266	80008296	a02d	c.j	800082c0	
       73675000	      7268	800082c0	fd9ff36f	jal	x6,80008298	  x6=0x800082c4
       73695000	      7270	80008298	2805	c.jal	800082c8	  x1=0x8000829a
       73715000	      7272	800082c8	fbfff0ef	jal	x1,80008286	  x1=0x800082cc
       73745000	      7275	80008286	014000ef	jal	x1,8000829a	  x1=0x8000828a
       73765000	      7277	8000829a	3fd5	c.jal	8000828e	  x1=0x8000829c
       73785000	      7279	8000828e	2809	c.jal	800082a0	  x1=0x80008290
       73805000	      7281	800082a0	00a00fef	jal	x31,800082aa	 x31=0x800082a4
       73835000	      7284	800082aa	00a000ef	jal	x1,800082b4	  x1=0x800082ae
       73855000	      7286	800082b4	a009	c.j	800082b6	
       73875000	      7288	800082b6	37f9	c.jal	80008284	  x1=0x800082b8
       73895000	      7290	80008284	a081	c.j	800082c4	
       73915000	      7292	800082c4	fcdff5ef	jal	x11,80008290	 x11=0x800082c8
       73935000	      7294	80008290	ff1ff0ef	jal	x1,80008280	  x1=0x80008294
       73955000	      7296	80008280	014000ef	jal	x1,80008294	  x1=0x80008284
       73975000	      7298	80008294	a835	c.j	800082d0	
       74025000	      7303	800082d0	03261033	mulh	x0,x12,x18	 x12:0x80023ce4 x18:0x00000000  x0=0x00000000
       74035000	      7304	800082d4	024001ef	jal	x3,800082f8	  x3=0x800082d8
       74055000	      7306	800082f8	febff0ef	jal	x1,800082e2	  x1=0x800082fc
       74085000	      7309	800082e2	00a0016f	jal	x2,800082ec	  x2=0x800082e6
       74105000	      7311	800082ec	37f5	c.jal	800082d8	  x1=0x800082ee
       74125000	      7313	800082d8	2021	c.jal	800082e0	  x1=0x800082da
       74145000	      7315	800082e0	3ffd	c.jal	800082de	  x1=0x800082e2
       74165000	      7317	800082de	a801	c.j	800082ee	
       74185000	      7319	800082ee	a019	c.j	800082f4	
       74205000	      7321	800082f4	ff5ff0ef	jal	x1,800082e8	  x1=0x800082f8
       74225000	      7323	800082e8	3fcd	c.jal	800082da	  x1=0x800082ea
       74255000	      7326	800082da	022003ef	jal	x7,800082fc	  x7=0x800082de
       74275000	      7328	800082fc	b7ed	c.j	800082e6	
       74295000	      7330	800082e6	a011	c.j	800082ea	
       74315000	      7332	800082ea	2019	c.jal	800082f0	  x1=0x800082ec
       74335000	      7334	800082f0	00e0026f	jal	x4,800082fe	  x4=0x800082f4
       74365000	      7337	800082fe	406800b3	sub	x1,x16,x6	 x16:0x00000000  x6:0x800082c4  x1=0x7fff7d3c
       74375000	      7338	80008302	012001ef	jal	x3,80008314	  x3=0x80008306
       74395000	      7340	80008314	3fdd	c.jal	8000830a	  x1=0x80008316
       74425000	      7343	8000830a	00e0036f	jal	x6,80008318	  x6=0x8000830e
       74445000	      7345	80008318	2019	c.jal	8000831e	  x1=0x8000831a
       74475000	      7348	8000831e	ff1ff36f	jal	x6,8000830e	  x6=0x80008322
       74495000	      7350	8000830e	a011	c.j	80008312	
       74515000	      7352	80008312	a821	c.j	8000832a	
       74535000	      7354	8000832a	37f5	c.jal	80008316	  x1=0x8000832c
       74555000	      7356	80008316	2831	c.jal	80008332	  x1=0x80008318
       74575000	      7358	80008332	bfed	c.j	8000832c	
       74595000	      7360	8000832c	37fd	c.jal	8000831a	  x1=0x8000832e
       74615000	      7362	8000831a	2829	c.jal	80008334	  x1=0x8000831c
       74635000	      7364	80008334	fd5ff4ef	jal	x9,80008308	  x9=0x80008338
       74655000	      7366	80008308	a01d	c.j	8000832e	
       74675000	      7368	8000832e	b7fd	c.j	8000831c	
       74695000	      7370	8000831c	a021	c.j	80008324	
       74715000	      7372	80008324	fffff9ef	jal	x19,80008322	 x19=0x80008328
       74735000	      7374	80008322	37fd	c.jal	80008310	  x1=0x80008324
       74755000	      7376	80008310	3fdd	c.jal	80008306	  x1=0x80008312
       74775000	      7378	80008306	200d	c.jal	80008328	  x1=0x80008308
       74795000	      7380	80008328	2021	c.jal	80008330	  x1=0x8000832a
       74815000	      7382	80008330	a021	c.j	80008338	
       74835000	      7384	80008338	0157e2b3	or	x5,x15,x21	 x15:0x00000000 x21:0x00000000  x5=0x00000000
       74845000	      7385	8000833c	01c001ef	jal	x3,80008358	  x3=0x80008340
       74865000	      7387	80008358	ff1ff0ef	jal	x1,80008348	  x1=0x8000835c
       74885000	      7389	80008348	2011	c.jal	8000834c	  x1=0x8000834a
       74905000	      7391	8000834c	fffff0ef	jal	x1,8000834a	  x1=0x80008350
       74925000	      7393	8000834a	3fe5	c.jal	80008342	  x1=0x8000834c
       74945000	      7395	80008342	2815	c.jal	80008376	  x1=0x80008344
       74965000	      7397	80008376	2009	c.jal	80008378	  x1=0x80008378
       74985000	      7399	80008378	fe7ff1ef	jal	x3,8000835e	  x3=0x8000837c
       75015000	      7402	8000835e	fe7ff36f	jal	x6,80008344	  x6=0x80008362
       75035000	      7404	80008344	0240086f	jal	x16,80008368	 x16=0x80008348
       75055000	      7406	80008368	fe9ff0ef	jal	x1,80008350	  x1=0x8000836c
       75075000	      7408	80008350	ff1ff0ef	jal	x1,80008340	  x1=0x80008354
       75095000	      7410	80008340	201d	c.jal	80008366	  x1=0x80008342
       75115000	      7412	80008366	3fdd	c.jal	8000835c	  x1=0x80008368
       75135000	      7414	8000835c	a811	c.j	80008370	
       75155000	      7416	80008370	37d5	c.jal	80008354	  x1=0x80008372
       75175000	      7418	80008354	01e000ef	jal	x1,80008372	  x1=0x80008358
       75205000	      7421	80008372	ffbffcef	jal	x25,8000836c	 x25=0x80008376
       75225000	      7423	8000836c	ff7ff36f	jal	x6,80008362	  x6=0x80008370
       75245000	      7425	80008362	2009	c.jal	80008364	  x1=0x80008364
       75265000	      7427	80008364	a821	c.j	8000837c	
       75285000	      7429	8000837c	340996f3	csrrw	x13,mscratch,x19	 x19:0x80008328 x13=0x1fff6900
       75295000	      7430	80008380	022001ef	jal	x3,800083a2	  x3=0x80008384
       75315000	      7432	800083a2	2011	c.jal	800083a6	  x1=0x800083a4
       75345000	      7435	800083a6	fe7ff36f	jal	x6,8000838c	  x6=0x800083aa
       75365000	      7437	8000838c	004000ef	jal	x1,80008390	  x1=0x80008390
       75385000	      7439	80008390	ff9ff36f	jal	x6,80008388	  x6=0x80008394
       75405000	      7441	80008388	a039	c.j	80008396	
       75425000	      7443	80008396	2819	c.jal	800083ac	  x1=0x80008398
       75445000	      7445	800083ac	ff1ff36f	jal	x6,8000839c	  x6=0x800083b0
       75465000	      7447	8000839c	fefff0ef	jal	x1,8000838a	  x1=0x800083a0
       75485000	      7449	8000838a	a039	c.j	80008398	
       75505000	      7451	80008398	b7f5	c.j	80008384	
       75525000	      7453	80008384	a035	c.j	800083b0	
       75545000	      7455	800083b0	b7d5	c.j	80008394	
       75565000	      7457	80008394	2005	c.jal	800083b4	  x1=0x80008396
       75585000	      7459	800083b4	fffff0ef	jal	x1,800083b2	  x1=0x800083b8
       75605000	      7461	800083b2	b7e5	c.j	8000839a	
       75625000	      7463	8000839a	a029	c.j	800083a4	
       75645000	      7465	800083a4	bff5	c.j	800083a0	
       75665000	      7467	800083a0	a821	c.j	800083b8	
       75685000	      7469	800083b8	2009	c.jal	800083ba	  x1=0x800083ba
       75705000	      7471	800083ba	bfc5	c.j	800083aa	
       75725000	      7473	800083aa	3ff1	c.jal	80008386	  x1=0x800083ac
       75745000	      7475	80008386	a81d	c.j	800083bc	
       75775000	      7478	800083bc	0345d333	divu	x6,x11,x20	 x11:0x800082c8 x20:0x00000000  x6=0xffffffff
       75785000	      7479	800083c0	020001ef	jal	x3,800083e0	  x3=0x800083c4
       75805000	      7481	800083e0	b7ed	c.j	800083ca	
       75825000	      7483	800083ca	2015	c.jal	800083ee	  x1=0x800083cc
       75845000	      7485	800083ee	b7f5	c.j	800083da	
       75865000	      7487	800083da	a831	c.j	800083f6	
       75895000	      7490	800083f6	fe9ff26f	jal	x4,800083de	  x4=0x800083fa
       75915000	      7492	800083de	2819	c.jal	800083f4	  x1=0x800083e0
       75935000	      7494	800083f4	3fe1	c.jal	800083cc	  x1=0x800083f6
       75955000	      7496	800083cc	bff5	c.j	800083c8	
       75975000	      7498	800083c8	a839	c.j	800083e6	
       75995000	      7500	800083e6	3ff5	c.jal	800083e2	  x1=0x800083e8
       76025000	      7503	800083e2	006003ef	jal	x7,800083e8	  x7=0x800083e6
       76045000	      7505	800083e8	fddff16f	jal	x2,800083c4	  x2=0x800083ec
       76065000	      7507	800083c4	a039	c.j	800083d2	
       76095000	      7510	800083d2	01a0076f	jal	x14,800083ec	 x14=0x800083d6
       76115000	      7512	800083ec	a809	c.j	800083fe	
       76135000	      7514	800083fe	37e1	c.jal	800083c6	  x1=0x80008400
       76155000	      7516	800083c6	a815	c.j	800083fa	
       76185000	      7519	800083fa	fddff26f	jal	x4,800083d6	  x4=0x800083fe
       76215000	      7522	800083d6	01a007ef	jal	x15,800083f0	 x15=0x800083da
       76235000	      7524	800083f0	fdfff0ef	jal	x1,800083ce	  x1=0x800083f4
       76265000	      7527	800083ce	00e000ef	jal	x1,800083dc	  x1=0x800083d2
       76285000	      7529	800083dc	2015	c.jal	80008400	  x1=0x800083de
       76305000	      7531	80008400	0001	c.addi	x0,0	  x0:0x00000000  x0=0x00000000
       76315000	      7532	80008402	0268f563	bgeu	x17,x6,8000842c	 x17:0x00000000  x6:0xffffffff
       76325000	      7533	80008406	011c68b3	or	x17,x24,x17	 x24:0x00000000 x17:0x00000000 x17=0x00000000
       76335000	      7534	8000840a	8da9	c.xor	x11,x10	 x11:0x800082c8 x10:0x8000828e x11=0x00000046
       76345000	      7535	8000840c	323d2d93	slti	x27,x26,803	 x26:0x57531da0 x27=0x00000000
       76355000	      7536	80008410	8db1	c.xor	x11,x12	 x11:0x00000046 x12:0x80023ce4 x11=0x80023ca2
       76365000	      7537	80008412	01ef0c63	beq	x30,x30,8000842a	 x30:0x1fff6908 x30:0x1fff6908
       76385000	      7539	8000842a	86be	c.mv	x13,x15	  x0:0x00000000 x15:0x800083da x13=0x800083da
       76395000	      7540	8000842c	00d6ef33	or	x30,x13,x13	 x13:0x800083da x13:0x800083da x30=0x800083da
       76435000	      7544	80008430	028039b3	mulhu	x19,x0,x8	  x0:0x00000000  x8:0x80000000 x19=0x00000000
       76445000	      7545	80008434	8cdd	c.or	x9,x15	  x9:0x80008338 x15:0x800083da  x9=0x800083fa
       76455000	      7546	80008436	8dad	c.xor	x11,x11	 x11:0x80023ca2 x11:0x80023ca2 x11=0x00000000
       76465000	      7547	80008438	01fb7833	and	x16,x22,x31	 x22:0x80008228 x31:0x800082a4 x16=0x80008220
       76475000	      7548	8000843c	c0192d13	slti	x26,x18,-1023	 x18:0x00000000 x26=0x00000000
       76485000	      7549	80008440	34002773	csrrs	x14,mscratch,x0	  x0:0x00000000 x14=0x80008328
       76495000	      7550	80008444	04b10463	beq	x2,x11,8000848c	  x2:0x800083ec x11:0x00000000
       76505000	      7551	80008448	00c79c33	sll	x24,x15,x12	 x15:0x800083da x12:0x80023ce4 x24=0x00083da0
       76515000	      7552	8000844c	6751	c.lui	x14,0x14	 x14=0x00014000
       76885000	      7589	8000844e	03d5e033	rem	x0,x11,x29	 x11:0x00000000 x29:0x1fff694d  x0=0x00000000
       76895000	      7590	80008452	88f6	c.mv	x17,x29	  x0:0x00000000 x29:0x1fff694d x17=0x1fff694d
       76905000	      7591	80008454	65a1	c.lui	x11,0x8	 x11=0x00008000
       76915000	      7592	80008456	0ff0000f	fence	iorw,iorw	
       76925000	      7593	8000845a	01301733	sll	x14,x0,x19	  x0:0x00000000 x19:0x00000000 x14=0x00000000
       76935000	      7594	8000845e	027e7963	bgeu	x28,x7,80008490	 x28:0x8001fe14  x7:0x800083e6
       76955000	      7596	80008490	0001	c.addi	x0,0	  x0:0x00000000  x0=0x00000000
       76965000	      7597	80008492	c33fb093	sltiu	x1,x31,-973	 x31:0x800082a4  x1=0x00000001
       76975000	      7598	80008496	01931c63	bne	x6,x25,800084ae	  x6:0xffffffff x25:0x80008376
       76995000	      7600	800084ae	83fd	c.srli	x15,0x1f	 x15:0x800083da x15=0x00000001
       77005000	      7601	800084b0	01964333	xor	x6,x12,x25	 x12:0x80023ce4 x25:0x80008376  x6=0x0002bf92
       77015000	      7602	800084b4	0ffd8c97	auipc	x25,0xffd8	 x25=0x8ffe04b4
       77025000	      7603	800084b8	8d3d	c.xor	x10,x15	 x10:0x8000828e x15:0x00000001 x10=0x8000828f
       77035000	      7604	800084ba	0153adb3	slt	x27,x7,x21	  x7:0x800083e6 x21:0x00000000 x27=0x00000001
       77045000	      7605	800084be	017f69b3	or	x19,x30,x23	 x30:0x800083da x23:0xff29d000 x19=0xff29d3da
       77055000	      7606	800084c2	01020b33	add	x22,x4,x16	  x4:0x800083fe x16:0x80008220 x22=0x0001061e
       77065000	      7607	800084c6	40010eb3	sub	x29,x2,x0	  x2:0x800083ec  x0:0x00000000 x29=0x800083ec
       77075000	      7608	800084ca	0000100f	fence.i	
       77095000	      7610	800084ce	8f19	c.sub	x14,x14	 x14:0x00000000 x14:0x00000000 x14=0x00000000
       77125000	      7613	800084d0	039c85b3	mul	x11,x25,x25	 x25:0x8ffe04b4 x25:0x8ffe04b4 x11=0x6d461e90
       77135000	      7614	800084d4	013f36b3	sltu	x13,x30,x19	 x30:0x800083da x19:0xff29d3da x13=0x00000001
       77145000	      7615	800084d8	ed81	c.bnez	x11,800084f0	 x11:0x6d461e90
       77165000	      7617	800084f0	00523cb3	sltu	x25,x4,x5	  x4:0x800083fe  x5:0x00000000 x25=0x00000000
       77175000	      7618	800084f4	71b06293	ori	x5,x0,1819	  x0:0x00000000  x5=0x0000071b
       77185000	      7619	800084f8	00dad263	bge	x21,x13,800084fc	 x21:0x00000000 x13:0x00000001
       77195000	      7620	800084fc	340c5df3	csrrwi	x27,mscratch,24	 x27=0x80008328
       77205000	      7621	80008500	01cb1513	slli	x10,x22,0x1c	 x22:0x0001061e x10=0xe0000000
       77215000	      7622	80008504	011c34b3	sltu	x9,x24,x17	 x24:0x00083da0 x17:0x1fff694d  x9=0x00000001
       77225000	      7623	80008508	0ff0000f	fence	iorw,iorw	
       77235000	      7624	8000850c	fa3eba13	sltiu	x20,x29,-93	 x29:0x800083ec x20=0x00000001
       77245000	      7625	80008510	0001	c.addi	x0,0	  x0:0x00000000  x0=0x00000000
       77255000	      7626	80008512	00e360b3	or	x1,x6,x14	  x6:0x0002bf92 x14:0x00000000  x1=0x0002bf92
       77265000	      7627	80008516	340af173	csrrci	x2,mscratch,21	  x2=0x00000018
       77275000	      7628	8000851a	8cb5	c.xor	x9,x13	  x9:0x00000001 x13:0x00000001  x9=0x00000000
       77285000	      7629	8000851c	00f5f863	bgeu	x11,x15,8000852c	 x11:0x6d461e90 x15:0x00000001
       77305000	      7631	8000852c	0076c763	blt	x13,x7,8000853a	 x13:0x00000001  x7:0x800083e6
       77345000	      7635	80008530	03e0b0b3	mulhu	x1,x1,x30	  x1:0x0002bf92 x30:0x800083da  x1=0x00015fca
       77355000	      7636	80008534	41a00a33	sub	x20,x0,x26	  x0:0x00000000 x26:0x00000000 x20=0x00000000
       77365000	      7637	80008538	9d3e	c.add	x26,x15	 x26:0x00000000 x15:0x00000001 x26=0x00000001
       77375000	      7638	8000853a	853e	c.mv	x10,x15	  x0:0x00000000 x15:0x00000001 x10=0x00000001
       77385000	      7639	8000853c	13cfbf93	sltiu	x31,x31,316	 x31:0x800082a4 x31=0x00000000
       77395000	      7640	80008540	0713f163	bgeu	x7,x17,800085a2	  x7:0x800083e6 x17:0x1fff694d
       77425000	      7643	800085a2	27958d13	addi	x26,x11,633	 x11:0x6d461e90 x26=0x6d462109
       77435000	      7644	800085a6	340e1af3	csrrw	x21,mscratch,x28	 x28:0x8001fe14 x21=0x00000008
       77445000	      7645	800085aa	34036873	csrrsi	x16,mscratch,6	 x16=0x8001fe14
       77455000	      7646	800085ae	9d605d37	lui	x26,0x9d605	 x26=0x9d605000
       77465000	      7647	800085b2	652d	c.lui	x10,0xb	 x10=0x0000b000
       77475000	      7648	800085b4	00392533	slt	x10,x18,x3	 x18:0x00000000  x3:0x800083c4 x10=0x00000000
       77485000	      7649	800085b8	8131	c.srli	x10,0xc	 x10:0x00000000 x10=0x00000000
       77525000	      7653	800085ba	03b2b933	mulhu	x18,x5,x27	  x5:0x0000071b x27:0x80008328 x18=0x0000038d
       77535000	      7654	800085be	00a3cb33	xor	x22,x7,x10	  x7:0x800083e6 x10:0x00000000 x22=0x800083e6
       77545000	      7655	800085c2	340613f3	csrrw	x7,mscratch,x12	 x12:0x80023ce4  x7=0x8001fe16
       77555000	      7656	800085c6	004077b3	and	x15,x0,x4	  x0:0x00000000  x4:0x800083fe x15=0x00000000
       77565000	      7657	800085ca	c705	c.beqz	x14,800085f2	 x14:0x00000000
       77585000	      7659	800085f2	ef85	c.bnez	x15,8000862a	 x15:0x00000000
       77595000	      7660	800085f4	0082e3b3	or	x7,x5,x8	  x5:0x0000071b  x8:0x80000000  x7=0x8000071b
       77605000	      7661	800085f8	b0c93c37	lui	x24,0xb0c93	 x24=0xb0c93000
       77615000	      7662	800085fc	3ba5a293	slti	x5,x11,954	 x11:0x6d461e90  x5=0x00000000
       77625000	      7663	80008600	34002173	csrrs	x2,mscratch,x0	  x0:0x00000000  x2=0x80023ce4
       77635000	      7664	80008604	80dd	c.srli	x9,0x17	  x9:0x00000000  x9=0x00000000
       77675000	      7668	80008606	039baa33	mulhsu	x20,x23,x25	 x23:0xff29d000 x25:0x00000000 x20=0x00000000
       77685000	      7669	8000860a	9b7d	c.andi	x14,-1	 x14:0x00000000 x14=0x00000000
       77695000	      7670	8000860c	ef19	c.bnez	x14,8000862a	 x14:0x00000000
       77705000	      7671	8000860e	8ef5	c.and	x13,x13	 x13:0x00000001 x13:0x00000001 x13=0x00000001
       77715000	      7672	80008610	0291d163	bge	x3,x9,80008632	  x3:0x800083c4  x9:0x00000000
       77725000	      7673	80008614	c57cc313	xori	x6,x25,-937	 x25:0x00000000  x6=0xfffffc57
       77735000	      7674	80008618	0000100f	fence.i	
       77755000	      7676	8000861c	012f12b3	sll	x5,x30,x18	 x30:0x800083da x18:0x0000038d  x5=0x107b4000
       77765000	      7677	80008620	8f01	c.sub	x14,x8	 x14:0x00000000  x8:0x80000000 x14=0x80000000
       77805000	      7681	80008622	035ca733	mulhsu	x14,x25,x21	 x25:0x00000000 x21:0x00000008 x14=0x00000000
       77815000	      7682	80008626	340799f3	csrrw	x19,mscratch,x15	 x15:0x00000000 x19=0x80023ce4
       77825000	      7683	8000862a	02ab9563	bne	x23,x10,80008654	 x23:0xff29d000 x10:0x00000000
       77845000	      7685	80008654	41b459b3	sra	x19,x8,x27	  x8:0x80000000 x27:0x80008328 x19=0xff800000
       77855000	      7686	80008658	04ba	c.slli	x9,0xe	  x9:0x00000000  x9=0x00000000
       77885000	      7689	8000865a	036008b3	mul	x17,x0,x22	  x0:0x00000000 x22:0x800083e6 x17=0x00000000
       77895000	      7690	8000865e	717d	c.addi16sp	x2,-16	  x2:0x80023ce4  x2=0x80023cd4
       77905000	      7691	80008660	34003373	csrrc	x6,mscratch,x0	  x0:0x00000000  x6=0x00000000
       77915000	      7692	80008664	15fd	c.addi	x11,-1	 x11:0x6d461e90 x11=0x6d461e8f
       77925000	      7693	80008666	1dfd	c.addi	x27,-1	 x27:0x80008328 x27=0x80008327
       77935000	      7694	80008668	02461063	bne	x12,x4,80008688	 x12:0x80023ce4  x4:0x800083fe
       77955000	      7696	80008688	01f4cb33	xor	x22,x9,x31	  x9:0x00000000 x31:0x00000000 x22=0x00000000
       78325000	      7733	8000868c	02527b33	remu	x22,x4,x5	  x4:0x800083fe  x5:0x107b4000 x22=0x0ca1c3fe
       78695000	      7770	80008690	03de4533	div	x10,x28,x29	 x28:0x8001fe14 x29:0x800083ec x10=0x00000000
       78705000	      7771	80008694	d1ef8c93	addi	x25,x31,-738	 x31:0x00000000 x25=0xfffffd1e
       78715000	      7772	80008698	00cf1493	slli	x9,x30,0xc	 x30:0x800083da  x9=0x083da000
       78725000	      7773	8000869c	02b0f863	bgeu	x1,x11,800086cc	  x1:0x00015fca x11:0x6d461e8f
       78735000	      7774	800086a0	9ada	c.add	x21,x22	 x21:0x00000008 x22:0x0ca1c3fe x21=0x0ca1c406
       78745000	      7775	800086a2	812bea13	ori	x20,x23,-2030	 x23:0xff29d000 x20=0xfffff812
       78755000	      7776	800086a6	96d61197	auipc	x3,0x96d61	  x3=0x16d696a6
       78765000	      7777	800086aa	82fe	c.mv	x5,x31	  x0:0x00000000 x31:0x00000000  x5=0x00000000
       78775000	      7778	800086ac	c901	c.beqz	x10,800086bc	 x10:0x00000000
       78795000	      7780	800086bc	717d	c.addi16sp	x2,-16	  x2:0x80023cd4  x2=0x80023cc4
       78805000	      7781	800086be	8331	c.srli	x14,0xc	 x14:0x00000000 x14=0x00000000
       78815000	      7782	800086c0	8d3a	c.mv	x26,x14	  x0:0x00000000 x14:0x00000000 x26=0x00000000
       78825000	      7783	800086c2	00994733	xor	x14,x18,x9	 x18:0x0000038d  x9:0x083da000 x14=0x083da38d
       79195000	      7820	800086c6	02114eb3	div	x29,x2,x1	  x2:0x80023cc4  x1:0x00015fca x29=0xffffa2dd
       79205000	      7821	800086ca	8b69	c.andi	x14,26	 x14:0x083da38d x14=0x00000008
       79215000	      7822	800086cc	8fed	c.and	x15,x11	 x15:0x00000000 x11:0x6d461e8f x15=0x00000000
       79225000	      7823	800086ce	0196ba33	sltu	x20,x13,x25	 x13:0x00000001 x25:0xfffffd1e x20=0x00000001
       79235000	      7824	800086d2	340a3a73	csrrc	x20,mscratch,x20	 x20:0x00000001 x20=0x00000000
       79245000	      7825	800086d6	40195133	sra	x2,x18,x1	 x18:0x0000038d  x1:0x00015fca  x2=0x00000000
       79255000	      7826	800086da	40d3db33	sra	x22,x7,x13	  x7:0x8000071b x13:0x00000001 x22=0xc000038d
       79265000	      7827	800086de	01aed593	srli	x11,x29,0x1a	 x29:0xffffa2dd x11=0x0000003f
       79275000	      7828	800086e2	018adf33	srl	x30,x21,x24	 x21:0x0ca1c406 x24:0xb0c93000 x30=0x0ca1c406
       79285000	      7829	800086e6	85ee	c.mv	x11,x27	  x0:0x00000000 x27:0x80008327 x11=0x80008327
       79295000	      7830	800086e8	340d9af3	csrrw	x21,mscratch,x27	 x27:0x80008327 x21=0x00000000
       79305000	      7831	800086ec	0000100f	fence.i	
       79325000	      7833	800086f0	0009c1b3	xor	x3,x19,x0	 x19:0xff800000  x0:0x00000000  x3=0xff800000
       79335000	      7834	800086f4	0001	c.addi	x0,0	  x0:0x00000000  x0=0x00000000
       79345000	      7835	800086f6	01531493	slli	x9,x6,0x15	  x6:0x00000000  x9=0x00000000
       79355000	      7836	800086fa	6a31	c.lui	x20,0xc	 x20=0x0000c000
       79365000	      7837	800086fc	01dd9893	slli	x17,x27,0x1d	 x27:0x80008327 x17=0xe0000000
       79405000	      7841	80008700	03ab2233	mulhsu	x4,x22,x26	 x22:0xc000038d x26:0x00000000  x4=0x00000000
       79775000	      7878	80008704	036c6f33	rem	x30,x24,x22	 x24:0xb0c93000 x22:0xc000038d x30=0xf0c92c73
       79785000	      7879	80008708	0001	c.addi	x0,0	  x0:0x00000000  x0=0x00000000
       79795000	      7880	8000870a	02db1e63	bne	x22,x13,80008746	 x22:0xc000038d x13:0x00000001
       79815000	      7882	80008746	94fa	c.add	x9,x30	  x9:0x00000000 x30:0xf0c92c73  x9=0xf0c92c73
       79825000	      7883	80008748	01c4dd13	srli	x26,x9,0x1c	  x9:0xf0c92c73 x26=0x0000000f
       79835000	      7884	8000874c	41135d33	sra	x26,x6,x17	  x6:0x00000000 x17:0xe0000000 x26=0x00000000
       79845000	      7885	80008750	0849	c.addi	x16,18	 x16:0x8001fe14 x16=0x8001fe26
       79855000	      7886	80008752	80e1	c.srli	x9,0x18	  x9:0xf0c92c73  x9=0x000000f0
       79865000	      7887	80008754	8de1	c.and	x11,x8	 x11:0x80008327  x8:0x80000000 x11=0x80000000
       79875000	      7888	80008756	0001	c.addi	x0,0	  x0:0x00000000  x0=0x00000000
       79885000	      7889	80008758	0001	c.addi	x0,0	  x0:0x00000000  x0=0x00000000
       79895000	      7890	8000875a	340cbff3	csrrc	x31,mscratch,x25	 x25:0xfffffd1e x31=0x80008327
       79905000	      7891	8000875e	137d	c.addi	x6,-1	  x6:0x00000000  x6=0xffffffff
       79915000	      7892	80008760	0ff0000f	fence	iorw,iorw	
       79925000	      7893	80008764	8ab9	c.andi	x13,14	 x13:0x00000001 x13=0x00000000
       79945000	      7895	80008766	02fce2b3	rem	x5,x25,x15	 x25:0xfffffd1e x15:0x00000000  x5=0xfffffd1e
       80315000	      7932	8000876a	02e74033	div	x0,x14,x14	 x14:0x00000008 x14:0x00000008  x0=0x00000000
       80355000	      7936	8000876e	03dbb0b3	mulhu	x1,x23,x29	 x23:0xff29d000 x29:0xffffa2dd  x1=0xff29732a
       80365000	      7937	80008772	01d8d5b3	srl	x11,x17,x29	 x17:0xe0000000 x29:0xffffa2dd x11=0x00000007
       80375000	      7938	80008776	4047d933	sra	x18,x15,x4	 x15:0x00000000  x4:0x00000000 x18=0x00000000
       80385000	      7939	8000877a	e7fef293	andi	x5,x29,-385	 x29:0xffffa2dd  x5=0xffffa25d
       80425000	      7943	8000877e	03032db3	mulhsu	x27,x6,x16	  x6:0xffffffff x16:0x8001fe26 x27=0xffffffff
       80435000	      7944	80008782	9d6a	c.add	x26,x26	 x26:0x00000000 x26:0x00000000 x26=0x00000000
       80445000	      7945	80008784	6105	c.addi16sp	x2,32	  x2:0x00000000  x2=0x00000020
       80455000	      7946	80008786	8c89	c.sub	x9,x10	  x9:0x000000f0 x10:0x00000000  x9=0x000000f0
       80465000	      7947	80008788	00bb0cb3	add	x25,x22,x11	 x22:0xc000038d x11:0x00000007 x25=0xc0000394
       80475000	      7948	8000878c	817d	c.srli	x10,0x1f	 x10:0x00000000 x10=0x00000000
       80485000	      7949	8000878e	415ed4b3	sra	x9,x29,x21	 x29:0xffffa2dd x21:0x00000000  x9=0xffffa2dd
       80495000	      7950	80008792	340f5b73	csrrwi	x22,mscratch,30	 x22=0x00000221
       80505000	      7951	80008796	efee8793	addi	x15,x29,-258	 x29:0xffffa2dd x15=0xffffa1db
       80515000	      7952	8000879a	8cbd	c.xor	x9,x15	  x9:0xffffa2dd x15:0xffffa1db  x9=0x00000306
       80525000	      7953	8000879c	c885	c.beqz	x9,800087cc	  x9:0x00000306
       80895000	      7990	8000879e	03046fb3	rem	x31,x8,x16	  x8:0x80000000 x16:0x8001fe26 x31=0xfffe01da
       80925000	      7993	800087a2	03018133	mul	x2,x3,x16	  x3:0xff800000 x16:0x8001fe26  x2=0xed000000
       81295000	      8030	800087a6	037a6eb3	rem	x29,x20,x23	 x20:0x0000c000 x23:0xff29d000 x29=0x0000c000
       81305000	      8031	800087aa	a6a7da17	auipc	x20,0xa6a7d	 x20=0x26a857aa
       81315000	      8032	800087ae	9b7d	c.andi	x14,-1	 x14:0x00000008 x14=0x00000008
       81325000	      8033	800087b0	8f81	c.sub	x15,x8	 x15:0xffffa1db  x8:0x80000000 x15=0x7fffa1db
       81335000	      8034	800087b2	01a034b3	sltu	x9,x0,x26	  x0:0x00000000 x26:0x00000000  x9=0x00000000
       81345000	      8035	800087b6	00289033	sll	x0,x17,x2	 x17:0xe0000000  x2:0xed000000  x0=0x00000000
       81355000	      8036	800087ba	8ced	c.and	x9,x11	  x9:0x00000000 x11:0x00000007  x9=0x00000000
       81365000	      8037	800087bc	00639363	bne	x7,x6,800087c2	  x7:0x8000071b  x6:0xffffffff
       81755000	      8076	800087c2	0309d333	divu	x6,x19,x16	 x19:0xff800000 x16:0x8001fe26  x6=0x00000001
       81765000	      8077	800087c6	005aeb33	or	x22,x21,x5	 x21:0x00000000  x5:0xffffa25d x22=0xffffa25d
       81775000	      8078	800087ca	8e99	c.sub	x13,x14	 x13:0x00000000 x14:0x00000008 x13=0xfffffff8
       81785000	      8079	800087cc	030f6f63	bltu	x30,x16,8000880a	 x30:0xf0c92c73 x16:0x8001fe26
       81795000	      8080	800087d0	16772713	slti	x14,x14,359	 x14:0x00000008 x14=0x00000001
       81825000	      8083	800087d4	03bc8f33	mul	x30,x25,x27	 x25:0xc0000394 x27:0xffffffff x30=0x3ffffc6c
       81835000	      8084	800087d8	b9166817	auipc	x16,0xb9166	 x16=0x3916e7d8
       81845000	      8085	800087dc	e499	c.bnez	x9,800087ea	  x9:0x00000000
       81855000	      8086	800087de	5ffd	c.li	x31,-1	 x31=0xffffffff
       81865000	      8087	800087e0	00c08b63	beq	x1,x12,800087f6	  x1:0xff29732a x12:0x80023ce4
       81875000	      8088	800087e4	1d7ef197	auipc	x3,0x1d7ef	  x3=0x9d7f77e4
       81885000	      8089	800087e8	6b1d	c.lui	x22,0x7	 x22=0x00007000
       81895000	      8090	800087ea	41135093	srai	x1,x6,0x11	  x6:0x00000001  x1=0x00000000
       81905000	      8091	800087ee	039c	c.addi4spn	x15,x2,448	 x15=0xed0001c0
       81915000	      8092	800087f0	ed1d	c.bnez	x10,8000882e	 x10:0x00000000
       81925000	      8093	800087f2	01dcfc33	and	x24,x25,x29	 x25:0xc0000394 x29:0x0000c000 x24=0x00000000
       81935000	      8094	800087f6	66e9	c.lui	x13,0x1a	 x13=0x0001a000
       81945000	      8095	800087f8	9adb6893	ori	x17,x22,-1619	 x22:0x00007000 x17=0xfffff9ad
       81955000	      8096	800087fc	4b85	c.li	x23,1	 x23=0x00000001
       82325000	      8133	800087fe	02dfe7b3	rem	x15,x31,x13	 x31:0xffffffff x13:0x0001a000 x15=0xffffffff
       82335000	      8134	80008802	007a7033	and	x0,x20,x7	 x20:0x26a857aa  x7:0x8000071b  x0=0x00000000
       82345000	      8135	80008806	05e91163	bne	x18,x30,80008848	 x18:0x00000000 x30:0x3ffffc6c
       82365000	      8137	80008848	8c95	c.sub	x9,x13	  x9:0x00000000 x13:0x0001a000  x9=0xfffe6000
       82405000	      8141	8000884a	025c31b3	mulhu	x3,x24,x5	 x24:0x00000000  x5:0xffffa25d  x3=0x00000000
       82425000	      8143	8000884e	0381d3b3	divu	x7,x3,x24	  x3:0x00000000 x24:0x00000000  x7=0xffffffff
       82435000	      8144	80008852	80e6	c.mv	x1,x25	  x0:0x00000000 x25:0xc0000394  x1=0xc0000394
       82445000	      8145	80008854	c481	c.beqz	x9,8000885c	  x9:0xfffe6000
       82455000	      8146	80008856	979a	c.add	x15,x6	 x15:0xffffffff  x6:0x00000001 x15=0x00000000
       82495000	      8150	80008858	035aa9b3	mulhsu	x19,x21,x21	 x21:0x00000000 x21:0x00000000 x19=0x00000000
       82505000	      8151	8000885c	0aea	c.slli	x21,0x1a	 x21:0x00000000 x21=0x00000000
       82515000	      8152	8000885e	005d7363	bgeu	x26,x5,80008864	 x26:0x00000000  x5:0xffffa25d
       82525000	      8153	80008862	ec8d	c.bnez	x9,8000889c	  x9:0xfffe6000
       82545000	      8155	8000889c	7cbd0593	addi	x11,x26,1995	 x26:0x00000000 x11=0x000007cb
       82555000	      8156	800088a0	ed733137	lui	x2,0xed733	  x2=0xed733000
       82565000	      8157	800088a4	0160c733	xor	x14,x1,x22	  x1:0xc0000394 x22:0x00007000 x14=0xc0007394
       82575000	      8158	800088a8	0ff0000f	fence	iorw,iorw	
       82585000	      8159	800088ac	0001	c.addi	x0,0	  x0:0x00000000  x0=0x00000000
       82595000	      8160	800088ae	c689	c.beqz	x13,800088b8	 x13:0x0001a000
       82605000	      8161	800088b0	1c7d	c.addi	x24,-1	 x24:0x00000000 x24=0xffffffff
       82615000	      8162	800088b2	e791	c.bnez	x15,800088be	 x15:0x00000000
       82625000	      8163	800088b4	6131	c.addi16sp	x2,320	  x2:0xed733000  x2=0xed733140
       82635000	      8164	800088b6	8515	c.srai	x10,0x5	 x10:0x00000000 x10=0x00000000
       82645000	      8165	800088b8	8f19	c.sub	x14,x14	 x14:0xc0007394 x14:0xc0007394 x14=0x00000000
       82655000	      8166	800088ba	003efc63	bgeu	x29,x3,800088d2	 x29:0x0000c000  x3:0x00000000
       82695000	      8170	800088d2	02f15c33	divu	x24,x2,x15	  x2:0xed733140 x15:0x00000000 x24=0xffffffff
       82705000	      8171	800088d6	414f5493	srai	x9,x30,0x14	 x30:0x3ffffc6c  x9=0x000003ff
       82715000	      8172	800088da	1708	c.addi4spn	x10,x2,928	 x10=0xed7334e0
       82725000	      8173	800088dc	03c49763	bne	x9,x28,8000890a	  x9:0x000003ff x28:0x8001fe14
       82745000	      8175	8000890a	8349	c.srli	x14,0x12	 x14:0x00000000 x14=0x00000000
       82755000	      8176	8000890c	00318cb3	add	x25,x3,x3	  x3:0x00000000  x3:0x00000000 x25=0x00000000
       82765000	      8177	80008910	0001	c.addi	x0,0	  x0:0x00000000  x0=0x00000000
       82775000	      8178	80008912	717d	c.addi16sp	x2,-16	  x2:0xed733140  x2=0xed733130
       82785000	      8179	80008914	02d50763	beq	x10,x13,80008942	 x10:0xed7334e0 x13:0x0001a000
       82795000	      8180	80008918	340020f3	csrrs	x1,mscratch,x0	  x0:0x00000000  x1=0x0000001e
       82805000	      8181	8000891c	00652fb3	slt	x31,x10,x6	 x10:0xed7334e0  x6:0x00000001 x31=0x00000001
       82815000	      8182	80008920	8ecd	c.or	x13,x11	 x13:0x0001a000 x11:0x000007cb x13=0x0001a7cb
       82825000	      8183	80008922	efb06813	ori	x16,x0,-261	  x0:0x00000000 x16=0xfffffefb
       82835000	      8184	80008926	01e2c833	xor	x16,x5,x30	  x5:0xffffa25d x30:0x3ffffc6c x16=0xc0005e31
       82845000	      8185	8000892a	3405bdf3	csrrc	x27,mscratch,x11	 x11:0x000007cb x27=0x0000001e
       82855000	      8186	8000892e	016a1793	slli	x15,x20,0x16	 x20:0x26a857aa x15=0xea800000
       82865000	      8187	80008932	096bb813	sltiu	x16,x23,150	 x23:0x00000001 x16=0x00000001
       83235000	      8224	80008936	0262e6b3	rem	x13,x5,x6	  x5:0xffffa25d  x6:0x00000001 x13=0x00000000
       83245000	      8225	8000893a	01373733	sltu	x14,x14,x19	 x14:0x00000000 x19:0x00000000 x14=0x00000000
       83255000	      8226	8000893e	006d34b3	sltu	x9,x26,x6	 x26:0x00000000  x6:0x00000001  x9=0x00000001
       83265000	      8227	80008942	0ff0000f	fence	iorw,iorw	
       83275000	      8228	80008946	34005973	csrrwi	x18,mscratch,0	 x18=0x00000014
       83285000	      8229	8000894a	02c70063	beq	x14,x12,8000896a	 x14:0x00000000 x12:0x80023ce4
       83295000	      8230	8000894e	417fd833	sra	x16,x31,x23	 x31:0x00000001 x23:0x00000001 x16=0x00000000
       83305000	      8231	80008952	01de9f13	slli	x30,x29,0x1d	 x29:0x0000c000 x30=0x00000000
       83315000	      8232	80008956	67c5	c.lui	x15,0x11	 x15=0x00011000
       83325000	      8233	80008958	3400aff3	csrrs	x31,mscratch,x1	  x1:0x0000001e x31=0x00000000
       83335000	      8234	8000895c	412884b3	sub	x9,x17,x18	 x17:0xfffff9ad x18:0x00000014  x9=0xfffff999
       83365000	      8237	80008960	03ca00b3	mul	x1,x20,x28	 x20:0x26a857aa x28:0x8001fe14  x1=0x63cb8548
       83375000	      8238	80008964	0788	c.addi4spn	x10,x2,960	 x10=0xed7334f0
       83385000	      8239	80008966	0000100f	fence.i	
       83415000	      8242	8000896a	23b7a737	lui	x14,0x23b7a	 x14=0x23b7a000
       83425000	      8243	8000896e	015830b3	sltu	x1,x16,x21	 x16:0x00000000 x21:0x00000000  x1=0x00000000
       83795000	      8280	80008972	032366b3	rem	x13,x6,x18	  x6:0x00000001 x18:0x00000014 x13=0x00000001
       83805000	      8281	80008976	020ff063	bgeu	x31,x0,80008996	 x31:0x00000000  x0:0x00000000
       84195000	      8320	80008996	03c95c33	divu	x24,x18,x28	 x18:0x00000014 x28:0x8001fe14 x24=0x00000000
       84205000	      8321	8000899a	18a7ba93	sltiu	x21,x15,394	 x15:0x00011000 x21=0x00000000
       84215000	      8322	8000899e	87c1	c.srai	x15,0x10	 x15:0x00011000 x15=0x00000001
       84225000	      8323	800089a0	0033a133	slt	x2,x7,x3	  x7:0xffffffff  x3:0x00000000  x2=0x00000001
       84235000	      8324	800089a4	8325	c.srli	x14,0x9	 x14:0x23b7a000 x14=0x0011dbd0
       84245000	      8325	800089a6	00a50bb3	add	x23,x10,x10	 x10:0xed7334f0 x10:0xed7334f0 x23=0xdae669e0
       84255000	      8326	800089aa	40948f33	sub	x30,x9,x9	  x9:0xfffff999  x9:0xfffff999 x30=0x00000000
       84625000	      8363	800089ae	026a5333	divu	x6,x20,x6	 x20:0x26a857aa  x6:0x00000001  x6=0x26a857aa
       84635000	      8364	800089b2	c6f2b593	sltiu	x11,x5,-913	  x5:0xffffa25d x11=0x00000001
       84645000	      8365	800089b6	9b52	c.add	x22,x20	 x22:0x00007000 x20:0x26a857aa x22=0x26a8c7aa
       84655000	      8366	800089b8	00b19a13	slli	x20,x3,0xb	  x3:0x00000000 x20=0x00000000
       84665000	      8367	800089bc	0051ed63	bltu	x3,x5,800089d6	  x3:0x00000000  x5:0xffffa25d
       84685000	      8369	800089d6	8f6d	c.and	x14,x11	 x14:0x0011dbd0 x11:0x00000001 x14=0x00000000
       84695000	      8370	800089d8	005a4a63	blt	x20,x5,800089ec	 x20:0x00000000  x5:0xffffa25d
       84705000	      8371	800089dc	00509333	sll	x6,x1,x5	  x1:0x00000000  x5:0xffffa25d  x6=0x00000000
       84715000	      8372	800089e0	340f6bf3	csrrsi	x23,mscratch,30	 x23=0x0000001e
       84725000	      8373	800089e4	340076f3	csrrci	x13,mscratch,0	 x13=0x0000001e
       84735000	      8374	800089e8	3407d573	csrrwi	x10,mscratch,15	 x10=0x0000001e
       84745000	      8375	800089ec	0001	c.addi	x0,0	  x0:0x00000000  x0=0x00000000
       84755000	      8376	800089ee	8ef9	c.and	x13,x14	 x13:0x0000001e x14:0x00000000 x13=0x00000000
       84765000	      8377	800089f0	40e28333	sub	x6,x5,x14	  x5:0xffffa25d x14:0x00000000  x6=0xffffa25d
       84775000	      8378	800089f4	8cf1	c.and	x9,x12	  x9:0xfffff999 x12:0x80023ce4  x9=0x80023880
       84785000	      8379	800089f6	34006173	csrrsi	x2,mscratch,0	  x2=0x0000000f
       84795000	      8380	800089fa	00f93bb3	sltu	x23,x18,x15	 x18:0x00000014 x15:0x00000001 x23=0x00000000
       84835000	      8384	800089fe	027f35b3	mulhu	x11,x30,x7	 x30:0x00000000  x7:0xffffffff x11=0x00000000
       85205000	      8421	80008a02	027b6eb3	rem	x29,x22,x7	 x22:0x26a8c7aa  x7:0xffffffff x29=0x00000000
       85215000	      8422	80008a06	84fd	c.srai	x9,0x1f	  x9:0x80023880  x9=0xffffffff
       85225000	      8423	80008a08	018eda13	srli	x20,x29,0x18	 x29:0x00000000 x20=0x00000000
       85235000	      8424	80008a0c	004e2183	lw	x3,4(x28)	 x28:0x8001fe14  x3=0x80008a82 PA:0x8001fe18 load:0x80008a82
       85245000	      8425	80008a10	0e71	c.addi	x28,28	 x28:0x8001fe14 x28=0x8001fe30
       85285000	      8429	80008a12	03879933	mulh	x18,x15,x24	 x15:0x00000001 x24:0x00000000 x18=0x00000000
       85295000	      8430	80008a16	575ff693	andi	x13,x31,1397	 x31:0x00000000 x13=0x00000000
       85305000	      8431	80008a1a	00118b93	addi	x23,x3,1	  x3:0x80008a82 x23=0x80008a83
       85315000	      8432	80008a1e	8b82	c.jr	x23	 x23:0x80008a83
       85345000	      8435	80008a82	012001ef	jal	x3,80008a94	  x3=0x80008a86
       85365000	      8437	80008a94	bff5	c.j	80008a90	
       85385000	      8439	80008a90	2809	c.jal	80008aa2	  x1=0x80008a92
       85415000	      8442	80008aa2	ff1ff0ef	jal	x1,80008a92	  x1=0x80008aa6
       85435000	      8444	80008a92	3ff5	c.jal	80008a8e	  x1=0x80008a94
       85455000	      8446	80008a8e	a021	c.j	80008a96	
       85485000	      8449	80008a96	004004ef	jal	x9,80008a9a	  x9=0x80008a9a
       85515000	      8452	80008a9a	fedff0ef	jal	x1,80008a86	  x1=0x80008a9e
       85545000	      8455	80008a86	004000ef	jal	x1,80008a8a	  x1=0x80008a8a
       85575000	      8458	80008a8a	016000ef	jal	x1,80008aa0	  x1=0x80008a8e
       85595000	      8460	80008aa0	bffd	c.j	80008a9e	
       85615000	      8462	80008a9e	a021	c.j	80008aa6	
       85635000	      8464	80008aa6	8291	c.srli	x13,0x4	 x13:0x00000000 x13=0x00000000
       85645000	      8465	80008aa8	022001ef	jal	x3,80008aca	  x3=0x80008aac
       85665000	      8467	80008aca	bff5	c.j	80008ac6	
       85685000	      8469	80008ac6	2809	c.jal	80008ad8	  x1=0x80008ac8
       85705000	      8471	80008ad8	a011	c.j	80008adc	
       85725000	      8473	80008adc	ff1ff0ef	jal	x1,80008acc	  x1=0x80008ae0
       85745000	      8475	80008acc	3fcd	c.jal	80008abe	  x1=0x80008ace
       85765000	      8477	80008abe	200d	c.jal	80008ae0	  x1=0x80008ac0
       85785000	      8479	80008ae0	bfc1	c.j	80008ab0	
       85805000	      8481	80008ab0	2005	c.jal	80008ad0	  x1=0x80008ab2
       85825000	      8483	80008ad0	ff9ff0ef	jal	x1,80008ac8	  x1=0x80008ad4
       85845000	      8485	80008ac8	b7d5	c.j	80008aac	
       85865000	      8487	80008aac	02800a6f	jal	x20,80008ad4	 x20=0x80008ab0
       85885000	      8489	80008ad4	fe5ff0ef	jal	x1,80008ab8	  x1=0x80008ad8
       85905000	      8491	80008ab8	016000ef	jal	x1,80008ace	  x1=0x80008abc
       85925000	      8493	80008ace	bfcd	c.j	80008ac0	
       85945000	      8495	80008ac0	a009	c.j	80008ac2	
       85975000	      8498	80008ac2	ff1ff0ef	jal	x1,80008ab2	  x1=0x80008ac6
       86005000	      8501	80008ab2	028006ef	jal	x13,80008ada	 x13=0x80008ab6
       86025000	      8503	80008ada	bff1	c.j	80008ab6	
       86045000	      8505	80008ab6	2019	c.jal	80008abc	  x1=0x80008ab8
       86065000	      8507	80008abc	201d	c.jal	80008ae2	  x1=0x80008abe
       86095000	      8510	80008ae2	40955293	srai	x5,x10,0x9	 x10:0x0000001e  x5=0x00000000
       86105000	      8511	80008ae6	030001ef	jal	x3,80008b16	  x3=0x80008aea
       86135000	      8514	80008b16	fedff0ef	jal	x1,80008b02	  x1=0x80008b1a
       86165000	      8517	80008b02	febff0ef	jal	x1,80008aec	  x1=0x80008b06
       86185000	      8519	80008aec	0280016f	jal	x2,80008b14	  x2=0x80008af0
       86205000	      8521	80008b14	3fd5	c.jal	80008b08	  x1=0x80008b16
       86225000	      8523	80008b08	0220036f	jal	x6,80008b2a	  x6=0x80008b0c
       86245000	      8525	80008b2a	b7e1	c.j	80008af2	
       86265000	      8527	80008af2	2839	c.jal	80008b10	  x1=0x80008af4
       86285000	      8529	80008b10	3fdd	c.jal	80008b06	  x1=0x80008b12
       86305000	      8531	80008b06	2811	c.jal	80008b1a	  x1=0x80008b08
       86335000	      8534	80008b1a	fe3ff36f	jal	x6,80008afc	  x6=0x80008b1e
       86355000	      8536	80008afc	ffdff0ef	jal	x1,80008af8	  x1=0x80008b00
       86375000	      8538	80008af8	026000ef	jal	x1,80008b1e	  x1=0x80008afc
       86395000	      8540	80008b1e	b7f1	c.j	80008aea	
       86415000	      8542	80008aea	2819	c.jal	80008b00	  x1=0x80008aec
       86435000	      8544	80008b00	3fc5	c.jal	80008af0	  x1=0x80008b02
       86455000	      8546	80008af0	a805	c.j	80008b20	
       86475000	      8548	80008b20	fd5ffbef	jal	x23,80008af4	 x23=0x80008b24
       86495000	      8550	80008af4	01e000ef	jal	x1,80008b12	  x1=0x80008af8
       86515000	      8552	80008b12	bfed	c.j	80008b0c	
       86535000	      8554	80008b0c	a821	c.j	80008b24	
       86555000	      8556	80008b24	febff0ef	jal	x1,80008b0e	  x1=0x80008b28
       86575000	      8558	80008b0e	a829	c.j	80008b28	
       86595000	      8560	80008b28	a011	c.j	80008b2c	
       86615000	      8562	80008b2c	41045833	sra	x16,x8,x16	  x8:0x80000000 x16:0x00000000 x16=0x80000000
       86625000	      8563	80008b30	026001ef	jal	x3,80008b56	  x3=0x80008b34
       86645000	      8565	80008b56	a811	c.j	80008b6a	
       86675000	      8568	80008b6a	fe3ff0ef	jal	x1,80008b4c	  x1=0x80008b6e
       86695000	      8570	80008b4c	b7f5	c.j	80008b38	
       86715000	      8572	80008b38	01a000ef	jal	x1,80008b52	  x1=0x80008b3c
       86745000	      8575	80008b52	fe3ff0ef	jal	x1,80008b34	  x1=0x80008b56
       86765000	      8577	80008b34	01c000ef	jal	x1,80008b50	  x1=0x80008b38
       86785000	      8579	80008b50	bfed	c.j	80008b4a	
       86805000	      8581	80008b4a	2819	c.jal	80008b60	  x1=0x80008b4c
       86825000	      8583	80008b60	bff1	c.j	80008b3c	
       86845000	      8585	80008b3c	a029	c.j	80008b46	
       86875000	      8588	80008b46	012000ef	jal	x1,80008b58	  x1=0x80008b4a
       86895000	      8590	80008b58	0040036f	jal	x6,80008b5c	  x6=0x80008b5c
       86915000	      8592	80008b5c	00c0036f	jal	x6,80008b68	  x6=0x80008b60
       86935000	      8594	80008b68	3ffd	c.jal	80008b66	  x1=0x80008b6a
       86955000	      8596	80008b66	3ff5	c.jal	80008b62	  x1=0x80008b68
       86985000	      8599	80008b62	fe1ff0ef	jal	x1,80008b42	  x1=0x80008b66
       87005000	      8601	80008b42	a009	c.j	80008b44	
       87025000	      8603	80008b44	a029	c.j	80008b4e	
       87045000	      8605	80008b4e	bfc5	c.j	80008b3e	
       87075000	      8608	80008b3e	030003ef	jal	x7,80008b6e	  x7=0x80008b42
       87105000	      8611	80008b6e	00d38233	add	x4,x7,x13	  x7:0x80008b42 x13:0x80008ab6  x4=0x000115f8
       87115000	      8612	80008b72	034001ef	jal	x3,80008ba6	  x3=0x80008b76
       87135000	      8614	80008ba6	2021	c.jal	80008bae	  x1=0x80008ba8
       87155000	      8616	80008bae	3fe1	c.jal	80008b86	  x1=0x80008bb0
       87175000	      8618	80008b86	202d	c.jal	80008bb0	  x1=0x80008b88
       87195000	      8620	80008bb0	b7d9	c.j	80008b76	
       87215000	      8622	80008b76	2009	c.jal	80008b78	  x1=0x80008b78
       87235000	      8624	80008b78	a019	c.j	80008b7e	
       87265000	      8627	80008b7e	0100036f	jal	x6,80008b8e	  x6=0x80008b82
       87285000	      8629	80008b8e	3fd5	c.jal	80008b82	  x1=0x80008b90
       87315000	      8632	80008b82	0140036f	jal	x6,80008b96	  x6=0x80008b86
       87335000	      8634	80008b96	a039	c.j	80008ba4	
       87355000	      8636	80008ba4	a811	c.j	80008bb8	
       87375000	      8638	80008bb8	b7e5	c.j	80008ba0	
       87395000	      8640	80008ba0	fedff36f	jal	x6,80008b8c	  x6=0x80008ba4
       87415000	      8642	80008b8c	2031	c.jal	80008b98	  x1=0x80008b8e
       87435000	      8644	80008b98	010000ef	jal	x1,80008ba8	  x1=0x80008b9c
       87455000	      8646	80008ba8	bfd5	c.j	80008b9c	
       87475000	      8648	80008b9c	bfd5	c.j	80008b90	
       87495000	      8650	80008b90	b7f5	c.j	80008b7c	
       87515000	      8652	80008b7c	281d	c.jal	80008bb2	  x1=0x80008b7e
       87545000	      8655	80008bb2	fd7ff36f	jal	x6,80008b88	  x6=0x80008bb6
       87565000	      8657	80008b88	016000ef	jal	x1,80008b9e	  x1=0x80008b8c
       87585000	      8659	80008b9e	a821	c.j	80008bb6	
       87605000	      8661	80008bb6	3ff1	c.jal	80008b92	  x1=0x80008bb8
       87635000	      8664	80008b92	fe9ff36f	jal	x6,80008b7a	  x6=0x80008b96
       87655000	      8666	80008b7a	a805	c.j	80008baa	
       87685000	      8669	80008baa	010000ef	jal	x1,80008bba	  x1=0x80008bae
       87715000	      8672	80008bba	01c4c3b3	xor	x7,x9,x28	  x9:0x80008a9a x28:0x8001fe30  x7=0x000174aa
       87725000	      8673	80008bbe	010001ef	jal	x3,80008bce	  x3=0x80008bc2
       87745000	      8675	80008bce	a019	c.j	80008bd4	
       87765000	      8677	80008bd4	02e0036f	jal	x6,80008c02	  x6=0x80008bd8
       87785000	      8679	80008c02	37dd	c.jal	80008be8	  x1=0x80008c04
       87805000	      8681	80008be8	bfc5	c.j	80008bd8	
       87825000	      8683	80008bd8	200d	c.jal	80008bfa	  x1=0x80008bda
       87845000	      8685	80008bfa	3fc5	c.jal	80008bea	  x1=0x80008bfc
       87865000	      8687	80008bea	bff1	c.j	80008bc6	
       87895000	      8690	80008bc6	02a005ef	jal	x11,80008bf0	 x11=0x80008bca
       87915000	      8692	80008bf0	006000ef	jal	x1,80008bf6	  x1=0x80008bf4
       87945000	      8695	80008bf6	00600c6f	jal	x24,80008bfc	 x24=0x80008bfa
       87965000	      8697	80008bfc	fdfff1ef	jal	x3,80008bda	  x3=0x80008c00
       87985000	      8699	80008bda	2019	c.jal	80008be0	  x1=0x80008bdc
       88005000	      8701	80008be0	fedff7ef	jal	x15,80008bcc	 x15=0x80008be4
       88025000	      8703	80008bcc	2025	c.jal	80008bf4	  x1=0x80008bce
       88045000	      8705	80008bf4	2031	c.jal	80008c00	  x1=0x80008bf6
       88065000	      8707	80008c00	b7f5	c.j	80008bec	
       88085000	      8709	80008bec	fd7ff16f	jal	x2,80008bc2	  x2=0x80008bf0
       88115000	      8712	80008bc2	022000ef	jal	x1,80008be4	  x1=0x80008bc6
       88135000	      8714	80008be4	fe7ff56f	jal	x10,80008bca	 x10=0x80008be8
       88155000	      8716	80008bca	a019	c.j	80008bd0	
       88175000	      8718	80008bd0	00c000ef	jal	x1,80008bdc	  x1=0x80008bd4
       88195000	      8720	80008bdc	028000ef	jal	x1,80008c04	  x1=0x80008be0
       88215000	      8722	80008c04	6ce9	c.lui	x25,0x1a	 x25=0x0001a000
       88225000	      8723	80008c06	3400f2f3	csrrci	x5,mscratch,1	  x5=0x0000000f
       88265000	      8727	80008c0a	037ea5b3	mulhsu	x11,x29,x23	 x29:0x00000000 x23:0x80008b24 x11=0x00000000
       88275000	      8728	80008c0e	071b3397	auipc	x7,0x71b3	  x7=0x871bbc0e
       88285000	      8729	80008c12	00af6263	bltu	x30,x10,80008c16	 x30:0x00000000 x10:0x80008be8
       88675000	      8768	80008c16	029efab3	remu	x21,x29,x9	 x29:0x00000000  x9:0x80008a9a x21=0x00000000
       88685000	      8769	80008c1a	8fef41b7	lui	x3,0x8fef4	  x3=0x8fef4000
       88705000	      8771	80008c1e	02077f33	remu	x30,x14,x0	 x14:0x00000000  x0:0x00000000 x30=0x00000000
       88715000	      8772	80008c22	41aad693	srai	x13,x21,0x1a	 x21:0x00000000 x13=0x00000000
       88735000	      8774	80008c26	0333fb33	remu	x22,x7,x19	  x7:0x871bbc0e x19:0x00000000 x22=0x871bbc0e
       88745000	      8775	80008c2a	0ff0000f	fence	iorw,iorw	
       88755000	      8776	80008c2e	66f9	c.lui	x13,0x1e	 x13=0x0001e000
       88765000	      8777	80008c30	8f75	c.and	x14,x13	 x14:0x00000000 x13:0x0001e000 x14=0x00000000
       88775000	      8778	80008c32	00f403b3	add	x7,x8,x15	  x8:0x80000000 x15:0x80008be4  x7=0x00008be4
       88785000	      8779	80008c36	405cd693	srai	x13,x25,0x5	 x25:0x0001a000 x13=0x00000d00
       88795000	      8780	80008c3a	8db5	c.xor	x11,x13	 x11:0x00000000 x13:0x00000d00 x11=0x00000d00
       89165000	      8817	80008c3c	0245f0b3	remu	x1,x11,x4	 x11:0x00000d00  x4:0x000115f8  x1=0x00000d00
       89205000	      8821	80008c40	035526b3	mulhsu	x13,x10,x21	 x10:0x80008be8 x21:0x00000000 x13=0x00000000
       89215000	      8822	80008c44	0001	c.addi	x0,0	  x0:0x00000000  x0=0x00000000
       89225000	      8823	80008c46	0ff0000f	fence	iorw,iorw	
       89235000	      8824	80008c4a	3e2fa113	slti	x2,x31,994	 x31:0x00000000  x2=0x00000001
       89245000	      8825	80008c4e	031dcc63	blt	x27,x17,80008c86	 x27:0x0000001e x17:0xfffff9ad
       89255000	      8826	80008c52	34005f73	csrrwi	x30,mscratch,0	 x30=0x0000000e
       89265000	      8827	80008c56	01ae32b3	sltu	x5,x28,x26	 x28:0x8001fe30 x26:0x00000000  x5=0x00000000
       89275000	      8828	80008c5a	6151	c.addi16sp	x2,272	  x2:0x00000001  x2=0x00000111
       89285000	      8829	80008c5c	00d8ca63	blt	x17,x13,80008c70	 x17:0xfffff9ad x13:0x00000000
       89305000	      8831	80008c70	0b75	c.addi	x22,29	 x22:0x871bbc0e x22=0x871bbc2b
       89315000	      8832	80008c72	6d51	c.lui	x26,0x14	 x26=0x00014000
       89325000	      8833	80008c74	01ea7eb3	and	x29,x20,x30	 x20:0x80008ab0 x30:0x0000000e x29=0x00000000
       89335000	      8834	80008c78	815d	c.srli	x10,0x17	 x10:0x80008be8 x10=0x00000100
       89705000	      8871	80008c7a	029844b3	div	x9,x16,x9	 x16:0x80000000  x9:0x80008a9a  x9=0x00000001
       90075000	      8908	80008c7e	038a68b3	rem	x17,x20,x24	 x20:0x80008ab0 x24:0x80008bfa x17=0xfffffeb6
       90085000	      8909	80008c82	340cd373	csrrwi	x6,mscratch,25	  x6=0x00000000
       90095000	      8910	80008c86	82b1	c.srli	x13,0xc	 x13:0x00000000 x13=0x00000000
       90105000	      8911	80008c88	02aa8e63	beq	x21,x10,80008cc4	 x21:0x00000000 x10:0x00000100
       90115000	      8912	80008c8c	340fd8f3	csrrwi	x17,mscratch,31	 x17=0x00000019
       90125000	      8913	80008c90	0001	c.addi	x0,0	  x0:0x00000000  x0=0x00000000
       90135000	      8914	80008c92	09b6	c.slli	x19,0xd	 x19:0x00000000 x19=0x00000000
       90145000	      8915	80008c94	7a799b97	auipc	x23,0x7a799	 x23=0xfa7a1c94
       90155000	      8916	80008c98	340815f3	csrrw	x11,mscratch,x16	 x16:0x80000000 x11=0x0000001f
       90165000	      8917	80008c9c	8862	c.mv	x16,x24	  x0:0x00000000 x24:0x80008bfa x16=0x80008bfa
       90175000	      8918	80008c9e	000b29b3	slt	x19,x22,x0	 x22:0x871bbc2b  x0:0x00000000 x19=0x00000001
       90185000	      8919	80008ca2	717d	c.addi16sp	x2,-16	  x2:0x00000111  x2=0x00000101
       90195000	      8920	80008ca4	ed8d	c.bnez	x11,80008cde	 x11:0x0000001f
       90235000	      8924	80008cde	0323c533	div	x10,x7,x18	  x7:0x00008be4 x18:0x00000000 x10=0xffffffff
       90275000	      8928	80008ce2	035c3bb3	mulhu	x23,x24,x21	 x24:0x80008bfa x21:0x00000000 x23=0x00000000
       90285000	      8929	80008ce6	34003773	csrrc	x14,mscratch,x0	  x0:0x00000000 x14=0x80000000
       90295000	      8930	80008cea	403cd733	sra	x14,x25,x3	 x25:0x0001a000  x3:0x8fef4000 x14=0x0001a000
       90305000	      8931	80008cee	67dd	c.lui	x15,0x17	 x15=0x00017000
       90315000	      8932	80008cf0	bf24ac13	slti	x24,x9,-1038	  x9:0x00000001 x24=0x00000000
       90325000	      8933	80008cf4	69ad	c.lui	x19,0xb	 x19=0x0000b000
       90335000	      8934	80008cf6	007ba333	slt	x6,x23,x7	 x23:0x00000000  x7:0x00008be4  x6=0x00000001
       90345000	      8935	80008cfa	fffff397	auipc	x7,0xfffff	  x7=0x80007cfa
       90355000	      8936	80008cfe	3c238393	addi	x7,x7,962	  x7:0x80007cfa  x7=0x800080bc
       90365000	      8937	80008d02	0094	c.addi4spn	x13,x2,64	 x13=0x00000141
       90375000	      8938	80008d04	3fb38393	addi	x7,x7,1019	  x7:0x800080bc  x7=0x800084b7
       90385000	      8939	80008d08	01454b63	blt	x10,x20,80008d1e	 x10:0xffffffff x20:0x80008ab0
       90395000	      8940	80008d0c	0127bab3	sltu	x21,x15,x18	 x15:0x00017000 x18:0x00000000 x21=0x00000000
       90405000	      8941	80008d10	41835c13	srai	x24,x6,0x18	  x6:0x00000001 x24=0x00000000
       90415000	      8942	80008d14	416c5a93	srai	x21,x24,0x16	 x24:0x00000000 x21=0x00000000
       90425000	      8943	80008d18	8fe5	c.and	x15,x9	 x15:0x00017000  x9:0x00000001 x15=0x00000000
       90435000	      8944	80008d1a	007de2b3	or	x5,x27,x7	 x27:0x0000001e  x7:0x800084b7  x5=0x800084bf
       90445000	      8945	80008d1e	c05381e7	jalr	x3,-1019(x7)	  x7:0x800084b7  x3=0x80008d22
       90465000	      8947	800080bc	3405dd73	csrrwi	x26,mscratch,11	 x26=0x80000000
       90475000	      8948	800080c0	10fd	c.addi	x1,-1	  x1:0x00000d00  x1=0x00000cff
       90485000	      8949	800080c2	fc0e0e13	addi	x28,x28,-64	 x28:0x8001fe30 x28=0x8001fdf0
       90495000	      8950	800080c6	8fdd	c.or	x15,x15	 x15:0x00000000 x15:0x00000000 x15=0x00000000
       90505000	      8951	800080c8	81b1	c.srli	x11,0xc	 x11:0x0000001f x11=0x00000000
       90515000	      8952	800080ca	64136397	auipc	x7,0x64136	  x7=0xe413e0ca
       90525000	      8953	800080ce	017ffb33	and	x22,x31,x23	 x31:0x00000000 x23:0x00000000 x22=0x00000000
       90535000	      8954	800080d2	0c5e	c.slli	x24,0x17	 x24:0x00000000 x24=0x00000000
       90545000	      8955	800080d4	003e2223	sw	x3,4(x28)	 x28:0x8001fdf0  x3:0x80008d22 PA:0x8001fdf4 store:0x80008d22 load:0x00000000
       90555000	      8956	800080d8	2d6d0b13	addi	x22,x26,726	 x26:0x80000000 x22=0x800002d6
       90565000	      8957	800080dc	0001	c.addi	x0,0	  x0:0x00000000  x0=0x00000000
       90605000	      8961	800080de	02f93333	mulhu	x6,x18,x15	 x18:0x00000000 x15:0x00000000  x6=0x00000000
       90615000	      8962	800080e2	00c2e863	bltu	x5,x12,800080f2	  x5:0x800084bf x12:0x80023ce4
       90645000	      8965	800080f2	eeffd1ef	jal	x3,80005fe0	  x3=0x800080f6
       90665000	      8967	80005fe0	01436463	bltu	x6,x20,80005fe8	  x6:0x00000000 x20:0x80008ab0
       90685000	      8969	80005fe8	fc4e0e13	addi	x28,x28,-60	 x28:0x8001fdf0 x28=0x8001fdb4
       90695000	      8970	80005fec	df1ffcb7	lui	x25,0xdf1ff	 x25=0xdf1ff000
       90705000	      8971	80005ff0	404b53b3	sra	x7,x22,x4	 x22:0x800002d6  x4:0x000115f8  x7=0xffffff80
       90715000	      8972	80005ff4	41abd393	srai	x7,x23,0x1a	 x23:0x00000000  x7=0x00000000
       90725000	      8973	80005ff8	9706	c.add	x14,x1	 x14:0x0001a000  x1:0x00000cff x14=0x0001acff
       90735000	      8974	80005ffa	8dbd	c.xor	x11,x15	 x11:0x00000000 x15:0x00000000 x11=0x00000000
       90745000	      8975	80005ffc	003e2223	sw	x3,4(x28)	 x28:0x8001fdb4  x3:0x800080f6 PA:0x8001fdb8 store:0x800080f6 load:0x00000000
       90755000	      8976	80006000	40fc5293	srai	x5,x24,0xf	 x24:0x00000000  x5=0x00000000
       90765000	      8977	80006004	8515	c.srai	x10,0x5	 x10:0xffffffff x10=0xffffffff
       90775000	      8978	80006006	01e4ceb3	xor	x29,x9,x30	  x9:0x00000001 x30:0x0000000e x29=0x0000000f
       90785000	      8979	8000600a	8d6d	c.and	x10,x11	 x10:0xffffffff x11:0x00000000 x10=0x00000000
       90795000	      8980	8000600c	012001ef	jal	x3,8000601e	  x3=0x80006010
       90815000	      8982	8000601e	a011	c.j	80006022	
       90835000	      8984	80006022	2009	c.jal	80006024	  x1=0x80006024
       90855000	      8986	80006024	b7f5	c.j	80006010	
       90875000	      8988	80006010	008003ef	jal	x7,80006018	  x7=0x80006014
       90895000	      8990	80006018	bff5	c.j	80006014	
       90915000	      8992	80006014	00600fef	jal	x31,8000601a	 x31=0x80006018
       90945000	      8995	8000601a	010000ef	jal	x1,8000602a	  x1=0x8000601e
       90965000	      8997	8000602a	2011	c.jal	8000602e	  x1=0x8000602c
       90985000	      8999	8000602e	bfe5	c.j	80006026	
       91015000	      9002	80006026	ffbffbef	jal	x23,80006020	 x23=0x8000602a
       91035000	      9004	80006020	2031	c.jal	8000602c	  x1=0x80006022
       91055000	      9006	8000602c	2011	c.jal	80006030	  x1=0x8000602e
       91075000	      9008	80006030	34002c73	csrrs	x24,mscratch,x0	  x0:0x00000000 x24=0x0000000b
       91085000	      9009	80006034	01c001ef	jal	x3,80006050	  x3=0x80006038
       91105000	      9011	80006050	fedff0ef	jal	x1,8000603c	  x1=0x80006054
       91125000	      9013	8000603c	2821	c.jal	80006054	  x1=0x8000603e
       91145000	      9015	80006054	febff36f	jal	x6,8000603e	  x6=0x80006058
       91175000	      9018	8000603e	008004ef	jal	x9,80006046	  x9=0x80006042
       91205000	      9021	80006046	ffdff26f	jal	x4,80006042	  x4=0x8000604a
       91225000	      9023	80006042	a009	c.j	80006044	
       91245000	      9025	80006044	2019	c.jal	8000604a	  x1=0x80006046
       91265000	      9027	8000604a	2009	c.jal	8000604c	  x1=0x8000604c
       91285000	      9029	8000604c	fedff0ef	jal	x1,80006038	  x1=0x80006050
       91305000	      9031	80006038	2009	c.jal	8000603a	  x1=0x8000603a
       91325000	      9033	8000603a	a839	c.j	80006058	
       91345000	      9035	80006058	340b18f3	csrrw	x17,mscratch,x22	 x22:0x800002d6 x17=0x0000000b
       91355000	      9036	8000605c	026001ef	jal	x3,80006082	  x3=0x80006060
       91385000	      9039	80006082	008000ef	jal	x1,8000608a	  x1=0x80006086
       91405000	      9041	8000608a	3ff9	c.jal	80006068	  x1=0x8000608c
       91425000	      9043	80006068	a811	c.j	8000607c	
       91445000	      9045	8000607c	3fd5	c.jal	80006070	  x1=0x8000607e
       91465000	      9047	80006070	008005ef	jal	x11,80006078	 x11=0x80006074
       91485000	      9049	80006078	a00d	c.j	8000609a	
       91505000	      9051	8000609a	b7d9	c.j	80006060	
       91525000	      9053	80006060	030002ef	jal	x5,80006090	  x5=0x80006064
       91545000	      9055	80006090	004000ef	jal	x1,80006094	  x1=0x80006094
       91565000	      9057	80006094	ff9ff0ef	jal	x1,8000608c	  x1=0x80006098
       91585000	      9059	8000608c	bfe1	c.j	80006064	
       91605000	      9061	80006064	00a0036f	jal	x6,8000606e	  x6=0x80006068
       91625000	      9063	8000606e	2005	c.jal	8000608e	  x1=0x80006070
       91645000	      9065	8000608e	3ff1	c.jal	8000606a	  x1=0x80006090
       91675000	      9068	8000606a	02e0036f	jal	x6,80006098	  x6=0x8000606e
       91695000	      9070	80006098	2011	c.jal	8000609c	  x1=0x8000609a
       91715000	      9072	8000609c	b7cd	c.j	8000607e	
       91745000	      9075	8000607e	ffdff0ef	jal	x1,8000607a	  x1=0x80006082
       91765000	      9077	8000607a	a031	c.j	80006086	
       91795000	      9080	80006086	fefff3ef	jal	x7,80006074	  x7=0x8000608a
       91815000	      9082	80006074	02a000ef	jal	x1,8000609e	  x1=0x80006078
       91845000	      9085	8000609e	00868cb3	add	x25,x13,x8	 x13:0x00000141  x8:0x80000000 x25=0x80000141
       91855000	      9086	800060a2	006001ef	jal	x3,800060a8	  x3=0x800060a6
       91875000	      9088	800060a8	a815	c.j	800060dc	
       91895000	      9090	800060dc	bfe9	c.j	800060b6	
       91925000	      9093	800060b6	fffff0ef	jal	x1,800060b4	  x1=0x800060ba
       91945000	      9095	800060b4	2811	c.jal	800060c8	  x1=0x800060b6
       91965000	      9097	800060c8	a031	c.j	800060d4	
       91985000	      9099	800060d4	bfc5	c.j	800060c4	
       92005000	      9101	800060c4	a811	c.j	800060d8	
       92025000	      9103	800060d8	fd7ffa6f	jal	x20,800060ae	 x20=0x800060dc
       92055000	      9106	800060ae	028000ef	jal	x1,800060d6	  x1=0x800060b2
       92075000	      9108	800060d6	bfed	c.j	800060d0	
       92095000	      9110	800060d0	ff7ff0ef	jal	x1,800060c6	  x1=0x800060d4
       92115000	      9112	800060c6	b7d5	c.j	800060aa	
       92135000	      9114	800060aa	2801	c.jal	800060ba	  x1=0x800060ac
       92165000	      9117	800060ba	ff9ff16f	jal	x2,800060b2	  x2=0x800060be
       92185000	      9119	800060b2	3fd5	c.jal	800060a6	  x1=0x800060b4
       92205000	      9121	800060a6	a825	c.j	800060de	
       92225000	      9123	800060de	b7d5	c.j	800060c2	
       92245000	      9125	800060c2	2021	c.jal	800060ca	  x1=0x800060c4
       92275000	      9128	800060ca	fe3ff0ef	jal	x1,800060ac	  x1=0x800060ce
       92295000	      9130	800060ac	a809	c.j	800060be	
       92325000	      9133	800060be	010008ef	jal	x17,800060ce	 x17=0x800060c2
       92345000	      9135	800060ce	2809	c.jal	800060e0	  x1=0x800060d0
       92365000	      9137	800060e0	34069f73	csrrw	x30,mscratch,x13	 x13:0x00000141 x30=0x800002d6
       92375000	      9138	800060e4	00e001ef	jal	x3,800060f2	  x3=0x800060e8
       92395000	      9140	800060f2	a839	c.j	80006110	
       92415000	      9142	80006110	b7ed	c.j	800060fa	
       92445000	      9145	800060fa	008000ef	jal	x1,80006102	  x1=0x800060fe
       92465000	      9147	80006102	a019	c.j	80006108	
       92485000	      9149	80006108	2031	c.jal	80006114	  x1=0x8000610a
       92505000	      9151	80006114	0040036f	jal	x6,80006118	  x6=0x80006118
       92525000	      9153	80006118	3fdd	c.jal	8000610e	  x1=0x8000611a
       92545000	      9155	8000610e	37e5	c.jal	800060f6	  x1=0x80006110
       92565000	      9157	800060f6	bfdd	c.j	800060ec	
       92585000	      9159	800060ec	a009	c.j	800060ee	
       92615000	      9162	800060ee	016000ef	jal	x1,80006104	  x1=0x800060f2
       92635000	      9164	80006104	ffbff36f	jal	x6,800060fe	  x6=0x80006108
       92665000	      9167	800060fe	ffbff0ef	jal	x1,800060f8	  x1=0x80006102
       92685000	      9169	800060f8	a809	c.j	8000610a	
       92705000	      9171	8000610a	2021	c.jal	80006112	  x1=0x8000610c
       92725000	      9173	80006112	b7cd	c.j	800060f4	
       92745000	      9175	800060f4	bfdd	c.j	800060ea	
       92765000	      9177	800060ea	200d	c.jal	8000610c	  x1=0x800060ec
       92785000	      9179	8000610c	3ff1	c.jal	800060e8	  x1=0x8000610e
       92805000	      9181	800060e8	280d	c.jal	8000611a	  x1=0x800060ea
       92835000	      9184	8000611a	01efda93	srli	x21,x31,0x1e	 x31:0x80006018 x21=0x00000002
       92845000	      9185	8000611e	012001ef	jal	x3,80006130	  x3=0x80006122
       92865000	      9187	80006130	2011	c.jal	80006134	  x1=0x80006132
       92885000	      9189	80006134	3fd5	c.jal	80006128	  x1=0x80006136
       92905000	      9191	80006128	012000ef	jal	x1,8000613a	  x1=0x8000612c
       92935000	      9194	8000613a	ff9ff0ef	jal	x1,80006132	  x1=0x8000613e
       92955000	      9196	80006132	bfcd	c.j	80006124	
       92975000	      9198	80006124	2029	c.jal	8000612e	  x1=0x80006126
       92995000	      9200	8000612e	2029	c.jal	80006138	  x1=0x80006130
       93015000	      9202	80006138	bfd5	c.j	8000612c	
       93035000	      9204	8000612c	bfdd	c.j	80006122	
       93055000	      9206	80006122	2011	c.jal	80006126	  x1=0x80006124
       93075000	      9208	80006126	a801	c.j	80006136	
       93095000	      9210	80006136	a021	c.j	8000613e	
       93485000	      9249	8000613e	027e6333	rem	x6,x28,x7	 x28:0x8001fdb4  x7:0x8000608a  x6=0x8001fdb4
       93495000	      9250	80006142	01a001ef	jal	x3,8000615c	  x3=0x80006146
       93515000	      9252	8000615c	3fe5	c.jal	80006154	  x1=0x8000615e
       93535000	      9254	80006154	bfd5	c.j	80006148	
       93555000	      9256	80006148	010000ef	jal	x1,80006158	  x1=0x8000614c
       93575000	      9258	80006158	2021	c.jal	80006160	  x1=0x8000615a
       93595000	      9260	80006160	2029	c.jal	8000616a	  x1=0x80006162
       93625000	      9263	8000616a	fffff0ef	jal	x1,80006168	  x1=0x8000616e
       93645000	      9265	80006168	37ed	c.jal	80006152	  x1=0x8000616a
       93665000	      9267	80006152	2811	c.jal	80006166	  x1=0x80006154
       93685000	      9269	80006166	bffd	c.j	80006164	
       93705000	      9271	80006164	bfcd	c.j	80006156	
       93725000	      9273	80006156	a031	c.j	80006162	
       93745000	      9275	80006162	b7ed	c.j	8000614c	
       93765000	      9277	8000614c	ffbff0ef	jal	x1,80006146	  x1=0x80006150
       93785000	      9279	80006146	2811	c.jal	8000615a	  x1=0x80006148
       93805000	      9281	8000615a	3fdd	c.jal	80006150	  x1=0x8000615c
       93825000	      9283	80006150	a039	c.j	8000615e	
       93845000	      9285	8000615e	2801	c.jal	8000616e	  x1=0x80006160
       93875000	      9288	8000616e	013c9793	slli	x15,x25,0x13	 x25:0x80000141 x15=0x0a080000
       93885000	      9289	80006172	01e001ef	jal	x3,80006190	  x3=0x80006176
       93905000	      9291	80006190	fffff0ef	jal	x1,8000618e	  x1=0x80006194
       93925000	      9293	8000618e	bfcd	c.j	80006180	
       93945000	      9295	80006180	2829	c.jal	8000619a	  x1=0x80006182
       93965000	      9297	8000619a	3ff5	c.jal	80006196	  x1=0x8000619c
       93985000	      9299	80006196	3ffd	c.jal	80006194	  x1=0x80006198
       94005000	      9301	80006194	bfd5	c.j	80006188	
       94025000	      9303	80006188	01e000ef	jal	x1,800061a6	  x1=0x8000618c
       94045000	      9305	800061a6	2011	c.jal	800061aa	  x1=0x800061a8
       94065000	      9307	800061aa	3fe5	c.jal	800061a2	  x1=0x800061ac
       94095000	      9310	800061a2	fd9ff1ef	jal	x3,8000617a	  x3=0x800061a6
       94115000	      9312	8000617a	200d	c.jal	8000619c	  x1=0x8000617c
       94135000	      9314	8000619c	fe3ff36f	jal	x6,8000617e	  x6=0x800061a0
       94155000	      9316	8000617e	2011	c.jal	80006182	  x1=0x80006180
       94185000	      9319	80006182	0160026f	jal	x4,80006198	  x4=0x80006186
       94205000	      9321	80006198	bfd5	c.j	8000618c	
       94225000	      9323	8000618c	37f5	c.jal	80006178	  x1=0x8000618e
       94245000	      9325	80006178	2815	c.jal	800061ac	  x1=0x8000617a
       94265000	      9327	800061ac	b7e9	c.j	80006176	
       94285000	      9329	80006176	a801	c.j	80006186	
       94305000	      9331	80006186	a829	c.j	800061a0	
       94325000	      9333	800061a0	2021	c.jal	800061a8	  x1=0x800061a2
       94345000	      9335	800061a8	bfd1	c.j	8000617c	
       94365000	      9337	8000617c	280d	c.jal	800061ae	  x1=0x8000617e
       94385000	      9339	800061ae	0001	c.addi	x0,0	  x0:0x00000000  x0=0x00000000
       94395000	      9340	800061b0	004001ef	jal	x3,800061b4	  x3=0x800061b4
       94415000	      9342	800061b4	a011	c.j	800061b8	
       94435000	      9344	800061b8	004000ef	jal	x1,800061bc	  x1=0x800061bc
       94455000	      9346	800061bc	a011	c.j	800061c0	
       94475000	      9348	800061c0	00a002ef	jal	x5,800061ca	  x5=0x800061c4
       94505000	      9351	800061ca	fedff0ef	jal	x1,800061b6	  x1=0x800061ce
       94525000	      9353	800061b6	2821	c.jal	800061ce	  x1=0x800061b8
       94545000	      9355	800061ce	3fe5	c.jal	800061c6	  x1=0x800061d0
       94575000	      9358	800061c6	fffff86f	jal	x16,800061c4	 x16=0x800061ca
       94595000	      9360	800061c4	3fed	c.jal	800061be	  x1=0x800061c6
       94615000	      9362	800061be	a809	c.j	800061d0	
       94635000	      9364	800061d0	3406b973	csrrc	x18,mscratch,x13	 x13:0x00000141 x18=0x00000141
       94645000	      9365	800061d4	04c001ef	jal	x3,80006220	  x3=0x800061d8
       94665000	      9367	80006220	bfc9	c.j	800061f2	
       94685000	      9369	800061f2	bfe5	c.j	800061ea	
       94705000	      9371	800061ea	2815	c.jal	8000621e	  x1=0x800061ec
       94725000	      9373	8000621e	37ed	c.jal	80006208	  x1=0x80006220
       94745000	      9375	80006208	3fcd	c.jal	800061fa	  x1=0x8000620a
       94765000	      9377	800061fa	37d5	c.jal	800061de	  x1=0x800061fc
       94795000	      9380	800061de	03e000ef	jal	x1,8000621c	  x1=0x800061e2
       94815000	      9382	8000621c	bfd5	c.j	80006210	
       94835000	      9384	80006210	ffbff0ef	jal	x1,8000620a	  x1=0x80006214
       94855000	      9386	8000620a	3fe1	c.jal	800061e2	  x1=0x8000620c
       94875000	      9388	800061e2	2009	c.jal	800061e4	  x1=0x800061e4
       94895000	      9390	800061e4	bfdd	c.j	800061da	
       94915000	      9392	800061da	a815	c.j	8000620e	
       94935000	      9394	8000620e	3fcd	c.jal	80006200	  x1=0x80006210
       94955000	      9396	80006200	ff7ff0ef	jal	x1,800061f6	  x1=0x80006204
       94975000	      9398	800061f6	200d	c.jal	80006218	  x1=0x800061f8
       94995000	      9400	80006218	fe5ff0ef	jal	x1,800061fc	  x1=0x8000621c
       95015000	      9402	800061fc	fddff0ef	jal	x1,800061d8	  x1=0x80006200
       95035000	      9404	800061d8	a005	c.j	800061f8	
       95055000	      9406	800061f8	3ff5	c.jal	800061f4	  x1=0x800061fa
       95075000	      9408	800061f4	2005	c.jal	80006214	  x1=0x800061f6
       95095000	      9410	80006214	fd3ff36f	jal	x6,800061e6	  x6=0x80006218
       95125000	      9413	800061e6	ff7ff0ef	jal	x1,800061dc	  x1=0x800061ea
       95145000	      9415	800061dc	2811	c.jal	800061f0	  x1=0x800061de
       95165000	      9417	800061f0	2831	c.jal	8000620c	  x1=0x800061f2
       95185000	      9419	8000620c	3fe5	c.jal	80006204	  x1=0x8000620e
       95205000	      9421	80006204	fe9ff0ef	jal	x1,800061ec	  x1=0x80006208
       95225000	      9423	800061ec	036000ef	jal	x1,80006222	  x1=0x800061f0
       95245000	      9425	80006222	6559	c.lui	x10,0x16	 x10=0x00016000
       95255000	      9426	80006224	014001ef	jal	x3,80006238	  x3=0x80006228
       95275000	      9428	80006238	00c0036f	jal	x6,80006244	  x6=0x8000623c
       95295000	      9430	80006244	fe5ff36f	jal	x6,80006228	  x6=0x80006248
       95315000	      9432	80006228	01a000ef	jal	x1,80006242	  x1=0x8000622c
       95335000	      9434	80006242	3fc5	c.jal	80006232	  x1=0x80006244
       95355000	      9436	80006232	a009	c.j	80006234	
       95375000	      9438	80006234	024000ef	jal	x1,80006258	  x1=0x80006238
       95395000	      9440	80006258	0040036f	jal	x6,8000625c	  x6=0x8000625c
       95415000	      9442	8000625c	37f5	c.jal	80006248	  x1=0x8000625e
       95435000	      9444	80006248	006001ef	jal	x3,8000624e	  x3=0x8000624c
       95455000	      9446	8000624e	3ffd	c.jal	8000624c	  x1=0x80006250
       95475000	      9448	8000624c	bfcd	c.j	8000623e	
       95505000	      9451	8000623e	0120026f	jal	x4,80006250	  x4=0x80006242
       95525000	      9453	80006250	3ff1	c.jal	8000622c	  x1=0x80006252
       95545000	      9455	8000622c	028002ef	jal	x5,80006254	  x5=0x80006230
       95565000	      9457	80006254	fffff36f	jal	x6,80006252	  x6=0x80006258
       95585000	      9459	80006252	37ed	c.jal	8000623c	  x1=0x80006254
       95605000	      9461	8000623c	bfd5	c.j	80006230	
       95625000	      9463	80006230	a03d	c.j	8000625e	
       95655000	      9466	8000625e	34006ef3	csrrsi	x29,mscratch,0	 x29=0x00000000
       95665000	      9467	80006262	008001ef	jal	x3,8000626a	  x3=0x80006266
       95685000	      9469	8000626a	2801	c.jal	8000627a	  x1=0x8000626c
       95705000	      9471	8000627a	a821	c.j	80006292	
       95735000	      9474	80006292	fe3ff7ef	jal	x15,80006274	 x15=0x80006296
       95755000	      9476	80006274	bff5	c.j	80006270	
       95775000	      9478	80006270	010000ef	jal	x1,80006280	  x1=0x80006274
       95795000	      9480	80006280	2029	c.jal	8000628a	  x1=0x80006282
       95825000	      9483	8000628a	fddff0ef	jal	x1,80006266	  x1=0x8000628e
       95855000	      9486	80006266	01c000ef	jal	x1,80006282	  x1=0x8000626a
       95885000	      9489	80006282	ffdff36f	jal	x6,8000627e	  x6=0x80006286
       95905000	      9491	8000627e	a801	c.j	8000628e	
       95925000	      9493	8000628e	37fd	c.jal	8000627c	  x1=0x80006290
       95945000	      9495	8000627c	2031	c.jal	80006288	  x1=0x8000627e
       95965000	      9497	80006288	a021	c.j	80006290	
       95985000	      9499	80006290	3ff1	c.jal	8000626c	  x1=0x80006292
       96005000	      9501	8000626c	01a000ef	jal	x1,80006286	  x1=0x80006270
       96025000	      9503	80006286	3fc5	c.jal	80006276	  x1=0x80006288
       96055000	      9506	80006276	020000ef	jal	x1,80006296	  x1=0x8000627a
       96085000	      9509	80006296	010e2ab3	slt	x21,x28,x16	 x28:0x8001fdb4 x16:0x800061ca x21=0x00000000
       96095000	      9510	8000629a	040001ef	jal	x3,800062da	  x3=0x8000629e
       96125000	      9513	800062da	fd9ff0ef	jal	x1,800062b2	  x1=0x800062de
       96155000	      9516	800062b2	0200036f	jal	x6,800062d2	  x6=0x800062b6
       96185000	      9519	800062d2	00c000ef	jal	x1,800062de	  x1=0x800062d6
       96205000	      9521	800062de	b7d9	c.j	800062a4	
       96225000	      9523	800062a4	a831	c.j	800062c0	
       96245000	      9525	800062c0	bfed	c.j	800062ba	
       96275000	      9528	800062ba	ff1ff0ef	jal	x1,800062aa	  x1=0x800062be
       96295000	      9530	800062aa	a035	c.j	800062d6	
       96325000	      9533	800062d6	ff7ff36f	jal	x6,800062cc	  x6=0x800062da
       96345000	      9535	800062cc	b7c5	c.j	800062ac	
       96365000	      9537	800062ac	ffdff0ef	jal	x1,800062a8	  x1=0x800062b0
       96385000	      9539	800062a8	a01d	c.j	800062ce	
       96405000	      9541	800062ce	bfc9	c.j	800062a0	
       96425000	      9543	800062a0	0280016f	jal	x2,800062c8	  x2=0x800062a4
       96445000	      9545	800062c8	02200f6f	jal	x30,800062ea	 x30=0x800062cc
       96465000	      9547	800062ea	bf75	c.j	800062a6	
       96485000	      9549	800062a6	283d	c.jal	800062e4	  x1=0x800062a8
       96505000	      9551	800062e4	fcdff0ef	jal	x1,800062b0	  x1=0x800062e8
       96525000	      9553	800062b0	a039	c.j	800062be	
       96545000	      9555	800062be	a019	c.j	800062c4	
       96565000	      9557	800062c4	2831	c.jal	800062e0	  x1=0x800062c6
       96585000	      9559	800062e0	fd9ff36f	jal	x6,800062b8	  x6=0x800062e4
       96605000	      9561	800062b8	a039	c.j	800062c6	
       96625000	      9563	800062c6	bfc5	c.j	800062b6	
       96645000	      9565	800062b6	37e5	c.jal	8000629e	  x1=0x800062b8
       96665000	      9567	8000629e	280d	c.jal	800062d0	  x1=0x800062a0
       96685000	      9569	800062d0	2821	c.jal	800062e8	  x1=0x800062d2
       96705000	      9571	800062e8	bfe9	c.j	800062c2	
       96725000	      9573	800062c2	a02d	c.j	800062ec	
       96745000	      9575	800062ec	8ac1	c.andi	x13,16	 x13:0x00000141 x13=0x00000000
       96755000	      9576	800062ee	018001ef	jal	x3,80006306	  x3=0x800062f2
       96775000	      9578	80006306	bfdd	c.j	800062fc	
       96795000	      9580	800062fc	a011	c.j	80006300	
       96815000	      9582	80006300	3fdd	c.jal	800062f6	  x1=0x80006302
       96835000	      9584	800062f6	2825	c.jal	8000632e	  x1=0x800062f8
       96865000	      9587	8000632e	ff9ff36f	jal	x6,80006326	  x6=0x80006332
       96885000	      9589	80006326	37f5	c.jal	80006312	  x1=0x80006328
       96915000	      9592	80006312	fe9ff0ef	jal	x1,800062fa	  x1=0x80006316
       96935000	      9594	800062fa	a021	c.j	80006302	
       96965000	      9597	80006302	028000ef	jal	x1,8000632a	  x1=0x80006306
       96995000	      9600	8000632a	fd5ff36f	jal	x6,800062fe	  x6=0x8000632e
       97015000	      9602	800062fe	a815	c.j	80006332	
       97035000	      9604	80006332	37ed	c.jal	8000631c	  x1=0x80006334
       97055000	      9606	8000631c	01c004ef	jal	x9,80006338	  x9=0x80006320
       97075000	      9608	80006338	3fd1	c.jal	8000630c	  x1=0x8000633a
       97095000	      9610	8000630c	fe7ff1ef	jal	x3,800062f2	  x3=0x80006310
       97125000	      9613	800062f2	02e0036f	jal	x6,80006320	  x6=0x800062f6
       97145000	      9615	80006320	3fe1	c.jal	800062f8	  x1=0x80006322
       97165000	      9617	800062f8	2839	c.jal	80006316	  x1=0x800062fa
       97195000	      9620	80006316	0200036f	jal	x6,80006336	  x6=0x8000631a
       97215000	      9622	80006336	3ffd	c.jal	80006334	  x1=0x80006338
       97235000	      9624	80006334	3fd1	c.jal	80006308	  x1=0x80006336
       97255000	      9626	80006308	0080056f	jal	x10,80006310	 x10=0x8000630c
       97275000	      9628	80006310	a821	c.j	80006328	
       97295000	      9630	80006328	3fed	c.jal	80006322	  x1=0x8000632a
       97325000	      9633	80006322	ff9ff1ef	jal	x3,8000631a	  x3=0x80006326
       97345000	      9635	8000631a	a005	c.j	8000633a	
       97375000	      9638	8000633a	01f65193	srli	x3,x12,0x1f	 x12:0x80023ce4  x3=0x00000001
       97385000	      9639	8000633e	024001ef	jal	x3,80006362	  x3=0x80006342
       97415000	      9642	80006362	ff3ff0ef	jal	x1,80006354	  x1=0x80006366
       97435000	      9644	80006354	2029	c.jal	8000635e	  x1=0x80006356
       97455000	      9646	8000635e	bffd	c.j	8000635c	
       97475000	      9648	8000635c	b7ed	c.j	80006346	
       97495000	      9650	80006346	a829	c.j	80006360	
       97515000	      9652	80006360	bfc5	c.j	80006350	
       97535000	      9654	80006350	ffbff0ef	jal	x1,8000634a	  x1=0x80006354
       97555000	      9656	8000634a	2831	c.jal	80006366	  x1=0x8000634c
       97585000	      9659	80006366	fe7ff36f	jal	x6,8000634c	  x6=0x8000636a
       97605000	      9661	8000634c	3fdd	c.jal	80006342	  x1=0x8000634e
       97635000	      9664	80006342	00c000ef	jal	x1,8000634e	  x1=0x80006346
       97655000	      9666	8000634e	3fed	c.jal	80006348	  x1=0x80006350
       97675000	      9668	80006348	2809	c.jal	8000635a	  x1=0x8000634a
       97695000	      9670	8000635a	3ff5	c.jal	80006356	  x1=0x8000635c
       97725000	      9673	80006356	014000ef	jal	x1,8000636a	  x1=0x8000635a
       97745000	      9675	8000636a	8c89	c.sub	x9,x10	  x9:0x80006320 x10:0x8000630c  x9=0x00000014
       97755000	      9676	8000636c	016001ef	jal	x3,80006382	  x3=0x80006370
       97775000	      9678	80006382	a019	c.j	80006388	
       97795000	      9680	80006388	fe9ff36f	jal	x6,80006370	  x6=0x8000638c
       97815000	      9682	80006370	2801	c.jal	80006380	  x1=0x80006372
       97835000	      9684	80006380	3fed	c.jal	8000637a	  x1=0x80006382
       97855000	      9686	8000637a	a009	c.j	8000637c	
       97875000	      9688	8000637c	008000ef	jal	x1,80006384	  x1=0x80006380
       97895000	      9690	80006384	37fd	c.jal	80006372	  x1=0x80006386
       97925000	      9693	80006372	020000ef	jal	x1,80006392	  x1=0x80006376
       97945000	      9695	80006392	3fd5	c.jal	80006386	  x1=0x80006394
       97965000	      9697	80006386	2029	c.jal	80006390	  x1=0x80006388
       97985000	      9699	80006390	a011	c.j	80006394	
       98005000	      9701	80006394	ff9ff0ef	jal	x1,8000638c	  x1=0x80006398
       98025000	      9703	8000638c	fedff0ef	jal	x1,80006378	  x1=0x80006390
       98045000	      9705	80006378	a015	c.j	8000639c	
       98065000	      9707	8000639c	3ff5	c.jal	80006398	  x1=0x8000639e
       98085000	      9709	80006398	fdffff6f	jal	x30,80006376	 x30=0x8000639c
       98105000	      9711	80006376	2025	c.jal	8000639e	  x1=0x80006378
       98125000	      9713	8000639e	9342	c.add	x6,x16	  x6:0x8000638c x16:0x800061ca  x6=0x0000c556
       98135000	      9714	800063a0	040001ef	jal	x3,800063e0	  x3=0x800063a4
       98155000	      9716	800063e0	00a00eef	jal	x29,800063ea	 x29=0x800063e4
       98175000	      9718	800063ea	37f1	c.jal	800063b6	  x1=0x800063ec
       98195000	      9720	800063b6	a029	c.j	800063c0	
       98215000	      9722	800063c0	3fd5	c.jal	800063b4	  x1=0x800063c2
       98235000	      9724	800063b4	2019	c.jal	800063ba	  x1=0x800063b6
       98255000	      9726	800063ba	a839	c.j	800063d8	
       98275000	      9728	800063d8	37d5	c.jal	800063bc	  x1=0x800063da
       98295000	      9730	800063bc	00a001ef	jal	x3,800063c6	  x3=0x800063c0
       98315000	      9732	800063c6	b7dd	c.j	800063ac	
       98335000	      9734	800063ac	ffbffdef	jal	x27,800063a6	 x27=0x800063b0
       98355000	      9736	800063a6	2035	c.jal	800063d2	  x1=0x800063a8
       98385000	      9739	800063d2	ff9ff0ef	jal	x1,800063ca	  x1=0x800063d6
       98415000	      9742	800063ca	004000ef	jal	x1,800063ce	  x1=0x800063ce
       98445000	      9745	800063ce	ffbff0ef	jal	x1,800063c8	  x1=0x800063d2
       98465000	      9747	800063c8	a819	c.j	800063de	
       98485000	      9749	800063de	a019	c.j	800063e4	
       98505000	      9751	800063e4	ff3ff0ef	jal	x1,800063d6	  x1=0x800063e8
       98525000	      9753	800063d6	2019	c.jal	800063dc	  x1=0x800063d8
       98545000	      9755	800063dc	3ffd	c.jal	800063da	  x1=0x800063de
       98565000	      9757	800063da	bfd9	c.j	800063b0	
       98585000	      9759	800063b0	01200a6f	jal	x20,800063c2	 x20=0x800063b4
       98615000	      9762	800063c2	fe3ff0ef	jal	x1,800063a4	  x1=0x800063c6
       98635000	      9764	800063a4	a811	c.j	800063b8	
       98655000	      9766	800063b8	a805	c.j	800063e8	
       98675000	      9768	800063e8	37c1	c.jal	800063a8	  x1=0x800063ea
       98695000	      9770	800063a8	0440016f	jal	x2,800063ec	  x2=0x800063ac
       98715000	      9772	800063ec	0998	c.addi4spn	x14,x2,208	 x14=0x8000647c
       98725000	      9773	800063ee	028001ef	jal	x3,80006416	  x3=0x800063f2
       98745000	      9775	80006416	a829	c.j	80006430	
       98765000	      9777	80006430	b7e1	c.j	800063f8	
       98785000	      9779	800063f8	a81d	c.j	8000642e	
       98805000	      9781	8000642e	b7cd	c.j	80006410	
       98825000	      9783	80006410	3fdd	c.jal	80006406	  x1=0x80006412
       98855000	      9786	80006406	004000ef	jal	x1,8000640a	  x1=0x8000640a
       98885000	      9789	8000640a	ff1ff0ef	jal	x1,800063fa	  x1=0x8000640e
       98905000	      9791	800063fa	a839	c.j	80006418	
       98925000	      9793	80006418	bfe9	c.j	800063f2	
       98945000	      9795	800063f2	2005	c.jal	80006412	  x1=0x800063f4
       98975000	      9798	80006412	fe3ff0ef	jal	x1,800063f4	  x1=0x80006416
       98995000	      9800	800063f4	010000ef	jal	x1,80006404	  x1=0x800063f8
       99015000	      9802	80006404	3fe5	c.jal	800063fc	  x1=0x80006406
       99035000	      9804	800063fc	004000ef	jal	x1,80006400	  x1=0x80006400
       99055000	      9806	80006400	032000ef	jal	x1,80006432	  x1=0x80006404
       99085000	      9809	80006432	ff1ff0ef	jal	x1,80006422	  x1=0x80006436
       99105000	      9811	80006422	a009	c.j	80006424	
       99125000	      9813	80006424	febff36f	jal	x6,8000640e	  x6=0x80006428
       99145000	      9815	8000640e	2809	c.jal	80006420	  x1=0x80006410
       99165000	      9817	80006420	bffd	c.j	8000641e	
       99185000	      9819	8000641e	a039	c.j	8000642c	
       99205000	      9821	8000642c	3ff5	c.jal	80006428	  x1=0x8000642e
       99225000	      9823	80006428	ff3ff0ef	jal	x1,8000641a	  x1=0x8000642c
       99255000	      9826	8000641a	01c00f6f	jal	x30,80006436	 x30=0x8000641e
       99285000	      9829	80006436	b0bd3113	sltiu	x2,x26,-1269	 x26:0x80000000  x2=0x00000001
       99295000	      9830	8000643a	032001ef	jal	x3,8000646c	  x3=0x8000643e
       99315000	      9832	8000646c	b7e5	c.j	80006454	
       99335000	      9834	80006454	ff9ff36f	jal	x6,8000644c	  x6=0x80006458
       99355000	      9836	8000644c	3fdd	c.jal	80006442	  x1=0x8000644e
       99385000	      9839	80006442	0180026f	jal	x4,8000645a	  x4=0x80006446
       99415000	      9842	8000645a	00e000ef	jal	x1,80006468	  x1=0x8000645e
       99435000	      9844	80006468	37dd	c.jal	8000644e	  x1=0x8000646a
       99455000	      9846	8000644e	a809	c.j	80006460	
       99475000	      9848	80006460	bff9	c.j	8000643e	
       99495000	      9850	8000643e	2809	c.jal	80006450	  x1=0x80006440
       99515000	      9852	80006450	01e000ef	jal	x1,8000646e	  x1=0x80006454
       99535000	      9854	8000646e	bfe9	c.j	80006448	
       99555000	      9856	80006448	a801	c.j	80006458	
       99575000	      9858	80006458	3fcd	c.jal	8000644a	  x1=0x8000645a
       99595000	      9860	8000644a	2025	c.jal	80006472	  x1=0x8000644c
       99615000	      9862	80006472	37f9	c.jal	80006440	  x1=0x80006474
       99635000	      9864	80006440	a839	c.j	8000645e	
       99655000	      9866	8000645e	a809	c.j	80006470	
       99675000	      9868	80006470	3fd5	c.jal	80006464	  x1=0x80006472
       99695000	      9870	80006464	010000ef	jal	x1,80006474	  x1=0x80006468
       99715000	      9872	80006474	3fdd	c.jal	8000646a	  x1=0x80006476
       99735000	      9874	8000646a	3ff1	c.jal	80006446	  x1=0x8000646c
       99755000	      9876	80006446	a831	c.j	80006462	
       99775000	      9878	80006462	a811	c.j	80006476	
       99805000	      9881	80006476	004000ef	jal	x1,8000647a	  x1=0x8000647a
       99835000	      9884	8000647a	2c8fe313	ori	x6,x31,712	 x31:0x80006018  x6=0x800062d8
       99845000	      9885	8000647e	01a001ef	jal	x3,80006498	  x3=0x80006482
       99865000	      9887	80006498	ffbff0ef	jal	x1,80006492	  x1=0x8000649c
       99895000	      9890	80006492	ff9ff0ef	jal	x1,8000648a	  x1=0x80006496
       99915000	      9892	8000648a	2011	c.jal	8000648e	  x1=0x8000648c
       99945000	      9895	8000648e	ff5ff7ef	jal	x15,80006482	 x15=0x80006492
       99975000	      9898	80006482	0140036f	jal	x6,80006496	  x6=0x80006486
       99995000	      9900	80006496	2029	c.jal	800064a0	  x1=0x80006498
      100015000	      9902	800064a0	fe7ff36f	jal	x6,80006486	  x6=0x800064a4
      100045000	      9905	80006486	018000ef	jal	x1,8000649e	  x1=0x8000648a
      100065000	      9907	8000649e	bffd	c.j	8000649c	
      100085000	      9909	8000649c	bfc5	c.j	8000648c	
      100105000	      9911	8000648c	2821	c.jal	800064a4	  x1=0x8000648e
      100125000	      9913	800064a4	83b1	c.srli	x15,0xc	 x15:0x80006492 x15=0x00080006
      100135000	      9914	800064a6	00e001ef	jal	x3,800064b4	  x3=0x800064aa
      100155000	      9916	800064b4	008000ef	jal	x1,800064bc	  x1=0x800064b8
      100175000	      9918	800064bc	a019	c.j	800064c2	
      100205000	      9921	800064c2	fffff0ef	jal	x1,800064c0	  x1=0x800064c6
      100225000	      9923	800064c0	b7f5	c.j	800064ac	
      100245000	      9925	800064ac	a829	c.j	800064c6	
      100275000	      9928	800064c6	fe5ff0ef	jal	x1,800064aa	  x1=0x800064ca
      100295000	      9930	800064aa	2811	c.jal	800064be	  x1=0x800064ac
      100315000	      9932	800064be	bfed	c.j	800064b8	
      100335000	      9934	800064b8	ff9ff0ef	jal	x1,800064b0	  x1=0x800064bc
      100355000	      9936	800064b0	2009	c.jal	800064b2	  x1=0x800064b2
      100375000	      9938	800064b2	bff5	c.j	800064ae	
      100395000	      9940	800064ae	2831	c.jal	800064ca	  x1=0x800064b0
      100415000	      9942	800064ca	9a1a	c.add	x20,x6	 x20:0x800063b4  x6:0x800064a4 x20=0x0000c858
      100425000	      9943	800064cc	032001ef	jal	x3,800064fe	  x3=0x800064d0
      100455000	      9946	800064fe	008000ef	jal	x1,80006506	  x1=0x80006502
      100485000	      9949	80006506	fd5ff0ef	jal	x1,800064da	  x1=0x8000650a
      100505000	      9951	800064da	3fdd	c.jal	800064d0	  x1=0x800064dc
      100525000	      9953	800064d0	018002ef	jal	x5,800064e8	  x5=0x800064d4
      100545000	      9955	800064e8	010000ef	jal	x1,800064f8	  x1=0x800064ec
      100565000	      9957	800064f8	ffdff0ef	jal	x1,800064f4	  x1=0x800064fc
      100585000	      9959	800064f4	00e000ef	jal	x1,80006502	  x1=0x800064f8
      100615000	      9962	80006502	fe3ffd6f	jal	x26,800064e4	 x26=0x80006506
      100635000	      9964	800064e4	3ffd	c.jal	800064e2	  x1=0x800064e6
      100655000	      9966	800064e2	a829	c.j	800064fc	
      100675000	      9968	800064fc	37cd	c.jal	800064de	  x1=0x800064fe
      100705000	      9971	800064de	012000ef	jal	x1,800064f0	  x1=0x800064e2
      100725000	      9973	800064f0	fe5ff56f	jal	x10,800064d4	 x10=0x800064f4
      100745000	      9975	800064d4	2021	c.jal	800064dc	  x1=0x800064d6
      100765000	      9977	800064dc	3fed	c.jal	800064d6	  x1=0x800064de
      100795000	      9980	800064d6	0160056f	jal	x10,800064ec	 x10=0x800064da
      100815000	      9982	800064ec	ffbff1ef	jal	x3,800064e6	  x3=0x800064f0
      100835000	      9984	800064e6	a015	c.j	8000650a	
      100865000	      9987	8000650a	3ddf9eb7	lui	x29,0x3ddf9	 x29=0x3ddf9000
      100875000	      9988	8000650e	010001ef	jal	x3,8000651e	  x3=0x80006512
      100905000	      9991	8000651e	ffdff0ef	jal	x1,8000651a	  x1=0x80006522
      100925000	      9993	8000651a	a801	c.j	8000652a	
      100955000	      9996	8000652a	ff3ff0ef	jal	x1,8000651c	  x1=0x8000652e
      100975000	      9998	8000651c	a809	c.j	8000652e	
      100995000	     10000	8000652e	bfed	c.j	80006528	
      101015000	     10002	80006528	bffd	c.j	80006526	
      101035000	     10004	80006526	2831	c.jal	80006542	  x1=0x80006528
      101065000	     10007	80006542	ff3ffa6f	jal	x20,80006534	 x20=0x80006546
      101085000	     10009	80006534	37d5	c.jal	80006518	  x1=0x80006536
      101105000	     10011	80006518	2029	c.jal	80006522	  x1=0x8000651a
      101135000	     10014	80006522	024000ef	jal	x1,80006546	  x1=0x80006526
      101155000	     10016	80006546	bfc5	c.j	80006536	
      101175000	     10018	80006536	2019	c.jal	8000653c	  x1=0x80006538
      101195000	     10020	8000653c	3fd5	c.jal	80006530	  x1=0x8000653e
      101215000	     10022	80006530	fe5ff0ef	jal	x1,80006514	  x1=0x80006534
      101235000	     10024	80006514	fffff0ef	jal	x1,80006512	  x1=0x80006518
      101255000	     10026	80006512	201d	c.jal	80006538	  x1=0x80006514
      101275000	     10028	80006538	010000ef	jal	x1,80006548	  x1=0x8000653c
      101295000	     10030	80006548	bfe5	c.j	80006540	
      101315000	     10032	80006540	3ffd	c.jal	8000653e	  x1=0x80006542
      101335000	     10034	8000653e	a031	c.j	8000654a	
      101365000	     10037	8000654a	00400fef	jal	x31,8000654e	 x31=0x8000654e
      101755000	     10076	8000654e	0309fc33	remu	x24,x19,x16	 x19:0x0000b000 x16:0x800061ca x24=0x0000b000
      101765000	     10077	80006552	030001ef	jal	x3,80006582	  x3=0x80006556
      101785000	     10079	80006582	bfd9	c.j	80006558	
      101805000	     10081	80006558	03c000ef	jal	x1,80006594	  x1=0x8000655c
      101825000	     10083	80006594	fc3ff36f	jal	x6,80006556	  x6=0x80006598
      101845000	     10085	80006556	a015	c.j	8000657a	
      101865000	     10087	8000657a	37ed	c.jal	80006564	  x1=0x8000657c
      101885000	     10089	80006564	00e000ef	jal	x1,80006572	  x1=0x80006568
      101915000	     10092	80006572	00e008ef	jal	x17,80006580	 x17=0x80006576
      101935000	     10094	80006580	2821	c.jal	80006598	  x1=0x80006582
      101955000	     10096	80006598	37f5	c.jal	80006584	  x1=0x8000659a
      101975000	     10098	80006584	a009	c.j	80006586	
      101995000	     10100	80006586	a019	c.j	8000658c	
      102015000	     10102	8000658c	b7d5	c.j	80006570	
      102035000	     10104	80006570	2005	c.jal	80006590	  x1=0x80006572
      102055000	     10106	80006590	fe7ff36f	jal	x6,80006576	  x6=0x80006594
      102085000	     10109	80006576	ff7ff1ef	jal	x3,8000656c	  x3=0x8000657a
      102105000	     10111	8000656c	a831	c.j	80006588	
      102125000	     10113	80006588	ff5ff56f	jal	x10,8000657c	 x10=0x8000658c
      102145000	     10115	8000657c	fe7ff0ef	jal	x1,80006562	  x1=0x80006580
      102165000	     10117	80006562	3ff5	c.jal	8000655e	  x1=0x80006564
      102195000	     10120	8000655e	010001ef	jal	x3,8000656e	  x3=0x80006562
      102215000	     10122	8000656e	3fed	c.jal	80006568	  x1=0x80006570
      102235000	     10124	80006568	bfd5	c.j	8000655c	
      102255000	     10126	8000655c	2039	c.jal	8000656a	  x1=0x8000655e
      102275000	     10128	8000656a	a015	c.j	8000658e	
      102295000	     10130	8000658e	a031	c.j	8000659a	
      102325000	     10133	8000659a	01bc5793	srli	x15,x24,0x1b	 x24:0x0000b000 x15=0x00000000
      102335000	     10134	8000659e	016001ef	jal	x3,800065b4	  x3=0x800065a2
      102355000	     10136	800065b4	2039	c.jal	800065c2	  x1=0x800065b6
      102375000	     10138	800065c2	a009	c.j	800065c4	
      102395000	     10140	800065c4	bff9	c.j	800065a2	
      102415000	     10142	800065a2	2029	c.jal	800065ac	  x1=0x800065a4
      102435000	     10144	800065ac	fffff3ef	jal	x7,800065aa	  x7=0x800065b0
      102455000	     10146	800065aa	3ff5	c.jal	800065a6	  x1=0x800065ac
      102475000	     10148	800065a6	3ffd	c.jal	800065a4	  x1=0x800065a8
      102495000	     10150	800065a4	2031	c.jal	800065b0	  x1=0x800065a6
      102515000	     10152	800065b0	a031	c.j	800065bc	
      102535000	     10154	800065bc	bffd	c.j	800065ba	
      102555000	     10156	800065ba	2031	c.jal	800065c6	  x1=0x800065bc
      102575000	     10158	800065c6	b7f5	c.j	800065b2	
      102595000	     10160	800065b2	a011	c.j	800065b6	
      102625000	     10163	800065b6	008005ef	jal	x11,800065be	 x11=0x800065ba
      102655000	     10166	800065be	febff26f	jal	x4,800065a8	  x4=0x800065c2
      102675000	     10168	800065a8	2005	c.jal	800065c8	  x1=0x800065aa
      102695000	     10170	800065c8	41c18133	sub	x2,x3,x28	  x3:0x800065a2 x28:0x8001fdb4  x2=0xfffe67ee
      102705000	     10171	800065cc	04c001ef	jal	x3,80006618	  x3=0x800065d0
      102725000	     10173	80006618	b7d9	c.j	800065de	
      102755000	     10176	800065de	024000ef	jal	x1,80006602	  x1=0x800065e2
      102775000	     10178	80006602	3ffd	c.jal	80006600	  x1=0x80006604
      102795000	     10180	80006600	2011	c.jal	80006604	  x1=0x80006602
      102815000	     10182	80006604	37c5	c.jal	800065e4	  x1=0x80006606
      102835000	     10184	800065e4	022000ef	jal	x1,80006606	  x1=0x800065e8
      102855000	     10186	80006606	37fd	c.jal	800065f4	  x1=0x80006608
      102875000	     10188	800065f4	fddff5ef	jal	x11,800065d0	 x11=0x800065f8
      102895000	     10190	800065d0	006000ef	jal	x1,800065d6	  x1=0x800065d4
      102925000	     10193	800065d6	032000ef	jal	x1,80006608	  x1=0x800065da
      102945000	     10195	80006608	ff7ff0ef	jal	x1,800065fe	  x1=0x8000660c
      102965000	     10197	800065fe	3fcd	c.jal	800065f0	  x1=0x80006600
      102985000	     10199	800065f0	3ff5	c.jal	800065ec	  x1=0x800065f2
      103005000	     10201	800065ec	a005	c.j	8000660c	
      103025000	     10203	8000660c	2019	c.jal	80006612	  x1=0x8000660e
      103055000	     10206	80006612	fcbff9ef	jal	x19,800065dc	 x19=0x80006616
      103075000	     10208	800065dc	a839	c.j	800065fa	
      103105000	     10211	800065fa	fefff4ef	jal	x9,800065e8	  x9=0x800065fe
      103125000	     10213	800065e8	010000ef	jal	x1,800065f8	  x1=0x800065ec
      103145000	     10215	800065f8	bfdd	c.j	800065ee	
      103165000	     10217	800065ee	3fd5	c.jal	800065e2	  x1=0x800065f0
      103185000	     10219	800065e2	203d	c.jal	80006610	  x1=0x800065e4
      103205000	     10221	80006610	b7d1	c.j	800065d4	
      103225000	     10223	800065d4	a839	c.j	800065f2	
      103245000	     10225	800065f2	37e5	c.jal	800065da	  x1=0x800065f4
      103265000	     10227	800065da	2835	c.jal	80006616	  x1=0x800065dc
      103285000	     10229	80006616	3fe5	c.jal	8000660e	  x1=0x80006618
      103305000	     10231	8000660e	a031	c.j	8000661a	
      103335000	     10234	8000661a	3400e9f3	csrrsi	x19,mscratch,1	 x19=0x00000000
      103345000	     10235	8000661e	03a001ef	jal	x3,80006658	  x3=0x80006622
      103365000	     10237	80006658	b7f9	c.j	80006626	
      103385000	     10239	80006626	2009	c.jal	80006628	  x1=0x80006628
      103405000	     10241	80006628	202d	c.jal	80006652	  x1=0x8000662a
      103435000	     10244	80006652	fe3ff36f	jal	x6,80006634	  x6=0x80006656
      103455000	     10246	80006634	ff7ffdef	jal	x27,8000662a	 x27=0x80006638
      103475000	     10248	8000662a	a809	c.j	8000663c	
      103495000	     10250	8000663c	3ff5	c.jal	80006638	  x1=0x8000663e
      103515000	     10252	80006638	febff0ef	jal	x1,80006622	  x1=0x8000663c
      103545000	     10255	80006622	026000ef	jal	x1,80006648	  x1=0x80006626
      103565000	     10257	80006648	00e0036f	jal	x6,80006656	  x6=0x8000664c
      103585000	     10259	80006656	b7ed	c.j	80006640	
      103605000	     10261	80006640	00c000ef	jal	x1,8000664c	  x1=0x80006644
      103625000	     10263	8000664c	ff3ffbef	jal	x23,8000663e	 x23=0x80006650
      103645000	     10265	8000663e	2809	c.jal	80006650	  x1=0x80006640
      103665000	     10267	80006650	3fd5	c.jal	80006644	  x1=0x80006652
      103685000	     10269	80006644	fe9ff5ef	jal	x11,8000662c	 x11=0x80006648
      103705000	     10271	8000662c	004001ef	jal	x3,80006630	  x3=0x80006630
      103725000	     10273	80006630	02a000ef	jal	x1,8000665a	  x1=0x80006634
      104115000	     10312	8000665a	02b3db33	divu	x22,x7,x11	  x7:0x800065b0 x11:0x80006648 x22=0x00000000
      104125000	     10313	8000665e	00c001ef	jal	x3,8000666a	  x3=0x80006662
      104155000	     10316	8000666a	00c0036f	jal	x6,80006676	  x6=0x8000666e
      104175000	     10318	80006676	2029	c.jal	80006680	  x1=0x80006678
      104195000	     10320	80006680	37dd	c.jal	80006666	  x1=0x80006682
      104225000	     10323	80006666	01c000ef	jal	x1,80006682	  x1=0x8000666a
      104255000	     10326	80006682	fedff36f	jal	x6,8000666e	  x6=0x80006686
      104285000	     10329	8000666e	01000aef	jal	x21,8000667e	 x21=0x80006672
      104305000	     10331	8000667e	b7dd	c.j	80006664	
      104325000	     10333	80006664	a819	c.j	8000667a	
      104355000	     10336	8000667a	fffff0ef	jal	x1,80006678	  x1=0x8000667e
      104375000	     10338	80006678	3fed	c.jal	80006672	  x1=0x8000667a
      104405000	     10341	80006672	ff1ffcef	jal	x25,80006662	 x25=0x80006676
      104425000	     10343	80006662	a015	c.j	80006686	
      104445000	     10345	80006686	717d	c.addi16sp	x2,-16	  x2:0xfffe67ee  x2=0xfffe67de
      104455000	     10346	80006688	008001ef	jal	x3,80006690	  x3=0x8000668c
      104475000	     10348	80006690	a801	c.j	800066a0	
      104495000	     10350	800066a0	bfed	c.j	8000669a	
      104525000	     10353	8000669a	00e00cef	jal	x25,800066a8	 x25=0x8000669e
      104545000	     10355	800066a8	3ff5	c.jal	800066a4	  x1=0x800066aa
      104565000	     10357	800066a4	3fed	c.jal	8000669e	  x1=0x800066a6
      104585000	     10359	8000669e	2011	c.jal	800066a2	  x1=0x800066a0
      104605000	     10361	800066a2	3fd5	c.jal	80006696	  x1=0x800066a4
      104635000	     10364	80006696	ff9ffa6f	jal	x20,8000668e	 x20=0x8000669a
      104655000	     10366	8000668e	bffd	c.j	8000668c	
      104675000	     10368	8000668c	a839	c.j	800066aa	
      104695000	     10370	800066aa	2009	c.jal	800066ac	  x1=0x800066ac
      104715000	     10372	800066ac	2009	c.jal	800066ae	  x1=0x800066ae
      104735000	     10374	800066ae	3fe5	c.jal	800066a6	  x1=0x800066b0
      104755000	     10376	800066a6	37f5	c.jal	80006692	  x1=0x800066a8
      104785000	     10379	80006692	01e0036f	jal	x6,800066b0	  x6=0x80006696
      104805000	     10381	800066b0	0000100f	fence.i	
      104825000	     10383	800066b4	024001ef	jal	x3,800066d8	  x3=0x800066b8
      104845000	     10385	800066d8	fffff0ef	jal	x1,800066d6	  x1=0x800066dc
      104865000	     10387	800066d6	3fcd	c.jal	800066c8	  x1=0x800066d8
      104885000	     10389	800066c8	a019	c.j	800066ce	
      104915000	     10392	800066ce	ff7ff36f	jal	x6,800066c4	  x6=0x800066d2
      104935000	     10394	800066c4	3fd5	c.jal	800066b8	  x1=0x800066c6
      104955000	     10396	800066b8	008000ef	jal	x1,800066c0	  x1=0x800066bc
      104975000	     10398	800066c0	bff5	c.j	800066bc	
      104995000	     10400	800066bc	016000ef	jal	x1,800066d2	  x1=0x800066c0
      105025000	     10403	800066d2	ff9ff0ef	jal	x1,800066ca	  x1=0x800066d6
      105055000	     10406	800066ca	ffdff0ef	jal	x1,800066c6	  x1=0x800066ce
      105075000	     10408	800066c6	bff5	c.j	800066c2	
      105095000	     10410	800066c2	a829	c.j	800066dc	
      105145000	     10415	800066dc	02f8af33	mulhsu	x30,x17,x15	 x17:0x80006576 x15:0x00000000 x30=0x00000000
      105155000	     10416	800066e0	00631b93	slli	x23,x6,0x6	  x6:0x800066d2 x23=0x0019b480
      105165000	     10417	800066e4	340076f3	csrrci	x13,mscratch,0	 x13=0x00000001
      105175000	     10418	800066e8	4107dc13	srai	x24,x15,0x10	 x15:0x00000000 x24=0x00000000
      105185000	     10419	800066ec	98fd	c.andi	x9,-1	  x9:0x800065fe  x9=0x800065fe
      105225000	     10423	800066ee	02463a33	mulhu	x20,x12,x4	 x12:0x80023ce4  x4:0x800065c2 x20=0x40015153
      105235000	     10424	800066f2	41c55793	srai	x15,x10,0x1c	 x10:0x8000658c x15=0xfffffff8
      105245000	     10425	800066f6	00e35793	srli	x15,x6,0xe	  x6:0x800066d2 x15=0x00020001
      105255000	     10426	800066fa	01d3a333	slt	x6,x7,x29	  x7:0x800065b0 x29:0x3ddf9000  x6=0x00000001
      105265000	     10427	800066fe	59cc0693	addi	x13,x24,1436	 x24:0x00000000 x13=0x0000059c
      105275000	     10428	80006702	0140c233	xor	x4,x1,x20	  x1:0x800066ce x20:0x40015153  x4=0xc001379d
      105285000	     10429	80006706	01488963	beq	x17,x20,80006718	 x17:0x80006576 x20:0x40015153
      105295000	     10430	8000670a	3403a6f3	csrrs	x13,mscratch,x7	  x7:0x800065b0 x13=0x00000001
      105305000	     10431	8000670e	340be2f3	csrrsi	x5,mscratch,23	  x5=0x800065b1
      105315000	     10432	80006712	34007bf3	csrrci	x23,mscratch,0	 x23=0x800065b7
      105325000	     10433	80006716	80fd	c.srli	x9,0x1f	  x9:0x800065fe  x9=0x00000001
      105335000	     10434	80006718	00395ab3	srl	x21,x18,x3	 x18:0x00000141  x3:0x800066b8 x21=0x00000000
      105345000	     10435	8000671c	414d5233	sra	x4,x26,x20	 x26:0x80006506 x20:0x40015153  x4=0xfffff000
      105355000	     10436	80006720	dcccb593	sltiu	x11,x25,-564	 x25:0x8000669e x11=0x00000001
      105365000	     10437	80006724	00f0ff33	and	x30,x1,x15	  x1:0x800066ce x15:0x00020001 x30=0x00000000
      105375000	     10438	80006728	b8e5e593	ori	x11,x11,-1138	 x11:0x00000001 x11=0xfffffb8f
      105385000	     10439	8000672c	c04a6f93	ori	x31,x20,-1020	 x20:0x40015153 x31=0xfffffd57
      105395000	     10440	80006730	01d56463	bltu	x10,x29,80006738	 x10:0x8000658c x29:0x3ddf9000
      105765000	     10477	80006734	03ff7b33	remu	x22,x30,x31	 x30:0x00000000 x31:0xfffffd57 x22=0x00000000
      105775000	     10478	80006738	ccf74f93	xori	x31,x14,-817	 x14:0x8000647c x31=0x7fff98b3
      105785000	     10479	8000673c	40ba5313	srai	x6,x20,0xb	 x20:0x40015153  x6=0x0008002a
      105795000	     10480	80006740	9d16	c.add	x26,x5	 x26:0x80006506  x5:0x800065b1 x26=0x0000cab7
      105805000	     10481	80006742	009e	c.slli	x1,0x7	  x1:0x800066ce  x1=0x00336700
      105815000	     10482	80006744	404a5333	sra	x6,x20,x4	 x20:0x40015153  x4:0xfffff000  x6=0x40015153
      105825000	     10483	80006748	025afe63	bgeu	x21,x5,80006784	 x21:0x00000000  x5:0x800065b1
      105835000	     10484	8000674c	e289	c.bnez	x13,8000674e	 x13:0x00000001
      105865000	     10487	8000674e	9d6ce593	ori	x11,x25,-1578	 x25:0x8000669e x11=0xffffffde
      105905000	     10491	80006752	03bd1833	mulh	x16,x26,x27	 x26:0x0000cab7 x27:0x80006638 x16=0xffff9aa4
      105915000	     10492	80006756	0f29	c.addi	x30,10	 x30:0x00000000 x30=0x0000000a
      105925000	     10493	80006758	340a6873	csrrsi	x16,mscratch,20	 x16=0x800065b7
      105935000	     10494	8000675c	00575363	bge	x14,x5,80006762	 x14:0x8000647c  x5:0x800065b1
      105945000	     10495	80006760	031e	c.slli	x6,0x7	  x6:0x40015153  x6=0x00a8a980
      105955000	     10496	80006762	403bd913	srai	x18,x23,0x3	 x23:0x800065b7 x18=0xf0000cb6
      105965000	     10497	80006766	c999	c.beqz	x11,8000677c	 x11:0xffffffde
      105975000	     10498	80006768	8dcd	c.or	x11,x11	 x11:0xffffffde x11:0xffffffde x11=0xffffffde
      105985000	     10499	8000676a	03085563	bge	x16,x16,80006794	 x16:0x800065b7 x16:0x800065b7
      106005000	     10501	80006794	8f15	c.sub	x14,x13	 x14:0x8000647c x13:0x00000001 x14=0x8000647b
      106015000	     10502	80006796	8142	c.mv	x2,x16	  x0:0x00000000 x16:0x800065b7  x2=0x800065b7
      106025000	     10503	80006798	401a5593	srai	x11,x20,0x1	 x20:0x40015153 x11=0x2000a8a9
      106035000	     10504	8000679c	012e0cb3	add	x25,x28,x18	 x28:0x8001fdb4 x18:0xf0000cb6 x25=0x70020a6a
      106045000	     10505	800067a0	0fb06d93	ori	x27,x0,251	  x0:0x00000000 x27=0x000000fb
      106415000	     10542	800067a4	032adf33	divu	x30,x21,x18	 x21:0x00000000 x18:0xf0000cb6 x30=0x00000000
      106425000	     10543	800067a8	ed11	c.bnez	x10,800067c4	 x10:0x8000658c
      106445000	     10545	800067c4	006d9c13	slli	x24,x27,0x6	 x27:0x000000fb x24=0x00003ec0
      106455000	     10546	800067c8	0000100f	fence.i	
      106475000	     10548	800067cc	16fd	c.addi	x13,-1	 x13:0x00000001 x13=0x00000000
      106485000	     10549	800067ce	0001	c.addi	x0,0	  x0:0x00000000  x0=0x00000000
      106495000	     10550	800067d0	80c5	c.srli	x9,0x11	  x9:0x00000001  x9=0x00000000
      106505000	     10551	800067d2	00321f93	slli	x31,x4,0x3	  x4:0xfffff000 x31=0xffff8000
      106535000	     10554	800067d6	03ec0db3	mul	x27,x24,x30	 x24:0x00003ec0 x30:0x00000000 x27=0x00000000
      106555000	     10556	800067da	03b1d833	divu	x16,x3,x27	  x3:0x800066b8 x27:0x00000000 x16=0xffffffff
      106565000	     10557	800067de	34003273	csrrc	x4,mscratch,x0	  x0:0x00000000  x4=0x800065b7
      106575000	     10558	800067e2	00b417b3	sll	x15,x8,x11	  x8:0x80000000 x11:0x2000a8a9 x15=0x00000000
      106585000	     10559	800067e6	e50d	c.bnez	x10,80006810	 x10:0x8000658c
      106635000	     10564	80006810	02322333	mulhsu	x6,x4,x3	  x4:0x800065b7  x3:0x800066b8  x6=0xbfffff7f
      106645000	     10565	80006814	01b374b3	and	x9,x6,x27	  x6:0xbfffff7f x27:0x00000000  x9=0x00000000
      107015000	     10602	80006818	03dfcfb3	div	x31,x31,x29	 x31:0xffff8000 x29:0x3ddf9000 x31=0x00000000
      107025000	     10603	8000681c	10002813	slti	x16,x0,256	  x0:0x00000000 x16=0x00000001
      107035000	     10604	80006820	414880b3	sub	x1,x17,x20	 x17:0x80006576 x20:0x40015153  x1=0x3fff1423
      107045000	     10605	80006824	9b7d	c.andi	x14,-1	 x14:0x8000647b x14=0x8000647b
      107055000	     10606	80006826	0001	c.addi	x0,0	  x0:0x00000000  x0=0x00000000
      107065000	     10607	80006828	19628513	addi	x10,x5,406	  x5:0x800065b1 x10=0x80006747
      107435000	     10644	8000682c	034ed733	divu	x14,x29,x20	 x29:0x3ddf9000 x20:0x40015153 x14=0x00000000
      107445000	     10645	80006830	05324163	blt	x4,x19,80006872	  x4:0x800065b7 x19:0x00000000
      107475000	     10648	80006872	020b8963	beq	x23,x0,800068a4	 x23:0x800065b7  x0:0x00000000
      107485000	     10649	80006876	00959093	slli	x1,x11,0x9	 x11:0x2000a8a9  x1=0x01515200
      107495000	     10650	8000687a	c689	c.beqz	x13,80006884	 x13:0x00000000
      107515000	     10652	80006884	8db9	c.xor	x11,x14	 x11:0x2000a8a9 x14:0x00000000 x11=0x2000a8a9
      107525000	     10653	80006886	5f293d13	sltiu	x26,x18,1522	 x18:0xf0000cb6 x26=0x00000000
      107895000	     10690	8000688a	023ce933	rem	x18,x25,x3	 x25:0x70020a6a  x3:0x800066b8 x18=0x70020a6a
      107935000	     10694	8000688e	039a3c33	mulhu	x24,x20,x25	 x20:0x40015153 x25:0x70020a6a x24=0x1c011631
      107945000	     10695	80006892	025a9f63	bne	x21,x5,800068d0	 x21:0x00000000  x5:0x800065b1
      107965000	     10697	800068d0	406fd193	srai	x3,x31,0x6	 x31:0x00000000  x3=0x00000000
      107975000	     10698	800068d4	8751	c.srai	x14,0x14	 x14:0x00000000 x14=0x00000000
      107985000	     10699	800068d6	02db8513	addi	x10,x23,45	 x23:0x800065b7 x10=0x800065e4
      107995000	     10700	800068da	891a	c.mv	x18,x6	  x0:0x00000000  x6:0xbfffff7f x18=0xbfffff7f
      108005000	     10701	800068dc	8491	c.srai	x9,0x4	  x9:0x00000000  x9=0x00000000
      108015000	     10702	800068de	01a7f863	bgeu	x15,x26,800068ee	 x15:0x00000000 x26:0x00000000
      108045000	     10705	800068ee	40bd5213	srai	x4,x26,0xb	 x26:0x00000000  x4=0x00000000
      108055000	     10706	800068f2	80c27513	andi	x10,x4,-2036	  x4:0x00000000 x10=0x00000000
      108065000	     10707	800068f6	0153ec33	or	x24,x7,x21	  x7:0x800065b0 x21:0x00000000 x24=0x800065b0
      108075000	     10708	800068fa	34021d73	csrrw	x26,mscratch,x4	  x4:0x00000000 x26=0x800065b7
      108085000	     10709	800068fe	0196d213	srli	x4,x13,0x19	 x13:0x00000000  x4=0x00000000
      108095000	     10710	80006902	00247fb3	and	x31,x8,x2	  x8:0x80000000  x2:0x800065b7 x31=0x80000000
      108105000	     10711	80006906	0bee	c.slli	x23,0x1b	 x23:0x800065b7 x23=0xb8000000
      108115000	     10712	80006908	0012cc63	blt	x5,x1,80006920	  x5:0x800065b1  x1:0x01515200
      108495000	     10750	80006920	03dc7333	remu	x6,x24,x29	 x24:0x800065b0 x29:0x3ddf9000  x6=0x044145b0
      108505000	     10751	80006924	8762	c.mv	x14,x24	  x0:0x00000000 x24:0x800065b0 x14=0x800065b0
      108515000	     10752	80006926	0eda	c.slli	x29,0x16	 x29:0x3ddf9000 x29=0x00000000
      108525000	     10753	80006928	01f65693	srli	x13,x12,0x1f	 x12:0x80023ce4 x13=0x00000001
      108535000	     10754	8000692c	0ff0000f	fence	iorw,iorw	
      108545000	     10755	80006930	0ff0000f	fence	iorw,iorw	
      108555000	     10756	80006934	40f1da13	srai	x20,x3,0xf	  x3:0x00000000 x20=0x00000000
      108565000	     10757	80006938	c481	c.beqz	x9,80006940	  x9:0x00000000
      108585000	     10759	80006940	4135d793	srai	x15,x11,0x13	 x11:0x2000a8a9 x15=0x00000400
      108595000	     10760	80006944	00ad78b3	and	x17,x26,x10	 x26:0x800065b7 x10:0x00000000 x17=0x00000000
      108605000	     10761	80006948	009102b3	add	x5,x2,x9	  x2:0x800065b7  x9:0x00000000  x5=0x800065b7
      108615000	     10762	8000694c	c58d	c.beqz	x11,80006976	 x11:0x2000a8a9
      108985000	     10799	8000694e	03ce65b3	rem	x11,x28,x28	 x28:0x8001fdb4 x28:0x8001fdb4 x11=0x00000000
      108995000	     10800	80006952	0ff0000f	fence	iorw,iorw	
      109005000	     10801	80006956	00039763	bne	x7,x0,80006964	  x7:0x800065b0  x0:0x00000000
      109035000	     10804	80006964	036f7533	remu	x10,x30,x22	 x30:0x00000000 x22:0x00000000 x10=0x00000000
      109045000	     10805	80006968	6109	c.addi16sp	x2,128	  x2:0x800065b7  x2=0x80006637
      109415000	     10842	8000696a	03a871b3	remu	x3,x16,x26	 x16:0x00000001 x26:0x800065b7  x3=0x00000001
      109425000	     10843	8000696e	41f3dc33	sra	x24,x7,x31	  x7:0x800065b0 x31:0x80000000 x24=0x800065b0
      109445000	     10845	80006972	03665933	divu	x18,x12,x22	 x12:0x80023ce4 x22:0x00000000 x18=0xffffffff
      109455000	     10846	80006976	34076c73	csrrsi	x24,mscratch,14	 x24=0x00000000
      109465000	     10847	8000697a	1ee36313	ori	x6,x6,494	  x6:0x044145b0  x6=0x044145fe
      109475000	     10848	8000697e	4133deb3	sra	x29,x7,x19	  x7:0x800065b0 x19:0x00000000 x29=0x800065b0
      109485000	     10849	80006982	01006db3	or	x27,x0,x16	  x0:0x00000000 x16:0x00000001 x27=0x00000001
      109495000	     10850	80006986	0001	c.addi	x0,0	  x0:0x00000000  x0=0x00000000
      109505000	     10851	80006988	87762913	slti	x18,x12,-1929	 x12:0x80023ce4 x18=0x00000001
      109515000	     10852	8000698c	34049af3	csrrw	x21,mscratch,x9	  x9:0x00000000 x21=0x0000000e
      109525000	     10853	80006990	34007d73	csrrci	x26,mscratch,0	 x26=0x00000000
      109535000	     10854	80006994	13b5e213	ori	x4,x11,315	 x11:0x00000000  x4=0x0000013b
      109555000	     10856	80006998	02ab7833	remu	x16,x22,x10	 x22:0x00000000 x10:0x00000000 x16=0x00000000
      109565000	     10857	8000699c	01f75463	bge	x14,x31,800069a4	 x14:0x800065b0 x31:0x80000000
      109585000	     10859	800069a4	0f86	c.slli	x31,0x1	 x31:0x80000000 x31=0x00000000
      109605000	     10861	800069a6	03abd5b3	divu	x11,x23,x26	 x23:0xb8000000 x26:0x00000000 x11=0xffffffff
      109615000	     10862	800069aa	84ce	c.mv	x9,x19	  x0:0x00000000 x19:0x00000000  x9=0x00000000
      109625000	     10863	800069ac	40fc0c33	sub	x24,x24,x15	 x24:0x00000000 x15:0x00000400 x24=0xfffffc00
      109635000	     10864	800069b0	648ec8b7	lui	x17,0x648ec	 x17=0x648ec000
      109645000	     10865	800069b4	9f9da337	lui	x6,0x9f9da	  x6=0x9f9da000
      109655000	     10866	800069b8	121c	c.addi4spn	x15,x2,288	 x15=0x80006757
      109665000	     10867	800069ba	0001	c.addi	x0,0	  x0:0x00000000  x0=0x00000000
      109675000	     10868	800069bc	117d	c.addi	x2,-1	  x2:0x80006637  x2=0x80006636
      109685000	     10869	800069be	629f5f37	lui	x30,0x629f5	 x30=0x629f5000
      109695000	     10870	800069c2	012c70b3	and	x1,x24,x18	 x24:0xfffffc00 x18:0x00000001  x1=0x00000000
      109705000	     10871	800069c6	88f9	c.andi	x9,30	  x9:0x00000000  x9=0x00000000
      109715000	     10872	800069c8	8ef5	c.and	x13,x13	 x13:0x00000001 x13:0x00000001 x13=0x00000001
      109725000	     10873	800069ca	025a9963	bne	x21,x5,800069fc	 x21:0x0000000e  x5:0x800065b7
      109745000	     10875	800069fc	84d6	c.mv	x9,x21	  x0:0x00000000 x21:0x0000000e  x9=0x0000000e
      109755000	     10876	800069fe	5bf32193	slti	x3,x6,1471	  x6:0x9f9da000  x3=0x00000001
      109765000	     10877	80006a02	8719	c.srai	x14,0x6	 x14:0x800065b0 x14=0xfe000196
      109775000	     10878	80006a04	6139	c.addi16sp	x2,448	  x2:0x80006636  x2=0x800067f6
      109785000	     10879	80006a06	3409d873	csrrwi	x16,mscratch,19	 x16=0x00000000
      109825000	     10883	80006a0a	03a1a0b3	mulhsu	x1,x3,x26	  x3:0x00000001 x26:0x00000000  x1=0x00000000
      109855000	     10886	80006a0e	03628fb3	mul	x31,x5,x22	  x5:0x800065b7 x22:0x00000000 x31=0x00000000
      109865000	     10887	80006a12	04788697	auipc	x13,0x4788	 x13=0x8478ea12
      109875000	     10888	80006a16	0127ef33	or	x30,x15,x18	 x15:0x80006757 x18:0x00000001 x30=0x80006757
      109905000	     10891	80006a1a	02c98c33	mul	x24,x19,x12	 x19:0x00000000 x12:0x80023ce4 x24=0x00000000
      109915000	     10892	80006a1e	0001	c.addi	x0,0	  x0:0x00000000  x0=0x00000000
      109925000	     10893	80006a20	012ed263	bge	x29,x18,80006a24	 x29:0x800065b0 x18:0x00000001
      109935000	     10894	80006a24	01bf0e63	beq	x30,x27,80006a40	 x30:0x80006757 x27:0x00000001
      109945000	     10895	80006a28	f24d4813	xori	x16,x26,-220	 x26:0x00000000 x16=0xffffff24
      109955000	     10896	80006a2c	c7be9237	lui	x4,0xc7be9	  x4=0xc7be9000
      110325000	     10933	80006a30	03eb5533	divu	x10,x22,x30	 x22:0x00000000 x30:0x80006757 x10=0x00000000
      110365000	     10937	80006a34	03a3b333	mulhu	x6,x7,x26	  x7:0x800065b0 x26:0x00000000  x6=0x00000000
      110375000	     10938	80006a38	01240f33	add	x30,x8,x18	  x8:0x80000000 x18:0x00000001 x30=0x80000001
      110385000	     10939	80006a3c	00a65d33	srl	x26,x12,x10	 x12:0x80023ce4 x10:0x00000000 x26=0x80023ce4
      110395000	     10940	80006a40	3403b873	csrrc	x16,mscratch,x7	  x7:0x800065b0 x16=0x00000013
      110415000	     10942	80006a44	0342df33	divu	x30,x5,x20	  x5:0x800065b7 x20:0x00000000 x30=0xffffffff
      110425000	     10943	80006a48	f9fff593	andi	x11,x31,-97	 x31:0x00000000 x11=0x00000000
      110435000	     10944	80006a4c	3401aaf3	csrrs	x21,mscratch,x3	  x3:0x00000001 x21=0x00000003
      110475000	     10948	80006a50	020e9a33	mulh	x20,x29,x0	 x29:0x800065b0  x0:0x00000000 x20=0x00000000
      110485000	     10949	80006a54	00669533	sll	x10,x13,x6	 x13:0x8478ea12  x6:0x00000000 x10=0x8478ea12
      110495000	     10950	80006a58	0001	c.addi	x0,0	  x0:0x00000000  x0=0x00000000
      110505000	     10951	80006a5a	00d9bbb3	sltu	x23,x19,x13	 x19:0x00000000 x13:0x8478ea12 x23=0x00000001
      110515000	     10952	80006a5e	01fa57b3	srl	x15,x20,x31	 x20:0x00000000 x31:0x00000000 x15=0x00000000
      110885000	     10989	80006a62	03d258b3	divu	x17,x4,x29	  x4:0xc7be9000 x29:0x800065b0 x17=0x00000001
      110915000	     10992	80006a66	022285b3	mul	x11,x5,x2	  x5:0x800065b7  x2:0x800067f6 x11=0xa94e5eda
      111285000	     11029	80006a6a	02c1d4b3	divu	x9,x3,x12	  x3:0x00000001 x12:0x80023ce4  x9=0x00000000
      111295000	     11030	80006a6e	42aec993	xori	x19,x29,1066	 x29:0x800065b0 x19=0x8000619a
      111305000	     11031	80006a72	8fa1	c.xor	x15,x8	 x15:0x00000000  x8:0x80000000 x15=0x80000000
      111315000	     11032	80006a74	00573a33	sltu	x20,x14,x5	 x14:0xfe000196  x5:0x800065b7 x20=0x00000000
      111325000	     11033	80006a78	010045b3	xor	x11,x0,x16	  x0:0x00000000 x16:0x00000013 x11=0x00000013
      111335000	     11034	80006a7c	8d25	c.xor	x10,x9	 x10:0x8478ea12  x9:0x00000000 x10=0x8478ea12
      111345000	     11035	80006a7e	02fa	c.slli	x5,0x1e	  x5:0x800065b7  x5=0xc0000000
      111355000	     11036	80006a80	41c65333	sra	x6,x12,x28	 x12:0x80023ce4 x28:0x8001fdb4  x6=0xfffff800
      111365000	     11037	80006a84	34007ff3	csrrci	x31,mscratch,0	 x31=0x00000003
      111375000	     11038	80006a88	03401363	bne	x0,x20,80006aae	  x0:0x00000000 x20:0x00000000
      111385000	     11039	80006a8c	10e56d17	auipc	x26,0x10e56	 x26=0x90e5ca8c
      111395000	     11040	80006a90	0f9c	c.addi4spn	x15,x2,976	 x15=0x80006bc6
      111435000	     11044	80006a92	02e8b0b3	mulhu	x1,x17,x14	 x17:0x00000001 x14:0xfe000196  x1=0x00000000
      111445000	     11045	80006a96	691b3313	sltiu	x6,x22,1681	 x22:0x00000000  x6=0x00000001
      111455000	     11046	80006a9a	407b5bb3	sra	x23,x22,x7	 x22:0x00000000  x7:0x800065b0 x23=0x00000000
      111465000	     11047	80006a9e	6a51	c.lui	x20,0x14	 x20=0x00014000
      111475000	     11048	80006aa0	9b7d	c.andi	x14,-1	 x14:0xfe000196 x14=0xfe000196
      111485000	     11049	80006aa2	e1bc2e93	slti	x29,x24,-485	 x24:0x00000000 x29=0x00000000
      111495000	     11050	80006aa6	41c95933	sra	x18,x18,x28	 x18:0x00000001 x28:0x8001fdb4 x18=0x00000000
      111505000	     11051	80006aaa	9e1c0793	addi	x15,x24,-1567	 x24:0x00000000 x15=0xfffff9e1
      111515000	     11052	80006aae	07bcc563	blt	x25,x27,80006b18	 x25:0x70020a6a x27:0x00000001
      111525000	     11053	80006ab2	007e4db3	xor	x27,x28,x7	 x28:0x8001fdb4  x7:0x800065b0 x27=0x00019804
      111895000	     11090	80006ab6	039945b3	div	x11,x18,x25	 x18:0x00000000 x25:0x70020a6a x11=0x00000000
      111905000	     11091	80006aba	8f61	c.and	x14,x8	 x14:0xfe000196  x8:0x80000000 x14=0x80000000
      111915000	     11092	80006abc	014b9233	sll	x4,x23,x20	 x23:0x00000000 x20:0x00014000  x4=0x00000000
      111925000	     11093	80006ac0	004c5cb3	srl	x25,x24,x4	 x24:0x00000000  x4:0x00000000 x25=0x00000000
      111935000	     11094	80006ac4	01d0ea33	or	x20,x1,x29	  x1:0x00000000 x29:0x00000000 x20=0x00000000
      111945000	     11095	80006ac8	05a7d663	bge	x15,x26,80006b14	 x15:0xfffff9e1 x26:0x90e5ca8c
      111965000	     11097	80006b14	01581533	sll	x10,x16,x21	 x16:0x00000013 x21:0x00000003 x10=0x00000098
      111975000	     11098	80006b18	9112	c.add	x2,x4	  x2:0x800067f6  x4:0x00000000  x2=0x800067f6
      111985000	     11099	80006b1a	8ce9	c.and	x9,x10	  x9:0x00000000 x10:0x00000098  x9=0x00000000
      111995000	     11100	80006b1c	027a5b63	bge	x20,x7,80006b52	 x20:0x00000000  x7:0x800065b0
      112015000	     11102	80006b52	89d1	c.andi	x11,20	 x11:0x00000000 x11=0x00000000
      112025000	     11103	80006b54	008e0733	add	x14,x28,x8	 x28:0x8001fdb4  x8:0x80000000 x14=0x0001fdb4
      112035000	     11104	80006b58	34006ef3	csrrsi	x29,mscratch,0	 x29=0x00000003
      112045000	     11105	80006b5c	3400b0f3	csrrc	x1,mscratch,x1	  x1:0x00000000  x1=0x00000003
      112085000	     11109	80006b60	02ab23b3	mulhsu	x7,x22,x10	 x22:0x00000000 x10:0x00000098  x7=0x00000000
      112095000	     11110	80006b64	34069df3	csrrw	x27,mscratch,x13	 x13:0x8478ea12 x27=0x00000003
      112105000	     11111	80006b68	01694c63	blt	x18,x22,80006b80	 x18:0x00000000 x22:0x00000000
      112115000	     11112	80006b6c	c816b013	sltiu	x0,x13,-895	 x13:0x8478ea12  x0=0x00000000
      112125000	     11113	80006b70	df9778b7	lui	x17,0xdf977	 x17=0xdf977000
      112135000	     11114	80006b74	c5d5b693	sltiu	x13,x11,-931	 x11:0x00000000 x13=0x00000001
      112505000	     11151	80006b78	0319cb33	div	x22,x19,x17	 x19:0x8000619a x17:0xdf977000 x22=0x00000003
      112515000	     11152	80006b7c	00c99793	slli	x15,x19,0xc	 x19:0x8000619a x15=0x0619a000
      112525000	     11153	80006b80	21837d37	lui	x26,0x21837	 x26=0x21837000
      112535000	     11154	80006b84	0094ff63	bgeu	x9,x9,80006ba2	  x9:0x00000000  x9:0x00000000
      112555000	     11156	80006ba2	9bfd	c.andi	x15,-1	 x15:0x0619a000 x15=0x0619a000
      112925000	     11193	80006ba4	0222c1b3	div	x3,x5,x2	  x5:0xc0000000  x2:0x800067f6  x3=0x00000000
      112965000	     11197	80006ba8	03c4bdb3	mulhu	x27,x9,x28	  x9:0x00000000 x28:0x8001fdb4 x27=0x00000000
      113005000	     11201	80006bac	027abfb3	mulhu	x31,x21,x7	 x21:0x00000003  x7:0x00000000 x31=0x00000000
      113015000	     11202	80006bb0	dff3f193	andi	x3,x7,-513	  x7:0x00000000  x3=0x00000000
      113025000	     11203	80006bb4	03851763	bne	x10,x24,80006be2	 x10:0x00000098 x24:0x00000000
      113045000	     11205	80006be2	936e	c.add	x6,x27	  x6:0x00000001 x27:0x00000000  x6=0x00000001
      113055000	     11206	80006be4	d0a3ae93	slti	x29,x7,-758	  x7:0x00000000 x29=0x00000000
      113065000	     11207	80006be8	c2a9	c.beqz	x13,80006c2a	 x13:0x00000001
      113075000	     11208	80006bea	5c7d	c.li	x24,-1	 x24=0xffffffff
      113085000	     11209	80006bec	0d26	c.slli	x26,0x9	 x26:0x21837000 x26=0x06e00000
      113095000	     11210	80006bee	0001	c.addi	x0,0	  x0:0x00000000  x0=0x00000000
      113105000	     11211	80006bf0	01d2fc33	and	x24,x5,x29	  x5:0xc0000000 x29:0x00000000 x24=0x00000000
      113115000	     11212	80006bf4	016d08b3	add	x17,x26,x22	 x26:0x06e00000 x22:0x00000003 x17=0x06e00003
      113125000	     11213	80006bf8	eccbeb93	ori	x23,x23,-308	 x23:0x00000000 x23=0xfffffecc
      113135000	     11214	80006bfc	1994d997	auipc	x19,0x1994d	 x19=0x99953bfc
      113145000	     11215	80006c00	8de1	c.and	x11,x8	 x11:0x00000000  x8:0x80000000 x11=0x00000000
      113515000	     11252	80006c02	03046c33	rem	x24,x8,x16	  x8:0x80000000 x16:0x00000013 x24=0xfffffffd
      113525000	     11253	80006c06	00e92133	slt	x2,x18,x14	 x18:0x00000000 x14:0x0001fdb4  x2=0x00000001
      113555000	     11256	80006c0a	03030333	mul	x6,x6,x16	  x6:0x00000001 x16:0x00000013  x6=0x00000013
      113565000	     11257	80006c0e	34056ff3	csrrsi	x31,mscratch,10	 x31=0x8478ea12
      113575000	     11258	80006c12	400405b3	sub	x11,x8,x0	  x8:0x80000000  x0:0x00000000 x11=0x80000000
      113585000	     11259	80006c16	04ed8163	beq	x27,x14,80006c58	 x27:0x00000000 x14:0x0001fdb4
      113595000	     11260	80006c1a	00c75c13	srli	x24,x14,0xc	 x14:0x0001fdb4 x24=0x0000001f
      113605000	     11261	80006c1e	02aa9563	bne	x21,x10,80006c48	 x21:0x00000003 x10:0x00000098
      113625000	     11263	80006c48	838d	c.srli	x15,0x3	 x15:0x0619a000 x15=0x00c33400
      113635000	     11264	80006c4a	8d75	c.and	x10,x13	 x10:0x00000098 x13:0x00000001 x10=0x00000000
      113645000	     11265	80006c4c	03ce4863	blt	x28,x28,80006c7c	 x28:0x8001fdb4 x28:0x8001fdb4
      113655000	     11266	80006c50	04400263	beq	x0,x4,80006c94	  x0:0x00000000  x4:0x00000000
      113675000	     11268	80006c94	93e84293	xori	x5,x16,-1730	 x16:0x00000013  x5=0xfffff92d
      113685000	     11269	80006c98	01ec1463	bne	x24,x30,80006ca0	 x24:0x0000001f x30:0xffffffff
      113705000	     11271	80006ca0	0ff0000f	fence	iorw,iorw	
      113715000	     11272	80006ca4	717d	c.addi16sp	x2,-16	  x2:0x00000001  x2=0xfffffff1
      113725000	     11273	80006ca6	8ec9	c.or	x13,x10	 x13:0x00000001 x10:0x00000000 x13=0x00000001
      113735000	     11274	80006ca8	01fe5b33	srl	x22,x28,x31	 x28:0x8001fdb4 x31:0x8478ea12 x22=0x00002000
      113745000	     11275	80006cac	340966f3	csrrsi	x13,mscratch,18	 x13=0x8478ea1a
      113755000	     11276	80006cb0	2b804313	xori	x6,x0,696	  x0:0x00000000  x6=0x000002b8
      113765000	     11277	80006cb4	005ba533	slt	x10,x23,x5	 x23:0xfffffecc  x5:0xfffff92d x10=0x00000000
      113775000	     11278	80006cb8	005b93b3	sll	x7,x23,x5	 x23:0xfffffecc  x5:0xfffff92d  x7=0xffd98000
      114145000	     11315	80006cbc	03ee6cb3	rem	x25,x28,x30	 x28:0x8001fdb4 x30:0xffffffff x25=0x00000000
      114155000	     11316	80006cc0	8d2d	c.xor	x10,x11	 x10:0x00000000 x11:0x80000000 x10=0x80000000
      114165000	     11317	80006cc2	018f6133	or	x2,x30,x24	 x30:0xffffffff x24:0x0000001f  x2=0xffffffff
      114175000	     11318	80006cc6	1378cc13	xori	x24,x17,311	 x17:0x06e00003 x24=0x06e00134
      114185000	     11319	80006cca	4d484313	xori	x6,x16,1236	 x16:0x00000013  x6=0x000004c7
      114195000	     11320	80006cce	d900bd93	sltiu	x27,x1,-624	  x1:0x00000003 x27=0x00000001
      114205000	     11321	80006cd2	017f7463	bgeu	x30,x23,80006cda	 x30:0xffffffff x23:0xfffffecc
      114235000	     11324	80006cda	b80fc813	xori	x16,x31,-1152	 x31:0x8478ea12 x16=0x7b871192
      114255000	     11326	80006cde	03256933	rem	x18,x10,x18	 x10:0x80000000 x18:0x00000000 x18=0x80000000
      114265000	     11327	80006ce2	05c9d063	bge	x19,x28,80006d22	 x19:0x99953bfc x28:0x8001fdb4
      114295000	     11330	80006d22	01c7d893	srli	x17,x15,0x1c	 x15:0x00c33400 x17=0x00000000
      114305000	     11331	80006d26	13398d93	addi	x27,x19,307	 x19:0x99953bfc x27=0x99953d2f
      114315000	     11332	80006d2a	ed8d	c.bnez	x11,80006d64	 x11:0x80000000
      114335000	     11334	80006d64	02fdc763	blt	x27,x15,80006d92	 x27:0x99953d2f x15:0x00c33400
      114365000	     11337	80006d92	01ef08b3	add	x17,x30,x30	 x30:0xffffffff x30:0xffffffff x17=0xfffffffe
      114375000	     11338	80006d96	8fbd	c.xor	x15,x15	 x15:0x00c33400 x15:0x00c33400 x15=0x00000000
      114385000	     11339	80006d98	0087dab3	srl	x21,x15,x8	 x15:0x00000000  x8:0x80000000 x21=0x00000000
      114395000	     11340	80006d9c	34065073	csrrwi	x0,mscratch,12	  x0=0x00000000
      114405000	     11341	80006da0	d99e4013	xori	x0,x28,-615	 x28:0x8001fdb4  x0=0x00000000
      114415000	     11342	80006da4	340321f3	csrrs	x3,mscratch,x6	  x6:0x000004c7  x3=0x0000000c
      114425000	     11343	80006da8	0000100f	fence.i	
      114445000	     11345	80006dac	8ee5	c.and	x13,x9	 x13:0x8478ea1a  x9:0x00000000 x13=0x00000000
      114455000	     11346	80006dae	da84f813	andi	x16,x9,-600	  x9:0x00000000 x16=0x00000000
      114465000	     11347	80006db2	409101b3	sub	x3,x2,x9	  x2:0xffffffff  x9:0x00000000  x3=0xffffffff
      114475000	     11348	80006db6	856d	c.srai	x10,0x1b	 x10:0x80000000 x10=0xfffffff0
      114515000	     11352	80006db8	02b12cb3	mulhsu	x25,x2,x11	  x2:0xffffffff x11:0x80000000 x25=0xffffffff
      114525000	     11353	80006dbc	00738f33	add	x30,x7,x7	  x7:0xffd98000  x7:0xffd98000 x30=0xffb30000
      114535000	     11354	80006dc0	340135f3	csrrc	x11,mscratch,x2	  x2:0xffffffff x11=0x000004cf
      114545000	     11355	80006dc4	3404ea73	csrrsi	x20,mscratch,9	 x20=0x00000000
      114555000	     11356	80006dc8	e095	c.bnez	x9,80006dec	  x9:0x00000000
      114565000	     11357	80006dca	00560a63	beq	x12,x5,80006dde	 x12:0x80023ce4  x5:0xfffff92d
      114575000	     11358	80006dce	c71d	c.beqz	x14,80006dfc	 x14:0x0001fdb4
      114585000	     11359	80006dd0	003cedb3	or	x27,x25,x3	 x25:0xffffffff  x3:0xffffffff x27=0xffffffff
      114595000	     11360	80006dd4	0ff0000f	fence	iorw,iorw	
      114605000	     11361	80006dd8	8956	c.mv	x18,x21	  x0:0x00000000 x21:0x00000000 x18=0x00000000
      114615000	     11362	80006dda	382ab817	auipc	x16,0x382ab	 x16=0xb82b1dda
      114625000	     11363	80006dde	03f1f463	bgeu	x3,x31,80006e06	  x3:0xffffffff x31:0x8478ea12
      114655000	     11366	80006e06	0ff0000f	fence	iorw,iorw	
      114665000	     11367	80006e0a	0128fe63	bgeu	x17,x18,80006e26	 x17:0xfffffffe x18:0x00000000
      114685000	     11369	80006e26	118c	c.addi4spn	x11,x2,224	 x11=0x000000df
      115055000	     11406	80006e28	037ec7b3	div	x15,x29,x23	 x29:0x00000000 x23:0xfffffecc x15=0x00000000
      115065000	     11407	80006e2c	8dad	c.xor	x11,x11	 x11:0x000000df x11:0x000000df x11=0x00000000
      115075000	     11408	80006e2e	86e9	c.srai	x13,0x1a	 x13:0x00000000 x13=0x00000000
      115115000	     11412	80006e30	03e5b533	mulhu	x10,x11,x30	 x11:0x00000000 x30:0xffb30000 x10=0x00000000
      115125000	     11413	80006e34	9362	c.add	x6,x24	  x6:0x000004c7 x24:0x06e00134  x6=0x06e005fb
      115135000	     11414	80006e36	89b9	c.andi	x11,14	 x11:0x00000000 x11=0x00000000
      115145000	     11415	80006e38	070f6e63	bltu	x30,x16,80006eb4	 x30:0xffb30000 x16:0xb82b1dda
      115155000	     11416	80006e3c	35a93c13	sltiu	x24,x18,858	 x18:0x00000000 x24=0x00000001
      115165000	     11417	80006e40	3409a6f3	csrrs	x13,mscratch,x19	 x19:0x99953bfc x13=0x00000009
      115175000	     11418	80006e44	3408daf3	csrrwi	x21,mscratch,17	 x21=0x99953bfd
      115185000	     11419	80006e48	340adc73	csrrwi	x24,mscratch,21	 x24=0x00000011
      115195000	     11420	80006e4c	0ff0000f	fence	iorw,iorw	
      115205000	     11421	80006e50	01f996b3	sll	x13,x19,x31	 x19:0x99953bfc x31:0x8478ea12 x13=0xeff00000
      115215000	     11422	80006e54	02c001ef	jal	x3,80006e80	  x3=0x80006e58
      115235000	     11424	80006e80	37d5	c.jal	80006e64	  x1=0x80006e82
      115255000	     11426	80006e64	2811	c.jal	80006e78	  x1=0x80006e66
      115275000	     11428	80006e78	bfcd	c.j	80006e6a	
      115295000	     11430	80006e6a	2005	c.jal	80006e8a	  x1=0x80006e6c
      115315000	     11432	80006e8a	a039	c.j	80006e98	
      115335000	     11434	80006e98	bfd9	c.j	80006e6e	
      115355000	     11436	80006e6e	a031	c.j	80006e7a	
      115375000	     11438	80006e7a	2005	c.jal	80006e9a	  x1=0x80006e7c
      115405000	     11441	80006e9a	ff3ff36f	jal	x6,80006e8c	  x6=0x80006e9e
      115425000	     11443	80006e8c	bfd9	c.j	80006e62	
      115445000	     11445	80006e62	a035	c.j	80006e8e	
      115465000	     11447	80006e8e	b7f1	c.j	80006e5a	
      115485000	     11449	80006e5a	200d	c.jal	80006e7c	  x1=0x80006e5c
      115505000	     11451	80006e7c	0140036f	jal	x6,80006e90	  x6=0x80006e80
      115525000	     11453	80006e90	b7c5	c.j	80006e70	
      115545000	     11455	80006e70	02400c6f	jal	x24,80006e94	 x24=0x80006e74
      115565000	     11457	80006e94	3fc5	c.jal	80006e84	  x1=0x80006e96
      115585000	     11459	80006e84	fd5ff0ef	jal	x1,80006e58	  x1=0x80006e88
      115605000	     11461	80006e58	a811	c.j	80006e6c	
      115625000	     11463	80006e6c	3fc5	c.jal	80006e5c	  x1=0x80006e6e
      115645000	     11465	80006e5c	a011	c.j	80006e60	
      115665000	     11467	80006e60	2025	c.jal	80006e88	  x1=0x80006e62
      115685000	     11469	80006e88	3fed	c.jal	80006e82	  x1=0x80006e8a
      115705000	     11471	80006e82	bff1	c.j	80006e5e	
      115725000	     11473	80006e5e	a825	c.j	80006e96	
      115745000	     11475	80006e96	bfc1	c.j	80006e66	
      115775000	     11478	80006e66	02c000ef	jal	x1,80006e92	  x1=0x80006e6a
      115795000	     11480	80006e92	b7cd	c.j	80006e74	
      115815000	     11482	80006e74	02a00bef	jal	x23,80006e9e	 x23=0x80006e78
      115845000	     11485	80006e9e	01ea6db3	or	x27,x20,x30	 x20:0x00000000 x30:0xffb30000 x27=0xffb30000
      115855000	     11486	80006ea2	57fd	c.li	x15,-1	 x15=0xffffffff
      115865000	     11487	80006ea4	c489	c.beqz	x9,80006eae	  x9:0x00000000
      115895000	     11490	80006eae	0084d5b3	srl	x11,x9,x8	  x9:0x00000000  x8:0x80000000 x11=0x00000000
      115905000	     11491	80006eb2	8cbd	c.xor	x9,x15	  x9:0x00000000 x15:0xffffffff  x9=0xffffffff
      115915000	     11492	80006eb4	8715	c.srai	x14,0x5	 x14:0x0001fdb4 x14=0x00000fed
      115945000	     11495	80006eb6	03570133	mul	x2,x14,x21	 x14:0x00000fed x21:0x99953bfd  x2=0xedac5c39
      115955000	     11496	80006eba	011f1663	bne	x30,x17,80006ec6	 x30:0xffb30000 x17:0xfffffffe
      115975000	     11498	80006ec6	cd91	c.beqz	x11,80006ee2	 x11:0x00000000
      116005000	     11501	80006ee2	3ca94a13	xori	x20,x18,970	 x18:0x00000000 x20=0x000003ca
      116015000	     11502	80006ee6	8cb9	c.xor	x9,x14	  x9:0xffffffff x14:0x00000fed  x9=0xfffff012
      116025000	     11503	80006ee8	8d7d	c.and	x10,x15	 x10:0x00000000 x15:0xffffffff x10=0x00000000
      116035000	     11504	80006eea	01849a13	slli	x20,x9,0x18	  x9:0xfffff012 x20=0x12000000
      116045000	     11505	80006eee	01ff5963	bge	x30,x31,80006f00	 x30:0xffb30000 x31:0x8478ea12
      116065000	     11507	80006f00	00a3a7b3	slt	x15,x7,x10	  x7:0xffd98000 x10:0x00000000 x15=0x00000001
      116075000	     11508	80006f04	0001	c.addi	x0,0	  x0:0x00000000  x0=0x00000000
      116085000	     11509	80006f06	b3e34693	xori	x13,x6,-1218	  x6:0x80006e80 x13=0x7fff95be
      116095000	     11510	80006f0a	64f4aa93	slti	x21,x9,1615	  x9:0xfffff012 x21=0x00000001
      116135000	     11514	80006f0e	0253b8b3	mulhu	x17,x7,x5	  x7:0xffd98000  x5:0xfffff92d x17=0xffd9792e
      116145000	     11515	80006f12	7b468213	addi	x4,x13,1972	 x13:0x7fff95be  x4=0x7fff9d72
      116155000	     11516	80006f16	40925013	srai	x0,x4,0x9	  x4:0x7fff9d72  x0=0x00000000
      116195000	     11520	80006f1a	0306a533	mulhsu	x10,x13,x16	 x13:0x7fff95be x16:0xb82b1dda x10=0x5c15427b
      116235000	     11524	80006f1e	020aab33	mulhsu	x22,x21,x0	 x21:0x00000001  x0:0x00000000 x22=0x00000000
      116245000	     11525	80006f22	96be	c.add	x13,x15	 x13:0x7fff95be x15:0x00000001 x13=0x7fff95bf
      116255000	     11526	80006f24	00c29eb3	sll	x29,x5,x12	  x5:0xfffff92d x12:0x80023ce4 x29=0xffff92d0
      116265000	     11527	80006f28	340bbcf3	csrrc	x25,mscratch,x23	 x23:0x80006e78 x25=0x00000015
      116275000	     11528	80006f2c	34006273	csrrsi	x4,mscratch,0	  x4=0x00000005
      116285000	     11529	80006f30	340072f3	csrrci	x5,mscratch,0	  x5=0x00000005
      116295000	     11530	80006f34	6179	c.addi16sp	x2,464	  x2:0xedac5c39  x2=0xedac5e09
      116305000	     11531	80006f36	34006df3	csrrsi	x27,mscratch,0	 x27=0x00000005
      116315000	     11532	80006f3a	1a18	c.addi4spn	x14,x2,304	 x14=0xedac5f39
      116345000	     11535	80006f3c	03bc0f33	mul	x30,x24,x27	 x24:0x80006e74 x27:0x00000005 x30=0x80022844
      116355000	     11536	80006f40	c51d	c.beqz	x10,80006f6e	 x10:0x5c15427b
      116365000	     11537	80006f42	0d2e	c.slli	x26,0xb	 x26:0x06e00000 x26=0x00000000
      116375000	     11538	80006f44	0cd0ff93	andi	x31,x1,205	  x1:0x80006e6a x31=0x00000048
      116385000	     11539	80006f48	8dc5	c.or	x11,x9	 x11:0x00000000  x9:0xfffff012 x11=0xfffff012
      116395000	     11540	80006f4a	c695	c.beqz	x13,80006f76	 x13:0x7fff95bf
      116405000	     11541	80006f4c	000ecab3	xor	x21,x29,x0	 x29:0xffff92d0  x0:0x00000000 x21=0xffff92d0
      116415000	     11542	80006f50	8f4d	c.or	x14,x11	 x14:0xedac5f39 x11:0xfffff012 x14=0xffffff3b
      116425000	     11543	80006f52	00d6a4b3	slt	x9,x13,x13	 x13:0x7fff95bf x13:0x7fff95bf  x9=0x00000000
      116435000	     11544	80006f56	009868b3	or	x17,x16,x9	 x16:0xb82b1dda  x9:0x00000000 x17=0xb82b1dda
      116445000	     11545	80006f5a	340099f3	csrrw	x19,mscratch,x1	  x1:0x80006e6a x19=0x00000005
      116455000	     11546	80006f5e	34083173	csrrc	x2,mscratch,x16	 x16:0xb82b1dda  x2=0x80006e6a
      116825000	     11583	80006f62	0341eeb3	rem	x29,x3,x20	  x3:0x80006e58 x20:0x12000000 x29=0xfe006e58
      116835000	     11584	80006f66	434d	c.li	x6,19	  x6=0x00000013
      117205000	     11621	80006f68	0286f3b3	remu	x7,x13,x8	 x13:0x7fff95bf  x8:0x80000000  x7=0x7fff95bf
      117215000	     11622	80006f6c	997d	c.andi	x10,-1	 x10:0x5c15427b x10=0x5c15427b
      117225000	     11623	80006f6e	00bd0833	add	x16,x26,x11	 x26:0x00000000 x11:0xfffff012 x16=0xfffff012
      117265000	     11627	80006f72	030197b3	mulh	x15,x3,x16	  x3:0x80006e58 x16:0xfffff012 x15=0x000007f6
      117275000	     11628	80006f76	1b18	c.addi4spn	x14,x2,432	 x14=0x8000701a
      117285000	     11629	80006f78	83a5	c.srli	x15,0x9	 x15:0x000007f6 x15=0x00000003
      117295000	     11630	80006f7a	41d25233	sra	x4,x4,x29	  x4:0x00000005 x29:0xfe006e58  x4=0x00000000
      117305000	     11631	80006f7e	4b61	c.li	x22,24	 x22=0x00000018
      117315000	     11632	80006f80	00846d63	bltu	x8,x8,80006f9a	  x8:0x80000000  x8:0x80000000
      117325000	     11633	80006f84	86a6	c.mv	x13,x9	  x0:0x00000000  x9:0x00000000 x13=0x00000000
      117335000	     11634	80006f86	00f89c63	bne	x17,x15,80006f9e	 x17:0xb82b1dda x15:0x00000003
      117355000	     11636	80006f9e	8135	c.srli	x10,0xd	 x10:0x5c15427b x10=0x0002e0aa
      117365000	     11637	80006fa0	340075f3	csrrci	x11,mscratch,0	 x11=0x00006220
      117735000	     11674	80006fa4	027a4bb3	div	x23,x20,x7	 x20:0x12000000  x7:0x7fff95bf x23=0x00000000
      117745000	     11675	80006fa8	03414163	blt	x2,x20,80006fca	  x2:0x80006e6a x20:0x12000000
      117775000	     11678	80006fca	cc884697	auipc	x13,0xcc884	 x13=0x4c88afca
      117785000	     11679	80006fce	09367d93	andi	x27,x12,147	 x12:0x80023ce4 x27=0x00000080
      117795000	     11680	80006fd2	340ae7f3	csrrsi	x15,mscratch,21	 x15=0x00006220
      117805000	     11681	80006fd6	018fb5b3	sltu	x11,x31,x24	 x31:0x00000048 x24:0x80006e74 x11=0x00000001
      117815000	     11682	80006fda	017d8f93	addi	x31,x27,23	 x27:0x00000080 x31=0x00000097
      117825000	     11683	80006fde	8386	c.mv	x7,x1	  x0:0x00000000  x1:0x80006e6a  x7=0x80006e6a
      117835000	     11684	80006fe0	00a36f33	or	x30,x6,x10	  x6:0x00000013 x10:0x0002e0aa x30=0x0002e0bb
      117845000	     11685	80006fe4	4035df13	srai	x30,x11,0x3	 x11:0x00000001 x30=0x00000000
      117855000	     11686	80006fe8	002c2f33	slt	x30,x24,x2	 x24:0x80006e74  x2:0x80006e6a x30=0x00000000
      117865000	     11687	80006fec	5806d837	lui	x16,0x5806d	 x16=0x5806d000
      117875000	     11688	80006ff0	41f9	c.li	x3,30	  x3=0x0000001e
      118245000	     11725	80006ff2	03dd70b3	remu	x1,x26,x29	 x26:0x00000000 x29:0xfe006e58  x1=0x00000000
      118255000	     11726	80006ff6	0278d163	bge	x17,x7,80007018	 x17:0xb82b1dda  x7:0x80006e6a
      118275000	     11728	80007018	006448b3	xor	x17,x8,x6	  x8:0x80000000  x6:0x00000013 x17=0x80000013
      118285000	     11729	8000701c	5c7d	c.li	x24,-1	 x24=0xffffffff
      118295000	     11730	8000701e	01c9ca33	xor	x20,x19,x28	 x19:0x00000005 x28:0x8001fdb4 x20=0x8001fdb1
      118305000	     11731	80007022	0125a833	slt	x16,x11,x18	 x11:0x00000001 x18:0x00000000 x16=0x00000000
      118315000	     11732	80007026	5f7d	c.li	x30,-1	 x30=0xffffffff
      118685000	     11769	80007028	038bef33	rem	x30,x23,x24	 x23:0x00000000 x24:0xffffffff x30=0x00000000
      118695000	     11770	8000702c	41215493	srai	x9,x2,0x12	  x2:0x80006e6a  x9=0xffffe000
      118705000	     11771	80007030	340037f3	csrrc	x15,mscratch,x0	  x0:0x00000000 x15=0x00006235
      118735000	     11774	80007034	03da86b3	mul	x13,x21,x29	 x21:0xffff92d0 x29:0xfe006e58 x13=0x30efd780
      118745000	     11775	80007038	09b2	c.slli	x19,0xc	 x19:0x00000005 x19=0x00005000
      118765000	     11777	8000703a	03a458b3	divu	x17,x8,x26	  x8:0x80000000 x26:0x00000000 x17=0xffffffff
      118775000	     11778	8000703e	02480d63	beq	x16,x4,80007078	 x16:0x00000000  x4:0x00000000
      118795000	     11780	80007078	00a491b3	sll	x3,x9,x10	  x9:0xffffe000 x10:0x0002e0aa  x3=0xff800000
      118805000	     11781	8000707c	019ba7b3	slt	x15,x23,x25	 x23:0x00000000 x25:0x00000015 x15=0x00000001
      118815000	     11782	80007080	0091e033	or	x0,x3,x9	  x3:0xff800000  x9:0xffffe000  x0=0x00000000
      118825000	     11783	80007084	340212f3	csrrw	x5,mscratch,x4	  x4:0x00000000  x5=0x00006235
      118835000	     11784	80007088	8cad	c.xor	x9,x11	  x9:0xffffe000 x11:0x00000001  x9=0xffffe001
      118845000	     11785	8000708a	0013acb3	slt	x25,x7,x1	  x7:0x80006e6a  x1:0x00000000 x25=0x00000001
      118865000	     11787	8000708e	024958b3	divu	x17,x18,x4	 x18:0x00000000  x4:0x00000000 x17=0xffffffff
      118875000	     11788	80007092	a6073c93	sltiu	x25,x14,-1440	 x14:0x8000701a x25=0x00000001
      118885000	     11789	80007096	001550b3	srl	x1,x10,x1	 x10:0x0002e0aa  x1:0x00000000  x1=0x0002e0aa
      118895000	     11790	8000709a	ca95	c.beqz	x13,800070ce	 x13:0x30efd780
      118925000	     11793	8000709c	03dc82b3	mul	x5,x25,x29	 x25:0x00000001 x29:0xfe006e58  x5=0xfe006e58
      118935000	     11794	800070a0	340078f3	csrrci	x17,mscratch,0	 x17=0x00000000
      118945000	     11795	800070a4	4f75	c.li	x30,29	 x30=0x0000001d
      118955000	     11796	800070a6	0039a7b3	slt	x15,x19,x3	 x19:0x00005000  x3:0xff800000 x15=0x00000000
      118965000	     11797	800070aa	6141	c.addi16sp	x2,16	  x2:0x80006e6a  x2=0x80006e7a
      118985000	     11799	800070ac	02fdc033	div	x0,x27,x15	 x27:0x00000080 x15:0x00000000  x0=0x00000000
      118995000	     11800	800070b0	0ff0000f	fence	iorw,iorw	
      119005000	     11801	800070b4	6fad	c.lui	x31,0xb	 x31=0x0000b000
      119015000	     11802	800070b6	87f9	c.srai	x15,0x1e	 x15:0x00000000 x15=0x00000000
      119025000	     11803	800070b8	03e5ca63	blt	x11,x30,800070ec	 x11:0x00000001 x30:0x0000001d
      119045000	     11805	800070ec	e6520793	addi	x15,x4,-411	  x4:0x00000000 x15=0xfffffe65
      119055000	     11806	800070f0	34002cf3	csrrs	x25,mscratch,x0	  x0:0x00000000 x25=0x00000000
      119065000	     11807	800070f4	8c7e	c.mv	x24,x31	  x0:0x00000000 x31:0x0000b000 x24=0x0000b000
      119075000	     11808	800070f6	34006bf3	csrrsi	x23,mscratch,0	 x23=0x00000000
      119085000	     11809	800070fa	01bef363	bgeu	x29,x27,80007100	 x29:0xfe006e58 x27:0x00000080
      119105000	     11811	80007100	0092b2b3	sltu	x5,x5,x9	  x5:0xfe006e58  x9:0xffffe001  x5=0x00000001
      119115000	     11812	80007104	b276c193	xori	x3,x13,-1241	 x13:0x30efd780  x3=0xcf102ca7
      119125000	     11813	80007108	3401d3f3	csrrwi	x7,mscratch,3	  x7=0x00000000
      119135000	     11814	8000710c	012850b3	srl	x1,x16,x18	 x16:0x00000000 x18:0x00000000  x1=0x00000000
      119145000	     11815	80007110	06fa	c.slli	x13,0x1e	 x13:0x30efd780 x13=0x00000000
      119155000	     11816	80007112	00817b63	bgeu	x2,x8,80007128	  x2:0x80006e7a  x8:0x80000000
      119175000	     11818	80007128	8de5	c.and	x11,x9	 x11:0x00000001  x9:0xffffe001 x11=0x00000001
      119185000	     11819	8000712a	01356863	bltu	x10,x19,8000713a	 x10:0x0002e0aa x19:0x00005000
      119195000	     11820	8000712e	00326263	bltu	x4,x3,80007132	  x4:0x00000000  x3:0xcf102ca7
      119225000	     11823	80007132	01055ab3	srl	x21,x10,x16	 x10:0x0002e0aa x16:0x00000000 x21=0x0002e0aa
      119245000	     11825	80007136	030658b3	divu	x17,x12,x16	 x12:0x80023ce4 x16:0x00000000 x17=0xffffffff
      119255000	     11826	8000713a	8f61	c.and	x14,x8	 x14:0x8000701a  x8:0x80000000 x14=0x80000000
      119265000	     11827	8000713c	0ff0000f	fence	iorw,iorw	
      119285000	     11829	80007140	03aec4b3	div	x9,x29,x26	 x29:0xfe006e58 x26:0x00000000  x9=0xffffffff
      119295000	     11830	80007144	82daba13	sltiu	x20,x21,-2003	 x21:0x0002e0aa x20=0x00000001
      119305000	     11831	80007148	34003cf3	csrrc	x25,mscratch,x0	  x0:0x00000000 x25=0x00000003
      119315000	     11832	8000714c	86957993	andi	x19,x10,-1943	 x10:0x0002e0aa x19=0x0002e028
      119325000	     11833	80007150	0037ff63	bgeu	x15,x3,8000716e	 x15:0xfffffe65  x3:0xcf102ca7
      119345000	     11835	8000716e	1bfd	c.addi	x23,-1	 x23:0x00000000 x23=0xffffffff
      119355000	     11836	80007170	41570ab3	sub	x21,x14,x21	 x14:0x80000000 x21:0x0002e0aa x21=0x7ffd1f56
      119365000	     11837	80007174	6379	c.lui	x6,0x1e	  x6=0x0001e000
      119375000	     11838	80007176	03f66863	bltu	x12,x31,800071a6	 x12:0x80023ce4 x31:0x0000b000
      119745000	     11875	8000717a	022ac733	div	x14,x21,x2	 x21:0x7ffd1f56  x2:0x80006e7a x14=0x00000000
      119755000	     11876	8000717e	9a5e	c.add	x20,x23	 x20:0x00000001 x23:0xffffffff x20=0x00000000
      120125000	     11913	80007180	037ceb33	rem	x22,x25,x23	 x25:0x00000003 x23:0xffffffff x22=0x00000000
      120135000	     11914	80007184	9a42	c.add	x20,x16	 x20:0x00000000 x16:0x00000000 x20=0x00000000
      120145000	     11915	80007186	8eb5	c.xor	x13,x13	 x13:0x00000000 x13:0x00000000 x13=0x00000000
      120155000	     11916	80007188	3bea3f13	sltiu	x30,x20,958	 x20:0x00000000 x30=0x00000001
      120165000	     11917	8000718c	01be50b3	srl	x1,x28,x27	 x28:0x8001fdb4 x27:0x00000080  x1=0x8001fdb4
      120175000	     11918	80007190	0e258593	addi	x11,x11,226	 x11:0x00000001 x11=0x000000e3
      120185000	     11919	80007194	0058a333	slt	x6,x17,x5	 x17:0xffffffff  x5:0x00000001  x6=0x00000001
      120195000	     11920	80007198	7a6ae393	ori	x7,x21,1958	 x21:0x7ffd1f56  x7=0x7ffd1ff6
      120205000	     11921	8000719c	41bc0eb3	sub	x29,x24,x27	 x24:0x0000b000 x27:0x00000080 x29=0x0000af80
      120215000	     11922	800071a0	02be	c.slli	x5,0xf	  x5:0x00000001  x5=0x00008000
      120225000	     11923	800071a2	005d4963	blt	x26,x5,800071b4	 x26:0x00000000  x5:0x00008000
      120245000	     11925	800071b4	0c45	c.addi	x24,17	 x24:0x0000b000 x24=0x0000b011
      120255000	     11926	800071b6	0001	c.addi	x0,0	  x0:0x00000000  x0=0x00000000
      120265000	     11927	800071b8	01f9	c.addi	x3,30	  x3:0xcf102ca7  x3=0xcf102cc5
      120275000	     11928	800071ba	340463f3	csrrsi	x7,mscratch,8	  x7=0x00000003
      120645000	     11965	800071be	031c4fb3	div	x31,x24,x17	 x24:0x0000b011 x17:0xffffffff x31=0xffff4fef
      120655000	     11966	800071c2	79ad6913	ori	x18,x26,1946	 x26:0x00000000 x18=0x0000079a
      120665000	     11967	800071c6	00ee1b33	sll	x22,x28,x14	 x28:0x8001fdb4 x14:0x00000000 x22=0x8001fdb4
      120675000	     11968	800071ca	0001	c.addi	x0,0	  x0:0x00000000  x0=0x00000000
      120685000	     11969	800071cc	340032f3	csrrc	x5,mscratch,x0	  x0:0x00000000  x5=0x0000000b
      120695000	     11970	800071d0	4ac1	c.li	x21,16	 x21=0x00000010
      120705000	     11971	800071d2	00569663	bne	x13,x5,800071de	 x13:0x00000000  x5:0x0000000b
      120725000	     11973	800071de	8d41	c.or	x10,x8	 x10:0x0002e0aa  x8:0x80000000 x10=0x8002e0aa
      120765000	     11977	800071e0	02ccb1b3	mulhu	x3,x25,x12	 x25:0x00000003 x12:0x80023ce4  x3=0x00000001
      120775000	     11978	800071e4	010ca6b3	slt	x13,x25,x16	 x25:0x00000003 x16:0x00000000 x13=0x00000000
      120785000	     11979	800071e8	85c9	c.srai	x11,0x12	 x11:0x000000e3 x11=0x00000000
      120795000	     11980	800071ea	340e1273	csrrw	x4,mscratch,x28	 x28:0x8001fdb4  x4=0x0000000b
      120805000	     11981	800071ee	0001	c.addi	x0,0	  x0:0x00000000  x0=0x00000000
      120815000	     11982	800071f0	00a8e933	or	x18,x17,x10	 x17:0xffffffff x10:0x8002e0aa x18=0xffffffff
      120845000	     11985	800071f4	031b08b3	mul	x17,x22,x17	 x22:0x8001fdb4 x17:0xffffffff x17=0x7ffe024c
      120885000	     11989	800071f8	02c335b3	mulhu	x11,x6,x12	  x6:0x00000001 x12:0x80023ce4 x11=0x00000000
      120895000	     11990	800071fc	584afa97	auipc	x21,0x584af	 x21=0xd84b61fc
      120905000	     11991	80007200	34027073	csrrci	x0,mscratch,4	  x0=0x00000000
      120915000	     11992	80007204	340b3973	csrrc	x18,mscratch,x22	 x22:0x8001fdb4 x18=0x8001fdb0
      120925000	     11993	80007208	340ddb73	csrrwi	x22,mscratch,27	 x22=0x00000000
      120935000	     11994	8000720c	5b1777b7	lui	x15,0x5b177	 x15=0x5b177000
      120945000	     11995	80007210	012e	c.slli	x2,0xb	  x2:0x80006e7a  x2=0x0373d000
      120955000	     11996	80007212	41630f33	sub	x30,x6,x22	  x6:0x00000001 x22:0x00000000 x30=0x00000001
      120965000	     11997	80007216	6139	c.addi16sp	x2,448	  x2:0x0373d000  x2=0x0373d1c0
      120975000	     11998	80007218	91f2	c.add	x3,x28	  x3:0x00000001 x28:0x8001fdb4  x3=0x8001fdb5
      121015000	     12002	8000721a	02863eb3	mulhu	x29,x12,x8	 x12:0x80023ce4  x8:0x80000000 x29=0x40011e72
      121025000	     12003	8000721e	848e	c.mv	x9,x3	  x0:0x00000000  x3:0x8001fdb5  x9=0x8001fdb5
      121035000	     12004	80007220	eb05	c.bnez	x14,80007250	 x14:0x00000000
      121045000	     12005	80007222	41ef5fb3	sra	x31,x30,x30	 x30:0x00000001 x30:0x00000001 x31=0x00000000
      121055000	     12006	80007226	d5d42697	auipc	x13,0xd5d42	 x13=0x55d49226
      121065000	     12007	8000722a	0000100f	fence.i	
      121095000	     12010	8000722e	7acdf493	andi	x9,x27,1964	 x27:0x00000080  x9=0x00000080
      121105000	     12011	80007232	34061cf3	csrrw	x25,mscratch,x12	 x12:0x80023ce4 x25=0x0000001b
      121115000	     12012	80007236	4741	c.li	x14,16	 x14=0x00000010
      121125000	     12013	80007238	03b8c863	blt	x17,x27,80007268	 x17:0x7ffe024c x27:0x00000080
      121135000	     12014	8000723c	002d7833	and	x16,x26,x2	 x26:0x00000000  x2:0x0373d1c0 x16=0x00000000
      121505000	     12051	80007240	02437133	remu	x2,x6,x4	  x6:0x00000001  x4:0x0000000b  x2=0x00000001
      121515000	     12052	80007244	02635f63	bge	x6,x6,80007282	  x6:0x00000001  x6:0x00000001
      121545000	     12055	80007282	00c8b133	sltu	x2,x17,x12	 x17:0x7ffe024c x12:0x80023ce4  x2=0x00000001
      121555000	     12056	80007286	4960a693	slti	x13,x1,1174	  x1:0x8001fdb4 x13=0x00000001
      121565000	     12057	8000728a	340119f3	csrrw	x19,mscratch,x2	  x2:0x00000001 x19=0x80023ce4
      121575000	     12058	8000728e	7c72af13	slti	x30,x5,1991	  x5:0x0000000b x30=0x00000001
      121615000	     12062	80007292	02e61cb3	mulh	x25,x12,x14	 x12:0x80023ce4 x14:0x00000010 x25=0xfffffff8
      121625000	     12063	80007296	ed15	c.bnez	x10,800072d2	 x10:0x8002e0aa
      121655000	     12066	800072d2	00ad0c33	add	x24,x26,x10	 x26:0x00000000 x10:0x8002e0aa x24=0x8002e0aa
      121665000	     12067	800072d6	4050da93	srai	x21,x1,0x5	  x1:0x8001fdb4 x21=0xfc000fed
      121675000	     12068	800072da	6e89	c.lui	x29,0x2	 x29=0x00002000
      121685000	     12069	800072dc	00f80f63	beq	x16,x15,800072fa	 x16:0x00000000 x15:0x5b177000
      121695000	     12070	800072e0	05f6c263	blt	x13,x31,80007324	 x13:0x00000001 x31:0x00000000
      121725000	     12073	800072e4	02630ab3	mul	x21,x6,x6	  x6:0x00000001  x6:0x00000001 x21=0x00000001
      121735000	     12074	800072e8	9f76	c.add	x30,x29	 x30:0x00000001 x29:0x00002000 x30=0x00002001
      121745000	     12075	800072ea	00855113	srli	x2,x10,0x8	 x10:0x8002e0aa  x2=0x008002e0
      121755000	     12076	800072ee	340656f3	csrrwi	x13,mscratch,12	 x13=0x00000001
      121765000	     12077	800072f2	340021f3	csrrs	x3,mscratch,x0	  x0:0x00000000  x3=0x0000000c
      121805000	     12081	800072f6	02542b33	mulhsu	x22,x8,x5	  x8:0x80000000  x5:0x0000000b x22=0xfffffffa
      121815000	     12082	800072fa	839a	c.mv	x7,x6	  x0:0x00000000  x6:0x00000001  x7=0x00000001
      121825000	     12083	800072fc	008e2333	slt	x6,x28,x8	 x28:0x8001fdb4  x8:0x80000000  x6=0x00000000
      121865000	     12087	80007300	027fb9b3	mulhu	x19,x31,x7	 x31:0x00000000  x7:0x00000001 x19=0x00000000
      121875000	     12088	80007304	00b65593	srli	x11,x12,0xb	 x12:0x80023ce4 x11=0x00100047
      121905000	     12091	80007308	03918ab3	mul	x21,x3,x25	  x3:0x0000000c x25:0xfffffff8 x21=0xffffffa0
      121915000	     12092	8000730c	340a5173	csrrwi	x2,mscratch,20	  x2=0x0000000c
      121925000	     12093	80007310	c50d	c.beqz	x10,8000733a	 x10:0x8002e0aa
      121935000	     12094	80007312	8775	c.srai	x14,0x1d	 x14:0x00000010 x14=0x00000000
      121945000	     12095	80007314	013406b3	add	x13,x8,x19	  x8:0x80000000 x19:0x00000000 x13=0x80000000
      121955000	     12096	80007318	01db44b3	xor	x9,x22,x29	 x22:0xfffffffa x29:0x00002000  x9=0xffffdffa
      121995000	     12100	8000731c	02dbb9b3	mulhu	x19,x23,x13	 x23:0xffffffff x13:0x80000000 x19=0x7fffffff
      122005000	     12101	80007320	03854663	blt	x10,x24,8000734c	 x10:0x8002e0aa x24:0x8002e0aa
      122015000	     12102	80007324	0001	c.addi	x0,0	  x0:0x00000000  x0=0x00000000
      122025000	     12103	80007326	02eb9863	bne	x23,x14,80007356	 x23:0xffffffff x14:0x00000000
      122415000	     12142	80007356	023f7333	remu	x6,x30,x3	 x30:0x00002001  x3:0x0000000c  x6=0x00000009
      122425000	     12143	8000735a	07e5e263	bltu	x11,x30,800073be	 x11:0x00100047 x30:0x00002001
      122435000	     12144	8000735e	8ee9	c.and	x13,x10	 x13:0x80000000 x10:0x8002e0aa x13=0x80000000
      122445000	     12145	80007360	01b35763	bge	x6,x27,8000736e	  x6:0x00000009 x27:0x00000080
      122455000	     12146	80007364	001d0933	add	x18,x26,x1	 x26:0x00000000  x1:0x8001fdb4 x18=0x8001fdb4
      122465000	     12147	80007368	0f35ea13	ori	x20,x11,243	 x11:0x00100047 x20=0x001000f7
      122475000	     12148	8000736c	8ca5	c.xor	x9,x9	  x9:0xffffdffa  x9:0xffffdffa  x9=0x00000000
      122485000	     12149	8000736e	012bc0b3	xor	x1,x23,x18	 x23:0xffffffff x18:0x8001fdb4  x1=0x7ffe024b
      122855000	     12186	80007372	036c6b33	rem	x22,x24,x22	 x24:0x8002e0aa x22:0xfffffffa x22=0xfffffffe
      122865000	     12187	80007376	8d81	c.sub	x11,x8	 x11:0x00100047  x8:0x80000000 x11=0x80100047
      122875000	     12188	80007378	e735	c.bnez	x14,800073e4	 x14:0x00000000
      122885000	     12189	8000737a	016001ef	jal	x3,80007390	  x3=0x8000737e
      122905000	     12191	80007390	ff7ff0ef	jal	x1,80007386	  x1=0x80007394
      122925000	     12193	80007386	a015	c.j	800073aa	
      122945000	     12195	800073aa	37ed	c.jal	80007394	  x1=0x800073ac
      122965000	     12197	80007394	00e0036f	jal	x6,800073a2	  x6=0x80007398
      122985000	     12199	800073a2	3fe5	c.jal	8000739a	  x1=0x800073a4
      123005000	     12201	8000739a	bfd5	c.j	8000738e	
      123025000	     12203	8000738e	bfed	c.j	80007388	
      123045000	     12205	80007388	2821	c.jal	800073a0	  x1=0x8000738a
      123065000	     12207	800073a0	bff9	c.j	8000737e	
      123085000	     12209	8000737e	2031	c.jal	8000738a	  x1=0x80007380
      123105000	     12211	8000738a	200d	c.jal	800073ac	  x1=0x8000738c
      123125000	     12213	800073ac	bfe5	c.j	800073a4	
      123145000	     12215	800073a4	fe9ff0ef	jal	x1,8000738c	  x1=0x800073a8
      123165000	     12217	8000738c	bfe5	c.j	80007384	
      123185000	     12219	80007384	2811	c.jal	80007398	  x1=0x80007386
      123205000	     12221	80007398	a011	c.j	8000739c	
      123225000	     12223	8000739c	fe5ff0ef	jal	x1,80007380	  x1=0x800073a0
      123245000	     12225	80007380	02e000ef	jal	x1,800073ae	  x1=0x80007384
      123265000	     12227	800073ae	bfed	c.j	800073a8	
      123285000	     12229	800073a8	2021	c.jal	800073b0	  x1=0x800073aa
      123335000	     12234	800073b0	03ddb0b3	mulhu	x1,x27,x29	 x27:0x00000080 x29:0x00002000  x1=0x00000000
      123705000	     12271	800073b4	03c26f33	rem	x30,x4,x28	  x4:0x0000000b x28:0x8001fdb4 x30=0x0000000b
      123715000	     12272	800073b8	0001	c.addi	x0,0	  x0:0x00000000  x0=0x00000000
      123725000	     12273	800073ba	3b017113	andi	x2,x2,944	  x2:0x0000000c  x2=0x00000000
      123735000	     12274	800073be	010fe663	bltu	x31,x16,800073ca	 x31:0x00000000 x16:0x00000000
      123745000	     12275	800073c2	0ff0000f	fence	iorw,iorw	
      123755000	     12276	800073c6	01e51913	slli	x18,x10,0x1e	 x10:0x8002e0aa x18=0x80000000
      123765000	     12277	800073ca	340ae0f3	csrrsi	x1,mscratch,21	  x1=0x00000014
      123775000	     12278	800073ce	00a54233	xor	x4,x10,x10	 x10:0x8002e0aa x10:0x8002e0aa  x4=0x00000000
      123785000	     12279	800073d2	008ba4b3	slt	x9,x23,x8	 x23:0xffffffff  x8:0x80000000  x9=0x00000000
      123795000	     12280	800073d6	006a9393	slli	x7,x21,0x6	 x21:0xffffffa0  x7=0xffffe800
      123805000	     12281	800073da	2f06f237	lui	x4,0x2f06f	  x4=0x2f06f000
      123815000	     12282	800073de	56fd	c.li	x13,-1	 x13=0xffffffff
      123825000	     12283	800073e0	c2cce693	ori	x13,x25,-980	 x25:0xfffffff8 x13=0xfffffffc
      123835000	     12284	800073e4	0001	c.addi	x0,0	  x0:0x00000000  x0=0x00000000
      123845000	     12285	800073e6	13fd	c.addi	x7,-1	  x7:0xffffe800  x7=0xffffe7ff
      123855000	     12286	800073e8	8d55	c.or	x10,x13	 x10:0x8002e0aa x13:0xfffffffc x10=0xfffffffe
      123865000	     12287	800073ea	82d1	c.srli	x13,0x14	 x13:0xfffffffc x13=0x00000fff
      123875000	     12288	800073ec	8cbd	c.xor	x9,x15	  x9:0x00000000 x15:0x5b177000  x9=0x5b177000
      123885000	     12289	800073ee	012f9fb3	sll	x31,x31,x18	 x31:0x00000000 x18:0x80000000 x31=0x00000000
      123895000	     12290	800073f2	01357d63	bgeu	x10,x19,8000740c	 x10:0xfffffffe x19:0x7fffffff
      123915000	     12292	8000740c	8da1	c.xor	x11,x8	 x11:0x80100047  x8:0x80000000 x11=0x00100047
      123925000	     12293	8000740e	34029173	csrrw	x2,mscratch,x5	  x5:0x0000000b  x2=0x00000015
      123935000	     12294	80007412	411b0b33	sub	x22,x22,x17	 x22:0xfffffffe x17:0x7ffe024c x22=0x8001fdb2
      123965000	     12297	80007416	03060bb3	mul	x23,x12,x16	 x12:0x80023ce4 x16:0x00000000 x23=0x00000000
      123975000	     12298	8000741a	98fd	c.andi	x9,-1	  x9:0x5b177000  x9=0x5b177000
      123985000	     12299	8000741c	cd89	c.beqz	x11,80007436	 x11:0x00100047
      123995000	     12300	8000741e	6c41	c.lui	x24,0x10	 x24=0x00010000
      124005000	     12301	80007420	2b593913	sltiu	x18,x18,693	 x18:0x80000000 x18=0x00000000
      124015000	     12302	80007424	34003073	csrrc	x0,mscratch,x0	  x0:0x00000000  x0=0x00000000
      124045000	     12305	80007428	03038b33	mul	x22,x7,x16	  x7:0xffffe7ff x16:0x00000000 x22=0x00000000
      124055000	     12306	8000742c	01ede233	or	x4,x27,x30	 x27:0x00000080 x30:0x0000000b  x4=0x0000008b
      124065000	     12307	80007430	00399db3	sll	x27,x19,x3	 x19:0x7fffffff  x3:0x8000737e x27=0xc0000000
      124075000	     12308	80007434	8cf9	c.and	x9,x14	  x9:0x5b177000 x14:0x00000000  x9=0x00000000
      124085000	     12309	80007436	0001	c.addi	x0,0	  x0:0x00000000  x0=0x00000000
      124095000	     12310	80007438	8fd5	c.or	x15,x13	 x15:0x5b177000 x13:0x00000fff x15=0x5b177fff
      124135000	     12314	8000743a	03c7ad33	mulhsu	x26,x15,x28	 x15:0x5b177fff x28:0x8001fdb4 x26=0x2d8c755d
      124145000	     12315	8000743e	8bd6	c.mv	x23,x21	  x0:0x00000000 x21:0xffffffa0 x23=0xffffffa0
      124155000	     12316	80007440	90be	c.add	x1,x15	  x1:0x00000014 x15:0x5b177fff  x1=0x5b178013
      124165000	     12317	80007442	00afabb3	slt	x23,x31,x10	 x31:0x00000000 x10:0xfffffffe x23=0x00000000
      124175000	     12318	80007446	01f25e93	srli	x29,x4,0x1f	  x4:0x0000008b x29=0x00000000
      124185000	     12319	8000744a	3409bcf3	csrrc	x25,mscratch,x19	 x19:0x7fffffff x25=0x0000000b
      124195000	     12320	8000744e	717d	c.addi16sp	x2,-16	  x2:0x00000015  x2=0x00000005
      124205000	     12321	80007450	98fd	c.andi	x9,-1	  x9:0x00000000  x9=0x00000000
      124575000	     12358	80007452	031055b3	divu	x11,x0,x17	  x0:0x00000000 x17:0x7ffe024c x11=0x00000000
      124585000	     12359	80007456	03b1d863	bge	x3,x27,80007486	  x3:0x8000737e x27:0xc0000000
      124595000	     12360	8000745a	805b2b93	slti	x23,x22,-2043	 x22:0x00000000 x23=0x00000000
      124605000	     12361	8000745e	34003073	csrrc	x0,mscratch,x0	  x0:0x00000000  x0=0x00000000
      124615000	     12362	80007462	a0fca393	slti	x7,x25,-1521	 x25:0x0000000b  x7=0x00000000
      124655000	     12366	80007466	03edbeb3	mulhu	x29,x27,x30	 x27:0xc0000000 x30:0x0000000b x29=0x00000008
      124695000	     12370	8000746a	02d411b3	mulh	x3,x8,x13	  x8:0x80000000 x13:0x00000fff  x3=0xfffff800
      124705000	     12371	8000746e	8f85	c.sub	x15,x9	 x15:0x5b177fff  x9:0x00000000 x15=0x5b177fff
      124715000	     12372	80007470	00212133	slt	x2,x2,x2	  x2:0x00000005  x2:0x00000005  x2=0x00000000
      124755000	     12376	80007474	03b23c33	mulhu	x24,x4,x27	  x4:0x0000008b x27:0xc0000000 x24=0x00000068
      124765000	     12377	80007478	6131	c.addi16sp	x2,320	  x2:0x00000000  x2=0x00000140
      124775000	     12378	8000747a	8be2	c.mv	x23,x24	  x0:0x00000000 x24:0x00000068 x23=0x00000068
      124785000	     12379	8000747c	8d29	c.xor	x10,x10	 x10:0xfffffffe x10:0xfffffffe x10=0x00000000
      124795000	     12380	8000747e	6587bd13	sltiu	x26,x15,1624	 x15:0x5b177fff x26=0x00000000
      124805000	     12381	80007482	410d58b3	sra	x17,x26,x16	 x26:0x00000000 x16:0x00000000 x17=0x00000000
      124815000	     12382	80007486	0ff0000f	fence	iorw,iorw	
      124835000	     12384	8000748a	029fc5b3	div	x11,x31,x9	 x31:0x00000000  x9:0x00000000 x11=0xffffffff
      124845000	     12385	8000748e	c5c60c13	addi	x24,x12,-932	 x12:0x80023ce4 x24=0x80023940
      124855000	     12386	80007492	016de863	bltu	x27,x22,800074a2	 x27:0xc0000000 x22:0x00000000
      124865000	     12387	80007496	7eb26a93	ori	x21,x4,2027	  x4:0x0000008b x21=0x000007eb
      124875000	     12388	8000749a	18fd	c.addi	x17,-1	 x17:0x00000000 x17=0xffffffff
      124885000	     12389	8000749c	03867763	bgeu	x12,x24,800074ca	 x12:0x80023ce4 x24:0x80023940
      124915000	     12392	800074ca	26c68513	addi	x10,x13,620	 x13:0x00000fff x10=0x0000126b
      124925000	     12393	800074ce	34042173	csrrs	x2,mscratch,x8	  x8:0x80000000  x2=0x00000000
      124935000	     12394	800074d2	9586	c.add	x11,x1	 x11:0xffffffff  x1:0x5b178013 x11=0x5b178012
      124945000	     12395	800074d4	01a5a733	slt	x14,x11,x26	 x11:0x5b178012 x26:0x00000000 x14=0x00000000
      124955000	     12396	800074d8	9a32	c.add	x20,x12	 x20:0x001000f7 x12:0x80023ce4 x20=0x80123ddb
      124965000	     12397	800074da	019b6c63	bltu	x22,x25,800074f2	 x22:0x00000000 x25:0x0000000b
      124995000	     12400	800074f2	340dbbf3	csrrc	x23,mscratch,x27	 x27:0xc0000000 x23=0x80000000
      125005000	     12401	800074f6	40b78bb3	sub	x23,x15,x11	 x15:0x5b177fff x11:0x5b178012 x23=0xffffffed
      125375000	     12438	800074fa	03817333	remu	x6,x2,x24	  x2:0x00000000 x24:0x80023940  x6=0x00000000
      125385000	     12439	800074fe	653d	c.lui	x10,0xf	 x10=0x0000f000
      125395000	     12440	80007500	537d	c.li	x6,-1	  x6=0xffffffff
      125405000	     12441	80007502	0000100f	fence.i	
      125425000	     12443	80007506	8fa5	c.xor	x15,x9	 x15:0x5b177fff  x9:0x00000000 x15=0x5b177fff
      125455000	     12446	80007508	022604b3	mul	x9,x12,x2	 x12:0x80023ce4  x2:0x00000000  x9=0x00000000
      125465000	     12447	8000750c	3402da73	csrrwi	x20,mscratch,5	 x20=0x00000000
      125475000	     12448	80007510	00ca9593	slli	x11,x21,0xc	 x21:0x000007eb x11=0x007eb000
      125845000	     12485	80007514	02cf4c33	div	x24,x30,x12	 x30:0x0000000b x12:0x80023ce4 x24=0x00000000
      125855000	     12486	80007518	89b1	c.andi	x11,12	 x11:0x007eb000 x11=0x00000000
      125865000	     12487	8000751a	01bd6cb3	or	x25,x26,x27	 x26:0x00000000 x27:0xc0000000 x25=0xc0000000
      125875000	     12488	8000751e	340073f3	csrrci	x7,mscratch,0	  x7=0x00000005
      125885000	     12489	80007522	0191b0b3	sltu	x1,x3,x25	  x3:0xfffff800 x25:0xc0000000  x1=0x00000000
      125895000	     12490	80007526	340a9ff3	csrrw	x31,mscratch,x21	 x21:0x000007eb x31=0x00000005
      125905000	     12491	8000752a	b9833813	sltiu	x16,x6,-1128	  x6:0xffffffff x16=0x00000000
      125915000	     12492	8000752e	8cb5	c.xor	x9,x13	  x9:0x00000000 x13:0x00000fff  x9=0x00000fff
      125925000	     12493	80007530	3406baf3	csrrc	x21,mscratch,x13	 x13:0x00000fff x21=0x000007eb
      125935000	     12494	80007534	340066f3	csrrsi	x13,mscratch,0	 x13=0x00000000
      125945000	     12495	80007538	717d	c.addi16sp	x2,-16	  x2:0x00000000  x2=0xfffffff0
      125955000	     12496	8000753a	8edd	c.or	x13,x15	 x13:0x00000000 x15:0x5b177fff x13=0x5b177fff
      125965000	     12497	8000753c	02ee5663	bge	x28,x14,80007568	 x28:0x8001fdb4 x14:0x00000000
      125975000	     12498	80007540	84d9	c.srai	x9,0x16	  x9:0x00000fff  x9=0x00000000
      125985000	     12499	80007542	8be5	c.andi	x15,25	 x15:0x5b177fff x15=0x00000019
      125995000	     12500	80007544	01fbc5b3	xor	x11,x23,x31	 x23:0xffffffed x31:0x00000005 x11=0xffffffe8
      126005000	     12501	80007548	9cbe	c.add	x25,x15	 x25:0xc0000000 x15:0x00000019 x25=0xc0000019
      126015000	     12502	8000754a	019e43b3	xor	x7,x28,x25	 x28:0x8001fdb4 x25:0xc0000019  x7=0x4001fdad
      126055000	     12506	8000754e	025321b3	mulhsu	x3,x6,x5	  x6:0xffffffff  x5:0x0000000b  x3=0xffffffff
      126065000	     12507	80007552	261f2037	lui	x0,0x261f2	  x0=0x00000000
      126075000	     12508	80007556	0001	c.addi	x0,0	  x0:0x00000000  x0=0x00000000
      126085000	     12509	80007558	4063d133	sra	x2,x7,x6	  x7:0x4001fdad  x6:0xffffffff  x2=0x00000000
      126095000	     12510	8000755c	6d65	c.lui	x26,0x19	 x26=0x00019000
      126105000	     12511	8000755e	12713493	sltiu	x9,x2,295	  x2:0x00000000  x9=0x00000001
      126475000	     12548	80007562	027ac033	div	x0,x21,x7	 x21:0x000007eb  x7:0x4001fdad  x0=0x00000000
      126485000	     12549	80007566	8751	c.srai	x14,0x14	 x14:0x00000000 x14=0x00000000
      126495000	     12550	80007568	340934f3	csrrc	x9,mscratch,x18	 x18:0x00000000  x9=0x00000000
      126505000	     12551	8000756c	340e1573	csrrw	x10,mscratch,x28	 x28:0x8001fdb4 x10=0x00000000
      126515000	     12552	80007570	01715eb3	srl	x29,x2,x23	  x2:0x00000000 x23:0xffffffed x29=0x00000000
      126525000	     12553	80007574	e1e28f93	addi	x31,x5,-482	  x5:0x0000000b x31=0xfffffe29
      126535000	     12554	80007578	31596713	ori	x14,x18,789	 x18:0x00000000 x14=0x00000315
      126545000	     12555	8000757c	6a29	c.lui	x20,0xa	 x20=0x0000a000
      126555000	     12556	8000757e	00c7d513	srli	x10,x15,0xc	 x15:0x00000019 x10=0x00000000
      126565000	     12557	80007582	8162	c.mv	x2,x24	  x0:0x00000000 x24:0x00000000  x2=0x00000000
      126575000	     12558	80007584	c87d6213	ori	x4,x26,-889	 x26:0x00019000  x4=0xfffffc87
      126585000	     12559	80007588	8d59	c.or	x10,x14	 x10:0x00000000 x14:0x00000315 x10=0x00000315
      126595000	     12560	8000758a	6711	c.lui	x14,0x4	 x14=0x00004000
      126605000	     12561	8000758c	0000100f	fence.i	
      126625000	     12563	80007590	8da1	c.xor	x11,x8	 x11:0xffffffe8  x8:0x80000000 x11=0x7fffffe8
      126635000	     12564	80007592	1e9c	c.addi4spn	x15,x2,880	 x15=0x00000370
      126645000	     12565	80007594	dda5be93	sltiu	x29,x11,-550	 x11:0x7fffffe8 x29=0x00000001
      126655000	     12566	80007598	0163d863	bge	x7,x22,800075a8	  x7:0x4001fdad x22:0x00000000
      126675000	     12568	800075a8	03728e63	beq	x5,x23,800075e4	  x5:0x0000000b x23:0xffffffed
      126685000	     12569	800075ac	41325bb3	sra	x23,x4,x19	  x4:0xfffffc87 x19:0x7fffffff x23=0xffffffff
      127055000	     12606	800075b0	02c16db3	rem	x27,x2,x12	  x2:0x00000000 x12:0x80023ce4 x27=0x00000000
      127065000	     12607	800075b4	00659a33	sll	x20,x11,x6	 x11:0x7fffffe8  x6:0xffffffff x20=0x00000000
      127105000	     12611	800075b8	0291a3b3	mulhsu	x7,x3,x9	  x3:0xffffffff  x9:0x00000000  x7=0x00000000
      127115000	     12612	800075bc	020fc063	blt	x31,x0,800075dc	 x31:0xfffffe29  x0:0x00000000
      127165000	     12617	800075dc	039f9b33	mulh	x22,x31,x25	 x31:0xfffffe29 x25:0xc0000019 x22=0x00000075
      127175000	     12618	800075e0	025ce363	bltu	x25,x5,80007606	 x25:0xc0000019  x5:0x0000000b
      127185000	     12619	800075e4	01d08463	beq	x1,x29,800075ec	  x1:0x00000000 x29:0x00000001
      127195000	     12620	800075e8	01a08733	add	x14,x1,x26	  x1:0x00000000 x26:0x00019000 x14=0x00019000
      127205000	     12621	800075ec	021ac363	blt	x21,x1,80007612	 x21:0x000007eb  x1:0x00000000
      127215000	     12622	800075f0	0493c163	blt	x7,x9,80007632	  x7:0x00000000  x9:0x00000000
      127225000	     12623	800075f4	41e0ddb3	sra	x27,x1,x30	  x1:0x00000000 x30:0x0000000b x27=0x00000000
      127235000	     12624	800075f8	ed15	c.bnez	x10,80007634	 x10:0x00000315
      127255000	     12626	80007634	9556	c.add	x10,x21	 x10:0x00000315 x21:0x000007eb x10=0x00000b00
      127265000	     12627	80007636	01efa0b3	slt	x1,x31,x30	 x31:0xfffffe29 x30:0x0000000b  x1=0x00000001
      127275000	     12628	8000763a	54993793	sltiu	x15,x18,1353	 x18:0x00000000 x15=0x00000001
      127285000	     12629	8000763e	006949b3	xor	x19,x18,x6	 x18:0x00000000  x6:0xffffffff x19=0xffffffff
      127295000	     12630	80007642	11fd	c.addi	x3,-1	  x3:0xffffffff  x3=0xfffffffe
      127305000	     12631	80007644	340ab073	csrrc	x0,mscratch,x21	 x21:0x000007eb  x0=0x00000000
      127315000	     12632	80007648	017fc363	blt	x31,x23,8000764e	 x31:0xfffffe29 x23:0xffffffff
      127335000	     12634	8000764e	8fc5	c.or	x15,x9	 x15:0x00000001  x9:0x00000000 x15=0x00000001
      127345000	     12635	80007650	eb19	c.bnez	x14,80007666	 x14:0x00019000
      127375000	     12638	80007666	413fd693	srai	x13,x31,0x13	 x31:0xfffffe29 x13=0xffffffff
      127385000	     12639	8000766a	34075df3	csrrwi	x27,mscratch,14	 x27=0x8001f814
      127395000	     12640	8000766e	403e07b3	sub	x15,x28,x3	 x28:0x8001fdb4  x3:0xfffffffe x15=0x8001fdb6
      127405000	     12641	80007672	012001ef	jal	x3,80007684	  x3=0x80007676
      127425000	     12643	80007684	a025	c.j	800076ac	
      127445000	     12645	800076ac	fedff36f	jal	x6,80007698	  x6=0x800076b0
      127465000	     12647	80007698	fefffbef	jal	x23,80007686	 x23=0x8000769c
      127485000	     12649	80007686	a011	c.j	8000768a	
      127505000	     12651	8000768a	a019	c.j	80007690	
      127525000	     12653	80007690	2829	c.jal	800076aa	  x1=0x80007692
      127545000	     12655	800076aa	b7f9	c.j	80007678	
      127565000	     12657	80007678	0300036f	jal	x6,800076a8	  x6=0x8000767c
      127585000	     12659	800076a8	bffd	c.j	800076a6	
      127605000	     12661	800076a6	b7e5	c.j	8000768e	
      127625000	     12663	8000768e	2019	c.jal	80007694	  x1=0x80007690
      127645000	     12665	80007694	febff0ef	jal	x1,8000767e	  x1=0x80007698
      127675000	     12668	8000767e	01e000ef	jal	x1,8000769c	  x1=0x80007682
      127695000	     12670	8000769c	2019	c.jal	800076a2	  x1=0x8000769e
      127725000	     12673	800076a2	010000ef	jal	x1,800076b2	  x1=0x800076a6
      127745000	     12675	800076b2	b7c5	c.j	80007692	
      127765000	     12677	80007692	37d5	c.jal	80007676	  x1=0x80007694
      127785000	     12679	80007676	a819	c.j	8000768c	
      127805000	     12681	8000768c	a025	c.j	800076b4	
      127825000	     12683	800076b4	b7f5	c.j	800076a0	
      127845000	     12685	800076a0	2801	c.jal	800076b0	  x1=0x800076a2
      127865000	     12687	800076b0	37f1	c.jal	8000767c	  x1=0x800076b2
      127885000	     12689	8000767c	200d	c.jal	8000769e	  x1=0x8000767e
      127905000	     12691	8000769e	37d5	c.jal	80007682	  x1=0x800076a0
      127925000	     12693	80007682	a019	c.j	80007688	
      127945000	     12695	80007688	a03d	c.j	800076b6	
      127975000	     12698	800076b6	1f6eca93	xori	x21,x29,502	 x29:0x00000001 x21=0x000001f7
      128015000	     12702	800076ba	03219233	mulh	x4,x3,x18	  x3:0x80007676 x18:0x00000000  x4=0x00000000
      128025000	     12703	800076be	8ded	c.and	x11,x11	 x11:0x7fffffe8 x11:0x7fffffe8 x11=0x7fffffe8
      128035000	     12704	800076c0	408c5fb3	sra	x31,x24,x8	 x24:0x00000000  x8:0x80000000 x31=0x00000000
      128045000	     12705	800076c4	340112f3	csrrw	x5,mscratch,x2	  x2:0x00000000  x5=0x0000000e
      128055000	     12706	800076c8	597d	c.li	x18,-1	 x18=0xffffffff
      128425000	     12743	800076ca	02a4ed33	rem	x26,x9,x10	  x9:0x00000000 x10:0x00000b00 x26=0x00000000
      128435000	     12744	800076ce	8f8e	c.mv	x31,x3	  x0:0x00000000  x3:0x80007676 x31=0x80007676
      128445000	     12745	800076d0	4da953b7	lui	x7,0x4da95	  x7=0x4da95000
      128455000	     12746	800076d4	158c	c.addi4spn	x11,x2,736	 x11=0x000002e0
      128465000	     12747	800076d6	014d1b13	slli	x22,x26,0x14	 x26:0x00000000 x22=0x00000000
      128475000	     12748	800076da	8ec9	c.or	x13,x10	 x13:0xffffffff x10:0x00000b00 x13=0xffffffff
      128485000	     12749	800076dc	0ff0000f	fence	iorw,iorw	
      128495000	     12750	800076e0	01f3dd63	bge	x7,x31,800076fa	  x7:0x4da95000 x31:0x80007676
      128525000	     12753	800076fa	3409f8f3	csrrci	x17,mscratch,19	 x17=0x00000000
      128565000	     12757	800076fe	039fbb33	mulhu	x22,x31,x25	 x31:0x80007676 x25:0xc0000019 x22=0x600058e5
      128575000	     12758	80007702	d9f60c93	addi	x25,x12,-609	 x12:0x80023ce4 x25=0x80023a83
      128585000	     12759	80007706	0003e033	or	x0,x7,x0	  x7:0x4da95000  x0:0x00000000  x0=0x00000000
      128595000	     12760	8000770a	45a63913	sltiu	x18,x12,1114	 x12:0x80023ce4 x18=0x00000000
      128605000	     12761	8000770e	896a	c.mv	x18,x26	  x0:0x00000000 x26:0x00000000 x18=0x00000000
      128615000	     12762	80007710	027e8463	beq	x29,x7,80007738	 x29:0x00000001  x7:0x4da95000
      128625000	     12763	80007714	019b0863	beq	x22,x25,80007724	 x22:0x600058e5 x25:0x80023a83
      128635000	     12764	80007718	0ff0000f	fence	iorw,iorw	
      128675000	     12768	8000771c	034c1c33	mulh	x24,x24,x20	 x24:0x00000000 x20:0x00000000 x24=0x00000000
      128685000	     12769	80007720	00920733	add	x14,x4,x9	  x4:0x00000000  x9:0x00000000 x14=0x00000000
      128695000	     12770	80007724	0001	c.addi	x0,0	  x0:0x00000000  x0=0x00000000
      128705000	     12771	80007726	03fcf363	bgeu	x25,x31,8000774c	 x25:0x80023a83 x31:0x80007676
      128725000	     12773	8000774c	027ddd63	bge	x27,x7,80007786	 x27:0x8001f814  x7:0x4da95000
      128735000	     12774	80007750	34095173	csrrwi	x2,mscratch,18	  x2=0x00000000
      128775000	     12778	80007754	02192233	mulhsu	x4,x18,x1	 x18:0x00000000  x1:0x800076a0  x4=0x00000000
      128785000	     12779	80007758	5965fa13	andi	x20,x11,1430	 x11:0x000002e0 x20=0x00000080
      128825000	     12783	8000775c	02fcbbb3	mulhu	x23,x25,x15	 x25:0x80023a83 x15:0x8001fdb6 x23=0x40021c20
      128835000	     12784	80007760	00194463	blt	x18,x1,80007768	 x18:0x00000000  x1:0x800076a0
      128845000	     12785	80007764	0ff0000f	fence	iorw,iorw	
      128855000	     12786	80007768	bab90293	addi	x5,x18,-1109	 x18:0x00000000  x5=0xfffffbab
      128865000	     12787	8000776c	011e1a33	sll	x20,x28,x17	 x28:0x8001fdb4 x17:0x00000000 x20=0x8001fdb4
      128875000	     12788	80007770	8c81	c.sub	x9,x8	  x9:0x00000000  x8:0x80000000  x9=0x80000000
      128885000	     12789	80007772	8f19	c.sub	x14,x14	 x14:0x00000000 x14:0x00000000 x14=0x00000000
      128895000	     12790	80007774	aecf3e93	sltiu	x29,x30,-1300	 x30:0x0000000b x29=0x00000001
      128905000	     12791	80007778	83a1	c.srli	x15,0x8	 x15:0x8001fdb6 x15=0x008001fd
      128915000	     12792	8000777a	00226d63	bltu	x4,x2,80007794	  x4:0x00000000  x2:0x00000000
      128925000	     12793	8000777e	da2df913	andi	x18,x27,-606	 x27:0x8001f814 x18=0x8001f800
      128965000	     12797	80007782	03002533	mulhsu	x10,x0,x16	  x0:0x00000000 x16:0x00000000 x10=0x00000000
      128975000	     12798	80007786	000763b3	or	x7,x14,x0	 x14:0x00000000  x0:0x00000000  x7=0x00000000
      128985000	     12799	8000778a	0ae1	c.addi	x21,24	 x21:0x000001f7 x21=0x0000020f
      128995000	     12800	8000778c	157d	c.addi	x10,-1	 x10:0x00000000 x10=0xffffffff
      129005000	     12801	8000778e	d5950e93	addi	x29,x10,-679	 x10:0xffffffff x29=0xfffffd58
      129015000	     12802	80007792	117d	c.addi	x2,-1	  x2:0x00000000  x2=0xffffffff
      129025000	     12803	80007794	4349	c.li	x6,18	  x6=0x00000012
      129035000	     12804	80007796	4107d8b3	sra	x17,x15,x16	 x15:0x008001fd x16:0x00000000 x17=0x008001fd
      129405000	     12841	8000779a	03f04233	div	x4,x0,x31	  x0:0x00000000 x31:0x80007676  x4=0x00000000
      129415000	     12842	8000779e	1dfd	c.addi	x27,-1	 x27:0x8001f814 x27=0x8001f813
      129445000	     12845	800077a0	02440533	mul	x10,x8,x4	  x8:0x80000000  x4:0x00000000 x10=0x00000000
      129455000	     12846	800077a4	8cf1	c.and	x9,x12	  x9:0x80000000 x12:0x80023ce4  x9=0x80000000
      129465000	     12847	800077a6	41538733	sub	x14,x7,x21	  x7:0x00000000 x21:0x0000020f x14=0xfffffdf1
      129475000	     12848	800077aa	003dbdb3	sltu	x27,x27,x3	 x27:0x8001f813  x3:0x80007676 x27=0x00000000
      129485000	     12849	800077ae	c98d	c.beqz	x11,800077e0	 x11:0x000002e0
      129495000	     12850	800077b0	0194f263	bgeu	x9,x25,800077b4	  x9:0x80000000 x25:0x80023a83
      129535000	     12854	800077b4	035e1833	mulh	x16,x28,x21	 x28:0x8001fdb4 x21:0x0000020f x16=0xfffffef8
      129545000	     12855	800077b8	41ffd393	srai	x7,x31,0x1f	 x31:0x80007676  x7=0xffffffff
      129555000	     12856	800077bc	418883b3	sub	x7,x17,x24	 x17:0x008001fd x24:0x00000000  x7=0x008001fd
      129565000	     12857	800077c0	80d7ba93	sltiu	x21,x15,-2035	 x15:0x008001fd x21=0x00000001
      129575000	     12858	800077c4	0ff0000f	fence	iorw,iorw	
      129585000	     12859	800077c8	054a	c.slli	x10,0x12	 x10:0x00000000 x10=0x00000000
      129595000	     12860	800077ca	613d	c.addi16sp	x2,480	  x2:0xffffffff  x2=0x000001df
      129605000	     12861	800077cc	05428263	beq	x5,x20,80007810	  x5:0xfffffbab x20:0x8001fdb4
      129615000	     12862	800077d0	d257af13	slti	x30,x15,-731	 x15:0x008001fd x30=0x00000000
      129625000	     12863	800077d4	4041dc13	srai	x24,x3,0x4	  x3:0x80007676 x24=0xf8000767
      129635000	     12864	800077d8	7f0f54b7	lui	x9,0x7f0f5	  x9=0x7f0f5000
      129645000	     12865	800077dc	db15ca13	xori	x20,x11,-591	 x11:0x000002e0 x20=0xffffff51
      129655000	     12866	800077e0	835d	c.srli	x14,0x17	 x14:0xfffffdf1 x14=0x000001ff
      129665000	     12867	800077e2	cc3c8d17	auipc	x26,0xcc3c8	 x26=0x4c3cf7e2
      129675000	     12868	800077e6	17fd	c.addi	x15,-1	 x15:0x008001fd x15=0x008001fc
      129705000	     12871	800077e8	024b8533	mul	x10,x23,x4	 x23:0x40021c20  x4:0x00000000 x10=0x00000000
      129715000	     12872	800077ec	0000100f	fence.i	
      129735000	     12874	800077f0	4123d293	srai	x5,x7,0x12	  x7:0x008001fd  x5=0x00000020
      129745000	     12875	800077f4	67ad	c.lui	x15,0xb	 x15=0x0000b000
      129755000	     12876	800077f6	34036073	csrrsi	x0,mscratch,6	  x0=0x00000000
      129765000	     12877	800077fa	025e1063	bne	x28,x5,8000781a	 x28:0x8001fdb4  x5:0x00000020
      129785000	     12879	8000781a	8125	c.srli	x10,0x9	 x10:0x00000000 x10=0x00000000
      129805000	     12881	8000781c	02aa4733	div	x14,x20,x10	 x20:0xffffff51 x10:0x00000000 x14=0xffffffff
      129815000	     12882	80007820	8349	c.srli	x14,0x12	 x14:0xffffffff x14=0x00003fff
      129825000	     12883	80007822	000f8033	add	x0,x31,x0	 x31:0x80007676  x0:0x00000000  x0=0x00000000
      129835000	     12884	80007826	0ff0000f	fence	iorw,iorw	
      129845000	     12885	8000782a	66e98513	addi	x10,x19,1646	 x19:0xffffffff x10=0x0000066d
      129855000	     12886	8000782e	717d	c.addi16sp	x2,-16	  x2:0x000001df  x2=0x000001cf
      129865000	     12887	80007830	87d9	c.srai	x15,0x16	 x15:0x0000b000 x15=0x00000000
      129875000	     12888	80007832	8454eeb7	lui	x29,0x8454e	 x29=0x8454e000
      129885000	     12889	80007836	005dbfb3	sltu	x31,x27,x5	 x27:0x00000000  x5:0x00000020 x31=0x00000001
      129895000	     12890	8000783a	4311	c.li	x6,4	  x6=0x00000004
      129905000	     12891	8000783c	0e88	c.addi4spn	x10,x2,848	 x10=0x0000051f
      129915000	     12892	8000783e	00822533	slt	x10,x4,x8	  x4:0x00000000  x8:0x80000000 x10=0x00000000
      129925000	     12893	80007842	024ecc63	blt	x29,x4,8000787a	 x29:0x8454e000  x4:0x00000000
      129985000	     12899	8000787a	03ff9933	mulh	x18,x31,x31	 x31:0x00000001 x31:0x00000001 x18=0x00000000
      129995000	     12900	8000787e	01f15f13	srli	x30,x2,0x1f	  x2:0x000001cf x30=0x00000000
      130005000	     12901	80007882	8f99	c.sub	x15,x14	 x15:0x00000000 x14:0x00003fff x15=0xffffc001
      130015000	     12902	80007884	0a94	c.addi4spn	x13,x2,336	 x13=0x0000031f
      130025000	     12903	80007886	83760913	addi	x18,x12,-1993	 x12:0x80023ce4 x18=0x8002351b
      130035000	     12904	8000788a	61c02113	slti	x2,x0,1564	  x0:0x00000000  x2=0x00000001
      130045000	     12905	8000788e	00374663	blt	x14,x3,8000789a	 x14:0x00003fff  x3:0x80007676
      130055000	     12906	80007892	40c452b3	sra	x5,x8,x12	  x8:0x80000000 x12:0x80023ce4  x5=0xf8000000
      130425000	     12943	80007896	0296e2b3	rem	x5,x13,x9	 x13:0x0000031f  x9:0x7f0f5000  x5=0x0000031f
      130435000	     12944	8000789a	9586	c.add	x11,x1	 x11:0x000002e0  x1:0x800076a0 x11=0x80007980
      130445000	     12945	8000789c	0075dab3	srl	x21,x11,x7	 x11:0x80007980  x7:0x008001fd x21=0x00000004
      130455000	     12946	800078a0	84dd	c.srai	x9,0x17	  x9:0x7f0f5000  x9=0x000000fe
      130465000	     12947	800078a2	01bb93b3	sll	x7,x23,x27	 x23:0x40021c20 x27:0x00000000  x7=0x40021c20
      130835000	     12984	800078a6	02daf8b3	remu	x17,x21,x13	 x21:0x00000004 x13:0x0000031f x17=0x00000004
      130875000	     12988	800078aa	038e2db3	mulhsu	x27,x28,x24	 x28:0x8001fdb4 x24:0xf8000767 x27=0x8401ea12
      130885000	     12989	800078ae	717d	c.addi16sp	x2,-16	  x2:0x00000001  x2=0xfffffff1
      130895000	     12990	800078b0	008001ef	jal	x3,800078b8	  x3=0x800078b4
      130915000	     12992	800078b8	2811	c.jal	800078cc	  x1=0x800078ba
      130935000	     12994	800078cc	ff5ff0ef	jal	x1,800078c0	  x1=0x800078d0
      130955000	     12996	800078c0	008000ef	jal	x1,800078c8	  x1=0x800078c4
      130975000	     12998	800078c8	a031	c.j	800078d4	
      130995000	     13000	800078d4	a021	c.j	800078dc	
      131015000	     13002	800078dc	2021	c.jal	800078e4	  x1=0x800078de
      131035000	     13004	800078e4	fd9ff2ef	jal	x5,800078bc	  x5=0x800078e8
      131055000	     13006	800078bc	a01d	c.j	800078e2	
      131075000	     13008	800078e2	a831	c.j	800078fe	
      131095000	     13010	800078fe	bf5d	c.j	800078b4	
      131115000	     13012	800078b4	a00d	c.j	800078d6	
      131135000	     13014	800078d6	37fd	c.jal	800078c4	  x1=0x800078d8
      131155000	     13016	800078c4	2015	c.jal	800078e8	  x1=0x800078c6
      131175000	     13018	800078e8	bfe5	c.j	800078e0	
      131195000	     13020	800078e0	a029	c.j	800078ea	
      131215000	     13022	800078ea	bfc1	c.j	800078ba	
      131235000	     13024	800078ba	a815	c.j	800078ee	
      131265000	     13027	800078ee	ff1ff36f	jal	x6,800078de	  x6=0x800078f2
      131285000	     13029	800078de	b7c5	c.j	800078be	
      131305000	     13031	800078be	2829	c.jal	800078d8	  x1=0x800078c0
      131325000	     13033	800078d8	014000ef	jal	x1,800078ec	  x1=0x800078dc
      131345000	     13035	800078ec	2801	c.jal	800078fc	  x1=0x800078ee
      131365000	     13037	800078fc	bf6d	c.j	800078b6	
      131385000	     13039	800078b6	a089	c.j	800078f8	
      131405000	     13041	800078f8	fd9ffbef	jal	x23,800078d0	 x23=0x800078fc
      131425000	     13043	800078d0	022002ef	jal	x5,800078f2	  x5=0x800078d4
      131455000	     13046	800078f2	fd5ff0ef	jal	x1,800078c6	  x1=0x800078f6
      131475000	     13048	800078c6	2805	c.jal	800078f6	  x1=0x800078c8
      131495000	     13050	800078f6	3fd1	c.jal	800078ca	  x1=0x800078f8
      131515000	     13052	800078ca	a81d	c.j	80007900	
      131535000	     13054	80007900	340ed373	csrrwi	x6,mscratch,29	  x6=0x00000016
      131545000	     13055	80007904	0293e913	ori	x18,x7,41	  x7:0x40021c20 x18=0x40021c29
      131555000	     13056	80007908	8ef1	c.and	x13,x12	 x13:0x0000031f x12:0x80023ce4 x13=0x00000004
      131565000	     13057	8000790a	083d0263	beq	x26,x3,8000798e	 x26:0x4c3cf7e2  x3:0x800078b4
      131575000	     13058	8000790e	cbf43013	sltiu	x0,x8,-833	  x8:0x80000000  x0=0x00000000
      131585000	     13059	80007912	40c45533	sra	x10,x8,x12	  x8:0x80000000 x12:0x80023ce4 x10=0xf8000000
      131595000	     13060	80007916	340060f3	csrrsi	x1,mscratch,0	  x1=0x0000001d
      131605000	     13061	8000791a	0114	c.addi4spn	x13,x2,128	 x13=0x00000071
      131615000	     13062	8000791c	016001ef	jal	x3,80007932	  x3=0x80007920
      131645000	     13065	80007932	032000ef	jal	x1,80007964	  x1=0x80007936
      131665000	     13067	80007964	bfc5	c.j	80007954	
      131685000	     13069	80007954	bfe1	c.j	8000792c	
      131705000	     13071	8000792c	a005	c.j	8000794c	
      131725000	     13073	8000794c	fe3ffc6f	jal	x24,8000792e	 x24=0x80007950
      131745000	     13075	8000792e	2805	c.jal	8000795e	  x1=0x80007930
      131775000	     13078	8000795e	fcdff1ef	jal	x3,8000792a	  x3=0x80007962
      131795000	     13080	8000792a	2801	c.jal	8000793a	  x1=0x8000792c
      131815000	     13082	8000793a	b7e5	c.j	80007922	
      131845000	     13085	80007922	02400b6f	jal	x22,80007946	 x22=0x80007926
      131875000	     13088	80007946	ff7ff36f	jal	x6,8000793c	  x6=0x8000794a
      131895000	     13090	8000793c	01a0036f	jal	x6,80007956	  x6=0x80007940
      131915000	     13092	80007956	a031	c.j	80007962	
      131935000	     13094	80007962	b7e5	c.j	8000794a	
      131955000	     13096	8000794a	b7dd	c.j	80007930	
      131975000	     13098	80007930	bfdd	c.j	80007926	
      132005000	     13101	80007926	01a0036f	jal	x6,80007940	  x6=0x8000792a
      132025000	     13103	80007940	a821	c.j	80007958	
      132045000	     13105	80007958	004009ef	jal	x19,8000795c	 x19=0x8000795c
      132065000	     13107	8000795c	37d1	c.jal	80007920	  x1=0x8000795e
      132085000	     13109	80007920	2819	c.jal	80007936	  x1=0x80007922
      132115000	     13112	80007936	00c0026f	jal	x4,80007942	  x4=0x8000793a
      132145000	     13115	80007942	00e0036f	jal	x6,80007950	  x6=0x80007946
      132165000	     13117	80007950	0160086f	jal	x16,80007966	 x16=0x80007954
      132195000	     13120	80007966	34075ff3	csrrwi	x31,mscratch,14	 x31=0x0000001d
      132205000	     13121	8000796a	9c9e	c.add	x25,x7	 x25:0x80023a83  x7:0x40021c20 x25=0xc00456a3
      132245000	     13125	8000796c	02713a33	mulhu	x20,x2,x7	  x2:0xfffffff1  x7:0x40021c20 x20=0x40021c1c
      132255000	     13126	80007970	fe1c0d13	addi	x26,x24,-31	 x24:0x80007950 x26=0x80007931
      132265000	     13127	80007974	41458933	sub	x18,x11,x20	 x11:0x80007980 x20:0x40021c1c x18=0x3ffe5d64
      132275000	     13128	80007978	6345	c.lui	x6,0x11	  x6=0x00011000
      132285000	     13129	8000797a	001a3033	sltu	x0,x20,x1	 x20:0x40021c1c  x1:0x80007922  x0=0x00000000
      132295000	     13130	8000797e	340ef773	csrrci	x14,mscratch,29	 x14=0x0000000e
      132305000	     13131	80007982	8ded	c.and	x11,x11	 x11:0x80007980 x11:0x80007980 x11=0x80007980
      132315000	     13132	80007984	34095b73	csrrwi	x22,mscratch,18	 x22=0x00000002
      132325000	     13133	80007988	99fd	c.andi	x11,-1	 x11:0x80007980 x11=0x80007980
      132335000	     13134	8000798a	0062e033	or	x0,x5,x6	  x5:0x800078d4  x6:0x00011000  x0=0x00000000
      132345000	     13135	8000798e	41835933	sra	x18,x6,x24	  x6:0x00011000 x24:0x80007950 x18=0x00000001
      132355000	     13136	80007992	8f9d	c.sub	x15,x15	 x15:0xffffc001 x15:0xffffc001 x15=0x00000000
      132365000	     13137	80007994	00a86d33	or	x26,x16,x10	 x16:0x80007954 x10:0xf8000000 x26=0xf8007954
      132375000	     13138	80007998	02fb6763	bltu	x22,x15,800079c6	 x22:0x00000002 x15:0x00000000
      132385000	     13139	8000799c	02ab6963	bltu	x22,x10,800079ce	 x22:0x00000002 x10:0xf8000000
      132445000	     13145	800079ce	0371b8b3	mulhu	x17,x3,x23	  x3:0x80007962 x23:0x800078fc x17=0x4000792f
      132455000	     13146	800079d2	01581193	slli	x3,x16,0x15	 x16:0x80007954  x3=0x2a800000
      132465000	     13147	800079d6	34006cf3	csrrsi	x25,mscratch,0	 x25=0x00000012
      132475000	     13148	800079da	d34f7f13	andi	x30,x30,-716	 x30:0x00000000 x30=0x00000000
      132485000	     13149	800079de	34036d73	csrrsi	x26,mscratch,6	 x26=0x00000012
      132495000	     13150	800079e2	000d5c33	srl	x24,x26,x0	 x26:0x00000012  x0:0x00000000 x24=0x00000012
      132505000	     13151	800079e6	3dc21917	auipc	x18,0x3dc21	 x18=0xbdc289e6
      132545000	     13155	800079ea	0234b9b3	mulhu	x19,x9,x3	  x9:0x000000fe  x3:0x2a800000 x19=0x0000002a
      132555000	     13156	800079ee	0ec2	c.slli	x29,0x10	 x29:0x8454e000 x29=0xe0000000
      132565000	     13157	800079f0	002c9813	slli	x16,x25,0x2	 x25:0x00000012 x16=0x00000048
      132575000	     13158	800079f4	f165c093	xori	x1,x11,-234	 x11:0x80007980  x1=0x7fff8696
      132585000	     13159	800079f8	8de5	c.and	x11,x9	 x11:0x80007980  x9:0x000000fe x11=0x00000080
      132595000	     13160	800079fa	0001	c.addi	x0,0	  x0:0x00000000  x0=0x00000000
      132635000	     13164	800079fc	0361b033	mulhu	x0,x3,x22	  x3:0x2a800000 x22:0x00000002  x0=0x00000000
      132645000	     13165	80007a00	00a27db3	and	x27,x4,x10	  x4:0x8000793a x10:0xf8000000 x27=0x80000000
      132655000	     13166	80007a04	02bd	c.addi	x5,15	  x5:0x800078d4  x5=0x800078e3
      132665000	     13167	80007a06	1dfd	c.addi	x27,-1	 x27:0x80000000 x27=0x7fffffff
      132675000	     13168	80007a08	89b5	c.andi	x11,13	 x11:0x00000080 x11=0x00000000
      132685000	     13169	80007a0a	d605aab7	lui	x21,0xd605a	 x21=0xd605a000
      132695000	     13170	80007a0e	00b6f833	and	x16,x13,x11	 x13:0x00000071 x11:0x00000000 x16=0x00000000
      132705000	     13171	80007a12	340039f3	csrrc	x19,mscratch,x0	  x0:0x00000000 x19=0x00000016
      132715000	     13172	80007a16	8dd9	c.or	x11,x14	 x11:0x00000000 x14:0x0000000e x11=0x0000000e
      132725000	     13173	80007a18	8b49	c.andi	x14,18	 x14:0x0000000e x14=0x00000002
      132735000	     13174	80007a1a	e395	c.bnez	x15,80007a3e	 x15:0x00000000
      132745000	     13175	80007a1c	eb8d	c.bnez	x15,80007a4e	 x15:0x00000000
      132755000	     13176	80007a1e	80c2	c.mv	x1,x16	  x0:0x00000000 x16:0x00000000  x1=0x00000000
      133125000	     13213	80007a20	03dcc2b3	div	x5,x25,x29	 x25:0x00000012 x29:0xe0000000  x5=0x00000000
      133135000	     13214	80007a24	ea89	c.bnez	x13,80007a36	 x13:0x00000071
      133165000	     13217	80007a36	015f02b3	add	x5,x30,x21	 x30:0x00000000 x21:0xd605a000  x5=0xd605a000
      133205000	     13221	80007a3a	0306b133	mulhu	x2,x13,x16	 x13:0x00000071 x16:0x00000000  x2=0x00000000
      133215000	     13222	80007a3e	0ff0000f	fence	iorw,iorw	
      133225000	     13223	80007a42	01e59913	slli	x18,x11,0x1e	 x11:0x0000000e x18=0x80000000
      133235000	     13224	80007a46	02c54d63	blt	x10,x12,80007a80	 x10:0xf8000000 x12:0x80023ce4
      133245000	     13225	80007a4a	009e2033	slt	x0,x28,x9	 x28:0x8001fdb4  x9:0x000000fe  x0=0x00000000
      133255000	     13226	80007a4e	0488	c.addi4spn	x10,x2,576	 x10=0x00000240
      133625000	     13263	80007a50	038cdc33	divu	x24,x25,x24	 x25:0x00000012 x24:0x00000012 x24=0x00000001
      133995000	     13300	80007a54	03bed233	divu	x4,x29,x27	 x29:0xe0000000 x27:0x7fffffff  x4=0x00000001
      134005000	     13301	80007a58	340f7073	csrrci	x0,mscratch,30	  x0=0x00000000
      134045000	     13305	80007a5c	02142033	mulhsu	x0,x8,x1	  x8:0x80000000  x1:0x00000000  x0=0x00000000
      134055000	     13306	80007a60	8df9	c.and	x11,x14	 x11:0x0000000e x14:0x00000002 x11=0x00000002
      134425000	     13343	80007a62	025e6033	rem	x0,x28,x5	 x28:0x8001fdb4  x5:0xd605a000  x0=0x00000000
      134435000	     13344	80007a66	340061f3	csrrsi	x3,mscratch,0	  x3=0x00000000
      134445000	     13345	80007a6a	f0928913	addi	x18,x5,-247	  x5:0xd605a000 x18=0xd6059f09
      134455000	     13346	80007a6e	81f9	c.srli	x11,0x1e	 x11:0x00000002 x11=0x00000000
      134465000	     13347	80007a70	305ef313	andi	x6,x29,773	 x29:0xe0000000  x6=0x00000000
      134485000	     13349	80007a74	02f469b3	rem	x19,x8,x15	  x8:0x80000000 x15:0x00000000 x19=0x80000000
      134495000	     13350	80007a78	611d	c.addi16sp	x2,416	  x2:0x00000000  x2=0x000001a0
      134505000	     13351	80007a7a	0bbe	c.slli	x23,0xf	 x23:0x800078fc x23=0x3c7e0000
      134515000	     13352	80007a7c	21210c93	addi	x25,x2,530	  x2:0x000001a0 x25=0x000003b2
      134525000	     13353	80007a80	88e5	c.andi	x9,25	  x9:0x000000fe  x9=0x00000018
      134535000	     13354	80007a82	0000100f	fence.i	
      134565000	     13357	80007a86	0000100f	fence.i	
      134585000	     13359	80007a8a	e31d	c.bnez	x14,80007ab0	 x14:0x00000002
      134605000	     13361	80007ab0	0ff0000f	fence	iorw,iorw	
      134615000	     13362	80007ab4	038f6063	bltu	x30,x24,80007ad4	 x30:0x00000000 x24:0x00000001
      134635000	     13364	80007ad4	85ed	c.srai	x11,0x1b	 x11:0x00000000 x11=0x00000000
      134645000	     13365	80007ad6	00baa933	slt	x18,x21,x11	 x21:0xd605a000 x11:0x00000000 x18=0x00000001
      134655000	     13366	80007ada	8f3d	c.xor	x14,x15	 x14:0x00000002 x15:0x00000000 x14=0x00000002
      134665000	     13367	80007adc	34006f73	csrrsi	x30,mscratch,0	 x30=0x00000000
      134675000	     13368	80007ae0	0ff0000f	fence	iorw,iorw	
      134685000	     13369	80007ae4	5f1e3013	sltiu	x0,x28,1521	 x28:0x8001fdb4  x0=0x00000000
      134695000	     13370	80007ae8	340066f3	csrrsi	x13,mscratch,0	 x13=0x00000000
      135065000	     13407	80007aec	028075b3	remu	x11,x0,x8	  x0:0x00000000  x8:0x80000000 x11=0x00000000
      135075000	     13408	80007af0	340065f3	csrrsi	x11,mscratch,0	 x11=0x00000000
      135085000	     13409	80007af4	82b1	c.srli	x13,0xc	 x13:0x00000000 x13=0x00000000
      135115000	     13412	80007af6	02d28fb3	mul	x31,x5,x13	  x5:0xd605a000 x13:0x00000000 x31=0x00000000
      135125000	     13413	80007afa	00874f63	blt	x14,x8,80007b18	 x14:0x00000002  x8:0x80000000
      135135000	     13414	80007afe	4f85	c.li	x31,1	 x31=0x00000001
      135145000	     13415	80007b00	7ed17693	andi	x13,x2,2029	  x2:0x000001a0 x13=0x000001a0
      135155000	     13416	80007b04	41b65fb3	sra	x31,x12,x27	 x12:0x80023ce4 x27:0x7fffffff x31=0xffffffff
      135165000	     13417	80007b08	01334933	xor	x18,x6,x19	  x6:0x00000000 x19:0x80000000 x18=0x80000000
      135175000	     13418	80007b0c	00137ab3	and	x21,x6,x1	  x6:0x00000000  x1:0x00000000 x21=0x00000000
      135205000	     13421	80007b10	038484b3	mul	x9,x9,x24	  x9:0x00000018 x24:0x00000001  x9=0x00000018
      135245000	     13425	80007b14	039a1cb3	mulh	x25,x20,x25	 x20:0x40021c1c x25:0x000003b2 x25=0x000000ec
      135255000	     13426	80007b18	83cd	c.srli	x15,0x13	 x15:0x00000000 x15=0x00000000
      135265000	     13427	80007b1a	0001	c.addi	x0,0	  x0:0x00000000  x0=0x00000000
      135275000	     13428	80007b1c	1f18	c.addi4spn	x14,x2,944	 x14=0x00000550
      135285000	     13429	80007b1e	e199	c.bnez	x11,80007b24	 x11:0x00000000
      135295000	     13430	80007b20	1f2c0a93	addi	x21,x24,498	 x24:0x00000001 x21=0x000001f3
      135305000	     13431	80007b24	80d1	c.srli	x9,0x14	  x9:0x00000018  x9=0x00000000
      135315000	     13432	80007b26	d2791e97	auipc	x29,0xd2791	 x29=0x52798b26
      135325000	     13433	80007b2a	404d5913	srai	x18,x26,0x4	 x26:0x00000012 x18=0x00000001
      135335000	     13434	80007b2e	0440f063	bgeu	x1,x4,80007b6e	  x1:0x00000000  x4:0x00000001
      135705000	     13471	80007b32	02a749b3	div	x19,x14,x10	 x14:0x00000550 x10:0x00000240 x19=0x00000002
      135715000	     13472	80007b36	3409fd73	csrrci	x26,mscratch,19	 x26=0x00000000
      135725000	     13473	80007b3a	013e85b3	add	x11,x29,x19	 x29:0x52798b26 x19:0x00000002 x11=0x52798b28
      135735000	     13474	80007b3e	1394	c.addi4spn	x13,x2,480	 x13=0x00000380
      135745000	     13475	80007b40	48e5	c.li	x17,25	 x17=0x00000019
      135755000	     13476	80007b42	34069b73	csrrw	x22,mscratch,x13	 x13:0x00000380 x22=0x00000000
      135765000	     13477	80007b46	e119	c.bnez	x10,80007b4c	 x10:0x00000240
      135785000	     13479	80007b4c	86e6	c.mv	x13,x25	  x0:0x00000000 x25:0x000000ec x13=0x000000ec
      135795000	     13480	80007b4e	014ca8b3	slt	x17,x25,x20	 x25:0x000000ec x20:0x40021c1c x17=0x00000001
      135805000	     13481	80007b52	8d71	c.and	x10,x12	 x10:0x00000240 x12:0x80023ce4 x10=0x00000040
      135815000	     13482	80007b54	9a2a	c.add	x20,x10	 x20:0x40021c1c x10:0x00000040 x20=0x40021c5c
      135825000	     13483	80007b56	003a1263	bne	x20,x3,80007b5a	 x20:0x40021c5c  x3:0x00000000
      135865000	     13487	80007b5a	03a5ff33	remu	x30,x11,x26	 x11:0x52798b28 x26:0x00000000 x30=0x52798b28
      135875000	     13488	80007b5e	4046d113	srai	x2,x13,0x4	 x13:0x000000ec  x2=0x0000000e
      135915000	     13492	80007b62	0255adb3	mulhsu	x27,x11,x5	 x11:0x52798b28  x5:0xd605a000 x27=0x44f36a3f
      135925000	     13493	80007b66	34003173	csrrc	x2,mscratch,x0	  x0:0x00000000  x2=0x00000380
      135935000	     13494	80007b6a	03da8763	beq	x21,x29,80007b98	 x21:0x000001f3 x29:0x52798b26
      135945000	     13495	80007b6e	612d	c.addi16sp	x2,224	  x2:0x00000380  x2=0x00000460
      135955000	     13496	80007b70	0001	c.addi	x0,0	  x0:0x00000000  x0=0x00000000
      135965000	     13497	80007b72	01669f33	sll	x30,x13,x22	 x13:0x000000ec x22:0x00000000 x30=0x000000ec
      135975000	     13498	80007b76	8f132517	auipc	x10,0x8f132	 x10=0x0f139b76
      135985000	     13499	80007b7a	40525393	srai	x7,x4,0x5	  x4:0x00000001  x7=0x00000000
      135995000	     13500	80007b7e	63042393	slti	x7,x8,1584	  x8:0x80000000  x7=0x00000001
      136005000	     13501	80007b82	8cf5	c.and	x9,x13	  x9:0x00000000 x13:0x000000ec  x9=0x00000000
      136015000	     13502	80007b84	03011963	bne	x2,x16,80007bb6	  x2:0x00000460 x16:0x00000000
      136045000	     13505	80007bb6	014d1f13	slli	x30,x26,0x14	 x26:0x00000000 x30=0x00000000
      136055000	     13506	80007bba	151c	c.addi4spn	x15,x2,672	 x15=0x00000700
      136065000	     13507	80007bbc	34007ef3	csrrci	x29,mscratch,0	 x29=0x00000380
      136105000	     13511	80007bc0	028d2cb3	mulhsu	x25,x26,x8	 x26:0x00000000  x8:0x80000000 x25=0x00000000
      136115000	     13512	80007bc4	0099f4b3	and	x9,x19,x9	 x19:0x00000002  x9:0x00000000  x9=0x00000000
      136155000	     13516	80007bc8	021337b3	mulhu	x15,x6,x1	  x6:0x00000000  x1:0x00000000 x15=0x00000000
      136165000	     13517	80007bcc	832e	c.mv	x6,x11	  x0:0x00000000 x11:0x52798b28  x6=0x52798b28
      136175000	     13518	80007bce	66f1	c.lui	x13,0x1c	 x13=0x0001c000
      136185000	     13519	80007bd0	01f30a33	add	x20,x6,x31	  x6:0x52798b28 x31:0xffffffff x20=0x52798b27
      136555000	     13556	80007bd4	03f8dcb3	divu	x25,x17,x31	 x17:0x00000001 x31:0xffffffff x25=0x00000000
      136565000	     13557	80007bd8	8376	c.mv	x6,x29	  x0:0x00000000 x29:0x00000380  x6=0x00000380
      136575000	     13558	80007bda	01f41193	slli	x3,x8,0x1f	  x8:0x80000000  x3=0x00000000
      136585000	     13559	80007bde	000536b3	sltu	x13,x10,x0	 x10:0x0f139b76  x0:0x00000000 x13=0x00000000
      136595000	     13560	80007be2	85a9	c.srai	x11,0xa	 x11:0x52798b28 x11=0x00149e62
      136605000	     13561	80007be4	85a5	c.srai	x11,0x9	 x11:0x00149e62 x11=0x00000a4f
      136615000	     13562	80007be6	01892233	slt	x4,x18,x24	 x18:0x00000001 x24:0x00000001  x4=0x00000000
      136625000	     13563	80007bea	8da9	c.xor	x11,x10	 x11:0x00000a4f x10:0x0f139b76 x11=0x0f139139
      136635000	     13564	80007bec	0001	c.addi	x0,0	  x0:0x00000000  x0=0x00000000
      136645000	     13565	80007bee	041c0363	beq	x24,x1,80007c34	 x24:0x00000001  x1:0x00000000
      136655000	     13566	80007bf2	6cd9	c.lui	x25,0x16	 x25=0x00016000
      136665000	     13567	80007bf4	34062173	csrrs	x2,mscratch,x12	 x12:0x80023ce4  x2=0x00000380
      136675000	     13568	80007bf8	340031f3	csrrc	x3,mscratch,x0	  x0:0x00000000  x3=0x80023fe4
      136685000	     13569	80007bfc	0ff0000f	fence	iorw,iorw	
      136695000	     13570	80007c00	8cc1	c.or	x9,x8	  x9:0x00000000  x8:0x80000000  x9=0x80000000
      136705000	     13571	80007c02	340020f3	csrrs	x1,mscratch,x0	  x0:0x00000000  x1=0x80023fe4
      136715000	     13572	80007c06	34003ef3	csrrc	x29,mscratch,x0	  x0:0x00000000 x29=0x80023fe4
      136725000	     13573	80007c0a	5b0aa213	slti	x4,x21,1456	 x21:0x000001f3  x4=0x00000001
      136735000	     13574	80007c0e	1af03d13	sltiu	x26,x0,431	  x0:0x00000000 x26=0x00000001
      136775000	     13578	80007c12	02e73533	mulhu	x10,x14,x14	 x14:0x00000550 x14:0x00000550 x10=0x00000000
      136785000	     13579	80007c16	80686f97	auipc	x31,0x80686	 x31=0x0068dc16
      136795000	     13580	80007c1a	babb3f17	auipc	x30,0xbabb3	 x30=0x3abbac1a
      136805000	     13581	80007c1e	7ab18a93	addi	x21,x3,1963	  x3:0x80023fe4 x21=0x8002478f
      136815000	     13582	80007c22	0000100f	fence.i	
      136845000	     13585	80007c26	401a8a33	sub	x20,x21,x1	 x21:0x8002478f  x1:0x80023fe4 x20=0x000007ab
      137215000	     13622	80007c2a	0370ca33	div	x20,x1,x23	  x1:0x80023fe4 x23:0x3c7e0000 x20=0xfffffffe
      137225000	     13623	80007c2e	5ffd	c.li	x31,-1	 x31=0xffffffff
      137235000	     13624	80007c30	340d5c73	csrrwi	x24,mscratch,26	 x24=0x80023fe4
      137245000	     13625	80007c34	8c99	c.sub	x9,x14	  x9:0x80000000 x14:0x00000550  x9=0x7ffffab0
      137615000	     13662	80007c36	031b43b3	div	x7,x22,x17	 x22:0x00000000 x17:0x00000001  x7=0x00000000
      137625000	     13663	80007c3a	9874fc37	lui	x24,0x9874f	 x24=0x9874f000
      137635000	     13664	80007c3e	8589	c.srai	x11,0x2	 x11:0x0f139139 x11=0x03c4e44e
      137645000	     13665	80007c40	8521	c.srai	x10,0x8	 x10:0x00000000 x10=0x00000000
      137685000	     13669	80007c42	039e13b3	mulh	x7,x28,x25	 x28:0x8001fdb4 x25:0x00016000  x7=0xffff5002
      137695000	     13670	80007c46	ad42f393	andi	x7,x5,-1324	  x5:0xd605a000  x7=0xd605a000
      137705000	     13671	80007c4a	0001	c.addi	x0,0	  x0:0x00000000  x0=0x00000000
      137715000	     13672	80007c4c	8d39	c.xor	x10,x14	 x10:0x00000000 x14:0x00000550 x10=0x00000550
      137725000	     13673	80007c4e	6cb5	c.lui	x25,0xd	 x25=0x0000d000
      137735000	     13674	80007c50	93b2	c.add	x7,x12	  x7:0xd605a000 x12:0x80023ce4  x7=0x5607dce4
      137775000	     13678	80007c52	03d1a6b3	mulhsu	x13,x3,x29	  x3:0x80023fe4 x29:0x80023fe4 x13=0xc0000005
      137785000	     13679	80007c56	e2768393	addi	x7,x13,-473	 x13:0xc0000005  x7=0xbffffe2c
      137795000	     13680	80007c5a	0ff0000f	fence	iorw,iorw	
      137805000	     13681	80007c5e	cd1d	c.beqz	x10,80007c9c	 x10:0x00000550
      137815000	     13682	80007c60	4fc5	c.li	x31,17	 x31=0x00000011
      137845000	     13685	80007c62	02f58933	mul	x18,x11,x15	 x11:0x03c4e44e x15:0x00000000 x18=0x00000000
      137855000	     13686	80007c66	bd67d8b7	lui	x17,0xbd67d	 x17=0xbd67d000
      137865000	     13687	80007c6a	340623f3	csrrs	x7,mscratch,x12	 x12:0x80023ce4  x7=0x0000001a
      137875000	     13688	80007c6e	0ff0000f	fence	iorw,iorw	
      137885000	     13689	80007c72	007ff1b3	and	x3,x31,x7	 x31:0x00000011  x7:0x0000001a  x3=0x00000010
      137895000	     13690	80007c76	003b8e63	beq	x23,x3,80007c92	 x23:0x3c7e0000  x3:0x00000010
      137905000	     13691	80007c7a	9c72	c.add	x24,x28	 x24:0x9874f000 x28:0x8001fdb4 x24=0x1876edb4
      137915000	     13692	80007c7c	ef11	c.bnez	x14,80007c98	 x14:0x00000550
      137935000	     13694	80007c98	41178933	sub	x18,x15,x17	 x15:0x00000000 x17:0xbd67d000 x18=0x42983000
      138305000	     13731	80007c9c	0295df33	divu	x30,x11,x9	 x11:0x03c4e44e  x9:0x7ffffab0 x30=0x00000000
      138675000	     13768	80007ca0	03d450b3	divu	x1,x8,x29	  x8:0x80000000 x29:0x80023fe4  x1=0x00000000
      138685000	     13769	80007ca4	0001	c.addi	x0,0	  x0:0x00000000  x0=0x00000000
      138695000	     13770	80007ca6	0196c6b3	xor	x13,x13,x25	 x13:0xc0000005 x25:0x0000d000 x13=0xc000d005
      138705000	     13771	80007caa	0001	c.addi	x0,0	  x0:0x00000000  x0=0x00000000
      139075000	     13808	80007cac	02764db3	div	x27,x12,x7	 x12:0x80023ce4  x7:0x0000001a x27=0xfb13c744
      139085000	     13809	80007cb0	00871b13	slli	x22,x14,0x8	 x14:0x00000550 x22=0x00055000
      139095000	     13810	80007cb4	006689b3	add	x19,x13,x6	 x13:0xc000d005  x6:0x00000380 x19=0xc000d385
      139105000	     13811	80007cb8	a67e4537	lui	x10,0xa67e4	 x10=0xa67e4000
      139145000	     13815	80007cbc	0389a933	mulhsu	x18,x19,x24	 x19:0xc000d385 x24:0x1876edb4 x18=0xf9e258c9
      139155000	     13816	80007cc0	0bf2	c.slli	x23,0x1c	 x23:0x3c7e0000 x23=0x00000000
      139165000	     13817	80007cc2	217e3813	sltiu	x16,x28,535	 x28:0x8001fdb4 x16=0x00000000
      139175000	     13818	80007cc6	85b9	c.srai	x11,0xe	 x11:0x03c4e44e x11=0x00000f13
      139185000	     13819	80007cc8	003fd863	bge	x31,x3,80007cd8	 x31:0x00000011  x3:0x00000010
      139205000	     13821	80007cd8	37be7713	andi	x14,x28,891	 x28:0x8001fdb4 x14=0x00000130
      139215000	     13822	80007cdc	8f85	c.sub	x15,x9	 x15:0x00000000  x9:0x7ffffab0 x15=0x80000550
      139225000	     13823	80007cde	40fed233	sra	x4,x29,x15	 x29:0x80023fe4 x15:0x80000550  x4=0xffff8002
      139235000	     13824	80007ce2	0ff0000f	fence	iorw,iorw	
      139245000	     13825	80007ce6	8f89	c.sub	x15,x10	 x15:0x80000550 x10:0xa67e4000 x15=0xd981c550
      139255000	     13826	80007ce8	012bd093	srli	x1,x23,0x12	 x23:0x00000000  x1=0x00000000
      139265000	     13827	80007cec	403e59b3	sra	x19,x28,x3	 x28:0x8001fdb4  x3:0x00000010 x19=0xffff8001
      139275000	     13828	80007cf0	8e85	c.sub	x13,x9	 x13:0xc000d005  x9:0x7ffffab0 x13=0x4000d555
      139315000	     13832	80007cf2	032c33b3	mulhu	x7,x24,x18	 x24:0x1876edb4 x18:0xf9e258c9  x7=0x17e14eae
      139325000	     13833	80007cf6	bed07693	andi	x13,x0,-1043	  x0:0x00000000 x13=0x00000000
      139335000	     13834	80007cfa	6be1	c.lui	x23,0x18	 x23=0x00018000
      139345000	     13835	80007cfc	9272	c.add	x4,x28	  x4:0xffff8002 x28:0x8001fdb4  x4=0x80017db6
      139355000	     13836	80007cfe	008f19b3	sll	x19,x30,x8	 x30:0x00000000  x8:0x80000000 x19=0x00000000
      139365000	     13837	80007d02	004f9193	slli	x3,x31,0x4	 x31:0x00000011  x3=0x00000110
      139375000	     13838	80007d06	833d	c.srli	x14,0xf	 x14:0x00000130 x14=0x00000000
      139385000	     13839	80007d08	340c5ff3	csrrwi	x31,mscratch,24	 x31=0x80023cfe
      139395000	     13840	80007d0c	02a5f163	bgeu	x11,x10,80007d2e	 x11:0x00000f13 x10:0xa67e4000
      139405000	     13841	80007d10	612d	c.addi16sp	x2,224	  x2:0x00000380  x2=0x00000460
      139415000	     13842	80007d12	8db9	c.xor	x11,x14	 x11:0x00000f13 x14:0x00000000 x11=0x00000f13
      139425000	     13843	80007d14	055d	c.addi	x10,23	 x10:0xa67e4000 x10=0xa67e4017
      139435000	     13844	80007d16	0000100f	fence.i	
      139465000	     13847	80007d1a	016e59b3	srl	x19,x28,x22	 x28:0x8001fdb4 x22:0x00055000 x19=0x8001fdb4
      139475000	     13848	80007d1e	00244c33	xor	x24,x8,x2	  x8:0x80000000  x2:0x00000460 x24=0x80000460
      139485000	     13849	80007d22	0196a133	slt	x2,x13,x25	 x13:0x00000000 x25:0x0000d000  x2=0x00000001
      139495000	     13850	80007d26	8d51	c.or	x10,x12	 x10:0xa67e4017 x12:0x80023ce4 x10=0xa67e7cf7
      139505000	     13851	80007d28	0ffaaa93	slti	x21,x21,255	 x21:0x8002478f x21=0x00000001
      139515000	     13852	80007d2c	8fc1	c.or	x15,x8	 x15:0xd981c550  x8:0x80000000 x15=0xd981c550
      139525000	     13853	80007d2e	003e8833	add	x16,x29,x3	 x29:0x80023fe4  x3:0x00000110 x16=0x800240f4
      139895000	     13890	80007d32	0298f6b3	remu	x13,x17,x9	 x17:0xbd67d000  x9:0x7ffffab0 x13=0x3d67d550
      139905000	     13891	80007d36	8cd5	c.or	x9,x13	  x9:0x7ffffab0 x13:0x3d67d550  x9=0x7ffffff0
      139915000	     13892	80007d38	6315	c.lui	x6,0x5	  x6=0x00005000
      139925000	     13893	80007d3a	340079f3	csrrci	x19,mscratch,0	 x19=0x00000018
      139965000	     13897	80007d3e	02f11733	mulh	x14,x2,x15	  x2:0x00000001 x15:0xd981c550 x14=0xffffffff
      139975000	     13898	80007d42	01b06763	bltu	x0,x27,80007d50	  x0:0x00000000 x27:0xfb13c744
      139995000	     13900	80007d50	0035c3b3	xor	x7,x11,x3	 x11:0x00000f13  x3:0x00000110  x7=0x00000e03
      140005000	     13901	80007d54	8975	c.andi	x10,29	 x10:0xa67e7cf7 x10=0x00000015
      140015000	     13902	80007d56	8155	c.srli	x10,0x15	 x10:0x00000015 x10=0x00000000
      140025000	     13903	80007d58	0001	c.addi	x0,0	  x0:0x00000000  x0=0x00000000
      140035000	     13904	80007d5a	8f51	c.or	x14,x12	 x14:0xffffffff x12:0x80023ce4 x14=0xffffffff
      140045000	     13905	80007d5c	9b113c13	sltiu	x24,x2,-1615	  x2:0x00000001 x24=0x00000001
      140055000	     13906	80007d60	01c5fb63	bgeu	x11,x28,80007d76	 x11:0x00000f13 x28:0x8001fdb4
      140065000	     13907	80007d64	a13bf313	andi	x6,x23,-1517	 x23:0x00018000  x6=0x00018000
      140075000	     13908	80007d68	0ff0000f	fence	iorw,iorw	
      140085000	     13909	80007d6c	4d9bbb13	sltiu	x22,x23,1241	 x23:0x00018000 x22=0x00000000
      140095000	     13910	80007d70	0103cd63	blt	x7,x16,80007d8a	  x7:0x00000e03 x16:0x800240f4
      140105000	     13911	80007d74	1398	c.addi4spn	x14,x2,480	 x14=0x000001e1
      140475000	     13948	80007d76	03c6c033	div	x0,x13,x28	 x13:0x3d67d550 x28:0x8001fdb4  x0=0x00000000
      140485000	     13949	80007d7a	34002ef3	csrrs	x29,mscratch,x0	  x0:0x00000000 x29=0x00000018
      140495000	     13950	80007d7e	34031af3	csrrw	x21,mscratch,x6	  x6:0x00018000 x21=0x00000018
      140505000	     13951	80007d82	e601b793	sltiu	x15,x3,-416	  x3:0x00000110 x15=0x00000001
      140515000	     13952	80007d86	1026f393	andi	x7,x13,258	 x13:0x3d67d550  x7=0x00000100
      140525000	     13953	80007d8a	0001	c.addi	x0,0	  x0:0x00000000  x0=0x00000000
      140895000	     13990	80007d8c	024f5233	divu	x4,x30,x4	 x30:0x00000000  x4:0x80017db6  x4=0x00000000
      140905000	     13991	80007d90	99fd	c.andi	x11,-1	 x11:0x00000f13 x11=0x00000f13
      141275000	     14028	80007d92	03b86ab3	rem	x21,x16,x27	 x16:0x800240f4 x27:0xfb13c744 x21=0xfb13cb50
      141285000	     14029	80007d96	3cb36893	ori	x17,x6,971	  x6:0x00018000 x17=0x000183cb
      141295000	     14030	80007d9a	5df87b17	auipc	x22,0x5df87	 x22=0xddf8ed9a
      141665000	     14067	80007d9e	03cd66b3	rem	x13,x26,x28	 x26:0x00000001 x28:0x8001fdb4 x13=0x00000001
      142035000	     14104	80007da2	028a63b3	rem	x7,x20,x8	 x20:0xfffffffe  x8:0x80000000  x7=0xfffffffe
      142045000	     14105	80007da6	34002af3	csrrs	x21,mscratch,x0	  x0:0x00000000 x21=0x00018000
      142065000	     14107	80007daa	02aa4cb3	div	x25,x20,x10	 x20:0xfffffffe x10:0x00000000 x25=0xffffffff
      142075000	     14108	80007dae	6bad	c.lui	x23,0xb	 x23=0x0000b000
      142085000	     14109	80007db0	7d7ebf13	sltiu	x30,x29,2007	 x29:0x00000018 x30=0x00000001
      142095000	     14110	80007db4	340a2573	csrrs	x10,mscratch,x20	 x20:0xfffffffe x10=0x00018000
      142105000	     14111	80007db8	0000100f	fence.i	
      142125000	     14113	80007dbc	56f2e293	ori	x5,x5,1391	  x5:0xd605a000  x5=0xd605a56f
      142135000	     14114	80007dc0	8fc1	c.or	x15,x8	 x15:0x00000001  x8:0x80000000 x15=0x80000001
      142145000	     14115	80007dc2	34006f73	csrrsi	x30,mscratch,0	 x30=0xfffffffe
      142155000	     14116	80007dc6	3579f313	andi	x6,x19,855	 x19:0x00000018  x6=0x00000010
      142165000	     14117	80007dca	34002373	csrrs	x6,mscratch,x0	  x0:0x00000000  x6=0xfffffffe
      142175000	     14118	80007dce	0ff0000f	fence	iorw,iorw	
      142185000	     14119	80007dd2	34007073	csrrci	x0,mscratch,0	  x0=0x00000000
      142195000	     14120	80007dd6	0ff0000f	fence	iorw,iorw	
      142205000	     14121	80007dda	d62efc97	auipc	x25,0xd62ef	 x25=0x562f6dda
      142215000	     14122	80007dde	8389	c.srli	x15,0x2	 x15:0x80000001 x15=0x20000000
      142225000	     14123	80007de0	34039df3	csrrw	x27,mscratch,x7	  x7:0xfffffffe x27=0xfffffffe
      142235000	     14124	80007de4	8ee5	c.and	x13,x9	 x13:0x00000001  x9:0x7ffffff0 x13=0x00000000
      142245000	     14125	80007de6	8de9	c.and	x11,x10	 x11:0x00000f13 x10:0x00018000 x11=0x00000000
      142615000	     14162	80007de8	033c44b3	div	x9,x24,x19	 x24:0x00000001 x19:0x00000018  x9=0x00000000
      142625000	     14163	80007dec	ad810913	addi	x18,x2,-1320	  x2:0x00000001 x18=0xfffffad9
      142635000	     14164	80007df0	00077963	bgeu	x14,x0,80007e02	 x14:0x000001e1  x0:0x00000000
      142665000	     14167	80007e02	007fb533	sltu	x10,x31,x7	 x31:0x80023cfe  x7:0xfffffffe x10=0x00000001
      142685000	     14169	80007e06	020844b3	div	x9,x16,x0	 x16:0x800240f4  x0:0x00000000  x9=0xffffffff
      142695000	     14170	80007e0a	01605813	srli	x16,x0,0x16	  x0:0x00000000 x16=0x00000000
      142705000	     14171	80007e0e	017ad4b3	srl	x9,x21,x23	 x21:0x00018000 x23:0x0000b000  x9=0x00018000
      142715000	     14172	80007e12	00b1b5b3	sltu	x11,x3,x11	  x3:0x00000110 x11:0x00000000 x11=0x00000000
      142725000	     14173	80007e16	34065ef3	csrrwi	x29,mscratch,12	 x29=0xfffffffe
      142735000	     14174	80007e1a	4c71	c.li	x24,28	 x24=0x0000001c
      142745000	     14175	80007e1c	03db0863	beq	x22,x29,80007e4c	 x22:0xddf8ed9a x29:0xfffffffe
      142755000	     14176	80007e20	eb05	c.bnez	x14,80007e50	 x14:0x000001e1
      142775000	     14178	80007e50	0001	c.addi	x0,0	  x0:0x00000000  x0=0x00000000
      142785000	     14179	80007e52	02ff0863	beq	x30,x15,80007e82	 x30:0xfffffffe x15:0x20000000
      142795000	     14180	80007e56	0579c063	blt	x19,x23,80007e96	 x19:0x00000018 x23:0x0000b000
      142825000	     14183	80007e96	01eec4b3	xor	x9,x29,x30	 x29:0xfffffffe x30:0xfffffffe  x9=0x00000000
      142835000	     14184	80007e9a	997d	c.andi	x10,-1	 x10:0x00000001 x10=0x00000001
      143205000	     14221	80007e9c	023cf0b3	remu	x1,x25,x3	 x25:0x562f6dda  x3:0x00000110  x1=0x0000009a
      143245000	     14225	80007ea0	036cbab3	mulhu	x21,x25,x22	 x25:0x562f6dda x22:0xddf8ed9a x21=0x4ababfc5
      143255000	     14226	80007ea4	340b74f3	csrrci	x9,mscratch,22	  x9=0x0000000c
      143265000	     14227	80007ea8	40c084b3	sub	x9,x1,x12	  x1:0x0000009a x12:0x80023ce4  x9=0x7ffdc3b6
      143275000	     14228	80007eac	a2ad3697	auipc	x13,0xa2ad3	 x13=0x22adaeac
      143285000	     14229	80007eb0	1c8c	c.addi4spn	x11,x2,624	 x11=0x00000271
      143295000	     14230	80007eb2	0000100f	fence.i	
      143325000	     14233	80007eb6	01681833	sll	x16,x16,x22	 x16:0x00000000 x22:0xddf8ed9a x16=0x00000000
      143335000	     14234	80007eba	0141f733	and	x14,x3,x20	  x3:0x00000110 x20:0xfffffffe x14=0x00000110
      143345000	     14235	80007ebe	40e28bb3	sub	x23,x5,x14	  x5:0xd605a56f x14:0x00000110 x23=0xd605a45f
      143355000	     14236	80007ec2	0152e333	or	x6,x5,x21	  x5:0xd605a56f x21:0x4ababfc5  x6=0xdebfbfef
      143365000	     14237	80007ec6	34007cf3	csrrci	x25,mscratch,0	 x25=0x00000008
      143375000	     14238	80007eca	0181c8b3	xor	x17,x3,x24	  x3:0x00000110 x24:0x0000001c x17=0x0000010c
      143385000	     14239	80007ece	00895b93	srli	x23,x18,0x8	 x18:0xfffffad9 x23=0x00fffffa
      143395000	     14240	80007ed2	412604b3	sub	x9,x12,x18	 x12:0x80023ce4 x18:0xfffffad9  x9=0x8002420b
      143405000	     14241	80007ed6	00dc1293	slli	x5,x24,0xd	 x24:0x0000001c  x5=0x00038000
      143415000	     14242	80007eda	399ceb93	ori	x23,x25,921	 x25:0x00000008 x23=0x00000399
      143425000	     14243	80007ede	34061773	csrrw	x14,mscratch,x12	 x12:0x80023ce4 x14=0x00000008
      143435000	     14244	80007ee2	010d9f63	bne	x27,x16,80007f00	 x27:0xfffffffe x16:0x00000000
      143455000	     14246	80007f00	0052f333	and	x6,x5,x5	  x5:0x00038000  x5:0x00038000  x6=0x00038000
      143495000	     14250	80007f04	03c7a533	mulhsu	x10,x15,x28	 x15:0x20000000 x28:0x8001fdb4 x10=0x10003fb6
      143535000	     14254	80007f08	0397a6b3	mulhsu	x13,x15,x25	 x15:0x20000000 x25:0x00000008 x13=0x00000001
      143545000	     14255	80007f0c	0b3e	c.slli	x22,0xf	 x22:0xddf8ed9a x22=0x76cd0000
      143555000	     14256	80007f0e	01334533	xor	x10,x6,x19	  x6:0x00038000 x19:0x00000018 x10=0x00038018
      143565000	     14257	80007f12	01265363	bge	x12,x18,80007f18	 x12:0x80023ce4 x18:0xfffffad9
      143575000	     14258	80007f16	587d	c.li	x16,-1	 x16=0xffffffff
      143585000	     14259	80007f18	8d81	c.sub	x11,x8	 x11:0x00000271  x8:0x80000000 x11=0x80000271
      143625000	     14263	80007f1a	03853033	mulhu	x0,x10,x24	 x10:0x00038018 x24:0x0000001c  x0=0x00000000
      143635000	     14264	80007f1e	0001	c.addi	x0,0	  x0:0x00000000  x0=0x00000000
      143665000	     14267	80007f20	03c187b3	mul	x15,x3,x28	  x3:0x00000110 x28:0x8001fdb4 x15=0x021d8f40
      143675000	     14268	80007f24	67ba6e93	ori	x29,x20,1659	 x20:0xfffffffe x29=0xffffffff
      143685000	     14269	80007f28	017929b3	slt	x19,x18,x23	 x18:0xfffffad9 x23:0x00000399 x19=0x00000001
      143695000	     14270	80007f2c	30efc593	xori	x11,x31,782	 x31:0x80023cfe x11=0x80023ff0
      143705000	     14271	80007f30	051e	c.slli	x10,0x7	 x10:0x00038018 x10=0x01c00c00
      143715000	     14272	80007f32	3407f4f3	csrrci	x9,mscratch,15	  x9=0x80023ce4
      143725000	     14273	80007f36	a2d64913	xori	x18,x12,-1491	 x12:0x80023ce4 x18=0x7ffdc6c9
      143735000	     14274	80007f3a	02ca	c.slli	x5,0x12	  x5:0x00038000  x5=0x00000000
      143745000	     14275	80007f3c	4077d7b3	sra	x15,x15,x7	 x15:0x021d8f40  x7:0xfffffffe x15=0x00000000
      143755000	     14276	80007f40	877d	c.srai	x14,0x1f	 x14:0x00000008 x14=0x00000000
      143765000	     14277	80007f42	01b4a9b3	slt	x19,x9,x27	  x9:0x80023ce4 x27:0xfffffffe x19=0x00000001
      143775000	     14278	80007f46	9286	c.add	x5,x1	  x5:0x00000000  x1:0x0000009a  x5=0x0000009a
      143785000	     14279	80007f48	34032ff3	csrrs	x31,mscratch,x6	  x6:0x00038000 x31=0x80023ce0
      143795000	     14280	80007f4c	00aa1533	sll	x10,x20,x10	 x20:0xfffffffe x10:0x01c00c00 x10=0xfffffffe
      143805000	     14281	80007f50	01d630b3	sltu	x1,x12,x29	 x12:0x80023ce4 x29:0xffffffff  x1=0x00000001
      143815000	     14282	80007f54	00349733	sll	x14,x9,x3	  x9:0x80023ce4  x3:0x00000110 x14=0x3ce40000
      143825000	     14283	80007f58	00c5b0b3	sltu	x1,x11,x12	 x11:0x80023ff0 x12:0x80023ce4  x1=0x00000000
      143835000	     14284	80007f5c	0183e033	or	x0,x7,x24	  x7:0xfffffffe x24:0x0000001c  x0=0x00000000
      143845000	     14285	80007f60	0ff0000f	fence	iorw,iorw	
      143855000	     14286	80007f64	0001	c.addi	x0,0	  x0:0x00000000  x0=0x00000000
      143865000	     14287	80007f66	8d79	c.and	x10,x14	 x10:0xfffffffe x14:0x3ce40000 x10=0x3ce40000
      144235000	     14324	80007f68	03e644b3	div	x9,x12,x30	 x12:0x80023ce4 x30:0xfffffffe  x9=0x3ffee18e
      144245000	     14325	80007f6c	01835f93	srli	x31,x6,0x18	  x6:0x00038000 x31=0x00000000
      144255000	     14326	80007f70	ed19	c.bnez	x10,80007f8e	 x10:0x3ce40000
      144285000	     14329	80007f8e	4195d213	srai	x4,x11,0x19	 x11:0x80023ff0  x4=0xffffffc0
      144295000	     14330	80007f92	8d79	c.and	x10,x14	 x10:0x3ce40000 x14:0x3ce40000 x10=0x3ce40000
      144305000	     14331	80007f94	8e8d	c.sub	x13,x11	 x13:0x00000001 x11:0x80023ff0 x13=0x7ffdc011
      144315000	     14332	80007f96	0040f2b3	and	x5,x1,x4	  x1:0x00000000  x4:0xffffffc0  x5=0x00000000
      144325000	     14333	80007f9a	038a1663	bne	x20,x24,80007fc6	 x20:0xfffffffe x24:0x0000001c
      144355000	     14336	80007fc6	0ff0000f	fence	iorw,iorw	
      144365000	     14337	80007fca	014edfb3	srl	x31,x29,x20	 x29:0xffffffff x20:0xfffffffe x31=0x00000003
      144375000	     14338	80007fce	8cbd	c.xor	x9,x15	  x9:0x3ffee18e x15:0x00000000  x9=0x3ffee18e
      144385000	     14339	80007fd0	6e9d	c.lui	x29,0x7	 x29=0x00007000
      144395000	     14340	80007fd2	34006773	csrrsi	x14,mscratch,0	 x14=0x8003bce0
      144405000	     14341	80007fd6	01cbaeb3	slt	x29,x23,x28	 x23:0x00000399 x28:0x8001fdb4 x29=0x00000000
      144415000	     14342	80007fda	8cb5	c.xor	x9,x13	  x9:0x3ffee18e x13:0x7ffdc011  x9=0x4003219f
      144425000	     14343	80007fdc	0d66	c.slli	x26,0x19	 x26:0x00000001 x26=0x02000000
      144435000	     14344	80007fde	8d29	c.xor	x10,x10	 x10:0x3ce40000 x10:0x3ce40000 x10=0x00000000
      144475000	     14348	80007fe0	0296a9b3	mulhsu	x19,x13,x9	 x13:0x7ffdc011  x9:0x4003219f x19=0x200100cc
      144485000	     14349	80007fe4	0745	c.addi	x14,17	 x14:0x8003bce0 x14=0x8003bcf1
      144495000	     14350	80007fe6	8f6d	c.and	x14,x11	 x14:0x8003bcf1 x11:0x80023ff0 x14=0x80023cf0
      144505000	     14351	80007fe8	007bcf63	blt	x23,x7,80008006	 x23:0x00000399  x7:0xfffffffe
      144515000	     14352	80007fec	0c0c	c.addi4spn	x11,x2,528	 x11=0x00000211
      144525000	     14353	80007fee	ed05	c.bnez	x10,80008026	 x10:0x00000000
      144535000	     14354	80007ff0	0236	c.slli	x4,0xd	  x4:0xffffffc0  x4=0xfff80000
      144545000	     14355	80007ff2	5e55adb7	lui	x27,0x5e55a	 x27=0x5e55a000
      144555000	     14356	80007ff6	40d055b3	sra	x11,x0,x13	  x0:0x00000000 x13:0x7ffdc011 x11=0x00000000
      144565000	     14357	80007ffa	0246	c.slli	x4,0x11	  x4:0xfff80000  x4=0x00000000
      144575000	     14358	80007ffc	8bdd	c.andi	x15,23	 x15:0x00000000 x15=0x00000000
      144585000	     14359	80007ffe	00293833	sltu	x16,x18,x2	 x18:0x7ffdc6c9  x2:0x00000001 x16=0x00000000
      144595000	     14360	80008002	012c5bb3	srl	x23,x24,x18	 x24:0x0000001c x18:0x7ffdc6c9 x23=0x00000000
      144605000	     14361	80008006	0153cc63	blt	x7,x21,8000801e	  x7:0xfffffffe x21:0x4ababfc5
      144635000	     14364	8000801e	34007cf3	csrrci	x25,mscratch,0	 x25=0x8003bce0
      144675000	     14368	80008022	028b94b3	mulh	x9,x23,x8	 x23:0x00000000  x8:0x80000000  x9=0x00000000
      144685000	     14369	80008026	41798933	sub	x18,x19,x23	 x19:0x200100cc x23:0x00000000 x18=0x200100cc
      144695000	     14370	8000802a	0000100f	fence.i	
      144715000	     14372	8000802e	02c5	c.addi	x5,17	  x5:0x00000000  x5=0x00000011
      144725000	     14373	80008030	415e8db3	sub	x27,x29,x21	 x29:0x00000000 x21:0x4ababfc5 x27=0xb545403b
      145095000	     14410	80008034	025df9b3	remu	x19,x27,x5	 x27:0xb545403b  x5:0x00000011 x19=0x00000010
      145105000	     14411	80008038	0001	c.addi	x0,0	  x0:0x00000000  x0=0x00000000
      145115000	     14412	8000803a	40125233	sra	x4,x4,x1	  x4:0x00000000  x1:0x00000000  x4=0x00000000
      145125000	     14413	8000803e	0114	c.addi4spn	x13,x2,128	 x13=0x00000081
      145135000	     14414	80008040	591bcc97	auipc	x25,0x591bc	 x25=0xd91c4040
      145145000	     14415	80008044	34001bf3	csrrw	x23,mscratch,x0	  x0:0x00000000 x23=0x8003bce0
      145155000	     14416	80008048	340cb273	csrrc	x4,mscratch,x25	 x25:0xd91c4040  x4=0x00000000
      145195000	     14420	8000804c	024a24b3	mulhsu	x9,x20,x4	 x20:0xfffffffe  x4:0x00000000  x9=0x00000000
      145205000	     14421	80008050	cb1066b7	lui	x13,0xcb106	 x13=0xcb106000
      145215000	     14422	80008054	209d0e93	addi	x29,x26,521	 x26:0x02000000 x29=0x02000209
      145225000	     14423	80008058	014eb833	sltu	x16,x29,x20	 x29:0x02000209 x20:0xfffffffe x16=0x00000001
      145235000	     14424	8000805c	9bea5b37	lui	x22,0x9bea5	 x22=0x9bea5000
      145265000	     14427	80008060	035d0933	mul	x18,x26,x21	 x26:0x02000000 x21:0x4ababfc5 x18=0x8a000000
      145275000	     14428	80008064	34079bf3	csrrw	x23,mscratch,x15	 x15:0x00000000 x23=0x00000000
      145285000	     14429	80008068	080c	c.addi4spn	x11,x2,16	 x11=0x00000011
      145315000	     14432	8000806a	022b0cb3	mul	x25,x22,x2	 x22:0x9bea5000  x2:0x00000001 x25=0x9bea5000
      145325000	     14433	8000806e	340ad273	csrrwi	x4,mscratch,21	  x4=0x00000000
      145335000	     14434	80008072	0033fc63	bgeu	x7,x3,8000808a	  x7:0xfffffffe  x3:0x00000110
      145355000	     14436	8000808a	924e	c.add	x4,x19	  x4:0x00000000 x19:0x00000010  x4=0x00000010
      145375000	     14438	8000808c	0371e833	rem	x16,x3,x23	  x3:0x00000110 x23:0x00000000 x16=0x00000110
      145385000	     14439	80008090	5fa3ed13	ori	x26,x7,1530	  x7:0xfffffffe x26=0xfffffffe
      145395000	     14440	80008094	8f95	c.sub	x15,x13	 x15:0x00000000 x13:0xcb106000 x15=0x34efa000
      145405000	     14441	80008096	00b910b3	sll	x1,x18,x11	 x18:0x8a000000 x11:0x00000011  x1=0x00000000
      145415000	     14442	8000809a	340bd373	csrrwi	x6,mscratch,23	  x6=0x00000015
      145425000	     14443	8000809e	087d	c.addi	x16,31	 x16:0x00000110 x16=0x0000012f
      145435000	     14444	800080a0	0000100f	fence.i	
      145455000	     14446	800080a4	119c	c.addi4spn	x15,x2,224	 x15=0x000000e1
      145465000	     14447	800080a6	a8cb6813	ori	x16,x22,-1396	 x22:0x9bea5000 x16=0xfffffa8c
      145475000	     14448	800080aa	0001	c.addi	x0,0	  x0:0x00000000  x0=0x00000000
      145485000	     14449	800080ac	004e2183	lw	x3,4(x28)	 x28:0x8001fdb4  x3=0x800080f6 PA:0x8001fdb8 load:0x800080f6
      145495000	     14450	800080b0	03ce0e13	addi	x28,x28,60	 x28:0x8001fdb4 x28=0x8001fdf0
      145505000	     14451	800080b4	717d	c.addi16sp	x2,-16	  x2:0x00000001  x2=0xfffffff1
      145515000	     14452	800080b6	00018893	addi	x17,x3,0	  x3:0x800080f6 x17=0x800080f6
      145525000	     14453	800080ba	9882	c.jalr	x17	 x17:0x800080f6  x1=0x800080bc
      145555000	     14456	800080f6	010001ef	jal	x3,80008106	  x3=0x800080fa
      145585000	     14459	80008106	ff5ff0ef	jal	x1,800080fa	  x1=0x8000810a
      145605000	     14461	800080fa	2019	c.jal	80008100	  x1=0x800080fc
      145625000	     14463	80008100	0180036f	jal	x6,80008118	  x6=0x80008104
      145645000	     14465	80008118	fe7ff0ef	jal	x1,800080fe	  x1=0x8000811c
      145665000	     14467	800080fe	a031	c.j	8000810a	
      145695000	     14470	8000810a	00400d6f	jal	x26,8000810e	 x26=0x8000810e
      145715000	     14472	8000810e	a039	c.j	8000811c	
      145735000	     14474	8000811c	bfdd	c.j	80008112	
      145755000	     14476	80008112	b7ed	c.j	800080fc	
      145775000	     14478	800080fc	2829	c.jal	80008116	  x1=0x800080fe
      145795000	     14480	80008116	bffd	c.j	80008114	
      145815000	     14482	80008114	bff5	c.j	80008110	
      145835000	     14484	80008110	bfd5	c.j	80008104	
      145855000	     14486	80008104	2829	c.jal	8000811e	  x1=0x80008106
      145885000	     14489	8000811e	004000ef	jal	x1,80008122	  x1=0x80008122
      145915000	     14492	80008122	418cd833	sra	x16,x25,x24	 x25:0x9bea5000 x24:0x0000001c x16=0xfffffff9
      145925000	     14493	80008126	ae81cc13	xori	x24,x3,-1304	  x3:0x800080fa x24=0x7fff7a12
      145965000	     14497	8000812a	02c2b8b3	mulhu	x17,x5,x12	  x5:0x00000011 x12:0x80023ce4 x17=0x00000008
      145975000	     14498	8000812e	02e24363	blt	x4,x14,80008154	  x4:0x00000010 x14:0x80023cf0
      145985000	     14499	80008132	00652eb3	slt	x29,x10,x6	 x10:0x00000000  x6:0x80008104 x29=0x00000000
      146025000	     14503	80008136	03ec2cb3	mulhsu	x25,x24,x30	 x24:0x7fff7a12 x30:0xfffffffe x25=0x7fff7a11
      146035000	     14504	8000813a	9afd	c.andi	x13,-1	 x13:0xcb106000 x13=0xcb106000
      146045000	     14505	8000813c	008fb0b3	sltu	x1,x31,x8	 x31:0x00000003  x8:0x80000000  x1=0x00000001
      146085000	     14509	80008140	034f3eb3	mulhu	x29,x30,x20	 x30:0xfffffffe x20:0xfffffffe x29=0xfffffffc
      146095000	     14510	80008144	4bd4f393	andi	x7,x9,1213	  x9:0x00000000  x7=0x00000000
      146105000	     14511	80008148	55fd	c.li	x11,-1	 x11=0xffffffff
      146115000	     14512	8000814a	00343233	sltu	x4,x8,x3	  x8:0x80000000  x3:0x800080fa  x4=0x00000001
      146125000	     14513	8000814e	6f51	c.lui	x30,0x14	 x30=0x00014000
      146155000	     14516	80008150	03520233	mul	x4,x4,x21	  x4:0x00000001 x21:0x4ababfc5  x4=0x4ababfc5
      146165000	     14517	80008154	8f01	c.sub	x14,x8	 x14:0x80023cf0  x8:0x80000000 x14=0x00023cf0
      146205000	     14521	80008156	02749cb3	mulh	x25,x9,x7	  x9:0x00000000  x7:0x00000000 x25=0x00000000
      146215000	     14522	8000815a	a119d837	lui	x16,0xa119d	 x16=0xa119d000
      146225000	     14523	8000815e	017912b3	sll	x5,x18,x23	 x18:0x8a000000 x23:0x00000000  x5=0x8a000000
      146595000	     14560	80008162	02f66d33	rem	x26,x12,x15	 x12:0x80023ce4 x15:0x000000e1 x26=0xffffff2b
      146605000	     14561	80008166	01309813	slli	x16,x1,0x13	  x1:0x00000001 x16=0x00080000
      146615000	     14562	8000816a	8dfd	c.and	x11,x15	 x11:0xffffffff x15:0x000000e1 x11=0x000000e1
      146625000	     14563	8000816c	8f65	c.and	x14,x9	 x14:0x00023cf0  x9:0x00000000 x14=0x00000000
      146635000	     14564	8000816e	ed9d	c.bnez	x11,800081ac	 x11:0x000000e1
      146655000	     14566	800081ac	80b86113	ori	x2,x16,-2037	 x16:0x00080000  x2=0xfffff80b
      146665000	     14567	800081b0	34037873	csrrci	x16,mscratch,6	 x16=0x00000017
      146675000	     14568	800081b4	0001	c.addi	x0,0	  x0:0x00000000  x0=0x00000000
      146685000	     14569	800081b6	01e88963	beq	x17,x30,800081c8	 x17:0x00000008 x30:0x00014000
      146695000	     14570	800081ba	8d81	c.sub	x11,x8	 x11:0x000000e1  x8:0x80000000 x11=0x800000e1
      146705000	     14571	800081bc	413cd513	srai	x10,x25,0x13	 x25:0x00000000 x10=0x00000000
      146715000	     14572	800081c0	c0064693	xori	x13,x12,-1024	 x12:0x80023ce4 x13=0x7ffdc0e4
      146725000	     14573	800081c4	13fd	c.addi	x7,-1	  x7:0x00000000  x7=0xffffffff
      146735000	     14574	800081c6	1f98	c.addi4spn	x14,x2,1008	 x14=0xfffffbfb
      146745000	     14575	800081c8	409f5013	srai	x0,x30,0x9	 x30:0x00014000  x0=0x00000000
      146755000	     14576	800081cc	0d52	c.slli	x26,0x14	 x26:0xffffff2b x26=0xf2b00000
      146765000	     14577	800081ce	004e2183	lw	x3,4(x28)	 x28:0x8001fdf0  x3=0x80008d22 PA:0x8001fdf4 load:0x80008d22
      146775000	     14578	800081d2	9ac2fd93	andi	x27,x5,-1620	  x5:0x8a000000 x27=0x8a000000
      146785000	     14579	800081d6	b550ab93	slti	x23,x1,-1195	  x1:0x00000001 x23=0x00000000
      146795000	     14580	800081da	a1eb8cb7	lui	x25,0xa1eb8	 x25=0xa1eb8000
      146805000	     14581	800081de	0139bc33	sltu	x24,x19,x19	 x19:0x00000010 x19:0x00000010 x24=0x00000000
      146815000	     14582	800081e2	ab42e893	ori	x17,x5,-1356	  x5:0x8a000000 x17=0xfffffab4
      146825000	     14583	800081e6	040e0e13	addi	x28,x28,64	 x28:0x8001fdf0 x28=0x8001fe30
      146855000	     14586	800081ea	03338833	mul	x16,x7,x19	  x7:0xffffffff x19:0x00000010 x16=0xfffffff0
      146865000	     14587	800081ee	00018a93	addi	x21,x3,0	  x3:0x80008d22 x21=0x80008d22
      146875000	     14588	800081f2	8a82	c.jr	x21	 x21:0x80008d22
      146895000	     14590	80008d22	8d11	c.sub	x10,x12	 x10:0x00000000 x12:0x80023ce4 x10=0x7ffdc31c
      147265000	     14627	80008d24	02f6ffb3	remu	x31,x13,x15	 x13:0x7ffdc0e4 x15:0x000000e1 x31=0x0000005f
      147275000	     14628	80008d28	0ff0000f	fence	iorw,iorw	
      147305000	     14631	80008d2c	03540933	mul	x18,x8,x21	  x8:0x80000000 x21:0x80008d22 x18=0x00000000
      147675000	     14668	80008d30	03a1e9b3	rem	x19,x3,x26	  x3:0x80008d22 x26:0xf2b00000 x19=0xf7d08d22
      147685000	     14669	80008d34	717d	c.addi16sp	x2,-16	  x2:0xfffff80b  x2=0xfffff7fb
      147715000	     14672	80008d36	03be06b3	mul	x13,x28,x27	 x28:0x8001fe30 x27:0x8a000000 x13=0xe0000000
      147725000	     14673	80008d3a	e62bbc93	sltiu	x25,x23,-414	 x23:0x00000000 x25=0x00000001
      147735000	     14674	80008d3e	8fc1	c.or	x15,x8	 x15:0x000000e1  x8:0x80000000 x15=0x800000e1
      147745000	     14675	80008d40	02be9563	bne	x29,x11,80008d6a	 x29:0xfffffffc x11:0x800000e1
      147775000	     14678	80008d6a	2a6a7c93	andi	x25,x20,678	 x20:0xfffffffe x25=0x000002a6
      147785000	     14679	80008d6e	0181b4b3	sltu	x9,x3,x24	  x3:0x80008d22 x24:0x00000000  x9=0x00000000
      148155000	     14716	80008d72	033378b3	remu	x17,x6,x19	  x6:0x80008104 x19:0xf7d08d22 x17=0x80008104
      148165000	     14717	80008d76	009af233	and	x4,x21,x9	 x21:0x80008d22  x9:0x00000000  x4=0x00000000
      148175000	     14718	80008d7a	02688063	beq	x17,x6,80008d9a	 x17:0x80008104  x6:0x80008104
      148195000	     14720	80008d9a	825e	c.mv	x4,x23	  x0:0x00000000 x23:0x00000000  x4=0x00000000
      148205000	     14721	80008d9c	41d70b33	sub	x22,x14,x29	 x14:0xfffffbfb x29:0xfffffffc x22=0xfffffbff
      148215000	     14722	80008da0	00af52b3	srl	x5,x30,x10	 x30:0x00014000 x10:0x7ffdc31c  x5=0x00000000
      148225000	     14723	80008da4	00752333	slt	x6,x10,x7	 x10:0x7ffdc31c  x7:0xffffffff  x6=0x00000000
      148235000	     14724	80008da8	408d8a33	sub	x20,x27,x8	 x27:0x8a000000  x8:0x80000000 x20=0x0a000000
      148245000	     14725	80008dac	01aa2c33	slt	x24,x20,x26	 x20:0x0a000000 x26:0xf2b00000 x24=0x00000000
      148255000	     14726	80008db0	008a2233	slt	x4,x20,x8	 x20:0x0a000000  x8:0x80000000  x4=0x00000000
      148265000	     14727	80008db4	01b815b3	sll	x11,x16,x27	 x16:0xfffffff0 x27:0x8a000000 x11=0xfffffff0
      148275000	     14728	80008db8	ce8d	c.beqz	x13,80008df2	 x13:0xe0000000
      148285000	     14729	80008dba	0ff0000f	fence	iorw,iorw	
      148295000	     14730	80008dbe	02927e63	bgeu	x4,x9,80008dfa	  x4:0x00000000  x9:0x00000000
      148315000	     14732	80008dfa	8fed	c.and	x15,x11	 x15:0x800000e1 x11:0xfffffff0 x15=0x800000e0
      148325000	     14733	80008dfc	6a2de293	ori	x5,x27,1698	 x27:0x8a000000  x5=0x8a0006a2
      148335000	     14734	80008e00	4d35	c.li	x26,13	 x26=0x0000000d
      148345000	     14735	80008e02	41cd0a33	sub	x20,x26,x28	 x26:0x0000000d x28:0x8001fe30 x20=0x7ffe01dd
      148355000	     14736	80008e06	01321113	slli	x2,x4,0x13	  x4:0x00000000  x2=0x00000000
      148365000	     14737	80008e0a	012b01b3	add	x3,x22,x18	 x22:0xfffffbff x18:0x00000000  x3=0xfffffbff
      148375000	     14738	80008e0e	717d	c.addi16sp	x2,-16	  x2:0x00000000  x2=0xfffffff0
      148385000	     14739	80008e10	8ded	c.and	x11,x11	 x11:0xfffffff0 x11:0xfffffff0 x11=0xfffffff0
      148395000	     14740	80008e12	eb99	c.bnez	x15,80008e28	 x15:0x800000e0
      148415000	     14742	80008e28	3405d9f3	csrrwi	x19,mscratch,11	 x19=0x00000011
      148425000	     14743	80008e2c	870d	c.srai	x14,0x3	 x14:0xfffffbfb x14=0xffffff7f
      148435000	     14744	80008e2e	ef11	c.bnez	x14,80008e4a	 x14:0xffffff7f
      148465000	     14747	80008e4a	40e3db13	srai	x22,x7,0xe	  x7:0xffffffff x22=0xffffffff
      148475000	     14748	80008e4e	00b6c333	xor	x6,x13,x11	 x13:0xe0000000 x11:0xfffffff0  x6=0x1ffffff0
      148485000	     14749	80008e52	34006df3	csrrsi	x27,mscratch,0	 x27=0x0000000b
      148495000	     14750	80008e56	004f5d33	srl	x26,x30,x4	 x30:0x00014000  x4:0x00000000 x26=0x00014000
      148505000	     14751	80008e5a	0000100f	fence.i	
      148895000	     14790	80008e5e	03f3cd33	div	x26,x7,x31	  x7:0xffffffff x31:0x0000005f x26=0x00000000
      148905000	     14791	80008e62	13404917	auipc	x18,0x13404	 x18=0x9340ce62
      148915000	     14792	80008e66	05934063	blt	x6,x25,80008ea6	  x6:0x1ffffff0 x25:0x000002a6
      148925000	     14793	80008e6a	44ce4b13	xori	x22,x28,1100	 x28:0x8001fe30 x22=0x8001fa7c
      148935000	     14794	80008e6e	40cd5513	srai	x10,x26,0xc	 x26:0x00000000 x10=0x00000000
      148945000	     14795	80008e72	0001	c.addi	x0,0	  x0:0x00000000  x0=0x00000000
      148955000	     14796	80008e74	3403ddf3	csrrwi	x27,mscratch,7	 x27=0x0000000b
      148965000	     14797	80008e78	51fd	c.li	x3,-1	  x3=0xffffffff
      148975000	     14798	80008e7a	40270133	sub	x2,x14,x2	 x14:0xffffff7f  x2:0xfffffff0  x2=0xffffff8f
      148985000	     14799	80008e7e	407bd333	sra	x6,x23,x7	 x23:0x00000000  x7:0xffffffff  x6=0x00000000
      148995000	     14800	80008e82	3406adf3	csrrs	x27,mscratch,x13	 x13:0xe0000000 x27=0x00000007
      149005000	     14801	80008e86	014b24b3	slt	x9,x22,x20	 x22:0x8001fa7c x20:0x7ffe01dd  x9=0x00000001
      149015000	     14802	80008e8a	01ca20b3	slt	x1,x20,x28	 x20:0x7ffe01dd x28:0x8001fe30  x1=0x00000000
      149385000	     14839	80008e8e	022463b3	rem	x7,x8,x2	  x8:0x80000000  x2:0xffffff8f  x7=0xfffffff8
      149395000	     14840	80008e92	41558f33	sub	x30,x11,x21	 x11:0xfffffff0 x21:0x80008d22 x30=0x7fff72ce
      149405000	     14841	80008e96	ed054793	xori	x15,x10,-304	 x10:0x00000000 x15=0xfffffed0
      149415000	     14842	80008e9a	025dd363	bge	x27,x5,80008ec0	 x27:0x00000007  x5:0x8a0006a2
      149435000	     14844	80008ec0	6119	c.addi16sp	x2,384	  x2:0xffffff8f  x2=0x0000010f
      149445000	     14845	80008ec2	04f4da63	bge	x9,x15,80008f16	  x9:0x00000001 x15:0xfffffed0
      149475000	     14848	80008f16	4ba46d13	ori	x26,x8,1210	  x8:0x80000000 x26=0x800004ba
      149485000	     14849	80008f1a	6c478d13	addi	x26,x15,1732	 x15:0xfffffed0 x26=0x00000594
      149495000	     14850	80008f1e	34005bf3	csrrwi	x23,mscratch,0	 x23=0xe0000007
      149505000	     14851	80008f22	340067f3	csrrsi	x15,mscratch,0	 x15=0x00000000
      149515000	     14852	80008f26	009efa33	and	x20,x29,x9	 x29:0xfffffffc  x9:0x00000001 x20=0x00000000
      149525000	     14853	80008f2a	375df713	andi	x14,x27,885	 x27:0x00000007 x14=0x00000005
      149535000	     14854	80008f2e	01831793	slli	x15,x6,0x18	  x6:0x00000000 x15=0x00000000
      149545000	     14855	80008f32	02e6	c.slli	x5,0x19	  x5:0x8a0006a2  x5=0x44000000
      149555000	     14856	80008f34	340079f3	csrrci	x19,mscratch,0	 x19=0x00000000
      149595000	     14860	80008f38	03892d33	mulhsu	x26,x18,x24	 x18:0x9340ce62 x24:0x00000000 x26=0x00000000
      149605000	     14861	80008f3c	9da2	c.add	x27,x8	 x27:0x00000007  x8:0x80000000 x27=0x80000007
      149615000	     14862	80008f3e	80fa	c.mv	x1,x30	  x0:0x00000000 x30:0x7fff72ce  x1=0x7fff72ce
      149625000	     14863	80008f40	42beca13	xori	x20,x29,1067	 x29:0xfffffffc x20=0xfffffbd7
      149635000	     14864	80008f44	003ad233	srl	x4,x21,x3	 x21:0x80008d22  x3:0xffffffff  x4=0x00000001
      149645000	     14865	80008f48	016c05b3	add	x11,x24,x22	 x24:0x00000000 x22:0x8001fa7c x11=0x8001fa7c
      149655000	     14866	80008f4c	729e0c13	addi	x24,x28,1833	 x28:0x8001fe30 x24=0x80020559
      149695000	     14870	80008f50	02f931b3	mulhu	x3,x18,x15	 x18:0x9340ce62 x15:0x00000000  x3=0x00000000
      149705000	     14871	80008f54	0001	c.addi	x0,0	  x0:0x00000000  x0=0x00000000
      149715000	     14872	80008f56	2c72ba13	sltiu	x20,x5,711	  x5:0x44000000 x20=0x00000000
      149725000	     14873	80008f5a	004299b3	sll	x19,x5,x4	  x5:0x44000000  x4:0x00000001 x19=0x88000000
      150095000	     14910	80008f5e	028f4db3	div	x27,x30,x8	 x30:0x7fff72ce  x8:0x80000000 x27=0x00000000
      150105000	     14911	80008f62	8fcd	c.or	x15,x11	 x15:0x00000000 x11:0x8001fa7c x15=0x8001fa7c
      150115000	     14912	80008f64	0000100f	fence.i	
      150135000	     14914	80008f68	00f03833	sltu	x16,x0,x15	  x0:0x00000000 x15:0x8001fa7c x16=0x00000001
      150145000	     14915	80008f6c	34003ef3	csrrc	x29,mscratch,x0	  x0:0x00000000 x29=0x00000000
      150155000	     14916	80008f70	161de193	ori	x3,x27,353	 x27:0x00000000  x3=0x00000161
      150165000	     14917	80008f74	0073cd33	xor	x26,x7,x7	  x7:0xfffffff8  x7:0xfffffff8 x26=0x00000000
      150175000	     14918	80008f78	34051a73	csrrw	x20,mscratch,x10	 x10:0x00000000 x20=0x00000000
      150185000	     14919	80008f7c	880c2513	slti	x10,x24,-1920	 x24:0x80020559 x10=0x00000001
      150215000	     14922	80008f80	03278ab3	mul	x21,x15,x18	 x15:0x8001fa7c x18:0x9340ce62 x21=0x6b51ab78
      150225000	     14923	80008f84	8d11	c.sub	x10,x12	 x10:0x00000001 x12:0x80023ce4 x10=0x7ffdc31d
      150235000	     14924	80008f86	0001	c.addi	x0,0	  x0:0x00000000  x0=0x00000000
      150245000	     14925	80008f88	0477f163	bgeu	x15,x7,80008fca	 x15:0x8001fa7c  x7:0xfffffff8
      150255000	     14926	80008f8c	4129dd33	sra	x26,x19,x18	 x19:0x88000000 x18:0x9340ce62 x26=0xe2000000
      150265000	     14927	80008f90	01167833	and	x16,x12,x17	 x12:0x80023ce4 x17:0x80008104 x16=0x80000004
      150275000	     14928	80008f94	340073f3	csrrci	x7,mscratch,0	  x7=0x00000000
      150285000	     14929	80008f98	8f25	c.xor	x14,x9	 x14:0x00000005  x9:0x00000001 x14=0x00000004
      150295000	     14930	80008f9a	00c51313	slli	x6,x10,0xc	 x10:0x7ffdc31d  x6=0xdc31d000
      150335000	     14934	80008f9e	024538b3	mulhu	x17,x10,x4	 x10:0x7ffdc31d  x4:0x00000001 x17=0x00000000
      150345000	     14935	80008fa2	c915	c.beqz	x10,80008fd6	 x10:0x7ffdc31d
      150355000	     14936	80008fa4	005caab3	slt	x21,x25,x5	 x25:0x000002a6  x5:0x44000000 x21=0x00000001
      150365000	     14937	80008fa8	0001	c.addi	x0,0	  x0:0x00000000  x0=0x00000000
      150375000	     14938	80008faa	9071e493	ori	x9,x3,-1785	  x3:0x00000161  x9=0xfffff967
      150745000	     14975	80008fae	03737d33	remu	x26,x6,x23	  x6:0xdc31d000 x23:0xe0000007 x26=0xdc31d000
      150755000	     14976	80008fb2	e911	c.bnez	x10,80008fc6	 x10:0x7ffdc31d
      150785000	     14979	80008fc6	006cc7b3	xor	x15,x25,x6	 x25:0x000002a6  x6:0xdc31d000 x15=0xdc31d2a6
      150795000	     14980	80008fca	4e50c493	xori	x9,x1,1253	  x1:0x7fff72ce  x9=0x7fff762b
      150805000	     14981	80008fce	411daa93	slti	x21,x27,1041	 x27:0x00000000 x21=0x00000001
      150815000	     14982	80008fd2	34055873	csrrwi	x16,mscratch,10	 x16=0x00000000
      150825000	     14983	80008fd6	340ff9f3	csrrci	x19,mscratch,31	 x19=0x0000000a
      150835000	     14984	80008fda	34039bf3	csrrw	x23,mscratch,x7	  x7:0x00000000 x23=0x00000000
      150845000	     14985	80008fde	8646d917	auipc	x18,0x8646d	 x18=0x06475fde
      150855000	     14986	80008fe2	e901	c.bnez	x10,80008ff2	 x10:0x7ffdc31d
      150885000	     14989	80008ff2	340c9af3	csrrw	x21,mscratch,x25	 x25:0x000002a6 x21=0x00000000
      150895000	     14990	80008ff6	8cb1	c.xor	x9,x12	  x9:0x7fff762b x12:0x80023ce4  x9=0xfffd4acf
      150905000	     14991	80008ff8	54b27b93	andi	x23,x4,1355	  x4:0x00000001 x23=0x00000001
      150935000	     14994	80008ffc	03080d33	mul	x26,x16,x16	 x16:0x00000000 x16:0x00000000 x26=0x00000000
      150945000	     14995	80009000	34045af3	csrrwi	x21,mscratch,8	 x21=0x000002a6
      150955000	     14996	80009004	022a4f63	blt	x20,x2,80009042	 x20:0x00000000  x2:0x0000010f
      150985000	     14999	80009042	0ff0000f	fence	iorw,iorw	
      150995000	     15000	80009046	e891	c.bnez	x9,8000905a	  x9:0xfffd4acf
      151025000	     15003	8000905a	34002ef3	csrrs	x29,mscratch,x0	  x0:0x00000000 x29=0x00000008
      151035000	     15004	8000905e	029c	c.addi4spn	x15,x2,320	 x15=0x0000024f
      151075000	     15008	80009060	028f96b3	mulh	x13,x31,x8	 x31:0x0000005f  x8:0x80000000 x13=0xffffffd0
      151085000	     15009	80009064	3c2efa13	andi	x20,x29,962	 x29:0x00000008 x20=0x00000000
      151095000	     15010	80009068	668ec013	xori	x0,x29,1640	 x29:0x00000008  x0=0x00000000
      151105000	     15011	8000906c	6125	c.addi16sp	x2,96	  x2:0x0000010f  x2=0x0000016f
      151115000	     15012	8000906e	8515	c.srai	x10,0x5	 x10:0x7ffdc31d x10=0x03ffee18
      151125000	     15013	80009070	290e3493	sltiu	x9,x28,656	 x28:0x8001fe30  x9=0x00000000
      151135000	     15014	80009074	4c2b7913	andi	x18,x22,1218	 x22:0x8001fa7c x18=0x00000040
      151145000	     15015	80009078	058e	c.slli	x11,0x3	 x11:0x8001fa7c x11=0x000fd3e0
      151155000	     15016	8000907a	004e2183	lw	x3,4(x28)	 x28:0x8001fe30  x3=0x80005c36 PA:0x8001fe34 load:0x80005c36
      151165000	     15017	8000907e	8f21	c.xor	x14,x8	 x14:0x00000004  x8:0x80000000 x14=0x80000004
      151175000	     15018	80009080	034e0e13	addi	x28,x28,52	 x28:0x8001fe30 x28=0x8001fe64
      151185000	     15019	80009084	8d49	c.or	x10,x10	 x10:0x03ffee18 x10:0x03ffee18 x10=0x03ffee18
      151195000	     15020	80009086	0014d0b3	srl	x1,x9,x1	  x9:0x00000000  x1:0x7fff72ce  x1=0x00000000
      151205000	     15021	8000908a	00018493	addi	x9,x3,0	  x3:0x80005c36  x9=0x80005c36
      151215000	     15022	8000908e	000484e7	jalr	x9,0(x9)	  x9:0x80005c36  x9=0x80009092
      151245000	     15025	80005c36	4375ca13	xori	x20,x11,1079	 x11:0x000fd3e0 x20=0x000fd7d7
      151255000	     15026	80005c3a	031d8763	beq	x27,x17,80005c68	 x27:0x00000000 x17:0x00000000
      151275000	     15028	80005c68	01e451b3	srl	x3,x8,x30	  x8:0x80000000 x30:0x7fff72ce  x3=0x00020000
      151285000	     15029	80005c6c	ffffa417	auipc	x8,0xffffa	  x8=0x7ffffc6c
      151295000	     15030	80005c70	6f240413	addi	x8,x8,1778	  x8:0x7ffffc6c  x8=0x8000035e
      151305000	     15031	80005c74	00040067	jalr	x0,0(x8)	  x8:0x8000035e  x0=0x00000000
      151335000	     15034	8000035e	90000cb7	lui	x25,0x90000	 x25=0x90000000
      151345000	     15035	80000362	1ce1	c.addi	x25,-8	 x25:0x90000000 x25=0x8ffffff8
      151355000	     15036	80000364	4381	c.li	x7,0	  x7=0x00000000
      151365000	     15037	80000366	03a2	c.slli	x7,0x8	  x7:0x00000000  x7=0x00000000
      151375000	     15038	80000368	0385	c.addi	x7,1	  x7:0x00000000  x7=0x00000001
      151385000	     15039	8000036a	007ca023	sw	x7,0(x25)	 x25:0x8ffffff8  x7:0x00000001 PA:0x8ffffff8 store:0x00000001 load:0x00000000
      151395000	     15040	8000036e	00000073	ecall	
      151425000	     15043	80002700	0800006f	jal	x0,80002780	  x0=0x00000000
      151445000	     15045	80002780	1671	c.addi	x12,-4	 x12:0x80023ce4 x12=0x80023ce0
      151455000	     15046	80002782	01c62023	sw	x28,0(x12)	 x12:0x80023ce0 x28:0x8001fe64 PA:0x80023ce0 store:0x8001fe64 load:0x00000000
