Time	Cycle	PC	Insn	Decoded instruction	Register and memory contents
        2299000	        13	80000080	400013b7	lui	x7,0x40001	  x7=0x40001000
        2379000	        17	80000084	10638393	addi	x7,x7,262	  x7:0x40001000  x7=0x40001106
        2459000	        21	80000088	30139073	csrrw	x0,misa,x7	  x7:0x40001106  x0=0x00000000
        2519000	        24	8000008c	00024617	auipc	x12,0x24	 x12=0x8002408c
        2899000	        43	80000090	c5860613	addi	x12,x12,-936	 x12:0x8002408c x12=0x80023ce4
        2919000	        44	80000094	00002397	auipc	x7,0x2	  x7=0x80002094
        2939000	        45	80000098	66c38393	addi	x7,x7,1644	  x7:0x80002094  x7=0x80002700
        3059000	        51	8000009c	0013e393	ori	x7,x7,1	  x7:0x80002700  x7=0x80002701
        3219000	        59	800000a0	30539073	csrrw	x0,mtvec,x7	  x7:0x80002701  x0=0x00000000
        3299000	        63	800000a4	74725073	csrrwi	x0,0x747,4	  x0=0x00000000
        3539000	        75	800000a8	00003417	auipc	x8,0x3	  x8=0x800030a8
        3559000	        76	800000ac	41440413	addi	x8,x8,1044	  x8:0x800030a8  x8=0x800034bc
        3579000	        77	800000b0	4381	c.li	x7,0	  x7=0x00000000
        3599000	        78	800000b2	941e	c.add	x8,x7	  x8:0x800034bc  x7:0x00000000  x8=0x800034bc
        3739000	        85	800000b4	8009	c.srli	x8,0x2	  x8:0x800034bc  x8=0x20000d2f
        4159000	       106	800000b6	3b041073	csrrw	x0,pmpaddr0,x8	  x8:0x20000d2f  x0=0x00000000
        4379000	       117	800000ba	00003417	auipc	x8,0x3	  x8=0x800030ba
        4799000	       138	800000be	40240413	addi	x8,x8,1026	  x8:0x800030ba  x8=0x800034bc
        5099000	       153	800000c2	111113b7	lui	x7,0x11111	  x7=0x11111000
        5159000	       156	800000c6	11138393	addi	x7,x7,273	  x7:0x11111000  x7=0x11111111
        5179000	       157	800000ca	941e	c.add	x8,x7	  x8:0x800034bc  x7:0x11111111  x8=0x911145cd
        5479000	       172	800000cc	8009	c.srli	x8,0x2	  x8:0x911145cd  x8=0x24445173
        5619000	       179	800000ce	3b141073	csrrw	x0,pmpaddr1,x8	  x8:0x24445173  x0=0x00000000
        5899000	       193	800000d2	00003417	auipc	x8,0x3	  x8=0x800030d2
        5979000	       197	800000d6	3ea40413	addi	x8,x8,1002	  x8:0x800030d2  x8=0x800034bc
        5999000	       198	800000da	222223b7	lui	x7,0x22222	  x7=0x22222000
        6299000	       213	800000de	22238393	addi	x7,x7,546	  x7:0x22222000  x7=0x22222222
        6319000	       214	800000e2	941e	c.add	x8,x7	  x8:0x800034bc  x7:0x22222222  x8=0xa22256de
        6339000	       215	800000e4	8009	c.srli	x8,0x2	  x8:0xa22256de  x8=0x288895b7
        6359000	       216	800000e6	3b241073	csrrw	x0,pmpaddr2,x8	  x8:0x288895b7  x0=0x00000000
        6759000	       236	800000ea	00003417	auipc	x8,0x3	  x8=0x800030ea
        6919000	       244	800000ee	3d240413	addi	x8,x8,978	  x8:0x800030ea  x8=0x800034bc
        6979000	       247	800000f2	333333b7	lui	x7,0x33333	  x7=0x33333000
        7259000	       261	800000f6	33338393	addi	x7,x7,819	  x7:0x33333000  x7=0x33333333
        7279000	       262	800000fa	941e	c.add	x8,x7	  x8:0x800034bc  x7:0x33333333  x8=0xb33367ef
        7399000	       268	800000fc	8009	c.srli	x8,0x2	  x8:0xb33367ef  x8=0x2cccd9fb
        7419000	       269	800000fe	3b341073	csrrw	x0,pmpaddr3,x8	  x8:0x2cccd9fb  x0=0x00000000
        7479000	       272	80000102	0f0f1437	lui	x8,0xf0f1	  x8=0x0f0f1000
        7499000	       273	80000106	f0f40413	addi	x8,x8,-241	  x8:0x0f0f1000  x8=0x0f0f0f0f
        7519000	       274	8000010a	3a041073	csrrw	x0,pmpcfg0,x8	  x8:0x0f0f0f0f  x0=0x00000000
        7699000	       283	8000010e	00003417	auipc	x8,0x3	  x8=0x8000310e
        7719000	       284	80000112	3ae40413	addi	x8,x8,942	  x8:0x8000310e  x8=0x800034bc
        7739000	       285	80000116	444443b7	lui	x7,0x44444	  x7=0x44444000
        7759000	       286	8000011a	44438393	addi	x7,x7,1092	  x7:0x44444000  x7=0x44444444
        7779000	       287	8000011e	941e	c.add	x8,x7	  x8:0x800034bc  x7:0x44444444  x8=0xc4447900
        7819000	       289	80000120	8009	c.srli	x8,0x2	  x8:0xc4447900  x8=0x31111e40
        7899000	       293	80000122	3b441073	csrrw	x0,pmpaddr4,x8	  x8:0x31111e40  x0=0x00000000
        8019000	       299	80000126	00003417	auipc	x8,0x3	  x8=0x80003126
        8139000	       305	8000012a	39640413	addi	x8,x8,918	  x8:0x80003126  x8=0x800034bc
        8159000	       306	8000012e	555553b7	lui	x7,0x55555	  x7=0x55555000
        8179000	       307	80000132	55538393	addi	x7,x7,1365	  x7:0x55555000  x7=0x55555555
        8199000	       308	80000136	941e	c.add	x8,x7	  x8:0x800034bc  x7:0x55555555  x8=0xd5558a11
        8359000	       316	80000138	8009	c.srli	x8,0x2	  x8:0xd5558a11  x8=0x35556284
        8519000	       324	8000013a	3b541073	csrrw	x0,pmpaddr5,x8	  x8:0x35556284  x0=0x00000000
        8579000	       327	8000013e	00003417	auipc	x8,0x3	  x8=0x8000313e
        8819000	       339	80000142	37e40413	addi	x8,x8,894	  x8:0x8000313e  x8=0x800034bc
        9059000	       351	80000146	666663b7	lui	x7,0x66666	  x7=0x66666000
        9159000	       356	8000014a	66638393	addi	x7,x7,1638	  x7:0x66666000  x7=0x66666666
        9179000	       357	8000014e	941e	c.add	x8,x7	  x8:0x800034bc  x7:0x66666666  x8=0xe6669b22
        9199000	       358	80000150	8009	c.srli	x8,0x2	  x8:0xe6669b22  x8=0x3999a6c8
        9499000	       373	80000152	3b641073	csrrw	x0,pmpaddr6,x8	  x8:0x3999a6c8  x0=0x00000000
        9559000	       376	80000156	00003417	auipc	x8,0x3	  x8=0x80003156
        9579000	       377	8000015a	36640413	addi	x8,x8,870	  x8:0x80003156  x8=0x800034bc
        9599000	       378	8000015e	777773b7	lui	x7,0x77777	  x7=0x77777000
        9619000	       379	80000162	77738393	addi	x7,x7,1911	  x7:0x77777000  x7=0x77777777
        9639000	       380	80000166	941e	c.add	x8,x7	  x8:0x800034bc  x7:0x77777777  x8=0xf777ac33
        9679000	       382	80000168	8009	c.srli	x8,0x2	  x8:0xf777ac33  x8=0x3dddeb0c
        9939000	       395	8000016a	3b741073	csrrw	x0,pmpaddr7,x8	  x8:0x3dddeb0c  x0=0x00000000
        9999000	       398	8000016e	0f0f1437	lui	x8,0xf0f1	  x8=0x0f0f1000
       10019000	       399	80000172	f0f40413	addi	x8,x8,-241	  x8:0x0f0f1000  x8=0x0f0f0f0f
       10139000	       405	80000176	3a141073	csrrw	x0,pmpcfg1,x8	  x8:0x0f0f0f0f  x0=0x00000000
       10299000	       413	8000017a	00003417	auipc	x8,0x3	  x8=0x8000317a
       10319000	       414	8000017e	34240413	addi	x8,x8,834	  x8:0x8000317a  x8=0x800034bc
       10359000	       416	80000182	888893b7	lui	x7,0x88889	  x7=0x88889000
       10379000	       417	80000186	88838393	addi	x7,x7,-1912	  x7:0x88889000  x7=0x88888888
       10399000	       418	8000018a	941e	c.add	x8,x7	  x8:0x800034bc  x7:0x88888888  x8=0x0888bd44
       10539000	       425	8000018c	8009	c.srli	x8,0x2	  x8:0x0888bd44  x8=0x02222f51
       10759000	       436	8000018e	3b841073	csrrw	x0,pmpaddr8,x8	  x8:0x02222f51  x0=0x00000000
       10819000	       439	80000192	00003417	auipc	x8,0x3	  x8=0x80003192
       11019000	       449	80000196	32a40413	addi	x8,x8,810	  x8:0x80003192  x8=0x800034bc
       11039000	       450	8000019a	9999a3b7	lui	x7,0x9999a	  x7=0x9999a000
       11059000	       451	8000019e	99938393	addi	x7,x7,-1639	  x7:0x9999a000  x7=0x99999999
       11079000	       452	800001a2	941e	c.add	x8,x7	  x8:0x800034bc  x7:0x99999999  x8=0x1999ce55
       11199000	       458	800001a4	8009	c.srli	x8,0x2	  x8:0x1999ce55  x8=0x06667395
       11239000	       460	800001a6	3b941073	csrrw	x0,pmpaddr9,x8	  x8:0x06667395  x0=0x00000000
       11299000	       463	800001aa	00003417	auipc	x8,0x3	  x8=0x800031aa
       11659000	       481	800001ae	31240413	addi	x8,x8,786	  x8:0x800031aa  x8=0x800034bc
       11759000	       486	800001b2	aaaab3b7	lui	x7,0xaaaab	  x7=0xaaaab000
       11779000	       487	800001b6	aaa38393	addi	x7,x7,-1366	  x7:0xaaaab000  x7=0xaaaaaaaa
       11799000	       488	800001ba	941e	c.add	x8,x7	  x8:0x800034bc  x7:0xaaaaaaaa  x8=0x2aaadf66
       11819000	       489	800001bc	8009	c.srli	x8,0x2	  x8:0x2aaadf66  x8=0x0aaab7d9
       11839000	       490	800001be	3ba41073	csrrw	x0,pmpaddr10,x8	  x8:0x0aaab7d9  x0=0x00000000
       12239000	       510	800001c2	00003417	auipc	x8,0x3	  x8=0x800031c2
       12319000	       514	800001c6	2fa40413	addi	x8,x8,762	  x8:0x800031c2  x8=0x800034bc
       12479000	       522	800001ca	bbbbc3b7	lui	x7,0xbbbbc	  x7=0xbbbbc000
       12499000	       523	800001ce	bbb38393	addi	x7,x7,-1093	  x7:0xbbbbc000  x7=0xbbbbbbbb
       12519000	       524	800001d2	941e	c.add	x8,x7	  x8:0x800034bc  x7:0xbbbbbbbb  x8=0x3bbbf077
       12919000	       544	800001d4	8009	c.srli	x8,0x2	  x8:0x3bbbf077  x8=0x0eeefc1d
       12939000	       545	800001d6	3bb41073	csrrw	x0,pmpaddr11,x8	  x8:0x0eeefc1d  x0=0x00000000
       13039000	       550	800001da	0f0f1437	lui	x8,0xf0f1	  x8=0x0f0f1000
       13159000	       556	800001de	f0f40413	addi	x8,x8,-241	  x8:0x0f0f1000  x8=0x0f0f0f0f
       13179000	       557	800001e2	3a241073	csrrw	x0,pmpcfg2,x8	  x8:0x0f0f0f0f  x0=0x00000000
       13599000	       578	800001e6	00003417	auipc	x8,0x3	  x8=0x800031e6
       13659000	       581	800001ea	2d640413	addi	x8,x8,726	  x8:0x800031e6  x8=0x800034bc
       13819000	       589	800001ee	ccccd3b7	lui	x7,0xccccd	  x7=0xccccd000
       13839000	       590	800001f2	ccc38393	addi	x7,x7,-820	  x7:0xccccd000  x7=0xcccccccc
       13859000	       591	800001f6	941e	c.add	x8,x7	  x8:0x800034bc  x7:0xcccccccc  x8=0x4ccd0188
       14159000	       606	800001f8	8009	c.srli	x8,0x2	  x8:0x4ccd0188  x8=0x13334062
       14179000	       607	800001fa	3bc41073	csrrw	x0,pmpaddr12,x8	  x8:0x13334062  x0=0x00000000
       14239000	       610	800001fe	00003417	auipc	x8,0x3	  x8=0x800031fe
       14379000	       617	80000202	2be40413	addi	x8,x8,702	  x8:0x800031fe  x8=0x800034bc
       14399000	       618	80000206	dddde3b7	lui	x7,0xdddde	  x7=0xdddde000
       14419000	       619	8000020a	ddd38393	addi	x7,x7,-547	  x7:0xdddde000  x7=0xdddddddd
       14439000	       620	8000020e	941e	c.add	x8,x7	  x8:0x800034bc  x7:0xdddddddd  x8=0x5dde1299
       14559000	       626	80000210	8009	c.srli	x8,0x2	  x8:0x5dde1299  x8=0x177784a6
       14759000	       636	80000212	3bd41073	csrrw	x0,pmpaddr13,x8	  x8:0x177784a6  x0=0x00000000
       14899000	       643	80000216	00003417	auipc	x8,0x3	  x8=0x80003216
       14959000	       646	8000021a	2a640413	addi	x8,x8,678	  x8:0x80003216  x8=0x800034bc
       14979000	       647	8000021e	eeeef3b7	lui	x7,0xeeeef	  x7=0xeeeef000
       15159000	       656	80000222	eee38393	addi	x7,x7,-274	  x7:0xeeeef000  x7=0xeeeeeeee
       15179000	       657	80000226	941e	c.add	x8,x7	  x8:0x800034bc  x7:0xeeeeeeee  x8=0x6eef23aa
       15279000	       662	80000228	8009	c.srli	x8,0x2	  x8:0x6eef23aa  x8=0x1bbbc8ea
       15299000	       663	8000022a	3be41073	csrrw	x0,pmpaddr14,x8	  x8:0x1bbbc8ea  x0=0x00000000
       15359000	       666	8000022e	00003417	auipc	x8,0x3	  x8=0x8000322e
       15379000	       667	80000232	28e40413	addi	x8,x8,654	  x8:0x8000322e  x8=0x800034bc
       15559000	       676	80000236	fff00393	addi	x7,x0,-1	  x0:0x00000000  x7=0xffffffff
       15579000	       677	8000023a	941e	c.add	x8,x7	  x8:0x800034bc  x7:0xffffffff  x8=0x800034bb
       15599000	       678	8000023c	8009	c.srli	x8,0x2	  x8:0x800034bb  x8=0x20000d2e
       15999000	       698	8000023e	3bf41073	csrrw	x0,pmpaddr15,x8	  x8:0x20000d2e  x0=0x00000000
       16419000	       719	80000242	0f0f1437	lui	x8,0xf0f1	  x8=0x0f0f1000
       16439000	       720	80000246	f0f40413	addi	x8,x8,-241	  x8:0x0f0f1000  x8=0x0f0f0f0f
       16579000	       727	8000024a	3a341073	csrrw	x0,pmpcfg3,x8	  x8:0x0f0f0f0f  x0=0x00000000
       16639000	       730	8000024e	00000397	auipc	x7,0x0	  x7=0x8000024e
       17019000	       749	80000252	05838393	addi	x7,x7,88	  x7:0x8000024e  x7=0x800002a6
       17219000	       759	80000256	34139073	csrrw	x0,mepc,x7	  x7:0x800002a6  x0=0x00000000
       17319000	       764	8000025a	7c00d073	csrrwi	x0,0x7c0,1	  x0=0x00000000
       17379000	       767	8000025e	6389	c.lui	x7,0x2	  x7=0x00002000
       17399000	       768	80000260	80038393	addi	x7,x7,-2048	  x7:0x00002000  x7=0x00001800
       17419000	       769	80000264	30039073	csrrw	x0,mstatus,x7	  x7:0x00001800  x0=0x00000000
       17479000	       772	80000268	4381	c.li	x7,0	  x7=0x00000000
       17559000	       776	8000026a	30439073	csrrw	x0,mie,x7	  x7:0x00000000  x0=0x00000000
       17839000	       790	8000026e	90000cb7	lui	x25,0x90000	 x25=0x90000000
       17859000	       791	80000272	1cf1	c.addi	x25,-4	 x25:0x90000000 x25=0x8ffffffc
       17979000	       797	80000274	30000393	addi	x7,x0,768	  x0:0x00000000  x7=0x00000300
       17999000	       798	80000278	03a2	c.slli	x7,0x8	  x7:0x00000300  x7=0x00030000
       18019000	       799	8000027a	038d	c.addi	x7,3	  x7:0x00030000  x7=0x00030003
       18159000	       806	8000027c	007ca023	sw	x7,0(x25)	 x25:0x8ffffffc  x7:0x00030003 PA:0x8ffffffc store:0x00030003 load:0xffffffff
       18179000	       807	80000280	300023f3	csrrs	x7,mstatus,x0	  x0:0x00000000  x7=0x00001800
       18539000	       825	80000284	007ca023	sw	x7,0(x25)	 x25:0x8ffffffc  x7:0x00001800 PA:0x8ffffffc store:0x00001800 load:0xffffffff
       18559000	       826	80000288	90000cb7	lui	x25,0x90000	 x25=0x90000000
       18579000	       827	8000028c	1cf1	c.addi	x25,-4	 x25:0x90000000 x25=0x8ffffffc
       18599000	       828	8000028e	30400393	addi	x7,x0,772	  x0:0x00000000  x7=0x00000304
       18619000	       829	80000292	03a2	c.slli	x7,0x8	  x7:0x00000304  x7=0x00030400
       18639000	       830	80000294	038d	c.addi	x7,3	  x7:0x00030400  x7=0x00030403
       19099000	       853	80000296	007ca023	sw	x7,0(x25)	 x25:0x8ffffffc  x7:0x00030403 PA:0x8ffffffc store:0x00030403 load:0xffffffff
       19119000	       854	8000029a	304023f3	csrrs	x7,mie,x0	  x0:0x00000000  x7=0x00000000
       19179000	       857	8000029e	007ca023	sw	x7,0(x25)	 x25:0x8ffffffc  x7:0x00000000 PA:0x8ffffffc store:0x00000000 load:0xffffffff
       19199000	       858	800002a2	30200073	mret	
       19279000	       862	800002a6	80000037	lui	x0,0x80000	  x0=0x00000000
       19299000	       863	800002aa	0001	c.addi	x0,0	  x0:0x00000000  x0=0x00000000
       19319000	       864	800002ac	800000b7	lui	x1,0x80000	  x1=0x80000000
       19699000	       883	800002b0	f63cf137	lui	x2,0xf63cf	  x2=0xf63cf000
       19879000	       892	800002b4	95a10113	addi	x2,x2,-1702	  x2:0xf63cf000  x2=0xf63ce95a
       20159000	       906	800002b8	f6f701b7	lui	x3,0xf6f70	  x3=0xf6f70000
       20179000	       907	800002bc	b9218193	addi	x3,x3,-1134	  x3:0xf6f70000  x3=0xf6f6fb92
       20199000	       908	800002c0	fcbe8237	lui	x4,0xfcbe8	  x4=0xfcbe8000
       20299000	       913	800002c4	87520213	addi	x4,x4,-1931	  x4:0xfcbe8000  x4=0xfcbe7875
       20319000	       914	800002c8	f13802b7	lui	x5,0xf1380	  x5=0xf1380000
       20339000	       915	800002cc	92928293	addi	x5,x5,-1751	  x5:0xf1380000  x5=0xf137f929
       20359000	       916	800002d0	4311	c.li	x6,4	  x6=0x00000004
       20379000	       917	800002d2	4399	c.li	x7,6	  x7=0x00000006
       20399000	       918	800002d4	80000437	lui	x8,0x80000	  x8=0x80000000
       20439000	       920	800002d8	4481	c.li	x9,0	  x9=0x00000000
       20879000	       942	800002da	80000537	lui	x10,0x80000	 x10=0x80000000
       20899000	       943	800002de	800005b7	lui	x11,0x80000	 x11=0x80000000
       20919000	       944	800002e2	4681	c.li	x13,0	 x13=0x00000000
       20979000	       947	800002e4	c5d10737	lui	x14,0xc5d10	 x14=0xc5d10000
       20999000	       948	800002e8	b9670713	addi	x14,x14,-1130	 x14:0xc5d10000 x14=0xc5d0fb96
       21019000	       949	800002ec	08f4b7b7	lui	x15,0x8f4b	 x15=0x08f4b000
       21439000	       970	800002f0	17a9	c.addi	x15,-22	 x15:0x08f4b000 x15=0x08f4afea
       21459000	       971	800002f2	4801	c.li	x16,0	 x16=0x00000000
       21479000	       972	800002f4	f2d268b7	lui	x17,0xf2d26	 x17=0xf2d26000
       21639000	       980	800002f8	99a88893	addi	x17,x17,-1638	 x17:0xf2d26000 x17=0xf2d2599a
       22059000	      1001	800002fc	f04f5937	lui	x18,0xf04f5	 x18=0xf04f5000
       22259000	      1011	80000300	51590913	addi	x18,x18,1301	 x18:0xf04f5000 x18=0xf04f5515
       22359000	      1016	80000304	4991	c.li	x19,4	 x19=0x00000004
       22539000	      1025	80000306	80000a37	lui	x20,0x80000	 x20=0x80000000
       22559000	      1026	8000030a	4a81	c.li	x21,0	 x21=0x00000000
       22579000	      1027	8000030c	f9d9fb37	lui	x22,0xf9d9f	 x22=0xf9d9f000
       22599000	      1028	80000310	3d9b0b13	addi	x22,x22,985	 x22:0xf9d9f000 x22=0xf9d9f3d9
       22659000	      1031	80000314	80000bb7	lui	x23,0x80000	 x23=0x80000000
       22699000	      1033	80000318	f0a97c37	lui	x24,0xf0a97	 x24=0xf0a97000
       22919000	      1044	8000031c	ddfc0c13	addi	x24,x24,-545	 x24:0xf0a97000 x24=0xf0a96ddf
       23299000	      1063	80000320	f4cc3cb7	lui	x25,0xf4cc3	 x25=0xf4cc3000
       23639000	      1080	80000324	bcfc8c93	addi	x25,x25,-1073	 x25:0xf4cc3000 x25=0xf4cc2bcf
       23659000	      1081	80000328	4d01	c.li	x26,0	 x26=0x00000000
       23699000	      1083	8000032a	f8832db7	lui	x27,0xf8832	 x27=0xf8832000
       23879000	      1092	8000032e	ce3d8d93	addi	x27,x27,-797	 x27:0xf8832000 x27=0xf8831ce3
       23899000	      1093	80000332	4e81	c.li	x29,0	 x29=0x00000000
       24299000	      1113	80000334	fc6dbf37	lui	x30,0xfc6db	 x30=0xfc6db000
       24499000	      1123	80000338	9b3f0f13	addi	x30,x30,-1613	 x30:0xfc6db000 x30=0xfc6da9b3
       24519000	      1124	8000033c	80000fb7	lui	x31,0x80000	 x31=0x80000000
       24719000	      1134	80000340	00020e17	auipc	x28,0x20	 x28=0x80020340
       24919000	      1144	80000344	b24e0e13	addi	x28,x28,-1244	 x28:0x80020340 x28=0x8001fe64
       25339000	      1165	80000348	90000cb7	lui	x25,0x90000	 x25=0x90000000
       25439000	      1170	8000034c	1cf1	c.addi	x25,-4	 x25:0x90000000 x25=0x8ffffffc
       25459000	      1171	8000034e	4381	c.li	x7,0	  x7=0x00000000
       25619000	      1179	80000350	03a2	c.slli	x7,0x8	  x7:0x00000000  x7=0x00000000
       25759000	      1186	80000352	00038393	addi	x7,x7,0	  x7:0x00000000  x7=0x00000000
       26419000	      1219	80000356	007ca023	sw	x7,0(x25)	 x25:0x8ffffffc  x7:0x00000000 PA:0x8ffffffc store:0x00000000 load:0xffffffff
       26599000	      1228	8000035a	1620306f	jal	x0,800034bc	  x0=0x00000000
       27099000	      1253	800034bc	01e001ef	jal	x3,800034da	  x3=0x800034c0
       27499000	      1273	800034da	03000aef	jal	x21,8000350a	 x21=0x800034de
       28919000	      1344	8000350a	a019	c.j	80003510	
       29639000	      1380	80003510	37cd	c.jal	800034f2	  x1=0x80003512
       29939000	      1395	800034f2	3ffd	c.jal	800034f0	  x1=0x800034f4
       30139000	      1405	800034f0	bfd1	c.j	800034c4	
       30179000	      1407	800034c4	2805	c.jal	800034f4	  x1=0x800034c6
       30239000	      1410	800034f4	fd5ff1ef	jal	x3,800034c8	  x3=0x800034f8
       30279000	      1412	800034c8	0160036f	jal	x6,800034de	  x6=0x800034cc
       30319000	      1414	800034de	2829	c.jal	800034f8	  x1=0x800034e0
       30379000	      1417	800034f8	3fdd	c.jal	800034ee	  x1=0x800034fa
       30439000	      1420	800034ee	a829	c.j	80003508	
       30499000	      1423	80003508	b7e1	c.j	800034d0	
       31419000	      1469	800034d0	004000ef	jal	x1,800034d4	  x1=0x800034d4
       31479000	      1472	800034d4	2809	c.jal	800034e6	  x1=0x800034d6
       31539000	      1475	800034e6	fffff36f	jal	x6,800034e4	  x6=0x800034ea
       31599000	      1478	800034e4	2829	c.jal	800034fe	  x1=0x800034e6
       31639000	      1480	800034fe	b7e1	c.j	800034c6	
       31679000	      1482	800034c6	2015	c.jal	800034ea	  x1=0x800034c8
       31739000	      1485	800034ea	ff9ff0ef	jal	x1,800034e2	  x1=0x800034ee
       31779000	      1487	800034e2	b7ed	c.j	800034cc	
       31819000	      1489	800034cc	0400036f	jal	x6,8000350c	  x6=0x800034d0
       31859000	      1491	8000350c	ff5ff0ef	jal	x1,80003500	  x1=0x80003510
       31919000	      1494	80003500	0040036f	jal	x6,80003504	  x6=0x80003504
       31959000	      1496	80003504	fd5ff0ef	jal	x1,800034d8	  x1=0x80003508
       31999000	      1498	800034d8	a00d	c.j	800034fa	
       32059000	      1501	800034fa	fc7ffc6f	jal	x24,800034c0	 x24=0x800034fe
       32099000	      1503	800034c0	020001ef	jal	x3,800034e0	  x3=0x800034c4
       32139000	      1505	800034e0	3fdd	c.jal	800034d6	  x1=0x800034e2
       32179000	      1507	800034d6	2835	c.jal	80003512	  x1=0x800034d8
       32219000	      1509	80003512	8de5	c.and	x11,x9	 x11:0x80000000  x9:0x00000000 x11=0x00000000
       32239000	      1510	80003514	030001ef	jal	x3,80003544	  x3=0x80003518
       32579000	      1527	80003544	00400fef	jal	x31,80003548	 x31=0x80003548
       33639000	      1580	80003548	3fc9	c.jal	8000351a	  x1=0x8000354a
       33719000	      1584	8000351a	018000ef	jal	x1,80003532	  x1=0x8000351e
       34819000	      1639	80003532	bfe5	c.j	8000352a	
       35499000	      1673	8000352a	2029	c.jal	80003534	  x1=0x8000352c
       35539000	      1675	80003534	a819	c.j	8000354a	
       35599000	      1678	8000354a	3fe9	c.jal	80003524	  x1=0x8000354c
       35659000	      1681	80003524	2029	c.jal	8000352e	  x1=0x80003526
       35779000	      1687	8000352e	ff5ffbef	jal	x23,80003522	 x23=0x80003532
       35839000	      1690	80003522	a831	c.j	8000353e	
       35899000	      1693	8000353e	a039	c.j	8000354c	
       35959000	      1696	8000354c	3fd5	c.jal	80003540	  x1=0x8000354e
       36019000	      1699	80003540	ffbffa6f	jal	x20,8000353a	 x20=0x80003544
       36099000	      1703	8000353a	fe5ff0ef	jal	x1,8000351e	  x1=0x8000353e
       36179000	      1707	8000351e	00e0036f	jal	x6,8000352c	  x6=0x80003522
       36219000	      1709	8000352c	bfed	c.j	80003526	
       36359000	      1716	80003526	0100036f	jal	x6,80003536	  x6=0x8000352a
       36419000	      1719	80003536	fe3ff36f	jal	x6,80003518	  x6=0x8000353a
       36459000	      1721	80003518	a81d	c.j	8000354e	
       36499000	      1723	8000354e	0001	c.addi	x0,0	  x0:0x00000000  x0=0x00000000
       36519000	      1724	80003550	006001ef	jal	x3,80003556	  x3=0x80003554
       36579000	      1727	80003556	bffd	c.j	80003554	
       36619000	      1729	80003554	a811	c.j	80003568	
       36659000	      1731	80003568	3ff5	c.jal	80003564	  x1=0x8000356a
       37159000	      1756	80003564	2019	c.jal	8000356a	  x1=0x80003566
       37239000	      1760	8000356a	a011	c.j	8000356e	
       37359000	      1766	8000356e	febff56f	jal	x10,80003558	 x10=0x80003572
       37419000	      1769	80003558	2019	c.jal	8000355e	  x1=0x8000355a
       37499000	      1773	8000355e	ffdff0ef	jal	x1,8000355a	  x1=0x80003562
       37559000	      1776	8000355a	00c0036f	jal	x6,80003566	  x6=0x8000355e
       37619000	      1779	80003566	a019	c.j	8000356c	
       37679000	      1782	8000356c	3fdd	c.jal	80003562	  x1=0x8000356e
       37739000	      1785	80003562	a801	c.j	80003572	
       37819000	      1789	80003572	6db6a1b7	lui	x3,0x6db6a	  x3=0x6db6a000
       69099000	      3353	80003576	02e001ef	jal	x3,800035a4	  x3=0x8000357a
       69559000	      3376	800035a4	bfe9	c.j	8000357e	
       69599000	      3378	8000357e	2029	c.jal	80003588	  x1=0x80003580
       69659000	      3381	80003588	a839	c.j	800035a6	
       69739000	      3385	800035a6	ff1ff0ef	jal	x1,80003596	  x1=0x800035aa
       70419000	      3419	80003596	a031	c.j	800035a2	
       70459000	      3421	800035a2	b7e5	c.j	8000358a	
       70539000	      3425	8000358a	a005	c.j	800035aa	
       70599000	      3428	800035aa	37fd	c.jal	80003598	  x1=0x800035ac
       70659000	      3431	80003598	200d	c.jal	800035ba	  x1=0x8000359a
       71039000	      3450	800035ba	3fed	c.jal	800035b4	  x1=0x800035bc
       71079000	      3452	800035b4	fc7ff0ef	jal	x1,8000357a	  x1=0x800035b8
       71139000	      3455	8000357a	200d	c.jal	8000359c	  x1=0x8000357c
       71199000	      3458	8000359c	004000ef	jal	x1,800035a0	  x1=0x800035a0
       71259000	      3461	800035a0	a031	c.j	800035ac	
       71299000	      3463	800035ac	00c000ef	jal	x1,800035b8	  x1=0x800035b0
       71339000	      3465	800035b8	37e1	c.jal	80003580	  x1=0x800035ba
       71379000	      3467	80003580	2805	c.jal	800035b0	  x1=0x80003582
       71419000	      3469	800035b0	bfc9	c.j	80003582	
       71479000	      3472	80003582	ffbff0ef	jal	x1,8000357c	  x1=0x80003586
       71539000	      3475	8000357c	a801	c.j	8000358c	
       71579000	      3477	8000358c	0260036f	jal	x6,800035b2	  x6=0x80003590
       71619000	      3479	800035b2	bff9	c.j	80003590	
       71659000	      3481	80003590	ff7ff36f	jal	x6,80003586	  x6=0x80003594
       71699000	      3483	80003586	2811	c.jal	8000359a	  x1=0x80003588
       71739000	      3485	8000359a	3fed	c.jal	80003594	  x1=0x8000359c
       71779000	      3487	80003594	2025	c.jal	800035bc	  x1=0x80003596
       72119000	      3504	800035bc	340039f3	csrrc	x19,mscratch,x0	  x0:0x00000000 x19=0x00000000
       72179000	      3507	800035c0	006001ef	jal	x3,800035c6	  x3=0x800035c4
       72299000	      3513	800035c6	0040036f	jal	x6,800035ca	  x6=0x800035ca
       72359000	      3516	800035ca	3fed	c.jal	800035c4	  x1=0x800035cc
       72419000	      3519	800035c4	2039	c.jal	800035d2	  x1=0x800035c6
       72599000	      3528	800035d2	016000ef	jal	x1,800035e8	  x1=0x800035d6
       73439000	      3570	800035e8	a019	c.j	800035ee	
       74159000	      3606	800035ee	37c5	c.jal	800035ce	  x1=0x800035f0
       74199000	      3608	800035ce	2031	c.jal	800035da	  x1=0x800035d0
       74259000	      3611	800035da	3fdd	c.jal	800035d0	  x1=0x800035dc
       74319000	      3614	800035d0	a829	c.j	800035ea	
       74399000	      3618	800035ea	ff9ff0ef	jal	x1,800035e2	  x1=0x800035ee
       74479000	      3622	800035e2	ffdffa6f	jal	x20,800035de	 x20=0x800035e6
       74539000	      3625	800035de	fffff0ef	jal	x1,800035dc	  x1=0x800035e2
       74579000	      3627	800035dc	a819	c.j	800035f2	
       74619000	      3629	800035f2	b7d5	c.j	800035d6	
       74679000	      3632	800035d6	ff7ff0ef	jal	x1,800035cc	  x1=0x800035da
       74719000	      3634	800035cc	2015	c.jal	800035f0	  x1=0x800035ce
       74759000	      3636	800035f0	2011	c.jal	800035f4	  x1=0x800035f2
       74799000	      3638	800035f4	ff3ff16f	jal	x2,800035e6	  x2=0x800035f8
       74839000	      3640	800035e6	2809	c.jal	800035f8	  x1=0x800035e8
       74879000	      3642	800035f8	41238bb3	sub	x23,x7,x18	  x7:0x00000000 x18:0xf04f5515 x23=0x0fb0aaeb
       74899000	      3643	800035fc	028001ef	jal	x3,80003624	  x3=0x80003600
       75459000	      3671	80003624	3fd5	c.jal	80003618	  x1=0x80003626
       76319000	      3714	80003618	2809	c.jal	8000362a	  x1=0x8000361a
       76379000	      3717	8000362a	3ff5	c.jal	80003626	  x1=0x8000362c
       76419000	      3719	80003626	bfe9	c.j	80003600	
       76459000	      3721	80003600	01e000ef	jal	x1,8000361e	  x1=0x80003604
       76519000	      3724	8000361e	febff0ef	jal	x1,80003608	  x1=0x80003622
       76559000	      3726	80003608	ffdff36f	jal	x6,80003604	  x6=0x8000360c
       76599000	      3728	80003604	a021	c.j	8000360c	
       76659000	      3731	8000360c	2011	c.jal	80003610	  x1=0x8000360e
       78039000	      3800	80003610	a831	c.j	8000362c	
       78079000	      3802	8000362c	b7ed	c.j	80003616	
       78119000	      3804	80003616	2011	c.jal	8000361a	  x1=0x80003618
       78179000	      3807	8000361a	00800def	jal	x27,80003622	 x27=0x8000361e
       78239000	      3810	80003622	37f5	c.jal	8000360e	  x1=0x80003624
       78299000	      3813	8000360e	2005	c.jal	8000362e	  x1=0x80003610
       78339000	      3815	8000362e	b7d5	c.j	80003612	
       78399000	      3818	80003612	016000ef	jal	x1,80003628	  x1=0x80003616
       78459000	      3821	80003628	3ff9	c.jal	80003606	  x1=0x8000362a
       78519000	      3824	80003606	a02d	c.j	80003630	
       78559000	      3826	80003630	004000ef	jal	x1,80003634	  x1=0x80003634
       78599000	      3828	80003634	0001	c.addi	x0,0	  x0:0x00000000  x0=0x00000000
       79399000	      3868	80003636	00a001ef	jal	x3,80003640	  x3=0x8000363a
       80639000	      3930	80003640	a821	c.j	80003658	
       81099000	      3953	80003658	a021	c.j	80003660	
       81559000	      3976	80003660	fddff0ef	jal	x1,8000363c	  x1=0x80003664
       81619000	      3979	8000363c	2811	c.jal	80003650	  x1=0x8000363e
       81679000	      3982	80003650	3fd5	c.jal	80003644	  x1=0x80003652
       81739000	      3985	80003644	020000ef	jal	x1,80003664	  x1=0x80003648
       81799000	      3988	80003664	bfe5	c.j	8000365c	
       81859000	      3991	8000365c	37fd	c.jal	8000364a	  x1=0x8000365e
       81919000	      3994	8000364a	2801	c.jal	8000365a	  x1=0x8000364c
       81979000	      3997	8000365a	b7e5	c.j	80003642	
       82039000	      4000	80003642	3ff5	c.jal	8000363e	  x1=0x80003644
       82079000	      4002	8000363e	a025	c.j	80003666	
       82119000	      4004	80003666	3fd1	c.jal	8000363a	  x1=0x80003668
       82159000	      4006	8000363a	a809	c.j	8000364c	
       82199000	      4008	8000364c	0060036f	jal	x6,80003652	  x6=0x80003650
       82239000	      4010	80003652	2009	c.jal	80003654	  x1=0x80003654
       82279000	      4012	80003654	00a0036f	jal	x6,8000365e	  x6=0x80003658
       82319000	      4014	8000365e	b7ed	c.j	80003648	
       82359000	      4016	80003648	a005	c.j	80003668	
       82399000	      4018	80003668	8de5	c.and	x11,x9	 x11:0x00000000  x9:0x00000000 x11=0x00000000
       82419000	      4019	8000366a	00a001ef	jal	x3,80003674	  x3=0x8000366e
       82499000	      4023	80003674	203d	c.jal	800036a2	  x1=0x80003676
       82999000	      4048	800036a2	fefff0ef	jal	x1,80003690	  x1=0x800036a6
       83519000	      4074	80003690	fefff0ef	jal	x1,8000367e	  x1=0x80003694
       84279000	      4112	8000367e	bff5	c.j	8000367a	
       84579000	      4127	8000367a	a019	c.j	80003680	
       84639000	      4130	80003680	01c0036f	jal	x6,8000369c	  x6=0x80003684
       84699000	      4133	8000369c	fefff0ef	jal	x1,8000368a	  x1=0x800036a0
       84779000	      4137	8000368a	01e000ef	jal	x1,800036a8	  x1=0x8000368e
       84839000	      4140	800036a8	bfe5	c.j	800036a0	
       84899000	      4143	800036a0	bfe1	c.j	80003678	
       84959000	      4146	80003678	2819	c.jal	8000368e	  x1=0x8000367a
       85019000	      4149	8000368e	37fd	c.jal	8000367c	  x1=0x80003690
       85059000	      4151	8000367c	3fd5	c.jal	80003670	  x1=0x8000367e
       85099000	      4153	80003670	a025	c.j	80003698	
       85139000	      4155	80003698	ffdff36f	jal	x6,80003694	  x6=0x8000369c
       85219000	      4159	80003694	a809	c.j	800036a6	
       85279000	      4162	800036a6	3fc5	c.jal	80003696	  x1=0x800036a8
       85339000	      4165	80003696	3ff1	c.jal	80003672	  x1=0x80003698
       85399000	      4168	80003672	a011	c.j	80003676	
       85439000	      4170	80003676	2801	c.jal	80003686	  x1=0x80003678
       85519000	      4174	80003686	fffff0ef	jal	x1,80003684	  x1=0x8000368a
       85559000	      4176	80003684	b7ed	c.j	8000366e	
       85599000	      4178	8000366e	a835	c.j	800036aa	
       85659000	      4181	800036aa	017318b3	sll	x17,x6,x23	  x6:0x8000369c x23:0x0fb0aaeb x17=0x01b4e000
       85679000	      4182	800036ae	038001ef	jal	x3,800036e6	  x3=0x800036b2
       86459000	      4221	800036e6	fedff0ef	jal	x1,800036d2	  x1=0x800036ea
       86999000	      4248	800036d2	bfcd	c.j	800036c4	
       87139000	      4255	800036c4	020000ef	jal	x1,800036e4	  x1=0x800036c8
       87219000	      4259	800036e4	3fdd	c.jal	800036da	  x1=0x800036e6
       87299000	      4263	800036da	fdbff36f	jal	x6,800036b4	  x6=0x800036de
       87359000	      4266	800036b4	a009	c.j	800036b6	
       87419000	      4269	800036b6	2819	c.jal	800036cc	  x1=0x800036b8
       88199000	      4308	800036cc	a811	c.j	800036e0	
       88239000	      4310	800036e0	3fe1	c.jal	800036b8	  x1=0x800036e2
       88279000	      4312	800036b8	010000ef	jal	x1,800036c8	  x1=0x800036bc
       88319000	      4314	800036c8	a039	c.j	800036d6	
       88379000	      4317	800036d6	febff16f	jal	x2,800036c0	  x2=0x800036da
       88439000	      4320	800036c0	a029	c.j	800036ca	
       88479000	      4322	800036ca	2811	c.jal	800036de	  x1=0x800036cc
       88519000	      4324	800036de	2011	c.jal	800036e2	  x1=0x800036e0
       88559000	      4326	800036e2	b7f5	c.j	800036ce	
       88619000	      4329	800036ce	ff5ff0ef	jal	x1,800036c2	  x1=0x800036d2
       88659000	      4331	800036c2	3fc5	c.jal	800036b2	  x1=0x800036c4
       88699000	      4333	800036b2	a00d	c.j	800036d4	
       88739000	      4335	800036d4	b7e5	c.j	800036bc	
       88779000	      4337	800036bc	2009	c.jal	800036be	  x1=0x800036be
       88819000	      4339	800036be	a035	c.j	800036ea	
       89599000	      4378	800036ea	02115ab3	divu	x21,x2,x1	  x2:0x800036da  x1:0x800036be x21=0x00000001
       89619000	      4379	800036ee	008001ef	jal	x3,800036f6	  x3=0x800036f2
       89659000	      4381	800036f6	a809	c.j	80003708	
       89859000	      4391	80003708	bfc5	c.j	800036f8	
       89899000	      4393	800036f8	a809	c.j	8000370a	
       89959000	      4396	8000370a	2009	c.jal	8000370c	  x1=0x8000370c
       90019000	      4399	8000370c	2009	c.jal	8000370e	  x1=0x8000370e
       90079000	      4402	8000370e	3fdd	c.jal	80003704	  x1=0x80003710
       90119000	      4404	80003704	ff7ff0ef	jal	x1,800036fa	  x1=0x80003708
       90179000	      4407	800036fa	0040036f	jal	x6,800036fe	  x6=0x800036fe
       90239000	      4410	800036fe	ff5ff36f	jal	x6,800036f2	  x6=0x80003702
       90319000	      4414	800036f2	01000aef	jal	x21,80003702	 x21=0x800036f6
       90379000	      4417	80003702	a039	c.j	80003710	
       90439000	      4420	80003710	8cbd	c.xor	x9,x15	  x9:0x00000000 x15:0x08f4afea  x9=0x08f4afea
       90459000	      4421	80003712	016001ef	jal	x3,80003728	  x3=0x80003716
       90879000	      4442	80003728	b7fd	c.j	80003716	
       90919000	      4444	80003716	a029	c.j	80003720	
       92759000	      4536	80003720	2031	c.jal	8000372c	  x1=0x80003722
       92799000	      4538	8000372c	bfdd	c.j	80003722	
       93139000	      4555	80003722	2021	c.jal	8000372a	  x1=0x80003724
       93179000	      4557	8000372a	b7fd	c.j	80003718	
       93219000	      4559	80003718	2009	c.jal	8000371a	  x1=0x8000371a
       93279000	      4562	8000371a	00a0036f	jal	x6,80003724	  x6=0x8000371e
       93339000	      4565	80003724	ffbff0ef	jal	x1,8000371e	  x1=0x80003728
       93379000	      4567	8000371e	2801	c.jal	8000372e	  x1=0x80003720
       93419000	      4569	8000372e	8121	c.srli	x10,0x8	 x10:0x80003572 x10=0x00800035
       93459000	      4571	80003730	04c001ef	jal	x3,8000377c	  x3=0x80003734
       93739000	      4585	8000377c	00e000ef	jal	x1,8000378a	  x1=0x80003780
       94659000	      4631	8000378a	b7d9	c.j	80003750	
      104559000	      5126	80003750	004000ef	jal	x1,80003754	  x1=0x80003754
      104599000	      5128	80003754	038000ef	jal	x1,8000378c	  x1=0x80003758
      104639000	      5130	8000378c	bfc9	c.j	8000375e	
      105139000	      5155	8000375e	fe3ff0ef	jal	x1,80003740	  x1=0x80003762
      105799000	      5188	80003740	2831	c.jal	8000375c	  x1=0x80003742
      105879000	      5192	8000375c	37dd	c.jal	80003742	  x1=0x8000375e
      106199000	      5208	80003742	281d	c.jal	80003778	  x1=0x80003744
      106259000	      5211	80003778	fe1ff16f	jal	x2,80003758	  x2=0x8000377c
      106319000	      5214	80003758	fedff36f	jal	x6,80003744	  x6=0x8000375c
      106379000	      5217	80003744	ff9fffef	jal	x31,8000373c	 x31=0x80003748
      106439000	      5220	8000373c	03000bef	jal	x23,8000376c	 x23=0x80003740
      106499000	      5223	8000376c	0040016f	jal	x2,80003770	  x2=0x80003770
      106559000	      5226	80003770	2811	c.jal	80003784	  x1=0x80003772
      106619000	      5229	80003784	2009	c.jal	80003786	  x1=0x80003786
      106679000	      5232	80003786	b7d9	c.j	8000374c	
      106719000	      5234	8000374c	2835	c.jal	80003788	  x1=0x8000374e
      106759000	      5236	80003788	b775	c.j	80003734	
      106799000	      5238	80003734	014000ef	jal	x1,80003748	  x1=0x80003738
      106859000	      5241	80003748	02e000ef	jal	x1,80003776	  x1=0x8000374c
      106919000	      5244	80003776	3fd5	c.jal	8000376a	  x1=0x80003778
      106959000	      5246	8000376a	2819	c.jal	80003780	  x1=0x8000376c
      106999000	      5248	80003780	ff3ff36f	jal	x6,80003772	  x6=0x80003784
      107059000	      5251	80003772	fc7ff36f	jal	x6,80003738	  x6=0x80003776
      107119000	      5254	80003738	0300036f	jal	x6,80003768	  x6=0x8000373c
      107179000	      5257	80003768	b7dd	c.j	8000374e	
      107239000	      5260	8000374e	2811	c.jal	80003762	  x1=0x80003750
      107299000	      5263	80003762	2009	c.jal	80003764	  x1=0x80003764
      107359000	      5266	80003764	02a008ef	jal	x17,8000378e	 x17=0x80003768
      107439000	      5270	8000378e	0086f833	and	x16,x13,x8	 x13:0x00000000  x8:0x80000000 x16=0x00000000
      107459000	      5271	80003792	032001ef	jal	x3,800037c4	  x3=0x80003796
      108119000	      5304	800037c4	bfcd	c.j	800037b6	
      108519000	      5324	800037b6	37dd	c.jal	8000379c	  x1=0x800037b8
      108559000	      5326	8000379c	2801	c.jal	800037ac	  x1=0x8000379e
      108919000	      5344	800037ac	a819	c.j	800037c2	
      108959000	      5346	800037c2	b7c5	c.j	800037a2	
      109019000	      5349	800037a2	ff5ff0ef	jal	x1,80003796	  x1=0x800037a6
      109079000	      5352	80003796	a015	c.j	800037ba	
      109159000	      5356	800037ba	fe5ff36f	jal	x6,8000379e	  x6=0x800037be
      109239000	      5360	8000379e	010000ef	jal	x1,800037ae	  x1=0x800037a2
      109279000	      5362	800037ae	2029	c.jal	800037b8	  x1=0x800037b0
      109319000	      5364	800037b8	a021	c.j	800037c0	
      109359000	      5366	800037c0	bffd	c.j	800037be	
      109399000	      5368	800037be	3fcd	c.jal	800037b0	  x1=0x800037c0
      109439000	      5370	800037b0	ffbff0ef	jal	x1,800037aa	  x1=0x800037b4
      109479000	      5372	800037aa	37fd	c.jal	80003798	  x1=0x800037ac
      109519000	      5374	80003798	00e001ef	jal	x3,800037a6	  x3=0x8000379c
      109579000	      5377	800037a6	0200036f	jal	x6,800037c6	  x6=0x800037aa
      109639000	      5380	800037c6	004002ef	jal	x5,800037ca	  x5=0x800037ca
      109699000	      5383	800037ca	febff0ef	jal	x1,800037b4	  x1=0x800037ce
      109739000	      5385	800037b4	2829	c.jal	800037ce	  x1=0x800037b6
      109819000	      5389	800037ce	3403b3f3	csrrc	x7,mscratch,x7	  x7:0x00000000  x7=0x00000000
      109839000	      5390	800037d2	028001ef	jal	x3,800037fa	  x3=0x800037d6
      110339000	      5415	800037fa	fe7ff0ef	jal	x1,800037e0	  x1=0x800037fe
      110859000	      5441	800037e0	00c000ef	jal	x1,800037ec	  x1=0x800037e4
      111899000	      5493	800037ec	ffbff0ef	jal	x1,800037e6	  x1=0x800037f0
      111959000	      5496	800037e6	2031	c.jal	800037f2	  x1=0x800037e8
      112039000	      5500	800037f2	fe5ff0ef	jal	x1,800037d6	  x1=0x800037f6
      112119000	      5504	800037d6	00e0036f	jal	x6,800037e4	  x6=0x800037da
      112159000	      5506	800037e4	bfe5	c.j	800037dc	
      112199000	      5508	800037dc	a009	c.j	800037de	
      112239000	      5510	800037de	2829	c.jal	800037f8	  x1=0x800037e0
      112279000	      5512	800037f8	3fcd	c.jal	800037ea	  x1=0x800037fa
      112319000	      5514	800037ea	2019	c.jal	800037f0	  x1=0x800037ec
      112359000	      5516	800037f0	bfe5	c.j	800037e8	
      112399000	      5518	800037e8	bfcd	c.j	800037da	
      112439000	      5520	800037da	a831	c.j	800037f6	
      112479000	      5522	800037f6	2021	c.jal	800037fe	  x1=0x800037f8
      112539000	      5525	800037fe	c4542213	slti	x4,x8,-955	  x8:0x80000000  x4=0x00000001
      112559000	      5526	80003802	010001ef	jal	x3,80003812	  x3=0x80003806
      112799000	      5538	80003812	010002ef	jal	x5,80003822	  x5=0x80003816
      113579000	      5577	80003822	200d	c.jal	80003844	  x1=0x80003824
      114879000	      5642	80003844	bffd	c.j	80003842	
      115659000	      5681	80003842	3fcd	c.jal	80003834	  x1=0x80003844
      115699000	      5683	80003834	b7dd	c.j	8000381a	
      115779000	      5687	8000381a	00a000ef	jal	x1,80003824	  x1=0x8000381e
      115819000	      5689	80003824	b7f5	c.j	80003810	
      115859000	      5691	80003810	2831	c.jal	8000382c	  x1=0x80003812
      115899000	      5693	8000382c	01000def	jal	x27,8000383c	 x27=0x80003830
      116459000	      5721	8000383c	3fe9	c.jal	80003816	  x1=0x8000383e
      116519000	      5724	80003816	02800bef	jal	x23,8000383e	 x23=0x8000381a
      116599000	      5728	8000383e	fcdff0ef	jal	x1,8000380a	  x1=0x80003842
      116639000	      5730	8000380a	2089	c.jal	8000384c	  x1=0x8000380c
      116679000	      5732	8000384c	b7f5	c.j	80003838	
      116719000	      5734	80003838	012002ef	jal	x5,8000384a	  x5=0x8000383c
      116759000	      5736	8000384a	bfd1	c.j	8000381e	
      116839000	      5740	8000381e	fe9ffd6f	jal	x26,80003806	 x26=0x80003822
      116919000	      5744	80003806	020000ef	jal	x1,80003826	  x1=0x8000380a
      116979000	      5747	80003826	fe9ff36f	jal	x6,8000380e	  x6=0x8000382a
      117039000	      5750	8000380e	bffd	c.j	8000380c	
      117099000	      5753	8000380c	a82d	c.j	80003846	
      117179000	      5757	80003846	fe5ff0ef	jal	x1,8000382a	  x1=0x8000384a
      117219000	      5759	8000382a	2019	c.jal	80003830	  x1=0x8000382c
      117299000	      5763	80003830	0060036f	jal	x6,80003836	  x6=0x80003834
      117339000	      5765	80003836	a821	c.j	8000384e	
      117419000	      5769	8000384e	340ea9f3	csrrs	x19,mscratch,x29	 x29:0x00000000 x19=0x00000000
      117439000	      5770	80003852	022001ef	jal	x3,80003874	  x3=0x80003856
      117819000	      5789	80003874	fedff0ef	jal	x1,80003860	  x1=0x80003878
      117859000	      5791	80003860	2009	c.jal	80003862	  x1=0x80003862
      117919000	      5794	80003862	a029	c.j	8000386c	
      118339000	      5815	8000386c	3ffd	c.jal	8000386a	  x1=0x8000386e
      118819000	      5839	8000386a	a811	c.j	8000387e	
      118859000	      5841	8000387e	bff1	c.j	8000385a	
      118899000	      5843	8000385a	bff5	c.j	80003856	
      118959000	      5846	80003856	018000ef	jal	x1,8000386e	  x1=0x8000385a
      119019000	      5849	8000386e	ff9ff0ef	jal	x1,80003866	  x1=0x80003872
      119079000	      5852	80003866	014000ef	jal	x1,8000387a	  x1=0x8000386a
      119119000	      5854	8000387a	a009	c.j	8000387c	
      119159000	      5856	8000387c	37cd	c.jal	8000385e	  x1=0x8000387e
      119199000	      5858	8000385e	200d	c.jal	80003880	  x1=0x80003860
      119239000	      5860	80003880	ff3ff0ef	jal	x1,80003872	  x1=0x80003884
      119279000	      5862	80003872	2019	c.jal	80003878	  x1=0x80003874
      119339000	      5865	80003878	37d5	c.jal	8000385c	  x1=0x8000387a
      119379000	      5867	8000385c	2021	c.jal	80003864	  x1=0x8000385e
      119419000	      5869	80003864	a005	c.j	80003884	
      119459000	      5871	80003884	c35d4d13	xori	x26,x26,-971	 x26:0x80003822 x26=0x7fffc417
      119539000	      5875	80003888	026001ef	jal	x3,800038ae	  x3=0x8000388c
      120279000	      5912	800038ae	fe3ff0ef	jal	x1,80003890	  x1=0x800038b2
      120319000	      5914	80003890	2029	c.jal	8000389a	  x1=0x80003892
      120399000	      5918	8000389a	a039	c.j	800038a8	
      120459000	      5921	800038a8	ff7ff36f	jal	x6,8000389e	  x6=0x800038ac
      120519000	      5924	8000389e	a011	c.j	800038a2	
      120779000	      5937	800038a2	bfc5	c.j	80003892	
      120839000	      5940	80003892	0240036f	jal	x6,800038b6	  x6=0x80003896
      120899000	      5943	800038b6	b7dd	c.j	8000389c	
      120959000	      5946	8000389c	3fed	c.jal	80003896	  x1=0x8000389e
      121019000	      5949	80003896	a009	c.j	80003898	
      121059000	      5951	80003898	3fd5	c.jal	8000388c	  x1=0x8000389a
      121099000	      5953	8000388c	0260086f	jal	x16,800038b2	 x16=0x80003890
      121159000	      5956	800038b2	ff3ff0ef	jal	x1,800038a4	  x1=0x800038b6
      121219000	      5959	800038a4	008000ef	jal	x1,800038ac	  x1=0x800038a8
      121279000	      5962	800038ac	bfd5	c.j	800038a0	
      121339000	      5965	800038a0	a821	c.j	800038b8	
      121379000	      5967	800038b8	03ae81b3	mul	x3,x29,x26	 x29:0x00000000 x26:0x7fffc417  x3=0x00000000
      121399000	      5968	800038bc	022001ef	jal	x3,800038de	  x3=0x800038c0
      122599000	      6028	800038de	2801	c.jal	800038ee	  x1=0x800038e0
      123819000	      6089	800038ee	a011	c.j	800038f2	
      124419000	      6119	800038f2	3fe9	c.jal	800038cc	  x1=0x800038f4
      124479000	      6122	800038cc	01800c6f	jal	x24,800038e4	 x24=0x800038d0
      124539000	      6125	800038e4	b7dd	c.j	800038ca	
      124599000	      6128	800038ca	a831	c.j	800038e6	
      124719000	      6134	800038e6	ffdff36f	jal	x6,800038e2	  x6=0x800038ea
      124779000	      6137	800038e2	2839	c.jal	80003900	  x1=0x800038e4
      125039000	      6150	80003900	ff7ff0ef	jal	x1,800038f6	  x1=0x80003904
      125099000	      6153	800038f6	fe1ff36f	jal	x6,800038d6	  x6=0x800038fa
      125159000	      6156	800038d6	febffd6f	jal	x26,800038c0	 x26=0x800038da
      125219000	      6159	800038c0	2815	c.jal	800038f4	  x1=0x800038c2
      125279000	      6162	800038f4	37f5	c.jal	800038e0	  x1=0x800038f6
      125339000	      6165	800038e0	3fc5	c.jal	800038d0	  x1=0x800038e2
      125399000	      6168	800038d0	0360036f	jal	x6,80003906	  x6=0x800038d4
      125739000	      6185	80003906	fd5ff0ef	jal	x1,800038da	  x1=0x8000390a
      125779000	      6187	800038da	2009	c.jal	800038dc	  x1=0x800038dc
      125839000	      6190	800038dc	2039	c.jal	800038ea	  x1=0x800038de
      125899000	      6193	800038ea	bfe1	c.j	800038c2	
      125959000	      6196	800038c2	a82d	c.j	800038fc	
      126019000	      6199	800038fc	fc9ff0ef	jal	x1,800038c4	  x1=0x80003900
      126079000	      6202	800038c4	281d	c.jal	800038fa	  x1=0x800038c6
      126119000	      6204	800038fa	b7f1	c.j	800038c6	
      126199000	      6208	800038c6	0260036f	jal	x6,800038ec	  x6=0x800038ca
      126239000	      6210	800038ec	a821	c.j	80003904	
      126279000	      6212	80003904	37f5	c.jal	800038f0	  x1=0x80003906
      126319000	      6214	800038f0	37d5	c.jal	800038d4	  x1=0x800038f2
      126359000	      6216	800038d4	281d	c.jal	8000390a	  x1=0x800038d6
      126399000	      6218	8000390a	8ebd	c.xor	x13,x15	 x13:0x00000000 x15:0x08f4afea x13=0x08f4afea
      126419000	      6219	8000390c	01a001ef	jal	x3,80003926	  x3=0x80003910
      126579000	      6227	80003926	3fed	c.jal	80003920	  x1=0x80003928
      127019000	      6249	80003920	3ff5	c.jal	8000391c	  x1=0x80003922
      127059000	      6251	8000391c	2009	c.jal	8000391e	  x1=0x8000391e
      127199000	      6258	8000391e	2035	c.jal	8000394a	  x1=0x80003920
      128039000	      6300	8000394a	bfed	c.j	80003944	
      129039000	      6350	80003944	b7f1	c.j	80003910	
      129099000	      6353	80003910	2821	c.jal	80003928	  x1=0x80003912
      129139000	      6355	80003928	00c006ef	jal	x13,80003934	 x13=0x8000392c
      129179000	      6357	80003934	bff5	c.j	80003930	
      129219000	      6359	80003930	ff3ff0ef	jal	x1,80003922	  x1=0x80003934
      129279000	      6362	80003922	01e000ef	jal	x1,80003940	  x1=0x80003926
      129339000	      6365	80003940	37f5	c.jal	8000392c	  x1=0x80003942
      129379000	      6367	8000392c	020000ef	jal	x1,8000394c	  x1=0x80003930
      129419000	      6369	8000394c	bfed	c.j	80003946	
      129479000	      6372	80003946	ff1ff3ef	jal	x7,80003936	  x7=0x8000394a
      129679000	      6382	80003936	fddffb6f	jal	x22,80003912	 x22=0x8000393a
      129739000	      6385	80003912	a009	c.j	80003914	
      129779000	      6387	80003914	004000ef	jal	x1,80003918	  x1=0x80003918
      129819000	      6389	80003918	022000ef	jal	x1,8000393a	  x1=0x8000391c
      129859000	      6391	8000393a	2021	c.jal	80003942	  x1=0x8000393c
      129899000	      6393	80003942	bfed	c.j	8000393c	
      129939000	      6395	8000393c	01200f6f	jal	x30,8000394e	 x30=0x80003940
      129999000	      6398	8000394e	681d4713	xori	x14,x26,1665	 x26:0x800038da x14=0x80003e5b
      130019000	      6399	80003952	01e001ef	jal	x3,80003970	  x3=0x80003956
      130259000	      6411	80003970	2029	c.jal	8000397a	  x1=0x80003972
      131719000	      6484	8000397a	fefff36f	jal	x6,80003968	  x6=0x8000397e
      132499000	      6523	80003968	016009ef	jal	x19,8000397e	 x19=0x8000396c
      132559000	      6526	8000397e	fe7ff0ef	jal	x1,80003964	  x1=0x80003982
      132619000	      6529	80003964	bffd	c.j	80003962	
      132659000	      6531	80003962	3fed	c.jal	8000395c	  x1=0x80003964
      132699000	      6533	8000395c	2829	c.jal	80003976	  x1=0x8000395e
      132739000	      6535	80003976	3fe5	c.jal	8000396e	  x1=0x80003978
      132799000	      6538	8000396e	37ed	c.jal	80003958	  x1=0x80003970
      132859000	      6541	80003958	01c00cef	jal	x25,80003974	 x25=0x8000395c
      132919000	      6544	80003974	a011	c.j	80003978	
      132979000	      6547	80003978	b7fd	c.j	80003966	
      136419000	      6719	80003966	3fe5	c.jal	8000395e	  x1=0x80003968
      136479000	      6722	8000395e	01400aef	jal	x21,80003972	 x21=0x80003962
      136519000	      6724	80003972	b7d5	c.j	80003956	
      136559000	      6726	80003956	2819	c.jal	8000396c	  x1=0x80003958
      136599000	      6728	8000396c	a819	c.j	80003982	
      136639000	      6730	80003982	a009	c.j	80003984	
      136679000	      6732	80003984	021f0db3	mul	x27,x30,x1	 x30:0x80003940  x1:0x80003958 x27=0x0cd2ee00
      136699000	      6733	80003988	014001ef	jal	x3,8000399c	  x3=0x8000398c
      137579000	      6777	8000399c	bfdd	c.j	80003992	
      137639000	      6780	80003992	00c0036f	jal	x6,8000399e	  x6=0x80003996
      137679000	      6782	8000399e	bfc5	c.j	8000398e	
      137879000	      6792	8000398e	fffff0ef	jal	x1,8000398c	  x1=0x80003992
      137919000	      6794	8000398c	2821	c.jal	800039a4	  x1=0x8000398e
      137959000	      6796	800039a4	bfcd	c.j	80003996	
      138019000	      6799	80003996	00c000ef	jal	x1,800039a2	  x1=0x8000399a
      138079000	      6802	800039a2	bfe5	c.j	8000399a	
      138119000	      6804	8000399a	2019	c.jal	800039a0	  x1=0x8000399c
      138159000	      6806	800039a0	a019	c.j	800039a6	
      138199000	      6808	800039a6	717d	c.addi16sp	x2,-16	  x2:0x80003770  x2=0x80003760
      138219000	      6809	800039a8	010001ef	jal	x3,800039b8	  x3=0x800039ac
      138499000	      6823	800039b8	3fed	c.jal	800039b2	  x1=0x800039ba
      139599000	      6878	800039b2	01c0036f	jal	x6,800039ce	  x6=0x800039b6
      139639000	      6880	800039ce	37f5	c.jal	800039ba	  x1=0x800039d0
      139679000	      6882	800039ba	a021	c.j	800039c2	
      139759000	      6886	800039c2	febff36f	jal	x6,800039ac	  x6=0x800039c6
      139819000	      6889	800039ac	2009	c.jal	800039ae	  x1=0x800039ae
      139879000	      6892	800039ae	2039	c.jal	800039bc	  x1=0x800039b0
      139939000	      6895	800039bc	00a00fef	jal	x31,800039c6	 x31=0x800039c0
      140019000	      6899	800039c6	004004ef	jal	x9,800039ca	  x9=0x800039ca
      140059000	      6901	800039ca	b7f5	c.j	800039b6	
      140099000	      6903	800039b6	200d	c.jal	800039d8	  x1=0x800039b8
      140519000	      6924	800039d8	37e5	c.jal	800039c0	  x1=0x800039da
      140559000	      6926	800039c0	2819	c.jal	800039d6	  x1=0x800039c2
      140619000	      6929	800039d6	3fdd	c.jal	800039cc	  x1=0x800039d8
      140679000	      6932	800039cc	2011	c.jal	800039d0	  x1=0x800039ce
      140739000	      6935	800039d0	2009	c.jal	800039d2	  x1=0x800039d2
      140799000	      6938	800039d2	2009	c.jal	800039d4	  x1=0x800039d4
      140859000	      6941	800039d4	3ff1	c.jal	800039b0	  x1=0x800039d6
      140919000	      6944	800039b0	a02d	c.j	800039da	
      140999000	      6948	800039da	45744837	lui	x16,0x45744	 x16=0x45744000
      141339000	      6965	800039de	030001ef	jal	x3,80003a0e	  x3=0x800039e2
      141779000	      6987	80003a0e	00c00f6f	jal	x30,80003a1a	 x30=0x80003a12
      142199000	      7008	80003a1a	bfe5	c.j	80003a12	
      142259000	      7011	80003a12	bfc5	c.j	80003a02	
      143539000	      7075	80003a02	a01d	c.j	80003a28	
      143579000	      7077	80003a28	b7d5	c.j	80003a0c	
      143619000	      7079	80003a0c	b7dd	c.j	800039f2	
      143699000	      7083	800039f2	012007ef	jal	x15,80003a04	 x15=0x800039f6
      143859000	      7091	80003a04	201d	c.jal	80003a2a	  x1=0x80003a06
      143919000	      7094	80003a2a	bff1	c.j	80003a06	
      143979000	      7097	80003a06	ff5ff0ef	jal	x1,800039fa	  x1=0x80003a0a
      144519000	      7124	800039fa	02c000ef	jal	x1,80003a26	  x1=0x800039fe
      144559000	      7126	80003a26	3fe9	c.jal	80003a00	  x1=0x80003a28
      144599000	      7128	80003a00	b7d5	c.j	800039e4	
      144639000	      7130	800039e4	a009	c.j	800039e6	
      144719000	      7134	800039e6	00600f6f	jal	x30,800039ec	 x30=0x800039ea
      144779000	      7137	800039ec	0120036f	jal	x6,800039fe	  x6=0x800039f0
      144839000	      7140	800039fe	a01d	c.j	80003a24	
      144879000	      7142	80003a24	bff5	c.j	80003a20	
      144919000	      7144	80003a20	fcbff7ef	jal	x15,800039ea	 x15=0x80003a24
      144959000	      7146	800039ea	3fe5	c.jal	800039e2	  x1=0x800039ec
      144999000	      7148	800039e2	282d	c.jal	80003a1c	  x1=0x800039e4
      145119000	      7154	80003a1c	fefff0ef	jal	x1,80003a0a	  x1=0x80003a20
      145179000	      7157	80003a0a	b7fd	c.j	800039f8	
      145239000	      7160	800039f8	a831	c.j	80003a14	
      145299000	      7163	80003a14	004000ef	jal	x1,80003a18	  x1=0x80003a18
      145359000	      7166	80003a18	bfe1	c.j	800039f0	
      145419000	      7169	800039f0	a019	c.j	800039f6	
      145479000	      7172	800039f6	281d	c.jal	80003a2c	  x1=0x800039f8
      145559000	      7176	80003a2c	03852bb3	mulhsu	x23,x10,x24	 x10:0x00800035 x24:0x800038d0 x23=0x00400036
      145579000	      7177	80003a30	020001ef	jal	x3,80003a50	  x3=0x80003a34
      146359000	      7216	80003a50	3fc5	c.jal	80003a40	  x1=0x80003a52
      146399000	      7218	80003a40	2021	c.jal	80003a48	  x1=0x80003a42
      146879000	      7242	80003a48	00600f6f	jal	x30,80003a4e	 x30=0x80003a4c
      147079000	      7252	80003a4e	2029	c.jal	80003a58	  x1=0x80003a50
      147119000	      7254	80003a58	37f5	c.jal	80003a44	  x1=0x80003a5a
      147159000	      7256	80003a44	018000ef	jal	x1,80003a5c	  x1=0x80003a48
      147199000	      7258	80003a5c	3fed	c.jal	80003a56	  x1=0x80003a5e
      147239000	      7260	80003a56	3fdd	c.jal	80003a4c	  x1=0x80003a58
      147279000	      7262	80003a4c	3fc5	c.jal	80003a3c	  x1=0x80003a4e
      147319000	      7264	80003a3c	016000ef	jal	x1,80003a52	  x1=0x80003a40
      147359000	      7266	80003a52	b7dd	c.j	80003a38	
      147399000	      7268	80003a38	00a000ef	jal	x1,80003a42	  x1=0x80003a3c
      147439000	      7270	80003a42	a831	c.j	80003a5e	
      147799000	      7288	80003a5e	fd7ff0ef	jal	x1,80003a34	  x1=0x80003a62
      147839000	      7290	80003a34	a01d	c.j	80003a5a	
      147919000	      7294	80003a5a	a021	c.j	80003a62	
      147979000	      7297	80003a62	bfd1	c.j	80003a36	
      148019000	      7299	80003a36	2839	c.jal	80003a54	  x1=0x80003a38
      148079000	      7302	80003a54	a801	c.j	80003a64	
      148139000	      7305	80003a64	8d05	c.sub	x10,x9	 x10:0x00800035  x9:0x800039ca x10=0x807fc66b
      148239000	      7310	80003a66	00c001ef	jal	x3,80003a72	  x3=0x80003a6a
      149479000	      7372	80003a72	3ffd	c.jal	80003a70	  x1=0x80003a74
      149519000	      7374	80003a70	2011	c.jal	80003a74	  x1=0x80003a72
      149699000	      7383	80003a74	00800cef	jal	x25,80003a7c	 x25=0x80003a78
      149759000	      7386	80003a7c	bffd	c.j	80003a7a	
      149819000	      7389	80003a7a	2809	c.jal	80003a8c	  x1=0x80003a7c
      150559000	      7426	80003a8c	ff3ff26f	jal	x4,80003a7e	  x4=0x80003a90
      150599000	      7428	80003a7e	a009	c.j	80003a80	
      150659000	      7431	80003a80	a009	c.j	80003a82	
      150739000	      7435	80003a82	0040026f	jal	x4,80003a86	  x4=0x80003a86
      150799000	      7438	80003a86	3fcd	c.jal	80003a78	  x1=0x80003a88
      150859000	      7441	80003a78	bfcd	c.j	80003a6a	
      150939000	      7445	80003a6a	01e00f6f	jal	x30,80003a88	 x30=0x80003a6e
      151579000	      7477	80003a88	fe7ff0ef	jal	x1,80003a6e	  x1=0x80003a8c
      151619000	      7479	80003a6e	a00d	c.j	80003a90	
      151679000	      7482	80003a90	997d	c.andi	x10,-1	 x10:0x807fc66b x10=0x807fc66b
      151699000	      7483	80003a92	048001ef	jal	x3,80003ada	  x3=0x80003a96
      152519000	      7524	80003ada	bff1	c.j	80003ab6	
      153159000	      7556	80003ab6	a821	c.j	80003ace	
      153679000	      7582	80003ace	bfd5	c.j	80003ac2	
      153739000	      7585	80003ac2	fedff0ef	jal	x1,80003aae	  x1=0x80003ac6
      153999000	      7598	80003aae	bfe5	c.j	80003aa6	
      154319000	      7614	80003aa6	3fed	c.jal	80003aa0	  x1=0x80003aa8
      155059000	      7651	80003aa0	a021	c.j	80003aa8	
      155099000	      7653	80003aa8	2819	c.jal	80003abe	  x1=0x80003aaa
      155179000	      7657	80003abe	008000ef	jal	x1,80003ac6	  x1=0x80003ac2
      155219000	      7659	80003ac6	bff1	c.j	80003aa2	
      155279000	      7662	80003aa2	016001ef	jal	x3,80003ab8	  x3=0x80003aa6
      155339000	      7665	80003ab8	a801	c.j	80003ac8	
      155379000	      7667	80003ac8	ff3ff36f	jal	x6,80003aba	  x6=0x80003acc
      155439000	      7670	80003aba	012000ef	jal	x1,80003acc	  x1=0x80003abe
      155499000	      7673	80003acc	37f9	c.jal	80003a9a	  x1=0x80003ace
      155559000	      7676	80003a9a	3ff5	c.jal	80003a96	  x1=0x80003a9c
      155619000	      7679	80003a96	2811	c.jal	80003aaa	  x1=0x80003a98
      155679000	      7682	80003aaa	fefff4ef	jal	x9,80003a98	  x9=0x80003aae
      155739000	      7685	80003a98	2821	c.jal	80003ab0	  x1=0x80003a9a
      155779000	      7687	80003ab0	b7f5	c.j	80003a9c	
      155819000	      7689	80003a9c	a009	c.j	80003a9e	
      155859000	      7691	80003a9e	280d	c.jal	80003ad0	  x1=0x80003aa0
      155899000	      7693	80003ad0	a031	c.j	80003adc	
      155939000	      7695	80003adc	bff5	c.j	80003ad8	
      155979000	      7697	80003ad8	3fed	c.jal	80003ad2	  x1=0x80003ada
      156039000	      7700	80003ad2	004002ef	jal	x5,80003ad6	  x5=0x80003ad6
      156099000	      7703	80003ad6	bff1	c.j	80003ab2	
      156159000	      7706	80003ab2	02c003ef	jal	x7,80003ade	  x7=0x80003ab6
      156239000	      7710	80003ade	913a4c13	xori	x24,x20,-1773	 x20:0x800035e6 x24=0x7fffccf5
      156259000	      7711	80003ae2	01a001ef	jal	x3,80003afc	  x3=0x80003ae6
      156899000	      7743	80003afc	2801	c.jal	80003b0c	  x1=0x80003afe
      157499000	      7773	80003b0c	a839	c.j	80003b2a	
      158079000	      7802	80003b2a	bfe5	c.j	80003b22	
      159419000	      7869	80003b22	3fdd	c.jal	80003b18	  x1=0x80003b24
      159479000	      7872	80003b18	bff9	c.j	80003af6	
      160219000	      7909	80003af6	ff1ff0ef	jal	x1,80003ae6	  x1=0x80003afa
      160259000	      7911	80003ae6	2009	c.jal	80003ae8	  x1=0x80003ae8
      160299000	      7913	80003ae8	a00d	c.j	80003b0a	
      160339000	      7915	80003b0a	2801	c.jal	80003b1a	  x1=0x80003b0c
      160419000	      7919	80003b1a	3fd9	c.jal	80003af0	  x1=0x80003b1c
      160539000	      7925	80003af0	2005	c.jal	80003b10	  x1=0x80003af2
      160579000	      7927	80003b10	bfe9	c.j	80003aea	
      160619000	      7929	80003aea	2801	c.jal	80003afa	  x1=0x80003aec
      160659000	      7931	80003afa	a03d	c.j	80003b28	
      160699000	      7933	80003b28	3fe9	c.jal	80003b02	  x1=0x80003b2a
      160759000	      7936	80003b02	02a000ef	jal	x1,80003b2c	  x1=0x80003b06
      160819000	      7939	80003b2c	3fe9	c.jal	80003b06	  x1=0x80003b2e
      160859000	      7941	80003b06	37dd	c.jal	80003aec	  x1=0x80003b08
      160899000	      7943	80003aec	0380036f	jal	x6,80003b24	  x6=0x80003af0
      160939000	      7945	80003b24	ff9ff36f	jal	x6,80003b1c	  x6=0x80003b28
      160979000	      7947	80003b1c	fd7ff36f	jal	x6,80003af2	  x6=0x80003b20
      161039000	      7950	80003af2	016000ef	jal	x1,80003b08	  x1=0x80003af6
      161079000	      7952	80003b08	a821	c.j	80003b20	
      161119000	      7954	80003b20	3fcd	c.jal	80003b12	  x1=0x80003b22
      161159000	      7956	80003b12	2831	c.jal	80003b2e	  x1=0x80003b14
      161239000	      7960	80003b2e	37c5	c.jal	80003b0e	  x1=0x80003b30
      161279000	      7962	80003b0e	bfc5	c.j	80003afe	
      161339000	      7965	80003afe	016000ef	jal	x1,80003b14	  x1=0x80003b02
      161379000	      7967	80003b14	01c000ef	jal	x1,80003b30	  x1=0x80003b18
      161439000	      7970	80003b30	03f39533	mulh	x10,x7,x31	  x7:0x80003ab6 x31:0x800039c0 x10=0x3fffc5c5
      161459000	      7971	80003b34	010001ef	jal	x3,80003b44	  x3=0x80003b38
      161819000	      7989	80003b44	00e00c6f	jal	x24,80003b52	 x24=0x80003b48
      162479000	      8022	80003b52	fedff0ef	jal	x1,80003b3e	  x1=0x80003b56
      162519000	      8024	80003b3e	a039	c.j	80003b4c	
      162579000	      8027	80003b4c	3fc5	c.jal	80003b3c	  x1=0x80003b4e
      162639000	      8030	80003b3c	2011	c.jal	80003b40	  x1=0x80003b3e
      162699000	      8033	80003b40	00e000ef	jal	x1,80003b4e	  x1=0x80003b44
      162759000	      8036	80003b4e	a009	c.j	80003b50	
      162819000	      8039	80003b50	b7e5	c.j	80003b38	
      162879000	      8042	80003b38	012000ef	jal	x1,80003b4a	  x1=0x80003b3c
      162939000	      8045	80003b4a	bffd	c.j	80003b48	
      162999000	      8048	80003b48	2039	c.jal	80003b56	  x1=0x80003b4a
      163079000	      8052	80003b56	0040036f	jal	x6,80003b5a	  x6=0x80003b5a
      163119000	      8054	80003b5a	81b9	c.srli	x11,0xe	 x11:0x00000000 x11=0x00000000
      163139000	      8055	80003b5c	038001ef	jal	x3,80003b94	  x3=0x80003b60
      163359000	      8066	80003b94	b7f1	c.j	80003b60	
      163419000	      8069	80003b60	024000ef	jal	x1,80003b84	  x1=0x80003b64
      163799000	      8088	80003b84	ff9ff2ef	jal	x5,80003b7c	  x5=0x80003b88
      164259000	      8111	80003b7c	fefff1ef	jal	x3,80003b6a	  x3=0x80003b80
      164559000	      8126	80003b6a	2019	c.jal	80003b70	  x1=0x80003b6c
      165119000	      8154	80003b70	fffffd6f	jal	x26,80003b6e	 x26=0x80003b74
      165159000	      8156	80003b6e	a829	c.j	80003b88	
      165199000	      8158	80003b88	bfc5	c.j	80003b78	
      165239000	      8160	80003b78	fedff36f	jal	x6,80003b64	  x6=0x80003b7c
      165299000	      8163	80003b64	2035	c.jal	80003b90	  x1=0x80003b66
      165339000	      8165	80003b90	fe5ff0ef	jal	x1,80003b74	  x1=0x80003b94
      165379000	      8167	80003b74	016000ef	jal	x1,80003b8a	  x1=0x80003b78
      165419000	      8169	80003b8a	b7cd	c.j	80003b6c	
      165459000	      8171	80003b6c	3fed	c.jal	80003b66	  x1=0x80003b6e
      165499000	      8173	80003b66	2025	c.jal	80003b8e	  x1=0x80003b68
      165539000	      8175	80003b8e	bffd	c.j	80003b8c	
      165579000	      8177	80003b8c	a029	c.j	80003b96	
      165639000	      8180	80003b96	febff0ef	jal	x1,80003b80	  x1=0x80003b9a
      165679000	      8182	80003b80	fe9ff0ef	jal	x1,80003b68	  x1=0x80003b84
      165719000	      8184	80003b68	280d	c.jal	80003b9a	  x1=0x80003b6a
      165759000	      8186	80003b9a	a009	c.j	80003b9c	
      165799000	      8188	80003b9c	0a85	c.addi	x21,1	 x21:0x80003962 x21=0x80003963
      165819000	      8189	80003b9e	048001ef	jal	x3,80003be6	  x3=0x80003ba2
      166019000	      8199	80003be6	bfe1	c.j	80003bbe	
      167079000	      8252	80003bbe	bfe5	c.j	80003bb6	
      167419000	      8269	80003bb6	004000ef	jal	x1,80003bba	  x1=0x80003bba
      167479000	      8272	80003bba	a039	c.j	80003bc8	
      167519000	      8274	80003bc8	00a000ef	jal	x1,80003bd2	  x1=0x80003bcc
      168439000	      8320	80003bd2	fe3ff0ef	jal	x1,80003bb4	  x1=0x80003bd6
      168479000	      8322	80003bb4	bff5	c.j	80003bb0	
      168559000	      8326	80003bb0	ff7ff0ef	jal	x1,80003ba6	  x1=0x80003bb4
      168619000	      8329	80003ba6	202d	c.jal	80003bd0	  x1=0x80003ba8
      168679000	      8332	80003bd0	3ff5	c.jal	80003bcc	  x1=0x80003bd2
      168719000	      8334	80003bcc	ff7ff36f	jal	x6,80003bc2	  x6=0x80003bd0
      168779000	      8337	80003bc2	018000ef	jal	x1,80003bda	  x1=0x80003bc6
      168839000	      8340	80003bda	2011	c.jal	80003bde	  x1=0x80003bdc
      168919000	      8344	80003bde	fcfff0ef	jal	x1,80003bac	  x1=0x80003be2
      168959000	      8346	80003bac	030000ef	jal	x1,80003bdc	  x1=0x80003bb0
      169039000	      8350	80003bdc	37ed	c.jal	80003bc6	  x1=0x80003bde
      169079000	      8352	80003bc6	bfdd	c.j	80003bbc	
      169119000	      8354	80003bbc	37dd	c.jal	80003ba2	  x1=0x80003bbe
      169179000	      8357	80003ba2	0060036f	jal	x6,80003ba8	  x6=0x80003ba6
      192479000	      9522	80003ba8	02e000ef	jal	x1,80003bd6	  x1=0x80003bac
      192539000	      9525	80003bd6	febff0ef	jal	x1,80003bc0	  x1=0x80003bda
      192579000	      9527	80003bc0	a00d	c.j	80003be2	
      192639000	      9530	80003be2	006005ef	jal	x11,80003be8	 x11=0x80003be6
      192719000	      9534	80003be8	34007df3	csrrci	x27,mscratch,0	 x27=0x00000000
      192739000	      9535	80003bec	028001ef	jal	x3,80003c14	  x3=0x80003bf0
      193419000	      9569	80003c14	ff3ff0ef	jal	x1,80003c06	  x1=0x80003c18
      194639000	      9630	80003c06	ff9ff36f	jal	x6,80003bfe	  x6=0x80003c0a
      194799000	      9638	80003bfe	012000ef	jal	x1,80003c10	  x1=0x80003c02
      194839000	      9640	80003c10	b7dd	c.j	80003bf6	
      194919000	      9644	80003bf6	02800d6f	jal	x26,80003c1e	 x26=0x80003bfa
      194959000	      9646	80003c1e	b7fd	c.j	80003c0c	
      194999000	      9648	80003c0c	2019	c.jal	80003c12	  x1=0x80003c0e
      195039000	      9650	80003c12	3ff5	c.jal	80003c0e	  x1=0x80003c14
      195079000	      9652	80003c0e	3ff5	c.jal	80003c0a	  x1=0x80003c10
      195139000	      9655	80003c0a	bfc5	c.j	80003bfa	
      195219000	      9659	80003bfa	01e000ef	jal	x1,80003c18	  x1=0x80003bfe
      195279000	      9662	80003c18	008000ef	jal	x1,80003c20	  x1=0x80003c1c
      195319000	      9664	80003c20	3fc1	c.jal	80003bf0	  x1=0x80003c22
      195359000	      9666	80003bf0	2811	c.jal	80003c04	  x1=0x80003bf2
      195419000	      9669	80003c04	3ffd	c.jal	80003c02	  x1=0x80003c06
      195459000	      9671	80003c02	3fc5	c.jal	80003bf2	  x1=0x80003c04
      195519000	      9674	80003bf2	02a000ef	jal	x1,80003c1c	  x1=0x80003bf6
      195579000	      9677	80003c1c	2019	c.jal	80003c22	  x1=0x80003c1e
      195659000	      9681	80003c22	41acdf13	srai	x30,x25,0x1a	 x25:0x80003a78 x30=0xffffffe0
      196539000	      9725	80003c26	030001ef	jal	x3,80003c56	  x3=0x80003c2a
      197619000	      9779	80003c56	00c006ef	jal	x13,80003c62	 x13=0x80003c5a
      198259000	      9811	80003c62	bfc5	c.j	80003c52	
      198299000	      9813	80003c52	bfe5	c.j	80003c4a	
      199259000	      9861	80003c4a	ff1ff36f	jal	x6,80003c3a	  x6=0x80003c4e
      199299000	      9863	80003c3a	a019	c.j	80003c40	
      199659000	      9881	80003c40	fedff0ef	jal	x1,80003c2c	  x1=0x80003c44
      199719000	      9884	80003c2c	04a000ef	jal	x1,80003c76	  x1=0x80003c30
      199759000	      9886	80003c76	3ff5	c.jal	80003c72	  x1=0x80003c78
      199819000	      9889	80003c72	fc5ff2ef	jal	x5,80003c36	  x5=0x80003c76
      199859000	      9891	80003c36	bff5	c.j	80003c32	
      199939000	      9895	80003c32	ff9ff0ef	jal	x1,80003c2a	  x1=0x80003c36
      199999000	      9898	80003c2a	2839	c.jal	80003c48	  x1=0x80003c2c
      200059000	      9901	80003c48	3fc5	c.jal	80003c38	  x1=0x80003c4a
      200119000	      9904	80003c38	a80d	c.j	80003c6a	
      200179000	      9907	80003c6a	a019	c.j	80003c70	
      200239000	      9910	80003c70	3ff5	c.jal	80003c6c	  x1=0x80003c72
      200299000	      9913	80003c6c	ffbff0ef	jal	x1,80003c66	  x1=0x80003c70
      200379000	      9917	80003c66	ff9ff0ef	jal	x1,80003c5e	  x1=0x80003c6a
      200439000	      9920	80003c5e	0060026f	jal	x4,80003c64	  x4=0x80003c62
      200499000	      9923	80003c64	a819	c.j	80003c7a	
      200579000	      9927	80003c7a	fc5ff0ef	jal	x1,80003c3e	  x1=0x80003c7e
      200639000	      9930	80003c3e	a801	c.j	80003c4e	
      200759000	      9936	80003c4e	00c000ef	jal	x1,80003c5a	  x1=0x80003c52
      200839000	      9940	80003c5a	01e000ef	jal	x1,80003c78	  x1=0x80003c5e
      200899000	      9943	80003c78	bff1	c.j	80003c54	
      200939000	      9945	80003c54	bfc5	c.j	80003c44	
      200999000	      9948	80003c44	ff9ff36f	jal	x6,80003c3c	  x6=0x80003c48
      201039000	      9950	80003c3c	bfd5	c.j	80003c30	
      201079000	      9952	80003c30	a0b9	c.j	80003c7e	
      201119000	      9954	80003c7e	8521	c.srai	x10,0x8	 x10:0x3fffc5c5 x10=0x003fffc5
      201159000	      9956	80003c80	006001ef	jal	x3,80003c86	  x3=0x80003c84
      201279000	      9962	80003c86	018000ef	jal	x1,80003c9e	  x1=0x80003c8a
      202199000	     10008	80003c9e	0240036f	jal	x6,80003cc2	  x6=0x80003ca2
      202379000	     10017	80003cc2	bfcd	c.j	80003cb4	
      202899000	     10043	80003cb4	2819	c.jal	80003cca	  x1=0x80003cb6
      202959000	     10046	80003cca	fc9ff0ef	jal	x1,80003c92	  x1=0x80003cce
      203019000	     10049	80003c92	a829	c.j	80003cac	
      203079000	     10052	80003cac	fe3ff0ef	jal	x1,80003c8e	  x1=0x80003cb0
      203119000	     10054	80003c8e	a021	c.j	80003c96	
      203179000	     10057	80003c96	014000ef	jal	x1,80003caa	  x1=0x80003c9a
      203219000	     10059	80003caa	bfe5	c.j	80003ca2	
      203259000	     10061	80003ca2	2009	c.jal	80003ca4	  x1=0x80003ca4
      203299000	     10063	80003ca4	b7e5	c.j	80003c8c	
      203339000	     10065	80003c8c	a089	c.j	80003cce	
      203399000	     10068	80003cce	fbdff0ef	jal	x1,80003c8a	  x1=0x80003cd2
      203439000	     10070	80003c8a	a0b1	c.j	80003cd6	
      203499000	     10073	80003cd6	b7e5	c.j	80003cbe	
      203579000	     10077	80003cbe	016000ef	jal	x1,80003cd4	  x1=0x80003cc2
      203619000	     10079	80003cd4	37dd	c.jal	80003cba	  x1=0x80003cd6
      203819000	     10089	80003cba	00a0036f	jal	x6,80003cc4	  x6=0x80003cbe
      203879000	     10092	80003cc4	37c1	c.jal	80003c84	  x1=0x80003cc6
      203939000	     10095	80003c84	a00d	c.j	80003ca6	
      203979000	     10097	80003ca6	2801	c.jal	80003cb6	  x1=0x80003ca8
      204059000	     10101	80003cb6	01c0076f	jal	x14,80003cd2	 x14=0x80003cba
      204119000	     10104	80003cd2	b7c9	c.j	80003c94	
      204159000	     10106	80003c94	a831	c.j	80003cb0	
      204199000	     10108	80003cb0	fe1ff86f	jal	x16,80003c90	 x16=0x80003cb4
      204239000	     10110	80003c90	281d	c.jal	80003cc6	  x1=0x80003c92
      204299000	     10113	80003cc6	fe3ff36f	jal	x6,80003ca8	  x6=0x80003cca
      204339000	     10115	80003ca8	bfcd	c.j	80003c9a	
      204399000	     10118	80003c9a	03e00bef	jal	x23,80003cd8	 x23=0x80003c9e
      204459000	     10121	80003cd8	0f96	c.slli	x31,0x5	 x31:0x800039c0 x31=0x00073800
      204479000	     10122	80003cda	03e001ef	jal	x3,80003d18	  x3=0x80003cde
      204979000	     10147	80003d18	b7e1	c.j	80003ce0	
      205059000	     10151	80003ce0	01000aef	jal	x21,80003cf0	 x21=0x80003ce4
      205659000	     10181	80003cf0	a021	c.j	80003cf8	
      206439000	     10220	80003cf8	fefff36f	jal	x6,80003ce6	  x6=0x80003cfc
      206519000	     10224	80003ce6	2021	c.jal	80003cee	  x1=0x80003ce8
      206579000	     10227	80003cee	a011	c.j	80003cf2	
      206639000	     10230	80003cf2	a811	c.j	80003d06	
      206699000	     10233	80003d06	37fd	c.jal	80003cf4	  x1=0x80003d08
      206739000	     10235	80003cf4	febff0ef	jal	x1,80003cde	  x1=0x80003cf8
      206799000	     10238	80003cde	a019	c.j	80003ce4	
      206859000	     10241	80003ce4	2005	c.jal	80003d04	  x1=0x80003ce6
      206919000	     10244	80003d04	2019	c.jal	80003d0a	  x1=0x80003d06
      207559000	     10276	80003d0a	00a0086f	jal	x16,80003d14	 x16=0x80003d0e
      208339000	     10315	80003d14	febff0ef	jal	x1,80003cfe	  x1=0x80003d18
      208399000	     10318	80003cfe	febff0ef	jal	x1,80003ce8	  x1=0x80003d02
      208459000	     10321	80003ce8	a005	c.j	80003d08	
      208499000	     10323	80003d08	3fed	c.jal	80003d02	  x1=0x80003d0a
      208539000	     10325	80003d02	2031	c.jal	80003d0e	  x1=0x80003d04
      208599000	     10328	80003d0e	fefff0ef	jal	x1,80003cfc	  x1=0x80003d12
      208639000	     10330	80003cfc	b7fd	c.j	80003cea	
      208699000	     10333	80003cea	034000ef	jal	x1,80003d1e	  x1=0x80003cee
      208759000	     10336	80003d1e	3ff5	c.jal	80003d1a	  x1=0x80003d20
      208819000	     10339	80003d1a	ff9ffdef	jal	x27,80003d12	 x27=0x80003d1e
      208859000	     10341	80003d12	a039	c.j	80003d20	
      208899000	     10343	80003d20	00a6d933	srl	x18,x13,x10	 x13:0x80003c5a x10:0x003fffc5 x18=0x040001e2
      208919000	     10344	80003d24	741acf13	xori	x30,x21,1857	 x21:0x80003ce4 x30=0x80003ba5
      208939000	     10345	80003d28	04be1063	bne	x28,x11,80003d68	 x28:0x8001fe64 x11:0x80003be6
      209239000	     10360	80003d68	fe7ff0ef	jal	x1,80003d4e	  x1=0x80003d6c
      210059000	     10401	80003d4e	2819	c.jal	80003d64	  x1=0x80003d50
      210779000	     10437	80003d64	2021	c.jal	80003d6c	  x1=0x80003d66
      210819000	     10439	80003d6c	3ff1	c.jal	80003d48	  x1=0x80003d6e
      210859000	     10441	80003d48	010000ef	jal	x1,80003d58	  x1=0x80003d4c
      210899000	     10443	80003d58	a821	c.j	80003d70	
      210999000	     10448	80003d70	0040056f	jal	x10,80003d74	 x10=0x80003d74
      211059000	     10451	80003d74	004002ef	jal	x5,80003d78	  x5=0x80003d78
      211119000	     10454	80003d78	34055bf3	csrrwi	x23,mscratch,10	 x23=0x00000000
      211139000	     10455	80003d7c	cb11	c.beqz	x14,80003d90	 x14:0x80003cba
      211319000	     10464	80003d7e	026d08b3	mul	x17,x26,x6	 x26:0x80003bfa  x6:0x80003cfc x17=0x0e49a218
      212059000	     10501	80003d82	03a359b3	divu	x19,x6,x26	  x6:0x80003cfc x26:0x80003bfa x19=0x00000001
      212079000	     10502	80003d86	8fc1	c.or	x15,x8	 x15:0x80003a24  x8:0x80000000 x15=0x80003a24
      212099000	     10503	80003d88	01eb1513	slli	x10,x22,0x1e	 x22:0x8000393a x10=0x80000000
      212139000	     10505	80003d8c	02f62eb3	mulhsu	x29,x12,x15	 x12:0x80023ce4 x15:0x80003a24 x29=0xc0010160
      212159000	     10506	80003d90	340f90f3	csrrw	x1,mscratch,x31	 x31:0x00073800  x1=0x0000000a
      212179000	     10507	80003d94	c289	c.beqz	x13,80003d96	 x13:0x80003c5a
      212199000	     10508	80003d96	02f49463	bne	x9,x15,80003dbe	  x9:0x80003aae x15:0x80003a24
      212699000	     10533	80003dbe	009317b3	sll	x15,x6,x9	  x6:0x80003cfc  x9:0x80003aae x15=0x0f3f0000
      212719000	     10534	80003dc2	8bc1	c.andi	x15,16	 x15:0x0f3f0000 x15=0x00000000
      212739000	     10535	80003dc4	0019d463	bge	x19,x1,80003dcc	 x19:0x00000001  x1:0x0000000a
      213019000	     10549	80003dc8	8b42	c.mv	x22,x16	  x0:0x00000000 x16:0x80003d0e x22=0x80003d0e
      213039000	     10550	80003dca	6139	c.addi16sp	x2,448	  x2:0x80003760  x2=0x80003920
      213059000	     10551	80003dcc	40075d13	srai	x26,x14,0x0	 x14:0x80003cba x26=0x80003cba
      213079000	     10552	80003dd0	028e4963	blt	x28,x8,80003e02	 x28:0x8001fe64  x8:0x80000000
      213179000	     10557	80003dd4	9a9e	c.add	x21,x7	 x21:0x80003ce4  x7:0x80003ab6 x21=0x0000779a
      213599000	     10578	80003dd6	0000100f	fence.i	
      214759000	     10636	80003dda	af9a2b93	slti	x23,x20,-1287	 x20:0x800035e6 x23=0x00000001
      214779000	     10637	80003dde	0a52	c.slli	x20,0x14	 x20:0x800035e6 x20=0x5e600000
      215619000	     10679	80003de0	028ae1b3	rem	x3,x21,x8	 x21:0x0000779a  x8:0x80000000  x3=0x0000779a
      215639000	     10680	80003de4	00f7d513	srli	x10,x15,0xf	 x15:0x00000000 x10=0x00000000
      215659000	     10681	80003de8	00bbe233	or	x4,x23,x11	 x23:0x00000001 x11:0x80003be6  x4=0x80003be7
      216399000	     10718	80003dec	02bfd8b3	divu	x17,x31,x11	 x31:0x00073800 x11:0x80003be6 x17=0x00000000
      216419000	     10719	80003df0	0000100f	fence.i	
      216859000	     10741	80003df4	003a98b3	sll	x17,x21,x3	 x21:0x0000779a  x3:0x0000779a x17=0x68000000
      217079000	     10752	80003df8	914fa693	slti	x13,x31,-1772	 x31:0x00073800 x13=0x00000000
      217099000	     10753	80003dfc	0ff0000f	fence	iorw,iorw	
      217139000	     10755	80003e00	86e9	c.srai	x13,0x1a	 x13:0x00000000 x13=0x00000000
      217159000	     10756	80003e02	3407dbf3	csrrwi	x23,mscratch,15	 x23=0x00073800
      217899000	     10793	80003e06	039ed3b3	divu	x7,x29,x25	 x29:0xc0010160 x25:0x80003a78  x7=0x00000001
      217919000	     10794	80003e0a	a1dbf493	andi	x9,x23,-1507	 x23:0x00073800  x9=0x00073800
      217939000	     10795	80003e0e	117e6d93	ori	x27,x28,279	 x28:0x8001fe64 x27=0x8001ff77
      217959000	     10796	80003e12	717d	c.addi16sp	x2,-16	  x2:0x80003920  x2=0x80003910
      217979000	     10797	80003e14	003a45b3	xor	x11,x20,x3	 x20:0x5e600000  x3:0x0000779a x11=0x5e60779a
      217999000	     10798	80003e18	5c30f893	andi	x17,x1,1475	  x1:0x0000000a x17=0x00000002
      218019000	     10799	80003e1c	0109ce63	blt	x19,x16,80003e38	 x19:0x00000001 x16:0x80003d0e
      218239000	     10810	80003e20	00867c63	bgeu	x12,x8,80003e38	 x12:0x80023ce4  x8:0x80000000
      218499000	     10823	80003e38	04e06263	bltu	x0,x14,80003e7c	  x0:0x00000000 x14:0x80003cba
      219539000	     10875	80003e7c	02e758b3	divu	x17,x14,x14	 x14:0x80003cba x14:0x80003cba x17=0x00000001
      219559000	     10876	80003e80	00fa0d33	add	x26,x20,x15	 x20:0x5e600000 x15:0x00000000 x26=0x5e600000
      219579000	     10877	80003e84	7c263293	sltiu	x5,x12,1986	 x12:0x80023ce4  x5=0x00000000
      220319000	     10914	80003e88	03a9e8b3	rem	x17,x19,x26	 x19:0x00000001 x26:0x5e600000 x17=0x00000001
      220339000	     10915	80003e8c	02f5d063	bge	x11,x15,80003eac	 x11:0x5e60779a x15:0x00000000
      220659000	     10931	80003eac	031f9c33	mulh	x24,x31,x17	 x31:0x00073800 x17:0x00000001 x24=0x00000000
      220679000	     10932	80003eb0	0d94	c.addi4spn	x13,x2,720	 x13=0x80003be0
      220859000	     10941	80003eb2	0070ed33	or	x26,x1,x7	  x1:0x0000000a  x7:0x00000001 x26=0x0000000b
      220879000	     10942	80003eb6	58fd	c.li	x17,-1	 x17=0xffffffff
      221099000	     10953	80003eb8	020e5a33	divu	x20,x28,x0	 x28:0x8001fe64  x0:0x00000000 x20=0xffffffff
      221159000	     10956	80003ebc	40f3d793	srai	x15,x7,0xf	  x7:0x00000001 x15=0x00000000
      221219000	     10959	80003ec0	c399	c.beqz	x15,80003ec6	 x15:0x00000000
      221779000	     10987	80003ec6	8dc48897	auipc	x17,0x8dc48	 x17=0x0dc4bec6
      222079000	     11002	80003eca	016fce63	blt	x31,x22,80003ee6	 x31:0x00073800 x22:0x80003d0e
      222819000	     11039	80003ece	02ba7ab3	remu	x21,x20,x11	 x20:0xffffffff x11:0x5e60779a x21=0x433f10cb
      222839000	     11040	80003ed2	5f7d	c.li	x30,-1	 x30=0xffffffff
      223579000	     11077	80003ed4	039545b3	div	x11,x10,x25	 x10:0x00000000 x25:0x80003a78 x11=0x00000000
      223599000	     11078	80003ed8	67d1	c.lui	x15,0x14	 x15=0x00014000
      223639000	     11080	80003eda	0378a5b3	mulhsu	x11,x17,x23	 x17:0x0dc4bec6 x23:0x00073800 x11=0x00006364
      223659000	     11081	80003ede	00fad1b3	srl	x3,x21,x15	 x21:0x433f10cb x15:0x00014000  x3=0x433f10cb
      223679000	     11082	80003ee2	db33fc93	andi	x25,x7,-589	  x7:0x00000001 x25=0x00000001
      223699000	     11083	80003ee6	04fc8163	beq	x25,x15,80003f28	 x25:0x00000001 x15:0x00014000
      224439000	     11120	80003eea	0293cd33	div	x26,x7,x9	  x7:0x00000001  x9:0x00073800 x26=0x00000000
      224459000	     11121	80003eee	34047cf3	csrrci	x25,mscratch,8	 x25=0x0000000f
      224479000	     11122	80003ef2	03554f63	blt	x10,x21,80003f30	 x10:0x00000000 x21:0x433f10cb
      224699000	     11133	80003f30	417a5db3	sra	x27,x20,x23	 x20:0xffffffff x23:0x00073800 x27=0xffffffff
      224859000	     11141	80003f34	340e1bf3	csrrw	x23,mscratch,x28	 x28:0x8001fe64 x23=0x00000007
      224879000	     11142	80003f38	0001	c.addi	x0,0	  x0:0x00000000  x0=0x00000000
      225239000	     11160	80003f3a	0067ac33	slt	x24,x15,x6	 x15:0x00014000  x6:0x80003cfc x24=0x00000000
      226279000	     11212	80003f3e	03087533	remu	x10,x16,x16	 x16:0x80003d0e x16:0x80003d0e x10=0x00000000
      226299000	     11213	80003f42	577d	c.li	x14,-1	 x14=0xffffffff
      226319000	     11214	80003f44	02c08933	mul	x18,x1,x12	  x1:0x0000000a x12:0x80023ce4 x18=0x001660e8
      226339000	     11215	80003f48	155c8393	addi	x7,x25,341	 x25:0x0000000f  x7=0x00000164
      226359000	     11216	80003f4c	031e87b3	mul	x15,x29,x17	 x29:0xc0010160 x17:0x0dc4bec6 x15=0x2d4c5040
      226379000	     11217	80003f50	8e91	c.sub	x13,x12	 x13:0x80003be0 x12:0x80023ce4 x13=0xfffdfefc
      226399000	     11218	80003f52	4ecd	c.li	x29,19	 x29=0x00000013
      226419000	     11219	80003f54	332df313	andi	x6,x27,818	 x27:0xffffffff  x6=0x00000332
      226819000	     11239	80003f58	68a5	c.lui	x17,0x9	 x17=0x00009000
      226839000	     11240	80003f5a	8ce5	c.and	x9,x9	  x9:0x00073800  x9:0x00073800  x9=0x00073800
      227239000	     11260	80003f5c	3dbbb593	sltiu	x11,x23,987	 x23:0x00000007 x11=0x00000001
      227259000	     11261	80003f60	340f5373	csrrwi	x6,mscratch,30	  x6=0x8001fe64
      227679000	     11282	80003f64	8796	c.mv	x15,x5	  x0:0x00000000  x5:0x00000000 x15=0x00000000
      228419000	     11319	80003f66	0338eeb3	rem	x29,x17,x19	 x17:0x00009000 x19:0x00000001 x29=0x00000000
      228439000	     11320	80003f6a	8a8a	c.mv	x21,x2	  x0:0x00000000  x2:0x80003910 x21=0x80003910
      228479000	     11322	80003f6c	03a86db3	rem	x27,x16,x26	 x16:0x80003d0e x26:0x00000000 x27=0x80003d0e
      228499000	     11323	80003f70	8dcd	c.or	x11,x11	 x11:0x00000001 x11:0x00000001 x11=0x00000001
      228519000	     11324	80003f72	61c5	c.lui	x3,0x11	  x3=0x00011000
      228539000	     11325	80003f74	8ffd	c.and	x15,x15	 x15:0x00000000 x15:0x00000000 x15=0x00000000
      228559000	     11326	80003f76	03281c63	bne	x16,x18,80003fae	 x16:0x80003d0e x18:0x001660e8
      229279000	     11362	80003fae	0996	c.slli	x19,0x5	 x19:0x00000001 x19=0x00000020
      229319000	     11364	80003fb0	177d	c.addi	x14,-1	 x14:0xffffffff x14=0xfffffffe
      229339000	     11365	80003fb2	8e85	c.sub	x13,x9	 x13:0xfffdfefc  x9:0x00073800 x13=0xfff6c6fc
      229359000	     11366	80003fb4	8ec1	c.or	x13,x8	 x13:0xfff6c6fc  x8:0x80000000 x13=0xfff6c6fc
      229659000	     11381	80003fb6	02fef463	bgeu	x29,x15,80003fde	 x29:0x00000000 x15:0x00000000
      231059000	     11451	80003fde	0000100f	fence.i	
      231139000	     11455	80003fe2	8c76	c.mv	x24,x29	  x0:0x00000000 x29:0x00000000 x24=0x00000000
      231359000	     11466	80003fe4	0ff0000f	fence	iorw,iorw	
      231679000	     11482	80003fe8	020f1d33	mulh	x26,x30,x0	 x30:0xffffffff  x0:0x00000000 x26=0x00000000
      231699000	     11483	80003fec	41418b33	sub	x22,x3,x20	  x3:0x00011000 x20:0xffffffff x22=0x00011001
      231839000	     11490	80003ff0	cf81	c.beqz	x15,80004008	 x15:0x00000000
      232099000	     11503	80004008	019099b3	sll	x19,x1,x25	  x1:0x0000000a x25:0x0000000f x19=0x00050000
      236179000	     11707	8000400c	009e45b3	xor	x11,x28,x9	 x28:0x8001fe64  x9:0x00073800 x11=0x8006c664
      236199000	     11708	80004010	1e7b80b7	lui	x1,0x1e7b8	  x1=0x1e7b8000
      236219000	     11709	80004014	0ff0000f	fence	iorw,iorw	
      236239000	     11710	80004018	dedb9317	auipc	x6,0xdedb9	  x6=0x5edbd018
      236259000	     11711	8000401c	34001773	csrrw	x14,mscratch,x0	  x0:0x00000000 x14=0x0000001e
      236439000	     11720	80004020	4129dd13	srai	x26,x19,0x12	 x19:0x00050000 x26=0x00000001
      236659000	     11731	80004024	cd11	c.beqz	x10,80004040	 x10:0x00000000
      237679000	     11782	80004040	0261fb33	remu	x22,x3,x6	  x3:0x00011000  x6:0x5edbd018 x22=0x00011000
      237699000	     11783	80004044	4119d113	srai	x2,x19,0x11	 x19:0x00050000  x2=0x00000002
      237719000	     11784	80004048	2ce8b037	lui	x0,0x2ce8b	  x0=0x00000000
      237739000	     11785	8000404c	0001	c.addi	x0,0	  x0:0x00000000  x0=0x00000000
      237759000	     11786	8000404e	340d5ef3	csrrwi	x29,mscratch,26	 x29=0x00000000
      238499000	     11823	80004052	03f05133	divu	x2,x0,x31	  x0:0x00000000 x31:0x00073800  x2=0x00000000
      238519000	     11824	80004056	00773133	sltu	x2,x14,x7	 x14:0x0000001e  x7:0x00000164  x2=0x00000001
      238559000	     11826	8000405a	036d9cb3	mulh	x25,x27,x22	 x27:0x80003d0e x22:0x00011000 x25=0xffff7800
      238579000	     11827	8000405e	01cac4b3	xor	x9,x21,x28	 x21:0x80003910 x28:0x8001fe64  x9=0x0001c774
      238599000	     11828	80004062	0a1e8693	addi	x13,x29,161	 x29:0x00000000 x13=0x000000a1
      238619000	     11829	80004066	6245	c.lui	x4,0x11	  x4=0x00011000
      238639000	     11830	80004068	8889	c.andi	x9,2	  x9:0x0001c774  x9=0x00000000
      238659000	     11831	8000406a	00b14d63	blt	x2,x11,80004084	  x2:0x00000001 x11:0x8006c664
      238679000	     11832	8000406e	1108	c.addi4spn	x10,x2,160	 x10=0x000000a1
      238719000	     11834	80004070	8f49	c.or	x14,x10	 x14:0x0000001e x10:0x000000a1 x14=0x000000bf
      238999000	     11848	80004072	340020f3	csrrs	x1,mscratch,x0	  x0:0x00000000  x1=0x0000001a
      239739000	     11885	80004076	0392eeb3	rem	x29,x5,x25	  x5:0x00000000 x25:0xffff7800 x29=0x00000000
      239759000	     11886	8000407a	6131	c.addi16sp	x2,320	  x2:0x00000001  x2=0x00000141
      239799000	     11888	8000407c	0242beb3	mulhu	x29,x5,x4	  x5:0x00000000  x4:0x00011000 x29=0x00000000
      239819000	     11889	80004080	0001	c.addi	x0,0	  x0:0x00000000  x0=0x00000000
      239839000	     11890	80004082	717d	c.addi16sp	x2,-16	  x2:0x00000141  x2=0x00000131
      239859000	     11891	80004084	016cac33	slt	x24,x25,x22	 x25:0xffff7800 x22:0x00011000 x24=0x00000001
      239879000	     11892	80004088	3408dbf3	csrrwi	x23,mscratch,17	 x23=0x0000001a
      239899000	     11893	8000408c	c9bd	c.beqz	x11,80004102	 x11:0x8006c664
      240639000	     11930	8000408e	0239ca33	div	x20,x19,x3	 x19:0x00050000  x3:0x00011000 x20=0x00000004
      240659000	     11931	80004092	8fa5	c.xor	x15,x9	 x15:0x00000000  x9:0x00000000 x15=0x00000000
      240679000	     11932	80004094	340071f3	csrrci	x3,mscratch,0	  x3=0x00000011
      240699000	     11933	80004098	3401e4f3	csrrsi	x9,mscratch,3	  x9=0x00000011
      240719000	     11934	8000409c	8365	c.srli	x14,0x19	 x14:0x000000bf x14=0x00000000
      240739000	     11935	8000409e	ab0bea93	ori	x21,x23,-1360	 x23:0x0000001a x21=0xfffffaba
      240759000	     11936	800040a2	014001ef	jal	x3,800040b6	  x3=0x800040a6
      241699000	     11983	800040b6	2021	c.jal	800040be	  x1=0x800040b8
      242299000	     12013	800040be	a829	c.j	800040d8	
      243239000	     12060	800040d8	008004ef	jal	x9,800040e0	  x9=0x800040dc
      243499000	     12073	800040e0	fe1ff36f	jal	x6,800040c0	  x6=0x800040e4
      243539000	     12075	800040c0	bff5	c.j	800040bc	
      243599000	     12078	800040bc	a829	c.j	800040d6	
      244179000	     12107	800040d6	bfd1	c.j	800040aa	
      244219000	     12109	800040aa	a821	c.j	800040c2	
      244259000	     12111	800040c2	b7f5	c.j	800040ae	
      244319000	     12114	800040ae	03c006ef	jal	x13,800040ea	 x13=0x800040b2
      244379000	     12117	800040ea	37cd	c.jal	800040cc	  x1=0x800040ec
      244439000	     12120	800040cc	2821	c.jal	800040e4	  x1=0x800040ce
      244499000	     12123	800040e4	b7f5	c.j	800040d0	
      244559000	     12126	800040d0	bfe5	c.j	800040c8	
      244599000	     12128	800040c8	fffff2ef	jal	x5,800040c6	  x5=0x800040cc
      244639000	     12130	800040c6	2819	c.jal	800040dc	  x1=0x800040c8
      244679000	     12132	800040dc	fddff0ef	jal	x1,800040b8	  x1=0x800040e0
      244719000	     12134	800040b8	fefff0ef	jal	x1,800040a6	  x1=0x800040bc
      244779000	     12137	800040a6	0280036f	jal	x6,800040ce	  x6=0x800040aa
      244819000	     12139	800040ce	2821	c.jal	800040e6	  x1=0x800040d0
      244899000	     12143	800040e6	006000ef	jal	x1,800040ec	  x1=0x800040ea
      244939000	     12145	800040ec	bfe1	c.j	800040c4	
      245019000	     12149	800040c4	b7fd	c.j	800040b2	
      245079000	     12152	800040b2	020006ef	jal	x13,800040d2	 x13=0x800040b6
      245159000	     12156	800040d2	fdbff36f	jal	x6,800040ac	  x6=0x800040d6
      245219000	     12159	800040ac	2089	c.jal	800040ee	  x1=0x800040ae
      245299000	     12163	800040ee	8cc6ec93	ori	x25,x13,-1844	 x13:0x800040b6 x25=0xfffff8fe
      245319000	     12164	800040f2	03c50eb3	mul	x29,x10,x28	 x10:0x000000a1 x28:0x8001fe64 x29=0x8140fce4
      246319000	     12214	800040f6	0343f533	remu	x10,x7,x20	  x7:0x00000164 x20:0x00000004 x10=0x00000000
      246339000	     12215	800040fa	03989863	bne	x17,x25,8000412a	 x17:0x00009000 x25:0xfffff8fe
      246599000	     12228	8000412a	c595	c.beqz	x11,80004156	 x11:0x8006c664
      247159000	     12256	8000412c	9346	c.add	x6,x17	  x6:0x800040d6 x17:0x00009000  x6=0x8000d0d6
      247899000	     12293	8000412e	0367dfb3	divu	x31,x15,x22	 x15:0x00000000 x22:0x00011000 x31=0x00000000
      248639000	     12330	80004132	0210d3b3	divu	x7,x1,x1	  x1:0x800040ae  x1:0x800040ae  x7=0x00000001
      248659000	     12331	80004136	01dedf13	srli	x30,x29,0x1d	 x29:0x8140fce4 x30=0x00000004
      248679000	     12332	8000413a	00266c33	or	x24,x12,x2	 x12:0x80023ce4  x2:0x00000131 x24=0x80023df5
      248699000	     12333	8000413e	cb99	c.beqz	x15,80004154	 x15:0x00000000
      249179000	     12357	80004154	ef81	c.bnez	x15,8000416c	 x15:0x00000000
      249459000	     12371	80004156	93fdcd93	xori	x27,x27,-1729	 x27:0x80003d0e x27=0x7fffc431
      249539000	     12375	8000415a	3c934193	xori	x3,x6,969	  x6:0x8000d0d6  x3=0x8000d31f
      249579000	     12377	8000415e	02ebd033	divu	x0,x23,x14	 x23:0x0000001a x14:0x00000000  x0=0x00000000
      249699000	     12383	80004162	34062873	csrrs	x16,mscratch,x12	 x12:0x80023ce4 x16=0x00000013
      249719000	     12384	80004166	cb1d	c.beqz	x14,8000419c	 x14:0x00000000
      250199000	     12408	8000419c	01560963	beq	x12,x21,800041ae	 x12:0x80023ce4 x21:0xfffffaba
      250239000	     12410	800041a0	34011573	csrrw	x10,mscratch,x2	  x2:0x00000131 x10=0x80023cf7
      250259000	     12411	800041a4	913e	c.add	x2,x15	  x2:0x00000131 x15:0x00000000  x2=0x00000131
      250339000	     12415	800041a6	00bd0233	add	x4,x26,x11	 x26:0x00000001 x11:0x8006c664  x4=0x8006c665
      250759000	     12436	800041aa	03f7f363	bgeu	x15,x31,800041d0	 x15:0x00000000 x31:0x00000000
      251039000	     12450	800041d0	8111	c.srli	x10,0x4	 x10:0x80023cf7 x10=0x080023cf
      251059000	     12451	800041d2	c189	c.beqz	x11,800041d4	 x11:0x8006c664
      251179000	     12457	800041d4	2cf58593	addi	x11,x11,719	 x11:0x8006c664 x11=0x8006c933
      251259000	     12461	800041d8	02c909b3	mul	x19,x18,x12	 x18:0x001660e8 x12:0x80023ce4 x19=0x1474aea0
      251679000	     12482	800041dc	0d9c	c.addi4spn	x15,x2,720	 x15=0x00000401
      251879000	     12492	800041de	39f7ad93	slti	x27,x15,927	 x15:0x00000401 x27=0x00000000
      252039000	     12500	800041e2	1732e393	ori	x7,x5,371	  x5:0x800040cc  x7=0x800041ff
      252239000	     12510	800041e6	00355793	srli	x15,x10,0x3	 x10:0x080023cf x15=0x01000479
      252299000	     12513	800041ea	01b69f33	sll	x30,x13,x27	 x13:0x800040b6 x27:0x00000000 x30=0x800040b6
      252319000	     12514	800041ee	8729	c.srai	x14,0xa	 x14:0x00000000 x14=0x00000000
      252719000	     12534	800041f0	41f206b3	sub	x13,x4,x31	  x4:0x8006c665 x31:0x00000000 x13=0x8006c665
      252739000	     12535	800041f4	001f8d33	add	x26,x31,x1	 x31:0x00000000  x1:0x800040ae x26=0x800040ae
      252759000	     12536	800041f8	340074f3	csrrci	x9,mscratch,0	  x9=0x00000131
      253179000	     12557	800041fc	01763933	sltu	x18,x12,x23	 x12:0x80023ce4 x23:0x0000001a x18=0x00000000
      253199000	     12558	80004200	024685b3	mul	x11,x13,x4	 x13:0x8006c665  x4:0x8006c665 x11=0xe67c63d9
      253219000	     12559	80004204	0001	c.addi	x0,0	  x0:0x00000000  x0=0x00000000
      253239000	     12560	80004206	5fc63017	auipc	x0,0x5fc63	  x0=0x00000000
      253659000	     12581	8000420a	025a0533	mul	x10,x20,x5	 x20:0x00000004  x5:0x800040cc x10=0x00010330
      254399000	     12618	8000420e	0215c0b3	div	x1,x11,x1	 x11:0xe67c63d9  x1:0x800040ae  x1=0x00000000
      254419000	     12619	80004212	41abda93	srai	x21,x23,0x1a	 x23:0x0000001a x21=0x00000000
      254439000	     12620	80004216	01c49363	bne	x9,x28,8000421c	  x9:0x00000131 x28:0x8001fe64
      254479000	     12622	8000421c	017ddab3	srl	x21,x27,x23	 x27:0x00000000 x23:0x0000001a x21=0x00000000
      254499000	     12623	80004220	0001	c.addi	x0,0	  x0:0x00000000  x0=0x00000000
      254519000	     12624	80004222	340422f3	csrrs	x5,mscratch,x8	  x8:0x80000000  x5=0x00000131
      254579000	     12627	80004226	350ec493	xori	x9,x29,848	 x29:0x8140fce4  x9=0x8140ffb4
      254599000	     12628	8000422a	03940463	beq	x8,x25,80004252	  x8:0x80000000 x25:0xfffff8fe
      254799000	     12638	8000422e	01719b33	sll	x22,x3,x23	  x3:0x8000d31f x23:0x0000001a x22=0x7c000000
      254819000	     12639	80004232	6c65	c.lui	x24,0x19	 x24=0x00019000
      254879000	     12642	80004234	340070f3	csrrci	x1,mscratch,0	  x1=0x80000131
      255019000	     12649	80004238	001c5893	srli	x17,x24,0x1	 x24:0x00019000 x17=0x0000c800
      255039000	     12650	8000423c	024a7063	bgeu	x20,x4,8000425c	 x20:0x00000004  x4:0x8006c665
      255059000	     12651	80004240	00816a33	or	x20,x2,x8	  x2:0x00000131  x8:0x80000000 x20=0x80000131
      255079000	     12652	80004244	4d39	c.li	x26,14	 x26=0x0000000e
      255499000	     12673	80004246	340762f3	csrrsi	x5,mscratch,14	  x5=0x80000131
      255839000	     12690	8000424a	036c20b3	mulhsu	x1,x24,x22	 x24:0x00019000 x22:0x7c000000  x1=0x0000c1c0
      255919000	     12694	8000424e	a69e7013	andi	x0,x28,-1431	 x28:0x8001fe64  x0=0x00000000
      255939000	     12695	80004252	34043573	csrrc	x10,mscratch,x8	  x8:0x80000000 x10=0x8000013f
      255959000	     12696	80004256	016d5093	srli	x1,x26,0x16	 x26:0x0000000e  x1=0x00000000
      255979000	     12697	8000425a	cb19	c.beqz	x14,80004270	 x14:0x00000000
      256459000	     12721	80004270	02be2833	mulhsu	x16,x28,x11	 x28:0x8001fe64 x11:0xe67c63d9 x16=0x8cc39999
      256579000	     12727	80004274	010cde93	srli	x29,x25,0x10	 x25:0xfffff8fe x29=0x0000ffff
      256599000	     12728	80004278	3402ff73	csrrci	x30,mscratch,5	 x30=0x0000013f
      256619000	     12729	8000427c	023c8663	beq	x25,x3,800042a8	 x25:0xfffff8fe  x3:0x8000d31f
      256679000	     12732	80004280	41c8dfb3	sra	x31,x17,x28	 x17:0x0000c800 x28:0x8001fe64 x31=0x00000c80
      256699000	     12733	80004284	340b1d73	csrrw	x26,mscratch,x22	 x22:0x7c000000 x26=0x0000013a
      256719000	     12734	80004288	717d	c.addi16sp	x2,-16	  x2:0x00000131  x2=0x00000121
      256739000	     12735	8000428a	0001	c.addi	x0,0	  x0:0x00000000  x0=0x00000000
      256759000	     12736	8000428c	409d5113	srai	x2,x26,0x9	 x26:0x0000013a  x2=0x00000000
      256999000	     12748	80004290	4186df33	sra	x30,x13,x24	 x13:0x8006c665 x24:0x00019000 x30=0x8006c665
      257419000	     12769	80004294	cbb88793	addi	x15,x17,-837	 x17:0x0000c800 x15=0x0000c4bb
      257459000	     12771	80004298	03b46833	rem	x16,x8,x27	  x8:0x80000000 x27:0x00000000 x16=0x80000000
      257639000	     12780	8000429c	e3a9	c.bnez	x15,800042de	 x15:0x0000c4bb
      258759000	     12836	800042de	597d	c.li	x18,-1	 x18=0xffffffff
      259139000	     12855	800042e0	cc9b3f37	lui	x30,0xcc9b3	 x30=0xcc9b3000
      259159000	     12856	800042e4	8f1d	c.sub	x14,x15	 x14:0x00000000 x15:0x0000c4bb x14=0xffff3b45
      259179000	     12857	800042e6	0504	c.addi4spn	x9,x2,640	  x9=0x00000280
      259199000	     12858	800042e8	00e4d333	srl	x6,x9,x14	  x9:0x00000280 x14:0xffff3b45  x6=0x00000014
      259339000	     12865	800042ec	016fba33	sltu	x20,x31,x22	 x31:0x00000c80 x22:0x7c000000 x20=0x00000001
      259759000	     12886	800042f0	019e	c.slli	x3,0x7	  x3:0x8000d31f  x3=0x00698f80
      260499000	     12923	800042f2	03abdb33	divu	x22,x23,x26	 x23:0x0000001a x26:0x0000013a x22=0x00000000
      260519000	     12924	800042f6	001545b3	xor	x11,x10,x1	 x10:0x8000013f  x1:0x00000000 x11=0x8000013f
      260539000	     12925	800042fa	340061f3	csrrsi	x3,mscratch,0	  x3=0x7c000000
      260559000	     12926	800042fe	0243e163	bltu	x7,x4,80004320	  x7:0x800041ff  x4:0x8006c665
      261059000	     12951	80004320	05901363	bne	x0,x25,80004366	  x0:0x00000000 x25:0xfffff8fe
      261639000	     12980	80004366	ee8ca913	slti	x18,x25,-280	 x25:0xfffff8fe x18=0x00000001
      262379000	     13017	8000436a	03c4c7b3	div	x15,x9,x28	  x9:0x00000280 x28:0x8001fe64 x15=0x00000000
      262399000	     13018	8000436e	01238cb3	add	x25,x7,x18	  x7:0x800041ff x18:0x00000001 x25=0x80004200
      262419000	     13019	80004372	8f11	c.sub	x14,x12	 x14:0xffff3b45 x12:0x80023ce4 x14=0x7ffcfe61
      262439000	     13020	80004374	812e	c.mv	x2,x11	  x0:0x00000000 x11:0x8000013f  x2=0x8000013f
      262479000	     13022	80004376	039c3233	mulhu	x4,x24,x25	 x24:0x00019000 x25:0x80004200  x4=0x0000c800
      262499000	     13023	8000437a	409cd993	srai	x19,x25,0x9	 x25:0x80004200 x19=0xffc00021
      262519000	     13024	8000437e	83682b93	slti	x23,x16,-1994	 x16:0x80000000 x23=0x00000001
      262539000	     13025	80004382	15fd	c.addi	x11,-1	 x11:0x8000013f x11=0x8000013e
      262559000	     13026	80004384	8f41	c.or	x14,x8	 x14:0x7ffcfe61  x8:0x80000000 x14=0xfffcfe61
      262579000	     13027	80004386	1cfd	c.addi	x25,-1	 x25:0x80004200 x25=0x800041ff
      262919000	     13044	80004388	c785	c.beqz	x15,800043b0	 x15:0x00000000
      268679000	     13332	800043b0	0001	c.addi	x0,0	  x0:0x00000000  x0=0x00000000
      268699000	     13333	800043b2	8329	c.srli	x14,0xa	 x14:0xfffcfe61 x14=0x003fff3f
      269439000	     13370	800043b4	02e4cab3	div	x21,x9,x14	  x9:0x00000280 x14:0x003fff3f x21=0x00000000
      269459000	     13371	800043b8	40cedbb3	sra	x23,x29,x12	 x29:0x0000ffff x12:0x80023ce4 x23=0x00000fff
      269479000	     13372	800043bc	6129	c.addi16sp	x2,192	  x2:0x8000013f  x2=0x800001ff
      269499000	     13373	800043be	1b59c093	xori	x1,x19,437	 x19:0xffc00021  x1=0xffc00194
      269519000	     13374	800043c2	85e6	c.mv	x11,x25	  x0:0x00000000 x25:0x800041ff x11=0x800041ff
      269539000	     13375	800043c4	00bb6f63	bltu	x22,x11,800043e2	 x22:0x00000000 x11:0x800041ff
      270239000	     13410	800043e2	8d4d	c.or	x10,x11	 x10:0x8000013f x11:0x800041ff x10=0x800041ff
      270259000	     13411	800043e4	8cf5	c.and	x9,x13	  x9:0x00000280 x13:0x8006c665  x9=0x00000200
      270279000	     13412	800043e6	9a4e	c.add	x20,x19	 x20:0x00000001 x19:0xffc00021 x20=0xffc00022
      270479000	     13422	800043e8	4011ddb3	sra	x27,x3,x1	  x3:0x7c000000  x1:0xffc00194 x27=0x000007c0
      270759000	     13436	800043ec	01271213	slli	x4,x14,0x12	 x14:0x003fff3f  x4=0xfcfc0000
      270779000	     13437	800043f0	01fdd313	srli	x6,x27,0x1f	 x27:0x000007c0  x6=0x00000000
      271519000	     13474	800043f4	03d447b3	div	x15,x8,x29	  x8:0x80000000 x29:0x0000ffff x15=0xffff8000
      271539000	     13475	800043f8	8d55	c.or	x10,x13	 x10:0x800041ff x13:0x8006c665 x10=0x8006c7ff
      271559000	     13476	800043fa	88a5	c.andi	x9,9	  x9:0x00000200  x9=0x00000000
      271579000	     13477	800043fc	008012b3	sll	x5,x0,x8	  x0:0x00000000  x8:0x80000000  x5=0x00000000
      271639000	     13480	80004400	8166	c.mv	x2,x25	  x0:0x00000000 x25:0x800041ff  x2=0x800041ff
      271659000	     13481	80004402	8361	c.srli	x14,0x18	 x14:0x003fff3f x14=0x00000000
      272399000	     13518	80004404	02b84933	div	x18,x16,x11	 x16:0x80000000 x11:0x800041ff x18=0x00000001
      272419000	     13519	80004408	8561	c.srai	x10,0x18	 x10:0x8006c7ff x10=0xffffff80
      272439000	     13520	8000440a	c509	c.beqz	x10,80004414	 x10:0xffffff80
      272459000	     13521	8000440c	00037c33	and	x24,x6,x0	  x6:0x00000000  x0:0x00000000 x24=0x00000000
      272499000	     13523	80004410	03271eb3	mulh	x29,x14,x18	 x14:0x00000000 x18:0x00000001 x29=0x00000000
      272519000	     13524	80004414	2faaba13	sltiu	x20,x21,762	 x21:0x00000000 x20=0x00000001
      272539000	     13525	80004418	030c4f63	blt	x24,x16,80004456	 x24:0x00000000 x16:0x80000000
      272559000	     13526	8000441c	8d95	c.sub	x11,x13	 x11:0x800041ff x13:0x8006c665 x11=0xfff97b9a
      272719000	     13534	8000441e	8fb6d6b7	lui	x13,0x8fb6d	 x13=0x8fb6d000
      272739000	     13535	80004422	5d986717	auipc	x14,0x5d986	 x14=0xdd98a422
      272879000	     13542	80004426	0000100f	fence.i	
      273339000	     13565	8000442a	8ef2a093	slti	x1,x5,-1809	  x5:0x00000000  x1=0x00000000
      273359000	     13566	8000442e	0116a833	slt	x16,x13,x17	 x13:0x8fb6d000 x17:0x0000c800 x16=0x00000001
      273539000	     13575	80004432	0119acb3	slt	x25,x19,x17	 x19:0xffc00021 x17:0x0000c800 x25=0x00000001
      273559000	     13576	80004436	b7383697	auipc	x13,0xb7383	 x13=0x37387436
      273579000	     13577	8000443a	0001	c.addi	x0,0	  x0:0x00000000  x0=0x00000000
      273739000	     13585	8000443c	022bbb33	mulhu	x22,x23,x2	 x23:0x00000fff  x2:0x800041ff x22=0x000007ff
      273759000	     13586	80004440	8db9	c.xor	x11,x14	 x11:0xfff97b9a x14:0xdd98a422 x11=0x2261dfb8
      273779000	     13587	80004442	0140b5b3	sltu	x11,x1,x20	  x1:0x00000000 x20:0x00000001 x11=0x00000001
      273799000	     13588	80004446	8eed	c.and	x13,x11	 x13:0x37387436 x11:0x00000001 x13=0x00000000
      274179000	     13607	80004448	014a4963	blt	x20,x20,8000445a	 x20:0x00000001 x20:0x00000001
      274599000	     13628	8000444c	717d	c.addi16sp	x2,-16	  x2:0x800041ff  x2=0x800041ef
      274739000	     13635	8000444e	6903bb13	sltiu	x22,x7,1680	  x7:0x800041ff x22=0x00000000
      274759000	     13636	80004452	0000100f	fence.i	
      275339000	     13665	80004456	026e83b3	mul	x7,x29,x6	 x29:0x00000000  x6:0x00000000  x7=0x00000000
      275359000	     13666	8000445a	8d79	c.and	x10,x14	 x10:0xffffff80 x14:0xdd98a422 x10=0xdd98a400
      275379000	     13667	8000445c	8f91	c.sub	x15,x12	 x15:0xffff8000 x12:0x80023ce4 x15=0x7ffd431c
      275399000	     13668	8000445e	02438d33	mul	x26,x7,x4	  x7:0x00000000  x4:0xfcfc0000 x26=0x00000000
      275419000	     13669	80004462	ad4c6713	ori	x14,x24,-1324	 x24:0x00000000 x14=0xfffffad4
      275639000	     13680	80004466	025f1663	bne	x30,x5,80004492	 x30:0xcc9b3000  x5:0x00000000
      275699000	     13683	80004492	032c7163	bgeu	x24,x18,800044b4	 x24:0x00000000 x18:0x00000001
      275739000	     13685	80004496	340794f3	csrrw	x9,mscratch,x15	 x15:0x7ffd431c  x9=0x7c000000
      275779000	     13687	8000449a	014657b3	srl	x15,x12,x20	 x12:0x80023ce4 x20:0x00000001 x15=0x40011e72
      276199000	     13708	8000449e	34031df3	csrrw	x27,mscratch,x6	  x6:0x00000000 x27=0x7ffd431c
      276399000	     13718	800044a2	0ff0000f	fence	iorw,iorw	
      276419000	     13719	800044a6	01a41e63	bne	x8,x26,800044c2	  x8:0x80000000 x26:0x00000000
      276639000	     13730	800044c2	02e06163	bltu	x0,x14,800044e4	  x0:0x00000000 x14:0xfffffad4
      276819000	     13739	800044e4	43fd	c.li	x7,31	  x7=0x0000001f
      276839000	     13740	800044e6	01fdeb33	or	x22,x27,x31	 x27:0x7ffd431c x31:0x00000c80 x22=0x7ffd4f9c
      277139000	     13755	800044ea	03ef8833	mul	x16,x31,x30	 x31:0x00000c80 x30:0xcc9b3000 x16=0x93d80000
      277159000	     13756	800044ee	015f5bb3	srl	x23,x30,x21	 x30:0xcc9b3000 x21:0x00000000 x23=0xcc9b3000
      277179000	     13757	800044f2	189c	c.addi4spn	x15,x2,112	 x15=0x8000425f
      278099000	     13803	800044f4	02a0dd33	divu	x26,x1,x10	  x1:0x00000000 x10:0xdd98a400 x26=0x00000000
      278119000	     13804	800044f8	8efd	c.and	x13,x15	 x13:0x00000000 x15:0x8000425f x13=0x00000000
      278139000	     13805	800044fa	3400d773	csrrwi	x14,mscratch,1	 x14=0x00000000
      278179000	     13807	800044fe	031db0b3	mulhu	x1,x27,x17	 x27:0x7ffd431c x17:0x0000c800  x1=0x000063fd
      278199000	     13808	80004502	6a862537	lui	x10,0x6a862	 x10=0x6a862000
      278219000	     13809	80004506	0045e8b3	or	x17,x11,x4	 x11:0x00000001  x4:0xfcfc0000 x17=0xfcfc0001
      278239000	     13810	8000450a	8785	c.srai	x15,0x1	 x15:0x8000425f x15=0xc000212f
      278259000	     13811	8000450c	62353a97	auipc	x21,0x62353	 x21=0xe235750c
      278279000	     13812	80004510	01728263	beq	x5,x23,80004514	  x5:0x00000000 x23:0xcc9b3000
      278659000	     13831	80004514	03d87233	remu	x4,x16,x29	 x16:0x93d80000 x29:0x00000000  x4=0x93d80000
      278679000	     13832	80004518	3403ba73	csrrc	x20,mscratch,x7	  x7:0x0000001f x20=0x00000001
      278699000	     13833	8000451c	04a11263	bne	x2,x10,80004560	  x2:0x800041ef x10:0x6a862000
      279279000	     13862	80004560	f4936b13	ori	x22,x6,-183	  x6:0x00000000 x22=0xffffff49
      279699000	     13883	80004564	00121493	slli	x9,x4,0x1	  x4:0x93d80000  x9=0x27b00000
      279819000	     13889	80004568	c8db6097	auipc	x1,0xc8db6	  x1=0x48dba568
      279839000	     13890	8000456c	01bed833	srl	x16,x29,x27	 x29:0x00000000 x27:0x7ffd431c x16=0x00000000
      279859000	     13891	80004570	002cd733	srl	x14,x25,x2	 x25:0x00000001  x2:0x800041ef x14=0x00000000
      280099000	     13903	80004574	4abd	c.li	x21,15	 x21=0x0000000f
      280519000	     13924	80004576	011e6963	bltu	x28,x17,80004588	 x28:0x8001fe64 x17:0xfcfc0001
      280939000	     13945	80004588	8fb1	c.xor	x15,x12	 x15:0xc000212f x12:0x80023ce4 x15=0x40021dcb
      281099000	     13953	8000458a	00ad9a33	sll	x20,x27,x10	 x27:0x7ffd431c x10:0x6a862000 x20=0x7ffd431c
      281119000	     13954	8000458e	717d	c.addi16sp	x2,-16	  x2:0x800041ef  x2=0x800041df
      281139000	     13955	80004590	c385	c.beqz	x15,800045b0	 x15:0x40021dcb
      282259000	     14011	80004592	0374e6b3	rem	x13,x9,x23	  x9:0x27b00000 x23:0xcc9b3000 x13=0x27b00000
      282279000	     14012	80004596	e131	c.bnez	x10,800045da	 x10:0x6a862000
      282519000	     14024	800045da	41068cb3	sub	x25,x13,x16	 x13:0x27b00000 x16:0x00000000 x25=0x27b00000
      282819000	     14039	800045de	00222d33	slt	x26,x4,x2	  x4:0x93d80000  x2:0x800041df x26=0x00000000
      283239000	     14060	800045e2	34003f73	csrrc	x30,mscratch,x0	  x0:0x00000000 x30=0x00000000
      284139000	     14105	800045e6	03b4c733	div	x14,x9,x27	  x9:0x27b00000 x27:0x7ffd431c x14=0x00000000
      284159000	     14106	800045ea	022001ef	jal	x3,8000460c	  x3=0x800045ee
      284239000	     14110	8000460c	3fd5	c.jal	80004600	  x1=0x8000460e
      284739000	     14135	80004600	bfe5	c.j	800045f8	
      284799000	     14138	800045f8	3ff5	c.jal	800045f4	  x1=0x800045fa
      284839000	     14140	800045f4	01e008ef	jal	x17,80004612	 x17=0x800045f8
      284919000	     14144	80004612	fe9ff0ef	jal	x1,800045fa	  x1=0x80004616
      284999000	     14148	800045fa	01000eef	jal	x29,8000460a	 x29=0x800045fe
      285059000	     14151	8000460a	a019	c.j	80004610	
      285099000	     14153	80004610	bffd	c.j	8000460e	
      285139000	     14155	8000460e	37c5	c.jal	800045ee	  x1=0x80004610
      285199000	     14158	800045ee	028000ef	jal	x1,80004616	  x1=0x800045f2
      285259000	     14161	80004616	b7f5	c.j	80004602	
      285319000	     14164	80004602	3fc5	c.jal	800045f2	  x1=0x80004604
      285379000	     14167	800045f2	a819	c.j	80004608	
      285439000	     14170	80004608	3fdd	c.jal	800045fe	  x1=0x8000460a
      285499000	     14173	800045fe	2019	c.jal	80004604	  x1=0x80004600
      285559000	     14176	80004604	a009	c.j	80004606	
      285599000	     14178	80004606	a809	c.j	80004618	
      285639000	     14180	80004618	3d190f13	addi	x30,x18,977	 x18:0x00000001 x30=0x000003d2
      285659000	     14181	8000461c	c41fc693	xori	x13,x31,-959	 x31:0x00000c80 x13=0xfffff0c1
      285939000	     14195	80004620	03e84563	blt	x16,x30,8000464a	 x16:0x00000000 x30:0x000003d2
      286959000	     14246	8000464a	8f3d	c.xor	x14,x15	 x14:0x00000000 x15:0x40021dcb x14=0x40021dcb
      288099000	     14303	8000464c	0345da33	divu	x20,x11,x20	 x11:0x00000001 x20:0x7ffd431c x20=0x00000000
      288119000	     14304	80004650	9bf6	c.add	x23,x29	 x23:0xcc9b3000 x29:0x800045fe x23=0x4c9b75fe
      288159000	     14306	80004652	020b34b3	mulhu	x9,x22,x0	 x22:0xffffff49  x0:0x00000000  x9=0x00000000
      288179000	     14307	80004656	009eee63	bltu	x29,x9,80004672	 x29:0x800045fe  x9:0x00000000
      288199000	     14308	8000465a	012e1833	sll	x16,x28,x18	 x28:0x8001fe64 x18:0x00000001 x16=0x0003fcc8
      288219000	     14309	8000465e	417e5813	srai	x16,x28,0x17	 x28:0x8001fe64 x16=0xffffff00
      288239000	     14310	80004662	c315	c.beqz	x14,80004686	 x14:0x40021dcb
      288379000	     14317	80004664	d23df913	andi	x18,x27,-733	 x27:0x7ffd431c x18=0x7ffd4100
      288399000	     14318	80004668	01cef833	and	x16,x29,x28	 x29:0x800045fe x28:0x8001fe64 x16=0x80004464
      288479000	     14322	8000466c	efcfe793	ori	x15,x31,-260	 x31:0x00000c80 x15=0xfffffefc
      288499000	     14323	80004670	188c	c.addi4spn	x11,x2,112	 x11=0x8000424f
      288659000	     14331	80004672	46b7ba97	auipc	x21,0x46b7b	 x21=0xc6b7f672
      288679000	     14332	80004676	84dd	c.srai	x9,0x17	  x9:0x00000000  x9=0x00000000
      288699000	     14333	80004678	99fd	c.andi	x11,-1	 x11:0x8000424f x11=0x8000424f
      289299000	     14363	8000467a	3404a4f3	csrrs	x9,mscratch,x9	  x9:0x00000000  x9=0x00000000
      289319000	     14364	8000467e	41008cb3	sub	x25,x1,x16	  x1:0x80004600 x16:0x80004464 x25=0x0000019c
      289439000	     14370	80004682	017a2ab3	slt	x21,x20,x23	 x20:0x00000000 x23:0x4c9b75fe x21=0x00000001
      289459000	     14371	80004686	82f1	c.srli	x13,0x1c	 x13:0xfffff0c1 x13=0x0000000f
      289599000	     14378	80004688	717d	c.addi16sp	x2,-16	  x2:0x800041df  x2=0x800041cf
      289619000	     14379	8000468a	340a5ef3	csrrwi	x29,mscratch,20	 x29=0x00000000
      289779000	     14387	8000468e	02d94163	blt	x18,x13,800046b0	 x18:0x7ffd4100 x13:0x0000000f
      289799000	     14388	80004692	671d	c.lui	x14,0x7	 x14=0x00007000
      289999000	     14398	80004694	02049033	mulh	x0,x9,x0	  x9:0x00000000  x0:0x00000000  x0=0x00000000
      290059000	     14401	80004698	41265993	srai	x19,x12,0x12	 x12:0x80023ce4 x19=0xffffe000
      290399000	     14418	8000469c	0020bdb3	sltu	x27,x1,x2	  x1:0x80004600  x2:0x800041cf x27=0x00000000
      290419000	     14419	800046a0	8cb9	c.xor	x9,x14	  x9:0x00000000 x14:0x00007000  x9=0x00007000
      290439000	     14420	800046a2	717d	c.addi16sp	x2,-16	  x2:0x800041cf  x2=0x800041bf
      290459000	     14421	800046a4	3f206a13	ori	x20,x0,1010	  x0:0x00000000 x20=0x000003f2
      290479000	     14422	800046a8	413d5093	srai	x1,x26,0x13	 x26:0x00000000  x1=0x00000000
      290499000	     14423	800046ac	0000100f	fence.i	
      290559000	     14426	800046b0	e992a313	slti	x6,x5,-359	  x5:0x00000000  x6=0x00000000
      290979000	     14447	800046b4	0742	c.slli	x14,0x10	 x14:0x00007000 x14=0x70000000
      291059000	     14451	800046b6	01a06c63	bltu	x0,x26,800046ce	  x0:0x00000000 x26:0x00000000
      291299000	     14463	800046ba	0118ddb3	srl	x27,x17,x17	 x17:0x800045f8 x17:0x800045f8 x27=0x00000080
      291379000	     14467	800046be	0000100f	fence.i	
      292399000	     14518	800046c2	5409a593	slti	x11,x19,1344	 x19:0xffffe000 x11=0x00000001
      292819000	     14539	800046c6	41625313	srai	x6,x4,0x16	  x4:0x93d80000  x6=0xfffffe4f
      293239000	     14560	800046ca	0189fd33	and	x26,x19,x24	 x19:0xffffe000 x24:0x00000000 x26=0x00000000
      293259000	     14561	800046ce	9b4e	c.add	x22,x19	 x22:0xffffff49 x19:0xffffe000 x22=0xffffdf49
      293659000	     14581	800046d0	0001	c.addi	x0,0	  x0:0x00000000  x0=0x00000000
      293699000	     14583	800046d2	678c6193	ori	x3,x24,1656	 x24:0x00000000  x3=0x00000678
      293719000	     14584	800046d6	4841	c.li	x16,16	 x16=0x00000010
      293739000	     14585	800046d8	01535e93	srli	x29,x6,0x15	  x6:0xfffffe4f x29=0x000007ff
      293759000	     14586	800046dc	00151093	slli	x1,x10,0x1	 x10:0x6a862000  x1=0xd50c4000
      293859000	     14591	800046e0	415c8733	sub	x14,x25,x21	 x25:0x0000019c x21:0x00000001 x14=0x0000019b
      294599000	     14628	800046e4	02f94db3	div	x27,x18,x15	 x18:0x7ffd4100 x15:0xfffffefc x27=0xff81fad4
      294619000	     14629	800046e8	4157d8b3	sra	x17,x15,x21	 x15:0xfffffefc x21:0x00000001 x17=0xffffff7e
      294639000	     14630	800046ec	001d5513	srli	x10,x26,0x1	 x26:0x00000000 x10=0x00000000
      294659000	     14631	800046f0	96ca	c.add	x13,x18	 x13:0x0000000f x18:0x7ffd4100 x13=0x7ffd410f
      294679000	     14632	800046f2	07d5	c.addi	x15,21	 x15:0xfffffefc x15=0xffffff11
      294699000	     14633	800046f4	34007c73	csrrci	x24,mscratch,0	 x24=0x00000014
      294719000	     14634	800046f8	00950733	add	x14,x10,x9	 x10:0x00000000  x9:0x00007000 x14=0x00007000
      294779000	     14637	800046fc	008d93b3	sll	x7,x27,x8	 x27:0xff81fad4  x8:0x80000000  x7=0xff81fad4
      294959000	     14646	80004700	03c5	c.addi	x7,17	  x7:0xff81fad4  x7=0xff81fae5
      295379000	     14667	80004702	04329463	bne	x5,x3,8000474a	  x5:0x00000000  x3:0x00000678
      296379000	     14717	8000474a	03b72833	mulhsu	x16,x14,x27	 x14:0x00007000 x27:0xff81fad4 x16=0x00006fc8
      296399000	     14718	8000474e	0030e133	or	x2,x1,x3	  x1:0xd50c4000  x3:0x00000678  x2=0xd50c4678
      296419000	     14719	80004752	2b169017	auipc	x0,0x2b169	  x0=0x00000000
      296619000	     14729	80004756	0117ab33	slt	x22,x15,x17	 x15:0xffffff11 x17:0xffffff7e x22=0x00000001
      296639000	     14730	8000475a	8ebd	c.xor	x13,x15	 x13:0x7ffd410f x15:0xffffff11 x13=0x8002be1e
      296659000	     14731	8000475c	01d9d133	srl	x2,x19,x29	 x19:0xffffe000 x29:0x000007ff  x2=0x00000001
      296679000	     14732	80004760	00fddd13	srli	x26,x27,0xf	 x27:0xff81fad4 x26=0x0001ff03
      297759000	     14786	80004764	02f66233	rem	x4,x12,x15	 x12:0x80023ce4 x15:0xffffff11  x4=0xffffff73
      298499000	     14823	80004768	029577b3	remu	x15,x10,x9	 x10:0x00000000  x9:0x00007000 x15=0x00000000
      317699000	     15783	8000476c	01ef9a33	sll	x20,x31,x30	 x31:0x00000c80 x30:0x000003d2 x20=0x32000000
      317719000	     15784	80004770	08dcec13	ori	x24,x25,141	 x25:0x0000019c x24=0x0000019d
      317739000	     15785	80004774	0395e963	bltu	x11,x25,800047a6	 x11:0x00000001 x25:0x0000019c
      319159000	     15856	800047a6	033cdd33	divu	x26,x25,x19	 x25:0x0000019c x19:0xffffe000 x26=0x00000000
      319179000	     15857	800047aa	f1693113	sltiu	x2,x18,-234	 x18:0x7ffd4100  x2=0x00000001
      319199000	     15858	800047ae	52fd	c.li	x5,-1	  x5=0xffffffff
      319219000	     15859	800047b0	87ed	c.srai	x15,0x1b	 x15:0x00000000 x15=0x00000000
      319239000	     15860	800047b2	8d1d	c.sub	x10,x15	 x10:0x00000000 x15:0x00000000 x10=0x00000000
      319259000	     15861	800047b4	1284	c.addi4spn	x9,x2,352	  x9=0x00000161
      319279000	     15862	800047b6	8d9d	c.sub	x11,x15	 x11:0x00000001 x15:0x00000000 x11=0x00000001
      319299000	     15863	800047b8	0001	c.addi	x0,0	  x0:0x00000000  x0=0x00000000
      319319000	     15864	800047ba	61230a93	addi	x21,x6,1554	  x6:0xfffffe4f x21=0x00000461
      319499000	     15873	800047be	408c5313	srai	x6,x24,0x8	 x24:0x0000019d  x6=0x00000001
      319919000	     15894	800047c2	66c21517	auipc	x10,0x66c21	 x10=0xe6c257c2
      320019000	     15899	800047c6	01f48bb3	add	x23,x9,x31	  x9:0x00000161 x31:0x00000c80 x23=0x00000de1
      321159000	     15956	800047ca	02497fb3	remu	x31,x18,x4	 x18:0x7ffd4100  x4:0xffffff73 x31=0x7ffd4100
      321179000	     15957	800047ce	005ba133	slt	x2,x23,x5	 x23:0x00000de1  x5:0xffffffff  x2=0x00000000
      321199000	     15958	800047d2	00215e63	bge	x2,x2,800047ee	  x2:0x00000000  x2:0x00000000
      321579000	     15977	800047ee	0143e1b3	or	x3,x7,x20	  x7:0xff81fae5 x20:0x32000000  x3=0xff81fae5
      321599000	     15978	800047f2	ec85	c.bnez	x9,8000482a	  x9:0x00000161
      322599000	     16028	8000482a	02f73f33	mulhu	x30,x14,x15	 x14:0x00007000 x15:0x00000000 x30=0x00000000
      322619000	     16029	8000482e	00fb81b3	add	x3,x23,x15	 x23:0x00000de1 x15:0x00000000  x3=0x00000de1
      322779000	     16037	80004832	005b8c93	addi	x25,x23,5	 x23:0x00000de1 x25=0x00000de6
      322799000	     16038	80004836	019cd133	srl	x2,x25,x25	 x25:0x00000de6 x25:0x00000de6  x2=0x00000037
      322819000	     16039	8000483a	3406dff3	csrrwi	x31,mscratch,13	 x31=0x00000014
      323159000	     16056	8000483e	269bb293	sltiu	x5,x23,617	 x23:0x00000de1  x5=0x00000000
      323179000	     16057	80004842	40a85a13	srai	x20,x16,0xa	 x16:0x00006fc8 x20=0x0000001b
      323439000	     16070	80004846	009affb3	and	x31,x21,x9	 x21:0x00000461  x9:0x00000161 x31=0x00000061
      324179000	     16107	8000484a	035bdeb3	divu	x29,x23,x21	 x23:0x00000de1 x21:0x00000461 x29=0x00000003
      324199000	     16108	8000484e	8d3d	c.xor	x10,x15	 x10:0xe6c257c2 x15:0x00000000 x10=0xe6c257c2
      324219000	     16109	80004850	403206b3	sub	x13,x4,x3	  x4:0xffffff73  x3:0x00000de1 x13=0xfffff192
      324279000	     16112	80004854	017bb133	sltu	x2,x23,x23	 x23:0x00000de1 x23:0x00000de1  x2=0x00000000
      324299000	     16113	80004858	1d94	c.addi4spn	x13,x2,752	 x13=0x000002f0
      324319000	     16114	8000485a	34062073	csrrs	x0,mscratch,x12	 x12:0x80023ce4  x0=0x00000000
      324579000	     16127	8000485e	00b70f63	beq	x14,x11,8000487c	 x14:0x00007000 x11:0x00000001
      324679000	     16132	80004862	27d3e693	ori	x13,x7,637	  x7:0xff81fae5 x13=0xff81fafd
      324839000	     16140	80004866	01181313	slli	x6,x16,0x11	 x16:0x00006fc8  x6=0xdf900000
      324879000	     16142	8000486a	01fd47b3	xor	x15,x26,x31	 x26:0x00000000 x31:0x00000061 x15=0x00000061
      324939000	     16145	8000486e	0ff0000f	fence	iorw,iorw	
      324959000	     16146	80004872	8db9	c.xor	x11,x14	 x11:0x00000001 x14:0x00007000 x11=0x00007001
      324979000	     16147	80004874	0ff0000f	fence	iorw,iorw	
      325379000	     16167	80004878	41b505b3	sub	x11,x10,x27	 x10:0xe6c257c2 x27:0xff81fad4 x11=0xe7405cee
      325399000	     16168	8000487c	018750b3	srl	x1,x14,x24	 x14:0x00007000 x24:0x0000019d  x1=0x00000000
      325439000	     16170	80004880	01d5dd63	bge	x11,x29,8000489a	 x11:0xe7405cee x29:0x00000003
      325459000	     16171	80004884	93c2	c.add	x7,x16	  x7:0xff81fae5 x16:0x00006fc8  x7=0xff826aad
      325639000	     16180	80004886	01597363	bgeu	x18,x21,8000488c	 x18:0x7ffd4100 x21:0x00000461
      326359000	     16216	8000488c	0288	c.addi4spn	x10,x2,320	 x10=0x00000140
      326959000	     16246	8000488e	5f47f893	andi	x17,x15,1524	 x15:0x00000061 x17=0x00000060
      327359000	     16266	80004892	021cafb3	mulhsu	x31,x25,x1	 x25:0x00000de6  x1:0x00000000 x31=0x00000000
      327439000	     16270	80004896	0000100f	fence.i	
      328859000	     16341	8000489a	3406faf3	csrrci	x21,mscratch,13	 x21=0x80023ced
      328879000	     16342	8000489e	0ec6	c.slli	x29,0x11	 x29:0x00000003 x29=0x00060000
      329199000	     16358	800048a0	0001	c.addi	x0,0	  x0:0x00000000  x0=0x00000000
      329279000	     16362	800048a2	34085bf3	csrrwi	x23,mscratch,16	 x23=0x80023ce0
      329299000	     16363	800048a6	04955263	bge	x10,x9,800048ea	 x10:0x00000140  x9:0x00000161
      329339000	     16365	800048aa	03a91533	mulh	x10,x18,x26	 x18:0x7ffd4100 x26:0x00000000 x10=0x00000000
      329359000	     16366	800048ae	41e3d713	srai	x14,x7,0x1e	  x7:0xff826aad x14=0xffffffff
      329379000	     16367	800048b2	01096733	or	x14,x18,x16	 x18:0x7ffd4100 x16:0x00006fc8 x14=0x7ffd6fc8
      329559000	     16376	800048b6	03321d33	mulh	x26,x4,x19	  x4:0xffffff73 x19:0xffffe000 x26=0x00000000
      329579000	     16377	800048ba	8f26	c.mv	x30,x9	  x0:0x00000000  x9:0x00000161 x30=0x00000161
      329659000	     16381	800048bc	01a029b3	slt	x19,x0,x26	  x0:0x00000000 x26:0x00000000 x19=0x00000000
      329799000	     16388	800048c0	02268763	beq	x13,x2,800048ee	 x13:0xff81fafd  x2:0x00000000
      329959000	     16396	800048c4	84e5	c.srai	x9,0x19	  x9:0x00000161  x9=0x00000000
      329979000	     16397	800048c6	85f9	c.srai	x11,0x1e	 x11:0xe7405cee x11=0xffffffff
      330019000	     16399	800048c8	001f1933	sll	x18,x30,x1	 x30:0x00000161  x1:0x00000000 x18=0x00000161
      330119000	     16404	800048cc	02e1e663	bltu	x3,x14,800048f8	  x3:0x00000de1 x14:0x7ffd6fc8
      330319000	     16414	800048f8	0ff0000f	fence	iorw,iorw	
      330719000	     16434	800048fc	5dfd	c.li	x27,-1	 x27=0xffffffff
      330879000	     16442	800048fe	01a62bb3	slt	x23,x12,x26	 x12:0x80023ce4 x26:0x00000000 x23=0x00000001
      330899000	     16443	80004902	34002373	csrrs	x6,mscratch,x0	  x0:0x00000000  x6=0x00000010
      331319000	     16464	80004906	0ff0000f	fence	iorw,iorw	
      331339000	     16465	8000490a	108e7d13	andi	x26,x28,264	 x28:0x8001fe64 x26=0x00000000
      331359000	     16466	8000490e	6169	c.addi16sp	x2,208	  x2:0x00000000  x2=0x000000d0
      331479000	     16472	80004910	8d29	c.xor	x10,x10	 x10:0x00000000 x10:0x00000000 x10=0x00000000
      331799000	     16488	80004912	01e2f4b3	and	x9,x5,x30	  x5:0x00000000 x30:0x00000161  x9=0x00000000
      331899000	     16493	80004916	03dc5263	bge	x24,x29,8000493a	 x24:0x0000019d x29:0x00060000
      331919000	     16494	8000491a	e991	c.bnez	x11,8000492e	 x11:0xffffffff
      333359000	     16566	8000492e	00157b33	and	x22,x10,x1	 x10:0x00000000  x1:0x00000000 x22=0x00000000
      333379000	     16567	80004932	340fe6f3	csrrsi	x13,mscratch,31	 x13=0x00000010
      333399000	     16568	80004936	340811f3	csrrw	x3,mscratch,x16	 x16:0x00006fc8  x3=0x0000001f
      333659000	     16581	8000493a	34012573	csrrs	x10,mscratch,x2	  x2:0x000000d0 x10=0x00006fc8
      333679000	     16582	8000493e	02db8c63	beq	x23,x13,80004976	 x23:0x00000001 x13:0x00000010
      333699000	     16583	80004942	91d2	c.add	x3,x20	  x3:0x0000001f x20:0x0000001b  x3=0x0000003a
      333719000	     16584	80004944	01235663	bge	x6,x18,80004950	  x6:0x00000010 x18:0x00000161
      333739000	     16585	80004948	03998733	mul	x14,x19,x25	 x19:0x00000000 x25:0x00000de6 x14=0x00000000
      333799000	     16588	8000494c	69196a97	auipc	x21,0x69196	 x21=0xe919a94c
      333959000	     16596	80004950	03395333	divu	x6,x18,x19	 x18:0x00000161 x19:0x00000000  x6=0xffffffff
      333979000	     16597	80004954	340860f3	csrrsi	x1,mscratch,16	  x1=0x00006fd8
      334079000	     16602	80004958	829d	c.srli	x13,0x7	 x13:0x00000010 x13=0x00000000
      334099000	     16603	8000495a	01bd9313	slli	x6,x27,0x1b	 x27:0xffffffff  x6=0xf8000000
      334119000	     16604	8000495e	8176	c.mv	x2,x29	  x0:0x00000000 x29:0x00060000  x2=0x00060000
      334519000	     16624	80004960	f219b593	sltiu	x11,x19,-223	 x19:0x00000000 x11=0x00000001
      334539000	     16625	80004964	02e76763	bltu	x14,x14,80004992	 x14:0x00000000 x14:0x00000000
      334579000	     16627	80004968	02131a33	mulh	x20,x6,x1	  x6:0xf8000000  x1:0x00006fd8 x20=0xfffffc81
      334599000	     16628	8000496c	920a	c.add	x4,x2	  x4:0xffffff73  x2:0x00060000  x4=0x0005ff73
      334619000	     16629	8000496e	64027393	andi	x7,x4,1600	  x4:0x0005ff73  x7=0x00000640
      335039000	     16650	80004972	a8573313	sltiu	x6,x14,-1403	 x14:0x00000000  x6=0x00000001
      335459000	     16671	80004976	34061f73	csrrw	x30,mscratch,x12	 x12:0x80023ce4 x30=0x00006fd8
      335479000	     16672	8000497a	473d	c.li	x14,15	 x14=0x0000000f
      336279000	     16712	8000497c	022f71b3	remu	x3,x30,x2	 x30:0x00006fd8  x2:0x00060000  x3=0x00006fd8
      336299000	     16713	80004980	84ad	c.srai	x9,0xb	  x9:0x00000000  x9=0x00000000
      336319000	     16714	80004982	086e	c.slli	x16,0x1b	 x16:0x00006fc8 x16=0x40000000
      336359000	     16716	80004984	0240bbb3	mulhu	x23,x1,x4	  x1:0x00006fd8  x4:0x0005ff73 x23=0x00000002
      336399000	     16718	80004988	03fa22b3	mulhsu	x5,x20,x31	 x20:0xfffffc81 x31:0x00000000  x5=0x00000000
      336419000	     16719	8000498c	8ebd	c.xor	x13,x15	 x13:0x00000000 x15:0x00000061 x13=0x00000061
      336439000	     16720	8000498e	1b686bb7	lui	x23,0x1b686	 x23=0x1b686000
      336459000	     16721	80004992	025a8333	mul	x6,x21,x5	 x21:0xe919a94c  x5:0x00000000  x6=0x00000000
      336479000	     16722	80004996	010001ef	jal	x3,800049a6	  x3=0x8000499a
      336759000	     16736	800049a6	a831	c.j	800049c2	
      337939000	     16795	800049c2	b7dd	c.j	800049a8	
      337979000	     16797	800049a8	3fcd	c.jal	8000499a	  x1=0x800049aa
      338079000	     16802	8000499a	2801	c.jal	800049aa	  x1=0x8000499c
      338159000	     16806	800049aa	01c001ef	jal	x3,800049c6	  x3=0x800049ae
      338679000	     16832	800049c6	fdbff0ef	jal	x1,800049a0	  x1=0x800049ca
      338719000	     16834	800049a0	018000ef	jal	x1,800049b8	  x1=0x800049a4
      339559000	     16876	800049b8	3fdd	c.jal	800049ae	  x1=0x800049ba
      339599000	     16878	800049ae	bfc5	c.j	8000499e	
      339639000	     16880	8000499e	a809	c.j	800049b0	
      339679000	     16882	800049b0	a039	c.j	800049be	
      339779000	     16887	800049be	2019	c.jal	800049c4	  x1=0x800049c0
      339839000	     16890	800049c4	a811	c.j	800049d8	
      340259000	     16911	800049d8	fe9ff0ef	jal	x1,800049c0	  x1=0x800049dc
      340299000	     16913	800049c0	a029	c.j	800049ca	
      340759000	     16936	800049ca	2019	c.jal	800049d0	  x1=0x800049cc
      340819000	     16939	800049d0	fffff36f	jal	x6,800049ce	  x6=0x800049d4
      340879000	     16942	800049ce	37e5	c.jal	800049b6	  x1=0x800049d0
      340939000	     16945	800049b6	bffd	c.j	800049b4	
      340999000	     16948	800049b4	bfc5	c.j	800049a4	
      341059000	     16951	800049a4	a80d	c.j	800049d6	
      341119000	     16954	800049d6	b7d5	c.j	800049ba	
      341199000	     16958	800049ba	01a008ef	jal	x17,800049d4	 x17=0x800049be
      341259000	     16961	800049d4	3ff9	c.jal	800049b2	  x1=0x800049d6
      341319000	     16964	800049b2	37ed	c.jal	8000499c	  x1=0x800049b4
      341379000	     16967	8000499c	2805	c.jal	800049cc	  x1=0x8000499e
      341439000	     16970	800049cc	a801	c.j	800049dc	
      341499000	     16973	800049dc	34006573	csrrsi	x10,mscratch,0	 x10=0x80023ce4
      341519000	     16974	800049e0	46d5	c.li	x13,21	 x13=0x00000015
      341539000	     16975	800049e2	34007373	csrrci	x6,mscratch,0	  x6=0x80023ce4
      342819000	     17039	800049e6	0399dcb3	divu	x25,x19,x25	 x19:0x00000000 x25:0x00000de6 x25=0x00000000
      342839000	     17040	800049ea	cc018b13	addi	x22,x3,-832	  x3:0x800049ae x22=0x8000466e
      342859000	     17041	800049ee	02b90533	mul	x10,x18,x11	 x18:0x00000161 x11:0x00000001 x10=0x00000161
      342879000	     17042	800049f2	01e1a933	slt	x18,x3,x30	  x3:0x800049ae x30:0x00006fd8 x18=0x00000001
      342899000	     17043	800049f6	00a54cb3	xor	x25,x10,x10	 x10:0x00000161 x10:0x00000161 x25=0x00000000
      342919000	     17044	800049fa	3403e8f3	csrrsi	x17,mscratch,7	 x17=0x80023ce4
      342959000	     17046	800049fe	403d8cb3	sub	x25,x27,x3	 x27:0xffffffff  x3:0x800049ae x25=0x7fffb651
      342979000	     17047	80004a02	8d31	c.xor	x10,x12	 x10:0x00000161 x12:0x80023ce4 x10=0x80023d85
      343379000	     17067	80004a04	eea28c93	addi	x25,x5,-278	  x5:0x00000000 x25=0xfffffeea
      343519000	     17074	80004a08	40ad0f33	sub	x30,x26,x10	 x26:0x00000000 x10:0x80023d85 x30=0x7ffdc27b
      343539000	     17075	80004a0c	002992b3	sll	x5,x19,x2	 x19:0x00000000  x2:0x00060000  x5=0x00000000
      343679000	     17082	80004a10	00c40033	add	x0,x8,x12	  x8:0x80000000 x12:0x80023ce4  x0=0x00000000
      344419000	     17119	80004a14	03eaf733	remu	x14,x21,x30	 x21:0xe919a94c x30:0x7ffdc27b x14=0x691be6d1
      344439000	     17120	80004a18	0001	c.addi	x0,0	  x0:0x00000000  x0=0x00000000
      345179000	     17157	80004a1a	02a647b3	div	x15,x12,x10	 x12:0x80023ce4 x10:0x80023d85 x15=0x00000001
      345199000	     17158	80004a1e	00f6e8b3	or	x17,x13,x15	 x13:0x00000015 x15:0x00000001 x17=0x00000015
      345219000	     17159	80004a22	8585	c.srai	x11,0x1	 x11:0x00000001 x11=0x00000000
      345239000	     17160	80004a24	34002573	csrrs	x10,mscratch,x0	  x0:0x00000000 x10=0x80023ce7
      345259000	     17161	80004a28	01ac06b3	add	x13,x24,x26	 x24:0x0000019d x26:0x00000000 x13=0x0000019d
      345279000	     17162	80004a2c	826e	c.mv	x4,x27	  x0:0x00000000 x27:0xffffffff  x4=0xffffffff
      345299000	     17163	80004a2e	031a7d63	bgeu	x20,x17,80004a68	 x20:0xfffffc81 x17:0x00000015
      345419000	     17169	80004a68	e589	c.bnez	x11,80004a72	 x11:0x00000000
      345559000	     17176	80004a6a	00ae20b3	slt	x1,x28,x10	 x28:0x8001fe64 x10:0x80023ce7  x1=0x00000001
      346299000	     17213	80004a6e	0342ecb3	rem	x25,x5,x20	  x5:0x00000000 x20:0xfffffc81 x25=0x00000000
      346319000	     17214	80004a72	40b589b3	sub	x19,x11,x11	 x11:0x00000000 x11:0x00000000 x19=0x00000000
      346339000	     17215	80004a76	62d9	c.lui	x5,0x16	  x5=0x00016000
      346359000	     17216	80004a78	000c6eb3	or	x29,x24,x0	 x24:0x0000019d  x0:0x00000000 x29=0x0000019d
      346379000	     17217	80004a7c	e139	c.bnez	x10,80004ac2	 x10:0x80023ce7
      347039000	     17250	80004ac2	0e94	c.addi4spn	x13,x2,848	 x13=0x00060350
      347459000	     17271	80004ac4	4c600237	lui	x4,0x4c600	  x4=0x4c600000
      347479000	     17272	80004ac8	01ed1193	slli	x3,x26,0x1e	 x26:0x00000000  x3=0x00000000
      347639000	     17280	80004acc	1c18	c.addi4spn	x14,x2,560	 x14=0x00060230
      347659000	     17281	80004ace	bd520c93	addi	x25,x4,-1067	  x4:0x4c600000 x25=0x4c5ffbd5
      348579000	     17327	80004ad2	02d97eb3	remu	x29,x18,x13	 x18:0x00000001 x13:0x00060350 x29=0x00000001
      348599000	     17328	80004ad6	026001ef	jal	x3,80004afc	  x3=0x80004ada
      349219000	     17359	80004afc	a02d	c.j	80004b26	
      350259000	     17411	80004b26	b7c9	c.j	80004ae8	
      350319000	     17414	80004ae8	a015	c.j	80004b0c	
      350379000	     17417	80004b0c	fe3ff2ef	jal	x5,80004aee	  x5=0x80004b10
      352119000	     17504	80004aee	03200fef	jal	x31,80004b20	 x31=0x80004af2
      352159000	     17506	80004b20	bfcd	c.j	80004b12	
      352199000	     17508	80004b12	2809	c.jal	80004b24	  x1=0x80004b14
      352239000	     17510	80004b24	3fd5	c.jal	80004b18	  x1=0x80004b26
      352639000	     17530	80004b18	b7fd	c.j	80004b06	
      352679000	     17532	80004b06	bfc5	c.j	80004af6	
      352759000	     17536	80004af6	00e000ef	jal	x1,80004b04	  x1=0x80004afa
      352819000	     17539	80004b04	bfdd	c.j	80004afa	
      352859000	     17541	80004afa	b7d5	c.j	80004ade	
      352919000	     17544	80004ade	04a0036f	jal	x6,80004b28	  x6=0x80004ae2
      352959000	     17546	80004b28	bfed	c.j	80004b22	
      352999000	     17548	80004b22	bff1	c.j	80004afe	
      353059000	     17551	80004afe	004000ef	jal	x1,80004b02	  x1=0x80004b02
      353099000	     17553	80004b02	a809	c.j	80004b14	
      353159000	     17556	80004b14	fc7ff1ef	jal	x3,80004ada	  x3=0x80004b18
      353239000	     17560	80004ada	02e0016f	jal	x2,80004b08	  x2=0x80004ade
      353299000	     17563	80004b08	014000ef	jal	x1,80004b1c	  x1=0x80004b0c
      353339000	     17565	80004b1c	2009	c.jal	80004b1e	  x1=0x80004b1e
      353379000	     17567	80004b1e	37f1	c.jal	80004aea	  x1=0x80004b20
      353419000	     17569	80004aea	bff5	c.j	80004ae6	
      353459000	     17571	80004ae6	2019	c.jal	80004aec	  x1=0x80004ae8
      353499000	     17573	80004aec	2015	c.jal	80004b10	  x1=0x80004aee
      353539000	     17575	80004b10	a029	c.j	80004b1a	
      353579000	     17577	80004b1a	b7e1	c.j	80004ae2	
      353659000	     17581	80004ae2	010000ef	jal	x1,80004af2	  x1=0x80004ae6
      353739000	     17585	80004af2	0380036f	jal	x6,80004b2a	  x6=0x80004af6
      353819000	     17589	80004b2a	f21dfa93	andi	x21,x27,-223	 x27:0xffffffff x21=0xffffff21
      353859000	     17591	80004b2e	03ee2b33	mulhsu	x22,x28,x30	 x28:0x8001fe64 x30:0x7ffdc27b x22=0xc0021df0
      353879000	     17592	80004b32	6eefca37	lui	x20,0x6eefc	 x20=0x6eefc000
      353959000	     17596	80004b36	018f1f63	bne	x30,x24,80004b54	 x30:0x7ffdc27b x24:0x0000019d
      354879000	     17642	80004b54	9752	c.add	x14,x20	 x14:0x00060230 x20:0x6eefc000 x14=0x6ef5c230
      354899000	     17643	80004b56	cb89	c.beqz	x15,80004b68	 x15:0x00000001
      355719000	     17684	80004b58	019a7833	and	x16,x20,x25	 x20:0x6eefc000 x25:0x4c5ffbd5 x16=0x4c4fc000
      355739000	     17685	80004b5c	9d7e	c.add	x26,x31	 x26:0x00000000 x31:0x80004af2 x26=0x80004af2
      355779000	     17687	80004b5e	618c51b7	lui	x3,0x618c5	  x3=0x618c5000
      355799000	     17688	80004b62	8fc9	c.or	x15,x10	 x15:0x00000001 x10:0x80023ce7 x15=0x80023ce7
      355839000	     17690	80004b64	039833b3	mulhu	x7,x16,x25	 x16:0x4c4fc000 x25:0x4c5ffbd5  x7=0x16c449a9
      367139000	     18255	80004b68	0001	c.addi	x0,0	  x0:0x00000000  x0=0x00000000
      367159000	     18256	80004b6a	016cfbb3	and	x23,x25,x22	 x25:0x4c5ffbd5 x22:0xc0021df0 x23=0x400219d0
      367179000	     18257	80004b6e	34006873	csrrsi	x16,mscratch,0	 x16=0x80023ce7
      367219000	     18259	80004b72	022aa3b3	mulhsu	x7,x21,x2	 x21:0xffffff21  x2:0x80004ade  x7=0xffffff90
      367239000	     18260	80004b76	ac39e113	ori	x2,x19,-1341	 x19:0x00000000  x2=0xfffffac3
      367259000	     18261	80004b7a	ba770713	addi	x14,x14,-1113	 x14:0x6ef5c230 x14=0x6ef5bdd7
      367279000	     18262	80004b7e	6c31	c.lui	x24,0xc	 x24=0x0000c000
      367399000	     18268	80004b80	01f112b3	sll	x5,x2,x31	  x2:0xfffffac3 x31:0x80004af2  x5=0xeb0c0000
      367419000	     18269	80004b84	05efc863	blt	x31,x30,80004bd4	 x31:0x80004af2 x30:0x7ffdc27b
      367939000	     18295	80004bd4	035b2033	mulhsu	x0,x22,x21	 x22:0xc0021df0 x21:0xffffff21  x0=0x00000000
      369019000	     18349	80004bd8	0352ef33	rem	x30,x5,x21	  x5:0xeb0c0000 x21:0xffffff21 x30=0xffffff7a
      369039000	     18350	80004bdc	9bfd	c.andi	x15,-1	 x15:0x80023ce7 x15=0x80023ce7
      369059000	     18351	80004bde	03c7d063	bge	x15,x28,80004bfe	 x15:0x80023ce7 x28:0x8001fe64
      369499000	     18373	80004bfe	8359	c.srli	x14,0x16	 x14:0x6ef5bdd7 x14=0x000001bb
      370079000	     18402	80004c00	340a28f3	csrrs	x17,mscratch,x20	 x20:0x6eefc000 x17=0x80023ce7
      370139000	     18405	80004c04	005f0363	beq	x30,x5,80004c0a	 x30:0xffffff7a  x5:0xeb0c0000
      370259000	     18411	80004c08	82b9	c.srli	x13,0xe	 x13:0x00060350 x13=0x00000018
      370279000	     18412	80004c0a	8f79	c.and	x14,x14	 x14:0x000001bb x14:0x000001bb x14=0x000001bb
      370399000	     18418	80004c0c	15fd	c.addi	x11,-1	 x11:0x00000000 x11=0xffffffff
      371279000	     18462	80004c0e	026965b3	rem	x11,x18,x6	 x18:0x00000001  x6:0x80004af6 x11=0x00000001
      371299000	     18463	80004c12	8806	c.mv	x16,x1	  x0:0x00000000  x1:0x80004ae6 x16=0x80004ae6
      371319000	     18464	80004c14	340d7273	csrrci	x4,mscratch,26	  x4=0xeeeffce7
      371359000	     18466	80004c18	02673a33	mulhu	x20,x14,x6	 x14:0x000001bb  x6:0x80004af6 x20=0x000000dd
      371379000	     18467	80004c1c	6845	c.lui	x16,0x11	 x16=0x00011000
      371419000	     18469	80004c1e	020e13b3	mulh	x7,x28,x0	 x28:0x8001fe64  x0:0x00000000  x7=0x00000000
      371459000	     18471	80004c22	039d9bb3	mulh	x23,x27,x25	 x27:0xffffffff x25:0x4c5ffbd5 x23=0xffffffff
      371839000	     18490	80004c26	46644913	xori	x18,x8,1126	  x8:0x80000000 x18=0x80000466
      371919000	     18494	80004c2a	03481c33	mulh	x24,x16,x20	 x16:0x00011000 x20:0x000000dd x24=0x00000000
      371939000	     18495	80004c2e	415504b3	sub	x9,x10,x21	 x10:0x80023ce7 x21:0xffffff21  x9=0x80023dc6
      371959000	     18496	80004c32	010e48b3	xor	x17,x28,x16	 x28:0x8001fe64 x16:0x00011000 x17=0x8000ee64
      371979000	     18497	80004c36	c1b5	c.beqz	x11,80004c9a	 x11:0x00000001
      371999000	     18498	80004c38	00abe8b3	or	x17,x23,x10	 x23:0xffffffff x10:0x80023ce7 x17=0xffffffff
      372019000	     18499	80004c3c	06570363	beq	x14,x5,80004ca2	 x14:0x000001bb  x5:0xeb0c0000
      372039000	     18500	80004c40	04b6d163	bge	x13,x11,80004c82	 x13:0x00000018 x11:0x00000001
      372839000	     18540	80004c82	34003cf3	csrrc	x25,mscratch,x0	  x0:0x00000000 x25=0xeeeffce5
      373279000	     18562	80004c86	02c73eb3	mulhu	x29,x14,x12	 x14:0x000001bb x12:0x80023ce4 x29=0x000000dd
      373679000	     18582	80004c8a	0129d593	srli	x11,x19,0x12	 x19:0x00000000 x11=0x00000000
      373759000	     18586	80004c8e	1f442f93	slti	x31,x8,500	  x8:0x80000000 x31=0x00000001
      373779000	     18587	80004c92	033e1663	bne	x28,x19,80004cbe	 x28:0x8001fe64 x19:0x00000000
      374739000	     18635	80004cbe	0ff0000f	fence	iorw,iorw	
      374759000	     18636	80004cc2	8351	c.srli	x14,0x14	 x14:0x000001bb x14=0x00000000
      374779000	     18637	80004cc4	01f7f663	bgeu	x15,x31,80004cd0	 x15:0x80023ce7 x31:0x00000001
      375099000	     18653	80004cd0	006df0b3	and	x1,x27,x6	 x27:0xffffffff  x6:0x80004af6  x1=0x80004af6
      375479000	     18672	80004cd4	34002cf3	csrrs	x25,mscratch,x0	  x0:0x00000000 x25=0xeeeffce5
      375759000	     18686	80004cd8	8121	c.srli	x10,0x8	 x10:0x80023ce7 x10=0x0080023c
      375779000	     18687	80004cda	8379	c.srli	x14,0x1e	 x14:0x00000000 x14=0x00000000
      375899000	     18693	80004cdc	cf2f4f93	xori	x31,x30,-782	 x30:0xffffff7a x31=0x00000388
      375919000	     18694	80004ce0	8699ee97	auipc	x29,0x8699e	 x29=0x069a2ce0
      375939000	     18695	80004ce4	01839113	slli	x2,x7,0x18	  x7:0x00000000  x2=0x00000000
      376099000	     18703	80004ce8	021021b3	mulhsu	x3,x0,x1	  x0:0x00000000  x1:0x80004af6  x3=0x00000000
      376119000	     18704	80004cec	0000100f	fence.i	
      376819000	     18739	80004cf0	02b3dab3	divu	x21,x7,x11	  x7:0x00000000 x11:0x00000000 x21=0xffffffff
      377159000	     18756	80004cf4	40eadf33	sra	x30,x21,x14	 x21:0xffffffff x14:0x00000000 x30=0xffffffff
      377179000	     18757	80004cf8	00573933	sltu	x18,x14,x5	 x14:0x00000000  x5:0xeb0c0000 x18=0x00000001
      377539000	     18775	80004cfc	00b59ab3	sll	x21,x11,x11	 x11:0x00000000 x11:0x00000000 x21=0x00000000
      377559000	     18776	80004d00	0136ea33	or	x20,x13,x19	 x13:0x00000018 x19:0x00000000 x20=0x00000018
      377579000	     18777	80004d04	017522b3	slt	x5,x10,x23	 x10:0x0080023c x23:0xffffffff  x5=0x00000000
      377659000	     18781	80004d08	40948bb3	sub	x23,x9,x9	  x9:0x80023dc6  x9:0x80023dc6 x23=0x00000000
      377879000	     18792	80004d0c	037a5733	divu	x14,x20,x23	 x20:0x00000018 x23:0x00000000 x14=0xffffffff
      377899000	     18793	80004d10	34051bf3	csrrw	x23,mscratch,x10	 x10:0x0080023c x23=0xeeeffce5
      377939000	     18795	80004d14	03471333	mulh	x6,x14,x20	 x14:0xffffffff x20:0x00000018  x6=0xffffffff
      378959000	     18846	80004d18	039b47b3	div	x15,x22,x25	 x22:0xc0021df0 x25:0xeeeffce5 x15=0x00000003
      378999000	     18848	80004d1c	03ee2ab3	mulhsu	x21,x28,x30	 x28:0x8001fe64 x30:0xffffffff x21=0x8001fe64
      379019000	     18849	80004d20	8cb5	c.xor	x9,x13	  x9:0x80023dc6 x13:0x00000018  x9=0x80023dde
      379039000	     18850	80004d22	340e9c73	csrrw	x24,mscratch,x29	 x29:0x069a2ce0 x24=0x0080023c
      379059000	     18851	80004d26	01d406b3	add	x13,x8,x29	  x8:0x80000000 x29:0x069a2ce0 x13=0x869a2ce0
      379079000	     18852	80004d2a	0ca6	c.slli	x25,0x9	 x25:0xeeeffce5 x25=0xdff9ca00
      379099000	     18853	80004d2c	8dfd	c.and	x11,x15	 x11:0x00000000 x15:0x00000003 x11=0x00000000
      379119000	     18854	80004d2e	3409e373	csrrsi	x6,mscratch,19	  x6=0x069a2ce0
      379279000	     18862	80004d32	05b90563	beq	x18,x27,80004d7c	 x18:0x00000001 x27:0xffffffff
      379299000	     18863	80004d36	00763733	sltu	x14,x12,x7	 x12:0x80023ce4  x7:0x00000000 x14=0x00000000
      379319000	     18864	80004d3a	01e605b3	add	x11,x12,x30	 x12:0x80023ce4 x30:0xffffffff x11=0x80023ce3
      379399000	     18868	80004d3e	001ff733	and	x14,x31,x1	 x31:0x00000388  x1:0x80004af6 x14=0x00000280
      379419000	     18869	80004d42	02cc1463	bne	x24,x12,80004d6a	 x24:0x0080023c x12:0x80023ce4
      380079000	     18902	80004d6a	0001	c.addi	x0,0	  x0:0x00000000  x0=0x00000000
      381139000	     18955	80004d6c	032475b3	remu	x11,x8,x18	  x8:0x80000000 x18:0x00000001 x11=0x00000000
      381159000	     18956	80004d70	f1662c93	slti	x25,x12,-234	 x12:0x80023ce4 x25=0x00000001
      381179000	     18957	80004d74	004d36b3	sltu	x13,x26,x4	 x26:0x80004af2  x4:0xeeeffce7 x13=0x00000001
      381199000	     18958	80004d78	fd0e75b7	lui	x11,0xfd0e7	 x11=0xfd0e7000
      381219000	     18959	80004d7c	3401dcf3	csrrwi	x25,mscratch,3	 x25=0x069a2cf3
      381579000	     18977	80004d80	34085bf3	csrrwi	x23,mscratch,16	 x23=0x00000003
      381599000	     18978	80004d84	8fd5	c.or	x15,x13	 x15:0x00000003 x13:0x00000001 x15=0x00000003
      381659000	     18981	80004d86	03aa08b3	mul	x17,x20,x26	 x20:0x00000018 x26:0x80004af2 x17=0x000706b0
      381719000	     18984	80004d8a	004dc9b3	xor	x19,x27,x4	 x27:0xffffffff  x4:0xeeeffce7 x19=0x11100318
      381739000	     18985	80004d8e	0b88	c.addi4spn	x10,x2,464	 x10=0x000001d0
      381779000	     18987	80004d90	03d6bdb3	mulhu	x27,x13,x29	 x13:0x00000001 x29:0x069a2ce0 x27=0x00000000
      381799000	     18988	80004d94	cf09	c.beqz	x14,80004dae	 x14:0x00000280
      381819000	     18989	80004d96	9d86	c.add	x27,x1	 x27:0x00000000  x1:0x80004af6 x27=0x80004af6
      382099000	     19003	80004d98	5b58f213	andi	x4,x17,1461	 x17:0x000706b0  x4=0x000004b0
      382519000	     19024	80004d9c	01691bb3	sll	x23,x18,x22	 x18:0x00000001 x22:0xc0021df0 x23=0x00010000
      382539000	     19025	80004da0	006ef263	bgeu	x29,x6,80004da4	 x29:0x069a2ce0  x6:0x069a2ce0
      382819000	     19039	80004da4	8936	c.mv	x18,x13	  x0:0x00000000 x13:0x00000001 x18=0x00000001
      383259000	     19061	80004da6	e00b3997	auipc	x19,0xe00b3	 x19=0x600b7da6
      383279000	     19062	80004daa	014b1f33	sll	x30,x22,x20	 x22:0xc0021df0 x20:0x00000018 x30=0xf0000000
      384019000	     19099	80004dae	031a4133	div	x2,x20,x17	 x20:0x00000018 x17:0x000706b0  x2=0x00000000
      384039000	     19100	80004db2	cbbe4a93	xori	x21,x28,-837	 x28:0x8001fe64 x21=0x7ffe02df
      384059000	     19101	80004db6	199c	c.addi4spn	x15,x2,240	 x15=0x000000f0
      384079000	     19102	80004db8	34007773	csrrci	x14,mscratch,0	 x14=0x00000010
      384099000	     19103	80004dbc	70434993	xori	x19,x6,1796	  x6:0x069a2ce0 x19=0x069a2be4
      384119000	     19104	80004dc0	0dd6	c.slli	x27,0x15	 x27:0x80004af6 x27=0x5ec00000
      384139000	     19105	80004dc2	8cc5	c.or	x9,x9	  x9:0x80023dde  x9:0x80023dde  x9=0x80023dde
      384159000	     19106	80004dc4	99fd	c.andi	x11,-1	 x11:0xfd0e7000 x11=0xfd0e7000
      384179000	     19107	80004dc6	00e78b33	add	x22,x15,x14	 x15:0x000000f0 x14:0x00000010 x22=0x00000100
      384219000	     19109	80004dca	039796b3	mulh	x13,x15,x25	 x15:0x000000f0 x25:0x069a2cf3 x13=0x00000006
      384259000	     19111	80004dce	5463b913	sltiu	x18,x7,1350	  x7:0x00000000 x18=0x00000001
      384459000	     19121	80004dd2	581f3c93	sltiu	x25,x30,1409	 x30:0xf0000000 x25=0x00000000
      384479000	     19122	80004dd6	9ae08293	addi	x5,x1,-1618	  x1:0x80004af6  x5=0x800044a4
      384499000	     19123	80004dda	84d34f13	xori	x30,x6,-1971	  x6:0x069a2ce0 x30=0xf965d4ad
      384519000	     19124	80004dde	340fdd73	csrrwi	x26,mscratch,31	 x26=0x00000010
      384539000	     19125	80004de2	e899	c.bnez	x9,80004df8	  x9:0x80023dde
      385079000	     19152	80004df8	40d10cb3	sub	x25,x2,x13	  x2:0x00000000 x13:0x00000006 x25=0xfffffffa
      385119000	     19154	80004dfc	8e9d	c.sub	x13,x15	 x13:0x00000006 x15:0x000000f0 x13=0xffffff16
      385139000	     19155	80004dfe	db203913	sltiu	x18,x0,-590	  x0:0x00000000 x18=0x00000001
      385159000	     19156	80004e02	d1882693	slti	x13,x16,-744	 x16:0x00011000 x13=0x00000000
      385259000	     19161	80004e06	01912233	slt	x4,x2,x25	  x2:0x00000000 x25:0xfffffffa  x4=0x00000000
      385999000	     19198	80004e0a	02f769b3	rem	x19,x14,x15	 x14:0x00000010 x15:0x000000f0 x19=0x00000010
      386019000	     19199	80004e0e	6a1d	c.lui	x20,0x7	 x20=0x00007000
      386039000	     19200	80004e10	00c8fd33	and	x26,x17,x12	 x17:0x000706b0 x12:0x80023ce4 x26=0x000204a0
      386059000	     19201	80004e14	340066f3	csrrsi	x13,mscratch,0	 x13=0x0000001f
      386079000	     19202	80004e18	01c8dd33	srl	x26,x17,x28	 x17:0x000706b0 x28:0x8001fe64 x26=0x0000706b
      386099000	     19203	80004e1c	34002b73	csrrs	x22,mscratch,x0	  x0:0x00000000 x22=0x0000001f
      386119000	     19204	80004e20	80ed	c.srli	x9,0x1b	  x9:0x80023dde  x9=0x00000010
      386139000	     19205	80004e22	8d85	c.sub	x11,x9	 x11:0xfd0e7000  x9:0x00000010 x11=0xfd0e6ff0
      386159000	     19206	80004e24	34007df3	csrrci	x27,mscratch,0	 x27=0x0000001f
      386339000	     19215	80004e28	168c	c.addi4spn	x11,x2,864	 x11=0x00000360
      386599000	     19228	80004e2a	34007573	csrrci	x10,mscratch,0	 x10=0x0000001f
      386779000	     19237	80004e2e	023d5363	bge	x26,x3,80004e54	 x26:0x0000706b  x3:0x00000000
      387219000	     19259	80004e54	0ff0000f	fence	iorw,iorw	
      387339000	     19265	80004e58	023ff333	remu	x6,x31,x3	 x31:0x00000388  x3:0x00000000  x6=0x00000388
      387499000	     19273	80004e5c	34066ef3	csrrsi	x29,mscratch,12	 x29=0x0000001f
      387519000	     19274	80004e60	34003173	csrrc	x2,mscratch,x0	  x0:0x00000000  x2=0x0000001f
      387559000	     19276	80004e64	02dcda63	bge	x25,x13,80004e98	 x25:0xfffffffa x13:0x0000001f
      387739000	     19285	80004e68	015305b3	add	x11,x6,x21	  x6:0x00000388 x21:0x7ffe02df x11=0x7ffe0667
      387759000	     19286	80004e6c	959e	c.add	x11,x7	 x11:0x7ffe0667  x7:0x00000000 x11=0x7ffe0667
      387779000	     19287	80004e6e	8db5	c.xor	x11,x13	 x11:0x7ffe0667 x13:0x0000001f x11=0x7ffe0678
      403799000	     20088	80004e70	03eb5263	bge	x22,x30,80004e94	 x22:0x0000001f x30:0xf965d4ad
      403879000	     20092	80004e94	408e8c33	sub	x24,x29,x8	 x29:0x0000001f  x8:0x80000000 x24=0x8000001f
      404299000	     20113	80004e98	0000100f	fence.i	
      405299000	     20163	80004e9c	03545ab3	divu	x21,x8,x21	  x8:0x80000000 x21:0x7ffe02df x21=0x00000001
      405319000	     20164	80004ea0	95a92a93	slti	x21,x18,-1702	 x18:0x00000001 x21=0x00000000
      405339000	     20165	80004ea4	890d	c.andi	x10,3	 x10:0x0000001f x10=0x00000003
      405359000	     20166	80004ea6	408f03b3	sub	x7,x30,x8	 x30:0xf965d4ad  x8:0x80000000  x7=0x7965d4ad
      405379000	     20167	80004eaa	3406e0f3	csrrsi	x1,mscratch,13	  x1=0x0000001f
      405399000	     20168	80004eae	340d1af3	csrrw	x21,mscratch,x26	 x26:0x0000706b x21=0x0000001f
      405419000	     20169	80004eb2	340e65f3	csrrsi	x11,mscratch,28	 x11=0x0000706b
      405459000	     20171	80004eb6	0ff0000f	fence	iorw,iorw	
      406079000	     20202	80004eba	01117d33	and	x26,x2,x17	  x2:0x0000001f x17:0x000706b0 x26=0x00000010
      406099000	     20203	80004ebe	8c9d	c.sub	x9,x15	  x9:0x00000010 x15:0x000000f0  x9=0xffffff20
      406259000	     20211	80004ec0	003b98b3	sll	x17,x23,x3	 x23:0x00010000  x3:0x00000000 x17=0x00010000
      406279000	     20212	80004ec4	43a9	c.li	x7,10	  x7=0x0000000a
      406299000	     20213	80004ec6	41a85893	srai	x17,x16,0x1a	 x16:0x00011000 x17=0x00000000
      406499000	     20223	80004eca	01e35313	srli	x6,x6,0x1e	  x6:0x00000388  x6=0x00000000
      406519000	     20224	80004ece	8fd1	c.or	x15,x12	 x15:0x000000f0 x12:0x80023ce4 x15=0x80023cf4
      406539000	     20225	80004ed0	8e85	c.sub	x13,x9	 x13:0x0000001f  x9:0xffffff20 x13=0x000000ff
      406559000	     20226	80004ed2	2c37ff37	lui	x30,0x2c37f	 x30=0x2c37f000
      406579000	     20227	80004ed6	0acd	c.addi	x21,19	 x21:0x0000001f x21=0x00000032
      406599000	     20228	80004ed8	00949233	sll	x4,x9,x9	  x9:0xffffff20  x9:0xffffff20  x4=0xffffff20
      406839000	     20240	80004edc	8ed2	c.mv	x29,x20	  x0:0x00000000 x20:0x00007000 x29=0x00007000
      406919000	     20244	80004ede	340039f3	csrrc	x19,mscratch,x0	  x0:0x00000000 x19=0x0000707f
      406939000	     20245	80004ee2	8341	c.srli	x14,0x10	 x14:0x00000010 x14=0x00000000
      406959000	     20246	80004ee4	417004b3	sub	x9,x0,x23	  x0:0x00000000 x23:0x00010000  x9=0xffff0000
      407179000	     20257	80004ee8	40e2d493	srai	x9,x5,0xe	  x5:0x800044a4  x9=0xfffe0001
      407339000	     20265	80004eec	34007d73	csrrci	x26,mscratch,0	 x26=0x0000707f
      407459000	     20271	80004ef0	98fd	c.andi	x9,-1	  x9:0xfffe0001  x9=0xfffe0001
      407599000	     20278	80004ef2	01547233	and	x4,x8,x21	  x8:0x80000000 x21:0x00000032  x4=0x00000000
      407619000	     20279	80004ef6	400bd833	sra	x16,x23,x0	 x23:0x00010000  x0:0x00000000 x16=0x00010000
      407639000	     20280	80004efa	99b2	c.add	x19,x12	 x19:0x0000707f x12:0x80023ce4 x19=0x8002ad63
      408379000	     20317	80004efc	025ac0b3	div	x1,x21,x5	 x21:0x00000032  x5:0x800044a4  x1=0x00000000
      408399000	     20318	80004f00	401bd233	sra	x4,x23,x1	 x23:0x00010000  x1:0x00000000  x4=0x00010000
      408419000	     20319	80004f04	80fd	c.srli	x9,0x1f	  x9:0xfffe0001  x9=0x00000001
      408439000	     20320	80004f06	cc89	c.beqz	x9,80004f20	  x9:0x00000001
      408459000	     20321	80004f08	65167193	andi	x3,x12,1617	 x12:0x80023ce4  x3=0x00000440
      408479000	     20322	80004f0c	40c05033	sra	x0,x0,x12	  x0:0x00000000 x12:0x80023ce4  x0=0x00000000
      408499000	     20323	80004f10	41b30ab3	sub	x21,x6,x27	  x6:0x00000000 x27:0x0000001f x21=0xffffffe1
      408519000	     20324	80004f14	02380bb3	mul	x23,x16,x3	 x16:0x00010000  x3:0x00000440 x23=0x04400000
      408539000	     20325	80004f18	6a35	c.lui	x20,0xd	 x20=0x0000d000
      408559000	     20326	80004f1a	411a5733	sra	x14,x20,x17	 x20:0x0000d000 x17:0x00000000 x14=0x0000d000
      408579000	     20327	80004f1e	8d0a	c.mv	x26,x2	  x0:0x00000000  x2:0x0000001f x26=0x0000001f
      408999000	     20348	80004f20	024312b3	mulh	x5,x6,x4	  x6:0x00000000  x4:0x00010000  x5=0x00000000
      409179000	     20357	80004f24	de83f693	andi	x13,x7,-536	  x7:0x0000000a x13=0x00000008
      409599000	     20378	80004f28	0000100f	fence.i	
      410219000	     20409	80004f2c	90d2	c.add	x1,x20	  x1:0x00000000 x20:0x0000d000  x1=0x0000d000
      410239000	     20410	80004f2e	1388	c.addi4spn	x10,x2,480	 x10=0x000001ff
      410519000	     20424	80004f30	01ee0fb3	add	x31,x28,x30	 x28:0x8001fe64 x30:0x2c37f000 x31=0xac39ee64
      410939000	     20445	80004f34	0ff0000f	fence	iorw,iorw	
      411099000	     20453	80004f38	4c0f3297	auipc	x5,0x4c0f3	  x5=0xcc0f7f38
      411159000	     20456	80004f3c	3402e273	csrrsi	x4,mscratch,5	  x4=0x0000707f
      411259000	     20461	80004f40	03db7963	bgeu	x22,x29,80004f72	 x22:0x0000001f x29:0x00007000
      411279000	     20462	80004f44	84d1	c.srai	x9,0x14	  x9:0x00000001  x9=0x00000000
      411419000	     20469	80004f46	00a20663	beq	x4,x10,80004f52	  x4:0x0000707f x10:0x000001ff
      411439000	     20470	80004f4a	00d0af33	slt	x30,x1,x13	  x1:0x0000d000 x13:0x00000008 x30=0x00000000
      411459000	     20471	80004f4e	34082573	csrrs	x10,mscratch,x16	 x16:0x00010000 x10=0x0000707f
      411479000	     20472	80004f52	869d	c.srai	x13,0x7	 x13:0x00000008 x13=0x00000000
      411499000	     20473	80004f54	c71d	c.beqz	x14,80004f82	 x14:0x0000d000
      411519000	     20474	80004f56	6fc9	c.lui	x31,0x12	 x31=0x00012000
      411539000	     20475	80004f58	4028d013	srai	x0,x17,0x2	 x17:0x00000000  x0=0x00000000
      411579000	     20477	80004f5c	8fb9	c.xor	x15,x14	 x15:0x80023cf4 x14:0x0000d000 x15=0x8002ecf4
      411599000	     20478	80004f5e	018409b3	add	x19,x8,x24	  x8:0x80000000 x24:0x8000001f x19=0x0000001f
      411619000	     20479	80004f62	9be2	c.add	x23,x24	 x23:0x04400000 x24:0x8000001f x23=0x8440001f
      411639000	     20480	80004f64	e795	c.bnez	x15,80004f90	 x15:0x8002ecf4
      412219000	     20509	80004f90	6d270593	addi	x11,x14,1746	 x14:0x0000d000 x11=0x0000d6d2
      412319000	     20514	80004f94	41615533	sra	x10,x2,x22	  x2:0x0000001f x22:0x0000001f x10=0x00000000
      412339000	     20515	80004f98	01b373b3	and	x7,x6,x27	  x6:0x00000000 x27:0x0000001f  x7=0x00000000
      412359000	     20516	80004f9c	0836	c.slli	x16,0xd	 x16:0x00010000 x16=0x20000000
      412479000	     20522	80004f9e	01b56363	bltu	x10,x27,80004fa4	 x10:0x00000000 x27:0x0000001f
      414139000	     20605	80004fa4	03734263	blt	x6,x23,80004fc8	  x6:0x00000000 x23:0x8440001f
      414239000	     20610	80004fa8	c9b1	c.beqz	x11,80004ffc	 x11:0x0000d6d2
      414259000	     20611	80004faa	4b9cb713	sltiu	x14,x25,1209	 x25:0xfffffffa x14=0x00000000
      414279000	     20612	80004fae	6ead	c.lui	x29,0xb	 x29=0x0000b000
      414679000	     20632	80004fb0	f4ebbc13	sltiu	x24,x23,-178	 x23:0x8440001f x24=0x00000001
      414839000	     20640	80004fb4	34007173	csrrci	x2,mscratch,0	  x2=0x0001707f
      414859000	     20641	80004fb8	009f4333	xor	x6,x30,x9	 x30:0x00000000  x9:0x00000000  x6=0x00000000
      414879000	     20642	80004fbc	3932b593	sltiu	x11,x5,915	  x5:0xcc0f7f38 x11=0x00000000
      414899000	     20643	80004fc0	8cb9	c.xor	x9,x14	  x9:0x00000000 x14:0x00000000  x9=0x00000000
      414919000	     20644	80004fc2	0001	c.addi	x0,0	  x0:0x00000000  x0=0x00000000
      415279000	     20662	80004fc4	0001f563	bgeu	x3,x0,80004fce	  x3:0x00000440  x0:0x00000000
      415799000	     20688	80004fce	00fbe233	or	x4,x23,x15	 x23:0x8440001f x15:0x8002ecf4  x4=0x8442ecff
      415819000	     20689	80004fd2	9f76	c.add	x30,x29	 x30:0x00000000 x29:0x0000b000 x30=0x0000b000
      415919000	     20694	80004fd4	0100d293	srli	x5,x1,0x10	  x1:0x0000d000  x5=0x00000000
      415939000	     20695	80004fd8	8b3d	c.andi	x14,15	 x14:0x00000000 x14=0x00000000
      416059000	     20701	80004fda	008001ef	jal	x3,80004fe2	  x3=0x80004fde
      416959000	     20746	80004fe2	2011	c.jal	80004fe6	  x1=0x80004fe4
      416999000	     20748	80004fe6	a009	c.j	80004fe8	
      417099000	     20753	80004fe8	2019	c.jal	80004fee	  x1=0x80004fea
      417379000	     20767	80004fee	ff1ffbef	jal	x23,80004fde	 x23=0x80004ff2
      417419000	     20769	80004fde	2019	c.jal	80004fe4	  x1=0x80004fe0
      417479000	     20772	80004fe4	bff5	c.j	80004fe0	
      417539000	     20775	80004fe0	a809	c.j	80004ff2	
      417599000	     20778	80004ff2	3fe5	c.jal	80004fea	  x1=0x80004ff4
      417659000	     20781	80004fea	2009	c.jal	80004fec	  x1=0x80004fec
      417719000	     20784	80004fec	a021	c.j	80004ff4	
      417779000	     20787	80004ff4	8c8a	c.mv	x25,x2	  x0:0x00000000  x2:0x0001707f x25=0x0001707f
      417799000	     20788	80004ff6	00686fb3	or	x31,x16,x6	 x16:0x20000000  x6:0x00000000 x31=0x20000000
      417819000	     20789	80004ffa	8119	c.srli	x10,0x6	 x10:0x00000000 x10=0x00000000
      417839000	     20790	80004ffc	01dfd033	srl	x0,x31,x29	 x31:0x20000000 x29:0x0000b000  x0=0x00000000
      418179000	     20807	80005000	34007173	csrrci	x2,mscratch,0	  x2=0x0001707f
      418199000	     20808	80005004	5b7cb093	sltiu	x1,x25,1463	 x25:0x0001707f  x1=0x00000000
      418379000	     20817	80005008	0223a333	mulhsu	x6,x7,x2	  x7:0x00000000  x2:0x0001707f  x6=0x00000000
      418399000	     20818	8000500c	03266263	bltu	x12,x18,80005030	 x12:0x80023ce4 x18:0x00000001
      418819000	     20839	80005010	34007d73	csrrci	x26,mscratch,0	 x26=0x0001707f
      418839000	     20840	80005014	8f6bbe93	sltiu	x29,x23,-1802	 x23:0x80004ff2 x29=0x00000001
      418899000	     20843	80005018	0013e933	or	x18,x7,x1	  x7:0x00000000  x1:0x00000000 x18=0x00000000
      418919000	     20844	8000501c	8d293d13	sltiu	x26,x18,-1838	 x18:0x00000000 x26=0x00000001
      419279000	     20862	80005020	cb15	c.beqz	x14,80005054	 x14:0x00000000
      419859000	     20891	80005054	a6a8ab13	slti	x22,x17,-1430	 x17:0x00000000 x22=0x00000000
      420699000	     20933	80005058	0074e863	bltu	x9,x7,80005068	  x9:0x00000000  x7:0x00000000
      420719000	     20934	8000505c	8d3d	c.xor	x10,x15	 x10:0x00000000 x15:0x8002ecf4 x10=0x8002ecf4
      420739000	     20935	8000505e	34002d73	csrrs	x26,mscratch,x0	  x0:0x00000000 x26=0x0001707f
      420759000	     20936	80005062	c3126797	auipc	x15,0xc3126	 x15=0x4312b062
      420779000	     20937	80005066	82b5	c.srli	x13,0xd	 x13:0x00000000 x13=0x00000000
      420799000	     20938	80005068	6e99	c.lui	x29,0x6	 x29=0x00006000
      420839000	     20940	8000506a	031d38b3	mulhu	x17,x26,x17	 x26:0x0001707f x17:0x00000000 x17=0x00000000
      420859000	     20941	8000506e	8145	c.srli	x10,0x11	 x10:0x8002ecf4 x10=0x00004001
      420879000	     20942	80005070	01751d33	sll	x26,x10,x23	 x10:0x00004001 x23:0x80004ff2 x26=0x00040000
      420899000	     20943	80005074	57c43013	sltiu	x0,x8,1404	  x8:0x80000000  x0=0x00000000
      420919000	     20944	80005078	c51d	c.beqz	x10,800050a6	 x10:0x00004001
      420939000	     20945	8000507a	89ad	c.andi	x11,11	 x11:0x00000000 x11=0x00000000
      420959000	     20946	8000507c	405d58b3	sra	x17,x26,x5	 x26:0x00040000  x5:0x00000000 x17=0x00040000
      420979000	     20947	80005080	34007273	csrrci	x4,mscratch,0	  x4=0x0001707f
      421559000	     20976	80005084	99ce	c.add	x19,x19	 x19:0x0000001f x19:0x0000001f x19=0x0000003e
      421579000	     20977	80005086	8de1	c.and	x11,x8	 x11:0x00000000  x8:0x80000000 x11=0x00000000
      422699000	     21033	80005088	03524cb3	div	x25,x4,x21	  x4:0x0001707f x21:0xffffffe1 x25=0xfffff41d
      422719000	     21034	8000508c	dbd80093	addi	x1,x16,-579	 x16:0x20000000  x1=0x1ffffdbd
      422739000	     21035	80005090	d962dc37	lui	x24,0xd962d	 x24=0xd962d000
      422759000	     21036	80005094	b112ed93	ori	x27,x5,-1263	  x5:0x00000000 x27=0xfffffb11
      423499000	     21073	80005098	03e97bb3	remu	x23,x18,x30	 x18:0x00000000 x30:0x0000b000 x23=0x00000000
      423519000	     21074	8000509c	417b0c33	sub	x24,x22,x23	 x22:0x00000000 x23:0x00000000 x24=0x00000000
      423539000	     21075	800050a0	0ff0000f	fence	iorw,iorw	
      423559000	     21076	800050a4	8dd5	c.or	x11,x13	 x11:0x00000000 x13:0x00000000 x11=0x00000000
      423579000	     21077	800050a6	66d1	c.lui	x13,0x14	 x13=0x00014000
      423599000	     21078	800050a8	0001	c.addi	x0,0	  x0:0x00000000  x0=0x00000000
      423619000	     21079	800050aa	00d933b3	sltu	x7,x18,x13	 x18:0x00000000 x13:0x00014000  x7=0x00000001
      423639000	     21080	800050ae	0001	c.addi	x0,0	  x0:0x00000000  x0=0x00000000
      423719000	     21084	800050b0	41400b33	sub	x22,x0,x20	  x0:0x00000000 x20:0x0000d000 x22=0xffff3000
      423899000	     21093	800050b4	0166cb63	blt	x13,x22,800050ca	 x13:0x00014000 x22:0xffff3000
      424259000	     21111	800050b8	01ff05b3	add	x11,x30,x31	 x30:0x0000b000 x31:0x20000000 x11=0x2000b000
      424519000	     21124	800050bc	0804c137	lui	x2,0x804c	  x2=0x0804c000
      424639000	     21130	800050c0	3406f3f3	csrrci	x7,mscratch,13	  x7=0x0001707f
      424839000	     21140	800050c4	02a6a533	mulhsu	x10,x13,x10	 x13:0x00014000 x10:0x00004001 x10=0x00000000
      424859000	     21141	800050c8	171c	c.addi4spn	x15,x2,928	 x15=0x0804c3a0
      424879000	     21142	800050ca	0000100f	fence.i	
      425139000	     21155	800050ce	82c23593	sltiu	x11,x4,-2004	  x4:0x0001707f x11=0x00000001
      425179000	     21157	800050d2	02808db3	mul	x27,x1,x8	  x1:0x1ffffdbd  x8:0x80000000 x27=0x80000000
      425199000	     21158	800050d6	00eb0663	beq	x22,x14,800050e2	 x22:0xffff3000 x14:0x00000000
      425339000	     21165	800050da	340f5f73	csrrwi	x30,mscratch,30	 x30=0x00017072
      425759000	     21186	800050de	0191dc33	srl	x24,x3,x25	  x3:0x80004fde x25:0xfffff41d x24=0x00000004
      426199000	     21208	800050e2	03f12eb3	mulhsu	x29,x2,x31	  x2:0x0804c000 x31:0x20000000 x29=0x01009800
      426599000	     21228	800050e6	0056c5b3	xor	x11,x13,x5	 x13:0x00014000  x5:0x00000000 x11=0x00014000
      426619000	     21229	800050ea	340078f3	csrrci	x17,mscratch,0	 x17=0x0000001e
      426779000	     21237	800050ee	8cab81b7	lui	x3,0x8cab8	  x3=0x8cab8000
      426799000	     21238	800050f2	34003d73	csrrc	x26,mscratch,x0	  x0:0x00000000 x26=0x0000001e
      427659000	     21281	800050f6	0338e4b3	rem	x9,x17,x19	 x17:0x0000001e x19:0x0000003e  x9=0x0000001e
      427679000	     21282	800050fa	34006073	csrrsi	x0,mscratch,0	  x0=0x00000000
      427719000	     21284	800050fe	033897b3	mulh	x15,x17,x19	 x17:0x0000001e x19:0x0000003e x15=0x00000000
      427739000	     21285	80005102	939c2193	slti	x3,x24,-1735	 x24:0x00000004  x3=0x00000000
      427759000	     21286	80005106	02b98263	beq	x19,x11,8000512a	 x19:0x0000003e x11:0x00014000
      427779000	     21287	8000510a	66b6fa13	andi	x20,x13,1643	 x13:0x00014000 x20=0x00000000
      427799000	     21288	8000510e	0a12	c.slli	x20,0x4	 x20:0x00000000 x20=0x00000000
      427959000	     21296	80005110	1f7d	c.addi	x30,-1	 x30:0x00017072 x30=0x00017071
      427979000	     21297	80005112	01715ab3	srl	x21,x2,x23	  x2:0x0804c000 x23:0x00000000 x21=0x0804c000
      427999000	     21298	80005116	8fad	c.xor	x15,x11	 x15:0x00000000 x11:0x00014000 x15=0x00014000
      428019000	     21299	80005118	9eba	c.add	x29,x14	 x29:0x01009800 x14:0x00000000 x29=0x01009800
      428439000	     21320	8000511a	02e29a33	mulh	x20,x5,x14	  x5:0x00000000 x14:0x00000000 x20=0x00000000
      428459000	     21321	8000511e	40e55813	srai	x16,x10,0xe	 x10:0x00000000 x16=0x00000000
      428859000	     21341	80005122	aabf7213	andi	x4,x30,-1365	 x30:0x00017071  x4=0x00017021
      429279000	     21362	80005126	e5ad2837	lui	x16,0xe5ad2	 x16=0xe5ad2000
      429299000	     21363	8000512a	ed81	c.bnez	x11,80005142	 x11:0x00014000
      429899000	     21393	80005142	340221f3	csrrs	x3,mscratch,x4	  x4:0x00017021  x3=0x0000001e
      429919000	     21394	80005146	0000100f	fence.i	
      430499000	     21423	8000514a	416857b3	sra	x15,x16,x22	 x16:0xe5ad2000 x22:0xffff3000 x15=0xe5ad2000
      430539000	     21425	8000514e	003d2733	slt	x14,x26,x3	 x26:0x0000001e  x3:0x0000001e x14=0x00000000
      430559000	     21426	80005152	0000100f	fence.i	
      431559000	     21476	80005156	00987bb3	and	x23,x16,x9	 x16:0xe5ad2000  x9:0x0000001e x23=0x00000000
      431859000	     21491	8000515a	6c70ed13	ori	x26,x1,1735	  x1:0x1ffffdbd x26=0x1fffffff
      432639000	     21530	8000515e	024860b3	rem	x1,x16,x4	 x16:0xe5ad2000  x4:0x00017021  x1=0xffff9c0e
      432659000	     21531	80005162	8b09	c.andi	x14,2	 x14:0x00000000 x14=0x00000000
      432699000	     21533	80005164	023a9c33	mulh	x24,x21,x3	 x21:0x0804c000  x3:0x0000001e x24=0x00000000
      432719000	     21534	80005168	3400a4f3	csrrs	x9,mscratch,x1	  x1:0xffff9c0e  x9=0x0001703f
      432739000	     21535	8000516c	01b55fb3	srl	x31,x10,x27	 x10:0x00000000 x27:0x80000000 x31=0x00000000
      432759000	     21536	80005170	01d48033	add	x0,x9,x29	  x9:0x0001703f x29:0x01009800  x0=0x00000000
      432779000	     21537	80005174	8f11	c.sub	x14,x12	 x14:0x00000000 x12:0x80023ce4 x14=0x7ffdc31c
      432799000	     21538	80005176	008f2fb3	slt	x31,x30,x8	 x30:0x00017071  x8:0x80000000 x31=0x00000000
      432819000	     21539	8000517a	cd05	c.beqz	x10,800051b2	 x10:0x00000000
      433539000	     21575	800051b2	ece9a813	slti	x16,x19,-306	 x19:0x0000003e x16=0x00000000
      433659000	     21581	800051b6	b34c7f13	andi	x30,x24,-1228	 x24:0x00000000 x30=0x00000000
      434399000	     21618	800051ba	022c65b3	rem	x11,x24,x2	 x24:0x00000000  x2:0x0804c000 x11=0x00000000
      434419000	     21619	800051be	018271b3	and	x3,x4,x24	  x4:0x00017021 x24:0x00000000  x3=0x00000000
      434459000	     21621	800051c2	03e03833	mulhu	x16,x0,x30	  x0:0x00000000 x30:0x00000000 x16=0x00000000
      434479000	     21622	800051c6	cc303c93	sltiu	x25,x0,-829	  x0:0x00000000 x25=0x00000001
      434499000	     21623	800051ca	8efd	c.and	x13,x15	 x13:0x00014000 x15:0xe5ad2000 x13=0x00010000
      434519000	     21624	800051cc	e899	c.bnez	x9,800051e2	  x9:0x0001703f
      435099000	     21653	800051e2	8f11	c.sub	x14,x12	 x14:0x7ffdc31c x12:0x80023ce4 x14=0xfffb8638
      435119000	     21654	800051e4	029b8533	mul	x10,x23,x9	 x23:0x00000000  x9:0x0001703f x10=0x00000000
      435219000	     21659	800051e8	26fe7d13	andi	x26,x28,623	 x28:0x8001fe64 x26=0x00000264
      435239000	     21660	800051ec	00b5e533	or	x10,x11,x11	 x11:0x00000000 x11:0x00000000 x10=0x00000000
      435259000	     21661	800051f0	07c0bc13	sltiu	x24,x1,124	  x1:0xffff9c0e x24=0x00000000
      435279000	     21662	800051f4	0001	c.addi	x0,0	  x0:0x00000000  x0=0x00000000
      435299000	     21663	800051f6	4bf8ab93	slti	x23,x17,1215	 x17:0x0000001e x23=0x00000001
      436379000	     21717	800051fa	039dc333	div	x6,x27,x25	 x27:0x80000000 x25:0x00000001  x6=0x80000000
      436399000	     21718	800051fe	01eb5f63	bge	x22,x30,8000521c	 x22:0xffff3000 x30:0x00000000
      436419000	     21719	80005202	41825b13	srai	x22,x4,0x18	  x4:0x00017021 x22=0x00000000
      436439000	     21720	80005206	340038f3	csrrc	x17,mscratch,x0	  x0:0x00000000 x17=0xfffffc3f
      436459000	     21721	8000520a	a9f4b013	sltiu	x0,x9,-1377	  x9:0x0001703f  x0=0x00000000
      436479000	     21722	8000520e	00107933	and	x18,x0,x1	  x0:0x00000000  x1:0xffff9c0e x18=0x00000000
      436499000	     21723	80005212	052e8463	beq	x29,x18,8000525a	 x29:0x01009800 x18:0x00000000
      436519000	     21724	80005216	1018	c.addi4spn	x14,x2,32	 x14=0x0804c020
      436599000	     21728	80005218	340659f3	csrrwi	x19,mscratch,12	 x19=0xfffffc3f
      436619000	     21729	8000521c	01d090b3	sll	x1,x1,x29	  x1:0xffff9c0e x29:0x01009800  x1=0xffff9c0e
      436639000	     21730	80005220	8ef9	c.and	x13,x14	 x13:0x00010000 x14:0x0804c020 x13=0x00000000
      436659000	     21731	80005222	34007cf3	csrrci	x25,mscratch,0	 x25=0x0000000c
      436759000	     21736	80005226	0ff0000f	fence	iorw,iorw	
      436779000	     21737	8000522a	aaffe713	ori	x14,x31,-1361	 x31:0x00000000 x14=0xfffffaaf
      436899000	     21743	8000522e	63def113	andi	x2,x29,1597	 x29:0x01009800  x2=0x00000000
      436919000	     21744	80005232	3405bbf3	csrrc	x23,mscratch,x11	 x11:0x00000000 x23=0x0000000c
      436939000	     21745	80005236	947cef93	ori	x31,x25,-1721	 x25:0x0000000c x31=0xfffff94f
      437319000	     21764	8000523a	d8027793	andi	x15,x4,-640	  x4:0x00017021 x15=0x00017000
      437339000	     21765	8000523e	089a	c.slli	x17,0x6	 x17:0xfffffc3f x17=0xffff0fc0
      438099000	     21803	80005240	031979b3	remu	x19,x18,x17	 x18:0x00000000 x17:0xffff0fc0 x19=0x00000000
      438119000	     21804	80005244	00e91c13	slli	x24,x18,0xe	 x18:0x00000000 x24=0x00000000
      438139000	     21805	80005248	cf95	c.beqz	x15,80005284	 x15:0x00017000
      438179000	     21807	8000524a	02031a33	mulh	x20,x6,x0	  x6:0x80000000  x0:0x00000000 x20=0x00000000
      438199000	     21808	8000524e	340fecf3	csrrsi	x25,mscratch,31	 x25=0x0000000c
      438939000	     21845	80005252	0284f4b3	remu	x9,x9,x8	  x9:0x0001703f  x8:0x80000000  x9=0x0001703f
      438959000	     21846	80005256	41775c13	srai	x24,x14,0x17	 x14:0xfffffaaf x24=0xffffffff
      438979000	     21847	8000525a	41abdab3	sra	x21,x23,x26	 x23:0x0000000c x26:0x00000264 x21=0x00000000
      438999000	     21848	8000525e	0000100f	fence.i	
      439539000	     21875	80005262	9a53e493	ori	x9,x7,-1627	  x7:0x0001707f  x9=0xfffff9ff
      439559000	     21876	80005266	0001	c.addi	x0,0	  x0:0x00000000  x0=0x00000000
      439959000	     21896	80005268	8fbd	c.xor	x15,x15	 x15:0x00017000 x15:0x00017000 x15=0x00000000
      439979000	     21897	8000526a	0ff0000f	fence	iorw,iorw	
      440139000	     21905	8000526e	03f70fb3	mul	x31,x14,x31	 x14:0xfffffaaf x31:0xfffff94f x31=0x00239301
      440159000	     21906	80005272	340b9ff3	csrrw	x31,mscratch,x23	 x23:0x0000000c x31=0x0000001f
      440179000	     21907	80005276	0001	c.addi	x0,0	  x0:0x00000000  x0=0x00000000
      440259000	     21911	80005278	717d	c.addi16sp	x2,-16	  x2:0x00000000  x2=0xfffffff0
      440279000	     21912	8000527a	e8f6e813	ori	x16,x13,-369	 x13:0x00000000 x16=0xfffffe8f
      440299000	     21913	8000527e	40e9	c.li	x1,26	  x1=0x0000001a
      440319000	     21914	80005280	009693b3	sll	x7,x13,x9	 x13:0x00000000  x9:0xfffff9ff  x7=0x00000000
      440339000	     21915	80005284	c5098513	addi	x10,x19,-944	 x19:0x00000000 x10=0xfffffc50
      440499000	     21923	80005288	8fb9	c.xor	x15,x14	 x15:0x00000000 x14:0xfffffaaf x15=0xfffffaaf
      440539000	     21925	8000528a	047f9463	bne	x31,x7,800052d2	 x31:0x0000001f  x7:0x00000000
      440799000	     21938	800052d2	14fd	c.addi	x9,-1	  x9:0xfffff9ff  x9=0xfffff9fe
      441219000	     21959	800052d4	6169	c.addi16sp	x2,208	  x2:0xfffffff0  x2=0x000000c0
      441239000	     21960	800052d6	8945	c.andi	x10,17	 x10:0xfffffc50 x10=0x00000010
      441379000	     21967	800052d8	8f2d	c.xor	x14,x11	 x14:0xfffffaaf x11:0x00000000 x14=0xfffffaaf
      441659000	     21981	800052da	0000100f	fence.i	
      442719000	     22034	800052de	00d5ef63	bltu	x11,x13,800052fc	 x11:0x00000000 x13:0x00000000
      442739000	     22035	800052e2	01ea1db3	sll	x27,x20,x30	 x20:0x00000000 x30:0x00000000 x27=0x00000000
      443179000	     22057	800052e6	0377bf33	mulhu	x30,x15,x23	 x15:0xfffffaaf x23:0x0000000c x30=0x0000000b
      443199000	     22058	800052ea	60863d97	auipc	x27,0x60863	 x27=0xe08682ea
      443239000	     22060	800052ee	02b5a733	mulhsu	x14,x11,x11	 x11:0x00000000 x11:0x00000000 x14=0x00000000
      443259000	     22061	800052f2	0001	c.addi	x0,0	  x0:0x00000000  x0=0x00000000
      443279000	     22062	800052f4	011c8ab3	add	x21,x25,x17	 x25:0x0000000c x17:0xffff0fc0 x21=0xffff0fcc
      443459000	     22071	800052f8	02eed9b3	divu	x19,x29,x14	 x29:0x01009800 x14:0x00000000 x19=0xffffffff
      444619000	     22129	800052fc	03f7bbb3	mulhu	x23,x15,x31	 x15:0xfffffaaf x31:0x0000001f x23=0x0000001e
      444639000	     22130	80005300	58fd	c.li	x17,-1	 x17=0xffffffff
      444659000	     22131	80005302	00423bb3	sltu	x23,x4,x4	  x4:0x00017021  x4:0x00017021 x23=0x00000000
      445399000	     22168	80005306	026c7533	remu	x10,x24,x6	 x24:0xffffffff  x6:0x80000000 x10=0x7fffffff
      445419000	     22169	8000530a	8f8d	c.sub	x15,x11	 x15:0xfffffaaf x11:0x00000000 x15=0xfffffaaf
      445439000	     22170	8000530c	0a14	c.addi4spn	x13,x2,272	 x13=0x000001d0
      445459000	     22171	8000530e	34045973	csrrwi	x18,mscratch,8	 x18=0x0000000c
      445479000	     22172	80005312	34007f73	csrrci	x30,mscratch,0	 x30=0x00000008
      445499000	     22173	80005316	ea9d	c.bnez	x13,8000534c	 x13:0x000001d0
      445679000	     22182	8000534c	340179f3	csrrci	x19,mscratch,2	 x19=0x00000008
      445699000	     22183	80005350	002d9a33	sll	x20,x27,x2	 x27:0xe08682ea  x2:0x000000c0 x20=0xe08682ea
      445779000	     22187	80005354	e29d	c.bnez	x13,8000537a	 x13:0x000001d0
      446559000	     22226	8000537a	340851f3	csrrwi	x3,mscratch,16	  x3=0x00000008
      447699000	     22283	8000537e	0214cb33	div	x22,x9,x1	  x9:0xfffff9fe  x1:0x0000001a x22=0xffffffc5
      447719000	     22284	80005382	8ae9	c.andi	x13,26	 x13:0x000001d0 x13=0x00000010
      447739000	     22285	80005384	85a5	c.srai	x11,0x9	 x11:0x00000000 x11=0x00000000
      447759000	     22286	80005386	401f81b3	sub	x3,x31,x1	 x31:0x0000001f  x1:0x0000001a  x3=0x00000005
      447779000	     22287	8000538a	00819693	slli	x13,x3,0x8	  x3:0x00000005 x13=0x00000500
      447799000	     22288	8000538e	34007973	csrrci	x18,mscratch,0	 x18=0x00000010
      447819000	     22289	80005392	01735d13	srli	x26,x6,0x17	  x6:0x80000000 x26=0x00000100
      447879000	     22292	80005396	75763993	sltiu	x19,x12,1879	 x12:0x80023ce4 x19=0x00000000
      447899000	     22293	8000539a	34093573	csrrc	x10,mscratch,x18	 x18:0x00000010 x10=0x00000010
      447919000	     22294	8000539e	01af1393	slli	x7,x30,0x1a	 x30:0x00000008  x7=0x20000000
      448059000	     22301	800053a2	34006d73	csrrsi	x26,mscratch,0	 x26=0x00000000
      448079000	     22302	800053a6	02698533	mul	x10,x19,x6	 x19:0x00000000  x6:0x80000000 x10=0x00000000
      448259000	     22311	800053aa	02ef6533	rem	x10,x30,x14	 x30:0x00000008 x14:0x00000000 x10=0x00000008
      448279000	     22312	800053ae	0358cf17	auipc	x30,0x358c	 x30=0x835913ae
      448679000	     22332	800053b2	01e08963	beq	x1,x30,800053c4	  x1:0x0000001a x30:0x835913ae
      448699000	     22333	800053b6	0108dcb3	srl	x25,x17,x16	 x17:0xffffffff x16:0xfffffe8f x25=0x0001ffff
      448899000	     22343	800053ba	02b068b3	rem	x17,x0,x11	  x0:0x00000000 x11:0x00000000 x17=0x00000000
      448919000	     22344	800053be	0f72	c.slli	x30,0x1c	 x30:0x835913ae x30=0xe0000000
      448939000	     22345	800053c0	e38dcf93	xori	x31,x27,-456	 x27:0xe08682ea x31=0x1f797cd2
      449099000	     22353	800053c4	8345	c.srli	x14,0x11	 x14:0x00000000 x14=0x00000000
      449119000	     22354	800053c6	c199	c.beqz	x11,800053cc	 x11:0x00000000
      449899000	     22393	800053cc	026789b3	mul	x19,x15,x6	 x15:0xfffffaaf  x6:0x80000000 x19=0x80000000
      450079000	     22402	800053d0	009be8b3	or	x17,x23,x9	 x23:0x00000000  x9:0xfffff9fe x17=0xfffff9fe
      450099000	     22403	800053d4	0000100f	fence.i	
      450439000	     22420	800053d8	85a42213	slti	x4,x8,-1958	  x8:0x80000000  x4=0x00000001
      450459000	     22421	800053dc	01d57533	and	x10,x10,x29	 x10:0x00000008 x29:0x01009800 x10=0x00000000
      450879000	     22442	800053e0	6aa1	c.lui	x21,0x8	 x21=0x00008000
      450899000	     22443	800053e2	e709	c.bnez	x14,800053ec	 x14:0x00000000
      450939000	     22445	800053e4	34007bf3	csrrci	x23,mscratch,0	 x23=0x00000000
      451179000	     22457	800053e8	0ff0000f	fence	iorw,iorw	
      451199000	     22458	800053ec	0b4a	c.slli	x22,0x12	 x22:0xffffffc5 x22=0xff140000
      451219000	     22459	800053ee	419206b3	sub	x13,x4,x25	  x4:0x00000001 x25:0x0001ffff x13=0xfffe0002
      451259000	     22461	800053f2	03a02d33	mulhsu	x26,x0,x26	  x0:0x00000000 x26:0x00000000 x26=0x00000000
      451999000	     22498	800053f6	0267d4b3	divu	x9,x15,x6	 x15:0xfffffaaf  x6:0x80000000  x9=0x00000001
      452019000	     22499	800053fa	01069793	slli	x15,x13,0x10	 x13:0xfffe0002 x15=0x00020000
      452039000	     22500	800053fe	02849763	bne	x9,x8,8000542c	  x9:0x00000001  x8:0x80000000
      452319000	     22514	8000542c	34007773	csrrci	x14,mscratch,0	 x14=0x00000000
      452339000	     22515	80005430	003b5513	srli	x10,x22,0x3	 x22:0xff140000 x10=0x1fe28000
      452559000	     22526	80005434	0ff0000f	fence	iorw,iorw	
      452579000	     22527	80005438	17fd	c.addi	x15,-1	 x15:0x00020000 x15=0x0001ffff
      452599000	     22528	8000543a	8e85	c.sub	x13,x9	 x13:0xfffe0002  x9:0x00000001 x13=0xfffe0001
      452719000	     22534	8000543c	015c1e63	bne	x24,x21,80005458	 x24:0xffffffff x21:0x00008000
      453219000	     22559	80005458	03232a33	mulhsu	x20,x6,x18	  x6:0x80000000 x18:0x00000010 x20=0xfffffff8
      453639000	     22580	8000545c	02bbcbb3	div	x23,x23,x11	 x23:0x00000000 x11:0x00000000 x23=0xffffffff
      453799000	     22588	80005460	8d35	c.xor	x10,x13	 x10:0x1fe28000 x13:0xfffe0001 x10=0xe01c8001
      453819000	     22589	80005462	a633cf13	xori	x30,x7,-1437	  x7:0x20000000 x30=0xdffffa63
      453839000	     22590	80005466	997d	c.andi	x10,-1	 x10:0xe01c8001 x10=0xe01c8001
      454259000	     22611	80005468	022a1a33	mulh	x20,x20,x2	 x20:0xfffffff8  x2:0x000000c0 x20=0xffffffff
      454299000	     22613	8000546c	c715	c.beqz	x14,80005498	 x14:0x00000000
      454879000	     22642	80005498	340024f3	csrrs	x9,mscratch,x0	  x0:0x00000000  x9=0x00000000
      454959000	     22646	8000549c	abd7cb93	xori	x23,x15,-1347	 x15:0x0001ffff x23=0xfffe0542
      454979000	     22647	800054a0	017a50b3	srl	x1,x20,x23	 x20:0xffffffff x23:0xfffe0542  x1=0x3fffffff
      454999000	     22648	800054a4	010fe463	bltu	x31,x16,800054ac	 x31:0x1f797cd2 x16:0xfffffe8f
      456039000	     22700	800054ac	007f3bb3	sltu	x23,x30,x7	 x30:0xdffffa63  x7:0x20000000 x23=0x00000000
      456059000	     22701	800054b0	00b976b3	and	x13,x18,x11	 x18:0x00000010 x11:0x00000000 x13=0x00000000
      456079000	     22702	800054b4	038883b3	mul	x7,x17,x24	 x17:0xfffff9fe x24:0xffffffff  x7=0x00000602
      456099000	     22703	800054b8	340fd3f3	csrrwi	x7,mscratch,31	  x7=0x00000000
      456519000	     22724	800054bc	66e9	c.lui	x13,0x1a	 x13=0x0001a000
      456539000	     22725	800054be	6bb1	c.lui	x23,0xc	 x23=0x0000c000
      456559000	     22726	800054c0	02eac963	blt	x21,x14,800054f2	 x21:0x00008000 x14:0x00000000
      456679000	     22732	800054c4	04b1c363	blt	x3,x11,8000550a	  x3:0x00000005 x11:0x00000000
      456699000	     22733	800054c8	ad53b393	sltiu	x7,x7,-1323	  x7:0x00000000  x7=0x00000001
      456779000	     22737	800054cc	011b26b3	slt	x13,x22,x17	 x22:0xff140000 x17:0xfffff9fe x13=0x00000001
      456799000	     22738	800054d0	88a2	c.mv	x17,x8	  x0:0x00000000  x8:0x80000000 x17=0x80000000
      456819000	     22739	800054d2	0001	c.addi	x0,0	  x0:0x00000000  x0=0x00000000
      457019000	     22749	800054d4	03bd99b3	mulh	x19,x27,x27	 x27:0xe08682ea x27:0xe08682ea x19=0x03dea5f2
      457439000	     22770	800054d8	03239933	mulh	x18,x7,x18	  x7:0x00000001 x18:0x00000010 x18=0x00000000
      457579000	     22777	800054dc	65972893	slti	x17,x14,1625	 x14:0x00000000 x17=0x00000001
      457919000	     22794	800054e0	0ff0000f	fence	iorw,iorw	
      458299000	     22813	800054e4	03e71e63	bne	x14,x30,80005520	 x14:0x00000000 x30:0xdffffa63
      458939000	     22845	80005520	01db5c63	bge	x22,x29,80005538	 x22:0xff140000 x29:0x01009800
      458959000	     22846	80005524	014ca033	slt	x0,x25,x20	 x25:0x0001ffff x20:0xffffffff  x0=0x00000000
      459019000	     22849	80005528	340bbff3	csrrc	x31,mscratch,x23	 x23:0x0000c000 x31=0x0000001f
      459439000	     22870	8000552c	00262833	slt	x16,x12,x2	 x12:0x80023ce4  x2:0x000000c0 x16=0x00000001
      459859000	     22891	80005530	03354863	blt	x10,x19,80005560	 x10:0xe01c8001 x19:0x03dea5f2
      460399000	     22918	80005560	0ff0000f	fence	iorw,iorw	
      460819000	     22939	80005564	4b81	c.li	x23,0	 x23=0x00000000
      460839000	     22940	80005566	0a08	c.addi4spn	x10,x2,272	 x10=0x000001d0
      460859000	     22941	80005568	83a1	c.srli	x15,0x8	 x15:0x0001ffff x15=0x000001ff
      460879000	     22942	8000556a	0f85	c.addi	x31,1	 x31:0x0000001f x31=0x00000020
      461259000	     22961	8000556c	1318	c.addi4spn	x14,x2,416	 x14=0x00000260
      461339000	     22965	8000556e	3401f873	csrrci	x16,mscratch,3	 x16=0x0000001f
      461359000	     22966	80005572	340e51f3	csrrwi	x3,mscratch,28	  x3=0x0000001c
      461379000	     22967	80005576	401d8833	sub	x16,x27,x1	 x27:0xe08682ea  x1:0x3fffffff x16=0xa08682eb
      461779000	     22987	8000557a	34007273	csrrci	x4,mscratch,0	  x4=0x0000001c
      461799000	     22988	8000557e	ee91	c.bnez	x13,8000559a	 x13:0x00000001
      461899000	     22993	8000559a	84e5	c.srai	x9,0x19	  x9:0x00000000  x9=0x00000000
      462159000	     23006	8000559c	01201033	sll	x0,x0,x18	  x0:0x00000000 x18:0x00000000  x0=0x00000000
      462179000	     23007	800055a0	8d41	c.or	x10,x8	 x10:0x000001d0  x8:0x80000000 x10=0x800001d0
      462959000	     23046	800055a2	03c5e7b3	rem	x15,x11,x28	 x11:0x00000000 x28:0x8001fe64 x15=0x00000000
      462979000	     23047	800055a6	015d6833	or	x16,x26,x21	 x26:0x00000000 x21:0x00008000 x16=0x00008000
      462999000	     23048	800055aa	040f8463	beq	x31,x0,800055f2	 x31:0x00000020  x0:0x00000000
      463739000	     23085	800055ae	02ea52b3	divu	x5,x20,x14	 x20:0xffffffff x14:0x00000260  x5=0x006bca1a
      463759000	     23086	800055b2	02c34463	blt	x6,x12,800055da	  x6:0x80000000 x12:0x80023ce4
      464259000	     23111	800055da	03f48533	mul	x10,x9,x31	  x9:0x00000000 x31:0x00000020 x10=0x00000000
      464679000	     23132	800055de	0ba73f37	lui	x30,0xba73	 x30=0x0ba73000
      465099000	     23153	800055e2	41795493	srai	x9,x18,0x17	 x18:0x00000000  x9=0x00000000
      465119000	     23154	800055e6	8ee1	c.and	x13,x8	 x13:0x00000001  x8:0x80000000 x13=0x00000000
      465139000	     23155	800055e8	41f15c93	srai	x25,x2,0x1f	  x2:0x000000c0 x25=0x00000000
      465159000	     23156	800055ec	340d11f3	csrrw	x3,mscratch,x26	 x26:0x00000000  x3=0x0000001c
      465179000	     23157	800055f0	717d	c.addi16sp	x2,-16	  x2:0x000000c0  x2=0x000000b0
      465199000	     23158	800055f2	010b1cb3	sll	x25,x22,x16	 x22:0xff140000 x16:0x00008000 x25=0xff140000
      465239000	     23160	800055f6	05456563	bltu	x10,x20,80005640	 x10:0x00000000 x20:0xffffffff
      465919000	     23194	80005640	0136df93	srli	x31,x13,0x13	 x13:0x00000000 x31=0x00000000
      466339000	     23215	80005644	64d5aa13	slti	x20,x11,1613	 x11:0x00000000 x20=0x00000001
      466499000	     23223	80005648	0b84	c.addi4spn	x9,x2,464	  x9=0x00000280
      466599000	     23228	8000564a	0ff0000f	fence	iorw,iorw	
      466759000	     23236	8000564e	0df90d93	addi	x27,x18,223	 x18:0x00000000 x27=0x000000df
      467079000	     23252	80005652	15f0df17	auipc	x30,0x15f0d	 x30=0x95f12652
      467279000	     23262	80005656	3405d7f3	csrrwi	x15,mscratch,11	 x15=0x00000000
      467299000	     23263	8000565a	717d	c.addi16sp	x2,-16	  x2:0x000000b0  x2=0x000000a0
      467319000	     23264	8000565c	2d150493	addi	x9,x10,721	 x10:0x00000000  x9=0x000002d1
      467439000	     23270	80005660	02159063	bne	x11,x1,80005680	 x11:0x00000000  x1:0x3fffffff
      475839000	     23690	80005680	027511b3	mulh	x3,x10,x7	 x10:0x00000000  x7:0x00000001  x3=0x00000000
      475859000	     23691	80005684	6574db97	auipc	x23,0x6574d	 x23=0xe5752684
      475879000	     23692	80005688	34002c73	csrrs	x24,mscratch,x0	  x0:0x00000000 x24=0x0000000b
      475899000	     23693	8000568c	b8602f17	auipc	x30,0xb8602	 x30=0x3860768c
      475919000	     23694	80005690	03505263	bge	x0,x21,800056b4	  x0:0x00000000 x21:0x00008000
      475939000	     23695	80005694	340afef3	csrrci	x29,mscratch,21	 x29=0x0000000b
      475979000	     23697	80005698	003c0b33	add	x22,x24,x3	 x24:0x0000000b  x3:0x00000000 x22=0x0000000b
      476359000	     23716	8000569c	015a10b3	sll	x1,x20,x21	 x20:0x00000001 x21:0x00008000  x1=0x00000001
      476379000	     23717	800056a0	41a2d4b3	sra	x9,x5,x26	  x5:0x006bca1a x26:0x00000000  x9=0x006bca1a
      477119000	     23754	800056a4	0255f8b3	remu	x17,x11,x5	 x11:0x00000000  x5:0x006bca1a x17=0x00000000
      477139000	     23755	800056a8	02fd9f63	bne	x27,x15,800056e6	 x27:0x000000df x15:0x00000000
      477559000	     23776	800056e6	340adf73	csrrwi	x30,mscratch,21	 x30=0x0000000a
      477579000	     23777	800056ea	004a60b3	or	x1,x20,x4	 x20:0x00000001  x4:0x0000001c  x1=0x0000001d
      477599000	     23778	800056ee	cf09	c.beqz	x14,80005708	 x14:0x00000260
      477659000	     23781	800056f0	0000100f	fence.i	
      477759000	     23786	800056f4	00dc99b3	sll	x19,x25,x13	 x25:0xff140000 x13:0x00000000 x19=0xff140000
      477779000	     23787	800056f8	9dae	c.add	x27,x11	 x27:0x000000df x11:0x00000000 x27=0x000000df
      477919000	     23794	800056fa	00e981b3	add	x3,x19,x14	 x19:0xff140000 x14:0x00000260  x3=0xff140260
      477939000	     23795	800056fe	8ff9	c.and	x15,x14	 x15:0x00000000 x14:0x00000260 x15=0x00000000
      477959000	     23796	80005700	007c5013	srli	x0,x24,0x7	 x24:0x0000000b  x0=0x00000000
      477979000	     23797	80005704	4113dd33	sra	x26,x7,x17	  x7:0x00000001 x17:0x00000000 x26=0x00000001
      478379000	     23817	80005708	0001	c.addi	x0,0	  x0:0x00000000  x0=0x00000000
      478579000	     23827	8000570a	52adc093	xori	x1,x27,1322	 x27:0x000000df  x1=0x000005f5
      478599000	     23828	8000570e	82b6	c.mv	x5,x13	  x0:0x00000000 x13:0x00000000  x5=0x00000000
      478759000	     23836	80005710	01d8e9b3	or	x19,x17,x29	 x17:0x00000000 x29:0x0000000b x19=0x0000000b
      478859000	     23841	80005714	03a9	c.addi	x7,10	  x7:0x00000001  x7=0x0000000b
      478919000	     23844	80005716	3408e373	csrrsi	x6,mscratch,17	  x6=0x00000015
      478939000	     23845	8000571a	005113b3	sll	x7,x2,x5	  x2:0x000000a0  x5:0x00000000  x7=0x000000a0
      478959000	     23846	8000571e	003dde93	srli	x29,x27,0x3	 x27:0x000000df x29=0x0000001b
      479379000	     23867	80005722	03351463	bne	x10,x19,8000574a	 x10:0x00000000 x19:0x0000000b
      480079000	     23902	8000574a	8fb5	c.xor	x15,x13	 x15:0x00000000 x13:0x00000000 x15=0x00000000
      480099000	     23903	8000574c	40e0dd93	srai	x27,x1,0xe	  x1:0x000005f5 x27=0x00000000
      480119000	     23904	80005750	0000100f	fence.i	
      480739000	     23935	80005754	02e0e163	bltu	x1,x14,80005776	  x1:0x000005f5 x14:0x00000260
      481039000	     23950	80005758	0193b2b3	sltu	x5,x7,x25	  x7:0x000000a0 x25:0xff140000  x5=0x00000001
      481079000	     23952	8000575c	9bfd	c.andi	x15,-1	 x15:0x00000000 x15=0x00000000
      481299000	     23963	8000575e	34007bf3	csrrci	x23,mscratch,0	 x23=0x00000015
      481479000	     23972	80005762	0000100f	fence.i	
      482559000	     24026	80005766	037051b3	divu	x3,x0,x23	  x0:0x00000000 x23:0x00000015  x3=0x00000000
      482579000	     24027	8000576a	8ca9	c.xor	x9,x10	  x9:0x006bca1a x10:0x00000000  x9=0x006bca1a
      482599000	     24028	8000576c	9afd	c.andi	x13,-1	 x13:0x00000000 x13=0x00000000
      482619000	     24029	8000576e	0364d563	bge	x9,x22,80005798	  x9:0x006bca1a x22:0x0000000b
      482699000	     24033	80005798	0231cb63	blt	x3,x3,800057ce	  x3:0x00000000  x3:0x00000000
      482919000	     24044	8000579c	0001	c.addi	x0,0	  x0:0x00000000  x0=0x00000000
      483299000	     24063	8000579e	012c1913	slli	x18,x24,0x12	 x24:0x0000000b x18=0x002c0000
      483319000	     24064	800057a2	01a4d263	bge	x9,x26,800057a6	  x9:0x006bca1a x26:0x00000001
      484339000	     24115	800057a6	0001ea63	bltu	x3,x0,800057ba	  x3:0x00000000  x0:0x00000000
      484359000	     24116	800057aa	84f1	c.srai	x9,0x1c	  x9:0x006bca1a  x9=0x00000000
      484379000	     24117	800057ac	340fe8f3	csrrsi	x17,mscratch,31	 x17=0x00000015
      484399000	     24118	800057b0	00071d13	slli	x26,x14,0x0	 x14:0x00000260 x26=0x00000260
      484419000	     24119	800057b4	89ae	c.mv	x19,x11	  x0:0x00000000 x11:0x00000000 x19=0x00000000
      484439000	     24120	800057b6	340cb973	csrrc	x18,mscratch,x25	 x25:0xff140000 x18=0x0000001f
      484859000	     24141	800057ba	02ace833	rem	x16,x25,x10	 x25:0xff140000 x10:0x00000000 x16=0xff140000
      484959000	     24146	800057be	03f5c763	blt	x11,x31,800057ec	 x11:0x00000000 x31:0x00000000
      484979000	     24147	800057c2	acf052b7	lui	x5,0xacf05	  x5=0xacf05000
      485399000	     24168	800057c6	b3b0b493	sltiu	x9,x1,-1221	  x1:0x000005f5  x9=0x00000001
      485419000	     24169	800057ca	c191	c.beqz	x11,800057ce	 x11:0x00000000
      485619000	     24179	800057ce	8cc5	c.or	x9,x9	  x9:0x00000001  x9:0x00000001  x9=0x00000001
      485639000	     24180	800057d0	01282733	slt	x14,x16,x18	 x16:0xff140000 x18:0x0000001f x14=0x00000001
      486059000	     24201	800057d4	0001	c.addi	x0,0	  x0:0x00000000  x0=0x00000000
      486079000	     24202	800057d6	0156fb33	and	x22,x13,x21	 x13:0x00000000 x21:0x00008000 x22=0x00000000
      486119000	     24204	800057da	01480e63	beq	x16,x20,800057f6	 x16:0xff140000 x20:0x00000001
      486159000	     24206	800057de	03269c33	mulh	x24,x13,x18	 x13:0x00000000 x18:0x0000001f x24=0x00000000
      486179000	     24207	800057e2	0001	c.addi	x0,0	  x0:0x00000000  x0=0x00000000
      486319000	     24214	800057e4	340ca973	csrrs	x18,mscratch,x25	 x25:0xff140000 x18=0x0000001f
      486759000	     24236	800057e8	031ab233	mulhu	x4,x21,x17	 x21:0x00008000 x17:0x00000015  x4=0x00000000
      486779000	     24237	800057ec	404c5d13	srai	x26,x24,0x4	 x24:0x00000000 x26=0x00000000
      487039000	     24250	800057f0	8731	c.srai	x14,0xc	 x14:0x00000001 x14=0x00000000
      487179000	     24257	800057f2	02ec33b3	mulhu	x7,x24,x14	 x24:0x00000000 x14:0x00000000  x7=0x00000000
      487199000	     24258	800057f6	0001	c.addi	x0,0	  x0:0x00000000  x0=0x00000000
      487219000	     24259	800057f8	40670fb3	sub	x31,x14,x6	 x14:0x00000000  x6:0x00000015 x31=0xffffffeb
      487419000	     24269	800057fc	40dd	c.li	x1,23	  x1=0x00000017
      487439000	     24270	800057fe	8dbd	c.xor	x11,x15	 x11:0x00000000 x15:0x00000000 x11=0x00000000
      487619000	     24279	80005800	014d4a33	xor	x20,x26,x20	 x26:0x00000000 x20:0x00000001 x20=0x00000001
      487639000	     24280	80005804	01fa1793	slli	x15,x20,0x1f	 x20:0x00000001 x15=0x80000000
      487839000	     24290	80005808	042e6263	bltu	x28,x2,8000584c	 x28:0x8001fe64  x2:0x000000a0
      487859000	     24291	8000580c	0355f263	bgeu	x11,x21,80005830	 x11:0x00000000 x21:0x00008000
      487879000	     24292	80005810	00ea31b3	sltu	x3,x20,x14	 x20:0x00000001 x14:0x00000000  x3=0x00000000
      487919000	     24294	80005814	0340bb33	mulhu	x22,x1,x20	  x1:0x00000017 x20:0x00000001 x22=0x00000000
      487939000	     24295	80005818	097a	c.slli	x18,0x1e	 x18:0x0000001f x18=0xc0000000
      487999000	     24298	8000581a	f5d8a393	slti	x7,x17,-163	 x17:0x00000015  x7=0x00000000
      488019000	     24299	8000581e	0f88	c.addi4spn	x10,x2,976	 x10=0x00000470
      488099000	     24303	80005820	01c7e0b3	or	x1,x15,x28	 x15:0x80000000 x28:0x8001fe64  x1=0x8001fe64
      488259000	     24311	80005824	e927c493	xori	x9,x15,-366	 x15:0x80000000  x9=0x7ffffe92
      488299000	     24313	80005828	025fb4b3	mulhu	x9,x31,x5	 x31:0xffffffeb  x5:0xacf05000  x9=0xacf04ff1
      488319000	     24314	8000582c	1284	c.addi4spn	x9,x2,352	  x9=0x00000200
      488339000	     24315	8000582e	597d	c.li	x18,-1	 x18=0xffffffff
      489119000	     24354	80005830	02844733	div	x14,x8,x8	  x8:0x80000000  x8:0x80000000 x14=0x00000001
      489139000	     24355	80005834	34051a73	csrrw	x20,mscratch,x10	 x10:0x00000470 x20=0xff14001f
      489159000	     24356	80005838	001eb833	sltu	x16,x29,x1	 x29:0x0000001b  x1:0x8001fe64 x16=0x00000001
      489179000	     24357	8000583c	016bc9b3	xor	x19,x23,x22	 x23:0x00000015 x22:0x00000000 x19=0x00000015
      489199000	     24358	80005840	8ea1	c.xor	x13,x8	 x13:0x00000000  x8:0x80000000 x13=0x80000000
      489219000	     24359	80005842	34059af3	csrrw	x21,mscratch,x11	 x11:0x00000000 x21=0x00000470
      489439000	     24370	80005846	023d6663	bltu	x26,x3,80005872	 x26:0x00000000  x3:0x00000000
      489459000	     24371	8000584a	717d	c.addi16sp	x2,-16	  x2:0x000000a0  x2=0x00000090
      489739000	     24385	8000584c	063caf37	lui	x30,0x63ca	 x30=0x063ca000
      489759000	     24386	80005850	82d5	c.srli	x13,0x15	 x13:0x80000000 x13=0x00000400
      490179000	     24407	80005852	00c84563	blt	x16,x12,8000585c	 x16:0x00000001 x12:0x80023ce4
      490199000	     24408	80005856	6f91	c.lui	x31,0x4	 x31=0x00004000
      490239000	     24410	80005858	03f594b3	mulh	x9,x11,x31	 x11:0x00000000 x31:0x00004000  x9=0x00000000
      490539000	     24425	8000585c	74f6c193	xori	x3,x13,1871	 x13:0x00000400  x3=0x0000034f
      490559000	     24426	80005860	078a	c.slli	x15,0x2	 x15:0x80000000 x15=0x00000000
      490579000	     24427	80005862	831d	c.srli	x14,0x7	 x14:0x00000001 x14=0x00000000
      490599000	     24428	80005864	8d09	c.sub	x10,x10	 x10:0x00000470 x10:0x00000470 x10=0x00000000
      490619000	     24429	80005866	0192f7b3	and	x15,x5,x25	  x5:0xacf05000 x25:0xff140000 x15=0xac100000
      490639000	     24430	8000586a	0004bdb3	sltu	x27,x9,x0	  x9:0x00000000  x0:0x00000000 x27=0x00000000
      490679000	     24432	8000586e	012c2133	slt	x2,x24,x18	 x24:0x00000000 x18:0xffffffff  x2=0x00000000
      490699000	     24433	80005872	0fd02293	slti	x5,x0,253	  x0:0x00000000  x5=0x00000001
      490719000	     24434	80005876	0109acb3	slt	x25,x19,x16	 x19:0x00000015 x16:0x00000001 x25=0x00000000
      490739000	     24435	8000587a	0001	c.addi	x0,0	  x0:0x00000000  x0=0x00000000
      490759000	     24436	8000587c	e89d	c.bnez	x9,800058b2	  x9:0x00000000
      490839000	     24440	8000587e	02e5bd33	mulhu	x26,x11,x14	 x11:0x00000000 x14:0x00000000 x26=0x00000000
      491119000	     24454	80005882	03171363	bne	x14,x17,800058a8	 x14:0x00000000 x17:0x00000015
      492459000	     24521	800058a8	0230ddb3	divu	x27,x1,x3	  x1:0x8001fe64  x3:0x0000034f x27=0x0026b082
      492479000	     24522	800058ac	34006b73	csrrsi	x22,mscratch,0	 x22=0x00000000
      492499000	     24523	800058b0	0189	c.addi	x3,2	  x3:0x0000034f  x3=0x00000351
      492519000	     24524	800058b2	019fc933	xor	x18,x31,x25	 x31:0x00004000 x25:0x00000000 x18=0x00004000
      492539000	     24525	800058b6	51322513	slti	x10,x4,1299	  x4:0x00000000 x10=0x00000001
      492559000	     24526	800058ba	026609b3	mul	x19,x12,x6	 x12:0x80023ce4  x6:0x00000015 x19=0x802efeb4
      492579000	     24527	800058be	8771	c.srai	x14,0x1c	 x14:0x00000000 x14=0x00000000
      492799000	     24538	800058c0	52fd	c.li	x5,-1	  x5=0xffffffff
      492819000	     24539	800058c2	6cc9	c.lui	x25,0x12	 x25=0x00012000
      492939000	     24545	800058c4	8d19	c.sub	x10,x14	 x10:0x00000001 x14:0x00000000 x10=0x00000001
      492959000	     24546	800058c6	340664f3	csrrsi	x9,mscratch,12	  x9=0x00000000
      493179000	     24557	800058ca	4ed4bd93	sltiu	x27,x9,1261	  x9:0x00000000 x27=0x00000001
      493199000	     24558	800058ce	0174df93	srli	x31,x9,0x17	  x9:0x00000000 x31=0x00000000
      493419000	     24569	800058d2	dbea2713	slti	x14,x20,-578	 x20:0xff14001f x14=0x00000001
      493699000	     24583	800058d6	0ff0000f	fence	iorw,iorw	
      493719000	     24584	800058da	038c8833	mul	x16,x25,x24	 x25:0x00012000 x24:0x00000000 x16=0x00000000
      494139000	     24605	800058de	e54aad13	slti	x26,x21,-428	 x21:0x00000470 x26=0x00000000
      494159000	     24606	800058e2	84a1	c.srai	x9,0x8	  x9:0x00000000  x9=0x00000000
      494539000	     24625	800058e4	5a72c113	xori	x2,x5,1447	  x5:0xffffffff  x2=0xfffffa58
      494679000	     24632	800058e8	517d	c.li	x2,-1	  x2=0xffffffff
      494699000	     24633	800058ea	8975	c.andi	x10,29	 x10:0x00000001 x10=0x00000001
      494719000	     24634	800058ec	41cd	c.li	x3,19	  x3=0x00000013
      494759000	     24636	800058ee	01fecbb3	xor	x23,x29,x31	 x29:0x0000001b x31:0x00000000 x23=0x0000001b
      494779000	     24637	800058f2	839d	c.srli	x15,0x7	 x15:0xac100000 x15=0x01582000
      494799000	     24638	800058f4	0001	c.addi	x0,0	  x0:0x00000000  x0=0x00000000
      494879000	     24642	800058f6	01b9abb3	slt	x23,x19,x27	 x19:0x802efeb4 x27:0x00000001 x23=0x00000001
      494899000	     24643	800058fa	8cb9	c.xor	x9,x14	  x9:0x00000000 x14:0x00000001  x9=0x00000001
      494919000	     24644	800058fc	0c88	c.addi4spn	x10,x2,592	 x10=0x0000024f
      494959000	     24646	800058fe	01775f13	srli	x30,x14,0x17	 x14:0x00000001 x30=0x00000000
      494979000	     24647	80005902	01215013	srli	x0,x2,0x12	  x2:0xffffffff  x0=0x00000000
      494999000	     24648	80005906	011d0563	beq	x26,x17,80005910	 x26:0x00000000 x17:0x00000015
      495019000	     24649	8000590a	8ade	c.mv	x21,x23	  x0:0x00000000 x23:0x00000001 x21=0x00000001
      495439000	     24670	8000590c	03a778b3	remu	x17,x14,x26	 x14:0x00000001 x26:0x00000000 x17=0x00000001
      495559000	     24676	80005910	01a11133	sll	x2,x2,x26	  x2:0xffffffff x26:0x00000000  x2=0xffffffff
      495759000	     24686	80005914	03f0f333	remu	x6,x1,x31	  x1:0x8001fe64 x31:0x00000000  x6=0x8001fe64
      495779000	     24687	80005918	01baeab3	or	x21,x21,x27	 x21:0x00000001 x27:0x00000001 x21=0x00000001
      496519000	     24724	8000591c	031bda33	divu	x20,x23,x17	 x23:0x00000001 x17:0x00000001 x20=0x00000001
      496539000	     24725	80005920	82f5	c.srli	x13,0x1d	 x13:0x00000400 x13=0x00000000
      496559000	     24726	80005922	8fd1	c.or	x15,x12	 x15:0x01582000 x12:0x80023ce4 x15=0x815a3ce4
      496579000	     24727	80005924	34015a73	csrrwi	x20,mscratch,2	 x20=0x0000000c
      496599000	     24728	80005928	06ea	c.slli	x13,0x1a	 x13:0x00000000 x13=0x00000000
      497339000	     24765	8000592a	0232fab3	remu	x21,x5,x3	  x5:0xffffffff  x3:0x00000013 x21=0x00000005
      497359000	     24766	8000592e	018fdc33	srl	x24,x31,x24	 x31:0x00000000 x24:0x00000000 x24=0x00000000
      497379000	     24767	80005932	4aadf913	andi	x18,x27,1194	 x27:0x00000001 x18=0x00000000
      497399000	     24768	80005936	8d29	c.xor	x10,x10	 x10:0x0000024f x10:0x0000024f x10=0x00000000
      497419000	     24769	80005938	058c	c.addi4spn	x11,x2,704	 x11=0x000002bf
      497459000	     24771	8000593a	02fd2033	mulhsu	x0,x26,x15	 x26:0x00000000 x15:0x815a3ce4  x0=0x00000000
      497479000	     24772	8000593e	0ff0000f	fence	iorw,iorw	
      497499000	     24773	80005942	6685	c.lui	x13,0x1	 x13=0x00001000
      497519000	     24774	80005944	0b94	c.addi4spn	x13,x2,464	 x13=0x000001cf
      497699000	     24783	80005946	00c60d33	add	x26,x12,x12	 x12:0x80023ce4 x12:0x80023ce4 x26=0x000479c8
      497719000	     24784	8000594a	8f29	c.xor	x14,x10	 x14:0x00000001 x10:0x00000000 x14=0x00000001
      497739000	     24785	8000594c	7d0fb993	sltiu	x19,x31,2000	 x31:0x00000000 x19=0x00000001
      497899000	     24793	80005950	050d	c.addi	x10,3	 x10:0x00000000 x10=0x00000003
      498059000	     24801	80005952	02939e63	bne	x7,x9,8000598e	  x7:0x00000000  x9:0x00000001
      498619000	     24829	8000598e	84b5	c.srai	x9,0xd	  x9:0x00000001  x9=0x00000000
      499059000	     24851	80005990	9996	c.add	x19,x5	 x19:0x00000001  x5:0xffffffff x19=0x00000000
      499079000	     24852	80005992	03fb0fb3	mul	x31,x22,x31	 x22:0x00000000 x31:0x00000000 x31=0x00000000
      499099000	     24853	80005996	e895	c.bnez	x9,800059ca	  x9:0x00000000
      499939000	     24895	80005998	02e4e233	rem	x4,x9,x14	  x9:0x00000000 x14:0x00000001  x4=0x00000000
      499979000	     24897	8000599c	02149fb3	mulh	x31,x9,x1	  x9:0x00000000  x1:0x8001fe64 x31=0x00000000
      499999000	     24898	800059a0	4289	c.li	x5,2	  x5=0x00000002
      500019000	     24899	800059a2	0c5d2f13	slti	x30,x26,197	 x26:0x000479c8 x30=0x00000000
      500039000	     24900	800059a6	8089	c.srli	x9,0x2	  x9:0x00000000  x9=0x00000000
      500059000	     24901	800059a8	02cd1a63	bne	x26,x12,800059dc	 x26:0x000479c8 x12:0x80023ce4
      501079000	     24952	800059dc	34007273	csrrci	x4,mscratch,0	  x4=0x00000002
      501339000	     24965	800059e0	717d	c.addi16sp	x2,-16	  x2:0xffffffff  x2=0xffffffef
      504679000	     25132	800059e2	01c46933	or	x18,x8,x28	  x8:0x80000000 x28:0x8001fe64 x18=0x8001fe64
      504699000	     25133	800059e6	6105	c.addi16sp	x2,32	  x2:0xffffffef  x2=0x0000000f
      504719000	     25134	800059e8	00ad60b3	or	x1,x26,x10	 x26:0x000479c8 x10:0x00000003  x1=0x000479cb
      504739000	     25135	800059ec	003e1eb3	sll	x29,x28,x3	 x28:0x8001fe64  x3:0x00000013 x29=0xf3200000
      504759000	     25136	800059f0	49fd	c.li	x19,31	 x19=0x0000001f
      504779000	     25137	800059f2	89f1	c.andi	x11,28	 x11:0x000002bf x11=0x0000001c
      504799000	     25138	800059f4	0ff0000f	fence	iorw,iorw	
      505159000	     25156	800059f8	01066833	or	x16,x12,x16	 x12:0x80023ce4 x16:0x00000000 x16=0x80023ce4
      505239000	     25160	800059fc	03b13533	mulhu	x10,x2,x27	  x2:0x0000000f x27:0x00000001 x10=0x00000000
      505839000	     25190	80005a00	00d55c63	bge	x10,x13,80005a18	 x10:0x00000000 x13:0x000001cf
      506099000	     25203	80005a04	8d09	c.sub	x10,x10	 x10:0x00000000 x10:0x00000000 x10=0x00000000
      506119000	     25204	80005a06	40db8bb3	sub	x23,x23,x13	 x23:0x00000001 x13:0x000001cf x23=0xfffffe32
      506259000	     25211	80005a0a	03131f63	bne	x6,x17,80005a48	  x6:0x8001fe64 x17:0x00000001
      507039000	     25250	80005a48	0ff0000f	fence	iorw,iorw	
      507359000	     25266	80005a4c	01349833	sll	x16,x9,x19	  x9:0x00000000 x19:0x0000001f x16=0x00000000
      507399000	     25268	80005a50	41c4db93	srai	x23,x9,0x1c	  x9:0x00000000 x23=0x00000000
      507579000	     25277	80005a54	01524033	xor	x0,x4,x21	  x4:0x00000002 x21:0x00000005  x0=0x00000000
      507599000	     25278	80005a58	0001	c.addi	x0,0	  x0:0x00000000  x0=0x00000000
      507619000	     25279	80005a5a	37e17213	andi	x4,x2,894	  x2:0x0000000f  x4=0x0000000e
      507719000	     25284	80005a5e	00206cb3	or	x25,x0,x2	  x0:0x00000000  x2:0x0000000f x25=0x0000000f
      507739000	     25285	80005a62	83b1	c.srli	x15,0xc	 x15:0x815a3ce4 x15=0x000815a3
      507779000	     25287	80005a64	031f4163	blt	x30,x17,80005a86	 x30:0x00000000 x17:0x00000001
      508819000	     25339	80005a86	03bd9e63	bne	x27,x27,80005ac2	 x27:0x00000001 x27:0x00000001
      508999000	     25348	80005a8a	00b89093	slli	x1,x17,0xb	 x17:0x00000001  x1=0x00000800
      509019000	     25349	80005a8e	8ed5	c.or	x13,x13	 x13:0x000001cf x13:0x000001cf x13=0x000001cf
      509039000	     25350	80005a90	87f9	c.srai	x15,0x1e	 x15:0x000815a3 x15=0x00000000
      509059000	     25351	80005a92	0001	c.addi	x0,0	  x0:0x00000000  x0=0x00000000
      509319000	     25364	80005a94	037bb733	mulhu	x14,x23,x23	 x23:0x00000000 x23:0x00000000 x14=0x00000000
      509339000	     25365	80005a98	8b09	c.andi	x14,2	 x14:0x00000000 x14=0x00000000
      509359000	     25366	80005a9a	0001	c.addi	x0,0	  x0:0x00000000  x0=0x00000000
      509379000	     25367	80005a9c	00d92db3	slt	x27,x18,x13	 x18:0x8001fe64 x13:0x000001cf x27=0x00000001
      509779000	     25387	80005aa0	02f21b33	mulh	x22,x4,x15	  x4:0x0000000e x15:0x00000000 x22=0x00000000
      509859000	     25391	80005aa4	01ad62b3	or	x5,x26,x26	 x26:0x000479c8 x26:0x000479c8  x5=0x000479c8
      510999000	     25448	80005aa8	024c7133	remu	x2,x24,x4	 x24:0x00000000  x4:0x0000000e  x2=0x00000000
      511739000	     25485	80005aac	034df533	remu	x10,x27,x20	 x27:0x00000001 x20:0x0000000c x10=0x00000001
      511759000	     25486	80005ab0	e19d	c.bnez	x11,80005ad6	 x11:0x0000001c
      513059000	     25551	80005ad6	026473b3	remu	x7,x8,x6	  x8:0x80000000  x6:0x8001fe64  x7=0x80000000
      513079000	     25552	80005ada	9bfd	c.andi	x15,-1	 x15:0x00000000 x15=0x00000000
      513099000	     25553	80005adc	340d96f3	csrrw	x13,mscratch,x27	 x27:0x00000001 x13=0x00000002
      513119000	     25554	80005ae0	0ff0000f	fence	iorw,iorw	
      513139000	     25555	80005ae4	5640a213	slti	x4,x1,1380	  x1:0x00000800  x4=0x00000000
      513159000	     25556	80005ae8	00009033	sll	x0,x1,x0	  x1:0x00000800  x0:0x00000000  x0=0x00000000
      513179000	     25557	80005aec	0000100f	fence.i	
      513239000	     25560	80005af0	34007cf3	csrrci	x25,mscratch,0	 x25=0x00000001
      513419000	     25569	80005af4	01a36c63	bltu	x6,x26,80005b0c	  x6:0x8001fe64 x26:0x000479c8
      513479000	     25572	80005af8	039e38b3	mulhu	x17,x28,x25	 x28:0x8001fe64 x25:0x00000001 x17=0x00000000
      513499000	     25573	80005afc	017a5093	srli	x1,x20,0x17	 x20:0x0000000c  x1=0x00000000
      513519000	     25574	80005b00	037188b3	mul	x17,x3,x23	  x3:0x00000013 x23:0x00000000 x17=0x00000000
      513919000	     25594	80005b04	9afd	c.andi	x13,-1	 x13:0x00000002 x13=0x00000002
      513939000	     25595	80005b06	0001	c.addi	x0,0	  x0:0x00000000  x0=0x00000000
      514219000	     25609	80005b08	60b5	c.lui	x1,0xd	  x1=0x0000d000
      514239000	     25610	80005b0a	0e88	c.addi4spn	x10,x2,848	 x10=0x00000350
      514619000	     25629	80005b0c	03b18063	beq	x3,x27,80005b2c	  x3:0x00000013 x27:0x00000001
      514639000	     25630	80005b10	03b2	c.slli	x7,0xc	  x7:0x80000000  x7=0x00000000
      514659000	     25631	80005b12	e701	c.bnez	x14,80005b1a	 x14:0x00000000
      514699000	     25633	80005b14	612d	c.addi16sp	x2,224	  x2:0x00000000  x2=0x000000e0
      514839000	     25640	80005b16	d153da17	auipc	x20,0xd153d	 x20=0x51542b16
      515019000	     25649	80005b1a	00d30d33	add	x26,x6,x13	  x6:0x8001fe64 x13:0x00000002 x26=0x8001fe66
      515419000	     25669	80005b1e	0311e563	bltu	x3,x17,80005b48	  x3:0x00000013 x17:0x00000000
      515859000	     25691	80005b22	0246bb33	mulhu	x22,x13,x4	 x13:0x00000002  x4:0x00000000 x22=0x00000000
      515879000	     25692	80005b26	1a0c	c.addi4spn	x11,x2,304	 x11=0x00000210
      516259000	     25711	80005b28	340edf73	csrrwi	x30,mscratch,29	 x30=0x00000001
      516999000	     25748	80005b2c	0393dcb3	divu	x25,x7,x25	  x7:0x00000000 x25:0x00000001 x25=0x00000000
      517019000	     25749	80005b30	34059ff3	csrrw	x31,mscratch,x11	 x11:0x00000210 x31=0x0000001d
      517039000	     25750	80005b34	340467f3	csrrsi	x15,mscratch,8	 x15=0x00000210
      517059000	     25751	80005b38	40435693	srai	x13,x6,0x4	  x6:0x8001fe64 x13=0xf8001fe6
      517079000	     25752	80005b3c	004a08b3	add	x17,x20,x4	 x20:0x51542b16  x4:0x00000000 x17=0x51542b16
      517099000	     25753	80005b40	02275863	bge	x14,x2,80005b70	 x14:0x00000000  x2:0x000000e0
      517119000	     25754	80005b44	ffb0cd97	auipc	x27,0xffb0c	 x27=0x7fb11b44
      517159000	     25756	80005b48	848a0213	addi	x4,x20,-1976	 x20:0x51542b16  x4=0x5154235e
      517259000	     25761	80005b4c	0001	c.addi	x0,0	  x0:0x00000000  x0=0x00000000
      517679000	     25782	80005b4e	0ff0000f	fence	iorw,iorw	
      517719000	     25784	80005b52	029a7c33	remu	x24,x20,x9	 x20:0x51542b16  x9:0x00000000 x24=0x51542b16
      517739000	     25785	80005b56	612d	c.addi16sp	x2,224	  x2:0x000000e0  x2=0x000001c0
      517779000	     25787	80005b58	02b03f33	mulhu	x30,x0,x11	  x0:0x00000000 x11:0x00000210 x30=0x00000000
      517799000	     25788	80005b5c	1b6fc113	xori	x2,x31,438	 x31:0x0000001d  x2=0x000001ab
      517919000	     25794	80005b60	00b69b93	slli	x23,x13,0xb	 x13:0xf8001fe6 x23=0x00ff3000
      518299000	     25813	80005b64	8f49	c.or	x14,x10	 x14:0x00000000 x10:0x00000350 x14=0x00000350
      518339000	     25815	80005b66	0263aeb3	mulhsu	x29,x7,x6	  x7:0x00000000  x6:0x8001fe64 x29=0x00000000
      518359000	     25816	80005b6a	90a6	c.add	x1,x9	  x1:0x0000d000  x9:0x00000000  x1=0x0000d000
      518379000	     25817	80005b6c	029b0e63	beq	x22,x9,80005ba8	 x22:0x00000000  x9:0x00000000
      519019000	     25849	80005ba8	8d71	c.and	x10,x12	 x10:0x00000350 x12:0x80023ce4 x10=0x00000040
      519039000	     25850	80005baa	8129	c.srli	x10,0xa	 x10:0x00000040 x10=0x00000000
      519059000	     25851	80005bac	82ce	c.mv	x5,x19	  x0:0x00000000 x19:0x0000001f  x5=0x0000001f
      519079000	     25852	80005bae	8ff9	c.and	x15,x14	 x15:0x00000210 x14:0x00000350 x15=0x00000210
      519099000	     25853	80005bb0	00316133	or	x2,x2,x3	  x2:0x000001ab  x3:0x00000013  x2=0x000001bb
      519119000	     25854	80005bb4	34067d73	csrrci	x26,mscratch,12	 x26=0x00000218
      519859000	     25891	80005bb8	025bd7b3	divu	x15,x23,x5	 x23:0x00ff3000  x5:0x0000001f x15=0x00083b5a
      519879000	     25892	80005bbc	6b67cd93	xori	x27,x15,1718	 x15:0x00083b5a x27=0x00083dec
      519899000	     25893	80005bc0	8f79	c.and	x14,x14	 x14:0x00000350 x14:0x00000350 x14=0x00000350
      519919000	     25894	80005bc2	9709f093	andi	x1,x19,-1680	 x19:0x0000001f  x1=0x00000010
      519939000	     25895	80005bc6	3d44e893	ori	x17,x9,980	  x9:0x00000000 x17=0x000003d4
      519959000	     25896	80005bca	01035493	srli	x9,x6,0x10	  x6:0x8001fe64  x9=0x00008001
      520139000	     25905	80005bce	00b39f33	sll	x30,x7,x11	  x7:0x00000000 x11:0x00000210 x30=0x00000000
      520159000	     25906	80005bd2	40835013	srai	x0,x6,0x8	  x6:0x8001fe64  x0=0x00000000
      520559000	     25926	80005bd6	02122fb3	mulhsu	x31,x4,x1	  x4:0x5154235e  x1:0x00000010 x31=0x00000005
      520579000	     25927	80005bda	340be1f3	csrrsi	x3,mscratch,23	  x3=0x00000210
      520659000	     25931	80005bde	01732d33	slt	x26,x6,x23	  x6:0x8001fe64 x23:0x00ff3000 x26=0x00000001
      521019000	     25949	80005be2	340076f3	csrrci	x13,mscratch,0	 x13=0x00000217
      521439000	     25970	80005be6	2962e693	ori	x13,x5,662	  x5:0x0000001f x13=0x0000029f
      521679000	     25982	80005bea	41985c93	srai	x25,x16,0x19	 x16:0x00000000 x25=0x00000000
      521859000	     25991	80005bee	017e74b3	and	x9,x28,x23	 x28:0x8001fe64 x23:0x00ff3000  x9=0x00013000
      521879000	     25992	80005bf2	9afd	c.andi	x13,-1	 x13:0x0000029f x13=0x0000029f
      521899000	     25993	80005bf4	34007373	csrrci	x6,mscratch,0	  x6=0x00000217
      522279000	     26012	80005bf8	8ed1	c.or	x13,x12	 x13:0x0000029f x12:0x80023ce4 x13=0x80023eff
      522299000	     26013	80005bfa	0098	c.addi4spn	x14,x2,64	 x14=0x000001fb
      522319000	     26014	80005bfc	009676b3	and	x13,x12,x9	 x12:0x80023ce4  x9:0x00013000 x13=0x00003000
      522499000	     26023	80005c00	774f2f13	slti	x30,x30,1908	 x30:0x00000000 x30=0x00000001
      522519000	     26024	80005c04	1e1c	c.addi4spn	x15,x2,816	 x15=0x000004eb
      522539000	     26025	80005c06	59ac0093	addi	x1,x24,1434	 x24:0x51542b16  x1=0x515430b0
      522679000	     26032	80005c0a	34003a73	csrrc	x20,mscratch,x0	  x0:0x00000000 x20=0x00000217
      522699000	     26033	80005c0e	08e1	c.addi	x17,24	 x17:0x000003d4 x17=0x000003ec
      522799000	     26038	80005c10	8dd5	c.or	x11,x13	 x11:0x00000210 x13:0x00003000 x11=0x00003210
      522819000	     26039	80005c12	00003c97	auipc	x25,0x3	 x25=0x80008c12
      522879000	     26042	80005c16	e0ec8c93	addi	x25,x25,-498	 x25:0x80008c12 x25=0x80008a20
      522899000	     26043	80005c1a	2fac8c93	addi	x25,x25,762	 x25:0x80008a20 x25=0x80008d1a
      522919000	     26044	80005c1e	1b84	c.addi4spn	x9,x2,496	  x9=0x000003ab
      523459000	     26071	80005c20	8df5	c.and	x11,x13	 x11:0x00003210 x13:0x00003000 x11=0x00003000
      523619000	     26079	80005c22	017a7863	bgeu	x20,x23,80005c32	 x20:0x00000217 x23:0x00ff3000
      523639000	     26080	80005c26	8671a917	auipc	x18,0x8671a	 x18=0x0671fc26
      523659000	     26081	80005c2a	340031f3	csrrc	x3,mscratch,x0	  x0:0x00000000  x3=0x00000217
      523679000	     26082	80005c2e	016a8733	add	x14,x21,x22	 x21:0x00000005 x22:0x00000000 x14=0x00000005
      523699000	     26083	80005c32	d06c81e7	jalr	x3,-762(x25)	 x25:0x80008d1a  x3=0x80005c36
      524179000	     26107	80008a20	7411c913	xori	x18,x3,1857	  x3:0x80005c36 x18=0x80005b77
      524199000	     26108	80008a24	0f96	c.slli	x31,0x5	 x31:0x00000005 x31=0x000000a0
      524219000	     26109	80008a26	340fbff3	csrrc	x31,mscratch,x31	 x31:0x000000a0 x31=0x00000217
      524239000	     26110	80008a2a	ef627513	andi	x10,x4,-266	  x4:0x5154235e x10=0x51542256
      524259000	     26111	80008a2e	0001	c.addi	x0,0	  x0:0x00000000  x0=0x00000000
      524299000	     26113	80008a30	985e	c.add	x16,x23	 x16:0x00000000 x23:0x00ff3000 x16=0x00ff3000
      524719000	     26134	80008a32	34003c73	csrrc	x24,mscratch,x0	  x0:0x00000000 x24=0x00000217
      524739000	     26135	80008a36	8f5d	c.or	x14,x15	 x14:0x00000005 x15:0x000004eb x14=0x000004ef
      524919000	     26144	80008a38	fcce0e13	addi	x28,x28,-52	 x28:0x8001fe64 x28=0x8001fe30
      524979000	     26147	80008a3c	003e2223	sw	x3,4(x28)	 x28:0x8001fe30  x3:0x80005c36 PA:0x8001fe34 store:0x80005c36 load:0xffffffff
      524999000	     26148	80008a40	83e5	c.srli	x15,0x19	 x15:0x000004eb x15=0x00000000
      525019000	     26149	80008a42	72137d13	andi	x26,x6,1825	  x6:0x00000217 x26=0x00000201
      525039000	     26150	80008a46	14fd	c.addi	x9,-1	  x9:0x000003ab  x9=0x000003aa
      525159000	     26156	80008a48	009d6733	or	x14,x26,x9	 x26:0x00000201  x9:0x000003aa x14=0x000003ab
      525179000	     26157	80008a4c	01c3e333	or	x6,x7,x28	  x7:0x00000000 x28:0x8001fe30  x6=0x8001fe30
      525199000	     26158	80008a50	9bfd	c.andi	x15,-1	 x15:0x00000000 x15=0x00000000
      525619000	     26179	80008a52	015bf463	bgeu	x23,x21,80008a5a	 x23:0x00ff3000 x21:0x00000005
      526279000	     26212	80008a5a	a1efd1ef	jal	x3,80005c78	  x3=0x80008a5e
      526859000	     26241	80005c78	fdce0e13	addi	x28,x28,-36	 x28:0x8001fe30 x28=0x8001fe0c
      526879000	     26242	80005c7c	39b0e237	lui	x4,0x39b0e	  x4=0x39b0e000
      527159000	     26256	80005c80	003e2223	sw	x3,4(x28)	 x28:0x8001fe0c  x3:0x80008a5e PA:0x8001fe10 store:0x80008a5e load:0xffffffff
      527419000	     26269	80005c84	d961a513	slti	x10,x3,-618	  x3:0x80008a5e x10=0x00000001
      527439000	     26270	80005c88	40f4de93	srai	x29,x9,0xf	  x9:0x000003aa x29=0x00000000
      527459000	     26271	80005c8c	01a001ef	jal	x3,80005ca6	  x3=0x80005c90
      527719000	     26284	80005ca6	3fdd	c.jal	80005c9c	  x1=0x80005ca8
      528179000	     26307	80005c9c	3ffd	c.jal	80005c9a	  x1=0x80005c9e
      528259000	     26311	80005c9a	bfed	c.j	80005c94	
      528319000	     26314	80005c94	a811	c.j	80005ca8	
      528359000	     26316	80005ca8	37fd	c.jal	80005c96	  x1=0x80005caa
      528439000	     26320	80005c96	ffbffdef	jal	x27,80005c90	 x27=0x80005c9a
      535019000	     26649	80005c90	2809	c.jal	80005ca2	  x1=0x80005c92
      535079000	     26652	80005ca2	ffdff0ef	jal	x1,80005c9e	  x1=0x80005ca6
      535139000	     26655	80005c9e	ff5ff36f	jal	x6,80005c92	  x6=0x80005ca2
      535179000	     26657	80005c92	a821	c.j	80005caa	
      535239000	     26660	80005caa	0167c1b3	xor	x3,x15,x22	 x15:0x00000000 x22:0x00000000  x3=0x00000000
      535259000	     26661	80005cae	01a001ef	jal	x3,80005cc8	  x3=0x80005cb2
      536119000	     26704	80005cc8	bfc5	c.j	80005cb8	
      536159000	     26706	80005cb8	2809	c.jal	80005cca	  x1=0x80005cba
      536579000	     26727	80005cca	b7e5	c.j	80005cb2	
      536659000	     26731	80005cb2	02a000ef	jal	x1,80005cdc	  x1=0x80005cb6
      537899000	     26793	80005cdc	fe7ff0ef	jal	x1,80005cc2	  x1=0x80005ce0
      538679000	     26832	80005cc2	bfe5	c.j	80005cba	
      538759000	     26836	80005cba	02a001ef	jal	x3,80005ce4	  x3=0x80005cbe
      538819000	     26839	80005ce4	fedff2ef	jal	x5,80005cd0	  x5=0x80005ce8
      538859000	     26841	80005cd0	37dd	c.jal	80005cb6	  x1=0x80005cd2
      538899000	     26843	80005cb6	a821	c.j	80005cce	
      538939000	     26845	80005cce	3fc5	c.jal	80005cbe	  x1=0x80005cd0
      538979000	     26847	80005cbe	a009	c.j	80005cc0	
      539019000	     26849	80005cc0	a821	c.j	80005cd8	
      539059000	     26851	80005cd8	3fd5	c.jal	80005ccc	  x1=0x80005cda
      539099000	     26853	80005ccc	3fe5	c.jal	80005cc4	  x1=0x80005cce
      539139000	     26855	80005cc4	0100036f	jal	x6,80005cd4	  x6=0x80005cc8
      539199000	     26858	80005cd4	00e0016f	jal	x2,80005ce2	  x2=0x80005cd8
      539259000	     26861	80005ce2	3ffd	c.jal	80005ce0	  x1=0x80005ce4
      539319000	     26864	80005ce0	3fed	c.jal	80005cda	  x1=0x80005ce2
      539359000	     26866	80005cda	3fe5	c.jal	80005cd2	  x1=0x80005cdc
      539399000	     26868	80005cd2	a819	c.j	80005ce8	
      539439000	     26870	80005ce8	a009	c.j	80005cea	
      539719000	     26884	80005cea	02ea1033	mulh	x0,x20,x14	 x20:0x00000217 x14:0x000003ab  x0=0x00000000
      539859000	     26891	80005cee	3409d3f3	csrrwi	x7,mscratch,19	  x7=0x00000217
      539879000	     26892	80005cf2	8eb9	c.xor	x13,x14	 x13:0x00003000 x14:0x000003ab x13=0x000033ab
      539899000	     26893	80005cf4	8ced	c.and	x9,x11	  x9:0x000003aa x11:0x00003000  x9=0x00000000
      540039000	     26900	80005cf6	0131d893	srli	x17,x3,0x13	  x3:0x80005cbe x17=0x00001000
      540059000	     26901	80005cfa	657d	c.lui	x10,0x1f	 x10=0x0001f000
      540079000	     26902	80005cfc	014c5a33	srl	x20,x24,x20	 x24:0x00000217 x20:0x00000217 x20=0x00000000
      540219000	     26909	80005d00	9ab6	c.add	x21,x13	 x21:0x00000005 x13:0x000033ab x21=0x000033b0
      540959000	     26946	80005d02	0394c733	div	x14,x9,x25	  x9:0x00000000 x25:0x80008d1a x14=0x00000000
      540999000	     26948	80005d06	02969d33	mulh	x26,x13,x9	 x13:0x000033ab  x9:0x00000000 x26=0x00000000
      541019000	     26949	80005d0a	4aa93a13	sltiu	x20,x18,1194	 x18:0x80005b77 x20=0x00000000
      541039000	     26950	80005d0e	02fbd463	bge	x23,x15,80005d36	 x23:0x00ff3000 x15:0x00000000
      541559000	     26976	80005d36	2acd3d17	auipc	x26,0x2acd3	 x26=0xaacd8d36
      541579000	     26977	80005d3a	0001	c.addi	x0,0	  x0:0x00000000  x0=0x00000000
      541599000	     26978	80005d3c	0001	c.addi	x0,0	  x0:0x00000000  x0=0x00000000
      541619000	     26979	80005d3e	c91d	c.beqz	x10,80005d74	 x10:0x0001f000
      541639000	     26980	80005d40	6bcf3b93	sltiu	x23,x30,1724	 x30:0x00000001 x23=0x00000001
      541659000	     26981	80005d44	0000100f	fence.i	
      542959000	     27046	80005d48	02765b33	divu	x22,x12,x7	 x12:0x80023ce4  x7:0x00000217 x22=0x003d40b6
      542979000	     27047	80005d4c	06918093	addi	x1,x3,105	  x3:0x80005cbe  x1=0x80005d27
      542999000	     27048	80005d50	5dfd	c.li	x27,-1	 x27=0xffffffff
      543019000	     27049	80005d52	403d09b3	sub	x19,x26,x3	 x26:0xaacd8d36  x3:0x80005cbe x19=0x2acd3078
      543039000	     27050	80005d56	010889b3	add	x19,x17,x16	 x17:0x00001000 x16:0x00ff3000 x19=0x00ff4000
      543059000	     27051	80005d5a	34011f73	csrrw	x30,mscratch,x2	  x2:0x80005cd8 x30=0x00000013
      543459000	     27071	80005d5e	b87d1817	auipc	x16,0xb87d1	 x16=0x387d6d5e
      543879000	     27092	80005d62	005d9463	bne	x27,x5,80005d6a	 x27:0xffffffff  x5:0x80005ce8
      546399000	     27218	80005d6a	02a17133	remu	x2,x2,x10	  x2:0x80005cd8 x10:0x0001f000  x2=0x00015cd8
      546419000	     27219	80005d6e	99fd	c.andi	x11,-1	 x11:0x00003000 x11=0x00003000
      546439000	     27220	80005d70	01180333	add	x6,x16,x17	 x16:0x387d6d5e x17:0x00001000  x6=0x387d7d5e
      546459000	     27221	80005d74	03a384b3	mul	x9,x7,x26	  x7:0x00000217 x26:0xaacd8d36  x9=0xf3921bda
      546479000	     27222	80005d78	8e8d	c.sub	x13,x11	 x13:0x000033ab x11:0x00003000 x13=0x000003ab
      546499000	     27223	80005d7a	0bd64c37	lui	x24,0xbd64	 x24=0x0bd64000
      546519000	     27224	80005d7e	0001	c.addi	x0,0	  x0:0x00000000  x0=0x00000000
      546539000	     27225	80005d80	340064f3	csrrsi	x9,mscratch,0	  x9=0x80005cd8
      546559000	     27226	80005d84	8d61	c.and	x10,x8	 x10:0x0001f000  x8:0x80000000 x10=0x00000000
      546579000	     27227	80005d86	16fd	c.addi	x13,-1	 x13:0x000003ab x13=0x000003aa
      546839000	     27240	80005d88	34002f73	csrrs	x30,mscratch,x0	  x0:0x00000000 x30=0x80005cd8
      546859000	     27241	80005d8c	40688ab3	sub	x21,x17,x6	 x17:0x00001000  x6:0x387d7d5e x21=0xc78292a2
      546879000	     27242	80005d90	01448333	add	x6,x9,x20	  x9:0x80005cd8 x20:0x00000000  x6=0x80005cd8
      547039000	     27250	80005d94	34003873	csrrc	x16,mscratch,x0	  x0:0x00000000 x16=0x80005cd8
      548179000	     27307	80005d98	02607f33	remu	x30,x0,x6	  x0:0x00000000  x6:0x80005cd8 x30=0x00000000
      548219000	     27309	80005d9c	03c19cb3	mulh	x25,x3,x28	  x3:0x80005cbe x28:0x8001fe0c x25=0x3ffed29b
      548239000	     27310	80005da0	d752cd17	auipc	x26,0xd752c	 x26=0x57531da0
      548259000	     27311	80005da4	01341813	slli	x16,x8,0x13	  x8:0x80000000 x16=0x00000000
      548279000	     27312	80005da8	0000100f	fence.i	
      548679000	     27332	80005dac	8d9d	c.sub	x11,x15	 x11:0x00003000 x15:0x00000000 x11=0x00003000
      548719000	     27334	80005dae	040bd263	bge	x23,x0,80005df2	 x23:0x00000001  x0:0x00000000
      548979000	     27347	80005df2	0247b933	mulhu	x18,x15,x4	 x15:0x00000000  x4:0x39b0e000 x18=0x00000000
      548999000	     27348	80005df6	8ce1	c.and	x9,x8	  x9:0x80005cd8  x8:0x80000000  x9=0x80000000
      549019000	     27349	80005df8	0000100f	fence.i	
      549339000	     27365	80005dfc	01d58333	add	x6,x11,x29	 x11:0x00003000 x29:0x00000000  x6=0x00003000
      549359000	     27366	80005e00	34095bf3	csrrwi	x23,mscratch,18	 x23=0x80005cd8
      549439000	     27370	80005e04	0001	c.addi	x0,0	  x0:0x00000000  x0=0x00000000
      549479000	     27372	80005e06	405c5033	sra	x0,x24,x5	 x24:0x0bd64000  x5:0x80005ce8  x0=0x00000000
      549899000	     27393	80005e0a	019d71b3	and	x3,x26,x25	 x26:0x57531da0 x25:0x3ffed29b  x3=0x17521080
      549979000	     27397	80005e0e	018897b3	sll	x15,x17,x24	 x17:0x00001000 x24:0x0bd64000 x15=0x00001000
      549999000	     27398	80005e12	18fd	c.addi	x17,-1	 x17:0x00001000 x17=0x00000fff
      550019000	     27399	80005e14	8bb1	c.andi	x15,12	 x15:0x00001000 x15=0x00000000
      550039000	     27400	80005e16	8531	c.srai	x10,0xc	 x10:0x00000000 x10=0x00000000
      550059000	     27401	80005e18	1cfd	c.addi	x25,-1	 x25:0x3ffed29b x25=0x3ffed29a
      550079000	     27402	80005e1a	0001	c.addi	x0,0	  x0:0x00000000  x0=0x00000000
      550099000	     27403	80005e1c	d711e713	ori	x14,x3,-655	  x3:0x17521080 x14=0xfffffdf1
      550119000	     27404	80005e20	01ad8bb3	add	x23,x27,x26	 x27:0xffffffff x26:0x57531da0 x23=0x57531d9f
      550239000	     27410	80005e24	57e07193	andi	x3,x0,1406	  x0:0x00000000  x3=0x00000000
      550279000	     27412	80005e28	029caeb3	mulhsu	x29,x25,x9	 x25:0x3ffed29a  x9:0x80000000 x29=0x1fff694d
      550439000	     27420	80005e2c	03c31663	bne	x6,x28,80005e58	  x6:0x00003000 x28:0x8001fe0c
      550639000	     27430	80005e58	03d2a8b3	mulhsu	x17,x5,x29	  x5:0x80005ce8 x29:0x1fff694d x17=0xf00056f6
      551379000	     27467	80005e5c	0278c233	div	x4,x17,x7	 x17:0xf00056f6  x7:0x00000217  x4=0xfff85836
      551399000	     27468	80005e60	00b05c33	srl	x24,x0,x11	  x0:0x00000000 x11:0x00003000 x24=0x00000000
      551419000	     27469	80005e64	8fee	c.mv	x31,x27	  x0:0x00000000 x27:0xffffffff x31=0xffffffff
      551619000	     27479	80005e66	022acd63	blt	x21,x2,80005ea0	 x21:0xc78292a2  x2:0x00015cd8
      552539000	     27525	80005ea0	03ac0933	mul	x18,x24,x26	 x24:0x00000000 x26:0x57531da0 x18=0x00000000
      552619000	     27529	80005ea4	02fd99b3	mulh	x19,x27,x15	 x27:0xffffffff x15:0x00000000 x19=0x00000000
      553019000	     27549	80005ea8	8f85	c.sub	x15,x9	 x15:0x00000000  x9:0x80000000 x15=0x80000000
      553039000	     27550	80005eaa	8dd5	c.or	x11,x13	 x11:0x00003000 x13:0x000003aa x11=0x000033aa
      553059000	     27551	80005eac	8ee5	c.and	x13,x9	 x13:0x000003aa  x9:0x80000000 x13=0x00000000
      553079000	     27552	80005eae	3502b793	sltiu	x15,x5,848	  x5:0x80005ce8 x15=0x00000000
      553099000	     27553	80005eb2	340c52f3	csrrwi	x5,mscratch,24	  x5=0x00000012
      553119000	     27554	80005eb6	8f45	c.or	x14,x9	 x14:0xfffffdf1  x9:0x80000000 x14=0xfffffdf1
      553159000	     27556	80005eb8	0326e8b3	rem	x17,x13,x18	 x13:0x00000000 x18:0x00000000 x17=0x00000000
      553179000	     27557	80005ebc	340020f3	csrrs	x1,mscratch,x0	  x0:0x00000000  x1=0x00000018
      553599000	     27578	80005ec0	20f9b493	sltiu	x9,x19,527	 x19:0x00000000  x9=0x00000001
      554019000	     27599	80005ec4	4052d913	srai	x18,x5,0x5	  x5:0x00000012 x18=0x00000000
      554439000	     27620	80005ec8	edad	c.bnez	x11,80005f42	 x11:0x000033aa
      556039000	     27700	80005f42	346c0537	lui	x10,0x346c0	 x10=0x346c0000
      556059000	     27701	80005f46	8ed1	c.or	x13,x12	 x13:0x00000000 x12:0x80023ce4 x13=0x80023ce4
      556079000	     27702	80005f48	00f4bab3	sltu	x21,x9,x15	  x9:0x00000001 x15:0x00000000 x21=0x00000000
      556099000	     27703	80005f4c	fb3e9097	auipc	x1,0xfb3e9	  x1=0x7b3eef4c
      556119000	     27704	80005f50	6131	c.addi16sp	x2,320	  x2:0x00015cd8  x2=0x00015e18
      556139000	     27705	80005f52	8111	c.srli	x10,0x4	 x10:0x346c0000 x10=0x0346c000
      556159000	     27706	80005f54	8fd1	c.or	x15,x12	 x15:0x00000000 x12:0x80023ce4 x15=0x80023ce4
      556179000	     27707	80005f56	34007cf3	csrrci	x25,mscratch,0	 x25=0x00000018
      556199000	     27708	80005f5a	b98ef313	andi	x6,x29,-1128	 x29:0x1fff694d  x6=0x1fff6908
      556559000	     27726	80005f5e	000412b3	sll	x5,x8,x0	  x8:0x80000000  x0:0x00000000  x5=0x80000000
      556719000	     27734	80005f62	e9845c97	auipc	x25,0xe9845	 x25=0x6984af62
      557099000	     27753	80005f66	012ce5b3	or	x11,x25,x18	 x25:0x6984af62 x18:0x00000000 x11=0x6984af62
      557119000	     27754	80005f6a	8fe1	c.and	x15,x8	 x15:0x80023ce4  x8:0x80000000 x15=0x80000000
      557139000	     27755	80005f6c	fe3ea1b7	lui	x3,0xfe3ea	  x3=0xfe3ea000
      557159000	     27756	80005f70	03c89263	bne	x17,x28,80005f94	 x17:0x00000000 x28:0x8001fe0c
      557239000	     27760	80005f94	01f60f63	beq	x12,x31,80005fb2	 x12:0x80023ce4 x31:0xffffffff
      557679000	     27782	80005f98	02222f33	mulhsu	x30,x4,x2	  x4:0xfff85836  x2:0x00015e18 x30=0xfffffff5
      558039000	     27800	80005f9c	0ff0000f	fence	iorw,iorw	
      558059000	     27801	80005fa0	071c	c.addi4spn	x15,x2,896	 x15=0x00016198
      558079000	     27802	80005fa2	0078c863	blt	x17,x7,80005fb2	 x17:0x00000000  x7:0x00000217
      558919000	     27844	80005fb2	ff29dbb7	lui	x23,0xff29d	 x23=0xff29d000
      559199000	     27858	80005fb6	340313f3	csrrw	x7,mscratch,x6	  x6:0x1fff6908  x7=0x00000018
      559219000	     27859	80005fba	98fd	c.andi	x9,-1	  x9:0x00000001  x9=0x00000001
      559239000	     27860	80005fbc	0000100f	fence.i	
      559679000	     27882	80005fc0	8e89	c.sub	x13,x10	 x13:0x80023ce4 x10:0x0346c000 x13=0x7cbb7ce4
      559699000	     27883	80005fc2	82c2	c.mv	x5,x16	  x0:0x00000000 x16:0x00000000  x5=0x00000000
      560439000	     27920	80005fc4	039877b3	remu	x15,x16,x25	 x16:0x00000000 x25:0x6984af62 x15=0x00000000
      560639000	     27930	80005fc8	004e2183	lw	x3,4(x28)	 x28:0x8001fe0c  x3=0x80008a5e PA:0x8001fe10 load:0x80008a5e
      560659000	     27931	80005fcc	024e0e13	addi	x28,x28,36	 x28:0x8001fe0c x28=0x8001fe30
      560679000	     27932	80005fd0	40a05013	srai	x0,x0,0xa	  x0:0x00000000  x0=0x00000000
      560719000	     27934	80005fd4	02dd9933	mulh	x18,x27,x13	 x27:0xffffffff x13:0x7cbb7ce4 x18=0xffffffff
      560739000	     27935	80005fd8	0b14	c.addi4spn	x13,x2,400	 x13=0x00015fa8
      560779000	     27937	80005fda	00118513	addi	x10,x3,1	  x3:0x80008a5e x10=0x80008a5f
      560799000	     27938	80005fde	8502	c.jr	x10	 x10:0x80008a5f
      561639000	     27980	80008a5e	02274063	blt	x14,x2,80008a7e	 x14:0xfffffdf1  x2:0x00015e18
      562259000	     28011	80008a7e	f76ff1ef	jal	x3,800081f4	  x3=0x80008a82
      563099000	     28053	800081f4	89c6	c.mv	x19,x17	  x0:0x00000000 x17:0x00000000 x19=0x00000000
      563119000	     28054	800081f6	004ad233	srl	x4,x21,x4	 x21:0x00000000  x4:0xfff85836  x4=0x00000000
      563139000	     28055	800081fa	0001	c.addi	x0,0	  x0:0x00000000  x0=0x00000000
      563539000	     28075	800081fc	01f0d533	srl	x10,x1,x31	  x1:0x7b3eef4c x31:0xffffffff x10=0x00000000
      563839000	     28090	80008200	0126e463	bltu	x13,x18,80008208	 x13:0x00015fa8 x18:0xffffffff
      564439000	     28120	80008208	1e11	c.addi	x28,-28	 x28:0x8001fe30 x28=0x8001fe14
      564499000	     28123	8000820a	003e2223	sw	x3,4(x28)	 x28:0x8001fe14  x3:0x80008a82 PA:0x8001fe18 store:0x80008a82 load:0xffffffff
      578719000	     28834	8000820e	41800933	sub	x18,x0,x24	  x0:0x00000000 x24:0x00000000 x18=0x00000000
      578759000	     28836	80008212	02ea90b3	mulh	x1,x21,x14	 x21:0x00000000 x14:0xfffffdf1  x1=0x00000000
      578779000	     28837	80008216	01a001ef	jal	x3,80008230	  x3=0x8000821a
      579299000	     28863	80008230	fedff0ef	jal	x1,8000821c	  x1=0x80008234
      580139000	     28905	8000821c	2021	c.jal	80008224	  x1=0x8000821e
      580199000	     28908	80008224	02000b6f	jal	x22,80008244	 x22=0x80008228
      580239000	     28910	80008244	008000ef	jal	x1,8000824c	  x1=0x80008248
      580839000	     28940	8000824c	0040036f	jal	x6,80008250	  x6=0x80008250
      581319000	     28964	80008250	37f9	c.jal	8000821e	  x1=0x80008252
      581359000	     28966	8000821e	2815	c.jal	80008252	  x1=0x80008220
      581439000	     28970	80008252	fdbff1ef	jal	x3,8000822c	  x3=0x80008256
      581499000	     28973	8000822c	2801	c.jal	8000823c	  x1=0x8000822e
      581559000	     28976	8000823c	2019	c.jal	80008242	  x1=0x8000823e
      581619000	     28979	80008242	a019	c.j	80008248	
      581679000	     28982	80008248	ff3ff0ef	jal	x1,8000823a	  x1=0x8000824c
      581739000	     28985	8000823a	2011	c.jal	8000823e	  x1=0x8000823c
      581819000	     28989	8000823e	018000ef	jal	x1,80008256	  x1=0x80008242
      581879000	     28992	80008256	fd9ff0ef	jal	x1,8000822e	  x1=0x8000825a
      581939000	     28995	8000822e	37f5	c.jal	8000821a	  x1=0x80008230
      581999000	     28998	8000821a	2019	c.jal	80008220	  x1=0x8000821c
      582059000	     29001	80008220	a009	c.j	80008222	
      582119000	     29004	80008222	a019	c.j	80008228	
      582179000	     29007	80008228	00e000ef	jal	x1,80008236	  x1=0x8000822c
      582259000	     29011	80008236	fffff0ef	jal	x1,80008234	  x1=0x8000823a
      582299000	     29013	80008234	a01d	c.j	8000825a	
      582399000	     29018	8000825a	340e7f73	csrrci	x30,mscratch,28	 x30=0x1fff6908
      582459000	     29021	8000825e	018001ef	jal	x3,80008276	  x3=0x80008262
      583019000	     29049	80008276	fffff0ef	jal	x1,80008274	  x1=0x8000827a
      583059000	     29051	80008274	b7fd	c.j	80008262	
      583159000	     29056	80008262	a031	c.j	8000826e	
      583499000	     29073	8000826e	2011	c.jal	80008272	  x1=0x80008270
      583539000	     29075	80008272	bfd5	c.j	80008266	
      583739000	     29085	80008266	0040016f	jal	x2,8000826a	  x2=0x8000826a
      583779000	     29087	8000826a	3fed	c.jal	80008264	  x1=0x8000826c
      583819000	     29089	80008264	a031	c.j	80008270	
      583859000	     29091	80008270	3ff5	c.jal	8000826c	  x1=0x80008272
      583899000	     29093	8000826c	2039	c.jal	8000827a	  x1=0x8000826e
      583939000	     29095	8000827a	04b6	c.slli	x9,0xd	  x9:0x00000001  x9=0x00002000
      583959000	     29096	8000827c	032001ef	jal	x3,800082ae	  x3=0x80008280
      584139000	     29105	800082ae	3fe5	c.jal	800082a6	  x1=0x800082b0
      585499000	     29173	800082a6	fe5ff36f	jal	x6,8000828a	  x6=0x800082aa
      585559000	     29176	8000828a	0420056f	jal	x10,800082cc	 x10=0x8000828e
      586099000	     29203	800082cc	fd1ff36f	jal	x6,8000829c	  x6=0x800082d0
      586179000	     29207	8000829c	a005	c.j	800082bc	
      586239000	     29210	800082bc	fe3ff0ef	jal	x1,8000829e	  x1=0x800082c0
      586299000	     29213	8000829e	2809	c.jal	800082b0	  x1=0x800082a0
      586359000	     29216	800082b0	00800def	jal	x27,800082b8	 x27=0x800082b4
      586419000	     29219	800082b8	fedff0ef	jal	x1,800082a4	  x1=0x800082bc
      586459000	     29221	800082a4	3fcd	c.jal	80008296	  x1=0x800082a6
      586519000	     29224	80008296	a02d	c.j	800082c0	
      586559000	     29226	800082c0	fd9ff36f	jal	x6,80008298	  x6=0x800082c4
      586599000	     29228	80008298	2805	c.jal	800082c8	  x1=0x8000829a
      586639000	     29230	800082c8	fbfff0ef	jal	x1,80008286	  x1=0x800082cc
      586699000	     29233	80008286	014000ef	jal	x1,8000829a	  x1=0x8000828a
      586739000	     29235	8000829a	3fd5	c.jal	8000828e	  x1=0x8000829c
      586779000	     29237	8000828e	2809	c.jal	800082a0	  x1=0x80008290
      586819000	     29239	800082a0	00a00fef	jal	x31,800082aa	 x31=0x800082a4
      586879000	     29242	800082aa	00a000ef	jal	x1,800082b4	  x1=0x800082ae
      586939000	     29245	800082b4	a009	c.j	800082b6	
      586979000	     29247	800082b6	37f9	c.jal	80008284	  x1=0x800082b8
      587019000	     29249	80008284	a081	c.j	800082c4	
      587059000	     29251	800082c4	fcdff5ef	jal	x11,80008290	 x11=0x800082c8
      587099000	     29253	80008290	ff1ff0ef	jal	x1,80008280	  x1=0x80008294
      587139000	     29255	80008280	014000ef	jal	x1,80008294	  x1=0x80008284
      587239000	     29260	80008294	a835	c.j	800082d0	
      587319000	     29264	800082d0	03261033	mulh	x0,x12,x18	 x12:0x80023ce4 x18:0x00000000  x0=0x00000000
      587339000	     29265	800082d4	024001ef	jal	x3,800082f8	  x3=0x800082d8
      587619000	     29279	800082f8	febff0ef	jal	x1,800082e2	  x1=0x800082fc
      587699000	     29283	800082e2	00a0016f	jal	x2,800082ec	  x2=0x800082e6
      587899000	     29293	800082ec	37f5	c.jal	800082d8	  x1=0x800082ee
      587959000	     29296	800082d8	2021	c.jal	800082e0	  x1=0x800082da
      588019000	     29299	800082e0	3ffd	c.jal	800082de	  x1=0x800082e2
      588079000	     29302	800082de	a801	c.j	800082ee	
      589539000	     29375	800082ee	a019	c.j	800082f4	
      589579000	     29377	800082f4	ff5ff0ef	jal	x1,800082e8	  x1=0x800082f8
      589659000	     29381	800082e8	3fcd	c.jal	800082da	  x1=0x800082ea
      589719000	     29384	800082da	022003ef	jal	x7,800082fc	  x7=0x800082de
      589779000	     29387	800082fc	b7ed	c.j	800082e6	
      589819000	     29389	800082e6	a011	c.j	800082ea	
      589859000	     29391	800082ea	2019	c.jal	800082f0	  x1=0x800082ec
      589899000	     29393	800082f0	00e0026f	jal	x4,800082fe	  x4=0x800082f4
      590099000	     29403	800082fe	406800b3	sub	x1,x16,x6	 x16:0x00000000  x6:0x800082c4  x1=0x7fff7d3c
      590119000	     29404	80008302	012001ef	jal	x3,80008314	  x3=0x80008306
      590579000	     29427	80008314	3fdd	c.jal	8000830a	  x1=0x80008316
      590639000	     29430	8000830a	00e0036f	jal	x6,80008318	  x6=0x8000830e
      591439000	     29470	80008318	2019	c.jal	8000831e	  x1=0x8000831a
      591559000	     29476	8000831e	ff1ff36f	jal	x6,8000830e	  x6=0x80008322
      591619000	     29479	8000830e	a011	c.j	80008312	
      591679000	     29482	80008312	a821	c.j	8000832a	
      592039000	     29500	8000832a	37f5	c.jal	80008316	  x1=0x8000832c
      592079000	     29502	80008316	2831	c.jal	80008332	  x1=0x80008318
      592859000	     29541	80008332	bfed	c.j	8000832c	
      592899000	     29543	8000832c	37fd	c.jal	8000831a	  x1=0x8000832e
      593339000	     29565	8000831a	2829	c.jal	80008334	  x1=0x8000831c
      593399000	     29568	80008334	fd5ff4ef	jal	x9,80008308	  x9=0x80008338
      593439000	     29570	80008308	a01d	c.j	8000832e	
      593479000	     29572	8000832e	b7fd	c.j	8000831c	
      593519000	     29574	8000831c	a021	c.j	80008324	
      593559000	     29576	80008324	fffff9ef	jal	x19,80008322	 x19=0x80008328
      593599000	     29578	80008322	37fd	c.jal	80008310	  x1=0x80008324
      593639000	     29580	80008310	3fdd	c.jal	80008306	  x1=0x80008312
      593679000	     29582	80008306	200d	c.jal	80008328	  x1=0x80008308
      593739000	     29585	80008328	2021	c.jal	80008330	  x1=0x8000832a
      593779000	     29587	80008330	a021	c.j	80008338	
      593819000	     29589	80008338	0157e2b3	or	x5,x15,x21	 x15:0x00000000 x21:0x00000000  x5=0x00000000
      593839000	     29590	8000833c	01c001ef	jal	x3,80008358	  x3=0x80008340
      594339000	     29615	80008358	ff1ff0ef	jal	x1,80008348	  x1=0x8000835c
      594459000	     29621	80008348	2011	c.jal	8000834c	  x1=0x8000834a
      595319000	     29664	8000834c	fffff0ef	jal	x1,8000834a	  x1=0x80008350
      595359000	     29666	8000834a	3fe5	c.jal	80008342	  x1=0x8000834c
      595439000	     29670	80008342	2815	c.jal	80008376	  x1=0x80008344
      595839000	     29690	80008376	2009	c.jal	80008378	  x1=0x80008378
      597099000	     29753	80008378	fe7ff1ef	jal	x3,8000835e	  x3=0x8000837c
      597219000	     29759	8000835e	fe7ff36f	jal	x6,80008344	  x6=0x80008362
      597259000	     29761	80008344	0240086f	jal	x16,80008368	 x16=0x80008348
      597299000	     29763	80008368	fe9ff0ef	jal	x1,80008350	  x1=0x8000836c
      597339000	     29765	80008350	ff1ff0ef	jal	x1,80008340	  x1=0x80008354
      597419000	     29769	80008340	201d	c.jal	80008366	  x1=0x80008342
      597479000	     29772	80008366	3fdd	c.jal	8000835c	  x1=0x80008368
      597539000	     29775	8000835c	a811	c.j	80008370	
      597599000	     29778	80008370	37d5	c.jal	80008354	  x1=0x80008372
      597659000	     29781	80008354	01e000ef	jal	x1,80008372	  x1=0x80008358
      597739000	     29785	80008372	ffbffcef	jal	x25,8000836c	 x25=0x80008376
      597799000	     29788	8000836c	ff7ff36f	jal	x6,80008362	  x6=0x80008370
      597859000	     29791	80008362	2009	c.jal	80008364	  x1=0x80008364
      597919000	     29794	80008364	a821	c.j	8000837c	
      597979000	     29797	8000837c	340996f3	csrrw	x13,mscratch,x19	 x19:0x80008328 x13=0x1fff6900
      598039000	     29800	80008380	022001ef	jal	x3,800083a2	  x3=0x80008384
      598979000	     29847	800083a2	2011	c.jal	800083a6	  x1=0x800083a4
      600299000	     29913	800083a6	fe7ff36f	jal	x6,8000838c	  x6=0x800083aa
      600339000	     29915	8000838c	004000ef	jal	x1,80008390	  x1=0x80008390
      600839000	     29940	80008390	ff9ff36f	jal	x6,80008388	  x6=0x80008394
      600879000	     29942	80008388	a039	c.j	80008396	
      601839000	     29990	80008396	2819	c.jal	800083ac	  x1=0x80008398
      601879000	     29992	800083ac	ff1ff36f	jal	x6,8000839c	  x6=0x800083b0
      601919000	     29994	8000839c	fefff0ef	jal	x1,8000838a	  x1=0x800083a0
      601959000	     29996	8000838a	a039	c.j	80008398	
      601999000	     29998	80008398	b7f5	c.j	80008384	
      602039000	     30000	80008384	a035	c.j	800083b0	
      602079000	     30002	800083b0	b7d5	c.j	80008394	
      602119000	     30004	80008394	2005	c.jal	800083b4	  x1=0x80008396
      602179000	     30007	800083b4	fffff0ef	jal	x1,800083b2	  x1=0x800083b8
      602239000	     30010	800083b2	b7e5	c.j	8000839a	
      602279000	     30012	8000839a	a029	c.j	800083a4	
      602339000	     30015	800083a4	bff5	c.j	800083a0	
      602399000	     30018	800083a0	a821	c.j	800083b8	
      602599000	     30028	800083b8	2009	c.jal	800083ba	  x1=0x800083ba
      602659000	     30031	800083ba	bfc5	c.j	800083aa	
      602719000	     30034	800083aa	3ff1	c.jal	80008386	  x1=0x800083ac
      602779000	     30037	80008386	a81d	c.j	800083bc	
      602859000	     30041	800083bc	0345d333	divu	x6,x11,x20	 x11:0x800082c8 x20:0x00000000  x6=0xffffffff
      603319000	     30064	800083c0	020001ef	jal	x3,800083e0	  x3=0x800083c4
      604279000	     30112	800083e0	b7ed	c.j	800083ca	
      604319000	     30114	800083ca	2015	c.jal	800083ee	  x1=0x800083cc
      605799000	     30188	800083ee	b7f5	c.j	800083da	
      606739000	     30235	800083da	a831	c.j	800083f6	
      606819000	     30239	800083f6	fe9ff26f	jal	x4,800083de	  x4=0x800083fa
      607279000	     30262	800083de	2819	c.jal	800083f4	  x1=0x800083e0
      607339000	     30265	800083f4	3fe1	c.jal	800083cc	  x1=0x800083f6
      607379000	     30267	800083cc	bff5	c.j	800083c8	
      607419000	     30269	800083c8	a839	c.j	800083e6	
      607459000	     30271	800083e6	3ff5	c.jal	800083e2	  x1=0x800083e8
      607519000	     30274	800083e2	006003ef	jal	x7,800083e8	  x7=0x800083e6
      607559000	     30276	800083e8	fddff16f	jal	x2,800083c4	  x2=0x800083ec
      607599000	     30278	800083c4	a039	c.j	800083d2	
      607659000	     30281	800083d2	01a0076f	jal	x14,800083ec	 x14=0x800083d6
      607719000	     30284	800083ec	a809	c.j	800083fe	
      607779000	     30287	800083fe	37e1	c.jal	800083c6	  x1=0x80008400
      607839000	     30290	800083c6	a815	c.j	800083fa	
      607919000	     30294	800083fa	fddff26f	jal	x4,800083d6	  x4=0x800083fe
      607999000	     30298	800083d6	01a007ef	jal	x15,800083f0	 x15=0x800083da
      608039000	     30300	800083f0	fdfff0ef	jal	x1,800083ce	  x1=0x800083f4
      608119000	     30304	800083ce	00e000ef	jal	x1,800083dc	  x1=0x800083d2
      608159000	     30306	800083dc	2015	c.jal	80008400	  x1=0x800083de
      608199000	     30308	80008400	0001	c.addi	x0,0	  x0:0x00000000  x0=0x00000000
      608219000	     30309	80008402	0268f563	bgeu	x17,x6,8000842c	 x17:0x00000000  x6:0xffffffff
      608639000	     30330	80008406	011c68b3	or	x17,x24,x17	 x24:0x00000000 x17:0x00000000 x17=0x00000000
      608659000	     30331	8000840a	8da9	c.xor	x11,x10	 x11:0x800082c8 x10:0x8000828e x11=0x00000046
      608939000	     30345	8000840c	323d2d93	slti	x27,x26,803	 x26:0x57531da0 x27=0x00000000
      608959000	     30346	80008410	8db1	c.xor	x11,x12	 x11:0x00000046 x12:0x80023ce4 x11=0x80023ca2
      608979000	     30347	80008412	01ef0c63	beq	x30,x30,8000842a	 x30:0x1fff6908 x30:0x1fff6908
      609339000	     30365	8000842a	86be	c.mv	x13,x15	  x0:0x00000000 x15:0x800083da x13=0x800083da
      609359000	     30366	8000842c	00d6ef33	or	x30,x13,x13	 x13:0x800083da x13:0x800083da x30=0x800083da
      609399000	     30368	80008430	028039b3	mulhu	x19,x0,x8	  x0:0x00000000  x8:0x80000000 x19=0x00000000
      609559000	     30376	80008434	8cdd	c.or	x9,x15	  x9:0x80008338 x15:0x800083da  x9=0x800083fa
      609579000	     30377	80008436	8dad	c.xor	x11,x11	 x11:0x80023ca2 x11:0x80023ca2 x11=0x00000000
      609639000	     30380	80008438	01fb7833	and	x16,x22,x31	 x22:0x80008228 x31:0x800082a4 x16=0x80008220
      609659000	     30381	8000843c	c0192d13	slti	x26,x18,-1023	 x18:0x00000000 x26=0x00000000
      609939000	     30395	80008440	34002773	csrrs	x14,mscratch,x0	  x0:0x00000000 x14=0x80008328
      610219000	     30409	80008444	04b10463	beq	x2,x11,8000848c	  x2:0x800083ec x11:0x00000000
      610479000	     30422	80008448	00c79c33	sll	x24,x15,x12	 x15:0x800083da x12:0x80023ce4 x24=0x00083da0
      610519000	     30424	8000844c	6751	c.lui	x14,0x14	 x14=0x00014000
      611659000	     30481	8000844e	03d5e033	rem	x0,x11,x29	 x11:0x00000000 x29:0x1fff694d  x0=0x00000000
      611679000	     30482	80008452	88f6	c.mv	x17,x29	  x0:0x00000000 x29:0x1fff694d x17=0x1fff694d
      611699000	     30483	80008454	65a1	c.lui	x11,0x8	 x11=0x00008000
      611719000	     30484	80008456	0ff0000f	fence	iorw,iorw	
      611799000	     30488	8000845a	01301733	sll	x14,x0,x19	  x0:0x00000000 x19:0x00000000 x14=0x00000000
      611819000	     30489	8000845e	027e7963	bgeu	x28,x7,80008490	 x28:0x8001fe14  x7:0x800083e6
      612459000	     30521	80008490	0001	c.addi	x0,0	  x0:0x00000000  x0=0x00000000
      612479000	     30522	80008492	c33fb093	sltiu	x1,x31,-973	 x31:0x800082a4  x1=0x00000001
      612659000	     30531	80008496	01931c63	bne	x6,x25,800084ae	  x6:0xffffffff x25:0x80008376
      613399000	     30568	800084ae	83fd	c.srli	x15,0x1f	 x15:0x800083da x15=0x00000001
      613439000	     30570	800084b0	01964333	xor	x6,x12,x25	 x12:0x80023ce4 x25:0x80008376  x6=0x0002bf92
      613619000	     30579	800084b4	0ffd8c97	auipc	x25,0xffd8	 x25=0x8ffe04b4
      613639000	     30580	800084b8	8d3d	c.xor	x10,x15	 x10:0x8000828e x15:0x00000001 x10=0x8000828f
      613799000	     30588	800084ba	0153adb3	slt	x27,x7,x21	  x7:0x800083e6 x21:0x00000000 x27=0x00000001
      613819000	     30589	800084be	017f69b3	or	x19,x30,x23	 x30:0x800083da x23:0xff29d000 x19=0xff29d3da
      613839000	     30590	800084c2	01020b33	add	x22,x4,x16	  x4:0x800083fe x16:0x80008220 x22=0x0001061e
      613859000	     30591	800084c6	40010eb3	sub	x29,x2,x0	  x2:0x800083ec  x0:0x00000000 x29=0x800083ec
      613999000	     30598	800084ca	0000100f	fence.i	
      614319000	     30614	800084ce	8f19	c.sub	x14,x14	 x14:0x00000000 x14:0x00000000 x14=0x00000000
      614339000	     30615	800084d0	039c85b3	mul	x11,x25,x25	 x25:0x8ffe04b4 x25:0x8ffe04b4 x11=0x6d461e90
      614619000	     30629	800084d4	013f36b3	sltu	x13,x30,x19	 x30:0x800083da x19:0xff29d3da x13=0x00000001
      614799000	     30638	800084d8	ed81	c.bnez	x11,800084f0	 x11:0x6d461e90
      615539000	     30675	800084f0	00523cb3	sltu	x25,x4,x5	  x4:0x800083fe  x5:0x00000000 x25=0x00000000
      615779000	     30687	800084f4	71b06293	ori	x5,x0,1819	  x0:0x00000000  x5=0x0000071b
      615859000	     30691	800084f8	00dad263	bge	x21,x13,800084fc	 x21:0x00000000 x13:0x00000001
      615879000	     30692	800084fc	340c5df3	csrrwi	x27,mscratch,24	 x27=0x80008328
      615899000	     30693	80008500	01cb1513	slli	x10,x22,0x1c	 x22:0x0001061e x10=0xe0000000
      616319000	     30714	80008504	011c34b3	sltu	x9,x24,x17	 x24:0x00083da0 x17:0x1fff694d  x9=0x00000001
      616339000	     30715	80008508	0ff0000f	fence	iorw,iorw	
      616679000	     30732	8000850c	fa3eba13	sltiu	x20,x29,-93	 x29:0x800083ec x20=0x00000001
      616799000	     30738	80008510	0001	c.addi	x0,0	  x0:0x00000000  x0=0x00000000
      617219000	     30759	80008512	00e360b3	or	x1,x6,x14	  x6:0x0002bf92 x14:0x00000000  x1=0x0002bf92
      617319000	     30764	80008516	340af173	csrrci	x2,mscratch,21	  x2=0x00000018
      617339000	     30765	8000851a	8cb5	c.xor	x9,x13	  x9:0x00000001 x13:0x00000001  x9=0x00000000
      617499000	     30773	8000851c	00f5f863	bgeu	x11,x15,8000852c	 x11:0x6d461e90 x15:0x00000001
      617839000	     30790	8000852c	0076c763	blt	x13,x7,8000853a	 x13:0x00000001  x7:0x800083e6
      617879000	     30792	80008530	03e0b0b3	mulhu	x1,x1,x30	  x1:0x0002bf92 x30:0x800083da  x1=0x00015fca
      618059000	     30801	80008534	41a00a33	sub	x20,x0,x26	  x0:0x00000000 x26:0x00000000 x20=0x00000000
      618179000	     30807	80008538	9d3e	c.add	x26,x15	 x26:0x00000000 x15:0x00000001 x26=0x00000001
      618199000	     30808	8000853a	853e	c.mv	x10,x15	  x0:0x00000000 x15:0x00000001 x10=0x00000001
      618259000	     30811	8000853c	13cfbf93	sltiu	x31,x31,316	 x31:0x800082a4 x31=0x00000000
      618419000	     30819	80008540	0713f163	bgeu	x7,x17,800085a2	  x7:0x800083e6 x17:0x1fff694d
      619219000	     30859	800085a2	27958d13	addi	x26,x11,633	 x11:0x6d461e90 x26=0x6d462109
      619239000	     30860	800085a6	340e1af3	csrrw	x21,mscratch,x28	 x28:0x8001fe14 x21=0x00000008
      619259000	     30861	800085aa	34036873	csrrsi	x16,mscratch,6	 x16=0x8001fe14
      619279000	     30862	800085ae	9d605d37	lui	x26,0x9d605	 x26=0x9d605000
      619299000	     30863	800085b2	652d	c.lui	x10,0xb	 x10=0x0000b000
      619339000	     30865	800085b4	00392533	slt	x10,x18,x3	 x18:0x00000000  x3:0x800083c4 x10=0x00000000
      619379000	     30867	800085b8	8131	c.srli	x10,0xc	 x10:0x00000000 x10=0x00000000
      619439000	     30870	800085ba	03b2b933	mulhu	x18,x5,x27	  x5:0x0000071b x27:0x80008328 x18=0x0000038d
      619719000	     30884	800085be	00a3cb33	xor	x22,x7,x10	  x7:0x800083e6 x10:0x00000000 x22=0x800083e6
      619739000	     30885	800085c2	340613f3	csrrw	x7,mscratch,x12	 x12:0x80023ce4  x7=0x8001fe16
      619759000	     30886	800085c6	004077b3	and	x15,x0,x4	  x0:0x00000000  x4:0x800083fe x15=0x00000000
      619779000	     30887	800085ca	c705	c.beqz	x14,800085f2	 x14:0x00000000
      620419000	     30919	800085f2	ef85	c.bnez	x15,8000862a	 x15:0x00000000
      620499000	     30923	800085f4	0082e3b3	or	x7,x5,x8	  x5:0x0000071b  x8:0x80000000  x7=0x8000071b
      620659000	     30931	800085f8	b0c93c37	lui	x24,0xb0c93	 x24=0xb0c93000
      620679000	     30932	800085fc	3ba5a293	slti	x5,x11,954	 x11:0x6d461e90  x5=0x00000000
      620699000	     30933	80008600	34002173	csrrs	x2,mscratch,x0	  x0:0x00000000  x2=0x80023ce4
      620719000	     30934	80008604	80dd	c.srli	x9,0x17	  x9:0x00000000  x9=0x00000000
      620819000	     30939	80008606	039baa33	mulhsu	x20,x23,x25	 x23:0xff29d000 x25:0x00000000 x20=0x00000000
      620839000	     30940	8000860a	9b7d	c.andi	x14,-1	 x14:0x00000000 x14=0x00000000
      620859000	     30941	8000860c	ef19	c.bnez	x14,8000862a	 x14:0x00000000
      620879000	     30942	8000860e	8ef5	c.and	x13,x13	 x13:0x00000001 x13:0x00000001 x13=0x00000001
      621019000	     30949	80008610	0291d163	bge	x3,x9,80008632	  x3:0x800083c4  x9:0x00000000
      621039000	     30950	80008614	c57cc313	xori	x6,x25,-937	 x25:0x00000000  x6=0xfffffc57
      621059000	     30951	80008618	0000100f	fence.i	
      622099000	     31003	8000861c	012f12b3	sll	x5,x30,x18	 x30:0x800083da x18:0x0000038d  x5=0x107b4000
      622519000	     31024	80008620	8f01	c.sub	x14,x8	 x14:0x00000000  x8:0x80000000 x14=0x80000000
      622619000	     31029	80008622	035ca733	mulhsu	x14,x25,x21	 x25:0x00000000 x21:0x00000008 x14=0x00000000
      622639000	     31030	80008626	340799f3	csrrw	x19,mscratch,x15	 x15:0x00000000 x19=0x80023ce4
      622959000	     31046	8000862a	02ab9563	bne	x23,x10,80008654	 x23:0xff29d000 x10:0x00000000
      623659000	     31081	80008654	41b459b3	sra	x19,x8,x27	  x8:0x80000000 x27:0x80008328 x19=0xff800000
      623679000	     31082	80008658	04ba	c.slli	x9,0xe	  x9:0x00000000  x9=0x00000000
      623699000	     31083	8000865a	036008b3	mul	x17,x0,x22	  x0:0x00000000 x22:0x800083e6 x17=0x00000000
      623719000	     31084	8000865e	717d	c.addi16sp	x2,-16	  x2:0x80023ce4  x2=0x80023cd4
      623739000	     31085	80008660	34003373	csrrc	x6,mscratch,x0	  x0:0x00000000  x6=0x00000000
      623759000	     31086	80008664	15fd	c.addi	x11,-1	 x11:0x6d461e90 x11=0x6d461e8f
      623779000	     31087	80008666	1dfd	c.addi	x27,-1	 x27:0x80008328 x27=0x80008327
      624039000	     31100	80008668	02461063	bne	x12,x4,80008688	 x12:0x80023ce4  x4:0x800083fe
      624779000	     31137	80008688	01f4cb33	xor	x22,x9,x31	  x9:0x00000000 x31:0x00000000 x22=0x00000000
      625919000	     31194	8000868c	02527b33	remu	x22,x4,x5	  x4:0x800083fe  x5:0x107b4000 x22=0x0ca1c3fe
      626659000	     31231	80008690	03de4533	div	x10,x28,x29	 x28:0x8001fe14 x29:0x800083ec x10=0x00000000
      626679000	     31232	80008694	d1ef8c93	addi	x25,x31,-738	 x31:0x00000000 x25=0xfffffd1e
      626699000	     31233	80008698	00cf1493	slli	x9,x30,0xc	 x30:0x800083da  x9=0x083da000
      626719000	     31234	8000869c	02b0f863	bgeu	x1,x11,800086cc	  x1:0x00015fca x11:0x6d461e8f
      626739000	     31235	800086a0	9ada	c.add	x21,x22	 x21:0x00000008 x22:0x0ca1c3fe x21=0x0ca1c406
      626759000	     31236	800086a2	812bea13	ori	x20,x23,-2030	 x23:0xff29d000 x20=0xfffff812
      626999000	     31248	800086a6	96d61197	auipc	x3,0x96d61	  x3=0x16d696a6
      627019000	     31249	800086aa	82fe	c.mv	x5,x31	  x0:0x00000000 x31:0x00000000  x5=0x00000000
      627039000	     31250	800086ac	c901	c.beqz	x10,800086bc	 x10:0x00000000
      627339000	     31265	800086bc	717d	c.addi16sp	x2,-16	  x2:0x80023cd4  x2=0x80023cc4
      627359000	     31266	800086be	8331	c.srli	x14,0xc	 x14:0x00000000 x14=0x00000000
      627379000	     31267	800086c0	8d3a	c.mv	x26,x14	  x0:0x00000000 x14:0x00000000 x26=0x00000000
      627399000	     31268	800086c2	00994733	xor	x14,x18,x9	 x18:0x0000038d  x9:0x083da000 x14=0x083da38d
      628139000	     31305	800086c6	02114eb3	div	x29,x2,x1	  x2:0x80023cc4  x1:0x00015fca x29=0xffffa2dd
      628159000	     31306	800086ca	8b69	c.andi	x14,26	 x14:0x083da38d x14=0x00000008
      628179000	     31307	800086cc	8fed	c.and	x15,x11	 x15:0x00000000 x11:0x6d461e8f x15=0x00000000
      628199000	     31308	800086ce	0196ba33	sltu	x20,x13,x25	 x13:0x00000001 x25:0xfffffd1e x20=0x00000001
      628219000	     31309	800086d2	340a3a73	csrrc	x20,mscratch,x20	 x20:0x00000001 x20=0x00000000
      628239000	     31310	800086d6	40195133	sra	x2,x18,x1	 x18:0x0000038d  x1:0x00015fca  x2=0x00000000
      628259000	     31311	800086da	40d3db33	sra	x22,x7,x13	  x7:0x8000071b x13:0x00000001 x22=0xc000038d
      628339000	     31315	800086de	01aed593	srli	x11,x29,0x1a	 x29:0xffffa2dd x11=0x0000003f
      628659000	     31331	800086e2	018adf33	srl	x30,x21,x24	 x21:0x0ca1c406 x24:0xb0c93000 x30=0x0ca1c406
      628679000	     31332	800086e6	85ee	c.mv	x11,x27	  x0:0x00000000 x27:0x80008327 x11=0x80008327
      628719000	     31334	800086e8	340d9af3	csrrw	x21,mscratch,x27	 x27:0x80008327 x21=0x00000000
      628739000	     31335	800086ec	0000100f	fence.i	
      628879000	     31342	800086f0	0009c1b3	xor	x3,x19,x0	 x19:0xff800000  x0:0x00000000  x3=0xff800000
      629039000	     31350	800086f4	0001	c.addi	x0,0	  x0:0x00000000  x0=0x00000000
      629059000	     31351	800086f6	01531493	slli	x9,x6,0x15	  x6:0x00000000  x9=0x00000000
      629079000	     31352	800086fa	6a31	c.lui	x20,0xc	 x20=0x0000c000
      629479000	     31372	800086fc	01dd9893	slli	x17,x27,0x1d	 x27:0x80008327 x17=0xe0000000
      629679000	     31382	80008700	03ab2233	mulhsu	x4,x22,x26	 x22:0xc000038d x26:0x00000000  x4=0x00000000
      630419000	     31419	80008704	036c6f33	rem	x30,x24,x22	 x24:0xb0c93000 x22:0xc000038d x30=0xf0c92c73
      630439000	     31420	80008708	0001	c.addi	x0,0	  x0:0x00000000  x0=0x00000000
      630459000	     31421	8000870a	02db1e63	bne	x22,x13,80008746	 x22:0xc000038d x13:0x00000001
      630539000	     31425	80008746	94fa	c.add	x9,x30	  x9:0x00000000 x30:0xf0c92c73  x9=0xf0c92c73
      630779000	     31437	80008748	01c4dd13	srli	x26,x9,0x1c	  x9:0xf0c92c73 x26=0x0000000f
      631159000	     31456	8000874c	41135d33	sra	x26,x6,x17	  x6:0x00000000 x17:0xe0000000 x26=0x00000000
      631179000	     31457	80008750	0849	c.addi	x16,18	 x16:0x8001fe14 x16=0x8001fe26
      631199000	     31458	80008752	80e1	c.srli	x9,0x18	  x9:0xf0c92c73  x9=0x000000f0
      631559000	     31476	80008754	8de1	c.and	x11,x8	 x11:0x80008327  x8:0x80000000 x11=0x80000000
      631579000	     31477	80008756	0001	c.addi	x0,0	  x0:0x00000000  x0=0x00000000
      631979000	     31497	80008758	0001	c.addi	x0,0	  x0:0x00000000  x0=0x00000000
      632379000	     31517	8000875a	340cbff3	csrrc	x31,mscratch,x25	 x25:0xfffffd1e x31=0x80008327
      632399000	     31518	8000875e	137d	c.addi	x6,-1	  x6:0x00000000  x6=0xffffffff
      632799000	     31538	80008760	0ff0000f	fence	iorw,iorw	
      632819000	     31539	80008764	8ab9	c.andi	x13,14	 x13:0x00000001 x13=0x00000000
      632859000	     31541	80008766	02fce2b3	rem	x5,x25,x15	 x25:0xfffffd1e x15:0x00000000  x5=0xfffffd1e
      642339000	     32015	8000876a	02e74033	div	x0,x14,x14	 x14:0x00000008 x14:0x00000008  x0=0x00000000
      642379000	     32017	8000876e	03dbb0b3	mulhu	x1,x23,x29	 x23:0xff29d000 x29:0xffffa2dd  x1=0xff29732a
      642399000	     32018	80008772	01d8d5b3	srl	x11,x17,x29	 x17:0xe0000000 x29:0xffffa2dd x11=0x00000007
      642419000	     32019	80008776	4047d933	sra	x18,x15,x4	 x15:0x00000000  x4:0x00000000 x18=0x00000000
      642439000	     32020	8000877a	e7fef293	andi	x5,x29,-385	 x29:0xffffa2dd  x5=0xffffa25d
      642479000	     32022	8000877e	03032db3	mulhsu	x27,x6,x16	  x6:0xffffffff x16:0x8001fe26 x27=0xffffffff
      642499000	     32023	80008782	9d6a	c.add	x26,x26	 x26:0x00000000 x26:0x00000000 x26=0x00000000
      642519000	     32024	80008784	6105	c.addi16sp	x2,32	  x2:0x00000000  x2=0x00000020
      642539000	     32025	80008786	8c89	c.sub	x9,x10	  x9:0x000000f0 x10:0x00000000  x9=0x000000f0
      642559000	     32026	80008788	00bb0cb3	add	x25,x22,x11	 x22:0xc000038d x11:0x00000007 x25=0xc0000394
      642579000	     32027	8000878c	817d	c.srli	x10,0x1f	 x10:0x00000000 x10=0x00000000
      642599000	     32028	8000878e	415ed4b3	sra	x9,x29,x21	 x29:0xffffa2dd x21:0x00000000  x9=0xffffa2dd
      642979000	     32047	80008792	340f5b73	csrrwi	x22,mscratch,30	 x22=0x00000221
      642999000	     32048	80008796	efee8793	addi	x15,x29,-258	 x29:0xffffa2dd x15=0xffffa1db
      643019000	     32049	8000879a	8cbd	c.xor	x9,x15	  x9:0xffffa2dd x15:0xffffa1db  x9=0x00000306
      643259000	     32061	8000879c	c885	c.beqz	x9,800087cc	  x9:0x00000306
      644119000	     32104	8000879e	03046fb3	rem	x31,x8,x16	  x8:0x80000000 x16:0x8001fe26 x31=0xfffe01da
      644139000	     32105	800087a2	03018133	mul	x2,x3,x16	  x3:0xff800000 x16:0x8001fe26  x2=0xed000000
      644879000	     32142	800087a6	037a6eb3	rem	x29,x20,x23	 x20:0x0000c000 x23:0xff29d000 x29=0x0000c000
      644899000	     32143	800087aa	a6a7da17	auipc	x20,0xa6a7d	 x20=0x26a857aa
      644919000	     32144	800087ae	9b7d	c.andi	x14,-1	 x14:0x00000008 x14=0x00000008
      644939000	     32145	800087b0	8f81	c.sub	x15,x8	 x15:0xffffa1db  x8:0x80000000 x15=0x7fffa1db
      644959000	     32146	800087b2	01a034b3	sltu	x9,x0,x26	  x0:0x00000000 x26:0x00000000  x9=0x00000000
      644979000	     32147	800087b6	00289033	sll	x0,x17,x2	 x17:0xe0000000  x2:0xed000000  x0=0x00000000
      644999000	     32148	800087ba	8ced	c.and	x9,x11	  x9:0x00000000 x11:0x00000007  x9=0x00000000
      645019000	     32149	800087bc	00639363	bne	x7,x6,800087c2	  x7:0x8000071b  x6:0xffffffff
      646859000	     32241	800087c2	0309d333	divu	x6,x19,x16	 x19:0xff800000 x16:0x8001fe26  x6=0x00000001
      646879000	     32242	800087c6	005aeb33	or	x22,x21,x5	 x21:0x00000000  x5:0xffffa25d x22=0xffffa25d
      646899000	     32243	800087ca	8e99	c.sub	x13,x14	 x13:0x00000000 x14:0x00000008 x13=0xfffffff8
      646919000	     32244	800087cc	030f6f63	bltu	x30,x16,8000880a	 x30:0xf0c92c73 x16:0x8001fe26
      646939000	     32245	800087d0	16772713	slti	x14,x14,359	 x14:0x00000008 x14=0x00000001
      646959000	     32246	800087d4	03bc8f33	mul	x30,x25,x27	 x25:0xc0000394 x27:0xffffffff x30=0x3ffffc6c
      646979000	     32247	800087d8	b9166817	auipc	x16,0xb9166	 x16=0x3916e7d8
      646999000	     32248	800087dc	e499	c.bnez	x9,800087ea	  x9:0x00000000
      647019000	     32249	800087de	5ffd	c.li	x31,-1	 x31=0xffffffff
      647039000	     32250	800087e0	00c08b63	beq	x1,x12,800087f6	  x1:0xff29732a x12:0x80023ce4
      647519000	     32274	800087e4	1d7ef197	auipc	x3,0x1d7ef	  x3=0x9d7f77e4
      647539000	     32275	800087e8	6b1d	c.lui	x22,0x7	 x22=0x00007000
      647559000	     32276	800087ea	41135093	srai	x1,x6,0x11	  x6:0x00000001  x1=0x00000000
      647579000	     32277	800087ee	039c	c.addi4spn	x15,x2,448	 x15=0xed0001c0
      647599000	     32278	800087f0	ed1d	c.bnez	x10,8000882e	 x10:0x00000000
      647619000	     32279	800087f2	01dcfc33	and	x24,x25,x29	 x25:0xc0000394 x29:0x0000c000 x24=0x00000000
      647639000	     32280	800087f6	66e9	c.lui	x13,0x1a	 x13=0x0001a000
      647659000	     32281	800087f8	9adb6893	ori	x17,x22,-1619	 x22:0x00007000 x17=0xfffff9ad
      647839000	     32290	800087fc	4b85	c.li	x23,1	 x23=0x00000001
      648659000	     32331	800087fe	02dfe7b3	rem	x15,x31,x13	 x31:0xffffffff x13:0x0001a000 x15=0xffffffff
      648679000	     32332	80008802	007a7033	and	x0,x20,x7	 x20:0x26a857aa  x7:0x8000071b  x0=0x00000000
      648699000	     32333	80008806	05e91163	bne	x18,x30,80008848	 x18:0x00000000 x30:0x3ffffc6c
      649259000	     32361	80008848	8c95	c.sub	x9,x13	  x9:0x00000000 x13:0x0001a000  x9=0xfffe6000
      649299000	     32363	8000884a	025c31b3	mulhu	x3,x24,x5	 x24:0x00000000  x5:0xffffa25d  x3=0x00000000
      649419000	     32369	8000884e	0381d3b3	divu	x7,x3,x24	  x3:0x00000000 x24:0x00000000  x7=0xffffffff
      649439000	     32370	80008852	80e6	c.mv	x1,x25	  x0:0x00000000 x25:0xc0000394  x1=0xc0000394
      649459000	     32371	80008854	c481	c.beqz	x9,8000885c	  x9:0xfffe6000
      649479000	     32372	80008856	979a	c.add	x15,x6	 x15:0xffffffff  x6:0x00000001 x15=0x00000000
      649619000	     32379	80008858	035aa9b3	mulhsu	x19,x21,x21	 x21:0x00000000 x21:0x00000000 x19=0x00000000
      649639000	     32380	8000885c	0aea	c.slli	x21,0x1a	 x21:0x00000000 x21=0x00000000
      649679000	     32382	8000885e	005d7363	bgeu	x26,x5,80008864	 x26:0x00000000  x5:0xffffa25d
      649699000	     32383	80008862	ec8d	c.bnez	x9,8000889c	  x9:0xfffe6000
      650639000	     32430	8000889c	7cbd0593	addi	x11,x26,1995	 x26:0x00000000 x11=0x000007cb
      650679000	     32432	800088a0	ed733137	lui	x2,0xed733	  x2=0xed733000
      650759000	     32436	800088a4	0160c733	xor	x14,x1,x22	  x1:0xc0000394 x22:0x00007000 x14=0xc0007394
      650839000	     32440	800088a8	0ff0000f	fence	iorw,iorw	
      650979000	     32447	800088ac	0001	c.addi	x0,0	  x0:0x00000000  x0=0x00000000
      650999000	     32448	800088ae	c689	c.beqz	x13,800088b8	 x13:0x0001a000
      651139000	     32455	800088b0	1c7d	c.addi	x24,-1	 x24:0x00000000 x24=0xffffffff
      651159000	     32456	800088b2	e791	c.bnez	x15,800088be	 x15:0x00000000
      651179000	     32457	800088b4	6131	c.addi16sp	x2,320	  x2:0xed733000  x2=0xed733140
      651199000	     32458	800088b6	8515	c.srai	x10,0x5	 x10:0x00000000 x10=0x00000000
      651219000	     32459	800088b8	8f19	c.sub	x14,x14	 x14:0xc0007394 x14:0xc0007394 x14=0x00000000
      651239000	     32460	800088ba	003efc63	bgeu	x29,x3,800088d2	 x29:0x0000c000  x3:0x00000000
      652139000	     32505	800088d2	02f15c33	divu	x24,x2,x15	  x2:0xed733140 x15:0x00000000 x24=0xffffffff
      652159000	     32506	800088d6	414f5493	srai	x9,x30,0x14	 x30:0x3ffffc6c  x9=0x000003ff
      652179000	     32507	800088da	1708	c.addi4spn	x10,x2,928	 x10=0xed7334e0
      652559000	     32526	800088dc	03c49763	bne	x9,x28,8000890a	  x9:0x000003ff x28:0x8001fe14
      653439000	     32570	8000890a	8349	c.srli	x14,0x12	 x14:0x00000000 x14=0x00000000
      653459000	     32571	8000890c	00318cb3	add	x25,x3,x3	  x3:0x00000000  x3:0x00000000 x25=0x00000000
      653479000	     32572	80008910	0001	c.addi	x0,0	  x0:0x00000000  x0=0x00000000
      653499000	     32573	80008912	717d	c.addi16sp	x2,-16	  x2:0xed733140  x2=0xed733130
      653779000	     32587	80008914	02d50763	beq	x10,x13,80008942	 x10:0xed7334e0 x13:0x0001a000
      653839000	     32590	80008918	340020f3	csrrs	x1,mscratch,x0	  x0:0x00000000  x1=0x0000001e
      653859000	     32591	8000891c	00652fb3	slt	x31,x10,x6	 x10:0xed7334e0  x6:0x00000001 x31=0x00000001
      653879000	     32592	80008920	8ecd	c.or	x13,x11	 x13:0x0001a000 x11:0x000007cb x13=0x0001a7cb
      653899000	     32593	80008922	efb06813	ori	x16,x0,-261	  x0:0x00000000 x16=0xfffffefb
      653919000	     32594	80008926	01e2c833	xor	x16,x5,x30	  x5:0xffffa25d x30:0x3ffffc6c x16=0xc0005e31
      654079000	     32602	8000892a	3405bdf3	csrrc	x27,mscratch,x11	 x11:0x000007cb x27=0x0000001e
      654099000	     32603	8000892e	016a1793	slli	x15,x20,0x16	 x20:0x26a857aa x15=0xea800000
      654319000	     32614	80008932	096bb813	sltiu	x16,x23,150	 x23:0x00000001 x16=0x00000001
      655159000	     32656	80008936	0262e6b3	rem	x13,x5,x6	  x5:0xffffa25d  x6:0x00000001 x13=0x00000000
      655179000	     32657	8000893a	01373733	sltu	x14,x14,x19	 x14:0x00000000 x19:0x00000000 x14=0x00000000
      655199000	     32658	8000893e	006d34b3	sltu	x9,x26,x6	 x26:0x00000000  x6:0x00000001  x9=0x00000001
      655219000	     32659	80008942	0ff0000f	fence	iorw,iorw	
      655239000	     32660	80008946	34005973	csrrwi	x18,mscratch,0	 x18=0x00000014
      655259000	     32661	8000894a	02c70063	beq	x14,x12,8000896a	 x14:0x00000000 x12:0x80023ce4
      655499000	     32673	8000894e	417fd833	sra	x16,x31,x23	 x31:0x00000001 x23:0x00000001 x16=0x00000000
      655519000	     32674	80008952	01de9f13	slli	x30,x29,0x1d	 x29:0x0000c000 x30=0x00000000
      655539000	     32675	80008956	67c5	c.lui	x15,0x11	 x15=0x00011000
      655559000	     32676	80008958	3400aff3	csrrs	x31,mscratch,x1	  x1:0x0000001e x31=0x00000000
      655579000	     32677	8000895c	412884b3	sub	x9,x17,x18	 x17:0xfffff9ad x18:0x00000014  x9=0xfffff999
      655779000	     32687	80008960	03ca00b3	mul	x1,x20,x28	 x20:0x26a857aa x28:0x8001fe14  x1=0x63cb8548
      655799000	     32688	80008964	0788	c.addi4spn	x10,x2,960	 x10=0xed7334f0
      655879000	     32692	80008966	0000100f	fence.i	
      656719000	     32734	8000896a	23b7a737	lui	x14,0x23b7a	 x14=0x23b7a000
      657139000	     32755	8000896e	015830b3	sltu	x1,x16,x21	 x16:0x00000000 x21:0x00000000  x1=0x00000000
      658279000	     32812	80008972	032366b3	rem	x13,x6,x18	  x6:0x00000001 x18:0x00000014 x13=0x00000001
      658299000	     32813	80008976	020ff063	bgeu	x31,x0,80008996	 x31:0x00000000  x0:0x00000000
      659499000	     32873	80008996	03c95c33	divu	x24,x18,x28	 x18:0x00000014 x28:0x8001fe14 x24=0x00000000
      659519000	     32874	8000899a	18a7ba93	sltiu	x21,x15,394	 x15:0x00011000 x21=0x00000000
      659539000	     32875	8000899e	87c1	c.srai	x15,0x10	 x15:0x00011000 x15=0x00000001
      659559000	     32876	800089a0	0033a133	slt	x2,x7,x3	  x7:0xffffffff  x3:0x00000000  x2=0x00000001
      659579000	     32877	800089a4	8325	c.srli	x14,0x9	 x14:0x23b7a000 x14=0x0011dbd0
      659599000	     32878	800089a6	00a50bb3	add	x23,x10,x10	 x10:0xed7334f0 x10:0xed7334f0 x23=0xdae669e0
      659619000	     32879	800089aa	40948f33	sub	x30,x9,x9	  x9:0xfffff999  x9:0xfffff999 x30=0x00000000
      660359000	     32916	800089ae	026a5333	divu	x6,x20,x6	 x20:0x26a857aa  x6:0x00000001  x6=0x26a857aa
      660379000	     32917	800089b2	c6f2b593	sltiu	x11,x5,-913	  x5:0xffffa25d x11=0x00000001
      660399000	     32918	800089b6	9b52	c.add	x22,x20	 x22:0x00007000 x20:0x26a857aa x22=0x26a8c7aa
      660419000	     32919	800089b8	00b19a13	slli	x20,x3,0xb	  x3:0x00000000 x20=0x00000000
      660439000	     32920	800089bc	0051ed63	bltu	x3,x5,800089d6	  x3:0x00000000  x5:0xffffa25d
      660519000	     32924	800089d6	8f6d	c.and	x14,x11	 x14:0x0011dbd0 x11:0x00000001 x14=0x00000000
      660559000	     32926	800089d8	005a4a63	blt	x20,x5,800089ec	 x20:0x00000000  x5:0xffffa25d
      660579000	     32927	800089dc	00509333	sll	x6,x1,x5	  x1:0x00000000  x5:0xffffa25d  x6=0x00000000
      660719000	     32934	800089e0	340f6bf3	csrrsi	x23,mscratch,30	 x23=0x0000001e
      660739000	     32935	800089e4	340076f3	csrrci	x13,mscratch,0	 x13=0x0000001e
      660759000	     32936	800089e8	3407d573	csrrwi	x10,mscratch,15	 x10=0x0000001e
      661239000	     32960	800089ec	0001	c.addi	x0,0	  x0:0x00000000  x0=0x00000000
      661259000	     32961	800089ee	8ef9	c.and	x13,x14	 x13:0x0000001e x14:0x00000000 x13=0x00000000
      661279000	     32962	800089f0	40e28333	sub	x6,x5,x14	  x5:0xffffa25d x14:0x00000000  x6=0xffffa25d
      661299000	     32963	800089f4	8cf1	c.and	x9,x12	  x9:0xfffff999 x12:0x80023ce4  x9=0x80023880
      661479000	     32972	800089f6	34006173	csrrsi	x2,mscratch,0	  x2=0x0000000f
      661899000	     32993	800089fa	00f93bb3	sltu	x23,x18,x15	 x18:0x00000014 x15:0x00000001 x23=0x00000000
      662339000	     33015	800089fe	027f35b3	mulhu	x11,x30,x7	 x30:0x00000000  x7:0xffffffff x11=0x00000000
      663119000	     33054	80008a02	027b6eb3	rem	x29,x22,x7	 x22:0x26a8c7aa  x7:0xffffffff x29=0x00000000
      663139000	     33055	80008a06	84fd	c.srai	x9,0x1f	  x9:0x80023880  x9=0xffffffff
      663159000	     33056	80008a08	018eda13	srli	x20,x29,0x18	 x29:0x00000000 x20=0x00000000
      663619000	     33079	80008a0c	004e2183	lw	x3,4(x28)	 x28:0x8001fe14  x3=0x80008a82 PA:0x8001fe18 load:0x80008a82
      663639000	     33080	80008a10	0e71	c.addi	x28,28	 x28:0x8001fe14 x28=0x8001fe30
      663679000	     33082	80008a12	03879933	mulh	x18,x15,x24	 x15:0x00000001 x24:0x00000000 x18=0x00000000
      663699000	     33083	80008a16	575ff693	andi	x13,x31,1397	 x31:0x00000000 x13=0x00000000
      663719000	     33084	80008a1a	00118b93	addi	x23,x3,1	  x3:0x80008a82 x23=0x80008a83
      663739000	     33085	80008a1e	8b82	c.jr	x23	 x23:0x80008a83
      664259000	     33111	80008a82	012001ef	jal	x3,80008a94	  x3=0x80008a86
      664859000	     33141	80008a94	bff5	c.j	80008a90	
      664899000	     33143	80008a90	2809	c.jal	80008aa2	  x1=0x80008a92
      665399000	     33168	80008aa2	ff1ff0ef	jal	x1,80008a92	  x1=0x80008aa6
      665439000	     33170	80008a92	3ff5	c.jal	80008a8e	  x1=0x80008a94
      665499000	     33173	80008a8e	a021	c.j	80008a96	
      665619000	     33179	80008a96	004004ef	jal	x9,80008a9a	  x9=0x80008a9a
      665699000	     33183	80008a9a	fedff0ef	jal	x1,80008a86	  x1=0x80008a9e
      665819000	     33189	80008a86	004000ef	jal	x1,80008a8a	  x1=0x80008a8a
      665899000	     33193	80008a8a	016000ef	jal	x1,80008aa0	  x1=0x80008a8e
      665959000	     33196	80008aa0	bffd	c.j	80008a9e	
      665999000	     33198	80008a9e	a021	c.j	80008aa6	
      666039000	     33200	80008aa6	8291	c.srli	x13,0x4	 x13:0x00000000 x13=0x00000000
      666059000	     33201	80008aa8	022001ef	jal	x3,80008aca	  x3=0x80008aac
      666379000	     33217	80008aca	bff5	c.j	80008ac6	
      666619000	     33229	80008ac6	2809	c.jal	80008ad8	  x1=0x80008ac8
      666679000	     33232	80008ad8	a011	c.j	80008adc	
      666719000	     33234	80008adc	ff1ff0ef	jal	x1,80008acc	  x1=0x80008ae0
      666779000	     33237	80008acc	3fcd	c.jal	80008abe	  x1=0x80008ace
      667279000	     33262	80008abe	200d	c.jal	80008ae0	  x1=0x80008ac0
      667319000	     33264	80008ae0	bfc1	c.j	80008ab0	
      667359000	     33266	80008ab0	2005	c.jal	80008ad0	  x1=0x80008ab2
      667419000	     33269	80008ad0	ff9ff0ef	jal	x1,80008ac8	  x1=0x80008ad4
      667479000	     33272	80008ac8	b7d5	c.j	80008aac	
      667539000	     33275	80008aac	02800a6f	jal	x20,80008ad4	 x20=0x80008ab0
      667599000	     33278	80008ad4	fe5ff0ef	jal	x1,80008ab8	  x1=0x80008ad8
      667999000	     33298	80008ab8	016000ef	jal	x1,80008ace	  x1=0x80008abc
      668059000	     33301	80008ace	bfcd	c.j	80008ac0	
      668099000	     33303	80008ac0	a009	c.j	80008ac2	
      668159000	     33306	80008ac2	ff1ff0ef	jal	x1,80008ab2	  x1=0x80008ac6
      668219000	     33309	80008ab2	028006ef	jal	x13,80008ada	 x13=0x80008ab6
      668259000	     33311	80008ada	bff1	c.j	80008ab6	
      668299000	     33313	80008ab6	2019	c.jal	80008abc	  x1=0x80008ab8
      668339000	     33315	80008abc	201d	c.jal	80008ae2	  x1=0x80008abe
      668399000	     33318	80008ae2	40955293	srai	x5,x10,0x9	 x10:0x0000001e  x5=0x00000000
      668419000	     33319	80008ae6	030001ef	jal	x3,80008b16	  x3=0x80008aea
      668979000	     33347	80008b16	fedff0ef	jal	x1,80008b02	  x1=0x80008b1a
      669759000	     33386	80008b02	febff0ef	jal	x1,80008aec	  x1=0x80008b06
      669799000	     33388	80008aec	0280016f	jal	x2,80008b14	  x2=0x80008af0
      669879000	     33392	80008b14	3fd5	c.jal	80008b08	  x1=0x80008b16
      670739000	     33435	80008b08	0220036f	jal	x6,80008b2a	  x6=0x80008b0c
      670779000	     33437	80008b2a	b7e1	c.j	80008af2	
      670819000	     33439	80008af2	2839	c.jal	80008b10	  x1=0x80008af4
      670879000	     33442	80008b10	3fdd	c.jal	80008b06	  x1=0x80008b12
      670939000	     33445	80008b06	2811	c.jal	80008b1a	  x1=0x80008b08
      670999000	     33448	80008b1a	fe3ff36f	jal	x6,80008afc	  x6=0x80008b1e
      671499000	     33473	80008afc	ffdff0ef	jal	x1,80008af8	  x1=0x80008b00
      671579000	     33477	80008af8	026000ef	jal	x1,80008b1e	  x1=0x80008afc
      671639000	     33480	80008b1e	b7f1	c.j	80008aea	
      671679000	     33482	80008aea	2819	c.jal	80008b00	  x1=0x80008aec
      671719000	     33484	80008b00	3fc5	c.jal	80008af0	  x1=0x80008b02
      671759000	     33486	80008af0	a805	c.j	80008b20	
      671799000	     33488	80008b20	fd5ffbef	jal	x23,80008af4	 x23=0x80008b24
      671839000	     33490	80008af4	01e000ef	jal	x1,80008b12	  x1=0x80008af8
      671879000	     33492	80008b12	bfed	c.j	80008b0c	
      671919000	     33494	80008b0c	a821	c.j	80008b24	
      671959000	     33496	80008b24	febff0ef	jal	x1,80008b0e	  x1=0x80008b28
      671999000	     33498	80008b0e	a829	c.j	80008b28	
      672039000	     33500	80008b28	a011	c.j	80008b2c	
      672079000	     33502	80008b2c	41045833	sra	x16,x8,x16	  x8:0x80000000 x16:0x00000000 x16=0x80000000
      672219000	     33509	80008b30	026001ef	jal	x3,80008b56	  x3=0x80008b34
      672919000	     33544	80008b56	a811	c.j	80008b6a	
      674359000	     33616	80008b6a	fe3ff0ef	jal	x1,80008b4c	  x1=0x80008b6e
      686599000	     34228	80008b4c	b7f5	c.j	80008b38	
      686639000	     34230	80008b38	01a000ef	jal	x1,80008b52	  x1=0x80008b3c
      686699000	     34233	80008b52	fe3ff0ef	jal	x1,80008b34	  x1=0x80008b56
      686739000	     34235	80008b34	01c000ef	jal	x1,80008b50	  x1=0x80008b38
      686779000	     34237	80008b50	bfed	c.j	80008b4a	
      686819000	     34239	80008b4a	2819	c.jal	80008b60	  x1=0x80008b4c
      686859000	     34241	80008b60	bff1	c.j	80008b3c	
      686899000	     34243	80008b3c	a029	c.j	80008b46	
      686959000	     34246	80008b46	012000ef	jal	x1,80008b58	  x1=0x80008b4a
      686999000	     34248	80008b58	0040036f	jal	x6,80008b5c	  x6=0x80008b5c
      687039000	     34250	80008b5c	00c0036f	jal	x6,80008b68	  x6=0x80008b60
      687079000	     34252	80008b68	3ffd	c.jal	80008b66	  x1=0x80008b6a
      687119000	     34254	80008b66	3ff5	c.jal	80008b62	  x1=0x80008b68
      687179000	     34257	80008b62	fe1ff0ef	jal	x1,80008b42	  x1=0x80008b66
      687239000	     34260	80008b42	a009	c.j	80008b44	
      687279000	     34262	80008b44	a029	c.j	80008b4e	
      687319000	     34264	80008b4e	bfc5	c.j	80008b3e	
      687379000	     34267	80008b3e	030003ef	jal	x7,80008b6e	  x7=0x80008b42
      687439000	     34270	80008b6e	00d38233	add	x4,x7,x13	  x7:0x80008b42 x13:0x80008ab6  x4=0x000115f8
      687459000	     34271	80008b72	034001ef	jal	x3,80008ba6	  x3=0x80008b76
      688099000	     34303	80008ba6	2021	c.jal	80008bae	  x1=0x80008ba8
      688759000	     34336	80008bae	3fe1	c.jal	80008b86	  x1=0x80008bb0
      688799000	     34338	80008b86	202d	c.jal	80008bb0	  x1=0x80008b88
      689259000	     34361	80008bb0	b7d9	c.j	80008b76	
      689319000	     34364	80008b76	2009	c.jal	80008b78	  x1=0x80008b78
      689379000	     34367	80008b78	a019	c.j	80008b7e	
      689499000	     34373	80008b7e	0100036f	jal	x6,80008b8e	  x6=0x80008b82
      690459000	     34421	80008b8e	3fd5	c.jal	80008b82	  x1=0x80008b90
      690519000	     34424	80008b82	0140036f	jal	x6,80008b96	  x6=0x80008b86
      690719000	     34434	80008b96	a039	c.j	80008ba4	
      690759000	     34436	80008ba4	a811	c.j	80008bb8	
      690799000	     34438	80008bb8	b7e5	c.j	80008ba0	
      690839000	     34440	80008ba0	fedff36f	jal	x6,80008b8c	  x6=0x80008ba4
      690899000	     34443	80008b8c	2031	c.jal	80008b98	  x1=0x80008b8e
      690959000	     34446	80008b98	010000ef	jal	x1,80008ba8	  x1=0x80008b9c
      691019000	     34449	80008ba8	bfd5	c.j	80008b9c	
      691059000	     34451	80008b9c	bfd5	c.j	80008b90	
      691099000	     34453	80008b90	b7f5	c.j	80008b7c	
      691139000	     34455	80008b7c	281d	c.jal	80008bb2	  x1=0x80008b7e
      691199000	     34458	80008bb2	fd7ff36f	jal	x6,80008b88	  x6=0x80008bb6
      691259000	     34461	80008b88	016000ef	jal	x1,80008b9e	  x1=0x80008b8c
      691299000	     34463	80008b9e	a821	c.j	80008bb6	
      691339000	     34465	80008bb6	3ff1	c.jal	80008b92	  x1=0x80008bb8
      691399000	     34468	80008b92	fe9ff36f	jal	x6,80008b7a	  x6=0x80008b96
      691459000	     34471	80008b7a	a805	c.j	80008baa	
      691539000	     34475	80008baa	010000ef	jal	x1,80008bba	  x1=0x80008bae
      691619000	     34479	80008bba	01c4c3b3	xor	x7,x9,x28	  x9:0x80008a9a x28:0x8001fe30  x7=0x000174aa
      691639000	     34480	80008bbe	010001ef	jal	x3,80008bce	  x3=0x80008bc2
      691999000	     34498	80008bce	a019	c.j	80008bd4	
      692319000	     34514	80008bd4	02e0036f	jal	x6,80008c02	  x6=0x80008bd8
      693319000	     34564	80008c02	37dd	c.jal	80008be8	  x1=0x80008c04
      693799000	     34588	80008be8	bfc5	c.j	80008bd8	
      693839000	     34590	80008bd8	200d	c.jal	80008bfa	  x1=0x80008bda
      693979000	     34597	80008bfa	3fc5	c.jal	80008bea	  x1=0x80008bfc
      694039000	     34600	80008bea	bff1	c.j	80008bc6	
      694099000	     34603	80008bc6	02a005ef	jal	x11,80008bf0	 x11=0x80008bca
      694159000	     34606	80008bf0	006000ef	jal	x1,80008bf6	  x1=0x80008bf4
      694219000	     34609	80008bf6	00600c6f	jal	x24,80008bfc	 x24=0x80008bfa
      694259000	     34611	80008bfc	fdfff1ef	jal	x3,80008bda	  x3=0x80008c00
      694299000	     34613	80008bda	2019	c.jal	80008be0	  x1=0x80008bdc
      694339000	     34615	80008be0	fedff7ef	jal	x15,80008bcc	 x15=0x80008be4
      694379000	     34617	80008bcc	2025	c.jal	80008bf4	  x1=0x80008bce
      694419000	     34619	80008bf4	2031	c.jal	80008c00	  x1=0x80008bf6
      694459000	     34621	80008c00	b7f5	c.j	80008bec	
      694499000	     34623	80008bec	fd7ff16f	jal	x2,80008bc2	  x2=0x80008bf0
      694559000	     34626	80008bc2	022000ef	jal	x1,80008be4	  x1=0x80008bc6
      694619000	     34629	80008be4	fe7ff56f	jal	x10,80008bca	 x10=0x80008be8
      694659000	     34631	80008bca	a019	c.j	80008bd0	
      694699000	     34633	80008bd0	00c000ef	jal	x1,80008bdc	  x1=0x80008bd4
      694739000	     34635	80008bdc	028000ef	jal	x1,80008c04	  x1=0x80008be0
      694779000	     34637	80008c04	6ce9	c.lui	x25,0x1a	 x25=0x0001a000
      694799000	     34638	80008c06	3400f2f3	csrrci	x5,mscratch,1	  x5=0x0000000f
      694839000	     34640	80008c0a	037ea5b3	mulhsu	x11,x29,x23	 x29:0x00000000 x23:0x80008b24 x11=0x00000000
      694859000	     34641	80008c0e	071b3397	auipc	x7,0x71b3	  x7=0x871bbc0e
      694879000	     34642	80008c12	00af6263	bltu	x30,x10,80008c16	 x30:0x00000000 x10:0x80008be8
      696619000	     34729	80008c16	029efab3	remu	x21,x29,x9	 x29:0x00000000  x9:0x80008a9a x21=0x00000000
      696639000	     34730	80008c1a	8fef41b7	lui	x3,0x8fef4	  x3=0x8fef4000
      696719000	     34734	80008c1e	02077f33	remu	x30,x14,x0	 x14:0x00000000  x0:0x00000000 x30=0x00000000
      697079000	     34752	80008c22	41aad693	srai	x13,x21,0x1a	 x21:0x00000000 x13=0x00000000
      697119000	     34754	80008c26	0333fb33	remu	x22,x7,x19	  x7:0x871bbc0e x19:0x00000000 x22=0x871bbc0e
      697139000	     34755	80008c2a	0ff0000f	fence	iorw,iorw	
      697159000	     34756	80008c2e	66f9	c.lui	x13,0x1e	 x13=0x0001e000
      697219000	     34759	80008c30	8f75	c.and	x14,x13	 x14:0x00000000 x13:0x0001e000 x14=0x00000000
      697239000	     34760	80008c32	00f403b3	add	x7,x8,x15	  x8:0x80000000 x15:0x80008be4  x7=0x00008be4
      697419000	     34769	80008c36	405cd693	srai	x13,x25,0x5	 x25:0x0001a000 x13=0x00000d00
      697439000	     34770	80008c3a	8db5	c.xor	x11,x13	 x11:0x00000000 x13:0x00000d00 x11=0x00000d00
      698279000	     34812	80008c3c	0245f0b3	remu	x1,x11,x4	 x11:0x00000d00  x4:0x000115f8  x1=0x00000d00
      698319000	     34814	80008c40	035526b3	mulhsu	x13,x10,x21	 x10:0x80008be8 x21:0x00000000 x13=0x00000000
      698339000	     34815	80008c44	0001	c.addi	x0,0	  x0:0x00000000  x0=0x00000000
      698359000	     34816	80008c46	0ff0000f	fence	iorw,iorw	
      698379000	     34817	80008c4a	3e2fa113	slti	x2,x31,994	 x31:0x00000000  x2=0x00000001
      698399000	     34818	80008c4e	031dcc63	blt	x27,x17,80008c86	 x27:0x0000001e x17:0xfffff9ad
      698419000	     34819	80008c52	34005f73	csrrwi	x30,mscratch,0	 x30=0x0000000e
      698459000	     34821	80008c56	01ae32b3	sltu	x5,x28,x26	 x28:0x8001fe30 x26:0x00000000  x5=0x00000000
      698479000	     34822	80008c5a	6151	c.addi16sp	x2,272	  x2:0x00000001  x2=0x00000111
      698499000	     34823	80008c5c	00d8ca63	blt	x17,x13,80008c70	 x17:0xfffff9ad x13:0x00000000
      699659000	     34881	80008c70	0b75	c.addi	x22,29	 x22:0x871bbc0e x22=0x871bbc2b
      699679000	     34882	80008c72	6d51	c.lui	x26,0x14	 x26=0x00014000
      699899000	     34893	80008c74	01ea7eb3	and	x29,x20,x30	 x20:0x80008ab0 x30:0x0000000e x29=0x00000000
      699919000	     34894	80008c78	815d	c.srli	x10,0x17	 x10:0x80008be8 x10=0x00000100
      701039000	     34950	80008c7a	029844b3	div	x9,x16,x9	 x16:0x80000000  x9:0x80008a9a  x9=0x00000001
      701779000	     34987	80008c7e	038a68b3	rem	x17,x20,x24	 x20:0x80008ab0 x24:0x80008bfa x17=0xfffffeb6
      701799000	     34988	80008c82	340cd373	csrrwi	x6,mscratch,25	  x6=0x00000000
      701819000	     34989	80008c86	82b1	c.srli	x13,0xc	 x13:0x00000000 x13=0x00000000
      701839000	     34990	80008c88	02aa8e63	beq	x21,x10,80008cc4	 x21:0x00000000 x10:0x00000100
      701859000	     34991	80008c8c	340fd8f3	csrrwi	x17,mscratch,31	 x17=0x00000019
      701879000	     34992	80008c90	0001	c.addi	x0,0	  x0:0x00000000  x0=0x00000000
      701899000	     34993	80008c92	09b6	c.slli	x19,0xd	 x19:0x00000000 x19=0x00000000
      701919000	     34994	80008c94	7a799b97	auipc	x23,0x7a799	 x23=0xfa7a1c94
      701939000	     34995	80008c98	340815f3	csrrw	x11,mscratch,x16	 x16:0x80000000 x11=0x0000001f
      702299000	     35013	80008c9c	8862	c.mv	x16,x24	  x0:0x00000000 x24:0x80008bfa x16=0x80008bfa
      702399000	     35018	80008c9e	000b29b3	slt	x19,x22,x0	 x22:0x871bbc2b  x0:0x00000000 x19=0x00000001
      702419000	     35019	80008ca2	717d	c.addi16sp	x2,-16	  x2:0x00000111  x2=0x00000101
      702439000	     35020	80008ca4	ed8d	c.bnez	x11,80008cde	 x11:0x0000001f
      703479000	     35072	80008cde	0323c533	div	x10,x7,x18	  x7:0x00008be4 x18:0x00000000 x10=0xffffffff
      703519000	     35074	80008ce2	035c3bb3	mulhu	x23,x24,x21	 x24:0x80008bfa x21:0x00000000 x23=0x00000000
      703539000	     35075	80008ce6	34003773	csrrc	x14,mscratch,x0	  x0:0x00000000 x14=0x80000000
      703559000	     35076	80008cea	403cd733	sra	x14,x25,x3	 x25:0x0001a000  x3:0x8fef4000 x14=0x0001a000
      703579000	     35077	80008cee	67dd	c.lui	x15,0x17	 x15=0x00017000
      703979000	     35097	80008cf0	bf24ac13	slti	x24,x9,-1038	  x9:0x00000001 x24=0x00000000
      704279000	     35112	80008cf4	69ad	c.lui	x19,0xb	 x19=0x0000b000
      704339000	     35115	80008cf6	007ba333	slt	x6,x23,x7	 x23:0x00000000  x7:0x00008be4  x6=0x00000001
      704359000	     35116	80008cfa	fffff397	auipc	x7,0xfffff	  x7=0x80007cfa
      704499000	     35123	80008cfe	3c238393	addi	x7,x7,962	  x7:0x80007cfa  x7=0x800080bc
      704519000	     35124	80008d02	0094	c.addi4spn	x13,x2,64	 x13=0x00000141
      704919000	     35144	80008d04	3fb38393	addi	x7,x7,1019	  x7:0x800080bc  x7=0x800084b7
      705239000	     35160	80008d08	01454b63	blt	x10,x20,80008d1e	 x10:0xffffffff x20:0x80008ab0
      705259000	     35161	80008d0c	0127bab3	sltu	x21,x15,x18	 x15:0x00017000 x18:0x00000000 x21=0x00000000
      705439000	     35170	80008d10	41835c13	srai	x24,x6,0x18	  x6:0x00000001 x24=0x00000000
      705559000	     35176	80008d14	416c5a93	srai	x21,x24,0x16	 x24:0x00000000 x21=0x00000000
      705979000	     35197	80008d18	8fe5	c.and	x15,x9	 x15:0x00017000  x9:0x00000001 x15=0x00000000
      706239000	     35210	80008d1a	007de2b3	or	x5,x27,x7	 x27:0x0000001e  x7:0x800084b7  x5=0x800084bf
      706259000	     35211	80008d1e	c05381e7	jalr	x3,-1019(x7)	  x7:0x800084b7  x3=0x80008d22
      706559000	     35226	800080bc	3405dd73	csrrwi	x26,mscratch,11	 x26=0x80000000
      706759000	     35236	800080c0	10fd	c.addi	x1,-1	  x1:0x00000d00  x1=0x00000cff
      707179000	     35257	800080c2	fc0e0e13	addi	x28,x28,-64	 x28:0x8001fe30 x28=0x8001fdf0
      707199000	     35258	800080c6	8fdd	c.or	x15,x15	 x15:0x00000000 x15:0x00000000 x15=0x00000000
      707379000	     35267	800080c8	81b1	c.srli	x11,0xc	 x11:0x0000001f x11=0x00000000
      707399000	     35268	800080ca	64136397	auipc	x7,0x64136	  x7=0xe413e0ca
      707419000	     35269	800080ce	017ffb33	and	x22,x31,x23	 x31:0x00000000 x23:0x00000000 x22=0x00000000
      707439000	     35270	800080d2	0c5e	c.slli	x24,0x17	 x24:0x00000000 x24=0x00000000
      707499000	     35273	800080d4	003e2223	sw	x3,4(x28)	 x28:0x8001fdf0  x3:0x80008d22 PA:0x8001fdf4 store:0x80008d22 load:0xffffffff
      707619000	     35279	800080d8	2d6d0b13	addi	x22,x26,726	 x26:0x80000000 x22=0x800002d6
      708039000	     35300	800080dc	0001	c.addi	x0,0	  x0:0x00000000  x0=0x00000000
      708079000	     35302	800080de	02f93333	mulhu	x6,x18,x15	 x18:0x00000000 x15:0x00000000  x6=0x00000000
      708099000	     35303	800080e2	00c2e863	bltu	x5,x12,800080f2	  x5:0x800084bf x12:0x80023ce4
      709019000	     35349	800080f2	eeffd1ef	jal	x3,80005fe0	  x3=0x800080f6
      709399000	     35368	80005fe0	01436463	bltu	x6,x20,80005fe8	  x6:0x00000000 x20:0x80008ab0
      709599000	     35378	80005fe8	fc4e0e13	addi	x28,x28,-60	 x28:0x8001fdf0 x28=0x8001fdb4
      709619000	     35379	80005fec	df1ffcb7	lui	x25,0xdf1ff	 x25=0xdf1ff000
      709699000	     35383	80005ff0	404b53b3	sra	x7,x22,x4	 x22:0x800002d6  x4:0x000115f8  x7=0xffffff80
      709859000	     35391	80005ff4	41abd393	srai	x7,x23,0x1a	 x23:0x00000000  x7=0x00000000
      709879000	     35392	80005ff8	9706	c.add	x14,x1	 x14:0x0001a000  x1:0x00000cff x14=0x0001acff
      709899000	     35393	80005ffa	8dbd	c.xor	x11,x15	 x11:0x00000000 x15:0x00000000 x11=0x00000000
      709959000	     35396	80005ffc	003e2223	sw	x3,4(x28)	 x28:0x8001fdb4  x3:0x800080f6 PA:0x8001fdb8 store:0x800080f6 load:0xffffffff
      709979000	     35397	80006000	40fc5293	srai	x5,x24,0xf	 x24:0x00000000  x5=0x00000000
      709999000	     35398	80006004	8515	c.srai	x10,0x5	 x10:0xffffffff x10=0xffffffff
      710019000	     35399	80006006	01e4ceb3	xor	x29,x9,x30	  x9:0x00000001 x30:0x0000000e x29=0x0000000f
      710039000	     35400	8000600a	8d6d	c.and	x10,x11	 x10:0xffffffff x11:0x00000000 x10=0x00000000
      710059000	     35401	8000600c	012001ef	jal	x3,8000601e	  x3=0x80006010
      710739000	     35435	8000601e	a011	c.j	80006022	
      710979000	     35447	80006022	2009	c.jal	80006024	  x1=0x80006024
      711039000	     35450	80006024	b7f5	c.j	80006010	
      711099000	     35453	80006010	008003ef	jal	x7,80006018	  x7=0x80006014
      711159000	     35456	80006018	bff5	c.j	80006014	
      711219000	     35459	80006014	00600fef	jal	x31,8000601a	 x31=0x80006018
      711299000	     35463	8000601a	010000ef	jal	x1,8000602a	  x1=0x8000601e
      711359000	     35466	8000602a	2011	c.jal	8000602e	  x1=0x8000602c
      711399000	     35468	8000602e	bfe5	c.j	80006026	
      711519000	     35474	80006026	ffbffbef	jal	x23,80006020	 x23=0x8000602a
      711579000	     35477	80006020	2031	c.jal	8000602c	  x1=0x80006022
      711639000	     35480	8000602c	2011	c.jal	80006030	  x1=0x8000602e
      712319000	     35514	80006030	34002c73	csrrs	x24,mscratch,x0	  x0:0x00000000 x24=0x0000000b
      712719000	     35534	80006034	01c001ef	jal	x3,80006050	  x3=0x80006038
      713219000	     35559	80006050	fedff0ef	jal	x1,8000603c	  x1=0x80006054
      713259000	     35561	8000603c	2821	c.jal	80006054	  x1=0x8000603e
      713399000	     35568	80006054	febff36f	jal	x6,8000603e	  x6=0x80006058
      713479000	     35572	8000603e	008004ef	jal	x9,80006046	  x9=0x80006042
      713759000	     35586	80006046	ffdff26f	jal	x4,80006042	  x4=0x8000604a
      713799000	     35588	80006042	a009	c.j	80006044	
      713839000	     35590	80006044	2019	c.jal	8000604a	  x1=0x80006046
      714319000	     35614	8000604a	2009	c.jal	8000604c	  x1=0x8000604c
      714359000	     35616	8000604c	fedff0ef	jal	x1,80006038	  x1=0x80006050
      714399000	     35618	80006038	2009	c.jal	8000603a	  x1=0x8000603a
      714439000	     35620	8000603a	a839	c.j	80006058	
      714519000	     35624	80006058	340b18f3	csrrw	x17,mscratch,x22	 x22:0x800002d6 x17=0x0000000b
      714539000	     35625	8000605c	026001ef	jal	x3,80006082	  x3=0x80006060
      715159000	     35656	80006082	008000ef	jal	x1,8000608a	  x1=0x80006086
      716059000	     35701	8000608a	3ff9	c.jal	80006068	  x1=0x8000608c
      716919000	     35744	80006068	a811	c.j	8000607c	
      717159000	     35756	8000607c	3fd5	c.jal	80006070	  x1=0x8000607e
      717199000	     35758	80006070	008005ef	jal	x11,80006078	 x11=0x80006074
      717239000	     35760	80006078	a00d	c.j	8000609a	
      717279000	     35762	8000609a	b7d9	c.j	80006060	
      717319000	     35764	80006060	030002ef	jal	x5,80006090	  x5=0x80006064
      717379000	     35767	80006090	004000ef	jal	x1,80006094	  x1=0x80006094
      717439000	     35770	80006094	ff9ff0ef	jal	x1,8000608c	  x1=0x80006098
      717499000	     35773	8000608c	bfe1	c.j	80006064	
      717559000	     35776	80006064	00a0036f	jal	x6,8000606e	  x6=0x80006068
      717619000	     35779	8000606e	2005	c.jal	8000608e	  x1=0x80006070
      717659000	     35781	8000608e	3ff1	c.jal	8000606a	  x1=0x80006090
      717719000	     35784	8000606a	02e0036f	jal	x6,80006098	  x6=0x8000606e
      717779000	     35787	80006098	2011	c.jal	8000609c	  x1=0x8000609a
      717819000	     35789	8000609c	b7cd	c.j	8000607e	
      717879000	     35792	8000607e	ffdff0ef	jal	x1,8000607a	  x1=0x80006082
      717919000	     35794	8000607a	a031	c.j	80006086	
      717979000	     35797	80006086	fefff3ef	jal	x7,80006074	  x7=0x8000608a
      718019000	     35799	80006074	02a000ef	jal	x1,8000609e	  x1=0x80006078
      718099000	     35803	8000609e	00868cb3	add	x25,x13,x8	 x13:0x00000141  x8:0x80000000 x25=0x80000141
      718119000	     35804	800060a2	006001ef	jal	x3,800060a8	  x3=0x800060a6
      718879000	     35842	800060a8	a815	c.j	800060dc	
      719519000	     35874	800060dc	bfe9	c.j	800060b6	
      719639000	     35880	800060b6	fffff0ef	jal	x1,800060b4	  x1=0x800060ba
      719699000	     35883	800060b4	2811	c.jal	800060c8	  x1=0x800060b6
      720539000	     35925	800060c8	a031	c.j	800060d4	
      720679000	     35932	800060d4	bfc5	c.j	800060c4	
      720719000	     35934	800060c4	a811	c.j	800060d8	
      720759000	     35936	800060d8	fd7ffa6f	jal	x20,800060ae	 x20=0x800060dc
      720819000	     35939	800060ae	028000ef	jal	x1,800060d6	  x1=0x800060b2
      720859000	     35941	800060d6	bfed	c.j	800060d0	
      720899000	     35943	800060d0	ff7ff0ef	jal	x1,800060c6	  x1=0x800060d4
      720939000	     35945	800060c6	b7d5	c.j	800060aa	
      720979000	     35947	800060aa	2801	c.jal	800060ba	  x1=0x800060ac
      721359000	     35966	800060ba	ff9ff16f	jal	x2,800060b2	  x2=0x800060be
      721419000	     35969	800060b2	3fd5	c.jal	800060a6	  x1=0x800060b4
      721479000	     35972	800060a6	a825	c.j	800060de	
      721519000	     35974	800060de	b7d5	c.j	800060c2	
      721559000	     35976	800060c2	2021	c.jal	800060ca	  x1=0x800060c4
      721619000	     35979	800060ca	fe3ff0ef	jal	x1,800060ac	  x1=0x800060ce
      721679000	     35982	800060ac	a809	c.j	800060be	
      721799000	     35988	800060be	010008ef	jal	x17,800060ce	 x17=0x800060c2
      721859000	     35991	800060ce	2809	c.jal	800060e0	  x1=0x800060d0
      721919000	     35994	800060e0	34069f73	csrrw	x30,mscratch,x13	 x13:0x00000141 x30=0x800002d6
      721939000	     35995	800060e4	00e001ef	jal	x3,800060f2	  x3=0x800060e8
      722919000	     36044	800060f2	a839	c.j	80006110	
      723479000	     36072	80006110	b7ed	c.j	800060fa	
      723559000	     36076	800060fa	008000ef	jal	x1,80006102	  x1=0x800060fe
      723599000	     36078	80006102	a019	c.j	80006108	
      724219000	     36109	80006108	2031	c.jal	80006114	  x1=0x8000610a
      724259000	     36111	80006114	0040036f	jal	x6,80006118	  x6=0x80006118
      724299000	     36113	80006118	3fdd	c.jal	8000610e	  x1=0x8000611a
      724339000	     36115	8000610e	37e5	c.jal	800060f6	  x1=0x80006110
      724419000	     36119	800060f6	bfdd	c.j	800060ec	
      724479000	     36122	800060ec	a009	c.j	800060ee	
      724599000	     36128	800060ee	016000ef	jal	x1,80006104	  x1=0x800060f2
      724659000	     36131	80006104	ffbff36f	jal	x6,800060fe	  x6=0x80006108
      724739000	     36135	800060fe	ffbff0ef	jal	x1,800060f8	  x1=0x80006102
      724779000	     36137	800060f8	a809	c.j	8000610a	
      724859000	     36141	8000610a	2021	c.jal	80006112	  x1=0x8000610c
      724919000	     36144	80006112	b7cd	c.j	800060f4	
      724979000	     36147	800060f4	bfdd	c.j	800060ea	
      725039000	     36150	800060ea	200d	c.jal	8000610c	  x1=0x800060ec
      725099000	     36153	8000610c	3ff1	c.jal	800060e8	  x1=0x8000610e
      725159000	     36156	800060e8	280d	c.jal	8000611a	  x1=0x800060ea
      725239000	     36160	8000611a	01efda93	srli	x21,x31,0x1e	 x31:0x80006018 x21=0x00000002
      725259000	     36161	8000611e	012001ef	jal	x3,80006130	  x3=0x80006122
      725679000	     36182	80006130	2011	c.jal	80006134	  x1=0x80006132
      747279000	     37262	80006134	3fd5	c.jal	80006128	  x1=0x80006136
      747359000	     37266	80006128	012000ef	jal	x1,8000613a	  x1=0x8000612c
      747419000	     37269	8000613a	ff9ff0ef	jal	x1,80006132	  x1=0x8000613e
      747479000	     37272	80006132	bfcd	c.j	80006124	
      747519000	     37274	80006124	2029	c.jal	8000612e	  x1=0x80006126
      747559000	     37276	8000612e	2029	c.jal	80006138	  x1=0x80006130
      747599000	     37278	80006138	bfd5	c.j	8000612c	
      747639000	     37280	8000612c	bfdd	c.j	80006122	
      747679000	     37282	80006122	2011	c.jal	80006126	  x1=0x80006124
      747719000	     37284	80006126	a801	c.j	80006136	
      747759000	     37286	80006136	a021	c.j	8000613e	
      748859000	     37341	8000613e	027e6333	rem	x6,x28,x7	 x28:0x8001fdb4  x7:0x8000608a  x6=0x8001fdb4
      748879000	     37342	80006142	01a001ef	jal	x3,8000615c	  x3=0x80006146
      749499000	     37373	8000615c	3fe5	c.jal	80006154	  x1=0x8000615e
      749539000	     37375	80006154	bfd5	c.j	80006148	
      749599000	     37378	80006148	010000ef	jal	x1,80006158	  x1=0x8000614c
      749659000	     37381	80006158	2021	c.jal	80006160	  x1=0x8000615a
      750499000	     37423	80006160	2029	c.jal	8000616a	  x1=0x80006162
      750599000	     37428	8000616a	fffff0ef	jal	x1,80006168	  x1=0x8000616e
      750659000	     37431	80006168	37ed	c.jal	80006152	  x1=0x8000616a
      750719000	     37434	80006152	2811	c.jal	80006166	  x1=0x80006154
      750779000	     37437	80006166	bffd	c.j	80006164	
      750839000	     37440	80006164	bfcd	c.j	80006156	
      750899000	     37443	80006156	a031	c.j	80006162	
      750959000	     37446	80006162	b7ed	c.j	8000614c	
      751019000	     37449	8000614c	ffbff0ef	jal	x1,80006146	  x1=0x80006150
      751059000	     37451	80006146	2811	c.jal	8000615a	  x1=0x80006148
      751099000	     37453	8000615a	3fdd	c.jal	80006150	  x1=0x8000615c
      751139000	     37455	80006150	a039	c.j	8000615e	
      751179000	     37457	8000615e	2801	c.jal	8000616e	  x1=0x80006160
      751239000	     37460	8000616e	013c9793	slli	x15,x25,0x13	 x25:0x80000141 x15=0x0a080000
      751259000	     37461	80006172	01e001ef	jal	x3,80006190	  x3=0x80006176
      751959000	     37496	80006190	fffff0ef	jal	x1,8000618e	  x1=0x80006194
      752879000	     37542	8000618e	bfcd	c.j	80006180	
      752959000	     37546	80006180	2829	c.jal	8000619a	  x1=0x80006182
      753019000	     37549	8000619a	3ff5	c.jal	80006196	  x1=0x8000619c
      753079000	     37552	80006196	3ffd	c.jal	80006194	  x1=0x80006198
      753139000	     37555	80006194	bfd5	c.j	80006188	
      753199000	     37558	80006188	01e000ef	jal	x1,800061a6	  x1=0x8000618c
      753259000	     37561	800061a6	2011	c.jal	800061aa	  x1=0x800061a8
      753999000	     37598	800061aa	3fe5	c.jal	800061a2	  x1=0x800061ac
      754079000	     37602	800061a2	fd9ff1ef	jal	x3,8000617a	  x3=0x800061a6
      754139000	     37605	8000617a	200d	c.jal	8000619c	  x1=0x8000617c
      754199000	     37608	8000619c	fe3ff36f	jal	x6,8000617e	  x6=0x800061a0
      754259000	     37611	8000617e	2011	c.jal	80006182	  x1=0x80006180
      754339000	     37615	80006182	0160026f	jal	x4,80006198	  x4=0x80006186
      754399000	     37618	80006198	bfd5	c.j	8000618c	
      754459000	     37621	8000618c	37f5	c.jal	80006178	  x1=0x8000618e
      754519000	     37624	80006178	2815	c.jal	800061ac	  x1=0x8000617a
      754579000	     37627	800061ac	b7e9	c.j	80006176	
      754639000	     37630	80006176	a801	c.j	80006186	
      754699000	     37633	80006186	a829	c.j	800061a0	
      754759000	     37636	800061a0	2021	c.jal	800061a8	  x1=0x800061a2
      754819000	     37639	800061a8	bfd1	c.j	8000617c	
      754879000	     37642	8000617c	280d	c.jal	800061ae	  x1=0x8000617e
      754939000	     37645	800061ae	0001	c.addi	x0,0	  x0:0x00000000  x0=0x00000000
      754959000	     37646	800061b0	004001ef	jal	x3,800061b4	  x3=0x800061b4
      754999000	     37648	800061b4	a011	c.j	800061b8	
      755239000	     37660	800061b8	004000ef	jal	x1,800061bc	  x1=0x800061bc
      755299000	     37663	800061bc	a011	c.j	800061c0	
      755719000	     37684	800061c0	00a002ef	jal	x5,800061ca	  x5=0x800061c4
      756999000	     37748	800061ca	fedff0ef	jal	x1,800061b6	  x1=0x800061ce
      757039000	     37750	800061b6	2821	c.jal	800061ce	  x1=0x800061b8
      757099000	     37753	800061ce	3fe5	c.jal	800061c6	  x1=0x800061d0
      757219000	     37759	800061c6	fffff86f	jal	x16,800061c4	 x16=0x800061ca
      757279000	     37762	800061c4	3fed	c.jal	800061be	  x1=0x800061c6
      757339000	     37765	800061be	a809	c.j	800061d0	
      757399000	     37768	800061d0	3406b973	csrrc	x18,mscratch,x13	 x13:0x00000141 x18=0x00000141
      757419000	     37769	800061d4	04c001ef	jal	x3,80006220	  x3=0x800061d8
      758219000	     37809	80006220	bfc9	c.j	800061f2	
      759219000	     37859	800061f2	bfe5	c.j	800061ea	
      760219000	     37909	800061ea	2815	c.jal	8000621e	  x1=0x800061ec
      760299000	     37913	8000621e	37ed	c.jal	80006208	  x1=0x80006220
      760419000	     37919	80006208	3fcd	c.jal	800061fa	  x1=0x8000620a
      760459000	     37921	800061fa	37d5	c.jal	800061de	  x1=0x800061fc
      760859000	     37941	800061de	03e000ef	jal	x1,8000621c	  x1=0x800061e2
      760919000	     37944	8000621c	bfd5	c.j	80006210	
      760959000	     37946	80006210	ffbff0ef	jal	x1,8000620a	  x1=0x80006214
      760999000	     37948	8000620a	3fe1	c.jal	800061e2	  x1=0x8000620c
      761039000	     37950	800061e2	2009	c.jal	800061e4	  x1=0x800061e4
      761079000	     37952	800061e4	bfdd	c.j	800061da	
      761119000	     37954	800061da	a815	c.j	8000620e	
      761159000	     37956	8000620e	3fcd	c.jal	80006200	  x1=0x80006210
      761199000	     37958	80006200	ff7ff0ef	jal	x1,800061f6	  x1=0x80006204
      761239000	     37960	800061f6	200d	c.jal	80006218	  x1=0x800061f8
      761279000	     37962	80006218	fe5ff0ef	jal	x1,800061fc	  x1=0x8000621c
      761319000	     37964	800061fc	fddff0ef	jal	x1,800061d8	  x1=0x80006200
      761379000	     37967	800061d8	a005	c.j	800061f8	
      761439000	     37970	800061f8	3ff5	c.jal	800061f4	  x1=0x800061fa
      761499000	     37973	800061f4	2005	c.jal	80006214	  x1=0x800061f6
      761539000	     37975	80006214	fd3ff36f	jal	x6,800061e6	  x6=0x80006218
      761599000	     37978	800061e6	ff7ff0ef	jal	x1,800061dc	  x1=0x800061ea
      761639000	     37980	800061dc	2811	c.jal	800061f0	  x1=0x800061de
      761679000	     37982	800061f0	2831	c.jal	8000620c	  x1=0x800061f2
      761719000	     37984	8000620c	3fe5	c.jal	80006204	  x1=0x8000620e
      761759000	     37986	80006204	fe9ff0ef	jal	x1,800061ec	  x1=0x80006208
      761799000	     37988	800061ec	036000ef	jal	x1,80006222	  x1=0x800061f0
      762059000	     38001	80006222	6559	c.lui	x10,0x16	 x10=0x00016000
      762079000	     38002	80006224	014001ef	jal	x3,80006238	  x3=0x80006228
      762999000	     38048	80006238	00c0036f	jal	x6,80006244	  x6=0x8000623c
      764279000	     38112	80006244	fe5ff36f	jal	x6,80006228	  x6=0x80006248
      764339000	     38115	80006228	01a000ef	jal	x1,80006242	  x1=0x8000622c
      764399000	     38118	80006242	3fc5	c.jal	80006232	  x1=0x80006244
      764459000	     38121	80006232	a009	c.j	80006234	
      764519000	     38124	80006234	024000ef	jal	x1,80006258	  x1=0x80006238
      765399000	     38168	80006258	0040036f	jal	x6,8000625c	  x6=0x8000625c
      766259000	     38211	8000625c	37f5	c.jal	80006248	  x1=0x8000625e
      766299000	     38213	80006248	006001ef	jal	x3,8000624e	  x3=0x8000624c
      766359000	     38216	8000624e	3ffd	c.jal	8000624c	  x1=0x80006250
      766419000	     38219	8000624c	bfcd	c.j	8000623e	
      766499000	     38223	8000623e	0120026f	jal	x4,80006250	  x4=0x80006242
      766539000	     38225	80006250	3ff1	c.jal	8000622c	  x1=0x80006252
      766619000	     38229	8000622c	028002ef	jal	x5,80006254	  x5=0x80006230
      766679000	     38232	80006254	fffff36f	jal	x6,80006252	  x6=0x80006258
      766719000	     38234	80006252	37ed	c.jal	8000623c	  x1=0x80006254
      766759000	     38236	8000623c	bfd5	c.j	80006230	
      766799000	     38238	80006230	a03d	c.j	8000625e	
      766939000	     38245	8000625e	34006ef3	csrrsi	x29,mscratch,0	 x29=0x00000000
      766959000	     38246	80006262	008001ef	jal	x3,8000626a	  x3=0x80006266
      767019000	     38249	8000626a	2801	c.jal	8000627a	  x1=0x8000626c
      767679000	     38282	8000627a	a821	c.j	80006292	
      768959000	     38346	80006292	fe3ff7ef	jal	x15,80006274	 x15=0x80006296
      768999000	     38348	80006274	bff5	c.j	80006270	
      769059000	     38351	80006270	010000ef	jal	x1,80006280	  x1=0x80006274
      769119000	     38354	80006280	2029	c.jal	8000628a	  x1=0x80006282
      769199000	     38358	8000628a	fddff0ef	jal	x1,80006266	  x1=0x8000628e
      769319000	     38364	80006266	01c000ef	jal	x1,80006282	  x1=0x8000626a
      769399000	     38368	80006282	ffdff36f	jal	x6,8000627e	  x6=0x80006286
      769459000	     38371	8000627e	a801	c.j	8000628e	
      769519000	     38374	8000628e	37fd	c.jal	8000627c	  x1=0x80006290
      769579000	     38377	8000627c	2031	c.jal	80006288	  x1=0x8000627e
      769639000	     38380	80006288	a021	c.j	80006290	
      769699000	     38383	80006290	3ff1	c.jal	8000626c	  x1=0x80006292
      769759000	     38386	8000626c	01a000ef	jal	x1,80006286	  x1=0x80006270
      769799000	     38388	80006286	3fc5	c.jal	80006276	  x1=0x80006288
      769859000	     38391	80006276	020000ef	jal	x1,80006296	  x1=0x8000627a
      769919000	     38394	80006296	010e2ab3	slt	x21,x28,x16	 x28:0x8001fdb4 x16:0x800061ca x21=0x00000000
      769939000	     38395	8000629a	040001ef	jal	x3,800062da	  x3=0x8000629e
      770599000	     38428	800062da	fd9ff0ef	jal	x1,800062b2	  x1=0x800062de
      770739000	     38435	800062b2	0200036f	jal	x6,800062d2	  x6=0x800062b6
      771559000	     38476	800062d2	00c000ef	jal	x1,800062de	  x1=0x800062d6
      771599000	     38478	800062de	b7d9	c.j	800062a4	
      771639000	     38480	800062a4	a831	c.j	800062c0	
      771679000	     38482	800062c0	bfed	c.j	800062ba	
      771739000	     38485	800062ba	ff1ff0ef	jal	x1,800062aa	  x1=0x800062be
      772359000	     38516	800062aa	a035	c.j	800062d6	
      772419000	     38519	800062d6	ff7ff36f	jal	x6,800062cc	  x6=0x800062da
      772479000	     38522	800062cc	b7c5	c.j	800062ac	
      772519000	     38524	800062ac	ffdff0ef	jal	x1,800062a8	  x1=0x800062b0
      772559000	     38526	800062a8	a01d	c.j	800062ce	
      772599000	     38528	800062ce	bfc9	c.j	800062a0	
      772639000	     38530	800062a0	0280016f	jal	x2,800062c8	  x2=0x800062a4
      772679000	     38532	800062c8	02200f6f	jal	x30,800062ea	 x30=0x800062cc
      772719000	     38534	800062ea	bf75	c.j	800062a6	
      772759000	     38536	800062a6	283d	c.jal	800062e4	  x1=0x800062a8
      772859000	     38541	800062e4	fcdff0ef	jal	x1,800062b0	  x1=0x800062e8
      772919000	     38544	800062b0	a039	c.j	800062be	
      772979000	     38547	800062be	a019	c.j	800062c4	
      773039000	     38550	800062c4	2831	c.jal	800062e0	  x1=0x800062c6
      773099000	     38553	800062e0	fd9ff36f	jal	x6,800062b8	  x6=0x800062e4
      773139000	     38555	800062b8	a039	c.j	800062c6	
      773219000	     38559	800062c6	bfc5	c.j	800062b6	
      773259000	     38561	800062b6	37e5	c.jal	8000629e	  x1=0x800062b8
      773299000	     38563	8000629e	280d	c.jal	800062d0	  x1=0x800062a0
      773339000	     38565	800062d0	2821	c.jal	800062e8	  x1=0x800062d2
      773419000	     38569	800062e8	bfe9	c.j	800062c2	
      773479000	     38572	800062c2	a02d	c.j	800062ec	
      773539000	     38575	800062ec	8ac1	c.andi	x13,16	 x13:0x00000141 x13=0x00000000
      774119000	     38604	800062ee	018001ef	jal	x3,80006306	  x3=0x800062f2
      774839000	     38640	80006306	bfdd	c.j	800062fc	
      774879000	     38642	800062fc	a011	c.j	80006300	
      775279000	     38662	80006300	3fdd	c.jal	800062f6	  x1=0x80006302
      775339000	     38665	800062f6	2825	c.jal	8000632e	  x1=0x800062f8
      776219000	     38709	8000632e	ff9ff36f	jal	x6,80006326	  x6=0x80006332
      777119000	     38754	80006326	37f5	c.jal	80006312	  x1=0x80006328
      777179000	     38757	80006312	fe9ff0ef	jal	x1,800062fa	  x1=0x80006316
      777259000	     38761	800062fa	a021	c.j	80006302	
      777339000	     38765	80006302	028000ef	jal	x1,8000632a	  x1=0x80006306
      777419000	     38769	8000632a	fd5ff36f	jal	x6,800062fe	  x6=0x8000632e
      777479000	     38772	800062fe	a815	c.j	80006332	
      777539000	     38775	80006332	37ed	c.jal	8000631c	  x1=0x80006334
      778699000	     38833	8000631c	01c004ef	jal	x9,80006338	  x9=0x80006320
      778759000	     38836	80006338	3fd1	c.jal	8000630c	  x1=0x8000633a
      778799000	     38838	8000630c	fe7ff1ef	jal	x3,800062f2	  x3=0x80006310
      778859000	     38841	800062f2	02e0036f	jal	x6,80006320	  x6=0x800062f6
      778919000	     38844	80006320	3fe1	c.jal	800062f8	  x1=0x80006322
      778979000	     38847	800062f8	2839	c.jal	80006316	  x1=0x800062fa
      788319000	     39314	80006316	0200036f	jal	x6,80006336	  x6=0x8000631a
      788359000	     39316	80006336	3ffd	c.jal	80006334	  x1=0x80006338
      788399000	     39318	80006334	3fd1	c.jal	80006308	  x1=0x80006336
      788439000	     39320	80006308	0080056f	jal	x10,80006310	 x10=0x8000630c
      788479000	     39322	80006310	a821	c.j	80006328	
      788519000	     39324	80006328	3fed	c.jal	80006322	  x1=0x8000632a
      788579000	     39327	80006322	ff9ff1ef	jal	x3,8000631a	  x3=0x80006326
      788619000	     39329	8000631a	a005	c.j	8000633a	
      788679000	     39332	8000633a	01f65193	srli	x3,x12,0x1f	 x12:0x80023ce4  x3=0x00000001
      788699000	     39333	8000633e	024001ef	jal	x3,80006362	  x3=0x80006342
      789559000	     39376	80006362	ff3ff0ef	jal	x1,80006354	  x1=0x80006366
      789959000	     39396	80006354	2029	c.jal	8000635e	  x1=0x80006356
      790099000	     39403	8000635e	bffd	c.j	8000635c	
      790159000	     39406	8000635c	b7ed	c.j	80006346	
      790199000	     39408	80006346	a829	c.j	80006360	
      790239000	     39410	80006360	bfc5	c.j	80006350	
      790279000	     39412	80006350	ffbff0ef	jal	x1,8000634a	  x1=0x80006354
      790319000	     39414	8000634a	2831	c.jal	80006366	  x1=0x8000634c
      790399000	     39418	80006366	fe7ff36f	jal	x6,8000634c	  x6=0x8000636a
      790459000	     39421	8000634c	3fdd	c.jal	80006342	  x1=0x8000634e
      790539000	     39425	80006342	00c000ef	jal	x1,8000634e	  x1=0x80006346
      790599000	     39428	8000634e	3fed	c.jal	80006348	  x1=0x80006350
      790659000	     39431	80006348	2809	c.jal	8000635a	  x1=0x8000634a
      790719000	     39434	8000635a	3ff5	c.jal	80006356	  x1=0x8000635c
      790779000	     39437	80006356	014000ef	jal	x1,8000636a	  x1=0x8000635a
      790839000	     39440	8000636a	8c89	c.sub	x9,x10	  x9:0x80006320 x10:0x8000630c  x9=0x00000014
      790859000	     39441	8000636c	016001ef	jal	x3,80006382	  x3=0x80006370
      791059000	     39451	80006382	a019	c.j	80006388	
      791599000	     39478	80006388	fe9ff36f	jal	x6,80006370	  x6=0x8000638c
      791639000	     39480	80006370	2801	c.jal	80006380	  x1=0x80006372
      791699000	     39483	80006380	3fed	c.jal	8000637a	  x1=0x80006382
      792679000	     39532	8000637a	a009	c.j	8000637c	
      792839000	     39540	8000637c	008000ef	jal	x1,80006384	  x1=0x80006380
      792899000	     39543	80006384	37fd	c.jal	80006372	  x1=0x80006386
      792959000	     39546	80006372	020000ef	jal	x1,80006392	  x1=0x80006376
      793019000	     39549	80006392	3fd5	c.jal	80006386	  x1=0x80006394
      793059000	     39551	80006386	2029	c.jal	80006390	  x1=0x80006388
      793099000	     39553	80006390	a011	c.j	80006394	
      793139000	     39555	80006394	ff9ff0ef	jal	x1,8000638c	  x1=0x80006398
      793179000	     39557	8000638c	fedff0ef	jal	x1,80006378	  x1=0x80006390
      793219000	     39559	80006378	a015	c.j	8000639c	
      793279000	     39562	8000639c	3ff5	c.jal	80006398	  x1=0x8000639e
      793319000	     39564	80006398	fdffff6f	jal	x30,80006376	 x30=0x8000639c
      793379000	     39567	80006376	2025	c.jal	8000639e	  x1=0x80006378
      793439000	     39570	8000639e	9342	c.add	x6,x16	  x6:0x8000638c x16:0x800061ca  x6=0x0000c556
      794539000	     39625	800063a0	040001ef	jal	x3,800063e0	  x3=0x800063a4
      795399000	     39668	800063e0	00a00eef	jal	x29,800063ea	 x29=0x800063e4
      795859000	     39691	800063ea	37f1	c.jal	800063b6	  x1=0x800063ec
      795919000	     39694	800063b6	a029	c.j	800063c0	
      796599000	     39728	800063c0	3fd5	c.jal	800063b4	  x1=0x800063c2
      796659000	     39731	800063b4	2019	c.jal	800063ba	  x1=0x800063b6
      797439000	     39770	800063ba	a839	c.j	800063d8	
      797899000	     39793	800063d8	37d5	c.jal	800063bc	  x1=0x800063da
      797939000	     39795	800063bc	00a001ef	jal	x3,800063c6	  x3=0x800063c0
      797979000	     39797	800063c6	b7dd	c.j	800063ac	
      798019000	     39799	800063ac	ffbffdef	jal	x27,800063a6	 x27=0x800063b0
      798059000	     39801	800063a6	2035	c.jal	800063d2	  x1=0x800063a8
      798119000	     39804	800063d2	ff9ff0ef	jal	x1,800063ca	  x1=0x800063d6
      798199000	     39808	800063ca	004000ef	jal	x1,800063ce	  x1=0x800063ce
      798259000	     39811	800063ce	ffbff0ef	jal	x1,800063c8	  x1=0x800063d2
      798299000	     39813	800063c8	a819	c.j	800063de	
      798339000	     39815	800063de	a019	c.j	800063e4	
      798379000	     39817	800063e4	ff3ff0ef	jal	x1,800063d6	  x1=0x800063e8
      798419000	     39819	800063d6	2019	c.jal	800063dc	  x1=0x800063d8
      798459000	     39821	800063dc	3ffd	c.jal	800063da	  x1=0x800063de
      798499000	     39823	800063da	bfd9	c.j	800063b0	
      798539000	     39825	800063b0	01200a6f	jal	x20,800063c2	 x20=0x800063b4
      798599000	     39828	800063c2	fe3ff0ef	jal	x1,800063a4	  x1=0x800063c6
      798659000	     39831	800063a4	a811	c.j	800063b8	
      798699000	     39833	800063b8	a805	c.j	800063e8	
      798739000	     39835	800063e8	37c1	c.jal	800063a8	  x1=0x800063ea
      798779000	     39837	800063a8	0440016f	jal	x2,800063ec	  x2=0x800063ac
      798819000	     39839	800063ec	0998	c.addi4spn	x14,x2,208	 x14=0x8000647c
      798859000	     39841	800063ee	028001ef	jal	x3,80006416	  x3=0x800063f2
      799459000	     39871	80006416	a829	c.j	80006430	
      800099000	     39903	80006430	b7e1	c.j	800063f8	
      800139000	     39905	800063f8	a81d	c.j	8000642e	
      800739000	     39935	8000642e	b7cd	c.j	80006410	
      800779000	     39937	80006410	3fdd	c.jal	80006406	  x1=0x80006412
      801459000	     39971	80006406	004000ef	jal	x1,8000640a	  x1=0x8000640a
      801639000	     39980	8000640a	ff1ff0ef	jal	x1,800063fa	  x1=0x8000640e
      801679000	     39982	800063fa	a839	c.j	80006418	
      801719000	     39984	80006418	bfe9	c.j	800063f2	
      801759000	     39986	800063f2	2005	c.jal	80006412	  x1=0x800063f4
      801819000	     39989	80006412	fe3ff0ef	jal	x1,800063f4	  x1=0x80006416
      801859000	     39991	800063f4	010000ef	jal	x1,80006404	  x1=0x800063f8
      801899000	     39993	80006404	3fe5	c.jal	800063fc	  x1=0x80006406
      801939000	     39995	800063fc	004000ef	jal	x1,80006400	  x1=0x80006400
      801979000	     39997	80006400	032000ef	jal	x1,80006432	  x1=0x80006404
      802039000	     40000	80006432	ff1ff0ef	jal	x1,80006422	  x1=0x80006436
      802119000	     40004	80006422	a009	c.j	80006424	
      802179000	     40007	80006424	febff36f	jal	x6,8000640e	  x6=0x80006428
      802239000	     40010	8000640e	2809	c.jal	80006420	  x1=0x80006410
      802299000	     40013	80006420	bffd	c.j	8000641e	
      802359000	     40016	8000641e	a039	c.j	8000642c	
      802399000	     40018	8000642c	3ff5	c.jal	80006428	  x1=0x8000642e
      802439000	     40020	80006428	ff3ff0ef	jal	x1,8000641a	  x1=0x8000642c
      802499000	     40023	8000641a	01c00f6f	jal	x30,80006436	 x30=0x8000641e
      802579000	     40027	80006436	b0bd3113	sltiu	x2,x26,-1269	 x26:0x80000000  x2=0x00000001
      802599000	     40028	8000643a	032001ef	jal	x3,8000646c	  x3=0x8000643e
      802839000	     40040	8000646c	b7e5	c.j	80006454	
      803539000	     40075	80006454	ff9ff36f	jal	x6,8000644c	  x6=0x80006458
      804419000	     40119	8000644c	3fdd	c.jal	80006442	  x1=0x8000644e
      804499000	     40123	80006442	0180026f	jal	x4,8000645a	  x4=0x80006446
      804579000	     40127	8000645a	00e000ef	jal	x1,80006468	  x1=0x8000645e
      804639000	     40130	80006468	37dd	c.jal	8000644e	  x1=0x8000646a
      804679000	     40132	8000644e	a809	c.j	80006460	
      804719000	     40134	80006460	bff9	c.j	8000643e	
      804759000	     40136	8000643e	2809	c.jal	80006450	  x1=0x80006440
      804799000	     40138	80006450	01e000ef	jal	x1,8000646e	  x1=0x80006454
      805319000	     40164	8000646e	bfe9	c.j	80006448	
      805359000	     40166	80006448	a801	c.j	80006458	
      805399000	     40168	80006458	3fcd	c.jal	8000644a	  x1=0x8000645a
      805439000	     40170	8000644a	2025	c.jal	80006472	  x1=0x8000644c
      805479000	     40172	80006472	37f9	c.jal	80006440	  x1=0x80006474
      805519000	     40174	80006440	a839	c.j	8000645e	
      805559000	     40176	8000645e	a809	c.j	80006470	
      805599000	     40178	80006470	3fd5	c.jal	80006464	  x1=0x80006472
      805639000	     40180	80006464	010000ef	jal	x1,80006474	  x1=0x80006468
      805879000	     40192	80006474	3fdd	c.jal	8000646a	  x1=0x80006476
      805939000	     40195	8000646a	3ff1	c.jal	80006446	  x1=0x8000646c
      805999000	     40198	80006446	a831	c.j	80006462	
      806059000	     40201	80006462	a811	c.j	80006476	
      806179000	     40207	80006476	004000ef	jal	x1,8000647a	  x1=0x8000647a
      806259000	     40211	8000647a	2c8fe313	ori	x6,x31,712	 x31:0x80006018  x6=0x800062d8
      806539000	     40225	8000647e	01a001ef	jal	x3,80006498	  x3=0x80006482
      807399000	     40268	80006498	ffbff0ef	jal	x1,80006492	  x1=0x8000649c
      807459000	     40271	80006492	ff9ff0ef	jal	x1,8000648a	  x1=0x80006496
      807579000	     40277	8000648a	2011	c.jal	8000648e	  x1=0x8000648c
      807699000	     40283	8000648e	ff5ff7ef	jal	x15,80006482	 x15=0x80006492
      807779000	     40287	80006482	0140036f	jal	x6,80006496	  x6=0x80006486
      807839000	     40290	80006496	2029	c.jal	800064a0	  x1=0x80006498
      808739000	     40335	800064a0	fe7ff36f	jal	x6,80006486	  x6=0x800064a4
      808799000	     40338	80006486	018000ef	jal	x1,8000649e	  x1=0x8000648a
      808859000	     40341	8000649e	bffd	c.j	8000649c	
      808899000	     40343	8000649c	bfc5	c.j	8000648c	
      808939000	     40345	8000648c	2821	c.jal	800064a4	  x1=0x8000648e
      808979000	     40347	800064a4	83b1	c.srli	x15,0xc	 x15:0x80006492 x15=0x00080006
      808999000	     40348	800064a6	00e001ef	jal	x3,800064b4	  x3=0x800064aa
      809679000	     40382	800064b4	008000ef	jal	x1,800064bc	  x1=0x800064b8
      810279000	     40412	800064bc	a019	c.j	800064c2	
      810359000	     40416	800064c2	fffff0ef	jal	x1,800064c0	  x1=0x800064c6
      810399000	     40418	800064c0	b7f5	c.j	800064ac	
      810499000	     40423	800064ac	a829	c.j	800064c6	
      810579000	     40427	800064c6	fe5ff0ef	jal	x1,800064aa	  x1=0x800064ca
      810619000	     40429	800064aa	2811	c.jal	800064be	  x1=0x800064ac
      810699000	     40433	800064be	bfed	c.j	800064b8	
      810759000	     40436	800064b8	ff9ff0ef	jal	x1,800064b0	  x1=0x800064bc
      810819000	     40439	800064b0	2009	c.jal	800064b2	  x1=0x800064b2
      810879000	     40442	800064b2	bff5	c.j	800064ae	
      810939000	     40445	800064ae	2831	c.jal	800064ca	  x1=0x800064b0
      810979000	     40447	800064ca	9a1a	c.add	x20,x6	 x20:0x800063b4  x6:0x800064a4 x20=0x0000c858
      810999000	     40448	800064cc	032001ef	jal	x3,800064fe	  x3=0x800064d0
      811539000	     40475	800064fe	008000ef	jal	x1,80006506	  x1=0x80006502
      812479000	     40522	80006506	fd5ff0ef	jal	x1,800064da	  x1=0x8000650a
      812519000	     40524	800064da	3fdd	c.jal	800064d0	  x1=0x800064dc
      819179000	     40857	800064d0	018002ef	jal	x5,800064e8	  x5=0x800064d4
      819339000	     40865	800064e8	010000ef	jal	x1,800064f8	  x1=0x800064ec
      819379000	     40867	800064f8	ffdff0ef	jal	x1,800064f4	  x1=0x800064fc
      819859000	     40891	800064f4	00e000ef	jal	x1,80006502	  x1=0x800064f8
      819919000	     40894	80006502	fe3ffd6f	jal	x26,800064e4	 x26=0x80006506
      819979000	     40897	800064e4	3ffd	c.jal	800064e2	  x1=0x800064e6
      820039000	     40900	800064e2	a829	c.j	800064fc	
      820099000	     40903	800064fc	37cd	c.jal	800064de	  x1=0x800064fe
      820179000	     40907	800064de	012000ef	jal	x1,800064f0	  x1=0x800064e2
      820219000	     40909	800064f0	fe5ff56f	jal	x10,800064d4	 x10=0x800064f4
      820299000	     40913	800064d4	2021	c.jal	800064dc	  x1=0x800064d6
      820359000	     40916	800064dc	3fed	c.jal	800064d6	  x1=0x800064de
      820419000	     40919	800064d6	0160056f	jal	x10,800064ec	 x10=0x800064da
      820459000	     40921	800064ec	ffbff1ef	jal	x3,800064e6	  x3=0x800064f0
      820499000	     40923	800064e6	a015	c.j	8000650a	
      820559000	     40926	8000650a	3ddf9eb7	lui	x29,0x3ddf9	 x29=0x3ddf9000
      820579000	     40927	8000650e	010001ef	jal	x3,8000651e	  x3=0x80006512
      821219000	     40959	8000651e	ffdff0ef	jal	x1,8000651a	  x1=0x80006522
      821259000	     40961	8000651a	a801	c.j	8000652a	
      822839000	     41040	8000652a	ff3ff0ef	jal	x1,8000651c	  x1=0x8000652e
      822879000	     41042	8000651c	a809	c.j	8000652e	
      822939000	     41045	8000652e	bfed	c.j	80006528	
      822999000	     41048	80006528	bffd	c.j	80006526	
      823059000	     41051	80006526	2831	c.jal	80006542	  x1=0x80006528
      823239000	     41060	80006542	ff3ffa6f	jal	x20,80006534	 x20=0x80006546
      823279000	     41062	80006534	37d5	c.jal	80006518	  x1=0x80006536
      823339000	     41065	80006518	2029	c.jal	80006522	  x1=0x8000651a
      823419000	     41069	80006522	024000ef	jal	x1,80006546	  x1=0x80006526
      823479000	     41072	80006546	bfc5	c.j	80006536	
      823539000	     41075	80006536	2019	c.jal	8000653c	  x1=0x80006538
      823599000	     41078	8000653c	3fd5	c.jal	80006530	  x1=0x8000653e
      823659000	     41081	80006530	fe5ff0ef	jal	x1,80006514	  x1=0x80006534
      823719000	     41084	80006514	fffff0ef	jal	x1,80006512	  x1=0x80006518
      823779000	     41087	80006512	201d	c.jal	80006538	  x1=0x80006514
      823839000	     41090	80006538	010000ef	jal	x1,80006548	  x1=0x8000653c
      823899000	     41093	80006548	bfe5	c.j	80006540	
      823959000	     41096	80006540	3ffd	c.jal	8000653e	  x1=0x80006542
      824019000	     41099	8000653e	a031	c.j	8000654a	
      824099000	     41103	8000654a	00400fef	jal	x31,8000654e	 x31=0x8000654e
      826019000	     41199	8000654e	0309fc33	remu	x24,x19,x16	 x19:0x0000b000 x16:0x800061ca x24=0x0000b000
      826039000	     41200	80006552	030001ef	jal	x3,80006582	  x3=0x80006556
      826499000	     41223	80006582	bfd9	c.j	80006558	
      826539000	     41225	80006558	03c000ef	jal	x1,80006594	  x1=0x8000655c
      827139000	     41255	80006594	fc3ff36f	jal	x6,80006556	  x6=0x80006598
      827179000	     41257	80006556	a015	c.j	8000657a	
      827439000	     41270	8000657a	37ed	c.jal	80006564	  x1=0x8000657c
      827479000	     41272	80006564	00e000ef	jal	x1,80006572	  x1=0x80006568
      827779000	     41287	80006572	00e008ef	jal	x17,80006580	 x17=0x80006576
      827819000	     41289	80006580	2821	c.jal	80006598	  x1=0x80006582
      827859000	     41291	80006598	37f5	c.jal	80006584	  x1=0x8000659a
      827899000	     41293	80006584	a009	c.j	80006586	
      827939000	     41295	80006586	a019	c.j	8000658c	
      827979000	     41297	8000658c	b7d5	c.j	80006570	
      828019000	     41299	80006570	2005	c.jal	80006590	  x1=0x80006572
      828079000	     41302	80006590	fe7ff36f	jal	x6,80006576	  x6=0x80006594
      828159000	     41306	80006576	ff7ff1ef	jal	x3,8000656c	  x3=0x8000657a
      828199000	     41308	8000656c	a831	c.j	80006588	
      828239000	     41310	80006588	ff5ff56f	jal	x10,8000657c	 x10=0x8000658c
      828279000	     41312	8000657c	fe7ff0ef	jal	x1,80006562	  x1=0x80006580
      828319000	     41314	80006562	3ff5	c.jal	8000655e	  x1=0x80006564
      828379000	     41317	8000655e	010001ef	jal	x3,8000656e	  x3=0x80006562
      828419000	     41319	8000656e	3fed	c.jal	80006568	  x1=0x80006570
      828459000	     41321	80006568	bfd5	c.j	8000655c	
      828499000	     41323	8000655c	2039	c.jal	8000656a	  x1=0x8000655e
      828579000	     41327	8000656a	a015	c.j	8000658e	
      828639000	     41330	8000658e	a031	c.j	8000659a	
      828719000	     41334	8000659a	01bc5793	srli	x15,x24,0x1b	 x24:0x0000b000 x15=0x00000000
      828739000	     41335	8000659e	016001ef	jal	x3,800065b4	  x3=0x800065a2
      829159000	     41356	800065b4	2039	c.jal	800065c2	  x1=0x800065b6
      829699000	     41383	800065c2	a009	c.j	800065c4	
      829759000	     41386	800065c4	bff9	c.j	800065a2	
      829819000	     41389	800065a2	2029	c.jal	800065ac	  x1=0x800065a4
      830039000	     41400	800065ac	fffff3ef	jal	x7,800065aa	  x7=0x800065b0
      830479000	     41422	800065aa	3ff5	c.jal	800065a6	  x1=0x800065ac
      830539000	     41425	800065a6	3ffd	c.jal	800065a4	  x1=0x800065a8
      830579000	     41427	800065a4	2031	c.jal	800065b0	  x1=0x800065a6
      830619000	     41429	800065b0	a031	c.j	800065bc	
      830659000	     41431	800065bc	bffd	c.j	800065ba	
      830739000	     41435	800065ba	2031	c.jal	800065c6	  x1=0x800065bc
      830799000	     41438	800065c6	b7f5	c.j	800065b2	
      830859000	     41441	800065b2	a011	c.j	800065b6	
      830919000	     41444	800065b6	008005ef	jal	x11,800065be	 x11=0x800065ba
      830979000	     41447	800065be	febff26f	jal	x4,800065a8	  x4=0x800065c2
      831039000	     41450	800065a8	2005	c.jal	800065c8	  x1=0x800065aa
      831099000	     41453	800065c8	41c18133	sub	x2,x3,x28	  x3:0x800065a2 x28:0x8001fdb4  x2=0xfffe67ee
      831119000	     41454	800065cc	04c001ef	jal	x3,80006618	  x3=0x800065d0
      831379000	     41467	80006618	b7d9	c.j	800065de	
      832999000	     41548	800065de	024000ef	jal	x1,80006602	  x1=0x800065e2
      833499000	     41573	80006602	3ffd	c.jal	80006600	  x1=0x80006604
      834259000	     41611	80006600	2011	c.jal	80006604	  x1=0x80006602
      834319000	     41614	80006604	37c5	c.jal	800065e4	  x1=0x80006606
      834379000	     41617	800065e4	022000ef	jal	x1,80006606	  x1=0x800065e8
      834439000	     41620	80006606	37fd	c.jal	800065f4	  x1=0x80006608
      834499000	     41623	800065f4	fddff5ef	jal	x11,800065d0	 x11=0x800065f8
      834559000	     41626	800065d0	006000ef	jal	x1,800065d6	  x1=0x800065d4
      834679000	     41632	800065d6	032000ef	jal	x1,80006608	  x1=0x800065da
      834739000	     41635	80006608	ff7ff0ef	jal	x1,800065fe	  x1=0x8000660c
      836459000	     41721	800065fe	3fcd	c.jal	800065f0	  x1=0x80006600
      836499000	     41723	800065f0	3ff5	c.jal	800065ec	  x1=0x800065f2
      836539000	     41725	800065ec	a005	c.j	8000660c	
      836579000	     41727	8000660c	2019	c.jal	80006612	  x1=0x8000660e
      836639000	     41730	80006612	fcbff9ef	jal	x19,800065dc	 x19=0x80006616
      836699000	     41733	800065dc	a839	c.j	800065fa	
      836779000	     41737	800065fa	fefff4ef	jal	x9,800065e8	  x9=0x800065fe
      836839000	     41740	800065e8	010000ef	jal	x1,800065f8	  x1=0x800065ec
      836899000	     41743	800065f8	bfdd	c.j	800065ee	
      836959000	     41746	800065ee	3fd5	c.jal	800065e2	  x1=0x800065f0
      836999000	     41748	800065e2	203d	c.jal	80006610	  x1=0x800065e4
      837039000	     41750	80006610	b7d1	c.j	800065d4	
      837079000	     41752	800065d4	a839	c.j	800065f2	
      837119000	     41754	800065f2	37e5	c.jal	800065da	  x1=0x800065f4
      837159000	     41756	800065da	2835	c.jal	80006616	  x1=0x800065dc
      837199000	     41758	80006616	3fe5	c.jal	8000660e	  x1=0x80006618
      837239000	     41760	8000660e	a031	c.j	8000661a	
      837419000	     41769	8000661a	3400e9f3	csrrsi	x19,mscratch,1	 x19=0x00000000
      837479000	     41772	8000661e	03a001ef	jal	x3,80006658	  x3=0x80006622
      837579000	     41777	80006658	b7f9	c.j	80006626	
      837619000	     41779	80006626	2009	c.jal	80006628	  x1=0x80006628
      837679000	     41782	80006628	202d	c.jal	80006652	  x1=0x8000662a
      839019000	     41849	80006652	fe3ff36f	jal	x6,80006634	  x6=0x80006656
      839099000	     41853	80006634	ff7ffdef	jal	x27,8000662a	 x27=0x80006638
      839159000	     41856	8000662a	a809	c.j	8000663c	
      839639000	     41880	8000663c	3ff5	c.jal	80006638	  x1=0x8000663e
      839719000	     41884	80006638	febff0ef	jal	x1,80006622	  x1=0x8000663c
      839799000	     41888	80006622	026000ef	jal	x1,80006648	  x1=0x80006626
      840319000	     41914	80006648	00e0036f	jal	x6,80006656	  x6=0x8000664c
      840379000	     41917	80006656	b7ed	c.j	80006640	
      840419000	     41919	80006640	00c000ef	jal	x1,8000664c	  x1=0x80006644
      840459000	     41921	8000664c	ff3ffbef	jal	x23,8000663e	 x23=0x80006650
      840499000	     41923	8000663e	2809	c.jal	80006650	  x1=0x80006640
      840539000	     41925	80006650	3fd5	c.jal	80006644	  x1=0x80006652
      840579000	     41927	80006644	fe9ff5ef	jal	x11,8000662c	 x11=0x80006648
      840919000	     41944	8000662c	004001ef	jal	x3,80006630	  x3=0x80006630
      840959000	     41946	80006630	02a000ef	jal	x1,8000665a	  x1=0x80006634
      841739000	     41985	8000665a	02b3db33	divu	x22,x7,x11	  x7:0x800065b0 x11:0x80006648 x22=0x00000000
      841759000	     41986	8000665e	00c001ef	jal	x3,8000666a	  x3=0x80006662
      841819000	     41989	8000666a	00c0036f	jal	x6,80006676	  x6=0x8000666e
      841859000	     41991	80006676	2029	c.jal	80006680	  x1=0x80006678
      842639000	     42030	80006680	37dd	c.jal	80006666	  x1=0x80006682
      842739000	     42035	80006666	01c000ef	jal	x1,80006682	  x1=0x8000666a
      842819000	     42039	80006682	fedff36f	jal	x6,8000666e	  x6=0x80006686
      842939000	     42045	8000666e	01000aef	jal	x21,8000667e	 x21=0x80006672
      842999000	     42048	8000667e	b7dd	c.j	80006664	
      843059000	     42051	80006664	a819	c.j	8000667a	
      843139000	     42055	8000667a	fffff0ef	jal	x1,80006678	  x1=0x8000667e
      843199000	     42058	80006678	3fed	c.jal	80006672	  x1=0x8000667a
      843259000	     42061	80006672	ff1ffcef	jal	x25,80006662	 x25=0x80006676
      843319000	     42064	80006662	a015	c.j	80006686	
      843379000	     42067	80006686	717d	c.addi16sp	x2,-16	  x2:0xfffe67ee  x2=0xfffe67de
      843399000	     42068	80006688	008001ef	jal	x3,80006690	  x3=0x8000668c
      843439000	     42070	80006690	a801	c.j	800066a0	
      844839000	     42140	800066a0	bfed	c.j	8000669a	
      844899000	     42143	8000669a	00e00cef	jal	x25,800066a8	 x25=0x8000669e
      845359000	     42166	800066a8	3ff5	c.jal	800066a4	  x1=0x800066aa
      845399000	     42168	800066a4	3fed	c.jal	8000669e	  x1=0x800066a6
      845459000	     42171	8000669e	2011	c.jal	800066a2	  x1=0x800066a0
      845519000	     42174	800066a2	3fd5	c.jal	80006696	  x1=0x800066a4
      845599000	     42178	80006696	ff9ffa6f	jal	x20,8000668e	 x20=0x8000669a
      845639000	     42180	8000668e	bffd	c.j	8000668c	
      845719000	     42184	8000668c	a839	c.j	800066aa	
      845779000	     42187	800066aa	2009	c.jal	800066ac	  x1=0x800066ac
      845839000	     42190	800066ac	2009	c.jal	800066ae	  x1=0x800066ae
      845899000	     42193	800066ae	3fe5	c.jal	800066a6	  x1=0x800066b0
      845959000	     42196	800066a6	37f5	c.jal	80006692	  x1=0x800066a8
      846039000	     42200	80006692	01e0036f	jal	x6,800066b0	  x6=0x80006696
      846099000	     42203	800066b0	0000100f	fence.i	
      846619000	     42229	800066b4	024001ef	jal	x3,800066d8	  x3=0x800066b8
      846719000	     42234	800066d8	fffff0ef	jal	x1,800066d6	  x1=0x800066dc
      846799000	     42238	800066d6	3fcd	c.jal	800066c8	  x1=0x800066d8
      846879000	     42242	800066c8	a019	c.j	800066ce	
      847399000	     42268	800066ce	ff7ff36f	jal	x6,800066c4	  x6=0x800066d2
      847659000	     42281	800066c4	3fd5	c.jal	800066b8	  x1=0x800066c6
      847819000	     42289	800066b8	008000ef	jal	x1,800066c0	  x1=0x800066bc
      850079000	     42402	800066c0	bff5	c.j	800066bc	
      850159000	     42406	800066bc	016000ef	jal	x1,800066d2	  x1=0x800066c0
      850399000	     42418	800066d2	ff9ff0ef	jal	x1,800066ca	  x1=0x800066d6
      851319000	     42464	800066ca	ffdff0ef	jal	x1,800066c6	  x1=0x800066ce
      852219000	     42509	800066c6	bff5	c.j	800066c2	
      853659000	     42581	800066c2	a829	c.j	800066dc	
      854039000	     42600	800066dc	02f8af33	mulhsu	x30,x17,x15	 x17:0x80006576 x15:0x00000000 x30=0x00000000
      854059000	     42601	800066e0	00631b93	slli	x23,x6,0x6	  x6:0x800066d2 x23=0x0019b480
      854259000	     42611	800066e4	340076f3	csrrci	x13,mscratch,0	 x13=0x00000001
      854279000	     42612	800066e8	4107dc13	srai	x24,x15,0x10	 x15:0x00000000 x24=0x00000000
      854439000	     42620	800066ec	98fd	c.andi	x9,-1	  x9:0x800065fe  x9=0x800065fe
      854699000	     42633	800066ee	02463a33	mulhu	x20,x12,x4	 x12:0x80023ce4  x4:0x800065c2 x20=0x40015153
      854779000	     42637	800066f2	41c55793	srai	x15,x10,0x1c	 x10:0x8000658c x15=0xfffffff8
      854879000	     42642	800066f6	00e35793	srli	x15,x6,0xe	  x6:0x800066d2 x15=0x00020001
      854939000	     42645	800066fa	01d3a333	slt	x6,x7,x29	  x7:0x800065b0 x29:0x3ddf9000  x6=0x00000001
      854959000	     42646	800066fe	59cc0693	addi	x13,x24,1436	 x24:0x00000000 x13=0x0000059c
      854979000	     42647	80006702	0140c233	xor	x4,x1,x20	  x1:0x800066ce x20:0x40015153  x4=0xc001379d
      854999000	     42648	80006706	01488963	beq	x17,x20,80006718	 x17:0x80006576 x20:0x40015153
      855079000	     42652	8000670a	3403a6f3	csrrs	x13,mscratch,x7	  x7:0x800065b0 x13=0x00000001
      855179000	     42657	8000670e	340be2f3	csrrsi	x5,mscratch,23	  x5=0x800065b1
      855199000	     42658	80006712	34007bf3	csrrci	x23,mscratch,0	 x23=0x800065b7
      855219000	     42659	80006716	80fd	c.srli	x9,0x1f	  x9:0x800065fe  x9=0x00000001
      855299000	     42663	80006718	00395ab3	srl	x21,x18,x3	 x18:0x00000141  x3:0x800066b8 x21=0x00000000
      855379000	     42667	8000671c	414d5233	sra	x4,x26,x20	 x26:0x80006506 x20:0x40015153  x4=0xfffff000
      855399000	     42668	80006720	dcccb593	sltiu	x11,x25,-564	 x25:0x8000669e x11=0x00000001
      855419000	     42669	80006724	00f0ff33	and	x30,x1,x15	  x1:0x800066ce x15:0x00020001 x30=0x00000000
      855579000	     42677	80006728	b8e5e593	ori	x11,x11,-1138	 x11:0x00000001 x11=0xfffffb8f
      855599000	     42678	8000672c	c04a6f93	ori	x31,x20,-1020	 x20:0x40015153 x31=0xfffffd57
      855759000	     42686	80006730	01d56463	bltu	x10,x29,80006738	 x10:0x8000658c x29:0x3ddf9000
      856659000	     42731	80006734	03ff7b33	remu	x22,x30,x31	 x30:0x00000000 x31:0xfffffd57 x22=0x00000000
      856679000	     42732	80006738	ccf74f93	xori	x31,x14,-817	 x14:0x8000647c x31=0x7fff98b3
      856699000	     42733	8000673c	40ba5313	srai	x6,x20,0xb	 x20:0x40015153  x6=0x0008002a
      856719000	     42734	80006740	9d16	c.add	x26,x5	 x26:0x80006506  x5:0x800065b1 x26=0x0000cab7
      856739000	     42735	80006742	009e	c.slli	x1,0x7	  x1:0x800066ce  x1=0x00336700
      856759000	     42736	80006744	404a5333	sra	x6,x20,x4	 x20:0x40015153  x4:0xfffff000  x6=0x40015153
      856779000	     42737	80006748	025afe63	bgeu	x21,x5,80006784	 x21:0x00000000  x5:0x800065b1
      856999000	     42748	8000674c	e289	c.bnez	x13,8000674e	 x13:0x00000001
      857779000	     42787	8000674e	9d6ce593	ori	x11,x25,-1578	 x25:0x8000669e x11=0xffffffde
      858019000	     42799	80006752	03bd1833	mulh	x16,x26,x27	 x26:0x0000cab7 x27:0x80006638 x16=0xffff9aa4
      858039000	     42800	80006756	0f29	c.addi	x30,10	 x30:0x00000000 x30=0x0000000a
      858059000	     42801	80006758	340a6873	csrrsi	x16,mscratch,20	 x16=0x800065b7
      858079000	     42802	8000675c	00575363	bge	x14,x5,80006762	 x14:0x8000647c  x5:0x800065b1
      858319000	     42814	80006760	031e	c.slli	x6,0x7	  x6:0x40015153  x6=0x00a8a980
      858339000	     42815	80006762	403bd913	srai	x18,x23,0x3	 x23:0x800065b7 x18=0xf0000cb6
      858359000	     42816	80006766	c999	c.beqz	x11,8000677c	 x11:0xffffffde
      858539000	     42825	80006768	8dcd	c.or	x11,x11	 x11:0xffffffde x11:0xffffffde x11=0xffffffde
      858559000	     42826	8000676a	03085563	bge	x16,x16,80006794	 x16:0x800065b7 x16:0x800065b7
      858959000	     42846	80006794	8f15	c.sub	x14,x13	 x14:0x8000647c x13:0x00000001 x14=0x8000647b
      858979000	     42847	80006796	8142	c.mv	x2,x16	  x0:0x00000000 x16:0x800065b7  x2=0x800065b7
      859119000	     42854	80006798	401a5593	srai	x11,x20,0x1	 x20:0x40015153 x11=0x2000a8a9
      859139000	     42855	8000679c	012e0cb3	add	x25,x28,x18	 x28:0x8001fdb4 x18:0xf0000cb6 x25=0x70020a6a
      859159000	     42856	800067a0	0fb06d93	ori	x27,x0,251	  x0:0x00000000 x27=0x000000fb
      859939000	     42895	800067a4	032adf33	divu	x30,x21,x18	 x21:0x00000000 x18:0xf0000cb6 x30=0x00000000
      859959000	     42896	800067a8	ed11	c.bnez	x10,800067c4	 x10:0x8000658c
      860339000	     42915	800067c4	006d9c13	slli	x24,x27,0x6	 x27:0x000000fb x24=0x00003ec0
      860379000	     42917	800067c8	0000100f	fence.i	
      861019000	     42949	800067cc	16fd	c.addi	x13,-1	 x13:0x00000001 x13=0x00000000
      861039000	     42950	800067ce	0001	c.addi	x0,0	  x0:0x00000000  x0=0x00000000
      861199000	     42958	800067d0	80c5	c.srli	x9,0x11	  x9:0x00000001  x9=0x00000000
      861319000	     42964	800067d2	00321f93	slli	x31,x4,0x3	  x4:0xfffff000 x31=0xffff8000
      861739000	     42985	800067d6	03ec0db3	mul	x27,x24,x30	 x24:0x00003ec0 x30:0x00000000 x27=0x00000000
      861779000	     42987	800067da	03b1d833	divu	x16,x3,x27	  x3:0x800066b8 x27:0x00000000 x16=0xffffffff
      861799000	     42988	800067de	34003273	csrrc	x4,mscratch,x0	  x0:0x00000000  x4=0x800065b7
      862199000	     43008	800067e2	00b417b3	sll	x15,x8,x11	  x8:0x80000000 x11:0x2000a8a9 x15=0x00000000
      862219000	     43009	800067e6	e50d	c.bnez	x10,80006810	 x10:0x8000658c
      863579000	     43077	80006810	02322333	mulhsu	x6,x4,x3	  x4:0x800065b7  x3:0x800066b8  x6=0xbfffff7f
      863739000	     43085	80006814	01b374b3	and	x9,x6,x27	  x6:0xbfffff7f x27:0x00000000  x9=0x00000000
      864619000	     43129	80006818	03dfcfb3	div	x31,x31,x29	 x31:0xffff8000 x29:0x3ddf9000 x31=0x00000000
      864639000	     43130	8000681c	10002813	slti	x16,x0,256	  x0:0x00000000 x16=0x00000001
      864659000	     43131	80006820	414880b3	sub	x1,x17,x20	 x17:0x80006576 x20:0x40015153  x1=0x3fff1423
      864679000	     43132	80006824	9b7d	c.andi	x14,-1	 x14:0x8000647b x14=0x8000647b
      864699000	     43133	80006826	0001	c.addi	x0,0	  x0:0x00000000  x0=0x00000000
      864839000	     43140	80006828	19628513	addi	x10,x5,406	  x5:0x800065b1 x10=0x80006747
      865979000	     43197	8000682c	034ed733	divu	x14,x29,x20	 x29:0x3ddf9000 x20:0x40015153 x14=0x00000000
      865999000	     43198	80006830	05324163	blt	x4,x19,80006872	  x4:0x800065b7 x19:0x00000000
      866839000	     43240	80006872	020b8963	beq	x23,x0,800068a4	 x23:0x800065b7  x0:0x00000000
      866859000	     43241	80006876	00959093	slli	x1,x11,0x9	 x11:0x2000a8a9  x1=0x01515200
      866879000	     43242	8000687a	c689	c.beqz	x13,80006884	 x13:0x00000000
      867779000	     43287	80006884	8db9	c.xor	x11,x14	 x11:0x2000a8a9 x14:0x00000000 x11=0x2000a8a9
      867859000	     43291	80006886	5f293d13	sltiu	x26,x18,1522	 x18:0xf0000cb6 x26=0x00000000
      868599000	     43328	8000688a	023ce933	rem	x18,x25,x3	 x25:0x70020a6a  x3:0x800066b8 x18=0x70020a6a
      868639000	     43330	8000688e	039a3c33	mulhu	x24,x20,x25	 x20:0x40015153 x25:0x70020a6a x24=0x1c011631
      868659000	     43331	80006892	025a9f63	bne	x21,x5,800068d0	 x21:0x00000000  x5:0x800065b1
      868739000	     43335	800068d0	406fd193	srai	x3,x31,0x6	 x31:0x00000000  x3=0x00000000
      868759000	     43336	800068d4	8751	c.srai	x14,0x14	 x14:0x00000000 x14=0x00000000
      868779000	     43337	800068d6	02db8513	addi	x10,x23,45	 x23:0x800065b7 x10=0x800065e4
      868799000	     43338	800068da	891a	c.mv	x18,x6	  x0:0x00000000  x6:0xbfffff7f x18=0xbfffff7f
      869199000	     43358	800068dc	8491	c.srai	x9,0x4	  x9:0x00000000  x9=0x00000000
      869279000	     43362	800068de	01a7f863	bgeu	x15,x26,800068ee	 x15:0x00000000 x26:0x00000000
      869839000	     43390	800068ee	40bd5213	srai	x4,x26,0xb	 x26:0x00000000  x4=0x00000000
      869859000	     43391	800068f2	80c27513	andi	x10,x4,-2036	  x4:0x00000000 x10=0x00000000
      870019000	     43399	800068f6	0153ec33	or	x24,x7,x21	  x7:0x800065b0 x21:0x00000000 x24=0x800065b0
      870039000	     43400	800068fa	34021d73	csrrw	x26,mscratch,x4	  x4:0x00000000 x26=0x800065b7
      870179000	     43407	800068fe	0196d213	srli	x4,x13,0x19	 x13:0x00000000  x4=0x00000000
      870399000	     43418	80006902	00247fb3	and	x31,x8,x2	  x8:0x80000000  x2:0x800065b7 x31=0x80000000
      870419000	     43419	80006906	0bee	c.slli	x23,0x1b	 x23:0x800065b7 x23=0xb8000000
      870439000	     43420	80006908	0012cc63	blt	x5,x1,80006920	  x5:0x800065b1  x1:0x01515200
      871599000	     43478	80006920	03dc7333	remu	x6,x24,x29	 x24:0x800065b0 x29:0x3ddf9000  x6=0x044145b0
      871619000	     43479	80006924	8762	c.mv	x14,x24	  x0:0x00000000 x24:0x800065b0 x14=0x800065b0
      871639000	     43480	80006926	0eda	c.slli	x29,0x16	 x29:0x3ddf9000 x29=0x00000000
      871659000	     43481	80006928	01f65693	srli	x13,x12,0x1f	 x12:0x80023ce4 x13=0x00000001
      871679000	     43482	8000692c	0ff0000f	fence	iorw,iorw	
      871699000	     43483	80006930	0ff0000f	fence	iorw,iorw	
      871719000	     43484	80006934	40f1da13	srai	x20,x3,0xf	  x3:0x00000000 x20=0x00000000
      871739000	     43485	80006938	c481	c.beqz	x9,80006940	  x9:0x00000000
      872359000	     43516	80006940	4135d793	srai	x15,x11,0x13	 x11:0x2000a8a9 x15=0x00000400
      872379000	     43517	80006944	00ad78b3	and	x17,x26,x10	 x26:0x800065b7 x10:0x00000000 x17=0x00000000
      872679000	     43532	80006948	009102b3	add	x5,x2,x9	  x2:0x800065b7  x9:0x00000000  x5=0x800065b7
      872699000	     43533	8000694c	c58d	c.beqz	x11,80006976	 x11:0x2000a8a9
      873479000	     43572	8000694e	03ce65b3	rem	x11,x28,x28	 x28:0x8001fdb4 x28:0x8001fdb4 x11=0x00000000
      873499000	     43573	80006952	0ff0000f	fence	iorw,iorw	
      873519000	     43574	80006956	00039763	bne	x7,x0,80006964	  x7:0x800065b0  x0:0x00000000
      873579000	     43577	80006964	036f7533	remu	x10,x30,x22	 x30:0x00000000 x22:0x00000000 x10=0x00000000
      874079000	     43602	80006968	6109	c.addi16sp	x2,128	  x2:0x800065b7  x2=0x80006637
      874859000	     43641	8000696a	03a871b3	remu	x3,x16,x26	 x16:0x00000001 x26:0x800065b7  x3=0x00000001
      874879000	     43642	8000696e	41f3dc33	sra	x24,x7,x31	  x7:0x800065b0 x31:0x80000000 x24=0x800065b0
      874919000	     43644	80006972	03665933	divu	x18,x12,x22	 x12:0x80023ce4 x22:0x00000000 x18=0xffffffff
      874939000	     43645	80006976	34076c73	csrrsi	x24,mscratch,14	 x24=0x00000000
      874959000	     43646	8000697a	1ee36313	ori	x6,x6,494	  x6:0x044145b0  x6=0x044145fe
      874979000	     43647	8000697e	4133deb3	sra	x29,x7,x19	  x7:0x800065b0 x19:0x00000000 x29=0x800065b0
      874999000	     43648	80006982	01006db3	or	x27,x0,x16	  x0:0x00000000 x16:0x00000001 x27=0x00000001
      875019000	     43649	80006986	0001	c.addi	x0,0	  x0:0x00000000  x0=0x00000000
      875479000	     43672	80006988	87762913	slti	x18,x12,-1929	 x12:0x80023ce4 x18=0x00000001
      875699000	     43683	8000698c	34049af3	csrrw	x21,mscratch,x9	  x9:0x00000000 x21=0x0000000e
      875799000	     43688	80006990	34007d73	csrrci	x26,mscratch,0	 x26=0x00000000
      875819000	     43689	80006994	13b5e213	ori	x4,x11,315	 x11:0x00000000  x4=0x0000013b
      875919000	     43694	80006998	02ab7833	remu	x16,x22,x10	 x22:0x00000000 x10:0x00000000 x16=0x00000000
      876259000	     43711	8000699c	01f75463	bge	x14,x31,800069a4	 x14:0x800065b0 x31:0x80000000
      877099000	     43753	800069a4	0f86	c.slli	x31,0x1	 x31:0x80000000 x31=0x00000000
      877299000	     43763	800069a6	03abd5b3	divu	x11,x23,x26	 x23:0xb8000000 x26:0x00000000 x11=0xffffffff
      877319000	     43764	800069aa	84ce	c.mv	x9,x19	  x0:0x00000000 x19:0x00000000  x9=0x00000000
      877339000	     43765	800069ac	40fc0c33	sub	x24,x24,x15	 x24:0x00000000 x15:0x00000400 x24=0xfffffc00
      877699000	     43783	800069b0	648ec8b7	lui	x17,0x648ec	 x17=0x648ec000
      877719000	     43784	800069b4	9f9da337	lui	x6,0x9f9da	  x6=0x9f9da000
      877819000	     43789	800069b8	121c	c.addi4spn	x15,x2,288	 x15=0x80006757
      877839000	     43790	800069ba	0001	c.addi	x0,0	  x0:0x00000000  x0=0x00000000
      877859000	     43791	800069bc	117d	c.addi	x2,-1	  x2:0x80006637  x2=0x80006636
      878259000	     43811	800069be	629f5f37	lui	x30,0x629f5	 x30=0x629f5000
      878399000	     43818	800069c2	012c70b3	and	x1,x24,x18	 x24:0xfffffc00 x18:0x00000001  x1=0x00000000
      878419000	     43819	800069c6	88f9	c.andi	x9,30	  x9:0x00000000  x9=0x00000000
      878439000	     43820	800069c8	8ef5	c.and	x13,x13	 x13:0x00000001 x13:0x00000001 x13=0x00000001
      878459000	     43821	800069ca	025a9963	bne	x21,x5,800069fc	 x21:0x0000000e  x5:0x800065b7
      879219000	     43859	800069fc	84d6	c.mv	x9,x21	  x0:0x00000000 x21:0x0000000e  x9=0x0000000e
      879259000	     43861	800069fe	5bf32193	slti	x3,x6,1471	  x6:0x9f9da000  x3=0x00000001
      879279000	     43862	80006a02	8719	c.srai	x14,0x6	 x14:0x800065b0 x14=0xfe000196
      879559000	     43876	80006a04	6139	c.addi16sp	x2,448	  x2:0x80006636  x2=0x800067f6
      879579000	     43877	80006a06	3409d873	csrrwi	x16,mscratch,19	 x16=0x00000000
      880019000	     43899	80006a0a	03a1a0b3	mulhsu	x1,x3,x26	  x3:0x00000001 x26:0x00000000  x1=0x00000000
      880159000	     43906	80006a0e	03628fb3	mul	x31,x5,x22	  x5:0x800065b7 x22:0x00000000 x31=0x00000000
      880459000	     43921	80006a12	04788697	auipc	x13,0x4788	 x13=0x8478ea12
      880479000	     43922	80006a16	0127ef33	or	x30,x15,x18	 x15:0x80006757 x18:0x00000001 x30=0x80006757
      880499000	     43923	80006a1a	02c98c33	mul	x24,x19,x12	 x19:0x00000000 x12:0x80023ce4 x24=0x00000000
      880519000	     43924	80006a1e	0001	c.addi	x0,0	  x0:0x00000000  x0=0x00000000
      880679000	     43932	80006a20	012ed263	bge	x29,x18,80006a24	 x29:0x800065b0 x18:0x00000001
      880699000	     43933	80006a24	01bf0e63	beq	x30,x27,80006a40	 x30:0x80006757 x27:0x00000001
      881119000	     43954	80006a28	f24d4813	xori	x16,x26,-220	 x26:0x00000000 x16=0xffffff24
      881299000	     43963	80006a2c	c7be9237	lui	x4,0xc7be9	  x4=0xc7be9000
      882219000	     44009	80006a30	03eb5533	divu	x10,x22,x30	 x22:0x00000000 x30:0x80006757 x10=0x00000000
      882259000	     44011	80006a34	03a3b333	mulhu	x6,x7,x26	  x7:0x800065b0 x26:0x00000000  x6=0x00000000
      882279000	     44012	80006a38	01240f33	add	x30,x8,x18	  x8:0x80000000 x18:0x00000001 x30=0x80000001
      882299000	     44013	80006a3c	00a65d33	srl	x26,x12,x10	 x12:0x80023ce4 x10:0x00000000 x26=0x80023ce4
      882319000	     44014	80006a40	3403b873	csrrc	x16,mscratch,x7	  x7:0x800065b0 x16=0x00000013
      882359000	     44016	80006a44	0342df33	divu	x30,x5,x20	  x5:0x800065b7 x20:0x00000000 x30=0xffffffff
      882379000	     44017	80006a48	f9fff593	andi	x11,x31,-97	 x31:0x00000000 x11=0x00000000
      882459000	     44021	80006a4c	3401aaf3	csrrs	x21,mscratch,x3	  x3:0x00000001 x21=0x00000003
      882499000	     44023	80006a50	020e9a33	mulh	x20,x29,x0	 x29:0x800065b0  x0:0x00000000 x20=0x00000000
      882519000	     44024	80006a54	00669533	sll	x10,x13,x6	 x13:0x8478ea12  x6:0x00000000 x10=0x8478ea12
      882739000	     44035	80006a58	0001	c.addi	x0,0	  x0:0x00000000  x0=0x00000000
      883079000	     44052	80006a5a	00d9bbb3	sltu	x23,x19,x13	 x19:0x00000000 x13:0x8478ea12 x23=0x00000001
      883099000	     44053	80006a5e	01fa57b3	srl	x15,x20,x31	 x20:0x00000000 x31:0x00000000 x15=0x00000000
      883839000	     44090	80006a62	03d258b3	divu	x17,x4,x29	  x4:0xc7be9000 x29:0x800065b0 x17=0x00000001
      897959000	     44796	80006a66	022285b3	mul	x11,x5,x2	  x5:0x800065b7  x2:0x800067f6 x11=0xa94e5eda
      898699000	     44833	80006a6a	02c1d4b3	divu	x9,x3,x12	  x3:0x00000001 x12:0x80023ce4  x9=0x00000000
      898719000	     44834	80006a6e	42aec993	xori	x19,x29,1066	 x29:0x800065b0 x19=0x8000619a
      898739000	     44835	80006a72	8fa1	c.xor	x15,x8	 x15:0x00000000  x8:0x80000000 x15=0x80000000
      898759000	     44836	80006a74	00573a33	sltu	x20,x14,x5	 x14:0xfe000196  x5:0x800065b7 x20=0x00000000
      898779000	     44837	80006a78	010045b3	xor	x11,x0,x16	  x0:0x00000000 x16:0x00000013 x11=0x00000013
      898799000	     44838	80006a7c	8d25	c.xor	x10,x9	 x10:0x8478ea12  x9:0x00000000 x10=0x8478ea12
      898819000	     44839	80006a7e	02fa	c.slli	x5,0x1e	  x5:0x800065b7  x5=0xc0000000
      898839000	     44840	80006a80	41c65333	sra	x6,x12,x28	 x12:0x80023ce4 x28:0x8001fdb4  x6=0xfffff800
      898859000	     44841	80006a84	34007ff3	csrrci	x31,mscratch,0	 x31=0x00000003
      898919000	     44844	80006a88	03401363	bne	x0,x20,80006aae	  x0:0x00000000 x20:0x00000000
      898939000	     44845	80006a8c	10e56d17	auipc	x26,0x10e56	 x26=0x90e5ca8c
      898959000	     44846	80006a90	0f9c	c.addi4spn	x15,x2,976	 x15=0x80006bc6
      899139000	     44855	80006a92	02e8b0b3	mulhu	x1,x17,x14	 x17:0x00000001 x14:0xfe000196  x1=0x00000000
      899159000	     44856	80006a96	691b3313	sltiu	x6,x22,1681	 x22:0x00000000  x6=0x00000001
      899279000	     44862	80006a9a	407b5bb3	sra	x23,x22,x7	 x22:0x00000000  x7:0x800065b0 x23=0x00000000
      899299000	     44863	80006a9e	6a51	c.lui	x20,0x14	 x20=0x00014000
      899319000	     44864	80006aa0	9b7d	c.andi	x14,-1	 x14:0xfe000196 x14=0xfe000196
      899339000	     44865	80006aa2	e1bc2e93	slti	x29,x24,-485	 x24:0x00000000 x29=0x00000000
      899359000	     44866	80006aa6	41c95933	sra	x18,x18,x28	 x18:0x00000001 x28:0x8001fdb4 x18=0x00000000
      899539000	     44875	80006aaa	9e1c0793	addi	x15,x24,-1567	 x24:0x00000000 x15=0xfffff9e1
      899759000	     44886	80006aae	07bcc563	blt	x25,x27,80006b18	 x25:0x70020a6a x27:0x00000001
      899959000	     44896	80006ab2	007e4db3	xor	x27,x28,x7	 x28:0x8001fdb4  x7:0x800065b0 x27=0x00019804
      900699000	     44933	80006ab6	039945b3	div	x11,x18,x25	 x18:0x00000000 x25:0x70020a6a x11=0x00000000
      900719000	     44934	80006aba	8f61	c.and	x14,x8	 x14:0xfe000196  x8:0x80000000 x14=0x80000000
      900739000	     44935	80006abc	014b9233	sll	x4,x23,x20	 x23:0x00000000 x20:0x00014000  x4=0x00000000
      900759000	     44936	80006ac0	004c5cb3	srl	x25,x24,x4	 x24:0x00000000  x4:0x00000000 x25=0x00000000
      900779000	     44937	80006ac4	01d0ea33	or	x20,x1,x29	  x1:0x00000000 x29:0x00000000 x20=0x00000000
      900799000	     44938	80006ac8	05a7d663	bge	x15,x26,80006b14	 x15:0xfffff9e1 x26:0x90e5ca8c
      901359000	     44966	80006b14	01581533	sll	x10,x16,x21	 x16:0x00000013 x21:0x00000003 x10=0x00000098
      901779000	     44987	80006b18	9112	c.add	x2,x4	  x2:0x800067f6  x4:0x00000000  x2=0x800067f6
      901799000	     44988	80006b1a	8ce9	c.and	x9,x10	  x9:0x00000000 x10:0x00000098  x9=0x00000000
      902039000	     45000	80006b1c	027a5b63	bge	x20,x7,80006b52	 x20:0x00000000  x7:0x800065b0
      903139000	     45055	80006b52	89d1	c.andi	x11,20	 x11:0x00000000 x11=0x00000000
      903319000	     45064	80006b54	008e0733	add	x14,x28,x8	 x28:0x8001fdb4  x8:0x80000000 x14=0x0001fdb4
      903439000	     45070	80006b58	34006ef3	csrrsi	x29,mscratch,0	 x29=0x00000003
      903459000	     45071	80006b5c	3400b0f3	csrrc	x1,mscratch,x1	  x1:0x00000000  x1=0x00000003
      903559000	     45076	80006b60	02ab23b3	mulhsu	x7,x22,x10	 x22:0x00000000 x10:0x00000098  x7=0x00000000
      903579000	     45077	80006b64	34069df3	csrrw	x27,mscratch,x13	 x13:0x8478ea12 x27=0x00000003
      903599000	     45078	80006b68	01694c63	blt	x18,x22,80006b80	 x18:0x00000000 x22:0x00000000
      903899000	     45093	80006b6c	c816b013	sltiu	x0,x13,-895	 x13:0x8478ea12  x0=0x00000000
      903999000	     45098	80006b70	df9778b7	lui	x17,0xdf977	 x17=0xdf977000
      904019000	     45099	80006b74	c5d5b693	sltiu	x13,x11,-931	 x11:0x00000000 x13=0x00000001
      905159000	     45156	80006b78	0319cb33	div	x22,x19,x17	 x19:0x8000619a x17:0xdf977000 x22=0x00000003
      905179000	     45157	80006b7c	00c99793	slli	x15,x19,0xc	 x19:0x8000619a x15=0x0619a000
      905199000	     45158	80006b80	21837d37	lui	x26,0x21837	 x26=0x21837000
      905219000	     45159	80006b84	0094ff63	bgeu	x9,x9,80006ba2	  x9:0x00000000  x9:0x00000000
      905859000	     45191	80006ba2	9bfd	c.andi	x15,-1	 x15:0x0619a000 x15=0x0619a000
      906599000	     45228	80006ba4	0222c1b3	div	x3,x5,x2	  x5:0xc0000000  x2:0x800067f6  x3=0x00000000
      906639000	     45230	80006ba8	03c4bdb3	mulhu	x27,x9,x28	  x9:0x00000000 x28:0x8001fdb4 x27=0x00000000
      906679000	     45232	80006bac	027abfb3	mulhu	x31,x21,x7	 x21:0x00000003  x7:0x00000000 x31=0x00000000
      906699000	     45233	80006bb0	dff3f193	andi	x3,x7,-513	  x7:0x00000000  x3=0x00000000
      906719000	     45234	80006bb4	03851763	bne	x10,x24,80006be2	 x10:0x00000098 x24:0x00000000
      907239000	     45260	80006be2	936e	c.add	x6,x27	  x6:0x00000001 x27:0x00000000  x6=0x00000001
      907259000	     45261	80006be4	d0a3ae93	slti	x29,x7,-758	  x7:0x00000000 x29=0x00000000
      907279000	     45262	80006be8	c2a9	c.beqz	x13,80006c2a	 x13:0x00000001
      907299000	     45263	80006bea	5c7d	c.li	x24,-1	 x24=0xffffffff
      907359000	     45266	80006bec	0d26	c.slli	x26,0x9	 x26:0x21837000 x26=0x06e00000
      907379000	     45267	80006bee	0001	c.addi	x0,0	  x0:0x00000000  x0=0x00000000
      907639000	     45280	80006bf0	01d2fc33	and	x24,x5,x29	  x5:0xc0000000 x29:0x00000000 x24=0x00000000
      907699000	     45283	80006bf4	016d08b3	add	x17,x26,x22	 x26:0x06e00000 x22:0x00000003 x17=0x06e00003
      907719000	     45284	80006bf8	eccbeb93	ori	x23,x23,-308	 x23:0x00000000 x23=0xfffffecc
      907739000	     45285	80006bfc	1994d997	auipc	x19,0x1994d	 x19=0x99953bfc
      907759000	     45286	80006c00	8de1	c.and	x11,x8	 x11:0x00000000  x8:0x80000000 x11=0x00000000
      908639000	     45330	80006c02	03046c33	rem	x24,x8,x16	  x8:0x80000000 x16:0x00000013 x24=0xfffffffd
      908659000	     45331	80006c06	00e92133	slt	x2,x18,x14	 x18:0x00000000 x14:0x0001fdb4  x2=0x00000001
      908679000	     45332	80006c0a	03030333	mul	x6,x6,x16	  x6:0x00000001 x16:0x00000013  x6=0x00000013
      908699000	     45333	80006c0e	34056ff3	csrrsi	x31,mscratch,10	 x31=0x8478ea12
      908719000	     45334	80006c12	400405b3	sub	x11,x8,x0	  x8:0x80000000  x0:0x00000000 x11=0x80000000
      908739000	     45335	80006c16	04ed8163	beq	x27,x14,80006c58	 x27:0x00000000 x14:0x0001fdb4
      908759000	     45336	80006c1a	00c75c13	srli	x24,x14,0xc	 x14:0x0001fdb4 x24=0x0000001f
      909199000	     45358	80006c1e	02aa9563	bne	x21,x10,80006c48	 x21:0x00000003 x10:0x00000098
      909719000	     45384	80006c48	838d	c.srli	x15,0x3	 x15:0x0619a000 x15=0x00c33400
      909739000	     45385	80006c4a	8d75	c.and	x10,x13	 x10:0x00000098 x13:0x00000001 x10=0x00000000
      909839000	     45390	80006c4c	03ce4863	blt	x28,x28,80006c7c	 x28:0x8001fdb4 x28:0x8001fdb4
      910259000	     45411	80006c50	04400263	beq	x0,x4,80006c94	  x0:0x00000000  x4:0x00000000
      910439000	     45420	80006c94	93e84293	xori	x5,x16,-1730	 x16:0x00000013  x5=0xfffff92d
      910579000	     45427	80006c98	01ec1463	bne	x24,x30,80006ca0	 x24:0x0000001f x30:0xffffffff
      911119000	     45454	80006ca0	0ff0000f	fence	iorw,iorw	
      911299000	     45463	80006ca4	717d	c.addi16sp	x2,-16	  x2:0x00000001  x2=0xfffffff1
      911319000	     45464	80006ca6	8ec9	c.or	x13,x10	 x13:0x00000001 x10:0x00000000 x13=0x00000001
      911399000	     45468	80006ca8	01fe5b33	srl	x22,x28,x31	 x28:0x8001fdb4 x31:0x8478ea12 x22=0x00002000
      911419000	     45469	80006cac	340966f3	csrrsi	x13,mscratch,18	 x13=0x8478ea1a
      911839000	     45490	80006cb0	2b804313	xori	x6,x0,696	  x0:0x00000000  x6=0x000002b8
      911859000	     45491	80006cb4	005ba533	slt	x10,x23,x5	 x23:0xfffffecc  x5:0xfffff92d x10=0x00000000
      911879000	     45492	80006cb8	005b93b3	sll	x7,x23,x5	 x23:0xfffffecc  x5:0xfffff92d  x7=0xffd98000
      912619000	     45529	80006cbc	03ee6cb3	rem	x25,x28,x30	 x28:0x8001fdb4 x30:0xffffffff x25=0x00000000
      912639000	     45530	80006cc0	8d2d	c.xor	x10,x11	 x10:0x00000000 x11:0x80000000 x10=0x80000000
      912659000	     45531	80006cc2	018f6133	or	x2,x30,x24	 x30:0xffffffff x24:0x0000001f  x2=0xffffffff
      912679000	     45532	80006cc6	1378cc13	xori	x24,x17,311	 x17:0x06e00003 x24=0x06e00134
      912699000	     45533	80006cca	4d484313	xori	x6,x16,1236	 x16:0x00000013  x6=0x000004c7
      912719000	     45534	80006cce	d900bd93	sltiu	x27,x1,-624	  x1:0x00000003 x27=0x00000001
      912739000	     45535	80006cd2	017f7463	bgeu	x30,x23,80006cda	 x30:0xffffffff x23:0xfffffecc
      914419000	     45619	80006cda	b80fc813	xori	x16,x31,-1152	 x31:0x8478ea12 x16=0x7b871192
      914559000	     45626	80006cde	03256933	rem	x18,x10,x18	 x10:0x80000000 x18:0x00000000 x18=0x80000000
      914579000	     45627	80006ce2	05c9d063	bge	x19,x28,80006d22	 x19:0x99953bfc x28:0x8001fdb4
      915639000	     45680	80006d22	01c7d893	srli	x17,x15,0x1c	 x15:0x00c33400 x17=0x00000000
      915659000	     45681	80006d26	13398d93	addi	x27,x19,307	 x19:0x99953bfc x27=0x99953d2f
      915679000	     45682	80006d2a	ed8d	c.bnez	x11,80006d64	 x11:0x80000000
      916179000	     45707	80006d64	02fdc763	blt	x27,x15,80006d92	 x27:0x99953d2f x15:0x00c33400
      917139000	     45755	80006d92	01ef08b3	add	x17,x30,x30	 x30:0xffffffff x30:0xffffffff x17=0xfffffffe
      917159000	     45756	80006d96	8fbd	c.xor	x15,x15	 x15:0x00c33400 x15:0x00c33400 x15=0x00000000
      917179000	     45757	80006d98	0087dab3	srl	x21,x15,x8	 x15:0x00000000  x8:0x80000000 x21=0x00000000
      917239000	     45760	80006d9c	34065073	csrrwi	x0,mscratch,12	  x0=0x00000000
      917259000	     45761	80006da0	d99e4013	xori	x0,x28,-615	 x28:0x8001fdb4  x0=0x00000000
      917279000	     45762	80006da4	340321f3	csrrs	x3,mscratch,x6	  x6:0x000004c7  x3=0x0000000c
      917299000	     45763	80006da8	0000100f	fence.i	
      917479000	     45772	80006dac	8ee5	c.and	x13,x9	 x13:0x8478ea1a  x9:0x00000000 x13=0x00000000
      917819000	     45789	80006dae	da84f813	andi	x16,x9,-600	  x9:0x00000000 x16=0x00000000
      918019000	     45799	80006db2	409101b3	sub	x3,x2,x9	  x2:0xffffffff  x9:0x00000000  x3=0xffffffff
      918039000	     45800	80006db6	856d	c.srai	x10,0x1b	 x10:0x80000000 x10=0xfffffff0
      918119000	     45804	80006db8	02b12cb3	mulhsu	x25,x2,x11	  x2:0xffffffff x11:0x80000000 x25=0xffffffff
      918139000	     45805	80006dbc	00738f33	add	x30,x7,x7	  x7:0xffd98000  x7:0xffd98000 x30=0xffb30000
      918159000	     45806	80006dc0	340135f3	csrrc	x11,mscratch,x2	  x2:0xffffffff x11=0x000004cf
      918179000	     45807	80006dc4	3404ea73	csrrsi	x20,mscratch,9	 x20=0x00000000
      918259000	     45811	80006dc8	e095	c.bnez	x9,80006dec	  x9:0x00000000
      918279000	     45812	80006dca	00560a63	beq	x12,x5,80006dde	 x12:0x80023ce4  x5:0xfffff92d
      918299000	     45813	80006dce	c71d	c.beqz	x14,80006dfc	 x14:0x0001fdb4
      918319000	     45814	80006dd0	003cedb3	or	x27,x25,x3	 x25:0xffffffff  x3:0xffffffff x27=0xffffffff
      918579000	     45827	80006dd4	0ff0000f	fence	iorw,iorw	
      918599000	     45828	80006dd8	8956	c.mv	x18,x21	  x0:0x00000000 x21:0x00000000 x18=0x00000000
      918619000	     45829	80006dda	382ab817	auipc	x16,0x382ab	 x16=0xb82b1dda
      918779000	     45837	80006dde	03f1f463	bgeu	x3,x31,80006e06	  x3:0xffffffff x31:0x8478ea12
      919019000	     45849	80006e06	0ff0000f	fence	iorw,iorw	
      919039000	     45850	80006e0a	0128fe63	bgeu	x17,x18,80006e26	 x17:0xfffffffe x18:0x00000000
      919499000	     45873	80006e26	118c	c.addi4spn	x11,x2,224	 x11=0x000000df
      920279000	     45912	80006e28	037ec7b3	div	x15,x29,x23	 x29:0x00000000 x23:0xfffffecc x15=0x00000000
      920299000	     45913	80006e2c	8dad	c.xor	x11,x11	 x11:0x000000df x11:0x000000df x11=0x00000000
      920319000	     45914	80006e2e	86e9	c.srai	x13,0x1a	 x13:0x00000000 x13=0x00000000
      920359000	     45916	80006e30	03e5b533	mulhu	x10,x11,x30	 x11:0x00000000 x30:0xffb30000 x10=0x00000000
      920379000	     45917	80006e34	9362	c.add	x6,x24	  x6:0x000004c7 x24:0x06e00134  x6=0x06e005fb
      920399000	     45918	80006e36	89b9	c.andi	x11,14	 x11:0x00000000 x11=0x00000000
      920419000	     45919	80006e38	070f6e63	bltu	x30,x16,80006eb4	 x30:0xffb30000 x16:0xb82b1dda
      920439000	     45920	80006e3c	35a93c13	sltiu	x24,x18,858	 x18:0x00000000 x24=0x00000001
      920499000	     45923	80006e40	3409a6f3	csrrs	x13,mscratch,x19	 x19:0x99953bfc x13=0x00000009
      920559000	     45926	80006e44	3408daf3	csrrwi	x21,mscratch,17	 x21=0x99953bfd
      920579000	     45927	80006e48	340adc73	csrrwi	x24,mscratch,21	 x24=0x00000011
      920679000	     45932	80006e4c	0ff0000f	fence	iorw,iorw	
      920699000	     45933	80006e50	01f996b3	sll	x13,x19,x31	 x19:0x99953bfc x31:0x8478ea12 x13=0xeff00000
      920719000	     45934	80006e54	02c001ef	jal	x3,80006e80	  x3=0x80006e58
      921039000	     45950	80006e80	37d5	c.jal	80006e64	  x1=0x80006e82
      921659000	     45981	80006e64	2811	c.jal	80006e78	  x1=0x80006e66
      922539000	     46025	80006e78	bfcd	c.j	80006e6a	
      923759000	     46086	80006e6a	2005	c.jal	80006e8a	  x1=0x80006e6c
      924639000	     46130	80006e8a	a039	c.j	80006e98	
      925759000	     46186	80006e98	bfd9	c.j	80006e6e	
      925799000	     46188	80006e6e	a031	c.j	80006e7a	
      926259000	     46211	80006e7a	2005	c.jal	80006e9a	  x1=0x80006e7c
      926339000	     46215	80006e9a	ff3ff36f	jal	x6,80006e8c	  x6=0x80006e9e
      926399000	     46218	80006e8c	bfd9	c.j	80006e62	
      926859000	     46241	80006e62	a035	c.j	80006e8e	
      926899000	     46243	80006e8e	b7f1	c.j	80006e5a	
      927719000	     46284	80006e5a	200d	c.jal	80006e7c	  x1=0x80006e5c
      927759000	     46286	80006e7c	0140036f	jal	x6,80006e90	  x6=0x80006e80
      927839000	     46290	80006e90	b7c5	c.j	80006e70	
      927899000	     46293	80006e70	02400c6f	jal	x24,80006e94	 x24=0x80006e74
      927959000	     46296	80006e94	3fc5	c.jal	80006e84	  x1=0x80006e96
      928479000	     46322	80006e84	fd5ff0ef	jal	x1,80006e58	  x1=0x80006e88
      928519000	     46324	80006e58	a811	c.j	80006e6c	
      928559000	     46326	80006e6c	3fc5	c.jal	80006e5c	  x1=0x80006e6e
      928599000	     46328	80006e5c	a011	c.j	80006e60	
      928679000	     46332	80006e60	2025	c.jal	80006e88	  x1=0x80006e62
      928739000	     46335	80006e88	3fed	c.jal	80006e82	  x1=0x80006e8a
      928799000	     46338	80006e82	bff1	c.j	80006e5e	
      928859000	     46341	80006e5e	a825	c.j	80006e96	
      928919000	     46344	80006e96	bfc1	c.j	80006e66	
      928999000	     46348	80006e66	02c000ef	jal	x1,80006e92	  x1=0x80006e6a
      929039000	     46350	80006e92	b7cd	c.j	80006e74	
      929079000	     46352	80006e74	02a00bef	jal	x23,80006e9e	 x23=0x80006e78
      929139000	     46355	80006e9e	01ea6db3	or	x27,x20,x30	 x20:0x00000000 x30:0xffb30000 x27=0xffb30000
      929159000	     46356	80006ea2	57fd	c.li	x15,-1	 x15=0xffffffff
      929179000	     46357	80006ea4	c489	c.beqz	x9,80006eae	  x9:0x00000000
      929539000	     46375	80006eae	0084d5b3	srl	x11,x9,x8	  x9:0x00000000  x8:0x80000000 x11=0x00000000
      929559000	     46376	80006eb2	8cbd	c.xor	x9,x15	  x9:0x00000000 x15:0xffffffff  x9=0xffffffff
      929859000	     46391	80006eb4	8715	c.srai	x14,0x5	 x14:0x0001fdb4 x14=0x00000fed
      930239000	     46410	80006eb6	03570133	mul	x2,x14,x21	 x14:0x00000fed x21:0x99953bfd  x2=0xedac5c39
      930259000	     46411	80006eba	011f1663	bne	x30,x17,80006ec6	 x30:0xffb30000 x17:0xfffffffe
      930459000	     46421	80006ec6	cd91	c.beqz	x11,80006ee2	 x11:0x00000000
      930839000	     46440	80006ee2	3ca94a13	xori	x20,x18,970	 x18:0x00000000 x20=0x000003ca
      930859000	     46441	80006ee6	8cb9	c.xor	x9,x14	  x9:0xffffffff x14:0x00000fed  x9=0xfffff012
      930879000	     46442	80006ee8	8d7d	c.and	x10,x15	 x10:0x00000000 x15:0xffffffff x10=0x00000000
      931059000	     46451	80006eea	01849a13	slli	x20,x9,0x18	  x9:0xfffff012 x20=0x12000000
      931179000	     46457	80006eee	01ff5963	bge	x30,x31,80006f00	 x30:0xffb30000 x31:0x8478ea12
      931619000	     46479	80006f00	00a3a7b3	slt	x15,x7,x10	  x7:0xffd98000 x10:0x00000000 x15=0x00000001
      931639000	     46480	80006f04	0001	c.addi	x0,0	  x0:0x00000000  x0=0x00000000
      931659000	     46481	80006f06	b3e34693	xori	x13,x6,-1218	  x6:0x80006e80 x13=0x7fff95be
      931679000	     46482	80006f0a	64f4aa93	slti	x21,x9,1615	  x9:0xfffff012 x21=0x00000001
      931719000	     46484	80006f0e	0253b8b3	mulhu	x17,x7,x5	  x7:0xffd98000  x5:0xfffff92d x17=0xffd9792e
      931959000	     46496	80006f12	7b468213	addi	x4,x13,1972	 x13:0x7fff95be  x4=0x7fff9d72
      931979000	     46497	80006f16	40925013	srai	x0,x4,0x9	  x4:0x7fff9d72  x0=0x00000000
      932059000	     46501	80006f1a	0306a533	mulhsu	x10,x13,x16	 x13:0x7fff95be x16:0xb82b1dda x10=0x5c15427b
      932399000	     46518	80006f1e	020aab33	mulhsu	x22,x21,x0	 x21:0x00000001  x0:0x00000000 x22=0x00000000
      932419000	     46519	80006f22	96be	c.add	x13,x15	 x13:0x7fff95be x15:0x00000001 x13=0x7fff95bf
      932759000	     46536	80006f24	00c29eb3	sll	x29,x5,x12	  x5:0xfffff92d x12:0x80023ce4 x29=0xffff92d0
      942519000	     47024	80006f28	340bbcf3	csrrc	x25,mscratch,x23	 x23:0x80006e78 x25=0x00000015
      942539000	     47025	80006f2c	34006273	csrrsi	x4,mscratch,0	  x4=0x00000005
      942559000	     47026	80006f30	340072f3	csrrci	x5,mscratch,0	  x5=0x00000005
      942579000	     47027	80006f34	6179	c.addi16sp	x2,464	  x2:0xedac5c39  x2=0xedac5e09
      942599000	     47028	80006f36	34006df3	csrrsi	x27,mscratch,0	 x27=0x00000005
      942619000	     47029	80006f3a	1a18	c.addi4spn	x14,x2,304	 x14=0xedac5f39
      942639000	     47030	80006f3c	03bc0f33	mul	x30,x24,x27	 x24:0x80006e74 x27:0x00000005 x30=0x80022844
      942659000	     47031	80006f40	c51d	c.beqz	x10,80006f6e	 x10:0x5c15427b
      942679000	     47032	80006f42	0d2e	c.slli	x26,0xb	 x26:0x06e00000 x26=0x00000000
      942919000	     47044	80006f44	0cd0ff93	andi	x31,x1,205	  x1:0x80006e6a x31=0x00000048
      942939000	     47045	80006f48	8dc5	c.or	x11,x9	 x11:0x00000000  x9:0xfffff012 x11=0xfffff012
      942959000	     47046	80006f4a	c695	c.beqz	x13,80006f76	 x13:0x7fff95bf
      942979000	     47047	80006f4c	000ecab3	xor	x21,x29,x0	 x29:0xffff92d0  x0:0x00000000 x21=0xffff92d0
      942999000	     47048	80006f50	8f4d	c.or	x14,x11	 x14:0xedac5f39 x11:0xfffff012 x14=0xffffff3b
      943019000	     47049	80006f52	00d6a4b3	slt	x9,x13,x13	 x13:0x7fff95bf x13:0x7fff95bf  x9=0x00000000
      943179000	     47057	80006f56	009868b3	or	x17,x16,x9	 x16:0xb82b1dda  x9:0x00000000 x17=0xb82b1dda
      943379000	     47067	80006f5a	340099f3	csrrw	x19,mscratch,x1	  x1:0x80006e6a x19=0x00000005
      943399000	     47068	80006f5e	34083173	csrrc	x2,mscratch,x16	 x16:0xb82b1dda  x2=0x80006e6a
      944139000	     47105	80006f62	0341eeb3	rem	x29,x3,x20	  x3:0x80006e58 x20:0x12000000 x29=0xfe006e58
      944159000	     47106	80006f66	434d	c.li	x6,19	  x6=0x00000013
      944899000	     47143	80006f68	0286f3b3	remu	x7,x13,x8	 x13:0x7fff95bf  x8:0x80000000  x7=0x7fff95bf
      944919000	     47144	80006f6c	997d	c.andi	x10,-1	 x10:0x5c15427b x10=0x5c15427b
      944939000	     47145	80006f6e	00bd0833	add	x16,x26,x11	 x26:0x00000000 x11:0xfffff012 x16=0xfffff012
      944979000	     47147	80006f72	030197b3	mulh	x15,x3,x16	  x3:0x80006e58 x16:0xfffff012 x15=0x000007f6
      944999000	     47148	80006f76	1b18	c.addi4spn	x14,x2,432	 x14=0x8000701a
      945019000	     47149	80006f78	83a5	c.srli	x15,0x9	 x15:0x000007f6 x15=0x00000003
      945039000	     47150	80006f7a	41d25233	sra	x4,x4,x29	  x4:0x00000005 x29:0xfe006e58  x4=0x00000000
      945059000	     47151	80006f7e	4b61	c.li	x22,24	 x22=0x00000018
      945399000	     47168	80006f80	00846d63	bltu	x8,x8,80006f9a	  x8:0x80000000  x8:0x80000000
      945479000	     47172	80006f84	86a6	c.mv	x13,x9	  x0:0x00000000  x9:0x00000000 x13=0x00000000
      945499000	     47173	80006f86	00f89c63	bne	x17,x15,80006f9e	 x17:0xb82b1dda x15:0x00000003
      945839000	     47190	80006f9e	8135	c.srli	x10,0xd	 x10:0x5c15427b x10=0x0002e0aa
      945879000	     47192	80006fa0	340075f3	csrrci	x11,mscratch,0	 x11=0x00006220
      947019000	     47249	80006fa4	027a4bb3	div	x23,x20,x7	 x20:0x12000000  x7:0x7fff95bf x23=0x00000000
      947039000	     47250	80006fa8	03414163	blt	x2,x20,80006fca	  x2:0x80006e6a x20:0x12000000
      947139000	     47255	80006fca	cc884697	auipc	x13,0xcc884	 x13=0x4c88afca
      947159000	     47256	80006fce	09367d93	andi	x27,x12,147	 x12:0x80023ce4 x27=0x00000080
      947699000	     47283	80006fd2	340ae7f3	csrrsi	x15,mscratch,21	 x15=0x00006220
      947719000	     47284	80006fd6	018fb5b3	sltu	x11,x31,x24	 x31:0x00000048 x24:0x80006e74 x11=0x00000001
      948019000	     47299	80006fda	017d8f93	addi	x31,x27,23	 x27:0x00000080 x31=0x00000097
      948039000	     47300	80006fde	8386	c.mv	x7,x1	  x0:0x00000000  x1:0x80006e6a  x7=0x80006e6a
      948439000	     47320	80006fe0	00a36f33	or	x30,x6,x10	  x6:0x00000013 x10:0x0002e0aa x30=0x0002e0bb
      948459000	     47321	80006fe4	4035df13	srai	x30,x11,0x3	 x11:0x00000001 x30=0x00000000
      948479000	     47322	80006fe8	002c2f33	slt	x30,x24,x2	 x24:0x80006e74  x2:0x80006e6a x30=0x00000000
      948499000	     47323	80006fec	5806d837	lui	x16,0x5806d	 x16=0x5806d000
      948559000	     47326	80006ff0	41f9	c.li	x3,30	  x3=0x0000001e
      949419000	     47369	80006ff2	03dd70b3	remu	x1,x26,x29	 x26:0x00000000 x29:0xfe006e58  x1=0x00000000
      949439000	     47370	80006ff6	0278d163	bge	x17,x7,80007018	 x17:0xb82b1dda  x7:0x80006e6a
      949919000	     47394	80007018	006448b3	xor	x17,x8,x6	  x8:0x80000000  x6:0x00000013 x17=0x80000013
      950019000	     47399	8000701c	5c7d	c.li	x24,-1	 x24=0xffffffff
      950039000	     47400	8000701e	01c9ca33	xor	x20,x19,x28	 x19:0x00000005 x28:0x8001fdb4 x20=0x8001fdb1
      950379000	     47417	80007022	0125a833	slt	x16,x11,x18	 x11:0x00000001 x18:0x00000000 x16=0x00000000
      950399000	     47418	80007026	5f7d	c.li	x30,-1	 x30=0xffffffff
      951139000	     47455	80007028	038bef33	rem	x30,x23,x24	 x23:0x00000000 x24:0xffffffff x30=0x00000000
      951159000	     47456	8000702c	41215493	srai	x9,x2,0x12	  x2:0x80006e6a  x9=0xffffe000
      951179000	     47457	80007030	340037f3	csrrc	x15,mscratch,x0	  x0:0x00000000 x15=0x00006235
      951199000	     47458	80007034	03da86b3	mul	x13,x21,x29	 x21:0xffff92d0 x29:0xfe006e58 x13=0x30efd780
      951219000	     47459	80007038	09b2	c.slli	x19,0xc	 x19:0x00000005 x19=0x00005000
      951259000	     47461	8000703a	03a458b3	divu	x17,x8,x26	  x8:0x80000000 x26:0x00000000 x17=0xffffffff
      951679000	     47482	8000703e	02480d63	beq	x16,x4,80007078	 x16:0x00000000  x4:0x00000000
      952179000	     47507	80007078	00a491b3	sll	x3,x9,x10	  x9:0xffffe000 x10:0x0002e0aa  x3=0xff800000
      952299000	     47513	8000707c	019ba7b3	slt	x15,x23,x25	 x23:0x00000000 x25:0x00000015 x15=0x00000001
      952319000	     47514	80007080	0091e033	or	x0,x3,x9	  x3:0xff800000  x9:0xffffe000  x0=0x00000000
      952339000	     47515	80007084	340212f3	csrrw	x5,mscratch,x4	  x4:0x00000000  x5=0x00006235
      952759000	     47536	80007088	8cad	c.xor	x9,x11	  x9:0xffffe000 x11:0x00000001  x9=0xffffe001
      952839000	     47540	8000708a	0013acb3	slt	x25,x7,x1	  x7:0x80006e6a  x1:0x00000000 x25=0x00000001
      953139000	     47555	8000708e	024958b3	divu	x17,x18,x4	 x18:0x00000000  x4:0x00000000 x17=0xffffffff
      953159000	     47556	80007092	a6073c93	sltiu	x25,x14,-1440	 x14:0x8000701a x25=0x00000001
      953179000	     47557	80007096	001550b3	srl	x1,x10,x1	 x10:0x0002e0aa  x1:0x00000000  x1=0x0002e0aa
      953199000	     47558	8000709a	ca95	c.beqz	x13,800070ce	 x13:0x30efd780
      953219000	     47559	8000709c	03dc82b3	mul	x5,x25,x29	 x25:0x00000001 x29:0xfe006e58  x5=0xfe006e58
      953239000	     47560	800070a0	340078f3	csrrci	x17,mscratch,0	 x17=0x00000000
      953259000	     47561	800070a4	4f75	c.li	x30,29	 x30=0x0000001d
      953399000	     47568	800070a6	0039a7b3	slt	x15,x19,x3	 x19:0x00005000  x3:0xff800000 x15=0x00000000
      953419000	     47569	800070aa	6141	c.addi16sp	x2,16	  x2:0x80006e6a  x2=0x80006e7a
      953899000	     47593	800070ac	02fdc033	div	x0,x27,x15	 x27:0x00000080 x15:0x00000000  x0=0x00000000
      953919000	     47594	800070b0	0ff0000f	fence	iorw,iorw	
      953939000	     47595	800070b4	6fad	c.lui	x31,0xb	 x31=0x0000b000
      953959000	     47596	800070b6	87f9	c.srai	x15,0x1e	 x15:0x00000000 x15=0x00000000
      953979000	     47597	800070b8	03e5ca63	blt	x11,x30,800070ec	 x11:0x00000001 x30:0x0000001d
      954239000	     47610	800070ec	e6520793	addi	x15,x4,-411	  x4:0x00000000 x15=0xfffffe65
      954719000	     47634	800070f0	34002cf3	csrrs	x25,mscratch,x0	  x0:0x00000000 x25=0x00000000
      954739000	     47635	800070f4	8c7e	c.mv	x24,x31	  x0:0x00000000 x31:0x0000b000 x24=0x0000b000
      954759000	     47636	800070f6	34006bf3	csrrsi	x23,mscratch,0	 x23=0x00000000
      954839000	     47640	800070fa	01bef363	bgeu	x29,x27,80007100	 x29:0xfe006e58 x27:0x00000080
      955559000	     47676	80007100	0092b2b3	sltu	x5,x5,x9	  x5:0xfe006e58  x9:0xffffe001  x5=0x00000001
      955579000	     47677	80007104	b276c193	xori	x3,x13,-1241	 x13:0x30efd780  x3=0xcf102ca7
      955599000	     47678	80007108	3401d3f3	csrrwi	x7,mscratch,3	  x7=0x00000000
      955639000	     47680	8000710c	012850b3	srl	x1,x16,x18	 x16:0x00000000 x18:0x00000000  x1=0x00000000
      955659000	     47681	80007110	06fa	c.slli	x13,0x1e	 x13:0x30efd780 x13=0x00000000
      955859000	     47691	80007112	00817b63	bgeu	x2,x8,80007128	  x2:0x80006e7a  x8:0x80000000
      956359000	     47716	80007128	8de5	c.and	x11,x9	 x11:0x00000001  x9:0xffffe001 x11=0x00000001
      956659000	     47731	8000712a	01356863	bltu	x10,x19,8000713a	 x10:0x0002e0aa x19:0x00005000
      956679000	     47732	8000712e	00326263	bltu	x4,x3,80007132	  x4:0x00000000  x3:0xcf102ca7
      956899000	     47743	80007132	01055ab3	srl	x21,x10,x16	 x10:0x0002e0aa x16:0x00000000 x21=0x0002e0aa
      956939000	     47745	80007136	030658b3	divu	x17,x12,x16	 x12:0x80023ce4 x16:0x00000000 x17=0xffffffff
      956959000	     47746	8000713a	8f61	c.and	x14,x8	 x14:0x8000701a  x8:0x80000000 x14=0x80000000
      956979000	     47747	8000713c	0ff0000f	fence	iorw,iorw	
      957019000	     47749	80007140	03aec4b3	div	x9,x29,x26	 x29:0xfe006e58 x26:0x00000000  x9=0xffffffff
      957139000	     47755	80007144	82daba13	sltiu	x20,x21,-2003	 x21:0x0002e0aa x20=0x00000001
      957159000	     47756	80007148	34003cf3	csrrc	x25,mscratch,x0	  x0:0x00000000 x25=0x00000003
      957179000	     47757	8000714c	86957993	andi	x19,x10,-1943	 x10:0x0002e0aa x19=0x0002e028
      957339000	     47765	80007150	0037ff63	bgeu	x15,x3,8000716e	 x15:0xfffffe65  x3:0xcf102ca7
      958359000	     47816	8000716e	1bfd	c.addi	x23,-1	 x23:0x00000000 x23=0xffffffff
      958759000	     47836	80007170	41570ab3	sub	x21,x14,x21	 x14:0x80000000 x21:0x0002e0aa x21=0x7ffd1f56
      958819000	     47839	80007174	6379	c.lui	x6,0x1e	  x6=0x0001e000
      959059000	     47851	80007176	03f66863	bltu	x12,x31,800071a6	 x12:0x80023ce4 x31:0x0000b000
      959799000	     47888	8000717a	022ac733	div	x14,x21,x2	 x21:0x7ffd1f56  x2:0x80006e7a x14=0x00000000
      959819000	     47889	8000717e	9a5e	c.add	x20,x23	 x20:0x00000001 x23:0xffffffff x20=0x00000000
      960559000	     47926	80007180	037ceb33	rem	x22,x25,x23	 x25:0x00000003 x23:0xffffffff x22=0x00000000
      960579000	     47927	80007184	9a42	c.add	x20,x16	 x20:0x00000000 x16:0x00000000 x20=0x00000000
      960599000	     47928	80007186	8eb5	c.xor	x13,x13	 x13:0x00000000 x13:0x00000000 x13=0x00000000
      960619000	     47929	80007188	3bea3f13	sltiu	x30,x20,958	 x20:0x00000000 x30=0x00000001
      960639000	     47930	8000718c	01be50b3	srl	x1,x28,x27	 x28:0x8001fdb4 x27:0x00000080  x1=0x8001fdb4
      960659000	     47931	80007190	0e258593	addi	x11,x11,226	 x11:0x00000001 x11=0x000000e3
      960679000	     47932	80007194	0058a333	slt	x6,x17,x5	 x17:0xffffffff  x5:0x00000001  x6=0x00000001
      960699000	     47933	80007198	7a6ae393	ori	x7,x21,1958	 x21:0x7ffd1f56  x7=0x7ffd1ff6
      960719000	     47934	8000719c	41bc0eb3	sub	x29,x24,x27	 x24:0x0000b000 x27:0x00000080 x29=0x0000af80
      961099000	     47953	800071a0	02be	c.slli	x5,0xf	  x5:0x00000001  x5=0x00008000
      961319000	     47964	800071a2	005d4963	blt	x26,x5,800071b4	 x26:0x00000000  x5:0x00008000
      962639000	     48030	800071b4	0c45	c.addi	x24,17	 x24:0x0000b000 x24=0x0000b011
      962659000	     48031	800071b6	0001	c.addi	x0,0	  x0:0x00000000  x0=0x00000000
      962679000	     48032	800071b8	01f9	c.addi	x3,30	  x3:0xcf102ca7  x3=0xcf102cc5
      962779000	     48037	800071ba	340463f3	csrrsi	x7,mscratch,8	  x7=0x00000003
      963859000	     48091	800071be	031c4fb3	div	x31,x24,x17	 x24:0x0000b011 x17:0xffffffff x31=0xffff4fef
      963879000	     48092	800071c2	79ad6913	ori	x18,x26,1946	 x26:0x00000000 x18=0x0000079a
      963919000	     48094	800071c6	00ee1b33	sll	x22,x28,x14	 x28:0x8001fdb4 x14:0x00000000 x22=0x8001fdb4
      963939000	     48095	800071ca	0001	c.addi	x0,0	  x0:0x00000000  x0=0x00000000
      964339000	     48115	800071cc	340032f3	csrrc	x5,mscratch,x0	  x0:0x00000000  x5=0x0000000b
      964359000	     48116	800071d0	4ac1	c.li	x21,16	 x21=0x00000010
      964419000	     48119	800071d2	00569663	bne	x13,x5,800071de	 x13:0x00000000  x5:0x0000000b
      964819000	     48139	800071de	8d41	c.or	x10,x8	 x10:0x0002e0aa  x8:0x80000000 x10=0x8002e0aa
      964879000	     48142	800071e0	02ccb1b3	mulhu	x3,x25,x12	 x25:0x00000003 x12:0x80023ce4  x3=0x00000001
      964899000	     48143	800071e4	010ca6b3	slt	x13,x25,x16	 x25:0x00000003 x16:0x00000000 x13=0x00000000
      964919000	     48144	800071e8	85c9	c.srai	x11,0x12	 x11:0x000000e3 x11=0x00000000
      964979000	     48147	800071ea	340e1273	csrrw	x4,mscratch,x28	 x28:0x8001fdb4  x4=0x0000000b
      964999000	     48148	800071ee	0001	c.addi	x0,0	  x0:0x00000000  x0=0x00000000
      965039000	     48150	800071f0	00a8e933	or	x18,x17,x10	 x17:0xffffffff x10:0x8002e0aa x18=0xffffffff
      965059000	     48151	800071f4	031b08b3	mul	x17,x22,x17	 x22:0x8001fdb4 x17:0xffffffff x17=0x7ffe024c
      965139000	     48155	800071f8	02c335b3	mulhu	x11,x6,x12	  x6:0x00000001 x12:0x80023ce4 x11=0x00000000
      965299000	     48163	800071fc	584afa97	auipc	x21,0x584af	 x21=0xd84b61fc
      965319000	     48164	80007200	34027073	csrrci	x0,mscratch,4	  x0=0x00000000
      965339000	     48165	80007204	340b3973	csrrc	x18,mscratch,x22	 x22:0x8001fdb4 x18=0x8001fdb0
      965419000	     48169	80007208	340ddb73	csrrwi	x22,mscratch,27	 x22=0x00000000
      965439000	     48170	8000720c	5b1777b7	lui	x15,0x5b177	 x15=0x5b177000
      965639000	     48180	80007210	012e	c.slli	x2,0xb	  x2:0x80006e7a  x2=0x0373d000
      965659000	     48181	80007212	41630f33	sub	x30,x6,x22	  x6:0x00000001 x22:0x00000000 x30=0x00000001
      965679000	     48182	80007216	6139	c.addi16sp	x2,448	  x2:0x0373d000  x2=0x0373d1c0
      966019000	     48199	80007218	91f2	c.add	x3,x28	  x3:0x00000001 x28:0x8001fdb4  x3=0x8001fdb5
      966059000	     48201	8000721a	02863eb3	mulhu	x29,x12,x8	 x12:0x80023ce4  x8:0x80000000 x29=0x40011e72
      966079000	     48202	8000721e	848e	c.mv	x9,x3	  x0:0x00000000  x3:0x8001fdb5  x9=0x8001fdb5
      966139000	     48205	80007220	eb05	c.bnez	x14,80007250	 x14:0x00000000
      966279000	     48212	80007222	41ef5fb3	sra	x31,x30,x30	 x30:0x00000001 x30:0x00000001 x31=0x00000000
      966299000	     48213	80007226	d5d42697	auipc	x13,0xd5d42	 x13=0x55d49226
      966319000	     48214	8000722a	0000100f	fence.i	
      966559000	     48226	8000722e	7acdf493	andi	x9,x27,1964	 x27:0x00000080  x9=0x00000080
      966599000	     48228	80007232	34061cf3	csrrw	x25,mscratch,x12	 x12:0x80023ce4 x25=0x0000001b
      966619000	     48229	80007236	4741	c.li	x14,16	 x14=0x00000010
      966639000	     48230	80007238	03b8c863	blt	x17,x27,80007268	 x17:0x7ffe024c x27:0x00000080
      966679000	     48232	8000723c	002d7833	and	x16,x26,x2	 x26:0x00000000  x2:0x0373d1c0 x16=0x00000000
      967639000	     48280	80007240	02437133	remu	x2,x6,x4	  x6:0x00000001  x4:0x0000000b  x2=0x00000001
      967659000	     48281	80007244	02635f63	bge	x6,x6,80007282	  x6:0x00000001  x6:0x00000001
      968099000	     48303	80007282	00c8b133	sltu	x2,x17,x12	 x17:0x7ffe024c x12:0x80023ce4  x2=0x00000001
      968119000	     48304	80007286	4960a693	slti	x13,x1,1174	  x1:0x8001fdb4 x13=0x00000001
      968139000	     48305	8000728a	340119f3	csrrw	x19,mscratch,x2	  x2:0x00000001 x19=0x80023ce4
      968159000	     48306	8000728e	7c72af13	slti	x30,x5,1991	  x5:0x0000000b x30=0x00000001
      968199000	     48308	80007292	02e61cb3	mulh	x25,x12,x14	 x12:0x80023ce4 x14:0x00000010 x25=0xfffffff8
      968219000	     48309	80007296	ed15	c.bnez	x10,800072d2	 x10:0x8002e0aa
      968859000	     48341	800072d2	00ad0c33	add	x24,x26,x10	 x26:0x00000000 x10:0x8002e0aa x24=0x8002e0aa
      969039000	     48350	800072d6	4050da93	srai	x21,x1,0x5	  x1:0x8001fdb4 x21=0xfc000fed
      969059000	     48351	800072da	6e89	c.lui	x29,0x2	 x29=0x00002000
      969459000	     48371	800072dc	00f80f63	beq	x16,x15,800072fa	 x16:0x00000000 x15:0x5b177000
      969479000	     48372	800072e0	05f6c263	blt	x13,x31,80007324	 x13:0x00000001 x31:0x00000000
      969899000	     48393	800072e4	02630ab3	mul	x21,x6,x6	  x6:0x00000001  x6:0x00000001 x21=0x00000001
      969919000	     48394	800072e8	9f76	c.add	x30,x29	 x30:0x00000001 x29:0x00002000 x30=0x00002001
      969939000	     48395	800072ea	00855113	srli	x2,x10,0x8	 x10:0x8002e0aa  x2=0x008002e0
      969959000	     48396	800072ee	340656f3	csrrwi	x13,mscratch,12	 x13=0x00000001
      970159000	     48406	800072f2	340021f3	csrrs	x3,mscratch,x0	  x0:0x00000000  x3=0x0000000c
      970459000	     48421	800072f6	02542b33	mulhsu	x22,x8,x5	  x8:0x80000000  x5:0x0000000b x22=0xfffffffa
      970479000	     48422	800072fa	839a	c.mv	x7,x6	  x0:0x00000000  x6:0x00000001  x7=0x00000001
      970559000	     48426	800072fc	008e2333	slt	x6,x28,x8	 x28:0x8001fdb4  x8:0x80000000  x6=0x00000000
      970859000	     48441	80007300	027fb9b3	mulhu	x19,x31,x7	 x31:0x00000000  x7:0x00000001 x19=0x00000000
      970879000	     48442	80007304	00b65593	srli	x11,x12,0xb	 x12:0x80023ce4 x11=0x00100047
      970979000	     48447	80007308	03918ab3	mul	x21,x3,x25	  x3:0x0000000c x25:0xfffffff8 x21=0xffffffa0
      970999000	     48448	8000730c	340a5173	csrrwi	x2,mscratch,20	  x2=0x0000000c
      971419000	     48469	80007310	c50d	c.beqz	x10,8000733a	 x10:0x8002e0aa
      971439000	     48470	80007312	8775	c.srai	x14,0x1d	 x14:0x00000010 x14=0x00000000
      971459000	     48471	80007314	013406b3	add	x13,x8,x19	  x8:0x80000000 x19:0x00000000 x13=0x80000000
      971479000	     48472	80007318	01db44b3	xor	x9,x22,x29	 x22:0xfffffffa x29:0x00002000  x9=0xffffdffa
      971519000	     48474	8000731c	02dbb9b3	mulhu	x19,x23,x13	 x23:0xffffffff x13:0x80000000 x19=0x7fffffff
      971619000	     48479	80007320	03854663	blt	x10,x24,8000734c	 x10:0x8002e0aa x24:0x8002e0aa
      971639000	     48480	80007324	0001	c.addi	x0,0	  x0:0x00000000  x0=0x00000000
      971759000	     48486	80007326	02eb9863	bne	x23,x14,80007356	 x23:0xffffffff x14:0x00000000
      973099000	     48553	80007356	023f7333	remu	x6,x30,x3	 x30:0x00002001  x3:0x0000000c  x6=0x00000009
      973119000	     48554	8000735a	07e5e263	bltu	x11,x30,800073be	 x11:0x00100047 x30:0x00002001
      973139000	     48555	8000735e	8ee9	c.and	x13,x10	 x13:0x80000000 x10:0x8002e0aa x13=0x80000000
      973159000	     48556	80007360	01b35763	bge	x6,x27,8000736e	  x6:0x00000009 x27:0x00000080
      973179000	     48557	80007364	001d0933	add	x18,x26,x1	 x26:0x00000000  x1:0x8001fdb4 x18=0x8001fdb4
      973199000	     48558	80007368	0f35ea13	ori	x20,x11,243	 x11:0x00100047 x20=0x001000f7
      973219000	     48559	8000736c	8ca5	c.xor	x9,x9	  x9:0xffffdffa  x9:0xffffdffa  x9=0x00000000
      973599000	     48578	8000736e	012bc0b3	xor	x1,x23,x18	 x23:0xffffffff x18:0x8001fdb4  x1=0x7ffe024b
      974399000	     48618	80007372	036c6b33	rem	x22,x24,x22	 x24:0x8002e0aa x22:0xfffffffa x22=0xfffffffe
      974419000	     48619	80007376	8d81	c.sub	x11,x8	 x11:0x00100047  x8:0x80000000 x11=0x80100047
      974439000	     48620	80007378	e735	c.bnez	x14,800073e4	 x14:0x00000000
      974459000	     48621	8000737a	016001ef	jal	x3,80007390	  x3=0x8000737e
      974539000	     48625	80007390	ff7ff0ef	jal	x1,80007386	  x1=0x80007394
      974599000	     48628	80007386	a015	c.j	800073aa	
      975619000	     48679	800073aa	37ed	c.jal	80007394	  x1=0x800073ac
      975679000	     48682	80007394	00e0036f	jal	x6,800073a2	  x6=0x80007398
      975739000	     48685	800073a2	3fe5	c.jal	8000739a	  x1=0x800073a4
      975799000	     48688	8000739a	bfd5	c.j	8000738e	
      975859000	     48691	8000738e	bfed	c.j	80007388	
      975919000	     48694	80007388	2821	c.jal	800073a0	  x1=0x8000738a
      975959000	     48696	800073a0	bff9	c.j	8000737e	
      975999000	     48698	8000737e	2031	c.jal	8000738a	  x1=0x80007380
      976039000	     48700	8000738a	200d	c.jal	800073ac	  x1=0x8000738c
      976079000	     48702	800073ac	bfe5	c.j	800073a4	
      976119000	     48704	800073a4	fe9ff0ef	jal	x1,8000738c	  x1=0x800073a8
      976159000	     48706	8000738c	bfe5	c.j	80007384	
      976239000	     48710	80007384	2811	c.jal	80007398	  x1=0x80007386
      976299000	     48713	80007398	a011	c.j	8000739c	
      976359000	     48716	8000739c	fe5ff0ef	jal	x1,80007380	  x1=0x800073a0
      976419000	     48719	80007380	02e000ef	jal	x1,800073ae	  x1=0x80007384
      976479000	     48722	800073ae	bfed	c.j	800073a8	
      976539000	     48725	800073a8	2021	c.jal	800073b0	  x1=0x800073aa
      976619000	     48729	800073b0	03ddb0b3	mulhu	x1,x27,x29	 x27:0x00000080 x29:0x00002000  x1=0x00000000
      977359000	     48766	800073b4	03c26f33	rem	x30,x4,x28	  x4:0x0000000b x28:0x8001fdb4 x30=0x0000000b
      977379000	     48767	800073b8	0001	c.addi	x0,0	  x0:0x00000000  x0=0x00000000
      977399000	     48768	800073ba	3b017113	andi	x2,x2,944	  x2:0x0000000c  x2=0x00000000
      977419000	     48769	800073be	010fe663	bltu	x31,x16,800073ca	 x31:0x00000000 x16:0x00000000
      977439000	     48770	800073c2	0ff0000f	fence	iorw,iorw	
      977459000	     48771	800073c6	01e51913	slli	x18,x10,0x1e	 x10:0x8002e0aa x18=0x80000000
      977479000	     48772	800073ca	340ae0f3	csrrsi	x1,mscratch,21	  x1=0x00000014
      977519000	     48774	800073ce	00a54233	xor	x4,x10,x10	 x10:0x8002e0aa x10:0x8002e0aa  x4=0x00000000
      977739000	     48785	800073d2	008ba4b3	slt	x9,x23,x8	 x23:0xffffffff  x8:0x80000000  x9=0x00000000
      977959000	     48796	800073d6	006a9393	slli	x7,x21,0x6	 x21:0xffffffa0  x7=0xffffe800
      978379000	     48817	800073da	2f06f237	lui	x4,0x2f06f	  x4=0x2f06f000
      978399000	     48818	800073de	56fd	c.li	x13,-1	 x13=0xffffffff
      978539000	     48825	800073e0	c2cce693	ori	x13,x25,-980	 x25:0xfffffff8 x13=0xfffffffc
      978559000	     48826	800073e4	0001	c.addi	x0,0	  x0:0x00000000  x0=0x00000000
      978579000	     48827	800073e6	13fd	c.addi	x7,-1	  x7:0xffffe800  x7=0xffffe7ff
      978779000	     48837	800073e8	8d55	c.or	x10,x13	 x10:0x8002e0aa x13:0xfffffffc x10=0xfffffffe
      978799000	     48838	800073ea	82d1	c.srli	x13,0x14	 x13:0xfffffffc x13=0x00000fff
      978819000	     48839	800073ec	8cbd	c.xor	x9,x15	  x9:0x00000000 x15:0x5b177000  x9=0x5b177000
      978999000	     48848	800073ee	012f9fb3	sll	x31,x31,x18	 x31:0x00000000 x18:0x80000000 x31=0x00000000
      979139000	     48855	800073f2	01357d63	bgeu	x10,x19,8000740c	 x10:0xfffffffe x19:0x7fffffff
      979419000	     48869	8000740c	8da1	c.xor	x11,x8	 x11:0x80100047  x8:0x80000000 x11=0x00100047
      979559000	     48876	8000740e	34029173	csrrw	x2,mscratch,x5	  x5:0x0000000b  x2=0x00000015
      979579000	     48877	80007412	411b0b33	sub	x22,x22,x17	 x22:0xfffffffe x17:0x7ffe024c x22=0x8001fdb2
      979599000	     48878	80007416	03060bb3	mul	x23,x12,x16	 x12:0x80023ce4 x16:0x00000000 x23=0x00000000
      979619000	     48879	8000741a	98fd	c.andi	x9,-1	  x9:0x5b177000  x9=0x5b177000
      980019000	     48899	8000741c	cd89	c.beqz	x11,80007436	 x11:0x00100047
      980039000	     48900	8000741e	6c41	c.lui	x24,0x10	 x24=0x00010000
      980099000	     48903	80007420	2b593913	sltiu	x18,x18,693	 x18:0x80000000 x18=0x00000000
      980179000	     48907	80007424	34003073	csrrc	x0,mscratch,x0	  x0:0x00000000  x0=0x00000000
      980359000	     48916	80007428	03038b33	mul	x22,x7,x16	  x7:0xffffe7ff x16:0x00000000 x22=0x00000000
      980379000	     48917	8000742c	01ede233	or	x4,x27,x30	 x27:0x00000080 x30:0x0000000b  x4=0x0000008b
      980799000	     48938	80007430	00399db3	sll	x27,x19,x3	 x19:0x7fffffff  x3:0x8000737e x27=0xc0000000
      980819000	     48939	80007434	8cf9	c.and	x9,x14	  x9:0x5b177000 x14:0x00000000  x9=0x00000000
      989119000	     49354	80007436	0001	c.addi	x0,0	  x0:0x00000000  x0=0x00000000
      989139000	     49355	80007438	8fd5	c.or	x15,x13	 x15:0x5b177000 x13:0x00000fff x15=0x5b177fff
      989179000	     49357	8000743a	03c7ad33	mulhsu	x26,x15,x28	 x15:0x5b177fff x28:0x8001fdb4 x26=0x2d8c755d
      989199000	     49358	8000743e	8bd6	c.mv	x23,x21	  x0:0x00000000 x21:0xffffffa0 x23=0xffffffa0
      989219000	     49359	80007440	90be	c.add	x1,x15	  x1:0x00000014 x15:0x5b177fff  x1=0x5b178013
      989239000	     49360	80007442	00afabb3	slt	x23,x31,x10	 x31:0x00000000 x10:0xfffffffe x23=0x00000000
      989259000	     49361	80007446	01f25e93	srli	x29,x4,0x1f	  x4:0x0000008b x29=0x00000000
      989279000	     49362	8000744a	3409bcf3	csrrc	x25,mscratch,x19	 x19:0x7fffffff x25=0x0000000b
      989299000	     49363	8000744e	717d	c.addi16sp	x2,-16	  x2:0x00000015  x2=0x00000005
      989319000	     49364	80007450	98fd	c.andi	x9,-1	  x9:0x00000000  x9=0x00000000
      990059000	     49401	80007452	031055b3	divu	x11,x0,x17	  x0:0x00000000 x17:0x7ffe024c x11=0x00000000
      990079000	     49402	80007456	03b1d863	bge	x3,x27,80007486	  x3:0x8000737e x27:0xc0000000
      990099000	     49403	8000745a	805b2b93	slti	x23,x22,-2043	 x22:0x00000000 x23=0x00000000
      990119000	     49404	8000745e	34003073	csrrc	x0,mscratch,x0	  x0:0x00000000  x0=0x00000000
      990139000	     49405	80007462	a0fca393	slti	x7,x25,-1521	 x25:0x0000000b  x7=0x00000000
      990179000	     49407	80007466	03edbeb3	mulhu	x29,x27,x30	 x27:0xc0000000 x30:0x0000000b x29=0x00000008
      990219000	     49409	8000746a	02d411b3	mulh	x3,x8,x13	  x8:0x80000000 x13:0x00000fff  x3=0xfffff800
      990239000	     49410	8000746e	8f85	c.sub	x15,x9	 x15:0x5b177fff  x9:0x00000000 x15=0x5b177fff
      990279000	     49412	80007470	00212133	slt	x2,x2,x2	  x2:0x00000005  x2:0x00000005  x2=0x00000000
      990499000	     49423	80007474	03b23c33	mulhu	x24,x4,x27	  x4:0x0000008b x27:0xc0000000 x24=0x00000068
      990519000	     49424	80007478	6131	c.addi16sp	x2,320	  x2:0x00000000  x2=0x00000140
      990539000	     49425	8000747a	8be2	c.mv	x23,x24	  x0:0x00000000 x24:0x00000068 x23=0x00000068
      990619000	     49429	8000747c	8d29	c.xor	x10,x10	 x10:0xfffffffe x10:0xfffffffe x10=0x00000000
      990919000	     49444	8000747e	6587bd13	sltiu	x26,x15,1624	 x15:0x5b177fff x26=0x00000000
      991059000	     49451	80007482	410d58b3	sra	x17,x26,x16	 x26:0x00000000 x16:0x00000000 x17=0x00000000
      991079000	     49452	80007486	0ff0000f	fence	iorw,iorw	
      991119000	     49454	8000748a	029fc5b3	div	x11,x31,x9	 x31:0x00000000  x9:0x00000000 x11=0xffffffff
      991519000	     49474	8000748e	c5c60c13	addi	x24,x12,-932	 x12:0x80023ce4 x24=0x80023940
      991539000	     49475	80007492	016de863	bltu	x27,x22,800074a2	 x27:0xc0000000 x22:0x00000000
      991679000	     49482	80007496	7eb26a93	ori	x21,x4,2027	  x4:0x0000008b x21=0x000007eb
      991699000	     49483	8000749a	18fd	c.addi	x17,-1	 x17:0x00000000 x17=0xffffffff
      991999000	     49498	8000749c	03867763	bgeu	x12,x24,800074ca	 x12:0x80023ce4 x24:0x80023940
      992659000	     49531	800074ca	26c68513	addi	x10,x13,620	 x13:0x00000fff x10=0x0000126b
      992939000	     49545	800074ce	34042173	csrrs	x2,mscratch,x8	  x8:0x80000000  x2=0x00000000
      992959000	     49546	800074d2	9586	c.add	x11,x1	 x11:0xffffffff  x1:0x5b178013 x11=0x5b178012
      993339000	     49565	800074d4	01a5a733	slt	x14,x11,x26	 x11:0x5b178012 x26:0x00000000 x14=0x00000000
      993739000	     49585	800074d8	9a32	c.add	x20,x12	 x20:0x001000f7 x12:0x80023ce4 x20=0x80123ddb
      993759000	     49586	800074da	019b6c63	bltu	x22,x25,800074f2	 x22:0x00000000 x25:0x0000000b
      994939000	     49645	800074f2	340dbbf3	csrrc	x23,mscratch,x27	 x27:0xc0000000 x23=0x80000000
      995079000	     49652	800074f6	40b78bb3	sub	x23,x15,x11	 x15:0x5b177fff x11:0x5b178012 x23=0xffffffed
      995819000	     49689	800074fa	03817333	remu	x6,x2,x24	  x2:0x00000000 x24:0x80023940  x6=0x00000000
      995839000	     49690	800074fe	653d	c.lui	x10,0xf	 x10=0x0000f000
      995859000	     49691	80007500	537d	c.li	x6,-1	  x6=0xffffffff
      995879000	     49692	80007502	0000100f	fence.i	
      996139000	     49705	80007506	8fa5	c.xor	x15,x9	 x15:0x5b177fff  x9:0x00000000 x15=0x5b177fff
      996299000	     49713	80007508	022604b3	mul	x9,x12,x2	 x12:0x80023ce4  x2:0x00000000  x9=0x00000000
      996319000	     49714	8000750c	3402da73	csrrwi	x20,mscratch,5	 x20=0x00000000
      996439000	     49720	80007510	00ca9593	slli	x11,x21,0xc	 x21:0x000007eb x11=0x007eb000
      997179000	     49757	80007514	02cf4c33	div	x24,x30,x12	 x30:0x0000000b x12:0x80023ce4 x24=0x00000000
      997199000	     49758	80007518	89b1	c.andi	x11,12	 x11:0x007eb000 x11=0x00000000
      997219000	     49759	8000751a	01bd6cb3	or	x25,x26,x27	 x26:0x00000000 x27:0xc0000000 x25=0xc0000000
      997239000	     49760	8000751e	340073f3	csrrci	x7,mscratch,0	  x7=0x00000005
      997259000	     49761	80007522	0191b0b3	sltu	x1,x3,x25	  x3:0xfffff800 x25:0xc0000000  x1=0x00000000
      997279000	     49762	80007526	340a9ff3	csrrw	x31,mscratch,x21	 x21:0x000007eb x31=0x00000005
      997319000	     49764	8000752a	b9833813	sltiu	x16,x6,-1128	  x6:0xffffffff x16=0x00000000
      997339000	     49765	8000752e	8cb5	c.xor	x9,x13	  x9:0x00000000 x13:0x00000fff  x9=0x00000fff
      997359000	     49766	80007530	3406baf3	csrrc	x21,mscratch,x13	 x13:0x00000fff x21=0x000007eb
      997719000	     49784	80007534	340066f3	csrrsi	x13,mscratch,0	 x13=0x00000000
      997739000	     49785	80007538	717d	c.addi16sp	x2,-16	  x2:0x00000000  x2=0xfffffff0
      997759000	     49786	8000753a	8edd	c.or	x13,x15	 x13:0x00000000 x15:0x5b177fff x13=0x5b177fff
      998159000	     49806	8000753c	02ee5663	bge	x28,x14,80007568	 x28:0x8001fdb4 x14:0x00000000
      998179000	     49807	80007540	84d9	c.srai	x9,0x16	  x9:0x00000fff  x9=0x00000000
      998199000	     49808	80007542	8be5	c.andi	x15,25	 x15:0x5b177fff x15=0x00000019
      998239000	     49810	80007544	01fbc5b3	xor	x11,x23,x31	 x23:0xffffffed x31:0x00000005 x11=0xffffffe8
      998319000	     49814	80007548	9cbe	c.add	x25,x15	 x25:0xc0000000 x15:0x00000019 x25=0xc0000019
      998739000	     49835	8000754a	019e43b3	xor	x7,x28,x25	 x28:0x8001fdb4 x25:0xc0000019  x7=0x4001fdad
      998879000	     49842	8000754e	025321b3	mulhsu	x3,x6,x5	  x6:0xffffffff  x5:0x0000000b  x3=0xffffffff
      998999000	     49848	80007552	261f2037	lui	x0,0x261f2	  x0=0x00000000
      999019000	     49849	80007556	0001	c.addi	x0,0	  x0:0x00000000  x0=0x00000000
      999299000	     49863	80007558	4063d133	sra	x2,x7,x6	  x7:0x4001fdad  x6:0xffffffff  x2=0x00000000
      999499000	     49873	8000755c	6d65	c.lui	x26,0x19	 x26=0x00019000
      999519000	     49874	8000755e	12713493	sltiu	x9,x2,295	  x2:0x00000000  x9=0x00000001
     1000419000	     49919	80007562	027ac033	div	x0,x21,x7	 x21:0x000007eb  x7:0x4001fdad  x0=0x00000000
     1000439000	     49920	80007566	8751	c.srai	x14,0x14	 x14:0x00000000 x14=0x00000000
     1000459000	     49921	80007568	340934f3	csrrc	x9,mscratch,x18	 x18:0x00000000  x9=0x00000000
     1000479000	     49922	8000756c	340e1573	csrrw	x10,mscratch,x28	 x28:0x8001fdb4 x10=0x00000000
     1000499000	     49923	80007570	01715eb3	srl	x29,x2,x23	  x2:0x00000000 x23:0xffffffed x29=0x00000000
     1000519000	     49924	80007574	e1e28f93	addi	x31,x5,-482	  x5:0x0000000b x31=0xfffffe29
     1000539000	     49925	80007578	31596713	ori	x14,x18,789	 x18:0x00000000 x14=0x00000315
     1000559000	     49926	8000757c	6a29	c.lui	x20,0xa	 x20=0x0000a000
     1000999000	     49948	8000757e	00c7d513	srli	x10,x15,0xc	 x15:0x00000019 x10=0x00000000
     1001019000	     49949	80007582	8162	c.mv	x2,x24	  x0:0x00000000 x24:0x00000000  x2=0x00000000
     1001039000	     49950	80007584	c87d6213	ori	x4,x26,-889	 x26:0x00019000  x4=0xfffffc87
     1001059000	     49951	80007588	8d59	c.or	x10,x14	 x10:0x00000000 x14:0x00000315 x10=0x00000315
     1001079000	     49952	8000758a	6711	c.lui	x14,0x4	 x14=0x00004000
     1001139000	     49955	8000758c	0000100f	fence.i	
     1001259000	     49961	80007590	8da1	c.xor	x11,x8	 x11:0xffffffe8  x8:0x80000000 x11=0x7fffffe8
     1001279000	     49962	80007592	1e9c	c.addi4spn	x15,x2,880	 x15=0x00000370
     1001339000	     49965	80007594	dda5be93	sltiu	x29,x11,-550	 x11:0x7fffffe8 x29=0x00000001
     1001359000	     49966	80007598	0163d863	bge	x7,x22,800075a8	  x7:0x4001fdad x22:0x00000000
     1001579000	     49977	800075a8	03728e63	beq	x5,x23,800075e4	  x5:0x0000000b x23:0xffffffed
     1001759000	     49986	800075ac	41325bb3	sra	x23,x4,x19	  x4:0xfffffc87 x19:0x7fffffff x23=0xffffffff
     1002499000	     50023	800075b0	02c16db3	rem	x27,x2,x12	  x2:0x00000000 x12:0x80023ce4 x27=0x00000000
     1002519000	     50024	800075b4	00659a33	sll	x20,x11,x6	 x11:0x7fffffe8  x6:0xffffffff x20=0x00000000
     1002559000	     50026	800075b8	0291a3b3	mulhsu	x7,x3,x9	  x3:0xffffffff  x9:0x00000000  x7=0x00000000
     1002579000	     50027	800075bc	020fc063	blt	x31,x0,800075dc	 x31:0xfffffe29  x0:0x00000000
     1003319000	     50064	800075dc	039f9b33	mulh	x22,x31,x25	 x31:0xfffffe29 x25:0xc0000019 x22=0x00000075
     1003559000	     50076	800075e0	025ce363	bltu	x25,x5,80007606	 x25:0xc0000019  x5:0x0000000b
     1003979000	     50097	800075e4	01d08463	beq	x1,x29,800075ec	  x1:0x00000000 x29:0x00000001
     1004399000	     50118	800075e8	01a08733	add	x14,x1,x26	  x1:0x00000000 x26:0x00019000 x14=0x00019000
     1004419000	     50119	800075ec	021ac363	blt	x21,x1,80007612	 x21:0x000007eb  x1:0x00000000
     1004599000	     50128	800075f0	0493c163	blt	x7,x9,80007632	  x7:0x00000000  x9:0x00000000
     1004779000	     50137	800075f4	41e0ddb3	sra	x27,x1,x30	  x1:0x00000000 x30:0x0000000b x27=0x00000000
     1004799000	     50138	800075f8	ed15	c.bnez	x10,80007634	 x10:0x00000315
     1005319000	     50164	80007634	9556	c.add	x10,x21	 x10:0x00000315 x21:0x000007eb x10=0x00000b00
     1005379000	     50167	80007636	01efa0b3	slt	x1,x31,x30	 x31:0xfffffe29 x30:0x0000000b  x1=0x00000001
     1005399000	     50168	8000763a	54993793	sltiu	x15,x18,1353	 x18:0x00000000 x15=0x00000001
     1005479000	     50172	8000763e	006949b3	xor	x19,x18,x6	 x18:0x00000000  x6:0xffffffff x19=0xffffffff
     1005499000	     50173	80007642	11fd	c.addi	x3,-1	  x3:0xffffffff  x3=0xfffffffe
     1005899000	     50193	80007644	340ab073	csrrc	x0,mscratch,x21	 x21:0x000007eb  x0=0x00000000
     1005919000	     50194	80007648	017fc363	blt	x31,x23,8000764e	 x31:0xfffffe29 x23:0xffffffff
     1006379000	     50217	8000764e	8fc5	c.or	x15,x9	 x15:0x00000001  x9:0x00000000 x15=0x00000001
     1006419000	     50219	80007650	eb19	c.bnez	x14,80007666	 x14:0x00019000
     1008339000	     50315	80007666	413fd693	srai	x13,x31,0x13	 x31:0xfffffe29 x13=0xffffffff
     1008499000	     50323	8000766a	34075df3	csrrwi	x27,mscratch,14	 x27=0x8001f814
     1008699000	     50333	8000766e	403e07b3	sub	x15,x28,x3	 x28:0x8001fdb4  x3:0xfffffffe x15=0x8001fdb6
     1008839000	     50340	80007672	012001ef	jal	x3,80007684	  x3=0x80007676
     1009299000	     50363	80007684	a025	c.j	800076ac	
     1009579000	     50377	800076ac	fedff36f	jal	x6,80007698	  x6=0x800076b0
     1010299000	     50413	80007698	fefffbef	jal	x23,80007686	 x23=0x8000769c
     1010339000	     50415	80007686	a011	c.j	8000768a	
     1010419000	     50419	8000768a	a019	c.j	80007690	
     1010479000	     50422	80007690	2829	c.jal	800076aa	  x1=0x80007692
     1010539000	     50425	800076aa	b7f9	c.j	80007678	
     1010599000	     50428	80007678	0300036f	jal	x6,800076a8	  x6=0x8000767c
     1010659000	     50431	800076a8	bffd	c.j	800076a6	
     1029199000	     51358	800076a6	b7e5	c.j	8000768e	
     1029239000	     51360	8000768e	2019	c.jal	80007694	  x1=0x80007690
     1029279000	     51362	80007694	febff0ef	jal	x1,8000767e	  x1=0x80007698
     1029339000	     51365	8000767e	01e000ef	jal	x1,8000769c	  x1=0x80007682
     1029399000	     51368	8000769c	2019	c.jal	800076a2	  x1=0x8000769e
     1029479000	     51372	800076a2	010000ef	jal	x1,800076b2	  x1=0x800076a6
     1029519000	     51374	800076b2	b7c5	c.j	80007692	
     1029559000	     51376	80007692	37d5	c.jal	80007676	  x1=0x80007694
     1029599000	     51378	80007676	a819	c.j	8000768c	
     1029639000	     51380	8000768c	a025	c.j	800076b4	
     1029679000	     51382	800076b4	b7f5	c.j	800076a0	
     1029719000	     51384	800076a0	2801	c.jal	800076b0	  x1=0x800076a2
     1029759000	     51386	800076b0	37f1	c.jal	8000767c	  x1=0x800076b2
     1029799000	     51388	8000767c	200d	c.jal	8000769e	  x1=0x8000767e
     1029859000	     51391	8000769e	37d5	c.jal	80007682	  x1=0x800076a0
     1029919000	     51394	80007682	a019	c.j	80007688	
     1029979000	     51397	80007688	a03d	c.j	800076b6	
     1030099000	     51403	800076b6	1f6eca93	xori	x21,x29,502	 x29:0x00000001 x21=0x000001f7
     1030139000	     51405	800076ba	03219233	mulh	x4,x3,x18	  x3:0x80007676 x18:0x00000000  x4=0x00000000
     1030159000	     51406	800076be	8ded	c.and	x11,x11	 x11:0x7fffffe8 x11:0x7fffffe8 x11=0x7fffffe8
     1030279000	     51412	800076c0	408c5fb3	sra	x31,x24,x8	 x24:0x00000000  x8:0x80000000 x31=0x00000000
     1030699000	     51433	800076c4	340112f3	csrrw	x5,mscratch,x2	  x2:0x00000000  x5=0x0000000e
     1030819000	     51439	800076c8	597d	c.li	x18,-1	 x18=0xffffffff
     1031879000	     51492	800076ca	02a4ed33	rem	x26,x9,x10	  x9:0x00000000 x10:0x00000b00 x26=0x00000000
     1031899000	     51493	800076ce	8f8e	c.mv	x31,x3	  x0:0x00000000  x3:0x80007676 x31=0x80007676
     1031919000	     51494	800076d0	4da953b7	lui	x7,0x4da95	  x7=0x4da95000
     1031939000	     51495	800076d4	158c	c.addi4spn	x11,x2,736	 x11=0x000002e0
     1031959000	     51496	800076d6	014d1b13	slli	x22,x26,0x14	 x26:0x00000000 x22=0x00000000
     1031979000	     51497	800076da	8ec9	c.or	x13,x10	 x13:0xffffffff x10:0x00000b00 x13=0xffffffff
     1032379000	     51517	800076dc	0ff0000f	fence	iorw,iorw	
     1032479000	     51522	800076e0	01f3dd63	bge	x7,x31,800076fa	  x7:0x4da95000 x31:0x80007676
     1034339000	     51615	800076fa	3409f8f3	csrrci	x17,mscratch,19	 x17=0x00000000
     1034479000	     51622	800076fe	039fbb33	mulhu	x22,x31,x25	 x31:0x80007676 x25:0xc0000019 x22=0x600058e5
     1034499000	     51623	80007702	d9f60c93	addi	x25,x12,-609	 x12:0x80023ce4 x25=0x80023a83
     1034919000	     51644	80007706	0003e033	or	x0,x7,x0	  x7:0x4da95000  x0:0x00000000  x0=0x00000000
     1034939000	     51645	8000770a	45a63913	sltiu	x18,x12,1114	 x12:0x80023ce4 x18=0x00000000
     1034959000	     51646	8000770e	896a	c.mv	x18,x26	  x0:0x00000000 x26:0x00000000 x18=0x00000000
     1034979000	     51647	80007710	027e8463	beq	x29,x7,80007738	 x29:0x00000001  x7:0x4da95000
     1035019000	     51649	80007714	019b0863	beq	x22,x25,80007724	 x22:0x600058e5 x25:0x80023a83
     1035039000	     51650	80007718	0ff0000f	fence	iorw,iorw	
     1035079000	     51652	8000771c	034c1c33	mulh	x24,x24,x20	 x24:0x00000000 x20:0x00000000 x24=0x00000000
     1035099000	     51653	80007720	00920733	add	x14,x4,x9	  x4:0x00000000  x9:0x00000000 x14=0x00000000
     1035119000	     51654	80007724	0001	c.addi	x0,0	  x0:0x00000000  x0=0x00000000
     1035139000	     51655	80007726	03fcf363	bgeu	x25,x31,8000774c	 x25:0x80023a83 x31:0x80007676
     1035399000	     51668	8000774c	027ddd63	bge	x27,x7,80007786	 x27:0x8001f814  x7:0x4da95000
     1035539000	     51675	80007750	34095173	csrrwi	x2,mscratch,18	  x2=0x00000000
     1035579000	     51677	80007754	02192233	mulhsu	x4,x18,x1	 x18:0x00000000  x1:0x800076a0  x4=0x00000000
     1035959000	     51696	80007758	5965fa13	andi	x20,x11,1430	 x11:0x000002e0 x20=0x00000080
     1036039000	     51700	8000775c	02fcbbb3	mulhu	x23,x25,x15	 x25:0x80023a83 x15:0x8001fdb6 x23=0x40021c20
     1036059000	     51701	80007760	00194463	blt	x18,x1,80007768	 x18:0x00000000  x1:0x800076a0
     1036079000	     51702	80007764	0ff0000f	fence	iorw,iorw	
     1036099000	     51703	80007768	bab90293	addi	x5,x18,-1109	 x18:0x00000000  x5=0xfffffbab
     1036299000	     51713	8000776c	011e1a33	sll	x20,x28,x17	 x28:0x8001fdb4 x17:0x00000000 x20=0x8001fdb4
     1036319000	     51714	80007770	8c81	c.sub	x9,x8	  x9:0x00000000  x8:0x80000000  x9=0x80000000
     1036339000	     51715	80007772	8f19	c.sub	x14,x14	 x14:0x00000000 x14:0x00000000 x14=0x00000000
     1036359000	     51716	80007774	aecf3e93	sltiu	x29,x30,-1300	 x30:0x0000000b x29=0x00000001
     1036679000	     51732	80007778	83a1	c.srli	x15,0x8	 x15:0x8001fdb6 x15=0x008001fd
     1036799000	     51738	8000777a	00226d63	bltu	x4,x2,80007794	  x4:0x00000000  x2:0x00000000
     1037199000	     51758	8000777e	da2df913	andi	x18,x27,-606	 x27:0x8001f814 x18=0x8001f800
     1037319000	     51764	80007782	03002533	mulhsu	x10,x0,x16	  x0:0x00000000 x16:0x00000000 x10=0x00000000
     1037719000	     51784	80007786	000763b3	or	x7,x14,x0	 x14:0x00000000  x0:0x00000000  x7=0x00000000
     1037739000	     51785	8000778a	0ae1	c.addi	x21,24	 x21:0x000001f7 x21=0x0000020f
     1038139000	     51805	8000778c	157d	c.addi	x10,-1	 x10:0x00000000 x10=0xffffffff
     1038159000	     51806	8000778e	d5950e93	addi	x29,x10,-679	 x10:0xffffffff x29=0xfffffd58
     1038179000	     51807	80007792	117d	c.addi	x2,-1	  x2:0x00000000  x2=0xffffffff
     1038579000	     51827	80007794	4349	c.li	x6,18	  x6=0x00000012
     1038839000	     51840	80007796	4107d8b3	sra	x17,x15,x16	 x15:0x008001fd x16:0x00000000 x17=0x008001fd
     1039579000	     51877	8000779a	03f04233	div	x4,x0,x31	  x0:0x00000000 x31:0x80007676  x4=0x00000000
     1039599000	     51878	8000779e	1dfd	c.addi	x27,-1	 x27:0x8001f814 x27=0x8001f813
     1039619000	     51879	800077a0	02440533	mul	x10,x8,x4	  x8:0x80000000  x4:0x00000000 x10=0x00000000
     1039639000	     51880	800077a4	8cf1	c.and	x9,x12	  x9:0x80000000 x12:0x80023ce4  x9=0x80000000
     1039659000	     51881	800077a6	41538733	sub	x14,x7,x21	  x7:0x00000000 x21:0x0000020f x14=0xfffffdf1
     1039679000	     51882	800077aa	003dbdb3	sltu	x27,x27,x3	 x27:0x8001f813  x3:0x80007676 x27=0x00000000
     1039699000	     51883	800077ae	c98d	c.beqz	x11,800077e0	 x11:0x000002e0
     1039839000	     51890	800077b0	0194f263	bgeu	x9,x25,800077b4	  x9:0x80000000 x25:0x80023a83
     1039879000	     51892	800077b4	035e1833	mulh	x16,x28,x21	 x28:0x8001fdb4 x21:0x0000020f x16=0xfffffef8
     1039899000	     51893	800077b8	41ffd393	srai	x7,x31,0x1f	 x31:0x80007676  x7=0xffffffff
     1039979000	     51897	800077bc	418883b3	sub	x7,x17,x24	 x17:0x008001fd x24:0x00000000  x7=0x008001fd
     1039999000	     51898	800077c0	80d7ba93	sltiu	x21,x15,-2035	 x15:0x008001fd x21=0x00000001
     1040219000	     51909	800077c4	0ff0000f	fence	iorw,iorw	
     1040239000	     51910	800077c8	054a	c.slli	x10,0x12	 x10:0x00000000 x10=0x00000000
     1040259000	     51911	800077ca	613d	c.addi16sp	x2,480	  x2:0xffffffff  x2=0x000001df
     1040279000	     51912	800077cc	05428263	beq	x5,x20,80007810	  x5:0xfffffbab x20:0x8001fdb4
     1040839000	     51940	800077d0	d257af13	slti	x30,x15,-731	 x15:0x008001fd x30=0x00000000
     1040859000	     51941	800077d4	4041dc13	srai	x24,x3,0x4	  x3:0x80007676 x24=0xf8000767
     1041179000	     51957	800077d8	7f0f54b7	lui	x9,0x7f0f5	  x9=0x7f0f5000
     1041199000	     51958	800077dc	db15ca13	xori	x20,x11,-591	 x11:0x000002e0 x20=0xffffff51
     1041219000	     51959	800077e0	835d	c.srli	x14,0x17	 x14:0xfffffdf1 x14=0x000001ff
     1041299000	     51963	800077e2	cc3c8d17	auipc	x26,0xcc3c8	 x26=0x4c3cf7e2
     1041319000	     51964	800077e6	17fd	c.addi	x15,-1	 x15:0x008001fd x15=0x008001fc
     1041479000	     51972	800077e8	024b8533	mul	x10,x23,x4	 x23:0x40021c20  x4:0x00000000 x10=0x00000000
     1041499000	     51973	800077ec	0000100f	fence.i	
     1042059000	     52001	800077f0	4123d293	srai	x5,x7,0x12	  x7:0x008001fd  x5=0x00000020
     1042079000	     52002	800077f4	67ad	c.lui	x15,0xb	 x15=0x0000b000
     1042499000	     52023	800077f6	34036073	csrrsi	x0,mscratch,6	  x0=0x00000000
     1042819000	     52039	800077fa	025e1063	bne	x28,x5,8000781a	 x28:0x8001fdb4  x5:0x00000020
     1043459000	     52071	8000781a	8125	c.srli	x10,0x9	 x10:0x00000000 x10=0x00000000
     1043499000	     52073	8000781c	02aa4733	div	x14,x20,x10	 x20:0xffffff51 x10:0x00000000 x14=0xffffffff
     1043519000	     52074	80007820	8349	c.srli	x14,0x12	 x14:0xffffffff x14=0x00003fff
     1043919000	     52094	80007822	000f8033	add	x0,x31,x0	 x31:0x80007676  x0:0x00000000  x0=0x00000000
     1043939000	     52095	80007826	0ff0000f	fence	iorw,iorw	
     1043959000	     52096	8000782a	66e98513	addi	x10,x19,1646	 x19:0xffffffff x10=0x0000066d
     1043979000	     52097	8000782e	717d	c.addi16sp	x2,-16	  x2:0x000001df  x2=0x000001cf
     1044339000	     52115	80007830	87d9	c.srai	x15,0x16	 x15:0x0000b000 x15=0x00000000
     1044759000	     52136	80007832	8454eeb7	lui	x29,0x8454e	 x29=0x8454e000
     1044779000	     52137	80007836	005dbfb3	sltu	x31,x27,x5	 x27:0x00000000  x5:0x00000020 x31=0x00000001
     1044799000	     52138	8000783a	4311	c.li	x6,4	  x6=0x00000004
     1044959000	     52146	8000783c	0e88	c.addi4spn	x10,x2,848	 x10=0x0000051f
     1044979000	     52147	8000783e	00822533	slt	x10,x4,x8	  x4:0x00000000  x8:0x80000000 x10=0x00000000
     1044999000	     52148	80007842	024ecc63	blt	x29,x4,8000787a	 x29:0x8454e000  x4:0x00000000
     1045499000	     52173	8000787a	03ff9933	mulh	x18,x31,x31	 x31:0x00000001 x31:0x00000001 x18=0x00000000
     1045839000	     52190	8000787e	01f15f13	srli	x30,x2,0x1f	  x2:0x000001cf x30=0x00000000
     1045859000	     52191	80007882	8f99	c.sub	x15,x14	 x15:0x00000000 x14:0x00003fff x15=0xffffc001
     1045879000	     52192	80007884	0a94	c.addi4spn	x13,x2,336	 x13=0x0000031f
     1045899000	     52193	80007886	83760913	addi	x18,x12,-1993	 x12:0x80023ce4 x18=0x8002351b
     1046299000	     52213	8000788a	61c02113	slti	x2,x0,1564	  x0:0x00000000  x2=0x00000001
     1046719000	     52234	8000788e	00374663	blt	x14,x3,8000789a	 x14:0x00003fff  x3:0x80007676
     1046739000	     52235	80007892	40c452b3	sra	x5,x8,x12	  x8:0x80000000 x12:0x80023ce4  x5=0xf8000000
     1047479000	     52272	80007896	0296e2b3	rem	x5,x13,x9	 x13:0x0000031f  x9:0x7f0f5000  x5=0x0000031f
     1047499000	     52273	8000789a	9586	c.add	x11,x1	 x11:0x000002e0  x1:0x800076a0 x11=0x80007980
     1047519000	     52274	8000789c	0075dab3	srl	x21,x11,x7	 x11:0x80007980  x7:0x008001fd x21=0x00000004
     1047539000	     52275	800078a0	84dd	c.srai	x9,0x17	  x9:0x7f0f5000  x9=0x000000fe
     1047559000	     52276	800078a2	01bb93b3	sll	x7,x23,x27	 x23:0x40021c20 x27:0x00000000  x7=0x40021c20
     1048299000	     52313	800078a6	02daf8b3	remu	x17,x21,x13	 x21:0x00000004 x13:0x0000031f x17=0x00000004
     1048339000	     52315	800078aa	038e2db3	mulhsu	x27,x28,x24	 x28:0x8001fdb4 x24:0xf8000767 x27=0x8401ea12
     1048359000	     52316	800078ae	717d	c.addi16sp	x2,-16	  x2:0x00000001  x2=0xfffffff1
     1048379000	     52317	800078b0	008001ef	jal	x3,800078b8	  x3=0x800078b4
     1048419000	     52319	800078b8	2811	c.jal	800078cc	  x1=0x800078ba
     1049159000	     52356	800078cc	ff5ff0ef	jal	x1,800078c0	  x1=0x800078d0
     1049199000	     52358	800078c0	008000ef	jal	x1,800078c8	  x1=0x800078c4
     1049259000	     52361	800078c8	a031	c.j	800078d4	
     1049939000	     52395	800078d4	a021	c.j	800078dc	
     1049979000	     52397	800078dc	2021	c.jal	800078e4	  x1=0x800078de
     1050739000	     52435	800078e4	fd9ff2ef	jal	x5,800078bc	  x5=0x800078e8
     1050779000	     52437	800078bc	a01d	c.j	800078e2	
     1050839000	     52440	800078e2	a831	c.j	800078fe	
     1052279000	     52512	800078fe	bf5d	c.j	800078b4	
     1052319000	     52514	800078b4	a00d	c.j	800078d6	
     1052579000	     52527	800078d6	37fd	c.jal	800078c4	  x1=0x800078d8
     1052639000	     52530	800078c4	2015	c.jal	800078e8	  x1=0x800078c6
     1052699000	     52533	800078e8	bfe5	c.j	800078e0	
     1052759000	     52536	800078e0	a029	c.j	800078ea	
     1052799000	     52538	800078ea	bfc1	c.j	800078ba	
     1052839000	     52540	800078ba	a815	c.j	800078ee	
     1052899000	     52543	800078ee	ff1ff36f	jal	x6,800078de	  x6=0x800078f2
     1052939000	     52545	800078de	b7c5	c.j	800078be	
     1052979000	     52547	800078be	2829	c.jal	800078d8	  x1=0x800078c0
     1053019000	     52549	800078d8	014000ef	jal	x1,800078ec	  x1=0x800078dc
     1053059000	     52551	800078ec	2801	c.jal	800078fc	  x1=0x800078ee
     1053099000	     52553	800078fc	bf6d	c.j	800078b6	
     1053139000	     52555	800078b6	a089	c.j	800078f8	
     1053179000	     52557	800078f8	fd9ffbef	jal	x23,800078d0	 x23=0x800078fc
     1053219000	     52559	800078d0	022002ef	jal	x5,800078f2	  x5=0x800078d4
     1053619000	     52579	800078f2	fd5ff0ef	jal	x1,800078c6	  x1=0x800078f6
     1053679000	     52582	800078c6	2805	c.jal	800078f6	  x1=0x800078c8
     1053719000	     52584	800078f6	3fd1	c.jal	800078ca	  x1=0x800078f8
     1053759000	     52586	800078ca	a81d	c.j	80007900	
     1053799000	     52588	80007900	340ed373	csrrwi	x6,mscratch,29	  x6=0x00000016
     1053819000	     52589	80007904	0293e913	ori	x18,x7,41	  x7:0x40021c20 x18=0x40021c29
     1053839000	     52590	80007908	8ef1	c.and	x13,x12	 x13:0x0000031f x12:0x80023ce4 x13=0x00000004
     1053859000	     52591	8000790a	083d0263	beq	x26,x3,8000798e	 x26:0x4c3cf7e2  x3:0x800078b4
     1054119000	     52604	8000790e	cbf43013	sltiu	x0,x8,-833	  x8:0x80000000  x0=0x00000000
     1054379000	     52617	80007912	40c45533	sra	x10,x8,x12	  x8:0x80000000 x12:0x80023ce4 x10=0xf8000000
     1054459000	     52621	80007916	340060f3	csrrsi	x1,mscratch,0	  x1=0x0000001d
     1054479000	     52622	8000791a	0114	c.addi4spn	x13,x2,128	 x13=0x00000071
     1054499000	     52623	8000791c	016001ef	jal	x3,80007932	  x3=0x80007920
     1055059000	     52651	80007932	032000ef	jal	x1,80007964	  x1=0x80007936
     1055779000	     52687	80007964	bfc5	c.j	80007954	
     1059479000	     52872	80007954	bfe1	c.j	8000792c	
     1059519000	     52874	8000792c	a005	c.j	8000794c	
     1060159000	     52906	8000794c	fe3ffc6f	jal	x24,8000792e	 x24=0x80007950
     1060199000	     52908	8000792e	2805	c.jal	8000795e	  x1=0x80007930
     1060279000	     52912	8000795e	fcdff1ef	jal	x3,8000792a	  x3=0x80007962
     1060319000	     52914	8000792a	2801	c.jal	8000793a	  x1=0x8000792c
     1060359000	     52916	8000793a	b7e5	c.j	80007922	
     1060419000	     52919	80007922	02400b6f	jal	x22,80007946	 x22=0x80007926
     1060499000	     52923	80007946	ff7ff36f	jal	x6,8000793c	  x6=0x8000794a
     1060539000	     52925	8000793c	01a0036f	jal	x6,80007956	  x6=0x80007940
     1060619000	     52929	80007956	a031	c.j	80007962	
     1060679000	     52932	80007962	b7e5	c.j	8000794a	
     1060739000	     52935	8000794a	b7dd	c.j	80007930	
     1060799000	     52938	80007930	bfdd	c.j	80007926	
     1060879000	     52942	80007926	01a0036f	jal	x6,80007940	  x6=0x8000792a
     1060919000	     52944	80007940	a821	c.j	80007958	
     1060959000	     52946	80007958	004009ef	jal	x19,8000795c	 x19=0x8000795c
     1060999000	     52948	8000795c	37d1	c.jal	80007920	  x1=0x8000795e
     1061039000	     52950	80007920	2819	c.jal	80007936	  x1=0x80007922
     1061099000	     52953	80007936	00c0026f	jal	x4,80007942	  x4=0x8000793a
     1061159000	     52956	80007942	00e0036f	jal	x6,80007950	  x6=0x80007946
     1061199000	     52958	80007950	0160086f	jal	x16,80007966	 x16=0x80007954
     1061259000	     52961	80007966	34075ff3	csrrwi	x31,mscratch,14	 x31=0x0000001d
     1061279000	     52962	8000796a	9c9e	c.add	x25,x7	 x25:0x80023a83  x7:0x40021c20 x25=0xc00456a3
     1061319000	     52964	8000796c	02713a33	mulhu	x20,x2,x7	  x2:0xfffffff1  x7:0x40021c20 x20=0x40021c1c
     1061339000	     52965	80007970	fe1c0d13	addi	x26,x24,-31	 x24:0x80007950 x26=0x80007931
     1061359000	     52966	80007974	41458933	sub	x18,x11,x20	 x11:0x80007980 x20:0x40021c1c x18=0x3ffe5d64
     1061679000	     52982	80007978	6345	c.lui	x6,0x11	  x6=0x00011000
     1061779000	     52987	8000797a	001a3033	sltu	x0,x20,x1	 x20:0x40021c1c  x1:0x80007922  x0=0x00000000
     1062199000	     53008	8000797e	340ef773	csrrci	x14,mscratch,29	 x14=0x0000000e
     1062219000	     53009	80007982	8ded	c.and	x11,x11	 x11:0x80007980 x11:0x80007980 x11=0x80007980
     1062339000	     53015	80007984	34095b73	csrrwi	x22,mscratch,18	 x22=0x00000002
     1062379000	     53017	80007988	99fd	c.andi	x11,-1	 x11:0x80007980 x11=0x80007980
     1062579000	     53027	8000798a	0062e033	or	x0,x5,x6	  x5:0x800078d4  x6:0x00011000  x0=0x00000000
     1062739000	     53035	8000798e	41835933	sra	x18,x6,x24	  x6:0x00011000 x24:0x80007950 x18=0x00000001
     1062759000	     53036	80007992	8f9d	c.sub	x15,x15	 x15:0xffffc001 x15:0xffffc001 x15=0x00000000
     1063159000	     53056	80007994	00a86d33	or	x26,x16,x10	 x16:0x80007954 x10:0xf8000000 x26=0xf8007954
     1063179000	     53057	80007998	02fb6763	bltu	x22,x15,800079c6	 x22:0x00000002 x15:0x00000000
     1063299000	     53063	8000799c	02ab6963	bltu	x22,x10,800079ce	 x22:0x00000002 x10:0xf8000000
     1063839000	     53090	800079ce	0371b8b3	mulhu	x17,x3,x23	  x3:0x80007962 x23:0x800078fc x17=0x4000792f
     1063859000	     53091	800079d2	01581193	slli	x3,x16,0x15	 x16:0x80007954  x3=0x2a800000
     1064259000	     53111	800079d6	34006cf3	csrrsi	x25,mscratch,0	 x25=0x00000012
     1064439000	     53120	800079da	d34f7f13	andi	x30,x30,-716	 x30:0x00000000 x30=0x00000000
     1064859000	     53141	800079de	34036d73	csrrsi	x26,mscratch,6	 x26=0x00000012
     1064879000	     53142	800079e2	000d5c33	srl	x24,x26,x0	 x26:0x00000012  x0:0x00000000 x24=0x00000012
     1065059000	     53151	800079e6	3dc21917	auipc	x18,0x3dc21	 x18=0xbdc289e6
     1065159000	     53156	800079ea	0234b9b3	mulhu	x19,x9,x3	  x9:0x000000fe  x3:0x2a800000 x19=0x0000002a
     1065179000	     53157	800079ee	0ec2	c.slli	x29,0x10	 x29:0x8454e000 x29=0xe0000000
     1065199000	     53158	800079f0	002c9813	slli	x16,x25,0x2	 x25:0x00000012 x16=0x00000048
     1065579000	     53177	800079f4	f165c093	xori	x1,x11,-234	 x11:0x80007980  x1=0x7fff8696
     1065859000	     53191	800079f8	8de5	c.and	x11,x9	 x11:0x80007980  x9:0x000000fe x11=0x00000080
     1065879000	     53192	800079fa	0001	c.addi	x0,0	  x0:0x00000000  x0=0x00000000
     1065919000	     53194	800079fc	0361b033	mulhu	x0,x3,x22	  x3:0x2a800000 x22:0x00000002  x0=0x00000000
     1065939000	     53195	80007a00	00a27db3	and	x27,x4,x10	  x4:0x8000793a x10:0xf8000000 x27=0x80000000
     1066039000	     53200	80007a04	02bd	c.addi	x5,15	  x5:0x800078d4  x5=0x800078e3
     1066059000	     53201	80007a06	1dfd	c.addi	x27,-1	 x27:0x80000000 x27=0x7fffffff
     1066079000	     53202	80007a08	89b5	c.andi	x11,13	 x11:0x00000080 x11=0x00000000
     1066339000	     53215	80007a0a	d605aab7	lui	x21,0xd605a	 x21=0xd605a000
     1066399000	     53218	80007a0e	00b6f833	and	x16,x13,x11	 x13:0x00000071 x11:0x00000000 x16=0x00000000
     1066419000	     53219	80007a12	340039f3	csrrc	x19,mscratch,x0	  x0:0x00000000 x19=0x00000016
     1066439000	     53220	80007a16	8dd9	c.or	x11,x14	 x11:0x00000000 x14:0x0000000e x11=0x0000000e
     1066619000	     53229	80007a18	8b49	c.andi	x14,18	 x14:0x0000000e x14=0x00000002
     1066639000	     53230	80007a1a	e395	c.bnez	x15,80007a3e	 x15:0x00000000
     1066999000	     53248	80007a1c	eb8d	c.bnez	x15,80007a4e	 x15:0x00000000
     1067019000	     53249	80007a1e	80c2	c.mv	x1,x16	  x0:0x00000000 x16:0x00000000  x1=0x00000000
     1067779000	     53287	80007a20	03dcc2b3	div	x5,x25,x29	 x25:0x00000012 x29:0xe0000000  x5=0x00000000
     1067799000	     53288	80007a24	ea89	c.bnez	x13,80007a36	 x13:0x00000071
     1068079000	     53302	80007a36	015f02b3	add	x5,x30,x21	 x30:0x00000000 x21:0xd605a000  x5=0xd605a000
     1068119000	     53304	80007a3a	0306b133	mulhu	x2,x13,x16	 x13:0x00000071 x16:0x00000000  x2=0x00000000
     1068139000	     53305	80007a3e	0ff0000f	fence	iorw,iorw	
     1068159000	     53306	80007a42	01e59913	slli	x18,x11,0x1e	 x11:0x0000000e x18=0x80000000
     1068239000	     53310	80007a46	02c54d63	blt	x10,x12,80007a80	 x10:0xf8000000 x12:0x80023ce4
     1068659000	     53331	80007a4a	009e2033	slt	x0,x28,x9	 x28:0x8001fdb4  x9:0x000000fe  x0=0x00000000
     1068679000	     53332	80007a4e	0488	c.addi4spn	x10,x2,576	 x10=0x00000240
     1069419000	     53369	80007a50	038cdc33	divu	x24,x25,x24	 x25:0x00000012 x24:0x00000012 x24=0x00000001
     1070159000	     53406	80007a54	03bed233	divu	x4,x29,x27	 x29:0xe0000000 x27:0x7fffffff  x4=0x00000001
     1070179000	     53407	80007a58	340f7073	csrrci	x0,mscratch,30	  x0=0x00000000
     1070219000	     53409	80007a5c	02142033	mulhsu	x0,x8,x1	  x8:0x80000000  x1:0x00000000  x0=0x00000000
     1070239000	     53410	80007a60	8df9	c.and	x11,x14	 x11:0x0000000e x14:0x00000002 x11=0x00000002
     1070979000	     53447	80007a62	025e6033	rem	x0,x28,x5	 x28:0x8001fdb4  x5:0xd605a000  x0=0x00000000
     1070999000	     53448	80007a66	340061f3	csrrsi	x3,mscratch,0	  x3=0x00000000
     1071019000	     53449	80007a6a	f0928913	addi	x18,x5,-247	  x5:0xd605a000 x18=0xd6059f09
     1071039000	     53450	80007a6e	81f9	c.srli	x11,0x1e	 x11:0x00000002 x11=0x00000000
     1071059000	     53451	80007a70	305ef313	andi	x6,x29,773	 x29:0xe0000000  x6=0x00000000
     1071099000	     53453	80007a74	02f469b3	rem	x19,x8,x15	  x8:0x80000000 x15:0x00000000 x19=0x80000000
     1071159000	     53456	80007a78	611d	c.addi16sp	x2,416	  x2:0x00000000  x2=0x000001a0
     1071179000	     53457	80007a7a	0bbe	c.slli	x23,0xf	 x23:0x800078fc x23=0x3c7e0000
     1071579000	     53477	80007a7c	21210c93	addi	x25,x2,530	  x2:0x000001a0 x25=0x000003b2
     1071659000	     53481	80007a80	88e5	c.andi	x9,25	  x9:0x000000fe  x9=0x00000018
     1071679000	     53482	80007a82	0000100f	fence.i	
     1072019000	     53499	80007a86	0000100f	fence.i	
     1072779000	     53537	80007a8a	e31d	c.bnez	x14,80007ab0	 x14:0x00000002
     1073519000	     53574	80007ab0	0ff0000f	fence	iorw,iorw	
     1073539000	     53575	80007ab4	038f6063	bltu	x30,x24,80007ad4	 x30:0x00000000 x24:0x00000001
     1074259000	     53611	80007ad4	85ed	c.srai	x11,0x1b	 x11:0x00000000 x11=0x00000000
     1074279000	     53612	80007ad6	00baa933	slt	x18,x21,x11	 x21:0xd605a000 x11:0x00000000 x18=0x00000001
     1074299000	     53613	80007ada	8f3d	c.xor	x14,x15	 x14:0x00000002 x15:0x00000000 x14=0x00000002
     1074699000	     53633	80007adc	34006f73	csrrsi	x30,mscratch,0	 x30=0x00000000
     1074759000	     53636	80007ae0	0ff0000f	fence	iorw,iorw	
     1074959000	     53646	80007ae4	5f1e3013	sltiu	x0,x28,1521	 x28:0x8001fdb4  x0=0x00000000
     1074999000	     53648	80007ae8	340066f3	csrrsi	x13,mscratch,0	 x13=0x00000000
     1075739000	     53685	80007aec	028075b3	remu	x11,x0,x8	  x0:0x00000000  x8:0x80000000 x11=0x00000000
     1075759000	     53686	80007af0	340065f3	csrrsi	x11,mscratch,0	 x11=0x00000000
     1075779000	     53687	80007af4	82b1	c.srli	x13,0xc	 x13:0x00000000 x13=0x00000000
     1075799000	     53688	80007af6	02d28fb3	mul	x31,x5,x13	  x5:0xd605a000 x13:0x00000000 x31=0x00000000
     1075819000	     53689	80007afa	00874f63	blt	x14,x8,80007b18	 x14:0x00000002  x8:0x80000000
     1075839000	     53690	80007afe	4f85	c.li	x31,1	 x31=0x00000001
     1075859000	     53691	80007b00	7ed17693	andi	x13,x2,2029	  x2:0x000001a0 x13=0x000001a0
     1075879000	     53692	80007b04	41b65fb3	sra	x31,x12,x27	 x12:0x80023ce4 x27:0x7fffffff x31=0xffffffff
     1075899000	     53693	80007b08	01334933	xor	x18,x6,x19	  x6:0x00000000 x19:0x80000000 x18=0x80000000
     1076319000	     53714	80007b0c	00137ab3	and	x21,x6,x1	  x6:0x00000000  x1:0x00000000 x21=0x00000000
     1076339000	     53715	80007b10	038484b3	mul	x9,x9,x24	  x9:0x00000018 x24:0x00000001  x9=0x00000018
     1076499000	     53723	80007b14	039a1cb3	mulh	x25,x20,x25	 x20:0x40021c1c x25:0x000003b2 x25=0x000000ec
     1076599000	     53728	80007b18	83cd	c.srli	x15,0x13	 x15:0x00000000 x15=0x00000000
     1076619000	     53729	80007b1a	0001	c.addi	x0,0	  x0:0x00000000  x0=0x00000000
     1076639000	     53730	80007b1c	1f18	c.addi4spn	x14,x2,944	 x14=0x00000550
     1076659000	     53731	80007b1e	e199	c.bnez	x11,80007b24	 x11:0x00000000
     1076999000	     53748	80007b20	1f2c0a93	addi	x21,x24,498	 x24:0x00000001 x21=0x000001f3
     1077019000	     53749	80007b24	80d1	c.srli	x9,0x14	  x9:0x00000018  x9=0x00000000
     1077399000	     53768	80007b26	d2791e97	auipc	x29,0xd2791	 x29=0x52798b26
     1077819000	     53789	80007b2a	404d5913	srai	x18,x26,0x4	 x26:0x00000012 x18=0x00000001
     1077879000	     53792	80007b2e	0440f063	bgeu	x1,x4,80007b6e	  x1:0x00000000  x4:0x00000001
     1078619000	     53829	80007b32	02a749b3	div	x19,x14,x10	 x14:0x00000550 x10:0x00000240 x19=0x00000002
     1078639000	     53830	80007b36	3409fd73	csrrci	x26,mscratch,19	 x26=0x00000000
     1078659000	     53831	80007b3a	013e85b3	add	x11,x29,x19	 x29:0x52798b26 x19:0x00000002 x11=0x52798b28
     1078679000	     53832	80007b3e	1394	c.addi4spn	x13,x2,480	 x13=0x00000380
     1078699000	     53833	80007b40	48e5	c.li	x17,25	 x17=0x00000019
     1078719000	     53834	80007b42	34069b73	csrrw	x22,mscratch,x13	 x13:0x00000380 x22=0x00000000
     1078739000	     53835	80007b46	e119	c.bnez	x10,80007b4c	 x10:0x00000240
     1078779000	     53837	80007b4c	86e6	c.mv	x13,x25	  x0:0x00000000 x25:0x000000ec x13=0x000000ec
     1078979000	     53847	80007b4e	014ca8b3	slt	x17,x25,x20	 x25:0x000000ec x20:0x40021c1c x17=0x00000001
     1078999000	     53848	80007b52	8d71	c.and	x10,x12	 x10:0x00000240 x12:0x80023ce4 x10=0x00000040
     1079019000	     53849	80007b54	9a2a	c.add	x20,x10	 x20:0x40021c1c x10:0x00000040 x20=0x40021c5c
     1079079000	     53852	80007b56	003a1263	bne	x20,x3,80007b5a	 x20:0x40021c5c  x3:0x00000000
     1079879000	     53892	80007b5a	03a5ff33	remu	x30,x11,x26	 x11:0x52798b28 x26:0x00000000 x30=0x52798b28
     1079899000	     53893	80007b5e	4046d113	srai	x2,x13,0x4	 x13:0x000000ec  x2=0x0000000e
     1094859000	     54641	80007b62	0255adb3	mulhsu	x27,x11,x5	 x11:0x52798b28  x5:0xd605a000 x27=0x44f36a3f
     1094879000	     54642	80007b66	34003173	csrrc	x2,mscratch,x0	  x0:0x00000000  x2=0x00000380
     1094899000	     54643	80007b6a	03da8763	beq	x21,x29,80007b98	 x21:0x000001f3 x29:0x52798b26
     1094919000	     54644	80007b6e	612d	c.addi16sp	x2,224	  x2:0x00000380  x2=0x00000460
     1094939000	     54645	80007b70	0001	c.addi	x0,0	  x0:0x00000000  x0=0x00000000
     1094959000	     54646	80007b72	01669f33	sll	x30,x13,x22	 x13:0x000000ec x22:0x00000000 x30=0x000000ec
     1094979000	     54647	80007b76	8f132517	auipc	x10,0x8f132	 x10=0x0f139b76
     1095139000	     54655	80007b7a	40525393	srai	x7,x4,0x5	  x4:0x00000001  x7=0x00000000
     1095159000	     54656	80007b7e	63042393	slti	x7,x8,1584	  x8:0x80000000  x7=0x00000001
     1095179000	     54657	80007b82	8cf5	c.and	x9,x13	  x9:0x00000000 x13:0x000000ec  x9=0x00000000
     1095199000	     54658	80007b84	03011963	bne	x2,x16,80007bb6	  x2:0x00000460 x16:0x00000000
     1095999000	     54698	80007bb6	014d1f13	slli	x30,x26,0x14	 x26:0x00000000 x30=0x00000000
     1096019000	     54699	80007bba	151c	c.addi4spn	x15,x2,672	 x15=0x00000700
     1096239000	     54710	80007bbc	34007ef3	csrrci	x29,mscratch,0	 x29=0x00000380
     1096679000	     54732	80007bc0	028d2cb3	mulhsu	x25,x26,x8	 x26:0x00000000  x8:0x80000000 x25=0x00000000
     1096919000	     54744	80007bc4	0099f4b3	and	x9,x19,x9	 x19:0x00000002  x9:0x00000000  x9=0x00000000
     1097139000	     54755	80007bc8	021337b3	mulhu	x15,x6,x1	  x6:0x00000000  x1:0x00000000 x15=0x00000000
     1097279000	     54762	80007bcc	832e	c.mv	x6,x11	  x0:0x00000000 x11:0x52798b28  x6=0x52798b28
     1097299000	     54763	80007bce	66f1	c.lui	x13,0x1c	 x13=0x0001c000
     1097479000	     54772	80007bd0	01f30a33	add	x20,x6,x31	  x6:0x52798b28 x31:0xffffffff x20=0x52798b27
     1098259000	     54811	80007bd4	03f8dcb3	divu	x25,x17,x31	 x17:0x00000001 x31:0xffffffff x25=0x00000000
     1098279000	     54812	80007bd8	8376	c.mv	x6,x29	  x0:0x00000000 x29:0x00000380  x6=0x00000380
     1098299000	     54813	80007bda	01f41193	slli	x3,x8,0x1f	  x8:0x80000000  x3=0x00000000
     1098319000	     54814	80007bde	000536b3	sltu	x13,x10,x0	 x10:0x0f139b76  x0:0x00000000 x13=0x00000000
     1098339000	     54815	80007be2	85a9	c.srai	x11,0xa	 x11:0x52798b28 x11=0x00149e62
     1098359000	     54816	80007be4	85a5	c.srai	x11,0x9	 x11:0x00149e62 x11=0x00000a4f
     1098379000	     54817	80007be6	01892233	slt	x4,x18,x24	 x18:0x00000001 x24:0x00000001  x4=0x00000000
     1098399000	     54818	80007bea	8da9	c.xor	x11,x10	 x11:0x00000a4f x10:0x0f139b76 x11=0x0f139139
     1098419000	     54819	80007bec	0001	c.addi	x0,0	  x0:0x00000000  x0=0x00000000
     1098779000	     54837	80007bee	041c0363	beq	x24,x1,80007c34	 x24:0x00000001  x1:0x00000000
     1098799000	     54838	80007bf2	6cd9	c.lui	x25,0x16	 x25=0x00016000
     1099199000	     54858	80007bf4	34062173	csrrs	x2,mscratch,x12	 x12:0x80023ce4  x2=0x00000380
     1099339000	     54865	80007bf8	340031f3	csrrc	x3,mscratch,x0	  x0:0x00000000  x3=0x80023fe4
     1099359000	     54866	80007bfc	0ff0000f	fence	iorw,iorw	
     1099379000	     54867	80007c00	8cc1	c.or	x9,x8	  x9:0x00000000  x8:0x80000000  x9=0x80000000
     1099559000	     54876	80007c02	340020f3	csrrs	x1,mscratch,x0	  x0:0x00000000  x1=0x80023fe4
     1099679000	     54882	80007c06	34003ef3	csrrc	x29,mscratch,x0	  x0:0x00000000 x29=0x80023fe4
     1099699000	     54883	80007c0a	5b0aa213	slti	x4,x21,1456	 x21:0x000001f3  x4=0x00000001
     1099999000	     54898	80007c0e	1af03d13	sltiu	x26,x0,431	  x0:0x00000000 x26=0x00000001
     1100059000	     54901	80007c12	02e73533	mulhu	x10,x14,x14	 x14:0x00000550 x14:0x00000550 x10=0x00000000
     1100459000	     54921	80007c16	80686f97	auipc	x31,0x80686	 x31=0x0068dc16
     1100479000	     54922	80007c1a	babb3f17	auipc	x30,0xbabb3	 x30=0x3abbac1a
     1100659000	     54931	80007c1e	7ab18a93	addi	x21,x3,1963	  x3:0x80023fe4 x21=0x8002478f
     1100799000	     54938	80007c22	0000100f	fence.i	
     1101539000	     54975	80007c26	401a8a33	sub	x20,x21,x1	 x21:0x8002478f  x1:0x80023fe4 x20=0x000007ab
     1102279000	     55012	80007c2a	0370ca33	div	x20,x1,x23	  x1:0x80023fe4 x23:0x3c7e0000 x20=0xfffffffe
     1102299000	     55013	80007c2e	5ffd	c.li	x31,-1	 x31=0xffffffff
     1102319000	     55014	80007c30	340d5c73	csrrwi	x24,mscratch,26	 x24=0x80023fe4
     1102339000	     55015	80007c34	8c99	c.sub	x9,x14	  x9:0x80000000 x14:0x00000550  x9=0x7ffffab0
     1103079000	     55052	80007c36	031b43b3	div	x7,x22,x17	 x22:0x00000000 x17:0x00000001  x7=0x00000000
     1103099000	     55053	80007c3a	9874fc37	lui	x24,0x9874f	 x24=0x9874f000
     1103119000	     55054	80007c3e	8589	c.srai	x11,0x2	 x11:0x0f139139 x11=0x03c4e44e
     1103139000	     55055	80007c40	8521	c.srai	x10,0x8	 x10:0x00000000 x10=0x00000000
     1103179000	     55057	80007c42	039e13b3	mulh	x7,x28,x25	 x28:0x8001fdb4 x25:0x00016000  x7=0xffff5002
     1103199000	     55058	80007c46	ad42f393	andi	x7,x5,-1324	  x5:0xd605a000  x7=0xd605a000
     1103219000	     55059	80007c4a	0001	c.addi	x0,0	  x0:0x00000000  x0=0x00000000
     1103239000	     55060	80007c4c	8d39	c.xor	x10,x14	 x10:0x00000000 x14:0x00000550 x10=0x00000550
     1103259000	     55061	80007c4e	6cb5	c.lui	x25,0xd	 x25=0x0000d000
     1103359000	     55066	80007c50	93b2	c.add	x7,x12	  x7:0xd605a000 x12:0x80023ce4  x7=0x5607dce4
     1103399000	     55068	80007c52	03d1a6b3	mulhsu	x13,x3,x29	  x3:0x80023fe4 x29:0x80023fe4 x13=0xc0000005
     1103419000	     55069	80007c56	e2768393	addi	x7,x13,-473	 x13:0xc0000005  x7=0xbffffe2c
     1103519000	     55074	80007c5a	0ff0000f	fence	iorw,iorw	
     1103539000	     55075	80007c5e	cd1d	c.beqz	x10,80007c9c	 x10:0x00000550
     1103559000	     55076	80007c60	4fc5	c.li	x31,17	 x31=0x00000011
     1103579000	     55077	80007c62	02f58933	mul	x18,x11,x15	 x11:0x03c4e44e x15:0x00000000 x18=0x00000000
     1103719000	     55084	80007c66	bd67d8b7	lui	x17,0xbd67d	 x17=0xbd67d000
     1103959000	     55096	80007c6a	340623f3	csrrs	x7,mscratch,x12	 x12:0x80023ce4  x7=0x0000001a
     1104379000	     55117	80007c6e	0ff0000f	fence	iorw,iorw	
     1104399000	     55118	80007c72	007ff1b3	and	x3,x31,x7	 x31:0x00000011  x7:0x0000001a  x3=0x00000010
     1104419000	     55119	80007c76	003b8e63	beq	x23,x3,80007c92	 x23:0x3c7e0000  x3:0x00000010
     1104439000	     55120	80007c7a	9c72	c.add	x24,x28	 x24:0x9874f000 x28:0x8001fdb4 x24=0x1876edb4
     1104839000	     55140	80007c7c	ef11	c.bnez	x14,80007c98	 x14:0x00000550
     1105479000	     55172	80007c98	41178933	sub	x18,x15,x17	 x15:0x00000000 x17:0xbd67d000 x18=0x42983000
     1106619000	     55229	80007c9c	0295df33	divu	x30,x11,x9	 x11:0x03c4e44e  x9:0x7ffffab0 x30=0x00000000
     1107359000	     55266	80007ca0	03d450b3	divu	x1,x8,x29	  x8:0x80000000 x29:0x80023fe4  x1=0x00000000
     1107379000	     55267	80007ca4	0001	c.addi	x0,0	  x0:0x00000000  x0=0x00000000
     1107399000	     55268	80007ca6	0196c6b3	xor	x13,x13,x25	 x13:0xc0000005 x25:0x0000d000 x13=0xc000d005
     1107419000	     55269	80007caa	0001	c.addi	x0,0	  x0:0x00000000  x0=0x00000000
     1108159000	     55306	80007cac	02764db3	div	x27,x12,x7	 x12:0x80023ce4  x7:0x0000001a x27=0xfb13c744
     1108179000	     55307	80007cb0	00871b13	slli	x22,x14,0x8	 x14:0x00000550 x22=0x00055000
     1108199000	     55308	80007cb4	006689b3	add	x19,x13,x6	 x13:0xc000d005  x6:0x00000380 x19=0xc000d385
     1108219000	     55309	80007cb8	a67e4537	lui	x10,0xa67e4	 x10=0xa67e4000
     1108259000	     55311	80007cbc	0389a933	mulhsu	x18,x19,x24	 x19:0xc000d385 x24:0x1876edb4 x18=0xf9e258c9
     1108279000	     55312	80007cc0	0bf2	c.slli	x23,0x1c	 x23:0x3c7e0000 x23=0x00000000
     1108299000	     55313	80007cc2	217e3813	sltiu	x16,x28,535	 x28:0x8001fdb4 x16=0x00000000
     1108319000	     55314	80007cc6	85b9	c.srai	x11,0xe	 x11:0x03c4e44e x11=0x00000f13
     1108339000	     55315	80007cc8	003fd863	bge	x31,x3,80007cd8	 x31:0x00000011  x3:0x00000010
     1108919000	     55344	80007cd8	37be7713	andi	x14,x28,891	 x28:0x8001fdb4 x14=0x00000130
     1108939000	     55345	80007cdc	8f85	c.sub	x15,x9	 x15:0x00000000  x9:0x7ffffab0 x15=0x80000550
     1108959000	     55346	80007cde	40fed233	sra	x4,x29,x15	 x29:0x80023fe4 x15:0x80000550  x4=0xffff8002
     1109119000	     55354	80007ce2	0ff0000f	fence	iorw,iorw	
     1109139000	     55355	80007ce6	8f89	c.sub	x15,x10	 x15:0x80000550 x10:0xa67e4000 x15=0xd981c550
     1109159000	     55356	80007ce8	012bd093	srli	x1,x23,0x12	 x23:0x00000000  x1=0x00000000
     1109179000	     55357	80007cec	403e59b3	sra	x19,x28,x3	 x28:0x8001fdb4  x3:0x00000010 x19=0xffff8001
     1109599000	     55378	80007cf0	8e85	c.sub	x13,x9	 x13:0xc000d005  x9:0x7ffffab0 x13=0x4000d555
     1109639000	     55380	80007cf2	032c33b3	mulhu	x7,x24,x18	 x24:0x1876edb4 x18:0xf9e258c9  x7=0x17e14eae
     1110039000	     55400	80007cf6	bed07693	andi	x13,x0,-1043	  x0:0x00000000 x13=0x00000000
     1110059000	     55401	80007cfa	6be1	c.lui	x23,0x18	 x23=0x00018000
     1110079000	     55402	80007cfc	9272	c.add	x4,x28	  x4:0xffff8002 x28:0x8001fdb4  x4=0x80017db6
     1110159000	     55406	80007cfe	008f19b3	sll	x19,x30,x8	 x30:0x00000000  x8:0x80000000 x19=0x00000000
     1110439000	     55420	80007d02	004f9193	slli	x3,x31,0x4	 x31:0x00000011  x3=0x00000110
     1110459000	     55421	80007d06	833d	c.srli	x14,0xf	 x14:0x00000130 x14=0x00000000
     1110599000	     55428	80007d08	340c5ff3	csrrwi	x31,mscratch,24	 x31=0x80023cfe
     1110699000	     55433	80007d0c	02a5f163	bgeu	x11,x10,80007d2e	 x11:0x00000f13 x10:0xa67e4000
     1111019000	     55449	80007d10	612d	c.addi16sp	x2,224	  x2:0x00000380  x2=0x00000460
     1111039000	     55450	80007d12	8db9	c.xor	x11,x14	 x11:0x00000f13 x14:0x00000000 x11=0x00000f13
     1111059000	     55451	80007d14	055d	c.addi	x10,23	 x10:0xa67e4000 x10=0xa67e4017
     1111079000	     55452	80007d16	0000100f	fence.i	
     1112739000	     55535	80007d1a	016e59b3	srl	x19,x28,x22	 x28:0x8001fdb4 x22:0x00055000 x19=0x8001fdb4
     1112759000	     55536	80007d1e	00244c33	xor	x24,x8,x2	  x8:0x80000000  x2:0x00000460 x24=0x80000460
     1112899000	     55543	80007d22	0196a133	slt	x2,x13,x25	 x13:0x00000000 x25:0x0000d000  x2=0x00000001
     1112919000	     55544	80007d26	8d51	c.or	x10,x12	 x10:0xa67e4017 x12:0x80023ce4 x10=0xa67e7cf7
     1112939000	     55545	80007d28	0ffaaa93	slti	x21,x21,255	 x21:0x8002478f x21=0x00000001
     1113059000	     55551	80007d2c	8fc1	c.or	x15,x8	 x15:0xd981c550  x8:0x80000000 x15=0xd981c550
     1113079000	     55552	80007d2e	003e8833	add	x16,x29,x3	 x29:0x80023fe4  x3:0x00000110 x16=0x800240f4
     1113879000	     55592	80007d32	0298f6b3	remu	x13,x17,x9	 x17:0xbd67d000  x9:0x7ffffab0 x13=0x3d67d550
     1113899000	     55593	80007d36	8cd5	c.or	x9,x13	  x9:0x7ffffab0 x13:0x3d67d550  x9=0x7ffffff0
     1113919000	     55594	80007d38	6315	c.lui	x6,0x5	  x6=0x00005000
     1113939000	     55595	80007d3a	340079f3	csrrci	x19,mscratch,0	 x19=0x00000018
     1113979000	     55597	80007d3e	02f11733	mulh	x14,x2,x15	  x2:0x00000001 x15:0xd981c550 x14=0xffffffff
     1113999000	     55598	80007d42	01b06763	bltu	x0,x27,80007d50	  x0:0x00000000 x27:0xfb13c744
     1114539000	     55625	80007d50	0035c3b3	xor	x7,x11,x3	 x11:0x00000f13  x3:0x00000110  x7=0x00000e03
     1114739000	     55635	80007d54	8975	c.andi	x10,29	 x10:0xa67e7cf7 x10=0x00000015
     1114759000	     55636	80007d56	8155	c.srli	x10,0x15	 x10:0x00000015 x10=0x00000000
     1114779000	     55637	80007d58	0001	c.addi	x0,0	  x0:0x00000000  x0=0x00000000
     1114799000	     55638	80007d5a	8f51	c.or	x14,x12	 x14:0xffffffff x12:0x80023ce4 x14=0xffffffff
     1115139000	     55655	80007d5c	9b113c13	sltiu	x24,x2,-1615	  x2:0x00000001 x24=0x00000001
     1115339000	     55665	80007d60	01c5fb63	bgeu	x11,x28,80007d76	 x11:0x00000f13 x28:0x8001fdb4
     1115519000	     55674	80007d64	a13bf313	andi	x6,x23,-1517	 x23:0x00018000  x6=0x00018000
     1115539000	     55675	80007d68	0ff0000f	fence	iorw,iorw	
     1115959000	     55696	80007d6c	4d9bbb13	sltiu	x22,x23,1241	 x23:0x00018000 x22=0x00000000
     1115979000	     55697	80007d70	0103cd63	blt	x7,x16,80007d8a	  x7:0x00000e03 x16:0x800240f4
     1115999000	     55698	80007d74	1398	c.addi4spn	x14,x2,480	 x14=0x000001e1
     1116739000	     55735	80007d76	03c6c033	div	x0,x13,x28	 x13:0x3d67d550 x28:0x8001fdb4  x0=0x00000000
     1116759000	     55736	80007d7a	34002ef3	csrrs	x29,mscratch,x0	  x0:0x00000000 x29=0x00000018
     1116779000	     55737	80007d7e	34031af3	csrrw	x21,mscratch,x6	  x6:0x00018000 x21=0x00000018
     1116799000	     55738	80007d82	e601b793	sltiu	x15,x3,-416	  x3:0x00000110 x15=0x00000001
     1117199000	     55758	80007d86	1026f393	andi	x7,x13,258	 x13:0x3d67d550  x7=0x00000100
     1117219000	     55759	80007d8a	0001	c.addi	x0,0	  x0:0x00000000  x0=0x00000000
     1117959000	     55796	80007d8c	024f5233	divu	x4,x30,x4	 x30:0x00000000  x4:0x80017db6  x4=0x00000000
     1117979000	     55797	80007d90	99fd	c.andi	x11,-1	 x11:0x00000f13 x11=0x00000f13
     1118719000	     55834	80007d92	03b86ab3	rem	x21,x16,x27	 x16:0x800240f4 x27:0xfb13c744 x21=0xfb13cb50
     1118739000	     55835	80007d96	3cb36893	ori	x17,x6,971	  x6:0x00018000 x17=0x000183cb
     1118759000	     55836	80007d9a	5df87b17	auipc	x22,0x5df87	 x22=0xddf8ed9a
     1119499000	     55873	80007d9e	03cd66b3	rem	x13,x26,x28	 x26:0x00000001 x28:0x8001fdb4 x13=0x00000001
     1120239000	     55910	80007da2	028a63b3	rem	x7,x20,x8	 x20:0xfffffffe  x8:0x80000000  x7=0xfffffffe
     1120259000	     55911	80007da6	34002af3	csrrs	x21,mscratch,x0	  x0:0x00000000 x21=0x00018000
     1120299000	     55913	80007daa	02aa4cb3	div	x25,x20,x10	 x20:0xfffffffe x10:0x00000000 x25=0xffffffff
     1120319000	     55914	80007dae	6bad	c.lui	x23,0xb	 x23=0x0000b000
     1120339000	     55915	80007db0	7d7ebf13	sltiu	x30,x29,2007	 x29:0x00000018 x30=0x00000001
     1120359000	     55916	80007db4	340a2573	csrrs	x10,mscratch,x20	 x20:0xfffffffe x10=0x00018000
     1120379000	     55917	80007db8	0000100f	fence.i	
     1120599000	     55928	80007dbc	56f2e293	ori	x5,x5,1391	  x5:0xd605a000  x5=0xd605a56f
     1120679000	     55932	80007dc0	8fc1	c.or	x15,x8	 x15:0x00000001  x8:0x80000000 x15=0x80000001
     1120759000	     55936	80007dc2	34006f73	csrrsi	x30,mscratch,0	 x30=0xfffffffe
     1121139000	     55955	80007dc6	3579f313	andi	x6,x19,855	 x19:0x00000018  x6=0x00000010
     1121219000	     55959	80007dca	34002373	csrrs	x6,mscratch,x0	  x0:0x00000000  x6=0xfffffffe
     1121639000	     55980	80007dce	0ff0000f	fence	iorw,iorw	
     1121799000	     55988	80007dd2	34007073	csrrci	x0,mscratch,0	  x0=0x00000000
     1121819000	     55989	80007dd6	0ff0000f	fence	iorw,iorw	
     1121839000	     55990	80007dda	d62efc97	auipc	x25,0xd62ef	 x25=0x562f6dda
     1121859000	     55991	80007dde	8389	c.srli	x15,0x2	 x15:0x80000001 x15=0x20000000
     1122139000	     56005	80007de0	34039df3	csrrw	x27,mscratch,x7	  x7:0xfffffffe x27=0xfffffffe
     1122459000	     56021	80007de4	8ee5	c.and	x13,x9	 x13:0x00000001  x9:0x7ffffff0 x13=0x00000000
     1122479000	     56022	80007de6	8de9	c.and	x11,x10	 x11:0x00000f13 x10:0x00018000 x11=0x00000000
     1123579000	     56077	80007de8	033c44b3	div	x9,x24,x19	 x24:0x00000001 x19:0x00000018  x9=0x00000000
     1123599000	     56078	80007dec	ad810913	addi	x18,x2,-1320	  x2:0x00000001 x18=0xfffffad9
     1123619000	     56079	80007df0	00077963	bgeu	x14,x0,80007e02	 x14:0x000001e1  x0:0x00000000
     1123759000	     56086	80007e02	007fb533	sltu	x10,x31,x7	 x31:0x80023cfe  x7:0xfffffffe x10=0x00000001
     1123799000	     56088	80007e06	020844b3	div	x9,x16,x0	 x16:0x800240f4  x0:0x00000000  x9=0xffffffff
     1123819000	     56089	80007e0a	01605813	srli	x16,x0,0x16	  x0:0x00000000 x16=0x00000000
     1123879000	     56092	80007e0e	017ad4b3	srl	x9,x21,x23	 x21:0x00018000 x23:0x0000b000  x9=0x00018000
     1123899000	     56093	80007e12	00b1b5b3	sltu	x11,x3,x11	  x3:0x00000110 x11:0x00000000 x11=0x00000000
     1123919000	     56094	80007e16	34065ef3	csrrwi	x29,mscratch,12	 x29=0xfffffffe
     1123939000	     56095	80007e1a	4c71	c.li	x24,28	 x24=0x0000001c
     1123959000	     56096	80007e1c	03db0863	beq	x22,x29,80007e4c	 x22:0xddf8ed9a x29:0xfffffffe
     1124399000	     56118	80007e20	eb05	c.bnez	x14,80007e50	 x14:0x000001e1
     1125399000	     56168	80007e50	0001	c.addi	x0,0	  x0:0x00000000  x0=0x00000000
     1125419000	     56169	80007e52	02ff0863	beq	x30,x15,80007e82	 x30:0xfffffffe x15:0x20000000
     1142139000	     57005	80007e56	0579c063	blt	x19,x23,80007e96	 x19:0x00000018 x23:0x0000b000
     1142919000	     57044	80007e96	01eec4b3	xor	x9,x29,x30	 x29:0xfffffffe x30:0xfffffffe  x9=0x00000000
     1142939000	     57045	80007e9a	997d	c.andi	x10,-1	 x10:0x00000001 x10=0x00000001
     1143679000	     57082	80007e9c	023cf0b3	remu	x1,x25,x3	 x25:0x562f6dda  x3:0x00000110  x1=0x0000009a
     1143719000	     57084	80007ea0	036cbab3	mulhu	x21,x25,x22	 x25:0x562f6dda x22:0xddf8ed9a x21=0x4ababfc5
     1143739000	     57085	80007ea4	340b74f3	csrrci	x9,mscratch,22	  x9=0x0000000c
     1143759000	     57086	80007ea8	40c084b3	sub	x9,x1,x12	  x1:0x0000009a x12:0x80023ce4  x9=0x7ffdc3b6
     1143779000	     57087	80007eac	a2ad3697	auipc	x13,0xa2ad3	 x13=0x22adaeac
     1143799000	     57088	80007eb0	1c8c	c.addi4spn	x11,x2,624	 x11=0x00000271
     1143819000	     57089	80007eb2	0000100f	fence.i	
     1144159000	     57106	80007eb6	01681833	sll	x16,x16,x22	 x16:0x00000000 x22:0xddf8ed9a x16=0x00000000
     1144179000	     57107	80007eba	0141f733	and	x14,x3,x20	  x3:0x00000110 x20:0xfffffffe x14=0x00000110
     1144359000	     57116	80007ebe	40e28bb3	sub	x23,x5,x14	  x5:0xd605a56f x14:0x00000110 x23=0xd605a45f
     1144379000	     57117	80007ec2	0152e333	or	x6,x5,x21	  x5:0xd605a56f x21:0x4ababfc5  x6=0xdebfbfef
     1144539000	     57125	80007ec6	34007cf3	csrrci	x25,mscratch,0	 x25=0x00000008
     1144559000	     57126	80007eca	0181c8b3	xor	x17,x3,x24	  x3:0x00000110 x24:0x0000001c x17=0x0000010c
     1144579000	     57127	80007ece	00895b93	srli	x23,x18,0x8	 x18:0xfffffad9 x23=0x00fffffa
     1144599000	     57128	80007ed2	412604b3	sub	x9,x12,x18	 x12:0x80023ce4 x18:0xfffffad9  x9=0x8002420b
     1145019000	     57149	80007ed6	00dc1293	slli	x5,x24,0xd	 x24:0x0000001c  x5=0x00038000
     1145079000	     57152	80007eda	399ceb93	ori	x23,x25,921	 x25:0x00000008 x23=0x00000399
     1145139000	     57155	80007ede	34061773	csrrw	x14,mscratch,x12	 x12:0x80023ce4 x14=0x00000008
     1145159000	     57156	80007ee2	010d9f63	bne	x27,x16,80007f00	 x27:0xfffffffe x16:0x00000000
     1145239000	     57160	80007f00	0052f333	and	x6,x5,x5	  x5:0x00038000  x5:0x00038000  x6=0x00038000
     1145439000	     57170	80007f04	03c7a533	mulhsu	x10,x15,x28	 x15:0x20000000 x28:0x8001fdb4 x10=0x10003fb6
     1145479000	     57172	80007f08	0397a6b3	mulhsu	x13,x15,x25	 x15:0x20000000 x25:0x00000008 x13=0x00000001
     1145499000	     57173	80007f0c	0b3e	c.slli	x22,0xf	 x22:0xddf8ed9a x22=0x76cd0000
     1145579000	     57177	80007f0e	01334533	xor	x10,x6,x19	  x6:0x00038000 x19:0x00000018 x10=0x00038018
     1145779000	     57187	80007f12	01265363	bge	x12,x18,80007f18	 x12:0x80023ce4 x18:0xfffffad9
     1145799000	     57188	80007f16	587d	c.li	x16,-1	 x16=0xffffffff
     1145819000	     57189	80007f18	8d81	c.sub	x11,x8	 x11:0x00000271  x8:0x80000000 x11=0x80000271
     1145859000	     57191	80007f1a	03853033	mulhu	x0,x10,x24	 x10:0x00038018 x24:0x0000001c  x0=0x00000000
     1145879000	     57192	80007f1e	0001	c.addi	x0,0	  x0:0x00000000  x0=0x00000000
     1146239000	     57210	80007f20	03c187b3	mul	x15,x3,x28	  x3:0x00000110 x28:0x8001fdb4 x15=0x021d8f40
     1146259000	     57211	80007f24	67ba6e93	ori	x29,x20,1659	 x20:0xfffffffe x29=0xffffffff
     1146279000	     57212	80007f28	017929b3	slt	x19,x18,x23	 x18:0xfffffad9 x23:0x00000399 x19=0x00000001
     1146619000	     57229	80007f2c	30efc593	xori	x11,x31,782	 x31:0x80023cfe x11=0x80023ff0
     1146679000	     57232	80007f30	051e	c.slli	x10,0x7	 x10:0x00038018 x10=0x01c00c00
     1147079000	     57252	80007f32	3407f4f3	csrrci	x9,mscratch,15	  x9=0x80023ce4
     1147099000	     57253	80007f36	a2d64913	xori	x18,x12,-1491	 x12:0x80023ce4 x18=0x7ffdc6c9
     1147119000	     57254	80007f3a	02ca	c.slli	x5,0x12	  x5:0x00038000  x5=0x00000000
     1147139000	     57255	80007f3c	4077d7b3	sra	x15,x15,x7	 x15:0x021d8f40  x7:0xfffffffe x15=0x00000000
     1147539000	     57275	80007f40	877d	c.srai	x14,0x1f	 x14:0x00000008 x14=0x00000000
     1147559000	     57276	80007f42	01b4a9b3	slt	x19,x9,x27	  x9:0x80023ce4 x27:0xfffffffe x19=0x00000001
     1147579000	     57277	80007f46	9286	c.add	x5,x1	  x5:0x00000000  x1:0x0000009a  x5=0x0000009a
     1147979000	     57297	80007f48	34032ff3	csrrs	x31,mscratch,x6	  x6:0x00038000 x31=0x80023ce0
     1148399000	     57318	80007f4c	00aa1533	sll	x10,x20,x10	 x20:0xfffffffe x10:0x01c00c00 x10=0xfffffffe
     1148599000	     57328	80007f50	01d630b3	sltu	x1,x12,x29	 x12:0x80023ce4 x29:0xffffffff  x1=0x00000001
     1149019000	     57349	80007f54	00349733	sll	x14,x9,x3	  x9:0x80023ce4  x3:0x00000110 x14=0x3ce40000
     1149039000	     57350	80007f58	00c5b0b3	sltu	x1,x11,x12	 x11:0x80023ff0 x12:0x80023ce4  x1=0x00000000
     1149459000	     57371	80007f5c	0183e033	or	x0,x7,x24	  x7:0xfffffffe x24:0x0000001c  x0=0x00000000
     1149479000	     57372	80007f60	0ff0000f	fence	iorw,iorw	
     1149499000	     57373	80007f64	0001	c.addi	x0,0	  x0:0x00000000  x0=0x00000000
     1149519000	     57374	80007f66	8d79	c.and	x10,x14	 x10:0xfffffffe x14:0x3ce40000 x10=0x3ce40000
     1150279000	     57412	80007f68	03e644b3	div	x9,x12,x30	 x12:0x80023ce4 x30:0xfffffffe  x9=0x3ffee18e
     1150299000	     57413	80007f6c	01835f93	srli	x31,x6,0x18	  x6:0x00038000 x31=0x00000000
     1150319000	     57414	80007f70	ed19	c.bnez	x10,80007f8e	 x10:0x3ce40000
     1150839000	     57440	80007f8e	4195d213	srai	x4,x11,0x19	 x11:0x80023ff0  x4=0xffffffc0
     1150859000	     57441	80007f92	8d79	c.and	x10,x14	 x10:0x3ce40000 x14:0x3ce40000 x10=0x3ce40000
     1151259000	     57461	80007f94	8e8d	c.sub	x13,x11	 x13:0x00000001 x11:0x80023ff0 x13=0x7ffdc011
     1151279000	     57462	80007f96	0040f2b3	and	x5,x1,x4	  x1:0x00000000  x4:0xffffffc0  x5=0x00000000
     1151299000	     57463	80007f9a	038a1663	bne	x20,x24,80007fc6	 x20:0xfffffffe x24:0x0000001c
     1151959000	     57496	80007fc6	0ff0000f	fence	iorw,iorw	
     1152019000	     57499	80007fca	014edfb3	srl	x31,x29,x20	 x29:0xffffffff x20:0xfffffffe x31=0x00000003
     1152039000	     57500	80007fce	8cbd	c.xor	x9,x15	  x9:0x3ffee18e x15:0x00000000  x9=0x3ffee18e
     1152099000	     57503	80007fd0	6e9d	c.lui	x29,0x7	 x29=0x00007000
     1152119000	     57504	80007fd2	34006773	csrrsi	x14,mscratch,0	 x14=0x8003bce0
     1152219000	     57509	80007fd6	01cbaeb3	slt	x29,x23,x28	 x23:0x00000399 x28:0x8001fdb4 x29=0x00000000
     1152239000	     57510	80007fda	8cb5	c.xor	x9,x13	  x9:0x3ffee18e x13:0x7ffdc011  x9=0x4003219f
     1152539000	     57525	80007fdc	0d66	c.slli	x26,0x19	 x26:0x00000001 x26=0x02000000
     1152559000	     57526	80007fde	8d29	c.xor	x10,x10	 x10:0x3ce40000 x10:0x3ce40000 x10=0x00000000
     1152619000	     57529	80007fe0	0296a9b3	mulhsu	x19,x13,x9	 x13:0x7ffdc011  x9:0x4003219f x19=0x200100cc
     1152639000	     57530	80007fe4	0745	c.addi	x14,17	 x14:0x8003bce0 x14=0x8003bcf1
     1152659000	     57531	80007fe6	8f6d	c.and	x14,x11	 x14:0x8003bcf1 x11:0x80023ff0 x14=0x80023cf0
     1152679000	     57532	80007fe8	007bcf63	blt	x23,x7,80008006	 x23:0x00000399  x7:0xfffffffe
     1152699000	     57533	80007fec	0c0c	c.addi4spn	x11,x2,528	 x11=0x00000211
     1152719000	     57534	80007fee	ed05	c.bnez	x10,80008026	 x10:0x00000000
     1152739000	     57535	80007ff0	0236	c.slli	x4,0xd	  x4:0xffffffc0  x4=0xfff80000
     1153259000	     57561	80007ff2	5e55adb7	lui	x27,0x5e55a	 x27=0x5e55a000
     1153439000	     57570	80007ff6	40d055b3	sra	x11,x0,x13	  x0:0x00000000 x13:0x7ffdc011 x11=0x00000000
     1153459000	     57571	80007ffa	0246	c.slli	x4,0x11	  x4:0xfff80000  x4=0x00000000
     1153479000	     57572	80007ffc	8bdd	c.andi	x15,23	 x15:0x00000000 x15=0x00000000
     1153819000	     57589	80007ffe	00293833	sltu	x16,x18,x2	 x18:0x7ffdc6c9  x2:0x00000001 x16=0x00000000
     1154019000	     57599	80008002	012c5bb3	srl	x23,x24,x18	 x24:0x0000001c x18:0x7ffdc6c9 x23=0x00000000
     1154039000	     57600	80008006	0153cc63	blt	x7,x21,8000801e	  x7:0xfffffffe x21:0x4ababfc5
     1154939000	     57645	8000801e	34007cf3	csrrci	x25,mscratch,0	 x25=0x8003bce0
     1154979000	     57647	80008022	028b94b3	mulh	x9,x23,x8	 x23:0x00000000  x8:0x80000000  x9=0x00000000
     1154999000	     57648	80008026	41798933	sub	x18,x19,x23	 x19:0x200100cc x23:0x00000000 x18=0x200100cc
     1155159000	     57656	8000802a	0000100f	fence.i	
     1155799000	     57688	8000802e	02c5	c.addi	x5,17	  x5:0x00000000  x5=0x00000011
     1155819000	     57689	80008030	415e8db3	sub	x27,x29,x21	 x29:0x00000000 x21:0x4ababfc5 x27=0xb545403b
     1156699000	     57733	80008034	025df9b3	remu	x19,x27,x5	 x27:0xb545403b  x5:0x00000011 x19=0x00000010
     1156719000	     57734	80008038	0001	c.addi	x0,0	  x0:0x00000000  x0=0x00000000
     1156739000	     57735	8000803a	40125233	sra	x4,x4,x1	  x4:0x00000000  x1:0x00000000  x4=0x00000000
     1156759000	     57736	8000803e	0114	c.addi4spn	x13,x2,128	 x13=0x00000081
     1156779000	     57737	80008040	591bcc97	auipc	x25,0x591bc	 x25=0xd91c4040
     1156799000	     57738	80008044	34001bf3	csrrw	x23,mscratch,x0	  x0:0x00000000 x23=0x8003bce0
     1156839000	     57740	80008048	340cb273	csrrc	x4,mscratch,x25	 x25:0xd91c4040  x4=0x00000000
     1156899000	     57743	8000804c	024a24b3	mulhsu	x9,x20,x4	 x20:0xfffffffe  x4:0x00000000  x9=0x00000000
     1156919000	     57744	80008050	cb1066b7	lui	x13,0xcb106	 x13=0xcb106000
     1156939000	     57745	80008054	209d0e93	addi	x29,x26,521	 x26:0x02000000 x29=0x02000209
     1156959000	     57746	80008058	014eb833	sltu	x16,x29,x20	 x29:0x02000209 x20:0xfffffffe x16=0x00000001
     1157119000	     57754	8000805c	9bea5b37	lui	x22,0x9bea5	 x22=0x9bea5000
     1157139000	     57755	80008060	035d0933	mul	x18,x26,x21	 x26:0x02000000 x21:0x4ababfc5 x18=0x8a000000
     1157339000	     57765	80008064	34079bf3	csrrw	x23,mscratch,x15	 x15:0x00000000 x23=0x00000000
     1157359000	     57766	80008068	080c	c.addi4spn	x11,x2,16	 x11=0x00000011
     1157379000	     57767	8000806a	022b0cb3	mul	x25,x22,x2	 x22:0x9bea5000  x2:0x00000001 x25=0x9bea5000
     1157539000	     57775	8000806e	340ad273	csrrwi	x4,mscratch,21	  x4=0x00000000
     1157959000	     57796	80008072	0033fc63	bgeu	x7,x3,8000808a	  x7:0xfffffffe  x3:0x00000110
     1158459000	     57821	8000808a	924e	c.add	x4,x19	  x4:0x00000000 x19:0x00000010  x4=0x00000010
     1158499000	     57823	8000808c	0371e833	rem	x16,x3,x23	  x3:0x00000110 x23:0x00000000 x16=0x00000110
     1158519000	     57824	80008090	5fa3ed13	ori	x26,x7,1530	  x7:0xfffffffe x26=0xfffffffe
     1158679000	     57832	80008094	8f95	c.sub	x15,x13	 x15:0x00000000 x13:0xcb106000 x15=0x34efa000
     1159099000	     57853	80008096	00b910b3	sll	x1,x18,x11	 x18:0x8a000000 x11:0x00000011  x1=0x00000000
     1159159000	     57856	8000809a	340bd373	csrrwi	x6,mscratch,23	  x6=0x00000015
     1159179000	     57857	8000809e	087d	c.addi	x16,31	 x16:0x00000110 x16=0x0000012f
     1159299000	     57863	800080a0	0000100f	fence.i	
     1159699000	     57883	800080a4	119c	c.addi4spn	x15,x2,224	 x15=0x000000e1
     1159739000	     57885	800080a6	a8cb6813	ori	x16,x22,-1396	 x22:0x9bea5000 x16=0xfffffa8c
     1159759000	     57886	800080aa	0001	c.addi	x0,0	  x0:0x00000000  x0=0x00000000
     1159819000	     57889	800080ac	004e2183	lw	x3,4(x28)	 x28:0x8001fdb4  x3=0x800080f6 PA:0x8001fdb8 load:0x800080f6
     1160179000	     57907	800080b0	03ce0e13	addi	x28,x28,60	 x28:0x8001fdb4 x28=0x8001fdf0
     1160599000	     57928	800080b4	717d	c.addi16sp	x2,-16	  x2:0x00000001  x2=0xfffffff1
     1160819000	     57939	800080b6	00018893	addi	x17,x3,0	  x3:0x800080f6 x17=0x800080f6
     1160839000	     57940	800080ba	9882	c.jalr	x17	 x17:0x800080f6  x1=0x800080bc
     1161759000	     57986	800080f6	010001ef	jal	x3,80008106	  x3=0x800080fa
     1162319000	     58014	80008106	ff5ff0ef	jal	x1,800080fa	  x1=0x8000810a
     1162859000	     58041	800080fa	2019	c.jal	80008100	  x1=0x800080fc
     1163279000	     58062	80008100	0180036f	jal	x6,80008118	  x6=0x80008104
     1163919000	     58094	80008118	fe7ff0ef	jal	x1,800080fe	  x1=0x8000811c
     1164559000	     58126	800080fe	a031	c.j	8000810a	
     1165619000	     58179	8000810a	00400d6f	jal	x26,8000810e	 x26=0x8000810e
     1165799000	     58188	8000810e	a039	c.j	8000811c	
     1165859000	     58191	8000811c	bfdd	c.j	80008112	
     1165919000	     58194	80008112	b7ed	c.j	800080fc	
     1166199000	     58208	800080fc	2829	c.jal	80008116	  x1=0x800080fe
     1166259000	     58211	80008116	bffd	c.j	80008114	
     1166319000	     58214	80008114	bff5	c.j	80008110	
     1166359000	     58216	80008110	bfd5	c.j	80008104	
     1166819000	     58239	80008104	2829	c.jal	8000811e	  x1=0x80008106
     1166879000	     58242	8000811e	004000ef	jal	x1,80008122	  x1=0x80008122
     1166959000	     58246	80008122	418cd833	sra	x16,x25,x24	 x25:0x9bea5000 x24:0x0000001c x16=0xfffffff9
     1167119000	     58254	80008126	ae81cc13	xori	x24,x3,-1304	  x3:0x800080fa x24=0x7fff7a12
     1167519000	     58274	8000812a	02c2b8b3	mulhu	x17,x5,x12	  x5:0x00000011 x12:0x80023ce4 x17=0x00000008
     1167579000	     58277	8000812e	02e24363	blt	x4,x14,80008154	  x4:0x00000010 x14:0x80023cf0
     1167599000	     58278	80008132	00652eb3	slt	x29,x10,x6	 x10:0x00000000  x6:0x80008104 x29=0x00000000
     1168039000	     58300	80008136	03ec2cb3	mulhsu	x25,x24,x30	 x24:0x7fff7a12 x30:0xfffffffe x25=0x7fff7a11
     1168059000	     58301	8000813a	9afd	c.andi	x13,-1	 x13:0xcb106000 x13=0xcb106000
     1168239000	     58310	8000813c	008fb0b3	sltu	x1,x31,x8	 x31:0x00000003  x8:0x80000000  x1=0x00000001
     1168279000	     58312	80008140	034f3eb3	mulhu	x29,x30,x20	 x30:0xfffffffe x20:0xfffffffe x29=0xfffffffc
     1168299000	     58313	80008144	4bd4f393	andi	x7,x9,1213	  x9:0x00000000  x7=0x00000000
     1168319000	     58314	80008148	55fd	c.li	x11,-1	 x11=0xffffffff
     1168379000	     58317	8000814a	00343233	sltu	x4,x8,x3	  x8:0x80000000  x3:0x800080fa  x4=0x00000001
     1168399000	     58318	8000814e	6f51	c.lui	x30,0x14	 x30=0x00014000
     1168499000	     58323	80008150	03520233	mul	x4,x4,x21	  x4:0x00000001 x21:0x4ababfc5  x4=0x4ababfc5
     1168519000	     58324	80008154	8f01	c.sub	x14,x8	 x14:0x80023cf0  x8:0x80000000 x14=0x00023cf0
     1168579000	     58327	80008156	02749cb3	mulh	x25,x9,x7	  x9:0x00000000  x7:0x00000000 x25=0x00000000
     1168879000	     58342	8000815a	a119d837	lui	x16,0xa119d	 x16=0xa119d000
     1168899000	     58343	8000815e	017912b3	sll	x5,x18,x23	 x18:0x8a000000 x23:0x00000000  x5=0x8a000000
     1169779000	     58387	80008162	02f66d33	rem	x26,x12,x15	 x12:0x80023ce4 x15:0x000000e1 x26=0xffffff2b
     1173579000	     58577	80008166	01309813	slli	x16,x1,0x13	  x1:0x00000001 x16=0x00080000
     1173599000	     58578	8000816a	8dfd	c.and	x11,x15	 x11:0xffffffff x15:0x000000e1 x11=0x000000e1
     1173619000	     58579	8000816c	8f65	c.and	x14,x9	 x14:0x00023cf0  x9:0x00000000 x14=0x00000000
     1173639000	     58580	8000816e	ed9d	c.bnez	x11,800081ac	 x11:0x000000e1
     1173719000	     58584	800081ac	80b86113	ori	x2,x16,-2037	 x16:0x00080000  x2=0xfffff80b
     1173919000	     58594	800081b0	34037873	csrrci	x16,mscratch,6	 x16=0x00000017
     1174299000	     58613	800081b4	0001	c.addi	x0,0	  x0:0x00000000  x0=0x00000000
     1174499000	     58623	800081b6	01e88963	beq	x17,x30,800081c8	 x17:0x00000008 x30:0x00014000
     1174519000	     58624	800081ba	8d81	c.sub	x11,x8	 x11:0x000000e1  x8:0x80000000 x11=0x800000e1
     1174639000	     58630	800081bc	413cd513	srai	x10,x25,0x13	 x25:0x00000000 x10=0x00000000
     1175019000	     58649	800081c0	c0064693	xori	x13,x12,-1024	 x12:0x80023ce4 x13=0x7ffdc0e4
     1175179000	     58657	800081c4	13fd	c.addi	x7,-1	  x7:0x00000000  x7=0xffffffff
     1175199000	     58658	800081c6	1f98	c.addi4spn	x14,x2,1008	 x14=0xfffffbfb
     1175219000	     58659	800081c8	409f5013	srai	x0,x30,0x9	 x30:0x00014000  x0=0x00000000
     1175299000	     58663	800081cc	0d52	c.slli	x26,0x14	 x26:0xffffff2b x26=0xf2b00000
     1175899000	     58693	800081ce	004e2183	lw	x3,4(x28)	 x28:0x8001fdf0  x3=0x80008d22 PA:0x8001fdf4 load:0x80008d22
     1175919000	     58694	800081d2	9ac2fd93	andi	x27,x5,-1620	  x5:0x8a000000 x27=0x8a000000
     1175939000	     58695	800081d6	b550ab93	slti	x23,x1,-1195	  x1:0x00000001 x23=0x00000000
     1175959000	     58696	800081da	a1eb8cb7	lui	x25,0xa1eb8	 x25=0xa1eb8000
     1175979000	     58697	800081de	0139bc33	sltu	x24,x19,x19	 x19:0x00000010 x19:0x00000010 x24=0x00000000
     1175999000	     58698	800081e2	ab42e893	ori	x17,x5,-1356	  x5:0x8a000000 x17=0xfffffab4
     1176019000	     58699	800081e6	040e0e13	addi	x28,x28,64	 x28:0x8001fdf0 x28=0x8001fe30
     1176039000	     58700	800081ea	03338833	mul	x16,x7,x19	  x7:0xffffffff x19:0x00000010 x16=0xfffffff0
     1176199000	     58708	800081ee	00018a93	addi	x21,x3,0	  x3:0x80008d22 x21=0x80008d22
     1176219000	     58709	800081f2	8a82	c.jr	x21	 x21:0x80008d22
     1176979000	     58747	80008d22	8d11	c.sub	x10,x12	 x10:0x00000000 x12:0x80023ce4 x10=0x7ffdc31c
     1177719000	     58784	80008d24	02f6ffb3	remu	x31,x13,x15	 x13:0x7ffdc0e4 x15:0x000000e1 x31=0x0000005f
     1177739000	     58785	80008d28	0ff0000f	fence	iorw,iorw	
     1177759000	     58786	80008d2c	03540933	mul	x18,x8,x21	  x8:0x80000000 x21:0x80008d22 x18=0x00000000
     1178499000	     58823	80008d30	03a1e9b3	rem	x19,x3,x26	  x3:0x80008d22 x26:0xf2b00000 x19=0xf7d08d22
     1178519000	     58824	80008d34	717d	c.addi16sp	x2,-16	  x2:0xfffff80b  x2=0xfffff7fb
     1178539000	     58825	80008d36	03be06b3	mul	x13,x28,x27	 x28:0x8001fe30 x27:0x8a000000 x13=0xe0000000
     1178559000	     58826	80008d3a	e62bbc93	sltiu	x25,x23,-414	 x23:0x00000000 x25=0x00000001
     1178579000	     58827	80008d3e	8fc1	c.or	x15,x8	 x15:0x000000e1  x8:0x80000000 x15=0x800000e1
     1178599000	     58828	80008d40	02be9563	bne	x29,x11,80008d6a	 x29:0xfffffffc x11:0x800000e1
     1179779000	     58887	80008d6a	2a6a7c93	andi	x25,x20,678	 x20:0xfffffffe x25=0x000002a6
     1180199000	     58908	80008d6e	0181b4b3	sltu	x9,x3,x24	  x3:0x80008d22 x24:0x00000000  x9=0x00000000
     1181139000	     58955	80008d72	033378b3	remu	x17,x6,x19	  x6:0x80008104 x19:0xf7d08d22 x17=0x80008104
     1181159000	     58956	80008d76	009af233	and	x4,x21,x9	 x21:0x80008d22  x9:0x00000000  x4=0x00000000
     1181179000	     58957	80008d7a	02688063	beq	x17,x6,80008d9a	 x17:0x80008104  x6:0x80008104
     1181259000	     58961	80008d9a	825e	c.mv	x4,x23	  x0:0x00000000 x23:0x00000000  x4=0x00000000
     1181539000	     58975	80008d9c	41d70b33	sub	x22,x14,x29	 x14:0xfffffbfb x29:0xfffffffc x22=0xfffffbff
     1181559000	     58976	80008da0	00af52b3	srl	x5,x30,x10	 x30:0x00014000 x10:0x7ffdc31c  x5=0x00000000
     1181739000	     58985	80008da4	00752333	slt	x6,x10,x7	 x10:0x7ffdc31c  x7:0xffffffff  x6=0x00000000
     1181819000	     58989	80008da8	408d8a33	sub	x20,x27,x8	 x27:0x8a000000  x8:0x80000000 x20=0x0a000000
     1181839000	     58990	80008dac	01aa2c33	slt	x24,x20,x26	 x20:0x0a000000 x26:0xf2b00000 x24=0x00000000
     1181859000	     58991	80008db0	008a2233	slt	x4,x20,x8	 x20:0x0a000000  x8:0x80000000  x4=0x00000000
     1181879000	     58992	80008db4	01b815b3	sll	x11,x16,x27	 x16:0xfffffff0 x27:0x8a000000 x11=0xfffffff0
     1182179000	     59007	80008db8	ce8d	c.beqz	x13,80008df2	 x13:0xe0000000
     1182339000	     59015	80008dba	0ff0000f	fence	iorw,iorw	
     1182359000	     59016	80008dbe	02927e63	bgeu	x4,x9,80008dfa	  x4:0x00000000  x9:0x00000000
     1183219000	     59059	80008dfa	8fed	c.and	x15,x11	 x15:0x800000e1 x11:0xfffffff0 x15=0x800000e0
     1183259000	     59061	80008dfc	6a2de293	ori	x5,x27,1698	 x27:0x8a000000  x5=0x8a0006a2
     1183679000	     59082	80008e00	4d35	c.li	x26,13	 x26=0x0000000d
     1183699000	     59083	80008e02	41cd0a33	sub	x20,x26,x28	 x26:0x0000000d x28:0x8001fe30 x20=0x7ffe01dd
     1183959000	     59096	80008e06	01321113	slli	x2,x4,0x13	  x4:0x00000000  x2=0x00000000
     1183979000	     59097	80008e0a	012b01b3	add	x3,x22,x18	 x22:0xfffffbff x18:0x00000000  x3=0xfffffbff
     1183999000	     59098	80008e0e	717d	c.addi16sp	x2,-16	  x2:0x00000000  x2=0xfffffff0
     1184019000	     59099	80008e10	8ded	c.and	x11,x11	 x11:0xfffffff0 x11:0xfffffff0 x11=0xfffffff0
     1184039000	     59100	80008e12	eb99	c.bnez	x15,80008e28	 x15:0x800000e0
     1184999000	     59148	80008e28	3405d9f3	csrrwi	x19,mscratch,11	 x19=0x00000011
     1185019000	     59149	80008e2c	870d	c.srai	x14,0x3	 x14:0xfffffbfb x14=0xffffff7f
     1185039000	     59150	80008e2e	ef11	c.bnez	x14,80008e4a	 x14:0xffffff7f
     1186319000	     59214	80008e4a	40e3db13	srai	x22,x7,0xe	  x7:0xffffffff x22=0xffffffff
     1186339000	     59215	80008e4e	00b6c333	xor	x6,x13,x11	 x13:0xe0000000 x11:0xfffffff0  x6=0x1ffffff0
     1186519000	     59224	80008e52	34006df3	csrrsi	x27,mscratch,0	 x27=0x0000000b
     1186539000	     59225	80008e56	004f5d33	srl	x26,x30,x4	 x30:0x00014000  x4:0x00000000 x26=0x00014000
     1186739000	     59235	80008e5a	0000100f	fence.i	
     1188019000	     59299	80008e5e	03f3cd33	div	x26,x7,x31	  x7:0xffffffff x31:0x0000005f x26=0x00000000
     1188039000	     59300	80008e62	13404917	auipc	x18,0x13404	 x18=0x9340ce62
     1188059000	     59301	80008e66	05934063	blt	x6,x25,80008ea6	  x6:0x1ffffff0 x25:0x000002a6
     1188079000	     59302	80008e6a	44ce4b13	xori	x22,x28,1100	 x28:0x8001fe30 x22=0x8001fa7c
     1188099000	     59303	80008e6e	40cd5513	srai	x10,x26,0xc	 x26:0x00000000 x10=0x00000000
     1188119000	     59304	80008e72	0001	c.addi	x0,0	  x0:0x00000000  x0=0x00000000
     1188139000	     59305	80008e74	3403ddf3	csrrwi	x27,mscratch,7	 x27=0x0000000b
     1188159000	     59306	80008e78	51fd	c.li	x3,-1	  x3=0xffffffff
     1188579000	     59327	80008e7a	40270133	sub	x2,x14,x2	 x14:0xffffff7f  x2:0xfffffff0  x2=0xffffff8f
     1188599000	     59328	80008e7e	407bd333	sra	x6,x23,x7	 x23:0x00000000  x7:0xffffffff  x6=0x00000000
     1188759000	     59336	80008e82	3406adf3	csrrs	x27,mscratch,x13	 x13:0xe0000000 x27=0x00000007
     1188959000	     59346	80008e86	014b24b3	slt	x9,x22,x20	 x22:0x8001fa7c x20:0x7ffe01dd  x9=0x00000001
     1188979000	     59347	80008e8a	01ca20b3	slt	x1,x20,x28	 x20:0x7ffe01dd x28:0x8001fe30  x1=0x00000000
     1189719000	     59384	80008e8e	022463b3	rem	x7,x8,x2	  x8:0x80000000  x2:0xffffff8f  x7=0xfffffff8
     1189739000	     59385	80008e92	41558f33	sub	x30,x11,x21	 x11:0xfffffff0 x21:0x80008d22 x30=0x7fff72ce
     1189759000	     59386	80008e96	ed054793	xori	x15,x10,-304	 x10:0x00000000 x15=0xfffffed0
     1189779000	     59387	80008e9a	025dd363	bge	x27,x5,80008ec0	 x27:0x00000007  x5:0x8a0006a2
     1189919000	     59394	80008ec0	6119	c.addi16sp	x2,384	  x2:0xffffff8f  x2=0x0000010f
     1190099000	     59403	80008ec2	04f4da63	bge	x9,x15,80008f16	  x9:0x00000001 x15:0xfffffed0
     1190519000	     59424	80008f16	4ba46d13	ori	x26,x8,1210	  x8:0x80000000 x26=0x800004ba
     1190699000	     59433	80008f1a	6c478d13	addi	x26,x15,1732	 x15:0xfffffed0 x26=0x00000594
     1190719000	     59434	80008f1e	34005bf3	csrrwi	x23,mscratch,0	 x23=0xe0000007
     1190739000	     59435	80008f22	340067f3	csrrsi	x15,mscratch,0	 x15=0x00000000
     1190759000	     59436	80008f26	009efa33	and	x20,x29,x9	 x29:0xfffffffc  x9:0x00000001 x20=0x00000000
     1190979000	     59447	80008f2a	375df713	andi	x14,x27,885	 x27:0x00000007 x14=0x00000005
     1190999000	     59448	80008f2e	01831793	slli	x15,x6,0x18	  x6:0x00000000 x15=0x00000000
     1191019000	     59449	80008f32	02e6	c.slli	x5,0x19	  x5:0x8a0006a2  x5=0x44000000
     1191039000	     59450	80008f34	340079f3	csrrci	x19,mscratch,0	 x19=0x00000000
     1191079000	     59452	80008f38	03892d33	mulhsu	x26,x18,x24	 x18:0x9340ce62 x24:0x00000000 x26=0x00000000
     1191099000	     59453	80008f3c	9da2	c.add	x27,x8	 x27:0x00000007  x8:0x80000000 x27=0x80000007
     1191119000	     59454	80008f3e	80fa	c.mv	x1,x30	  x0:0x00000000 x30:0x7fff72ce  x1=0x7fff72ce
     1191299000	     59463	80008f40	42beca13	xori	x20,x29,1067	 x29:0xfffffffc x20=0xfffffbd7
     1191439000	     59470	80008f44	003ad233	srl	x4,x21,x3	 x21:0x80008d22  x3:0xffffffff  x4=0x00000001
     1191859000	     59491	80008f48	016c05b3	add	x11,x24,x22	 x24:0x00000000 x22:0x8001fa7c x11=0x8001fa7c
     1191919000	     59494	80008f4c	729e0c13	addi	x24,x28,1833	 x28:0x8001fe30 x24=0x80020559
     1192059000	     59501	80008f50	02f931b3	mulhu	x3,x18,x15	 x18:0x9340ce62 x15:0x00000000  x3=0x00000000
     1192219000	     59509	80008f54	0001	c.addi	x0,0	  x0:0x00000000  x0=0x00000000
     1192399000	     59518	80008f56	2c72ba13	sltiu	x20,x5,711	  x5:0x44000000 x20=0x00000000
     1192479000	     59522	80008f5a	004299b3	sll	x19,x5,x4	  x5:0x44000000  x4:0x00000001 x19=0x88000000
     1193219000	     59559	80008f5e	028f4db3	div	x27,x30,x8	 x30:0x7fff72ce  x8:0x80000000 x27=0x00000000
     1193239000	     59560	80008f62	8fcd	c.or	x15,x11	 x15:0x00000000 x11:0x8001fa7c x15=0x8001fa7c
     1193259000	     59561	80008f64	0000100f	fence.i	
     1193899000	     59593	80008f68	00f03833	sltu	x16,x0,x15	  x0:0x00000000 x15:0x8001fa7c x16=0x00000001
     1193919000	     59594	80008f6c	34003ef3	csrrc	x29,mscratch,x0	  x0:0x00000000 x29=0x00000000
     1194279000	     59612	80008f70	161de193	ori	x3,x27,353	 x27:0x00000000  x3=0x00000161
     1194299000	     59613	80008f74	0073cd33	xor	x26,x7,x7	  x7:0xfffffff8  x7:0xfffffff8 x26=0x00000000
     1194719000	     59634	80008f78	34051a73	csrrw	x20,mscratch,x10	 x10:0x00000000 x20=0x00000000
     1194739000	     59635	80008f7c	880c2513	slti	x10,x24,-1920	 x24:0x80020559 x10=0x00000001
     1194759000	     59636	80008f80	03278ab3	mul	x21,x15,x18	 x15:0x8001fa7c x18:0x9340ce62 x21=0x6b51ab78
     1194839000	     59640	80008f84	8d11	c.sub	x10,x12	 x10:0x00000001 x12:0x80023ce4 x10=0x7ffdc31d
     1194859000	     59641	80008f86	0001	c.addi	x0,0	  x0:0x00000000  x0=0x00000000
     1194999000	     59648	80008f88	0477f163	bgeu	x15,x7,80008fca	 x15:0x8001fa7c  x7:0xfffffff8
     1195419000	     59669	80008f8c	4129dd33	sra	x26,x19,x18	 x19:0x88000000 x18:0x9340ce62 x26=0xe2000000
     1195839000	     59690	80008f90	01167833	and	x16,x12,x17	 x12:0x80023ce4 x17:0x80008104 x16=0x80000004
     1195859000	     59691	80008f94	340073f3	csrrci	x7,mscratch,0	  x7=0x00000000
     1195939000	     59695	80008f98	8f25	c.xor	x14,x9	 x14:0x00000005  x9:0x00000001 x14=0x00000004
     1196319000	     59714	80008f9a	00c51313	slli	x6,x10,0xc	 x10:0x7ffdc31d  x6=0xdc31d000
     1196759000	     59736	80008f9e	024538b3	mulhu	x17,x10,x4	 x10:0x7ffdc31d  x4:0x00000001 x17=0x00000000
     1196779000	     59737	80008fa2	c915	c.beqz	x10,80008fd6	 x10:0x7ffdc31d
     1196799000	     59738	80008fa4	005caab3	slt	x21,x25,x5	 x25:0x000002a6  x5:0x44000000 x21=0x00000001
     1196999000	     59748	80008fa8	0001	c.addi	x0,0	  x0:0x00000000  x0=0x00000000
     1197099000	     59753	80008faa	9071e493	ori	x9,x3,-1785	  x3:0x00000161  x9=0xfffff967
     1197839000	     59790	80008fae	03737d33	remu	x26,x6,x23	  x6:0xdc31d000 x23:0xe0000007 x26=0xdc31d000
     1197859000	     59791	80008fb2	e911	c.bnez	x10,80008fc6	 x10:0x7ffdc31d
     1198279000	     59812	80008fc6	006cc7b3	xor	x15,x25,x6	 x25:0x000002a6  x6:0xdc31d000 x15=0xdc31d2a6
     1198299000	     59813	80008fca	4e50c493	xori	x9,x1,1253	  x1:0x7fff72ce  x9=0x7fff762b
     1198539000	     59825	80008fce	411daa93	slti	x21,x27,1041	 x27:0x00000000 x21=0x00000001
     1198959000	     59846	80008fd2	34055873	csrrwi	x16,mscratch,10	 x16=0x00000000
     1198979000	     59847	80008fd6	340ff9f3	csrrci	x19,mscratch,31	 x19=0x0000000a
     1199079000	     59852	80008fda	34039bf3	csrrw	x23,mscratch,x7	  x7:0x00000000 x23=0x00000000
     1199499000	     59873	80008fde	8646d917	auipc	x18,0x8646d	 x18=0x06475fde
     1199519000	     59874	80008fe2	e901	c.bnez	x10,80008ff2	 x10:0x7ffdc31d
     1199879000	     59892	80008ff2	340c9af3	csrrw	x21,mscratch,x25	 x25:0x000002a6 x21=0x00000000
     1199899000	     59893	80008ff6	8cb1	c.xor	x9,x12	  x9:0x7fff762b x12:0x80023ce4  x9=0xfffd4acf
     1199919000	     59894	80008ff8	54b27b93	andi	x23,x4,1355	  x4:0x00000001 x23=0x00000001
     1199939000	     59895	80008ffc	03080d33	mul	x26,x16,x16	 x16:0x00000000 x16:0x00000000 x26=0x00000000
     1200099000	     59903	80009000	34045af3	csrrwi	x21,mscratch,8	 x21=0x000002a6
     1200239000	     59910	80009004	022a4f63	blt	x20,x2,80009042	 x20:0x00000000  x2:0x0000010f
     1200619000	     59929	80009042	0ff0000f	fence	iorw,iorw	
     1200639000	     59930	80009046	e891	c.bnez	x9,8000905a	  x9:0xfffd4acf
     1200959000	     59946	8000905a	34002ef3	csrrs	x29,mscratch,x0	  x0:0x00000000 x29=0x00000008
     1200979000	     59947	8000905e	029c	c.addi4spn	x15,x2,320	 x15=0x0000024f
     1201019000	     59949	80009060	028f96b3	mulh	x13,x31,x8	 x31:0x0000005f  x8:0x80000000 x13=0xffffffd0
     1201039000	     59950	80009064	3c2efa13	andi	x20,x29,962	 x29:0x00000008 x20=0x00000000
     1201199000	     59958	80009068	668ec013	xori	x0,x29,1640	 x29:0x00000008  x0=0x00000000
     1201619000	     59979	8000906c	6125	c.addi16sp	x2,96	  x2:0x0000010f  x2=0x0000016f
     1201639000	     59980	8000906e	8515	c.srai	x10,0x5	 x10:0x7ffdc31d x10=0x03ffee18
     1201719000	     59984	80009070	290e3493	sltiu	x9,x28,656	 x28:0x8001fe30  x9=0x00000000
     1201739000	     59985	80009074	4c2b7913	andi	x18,x22,1218	 x22:0x8001fa7c x18=0x00000040
     1202159000	     60006	80009078	058e	c.slli	x11,0x3	 x11:0x8001fa7c x11=0x000fd3e0
     1202219000	     60009	8000907a	004e2183	lw	x3,4(x28)	 x28:0x8001fe30  x3=0x80005c36 PA:0x8001fe34 load:0x80005c36
     1202239000	     60010	8000907e	8f21	c.xor	x14,x8	 x14:0x00000004  x8:0x80000000 x14=0x80000004
     1202339000	     60015	80009080	034e0e13	addi	x28,x28,52	 x28:0x8001fe30 x28=0x8001fe64
     1202539000	     60025	80009084	8d49	c.or	x10,x10	 x10:0x03ffee18 x10:0x03ffee18 x10=0x03ffee18
     1202559000	     60026	80009086	0014d0b3	srl	x1,x9,x1	  x9:0x00000000  x1:0x7fff72ce  x1=0x00000000
     1202679000	     60032	8000908a	00018493	addi	x9,x3,0	  x3:0x80005c36  x9=0x80005c36
     1202839000	     60040	8000908e	000484e7	jalr	x9,0(x9)	  x9:0x80005c36  x9=0x80009092
     1203679000	     60082	80005c36	4375ca13	xori	x20,x11,1079	 x11:0x000fd3e0 x20=0x000fd7d7
     1203699000	     60083	80005c3a	031d8763	beq	x27,x17,80005c68	 x27:0x00000000 x17:0x00000000
     1204259000	     60111	80005c68	01e451b3	srl	x3,x8,x30	  x8:0x80000000 x30:0x7fff72ce  x3=0x00020000
     1204399000	     60118	80005c6c	ffffa417	auipc	x8,0xffffa	  x8=0x7ffffc6c
     1204819000	     60139	80005c70	6f240413	addi	x8,x8,1778	  x8:0x7ffffc6c  x8=0x8000035e
     1204839000	     60140	80005c74	00040067	jalr	x0,0(x8)	  x8:0x8000035e  x0=0x00000000
     1205159000	     60156	8000035e	90000cb7	lui	x25,0x90000	 x25=0x90000000
     1205179000	     60157	80000362	1ce1	c.addi	x25,-8	 x25:0x90000000 x25=0x8ffffff8
     1205199000	     60158	80000364	4381	c.li	x7,0	  x7=0x00000000
     1205219000	     60159	80000366	03a2	c.slli	x7,0x8	  x7:0x00000000  x7=0x00000000
     1205559000	     60176	80000368	0385	c.addi	x7,1	  x7:0x00000000  x7=0x00000001
     1205719000	     60184	8000036a	007ca023	sw	x7,0(x25)	 x25:0x8ffffff8  x7:0x00000001 PA:0x8ffffff8 store:0x00000001 load:0xffffffff
     1205739000	     60185	8000036e	00000073	ecall	
     1227639000	     61280	80002700	0800006f	jal	x0,80002780	  x0=0x00000000
     1227919000	     61294	80002780	1671	c.addi	x12,-4	 x12:0x80023ce4 x12=0x80023ce0
     1228099000	     61303	80002782	01c62023	sw	x28,0(x12)	 x12:0x80023ce0 x28:0x8001fe64 PA:0x80023ce0 store:0x8001fe64 load:0xffffffff
     1228479000	     61322	80002786	00060e33	add	x28,x12,x0	 x12:0x80023ce0  x0:0x00000000 x28=0x80023ce0
     1228659000	     61331	8000278a	f80e0e13	addi	x28,x28,-128	 x28:0x80023ce0 x28=0x80023c60
     1228819000	     61339	8000278e	001e2223	sw	x1,4(x28)	 x28:0x80023c60  x1:0x00000000 PA:0x80023c64 store:0x00000000 load:0xffffffff
     1228839000	     61340	80002792	002e2423	sw	x2,8(x28)	 x28:0x80023c60  x2:0x0000016f PA:0x80023c68 store:0x0000016f load:0xffffffff
     1229319000	     61364	80002796	003e2623	sw	x3,12(x28)	 x28:0x80023c60  x3:0x00020000 PA:0x80023c6c store:0x00020000 load:0xffffffff
     1229379000	     61367	8000279a	004e2823	sw	x4,16(x28)	 x28:0x80023c60  x4:0x00000001 PA:0x80023c70 store:0x00000001 load:0xffffffff
     1229399000	     61368	8000279e	005e2a23	sw	x5,20(x28)	 x28:0x80023c60  x5:0x44000000 PA:0x80023c74 store:0x44000000 load:0xffffffff
     1229599000	     61378	800027a2	006e2c23	sw	x6,24(x28)	 x28:0x80023c60  x6:0xdc31d000 PA:0x80023c78 store:0xdc31d000 load:0xffffffff
     1229659000	     61381	800027a6	007e2e23	sw	x7,28(x28)	 x28:0x80023c60  x7:0x00000001 PA:0x80023c7c store:0x00000001 load:0xffffffff
     1229879000	     61392	800027aa	028e2023	sw	x8,32(x28)	 x28:0x80023c60  x8:0x8000035e PA:0x80023c80 store:0x8000035e load:0xffffffff
     1230039000	     61400	800027ae	029e2223	sw	x9,36(x28)	 x28:0x80023c60  x9:0x80009092 PA:0x80023c84 store:0x80009092 load:0xffffffff
     1230099000	     61403	800027b2	02ae2423	sw	x10,40(x28)	 x28:0x80023c60 x10:0x03ffee18 PA:0x80023c88 store:0x03ffee18 load:0xffffffff
     1230159000	     61406	800027b6	02be2623	sw	x11,44(x28)	 x28:0x80023c60 x11:0x000fd3e0 PA:0x80023c8c store:0x000fd3e0 load:0xffffffff
     1230219000	     61409	800027ba	02ce2823	sw	x12,48(x28)	 x28:0x80023c60 x12:0x80023ce0 PA:0x80023c90 store:0x80023ce0 load:0xffffffff
     1230359000	     61416	800027be	02de2a23	sw	x13,52(x28)	 x28:0x80023c60 x13:0xffffffd0 PA:0x80023c94 store:0xffffffd0 load:0xffffffff
     1230379000	     61417	800027c2	02ee2c23	sw	x14,56(x28)	 x28:0x80023c60 x14:0x80000004 PA:0x80023c98 store:0x80000004 load:0xffffffff
     1230419000	     61419	800027c6	02fe2e23	sw	x15,60(x28)	 x28:0x80023c60 x15:0x0000024f PA:0x80023c9c store:0x0000024f load:0xffffffff
     1230439000	     61420	800027ca	050e2023	sw	x16,64(x28)	 x28:0x80023c60 x16:0x00000000 PA:0x80023ca0 store:0x00000000 load:0xffffffff
     1230459000	     61421	800027ce	051e2223	sw	x17,68(x28)	 x28:0x80023c60 x17:0x00000000 PA:0x80023ca4 store:0x00000000 load:0xffffffff
     1230499000	     61423	800027d2	052e2423	sw	x18,72(x28)	 x28:0x80023c60 x18:0x00000040 PA:0x80023ca8 store:0x00000040 load:0xffffffff
     1230979000	     61447	800027d6	053e2623	sw	x19,76(x28)	 x28:0x80023c60 x19:0x0000000a PA:0x80023cac store:0x0000000a load:0xffffffff
     1231239000	     61460	800027da	054e2823	sw	x20,80(x28)	 x28:0x80023c60 x20:0x000fd7d7 PA:0x80023cb0 store:0x000fd7d7 load:0xffffffff
     1231659000	     61481	800027de	055e2a23	sw	x21,84(x28)	 x28:0x80023c60 x21:0x000002a6 PA:0x80023cb4 store:0x000002a6 load:0xffffffff
     1231759000	     61486	800027e2	056e2c23	sw	x22,88(x28)	 x28:0x80023c60 x22:0x8001fa7c PA:0x80023cb8 store:0x8001fa7c load:0xffffffff
     1231919000	     61494	800027e6	057e2e23	sw	x23,92(x28)	 x28:0x80023c60 x23:0x00000001 PA:0x80023cbc store:0x00000001 load:0xffffffff
     1232139000	     61505	800027ea	078e2023	sw	x24,96(x28)	 x28:0x80023c60 x24:0x80020559 PA:0x80023cc0 store:0x80020559 load:0xffffffff
     1232559000	     61526	800027ee	079e2223	sw	x25,100(x28)	 x28:0x80023c60 x25:0x8ffffff8 PA:0x80023cc4 store:0x8ffffff8 load:0xffffffff
     1232619000	     61529	800027f2	07ae2423	sw	x26,104(x28)	 x28:0x80023c60 x26:0x00000000 PA:0x80023cc8 store:0x00000000 load:0xffffffff
     1232679000	     61532	800027f6	07be2623	sw	x27,108(x28)	 x28:0x80023c60 x27:0x00000000 PA:0x80023ccc store:0x00000000 load:0xffffffff
     1232739000	     61535	800027fa	07ce2823	sw	x28,112(x28)	 x28:0x80023c60 x28:0x80023c60 PA:0x80023cd0 store:0x80023c60 load:0xffffffff
     1232799000	     61538	800027fe	07de2a23	sw	x29,116(x28)	 x28:0x80023c60 x29:0x00000008 PA:0x80023cd4 store:0x00000008 load:0xffffffff
     1232999000	     61548	80002802	07ee2c23	sw	x30,120(x28)	 x28:0x80023c60 x30:0x7fff72ce PA:0x80023cd8 store:0x7fff72ce load:0xffffffff
     1233079000	     61552	80002806	07fe2e23	sw	x31,124(x28)	 x28:0x80023c60 x31:0x0000005f PA:0x80023cdc store:0x0000005f load:0xffffffff
     1233099000	     61553	8000280a	000e0633	add	x12,x28,x0	 x28:0x80023c60  x0:0x00000000 x12=0x80023c60
     1233119000	     61554	8000280e	90000cb7	lui	x25,0x90000	 x25=0x90000000
     1233139000	     61555	80002812	1cf1	c.addi	x25,-4	 x25:0x90000000 x25=0x8ffffffc
     1233159000	     61556	80002814	43a1	c.li	x7,8	  x7=0x00000008
     1233179000	     61557	80002816	03a2	c.slli	x7,0x8	  x7:0x00000008  x7=0x00000800
     1233199000	     61558	80002818	00038393	addi	x7,x7,0	  x7:0x00000800  x7=0x00000800
     1233639000	     61580	8000281c	007ca023	sw	x7,0(x25)	 x25:0x8ffffffc  x7:0x00000800 PA:0x8ffffffc store:0x00000800 load:0xffffffff
     1233659000	     61581	80002820	341023f3	csrrs	x7,mepc,x0	  x0:0x00000000  x7=0x8000036e
     1233679000	     61582	80002824	342023f3	csrrs	x7,mcause,x0	  x0:0x00000000  x7=0x0000000b
     1233699000	     61583	80002828	4c8d	c.li	x25,3	 x25=0x00000003
     1233719000	     61584	8000282a	01939463	bne	x7,x25,80002832	  x7:0x0000000b x25:0x00000003
     1233839000	     61590	80002832	4ca1	c.li	x25,8	 x25=0x00000008
     1233859000	     61591	80002834	05938d63	beq	x7,x25,8000288e	  x7:0x0000000b x25:0x00000008
     1233879000	     61592	80002838	4ca5	c.li	x25,9	 x25=0x00000009
     1233899000	     61593	8000283a	05938a63	beq	x7,x25,8000288e	  x7:0x0000000b x25:0x00000009
     1233919000	     61594	8000283e	4cad	c.li	x25,11	 x25=0x0000000b
     1234319000	     61614	80002840	05938763	beq	x7,x25,8000288e	  x7:0x0000000b x25:0x0000000b
     1235239000	     61660	8000288e	90000cb7	lui	x25,0x90000	 x25=0x90000000
     1235259000	     61661	80002892	1cf1	c.addi	x25,-4	 x25:0x90000000 x25=0x8ffffffc
     1235279000	     61662	80002894	6385	c.lui	x7,0x1	  x7=0x00001000
     1235399000	     61668	80002896	b0038393	addi	x7,x7,-1280	  x7:0x00001000  x7=0x00000b00
     1235419000	     61669	8000289a	03a2	c.slli	x7,0x8	  x7:0x00000b00  x7=0x000b0000
     1235439000	     61670	8000289c	038d	c.addi	x7,3	  x7:0x000b0000  x7=0x000b0003
     1235499000	     61673	8000289e	007ca023	sw	x7,0(x25)	 x25:0x8ffffffc  x7:0x000b0003 PA:0x8ffffffc store:0x000b0003 load:0xffffffff
     1235799000	     61688	800028a2	b00023f3	csrrs	x7,mcycle,x0	  x0:0x00000000  x7=0x0000f0f5
     1236239000	     61710	800028a6	007ca023	sw	x7,0(x25)	 x25:0x8ffffffc  x7:0x0000f0f5 PA:0x8ffffffc store:0x0000f0f5 load:0xffffffff
     1236259000	     61711	800028aa	90000cb7	lui	x25,0x90000	 x25=0x90000000
     1236279000	     61712	800028ae	1cf1	c.addi	x25,-4	 x25:0x90000000 x25=0x8ffffffc
     1236299000	     61713	800028b0	6385	c.lui	x7,0x1	  x7=0x00001000
     1236319000	     61714	800028b2	b8038393	addi	x7,x7,-1152	  x7:0x00001000  x7=0x00000b80
     1236339000	     61715	800028b6	03a2	c.slli	x7,0x8	  x7:0x00000b80  x7=0x000b8000
     1236359000	     61716	800028b8	038d	c.addi	x7,3	  x7:0x000b8000  x7=0x000b8003
     1236759000	     61736	800028ba	007ca023	sw	x7,0(x25)	 x25:0x8ffffffc  x7:0x000b8003 PA:0x8ffffffc store:0x000b8003 load:0xffffffff
     1236779000	     61737	800028be	b80023f3	csrrs	x7,mcycleh,x0	  x0:0x00000000  x7=0x00000000
     1236839000	     61740	800028c2	007ca023	sw	x7,0(x25)	 x25:0x8ffffffc  x7:0x00000000 PA:0x8ffffffc store:0x00000000 load:0xffffffff
     1236859000	     61741	800028c6	90000cb7	lui	x25,0x90000	 x25=0x90000000
     1236879000	     61742	800028ca	1cf1	c.addi	x25,-4	 x25:0x90000000 x25=0x8ffffffc
     1237059000	     61751	800028cc	6385	c.lui	x7,0x1	  x7=0x00001000
     1237079000	     61752	800028ce	b0338393	addi	x7,x7,-1277	  x7:0x00001000  x7=0x00000b03
     1237099000	     61753	800028d2	03a2	c.slli	x7,0x8	  x7:0x00000b03  x7=0x000b0300
     1237119000	     61754	800028d4	038d	c.addi	x7,3	  x7:0x000b0300  x7=0x000b0303
     1237179000	     61757	800028d6	007ca023	sw	x7,0(x25)	 x25:0x8ffffffc  x7:0x000b0303 PA:0x8ffffffc store:0x000b0303 load:0xffffffff
     1237199000	     61758	800028da	b03023f3	csrrs	x7,mhpmcounter3,x0	  x0:0x00000000  x7=0x000000ba
     1237339000	     61765	800028de	007ca023	sw	x7,0(x25)	 x25:0x8ffffffc  x7:0x000000ba PA:0x8ffffffc store:0x000000ba load:0xffffffff
     1237659000	     61781	800028e2	90000cb7	lui	x25,0x90000	 x25=0x90000000
     1237679000	     61782	800028e6	1cf1	c.addi	x25,-4	 x25:0x90000000 x25=0x8ffffffc
     1237699000	     61783	800028e8	6385	c.lui	x7,0x1	  x7=0x00001000
     1238019000	     61799	800028ea	b8338393	addi	x7,x7,-1149	  x7:0x00001000  x7=0x00000b83
     1238039000	     61800	800028ee	03a2	c.slli	x7,0x8	  x7:0x00000b83  x7=0x000b8300
     1238059000	     61801	800028f0	038d	c.addi	x7,3	  x7:0x000b8300  x7=0x000b8303
     1238679000	     61832	800028f2	007ca023	sw	x7,0(x25)	 x25:0x8ffffffc  x7:0x000b8303 PA:0x8ffffffc store:0x000b8303 load:0xffffffff
     1238879000	     61842	800028f6	b83023f3	csrrs	x7,mhpmcounter3h,x0	  x0:0x00000000  x7=0x00000000
     1239059000	     61851	800028fa	007ca023	sw	x7,0(x25)	 x25:0x8ffffffc  x7:0x00000000 PA:0x8ffffffc store:0x00000000 load:0xffffffff
     1239139000	     61855	800028fe	90000cb7	lui	x25,0x90000	 x25=0x90000000
     1239159000	     61856	80002902	1cf1	c.addi	x25,-4	 x25:0x90000000 x25=0x8ffffffc
     1239179000	     61857	80002904	6385	c.lui	x7,0x1	  x7=0x00001000
     1239199000	     61858	80002906	b0438393	addi	x7,x7,-1276	  x7:0x00001000  x7=0x00000b04
     1239219000	     61859	8000290a	03a2	c.slli	x7,0x8	  x7:0x00000b04  x7=0x000b0400
     1239279000	     61862	8000290c	038d	c.addi	x7,3	  x7:0x000b0400  x7=0x000b0403
     1240099000	     61903	8000290e	007ca023	sw	x7,0(x25)	 x25:0x8ffffffc  x7:0x000b0403 PA:0x8ffffffc store:0x000b0403 load:0xffffffff
     1240119000	     61904	80002912	b04023f3	csrrs	x7,mhpmcounter4,x0	  x0:0x00000000  x7=0x0000820e
     1240359000	     61916	80002916	007ca023	sw	x7,0(x25)	 x25:0x8ffffffc  x7:0x0000820e PA:0x8ffffffc store:0x0000820e load:0xffffffff
     1240379000	     61917	8000291a	90000cb7	lui	x25,0x90000	 x25=0x90000000
     1240399000	     61918	8000291e	1cf1	c.addi	x25,-4	 x25:0x90000000 x25=0x8ffffffc
     1240419000	     61919	80002920	6385	c.lui	x7,0x1	  x7=0x00001000
     1240439000	     61920	80002922	b8438393	addi	x7,x7,-1148	  x7:0x00001000  x7=0x00000b84
     1240459000	     61921	80002926	03a2	c.slli	x7,0x8	  x7:0x00000b84  x7=0x000b8400
     1240479000	     61922	80002928	038d	c.addi	x7,3	  x7:0x000b8400  x7=0x000b8403
     1240539000	     61925	8000292a	007ca023	sw	x7,0(x25)	 x25:0x8ffffffc  x7:0x000b8403 PA:0x8ffffffc store:0x000b8403 load:0xffffffff
     1240559000	     61926	8000292e	b84023f3	csrrs	x7,mhpmcounter4h,x0	  x0:0x00000000  x7=0x00000000
     1240619000	     61929	80002932	007ca023	sw	x7,0(x25)	 x25:0x8ffffffc  x7:0x00000000 PA:0x8ffffffc store:0x00000000 load:0xffffffff
     1240639000	     61930	80002936	90000cb7	lui	x25,0x90000	 x25=0x90000000
     1240659000	     61931	8000293a	1cf1	c.addi	x25,-4	 x25:0x90000000 x25=0x8ffffffc
     1240679000	     61932	8000293c	6385	c.lui	x7,0x1	  x7=0x00001000
     1240779000	     61937	8000293e	b0538393	addi	x7,x7,-1275	  x7:0x00001000  x7=0x00000b05
     1240799000	     61938	80002942	03a2	c.slli	x7,0x8	  x7:0x00000b05  x7=0x000b0500
     1240819000	     61939	80002944	038d	c.addi	x7,3	  x7:0x000b0500  x7=0x000b0503
     1240879000	     61942	80002946	007ca023	sw	x7,0(x25)	 x25:0x8ffffffc  x7:0x000b0503 PA:0x8ffffffc store:0x000b0503 load:0xffffffff
     1240899000	     61943	8000294a	b05023f3	csrrs	x7,mhpmcounter5,x0	  x0:0x00000000  x7=0x00000005
     1241039000	     61950	8000294e	007ca023	sw	x7,0(x25)	 x25:0x8ffffffc  x7:0x00000005 PA:0x8ffffffc store:0x00000005 load:0xffffffff
     1241059000	     61951	80002952	90000cb7	lui	x25,0x90000	 x25=0x90000000
     1241079000	     61952	80002956	1cf1	c.addi	x25,-4	 x25:0x90000000 x25=0x8ffffffc
     1241099000	     61953	80002958	6385	c.lui	x7,0x1	  x7=0x00001000
     1241119000	     61954	8000295a	b8538393	addi	x7,x7,-1147	  x7:0x00001000  x7=0x00000b85
     1241139000	     61955	8000295e	03a2	c.slli	x7,0x8	  x7:0x00000b85  x7=0x000b8500
     1241299000	     61963	80002960	038d	c.addi	x7,3	  x7:0x000b8500  x7=0x000b8503
     1241539000	     61975	80002962	007ca023	sw	x7,0(x25)	 x25:0x8ffffffc  x7:0x000b8503 PA:0x8ffffffc store:0x000b8503 load:0xffffffff
     1241559000	     61976	80002966	b85023f3	csrrs	x7,mhpmcounter5h,x0	  x0:0x00000000  x7=0x00000000
     1241619000	     61979	8000296a	007ca023	sw	x7,0(x25)	 x25:0x8ffffffc  x7:0x00000000 PA:0x8ffffffc store:0x00000000 load:0xffffffff
     1241779000	     61987	8000296e	90000cb7	lui	x25,0x90000	 x25=0x90000000
     1241799000	     61988	80002972	1cf1	c.addi	x25,-4	 x25:0x90000000 x25=0x8ffffffc
     1241819000	     61989	80002974	6385	c.lui	x7,0x1	  x7=0x00001000
     1241859000	     61991	80002976	b0638393	addi	x7,x7,-1274	  x7:0x00001000  x7=0x00000b06
     1241879000	     61992	8000297a	03a2	c.slli	x7,0x8	  x7:0x00000b06  x7=0x000b0600
     1242079000	     62002	8000297c	038d	c.addi	x7,3	  x7:0x000b0600  x7=0x000b0603
     1242139000	     62005	8000297e	007ca023	sw	x7,0(x25)	 x25:0x8ffffffc  x7:0x000b0603 PA:0x8ffffffc store:0x000b0603 load:0xffffffff
     1242159000	     62006	80002982	b06023f3	csrrs	x7,mhpmcounter6,x0	  x0:0x00000000  x7=0x0000003d
     1242519000	     62024	80002986	007ca023	sw	x7,0(x25)	 x25:0x8ffffffc  x7:0x0000003d PA:0x8ffffffc store:0x0000003d load:0xffffffff
     1242539000	     62025	8000298a	90000cb7	lui	x25,0x90000	 x25=0x90000000
     1242559000	     62026	8000298e	1cf1	c.addi	x25,-4	 x25:0x90000000 x25=0x8ffffffc
     1242579000	     62027	80002990	6385	c.lui	x7,0x1	  x7=0x00001000
     1242919000	     62044	80002992	b8638393	addi	x7,x7,-1146	  x7:0x00001000  x7=0x00000b86
     1242939000	     62045	80002996	03a2	c.slli	x7,0x8	  x7:0x00000b86  x7=0x000b8600
     1242959000	     62046	80002998	038d	c.addi	x7,3	  x7:0x000b8600  x7=0x000b8603
     1243119000	     62054	8000299a	007ca023	sw	x7,0(x25)	 x25:0x8ffffffc  x7:0x000b8603 PA:0x8ffffffc store:0x000b8603 load:0xffffffff
     1243139000	     62055	8000299e	b86023f3	csrrs	x7,mhpmcounter6h,x0	  x0:0x00000000  x7=0x00000000
     1243359000	     62066	800029a2	007ca023	sw	x7,0(x25)	 x25:0x8ffffffc  x7:0x00000000 PA:0x8ffffffc store:0x00000000 load:0xffffffff
     1243379000	     62067	800029a6	90000cb7	lui	x25,0x90000	 x25=0x90000000
     1243399000	     62068	800029aa	1cf1	c.addi	x25,-4	 x25:0x90000000 x25=0x8ffffffc
     1243419000	     62069	800029ac	6385	c.lui	x7,0x1	  x7=0x00001000
     1243439000	     62070	800029ae	b0738393	addi	x7,x7,-1273	  x7:0x00001000  x7=0x00000b07
     1243459000	     62071	800029b2	03a2	c.slli	x7,0x8	  x7:0x00000b07  x7=0x000b0700
     1243759000	     62086	800029b4	038d	c.addi	x7,3	  x7:0x000b0700  x7=0x000b0703
     1244059000	     62101	800029b6	007ca023	sw	x7,0(x25)	 x25:0x8ffffffc  x7:0x000b0703 PA:0x8ffffffc store:0x000b0703 load:0xffffffff
     1244079000	     62102	800029ba	b07023f3	csrrs	x7,mhpmcounter7,x0	  x0:0x00000000  x7=0x000007c6
     1244239000	     62110	800029be	007ca023	sw	x7,0(x25)	 x25:0x8ffffffc  x7:0x000007c6 PA:0x8ffffffc store:0x000007c6 load:0xffffffff
     1244259000	     62111	800029c2	90000cb7	lui	x25,0x90000	 x25=0x90000000
     1244279000	     62112	800029c6	1cf1	c.addi	x25,-4	 x25:0x90000000 x25=0x8ffffffc
     1244439000	     62120	800029c8	6385	c.lui	x7,0x1	  x7=0x00001000
     1244459000	     62121	800029ca	b8738393	addi	x7,x7,-1145	  x7:0x00001000  x7=0x00000b87
     1244479000	     62122	800029ce	03a2	c.slli	x7,0x8	  x7:0x00000b87  x7=0x000b8700
     1244579000	     62127	800029d0	038d	c.addi	x7,3	  x7:0x000b8700  x7=0x000b8703
     1244719000	     62134	800029d2	007ca023	sw	x7,0(x25)	 x25:0x8ffffffc  x7:0x000b8703 PA:0x8ffffffc store:0x000b8703 load:0xffffffff
     1244839000	     62140	800029d6	b87023f3	csrrs	x7,mhpmcounter7h,x0	  x0:0x00000000  x7=0x00000000
     1244899000	     62143	800029da	007ca023	sw	x7,0(x25)	 x25:0x8ffffffc  x7:0x00000000 PA:0x8ffffffc store:0x00000000 load:0xffffffff
     1244919000	     62144	800029de	90000cb7	lui	x25,0x90000	 x25=0x90000000
     1244939000	     62145	800029e2	1cf1	c.addi	x25,-4	 x25:0x90000000 x25=0x8ffffffc
     1244959000	     62146	800029e4	6385	c.lui	x7,0x1	  x7=0x00001000
     1244979000	     62147	800029e6	b0838393	addi	x7,x7,-1272	  x7:0x00001000  x7=0x00000b08
     1244999000	     62148	800029ea	03a2	c.slli	x7,0x8	  x7:0x00000b08  x7=0x000b0800
     1245079000	     62152	800029ec	038d	c.addi	x7,3	  x7:0x000b0800  x7=0x000b0803
     1245679000	     62182	800029ee	007ca023	sw	x7,0(x25)	 x25:0x8ffffffc  x7:0x000b0803 PA:0x8ffffffc store:0x000b0803 load:0xffffffff
     1245699000	     62183	800029f2	b08023f3	csrrs	x7,mhpmcounter8,x0	  x0:0x00000000  x7=0x0000018d
     1246039000	     62200	800029f6	007ca023	sw	x7,0(x25)	 x25:0x8ffffffc  x7:0x0000018d PA:0x8ffffffc store:0x0000018d load:0xffffffff
     1246059000	     62201	800029fa	90000cb7	lui	x25,0x90000	 x25=0x90000000
     1246079000	     62202	800029fe	1cf1	c.addi	x25,-4	 x25:0x90000000 x25=0x8ffffffc
     1246439000	     62220	80002a00	6385	c.lui	x7,0x1	  x7=0x00001000
     1246459000	     62221	80002a02	b8838393	addi	x7,x7,-1144	  x7:0x00001000  x7=0x00000b88
     1246479000	     62222	80002a06	03a2	c.slli	x7,0x8	  x7:0x00000b88  x7=0x000b8800
     1246499000	     62223	80002a08	038d	c.addi	x7,3	  x7:0x000b8800  x7=0x000b8803
     1246719000	     62234	80002a0a	007ca023	sw	x7,0(x25)	 x25:0x8ffffffc  x7:0x000b8803 PA:0x8ffffffc store:0x000b8803 load:0xffffffff
     1246779000	     62237	80002a0e	b88023f3	csrrs	x7,mhpmcounter8h,x0	  x0:0x00000000  x7=0x00000000
     1247159000	     62256	80002a12	007ca023	sw	x7,0(x25)	 x25:0x8ffffffc  x7:0x00000000 PA:0x8ffffffc store:0x00000000 load:0xffffffff
     1247359000	     62266	80002a16	90000cb7	lui	x25,0x90000	 x25=0x90000000
     1247379000	     62267	80002a1a	1cf1	c.addi	x25,-4	 x25:0x90000000 x25=0x8ffffffc
     1247619000	     62279	80002a1c	6385	c.lui	x7,0x1	  x7=0x00001000
     1247999000	     62298	80002a1e	b0938393	addi	x7,x7,-1271	  x7:0x00001000  x7=0x00000b09
     1248019000	     62299	80002a22	03a2	c.slli	x7,0x8	  x7:0x00000b09  x7=0x000b0900
     1248179000	     62307	80002a24	038d	c.addi	x7,3	  x7:0x000b0900  x7=0x000b0903
     1248239000	     62310	80002a26	007ca023	sw	x7,0(x25)	 x25:0x8ffffffc  x7:0x000b0903 PA:0x8ffffffc store:0x000b0903 load:0xffffffff
     1248259000	     62311	80002a2a	b09023f3	csrrs	x7,mhpmcounter9,x0	  x0:0x00000000  x7=0x000000cd
     1248279000	     62312	80002a2e	007ca023	sw	x7,0(x25)	 x25:0x8ffffffc  x7:0x000000cd PA:0x8ffffffc store:0x000000cd load:0xffffffff
     1248299000	     62313	80002a32	90000cb7	lui	x25,0x90000	 x25=0x90000000
     1248319000	     62314	80002a36	1cf1	c.addi	x25,-4	 x25:0x90000000 x25=0x8ffffffc
     1248519000	     62324	80002a38	6385	c.lui	x7,0x1	  x7=0x00001000
     1248759000	     62336	80002a3a	b8938393	addi	x7,x7,-1143	  x7:0x00001000  x7=0x00000b89
     1248779000	     62337	80002a3e	03a2	c.slli	x7,0x8	  x7:0x00000b89  x7=0x000b8900
     1248799000	     62338	80002a40	038d	c.addi	x7,3	  x7:0x000b8900  x7=0x000b8903
     1249119000	     62354	80002a42	007ca023	sw	x7,0(x25)	 x25:0x8ffffffc  x7:0x000b8903 PA:0x8ffffffc store:0x000b8903 load:0xffffffff
     1249139000	     62355	80002a46	b89023f3	csrrs	x7,mhpmcounter9h,x0	  x0:0x00000000  x7=0x00000000
     1249399000	     62368	80002a4a	007ca023	sw	x7,0(x25)	 x25:0x8ffffffc  x7:0x00000000 PA:0x8ffffffc store:0x00000000 load:0xffffffff
     1249419000	     62369	80002a4e	90000cb7	lui	x25,0x90000	 x25=0x90000000
     1249439000	     62370	80002a52	1cf1	c.addi	x25,-4	 x25:0x90000000 x25=0x8ffffffc
     1249459000	     62371	80002a54	6385	c.lui	x7,0x1	  x7=0x00001000
     1249479000	     62372	80002a56	b0a38393	addi	x7,x7,-1270	  x7:0x00001000  x7=0x00000b0a
     1249499000	     62373	80002a5a	03a2	c.slli	x7,0x8	  x7:0x00000b0a  x7=0x000b0a00
     1249519000	     62374	80002a5c	038d	c.addi	x7,3	  x7:0x000b0a00  x7=0x000b0a03
     1249759000	     62386	80002a5e	007ca023	sw	x7,0(x25)	 x25:0x8ffffffc  x7:0x000b0a03 PA:0x8ffffffc store:0x000b0a03 load:0xffffffff
     1249779000	     62387	80002a62	b0a023f3	csrrs	x7,mhpmcounter10,x0	  x0:0x00000000  x7=0x0000092a
     1249899000	     62393	80002a66	007ca023	sw	x7,0(x25)	 x25:0x8ffffffc  x7:0x0000092a PA:0x8ffffffc store:0x0000092a load:0xffffffff
     1249919000	     62394	80002a6a	90000cb7	lui	x25,0x90000	 x25=0x90000000
     1249939000	     62395	80002a6e	1cf1	c.addi	x25,-4	 x25:0x90000000 x25=0x8ffffffc
     1249959000	     62396	80002a70	6385	c.lui	x7,0x1	  x7=0x00001000
     1249979000	     62397	80002a72	b8a38393	addi	x7,x7,-1142	  x7:0x00001000  x7=0x00000b8a
     1249999000	     62398	80002a76	03a2	c.slli	x7,0x8	  x7:0x00000b8a  x7=0x000b8a00
     1250279000	     62412	80002a78	038d	c.addi	x7,3	  x7:0x000b8a00  x7=0x000b8a03
     1250339000	     62415	80002a7a	007ca023	sw	x7,0(x25)	 x25:0x8ffffffc  x7:0x000b8a03 PA:0x8ffffffc store:0x000b8a03 load:0xffffffff
     1250359000	     62416	80002a7e	b8a023f3	csrrs	x7,mhpmcounter10h,x0	  x0:0x00000000  x7=0x00000000
     1250759000	     62436	80002a82	007ca023	sw	x7,0(x25)	 x25:0x8ffffffc  x7:0x00000000 PA:0x8ffffffc store:0x00000000 load:0xffffffff
     1251139000	     62455	80002a86	90000cb7	lui	x25,0x90000	 x25=0x90000000
     1251159000	     62456	80002a8a	1cf1	c.addi	x25,-4	 x25:0x90000000 x25=0x8ffffffc
     1251179000	     62457	80002a8c	6385	c.lui	x7,0x1	  x7=0x00001000
     1251199000	     62458	80002a8e	b0b38393	addi	x7,x7,-1269	  x7:0x00001000  x7=0x00000b0b
     1251219000	     62459	80002a92	03a2	c.slli	x7,0x8	  x7:0x00000b0b  x7=0x000b0b00
     1251279000	     62462	80002a94	038d	c.addi	x7,3	  x7:0x000b0b00  x7=0x000b0b03
     1251339000	     62465	80002a96	007ca023	sw	x7,0(x25)	 x25:0x8ffffffc  x7:0x000b0b03 PA:0x8ffffffc store:0x000b0b03 load:0xffffffff
     1251499000	     62473	80002a9a	b0b023f3	csrrs	x7,mhpmcounter11,x0	  x0:0x00000000  x7=0x000000ae
     1251959000	     62496	80002a9e	007ca023	sw	x7,0(x25)	 x25:0x8ffffffc  x7:0x000000ae PA:0x8ffffffc store:0x000000ae load:0xffffffff
     1251979000	     62497	80002aa2	90000cb7	lui	x25,0x90000	 x25=0x90000000
     1251999000	     62498	80002aa6	1cf1	c.addi	x25,-4	 x25:0x90000000 x25=0x8ffffffc
     1252019000	     62499	80002aa8	6385	c.lui	x7,0x1	  x7=0x00001000
     1252039000	     62500	80002aaa	b8b38393	addi	x7,x7,-1141	  x7:0x00001000  x7=0x00000b8b
     1252059000	     62501	80002aae	03a2	c.slli	x7,0x8	  x7:0x00000b8b  x7=0x000b8b00
     1252199000	     62508	80002ab0	038d	c.addi	x7,3	  x7:0x000b8b00  x7=0x000b8b03
     1252439000	     62520	80002ab2	007ca023	sw	x7,0(x25)	 x25:0x8ffffffc  x7:0x000b8b03 PA:0x8ffffffc store:0x000b8b03 load:0xffffffff
     1252519000	     62524	80002ab6	b8b023f3	csrrs	x7,mhpmcounter11h,x0	  x0:0x00000000  x7=0x00000000
     1253019000	     62549	80002aba	007ca023	sw	x7,0(x25)	 x25:0x8ffffffc  x7:0x00000000 PA:0x8ffffffc store:0x00000000 load:0xffffffff
     1253099000	     62553	80002abe	90000cb7	lui	x25,0x90000	 x25=0x90000000
     1253119000	     62554	80002ac2	1cf1	c.addi	x25,-4	 x25:0x90000000 x25=0x8ffffffc
     1253139000	     62555	80002ac4	6385	c.lui	x7,0x1	  x7=0x00001000
     1253319000	     62564	80002ac6	b0c38393	addi	x7,x7,-1268	  x7:0x00001000  x7=0x00000b0c
     1253339000	     62565	80002aca	03a2	c.slli	x7,0x8	  x7:0x00000b0c  x7=0x000b0c00
     1253359000	     62566	80002acc	038d	c.addi	x7,3	  x7:0x000b0c00  x7=0x000b0c03
     1253419000	     62569	80002ace	007ca023	sw	x7,0(x25)	 x25:0x8ffffffc  x7:0x000b0c03 PA:0x8ffffffc store:0x000b0c03 load:0xffffffff
     1253439000	     62570	80002ad2	b0c023f3	csrrs	x7,mhpmcounter12,x0	  x0:0x00000000  x7=0x00001814
     1253459000	     62571	80002ad6	007ca023	sw	x7,0(x25)	 x25:0x8ffffffc  x7:0x00001814 PA:0x8ffffffc store:0x00001814 load:0xffffffff
     1253479000	     62572	80002ada	90000cb7	lui	x25,0x90000	 x25=0x90000000
     1253499000	     62573	80002ade	1cf1	c.addi	x25,-4	 x25:0x90000000 x25=0x8ffffffc
     1253599000	     62578	80002ae0	6385	c.lui	x7,0x1	  x7=0x00001000
     1253619000	     62579	80002ae2	b8c38393	addi	x7,x7,-1140	  x7:0x00001000  x7=0x00000b8c
     1253639000	     62580	80002ae6	03a2	c.slli	x7,0x8	  x7:0x00000b8c  x7=0x000b8c00
     1253659000	     62581	80002ae8	038d	c.addi	x7,3	  x7:0x000b8c00  x7=0x000b8c03
     1253999000	     62598	80002aea	007ca023	sw	x7,0(x25)	 x25:0x8ffffffc  x7:0x000b8c03 PA:0x8ffffffc store:0x000b8c03 load:0xffffffff
     1254019000	     62599	80002aee	b8c023f3	csrrs	x7,mhpmcounter12h,x0	  x0:0x00000000  x7=0x00000000
     1254099000	     62603	80002af2	007ca023	sw	x7,0(x25)	 x25:0x8ffffffc  x7:0x00000000 PA:0x8ffffffc store:0x00000000 load:0xffffffff
     1254119000	     62604	80002af6	ffffd397	auipc	x7,0xffffd	  x7=0x7ffffaf6
     1254179000	     62607	80002afa	58a38393	addi	x7,x7,1418	  x7:0x7ffffaf6  x7=0x80000080
     1254799000	     62638	80002afe	0003a023	sw	x0,0(x7)	  x7:0x80000080  x0:0x00000000 PA:0x80000080 store:0x00000000 load:0xffffffff
     1254859000	     62641	80002b02	0013a223	sw	x1,4(x7)	  x7:0x80000080  x1:0x00000000 PA:0x80000084 store:0x00000000 load:0xffffffff
     1254879000	     62642	80002b06	0023a423	sw	x2,8(x7)	  x7:0x80000080  x2:0x0000016f PA:0x80000088 store:0x0000016f load:0xffffffff
     1254899000	     62643	80002b0a	0033a623	sw	x3,12(x7)	  x7:0x80000080  x3:0x00020000 PA:0x8000008c store:0x00020000 load:0xffffffff
     1254919000	     62644	80002b0e	0043a823	sw	x4,16(x7)	  x7:0x80000080  x4:0x00000001 PA:0x80000090 store:0x00000001 load:0xffffffff
     1255039000	     62650	80002b12	0053aa23	sw	x5,20(x7)	  x7:0x80000080  x5:0x44000000 PA:0x80000094 store:0x44000000 load:0xffffffff
     1255199000	     62658	80002b16	0063ac23	sw	x6,24(x7)	  x7:0x80000080  x6:0xdc31d000 PA:0x80000098 store:0xdc31d000 load:0xffffffff
     1255259000	     62661	80002b1a	0073ae23	sw	x7,28(x7)	  x7:0x80000080  x7:0x80000080 PA:0x8000009c store:0x80000080 load:0xffffffff
     1255279000	     62662	80002b1e	0283a023	sw	x8,32(x7)	  x7:0x80000080  x8:0x8000035e PA:0x800000a0 store:0x8000035e load:0xffffffff
     1255299000	     62663	80002b22	0293a223	sw	x9,36(x7)	  x7:0x80000080  x9:0x80009092 PA:0x800000a4 store:0x80009092 load:0xffffffff
     1255319000	     62664	80002b26	02a3a423	sw	x10,40(x7)	  x7:0x80000080 x10:0x03ffee18 PA:0x800000a8 store:0x03ffee18 load:0xffffffff
     1255479000	     62672	80002b2a	02b3a623	sw	x11,44(x7)	  x7:0x80000080 x11:0x000fd3e0 PA:0x800000ac store:0x000fd3e0 load:0xffffffff
     1255579000	     62677	80002b2e	02c3a823	sw	x12,48(x7)	  x7:0x80000080 x12:0x80023c60 PA:0x800000b0 store:0x80023c60 load:0xffffffff
     1255999000	     62698	80002b32	02d3aa23	sw	x13,52(x7)	  x7:0x80000080 x13:0xffffffd0 PA:0x800000b4 store:0xffffffd0 load:0xffffffff
     1256419000	     62719	80002b36	02e3ac23	sw	x14,56(x7)	  x7:0x80000080 x14:0x80000004 PA:0x800000b8 store:0x80000004 load:0xffffffff
     1256879000	     62742	80002b3a	02f3ae23	sw	x15,60(x7)	  x7:0x80000080 x15:0x0000024f PA:0x800000bc store:0x0000024f load:0xffffffff
     1256999000	     62748	80002b3e	0503a023	sw	x16,64(x7)	  x7:0x80000080 x16:0x00000000 PA:0x800000c0 store:0x00000000 load:0xffffffff
     1257019000	     62749	80002b42	0513a223	sw	x17,68(x7)	  x7:0x80000080 x17:0x00000000 PA:0x800000c4 store:0x00000000 load:0xffffffff
     1257279000	     62762	80002b46	0523a423	sw	x18,72(x7)	  x7:0x80000080 x18:0x00000040 PA:0x800000c8 store:0x00000040 load:0xffffffff
     1257439000	     62770	80002b4a	0533a623	sw	x19,76(x7)	  x7:0x80000080 x19:0x0000000a PA:0x800000cc store:0x0000000a load:0xffffffff
     1257999000	     62798	80002b4e	0543a823	sw	x20,80(x7)	  x7:0x80000080 x20:0x000fd7d7 PA:0x800000d0 store:0x000fd7d7 load:0xffffffff
     1258019000	     62799	80002b52	0553aa23	sw	x21,84(x7)	  x7:0x80000080 x21:0x000002a6 PA:0x800000d4 store:0x000002a6 load:0xffffffff
     1258039000	     62800	80002b56	0563ac23	sw	x22,88(x7)	  x7:0x80000080 x22:0x8001fa7c PA:0x800000d8 store:0x8001fa7c load:0xffffffff
     1258359000	     62816	80002b5a	0573ae23	sw	x23,92(x7)	  x7:0x80000080 x23:0x00000001 PA:0x800000dc store:0x00000001 load:0xffffffff
     1258439000	     62820	80002b5e	0783a023	sw	x24,96(x7)	  x7:0x80000080 x24:0x80020559 PA:0x800000e0 store:0x80020559 load:0xffffffff
     1259139000	     62855	80002b62	0793a223	sw	x25,100(x7)	  x7:0x80000080 x25:0x8ffffffc PA:0x800000e4 store:0x8ffffffc load:0xffffffff
     1259659000	     62881	80002b66	07a3a423	sw	x26,104(x7)	  x7:0x80000080 x26:0x00000000 PA:0x800000e8 store:0x00000000 load:0xffffffff
     1259739000	     62885	80002b6a	07b3a623	sw	x27,108(x7)	  x7:0x80000080 x27:0x00000000 PA:0x800000ec store:0x00000000 load:0xffffffff
     1259759000	     62886	80002b6e	07c3a823	sw	x28,112(x7)	  x7:0x80000080 x28:0x80023c60 PA:0x800000f0 store:0x80023c60 load:0xffffffff
     1259979000	     62897	80002b72	07d3aa23	sw	x29,116(x7)	  x7:0x80000080 x29:0x00000008 PA:0x800000f4 store:0x00000008 load:0xffffffff
     1260039000	     62900	80002b76	07e3ac23	sw	x30,120(x7)	  x7:0x80000080 x30:0x7fff72ce PA:0x800000f8 store:0x7fff72ce load:0xffffffff
     1260119000	     62904	80002b7a	07f3ae23	sw	x31,124(x7)	  x7:0x80000080 x31:0x0000005f PA:0x800000fc store:0x0000005f load:0xffffffff
     1260139000	     62905	80002b7e	341023f3	csrrs	x7,mepc,x0	  x0:0x00000000  x7=0x8000036e
     1260159000	     62906	80002b82	0391	c.addi	x7,4	  x7:0x8000036e  x7=0x80000372
     1260179000	     62907	80002b84	34139073	csrrw	x0,mepc,x7	  x7:0x80000372  x0=0x00000000
     1260199000	     62908	80002b88	30200073	mret	
     1260279000	     62912	80000372	90000cb7	lui	x25,0x90000	 x25=0x90000000
     1260299000	     62913	80000376	1ce1	c.addi	x25,-8	 x25:0x90000000 x25=0x8ffffff8
     1260319000	     62914	80000378	4385	c.li	x7,1	  x7=0x00000001
     1260339000	     62915	8000037a	03a2	c.slli	x7,0x8	  x7:0x00000001  x7=0x00000100
     1260359000	     62916	8000037c	0385	c.addi	x7,1	  x7:0x00000100  x7=0x00000101
     1260419000	     62919	8000037e	007ca023	sw	x7,0(x25)	 x25:0x8ffffff8  x7:0x00000101 PA:0x8ffffff8 store:0x00000101 load:0xffffffff
     1260439000	     62920	80000382	00000073	ecall	
     1260499000	     62923	80002700	0800006f	jal	x0,80002780	  x0=0x00000000
     1260559000	     62926	80002780	1671	c.addi	x12,-4	 x12:0x80023c60 x12=0x80023c5c
     1260619000	     62929	80002782	01c62023	sw	x28,0(x12)	 x12:0x80023c5c x28:0x80023c60 PA:0x80023c5c store:0x80023c60 load:0xffffffff
     1260639000	     62930	80002786	00060e33	add	x28,x12,x0	 x12:0x80023c5c  x0:0x00000000 x28=0x80023c5c
     1260659000	     62931	8000278a	f80e0e13	addi	x28,x28,-128	 x28:0x80023c5c x28=0x80023bdc
     1260719000	     62934	8000278e	001e2223	sw	x1,4(x28)	 x28:0x80023bdc  x1:0x00000000 PA:0x80023be0 store:0x00000000 load:0xffffffff
     1260879000	     62942	80002792	002e2423	sw	x2,8(x28)	 x28:0x80023bdc  x2:0x0000016f PA:0x80023be4 store:0x0000016f load:0xffffffff
     1261099000	     62953	80002796	003e2623	sw	x3,12(x28)	 x28:0x80023bdc  x3:0x00020000 PA:0x80023be8 store:0x00020000 load:0xffffffff
     1261159000	     62956	8000279a	004e2823	sw	x4,16(x28)	 x28:0x80023bdc  x4:0x00000001 PA:0x80023bec store:0x00000001 load:0xffffffff
     1261339000	     62965	8000279e	005e2a23	sw	x5,20(x28)	 x28:0x80023bdc  x5:0x44000000 PA:0x80023bf0 store:0x44000000 load:0xffffffff
     1261719000	     62984	800027a2	006e2c23	sw	x6,24(x28)	 x28:0x80023bdc  x6:0xdc31d000 PA:0x80023bf4 store:0xdc31d000 load:0xffffffff
     1261799000	     62988	800027a6	007e2e23	sw	x7,28(x28)	 x28:0x80023bdc  x7:0x00000101 PA:0x80023bf8 store:0x00000101 load:0xffffffff
     1261939000	     62995	800027aa	028e2023	sw	x8,32(x28)	 x28:0x80023bdc  x8:0x8000035e PA:0x80023bfc store:0x8000035e load:0xffffffff
     1262139000	     63005	800027ae	029e2223	sw	x9,36(x28)	 x28:0x80023bdc  x9:0x80009092 PA:0x80023c00 store:0x80009092 load:0xffffffff
     1262319000	     63014	800027b2	02ae2423	sw	x10,40(x28)	 x28:0x80023bdc x10:0x03ffee18 PA:0x80023c04 store:0x03ffee18 load:0xffffffff
     1262379000	     63017	800027b6	02be2623	sw	x11,44(x28)	 x28:0x80023bdc x11:0x000fd3e0 PA:0x80023c08 store:0x000fd3e0 load:0xffffffff
     1262579000	     63027	800027ba	02ce2823	sw	x12,48(x28)	 x28:0x80023bdc x12:0x80023c5c PA:0x80023c0c store:0x80023c5c load:0xffffffff
     1262599000	     63028	800027be	02de2a23	sw	x13,52(x28)	 x28:0x80023bdc x13:0xffffffd0 PA:0x80023c10 store:0xffffffd0 load:0xffffffff
     1262679000	     63032	800027c2	02ee2c23	sw	x14,56(x28)	 x28:0x80023bdc x14:0x80000004 PA:0x80023c14 store:0x80000004 load:0xffffffff
     1262859000	     63041	800027c6	02fe2e23	sw	x15,60(x28)	 x28:0x80023bdc x15:0x0000024f PA:0x80023c18 store:0x0000024f load:0xffffffff
     1263179000	     63057	800027ca	050e2023	sw	x16,64(x28)	 x28:0x80023bdc x16:0x00000000 PA:0x80023c1c store:0x00000000 load:0xffffffff
     1263239000	     63060	800027ce	051e2223	sw	x17,68(x28)	 x28:0x80023bdc x17:0x00000000 PA:0x80023c20 store:0x00000000 load:0xffffffff
     1263259000	     63061	800027d2	052e2423	sw	x18,72(x28)	 x28:0x80023bdc x18:0x00000040 PA:0x80023c24 store:0x00000040 load:0xffffffff
     1263339000	     63065	800027d6	053e2623	sw	x19,76(x28)	 x28:0x80023bdc x19:0x0000000a PA:0x80023c28 store:0x0000000a load:0xffffffff
     1263399000	     63068	800027da	054e2823	sw	x20,80(x28)	 x28:0x80023bdc x20:0x000fd7d7 PA:0x80023c2c store:0x000fd7d7 load:0xffffffff
     1263439000	     63070	800027de	055e2a23	sw	x21,84(x28)	 x28:0x80023bdc x21:0x000002a6 PA:0x80023c30 store:0x000002a6 load:0xffffffff
     1263659000	     63081	800027e2	056e2c23	sw	x22,88(x28)	 x28:0x80023bdc x22:0x8001fa7c PA:0x80023c34 store:0x8001fa7c load:0xffffffff
