core   0: 0x80000080 (0x40001637) lui     a2, 0x40001
core   0: 3 0x80000080 (0x40001637) x12 0x40001000
core   0: 0x80000084 (0x10660613) addi    a2, a2, 262
core   0: 3 0x80000084 (0x10660613) x12 0x40001106
core   0: 0x80000088 (0x30161073) csrw    misa, a2
core   0: 3 0x80000088 (0x30161073) c769_misa 0x40901104
core   0: 0x8000008c (0x00023f17) auipc   t5, 0x23
core   0: 3 0x8000008c (0x00023f17) x30 0x8002308c
core   0: 0x80000090 (0xc58f0f13) addi    t5, t5, -936
core   0: 3 0x80000090 (0xc58f0f13) x30 0x80022ce4
core   0: 0x80000094 (0x00002617) auipc   a2, 0x2
core   0: 3 0x80000094 (0x00002617) x12 0x80002094
core   0: 0x80000098 (0x46c60613) addi    a2, a2, 1132
core   0: 3 0x80000098 (0x46c60613) x12 0x80002500
core   0: 0x8000009c (0x00166613) ori     a2, a2, 1
core   0: 3 0x8000009c (0x00166613) x12 0x80002501
core   0: 0x800000a0 (0x30561073) csrw    mtvec, a2
core   0: 3 0x800000a0 (0x30561073) c773_mtvec 0x80002501
core   0: 0x800000a4 (0x74725073) csrwi   mseccfg, 4
core   0: 3 0x800000a4 (0x74725073) c1863_mseccfg 0x00000004
core   0: 0x800000a8 (0x00003597) auipc   a1, 0x3
core   0: 3 0x800000a8 (0x00003597) x11 0x800030a8
core   0: 0x800000ac (0x18c58593) addi    a1, a1, 396
core   0: 3 0x800000ac (0x18c58593) x11 0x80003234
core   0: 0x800000b0 (0x00004601) c.li    a2, 0
core   0: 3 0x800000b0 (0x4601) x12 0x00000000
core   0: 0x800000b2 (0x000095b2) c.add   a1, a2
core   0: 3 0x800000b2 (0x95b2) x11 0x80003234
core   0: 0x800000b4 (0x00008189) c.srli  a1, 2
core   0: 3 0x800000b4 (0x8189) x11 0x20000c8d
core   0: 0x800000b6 (0x3b059073) csrw    pmpaddr0, a1
core   0: 3 0x800000b6 (0x3b059073) c944_pmpaddr0 0x20000c8d
core   0: 0x800000ba (0x00003597) auipc   a1, 0x3
core   0: 3 0x800000ba (0x00003597) x11 0x800030ba
core   0: 0x800000be (0x17a58593) addi    a1, a1, 378
core   0: 3 0x800000be (0x17a58593) x11 0x80003234
core   0: 0x800000c2 (0x11111637) lui     a2, 0x11111
core   0: 3 0x800000c2 (0x11111637) x12 0x11111000
core   0: 0x800000c6 (0x11160613) addi    a2, a2, 273
core   0: 3 0x800000c6 (0x11160613) x12 0x11111111
core   0: 0x800000ca (0x000095b2) c.add   a1, a2
core   0: 3 0x800000ca (0x95b2) x11 0x91114345
core   0: 0x800000cc (0x00008189) c.srli  a1, 2
core   0: 3 0x800000cc (0x8189) x11 0x244450d1
core   0: 0x800000ce (0x3b159073) csrw    pmpaddr1, a1
core   0: 3 0x800000ce (0x3b159073) c945_pmpaddr1 0x244450d1
core   0: 0x800000d2 (0x00003597) auipc   a1, 0x3
core   0: 3 0x800000d2 (0x00003597) x11 0x800030d2
core   0: 0x800000d6 (0x16258593) addi    a1, a1, 354
core   0: 3 0x800000d6 (0x16258593) x11 0x80003234
core   0: 0x800000da (0x22222637) lui     a2, 0x22222
core   0: 3 0x800000da (0x22222637) x12 0x22222000
core   0: 0x800000de (0x22260613) addi    a2, a2, 546
core   0: 3 0x800000de (0x22260613) x12 0x22222222
core   0: 0x800000e2 (0x000095b2) c.add   a1, a2
core   0: 3 0x800000e2 (0x95b2) x11 0xa2225456
core   0: 0x800000e4 (0x00008189) c.srli  a1, 2
core   0: 3 0x800000e4 (0x8189) x11 0x28889515
core   0: 0x800000e6 (0x3b259073) csrw    pmpaddr2, a1
core   0: 3 0x800000e6 (0x3b259073) c946_pmpaddr2 0x28889515
core   0: 0x800000ea (0x00003597) auipc   a1, 0x3
core   0: 3 0x800000ea (0x00003597) x11 0x800030ea
core   0: 0x800000ee (0x14a58593) addi    a1, a1, 330
core   0: 3 0x800000ee (0x14a58593) x11 0x80003234
core   0: 0x800000f2 (0x33333637) lui     a2, 0x33333
core   0: 3 0x800000f2 (0x33333637) x12 0x33333000
core   0: 0x800000f6 (0x33360613) addi    a2, a2, 819
core   0: 3 0x800000f6 (0x33360613) x12 0x33333333
core   0: 0x800000fa (0x000095b2) c.add   a1, a2
core   0: 3 0x800000fa (0x95b2) x11 0xb3336567
core   0: 0x800000fc (0x00008189) c.srli  a1, 2
core   0: 3 0x800000fc (0x8189) x11 0x2cccd959
core   0: 0x800000fe (0x3b359073) csrw    pmpaddr3, a1
core   0: 3 0x800000fe (0x3b359073) c947_pmpaddr3 0x2cccd959
core   0: 0x80000102 (0x0f0f15b7) lui     a1, 0xf0f1
core   0: 3 0x80000102 (0x0f0f15b7) x11 0x0f0f1000
core   0: 0x80000106 (0xf0f58593) addi    a1, a1, -241
core   0: 3 0x80000106 (0xf0f58593) x11 0x0f0f0f0f
core   0: 0x8000010a (0x3a059073) csrw    pmpcfg0, a1
core   0: 3 0x8000010a (0x3a059073) c928_pmpcfg0 0x0f0f0f0f
core   0: 0x8000010e (0x00003597) auipc   a1, 0x3
core   0: 3 0x8000010e (0x00003597) x11 0x8000310e
core   0: 0x80000112 (0x12658593) addi    a1, a1, 294
core   0: 3 0x80000112 (0x12658593) x11 0x80003234
core   0: 0x80000116 (0x44444637) lui     a2, 0x44444
core   0: 3 0x80000116 (0x44444637) x12 0x44444000
core   0: 0x8000011a (0x44460613) addi    a2, a2, 1092
core   0: 3 0x8000011a (0x44460613) x12 0x44444444
core   0: 0x8000011e (0x000095b2) c.add   a1, a2
core   0: 3 0x8000011e (0x95b2) x11 0xc4447678
core   0: 0x80000120 (0x00008189) c.srli  a1, 2
core   0: 3 0x80000120 (0x8189) x11 0x31111d9e
core   0: 0x80000122 (0x3b459073) csrw    pmpaddr4, a1
core   0: 3 0x80000122 (0x3b459073) c948_pmpaddr4 0x31111d9e
core   0: 0x80000126 (0x00003597) auipc   a1, 0x3
core   0: 3 0x80000126 (0x00003597) x11 0x80003126
core   0: 0x8000012a (0x10e58593) addi    a1, a1, 270
core   0: 3 0x8000012a (0x10e58593) x11 0x80003234
core   0: 0x8000012e (0x55555637) lui     a2, 0x55555
core   0: 3 0x8000012e (0x55555637) x12 0x55555000
core   0: 0x80000132 (0x55560613) addi    a2, a2, 1365
core   0: 3 0x80000132 (0x55560613) x12 0x55555555
core   0: 0x80000136 (0x000095b2) c.add   a1, a2
core   0: 3 0x80000136 (0x95b2) x11 0xd5558789
core   0: 0x80000138 (0x00008189) c.srli  a1, 2
core   0: 3 0x80000138 (0x8189) x11 0x355561e2
core   0: 0x8000013a (0x3b559073) csrw    pmpaddr5, a1
core   0: 3 0x8000013a (0x3b559073) c949_pmpaddr5 0x355561e2
core   0: 0x8000013e (0x00003597) auipc   a1, 0x3
core   0: 3 0x8000013e (0x00003597) x11 0x8000313e
core   0: 0x80000142 (0x0f658593) addi    a1, a1, 246
core   0: 3 0x80000142 (0x0f658593) x11 0x80003234
core   0: 0x80000146 (0x66666637) lui     a2, 0x66666
core   0: 3 0x80000146 (0x66666637) x12 0x66666000
core   0: 0x8000014a (0x66660613) addi    a2, a2, 1638
core   0: 3 0x8000014a (0x66660613) x12 0x66666666
core   0: 0x8000014e (0x000095b2) c.add   a1, a2
core   0: 3 0x8000014e (0x95b2) x11 0xe666989a
core   0: 0x80000150 (0x00008189) c.srli  a1, 2
core   0: 3 0x80000150 (0x8189) x11 0x3999a626
core   0: 0x80000152 (0x3b659073) csrw    pmpaddr6, a1
core   0: 3 0x80000152 (0x3b659073) c950_pmpaddr6 0x3999a626
core   0: 0x80000156 (0x00003597) auipc   a1, 0x3
core   0: 3 0x80000156 (0x00003597) x11 0x80003156
core   0: 0x8000015a (0x0de58593) addi    a1, a1, 222
core   0: 3 0x8000015a (0x0de58593) x11 0x80003234
core   0: 0x8000015e (0x77777637) lui     a2, 0x77777
core   0: 3 0x8000015e (0x77777637) x12 0x77777000
core   0: 0x80000162 (0x77760613) addi    a2, a2, 1911
core   0: 3 0x80000162 (0x77760613) x12 0x77777777
core   0: 0x80000166 (0x000095b2) c.add   a1, a2
core   0: 3 0x80000166 (0x95b2) x11 0xf777a9ab
core   0: 0x80000168 (0x00008189) c.srli  a1, 2
core   0: 3 0x80000168 (0x8189) x11 0x3dddea6a
core   0: 0x8000016a (0x3b759073) csrw    pmpaddr7, a1
core   0: 3 0x8000016a (0x3b759073) c951_pmpaddr7 0x3dddea6a
core   0: 0x8000016e (0x0f0f15b7) lui     a1, 0xf0f1
core   0: 3 0x8000016e (0x0f0f15b7) x11 0x0f0f1000
core   0: 0x80000172 (0xf0f58593) addi    a1, a1, -241
core   0: 3 0x80000172 (0xf0f58593) x11 0x0f0f0f0f
core   0: 0x80000176 (0x3a159073) csrw    pmpcfg1, a1
core   0: 3 0x80000176 (0x3a159073) c929_pmpcfg1 0x0f0f0f0f
core   0: 0x8000017a (0x00003597) auipc   a1, 0x3
core   0: 3 0x8000017a (0x00003597) x11 0x8000317a
core   0: 0x8000017e (0x0ba58593) addi    a1, a1, 186
core   0: 3 0x8000017e (0x0ba58593) x11 0x80003234
core   0: 0x80000182 (0x88889637) lui     a2, 0x88889
core   0: 3 0x80000182 (0x88889637) x12 0x88889000
core   0: 0x80000186 (0x88860613) addi    a2, a2, -1912
core   0: 3 0x80000186 (0x88860613) x12 0x88888888
core   0: 0x8000018a (0x000095b2) c.add   a1, a2
core   0: 3 0x8000018a (0x95b2) x11 0x0888babc
core   0: 0x8000018c (0x00008189) c.srli  a1, 2
core   0: 3 0x8000018c (0x8189) x11 0x02222eaf
core   0: 0x8000018e (0x3b859073) csrw    pmpaddr8, a1
core   0: 3 0x8000018e (0x3b859073) c952_pmpaddr8 0x02222eaf
core   0: 0x80000192 (0x00003597) auipc   a1, 0x3
core   0: 3 0x80000192 (0x00003597) x11 0x80003192
core   0: 0x80000196 (0x0a258593) addi    a1, a1, 162
core   0: 3 0x80000196 (0x0a258593) x11 0x80003234
core   0: 0x8000019a (0x9999a637) lui     a2, 0x9999a
core   0: 3 0x8000019a (0x9999a637) x12 0x9999a000
core   0: 0x8000019e (0x99960613) addi    a2, a2, -1639
core   0: 3 0x8000019e (0x99960613) x12 0x99999999
core   0: 0x800001a2 (0x000095b2) c.add   a1, a2
core   0: 3 0x800001a2 (0x95b2) x11 0x1999cbcd
core   0: 0x800001a4 (0x00008189) c.srli  a1, 2
core   0: 3 0x800001a4 (0x8189) x11 0x066672f3
core   0: 0x800001a6 (0x3b959073) csrw    pmpaddr9, a1
core   0: 3 0x800001a6 (0x3b959073) c953_pmpaddr9 0x066672f3
core   0: 0x800001aa (0x00003597) auipc   a1, 0x3
core   0: 3 0x800001aa (0x00003597) x11 0x800031aa
core   0: 0x800001ae (0x08a58593) addi    a1, a1, 138
core   0: 3 0x800001ae (0x08a58593) x11 0x80003234
core   0: 0x800001b2 (0xaaaab637) lui     a2, 0xaaaab
core   0: 3 0x800001b2 (0xaaaab637) x12 0xaaaab000
core   0: 0x800001b6 (0xaaa60613) addi    a2, a2, -1366
core   0: 3 0x800001b6 (0xaaa60613) x12 0xaaaaaaaa
core   0: 0x800001ba (0x000095b2) c.add   a1, a2
core   0: 3 0x800001ba (0x95b2) x11 0x2aaadcde
core   0: 0x800001bc (0x00008189) c.srli  a1, 2
core   0: 3 0x800001bc (0x8189) x11 0x0aaab737
core   0: 0x800001be (0x3ba59073) csrw    pmpaddr10, a1
core   0: 3 0x800001be (0x3ba59073) c954_pmpaddr10 0x0aaab737
core   0: 0x800001c2 (0x00003597) auipc   a1, 0x3
core   0: 3 0x800001c2 (0x00003597) x11 0x800031c2
core   0: 0x800001c6 (0x07258593) addi    a1, a1, 114
core   0: 3 0x800001c6 (0x07258593) x11 0x80003234
core   0: 0x800001ca (0xbbbbc637) lui     a2, 0xbbbbc
core   0: 3 0x800001ca (0xbbbbc637) x12 0xbbbbc000
core   0: 0x800001ce (0xbbb60613) addi    a2, a2, -1093
core   0: 3 0x800001ce (0xbbb60613) x12 0xbbbbbbbb
core   0: 0x800001d2 (0x000095b2) c.add   a1, a2
core   0: 3 0x800001d2 (0x95b2) x11 0x3bbbedef
core   0: 0x800001d4 (0x00008189) c.srli  a1, 2
core   0: 3 0x800001d4 (0x8189) x11 0x0eeefb7b
core   0: 0x800001d6 (0x3bb59073) csrw    pmpaddr11, a1
core   0: 3 0x800001d6 (0x3bb59073) c955_pmpaddr11 0x0eeefb7b
core   0: 0x800001da (0x0f0f15b7) lui     a1, 0xf0f1
core   0: 3 0x800001da (0x0f0f15b7) x11 0x0f0f1000
core   0: 0x800001de (0xf0f58593) addi    a1, a1, -241
core   0: 3 0x800001de (0xf0f58593) x11 0x0f0f0f0f
core   0: 0x800001e2 (0x3a259073) csrw    pmpcfg2, a1
core   0: 3 0x800001e2 (0x3a259073) c930_pmpcfg2 0x0f0f0f0f
core   0: 0x800001e6 (0x00003597) auipc   a1, 0x3
core   0: 3 0x800001e6 (0x00003597) x11 0x800031e6
core   0: 0x800001ea (0x04e58593) addi    a1, a1, 78
core   0: 3 0x800001ea (0x04e58593) x11 0x80003234
core   0: 0x800001ee (0xccccd637) lui     a2, 0xccccd
core   0: 3 0x800001ee (0xccccd637) x12 0xccccd000
core   0: 0x800001f2 (0xccc60613) addi    a2, a2, -820
core   0: 3 0x800001f2 (0xccc60613) x12 0xcccccccc
core   0: 0x800001f6 (0x000095b2) c.add   a1, a2
core   0: 3 0x800001f6 (0x95b2) x11 0x4cccff00
core   0: 0x800001f8 (0x00008189) c.srli  a1, 2
core   0: 3 0x800001f8 (0x8189) x11 0x13333fc0
core   0: 0x800001fa (0x3bc59073) csrw    pmpaddr12, a1
core   0: 3 0x800001fa (0x3bc59073) c956_pmpaddr12 0x13333fc0
core   0: 0x800001fe (0x00003597) auipc   a1, 0x3
core   0: 3 0x800001fe (0x00003597) x11 0x800031fe
core   0: 0x80000202 (0x03658593) addi    a1, a1, 54
core   0: 3 0x80000202 (0x03658593) x11 0x80003234
core   0: 0x80000206 (0xdddde637) lui     a2, 0xdddde
core   0: 3 0x80000206 (0xdddde637) x12 0xdddde000
core   0: 0x8000020a (0xddd60613) addi    a2, a2, -547
core   0: 3 0x8000020a (0xddd60613) x12 0xdddddddd
core   0: 0x8000020e (0x000095b2) c.add   a1, a2
core   0: 3 0x8000020e (0x95b2) x11 0x5dde1011
core   0: 0x80000210 (0x00008189) c.srli  a1, 2
core   0: 3 0x80000210 (0x8189) x11 0x17778404
core   0: 0x80000212 (0x3bd59073) csrw    pmpaddr13, a1
core   0: 3 0x80000212 (0x3bd59073) c957_pmpaddr13 0x17778404
core   0: 0x80000216 (0x00003597) auipc   a1, 0x3
core   0: 3 0x80000216 (0x00003597) x11 0x80003216
core   0: 0x8000021a (0x01e58593) addi    a1, a1, 30
core   0: 3 0x8000021a (0x01e58593) x11 0x80003234
core   0: 0x8000021e (0xeeeef637) lui     a2, 0xeeeef
core   0: 3 0x8000021e (0xeeeef637) x12 0xeeeef000
core   0: 0x80000222 (0xeee60613) addi    a2, a2, -274
core   0: 3 0x80000222 (0xeee60613) x12 0xeeeeeeee
core   0: 0x80000226 (0x000095b2) c.add   a1, a2
core   0: 3 0x80000226 (0x95b2) x11 0x6eef2122
core   0: 0x80000228 (0x00008189) c.srli  a1, 2
core   0: 3 0x80000228 (0x8189) x11 0x1bbbc848
core   0: 0x8000022a (0x3be59073) csrw    pmpaddr14, a1
core   0: 3 0x8000022a (0x3be59073) c958_pmpaddr14 0x1bbbc848
core   0: 0x8000022e (0x00003597) auipc   a1, 0x3
core   0: 3 0x8000022e (0x00003597) x11 0x8000322e
core   0: 0x80000232 (0x00658593) addi    a1, a1, 6
core   0: 3 0x80000232 (0x00658593) x11 0x80003234
core   0: 0x80000236 (0xfff00613) li      a2, -1
core   0: 3 0x80000236 (0xfff00613) x12 0xffffffff
core   0: 0x8000023a (0x000095b2) c.add   a1, a2
core   0: 3 0x8000023a (0x95b2) x11 0x80003233
core   0: 0x8000023c (0x00008189) c.srli  a1, 2
core   0: 3 0x8000023c (0x8189) x11 0x20000c8c
core   0: 0x8000023e (0x3bf59073) csrw    pmpaddr15, a1
core   0: 3 0x8000023e (0x3bf59073) c959_pmpaddr15 0x20000c8c
core   0: 0x80000242 (0x0f0f15b7) lui     a1, 0xf0f1
core   0: 3 0x80000242 (0x0f0f15b7) x11 0x0f0f1000
core   0: 0x80000246 (0xf0f58593) addi    a1, a1, -241
core   0: 3 0x80000246 (0xf0f58593) x11 0x0f0f0f0f
core   0: 0x8000024a (0x3a359073) csrw    pmpcfg3, a1
core   0: 3 0x8000024a (0x3a359073) c931_pmpcfg3 0x0f0f0f0f
core   0: 0x8000024e (0x00000617) auipc   a2, 0x0
core   0: 3 0x8000024e (0x00000617) x12 0x8000024e
core   0: 0x80000252 (0x06060613) addi    a2, a2, 96
core   0: 3 0x80000252 (0x06060613) x12 0x800002ae
core   0: 0x80000256 (0x34161073) csrw    mepc, a2
core   0: 3 0x80000256 (0x34161073) c833_mepc 0x800002ae
core   0: 0x8000025a (0x7c00d073) csrwi   cpuctrlsts, 1
core   0: 3 0x8000025a (0x7c00d073) c1984_cpuctrlsts 0x00000101
core   0: 0x8000025e (0x00004601) c.li    a2, 0
core   0: 3 0x8000025e (0x4601) x12 0x00000000
core   0: 0x80000260 (0x30061073) csrw    mstatus, a2
core   0: 3 0x80000260 (0x30061073) c768_mstatus 0x00000000
core   0: 0x80000264 (0x00004601) c.li    a2, 0
core   0: 3 0x80000264 (0x4601) x12 0x00000000
core   0: 0x80000266 (0x30461073) csrw    mie, a2
core   0: 3 0x80000266 (0x30461073) c772_mie 0x00000000
core   0: 0x8000026a (0x90000d37) lui     s10, 0x90000
core   0: 3 0x8000026a (0x90000d37) x26 0x90000000
core   0: 0x8000026e (0x00001d71) c.addi  s10, -4
core   0: 3 0x8000026e (0x1d71) x26 0x8ffffffc
core   0: 0x80000270 (0x90000d37) lui     s10, 0x90000
core   0: 3 0x80000270 (0x90000d37) x26 0x90000000
core   0: 0x80000274 (0x00001d71) c.addi  s10, -4
core   0: 3 0x80000274 (0x1d71) x26 0x8ffffffc
core   0: 0x80000276 (0x90000d37) lui     s10, 0x90000
core   0: 3 0x80000276 (0x90000d37) x26 0x90000000
core   0: 0x8000027a (0x00001d71) c.addi  s10, -4
core   0: 3 0x8000027a (0x1d71) x26 0x8ffffffc
core   0: 0x8000027c (0x30000613) li      a2, 768
core   0: 3 0x8000027c (0x30000613) x12 0x00000300
core   0: 0x80000280 (0x00000622) c.slli  a2, 8
core   0: 3 0x80000280 (0x0622) x12 0x00030000
core   0: 0x80000282 (0x0000060d) c.addi  a2, 3
core   0: 3 0x80000282 (0x060d) x12 0x00030003
core   0: 0x80000284 (0x00cd2023) sw      a2, 0(s10)
core   0: 3 0x80000284 (0x00cd2023) mem 0x8ffffffc 0x00030003
core   0: 0x80000288 (0x30002673) csrr    a2, mstatus
core   0: 3 0x80000288 (0x30002673) x12 0x00000000
core   0: 0x8000028c (0x00cd2023) sw      a2, 0(s10)
core   0: 3 0x8000028c (0x00cd2023) mem 0x8ffffffc 0x00000000
core   0: 0x80000290 (0x90000d37) lui     s10, 0x90000
core   0: 3 0x80000290 (0x90000d37) x26 0x90000000
core   0: 0x80000294 (0x00001d71) c.addi  s10, -4
core   0: 3 0x80000294 (0x1d71) x26 0x8ffffffc
core   0: 0x80000296 (0x30400613) li      a2, 772
core   0: 3 0x80000296 (0x30400613) x12 0x00000304
core   0: 0x8000029a (0x00000622) c.slli  a2, 8
core   0: 3 0x8000029a (0x0622) x12 0x00030400
core   0: 0x8000029c (0x0000060d) c.addi  a2, 3
core   0: 3 0x8000029c (0x060d) x12 0x00030403
core   0: 0x8000029e (0x00cd2023) sw      a2, 0(s10)
core   0: 3 0x8000029e (0x00cd2023) mem 0x8ffffffc 0x00030403
core   0: 0x800002a2 (0x30402673) csrr    a2, mie
core   0: 3 0x800002a2 (0x30402673) x12 0x00000000
core   0: 0x800002a6 (0x00cd2023) sw      a2, 0(s10)
core   0: 3 0x800002a6 (0x00cd2023) mem 0x8ffffffc 0x00000000
core   0: 0x800002aa (0x30200073) mret
core   0: 3 0x800002aa (0x30200073) c768_mstatus 0x00000080
core   0: 0x800002ae (0x00300013) li      zero, 3
core   0: 0 0x800002ae (0x00300013)
core   0: 0x800002b2 (0x00004099) c.li    ra, 6
core   0: 0 0x800002b2 (0x4099) x1  0x00000006
core   0: 0x800002b4 (0xcf4b5137) lui     sp, 0xcf4b5
core   0: 0 0x800002b4 (0xcf4b5137) x2  0xcf4b5000
core   0: 0x800002b8 (0xe8e10113) addi    sp, sp, -370
core   0: 0 0x800002b8 (0xe8e10113) x2  0xcf4b4e8e
core   0: 0x800002bc (0x00004181) c.li    gp, 0
core   0: 0 0x800002bc (0x4181) x3  0x00000000
core   0: 0x800002be (0xed36d237) lui     tp, 0xed36d
core   0: 0 0x800002be (0xed36d237) x4  0xed36d000
core   0: 0x800002c2 (0x41220213) addi    tp, tp, 1042
core   0: 0 0x800002c2 (0x41220213) x4  0xed36d412
core   0: 0x800002c6 (0x1b5082b7) lui     t0, 0x1b508
core   0: 0 0x800002c6 (0x1b5082b7) x5  0x1b508000
core   0: 0x800002ca (0x9c028293) addi    t0, t0, -1600
core   0: 0 0x800002ca (0x9c028293) x5  0x1b5079c0
core   0: 0x800002ce (0xff61d337) lui     t1, 0xff61d
core   0: 0 0x800002ce (0xff61d337) x6  0xff61d000
core   0: 0x800002d2 (0xcf830313) addi    t1, t1, -776
core   0: 0 0x800002d2 (0xcf830313) x6  0xff61ccf8
core   0: 0x800002d6 (0x800003b7) lui     t2, 0x80000
core   0: 0 0x800002d6 (0x800003b7) x7  0x80000000
core   0: 0x800002da (0xf7434437) lui     s0, 0xf7434
core   0: 0 0x800002da (0xf7434437) x8  0xf7434000
core   0: 0x800002de (0xbf540413) addi    s0, s0, -1035
core   0: 0 0x800002de (0xbf540413) x8  0xf7433bf5
core   0: 0x800002e2 (0x80000537) lui     a0, 0x80000
core   0: 0 0x800002e2 (0x80000537) x10 0x80000000
core   0: 0x800002e6 (0x894eb5b7) lui     a1, 0x894eb
core   0: 0 0x800002e6 (0x894eb5b7) x11 0x894eb000
core   0: 0x800002ea (0xcb458593) addi    a1, a1, -844
core   0: 0 0x800002ea (0xcb458593) x11 0x894eacb4
core   0: 0x800002ee (0x00004615) c.li    a2, 5
core   0: 0 0x800002ee (0x4615) x12 0x00000005
core   0: 0x800002f0 (0xc8c3c6b7) lui     a3, 0xc8c3c
core   0: 0 0x800002f0 (0xc8c3c6b7) x13 0xc8c3c000
core   0: 0x800002f4 (0x5f768693) addi    a3, a3, 1527
core   0: 0 0x800002f4 (0x5f768693) x13 0xc8c3c5f7
core   0: 0x800002f8 (0x00004739) c.li    a4, 14
core   0: 0 0x800002f8 (0x4739) x14 0x0000000e
core   0: 0x800002fa (0x00004795) c.li    a5, 5
core   0: 0 0x800002fa (0x4795) x15 0x00000005
core   0: 0x800002fc (0x00004829) c.li    a6, 10
core   0: 0 0x800002fc (0x4829) x16 0x0000000a
core   0: 0x800002fe (0xf777f8b7) lui     a7, 0xf777f
core   0: 0 0x800002fe (0xf777f8b7) x17 0xf777f000
core   0: 0x80000302 (0x63d88893) addi    a7, a7, 1597
core   0: 0 0x80000302 (0x63d88893) x17 0xf777f63d
core   0: 0x80000306 (0x00004901) c.li    s2, 0
core   0: 0 0x80000306 (0x4901) x18 0x00000000
core   0: 0x80000308 (0xf7f7a9b7) lui     s3, 0xf7f7a
core   0: 0 0x80000308 (0xf7f7a9b7) x19 0xf7f7a000
core   0: 0x8000030c (0x0e598993) addi    s3, s3, 229
core   0: 0 0x8000030c (0x0e598993) x19 0xf7f7a0e5
core   0: 0x80000310 (0xf264ca37) lui     s4, 0xf264c
core   0: 0 0x80000310 (0xf264ca37) x20 0xf264c000
core   0: 0x80000314 (0xecda0a13) addi    s4, s4, -307
core   0: 0 0x80000314 (0xecda0a13) x20 0xf264becd
core   0: 0x80000318 (0x00004a81) c.li    s5, 0
core   0: 0 0x80000318 (0x4a81) x21 0x00000000
core   0: 0x8000031a (0xfc680b37) lui     s6, 0xfc680
core   0: 0 0x8000031a (0xfc680b37) x22 0xfc680000
core   0: 0x8000031e (0x801b0b13) addi    s6, s6, -2047
core   0: 0 0x8000031e (0x801b0b13) x22 0xfc67f801
core   0: 0x80000322 (0x00004b81) c.li    s7, 0
core   0: 0 0x80000322 (0x4b81) x23 0x00000000
core   0: 0x80000324 (0x00004c09) c.li    s8, 2
core   0: 0 0x80000324 (0x4c09) x24 0x00000002
core   0: 0x80000326 (0x81b7fcb7) lui     s9, 0x81b7f
core   0: 0 0x80000326 (0x81b7fcb7) x25 0x81b7f000
core   0: 0x8000032a (0x6bdc8c93) addi    s9, s9, 1725
core   0: 0 0x8000032a (0x6bdc8c93) x25 0x81b7f6bd
core   0: 0x8000032e (0x80000d37) lui     s10, 0x80000
core   0: 0 0x8000032e (0x80000d37) x26 0x80000000
core   0: 0x80000332 (0x00004da5) c.li    s11, 9
core   0: 0 0x80000332 (0x4da5) x27 0x00000009
core   0: 0x80000334 (0x00004e01) c.li    t3, 0
core   0: 0 0x80000334 (0x4e01) x28 0x00000000
core   0: 0x80000336 (0x00004ea9) c.li    t4, 10
core   0: 0 0x80000336 (0x4ea9) x29 0x0000000a
core   0: 0x80000338 (0xfe7effb7) lui     t6, 0xfe7ef
core   0: 0 0x80000338 (0xfe7effb7) x31 0xfe7ef000
core   0: 0x8000033c (0x8c7f8f93) addi    t6, t6, -1849
core   0: 0 0x8000033c (0x8c7f8f93) x31 0xfe7ee8c7
core   0: 0x80000340 (0x0001f497) auipc   s1, 0x1f
core   0: 0 0x80000340 (0x0001f497) x9  0x8001f340
core   0: 0x80000344 (0xb2448493) addi    s1, s1, -1244
core   0: 0 0x80000344 (0xb2448493) x9  0x8001ee64
core   0: 0x80000348 (0x90000d37) lui     s10, 0x90000
core   0: 0 0x80000348 (0x90000d37) x26 0x90000000
core   0: 0x8000034c (0x00001d71) c.addi  s10, -4
core   0: 0 0x8000034c (0x1d71) x26 0x8ffffffc
core   0: 0x8000034e (0x00004601) c.li    a2, 0
core   0: 0 0x8000034e (0x4601) x12 0x00000000
core   0: 0x80000350 (0x00000622) c.slli  a2, 8
core   0: 0 0x80000350 (0x0622) x12 0x00000000
core   0: 0x80000352 (0x00060613) mv      a2, a2
core   0: 0 0x80000352 (0x00060613) x12 0x00000000
core   0: 0x80000356 (0x00cd2023) sw      a2, 0(s10)
core   0: 0 0x80000356 (0x00cd2023) mem 0x8ffffffc 0x00000000
core   0: 0x8000035a (0x6db0206f) j       pc + 0x2eda
core   0: 0 0x8000035a (0x6db0206f)
core   0: 0x80003234 (0x5bfb1837) lui     a6, 0x5bfb1
core   0: 0 0x80003234 (0x5bfb1837) x16 0x5bfb1000
core   0: 0x80003238 (0x00000c97) auipc   s9, 0x0
core   0: 0 0x80003238 (0x00000c97) x25 0x80003238
core   0: 0x8000323c (0x4b2c8c93) addi    s9, s9, 1202
core   0: 0 0x8000323c (0x4b2c8c93) x25 0x800036ea
core   0: 0x80003240 (0x41f6dc13) srai    s8, a3, 31
core   0: 0 0x80003240 (0x41f6dc13) x24 0xffffffff
core   0: 0x80003244 (0x555b4097) auipc   ra, 0x555b4
core   0: 0 0x80003244 (0x555b4097) x1  0xd55b7244
core   0: 0x80003248 (0x00000c89) c.addi  s9, 2
core   0: 0 0x80003248 (0x0c89) x25 0x800036ec
core   0: 0x8000324a (0x00015563) bgez    sp, pc + 10
core   0: 0 0x8000324a (0x00015563)
core   0: 0x8000324e (0x0000100f) fence.i
core   0: 0 0x8000324e (0x0000100f)
core   0: 0x80003252 (0x00000001) c.nop
core   0: 0 0x80003252 (0x0001)
core   0: 0x80003254 (0xffec8767) jalr    a4, s9, -2
core   0: 0 0x80003254 (0xffec8767) x14 0x80003258
core   0: 0x800036ea (0x000affb3) and     t6, s5, zero
core   0: 0 0x800036ea (0x000affb3) x31 0x00000000
core   0: 0x800036ee (0x02d2f3b3) remu    t2, t0, a3
core   0: 0 0x800036ee (0x02d2f3b3) x7  0x1b5079c0
core   0: 0x800036f2 (0xc2da8b13) addi    s6, s5, -979
core   0: 0 0x800036f2 (0xc2da8b13) x22 0xfffffc2d
core   0: 0x800036f6 (0xc7349b37) lui     s6, 0xc7349
core   0: 0 0x800036f6 (0xc7349b37) x22 0xc7349000
core   0: 0x800036fa (0x000014b1) c.addi  s1, -20
core   0: 0 0x800036fa (0x14b1) x9  0x8001ee50
core   0: 0x800036fc (0x001c91b3) sll     gp, s9, ra
core   0: 0 0x800036fc (0x001c91b3) x3  0x00036ec0
core   0: 0x80003700 (0x00006a2d) c.lui   s4, 0xb
core   0: 0 0x80003700 (0x6a2d) x20 0x0000b000
core   0: 0x80003702 (0x03bcc533) div     a0, s9, s11
core   0: 0 0x80003702 (0x03bcc533) x10 0xf1c7228c
core   0: 0x80003706 (0x0000802d) c.srli  s0, 11
core   0: 0 0x80003706 (0x802d) x8  0x001ee867
core   0: 0x80003708 (0x0000c0d8) c.sw    a4, 4(s1)
core   0: 0 0x80003708 (0xc0d8) mem 0x8001ee54 0x80003258
core   0: 0x8000370a (0x0287f833) remu    a6, a5, s0
core   0: 0 0x8000370a (0x0287f833) x16 0x00000005
core   0: 0x8000370e (0x01061233) sll     tp, a2, a6
core   0: 0 0x8000370e (0x01061233) x4  0x00000000
core   0: 0x80003712 (0x0160076f) jal     a4, pc + 0x16
core   0: 0 0x80003712 (0x0160076f) x14 0x80003716
core   0: 0x80003728 (0x0000bffd) c.j     pc - 2
core   0: 0 0x80003728 (0xbffd)
core   0: 0x80003726 (0x00002839) c.jal   pc + 30
core   0: 0 0x80003726 (0x2839) x1  0x80003728
core   0: 0x80003744 (0x00002039) c.jal   pc + 14
core   0: 0 0x80003744 (0x2039) x1  0x80003746
core   0: 0x80003752 (0x0000b7f5) c.j     pc - 20
core   0: 0 0x80003752 (0xb7f5)
core   0: 0x8000373e (0x0000b7f5) c.j     pc - 20
core   0: 0 0x8000373e (0xb7f5)
core   0: 0x8000372a (0x0000bfdd) c.j     pc - 10
core   0: 0 0x8000372a (0xbfdd)
core   0: 0x80003720 (0x0000a02d) c.j     pc + 42
core   0: 0 0x80003720 (0xa02d)
core   0: 0x8000374a (0xfdbffd6f) jal     s10, pc - 0x26
core   0: 0 0x8000374a (0xfdbffd6f) x26 0x8000374e
core   0: 0x80003724 (0x0000202d) c.jal   pc + 42
core   0: 0 0x80003724 (0x202d) x1  0x80003726
core   0: 0x8000374e (0x0080036f) jal     t1, pc + 0x8
core   0: 0 0x8000374e (0x0080036f) x6  0x80003752
core   0: 0x80003756 (0x000037d1) c.jal   pc - 60
core   0: 0 0x80003756 (0x37d1) x1  0x80003758
core   0: 0x8000371a (0x0000a009) c.j     pc + 2
core   0: 0 0x8000371a (0xa009)
core   0: 0x8000371c (0x0000a005) c.j     pc + 32
core   0: 0 0x8000371c (0xa005)
core   0: 0x8000373c (0x000037dd) c.jal   pc - 26
core   0: 0 0x8000373c (0x37dd) x1  0x8000373e
core   0: 0x80003722 (0x0000bfd5) c.j     pc - 12
core   0: 0 0x80003722 (0xbfd5)
core   0: 0x80003716 (0x0000a805) c.j     pc + 48
core   0: 0 0x80003716 (0xa805)
core   0: 0x80003746 (0xfe7ffbef) jal     s7, pc - 0x1a
core   0: 0 0x80003746 (0xfe7ffbef) x23 0x8000374a
core   0: 0x8000372c (0x028008ef) jal     a7, pc + 0x28
core   0: 0 0x8000372c (0x028008ef) x17 0x80003730
core   0: 0x80003754 (0x0000b7c5) c.j     pc - 32
core   0: 0 0x80003754 (0xb7c5)
core   0: 0x80003734 (0x00e008ef) jal     a7, pc + 0xe
core   0: 0 0x80003734 (0x00e008ef) x17 0x80003738
core   0: 0x80003742 (0x00003ff1) c.jal   pc - 36
core   0: 0 0x80003742 (0x3ff1) x1  0x80003744
core   0: 0x8000371e (0x00002829) c.jal   pc + 26
core   0: 0 0x8000371e (0x2829) x1  0x80003720
core   0: 0x80003738 (0x0000a021) c.j     pc + 8
core   0: 0 0x80003738 (0xa021)
core   0: 0x80003740 (0x0000bfe1) c.j     pc - 40
core   0: 0 0x80003740 (0xbfe1)
core   0: 0x80003718 (0x00002821) c.jal   pc + 24
core   0: 0 0x80003718 (0x2821) x1  0x8000371a
core   0: 0x80003730 (0x00a000ef) jal     pc + 0xa
core   0: 0 0x80003730 (0x00a000ef) x1  0x80003734
core   0: 0x8000373a (0x00002839) c.jal   pc + 30
core   0: 0 0x8000373a (0x2839) x1  0x8000373c
core   0: 0x80003758 (0x40288c33) sub     s8, a7, sp
core   0: 0 0x80003758 (0x40288c33) x24 0xb0b4e8aa
core   0: 0x8000375c (0x01daa133) slt     sp, s5, t4
core   0: 0 0x8000375c (0x01daa133) x2  0x00000001
core   0: 0x80003760 (0x028b52b3) divu    t0, s6, s0
core   0: 0 0x80003760 (0x028b52b3) x5  0x00000671
core   0: 0x80003764 (0x00009ff6) c.add   t6, t4
core   0: 0 0x80003764 (0x9ff6) x31 0x0000000a
core   0: 0x80003766 (0xde248113) addi    sp, s1, -542
core   0: 0 0x80003766 (0xde248113) x2  0x8001ec32
core   0: 0x8000376a (0xca508fb7) lui     t6, 0xca508
core   0: 0 0x8000376a (0xca508fb7) x31 0xca508000
core   0: 0x8000376e (0x0000eb91) c.bnez  a5, pc + 20
core   0: 0 0x8000376e (0xeb91)
core   0: 0x80003782 (0x00008295) c.srli  a3, 5
core   0: 0 0x80003782 (0x8295) x13 0x06461e2f
core   0: 0x80003784 (0x01d83c33) sltu    s8, a6, t4
core   0: 0 0x80003784 (0x01d83c33) x24 0x00000001
core   0: 0x80003788 (0x0ff0000f) fence   iorw,iorw
core   0: 0 0x80003788 (0x0ff0000f)
core   0: 0x8000378c (0x03d16363) bltu    sp, t4, pc + 38
core   0: 0 0x8000378c (0x03d16363)
core   0: 0x80003790 (0x0000808a) c.mv    ra, sp
core   0: 0 0x80003790 (0x808a) x1  0x8001ec32
core   0: 0x80003792 (0x016c6cb3) or      s9, s8, s6
core   0: 0 0x80003792 (0x016c6cb3) x25 0xc7349001
core   0: 0x80003796 (0x007e4e33) xor     t3, t3, t2
core   0: 0 0x80003796 (0x007e4e33) x28 0x1b5079c0
core   0: 0x8000379a (0x00008d9e) c.mv    s11, t2
core   0: 0 0x8000379a (0x8d9e) x27 0x1b5079c0
core   0: 0x8000379c (0x00f19c13) slli    s8, gp, 15
core   0: 0 0x8000379c (0x00f19c13) x24 0xb7600000
core   0: 0x800037a0 (0x0000100f) fence.i
core   0: 0 0x800037a0 (0x0000100f)
core   0: 0x800037a4 (0x03908733) mul     a4, ra, s9
core   0: 0 0x800037a4 (0x03908733) x14 0x6d060c32
core   0: 0x800037a8 (0xdd8c10b7) lui     ra, 0xdd8c1
core   0: 0 0x800037a8 (0xdd8c10b7) x1  0xdd8c1000
core   0: 0x800037ac (0x00008f0d) c.sub   a4, a1
core   0: 0 0x800037ac (0x8f0d) x14 0xe3b75f7e
core   0: 0x800037ae (0x00d2e033) or      zero, t0, a3
core   0: 0 0x800037ae (0x00d2e033)
core   0: 0x800037b2 (0x0000ea1d) c.bnez  a2, pc + 54
core   0: 0 0x800037b2 (0xea1d)
core   0: 0x800037b4 (0x00c1fc63) bgeu    gp, a2, pc + 24
core   0: 0 0x800037b4 (0x00c1fc63)
core   0: 0x800037cc (0x00000ef6) c.slli  t4, 29
core   0: 0 0x800037cc (0x0ef6) x29 0x40000000
core   0: 0x800037ce (0xb7200393) li      t2, -1166
core   0: 0 0x800037ce (0xb7200393) x7  0xfffffb72
core   0: 0x800037d2 (0x00008299) c.srli  a3, 6
core   0: 0 0x800037d2 (0x8299) x13 0x00191878
core   0: 0x800037d4 (0x40b05cb3) sra     s9, zero, a1
core   0: 0 0x800037d4 (0x40b05cb3) x25 0x00000000
core   0: 0x800037d8 (0x03a59bb3) mulh    s7, a1, s10
core   0: 0 0x800037d8 (0x03a59bb3) x23 0x3b589001
core   0: 0x800037dc (0x00ec6463) bltu    s8, a4, pc + 8
core   0: 0 0x800037dc (0x00ec6463)
core   0: 0x800037e4 (0x027cdb33) divu    s6, s9, t2
core   0: 0 0x800037e4 (0x027cdb33) x22 0x00000000
core   0: 0x800037e8 (0x015eba33) sltu    s4, t4, s5
core   0: 0 0x800037e8 (0x015eba33) x20 0x00000000
core   0: 0x800037ec (0x000083f5) c.srli  a5, 29
core   0: 0 0x800037ec (0x83f5) x15 0x00000000
core   0: 0x800037ee (0x00008d75) c.and   a0, a3
core   0: 0 0x800037ee (0x8d75) x10 0x00010008
core   0: 0x800037f0 (0xca668d13) addi    s10, a3, -858
core   0: 0 0x800037f0 (0xca668d13) x26 0x0019151e
core   0: 0x800037f4 (0x0000100f) fence.i
core   0: 0 0x800037f4 (0x0000100f)
core   0: 0x800037f8 (0x013d0663) beq     s10, s3, pc + 12
core   0: 0 0x800037f8 (0x013d0663)
core   0: 0x800037fc (0x033efab3) remu    s5, t4, s3
core   0: 0 0x800037fc (0x033efab3) x21 0x40000000
core   0: 0x80003800 (0x018cda13) srli    s4, s9, 24
core   0: 0 0x80003800 (0x018cda13) x20 0x00000000
core   0: 0x80003804 (0x2df98213) addi    tp, s3, 735
core   0: 0 0x80003804 (0x2df98213) x4  0xf7f7a3c4
core   0: 0x80003808 (0x00009356) c.add   t1, s5
core   0: 0 0x80003808 (0x9356) x6  0xc0003752
core   0: 0x8000380a (0x29d78c37) lui     s8, 0x29d78
core   0: 0 0x8000380a (0x29d78c37) x24 0x29d78000
core   0: 0x8000380e (0x622d7513) andi    a0, s10, 1570
core   0: 0 0x8000380e (0x622d7513) x10 0x00000402
core   0: 0x80003812 (0x9b4ce817) auipc   a6, 0x9b4ce
core   0: 0 0x80003812 (0x9b4ce817) x16 0x1b4d1812
core   0: 0x80003816 (0x0110feb3) and     t4, ra, a7
core   0: 0 0x80003816 (0x0110feb3) x29 0x80001000
core   0: 0x8000381a (0x00008c75) c.and   s0, a3
core   0: 0 0x8000381a (0x8c75) x8  0x00180860
core   0: 0x8000381c (0x00331113) slli    sp, t1, 3
core   0: 0 0x8000381c (0x00331113) x2  0x0001ba90
core   0: 0x80003820 (0x025817b3) mulh    a5, a6, t0
core   0: 0 0x80003820 (0x025817b3) x15 0x000000af
core   0: 0x80003824 (0x00c01533) sll     a0, zero, a2
core   0: 0 0x80003824 (0x00c01533) x10 0x00000000
core   0: 0x80003828 (0x004dfcb3) and     s9, s11, tp
core   0: 0 0x80003828 (0x004dfcb3) x25 0x135021c0
core   0: 0x8000382c (0x02e4fc63) bgeu    s1, a4, pc + 56
core   0: 0 0x8000382c (0x02e4fc63)
core   0: 0x80003830 (0x03d16133) rem     sp, sp, t4
core   0: 0 0x80003830 (0x03d16133) x2  0x0001ba90
core   0: 0x80003834 (0x00004109) c.li    sp, 2
core   0: 0 0x80003834 (0x4109) x2  0x00000002
core   0: 0x80003836 (0x00000001) c.nop
core   0: 0 0x80003836 (0x0001)
core   0: 0x80003838 (0x00009a92) c.add   s5, tp
core   0: 0 0x80003838 (0x9a92) x21 0x37f7a3c4
core   0: 0x8000383a (0x01e19ab3) sll     s5, gp, t5
core   0: 0 0x8000383a (0x01e19ab3) x21 0x0036ec00
core   0: 0x8000383e (0x00000001) c.nop
core   0: 0 0x8000383e (0x0001)
core   0: 0x80003840 (0x01996693) ori     a3, s2, 25
core   0: 0 0x80003840 (0x01996693) x13 0x00000019
core   0: 0x80003844 (0x0324c3b3) div     t2, s1, s2
core   0: 0 0x80003844 (0x0324c3b3) x7  0xffffffff
core   0: 0x80003848 (0x00009fae) c.add   t6, a1
core   0: 0 0x80003848 (0x9fae) x31 0x539f2cb4
core   0: 0x8000384a (0x0d313313) sltiu   t1, sp, 211
core   0: 0 0x8000384a (0x0d313313) x6  0x00000001
core   0: 0x8000384e (0x257dc713) xori    a4, s11, 599
core   0: 0 0x8000384e (0x257dc713) x14 0x1b507b97
core   0: 0x80003852 (0xe9416217) auipc   tp, 0xe9416
core   0: 0 0x80003852 (0xe9416217) x4  0x69419852
core   0: 0x80003856 (0xdc777817) auipc   a6, 0xdc777
core   0: 0 0x80003856 (0xdc777817) x16 0x5c77a856
core   0: 0x8000385a (0x40085cb3) sra     s9, a6, zero
core   0: 0 0x8000385a (0x40085cb3) x25 0x5c77a856
core   0: 0x8000385e (0x0000c509) c.beqz  a0, pc + 10
core   0: 0 0x8000385e (0xc509)
core   0: 0x80003868 (0x00008edd) c.or    a3, a5
core   0: 0 0x80003868 (0x8edd) x13 0x000000bf
core   0: 0x8000386a (0x0000837e) c.mv    t1, t6
core   0: 0 0x8000386a (0x837e) x6  0x539f2cb4
core   0: 0x8000386c (0x3db8b913) sltiu   s2, a7, 987
core   0: 0 0x8000386c (0x3db8b913) x18 0x00000000
core   0: 0x80003870 (0x00009a92) c.add   s5, tp
core   0: 0 0x80003870 (0x9a92) x21 0x69788452
core   0: 0x80003872 (0x0ff0000f) fence   iorw,iorw
core   0: 0 0x80003872 (0x0ff0000f)
core   0: 0x80003876 (0x000040d8) c.lw    a4, 4(s1)
core   0: 0 0x80003876 (0x40d8) x14 0x80003258 mem 0x8001ee54
core   0: 0x80003878 (0x000004d1) c.addi  s1, 20
core   0: 0 0x80003878 (0x04d1) x9  0x8001ee64
core   0: 0x8000387a (0x0386dfb3) divu    t6, a3, s8
core   0: 0 0x8000387a (0x0386dfb3) x31 0x00000000
core   0: 0x8000387e (0x000080f2) c.mv    ra, t3
core   0: 0 0x8000387e (0x80f2) x1  0x1b5079c0
core   0: 0x80003880 (0xdc4fca93) xori    s5, t6, -572
core   0: 0 0x80003880 (0xdc4fca93) x21 0xfffffdc4
core   0: 0x80003884 (0x00170213) addi    tp, a4, 1
core   0: 0 0x80003884 (0x00170213) x4  0x80003259
core   0: 0x80003888 (0x00009202) c.jalr  tp
core   0: 0 0x80003888 (0x9202) x1  0x8000388a
core   0: 0x80003258 (0x00004a5d) c.li    s4, 23
core   0: 0 0x80003258 (0x4a5d) x20 0x00000017
core   0: 0x8000325a (0x0000100f) fence.i
core   0: 0 0x8000325a (0x0000100f)
core   0: 0x8000325e (0x00005c97) auipc   s9, 0x5
core   0: 0 0x8000325e (0x00005c97) x25 0x8000825e
core   0: 0x80003262 (0x6f8c8c93) addi    s9, s9, 1784
core   0: 0 0x80003262 (0x6f8c8c93) x25 0x80008956
core   0: 0x80003266 (0x03c903b3) mul     t2, s2, t3
core   0: 0 0x80003266 (0x03c903b3) x7  0x00000000
core   0: 0x8000326a (0x00000001) c.nop
core   0: 0 0x8000326a (0x0001)
core   0: 0x8000326c (0x61e3c293) xori    t0, t2, 1566
core   0: 0 0x8000326c (0x61e3c293) x5  0x0000061e
core   0: 0x80003270 (0x00000001) c.nop
core   0: 0 0x80003270 (0x0001)
core   0: 0x80003272 (0x0e2c8c93) addi    s9, s9, 226
core   0: 0 0x80003272 (0x0e2c8c93) x25 0x80008a38
core   0: 0x80003276 (0x0ff0000f) fence   iorw,iorw
core   0: 0 0x80003276 (0x0ff0000f)
core   0: 0x8000327a (0x000081ae) c.mv    gp, a1
core   0: 0 0x8000327a (0x81ae) x3  0x894eacb4
core   0: 0x8000327c (0xf1ec8767) jalr    a4, s9, -226
core   0: 0 0x8000327c (0xf1ec8767) x14 0x80003280
core   0: 0x80008956 (0x0000c291) c.beqz  a3, pc + 4
core   0: 0 0x80008956 (0xc291)
core   0: 0x80008958 (0x00008c45) c.or    s0, s1
core   0: 0 0x80008958 (0x8c45) x8  0x8019ee64
core   0: 0x8000895a (0xfc848493) addi    s1, s1, -56
core   0: 0 0x8000895a (0xfc848493) x9  0x8001ee2c
core   0: 0x8000895e (0x009dfc33) and     s8, s11, s1
core   0: 0 0x8000895e (0x009dfc33) x24 0x00006800
core   0: 0x80008962 (0xa36eb437) lui     s0, 0xa36eb
core   0: 0 0x80008962 (0xa36eb437) x8  0xa36eb000
core   0: 0x80008966 (0x0000c0d8) c.sw    a4, 4(s1)
core   0: 0 0x80008966 (0xc0d8) mem 0x8001ee30 0x80003280
core   0: 0x80008968 (0x024a2c33) mulhsu  s8, s4, tp
core   0: 0 0x80008968 (0x024a2c33) x24 0x0000000b
core   0: 0x8000896c (0x0260076f) jal     a4, pc + 0x26
core   0: 0 0x8000896c (0x0260076f) x14 0x80008970
core   0: 0x80008992 (0xffdff36f) jal     t1, pc - 0x4
core   0: 0 0x80008992 (0xffdff36f) x6  0x80008996
core   0: 0x8000898e (0x00003fed) c.jal   pc - 6
core   0: 0 0x8000898e (0x3fed) x1  0x80008990
core   0: 0x80008988 (0x01a000ef) jal     pc + 0x1a
core   0: 0 0x80008988 (0x01a000ef) x1  0x8000898c
core   0: 0x800089a2 (0x0000bfdd) c.j     pc - 10
core   0: 0 0x800089a2 (0xbfdd)
core   0: 0x80008998 (0x00002031) c.jal   pc + 12
core   0: 0 0x80008998 (0x2031) x1  0x8000899a
core   0: 0x800089a4 (0xfe1ff0ef) jal     pc - 0x20
core   0: 0 0x800089a4 (0xfe1ff0ef) x1  0x800089a8
core   0: 0x80008984 (0xff9ff0ef) jal     pc - 0x8
core   0: 0 0x80008984 (0xff9ff0ef) x1  0x80008988
core   0: 0x8000897c (0x00002035) c.jal   pc + 44
core   0: 0 0x8000897c (0x2035) x1  0x8000897e
core   0: 0x800089a8 (0x00003fcd) c.jal   pc - 14
core   0: 0 0x800089a8 (0x3fcd) x1  0x800089aa
core   0: 0x8000899a (0xfdfff36f) jal     t1, pc - 0x22
core   0: 0 0x8000899a (0xfdfff36f) x6  0x8000899e
core   0: 0x80008978 (0x00002821) c.jal   pc + 24
core   0: 0 0x80008978 (0x2821) x1  0x8000897a
core   0: 0x80008990 (0x000037cd) c.jal   pc - 30
core   0: 0 0x80008990 (0x37cd) x1  0x80008992
core   0: 0x80008972 (0x02c000ef) jal     pc + 0x2c
core   0: 0 0x80008972 (0x02c000ef) x1  0x80008976
core   0: 0x8000899e (0xfd9ff0ef) jal     pc - 0x28
core   0: 0 0x8000899e (0xfd9ff0ef) x1  0x800089a2
core   0: 0x80008976 (0x0000a819) c.j     pc + 22
core   0: 0 0x80008976 (0xa819)
core   0: 0x8000898c (0x0000b7d5) c.j     pc - 28
core   0: 0 0x8000898c (0xb7d5)
core   0: 0x80008970 (0x00002029) c.jal   pc + 10
core   0: 0 0x80008970 (0x2029) x1  0x80008972
core   0: 0x8000897a (0x0000a831) c.j     pc + 28
core   0: 0 0x8000897a (0xa831)
core   0: 0x80008996 (0x0000b7e5) c.j     pc - 24
core   0: 0 0x80008996 (0xb7e5)
core   0: 0x8000897e (0x00002009) c.jal   pc + 2
core   0: 0 0x8000897e (0x2009) x1  0x80008980
core   0: 0x80008980 (0x02a000ef) jal     pc + 0x2a
core   0: 0 0x80008980 (0x02a000ef) x1  0x80008984
core   0: 0x800089aa (0x015af333) and     t1, s5, s5
core   0: 0 0x800089aa (0x015af333) x6  0xfffffdc4
core   0: 0x800089ae (0x00008e15) c.sub   a2, a3
core   0: 0 0x800089ae (0x8e15) x12 0xffffff41
core   0: 0x800089b0 (0x0000100f) fence.i
core   0: 0 0x800089b0 (0x0000100f)
core   0: 0x800089b4 (0x00001c1c) c.addi4spn a5, sp, 560
core   0: 0 0x800089b4 (0x1c1c) x15 0x00000232
core   0: 0x800089b6 (0xa772bb93) sltiu   s7, t0, -1417
core   0: 0 0x800089b6 (0xa772bb93) x23 0x00000001
core   0: 0x800089ba (0x00008b1d) c.andi  a4, 7
core   0: 0 0x800089ba (0x8b1d) x14 0x00000000
core   0: 0x800089bc (0x02c15863) bge     sp, a2, pc + 48
core   0: 0 0x800089bc (0x02c15863)
core   0: 0x800089ec (0x0ff0000f) fence   iorw,iorw
core   0: 0 0x800089ec (0x0ff0000f)
core   0: 0x800089f0 (0x00008d3d) c.xor   a0, a5
core   0: 0 0x800089f0 (0x8d3d) x10 0x00000232
core   0: 0x800089f2 (0x03d8c233) div     tp, a7, t4
core   0: 0 0x800089f2 (0x03d8c233) x4  0x00000000
core   0: 0x800089f6 (0x02503b33) mulhu   s6, zero, t0
core   0: 0 0x800089f6 (0x02503b33) x22 0x00000000
core   0: 0x800089fa (0x00057463) bgeu    a0, zero, pc + 8
core   0: 0 0x800089fa (0x00057463)
core   0: 0x80008a02 (0x0000e511) c.bnez  a0, pc + 12
core   0: 0 0x80008a02 (0xe511)
core   0: 0x80008a0e (0x00000001) c.nop
core   0: 0 0x80008a0e (0x0001)
core   0: 0x80008a10 (0x019857b3) srl     a5, a6, s9
core   0: 0 0x80008a10 (0x019857b3) x15 0x0000005c
core   0: 0x80008a14 (0x00867a63) bgeu    a2, s0, pc + 20
core   0: 0 0x80008a14 (0x00867a63)
core   0: 0x80008a28 (0x00008c6d) c.and   s0, a1
core   0: 0 0x80008a28 (0x8c6d) x8  0x814ea000
core   0: 0x80008a2a (0x01f3dc13) srli    s8, t2, 31
core   0: 0 0x80008a2a (0x01f3dc13) x24 0x00000000
core   0: 0x80008a2e (0x00008ed5) c.or    a3, a3
core   0: 0 0x80008a2e (0x8ed5) x13 0x000000bf
core   0: 0x80008a30 (0x00008d19) c.sub   a0, a4
core   0: 0 0x80008a30 (0x8d19) x10 0x00000232
core   0: 0x80008a32 (0x07ae1563) bne     t3, s10, pc + 106
core   0: 0 0x80008a32 (0x07ae1563)
core   0: 0x80008a9c (0x0299fab3) remu    s5, s3, s1
core   0: 0 0x80008a9c (0x0299fab3) x21 0x77f5b2b9
core   0: 0x80008aa0 (0x0000889a) c.mv    a7, t1
core   0: 0 0x80008aa0 (0x889a) x17 0xfffffdc4
core   0: 0x80008aa2 (0x00008edd) c.or    a3, a5
core   0: 0 0x80008aa2 (0x8edd) x13 0x000000ff
core   0: 0x80008aa4 (0x4169dd93) srai    s11, s3, 22
core   0: 0 0x80008aa4 (0x4169dd93) x27 0xffffffdf
core   0: 0x80008aa8 (0x00edd1b3) srl     gp, s11, a4
core   0: 0 0x80008aa8 (0x00edd1b3) x3  0xffffffdf
core   0: 0x80008aac (0x0000100f) fence.i
core   0: 0 0x80008aac (0x0000100f)
core   0: 0x80008ab0 (0x00000001) c.nop
core   0: 0 0x80008ab0 (0x0001)
core   0: 0x80008ab2 (0x00102333) slt     t1, zero, ra
core   0: 0 0x80008ab2 (0x00102333) x6  0x00000000
core   0: 0x80008ab6 (0x017a5433) srl     s0, s4, s7
core   0: 0 0x80008ab6 (0x017a5433) x8  0x0000000b
core   0: 0x80008aba (0x40d35113) srai    sp, t1, 13
core   0: 0 0x80008aba (0x40d35113) x2  0x00000000
core   0: 0x80008abe (0x00da1313) slli    t1, s4, 13
core   0: 0 0x80008abe (0x00da1313) x6  0x0002e000
core   0: 0x80008ac2 (0x00001980) c.addi4spn s0, sp, 240
core   0: 0 0x80008ac2 (0x1980) x8  0x000000f0
core   0: 0x80008ac4 (0x00bc6cb3) or      s9, s8, a1
core   0: 0 0x80008ac4 (0x00bc6cb3) x25 0x894eacb4
core   0: 0x80008ac8 (0x03e6cc33) div     s8, a3, t5
core   0: 0 0x80008ac8 (0x03e6cc33) x24 0x00000000
core   0: 0x80008acc (0x000082d5) c.srli  a3, 21
core   0: 0 0x80008acc (0x82d5) x13 0x00000000
core   0: 0x80008ace (0x00000dfd) c.addi  s11, 31
core   0: 0 0x80008ace (0x0dfd) x27 0xfffffffe
core   0: 0x80008ad0 (0x000082be) c.mv    t0, a5
core   0: 0 0x80008ad0 (0x82be) x5  0x0000005c
core   0: 0x80008ad2 (0x123c2513) slti    a0, s8, 291
core   0: 0 0x80008ad2 (0x123c2513) x10 0x00000001
core   0: 0x80008ad6 (0x02aa8463) beq     s5, a0, pc + 40
core   0: 0 0x80008ad6 (0x02aa8463)
core   0: 0x80008ada (0x40b45033) sra     zero, s0, a1
core   0: 0 0x80008ada (0x40b45033)
core   0: 0x80008ade (0x40835413) srai    s0, t1, 8
core   0: 0 0x80008ade (0x40835413) x8  0x000002e0
core   0: 0x80008ae2 (0x021d5733) divu    a4, s10, ra
core   0: 0 0x80008ae2 (0x021d5733) x14 0x00000000
core   0: 0x80008ae6 (0x01d5ce33) xor     t3, a1, t4
core   0: 0 0x80008ae6 (0x01d5ce33) x28 0x094ebcb4
core   0: 0x80008aea (0xe6d43b13) sltiu   s6, s0, -403
core   0: 0 0x80008aea (0xe6d43b13) x22 0x00000001
core   0: 0x80008aee (0x0000925e) c.add   tp, s7
core   0: 0 0x80008aee (0x925e) x4  0x00000001
core   0: 0x80008af0 (0x00008e5d) c.or    a2, a5
core   0: 0 0x80008af0 (0x8e5d) x12 0xffffff5d
core   0: 0x80008af2 (0x0351fbb3) remu    s7, gp, s5
core   0: 0 0x80008af2 (0x0351fbb3) x23 0x10149a6d
core   0: 0x80008af6 (0xfbd18b13) addi    s6, gp, -67
core   0: 0 0x80008af6 (0xfbd18b13) x22 0xffffff9c
core   0: 0x80008afa (0x00005e7d) c.li    t3, -1
core   0: 0 0x80008afa (0x5e7d) x28 0xffffffff
core   0: 0x80008afc (0x00005a7d) c.li    s4, -1
core   0: 0 0x80008afc (0x5a7d) x20 0xffffffff
core   0: 0x80008afe (0x00000894) c.addi4spn a3, sp, 80
core   0: 0 0x80008afe (0x0894) x13 0x00000050
core   0: 0x80008b00 (0x0ff0000f) fence   iorw,iorw
core   0: 0 0x80008b00 (0x0ff0000f)
core   0: 0x80008b04 (0x01925733) srl     a4, tp, s9
core   0: 0 0x80008b04 (0x01925733) x14 0x00000000
core   0: 0x80008b08 (0x01d9fc63) bgeu    s3, t4, pc + 24
core   0: 0 0x80008b08 (0x01d9fc63)
core   0: 0x80008b20 (0x00008e0d) c.sub   a2, a1
core   0: 0 0x80008b20 (0x8e0d) x12 0x76b152a9
core   0: 0x80008b22 (0x7b47bd13) sltiu   s10, a5, 1972
core   0: 0 0x80008b22 (0x7b47bd13) x26 0x00000001
core   0: 0x80008b26 (0x00006e0d) c.lui   t3, 0x3
core   0: 0 0x80008b26 (0x6e0d) x28 0x00003000
core   0: 0x80008b28 (0x015422b3) slt     t0, s0, s5
core   0: 0 0x80008b28 (0x015422b3) x5  0x00000001
core   0: 0x80008b2c (0x00008f05) c.sub   a4, s1
core   0: 0 0x80008b2c (0x8f05) x14 0x7ffe11d4
core   0: 0x80008b2e (0x00e08a33) add     s4, ra, a4
core   0: 0 0x80008b2e (0x00e08a33) x20 0xfffe9b58
core   0: 0x80008b32 (0x0000e315) c.bnez  a4, pc + 36
core   0: 0 0x80008b32 (0xe315)
core   0: 0x80008b56 (0x00000001) c.nop
core   0: 0 0x80008b56 (0x0001)
core   0: 0x80008b58 (0x00008e51) c.or    a2, a2
core   0: 0 0x80008b58 (0x8e51) x12 0x76b152a9
core   0: 0x80008b5a (0x00811b13) slli    s6, sp, 8
core   0: 0 0x80008b5a (0x00811b13) x22 0x00000000
core   0: 0x80008b5e (0x00000295) c.addi  t0, 5
core   0: 0 0x80008b5e (0x0295) x5  0x00000006
core   0: 0x80008b60 (0x00c3c3b3) xor     t2, t2, a2
core   0: 0 0x80008b60 (0x00c3c3b3) x7  0x76b152a9
core   0: 0x80008b64 (0x00000001) c.nop
core   0: 0 0x80008b64 (0x0001)
core   0: 0x80008b66 (0x1d7b8893) addi    a7, s7, 471
core   0: 0 0x80008b66 (0x1d7b8893) x17 0x10149c44
core   0: 0x80008b6a (0x0276ce63) blt     a3, t2, pc + 60
core   0: 0 0x80008b6a (0x0276ce63)
core   0: 0x80008ba6 (0x03493233) mulhu   tp, s2, s4
core   0: 0 0x80008ba6 (0x03493233) x4  0x00000000
core   0: 0x80008baa (0x41fe0033) sub     zero, t3, t6
core   0: 0 0x80008baa (0x41fe0033)
core   0: 0x80008bae (0x03632d33) mulhsu  s10, t1, s6
core   0: 0 0x80008bae (0x03632d33) x26 0x00000000
core   0: 0x80008bb2 (0x004e1b93) slli    s7, t3, 4
core   0: 0 0x80008bb2 (0x004e1b93) x23 0x00030000
core   0: 0x80008bb6 (0x014c0463) beq     s8, s4, pc + 8
core   0: 0 0x80008bb6 (0x014c0463)
core   0: 0x80008bba (0x0c5bb993) sltiu   s3, s7, 197
core   0: 0 0x80008bba (0x0c5bb993) x19 0x00000000
core   0: 0x80008bbe (0x009d8363) beq     s11, s1, pc + 6
core   0: 0 0x80008bbe (0x009d8363)
core   0: 0x80008bc2 (0x000062bd) c.lui   t0, 0xf
core   0: 0 0x80008bc2 (0x62bd) x5  0x0000f000
core   0: 0x80008bc4 (0x0000717d) c.addi16sp sp, -16
core   0: 0 0x80008bc4 (0x717d) x2  0xfffffff0
core   0: 0x80008bc6 (0x039cc633) div     a2, s9, s9
core   0: 0 0x80008bc6 (0x039cc633) x12 0x00000001
core   0: 0x80008bca (0x03793833) mulhu   a6, s2, s7
core   0: 0 0x80008bca (0x03793833) x16 0x00000000
core   0: 0x80008bce (0x02f28563) beq     t0, a5, pc + 42
core   0: 0 0x80008bce (0x02f28563)
core   0: 0x80008bd2 (0x000040e1) c.li    ra, 24
core   0: 0 0x80008bd2 (0x40e1) x1  0x00000018
core   0: 0x80008bd4 (0x01b2aab3) slt     s5, t0, s11
core   0: 0 0x80008bd4 (0x01b2aab3) x21 0x00000000
core   0: 0x80008bd8 (0x0122da13) srli    s4, t0, 18
core   0: 0 0x80008bd8 (0x0122da13) x20 0x00000000
core   0: 0x80008bdc (0x10ce8117) auipc   sp, 0x10ce8
core   0: 0 0x80008bdc (0x10ce8117) x2  0x90cf0bdc
core   0: 0x80008be0 (0x00000001) c.nop
core   0: 0 0x80008be0 (0x0001)
core   0: 0x80008be2 (0x00008c3d) c.xor   s0, a5
core   0: 0 0x80008be2 (0x8c3d) x8  0x000002bc
core   0: 0x80008be4 (0x01789cb3) sll     s9, a7, s7
core   0: 0 0x80008be4 (0x01789cb3) x25 0x10149c44
core   0: 0x80008be8 (0x4152dbb3) sra     s7, t0, s5
core   0: 0 0x80008be8 (0x4152dbb3) x23 0x0000f000
core   0: 0x80008bec (0x00009e56) c.add   t3, s5
core   0: 0 0x80008bec (0x9e56) x28 0x00003000
core   0: 0x80008bee (0x00000001) c.nop
core   0: 0 0x80008bee (0x0001)
core   0: 0x80008bf0 (0x00009633) sll     a2, ra, zero
core   0: 0 0x80008bf0 (0x00009633) x12 0x00000018
core   0: 0x80008bf4 (0x8690a613) slti    a2, ra, -1943
core   0: 0 0x80008bf4 (0x8690a613) x12 0x00000000
core   0: 0x80008bf8 (0x0191f333) and     t1, gp, s9
core   0: 0 0x80008bf8 (0x0191f333) x6  0x10149c44
core   0: 0x80008bfc (0x417c58b3) sra     a7, s8, s7
core   0: 0 0x80008bfc (0x417c58b3) x17 0x00000000
core   0: 0x80008c00 (0x00000a10) c.addi4spn a2, sp, 272
core   0: 0 0x80008c00 (0x0a10) x12 0x90cf0cec
core   0: 0x80008c02 (0x02a30363) beq     t1, a0, pc + 38
core   0: 0 0x80008c02 (0x02a30363)
core   0: 0x80008c06 (0x00000001) c.nop
core   0: 0 0x80008c06 (0x0001)
core   0: 0x80008c08 (0x024698b3) mulh    a7, a3, tp
core   0: 0 0x80008c08 (0x024698b3) x17 0x00000000
core   0: 0x80008c0c (0x0000ea99) c.bnez  a3, pc + 22
core   0: 0 0x80008c0c (0xea99)
core   0: 0x80008c22 (0x020c8cb3) mul     s9, s9, zero
core   0: 0 0x80008c22 (0x020c8cb3) x25 0x00000000
core   0: 0x80008c26 (0x0000077a) c.slli  a4, 30
core   0: 0 0x80008c26 (0x077a) x14 0x00000000
core   0: 0x80008c28 (0x00000c00) c.addi4spn s0, sp, 528
core   0: 0 0x80008c28 (0x0c00) x8  0x90cf0dec
core   0: 0x80008c2a (0x972e8993) addi    s3, t4, -1678
core   0: 0 0x80008c2a (0x972e8993) x19 0x80000972
core   0: 0x80008c2e (0x00006345) c.lui   t1, 0x11
core   0: 0 0x80008c2e (0x6345) x6  0x00011000
core   0: 0x80008c30 (0x000088f2) c.mv    a7, t3
core   0: 0 0x80008c30 (0x88f2) x17 0x00003000
core   0: 0x80008c32 (0x0348ca33) div     s4, a7, s4
core   0: 0 0x80008c32 (0x0348ca33) x20 0xffffffff
core   0: 0x80008c36 (0x40df0db3) sub     s11, t5, a3
core   0: 0 0x80008c36 (0x40df0db3) x27 0x80022c94
core   0: 0x80008c3a (0x0000cf01) c.beqz  a4, pc + 24
core   0: 0 0x80008c3a (0xcf01)
core   0: 0x80008c52 (0x021c2233) mulhsu  tp, s8, ra
core   0: 0 0x80008c52 (0x021c2233) x4  0x00000000
core   0: 0x80008c56 (0x0000100f) fence.i
core   0: 0 0x80008c56 (0x0000100f)
core   0: 0x80008c5a (0x00008f39) c.xor   a4, a4
core   0: 0 0x80008c5a (0x8f39) x14 0x00000000
core   0: 0x80008c5c (0x00009c6e) c.add   s8, s11
core   0: 0 0x80008c5c (0x9c6e) x24 0x80022c94
core   0: 0x80008c5e (0x40d28033) sub     zero, t0, a3
core   0: 0 0x80008c5e (0x40d28033)
core   0: 0x80008c62 (0x00001180) c.addi4spn s0, sp, 224
core   0: 0 0x80008c62 (0x1180) x8  0x90cf0cbc
core   0: 0x80008c64 (0x02cb41b3) div     gp, s6, a2
core   0: 0 0x80008c64 (0x02cb41b3) x3  0x00000000
core   0: 0x80008c68 (0x00001218) c.addi4spn a4, sp, 288
core   0: 0 0x80008c68 (0x1218) x14 0x90cf0cfc
core   0: 0x80008c6a (0xed9d6793) ori     a5, s10, -295
core   0: 0 0x80008c6a (0xed9d6793) x15 0xfffffed9
core   0: 0x80008c6e (0x000012fd) c.addi  t0, -1
core   0: 0 0x80008c6e (0x12fd) x5  0x0000efff
core   0: 0x80008c70 (0x000067d5) c.lui   a5, 0x15
core   0: 0 0x80008c70 (0x67d5) x15 0x00015000
core   0: 0x80008c72 (0x67409b17) auipc   s6, 0x67409
core   0: 0 0x80008c72 (0x67409b17) x22 0xe7411c72
core   0: 0x80008c76 (0x000040d8) c.lw    a4, 4(s1)
core   0: 0 0x80008c76 (0x40d8) x14 0x80003280 mem 0x8001ee30
core   0: 0x80008c78 (0x00000001) c.nop
core   0: 0 0x80008c78 (0x0001)
core   0: 0x80008c7a (0x03848493) addi    s1, s1, 56
core   0: 0 0x80008c7a (0x03848493) x9  0x8001ee64
core   0: 0x80008c7e (0x00000d0e) c.slli  s10, 3
core   0: 0 0x80008c7e (0x0d0e) x26 0x00000000
core   0: 0x80008c80 (0x0257dfb3) divu    t6, a5, t0
core   0: 0 0x80008c80 (0x0257dfb3) x31 0x00000001
core   0: 0x80008c84 (0x021437b3) mulhu   a5, s0, ra
core   0: 0 0x80008c84 (0x021437b3) x15 0x0000000d
core   0: 0x80008c88 (0x00000001) c.nop
core   0: 0 0x80008c88 (0x0001)
core   0: 0x80008c8a (0x46ede913) ori     s2, s11, 1134
core   0: 0 0x80008c8a (0x46ede913) x18 0x80022cfe
core   0: 0x80008c8e (0x00170a13) addi    s4, a4, 1
core   0: 0 0x80008c8e (0x00170a13) x20 0x80003281
core   0: 0x80008c92 (0x00008a02) c.jr    s4
core   0: 0 0x80008c92 (0x8a02)
core   0: 0x80003280 (0x00aa99b3) sll     s3, s5, a0
core   0: 0 0x80003280 (0x00aa99b3) x19 0x00000000
core   0: 0x80003284 (0x0273d8b3) divu    a7, t2, t2
core   0: 0 0x80003284 (0x0273d8b3) x17 0x00000001
core   0: 0x80003288 (0xe3c2ee93) ori     t4, t0, -452
core   0: 0 0x80003288 (0xe3c2ee93) x29 0xffffffff
core   0: 0x8000328c (0x00000001) c.nop
core   0: 0 0x8000328c (0x0001)
core   0: 0x8000328e (0x00001717) auipc   a4, 0x1
core   0: 0 0x8000328e (0x00001717) x14 0x8000428e
core   0: 0x80003292 (0xef670713) addi    a4, a4, -266
core   0: 0 0x80003292 (0xef670713) x14 0x80004184
core   0: 0x80003296 (0x00000e08) c.addi4spn a0, sp, 784
core   0: 0 0x80003296 (0x0e08) x10 0x90cf0eec
core   0: 0x80003298 (0x19a70713) addi    a4, a4, 410
core   0: 0 0x80003298 (0x19a70713) x14 0x8000431e
core   0: 0x8000329c (0x01391ab3) sll     s5, s2, s3
core   0: 0 0x8000329c (0x01391ab3) x21 0x80022cfe
core   0: 0x800032a0 (0x02f90db3) mul     s11, s2, a5
core   0: 0 0x800032a0 (0x02f90db3) x27 0x801c48e6
core   0: 0x800032a4 (0xe6770767) jalr    a4, a4, -409
core   0: 0 0x800032a4 (0xe6770767) x14 0x800032a8
core   0: 0x80004184 (0x01a09d13) slli    s10, ra, 26
core   0: 0 0x80004184 (0x01a09d13) x26 0x60000000
core   0: 0x80004188 (0x0000c291) c.beqz  a3, pc + 4
core   0: 0 0x80004188 (0xc291)
core   0: 0x8000418a (0x000087d2) c.mv    a5, s4
core   0: 0 0x8000418a (0x87d2) x15 0x80003281
core   0: 0x8000418c (0xfc848493) addi    s1, s1, -56
core   0: 0 0x8000418c (0xfc848493) x9  0x8001ee2c
core   0: 0x80004190 (0x005e5c33) srl     s8, t3, t0
core   0: 0 0x80004190 (0x005e5c33) x24 0x00000000
core   0: 0x80004194 (0x0000c0d8) c.sw    a4, 4(s1)
core   0: 0 0x80004194 (0xc0d8) mem 0x8001ee30 0x800032a8
core   0: 0x80004196 (0xcc60fd13) andi    s10, ra, -826
core   0: 0 0x80004196 (0xcc60fd13) x26 0x00000000
core   0: 0x8000419a (0x0140076f) jal     a4, pc + 0x14
core   0: 0 0x8000419a (0x0140076f) x14 0x8000419e
core   0: 0x800041ae (0x00003ffd) c.jal   pc - 2
core   0: 0 0x800041ae (0x3ffd) x1  0x800041b0
core   0: 0x800041ac (0x0000bfe5) c.j     pc - 8
core   0: 0 0x800041ac (0xbfe5)
core   0: 0x800041a4 (0x0000a811) c.j     pc + 20
core   0: 0 0x800041a4 (0xa811)
core   0: 0x800041b8 (0x000037dd) c.jal   pc - 26
core   0: 0 0x800041b8 (0x37dd) x1  0x800041ba
core   0: 0x8000419e (0x00a000ef) jal     pc + 0xa
core   0: 0 0x8000419e (0x00a000ef) x1  0x800041a2
core   0: 0x800041a8 (0x00c0036f) jal     t1, pc + 0xc
core   0: 0 0x800041a8 (0x00c0036f) x6  0x800041ac
core   0: 0x800041b4 (0xff3ff0ef) jal     pc - 0xe
core   0: 0 0x800041b4 (0xff3ff0ef) x1  0x800041b8
core   0: 0x800041a6 (0x0000bff5) c.j     pc - 4
core   0: 0 0x800041a6 (0xbff5)
core   0: 0x800041a2 (0x0000a039) c.j     pc + 14
core   0: 0 0x800041a2 (0xa039)
core   0: 0x800041b0 (0x0000a009) c.j     pc + 2
core   0: 0 0x800041b0 (0xa009)
core   0: 0x800041b2 (0x00002021) c.jal   pc + 8
core   0: 0 0x800041b2 (0x2021) x1  0x800041b4
core   0: 0x800041ba (0x00002009) c.jal   pc + 2
core   0: 0 0x800041ba (0x2009) x1  0x800041bc
core   0: 0x800041bc (0x018ec7b3) xor     a5, t4, s8
core   0: 0 0x800041bc (0x018ec7b3) x15 0xffffffff
core   0: 0x800041c0 (0x0060076f) jal     a4, pc + 0x6
core   0: 0 0x800041c0 (0x0060076f) x14 0x800041c4
core   0: 0x800041c6 (0x030000ef) jal     pc + 0x30
core   0: 0 0x800041c6 (0x030000ef) x1  0x800041ca
core   0: 0x800041f6 (0x00003fe5) c.jal   pc - 8
core   0: 0 0x800041f6 (0x3fe5) x1  0x800041f8
core   0: 0x800041ee (0xfd7ff0ef) jal     pc - 0x2a
core   0: 0 0x800041ee (0xfd7ff0ef) x1  0x800041f2
core   0: 0x800041c4 (0x0000a021) c.j     pc + 8
core   0: 0 0x800041c4 (0xa021)
core   0: 0x800041cc (0x018000ef) jal     pc + 0x18
core   0: 0 0x800041cc (0x018000ef) x1  0x800041d0
core   0: 0x800041e4 (0x000037fd) c.jal   pc - 18
core   0: 0 0x800041e4 (0x37fd) x1  0x800041e6
core   0: 0x800041d2 (0x00002029) c.jal   pc + 10
core   0: 0 0x800041d2 (0x2029) x1  0x800041d4
core   0: 0x800041dc (0x0000bfe5) c.j     pc - 8
core   0: 0 0x800041dc (0xbfe5)
core   0: 0x800041d4 (0x01e0056f) jal     a0, pc + 0x1e
core   0: 0 0x800041d4 (0x01e0056f) x10 0x800041d8
core   0: 0x800041f2 (0x0000a019) c.j     pc + 6
core   0: 0 0x800041f2 (0xa019)
core   0: 0x800041f8 (0x0000bfe1) c.j     pc - 40
core   0: 0 0x800041f8 (0xbfe1)
core   0: 0x800041d0 (0x0000a021) c.j     pc + 8
core   0: 0 0x800041d0 (0xa021)
core   0: 0x800041d8 (0x00002831) c.jal   pc + 28
core   0: 0 0x800041d8 (0x2831) x1  0x800041da
core   0: 0x800041f4 (0x000037fd) c.jal   pc - 18
core   0: 0 0x800041f4 (0x37fd) x1  0x800041f6
core   0: 0x800041e2 (0x0000a011) c.j     pc + 4
core   0: 0 0x800041e2 (0xa011)
core   0: 0x800041e6 (0x00002009) c.jal   pc + 2
core   0: 0 0x800041e6 (0x2009) x1  0x800041e8
core   0: 0x800041e8 (0x000037cd) c.jal   pc - 30
core   0: 0 0x800041e8 (0x37cd) x1  0x800041ea
core   0: 0x800041ca (0x00002005) c.jal   pc + 32
core   0: 0 0x800041ca (0x2005) x1  0x800041cc
core   0: 0x800041ea (0xff5ff0ef) jal     pc - 0xc
core   0: 0 0x800041ea (0xff5ff0ef) x1  0x800041ee
core   0: 0x800041de (0xffdfffef) jal     t6, pc - 0x4
core   0: 0 0x800041de (0xffdfffef) x31 0x800041e2
core   0: 0x800041da (0x0000a005) c.j     pc + 32
core   0: 0 0x800041da (0xa005)
core   0: 0x800041fa (0x0000100f) fence.i
core   0: 0 0x800041fa (0x0000100f)
core   0: 0x800041fe (0x0360076f) jal     a4, pc + 0x36
core   0: 0 0x800041fe (0x0360076f) x14 0x80004202
core   0: 0x80004234 (0x0160046f) jal     s0, pc + 0x16
core   0: 0 0x80004234 (0x0160046f) x8  0x80004238
core   0: 0x8000424a (0x00003fd5) c.jal   pc - 12
core   0: 0 0x8000424a (0x3fd5) x1  0x8000424c
core   0: 0x8000423e (0x0000b7f5) c.j     pc - 20
core   0: 0 0x8000423e (0xb7f5)
core   0: 0x8000422a (0x00e00fef) jal     t6, pc + 0xe
core   0: 0 0x8000422a (0x00e00fef) x31 0x8000422e
core   0: 0x80004238 (0xfcbff0ef) jal     pc - 0x36
core   0: 0 0x80004238 (0xfcbff0ef) x1  0x8000423c
core   0: 0x80004202 (0x03e008ef) jal     a7, pc + 0x3e
core   0: 0 0x80004202 (0x03e008ef) x17 0x80004206
core   0: 0x80004240 (0x000037c5) c.jal   pc - 32
core   0: 0 0x80004240 (0x37c5) x1  0x80004242
core   0: 0x80004220 (0x00003fe5) c.jal   pc - 8
core   0: 0 0x80004220 (0x3fe5) x1  0x80004222
core   0: 0x80004218 (0x0000bfd5) c.j     pc - 12
core   0: 0 0x80004218 (0xbfd5)
core   0: 0x8000420c (0x0000a0a1) c.j     pc + 72
core   0: 0 0x8000420c (0xa0a1)
core   0: 0x80004254 (0xfd1ff0ef) jal     pc - 0x30
core   0: 0 0x80004254 (0xfd1ff0ef) x1  0x80004258
core   0: 0x80004224 (0xfffff36f) jal     t1, pc - 0x2
core   0: 0 0x80004224 (0xfffff36f) x6  0x80004228
core   0: 0x80004222 (0x00003ff5) c.jal   pc - 4
core   0: 0 0x80004222 (0x3ff5) x1  0x80004224
core   0: 0x8000421e (0x00003fdd) c.jal   pc - 10
core   0: 0 0x8000421e (0x3fdd) x1  0x80004220
core   0: 0x80004214 (0x038000ef) jal     pc + 0x38
core   0: 0 0x80004214 (0x038000ef) x1  0x80004218
core   0: 0x8000424c (0xfc5ff3ef) jal     t2, pc - 0x3c
core   0: 0 0x8000424c (0xfc5ff3ef) x7  0x80004250
core   0: 0x80004210 (0x01e0076f) jal     a4, pc + 0x1e
core   0: 0 0x80004210 (0x01e0076f) x14 0x80004214
core   0: 0x8000422e (0x00002829) c.jal   pc + 26
core   0: 0 0x8000422e (0x2829) x1  0x80004230
core   0: 0x80004248 (0x000037c1) c.jal   pc - 64
core   0: 0 0x80004248 (0x37c1) x1  0x8000424a
core   0: 0x80004208 (0x028001ef) jal     gp, pc + 0x28
core   0: 0 0x80004208 (0x028001ef) x3  0x8000420c
core   0: 0x80004230 (0x02000cef) jal     s9, pc + 0x20
core   0: 0 0x80004230 (0x02000cef) x25 0x80004234
core   0: 0x80004250 (0xff5ff0ef) jal     pc - 0xc
core   0: 0 0x80004250 (0xff5ff0ef) x1  0x80004254
core   0: 0x80004244 (0xfe5fffef) jal     t6, pc - 0x1c
core   0: 0 0x80004244 (0xfe5fffef) x31 0x80004248
core   0: 0x80004228 (0x00002829) c.jal   pc + 26
core   0: 0 0x80004228 (0x2829) x1  0x8000422a
core   0: 0x80004242 (0x00003fe1) c.jal   pc - 40
core   0: 0 0x80004242 (0x3fe1) x1  0x80004244
core   0: 0x8000421a (0x0000b7f5) c.j     pc - 20
core   0: 0 0x8000421a (0xb7f5)
core   0: 0x80004206 (0x00002021) c.jal   pc + 8
core   0: 0 0x80004206 (0x2021) x1  0x80004208
core   0: 0x8000420e (0x00002039) c.jal   pc + 14
core   0: 0 0x8000420e (0x2039) x1  0x80004210
core   0: 0x8000421c (0x00002005) c.jal   pc + 32
core   0: 0 0x8000421c (0x2005) x1  0x8000421e
core   0: 0x8000423c (0x0000a831) c.j     pc + 28
core   0: 0 0x8000423c (0xa831)
core   0: 0x80004258 (0x01a327b3) slt     a5, t1, s10
core   0: 0 0x80004258 (0x01a327b3) x15 0x00000001
core   0: 0x8000425c (0x01e0076f) jal     a4, pc + 0x1e
core   0: 0 0x8000425c (0x01e0076f) x14 0x80004260
core   0: 0x8000427a (0x008000ef) jal     pc + 0x8
core   0: 0 0x8000427a (0x008000ef) x1  0x8000427e
core   0: 0x80004282 (0x0000b7fd) c.j     pc - 18
core   0: 0 0x80004282 (0xb7fd)
core   0: 0x80004270 (0x00e002ef) jal     t0, pc + 0xe
core   0: 0 0x80004270 (0x00e002ef) x5  0x80004274
core   0: 0x8000427e (0xfefff0ef) jal     pc - 0x12
core   0: 0 0x8000427e (0xfefff0ef) x1  0x80004282
core   0: 0x8000426c (0x008000ef) jal     pc + 0x8
core   0: 0 0x8000426c (0x008000ef) x1  0x80004270
core   0: 0x80004274 (0x0000a801) c.j     pc + 16
core   0: 0 0x80004274 (0xa801)
core   0: 0x80004284 (0x00002811) c.jal   pc + 20
core   0: 0 0x80004284 (0x2811) x1  0x80004286
core   0: 0x80004298 (0xfcdff36f) jal     t1, pc - 0x34
core   0: 0 0x80004298 (0xfcdff36f) x6  0x8000429c
core   0: 0x80004264 (0x0000bff5) c.j     pc - 4
core   0: 0 0x80004264 (0xbff5)
core   0: 0x80004260 (0x0000a025) c.j     pc + 40
core   0: 0 0x80004260 (0xa025)
core   0: 0x80004288 (0x0000a811) c.j     pc + 20
core   0: 0 0x80004288 (0xa811)
core   0: 0x8000429c (0x000037ed) c.jal   pc - 22
core   0: 0 0x8000429c (0x37ed) x1  0x8000429e
core   0: 0x80004286 (0x0000bff1) c.j     pc - 36
core   0: 0 0x80004286 (0xbff1)
core   0: 0x80004262 (0x0000a835) c.j     pc + 60
core   0: 0 0x80004262 (0xa835)
core   0: 0x8000429e (0xfedff0ef) jal     pc - 0x14
core   0: 0 0x8000429e (0xfedff0ef) x1  0x800042a2
core   0: 0x8000428a (0x00003ff1) c.jal   pc - 36
core   0: 0 0x8000428a (0x3ff1) x1  0x8000428c
core   0: 0x80004266 (0x0000202d) c.jal   pc + 42
core   0: 0 0x80004266 (0x202d) x1  0x80004268
core   0: 0x80004290 (0xfd9ff0ef) jal     pc - 0x28
core   0: 0 0x80004290 (0xfd9ff0ef) x1  0x80004294
core   0: 0x80004268 (0x024000ef) jal     pc + 0x24
core   0: 0 0x80004268 (0x024000ef) x1  0x8000426c
core   0: 0x8000428c (0x0080036f) jal     t1, pc + 0x8
core   0: 0 0x8000428c (0x0080036f) x6  0x80004290
core   0: 0x80004294 (0xfe3ff0ef) jal     pc - 0x1e
core   0: 0 0x80004294 (0xfe3ff0ef) x1  0x80004298
core   0: 0x80004276 (0x02c000ef) jal     pc + 0x2c
core   0: 0 0x80004276 (0x02c000ef) x1  0x8000427a
core   0: 0x800042a2 (0x00001c1c) c.addi4spn a5, sp, 560
core   0: 0 0x800042a2 (0x1c1c) x15 0x90cf0e0c
core   0: 0x800042a4 (0x0060076f) jal     a4, pc + 0x6
core   0: 0 0x800042a4 (0x0060076f) x14 0x800042a8
core   0: 0x800042aa (0x00002825) c.jal   pc + 56
core   0: 0 0x800042aa (0x2825) x1  0x800042ac
core   0: 0x800042e2 (0xffdff0ef) jal     pc - 0x4
core   0: 0 0x800042e2 (0xffdff0ef) x1  0x800042e6
core   0: 0x800042de (0x00003ff5) c.jal   pc - 4
core   0: 0 0x800042de (0x3ff5) x1  0x800042e0
core   0: 0x800042da (0xfd7ff36f) jal     t1, pc - 0x2a
core   0: 0 0x800042da (0xfd7ff36f) x6  0x800042de
core   0: 0x800042b0 (0x01800bef) jal     s7, pc + 0x18
core   0: 0 0x800042b0 (0x01800bef) x23 0x800042b4
core   0: 0x800042c8 (0x00003fed) c.jal   pc - 6
core   0: 0 0x800042c8 (0x3fed) x1  0x800042ca
core   0: 0x800042c2 (0x0000b7dd) c.j     pc - 26
core   0: 0 0x800042c2 (0xb7dd)
core   0: 0x800042a8 (0x00002809) c.jal   pc + 18
core   0: 0 0x800042a8 (0x2809) x1  0x800042aa
core   0: 0x800042ba (0x0000a801) c.j     pc + 16
core   0: 0 0x800042ba (0xa801)
core   0: 0x800042ca (0xfebffeef) jal     t4, pc - 0x16
core   0: 0 0x800042ca (0xfebffeef) x29 0x800042ce
core   0: 0x800042b4 (0x0320036f) jal     t1, pc + 0x32
core   0: 0 0x800042b4 (0x0320036f) x6  0x800042b8
core   0: 0x800042e6 (0xfe9ff0ef) jal     pc - 0x18
core   0: 0 0x800042e6 (0xfe9ff0ef) x1  0x800042ea
core   0: 0x800042ce (0x00002831) c.jal   pc + 28
core   0: 0 0x800042ce (0x2831) x1  0x800042d0
core   0: 0x800042ea (0x00003fdd) c.jal   pc - 10
core   0: 0 0x800042ea (0x3fdd) x1  0x800042ec
core   0: 0x800042e0 (0x00003fe5) c.jal   pc - 8
core   0: 0 0x800042e0 (0x3fe5) x1  0x800042e2
core   0: 0x800042d8 (0x000037dd) c.jal   pc - 26
core   0: 0 0x800042d8 (0x37dd) x1  0x800042da
core   0: 0x800042be (0x01200a6f) jal     s4, pc + 0x12
core   0: 0 0x800042be (0x01200a6f) x20 0x800042c2
core   0: 0x800042d0 (0x01c0036f) jal     t1, pc + 0x1c
core   0: 0 0x800042d0 (0x01c0036f) x6  0x800042d4
core   0: 0x800042ec (0xfc1ff36f) jal     t1, pc - 0x40
core   0: 0 0x800042ec (0xfc1ff36f) x6  0x800042f0
core   0: 0x800042ac (0x00002801) c.jal   pc + 16
core   0: 0 0x800042ac (0x2801) x1  0x800042ae
core   0: 0x800042bc (0x0000bff5) c.j     pc - 4
core   0: 0 0x800042bc (0xbff5)
core   0: 0x800042b8 (0x00002839) c.jal   pc + 30
core   0: 0 0x800042b8 (0x2839) x1  0x800042ba
core   0: 0x800042d6 (0x000037fd) c.jal   pc - 18
core   0: 0 0x800042d6 (0x37fd) x1  0x800042d8
core   0: 0x800042c4 (0x030007ef) jal     a5, pc + 0x30
core   0: 0 0x800042c4 (0x030007ef) x15 0x800042c8
core   0: 0x800042f4 (0x00003ff5) c.jal   pc - 4
core   0: 0 0x800042f4 (0x3ff5) x1  0x800042f6
core   0: 0x800042f0 (0xfe5ff0ef) jal     pc - 0x1c
core   0: 0 0x800042f0 (0xfe5ff0ef) x1  0x800042f4
core   0: 0x800042d4 (0x00003fe9) c.jal   pc - 38
core   0: 0 0x800042d4 (0x3fe9) x1  0x800042d6
core   0: 0x800042ae (0x0000a0a1) c.j     pc + 72
core   0: 0 0x800042ae (0xa0a1)
core   0: 0x800042f6 (0x00008ec9) c.or    a3, a0
core   0: 0 0x800042f6 (0x8ec9) x13 0x800041d8
core   0: 0x800042f8 (0x0200076f) jal     a4, pc + 0x20
core   0: 0 0x800042f8 (0x0200076f) x14 0x800042fc
core   0: 0x80004318 (0xfe9ff0ef) jal     pc - 0x18
core   0: 0 0x80004318 (0xfe9ff0ef) x1  0x8000431c
core   0: 0x80004300 (0x00002031) c.jal   pc + 12
core   0: 0 0x80004300 (0x2031) x1  0x80004302
core   0: 0x8000430c (0x00003ff5) c.jal   pc - 4
core   0: 0 0x8000430c (0x3ff5) x1  0x8000430e
core   0: 0x80004308 (0x0000a029) c.j     pc + 10
core   0: 0 0x80004308 (0xa029)
core   0: 0x80004312 (0xff9ff36f) jal     t1, pc - 0x8
core   0: 0 0x80004312 (0xff9ff36f) x6  0x80004316
core   0: 0x8000430a (0x0000a809) c.j     pc + 18
core   0: 0 0x8000430a (0xa809)
core   0: 0x8000431c (0xfebff0ef) jal     pc - 0x16
core   0: 0 0x8000431c (0xfebff0ef) x1  0x80004320
core   0: 0x80004306 (0x00002801) c.jal   pc + 16
core   0: 0 0x80004306 (0x2801) x1  0x80004308
core   0: 0x80004316 (0x000037dd) c.jal   pc - 26
core   0: 0 0x80004316 (0x37dd) x1  0x80004318
core   0: 0x800042fc (0x0000a019) c.j     pc + 6
core   0: 0 0x800042fc (0xa019)
core   0: 0x80004302 (0xffdffcef) jal     s9, pc - 0x4
core   0: 0 0x80004302 (0xffdffcef) x25 0x80004306
core   0: 0x800042fe (0x0000a00d) c.j     pc + 34
core   0: 0 0x800042fe (0xa00d)
core   0: 0x80004320 (0x00002009) c.jal   pc + 2
core   0: 0 0x80004320 (0x2009) x1  0x80004322
core   0: 0x80004322 (0x000037f5) c.jal   pc - 20
core   0: 0 0x80004322 (0x37f5) x1  0x80004324
core   0: 0x8000430e (0x016000ef) jal     pc + 0x16
core   0: 0 0x8000430e (0x016000ef) x1  0x80004312
core   0: 0x80004324 (0x00008c69) c.and   s0, a0
core   0: 0 0x80004324 (0x8c69) x8  0x80004018
core   0: 0x80004326 (0x0280076f) jal     a4, pc + 0x28
core   0: 0 0x80004326 (0x0280076f) x14 0x8000432a
core   0: 0x8000434e (0x0000a031) c.j     pc + 12
core   0: 0 0x8000434e (0xa031)
core   0: 0x8000435a (0x000037dd) c.jal   pc - 26
core   0: 0 0x8000435a (0x37dd) x1  0x8000435c
core   0: 0x80004340 (0x0200036f) jal     t1, pc + 0x20
core   0: 0 0x80004340 (0x0200036f) x6  0x80004344
core   0: 0x80004360 (0x0000b7f5) c.j     pc - 20
core   0: 0 0x80004360 (0xb7f5)
core   0: 0x8000434c (0x00002821) c.jal   pc + 24
core   0: 0 0x8000434c (0x2821) x1  0x8000434e
core   0: 0x80004364 (0xfc7ff36f) jal     t1, pc - 0x3a
core   0: 0 0x80004364 (0xfc7ff36f) x6  0x80004368
core   0: 0x8000432a (0x0000283d) c.jal   pc + 62
core   0: 0 0x8000432a (0x283d) x1  0x8000432c
core   0: 0x80004368 (0x000037ed) c.jal   pc - 22
core   0: 0 0x80004368 (0x37ed) x1  0x8000436a
core   0: 0x80004352 (0x00002821) c.jal   pc + 24
core   0: 0 0x80004352 (0x2821) x1  0x80004354
core   0: 0x8000436a (0xfcfff0ef) jal     pc - 0x32
core   0: 0 0x8000436a (0xfcfff0ef) x1  0x8000436e
core   0: 0x80004338 (0x02a000ef) jal     pc + 0x2a
core   0: 0 0x80004338 (0x02a000ef) x1  0x8000433c
core   0: 0x80004362 (0x00003fed) c.jal   pc - 6
core   0: 0 0x80004362 (0x3fed) x1  0x80004364
core   0: 0x8000435c (0x0000bfc1) c.j     pc - 48
core   0: 0 0x8000435c (0xbfc1)
core   0: 0x8000432c (0x0000a02d) c.j     pc + 42
core   0: 0 0x8000432c (0xa02d)
core   0: 0x80004356 (0x00002021) c.jal   pc + 8
core   0: 0 0x80004356 (0x2021) x1  0x80004358
core   0: 0x8000435e (0x000037dd) c.jal   pc - 26
core   0: 0 0x8000435e (0x37dd) x1  0x80004360
core   0: 0x80004344 (0xfebff2ef) jal     t0, pc - 0x16
core   0: 0 0x80004344 (0xfebff2ef) x5  0x80004348
core   0: 0x8000432e (0x006000ef) jal     pc + 0x6
core   0: 0 0x8000432e (0x006000ef) x1  0x80004332
core   0: 0x80004334 (0x0000a005) c.j     pc + 32
core   0: 0 0x80004334 (0xa005)
core   0: 0x80004354 (0x000037e5) c.jal   pc - 24
core   0: 0 0x80004354 (0x37e5) x1  0x80004356
core   0: 0x8000433c (0x00c000ef) jal     pc + 0xc
core   0: 0 0x8000433c (0x00c000ef) x1  0x80004340
core   0: 0x80004348 (0xfefff36f) jal     t1, pc - 0x12
core   0: 0 0x80004348 (0xfefff36f) x6  0x8000434c
core   0: 0x80004336 (0x0000bff5) c.j     pc - 4
core   0: 0 0x80004336 (0xbff5)
core   0: 0x80004332 (0x0000201d) c.jal   pc + 38
core   0: 0 0x80004332 (0x201d) x1  0x80004334
core   0: 0x80004358 (0x00003fe5) c.jal   pc - 8
core   0: 0 0x80004358 (0x3fe5) x1  0x8000435a
core   0: 0x80004350 (0x00002839) c.jal   pc + 30
core   0: 0 0x80004350 (0x2839) x1  0x80004352
core   0: 0x8000436e (0x00008eba) c.mv    t4, a4
core   0: 0 0x8000436e (0x8eba) x29 0x8000432a
core   0: 0x80004370 (0x0240076f) jal     a4, pc + 0x24
core   0: 0 0x80004370 (0x0240076f) x14 0x80004374
core   0: 0x80004394 (0x0000a801) c.j     pc + 16
core   0: 0 0x80004394 (0xa801)
core   0: 0x800043a4 (0x0000bfc9) c.j     pc - 46
core   0: 0 0x800043a4 (0xbfc9)
core   0: 0x80004376 (0x02c000ef) jal     pc + 0x2c
core   0: 0 0x80004376 (0x02c000ef) x1  0x8000437a
core   0: 0x800043a2 (0x0000a021) c.j     pc + 8
core   0: 0 0x800043a2 (0xa021)
core   0: 0x800043aa (0x00003fc5) c.jal   pc - 16
core   0: 0 0x800043aa (0x3fc5) x1  0x800043ac
core   0: 0x8000439a (0x00003fe9) c.jal   pc - 38
core   0: 0 0x8000439a (0x3fe9) x1  0x8000439c
core   0: 0x80004374 (0x0000a825) c.j     pc + 56
core   0: 0 0x80004374 (0xa825)
core   0: 0x800043ac (0xfd7ff0ef) jal     pc - 0x2a
core   0: 0 0x800043ac (0xfd7ff0ef) x1  0x800043b0
core   0: 0x80004382 (0x0000280d) c.jal   pc + 50
core   0: 0 0x80004382 (0x280d) x1  0x80004384
core   0: 0x800043b4 (0x00003ff5) c.jal   pc - 4
core   0: 0 0x800043b4 (0x3ff5) x1  0x800043b6
core   0: 0x800043b0 (0xfedffe6f) jal     t3, pc - 0x14
core   0: 0 0x800043b0 (0xfedffe6f) x28 0x800043b4
core   0: 0x8000439c (0x00003fd5) c.jal   pc - 12
core   0: 0 0x8000439c (0x3fd5) x1  0x8000439e
core   0: 0x80004390 (0x00e000ef) jal     pc + 0xe
core   0: 0 0x80004390 (0x00e000ef) x1  0x80004394
core   0: 0x8000439e (0x0200036f) jal     t1, pc + 0x20
core   0: 0 0x8000439e (0x0200036f) x6  0x800043a2
core   0: 0x800043be (0x0000b7f1) c.j     pc - 52
core   0: 0 0x800043be (0xb7f1)
core   0: 0x8000438a (0x030000ef) jal     pc + 0x30
core   0: 0 0x8000438a (0x030000ef) x1  0x8000438e
core   0: 0x800043ba (0x000037f5) c.jal   pc - 20
core   0: 0 0x800043ba (0x37f5) x1  0x800043bc
core   0: 0x800043a6 (0x0000bff9) c.j     pc - 34
core   0: 0 0x800043a6 (0xbff9)
core   0: 0x80004384 (0x0040036f) jal     t1, pc + 0x4
core   0: 0 0x80004384 (0x0040036f) x6  0x80004388
core   0: 0x80004388 (0x00002815) c.jal   pc + 52
core   0: 0 0x80004388 (0x2815) x1  0x8000438a
core   0: 0x800043bc (0x0000bfc9) c.j     pc - 46
core   0: 0 0x800043bc (0xbfc9)
core   0: 0x8000438e (0x0000b7f5) c.j     pc - 20
core   0: 0 0x8000438e (0xb7f5)
core   0: 0x8000437a (0x0040036f) jal     t1, pc + 0x4
core   0: 0 0x8000437a (0x0040036f) x6  0x8000437e
core   0: 0x8000437e (0x02a000ef) jal     pc + 0x2a
core   0: 0 0x8000437e (0x02a000ef) x1  0x80004382
core   0: 0x800043a8 (0x0000a039) c.j     pc + 14
core   0: 0 0x800043a8 (0xa039)
core   0: 0x800043b6 (0xfe1ffcef) jal     s9, pc - 0x20
core   0: 0 0x800043b6 (0xfe1ffcef) x25 0x800043ba
core   0: 0x80004396 (0x02a000ef) jal     pc + 0x2a
core   0: 0 0x80004396 (0x02a000ef) x1  0x8000439a
core   0: 0x800043c0 (0x00009b92) c.add   s7, tp
core   0: 0 0x800043c0 (0x9b92) x23 0x800042b4
core   0: 0x800043c2 (0x0100076f) jal     a4, pc + 0x10
core   0: 0 0x800043c2 (0x0100076f) x14 0x800043c6
core   0: 0x800043d2 (0x00002015) c.jal   pc + 36
core   0: 0 0x800043d2 (0x2015) x1  0x800043d4
core   0: 0x800043f6 (0x0000bfd5) c.j     pc - 12
core   0: 0 0x800043f6 (0xbfd5)
core   0: 0x800043ea (0x0000a819) c.j     pc + 22
core   0: 0 0x800043ea (0xa819)
core   0: 0x80004400 (0x00003fd1) c.jal   pc - 44
core   0: 0 0x80004400 (0x3fd1) x1  0x80004402
core   0: 0x800043d4 (0x0000a029) c.j     pc + 10
core   0: 0 0x800043d4 (0xa029)
core   0: 0x800043de (0x00002009) c.jal   pc + 2
core   0: 0 0x800043de (0x2009) x1  0x800043e0
core   0: 0x800043e0 (0x0000a839) c.j     pc + 30
core   0: 0 0x800043e0 (0xa839)
core   0: 0x800043fe (0x0000a011) c.j     pc + 4
core   0: 0 0x800043fe (0xa011)
core   0: 0x80004402 (0xfc5ff1ef) jal     gp, pc - 0x3c
core   0: 0 0x80004402 (0xfc5ff1ef) x3  0x80004406
core   0: 0x800043c6 (0x00002801) c.jal   pc + 16
core   0: 0 0x800043c6 (0x2801) x1  0x800043c8
core   0: 0x800043d6 (0x016000ef) jal     pc + 0x16
core   0: 0 0x800043d6 (0x016000ef) x1  0x800043da
core   0: 0x800043ec (0x000037d5) c.jal   pc - 28
core   0: 0 0x800043ec (0x37d5) x1  0x800043ee
core   0: 0x800043d0 (0x00002025) c.jal   pc + 40
core   0: 0 0x800043d0 (0x2025) x1  0x800043d2
core   0: 0x800043f8 (0x00003fc9) c.jal   pc - 46
core   0: 0 0x800043f8 (0x3fc9) x1  0x800043fa
core   0: 0x800043ca (0x0000a821) c.j     pc + 24
core   0: 0 0x800043ca (0xa821)
core   0: 0x800043e2 (0x00002009) c.jal   pc + 2
core   0: 0 0x800043e2 (0x2009) x1  0x800043e4
core   0: 0x800043e4 (0xfe9ff0ef) jal     pc - 0x18
core   0: 0 0x800043e4 (0xfe9ff0ef) x1  0x800043e8
core   0: 0x800043cc (0x022000ef) jal     pc + 0x22
core   0: 0 0x800043cc (0x022000ef) x1  0x800043d0
core   0: 0x800043ee (0xfedff0ef) jal     pc - 0x14
core   0: 0 0x800043ee (0xfedff0ef) x1  0x800043f2
core   0: 0x800043da (0x0000a821) c.j     pc + 24
core   0: 0 0x800043da (0xa821)
core   0: 0x800043f2 (0xff7ff0ef) jal     pc - 0xa
core   0: 0 0x800043f2 (0xff7ff0ef) x1  0x800043f6
core   0: 0x800043e8 (0x0000a809) c.j     pc + 18
core   0: 0 0x800043e8 (0xa809)
core   0: 0x800043fa (0xfcfff0ef) jal     pc - 0x32
core   0: 0 0x800043fa (0xfcfff0ef) x1  0x800043fe
core   0: 0x800043c8 (0x0000a811) c.j     pc + 20
core   0: 0 0x800043c8 (0xa811)
core   0: 0x800043dc (0x0000202d) c.jal   pc + 42
core   0: 0 0x800043dc (0x202d) x1  0x800043de
core   0: 0x80004406 (0x03985cb3) divu    s9, a6, s9
core   0: 0 0x80004406 (0x03985cb3) x25 0x00000000
core   0: 0x8000440a (0x0040076f) jal     a4, pc + 0x4
core   0: 0 0x8000440a (0x0040076f) x14 0x8000440e
core   0: 0x8000440e (0x0000a021) c.j     pc + 8
core   0: 0 0x8000440e (0xa021)
core   0: 0x80004416 (0x00002021) c.jal   pc + 8
core   0: 0 0x80004416 (0x2021) x1  0x80004418
core   0: 0x8000441e (0x00002035) c.jal   pc + 44
core   0: 0 0x8000441e (0x2035) x1  0x80004420
core   0: 0x8000444a (0x00003fd9) c.jal   pc - 42
core   0: 0 0x8000444a (0x3fd9) x1  0x8000444c
core   0: 0x80004420 (0x00002829) c.jal   pc + 26
core   0: 0 0x80004420 (0x2829) x1  0x80004422
core   0: 0x8000443a (0xfe9ff36f) jal     t1, pc - 0x18
core   0: 0 0x8000443a (0xfe9ff36f) x6  0x8000443e
core   0: 0x80004422 (0x008001ef) jal     gp, pc + 0x8
core   0: 0 0x80004422 (0x008001ef) x3  0x80004426
core   0: 0x8000442a (0x00002829) c.jal   pc + 26
core   0: 0 0x8000442a (0x2829) x1  0x8000442c
core   0: 0x80004444 (0x00003fcd) c.jal   pc - 14
core   0: 0 0x80004444 (0x3fcd) x1  0x80004446
core   0: 0x80004436 (0x0000b7cd) c.j     pc - 30
core   0: 0 0x80004436 (0xb7cd)
core   0: 0x80004418 (0x0000a011) c.j     pc + 4
core   0: 0 0x80004418 (0xa011)
core   0: 0x8000441c (0x0000bfe5) c.j     pc - 8
core   0: 0 0x8000441c (0xbfe5)
core   0: 0x80004414 (0x00002005) c.jal   pc + 32
core   0: 0 0x80004414 (0x2005) x1  0x80004416
core   0: 0x80004434 (0x00003fe5) c.jal   pc - 8
core   0: 0 0x80004434 (0x3fe5) x1  0x80004436
core   0: 0x8000442c (0x01a000ef) jal     pc + 0x1a
core   0: 0 0x8000442c (0x01a000ef) x1  0x80004430
core   0: 0x80004446 (0xff9ff0ef) jal     pc - 0x8
core   0: 0 0x80004446 (0xff9ff0ef) x1  0x8000444a
core   0: 0x8000443e (0x00003ff1) c.jal   pc - 36
core   0: 0 0x8000443e (0x3ff1) x1  0x80004440
core   0: 0x8000441a (0x0000bfdd) c.j     pc - 10
core   0: 0 0x8000441a (0xbfdd)
core   0: 0x80004410 (0x020008ef) jal     a7, pc + 0x20
core   0: 0 0x80004410 (0x020008ef) x17 0x80004414
core   0: 0x80004430 (0x00002021) c.jal   pc + 8
core   0: 0 0x80004430 (0x2021) x1  0x80004432
core   0: 0x80004438 (0x00003fc5) c.jal   pc - 16
core   0: 0 0x80004438 (0x3fc5) x1  0x8000443a
core   0: 0x80004428 (0x0000a029) c.j     pc + 10
core   0: 0 0x80004428 (0xa029)
core   0: 0x80004432 (0x00003fd5) c.jal   pc - 12
core   0: 0 0x80004432 (0x3fd5) x1  0x80004434
core   0: 0x80004426 (0x0000a829) c.j     pc + 26
core   0: 0 0x80004426 (0xa829)
core   0: 0x80004440 (0x00c0036f) jal     t1, pc + 0xc
core   0: 0 0x80004440 (0x00c0036f) x6  0x80004444
core   0: 0x8000444c (0x00008ea9) c.xor   a3, a0
core   0: 0 0x8000444c (0x8ea9) x13 0x00000000
core   0: 0x8000444e (0x00c0076f) jal     a4, pc + 0xc
core   0: 0 0x8000444e (0x00c0076f) x14 0x80004452
core   0: 0x8000445a (0x012000ef) jal     pc + 0x12
core   0: 0 0x8000445a (0x012000ef) x1  0x8000445e
core   0: 0x8000446c (0x00003ffd) c.jal   pc - 2
core   0: 0 0x8000446c (0x3ffd) x1  0x8000446e
core   0: 0x8000446a (0x0000a809) c.j     pc + 18
core   0: 0 0x8000446a (0xa809)
core   0: 0x8000447c (0x0000bfdd) c.j     pc - 10
core   0: 0 0x8000447c (0xbfdd)
core   0: 0x80004472 (0xfe7ff0ef) jal     pc - 0x1a
core   0: 0 0x80004472 (0xfe7ff0ef) x1  0x80004476
core   0: 0x80004458 (0x00002801) c.jal   pc + 16
core   0: 0 0x80004458 (0x2801) x1  0x8000445a
core   0: 0x80004468 (0x0000a809) c.j     pc + 18
core   0: 0 0x80004468 (0xa809)
core   0: 0x8000447a (0x00002029) c.jal   pc + 10
core   0: 0 0x8000447a (0x2029) x1  0x8000447c
core   0: 0x80004484 (0xffdff0ef) jal     pc - 0x4
core   0: 0 0x80004484 (0xffdff0ef) x1  0x80004488
core   0: 0x80004480 (0xfe3ff0ef) jal     pc - 0x1e
core   0: 0 0x80004480 (0xfe3ff0ef) x1  0x80004484
core   0: 0x80004462 (0x0000bfc5) c.j     pc - 16
core   0: 0 0x80004462 (0xbfc5)
core   0: 0x80004452 (0x0000a015) c.j     pc + 36
core   0: 0 0x80004452 (0xa015)
core   0: 0x80004476 (0xfebff0ef) jal     pc - 0x16
core   0: 0 0x80004476 (0xfebff0ef) x1  0x8000447a
core   0: 0x80004460 (0x00003fd5) c.jal   pc - 12
core   0: 0 0x80004460 (0x3fd5) x1  0x80004462
core   0: 0x80004454 (0x01a000ef) jal     pc + 0x1a
core   0: 0 0x80004454 (0x01a000ef) x1  0x80004458
core   0: 0x8000446e (0x0100036f) jal     t1, pc + 0x10
core   0: 0 0x8000446e (0x0100036f) x6  0x80004472
core   0: 0x8000447e (0x00002029) c.jal   pc + 10
core   0: 0 0x8000447e (0x2029) x1  0x80004480
core   0: 0x80004488 (0x0000bfd9) c.j     pc - 42
core   0: 0 0x80004488 (0xbfd9)
core   0: 0x8000445e (0x0000a019) c.j     pc + 6
core   0: 0 0x8000445e (0xa019)
core   0: 0x80004464 (0x0260026f) jal     tp, pc + 0x26
core   0: 0 0x80004464 (0x0260026f) x4  0x80004468
core   0: 0x8000448a (0x00008afd) c.andi  a3, 31
core   0: 0 0x8000448a (0x8afd) x13 0x00000000
core   0: 0x8000448c (0x0180076f) jal     a4, pc + 0x18
core   0: 0 0x8000448c (0x0180076f) x14 0x80004490
core   0: 0x800044a4 (0xff9ff36f) jal     t1, pc - 0x8
core   0: 0 0x800044a4 (0xff9ff36f) x6  0x800044a8
core   0: 0x8000449c (0x00002031) c.jal   pc + 12
core   0: 0 0x8000449c (0x2031) x1  0x8000449e
core   0: 0x800044a8 (0x00002029) c.jal   pc + 10
core   0: 0 0x800044a8 (0x2029) x1  0x800044aa
core   0: 0x800044b2 (0x0000bff5) c.j     pc - 4
core   0: 0 0x800044b2 (0xbff5)
core   0: 0x800044ae (0x00002009) c.jal   pc + 2
core   0: 0 0x800044ae (0x2009) x1  0x800044b0
core   0: 0x800044b0 (0x000037d5) c.jal   pc - 28
core   0: 0 0x800044b0 (0x37d5) x1  0x800044b2
core   0: 0x80004494 (0x00002819) c.jal   pc + 22
core   0: 0 0x80004494 (0x2819) x1  0x80004496
core   0: 0x800044aa (0x014000ef) jal     pc + 0x14
core   0: 0 0x800044aa (0x014000ef) x1  0x800044ae
core   0: 0x800044be (0x00003fe9) c.jal   pc - 38
core   0: 0 0x800044be (0x3fe9) x1  0x800044c0
core   0: 0x80004498 (0x00002009) c.jal   pc + 2
core   0: 0 0x80004498 (0x2009) x1  0x8000449a
core   0: 0x8000449a (0x0000a829) c.j     pc + 26
core   0: 0 0x8000449a (0xa829)
core   0: 0x800044b4 (0x00c000ef) jal     pc + 0xc
core   0: 0 0x800044b4 (0x00c000ef) x1  0x800044b8
core   0: 0x800044c0 (0xff9ff6ef) jal     a3, pc - 0x8
core   0: 0 0x800044c0 (0xff9ff6ef) x13 0x800044c4
core   0: 0x800044b8 (0xfe7ff0ef) jal     pc - 0x1a
core   0: 0 0x800044b8 (0xfe7ff0ef) x1  0x800044bc
core   0: 0x8000449e (0x01e000ef) jal     pc + 0x1e
core   0: 0 0x8000449e (0x01e000ef) x1  0x800044a2
core   0: 0x800044bc (0x00003fd1) c.jal   pc - 44
core   0: 0 0x800044bc (0x3fd1) x1  0x800044be
core   0: 0x80004490 (0x012000ef) jal     pc + 0x12
core   0: 0 0x80004490 (0x012000ef) x1  0x80004494
core   0: 0x800044a2 (0x0000bfd5) c.j     pc - 12
core   0: 0 0x800044a2 (0xbfd5)
core   0: 0x80004496 (0x0000203d) c.jal   pc + 46
core   0: 0 0x80004496 (0x203d) x1  0x80004498
core   0: 0x800044c4 (0x00001280) c.addi4spn s0, sp, 352
core   0: 0 0x800044c4 (0x1280) x8  0x90cf0d3c
core   0: 0x800044c6 (0x0100076f) jal     a4, pc + 0x10
core   0: 0 0x800044c6 (0x0100076f) x14 0x800044ca
core   0: 0x800044d6 (0x01a000ef) jal     pc + 0x1a
core   0: 0 0x800044d6 (0x01a000ef) x1  0x800044da
core   0: 0x800044f0 (0x00002011) c.jal   pc + 4
core   0: 0 0x800044f0 (0x2011) x1  0x800044f2
core   0: 0x800044f4 (0x00003fc5) c.jal   pc - 16
core   0: 0 0x800044f4 (0x3fc5) x1  0x800044f6
core   0: 0x800044e4 (0x0000a029) c.j     pc + 10
core   0: 0 0x800044e4 (0xa029)
core   0: 0x800044ee (0x0000b7cd) c.j     pc - 30
core   0: 0 0x800044ee (0xb7cd)
core   0: 0x800044d0 (0x00003ff5) c.jal   pc - 4
core   0: 0 0x800044d0 (0x3ff5) x1  0x800044d2
core   0: 0x800044cc (0x0000a81d) c.j     pc + 54
core   0: 0 0x800044cc (0xa81d)
core   0: 0x80004502 (0xfd9ff36f) jal     t1, pc - 0x28
core   0: 0 0x80004502 (0xfd9ff36f) x6  0x80004506
core   0: 0x800044da (0x026000ef) jal     pc + 0x26
core   0: 0 0x800044da (0x026000ef) x1  0x800044de
core   0: 0x80004500 (0x00003fdd) c.jal   pc - 10
core   0: 0 0x80004500 (0x3fdd) x1  0x80004502
core   0: 0x800044f6 (0x0100036f) jal     t1, pc + 0x10
core   0: 0 0x800044f6 (0x0100036f) x6  0x800044fa
core   0: 0x80004506 (0x0000a011) c.j     pc + 4
core   0: 0 0x80004506 (0xa011)
core   0: 0x8000450a (0x00002009) c.jal   pc + 2
core   0: 0 0x8000450a (0x2009) x1  0x8000450c
core   0: 0x8000450c (0xfdbff36f) jal     t1, pc - 0x26
core   0: 0 0x8000450c (0xfdbff36f) x6  0x80004510
core   0: 0x800044e6 (0x018000ef) jal     pc + 0x18
core   0: 0 0x800044e6 (0x018000ef) x1  0x800044ea
core   0: 0x800044fe (0x00003ff5) c.jal   pc - 4
core   0: 0 0x800044fe (0x3ff5) x1  0x80004500
core   0: 0x800044fa (0xfd5ff0ef) jal     pc - 0x2c
core   0: 0 0x800044fa (0xfd5ff0ef) x1  0x800044fe
core   0: 0x800044ce (0x00002011) c.jal   pc + 4
core   0: 0 0x800044ce (0x2011) x1  0x800044d0
core   0: 0x800044d2 (0x010000ef) jal     pc + 0x10
core   0: 0 0x800044d2 (0x010000ef) x1  0x800044d6
core   0: 0x800044e2 (0x000037e5) c.jal   pc - 24
core   0: 0 0x800044e2 (0x37e5) x1  0x800044e4
core   0: 0x800044ca (0x0000a83d) c.j     pc + 62
core   0: 0 0x800044ca (0xa83d)
core   0: 0x80004508 (0x000037cd) c.jal   pc - 30
core   0: 0 0x80004508 (0x37cd) x1  0x8000450a
core   0: 0x800044ea (0xff5ff0ef) jal     pc - 0xc
core   0: 0 0x800044ea (0xff5ff0ef) x1  0x800044ee
core   0: 0x800044de (0x0140036f) jal     t1, pc + 0x14
core   0: 0 0x800044de (0x0140036f) x6  0x800044e2
core   0: 0x800044f2 (0x00002839) c.jal   pc + 30
core   0: 0 0x800044f2 (0x2839) x1  0x800044f4
core   0: 0x80004510 (0x001a30b3) sltu    ra, s4, ra
core   0: 0 0x80004510 (0x001a30b3) x1  0x00000001
core   0: 0x80004514 (0x0140076f) jal     a4, pc + 0x14
core   0: 0 0x80004514 (0x0140076f) x14 0x80004518
core   0: 0x80004528 (0x0100036f) jal     t1, pc + 0x10
core   0: 0 0x80004528 (0x0100036f) x6  0x8000452c
core   0: 0x80004538 (0x0000a019) c.j     pc + 6
core   0: 0 0x80004538 (0xa019)
core   0: 0x8000453e (0x0000b7e5) c.j     pc - 24
core   0: 0 0x8000453e (0xb7e5)
core   0: 0x80004526 (0x0000bfe5) c.j     pc - 8
core   0: 0 0x80004526 (0xbfe5)
core   0: 0x8000451e (0x034000ef) jal     pc + 0x34
core   0: 0 0x8000451e (0x034000ef) x1  0x80004522
core   0: 0x80004552 (0x0000bfc1) c.j     pc - 48
core   0: 0 0x80004552 (0xbfc1)
core   0: 0x80004522 (0x022000ef) jal     pc + 0x22
core   0: 0 0x80004522 (0x022000ef) x1  0x80004526
core   0: 0x80004544 (0xff1ff0ef) jal     pc - 0x10
core   0: 0 0x80004544 (0xff1ff0ef) x1  0x80004548
core   0: 0x80004534 (0x0000a035) c.j     pc + 44
core   0: 0 0x80004534 (0xa035)
core   0: 0x80004560 (0x0000b7c5) c.j     pc - 32
core   0: 0 0x80004560 (0xb7c5)
core   0: 0x80004540 (0xffdff0ef) jal     pc - 0x4
core   0: 0 0x80004540 (0xffdff0ef) x1  0x80004544
core   0: 0x8000453c (0x0000a821) c.j     pc + 24
core   0: 0 0x8000453c (0xa821)
core   0: 0x80004554 (0xfc5ff16f) jal     sp, pc - 0x3c
core   0: 0 0x80004554 (0xfc5ff16f) x2  0x80004558
core   0: 0x80004518 (0x00002009) c.jal   pc + 2
core   0: 0 0x80004518 (0x2009) x1  0x8000451a
core   0: 0x8000451a (0x0000a009) c.j     pc + 2
core   0: 0 0x8000451a (0xa009)
core   0: 0x8000451c (0x0000a081) c.j     pc + 64
core   0: 0 0x8000451c (0xa081)
core   0: 0x8000455c (0xff1ff0ef) jal     pc - 0x10
core   0: 0 0x8000455c (0xff1ff0ef) x1  0x80004560
core   0: 0x8000454c (0x004000ef) jal     pc + 0x4
core   0: 0 0x8000454c (0x004000ef) x1  0x80004550
core   0: 0x80004550 (0x0000bff1) c.j     pc - 36
core   0: 0 0x80004550 (0xbff1)
core   0: 0x8000452c (0x00002011) c.jal   pc + 4
core   0: 0 0x8000452c (0x2011) x1  0x8000452e
core   0: 0x80004530 (0x0180026f) jal     tp, pc + 0x18
core   0: 0 0x80004530 (0x0180026f) x4  0x80004534
core   0: 0x80004548 (0x010000ef) jal     pc + 0x10
core   0: 0 0x80004548 (0x010000ef) x1  0x8000454c
core   0: 0x80004558 (0x00a003ef) jal     t2, pc + 0xa
core   0: 0 0x80004558 (0x00a003ef) x7  0x8000455c
core   0: 0x80004562 (0x000037f1) c.jal   pc - 52
core   0: 0 0x80004562 (0x37f1) x1  0x80004564
core   0: 0x8000452e (0x00002021) c.jal   pc + 8
core   0: 0 0x8000452e (0x2021) x1  0x80004530
core   0: 0x80004536 (0x00002011) c.jal   pc + 4
core   0: 0 0x80004536 (0x2011) x1  0x80004538
core   0: 0x8000453a (0x0000a02d) c.j     pc + 42
core   0: 0 0x8000453a (0xa02d)
core   0: 0x80004564 (0x018deeb3) or      t4, s11, s8
core   0: 0 0x80004564 (0x018deeb3) x29 0x801c48e6
core   0: 0x80004568 (0x0140076f) jal     a4, pc + 0x14
core   0: 0 0x80004568 (0x0140076f) x14 0x8000456c
core   0: 0x8000457c (0x00c00fef) jal     t6, pc + 0xc
core   0: 0 0x8000457c (0x00c00fef) x31 0x80004580
core   0: 0x80004588 (0x0000a809) c.j     pc + 18
core   0: 0 0x80004588 (0xa809)
core   0: 0x8000459a (0x0000bfe1) c.j     pc - 40
core   0: 0 0x8000459a (0xbfe1)
core   0: 0x80004572 (0x00002831) c.jal   pc + 28
core   0: 0 0x80004572 (0x2831) x1  0x80004574
core   0: 0x8000458e (0xff7ff0ef) jal     pc - 0xa
core   0: 0 0x8000458e (0xff7ff0ef) x1  0x80004592
core   0: 0x80004584 (0x00003ffd) c.jal   pc - 2
core   0: 0 0x80004584 (0x3ffd) x1  0x80004586
core   0: 0x80004582 (0x0000a029) c.j     pc + 10
core   0: 0 0x80004582 (0xa029)
core   0: 0x8000458c (0x0000b7d5) c.j     pc - 28
core   0: 0 0x8000458c (0xb7d5)
core   0: 0x80004570 (0x0000a801) c.j     pc + 16
core   0: 0 0x80004570 (0xa801)
core   0: 0x80004580 (0x0000a819) c.j     pc + 22
core   0: 0 0x80004580 (0xa819)
core   0: 0x80004596 (0xffdff16f) jal     sp, pc - 0x4
core   0: 0 0x80004596 (0xffdff16f) x2  0x8000459a
core   0: 0x80004592 (0xff5ff26f) jal     tp, pc - 0xc
core   0: 0 0x80004592 (0xff5ff26f) x4  0x80004596
core   0: 0x80004586 (0x0000a011) c.j     pc + 4
core   0: 0 0x80004586 (0xa011)
core   0: 0x8000458a (0x0000b7fd) c.j     pc - 18
core   0: 0 0x8000458a (0xb7fd)
core   0: 0x80004578 (0xff5ff0ef) jal     pc - 0xc
core   0: 0 0x80004578 (0xff5ff0ef) x1  0x8000457c
core   0: 0x8000456c (0x0080036f) jal     t1, pc + 0x8
core   0: 0 0x8000456c (0x0080036f) x6  0x80004570
core   0: 0x80004574 (0x0280016f) jal     sp, pc + 0x28
core   0: 0 0x80004574 (0x0280016f) x2  0x80004578
core   0: 0x8000459c (0x01bdbe33) sltu    t3, s11, s11
core   0: 0 0x8000459c (0x01bdbe33) x28 0x00000000
core   0: 0x800045a0 (0x0160076f) jal     a4, pc + 0x16
core   0: 0 0x800045a0 (0x0160076f) x14 0x800045a4
core   0: 0x800045b6 (0x0080026f) jal     tp, pc + 0x8
core   0: 0 0x800045b6 (0x0080026f) x4  0x800045ba
core   0: 0x800045be (0x00002831) c.jal   pc + 28
core   0: 0 0x800045be (0x2831) x1  0x800045c0
core   0: 0x800045da (0xff3ff36f) jal     t1, pc - 0xe
core   0: 0 0x800045da (0xff3ff36f) x6  0x800045de
core   0: 0x800045cc (0x000037c5) c.jal   pc - 32
core   0: 0 0x800045cc (0x37c5) x1  0x800045ce
core   0: 0x800045ac (0x00002009) c.jal   pc + 2
core   0: 0 0x800045ac (0x2009) x1  0x800045ae
core   0: 0x800045ae (0x0000bfdd) c.j     pc - 10
core   0: 0 0x800045ae (0xbfdd)
core   0: 0x800045a4 (0x0240036f) jal     t1, pc + 0x24
core   0: 0 0x800045a4 (0x0240036f) x6  0x800045a8
core   0: 0x800045c8 (0xfedff0ef) jal     pc - 0x14
core   0: 0 0x800045c8 (0xfedff0ef) x1  0x800045cc
core   0: 0x800045b4 (0x00002829) c.jal   pc + 26
core   0: 0 0x800045b4 (0x2829) x1  0x800045b6
core   0: 0x800045ce (0x00003fe5) c.jal   pc - 8
core   0: 0 0x800045ce (0x3fe5) x1  0x800045d0
core   0: 0x800045c6 (0x0000a029) c.j     pc + 10
core   0: 0 0x800045c6 (0xa029)
core   0: 0x800045d0 (0xff1ff0ef) jal     pc - 0x10
core   0: 0 0x800045d0 (0xff1ff0ef) x1  0x800045d4
core   0: 0x800045c0 (0x00002009) c.jal   pc + 2
core   0: 0 0x800045c0 (0x2009) x1  0x800045c2
core   0: 0x800045c2 (0xfe7ff0ef) jal     pc - 0x1a
core   0: 0 0x800045c2 (0xfe7ff0ef) x1  0x800045c6
core   0: 0x800045a8 (0x02e002ef) jal     t0, pc + 0x2e
core   0: 0 0x800045a8 (0x02e002ef) x5  0x800045ac
core   0: 0x800045d6 (0xfdbff2ef) jal     t0, pc - 0x26
core   0: 0 0x800045d6 (0xfdbff2ef) x5  0x800045da
core   0: 0x800045b0 (0x024000ef) jal     pc + 0x24
core   0: 0 0x800045b0 (0x024000ef) x1  0x800045b4
core   0: 0x800045d4 (0x000037dd) c.jal   pc - 26
core   0: 0 0x800045d4 (0x37dd) x1  0x800045d6
core   0: 0x800045ba (0x0240036f) jal     t1, pc + 0x24
core   0: 0 0x800045ba (0x0240036f) x6  0x800045be
core   0: 0x800045de (0x02e6bc33) mulhu   s8, a3, a4
core   0: 0 0x800045de (0x02e6bc33) x24 0x40004534
core   0: 0x800045e2 (0x0040076f) jal     a4, pc + 0x4
core   0: 0 0x800045e2 (0x0040076f) x14 0x800045e6
core   0: 0x800045e6 (0x00002015) c.jal   pc + 36
core   0: 0 0x800045e6 (0x2015) x1  0x800045e8
core   0: 0x8000460a (0xff9ff0ef) jal     pc - 0x8
core   0: 0 0x8000460a (0xff9ff0ef) x1  0x8000460e
core   0: 0x80004602 (0x028000ef) jal     pc + 0x28
core   0: 0 0x80004602 (0x028000ef) x1  0x80004606
core   0: 0x8000462a (0x006002ef) jal     t0, pc + 0x6
core   0: 0 0x8000462a (0x006002ef) x5  0x8000462e
core   0: 0x80004630 (0xfd1ff0ef) jal     pc - 0x30
core   0: 0 0x80004630 (0xfd1ff0ef) x1  0x80004634
core   0: 0x80004600 (0x00002039) c.jal   pc + 14
core   0: 0 0x80004600 (0x2039) x1  0x80004602
core   0: 0x8000460e (0xfe3ff0ef) jal     pc - 0x1e
core   0: 0 0x8000460e (0xfe3ff0ef) x1  0x80004612
core   0: 0x800045f0 (0xffdff6ef) jal     a3, pc - 0x4
core   0: 0 0x800045f0 (0xffdff6ef) x13 0x800045f4
core   0: 0x800045ec (0x0000a829) c.j     pc + 26
core   0: 0 0x800045ec (0xa829)
core   0: 0x80004606 (0x0000b7fd) c.j     pc - 18
core   0: 0 0x80004606 (0xb7fd)
core   0: 0x800045f4 (0x006000ef) jal     pc + 0x6
core   0: 0 0x800045f4 (0x006000ef) x1  0x800045f8
core   0: 0x800045fa (0x0000a829) c.j     pc + 26
core   0: 0 0x800045fa (0xa829)
core   0: 0x80004614 (0xff5ff66f) jal     a2, pc - 0xc
core   0: 0 0x80004614 (0xff5ff66f) x12 0x80004618
core   0: 0x80004608 (0x0000a809) c.j     pc + 18
core   0: 0 0x80004608 (0xa809)
core   0: 0x8000461a (0x0000b7cd) c.j     pc - 30
core   0: 0 0x8000461a (0xb7cd)
core   0: 0x800045fc (0x0000280d) c.jal   pc + 50
core   0: 0 0x800045fc (0x280d) x1  0x800045fe
core   0: 0x8000462e (0x0000b7fd) c.j     pc - 18
core   0: 0 0x8000462e (0xb7fd)
core   0: 0x8000461c (0x00003ff1) c.jal   pc - 36
core   0: 0 0x8000461c (0x3ff1) x1  0x8000461e
core   0: 0x800045f8 (0x0000a829) c.j     pc + 26
core   0: 0 0x800045f8 (0xa829)
core   0: 0x80004612 (0x00003fd9) c.jal   pc - 42
core   0: 0 0x80004612 (0x3fd9) x1  0x80004614
core   0: 0x800045e8 (0x03e00cef) jal     s9, pc + 0x3e
core   0: 0 0x800045e8 (0x03e00cef) x25 0x800045ec
core   0: 0x80004626 (0xff9ff66f) jal     a2, pc - 0x8
core   0: 0 0x80004626 (0xff9ff66f) x12 0x8000462a
core   0: 0x8000461e (0xffbff96f) jal     s2, pc - 0x6
core   0: 0 0x8000461e (0xffbff96f) x18 0x80004622
core   0: 0x80004618 (0x00002029) c.jal   pc + 10
core   0: 0 0x80004618 (0x2029) x1  0x8000461a
core   0: 0x80004622 (0xfcdff46f) jal     s0, pc - 0x34
core   0: 0 0x80004622 (0xfcdff46f) x8  0x80004626
core   0: 0x800045ee (0x0000a801) c.j     pc + 16
core   0: 0 0x800045ee (0xa801)
core   0: 0x800045fe (0x0000a81d) c.j     pc + 54
core   0: 0 0x800045fe (0xa81d)
core   0: 0x80004634 (0x000089aa) c.mv    s3, a0
core   0: 0 0x80004634 (0x89aa) x19 0x800041d8
core   0: 0x80004636 (0x0040076f) jal     a4, pc + 0x4
core   0: 0 0x80004636 (0x0040076f) x14 0x8000463a
core   0: 0x8000463a (0x016000ef) jal     pc + 0x16
core   0: 0 0x8000463a (0x016000ef) x1  0x8000463e
core   0: 0x80004650 (0x0000a009) c.j     pc + 2
core   0: 0 0x80004650 (0xa009)
core   0: 0x80004652 (0x000037f5) c.jal   pc - 20
core   0: 0 0x80004652 (0x37f5) x1  0x80004654
core   0: 0x8000463e (0x00800def) jal     s11, pc + 0x8
core   0: 0 0x8000463e (0x00800def) x27 0x80004642
core   0: 0x80004646 (0x004000ef) jal     pc + 0x4
core   0: 0 0x80004646 (0x004000ef) x1  0x8000464a
core   0: 0x8000464a (0x0000a011) c.j     pc + 4
core   0: 0 0x8000464a (0xa011)
core   0: 0x8000464e (0x0000bffd) c.j     pc - 2
core   0: 0 0x8000464e (0xbffd)
core   0: 0x8000464c (0x0000bfe5) c.j     pc - 8
core   0: 0 0x8000464c (0xbfe5)
core   0: 0x80004644 (0x00003ffd) c.jal   pc - 2
core   0: 0 0x80004644 (0x3ffd) x1  0x80004646
core   0: 0x80004642 (0x0000a809) c.j     pc + 18
core   0: 0 0x80004642 (0xa809)
core   0: 0x80004654 (0x013ebeb3) sltu    t4, t4, s3
core   0: 0 0x80004654 (0x013ebeb3) x29 0x00000000
core   0: 0x80004658 (0x0040076f) jal     a4, pc + 0x4
core   0: 0 0x80004658 (0x0040076f) x14 0x8000465c
core   0: 0x8000465c (0x02e0036f) jal     t1, pc + 0x2e
core   0: 0 0x8000465c (0x02e0036f) x6  0x80004660
core   0: 0x8000468a (0x0000bff5) c.j     pc - 4
core   0: 0 0x8000468a (0xbff5)
core   0: 0x80004686 (0xff9ff36f) jal     t1, pc - 0x8
core   0: 0 0x80004686 (0xff9ff36f) x6  0x8000468a
core   0: 0x8000467e (0x00003fdd) c.jal   pc - 10
core   0: 0 0x8000467e (0x3fdd) x1  0x80004680
core   0: 0x80004674 (0x0000a009) c.j     pc + 2
core   0: 0 0x80004674 (0xa009)
core   0: 0x80004676 (0x0000a019) c.j     pc + 6
core   0: 0 0x80004676 (0xa019)
core   0: 0x8000467c (0x000037d5) c.jal   pc - 28
core   0: 0 0x8000467c (0x37d5) x1  0x8000467e
core   0: 0x80004660 (0x00002029) c.jal   pc + 10
core   0: 0 0x80004660 (0x2029) x1  0x80004662
core   0: 0x8000466a (0x016000ef) jal     pc + 0x16
core   0: 0 0x8000466a (0x016000ef) x1  0x8000466e
core   0: 0x80004680 (0x00002031) c.jal   pc + 12
core   0: 0 0x80004680 (0x2031) x1  0x80004682
core   0: 0x8000468c (0x0000b7f5) c.j     pc - 20
core   0: 0 0x8000468c (0xb7f5)
core   0: 0x80004678 (0x01e00c6f) jal     s8, pc + 0x1e
core   0: 0 0x80004678 (0x01e00c6f) x24 0x8000467c
core   0: 0x80004696 (0x00003ff1) c.jal   pc - 36
core   0: 0 0x80004696 (0x3ff1) x1  0x80004698
core   0: 0x80004672 (0x0000200d) c.jal   pc + 34
core   0: 0 0x80004672 (0x200d) x1  0x80004674
core   0: 0x80004694 (0x00003ff1) c.jal   pc - 36
core   0: 0 0x80004694 (0x3ff1) x1  0x80004696
core   0: 0x80004670 (0x00003fdd) c.jal   pc - 10
core   0: 0 0x80004670 (0x3fdd) x1  0x80004672
core   0: 0x80004666 (0x008000ef) jal     pc + 0x8
core   0: 0 0x80004666 (0x008000ef) x1  0x8000466a
core   0: 0x8000466e (0x00002015) c.jal   pc + 36
core   0: 0 0x8000466e (0x2015) x1  0x80004670
core   0: 0x80004692 (0x0000bfc9) c.j     pc - 46
core   0: 0 0x80004692 (0xbfc9)
core   0: 0x80004664 (0x0000bffd) c.j     pc - 2
core   0: 0 0x80004664 (0xbffd)
core   0: 0x80004662 (0x00002005) c.jal   pc + 32
core   0: 0 0x80004662 (0x2005) x1  0x80004664
core   0: 0x80004682 (0x00c000ef) jal     pc + 0xc
core   0: 0 0x80004682 (0x00c000ef) x1  0x80004686
core   0: 0x8000468e (0x00a000ef) jal     pc + 0xa
core   0: 0 0x8000468e (0x00a000ef) x1  0x80004692
core   0: 0x80004698 (0x00de2e33) slt     t3, t3, a3
core   0: 0 0x80004698 (0x00de2e33) x28 0x00000000
core   0: 0x8000469c (0x02e0076f) jal     a4, pc + 0x2e
core   0: 0 0x8000469c (0x02e0076f) x14 0x800046a0
core   0: 0x800046ca (0x0000bfcd) c.j     pc - 14
core   0: 0 0x800046ca (0xbfcd)
core   0: 0x800046bc (0x00a000ef) jal     pc + 0xa
core   0: 0 0x800046bc (0x00a000ef) x1  0x800046c0
core   0: 0x800046c6 (0x0000a039) c.j     pc + 14
core   0: 0 0x800046c6 (0xa039)
core   0: 0x800046d4 (0xfe5ff0ef) jal     pc - 0x1c
core   0: 0 0x800046d4 (0xfe5ff0ef) x1  0x800046d8
core   0: 0x800046b8 (0x000037f5) c.jal   pc - 20
core   0: 0 0x800046b8 (0x37f5) x1  0x800046ba
core   0: 0x800046a4 (0x006000ef) jal     pc + 0x6
core   0: 0 0x800046a4 (0x006000ef) x1  0x800046a8
core   0: 0x800046aa (0xfffff16f) jal     sp, pc - 0x2
core   0: 0 0x800046aa (0xfffff16f) x2  0x800046ae
core   0: 0x800046a8 (0x0000a025) c.j     pc + 40
core   0: 0 0x800046a8 (0xa025)
core   0: 0x800046d0 (0xff1ff36f) jal     t1, pc - 0x10
core   0: 0 0x800046d0 (0xff1ff36f) x6  0x800046d4
core   0: 0x800046c0 (0xff3ff0ef) jal     pc - 0xe
core   0: 0 0x800046c0 (0xff3ff0ef) x1  0x800046c4
core   0: 0x800046b2 (0x00002809) c.jal   pc + 18
core   0: 0 0x800046b2 (0x2809) x1  0x800046b4
core   0: 0x800046c4 (0x0000a811) c.j     pc + 20
core   0: 0 0x800046c4 (0xa811)
core   0: 0x800046d8 (0x0000bfd5) c.j     pc - 12
core   0: 0 0x800046d8 (0xbfd5)
core   0: 0x800046cc (0xfefff0ef) jal     pc - 0x12
core   0: 0 0x800046cc (0xfefff0ef) x1  0x800046d0
core   0: 0x800046ba (0x0000bfd5) c.j     pc - 12
core   0: 0 0x800046ba (0xbfd5)
core   0: 0x800046ae (0xff3ffe6f) jal     t3, pc - 0xe
core   0: 0 0x800046ae (0xff3ffe6f) x28 0x800046b2
core   0: 0x800046a0 (0x0280016f) jal     sp, pc + 0x28
core   0: 0 0x800046a0 (0x0280016f) x2  0x800046a4
core   0: 0x800046c8 (0x000037fd) c.jal   pc - 18
core   0: 0 0x800046c8 (0x37fd) x1  0x800046ca
core   0: 0x800046b6 (0x00003ffd) c.jal   pc - 2
core   0: 0 0x800046b6 (0x3ffd) x1  0x800046b8
core   0: 0x800046b4 (0x0000201d) c.jal   pc + 38
core   0: 0 0x800046b4 (0x201d) x1  0x800046b6
core   0: 0x800046da (0xead67313) andi    t1, a2, -339
core   0: 0 0x800046da (0xead67313) x6  0x80004628
core   0: 0x800046de (0x0220076f) jal     a4, pc + 0x22
core   0: 0 0x800046de (0x0220076f) x14 0x800046e2
core   0: 0x80004700 (0x02a0036f) jal     t1, pc + 0x2a
core   0: 0 0x80004700 (0x02a0036f) x6  0x80004704
core   0: 0x8000472a (0x000037f5) c.jal   pc - 20
core   0: 0 0x8000472a (0x37f5) x1  0x8000472c
core   0: 0x80004716 (0x010008ef) jal     a7, pc + 0x10
core   0: 0 0x80004716 (0x010008ef) x17 0x8000471a
core   0: 0x80004726 (0xfd9ff36f) jal     t1, pc - 0x28
core   0: 0 0x80004726 (0xfd9ff36f) x6  0x8000472a
core   0: 0x800046fe (0x0000a005) c.j     pc + 32
core   0: 0 0x800046fe (0xa005)
core   0: 0x8000471e (0xff1ff26f) jal     tp, pc - 0x10
core   0: 0 0x8000471e (0xff1ff26f) x4  0x80004722
core   0: 0x8000470e (0x02a000ef) jal     pc + 0x2a
core   0: 0 0x8000470e (0x02a000ef) x1  0x80004712
core   0: 0x80004738 (0x0000bff1) c.j     pc - 36
core   0: 0 0x80004738 (0xbff1)
core   0: 0x80004714 (0x000037c5) c.jal   pc - 32
core   0: 0 0x80004714 (0x37c5) x1  0x80004716
core   0: 0x800046f4 (0x03c003ef) jal     t2, pc + 0x3c
core   0: 0 0x800046f4 (0x03c003ef) x7  0x800046f8
core   0: 0x80004730 (0xfc9ff56f) jal     a0, pc - 0x38
core   0: 0 0x80004730 (0xfc9ff56f) x10 0x80004734
core   0: 0x800046f8 (0x0000bfed) c.j     pc - 6
core   0: 0 0x800046f8 (0xbfed)
core   0: 0x800046f2 (0x0000a02d) c.j     pc + 42
core   0: 0 0x800046f2 (0xa02d)
core   0: 0x8000471c (0x0000bfd1) c.j     pc - 44
core   0: 0 0x8000471c (0xbfd1)
core   0: 0x800046f0 (0x0000a835) c.j     pc + 60
core   0: 0 0x800046f0 (0xa835)
core   0: 0x8000472c (0xfefffc6f) jal     s8, pc - 0x12
core   0: 0 0x8000472c (0xfefffc6f) x24 0x80004730
core   0: 0x8000471a (0x0000bfd1) c.j     pc - 44
core   0: 0 0x8000471a (0xbfd1)
core   0: 0x800046ee (0x00002831) c.jal   pc + 28
core   0: 0 0x800046ee (0x2831) x1  0x800046f0
core   0: 0x8000470a (0x00003ff5) c.jal   pc - 4
core   0: 0 0x8000470a (0x3ff5) x1  0x8000470c
core   0: 0x80004706 (0xfe1ff76f) jal     a4, pc - 0x20
core   0: 0 0x80004706 (0xfe1ff76f) x14 0x8000470a
core   0: 0x800046e6 (0x0140036f) jal     t1, pc + 0x14
core   0: 0 0x800046e6 (0x0140036f) x6  0x800046ea
core   0: 0x800046fa (0xfebff36f) jal     t1, pc - 0x16
core   0: 0 0x800046fa (0xfebff36f) x6  0x800046fe
core   0: 0x800046e4 (0x00002025) c.jal   pc + 40
core   0: 0 0x800046e4 (0x2025) x1  0x800046e6
core   0: 0x8000470c (0x00002819) c.jal   pc + 22
core   0: 0 0x8000470c (0x2819) x1  0x8000470e
core   0: 0x80004722 (0xff1ff0ef) jal     pc - 0x10
core   0: 0 0x80004722 (0xff1ff0ef) x1  0x80004726
core   0: 0x80004712 (0x0000a00d) c.j     pc + 34
core   0: 0 0x80004712 (0xa00d)
core   0: 0x80004734 (0xfb7ff96f) jal     s2, pc - 0x4a
core   0: 0 0x80004734 (0xfb7ff96f) x18 0x80004738
core   0: 0x800046ea (0x01a0036f) jal     t1, pc + 0x1a
core   0: 0 0x800046ea (0x01a0036f) x6  0x800046ee
core   0: 0x80004704 (0x00003ff9) c.jal   pc - 34
core   0: 0 0x80004704 (0x3ff9) x1  0x80004706
core   0: 0x800046e2 (0x000028a1) c.jal   pc + 88
core   0: 0 0x800046e2 (0x28a1) x1  0x800046e4
core   0: 0x8000473a (0x0ff0000f) fence   iorw,iorw
core   0: 0 0x8000473a (0x0ff0000f)
core   0: 0x8000473e (0x0160076f) jal     a4, pc + 0x16
core   0: 0 0x8000473e (0x0160076f) x14 0x80004742
core   0: 0x80004754 (0x0000bfed) c.j     pc - 6
core   0: 0 0x80004754 (0xbfed)
core   0: 0x8000474e (0x0000a835) c.j     pc + 60
core   0: 0 0x8000474e (0xa835)
core   0: 0x8000478a (0xff3ff0ef) jal     pc - 0xe
core   0: 0 0x8000478a (0xff3ff0ef) x1  0x8000478e
core   0: 0x8000477c (0xfcbff0ef) jal     pc - 0x36
core   0: 0 0x8000477c (0xfcbff0ef) x1  0x80004780
core   0: 0x80004746 (0x0000a009) c.j     pc + 2
core   0: 0 0x80004746 (0xa009)
core   0: 0x80004748 (0x0000a035) c.j     pc + 44
core   0: 0 0x80004748 (0xa035)
core   0: 0x80004774 (0x00c000ef) jal     pc + 0xc
core   0: 0 0x80004774 (0x00c000ef) x1  0x80004778
core   0: 0x80004780 (0xfebff0ef) jal     pc - 0x16
core   0: 0 0x80004780 (0xfebff0ef) x1  0x80004784
core   0: 0x8000476a (0xfd9ff0ef) jal     pc - 0x28
core   0: 0 0x8000476a (0xfd9ff0ef) x1  0x8000476e
core   0: 0x80004742 (0x008000ef) jal     pc + 0x8
core   0: 0 0x80004742 (0x008000ef) x1  0x80004746
core   0: 0x8000474a (0x03a0036f) jal     t1, pc + 0x3a
core   0: 0 0x8000474a (0x03a0036f) x6  0x8000474e
core   0: 0x80004784 (0x000037c5) c.jal   pc - 32
core   0: 0 0x80004784 (0x37c5) x1  0x80004786
core   0: 0x80004764 (0x0000a039) c.j     pc + 14
core   0: 0 0x80004764 (0xa039)
core   0: 0x80004772 (0x000037ed) c.jal   pc - 22
core   0: 0 0x80004772 (0x37ed) x1  0x80004774
core   0: 0x8000475c (0x02a000ef) jal     pc + 0x2a
core   0: 0 0x8000475c (0x02a000ef) x1  0x80004760
core   0: 0x80004786 (0xfd5ff36f) jal     t1, pc - 0x2c
core   0: 0 0x80004786 (0xfd5ff36f) x6  0x8000478a
core   0: 0x8000475a (0x0000a005) c.j     pc + 32
core   0: 0 0x8000475a (0xa005)
core   0: 0x8000477a (0x0000b7f5) c.j     pc - 20
core   0: 0 0x8000477a (0xb7f5)
core   0: 0x80004766 (0xffbff1ef) jal     gp, pc - 0x6
core   0: 0 0x80004766 (0xffbff1ef) x3  0x8000476a
core   0: 0x80004760 (0x00e008ef) jal     a7, pc + 0xe
core   0: 0 0x80004760 (0x00e008ef) x17 0x80004764
core   0: 0x8000476e (0xfe9ff36f) jal     t1, pc - 0x18
core   0: 0 0x8000476e (0xfe9ff36f) x6  0x80004772
core   0: 0x80004756 (0xffbfffef) jal     t6, pc - 0x6
core   0: 0 0x80004756 (0xffbfffef) x31 0x8000475a
core   0: 0x80004750 (0x0280036f) jal     t1, pc + 0x28
core   0: 0 0x80004750 (0x0280036f) x6  0x80004754
core   0: 0x80004778 (0x0000a819) c.j     pc + 22
core   0: 0 0x80004778 (0xa819)
core   0: 0x8000478e (0x000087ad) c.srai  a5, 11
core   0: 0 0x8000478e (0x87ad) x15 0xfff00008
core   0: 0x80004790 (0x0360076f) jal     a4, pc + 0x36
core   0: 0 0x80004790 (0x0360076f) x14 0x80004794
core   0: 0x800047c6 (0x000037c5) c.jal   pc - 32
core   0: 0 0x800047c6 (0x37c5) x1  0x800047c8
core   0: 0x800047a6 (0x0000a021) c.j     pc + 8
core   0: 0 0x800047a6 (0xa021)
core   0: 0x800047ae (0x0000b7ed) c.j     pc - 22
core   0: 0 0x800047ae (0xb7ed)
core   0: 0x80004798 (0x0000280d) c.jal   pc + 50
core   0: 0 0x80004798 (0x280d) x1  0x8000479a
core   0: 0x800047ca (0x0000a019) c.j     pc + 6
core   0: 0 0x800047ca (0xa019)
core   0: 0x800047d0 (0xfe5ff36f) jal     t1, pc - 0x1c
core   0: 0 0x800047d0 (0xfe5ff36f) x6  0x800047d4
core   0: 0x800047b4 (0x020003ef) jal     t2, pc + 0x20
core   0: 0 0x800047b4 (0x020003ef) x7  0x800047b8
core   0: 0x800047d4 (0xfcdff0ef) jal     pc - 0x34
core   0: 0 0x800047d4 (0xfcdff0ef) x1  0x800047d8
core   0: 0x800047a0 (0x0000a009) c.j     pc + 2
core   0: 0 0x800047a0 (0xa009)
core   0: 0x800047a2 (0x02000eef) jal     t4, pc + 0x20
core   0: 0 0x800047a2 (0x02000eef) x29 0x800047a6
core   0: 0x800047c2 (0x0000bfed) c.j     pc - 6
core   0: 0 0x800047c2 (0xbfed)
core   0: 0x800047bc (0x004000ef) jal     pc + 0x4
core   0: 0 0x800047bc (0x004000ef) x1  0x800047c0
core   0: 0x800047c0 (0x00003fc5) c.jal   pc - 16
core   0: 0 0x800047c0 (0x3fc5) x1  0x800047c2
core   0: 0x800047b0 (0x018000ef) jal     pc + 0x18
core   0: 0 0x800047b0 (0x018000ef) x1  0x800047b4
core   0: 0x800047c8 (0x0000b7cd) c.j     pc - 30
core   0: 0 0x800047c8 (0xb7cd)
core   0: 0x800047aa (0x0220036f) jal     t1, pc + 0x22
core   0: 0 0x800047aa (0x0220036f) x6  0x800047ae
core   0: 0x800047cc (0xfd1ff2ef) jal     t0, pc - 0x30
core   0: 0 0x800047cc (0xfd1ff2ef) x5  0x800047d0
core   0: 0x8000479c (0xff9ffa6f) jal     s4, pc - 0x8
core   0: 0 0x8000479c (0xff9ffa6f) x20 0x800047a0
core   0: 0x80004794 (0x0140036f) jal     t1, pc + 0x14
core   0: 0 0x80004794 (0x0140036f) x6  0x80004798
core   0: 0x800047a8 (0x0000a831) c.j     pc + 28
core   0: 0 0x800047a8 (0xa831)
core   0: 0x800047c4 (0x0000bfd5) c.j     pc - 12
core   0: 0 0x800047c4 (0xbfd5)
core   0: 0x800047b8 (0xfe3ff0ef) jal     pc - 0x1e
core   0: 0 0x800047b8 (0xfe3ff0ef) x1  0x800047bc
core   0: 0x8000479a (0x0000a83d) c.j     pc + 62
core   0: 0 0x8000479a (0xa83d)
core   0: 0x800047d8 (0x0000987d) c.andi  s0, -1
core   0: 0 0x800047d8 (0x987d) x8  0x80004626
core   0: 0x800047da (0x03e0076f) jal     a4, pc + 0x3e
core   0: 0 0x800047da (0x03e0076f) x14 0x800047de
core   0: 0x80004818 (0x0000bfd1) c.j     pc - 44
core   0: 0 0x80004818 (0xbfd1)
core   0: 0x800047ec (0x0000a009) c.j     pc + 2
core   0: 0 0x800047ec (0xa009)
core   0: 0x800047ee (0x00002801) c.jal   pc + 16
core   0: 0 0x800047ee (0x2801) x1  0x800047f0
core   0: 0x800047fe (0x0000b7f5) c.j     pc - 20
core   0: 0 0x800047fe (0xb7f5)
core   0: 0x800047ea (0x0000a035) c.j     pc + 44
core   0: 0 0x800047ea (0xa035)
core   0: 0x80004816 (0x0000a031) c.j     pc + 12
core   0: 0 0x80004816 (0xa031)
core   0: 0x80004822 (0x0000a011) c.j     pc + 4
core   0: 0 0x80004822 (0xa011)
core   0: 0x80004826 (0xff7ff0ef) jal     pc - 0xa
core   0: 0 0x80004826 (0xff7ff0ef) x1  0x8000482a
core   0: 0x8000481c (0x00003fd1) c.jal   pc - 44
core   0: 0 0x8000481c (0x3fd1) x1  0x8000481e
core   0: 0x800047f0 (0x00002815) c.jal   pc + 52
core   0: 0 0x800047f0 (0x2815) x1  0x800047f2
core   0: 0x80004824 (0x0000bf7d) c.j     pc - 66
core   0: 0 0x80004824 (0xbf7d)
core   0: 0x800047e2 (0x04800eef) jal     t4, pc + 0x48
core   0: 0 0x800047e2 (0x04800eef) x29 0x800047e6
core   0: 0x8000482a (0x0000bfe1) c.j     pc - 40
core   0: 0 0x8000482a (0xbfe1)
core   0: 0x80004802 (0x0000a809) c.j     pc + 18
core   0: 0 0x80004802 (0xa809)
core   0: 0x80004814 (0x0000bff9) c.j     pc - 34
core   0: 0 0x80004814 (0xbff9)
core   0: 0x800047f2 (0x01e0036f) jal     t1, pc + 0x1e
core   0: 0 0x800047f2 (0x01e0036f) x6  0x800047f6
core   0: 0x80004810 (0xff1fffef) jal     t6, pc - 0x10
core   0: 0 0x80004810 (0xff1fffef) x31 0x80004814
core   0: 0x80004800 (0x0000bff9) c.j     pc - 34
core   0: 0 0x80004800 (0xbff9)
core   0: 0x800047de (0x0000203d) c.jal   pc + 46
core   0: 0 0x800047de (0x203d) x1  0x800047e0
core   0: 0x8000480c (0x000037fd) c.jal   pc - 18
core   0: 0 0x8000480c (0x37fd) x1  0x8000480e
core   0: 0x800047fa (0xffdff26f) jal     tp, pc - 0x4
core   0: 0 0x800047fa (0xffdff26f) x4  0x800047fe
core   0: 0x800047f6 (0xff1ff0ef) jal     pc - 0x10
core   0: 0 0x800047f6 (0xff1ff0ef) x1  0x800047fa
core   0: 0x800047e6 (0x034000ef) jal     pc + 0x34
core   0: 0 0x800047e6 (0x034000ef) x1  0x800047ea
core   0: 0x8000481a (0x000037fd) c.jal   pc - 18
core   0: 0 0x8000481a (0x37fd) x1  0x8000481c
core   0: 0x80004808 (0x016000ef) jal     pc + 0x16
core   0: 0 0x80004808 (0x016000ef) x1  0x8000480c
core   0: 0x8000481e (0xff1ff2ef) jal     t0, pc - 0x10
core   0: 0 0x8000481e (0xff1ff2ef) x5  0x80004822
core   0: 0x8000480e (0x00003fdd) c.jal   pc - 10
core   0: 0 0x8000480e (0x3fdd) x1  0x80004810
core   0: 0x80004804 (0xfddff0ef) jal     pc - 0x24
core   0: 0 0x80004804 (0xfddff0ef) x1  0x80004808
core   0: 0x800047e0 (0x000020b1) c.jal   pc + 76
core   0: 0 0x800047e0 (0x20b1) x1  0x800047e2
core   0: 0x8000482c (0x0000100f) fence.i
core   0: 0 0x8000482c (0x0000100f)
core   0: 0x80004830 (0x0040076f) jal     a4, pc + 0x4
core   0: 0 0x80004830 (0x0040076f) x14 0x80004834
core   0: 0x80004834 (0x014002ef) jal     t0, pc + 0x14
core   0: 0 0x80004834 (0x014002ef) x5  0x80004838
core   0: 0x80004848 (0xff5ff0ef) jal     pc - 0xc
core   0: 0 0x80004848 (0xff5ff0ef) x1  0x8000484c
core   0: 0x8000483c (0x0000a019) c.j     pc + 6
core   0: 0 0x8000483c (0xa019)
core   0: 0x80004842 (0x00003fdd) c.jal   pc - 10
core   0: 0 0x80004842 (0x3fdd) x1  0x80004844
core   0: 0x80004838 (0x00002019) c.jal   pc + 6
core   0: 0 0x80004838 (0x2019) x1  0x8000483a
core   0: 0x8000483e (0x00002039) c.jal   pc + 14
core   0: 0 0x8000483e (0x2039) x1  0x80004840
core   0: 0x8000484c (0x0000a809) c.j     pc + 18
core   0: 0 0x8000484c (0xa809)
core   0: 0x8000485e (0xfe3ff0ef) jal     pc - 0x1e
core   0: 0 0x8000485e (0xfe3ff0ef) x1  0x80004862
core   0: 0x80004840 (0x0000a039) c.j     pc + 14
core   0: 0 0x80004840 (0xa039)
core   0: 0x8000484e (0x0000a031) c.j     pc + 12
core   0: 0 0x8000484e (0xa031)
core   0: 0x8000485a (0x0000bfdd) c.j     pc - 10
core   0: 0 0x8000485a (0xbfdd)
core   0: 0x80004850 (0x004000ef) jal     pc + 0x4
core   0: 0 0x80004850 (0x004000ef) x1  0x80004854
core   0: 0x80004854 (0x00002009) c.jal   pc + 2
core   0: 0 0x80004854 (0x2009) x1  0x80004856
core   0: 0x80004856 (0x0060036f) jal     t1, pc + 0x6
core   0: 0 0x80004856 (0x0060036f) x6  0x8000485a
core   0: 0x8000485c (0x0000b7e5) c.j     pc - 24
core   0: 0 0x8000485c (0xb7e5)
core   0: 0x80004844 (0xff7ff0ef) jal     pc - 0xa
core   0: 0 0x80004844 (0xff7ff0ef) x1  0x80004848
core   0: 0x8000483a (0x00002025) c.jal   pc + 40
core   0: 0 0x8000483a (0x2025) x1  0x8000483c
core   0: 0x80004862 (0x00000ace) c.slli  s5, 19
core   0: 0 0x80004862 (0x0ace) x21 0x67f00000
core   0: 0x80004864 (0x0000100f) fence.i
core   0: 0 0x80004864 (0x0000100f)
core   0: 0x80004868 (0x40057097) auipc   ra, 0x40057
core   0: 0 0x80004868 (0x40057097) x1  0xc005b868
core   0: 0x8000486c (0x020b6d33) rem     s10, s6, zero
core   0: 0 0x8000486c (0x020b6d33) x26 0xe7411c72
core   0: 0x80004870 (0x0149ca63) blt     s3, s4, pc + 20
core   0: 0 0x80004870 (0x0149ca63)
core   0: 0x80004884 (0x00969c93) slli    s9, a3, 9
core   0: 0 0x80004884 (0x00969c93) x25 0x008be800
core   0: 0x80004888 (0x01e48763) beq     s1, t5, pc + 14
core   0: 0 0x80004888 (0x01e48763)
core   0: 0x8000488c (0x00008449) c.srai  s0, 18
core   0: 0 0x8000488c (0x8449) x8  0xffffe000
core   0: 0x8000488e (0xd5fba213) slti    tp, s7, -673
core   0: 0 0x8000488e (0xd5fba213) x4  0x00000001
core   0: 0x80004892 (0x01c6d713) srli    a4, a3, 28
core   0: 0 0x80004892 (0x01c6d713) x14 0x00000008
core   0: 0x80004896 (0x400ffe13) andi    t3, t6, 1024
core   0: 0 0x80004896 (0x400ffe13) x28 0x00000000
core   0: 0x8000489a (0x00008f29) c.xor   a4, a0
core   0: 0 0x8000489a (0x8f29) x14 0x8000473c
core   0: 0x8000489c (0x00008e35) c.xor   a2, a3
core   0: 0 0x8000489c (0x8e35) x12 0x000003de
core   0: 0x8000489e (0x00008d09) c.sub   a0, a0
core   0: 0 0x8000489e (0x8d09) x10 0x00000000
core   0: 0x800048a0 (0x01e1ba33) sltu    s4, gp, t5
core   0: 0 0x800048a0 (0x01e1ba33) x20 0x00000001
core   0: 0x800048a4 (0x0000717d) c.addi16sp sp, -16
core   0: 0 0x800048a4 (0x717d) x2  0x80004694
core   0: 0x800048a6 (0x00008f75) c.and   a4, a3
core   0: 0 0x800048a6 (0x8f75) x14 0x80004534
core   0: 0x800048a8 (0x000061a1) c.lui   gp, 0x8
core   0: 0 0x800048a8 (0x61a1) x3  0x00008000
core   0: 0x800048aa (0x74f8f293) andi    t0, a7, 1871
core   0: 0 0x800048aa (0x74f8f293) x5  0x00000744
core   0: 0x800048ae (0x00006469) c.lui   s0, 0x1a
core   0: 0 0x800048ae (0x6469) x8  0x0001a000
core   0: 0x800048b0 (0x40cad213) srai    tp, s5, 12
core   0: 0 0x800048b0 (0x40cad213) x4  0x00067f00
core   0: 0x800048b4 (0x0000029c) c.addi4spn a5, sp, 320
core   0: 0 0x800048b4 (0x029c) x15 0x800047d4
core   0: 0x800048b6 (0x0000ea11) c.bnez  a2, pc + 20
core   0: 0 0x800048b6 (0xea11)
core   0: 0x800048ca (0x036267b3) rem     a5, tp, s6
core   0: 0 0x800048ca (0x036267b3) x15 0x00067f00
core   0: 0x800048ce (0x40de8833) sub     a6, t4, a3
core   0: 0 0x800048ce (0x40de8833) x16 0x000001f2
core   0: 0x800048d2 (0x0018d963) bge     a7, ra, pc + 18
core   0: 0 0x800048d2 (0x0018d963)
core   0: 0x800048d6 (0x02204d33) div     s10, zero, sp
core   0: 0 0x800048d6 (0x02204d33) x26 0x00000000
core   0: 0x800048da (0x030020b3) mulhsu  ra, zero, a6
core   0: 0 0x800048da (0x030020b3) x1  0x00000000
core   0: 0x800048de (0x0ff0000f) fence   iorw,iorw
core   0: 0 0x800048de (0x0ff0000f)
core   0: 0x800048e2 (0x0000997d) c.andi  a0, -1
core   0: 0 0x800048e2 (0x997d) x10 0x00000000
core   0: 0x800048e4 (0x00000a9d) c.addi  s5, 7
core   0: 0 0x800048e4 (0x0a9d) x21 0x67f00007
core   0: 0x800048e6 (0x00cedc63) bge     t4, a2, pc + 24
core   0: 0 0x800048e6 (0x00cedc63)
core   0: 0x800048ea (0x02738e33) mul     t3, t2, t2
core   0: 0 0x800048ea (0x02738e33) x28 0x14179440
core   0: 0x800048ee (0x02b5c333) div     t1, a1, a1
core   0: 0 0x800048ee (0x02b5c333) x6  0x00000001
core   0: 0x800048f2 (0x022052b3) divu    t0, zero, sp
core   0: 0 0x800048f2 (0x022052b3) x5  0x00000000
core   0: 0x800048f6 (0x03948263) beq     s1, s9, pc + 36
core   0: 0 0x800048f6 (0x03948263)
core   0: 0x800048fa (0xbbabfa13) andi    s4, s7, -1094
core   0: 0 0x800048fa (0xbbabfa13) x20 0x800042b0
core   0: 0x800048fe (0x028817b3) mulh    a5, a6, s0
core   0: 0 0x800048fe (0x028817b3) x15 0x00000000
core   0: 0x80004902 (0x023109b3) mul     s3, sp, gp
core   0: 0 0x80004902 (0x023109b3) x19 0x234a0000
core   0: 0x80004906 (0x95496193) ori     gp, s2, -1708
core   0: 0 0x80004906 (0x95496193) x3  0xffffff7c
core   0: 0x8000490a (0x0000827d) c.srli  a2, 31
core   0: 0 0x8000490a (0x827d) x12 0x00000000
core   0: 0x8000490c (0x41285a93) srai    s5, a6, 18
core   0: 0 0x8000490c (0x41285a93) x21 0x00000000
core   0: 0x80004910 (0x02c716b3) mulh    a3, a4, a2
core   0: 0 0x80004910 (0x02c716b3) x13 0x00000000
core   0: 0x80004914 (0x0000876a) c.mv    a4, s10
core   0: 0 0x80004914 (0x876a) x14 0x00000000
core   0: 0x80004916 (0x42acea93) ori     s5, s9, 1066
core   0: 0 0x80004916 (0x42acea93) x21 0x008bec2a
core   0: 0x8000491a (0x03f46333) rem     t1, s0, t6
core   0: 0 0x8000491a (0x03f46333) x6  0x0001a000
core   0: 0x8000491e (0x00008f21) c.xor   a4, s0
core   0: 0 0x8000491e (0x8f21) x14 0x0001a000
core   0: 0x80004920 (0x00009a5a) c.add   s4, s6
core   0: 0 0x80004920 (0x9a5a) x20 0x67415f22
core   0: 0x80004922 (0x02efd7b3) divu    a5, t6, a4
core   0: 0 0x80004922 (0x02efd7b3) x15 0x00004ec5
core   0: 0x80004926 (0x04cc4363) blt     s8, a2, pc + 70
core   0: 0 0x80004926 (0x04cc4363)
core   0: 0x8000496c (0x000057fd) c.li    a5, -1
core   0: 0 0x8000496c (0x57fd) x15 0xffffffff
core   0: 0x8000496e (0x02dbe6b3) rem     a3, s7, a3
core   0: 0 0x8000496e (0x02dbe6b3) x13 0x800042b4
core   0: 0x80004972 (0x00917733) and     a4, sp, s1
core   0: 0 0x80004972 (0x00917733) x14 0x80004604
core   0: 0x80004976 (0x023b0363) beq     s6, gp, pc + 38
core   0: 0 0x80004976 (0x023b0363)
core   0: 0x8000497a (0x00008e59) c.or    a2, a4
core   0: 0 0x8000497a (0x8e59) x12 0x80004604
core   0: 0x8000497c (0x0176b1b3) sltu    gp, a3, s7
core   0: 0 0x8000497c (0x0176b1b3) x3  0x00000000
core   0: 0x80004980 (0x025d1e33) mulh    t3, s10, t0
core   0: 0 0x80004980 (0x025d1e33) x28 0x00000000
core   0: 0x80004984 (0x00008ea1) c.xor   a3, s0
core   0: 0 0x80004984 (0x8ea1) x13 0x8001e2b4
core   0: 0x80004986 (0xe4dd7893) andi    a7, s10, -435
core   0: 0 0x80004986 (0xe4dd7893) x17 0x00000000
core   0: 0x8000498a (0x00008c21) c.xor   s0, s0
core   0: 0 0x8000498a (0x8c21) x8  0x00000000
core   0: 0x8000498c (0x0000567d) c.li    a2, -1
core   0: 0 0x8000498c (0x567d) x12 0xffffffff
core   0: 0x8000498e (0x000008ba) c.slli  a7, 14
core   0: 0 0x8000498e (0x08ba) x17 0x00000000
core   0: 0x80004990 (0x03cbe433) rem     s0, s7, t3
core   0: 0 0x80004990 (0x03cbe433) x8  0x800042b4
core   0: 0x80004994 (0x013b1d93) slli    s11, s6, 19
core   0: 0 0x80004994 (0x013b1d93) x27 0xe3900000
core   0: 0x80004998 (0x00aa2fb3) slt     t6, s4, a0
core   0: 0 0x80004998 (0x00aa2fb3) x31 0x00000000
core   0: 0x8000499c (0x00008d32) c.mv    s10, a2
core   0: 0 0x8000499c (0x8d32) x26 0xffffffff
core   0: 0x8000499e (0x05a56063) bltu    a0, s10, pc + 64
core   0: 0 0x8000499e (0x05a56063)
core   0: 0x800049de (0x01784233) xor     tp, a6, s7
core   0: 0 0x800049de (0x01784233) x4  0x80004346
core   0: 0x800049e2 (0xa0e35417) auipc   s0, 0xa0e35
core   0: 0 0x800049e2 (0xa0e35417) x8  0x20e399e2
core   0: 0x800049e6 (0x00008c75) c.and   s0, a3
core   0: 0 0x800049e6 (0x8c75) x8  0x000180a0
core   0: 0x800049e8 (0x0000884a) c.mv    a6, s2
core   0: 0 0x800049e8 (0x884a) x16 0x80004738
core   0: 0x800049ea (0x00008c6d) c.and   s0, a1
core   0: 0 0x800049ea (0x8c6d) x8  0x000080a0
core   0: 0x800049ec (0x0100076f) jal     a4, pc + 0x10
core   0: 0 0x800049ec (0x0100076f) x14 0x800049f0
core   0: 0x800049fc (0x0000bfe5) c.j     pc - 8
core   0: 0 0x800049fc (0xbfe5)
core   0: 0x800049f4 (0x0000a801) c.j     pc + 16
core   0: 0 0x800049f4 (0xa801)
core   0: 0x80004a04 (0x0000bfed) c.j     pc - 6
core   0: 0 0x80004a04 (0xbfed)
core   0: 0x800049fe (0x00003fe5) c.jal   pc - 8
core   0: 0 0x800049fe (0x3fe5) x1  0x80004a00
core   0: 0x800049f6 (0x0000bff5) c.j     pc - 4
core   0: 0 0x800049f6 (0xbff5)
core   0: 0x800049f2 (0x00002811) c.jal   pc + 20
core   0: 0 0x800049f2 (0x2811) x1  0x800049f4
core   0: 0x80004a06 (0x00003fed) c.jal   pc - 6
core   0: 0 0x80004a06 (0x3fed) x1  0x80004a08
core   0: 0x80004a00 (0x00003fe5) c.jal   pc - 8
core   0: 0 0x80004a00 (0x3fe5) x1  0x80004a02
core   0: 0x800049f8 (0x00002029) c.jal   pc + 10
core   0: 0 0x800049f8 (0x2029) x1  0x800049fa
core   0: 0x80004a02 (0x0000b7fd) c.j     pc - 18
core   0: 0 0x80004a02 (0xb7fd)
core   0: 0x800049f0 (0x00002029) c.jal   pc + 10
core   0: 0 0x800049f0 (0x2029) x1  0x800049f2
core   0: 0x800049fa (0x0000a039) c.j     pc + 14
core   0: 0 0x800049fa (0xa039)
core   0: 0x80004a08 (0x004000ef) jal     pc + 0x4
core   0: 0 0x80004a08 (0x004000ef) x1  0x80004a0c
core   0: 0x80004a0c (0x00008ead) c.xor   a3, a1
core   0: 0 0x80004a0c (0x8ead) x13 0x094f4e00
core   0: 0x80004a0e (0x00de1a93) slli    s5, t3, 13
core   0: 0 0x80004a0e (0x00de1a93) x21 0x00000000
core   0: 0x80004a12 (0x01a34463) blt     t1, s10, pc + 8
core   0: 0 0x80004a12 (0x01a34463)
core   0: 0x80004a16 (0x009fd0b3) srl     ra, t6, s1
core   0: 0 0x80004a16 (0x009fd0b3) x1  0x00000000
core   0: 0x80004a1a (0x0000c80d) c.beqz  s0, pc + 50
core   0: 0 0x80004a1a (0xc80d)
core   0: 0x80004a1c (0x01dbffb3) and     t6, s7, t4
core   0: 0 0x80004a1c (0x01dbffb3) x31 0x800042a4
core   0: 0x80004a20 (0x013b1e93) slli    t4, s6, 19
core   0: 0 0x80004a20 (0x013b1e93) x29 0xe3900000
core   0: 0x80004a24 (0x4080dc33) sra     s8, ra, s0
core   0: 0 0x80004a24 (0x4080dc33) x24 0x00000000
core   0: 0x80004a28 (0x00008711) c.srai  a4, 4
core   0: 0 0x80004a28 (0x8711) x14 0xf800049f
core   0: 0x80004a2a (0x0000cd19) c.beqz  a0, pc + 30
core   0: 0 0x80004a2a (0xcd19)
core   0: 0x80004a48 (0x0153b233) sltu    tp, t2, s5
core   0: 0 0x80004a48 (0x0153b233) x4  0x00000000
core   0: 0x80004a4c (0x00009ed6) c.add   t4, s5
core   0: 0 0x80004a4c (0x9ed6) x29 0xe3900000
core   0: 0x80004a4e (0x0000820d) c.srli  a2, 3
core   0: 0 0x80004a4e (0x820d) x12 0x1fffffff
core   0: 0x80004a50 (0x00008545) c.srai  a0, 17
core   0: 0 0x80004a50 (0x8545) x10 0x00000000
core   0: 0x80004a52 (0x0160076f) jal     a4, pc + 0x16
core   0: 0 0x80004a52 (0x0160076f) x14 0x80004a56
core   0: 0x80004a68 (0x0000bfed) c.j     pc - 6
core   0: 0 0x80004a68 (0xbfed)
core   0: 0x80004a62 (0x0000a009) c.j     pc + 2
core   0: 0 0x80004a62 (0xa009)
core   0: 0x80004a64 (0xff5ffbef) jal     s7, pc - 0xc
core   0: 0 0x80004a64 (0xff5ffbef) x23 0x80004a68
core   0: 0x80004a58 (0x0000a009) c.j     pc + 2
core   0: 0 0x80004a58 (0xa009)
core   0: 0x80004a5a (0x0000a829) c.j     pc + 26
core   0: 0 0x80004a5a (0xa829)
core   0: 0x80004a74 (0x000037cd) c.jal   pc - 30
core   0: 0 0x80004a74 (0x37cd) x1  0x80004a76
core   0: 0x80004a56 (0x00002821) c.jal   pc + 24
core   0: 0 0x80004a56 (0x2821) x1  0x80004a58
core   0: 0x80004a6e (0xfefff36f) jal     t1, pc - 0x12
core   0: 0 0x80004a6e (0xfefff36f) x6  0x80004a72
core   0: 0x80004a5c (0x0000a801) c.j     pc + 16
core   0: 0 0x80004a5c (0xa801)
core   0: 0x80004a6c (0x00003fcd) c.jal   pc - 14
core   0: 0 0x80004a6c (0x3fcd) x1  0x80004a6e
core   0: 0x80004a5e (0x01a000ef) jal     pc + 0x1a
core   0: 0 0x80004a5e (0x01a000ef) x1  0x80004a62
core   0: 0x80004a78 (0xfffff0ef) jal     pc - 0x2
core   0: 0 0x80004a78 (0xfffff0ef) x1  0x80004a7c
core   0: 0x80004a76 (0x00003ff5) c.jal   pc - 4
core   0: 0 0x80004a76 (0x3ff5) x1  0x80004a78
core   0: 0x80004a72 (0x00002029) c.jal   pc + 10
core   0: 0 0x80004a72 (0x2029) x1  0x80004a74
core   0: 0x80004a7c (0xfefff0ef) jal     pc - 0x12
core   0: 0 0x80004a7c (0xfefff0ef) x1  0x80004a80
core   0: 0x80004a6a (0x0000a819) c.j     pc + 22
core   0: 0 0x80004a6a (0xa819)
core   0: 0x80004a80 (0x0000838e) c.mv    t2, gp
core   0: 0 0x80004a80 (0x838e) x7  0x00000000
core   0: 0x80004a82 (0x00008eed) c.and   a3, a1
core   0: 0 0x80004a82 (0x8eed) x13 0x094e0c00
core   0: 0x80004a84 (0x026a0ab3) mul     s5, s4, t1
core   0: 0 0x80004a84 (0x026a0ab3) x21 0xe09c3124
core   0: 0x80004a88 (0x00001294) c.addi4spn a3, sp, 352
core   0: 0 0x80004a88 (0x1294) x13 0x800047f4
core   0: 0x80004a8a (0x02000863) beqz    zero, pc + 48
core   0: 0 0x80004a8a (0x02000863)
core   0: 0x80004aba (0x016c6a63) bltu    s8, s6, pc + 20
core   0: 0 0x80004aba (0x016c6a63)
core   0: 0x80004ace (0x01409793) slli    a5, ra, 20
core   0: 0 0x80004ace (0x01409793) x15 0xa8000000
core   0: 0x80004ad2 (0x00000b9e) c.slli  s7, 7
core   0: 0 0x80004ad2 (0x0b9e) x23 0x00253400
core   0: 0x80004ad4 (0x038a8b33) mul     s6, s5, s8
core   0: 0 0x80004ad4 (0x038a8b33) x22 0x00000000
core   0: 0x80004ad8 (0x40dc0333) sub     t1, s8, a3
core   0: 0 0x80004ad8 (0x40dc0333) x6  0x7fffb80c
core   0: 0x80004adc (0x024033b3) mulhu   t2, zero, tp
core   0: 0 0x80004adc (0x024033b3) x7  0x00000000
core   0: 0x80004ae0 (0x02b29ab3) mulh    s5, t0, a1
core   0: 0 0x80004ae0 (0x02b29ab3) x21 0x00000000
core   0: 0x80004ae4 (0x405ed313) srai    t1, t4, 5
core   0: 0 0x80004ae4 (0x405ed313) x6  0xff1c8000
core   0: 0x80004ae8 (0x00fedc93) srli    s9, t4, 15
core   0: 0 0x80004ae8 (0x00fedc93) x25 0x0001c720
core   0: 0x80004aec (0x0080076f) jal     a4, pc + 0x8
core   0: 0 0x80004aec (0x0080076f) x14 0x80004af0
core   0: 0x80004af4 (0x0000a015) c.j     pc + 36
core   0: 0 0x80004af4 (0xa015)
core   0: 0x80004b18 (0x000037fd) c.jal   pc - 18
core   0: 0 0x80004b18 (0x37fd) x1  0x80004b1a
core   0: 0x80004b06 (0x00c000ef) jal     pc + 0xc
core   0: 0 0x80004b06 (0x00c000ef) x1  0x80004b0a
core   0: 0x80004b12 (0x00002029) c.jal   pc + 10
core   0: 0 0x80004b12 (0x2029) x1  0x80004b14
core   0: 0x80004b1c (0x0000b7dd) c.j     pc - 26
core   0: 0 0x80004b1c (0xb7dd)
core   0: 0x80004b02 (0x00e000ef) jal     pc + 0xe
core   0: 0 0x80004b02 (0x00e000ef) x1  0x80004b06
core   0: 0x80004b10 (0x00003ff5) c.jal   pc - 4
core   0: 0 0x80004b10 (0x3ff5) x1  0x80004b12
core   0: 0x80004b0c (0x0000b7ed) c.j     pc - 22
core   0: 0 0x80004b0c (0xb7ed)
core   0: 0x80004af6 (0x004000ef) jal     pc + 0x4
core   0: 0 0x80004af6 (0x004000ef) x1  0x80004afa
core   0: 0x80004afa (0x00003fdd) c.jal   pc - 10
core   0: 0 0x80004afa (0x3fdd) x1  0x80004afc
core   0: 0x80004af0 (0x01e0026f) jal     tp, pc + 0x1e
core   0: 0 0x80004af0 (0x01e0026f) x4  0x80004af4
core   0: 0x80004b0e (0x00003fcd) c.jal   pc - 14
core   0: 0 0x80004b0e (0x3fcd) x1  0x80004b10
core   0: 0x80004b00 (0x0000a811) c.j     pc + 20
core   0: 0 0x80004b00 (0xa811)
core   0: 0x80004b14 (0x00002019) c.jal   pc + 6
core   0: 0 0x80004b14 (0x2019) x1  0x80004b16
core   0: 0x80004b1a (0x00003fc5) c.jal   pc - 16
core   0: 0 0x80004b1a (0x3fc5) x1  0x80004b1c
core   0: 0x80004b0a (0x00003fcd) c.jal   pc - 14
core   0: 0 0x80004b0a (0x3fcd) x1  0x80004b0c
core   0: 0x80004afc (0x01a0036f) jal     t1, pc + 0x1a
core   0: 0 0x80004afc (0x01a0036f) x6  0x80004b00
core   0: 0x80004b16 (0x00002021) c.jal   pc + 8
core   0: 0 0x80004b16 (0x2021) x1  0x80004b18
core   0: 0x80004b1e (0x5df60e13) addi    t3, a2, 1503
core   0: 0 0x80004b1e (0x5df60e13) x28 0x200005de
core   0: 0x80004b22 (0x5929aa13) slti    s4, s3, 1426
core   0: 0 0x80004b22 (0x5929aa13) x20 0x00000000
core   0: 0x80004b26 (0x000087a5) c.srai  a5, 9
core   0: 0 0x80004b26 (0x87a5) x15 0xffd40000
core   0: 0x80004b28 (0x37d75b37) lui     s6, 0x37d75
core   0: 0 0x80004b28 (0x37d75b37) x22 0x37d75000
core   0: 0x80004b2c (0x0000100f) fence.i
core   0: 0 0x80004b2c (0x0000100f)
core   0: 0x80004b30 (0x00127263) bgeu    tp, ra, pc + 4
core   0: 0 0x80004b30 (0x00127263)
core   0: 0x80004b34 (0x03520033) mul     zero, tp, s5
core   0: 0 0x80004b34 (0x03520033)
core   0: 0x80004b38 (0x01ec1e13) slli    t3, s8, 30
core   0: 0 0x80004b38 (0x01ec1e13) x28 0x00000000
core   0: 0x80004b3c (0x02c029b3) mulhsu  s3, zero, a2
core   0: 0 0x80004b3c (0x02c029b3) x19 0x00000000
core   0: 0x80004b40 (0x00000001) c.nop
core   0: 0 0x80004b40 (0x0001)
core   0: 0x80004b42 (0x000000d2) c.slli  ra, 20
core   0: 0 0x80004b42 (0x00d2) x1  0xb1800000
core   0: 0x80004b44 (0x0317e933) rem     s2, a5, a7
core   0: 0 0x80004b44 (0x0317e933) x18 0xffd40000
core   0: 0x80004b48 (0x00000001) c.nop
core   0: 0 0x80004b48 (0x0001)
core   0: 0x80004b4a (0x0ff0000f) fence   iorw,iorw
core   0: 0 0x80004b4a (0x0ff0000f)
core   0: 0x80004b4e (0x00008fe5) c.and   a5, s1
core   0: 0 0x80004b4e (0x8fe5) x15 0x80000000
core   0: 0x80004b50 (0x0000e919) c.bnez  a0, pc + 22
core   0: 0 0x80004b50 (0xe919)
core   0: 0x80004b52 (0x0231ea63) bltu    gp, gp, pc + 52
core   0: 0 0x80004b52 (0x0231ea63)
core   0: 0x80004b56 (0x01e49993) slli    s3, s1, 30
core   0: 0 0x80004b56 (0x01e49993) x19 0x00000000
core   0: 0x80004b5a (0x00005dfd) c.li    s11, -1
core   0: 0 0x80004b5a (0x5dfd) x27 0xffffffff
core   0: 0x80004b5c (0x0000ca01) c.beqz  a2, pc + 16
core   0: 0 0x80004b5c (0xca01)
core   0: 0x80004b5e (0x0ff0000f) fence   iorw,iorw
core   0: 0 0x80004b5e (0x0ff0000f)
core   0: 0x80004b62 (0x0287e933) rem     s2, a5, s0
core   0: 0 0x80004b62 (0x0287e933) x18 0xffffb8a0
core   0: 0x80004b66 (0x02a92e33) mulhsu  t3, s2, a0
core   0: 0 0x80004b66 (0x02a92e33) x28 0x00000000
core   0: 0x80004b6a (0x00008eed) c.and   a3, a1
core   0: 0 0x80004b6a (0x8eed) x13 0x800004b4
core   0: 0x80004b6c (0x00fb4563) blt     s6, a5, pc + 10
core   0: 0 0x80004b6c (0x00fb4563)
core   0: 0x80004b70 (0x00008162) c.mv    sp, s8
core   0: 0 0x80004b70 (0x8162) x2  0x00000000
core   0: 0x80004b72 (0x0000717d) c.addi16sp sp, -16
core   0: 0 0x80004b72 (0x717d) x2  0xfffffff0
core   0: 0x80004b74 (0x00004615) c.li    a2, 5
core   0: 0 0x80004b74 (0x4615) x12 0x00000005
core   0: 0x80004b76 (0x41048a33) sub     s4, s1, a6
core   0: 0 0x80004b76 (0x41048a33) x20 0x0001a6f4
core   0: 0x80004b7a (0x00371293) slli    t0, a4, 3
core   0: 0 0x80004b7a (0x00371293) x5  0x00025780
core   0: 0x80004b7e (0xec7e4097) auipc   ra, 0xec7e4
core   0: 0 0x80004b7e (0xec7e4097) x1  0x6c7e8b7e
core   0: 0x80004b82 (0x00c347b3) xor     a5, t1, a2
core   0: 0 0x80004b82 (0x00c347b3) x15 0x80004b05
core   0: 0x80004b86 (0xcfdcca93) xori    s5, s9, -771
core   0: 0 0x80004b86 (0xcfdcca93) x21 0xfffe3bdd
core   0: 0x80004b8a (0x0ff0000f) fence   iorw,iorw
core   0: 0 0x80004b8a (0x0ff0000f)
core   0: 0x80004b8e (0x013991b3) sll     gp, s3, s3
core   0: 0 0x80004b8e (0x013991b3) x3  0x00000000
core   0: 0x80004b92 (0x0000100f) fence.i
core   0: 0 0x80004b92 (0x0000100f)
core   0: 0x80004b96 (0x0041ed63) bltu    gp, tp, pc + 26
core   0: 0 0x80004b96 (0x0041ed63)
core   0: 0x80004bb0 (0x012256b3) srl     a3, tp, s2
core   0: 0 0x80004bb0 (0x012256b3) x13 0x80004af4
core   0: 0x80004bb4 (0x0360076f) jal     a4, pc + 0x36
core   0: 0 0x80004bb4 (0x0360076f) x14 0x80004bb8
core   0: 0x80004bea (0xfddff46f) jal     s0, pc - 0x24
core   0: 0 0x80004bea (0xfddff46f) x8  0x80004bee
core   0: 0x80004bc6 (0x0000bfdd) c.j     pc - 10
core   0: 0 0x80004bc6 (0xbfdd)
core   0: 0x80004bbc (0x0000a019) c.j     pc + 6
core   0: 0 0x80004bbc (0xa019)
core   0: 0x80004bc2 (0x0000a801) c.j     pc + 16
core   0: 0 0x80004bc2 (0xa801)
core   0: 0x80004bd2 (0x0000bfed) c.j     pc - 6
core   0: 0 0x80004bd2 (0xbfed)
core   0: 0x80004bcc (0x000037fd) c.jal   pc - 18
core   0: 0 0x80004bcc (0x37fd) x1  0x80004bce
core   0: 0x80004bba (0x00002811) c.jal   pc + 20
core   0: 0 0x80004bba (0x2811) x1  0x80004bbc
core   0: 0x80004bce (0x00c000ef) jal     pc + 0xc
core   0: 0 0x80004bce (0x00c000ef) x1  0x80004bd2
core   0: 0x80004bda (0x0000a831) c.j     pc + 28
core   0: 0 0x80004bda (0xa831)
core   0: 0x80004bf6 (0xfe7ff1ef) jal     gp, pc - 0x1a
core   0: 0 0x80004bf6 (0xfe7ff1ef) x3  0x80004bfa
core   0: 0x80004bdc (0x00002809) c.jal   pc + 18
core   0: 0 0x80004bdc (0x2809) x1  0x80004bde
core   0: 0x80004bee (0xfcbff26f) jal     tp, pc - 0x36
core   0: 0 0x80004bee (0xfcbff26f) x4  0x80004bf2
core   0: 0x80004bb8 (0x0000282d) c.jal   pc + 58
core   0: 0 0x80004bb8 (0x282d) x1  0x80004bba
core   0: 0x80004bf2 (0xfe7ff0ef) jal     pc - 0x1a
core   0: 0 0x80004bf2 (0xfe7ff0ef) x1  0x80004bf6
core   0: 0x80004bd8 (0x0000200d) c.jal   pc + 34
core   0: 0 0x80004bd8 (0x200d) x1  0x80004bda
core   0: 0x80004bfa (0xfefff0ef) jal     pc - 0x12
core   0: 0 0x80004bfa (0xfefff0ef) x1  0x80004bfe
core   0: 0x80004be8 (0x0000bff1) c.j     pc - 36
core   0: 0 0x80004be8 (0xbff1)
core   0: 0x80004bc4 (0x00003fed) c.jal   pc - 6
core   0: 0 0x80004bc4 (0x3fed) x1  0x80004bc6
core   0: 0x80004bbe (0x00002091) c.jal   pc + 68
core   0: 0 0x80004bbe (0x2091) x1  0x80004bc0
core   0: 0x80004c02 (0x0000b7d9) c.j     pc - 58
core   0: 0 0x80004c02 (0xb7d9)
core   0: 0x80004bc8 (0x01a000ef) jal     pc + 0x1a
core   0: 0 0x80004bc8 (0x01a000ef) x1  0x80004bcc
core   0: 0x80004be2 (0xfdfff36f) jal     t1, pc - 0x22
core   0: 0 0x80004be2 (0xfdfff36f) x6  0x80004be6
core   0: 0x80004bc0 (0x00002091) c.jal   pc + 68
core   0: 0 0x80004bc0 (0x2091) x1  0x80004bc2
core   0: 0x80004c04 (0x00003fc1) c.jal   pc - 48
core   0: 0 0x80004c04 (0x3fc1) x1  0x80004c06
core   0: 0x80004bd4 (0x02a000ef) jal     pc + 0x2a
core   0: 0 0x80004bd4 (0x02a000ef) x1  0x80004bd8
core   0: 0x80004bfe (0xfe9ff0ef) jal     pc - 0x18
core   0: 0 0x80004bfe (0xfe9ff0ef) x1  0x80004c02
core   0: 0x80004be6 (0x0000bfe5) c.j     pc - 8
core   0: 0 0x80004be6 (0xbfe5)
core   0: 0x80004bde (0x028000ef) jal     pc + 0x28
core   0: 0 0x80004bde (0x028000ef) x1  0x80004be2
core   0: 0x80004c06 (0x401f8733) sub     a4, t6, ra
core   0: 0 0x80004c06 (0x401f8733) x14 0xfffff6c2
core   0: 0x80004c0a (0x00005efd) c.li    t4, -1
core   0: 0 0x80004c0a (0x5efd) x29 0xffffffff
core   0: 0x80004c0c (0x029df7b3) remu    a5, s11, s1
core   0: 0 0x80004c0c (0x029df7b3) x15 0x7ffe11d3
core   0: 0x80004c10 (0xf21a2613) slti    a2, s4, -223
core   0: 0 0x80004c10 (0xf21a2613) x12 0x00000000
core   0: 0x80004c14 (0x0059dd13) srli    s10, s3, 5
core   0: 0 0x80004c14 (0x0059dd13) x26 0x00000000
core   0: 0x80004c18 (0x0325e063) bltu    a1, s2, pc + 32
core   0: 0 0x80004c18 (0x0325e063)
core   0: 0x80004c38 (0x0156c733) xor     a4, a3, s5
core   0: 0 0x80004c38 (0x0156c733) x14 0x7ffe7129
core   0: 0x80004c3c (0x01776333) or      t1, a4, s7
core   0: 0 0x80004c3c (0x01776333) x6  0x7fff7529
core   0: 0x80004c40 (0x02f59a33) mulh    s4, a1, a5
core   0: 0 0x80004c40 (0x02f59a33) x20 0xc4a83b79
core   0: 0x80004c44 (0x03eb5e63) bge     s6, t5, pc + 60
core   0: 0 0x80004c44 (0x03eb5e63)
core   0: 0x80004c80 (0x011866b3) or      a3, a6, a7
core   0: 0 0x80004c80 (0x011866b3) x13 0x80004738
core   0: 0x80004c84 (0x01f61133) sll     sp, a2, t6
core   0: 0 0x80004c84 (0x01f61133) x2  0x00000000
core   0: 0x80004c88 (0x018ece63) blt     t4, s8, pc + 28
core   0: 0 0x80004c88 (0x018ece63)
core   0: 0x80004ca4 (0x01011633) sll     a2, sp, a6
core   0: 0 0x80004ca4 (0x01011633) x12 0x00000000
core   0: 0x80004ca8 (0x01fa3eb3) sltu    t4, s4, t6
core   0: 0 0x80004ca8 (0x01fa3eb3) x29 0x00000000
core   0: 0x80004cac (0x00008d59) c.or    a0, a4
core   0: 0 0x80004cac (0x8d59) x10 0x7ffe7129
core   0: 0x80004cae (0x01a2a3b3) slt     t2, t0, s10
core   0: 0 0x80004cae (0x01a2a3b3) x7  0x00000000
core   0: 0x80004cb2 (0x00008236) c.mv    tp, a3
core   0: 0 0x80004cb2 (0x8236) x4  0x80004738
core   0: 0x80004cb4 (0x00006165) c.addi16sp sp, 112
core   0: 0 0x80004cb4 (0x6165) x2  0x00000070
core   0: 0x80004cb6 (0x418a89b3) sub     s3, s5, s8
core   0: 0 0x80004cb6 (0x418a89b3) x19 0xfffe3bdd
core   0: 0x80004cba (0xdd0eeb93) ori     s7, t4, -560
core   0: 0 0x80004cba (0xdd0eeb93) x23 0xfffffdd0
core   0: 0x80004cbe (0x01c3e133) or      sp, t2, t3
core   0: 0 0x80004cbe (0x01c3e133) x2  0x00000000
core   0: 0x80004cc2 (0x000048bd) c.li    a7, 15
core   0: 0 0x80004cc2 (0x48bd) x17 0x0000000f
core   0: 0x80004cc4 (0x00e31f93) slli    t6, t1, 14
core   0: 0 0x80004cc4 (0x00e31f93) x31 0xdd4a4000
core   0: 0x80004cc8 (0x0000e555) c.bnez  a0, pc + 172
core   0: 0 0x80004cc8 (0xe555)
core   0: 0x80004d74 (0xe5faae13) slti    t3, s5, -417
core   0: 0 0x80004d74 (0xe5faae13) x28 0x00000001
core   0: 0x80004d78 (0x0000100f) fence.i
core   0: 0 0x80004d78 (0x0000100f)
core   0: 0x80004d7c (0x00f6d863) bge     a3, a5, pc + 16
core   0: 0 0x80004d7c (0x00f6d863)
core   0: 0x80004d80 (0x02130d33) mul     s10, t1, ra
core   0: 0 0x80004d80 (0x02130d33) x26 0x56d87132
core   0: 0x80004d84 (0x016c1613) slli    a2, s8, 22
core   0: 0 0x80004d84 (0x016c1613) x12 0x00000000
core   0: 0x80004d88 (0x001b3cb3) sltu    s9, s6, ra
core   0: 0 0x80004d88 (0x001b3cb3) x25 0x00000001
core   0: 0x80004d8c (0x00008b01) c.andi  a4, 0
core   0: 0 0x80004d8c (0x8b01) x14 0x00000000
core   0: 0x80004d8e (0x032423b3) mulhsu  t2, s0, s2
core   0: 0 0x80004d8e (0x032423b3) x7  0x80006f9d
core   0: 0x80004d92 (0x0000421d) c.li    tp, 7
core   0: 0 0x80004d92 (0x421d) x4  0x00000007
core   0: 0x80004d94 (0xdbe5e393) ori     t2, a1, -578
core   0: 0 0x80004d94 (0xdbe5e393) x7  0xfffffdbe
core   0: 0x80004d98 (0x0bf17713) andi    a4, sp, 191
core   0: 0 0x80004d98 (0x0bf17713) x14 0x00000000
core   0: 0x80004d9c (0x0000ca11) c.beqz  a2, pc + 20
core   0: 0 0x80004d9c (0xca11)
core   0: 0x80004db0 (0x00b97b63) bgeu    s2, a1, pc + 22
core   0: 0 0x80004db0 (0x00b97b63)
core   0: 0x80004dc6 (0x01396d63) bltu    s2, s3, pc + 26
core   0: 0 0x80004dc6 (0x01396d63)
core   0: 0x80004dca (0x00008c71) c.and   s0, a2
core   0: 0 0x80004dca (0x8c71) x8  0x00000000
core   0: 0x80004dcc (0x0ff0000f) fence   iorw,iorw
core   0: 0 0x80004dcc (0x0ff0000f)
core   0: 0x80004dd0 (0x0823fd93) andi    s11, t2, 130
core   0: 0 0x80004dd0 (0x0823fd93) x27 0x00000082
core   0: 0x80004dd4 (0x0ff0000f) fence   iorw,iorw
core   0: 0 0x80004dd4 (0x0ff0000f)
core   0: 0x80004dd8 (0x9968cb13) xori    s6, a7, -1642
core   0: 0 0x80004dd8 (0x9968cb13) x22 0xfffff999
core   0: 0x80004ddc (0x032d9233) mulh    tp, s11, s2
core   0: 0 0x80004ddc (0x032d9233) x4  0xffffffff
core   0: 0x80004de0 (0x01612033) slt     zero, sp, s6
core   0: 0 0x80004de0 (0x01612033)
core   0: 0x80004de4 (0xd2478a13) addi    s4, a5, -732
core   0: 0 0x80004de4 (0xd2478a13) x20 0x7ffe0ef7
core   0: 0x80004de8 (0x00f16033) or      zero, sp, a5
core   0: 0 0x80004de8 (0x00f16033)
core   0: 0x80004dec (0x586ecb97) auipc   s7, 0x586ec
core   0: 0 0x80004dec (0x586ecb97) x23 0xd86f0dec
core   0: 0x80004df0 (0x035522b3) mulhsu  t0, a0, s5
core   0: 0 0x80004df0 (0x035522b3) x5  0x7ffd8f1a
core   0: 0x80004df4 (0x03b4d333) divu    t1, s1, s11
core   0: 0 0x80004df4 (0x03b4d333) x6  0x00fc138e
core   0: 0x80004df8 (0x00000001) c.nop
core   0: 0 0x80004df8 (0x0001)
core   0: 0x80004dfa (0x00008c6d) c.and   s0, a1
core   0: 0 0x80004dfa (0x8c6d) x8  0x00000000
core   0: 0x80004dfc (0x037e49b3) div     s3, t3, s7
core   0: 0 0x80004dfc (0x037e49b3) x19 0x00000000
core   0: 0x80004e00 (0x005892b3) sll     t0, a7, t0
core   0: 0 0x80004e00 (0x005892b3) x5  0x3c000000
core   0: 0x80004e04 (0x019fc1b3) xor     gp, t6, s9
core   0: 0 0x80004e04 (0x019fc1b3) x3  0xdd4a4001
core   0: 0x80004e08 (0x00000001) c.nop
core   0: 0 0x80004e08 (0x0001)
core   0: 0x80004e0a (0x023fe263) bltu    t6, gp, pc + 36
core   0: 0 0x80004e0a (0x023fe263)
core   0: 0x80004e2e (0x00008396) c.mv    t2, t0
core   0: 0 0x80004e2e (0x8396) x7  0x3c000000
core   0: 0x80004e30 (0x417fd093) srai    ra, t6, 23
core   0: 0 0x80004e30 (0x417fd093) x1  0xffffffba
core   0: 0x80004e34 (0x02d48bb3) mul     s7, s1, a3
core   0: 0 0x80004e34 (0x02d48bb3) x23 0x897a4da0
core   0: 0x80004e38 (0x99ed7893) andi    a7, s10, -1634
core   0: 0 0x80004e38 (0x99ed7893) x17 0x56d87112
core   0: 0x80004e3c (0x00008fb1) c.xor   a5, a2
core   0: 0 0x80004e3c (0x8fb1) x15 0x7ffe11d3
core   0: 0x80004e3e (0x00008fe9) c.and   a5, a0
core   0: 0 0x80004e3e (0x8fe9) x15 0x7ffe1101
core   0: 0x80004e40 (0x01f28433) add     s0, t0, t6
core   0: 0 0x80004e40 (0x01f28433) x8  0x194a4000
core   0: 0x80004e44 (0x00004ce5) c.li    s9, 25
core   0: 0 0x80004e44 (0x4ce5) x25 0x00000019
core   0: 0x80004e46 (0x000096f2) c.add   a3, t3
core   0: 0 0x80004e46 (0x96f2) x13 0x80004739
core   0: 0x80004e48 (0x580cce93) xori    t4, s9, 1408
core   0: 0 0x80004e48 (0x580cce93) x29 0x00000599
core   0: 0x80004e4c (0xd9d32793) slti    a5, t1, -611
core   0: 0 0x80004e4c (0xd9d32793) x15 0x00000000
core   0: 0x80004e50 (0x0305f1b3) remu    gp, a1, a6
core   0: 0 0x80004e50 (0x0305f1b3) x3  0x094e657c
core   0: 0x80004e54 (0xf9454b13) xori    s6, a0, -108
core   0: 0 0x80004e54 (0xf9454b13) x22 0x80018ebd
core   0: 0x80004e58 (0x01dc82b3) add     t0, s9, t4
core   0: 0 0x80004e58 (0x01dc82b3) x5  0x000005b2
core   0: 0x80004e5c (0x028c9bb3) mulh    s7, s9, s0
core   0: 0 0x80004e5c (0x028c9bb3) x23 0x00000002
core   0: 0x80004e60 (0x00975933) srl     s2, a4, s1
core   0: 0 0x80004e60 (0x00975933) x18 0x00000000
core   0: 0x80004e64 (0x00000690) c.addi4spn a2, sp, 832
core   0: 0 0x80004e64 (0x0690) x12 0x00000340
core   0: 0x80004e66 (0x00132533) slt     a0, t1, ra
core   0: 0 0x80004e66 (0x00132533) x10 0x00000000
core   0: 0x80004e6a (0x037ac563) blt     s5, s7, pc + 42
core   0: 0 0x80004e6a (0x037ac563)
core   0: 0x80004e94 (0x00008299) c.srli  a3, 6
core   0: 0 0x80004e94 (0x8299) x13 0x0200011c
core   0: 0x80004e96 (0x00008451) c.srai  s0, 20
core   0: 0 0x80004e96 (0x8451) x8  0x00000194
core   0: 0x80004e98 (0x02850533) mul     a0, a0, s0
core   0: 0 0x80004e98 (0x02850533) x10 0x00000000
core   0: 0x80004e9c (0x0000800d) c.srli  s0, 3
core   0: 0 0x80004e9c (0x800d) x8  0x00000032
core   0: 0x80004e9e (0x00008a35) c.andi  a2, 13
core   0: 0 0x80004e9e (0x8a35) x12 0x00000000
core   0: 0x80004ea0 (0x00001b7d) c.addi  s6, -1
core   0: 0 0x80004ea0 (0x1b7d) x22 0x80018ebc
core   0: 0x80004ea2 (0x022ffcb3) remu    s9, t6, sp
core   0: 0 0x80004ea2 (0x022ffcb3) x25 0xdd4a4000
core   0: 0x80004ea6 (0x0fc22793) slti    a5, tp, 252
core   0: 0 0x80004ea6 (0x0fc22793) x15 0x00000001
core   0: 0x80004eaa (0x01d29793) slli    a5, t0, 29
core   0: 0 0x80004eaa (0x01d29793) x15 0x40000000
core   0: 0x80004eae (0xca69c613) xori    a2, s3, -858
core   0: 0 0x80004eae (0xca69c613) x12 0xfffffca6
core   0: 0x80004eb2 (0x0151d013) srli    zero, gp, 21
core   0: 0 0x80004eb2 (0x0151d013)
core   0: 0x80004eb6 (0x00008e01) c.sub   a2, s0
core   0: 0 0x80004eb6 (0x8e01) x12 0xfffffc74
core   0: 0x80004eb8 (0x00a4ab33) slt     s6, s1, a0
core   0: 0 0x80004eb8 (0x00a4ab33) x22 0x00000001
core   0: 0x80004ebc (0x0000100f) fence.i
core   0: 0 0x80004ebc (0x0000100f)
core   0: 0x80004ec0 (0x00000726) c.slli  a4, 9
core   0: 0 0x80004ec0 (0x0726) x14 0x00000000
core   0: 0x80004ec2 (0x2d266e93) ori     t4, a2, 722
core   0: 0 0x80004ec2 (0x2d266e93) x29 0xfffffef6
core   0: 0x80004ec6 (0x8c772913) slti    s2, a4, -1849
core   0: 0 0x80004ec6 (0x8c772913) x18 0x00000000
core   0: 0x80004eca (0x006ddf93) srli    t6, s11, 6
core   0: 0 0x80004eca (0x006ddf93) x31 0x00000002
core   0: 0x80004ece (0x00004801) c.li    a6, 0
core   0: 0 0x80004ece (0x4801) x16 0x00000000
core   0: 0x80004ed0 (0x035eb0b3) mulhu   ra, t4, s5
core   0: 0 0x80004ed0 (0x035eb0b3) x1  0xfffe3ad3
core   0: 0x80004ed4 (0x000016fd) c.addi  a3, -1
core   0: 0 0x80004ed4 (0x16fd) x13 0x0200011b
core   0: 0x80004ed6 (0x00000e31) c.addi  t3, 12
core   0: 0 0x80004ed6 (0x0e31) x28 0x0000000d
core   0: 0x80004ed8 (0x0000e795) c.bnez  a5, pc + 44
core   0: 0 0x80004ed8 (0xe795)
core   0: 0x80004f04 (0x0350b033) mulhu   zero, ra, s5
core   0: 0 0x80004f04 (0x0350b033)
core   0: 0x80004f08 (0x00008c25) c.xor   s0, s1
core   0: 0 0x80004f08 (0x8c25) x8  0x8001ee1e
core   0: 0x80004f0a (0xa402b893) sltiu   a7, t0, -1472
core   0: 0 0x80004f0a (0xa402b893) x17 0x00000001
core   0: 0x80004f0e (0x02d48fb3) mul     t6, s1, a3
core   0: 0 0x80004f0e (0x02d48fb3) x31 0xda224aa4
core   0: 0x80004f12 (0x13db2013) slti    zero, s6, 317
core   0: 0 0x80004f12 (0x13db2013)
core   0: 0x80004f16 (0x40160db3) sub     s11, a2, ra
core   0: 0 0x80004f16 (0x40160db3) x27 0x0001c1a1
core   0: 0x80004f1a (0x0000e289) c.bnez  a3, pc + 2
core   0: 0 0x80004f1a (0xe289)
core   0: 0x80004f1c (0x0000812d) c.srli  a0, 11
core   0: 0 0x80004f1c (0x812d) x10 0x00000000
core   0: 0x80004f1e (0x0dd9cc13) xori    s8, s3, 221
core   0: 0 0x80004f1e (0x0dd9cc13) x24 0x000000dd
core   0: 0x80004f22 (0x019377b3) and     a5, t1, s9
core   0: 0 0x80004f22 (0x019377b3) x15 0x00480000
core   0: 0x80004f26 (0x03eff463) bgeu    t6, t5, pc + 40
core   0: 0 0x80004f26 (0x03eff463)
core   0: 0x80004f4e (0x00c75613) srli    a2, a4, 12
core   0: 0 0x80004f4e (0x00c75613) x12 0x00000000
core   0: 0x80004f52 (0x00000a6e) c.slli  s4, 27
core   0: 0 0x80004f52 (0x0a6e) x20 0xb8000000
core   0: 0x80004f54 (0x02569563) bne     a3, t0, pc + 42
core   0: 0 0x80004f54 (0x02569563)
core   0: 0x80004f7e (0x9112e293) ori     t0, t0, -1775
core   0: 0 0x80004f7e (0x9112e293) x5  0xfffffdb3
core   0: 0x80004f82 (0x00008fd1) c.or    a5, a2
core   0: 0 0x80004f82 (0x8fd1) x15 0x00480000
core   0: 0x80004f84 (0x6feecbb7) lui     s7, 0x6feec
core   0: 0 0x80004f84 (0x6feecbb7) x23 0x6feec000
core   0: 0x80004f88 (0x00008e99) c.sub   a3, a4
core   0: 0 0x80004f88 (0x8e99) x13 0x0200011b
core   0: 0x80004f8a (0x0000c609) c.beqz  a2, pc + 10
core   0: 0 0x80004f8a (0xc609)
core   0: 0x80004f94 (0x04f65263) bge     a2, a5, pc + 68
core   0: 0 0x80004f94 (0x04f65263)
core   0: 0x80004f98 (0x00f3e833) or      a6, t2, a5
core   0: 0 0x80004f98 (0x00f3e833) x16 0x3c480000
core   0: 0x80004f9c (0x00e68fb3) add     t6, a3, a4
core   0: 0 0x80004f9c (0x00e68fb3) x31 0x0200011b
core   0: 0x80004fa0 (0x000096fe) c.add   a3, t6
core   0: 0 0x80004fa0 (0x96fe) x13 0x04000236
core   0: 0x80004fa2 (0x01001c33) sll     s8, zero, a6
core   0: 0 0x80004fa2 (0x01001c33) x24 0x00000000
core   0: 0x80004fa6 (0x02bf1633) mulh    a2, t5, a1
core   0: 0 0x80004fa6 (0x02bf1633) x12 0x3b57a773
core   0: 0x80004faa (0x00008206) c.mv    tp, ra
core   0: 0 0x80004faa (0x8206) x4  0xfffe3ad3
core   0: 0x80004fac (0x0376a133) mulhsu  sp, a3, s7
core   0: 0 0x80004fac (0x0376a133) x2  0x01bfbbf7
core   0: 0x80004fb0 (0x00008d05) c.sub   a0, s1
core   0: 0 0x80004fb0 (0x8d05) x10 0x7ffe11d4
core   0: 0x80004fb2 (0x0249c9b3) div     s3, s3, tp
core   0: 0 0x80004fb2 (0x0249c9b3) x19 0x00000000
core   0: 0x80004fb6 (0x0057ed63) bltu    a5, t0, pc + 26
core   0: 0 0x80004fb6 (0x0057ed63)
core   0: 0x80004fd0 (0x9b040637) lui     a2, 0x9b040
core   0: 0 0x80004fd0 (0x9b040637) x12 0x9b040000
core   0: 0x80004fd4 (0x0000187d) c.addi  a6, -1
core   0: 0 0x80004fd4 (0x187d) x16 0x3c47ffff
core   0: 0x80004fd6 (0x00000a4e) c.slli  s4, 19
core   0: 0 0x80004fd6 (0x0a4e) x20 0x00000000
core   0: 0x80004fd8 (0x000009a1) c.addi  s3, 8
core   0: 0 0x80004fd8 (0x09a1) x19 0x00000008
core   0: 0x80004fda (0xec9bbb13) sltiu   s6, s7, -311
core   0: 0 0x80004fda (0xec9bbb13) x22 0x00000001
core   0: 0x80004fde (0x004c6f63) bltu    s8, tp, pc + 30
core   0: 0 0x80004fde (0x004c6f63)
core   0: 0x80004ffc (0x00afce33) xor     t3, t6, a0
core   0: 0 0x80004ffc (0x00afce33) x28 0x7dfe10cf
core   0: 0x80005000 (0x00605fb3) srl     t6, zero, t1
core   0: 0 0x80005000 (0x00605fb3) x31 0x00000000
core   0: 0x80005004 (0x00009cba) c.add   s9, a4
core   0: 0 0x80005004 (0x9cba) x25 0xdd4a4000
core   0: 0x80005006 (0x02b10e33) mul     t3, sp, a1
core   0: 0 0x80005006 (0x02b10e33) x28 0x815c1dac
core   0: 0x8000500a (0x0114de33) srl     t3, s1, a7
core   0: 0 0x8000500a (0x0114de33) x28 0x4000f716
core   0: 0x8000500e (0x032d5a33) divu    s4, s10, s2
core   0: 0 0x8000500e (0x032d5a33) x20 0xffffffff
core   0: 0x80005012 (0x01b2ea63) bltu    t0, s11, pc + 20
core   0: 0 0x80005012 (0x01b2ea63)
core   0: 0x80005016 (0x8be4b993) sltiu   s3, s1, -1858
core   0: 0 0x80005016 (0x8be4b993) x19 0x00000001
core   0: 0x8000501a (0x0000e131) c.bnez  a0, pc + 68
core   0: 0 0x8000501a (0xe131)
core   0: 0x8000505e (0x00000001) c.nop
core   0: 0 0x8000505e (0x0001)
core   0: 0x80005060 (0x01e8df93) srli    t6, a7, 30
core   0: 0 0x80005060 (0x01e8df93) x31 0x00000000
core   0: 0x80005064 (0x000082b1) c.srli  a3, 12
core   0: 0 0x80005064 (0x82b1) x13 0x00004000
core   0: 0x80005066 (0xaf6f2193) slti    gp, t5, -1290
core   0: 0 0x80005066 (0xaf6f2193) x3  0x00000001
core   0: 0x8000506a (0x00000001) c.nop
core   0: 0 0x8000506a (0x0001)
core   0: 0x8000506c (0x17259337) lui     t1, 0x17259
core   0: 0 0x8000506c (0x17259337) x6  0x17259000
core   0: 0x80005070 (0x015d5b93) srli    s7, s10, 21
core   0: 0 0x80005070 (0x015d5b93) x23 0x000002b6
core   0: 0x80005074 (0x02d88a63) beq     a7, a3, pc + 52
core   0: 0 0x80005074 (0x02d88a63)
core   0: 0x80005078 (0x021e8133) mul     sp, t4, ra
core   0: 0 0x80005078 (0x021e8133) x2  0x01d6e0c2
core   0: 0x8000507c (0x00008a09) c.andi  a2, 2
core   0: 0 0x8000507c (0x8a09) x12 0x00000000
core   0: 0x8000507e (0x695b2613) slti    a2, s6, 1685
core   0: 0 0x8000507e (0x695b2613) x12 0x00000001
core   0: 0x80005082 (0x028963b3) rem     t2, s2, s0
core   0: 0 0x80005082 (0x028963b3) x7  0x00000000
core   0: 0x80005086 (0x00008ff5) c.and   a5, a3
core   0: 0 0x80005086 (0x8ff5) x15 0x00000000
core   0: 0x80005088 (0x0021b6b3) sltu    a3, gp, sp
core   0: 0 0x80005088 (0x0021b6b3) x13 0x00000001
core   0: 0x8000508c (0x0367dd33) divu    s10, a5, s6
core   0: 0 0x8000508c (0x0367dd33) x26 0x00000000
core   0: 0x80005090 (0x01289e63) bne     a7, s2, pc + 28
core   0: 0 0x80005090 (0x01289e63)
core   0: 0x800050ac (0x020380b3) mul     ra, t2, zero
core   0: 0 0x800050ac (0x020380b3) x1  0x00000000
core   0: 0x800050b0 (0x00000001) c.nop
core   0: 0 0x800050b0 (0x0001)
core   0: 0x800050b2 (0x03930063) beq     t1, s9, pc + 32
core   0: 0 0x800050b2 (0x03930063)
core   0: 0x800050b6 (0x03889d63) bne     a7, s8, pc + 58
core   0: 0 0x800050b6 (0x03889d63)
core   0: 0x800050f0 (0x4069d033) sra     zero, s3, t1
core   0: 0 0x800050f0 (0x4069d033)
core   0: 0x800050f4 (0x0048a6b3) slt     a3, a7, tp
core   0: 0 0x800050f4 (0x0048a6b3) x13 0x00000000
core   0: 0x800050f8 (0x00008d71) c.and   a0, a2
core   0: 0 0x800050f8 (0x8d71) x10 0x00000000
core   0: 0x800050fa (0x414d8a33) sub     s4, s11, s4
core   0: 0 0x800050fa (0x414d8a33) x20 0x0001c1a2
core   0: 0x800050fe (0xcd0f8c13) addi    s8, t6, -816
core   0: 0 0x800050fe (0xcd0f8c13) x24 0xfffffcd0
core   0: 0x80005102 (0x0000612d) c.addi16sp sp, 224
core   0: 0 0x80005102 (0x612d) x2  0x01d6e1a2
core   0: 0x80005104 (0x00000001) c.nop
core   0: 0 0x80005104 (0x0001)
core   0: 0x80005106 (0x412c5633) sra     a2, s8, s2
core   0: 0 0x80005106 (0x412c5633) x12 0xfffffcd0
core   0: 0x8000510a (0x01ba8133) add     sp, s5, s11
core   0: 0 0x8000510a (0x01ba8133) x2  0xfffffd7e
core   0: 0x8000510e (0x51589c37) lui     s8, 0x51589
core   0: 0 0x8000510e (0x51589c37) x24 0x51589000
core   0: 0x80005112 (0x002d7f63) bgeu    s10, sp, pc + 30
core   0: 0 0x80005112 (0x002d7f63)
core   0: 0x80005116 (0x030aa733) mulhsu  a4, s5, a6
core   0: 0 0x80005116 (0x030aa733) x14 0xffff9588
core   0: 0x8000511a (0x575af193) andi    gp, s5, 1397
core   0: 0 0x8000511a (0x575af193) x3  0x00000155
core   0: 0x8000511e (0x40290db3) sub     s11, s2, sp
core   0: 0 0x8000511e (0x40290db3) x27 0x00000282
core   0: 0x80005122 (0x01bb7a63) bgeu    s6, s11, pc + 20
core   0: 0 0x80005122 (0x01bb7a63)
core   0: 0x80005126 (0x00008ef5) c.and   a3, a3
core   0: 0 0x80005126 (0x8ef5) x13 0x00000000
core   0: 0x80005128 (0x00000001) c.nop
core   0: 0 0x80005128 (0x0001)
core   0: 0x8000512a (0x00000ad1) c.addi  s5, 20
core   0: 0 0x8000512a (0x0ad1) x21 0xfffe3bf1
core   0: 0x8000512c (0x0011e9b3) or      s3, gp, ra
core   0: 0 0x8000512c (0x0011e9b3) x19 0x00000155
core   0: 0x80005130 (0x5d25eeb7) lui     t4, 0x5d25e
core   0: 0 0x80005130 (0x5d25eeb7) x29 0x5d25e000
core   0: 0x80005134 (0x00000001) c.nop
core   0: 0 0x80005134 (0x0001)
core   0: 0x80005136 (0x40bfdd33) sra     s10, t6, a1
core   0: 0 0x80005136 (0x40bfdd33) x26 0x00000000
core   0: 0x8000513a (0x011addb3) srl     s11, s5, a7
core   0: 0 0x8000513a (0x011addb3) x27 0x7fff1df8
core   0: 0x8000513e (0x0000861d) c.srai  a2, 7
core   0: 0 0x8000513e (0x861d) x12 0xfffffff9
core   0: 0x80005140 (0x00006175) c.addi16sp sp, 368
core   0: 0 0x80005140 (0x6175) x2  0xfffffeee
core   0: 0x80005142 (0x00008d11) c.sub   a0, a2
core   0: 0 0x80005142 (0x8d11) x10 0x00000007
core   0: 0x80005144 (0x00000b9d) c.addi  s7, 7
core   0: 0 0x80005144 (0x0b9d) x23 0x000002bd
core   0: 0x80005146 (0x40c681b3) sub     gp, a3, a2
core   0: 0 0x80005146 (0x40c681b3) x3  0x00000007
core   0: 0x8000514a (0x00008f65) c.and   a4, s1
core   0: 0 0x8000514a (0x8f65) x14 0x80018408
core   0: 0x8000514c (0x00008ee9) c.and   a3, a0
core   0: 0 0x8000514c (0x8ee9) x13 0x00000000
core   0: 0x8000514e (0x03ffc333) div     t1, t6, t6
core   0: 0 0x8000514e (0x03ffc333) x6  0xffffffff
core   0: 0x80005152 (0x00000001) c.nop
core   0: 0 0x80005152 (0x0001)
core   0: 0x80005154 (0xacb4b893) sltiu   a7, s1, -1333
core   0: 0 0x80005154 (0xacb4b893) x17 0x00000001
core   0: 0x80005158 (0x0320c063) blt     ra, s2, pc + 32
core   0: 0 0x80005158 (0x0320c063)
core   0: 0x8000515c (0x005487b3) add     a5, s1, t0
core   0: 0 0x8000515c (0x005487b3) x15 0x8001ebdf
core   0: 0x80005160 (0x00637733) and     a4, t1, t1
core   0: 0 0x80005160 (0x00637733) x14 0xffffffff
core   0: 0x80005164 (0x00009fae) c.add   t6, a1
core   0: 0 0x80005164 (0x9fae) x31 0x894eacb4
core   0: 0x80005166 (0x00008e05) c.sub   a2, s1
core   0: 0 0x80005166 (0x8e05) x12 0x7ffe11cd
core   0: 0x80005168 (0x0000987d) c.andi  s0, -1
core   0: 0 0x80005168 (0x987d) x8  0x8001ee1e
core   0: 0x8000516a (0x30afa793) slti    a5, t6, 778
core   0: 0 0x8000516a (0x30afa793) x15 0x00000001
core   0: 0x8000516e (0x00035f93) srli    t6, t1, 0
core   0: 0 0x8000516e (0x00035f93) x31 0xffffffff
core   0: 0x80005172 (0x00006bf1) c.lui   s7, 0x1c
core   0: 0 0x80005172 (0x6bf1) x23 0x0001c000
core   0: 0x80005174 (0x01f2cdb3) xor     s11, t0, t6
core   0: 0 0x80005174 (0x01f2cdb3) x27 0x0000024c
core   0: 0x80005178 (0x00008fb9) c.xor   a5, a4
core   0: 0 0x80005178 (0x8fb9) x15 0xfffffffe
core   0: 0x8000517a (0xa2d90fb7) lui     t6, 0xa2d90
core   0: 0 0x8000517a (0xa2d90fb7) x31 0xa2d90000
core   0: 0x8000517e (0x410386b3) sub     a3, t2, a6
core   0: 0 0x8000517e (0x410386b3) x13 0xc3b80001
core   0: 0x80005182 (0x03ce61b3) rem     gp, t3, t3
core   0: 0 0x80005182 (0x03ce61b3) x3  0x00000000
core   0: 0x80005186 (0x02974563) blt     a4, s1, pc + 42
core   0: 0 0x80005186 (0x02974563)
core   0: 0x8000518a (0x00008d01) c.sub   a0, s0
core   0: 0 0x8000518a (0x8d01) x10 0x7ffe11e9
core   0: 0x8000518c (0x000092d2) c.add   t0, s4
core   0: 0 0x8000518c (0x92d2) x5  0x0001bf55
core   0: 0x8000518e (0x015adc13) srli    s8, s5, 21
core   0: 0 0x8000518e (0x015adc13) x24 0x000007ff
core   0: 0x80005192 (0x01b146b3) xor     a3, sp, s11
core   0: 0 0x80005192 (0x01b146b3) x13 0xfffffca2
core   0: 0x80005196 (0x00001208) c.addi4spn a0, sp, 288
core   0: 0 0x80005196 (0x1208) x10 0x0000000e
core   0: 0x80005198 (0x0000631d) c.lui   t1, 0x7
core   0: 0 0x80005198 (0x631d) x6  0x00007000
core   0: 0x8000519a (0x022cc663) blt     s9, sp, pc + 44
core   0: 0 0x8000519a (0x022cc663)
core   0: 0x800051c6 (0x0000054a) c.slli  a0, 18
core   0: 0 0x800051c6 (0x054a) x10 0x00380000
core   0: 0x800051c8 (0x01831963) bne     t1, s8, pc + 18
core   0: 0 0x800051c8 (0x01831963)
core   0: 0x800051da (0x024e9033) mulh    zero, t4, tp
core   0: 0 0x800051da (0x024e9033)
core   0: 0x800051de (0x006f1b63) bne     t5, t1, pc + 22
core   0: 0 0x800051de (0x006f1b63)
core   0: 0x800051f4 (0x418d50b3) sra     ra, s10, s8
core   0: 0 0x800051f4 (0x418d50b3) x1  0x00000000
core   0: 0x800051f8 (0x0000853e) c.mv    a0, a5
core   0: 0 0x800051f8 (0x853e) x10 0xfffffffe
core   0: 0x800051fa (0xe570c293) xori    t0, ra, -425
core   0: 0 0x800051fa (0xe570c293) x5  0xfffffe57
core   0: 0x800051fe (0x00008ff9) c.and   a5, a4
core   0: 0 0x800051fe (0x8ff9) x15 0xfffffffe
core   0: 0x80005200 (0x029e57b3) divu    a5, t3, s1
core   0: 0 0x80005200 (0x029e57b3) x15 0x00000000
core   0: 0x80005204 (0x01f269b3) or      s3, tp, t6
core   0: 0 0x80005204 (0x01f269b3) x19 0xffff3ad3
core   0: 0x80005208 (0x00000001) c.nop
core   0: 0 0x80005208 (0x0001)
core   0: 0x8000520a (0x00008f4d) c.or    a4, a1
core   0: 0 0x8000520a (0x8f4d) x14 0xffffffff
core   0: 0x8000520c (0x00e11333) sll     t1, sp, a4
core   0: 0 0x8000520c (0x00e11333) x6  0x00000000
core   0: 0x80005210 (0x41635c93) srai    s9, t1, 22
core   0: 0 0x80005210 (0x41635c93) x25 0x00000000
core   0: 0x80005214 (0x01521863) bne     tp, s5, pc + 16
core   0: 0 0x80005214 (0x01521863)
core   0: 0x80005224 (0x0130f663) bgeu    ra, s3, pc + 12
core   0: 0 0x80005224 (0x0130f663)
core   0: 0x80005228 (0x02a4b633) mulhu   a2, s1, a0
core   0: 0 0x80005228 (0x02a4b633) x12 0x8001ee2a
core   0: 0x8000522c (0x00006e95) c.lui   t4, 0x5
core   0: 0 0x8000522c (0x6e95) x29 0x00005000
core   0: 0x8000522e (0x00000001) c.nop
core   0: 0 0x8000522e (0x0001)
core   0: 0x80005230 (0x05886463) bltu    a6, s8, pc + 72
core   0: 0 0x80005230 (0x05886463)
core   0: 0x80005234 (0x017ca533) slt     a0, s9, s7
core   0: 0 0x80005234 (0x017ca533) x10 0x00000001
core   0: 0x80005238 (0x000738b3) sltu    a7, a4, zero
core   0: 0 0x80005238 (0x000738b3) x17 0x00000000
core   0: 0x8000523c (0x01f59113) slli    sp, a1, 31
core   0: 0 0x8000523c (0x01f59113) x2  0x00000000
core   0: 0x80005240 (0x0438c363) blt     a7, gp, pc + 70
core   0: 0 0x80005240 (0x0438c363)
core   0: 0x80005244 (0x00006131) c.addi16sp sp, 320
core   0: 0 0x80005244 (0x6131) x2  0x00000140
core   0: 0x80005246 (0x00de0d33) add     s10, t3, a3
core   0: 0 0x80005246 (0x00de0d33) x26 0x4000f3b8
core   0: 0x8000524a (0x01365a63) bge     a2, s3, pc + 20
core   0: 0 0x8000524a (0x01365a63)
core   0: 0x8000524e (0x4064db33) sra     s6, s1, t1
core   0: 0 0x8000524e (0x4064db33) x22 0x8001ee2c
core   0: 0x80005252 (0x21b62013) slti    zero, a2, 539
core   0: 0 0x80005252 (0x21b62013)
core   0: 0x80005256 (0x03881b33) mulh    s6, a6, s8
core   0: 0 0x80005256 (0x03881b33) x22 0x000001e2
core   0: 0x8000525a (0x0ff0000f) fence   iorw,iorw
core   0: 0 0x8000525a (0x0ff0000f)
core   0: 0x8000525e (0x025ed833) divu    a6, t4, t0
core   0: 0 0x8000525e (0x025ed833) x16 0x00000000
core   0: 0x80005262 (0x0173c963) blt     t2, s7, pc + 18
core   0: 0 0x80005262 (0x0173c963)
core   0: 0x80005274 (0x00008f55) c.or    a4, a3
core   0: 0 0x80005274 (0x8f55) x14 0xffffffff
core   0: 0x80005276 (0x00008791) c.srai  a5, 4
core   0: 0 0x80005276 (0x8791) x15 0x00000000
core   0: 0x80005278 (0x034ed9b3) divu    s3, t4, s4
core   0: 0 0x80005278 (0x034ed9b3) x19 0x00000000
core   0: 0x8000527c (0x03d09933) mulh    s2, ra, t4
core   0: 0 0x8000527c (0x03d09933) x18 0x00000000
core   0: 0x80005280 (0x0347ba33) mulhu   s4, a5, s4
core   0: 0 0x80005280 (0x0347ba33) x20 0x00000000
core   0: 0x80005284 (0x000082e5) c.srli  a3, 25
core   0: 0 0x80005284 (0x82e5) x13 0x0000007f
core   0: 0x80005286 (0x0000cb0d) c.beqz  a4, pc + 50
core   0: 0 0x80005286 (0xcb0d)
core   0: 0x80005288 (0x5b7e0913) addi    s2, t3, 1463
core   0: 0 0x80005288 (0x5b7e0913) x18 0x4000fccd
core   0: 0x8000528c (0x00ce1733) sll     a4, t3, a2
core   0: 0 0x8000528c (0x00ce1733) x14 0x03dc5800
core   0: 0x80005290 (0x03e561b3) rem     gp, a0, t5
core   0: 0 0x80005290 (0x03e561b3) x3  0x00000001
core   0: 0x80005294 (0x011a0d33) add     s10, s4, a7
core   0: 0 0x80005294 (0x011a0d33) x26 0x00000000
core   0: 0x80005298 (0x03fd2d33) mulhsu  s10, s10, t6
core   0: 0 0x80005298 (0x03fd2d33) x26 0x00000000
core   0: 0x8000529c (0x00001c00) c.addi4spn s0, sp, 560
core   0: 0 0x8000529c (0x1c00) x8  0x00000370
core   0: 0x8000529e (0x00008ed9) c.or    a3, a4
core   0: 0 0x8000529e (0x8ed9) x13 0x03dc587f
core   0: 0x800052a0 (0x0000e3b9) c.bnez  a5, pc + 70
core   0: 0 0x800052a0 (0xe3b9)
core   0: 0x800052a2 (0x0525c463) blt     a1, s2, pc + 72
core   0: 0 0x800052a2 (0x0525c463)
core   0: 0x800052ea (0x00000a55) c.addi  s4, 21
core   0: 0 0x800052ea (0x0a55) x20 0x00000015
core   0: 0x800052ec (0xa28b0613) addi    a2, s6, -1496
core   0: 0 0x800052ec (0xa28b0613) x12 0xfffffc0a
core   0: 0x800052f0 (0x01a126b3) slt     a3, sp, s10
core   0: 0 0x800052f0 (0x01a126b3) x13 0x00000000
core   0: 0x800052f4 (0x40f18533) sub     a0, gp, a5
core   0: 0 0x800052f4 (0x40f18533) x10 0x00000001
core   0: 0x800052f8 (0x000086a1) c.srai  a3, 8
core   0: 0 0x800052f8 (0x86a1) x13 0x00000000
core   0: 0x800052fa (0x00006671) c.lui   a2, 0x1c
core   0: 0 0x800052fa (0x6671) x12 0x0001c000
core   0: 0x800052fc (0x75c47613) andi    a2, s0, 1884
core   0: 0 0x800052fc (0x75c47613) x12 0x00000350
core   0: 0x80005300 (0x015fcbb3) xor     s7, t6, s5
core   0: 0 0x80005300 (0x015fcbb3) x23 0x5d273bf1
core   0: 0x80005304 (0x0000717d) c.addi16sp sp, -16
core   0: 0 0x80005304 (0x717d) x2  0x00000130
core   0: 0x80005306 (0x02f6f133) remu    sp, a3, a5
core   0: 0 0x80005306 (0x02f6f133) x2  0x00000000
core   0: 0x8000530a (0x0ff0000f) fence   iorw,iorw
core   0: 0 0x8000530a (0x0ff0000f)
core   0: 0x8000530e (0x0000852d) c.srai  a0, 11
core   0: 0 0x8000530e (0x852d) x10 0x00000000
core   0: 0x80005310 (0x00975c93) srli    s9, a4, 9
core   0: 0 0x80005310 (0x00975c93) x25 0x0001ee2c
core   0: 0x80005314 (0x00008c29) c.xor   s0, a0
core   0: 0 0x80005314 (0x8c29) x8  0x00000370
core   0: 0x80005316 (0x00008c01) c.sub   s0, s0
core   0: 0 0x80005316 (0x8c01) x8  0x00000000
core   0: 0x80005318 (0x0120e333) or      t1, ra, s2
core   0: 0 0x80005318 (0x0120e333) x6  0x4000fccd
core   0: 0x8000531c (0x0000100f) fence.i
core   0: 0 0x8000531c (0x0000100f)
core   0: 0x80005320 (0x00001afd) c.addi  s5, -1
core   0: 0 0x80005320 (0x1afd) x21 0xfffe3bf0
core   0: 0x80005322 (0x005dcf63) blt     s11, t0, pc + 30
core   0: 0 0x80005322 (0x005dcf63)
core   0: 0x80005326 (0x002a46b3) xor     a3, s4, sp
core   0: 0 0x80005326 (0x002a46b3) x13 0x00000015
core   0: 0x8000532a (0x01347b33) and     s6, s0, s3
core   0: 0 0x8000532a (0x01347b33) x22 0x00000000
core   0: 0x8000532e (0x02f5d7b3) divu    a5, a1, a5
core   0: 0 0x8000532e (0x02f5d7b3) x15 0xffffffff
core   0: 0x80005332 (0x121377b7) lui     a5, 0x12137
core   0: 0 0x80005332 (0x121377b7) x15 0x12137000
core   0: 0x80005336 (0x03938033) mul     zero, t2, s9
core   0: 0 0x80005336 (0x03938033)
core   0: 0x8000533a (0x013acb63) blt     s5, s3, pc + 22
core   0: 0 0x8000533a (0x013acb63)
core   0: 0x80005350 (0x00008d6d) c.and   a0, a1
core   0: 0 0x80005350 (0x8d6d) x10 0x00000000
core   0: 0x80005352 (0x000009c6) c.slli  s3, 17
core   0: 0 0x80005352 (0x09c6) x19 0x00000000
core   0: 0x80005354 (0x87f08113) addi    sp, ra, -1921
core   0: 0 0x80005354 (0x87f08113) x2  0xfffff87f
core   0: 0x80005358 (0x0266c233) div     tp, a3, t1
core   0: 0 0x80005358 (0x0266c233) x4  0x00000000
core   0: 0x8000535c (0x004eceb3) xor     t4, t4, tp
core   0: 0 0x8000535c (0x004eceb3) x29 0x00005000
core   0: 0x80005360 (0x037b1d63) bne     s6, s7, pc + 58
core   0: 0 0x80005360 (0x037b1d63)
core   0: 0x8000539a (0x79320293) addi    t0, tp, 1939
core   0: 0 0x8000539a (0x79320293) x5  0x00000793
core   0: 0x8000539e (0x02be8233) mul     tp, t4, a1
core   0: 0 0x8000539e (0x02be8233) x4  0x95f84000
core   0: 0x800053a2 (0x98692a37) lui     s4, 0x98692
core   0: 0 0x800053a2 (0x98692a37) x20 0x98692000
core   0: 0x800053a6 (0x00000f9e) c.slli  t6, 7
core   0: 0 0x800053a6 (0x0f9e) x31 0x6c800000
core   0: 0x800053a8 (0x26c8c793) xori    a5, a7, 620
core   0: 0 0x800053a8 (0x26c8c793) x15 0x0000026c
core   0: 0x800053ac (0x49f54713) xori    a4, a0, 1183
core   0: 0 0x800053ac (0x49f54713) x14 0x0000049f
core   0: 0x800053b0 (0x02c9f463) bgeu    s3, a2, pc + 40
core   0: 0 0x800053b0 (0x02c9f463)
core   0: 0x800053b4 (0x00000001) c.nop
core   0: 0 0x800053b4 (0x0001)
core   0: 0x800053b6 (0x00008d5d) c.or    a0, a5
core   0: 0 0x800053b6 (0x8d5d) x10 0x0000026c
core   0: 0x800053b8 (0x00f65233) srl     tp, a2, a5
core   0: 0 0x800053b8 (0x00f65233) x4  0x00000000
core   0: 0x800053bc (0x03db2e33) mulhsu  t3, s6, t4
core   0: 0 0x800053bc (0x03db2e33) x28 0x00000000
core   0: 0x800053c0 (0x0000e69d) c.bnez  a3, pc + 46
core   0: 0 0x800053c0 (0xe69d)
core   0: 0x800053ee (0x01402ab3) slt     s5, zero, s4
core   0: 0 0x800053ee (0x01402ab3) x21 0x00000000
core   0: 0x800053f2 (0x02a22eb3) mulhsu  t4, tp, a0
core   0: 0 0x800053f2 (0x02a22eb3) x29 0x00000000
core   0: 0x800053f6 (0x0035c563) blt     a1, gp, pc + 10
core   0: 0 0x800053f6 (0x0035c563)
core   0: 0x80005400 (0x00008441) c.srai  s0, 16
core   0: 0 0x80005400 (0x8441) x8  0x00000000
core   0: 0x80005402 (0x0110db13) srli    s6, ra, 17
core   0: 0 0x80005402 (0x0110db13) x22 0x00000000
core   0: 0x80005406 (0x005eb533) sltu    a0, t4, t0
core   0: 0 0x80005406 (0x005eb533) x10 0x00000001
core   0: 0x8000540a (0x418053b3) sra     t2, zero, s8
core   0: 0 0x8000540a (0x418053b3) x7  0x00000000
core   0: 0x8000540e (0x031abd33) mulhu   s10, s5, a7
core   0: 0 0x8000540e (0x031abd33) x26 0x00000000
core   0: 0x80005412 (0x2cd3c613) xori    a2, t2, 717
core   0: 0 0x80005412 (0x2cd3c613) x12 0x000002cd
core   0: 0x80005416 (0xb6fdbb93) sltiu   s7, s11, -1169
core   0: 0 0x80005416 (0xb6fdbb93) x23 0x00000001
core   0: 0x8000541a (0x00008c79) c.and   s0, a4
core   0: 0 0x8000541a (0x8c79) x8  0x00000000
core   0: 0x8000541c (0x03de9e63) bne     t4, t4, pc + 60
core   0: 0 0x8000541c (0x03de9e63)
core   0: 0x80005420 (0x00008d6d) c.and   a0, a1
core   0: 0 0x80005420 (0x8d6d) x10 0x00000000
core   0: 0x80005422 (0x00000001) c.nop
core   0: 0 0x80005422 (0x0001)
core   0: 0x80005424 (0x01175463) bge     a4, a7, pc + 8
core   0: 0 0x80005424 (0x01175463)
core   0: 0x8000542c (0x00000bf9) c.addi  s7, 30
core   0: 0 0x8000542c (0x0bf9) x23 0x0000001f
core   0: 0x8000542e (0x01be7a63) bgeu    t3, s11, pc + 20
core   0: 0 0x8000542e (0x01be7a63)
core   0: 0x80005432 (0x41770033) sub     zero, a4, s7
core   0: 0 0x80005432 (0x41770033)
core   0: 0x80005436 (0x03d57263) bgeu    a0, t4, pc + 36
core   0: 0 0x80005436 (0x03d57263)
core   0: 0x8000545a (0x03b53d33) mulhu   s10, a0, s11
core   0: 0 0x8000545a (0x03b53d33) x26 0x00000000
core   0: 0x8000545e (0x00008c3d) c.xor   s0, a5
core   0: 0 0x8000545e (0x8c3d) x8  0x0000026c
core   0: 0x80005460 (0x0000ea91) c.bnez  a3, pc + 20
core   0: 0 0x80005460 (0xea91)
core   0: 0x80005474 (0x0000660d) c.lui   a2, 0x3
core   0: 0 0x80005474 (0x660d) x12 0x00003000
core   0: 0x80005476 (0x03b7dc33) divu    s8, a5, s11
core   0: 0 0x80005476 (0x03b7dc33) x24 0x00000001
core   0: 0x8000547a (0x00008d79) c.and   a0, a4
core   0: 0 0x8000547a (0x8d79) x10 0x00000000
core   0: 0x8000547c (0x0119ff63) bgeu    s3, a7, pc + 30
core   0: 0 0x8000547c (0x0119ff63)
core   0: 0x8000549a (0x1704b313) sltiu   t1, s1, 368
core   0: 0 0x8000549a (0x1704b313) x6  0x00000000
core   0: 0x8000549e (0x7a812913) slti    s2, sp, 1960
core   0: 0 0x8000549e (0x7a812913) x18 0x00000001
core   0: 0x800054a2 (0x00008e46) c.mv    t3, a7
core   0: 0 0x800054a2 (0x8e46) x28 0x00000000
core   0: 0x800054a4 (0x00008c75) c.and   s0, a3
core   0: 0 0x800054a4 (0x8c75) x8  0x00000004
core   0: 0x800054a6 (0x02c72cb3) mulhsu  s9, a4, a2
core   0: 0 0x800054a6 (0x02c72cb3) x25 0x00000000
core   0: 0x800054aa (0x00008e7d) c.and   a2, a5
core   0: 0 0x800054aa (0x8e7d) x12 0x00000000
core   0: 0x800054ac (0x00000001) c.nop
core   0: 0 0x800054ac (0x0001)
core   0: 0x800054ae (0x0000cb99) c.beqz  a5, pc + 22
core   0: 0 0x800054ae (0xcb99)
core   0: 0x800054b0 (0x0000c009) c.beqz  s0, pc + 2
core   0: 0 0x800054b0 (0xc009)
core   0: 0x800054b2 (0x0278f1b3) remu    gp, a7, t2
core   0: 0 0x800054b2 (0x0278f1b3) x3  0x00000000
core   0: 0x800054b6 (0x29ac6093) ori     ra, s8, 666
core   0: 0 0x800054b6 (0x29ac6093) x1  0x0000029b
core   0: 0x800054ba (0x5b4a13b7) lui     t2, 0x5b4a1
core   0: 0 0x800054ba (0x5b4a13b7) x7  0x5b4a1000
core   0: 0x800054be (0x036026b3) mulhsu  a3, zero, s6
core   0: 0 0x800054be (0x036026b3) x13 0x00000000
core   0: 0x800054c2 (0x0000093e) c.slli  s2, 15
core   0: 0 0x800054c2 (0x093e) x18 0x00008000
core   0: 0x800054c4 (0x00008c05) c.sub   s0, s1
core   0: 0 0x800054c4 (0x8c05) x8  0x7ffe11d8
core   0: 0x800054c6 (0x03bd51b3) divu    gp, s10, s11
core   0: 0 0x800054c6 (0x03bd51b3) x3  0x00000000
core   0: 0x800054ca (0x000003f1) c.addi  t2, 28
core   0: 0 0x800054ca (0x03f1) x7  0x5b4a101c
core   0: 0x800054cc (0x00000001) c.nop
core   0: 0 0x800054cc (0x0001)
core   0: 0x800054ce (0x000086a1) c.srai  a3, 8
core   0: 0 0x800054ce (0x86a1) x13 0x00000000
core   0: 0x800054d0 (0x01aeadb3) slt     s11, t4, s10
core   0: 0 0x800054d0 (0x01aeadb3) x27 0x00000000
core   0: 0x800054d4 (0x01fd1693) slli    a3, s10, 31
core   0: 0 0x800054d4 (0x01fd1693) x13 0x00000000
core   0: 0x800054d8 (0x02879eb3) mulh    t4, a5, s0
core   0: 0 0x800054d8 (0x02879eb3) x29 0x00000135
core   0: 0x800054dc (0x012fa7b3) slt     a5, t6, s2
core   0: 0 0x800054dc (0x012fa7b3) x15 0x00000000
core   0: 0x800054e0 (0x000086f1) c.srai  a3, 28
core   0: 0 0x800054e0 (0x86f1) x13 0x00000000
core   0: 0x800054e2 (0x03410833) mul     a6, sp, s4
core   0: 0 0x800054e2 (0x03410833) x16 0x5326e000
core   0: 0x800054e6 (0x03216533) rem     a0, sp, s2
core   0: 0 0x800054e6 (0x03216533) x10 0xfffff87f
core   0: 0x800054ea (0x00000001) c.nop
core   0: 0 0x800054ea (0x0001)
core   0: 0x800054ec (0x070b5897) auipc   a7, 0x70b5
core   0: 0 0x800054ec (0x070b5897) x17 0x870ba4ec
core   0: 0x800054f0 (0x028ea633) mulhsu  a2, t4, s0
core   0: 0 0x800054f0 (0x028ea633) x12 0x0000009a
core   0: 0x800054f4 (0x00008015) c.srli  s0, 5
core   0: 0 0x800054f4 (0x8015) x8  0x03fff08e
core   0: 0x800054f6 (0x035aa3b3) mulhsu  t2, s5, s5
core   0: 0 0x800054f6 (0x035aa3b3) x7  0x00000000
core   0: 0x800054fa (0x004c90b3) sll     ra, s9, tp
core   0: 0 0x800054fa (0x004c90b3) x1  0x00000000
core   0: 0x800054fe (0x00009afd) c.andi  a3, -1
core   0: 0 0x800054fe (0x9afd) x13 0x00000000
core   0: 0x80005500 (0x44776f93) ori     t6, a4, 1095
core   0: 0 0x80005500 (0x44776f93) x31 0x000004df
core   0: 0x80005504 (0x46393993) sltiu   s3, s2, 1123
core   0: 0 0x80005504 (0x46393993) x19 0x00000000
core   0: 0x80005508 (0x0ff0000f) fence   iorw,iorw
core   0: 0 0x80005508 (0x0ff0000f)
core   0: 0x8000550c (0x00978c33) add     s8, a5, s1
core   0: 0 0x8000550c (0x00978c33) x24 0x8001ee2c
core   0: 0x80005510 (0x9d86f893) andi    a7, a3, -1576
core   0: 0 0x80005510 (0x9d86f893) x17 0x00000000
core   0: 0x80005514 (0x00008fb5) c.xor   a5, a3
core   0: 0 0x80005514 (0x8fb5) x15 0x00000000
core   0: 0x80005516 (0x012f8133) add     sp, t6, s2
core   0: 0 0x80005516 (0x012f8133) x2  0x000084df
core   0: 0x8000551a (0x9285c013) xori    zero, a1, -1752
core   0: 0 0x8000551a (0x9285c013)
core   0: 0x8000551e (0x0000100f) fence.i
core   0: 0 0x8000551e (0x0000100f)
core   0: 0x80005522 (0x00000552) c.slli  a0, 20
core   0: 0 0x80005522 (0x0552) x10 0x87f00000
core   0: 0x80005524 (0x6ae4b013) sltiu   zero, s1, 1710
core   0: 0 0x80005524 (0x6ae4b013)
core   0: 0x80005528 (0x0c4ec893) xori    a7, t4, 196
core   0: 0 0x80005528 (0x0c4ec893) x17 0x000001f1
core   0: 0x8000552c (0x03117ab3) remu    s5, sp, a7
core   0: 0 0x8000552c (0x03117ab3) x21 0x000000db
core   0: 0x80005530 (0x0000100f) fence.i
core   0: 0 0x80005530 (0x0000100f)
core   0: 0x80005534 (0x02261e33) mulh    t3, a2, sp
core   0: 0 0x80005534 (0x02261e33) x28 0x00000000
core   0: 0x80005538 (0x4eab6893) ori     a7, s6, 1258
core   0: 0 0x80005538 (0x4eab6893) x17 0x000004ea
core   0: 0x8000553c (0x2a96c393) xori    t2, a3, 681
core   0: 0 0x8000553c (0x2a96c393) x7  0x000002a9
core   0: 0x80005540 (0x00001210) c.addi4spn a2, sp, 288
core   0: 0 0x80005540 (0x1210) x12 0x000085ff
core   0: 0x80005542 (0x00ba5813) srli    a6, s4, 11
core   0: 0 0x80005542 (0x00ba5813) x16 0x00130d24
core   0: 0x80005546 (0x02306433) rem     s0, zero, gp
core   0: 0 0x80005546 (0x02306433) x8  0x00000000
core   0: 0x8000554a (0x00008c19) c.sub   s0, a4
core   0: 0 0x8000554a (0x8c19) x8  0xfffffb61
core   0: 0x8000554c (0x002d8633) add     a2, s11, sp
core   0: 0 0x8000554c (0x002d8633) x12 0x000084df
core   0: 0x80005550 (0xa69a3993) sltiu   s3, s4, -1431
core   0: 0 0x80005550 (0xa69a3993) x19 0x00000001
core   0: 0x80005554 (0x00006b89) c.lui   s7, 0x2
core   0: 0 0x80005554 (0x6b89) x23 0x00002000
core   0: 0x80005556 (0x0000717d) c.addi16sp sp, -16
core   0: 0 0x80005556 (0x717d) x2  0x000084cf
core   0: 0x80005558 (0x00226a63) bltu    tp, sp, pc + 20
core   0: 0 0x80005558 (0x00226a63)
core   0: 0x8000556c (0x0000137d) c.addi  t1, -1
core   0: 0 0x8000556c (0x137d) x6  0xffffffff
core   0: 0x8000556e (0x03c57233) remu    tp, a0, t3
core   0: 0 0x8000556e (0x03c57233) x4  0x87f00000
core   0: 0x80005572 (0x0000100f) fence.i
core   0: 0 0x80005572 (0x0000100f)
core   0: 0x80005576 (0x03106bb3) rem     s7, zero, a7
core   0: 0 0x80005576 (0x03106bb3) x23 0x00000000
core   0: 0x8000557a (0x0000954a) c.add   a0, s2
core   0: 0 0x8000557a (0x954a) x10 0x87f08000
core   0: 0x8000557c (0x408fdd33) sra     s10, t6, s0
core   0: 0 0x8000557c (0x408fdd33) x26 0x0000026f
core   0: 0x80005580 (0x00be5613) srli    a2, t3, 11
core   0: 0 0x80005580 (0x00be5613) x12 0x00000000
core   0: 0x80005584 (0x034ac9b3) div     s3, s5, s4
core   0: 0 0x80005584 (0x034ac9b3) x19 0x00000000
core   0: 0x80005588 (0x00008e29) c.xor   a2, a0
core   0: 0 0x80005588 (0x8e29) x12 0x87f08000
core   0: 0x8000558a (0x00000818) c.addi4spn a4, sp, 16
core   0: 0 0x8000558a (0x0818) x14 0x000084df
core   0: 0x8000558c (0x4014de13) srai    t3, s1, 1
core   0: 0 0x8000558c (0x4014de13) x28 0xc000f716
core   0: 0x80005590 (0x00a80a63) beq     a6, a0, pc + 20
core   0: 0 0x80005590 (0x00a80a63)
core   0: 0x80005594 (0x00008389) c.srli  a5, 2
core   0: 0 0x80005594 (0x8389) x15 0x00000000
core   0: 0x80005596 (0x000086ed) c.srai  a3, 27
core   0: 0 0x80005596 (0x86ed) x13 0x00000000
core   0: 0x80005598 (0xb477ac93) slti    s9, a5, -1209
core   0: 0 0x80005598 (0xb477ac93) x25 0x00000000
core   0: 0x8000559c (0x03153a33) mulhu   s4, a0, a7
core   0: 0 0x8000559c (0x03153a33) x20 0x0000029c
core   0: 0x800055a0 (0x031d9733) mulh    a4, s11, a7
core   0: 0 0x800055a0 (0x031d9733) x14 0x00000000
core   0: 0x800055a4 (0x00000001) c.nop
core   0: 0 0x800055a4 (0x0001)
core   0: 0x800055a6 (0x0000100f) fence.i
core   0: 0 0x800055a6 (0x0000100f)
core   0: 0x800055aa (0x0147e9b3) or      s3, a5, s4
core   0: 0 0x800055aa (0x0147e9b3) x19 0x0000029c
core   0: 0x800055ae (0x036d0b33) mul     s6, s10, s6
core   0: 0 0x800055ae (0x036d0b33) x22 0x00000000
core   0: 0x800055b2 (0x00008a45) c.andi  a2, 17
core   0: 0 0x800055b2 (0x8a45) x12 0x00000000
core   0: 0x800055b4 (0x029fdab3) divu    s5, t6, s1
core   0: 0 0x800055b4 (0x029fdab3) x21 0x00000000
core   0: 0x800055b8 (0x025df663) bgeu    s11, t0, pc + 44
core   0: 0 0x800055b8 (0x025df663)
core   0: 0x800055bc (0xdf414717) auipc   a4, 0xdf414
core   0: 0 0x800055bc (0xdf414717) x14 0x5f4195bc
core   0: 0x800055c0 (0xd86f8d93) addi    s11, t6, -634
core   0: 0 0x800055c0 (0xd86f8d93) x27 0x00000265
core   0: 0x800055c4 (0x00b59863) bne     a1, a1, pc + 16
core   0: 0 0x800055c4 (0x00b59863)
core   0: 0x800055c8 (0x02d3d0b3) divu    ra, t2, a3
core   0: 0 0x800055c8 (0x02d3d0b3) x1  0xffffffff
core   0: 0x800055cc (0x00008d21) c.xor   a0, s0
core   0: 0 0x800055cc (0x8d21) x10 0x780f7b61
core   0: 0x800055ce (0x0000717d) c.addi16sp sp, -16
core   0: 0 0x800055ce (0x717d) x2  0x000084bf
core   0: 0x800055d0 (0x01cceab3) or      s5, s9, t3
core   0: 0 0x800055d0 (0x01cceab3) x21 0xc000f716
core   0: 0x800055d4 (0x0476c363) blt     a3, t2, pc + 70
core   0: 0 0x800055d4 (0x0476c363)
core   0: 0x8000561a (0x039fa333) mulhsu  t1, t6, s9
core   0: 0 0x8000561a (0x039fa333) x6  0x00000000
core   0: 0x8000561e (0x00001914) c.addi4spn a3, sp, 176
core   0: 0 0x8000561e (0x1914) x13 0x0000856f
core   0: 0x80005620 (0x41488533) sub     a0, a7, s4
core   0: 0 0x80005620 (0x41488533) x10 0x0000024e
core   0: 0x80005624 (0x01142833) slt     a6, s0, a7
core   0: 0 0x80005624 (0x01142833) x16 0x00000001
core   0: 0x80005628 (0x416b5013) srai    zero, s6, 22
core   0: 0 0x80005628 (0x416b5013)
core   0: 0x8000562c (0x01c76f63) bltu    a4, t3, pc + 30
core   0: 0 0x8000562c (0x01c76f63)
core   0: 0x8000564a (0x01b70ab3) add     s5, a4, s11
core   0: 0 0x8000564a (0x01b70ab3) x21 0x5f419821
core   0: 0x8000564e (0xad0f2993) slti    s3, t5, -1328
core   0: 0 0x8000564e (0xad0f2993) x19 0x00000001
core   0: 0x80005652 (0x000003d2) c.slli  t2, 20
core   0: 0 0x80005652 (0x03d2) x7  0x2a900000
core   0: 0x80005654 (0x8ba93113) sltiu   sp, s2, -1862
core   0: 0 0x80005654 (0x8ba93113) x2  0x00000001
core   0: 0x80005658 (0x418e5e33) sra     t3, t3, s8
core   0: 0 0x80005658 (0x418e5e33) x28 0xfffc000f
core   0: 0x8000565c (0x00009162) c.add   sp, s8
core   0: 0 0x8000565c (0x9162) x2  0x8001ee2d
core   0: 0x8000565e (0x0000717d) c.addi16sp sp, -16
core   0: 0 0x8000565e (0x717d) x2  0x8001ee1d
core   0: 0x80005660 (0x00008ed9) c.or    a3, a4
core   0: 0 0x80005660 (0x8ed9) x13 0x5f4195ff
core   0: 0x80005662 (0x0000c919) c.beqz  a0, pc + 22
core   0: 0 0x80005662 (0xc919)
core   0: 0x80005664 (0x00000001) c.nop
core   0: 0 0x80005664 (0x0001)
core   0: 0x80005666 (0x01444333) xor     t1, s0, s4
core   0: 0 0x80005666 (0x01444333) x6  0xfffff9fd
core   0: 0x8000566a (0x01901b63) bne     zero, s9, pc + 22
core   0: 0 0x8000566a (0x01901b63)
core   0: 0x8000566e (0x0000873d) c.srai  a4, 15
core   0: 0 0x8000566e (0x873d) x14 0x0000be83
core   0: 0x80005670 (0x0019d813) srli    a6, s3, 1
core   0: 0 0x80005670 (0x0019d813) x16 0x00000000
core   0: 0x80005674 (0x00967b33) and     s6, a2, s1
core   0: 0 0x80005674 (0x00967b33) x22 0x00000000
core   0: 0x80005678 (0xfd36b513) sltiu   a0, a3, -45
core   0: 0 0x80005678 (0xfd36b513) x10 0x00000001
core   0: 0x8000567c (0x0273d533) divu    a0, t2, t2
core   0: 0 0x8000567c (0x0273d533) x10 0x00000001
core   0: 0x80005680 (0x00ed1233) sll     tp, s10, a4
core   0: 0 0x80005680 (0x00ed1233) x4  0x00001378
core   0: 0x80005684 (0x4cd98e13) addi    t3, s3, 1229
core   0: 0 0x80005684 (0x4cd98e13) x28 0x000004ce
core   0: 0x80005688 (0xfb01b913) sltiu   s2, gp, -80
core   0: 0 0x80005688 (0xfb01b913) x18 0x00000001
core   0: 0x8000568c (0x00008d31) c.xor   a0, a2
core   0: 0 0x8000568c (0x8d31) x10 0x00000001
core   0: 0x8000568e (0x00008fc5) c.or    a5, s1
core   0: 0 0x8000568e (0x8fc5) x15 0x8001ee2c
core   0: 0x80005690 (0x02db6a33) rem     s4, s6, a3
core   0: 0 0x80005690 (0x02db6a33) x20 0x00000000
core   0: 0x80005694 (0x0091e213) ori     tp, gp, 9
core   0: 0 0x80005694 (0x0091e213) x4  0x00000009
core   0: 0x80005698 (0xfdcce793) ori     a5, s9, -36
core   0: 0 0x80005698 (0xfdcce793) x15 0xffffffdc
core   0: 0x8000569c (0x00005dfd) c.li    s11, -1
core   0: 0 0x8000569c (0x5dfd) x27 0xffffffff
core   0: 0x8000569e (0x0000e219) c.bnez  a2, pc + 6
core   0: 0 0x8000569e (0xe219)
core   0: 0x800056a0 (0x425aa793) slti    a5, s5, 1061
core   0: 0 0x800056a0 (0x425aa793) x15 0x00000000
core   0: 0x800056a4 (0x0000c70d) c.beqz  a4, pc + 42
core   0: 0 0x800056a4 (0xc70d)
core   0: 0x800056a6 (0x00300a63) beq     zero, gp, pc + 20
core   0: 0 0x800056a6 (0x00300a63)
core   0: 0x800056ba (0xce40d2b7) lui     t0, 0xce40d
core   0: 0 0x800056ba (0xce40d2b7) x5  0xce40d000
core   0: 0x800056be (0x0132e8b3) or      a7, t0, s3
core   0: 0 0x800056be (0x0132e8b3) x17 0xce40d001
core   0: 0x800056c2 (0x032e1433) mulh    s0, t3, s2
core   0: 0 0x800056c2 (0x032e1433) x8  0x00000000
core   0: 0x800056c6 (0x02f4d163) bge     s1, a5, pc + 34
core   0: 0 0x800056c6 (0x02f4d163)
core   0: 0x800056ca (0x0253b033) mulhu   zero, t2, t0
core   0: 0 0x800056ca (0x0253b033)
core   0: 0x800056ce (0x00001a7d) c.addi  s4, -1
core   0: 0 0x800056ce (0x1a7d) x20 0xffffffff
core   0: 0x800056d0 (0x0ff0000f) fence   iorw,iorw
core   0: 0 0x800056d0 (0x0ff0000f)
core   0: 0x800056d4 (0x03371e33) mulh    t3, a4, s3
core   0: 0 0x800056d4 (0x03371e33) x28 0x00000000
core   0: 0x800056d8 (0x000060f1) c.lui   ra, 0x1c
core   0: 0 0x800056d8 (0x60f1) x1  0x0001c000
core   0: 0x800056da (0x00000001) c.nop
core   0: 0 0x800056da (0x0001)
core   0: 0x800056dc (0x02c9e7b3) rem     a5, s3, a2
core   0: 0 0x800056dc (0x02c9e7b3) x15 0x00000001
core   0: 0x800056e0 (0x380c0213) addi    tp, s8, 896
core   0: 0 0x800056e0 (0x380c0213) x4  0x8001f1ac
core   0: 0x800056e4 (0x01b90a63) beq     s2, s11, pc + 20
core   0: 0 0x800056e4 (0x01b90a63)
core   0: 0x800056e8 (0x0000717d) c.addi16sp sp, -16
core   0: 0 0x800056e8 (0x717d) x2  0x8001ee0d
core   0: 0x800056ea (0x00008f4d) c.or    a4, a1
core   0: 0 0x800056ea (0x8f4d) x14 0x894ebeb7
core   0: 0x800056ec (0x4102d2b3) sra     t0, t0, a6
core   0: 0 0x800056ec (0x4102d2b3) x5  0xce40d000
core   0: 0x800056f0 (0x401180b3) sub     ra, gp, ra
core   0: 0 0x800056f0 (0x401180b3) x1  0xfffe4000
core   0: 0x800056f4 (0x01599b13) slli    s6, s3, 21
core   0: 0 0x800056f4 (0x01599b13) x22 0x00200000
core   0: 0x800056f8 (0x0000100f) fence.i
core   0: 0 0x800056f8 (0x0000100f)
core   0: 0x800056fc (0x000061d5) c.lui   gp, 0x15
core   0: 0 0x800056fc (0x61d5) x3  0x00015000
core   0: 0x800056fe (0x40a85fb3) sra     t6, a6, a0
core   0: 0 0x800056fe (0x40a85fb3) x31 0x00000000
core   0: 0x80005702 (0x00009bfd) c.andi  a5, -1
core   0: 0 0x80005702 (0x9bfd) x15 0x00000001
core   0: 0x80005704 (0x0000059c) c.addi4spn a5, sp, 704
core   0: 0 0x80005704 (0x059c) x15 0x8001f0cd
core   0: 0x80005706 (0x0000ef1d) c.bnez  a4, pc + 62
core   0: 0 0x80005706 (0xef1d)
core   0: 0x80005744 (0x0000c109) c.beqz  a0, pc + 2
core   0: 0 0x80005744 (0xc109)
core   0: 0x80005746 (0xf72e2193) slti    gp, t3, -142
core   0: 0 0x80005746 (0xf72e2193) x3  0x00000000
core   0: 0x8000574a (0x0153e663) bltu    t2, s5, pc + 12
core   0: 0 0x8000574a (0x0153e663)
core   0: 0x80005756 (0x027a7c63) bgeu    s4, t2, pc + 56
core   0: 0 0x80005756 (0x027a7c63)
core   0: 0x8000578e (0x00004879) c.li    a6, 30
core   0: 0 0x8000578e (0x4879) x16 0x0000001e
core   0: 0x80005790 (0x0ff0000f) fence   iorw,iorw
core   0: 0 0x80005790 (0x0ff0000f)
core   0: 0x80005794 (0x0000ef19) c.bnez  a4, pc + 30
core   0: 0 0x80005794 (0xef19)
core   0: 0x800057b2 (0x0188eb33) or      s6, a7, s8
core   0: 0 0x800057b2 (0x0188eb33) x22 0xce41fe2d
core   0: 0x800057b6 (0x029e9cb3) mulh    s9, t4, s1
core   0: 0 0x800057b6 (0x029e9cb3) x25 0xffffff65
core   0: 0x800057ba (0x03660133) mul     sp, a2, s6
core   0: 0 0x800057ba (0x03660133) x2  0x00000000
core   0: 0x800057be (0x03f86933) rem     s2, a6, t6
core   0: 0 0x800057be (0x03f86933) x18 0x0000001e
core   0: 0x800057c2 (0x00004c2d) c.li    s8, 11
core   0: 0 0x800057c2 (0x4c2d) x24 0x0000000b
core   0: 0x800057c4 (0x00447763) bgeu    s0, tp, pc + 14
core   0: 0 0x800057c4 (0x00447763)
core   0: 0x800057c8 (0x038c00b3) mul     ra, s8, s8
core   0: 0 0x800057c8 (0x038c00b3) x1  0x00000079
core   0: 0x800057cc (0x023da333) mulhsu  t1, s11, gp
core   0: 0 0x800057cc (0x023da333) x6  0x00000000
core   0: 0x800057d0 (0x00000736) c.slli  a4, 13
core   0: 0 0x800057d0 (0x0736) x14 0xd7d6e000
core   0: 0x800057d2 (0x03f768b3) rem     a7, a4, t6
core   0: 0 0x800057d2 (0x03f768b3) x17 0xd7d6e000
core   0: 0x800057d6 (0x606f2b93) slti    s7, t5, 1542
core   0: 0 0x800057d6 (0x606f2b93) x23 0x00000001
core   0: 0x800057da (0x000083fd) c.srli  a5, 31
core   0: 0 0x800057da (0x83fd) x15 0x00000001
core   0: 0x800057dc (0x0000616d) c.addi16sp sp, 240
core   0: 0 0x800057dc (0x616d) x2  0x000000f0
core   0: 0x800057de (0xd554fe13) andi    t3, s1, -683
core   0: 0 0x800057de (0xd554fe13) x28 0x8001ec04
core   0: 0x800057e2 (0x00008535) c.srai  a0, 13
core   0: 0 0x800057e2 (0x8535) x10 0x00000000
core   0: 0x800057e4 (0x01e3b133) sltu    sp, t2, t5
core   0: 0 0x800057e4 (0x01e3b133) x2  0x00000001
core   0: 0x800057e8 (0x02b793b3) mulh    t2, a5, a1
core   0: 0 0x800057e8 (0x02b793b3) x7  0xffffffff
core   0: 0x800057ec (0x00008a0d) c.andi  a2, 3
core   0: 0 0x800057ec (0x8a0d) x12 0x00000000
core   0: 0x800057ee (0x4c488993) addi    s3, a7, 1220
core   0: 0 0x800057ee (0x4c488993) x19 0xd7d6e4c4
core   0: 0x800057f2 (0x41e9d013) srai    zero, s3, 30
core   0: 0 0x800057f2 (0x41e9d013)
core   0: 0x800057f6 (0x41455b33) sra     s6, a0, s4
core   0: 0 0x800057f6 (0x41455b33) x22 0x00000000
core   0: 0x800057fa (0x03ef4033) div     zero, t5, t5
core   0: 0 0x800057fa (0x03ef4033)
core   0: 0x800057fe (0xf7c86e37) lui     t3, 0xf7c86
core   0: 0 0x800057fe (0xf7c86e37) x28 0xf7c86000
core   0: 0x80005802 (0x000087dd) c.srai  a5, 23
core   0: 0 0x80005802 (0x87dd) x15 0x00000000
core   0: 0x80005804 (0x018cf133) and     sp, s9, s8
core   0: 0 0x80005804 (0x018cf133) x2  0x00000001
core   0: 0x80005808 (0x0155d863) bge     a1, s5, pc + 16
core   0: 0 0x80005808 (0x0155d863)
core   0: 0x8000580c (0x00008e09) c.sub   a2, a0
core   0: 0 0x8000580c (0x8e09) x12 0x00000000
core   0: 0x8000580e (0x013b5033) srl     zero, s6, s3
core   0: 0 0x8000580e (0x013b5033)
core   0: 0x80005812 (0x00001600) c.addi4spn s0, sp, 800
core   0: 0 0x80005812 (0x1600) x8  0x00000321
core   0: 0x80005814 (0x02ae4663) blt     t3, a0, pc + 44
core   0: 0 0x80005814 (0x02ae4663)
core   0: 0x80005840 (0x023d1b33) mulh    s6, s10, gp
core   0: 0 0x80005840 (0x023d1b33) x22 0x00000000
core   0: 0x80005844 (0x01ab6d63) bltu    s6, s10, pc + 26
core   0: 0 0x80005844 (0x01ab6d63)
core   0: 0x8000585e (0x0ff0000f) fence   iorw,iorw
core   0: 0 0x8000585e (0x0ff0000f)
core   0: 0x80005862 (0x00001a7d) c.addi  s4, -1
core   0: 0 0x80005862 (0x1a7d) x20 0xfffffffe
core   0: 0x80005864 (0x000a0a63) beqz    s4, pc + 20
core   0: 0 0x80005864 (0x000a0a63)
core   0: 0x80005868 (0x01c6abb3) slt     s7, a3, t3
core   0: 0 0x80005868 (0x01c6abb3) x23 0x00000000
core   0: 0x8000586c (0x00008c19) c.sub   s0, a4
core   0: 0 0x8000586c (0x8c19) x8  0x28292321
core   0: 0x8000586e (0x00006de5) c.lui   s11, 0x19
core   0: 0 0x8000586e (0x6de5) x27 0x00019000
core   0: 0x80005870 (0x0202bdb3) mulhu   s11, t0, zero
core   0: 0 0x80005870 (0x0202bdb3) x27 0x00000000
core   0: 0x80005874 (0x0000fab3) and     s5, ra, zero
core   0: 0 0x80005874 (0x0000fab3) x21 0x00000000
core   0: 0x80005878 (0x01e52933) slt     s2, a0, t5
core   0: 0 0x80005878 (0x01e52933) x18 0x00000000
core   0: 0x8000587c (0x00c55363) bge     a0, a2, pc + 6
core   0: 0 0x8000587c (0x00c55363)
core   0: 0x80005882 (0x00af7d33) and     s10, t5, a0
core   0: 0 0x80005882 (0x00af7d33) x26 0x00000000
core   0: 0x80005886 (0x04005063) bgez    zero, pc + 64
core   0: 0 0x80005886 (0x04005063)
core   0: 0x800058c6 (0x6d958a93) addi    s5, a1, 1753
core   0: 0 0x800058c6 (0x6d958a93) x21 0x894eb38d
core   0: 0x800058ca (0x41fa51b3) sra     gp, s4, t6
core   0: 0 0x800058ca (0x41fa51b3) x3  0xfffffffe
core   0: 0x800058ce (0x410cdb93) srai    s7, s9, 16
core   0: 0 0x800058ce (0x410cdb93) x23 0xffffffff
core   0: 0x800058d2 (0x7b2fe213) ori     tp, t6, 1970
core   0: 0 0x800058d2 (0x7b2fe213) x4  0x000007b2
core   0: 0x800058d6 (0x0000997d) c.andi  a0, -1
core   0: 0 0x800058d6 (0x997d) x10 0x00000000
core   0: 0x800058d8 (0xcdf1fd93) andi    s11, gp, -801
core   0: 0 0x800058d8 (0xcdf1fd93) x27 0xfffffcde
core   0: 0x800058dc (0x03024b63) blt     tp, a6, pc + 54
core   0: 0 0x800058dc (0x03024b63)
core   0: 0x800058e0 (0x28753d13) sltiu   s10, a0, 647
core   0: 0 0x800058e0 (0x28753d13) x26 0x00000001
core   0: 0x800058e4 (0x00001680) c.addi4spn s0, sp, 864
core   0: 0 0x800058e4 (0x1680) x8  0x00000361
core   0: 0x800058e6 (0x01ac7bb3) and     s7, s8, s10
core   0: 0 0x800058e6 (0x01ac7bb3) x23 0x00000001
core   0: 0x800058ea (0x01548833) add     a6, s1, s5
core   0: 0 0x800058ea (0x01548833) x16 0x0950a1b9
core   0: 0x800058ee (0x03038263) beq     t2, a6, pc + 36
core   0: 0 0x800058ee (0x03038263)
core   0: 0x800058f2 (0xf7eac413) xori    s0, s5, -130
core   0: 0 0x800058f2 (0xf7eac413) x8  0x76b14cf3
core   0: 0x800058f6 (0x015bdc63) bge     s7, s5, pc + 24
core   0: 0 0x800058f6 (0x015bdc63)
core   0: 0x8000590e (0x58b97e17) auipc   t3, 0x58b97
core   0: 0 0x8000590e (0x58b97e17) x28 0xd8b9c90e
core   0: 0x80005912 (0x031ac763) blt     s5, a7, pc + 46
core   0: 0 0x80005912 (0x031ac763)
core   0: 0x80005940 (0x038b83b3) mul     t2, s7, s8
core   0: 0 0x80005940 (0x038b83b3) x7  0x0000000b
core   0: 0x80005944 (0x00000dc2) c.slli  s11, 16
core   0: 0 0x80005944 (0x0dc2) x27 0xfcde0000
core   0: 0x80005946 (0x0060076f) jal     a4, pc + 0x6
core   0: 0 0x80005946 (0x0060076f) x14 0x8000594a
core   0: 0x8000594c (0x008000ef) jal     pc + 0x8
core   0: 0 0x8000594c (0x008000ef) x1  0x80005950
core   0: 0x80005954 (0x01e000ef) jal     pc + 0x1e
core   0: 0 0x80005954 (0x01e000ef) x1  0x80005958
core   0: 0x80005972 (0x000037dd) c.jal   pc - 26
core   0: 0 0x80005972 (0x37dd) x1  0x80005974
core   0: 0x80005958 (0x0000a009) c.j     pc + 2
core   0: 0 0x80005958 (0xa009)
core   0: 0x8000595a (0x00c000ef) jal     pc + 0xc
core   0: 0 0x8000595a (0x00c000ef) x1  0x8000595e
core   0: 0x80005966 (0x00002019) c.jal   pc + 6
core   0: 0 0x80005966 (0x2019) x1  0x80005968
core   0: 0x8000596c (0x00e00bef) jal     s7, pc + 0xe
core   0: 0 0x8000596c (0x00e00bef) x23 0x80005970
core   0: 0x8000597a (0x0000bfc1) c.j     pc - 48
core   0: 0 0x8000597a (0xbfc1)
core   0: 0x8000594a (0x00002821) c.jal   pc + 24
core   0: 0 0x8000594a (0x2821) x1  0x8000594c
core   0: 0x80005962 (0xfffff0ef) jal     pc - 0x2
core   0: 0 0x80005962 (0xfffff0ef) x1  0x80005966
core   0: 0x80005960 (0x0000bffd) c.j     pc - 2
core   0: 0 0x80005960 (0xbffd)
core   0: 0x8000595e (0x00002839) c.jal   pc + 30
core   0: 0 0x8000595e (0x2839) x1  0x80005960
core   0: 0x8000597c (0xff9ff0ef) jal     pc - 0x8
core   0: 0 0x8000597c (0xff9ff0ef) x1  0x80005980
core   0: 0x80005974 (0x00003ff5) c.jal   pc - 4
core   0: 0 0x80005974 (0x3ff5) x1  0x80005976
core   0: 0x80005970 (0x0000b7c5) c.j     pc - 32
core   0: 0 0x80005970 (0xb7c5)
core   0: 0x80005950 (0x030000ef) jal     pc + 0x30
core   0: 0 0x80005950 (0x030000ef) x1  0x80005954
core   0: 0x80005980 (0x0000bfdd) c.j     pc - 10
core   0: 0 0x80005980 (0xbfdd)
core   0: 0x80005976 (0xff3ff0ef) jal     pc - 0xe
core   0: 0 0x80005976 (0xff3ff0ef) x1  0x8000597a
core   0: 0x80005968 (0x01a0026f) jal     tp, pc + 0x1a
core   0: 0 0x80005968 (0x01a0026f) x4  0x8000596c
core   0: 0x80005982 (0x00000985) c.addi  s3, 1
core   0: 0 0x80005982 (0x0985) x19 0xd7d6e4c5
core   0: 0x80005984 (0x05944263) blt     s0, s9, pc + 68
core   0: 0 0x80005984 (0x05944263)
core   0: 0x80005988 (0x5f22ce93) xori    t4, t0, 1522
core   0: 0 0x80005988 (0x5f22ce93) x29 0xce40d5f2
core   0: 0x8000598c (0x00008c52) c.mv    s8, s4
core   0: 0 0x8000598c (0x8c52) x24 0xfffffffe
core   0: 0x8000598e (0x0000100f) fence.i
core   0: 0 0x8000598e (0x0000100f)
core   0: 0x80005992 (0x0120076f) jal     a4, pc + 0x12
core   0: 0 0x80005992 (0x0120076f) x14 0x80005996
core   0: 0x800059a4 (0x00003fed) c.jal   pc - 6
core   0: 0 0x800059a4 (0x3fed) x1  0x800059a6
core   0: 0x8000599e (0x008000ef) jal     pc + 0x8
core   0: 0 0x8000599e (0x008000ef) x1  0x800059a2
core   0: 0x800059a6 (0x00002009) c.jal   pc + 2
core   0: 0 0x800059a6 (0x2009) x1  0x800059a8
core   0: 0x800059a8 (0x00002009) c.jal   pc + 2
core   0: 0 0x800059a8 (0x2009) x1  0x800059aa
core   0: 0x800059aa (0xfefff0ef) jal     pc - 0x12
core   0: 0 0x800059aa (0xfefff0ef) x1  0x800059ae
core   0: 0x80005998 (0x00002009) c.jal   pc + 2
core   0: 0 0x80005998 (0x2009) x1  0x8000599a
core   0: 0x8000599a (0x00002009) c.jal   pc + 2
core   0: 0 0x8000599a (0x2009) x1  0x8000599c
core   0: 0x8000599c (0x0000bfed) c.j     pc - 6
core   0: 0 0x8000599c (0xbfed)
core   0: 0x80005996 (0x00002031) c.jal   pc + 12
core   0: 0 0x80005996 (0x2031) x1  0x80005998
core   0: 0x800059a2 (0x00002031) c.jal   pc + 12
core   0: 0 0x800059a2 (0x2031) x1  0x800059a4
core   0: 0x800059ae (0x00006171) c.addi16sp sp, 336
core   0: 0 0x800059ae (0x6171) x2  0x00000151
core   0: 0x800059b0 (0x00008c7d) c.and   s0, a5
core   0: 0 0x800059b0 (0x8c7d) x8  0x00000000
core   0: 0x800059b2 (0x0074c7b3) xor     a5, s1, t2
core   0: 0 0x800059b2 (0x0074c7b3) x15 0x8001ee27
core   0: 0x800059b6 (0x00001988) c.addi4spn a0, sp, 240
core   0: 0 0x800059b6 (0x1988) x10 0x00000241
core   0: 0x800059b8 (0x00000001) c.nop
core   0: 0 0x800059b8 (0x0001)
core   0: 0x800059ba (0x00667733) and     a4, a2, t1
core   0: 0 0x800059ba (0x00667733) x14 0x00000000
core   0: 0x800059be (0x40905813) srai    a6, zero, 9
core   0: 0 0x800059be (0x40905813) x16 0x00000000
core   0: 0x800059c2 (0x00009fc2) c.add   t6, a6
core   0: 0 0x800059c2 (0x9fc2) x31 0x00000000
core   0: 0x800059c4 (0x01a76fb3) or      t6, a4, s10
core   0: 0 0x800059c4 (0x01a76fb3) x31 0x00000001
core   0: 0x800059c8 (0x0203ebb3) rem     s7, t2, zero
core   0: 0 0x800059c8 (0x0203ebb3) x23 0x0000000b
core   0: 0x800059cc (0x00008e35) c.xor   a2, a3
core   0: 0 0x800059cc (0x8e35) x12 0x5f4195ff
core   0: 0x800059ce (0x93334e93) xori    t4, t1, -1741
core   0: 0 0x800059ce (0x93334e93) x29 0xfffff933
core   0: 0x800059d2 (0x03cdfb33) remu    s6, s11, t3
core   0: 0 0x800059d2 (0x03cdfb33) x22 0x242436f2
core   0: 0x800059d6 (0x0284b6b3) mulhu   a3, s1, s0
core   0: 0 0x800059d6 (0x0284b6b3) x13 0x00000000
core   0: 0x800059da (0xb46be913) ori     s2, s7, -1210
core   0: 0 0x800059da (0xb46be913) x18 0xfffffb4f
core   0: 0x800059de (0x0129d563) bge     s3, s2, pc + 10
core   0: 0 0x800059de (0x0129d563)
core   0: 0x800059e2 (0x0000e689) c.bnez  a3, pc + 10
core   0: 0 0x800059e2 (0xe689)
core   0: 0x800059e4 (0x00000911) c.addi  s2, 4
core   0: 0 0x800059e4 (0x0911) x18 0xfffffb53
core   0: 0x800059e6 (0x00008551) c.srai  a0, 20
core   0: 0 0x800059e6 (0x8551) x10 0x00000000
core   0: 0x800059e8 (0x01e378b3) and     a7, t1, t5
core   0: 0 0x800059e8 (0x01e378b3) x17 0x00000000
core   0: 0x800059ec (0x02187d33) remu    s10, a6, ra
core   0: 0 0x800059ec (0x02187d33) x26 0x00000000
core   0: 0x800059f0 (0x00006355) c.lui   t1, 0x15
core   0: 0 0x800059f0 (0x6355) x6  0x00015000
core   0: 0x800059f2 (0x00c4e833) or      a6, s1, a2
core   0: 0 0x800059f2 (0x00c4e833) x16 0xdf41ffff
core   0: 0x800059f6 (0x028748b3) div     a7, a4, s0
core   0: 0 0x800059f6 (0x028748b3) x17 0xffffffff
core   0: 0x800059fa (0x017d86b3) add     a3, s11, s7
core   0: 0 0x800059fa (0x017d86b3) x13 0xfcde000b
core   0: 0x800059fe (0x038da333) mulhsu  t1, s11, s8
core   0: 0 0x800059fe (0x038da333) x6  0xfcde0000
core   0: 0x80005a02 (0x00000186) c.slli  gp, 1
core   0: 0 0x80005a02 (0x0186) x3  0xfffffffc
core   0: 0x80005a04 (0x0000612d) c.addi16sp sp, 224
core   0: 0 0x80005a04 (0x612d) x2  0x00000231
core   0: 0x80005a06 (0x00000001) c.nop
core   0: 0 0x80005a06 (0x0001)
core   0: 0x80005a08 (0x03fb8333) mul     t1, s7, t6
core   0: 0 0x80005a08 (0x03fb8333) x6  0x0000000b
core   0: 0x80005a0c (0x00008511) c.srai  a0, 4
core   0: 0 0x80005a0c (0x8511) x10 0x00000000
core   0: 0x80005a0e (0x40fdd513) srai    a0, s11, 15
core   0: 0 0x80005a0e (0x40fdd513) x10 0xfffff9bc
core   0: 0x80005a12 (0x00009722) c.add   a4, s0
core   0: 0 0x80005a12 (0x9722) x14 0x00000000
core   0: 0x80005a14 (0x02ad5633) divu    a2, s10, a0
core   0: 0 0x80005a14 (0x02ad5633) x12 0x00000000
core   0: 0x80005a18 (0x35e13013) sltiu   zero, sp, 862
core   0: 0 0x80005a18 (0x35e13013)
core   0: 0x80005a1c (0xeed72213) slti    tp, a4, -275
core   0: 0 0x80005a1c (0xeed72213) x4  0x00000000
core   0: 0x80005a20 (0x016389b3) add     s3, t2, s6
core   0: 0 0x80005a20 (0x016389b3) x19 0x242436fd
core   0: 0x80005a24 (0x024ae833) rem     a6, s5, tp
core   0: 0 0x80005a24 (0x024ae833) x16 0x894eb38d
core   0: 0x80005a28 (0x00008935) c.andi  a0, 13
core   0: 0 0x80005a28 (0x8935) x10 0x0000000c
core   0: 0x80005a2a (0x00008d19) c.sub   a0, a4
core   0: 0 0x80005a2a (0x8d19) x10 0x0000000c
core   0: 0x80005a2c (0xaa728f93) addi    t6, t0, -1369
core   0: 0 0x80005a2c (0xaa728f93) x31 0xce40caa7
core   0: 0x80005a30 (0x0410e163) bltu    ra, ra, pc + 66
core   0: 0 0x80005a30 (0x0410e163)
core   0: 0x80005a34 (0x0320a533) mulhsu  a0, ra, s2
core   0: 0 0x80005a34 (0x0320a533) x10 0x80005bfa
core   0: 0x80005a38 (0x034d9a63) bne     s11, s4, pc + 52
core   0: 0 0x80005a38 (0x034d9a63)
core   0: 0x80005a6c (0x00000001) c.nop
core   0: 0 0x80005a6c (0x0001)
core   0: 0x80005a6e (0x1dbd8b93) addi    s7, s11, 475
core   0: 0 0x80005a6e (0x1dbd8b93) x23 0xfcde01db
core   0: 0x80005a72 (0x0108d9b3) srl     s3, a7, a6
core   0: 0 0x80005a72 (0x0108d9b3) x19 0x0007ffff
core   0: 0x80005a76 (0x03bd16b3) mulh    a3, s10, s11
core   0: 0 0x80005a76 (0x03bd16b3) x13 0x00000000
core   0: 0x80005a7a (0x02ecf7b3) remu    a5, s9, a4
core   0: 0 0x80005a7a (0x02ecf7b3) x15 0xffffff65
core   0: 0x80005a7e (0x1573ba13) sltiu   s4, t2, 343
core   0: 0 0x80005a7e (0x1573ba13) x20 0x00000001
core   0: 0x80005a82 (0x00000001) c.nop
core   0: 0 0x80005a82 (0x0001)
core   0: 0x80005a84 (0x64067293) andi    t0, a2, 1600
core   0: 0 0x80005a84 (0x64067293) x5  0x00000000
core   0: 0x80005a88 (0x0000931e) c.add   t1, t2
core   0: 0 0x80005a88 (0x931e) x6  0x00000016
core   0: 0x80005a8a (0x02b54033) div     zero, a0, a1
core   0: 0 0x80005a8a (0x02b54033)
core   0: 0x80005a8e (0x02148633) mul     a2, s1, ra
core   0: 0 0x80005a8e (0x02148633) x12 0xad09e030
core   0: 0x80005a92 (0x0319d9b3) divu    s3, s3, a7
core   0: 0 0x80005a92 (0x0319d9b3) x19 0x00000000
core   0: 0x80005a96 (0x0000863d) c.srai  a2, 15
core   0: 0 0x80005a96 (0x863d) x12 0xffff5a13
core   0: 0x80005a98 (0x00008f9d) c.sub   a5, a5
core   0: 0 0x80005a98 (0x8f9d) x15 0x00000000
core   0: 0x80005a9a (0x0000643d) c.lui   s0, 0xf
core   0: 0 0x80005a9a (0x643d) x8  0x0000f000
core   0: 0x80005a9c (0xd2800c13) li      s8, -728
core   0: 0 0x80005a9c (0xd2800c13) x24 0xfffffd28
core   0: 0x80005aa0 (0x00000001) c.nop
core   0: 0 0x80005aa0 (0x0001)
core   0: 0x80005aa2 (0x0142f9b3) and     s3, t0, s4
core   0: 0 0x80005aa2 (0x0142f9b3) x19 0x00000000
core   0: 0x80005aa6 (0x00004c69) c.li    s8, 26
core   0: 0 0x80005aa6 (0x4c69) x24 0x0000001a
core   0: 0x80005aa8 (0x1b3ff413) andi    s0, t6, 435
core   0: 0 0x80005aa8 (0x1b3ff413) x8  0x000000a3
core   0: 0x80005aac (0x001b26b3) slt     a3, s6, ra
core   0: 0 0x80005aac (0x001b26b3) x13 0x00000000
core   0: 0x80005ab0 (0x021ecfb3) div     t6, t4, ra
core   0: 0 0x80005ab0 (0x021ecfb3) x31 0x00000000
core   0: 0x80005ab4 (0x00000001) c.nop
core   0: 0 0x80005ab4 (0x0001)
core   0: 0x80005ab6 (0x0352f463) bgeu    t0, s5, pc + 40
core   0: 0 0x80005ab6 (0x0352f463)
core   0: 0x80005aba (0x0d978e97) auipc   t4, 0xd978
core   0: 0 0x80005aba (0x0d978e97) x29 0x8d97daba
core   0: 0x80005abe (0x01ce5393) srli    t2, t3, 28
core   0: 0 0x80005abe (0x01ce5393) x7  0x0000000d
core   0: 0x80005ac2 (0x00006a1d) c.lui   s4, 0x7
core   0: 0 0x80005ac2 (0x6a1d) x20 0x00007000
core   0: 0x80005ac4 (0x00da96b3) sll     a3, s5, a3
core   0: 0 0x80005ac4 (0x00da96b3) x13 0x894eb38d
core   0: 0x80005ac8 (0x00000001) c.nop
core   0: 0 0x80005ac8 (0x0001)
core   0: 0x80005aca (0x01e93733) sltu    a4, s2, t5
core   0: 0 0x80005aca (0x01e93733) x14 0x00000000
core   0: 0x80005ace (0x00008ea1) c.xor   a3, s0
core   0: 0 0x80005ace (0x8ea1) x13 0x894eb32e
core   0: 0x80005ad0 (0xaedf3393) sltiu   t2, t5, -1299
core   0: 0 0x80005ad0 (0xaedf3393) x7  0x00000001
core   0: 0x80005ad4 (0x01029993) slli    s3, t0, 16
core   0: 0 0x80005ad4 (0x01029993) x19 0x00000000
core   0: 0x80005ad8 (0x74bcf893) andi    a7, s9, 1867
core   0: 0 0x80005ad8 (0x74bcf893) x17 0x00000741
core   0: 0x80005adc (0x00008d41) c.or    a0, s0
core   0: 0 0x80005adc (0x8d41) x10 0x80005bfb
core   0: 0x80005ade (0x000083a5) c.srli  a5, 9
core   0: 0 0x80005ade (0x83a5) x15 0x00000000
core   0: 0x80005ae0 (0x02387063) bgeu    a6, gp, pc + 32
core   0: 0 0x80005ae0 (0x02387063)
core   0: 0x80005ae4 (0x3e8d2c93) slti    s9, s10, 1000
core   0: 0 0x80005ae4 (0x3e8d2c93) x25 0x00000001
core   0: 0x80005ae8 (0x00cf1e13) slli    t3, t5, 12
core   0: 0 0x80005ae8 (0x00cf1e13) x28 0x22ce4000
core   0: 0x80005aec (0x00000001) c.nop
core   0: 0 0x80005aec (0x0001)
core   0: 0x80005aee (0x00008626) c.mv    a2, s1
core   0: 0 0x80005aee (0x8626) x12 0x8001ee2c
core   0: 0x80005af0 (0x00e191b3) sll     gp, gp, a4
core   0: 0 0x80005af0 (0x00e191b3) x3  0xfffffffc
core   0: 0x80005af4 (0x00008f35) c.xor   a4, a3
core   0: 0 0x80005af4 (0x8f35) x14 0x894eb32e
core   0: 0x80005af6 (0x001de263) bltu    s11, ra, pc + 4
core   0: 0 0x80005af6 (0x001de263)
core   0: 0x80005afa (0x00008e61) c.and   a2, s0
core   0: 0 0x80005afa (0x8e61) x12 0x00000020
core   0: 0x80005afc (0x02228833) mul     a6, t0, sp
core   0: 0 0x80005afc (0x02228833) x16 0x00000000
core   0: 0x80005b00 (0x02f3f9b3) remu    s3, t2, a5
core   0: 0 0x80005b00 (0x02f3f9b3) x19 0x00000001
core   0: 0x80005b04 (0x00000001) c.nop
core   0: 0 0x80005b04 (0x0001)
core   0: 0x80005b06 (0x0139dc93) srli    s9, s3, 19
core   0: 0 0x80005b06 (0x0139dc93) x25 0x00000000
core   0: 0x80005b0a (0x00008135) c.srli  a0, 13
core   0: 0 0x80005b0a (0x8135) x10 0x00040002
core   0: 0x80005b0c (0x0ff0000f) fence   iorw,iorw
core   0: 0 0x80005b0c (0x0ff0000f)
core   0: 0x80005b10 (0x00009afd) c.andi  a3, -1
core   0: 0 0x80005b10 (0x9afd) x13 0x894eb32e
core   0: 0x80005b12 (0x00005a7d) c.li    s4, -1
core   0: 0 0x80005b12 (0x5a7d) x20 0xffffffff
core   0: 0x80005b14 (0x02d7fe33) remu    t3, a5, a3
core   0: 0 0x80005b14 (0x02d7fe33) x28 0x00000000
core   0: 0x80005b18 (0x00e25433) srl     s0, tp, a4
core   0: 0 0x80005b18 (0x00e25433) x8  0x00000000
core   0: 0x80005b1c (0x02f39c63) bne     t2, a5, pc + 56
core   0: 0 0x80005b1c (0x02f39c63)
core   0: 0x80005b54 (0x00008f5d) c.or    a4, a5
core   0: 0 0x80005b54 (0x8f5d) x14 0x894eb32e
core   0: 0x80005b56 (0xda763b93) sltiu   s7, a2, -601
core   0: 0 0x80005b56 (0xda763b93) x23 0x00000001
core   0: 0x80005b5a (0x039f07b3) mul     a5, t5, s9
core   0: 0 0x80005b5a (0x039f07b3) x15 0x00000000
core   0: 0x80005b5e (0x00e501b3) add     gp, a0, a4
core   0: 0 0x80005b5e (0x00e501b3) x3  0x8952b330
core   0: 0x80005b62 (0x0375d8b3) divu    a7, a1, s7
core   0: 0 0x80005b62 (0x0375d8b3) x17 0x894eacb4
core   0: 0x80005b66 (0x031d87b3) mul     a5, s11, a7
core   0: 0 0x80005b66 (0x031d87b3) x15 0xf4180000
core   0: 0x80005b6a (0x01b01c13) slli    s8, zero, 27
core   0: 0 0x80005b6a (0x01b01c13) x24 0x00000000
core   0: 0x80005b6e (0x4df96a13) ori     s4, s2, 1247
core   0: 0 0x80005b6e (0x4df96a13) x20 0xffffffdf
core   0: 0x80005b72 (0x02b6abb3) mulhsu  s7, a3, a1
core   0: 0 0x80005b72 (0x02b6abb3) x23 0xc056a3cb
core   0: 0x80005b76 (0x0000e329) c.bnez  a4, pc + 66
core   0: 0 0x80005b76 (0xe329)
core   0: 0x80005bb8 (0x0000450d) c.li    a0, 3
core   0: 0 0x80005bb8 (0x450d) x10 0x00000003
core   0: 0x80005bba (0x00000001) c.nop
core   0: 0 0x80005bba (0x0001)
core   0: 0x80005bbc (0x013a6363) bltu    s4, s3, pc + 6
core   0: 0 0x80005bbc (0x013a6363)
core   0: 0x80005bc0 (0x00000001) c.nop
core   0: 0 0x80005bc0 (0x0001)
core   0: 0x80005bc2 (0x00365433) srl     s0, a2, gp
core   0: 0 0x80005bc2 (0x00365433) x8  0x00000000
core   0: 0x80005bc6 (0xa154ad93) slti    s11, s1, -1515
core   0: 0 0x80005bc6 (0xa154ad93) x27 0x00000001
core   0: 0x80005bca (0x0354f133) remu    sp, s1, s5
core   0: 0 0x80005bca (0x0354f133) x2  0x8001ee2c
core   0: 0x80005bce (0xc1702097) auipc   ra, 0xc1702
core   0: 0 0x80005bce (0xc1702097) x1  0x41707bce
core   0: 0x80005bd2 (0x0000100f) fence.i
core   0: 0 0x80005bd2 (0x0000100f)
core   0: 0x80005bd6 (0x00000001) c.nop
core   0: 0 0x80005bd6 (0x0001)
core   0: 0x80005bd8 (0x0062d833) srl     a6, t0, t1
core   0: 0 0x80005bd8 (0x0062d833) x16 0x00000000
core   0: 0x80005bdc (0x0000c51d) c.beqz  a0, pc + 46
core   0: 0 0x80005bdc (0xc51d)
core   0: 0x80005bde (0x000057fd) c.li    a5, -1
core   0: 0 0x80005bde (0x57fd) x15 0xffffffff
core   0: 0x80005be0 (0x0ff0000f) fence   iorw,iorw
core   0: 0 0x80005be0 (0x0ff0000f)
core   0: 0x80005be4 (0x41d10b33) sub     s6, sp, t4
core   0: 0 0x80005be4 (0x41d10b33) x22 0xf26a1372
core   0: 0x80005be8 (0x00008ee9) c.and   a3, a0
core   0: 0 0x80005be8 (0x8ee9) x13 0x00000002
core   0: 0x80005bea (0x015509b3) add     s3, a0, s5
core   0: 0 0x80005bea (0x015509b3) x19 0x894eb390
core   0: 0x80005bee (0x00542033) slt     zero, s0, t0
core   0: 0 0x80005bee (0x00542033)
core   0: 0x80005bf2 (0x01ef5433) srl     s0, t5, t5
core   0: 0 0x80005bf2 (0x01ef5433) x8  0x080022ce
core   0: 0x80005bf6 (0x00008a1d) c.andi  a2, 7
core   0: 0 0x80005bf6 (0x8a1d) x12 0x00000000
core   0: 0x80005bf8 (0x002f98b3) sll     a7, t6, sp
core   0: 0 0x80005bf8 (0x002f98b3) x17 0x00000000
core   0: 0x80005bfc (0x00999eb3) sll     t4, s3, s1
core   0: 0 0x80005bfc (0x00999eb3) x29 0xeb390000
core   0: 0x80005c00 (0x00008261) c.srli  a2, 24
core   0: 0 0x80005c00 (0x8261) x12 0x00000000
core   0: 0x80005c02 (0x00000001) c.nop
core   0: 0 0x80005c02 (0x0001)
core   0: 0x80005c04 (0x00008f11) c.sub   a4, a2
core   0: 0 0x80005c04 (0x8f11) x14 0x894eb32e
core   0: 0x80005c06 (0x03694db3) div     s11, s2, s6
core   0: 0 0x80005c06 (0x03694db3) x27 0x00000000
core   0: 0x80005c0a (0x002d33b3) sltu    t2, s10, sp
core   0: 0 0x80005c0a (0x002d33b3) x7  0x00000001
core   0: 0x80005c0e (0x03603d33) mulhu   s10, zero, s6
core   0: 0 0x80005c0e (0x03603d33) x26 0x00000000
core   0: 0x80005c12 (0x0102a833) slt     a6, t0, a6
core   0: 0 0x80005c12 (0x0102a833) x16 0x00000000
core   0: 0x80005c16 (0x0000100f) fence.i
core   0: 0 0x80005c16 (0x0000100f)
core   0: 0x80005c1a (0x00008c39) c.xor   s0, a4
core   0: 0 0x80005c1a (0x8c39) x8  0x814e91e0
core   0: 0x80005c1c (0x00614e63) blt     sp, t1, pc + 28
core   0: 0 0x80005c1c (0x00614e63)
core   0: 0x80005c38 (0x0ff0000f) fence   iorw,iorw
core   0: 0 0x80005c38 (0x0ff0000f)
core   0: 0x80005c3c (0x0000ea89) c.bnez  a3, pc + 18
core   0: 0 0x80005c3c (0xea89)
core   0: 0x80005c4e (0x00008e31) c.xor   a2, a2
core   0: 0 0x80005c4e (0x8e31) x12 0x00000000
core   0: 0x80005c50 (0x00ade1b3) or      gp, s11, a0
core   0: 0 0x80005c50 (0x00ade1b3) x3  0x00000003
core   0: 0x80005c54 (0x000001ca) c.slli  gp, 18
core   0: 0 0x80005c54 (0x01ca) x3  0x000c0000
core   0: 0x80005c56 (0x0281c633) div     a2, gp, s0
core   0: 0 0x80005c56 (0x0281c633) x12 0x00000000
core   0: 0x80005c5a (0x03684cb3) div     s9, a6, s6
core   0: 0 0x80005c5a (0x03684cb3) x25 0x00000000
core   0: 0x80005c5e (0x7b6d0213) addi    tp, s10, 1974
core   0: 0 0x80005c5e (0x7b6d0213) x4  0x000007b6
core   0: 0x80005c62 (0x41ba83b3) sub     t2, s5, s11
core   0: 0 0x80005c62 (0x41ba83b3) x7  0x894eb38d
core   0: 0x80005c66 (0x408c5293) srai    t0, s8, 8
core   0: 0 0x80005c66 (0x408c5293) x5  0x00000000
core   0: 0x80005c6a (0x02cde833) rem     a6, s11, a2
core   0: 0 0x80005c6a (0x02cde833) x16 0x00000000
core   0: 0x80005c6e (0x02b0fd33) remu    s10, ra, a1
core   0: 0 0x80005c6e (0x02b0fd33) x26 0x41707bce
core   0: 0x80005c72 (0x00008051) c.srli  s0, 20
core   0: 0 0x80005c72 (0x8051) x8  0x00000814
core   0: 0x80005c74 (0x0000100f) fence.i
core   0: 0 0x80005c74 (0x0000100f)
core   0: 0x80005c78 (0x00008e79) c.and   a2, a4
core   0: 0 0x80005c78 (0x8e79) x12 0x00000000
core   0: 0x80005c7a (0x00006779) c.lui   a4, 0x1e
core   0: 0 0x80005c7a (0x6779) x14 0x0001e000
core   0: 0x80005c7c (0x00008bf1) c.andi  a5, 28
core   0: 0 0x80005c7c (0x8bf1) x15 0x0000001c
core   0: 0x80005c7e (0x0000717d) c.addi16sp sp, -16
core   0: 0 0x80005c7e (0x717d) x2  0x8001ee1c
core   0: 0x80005c80 (0x00008d71) c.and   a0, a2
core   0: 0 0x80005c80 (0x8d71) x10 0x00000000
core   0: 0x80005c82 (0x03aabdb3) mulhu   s11, s5, s10
core   0: 0 0x80005c82 (0x03aabdb3) x27 0x2319506c
core   0: 0x80005c86 (0x0000717d) c.addi16sp sp, -16
core   0: 0 0x80005c86 (0x717d) x2  0x8001ee0c
core   0: 0x80005c88 (0x00d1e6b3) or      a3, gp, a3
core   0: 0 0x80005c88 (0x00d1e6b3) x13 0x000c0002
core   0: 0x80005c8c (0x01c77833) and     a6, a4, t3
core   0: 0 0x80005c8c (0x01c77833) x16 0x00000000
core   0: 0x80005c90 (0x01c25393) srli    t2, tp, 28
core   0: 0 0x80005c90 (0x01c25393) x7  0x00000000
core   0: 0x80005c94 (0x02eaacb3) mulhsu  s9, s5, a4
core   0: 0 0x80005c94 (0x02eaacb3) x25 0xffff2173
core   0: 0x80005c98 (0x03e42e33) mulhsu  t3, s0, t5
core   0: 0 0x80005c98 (0x03e42e33) x28 0x0000040a
core   0: 0x80005c9c (0x7c304b13) xori    s6, zero, 1987
core   0: 0 0x80005c9c (0x7c304b13) x22 0x000007c3
core   0: 0x80005ca0 (0x000a38b3) sltu    a7, s4, zero
core   0: 0 0x80005ca0 (0x000a38b3) x17 0x00000000
core   0: 0x80005ca4 (0x00639b93) slli    s7, t2, 6
core   0: 0 0x80005ca4 (0x00639b93) x23 0x00000000
core   0: 0x80005ca8 (0x9ee7ba93) sltiu   s5, a5, -1554
core   0: 0 0x80005ca8 (0x9ee7ba93) x21 0x00000001
core   0: 0x80005cac (0xc5de4113) xori    sp, t3, -931
core   0: 0 0x80005cac (0xc5de4113) x2  0xfffff857
core   0: 0x80005cb0 (0x013c9213) slli    tp, s9, 19
core   0: 0 0x80005cb0 (0x013c9213) x4  0x0b980000
core   0: 0x80005cb4 (0x41a4d8b3) sra     a7, s1, s10
core   0: 0 0x80005cb4 (0x41a4d8b3) x17 0xfffe0007
core   0: 0x80005cb8 (0x0083da93) srli    s5, t2, 8
core   0: 0 0x80005cb8 (0x0083da93) x21 0x00000000
core   0: 0x80005cbc (0x0330d6b3) divu    a3, ra, s3
core   0: 0 0x80005cbc (0x0330d6b3) x13 0x00000000
core   0: 0x80005cc0 (0x4063dc93) srai    s9, t2, 6
core   0: 0 0x80005cc0 (0x4063dc93) x25 0x00000000
core   0: 0x80005cc4 (0x00000f95) c.addi  t6, 5
core   0: 0 0x80005cc4 (0x0f95) x31 0x00000005
core   0: 0x80005cc6 (0x000083c9) c.srli  a5, 18
core   0: 0 0x80005cc6 (0x83c9) x15 0x00000000
core   0: 0x80005cc8 (0x00000001) c.nop
core   0: 0 0x80005cc8 (0x0001)
core   0: 0x80005cca (0x03117a33) remu    s4, sp, a7
core   0: 0 0x80005cca (0x03117a33) x20 0x0001f850
core   0: 0x80005cce (0x417787b3) sub     a5, a5, s7
core   0: 0 0x80005cce (0x417787b3) x15 0x00000000
core   0: 0x80005cd2 (0x0000100f) fence.i
core   0: 0 0x80005cd2 (0x0000100f)
core   0: 0x80005cd6 (0x0000997d) c.andi  a0, -1
core   0: 0 0x80005cd6 (0x997d) x10 0x00000000
core   0: 0x80005cd8 (0x009d6bb3) or      s7, s10, s1
core   0: 0 0x80005cd8 (0x009d6bb3) x23 0xc171ffee
core   0: 0x80005cdc (0x41f8dbb3) sra     s7, a7, t6
core   0: 0 0x80005cdc (0x41f8dbb3) x23 0xfffff000
core   0: 0x80005ce0 (0x003d8b63) beq     s11, gp, pc + 22
core   0: 0 0x80005ce0 (0x003d8b63)
core   0: 0x80005ce4 (0x0222bab3) mulhu   s5, t0, sp
core   0: 0 0x80005ce4 (0x0222bab3) x21 0x00000000
core   0: 0x80005ce8 (0x00000001) c.nop
core   0: 0 0x80005ce8 (0x0001)
core   0: 0x80005cea (0x01e59813) slli    a6, a1, 30
core   0: 0 0x80005cea (0x01e59813) x16 0x00000000
core   0: 0x80005cee (0x2d2761b7) lui     gp, 0x2d276
core   0: 0 0x80005cee (0x2d2761b7) x3  0x2d276000
core   0: 0x80005cf2 (0xa4c5aab7) lui     s5, 0xa4c5a
core   0: 0 0x80005cf2 (0xa4c5aab7) x21 0xa4c5a000
core   0: 0x80005cf6 (0x00000a08) c.addi4spn a0, sp, 272
core   0: 0 0x80005cf6 (0x0a08) x10 0xfffff967
core   0: 0x80005cf8 (0x021e9a33) mulh    s4, t4, ra
core   0: 0 0x80005cf8 (0x021e9a33) x20 0xfab057e3
core   0: 0x80005cfc (0x03011f63) bne     sp, a6, pc + 62
core   0: 0 0x80005cfc (0x03011f63)
core   0: 0x80005d3a (0x0000eb19) c.bnez  a4, pc + 22
core   0: 0 0x80005d3a (0xeb19)
core   0: 0x80005d50 (0x0ff0000f) fence   iorw,iorw
core   0: 0 0x80005d50 (0x0ff0000f)
core   0: 0x80005d54 (0x00009352) c.add   t1, s4
core   0: 0 0x80005d54 (0x9352) x6  0xfab057f9
core   0: 0x80005d56 (0x0055da13) srli    s4, a1, 5
core   0: 0 0x80005d56 (0x0055da13) x20 0x044a7565
core   0: 0x80005d5a (0x00008ae5) c.andi  a3, 25
core   0: 0 0x80005d5a (0x8ae5) x13 0x00000000
core   0: 0x80005d5c (0x017fc963) blt     t6, s7, pc + 18
core   0: 0 0x80005d5c (0x017fc963)
core   0: 0x80005d60 (0x00008f15) c.sub   a4, a3
core   0: 0 0x80005d60 (0x8f15) x14 0x0001e000
core   0: 0x80005d62 (0x015d4863) blt     s10, s5, pc + 16
core   0: 0 0x80005d62 (0x015d4863)
core   0: 0x80005d66 (0x10002113) slti    sp, zero, 256
core   0: 0 0x80005d66 (0x10002113) x2  0x00000001
core   0: 0x80005d6a (0x412b0eb3) sub     t4, s6, s2
core   0: 0 0x80005d6a (0x412b0eb3) x29 0x00000c70
core   0: 0x80005d6e (0x00009142) c.add   sp, a6
core   0: 0 0x80005d6e (0x9142) x2  0x00000001
core   0: 0x80005d70 (0x00000001) c.nop
core   0: 0 0x80005d70 (0x0001)
core   0: 0x80005d72 (0x00008f55) c.or    a4, a3
core   0: 0 0x80005d72 (0x8f55) x14 0x0001e000
core   0: 0x80005d74 (0x00008e25) c.xor   a2, s1
core   0: 0 0x80005d74 (0x8e25) x12 0x8001ee2c
core   0: 0x80005d76 (0x010323b3) slt     t2, t1, a6
core   0: 0 0x80005d76 (0x010323b3) x7  0x00000001
core   0: 0x80005d7a (0x0ff0000f) fence   iorw,iorw
core   0: 0 0x80005d7a (0x0ff0000f)
core   0: 0x80005d7e (0x0000813d) c.srli  a0, 15
core   0: 0 0x80005d7e (0x813d) x10 0x0001ffff
core   0: 0x80005d80 (0x002bd093) srli    ra, s7, 2
core   0: 0 0x80005d80 (0x002bd093) x1  0x3ffffc00
core   0: 0x80005d84 (0x00008c11) c.sub   s0, a2
core   0: 0 0x80005d84 (0x8c11) x8  0x7ffe19e8
core   0: 0x80005d86 (0x0000ca99) c.beqz  a3, pc + 22
core   0: 0 0x80005d86 (0xca99)
core   0: 0x80005d9c (0x0236f7b3) remu    a5, a3, gp
core   0: 0 0x80005d9c (0x0236f7b3) x15 0x00000000
core   0: 0x80005da0 (0x7009a013) slti    zero, s3, 1792
core   0: 0 0x80005da0 (0x7009a013)
core   0: 0x80005da4 (0x005c63b3) or      t2, s8, t0
core   0: 0 0x80005da4 (0x005c63b3) x7  0x00000000
core   0: 0x80005da8 (0xe12dd537) lui     a0, 0xe12dd
core   0: 0 0x80005da8 (0xe12dd537) x10 0xe12dd000
core   0: 0x80005dac (0x00008735) c.srai  a4, 13
core   0: 0 0x80005dac (0x8735) x14 0x0000000f
core   0: 0x80005dae (0x5e78e913) ori     s2, a7, 1511
core   0: 0 0x80005dae (0x5e78e913) x18 0xfffe05e7
core   0: 0x80005db2 (0x03d281b3) mul     gp, t0, t4
core   0: 0 0x80005db2 (0x03d281b3) x3  0x00000000
core   0: 0x80005db6 (0x0000ef1d) c.bnez  a4, pc + 62
core   0: 0 0x80005db6 (0xef1d)
core   0: 0x80005df4 (0x01351233) sll     tp, a0, s3
core   0: 0 0x80005df4 (0x01351233) x4  0xd0000000
core   0: 0x80005df8 (0x00009a7d) c.andi  a2, -1
core   0: 0 0x80005df8 (0x9a7d) x12 0x8001ee2c
core   0: 0x80005dfa (0x00000a00) c.addi4spn s0, sp, 272
core   0: 0 0x80005dfa (0x0a00) x8  0x00000111
core   0: 0x80005dfc (0x0710a893) slti    a7, ra, 113
core   0: 0 0x80005dfc (0x0710a893) x17 0x00000000
core   0: 0x80005e00 (0x0000ea0d) c.bnez  a2, pc + 50
core   0: 0 0x80005e00 (0xea0d)
core   0: 0x80005e32 (0x23058a13) addi    s4, a1, 560
core   0: 0 0x80005e32 (0x23058a13) x20 0x894eaee4
core   0: 0x80005e36 (0x00334733) xor     a4, t1, gp
core   0: 0 0x80005e36 (0x00334733) x14 0xfab057f9
core   0: 0x80005e3a (0x0000e605) c.bnez  a2, pc + 40
core   0: 0 0x80005e3a (0xe605)
core   0: 0x80005e62 (0x00008c25) c.xor   s0, s1
core   0: 0 0x80005e62 (0x8c25) x8  0x8001ef3d
core   0: 0x80005e64 (0x00008e25) c.xor   a2, s1
core   0: 0 0x80005e64 (0x8e25) x12 0x00000000
core   0: 0x80005e66 (0x00004e19) c.li    t3, 6
core   0: 0 0x80005e66 (0x4e19) x28 0x00000006
core   0: 0x80005e68 (0x0000ea89) c.bnez  a3, pc + 18
core   0: 0 0x80005e68 (0xea89)
core   0: 0x80005e6a (0x00000001) c.nop
core   0: 0 0x80005e6a (0x0001)
core   0: 0x80005e6c (0xb5313b93) sltiu   s7, sp, -1197
core   0: 0 0x80005e6c (0xb5313b93) x23 0x00000001
core   0: 0x80005e70 (0x02211233) mulh    tp, sp, sp
core   0: 0 0x80005e70 (0x02211233) x4  0x00000000
core   0: 0x80005e74 (0x01645313) srli    t1, s0, 22
core   0: 0 0x80005e74 (0x01645313) x6  0x00000200
core   0: 0x80005e78 (0x00000001) c.nop
core   0: 0 0x80005e78 (0x0001)
core   0: 0x80005e7a (0x40dbd793) srai    a5, s7, 13
core   0: 0 0x80005e7a (0x40dbd793) x15 0x00000000
core   0: 0x80005e7e (0x00cec663) blt     t4, a2, pc + 12
core   0: 0 0x80005e7e (0x00cec663)
core   0: 0x80005e82 (0x0000e801) c.bnez  s0, pc + 16
core   0: 0 0x80005e82 (0xe801)
core   0: 0x80005e92 (0x00008e91) c.sub   a3, a2
core   0: 0 0x80005e92 (0x8e91) x13 0x00000000
core   0: 0x80005e94 (0x00ba7c33) and     s8, s4, a1
core   0: 0 0x80005e94 (0x00ba7c33) x24 0x894eaca4
core   0: 0x80005e98 (0x00008755) c.srai  a4, 21
core   0: 0 0x80005e98 (0x8755) x14 0xffffffd5
core   0: 0x80005e9a (0x00000e52) c.slli  t3, 20
core   0: 0 0x80005e9a (0x0e52) x28 0x00600000
core   0: 0x80005e9c (0x037c8f63) beq     s9, s7, pc + 62
core   0: 0 0x80005e9c (0x037c8f63)
core   0: 0x80005ea0 (0x013f5763) bge     t5, s3, pc + 14
core   0: 0 0x80005ea0 (0x013f5763)
core   0: 0x80005ea4 (0x41fe82b3) sub     t0, t4, t6
core   0: 0 0x80005ea4 (0x41fe82b3) x5  0x00000c6b
core   0: 0x80005ea8 (0x00000219) c.addi  tp, 6
core   0: 0 0x80005ea8 (0x0219) x4  0x00000006
core   0: 0x80005eaa (0x0147ec63) bltu    a5, s4, pc + 24
core   0: 0 0x80005eaa (0x0147ec63)
core   0: 0x80005ec2 (0x00000001) c.nop
core   0: 0 0x80005ec2 (0x0001)
core   0: 0x80005ec4 (0x02540363) beq     s0, t0, pc + 38
core   0: 0 0x80005ec4 (0x02540363)
core   0: 0x80005ec8 (0x009dcbb3) xor     s7, s11, s1
core   0: 0 0x80005ec8 (0x009dcbb3) x23 0xa318be40
core   0: 0x80005ecc (0x00f2de33) srl     t3, t0, a5
core   0: 0 0x80005ecc (0x00f2de33) x28 0x00000c6b
core   0: 0x80005ed0 (0x5edb3e93) sltiu   t4, s6, 1517
core   0: 0 0x80005ed0 (0x5edb3e93) x29 0x00000000
core   0: 0x80005ed4 (0x00000001) c.nop
core   0: 0 0x80005ed4 (0x0001)
core   0: 0x80005ed6 (0x0073c833) xor     a6, t2, t2
core   0: 0 0x80005ed6 (0x0073c833) x16 0x00000000
core   0: 0x80005eda (0x01943033) sltu    zero, s0, s9
core   0: 0 0x80005eda (0x01943033)
core   0: 0x80005ede (0x00107433) and     s0, zero, ra
core   0: 0 0x80005ede (0x00107433) x8  0x00000000
core   0: 0x80005ee2 (0x012b8963) beq     s7, s2, pc + 18
core   0: 0 0x80005ee2 (0x012b8963)
core   0: 0x80005ee6 (0x03df1733) mulh    a4, t5, t4
core   0: 0 0x80005ee6 (0x03df1733) x14 0x00000000
core   0: 0x80005eea (0x20904613) xori    a2, zero, 521
core   0: 0 0x80005eea (0x20904613) x12 0x00000209
core   0: 0x80005eee (0xb59c8a17) auipc   s4, 0xb59c8
core   0: 0 0x80005eee (0xb59c8a17) x20 0x359cdeee
core   0: 0x80005ef2 (0x00000001) c.nop
core   0: 0 0x80005ef2 (0x0001)
core   0: 0x80005ef4 (0x00001c80) c.addi4spn s0, sp, 624
core   0: 0 0x80005ef4 (0x1c80) x8  0x00000271
core   0: 0x80005ef6 (0xd6b80f97) auipc   t6, 0xd6b80
core   0: 0 0x80005ef6 (0xd6b80f97) x31 0x56b85ef6
core   0: 0x80005efa (0x41de80b3) sub     ra, t4, t4
core   0: 0 0x80005efa (0x41de80b3) x1  0x00000000
core   0: 0x80005efe (0xbbe33313) sltiu   t1, t1, -1090
core   0: 0 0x80005efe (0xbbe33313) x6  0x00000001
core   0: 0x80005f02 (0x0000147d) c.addi  s0, -1
core   0: 0 0x80005f02 (0x147d) x8  0x00000270
core   0: 0x80005f04 (0x6f20b893) sltiu   a7, ra, 1778
core   0: 0 0x80005f04 (0x6f20b893) x17 0x00000001
core   0: 0x80005f08 (0x0000ef85) c.bnez  a5, pc + 56
core   0: 0 0x80005f08 (0xef85)
core   0: 0x80005f0a (0x6c766793) ori     a5, a2, 1735
core   0: 0 0x80005f0a (0x6c766793) x15 0x000006cf
core   0: 0x80005f0e (0x00000b3a) c.slli  s6, 14
core   0: 0 0x80005f0e (0x0b3a) x22 0x01f0c000
core   0: 0x80005f10 (0x01611db3) sll     s11, sp, s6
core   0: 0 0x80005f10 (0x01611db3) x27 0x00000001
core   0: 0x80005f14 (0x0475f563) bgeu    a1, t2, pc + 74
core   0: 0 0x80005f14 (0x0475f563)
core   0: 0x80005f5e (0x0ff0000f) fence   iorw,iorw
core   0: 0 0x80005f5e (0x0ff0000f)
core   0: 0x80005f62 (0x0000100f) fence.i
core   0: 0 0x80005f62 (0x0000100f)
core   0: 0x80005f66 (0x03d86fb3) rem     t6, a6, t4
core   0: 0 0x80005f66 (0x03d86fb3) x31 0x00000000
core   0: 0x80005f6a (0x03583233) mulhu   tp, a6, s5
core   0: 0 0x80005f6a (0x03583233) x4  0x00000000
core   0: 0x80005f6e (0x00008c71) c.and   s0, a2
core   0: 0 0x80005f6e (0x8c71) x8  0x00000200
core   0: 0x80005f70 (0x018de2b3) or      t0, s11, s8
core   0: 0 0x80005f70 (0x018de2b3) x5  0x894eaca5
core   0: 0x80005f74 (0x00851f93) slli    t6, a0, 8
core   0: 0 0x80005f74 (0x00851f93) x31 0x2dd00000
core   0: 0x80005f78 (0x000097fa) c.add   a5, t5
core   0: 0 0x80005f78 (0x97fa) x15 0x800233b3
core   0: 0x80005f7a (0x001bcc63) blt     s7, ra, pc + 24
core   0: 0 0x80005f7a (0x001bcc63)
core   0: 0x80005f92 (0x01ecc3b3) xor     t2, s9, t5
core   0: 0 0x80005f92 (0x01ecc3b3) x7  0x80022ce4
core   0: 0x80005f96 (0x00006625) c.lui   a2, 0x9
core   0: 0 0x80005f96 (0x6625) x12 0x00009000
core   0: 0x80005f98 (0x0155f833) and     a6, a1, s5
core   0: 0 0x80005f98 (0x0155f833) x16 0x8044a000
core   0: 0x80005f9c (0x00000090) c.addi4spn a2, sp, 64
core   0: 0 0x80005f9c (0x0090) x12 0x00000041
core   0: 0x80005f9e (0x00008e21) c.xor   a2, s0
core   0: 0 0x80005f9e (0x8e21) x12 0x00000241
core   0: 0x80005fa0 (0x00000cce) c.slli  s9, 19
core   0: 0 0x80005fa0 (0x0cce) x25 0x00000000
core   0: 0x80005fa2 (0x02a568b3) rem     a7, a0, a0
core   0: 0 0x80005fa2 (0x02a568b3) x17 0x00000000
core   0: 0x80005fa6 (0x41805933) sra     s2, zero, s8
core   0: 0 0x80005fa6 (0x41805933) x18 0x00000000
core   0: 0x80005faa (0x00009a7d) c.andi  a2, -1
core   0: 0 0x80005faa (0x9a7d) x12 0x00000241
core   0: 0x80005fac (0x00cbf093) andi    ra, s7, 12
core   0: 0 0x80005fac (0x00cbf093) x1  0x00000000
core   0: 0x80005fb0 (0x000040d8) c.lw    a4, 4(s1)
core   0: 0 0x80005fb0 (0x40d8) x14 0x800032a8 mem 0x8001ee30
core   0: 0x80005fb2 (0x00009a86) c.add   s5, ra
core   0: 0 0x80005fb2 (0x9a86) x21 0xa4c5a000
core   0: 0x80005fb4 (0x03848493) addi    s1, s1, 56
core   0: 0 0x80005fb4 (0x03848493) x9  0x8001ee64
core   0: 0x80005fb8 (0x01895613) srli    a2, s2, 24
core   0: 0 0x80005fb8 (0x01895613) x12 0x00000000
core   0: 0x80005fbc (0xacfbb693) sltiu   a3, s7, -1329
core   0: 0 0x80005fbc (0xacfbb693) x13 0x00000001
core   0: 0x80005fc0 (0x59bdf397) auipc   t2, 0x59bdf
core   0: 0 0x80005fc0 (0x59bdf397) x7  0xd9be4fc0
core   0: 0x80005fc4 (0x00170193) addi    gp, a4, 1
core   0: 0 0x80005fc4 (0x00170193) x3  0x800032a9
core   0: 0x80005fc8 (0x00009182) c.jalr  gp
core   0: 0 0x80005fc8 (0x9182) x1  0x80005fca
core   0: 0x800032a8 (0x03a5ca33) div     s4, a1, s10
core   0: 0 0x800032a8 (0x03a5ca33) x20 0xffffffff
core   0: 0x800032ac (0x01680733) add     a4, a6, s6
core   0: 0 0x800032ac (0x01680733) x14 0x82356000
core   0: 0x800032b0 (0x00000e97) auipc   t4, 0x0
core   0: 0 0x800032b0 (0x00000e97) x29 0x800032b0
core   0: 0x800032b4 (0x5dae8e93) addi    t4, t4, 1498
core   0: 0 0x800032b4 (0x5dae8e93) x29 0x8000388a
core   0: 0x800032b8 (0x00008e09) c.sub   a2, a0
core   0: 0 0x800032b8 (0x8e09) x12 0x1ed23000
core   0: 0x800032ba (0x00006cb5) c.lui   s9, 0xd
core   0: 0 0x800032ba (0x6cb5) x25 0x0000d000
core   0: 0x800032bc (0x437ae413) ori     s0, s5, 1079
core   0: 0 0x800032bc (0x437ae413) x8  0xa4c5a437
core   0: 0x800032c0 (0xe4ae8e93) addi    t4, t4, -438
core   0: 0 0x800032c0 (0xe4ae8e93) x29 0x800036d4
core   0: 0x800032c4 (0x01b54ab3) xor     s5, a0, s11
core   0: 0 0x800032c4 (0x01b54ab3) x21 0xe12dd001
core   0: 0x800032c8 (0x4459bc13) sltiu   s8, s3, 1093
core   0: 0 0x800032c8 (0x4459bc13) x24 0x00000000
core   0: 0x800032cc (0x1b6e8767) jalr    a4, t4, 438
core   0: 0 0x800032cc (0x1b6e8767) x14 0x800032d0
core   0: 0x8000388a (0x02a03933) mulhu   s2, zero, a0
core   0: 0 0x8000388a (0x02a03933) x18 0x00000000
core   0: 0x8000388e (0xb1ffe997) auipc   s3, 0xb1ffe
core   0: 0 0x8000388e (0xb1ffe997) x19 0x3200188e
core   0: 0x80003892 (0x00006be5) c.lui   s7, 0x19
core   0: 0 0x80003892 (0x6be5) x23 0x00019000
core   0: 0x80003894 (0x00f00563) beq     zero, a5, pc + 10
core   0: 0 0x80003894 (0x00f00563)
core   0: 0x80003898 (0x001456b3) srl     a3, s0, ra
core   0: 0 0x80003898 (0x001456b3) x13 0x00293169
core   0: 0x8000389c (0x00006ab9) c.lui   s5, 0xe
core   0: 0 0x8000389c (0x6ab9) x21 0x0000e000
core   0: 0x8000389e (0x000014a1) c.addi  s1, -24
core   0: 0 0x8000389e (0x14a1) x9  0x8001ee4c
core   0: 0x800038a0 (0x000083f9) c.srli  a5, 30
core   0: 0 0x800038a0 (0x83f9) x15 0x00000002
core   0: 0x800038a2 (0x0ff0000f) fence   iorw,iorw
core   0: 0 0x800038a2 (0x0ff0000f)
core   0: 0x800038a6 (0x0000c0d8) c.sw    a4, 4(s1)
core   0: 0 0x800038a6 (0xc0d8) mem 0x8001ee50 0x800032d0
core   0: 0x800038a8 (0x01992b33) slt     s6, s2, s9
core   0: 0 0x800038a8 (0x01992b33) x22 0x00000001
core   0: 0x800038ac (0x00a33fb3) sltu    t6, t1, a0
core   0: 0 0x800038ac (0x00a33fb3) x31 0x00000001
core   0: 0x800038b0 (0x00008d55) c.or    a0, a3
core   0: 0 0x800038b0 (0x8d55) x10 0xe12df169
core   0: 0x800038b2 (0x01a0076f) jal     a4, pc + 0x1a
core   0: 0 0x800038b2 (0x01a0076f) x14 0x800038b6
core   0: 0x800038cc (0x00003fdd) c.jal   pc - 10
core   0: 0 0x800038cc (0x3fdd) x1  0x800038ce
core   0: 0x800038c2 (0xffdff1ef) jal     gp, pc - 0x4
core   0: 0 0x800038c2 (0xffdff1ef) x3  0x800038c6
core   0: 0x800038be (0x00002031) c.jal   pc + 12
core   0: 0 0x800038be (0x2031) x1  0x800038c0
core   0: 0x800038ca (0x000037f5) c.jal   pc - 20
core   0: 0 0x800038ca (0x37f5) x1  0x800038cc
core   0: 0x800038b6 (0x00002019) c.jal   pc + 6
core   0: 0 0x800038b6 (0x2019) x1  0x800038b8
core   0: 0x800038bc (0x00002819) c.jal   pc + 22
core   0: 0 0x800038bc (0x2819) x1  0x800038be
core   0: 0x800038d2 (0x0000a009) c.j     pc + 2
core   0: 0 0x800038d2 (0xa009)
core   0: 0x800038d4 (0xff3ff36f) jal     t1, pc - 0xe
core   0: 0 0x800038d4 (0xff3ff36f) x6  0x800038d8
core   0: 0x800038c6 (0xff3ff36f) jal     t1, pc - 0xe
core   0: 0 0x800038c6 (0xff3ff36f) x6  0x800038ca
core   0: 0x800038b8 (0x020000ef) jal     pc + 0x20
core   0: 0 0x800038b8 (0x020000ef) x1  0x800038bc
core   0: 0x800038d8 (0x00003fdd) c.jal   pc - 10
core   0: 0 0x800038d8 (0x3fdd) x1  0x800038da
core   0: 0x800038ce (0xff3ff0ef) jal     pc - 0xe
core   0: 0 0x800038ce (0xff3ff0ef) x1  0x800038d2
core   0: 0x800038c0 (0x00002829) c.jal   pc + 26
core   0: 0 0x800038c0 (0x2829) x1  0x800038c2
core   0: 0x800038da (0x01103533) snez    a0, a7
core   0: 0 0x800038da (0x01103533) x10 0x00000000
core   0: 0x800038de (0x01e0076f) jal     a4, pc + 0x1e
core   0: 0 0x800038de (0x01e0076f) x14 0x800038e2
core   0: 0x800038fc (0x0000bfd5) c.j     pc - 12
core   0: 0 0x800038fc (0xbfd5)
core   0: 0x800038f0 (0x0000a821) c.j     pc + 24
core   0: 0 0x800038f0 (0xa821)
core   0: 0x80003908 (0x0000bfe5) c.j     pc - 8
core   0: 0 0x80003908 (0xbfe5)
core   0: 0x80003900 (0x0000b7f5) c.j     pc - 20
core   0: 0 0x80003900 (0xb7f5)
core   0: 0x800038ec (0x00002029) c.jal   pc + 10
core   0: 0 0x800038ec (0x2029) x1  0x800038ee
core   0: 0x800038f6 (0x0000bff5) c.j     pc - 4
core   0: 0 0x800038f6 (0xbff5)
core   0: 0x800038f2 (0x008000ef) jal     pc + 0x8
core   0: 0 0x800038f2 (0x008000ef) x1  0x800038f6
core   0: 0x800038fa (0x0000bfd5) c.j     pc - 12
core   0: 0 0x800038fa (0xbfd5)
core   0: 0x800038ee (0x0000a801) c.j     pc + 16
core   0: 0 0x800038ee (0xa801)
core   0: 0x800038fe (0x0000a031) c.j     pc + 12
core   0: 0 0x800038fe (0xa031)
core   0: 0x8000390a (0x0000bfe5) c.j     pc - 8
core   0: 0 0x8000390a (0xbfe5)
core   0: 0x80003902 (0x000037dd) c.jal   pc - 26
core   0: 0 0x80003902 (0x37dd) x1  0x80003904
core   0: 0x800038e8 (0x024000ef) jal     pc + 0x24
core   0: 0 0x800038e8 (0x024000ef) x1  0x800038ec
core   0: 0x8000390c (0x00003fe1) c.jal   pc - 40
core   0: 0 0x8000390c (0x3fe1) x1  0x8000390e
core   0: 0x800038e4 (0xfffff0ef) jal     pc - 0x2
core   0: 0 0x800038e4 (0xfffff0ef) x1  0x800038e8
core   0: 0x800038e2 (0x0000a035) c.j     pc + 44
core   0: 0 0x800038e2 (0xa035)
core   0: 0x8000390e (0x0000b7ed) c.j     pc - 22
core   0: 0 0x8000390e (0xb7ed)
core   0: 0x800038f8 (0x00002821) c.jal   pc + 24
core   0: 0 0x800038f8 (0x2821) x1  0x800038fa
core   0: 0x80003910 (0x004000ef) jal     pc + 0x4
core   0: 0 0x80003910 (0x004000ef) x1  0x80003914
core   0: 0x80003914 (0xff1ff1ef) jal     gp, pc - 0x10
core   0: 0 0x80003914 (0xff1ff1ef) x3  0x80003918
core   0: 0x80003904 (0x01400d6f) jal     s10, pc + 0x14
core   0: 0 0x80003904 (0x01400d6f) x26 0x80003908
core   0: 0x80003918 (0x00000001) c.nop
core   0: 0 0x80003918 (0x0001)
core   0: 0x8000391a (0x0220076f) jal     a4, pc + 0x22
core   0: 0 0x8000391a (0x0220076f) x14 0x8000391e
core   0: 0x8000393c (0x00003fc5) c.jal   pc - 16
core   0: 0 0x8000393c (0x3fc5) x1  0x8000393e
core   0: 0x8000392c (0x00002039) c.jal   pc + 14
core   0: 0 0x8000392c (0x2039) x1  0x8000392e
core   0: 0x8000393a (0x00002029) c.jal   pc + 10
core   0: 0 0x8000393a (0x2029) x1  0x8000393c
core   0: 0x80003944 (0x00003fed) c.jal   pc - 6
core   0: 0 0x80003944 (0x3fed) x1  0x80003946
core   0: 0x8000393e (0xff3ff0ef) jal     pc - 0xe
core   0: 0 0x8000393e (0xff3ff0ef) x1  0x80003942
core   0: 0x80003930 (0x00003fcd) c.jal   pc - 14
core   0: 0 0x80003930 (0x3fcd) x1  0x80003932
core   0: 0x80003922 (0x0000a801) c.j     pc + 16
core   0: 0 0x80003922 (0xa801)
core   0: 0x80003932 (0xfedff0ef) jal     pc - 0x14
core   0: 0 0x80003932 (0xfedff0ef) x1  0x80003936
core   0: 0x8000391e (0x0000a801) c.j     pc + 16
core   0: 0 0x8000391e (0xa801)
core   0: 0x8000392e (0x00002029) c.jal   pc + 10
core   0: 0 0x8000392e (0x2029) x1  0x80003930
core   0: 0x80003938 (0x00003ffd) c.jal   pc - 2
core   0: 0 0x80003938 (0x3ffd) x1  0x8000393a
core   0: 0x80003936 (0x00002031) c.jal   pc + 12
core   0: 0 0x80003936 (0x2031) x1  0x80003938
core   0: 0x80003942 (0x000037d5) c.jal   pc - 28
core   0: 0 0x80003942 (0x37d5) x1  0x80003944
core   0: 0x80003926 (0xffbff66f) jal     a2, pc - 0x6
core   0: 0 0x80003926 (0xffbff66f) x12 0x8000392a
core   0: 0x80003920 (0x0000a011) c.j     pc + 4
core   0: 0 0x80003920 (0xa011)
core   0: 0x80003924 (0x00002019) c.jal   pc + 6
core   0: 0 0x80003924 (0x2019) x1  0x80003926
core   0: 0x8000392a (0x0000a831) c.j     pc + 28
core   0: 0 0x8000392a (0xa831)
core   0: 0x80003946 (0x01e6ba33) sltu    s4, a3, t5
core   0: 0 0x80003946 (0x01e6ba33) x20 0x00000001
core   0: 0x8000394a (0x0160076f) jal     a4, pc + 0x16
core   0: 0 0x8000394a (0x0160076f) x14 0x8000394e
core   0: 0x80003960 (0x0040036f) jal     t1, pc + 0x4
core   0: 0 0x80003960 (0x0040036f) x6  0x80003964
core   0: 0x80003964 (0xff7ff0ef) jal     pc - 0xa
core   0: 0 0x80003964 (0xff7ff0ef) x1  0x80003968
core   0: 0x8000395a (0x00003ff5) c.jal   pc - 4
core   0: 0 0x8000395a (0x3ff5) x1  0x8000395c
core   0: 0x80003956 (0x0120086f) jal     a6, pc + 0x12
core   0: 0 0x80003956 (0x0120086f) x16 0x8000395a
core   0: 0x80003968 (0xfebff0ef) jal     pc - 0x16
core   0: 0 0x80003968 (0xfebff0ef) x1  0x8000396c
core   0: 0x80003952 (0x01a0036f) jal     t1, pc + 0x1a
core   0: 0 0x80003952 (0x01a0036f) x6  0x80003956
core   0: 0x8000396c (0x0000bfcd) c.j     pc - 14
core   0: 0 0x8000396c (0xbfcd)
core   0: 0x8000395e (0x0000a829) c.j     pc + 26
core   0: 0 0x8000395e (0xa829)
core   0: 0x80003978 (0x00003ff5) c.jal   pc - 4
core   0: 0 0x80003978 (0x3ff5) x1  0x8000397a
core   0: 0x80003974 (0xfdbff86f) jal     a6, pc - 0x26
core   0: 0 0x80003974 (0xfdbff86f) x16 0x80003978
core   0: 0x8000394e (0x00e000ef) jal     pc + 0xe
core   0: 0 0x8000394e (0x00e000ef) x1  0x80003952
core   0: 0x8000395c (0x0000a811) c.j     pc + 20
core   0: 0 0x8000395c (0xa811)
core   0: 0x80003970 (0x00002009) c.jal   pc + 2
core   0: 0 0x80003970 (0x2009) x1  0x80003972
core   0: 0x80003972 (0x0000bff5) c.j     pc - 4
core   0: 0 0x80003972 (0xbff5)
core   0: 0x8000396e (0x0000a031) c.j     pc + 12
core   0: 0 0x8000396e (0xa031)
core   0: 0x8000397a (0xf76cc213) xori    tp, s9, -138
core   0: 0 0x8000397a (0xf76cc213) x4  0xffff2f76
core   0: 0x8000397e (0x0040076f) jal     a4, pc + 0x4
core   0: 0 0x8000397e (0x0040076f) x14 0x80003982
core   0: 0x80003982 (0x0000200d) c.jal   pc + 34
core   0: 0 0x80003982 (0x200d) x1  0x80003984
core   0: 0x800039a4 (0xfe7ff36f) jal     t1, pc - 0x1a
core   0: 0 0x800039a4 (0xfe7ff36f) x6  0x800039a8
core   0: 0x8000398a (0x00002801) c.jal   pc + 16
core   0: 0 0x8000398a (0x2801) x1  0x8000398c
core   0: 0x8000399a (0x0000bfe5) c.j     pc - 8
core   0: 0 0x8000399a (0xbfe5)
core   0: 0x80003992 (0x0000a031) c.j     pc + 12
core   0: 0 0x80003992 (0xa031)
core   0: 0x8000399e (0x00003ffd) c.jal   pc - 2
core   0: 0 0x8000399e (0x3ffd) x1  0x800039a0
core   0: 0x8000399c (0x0000bfed) c.j     pc - 6
core   0: 0 0x8000399c (0xbfed)
core   0: 0x80003996 (0xfefff36f) jal     t1, pc - 0x12
core   0: 0 0x80003996 (0xfefff36f) x6  0x8000399a
core   0: 0x80003984 (0x02a0036f) jal     t1, pc + 0x2a
core   0: 0 0x80003984 (0x02a0036f) x6  0x80003988
core   0: 0x800039ae (0x0000bffd) c.j     pc - 2
core   0: 0 0x800039ae (0xbffd)
core   0: 0x800039ac (0x0000b7e5) c.j     pc - 24
core   0: 0 0x800039ac (0xb7e5)
core   0: 0x80003994 (0x0000bfd5) c.j     pc - 12
core   0: 0 0x80003994 (0xbfd5)
core   0: 0x80003988 (0x0000a005) c.j     pc + 32
core   0: 0 0x80003988 (0xa005)
core   0: 0x800039a8 (0x0000a021) c.j     pc + 8
core   0: 0 0x800039a8 (0xa021)
core   0: 0x800039b0 (0xfddff0ef) jal     pc - 0x24
core   0: 0 0x800039b0 (0xfddff0ef) x1  0x800039b4
core   0: 0x8000398c (0x00002811) c.jal   pc + 20
core   0: 0 0x8000398c (0x2811) x1  0x8000398e
core   0: 0x800039a0 (0x00a000ef) jal     pc + 0xa
core   0: 0 0x800039a0 (0x00a000ef) x1  0x800039a4
core   0: 0x800039aa (0x0000b7d5) c.j     pc - 28
core   0: 0 0x800039aa (0xb7d5)
core   0: 0x8000398e (0x026000ef) jal     pc + 0x26
core   0: 0 0x8000398e (0x026000ef) x1  0x80003992
core   0: 0x800039b4 (0x000083d5) c.srli  a5, 21
core   0: 0 0x800039b4 (0x83d5) x15 0x00000000
core   0: 0x800039b6 (0x0080076f) jal     a4, pc + 0x8
core   0: 0 0x800039b6 (0x0080076f) x14 0x800039ba
core   0: 0x800039be (0x02e000ef) jal     pc + 0x2e
core   0: 0 0x800039be (0x02e000ef) x1  0x800039c2
core   0: 0x800039ec (0xfddff56f) jal     a0, pc - 0x24
core   0: 0 0x800039ec (0xfddff56f) x10 0x800039f0
core   0: 0x800039c8 (0x0000a809) c.j     pc + 18
core   0: 0 0x800039c8 (0xa809)
core   0: 0x800039da (0x00003ffd) c.jal   pc - 2
core   0: 0 0x800039da (0x3ffd) x1  0x800039dc
core   0: 0x800039d8 (0x0000bfcd) c.j     pc - 14
core   0: 0 0x800039d8 (0xbfcd)
core   0: 0x800039ca (0x00002021) c.jal   pc + 8
core   0: 0 0x800039ca (0x2021) x1  0x800039cc
core   0: 0x800039d2 (0x0000bff5) c.j     pc - 4
core   0: 0 0x800039d2 (0xbff5)
core   0: 0x800039ce (0x00e0036f) jal     t1, pc + 0xe
core   0: 0 0x800039ce (0x00e0036f) x6  0x800039d2
core   0: 0x800039dc (0x01a000ef) jal     pc + 0x1a
core   0: 0 0x800039dc (0x01a000ef) x1  0x800039e0
core   0: 0x800039f6 (0x00003fc1) c.jal   pc - 48
core   0: 0 0x800039f6 (0x3fc1) x1  0x800039f8
core   0: 0x800039c6 (0x0000a02d) c.j     pc + 42
core   0: 0 0x800039c6 (0xa02d)
core   0: 0x800039f0 (0x00002009) c.jal   pc + 2
core   0: 0 0x800039f0 (0x2009) x1  0x800039f2
core   0: 0x800039f2 (0xfefff86f) jal     a6, pc - 0x12
core   0: 0 0x800039f2 (0xfefff86f) x16 0x800039f6
core   0: 0x800039e0 (0x0000b7cd) c.j     pc - 30
core   0: 0 0x800039e0 (0xb7cd)
core   0: 0x800039c2 (0x00002015) c.jal   pc + 36
core   0: 0 0x800039c2 (0x2015) x1  0x800039c4
core   0: 0x800039e6 (0xfdfff0ef) jal     pc - 0x22
core   0: 0 0x800039e6 (0xfdfff0ef) x1  0x800039ea
core   0: 0x800039c4 (0x0000a809) c.j     pc + 18
core   0: 0 0x800039c4 (0xa809)
core   0: 0x800039d6 (0x0000a031) c.j     pc + 12
core   0: 0 0x800039d6 (0xa031)
core   0: 0x800039e2 (0xfebff56f) jal     a0, pc - 0x16
core   0: 0 0x800039e2 (0xfebff56f) x10 0x800039e6
core   0: 0x800039cc (0x0000a839) c.j     pc + 30
core   0: 0 0x800039cc (0xa839)
core   0: 0x800039ea (0x0000bfc1) c.j     pc - 48
core   0: 0 0x800039ea (0xbfc1)
core   0: 0x800039ba (0x01a001ef) jal     gp, pc + 0x1a
core   0: 0 0x800039ba (0x01a001ef) x3  0x800039be
core   0: 0x800039d4 (0x00002015) c.jal   pc + 36
core   0: 0 0x800039d4 (0x2015) x1  0x800039d6
core   0: 0x800039f8 (0x0000963e) c.add   a2, a5
core   0: 0 0x800039f8 (0x963e) x12 0x8000392a
core   0: 0x800039fa (0x0280076f) jal     a4, pc + 0x28
core   0: 0 0x800039fa (0x0280076f) x14 0x800039fe
core   0: 0x80003a22 (0x00003fc5) c.jal   pc - 16
core   0: 0 0x80003a22 (0x3fc5) x1  0x80003a24
core   0: 0x80003a12 (0xff7ff36f) jal     t1, pc - 0xa
core   0: 0 0x80003a12 (0xff7ff36f) x6  0x80003a16
core   0: 0x80003a08 (0x0000a01d) c.j     pc + 38
core   0: 0 0x80003a08 (0xa01d)
core   0: 0x80003a2e (0xffdff0ef) jal     pc - 0x4
core   0: 0 0x80003a2e (0xffdff0ef) x1  0x80003a32
core   0: 0x80003a2a (0x0000bfd9) c.j     pc - 42
core   0: 0 0x80003a2a (0xbfd9)
core   0: 0x80003a00 (0x04000def) jal     s11, pc + 0x40
core   0: 0 0x80003a00 (0x04000def) x27 0x80003a04
core   0: 0x80003a40 (0xfdfff36f) jal     t1, pc - 0x22
core   0: 0 0x80003a40 (0xfdfff36f) x6  0x80003a44
core   0: 0x80003a1e (0xff9ff0ef) jal     pc - 0x8
core   0: 0 0x80003a1e (0xff9ff0ef) x1  0x80003a22
core   0: 0x80003a16 (0xfe9ff0ef) jal     pc - 0x18
core   0: 0 0x80003a16 (0xfe9ff0ef) x1  0x80003a1a
core   0: 0x800039fe (0x0000a081) c.j     pc + 64
core   0: 0 0x800039fe (0xa081)
core   0: 0x80003a3e (0x0000b7f9) c.j     pc - 50
core   0: 0 0x80003a3e (0xb7f9)
core   0: 0x80003a0c (0x0000bfe5) c.j     pc - 8
core   0: 0 0x80003a0c (0xbfe5)
core   0: 0x80003a04 (0x0000a015) c.j     pc + 36
core   0: 0 0x80003a04 (0xa015)
core   0: 0x80003a28 (0x0000bffd) c.j     pc - 2
core   0: 0 0x80003a28 (0xbffd)
core   0: 0x80003a26 (0x000037ed) c.jal   pc - 22
core   0: 0 0x80003a26 (0x37ed) x1  0x80003a28
core   0: 0x80003a10 (0x0000a831) c.j     pc + 28
core   0: 0 0x80003a10 (0xa831)
core   0: 0x80003a2c (0x0000bfe5) c.j     pc - 8
core   0: 0 0x80003a2c (0xbfe5)
core   0: 0x80003a24 (0x0000a809) c.j     pc + 18
core   0: 0 0x80003a24 (0xa809)
core   0: 0x80003a36 (0x00002011) c.jal   pc + 4
core   0: 0 0x80003a36 (0x2011) x1  0x80003a38
core   0: 0x80003a3a (0x00003fd1) c.jal   pc - 44
core   0: 0 0x80003a3a (0x3fd1) x1  0x80003a3c
core   0: 0x80003a0e (0x00003ff5) c.jal   pc - 4
core   0: 0 0x80003a0e (0x3ff5) x1  0x80003a10
core   0: 0x80003a0a (0x00002025) c.jal   pc + 40
core   0: 0 0x80003a0a (0x2025) x1  0x80003a0c
core   0: 0x80003a32 (0xfebff1ef) jal     gp, pc - 0x16
core   0: 0 0x80003a32 (0xfebff1ef) x3  0x80003a36
core   0: 0x80003a1c (0x0000a025) c.j     pc + 40
core   0: 0 0x80003a1c (0xa025)
core   0: 0x80003a44 (0x00003fd5) c.jal   pc - 12
core   0: 0 0x80003a44 (0x3fd5) x1  0x80003a46
core   0: 0x80003a38 (0x0000b7cd) c.j     pc - 30
core   0: 0 0x80003a38 (0xb7cd)
core   0: 0x80003a1a (0x000037f5) c.jal   pc - 20
core   0: 0 0x80003a1a (0x37f5) x1  0x80003a1c
core   0: 0x80003a06 (0x0000a081) c.j     pc + 64
core   0: 0 0x80003a06 (0xa081)
core   0: 0x80003a46 (0xff7ff7ef) jal     a5, pc - 0xa
core   0: 0 0x80003a46 (0xff7ff7ef) x15 0x80003a4a
core   0: 0x80003a3c (0x00002039) c.jal   pc + 14
core   0: 0 0x80003a3c (0x2039) x1  0x80003a3e
core   0: 0x80003a4a (0x0028fcb3) and     s9, a7, sp
core   0: 0 0x80003a4a (0x0028fcb3) x25 0x00000000
core   0: 0x80003a4e (0x0220076f) jal     a4, pc + 0x22
core   0: 0 0x80003a4e (0x0220076f) x14 0x80003a52
core   0: 0x80003a70 (0x01a0036f) jal     t1, pc + 0x1a
core   0: 0 0x80003a70 (0x01a0036f) x6  0x80003a74
core   0: 0x80003a8a (0xfd5ff0ef) jal     pc - 0x2c
core   0: 0 0x80003a8a (0xfd5ff0ef) x1  0x80003a8e
core   0: 0x80003a5e (0x0000a80d) c.j     pc + 50
core   0: 0 0x80003a5e (0xa80d)
core   0: 0x80003a90 (0x0040036f) jal     t1, pc + 0x4
core   0: 0 0x80003a90 (0x0040036f) x6  0x80003a94
core   0: 0x80003a94 (0x000037cd) c.jal   pc - 30
core   0: 0 0x80003a94 (0x37cd) x1  0x80003a96
core   0: 0x80003a76 (0x00002025) c.jal   pc + 40
core   0: 0 0x80003a76 (0x2025) x1  0x80003a78
core   0: 0x80003a9e (0xfc5ff7ef) jal     a5, pc - 0x3c
core   0: 0 0x80003a9e (0xfc5ff7ef) x15 0x80003aa2
core   0: 0x80003a62 (0x022000ef) jal     pc + 0x22
core   0: 0 0x80003a62 (0x022000ef) x1  0x80003a66
core   0: 0x80003a84 (0x0000bff1) c.j     pc - 36
core   0: 0 0x80003a84 (0xbff1)
core   0: 0x80003a60 (0x00002031) c.jal   pc + 12
core   0: 0 0x80003a60 (0x2031) x1  0x80003a62
core   0: 0x80003a6c (0x02a0036f) jal     t1, pc + 0x2a
core   0: 0 0x80003a6c (0x02a0036f) x6  0x80003a70
core   0: 0x80003a96 (0x0000b7cd) c.j     pc - 30
core   0: 0 0x80003a96 (0xb7cd)
core   0: 0x80003a78 (0xfddff9ef) jal     s3, pc - 0x24
core   0: 0 0x80003a78 (0xfddff9ef) x19 0x80003a7c
core   0: 0x80003a54 (0x04e0016f) jal     sp, pc + 0x4e
core   0: 0 0x80003a54 (0x04e0016f) x2  0x80003a58
core   0: 0x80003aa2 (0x004000ef) jal     pc + 0x4
core   0: 0 0x80003aa2 (0x004000ef) x1  0x80003aa6
core   0: 0x80003aa6 (0x0000b7f9) c.j     pc - 50
core   0: 0 0x80003aa6 (0xb7f9)
core   0: 0x80003a74 (0x0000201d) c.jal   pc + 38
core   0: 0 0x80003a74 (0x201d) x1  0x80003a76
core   0: 0x80003a9a (0xfb9ff0ef) jal     pc - 0x48
core   0: 0 0x80003a9a (0xfb9ff0ef) x1  0x80003a9e
core   0: 0x80003a52 (0x0000a815) c.j     pc + 52
core   0: 0 0x80003a52 (0xa815)
core   0: 0x80003a86 (0x0000b7d5) c.j     pc - 28
core   0: 0 0x80003a86 (0xb7d5)
core   0: 0x80003a6a (0x000037fd) c.jal   pc - 18
core   0: 0 0x80003a6a (0x37fd) x1  0x80003a6c
core   0: 0x80003a58 (0x00002805) c.jal   pc + 48
core   0: 0 0x80003a58 (0x2805) x1  0x80003a5a
core   0: 0x80003a88 (0x0000a019) c.j     pc + 6
core   0: 0 0x80003a88 (0xa019)
core   0: 0x80003a8e (0x00003fcd) c.jal   pc - 14
core   0: 0 0x80003a8e (0x3fcd) x1  0x80003a90
core   0: 0x80003a80 (0x018008ef) jal     a7, pc + 0x18
core   0: 0 0x80003a80 (0x018008ef) x17 0x80003a84
core   0: 0x80003a98 (0x0000b7d5) c.j     pc - 28
core   0: 0 0x80003a98 (0xb7d5)
core   0: 0x80003a7c (0xfebff0ef) jal     pc - 0x16
core   0: 0 0x80003a7c (0xfebff0ef) x1  0x80003a80
core   0: 0x80003a66 (0x0000bfd5) c.j     pc - 12
core   0: 0 0x80003a66 (0xbfd5)
core   0: 0x80003a5a (0x00e000ef) jal     pc + 0xe
core   0: 0 0x80003a5a (0x00e000ef) x1  0x80003a5e
core   0: 0x80003a68 (0x00002081) c.jal   pc + 64
core   0: 0 0x80003a68 (0x2081) x1  0x80003a6a
core   0: 0x80003aa8 (0x01507633) and     a2, zero, s5
core   0: 0 0x80003aa8 (0x01507633) x12 0x00000000
core   0: 0x80003aac (0x0460076f) jal     a4, pc + 0x46
core   0: 0 0x80003aac (0x0460076f) x14 0x80003ab0
core   0: 0x80003af2 (0x0000bfe5) c.j     pc - 8
core   0: 0 0x80003af2 (0xbfe5)
core   0: 0x80003aea (0x0000bfe9) c.j     pc - 38
core   0: 0 0x80003aea (0xbfe9)
core   0: 0x80003ac4 (0x02a000ef) jal     pc + 0x2a
core   0: 0 0x80003ac4 (0x02a000ef) x1  0x80003ac8
core   0: 0x80003aee (0x0000bff9) c.j     pc - 34
core   0: 0 0x80003aee (0xbff9)
core   0: 0x80003acc (0x000037e5) c.jal   pc - 24
core   0: 0 0x80003acc (0x37e5) x1  0x80003ace
core   0: 0x80003ab4 (0x02a000ef) jal     pc + 0x2a
core   0: 0 0x80003ab4 (0x02a000ef) x1  0x80003ab8
core   0: 0x80003ade (0xffbff0ef) jal     pc - 0x6
core   0: 0 0x80003ade (0xffbff0ef) x1  0x80003ae2
core   0: 0x80003ad8 (0x000037c5) c.jal   pc - 32
core   0: 0 0x80003ad8 (0x37c5) x1  0x80003ada
core   0: 0x80003ab8 (0x0000a835) c.j     pc + 60
core   0: 0 0x80003ab8 (0xa835)
core   0: 0x80003af4 (0xff9ff0ef) jal     pc - 0x8
core   0: 0 0x80003af4 (0xff9ff0ef) x1  0x80003af8
core   0: 0x80003aec (0x0000bff1) c.j     pc - 36
core   0: 0 0x80003aec (0xbff1)
core   0: 0x80003ac8 (0x00c000ef) jal     pc + 0xc
core   0: 0 0x80003ac8 (0x00c000ef) x1  0x80003acc
core   0: 0x80003ad4 (0xfe7ffe6f) jal     t3, pc - 0x1a
core   0: 0 0x80003ad4 (0xfe7ffe6f) x28 0x80003ad8
core   0: 0x80003aba (0x0200036f) jal     t1, pc + 0x20
core   0: 0 0x80003aba (0x0200036f) x6  0x80003abe
core   0: 0x80003ada (0xfd7ffcef) jal     s9, pc - 0x2a
core   0: 0 0x80003ada (0xfd7ffcef) x25 0x80003ade
core   0: 0x80003ab0 (0x034000ef) jal     pc + 0x34
core   0: 0 0x80003ab0 (0x034000ef) x1  0x80003ab4
core   0: 0x80003ae4 (0x0000b7f5) c.j     pc - 20
core   0: 0 0x80003ae4 (0xb7f5)
core   0: 0x80003ad0 (0x0120036f) jal     t1, pc + 0x12
core   0: 0 0x80003ad0 (0x0120036f) x6  0x80003ad4
core   0: 0x80003ae2 (0x0000bff9) c.j     pc - 34
core   0: 0 0x80003ae2 (0xbff9)
core   0: 0x80003ac0 (0x0300036f) jal     t1, pc + 0x30
core   0: 0 0x80003ac0 (0x0300036f) x6  0x80003ac4
core   0: 0x80003af0 (0x000037f9) c.jal   pc - 50
core   0: 0 0x80003af0 (0x37f9) x1  0x80003af2
core   0: 0x80003abe (0x00002025) c.jal   pc + 40
core   0: 0 0x80003abe (0x2025) x1  0x80003ac0
core   0: 0x80003ae6 (0xfe9ff0ef) jal     pc - 0x18
core   0: 0 0x80003ae6 (0xfe9ff0ef) x1  0x80003aea
core   0: 0x80003ace (0x0000a02d) c.j     pc + 42
core   0: 0 0x80003ace (0xa02d)
core   0: 0x80003af8 (0x00000b56) c.slli  s6, 21
core   0: 0 0x80003af8 (0x0b56) x22 0x00200000
core   0: 0x80003afa (0x0000997d) c.andi  a0, -1
core   0: 0 0x80003afa (0x997d) x10 0x800039e6
core   0: 0x80003afc (0x407959b3) sra     s3, s2, t2
core   0: 0 0x80003afc (0x407959b3) x19 0x00000000
core   0: 0x80003b00 (0x00008f65) c.and   a4, s1
core   0: 0 0x80003b00 (0x8f65) x14 0x80002a00
core   0: 0x80003b02 (0x02cb6363) bltu    s6, a2, pc + 38
core   0: 0 0x80003b02 (0x02cb6363)
core   0: 0x80003b06 (0x009c2a33) slt     s4, s8, s1
core   0: 0 0x80003b06 (0x009c2a33) x20 0x00000000
core   0: 0x80003b0a (0x008c3533) sltu    a0, s8, s0
core   0: 0 0x80003b0a (0x008c3533) x10 0x00000001
core   0: 0x80003b0e (0x00008d05) c.sub   a0, s1
core   0: 0 0x80003b0e (0x8d05) x10 0x7ffe11b5
core   0: 0x80003b10 (0x406c58b3) sra     a7, s8, t1
core   0: 0 0x80003b10 (0x406c58b3) x17 0x00000000
core   0: 0x80003b14 (0x0ff0000f) fence   iorw,iorw
core   0: 0 0x80003b14 (0x0ff0000f)
core   0: 0x80003b18 (0x014f73b3) and     t2, t5, s4
core   0: 0 0x80003b18 (0x014f73b3) x7  0x00000000
core   0: 0x80003b1c (0x00008e41) c.or    a2, s0
core   0: 0 0x80003b1c (0x8e41) x12 0xa4c5a437
core   0: 0x80003b1e (0x0000100f) fence.i
core   0: 0 0x80003b1e (0x0000100f)
core   0: 0x80003b22 (0x032577b3) remu    a5, a0, s2
core   0: 0 0x80003b22 (0x032577b3) x15 0x7ffe11b5
core   0: 0x80003b26 (0x0000ca1d) c.beqz  a2, pc + 54
core   0: 0 0x80003b26 (0xca1d)
core   0: 0x80003b28 (0xc74241b7) lui     gp, 0xc7424
core   0: 0 0x80003b28 (0xc74241b7) x3  0xc7424000
core   0: 0x80003b2c (0x01952733) slt     a4, a0, s9
core   0: 0 0x80003b2c (0x01952733) x14 0x00000000
core   0: 0x80003b30 (0x0000100f) fence.i
core   0: 0 0x80003b30 (0x0000100f)
core   0: 0x80003b34 (0x00008ea9) c.xor   a3, a0
core   0: 0 0x80003b34 (0x8ea9) x13 0x7fd720dc
core   0: 0x80003b36 (0x8c1e2213) slti    tp, t3, -1855
core   0: 0 0x80003b36 (0x8c1e2213) x4  0x00000001
core   0: 0x80003b3a (0xe4c12697) auipc   a3, 0xe4c12
core   0: 0 0x80003b3a (0xe4c12697) x13 0x64c15b3a
core   0: 0x80003b3e (0x40685a13) srai    s4, a6, 6
core   0: 0 0x80003b3e (0x40685a13) x20 0xfe0000e7
core   0: 0x80003b42 (0x00008f59) c.or    a4, a4
core   0: 0 0x80003b42 (0x8f59) x14 0x00000000
core   0: 0x80003b44 (0x01deba33) sltu    s4, t4, t4
core   0: 0 0x80003b44 (0x01deba33) x20 0x00000000
core   0: 0x80003b48 (0x00008671) c.srai  a2, 28
core   0: 0 0x80003b48 (0x8671) x12 0xfffffffa
core   0: 0x80003b4a (0x03654d63) blt     a0, s6, pc + 58
core   0: 0 0x80003b4a (0x03654d63)
core   0: 0x80003b4e (0x001aceb3) xor     t4, s5, ra
core   0: 0 0x80003b4e (0x001aceb3) x29 0x8000daea
core   0: 0x80003b52 (0x0ff0000f) fence   iorw,iorw
core   0: 0 0x80003b52 (0x0ff0000f)
core   0: 0x80003b56 (0xde31aeb7) lui     t4, 0xde31a
core   0: 0 0x80003b56 (0xde31aeb7) x29 0xde31a000
core   0: 0x80003b5a (0x000057fd) c.li    a5, -1
core   0: 0 0x80003b5a (0x57fd) x15 0xffffffff
core   0: 0x80003b5c (0x02f97963) bgeu    s2, a5, pc + 50
core   0: 0 0x80003b5c (0x02f97963)
core   0: 0x80003b60 (0x36ffb013) sltiu   zero, t6, 879
core   0: 0 0x80003b60 (0x36ffb013)
core   0: 0x80003b64 (0x00000001) c.nop
core   0: 0 0x80003b64 (0x0001)
core   0: 0x80003b66 (0x000082c5) c.srli  a3, 17
core   0: 0 0x80003b66 (0x82c5) x13 0x00003260
core   0: 0x80003b68 (0x00f221b3) slt     gp, tp, a5
core   0: 0 0x80003b68 (0x00f221b3) x3  0x00000000
core   0: 0x80003b6c (0x004beeb3) or      t4, s7, tp
core   0: 0 0x80003b6c (0x004beeb3) x29 0x00019001
core   0: 0x80003b70 (0x00000001) c.nop
core   0: 0 0x80003b70 (0x0001)
core   0: 0x80003b72 (0x000086e5) c.srai  a3, 25
core   0: 0 0x80003b72 (0x86e5) x13 0x00000000
core   0: 0x80003b74 (0x0259c963) blt     s3, t0, pc + 50
core   0: 0 0x80003b74 (0x0259c963)
core   0: 0x80003b78 (0x00a93033) sltu    zero, s2, a0
core   0: 0 0x80003b78 (0x00a93033)
core   0: 0x80003b7c (0x00dd5433) srl     s0, s10, a3
core   0: 0 0x80003b7c (0x00dd5433) x8  0x80003908
core   0: 0x80003b80 (0x0144f733) and     a4, s1, s4
core   0: 0 0x80003b80 (0x0144f733) x14 0x00000000
core   0: 0x80003b84 (0x00000001) c.nop
core   0: 0 0x80003b84 (0x0001)
core   0: 0x80003b86 (0x037c2ab3) mulhsu  s5, s8, s7
core   0: 0 0x80003b86 (0x037c2ab3) x21 0x00000000
core   0: 0x80003b8a (0x033538b3) mulhu   a7, a0, s3
core   0: 0 0x80003b8a (0x033538b3) x17 0x00000000
core   0: 0x80003b8e (0x00008d01) c.sub   a0, s0
core   0: 0 0x80003b8e (0x8d01) x10 0xfffdd8ad
core   0: 0x80003b90 (0x77828813) addi    a6, t0, 1912
core   0: 0 0x80003b90 (0x77828813) x16 0x894eb41d
core   0: 0x80003b94 (0x0000ce01) c.beqz  a2, pc + 24
core   0: 0 0x80003b94 (0xce01)
core   0: 0x80003b96 (0x00000001) c.nop
core   0: 0 0x80003b96 (0x0001)
core   0: 0x80003b98 (0x00006131) c.addi16sp sp, 320
core   0: 0 0x80003b98 (0x6131) x2  0x80003b98
core   0: 0x80003b9a (0xd8d3a693) slti    a3, t2, -627
core   0: 0 0x80003b9a (0xd8d3a693) x13 0x00000000
core   0: 0x80003b9e (0x41d08433) sub     s0, ra, t4
core   0: 0 0x80003b9e (0x41d08433) x8  0x7ffeaae9
core   0: 0x80003ba2 (0x0379fa33) remu    s4, s3, s7
core   0: 0 0x80003ba2 (0x0379fa33) x20 0x00000000
core   0: 0x80003ba6 (0x000001ee) c.slli  gp, 27
core   0: 0 0x80003ba6 (0x01ee) x3  0x00000000
core   0: 0x80003ba8 (0x701d8e37) lui     t3, 0x701d8
core   0: 0 0x80003ba8 (0x701d8e37) x28 0x701d8000
core   0: 0x80003bac (0x01bd1463) bne     s10, s11, pc + 8
core   0: 0 0x80003bac (0x01bd1463)
core   0: 0x80003bb4 (0x0000e28d) c.bnez  a3, pc + 34
core   0: 0 0x80003bb4 (0xe28d)
core   0: 0x80003bb6 (0x00000001) c.nop
core   0: 0 0x80003bb6 (0x0001)
core   0: 0x80003bb8 (0x412001b3) sub     gp, zero, s2
core   0: 0 0x80003bb8 (0x412001b3) x3  0x00000000
core   0: 0x80003bbc (0x00051d13) slli    s10, a0, 0
core   0: 0 0x80003bbc (0x00051d13) x26 0xfffdd8ad
core   0: 0x80003bc0 (0x00c91d13) slli    s10, s2, 12
core   0: 0 0x80003bc0 (0x00c91d13) x26 0x00000000
core   0: 0x80003bc4 (0x02cb9433) mulh    s0, s7, a2
core   0: 0 0x80003bc4 (0x02cb9433) x8  0xffffffff
core   0: 0x80003bc8 (0x0000717d) c.addi16sp sp, -16
core   0: 0 0x80003bc8 (0x717d) x2  0x80003b88
core   0: 0x80003bca (0x0ff0000f) fence   iorw,iorw
core   0: 0 0x80003bca (0x0ff0000f)
core   0: 0x80003bce (0xc9393b93) sltiu   s7, s2, -877
core   0: 0 0x80003bce (0xc9393b93) x23 0x00000001
core   0: 0x80003bd2 (0x01cc8293) addi    t0, s9, 28
core   0: 0 0x80003bd2 (0x01cc8293) x5  0x80003afa
core   0: 0x80003bd6 (0x0000100f) fence.i
core   0: 0 0x80003bd6 (0x0000100f)
core   0: 0x80003bda (0x77d24013) xori    zero, tp, 1917
core   0: 0 0x80003bda (0x77d24013)
core   0: 0x80003bde (0x40b4d7b3) sra     a5, s1, a1
core   0: 0 0x80003bde (0x40b4d7b3) x15 0xfffff800
core   0: 0x80003be2 (0x0000161c) c.addi4spn a5, sp, 800
core   0: 0 0x80003be2 (0x161c) x15 0x80003ea8
core   0: 0x80003be4 (0x00008afd) c.andi  a3, 31
core   0: 0 0x80003be4 (0x8afd) x13 0x00000000
core   0: 0x80003be6 (0xfa11eb13) ori     s6, gp, -95
core   0: 0 0x80003be6 (0xfa11eb13) x22 0xffffffa1
core   0: 0x80003bea (0xf2bc4193) xori    gp, s8, -213
core   0: 0 0x80003bea (0xf2bc4193) x3  0xffffff2b
core   0: 0x80003bee (0x0148d993) srli    s3, a7, 20
core   0: 0 0x80003bee (0x0148d993) x19 0x00000000
core   0: 0x80003bf2 (0x03cb9d63) bne     s7, t3, pc + 58
core   0: 0 0x80003bf2 (0x03cb9d63)
core   0: 0x80003c2c (0x004499b3) sll     s3, s1, tp
core   0: 0 0x80003c2c (0x004499b3) x19 0x0003dc98
core   0: 0x80003c30 (0xb8d83693) sltiu   a3, a6, -1139
core   0: 0 0x80003c30 (0xb8d83693) x13 0x00000001
core   0: 0x80003c34 (0x02da1633) mulh    a2, s4, a3
core   0: 0 0x80003c34 (0x02da1633) x12 0x00000000
core   0: 0x80003c38 (0x0000617d) c.addi16sp sp, 496
core   0: 0 0x80003c38 (0x617d) x2  0x80003d78
core   0: 0x80003c3a (0x00008e8d) c.sub   a3, a1
core   0: 0 0x80003c3a (0x8e8d) x13 0x76b1534d
core   0: 0x80003c3c (0x0ff0000f) fence   iorw,iorw
core   0: 0 0x80003c3c (0x0ff0000f)
core   0: 0x80003c40 (0x91e64e93) xori    t4, a2, -1762
core   0: 0 0x80003c40 (0x91e64e93) x29 0xfffff91e
core   0: 0x80003c44 (0x00008ed5) c.or    a3, a3
core   0: 0 0x80003c44 (0x8ed5) x13 0x76b1534d
core   0: 0x80003c46 (0x0ff0000f) fence   iorw,iorw
core   0: 0 0x80003c46 (0x0ff0000f)
core   0: 0x80003c4a (0x0ff0000f) fence   iorw,iorw
core   0: 0 0x80003c4a (0x0ff0000f)
core   0: 0x80003c4e (0x02b83533) mulhu   a0, a6, a1
core   0: 0 0x80003c4e (0x02b83533) x10 0x49a550ff
core   0: 0x80003c52 (0x00008f99) c.sub   a5, a4
core   0: 0 0x80003c52 (0x8f99) x15 0x80003ea8
core   0: 0x80003c54 (0x01334533) xor     a0, t1, s3
core   0: 0 0x80003c54 (0x01334533) x10 0x8003e65c
core   0: 0x80003c58 (0x0000864d) c.srai  a2, 19
core   0: 0 0x80003c58 (0x864d) x12 0x00000000
core   0: 0x80003c5a (0x0000987d) c.andi  s0, -1
core   0: 0 0x80003c5a (0x987d) x8  0xffffffff
core   0: 0x80003c5c (0x0048f7b3) and     a5, a7, tp
core   0: 0 0x80003c5c (0x0048f7b3) x15 0x00000000
core   0: 0x80003c60 (0x0199aeb3) slt     t4, s3, s9
core   0: 0 0x80003c60 (0x0199aeb3) x29 0x00000000
core   0: 0x80003c64 (0x00008f21) c.xor   a4, s0
core   0: 0 0x80003c64 (0x8f21) x14 0xffffffff
core   0: 0x80003c66 (0x00417e63) bgeu    sp, tp, pc + 28
core   0: 0 0x80003c66 (0x00417e63)
core   0: 0x80003c82 (0xfafd6837) lui     a6, 0xfafd6
core   0: 0 0x80003c82 (0xfafd6837) x16 0xfafd6000
core   0: 0x80003c86 (0x016b7f63) bgeu    s6, s6, pc + 30
core   0: 0 0x80003c86 (0x016b7f63)
core   0: 0x80003ca4 (0x00000e7a) c.slli  t3, 30
core   0: 0 0x80003ca4 (0x0e7a) x28 0x00000000
core   0: 0x80003ca6 (0x00753a33) sltu    s4, a0, t2
core   0: 0 0x80003ca6 (0x00753a33) x20 0x00000000
core   0: 0x80003caa (0x0127b8b3) sltu    a7, a5, s2
core   0: 0 0x80003caa (0x0127b8b3) x17 0x00000000
core   0: 0x80003cae (0x02a48b63) beq     s1, a0, pc + 54
core   0: 0 0x80003cae (0x02a48b63)
core   0: 0x80003cb2 (0x02d06d63) bltu    zero, a3, pc + 58
core   0: 0 0x80003cb2 (0x02d06d63)
core   0: 0x80003cec (0x007acbb3) xor     s7, s5, t2
core   0: 0 0x80003cec (0x007acbb3) x23 0x00000000
core   0: 0x80003cf0 (0x00006469) c.lui   s0, 0x1a
core   0: 0 0x80003cf0 (0x6469) x8  0x0001a000
core   0: 0x80003cf2 (0xd7ee8b97) auipc   s7, 0xd7ee8
core   0: 0 0x80003cf2 (0xd7ee8b97) x23 0x57eebcf2
core   0: 0x80003cf6 (0x0ff0000f) fence   iorw,iorw
core   0: 0 0x80003cf6 (0x0ff0000f)
core   0: 0x80003cfa (0x02ceee33) rem     t3, t4, a2
core   0: 0 0x80003cfa (0x02ceee33) x28 0x00000000
core   0: 0x80003cfe (0x00008231) c.srli  a2, 12
core   0: 0 0x80003cfe (0x8231) x12 0x00000000
core   0: 0x80003d00 (0x59197013) andi    zero, s2, 1425
core   0: 0 0x80003d00 (0x59197013)
core   0: 0x80003d04 (0x4069d6b3) sra     a3, s3, t1
core   0: 0 0x80003d04 (0x4069d6b3) x13 0x00003dc9
core   0: 0x80003d08 (0x12437413) andi    s0, t1, 292
core   0: 0 0x80003d08 (0x12437413) x8  0x00000004
core   0: 0x80003d0c (0x0000100f) fence.i
core   0: 0 0x80003d0c (0x0000100f)
core   0: 0x80003d10 (0x000c5563) bgez    s8, pc + 10
core   0: 0 0x80003d10 (0x000c5563)
core   0: 0x80003d1a (0x0017d513) srli    a0, a5, 1
core   0: 0 0x80003d1a (0x0017d513) x10 0x00000000
core   0: 0x80003d1e (0x039dc533) div     a0, s11, s9
core   0: 0 0x80003d1e (0x039dc533) x10 0x00000001
core   0: 0x80003d22 (0x0261a233) mulhsu  tp, gp, t1
core   0: 0 0x80003d22 (0x0261a233) x4  0xffffff95
core   0: 0x80003d26 (0xa2373513) sltiu   a0, a4, -1501
core   0: 0 0x80003d26 (0xa2373513) x10 0x00000000
core   0: 0x80003d2a (0x41505c93) srai    s9, zero, 21
core   0: 0 0x80003d2a (0x41505c93) x25 0x00000000
core   0: 0x80003d2e (0x0000997d) c.andi  a0, -1
core   0: 0 0x80003d2e (0x997d) x10 0x00000000
core   0: 0x80003d30 (0x03bb8f63) beq     s7, s11, pc + 62
core   0: 0 0x80003d30 (0x03bb8f63)
core   0: 0x80003d34 (0x43fb3113) sltiu   sp, s6, 1087
core   0: 0 0x80003d34 (0x43fb3113) x2  0x00000000
core   0: 0x80003d38 (0x03cb4163) blt     s6, t3, pc + 34
core   0: 0 0x80003d38 (0x03cb4163)
core   0: 0x80003d5a (0x00de9263) bne     t4, a3, pc + 4
core   0: 0 0x80003d5a (0x00de9263)
core   0: 0x80003d5e (0x94040693) addi    a3, s0, -1728
core   0: 0 0x80003d5e (0x94040693) x13 0xfffff944
core   0: 0x80003d62 (0x00006c11) c.lui   s8, 0x4
core   0: 0 0x80003d62 (0x6c11) x24 0x00004000
core   0: 0x80003d64 (0x00004651) c.li    a2, 20
core   0: 0 0x80003d64 (0x4651) x12 0x00000014
core   0: 0x80003d66 (0x00d47763) bgeu    s0, a3, pc + 14
core   0: 0 0x80003d66 (0x00d47763)
core   0: 0x80003d6a (0x020211b3) mulh    gp, tp, zero
core   0: 0 0x80003d6a (0x020211b3) x3  0x00000000
core   0: 0x80003d6e (0x01caf2b3) and     t0, s5, t3
core   0: 0 0x80003d6e (0x01caf2b3) x5  0x00000000
core   0: 0x80003d72 (0x00008d61) c.and   a0, s0
core   0: 0 0x80003d72 (0x8d61) x10 0x00000000
core   0: 0x80003d74 (0x03217db3) remu    s11, sp, s2
core   0: 0 0x80003d74 (0x03217db3) x27 0x00000000
core   0: 0x80003d78 (0x03408d63) beq     ra, s4, pc + 58
core   0: 0 0x80003d78 (0x03408d63)
core   0: 0x80003d7c (0x0093d3b3) srl     t2, t2, s1
core   0: 0 0x80003d7c (0x0093d3b3) x7  0x00000000
core   0: 0x80003d80 (0x0000717d) c.addi16sp sp, -16
core   0: 0 0x80003d80 (0x717d) x2  0xfffffff0
core   0: 0x80003d82 (0x02e97cb3) remu    s9, s2, a4
core   0: 0 0x80003d82 (0x02e97cb3) x25 0x00000000
core   0: 0x80003d86 (0xa467fa93) andi    s5, a5, -1466
core   0: 0 0x80003d86 (0xa467fa93) x21 0x00000000
core   0: 0x80003d8a (0x0132e233) or      tp, t0, s3
core   0: 0 0x80003d8a (0x0132e233) x4  0x0003dc98
core   0: 0x80003d8e (0x00699c13) slli    s8, s3, 6
core   0: 0 0x80003d8e (0x00699c13) x24 0x00f72600
core   0: 0x80003d92 (0x5d2e0913) addi    s2, t3, 1490
core   0: 0 0x80003d92 (0x5d2e0913) x18 0x000005d2
core   0: 0x80003d96 (0x4a8d4b17) auipc   s6, 0x4a8d4
core   0: 0 0x80003d96 (0x4a8d4b17) x22 0xca8d7d96
core   0: 0x80003d9a (0x00008e05) c.sub   a2, s1
core   0: 0 0x80003d9a (0x8e05) x12 0x7ffe11c8
core   0: 0x80003d9c (0x0000613d) c.addi16sp sp, 480
core   0: 0 0x80003d9c (0x613d) x2  0x000001d0
core   0: 0x80003d9e (0x00c6d963) bge     a3, a2, pc + 18
core   0: 0 0x80003d9e (0x00c6d963)
core   0: 0x80003da2 (0x03cc00b3) mul     ra, s8, t3
core   0: 0 0x80003da2 (0x03cc00b3) x1  0x00000000
core   0: 0x80003da6 (0x00008866) c.mv    a6, s9
core   0: 0 0x80003da6 (0x8866) x16 0x00000000
core   0: 0x80003da8 (0x03412433) mulhsu  s0, sp, s4
core   0: 0 0x80003da8 (0x03412433) x8  0x00000000
core   0: 0x80003dac (0xae78ea13) ori     s4, a7, -1305
core   0: 0 0x80003dac (0xae78ea13) x20 0xfffffae7
core   0: 0x80003db0 (0x0000888e) c.mv    a7, gp
core   0: 0 0x80003db0 (0x888e) x17 0x00000000
core   0: 0x80003db2 (0xc0b5b793) sltiu   a5, a1, -1013
core   0: 0 0x80003db2 (0xc0b5b793) x15 0x00000001
core   0: 0x80003db6 (0x4155da93) srai    s5, a1, 21
core   0: 0 0x80003db6 (0x4155da93) x21 0xfffffc4a
core   0: 0x80003dba (0x00008d2d) c.xor   a0, a1
core   0: 0 0x80003dba (0x8d2d) x10 0x894eacb4
core   0: 0x80003dbc (0x00008eb1) c.xor   a3, a2
core   0: 0 0x80003dbc (0x8eb1) x13 0x8001e88c
core   0: 0x80003dbe (0x00008a41) c.andi  a2, 16
core   0: 0 0x80003dbe (0x8a41) x12 0x00000000
core   0: 0x80003dc0 (0x03a2eb33) rem     s6, t0, s10
core   0: 0 0x80003dc0 (0x03a2eb33) x22 0x00000000
core   0: 0x80003dc4 (0x3ac36e93) ori     t4, t1, 940
core   0: 0 0x80003dc4 (0x3ac36e93) x29 0x80003bec
core   0: 0x80003dc8 (0x02f18bb3) mul     s7, gp, a5
core   0: 0 0x80003dc8 (0x02f18bb3) x23 0x00000000
core   0: 0x80003dcc (0x005f9a13) slli    s4, t6, 5
core   0: 0 0x80003dcc (0x005f9a13) x20 0x00000020
core   0: 0x80003dd0 (0x00008f2d) c.xor   a4, a1
core   0: 0 0x80003dd0 (0x8f2d) x14 0x76b1534b
core   0: 0x80003dd2 (0x01d91193) slli    gp, s2, 29
core   0: 0 0x80003dd2 (0x01d91193) x3  0x40000000
core   0: 0x80003dd6 (0xb19cfa37) lui     s4, 0xb19cf
core   0: 0 0x80003dd6 (0xb19cfa37) x20 0xb19cf000
core   0: 0x80003dda (0x0000615d) c.addi16sp sp, 432
core   0: 0 0x80003dda (0x615d) x2  0x00000380
core   0: 0x80003ddc (0x00000d94) c.addi4spn a3, sp, 720
core   0: 0 0x80003ddc (0x0d94) x13 0x00000650
core   0: 0x80003dde (0x01803133) snez    sp, s8
core   0: 0 0x80003dde (0x01803133) x2  0x00000001
core   0: 0x80003de2 (0x010ed693) srli    a3, t4, 16
core   0: 0 0x80003de2 (0x010ed693) x13 0x00008000
core   0: 0x80003de6 (0x03934963) blt     t1, s9, pc + 50
core   0: 0 0x80003de6 (0x03934963)
core   0: 0x80003e18 (0x0000830d) c.srli  a4, 3
core   0: 0 0x80003e18 (0x830d) x14 0x0ed62a69
core   0: 0x80003e1a (0x0000e905) c.bnez  a0, pc + 48
core   0: 0 0x80003e1a (0xe905)
core   0: 0x80003e4a (0x012e3e33) sltu    t3, t3, s2
core   0: 0 0x80003e4a (0x012e3e33) x28 0x00000001
core   0: 0x80003e4e (0x00000876) c.slli  a6, 29
core   0: 0 0x80003e4e (0x0876) x16 0x00000000
core   0: 0x80003e50 (0x02ac4b63) blt     s8, a0, pc + 54
core   0: 0 0x80003e50 (0x02ac4b63)
core   0: 0x80003e54 (0x0000c00d) c.beqz  s0, pc + 34
core   0: 0 0x80003e54 (0xc00d)
core   0: 0x80003e76 (0x854b2b13) slti    s6, s6, -1964
core   0: 0 0x80003e76 (0x854b2b13) x22 0x00000000
core   0: 0x80003e7a (0x0000100f) fence.i
core   0: 0 0x80003e7a (0x0000100f)
core   0: 0x80003e7e (0x057e1063) bne     t3, s7, pc + 64
core   0: 0 0x80003e7e (0x057e1063)
core   0: 0x80003ebe (0x00000001) c.nop
core   0: 0 0x80003ebe (0x0001)
core   0: 0x80003ec0 (0xce88b997) auipc   s3, 0xce88b
core   0: 0 0x80003ec0 (0xce88b997) x19 0x4e88eec0
core   0: 0x80003ec4 (0x0000e31d) c.bnez  a4, pc + 38
core   0: 0 0x80003ec4 (0xe31d)
core   0: 0x80003eea (0x02f1b733) mulhu   a4, gp, a5
core   0: 0 0x80003eea (0x02f1b733) x14 0x00000000
core   0: 0x80003eee (0xa746c437) lui     s0, 0xa746c
core   0: 0 0x80003eee (0xa746c437) x8  0xa746c000
core   0: 0x80003ef2 (0x00005bfd) c.li    s7, -1
core   0: 0 0x80003ef2 (0x5bfd) x23 0xffffffff
core   0: 0x80003ef4 (0x4139dd13) srai    s10, s3, 19
core   0: 0 0x80003ef4 (0x4139dd13) x26 0x000009d1
core   0: 0x80003ef8 (0x0000965a) c.add   a2, s6
core   0: 0 0x80003ef8 (0x965a) x12 0x00000000
core   0: 0x80003efa (0x411d5b13) srai    s6, s10, 17
core   0: 0 0x80003efa (0x411d5b13) x22 0x00000000
core   0: 0x80003efe (0x41b50db3) sub     s11, a0, s11
core   0: 0 0x80003efe (0x41b50db3) x27 0x894eacb4
core   0: 0x80003f02 (0x1a6be693) ori     a3, s7, 422
core   0: 0 0x80003f02 (0x1a6be693) x13 0xffffffff
core   0: 0x80003f06 (0x00008e3d) c.xor   a2, a5
core   0: 0 0x80003f06 (0x8e3d) x12 0x00000001
core   0: 0x80003f08 (0x00000001) c.nop
core   0: 0 0x80003f08 (0x0001)
core   0: 0x80003f0a (0x00001388) c.addi4spn a0, sp, 480
core   0: 0 0x80003f0a (0x1388) x10 0x000001e1
core   0: 0x80003f0c (0x0ff0000f) fence   iorw,iorw
core   0: 0 0x80003f0c (0x0ff0000f)
core   0: 0x80003f10 (0x00009bfd) c.andi  a5, -1
core   0: 0 0x80003f10 (0x9bfd) x15 0x00000001
core   0: 0x80003f12 (0x01936cb3) or      s9, t1, s9
core   0: 0 0x80003f12 (0x01936cb3) x25 0x80003ac4
core   0: 0x80003f16 (0x01269e33) sll     t3, a3, s2
core   0: 0 0x80003f16 (0x01269e33) x28 0xfffc0000
core   0: 0x80003f1a (0x456da437) lui     s0, 0x456da
core   0: 0 0x80003f1a (0x456da437) x8  0x456da000
core   0: 0x80003f1e (0x01019563) bne     gp, a6, pc + 10
core   0: 0 0x80003f1e (0x01019563)
core   0: 0x80003f28 (0x0d9a0c93) addi    s9, s4, 217
core   0: 0 0x80003f28 (0x0d9a0c93) x25 0xb19cf0d9
core   0: 0x80003f2c (0x0383adb3) mulhsu  s11, t2, s8
core   0: 0 0x80003f2c (0x0383adb3) x27 0x00000000
core   0: 0x80003f30 (0x03176963) bltu    a4, a7, pc + 50
core   0: 0 0x80003f30 (0x03176963)
core   0: 0x80003f34 (0x00000001) c.nop
core   0: 0 0x80003f34 (0x0001)
core   0: 0x80003f36 (0x00000001) c.nop
core   0: 0 0x80003f36 (0x0001)
core   0: 0x80003f38 (0x00265813) srli    a6, a2, 2
core   0: 0 0x80003f38 (0x00265813) x16 0x00000000
core   0: 0x80003f3c (0x03bfb633) mulhu   a2, t6, s11
core   0: 0 0x80003f3c (0x03bfb633) x12 0x00000000
core   0: 0x80003f40 (0x00008c55) c.or    s0, a3
core   0: 0 0x80003f40 (0x8c55) x8  0xffffffff
core   0: 0x80003f42 (0x034a58b3) divu    a7, s4, s4
core   0: 0 0x80003f42 (0x034a58b3) x17 0x00000001
core   0: 0x80003f46 (0x0000e011) c.bnez  s0, pc + 4
core   0: 0 0x80003f46 (0xe011)
core   0: 0x80003f4a (0x00e23d33) sltu    s10, tp, a4
core   0: 0 0x80003f4a (0x00e23d33) x26 0x00000000
core   0: 0x80003f4e (0x3325b993) sltiu   s3, a1, 818
core   0: 0 0x80003f4e (0x3325b993) x19 0x00000000
core   0: 0x80003f52 (0x0000100f) fence.i
core   0: 0 0x80003f52 (0x0000100f)
core   0: 0x80003f56 (0x00f07d63) bgeu    zero, a5, pc + 26
core   0: 0 0x80003f56 (0x00f07d63)
core   0: 0x80003f5a (0x00008c71) c.and   s0, a2
core   0: 0 0x80003f5a (0x8c71) x8  0x00000000
core   0: 0x80003f5c (0x00008405) c.srai  s0, 1
core   0: 0 0x80003f5c (0x8405) x8  0x00000000
core   0: 0x80003f5e (0x00fc9363) bne     s9, a5, pc + 6
core   0: 0 0x80003f5e (0x00fc9363)
core   0: 0x80003f64 (0x409f5a13) srai    s4, t5, 9
core   0: 0 0x80003f64 (0x409f5a13) x20 0xffc00116
core   0: 0x80003f68 (0x00000929) c.addi  s2, 10
core   0: 0 0x80003f68 (0x0929) x18 0x000005dc
core   0: 0x80003f6a (0x00009246) c.add   tp, a7
core   0: 0 0x80003f6a (0x9246) x4  0x0003dc99
core   0: 0x80003f6c (0x03ad5c33) divu    s8, s10, s10
core   0: 0 0x80003f6c (0x03ad5c33) x24 0xffffffff
core   0: 0x80003f70 (0x02044fb3) div     t6, s0, zero
core   0: 0 0x80003f70 (0x02044fb3) x31 0xffffffff
core   0: 0x80003f74 (0x0000100f) fence.i
core   0: 0 0x80003f74 (0x0000100f)
core   0: 0x80003f78 (0x0165d263) bge     a1, s6, pc + 4
core   0: 0 0x80003f78 (0x0165d263)
core   0: 0x80003f7c (0x00008ee1) c.and   a3, s0
core   0: 0 0x80003f7c (0x8ee1) x13 0x00000000
core   0: 0x80003f7e (0xefe3f813) andi    a6, t2, -258
core   0: 0 0x80003f7e (0xefe3f813) x16 0x00000000
core   0: 0x80003f82 (0x0000852d) c.srai  a0, 11
core   0: 0 0x80003f82 (0x852d) x10 0x00000000
core   0: 0x80003f84 (0x91d5da97) auipc   s5, 0x91d5d
core   0: 0 0x80003f84 (0x91d5da97) x21 0x11d60f84
core   0: 0x80003f88 (0x00000290) c.addi4spn a2, sp, 320
core   0: 0 0x80003f88 (0x0290) x12 0x00000141
core   0: 0x80003f8a (0xa107f513) andi    a0, a5, -1520
core   0: 0 0x80003f8a (0xa107f513) x10 0x00000000
core   0: 0x80003f8e (0x01b3d913) srli    s2, t2, 27
core   0: 0 0x80003f8e (0x01b3d913) x18 0x00000000
core   0: 0x80003f92 (0x40bc5533) sra     a0, s8, a1
core   0: 0 0x80003f92 (0x40bc5533) x10 0xffffffff
core   0: 0x80003f96 (0x00008f55) c.or    a4, a3
core   0: 0 0x80003f96 (0x8f55) x14 0x00000000
core   0: 0x80003f98 (0x53a6ec13) ori     s8, a3, 1338
core   0: 0 0x80003f98 (0x53a6ec13) x24 0x0000053a
core   0: 0x80003f9c (0x0ff0000f) fence   iorw,iorw
core   0: 0 0x80003f9c (0x0ff0000f)
core   0: 0x80003fa0 (0x000053fd) c.li    t2, -1
core   0: 0 0x80003fa0 (0x53fd) x7  0xffffffff
core   0: 0x80003fa2 (0x00008fd5) c.or    a5, a3
core   0: 0 0x80003fa2 (0x8fd5) x15 0x00000001
core   0: 0x80003fa4 (0x024e7b63) bgeu    t3, tp, pc + 54
core   0: 0 0x80003fa4 (0x024e7b63)
core   0: 0x80003fda (0x00009a7d) c.andi  a2, -1
core   0: 0 0x80003fda (0x9a7d) x12 0x00000141
core   0: 0x80003fdc (0x02899963) bne     s3, s0, pc + 50
core   0: 0 0x80003fdc (0x02899963)
core   0: 0x80003fe0 (0x00004309) c.li    t1, 2
core   0: 0 0x80003fe0 (0x4309) x6  0x00000002
core   0: 0x80003fe2 (0x0001c233) xor     tp, gp, zero
core   0: 0 0x80003fe2 (0x0001c233) x4  0x40000000
core   0: 0x80003fe6 (0x00ff9033) sll     zero, t6, a5
core   0: 0 0x80003fe6 (0x00ff9033)
core   0: 0x80003fea (0x02b962b3) rem     t0, s2, a1
core   0: 0 0x80003fea (0x02b962b3) x5  0x00000000
core   0: 0x80003fee (0xfcbcfc93) andi    s9, s9, -53
core   0: 0 0x80003fee (0xfcbcfc93) x25 0xb19cf0c9
core   0: 0x80003ff2 (0x407adab3) sra     s5, s5, t2
core   0: 0 0x80003ff2 (0x407adab3) x21 0x00000000
core   0: 0x80003ff6 (0x0000100f) fence.i
core   0: 0 0x80003ff6 (0x0000100f)
core   0: 0x80003ffa (0x00008561) c.srai  a0, 24
core   0: 0 0x80003ffa (0x8561) x10 0xffffffff
core   0: 0x80003ffc (0x4f986e37) lui     t3, 0x4f986
core   0: 0 0x80003ffc (0x4f986e37) x28 0x4f986000
core   0: 0x80004000 (0x034b9f63) bne     s7, s4, pc + 62
core   0: 0 0x80004000 (0x034b9f63)
core   0: 0x8000403e (0x40476913) ori     s2, a4, 1028
core   0: 0 0x8000403e (0x40476913) x18 0x00000404
core   0: 0x80004042 (0x00c631b3) sltu    gp, a2, a2
core   0: 0 0x80004042 (0x00c631b3) x3  0x00000000
core   0: 0x80004046 (0x00008051) c.srli  s0, 20
core   0: 0 0x80004046 (0x8051) x8  0x00000000
core   0: 0x80004048 (0x0000c90d) c.beqz  a0, pc + 50
core   0: 0 0x80004048 (0xc90d)
core   0: 0x8000404a (0x0000947a) c.add   s0, t5
core   0: 0 0x8000404a (0x947a) x8  0x80022ce4
core   0: 0x8000404c (0xff85f093) andi    ra, a1, -8
core   0: 0 0x8000404c (0xff85f093) x1  0x894eacb0
core   0: 0x80004050 (0x00c39993) slli    s3, t2, 12
core   0: 0 0x80004050 (0x00c39993) x19 0xfffff000
core   0: 0x80004054 (0x00001ffd) c.addi  t6, -1
core   0: 0 0x80004054 (0x1ffd) x31 0xfffffffe
core   0: 0x80004056 (0x0000100f) fence.i
core   0: 0 0x80004056 (0x0000100f)
core   0: 0x8000405a (0x00000b0e) c.slli  s6, 3
core   0: 0 0x8000405a (0x0b0e) x22 0x00000000
core   0: 0x8000405c (0x01891fb3) sll     t6, s2, s8
core   0: 0 0x8000405c (0x01891fb3) x31 0x10000000
core   0: 0x80004060 (0x00008b91) c.andi  a5, 4
core   0: 0 0x80004060 (0x8b91) x15 0x00000000
core   0: 0x80004062 (0x0000071c) c.addi4spn a5, sp, 896
core   0: 0 0x80004062 (0x071c) x15 0x00000381
core   0: 0x80004064 (0x0005eeb3) or      t4, a1, zero
core   0: 0 0x80004064 (0x0005eeb3) x29 0x894eacb4
core   0: 0x80004068 (0x829a0713) addi    a4, s4, -2007
core   0: 0 0x80004068 (0x829a0713) x14 0xffbff93f
core   0: 0x8000406c (0x0000c915) c.beqz  a0, pc + 52
core   0: 0 0x8000406c (0xc915)
core   0: 0x8000406e (0x01791533) sll     a0, s2, s7
core   0: 0 0x8000406e (0x01791533) x10 0x00000000
core   0: 0x80004072 (0x02245ab3) divu    s5, s0, sp
core   0: 0 0x80004072 (0x02245ab3) x21 0x80022ce4
core   0: 0x80004076 (0x414c5393) srai    t2, s8, 20
core   0: 0 0x80004076 (0x414c5393) x7  0x00000000
core   0: 0x8000407a (0x0165a3b3) slt     t2, a1, s6
core   0: 0 0x8000407a (0x0165a3b3) x7  0x00000001
core   0: 0x8000407e (0x0000ee85) c.bnez  a3, pc + 56
core   0: 0 0x8000407e (0xee85)
core   0: 0x80004080 (0x023662b3) rem     t0, a2, gp
core   0: 0 0x80004080 (0x023662b3) x5  0x00000141
core   0: 0x80004084 (0x7a888937) lui     s2, 0x7a888
core   0: 0 0x80004084 (0x7a888937) x18 0x7a888000
core   0: 0x80004088 (0x00008e61) c.and   a2, s0
core   0: 0 0x80004088 (0x8e61) x12 0x00000040
core   0: 0x8000408a (0x020d2333) mulhsu  t1, s10, zero
core   0: 0 0x8000408a (0x020d2333) x6  0x00000000
core   0: 0x8000408e (0x0000100f) fence.i
core   0: 0 0x8000408e (0x0000100f)
core   0: 0x80004092 (0x563067b7) lui     a5, 0x56306
core   0: 0 0x80004092 (0x563067b7) x15 0x56306000
core   0: 0x80004096 (0x0133e963) bltu    t2, s3, pc + 18
core   0: 0 0x80004096 (0x0133e963)
core   0: 0x800040a8 (0x0000c709) c.beqz  a4, pc + 10
core   0: 0 0x800040a8 (0xc709)
core   0: 0x800040aa (0x0000717d) c.addi16sp sp, -16
core   0: 0 0x800040aa (0x717d) x2  0xfffffff1
core   0: 0x800040ac (0x00f847b3) xor     a5, a6, a5
core   0: 0 0x800040ac (0x00f847b3) x15 0x56306000
core   0: 0x800040b0 (0x0000ec95) c.bnez  s1, pc + 60
core   0: 0 0x800040b0 (0xec95)
core   0: 0x800040ec (0xef5efb97) auipc   s7, 0xef5ef
core   0: 0 0x800040ec (0xef5efb97) x23 0x6f5f30ec
core   0: 0x800040f0 (0x0304d963) bge     s1, a6, pc + 50
core   0: 0 0x800040f0 (0x0304d963)
core   0: 0x800040f4 (0x026901b3) mul     gp, s2, t1
core   0: 0 0x800040f4 (0x026901b3) x3  0x00000000
core   0: 0x800040f8 (0x00008eed) c.and   a3, a1
core   0: 0 0x800040f8 (0x8eed) x13 0x00000000
core   0: 0x800040fa (0x035029b3) mulhsu  s3, zero, s5
core   0: 0 0x800040fa (0x035029b3) x19 0x00000000
core   0: 0x800040fe (0x03222db3) mulhsu  s11, tp, s2
core   0: 0 0x800040fe (0x03222db3) x27 0x1ea22000
core   0: 0x80004102 (0x019b4db3) xor     s11, s6, s9
core   0: 0 0x80004102 (0x019b4db3) x27 0xb19cf0c9
core   0: 0x80004106 (0x692b0437) lui     s0, 0x692b0
core   0: 0 0x80004106 (0x692b0437) x8  0x692b0000
core   0: 0x8000410a (0x405051b3) sra     gp, zero, t0
core   0: 0 0x8000410a (0x405051b3) x3  0x00000000
core   0: 0x8000410e (0x01c65133) srl     sp, a2, t3
core   0: 0 0x8000410e (0x01c65133) x2  0x00000040
core   0: 0x80004112 (0x0000c905) c.beqz  a0, pc + 48
core   0: 0 0x80004112 (0xc905)
core   0: 0x80004142 (0x02aeee33) rem     t3, t4, a0
core   0: 0 0x80004142 (0x02aeee33) x28 0x894eacb4
core   0: 0x80004146 (0x019d0533) add     a0, s10, s9
core   0: 0 0x80004146 (0x019d0533) x10 0xb19cf0c9
core   0: 0x8000414a (0x00375a63) bge     a4, gp, pc + 20
core   0: 0 0x8000414a (0x00375a63)
core   0: 0x8000414e (0x01255863) bge     a0, s2, pc + 16
core   0: 0 0x8000414e (0x01255863)
core   0: 0x80004152 (0x0291ab33) mulhsu  s6, gp, s1
core   0: 0 0x80004152 (0x0291ab33) x22 0x00000000
core   0: 0x80004156 (0x00008f85) c.sub   a5, s1
core   0: 0 0x80004156 (0x8f85) x15 0xd62e71b4
core   0: 0x80004158 (0x3767f013) andi    zero, a5, 886
core   0: 0 0x80004158 (0x3767f013)
core   0: 0x8000415c (0x000049f9) c.li    s3, 30
core   0: 0 0x8000415c (0x49f9) x19 0x0000001e
core   0: 0x8000415e (0x41d8d433) sra     s0, a7, t4
core   0: 0 0x8000415e (0x41d8d433) x8  0x00000000
core   0: 0x80004162 (0xd107f293) andi    t0, a5, -752
core   0: 0 0x80004162 (0xd107f293) x5  0xd62e7110
core   0: 0x80004166 (0x000040d8) c.lw    a4, 4(s1)
core   0: 0 0x80004166 (0x40d8) x14 0x800032d0 mem 0x8001ee50
core   0: 0x80004168 (0x00008e41) c.or    a2, s0
core   0: 0 0x80004168 (0x8e41) x12 0x00000040
core   0: 0x8000416a (0x02918133) mul     sp, gp, s1
core   0: 0 0x8000416a (0x02918133) x2  0x00000000
core   0: 0x8000416e (0x0152dd33) srl     s10, t0, s5
core   0: 0 0x8000416e (0x0152dd33) x26 0x0d62e711
core   0: 0x80004172 (0x000063a5) c.lui   t2, 0x9
core   0: 0 0x80004172 (0x63a5) x7  0x00009000
core   0: 0x80004174 (0x000004e1) c.addi  s1, 24
core   0: 0 0x80004174 (0x04e1) x9  0x8001ee64
core   0: 0x80004176 (0x00008c79) c.and   s0, a4
core   0: 0 0x80004176 (0x8c79) x8  0x00000000
core   0: 0x80004178 (0x00335513) srli    a0, t1, 3
core   0: 0 0x80004178 (0x00335513) x10 0x00000000
core   0: 0x8000417c (0x00070293) mv      t0, a4
core   0: 0 0x8000417c (0x00070293) x5  0x800032d0
core   0: 0x80004180 (0x000282e7) jalr    t0, t0, 0
core   0: 0 0x80004180 (0x000282e7) x5  0x80004184
core   0: 0x800032d0 (0x0040076f) jal     a4, pc + 0x4
core   0: 0 0x800032d0 (0x0040076f) x14 0x800032d4
core   0: 0x800032d4 (0x0000a801) c.j     pc + 16
core   0: 0 0x800032d4 (0xa801)
core   0: 0x800032e4 (0x00003ffd) c.jal   pc - 2
core   0: 0 0x800032e4 (0x3ffd) x1  0x800032e6
core   0: 0x800032e2 (0x00002019) c.jal   pc + 6
core   0: 0 0x800032e2 (0x2019) x1  0x800032e4
core   0: 0x800032e8 (0x00002009) c.jal   pc + 2
core   0: 0 0x800032e8 (0x2009) x1  0x800032ea
core   0: 0x800032ea (0x00003fcd) c.jal   pc - 14
core   0: 0 0x800032ea (0x3fcd) x1  0x800032ec
core   0: 0x800032dc (0x00003ff5) c.jal   pc - 4
core   0: 0 0x800032dc (0x3ff5) x1  0x800032de
core   0: 0x800032d8 (0x008008ef) jal     a7, pc + 0x8
core   0: 0 0x800032d8 (0x008008ef) x17 0x800032dc
core   0: 0x800032e0 (0x0000bffd) c.j     pc - 2
core   0: 0 0x800032e0 (0xbffd)
core   0: 0x800032de (0x0000a021) c.j     pc + 8
core   0: 0 0x800032de (0xa021)
core   0: 0x800032e6 (0x0000bfc5) c.j     pc - 16
core   0: 0 0x800032e6 (0xbfc5)
core   0: 0x800032d6 (0x0000a819) c.j     pc + 22
core   0: 0 0x800032d6 (0xa819)
core   0: 0x800032ec (0x01807b33) and     s6, zero, s8
core   0: 0 0x800032ec (0x01807b33) x22 0x00000000
core   0: 0x800032f0 (0x0340076f) jal     a4, pc + 0x34
core   0: 0 0x800032f0 (0x0340076f) x14 0x800032f4
core   0: 0x80003324 (0xff1ff26f) jal     tp, pc - 0x10
core   0: 0 0x80003324 (0xff1ff26f) x4  0x80003328
core   0: 0x80003314 (0xff9ff46f) jal     s0, pc - 0x8
core   0: 0 0x80003314 (0xff9ff46f) x8  0x80003318
core   0: 0x8000330c (0x0000b7e5) c.j     pc - 24
core   0: 0 0x8000330c (0xb7e5)
core   0: 0x800032f4 (0x00002815) c.jal   pc + 52
core   0: 0 0x800032f4 (0x2815) x1  0x800032f6
core   0: 0x80003328 (0xfd1ff0ef) jal     pc - 0x30
core   0: 0 0x80003328 (0xfd1ff0ef) x1  0x8000332c
core   0: 0x800032f8 (0x0000a821) c.j     pc + 24
core   0: 0 0x800032f8 (0xa821)
core   0: 0x80003310 (0x010000ef) jal     pc + 0x10
core   0: 0 0x80003310 (0x010000ef) x1  0x80003314
core   0: 0x80003320 (0xfdbff0ef) jal     pc - 0x26
core   0: 0 0x80003320 (0xfdbff0ef) x1  0x80003324
core   0: 0x800032fa (0x0000a00d) c.j     pc + 34
core   0: 0 0x800032fa (0xa00d)
core   0: 0x8000331c (0xfe7ff16f) jal     sp, pc - 0x1a
core   0: 0 0x8000331c (0xfe7ff16f) x2  0x80003320
core   0: 0x80003302 (0x01600cef) jal     s9, pc + 0x16
core   0: 0 0x80003302 (0x01600cef) x25 0x80003306
core   0: 0x80003318 (0x00003ff9) c.jal   pc - 34
core   0: 0 0x80003318 (0x3ff9) x1  0x8000331a
core   0: 0x800032f6 (0x00002015) c.jal   pc + 36
core   0: 0 0x800032f6 (0x2015) x1  0x800032f8
core   0: 0x8000331a (0x00003fc5) c.jal   pc - 16
core   0: 0 0x8000331a (0x3fc5) x1  0x8000331c
core   0: 0x8000330a (0x0000a00d) c.j     pc + 34
core   0: 0 0x8000330a (0xa00d)
core   0: 0x8000332c (0x00003fc1) c.jal   pc - 48
core   0: 0 0x8000332c (0x3fc1) x1  0x8000332e
core   0: 0x800032fc (0x00002009) c.jal   pc + 2
core   0: 0 0x800032fc (0x2009) x1  0x800032fe
core   0: 0x800032fe (0x0100036f) jal     t1, pc + 0x10
core   0: 0 0x800032fe (0x0100036f) x6  0x80003302
core   0: 0x8000330e (0x00003fe5) c.jal   pc - 8
core   0: 0 0x8000330e (0x3fe5) x1  0x80003310
core   0: 0x80003306 (0x028000ef) jal     pc + 0x28
core   0: 0 0x80003306 (0x028000ef) x1  0x8000330a
core   0: 0x8000332e (0x00008779) c.srai  a4, 30
core   0: 0 0x8000332e (0x8779) x14 0xfffffffe
core   0: 0x80003330 (0x0280076f) jal     a4, pc + 0x28
core   0: 0 0x80003330 (0x0280076f) x14 0x80003334
core   0: 0x80003358 (0x0000bffd) c.j     pc - 2
core   0: 0 0x80003358 (0xbffd)
core   0: 0x80003356 (0x0000bfed) c.j     pc - 6
core   0: 0 0x80003356 (0xbfed)
core   0: 0x80003350 (0x00003fd5) c.jal   pc - 12
core   0: 0 0x80003350 (0x3fd5) x1  0x80003352
core   0: 0x80003344 (0x0000bfc5) c.j     pc - 16
core   0: 0 0x80003344 (0xbfc5)
core   0: 0x80003334 (0x01a003ef) jal     t2, pc + 0x1a
core   0: 0 0x80003334 (0x01a003ef) x7  0x80003338
core   0: 0x8000334e (0x0000bfe5) c.j     pc - 8
core   0: 0 0x8000334e (0xbfe5)
core   0: 0x80003346 (0x00003fcd) c.jal   pc - 14
core   0: 0 0x80003346 (0x3fcd) x1  0x80003348
core   0: 0x80003338 (0x00002009) c.jal   pc + 2
core   0: 0 0x80003338 (0x2009) x1  0x8000333a
core   0: 0x8000333a (0x00002011) c.jal   pc + 4
core   0: 0 0x8000333a (0x2011) x1  0x8000333c
core   0: 0x8000333e (0x0160036f) jal     t1, pc + 0x16
core   0: 0 0x8000333e (0x0160036f) x6  0x80003342
core   0: 0x80003354 (0x00003fe5) c.jal   pc - 8
core   0: 0 0x80003354 (0x3fe5) x1  0x80003356
core   0: 0x8000334c (0x00003ff5) c.jal   pc - 4
core   0: 0 0x8000334c (0x3ff5) x1  0x8000334e
core   0: 0x80003348 (0x00a0036f) jal     t1, pc + 0xa
core   0: 0 0x80003348 (0x00a0036f) x6  0x8000334c
core   0: 0x80003352 (0x00003fc5) c.jal   pc - 16
core   0: 0 0x80003352 (0x3fc5) x1  0x80003354
core   0: 0x80003342 (0x00003fed) c.jal   pc - 6
core   0: 0 0x80003342 (0x3fed) x1  0x80003344
core   0: 0x8000333c (0x0000a839) c.j     pc + 30
core   0: 0 0x8000333c (0xa839)
core   0: 0x8000335a (0x014c1833) sll     a6, s8, s4
core   0: 0 0x8000335a (0x014c1833) x16 0x4e800000
core   0: 0x8000335e (0x03c0076f) jal     a4, pc + 0x3c
core   0: 0 0x8000335e (0x03c0076f) x14 0x80003362
core   0: 0x8000339a (0xff7ffb6f) jal     s6, pc - 0xa
core   0: 0 0x8000339a (0xff7ffb6f) x22 0x8000339e
core   0: 0x80003390 (0x0000bff5) c.j     pc - 4
core   0: 0 0x80003390 (0xbff5)
core   0: 0x8000338c (0xfd7ff9ef) jal     s3, pc - 0x2a
core   0: 0 0x8000338c (0xfd7ff9ef) x19 0x80003390
core   0: 0x80003362 (0x00002801) c.jal   pc + 16
core   0: 0 0x80003362 (0x2801) x1  0x80003364
core   0: 0x80003372 (0x00e000ef) jal     pc + 0xe
core   0: 0 0x80003372 (0x00e000ef) x1  0x80003376
core   0: 0x80003380 (0x00002019) c.jal   pc + 6
core   0: 0 0x80003380 (0x2019) x1  0x80003382
core   0: 0x80003386 (0x0000a829) c.j     pc + 26
core   0: 0 0x80003386 (0xa829)
core   0: 0x800033a0 (0x0000bfdd) c.j     pc - 10
core   0: 0 0x800033a0 (0xbfdd)
core   0: 0x80003396 (0xfd3ff0ef) jal     pc - 0x2e
core   0: 0 0x80003396 (0xfd3ff0ef) x1  0x8000339a
core   0: 0x80003368 (0x0000a019) c.j     pc + 6
core   0: 0 0x80003368 (0xa019)
core   0: 0x8000336e (0x0000a805) c.j     pc + 48
core   0: 0 0x8000336e (0xa805)
core   0: 0x8000339e (0x000037dd) c.jal   pc - 26
core   0: 0 0x8000339e (0x37dd) x1  0x800033a0
core   0: 0x80003384 (0x0000a019) c.j     pc + 6
core   0: 0 0x80003384 (0xa019)
core   0: 0x8000338a (0x0000bfcd) c.j     pc - 14
core   0: 0 0x8000338a (0xbfcd)
core   0: 0x8000337c (0x006000ef) jal     pc + 0x6
core   0: 0 0x8000337c (0x006000ef) x1  0x80003380
core   0: 0x80003382 (0x000037ed) c.jal   pc - 22
core   0: 0 0x80003382 (0x37ed) x1  0x80003384
core   0: 0x8000336c (0x0000a029) c.j     pc + 10
core   0: 0 0x8000336c (0xa029)
core   0: 0x80003376 (0x0000bfc5) c.j     pc - 16
core   0: 0 0x80003376 (0xbfc5)
core   0: 0x80003366 (0x0000bffd) c.j     pc - 2
core   0: 0 0x80003366 (0xbffd)
core   0: 0x80003364 (0x00002015) c.jal   pc + 36
core   0: 0 0x80003364 (0x2015) x1  0x80003366
core   0: 0x80003388 (0x00003fc5) c.jal   pc - 16
core   0: 0 0x80003388 (0x3fc5) x1  0x8000338a
core   0: 0x80003378 (0xff3ff0ef) jal     pc - 0xe
core   0: 0 0x80003378 (0xff3ff0ef) x1  0x8000337c
core   0: 0x8000336a (0x0000a025) c.j     pc + 40
core   0: 0 0x8000336a (0xa025)
core   0: 0x80003392 (0xfdfff0ef) jal     pc - 0x22
core   0: 0 0x80003392 (0xfdfff0ef) x1  0x80003396
core   0: 0x80003370 (0x0000280d) c.jal   pc + 50
core   0: 0 0x80003370 (0x280d) x1  0x80003372
core   0: 0x800033a2 (0x400a5db3) sra     s11, s4, zero
core   0: 0 0x800033a2 (0x400a5db3) x27 0xffc00116
core   0: 0x800033a6 (0x0ff0000f) fence   iorw,iorw
core   0: 0 0x800033a6 (0x0ff0000f)
core   0: 0x800033aa (0x01785393) srli    t2, a6, 23
core   0: 0 0x800033aa (0x01785393) x7  0x0000009d
core   0: 0x800033ae (0x073c5137) lui     sp, 0x73c5
core   0: 0 0x800033ae (0x073c5137) x2  0x073c5000
core   0: 0x800033b2 (0x40a60a33) sub     s4, a2, a0
core   0: 0 0x800033b2 (0x40a60a33) x20 0x00000040
core   0: 0x800033b6 (0x00e31563) bne     t1, a4, pc + 10
core   0: 0 0x800033b6 (0x00e31563)
core   0: 0x800033c0 (0x8a6baf93) slti    t6, s7, -1882
core   0: 0 0x800033c0 (0x8a6baf93) x31 0x00000000
core   0: 0x800033c4 (0x00008ea6) c.mv    t4, s1
core   0: 0 0x800033c4 (0x8ea6) x29 0x8001ee64
core   0: 0x800033c6 (0x00008e99) c.sub   a3, a4
core   0: 0 0x800033c6 (0x8e99) x13 0x7fffcc9e
core   0: 0x800033c8 (0x033fabb3) mulhsu  s7, t6, s3
core   0: 0 0x800033c8 (0x033fabb3) x23 0x00000000
core   0: 0x800033cc (0x40d8deb3) sra     t4, a7, a3
core   0: 0 0x800033cc (0x40d8deb3) x29 0xfffffffe
core   0: 0x800033d0 (0x022b8933) mul     s2, s7, sp
core   0: 0 0x800033d0 (0x022b8933) x18 0x00000000
core   0: 0x800033d4 (0x00008e09) c.sub   a2, a0
core   0: 0 0x800033d4 (0x8e09) x12 0x00000040
core   0: 0x800033d6 (0x01dee833) or      a6, t4, t4
core   0: 0 0x800033d6 (0x01dee833) x16 0xfffffffe
core   0: 0x800033da (0x4164db13) srai    s6, s1, 22
core   0: 0 0x800033da (0x4164db13) x22 0xfffffe00
core   0: 0x800033de (0x00008e55) c.or    a2, a3
core   0: 0 0x800033de (0x8e55) x12 0x7fffccde
core   0: 0x800033e0 (0x02706d33) rem     s10, zero, t2
core   0: 0 0x800033e0 (0x02706d33) x26 0x00000000
core   0: 0x800033e4 (0x00008fc5) c.or    a5, s1
core   0: 0 0x800033e4 (0x8fc5) x15 0xd62ffff4
core   0: 0x800033e6 (0x00a98c63) beq     s3, a0, pc + 24
core   0: 0 0x800033e6 (0x00a98c63)
core   0: 0x800033ea (0x00aaf2b3) and     t0, s5, a0
core   0: 0 0x800033ea (0x00aaf2b3) x5  0x00000000
core   0: 0x800033ee (0x00dc8663) beq     s9, a3, pc + 12
core   0: 0 0x800033ee (0x00dc8663)
core   0: 0x800033f2 (0x00a35a33) srl     s4, t1, a0
core   0: 0 0x800033f2 (0x00a35a33) x20 0x8000334c
core   0: 0x800033f6 (0x025b0cb3) mul     s9, s6, t0
core   0: 0 0x800033f6 (0x025b0cb3) x25 0x00000000
core   0: 0x800033fa (0x00000cd2) c.slli  s9, 20
core   0: 0 0x800033fa (0x0cd2) x25 0x00000000
core   0: 0x800033fc (0x00008aa5) c.andi  a3, 9
core   0: 0 0x800033fc (0x8aa5) x13 0x00000008
core   0: 0x800033fe (0x0217c433) div     s0, a5, ra
core   0: 0 0x800033fe (0x0217c433) x8  0x00000000
core   0: 0x80003402 (0x0ff0000f) fence   iorw,iorw
core   0: 0 0x80003402 (0x0ff0000f)
core   0: 0x80003406 (0x03f22233) mulhsu  tp, tp, t6
core   0: 0 0x80003406 (0x03f22233) x4  0x00000000
core   0: 0x8000340a (0x00005cfd) c.li    s9, -1
core   0: 0 0x8000340a (0x5cfd) x25 0xffffffff
core   0: 0x8000340c (0x00008c59) c.or    s0, a4
core   0: 0 0x8000340c (0x8c59) x8  0x80003362
core   0: 0x8000340e (0x000002ce) c.slli  t0, 19
core   0: 0 0x8000340e (0x02ce) x5  0x00000000
core   0: 0x80003410 (0x03b0d763) bge     ra, s11, pc + 46
core   0: 0 0x80003410 (0x03b0d763)
core   0: 0x80003414 (0x00008fad) c.xor   a5, a1
core   0: 0 0x80003414 (0x8fad) x15 0x5f615340
core   0: 0x80003416 (0xa86e2e93) slti    t4, t3, -1402
core   0: 0 0x80003416 (0xa86e2e93) x29 0x00000001
core   0: 0x8000341a (0x004a29b3) slt     s3, s4, tp
core   0: 0 0x8000341a (0x004a29b3) x19 0x00000001
core   0: 0x8000341e (0x00006565) c.lui   a0, 0x19
core   0: 0 0x8000341e (0x6565) x10 0x00019000
core   0: 0x80003420 (0x00008f7d) c.and   a4, a5
core   0: 0 0x80003420 (0x8f7d) x14 0x00001340
core   0: 0x80003422 (0x037d97b3) mulh    a5, s11, s7
core   0: 0 0x80003422 (0x037d97b3) x15 0x00000000
core   0: 0x80003426 (0x3cc3ad93) slti    s11, t2, 972
core   0: 0 0x80003426 (0x3cc3ad93) x27 0x00000001
core   0: 0x8000342a (0x029e5663) bge     t3, s1, pc + 44
core   0: 0 0x8000342a (0x029e5663)
core   0: 0x80003456 (0xb297b113) sltiu   sp, a5, -1239
core   0: 0 0x80003456 (0xb297b113) x2  0x00000001
core   0: 0x8000345a (0x02fa7a63) bgeu    s4, a5, pc + 52
core   0: 0 0x8000345a (0x02fa7a63)
core   0: 0x8000348e (0x003adc13) srli    s8, s5, 3
core   0: 0 0x8000348e (0x003adc13) x24 0x1000459c
core   0: 0x80003492 (0x03562533) mulhsu  a0, a2, s5
core   0: 0 0x80003492 (0x03562533) x10 0x4000fce0
core   0: 0x80003496 (0x01900d63) beq     zero, s9, pc + 26
core   0: 0 0x80003496 (0x01900d63)
core   0: 0x8000349a (0x00001b14) c.addi4spn a3, sp, 432
core   0: 0 0x8000349a (0x1b14) x13 0x000001b1
core   0: 0x8000349c (0xff175537) lui     a0, 0xff175
core   0: 0 0x8000349c (0xff175537) x10 0xff175000
core   0: 0x800034a0 (0x83cb3313) sltiu   t1, s6, -1988
core   0: 0 0x800034a0 (0x83cb3313) x6  0x00000000
core   0: 0x800034a4 (0x40620d33) sub     s10, tp, t1
core   0: 0 0x800034a4 (0x40620d33) x26 0x00000000
core   0: 0x800034a8 (0x4094d733) sra     a4, s1, s1
core   0: 0 0x800034a8 (0x4094d733) x14 0xf8001ee6
core   0: 0x800034ac (0x000098ea) c.add   a7, s10
core   0: 0 0x800034ac (0x98ea) x17 0x800032dc
core   0: 0x800034ae (0x00008159) c.srli  a0, 22
core   0: 0 0x800034ae (0x8159) x10 0x000003fc
core   0: 0x800034b0 (0x019fe863) bltu    t6, s9, pc + 16
core   0: 0 0x800034b0 (0x019fe863)
core   0: 0x800034c0 (0x0000850d) c.srai  a0, 3
core   0: 0 0x800034c0 (0x850d) x10 0x0000007f
core   0: 0x800034c2 (0x1b182893) slti    a7, a6, 433
core   0: 0 0x800034c2 (0x1b182893) x17 0x00000001
core   0: 0x800034c6 (0x00008865) c.andi  s0, 25
core   0: 0 0x800034c6 (0x8865) x8  0x00000000
core   0: 0x800034c8 (0x041eda63) bge     t4, ra, pc + 84
core   0: 0 0x800034c8 (0x041eda63)
core   0: 0x8000351c (0x0000616d) c.addi16sp sp, 240
core   0: 0 0x8000351c (0x616d) x2  0x000000f1
core   0: 0x8000351e (0x05b7c763) blt     a5, s11, pc + 78
core   0: 0 0x8000351e (0x05b7c763)
core   0: 0x8000356c (0x0000c019) c.beqz  s0, pc + 6
core   0: 0 0x8000356c (0xc019)
core   0: 0x80003572 (0x02487e17) auipc   t3, 0x2487
core   0: 0 0x80003572 (0x02487e17) x28 0x8248a572
core   0: 0x80003576 (0x0000c2b1) c.beqz  a3, pc + 68
core   0: 0 0x80003576 (0xc2b1)
core   0: 0x80003578 (0x01d10bb3) add     s7, sp, t4
core   0: 0 0x80003578 (0x01d10bb3) x23 0x000000f2
core   0: 0x8000357c (0x0228a9b3) mulhsu  s3, a7, sp
core   0: 0 0x8000357c (0x0228a9b3) x19 0x00000000
core   0: 0x80003580 (0x028bfd63) bgeu    s7, s0, pc + 58
core   0: 0 0x80003580 (0x028bfd63)
core   0: 0x800035ba (0x68bc0f93) addi    t6, s8, 1675
core   0: 0 0x800035ba (0x68bc0f93) x31 0x10004c27
core   0: 0x800035be (0x009342b3) xor     t0, t1, s1
core   0: 0 0x800035be (0x009342b3) x5  0x8001ee64
core   0: 0x800035c2 (0x412d0b33) sub     s6, s10, s2
core   0: 0 0x800035c2 (0x412d0b33) x22 0x00000000
core   0: 0x800035c6 (0x01f84863) blt     a6, t6, pc + 16
core   0: 0 0x800035c6 (0x01f84863)
core   0: 0x800035d6 (0x01987fb3) and     t6, a6, s9
core   0: 0 0x800035d6 (0x01987fb3) x31 0xfffffffe
core   0: 0x800035da (0x0230fa33) remu    s4, ra, gp
core   0: 0 0x800035da (0x0230fa33) x20 0x80003372
core   0: 0x800035de (0x589b8d13) addi    s10, s7, 1417
core   0: 0 0x800035de (0x589b8d13) x26 0x0000067b
core   0: 0x800035e2 (0x00008f35) c.xor   a4, a3
core   0: 0 0x800035e2 (0x8f35) x14 0xf8001f57
core   0: 0x800035e4 (0x02686433) rem     s0, a6, t1
core   0: 0 0x800035e4 (0x02686433) x8  0xfffffffe
core   0: 0x800035e8 (0x00008a0d) c.andi  a2, 3
core   0: 0 0x800035e8 (0x8a0d) x12 0x00000002
core   0: 0x800035ea (0x0000cf91) c.beqz  a5, pc + 28
core   0: 0 0x800035ea (0xcf91)
core   0: 0x80003606 (0x41d3d113) srai    sp, t2, 29
core   0: 0 0x80003606 (0x41d3d113) x2  0x00000000
core   0: 0x8000360a (0xf61c7813) andi    a6, s8, -159
core   0: 0 0x8000360a (0xf61c7813) x16 0x10004500
core   0: 0x8000360e (0xb8f4ac93) slti    s9, s1, -1137
core   0: 0 0x8000360e (0xb8f4ac93) x25 0x00000001
core   0: 0x80003612 (0x040f0363) beqz    t5, pc + 70
core   0: 0 0x80003612 (0x040f0363)
core   0: 0x80003616 (0x00d7ea33) or      s4, a5, a3
core   0: 0 0x80003616 (0x00d7ea33) x20 0x000001b1
core   0: 0x8000361a (0x0000100f) fence.i
core   0: 0 0x8000361a (0x0000100f)
core   0: 0x8000361e (0x027f96b3) mulh    a3, t6, t2
core   0: 0 0x8000361e (0x027f96b3) x13 0xffffffff
core   0: 0x80003622 (0x419b5093) srai    ra, s6, 25
core   0: 0 0x80003622 (0x419b5093) x1  0x00000000
core   0: 0x80003626 (0x4049de93) srai    t4, s3, 4
core   0: 0 0x80003626 (0x4049de93) x29 0x00000000
core   0: 0x8000362a (0x00ebb533) sltu    a0, s7, a4
core   0: 0 0x8000362a (0x00ebb533) x10 0x00000001
core   0: 0x8000362e (0x037d19b3) mulh    s3, s10, s7
core   0: 0 0x8000362e (0x037d19b3) x19 0x00000000
core   0: 0x80003632 (0x001f2fb3) slt     t6, t5, ra
core   0: 0 0x80003632 (0x001f2fb3) x31 0x00000001
core   0: 0x80003636 (0x00000001) c.nop
core   0: 0 0x80003636 (0x0001)
core   0: 0x80003638 (0x6c6b7617) auipc   a2, 0x6c6b7
core   0: 0 0x80003638 (0x6c6b7617) x12 0xec6ba638
core   0: 0x8000363c (0x03d6c463) blt     a3, t4, pc + 40
core   0: 0 0x8000363c (0x03d6c463)
core   0: 0x80003664 (0x02446e33) rem     t3, s0, tp
core   0: 0 0x80003664 (0x02446e33) x28 0xfffffffe
core   0: 0x80003668 (0x000083e9) c.srli  a5, 26
core   0: 0 0x80003668 (0x83e9) x15 0x00000000
core   0: 0x8000366a (0x00c8be33) sltu    t3, a7, a2
core   0: 0 0x8000366a (0x00c8be33) x28 0x00000001
core   0: 0x8000366e (0x6f25c793) xori    a5, a1, 1778
core   0: 0 0x8000366e (0x6f25c793) x15 0x894eaa46
core   0: 0x80003672 (0x414bd413) srai    s0, s7, 20
core   0: 0 0x80003672 (0x414bd413) x8  0x00000000
core   0: 0x80003676 (0x0394d163) bge     s1, s9, pc + 34
core   0: 0 0x80003676 (0x0394d163)
core   0: 0x8000367a (0x0289a033) mulhsu  zero, s3, s0
core   0: 0 0x8000367a (0x0289a033)
core   0: 0x8000367e (0x03219163) bne     gp, s2, pc + 34
core   0: 0 0x8000367e (0x03219163)
core   0: 0x80003682 (0x02d6a7b3) mulhsu  a5, a3, a3
core   0: 0 0x80003682 (0x02d6a7b3) x15 0xffffffff
core   0: 0x80003686 (0x01d65733) srl     a4, a2, t4
core   0: 0 0x80003686 (0x01d65733) x14 0xec6ba638
core   0: 0x8000368a (0x00dfd733) srl     a4, t6, a3
core   0: 0 0x8000368a (0x00dfd733) x14 0x00000000
core   0: 0x8000368e (0x51ddcb13) xori    s6, s11, 1309
core   0: 0 0x8000368e (0x51ddcb13) x22 0x0000051c
core   0: 0x80003692 (0x00000226) c.slli  tp, 9
core   0: 0 0x80003692 (0x0226) x4  0x00000000
core   0: 0x80003694 (0x40e05b13) srai    s6, zero, 14
core   0: 0 0x80003694 (0x40e05b13) x22 0x00000000
core   0: 0x80003698 (0x0000e015) c.bnez  s0, pc + 36
core   0: 0 0x80003698 (0xe015)
core   0: 0x8000369a (0x0000617d) c.addi16sp sp, 496
core   0: 0 0x8000369a (0x617d) x2  0x000001f0
core   0: 0x8000369c (0x03bcbab3) mulhu   s5, s9, s11
core   0: 0 0x8000369c (0x03bcbab3) x21 0x00000000
core   0: 0x800036a0 (0x0000983a) c.add   a6, a4
core   0: 0 0x800036a0 (0x983a) x16 0x10004500
core   0: 0x800036a2 (0x00000001) c.nop
core   0: 0 0x800036a2 (0x0001)
core   0: 0x800036a4 (0xcf411fb7) lui     t6, 0xcf411
core   0: 0 0x800036a4 (0xcf411fb7) x31 0xcf411000
core   0: 0x800036a8 (0x00e88e33) add     t3, a7, a4
core   0: 0 0x800036a8 (0x00e88e33) x28 0x00000001
core   0: 0x800036ac (0x00000001) c.nop
core   0: 0 0x800036ac (0x0001)
core   0: 0x800036ae (0x03a783b3) mul     t2, a5, s10
core   0: 0 0x800036ae (0x03a783b3) x7  0xfffff985
core   0: 0x800036b2 (0x000086b1) c.srai  a3, 12
core   0: 0 0x800036b2 (0x86b1) x13 0xffffffff
core   0: 0x800036b4 (0x0e7c3193) sltiu   gp, s8, 231
core   0: 0 0x800036b4 (0x0e7c3193) x3  0x00000000
core   0: 0x800036b8 (0x0000100f) fence.i
core   0: 0 0x800036b8 (0x0000100f)
core   0: 0x800036bc (0x0149c0b3) xor     ra, s3, s4
core   0: 0 0x800036bc (0x0149c0b3) x1  0x000001b1
core   0: 0x800036c0 (0x0ff0000f) fence   iorw,iorw
core   0: 0 0x800036c0 (0x0ff0000f)
core   0: 0x800036c4 (0x03f4bcb3) mulhu   s9, s1, t6
core   0: 0 0x800036c4 (0x03f4bcb3) x25 0x67a21840
core   0: 0x800036c8 (0x0000e809) c.bnez  s0, pc + 18
core   0: 0 0x800036c8 (0xe809)
core   0: 0x800036ca (0x03254cb3) div     s9, a0, s2
core   0: 0 0x800036ca (0x03254cb3) x25 0xffffffff
core   0: 0x800036ce (0x02c44333) div     t1, s0, a2
core   0: 0 0x800036ce (0x02c44333) x6  0x00000000
core   0: 0x800036d2 (0x000090e6) c.add   ra, s9
core   0: 0 0x800036d2 (0x90e6) x1  0x000001b0
core   0: 0x800036d4 (0x00008e5d) c.or    a2, a5
core   0: 0 0x800036d4 (0x8e5d) x12 0xffffffff
core   0: 0x800036d6 (0x41ded513) srai    a0, t4, 29
core   0: 0 0x800036d6 (0x41ded513) x10 0x00000000
core   0: 0x800036da (0x00f8acb3) slt     s9, a7, a5
core   0: 0 0x800036da (0x00f8acb3) x25 0x00000000
core   0: 0x800036de (0xffffd597) auipc   a1, 0xffffd
core   0: 0 0x800036de (0xffffd597) x11 0x800006de
core   0: 0x800036e2 (0xc8058593) addi    a1, a1, -896
core   0: 0 0x800036e2 (0xc8058593) x11 0x8000035e
core   0: 0x800036e6 (0x00058067) jr      a1
core   0: 0 0x800036e6 (0x00058067)
core   0: 0x8000035e (0x90000d37) lui     s10, 0x90000
core   0: 0 0x8000035e (0x90000d37) x26 0x90000000
core   0: 0x80000362 (0x00001d61) c.addi  s10, -8
core   0: 0 0x80000362 (0x1d61) x26 0x8ffffff8
core   0: 0x80000364 (0x00004601) c.li    a2, 0
core   0: 0 0x80000364 (0x4601) x12 0x00000000
core   0: 0x80000366 (0x00000622) c.slli  a2, 8
core   0: 0 0x80000366 (0x0622) x12 0x00000000
core   0: 0x80000368 (0x00000605) c.addi  a2, 1
core   0: 0 0x80000368 (0x0605) x12 0x00000001
core   0: 0x8000036a (0x00cd2023) sw      a2, 0(s10)
core   0: 0 0x8000036a (0x00cd2023) mem 0x8ffffff8 0x00000001
core   0: 0x8000036e (0x00000073) ecall
core   0: exception trap_user_ecall, epc 0x8000036e
core   0: 0x80002500 (0x0800006f) j       pc + 0x80
core   0: 3 0x80002500 (0x0800006f)
core   0: 0x80002580 (0x00001f71) c.addi  t5, -4
core   0: 3 0x80002580 (0x1f71) x30 0x80022ce0
core   0: 0x80002582 (0x009f2023) sw      s1, 0(t5)
core   0: 3 0x80002582 (0x009f2023) mem 0x80022ce0 0x8001ee64
core   0: 0x80002586 (0x000f04b3) add     s1, t5, zero
core   0: 3 0x80002586 (0x000f04b3) x9  0x80022ce0
core   0: 0x8000258a (0xf8048493) addi    s1, s1, -128
core   0: 3 0x8000258a (0xf8048493) x9  0x80022c60
core   0: 0x8000258e (0x0014a223) sw      ra, 4(s1)
core   0: 3 0x8000258e (0x0014a223) mem 0x80022c64 0x000001b0
core   0: 0x80002592 (0x0024a423) sw      sp, 8(s1)
core   0: 3 0x80002592 (0x0024a423) mem 0x80022c68 0x000001f0
core   0: 0x80002596 (0x0034a623) sw      gp, 12(s1)
core   0: 3 0x80002596 (0x0034a623) mem 0x80022c6c 0x00000000
core   0: 0x8000259a (0x0044a823) sw      tp, 16(s1)
core   0: 3 0x8000259a (0x0044a823) mem 0x80022c70 0x00000000
core   0: 0x8000259e (0x0054aa23) sw      t0, 20(s1)
core   0: 3 0x8000259e (0x0054aa23) mem 0x80022c74 0x8001ee64
core   0: 0x800025a2 (0x0064ac23) sw      t1, 24(s1)
core   0: 3 0x800025a2 (0x0064ac23) mem 0x80022c78 0x00000000
core   0: 0x800025a6 (0x0074ae23) sw      t2, 28(s1)
core   0: 3 0x800025a6 (0x0074ae23) mem 0x80022c7c 0xfffff985
core   0: 0x800025aa (0x0000d080) c.sw    s0, 32(s1)
core   0: 3 0x800025aa (0xd080) mem 0x80022c80 0x00000000
core   0: 0x800025ac (0x0000d0c4) c.sw    s1, 36(s1)
core   0: 3 0x800025ac (0xd0c4) mem 0x80022c84 0x80022c60
core   0: 0x800025ae (0x0000d488) c.sw    a0, 40(s1)
core   0: 3 0x800025ae (0xd488) mem 0x80022c88 0x00000000
core   0: 0x800025b0 (0x0000d4cc) c.sw    a1, 44(s1)
core   0: 3 0x800025b0 (0xd4cc) mem 0x80022c8c 0x8000035e
core   0: 0x800025b2 (0x0000d890) c.sw    a2, 48(s1)
core   0: 3 0x800025b2 (0xd890) mem 0x80022c90 0x00000001
core   0: 0x800025b4 (0x0000d8d4) c.sw    a3, 52(s1)
core   0: 3 0x800025b4 (0xd8d4) mem 0x80022c94 0xffffffff
core   0: 0x800025b6 (0x0000dc98) c.sw    a4, 56(s1)
core   0: 3 0x800025b6 (0xdc98) mem 0x80022c98 0x00000000
core   0: 0x800025b8 (0x0000dcdc) c.sw    a5, 60(s1)
core   0: 3 0x800025b8 (0xdcdc) mem 0x80022c9c 0xffffffff
core   0: 0x800025ba (0x0504a023) sw      a6, 64(s1)
core   0: 3 0x800025ba (0x0504a023) mem 0x80022ca0 0x10004500
core   0: 0x800025be (0x0514a223) sw      a7, 68(s1)
core   0: 3 0x800025be (0x0514a223) mem 0x80022ca4 0x00000001
core   0: 0x800025c2 (0x0524a423) sw      s2, 72(s1)
core   0: 3 0x800025c2 (0x0524a423) mem 0x80022ca8 0x00000000
core   0: 0x800025c6 (0x0534a623) sw      s3, 76(s1)
core   0: 3 0x800025c6 (0x0534a623) mem 0x80022cac 0x00000000
core   0: 0x800025ca (0x0544a823) sw      s4, 80(s1)
core   0: 3 0x800025ca (0x0544a823) mem 0x80022cb0 0x000001b1
core   0: 0x800025ce (0x0554aa23) sw      s5, 84(s1)
core   0: 3 0x800025ce (0x0554aa23) mem 0x80022cb4 0x00000000
core   0: 0x800025d2 (0x0564ac23) sw      s6, 88(s1)
core   0: 3 0x800025d2 (0x0564ac23) mem 0x80022cb8 0x00000000
core   0: 0x800025d6 (0x0574ae23) sw      s7, 92(s1)
core   0: 3 0x800025d6 (0x0574ae23) mem 0x80022cbc 0x000000f2
core   0: 0x800025da (0x0784a023) sw      s8, 96(s1)
core   0: 3 0x800025da (0x0784a023) mem 0x80022cc0 0x1000459c
core   0: 0x800025de (0x0794a223) sw      s9, 100(s1)
core   0: 3 0x800025de (0x0794a223) mem 0x80022cc4 0x00000000
core   0: 0x800025e2 (0x07a4a423) sw      s10, 104(s1)
core   0: 3 0x800025e2 (0x07a4a423) mem 0x80022cc8 0x8ffffff8
core   0: 0x800025e6 (0x07b4a623) sw      s11, 108(s1)
core   0: 3 0x800025e6 (0x07b4a623) mem 0x80022ccc 0x00000001
core   0: 0x800025ea (0x07c4a823) sw      t3, 112(s1)
core   0: 3 0x800025ea (0x07c4a823) mem 0x80022cd0 0x00000001
core   0: 0x800025ee (0x07d4aa23) sw      t4, 116(s1)
core   0: 3 0x800025ee (0x07d4aa23) mem 0x80022cd4 0x00000000
core   0: 0x800025f2 (0x07e4ac23) sw      t5, 120(s1)
core   0: 3 0x800025f2 (0x07e4ac23) mem 0x80022cd8 0x80022ce0
core   0: 0x800025f6 (0x07f4ae23) sw      t6, 124(s1)
core   0: 3 0x800025f6 (0x07f4ae23) mem 0x80022cdc 0xcf411000
core   0: 0x800025fa (0x00048f33) add     t5, s1, zero
core   0: 3 0x800025fa (0x00048f33) x30 0x80022c60
core   0: 0x800025fe (0x90000d37) lui     s10, 0x90000
core   0: 3 0x800025fe (0x90000d37) x26 0x90000000
core   0: 0x80002602 (0x00001d71) c.addi  s10, -4
core   0: 3 0x80002602 (0x1d71) x26 0x8ffffffc
core   0: 0x80002604 (0x00004621) c.li    a2, 8
core   0: 3 0x80002604 (0x4621) x12 0x00000008
core   0: 0x80002606 (0x00000622) c.slli  a2, 8
core   0: 3 0x80002606 (0x0622) x12 0x00000800
core   0: 0x80002608 (0x00060613) mv      a2, a2
core   0: 3 0x80002608 (0x00060613) x12 0x00000800
core   0: 0x8000260c (0x00cd2023) sw      a2, 0(s10)
core   0: 3 0x8000260c (0x00cd2023) mem 0x8ffffffc 0x00000800
core   0: 0x80002610 (0x34102673) csrr    a2, mepc
core   0: 3 0x80002610 (0x34102673) x12 0x8000036e
core   0: 0x80002614 (0x34202673) csrr    a2, mcause
core   0: 3 0x80002614 (0x34202673) x12 0x00000008
core   0: 0x80002618 (0x00004d0d) c.li    s10, 3
core   0: 3 0x80002618 (0x4d0d) x26 0x00000003
core   0: 0x8000261a (0x01a61463) bne     a2, s10, pc + 8
core   0: 3 0x8000261a (0x01a61463)
core   0: 0x80002622 (0x00004d21) c.li    s10, 8
core   0: 3 0x80002622 (0x4d21) x26 0x00000008
core   0: 0x80002624 (0x05a60d63) beq     a2, s10, pc + 90
core   0: 3 0x80002624 (0x05a60d63)
core   0: 0x8000267e (0x90000d37) lui     s10, 0x90000
core   0: 3 0x8000267e (0x90000d37) x26 0x90000000
core   0: 0x80002682 (0x00001d71) c.addi  s10, -4
core   0: 3 0x80002682 (0x1d71) x26 0x8ffffffc
core   0: 0x80002684 (0x00006605) c.lui   a2, 0x1
core   0: 3 0x80002684 (0x6605) x12 0x00001000
core   0: 0x80002686 (0xb0060613) addi    a2, a2, -1280
core   0: 3 0x80002686 (0xb0060613) x12 0x00000b00
core   0: 0x8000268a (0x00000622) c.slli  a2, 8
core   0: 3 0x8000268a (0x0622) x12 0x000b0000
core   0: 0x8000268c (0x0000060d) c.addi  a2, 3
core   0: 3 0x8000268c (0x060d) x12 0x000b0003
core   0: 0x8000268e (0x00cd2023) sw      a2, 0(s10)
core   0: 3 0x8000268e (0x00cd2023) mem 0x8ffffffc 0x000b0003
core   0: 0x80002692 (0xb0002673) csrr    a2, mcycle
core   0: 3 0x80002692 (0xb0002673) x12 0x00008478
core   0: 0x80002696 (0x00cd2023) sw      a2, 0(s10)
core   0: 3 0x80002696 (0x00cd2023) mem 0x8ffffffc 0x00008478
core   0: 0x8000269a (0x90000d37) lui     s10, 0x90000
core   0: 3 0x8000269a (0x90000d37) x26 0x90000000
core   0: 0x8000269e (0x00001d71) c.addi  s10, -4
core   0: 3 0x8000269e (0x1d71) x26 0x8ffffffc
core   0: 0x800026a0 (0x00006605) c.lui   a2, 0x1
core   0: 3 0x800026a0 (0x6605) x12 0x00001000
core   0: 0x800026a2 (0xb8060613) addi    a2, a2, -1152
core   0: 3 0x800026a2 (0xb8060613) x12 0x00000b80
core   0: 0x800026a6 (0x00000622) c.slli  a2, 8
core   0: 3 0x800026a6 (0x0622) x12 0x000b8000
core   0: 0x800026a8 (0x0000060d) c.addi  a2, 3
core   0: 3 0x800026a8 (0x060d) x12 0x000b8003
core   0: 0x800026aa (0x00cd2023) sw      a2, 0(s10)
core   0: 3 0x800026aa (0x00cd2023) mem 0x8ffffffc 0x000b8003
core   0: 0x800026ae (0xb8002673) csrr    a2, mcycleh
core   0: 3 0x800026ae (0xb8002673) x12 0x00000000
core   0: 0x800026b2 (0x00cd2023) sw      a2, 0(s10)
core   0: 3 0x800026b2 (0x00cd2023) mem 0x8ffffffc 0x00000000
core   0: 0x800026b6 (0x90000d37) lui     s10, 0x90000
core   0: 3 0x800026b6 (0x90000d37) x26 0x90000000
core   0: 0x800026ba (0x00001d71) c.addi  s10, -4
core   0: 3 0x800026ba (0x1d71) x26 0x8ffffffc
core   0: 0x800026bc (0x00006605) c.lui   a2, 0x1
core   0: 3 0x800026bc (0x6605) x12 0x00001000
core   0: 0x800026be (0xb0360613) addi    a2, a2, -1277
core   0: 3 0x800026be (0xb0360613) x12 0x00000b03
core   0: 0x800026c2 (0x00000622) c.slli  a2, 8
core   0: 3 0x800026c2 (0x0622) x12 0x000b0300
core   0: 0x800026c4 (0x0000060d) c.addi  a2, 3
core   0: 3 0x800026c4 (0x060d) x12 0x000b0303
core   0: 0x800026c6 (0x00cd2023) sw      a2, 0(s10)
core   0: 3 0x800026c6 (0x00cd2023) mem 0x8ffffffc 0x000b0303
core   0: 0x800026ca (0xb0302673) csrr    a2, mhpmcounter3
core   0: 3 0x800026ca (0xb0302673) x12 0x000000e2
core   0: 0x800026ce (0x00cd2023) sw      a2, 0(s10)
core   0: 3 0x800026ce (0x00cd2023) mem 0x8ffffffc 0x000000e2
core   0: 0x800026d2 (0x90000d37) lui     s10, 0x90000
core   0: 3 0x800026d2 (0x90000d37) x26 0x90000000
core   0: 0x800026d6 (0x00001d71) c.addi  s10, -4
core   0: 3 0x800026d6 (0x1d71) x26 0x8ffffffc
core   0: 0x800026d8 (0x00006605) c.lui   a2, 0x1
core   0: 3 0x800026d8 (0x6605) x12 0x00001000
core   0: 0x800026da (0xb8360613) addi    a2, a2, -1149
core   0: 3 0x800026da (0xb8360613) x12 0x00000b83
core   0: 0x800026de (0x00000622) c.slli  a2, 8
core   0: 3 0x800026de (0x0622) x12 0x000b8300
core   0: 0x800026e0 (0x0000060d) c.addi  a2, 3
core   0: 3 0x800026e0 (0x060d) x12 0x000b8303
core   0: 0x800026e2 (0x00cd2023) sw      a2, 0(s10)
core   0: 3 0x800026e2 (0x00cd2023) mem 0x8ffffffc 0x000b8303
core   0: 0x800026e6 (0xb8302673) csrr    a2, mhpmcounter3h
core   0: 3 0x800026e6 (0xb8302673) x12 0x00000000
core   0: 0x800026ea (0x00cd2023) sw      a2, 0(s10)
core   0: 3 0x800026ea (0x00cd2023) mem 0x8ffffffc 0x00000000
core   0: 0x800026ee (0x90000d37) lui     s10, 0x90000
core   0: 3 0x800026ee (0x90000d37) x26 0x90000000
core   0: 0x800026f2 (0x00001d71) c.addi  s10, -4
core   0: 3 0x800026f2 (0x1d71) x26 0x8ffffffc
core   0: 0x800026f4 (0x00006605) c.lui   a2, 0x1
core   0: 3 0x800026f4 (0x6605) x12 0x00001000
core   0: 0x800026f6 (0xb0460613) addi    a2, a2, -1276
core   0: 3 0x800026f6 (0xb0460613) x12 0x00000b04
core   0: 0x800026fa (0x00000622) c.slli  a2, 8
core   0: 3 0x800026fa (0x0622) x12 0x000b0400
core   0: 0x800026fc (0x0000060d) c.addi  a2, 3
core   0: 3 0x800026fc (0x060d) x12 0x000b0403
core   0: 0x800026fe (0x00cd2023) sw      a2, 0(s10)
core   0: 3 0x800026fe (0x00cd2023) mem 0x8ffffffc 0x000b0403
core   0: 0x80002702 (0xb0402673) csrr    a2, mhpmcounter4
core   0: 3 0x80002702 (0xb0402673) x12 0x000049fc
core   0: 0x80002706 (0x00cd2023) sw      a2, 0(s10)
core   0: 3 0x80002706 (0x00cd2023) mem 0x8ffffffc 0x000049fc
core   0: 0x8000270a (0x90000d37) lui     s10, 0x90000
core   0: 3 0x8000270a (0x90000d37) x26 0x90000000
core   0: 0x8000270e (0x00001d71) c.addi  s10, -4
core   0: 3 0x8000270e (0x1d71) x26 0x8ffffffc
core   0: 0x80002710 (0x00006605) c.lui   a2, 0x1
core   0: 3 0x80002710 (0x6605) x12 0x00001000
core   0: 0x80002712 (0xb8460613) addi    a2, a2, -1148
core   0: 3 0x80002712 (0xb8460613) x12 0x00000b84
core   0: 0x80002716 (0x00000622) c.slli  a2, 8
core   0: 3 0x80002716 (0x0622) x12 0x000b8400
core   0: 0x80002718 (0x0000060d) c.addi  a2, 3
core   0: 3 0x80002718 (0x060d) x12 0x000b8403
core   0: 0x8000271a (0x00cd2023) sw      a2, 0(s10)
core   0: 3 0x8000271a (0x00cd2023) mem 0x8ffffffc 0x000b8403
core   0: 0x8000271e (0xb8402673) csrr    a2, mhpmcounter4h
core   0: 3 0x8000271e (0xb8402673) x12 0x00000000
core   0: 0x80002722 (0x00cd2023) sw      a2, 0(s10)
core   0: 3 0x80002722 (0x00cd2023) mem 0x8ffffffc 0x00000000
core   0: 0x80002726 (0x90000d37) lui     s10, 0x90000
core   0: 3 0x80002726 (0x90000d37) x26 0x90000000
core   0: 0x8000272a (0x00001d71) c.addi  s10, -4
core   0: 3 0x8000272a (0x1d71) x26 0x8ffffffc
core   0: 0x8000272c (0x00006605) c.lui   a2, 0x1
core   0: 3 0x8000272c (0x6605) x12 0x00001000
core   0: 0x8000272e (0xb0560613) addi    a2, a2, -1275
core   0: 3 0x8000272e (0xb0560613) x12 0x00000b05
core   0: 0x80002732 (0x00000622) c.slli  a2, 8
core   0: 3 0x80002732 (0x0622) x12 0x000b0500
core   0: 0x80002734 (0x0000060d) c.addi  a2, 3
core   0: 3 0x80002734 (0x060d) x12 0x000b0503
core   0: 0x80002736 (0x00cd2023) sw      a2, 0(s10)
core   0: 3 0x80002736 (0x00cd2023) mem 0x8ffffffc 0x000b0503
core   0: 0x8000273a (0xb0502673) csrr    a2, mhpmcounter5
core   0: 3 0x8000273a (0xb0502673) x12 0x00000004
core   0: 0x8000273e (0x00cd2023) sw      a2, 0(s10)
core   0: 3 0x8000273e (0x00cd2023) mem 0x8ffffffc 0x00000004
core   0: 0x80002742 (0x90000d37) lui     s10, 0x90000
core   0: 3 0x80002742 (0x90000d37) x26 0x90000000
core   0: 0x80002746 (0x00001d71) c.addi  s10, -4
core   0: 3 0x80002746 (0x1d71) x26 0x8ffffffc
core   0: 0x80002748 (0x00006605) c.lui   a2, 0x1
core   0: 3 0x80002748 (0x6605) x12 0x00001000
core   0: 0x8000274a (0xb8560613) addi    a2, a2, -1147
core   0: 3 0x8000274a (0xb8560613) x12 0x00000b85
core   0: 0x8000274e (0x00000622) c.slli  a2, 8
core   0: 3 0x8000274e (0x0622) x12 0x000b8500
core   0: 0x80002750 (0x0000060d) c.addi  a2, 3
core   0: 3 0x80002750 (0x060d) x12 0x000b8503
core   0: 0x80002752 (0x00cd2023) sw      a2, 0(s10)
core   0: 3 0x80002752 (0x00cd2023) mem 0x8ffffffc 0x000b8503
core   0: 0x80002756 (0xb8502673) csrr    a2, mhpmcounter5h
core   0: 3 0x80002756 (0xb8502673) x12 0x00000000
core   0: 0x8000275a (0x00cd2023) sw      a2, 0(s10)
core   0: 3 0x8000275a (0x00cd2023) mem 0x8ffffffc 0x00000000
core   0: 0x8000275e (0x90000d37) lui     s10, 0x90000
core   0: 3 0x8000275e (0x90000d37) x26 0x90000000
core   0: 0x80002762 (0x00001d71) c.addi  s10, -4
core   0: 3 0x80002762 (0x1d71) x26 0x8ffffffc
core   0: 0x80002764 (0x00006605) c.lui   a2, 0x1
core   0: 3 0x80002764 (0x6605) x12 0x00001000
core   0: 0x80002766 (0xb0660613) addi    a2, a2, -1274
core   0: 3 0x80002766 (0xb0660613) x12 0x00000b06
core   0: 0x8000276a (0x00000622) c.slli  a2, 8
core   0: 3 0x8000276a (0x0622) x12 0x000b0600
core   0: 0x8000276c (0x0000060d) c.addi  a2, 3
core   0: 3 0x8000276c (0x060d) x12 0x000b0603
core   0: 0x8000276e (0x00cd2023) sw      a2, 0(s10)
core   0: 3 0x8000276e (0x00cd2023) mem 0x8ffffffc 0x000b0603
core   0: 0x80002772 (0xb0602673) csrr    a2, mhpmcounter6
core   0: 3 0x80002772 (0xb0602673) x12 0x0000003c
core   0: 0x80002776 (0x00cd2023) sw      a2, 0(s10)
core   0: 3 0x80002776 (0x00cd2023) mem 0x8ffffffc 0x0000003c
core   0: 0x8000277a (0x90000d37) lui     s10, 0x90000
core   0: 3 0x8000277a (0x90000d37) x26 0x90000000
core   0: 0x8000277e (0x00001d71) c.addi  s10, -4
core   0: 3 0x8000277e (0x1d71) x26 0x8ffffffc
core   0: 0x80002780 (0x00006605) c.lui   a2, 0x1
core   0: 3 0x80002780 (0x6605) x12 0x00001000
core   0: 0x80002782 (0xb8660613) addi    a2, a2, -1146
core   0: 3 0x80002782 (0xb8660613) x12 0x00000b86
core   0: 0x80002786 (0x00000622) c.slli  a2, 8
core   0: 3 0x80002786 (0x0622) x12 0x000b8600
core   0: 0x80002788 (0x0000060d) c.addi  a2, 3
core   0: 3 0x80002788 (0x060d) x12 0x000b8603
core   0: 0x8000278a (0x00cd2023) sw      a2, 0(s10)
core   0: 3 0x8000278a (0x00cd2023) mem 0x8ffffffc 0x000b8603
core   0: 0x8000278e (0xb8602673) csrr    a2, mhpmcounter6h
core   0: 3 0x8000278e (0xb8602673) x12 0x00000000
core   0: 0x80002792 (0x00cd2023) sw      a2, 0(s10)
core   0: 3 0x80002792 (0x00cd2023) mem 0x8ffffffc 0x00000000
core   0: 0x80002796 (0x90000d37) lui     s10, 0x90000
core   0: 3 0x80002796 (0x90000d37) x26 0x90000000
core   0: 0x8000279a (0x00001d71) c.addi  s10, -4
core   0: 3 0x8000279a (0x1d71) x26 0x8ffffffc
core   0: 0x8000279c (0x00006605) c.lui   a2, 0x1
core   0: 3 0x8000279c (0x6605) x12 0x00001000
core   0: 0x8000279e (0xb0760613) addi    a2, a2, -1273
core   0: 3 0x8000279e (0xb0760613) x12 0x00000b07
core   0: 0x800027a2 (0x00000622) c.slli  a2, 8
core   0: 3 0x800027a2 (0x0622) x12 0x000b0700
core   0: 0x800027a4 (0x0000060d) c.addi  a2, 3
core   0: 3 0x800027a4 (0x060d) x12 0x000b0703
core   0: 0x800027a6 (0x00cd2023) sw      a2, 0(s10)
core   0: 3 0x800027a6 (0x00cd2023) mem 0x8ffffffc 0x000b0703
core   0: 0x800027aa (0xb0702673) csrr    a2, mhpmcounter7
core   0: 3 0x800027aa (0xb0702673) x12 0x00000430
core   0: 0x800027ae (0x00cd2023) sw      a2, 0(s10)
core   0: 3 0x800027ae (0x00cd2023) mem 0x8ffffffc 0x00000430
core   0: 0x800027b2 (0x90000d37) lui     s10, 0x90000
core   0: 3 0x800027b2 (0x90000d37) x26 0x90000000
core   0: 0x800027b6 (0x00001d71) c.addi  s10, -4
core   0: 3 0x800027b6 (0x1d71) x26 0x8ffffffc
core   0: 0x800027b8 (0x00006605) c.lui   a2, 0x1
core   0: 3 0x800027b8 (0x6605) x12 0x00001000
core   0: 0x800027ba (0xb8760613) addi    a2, a2, -1145
core   0: 3 0x800027ba (0xb8760613) x12 0x00000b87
core   0: 0x800027be (0x00000622) c.slli  a2, 8
core   0: 3 0x800027be (0x0622) x12 0x000b8700
core   0: 0x800027c0 (0x0000060d) c.addi  a2, 3
core   0: 3 0x800027c0 (0x060d) x12 0x000b8703
core   0: 0x800027c2 (0x00cd2023) sw      a2, 0(s10)
core   0: 3 0x800027c2 (0x00cd2023) mem 0x8ffffffc 0x000b8703
core   0: 0x800027c6 (0xb8702673) csrr    a2, mhpmcounter7h
core   0: 3 0x800027c6 (0xb8702673) x12 0x00000000
core   0: 0x800027ca (0x00cd2023) sw      a2, 0(s10)
core   0: 3 0x800027ca (0x00cd2023) mem 0x8ffffffc 0x00000000
core   0: 0x800027ce (0x90000d37) lui     s10, 0x90000
core   0: 3 0x800027ce (0x90000d37) x26 0x90000000
core   0: 0x800027d2 (0x00001d71) c.addi  s10, -4
core   0: 3 0x800027d2 (0x1d71) x26 0x8ffffffc
core   0: 0x800027d4 (0x00006605) c.lui   a2, 0x1
core   0: 3 0x800027d4 (0x6605) x12 0x00001000
core   0: 0x800027d6 (0xb0860613) addi    a2, a2, -1272
core   0: 3 0x800027d6 (0xb0860613) x12 0x00000b08
core   0: 0x800027da (0x00000622) c.slli  a2, 8
core   0: 3 0x800027da (0x0622) x12 0x000b0800
core   0: 0x800027dc (0x0000060d) c.addi  a2, 3
core   0: 3 0x800027dc (0x060d) x12 0x000b0803
core   0: 0x800027de (0x00cd2023) sw      a2, 0(s10)
core   0: 3 0x800027de (0x00cd2023) mem 0x8ffffffc 0x000b0803
core   0: 0x800027e2 (0xb0802673) csrr    a2, mhpmcounter8
core   0: 3 0x800027e2 (0xb0802673) x12 0x000000e8
core   0: 0x800027e6 (0x00cd2023) sw      a2, 0(s10)
core   0: 3 0x800027e6 (0x00cd2023) mem 0x8ffffffc 0x000000e8
core   0: 0x800027ea (0x90000d37) lui     s10, 0x90000
core   0: 3 0x800027ea (0x90000d37) x26 0x90000000
core   0: 0x800027ee (0x00001d71) c.addi  s10, -4
core   0: 3 0x800027ee (0x1d71) x26 0x8ffffffc
core   0: 0x800027f0 (0x00006605) c.lui   a2, 0x1
core   0: 3 0x800027f0 (0x6605) x12 0x00001000
core   0: 0x800027f2 (0xb8860613) addi    a2, a2, -1144
core   0: 3 0x800027f2 (0xb8860613) x12 0x00000b88
core   0: 0x800027f6 (0x00000622) c.slli  a2, 8
core   0: 3 0x800027f6 (0x0622) x12 0x000b8800
core   0: 0x800027f8 (0x0000060d) c.addi  a2, 3
core   0: 3 0x800027f8 (0x060d) x12 0x000b8803
core   0: 0x800027fa (0x00cd2023) sw      a2, 0(s10)
core   0: 3 0x800027fa (0x00cd2023) mem 0x8ffffffc 0x000b8803
core   0: 0x800027fe (0xb8802673) csrr    a2, mhpmcounter8h
core   0: 3 0x800027fe (0xb8802673) x12 0x00000000
core   0: 0x80002802 (0x00cd2023) sw      a2, 0(s10)
core   0: 3 0x80002802 (0x00cd2023) mem 0x8ffffffc 0x00000000
core   0: 0x80002806 (0x90000d37) lui     s10, 0x90000
core   0: 3 0x80002806 (0x90000d37) x26 0x90000000
core   0: 0x8000280a (0x00001d71) c.addi  s10, -4
core   0: 3 0x8000280a (0x1d71) x26 0x8ffffffc
core   0: 0x8000280c (0x00006605) c.lui   a2, 0x1
core   0: 3 0x8000280c (0x6605) x12 0x00001000
core   0: 0x8000280e (0xb0960613) addi    a2, a2, -1271
core   0: 3 0x8000280e (0xb0960613) x12 0x00000b09
core   0: 0x80002812 (0x00000622) c.slli  a2, 8
core   0: 3 0x80002812 (0x0622) x12 0x000b0900
core   0: 0x80002814 (0x0000060d) c.addi  a2, 3
core   0: 3 0x80002814 (0x060d) x12 0x000b0903
core   0: 0x80002816 (0x00cd2023) sw      a2, 0(s10)
core   0: 3 0x80002816 (0x00cd2023) mem 0x8ffffffc 0x000b0903
core   0: 0x8000281a (0xb0902673) csrr    a2, mhpmcounter9
core   0: 3 0x8000281a (0xb0902673) x12 0x00000075
core   0: 0x8000281e (0x00cd2023) sw      a2, 0(s10)
core   0: 3 0x8000281e (0x00cd2023) mem 0x8ffffffc 0x00000075
core   0: 0x80002822 (0x90000d37) lui     s10, 0x90000
core   0: 3 0x80002822 (0x90000d37) x26 0x90000000
core   0: 0x80002826 (0x00001d71) c.addi  s10, -4
core   0: 3 0x80002826 (0x1d71) x26 0x8ffffffc
core   0: 0x80002828 (0x00006605) c.lui   a2, 0x1
core   0: 3 0x80002828 (0x6605) x12 0x00001000
core   0: 0x8000282a (0xb8960613) addi    a2, a2, -1143
core   0: 3 0x8000282a (0xb8960613) x12 0x00000b89
core   0: 0x8000282e (0x00000622) c.slli  a2, 8
core   0: 3 0x8000282e (0x0622) x12 0x000b8900
core   0: 0x80002830 (0x0000060d) c.addi  a2, 3
core   0: 3 0x80002830 (0x060d) x12 0x000b8903
core   0: 0x80002832 (0x00cd2023) sw      a2, 0(s10)
core   0: 3 0x80002832 (0x00cd2023) mem 0x8ffffffc 0x000b8903
core   0: 0x80002836 (0xb8902673) csrr    a2, mhpmcounter9h
core   0: 3 0x80002836 (0xb8902673) x12 0x00000000
core   0: 0x8000283a (0x00cd2023) sw      a2, 0(s10)
core   0: 3 0x8000283a (0x00cd2023) mem 0x8ffffffc 0x00000000
core   0: 0x8000283e (0x90000d37) lui     s10, 0x90000
core   0: 3 0x8000283e (0x90000d37) x26 0x90000000
core   0: 0x80002842 (0x00001d71) c.addi  s10, -4
core   0: 3 0x80002842 (0x1d71) x26 0x8ffffffc
core   0: 0x80002844 (0x00006605) c.lui   a2, 0x1
core   0: 3 0x80002844 (0x6605) x12 0x00001000
core   0: 0x80002846 (0xb0a60613) addi    a2, a2, -1270
core   0: 3 0x80002846 (0xb0a60613) x12 0x00000b0a
core   0: 0x8000284a (0x00000622) c.slli  a2, 8
core   0: 3 0x8000284a (0x0622) x12 0x000b0a00
core   0: 0x8000284c (0x0000060d) c.addi  a2, 3
core   0: 3 0x8000284c (0x060d) x12 0x000b0a03
core   0: 0x8000284e (0x00cd2023) sw      a2, 0(s10)
core   0: 3 0x8000284e (0x00cd2023) mem 0x8ffffffc 0x000b0a03
core   0: 0x80002852 (0xb0a02673) csrr    a2, mhpmcounter10
core   0: 3 0x80002852 (0xb0a02673) x12 0x0000055f
core   0: 0x80002856 (0x00cd2023) sw      a2, 0(s10)
core   0: 3 0x80002856 (0x00cd2023) mem 0x8ffffffc 0x0000055f
core   0: 0x8000285a (0x90000d37) lui     s10, 0x90000
core   0: 3 0x8000285a (0x90000d37) x26 0x90000000
core   0: 0x8000285e (0x00001d71) c.addi  s10, -4
core   0: 3 0x8000285e (0x1d71) x26 0x8ffffffc
core   0: 0x80002860 (0x00006605) c.lui   a2, 0x1
core   0: 3 0x80002860 (0x6605) x12 0x00001000
core   0: 0x80002862 (0xb8a60613) addi    a2, a2, -1142
core   0: 3 0x80002862 (0xb8a60613) x12 0x00000b8a
core   0: 0x80002866 (0x00000622) c.slli  a2, 8
core   0: 3 0x80002866 (0x0622) x12 0x000b8a00
core   0: 0x80002868 (0x0000060d) c.addi  a2, 3
core   0: 3 0x80002868 (0x060d) x12 0x000b8a03
core   0: 0x8000286a (0x00cd2023) sw      a2, 0(s10)
core   0: 3 0x8000286a (0x00cd2023) mem 0x8ffffffc 0x000b8a03
core   0: 0x8000286e (0xb8a02673) csrr    a2, mhpmcounter10h
core   0: 3 0x8000286e (0xb8a02673) x12 0x00000000
core   0: 0x80002872 (0x00cd2023) sw      a2, 0(s10)
core   0: 3 0x80002872 (0x00cd2023) mem 0x8ffffffc 0x00000000
core   0: 0x80002876 (0x90000d37) lui     s10, 0x90000
core   0: 3 0x80002876 (0x90000d37) x26 0x90000000
core   0: 0x8000287a (0x00001d71) c.addi  s10, -4
core   0: 3 0x8000287a (0x1d71) x26 0x8ffffffc
core   0: 0x8000287c (0x00006605) c.lui   a2, 0x1
core   0: 3 0x8000287c (0x6605) x12 0x00001000
core   0: 0x8000287e (0xb0b60613) addi    a2, a2, -1269
core   0: 3 0x8000287e (0xb0b60613) x12 0x00000b0b
core   0: 0x80002882 (0x00000622) c.slli  a2, 8
core   0: 3 0x80002882 (0x0622) x12 0x000b0b00
core   0: 0x80002884 (0x0000060d) c.addi  a2, 3
core   0: 3 0x80002884 (0x060d) x12 0x000b0b03
core   0: 0x80002886 (0x00cd2023) sw      a2, 0(s10)
core   0: 3 0x80002886 (0x00cd2023) mem 0x8ffffffc 0x000b0b03
core   0: 0x8000288a (0xb0b02673) csrr    a2, mhpmcounter11
core   0: 3 0x8000288a (0xb0b02673) x12 0x00000061
core   0: 0x8000288e (0x00cd2023) sw      a2, 0(s10)
core   0: 3 0x8000288e (0x00cd2023) mem 0x8ffffffc 0x00000061
core   0: 0x80002892 (0x90000d37) lui     s10, 0x90000
core   0: 3 0x80002892 (0x90000d37) x26 0x90000000
core   0: 0x80002896 (0x00001d71) c.addi  s10, -4
core   0: 3 0x80002896 (0x1d71) x26 0x8ffffffc
core   0: 0x80002898 (0x00006605) c.lui   a2, 0x1
core   0: 3 0x80002898 (0x6605) x12 0x00001000
core   0: 0x8000289a (0xb8b60613) addi    a2, a2, -1141
core   0: 3 0x8000289a (0xb8b60613) x12 0x00000b8b
core   0: 0x8000289e (0x00000622) c.slli  a2, 8
core   0: 3 0x8000289e (0x0622) x12 0x000b8b00
core   0: 0x800028a0 (0x0000060d) c.addi  a2, 3
core   0: 3 0x800028a0 (0x060d) x12 0x000b8b03
core   0: 0x800028a2 (0x00cd2023) sw      a2, 0(s10)
core   0: 3 0x800028a2 (0x00cd2023) mem 0x8ffffffc 0x000b8b03
core   0: 0x800028a6 (0xb8b02673) csrr    a2, mhpmcounter11h
core   0: 3 0x800028a6 (0xb8b02673) x12 0x00000000
core   0: 0x800028aa (0x00cd2023) sw      a2, 0(s10)
core   0: 3 0x800028aa (0x00cd2023) mem 0x8ffffffc 0x00000000
core   0: 0x800028ae (0x90000d37) lui     s10, 0x90000
core   0: 3 0x800028ae (0x90000d37) x26 0x90000000
core   0: 0x800028b2 (0x00001d71) c.addi  s10, -4
core   0: 3 0x800028b2 (0x1d71) x26 0x8ffffffc
core   0: 0x800028b4 (0x00006605) c.lui   a2, 0x1
core   0: 3 0x800028b4 (0x6605) x12 0x00001000
core   0: 0x800028b6 (0xb0c60613) addi    a2, a2, -1268
core   0: 3 0x800028b6 (0xb0c60613) x12 0x00000b0c
core   0: 0x800028ba (0x00000622) c.slli  a2, 8
core   0: 3 0x800028ba (0x0622) x12 0x000b0c00
core   0: 0x800028bc (0x0000060d) c.addi  a2, 3
core   0: 3 0x800028bc (0x060d) x12 0x000b0c03
core   0: 0x800028be (0x00cd2023) sw      a2, 0(s10)
core   0: 3 0x800028be (0x00cd2023) mem 0x8ffffffc 0x000b0c03
core   0: 0x800028c2 (0xb0c02673) csrr    a2, mhpmcounter12
core   0: 3 0x800028c2 (0xb0c02673) x12 0x00000ab4
core   0: 0x800028c6 (0x00cd2023) sw      a2, 0(s10)
core   0: 3 0x800028c6 (0x00cd2023) mem 0x8ffffffc 0x00000ab4
core   0: 0x800028ca (0x90000d37) lui     s10, 0x90000
core   0: 3 0x800028ca (0x90000d37) x26 0x90000000
core   0: 0x800028ce (0x00001d71) c.addi  s10, -4
core   0: 3 0x800028ce (0x1d71) x26 0x8ffffffc
core   0: 0x800028d0 (0x00006605) c.lui   a2, 0x1
core   0: 3 0x800028d0 (0x6605) x12 0x00001000
core   0: 0x800028d2 (0xb8c60613) addi    a2, a2, -1140
core   0: 3 0x800028d2 (0xb8c60613) x12 0x00000b8c
core   0: 0x800028d6 (0x00000622) c.slli  a2, 8
core   0: 3 0x800028d6 (0x0622) x12 0x000b8c00
core   0: 0x800028d8 (0x0000060d) c.addi  a2, 3
core   0: 3 0x800028d8 (0x060d) x12 0x000b8c03
core   0: 0x800028da (0x00cd2023) sw      a2, 0(s10)
core   0: 3 0x800028da (0x00cd2023) mem 0x8ffffffc 0x000b8c03
core   0: 0x800028de (0xb8c02673) csrr    a2, mhpmcounter12h
core   0: 3 0x800028de (0xb8c02673) x12 0x00000000
core   0: 0x800028e2 (0x00cd2023) sw      a2, 0(s10)
core   0: 3 0x800028e2 (0x00cd2023) mem 0x8ffffffc 0x00000000
core   0: 0x800028e6 (0xffffd617) auipc   a2, 0xffffd
core   0: 3 0x800028e6 (0xffffd617) x12 0x7ffff8e6
core   0: 0x800028ea (0x79a60613) addi    a2, a2, 1946
core   0: 3 0x800028ea (0x79a60613) x12 0x80000080
core   0: 0x800028ee (0x00062023) sw      zero, 0(a2)
core   0: 3 0x800028ee (0x00062023) mem 0x80000080 0x00000000
core   0: 0x800028f2 (0x00162223) sw      ra, 4(a2)
core   0: 3 0x800028f2 (0x00162223) mem 0x80000084 0x000001b0
core   0: 0x800028f6 (0x00262423) sw      sp, 8(a2)
core   0: 3 0x800028f6 (0x00262423) mem 0x80000088 0x000001f0
core   0: 0x800028fa (0x00362623) sw      gp, 12(a2)
core   0: 3 0x800028fa (0x00362623) mem 0x8000008c 0x00000000
core   0: 0x800028fe (0x00462823) sw      tp, 16(a2)
core   0: 3 0x800028fe (0x00462823) mem 0x80000090 0x00000000
core   0: 0x80002902 (0x00562a23) sw      t0, 20(a2)
core   0: 3 0x80002902 (0x00562a23) mem 0x80000094 0x8001ee64
core   0: 0x80002906 (0x00662c23) sw      t1, 24(a2)
core   0: 3 0x80002906 (0x00662c23) mem 0x80000098 0x00000000
core   0: 0x8000290a (0x00762e23) sw      t2, 28(a2)
core   0: 3 0x8000290a (0x00762e23) mem 0x8000009c 0xfffff985
core   0: 0x8000290e (0x0000d200) c.sw    s0, 32(a2)
core   0: 3 0x8000290e (0xd200) mem 0x800000a0 0x00000000
core   0: 0x80002910 (0x0000d244) c.sw    s1, 36(a2)
core   0: 3 0x80002910 (0xd244) mem 0x800000a4 0x80022c60
core   0: 0x80002912 (0x0000d608) c.sw    a0, 40(a2)
core   0: 3 0x80002912 (0xd608) mem 0x800000a8 0x00000000
core   0: 0x80002914 (0x0000d64c) c.sw    a1, 44(a2)
core   0: 3 0x80002914 (0xd64c) mem 0x800000ac 0x8000035e
core   0: 0x80002916 (0x0000da10) c.sw    a2, 48(a2)
core   0: 3 0x80002916 (0xda10) mem 0x800000b0 0x80000080
core   0: 0x80002918 (0x0000da54) c.sw    a3, 52(a2)
core   0: 3 0x80002918 (0xda54) mem 0x800000b4 0xffffffff
core   0: 0x8000291a (0x0000de18) c.sw    a4, 56(a2)
core   0: 3 0x8000291a (0xde18) mem 0x800000b8 0x00000000
core   0: 0x8000291c (0x0000de5c) c.sw    a5, 60(a2)
core   0: 3 0x8000291c (0xde5c) mem 0x800000bc 0xffffffff
core   0: 0x8000291e (0x05062023) sw      a6, 64(a2)
core   0: 3 0x8000291e (0x05062023) mem 0x800000c0 0x10004500
core   0: 0x80002922 (0x05162223) sw      a7, 68(a2)
core   0: 3 0x80002922 (0x05162223) mem 0x800000c4 0x00000001
core   0: 0x80002926 (0x05262423) sw      s2, 72(a2)
core   0: 3 0x80002926 (0x05262423) mem 0x800000c8 0x00000000
core   0: 0x8000292a (0x05362623) sw      s3, 76(a2)
core   0: 3 0x8000292a (0x05362623) mem 0x800000cc 0x00000000
core   0: 0x8000292e (0x05462823) sw      s4, 80(a2)
core   0: 3 0x8000292e (0x05462823) mem 0x800000d0 0x000001b1
core   0: 0x80002932 (0x05562a23) sw      s5, 84(a2)
core   0: 3 0x80002932 (0x05562a23) mem 0x800000d4 0x00000000
core   0: 0x80002936 (0x05662c23) sw      s6, 88(a2)
core   0: 3 0x80002936 (0x05662c23) mem 0x800000d8 0x00000000
core   0: 0x8000293a (0x05762e23) sw      s7, 92(a2)
core   0: 3 0x8000293a (0x05762e23) mem 0x800000dc 0x000000f2
core   0: 0x8000293e (0x07862023) sw      s8, 96(a2)
core   0: 3 0x8000293e (0x07862023) mem 0x800000e0 0x1000459c
core   0: 0x80002942 (0x07962223) sw      s9, 100(a2)
core   0: 3 0x80002942 (0x07962223) mem 0x800000e4 0x00000000
core   0: 0x80002946 (0x07a62423) sw      s10, 104(a2)
core   0: 3 0x80002946 (0x07a62423) mem 0x800000e8 0x8ffffffc
core   0: 0x8000294a (0x07b62623) sw      s11, 108(a2)
core   0: 3 0x8000294a (0x07b62623) mem 0x800000ec 0x00000001
core   0: 0x8000294e (0x07c62823) sw      t3, 112(a2)
core   0: 3 0x8000294e (0x07c62823) mem 0x800000f0 0x00000001
core   0: 0x80002952 (0x07d62a23) sw      t4, 116(a2)
core   0: 3 0x80002952 (0x07d62a23) mem 0x800000f4 0x00000000
core   0: 0x80002956 (0x07e62c23) sw      t5, 120(a2)
core   0: 3 0x80002956 (0x07e62c23) mem 0x800000f8 0x80022c60
core   0: 0x8000295a (0x07f62e23) sw      t6, 124(a2)
core   0: 3 0x8000295a (0x07f62e23) mem 0x800000fc 0xcf411000
core   0: 0x8000295e (0x34102673) csrr    a2, mepc
core   0: 3 0x8000295e (0x34102673) x12 0x8000036e
core   0: 0x80002962 (0x00000611) c.addi  a2, 4
core   0: 3 0x80002962 (0x0611) x12 0x80000372
core   0: 0x80002964 (0x34161073) csrw    mepc, a2
core   0: 3 0x80002964 (0x34161073) c833_mepc 0x80000372
core   0: 0x80002968 (0x30200073) mret
core   0: 3 0x80002968 (0x30200073) c768_mstatus 0x00000080
