Time	Cycle	PC	Insn	Decoded instruction	Register and memory contents
        2299000	        13	80000080	40001637	lui	x12,0x40001	 x12=0x40001000
        2319000	        14	80000084	10660613	addi	x12,x12,262	 x12:0x40001000 x12=0x40001106
        2759000	        36	80000088	30161073	csrrw	x0,misa,x12	 x12:0x40001106  x0=0x00000000
        2819000	        39	8000008c	00023f17	auipc	x30,0x23	 x30=0x8002308c
        3139000	        55	80000090	c58f0f13	addi	x30,x30,-936	 x30:0x8002308c x30=0x80022ce4
        3159000	        56	80000094	00002617	auipc	x12,0x2	 x12=0x80002094
        3179000	        57	80000098	46c60613	addi	x12,x12,1132	 x12:0x80002094 x12=0x80002500
        3199000	        58	8000009c	00166613	ori	x12,x12,1	 x12:0x80002500 x12=0x80002501
        3379000	        67	800000a0	30561073	csrrw	x0,mtvec,x12	 x12:0x80002501  x0=0x00000000
        3559000	        76	800000a4	74725073	csrrwi	x0,0x747,4	  x0=0x00000000
        3719000	        84	800000a8	00003597	auipc	x11,0x3	 x11=0x800030a8
        4139000	       105	800000ac	18c58593	addi	x11,x11,396	 x11:0x800030a8 x11=0x80003234
        4419000	       119	800000b0	4601	c.li	x12,0	 x12=0x00000000
        4439000	       120	800000b2	95b2	c.add	x11,x12	 x11:0x80003234 x12:0x00000000 x11=0x80003234
        4459000	       121	800000b4	8189	c.srli	x11,0x2	 x11:0x80003234 x11=0x20000c8d
        4479000	       122	800000b6	3b059073	csrrw	x0,pmpaddr0,x11	 x11:0x20000c8d  x0=0x00000000
        4539000	       125	800000ba	00003597	auipc	x11,0x3	 x11=0x800030ba
        4559000	       126	800000be	17a58593	addi	x11,x11,378	 x11:0x800030ba x11=0x80003234
        4819000	       139	800000c2	11111637	lui	x12,0x11111	 x12=0x11111000
        5239000	       160	800000c6	11160613	addi	x12,x12,273	 x12:0x11111000 x12=0x11111111
        5259000	       161	800000ca	95b2	c.add	x11,x12	 x11:0x80003234 x12:0x11111111 x11=0x91114345
        5659000	       181	800000cc	8189	c.srli	x11,0x2	 x11:0x91114345 x11=0x244450d1
        5679000	       182	800000ce	3b159073	csrrw	x0,pmpaddr1,x11	 x11:0x244450d1  x0=0x00000000
        5799000	       188	800000d2	00003597	auipc	x11,0x3	 x11=0x800030d2
        5819000	       189	800000d6	16258593	addi	x11,x11,354	 x11:0x800030d2 x11=0x80003234
        5839000	       190	800000da	22222637	lui	x12,0x22222	 x12=0x22222000
        5879000	       192	800000de	22260613	addi	x12,x12,546	 x12:0x22222000 x12=0x22222222
        5899000	       193	800000e2	95b2	c.add	x11,x12	 x11:0x80003234 x12:0x22222222 x11=0xa2225456
        6079000	       202	800000e4	8189	c.srli	x11,0x2	 x11:0xa2225456 x11=0x28889515
        6119000	       204	800000e6	3b259073	csrrw	x0,pmpaddr2,x11	 x11:0x28889515  x0=0x00000000
        6179000	       207	800000ea	00003597	auipc	x11,0x3	 x11=0x800030ea
        6199000	       208	800000ee	14a58593	addi	x11,x11,330	 x11:0x800030ea x11=0x80003234
        6359000	       216	800000f2	33333637	lui	x12,0x33333	 x12=0x33333000
        6779000	       237	800000f6	33360613	addi	x12,x12,819	 x12:0x33333000 x12=0x33333333
        6799000	       238	800000fa	95b2	c.add	x11,x12	 x11:0x80003234 x12:0x33333333 x11=0xb3336567
        6819000	       239	800000fc	8189	c.srli	x11,0x2	 x11:0xb3336567 x11=0x2cccd959
        6839000	       240	800000fe	3b359073	csrrw	x0,pmpaddr3,x11	 x11:0x2cccd959  x0=0x00000000
        6899000	       243	80000102	0f0f15b7	lui	x11,0xf0f1	 x11=0x0f0f1000
        6919000	       244	80000106	f0f58593	addi	x11,x11,-241	 x11:0x0f0f1000 x11=0x0f0f0f0f
        7039000	       250	8000010a	3a059073	csrrw	x0,pmpcfg0,x11	 x11:0x0f0f0f0f  x0=0x00000000
        7159000	       256	8000010e	00003597	auipc	x11,0x3	 x11=0x8000310e
        7579000	       277	80000112	12658593	addi	x11,x11,294	 x11:0x8000310e x11=0x80003234
        7679000	       282	80000116	44444637	lui	x12,0x44444	 x12=0x44444000
        7699000	       283	8000011a	44460613	addi	x12,x12,1092	 x12:0x44444000 x12=0x44444444
        7719000	       284	8000011e	95b2	c.add	x11,x12	 x11:0x80003234 x12:0x44444444 x11=0xc4447678
        8079000	       302	80000120	8189	c.srli	x11,0x2	 x11:0xc4447678 x11=0x31111d9e
        8279000	       312	80000122	3b459073	csrrw	x0,pmpaddr4,x11	 x11:0x31111d9e  x0=0x00000000
        8699000	       333	80000126	00003597	auipc	x11,0x3	 x11=0x80003126
        8719000	       334	8000012a	10e58593	addi	x11,x11,270	 x11:0x80003126 x11=0x80003234
        9139000	       355	8000012e	55555637	lui	x12,0x55555	 x12=0x55555000
        9159000	       356	80000132	55560613	addi	x12,x12,1365	 x12:0x55555000 x12=0x55555555
        9179000	       357	80000136	95b2	c.add	x11,x12	 x11:0x80003234 x12:0x55555555 x11=0xd5558789
        9199000	       358	80000138	8189	c.srli	x11,0x2	 x11:0xd5558789 x11=0x355561e2
        9359000	       366	8000013a	3b559073	csrrw	x0,pmpaddr5,x11	 x11:0x355561e2  x0=0x00000000
        9419000	       369	8000013e	00003597	auipc	x11,0x3	 x11=0x8000313e
        9439000	       370	80000142	0f658593	addi	x11,x11,246	 x11:0x8000313e x11=0x80003234
        9539000	       375	80000146	66666637	lui	x12,0x66666	 x12=0x66666000
        9959000	       396	8000014a	66660613	addi	x12,x12,1638	 x12:0x66666000 x12=0x66666666
        9979000	       397	8000014e	95b2	c.add	x11,x12	 x11:0x80003234 x12:0x66666666 x11=0xe666989a
        9999000	       398	80000150	8189	c.srli	x11,0x2	 x11:0xe666989a x11=0x3999a626
       10039000	       400	80000152	3b659073	csrrw	x0,pmpaddr6,x11	 x11:0x3999a626  x0=0x00000000
       10419000	       419	80000156	00003597	auipc	x11,0x3	 x11=0x80003156
       10819000	       439	8000015a	0de58593	addi	x11,x11,222	 x11:0x80003156 x11=0x80003234
       10919000	       444	8000015e	77777637	lui	x12,0x77777	 x12=0x77777000
       11339000	       465	80000162	77760613	addi	x12,x12,1911	 x12:0x77777000 x12=0x77777777
       11359000	       466	80000166	95b2	c.add	x11,x12	 x11:0x80003234 x12:0x77777777 x11=0xf777a9ab
       11379000	       467	80000168	8189	c.srli	x11,0x2	 x11:0xf777a9ab x11=0x3dddea6a
       11399000	       468	8000016a	3b759073	csrrw	x0,pmpaddr7,x11	 x11:0x3dddea6a  x0=0x00000000
       11819000	       489	8000016e	0f0f15b7	lui	x11,0xf0f1	 x11=0x0f0f1000
       11839000	       490	80000172	f0f58593	addi	x11,x11,-241	 x11:0x0f0f1000 x11=0x0f0f0f0f
       11859000	       491	80000176	3a159073	csrrw	x0,pmpcfg1,x11	 x11:0x0f0f0f0f  x0=0x00000000
       11919000	       494	8000017a	00003597	auipc	x11,0x3	 x11=0x8000317a
       11939000	       495	8000017e	0ba58593	addi	x11,x11,186	 x11:0x8000317a x11=0x80003234
       12319000	       514	80000182	88889637	lui	x12,0x88889	 x12=0x88889000
       12419000	       519	80000186	88860613	addi	x12,x12,-1912	 x12:0x88889000 x12=0x88888888
       12439000	       520	8000018a	95b2	c.add	x11,x12	 x11:0x80003234 x12:0x88888888 x11=0x0888babc
       12459000	       521	8000018c	8189	c.srli	x11,0x2	 x11:0x0888babc x11=0x02222eaf
       12559000	       526	8000018e	3b859073	csrrw	x0,pmpaddr8,x11	 x11:0x02222eaf  x0=0x00000000
       12979000	       547	80000192	00003597	auipc	x11,0x3	 x11=0x80003192
       12999000	       548	80000196	0a258593	addi	x11,x11,162	 x11:0x80003192 x11=0x80003234
       13019000	       549	8000019a	9999a637	lui	x12,0x9999a	 x12=0x9999a000
       13119000	       554	8000019e	99960613	addi	x12,x12,-1639	 x12:0x9999a000 x12=0x99999999
       13139000	       555	800001a2	95b2	c.add	x11,x12	 x11:0x80003234 x12:0x99999999 x11=0x1999cbcd
       13159000	       556	800001a4	8189	c.srli	x11,0x2	 x11:0x1999cbcd x11=0x066672f3
       13579000	       577	800001a6	3b959073	csrrw	x0,pmpaddr9,x11	 x11:0x066672f3  x0=0x00000000
       13639000	       580	800001aa	00003597	auipc	x11,0x3	 x11=0x800031aa
       13659000	       581	800001ae	08a58593	addi	x11,x11,138	 x11:0x800031aa x11=0x80003234
       13899000	       593	800001b2	aaaab637	lui	x12,0xaaaab	 x12=0xaaaab000
       13919000	       594	800001b6	aaa60613	addi	x12,x12,-1366	 x12:0xaaaab000 x12=0xaaaaaaaa
       13939000	       595	800001ba	95b2	c.add	x11,x12	 x11:0x80003234 x12:0xaaaaaaaa x11=0x2aaadcde
       13959000	       596	800001bc	8189	c.srli	x11,0x2	 x11:0x2aaadcde x11=0x0aaab737
       13979000	       597	800001be	3ba59073	csrrw	x0,pmpaddr10,x11	 x11:0x0aaab737  x0=0x00000000
       14039000	       600	800001c2	00003597	auipc	x11,0x3	 x11=0x800031c2
       14179000	       607	800001c6	07258593	addi	x11,x11,114	 x11:0x800031c2 x11=0x80003234
       14359000	       616	800001ca	bbbbc637	lui	x12,0xbbbbc	 x12=0xbbbbc000
       14539000	       625	800001ce	bbb60613	addi	x12,x12,-1093	 x12:0xbbbbc000 x12=0xbbbbbbbb
       14559000	       626	800001d2	95b2	c.add	x11,x12	 x11:0x80003234 x12:0xbbbbbbbb x11=0x3bbbedef
       14599000	       628	800001d4	8189	c.srli	x11,0x2	 x11:0x3bbbedef x11=0x0eeefb7b
       14679000	       632	800001d6	3bb59073	csrrw	x0,pmpaddr11,x11	 x11:0x0eeefb7b  x0=0x00000000
       14779000	       637	800001da	0f0f15b7	lui	x11,0xf0f1	 x11=0x0f0f1000
       15079000	       652	800001de	f0f58593	addi	x11,x11,-241	 x11:0x0f0f1000 x11=0x0f0f0f0f
       15319000	       664	800001e2	3a259073	csrrw	x0,pmpcfg2,x11	 x11:0x0f0f0f0f  x0=0x00000000
       15379000	       667	800001e6	00003597	auipc	x11,0x3	 x11=0x800031e6
       15399000	       668	800001ea	04e58593	addi	x11,x11,78	 x11:0x800031e6 x11=0x80003234
       15419000	       669	800001ee	ccccd637	lui	x12,0xccccd	 x12=0xccccd000
       15439000	       670	800001f2	ccc60613	addi	x12,x12,-820	 x12:0xccccd000 x12=0xcccccccc
       15459000	       671	800001f6	95b2	c.add	x11,x12	 x11:0x80003234 x12:0xcccccccc x11=0x4cccff00
       15559000	       676	800001f8	8189	c.srli	x11,0x2	 x11:0x4cccff00 x11=0x13333fc0
       15679000	       682	800001fa	3bc59073	csrrw	x0,pmpaddr12,x11	 x11:0x13333fc0  x0=0x00000000
       15759000	       686	800001fe	00003597	auipc	x11,0x3	 x11=0x800031fe
       15779000	       687	80000202	03658593	addi	x11,x11,54	 x11:0x800031fe x11=0x80003234
       15959000	       696	80000206	dddde637	lui	x12,0xdddde	 x12=0xdddde000
       16019000	       699	8000020a	ddd60613	addi	x12,x12,-547	 x12:0xdddde000 x12=0xdddddddd
       16039000	       700	8000020e	95b2	c.add	x11,x12	 x11:0x80003234 x12:0xdddddddd x11=0x5dde1011
       16059000	       701	80000210	8189	c.srli	x11,0x2	 x11:0x5dde1011 x11=0x17778404
       16079000	       702	80000212	3bd59073	csrrw	x0,pmpaddr13,x11	 x11:0x17778404  x0=0x00000000
       16479000	       722	80000216	00003597	auipc	x11,0x3	 x11=0x80003216
       16619000	       729	8000021a	01e58593	addi	x11,x11,30	 x11:0x80003216 x11=0x80003234
       16979000	       747	8000021e	eeeef637	lui	x12,0xeeeef	 x12=0xeeeef000
       17099000	       753	80000222	eee60613	addi	x12,x12,-274	 x12:0xeeeef000 x12=0xeeeeeeee
       17119000	       754	80000226	95b2	c.add	x11,x12	 x11:0x80003234 x12:0xeeeeeeee x11=0x6eef2122
       17519000	       774	80000228	8189	c.srli	x11,0x2	 x11:0x6eef2122 x11=0x1bbbc848
       17539000	       775	8000022a	3be59073	csrrw	x0,pmpaddr14,x11	 x11:0x1bbbc848  x0=0x00000000
       17899000	       793	8000022e	00003597	auipc	x11,0x3	 x11=0x8000322e
       17919000	       794	80000232	00658593	addi	x11,x11,6	 x11:0x8000322e x11=0x80003234
       18039000	       800	80000236	fff00613	addi	x12,x0,-1	  x0:0x00000000 x12=0xffffffff
       18059000	       801	8000023a	95b2	c.add	x11,x12	 x11:0x80003234 x12:0xffffffff x11=0x80003233
       18079000	       802	8000023c	8189	c.srli	x11,0x2	 x11:0x80003233 x11=0x20000c8c
       18099000	       803	8000023e	3bf59073	csrrw	x0,pmpaddr15,x11	 x11:0x20000c8c  x0=0x00000000
       18159000	       806	80000242	0f0f15b7	lui	x11,0xf0f1	 x11=0x0f0f1000
       18179000	       807	80000246	f0f58593	addi	x11,x11,-241	 x11:0x0f0f1000 x11=0x0f0f0f0f
       18319000	       814	8000024a	3a359073	csrrw	x0,pmpcfg3,x11	 x11:0x0f0f0f0f  x0=0x00000000
       18419000	       819	8000024e	00000617	auipc	x12,0x0	 x12=0x8000024e
       18439000	       820	80000252	06060613	addi	x12,x12,96	 x12:0x8000024e x12=0x800002ae
       18459000	       821	80000256	34161073	csrrw	x0,mepc,x12	 x12:0x800002ae  x0=0x00000000
       18759000	       836	8000025a	7c00d073	csrrwi	x0,0x7c0,1	  x0=0x00000000
       18819000	       839	8000025e	4601	c.li	x12,0	 x12=0x00000000
       19179000	       857	80000260	30061073	csrrw	x0,mstatus,x12	 x12:0x00000000  x0=0x00000000
       19239000	       860	80000264	4601	c.li	x12,0	 x12=0x00000000
       19259000	       861	80000266	30461073	csrrw	x0,mie,x12	 x12:0x00000000  x0=0x00000000
       19319000	       864	8000026a	90000d37	lui	x26,0x90000	 x26=0x90000000
       19339000	       865	8000026e	1d71	c.addi	x26,-4	 x26:0x90000000 x26=0x8ffffffc
       19359000	       866	80000270	90000d37	lui	x26,0x90000	 x26=0x90000000
       19379000	       867	80000274	1d71	c.addi	x26,-4	 x26:0x90000000 x26=0x8ffffffc
       19399000	       868	80000276	90000d37	lui	x26,0x90000	 x26=0x90000000
       19419000	       869	8000027a	1d71	c.addi	x26,-4	 x26:0x90000000 x26=0x8ffffffc
       19499000	       873	8000027c	30000613	addi	x12,x0,768	  x0:0x00000000 x12=0x00000300
       19679000	       882	80000280	0622	c.slli	x12,0x8	 x12:0x00000300 x12=0x00030000
       19699000	       883	80000282	060d	c.addi	x12,3	 x12:0x00030000 x12=0x00030003
       19759000	       886	80000284	00cd2023	sw	x12,0(x26)	 x26:0x8ffffffc x12:0x00030003 PA:0x8ffffffc store:0x00030003 load:0xffffffff
       19779000	       887	80000288	30002673	csrrs	x12,mstatus,x0	  x0:0x00000000 x12=0x00000000
       20159000	       906	8000028c	00cd2023	sw	x12,0(x26)	 x26:0x8ffffffc x12:0x00000000 PA:0x8ffffffc store:0x00000000 load:0xffffffff
       20299000	       913	80000290	90000d37	lui	x26,0x90000	 x26=0x90000000
       20319000	       914	80000294	1d71	c.addi	x26,-4	 x26:0x90000000 x26=0x8ffffffc
       20339000	       915	80000296	30400613	addi	x12,x0,772	  x0:0x00000000 x12=0x00000304
       20359000	       916	8000029a	0622	c.slli	x12,0x8	 x12:0x00000304 x12=0x00030400
       20379000	       917	8000029c	060d	c.addi	x12,3	 x12:0x00030400 x12=0x00030403
       20879000	       942	8000029e	00cd2023	sw	x12,0(x26)	 x26:0x8ffffffc x12:0x00030403 PA:0x8ffffffc store:0x00030403 load:0xffffffff
       20899000	       943	800002a2	30402673	csrrs	x12,mie,x0	  x0:0x00000000 x12=0x00000000
       21099000	       953	800002a6	00cd2023	sw	x12,0(x26)	 x26:0x8ffffffc x12:0x00000000 PA:0x8ffffffc store:0x00000000 load:0xffffffff
       21119000	       954	800002aa	30200073	mret	
       21199000	       958	800002ae	00300013	addi	x0,x0,3	  x0:0x00000000  x0=0x00000000
       21219000	       959	800002b2	4099	c.li	x1,6	  x1=0x00000006
       21239000	       960	800002b4	cf4b5137	lui	x2,0xcf4b5	  x2=0xcf4b5000
       21279000	       962	800002b8	e8e10113	addi	x2,x2,-370	  x2:0xcf4b5000  x2=0xcf4b4e8e
       21299000	       963	800002bc	4181	c.li	x3,0	  x3=0x00000000
       22039000	      1000	800002be	ed36d237	lui	x4,0xed36d	  x4=0xed36d000
       22459000	      1021	800002c2	41220213	addi	x4,x4,1042	  x4:0xed36d000  x4=0xed36d412
       22479000	      1022	800002c6	1b5082b7	lui	x5,0x1b508	  x5=0x1b508000
       22539000	      1025	800002ca	9c028293	addi	x5,x5,-1600	  x5:0x1b508000  x5=0x1b5079c0
       22599000	      1028	800002ce	ff61d337	lui	x6,0xff61d	  x6=0xff61d000
       22619000	      1029	800002d2	cf830313	addi	x6,x6,-776	  x6:0xff61d000  x6=0xff61ccf8
       22679000	      1032	800002d6	800003b7	lui	x7,0x80000	  x7=0x80000000
       22959000	      1046	800002da	f7434437	lui	x8,0xf7434	  x8=0xf7434000
       23099000	      1053	800002de	bf540413	addi	x8,x8,-1035	  x8:0xf7434000  x8=0xf7433bf5
       23419000	      1069	800002e2	80000537	lui	x10,0x80000	 x10=0x80000000
       23439000	      1070	800002e6	894eb5b7	lui	x11,0x894eb	 x11=0x894eb000
       23739000	      1085	800002ea	cb458593	addi	x11,x11,-844	 x11:0x894eb000 x11=0x894eacb4
       23759000	      1086	800002ee	4615	c.li	x12,5	 x12=0x00000005
       23779000	      1087	800002f0	c8c3c6b7	lui	x13,0xc8c3c	 x13=0xc8c3c000
       23819000	      1089	800002f4	5f768693	addi	x13,x13,1527	 x13:0xc8c3c000 x13=0xc8c3c5f7
       31339000	      1465	800002f8	4739	c.li	x14,14	 x14=0x0000000e
       31359000	      1466	800002fa	4795	c.li	x15,5	 x15=0x00000005
       31379000	      1467	800002fc	4829	c.li	x16,10	 x16=0x0000000a
       31399000	      1468	800002fe	f777f8b7	lui	x17,0xf777f	 x17=0xf777f000
       31419000	      1469	80000302	63d88893	addi	x17,x17,1597	 x17:0xf777f000 x17=0xf777f63d
       31439000	      1470	80000306	4901	c.li	x18,0	 x18=0x00000000
       31459000	      1471	80000308	f7f7a9b7	lui	x19,0xf7f7a	 x19=0xf7f7a000
       31699000	      1483	8000030c	0e598993	addi	x19,x19,229	 x19:0xf7f7a000 x19=0xf7f7a0e5
       31819000	      1489	80000310	f264ca37	lui	x20,0xf264c	 x20=0xf264c000
       31939000	      1495	80000314	ecda0a13	addi	x20,x20,-307	 x20:0xf264c000 x20=0xf264becd
       32039000	      1500	80000318	4a81	c.li	x21,0	 x21=0x00000000
       32059000	      1501	8000031a	fc680b37	lui	x22,0xfc680	 x22=0xfc680000
       32479000	      1522	8000031e	801b0b13	addi	x22,x22,-2047	 x22:0xfc680000 x22=0xfc67f801
       32499000	      1523	80000322	4b81	c.li	x23,0	 x23=0x00000000
       32519000	      1524	80000324	4c09	c.li	x24,2	 x24=0x00000002
       32659000	      1531	80000326	81b7fcb7	lui	x25,0x81b7f	 x25=0x81b7f000
       32799000	      1538	8000032a	6bdc8c93	addi	x25,x25,1725	 x25:0x81b7f000 x25=0x81b7f6bd
       32979000	      1547	8000032e	80000d37	lui	x26,0x80000	 x26=0x80000000
       32999000	      1548	80000332	4da5	c.li	x27,9	 x27=0x00000009
       33019000	      1549	80000334	4e01	c.li	x28,0	 x28=0x00000000
       33039000	      1550	80000336	4ea9	c.li	x29,10	 x29=0x0000000a
       33419000	      1569	80000338	fe7effb7	lui	x31,0xfe7ef	 x31=0xfe7ef000
       33459000	      1571	8000033c	8c7f8f93	addi	x31,x31,-1849	 x31:0xfe7ef000 x31=0xfe7ee8c7
       33719000	      1584	80000340	0001f497	auipc	x9,0x1f	  x9=0x8001f340
       34139000	      1605	80000344	b2448493	addi	x9,x9,-1244	  x9:0x8001f340  x9=0x8001ee64
       34159000	      1606	80000348	90000d37	lui	x26,0x90000	 x26=0x90000000
       34179000	      1607	8000034c	1d71	c.addi	x26,-4	 x26:0x90000000 x26=0x8ffffffc
       34199000	      1608	8000034e	4601	c.li	x12,0	 x12=0x00000000
       34299000	      1613	80000350	0622	c.slli	x12,0x8	 x12:0x00000000 x12=0x00000000
       34639000	      1630	80000352	00060613	addi	x12,x12,0	 x12:0x00000000 x12=0x00000000
       34899000	      1643	80000356	00cd2023	sw	x12,0(x26)	 x26:0x8ffffffc x12:0x00000000 PA:0x8ffffffc store:0x00000000 load:0xffffffff
       34939000	      1645	8000035a	6db0206f	jal	x0,80003234	  x0=0x00000000
       36239000	      1710	80003234	5bfb1837	lui	x16,0x5bfb1	 x16=0x5bfb1000
       36459000	      1721	80003238	00000c97	auipc	x25,0x0	 x25=0x80003238
       36479000	      1722	8000323c	4b2c8c93	addi	x25,x25,1202	 x25:0x80003238 x25=0x800036ea
       36499000	      1723	80003240	41f6dc13	srai	x24,x13,0x1f	 x13:0xc8c3c5f7 x24=0xffffffff
       36919000	      1744	80003244	555b4097	auipc	x1,0x555b4	  x1=0xd55b7244
       37059000	      1751	80003248	0c89	c.addi	x25,2	 x25:0x800036ea x25=0x800036ec
       37079000	      1752	8000324a	00015563	bge	x2,x0,80003254	  x2:0xcf4b4e8e  x0:0x00000000
       37099000	      1753	8000324e	0000100f	fence.i	
       37279000	      1762	80003252	0001	c.addi	x0,0	  x0:0x00000000  x0=0x00000000
       37299000	      1763	80003254	ffec8767	jalr	x14,-2(x25)	 x25:0x800036ec x14=0x80003258
       37359000	      1766	800036ea	000affb3	and	x31,x21,x0	 x21:0x00000000  x0:0x00000000 x31=0x00000000
       38499000	      1823	800036ee	02d2f3b3	remu	x7,x5,x13	  x5:0x1b5079c0 x13:0xc8c3c5f7  x7=0x1b5079c0
       38519000	      1824	800036f2	c2da8b13	addi	x22,x21,-979	 x21:0x00000000 x22=0xfffffc2d
       38539000	      1825	800036f6	c7349b37	lui	x22,0xc7349	 x22=0xc7349000
       38559000	      1826	800036fa	14b1	c.addi	x9,-20	  x9:0x8001ee64  x9=0x8001ee50
       38579000	      1827	800036fc	001c91b3	sll	x3,x25,x1	 x25:0x800036ec  x1:0xd55b7244  x3=0x00036ec0
       38599000	      1828	80003700	6a2d	c.lui	x20,0xb	 x20=0x0000b000
       39519000	      1874	80003702	03bcc533	div	x10,x25,x27	 x25:0x800036ec x27:0x00000009 x10=0xf1c7228c
       39539000	      1875	80003706	802d	c.srli	x8,0xb	  x8:0xf7433bf5  x8=0x001ee867
       39659000	      1881	80003708	c0d8	c.sw	x14,4(x9)	  x9:0x8001ee50 x14:0x80003258 PA:0x8001ee54 store:0x80003258 load:0xffffffff
       40399000	      1918	8000370a	0287f833	remu	x16,x15,x8	 x15:0x00000005  x8:0x001ee867 x16=0x00000005
       40419000	      1919	8000370e	01061233	sll	x4,x12,x16	 x12:0x00000000 x16:0x00000005  x4=0x00000000
       40439000	      1920	80003712	0160076f	jal	x14,80003728	 x14=0x80003716
       40719000	      1934	80003728	bffd	c.j	80003726	
       41159000	      1956	80003726	2839	c.jal	80003744	  x1=0x80003728
       41419000	      1969	80003744	2039	c.jal	80003752	  x1=0x80003746
       41859000	      1991	80003752	b7f5	c.j	8000373e	
       42759000	      2036	8000373e	b7f5	c.j	8000372a	
       43379000	      2067	8000372a	bfdd	c.j	80003720	
       44239000	      2110	80003720	a02d	c.j	8000374a	
       44519000	      2124	8000374a	fdbffd6f	jal	x26,80003724	 x26=0x8000374e
       44559000	      2126	80003724	202d	c.jal	8000374e	  x1=0x80003726
       44639000	      2130	8000374e	0080036f	jal	x6,80003756	  x6=0x80003752
       44679000	      2132	80003756	37d1	c.jal	8000371a	  x1=0x80003758
       45579000	      2177	8000371a	a009	c.j	8000371c	
       45659000	      2181	8000371c	a005	c.j	8000373c	
       45719000	      2184	8000373c	37dd	c.jal	80003722	  x1=0x8000373e
       45759000	      2186	80003722	bfd5	c.j	80003716	
       46419000	      2219	80003716	a805	c.j	80003746	
       46499000	      2223	80003746	fe7ffbef	jal	x23,8000372c	 x23=0x8000374a
       46539000	      2225	8000372c	028008ef	jal	x17,80003754	 x17=0x80003730
       46579000	      2227	80003754	b7c5	c.j	80003734	
       46619000	      2229	80003734	00e008ef	jal	x17,80003742	 x17=0x80003738
       46659000	      2231	80003742	3ff1	c.jal	8000371e	  x1=0x80003744
       46699000	      2233	8000371e	2829	c.jal	80003738	  x1=0x80003720
       46739000	      2235	80003738	a021	c.j	80003740	
       46779000	      2237	80003740	bfe1	c.j	80003718	
       46819000	      2239	80003718	2821	c.jal	80003730	  x1=0x8000371a
       46859000	      2241	80003730	00a000ef	jal	x1,8000373a	  x1=0x80003734
       46899000	      2243	8000373a	2839	c.jal	80003758	  x1=0x8000373c
       47239000	      2260	80003758	40288c33	sub	x24,x17,x2	 x17:0x80003738  x2:0xcf4b4e8e x24=0xb0b4e8aa
       47259000	      2261	8000375c	01daa133	slt	x2,x21,x29	 x21:0x00000000 x29:0x0000000a  x2=0x00000001
       48379000	      2317	80003760	028b52b3	divu	x5,x22,x8	 x22:0xc7349000  x8:0x001ee867  x5=0x00000671
       48399000	      2318	80003764	9ff6	c.add	x31,x29	 x31:0x00000000 x29:0x0000000a x31=0x0000000a
       48419000	      2319	80003766	de248113	addi	x2,x9,-542	  x9:0x8001ee50  x2=0x8001ec32
       48439000	      2320	8000376a	ca508fb7	lui	x31,0xca508	 x31=0xca508000
       48459000	      2321	8000376e	eb91	c.bnez	x15,80003782	 x15:0x00000005
       48919000	      2344	80003782	8295	c.srli	x13,0x5	 x13:0xc8c3c5f7 x13=0x06461e2f
       49079000	      2352	80003784	01d83c33	sltu	x24,x16,x29	 x16:0x00000005 x29:0x0000000a x24=0x00000001
       49099000	      2353	80003788	0ff0000f	fence	iorw,iorw	
       49119000	      2354	8000378c	03d16363	bltu	x2,x29,800037b2	  x2:0x8001ec32 x29:0x0000000a
       49139000	      2355	80003790	808a	c.mv	x1,x2	  x0:0x00000000  x2:0x8001ec32  x1=0x8001ec32
       49319000	      2364	80003792	016c6cb3	or	x25,x24,x22	 x24:0x00000001 x22:0xc7349000 x25=0xc7349001
       49339000	      2365	80003796	007e4e33	xor	x28,x28,x7	 x28:0x00000000  x7:0x1b5079c0 x28=0x1b5079c0
       49359000	      2366	8000379a	8d9e	c.mv	x27,x7	  x0:0x00000000  x7:0x1b5079c0 x27=0x1b5079c0
       49379000	      2367	8000379c	00f19c13	slli	x24,x3,0xf	  x3:0x00036ec0 x24=0xb7600000
       49779000	      2387	800037a0	0000100f	fence.i	
       50399000	      2418	800037a4	03908733	mul	x14,x1,x25	  x1:0x8001ec32 x25:0xc7349001 x14=0x6d060c32
       50419000	      2419	800037a8	dd8c10b7	lui	x1,0xdd8c1	  x1=0xdd8c1000
       50519000	      2424	800037ac	8f0d	c.sub	x14,x11	 x14:0x6d060c32 x11:0x894eacb4 x14=0xe3b75f7e
       50539000	      2425	800037ae	00d2e033	or	x0,x5,x13	  x5:0x00000671 x13:0x06461e2f  x0=0x00000000
       50559000	      2426	800037b2	ea1d	c.bnez	x12,800037e8	 x12:0x00000000
       50739000	      2435	800037b4	00c1fc63	bgeu	x3,x12,800037cc	  x3:0x00036ec0 x12:0x00000000
       51579000	      2477	800037cc	0ef6	c.slli	x29,0x1d	 x29:0x0000000a x29=0x40000000
       51599000	      2478	800037ce	b7200393	addi	x7,x0,-1166	  x0:0x00000000  x7=0xfffffb72
       51619000	      2479	800037d2	8299	c.srli	x13,0x6	 x13:0x06461e2f x13=0x00191878
       51659000	      2481	800037d4	40b05cb3	sra	x25,x0,x11	  x0:0x00000000 x11:0x894eacb4 x25=0x00000000
       51699000	      2483	800037d8	03a59bb3	mulh	x23,x11,x26	 x11:0x894eacb4 x26:0x8000374e x23=0x3b589001
       52099000	      2503	800037dc	00ec6463	bltu	x24,x14,800037e4	 x24:0xb7600000 x14:0xe3b75f7e
       53279000	      2562	800037e4	027cdb33	divu	x22,x25,x7	 x25:0x00000000  x7:0xfffffb72 x22=0x00000000
       53299000	      2563	800037e8	015eba33	sltu	x20,x29,x21	 x29:0x40000000 x21:0x00000000 x20=0x00000000
       53319000	      2564	800037ec	83f5	c.srli	x15,0x1d	 x15:0x00000005 x15=0x00000000
       53339000	      2565	800037ee	8d75	c.and	x10,x13	 x10:0xf1c7228c x13:0x00191878 x10=0x00010008
       53359000	      2566	800037f0	ca668d13	addi	x26,x13,-858	 x13:0x00191878 x26=0x0019151e
       53379000	      2567	800037f4	0000100f	fence.i	
       53639000	      2580	800037f8	013d0663	beq	x26,x19,80003804	 x26:0x0019151e x19:0xf7f7a0e5
       54559000	      2626	800037fc	033efab3	remu	x21,x29,x19	 x29:0x40000000 x19:0xf7f7a0e5 x21=0x40000000
       54579000	      2627	80003800	018cda13	srli	x20,x25,0x18	 x25:0x00000000 x20=0x00000000
       54599000	      2628	80003804	2df98213	addi	x4,x19,735	 x19:0xf7f7a0e5  x4=0xf7f7a3c4
       54619000	      2629	80003808	9356	c.add	x6,x21	  x6:0x80003752 x21:0x40000000  x6=0xc0003752
       54679000	      2632	8000380a	29d78c37	lui	x24,0x29d78	 x24=0x29d78000
       55099000	      2653	8000380e	622d7513	andi	x10,x26,1570	 x26:0x0019151e x10=0x00000402
       55119000	      2654	80003812	9b4ce817	auipc	x16,0x9b4ce	 x16=0x1b4d1812
       55279000	      2662	80003816	0110feb3	and	x29,x1,x17	  x1:0xdd8c1000 x17:0x80003738 x29=0x80001000
       55299000	      2663	8000381a	8c75	c.and	x8,x13	  x8:0x001ee867 x13:0x00191878  x8=0x00180860
       55319000	      2664	8000381c	00331113	slli	x2,x6,0x3	  x6:0xc0003752  x2=0x0001ba90
       55399000	      2668	80003820	025817b3	mulh	x15,x16,x5	 x16:0x1b4d1812  x5:0x00000671 x15=0x000000af
       55419000	      2669	80003824	00c01533	sll	x10,x0,x12	  x0:0x00000000 x12:0x00000000 x10=0x00000000
       55439000	      2670	80003828	004dfcb3	and	x25,x27,x4	 x27:0x1b5079c0  x4:0xf7f7a3c4 x25=0x135021c0
       55459000	      2671	8000382c	02e4fc63	bgeu	x9,x14,80003864	  x9:0x8001ee50 x14:0xe3b75f7e
       56199000	      2708	80003830	03d16133	rem	x2,x2,x29	  x2:0x0001ba90 x29:0x80001000  x2=0x0001ba90
       56219000	      2709	80003834	4109	c.li	x2,2	  x2=0x00000002
       56239000	      2710	80003836	0001	c.addi	x0,0	  x0:0x00000000  x0=0x00000000
       56259000	      2711	80003838	9a92	c.add	x21,x4	 x21:0x40000000  x4:0xf7f7a3c4 x21=0x37f7a3c4
       56279000	      2712	8000383a	01e19ab3	sll	x21,x3,x30	  x3:0x00036ec0 x30:0x80022ce4 x21=0x0036ec00
       56299000	      2713	8000383e	0001	c.addi	x0,0	  x0:0x00000000  x0=0x00000000
       56319000	      2714	80003840	01996693	ori	x13,x18,25	 x18:0x00000000 x13=0x00000019
       56359000	      2716	80003844	0324c3b3	div	x7,x9,x18	  x9:0x8001ee50 x18:0x00000000  x7=0xffffffff
       56379000	      2717	80003848	9fae	c.add	x31,x11	 x31:0xca508000 x11:0x894eacb4 x31=0x539f2cb4
       56419000	      2719	8000384a	0d313313	sltiu	x6,x2,211	  x2:0x00000002  x6=0x00000001
       56459000	      2721	8000384e	257dc713	xori	x14,x27,599	 x27:0x1b5079c0 x14=0x1b507b97
       56479000	      2722	80003852	e9416217	auipc	x4,0xe9416	  x4=0x69419852
       56739000	      2735	80003856	dc777817	auipc	x16,0xdc777	 x16=0x5c77a856
       57059000	      2751	8000385a	40085cb3	sra	x25,x16,x0	 x16:0x5c77a856  x0:0x00000000 x25=0x5c77a856
       57079000	      2752	8000385e	c509	c.beqz	x10,80003868	 x10:0x00000000
       57359000	      2766	80003868	8edd	c.or	x13,x15	 x13:0x00000019 x15:0x000000af x13=0x000000bf
       57379000	      2767	8000386a	837e	c.mv	x6,x31	  x0:0x00000000 x31:0x539f2cb4  x6=0x539f2cb4
       57399000	      2768	8000386c	3db8b913	sltiu	x18,x17,987	 x17:0x80003738 x18=0x00000000
       57419000	      2769	80003870	9a92	c.add	x21,x4	 x21:0x0036ec00  x4:0x69419852 x21=0x69788452
       57479000	      2772	80003872	0ff0000f	fence	iorw,iorw	
       57539000	      2775	80003876	40d8	c.lw	x14,4(x9)	  x9:0x8001ee50 x14=0x80003258 PA:0x8001ee54 load:0x80003258
       57559000	      2776	80003878	04d1	c.addi	x9,20	  x9:0x8001ee50  x9=0x8001ee64
       58299000	      2813	8000387a	0386dfb3	divu	x31,x13,x24	 x13:0x000000bf x24:0x29d78000 x31=0x00000000
       58319000	      2814	8000387e	80f2	c.mv	x1,x28	  x0:0x00000000 x28:0x1b5079c0  x1=0x1b5079c0
       58339000	      2815	80003880	dc4fca93	xori	x21,x31,-572	 x31:0x00000000 x21=0xfffffdc4
       58359000	      2816	80003884	00170213	addi	x4,x14,1	 x14:0x80003258  x4=0x80003259
       58379000	      2817	80003888	9202	c.jalr	x4	  x4:0x80003259  x1=0x8000388a
       66599000	      3228	80003258	4a5d	c.li	x20,23	 x20=0x00000017
       66619000	      3229	8000325a	0000100f	fence.i	
       66859000	      3241	8000325e	00005c97	auipc	x25,0x5	 x25=0x8000825e
       66879000	      3242	80003262	6f8c8c93	addi	x25,x25,1784	 x25:0x8000825e x25=0x80008956
       67039000	      3250	80003266	03c903b3	mul	x7,x18,x28	 x18:0x00000000 x28:0x1b5079c0  x7=0x00000000
       67059000	      3251	8000326a	0001	c.addi	x0,0	  x0:0x00000000  x0=0x00000000
       67079000	      3252	8000326c	61e3c293	xori	x5,x7,1566	  x7:0x00000000  x5=0x0000061e
       67259000	      3261	80003270	0001	c.addi	x0,0	  x0:0x00000000  x0=0x00000000
       67679000	      3282	80003272	0e2c8c93	addi	x25,x25,226	 x25:0x80008956 x25=0x80008a38
       67879000	      3292	80003276	0ff0000f	fence	iorw,iorw	
       67899000	      3293	8000327a	81ae	c.mv	x3,x11	  x0:0x00000000 x11:0x894eacb4  x3=0x894eacb4
       67919000	      3294	8000327c	f1ec8767	jalr	x14,-226(x25)	 x25:0x80008a38 x14=0x80003280
       68939000	      3345	80008956	c291	c.beqz	x13,8000895a	 x13:0x000000bf
       68959000	      3346	80008958	8c45	c.or	x8,x9	  x8:0x00180860  x9:0x8001ee64  x8=0x8019ee64
       68979000	      3347	8000895a	fc848493	addi	x9,x9,-56	  x9:0x8001ee64  x9=0x8001ee2c
       69279000	      3362	8000895e	009dfc33	and	x24,x27,x9	 x27:0x1b5079c0  x9:0x8001ee2c x24=0x00006800
       69299000	      3363	80008962	a36eb437	lui	x8,0xa36eb	  x8=0xa36eb000
       69359000	      3366	80008966	c0d8	c.sw	x14,4(x9)	  x9:0x8001ee2c x14:0x80003280 PA:0x8001ee30 store:0x80003280 load:0xffffffff
       69399000	      3368	80008968	024a2c33	mulhsu	x24,x20,x4	 x20:0x00000017  x4:0x80003259 x24=0x0000000b
       69419000	      3369	8000896c	0260076f	jal	x14,80008992	 x14=0x80008970
       70419000	      3419	80008992	ffdff36f	jal	x6,8000898e	  x6=0x80008996
       70899000	      3443	8000898e	3fed	c.jal	80008988	  x1=0x80008990
       71659000	      3481	80008988	01a000ef	jal	x1,800089a2	  x1=0x8000898c
       71979000	      3497	800089a2	bfdd	c.j	80008998	
       72799000	      3538	80008998	2031	c.jal	800089a4	  x1=0x8000899a
       73499000	      3573	800089a4	fe1ff0ef	jal	x1,80008984	  x1=0x800089a8
       73799000	      3588	80008984	ff9ff0ef	jal	x1,8000897c	  x1=0x80008988
       74599000	      3628	8000897c	2035	c.jal	800089a8	  x1=0x8000897e
       74639000	      3630	800089a8	3fcd	c.jal	8000899a	  x1=0x800089aa
       74699000	      3633	8000899a	fdfff36f	jal	x6,80008978	  x6=0x8000899e
       74739000	      3635	80008978	2821	c.jal	80008990	  x1=0x8000897a
       74779000	      3637	80008990	37cd	c.jal	80008972	  x1=0x80008992
       75199000	      3658	80008972	02c000ef	jal	x1,8000899e	  x1=0x80008976
       75259000	      3661	8000899e	fd9ff0ef	jal	x1,80008976	  x1=0x800089a2
       75319000	      3664	80008976	a819	c.j	8000898c	
       75359000	      3666	8000898c	b7d5	c.j	80008970	
       75399000	      3668	80008970	2029	c.jal	8000897a	  x1=0x80008972
       75439000	      3670	8000897a	a831	c.j	80008996	
       75479000	      3672	80008996	b7e5	c.j	8000897e	
       75519000	      3674	8000897e	2009	c.jal	80008980	  x1=0x80008980
       75559000	      3676	80008980	02a000ef	jal	x1,800089aa	  x1=0x80008984
       75879000	      3692	800089aa	015af333	and	x6,x21,x21	 x21:0xfffffdc4 x21:0xfffffdc4  x6=0xfffffdc4
       75899000	      3693	800089ae	8e15	c.sub	x12,x13	 x12:0x00000000 x13:0x000000bf x12=0xffffff41
       75939000	      3695	800089b0	0000100f	fence.i	
       76799000	      3738	800089b4	1c1c	c.addi4spn	x15,x2,560	 x15=0x00000232
       76819000	      3739	800089b6	a772bb93	sltiu	x23,x5,-1417	  x5:0x0000061e x23=0x00000001
       76839000	      3740	800089ba	8b1d	c.andi	x14,7	 x14:0x80008970 x14=0x00000000
       76859000	      3741	800089bc	02c15863	bge	x2,x12,800089ec	  x2:0x00000002 x12:0xffffff41
       77399000	      3768	800089ec	0ff0000f	fence	iorw,iorw	
       77699000	      3783	800089f0	8d3d	c.xor	x10,x15	 x10:0x00000000 x15:0x00000232 x10=0x00000232
       78559000	      3826	800089f2	03d8c233	div	x4,x17,x29	 x17:0x80003738 x29:0x80001000  x4=0x00000000
       78599000	      3828	800089f6	02503b33	mulhu	x22,x0,x5	  x0:0x00000000  x5:0x0000061e x22=0x00000000
       78619000	      3829	800089fa	00057463	bgeu	x10,x0,80008a02	 x10:0x00000232  x0:0x00000000
       78899000	      3843	80008a02	e511	c.bnez	x10,80008a0e	 x10:0x00000232
       79139000	      3855	80008a0e	0001	c.addi	x0,0	  x0:0x00000000  x0=0x00000000
       79159000	      3856	80008a10	019857b3	srl	x15,x16,x25	 x16:0x5c77a856 x25:0x80008a38 x15=0x0000005c
       79319000	      3864	80008a14	00867a63	bgeu	x12,x8,80008a28	 x12:0xffffff41  x8:0xa36eb000
       79739000	      3885	80008a28	8c6d	c.and	x8,x11	  x8:0xa36eb000 x11:0x894eacb4  x8=0x814ea000
       79759000	      3886	80008a2a	01f3dc13	srli	x24,x7,0x1f	  x7:0x00000000 x24=0x00000000
       79779000	      3887	80008a2e	8ed5	c.or	x13,x13	 x13:0x000000bf x13:0x000000bf x13=0x000000bf
       79799000	      3888	80008a30	8d19	c.sub	x10,x14	 x10:0x00000232 x14:0x00000000 x10=0x00000232
       79819000	      3889	80008a32	07ae1563	bne	x28,x26,80008a9c	 x28:0x1b5079c0 x26:0x0019151e
       81379000	      3967	80008a9c	0299fab3	remu	x21,x19,x9	 x19:0xf7f7a0e5  x9:0x8001ee2c x21=0x77f5b2b9
       81399000	      3968	80008aa0	889a	c.mv	x17,x6	  x0:0x00000000  x6:0xfffffdc4 x17=0xfffffdc4
       81419000	      3969	80008aa2	8edd	c.or	x13,x15	 x13:0x000000bf x15:0x0000005c x13=0x000000ff
       81439000	      3970	80008aa4	4169dd93	srai	x27,x19,0x16	 x19:0xf7f7a0e5 x27=0xffffffdf
       81459000	      3971	80008aa8	00edd1b3	srl	x3,x27,x14	 x27:0xffffffdf x14:0x00000000  x3=0xffffffdf
       81479000	      3972	80008aac	0000100f	fence.i	
       81579000	      3977	80008ab0	0001	c.addi	x0,0	  x0:0x00000000  x0=0x00000000
       81599000	      3978	80008ab2	00102333	slt	x6,x0,x1	  x0:0x00000000  x1:0x80008984  x6=0x00000000
       81619000	      3979	80008ab6	017a5433	srl	x8,x20,x23	 x20:0x00000017 x23:0x00000001  x8=0x0000000b
       81639000	      3980	80008aba	40d35113	srai	x2,x6,0xd	  x6:0x00000000  x2=0x00000000
       81659000	      3981	80008abe	00da1313	slli	x6,x20,0xd	 x20:0x00000017  x6=0x0002e000
       81679000	      3982	80008ac2	1980	c.addi4spn	x8,x2,240	  x8=0x000000f0
       81859000	      3991	80008ac4	00bc6cb3	or	x25,x24,x11	 x24:0x00000000 x11:0x894eacb4 x25=0x894eacb4
       82599000	      4028	80008ac8	03e6cc33	div	x24,x13,x30	 x13:0x000000ff x30:0x80022ce4 x24=0x00000000
       82619000	      4029	80008acc	82d5	c.srli	x13,0x15	 x13:0x000000ff x13=0x00000000
       82639000	      4030	80008ace	0dfd	c.addi	x27,31	 x27:0xffffffdf x27=0xfffffffe
       82659000	      4031	80008ad0	82be	c.mv	x5,x15	  x0:0x00000000 x15:0x0000005c  x5=0x0000005c
       82679000	      4032	80008ad2	123c2513	slti	x10,x24,291	 x24:0x00000000 x10=0x00000001
       82699000	      4033	80008ad6	02aa8463	beq	x21,x10,80008afe	 x21:0x77f5b2b9 x10:0x00000001
       82719000	      4034	80008ada	40b45033	sra	x0,x8,x11	  x8:0x000000f0 x11:0x894eacb4  x0=0x00000000
       82739000	      4035	80008ade	40835413	srai	x8,x6,0x8	  x6:0x0002e000  x8=0x000002e0
       83479000	      4072	80008ae2	021d5733	divu	x14,x26,x1	 x26:0x0019151e  x1:0x80008984 x14=0x00000000
       83499000	      4073	80008ae6	01d5ce33	xor	x28,x11,x29	 x11:0x894eacb4 x29:0x80001000 x28=0x094ebcb4
       83519000	      4074	80008aea	e6d43b13	sltiu	x22,x8,-403	  x8:0x000002e0 x22=0x00000001
       83539000	      4075	80008aee	925e	c.add	x4,x23	  x4:0x00000000 x23:0x00000001  x4=0x00000001
       83599000	      4078	80008af0	8e5d	c.or	x12,x15	 x12:0xffffff41 x15:0x0000005c x12=0xffffff5d
       84579000	      4127	80008af2	0351fbb3	remu	x23,x3,x21	  x3:0xffffffdf x21:0x77f5b2b9 x23=0x10149a6d
       84599000	      4128	80008af6	fbd18b13	addi	x22,x3,-67	  x3:0xffffffdf x22=0xffffff9c
       84619000	      4129	80008afa	5e7d	c.li	x28,-1	 x28=0xffffffff
       84639000	      4130	80008afc	5a7d	c.li	x20,-1	 x20=0xffffffff
       84659000	      4131	80008afe	0894	c.addi4spn	x13,x2,80	 x13=0x00000050
       84679000	      4132	80008b00	0ff0000f	fence	iorw,iorw	
       84699000	      4133	80008b04	01925733	srl	x14,x4,x25	  x4:0x00000001 x25:0x894eacb4 x14=0x00000000
       84719000	      4134	80008b08	01d9fc63	bgeu	x19,x29,80008b20	 x19:0xf7f7a0e5 x29:0x80001000
       84919000	      4144	80008b20	8e0d	c.sub	x12,x11	 x12:0xffffff5d x11:0x894eacb4 x12=0x76b152a9
       84939000	      4145	80008b22	7b47bd13	sltiu	x26,x15,1972	 x15:0x0000005c x26=0x00000001
       84959000	      4146	80008b26	6e0d	c.lui	x28,0x3	 x28=0x00003000
       84979000	      4147	80008b28	015422b3	slt	x5,x8,x21	  x8:0x000002e0 x21:0x77f5b2b9  x5=0x00000001
       84999000	      4148	80008b2c	8f05	c.sub	x14,x9	 x14:0x00000000  x9:0x8001ee2c x14=0x7ffe11d4
       85619000	      4179	80008b2e	00e08a33	add	x20,x1,x14	  x1:0x80008984 x14:0x7ffe11d4 x20=0xfffe9b58
       85639000	      4180	80008b32	e315	c.bnez	x14,80008b56	 x14:0x7ffe11d4
       86379000	      4217	80008b56	0001	c.addi	x0,0	  x0:0x00000000  x0=0x00000000
       86499000	      4223	80008b58	8e51	c.or	x12,x12	 x12:0x76b152a9 x12:0x76b152a9 x12=0x76b152a9
       86699000	      4233	80008b5a	00811b13	slli	x22,x2,0x8	  x2:0x00000000 x22=0x00000000
       86719000	      4234	80008b5e	0295	c.addi	x5,5	  x5:0x00000001  x5=0x00000006
       86759000	      4236	80008b60	00c3c3b3	xor	x7,x7,x12	  x7:0x00000000 x12:0x76b152a9  x7=0x76b152a9
       86779000	      4237	80008b64	0001	c.addi	x0,0	  x0:0x00000000  x0=0x00000000
       86919000	      4244	80008b66	1d7b8893	addi	x17,x23,471	 x23:0x10149a6d x17=0x10149c44
       87339000	      4265	80008b6a	0276ce63	blt	x13,x7,80008ba6	 x13:0x00000050  x7:0x76b152a9
       88179000	      4307	80008ba6	03493233	mulhu	x4,x18,x20	 x18:0x00000000 x20:0xfffe9b58  x4=0x00000000
       88199000	      4308	80008baa	41fe0033	sub	x0,x28,x31	 x28:0x00003000 x31:0x00000000  x0=0x00000000
       88239000	      4310	80008bae	03632d33	mulhsu	x26,x6,x22	  x6:0x0002e000 x22:0x00000000 x26=0x00000000
       88619000	      4329	80008bb2	004e1b93	slli	x23,x28,0x4	 x28:0x00003000 x23=0x00030000
       88639000	      4330	80008bb6	014c0463	beq	x24,x20,80008bbe	 x24:0x00000000 x20:0xfffe9b58
       88859000	      4341	80008bba	0c5bb993	sltiu	x19,x23,197	 x23:0x00030000 x19=0x00000000
       89279000	      4362	80008bbe	009d8363	beq	x27,x9,80008bc4	 x27:0xfffffffe  x9:0x8001ee2c
       89299000	      4363	80008bc2	62bd	c.lui	x5,0xf	  x5=0x0000f000
       89319000	      4364	80008bc4	717d	c.addi16sp	x2,-16	  x2:0x00000000  x2=0xfffffff0
       90059000	      4401	80008bc6	039cc633	div	x12,x25,x25	 x25:0x894eacb4 x25:0x894eacb4 x12=0x00000001
       90099000	      4403	80008bca	03793833	mulhu	x16,x18,x23	 x18:0x00000000 x23:0x00030000 x16=0x00000000
       90119000	      4404	80008bce	02f28563	beq	x5,x15,80008bf8	  x5:0x0000f000 x15:0x0000005c
       90139000	      4405	80008bd2	40e1	c.li	x1,24	  x1=0x00000018
       90159000	      4406	80008bd4	01b2aab3	slt	x21,x5,x27	  x5:0x0000f000 x27:0xfffffffe x21=0x00000000
       90179000	      4407	80008bd8	0122da13	srli	x20,x5,0x12	  x5:0x0000f000 x20=0x00000000
       90199000	      4408	80008bdc	10ce8117	auipc	x2,0x10ce8	  x2=0x90cf0bdc
       90439000	      4420	80008be0	0001	c.addi	x0,0	  x0:0x00000000  x0=0x00000000
       90459000	      4421	80008be2	8c3d	c.xor	x8,x15	  x8:0x000002e0 x15:0x0000005c  x8=0x000002bc
       90479000	      4422	80008be4	01789cb3	sll	x25,x17,x23	 x17:0x10149c44 x23:0x00030000 x25=0x10149c44
       90499000	      4423	80008be8	4152dbb3	sra	x23,x5,x21	  x5:0x0000f000 x21:0x00000000 x23=0x0000f000
       90619000	      4429	80008bec	9e56	c.add	x28,x21	 x28:0x00003000 x21:0x00000000 x28=0x00003000
       90639000	      4430	80008bee	0001	c.addi	x0,0	  x0:0x00000000  x0=0x00000000
       91039000	      4450	80008bf0	00009633	sll	x12,x1,x0	  x1:0x00000018  x0:0x00000000 x12=0x00000018
       91059000	      4451	80008bf4	8690a613	slti	x12,x1,-1943	  x1:0x00000018 x12=0x00000000
       91439000	      4470	80008bf8	0191f333	and	x6,x3,x25	  x3:0xffffffdf x25:0x10149c44  x6=0x10149c44
       91459000	      4471	80008bfc	417c58b3	sra	x17,x24,x23	 x24:0x00000000 x23:0x0000f000 x17=0x00000000
       91479000	      4472	80008c00	0a10	c.addi4spn	x12,x2,272	 x12=0x90cf0cec
       91699000	      4483	80008c02	02a30363	beq	x6,x10,80008c28	  x6:0x10149c44 x10:0x00000001
       91719000	      4484	80008c06	0001	c.addi	x0,0	  x0:0x00000000  x0=0x00000000
       92139000	      4505	80008c08	024698b3	mulh	x17,x13,x4	 x13:0x00000050  x4:0x00000000 x17=0x00000000
       92159000	      4506	80008c0c	ea99	c.bnez	x13,80008c22	 x13:0x00000050
       92519000	      4524	80008c22	020c8cb3	mul	x25,x25,x0	 x25:0x10149c44  x0:0x00000000 x25=0x00000000
       92539000	      4525	80008c26	077a	c.slli	x14,0x1e	 x14:0x7ffe11d4 x14=0x00000000
       92559000	      4526	80008c28	0c00	c.addi4spn	x8,x2,528	  x8=0x90cf0dec
       92579000	      4527	80008c2a	972e8993	addi	x19,x29,-1678	 x29:0x80001000 x19=0x80000972
       92599000	      4528	80008c2e	6345	c.lui	x6,0x11	  x6=0x00011000
       92659000	      4531	80008c30	88f2	c.mv	x17,x28	  x0:0x00000000 x28:0x00003000 x17=0x00003000
       92699000	      4533	80008c32	0348ca33	div	x20,x17,x20	 x17:0x00003000 x20:0x00000000 x20=0xffffffff
       92719000	      4534	80008c36	40df0db3	sub	x27,x30,x13	 x30:0x80022ce4 x13:0x00000050 x27=0x80022c94
       92739000	      4535	80008c3a	cf01	c.beqz	x14,80008c52	 x14:0x00000000
       93599000	      4578	80008c52	021c2233	mulhsu	x4,x24,x1	 x24:0x00000000  x1:0x00000018  x4=0x00000000
       93619000	      4579	80008c56	0000100f	fence.i	
       93879000	      4592	80008c5a	8f39	c.xor	x14,x14	 x14:0x00000000 x14:0x00000000 x14=0x00000000
       93919000	      4594	80008c5c	9c6e	c.add	x24,x27	 x24:0x00000000 x27:0x80022c94 x24=0x80022c94
       94099000	      4603	80008c5e	40d28033	sub	x0,x5,x13	  x5:0x0000f000 x13:0x00000050  x0=0x00000000
       94119000	      4604	80008c62	1180	c.addi4spn	x8,x2,224	  x8=0x90cf0cbc
       94999000	      4648	80008c64	02cb41b3	div	x3,x22,x12	 x22:0x00000000 x12:0x90cf0cec  x3=0x00000000
       95019000	      4649	80008c68	1218	c.addi4spn	x14,x2,288	 x14=0x90cf0cfc
       95039000	      4650	80008c6a	ed9d6793	ori	x15,x26,-295	 x26:0x00000000 x15=0xfffffed9
       95059000	      4651	80008c6e	12fd	c.addi	x5,-1	  x5:0x0000f000  x5=0x0000efff
       95079000	      4652	80008c70	67d5	c.lui	x15,0x15	 x15=0x00015000
       95099000	      4653	80008c72	67409b17	auipc	x22,0x67409	 x22=0xe7411c72
       95379000	      4667	80008c76	40d8	c.lw	x14,4(x9)	  x9:0x8001ee2c x14=0x80003280 PA:0x8001ee30 load:0x80003280
       95399000	      4668	80008c78	0001	c.addi	x0,0	  x0:0x00000000  x0=0x00000000
       95499000	      4673	80008c7a	03848493	addi	x9,x9,56	  x9:0x8001ee2c  x9=0x8001ee64
       95519000	      4674	80008c7e	0d0e	c.slli	x26,0x3	 x26:0x00000000 x26=0x00000000
       96359000	      4716	80008c80	0257dfb3	divu	x31,x15,x5	 x15:0x00015000  x5:0x0000efff x31=0x00000001
       96399000	      4718	80008c84	021437b3	mulhu	x15,x8,x1	  x8:0x90cf0cbc  x1:0x00000018 x15=0x0000000d
       96419000	      4719	80008c88	0001	c.addi	x0,0	  x0:0x00000000  x0=0x00000000
       96439000	      4720	80008c8a	46ede913	ori	x18,x27,1134	 x27:0x80022c94 x18=0x80022cfe
       96459000	      4721	80008c8e	00170a13	addi	x20,x14,1	 x14:0x80003280 x20=0x80003281
       96479000	      4722	80008c92	8a02	c.jr	x20	 x20:0x80003281
       97059000	      4751	80003280	00aa99b3	sll	x19,x21,x10	 x21:0x00000000 x10:0x00000001 x19=0x00000000
       98019000	      4799	80003284	0273d8b3	divu	x17,x7,x7	  x7:0x76b152a9  x7:0x76b152a9 x17=0x00000001
       98039000	      4800	80003288	e3c2ee93	ori	x29,x5,-452	  x5:0x0000efff x29=0xffffffff
       98059000	      4801	8000328c	0001	c.addi	x0,0	  x0:0x00000000  x0=0x00000000
       98079000	      4802	8000328e	00001717	auipc	x14,0x1	 x14=0x8000428e
       98099000	      4803	80003292	ef670713	addi	x14,x14,-266	 x14:0x8000428e x14=0x80004184
       98119000	      4804	80003296	0e08	c.addi4spn	x10,x2,784	 x10=0x90cf0eec
       98139000	      4805	80003298	19a70713	addi	x14,x14,410	 x14:0x80004184 x14=0x8000431e
       98159000	      4806	8000329c	01391ab3	sll	x21,x18,x19	 x18:0x80022cfe x19:0x00000000 x21=0x80022cfe
       98319000	      4814	800032a0	02f90db3	mul	x27,x18,x15	 x18:0x80022cfe x15:0x0000000d x27=0x801c48e6
       98739000	      4835	800032a4	e6770767	jalr	x14,-409(x14)	 x14:0x8000431e x14=0x800032a8
      100159000	      4906	80004184	01a09d13	slli	x26,x1,0x1a	  x1:0x00000018 x26=0x60000000
      100319000	      4914	80004188	c291	c.beqz	x13,8000418c	 x13:0x00000050
      100339000	      4915	8000418a	87d2	c.mv	x15,x20	  x0:0x00000000 x20:0x80003281 x15=0x80003281
      100359000	      4916	8000418c	fc848493	addi	x9,x9,-56	  x9:0x8001ee64  x9=0x8001ee2c
      100719000	      4934	80004190	005e5c33	srl	x24,x28,x5	 x28:0x00003000  x5:0x0000efff x24=0x00000000
      100839000	      4940	80004194	c0d8	c.sw	x14,4(x9)	  x9:0x8001ee2c x14:0x800032a8 PA:0x8001ee30 store:0x800032a8 load:0xffffffff
      100859000	      4941	80004196	cc60fd13	andi	x26,x1,-826	  x1:0x00000018 x26=0x00000000
      100879000	      4942	8000419a	0140076f	jal	x14,800041ae	 x14=0x8000419e
      102399000	      5018	800041ae	3ffd	c.jal	800041ac	  x1=0x800041b0
      102439000	      5020	800041ac	bfe5	c.j	800041a4	
      102499000	      5023	800041a4	a811	c.j	800041b8	
      103499000	      5073	800041b8	37dd	c.jal	8000419e	  x1=0x800041ba
      103599000	      5078	8000419e	00a000ef	jal	x1,800041a8	  x1=0x800041a2
      103659000	      5081	800041a8	00c0036f	jal	x6,800041b4	  x6=0x800041ac
      103719000	      5084	800041b4	ff3ff0ef	jal	x1,800041a6	  x1=0x800041b8
      103779000	      5087	800041a6	bff5	c.j	800041a2	
      103819000	      5089	800041a2	a039	c.j	800041b0	
      103859000	      5091	800041b0	a009	c.j	800041b2	
      103899000	      5093	800041b2	2021	c.jal	800041ba	  x1=0x800041b4
      103979000	      5097	800041ba	2009	c.jal	800041bc	  x1=0x800041bc
      104019000	      5099	800041bc	018ec7b3	xor	x15,x29,x24	 x29:0xffffffff x24:0x00000000 x15=0xffffffff
      104039000	      5100	800041c0	0060076f	jal	x14,800041c6	 x14=0x800041c4
      104099000	      5103	800041c6	030000ef	jal	x1,800041f6	  x1=0x800041ca
      107099000	      5253	800041f6	3fe5	c.jal	800041ee	  x1=0x800041f8
      107499000	      5273	800041ee	fd7ff0ef	jal	x1,800041c4	  x1=0x800041f2
      107539000	      5275	800041c4	a021	c.j	800041cc	
      107619000	      5279	800041cc	018000ef	jal	x1,800041e4	  x1=0x800041d0
      107819000	      5289	800041e4	37fd	c.jal	800041d2	  x1=0x800041e6
      107859000	      5291	800041d2	2029	c.jal	800041dc	  x1=0x800041d4
      108359000	      5316	800041dc	bfe5	c.j	800041d4	
      108419000	      5319	800041d4	01e0056f	jal	x10,800041f2	 x10=0x800041d8
      108459000	      5321	800041f2	a019	c.j	800041f8	
      108499000	      5323	800041f8	bfe1	c.j	800041d0	
      108539000	      5325	800041d0	a021	c.j	800041d8	
      108579000	      5327	800041d8	2831	c.jal	800041f4	  x1=0x800041da
      108619000	      5329	800041f4	37fd	c.jal	800041e2	  x1=0x800041f6
      108699000	      5333	800041e2	a011	c.j	800041e6	
      108759000	      5336	800041e6	2009	c.jal	800041e8	  x1=0x800041e8
      108819000	      5339	800041e8	37cd	c.jal	800041ca	  x1=0x800041ea
      108879000	      5342	800041ca	2005	c.jal	800041ea	  x1=0x800041cc
      108939000	      5345	800041ea	ff5ff0ef	jal	x1,800041de	  x1=0x800041ee
      109019000	      5349	800041de	ffdfffef	jal	x31,800041da	 x31=0x800041e2
      109059000	      5351	800041da	a005	c.j	800041fa	
      109159000	      5356	800041fa	0000100f	fence.i	
      110239000	      5410	800041fe	0360076f	jal	x14,80004234	 x14=0x80004202
      110979000	      5447	80004234	0160046f	jal	x8,8000424a	  x8=0x80004238
      111839000	      5490	8000424a	3fd5	c.jal	8000423e	  x1=0x8000424c
      112499000	      5523	8000423e	b7f5	c.j	8000422a	
      113139000	      5555	8000422a	00e00fef	jal	x31,80004238	 x31=0x8000422e
      113599000	      5578	80004238	fcbff0ef	jal	x1,80004202	  x1=0x8000423c
      114199000	      5608	80004202	03e008ef	jal	x17,80004240	 x17=0x80004206
      114819000	      5639	80004240	37c5	c.jal	80004220	  x1=0x80004242
      115699000	      5683	80004220	3fe5	c.jal	80004218	  x1=0x80004222
      116439000	      5720	80004218	bfd5	c.j	8000420c	
      116999000	      5748	8000420c	a0a1	c.j	80004254	
      117519000	      5774	80004254	fd1ff0ef	jal	x1,80004224	  x1=0x80004258
      117559000	      5776	80004224	fffff36f	jal	x6,80004222	  x6=0x80004228
      117619000	      5779	80004222	3ff5	c.jal	8000421e	  x1=0x80004224
      117679000	      5782	8000421e	3fdd	c.jal	80004214	  x1=0x80004220
      117739000	      5785	80004214	038000ef	jal	x1,8000424c	  x1=0x80004218
      118319000	      5814	8000424c	fc5ff3ef	jal	x7,80004210	  x7=0x80004250
      118359000	      5816	80004210	01e0076f	jal	x14,8000422e	 x14=0x80004214
      118399000	      5818	8000422e	2829	c.jal	80004248	  x1=0x80004230
      118439000	      5820	80004248	37c1	c.jal	80004208	  x1=0x8000424a
      118479000	      5822	80004208	028001ef	jal	x3,80004230	  x3=0x8000420c
      118519000	      5824	80004230	02000cef	jal	x25,80004250	 x25=0x80004234
      118559000	      5826	80004250	ff5ff0ef	jal	x1,80004244	  x1=0x80004254
      119419000	      5869	80004244	fe5fffef	jal	x31,80004228	 x31=0x80004248
      119459000	      5871	80004228	2829	c.jal	80004242	  x1=0x8000422a
      119639000	      5880	80004242	3fe1	c.jal	8000421a	  x1=0x80004244
      119679000	      5882	8000421a	b7f5	c.j	80004206	
      120199000	      5908	80004206	2021	c.jal	8000420e	  x1=0x80004208
      120239000	      5910	8000420e	2039	c.jal	8000421c	  x1=0x80004210
      120279000	      5912	8000421c	2005	c.jal	8000423c	  x1=0x8000421e
      120319000	      5914	8000423c	a831	c.j	80004258	
      120359000	      5916	80004258	01a327b3	slt	x15,x6,x26	  x6:0x80004228 x26:0x00000000 x15=0x00000001
      120379000	      5917	8000425c	01e0076f	jal	x14,8000427a	 x14=0x80004260
      120679000	      5932	8000427a	008000ef	jal	x1,80004282	  x1=0x8000427e
      121939000	      5995	80004282	b7fd	c.j	80004270	
      122479000	      6022	80004270	00e002ef	jal	x5,8000427e	  x5=0x80004274
      122539000	      6025	8000427e	fefff0ef	jal	x1,8000426c	  x1=0x80004282
      122599000	      6028	8000426c	008000ef	jal	x1,80004274	  x1=0x80004270
      122639000	      6030	80004274	a801	c.j	80004284	
      122679000	      6032	80004284	2811	c.jal	80004298	  x1=0x80004286
      122999000	      6048	80004298	fcdff36f	jal	x6,80004264	  x6=0x8000429c
      123039000	      6050	80004264	bff5	c.j	80004260	
      123099000	      6053	80004260	a025	c.j	80004288	
      123159000	      6056	80004288	a811	c.j	8000429c	
      123939000	      6095	8000429c	37ed	c.jal	80004286	  x1=0x8000429e
      123999000	      6098	80004286	bff1	c.j	80004262	
      124059000	      6101	80004262	a835	c.j	8000429e	
      124139000	      6105	8000429e	fedff0ef	jal	x1,8000428a	  x1=0x800042a2
      124179000	      6107	8000428a	3ff1	c.jal	80004266	  x1=0x8000428c
      124259000	      6111	80004266	202d	c.jal	80004290	  x1=0x80004268
      124319000	      6114	80004290	fd9ff0ef	jal	x1,80004268	  x1=0x80004294
      124379000	      6117	80004268	024000ef	jal	x1,8000428c	  x1=0x8000426c
      124439000	      6120	8000428c	0080036f	jal	x6,80004294	  x6=0x80004290
      124499000	      6123	80004294	fe3ff0ef	jal	x1,80004276	  x1=0x80004298
      124579000	      6127	80004276	02c000ef	jal	x1,800042a2	  x1=0x8000427a
      124619000	      6129	800042a2	1c1c	c.addi4spn	x15,x2,560	 x15=0x90cf0e0c
      124639000	      6130	800042a4	0060076f	jal	x14,800042aa	 x14=0x800042a8
      124699000	      6133	800042aa	2825	c.jal	800042e2	  x1=0x800042ac
      125179000	      6157	800042e2	ffdff0ef	jal	x1,800042de	  x1=0x800042e6
      126159000	      6206	800042de	3ff5	c.jal	800042da	  x1=0x800042e0
      126519000	      6224	800042da	fd7ff36f	jal	x6,800042b0	  x6=0x800042de
      126559000	      6226	800042b0	01800bef	jal	x23,800042c8	 x23=0x800042b4
      126799000	      6238	800042c8	3fed	c.jal	800042c2	  x1=0x800042ca
      127079000	      6252	800042c2	b7dd	c.j	800042a8	
      127139000	      6255	800042a8	2809	c.jal	800042ba	  x1=0x800042aa
      127199000	      6258	800042ba	a801	c.j	800042ca	
      127279000	      6262	800042ca	febffeef	jal	x29,800042b4	 x29=0x800042ce
      127339000	      6265	800042b4	0320036f	jal	x6,800042e6	  x6=0x800042b8
      127399000	      6268	800042e6	fe9ff0ef	jal	x1,800042ce	  x1=0x800042ea
      127459000	      6271	800042ce	2831	c.jal	800042ea	  x1=0x800042d0
      127519000	      6274	800042ea	3fdd	c.jal	800042e0	  x1=0x800042ec
      127579000	      6277	800042e0	3fe5	c.jal	800042d8	  x1=0x800042e2
      127619000	      6279	800042d8	37dd	c.jal	800042be	  x1=0x800042da
      127699000	      6283	800042be	01200a6f	jal	x20,800042d0	 x20=0x800042c2
      127739000	      6285	800042d0	01c0036f	jal	x6,800042ec	  x6=0x800042d4
      127779000	      6287	800042ec	fc1ff36f	jal	x6,800042ac	  x6=0x800042f0
      127819000	      6289	800042ac	2801	c.jal	800042bc	  x1=0x800042ae
      127859000	      6291	800042bc	bff5	c.j	800042b8	
      127899000	      6293	800042b8	2839	c.jal	800042d6	  x1=0x800042ba
      127939000	      6295	800042d6	37fd	c.jal	800042c4	  x1=0x800042d8
      127979000	      6297	800042c4	030007ef	jal	x15,800042f4	 x15=0x800042c8
      128099000	      6303	800042f4	3ff5	c.jal	800042f0	  x1=0x800042f6
      128159000	      6306	800042f0	fe5ff0ef	jal	x1,800042d4	  x1=0x800042f4
      128219000	      6309	800042d4	3fe9	c.jal	800042ae	  x1=0x800042d6
      128279000	      6312	800042ae	a0a1	c.j	800042f6	
      128319000	      6314	800042f6	8ec9	c.or	x13,x10	 x13:0x00000050 x10:0x800041d8 x13=0x800041d8
      128499000	      6323	800042f8	0200076f	jal	x14,80004318	 x14=0x800042fc
      129119000	      6354	80004318	fe9ff0ef	jal	x1,80004300	  x1=0x8000431c
      129179000	      6357	80004300	2031	c.jal	8000430c	  x1=0x80004302
      129239000	      6360	8000430c	3ff5	c.jal	80004308	  x1=0x8000430e
      129299000	      6363	80004308	a029	c.j	80004312	
      131039000	      6450	80004312	ff9ff36f	jal	x6,8000430a	  x6=0x80004316
      131079000	      6452	8000430a	a809	c.j	8000431c	
      131119000	      6454	8000431c	febff0ef	jal	x1,80004306	  x1=0x80004320
      131159000	      6456	80004306	2801	c.jal	80004316	  x1=0x80004308
      131199000	      6458	80004316	37dd	c.jal	800042fc	  x1=0x80004318
      131239000	      6460	800042fc	a019	c.j	80004302	
      131299000	      6463	80004302	ffdffcef	jal	x25,800042fe	 x25=0x80004306
      131359000	      6466	800042fe	a00d	c.j	80004320	
      131419000	      6469	80004320	2009	c.jal	80004322	  x1=0x80004322
      131479000	      6472	80004322	37f5	c.jal	8000430e	  x1=0x80004324
      131599000	      6478	8000430e	016000ef	jal	x1,80004324	  x1=0x80004312
      131639000	      6480	80004324	8c69	c.and	x8,x10	  x8:0x80004238 x10:0x800041d8  x8=0x80004018
      131659000	      6481	80004326	0280076f	jal	x14,8000434e	 x14=0x8000432a
      132359000	      6516	8000434e	a031	c.j	8000435a	
      133039000	      6550	8000435a	37dd	c.jal	80004340	  x1=0x8000435c
      133599000	      6578	80004340	0200036f	jal	x6,80004360	  x6=0x80004344
      133639000	      6580	80004360	b7f5	c.j	8000434c	
      133679000	      6582	8000434c	2821	c.jal	80004364	  x1=0x8000434e
      133719000	      6584	80004364	fc7ff36f	jal	x6,8000432a	  x6=0x80004368
      133799000	      6588	8000432a	283d	c.jal	80004368	  x1=0x8000432c
      133859000	      6591	80004368	37ed	c.jal	80004352	  x1=0x8000436a
      133919000	      6594	80004352	2821	c.jal	8000436a	  x1=0x80004354
      133979000	      6597	8000436a	fcfff0ef	jal	x1,80004338	  x1=0x8000436e
      134739000	      6635	80004338	02a000ef	jal	x1,80004362	  x1=0x8000433c
      134799000	      6638	80004362	3fed	c.jal	8000435c	  x1=0x80004364
      134839000	      6640	8000435c	bfc1	c.j	8000432c	
      134879000	      6642	8000432c	a02d	c.j	80004356	
      134919000	      6644	80004356	2021	c.jal	8000435e	  x1=0x80004358
      134959000	      6646	8000435e	37dd	c.jal	80004344	  x1=0x80004360
      134999000	      6648	80004344	febff2ef	jal	x5,8000432e	  x5=0x80004348
      135079000	      6652	8000432e	006000ef	jal	x1,80004334	  x1=0x80004332
      135139000	      6655	80004334	a005	c.j	80004354	
      135179000	      6657	80004354	37e5	c.jal	8000433c	  x1=0x80004356
      135219000	      6659	8000433c	00c000ef	jal	x1,80004348	  x1=0x80004340
      135259000	      6661	80004348	fefff36f	jal	x6,80004336	  x6=0x8000434c
      135299000	      6663	80004336	bff5	c.j	80004332	
      135339000	      6665	80004332	201d	c.jal	80004358	  x1=0x80004334
      135379000	      6667	80004358	3fe5	c.jal	80004350	  x1=0x8000435a
      135419000	      6669	80004350	2839	c.jal	8000436e	  x1=0x80004352
      135459000	      6671	8000436e	8eba	c.mv	x29,x14	  x0:0x00000000 x14:0x8000432a x29=0x8000432a
      135479000	      6672	80004370	0240076f	jal	x14,80004394	 x14=0x80004374
      135599000	      6678	80004394	a801	c.j	800043a4	
      135919000	      6694	800043a4	bfc9	c.j	80004376	
      136039000	      6700	80004376	02c000ef	jal	x1,800043a2	  x1=0x8000437a
      136099000	      6703	800043a2	a021	c.j	800043aa	
      136899000	      6743	800043aa	3fc5	c.jal	8000439a	  x1=0x800043ac
      136939000	      6745	8000439a	3fe9	c.jal	80004374	  x1=0x8000439c
      137399000	      6768	80004374	a825	c.j	800043ac	
      137459000	      6771	800043ac	fd7ff0ef	jal	x1,80004382	  x1=0x800043b0
      138239000	      6810	80004382	280d	c.jal	800043b4	  x1=0x80004384
      138279000	      6812	800043b4	3ff5	c.jal	800043b0	  x1=0x800043b6
      138359000	      6816	800043b0	fedffe6f	jal	x28,8000439c	 x28=0x800043b4
      138419000	      6819	8000439c	3fd5	c.jal	80004390	  x1=0x8000439e
      138459000	      6821	80004390	00e000ef	jal	x1,8000439e	  x1=0x80004394
      138539000	      6825	8000439e	0200036f	jal	x6,800043be	  x6=0x800043a2
      138599000	      6828	800043be	b7f1	c.j	8000438a	
      138679000	      6832	8000438a	030000ef	jal	x1,800043ba	  x1=0x8000438e
      138739000	      6835	800043ba	37f5	c.jal	800043a6	  x1=0x800043bc
      138799000	      6838	800043a6	bff9	c.j	80004384	
      138839000	      6840	80004384	0040036f	jal	x6,80004388	  x6=0x80004388
      138919000	      6844	80004388	2815	c.jal	800043bc	  x1=0x8000438a
      138979000	      6847	800043bc	bfc9	c.j	8000438e	
      139039000	      6850	8000438e	b7f5	c.j	8000437a	
      139119000	      6854	8000437a	0040036f	jal	x6,8000437e	  x6=0x8000437e
      139239000	      6860	8000437e	02a000ef	jal	x1,800043a8	  x1=0x80004382
      139299000	      6863	800043a8	a039	c.j	800043b6	
      139379000	      6867	800043b6	fe1ffcef	jal	x25,80004396	 x25=0x800043ba
      139439000	      6870	80004396	02a000ef	jal	x1,800043c0	  x1=0x8000439a
      139499000	      6873	800043c0	9b92	c.add	x23,x4	 x23:0x800042b4  x4:0x00000000 x23=0x800042b4
      139519000	      6874	800043c2	0100076f	jal	x14,800043d2	 x14=0x800043c6
      140439000	      6920	800043d2	2015	c.jal	800043f6	  x1=0x800043d4
      141399000	      6968	800043f6	bfd5	c.j	800043ea	
      141739000	      6985	800043ea	a819	c.j	80004400	
      141799000	      6988	80004400	3fd1	c.jal	800043d4	  x1=0x80004402
      141839000	      6990	800043d4	a029	c.j	800043de	
      141899000	      6993	800043de	2009	c.jal	800043e0	  x1=0x800043e0
      141939000	      6995	800043e0	a839	c.j	800043fe	
      141979000	      6997	800043fe	a011	c.j	80004402	
      142039000	      7000	80004402	fc5ff1ef	jal	x3,800043c6	  x3=0x80004406
      142379000	      7017	800043c6	2801	c.jal	800043d6	  x1=0x800043c8
      142479000	      7022	800043d6	016000ef	jal	x1,800043ec	  x1=0x800043da
      142539000	      7025	800043ec	37d5	c.jal	800043d0	  x1=0x800043ee
      142599000	      7028	800043d0	2025	c.jal	800043f8	  x1=0x800043d2
      142659000	      7031	800043f8	3fc9	c.jal	800043ca	  x1=0x800043fa
      142719000	      7034	800043ca	a821	c.j	800043e2	
      142759000	      7036	800043e2	2009	c.jal	800043e4	  x1=0x800043e4
      142799000	      7038	800043e4	fe9ff0ef	jal	x1,800043cc	  x1=0x800043e8
      142839000	      7040	800043cc	022000ef	jal	x1,800043ee	  x1=0x800043d0
      142959000	      7046	800043ee	fedff0ef	jal	x1,800043da	  x1=0x800043f2
      143019000	      7049	800043da	a821	c.j	800043f2	
      143099000	      7053	800043f2	ff7ff0ef	jal	x1,800043e8	  x1=0x800043f6
      143159000	      7056	800043e8	a809	c.j	800043fa	
      143219000	      7059	800043fa	fcfff0ef	jal	x1,800043c8	  x1=0x800043fe
      143259000	      7061	800043c8	a811	c.j	800043dc	
      143299000	      7063	800043dc	202d	c.jal	80004406	  x1=0x800043de
      144079000	      7102	80004406	03985cb3	divu	x25,x16,x25	 x16:0x00000000 x25:0x800043ba x25=0x00000000
      144099000	      7103	8000440a	0040076f	jal	x14,8000440e	 x14=0x8000440e
      144139000	      7105	8000440e	a021	c.j	80004416	
      144179000	      7107	80004416	2021	c.jal	8000441e	  x1=0x80004418
      144219000	      7109	8000441e	2035	c.jal	8000444a	  x1=0x80004420
      144879000	      7142	8000444a	3fd9	c.jal	80004420	  x1=0x8000444c
      144939000	      7145	80004420	2829	c.jal	8000443a	  x1=0x80004422
      148059000	      7301	8000443a	fe9ff36f	jal	x6,80004422	  x6=0x8000443e
      148119000	      7304	80004422	008001ef	jal	x3,8000442a	  x3=0x80004426
      148939000	      7345	8000442a	2829	c.jal	80004444	  x1=0x8000442c
      148979000	      7347	80004444	3fcd	c.jal	80004436	  x1=0x80004446
      149059000	      7351	80004436	b7cd	c.j	80004418	
      149119000	      7354	80004418	a011	c.j	8000441c	
      149179000	      7357	8000441c	bfe5	c.j	80004414	
      149239000	      7360	80004414	2005	c.jal	80004434	  x1=0x80004416
      149299000	      7363	80004434	3fe5	c.jal	8000442c	  x1=0x80004436
      149359000	      7366	8000442c	01a000ef	jal	x1,80004446	  x1=0x80004430
      149439000	      7370	80004446	ff9ff0ef	jal	x1,8000443e	  x1=0x8000444a
      149479000	      7372	8000443e	3ff1	c.jal	8000441a	  x1=0x80004440
      149559000	      7376	8000441a	bfdd	c.j	80004410	
      149619000	      7379	80004410	020008ef	jal	x17,80004430	 x17=0x80004414
      149679000	      7382	80004430	2021	c.jal	80004438	  x1=0x80004432
      149739000	      7385	80004438	3fc5	c.jal	80004428	  x1=0x8000443a
      149799000	      7388	80004428	a029	c.j	80004432	
      149839000	      7390	80004432	3fd5	c.jal	80004426	  x1=0x80004434
      149879000	      7392	80004426	a829	c.j	80004440	
      149919000	      7394	80004440	00c0036f	jal	x6,8000444c	  x6=0x80004444
      149999000	      7398	8000444c	8ea9	c.xor	x13,x10	 x13:0x800041d8 x10:0x800041d8 x13=0x00000000
      150059000	      7401	8000444e	00c0076f	jal	x14,8000445a	 x14=0x80004452
      150139000	      7405	8000445a	012000ef	jal	x1,8000446c	  x1=0x8000445e
      150739000	      7435	8000446c	3ffd	c.jal	8000446a	  x1=0x8000446e
      151839000	      7490	8000446a	a809	c.j	8000447c	
      151899000	      7493	8000447c	bfdd	c.j	80004472	
      151979000	      7497	80004472	fe7ff0ef	jal	x1,80004458	  x1=0x80004476
      152039000	      7500	80004458	2801	c.jal	80004468	  x1=0x8000445a
      152099000	      7503	80004468	a809	c.j	8000447a	
      152159000	      7506	8000447a	2029	c.jal	80004484	  x1=0x8000447c
      152599000	      7528	80004484	ffdff0ef	jal	x1,80004480	  x1=0x80004488
      152659000	      7531	80004480	fe3ff0ef	jal	x1,80004462	  x1=0x80004484
      152719000	      7534	80004462	bfc5	c.j	80004452	
      152779000	      7537	80004452	a015	c.j	80004476	
      152859000	      7541	80004476	febff0ef	jal	x1,80004460	  x1=0x8000447a
      152899000	      7543	80004460	3fd5	c.jal	80004454	  x1=0x80004462
      152939000	      7545	80004454	01a000ef	jal	x1,8000446e	  x1=0x80004458
      152999000	      7548	8000446e	0100036f	jal	x6,8000447e	  x6=0x80004472
      153039000	      7550	8000447e	2029	c.jal	80004488	  x1=0x80004480
      153079000	      7552	80004488	bfd9	c.j	8000445e	
      153119000	      7554	8000445e	a019	c.j	80004464	
      153159000	      7556	80004464	0260026f	jal	x4,8000448a	  x4=0x80004468
      153199000	      7558	8000448a	8afd	c.andi	x13,31	 x13:0x00000000 x13=0x00000000
      153219000	      7559	8000448c	0180076f	jal	x14,800044a4	 x14=0x80004490
      154579000	      7627	800044a4	ff9ff36f	jal	x6,8000449c	  x6=0x800044a8
      154619000	      7629	8000449c	2031	c.jal	800044a8	  x1=0x8000449e
      155199000	      7658	800044a8	2029	c.jal	800044b2	  x1=0x800044aa
      155239000	      7660	800044b2	bff5	c.j	800044ae	
      155299000	      7663	800044ae	2009	c.jal	800044b0	  x1=0x800044b0
      155359000	      7666	800044b0	37d5	c.jal	80004494	  x1=0x800044b2
      155419000	      7669	80004494	2819	c.jal	800044aa	  x1=0x80004496
      155499000	      7673	800044aa	014000ef	jal	x1,800044be	  x1=0x800044ae
      156019000	      7699	800044be	3fe9	c.jal	80004498	  x1=0x800044c0
      156079000	      7702	80004498	2009	c.jal	8000449a	  x1=0x8000449a
      156139000	      7705	8000449a	a829	c.j	800044b4	
      156199000	      7708	800044b4	00c000ef	jal	x1,800044c0	  x1=0x800044b8
      157099000	      7753	800044c0	ff9ff6ef	jal	x13,800044b8	 x13=0x800044c4
      157159000	      7756	800044b8	fe7ff0ef	jal	x1,8000449e	  x1=0x800044bc
      157279000	      7762	8000449e	01e000ef	jal	x1,800044bc	  x1=0x800044a2
      157339000	      7765	800044bc	3fd1	c.jal	80004490	  x1=0x800044be
      157399000	      7768	80004490	012000ef	jal	x1,800044a2	  x1=0x80004494
      157459000	      7771	800044a2	bfd5	c.j	80004496	
      157519000	      7774	80004496	203d	c.jal	800044c4	  x1=0x80004498
      157579000	      7777	800044c4	1280	c.addi4spn	x8,x2,352	  x8=0x90cf0d3c
      157599000	      7778	800044c6	0100076f	jal	x14,800044d6	 x14=0x800044ca
      158219000	      7809	800044d6	01a000ef	jal	x1,800044f0	  x1=0x800044da
      158819000	      7839	800044f0	2011	c.jal	800044f4	  x1=0x800044f2
      159299000	      7863	800044f4	3fc5	c.jal	800044e4	  x1=0x800044f6
      159359000	      7866	800044e4	a029	c.j	800044ee	
      159419000	      7869	800044ee	b7cd	c.j	800044d0	
      159479000	      7872	800044d0	3ff5	c.jal	800044cc	  x1=0x800044d2
      159539000	      7875	800044cc	a81d	c.j	80004502	
      159619000	      7879	80004502	fd9ff36f	jal	x6,800044da	  x6=0x80004506
      159699000	      7883	800044da	026000ef	jal	x1,80004500	  x1=0x800044de
      159759000	      7886	80004500	3fdd	c.jal	800044f6	  x1=0x80004502
      159879000	      7892	800044f6	0100036f	jal	x6,80004506	  x6=0x800044fa
      159939000	      7895	80004506	a011	c.j	8000450a	
      160779000	      7937	8000450a	2009	c.jal	8000450c	  x1=0x8000450c
      160819000	      7939	8000450c	fdbff36f	jal	x6,800044e6	  x6=0x80004510
      161339000	      7965	800044e6	018000ef	jal	x1,800044fe	  x1=0x800044ea
      161399000	      7968	800044fe	3ff5	c.jal	800044fa	  x1=0x80004500
      161479000	      7972	800044fa	fd5ff0ef	jal	x1,800044ce	  x1=0x800044fe
      161539000	      7975	800044ce	2011	c.jal	800044d2	  x1=0x800044d0
      161619000	      7979	800044d2	010000ef	jal	x1,800044e2	  x1=0x800044d6
      161659000	      7981	800044e2	37e5	c.jal	800044ca	  x1=0x800044e4
      161739000	      7985	800044ca	a83d	c.j	80004508	
      161799000	      7988	80004508	37cd	c.jal	800044ea	  x1=0x8000450a
      161879000	      7992	800044ea	ff5ff0ef	jal	x1,800044de	  x1=0x800044ee
      161999000	      7998	800044de	0140036f	jal	x6,800044f2	  x6=0x800044e2
      162059000	      8001	800044f2	2839	c.jal	80004510	  x1=0x800044f4
      162119000	      8004	80004510	001a30b3	sltu	x1,x20,x1	 x20:0x800042c2  x1:0x800044f4  x1=0x00000001
      162139000	      8005	80004514	0140076f	jal	x14,80004528	 x14=0x80004518
      162599000	      8028	80004528	0100036f	jal	x6,80004538	  x6=0x8000452c
      163299000	      8063	80004538	a019	c.j	8000453e	
      163339000	      8065	8000453e	b7e5	c.j	80004526	
      163839000	      8090	80004526	bfe5	c.j	8000451e	
      164059000	      8101	8000451e	034000ef	jal	x1,80004552	  x1=0x80004522
      164139000	      8105	80004552	bfc1	c.j	80004522	
      164219000	      8109	80004522	022000ef	jal	x1,80004544	  x1=0x80004526
      164279000	      8112	80004544	ff1ff0ef	jal	x1,80004534	  x1=0x80004548
      164339000	      8115	80004534	a035	c.j	80004560	
      164719000	      8134	80004560	b7c5	c.j	80004540	
      164759000	      8136	80004540	ffdff0ef	jal	x1,8000453c	  x1=0x80004544
      164819000	      8139	8000453c	a821	c.j	80004554	
      164879000	      8142	80004554	fc5ff16f	jal	x2,80004518	  x2=0x80004558
      164939000	      8145	80004518	2009	c.jal	8000451a	  x1=0x8000451a
      164999000	      8148	8000451a	a009	c.j	8000451c	
      165059000	      8151	8000451c	a081	c.j	8000455c	
      165119000	      8154	8000455c	ff1ff0ef	jal	x1,8000454c	  x1=0x80004560
      165179000	      8157	8000454c	004000ef	jal	x1,80004550	  x1=0x80004550
      165239000	      8160	80004550	bff1	c.j	8000452c	
      165279000	      8162	8000452c	2011	c.jal	80004530	  x1=0x8000452e
      165319000	      8164	80004530	0180026f	jal	x4,80004548	  x4=0x80004534
      165359000	      8166	80004548	010000ef	jal	x1,80004558	  x1=0x8000454c
      165399000	      8168	80004558	00a003ef	jal	x7,80004562	  x7=0x8000455c
      165439000	      8170	80004562	37f1	c.jal	8000452e	  x1=0x80004564
      165479000	      8172	8000452e	2021	c.jal	80004536	  x1=0x80004530
      165559000	      8176	80004536	2011	c.jal	8000453a	  x1=0x80004538
      165619000	      8179	8000453a	a02d	c.j	80004564	
      165679000	      8182	80004564	018deeb3	or	x29,x27,x24	 x27:0x801c48e6 x24:0x00000000 x29=0x801c48e6
      165699000	      8183	80004568	0140076f	jal	x14,8000457c	 x14=0x8000456c
      165899000	      8193	8000457c	00c00fef	jal	x31,80004588	 x31=0x80004580
      166419000	      8219	80004588	a809	c.j	8000459a	
      167099000	      8253	8000459a	bfe1	c.j	80004572	
      167139000	      8255	80004572	2831	c.jal	8000458e	  x1=0x80004574
      167659000	      8281	8000458e	ff7ff0ef	jal	x1,80004584	  x1=0x80004592
      167719000	      8284	80004584	3ffd	c.jal	80004582	  x1=0x80004586
      167779000	      8287	80004582	a029	c.j	8000458c	
      167839000	      8290	8000458c	b7d5	c.j	80004570	
      167899000	      8293	80004570	a801	c.j	80004580	
      167959000	      8296	80004580	a819	c.j	80004596	
      168039000	      8300	80004596	ffdff16f	jal	x2,80004592	  x2=0x8000459a
      168099000	      8303	80004592	ff5ff26f	jal	x4,80004586	  x4=0x80004596
      168159000	      8306	80004586	a011	c.j	8000458a	
      168219000	      8309	8000458a	b7fd	c.j	80004578	
      168259000	      8311	80004578	ff5ff0ef	jal	x1,8000456c	  x1=0x8000457c
      168299000	      8313	8000456c	0080036f	jal	x6,80004574	  x6=0x80004570
      168339000	      8315	80004574	0280016f	jal	x2,8000459c	  x2=0x80004578
      168419000	      8319	8000459c	01bdbe33	sltu	x28,x27,x27	 x27:0x801c48e6 x27:0x801c48e6 x28=0x00000000
      168439000	      8320	800045a0	0160076f	jal	x14,800045b6	 x14=0x800045a4
      168659000	      8331	800045b6	0080026f	jal	x4,800045be	  x4=0x800045ba
      169499000	      8373	800045be	2831	c.jal	800045da	  x1=0x800045c0
      170359000	      8416	800045da	ff3ff36f	jal	x6,800045cc	  x6=0x800045de
      170399000	      8418	800045cc	37c5	c.jal	800045ac	  x1=0x800045ce
      170459000	      8421	800045ac	2009	c.jal	800045ae	  x1=0x800045ae
      170519000	      8424	800045ae	bfdd	c.j	800045a4	
      170579000	      8427	800045a4	0240036f	jal	x6,800045c8	  x6=0x800045a8
      170639000	      8430	800045c8	fedff0ef	jal	x1,800045b4	  x1=0x800045cc
      170679000	      8432	800045b4	2829	c.jal	800045ce	  x1=0x800045b6
      170739000	      8435	800045ce	3fe5	c.jal	800045c6	  x1=0x800045d0
      170799000	      8438	800045c6	a029	c.j	800045d0	
      171339000	      8465	800045d0	ff1ff0ef	jal	x1,800045c0	  x1=0x800045d4
      171399000	      8468	800045c0	2009	c.jal	800045c2	  x1=0x800045c2
      171459000	      8471	800045c2	fe7ff0ef	jal	x1,800045a8	  x1=0x800045c6
      171519000	      8474	800045a8	02e002ef	jal	x5,800045d6	  x5=0x800045ac
      171579000	      8477	800045d6	fdbff2ef	jal	x5,800045b0	  x5=0x800045da
      171619000	      8479	800045b0	024000ef	jal	x1,800045d4	  x1=0x800045b4
      171659000	      8481	800045d4	37dd	c.jal	800045ba	  x1=0x800045d6
      171719000	      8484	800045ba	0240036f	jal	x6,800045de	  x6=0x800045be
      171819000	      8489	800045de	02e6bc33	mulhu	x24,x13,x14	 x13:0x800044c4 x14:0x800045a4 x24=0x40004534
      171839000	      8490	800045e2	0040076f	jal	x14,800045e6	 x14=0x800045e6
      171899000	      8493	800045e6	2015	c.jal	8000460a	  x1=0x800045e8
      172399000	      8518	8000460a	ff9ff0ef	jal	x1,80004602	  x1=0x8000460e
      173419000	      8569	80004602	028000ef	jal	x1,8000462a	  x1=0x80004606
      173699000	      8583	8000462a	006002ef	jal	x5,80004630	  x5=0x8000462e
      174299000	      8613	80004630	fd1ff0ef	jal	x1,80004600	  x1=0x80004634
      174359000	      8616	80004600	2039	c.jal	8000460e	  x1=0x80004602
      174439000	      8620	8000460e	fe3ff0ef	jal	x1,800045f0	  x1=0x80004612
      174479000	      8622	800045f0	ffdff6ef	jal	x13,800045ec	 x13=0x800045f4
      174559000	      8626	800045ec	a829	c.j	80004606	
      174619000	      8629	80004606	b7fd	c.j	800045f4	
      174679000	      8632	800045f4	006000ef	jal	x1,800045fa	  x1=0x800045f8
      175479000	      8672	800045fa	a829	c.j	80004614	
      175519000	      8674	80004614	ff5ff66f	jal	x12,80004608	 x12=0x80004618
      175559000	      8676	80004608	a809	c.j	8000461a	
      175599000	      8678	8000461a	b7cd	c.j	800045fc	
      175639000	      8680	800045fc	280d	c.jal	8000462e	  x1=0x800045fe
      175699000	      8683	8000462e	b7fd	c.j	8000461c	
      175759000	      8686	8000461c	3ff1	c.jal	800045f8	  x1=0x8000461e
      175819000	      8689	800045f8	a829	c.j	80004612	
      175879000	      8692	80004612	3fd9	c.jal	800045e8	  x1=0x80004614
      175919000	      8694	800045e8	03e00cef	jal	x25,80004626	 x25=0x800045ec
      176739000	      8735	80004626	ff9ff66f	jal	x12,8000461e	 x12=0x8000462a
      176799000	      8738	8000461e	ffbff96f	jal	x18,80004618	 x18=0x80004622
      176859000	      8741	80004618	2029	c.jal	80004622	  x1=0x8000461a
      176919000	      8744	80004622	fcdff46f	jal	x8,800045ee	  x8=0x80004626
      176979000	      8747	800045ee	a801	c.j	800045fe	
      177039000	      8750	800045fe	a81d	c.j	80004634	
      177099000	      8753	80004634	89aa	c.mv	x19,x10	  x0:0x00000000 x10:0x800041d8 x19=0x800041d8
      177119000	      8754	80004636	0040076f	jal	x14,8000463a	 x14=0x8000463a
      177179000	      8757	8000463a	016000ef	jal	x1,80004650	  x1=0x8000463e
      177519000	      8774	80004650	a009	c.j	80004652	
      178819000	      8839	80004652	37f5	c.jal	8000463e	  x1=0x80004654
      179099000	      8853	8000463e	00800def	jal	x27,80004646	 x27=0x80004642
      179679000	      8882	80004646	004000ef	jal	x1,8000464a	  x1=0x8000464a
      179759000	      8886	8000464a	a011	c.j	8000464e	
      192339000	      9515	8000464e	bffd	c.j	8000464c	
      192379000	      9517	8000464c	bfe5	c.j	80004644	
      192419000	      9519	80004644	3ffd	c.jal	80004642	  x1=0x80004646
      192459000	      9521	80004642	a809	c.j	80004654	
      192499000	      9523	80004654	013ebeb3	sltu	x29,x29,x19	 x29:0x801c48e6 x19:0x800041d8 x29=0x00000000
      192519000	      9524	80004658	0040076f	jal	x14,8000465c	 x14=0x8000465c
      192559000	      9526	8000465c	02e0036f	jal	x6,8000468a	  x6=0x80004660
      193319000	      9564	8000468a	bff5	c.j	80004686	
      194099000	      9603	80004686	ff9ff36f	jal	x6,8000467e	  x6=0x8000468a
      194299000	      9613	8000467e	3fdd	c.jal	80004674	  x1=0x80004680
      195079000	      9652	80004674	a009	c.j	80004676	
      195379000	      9667	80004676	a019	c.j	8000467c	
      195419000	      9669	8000467c	37d5	c.jal	80004660	  x1=0x8000467e
      195459000	      9671	80004660	2029	c.jal	8000466a	  x1=0x80004662
      195799000	      9688	8000466a	016000ef	jal	x1,80004680	  x1=0x8000466e
      195839000	      9690	80004680	2031	c.jal	8000468c	  x1=0x80004682
      195879000	      9692	8000468c	b7f5	c.j	80004678	
      195919000	      9694	80004678	01e00c6f	jal	x24,80004696	 x24=0x8000467c
      195959000	      9696	80004696	3ff1	c.jal	80004672	  x1=0x80004698
      195999000	      9698	80004672	200d	c.jal	80004694	  x1=0x80004674
      196339000	      9715	80004694	3ff1	c.jal	80004670	  x1=0x80004696
      196399000	      9718	80004670	3fdd	c.jal	80004666	  x1=0x80004672
      196479000	      9722	80004666	008000ef	jal	x1,8000466e	  x1=0x8000466a
      196519000	      9724	8000466e	2015	c.jal	80004692	  x1=0x80004670
      196599000	      9728	80004692	bfc9	c.j	80004664	
      196659000	      9731	80004664	bffd	c.j	80004662	
      196719000	      9734	80004662	2005	c.jal	80004682	  x1=0x80004664
      196799000	      9738	80004682	00c000ef	jal	x1,8000468e	  x1=0x80004686
      196879000	      9742	8000468e	00a000ef	jal	x1,80004698	  x1=0x80004692
      196919000	      9744	80004698	00de2e33	slt	x28,x28,x13	 x28:0x00000000 x13:0x800045f4 x28=0x00000000
      196939000	      9745	8000469c	02e0076f	jal	x14,800046ca	 x14=0x800046a0
      197399000	      9768	800046ca	bfcd	c.j	800046bc	
      197719000	      9784	800046bc	00a000ef	jal	x1,800046c6	  x1=0x800046c0
      197879000	      9792	800046c6	a039	c.j	800046d4	
      197939000	      9795	800046d4	fe5ff0ef	jal	x1,800046b8	  x1=0x800046d8
      197979000	      9797	800046b8	37f5	c.jal	800046a4	  x1=0x800046ba
      198019000	      9799	800046a4	006000ef	jal	x1,800046aa	  x1=0x800046a8
      198079000	      9802	800046aa	fffff16f	jal	x2,800046a8	  x2=0x800046ae
      198379000	      9817	800046a8	a025	c.j	800046d0	
      198439000	      9820	800046d0	ff1ff36f	jal	x6,800046c0	  x6=0x800046d4
      198499000	      9823	800046c0	ff3ff0ef	jal	x1,800046b2	  x1=0x800046c4
      198579000	      9827	800046b2	2809	c.jal	800046c4	  x1=0x800046b4
      198639000	      9830	800046c4	a811	c.j	800046d8	
      198679000	      9832	800046d8	bfd5	c.j	800046cc	
      198719000	      9834	800046cc	fefff0ef	jal	x1,800046ba	  x1=0x800046d0
      198779000	      9837	800046ba	bfd5	c.j	800046ae	
      198899000	      9843	800046ae	ff3ffe6f	jal	x28,800046a0	 x28=0x800046b2
      198939000	      9845	800046a0	0280016f	jal	x2,800046c8	  x2=0x800046a4
      198979000	      9847	800046c8	37fd	c.jal	800046b6	  x1=0x800046ca
      199019000	      9849	800046b6	3ffd	c.jal	800046b4	  x1=0x800046b8
      199079000	      9852	800046b4	201d	c.jal	800046da	  x1=0x800046b6
      199159000	      9856	800046da	ead67313	andi	x6,x12,-339	 x12:0x8000462a  x6=0x80004628
      199699000	      9883	800046de	0220076f	jal	x14,80004700	 x14=0x800046e2
      200499000	      9923	80004700	02a0036f	jal	x6,8000472a	  x6=0x80004704
      201579000	      9977	8000472a	37f5	c.jal	80004716	  x1=0x8000472c
      202179000	     10007	80004716	010008ef	jal	x17,80004726	 x17=0x8000471a
      202539000	     10025	80004726	fd9ff36f	jal	x6,800046fe	  x6=0x8000472a
      202799000	     10038	800046fe	a005	c.j	8000471e	
      202859000	     10041	8000471e	ff1ff26f	jal	x4,8000470e	  x4=0x80004722
      202939000	     10045	8000470e	02a000ef	jal	x1,80004738	  x1=0x80004712
      202979000	     10047	80004738	bff1	c.j	80004714	
      203179000	     10057	80004714	37c5	c.jal	800046f4	  x1=0x80004716
      203239000	     10060	800046f4	03c003ef	jal	x7,80004730	  x7=0x800046f8
      203299000	     10063	80004730	fc9ff56f	jal	x10,800046f8	 x10=0x80004734
      203359000	     10066	800046f8	bfed	c.j	800046f2	
      203419000	     10069	800046f2	a02d	c.j	8000471c	
      203479000	     10072	8000471c	bfd1	c.j	800046f0	
      203539000	     10075	800046f0	a835	c.j	8000472c	
      203599000	     10078	8000472c	fefffc6f	jal	x24,8000471a	 x24=0x80004730
      203639000	     10080	8000471a	bfd1	c.j	800046ee	
      203679000	     10082	800046ee	2831	c.jal	8000470a	  x1=0x800046f0
      203719000	     10084	8000470a	3ff5	c.jal	80004706	  x1=0x8000470c
      203859000	     10091	80004706	fe1ff76f	jal	x14,800046e6	 x14=0x8000470a
      203939000	     10095	800046e6	0140036f	jal	x6,800046fa	  x6=0x800046ea
      203999000	     10098	800046fa	febff36f	jal	x6,800046e4	  x6=0x800046fe
      204039000	     10100	800046e4	2025	c.jal	8000470c	  x1=0x800046e6
      204119000	     10104	8000470c	2819	c.jal	80004722	  x1=0x8000470e
      204199000	     10108	80004722	ff1ff0ef	jal	x1,80004712	  x1=0x80004726
      204259000	     10111	80004712	a00d	c.j	80004734	
      204319000	     10114	80004734	fb7ff96f	jal	x18,800046ea	 x18=0x80004738
      204379000	     10117	800046ea	01a0036f	jal	x6,80004704	  x6=0x800046ee
      204419000	     10119	80004704	3ff9	c.jal	800046e2	  x1=0x80004706
      204459000	     10121	800046e2	28a1	c.jal	8000473a	  x1=0x800046e4
      204519000	     10124	8000473a	0ff0000f	fence	iorw,iorw	
      204579000	     10127	8000473e	0160076f	jal	x14,80004754	 x14=0x80004742
      204919000	     10144	80004754	bfed	c.j	8000474e	
      204959000	     10146	8000474e	a835	c.j	8000478a	
      205639000	     10180	8000478a	ff3ff0ef	jal	x1,8000477c	  x1=0x8000478e
      206379000	     10217	8000477c	fcbff0ef	jal	x1,80004746	  x1=0x80004780
      206439000	     10220	80004746	a009	c.j	80004748	
      206499000	     10223	80004748	a035	c.j	80004774	
      207339000	     10265	80004774	00c000ef	jal	x1,80004780	  x1=0x80004778
      207379000	     10267	80004780	febff0ef	jal	x1,8000476a	  x1=0x80004784
      207919000	     10294	8000476a	fd9ff0ef	jal	x1,80004742	  x1=0x8000476e
      207979000	     10297	80004742	008000ef	jal	x1,8000474a	  x1=0x80004746
      208059000	     10301	8000474a	03a0036f	jal	x6,80004784	  x6=0x8000474e
      208119000	     10304	80004784	37c5	c.jal	80004764	  x1=0x80004786
      208159000	     10306	80004764	a039	c.j	80004772	
      208199000	     10308	80004772	37ed	c.jal	8000475c	  x1=0x80004774
      208239000	     10310	8000475c	02a000ef	jal	x1,80004786	  x1=0x80004760
      208319000	     10314	80004786	fd5ff36f	jal	x6,8000475a	  x6=0x8000478a
      208379000	     10317	8000475a	a005	c.j	8000477a	
      208419000	     10319	8000477a	b7f5	c.j	80004766	
      208479000	     10322	80004766	ffbff1ef	jal	x3,80004760	  x3=0x8000476a
      208519000	     10324	80004760	00e008ef	jal	x17,8000476e	 x17=0x80004764
      208599000	     10328	8000476e	fe9ff36f	jal	x6,80004756	  x6=0x80004772
      208659000	     10331	80004756	ffbfffef	jal	x31,80004750	 x31=0x8000475a
      208699000	     10333	80004750	0280036f	jal	x6,80004778	  x6=0x80004754
      208739000	     10335	80004778	a819	c.j	8000478e	
      208779000	     10337	8000478e	87ad	c.srai	x15,0xb	 x15:0x800042c8 x15=0xfff00008
      209139000	     10355	80004790	0360076f	jal	x14,800047c6	 x14=0x80004794
      209459000	     10371	800047c6	37c5	c.jal	800047a6	  x1=0x800047c8
      210539000	     10425	800047a6	a021	c.j	800047ae	
      211819000	     10489	800047ae	b7ed	c.j	80004798	
      211859000	     10491	80004798	280d	c.jal	800047ca	  x1=0x8000479a
      211919000	     10494	800047ca	a019	c.j	800047d0	
      211979000	     10497	800047d0	fe5ff36f	jal	x6,800047b4	  x6=0x800047d4
      212039000	     10500	800047b4	020003ef	jal	x7,800047d4	  x7=0x800047b8
      212099000	     10503	800047d4	fcdff0ef	jal	x1,800047a0	  x1=0x800047d8
      212159000	     10506	800047a0	a009	c.j	800047a2	
      212239000	     10510	800047a2	02000eef	jal	x29,800047c2	 x29=0x800047a6
      212279000	     10512	800047c2	bfed	c.j	800047bc	
      212319000	     10514	800047bc	004000ef	jal	x1,800047c0	  x1=0x800047c0
      212359000	     10516	800047c0	3fc5	c.jal	800047b0	  x1=0x800047c2
      212399000	     10518	800047b0	018000ef	jal	x1,800047c8	  x1=0x800047b4
      212439000	     10520	800047c8	b7cd	c.j	800047aa	
      212499000	     10523	800047aa	0220036f	jal	x6,800047cc	  x6=0x800047ae
      212559000	     10526	800047cc	fd1ff2ef	jal	x5,8000479c	  x5=0x800047d0
      212599000	     10528	8000479c	ff9ffa6f	jal	x20,80004794	 x20=0x800047a0
      212639000	     10530	80004794	0140036f	jal	x6,800047a8	  x6=0x80004798
      212679000	     10532	800047a8	a831	c.j	800047c4	
      212719000	     10534	800047c4	bfd5	c.j	800047b8	
      212759000	     10536	800047b8	fe3ff0ef	jal	x1,8000479a	  x1=0x800047bc
      212799000	     10538	8000479a	a83d	c.j	800047d8	
      212839000	     10540	800047d8	987d	c.andi	x8,-1	  x8:0x80004626  x8=0x80004626
      212859000	     10541	800047da	03e0076f	jal	x14,80004818	 x14=0x800047de
      213599000	     10578	80004818	bfd1	c.j	800047ec	
      213639000	     10580	800047ec	a009	c.j	800047ee	
      214099000	     10603	800047ee	2801	c.jal	800047fe	  x1=0x800047f0
      214819000	     10639	800047fe	b7f5	c.j	800047ea	
      214859000	     10641	800047ea	a035	c.j	80004816	
      215779000	     10687	80004816	a031	c.j	80004822	
      215819000	     10689	80004822	a011	c.j	80004826	
      215899000	     10693	80004826	ff7ff0ef	jal	x1,8000481c	  x1=0x8000482a
      215959000	     10696	8000481c	3fd1	c.jal	800047f0	  x1=0x8000481e
      216339000	     10715	800047f0	2815	c.jal	80004824	  x1=0x800047f2
      216399000	     10718	80004824	bf7d	c.j	800047e2	
      216459000	     10721	800047e2	04800eef	jal	x29,8000482a	 x29=0x800047e6
      216519000	     10724	8000482a	bfe1	c.j	80004802	
      216579000	     10727	80004802	a809	c.j	80004814	
      216639000	     10730	80004814	bff9	c.j	800047f2	
      216719000	     10734	800047f2	01e0036f	jal	x6,80004810	  x6=0x800047f6
      216779000	     10737	80004810	ff1fffef	jal	x31,80004800	 x31=0x80004814
      216839000	     10740	80004800	bff9	c.j	800047de	
      216879000	     10742	800047de	203d	c.jal	8000480c	  x1=0x800047e0
      216919000	     10744	8000480c	37fd	c.jal	800047fa	  x1=0x8000480e
      216979000	     10747	800047fa	ffdff26f	jal	x4,800047f6	  x4=0x800047fe
      217099000	     10753	800047f6	ff1ff0ef	jal	x1,800047e6	  x1=0x800047fa
      217179000	     10757	800047e6	034000ef	jal	x1,8000481a	  x1=0x800047ea
      217219000	     10759	8000481a	37fd	c.jal	80004808	  x1=0x8000481c
      217259000	     10761	80004808	016000ef	jal	x1,8000481e	  x1=0x8000480c
      217319000	     10764	8000481e	ff1ff2ef	jal	x5,8000480e	  x5=0x80004822
      217359000	     10766	8000480e	3fdd	c.jal	80004804	  x1=0x80004810
      217399000	     10768	80004804	fddff0ef	jal	x1,800047e0	  x1=0x80004808
      217439000	     10770	800047e0	20b1	c.jal	8000482c	  x1=0x800047e2
      217479000	     10772	8000482c	0000100f	fence.i	
      217799000	     10788	80004830	0040076f	jal	x14,80004834	 x14=0x80004834
      218639000	     10830	80004834	014002ef	jal	x5,80004848	  x5=0x80004838
      218919000	     10844	80004848	ff5ff0ef	jal	x1,8000483c	  x1=0x8000484c
      219279000	     10862	8000483c	a019	c.j	80004842	
      220019000	     10899	80004842	3fdd	c.jal	80004838	  x1=0x80004844
      220939000	     10945	80004838	2019	c.jal	8000483e	  x1=0x8000483a
      221759000	     10986	8000483e	2039	c.jal	8000484c	  x1=0x80004840
      222039000	     11000	8000484c	a809	c.j	8000485e	
      222179000	     11007	8000485e	fe3ff0ef	jal	x1,80004840	  x1=0x80004862
      222579000	     11027	80004840	a039	c.j	8000484e	
      223019000	     11049	8000484e	a031	c.j	8000485a	
      223439000	     11070	8000485a	bfdd	c.j	80004850	
      223559000	     11076	80004850	004000ef	jal	x1,80004854	  x1=0x80004854
      223759000	     11086	80004854	2009	c.jal	80004856	  x1=0x80004856
      223819000	     11089	80004856	0060036f	jal	x6,8000485c	  x6=0x8000485a
      223859000	     11091	8000485c	b7e5	c.j	80004844	
      223899000	     11093	80004844	ff7ff0ef	jal	x1,8000483a	  x1=0x80004848
      224779000	     11137	8000483a	2025	c.jal	80004862	  x1=0x8000483c
      224819000	     11139	80004862	0ace	c.slli	x21,0x13	 x21:0x80022cfe x21=0x67f00000
      224839000	     11140	80004864	0000100f	fence.i	
      225839000	     11190	80004868	40057097	auipc	x1,0x40057	  x1=0xc005b868
      225879000	     11192	8000486c	020b6d33	rem	x26,x22,x0	 x22:0xe7411c72  x0:0x00000000 x26=0xe7411c72
      225899000	     11193	80004870	0149ca63	blt	x19,x20,80004884	 x19:0x800041d8 x20:0x800047a0
      226359000	     11216	80004884	00969c93	slli	x25,x13,0x9	 x13:0x800045f4 x25=0x008be800
      226379000	     11217	80004888	01e48763	beq	x9,x30,80004896	  x9:0x8001ee2c x30:0x80022ce4
      226799000	     11238	8000488c	8449	c.srai	x8,0x12	  x8:0x80004626  x8=0xffffe000
      226819000	     11239	8000488e	d5fba213	slti	x4,x23,-673	 x23:0x800042b4  x4=0x00000001
      226839000	     11240	80004892	01c6d713	srli	x14,x13,0x1c	 x13:0x800045f4 x14=0x00000008
      226859000	     11241	80004896	400ffe13	andi	x28,x31,1024	 x31:0x80004814 x28=0x00000000
      226879000	     11242	8000489a	8f29	c.xor	x14,x10	 x14:0x00000008 x10:0x80004734 x14=0x8000473c
      226899000	     11243	8000489c	8e35	c.xor	x12,x13	 x12:0x8000462a x13:0x800045f4 x12=0x000003de
      226919000	     11244	8000489e	8d09	c.sub	x10,x10	 x10:0x80004734 x10:0x80004734 x10=0x00000000
      226939000	     11245	800048a0	01e1ba33	sltu	x20,x3,x30	  x3:0x8000476a x30:0x80022ce4 x20=0x00000001
      227119000	     11254	800048a4	717d	c.addi16sp	x2,-16	  x2:0x800046a4  x2=0x80004694
      227139000	     11255	800048a6	8f75	c.and	x14,x13	 x14:0x8000473c x13:0x800045f4 x14=0x80004534
      227199000	     11258	800048a8	61a1	c.lui	x3,0x8	  x3=0x00008000
      227339000	     11265	800048aa	74f8f293	andi	x5,x17,1871	 x17:0x80004764  x5=0x00000744
      227359000	     11266	800048ae	6469	c.lui	x8,0x1a	  x8=0x0001a000
      227759000	     11286	800048b0	40cad213	srai	x4,x21,0xc	 x21:0x67f00000  x4=0x00067f00
      227779000	     11287	800048b4	029c	c.addi4spn	x15,x2,320	 x15=0x800047d4
      227799000	     11288	800048b6	ea11	c.bnez	x12,800048ca	 x12:0x000003de
      229079000	     11352	800048ca	036267b3	rem	x15,x4,x22	  x4:0x00067f00 x22:0xe7411c72 x15=0x00067f00
      229099000	     11353	800048ce	40de8833	sub	x16,x29,x13	 x29:0x800047e6 x13:0x800045f4 x16=0x000001f2
      229119000	     11354	800048d2	0018d963	bge	x17,x1,800048e4	 x17:0x80004764  x1:0xc005b868
      229859000	     11391	800048d6	02204d33	div	x26,x0,x2	  x0:0x00000000  x2:0x80004694 x26=0x00000000
      229899000	     11393	800048da	030020b3	mulhsu	x1,x0,x16	  x0:0x00000000 x16:0x000001f2  x1=0x00000000
      229919000	     11394	800048de	0ff0000f	fence	iorw,iorw	
      229939000	     11395	800048e2	997d	c.andi	x10,-1	 x10:0x00000000 x10=0x00000000
      229959000	     11396	800048e4	0a9d	c.addi	x21,7	 x21:0x67f00000 x21=0x67f00007
      229979000	     11397	800048e6	00cedc63	bge	x29,x12,800048fe	 x29:0x800047e6 x12:0x000003de
      230099000	     11403	800048ea	02738e33	mul	x28,x7,x7	  x7:0x800047b8  x7:0x800047b8 x28=0x14179440
      230959000	     11446	800048ee	02b5c333	div	x6,x11,x11	 x11:0x894eacb4 x11:0x894eacb4  x6=0x00000001
      231699000	     11483	800048f2	022052b3	divu	x5,x0,x2	  x0:0x00000000  x2:0x80004694  x5=0x00000000
      235899000	     11693	800048f6	03948263	beq	x9,x25,8000491a	  x9:0x8001ee2c x25:0x008be800
      235919000	     11694	800048fa	bbabfa13	andi	x20,x23,-1094	 x23:0x800042b4 x20=0x800042b0
      235959000	     11696	800048fe	028817b3	mulh	x15,x16,x8	 x16:0x000001f2  x8:0x0001a000 x15=0x00000000
      235979000	     11697	80004902	023109b3	mul	x19,x2,x3	  x2:0x80004694  x3:0x00008000 x19=0x234a0000
      235999000	     11698	80004906	95496193	ori	x3,x18,-1708	 x18:0x80004738  x3=0xffffff7c
      236019000	     11699	8000490a	827d	c.srli	x12,0x1f	 x12:0x000003de x12=0x00000000
      236039000	     11700	8000490c	41285a93	srai	x21,x16,0x12	 x16:0x000001f2 x21=0x00000000
      236339000	     11715	80004910	02c716b3	mulh	x13,x14,x12	 x14:0x80004534 x12:0x00000000 x13=0x00000000
      236359000	     11716	80004914	876a	c.mv	x14,x26	  x0:0x00000000 x26:0x00000000 x14=0x00000000
      236619000	     11729	80004916	42acea93	ori	x21,x25,1066	 x25:0x008be800 x21=0x008bec2a
      237599000	     11778	8000491a	03f46333	rem	x6,x8,x31	  x8:0x0001a000 x31:0x80004814  x6=0x0001a000
      237619000	     11779	8000491e	8f21	c.xor	x14,x8	 x14:0x00000000  x8:0x0001a000 x14=0x0001a000
      237639000	     11780	80004920	9a5a	c.add	x20,x22	 x20:0x800042b0 x22:0xe7411c72 x20=0x67415f22
      238379000	     11817	80004922	02efd7b3	divu	x15,x31,x14	 x31:0x80004814 x14:0x0001a000 x15=0x00004ec5
      238399000	     11818	80004926	04cc4363	blt	x24,x12,8000496c	 x24:0x80004730 x12:0x00000000
      238479000	     11822	8000496c	57fd	c.li	x15,-1	 x15=0xffffffff
      238819000	     11839	8000496e	02dbe6b3	rem	x13,x23,x13	 x23:0x800042b4 x13:0x00000000 x13=0x800042b4
      238839000	     11840	80004972	00917733	and	x14,x2,x9	  x2:0x80004694  x9:0x8001ee2c x14=0x80004604
      239239000	     11860	80004976	023b0363	beq	x22,x3,8000499c	 x22:0xe7411c72  x3:0xffffff7c
      239259000	     11861	8000497a	8e59	c.or	x12,x14	 x12:0x00000000 x14:0x80004604 x12=0x80004604
      239379000	     11867	8000497c	0176b1b3	sltu	x3,x13,x23	 x13:0x800042b4 x23:0x800042b4  x3=0x00000000
      239819000	     11889	80004980	025d1e33	mulh	x28,x26,x5	 x26:0x00000000  x5:0x00000000 x28=0x00000000
      240159000	     11906	80004984	8ea1	c.xor	x13,x8	 x13:0x800042b4  x8:0x0001a000 x13=0x8001e2b4
      240319000	     11914	80004986	e4dd7893	andi	x17,x26,-435	 x26:0x00000000 x17=0x00000000
      240339000	     11915	8000498a	8c21	c.xor	x8,x8	  x8:0x0001a000  x8:0x0001a000  x8=0x00000000
      240359000	     11916	8000498c	567d	c.li	x12,-1	 x12=0xffffffff
      240379000	     11917	8000498e	08ba	c.slli	x17,0xe	 x17:0x00000000 x17=0x00000000
      240419000	     11919	80004990	03cbe433	rem	x8,x23,x28	 x23:0x800042b4 x28:0x00000000  x8=0x800042b4
      240439000	     11920	80004994	013b1d93	slli	x27,x22,0x13	 x22:0xe7411c72 x27=0xe3900000
      240499000	     11923	80004998	00aa2fb3	slt	x31,x20,x10	 x20:0x67415f22 x10:0x00000000 x31=0x00000000
      240919000	     11944	8000499c	8d32	c.mv	x26,x12	  x0:0x00000000 x12:0xffffffff x26=0xffffffff
      241079000	     11952	8000499e	05a56063	bltu	x10,x26,800049de	 x10:0x00000000 x26:0xffffffff
      241439000	     11970	800049de	01784233	xor	x4,x16,x23	 x16:0x000001f2 x23:0x800042b4  x4=0x80004346
      241459000	     11971	800049e2	a0e35417	auipc	x8,0xa0e35	  x8=0x20e399e2
      241479000	     11972	800049e6	8c75	c.and	x8,x13	  x8:0x20e399e2 x13:0x8001e2b4  x8=0x000180a0
      241499000	     11973	800049e8	884a	c.mv	x16,x18	  x0:0x00000000 x18:0x80004738 x16=0x80004738
      241519000	     11974	800049ea	8c6d	c.and	x8,x11	  x8:0x000180a0 x11:0x894eacb4  x8=0x000080a0
      241539000	     11975	800049ec	0100076f	jal	x14,800049fc	 x14=0x800049f0
      241919000	     11994	800049fc	bfe5	c.j	800049f4	
      241959000	     11996	800049f4	a801	c.j	80004a04	
      242279000	     12012	80004a04	bfed	c.j	800049fe	
      242319000	     12014	800049fe	3fe5	c.jal	800049f6	  x1=0x80004a00
      242399000	     12018	800049f6	bff5	c.j	800049f2	
      242459000	     12021	800049f2	2811	c.jal	80004a06	  x1=0x800049f4
      242519000	     12024	80004a06	3fed	c.jal	80004a00	  x1=0x80004a08
      242579000	     12027	80004a00	3fe5	c.jal	800049f8	  x1=0x80004a02
      242619000	     12029	800049f8	2029	c.jal	80004a02	  x1=0x800049fa
      242659000	     12031	80004a02	b7fd	c.j	800049f0	
      242699000	     12033	800049f0	2029	c.jal	800049fa	  x1=0x800049f2
      242739000	     12035	800049fa	a039	c.j	80004a08	
      242779000	     12037	80004a08	004000ef	jal	x1,80004a0c	  x1=0x80004a0c
      242819000	     12039	80004a0c	8ead	c.xor	x13,x11	 x13:0x8001e2b4 x11:0x894eacb4 x13=0x094f4e00
      242839000	     12040	80004a0e	00de1a93	slli	x21,x28,0xd	 x28:0x00000000 x21=0x00000000
      242859000	     12041	80004a12	01a34463	blt	x6,x26,80004a1a	  x6:0x0001a000 x26:0xffffffff
      243239000	     12060	80004a16	009fd0b3	srl	x1,x31,x9	 x31:0x00000000  x9:0x8001ee2c  x1=0x00000000
      243259000	     12061	80004a1a	c80d	c.beqz	x8,80004a4c	  x8:0x000080a0
      243279000	     12062	80004a1c	01dbffb3	and	x31,x23,x29	 x23:0x800042b4 x29:0x800047e6 x31=0x800042a4
      243299000	     12063	80004a20	013b1e93	slli	x29,x22,0x13	 x22:0xe7411c72 x29=0xe3900000
      243319000	     12064	80004a24	4080dc33	sra	x24,x1,x8	  x1:0x00000000  x8:0x000080a0 x24=0x00000000
      243639000	     12080	80004a28	8711	c.srai	x14,0x4	 x14:0x800049f0 x14=0xf800049f
      243659000	     12081	80004a2a	cd19	c.beqz	x10,80004a48	 x10:0x00000000
      244419000	     12119	80004a48	0153b233	sltu	x4,x7,x21	  x7:0x800047b8 x21:0x00000000  x4=0x00000000
      244439000	     12120	80004a4c	9ed6	c.add	x29,x21	 x29:0xe3900000 x21:0x00000000 x29=0xe3900000
      244459000	     12121	80004a4e	820d	c.srli	x12,0x3	 x12:0xffffffff x12=0x1fffffff
      244859000	     12141	80004a50	8545	c.srai	x10,0x11	 x10:0x00000000 x10=0x00000000
      244959000	     12146	80004a52	0160076f	jal	x14,80004a68	 x14=0x80004a56
      245439000	     12170	80004a68	bfed	c.j	80004a62	
      245499000	     12173	80004a62	a009	c.j	80004a64	
      245559000	     12176	80004a64	ff5ffbef	jal	x23,80004a58	 x23=0x80004a68
      245599000	     12178	80004a58	a009	c.j	80004a5a	
      245639000	     12180	80004a5a	a829	c.j	80004a74	
      245679000	     12182	80004a74	37cd	c.jal	80004a56	  x1=0x80004a76
      245739000	     12185	80004a56	2821	c.jal	80004a6e	  x1=0x80004a58
      245819000	     12189	80004a6e	fefff36f	jal	x6,80004a5c	  x6=0x80004a72
      245859000	     12191	80004a5c	a801	c.j	80004a6c	
      245899000	     12193	80004a6c	3fcd	c.jal	80004a5e	  x1=0x80004a6e
      245959000	     12196	80004a5e	01a000ef	jal	x1,80004a78	  x1=0x80004a62
      245999000	     12198	80004a78	fffff0ef	jal	x1,80004a76	  x1=0x80004a7c
      246039000	     12200	80004a76	3ff5	c.jal	80004a72	  x1=0x80004a78
      246099000	     12203	80004a72	2029	c.jal	80004a7c	  x1=0x80004a74
      246139000	     12205	80004a7c	fefff0ef	jal	x1,80004a6a	  x1=0x80004a80
      246179000	     12207	80004a6a	a819	c.j	80004a80	
      246959000	     12246	80004a80	838e	c.mv	x7,x3	  x0:0x00000000  x3:0x00000000  x7=0x00000000
      246979000	     12247	80004a82	8eed	c.and	x13,x11	 x13:0x094f4e00 x11:0x894eacb4 x13=0x094e0c00
      247019000	     12249	80004a84	026a0ab3	mul	x21,x20,x6	 x20:0x67415f22  x6:0x80004a72 x21=0xe09c3124
      247039000	     12250	80004a88	1294	c.addi4spn	x13,x2,352	 x13=0x800047f4
      247099000	     12253	80004a8a	02000863	beq	x0,x0,80004aba	  x0:0x00000000  x0:0x00000000
      247499000	     12273	80004aba	016c6a63	bltu	x24,x22,80004ace	 x24:0x00000000 x22:0xe7411c72
      247859000	     12291	80004ace	01409793	slli	x15,x1,0x14	  x1:0x80004a80 x15=0xa8000000
      247879000	     12292	80004ad2	0b9e	c.slli	x23,0x7	 x23:0x80004a68 x23=0x00253400
      247899000	     12293	80004ad4	038a8b33	mul	x22,x21,x24	 x21:0xe09c3124 x24:0x00000000 x22=0x00000000
      248019000	     12299	80004ad8	40dc0333	sub	x6,x24,x13	 x24:0x00000000 x13:0x800047f4  x6=0x7fffb80c
      248459000	     12321	80004adc	024033b3	mulhu	x7,x0,x4	  x0:0x00000000  x4:0x00000000  x7=0x00000000
      248499000	     12323	80004ae0	02b29ab3	mulh	x21,x5,x11	  x5:0x00000000 x11:0x894eacb4 x21=0x00000000
      248519000	     12324	80004ae4	405ed313	srai	x6,x29,0x5	 x29:0xe3900000  x6=0xff1c8000
      248539000	     12325	80004ae8	00fedc93	srli	x25,x29,0xf	 x29:0xe3900000 x25=0x0001c720
      248639000	     12330	80004aec	0080076f	jal	x14,80004af4	 x14=0x80004af0
      249219000	     12359	80004af4	a015	c.j	80004b18	
      250159000	     12406	80004b18	37fd	c.jal	80004b06	  x1=0x80004b1a
      251299000	     12463	80004b06	00c000ef	jal	x1,80004b12	  x1=0x80004b0a
      251499000	     12473	80004b12	2029	c.jal	80004b1c	  x1=0x80004b14
      251559000	     12476	80004b1c	b7dd	c.j	80004b02	
      251619000	     12479	80004b02	00e000ef	jal	x1,80004b10	  x1=0x80004b06
      251679000	     12482	80004b10	3ff5	c.jal	80004b0c	  x1=0x80004b12
      251719000	     12484	80004b0c	b7ed	c.j	80004af6	
      251779000	     12487	80004af6	004000ef	jal	x1,80004afa	  x1=0x80004afa
      251819000	     12489	80004afa	3fdd	c.jal	80004af0	  x1=0x80004afc
      251859000	     12491	80004af0	01e0026f	jal	x4,80004b0e	  x4=0x80004af4
      251899000	     12493	80004b0e	3fcd	c.jal	80004b00	  x1=0x80004b10
      251939000	     12495	80004b00	a811	c.j	80004b14	
      252199000	     12508	80004b14	2019	c.jal	80004b1a	  x1=0x80004b16
      252239000	     12510	80004b1a	3fc5	c.jal	80004b0a	  x1=0x80004b1c
      252279000	     12512	80004b0a	3fcd	c.jal	80004afc	  x1=0x80004b0c
      252319000	     12514	80004afc	01a0036f	jal	x6,80004b16	  x6=0x80004b00
      252399000	     12518	80004b16	2021	c.jal	80004b1e	  x1=0x80004b18
      252519000	     12524	80004b1e	5df60e13	addi	x28,x12,1503	 x12:0x1fffffff x28=0x200005de
      252539000	     12525	80004b22	5929aa13	slti	x20,x19,1426	 x19:0x234a0000 x20=0x00000000
      252559000	     12526	80004b26	87a5	c.srai	x15,0x9	 x15:0xa8000000 x15=0xffd40000
      252579000	     12527	80004b28	37d75b37	lui	x22,0x37d75	 x22=0x37d75000
      252599000	     12528	80004b2c	0000100f	fence.i	
      252739000	     12535	80004b30	00127263	bgeu	x4,x1,80004b34	  x4:0x80004af4  x1:0x80004b18
      252819000	     12539	80004b34	03520033	mul	x0,x4,x21	  x4:0x80004af4 x21:0x00000000  x0=0x00000000
      253059000	     12551	80004b38	01ec1e13	slli	x28,x24,0x1e	 x24:0x00000000 x28=0x00000000
      253159000	     12556	80004b3c	02c029b3	mulhsu	x19,x0,x12	  x0:0x00000000 x12:0x1fffffff x19=0x00000000
      253179000	     12557	80004b40	0001	c.addi	x0,0	  x0:0x00000000  x0=0x00000000
      253199000	     12558	80004b42	00d2	c.slli	x1,0x14	  x1:0x80004b18  x1=0xb1800000
      253239000	     12560	80004b44	0317e933	rem	x18,x15,x17	 x15:0xffd40000 x17:0x00000000 x18=0xffd40000
      253259000	     12561	80004b48	0001	c.addi	x0,0	  x0:0x00000000  x0=0x00000000
      253419000	     12569	80004b4a	0ff0000f	fence	iorw,iorw	
      253439000	     12570	80004b4e	8fe5	c.and	x15,x9	 x15:0xffd40000  x9:0x8001ee2c x15=0x80000000
      253679000	     12582	80004b50	e919	c.bnez	x10,80004b66	 x10:0x00000000
      253739000	     12585	80004b52	0231ea63	bltu	x3,x3,80004b86	  x3:0x00000000  x3:0x00000000
      254099000	     12603	80004b56	01e49993	slli	x19,x9,0x1e	  x9:0x8001ee2c x19=0x00000000
      254119000	     12604	80004b5a	5dfd	c.li	x27,-1	 x27=0xffffffff
      254139000	     12605	80004b5c	ca01	c.beqz	x12,80004b6c	 x12:0x1fffffff
      254159000	     12606	80004b5e	0ff0000f	fence	iorw,iorw	
      254899000	     12643	80004b62	0287e933	rem	x18,x15,x8	 x15:0x80000000  x8:0x000080a0 x18=0xffffb8a0
      254939000	     12645	80004b66	02a92e33	mulhsu	x28,x18,x10	 x18:0xffffb8a0 x10:0x00000000 x28=0x00000000
      254959000	     12646	80004b6a	8eed	c.and	x13,x11	 x13:0x800047f4 x11:0x894eacb4 x13=0x800004b4
      254979000	     12647	80004b6c	00fb4563	blt	x22,x15,80004b76	 x22:0x37d75000 x15:0x80000000
      254999000	     12648	80004b70	8162	c.mv	x2,x24	  x0:0x00000000 x24:0x00000000  x2=0x00000000
      255019000	     12649	80004b72	717d	c.addi16sp	x2,-16	  x2:0x00000000  x2=0xfffffff0
      255039000	     12650	80004b74	4615	c.li	x12,5	 x12=0x00000005
      255059000	     12651	80004b76	41048a33	sub	x20,x9,x16	  x9:0x8001ee2c x16:0x80004738 x20=0x0001a6f4
      255079000	     12652	80004b7a	00371293	slli	x5,x14,0x3	 x14:0x80004af0  x5=0x00025780
      255099000	     12653	80004b7e	ec7e4097	auipc	x1,0xec7e4	  x1=0x6c7e8b7e
      255119000	     12654	80004b82	00c347b3	xor	x15,x6,x12	  x6:0x80004b00 x12:0x00000005 x15=0x80004b05
      255539000	     12675	80004b86	cfdcca93	xori	x21,x25,-771	 x25:0x0001c720 x21=0xfffe3bdd
      255559000	     12676	80004b8a	0ff0000f	fence	iorw,iorw	
      255659000	     12681	80004b8e	013991b3	sll	x3,x19,x19	 x19:0x00000000 x19:0x00000000  x3=0x00000000
      255679000	     12682	80004b92	0000100f	fence.i	
      256439000	     12720	80004b96	0041ed63	bltu	x3,x4,80004bb0	  x3:0x00000000  x4:0x80004af4
      256799000	     12738	80004bb0	012256b3	srl	x13,x4,x18	  x4:0x80004af4 x18:0xffffb8a0 x13=0x80004af4
      256899000	     12743	80004bb4	0360076f	jal	x14,80004bea	 x14=0x80004bb8
      257299000	     12763	80004bea	fddff46f	jal	x8,80004bc6	  x8=0x80004bee
      257839000	     12790	80004bc6	bfdd	c.j	80004bbc	
      258179000	     12807	80004bbc	a019	c.j	80004bc2	
      258659000	     12831	80004bc2	a801	c.j	80004bd2	
      259519000	     12874	80004bd2	bfed	c.j	80004bcc	
      259939000	     12895	80004bcc	37fd	c.jal	80004bba	  x1=0x80004bce
      260139000	     12905	80004bba	2811	c.jal	80004bce	  x1=0x80004bbc
      260339000	     12915	80004bce	00c000ef	jal	x1,80004bda	  x1=0x80004bd2
      260939000	     12945	80004bda	a831	c.j	80004bf6	
      261379000	     12967	80004bf6	fe7ff1ef	jal	x3,80004bdc	  x3=0x80004bfa
      262159000	     13006	80004bdc	2809	c.jal	80004bee	  x1=0x80004bde
      262359000	     13016	80004bee	fcbff26f	jal	x4,80004bb8	  x4=0x80004bf2
      262719000	     13034	80004bb8	282d	c.jal	80004bf2	  x1=0x80004bba
      262779000	     13037	80004bf2	fe7ff0ef	jal	x1,80004bd8	  x1=0x80004bf6
      262819000	     13039	80004bd8	200d	c.jal	80004bfa	  x1=0x80004bda
      262919000	     13044	80004bfa	fefff0ef	jal	x1,80004be8	  x1=0x80004bfe
      262979000	     13047	80004be8	bff1	c.j	80004bc4	
      263039000	     13050	80004bc4	3fed	c.jal	80004bbe	  x1=0x80004bc6
      263099000	     13053	80004bbe	2091	c.jal	80004c02	  x1=0x80004bc0
      263159000	     13056	80004c02	b7d9	c.j	80004bc8	
      263619000	     13079	80004bc8	01a000ef	jal	x1,80004be2	  x1=0x80004bcc
      263679000	     13082	80004be2	fdfff36f	jal	x6,80004bc0	  x6=0x80004be6
      263739000	     13085	80004bc0	2091	c.jal	80004c04	  x1=0x80004bc2
      263779000	     13087	80004c04	3fc1	c.jal	80004bd4	  x1=0x80004c06
      263919000	     13094	80004bd4	02a000ef	jal	x1,80004bfe	  x1=0x80004bd8
      263979000	     13097	80004bfe	fe9ff0ef	jal	x1,80004be6	  x1=0x80004c02
      264039000	     13100	80004be6	bfe5	c.j	80004bde	
      264099000	     13103	80004bde	028000ef	jal	x1,80004c06	  x1=0x80004be2
      264159000	     13106	80004c06	401f8733	sub	x14,x31,x1	 x31:0x800042a4  x1:0x80004be2 x14=0xfffff6c2
      264179000	     13107	80004c0a	5efd	c.li	x29,-1	 x29=0xffffffff
      264919000	     13144	80004c0c	029df7b3	remu	x15,x27,x9	 x27:0xffffffff  x9:0x8001ee2c x15=0x7ffe11d3
      264939000	     13145	80004c10	f21a2613	slti	x12,x20,-223	 x20:0x0001a6f4 x12=0x00000000
      264959000	     13146	80004c14	0059dd13	srli	x26,x19,0x5	 x19:0x00000000 x26=0x00000000
      265279000	     13162	80004c18	0325e063	bltu	x11,x18,80004c38	 x11:0x894eacb4 x18:0xffffb8a0
      266419000	     13219	80004c38	0156c733	xor	x14,x13,x21	 x13:0x80004af4 x21:0xfffe3bdd x14=0x7ffe7129
      266659000	     13231	80004c3c	01776333	or	x6,x14,x23	 x14:0x7ffe7129 x23:0x00253400  x6=0x7fff7529
      266759000	     13236	80004c40	02f59a33	mulh	x20,x11,x15	 x11:0x894eacb4 x15:0x7ffe11d3 x20=0xc4a83b79
      266779000	     13237	80004c44	03eb5e63	bge	x22,x30,80004c80	 x22:0x37d75000 x30:0x80022ce4
      267859000	     13291	80004c80	011866b3	or	x13,x16,x17	 x16:0x80004738 x17:0x00000000 x13=0x80004738
      268019000	     13299	80004c84	01f61133	sll	x2,x12,x31	 x12:0x00000000 x31:0x800042a4  x2=0x00000000
      268039000	     13300	80004c88	018ece63	blt	x29,x24,80004ca4	 x29:0xffffffff x24:0x00000000
      268519000	     13324	80004ca4	01011633	sll	x12,x2,x16	  x2:0x00000000 x16:0x80004738 x12=0x00000000
      268719000	     13334	80004ca8	01fa3eb3	sltu	x29,x20,x31	 x20:0xc4a83b79 x31:0x800042a4 x29=0x00000000
      268739000	     13335	80004cac	8d59	c.or	x10,x14	 x10:0x00000000 x14:0x7ffe7129 x10=0x7ffe7129
      268939000	     13345	80004cae	01a2a3b3	slt	x7,x5,x26	  x5:0x00025780 x26:0x00000000  x7=0x00000000
      268959000	     13346	80004cb2	8236	c.mv	x4,x13	  x0:0x00000000 x13:0x80004738  x4=0x80004738
      269139000	     13355	80004cb4	6165	c.addi16sp	x2,112	  x2:0x00000000  x2=0x00000070
      269159000	     13356	80004cb6	418a89b3	sub	x19,x21,x24	 x21:0xfffe3bdd x24:0x00000000 x19=0xfffe3bdd
      269579000	     13377	80004cba	dd0eeb93	ori	x23,x29,-560	 x29:0x00000000 x23=0xfffffdd0
      269599000	     13378	80004cbe	01c3e133	or	x2,x7,x28	  x7:0x00000000 x28:0x00000000  x2=0x00000000
      269619000	     13379	80004cc2	48bd	c.li	x17,15	 x17=0x0000000f
      269639000	     13380	80004cc4	00e31f93	slli	x31,x6,0xe	  x6:0x7fff7529 x31=0xdd4a4000
      269659000	     13381	80004cc8	e555	c.bnez	x10,80004d74	 x10:0x7ffe7129
      270619000	     13429	80004d74	e5faae13	slti	x28,x21,-417	 x21:0xfffe3bdd x28=0x00000001
      270659000	     13431	80004d78	0000100f	fence.i	
      271339000	     13465	80004d7c	00f6d863	bge	x13,x15,80004d8c	 x13:0x80004738 x15:0x7ffe11d3
      271359000	     13466	80004d80	02130d33	mul	x26,x6,x1	  x6:0x7fff7529  x1:0x80004be2 x26=0x56d87132
      271779000	     13487	80004d84	016c1613	slli	x12,x24,0x16	 x24:0x00000000 x12=0x00000000
      271799000	     13488	80004d88	001b3cb3	sltu	x25,x22,x1	 x22:0x37d75000  x1:0x80004be2 x25=0x00000001
      272159000	     13506	80004d8c	8b01	c.andi	x14,0	 x14:0x7ffe7129 x14=0x00000000
      272199000	     13508	80004d8e	032423b3	mulhsu	x7,x8,x18	  x8:0x80004bee x18:0xffffb8a0  x7=0x80006f9d
      272219000	     13509	80004d92	421d	c.li	x4,7	  x4=0x00000007
      272239000	     13510	80004d94	dbe5e393	ori	x7,x11,-578	 x11:0x894eacb4  x7=0xfffffdbe
      272399000	     13518	80004d98	0bf17713	andi	x14,x2,191	  x2:0x00000000 x14=0x00000000
      272539000	     13525	80004d9c	ca11	c.beqz	x12,80004db0	 x12:0x00000000
      272899000	     13543	80004db0	00b97b63	bgeu	x18,x11,80004dc6	 x18:0xffffb8a0 x11:0x894eacb4
      273759000	     13586	80004dc6	01396d63	bltu	x18,x19,80004de0	 x18:0xffffb8a0 x19:0xfffe3bdd
      273779000	     13587	80004dca	8c71	c.and	x8,x12	  x8:0x80004bee x12:0x00000000  x8=0x00000000
      273799000	     13588	80004dcc	0ff0000f	fence	iorw,iorw	
      274199000	     13608	80004dd0	0823fd93	andi	x27,x7,130	  x7:0xfffffdbe x27=0x00000082
      274459000	     13621	80004dd4	0ff0000f	fence	iorw,iorw	
      274879000	     13642	80004dd8	9968cb13	xori	x22,x17,-1642	 x17:0x0000000f x22=0xfffff999
      274919000	     13644	80004ddc	032d9233	mulh	x4,x27,x18	 x27:0x00000082 x18:0xffffb8a0  x4=0xffffffff
      274959000	     13646	80004de0	01612033	slt	x0,x2,x22	  x2:0x00000000 x22:0xfffff999  x0=0x00000000
      274979000	     13647	80004de4	d2478a13	addi	x20,x15,-732	 x15:0x7ffe11d3 x20=0x7ffe0ef7
      274999000	     13648	80004de8	00f16033	or	x0,x2,x15	  x2:0x00000000 x15:0x7ffe11d3  x0=0x00000000
      275099000	     13653	80004dec	586ecb97	auipc	x23,0x586ec	 x23=0xd86f0dec
      278059000	     13801	80004df0	035522b3	mulhsu	x5,x10,x21	 x10:0x7ffe7129 x21:0xfffe3bdd  x5=0x7ffd8f1a
      278799000	     13838	80004df4	03b4d333	divu	x6,x9,x27	  x9:0x8001ee2c x27:0x00000082  x6=0x00fc138e
      278819000	     13839	80004df8	0001	c.addi	x0,0	  x0:0x00000000  x0=0x00000000
      278839000	     13840	80004dfa	8c6d	c.and	x8,x11	  x8:0x00000000 x11:0x894eacb4  x8=0x00000000
      279579000	     13877	80004dfc	037e49b3	div	x19,x28,x23	 x28:0x00000001 x23:0xd86f0dec x19=0x00000000
      279599000	     13878	80004e00	005892b3	sll	x5,x17,x5	 x17:0x0000000f  x5:0x7ffd8f1a  x5=0x3c000000
      279619000	     13879	80004e04	019fc1b3	xor	x3,x31,x25	 x31:0xdd4a4000 x25:0x00000001  x3=0xdd4a4001
      279639000	     13880	80004e08	0001	c.addi	x0,0	  x0:0x00000000  x0=0x00000000
      279659000	     13881	80004e0a	023fe263	bltu	x31,x3,80004e2e	 x31:0xdd4a4000  x3:0xdd4a4001
      280499000	     13923	80004e2e	8396	c.mv	x7,x5	  x0:0x00000000  x5:0x3c000000  x7=0x3c000000
      281019000	     13949	80004e30	417fd093	srai	x1,x31,0x17	 x31:0xdd4a4000  x1=0xffffffba
      281159000	     13956	80004e34	02d48bb3	mul	x23,x9,x13	  x9:0x8001ee2c x13:0x80004738 x23=0x897a4da0
      281179000	     13957	80004e38	99ed7893	andi	x17,x26,-1634	 x26:0x56d87132 x17=0x56d87112
      281219000	     13959	80004e3c	8fb1	c.xor	x15,x12	 x15:0x7ffe11d3 x12:0x00000000 x15=0x7ffe11d3
      281239000	     13960	80004e3e	8fe9	c.and	x15,x10	 x15:0x7ffe11d3 x10:0x7ffe7129 x15=0x7ffe1101
      281259000	     13961	80004e40	01f28433	add	x8,x5,x31	  x5:0x3c000000 x31:0xdd4a4000  x8=0x194a4000
      281599000	     13978	80004e44	4ce5	c.li	x25,25	 x25=0x00000019
      281619000	     13979	80004e46	96f2	c.add	x13,x28	 x13:0x80004738 x28:0x00000001 x13=0x80004739
      281919000	     13994	80004e48	580cce93	xori	x29,x25,1408	 x25:0x00000019 x29=0x00000599
      281939000	     13995	80004e4c	d9d32793	slti	x15,x6,-611	  x6:0x00fc138e x15=0x00000000
      282679000	     14032	80004e50	0305f1b3	remu	x3,x11,x16	 x11:0x894eacb4 x16:0x80004738  x3=0x094e657c
      282699000	     14033	80004e54	f9454b13	xori	x22,x10,-108	 x10:0x7ffe7129 x22=0x80018ebd
      282719000	     14034	80004e58	01dc82b3	add	x5,x25,x29	 x25:0x00000019 x29:0x00000599  x5=0x000005b2
      282759000	     14036	80004e5c	028c9bb3	mulh	x23,x25,x8	 x25:0x00000019  x8:0x194a4000 x23=0x00000002
      282779000	     14037	80004e60	00975933	srl	x18,x14,x9	 x14:0x00000000  x9:0x8001ee2c x18=0x00000000
      282799000	     14038	80004e64	0690	c.addi4spn	x12,x2,832	 x12=0x00000340
      282819000	     14039	80004e66	00132533	slt	x10,x6,x1	  x6:0x00fc138e  x1:0xffffffba x10=0x00000000
      282839000	     14040	80004e6a	037ac563	blt	x21,x23,80004e94	 x21:0xfffe3bdd x23:0x00000002
      283039000	     14050	80004e94	8299	c.srli	x13,0x6	 x13:0x80004739 x13=0x0200011c
      283059000	     14051	80004e96	8451	c.srai	x8,0x14	  x8:0x194a4000  x8=0x00000194
      283379000	     14067	80004e98	02850533	mul	x10,x10,x8	 x10:0x00000000  x8:0x00000194 x10=0x00000000
      283539000	     14075	80004e9c	800d	c.srli	x8,0x3	  x8:0x00000194  x8=0x00000032
      283559000	     14076	80004e9e	8a35	c.andi	x12,13	 x12:0x00000340 x12=0x00000000
      283579000	     14077	80004ea0	1b7d	c.addi	x22,-1	 x22:0x80018ebd x22=0x80018ebc
      283639000	     14080	80004ea2	022ffcb3	remu	x25,x31,x2	 x31:0xdd4a4000  x2:0x00000000 x25=0xdd4a4000
      283719000	     14084	80004ea6	0fc22793	slti	x15,x4,252	  x4:0xffffffff x15=0x00000001
      284099000	     14103	80004eaa	01d29793	slli	x15,x5,0x1d	  x5:0x000005b2 x15=0x40000000
      284119000	     14104	80004eae	ca69c613	xori	x12,x19,-858	 x19:0x00000000 x12=0xfffffca6
      284139000	     14105	80004eb2	0151d013	srli	x0,x3,0x15	  x3:0x094e657c  x0=0x00000000
      284159000	     14106	80004eb6	8e01	c.sub	x12,x8	 x12:0xfffffca6  x8:0x00000032 x12=0xfffffc74
      284179000	     14107	80004eb8	00a4ab33	slt	x22,x9,x10	  x9:0x8001ee2c x10:0x00000000 x22=0x00000001
      284359000	     14116	80004ebc	0000100f	fence.i	
      284599000	     14128	80004ec0	0726	c.slli	x14,0x9	 x14:0x00000000 x14=0x00000000
      284679000	     14132	80004ec2	2d266e93	ori	x29,x12,722	 x12:0xfffffc74 x29=0xfffffef6
      284699000	     14133	80004ec6	8c772913	slti	x18,x14,-1849	 x14:0x00000000 x18=0x00000000
      284719000	     14134	80004eca	006ddf93	srli	x31,x27,0x6	 x27:0x00000082 x31=0x00000002
      284739000	     14135	80004ece	4801	c.li	x16,0	 x16=0x00000000
      285039000	     14150	80004ed0	035eb0b3	mulhu	x1,x29,x21	 x29:0xfffffef6 x21:0xfffe3bdd  x1=0xfffe3ad3
      285139000	     14155	80004ed4	16fd	c.addi	x13,-1	 x13:0x0200011c x13=0x0200011b
      285159000	     14156	80004ed6	0e31	c.addi	x28,12	 x28:0x00000001 x28=0x0000000d
      285279000	     14162	80004ed8	e795	c.bnez	x15,80004f04	 x15:0x40000000
      285959000	     14196	80004f04	0350b033	mulhu	x0,x1,x21	  x1:0xfffe3ad3 x21:0xfffe3bdd  x0=0x00000000
      285979000	     14197	80004f08	8c25	c.xor	x8,x9	  x8:0x00000032  x9:0x8001ee2c  x8=0x8001ee1e
      285999000	     14198	80004f0a	a402b893	sltiu	x17,x5,-1472	  x5:0x000005b2 x17=0x00000001
      286019000	     14199	80004f0e	02d48fb3	mul	x31,x9,x13	  x9:0x8001ee2c x13:0x0200011b x31=0xda224aa4
      286419000	     14219	80004f12	13db2013	slti	x0,x22,317	 x22:0x00000001  x0=0x00000000
      286639000	     14230	80004f16	40160db3	sub	x27,x12,x1	 x12:0xfffffc74  x1:0xfffe3ad3 x27=0x0001c1a1
      286659000	     14231	80004f1a	e289	c.bnez	x13,80004f1c	 x13:0x0200011b
      287199000	     14258	80004f1c	812d	c.srli	x10,0xb	 x10:0x00000000 x10=0x00000000
      287239000	     14260	80004f1e	0dd9cc13	xori	x24,x19,221	 x19:0x00000000 x24=0x000000dd
      287259000	     14261	80004f22	019377b3	and	x15,x6,x25	  x6:0x00fc138e x25:0xdd4a4000 x15=0x00480000
      287379000	     14267	80004f26	03eff463	bgeu	x31,x30,80004f4e	 x31:0xda224aa4 x30:0x80022ce4
      287659000	     14281	80004f4e	00c75613	srli	x12,x14,0xc	 x14:0x00000000 x12=0x00000000
      287679000	     14282	80004f52	0a6e	c.slli	x20,0x1b	 x20:0x7ffe0ef7 x20=0xb8000000
      287699000	     14283	80004f54	02569563	bne	x13,x5,80004f7e	 x13:0x0200011b  x5:0x000005b2
      288459000	     14321	80004f7e	9112e293	ori	x5,x5,-1775	  x5:0x000005b2  x5=0xfffffdb3
      288479000	     14322	80004f82	8fd1	c.or	x15,x12	 x15:0x00480000 x12:0x00000000 x15=0x00480000
      288499000	     14323	80004f84	6feecbb7	lui	x23,0x6feec	 x23=0x6feec000
      288519000	     14324	80004f88	8e99	c.sub	x13,x14	 x13:0x0200011b x14:0x00000000 x13=0x0200011b
      288539000	     14325	80004f8a	c609	c.beqz	x12,80004f94	 x12:0x00000000
      288879000	     14342	80004f94	04f65263	bge	x12,x15,80004fd8	 x12:0x00000000 x15:0x00480000
      288919000	     14344	80004f98	00f3e833	or	x16,x7,x15	  x7:0x3c000000 x15:0x00480000 x16=0x3c480000
      289199000	     14358	80004f9c	00e68fb3	add	x31,x13,x14	 x13:0x0200011b x14:0x00000000 x31=0x0200011b
      289399000	     14368	80004fa0	96fe	c.add	x13,x31	 x13:0x0200011b x31:0x0200011b x13=0x04000236
      289599000	     14378	80004fa2	01001c33	sll	x24,x0,x16	  x0:0x00000000 x16:0x3c480000 x24=0x00000000
      289639000	     14380	80004fa6	02bf1633	mulh	x12,x30,x11	 x30:0x80022ce4 x11:0x894eacb4 x12=0x3b57a773
      289659000	     14381	80004faa	8206	c.mv	x4,x1	  x0:0x00000000  x1:0xfffe3ad3  x4=0xfffe3ad3
      289919000	     14394	80004fac	0376a133	mulhsu	x2,x13,x23	 x13:0x04000236 x23:0x6feec000  x2=0x01bfbbf7
      290079000	     14402	80004fb0	8d05	c.sub	x10,x9	 x10:0x00000000  x9:0x8001ee2c x10=0x7ffe11d4
      290899000	     14443	80004fb2	0249c9b3	div	x19,x19,x4	 x19:0x00000000  x4:0xfffe3ad3 x19=0x00000000
      290919000	     14444	80004fb6	0057ed63	bltu	x15,x5,80004fd0	 x15:0x00480000  x5:0xfffffdb3
      291179000	     14457	80004fd0	9b040637	lui	x12,0x9b040	 x12=0x9b040000
      291599000	     14478	80004fd4	187d	c.addi	x16,-1	 x16:0x3c480000 x16=0x3c47ffff
      291619000	     14479	80004fd6	0a4e	c.slli	x20,0x13	 x20:0xb8000000 x20=0x00000000
      291679000	     14482	80004fd8	09a1	c.addi	x19,8	 x19:0x00000000 x19=0x00000008
      291699000	     14483	80004fda	ec9bbb13	sltiu	x22,x23,-311	 x23:0x6feec000 x22=0x00000001
      291819000	     14489	80004fde	004c6f63	bltu	x24,x4,80004ffc	 x24:0x00000000  x4:0xfffe3ad3
      292499000	     14523	80004ffc	00afce33	xor	x28,x31,x10	 x31:0x0200011b x10:0x7ffe11d4 x28=0x7dfe10cf
      292859000	     14541	80005000	00605fb3	srl	x31,x0,x6	  x0:0x00000000  x6:0x00fc138e x31=0x00000000
      292899000	     14543	80005004	9cba	c.add	x25,x14	 x25:0xdd4a4000 x14:0x00000000 x25=0xdd4a4000
      292919000	     14544	80005006	02b10e33	mul	x28,x2,x11	  x2:0x01bfbbf7 x11:0x894eacb4 x28=0x815c1dac
      292999000	     14548	8000500a	0114de33	srl	x28,x9,x17	  x9:0x8001ee2c x17:0x00000001 x28=0x4000f716
      293099000	     14553	8000500e	032d5a33	divu	x20,x26,x18	 x26:0x56d87132 x18:0x00000000 x20=0xffffffff
      293119000	     14554	80005012	01b2ea63	bltu	x5,x27,80005026	  x5:0xfffffdb3 x27:0x0001c1a1
      293139000	     14555	80005016	8be4b993	sltiu	x19,x9,-1858	  x9:0x8001ee2c x19=0x00000001
      293159000	     14556	8000501a	e131	c.bnez	x10,8000505e	 x10:0x7ffe11d4
      293599000	     14578	8000505e	0001	c.addi	x0,0	  x0:0x00000000  x0=0x00000000
      294019000	     14599	80005060	01e8df93	srli	x31,x17,0x1e	 x17:0x00000001 x31=0x00000000
      294039000	     14600	80005064	82b1	c.srli	x13,0xc	 x13:0x04000236 x13=0x00004000
      294059000	     14601	80005066	af6f2193	slti	x3,x30,-1290	 x30:0x80022ce4  x3=0x00000001
      294079000	     14602	8000506a	0001	c.addi	x0,0	  x0:0x00000000  x0=0x00000000
      294339000	     14615	8000506c	17259337	lui	x6,0x17259	  x6=0x17259000
      294359000	     14616	80005070	015d5b93	srli	x23,x26,0x15	 x26:0x56d87132 x23=0x000002b6
      294559000	     14626	80005074	02d88a63	beq	x17,x13,800050a8	 x17:0x00000001 x13:0x00004000
      294579000	     14627	80005078	021e8133	mul	x2,x29,x1	 x29:0xfffffef6  x1:0xfffe3ad3  x2=0x01d6e0c2
      294679000	     14632	8000507c	8a09	c.andi	x12,2	 x12:0x9b040000 x12=0x00000000
      294699000	     14633	8000507e	695b2613	slti	x12,x22,1685	 x22:0x00000001 x12=0x00000001
      295439000	     14670	80005082	028963b3	rem	x7,x18,x8	 x18:0x00000000  x8:0x8001ee1e  x7=0x00000000
      295459000	     14671	80005086	8ff5	c.and	x15,x13	 x15:0x00480000 x13:0x00004000 x15=0x00000000
      295479000	     14672	80005088	0021b6b3	sltu	x13,x3,x2	  x3:0x00000001  x2:0x01d6e0c2 x13=0x00000001
      296219000	     14709	8000508c	0367dd33	divu	x26,x15,x22	 x15:0x00000000 x22:0x00000001 x26=0x00000000
      296239000	     14710	80005090	01289e63	bne	x17,x18,800050ac	 x17:0x00000001 x18:0x00000000
      296519000	     14724	800050ac	020380b3	mul	x1,x7,x0	  x7:0x00000000  x0:0x00000000  x1=0x00000000
      296759000	     14736	800050b0	0001	c.addi	x0,0	  x0:0x00000000  x0=0x00000000
      296839000	     14740	800050b2	03930063	beq	x6,x25,800050d2	  x6:0x17259000 x25:0xdd4a4000
      297059000	     14751	800050b6	03889d63	bne	x17,x24,800050f0	 x17:0x00000001 x24:0x00000000
      298799000	     14838	800050f0	4069d033	sra	x0,x19,x6	 x19:0x00000001  x6:0x17259000  x0=0x00000000
      298879000	     14842	800050f4	0048a6b3	slt	x13,x17,x4	 x17:0x00000001  x4:0xfffe3ad3 x13=0x00000000
      299099000	     14853	800050f8	8d71	c.and	x10,x12	 x10:0x7ffe11d4 x12:0x00000001 x10=0x00000000
      299119000	     14854	800050fa	414d8a33	sub	x20,x27,x20	 x27:0x0001c1a1 x20:0xffffffff x20=0x0001c1a2
      299539000	     14875	800050fe	cd0f8c13	addi	x24,x31,-816	 x31:0x00000000 x24=0xfffffcd0
      299559000	     14876	80005102	612d	c.addi16sp	x2,224	  x2:0x01d6e0c2  x2=0x01d6e1a2
      299959000	     14896	80005104	0001	c.addi	x0,0	  x0:0x00000000  x0=0x00000000
      300379000	     14917	80005106	412c5633	sra	x12,x24,x18	 x24:0xfffffcd0 x18:0x00000000 x12=0xfffffcd0
      300399000	     14918	8000510a	01ba8133	add	x2,x21,x27	 x21:0xfffe3bdd x27:0x0001c1a1  x2=0xfffffd7e
      300419000	     14919	8000510e	51589c37	lui	x24,0x51589	 x24=0x51589000
      300439000	     14920	80005112	002d7f63	bgeu	x26,x2,80005130	 x26:0x00000000  x2:0xfffffd7e
      300479000	     14922	80005116	030aa733	mulhsu	x14,x21,x16	 x21:0xfffe3bdd x16:0x3c47ffff x14=0xffff9588
      300499000	     14923	8000511a	575af193	andi	x3,x21,1397	 x21:0xfffe3bdd  x3=0x00000155
      300619000	     14929	8000511e	40290db3	sub	x27,x18,x2	 x18:0x00000000  x2:0xfffffd7e x27=0x00000282
      300979000	     14947	80005122	01bb7a63	bgeu	x22,x27,80005136	 x22:0x00000001 x27:0x00000282
      300999000	     14948	80005126	8ef5	c.and	x13,x13	 x13:0x00000000 x13:0x00000000 x13=0x00000000
      301259000	     14961	80005128	0001	c.addi	x0,0	  x0:0x00000000  x0=0x00000000
      301279000	     14962	8000512a	0ad1	c.addi	x21,20	 x21:0xfffe3bdd x21=0xfffe3bf1
      301439000	     14970	8000512c	0011e9b3	or	x19,x3,x1	  x3:0x00000155  x1:0x00000000 x19=0x00000155
      301459000	     14971	80005130	5d25eeb7	lui	x29,0x5d25e	 x29=0x5d25e000
      301879000	     14992	80005134	0001	c.addi	x0,0	  x0:0x00000000  x0=0x00000000
      301899000	     14993	80005136	40bfdd33	sra	x26,x31,x11	 x31:0x00000000 x11:0x894eacb4 x26=0x00000000
      301919000	     14994	8000513a	011addb3	srl	x27,x21,x17	 x21:0xfffe3bf1 x17:0x00000001 x27=0x7fff1df8
      301939000	     14995	8000513e	861d	c.srai	x12,0x7	 x12:0xfffffcd0 x12=0xfffffff9
      302019000	     14999	80005140	6175	c.addi16sp	x2,368	  x2:0xfffffd7e  x2=0xfffffeee
      302039000	     15000	80005142	8d11	c.sub	x10,x12	 x10:0x00000000 x12:0xfffffff9 x10=0x00000007
      302059000	     15001	80005144	0b9d	c.addi	x23,7	 x23:0x000002b6 x23=0x000002bd
      302179000	     15007	80005146	40c681b3	sub	x3,x13,x12	 x13:0x00000000 x12:0xfffffff9  x3=0x00000007
      302199000	     15008	8000514a	8f65	c.and	x14,x9	 x14:0xffff9588  x9:0x8001ee2c x14=0x80018408
      302359000	     15016	8000514c	8ee9	c.and	x13,x10	 x13:0x00000000 x10:0x00000007 x13=0x00000000
      302399000	     15018	8000514e	03ffc333	div	x6,x31,x31	 x31:0x00000000 x31:0x00000000  x6=0xffffffff
      302419000	     15019	80005152	0001	c.addi	x0,0	  x0:0x00000000  x0=0x00000000
      302439000	     15020	80005154	acb4b893	sltiu	x17,x9,-1333	  x9:0x8001ee2c x17=0x00000001
      302459000	     15021	80005158	0320c063	blt	x1,x18,80005178	  x1:0x00000000 x18:0x00000000
      302579000	     15027	8000515c	005487b3	add	x15,x9,x5	  x9:0x8001ee2c  x5:0xfffffdb3 x15=0x8001ebdf
      302759000	     15036	80005160	00637733	and	x14,x6,x6	  x6:0xffffffff  x6:0xffffffff x14=0xffffffff
      303179000	     15057	80005164	9fae	c.add	x31,x11	 x31:0x00000000 x11:0x894eacb4 x31=0x894eacb4
      303199000	     15058	80005166	8e05	c.sub	x12,x9	 x12:0xfffffff9  x9:0x8001ee2c x12=0x7ffe11cd
      303599000	     15078	80005168	987d	c.andi	x8,-1	  x8:0x8001ee1e  x8=0x8001ee1e
      303619000	     15079	8000516a	30afa793	slti	x15,x31,778	 x31:0x894eacb4 x15=0x00000001
      303739000	     15085	8000516e	00035f93	srli	x31,x6,0x0	  x6:0xffffffff x31=0xffffffff
      303759000	     15086	80005172	6bf1	c.lui	x23,0x1c	 x23=0x0001c000
      303779000	     15087	80005174	01f2cdb3	xor	x27,x5,x31	  x5:0xfffffdb3 x31:0xffffffff x27=0x0000024c
      304079000	     15102	80005178	8fb9	c.xor	x15,x14	 x15:0x00000001 x14:0xffffffff x15=0xfffffffe
      304239000	     15110	8000517a	a2d90fb7	lui	x31,0xa2d90	 x31=0xa2d90000
      304259000	     15111	8000517e	410386b3	sub	x13,x7,x16	  x7:0x00000000 x16:0x3c47ffff x13=0xc3b80001
      305399000	     15168	80005182	03ce61b3	rem	x3,x28,x28	 x28:0x4000f716 x28:0x4000f716  x3=0x00000000
      305419000	     15169	80005186	02974563	blt	x14,x9,800051b0	 x14:0xffffffff  x9:0x8001ee2c
      305439000	     15170	8000518a	8d01	c.sub	x10,x8	 x10:0x00000007  x8:0x8001ee1e x10=0x7ffe11e9
      305459000	     15171	8000518c	92d2	c.add	x5,x20	  x5:0xfffffdb3 x20:0x0001c1a2  x5=0x0001bf55
      305479000	     15172	8000518e	015adc13	srli	x24,x21,0x15	 x21:0xfffe3bf1 x24=0x000007ff
      305499000	     15173	80005192	01b146b3	xor	x13,x2,x27	  x2:0xfffffeee x27:0x0000024c x13=0xfffffca2
      305519000	     15174	80005196	1208	c.addi4spn	x10,x2,288	 x10=0x0000000e
      305539000	     15175	80005198	631d	c.lui	x6,0x7	  x6=0x00007000
      305559000	     15176	8000519a	022cc663	blt	x25,x2,800051c6	 x25:0xdd4a4000  x2:0xfffffeee
      306159000	     15206	800051c6	054a	c.slli	x10,0x12	 x10:0x0000000e x10=0x00380000
      306199000	     15208	800051c8	01831963	bne	x6,x24,800051da	  x6:0x00007000 x24:0x000007ff
      306719000	     15234	800051da	024e9033	mulh	x0,x29,x4	 x29:0x5d25e000  x4:0xfffe3ad3  x0=0x00000000
      306739000	     15235	800051de	006f1b63	bne	x30,x6,800051f4	 x30:0x80022ce4  x6:0x00007000
      307499000	     15273	800051f4	418d50b3	sra	x1,x26,x24	 x26:0x00000000 x24:0x000007ff  x1=0x00000000
      307639000	     15280	800051f8	853e	c.mv	x10,x15	  x0:0x00000000 x15:0xfffffffe x10=0xfffffffe
      307659000	     15281	800051fa	e570c293	xori	x5,x1,-425	  x1:0x00000000  x5=0xfffffe57
      307679000	     15282	800051fe	8ff9	c.and	x15,x14	 x15:0xfffffffe x14:0xffffffff x15=0xfffffffe
      308459000	     15321	80005200	029e57b3	divu	x15,x28,x9	 x28:0x4000f716  x9:0x8001ee2c x15=0x00000000
      308479000	     15322	80005204	01f269b3	or	x19,x4,x31	  x4:0xfffe3ad3 x31:0xa2d90000 x19=0xffff3ad3
      308499000	     15323	80005208	0001	c.addi	x0,0	  x0:0x00000000  x0=0x00000000
      308519000	     15324	8000520a	8f4d	c.or	x14,x11	 x14:0xffffffff x11:0x894eacb4 x14=0xffffffff
      308539000	     15325	8000520c	00e11333	sll	x6,x2,x14	  x2:0xfffffeee x14:0xffffffff  x6=0x00000000
      308739000	     15335	80005210	41635c93	srai	x25,x6,0x16	  x6:0x00000000 x25=0x00000000
      308759000	     15336	80005214	01521863	bne	x4,x21,80005224	  x4:0xfffe3ad3 x21:0xfffe3bf1
      309379000	     15367	80005224	0130f663	bgeu	x1,x19,80005230	  x1:0x00000000 x19:0xffff3ad3
      309999000	     15398	80005228	02a4b633	mulhu	x12,x9,x10	  x9:0x8001ee2c x10:0xfffffffe x12=0x8001ee2a
      310019000	     15399	8000522c	6e95	c.lui	x29,0x5	 x29=0x00005000
      310039000	     15400	8000522e	0001	c.addi	x0,0	  x0:0x00000000  x0=0x00000000
      310059000	     15401	80005230	05886463	bltu	x16,x24,80005278	 x16:0x3c47ffff x24:0x000007ff
      310079000	     15402	80005234	017ca533	slt	x10,x25,x23	 x25:0x00000000 x23:0x0001c000 x10=0x00000001
      310099000	     15403	80005238	000738b3	sltu	x17,x14,x0	 x14:0xffffffff  x0:0x00000000 x17=0x00000000
      310119000	     15404	8000523c	01f59113	slli	x2,x11,0x1f	 x11:0x894eacb4  x2=0x00000000
      310219000	     15409	80005240	0438c363	blt	x17,x3,80005286	 x17:0x00000000  x3:0x00000000
      310639000	     15430	80005244	6131	c.addi16sp	x2,320	  x2:0x00000000  x2=0x00000140
      310659000	     15431	80005246	00de0d33	add	x26,x28,x13	 x28:0x4000f716 x13:0xfffffca2 x26=0x4000f3b8
      311079000	     15452	8000524a	01365a63	bge	x12,x19,8000525e	 x12:0x8001ee2a x19:0xffff3ad3
      311499000	     15473	8000524e	4064db33	sra	x22,x9,x6	  x9:0x8001ee2c  x6:0x00000000 x22=0x8001ee2c
      311519000	     15474	80005252	21b62013	slti	x0,x12,539	 x12:0x8001ee2a  x0=0x00000000
      311959000	     15496	80005256	03881b33	mulh	x22,x16,x24	 x16:0x3c47ffff x24:0x000007ff x22=0x000001e2
      311979000	     15497	8000525a	0ff0000f	fence	iorw,iorw	
      312719000	     15534	8000525e	025ed833	divu	x16,x29,x5	 x29:0x00005000  x5:0xfffffe57 x16=0x00000000
      312739000	     15535	80005262	0173c963	blt	x7,x23,80005274	  x7:0x00000000 x23:0x0001c000
      312779000	     15537	80005274	8f55	c.or	x14,x13	 x14:0xffffffff x13:0xfffffca2 x14=0xffffffff
      312799000	     15538	80005276	8791	c.srai	x15,0x4	 x15:0x00000000 x15=0x00000000
      313759000	     15586	80005278	034ed9b3	divu	x19,x29,x20	 x29:0x00005000 x20:0x0001c1a2 x19=0x00000000
      313799000	     15588	8000527c	03d09933	mulh	x18,x1,x29	  x1:0x00000000 x29:0x00005000 x18=0x00000000
      313839000	     15590	80005280	0347ba33	mulhu	x20,x15,x20	 x15:0x00000000 x20:0x0001c1a2 x20=0x00000000
      313859000	     15591	80005284	82e5	c.srli	x13,0x19	 x13:0xfffffca2 x13=0x0000007f
      313879000	     15592	80005286	cb0d	c.beqz	x14,800052b8	 x14:0xffffffff
      313899000	     15593	80005288	5b7e0913	addi	x18,x28,1463	 x28:0x4000f716 x18=0x4000fccd
      313919000	     15594	8000528c	00ce1733	sll	x14,x28,x12	 x28:0x4000f716 x12:0x8001ee2a x14=0x03dc5800
      314679000	     15632	80005290	03e561b3	rem	x3,x10,x30	 x10:0x00000001 x30:0x80022ce4  x3=0x00000001
      321779000	     15987	80005294	011a0d33	add	x26,x20,x17	 x20:0x00000000 x17:0x00000000 x26=0x00000000
      321819000	     15989	80005298	03fd2d33	mulhsu	x26,x26,x31	 x26:0x00000000 x31:0xa2d90000 x26=0x00000000
      321839000	     15990	8000529c	1c00	c.addi4spn	x8,x2,560	  x8=0x00000370
      321859000	     15991	8000529e	8ed9	c.or	x13,x14	 x13:0x0000007f x14:0x03dc5800 x13=0x03dc587f
      321879000	     15992	800052a0	e3b9	c.bnez	x15,800052e6	 x15:0x00000000
      321899000	     15993	800052a2	0525c463	blt	x11,x18,800052ea	 x11:0x894eacb4 x18:0x4000fccd
      322219000	     16009	800052ea	0a55	c.addi	x20,21	 x20:0x00000000 x20=0x00000015
      322239000	     16010	800052ec	a28b0613	addi	x12,x22,-1496	 x22:0x000001e2 x12=0xfffffc0a
      322379000	     16017	800052f0	01a126b3	slt	x13,x2,x26	  x2:0x00000140 x26:0x00000000 x13=0x00000000
      322399000	     16018	800052f4	40f18533	sub	x10,x3,x15	  x3:0x00000001 x15:0x00000000 x10=0x00000001
      322419000	     16019	800052f8	86a1	c.srai	x13,0x8	 x13:0x00000000 x13=0x00000000
      322439000	     16020	800052fa	6671	c.lui	x12,0x1c	 x12=0x0001c000
      322839000	     16040	800052fc	75c47613	andi	x12,x8,1884	  x8:0x00000370 x12=0x00000350
      323079000	     16052	80005300	015fcbb3	xor	x23,x31,x21	 x31:0xa2d90000 x21:0xfffe3bf1 x23=0x5d273bf1
      323139000	     16055	80005304	717d	c.addi16sp	x2,-16	  x2:0x00000140  x2=0x00000130
      323299000	     16063	80005306	02f6f133	remu	x2,x13,x15	 x13:0x00000000 x15:0x00000000  x2=0x00000000
      323419000	     16069	8000530a	0ff0000f	fence	iorw,iorw	
      323439000	     16070	8000530e	852d	c.srai	x10,0xb	 x10:0x00000001 x10=0x00000000
      323539000	     16075	80005310	00975c93	srli	x25,x14,0x9	 x14:0x03dc5800 x25=0x0001ee2c
      323559000	     16076	80005314	8c29	c.xor	x8,x10	  x8:0x00000370 x10:0x00000000  x8=0x00000370
      323579000	     16077	80005316	8c01	c.sub	x8,x8	  x8:0x00000370  x8:0x00000370  x8=0x00000000
      323739000	     16085	80005318	0120e333	or	x6,x1,x18	  x1:0x00000000 x18:0x4000fccd  x6=0x4000fccd
      323759000	     16086	8000531c	0000100f	fence.i	
      324659000	     16131	80005320	1afd	c.addi	x21,-1	 x21:0xfffe3bf1 x21=0xfffe3bf0
      324679000	     16132	80005322	005dcf63	blt	x27,x5,80005340	 x27:0x0000024c  x5:0xfffffe57
      324699000	     16133	80005326	002a46b3	xor	x13,x20,x2	 x20:0x00000015  x2:0x00000000 x13=0x00000015
      324719000	     16134	8000532a	01347b33	and	x22,x8,x19	  x8:0x00000000 x19:0x00000000 x22=0x00000000
      324759000	     16136	8000532e	02f5d7b3	divu	x15,x11,x15	 x11:0x894eacb4 x15:0x00000000 x15=0xffffffff
      325159000	     16156	80005332	121377b7	lui	x15,0x12137	 x15=0x12137000
      325519000	     16174	80005336	03938033	mul	x0,x7,x25	  x7:0x00000000 x25:0x0001ee2c  x0=0x00000000
      325539000	     16175	8000533a	013acb63	blt	x21,x19,80005350	 x21:0xfffe3bf0 x19:0x00000000
      326559000	     16226	80005350	8d6d	c.and	x10,x11	 x10:0x00000000 x11:0x894eacb4 x10=0x00000000
      326579000	     16227	80005352	09c6	c.slli	x19,0x11	 x19:0x00000000 x19=0x00000000
      326779000	     16237	80005354	87f08113	addi	x2,x1,-1921	  x1:0x00000000  x2=0xfffff87f
      327799000	     16288	80005358	0266c233	div	x4,x13,x6	 x13:0x00000015  x6:0x4000fccd  x4=0x00000000
      327819000	     16289	8000535c	004eceb3	xor	x29,x29,x4	 x29:0x00005000  x4:0x00000000 x29=0x00005000
      327839000	     16290	80005360	037b1d63	bne	x22,x23,8000539a	 x22:0x00000000 x23:0x5d273bf1
      328179000	     16307	8000539a	79320293	addi	x5,x4,1939	  x4:0x00000000  x5=0x00000793
      328359000	     16316	8000539e	02be8233	mul	x4,x29,x11	 x29:0x00005000 x11:0x894eacb4  x4=0x95f84000
      328659000	     16331	800053a2	98692a37	lui	x20,0x98692	 x20=0x98692000
      328679000	     16332	800053a6	0f9e	c.slli	x31,0x7	 x31:0xa2d90000 x31=0x6c800000
      328719000	     16334	800053a8	26c8c793	xori	x15,x17,620	 x17:0x00000000 x15=0x0000026c
      328859000	     16341	800053ac	49f54713	xori	x14,x10,1183	 x10:0x00000000 x14=0x0000049f
      328939000	     16345	800053b0	02c9f463	bgeu	x19,x12,800053d8	 x19:0x00000000 x12:0x00000350
      329359000	     16366	800053b4	0001	c.addi	x0,0	  x0:0x00000000  x0=0x00000000
      329379000	     16367	800053b6	8d5d	c.or	x10,x15	 x10:0x00000000 x15:0x0000026c x10=0x0000026c
      329399000	     16368	800053b8	00f65233	srl	x4,x12,x15	 x12:0x00000350 x15:0x0000026c  x4=0x00000000
      329599000	     16378	800053bc	03db2e33	mulhsu	x28,x22,x29	 x22:0x00000000 x29:0x00005000 x28=0x00000000
      329659000	     16381	800053c0	e69d	c.bnez	x13,800053ee	 x13:0x00000015
      330699000	     16433	800053ee	01402ab3	slt	x21,x0,x20	  x0:0x00000000 x20:0x98692000 x21=0x00000000
      330739000	     16435	800053f2	02a22eb3	mulhsu	x29,x4,x10	  x4:0x00000000 x10:0x0000026c x29=0x00000000
      330759000	     16436	800053f6	0035c563	blt	x11,x3,80005400	 x11:0x894eacb4  x3:0x00000001
      331739000	     16485	80005400	8441	c.srai	x8,0x10	  x8:0x00000000  x8=0x00000000
      331759000	     16486	80005402	0110db13	srli	x22,x1,0x11	  x1:0x00000000 x22=0x00000000
      331959000	     16496	80005406	005eb533	sltu	x10,x29,x5	 x29:0x00000000  x5:0x00000793 x10=0x00000001
      332219000	     16509	8000540a	418053b3	sra	x7,x0,x24	  x0:0x00000000 x24:0x000007ff  x7=0x00000000
      332479000	     16522	8000540e	031abd33	mulhu	x26,x21,x17	 x21:0x00000000 x17:0x00000000 x26=0x00000000
      332499000	     16523	80005412	2cd3c613	xori	x12,x7,717	  x7:0x00000000 x12=0x000002cd
      332519000	     16524	80005416	b6fdbb93	sltiu	x23,x27,-1169	 x27:0x0000024c x23=0x00000001
      332539000	     16525	8000541a	8c79	c.and	x8,x14	  x8:0x00000000 x14:0x0000049f  x8=0x00000000
      332559000	     16526	8000541c	03de9e63	bne	x29,x29,80005458	 x29:0x00000000 x29:0x00000000
      332699000	     16533	80005420	8d6d	c.and	x10,x11	 x10:0x00000001 x11:0x894eacb4 x10=0x00000000
      332719000	     16534	80005422	0001	c.addi	x0,0	  x0:0x00000000  x0=0x00000000
      333139000	     16555	80005424	01175463	bge	x14,x17,8000542c	 x14:0x0000049f x17:0x00000000
      333559000	     16576	8000542c	0bf9	c.addi	x23,30	 x23:0x00000001 x23=0x0000001f
      333759000	     16586	8000542e	01be7a63	bgeu	x28,x27,80005442	 x28:0x00000000 x27:0x0000024c
      333779000	     16587	80005432	41770033	sub	x0,x14,x23	 x14:0x0000049f x23:0x0000001f  x0=0x00000000
      333799000	     16588	80005436	03d57263	bgeu	x10,x29,8000545a	 x10:0x00000000 x29:0x00000000
      334679000	     16632	8000545a	03b53d33	mulhu	x26,x10,x27	 x10:0x00000000 x27:0x0000024c x26=0x00000000
      334699000	     16633	8000545e	8c3d	c.xor	x8,x15	  x8:0x00000000 x15:0x0000026c  x8=0x0000026c
      334799000	     16638	80005460	ea91	c.bnez	x13,80005474	 x13:0x00000015
      335919000	     16694	80005474	660d	c.lui	x12,0x3	 x12=0x00003000
      336739000	     16735	80005476	03b7dc33	divu	x24,x15,x27	 x15:0x0000026c x27:0x0000024c x24=0x00000001
      336759000	     16736	8000547a	8d79	c.and	x10,x14	 x10:0x00000000 x14:0x0000049f x10=0x00000000
      336779000	     16737	8000547c	0119ff63	bgeu	x19,x17,8000549a	 x19:0x00000000 x17:0x00000000
      336899000	     16743	8000549a	1704b313	sltiu	x6,x9,368	  x9:0x8001ee2c  x6=0x00000000
      336919000	     16744	8000549e	7a812913	slti	x18,x2,1960	  x2:0xfffff87f x18=0x00000001
      336939000	     16745	800054a2	8e46	c.mv	x28,x17	  x0:0x00000000 x17:0x00000000 x28=0x00000000
      337339000	     16765	800054a4	8c75	c.and	x8,x13	  x8:0x0000026c x13:0x00000015  x8=0x00000004
      337379000	     16767	800054a6	02c72cb3	mulhsu	x25,x14,x12	 x14:0x0000049f x12:0x00003000 x25=0x00000000
      337399000	     16768	800054aa	8e7d	c.and	x12,x15	 x12:0x00003000 x15:0x0000026c x12=0x00000000
      337419000	     16769	800054ac	0001	c.addi	x0,0	  x0:0x00000000  x0=0x00000000
      337439000	     16770	800054ae	cb99	c.beqz	x15,800054c4	 x15:0x0000026c
      337459000	     16771	800054b0	c009	c.beqz	x8,800054b2	  x8:0x00000004
      337519000	     16774	800054b2	0278f1b3	remu	x3,x17,x7	 x17:0x00000000  x7:0x00000000  x3=0x00000000
      337679000	     16782	800054b6	29ac6093	ori	x1,x24,666	 x24:0x00000001  x1=0x0000029b
      337699000	     16783	800054ba	5b4a13b7	lui	x7,0x5b4a1	  x7=0x5b4a1000
      337739000	     16785	800054be	036026b3	mulhsu	x13,x0,x22	  x0:0x00000000 x22:0x00000000 x13=0x00000000
      337759000	     16786	800054c2	093e	c.slli	x18,0xf	 x18:0x00000001 x18=0x00008000
      337799000	     16788	800054c4	8c05	c.sub	x8,x9	  x8:0x00000004  x9:0x8001ee2c  x8=0x7ffe11d8
      338539000	     16825	800054c6	03bd51b3	divu	x3,x26,x27	 x26:0x00000000 x27:0x0000024c  x3=0x00000000
      338559000	     16826	800054ca	03f1	c.addi	x7,28	  x7:0x5b4a1000  x7=0x5b4a101c
      338579000	     16827	800054cc	0001	c.addi	x0,0	  x0:0x00000000  x0=0x00000000
      338599000	     16828	800054ce	86a1	c.srai	x13,0x8	 x13:0x00000000 x13=0x00000000
      338619000	     16829	800054d0	01aeadb3	slt	x27,x29,x26	 x29:0x00000000 x26:0x00000000 x27=0x00000000
      338639000	     16830	800054d4	01fd1693	slli	x13,x26,0x1f	 x26:0x00000000 x13=0x00000000
      338679000	     16832	800054d8	02879eb3	mulh	x29,x15,x8	 x15:0x0000026c  x8:0x7ffe11d8 x29=0x00000135
      338699000	     16833	800054dc	012fa7b3	slt	x15,x31,x18	 x31:0x6c800000 x18:0x00008000 x15=0x00000000
      338879000	     16842	800054e0	86f1	c.srai	x13,0x1c	 x13:0x00000000 x13=0x00000000
      338899000	     16843	800054e2	03410833	mul	x16,x2,x20	  x2:0xfffff87f x20:0x98692000 x16=0x5326e000
      339879000	     16892	800054e6	03216533	rem	x10,x2,x18	  x2:0xfffff87f x18:0x00008000 x10=0xfffff87f
      339899000	     16893	800054ea	0001	c.addi	x0,0	  x0:0x00000000  x0=0x00000000
      339919000	     16894	800054ec	070b5897	auipc	x17,0x70b5	 x17=0x870ba4ec
      339959000	     16896	800054f0	028ea633	mulhsu	x12,x29,x8	 x29:0x00000135  x8:0x7ffe11d8 x12=0x0000009a
      339979000	     16897	800054f4	8015	c.srli	x8,0x5	  x8:0x7ffe11d8  x8=0x03fff08e
      340019000	     16899	800054f6	035aa3b3	mulhsu	x7,x21,x21	 x21:0x00000000 x21:0x00000000  x7=0x00000000
      340039000	     16900	800054fa	004c90b3	sll	x1,x25,x4	 x25:0x00000000  x4:0x00000000  x1=0x00000000
      340059000	     16901	800054fe	9afd	c.andi	x13,-1	 x13:0x00000000 x13=0x00000000
      340079000	     16902	80005500	44776f93	ori	x31,x14,1095	 x14:0x0000049f x31=0x000004df
      340119000	     16904	80005504	46393993	sltiu	x19,x18,1123	 x18:0x00008000 x19=0x00000000
      340259000	     16911	80005508	0ff0000f	fence	iorw,iorw	
      340279000	     16912	8000550c	00978c33	add	x24,x15,x9	 x15:0x00000000  x9:0x8001ee2c x24=0x8001ee2c
      340299000	     16913	80005510	9d86f893	andi	x17,x13,-1576	 x13:0x00000000 x17=0x00000000
      340519000	     16924	80005514	8fb5	c.xor	x15,x13	 x15:0x00000000 x13:0x00000000 x15=0x00000000
      340539000	     16925	80005516	012f8133	add	x2,x31,x18	 x31:0x000004df x18:0x00008000  x2=0x000084df
      340639000	     16930	8000551a	9285c013	xori	x0,x11,-1752	 x11:0x894eacb4  x0=0x00000000
      340659000	     16931	8000551e	0000100f	fence.i	
      340939000	     16945	80005522	0552	c.slli	x10,0x14	 x10:0xfffff87f x10=0x87f00000
      341439000	     16970	80005524	6ae4b013	sltiu	x0,x9,1710	  x9:0x8001ee2c  x0=0x00000000
      341459000	     16971	80005528	0c4ec893	xori	x17,x29,196	 x29:0x00000135 x17=0x000001f1
      342259000	     17011	8000552c	03117ab3	remu	x21,x2,x17	  x2:0x000084df x17:0x000001f1 x21=0x000000db
      342279000	     17012	80005530	0000100f	fence.i	
      342539000	     17025	80005534	02261e33	mulh	x28,x12,x2	 x12:0x0000009a  x2:0x000084df x28=0x00000000
      342559000	     17026	80005538	4eab6893	ori	x17,x22,1258	 x22:0x00000000 x17=0x000004ea
      342579000	     17027	8000553c	2a96c393	xori	x7,x13,681	 x13:0x00000000  x7=0x000002a9
      342879000	     17042	80005540	1210	c.addi4spn	x12,x2,288	 x12=0x000085ff
      342899000	     17043	80005542	00ba5813	srli	x16,x20,0xb	 x20:0x98692000 x16=0x00130d24
      343059000	     17051	80005546	02306433	rem	x8,x0,x3	  x0:0x00000000  x3:0x00000000  x8=0x00000000
      343079000	     17052	8000554a	8c19	c.sub	x8,x14	  x8:0x00000000 x14:0x0000049f  x8=0xfffffb61
      343119000	     17054	8000554c	002d8633	add	x12,x27,x2	 x27:0x00000000  x2:0x000084df x12=0x000084df
      343139000	     17055	80005550	a69a3993	sltiu	x19,x20,-1431	 x20:0x98692000 x19=0x00000001
      343539000	     17075	80005554	6b89	c.lui	x23,0x2	 x23=0x00002000
      343559000	     17076	80005556	717d	c.addi16sp	x2,-16	  x2:0x000084df  x2=0x000084cf
      343579000	     17077	80005558	00226a63	bltu	x4,x2,8000556c	  x4:0x00000000  x2:0x000084cf
      343939000	     17095	8000556c	137d	c.addi	x6,-1	  x6:0x00000000  x6=0xffffffff
      344099000	     17103	8000556e	03c57233	remu	x4,x10,x28	 x10:0x87f00000 x28:0x00000000  x4=0x87f00000
      344439000	     17120	80005572	0000100f	fence.i	
      345899000	     17193	80005576	03106bb3	rem	x23,x0,x17	  x0:0x00000000 x17:0x000004ea x23=0x00000000
      345919000	     17194	8000557a	954a	c.add	x10,x18	 x10:0x87f00000 x18:0x00008000 x10=0x87f08000
      345939000	     17195	8000557c	408fdd33	sra	x26,x31,x8	 x31:0x000004df  x8:0xfffffb61 x26=0x0000026f
      345959000	     17196	80005580	00be5613	srli	x12,x28,0xb	 x28:0x00000000 x12=0x00000000
      346699000	     17233	80005584	034ac9b3	div	x19,x21,x20	 x21:0x000000db x20:0x98692000 x19=0x00000000
      346719000	     17234	80005588	8e29	c.xor	x12,x10	 x12:0x00000000 x10:0x87f08000 x12=0x87f08000
      346739000	     17235	8000558a	0818	c.addi4spn	x14,x2,16	 x14=0x000084df
      346759000	     17236	8000558c	4014de13	srai	x28,x9,0x1	  x9:0x8001ee2c x28=0xc000f716
      346779000	     17237	80005590	00a80a63	beq	x16,x10,800055a4	 x16:0x00130d24 x10:0x87f08000
      346799000	     17238	80005594	8389	c.srli	x15,0x2	 x15:0x00000000 x15=0x00000000
      346819000	     17239	80005596	86ed	c.srai	x13,0x1b	 x13:0x00000000 x13=0x00000000
      346839000	     17240	80005598	b477ac93	slti	x25,x15,-1209	 x15:0x00000000 x25=0x00000000
      347079000	     17252	8000559c	03153a33	mulhu	x20,x10,x17	 x10:0x87f08000 x17:0x000004ea x20=0x0000029c
      347119000	     17254	800055a0	031d9733	mulh	x14,x27,x17	 x27:0x00000000 x17:0x000004ea x14=0x00000000
      347139000	     17255	800055a4	0001	c.addi	x0,0	  x0:0x00000000  x0=0x00000000
      347259000	     17261	800055a6	0000100f	fence.i	
      348199000	     17308	800055aa	0147e9b3	or	x19,x15,x20	 x15:0x00000000 x20:0x0000029c x19=0x0000029c
      348219000	     17309	800055ae	036d0b33	mul	x22,x26,x22	 x26:0x0000026f x22:0x00000000 x22=0x00000000
      348239000	     17310	800055b2	8a45	c.andi	x12,17	 x12:0x87f08000 x12=0x00000000
      348979000	     17347	800055b4	029fdab3	divu	x21,x31,x9	 x31:0x000004df  x9:0x8001ee2c x21=0x00000000
      348999000	     17348	800055b8	025df663	bgeu	x27,x5,800055e4	 x27:0x00000000  x5:0x00000793
      349019000	     17349	800055bc	df414717	auipc	x14,0xdf414	 x14=0x5f4195bc
      349039000	     17350	800055c0	d86f8d93	addi	x27,x31,-634	 x31:0x000004df x27=0x00000265
      349059000	     17351	800055c4	00b59863	bne	x11,x11,800055d4	 x11:0x894eacb4 x11:0x894eacb4
      349099000	     17353	800055c8	02d3d0b3	divu	x1,x7,x13	  x7:0x000002a9 x13:0x00000000  x1=0xffffffff
      349119000	     17354	800055cc	8d21	c.xor	x10,x8	 x10:0x87f08000  x8:0xfffffb61 x10=0x780f7b61
      349139000	     17355	800055ce	717d	c.addi16sp	x2,-16	  x2:0x000084cf  x2=0x000084bf
      349679000	     17382	800055d0	01cceab3	or	x21,x25,x28	 x25:0x00000000 x28:0xc000f716 x21=0xc000f716
      349699000	     17383	800055d4	0476c363	blt	x13,x7,8000561a	 x13:0x00000000  x7:0x000002a9
      349979000	     17397	8000561a	039fa333	mulhsu	x6,x31,x25	 x31:0x000004df x25:0x00000000  x6=0x00000000
      349999000	     17398	8000561e	1914	c.addi4spn	x13,x2,176	 x13=0x0000856f
      350019000	     17399	80005620	41488533	sub	x10,x17,x20	 x17:0x000004ea x20:0x0000029c x10=0x0000024e
      350399000	     17418	80005624	01142833	slt	x16,x8,x17	  x8:0xfffffb61 x17:0x000004ea x16=0x00000001
      350479000	     17422	80005628	416b5013	srai	x0,x22,0x16	 x22:0x00000000  x0=0x00000000
      350499000	     17423	8000562c	01c76f63	bltu	x14,x28,8000564a	 x14:0x5f4195bc x28:0xc000f716
      350679000	     17432	8000564a	01b70ab3	add	x21,x14,x27	 x14:0x5f4195bc x27:0x00000265 x21=0x5f419821
      350699000	     17433	8000564e	ad0f2993	slti	x19,x30,-1328	 x30:0x80022ce4 x19=0x00000001
      350719000	     17434	80005652	03d2	c.slli	x7,0x14	  x7:0x000002a9  x7=0x2a900000
      350739000	     17435	80005654	8ba93113	sltiu	x2,x18,-1862	 x18:0x00008000  x2=0x00000001
      350819000	     17439	80005658	418e5e33	sra	x28,x28,x24	 x28:0xc000f716 x24:0x8001ee2c x28=0xfffc000f
      351079000	     17452	8000565c	9162	c.add	x2,x24	  x2:0x00000001 x24:0x8001ee2c  x2=0x8001ee2d
      351099000	     17453	8000565e	717d	c.addi16sp	x2,-16	  x2:0x8001ee2d  x2=0x8001ee1d
      351119000	     17454	80005660	8ed9	c.or	x13,x14	 x13:0x0000856f x14:0x5f4195bc x13=0x5f4195ff
      351139000	     17455	80005662	c919	c.beqz	x10,80005678	 x10:0x0000024e
      351519000	     17474	80005664	0001	c.addi	x0,0	  x0:0x00000000  x0=0x00000000
      351839000	     17490	80005666	01444333	xor	x6,x8,x20	  x8:0xfffffb61 x20:0x0000029c  x6=0xfffff9fd
      351859000	     17491	8000566a	01901b63	bne	x0,x25,80005680	  x0:0x00000000 x25:0x00000000
      351879000	     17492	8000566e	873d	c.srai	x14,0xf	 x14:0x5f4195bc x14=0x0000be83
      351899000	     17493	80005670	0019d813	srli	x16,x19,0x1	 x19:0x00000001 x16=0x00000000
      351919000	     17494	80005674	00967b33	and	x22,x12,x9	 x12:0x00000000  x9:0x8001ee2c x22=0x00000000
      352319000	     17514	80005678	fd36b513	sltiu	x10,x13,-45	 x13:0x5f4195ff x10=0x00000001
      353059000	     17551	8000567c	0273d533	divu	x10,x7,x7	  x7:0x2a900000  x7:0x2a900000 x10=0x00000001
      353079000	     17552	80005680	00ed1233	sll	x4,x26,x14	 x26:0x0000026f x14:0x0000be83  x4=0x00001378
      353099000	     17553	80005684	4cd98e13	addi	x28,x19,1229	 x19:0x00000001 x28=0x000004ce
      353119000	     17554	80005688	fb01b913	sltiu	x18,x3,-80	  x3:0x00000000 x18=0x00000001
      353139000	     17555	8000568c	8d31	c.xor	x10,x12	 x10:0x00000001 x12:0x00000000 x10=0x00000001
      353159000	     17556	8000568e	8fc5	c.or	x15,x9	 x15:0x00000000  x9:0x8001ee2c x15=0x8001ee2c
      353899000	     17593	80005690	02db6a33	rem	x20,x22,x13	 x22:0x00000000 x13:0x5f4195ff x20=0x00000000
      353919000	     17594	80005694	0091e213	ori	x4,x3,9	  x3:0x00000000  x4=0x00000009
      353939000	     17595	80005698	fdcce793	ori	x15,x25,-36	 x25:0x00000000 x15=0xffffffdc
      353959000	     17596	8000569c	5dfd	c.li	x27,-1	 x27=0xffffffff
      353979000	     17597	8000569e	e219	c.bnez	x12,800056a4	 x12:0x00000000
      353999000	     17598	800056a0	425aa793	slti	x15,x21,1061	 x21:0x5f419821 x15=0x00000000
      354019000	     17599	800056a4	c70d	c.beqz	x14,800056ce	 x14:0x0000be83
      354139000	     17605	800056a6	00300a63	beq	x0,x3,800056ba	  x0:0x00000000  x3:0x00000000
      355559000	     17676	800056ba	ce40d2b7	lui	x5,0xce40d	  x5=0xce40d000
      355579000	     17677	800056be	0132e8b3	or	x17,x5,x19	  x5:0xce40d000 x19:0x00000001 x17=0xce40d001
      355659000	     17681	800056c2	032e1433	mulh	x8,x28,x18	 x28:0x000004ce x18:0x00000001  x8=0x00000000
      355699000	     17683	800056c6	02f4d163	bge	x9,x15,800056e8	  x9:0x8001ee2c x15:0x00000000
      355739000	     17685	800056ca	0253b033	mulhu	x0,x7,x5	  x7:0x2a900000  x5:0xce40d000  x0=0x00000000
      355759000	     17686	800056ce	1a7d	c.addi	x20,-1	 x20:0x00000000 x20=0xffffffff
      356039000	     17700	800056d0	0ff0000f	fence	iorw,iorw	
      356479000	     17722	800056d4	03371e33	mulh	x28,x14,x19	 x14:0x0000be83 x19:0x00000001 x28=0x00000000
      356499000	     17723	800056d8	60f1	c.lui	x1,0x1c	  x1=0x0001c000
      356519000	     17724	800056da	0001	c.addi	x0,0	  x0:0x00000000  x0=0x00000000
      356619000	     17729	800056dc	02c9e7b3	rem	x15,x19,x12	 x19:0x00000001 x12:0x00000000 x15=0x00000001
      356639000	     17730	800056e0	380c0213	addi	x4,x24,896	 x24:0x8001ee2c  x4=0x8001f1ac
      356659000	     17731	800056e4	01b90a63	beq	x18,x27,800056f8	 x18:0x00000001 x27:0xffffffff
      356679000	     17732	800056e8	717d	c.addi16sp	x2,-16	  x2:0x8001ee1d  x2=0x8001ee0d
      356699000	     17733	800056ea	8f4d	c.or	x14,x11	 x14:0x0000be83 x11:0x894eacb4 x14=0x894ebeb7
      356719000	     17734	800056ec	4102d2b3	sra	x5,x5,x16	  x5:0xce40d000 x16:0x00000000  x5=0xce40d000
      356739000	     17735	800056f0	401180b3	sub	x1,x3,x1	  x3:0x00000000  x1:0x0001c000  x1=0xfffe4000
      356979000	     17747	800056f4	01599b13	slli	x22,x19,0x15	 x19:0x00000001 x22=0x00200000
      356999000	     17748	800056f8	0000100f	fence.i	
      357379000	     17767	800056fc	61d5	c.lui	x3,0x15	  x3=0x00015000
      357439000	     17770	800056fe	40a85fb3	sra	x31,x16,x10	 x16:0x00000000 x10:0x00000001 x31=0x00000000
      357459000	     17771	80005702	9bfd	c.andi	x15,-1	 x15:0x00000001 x15=0x00000001
      357479000	     17772	80005704	059c	c.addi4spn	x15,x2,704	 x15=0x8001f0cd
      357499000	     17773	80005706	ef1d	c.bnez	x14,80005744	 x14:0x894ebeb7
      357699000	     17783	80005744	c109	c.beqz	x10,80005746	 x10:0x00000001
      358119000	     17804	80005746	f72e2193	slti	x3,x28,-142	 x28:0x00000000  x3=0x00000000
      358159000	     17806	8000574a	0153e663	bltu	x7,x21,80005756	  x7:0x2a900000 x21:0x5f419821
      358859000	     17841	80005756	027a7c63	bgeu	x20,x7,8000578e	 x20:0xffffffff  x7:0x2a900000
      359179000	     17857	8000578e	4879	c.li	x16,30	 x16=0x0000001e
      359219000	     17859	80005790	0ff0000f	fence	iorw,iorw	
      359419000	     17869	80005794	ef19	c.bnez	x14,800057b2	 x14:0x894ebeb7
      359999000	     17898	800057b2	0188eb33	or	x22,x17,x24	 x17:0xce40d001 x24:0x8001ee2c x22=0xce41fe2d
      360039000	     17900	800057b6	029e9cb3	mulh	x25,x29,x9	 x29:0x00000135  x9:0x8001ee2c x25=0xffffff65
      360059000	     17901	800057ba	03660133	mul	x2,x12,x22	 x12:0x00000000 x22:0xce41fe2d  x2=0x00000000
      360139000	     17905	800057be	03f86933	rem	x18,x16,x31	 x16:0x0000001e x31:0x00000000 x18=0x0000001e
      360159000	     17906	800057c2	4c2d	c.li	x24,11	 x24=0x0000000b
      360179000	     17907	800057c4	00447763	bgeu	x8,x4,800057d2	  x8:0x00000000  x4:0x8001f1ac
      360199000	     17908	800057c8	038c00b3	mul	x1,x24,x24	 x24:0x0000000b x24:0x0000000b  x1=0x00000079
      360239000	     17910	800057cc	023da333	mulhsu	x6,x27,x3	 x27:0xffffffff  x3:0x00000000  x6=0x00000000
      360319000	     17914	800057d0	0736	c.slli	x14,0xd	 x14:0x894ebeb7 x14=0xd7d6e000
      360359000	     17916	800057d2	03f768b3	rem	x17,x14,x31	 x14:0xd7d6e000 x31:0x00000000 x17=0xd7d6e000
      360459000	     17921	800057d6	606f2b93	slti	x23,x30,1542	 x30:0x80022ce4 x23=0x00000001
      360479000	     17922	800057da	83fd	c.srli	x15,0x1f	 x15:0x8001f0cd x15=0x00000001
      360499000	     17923	800057dc	616d	c.addi16sp	x2,240	  x2:0x00000000  x2=0x000000f0
      360639000	     17930	800057de	d554fe13	andi	x28,x9,-683	  x9:0x8001ee2c x28=0x8001ec04
      360659000	     17931	800057e2	8535	c.srai	x10,0xd	 x10:0x00000001 x10=0x00000000
      364779000	     18137	800057e4	01e3b133	sltu	x2,x7,x30	  x7:0x2a900000 x30:0x80022ce4  x2=0x00000001
      364819000	     18139	800057e8	02b793b3	mulh	x7,x15,x11	 x15:0x00000001 x11:0x894eacb4  x7=0xffffffff
      364839000	     18140	800057ec	8a0d	c.andi	x12,3	 x12:0x00000000 x12=0x00000000
      364859000	     18141	800057ee	4c488993	addi	x19,x17,1220	 x17:0xd7d6e000 x19=0xd7d6e4c4
      364879000	     18142	800057f2	41e9d013	srai	x0,x19,0x1e	 x19:0xd7d6e4c4  x0=0x00000000
      364939000	     18145	800057f6	41455b33	sra	x22,x10,x20	 x10:0x00000000 x20:0xffffffff x22=0x00000000
      365839000	     18190	800057fa	03ef4033	div	x0,x30,x30	 x30:0x80022ce4 x30:0x80022ce4  x0=0x00000000
      365859000	     18191	800057fe	f7c86e37	lui	x28,0xf7c86	 x28=0xf7c86000
      365879000	     18192	80005802	87dd	c.srai	x15,0x17	 x15:0x00000001 x15=0x00000000
      365899000	     18193	80005804	018cf133	and	x2,x25,x24	 x25:0xffffff65 x24:0x0000000b  x2=0x00000001
      365919000	     18194	80005808	0155d863	bge	x11,x21,80005818	 x11:0x894eacb4 x21:0x5f419821
      365939000	     18195	8000580c	8e09	c.sub	x12,x10	 x12:0x00000000 x10:0x00000000 x12=0x00000000
      366019000	     18199	8000580e	013b5033	srl	x0,x22,x19	 x22:0x00000000 x19:0xd7d6e4c4  x0=0x00000000
      366039000	     18200	80005812	1600	c.addi4spn	x8,x2,800	  x8=0x00000321
      366439000	     18220	80005814	02ae4663	blt	x28,x10,80005840	 x28:0xf7c86000 x10:0x00000000
      367059000	     18251	80005840	023d1b33	mulh	x22,x26,x3	 x26:0x0000026f  x3:0x00000000 x22=0x00000000
      367079000	     18252	80005844	01ab6d63	bltu	x22,x26,8000585e	 x22:0x00000000 x26:0x0000026f
      367839000	     18290	8000585e	0ff0000f	fence	iorw,iorw	
      367859000	     18291	80005862	1a7d	c.addi	x20,-1	 x20:0xffffffff x20=0xfffffffe
      367979000	     18297	80005864	000a0a63	beq	x20,x0,80005878	 x20:0xfffffffe  x0:0x00000000
      367999000	     18298	80005868	01c6abb3	slt	x23,x13,x28	 x13:0x5f4195ff x28:0xf7c86000 x23=0x00000000
      368419000	     18319	8000586c	8c19	c.sub	x8,x14	  x8:0x00000321 x14:0xd7d6e000  x8=0x28292321
      368439000	     18320	8000586e	6de5	c.lui	x27,0x19	 x27=0x00019000
      368619000	     18329	80005870	0202bdb3	mulhu	x27,x5,x0	  x5:0xce40d000  x0:0x00000000 x27=0x00000000
      368639000	     18330	80005874	0000fab3	and	x21,x1,x0	  x1:0x00000079  x0:0x00000000 x21=0x00000000
      368659000	     18331	80005878	01e52933	slt	x18,x10,x30	 x10:0x00000000 x30:0x80022ce4 x18=0x00000000
      368679000	     18332	8000587c	00c55363	bge	x10,x12,80005882	 x10:0x00000000 x12:0x00000000
      369539000	     18375	80005882	00af7d33	and	x26,x30,x10	 x30:0x80022ce4 x10:0x00000000 x26=0x00000000
      369559000	     18376	80005886	04005063	bge	x0,x0,800058c6	  x0:0x00000000  x0:0x00000000
      370139000	     18405	800058c6	6d958a93	addi	x21,x11,1753	 x11:0x894eacb4 x21=0x894eb38d
      370159000	     18406	800058ca	41fa51b3	sra	x3,x20,x31	 x20:0xfffffffe x31:0x00000000  x3=0xfffffffe
      370239000	     18410	800058ce	410cdb93	srai	x23,x25,0x10	 x25:0xffffff65 x23=0xffffffff
      370259000	     18411	800058d2	7b2fe213	ori	x4,x31,1970	 x31:0x00000000  x4=0x000007b2
      370279000	     18412	800058d6	997d	c.andi	x10,-1	 x10:0x00000000 x10=0x00000000
      370459000	     18421	800058d8	cdf1fd93	andi	x27,x3,-801	  x3:0xfffffffe x27=0xfffffcde
      370479000	     18422	800058dc	03024b63	blt	x4,x16,80005912	  x4:0x000007b2 x16:0x0000001e
      370499000	     18423	800058e0	28753d13	sltiu	x26,x10,647	 x10:0x00000000 x26=0x00000001
      370519000	     18424	800058e4	1680	c.addi4spn	x8,x2,864	  x8=0x00000361
      370559000	     18426	800058e6	01ac7bb3	and	x23,x24,x26	 x24:0x0000000b x26:0x00000001 x23=0x00000001
      371119000	     18454	800058ea	01548833	add	x16,x9,x21	  x9:0x8001ee2c x21:0x894eb38d x16=0x0950a1b9
      371139000	     18455	800058ee	03038263	beq	x7,x16,80005912	  x7:0xffffffff x16:0x0950a1b9
      371159000	     18456	800058f2	f7eac413	xori	x8,x21,-130	 x21:0x894eb38d  x8=0x76b14cf3
      371459000	     18471	800058f6	015bdc63	bge	x23,x21,8000590e	 x23:0x00000001 x21:0x894eb38d
      372119000	     18504	8000590e	58b97e17	auipc	x28,0x58b97	 x28=0xd8b9c90e
      372139000	     18505	80005912	031ac763	blt	x21,x17,80005940	 x21:0x894eb38d x17:0xd7d6e000
      372359000	     18516	80005940	038b83b3	mul	x7,x23,x24	 x23:0x00000001 x24:0x0000000b  x7=0x0000000b
      372379000	     18517	80005944	0dc2	c.slli	x27,0x10	 x27:0xfffffcde x27=0xfcde0000
      372559000	     18526	80005946	0060076f	jal	x14,8000594c	 x14=0x8000594a
      374059000	     18601	8000594c	008000ef	jal	x1,80005954	  x1=0x80005950
      374099000	     18603	80005954	01e000ef	jal	x1,80005972	  x1=0x80005958
      375399000	     18668	80005972	37dd	c.jal	80005958	  x1=0x80005974
      375439000	     18670	80005958	a009	c.j	8000595a	
      375659000	     18681	8000595a	00c000ef	jal	x1,80005966	  x1=0x8000595e
      375939000	     18695	80005966	2019	c.jal	8000596c	  x1=0x80005968
      376419000	     18719	8000596c	00e00bef	jal	x23,8000597a	 x23=0x80005970
      376479000	     18722	8000597a	bfc1	c.j	8000594a	
      376519000	     18724	8000594a	2821	c.jal	80005962	  x1=0x8000594c
      376579000	     18727	80005962	fffff0ef	jal	x1,80005960	  x1=0x80005966
      376619000	     18729	80005960	bffd	c.j	8000595e	
      376659000	     18731	8000595e	2839	c.jal	8000597c	  x1=0x80005960
      376699000	     18733	8000597c	ff9ff0ef	jal	x1,80005974	  x1=0x80005980
      376739000	     18735	80005974	3ff5	c.jal	80005970	  x1=0x80005976
      376779000	     18737	80005970	b7c5	c.j	80005950	
      376819000	     18739	80005950	030000ef	jal	x1,80005980	  x1=0x80005954
      376859000	     18741	80005980	bfdd	c.j	80005976	
      376919000	     18744	80005976	ff3ff0ef	jal	x1,80005968	  x1=0x8000597a
      376979000	     18747	80005968	01a0026f	jal	x4,80005982	  x4=0x8000596c
      377039000	     18750	80005982	0985	c.addi	x19,1	 x19:0xd7d6e4c4 x19=0xd7d6e4c5
      377059000	     18751	80005984	05944263	blt	x8,x25,800059c8	  x8:0x76b14cf3 x25:0xffffff65
      377439000	     18770	80005988	5f22ce93	xori	x29,x5,1522	  x5:0xce40d000 x29=0xce40d5f2
      377459000	     18771	8000598c	8c52	c.mv	x24,x20	  x0:0x00000000 x20:0xfffffffe x24=0xfffffffe
      377479000	     18772	8000598e	0000100f	fence.i	
      377819000	     18789	80005992	0120076f	jal	x14,800059a4	 x14=0x80005996
      378039000	     18800	800059a4	3fed	c.jal	8000599e	  x1=0x800059a6
      378679000	     18832	8000599e	008000ef	jal	x1,800059a6	  x1=0x800059a2
      378939000	     18845	800059a6	2009	c.jal	800059a8	  x1=0x800059a8
      379539000	     18875	800059a8	2009	c.jal	800059aa	  x1=0x800059aa
      380179000	     18907	800059aa	fefff0ef	jal	x1,80005998	  x1=0x800059ae
      381139000	     18955	80005998	2009	c.jal	8000599a	  x1=0x8000599a
      381579000	     18977	8000599a	2009	c.jal	8000599c	  x1=0x8000599c
      381659000	     18981	8000599c	bfed	c.j	80005996	
      381899000	     18993	80005996	2031	c.jal	800059a2	  x1=0x80005998
      382239000	     19010	800059a2	2031	c.jal	800059ae	  x1=0x800059a4
      383379000	     19067	800059ae	6171	c.addi16sp	x2,336	  x2:0x00000001  x2=0x00000151
      383399000	     19068	800059b0	8c7d	c.and	x8,x15	  x8:0x76b14cf3 x15:0x00000000  x8=0x00000000
      383819000	     19089	800059b2	0074c7b3	xor	x15,x9,x7	  x9:0x8001ee2c  x7:0x0000000b x15=0x8001ee27
      383839000	     19090	800059b6	1988	c.addi4spn	x10,x2,240	 x10=0x00000241
      384239000	     19110	800059b8	0001	c.addi	x0,0	  x0:0x00000000  x0=0x00000000
      384379000	     19117	800059ba	00667733	and	x14,x12,x6	 x12:0x00000000  x6:0x00000000 x14=0x00000000
      384699000	     19133	800059be	40905813	srai	x16,x0,0x9	  x0:0x00000000 x16=0x00000000
      384719000	     19134	800059c2	9fc2	c.add	x31,x16	 x31:0x00000000 x16:0x00000000 x31=0x00000000
      384739000	     19135	800059c4	01a76fb3	or	x31,x14,x26	 x14:0x00000000 x26:0x00000001 x31=0x00000001
      384899000	     19143	800059c8	0203ebb3	rem	x23,x7,x0	  x7:0x0000000b  x0:0x00000000 x23=0x0000000b
      384919000	     19144	800059cc	8e35	c.xor	x12,x13	 x12:0x00000000 x13:0x5f4195ff x12=0x5f4195ff
      384939000	     19145	800059ce	93334e93	xori	x29,x6,-1741	  x6:0x00000000 x29=0xfffff933
      385779000	     19187	800059d2	03cdfb33	remu	x22,x27,x28	 x27:0xfcde0000 x28:0xd8b9c90e x22=0x242436f2
      385819000	     19189	800059d6	0284b6b3	mulhu	x13,x9,x8	  x9:0x8001ee2c  x8:0x00000000 x13=0x00000000
      385839000	     19190	800059da	b46be913	ori	x18,x23,-1210	 x23:0x0000000b x18=0xfffffb4f
      385979000	     19197	800059de	0129d563	bge	x19,x18,800059e8	 x19:0xd7d6e4c5 x18:0xfffffb4f
      385999000	     19198	800059e2	e689	c.bnez	x13,800059ec	 x13:0x00000000
      386079000	     19202	800059e4	0911	c.addi	x18,4	 x18:0xfffffb4f x18=0xfffffb53
      386099000	     19203	800059e6	8551	c.srai	x10,0x14	 x10:0x00000241 x10=0x00000000
      386499000	     19223	800059e8	01e378b3	and	x17,x6,x30	  x6:0x00000000 x30:0x80022ce4 x17=0x00000000
      387399000	     19268	800059ec	02187d33	remu	x26,x16,x1	 x16:0x00000000  x1:0x800059a4 x26=0x00000000
      391839000	     19490	800059f0	6355	c.lui	x6,0x15	  x6=0x00015000
      391859000	     19491	800059f2	00c4e833	or	x16,x9,x12	  x9:0x8001ee2c x12:0x5f4195ff x16=0xdf41ffff
      391899000	     19493	800059f6	028748b3	div	x17,x14,x8	 x14:0x00000000  x8:0x00000000 x17=0xffffffff
      391919000	     19494	800059fa	017d86b3	add	x13,x27,x23	 x27:0xfcde0000 x23:0x0000000b x13=0xfcde000b
      391959000	     19496	800059fe	038da333	mulhsu	x6,x27,x24	 x27:0xfcde0000 x24:0xfffffffe  x6=0xfcde0000
      391979000	     19497	80005a02	0186	c.slli	x3,0x1	  x3:0xfffffffe  x3=0xfffffffc
      391999000	     19498	80005a04	612d	c.addi16sp	x2,224	  x2:0x00000151  x2=0x00000231
      392019000	     19499	80005a06	0001	c.addi	x0,0	  x0:0x00000000  x0=0x00000000
      392079000	     19502	80005a08	03fb8333	mul	x6,x23,x31	 x23:0x0000000b x31:0x00000001  x6=0x0000000b
      392239000	     19510	80005a0c	8511	c.srai	x10,0x4	 x10:0x00000000 x10=0x00000000
      392299000	     19513	80005a0e	40fdd513	srai	x10,x27,0xf	 x27:0xfcde0000 x10=0xfffff9bc
      392319000	     19514	80005a12	9722	c.add	x14,x8	 x14:0x00000000  x8:0x00000000 x14=0x00000000
      393059000	     19551	80005a14	02ad5633	divu	x12,x26,x10	 x26:0x00000000 x10:0xfffff9bc x12=0x00000000
      393079000	     19552	80005a18	35e13013	sltiu	x0,x2,862	  x2:0x00000231  x0=0x00000000
      393099000	     19553	80005a1c	eed72213	slti	x4,x14,-275	 x14:0x00000000  x4=0x00000000
      393119000	     19554	80005a20	016389b3	add	x19,x7,x22	  x7:0x0000000b x22:0x242436f2 x19=0x242436fd
      393159000	     19556	80005a24	024ae833	rem	x16,x21,x4	 x21:0x894eb38d  x4:0x00000000 x16=0x894eb38d
      393339000	     19565	80005a28	8935	c.andi	x10,13	 x10:0xfffff9bc x10=0x0000000c
      393359000	     19566	80005a2a	8d19	c.sub	x10,x14	 x10:0x0000000c x14:0x00000000 x10=0x0000000c
      393519000	     19574	80005a2c	aa728f93	addi	x31,x5,-1369	  x5:0xce40d000 x31=0xce40caa7
      393919000	     19594	80005a30	0410e163	bltu	x1,x1,80005a72	  x1:0x800059a4  x1:0x800059a4
      393979000	     19597	80005a34	0320a533	mulhsu	x10,x1,x18	  x1:0x800059a4 x18:0xfffffb53 x10=0x80005bfa
      393999000	     19598	80005a38	034d9a63	bne	x27,x20,80005a6c	 x27:0xfcde0000 x20:0xfffffffe
      394399000	     19618	80005a6c	0001	c.addi	x0,0	  x0:0x00000000  x0=0x00000000
      394739000	     19635	80005a6e	1dbd8b93	addi	x23,x27,475	 x27:0xfcde0000 x23=0xfcde01db
      394759000	     19636	80005a72	0108d9b3	srl	x19,x17,x16	 x17:0xffffffff x16:0x894eb38d x19=0x0007ffff
      395059000	     19651	80005a76	03bd16b3	mulh	x13,x26,x27	 x26:0x00000000 x27:0xfcde0000 x13=0x00000000
      395099000	     19653	80005a7a	02ecf7b3	remu	x15,x25,x14	 x25:0xffffff65 x14:0x00000000 x15=0xffffff65
      395119000	     19654	80005a7e	1573ba13	sltiu	x20,x7,343	  x7:0x0000000b x20=0x00000001
      395139000	     19655	80005a82	0001	c.addi	x0,0	  x0:0x00000000  x0=0x00000000
      395319000	     19664	80005a84	64067293	andi	x5,x12,1600	 x12:0x00000000  x5=0x00000000
      395339000	     19665	80005a88	931e	c.add	x6,x7	  x6:0x0000000b  x7:0x0000000b  x6=0x00000016
      396279000	     19712	80005a8a	02b54033	div	x0,x10,x11	 x10:0x80005bfa x11:0x894eacb4  x0=0x00000000
      396299000	     19713	80005a8e	02148633	mul	x12,x9,x1	  x9:0x8001ee2c  x1:0x800059a4 x12=0xad09e030
      397039000	     19750	80005a92	0319d9b3	divu	x19,x19,x17	 x19:0x0007ffff x17:0xffffffff x19=0x00000000
      397059000	     19751	80005a96	863d	c.srai	x12,0xf	 x12:0xad09e030 x12=0xffff5a13
      397079000	     19752	80005a98	8f9d	c.sub	x15,x15	 x15:0xffffff65 x15:0xffffff65 x15=0x00000000
      397099000	     19753	80005a9a	643d	c.lui	x8,0xf	  x8=0x0000f000
      397119000	     19754	80005a9c	d2800c13	addi	x24,x0,-728	  x0:0x00000000 x24=0xfffffd28
      397139000	     19755	80005aa0	0001	c.addi	x0,0	  x0:0x00000000  x0=0x00000000
      397159000	     19756	80005aa2	0142f9b3	and	x19,x5,x20	  x5:0x00000000 x20:0x00000001 x19=0x00000000
      397179000	     19757	80005aa6	4c69	c.li	x24,26	 x24=0x0000001a
      397199000	     19758	80005aa8	1b3ff413	andi	x8,x31,435	 x31:0xce40caa7  x8=0x000000a3
      397219000	     19759	80005aac	001b26b3	slt	x13,x22,x1	 x22:0x242436f2  x1:0x800059a4 x13=0x00000000
      398299000	     19813	80005ab0	021ecfb3	div	x31,x29,x1	 x29:0xfffff933  x1:0x800059a4 x31=0x00000000
      398319000	     19814	80005ab4	0001	c.addi	x0,0	  x0:0x00000000  x0=0x00000000
      398339000	     19815	80005ab6	0352f463	bgeu	x5,x21,80005ade	  x5:0x00000000 x21:0x894eb38d
      398359000	     19816	80005aba	0d978e97	auipc	x29,0xd978	 x29=0x8d97daba
      398419000	     19819	80005abe	01ce5393	srli	x7,x28,0x1c	 x28:0xd8b9c90e  x7=0x0000000d
      398439000	     19820	80005ac2	6a1d	c.lui	x20,0x7	 x20=0x00007000
      398619000	     19829	80005ac4	00da96b3	sll	x13,x21,x13	 x21:0x894eb38d x13:0x00000000 x13=0x894eb38d
      398639000	     19830	80005ac8	0001	c.addi	x0,0	  x0:0x00000000  x0=0x00000000
      398659000	     19831	80005aca	01e93733	sltu	x14,x18,x30	 x18:0xfffffb53 x30:0x80022ce4 x14=0x00000000
      398679000	     19832	80005ace	8ea1	c.xor	x13,x8	 x13:0x894eb38d  x8:0x000000a3 x13=0x894eb32e
      398719000	     19834	80005ad0	aedf3393	sltiu	x7,x30,-1299	 x30:0x80022ce4  x7=0x00000001
      398879000	     19842	80005ad4	01029993	slli	x19,x5,0x10	  x5:0x00000000 x19=0x00000000
      398899000	     19843	80005ad8	74bcf893	andi	x17,x25,1867	 x25:0xffffff65 x17=0x00000741
      398919000	     19844	80005adc	8d41	c.or	x10,x8	 x10:0x80005bfa  x8:0x000000a3 x10=0x80005bfb
      398939000	     19845	80005ade	83a5	c.srli	x15,0x9	 x15:0x00000000 x15=0x00000000
      399339000	     19865	80005ae0	02387063	bgeu	x16,x3,80005b00	 x16:0x894eb38d  x3:0xfffffffc
      399519000	     19874	80005ae4	3e8d2c93	slti	x25,x26,1000	 x26:0x00000000 x25=0x00000001
      399539000	     19875	80005ae8	00cf1e13	slli	x28,x30,0xc	 x30:0x80022ce4 x28=0x22ce4000
      399619000	     19879	80005aec	0001	c.addi	x0,0	  x0:0x00000000  x0=0x00000000
      399639000	     19880	80005aee	8626	c.mv	x12,x9	  x0:0x00000000  x9:0x8001ee2c x12=0x8001ee2c
      399659000	     19881	80005af0	00e191b3	sll	x3,x3,x14	  x3:0xfffffffc x14:0x00000000  x3=0xfffffffc
      399679000	     19882	80005af4	8f35	c.xor	x14,x13	 x14:0x00000000 x13:0x894eb32e x14=0x894eb32e
      399699000	     19883	80005af6	001de263	bltu	x27,x1,80005afa	 x27:0xfcde0000  x1:0x800059a4
      399719000	     19884	80005afa	8e61	c.and	x12,x8	 x12:0x8001ee2c  x8:0x000000a3 x12=0x00000020
      400099000	     19903	80005afc	02228833	mul	x16,x5,x2	  x5:0x00000000  x2:0x00000231 x16=0x00000000
      400219000	     19909	80005b00	02f3f9b3	remu	x19,x7,x15	  x7:0x00000001 x15:0x00000000 x19=0x00000001
      400239000	     19910	80005b04	0001	c.addi	x0,0	  x0:0x00000000  x0=0x00000000
      400259000	     19911	80005b06	0139dc93	srli	x25,x19,0x13	 x19:0x00000001 x25=0x00000000
      400279000	     19912	80005b0a	8135	c.srli	x10,0xd	 x10:0x80005bfb x10=0x00040002
      400299000	     19913	80005b0c	0ff0000f	fence	iorw,iorw	
      400319000	     19914	80005b10	9afd	c.andi	x13,-1	 x13:0x894eb32e x13=0x894eb32e
      400339000	     19915	80005b12	5a7d	c.li	x20,-1	 x20=0xffffffff
      401079000	     19952	80005b14	02d7fe33	remu	x28,x15,x13	 x15:0x00000000 x13:0x894eb32e x28=0x00000000
      401099000	     19953	80005b18	00e25433	srl	x8,x4,x14	  x4:0x00000000 x14:0x894eb32e  x8=0x00000000
      401119000	     19954	80005b1c	02f39c63	bne	x7,x15,80005b54	  x7:0x00000001 x15:0x00000000
      401539000	     19975	80005b54	8f5d	c.or	x14,x15	 x14:0x894eb32e x15:0x00000000 x14=0x894eb32e
      401659000	     19981	80005b56	da763b93	sltiu	x23,x12,-601	 x12:0x00000020 x23=0x00000001
      401859000	     19991	80005b5a	039f07b3	mul	x15,x30,x25	 x30:0x80022ce4 x25:0x00000000 x15=0x00000000
      401879000	     19992	80005b5e	00e501b3	add	x3,x10,x14	 x10:0x00040002 x14:0x894eb32e  x3=0x8952b330
      402639000	     20030	80005b62	0375d8b3	divu	x17,x11,x23	 x11:0x894eacb4 x23:0x00000001 x17=0x894eacb4
      402659000	     20031	80005b66	031d87b3	mul	x15,x27,x17	 x27:0xfcde0000 x17:0x894eacb4 x15=0xf4180000
      402679000	     20032	80005b6a	01b01c13	slli	x24,x0,0x1b	  x0:0x00000000 x24=0x00000000
      402699000	     20033	80005b6e	4df96a13	ori	x20,x18,1247	 x18:0xfffffb53 x20=0xffffffdf
      402739000	     20035	80005b72	02b6abb3	mulhsu	x23,x13,x11	 x13:0x894eb32e x11:0x894eacb4 x23=0xc056a3cb
      402759000	     20036	80005b76	e329	c.bnez	x14,80005bb8	 x14:0x894eb32e
      403419000	     20069	80005bb8	450d	c.li	x10,3	 x10=0x00000003
      403439000	     20070	80005bba	0001	c.addi	x0,0	  x0:0x00000000  x0=0x00000000
      403459000	     20071	80005bbc	013a6363	bltu	x20,x19,80005bc2	 x20:0xffffffdf x19:0x00000001
      403479000	     20072	80005bc0	0001	c.addi	x0,0	  x0:0x00000000  x0=0x00000000
      403779000	     20087	80005bc2	00365433	srl	x8,x12,x3	 x12:0x00000020  x3:0x8952b330  x8=0x00000000
      404199000	     20108	80005bc6	a154ad93	slti	x27,x9,-1515	  x9:0x8001ee2c x27=0x00000001
      404939000	     20145	80005bca	0354f133	remu	x2,x9,x21	  x9:0x8001ee2c x21:0x894eb38d  x2=0x8001ee2c
      404959000	     20146	80005bce	c1702097	auipc	x1,0xc1702	  x1=0x41707bce
      404979000	     20147	80005bd2	0000100f	fence.i	
      405699000	     20183	80005bd6	0001	c.addi	x0,0	  x0:0x00000000  x0=0x00000000
      405719000	     20184	80005bd8	0062d833	srl	x16,x5,x6	  x5:0x00000000  x6:0x00000016 x16=0x00000000
      405919000	     20194	80005bdc	c51d	c.beqz	x10,80005c0a	 x10:0x00000003
      405939000	     20195	80005bde	57fd	c.li	x15,-1	 x15=0xffffffff
      405959000	     20196	80005be0	0ff0000f	fence	iorw,iorw	
      405979000	     20197	80005be4	41d10b33	sub	x22,x2,x29	  x2:0x8001ee2c x29:0x8d97daba x22=0xf26a1372
      405999000	     20198	80005be8	8ee9	c.and	x13,x10	 x13:0x894eb32e x10:0x00000003 x13=0x00000002
      406039000	     20200	80005bea	015509b3	add	x19,x10,x21	 x10:0x00000003 x21:0x894eb38d x19=0x894eb390
      406059000	     20201	80005bee	00542033	slt	x0,x8,x5	  x8:0x00000000  x5:0x00000000  x0=0x00000000
      406079000	     20202	80005bf2	01ef5433	srl	x8,x30,x30	 x30:0x80022ce4 x30:0x80022ce4  x8=0x080022ce
      406099000	     20203	80005bf6	8a1d	c.andi	x12,7	 x12:0x00000020 x12=0x00000000
      406379000	     20217	80005bf8	002f98b3	sll	x17,x31,x2	 x31:0x00000000  x2:0x8001ee2c x17=0x00000000
      406499000	     20223	80005bfc	00999eb3	sll	x29,x19,x9	 x19:0x894eb390  x9:0x8001ee2c x29=0xeb390000
      406739000	     20235	80005c00	8261	c.srli	x12,0x18	 x12:0x00000000 x12=0x00000000
      406759000	     20236	80005c02	0001	c.addi	x0,0	  x0:0x00000000  x0=0x00000000
      406859000	     20241	80005c04	8f11	c.sub	x14,x12	 x14:0x894eb32e x12:0x00000000 x14=0x894eb32e
      407599000	     20278	80005c06	03694db3	div	x27,x18,x22	 x18:0xfffffb53 x22:0xf26a1372 x27=0x00000000
      407619000	     20279	80005c0a	002d33b3	sltu	x7,x26,x2	 x26:0x00000000  x2:0x8001ee2c  x7=0x00000001
      407659000	     20281	80005c0e	03603d33	mulhu	x26,x0,x22	  x0:0x00000000 x22:0xf26a1372 x26=0x00000000
      407679000	     20282	80005c12	0102a833	slt	x16,x5,x16	  x5:0x00000000 x16:0x00000000 x16=0x00000000
      407699000	     20283	80005c16	0000100f	fence.i	
      407979000	     20297	80005c1a	8c39	c.xor	x8,x14	  x8:0x080022ce x14:0x894eb32e  x8=0x814e91e0
      407999000	     20298	80005c1c	00614e63	blt	x2,x6,80005c38	  x2:0x8001ee2c  x6:0x00000016
      408339000	     20315	80005c38	0ff0000f	fence	iorw,iorw	
      408359000	     20316	80005c3c	ea89	c.bnez	x13,80005c4e	 x13:0x00000002
      408599000	     20328	80005c4e	8e31	c.xor	x12,x12	 x12:0x00000000 x12:0x00000000 x12=0x00000000
      408679000	     20332	80005c50	00ade1b3	or	x3,x27,x10	 x27:0x00000000 x10:0x00000003  x3=0x00000003
      408979000	     20347	80005c54	01ca	c.slli	x3,0x12	  x3:0x00000003  x3=0x000c0000
      410079000	     20402	80005c56	0281c633	div	x12,x3,x8	  x3:0x000c0000  x8:0x814e91e0 x12=0x00000000
      410819000	     20439	80005c5a	03684cb3	div	x25,x16,x22	 x16:0x00000000 x22:0xf26a1372 x25=0x00000000
      410839000	     20440	80005c5e	7b6d0213	addi	x4,x26,1974	 x26:0x00000000  x4=0x000007b6
      410859000	     20441	80005c62	41ba83b3	sub	x7,x21,x27	 x21:0x894eb38d x27:0x00000000  x7=0x894eb38d
      410879000	     20442	80005c66	408c5293	srai	x5,x24,0x8	 x24:0x00000000  x5=0x00000000
      410919000	     20444	80005c6a	02cde833	rem	x16,x27,x12	 x27:0x00000000 x12:0x00000000 x16=0x00000000
      411659000	     20481	80005c6e	02b0fd33	remu	x26,x1,x11	  x1:0x41707bce x11:0x894eacb4 x26=0x41707bce
      411679000	     20482	80005c72	8051	c.srli	x8,0x14	  x8:0x814e91e0  x8=0x00000814
      411699000	     20483	80005c74	0000100f	fence.i	
      412179000	     20507	80005c78	8e79	c.and	x12,x14	 x12:0x00000000 x14:0x894eb32e x12=0x00000000
      412199000	     20508	80005c7a	6779	c.lui	x14,0x1e	 x14=0x0001e000
      412219000	     20509	80005c7c	8bf1	c.andi	x15,28	 x15:0xffffffff x15=0x0000001c
      412239000	     20510	80005c7e	717d	c.addi16sp	x2,-16	  x2:0x8001ee2c  x2=0x8001ee1c
      412259000	     20511	80005c80	8d71	c.and	x10,x12	 x10:0x00000003 x12:0x00000000 x10=0x00000000
      412499000	     20523	80005c82	03aabdb3	mulhu	x27,x21,x26	 x21:0x894eb38d x26:0x41707bce x27=0x2319506c
      412519000	     20524	80005c86	717d	c.addi16sp	x2,-16	  x2:0x8001ee1c  x2=0x8001ee0c
      412559000	     20526	80005c88	00d1e6b3	or	x13,x3,x13	  x3:0x000c0000 x13:0x00000002 x13=0x000c0002
      412579000	     20527	80005c8c	01c77833	and	x16,x14,x28	 x14:0x0001e000 x28:0x00000000 x16=0x00000000
      412599000	     20528	80005c90	01c25393	srli	x7,x4,0x1c	  x4:0x000007b6  x7=0x00000000
      412799000	     20538	80005c94	02eaacb3	mulhsu	x25,x21,x14	 x21:0x894eb38d x14:0x0001e000 x25=0xffff2173
      413219000	     20559	80005c98	03e42e33	mulhsu	x28,x8,x30	  x8:0x00000814 x30:0x80022ce4 x28=0x0000040a
      413239000	     20560	80005c9c	7c304b13	xori	x22,x0,1987	  x0:0x00000000 x22=0x000007c3
      413339000	     20565	80005ca0	000a38b3	sltu	x17,x20,x0	 x20:0xffffffdf  x0:0x00000000 x17=0x00000000
      413359000	     20566	80005ca4	00639b93	slli	x23,x7,0x6	  x7:0x00000000 x23=0x00000000
      413699000	     20583	80005ca8	9ee7ba93	sltiu	x21,x15,-1554	 x15:0x0000001c x21=0x00000001
      413819000	     20589	80005cac	c5de4113	xori	x2,x28,-931	 x28:0x0000040a  x2=0xfffff857
      413839000	     20590	80005cb0	013c9213	slli	x4,x25,0x13	 x25:0xffff2173  x4=0x0b980000
      413859000	     20591	80005cb4	41a4d8b3	sra	x17,x9,x26	  x9:0x8001ee2c x26:0x41707bce x17=0xfffe0007
      414039000	     20600	80005cb8	0083da93	srli	x21,x7,0x8	  x7:0x00000000 x21=0x00000000
      414859000	     20641	80005cbc	0330d6b3	divu	x13,x1,x19	  x1:0x41707bce x19:0x894eb390 x13=0x00000000
      414879000	     20642	80005cc0	4063dc93	srai	x25,x7,0x6	  x7:0x00000000 x25=0x00000000
      414899000	     20643	80005cc4	0f95	c.addi	x31,5	 x31:0x00000000 x31=0x00000005
      414919000	     20644	80005cc6	83c9	c.srli	x15,0x12	 x15:0x0000001c x15=0x00000000
      414939000	     20645	80005cc8	0001	c.addi	x0,0	  x0:0x00000000  x0=0x00000000
      415679000	     20682	80005cca	03117a33	remu	x20,x2,x17	  x2:0xfffff857 x17:0xfffe0007 x20=0x0001f850
      415699000	     20683	80005cce	417787b3	sub	x15,x15,x23	 x15:0x00000000 x23:0x00000000 x15=0x00000000
      415719000	     20684	80005cd2	0000100f	fence.i	
      415999000	     20698	80005cd6	997d	c.andi	x10,-1	 x10:0x00000000 x10=0x00000000
      416019000	     20699	80005cd8	009d6bb3	or	x23,x26,x9	 x26:0x41707bce  x9:0x8001ee2c x23=0xc171ffee
      416039000	     20700	80005cdc	41f8dbb3	sra	x23,x17,x31	 x17:0xfffe0007 x31:0x00000005 x23=0xfffff000
      416059000	     20701	80005ce0	003d8b63	beq	x27,x3,80005cf6	 x27:0x2319506c  x3:0x000c0000
      416259000	     20711	80005ce4	0222bab3	mulhu	x21,x5,x2	  x5:0x00000000  x2:0xfffff857 x21=0x00000000
      416599000	     20728	80005ce8	0001	c.addi	x0,0	  x0:0x00000000  x0=0x00000000
      416619000	     20729	80005cea	01e59813	slli	x16,x11,0x1e	 x11:0x894eacb4 x16=0x00000000
      416639000	     20730	80005cee	2d2761b7	lui	x3,0x2d276	  x3=0x2d276000
      416999000	     20748	80005cf2	a4c5aab7	lui	x21,0xa4c5a	 x21=0xa4c5a000
      417019000	     20749	80005cf6	0a08	c.addi4spn	x10,x2,272	 x10=0xfffff967
      417059000	     20751	80005cf8	021e9a33	mulh	x20,x29,x1	 x29:0xeb390000  x1:0x41707bce x20=0xfab057e3
      417079000	     20752	80005cfc	03011f63	bne	x2,x16,80005d3a	  x2:0xfffff857 x16:0x00000000
      417799000	     20788	80005d3a	eb19	c.bnez	x14,80005d50	 x14:0x0001e000
      418859000	     20841	80005d50	0ff0000f	fence	iorw,iorw	
      418879000	     20842	80005d54	9352	c.add	x6,x20	  x6:0x00000016 x20:0xfab057e3  x6=0xfab057f9
      418899000	     20843	80005d56	0055da13	srli	x20,x11,0x5	 x11:0x894eacb4 x20=0x044a7565
      418919000	     20844	80005d5a	8ae5	c.andi	x13,25	 x13:0x00000000 x13=0x00000000
      418939000	     20845	80005d5c	017fc963	blt	x31,x23,80005d6e	 x31:0x00000005 x23:0xfffff000
      418959000	     20846	80005d60	8f15	c.sub	x14,x13	 x14:0x0001e000 x13:0x00000000 x14=0x0001e000
      418979000	     20847	80005d62	015d4863	blt	x26,x21,80005d72	 x26:0x41707bce x21:0xa4c5a000
      419219000	     20859	80005d66	10002113	slti	x2,x0,256	  x0:0x00000000  x2=0x00000001
      419239000	     20860	80005d6a	412b0eb3	sub	x29,x22,x18	 x22:0x000007c3 x18:0xfffffb53 x29=0x00000c70
      419259000	     20861	80005d6e	9142	c.add	x2,x16	  x2:0x00000001 x16:0x00000000  x2=0x00000001
      419279000	     20862	80005d70	0001	c.addi	x0,0	  x0:0x00000000  x0=0x00000000
      419299000	     20863	80005d72	8f55	c.or	x14,x13	 x14:0x0001e000 x13:0x00000000 x14=0x0001e000
      419319000	     20864	80005d74	8e25	c.xor	x12,x9	 x12:0x00000000  x9:0x8001ee2c x12=0x8001ee2c
      419339000	     20865	80005d76	010323b3	slt	x7,x6,x16	  x6:0xfab057f9 x16:0x00000000  x7=0x00000001
      419359000	     20866	80005d7a	0ff0000f	fence	iorw,iorw	
      419379000	     20867	80005d7e	813d	c.srli	x10,0xf	 x10:0xfffff967 x10=0x0001ffff
      419639000	     20880	80005d80	002bd093	srli	x1,x23,0x2	 x23:0xfffff000  x1=0x3ffffc00
      419699000	     20883	80005d84	8c11	c.sub	x8,x12	  x8:0x00000814 x12:0x8001ee2c  x8=0x7ffe19e8
      419719000	     20884	80005d86	ca99	c.beqz	x13,80005d9c	 x13:0x00000000
      421099000	     20953	80005d9c	0236f7b3	remu	x15,x13,x3	 x13:0x00000000  x3:0x2d276000 x15=0x00000000
      421119000	     20954	80005da0	7009a013	slti	x0,x19,1792	 x19:0x894eb390  x0=0x00000000
      421139000	     20955	80005da4	005c63b3	or	x7,x24,x5	 x24:0x00000000  x5:0x00000000  x7=0x00000000
      421159000	     20956	80005da8	e12dd537	lui	x10,0xe12dd	 x10=0xe12dd000
      421199000	     20958	80005dac	8735	c.srai	x14,0xd	 x14:0x0001e000 x14=0x0000000f
      421219000	     20959	80005dae	5e78e913	ori	x18,x17,1511	 x17:0xfffe0007 x18=0xfffe05e7
      421239000	     20960	80005db2	03d281b3	mul	x3,x5,x29	  x5:0x00000000 x29:0x00000c70  x3=0x00000000
      421259000	     20961	80005db6	ef1d	c.bnez	x14,80005df4	 x14:0x0000000f
      421779000	     20987	80005df4	01351233	sll	x4,x10,x19	 x10:0xe12dd000 x19:0x894eb390  x4=0xd0000000
      422059000	     21001	80005df8	9a7d	c.andi	x12,-1	 x12:0x8001ee2c x12=0x8001ee2c
      422079000	     21002	80005dfa	0a00	c.addi4spn	x8,x2,272	  x8=0x00000111
      422099000	     21003	80005dfc	0710a893	slti	x17,x1,113	  x1:0x3ffffc00 x17=0x00000000
      422119000	     21004	80005e00	ea0d	c.bnez	x12,80005e32	 x12:0x8001ee2c
      422599000	     21028	80005e32	23058a13	addi	x20,x11,560	 x11:0x894eacb4 x20=0x894eaee4
      423019000	     21049	80005e36	00334733	xor	x14,x6,x3	  x6:0xfab057f9  x3:0x00000000 x14=0xfab057f9
      423039000	     21050	80005e3a	e605	c.bnez	x12,80005e62	 x12:0x8001ee2c
      423519000	     21074	80005e62	8c25	c.xor	x8,x9	  x8:0x00000111  x9:0x8001ee2c  x8=0x8001ef3d
      423539000	     21075	80005e64	8e25	c.xor	x12,x9	 x12:0x8001ee2c  x9:0x8001ee2c x12=0x00000000
      423559000	     21076	80005e66	4e19	c.li	x28,6	 x28=0x00000006
      423579000	     21077	80005e68	ea89	c.bnez	x13,80005e7a	 x13:0x00000000
      423599000	     21078	80005e6a	0001	c.addi	x0,0	  x0:0x00000000  x0=0x00000000
      423859000	     21091	80005e6c	b5313b93	sltiu	x23,x2,-1197	  x2:0x00000001 x23=0x00000001
      423899000	     21093	80005e70	02211233	mulh	x4,x2,x2	  x2:0x00000001  x2:0x00000001  x4=0x00000000
      424239000	     21110	80005e74	01645313	srli	x6,x8,0x16	  x8:0x8001ef3d  x6=0x00000200
      424259000	     21111	80005e78	0001	c.addi	x0,0	  x0:0x00000000  x0=0x00000000
      424399000	     21118	80005e7a	40dbd793	srai	x15,x23,0xd	 x23:0x00000001 x15=0x00000000
      424479000	     21122	80005e7e	00cec663	blt	x29,x12,80005e8a	 x29:0x00000c70 x12:0x00000000
      424499000	     21123	80005e82	e801	c.bnez	x8,80005e92	  x8:0x8001ef3d
      425359000	     21166	80005e92	8e91	c.sub	x13,x12	 x13:0x00000000 x12:0x00000000 x13=0x00000000
      425379000	     21167	80005e94	00ba7c33	and	x24,x20,x11	 x20:0x894eaee4 x11:0x894eacb4 x24=0x894eaca4
      425539000	     21175	80005e98	8755	c.srai	x14,0x15	 x14:0xfab057f9 x14=0xffffffd5
      425559000	     21176	80005e9a	0e52	c.slli	x28,0x14	 x28:0x00000006 x28=0x00600000
      425579000	     21177	80005e9c	037c8f63	beq	x25,x23,80005eda	 x25:0x00000000 x23:0x00000001
      425599000	     21178	80005ea0	013f5763	bge	x30,x19,80005eae	 x30:0x80022ce4 x19:0x894eb390
      425619000	     21179	80005ea4	41fe82b3	sub	x5,x29,x31	 x29:0x00000c70 x31:0x00000005  x5=0x00000c6b
      425639000	     21180	80005ea8	0219	c.addi	x4,6	  x4:0x00000000  x4=0x00000006
      425659000	     21181	80005eaa	0147ec63	bltu	x15,x20,80005ec2	 x15:0x00000000 x20:0x894eaee4
      425799000	     21188	80005ec2	0001	c.addi	x0,0	  x0:0x00000000  x0=0x00000000
      425919000	     21194	80005ec4	02540363	beq	x8,x5,80005eea	  x8:0x8001ef3d  x5:0x00000c6b
      426339000	     21215	80005ec8	009dcbb3	xor	x23,x27,x9	 x27:0x2319506c  x9:0x8001ee2c x23=0xa318be40
      426359000	     21216	80005ecc	00f2de33	srl	x28,x5,x15	  x5:0x00000c6b x15:0x00000000 x28=0x00000c6b
      426379000	     21217	80005ed0	5edb3e93	sltiu	x29,x22,1517	 x22:0x000007c3 x29=0x00000000
      426399000	     21218	80005ed4	0001	c.addi	x0,0	  x0:0x00000000  x0=0x00000000
      426819000	     21239	80005ed6	0073c833	xor	x16,x7,x7	  x7:0x00000000  x7:0x00000000 x16=0x00000000
      426839000	     21240	80005eda	01943033	sltu	x0,x8,x25	  x8:0x8001ef3d x25:0x00000000  x0=0x00000000
      426859000	     21241	80005ede	00107433	and	x8,x0,x1	  x0:0x00000000  x1:0x3ffffc00  x8=0x00000000
      426939000	     21245	80005ee2	012b8963	beq	x23,x18,80005ef4	 x23:0xa318be40 x18:0xfffe05e7
      426979000	     21247	80005ee6	03df1733	mulh	x14,x30,x29	 x30:0x80022ce4 x29:0x00000000 x14=0x00000000
      426999000	     21248	80005eea	20904613	xori	x12,x0,521	  x0:0x00000000 x12=0x00000209
      427279000	     21262	80005eee	b59c8a17	auipc	x20,0xb59c8	 x20=0x359cdeee
      427299000	     21263	80005ef2	0001	c.addi	x0,0	  x0:0x00000000  x0=0x00000000
      427319000	     21264	80005ef4	1c80	c.addi4spn	x8,x2,624	  x8=0x00000271
      427339000	     21265	80005ef6	d6b80f97	auipc	x31,0xd6b80	 x31=0x56b85ef6
      427739000	     21285	80005efa	41de80b3	sub	x1,x29,x29	 x29:0x00000000 x29:0x00000000  x1=0x00000000
      427759000	     21286	80005efe	bbe33313	sltiu	x6,x6,-1090	  x6:0x00000200  x6=0x00000001
      427779000	     21287	80005f02	147d	c.addi	x8,-1	  x8:0x00000271  x8=0x00000270
      427799000	     21288	80005f04	6f20b893	sltiu	x17,x1,1778	  x1:0x00000000 x17=0x00000001
      427979000	     21297	80005f08	ef85	c.bnez	x15,80005f40	 x15:0x00000000
      427999000	     21298	80005f0a	6c766793	ori	x15,x12,1735	 x12:0x00000209 x15=0x000006cf
      428019000	     21299	80005f0e	0b3a	c.slli	x22,0xe	 x22:0x000007c3 x22=0x01f0c000
      428039000	     21300	80005f10	01611db3	sll	x27,x2,x22	  x2:0x00000001 x22:0x01f0c000 x27=0x00000001
      428099000	     21303	80005f14	0475f563	bgeu	x11,x7,80005f5e	 x11:0x894eacb4  x7:0x00000000
      428839000	     21340	80005f5e	0ff0000f	fence	iorw,iorw	
      428859000	     21341	80005f62	0000100f	fence.i	
      429439000	     21370	80005f66	03d86fb3	rem	x31,x16,x29	 x16:0x00000000 x29:0x00000000 x31=0x00000000
      429479000	     21372	80005f6a	03583233	mulhu	x4,x16,x21	 x16:0x00000000 x21:0xa4c5a000  x4=0x00000000
      438439000	     21820	80005f6e	8c71	c.and	x8,x12	  x8:0x00000270 x12:0x00000209  x8=0x00000200
      438459000	     21821	80005f70	018de2b3	or	x5,x27,x24	 x27:0x00000001 x24:0x894eaca4  x5=0x894eaca5
      438479000	     21822	80005f74	00851f93	slli	x31,x10,0x8	 x10:0xe12dd000 x31=0x2dd00000
      438499000	     21823	80005f78	97fa	c.add	x15,x30	 x15:0x000006cf x30:0x80022ce4 x15=0x800233b3
      438519000	     21824	80005f7a	001bcc63	blt	x23,x1,80005f92	 x23:0xa318be40  x1:0x00000000
      439079000	     21852	80005f92	01ecc3b3	xor	x7,x25,x30	 x25:0x00000000 x30:0x80022ce4  x7=0x80022ce4
      439099000	     21853	80005f96	6625	c.lui	x12,0x9	 x12=0x00009000
      439499000	     21873	80005f98	0155f833	and	x16,x11,x21	 x11:0x894eacb4 x21:0xa4c5a000 x16=0x8044a000
      439659000	     21881	80005f9c	0090	c.addi4spn	x12,x2,64	 x12=0x00000041
      439679000	     21882	80005f9e	8e21	c.xor	x12,x8	 x12:0x00000041  x8:0x00000200 x12=0x00000241
      439699000	     21883	80005fa0	0cce	c.slli	x25,0x13	 x25:0x00000000 x25=0x00000000
      440439000	     21920	80005fa2	02a568b3	rem	x17,x10,x10	 x10:0xe12dd000 x10:0xe12dd000 x17=0x00000000
      440459000	     21921	80005fa6	41805933	sra	x18,x0,x24	  x0:0x00000000 x24:0x894eaca4 x18=0x00000000
      440479000	     21922	80005faa	9a7d	c.andi	x12,-1	 x12:0x00000241 x12=0x00000241
      440499000	     21923	80005fac	00cbf093	andi	x1,x23,12	 x23:0xa318be40  x1=0x00000000
      440559000	     21926	80005fb0	40d8	c.lw	x14,4(x9)	  x9:0x8001ee2c x14=0x800032a8 PA:0x8001ee30 load:0x800032a8
      440579000	     21927	80005fb2	9a86	c.add	x21,x1	 x21:0xa4c5a000  x1:0x00000000 x21=0xa4c5a000
      440599000	     21928	80005fb4	03848493	addi	x9,x9,56	  x9:0x8001ee2c  x9=0x8001ee64
      440619000	     21929	80005fb8	01895613	srli	x12,x18,0x18	 x18:0x00000000 x12=0x00000000
      440639000	     21930	80005fbc	acfbb693	sltiu	x13,x23,-1329	 x23:0xa318be40 x13=0x00000001
      440659000	     21931	80005fc0	59bdf397	auipc	x7,0x59bdf	  x7=0xd9be4fc0
      440899000	     21943	80005fc4	00170193	addi	x3,x14,1	 x14:0x800032a8  x3=0x800032a9
      440919000	     21944	80005fc8	9182	c.jalr	x3	  x3:0x800032a9  x1=0x80005fca
      441939000	     21995	800032a8	03a5ca33	div	x20,x11,x26	 x11:0x894eacb4 x26:0x41707bce x20=0xffffffff
      441959000	     21996	800032ac	01680733	add	x14,x16,x22	 x16:0x8044a000 x22:0x01f0c000 x14=0x82356000
      441979000	     21997	800032b0	00000e97	auipc	x29,0x0	 x29=0x800032b0
      441999000	     21998	800032b4	5dae8e93	addi	x29,x29,1498	 x29:0x800032b0 x29=0x8000388a
      442019000	     21999	800032b8	8e09	c.sub	x12,x10	 x12:0x00000000 x10:0xe12dd000 x12=0x1ed23000
      442039000	     22000	800032ba	6cb5	c.lui	x25,0xd	 x25=0x0000d000
      442059000	     22001	800032bc	437ae413	ori	x8,x21,1079	 x21:0xa4c5a000  x8=0xa4c5a437
      442239000	     22010	800032c0	e4ae8e93	addi	x29,x29,-438	 x29:0x8000388a x29=0x800036d4
      442319000	     22014	800032c4	01b54ab3	xor	x21,x10,x27	 x10:0xe12dd000 x27:0x00000001 x21=0xe12dd001
      442339000	     22015	800032c8	4459bc13	sltiu	x24,x19,1093	 x19:0x894eb390 x24=0x00000000
      442359000	     22016	800032cc	1b6e8767	jalr	x14,438(x29)	 x29:0x800036d4 x14=0x800032d0
      442999000	     22048	8000388a	02a03933	mulhu	x18,x0,x10	  x0:0x00000000 x10:0xe12dd000 x18=0x00000000
      443019000	     22049	8000388e	b1ffe997	auipc	x19,0xb1ffe	 x19=0x3200188e
      443039000	     22050	80003892	6be5	c.lui	x23,0x19	 x23=0x00019000
      443079000	     22052	80003894	00f00563	beq	x0,x15,8000389e	  x0:0x00000000 x15:0x800233b3
      443339000	     22065	80003898	001456b3	srl	x13,x8,x1	  x8:0xa4c5a437  x1:0x80005fca x13=0x00293169
      443499000	     22073	8000389c	6ab9	c.lui	x21,0xe	 x21=0x0000e000
      443519000	     22074	8000389e	14a1	c.addi	x9,-24	  x9:0x8001ee64  x9=0x8001ee4c
      443539000	     22075	800038a0	83f9	c.srli	x15,0x1e	 x15:0x800233b3 x15=0x00000002
      443559000	     22076	800038a2	0ff0000f	fence	iorw,iorw	
      443619000	     22079	800038a6	c0d8	c.sw	x14,4(x9)	  x9:0x8001ee4c x14:0x800032d0 PA:0x8001ee50 store:0x800032d0 load:0xffffffff
      443639000	     22080	800038a8	01992b33	slt	x22,x18,x25	 x18:0x00000000 x25:0x0000d000 x22=0x00000001
      443659000	     22081	800038ac	00a33fb3	sltu	x31,x6,x10	  x6:0x00000001 x10:0xe12dd000 x31=0x00000001
      443819000	     22089	800038b0	8d55	c.or	x10,x13	 x10:0xe12dd000 x13:0x00293169 x10=0xe12df169
      443839000	     22090	800038b2	01a0076f	jal	x14,800038cc	 x14=0x800038b6
      444359000	     22116	800038cc	3fdd	c.jal	800038c2	  x1=0x800038ce
      444439000	     22120	800038c2	ffdff1ef	jal	x3,800038be	  x3=0x800038c6
      444479000	     22122	800038be	2031	c.jal	800038ca	  x1=0x800038c0
      444559000	     22126	800038ca	37f5	c.jal	800038b6	  x1=0x800038cc
      444619000	     22129	800038b6	2019	c.jal	800038bc	  x1=0x800038b8
      444679000	     22132	800038bc	2819	c.jal	800038d2	  x1=0x800038be
      444719000	     22134	800038d2	a009	c.j	800038d4	
      444759000	     22136	800038d4	ff3ff36f	jal	x6,800038c6	  x6=0x800038d8
      445079000	     22152	800038c6	ff3ff36f	jal	x6,800038b8	  x6=0x800038ca
      445139000	     22155	800038b8	020000ef	jal	x1,800038d8	  x1=0x800038bc
      445199000	     22158	800038d8	3fdd	c.jal	800038ce	  x1=0x800038da
      445259000	     22161	800038ce	ff3ff0ef	jal	x1,800038c0	  x1=0x800038d2
      445299000	     22163	800038c0	2829	c.jal	800038da	  x1=0x800038c2
      445359000	     22166	800038da	01103533	sltu	x10,x0,x17	  x0:0x00000000 x17:0x00000000 x10=0x00000000
      445499000	     22173	800038de	01e0076f	jal	x14,800038fc	 x14=0x800038e2
      445679000	     22182	800038fc	bfd5	c.j	800038f0	
      446619000	     22229	800038f0	a821	c.j	80003908	
      446659000	     22231	80003908	bfe5	c.j	80003900	
      446699000	     22233	80003900	b7f5	c.j	800038ec	
      446759000	     22236	800038ec	2029	c.jal	800038f6	  x1=0x800038ee
      447759000	     22286	800038f6	bff5	c.j	800038f2	
      447819000	     22289	800038f2	008000ef	jal	x1,800038fa	  x1=0x800038f6
      447879000	     22292	800038fa	bfd5	c.j	800038ee	
      447939000	     22295	800038ee	a801	c.j	800038fe	
      447999000	     22298	800038fe	a031	c.j	8000390a	
      448059000	     22301	8000390a	bfe5	c.j	80003902	
      448119000	     22304	80003902	37dd	c.jal	800038e8	  x1=0x80003904
      448179000	     22307	800038e8	024000ef	jal	x1,8000390c	  x1=0x800038ec
      448239000	     22310	8000390c	3fe1	c.jal	800038e4	  x1=0x8000390e
      448279000	     22312	800038e4	fffff0ef	jal	x1,800038e2	  x1=0x800038e8
      448319000	     22314	800038e2	a035	c.j	8000390e	
      448359000	     22316	8000390e	b7ed	c.j	800038f8	
      448399000	     22318	800038f8	2821	c.jal	80003910	  x1=0x800038fa
      448439000	     22320	80003910	004000ef	jal	x1,80003914	  x1=0x80003914
      448479000	     22322	80003914	ff1ff1ef	jal	x3,80003904	  x3=0x80003918
      448539000	     22325	80003904	01400d6f	jal	x26,80003918	 x26=0x80003908
      449339000	     22365	80003918	0001	c.addi	x0,0	  x0:0x00000000  x0=0x00000000
      449359000	     22366	8000391a	0220076f	jal	x14,8000393c	 x14=0x8000391e
      450359000	     22416	8000393c	3fc5	c.jal	8000392c	  x1=0x8000393e
      450399000	     22418	8000392c	2039	c.jal	8000393a	  x1=0x8000392e
      450459000	     22421	8000393a	2029	c.jal	80003944	  x1=0x8000393c
      451059000	     22451	80003944	3fed	c.jal	8000393e	  x1=0x80003946
      451119000	     22454	8000393e	ff3ff0ef	jal	x1,80003930	  x1=0x80003942
      451999000	     22498	80003930	3fcd	c.jal	80003922	  x1=0x80003932
      452059000	     22501	80003922	a801	c.j	80003932	
      452179000	     22507	80003932	fedff0ef	jal	x1,8000391e	  x1=0x80003936
      452219000	     22509	8000391e	a801	c.j	8000392e	
      452259000	     22511	8000392e	2029	c.jal	80003938	  x1=0x80003930
      452299000	     22513	80003938	3ffd	c.jal	80003936	  x1=0x8000393a
      452339000	     22515	80003936	2031	c.jal	80003942	  x1=0x80003938
      452379000	     22517	80003942	37d5	c.jal	80003926	  x1=0x80003944
      452439000	     22520	80003926	ffbff66f	jal	x12,80003920	 x12=0x8000392a
      452479000	     22522	80003920	a011	c.j	80003924	
      452519000	     22524	80003924	2019	c.jal	8000392a	  x1=0x80003926
      452559000	     22526	8000392a	a831	c.j	80003946	
      452639000	     22530	80003946	01e6ba33	sltu	x20,x13,x30	 x13:0x00293169 x30:0x80022ce4 x20=0x00000001
      452659000	     22531	8000394a	0160076f	jal	x14,80003960	 x14=0x8000394e
      452879000	     22542	80003960	0040036f	jal	x6,80003964	  x6=0x80003964
      453359000	     22566	80003964	ff7ff0ef	jal	x1,8000395a	  x1=0x80003968
      453819000	     22589	8000395a	3ff5	c.jal	80003956	  x1=0x8000395c
      454139000	     22605	80003956	0120086f	jal	x16,80003968	 x16=0x8000395a
      454179000	     22607	80003968	febff0ef	jal	x1,80003952	  x1=0x8000396c
      454239000	     22610	80003952	01a0036f	jal	x6,8000396c	  x6=0x80003956
      454279000	     22612	8000396c	bfcd	c.j	8000395e	
      454319000	     22614	8000395e	a829	c.j	80003978	
      454779000	     22637	80003978	3ff5	c.jal	80003974	  x1=0x8000397a
      454819000	     22639	80003974	fdbff86f	jal	x16,8000394e	 x16=0x80003978
      455019000	     22649	8000394e	00e000ef	jal	x1,8000395c	  x1=0x80003952
      455079000	     22652	8000395c	a811	c.j	80003970	
      455119000	     22654	80003970	2009	c.jal	80003972	  x1=0x80003972
      455159000	     22656	80003972	bff5	c.j	8000396e	
      455199000	     22658	8000396e	a031	c.j	8000397a	
      455259000	     22661	8000397a	f76cc213	xori	x4,x25,-138	 x25:0x0000d000  x4=0xffff2f76
      455279000	     22662	8000397e	0040076f	jal	x14,80003982	 x14=0x80003982
      455319000	     22664	80003982	200d	c.jal	800039a4	  x1=0x80003984
      455779000	     22687	800039a4	fe7ff36f	jal	x6,8000398a	  x6=0x800039a8
      455819000	     22689	8000398a	2801	c.jal	8000399a	  x1=0x8000398c
      456559000	     22726	8000399a	bfe5	c.j	80003992	
      456759000	     22736	80003992	a031	c.j	8000399e	
      456799000	     22738	8000399e	3ffd	c.jal	8000399c	  x1=0x800039a0
      456859000	     22741	8000399c	bfed	c.j	80003996	
      456919000	     22744	80003996	fefff36f	jal	x6,80003984	  x6=0x8000399a
      456979000	     22747	80003984	02a0036f	jal	x6,800039ae	  x6=0x80003988
      457039000	     22750	800039ae	bffd	c.j	800039ac	
      457099000	     22753	800039ac	b7e5	c.j	80003994	
      457159000	     22756	80003994	bfd5	c.j	80003988	
      457219000	     22759	80003988	a005	c.j	800039a8	
      457279000	     22762	800039a8	a021	c.j	800039b0	
      457319000	     22764	800039b0	fddff0ef	jal	x1,8000398c	  x1=0x800039b4
      457359000	     22766	8000398c	2811	c.jal	800039a0	  x1=0x8000398e
      457419000	     22769	800039a0	00a000ef	jal	x1,800039aa	  x1=0x800039a4
      457479000	     22772	800039aa	b7d5	c.j	8000398e	
      457599000	     22778	8000398e	026000ef	jal	x1,800039b4	  x1=0x80003992
      457659000	     22781	800039b4	83d5	c.srli	x15,0x15	 x15:0x00000002 x15=0x00000000
      457819000	     22789	800039b6	0080076f	jal	x14,800039be	 x14=0x800039ba
      458339000	     22815	800039be	02e000ef	jal	x1,800039ec	  x1=0x800039c2
      459159000	     22856	800039ec	fddff56f	jal	x10,800039c8	 x10=0x800039f0
      459219000	     22859	800039c8	a809	c.j	800039da	
      459959000	     22896	800039da	3ffd	c.jal	800039d8	  x1=0x800039dc
      460279000	     22912	800039d8	bfcd	c.j	800039ca	
      460319000	     22914	800039ca	2021	c.jal	800039d2	  x1=0x800039cc
      460399000	     22918	800039d2	bff5	c.j	800039ce	
      460519000	     22924	800039ce	00e0036f	jal	x6,800039dc	  x6=0x800039d2
      460579000	     22927	800039dc	01a000ef	jal	x1,800039f6	  x1=0x800039e0
      460639000	     22930	800039f6	3fc1	c.jal	800039c6	  x1=0x800039f8
      460699000	     22933	800039c6	a02d	c.j	800039f0	
      460759000	     22936	800039f0	2009	c.jal	800039f2	  x1=0x800039f2
      460839000	     22940	800039f2	fefff86f	jal	x16,800039e0	 x16=0x800039f6
      460879000	     22942	800039e0	b7cd	c.j	800039c2	
      460919000	     22944	800039c2	2015	c.jal	800039e6	  x1=0x800039c4
      460979000	     22947	800039e6	fdfff0ef	jal	x1,800039c4	  x1=0x800039ea
      461039000	     22950	800039c4	a809	c.j	800039d6	
      461079000	     22952	800039d6	a031	c.j	800039e2	
      461139000	     22955	800039e2	febff56f	jal	x10,800039cc	 x10=0x800039e6
      461199000	     22958	800039cc	a839	c.j	800039ea	
      461239000	     22960	800039ea	bfc1	c.j	800039ba	
      461299000	     22963	800039ba	01a001ef	jal	x3,800039d4	  x3=0x800039be
      461359000	     22966	800039d4	2015	c.jal	800039f8	  x1=0x800039d6
      461399000	     22968	800039f8	963e	c.add	x12,x15	 x12:0x8000392a x15:0x00000000 x12=0x8000392a
      461419000	     22969	800039fa	0280076f	jal	x14,80003a22	 x14=0x800039fe
      461699000	     22983	80003a22	3fc5	c.jal	80003a12	  x1=0x80003a24
      463319000	     23064	80003a12	ff7ff36f	jal	x6,80003a08	  x6=0x80003a16
      463359000	     23066	80003a08	a01d	c.j	80003a2e	
      463459000	     23071	80003a2e	ffdff0ef	jal	x1,80003a2a	  x1=0x80003a32
      463499000	     23073	80003a2a	bfd9	c.j	80003a00	
      463579000	     23077	80003a00	04000def	jal	x27,80003a40	 x27=0x80003a04
      464179000	     23107	80003a40	fdfff36f	jal	x6,80003a1e	  x6=0x80003a44
      464279000	     23112	80003a1e	ff9ff0ef	jal	x1,80003a16	  x1=0x80003a22
      464399000	     23118	80003a16	fe9ff0ef	jal	x1,800039fe	  x1=0x80003a1a
      464459000	     23121	800039fe	a081	c.j	80003a3e	
      464539000	     23125	80003a3e	b7f9	c.j	80003a0c	
      464599000	     23128	80003a0c	bfe5	c.j	80003a04	
      464639000	     23130	80003a04	a015	c.j	80003a28	
      464679000	     23132	80003a28	bffd	c.j	80003a26	
      464719000	     23134	80003a26	37ed	c.jal	80003a10	  x1=0x80003a28
      464759000	     23136	80003a10	a831	c.j	80003a2c	
      464799000	     23138	80003a2c	bfe5	c.j	80003a24	
      464839000	     23140	80003a24	a809	c.j	80003a36	
      464879000	     23142	80003a36	2011	c.jal	80003a3a	  x1=0x80003a38
      464919000	     23144	80003a3a	3fd1	c.jal	80003a0e	  x1=0x80003a3c
      464959000	     23146	80003a0e	3ff5	c.jal	80003a0a	  x1=0x80003a10
      464999000	     23148	80003a0a	2025	c.jal	80003a32	  x1=0x80003a0c
      465059000	     23151	80003a32	febff1ef	jal	x3,80003a1c	  x3=0x80003a36
      465139000	     23155	80003a1c	a025	c.j	80003a44	
      465199000	     23158	80003a44	3fd5	c.jal	80003a38	  x1=0x80003a46
      465259000	     23161	80003a38	b7cd	c.j	80003a1a	
      465319000	     23164	80003a1a	37f5	c.jal	80003a06	  x1=0x80003a1c
      465379000	     23167	80003a06	a081	c.j	80003a46	
      465439000	     23170	80003a46	ff7ff7ef	jal	x15,80003a3c	 x15=0x80003a4a
      465499000	     23173	80003a3c	2039	c.jal	80003a4a	  x1=0x80003a3e
      465559000	     23176	80003a4a	0028fcb3	and	x25,x17,x2	 x17:0x00000000  x2:0x00000001 x25=0x00000000
      465579000	     23177	80003a4e	0220076f	jal	x14,80003a70	 x14=0x80003a52
      466259000	     23211	80003a70	01a0036f	jal	x6,80003a8a	  x6=0x80003a74
      467819000	     23289	80003a8a	fd5ff0ef	jal	x1,80003a5e	  x1=0x80003a8e
      468659000	     23331	80003a5e	a80d	c.j	80003a90	
      468719000	     23334	80003a90	0040036f	jal	x6,80003a94	  x6=0x80003a94
      468779000	     23337	80003a94	37cd	c.jal	80003a76	  x1=0x80003a96
      468839000	     23340	80003a76	2025	c.jal	80003a9e	  x1=0x80003a78
      469719000	     23384	80003a9e	fc5ff7ef	jal	x15,80003a62	 x15=0x80003aa2
      469779000	     23387	80003a62	022000ef	jal	x1,80003a84	  x1=0x80003a66
      470179000	     23407	80003a84	bff1	c.j	80003a60	
      470239000	     23410	80003a60	2031	c.jal	80003a6c	  x1=0x80003a62
      470299000	     23413	80003a6c	02a0036f	jal	x6,80003a96	  x6=0x80003a70
      470359000	     23416	80003a96	b7cd	c.j	80003a78	
      470419000	     23419	80003a78	fddff9ef	jal	x19,80003a54	 x19=0x80003a7c
      470479000	     23422	80003a54	04e0016f	jal	x2,80003aa2	  x2=0x80003a58
      470559000	     23426	80003aa2	004000ef	jal	x1,80003aa6	  x1=0x80003aa6
      470619000	     23429	80003aa6	b7f9	c.j	80003a74	
      470679000	     23432	80003a74	201d	c.jal	80003a9a	  x1=0x80003a76
      470759000	     23436	80003a9a	fb9ff0ef	jal	x1,80003a52	  x1=0x80003a9e
      470819000	     23439	80003a52	a815	c.j	80003a86	
      470879000	     23442	80003a86	b7d5	c.j	80003a6a	
      470939000	     23445	80003a6a	37fd	c.jal	80003a58	  x1=0x80003a6c
      470979000	     23447	80003a58	2805	c.jal	80003a88	  x1=0x80003a5a
      471019000	     23449	80003a88	a019	c.j	80003a8e	
      471059000	     23451	80003a8e	3fcd	c.jal	80003a80	  x1=0x80003a90
      471139000	     23455	80003a80	018008ef	jal	x17,80003a98	 x17=0x80003a84
      471199000	     23458	80003a98	b7d5	c.j	80003a7c	
      471259000	     23461	80003a7c	febff0ef	jal	x1,80003a66	  x1=0x80003a80
      471319000	     23464	80003a66	bfd5	c.j	80003a5a	
      471399000	     23468	80003a5a	00e000ef	jal	x1,80003a68	  x1=0x80003a5e
      471459000	     23471	80003a68	2081	c.jal	80003aa8	  x1=0x80003a6a
      471519000	     23474	80003aa8	01507633	and	x12,x0,x21	  x0:0x00000000 x21:0x0000e000 x12=0x00000000
      471539000	     23475	80003aac	0460076f	jal	x14,80003af2	 x14=0x80003ab0
      471659000	     23481	80003af2	bfe5	c.j	80003aea	
      496619000	     24729	80003aea	bfe9	c.j	80003ac4	
      496699000	     24733	80003ac4	02a000ef	jal	x1,80003aee	  x1=0x80003ac8
      496739000	     24735	80003aee	bff9	c.j	80003acc	
      497419000	     24769	80003acc	37e5	c.jal	80003ab4	  x1=0x80003ace
      497459000	     24771	80003ab4	02a000ef	jal	x1,80003ade	  x1=0x80003ab8
      498519000	     24824	80003ade	ffbff0ef	jal	x1,80003ad8	  x1=0x80003ae2
      498559000	     24826	80003ad8	37c5	c.jal	80003ab8	  x1=0x80003ada
      498599000	     24828	80003ab8	a835	c.j	80003af4	
      498659000	     24831	80003af4	ff9ff0ef	jal	x1,80003aec	  x1=0x80003af8
      498719000	     24834	80003aec	bff1	c.j	80003ac8	
      498779000	     24837	80003ac8	00c000ef	jal	x1,80003ad4	  x1=0x80003acc
      498839000	     24840	80003ad4	fe7ffe6f	jal	x28,80003aba	 x28=0x80003ad8
      498919000	     24844	80003aba	0200036f	jal	x6,80003ada	  x6=0x80003abe
      498999000	     24848	80003ada	fd7ffcef	jal	x25,80003ab0	 x25=0x80003ade
      499039000	     24850	80003ab0	034000ef	jal	x1,80003ae4	  x1=0x80003ab4
      499079000	     24852	80003ae4	b7f5	c.j	80003ad0	
      499119000	     24854	80003ad0	0120036f	jal	x6,80003ae2	  x6=0x80003ad4
      499199000	     24858	80003ae2	bff9	c.j	80003ac0	
      499259000	     24861	80003ac0	0300036f	jal	x6,80003af0	  x6=0x80003ac4
      499319000	     24864	80003af0	37f9	c.jal	80003abe	  x1=0x80003af2
      499379000	     24867	80003abe	2025	c.jal	80003ae6	  x1=0x80003ac0
      499499000	     24873	80003ae6	fe9ff0ef	jal	x1,80003ace	  x1=0x80003aea
      499559000	     24876	80003ace	a02d	c.j	80003af8	
      499619000	     24879	80003af8	0b56	c.slli	x22,0x15	 x22:0x00000001 x22=0x00200000
      499639000	     24880	80003afa	997d	c.andi	x10,-1	 x10:0x800039e6 x10=0x800039e6
      499659000	     24881	80003afc	407959b3	sra	x19,x18,x7	 x18:0x00000000  x7:0xd9be4fc0 x19=0x00000000
      499679000	     24882	80003b00	8f65	c.and	x14,x9	 x14:0x80003ab0  x9:0x8001ee4c x14=0x80002a00
      499699000	     24883	80003b02	02cb6363	bltu	x22,x12,80003b28	 x22:0x00200000 x12:0x00000000
      499919000	     24894	80003b06	009c2a33	slt	x20,x24,x9	 x24:0x00000000  x9:0x8001ee4c x20=0x00000000
      499939000	     24895	80003b0a	008c3533	sltu	x10,x24,x8	 x24:0x00000000  x8:0xa4c5a437 x10=0x00000001
      499959000	     24896	80003b0e	8d05	c.sub	x10,x9	 x10:0x00000001  x9:0x8001ee4c x10=0x7ffe11b5
      500019000	     24899	80003b10	406c58b3	sra	x17,x24,x6	 x24:0x00000000  x6:0x80003ac4 x17=0x00000000
      500099000	     24903	80003b14	0ff0000f	fence	iorw,iorw	
      500239000	     24910	80003b18	014f73b3	and	x7,x30,x20	 x30:0x80022ce4 x20:0x00000000  x7=0x00000000
      500259000	     24911	80003b1c	8e41	c.or	x12,x8	 x12:0x00000000  x8:0xa4c5a437 x12=0xa4c5a437
      500279000	     24912	80003b1e	0000100f	fence.i	
      500659000	     24931	80003b22	032577b3	remu	x15,x10,x18	 x10:0x7ffe11b5 x18:0x00000000 x15=0x7ffe11b5
      500679000	     24932	80003b26	ca1d	c.beqz	x12,80003b5c	 x12:0xa4c5a437
      500739000	     24935	80003b28	c74241b7	lui	x3,0xc7424	  x3=0xc7424000
      500759000	     24936	80003b2c	01952733	slt	x14,x10,x25	 x10:0x7ffe11b5 x25:0x80003ade x14=0x00000000
      500779000	     24937	80003b30	0000100f	fence.i	
      501259000	     24961	80003b34	8ea9	c.xor	x13,x10	 x13:0x00293169 x10:0x7ffe11b5 x13=0x7fd720dc
      501279000	     24962	80003b36	8c1e2213	slti	x4,x28,-1855	 x28:0x80003ad8  x4=0x00000001
      501299000	     24963	80003b3a	e4c12697	auipc	x13,0xe4c12	 x13=0x64c15b3a
      501319000	     24964	80003b3e	40685a13	srai	x20,x16,0x6	 x16:0x800039f6 x20=0xfe0000e7
      501339000	     24965	80003b42	8f59	c.or	x14,x14	 x14:0x00000000 x14:0x00000000 x14=0x00000000
      501479000	     24972	80003b44	01deba33	sltu	x20,x29,x29	 x29:0x800036d4 x29:0x800036d4 x20=0x00000000
      501499000	     24973	80003b48	8671	c.srai	x12,0x1c	 x12:0xa4c5a437 x12=0xfffffffa
      501519000	     24974	80003b4a	03654d63	blt	x10,x22,80003b84	 x10:0x7ffe11b5 x22:0x00200000
      501939000	     24995	80003b4e	001aceb3	xor	x29,x21,x1	 x21:0x0000e000  x1:0x80003aea x29=0x8000daea
      501959000	     24996	80003b52	0ff0000f	fence	iorw,iorw	
      501999000	     24998	80003b56	de31aeb7	lui	x29,0xde31a	 x29=0xde31a000
      502019000	     24999	80003b5a	57fd	c.li	x15,-1	 x15=0xffffffff
      502139000	     25005	80003b5c	02f97963	bgeu	x18,x15,80003b8e	 x18:0x00000000 x15:0xffffffff
      502219000	     25009	80003b60	36ffb013	sltiu	x0,x31,879	 x31:0x00000001  x0=0x00000000
      502239000	     25010	80003b64	0001	c.addi	x0,0	  x0:0x00000000  x0=0x00000000
      502259000	     25011	80003b66	82c5	c.srli	x13,0x11	 x13:0x64c15b3a x13=0x00003260
      502439000	     25020	80003b68	00f221b3	slt	x3,x4,x15	  x4:0x00000001 x15:0xffffffff  x3=0x00000000
      502719000	     25034	80003b6c	004beeb3	or	x29,x23,x4	 x23:0x00019000  x4:0x00000001 x29=0x00019001
      502739000	     25035	80003b70	0001	c.addi	x0,0	  x0:0x00000000  x0=0x00000000
      502759000	     25036	80003b72	86e5	c.srai	x13,0x19	 x13:0x00003260 x13=0x00000000
      502859000	     25041	80003b74	0259c963	blt	x19,x5,80003ba6	 x19:0x00000000  x5:0x894eaca5
      502879000	     25042	80003b78	00a93033	sltu	x0,x18,x10	 x18:0x00000000 x10:0x7ffe11b5  x0=0x00000000
      503299000	     25063	80003b7c	00dd5433	srl	x8,x26,x13	 x26:0x80003908 x13:0x00000000  x8=0x80003908
      503439000	     25070	80003b80	0144f733	and	x14,x9,x20	  x9:0x8001ee4c x20:0x00000000 x14=0x00000000
      503859000	     25091	80003b84	0001	c.addi	x0,0	  x0:0x00000000  x0=0x00000000
      503899000	     25093	80003b86	037c2ab3	mulhsu	x21,x24,x23	 x24:0x00000000 x23:0x00019000 x21=0x00000000
      504039000	     25100	80003b8a	033538b3	mulhu	x17,x10,x19	 x10:0x7ffe11b5 x19:0x00000000 x17=0x00000000
      504059000	     25101	80003b8e	8d01	c.sub	x10,x8	 x10:0x7ffe11b5  x8:0x80003908 x10=0xfffdd8ad
      504419000	     25119	80003b90	77828813	addi	x16,x5,1912	  x5:0x894eaca5 x16=0x894eb41d
      504439000	     25120	80003b94	ce01	c.beqz	x12,80003bac	 x12:0xfffffffa
      504459000	     25121	80003b96	0001	c.addi	x0,0	  x0:0x00000000  x0=0x00000000
      504479000	     25122	80003b98	6131	c.addi16sp	x2,320	  x2:0x80003a58  x2=0x80003b98
      504539000	     25125	80003b9a	d8d3a693	slti	x13,x7,-627	  x7:0x00000000 x13=0x00000000
      504619000	     25129	80003b9e	41d08433	sub	x8,x1,x29	  x1:0x80003aea x29:0x00019001  x8=0x7ffeaae9
      505359000	     25166	80003ba2	0379fa33	remu	x20,x19,x23	 x19:0x00000000 x23:0x00019000 x20=0x00000000
      505379000	     25167	80003ba6	01ee	c.slli	x3,0x1b	  x3:0x00000000  x3=0x00000000
      505399000	     25168	80003ba8	701d8e37	lui	x28,0x701d8	 x28=0x701d8000
      505419000	     25169	80003bac	01bd1463	bne	x26,x27,80003bb4	 x26:0x80003908 x27:0x80003a04
      505659000	     25181	80003bb4	e28d	c.bnez	x13,80003bd6	 x13:0x00000000
      505679000	     25182	80003bb6	0001	c.addi	x0,0	  x0:0x00000000  x0=0x00000000
      505719000	     25184	80003bb8	412001b3	sub	x3,x0,x18	  x0:0x00000000 x18:0x00000000  x3=0x00000000
      505819000	     25189	80003bbc	00051d13	slli	x26,x10,0x0	 x10:0xfffdd8ad x26=0xfffdd8ad
      505839000	     25190	80003bc0	00c91d13	slli	x26,x18,0xc	 x18:0x00000000 x26=0x00000000
      505879000	     25192	80003bc4	02cb9433	mulh	x8,x23,x12	 x23:0x00019000 x12:0xfffffffa  x8=0xffffffff
      505899000	     25193	80003bc8	717d	c.addi16sp	x2,-16	  x2:0x80003b98  x2=0x80003b88
      505979000	     25197	80003bca	0ff0000f	fence	iorw,iorw	
      506319000	     25214	80003bce	c9393b93	sltiu	x23,x18,-877	 x18:0x00000000 x23=0x00000001
      506479000	     25222	80003bd2	01cc8293	addi	x5,x25,28	 x25:0x80003ade  x5=0x80003afa
      506899000	     25243	80003bd6	0000100f	fence.i	
      507399000	     25268	80003bda	77d24013	xori	x0,x4,1917	  x4:0x00000001  x0=0x00000000
      507419000	     25269	80003bde	40b4d7b3	sra	x15,x9,x11	  x9:0x8001ee4c x11:0x894eacb4 x15=0xfffff800
      507439000	     25270	80003be2	161c	c.addi4spn	x15,x2,800	 x15=0x80003ea8
      507839000	     25290	80003be4	8afd	c.andi	x13,31	 x13:0x00000000 x13=0x00000000
      507859000	     25291	80003be6	fa11eb13	ori	x22,x3,-95	  x3:0x00000000 x22=0xffffffa1
      507899000	     25293	80003bea	f2bc4193	xori	x3,x24,-213	 x24:0x00000000  x3=0xffffff2b
      507919000	     25294	80003bee	0148d993	srli	x19,x17,0x14	 x17:0x00000000 x19=0x00000000
      507939000	     25295	80003bf2	03cb9d63	bne	x23,x28,80003c2c	 x23:0x00000001 x28:0x701d8000
      508619000	     25329	80003c2c	004499b3	sll	x19,x9,x4	  x9:0x8001ee4c  x4:0x00000001 x19=0x0003dc98
      508819000	     25339	80003c30	b8d83693	sltiu	x13,x16,-1139	 x16:0x894eb41d x13=0x00000001
      509039000	     25350	80003c34	02da1633	mulh	x12,x20,x13	 x20:0x00000000 x13:0x00000001 x12=0x00000000
      509159000	     25356	80003c38	617d	c.addi16sp	x2,496	  x2:0x80003b88  x2=0x80003d78
      509179000	     25357	80003c3a	8e8d	c.sub	x13,x11	 x13:0x00000001 x11:0x894eacb4 x13=0x76b1534d
      509199000	     25358	80003c3c	0ff0000f	fence	iorw,iorw	
      509339000	     25365	80003c40	91e64e93	xori	x29,x12,-1762	 x12:0x00000000 x29=0xfffff91e
      509359000	     25366	80003c44	8ed5	c.or	x13,x13	 x13:0x76b1534d x13:0x76b1534d x13=0x76b1534d
      509379000	     25367	80003c46	0ff0000f	fence	iorw,iorw	
      509399000	     25368	80003c4a	0ff0000f	fence	iorw,iorw	
      509439000	     25370	80003c4e	02b83533	mulhu	x10,x16,x11	 x16:0x894eb41d x11:0x894eacb4 x10=0x49a550ff
      509459000	     25371	80003c52	8f99	c.sub	x15,x14	 x15:0x80003ea8 x14:0x00000000 x15=0x80003ea8
      509479000	     25372	80003c54	01334533	xor	x10,x6,x19	  x6:0x80003ac4 x19:0x0003dc98 x10=0x8003e65c
      509499000	     25373	80003c58	864d	c.srai	x12,0x13	 x12:0x00000000 x12=0x00000000
      509519000	     25374	80003c5a	987d	c.andi	x8,-1	  x8:0xffffffff  x8=0xffffffff
      509879000	     25392	80003c5c	0048f7b3	and	x15,x17,x4	 x17:0x00000000  x4:0x00000001 x15=0x00000000
      510299000	     25413	80003c60	0199aeb3	slt	x29,x19,x25	 x19:0x0003dc98 x25:0x80003ade x29=0x00000000
      510639000	     25430	80003c64	8f21	c.xor	x14,x8	 x14:0x00000000  x8:0xffffffff x14=0xffffffff
      510719000	     25434	80003c66	00417e63	bgeu	x2,x4,80003c82	  x2:0x80003d78  x4:0x00000001
      511099000	     25453	80003c82	fafd6837	lui	x16,0xfafd6	 x16=0xfafd6000
      511119000	     25454	80003c86	016b7f63	bgeu	x22,x22,80003ca4	 x22:0xffffffa1 x22:0xffffffa1
      511559000	     25476	80003ca4	0e7a	c.slli	x28,0x1e	 x28:0x701d8000 x28=0x00000000
      511679000	     25482	80003ca6	00753a33	sltu	x20,x10,x7	 x10:0x8003e65c  x7:0x00000000 x20=0x00000000
      512099000	     25503	80003caa	0127b8b3	sltu	x17,x15,x18	 x15:0x00000000 x18:0x00000000 x17=0x00000000
      512119000	     25504	80003cae	02a48b63	beq	x9,x10,80003ce4	  x9:0x8001ee4c x10:0x8003e65c
      512539000	     25525	80003cb2	02d06d63	bltu	x0,x13,80003cec	  x0:0x00000000 x13:0x76b1534d
      513179000	     25557	80003cec	007acbb3	xor	x23,x21,x7	 x21:0x00000000  x7:0x00000000 x23=0x00000000
      513219000	     25559	80003cf0	6469	c.lui	x8,0x1a	  x8=0x0001a000
      513239000	     25560	80003cf2	d7ee8b97	auipc	x23,0xd7ee8	 x23=0x57eebcf2
      513259000	     25561	80003cf6	0ff0000f	fence	iorw,iorw	
      513299000	     25563	80003cfa	02ceee33	rem	x28,x29,x12	 x29:0x00000000 x12:0x00000000 x28=0x00000000
      513319000	     25564	80003cfe	8231	c.srli	x12,0xc	 x12:0x00000000 x12=0x00000000
      513459000	     25571	80003d00	59197013	andi	x0,x18,1425	 x18:0x00000000  x0=0x00000000
      513479000	     25572	80003d04	4069d6b3	sra	x13,x19,x6	 x19:0x0003dc98  x6:0x80003ac4 x13=0x00003dc9
      513679000	     25582	80003d08	12437413	andi	x8,x6,292	  x6:0x80003ac4  x8=0x00000004
      513979000	     25597	80003d0c	0000100f	fence.i	
      515179000	     25657	80003d10	000c5563	bge	x24,x0,80003d1a	 x24:0x00000000  x0:0x00000000
      516499000	     25723	80003d1a	0017d513	srli	x10,x15,0x1	 x15:0x00000000 x10=0x00000000
      517339000	     25765	80003d1e	039dc533	div	x10,x27,x25	 x27:0x80003a04 x25:0x80003ade x10=0x00000001
      517379000	     25767	80003d22	0261a233	mulhsu	x4,x3,x6	  x3:0xffffff2b  x6:0x80003ac4  x4=0xffffff95
      517399000	     25768	80003d26	a2373513	sltiu	x10,x14,-1501	 x14:0xffffffff x10=0x00000000
      517419000	     25769	80003d2a	41505c93	srai	x25,x0,0x15	  x0:0x00000000 x25=0x00000000
      517439000	     25770	80003d2e	997d	c.andi	x10,-1	 x10:0x00000000 x10=0x00000000
      517459000	     25771	80003d30	03bb8f63	beq	x23,x27,80003d6e	 x23:0x57eebcf2 x27:0x80003a04
      517479000	     25772	80003d34	43fb3113	sltiu	x2,x22,1087	 x22:0xffffffa1  x2=0x00000000
      517679000	     25782	80003d38	03cb4163	blt	x22,x28,80003d5a	 x22:0xffffffa1 x28:0x00000000
      517839000	     25790	80003d5a	00de9263	bne	x29,x13,80003d5e	 x29:0x00000000 x13:0x00003dc9
      518219000	     25809	80003d5e	94040693	addi	x13,x8,-1728	  x8:0x00000004 x13=0xfffff944
      518239000	     25810	80003d62	6c11	c.lui	x24,0x4	 x24=0x00004000
      518259000	     25811	80003d64	4651	c.li	x12,20	 x12=0x00000014
      518419000	     25819	80003d66	00d47763	bgeu	x8,x13,80003d74	  x8:0x00000004 x13:0xfffff944
      518459000	     25821	80003d6a	020211b3	mulh	x3,x4,x0	  x4:0xffffff95  x0:0x00000000  x3=0x00000000
      518579000	     25827	80003d6e	01caf2b3	and	x5,x21,x28	 x21:0x00000000 x28:0x00000000  x5=0x00000000
      518599000	     25828	80003d72	8d61	c.and	x10,x8	 x10:0x00000000  x8:0x00000004 x10=0x00000000
      518639000	     25830	80003d74	03217db3	remu	x27,x2,x18	  x2:0x00000000 x18:0x00000000 x27=0x00000000
      518659000	     25831	80003d78	03408d63	beq	x1,x20,80003db2	  x1:0x80003aea x20:0x00000000
      518739000	     25835	80003d7c	0093d3b3	srl	x7,x7,x9	  x7:0x00000000  x9:0x8001ee4c  x7=0x00000000
      519159000	     25856	80003d80	717d	c.addi16sp	x2,-16	  x2:0x00000000  x2=0xfffffff0
      520019000	     25899	80003d82	02e97cb3	remu	x25,x18,x14	 x18:0x00000000 x14:0xffffffff x25=0x00000000
      520039000	     25900	80003d86	a467fa93	andi	x21,x15,-1466	 x15:0x00000000 x21=0x00000000
      520059000	     25901	80003d8a	0132e233	or	x4,x5,x19	  x5:0x00000000 x19:0x0003dc98  x4=0x0003dc98
      520079000	     25902	80003d8e	00699c13	slli	x24,x19,0x6	 x19:0x0003dc98 x24=0x00f72600
      520099000	     25903	80003d92	5d2e0913	addi	x18,x28,1490	 x28:0x00000000 x18=0x000005d2
      520119000	     25904	80003d96	4a8d4b17	auipc	x22,0x4a8d4	 x22=0xca8d7d96
      520139000	     25905	80003d9a	8e05	c.sub	x12,x9	 x12:0x00000014  x9:0x8001ee4c x12=0x7ffe11c8
      520279000	     25912	80003d9c	613d	c.addi16sp	x2,480	  x2:0xfffffff0  x2=0x000001d0
      520539000	     25925	80003d9e	00c6d963	bge	x13,x12,80003db0	 x13:0xfffff944 x12:0x7ffe11c8
      520559000	     25926	80003da2	03cc00b3	mul	x1,x24,x28	 x24:0x00f72600 x28:0x00000000  x1=0x00000000
      520579000	     25927	80003da6	8866	c.mv	x16,x25	  x0:0x00000000 x25:0x00000000 x16=0x00000000
      520819000	     25939	80003da8	03412433	mulhsu	x8,x2,x20	  x2:0x000001d0 x20:0x00000000  x8=0x00000000
      520879000	     25942	80003dac	ae78ea13	ori	x20,x17,-1305	 x17:0x00000000 x20=0xfffffae7
      521299000	     25963	80003db0	888e	c.mv	x17,x3	  x0:0x00000000  x3:0x00000000 x17=0x00000000
      521319000	     25964	80003db2	c0b5b793	sltiu	x15,x11,-1013	 x11:0x894eacb4 x15=0x00000001
      521359000	     25966	80003db6	4155da93	srai	x21,x11,0x15	 x11:0x894eacb4 x21=0xfffffc4a
      521379000	     25967	80003dba	8d2d	c.xor	x10,x11	 x10:0x00000000 x11:0x894eacb4 x10=0x894eacb4
      521399000	     25968	80003dbc	8eb1	c.xor	x13,x12	 x13:0xfffff944 x12:0x7ffe11c8 x13=0x8001e88c
      521419000	     25969	80003dbe	8a41	c.andi	x12,16	 x12:0x7ffe11c8 x12=0x00000000
      521759000	     25986	80003dc0	03a2eb33	rem	x22,x5,x26	  x5:0x00000000 x26:0x00000000 x22=0x00000000
      521879000	     25992	80003dc4	3ac36e93	ori	x29,x6,940	  x6:0x80003ac4 x29=0x80003bec
      521899000	     25993	80003dc8	02f18bb3	mul	x23,x3,x15	  x3:0x00000000 x15:0x00000001 x23=0x00000000
      521939000	     25995	80003dcc	005f9a13	slli	x20,x31,0x5	 x31:0x00000001 x20=0x00000020
      521959000	     25996	80003dd0	8f2d	c.xor	x14,x11	 x14:0xffffffff x11:0x894eacb4 x14=0x76b1534b
      522139000	     26005	80003dd2	01d91193	slli	x3,x18,0x1d	 x18:0x000005d2  x3=0x40000000
      522159000	     26006	80003dd6	b19cfa37	lui	x20,0xb19cf	 x20=0xb19cf000
      522179000	     26007	80003dda	615d	c.addi16sp	x2,432	  x2:0x000001d0  x2=0x00000380
      522199000	     26008	80003ddc	0d94	c.addi4spn	x13,x2,720	 x13=0x00000650
      522219000	     26009	80003dde	01803133	sltu	x2,x0,x24	  x0:0x00000000 x24:0x00f72600  x2=0x00000001
      522239000	     26010	80003de2	010ed693	srli	x13,x29,0x10	 x29:0x80003bec x13=0x00008000
      522639000	     26030	80003de6	03934963	blt	x6,x25,80003e18	  x6:0x80003ac4 x25:0x00000000
      536999000	     26748	80003e18	830d	c.srli	x14,0x3	 x14:0x76b1534b x14=0x0ed62a69
      537019000	     26749	80003e1a	e905	c.bnez	x10,80003e4a	 x10:0x894eacb4
      537919000	     26794	80003e4a	012e3e33	sltu	x28,x28,x18	 x28:0x00000000 x18:0x000005d2 x28=0x00000001
      537939000	     26795	80003e4e	0876	c.slli	x16,0x1d	 x16:0x00000000 x16=0x00000000
      537959000	     26796	80003e50	02ac4b63	blt	x24,x10,80003e86	 x24:0x00f72600 x10:0x894eacb4
      537979000	     26797	80003e54	c00d	c.beqz	x8,80003e76	  x8:0x00000000
      538779000	     26837	80003e76	854b2b13	slti	x22,x22,-1964	 x22:0x00000000 x22=0x00000000
      538799000	     26838	80003e7a	0000100f	fence.i	
      538899000	     26843	80003e7e	057e1063	bne	x28,x23,80003ebe	 x28:0x00000001 x23:0x00000000
      539479000	     26872	80003ebe	0001	c.addi	x0,0	  x0:0x00000000  x0=0x00000000
      539899000	     26893	80003ec0	ce88b997	auipc	x19,0xce88b	 x19=0x4e88eec0
      540319000	     26914	80003ec4	e31d	c.bnez	x14,80003eea	 x14:0x0ed62a69
      541479000	     26972	80003eea	02f1b733	mulhu	x14,x3,x15	  x3:0x40000000 x15:0x00000001 x14=0x00000000
      541599000	     26978	80003eee	a746c437	lui	x8,0xa746c	  x8=0xa746c000
      541619000	     26979	80003ef2	5bfd	c.li	x23,-1	 x23=0xffffffff
      541679000	     26982	80003ef4	4139dd13	srai	x26,x19,0x13	 x19:0x4e88eec0 x26=0x000009d1
      541859000	     26991	80003ef8	965a	c.add	x12,x22	 x12:0x00000000 x22:0x00000000 x12=0x00000000
      542279000	     27012	80003efa	411d5b13	srai	x22,x26,0x11	 x26:0x000009d1 x22=0x00000000
      542459000	     27021	80003efe	41b50db3	sub	x27,x10,x27	 x10:0x894eacb4 x27:0x00000000 x27=0x894eacb4
      542879000	     27042	80003f02	1a6be693	ori	x13,x23,422	 x23:0xffffffff x13=0xffffffff
      542899000	     27043	80003f06	8e3d	c.xor	x12,x15	 x12:0x00000000 x15:0x00000001 x12=0x00000001
      543019000	     27049	80003f08	0001	c.addi	x0,0	  x0:0x00000000  x0=0x00000000
      543039000	     27050	80003f0a	1388	c.addi4spn	x10,x2,480	 x10=0x000001e1
      543279000	     27062	80003f0c	0ff0000f	fence	iorw,iorw	
      543639000	     27080	80003f10	9bfd	c.andi	x15,-1	 x15:0x00000001 x15=0x00000001
      543959000	     27096	80003f12	01936cb3	or	x25,x6,x25	  x6:0x80003ac4 x25:0x00000000 x25=0x80003ac4
      543979000	     27097	80003f16	01269e33	sll	x28,x13,x18	 x13:0xffffffff x18:0x000005d2 x28=0xfffc0000
      543999000	     27098	80003f1a	456da437	lui	x8,0x456da	  x8=0x456da000
      544419000	     27119	80003f1e	01019563	bne	x3,x16,80003f28	  x3:0x40000000 x16:0x00000000
      545379000	     27167	80003f28	0d9a0c93	addi	x25,x20,217	 x20:0xb19cf000 x25=0xb19cf0d9
      545519000	     27174	80003f2c	0383adb3	mulhsu	x27,x7,x24	  x7:0x00000000 x24:0x00f72600 x27=0x00000000
      545919000	     27194	80003f30	03176963	bltu	x14,x17,80003f62	 x14:0x00000000 x17:0x00000000
      545939000	     27195	80003f34	0001	c.addi	x0,0	  x0:0x00000000  x0=0x00000000
      545959000	     27196	80003f36	0001	c.addi	x0,0	  x0:0x00000000  x0=0x00000000
      545979000	     27197	80003f38	00265813	srli	x16,x12,0x2	 x12:0x00000001 x16=0x00000000
      546019000	     27199	80003f3c	03bfb633	mulhu	x12,x31,x27	 x31:0x00000001 x27:0x00000000 x12=0x00000000
      546039000	     27200	80003f40	8c55	c.or	x8,x13	  x8:0x456da000 x13:0xffffffff  x8=0xffffffff
      546779000	     27237	80003f42	034a58b3	divu	x17,x20,x20	 x20:0xb19cf000 x20:0xb19cf000 x17=0x00000001
      546799000	     27238	80003f46	e011	c.bnez	x8,80003f4a	  x8:0xffffffff
      546859000	     27241	80003f4a	00e23d33	sltu	x26,x4,x14	  x4:0x0003dc98 x14:0x00000000 x26=0x00000000
      547579000	     27277	80003f4e	3325b993	sltiu	x19,x11,818	 x11:0x894eacb4 x19=0x00000000
      547599000	     27278	80003f52	0000100f	fence.i	
      548799000	     27338	80003f56	00f07d63	bgeu	x0,x15,80003f70	  x0:0x00000000 x15:0x00000001
      548819000	     27339	80003f5a	8c71	c.and	x8,x12	  x8:0xffffffff x12:0x00000000  x8=0x00000000
      548839000	     27340	80003f5c	8405	c.srai	x8,0x1	  x8:0x00000000  x8=0x00000000
      548879000	     27342	80003f5e	00fc9363	bne	x25,x15,80003f64	 x25:0xb19cf0d9 x15:0x00000001
      549019000	     27349	80003f64	409f5a13	srai	x20,x30,0x9	 x30:0x80022ce4 x20=0xffc00116
      549039000	     27350	80003f68	0929	c.addi	x18,10	 x18:0x000005d2 x18=0x000005dc
      549059000	     27351	80003f6a	9246	c.add	x4,x17	  x4:0x0003dc98 x17:0x00000001  x4=0x0003dc99
      549099000	     27353	80003f6c	03ad5c33	divu	x24,x26,x26	 x26:0x00000000 x26:0x00000000 x24=0xffffffff
      549139000	     27355	80003f70	02044fb3	div	x31,x8,x0	  x8:0x00000000  x0:0x00000000 x31=0xffffffff
      549379000	     27367	80003f74	0000100f	fence.i	
      550019000	     27399	80003f78	0165d263	bge	x11,x22,80003f7c	 x11:0x894eacb4 x22:0x00000000
      550039000	     27400	80003f7c	8ee1	c.and	x13,x8	 x13:0xffffffff  x8:0x00000000 x13=0x00000000
      550459000	     27421	80003f7e	efe3f813	andi	x16,x7,-258	  x7:0x00000000 x16=0x00000000
      550479000	     27422	80003f82	852d	c.srai	x10,0xb	 x10:0x000001e1 x10=0x00000000
      550579000	     27427	80003f84	91d5da97	auipc	x21,0x91d5d	 x21=0x11d60f84
      550599000	     27428	80003f88	0290	c.addi4spn	x12,x2,320	 x12=0x00000141
      550619000	     27429	80003f8a	a107f513	andi	x10,x15,-1520	 x15:0x00000001 x10=0x00000000
      550639000	     27430	80003f8e	01b3d913	srli	x18,x7,0x1b	  x7:0x00000000 x18=0x00000000
      550719000	     27434	80003f92	40bc5533	sra	x10,x24,x11	 x24:0xffffffff x11:0x894eacb4 x10=0xffffffff
      550739000	     27435	80003f96	8f55	c.or	x14,x13	 x14:0x00000000 x13:0x00000000 x14=0x00000000
      550919000	     27444	80003f98	53a6ec13	ori	x24,x13,1338	 x13:0x00000000 x24=0x0000053a
      550939000	     27445	80003f9c	0ff0000f	fence	iorw,iorw	
      550959000	     27446	80003fa0	53fd	c.li	x7,-1	  x7=0xffffffff
      550979000	     27447	80003fa2	8fd5	c.or	x15,x13	 x15:0x00000001 x13:0x00000000 x15=0x00000001
      550999000	     27448	80003fa4	024e7b63	bgeu	x28,x4,80003fda	 x28:0xfffc0000  x4:0x0003dc99
      551239000	     27460	80003fda	9a7d	c.andi	x12,-1	 x12:0x00000141 x12=0x00000141
      551439000	     27470	80003fdc	02899963	bne	x19,x8,8000400e	 x19:0x00000000  x8:0x00000000
      551539000	     27475	80003fe0	4309	c.li	x6,2	  x6=0x00000002
      551559000	     27476	80003fe2	0001c233	xor	x4,x3,x0	  x3:0x40000000  x0:0x00000000  x4=0x40000000
      551979000	     27497	80003fe6	00ff9033	sll	x0,x31,x15	 x31:0xffffffff x15:0x00000001  x0=0x00000000
      552719000	     27534	80003fea	02b962b3	rem	x5,x18,x11	 x18:0x00000000 x11:0x894eacb4  x5=0x00000000
      552739000	     27535	80003fee	fcbcfc93	andi	x25,x25,-53	 x25:0xb19cf0d9 x25=0xb19cf0c9
      552759000	     27536	80003ff2	407adab3	sra	x21,x21,x7	 x21:0x11d60f84  x7:0xffffffff x21=0x00000000
      552779000	     27537	80003ff6	0000100f	fence.i	
      553259000	     27561	80003ffa	8561	c.srai	x10,0x18	 x10:0xffffffff x10=0xffffffff
      553279000	     27562	80003ffc	4f986e37	lui	x28,0x4f986	 x28=0x4f986000
      553299000	     27563	80004000	034b9f63	bne	x23,x20,8000403e	 x23:0xffffffff x20:0xffc00116
      553619000	     27579	8000403e	40476913	ori	x18,x14,1028	 x14:0x00000000 x18=0x00000404
      553959000	     27596	80004042	00c631b3	sltu	x3,x12,x12	 x12:0x00000141 x12:0x00000141  x3=0x00000000
      553979000	     27597	80004046	8051	c.srli	x8,0x14	  x8:0x00000000  x8=0x00000000
      553999000	     27598	80004048	c90d	c.beqz	x10,8000407a	 x10:0xffffffff
      554019000	     27599	8000404a	947a	c.add	x8,x30	  x8:0x00000000 x30:0x80022ce4  x8=0x80022ce4
      554039000	     27600	8000404c	ff85f093	andi	x1,x11,-8	 x11:0x894eacb4  x1=0x894eacb0
      554059000	     27601	80004050	00c39993	slli	x19,x7,0xc	  x7:0xffffffff x19=0xfffff000
      554079000	     27602	80004054	1ffd	c.addi	x31,-1	 x31:0xffffffff x31=0xfffffffe
      554099000	     27603	80004056	0000100f	fence.i	
      554159000	     27606	8000405a	0b0e	c.slli	x22,0x3	 x22:0x00000000 x22=0x00000000
      554579000	     27627	8000405c	01891fb3	sll	x31,x18,x24	 x18:0x00000404 x24:0x0000053a x31=0x10000000
      554599000	     27628	80004060	8b91	c.andi	x15,4	 x15:0x00000001 x15=0x00000000
      554619000	     27629	80004062	071c	c.addi4spn	x15,x2,896	 x15=0x00000381
      554659000	     27631	80004064	0005eeb3	or	x29,x11,x0	 x11:0x894eacb4  x0:0x00000000 x29=0x894eacb4
      554679000	     27632	80004068	829a0713	addi	x14,x20,-2007	 x20:0xffc00116 x14=0xffbff93f
      555099000	     27653	8000406c	c915	c.beqz	x10,800040a0	 x10:0xffffffff
      555239000	     27660	8000406e	01791533	sll	x10,x18,x23	 x18:0x00000404 x23:0xffffffff x10=0x00000000
      555979000	     27697	80004072	02245ab3	divu	x21,x8,x2	  x8:0x80022ce4  x2:0x00000001 x21=0x80022ce4
      555999000	     27698	80004076	414c5393	srai	x7,x24,0x14	 x24:0x0000053a  x7=0x00000000
      556019000	     27699	8000407a	0165a3b3	slt	x7,x11,x22	 x11:0x894eacb4 x22:0x00000000  x7=0x00000001
      556039000	     27700	8000407e	ee85	c.bnez	x13,800040b6	 x13:0x00000000
      556079000	     27702	80004080	023662b3	rem	x5,x12,x3	 x12:0x00000141  x3:0x00000000  x5=0x00000141
      556099000	     27703	80004084	7a888937	lui	x18,0x7a888	 x18=0x7a888000
      556319000	     27714	80004088	8e61	c.and	x12,x8	 x12:0x00000141  x8:0x80022ce4 x12=0x00000040
      556399000	     27718	8000408a	020d2333	mulhsu	x6,x26,x0	 x26:0x00000000  x0:0x00000000  x6=0x00000000
      556419000	     27719	8000408e	0000100f	fence.i	
      556899000	     27743	80004092	563067b7	lui	x15,0x56306	 x15=0x56306000
      557159000	     27756	80004096	0133e963	bltu	x7,x19,800040a8	  x7:0x00000001 x19:0xfffff000
      569219000	     28359	800040a8	c709	c.beqz	x14,800040b2	 x14:0xffbff93f
      569239000	     28360	800040aa	717d	c.addi16sp	x2,-16	  x2:0x00000001  x2=0xfffffff1
      569259000	     28361	800040ac	00f847b3	xor	x15,x16,x15	 x16:0x00000000 x15:0x56306000 x15=0x56306000
      569299000	     28363	800040b0	ec95	c.bnez	x9,800040ec	  x9:0x8001ee4c
      570419000	     28419	800040ec	ef5efb97	auipc	x23,0xef5ef	 x23=0x6f5f30ec
      570619000	     28429	800040f0	0304d963	bge	x9,x16,80004122	  x9:0x8001ee4c x16:0x00000000
      570719000	     28434	800040f4	026901b3	mul	x3,x18,x6	 x18:0x7a888000  x6:0x00000000  x3=0x00000000
      570839000	     28440	800040f8	8eed	c.and	x13,x11	 x13:0x00000000 x11:0x894eacb4 x13=0x00000000
      570999000	     28448	800040fa	035029b3	mulhsu	x19,x0,x21	  x0:0x00000000 x21:0x80022ce4 x19=0x00000000
      571119000	     28454	800040fe	03222db3	mulhsu	x27,x4,x18	  x4:0x40000000 x18:0x7a888000 x27=0x1ea22000
      571419000	     28469	80004102	019b4db3	xor	x27,x22,x25	 x22:0x00000000 x25:0xb19cf0c9 x27=0xb19cf0c9
      571439000	     28470	80004106	692b0437	lui	x8,0x692b0	  x8=0x692b0000
      571759000	     28486	8000410a	405051b3	sra	x3,x0,x5	  x0:0x00000000  x5:0x00000141  x3=0x00000000
      571959000	     28496	8000410e	01c65133	srl	x2,x12,x28	 x12:0x00000040 x28:0x4f986000  x2=0x00000040
      571979000	     28497	80004112	c905	c.beqz	x10,80004142	 x10:0x00000000
      572179000	     28507	80004142	02aeee33	rem	x28,x29,x10	 x29:0x894eacb4 x10:0x00000000 x28=0x894eacb4
      572199000	     28508	80004146	019d0533	add	x10,x26,x25	 x26:0x00000000 x25:0xb19cf0c9 x10=0xb19cf0c9
      572219000	     28509	8000414a	00375a63	bge	x14,x3,8000415e	 x14:0xffbff93f  x3:0x00000000
      572379000	     28517	8000414e	01255863	bge	x10,x18,8000415e	 x10:0xb19cf0c9 x18:0x7a888000
      572819000	     28539	80004152	0291ab33	mulhsu	x22,x3,x9	  x3:0x00000000  x9:0x8001ee4c x22=0x00000000
      572839000	     28540	80004156	8f85	c.sub	x15,x9	 x15:0x56306000  x9:0x8001ee4c x15=0xd62e71b4
      572859000	     28541	80004158	3767f013	andi	x0,x15,886	 x15:0xd62e71b4  x0=0x00000000
      572879000	     28542	8000415c	49f9	c.li	x19,30	 x19=0x0000001e
      573159000	     28556	8000415e	41d8d433	sra	x8,x17,x29	 x17:0x00000001 x29:0x894eacb4  x8=0x00000000
      573179000	     28557	80004162	d107f293	andi	x5,x15,-752	 x15:0xd62e71b4  x5=0xd62e7110
      573499000	     28573	80004166	40d8	c.lw	x14,4(x9)	  x9:0x8001ee4c x14=0x800032d0 PA:0x8001ee50 load:0x800032d0
      573519000	     28574	80004168	8e41	c.or	x12,x8	 x12:0x00000040  x8:0x00000000 x12=0x00000040
      573539000	     28575	8000416a	02918133	mul	x2,x3,x9	  x3:0x00000000  x9:0x8001ee4c  x2=0x00000000
      573559000	     28576	8000416e	0152dd33	srl	x26,x5,x21	  x5:0xd62e7110 x21:0x80022ce4 x26=0x0d62e711
      573579000	     28577	80004172	63a5	c.lui	x7,0x9	  x7=0x00009000
      573599000	     28578	80004174	04e1	c.addi	x9,24	  x9:0x8001ee4c  x9=0x8001ee64
      573619000	     28579	80004176	8c79	c.and	x8,x14	  x8:0x00000000 x14:0x800032d0  x8=0x00000000
      573639000	     28580	80004178	00335513	srli	x10,x6,0x3	  x6:0x00000000 x10=0x00000000
      573659000	     28581	8000417c	00070293	addi	x5,x14,0	 x14:0x800032d0  x5=0x800032d0
      573759000	     28586	80004180	000282e7	jalr	x5,0(x5)	  x5:0x800032d0  x5=0x80004184
      575399000	     28668	800032d0	0040076f	jal	x14,800032d4	 x14=0x800032d4
      575599000	     28678	800032d4	a801	c.j	800032e4	
      575659000	     28681	800032e4	3ffd	c.jal	800032e2	  x1=0x800032e6
      575719000	     28684	800032e2	2019	c.jal	800032e8	  x1=0x800032e4
      576639000	     28730	800032e8	2009	c.jal	800032ea	  x1=0x800032ea
      577239000	     28760	800032ea	3fcd	c.jal	800032dc	  x1=0x800032ec
      577279000	     28762	800032dc	3ff5	c.jal	800032d8	  x1=0x800032de
      577339000	     28765	800032d8	008008ef	jal	x17,800032e0	 x17=0x800032dc
      577399000	     28768	800032e0	bffd	c.j	800032de	
      577459000	     28771	800032de	a021	c.j	800032e6	
      577519000	     28774	800032e6	bfc5	c.j	800032d6	
      577579000	     28777	800032d6	a819	c.j	800032ec	
      577639000	     28780	800032ec	01807b33	and	x22,x0,x24	  x0:0x00000000 x24:0x0000053a x22=0x00000000
      577659000	     28781	800032f0	0340076f	jal	x14,80003324	 x14=0x800032f4
      578679000	     28832	80003324	ff1ff26f	jal	x4,80003314	  x4=0x80003328
      579639000	     28880	80003314	ff9ff46f	jal	x8,8000330c	  x8=0x80003318
      580019000	     28899	8000330c	b7e5	c.j	800032f4	
      580079000	     28902	800032f4	2815	c.jal	80003328	  x1=0x800032f6
      580139000	     28905	80003328	fd1ff0ef	jal	x1,800032f8	  x1=0x8000332c
      580199000	     28908	800032f8	a821	c.j	80003310	
      580259000	     28911	80003310	010000ef	jal	x1,80003320	  x1=0x80003314
      580319000	     28914	80003320	fdbff0ef	jal	x1,800032fa	  x1=0x80003324
      580379000	     28917	800032fa	a00d	c.j	8000331c	
      580439000	     28920	8000331c	fe7ff16f	jal	x2,80003302	  x2=0x80003320
      581519000	     28974	80003302	01600cef	jal	x25,80003318	 x25=0x80003306
      581559000	     28976	80003318	3ff9	c.jal	800032f6	  x1=0x8000331a
      581599000	     28978	800032f6	2015	c.jal	8000331a	  x1=0x800032f8
      581639000	     28980	8000331a	3fc5	c.jal	8000330a	  x1=0x8000331c
      581679000	     28982	8000330a	a00d	c.j	8000332c	
      581719000	     28984	8000332c	3fc1	c.jal	800032fc	  x1=0x8000332e
      582059000	     29001	800032fc	2009	c.jal	800032fe	  x1=0x800032fe
      582179000	     29007	800032fe	0100036f	jal	x6,8000330e	  x6=0x80003302
      582219000	     29009	8000330e	3fe5	c.jal	80003306	  x1=0x80003310
      582299000	     29013	80003306	028000ef	jal	x1,8000332e	  x1=0x8000330a
      582359000	     29016	8000332e	8779	c.srai	x14,0x1e	 x14:0x800032f4 x14=0xfffffffe
      582379000	     29017	80003330	0280076f	jal	x14,80003358	 x14=0x80003334
      582639000	     29030	80003358	bffd	c.j	80003356	
      582979000	     29047	80003356	bfed	c.j	80003350	
      583099000	     29053	80003350	3fd5	c.jal	80003344	  x1=0x80003352
      583239000	     29060	80003344	bfc5	c.j	80003334	
      583279000	     29062	80003334	01a003ef	jal	x7,8000334e	  x7=0x80003338
      583359000	     29066	8000334e	bfe5	c.j	80003346	
      583399000	     29068	80003346	3fcd	c.jal	80003338	  x1=0x80003348
      583439000	     29070	80003338	2009	c.jal	8000333a	  x1=0x8000333a
      583479000	     29072	8000333a	2011	c.jal	8000333e	  x1=0x8000333c
      583539000	     29075	8000333e	0160036f	jal	x6,80003354	  x6=0x80003342
      583579000	     29077	80003354	3fe5	c.jal	8000334c	  x1=0x80003356
      583619000	     29079	8000334c	3ff5	c.jal	80003348	  x1=0x8000334e
      583659000	     29081	80003348	00a0036f	jal	x6,80003352	  x6=0x8000334c
      583699000	     29083	80003352	3fc5	c.jal	80003342	  x1=0x80003354
      583739000	     29085	80003342	3fed	c.jal	8000333c	  x1=0x80003344
      583779000	     29087	8000333c	a839	c.j	8000335a	
      583839000	     29090	8000335a	014c1833	sll	x16,x24,x20	 x24:0x0000053a x20:0xffc00116 x16=0x4e800000
      583859000	     29091	8000335e	03c0076f	jal	x14,8000339a	 x14=0x80003362
      584299000	     29113	8000339a	ff7ffb6f	jal	x22,80003390	 x22=0x8000339e
      585399000	     29168	80003390	bff5	c.j	8000338c	
      585839000	     29190	8000338c	fd7ff9ef	jal	x19,80003362	 x19=0x80003390
      585899000	     29193	80003362	2801	c.jal	80003372	  x1=0x80003364
      586179000	     29207	80003372	00e000ef	jal	x1,80003380	  x1=0x80003376
      586819000	     29239	80003380	2019	c.jal	80003386	  x1=0x80003382
      586859000	     29241	80003386	a829	c.j	800033a0	
      586899000	     29243	800033a0	bfdd	c.j	80003396	
      586959000	     29246	80003396	fd3ff0ef	jal	x1,80003368	  x1=0x8000339a
      586999000	     29248	80003368	a019	c.j	8000336e	
      587039000	     29250	8000336e	a805	c.j	8000339e	
      587079000	     29252	8000339e	37dd	c.jal	80003384	  x1=0x800033a0
      587119000	     29254	80003384	a019	c.j	8000338a	
      587159000	     29256	8000338a	bfcd	c.j	8000337c	
      587199000	     29258	8000337c	006000ef	jal	x1,80003382	  x1=0x80003380
      587239000	     29260	80003382	37ed	c.jal	8000336c	  x1=0x80003384
      587279000	     29262	8000336c	a029	c.j	80003376	
      587319000	     29264	80003376	bfc5	c.j	80003366	
      587379000	     29267	80003366	bffd	c.j	80003364	
      587439000	     29270	80003364	2015	c.jal	80003388	  x1=0x80003366
      587479000	     29272	80003388	3fc5	c.jal	80003378	  x1=0x8000338a
      587519000	     29274	80003378	ff3ff0ef	jal	x1,8000336a	  x1=0x8000337c
      587559000	     29276	8000336a	a025	c.j	80003392	
      587619000	     29279	80003392	fdfff0ef	jal	x1,80003370	  x1=0x80003396
      587679000	     29282	80003370	280d	c.jal	800033a2	  x1=0x80003372
      587759000	     29286	800033a2	400a5db3	sra	x27,x20,x0	 x20:0xffc00116  x0:0x00000000 x27=0xffc00116
      587779000	     29287	800033a6	0ff0000f	fence	iorw,iorw	
      587799000	     29288	800033aa	01785393	srli	x7,x16,0x17	 x16:0x4e800000  x7=0x0000009d
      587899000	     29293	800033ae	073c5137	lui	x2,0x73c5	  x2=0x073c5000
      587919000	     29294	800033b2	40a60a33	sub	x20,x12,x10	 x12:0x00000040 x10:0x00000000 x20=0x00000040
      588279000	     29312	800033b6	00e31563	bne	x6,x14,800033c0	  x6:0x8000334c x14:0x80003362
      588699000	     29333	800033c0	8a6baf93	slti	x31,x23,-1882	 x23:0x6f5f30ec x31=0x00000000
      588839000	     29340	800033c4	8ea6	c.mv	x29,x9	  x0:0x00000000  x9:0x8001ee64 x29=0x8001ee64
      588859000	     29341	800033c6	8e99	c.sub	x13,x14	 x13:0x00000000 x14:0x80003362 x13=0x7fffcc9e
      588899000	     29343	800033c8	033fabb3	mulhsu	x23,x31,x19	 x31:0x00000000 x19:0x80003390 x23=0x00000000
      588919000	     29344	800033cc	40d8deb3	sra	x29,x17,x13	 x17:0x800032dc x13:0x7fffcc9e x29=0xfffffffe
      589079000	     29352	800033d0	022b8933	mul	x18,x23,x2	 x23:0x00000000  x2:0x073c5000 x18=0x00000000
      589099000	     29353	800033d4	8e09	c.sub	x12,x10	 x12:0x00000040 x10:0x00000000 x12=0x00000040
      589299000	     29363	800033d6	01dee833	or	x16,x29,x29	 x29:0xfffffffe x29:0xfffffffe x16=0xfffffffe
      634919000	     31644	800033da	4164db13	srai	x22,x9,0x16	  x9:0x8001ee64 x22=0xfffffe00
      634939000	     31645	800033de	8e55	c.or	x12,x13	 x12:0x00000040 x13:0x7fffcc9e x12=0x7fffccde
      635679000	     31682	800033e0	02706d33	rem	x26,x0,x7	  x0:0x00000000  x7:0x0000009d x26=0x00000000
      635699000	     31683	800033e4	8fc5	c.or	x15,x9	 x15:0xd62e71b4  x9:0x8001ee64 x15=0xd62ffff4
      635719000	     31684	800033e6	00a98c63	beq	x19,x10,800033fe	 x19:0x80003390 x10:0x00000000
      635739000	     31685	800033ea	00aaf2b3	and	x5,x21,x10	 x21:0x80022ce4 x10:0x00000000  x5=0x00000000
      635759000	     31686	800033ee	00dc8663	beq	x25,x13,800033fa	 x25:0x80003306 x13:0x7fffcc9e
      635779000	     31687	800033f2	00a35a33	srl	x20,x6,x10	  x6:0x8000334c x10:0x00000000 x20=0x8000334c
      635999000	     31698	800033f6	025b0cb3	mul	x25,x22,x5	 x22:0xfffffe00  x5:0x00000000 x25=0x00000000
      636019000	     31699	800033fa	0cd2	c.slli	x25,0x14	 x25:0x00000000 x25=0x00000000
      636059000	     31701	800033fc	8aa5	c.andi	x13,9	 x13:0x7fffcc9e x13=0x00000008
      636799000	     31738	800033fe	0217c433	div	x8,x15,x1	 x15:0xd62ffff4  x1:0x80003372  x8=0x00000000
      636819000	     31739	80003402	0ff0000f	fence	iorw,iorw	
      636859000	     31741	80003406	03f22233	mulhsu	x4,x4,x31	  x4:0x80003328 x31:0x00000000  x4=0x00000000
      636879000	     31742	8000340a	5cfd	c.li	x25,-1	 x25=0xffffffff
      636899000	     31743	8000340c	8c59	c.or	x8,x14	  x8:0x00000000 x14:0x80003362  x8=0x80003362
      636919000	     31744	8000340e	02ce	c.slli	x5,0x13	  x5:0x00000000  x5=0x00000000
      636939000	     31745	80003410	03b0d763	bge	x1,x27,8000343e	  x1:0x80003372 x27:0xffc00116
      636959000	     31746	80003414	8fad	c.xor	x15,x11	 x15:0xd62ffff4 x11:0x894eacb4 x15=0x5f615340
      637059000	     31751	80003416	a86e2e93	slti	x29,x28,-1402	 x28:0x894eacb4 x29=0x00000001
      637079000	     31752	8000341a	004a29b3	slt	x19,x20,x4	 x20:0x8000334c  x4:0x00000000 x19=0x00000001
      637099000	     31753	8000341e	6565	c.lui	x10,0x19	 x10=0x00019000
      637119000	     31754	80003420	8f7d	c.and	x14,x15	 x14:0x80003362 x15:0x5f615340 x14=0x00001340
      637539000	     31775	80003422	037d97b3	mulh	x15,x27,x23	 x27:0xffc00116 x23:0x00000000 x15=0x00000000
      637559000	     31776	80003426	3cc3ad93	slti	x27,x7,972	  x7:0x0000009d x27=0x00000001
      637579000	     31777	8000342a	029e5663	bge	x28,x9,80003456	 x28:0x894eacb4  x9:0x8001ee64
      638059000	     31801	80003456	b297b113	sltiu	x2,x15,-1239	 x15:0x00000000  x2=0x00000001
      638079000	     31802	8000345a	02fa7a63	bgeu	x20,x15,8000348e	 x20:0x8000334c x15:0x00000000
      639139000	     31855	8000348e	003adc13	srli	x24,x21,0x3	 x21:0x80022ce4 x24=0x1000459c
      639179000	     31857	80003492	03562533	mulhsu	x10,x12,x21	 x12:0x7fffccde x21:0x80022ce4 x10=0x4000fce0
      639199000	     31858	80003496	01900d63	beq	x0,x25,800034b0	  x0:0x00000000 x25:0xffffffff
      639219000	     31859	8000349a	1b14	c.addi4spn	x13,x2,432	 x13=0x000001b1
      639599000	     31878	8000349c	ff175537	lui	x10,0xff175	 x10=0xff175000
      639619000	     31879	800034a0	83cb3313	sltiu	x6,x22,-1988	 x22:0xfffffe00  x6=0x00000000
      639639000	     31880	800034a4	40620d33	sub	x26,x4,x6	  x4:0x00000000  x6:0x00000000 x26=0x00000000
      639659000	     31881	800034a8	4094d733	sra	x14,x9,x9	  x9:0x8001ee64  x9:0x8001ee64 x14=0xf8001ee6
      639679000	     31882	800034ac	98ea	c.add	x17,x26	 x17:0x800032dc x26:0x00000000 x17=0x800032dc
      639699000	     31883	800034ae	8159	c.srli	x10,0x16	 x10:0xff175000 x10=0x000003fc
      639859000	     31891	800034b0	019fe863	bltu	x31,x25,800034c0	 x31:0x00000000 x25:0xffffffff
      640399000	     31918	800034c0	850d	c.srai	x10,0x3	 x10:0x000003fc x10=0x0000007f
      640419000	     31919	800034c2	1b182893	slti	x17,x16,433	 x16:0xfffffffe x17=0x00000001
      640439000	     31920	800034c6	8865	c.andi	x8,25	  x8:0x80003362  x8=0x00000000
      640459000	     31921	800034c8	041eda63	bge	x29,x1,8000351c	 x29:0x00000001  x1:0x80003372
      640679000	     31932	8000351c	616d	c.addi16sp	x2,240	  x2:0x00000001  x2=0x000000f1
      640819000	     31939	8000351e	05b7c763	blt	x15,x27,8000356c	 x15:0x00000000 x27:0x00000001
      641119000	     31954	8000356c	c019	c.beqz	x8,80003572	  x8:0x00000000
      641659000	     31981	80003572	02487e17	auipc	x28,0x2487	 x28=0x8248a572
      641679000	     31982	80003576	c2b1	c.beqz	x13,800035ba	 x13:0x000001b1
      641699000	     31983	80003578	01d10bb3	add	x23,x2,x29	  x2:0x000000f1 x29:0x00000001 x23=0x000000f2
      641819000	     31989	8000357c	0228a9b3	mulhsu	x19,x17,x2	 x17:0x00000001  x2:0x000000f1 x19=0x00000000
      641839000	     31990	80003580	028bfd63	bgeu	x23,x8,800035ba	 x23:0x000000f2  x8:0x00000000
      642199000	     32008	800035ba	68bc0f93	addi	x31,x24,1675	 x24:0x1000459c x31=0x10004c27
      642279000	     32012	800035be	009342b3	xor	x5,x6,x9	  x6:0x00000000  x9:0x8001ee64  x5=0x8001ee64
      642299000	     32013	800035c2	412d0b33	sub	x22,x26,x18	 x26:0x00000000 x18:0x00000000 x22=0x00000000
      642459000	     32021	800035c6	01f84863	blt	x16,x31,800035d6	 x16:0xfffffffe x31:0x10004c27
      643159000	     32056	800035d6	01987fb3	and	x31,x16,x25	 x16:0xfffffffe x25:0xffffffff x31=0xfffffffe
      643479000	     32072	800035da	0230fa33	remu	x20,x1,x3	  x1:0x80003372  x3:0x00000000 x20=0x80003372
      643499000	     32073	800035de	589b8d13	addi	x26,x23,1417	 x23:0x000000f2 x26=0x0000067b
      643519000	     32074	800035e2	8f35	c.xor	x14,x13	 x14:0xf8001ee6 x13:0x000001b1 x14=0xf8001f57
      643639000	     32080	800035e4	02686433	rem	x8,x16,x6	 x16:0xfffffffe  x6:0x00000000  x8=0xfffffffe
      643659000	     32081	800035e8	8a0d	c.andi	x12,3	 x12:0x7fffccde x12=0x00000002
      643679000	     32082	800035ea	cf91	c.beqz	x15,80003606	 x15:0x00000000
      645499000	     32173	80003606	41d3d113	srai	x2,x7,0x1d	  x7:0x0000009d  x2=0x00000000
      645719000	     32184	8000360a	f61c7813	andi	x16,x24,-159	 x24:0x1000459c x16=0x10004500
      645739000	     32185	8000360e	b8f4ac93	slti	x25,x9,-1137	  x9:0x8001ee64 x25=0x00000001
      645759000	     32186	80003612	040f0363	beq	x30,x0,80003658	 x30:0x80022ce4  x0:0x00000000
      646179000	     32207	80003616	00d7ea33	or	x20,x15,x13	 x15:0x00000000 x13:0x000001b1 x20=0x000001b1
      646199000	     32208	8000361a	0000100f	fence.i	
      647559000	     32276	8000361e	027f96b3	mulh	x13,x31,x7	 x31:0xfffffffe  x7:0x0000009d x13=0xffffffff
      647579000	     32277	80003622	419b5093	srai	x1,x22,0x19	 x22:0x00000000  x1=0x00000000
      647639000	     32280	80003626	4049de93	srai	x29,x19,0x4	 x19:0x00000000 x29=0x00000000
      647799000	     32288	8000362a	00ebb533	sltu	x10,x23,x14	 x23:0x000000f2 x14:0xf8001f57 x10=0x00000001
      647839000	     32290	8000362e	037d19b3	mulh	x19,x26,x23	 x26:0x0000067b x23:0x000000f2 x19=0x00000000
      647879000	     32292	80003632	001f2fb3	slt	x31,x30,x1	 x30:0x80022ce4  x1:0x00000000 x31=0x00000001
      647899000	     32293	80003636	0001	c.addi	x0,0	  x0:0x00000000  x0=0x00000000
      648299000	     32313	80003638	6c6b7617	auipc	x12,0x6c6b7	 x12=0xec6ba638
      648499000	     32323	8000363c	03d6c463	blt	x13,x29,80003664	 x13:0xffffffff x29:0x00000000
      648639000	     32330	80003664	02446e33	rem	x28,x8,x4	  x8:0xfffffffe  x4:0x00000000 x28=0xfffffffe
      648659000	     32331	80003668	83e9	c.srli	x15,0x1a	 x15:0x00000000 x15=0x00000000
      648779000	     32337	8000366a	00c8be33	sltu	x28,x17,x12	 x17:0x00000001 x12:0xec6ba638 x28=0x00000001
      648819000	     32339	8000366e	6f25c793	xori	x15,x11,1778	 x11:0x894eacb4 x15=0x894eaa46
      648839000	     32340	80003672	414bd413	srai	x8,x23,0x14	 x23:0x000000f2  x8=0x00000000
      648859000	     32341	80003676	0394d163	bge	x9,x25,80003698	  x9:0x8001ee64 x25:0x00000001
      648899000	     32343	8000367a	0289a033	mulhsu	x0,x19,x8	 x19:0x00000000  x8:0x00000000  x0=0x00000000
      649079000	     32352	8000367e	03219163	bne	x3,x18,800036a0	  x3:0x00000000 x18:0x00000000
      649499000	     32373	80003682	02d6a7b3	mulhsu	x15,x13,x13	 x13:0xffffffff x13:0xffffffff x15=0xffffffff
      649619000	     32379	80003686	01d65733	srl	x14,x12,x29	 x12:0xec6ba638 x29:0x00000000 x14=0xec6ba638
      649639000	     32380	8000368a	00dfd733	srl	x14,x31,x13	 x31:0x00000001 x13:0xffffffff x14=0x00000000
      649659000	     32381	8000368e	51ddcb13	xori	x22,x27,1309	 x27:0x00000001 x22=0x0000051c
      649679000	     32382	80003692	0226	c.slli	x4,0x9	  x4:0x00000000  x4=0x00000000
      649739000	     32385	80003694	40e05b13	srai	x22,x0,0xe	  x0:0x00000000 x22=0x00000000
      649759000	     32386	80003698	e015	c.bnez	x8,800036bc	  x8:0x00000000
      649779000	     32387	8000369a	617d	c.addi16sp	x2,496	  x2:0x00000000  x2=0x000001f0
      650139000	     32405	8000369c	03bcbab3	mulhu	x21,x25,x27	 x25:0x00000001 x27:0x00000001 x21=0x00000000
      650219000	     32409	800036a0	983a	c.add	x16,x14	 x16:0x10004500 x14:0x00000000 x16=0x10004500
      650239000	     32410	800036a2	0001	c.addi	x0,0	  x0:0x00000000  x0=0x00000000
      650259000	     32411	800036a4	cf411fb7	lui	x31,0xcf411	 x31=0xcf411000
      650279000	     32412	800036a8	00e88e33	add	x28,x17,x14	 x17:0x00000001 x14:0x00000000 x28=0x00000001
      650539000	     32425	800036ac	0001	c.addi	x0,0	  x0:0x00000000  x0=0x00000000
      650679000	     32432	800036ae	03a783b3	mul	x7,x15,x26	 x15:0xffffffff x26:0x0000067b  x7=0xfffff985
      650699000	     32433	800036b2	86b1	c.srai	x13,0xc	 x13:0xffffffff x13=0xffffffff
      650719000	     32434	800036b4	0e7c3193	sltiu	x3,x24,231	 x24:0x1000459c  x3=0x00000000
      650879000	     32442	800036b8	0000100f	fence.i	
      651379000	     32467	800036bc	0149c0b3	xor	x1,x19,x20	 x19:0x00000000 x20:0x000001b1  x1=0x000001b1
      651799000	     32488	800036c0	0ff0000f	fence	iorw,iorw	
      651839000	     32490	800036c4	03f4bcb3	mulhu	x25,x9,x31	  x9:0x8001ee64 x31:0xcf411000 x25=0x67a21840
      651859000	     32491	800036c8	e809	c.bnez	x8,800036da	  x8:0x00000000
      651899000	     32493	800036ca	03254cb3	div	x25,x10,x18	 x10:0x00000001 x18:0x00000000 x25=0xffffffff
      652999000	     32548	800036ce	02c44333	div	x6,x8,x12	  x8:0x00000000 x12:0xec6ba638  x6=0x00000000
      653019000	     32549	800036d2	90e6	c.add	x1,x25	  x1:0x000001b1 x25:0xffffffff  x1=0x000001b0
      653039000	     32550	800036d4	8e5d	c.or	x12,x15	 x12:0xec6ba638 x15:0xffffffff x12=0xffffffff
      653059000	     32551	800036d6	41ded513	srai	x10,x29,0x1d	 x29:0x00000000 x10=0x00000000
      653079000	     32552	800036da	00f8acb3	slt	x25,x17,x15	 x17:0x00000001 x15:0xffffffff x25=0x00000000
      653099000	     32553	800036de	ffffd597	auipc	x11,0xffffd	 x11=0x800006de
      653119000	     32554	800036e2	c8058593	addi	x11,x11,-896	 x11:0x800006de x11=0x8000035e
      653179000	     32557	800036e6	00058067	jalr	x0,0(x11)	 x11:0x8000035e  x0=0x00000000
      653579000	     32577	8000035e	90000d37	lui	x26,0x90000	 x26=0x90000000
      653599000	     32578	80000362	1d61	c.addi	x26,-8	 x26:0x90000000 x26=0x8ffffff8
      653879000	     32592	80000364	4601	c.li	x12,0	 x12=0x00000000
      653899000	     32593	80000366	0622	c.slli	x12,0x8	 x12:0x00000000 x12=0x00000000
      653919000	     32594	80000368	0605	c.addi	x12,1	 x12:0x00000000 x12=0x00000001
      654319000	     32614	8000036a	00cd2023	sw	x12,0(x26)	 x26:0x8ffffff8 x12:0x00000001 PA:0x8ffffff8 store:0x00000001 load:0xffffffff
      654339000	     32615	8000036e	00000073	ecall	
      670499000	     33423	80002500	0800006f	jal	x0,80002580	  x0=0x00000000
      671019000	     33449	80002580	1f71	c.addi	x30,-4	 x30:0x80022ce4 x30=0x80022ce0
      671479000	     33472	80002582	009f2023	sw	x9,0(x30)	 x30:0x80022ce0  x9:0x8001ee64 PA:0x80022ce0 store:0x8001ee64 load:0xffffffff
      671499000	     33473	80002586	000f04b3	add	x9,x30,x0	 x30:0x80022ce0  x0:0x00000000  x9=0x80022ce0
      671519000	     33474	8000258a	f8048493	addi	x9,x9,-128	  x9:0x80022ce0  x9=0x80022c60
      671979000	     33497	8000258e	0014a223	sw	x1,4(x9)	  x9:0x80022c60  x1:0x000001b0 PA:0x80022c64 store:0x000001b0 load:0xffffffff
      672039000	     33500	80002592	0024a423	sw	x2,8(x9)	  x9:0x80022c60  x2:0x000001f0 PA:0x80022c68 store:0x000001f0 load:0xffffffff
      672259000	     33511	80002596	0034a623	sw	x3,12(x9)	  x9:0x80022c60  x3:0x00000000 PA:0x80022c6c store:0x00000000 load:0xffffffff
      672679000	     33532	8000259a	0044a823	sw	x4,16(x9)	  x9:0x80022c60  x4:0x00000000 PA:0x80022c70 store:0x00000000 load:0xffffffff
      672739000	     33535	8000259e	0054aa23	sw	x5,20(x9)	  x9:0x80022c60  x5:0x8001ee64 PA:0x80022c74 store:0x8001ee64 load:0xffffffff
      672759000	     33536	800025a2	0064ac23	sw	x6,24(x9)	  x9:0x80022c60  x6:0x00000000 PA:0x80022c78 store:0x00000000 load:0xffffffff
      672779000	     33537	800025a6	0074ae23	sw	x7,28(x9)	  x9:0x80022c60  x7:0xfffff985 PA:0x80022c7c store:0xfffff985 load:0xffffffff
      672799000	     33538	800025aa	d080	c.sw	x8,32(x9)	  x9:0x80022c60  x8:0x00000000 PA:0x80022c80 store:0x00000000 load:0xffffffff
      672899000	     33543	800025ac	d0c4	c.sw	x9,36(x9)	  x9:0x80022c60  x9:0x80022c60 PA:0x80022c84 store:0x80022c60 load:0xffffffff
      673039000	     33550	800025ae	d488	c.sw	x10,40(x9)	  x9:0x80022c60 x10:0x00000000 PA:0x80022c88 store:0x00000000 load:0xffffffff
      673059000	     33551	800025b0	d4cc	c.sw	x11,44(x9)	  x9:0x80022c60 x11:0x8000035e PA:0x80022c8c store:0x8000035e load:0xffffffff
      673199000	     33558	800025b2	d890	c.sw	x12,48(x9)	  x9:0x80022c60 x12:0x00000001 PA:0x80022c90 store:0x00000001 load:0xffffffff
      673799000	     33588	800025b4	d8d4	c.sw	x13,52(x9)	  x9:0x80022c60 x13:0xffffffff PA:0x80022c94 store:0xffffffff load:0xffffffff
      673959000	     33596	800025b6	dc98	c.sw	x14,56(x9)	  x9:0x80022c60 x14:0x00000000 PA:0x80022c98 store:0x00000000 load:0xffffffff
      674499000	     33623	800025b8	dcdc	c.sw	x15,60(x9)	  x9:0x80022c60 x15:0xffffffff PA:0x80022c9c store:0xffffffff load:0xffffffff
      674959000	     33646	800025ba	0504a023	sw	x16,64(x9)	  x9:0x80022c60 x16:0x10004500 PA:0x80022ca0 store:0x10004500 load:0xffffffff
      675119000	     33654	800025be	0514a223	sw	x17,68(x9)	  x9:0x80022c60 x17:0x00000001 PA:0x80022ca4 store:0x00000001 load:0xffffffff
      675179000	     33657	800025c2	0524a423	sw	x18,72(x9)	  x9:0x80022c60 x18:0x00000000 PA:0x80022ca8 store:0x00000000 load:0xffffffff
      675199000	     33658	800025c6	0534a623	sw	x19,76(x9)	  x9:0x80022c60 x19:0x00000000 PA:0x80022cac store:0x00000000 load:0xffffffff
      675219000	     33659	800025ca	0544a823	sw	x20,80(x9)	  x9:0x80022c60 x20:0x000001b1 PA:0x80022cb0 store:0x000001b1 load:0xffffffff
      675239000	     33660	800025ce	0554aa23	sw	x21,84(x9)	  x9:0x80022c60 x21:0x00000000 PA:0x80022cb4 store:0x00000000 load:0xffffffff
      675479000	     33672	800025d2	0564ac23	sw	x22,88(x9)	  x9:0x80022c60 x22:0x00000000 PA:0x80022cb8 store:0x00000000 load:0xffffffff
      675779000	     33687	800025d6	0574ae23	sw	x23,92(x9)	  x9:0x80022c60 x23:0x000000f2 PA:0x80022cbc store:0x000000f2 load:0xffffffff
      675879000	     33692	800025da	0784a023	sw	x24,96(x9)	  x9:0x80022c60 x24:0x1000459c PA:0x80022cc0 store:0x1000459c load:0xffffffff
      675939000	     33695	800025de	0794a223	sw	x25,100(x9)	  x9:0x80022c60 x25:0x00000000 PA:0x80022cc4 store:0x00000000 load:0xffffffff
      676159000	     33706	800025e2	07a4a423	sw	x26,104(x9)	  x9:0x80022c60 x26:0x8ffffff8 PA:0x80022cc8 store:0x8ffffff8 load:0xffffffff
      676359000	     33716	800025e6	07b4a623	sw	x27,108(x9)	  x9:0x80022c60 x27:0x00000001 PA:0x80022ccc store:0x00000001 load:0xffffffff
      676419000	     33719	800025ea	07c4a823	sw	x28,112(x9)	  x9:0x80022c60 x28:0x00000001 PA:0x80022cd0 store:0x00000001 load:0xffffffff
      676479000	     33722	800025ee	07d4aa23	sw	x29,116(x9)	  x9:0x80022c60 x29:0x00000000 PA:0x80022cd4 store:0x00000000 load:0xffffffff
      676579000	     33727	800025f2	07e4ac23	sw	x30,120(x9)	  x9:0x80022c60 x30:0x80022ce0 PA:0x80022cd8 store:0x80022ce0 load:0xffffffff
      676839000	     33740	800025f6	07f4ae23	sw	x31,124(x9)	  x9:0x80022c60 x31:0xcf411000 PA:0x80022cdc store:0xcf411000 load:0xffffffff
      676859000	     33741	800025fa	00048f33	add	x30,x9,x0	  x9:0x80022c60  x0:0x00000000 x30=0x80022c60
      676879000	     33742	800025fe	90000d37	lui	x26,0x90000	 x26=0x90000000
      676899000	     33743	80002602	1d71	c.addi	x26,-4	 x26:0x90000000 x26=0x8ffffffc
      676919000	     33744	80002604	4621	c.li	x12,8	 x12=0x00000008
      676939000	     33745	80002606	0622	c.slli	x12,0x8	 x12:0x00000008 x12=0x00000800
      676959000	     33746	80002608	00060613	addi	x12,x12,0	 x12:0x00000800 x12=0x00000800
      677379000	     33767	8000260c	00cd2023	sw	x12,0(x26)	 x26:0x8ffffffc x12:0x00000800 PA:0x8ffffffc store:0x00000800 load:0xffffffff
      677399000	     33768	80002610	34102673	csrrs	x12,mepc,x0	  x0:0x00000000 x12=0x8000036e
      677419000	     33769	80002614	34202673	csrrs	x12,mcause,x0	  x0:0x00000000 x12=0x00000008
      677679000	     33782	80002618	4d0d	c.li	x26,3	 x26=0x00000003
      677699000	     33783	8000261a	01a61463	bne	x12,x26,80002622	 x12:0x00000008 x26:0x00000003
      678479000	     33822	80002622	4d21	c.li	x26,8	 x26=0x00000008
      678499000	     33823	80002624	05a60d63	beq	x12,x26,8000267e	 x12:0x00000008 x26:0x00000008
      679519000	     33874	8000267e	90000d37	lui	x26,0x90000	 x26=0x90000000
      679539000	     33875	80002682	1d71	c.addi	x26,-4	 x26:0x90000000 x26=0x8ffffffc
      679559000	     33876	80002684	6605	c.lui	x12,0x1	 x12=0x00001000
      679579000	     33877	80002686	b0060613	addi	x12,x12,-1280	 x12:0x00001000 x12=0x00000b00
      679599000	     33878	8000268a	0622	c.slli	x12,0x8	 x12:0x00000b00 x12=0x000b0000
      679979000	     33897	8000268c	060d	c.addi	x12,3	 x12:0x000b0000 x12=0x000b0003
      680319000	     33914	8000268e	00cd2023	sw	x12,0(x26)	 x26:0x8ffffffc x12:0x000b0003 PA:0x8ffffffc store:0x000b0003 load:0xffffffff
      680339000	     33915	80002692	b0002673	csrrs	x12,mcycle,x0	  x0:0x00000000 x12=0x00008478
      680419000	     33919	80002696	00cd2023	sw	x12,0(x26)	 x26:0x8ffffffc x12:0x00008478 PA:0x8ffffffc store:0x00008478 load:0xffffffff
      680439000	     33920	8000269a	90000d37	lui	x26,0x90000	 x26=0x90000000
      680459000	     33921	8000269e	1d71	c.addi	x26,-4	 x26:0x90000000 x26=0x8ffffffc
      680479000	     33922	800026a0	6605	c.lui	x12,0x1	 x12=0x00001000
      680499000	     33923	800026a2	b8060613	addi	x12,x12,-1152	 x12:0x00001000 x12=0x00000b80
      680519000	     33924	800026a6	0622	c.slli	x12,0x8	 x12:0x00000b80 x12=0x000b8000
      680539000	     33925	800026a8	060d	c.addi	x12,3	 x12:0x000b8000 x12=0x000b8003
      680899000	     33943	800026aa	00cd2023	sw	x12,0(x26)	 x26:0x8ffffffc x12:0x000b8003 PA:0x8ffffffc store:0x000b8003 load:0xffffffff
      680919000	     33944	800026ae	b8002673	csrrs	x12,mcycleh,x0	  x0:0x00000000 x12=0x00000000
      681079000	     33952	800026b2	00cd2023	sw	x12,0(x26)	 x26:0x8ffffffc x12:0x00000000 PA:0x8ffffffc store:0x00000000 load:0xffffffff
      681099000	     33953	800026b6	90000d37	lui	x26,0x90000	 x26=0x90000000
      681119000	     33954	800026ba	1d71	c.addi	x26,-4	 x26:0x90000000 x26=0x8ffffffc
      681139000	     33955	800026bc	6605	c.lui	x12,0x1	 x12=0x00001000
      681159000	     33956	800026be	b0360613	addi	x12,x12,-1277	 x12:0x00001000 x12=0x00000b03
      681179000	     33957	800026c2	0622	c.slli	x12,0x8	 x12:0x00000b03 x12=0x000b0300
      681199000	     33958	800026c4	060d	c.addi	x12,3	 x12:0x000b0300 x12=0x000b0303
      681779000	     33987	800026c6	00cd2023	sw	x12,0(x26)	 x26:0x8ffffffc x12:0x000b0303 PA:0x8ffffffc store:0x000b0303 load:0xffffffff
      681799000	     33988	800026ca	b0302673	csrrs	x12,mhpmcounter3,x0	  x0:0x00000000 x12=0x000000e2
      682479000	     34022	800026ce	00cd2023	sw	x12,0(x26)	 x26:0x8ffffffc x12:0x000000e2 PA:0x8ffffffc store:0x000000e2 load:0xffffffff
      682499000	     34023	800026d2	90000d37	lui	x26,0x90000	 x26=0x90000000
      682519000	     34024	800026d6	1d71	c.addi	x26,-4	 x26:0x90000000 x26=0x8ffffffc
      682539000	     34025	800026d8	6605	c.lui	x12,0x1	 x12=0x00001000
      682559000	     34026	800026da	b8360613	addi	x12,x12,-1149	 x12:0x00001000 x12=0x00000b83
      682579000	     34027	800026de	0622	c.slli	x12,0x8	 x12:0x00000b83 x12=0x000b8300
      682879000	     34042	800026e0	060d	c.addi	x12,3	 x12:0x000b8300 x12=0x000b8303
      683099000	     34053	800026e2	00cd2023	sw	x12,0(x26)	 x26:0x8ffffffc x12:0x000b8303 PA:0x8ffffffc store:0x000b8303 load:0xffffffff
      683119000	     34054	800026e6	b8302673	csrrs	x12,mhpmcounter3h,x0	  x0:0x00000000 x12=0x00000000
      683539000	     34075	800026ea	00cd2023	sw	x12,0(x26)	 x26:0x8ffffffc x12:0x00000000 PA:0x8ffffffc store:0x00000000 load:0xffffffff
      683919000	     34094	800026ee	90000d37	lui	x26,0x90000	 x26=0x90000000
      683939000	     34095	800026f2	1d71	c.addi	x26,-4	 x26:0x90000000 x26=0x8ffffffc
      684039000	     34100	800026f4	6605	c.lui	x12,0x1	 x12=0x00001000
      684059000	     34101	800026f6	b0460613	addi	x12,x12,-1276	 x12:0x00001000 x12=0x00000b04
      684079000	     34102	800026fa	0622	c.slli	x12,0x8	 x12:0x00000b04 x12=0x000b0400
      684099000	     34103	800026fc	060d	c.addi	x12,3	 x12:0x000b0400 x12=0x000b0403
      684179000	     34107	800026fe	00cd2023	sw	x12,0(x26)	 x26:0x8ffffffc x12:0x000b0403 PA:0x8ffffffc store:0x000b0403 load:0xffffffff
      684199000	     34108	80002702	b0402673	csrrs	x12,mhpmcounter4,x0	  x0:0x00000000 x12=0x000049fc
      684259000	     34111	80002706	00cd2023	sw	x12,0(x26)	 x26:0x8ffffffc x12:0x000049fc PA:0x8ffffffc store:0x000049fc load:0xffffffff
      684599000	     34128	8000270a	90000d37	lui	x26,0x90000	 x26=0x90000000
      684619000	     34129	8000270e	1d71	c.addi	x26,-4	 x26:0x90000000 x26=0x8ffffffc
      684639000	     34130	80002710	6605	c.lui	x12,0x1	 x12=0x00001000
      684659000	     34131	80002712	b8460613	addi	x12,x12,-1148	 x12:0x00001000 x12=0x00000b84
      684679000	     34132	80002716	0622	c.slli	x12,0x8	 x12:0x00000b84 x12=0x000b8400
      684699000	     34133	80002718	060d	c.addi	x12,3	 x12:0x000b8400 x12=0x000b8403
      684879000	     34142	8000271a	00cd2023	sw	x12,0(x26)	 x26:0x8ffffffc x12:0x000b8403 PA:0x8ffffffc store:0x000b8403 load:0xffffffff
      684919000	     34144	8000271e	b8402673	csrrs	x12,mhpmcounter4h,x0	  x0:0x00000000 x12=0x00000000
      685059000	     34151	80002722	00cd2023	sw	x12,0(x26)	 x26:0x8ffffffc x12:0x00000000 PA:0x8ffffffc store:0x00000000 load:0xffffffff
      685079000	     34152	80002726	90000d37	lui	x26,0x90000	 x26=0x90000000
      685099000	     34153	8000272a	1d71	c.addi	x26,-4	 x26:0x90000000 x26=0x8ffffffc
      685139000	     34155	8000272c	6605	c.lui	x12,0x1	 x12=0x00001000
      685159000	     34156	8000272e	b0560613	addi	x12,x12,-1275	 x12:0x00001000 x12=0x00000b05
      685179000	     34157	80002732	0622	c.slli	x12,0x8	 x12:0x00000b05 x12=0x000b0500
      685199000	     34158	80002734	060d	c.addi	x12,3	 x12:0x000b0500 x12=0x000b0503
      685439000	     34170	80002736	00cd2023	sw	x12,0(x26)	 x26:0x8ffffffc x12:0x000b0503 PA:0x8ffffffc store:0x000b0503 load:0xffffffff
      685459000	     34171	8000273a	b0502673	csrrs	x12,mhpmcounter5,x0	  x0:0x00000000 x12=0x00000004
      685539000	     34175	8000273e	00cd2023	sw	x12,0(x26)	 x26:0x8ffffffc x12:0x00000004 PA:0x8ffffffc store:0x00000004 load:0xffffffff
      685699000	     34183	80002742	90000d37	lui	x26,0x90000	 x26=0x90000000
      685719000	     34184	80002746	1d71	c.addi	x26,-4	 x26:0x90000000 x26=0x8ffffffc
      685899000	     34193	80002748	6605	c.lui	x12,0x1	 x12=0x00001000
      685919000	     34194	8000274a	b8560613	addi	x12,x12,-1147	 x12:0x00001000 x12=0x00000b85
      685939000	     34195	8000274e	0622	c.slli	x12,0x8	 x12:0x00000b85 x12=0x000b8500
      685959000	     34196	80002750	060d	c.addi	x12,3	 x12:0x000b8500 x12=0x000b8503
      686199000	     34208	80002752	00cd2023	sw	x12,0(x26)	 x26:0x8ffffffc x12:0x000b8503 PA:0x8ffffffc store:0x000b8503 load:0xffffffff
      686219000	     34209	80002756	b8502673	csrrs	x12,mhpmcounter5h,x0	  x0:0x00000000 x12=0x00000000
      686599000	     34228	8000275a	00cd2023	sw	x12,0(x26)	 x26:0x8ffffffc x12:0x00000000 PA:0x8ffffffc store:0x00000000 load:0xffffffff
      686619000	     34229	8000275e	90000d37	lui	x26,0x90000	 x26=0x90000000
      686639000	     34230	80002762	1d71	c.addi	x26,-4	 x26:0x90000000 x26=0x8ffffffc
      686659000	     34231	80002764	6605	c.lui	x12,0x1	 x12=0x00001000
      686699000	     34233	80002766	b0660613	addi	x12,x12,-1274	 x12:0x00001000 x12=0x00000b06
      686719000	     34234	8000276a	0622	c.slli	x12,0x8	 x12:0x00000b06 x12=0x000b0600
      686739000	     34235	8000276c	060d	c.addi	x12,3	 x12:0x000b0600 x12=0x000b0603
      686799000	     34238	8000276e	00cd2023	sw	x12,0(x26)	 x26:0x8ffffffc x12:0x000b0603 PA:0x8ffffffc store:0x000b0603 load:0xffffffff
      687019000	     34249	80002772	b0602673	csrrs	x12,mhpmcounter6,x0	  x0:0x00000000 x12=0x0000003c
      687419000	     34269	80002776	00cd2023	sw	x12,0(x26)	 x26:0x8ffffffc x12:0x0000003c PA:0x8ffffffc store:0x0000003c load:0xffffffff
      687439000	     34270	8000277a	90000d37	lui	x26,0x90000	 x26=0x90000000
      687459000	     34271	8000277e	1d71	c.addi	x26,-4	 x26:0x90000000 x26=0x8ffffffc
      687479000	     34272	80002780	6605	c.lui	x12,0x1	 x12=0x00001000
      687499000	     34273	80002782	b8660613	addi	x12,x12,-1146	 x12:0x00001000 x12=0x00000b86
      687519000	     34274	80002786	0622	c.slli	x12,0x8	 x12:0x00000b86 x12=0x000b8600
      687919000	     34294	80002788	060d	c.addi	x12,3	 x12:0x000b8600 x12=0x000b8603
      688299000	     34313	8000278a	00cd2023	sw	x12,0(x26)	 x26:0x8ffffffc x12:0x000b8603 PA:0x8ffffffc store:0x000b8603 load:0xffffffff
      688319000	     34314	8000278e	b8602673	csrrs	x12,mhpmcounter6h,x0	  x0:0x00000000 x12=0x00000000
      688379000	     34317	80002792	00cd2023	sw	x12,0(x26)	 x26:0x8ffffffc x12:0x00000000 PA:0x8ffffffc store:0x00000000 load:0xffffffff
      688419000	     34319	80002796	90000d37	lui	x26,0x90000	 x26=0x90000000
      688439000	     34320	8000279a	1d71	c.addi	x26,-4	 x26:0x90000000 x26=0x8ffffffc
      688459000	     34321	8000279c	6605	c.lui	x12,0x1	 x12=0x00001000
      688859000	     34341	8000279e	b0760613	addi	x12,x12,-1273	 x12:0x00001000 x12=0x00000b07
      688879000	     34342	800027a2	0622	c.slli	x12,0x8	 x12:0x00000b07 x12=0x000b0700
      688899000	     34343	800027a4	060d	c.addi	x12,3	 x12:0x000b0700 x12=0x000b0703
      689299000	     34363	800027a6	00cd2023	sw	x12,0(x26)	 x26:0x8ffffffc x12:0x000b0703 PA:0x8ffffffc store:0x000b0703 load:0xffffffff
      689319000	     34364	800027aa	b0702673	csrrs	x12,mhpmcounter7,x0	  x0:0x00000000 x12=0x00000430
      689339000	     34365	800027ae	00cd2023	sw	x12,0(x26)	 x26:0x8ffffffc x12:0x00000430 PA:0x8ffffffc store:0x00000430 load:0xffffffff
      689359000	     34366	800027b2	90000d37	lui	x26,0x90000	 x26=0x90000000
      689379000	     34367	800027b6	1d71	c.addi	x26,-4	 x26:0x90000000 x26=0x8ffffffc
      689399000	     34368	800027b8	6605	c.lui	x12,0x1	 x12=0x00001000
      689799000	     34388	800027ba	b8760613	addi	x12,x12,-1145	 x12:0x00001000 x12=0x00000b87
      689819000	     34389	800027be	0622	c.slli	x12,0x8	 x12:0x00000b87 x12=0x000b8700
      689839000	     34390	800027c0	060d	c.addi	x12,3	 x12:0x000b8700 x12=0x000b8703
      689899000	     34393	800027c2	00cd2023	sw	x12,0(x26)	 x26:0x8ffffffc x12:0x000b8703 PA:0x8ffffffc store:0x000b8703 load:0xffffffff
      689999000	     34398	800027c6	b8702673	csrrs	x12,mhpmcounter7h,x0	  x0:0x00000000 x12=0x00000000
      690259000	     34411	800027ca	00cd2023	sw	x12,0(x26)	 x26:0x8ffffffc x12:0x00000000 PA:0x8ffffffc store:0x00000000 load:0xffffffff
      690279000	     34412	800027ce	90000d37	lui	x26,0x90000	 x26=0x90000000
      690299000	     34413	800027d2	1d71	c.addi	x26,-4	 x26:0x90000000 x26=0x8ffffffc
      690319000	     34414	800027d4	6605	c.lui	x12,0x1	 x12=0x00001000
      690339000	     34415	800027d6	b0860613	addi	x12,x12,-1272	 x12:0x00001000 x12=0x00000b08
      690359000	     34416	800027da	0622	c.slli	x12,0x8	 x12:0x00000b08 x12=0x000b0800
      690379000	     34417	800027dc	060d	c.addi	x12,3	 x12:0x000b0800 x12=0x000b0803
      690759000	     34436	800027de	00cd2023	sw	x12,0(x26)	 x26:0x8ffffffc x12:0x000b0803 PA:0x8ffffffc store:0x000b0803 load:0xffffffff
      690779000	     34437	800027e2	b0802673	csrrs	x12,mhpmcounter8,x0	  x0:0x00000000 x12=0x000000e8
      690839000	     34440	800027e6	00cd2023	sw	x12,0(x26)	 x26:0x8ffffffc x12:0x000000e8 PA:0x8ffffffc store:0x000000e8 load:0xffffffff
      691119000	     34454	800027ea	90000d37	lui	x26,0x90000	 x26=0x90000000
      691139000	     34455	800027ee	1d71	c.addi	x26,-4	 x26:0x90000000 x26=0x8ffffffc
      691159000	     34456	800027f0	6605	c.lui	x12,0x1	 x12=0x00001000
      691319000	     34464	800027f2	b8860613	addi	x12,x12,-1144	 x12:0x00001000 x12=0x00000b88
      691339000	     34465	800027f6	0622	c.slli	x12,0x8	 x12:0x00000b88 x12=0x000b8800
      691499000	     34473	800027f8	060d	c.addi	x12,3	 x12:0x000b8800 x12=0x000b8803
      691639000	     34480	800027fa	00cd2023	sw	x12,0(x26)	 x26:0x8ffffffc x12:0x000b8803 PA:0x8ffffffc store:0x000b8803 load:0xffffffff
      691659000	     34481	800027fe	b8802673	csrrs	x12,mhpmcounter8h,x0	  x0:0x00000000 x12=0x00000000
      691719000	     34484	80002802	00cd2023	sw	x12,0(x26)	 x26:0x8ffffffc x12:0x00000000 PA:0x8ffffffc store:0x00000000 load:0xffffffff
      691739000	     34485	80002806	90000d37	lui	x26,0x90000	 x26=0x90000000
      691759000	     34486	8000280a	1d71	c.addi	x26,-4	 x26:0x90000000 x26=0x8ffffffc
      691779000	     34487	8000280c	6605	c.lui	x12,0x1	 x12=0x00001000
      691859000	     34491	8000280e	b0960613	addi	x12,x12,-1271	 x12:0x00001000 x12=0x00000b09
      691879000	     34492	80002812	0622	c.slli	x12,0x8	 x12:0x00000b09 x12=0x000b0900
      691899000	     34493	80002814	060d	c.addi	x12,3	 x12:0x000b0900 x12=0x000b0903
      692019000	     34499	80002816	00cd2023	sw	x12,0(x26)	 x26:0x8ffffffc x12:0x000b0903 PA:0x8ffffffc store:0x000b0903 load:0xffffffff
      692039000	     34500	8000281a	b0902673	csrrs	x12,mhpmcounter9,x0	  x0:0x00000000 x12=0x00000075
      692059000	     34501	8000281e	00cd2023	sw	x12,0(x26)	 x26:0x8ffffffc x12:0x00000075 PA:0x8ffffffc store:0x00000075 load:0xffffffff
      692079000	     34502	80002822	90000d37	lui	x26,0x90000	 x26=0x90000000
      692099000	     34503	80002826	1d71	c.addi	x26,-4	 x26:0x90000000 x26=0x8ffffffc
      692239000	     34510	80002828	6605	c.lui	x12,0x1	 x12=0x00001000
      692259000	     34511	8000282a	b8960613	addi	x12,x12,-1143	 x12:0x00001000 x12=0x00000b89
      692279000	     34512	8000282e	0622	c.slli	x12,0x8	 x12:0x00000b89 x12=0x000b8900
      692299000	     34513	80002830	060d	c.addi	x12,3	 x12:0x000b8900 x12=0x000b8903
      692419000	     34519	80002832	00cd2023	sw	x12,0(x26)	 x26:0x8ffffffc x12:0x000b8903 PA:0x8ffffffc store:0x000b8903 load:0xffffffff
      692439000	     34520	80002836	b8902673	csrrs	x12,mhpmcounter9h,x0	  x0:0x00000000 x12=0x00000000
      692519000	     34524	8000283a	00cd2023	sw	x12,0(x26)	 x26:0x8ffffffc x12:0x00000000 PA:0x8ffffffc store:0x00000000 load:0xffffffff
      692539000	     34525	8000283e	90000d37	lui	x26,0x90000	 x26=0x90000000
      692559000	     34526	80002842	1d71	c.addi	x26,-4	 x26:0x90000000 x26=0x8ffffffc
      692579000	     34527	80002844	6605	c.lui	x12,0x1	 x12=0x00001000
      692599000	     34528	80002846	b0a60613	addi	x12,x12,-1270	 x12:0x00001000 x12=0x00000b0a
      692619000	     34529	8000284a	0622	c.slli	x12,0x8	 x12:0x00000b0a x12=0x000b0a00
      692859000	     34541	8000284c	060d	c.addi	x12,3	 x12:0x000b0a00 x12=0x000b0a03
      692919000	     34544	8000284e	00cd2023	sw	x12,0(x26)	 x26:0x8ffffffc x12:0x000b0a03 PA:0x8ffffffc store:0x000b0a03 load:0xffffffff
      692939000	     34545	80002852	b0a02673	csrrs	x12,mhpmcounter10,x0	  x0:0x00000000 x12=0x0000055f
      693359000	     34566	80002856	00cd2023	sw	x12,0(x26)	 x26:0x8ffffffc x12:0x0000055f PA:0x8ffffffc store:0x0000055f load:0xffffffff
      693579000	     34577	8000285a	90000d37	lui	x26,0x90000	 x26=0x90000000
      693599000	     34578	8000285e	1d71	c.addi	x26,-4	 x26:0x90000000 x26=0x8ffffffc
      693619000	     34579	80002860	6605	c.lui	x12,0x1	 x12=0x00001000
      693639000	     34580	80002862	b8a60613	addi	x12,x12,-1142	 x12:0x00001000 x12=0x00000b8a
      693659000	     34581	80002866	0622	c.slli	x12,0x8	 x12:0x00000b8a x12=0x000b8a00
      693779000	     34587	80002868	060d	c.addi	x12,3	 x12:0x000b8a00 x12=0x000b8a03
      693959000	     34596	8000286a	00cd2023	sw	x12,0(x26)	 x26:0x8ffffffc x12:0x000b8a03 PA:0x8ffffffc store:0x000b8a03 load:0xffffffff
      694119000	     34604	8000286e	b8a02673	csrrs	x12,mhpmcounter10h,x0	  x0:0x00000000 x12=0x00000000
      694459000	     34621	80002872	00cd2023	sw	x12,0(x26)	 x26:0x8ffffffc x12:0x00000000 PA:0x8ffffffc store:0x00000000 load:0xffffffff
      694479000	     34622	80002876	90000d37	lui	x26,0x90000	 x26=0x90000000
      694499000	     34623	8000287a	1d71	c.addi	x26,-4	 x26:0x90000000 x26=0x8ffffffc
      694519000	     34624	8000287c	6605	c.lui	x12,0x1	 x12=0x00001000
      694539000	     34625	8000287e	b0b60613	addi	x12,x12,-1269	 x12:0x00001000 x12=0x00000b0b
      694559000	     34626	80002882	0622	c.slli	x12,0x8	 x12:0x00000b0b x12=0x000b0b00
      694579000	     34627	80002884	060d	c.addi	x12,3	 x12:0x000b0b00 x12=0x000b0b03
      694839000	     34640	80002886	00cd2023	sw	x12,0(x26)	 x26:0x8ffffffc x12:0x000b0b03 PA:0x8ffffffc store:0x000b0b03 load:0xffffffff
      694859000	     34641	8000288a	b0b02673	csrrs	x12,mhpmcounter11,x0	  x0:0x00000000 x12=0x00000061
      694879000	     34642	8000288e	00cd2023	sw	x12,0(x26)	 x26:0x8ffffffc x12:0x00000061 PA:0x8ffffffc store:0x00000061 load:0xffffffff
      694899000	     34643	80002892	90000d37	lui	x26,0x90000	 x26=0x90000000
      694919000	     34644	80002896	1d71	c.addi	x26,-4	 x26:0x90000000 x26=0x8ffffffc
      694939000	     34645	80002898	6605	c.lui	x12,0x1	 x12=0x00001000
      694979000	     34647	8000289a	b8b60613	addi	x12,x12,-1141	 x12:0x00001000 x12=0x00000b8b
      694999000	     34648	8000289e	0622	c.slli	x12,0x8	 x12:0x00000b8b x12=0x000b8b00
      695019000	     34649	800028a0	060d	c.addi	x12,3	 x12:0x000b8b00 x12=0x000b8b03
      695479000	     34672	800028a2	00cd2023	sw	x12,0(x26)	 x26:0x8ffffffc x12:0x000b8b03 PA:0x8ffffffc store:0x000b8b03 load:0xffffffff
      695499000	     34673	800028a6	b8b02673	csrrs	x12,mhpmcounter11h,x0	  x0:0x00000000 x12=0x00000000
      695559000	     34676	800028aa	00cd2023	sw	x12,0(x26)	 x26:0x8ffffffc x12:0x00000000 PA:0x8ffffffc store:0x00000000 load:0xffffffff
      695579000	     34677	800028ae	90000d37	lui	x26,0x90000	 x26=0x90000000
      695599000	     34678	800028b2	1d71	c.addi	x26,-4	 x26:0x90000000 x26=0x8ffffffc
      695619000	     34679	800028b4	6605	c.lui	x12,0x1	 x12=0x00001000
      695639000	     34680	800028b6	b0c60613	addi	x12,x12,-1268	 x12:0x00001000 x12=0x00000b0c
      695659000	     34681	800028ba	0622	c.slli	x12,0x8	 x12:0x00000b0c x12=0x000b0c00
      695679000	     34682	800028bc	060d	c.addi	x12,3	 x12:0x000b0c00 x12=0x000b0c03
      695739000	     34685	800028be	00cd2023	sw	x12,0(x26)	 x26:0x8ffffffc x12:0x000b0c03 PA:0x8ffffffc store:0x000b0c03 load:0xffffffff
      695759000	     34686	800028c2	b0c02673	csrrs	x12,mhpmcounter12,x0	  x0:0x00000000 x12=0x00000ab4
      695779000	     34687	800028c6	00cd2023	sw	x12,0(x26)	 x26:0x8ffffffc x12:0x00000ab4 PA:0x8ffffffc store:0x00000ab4 load:0xffffffff
      695799000	     34688	800028ca	90000d37	lui	x26,0x90000	 x26=0x90000000
      695819000	     34689	800028ce	1d71	c.addi	x26,-4	 x26:0x90000000 x26=0x8ffffffc
      695859000	     34691	800028d0	6605	c.lui	x12,0x1	 x12=0x00001000
      695879000	     34692	800028d2	b8c60613	addi	x12,x12,-1140	 x12:0x00001000 x12=0x00000b8c
      695899000	     34693	800028d6	0622	c.slli	x12,0x8	 x12:0x00000b8c x12=0x000b8c00
      696039000	     34700	800028d8	060d	c.addi	x12,3	 x12:0x000b8c00 x12=0x000b8c03
      696219000	     34709	800028da	00cd2023	sw	x12,0(x26)	 x26:0x8ffffffc x12:0x000b8c03 PA:0x8ffffffc store:0x000b8c03 load:0xffffffff
      696239000	     34710	800028de	b8c02673	csrrs	x12,mhpmcounter12h,x0	  x0:0x00000000 x12=0x00000000
      696319000	     34714	800028e2	00cd2023	sw	x12,0(x26)	 x26:0x8ffffffc x12:0x00000000 PA:0x8ffffffc store:0x00000000 load:0xffffffff
      696439000	     34720	800028e6	ffffd617	auipc	x12,0xffffd	 x12=0x7ffff8e6
      696859000	     34741	800028ea	79a60613	addi	x12,x12,1946	 x12:0x7ffff8e6 x12=0x80000080
      696979000	     34747	800028ee	00062023	sw	x0,0(x12)	 x12:0x80000080  x0:0x00000000 PA:0x80000080 store:0x00000000 load:0xffffffff
      697359000	     34766	800028f2	00162223	sw	x1,4(x12)	 x12:0x80000080  x1:0x000001b0 PA:0x80000084 store:0x000001b0 load:0xffffffff
      697499000	     34773	800028f6	00262423	sw	x2,8(x12)	 x12:0x80000080  x2:0x000001f0 PA:0x80000088 store:0x000001f0 load:0xffffffff
      697839000	     34790	800028fa	00362623	sw	x3,12(x12)	 x12:0x80000080  x3:0x00000000 PA:0x8000008c store:0x00000000 load:0xffffffff
      697859000	     34791	800028fe	00462823	sw	x4,16(x12)	 x12:0x80000080  x4:0x00000000 PA:0x80000090 store:0x00000000 load:0xffffffff
      698279000	     34812	80002902	00562a23	sw	x5,20(x12)	 x12:0x80000080  x5:0x8001ee64 PA:0x80000094 store:0x8001ee64 load:0xffffffff
      698499000	     34823	80002906	00662c23	sw	x6,24(x12)	 x12:0x80000080  x6:0x00000000 PA:0x80000098 store:0x00000000 load:0xffffffff
      698559000	     34826	8000290a	00762e23	sw	x7,28(x12)	 x12:0x80000080  x7:0xfffff985 PA:0x8000009c store:0xfffff985 load:0xffffffff
      698879000	     34842	8000290e	d200	c.sw	x8,32(x12)	 x12:0x80000080  x8:0x00000000 PA:0x800000a0 store:0x00000000 load:0xffffffff
      698939000	     34845	80002910	d244	c.sw	x9,36(x12)	 x12:0x80000080  x9:0x80022c60 PA:0x800000a4 store:0x80022c60 load:0xffffffff
      699339000	     34865	80002912	d608	c.sw	x10,40(x12)	 x12:0x80000080 x10:0x00000000 PA:0x800000a8 store:0x00000000 load:0xffffffff
      699539000	     34875	80002914	d64c	c.sw	x11,44(x12)	 x12:0x80000080 x11:0x8000035e PA:0x800000ac store:0x8000035e load:0xffffffff
      699999000	     34898	80002916	da10	c.sw	x12,48(x12)	 x12:0x80000080 x12:0x80000080 PA:0x800000b0 store:0x80000080 load:0xffffffff
      700059000	     34901	80002918	da54	c.sw	x13,52(x12)	 x12:0x80000080 x13:0xffffffff PA:0x800000b4 store:0xffffffff load:0xffffffff
      700359000	     34916	8000291a	de18	c.sw	x14,56(x12)	 x12:0x80000080 x14:0x00000000 PA:0x800000b8 store:0x00000000 load:0xffffffff
      700419000	     34919	8000291c	de5c	c.sw	x15,60(x12)	 x12:0x80000080 x15:0xffffffff PA:0x800000bc store:0xffffffff load:0xffffffff
      700439000	     34920	8000291e	05062023	sw	x16,64(x12)	 x12:0x80000080 x16:0x10004500 PA:0x800000c0 store:0x10004500 load:0xffffffff
      700719000	     34934	80002922	05162223	sw	x17,68(x12)	 x12:0x80000080 x17:0x00000001 PA:0x800000c4 store:0x00000001 load:0xffffffff
      701139000	     34955	80002926	05262423	sw	x18,72(x12)	 x12:0x80000080 x18:0x00000000 PA:0x800000c8 store:0x00000000 load:0xffffffff
      701599000	     34978	8000292a	05362623	sw	x19,76(x12)	 x12:0x80000080 x19:0x00000000 PA:0x800000cc store:0x00000000 load:0xffffffff
      701759000	     34986	8000292e	05462823	sw	x20,80(x12)	 x12:0x80000080 x20:0x000001b1 PA:0x800000d0 store:0x000001b1 load:0xffffffff
      701779000	     34987	80002932	05562a23	sw	x21,84(x12)	 x12:0x80000080 x21:0x00000000 PA:0x800000d4 store:0x00000000 load:0xffffffff
      701939000	     34995	80002936	05662c23	sw	x22,88(x12)	 x12:0x80000080 x22:0x00000000 PA:0x800000d8 store:0x00000000 load:0xffffffff
      701999000	     34998	8000293a	05762e23	sw	x23,92(x12)	 x12:0x80000080 x23:0x000000f2 PA:0x800000dc store:0x000000f2 load:0xffffffff
      702019000	     34999	8000293e	07862023	sw	x24,96(x12)	 x12:0x80000080 x24:0x1000459c PA:0x800000e0 store:0x1000459c load:0xffffffff
      702079000	     35002	80002942	07962223	sw	x25,100(x12)	 x12:0x80000080 x25:0x00000000 PA:0x800000e4 store:0x00000000 load:0xffffffff
      702239000	     35010	80002946	07a62423	sw	x26,104(x12)	 x12:0x80000080 x26:0x8ffffffc PA:0x800000e8 store:0x8ffffffc load:0xffffffff
      702359000	     35016	8000294a	07b62623	sw	x27,108(x12)	 x12:0x80000080 x27:0x00000001 PA:0x800000ec store:0x00000001 load:0xffffffff
      702499000	     35023	8000294e	07c62823	sw	x28,112(x12)	 x12:0x80000080 x28:0x00000001 PA:0x800000f0 store:0x00000001 load:0xffffffff
      702639000	     35030	80002952	07d62a23	sw	x29,116(x12)	 x12:0x80000080 x29:0x00000000 PA:0x800000f4 store:0x00000000 load:0xffffffff
      702779000	     35037	80002956	07e62c23	sw	x30,120(x12)	 x12:0x80000080 x30:0x80022c60 PA:0x800000f8 store:0x80022c60 load:0xffffffff
      702939000	     35045	8000295a	07f62e23	sw	x31,124(x12)	 x12:0x80000080 x31:0xcf411000 PA:0x800000fc store:0xcf411000 load:0xffffffff
      702959000	     35046	8000295e	34102673	csrrs	x12,mepc,x0	  x0:0x00000000 x12=0x8000036e
      702979000	     35047	80002962	0611	c.addi	x12,4	 x12:0x8000036e x12=0x80000372
      702999000	     35048	80002964	34161073	csrrw	x0,mepc,x12	 x12:0x80000372  x0=0x00000000
      703019000	     35049	80002968	30200073	mret	
