Time	Cycle	PC	Insn	Decoded instruction	Register and memory contents
        1055000	         6	80000080	40001637	lui	x12,0x40001	 x12=0x40001000
        1065000	         7	80000084	10660613	addi	x12,x12,262	 x12:0x40001000 x12=0x40001106
        1075000	         8	80000088	30161073	csrrw	x0,misa,x12	 x12:0x40001106  x0=0x00000000
        1105000	        11	8000008c	00023f17	auipc	x30,0x23	 x30=0x8002308c
        1115000	        12	80000090	c58f0f13	addi	x30,x30,-936	 x30:0x8002308c x30=0x80022ce4
        1125000	        13	80000094	00002617	auipc	x12,0x2	 x12=0x80002094
        1135000	        14	80000098	46c60613	addi	x12,x12,1132	 x12:0x80002094 x12=0x80002500
        1145000	        15	8000009c	00166613	ori	x12,x12,1	 x12:0x80002500 x12=0x80002501
        1155000	        16	800000a0	30561073	csrrw	x0,mtvec,x12	 x12:0x80002501  x0=0x00000000
        1185000	        19	800000a4	74725073	csrrwi	x0,0x747,4	  x0=0x00000000
        1215000	        22	800000a8	00003597	auipc	x11,0x3	 x11=0x800030a8
        1225000	        23	800000ac	18c58593	addi	x11,x11,396	 x11:0x800030a8 x11=0x80003234
        1235000	        24	800000b0	4601	c.li	x12,0	 x12=0x00000000
        1245000	        25	800000b2	95b2	c.add	x11,x12	 x11:0x80003234 x12:0x00000000 x11=0x80003234
        1255000	        26	800000b4	8189	c.srli	x11,0x2	 x11:0x80003234 x11=0x20000c8d
        1265000	        27	800000b6	3b059073	csrrw	x0,pmpaddr0,x11	 x11:0x20000c8d  x0=0x00000000
        1295000	        30	800000ba	00003597	auipc	x11,0x3	 x11=0x800030ba
        1305000	        31	800000be	17a58593	addi	x11,x11,378	 x11:0x800030ba x11=0x80003234
        1315000	        32	800000c2	11111637	lui	x12,0x11111	 x12=0x11111000
        1325000	        33	800000c6	11160613	addi	x12,x12,273	 x12:0x11111000 x12=0x11111111
        1335000	        34	800000ca	95b2	c.add	x11,x12	 x11:0x80003234 x12:0x11111111 x11=0x91114345
        1345000	        35	800000cc	8189	c.srli	x11,0x2	 x11:0x91114345 x11=0x244450d1
        1355000	        36	800000ce	3b159073	csrrw	x0,pmpaddr1,x11	 x11:0x244450d1  x0=0x00000000
        1385000	        39	800000d2	00003597	auipc	x11,0x3	 x11=0x800030d2
        1395000	        40	800000d6	16258593	addi	x11,x11,354	 x11:0x800030d2 x11=0x80003234
        1405000	        41	800000da	22222637	lui	x12,0x22222	 x12=0x22222000
        1415000	        42	800000de	22260613	addi	x12,x12,546	 x12:0x22222000 x12=0x22222222
        1425000	        43	800000e2	95b2	c.add	x11,x12	 x11:0x80003234 x12:0x22222222 x11=0xa2225456
        1435000	        44	800000e4	8189	c.srli	x11,0x2	 x11:0xa2225456 x11=0x28889515
        1445000	        45	800000e6	3b259073	csrrw	x0,pmpaddr2,x11	 x11:0x28889515  x0=0x00000000
        1475000	        48	800000ea	00003597	auipc	x11,0x3	 x11=0x800030ea
        1485000	        49	800000ee	14a58593	addi	x11,x11,330	 x11:0x800030ea x11=0x80003234
        1495000	        50	800000f2	33333637	lui	x12,0x33333	 x12=0x33333000
        1505000	        51	800000f6	33360613	addi	x12,x12,819	 x12:0x33333000 x12=0x33333333
        1515000	        52	800000fa	95b2	c.add	x11,x12	 x11:0x80003234 x12:0x33333333 x11=0xb3336567
        1525000	        53	800000fc	8189	c.srli	x11,0x2	 x11:0xb3336567 x11=0x2cccd959
        1535000	        54	800000fe	3b359073	csrrw	x0,pmpaddr3,x11	 x11:0x2cccd959  x0=0x00000000
        1565000	        57	80000102	0f0f15b7	lui	x11,0xf0f1	 x11=0x0f0f1000
        1575000	        58	80000106	f0f58593	addi	x11,x11,-241	 x11:0x0f0f1000 x11=0x0f0f0f0f
        1585000	        59	8000010a	3a059073	csrrw	x0,pmpcfg0,x11	 x11:0x0f0f0f0f  x0=0x00000000
        1615000	        62	8000010e	00003597	auipc	x11,0x3	 x11=0x8000310e
        1625000	        63	80000112	12658593	addi	x11,x11,294	 x11:0x8000310e x11=0x80003234
        1635000	        64	80000116	44444637	lui	x12,0x44444	 x12=0x44444000
        1645000	        65	8000011a	44460613	addi	x12,x12,1092	 x12:0x44444000 x12=0x44444444
        1655000	        66	8000011e	95b2	c.add	x11,x12	 x11:0x80003234 x12:0x44444444 x11=0xc4447678
        1665000	        67	80000120	8189	c.srli	x11,0x2	 x11:0xc4447678 x11=0x31111d9e
        1675000	        68	80000122	3b459073	csrrw	x0,pmpaddr4,x11	 x11:0x31111d9e  x0=0x00000000
        1705000	        71	80000126	00003597	auipc	x11,0x3	 x11=0x80003126
        1715000	        72	8000012a	10e58593	addi	x11,x11,270	 x11:0x80003126 x11=0x80003234
        1725000	        73	8000012e	55555637	lui	x12,0x55555	 x12=0x55555000
        1735000	        74	80000132	55560613	addi	x12,x12,1365	 x12:0x55555000 x12=0x55555555
        1745000	        75	80000136	95b2	c.add	x11,x12	 x11:0x80003234 x12:0x55555555 x11=0xd5558789
        1755000	        76	80000138	8189	c.srli	x11,0x2	 x11:0xd5558789 x11=0x355561e2
        1765000	        77	8000013a	3b559073	csrrw	x0,pmpaddr5,x11	 x11:0x355561e2  x0=0x00000000
        1795000	        80	8000013e	00003597	auipc	x11,0x3	 x11=0x8000313e
        1805000	        81	80000142	0f658593	addi	x11,x11,246	 x11:0x8000313e x11=0x80003234
        1815000	        82	80000146	66666637	lui	x12,0x66666	 x12=0x66666000
        1825000	        83	8000014a	66660613	addi	x12,x12,1638	 x12:0x66666000 x12=0x66666666
        1835000	        84	8000014e	95b2	c.add	x11,x12	 x11:0x80003234 x12:0x66666666 x11=0xe666989a
        1845000	        85	80000150	8189	c.srli	x11,0x2	 x11:0xe666989a x11=0x3999a626
        1855000	        86	80000152	3b659073	csrrw	x0,pmpaddr6,x11	 x11:0x3999a626  x0=0x00000000
        1885000	        89	80000156	00003597	auipc	x11,0x3	 x11=0x80003156
        1895000	        90	8000015a	0de58593	addi	x11,x11,222	 x11:0x80003156 x11=0x80003234
        1905000	        91	8000015e	77777637	lui	x12,0x77777	 x12=0x77777000
        1915000	        92	80000162	77760613	addi	x12,x12,1911	 x12:0x77777000 x12=0x77777777
        1925000	        93	80000166	95b2	c.add	x11,x12	 x11:0x80003234 x12:0x77777777 x11=0xf777a9ab
        1935000	        94	80000168	8189	c.srli	x11,0x2	 x11:0xf777a9ab x11=0x3dddea6a
        1945000	        95	8000016a	3b759073	csrrw	x0,pmpaddr7,x11	 x11:0x3dddea6a  x0=0x00000000
        1975000	        98	8000016e	0f0f15b7	lui	x11,0xf0f1	 x11=0x0f0f1000
        1985000	        99	80000172	f0f58593	addi	x11,x11,-241	 x11:0x0f0f1000 x11=0x0f0f0f0f
        1995000	       100	80000176	3a159073	csrrw	x0,pmpcfg1,x11	 x11:0x0f0f0f0f  x0=0x00000000
        2025000	       103	8000017a	00003597	auipc	x11,0x3	 x11=0x8000317a
        2035000	       104	8000017e	0ba58593	addi	x11,x11,186	 x11:0x8000317a x11=0x80003234
        2045000	       105	80000182	88889637	lui	x12,0x88889	 x12=0x88889000
        2055000	       106	80000186	88860613	addi	x12,x12,-1912	 x12:0x88889000 x12=0x88888888
        2065000	       107	8000018a	95b2	c.add	x11,x12	 x11:0x80003234 x12:0x88888888 x11=0x0888babc
        2075000	       108	8000018c	8189	c.srli	x11,0x2	 x11:0x0888babc x11=0x02222eaf
        2085000	       109	8000018e	3b859073	csrrw	x0,pmpaddr8,x11	 x11:0x02222eaf  x0=0x00000000
        2115000	       112	80000192	00003597	auipc	x11,0x3	 x11=0x80003192
        2125000	       113	80000196	0a258593	addi	x11,x11,162	 x11:0x80003192 x11=0x80003234
        2135000	       114	8000019a	9999a637	lui	x12,0x9999a	 x12=0x9999a000
        2145000	       115	8000019e	99960613	addi	x12,x12,-1639	 x12:0x9999a000 x12=0x99999999
        2155000	       116	800001a2	95b2	c.add	x11,x12	 x11:0x80003234 x12:0x99999999 x11=0x1999cbcd
        2165000	       117	800001a4	8189	c.srli	x11,0x2	 x11:0x1999cbcd x11=0x066672f3
        2175000	       118	800001a6	3b959073	csrrw	x0,pmpaddr9,x11	 x11:0x066672f3  x0=0x00000000
        2205000	       121	800001aa	00003597	auipc	x11,0x3	 x11=0x800031aa
        2215000	       122	800001ae	08a58593	addi	x11,x11,138	 x11:0x800031aa x11=0x80003234
        2225000	       123	800001b2	aaaab637	lui	x12,0xaaaab	 x12=0xaaaab000
        2235000	       124	800001b6	aaa60613	addi	x12,x12,-1366	 x12:0xaaaab000 x12=0xaaaaaaaa
        2245000	       125	800001ba	95b2	c.add	x11,x12	 x11:0x80003234 x12:0xaaaaaaaa x11=0x2aaadcde
        2255000	       126	800001bc	8189	c.srli	x11,0x2	 x11:0x2aaadcde x11=0x0aaab737
        2265000	       127	800001be	3ba59073	csrrw	x0,pmpaddr10,x11	 x11:0x0aaab737  x0=0x00000000
        2295000	       130	800001c2	00003597	auipc	x11,0x3	 x11=0x800031c2
        2305000	       131	800001c6	07258593	addi	x11,x11,114	 x11:0x800031c2 x11=0x80003234
        2315000	       132	800001ca	bbbbc637	lui	x12,0xbbbbc	 x12=0xbbbbc000
        2325000	       133	800001ce	bbb60613	addi	x12,x12,-1093	 x12:0xbbbbc000 x12=0xbbbbbbbb
        2335000	       134	800001d2	95b2	c.add	x11,x12	 x11:0x80003234 x12:0xbbbbbbbb x11=0x3bbbedef
        2345000	       135	800001d4	8189	c.srli	x11,0x2	 x11:0x3bbbedef x11=0x0eeefb7b
        2355000	       136	800001d6	3bb59073	csrrw	x0,pmpaddr11,x11	 x11:0x0eeefb7b  x0=0x00000000
        2385000	       139	800001da	0f0f15b7	lui	x11,0xf0f1	 x11=0x0f0f1000
        2395000	       140	800001de	f0f58593	addi	x11,x11,-241	 x11:0x0f0f1000 x11=0x0f0f0f0f
        2405000	       141	800001e2	3a259073	csrrw	x0,pmpcfg2,x11	 x11:0x0f0f0f0f  x0=0x00000000
        2435000	       144	800001e6	00003597	auipc	x11,0x3	 x11=0x800031e6
        2445000	       145	800001ea	04e58593	addi	x11,x11,78	 x11:0x800031e6 x11=0x80003234
        2455000	       146	800001ee	ccccd637	lui	x12,0xccccd	 x12=0xccccd000
        2465000	       147	800001f2	ccc60613	addi	x12,x12,-820	 x12:0xccccd000 x12=0xcccccccc
        2475000	       148	800001f6	95b2	c.add	x11,x12	 x11:0x80003234 x12:0xcccccccc x11=0x4cccff00
        2485000	       149	800001f8	8189	c.srli	x11,0x2	 x11:0x4cccff00 x11=0x13333fc0
        2495000	       150	800001fa	3bc59073	csrrw	x0,pmpaddr12,x11	 x11:0x13333fc0  x0=0x00000000
        2525000	       153	800001fe	00003597	auipc	x11,0x3	 x11=0x800031fe
        2535000	       154	80000202	03658593	addi	x11,x11,54	 x11:0x800031fe x11=0x80003234
        2545000	       155	80000206	dddde637	lui	x12,0xdddde	 x12=0xdddde000
        2555000	       156	8000020a	ddd60613	addi	x12,x12,-547	 x12:0xdddde000 x12=0xdddddddd
        2565000	       157	8000020e	95b2	c.add	x11,x12	 x11:0x80003234 x12:0xdddddddd x11=0x5dde1011
        2575000	       158	80000210	8189	c.srli	x11,0x2	 x11:0x5dde1011 x11=0x17778404
        2585000	       159	80000212	3bd59073	csrrw	x0,pmpaddr13,x11	 x11:0x17778404  x0=0x00000000
        2615000	       162	80000216	00003597	auipc	x11,0x3	 x11=0x80003216
        2625000	       163	8000021a	01e58593	addi	x11,x11,30	 x11:0x80003216 x11=0x80003234
        2635000	       164	8000021e	eeeef637	lui	x12,0xeeeef	 x12=0xeeeef000
        2645000	       165	80000222	eee60613	addi	x12,x12,-274	 x12:0xeeeef000 x12=0xeeeeeeee
        2655000	       166	80000226	95b2	c.add	x11,x12	 x11:0x80003234 x12:0xeeeeeeee x11=0x6eef2122
        2665000	       167	80000228	8189	c.srli	x11,0x2	 x11:0x6eef2122 x11=0x1bbbc848
        2675000	       168	8000022a	3be59073	csrrw	x0,pmpaddr14,x11	 x11:0x1bbbc848  x0=0x00000000
        2705000	       171	8000022e	00003597	auipc	x11,0x3	 x11=0x8000322e
        2715000	       172	80000232	00658593	addi	x11,x11,6	 x11:0x8000322e x11=0x80003234
        2725000	       173	80000236	fff00613	addi	x12,x0,-1	  x0:0x00000000 x12=0xffffffff
        2735000	       174	8000023a	95b2	c.add	x11,x12	 x11:0x80003234 x12:0xffffffff x11=0x80003233
        2745000	       175	8000023c	8189	c.srli	x11,0x2	 x11:0x80003233 x11=0x20000c8c
        2755000	       176	8000023e	3bf59073	csrrw	x0,pmpaddr15,x11	 x11:0x20000c8c  x0=0x00000000
        2785000	       179	80000242	0f0f15b7	lui	x11,0xf0f1	 x11=0x0f0f1000
        2795000	       180	80000246	f0f58593	addi	x11,x11,-241	 x11:0x0f0f1000 x11=0x0f0f0f0f
        2805000	       181	8000024a	3a359073	csrrw	x0,pmpcfg3,x11	 x11:0x0f0f0f0f  x0=0x00000000
        2835000	       184	8000024e	00000617	auipc	x12,0x0	 x12=0x8000024e
        2845000	       185	80000252	06060613	addi	x12,x12,96	 x12:0x8000024e x12=0x800002ae
        2855000	       186	80000256	34161073	csrrw	x0,mepc,x12	 x12:0x800002ae  x0=0x00000000
        2865000	       187	8000025a	7c00d073	csrrwi	x0,0x7c0,1	  x0=0x00000000
        2895000	       190	8000025e	4601	c.li	x12,0	 x12=0x00000000
        2905000	       191	80000260	30061073	csrrw	x0,mstatus,x12	 x12:0x00000000  x0=0x00000000
        2935000	       194	80000264	4601	c.li	x12,0	 x12=0x00000000
        2945000	       195	80000266	30461073	csrrw	x0,mie,x12	 x12:0x00000000  x0=0x00000000
        2975000	       198	8000026a	90000d37	lui	x26,0x90000	 x26=0x90000000
        2985000	       199	8000026e	1d71	c.addi	x26,-4	 x26:0x90000000 x26=0x8ffffffc
        2995000	       200	80000270	90000d37	lui	x26,0x90000	 x26=0x90000000
        3005000	       201	80000274	1d71	c.addi	x26,-4	 x26:0x90000000 x26=0x8ffffffc
        3015000	       202	80000276	90000d37	lui	x26,0x90000	 x26=0x90000000
        3025000	       203	8000027a	1d71	c.addi	x26,-4	 x26:0x90000000 x26=0x8ffffffc
        3035000	       204	8000027c	30000613	addi	x12,x0,768	  x0:0x00000000 x12=0x00000300
        3045000	       205	80000280	0622	c.slli	x12,0x8	 x12:0x00000300 x12=0x00030000
        3055000	       206	80000282	060d	c.addi	x12,3	 x12:0x00030000 x12=0x00030003
        3065000	       207	80000284	00cd2023	sw	x12,0(x26)	 x26:0x8ffffffc x12:0x00030003 PA:0x8ffffffc store:0x00030003 load:0x00000000
        3075000	       208	80000288	30002673	csrrs	x12,mstatus,x0	  x0:0x00000000 x12=0x00000000
        3085000	       209	8000028c	00cd2023	sw	x12,0(x26)	 x26:0x8ffffffc x12:0x00000000 PA:0x8ffffffc store:0x00000000 load:0x00000000
        3095000	       210	80000290	90000d37	lui	x26,0x90000	 x26=0x90000000
        3105000	       211	80000294	1d71	c.addi	x26,-4	 x26:0x90000000 x26=0x8ffffffc
        3115000	       212	80000296	30400613	addi	x12,x0,772	  x0:0x00000000 x12=0x00000304
        3125000	       213	8000029a	0622	c.slli	x12,0x8	 x12:0x00000304 x12=0x00030400
        3135000	       214	8000029c	060d	c.addi	x12,3	 x12:0x00030400 x12=0x00030403
        3145000	       215	8000029e	00cd2023	sw	x12,0(x26)	 x26:0x8ffffffc x12:0x00030403 PA:0x8ffffffc store:0x00030403 load:0x00000000
        3155000	       216	800002a2	30402673	csrrs	x12,mie,x0	  x0:0x00000000 x12=0x00000000
        3165000	       217	800002a6	00cd2023	sw	x12,0(x26)	 x26:0x8ffffffc x12:0x00000000 PA:0x8ffffffc store:0x00000000 load:0x00000000
        3175000	       218	800002aa	30200073	mret	
        3215000	       222	800002ae	00300013	addi	x0,x0,3	  x0:0x00000000  x0=0x00000000
        3225000	       223	800002b2	4099	c.li	x1,6	  x1=0x00000006
        3235000	       224	800002b4	cf4b5137	lui	x2,0xcf4b5	  x2=0xcf4b5000
        3245000	       225	800002b8	e8e10113	addi	x2,x2,-370	  x2:0xcf4b5000  x2=0xcf4b4e8e
        3255000	       226	800002bc	4181	c.li	x3,0	  x3=0x00000000
        3265000	       227	800002be	ed36d237	lui	x4,0xed36d	  x4=0xed36d000
        3275000	       228	800002c2	41220213	addi	x4,x4,1042	  x4:0xed36d000  x4=0xed36d412
        3285000	       229	800002c6	1b5082b7	lui	x5,0x1b508	  x5=0x1b508000
        3295000	       230	800002ca	9c028293	addi	x5,x5,-1600	  x5:0x1b508000  x5=0x1b5079c0
        3305000	       231	800002ce	ff61d337	lui	x6,0xff61d	  x6=0xff61d000
        3315000	       232	800002d2	cf830313	addi	x6,x6,-776	  x6:0xff61d000  x6=0xff61ccf8
        3325000	       233	800002d6	800003b7	lui	x7,0x80000	  x7=0x80000000
        3335000	       234	800002da	f7434437	lui	x8,0xf7434	  x8=0xf7434000
        3345000	       235	800002de	bf540413	addi	x8,x8,-1035	  x8:0xf7434000  x8=0xf7433bf5
        3355000	       236	800002e2	80000537	lui	x10,0x80000	 x10=0x80000000
        3365000	       237	800002e6	894eb5b7	lui	x11,0x894eb	 x11=0x894eb000
        3375000	       238	800002ea	cb458593	addi	x11,x11,-844	 x11:0x894eb000 x11=0x894eacb4
        3385000	       239	800002ee	4615	c.li	x12,5	 x12=0x00000005
        3395000	       240	800002f0	c8c3c6b7	lui	x13,0xc8c3c	 x13=0xc8c3c000
        3405000	       241	800002f4	5f768693	addi	x13,x13,1527	 x13:0xc8c3c000 x13=0xc8c3c5f7
        3415000	       242	800002f8	4739	c.li	x14,14	 x14=0x0000000e
        3425000	       243	800002fa	4795	c.li	x15,5	 x15=0x00000005
        3435000	       244	800002fc	4829	c.li	x16,10	 x16=0x0000000a
        3445000	       245	800002fe	f777f8b7	lui	x17,0xf777f	 x17=0xf777f000
        3455000	       246	80000302	63d88893	addi	x17,x17,1597	 x17:0xf777f000 x17=0xf777f63d
        3465000	       247	80000306	4901	c.li	x18,0	 x18=0x00000000
        3475000	       248	80000308	f7f7a9b7	lui	x19,0xf7f7a	 x19=0xf7f7a000
        3485000	       249	8000030c	0e598993	addi	x19,x19,229	 x19:0xf7f7a000 x19=0xf7f7a0e5
        3495000	       250	80000310	f264ca37	lui	x20,0xf264c	 x20=0xf264c000
        3505000	       251	80000314	ecda0a13	addi	x20,x20,-307	 x20:0xf264c000 x20=0xf264becd
        3515000	       252	80000318	4a81	c.li	x21,0	 x21=0x00000000
        3525000	       253	8000031a	fc680b37	lui	x22,0xfc680	 x22=0xfc680000
        3535000	       254	8000031e	801b0b13	addi	x22,x22,-2047	 x22:0xfc680000 x22=0xfc67f801
        3545000	       255	80000322	4b81	c.li	x23,0	 x23=0x00000000
        3555000	       256	80000324	4c09	c.li	x24,2	 x24=0x00000002
        3565000	       257	80000326	81b7fcb7	lui	x25,0x81b7f	 x25=0x81b7f000
        3575000	       258	8000032a	6bdc8c93	addi	x25,x25,1725	 x25:0x81b7f000 x25=0x81b7f6bd
        3585000	       259	8000032e	80000d37	lui	x26,0x80000	 x26=0x80000000
        3595000	       260	80000332	4da5	c.li	x27,9	 x27=0x00000009
        3605000	       261	80000334	4e01	c.li	x28,0	 x28=0x00000000
        3615000	       262	80000336	4ea9	c.li	x29,10	 x29=0x0000000a
        3625000	       263	80000338	fe7effb7	lui	x31,0xfe7ef	 x31=0xfe7ef000
        3635000	       264	8000033c	8c7f8f93	addi	x31,x31,-1849	 x31:0xfe7ef000 x31=0xfe7ee8c7
        3645000	       265	80000340	0001f497	auipc	x9,0x1f	  x9=0x8001f340
        3655000	       266	80000344	b2448493	addi	x9,x9,-1244	  x9:0x8001f340  x9=0x8001ee64
        3665000	       267	80000348	90000d37	lui	x26,0x90000	 x26=0x90000000
        3675000	       268	8000034c	1d71	c.addi	x26,-4	 x26:0x90000000 x26=0x8ffffffc
        3685000	       269	8000034e	4601	c.li	x12,0	 x12=0x00000000
        3695000	       270	80000350	0622	c.slli	x12,0x8	 x12:0x00000000 x12=0x00000000
        3705000	       271	80000352	00060613	addi	x12,x12,0	 x12:0x00000000 x12=0x00000000
        3715000	       272	80000356	00cd2023	sw	x12,0(x26)	 x26:0x8ffffffc x12:0x00000000 PA:0x8ffffffc store:0x00000000 load:0x00000000
        3725000	       273	8000035a	6db0206f	jal	x0,80003234	  x0=0x00000000
        3745000	       275	80003234	5bfb1837	lui	x16,0x5bfb1	 x16=0x5bfb1000
        3755000	       276	80003238	00000c97	auipc	x25,0x0	 x25=0x80003238
        3765000	       277	8000323c	4b2c8c93	addi	x25,x25,1202	 x25:0x80003238 x25=0x800036ea
        3775000	       278	80003240	41f6dc13	srai	x24,x13,0x1f	 x13:0xc8c3c5f7 x24=0xffffffff
        3785000	       279	80003244	555b4097	auipc	x1,0x555b4	  x1=0xd55b7244
        3795000	       280	80003248	0c89	c.addi	x25,2	 x25:0x800036ea x25=0x800036ec
        3805000	       281	8000324a	00015563	bge	x2,x0,80003254	  x2:0xcf4b4e8e  x0:0x00000000
        3815000	       282	8000324e	0000100f	fence.i	
        3835000	       284	80003252	0001	c.addi	x0,0	  x0:0x00000000  x0=0x00000000
        3845000	       285	80003254	ffec8767	jalr	x14,-2(x25)	 x25:0x800036ec x14=0x80003258
        3875000	       288	800036ea	000affb3	and	x31,x21,x0	 x21:0x00000000  x0:0x00000000 x31=0x00000000
        4245000	       325	800036ee	02d2f3b3	remu	x7,x5,x13	  x5:0x1b5079c0 x13:0xc8c3c5f7  x7=0x1b5079c0
        4255000	       326	800036f2	c2da8b13	addi	x22,x21,-979	 x21:0x00000000 x22=0xfffffc2d
        4265000	       327	800036f6	c7349b37	lui	x22,0xc7349	 x22=0xc7349000
        4275000	       328	800036fa	14b1	c.addi	x9,-20	  x9:0x8001ee64  x9=0x8001ee50
        4285000	       329	800036fc	001c91b3	sll	x3,x25,x1	 x25:0x800036ec  x1:0xd55b7244  x3=0x00036ec0
        4295000	       330	80003700	6a2d	c.lui	x20,0xb	 x20=0x0000b000
        4665000	       367	80003702	03bcc533	div	x10,x25,x27	 x25:0x800036ec x27:0x00000009 x10=0xf1c7228c
        4675000	       368	80003706	802d	c.srli	x8,0xb	  x8:0xf7433bf5  x8=0x001ee867
        4685000	       369	80003708	c0d8	c.sw	x14,4(x9)	  x9:0x8001ee50 x14:0x80003258 PA:0x8001ee54 store:0x80003258 load:0x00000000
        5055000	       406	8000370a	0287f833	remu	x16,x15,x8	 x15:0x00000005  x8:0x001ee867 x16=0x00000005
        5065000	       407	8000370e	01061233	sll	x4,x12,x16	 x12:0x00000000 x16:0x00000005  x4=0x00000000
        5075000	       408	80003712	0160076f	jal	x14,80003728	 x14=0x80003716
        5095000	       410	80003728	bffd	c.j	80003726	
        5115000	       412	80003726	2839	c.jal	80003744	  x1=0x80003728
        5135000	       414	80003744	2039	c.jal	80003752	  x1=0x80003746
        5155000	       416	80003752	b7f5	c.j	8000373e	
        5175000	       418	8000373e	b7f5	c.j	8000372a	
        5195000	       420	8000372a	bfdd	c.j	80003720	
        5215000	       422	80003720	a02d	c.j	8000374a	
        5245000	       425	8000374a	fdbffd6f	jal	x26,80003724	 x26=0x8000374e
        5265000	       427	80003724	202d	c.jal	8000374e	  x1=0x80003726
        5295000	       430	8000374e	0080036f	jal	x6,80003756	  x6=0x80003752
        5315000	       432	80003756	37d1	c.jal	8000371a	  x1=0x80003758
        5335000	       434	8000371a	a009	c.j	8000371c	
        5355000	       436	8000371c	a005	c.j	8000373c	
        5375000	       438	8000373c	37dd	c.jal	80003722	  x1=0x8000373e
        5395000	       440	80003722	bfd5	c.j	80003716	
        5415000	       442	80003716	a805	c.j	80003746	
        5445000	       445	80003746	fe7ffbef	jal	x23,8000372c	 x23=0x8000374a
        5465000	       447	8000372c	028008ef	jal	x17,80003754	 x17=0x80003730
        5485000	       449	80003754	b7c5	c.j	80003734	
        5505000	       451	80003734	00e008ef	jal	x17,80003742	 x17=0x80003738
        5525000	       453	80003742	3ff1	c.jal	8000371e	  x1=0x80003744
        5545000	       455	8000371e	2829	c.jal	80003738	  x1=0x80003720
        5565000	       457	80003738	a021	c.j	80003740	
        5585000	       459	80003740	bfe1	c.j	80003718	
        5605000	       461	80003718	2821	c.jal	80003730	  x1=0x8000371a
        5625000	       463	80003730	00a000ef	jal	x1,8000373a	  x1=0x80003734
        5645000	       465	8000373a	2839	c.jal	80003758	  x1=0x8000373c
        5665000	       467	80003758	40288c33	sub	x24,x17,x2	 x17:0x80003738  x2:0xcf4b4e8e x24=0xb0b4e8aa
        5675000	       468	8000375c	01daa133	slt	x2,x21,x29	 x21:0x00000000 x29:0x0000000a  x2=0x00000001
        6045000	       505	80003760	028b52b3	divu	x5,x22,x8	 x22:0xc7349000  x8:0x001ee867  x5=0x00000671
        6055000	       506	80003764	9ff6	c.add	x31,x29	 x31:0x00000000 x29:0x0000000a x31=0x0000000a
        6065000	       507	80003766	de248113	addi	x2,x9,-542	  x9:0x8001ee50  x2=0x8001ec32
        6075000	       508	8000376a	ca508fb7	lui	x31,0xca508	 x31=0xca508000
        6085000	       509	8000376e	eb91	c.bnez	x15,80003782	 x15:0x00000005
        6105000	       511	80003782	8295	c.srli	x13,0x5	 x13:0xc8c3c5f7 x13=0x06461e2f
        6115000	       512	80003784	01d83c33	sltu	x24,x16,x29	 x16:0x00000005 x29:0x0000000a x24=0x00000001
        6125000	       513	80003788	0ff0000f	fence	iorw,iorw	
        6135000	       514	8000378c	03d16363	bltu	x2,x29,800037b2	  x2:0x8001ec32 x29:0x0000000a
        6145000	       515	80003790	808a	c.mv	x1,x2	  x0:0x00000000  x2:0x8001ec32  x1=0x8001ec32
        6155000	       516	80003792	016c6cb3	or	x25,x24,x22	 x24:0x00000001 x22:0xc7349000 x25=0xc7349001
        6165000	       517	80003796	007e4e33	xor	x28,x28,x7	 x28:0x00000000  x7:0x1b5079c0 x28=0x1b5079c0
        6175000	       518	8000379a	8d9e	c.mv	x27,x7	  x0:0x00000000  x7:0x1b5079c0 x27=0x1b5079c0
        6185000	       519	8000379c	00f19c13	slli	x24,x3,0xf	  x3:0x00036ec0 x24=0xb7600000
        6195000	       520	800037a0	0000100f	fence.i	
        6235000	       524	800037a4	03908733	mul	x14,x1,x25	  x1:0x8001ec32 x25:0xc7349001 x14=0x6d060c32
        6245000	       525	800037a8	dd8c10b7	lui	x1,0xdd8c1	  x1=0xdd8c1000
        6255000	       526	800037ac	8f0d	c.sub	x14,x11	 x14:0x6d060c32 x11:0x894eacb4 x14=0xe3b75f7e
        6265000	       527	800037ae	00d2e033	or	x0,x5,x13	  x5:0x00000671 x13:0x06461e2f  x0=0x00000000
        6275000	       528	800037b2	ea1d	c.bnez	x12,800037e8	 x12:0x00000000
        6285000	       529	800037b4	00c1fc63	bgeu	x3,x12,800037cc	  x3:0x00036ec0 x12:0x00000000
        6305000	       531	800037cc	0ef6	c.slli	x29,0x1d	 x29:0x0000000a x29=0x40000000
        6315000	       532	800037ce	b7200393	addi	x7,x0,-1166	  x0:0x00000000  x7=0xfffffb72
        6325000	       533	800037d2	8299	c.srli	x13,0x6	 x13:0x06461e2f x13=0x00191878
        6335000	       534	800037d4	40b05cb3	sra	x25,x0,x11	  x0:0x00000000 x11:0x894eacb4 x25=0x00000000
        6375000	       538	800037d8	03a59bb3	mulh	x23,x11,x26	 x11:0x894eacb4 x26:0x8000374e x23=0x3b589001
        6385000	       539	800037dc	00ec6463	bltu	x24,x14,800037e4	 x24:0xb7600000 x14:0xe3b75f7e
        6765000	       577	800037e4	027cdb33	divu	x22,x25,x7	 x25:0x00000000  x7:0xfffffb72 x22=0x00000000
        6775000	       578	800037e8	015eba33	sltu	x20,x29,x21	 x29:0x40000000 x21:0x00000000 x20=0x00000000
        6785000	       579	800037ec	83f5	c.srli	x15,0x1d	 x15:0x00000005 x15=0x00000000
        6795000	       580	800037ee	8d75	c.and	x10,x13	 x10:0xf1c7228c x13:0x00191878 x10=0x00010008
        6805000	       581	800037f0	ca668d13	addi	x26,x13,-858	 x13:0x00191878 x26=0x0019151e
        6815000	       582	800037f4	0000100f	fence.i	
        6835000	       584	800037f8	013d0663	beq	x26,x19,80003804	 x26:0x0019151e x19:0xf7f7a0e5
        7205000	       621	800037fc	033efab3	remu	x21,x29,x19	 x29:0x40000000 x19:0xf7f7a0e5 x21=0x40000000
        7215000	       622	80003800	018cda13	srli	x20,x25,0x18	 x25:0x00000000 x20=0x00000000
        7225000	       623	80003804	2df98213	addi	x4,x19,735	 x19:0xf7f7a0e5  x4=0xf7f7a3c4
        7235000	       624	80003808	9356	c.add	x6,x21	  x6:0x80003752 x21:0x40000000  x6=0xc0003752
        7245000	       625	8000380a	29d78c37	lui	x24,0x29d78	 x24=0x29d78000
        7255000	       626	8000380e	622d7513	andi	x10,x26,1570	 x26:0x0019151e x10=0x00000402
        7265000	       627	80003812	9b4ce817	auipc	x16,0x9b4ce	 x16=0x1b4d1812
        7275000	       628	80003816	0110feb3	and	x29,x1,x17	  x1:0xdd8c1000 x17:0x80003738 x29=0x80001000
        7285000	       629	8000381a	8c75	c.and	x8,x13	  x8:0x001ee867 x13:0x00191878  x8=0x00180860
        7295000	       630	8000381c	00331113	slli	x2,x6,0x3	  x6:0xc0003752  x2=0x0001ba90
        7335000	       634	80003820	025817b3	mulh	x15,x16,x5	 x16:0x1b4d1812  x5:0x00000671 x15=0x000000af
        7345000	       635	80003824	00c01533	sll	x10,x0,x12	  x0:0x00000000 x12:0x00000000 x10=0x00000000
        7355000	       636	80003828	004dfcb3	and	x25,x27,x4	 x27:0x1b5079c0  x4:0xf7f7a3c4 x25=0x135021c0
        7365000	       637	8000382c	02e4fc63	bgeu	x9,x14,80003864	  x9:0x8001ee50 x14:0xe3b75f7e
        7735000	       674	80003830	03d16133	rem	x2,x2,x29	  x2:0x0001ba90 x29:0x80001000  x2=0x0001ba90
        7745000	       675	80003834	4109	c.li	x2,2	  x2=0x00000002
        7755000	       676	80003836	0001	c.addi	x0,0	  x0:0x00000000  x0=0x00000000
        7765000	       677	80003838	9a92	c.add	x21,x4	 x21:0x40000000  x4:0xf7f7a3c4 x21=0x37f7a3c4
        7775000	       678	8000383a	01e19ab3	sll	x21,x3,x30	  x3:0x00036ec0 x30:0x80022ce4 x21=0x0036ec00
        7785000	       679	8000383e	0001	c.addi	x0,0	  x0:0x00000000  x0=0x00000000
        7795000	       680	80003840	01996693	ori	x13,x18,25	 x18:0x00000000 x13=0x00000019
        7815000	       682	80003844	0324c3b3	div	x7,x9,x18	  x9:0x8001ee50 x18:0x00000000  x7=0xffffffff
        7825000	       683	80003848	9fae	c.add	x31,x11	 x31:0xca508000 x11:0x894eacb4 x31=0x539f2cb4
        7835000	       684	8000384a	0d313313	sltiu	x6,x2,211	  x2:0x00000002  x6=0x00000001
        7845000	       685	8000384e	257dc713	xori	x14,x27,599	 x27:0x1b5079c0 x14=0x1b507b97
        7855000	       686	80003852	e9416217	auipc	x4,0xe9416	  x4=0x69419852
        7865000	       687	80003856	dc777817	auipc	x16,0xdc777	 x16=0x5c77a856
        7875000	       688	8000385a	40085cb3	sra	x25,x16,x0	 x16:0x5c77a856  x0:0x00000000 x25=0x5c77a856
        7885000	       689	8000385e	c509	c.beqz	x10,80003868	 x10:0x00000000
        7905000	       691	80003868	8edd	c.or	x13,x15	 x13:0x00000019 x15:0x000000af x13=0x000000bf
        7915000	       692	8000386a	837e	c.mv	x6,x31	  x0:0x00000000 x31:0x539f2cb4  x6=0x539f2cb4
        7925000	       693	8000386c	3db8b913	sltiu	x18,x17,987	 x17:0x80003738 x18=0x00000000
        7935000	       694	80003870	9a92	c.add	x21,x4	 x21:0x0036ec00  x4:0x69419852 x21=0x69788452
        7945000	       695	80003872	0ff0000f	fence	iorw,iorw	
        7955000	       696	80003876	40d8	c.lw	x14,4(x9)	  x9:0x8001ee50 x14=0x80003258 PA:0x8001ee54 load:0x80003258
        7965000	       697	80003878	04d1	c.addi	x9,20	  x9:0x8001ee50  x9=0x8001ee64
        8335000	       734	8000387a	0386dfb3	divu	x31,x13,x24	 x13:0x000000bf x24:0x29d78000 x31=0x00000000
        8345000	       735	8000387e	80f2	c.mv	x1,x28	  x0:0x00000000 x28:0x1b5079c0  x1=0x1b5079c0
        8355000	       736	80003880	dc4fca93	xori	x21,x31,-572	 x31:0x00000000 x21=0xfffffdc4
        8365000	       737	80003884	00170213	addi	x4,x14,1	 x14:0x80003258  x4=0x80003259
        8375000	       738	80003888	9202	c.jalr	x4	  x4:0x80003259  x1=0x8000388a
        8395000	       740	80003258	4a5d	c.li	x20,23	 x20=0x00000017
        8405000	       741	8000325a	0000100f	fence.i	
        8435000	       744	8000325e	00005c97	auipc	x25,0x5	 x25=0x8000825e
        8445000	       745	80003262	6f8c8c93	addi	x25,x25,1784	 x25:0x8000825e x25=0x80008956
        8475000	       748	80003266	03c903b3	mul	x7,x18,x28	 x18:0x00000000 x28:0x1b5079c0  x7=0x00000000
        8485000	       749	8000326a	0001	c.addi	x0,0	  x0:0x00000000  x0=0x00000000
        8495000	       750	8000326c	61e3c293	xori	x5,x7,1566	  x7:0x00000000  x5=0x0000061e
        8505000	       751	80003270	0001	c.addi	x0,0	  x0:0x00000000  x0=0x00000000
        8515000	       752	80003272	0e2c8c93	addi	x25,x25,226	 x25:0x80008956 x25=0x80008a38
        8525000	       753	80003276	0ff0000f	fence	iorw,iorw	
        8535000	       754	8000327a	81ae	c.mv	x3,x11	  x0:0x00000000 x11:0x894eacb4  x3=0x894eacb4
        8545000	       755	8000327c	f1ec8767	jalr	x14,-226(x25)	 x25:0x80008a38 x14=0x80003280
        8565000	       757	80008956	c291	c.beqz	x13,8000895a	 x13:0x000000bf
        8575000	       758	80008958	8c45	c.or	x8,x9	  x8:0x00180860  x9:0x8001ee64  x8=0x8019ee64
        8585000	       759	8000895a	fc848493	addi	x9,x9,-56	  x9:0x8001ee64  x9=0x8001ee2c
        8595000	       760	8000895e	009dfc33	and	x24,x27,x9	 x27:0x1b5079c0  x9:0x8001ee2c x24=0x00006800
        8605000	       761	80008962	a36eb437	lui	x8,0xa36eb	  x8=0xa36eb000
        8615000	       762	80008966	c0d8	c.sw	x14,4(x9)	  x9:0x8001ee2c x14:0x80003280 PA:0x8001ee30 store:0x80003280 load:0x00000000
        8655000	       766	80008968	024a2c33	mulhsu	x24,x20,x4	 x20:0x00000017  x4:0x80003259 x24=0x0000000b
        8665000	       767	8000896c	0260076f	jal	x14,80008992	 x14=0x80008970
        8695000	       770	80008992	ffdff36f	jal	x6,8000898e	  x6=0x80008996
        8715000	       772	8000898e	3fed	c.jal	80008988	  x1=0x80008990
        8735000	       774	80008988	01a000ef	jal	x1,800089a2	  x1=0x8000898c
        8755000	       776	800089a2	bfdd	c.j	80008998	
        8775000	       778	80008998	2031	c.jal	800089a4	  x1=0x8000899a
        8795000	       780	800089a4	fe1ff0ef	jal	x1,80008984	  x1=0x800089a8
        8815000	       782	80008984	ff9ff0ef	jal	x1,8000897c	  x1=0x80008988
        8835000	       784	8000897c	2035	c.jal	800089a8	  x1=0x8000897e
        8855000	       786	800089a8	3fcd	c.jal	8000899a	  x1=0x800089aa
        8885000	       789	8000899a	fdfff36f	jal	x6,80008978	  x6=0x8000899e
        8905000	       791	80008978	2821	c.jal	80008990	  x1=0x8000897a
        8925000	       793	80008990	37cd	c.jal	80008972	  x1=0x80008992
        8955000	       796	80008972	02c000ef	jal	x1,8000899e	  x1=0x80008976
        8985000	       799	8000899e	fd9ff0ef	jal	x1,80008976	  x1=0x800089a2
        9005000	       801	80008976	a819	c.j	8000898c	
        9025000	       803	8000898c	b7d5	c.j	80008970	
        9045000	       805	80008970	2029	c.jal	8000897a	  x1=0x80008972
        9065000	       807	8000897a	a831	c.j	80008996	
        9085000	       809	80008996	b7e5	c.j	8000897e	
        9105000	       811	8000897e	2009	c.jal	80008980	  x1=0x80008980
        9125000	       813	80008980	02a000ef	jal	x1,800089aa	  x1=0x80008984
        9155000	       816	800089aa	015af333	and	x6,x21,x21	 x21:0xfffffdc4 x21:0xfffffdc4  x6=0xfffffdc4
        9165000	       817	800089ae	8e15	c.sub	x12,x13	 x12:0x00000000 x13:0x000000bf x12=0xffffff41
        9175000	       818	800089b0	0000100f	fence.i	
        9195000	       820	800089b4	1c1c	c.addi4spn	x15,x2,560	 x15=0x00000232
        9205000	       821	800089b6	a772bb93	sltiu	x23,x5,-1417	  x5:0x0000061e x23=0x00000001
        9215000	       822	800089ba	8b1d	c.andi	x14,7	 x14:0x80008970 x14=0x00000000
        9225000	       823	800089bc	02c15863	bge	x2,x12,800089ec	  x2:0x00000002 x12:0xffffff41
        9245000	       825	800089ec	0ff0000f	fence	iorw,iorw	
        9255000	       826	800089f0	8d3d	c.xor	x10,x15	 x10:0x00000000 x15:0x00000232 x10=0x00000232
        9625000	       863	800089f2	03d8c233	div	x4,x17,x29	 x17:0x80003738 x29:0x80001000  x4=0x00000000
        9665000	       867	800089f6	02503b33	mulhu	x22,x0,x5	  x0:0x00000000  x5:0x0000061e x22=0x00000000
        9675000	       868	800089fa	00057463	bgeu	x10,x0,80008a02	 x10:0x00000232  x0:0x00000000
        9695000	       870	80008a02	e511	c.bnez	x10,80008a0e	 x10:0x00000232
        9715000	       872	80008a0e	0001	c.addi	x0,0	  x0:0x00000000  x0=0x00000000
        9725000	       873	80008a10	019857b3	srl	x15,x16,x25	 x16:0x5c77a856 x25:0x80008a38 x15=0x0000005c
        9735000	       874	80008a14	00867a63	bgeu	x12,x8,80008a28	 x12:0xffffff41  x8:0xa36eb000
        9755000	       876	80008a28	8c6d	c.and	x8,x11	  x8:0xa36eb000 x11:0x894eacb4  x8=0x814ea000
        9765000	       877	80008a2a	01f3dc13	srli	x24,x7,0x1f	  x7:0x00000000 x24=0x00000000
        9775000	       878	80008a2e	8ed5	c.or	x13,x13	 x13:0x000000bf x13:0x000000bf x13=0x000000bf
        9785000	       879	80008a30	8d19	c.sub	x10,x14	 x10:0x00000232 x14:0x00000000 x10=0x00000232
        9795000	       880	80008a32	07ae1563	bne	x28,x26,80008a9c	 x28:0x1b5079c0 x26:0x0019151e
       10175000	       918	80008a9c	0299fab3	remu	x21,x19,x9	 x19:0xf7f7a0e5  x9:0x8001ee2c x21=0x77f5b2b9
       10185000	       919	80008aa0	889a	c.mv	x17,x6	  x0:0x00000000  x6:0xfffffdc4 x17=0xfffffdc4
       10195000	       920	80008aa2	8edd	c.or	x13,x15	 x13:0x000000bf x15:0x0000005c x13=0x000000ff
       10205000	       921	80008aa4	4169dd93	srai	x27,x19,0x16	 x19:0xf7f7a0e5 x27=0xffffffdf
       10215000	       922	80008aa8	00edd1b3	srl	x3,x27,x14	 x27:0xffffffdf x14:0x00000000  x3=0xffffffdf
       10225000	       923	80008aac	0000100f	fence.i	
       10245000	       925	80008ab0	0001	c.addi	x0,0	  x0:0x00000000  x0=0x00000000
       10255000	       926	80008ab2	00102333	slt	x6,x0,x1	  x0:0x00000000  x1:0x80008984  x6=0x00000000
       10265000	       927	80008ab6	017a5433	srl	x8,x20,x23	 x20:0x00000017 x23:0x00000001  x8=0x0000000b
       10275000	       928	80008aba	40d35113	srai	x2,x6,0xd	  x6:0x00000000  x2=0x00000000
       10285000	       929	80008abe	00da1313	slli	x6,x20,0xd	 x20:0x00000017  x6=0x0002e000
       10295000	       930	80008ac2	1980	c.addi4spn	x8,x2,240	  x8=0x000000f0
       10305000	       931	80008ac4	00bc6cb3	or	x25,x24,x11	 x24:0x00000000 x11:0x894eacb4 x25=0x894eacb4
       10675000	       968	80008ac8	03e6cc33	div	x24,x13,x30	 x13:0x000000ff x30:0x80022ce4 x24=0x00000000
       10685000	       969	80008acc	82d5	c.srli	x13,0x15	 x13:0x000000ff x13=0x00000000
       10695000	       970	80008ace	0dfd	c.addi	x27,31	 x27:0xffffffdf x27=0xfffffffe
       10705000	       971	80008ad0	82be	c.mv	x5,x15	  x0:0x00000000 x15:0x0000005c  x5=0x0000005c
       10715000	       972	80008ad2	123c2513	slti	x10,x24,291	 x24:0x00000000 x10=0x00000001
       10725000	       973	80008ad6	02aa8463	beq	x21,x10,80008afe	 x21:0x77f5b2b9 x10:0x00000001
       10735000	       974	80008ada	40b45033	sra	x0,x8,x11	  x8:0x000000f0 x11:0x894eacb4  x0=0x00000000
       10745000	       975	80008ade	40835413	srai	x8,x6,0x8	  x6:0x0002e000  x8=0x000002e0
       11115000	      1012	80008ae2	021d5733	divu	x14,x26,x1	 x26:0x0019151e  x1:0x80008984 x14=0x00000000
       11125000	      1013	80008ae6	01d5ce33	xor	x28,x11,x29	 x11:0x894eacb4 x29:0x80001000 x28=0x094ebcb4
       11135000	      1014	80008aea	e6d43b13	sltiu	x22,x8,-403	  x8:0x000002e0 x22=0x00000001
       11145000	      1015	80008aee	925e	c.add	x4,x23	  x4:0x00000000 x23:0x00000001  x4=0x00000001
       11155000	      1016	80008af0	8e5d	c.or	x12,x15	 x12:0xffffff41 x15:0x0000005c x12=0xffffff5d
       11525000	      1053	80008af2	0351fbb3	remu	x23,x3,x21	  x3:0xffffffdf x21:0x77f5b2b9 x23=0x10149a6d
       11535000	      1054	80008af6	fbd18b13	addi	x22,x3,-67	  x3:0xffffffdf x22=0xffffff9c
       11545000	      1055	80008afa	5e7d	c.li	x28,-1	 x28=0xffffffff
       11555000	      1056	80008afc	5a7d	c.li	x20,-1	 x20=0xffffffff
       11565000	      1057	80008afe	0894	c.addi4spn	x13,x2,80	 x13=0x00000050
       11575000	      1058	80008b00	0ff0000f	fence	iorw,iorw	
       11585000	      1059	80008b04	01925733	srl	x14,x4,x25	  x4:0x00000001 x25:0x894eacb4 x14=0x00000000
       11595000	      1060	80008b08	01d9fc63	bgeu	x19,x29,80008b20	 x19:0xf7f7a0e5 x29:0x80001000
       11615000	      1062	80008b20	8e0d	c.sub	x12,x11	 x12:0xffffff5d x11:0x894eacb4 x12=0x76b152a9
       11625000	      1063	80008b22	7b47bd13	sltiu	x26,x15,1972	 x15:0x0000005c x26=0x00000001
       11635000	      1064	80008b26	6e0d	c.lui	x28,0x3	 x28=0x00003000
       11645000	      1065	80008b28	015422b3	slt	x5,x8,x21	  x8:0x000002e0 x21:0x77f5b2b9  x5=0x00000001
       11655000	      1066	80008b2c	8f05	c.sub	x14,x9	 x14:0x00000000  x9:0x8001ee2c x14=0x7ffe11d4
       11665000	      1067	80008b2e	00e08a33	add	x20,x1,x14	  x1:0x80008984 x14:0x7ffe11d4 x20=0xfffe9b58
       11675000	      1068	80008b32	e315	c.bnez	x14,80008b56	 x14:0x7ffe11d4
       11695000	      1070	80008b56	0001	c.addi	x0,0	  x0:0x00000000  x0=0x00000000
       11705000	      1071	80008b58	8e51	c.or	x12,x12	 x12:0x76b152a9 x12:0x76b152a9 x12=0x76b152a9
       11715000	      1072	80008b5a	00811b13	slli	x22,x2,0x8	  x2:0x00000000 x22=0x00000000
       11725000	      1073	80008b5e	0295	c.addi	x5,5	  x5:0x00000001  x5=0x00000006
       11735000	      1074	80008b60	00c3c3b3	xor	x7,x7,x12	  x7:0x00000000 x12:0x76b152a9  x7=0x76b152a9
       11745000	      1075	80008b64	0001	c.addi	x0,0	  x0:0x00000000  x0=0x00000000
       11755000	      1076	80008b66	1d7b8893	addi	x17,x23,471	 x23:0x10149a6d x17=0x10149c44
       11765000	      1077	80008b6a	0276ce63	blt	x13,x7,80008ba6	 x13:0x00000050  x7:0x76b152a9
       11825000	      1083	80008ba6	03493233	mulhu	x4,x18,x20	 x18:0x00000000 x20:0xfffe9b58  x4=0x00000000
       11835000	      1084	80008baa	41fe0033	sub	x0,x28,x31	 x28:0x00003000 x31:0x00000000  x0=0x00000000
       11875000	      1088	80008bae	03632d33	mulhsu	x26,x6,x22	  x6:0x0002e000 x22:0x00000000 x26=0x00000000
       11885000	      1089	80008bb2	004e1b93	slli	x23,x28,0x4	 x28:0x00003000 x23=0x00030000
       11895000	      1090	80008bb6	014c0463	beq	x24,x20,80008bbe	 x24:0x00000000 x20:0xfffe9b58
       11905000	      1091	80008bba	0c5bb993	sltiu	x19,x23,197	 x23:0x00030000 x19=0x00000000
       11915000	      1092	80008bbe	009d8363	beq	x27,x9,80008bc4	 x27:0xfffffffe  x9:0x8001ee2c
       11925000	      1093	80008bc2	62bd	c.lui	x5,0xf	  x5=0x0000f000
       11935000	      1094	80008bc4	717d	c.addi16sp	x2,-16	  x2:0x00000000  x2=0xfffffff0
       12305000	      1131	80008bc6	039cc633	div	x12,x25,x25	 x25:0x894eacb4 x25:0x894eacb4 x12=0x00000001
       12345000	      1135	80008bca	03793833	mulhu	x16,x18,x23	 x18:0x00000000 x23:0x00030000 x16=0x00000000
       12355000	      1136	80008bce	02f28563	beq	x5,x15,80008bf8	  x5:0x0000f000 x15:0x0000005c
       12365000	      1137	80008bd2	40e1	c.li	x1,24	  x1=0x00000018
       12375000	      1138	80008bd4	01b2aab3	slt	x21,x5,x27	  x5:0x0000f000 x27:0xfffffffe x21=0x00000000
       12385000	      1139	80008bd8	0122da13	srli	x20,x5,0x12	  x5:0x0000f000 x20=0x00000000
       12395000	      1140	80008bdc	10ce8117	auipc	x2,0x10ce8	  x2=0x90cf0bdc
       12405000	      1141	80008be0	0001	c.addi	x0,0	  x0:0x00000000  x0=0x00000000
       12415000	      1142	80008be2	8c3d	c.xor	x8,x15	  x8:0x000002e0 x15:0x0000005c  x8=0x000002bc
       12425000	      1143	80008be4	01789cb3	sll	x25,x17,x23	 x17:0x10149c44 x23:0x00030000 x25=0x10149c44
       12435000	      1144	80008be8	4152dbb3	sra	x23,x5,x21	  x5:0x0000f000 x21:0x00000000 x23=0x0000f000
       12445000	      1145	80008bec	9e56	c.add	x28,x21	 x28:0x00003000 x21:0x00000000 x28=0x00003000
       12455000	      1146	80008bee	0001	c.addi	x0,0	  x0:0x00000000  x0=0x00000000
       12465000	      1147	80008bf0	00009633	sll	x12,x1,x0	  x1:0x00000018  x0:0x00000000 x12=0x00000018
       12475000	      1148	80008bf4	8690a613	slti	x12,x1,-1943	  x1:0x00000018 x12=0x00000000
       12485000	      1149	80008bf8	0191f333	and	x6,x3,x25	  x3:0xffffffdf x25:0x10149c44  x6=0x10149c44
       12495000	      1150	80008bfc	417c58b3	sra	x17,x24,x23	 x24:0x00000000 x23:0x0000f000 x17=0x00000000
       12505000	      1151	80008c00	0a10	c.addi4spn	x12,x2,272	 x12=0x90cf0cec
       12515000	      1152	80008c02	02a30363	beq	x6,x10,80008c28	  x6:0x10149c44 x10:0x00000001
       12525000	      1153	80008c06	0001	c.addi	x0,0	  x0:0x00000000  x0=0x00000000
       12565000	      1157	80008c08	024698b3	mulh	x17,x13,x4	 x13:0x00000050  x4:0x00000000 x17=0x00000000
       12575000	      1158	80008c0c	ea99	c.bnez	x13,80008c22	 x13:0x00000050
       12625000	      1163	80008c22	020c8cb3	mul	x25,x25,x0	 x25:0x10149c44  x0:0x00000000 x25=0x00000000
       12635000	      1164	80008c26	077a	c.slli	x14,0x1e	 x14:0x7ffe11d4 x14=0x00000000
       12645000	      1165	80008c28	0c00	c.addi4spn	x8,x2,528	  x8=0x90cf0dec
       12655000	      1166	80008c2a	972e8993	addi	x19,x29,-1678	 x29:0x80001000 x19=0x80000972
       12665000	      1167	80008c2e	6345	c.lui	x6,0x11	  x6=0x00011000
       12675000	      1168	80008c30	88f2	c.mv	x17,x28	  x0:0x00000000 x28:0x00003000 x17=0x00003000
       12695000	      1170	80008c32	0348ca33	div	x20,x17,x20	 x17:0x00003000 x20:0x00000000 x20=0xffffffff
       12705000	      1171	80008c36	40df0db3	sub	x27,x30,x13	 x30:0x80022ce4 x13:0x00000050 x27=0x80022c94
       12715000	      1172	80008c3a	cf01	c.beqz	x14,80008c52	 x14:0x00000000
       12775000	      1178	80008c52	021c2233	mulhsu	x4,x24,x1	 x24:0x00000000  x1:0x00000018  x4=0x00000000
       12785000	      1179	80008c56	0000100f	fence.i	
       12805000	      1181	80008c5a	8f39	c.xor	x14,x14	 x14:0x00000000 x14:0x00000000 x14=0x00000000
       12815000	      1182	80008c5c	9c6e	c.add	x24,x27	 x24:0x00000000 x27:0x80022c94 x24=0x80022c94
       12825000	      1183	80008c5e	40d28033	sub	x0,x5,x13	  x5:0x0000f000 x13:0x00000050  x0=0x00000000
       12835000	      1184	80008c62	1180	c.addi4spn	x8,x2,224	  x8=0x90cf0cbc
       13205000	      1221	80008c64	02cb41b3	div	x3,x22,x12	 x22:0x00000000 x12:0x90cf0cec  x3=0x00000000
       13215000	      1222	80008c68	1218	c.addi4spn	x14,x2,288	 x14=0x90cf0cfc
       13225000	      1223	80008c6a	ed9d6793	ori	x15,x26,-295	 x26:0x00000000 x15=0xfffffed9
       13235000	      1224	80008c6e	12fd	c.addi	x5,-1	  x5:0x0000f000  x5=0x0000efff
       13245000	      1225	80008c70	67d5	c.lui	x15,0x15	 x15=0x00015000
       13255000	      1226	80008c72	67409b17	auipc	x22,0x67409	 x22=0xe7411c72
       13265000	      1227	80008c76	40d8	c.lw	x14,4(x9)	  x9:0x8001ee2c x14=0x80003280 PA:0x8001ee30 load:0x80003280
       13275000	      1228	80008c78	0001	c.addi	x0,0	  x0:0x00000000  x0=0x00000000
       13285000	      1229	80008c7a	03848493	addi	x9,x9,56	  x9:0x8001ee2c  x9=0x8001ee64
       13295000	      1230	80008c7e	0d0e	c.slli	x26,0x3	 x26:0x00000000 x26=0x00000000
       13665000	      1267	80008c80	0257dfb3	divu	x31,x15,x5	 x15:0x00015000  x5:0x0000efff x31=0x00000001
       13705000	      1271	80008c84	021437b3	mulhu	x15,x8,x1	  x8:0x90cf0cbc  x1:0x00000018 x15=0x0000000d
       13715000	      1272	80008c88	0001	c.addi	x0,0	  x0:0x00000000  x0=0x00000000
       13725000	      1273	80008c8a	46ede913	ori	x18,x27,1134	 x27:0x80022c94 x18=0x80022cfe
       13735000	      1274	80008c8e	00170a13	addi	x20,x14,1	 x14:0x80003280 x20=0x80003281
       13745000	      1275	80008c92	8a02	c.jr	x20	 x20:0x80003281
       13765000	      1277	80003280	00aa99b3	sll	x19,x21,x10	 x21:0x00000000 x10:0x00000001 x19=0x00000000
       14135000	      1314	80003284	0273d8b3	divu	x17,x7,x7	  x7:0x76b152a9  x7:0x76b152a9 x17=0x00000001
       14145000	      1315	80003288	e3c2ee93	ori	x29,x5,-452	  x5:0x0000efff x29=0xffffffff
       14155000	      1316	8000328c	0001	c.addi	x0,0	  x0:0x00000000  x0=0x00000000
       14165000	      1317	8000328e	00001717	auipc	x14,0x1	 x14=0x8000428e
       14175000	      1318	80003292	ef670713	addi	x14,x14,-266	 x14:0x8000428e x14=0x80004184
       14185000	      1319	80003296	0e08	c.addi4spn	x10,x2,784	 x10=0x90cf0eec
       14195000	      1320	80003298	19a70713	addi	x14,x14,410	 x14:0x80004184 x14=0x8000431e
       14205000	      1321	8000329c	01391ab3	sll	x21,x18,x19	 x18:0x80022cfe x19:0x00000000 x21=0x80022cfe
       14235000	      1324	800032a0	02f90db3	mul	x27,x18,x15	 x18:0x80022cfe x15:0x0000000d x27=0x801c48e6
       14245000	      1325	800032a4	e6770767	jalr	x14,-409(x14)	 x14:0x8000431e x14=0x800032a8
       14265000	      1327	80004184	01a09d13	slli	x26,x1,0x1a	  x1:0x00000018 x26=0x60000000
       14275000	      1328	80004188	c291	c.beqz	x13,8000418c	 x13:0x00000050
       14285000	      1329	8000418a	87d2	c.mv	x15,x20	  x0:0x00000000 x20:0x80003281 x15=0x80003281
       14295000	      1330	8000418c	fc848493	addi	x9,x9,-56	  x9:0x8001ee64  x9=0x8001ee2c
       14305000	      1331	80004190	005e5c33	srl	x24,x28,x5	 x28:0x00003000  x5:0x0000efff x24=0x00000000
       14315000	      1332	80004194	c0d8	c.sw	x14,4(x9)	  x9:0x8001ee2c x14:0x800032a8 PA:0x8001ee30 store:0x800032a8 load:0x00000000
       14325000	      1333	80004196	cc60fd13	andi	x26,x1,-826	  x1:0x00000018 x26=0x00000000
       14335000	      1334	8000419a	0140076f	jal	x14,800041ae	 x14=0x8000419e
       14355000	      1336	800041ae	3ffd	c.jal	800041ac	  x1=0x800041b0
       14375000	      1338	800041ac	bfe5	c.j	800041a4	
       14395000	      1340	800041a4	a811	c.j	800041b8	
       14415000	      1342	800041b8	37dd	c.jal	8000419e	  x1=0x800041ba
       14445000	      1345	8000419e	00a000ef	jal	x1,800041a8	  x1=0x800041a2
       14465000	      1347	800041a8	00c0036f	jal	x6,800041b4	  x6=0x800041ac
       14485000	      1349	800041b4	ff3ff0ef	jal	x1,800041a6	  x1=0x800041b8
       14505000	      1351	800041a6	bff5	c.j	800041a2	
       14525000	      1353	800041a2	a039	c.j	800041b0	
       14545000	      1355	800041b0	a009	c.j	800041b2	
       14565000	      1357	800041b2	2021	c.jal	800041ba	  x1=0x800041b4
       14585000	      1359	800041ba	2009	c.jal	800041bc	  x1=0x800041bc
       14605000	      1361	800041bc	018ec7b3	xor	x15,x29,x24	 x29:0xffffffff x24:0x00000000 x15=0xffffffff
       14615000	      1362	800041c0	0060076f	jal	x14,800041c6	 x14=0x800041c4
       14645000	      1365	800041c6	030000ef	jal	x1,800041f6	  x1=0x800041ca
       14665000	      1367	800041f6	3fe5	c.jal	800041ee	  x1=0x800041f8
       14695000	      1370	800041ee	fd7ff0ef	jal	x1,800041c4	  x1=0x800041f2
       14715000	      1372	800041c4	a021	c.j	800041cc	
       14735000	      1374	800041cc	018000ef	jal	x1,800041e4	  x1=0x800041d0
       14755000	      1376	800041e4	37fd	c.jal	800041d2	  x1=0x800041e6
       14775000	      1378	800041d2	2029	c.jal	800041dc	  x1=0x800041d4
       14795000	      1380	800041dc	bfe5	c.j	800041d4	
       14815000	      1382	800041d4	01e0056f	jal	x10,800041f2	 x10=0x800041d8
       14835000	      1384	800041f2	a019	c.j	800041f8	
       14855000	      1386	800041f8	bfe1	c.j	800041d0	
       14875000	      1388	800041d0	a021	c.j	800041d8	
       14895000	      1390	800041d8	2831	c.jal	800041f4	  x1=0x800041da
       14915000	      1392	800041f4	37fd	c.jal	800041e2	  x1=0x800041f6
       14935000	      1394	800041e2	a011	c.j	800041e6	
       14955000	      1396	800041e6	2009	c.jal	800041e8	  x1=0x800041e8
       14975000	      1398	800041e8	37cd	c.jal	800041ca	  x1=0x800041ea
       14995000	      1400	800041ca	2005	c.jal	800041ea	  x1=0x800041cc
       15025000	      1403	800041ea	ff5ff0ef	jal	x1,800041de	  x1=0x800041ee
       15055000	      1406	800041de	ffdfffef	jal	x31,800041da	 x31=0x800041e2
       15075000	      1408	800041da	a005	c.j	800041fa	
       15105000	      1411	800041fa	0000100f	fence.i	
       15135000	      1414	800041fe	0360076f	jal	x14,80004234	 x14=0x80004202
       15155000	      1416	80004234	0160046f	jal	x8,8000424a	  x8=0x80004238
       15175000	      1418	8000424a	3fd5	c.jal	8000423e	  x1=0x8000424c
       15195000	      1420	8000423e	b7f5	c.j	8000422a	
       15225000	      1423	8000422a	00e00fef	jal	x31,80004238	 x31=0x8000422e
       15245000	      1425	80004238	fcbff0ef	jal	x1,80004202	  x1=0x8000423c
       15275000	      1428	80004202	03e008ef	jal	x17,80004240	 x17=0x80004206
       15295000	      1430	80004240	37c5	c.jal	80004220	  x1=0x80004242
       15315000	      1432	80004220	3fe5	c.jal	80004218	  x1=0x80004222
       15335000	      1434	80004218	bfd5	c.j	8000420c	
       15355000	      1436	8000420c	a0a1	c.j	80004254	
       15375000	      1438	80004254	fd1ff0ef	jal	x1,80004224	  x1=0x80004258
       15395000	      1440	80004224	fffff36f	jal	x6,80004222	  x6=0x80004228
       15415000	      1442	80004222	3ff5	c.jal	8000421e	  x1=0x80004224
       15435000	      1444	8000421e	3fdd	c.jal	80004214	  x1=0x80004220
       15455000	      1446	80004214	038000ef	jal	x1,8000424c	  x1=0x80004218
       15475000	      1448	8000424c	fc5ff3ef	jal	x7,80004210	  x7=0x80004250
       15495000	      1450	80004210	01e0076f	jal	x14,8000422e	 x14=0x80004214
       15515000	      1452	8000422e	2829	c.jal	80004248	  x1=0x80004230
       15535000	      1454	80004248	37c1	c.jal	80004208	  x1=0x8000424a
       15555000	      1456	80004208	028001ef	jal	x3,80004230	  x3=0x8000420c
       15575000	      1458	80004230	02000cef	jal	x25,80004250	 x25=0x80004234
       15595000	      1460	80004250	ff5ff0ef	jal	x1,80004244	  x1=0x80004254
       15615000	      1462	80004244	fe5fffef	jal	x31,80004228	 x31=0x80004248
       15635000	      1464	80004228	2829	c.jal	80004242	  x1=0x8000422a
       15655000	      1466	80004242	3fe1	c.jal	8000421a	  x1=0x80004244
       15675000	      1468	8000421a	b7f5	c.j	80004206	
       15695000	      1470	80004206	2021	c.jal	8000420e	  x1=0x80004208
       15715000	      1472	8000420e	2039	c.jal	8000421c	  x1=0x80004210
       15735000	      1474	8000421c	2005	c.jal	8000423c	  x1=0x8000421e
       15755000	      1476	8000423c	a831	c.j	80004258	
       15775000	      1478	80004258	01a327b3	slt	x15,x6,x26	  x6:0x80004228 x26:0x00000000 x15=0x00000001
       15785000	      1479	8000425c	01e0076f	jal	x14,8000427a	 x14=0x80004260
       15815000	      1482	8000427a	008000ef	jal	x1,80004282	  x1=0x8000427e
       15835000	      1484	80004282	b7fd	c.j	80004270	
       15855000	      1486	80004270	00e002ef	jal	x5,8000427e	  x5=0x80004274
       15885000	      1489	8000427e	fefff0ef	jal	x1,8000426c	  x1=0x80004282
       15905000	      1491	8000426c	008000ef	jal	x1,80004274	  x1=0x80004270
       15925000	      1493	80004274	a801	c.j	80004284	
       15945000	      1495	80004284	2811	c.jal	80004298	  x1=0x80004286
       15965000	      1497	80004298	fcdff36f	jal	x6,80004264	  x6=0x8000429c
       15985000	      1499	80004264	bff5	c.j	80004260	
       16005000	      1501	80004260	a025	c.j	80004288	
       16025000	      1503	80004288	a811	c.j	8000429c	
       16045000	      1505	8000429c	37ed	c.jal	80004286	  x1=0x8000429e
       16065000	      1507	80004286	bff1	c.j	80004262	
       16085000	      1509	80004262	a835	c.j	8000429e	
       16115000	      1512	8000429e	fedff0ef	jal	x1,8000428a	  x1=0x800042a2
       16135000	      1514	8000428a	3ff1	c.jal	80004266	  x1=0x8000428c
       16155000	      1516	80004266	202d	c.jal	80004290	  x1=0x80004268
       16175000	      1518	80004290	fd9ff0ef	jal	x1,80004268	  x1=0x80004294
       16195000	      1520	80004268	024000ef	jal	x1,8000428c	  x1=0x8000426c
       16215000	      1522	8000428c	0080036f	jal	x6,80004294	  x6=0x80004290
       16235000	      1524	80004294	fe3ff0ef	jal	x1,80004276	  x1=0x80004298
       16265000	      1527	80004276	02c000ef	jal	x1,800042a2	  x1=0x8000427a
       16285000	      1529	800042a2	1c1c	c.addi4spn	x15,x2,560	 x15=0x90cf0e0c
       16295000	      1530	800042a4	0060076f	jal	x14,800042aa	 x14=0x800042a8
       16315000	      1532	800042aa	2825	c.jal	800042e2	  x1=0x800042ac
       16345000	      1535	800042e2	ffdff0ef	jal	x1,800042de	  x1=0x800042e6
       16365000	      1537	800042de	3ff5	c.jal	800042da	  x1=0x800042e0
       16395000	      1540	800042da	fd7ff36f	jal	x6,800042b0	  x6=0x800042de
       16415000	      1542	800042b0	01800bef	jal	x23,800042c8	 x23=0x800042b4
       16435000	      1544	800042c8	3fed	c.jal	800042c2	  x1=0x800042ca
       16455000	      1546	800042c2	b7dd	c.j	800042a8	
       16475000	      1548	800042a8	2809	c.jal	800042ba	  x1=0x800042aa
       16495000	      1550	800042ba	a801	c.j	800042ca	
       16525000	      1553	800042ca	febffeef	jal	x29,800042b4	 x29=0x800042ce
       16545000	      1555	800042b4	0320036f	jal	x6,800042e6	  x6=0x800042b8
       16575000	      1558	800042e6	fe9ff0ef	jal	x1,800042ce	  x1=0x800042ea
       16595000	      1560	800042ce	2831	c.jal	800042ea	  x1=0x800042d0
       16615000	      1562	800042ea	3fdd	c.jal	800042e0	  x1=0x800042ec
       16635000	      1564	800042e0	3fe5	c.jal	800042d8	  x1=0x800042e2
       16655000	      1566	800042d8	37dd	c.jal	800042be	  x1=0x800042da
       16685000	      1569	800042be	01200a6f	jal	x20,800042d0	 x20=0x800042c2
       16705000	      1571	800042d0	01c0036f	jal	x6,800042ec	  x6=0x800042d4
       16725000	      1573	800042ec	fc1ff36f	jal	x6,800042ac	  x6=0x800042f0
       16745000	      1575	800042ac	2801	c.jal	800042bc	  x1=0x800042ae
       16765000	      1577	800042bc	bff5	c.j	800042b8	
       16785000	      1579	800042b8	2839	c.jal	800042d6	  x1=0x800042ba
       16805000	      1581	800042d6	37fd	c.jal	800042c4	  x1=0x800042d8
       16825000	      1583	800042c4	030007ef	jal	x15,800042f4	 x15=0x800042c8
       16845000	      1585	800042f4	3ff5	c.jal	800042f0	  x1=0x800042f6
       16865000	      1587	800042f0	fe5ff0ef	jal	x1,800042d4	  x1=0x800042f4
       16885000	      1589	800042d4	3fe9	c.jal	800042ae	  x1=0x800042d6
       16905000	      1591	800042ae	a0a1	c.j	800042f6	
       16925000	      1593	800042f6	8ec9	c.or	x13,x10	 x13:0x00000050 x10:0x800041d8 x13=0x800041d8
       16935000	      1594	800042f8	0200076f	jal	x14,80004318	 x14=0x800042fc
       16955000	      1596	80004318	fe9ff0ef	jal	x1,80004300	  x1=0x8000431c
       16975000	      1598	80004300	2031	c.jal	8000430c	  x1=0x80004302
       16995000	      1600	8000430c	3ff5	c.jal	80004308	  x1=0x8000430e
       17015000	      1602	80004308	a029	c.j	80004312	
       17045000	      1605	80004312	ff9ff36f	jal	x6,8000430a	  x6=0x80004316
       17065000	      1607	8000430a	a809	c.j	8000431c	
       17085000	      1609	8000431c	febff0ef	jal	x1,80004306	  x1=0x80004320
       17105000	      1611	80004306	2801	c.jal	80004316	  x1=0x80004308
       17125000	      1613	80004316	37dd	c.jal	800042fc	  x1=0x80004318
       17145000	      1615	800042fc	a019	c.j	80004302	
       17175000	      1618	80004302	ffdffcef	jal	x25,800042fe	 x25=0x80004306
       17195000	      1620	800042fe	a00d	c.j	80004320	
       17215000	      1622	80004320	2009	c.jal	80004322	  x1=0x80004322
       17235000	      1624	80004322	37f5	c.jal	8000430e	  x1=0x80004324
       17265000	      1627	8000430e	016000ef	jal	x1,80004324	  x1=0x80004312
       17285000	      1629	80004324	8c69	c.and	x8,x10	  x8:0x80004238 x10:0x800041d8  x8=0x80004018
       17295000	      1630	80004326	0280076f	jal	x14,8000434e	 x14=0x8000432a
       17315000	      1632	8000434e	a031	c.j	8000435a	
       17335000	      1634	8000435a	37dd	c.jal	80004340	  x1=0x8000435c
       17355000	      1636	80004340	0200036f	jal	x6,80004360	  x6=0x80004344
       17375000	      1638	80004360	b7f5	c.j	8000434c	
       17395000	      1640	8000434c	2821	c.jal	80004364	  x1=0x8000434e
       17415000	      1642	80004364	fc7ff36f	jal	x6,8000432a	  x6=0x80004368
       17435000	      1644	8000432a	283d	c.jal	80004368	  x1=0x8000432c
       17455000	      1646	80004368	37ed	c.jal	80004352	  x1=0x8000436a
       17475000	      1648	80004352	2821	c.jal	8000436a	  x1=0x80004354
       17505000	      1651	8000436a	fcfff0ef	jal	x1,80004338	  x1=0x8000436e
       17525000	      1653	80004338	02a000ef	jal	x1,80004362	  x1=0x8000433c
       17545000	      1655	80004362	3fed	c.jal	8000435c	  x1=0x80004364
       17565000	      1657	8000435c	bfc1	c.j	8000432c	
       17585000	      1659	8000432c	a02d	c.j	80004356	
       17605000	      1661	80004356	2021	c.jal	8000435e	  x1=0x80004358
       17625000	      1663	8000435e	37dd	c.jal	80004344	  x1=0x80004360
       17645000	      1665	80004344	febff2ef	jal	x5,8000432e	  x5=0x80004348
       17675000	      1668	8000432e	006000ef	jal	x1,80004334	  x1=0x80004332
       17695000	      1670	80004334	a005	c.j	80004354	
       17715000	      1672	80004354	37e5	c.jal	8000433c	  x1=0x80004356
       17735000	      1674	8000433c	00c000ef	jal	x1,80004348	  x1=0x80004340
       17755000	      1676	80004348	fefff36f	jal	x6,80004336	  x6=0x8000434c
       17775000	      1678	80004336	bff5	c.j	80004332	
       17795000	      1680	80004332	201d	c.jal	80004358	  x1=0x80004334
       17815000	      1682	80004358	3fe5	c.jal	80004350	  x1=0x8000435a
       17835000	      1684	80004350	2839	c.jal	8000436e	  x1=0x80004352
       17855000	      1686	8000436e	8eba	c.mv	x29,x14	  x0:0x00000000 x14:0x8000432a x29=0x8000432a
       17865000	      1687	80004370	0240076f	jal	x14,80004394	 x14=0x80004374
       17885000	      1689	80004394	a801	c.j	800043a4	
       17905000	      1691	800043a4	bfc9	c.j	80004376	
       17935000	      1694	80004376	02c000ef	jal	x1,800043a2	  x1=0x8000437a
       17955000	      1696	800043a2	a021	c.j	800043aa	
       17975000	      1698	800043aa	3fc5	c.jal	8000439a	  x1=0x800043ac
       17995000	      1700	8000439a	3fe9	c.jal	80004374	  x1=0x8000439c
       18015000	      1702	80004374	a825	c.j	800043ac	
       18035000	      1704	800043ac	fd7ff0ef	jal	x1,80004382	  x1=0x800043b0
       18055000	      1706	80004382	280d	c.jal	800043b4	  x1=0x80004384
       18075000	      1708	800043b4	3ff5	c.jal	800043b0	  x1=0x800043b6
       18095000	      1710	800043b0	fedffe6f	jal	x28,8000439c	 x28=0x800043b4
       18115000	      1712	8000439c	3fd5	c.jal	80004390	  x1=0x8000439e
       18135000	      1714	80004390	00e000ef	jal	x1,8000439e	  x1=0x80004394
       18165000	      1717	8000439e	0200036f	jal	x6,800043be	  x6=0x800043a2
       18185000	      1719	800043be	b7f1	c.j	8000438a	
       18215000	      1722	8000438a	030000ef	jal	x1,800043ba	  x1=0x8000438e
       18235000	      1724	800043ba	37f5	c.jal	800043a6	  x1=0x800043bc
       18255000	      1726	800043a6	bff9	c.j	80004384	
       18275000	      1728	80004384	0040036f	jal	x6,80004388	  x6=0x80004388
       18295000	      1730	80004388	2815	c.jal	800043bc	  x1=0x8000438a
       18315000	      1732	800043bc	bfc9	c.j	8000438e	
       18335000	      1734	8000438e	b7f5	c.j	8000437a	
       18365000	      1737	8000437a	0040036f	jal	x6,8000437e	  x6=0x8000437e
       18395000	      1740	8000437e	02a000ef	jal	x1,800043a8	  x1=0x80004382
       18415000	      1742	800043a8	a039	c.j	800043b6	
       18445000	      1745	800043b6	fe1ffcef	jal	x25,80004396	 x25=0x800043ba
       18475000	      1748	80004396	02a000ef	jal	x1,800043c0	  x1=0x8000439a
       18495000	      1750	800043c0	9b92	c.add	x23,x4	 x23:0x800042b4  x4:0x00000000 x23=0x800042b4
       18505000	      1751	800043c2	0100076f	jal	x14,800043d2	 x14=0x800043c6
       18525000	      1753	800043d2	2015	c.jal	800043f6	  x1=0x800043d4
       18545000	      1755	800043f6	bfd5	c.j	800043ea	
       18565000	      1757	800043ea	a819	c.j	80004400	
       18585000	      1759	80004400	3fd1	c.jal	800043d4	  x1=0x80004402
       18605000	      1761	800043d4	a029	c.j	800043de	
       18625000	      1763	800043de	2009	c.jal	800043e0	  x1=0x800043e0
       18645000	      1765	800043e0	a839	c.j	800043fe	
       18665000	      1767	800043fe	a011	c.j	80004402	
       18695000	      1770	80004402	fc5ff1ef	jal	x3,800043c6	  x3=0x80004406
       18715000	      1772	800043c6	2801	c.jal	800043d6	  x1=0x800043c8
       18745000	      1775	800043d6	016000ef	jal	x1,800043ec	  x1=0x800043da
       18765000	      1777	800043ec	37d5	c.jal	800043d0	  x1=0x800043ee
       18785000	      1779	800043d0	2025	c.jal	800043f8	  x1=0x800043d2
       18805000	      1781	800043f8	3fc9	c.jal	800043ca	  x1=0x800043fa
       18825000	      1783	800043ca	a821	c.j	800043e2	
       18845000	      1785	800043e2	2009	c.jal	800043e4	  x1=0x800043e4
       18865000	      1787	800043e4	fe9ff0ef	jal	x1,800043cc	  x1=0x800043e8
       18885000	      1789	800043cc	022000ef	jal	x1,800043ee	  x1=0x800043d0
       18915000	      1792	800043ee	fedff0ef	jal	x1,800043da	  x1=0x800043f2
       18935000	      1794	800043da	a821	c.j	800043f2	
       18965000	      1797	800043f2	ff7ff0ef	jal	x1,800043e8	  x1=0x800043f6
       18985000	      1799	800043e8	a809	c.j	800043fa	
       19015000	      1802	800043fa	fcfff0ef	jal	x1,800043c8	  x1=0x800043fe
       19035000	      1804	800043c8	a811	c.j	800043dc	
       19055000	      1806	800043dc	202d	c.jal	80004406	  x1=0x800043de
       19445000	      1845	80004406	03985cb3	divu	x25,x16,x25	 x16:0x00000000 x25:0x800043ba x25=0x00000000
       19455000	      1846	8000440a	0040076f	jal	x14,8000440e	 x14=0x8000440e
       19475000	      1848	8000440e	a021	c.j	80004416	
       19495000	      1850	80004416	2021	c.jal	8000441e	  x1=0x80004418
       19515000	      1852	8000441e	2035	c.jal	8000444a	  x1=0x80004420
       19535000	      1854	8000444a	3fd9	c.jal	80004420	  x1=0x8000444c
       19555000	      1856	80004420	2829	c.jal	8000443a	  x1=0x80004422
       19585000	      1859	8000443a	fe9ff36f	jal	x6,80004422	  x6=0x8000443e
       19615000	      1862	80004422	008001ef	jal	x3,8000442a	  x3=0x80004426
       19635000	      1864	8000442a	2829	c.jal	80004444	  x1=0x8000442c
       19655000	      1866	80004444	3fcd	c.jal	80004436	  x1=0x80004446
       19675000	      1868	80004436	b7cd	c.j	80004418	
       19695000	      1870	80004418	a011	c.j	8000441c	
       19715000	      1872	8000441c	bfe5	c.j	80004414	
       19735000	      1874	80004414	2005	c.jal	80004434	  x1=0x80004416
       19755000	      1876	80004434	3fe5	c.jal	8000442c	  x1=0x80004436
       19775000	      1878	8000442c	01a000ef	jal	x1,80004446	  x1=0x80004430
       19805000	      1881	80004446	ff9ff0ef	jal	x1,8000443e	  x1=0x8000444a
       19825000	      1883	8000443e	3ff1	c.jal	8000441a	  x1=0x80004440
       19845000	      1885	8000441a	bfdd	c.j	80004410	
       19865000	      1887	80004410	020008ef	jal	x17,80004430	 x17=0x80004414
       19885000	      1889	80004430	2021	c.jal	80004438	  x1=0x80004432
       19905000	      1891	80004438	3fc5	c.jal	80004428	  x1=0x8000443a
       19925000	      1893	80004428	a029	c.j	80004432	
       19945000	      1895	80004432	3fd5	c.jal	80004426	  x1=0x80004434
       19965000	      1897	80004426	a829	c.j	80004440	
       19985000	      1899	80004440	00c0036f	jal	x6,8000444c	  x6=0x80004444
       20005000	      1901	8000444c	8ea9	c.xor	x13,x10	 x13:0x800041d8 x10:0x800041d8 x13=0x00000000
       20015000	      1902	8000444e	00c0076f	jal	x14,8000445a	 x14=0x80004452
       20045000	      1905	8000445a	012000ef	jal	x1,8000446c	  x1=0x8000445e
       20065000	      1907	8000446c	3ffd	c.jal	8000446a	  x1=0x8000446e
       20085000	      1909	8000446a	a809	c.j	8000447c	
       20105000	      1911	8000447c	bfdd	c.j	80004472	
       20135000	      1914	80004472	fe7ff0ef	jal	x1,80004458	  x1=0x80004476
       20155000	      1916	80004458	2801	c.jal	80004468	  x1=0x8000445a
       20175000	      1918	80004468	a809	c.j	8000447a	
       20195000	      1920	8000447a	2029	c.jal	80004484	  x1=0x8000447c
       20215000	      1922	80004484	ffdff0ef	jal	x1,80004480	  x1=0x80004488
       20235000	      1924	80004480	fe3ff0ef	jal	x1,80004462	  x1=0x80004484
       20255000	      1926	80004462	bfc5	c.j	80004452	
       20275000	      1928	80004452	a015	c.j	80004476	
       20305000	      1931	80004476	febff0ef	jal	x1,80004460	  x1=0x8000447a
       20325000	      1933	80004460	3fd5	c.jal	80004454	  x1=0x80004462
       20345000	      1935	80004454	01a000ef	jal	x1,8000446e	  x1=0x80004458
       20375000	      1938	8000446e	0100036f	jal	x6,8000447e	  x6=0x80004472
       20395000	      1940	8000447e	2029	c.jal	80004488	  x1=0x80004480
       20415000	      1942	80004488	bfd9	c.j	8000445e	
       20435000	      1944	8000445e	a019	c.j	80004464	
       20455000	      1946	80004464	0260026f	jal	x4,8000448a	  x4=0x80004468
       20475000	      1948	8000448a	8afd	c.andi	x13,31	 x13:0x00000000 x13=0x00000000
       20485000	      1949	8000448c	0180076f	jal	x14,800044a4	 x14=0x80004490
       20505000	      1951	800044a4	ff9ff36f	jal	x6,8000449c	  x6=0x800044a8
       20525000	      1953	8000449c	2031	c.jal	800044a8	  x1=0x8000449e
       20545000	      1955	800044a8	2029	c.jal	800044b2	  x1=0x800044aa
       20565000	      1957	800044b2	bff5	c.j	800044ae	
       20585000	      1959	800044ae	2009	c.jal	800044b0	  x1=0x800044b0
       20605000	      1961	800044b0	37d5	c.jal	80004494	  x1=0x800044b2
       20625000	      1963	80004494	2819	c.jal	800044aa	  x1=0x80004496
       20655000	      1966	800044aa	014000ef	jal	x1,800044be	  x1=0x800044ae
       20675000	      1968	800044be	3fe9	c.jal	80004498	  x1=0x800044c0
       20695000	      1970	80004498	2009	c.jal	8000449a	  x1=0x8000449a
       20715000	      1972	8000449a	a829	c.j	800044b4	
       20735000	      1974	800044b4	00c000ef	jal	x1,800044c0	  x1=0x800044b8
       20755000	      1976	800044c0	ff9ff6ef	jal	x13,800044b8	 x13=0x800044c4
       20775000	      1978	800044b8	fe7ff0ef	jal	x1,8000449e	  x1=0x800044bc
       20805000	      1981	8000449e	01e000ef	jal	x1,800044bc	  x1=0x800044a2
       20825000	      1983	800044bc	3fd1	c.jal	80004490	  x1=0x800044be
       20845000	      1985	80004490	012000ef	jal	x1,800044a2	  x1=0x80004494
       20865000	      1987	800044a2	bfd5	c.j	80004496	
       20885000	      1989	80004496	203d	c.jal	800044c4	  x1=0x80004498
       20905000	      1991	800044c4	1280	c.addi4spn	x8,x2,352	  x8=0x90cf0d3c
       20915000	      1992	800044c6	0100076f	jal	x14,800044d6	 x14=0x800044ca
       20945000	      1995	800044d6	01a000ef	jal	x1,800044f0	  x1=0x800044da
       20965000	      1997	800044f0	2011	c.jal	800044f4	  x1=0x800044f2
       20985000	      1999	800044f4	3fc5	c.jal	800044e4	  x1=0x800044f6
       21005000	      2001	800044e4	a029	c.j	800044ee	
       21025000	      2003	800044ee	b7cd	c.j	800044d0	
       21045000	      2005	800044d0	3ff5	c.jal	800044cc	  x1=0x800044d2
       21065000	      2007	800044cc	a81d	c.j	80004502	
       21095000	      2010	80004502	fd9ff36f	jal	x6,800044da	  x6=0x80004506
       21125000	      2013	800044da	026000ef	jal	x1,80004500	  x1=0x800044de
       21145000	      2015	80004500	3fdd	c.jal	800044f6	  x1=0x80004502
       21175000	      2018	800044f6	0100036f	jal	x6,80004506	  x6=0x800044fa
       21195000	      2020	80004506	a011	c.j	8000450a	
       21215000	      2022	8000450a	2009	c.jal	8000450c	  x1=0x8000450c
       21235000	      2024	8000450c	fdbff36f	jal	x6,800044e6	  x6=0x80004510
       21265000	      2027	800044e6	018000ef	jal	x1,800044fe	  x1=0x800044ea
       21285000	      2029	800044fe	3ff5	c.jal	800044fa	  x1=0x80004500
       21315000	      2032	800044fa	fd5ff0ef	jal	x1,800044ce	  x1=0x800044fe
       21335000	      2034	800044ce	2011	c.jal	800044d2	  x1=0x800044d0
       21365000	      2037	800044d2	010000ef	jal	x1,800044e2	  x1=0x800044d6
       21385000	      2039	800044e2	37e5	c.jal	800044ca	  x1=0x800044e4
       21405000	      2041	800044ca	a83d	c.j	80004508	
       21425000	      2043	80004508	37cd	c.jal	800044ea	  x1=0x8000450a
       21455000	      2046	800044ea	ff5ff0ef	jal	x1,800044de	  x1=0x800044ee
       21485000	      2049	800044de	0140036f	jal	x6,800044f2	  x6=0x800044e2
       21505000	      2051	800044f2	2839	c.jal	80004510	  x1=0x800044f4
       21525000	      2053	80004510	001a30b3	sltu	x1,x20,x1	 x20:0x800042c2  x1:0x800044f4  x1=0x00000001
       21535000	      2054	80004514	0140076f	jal	x14,80004528	 x14=0x80004518
       21555000	      2056	80004528	0100036f	jal	x6,80004538	  x6=0x8000452c
       21575000	      2058	80004538	a019	c.j	8000453e	
       21595000	      2060	8000453e	b7e5	c.j	80004526	
       21615000	      2062	80004526	bfe5	c.j	8000451e	
       21645000	      2065	8000451e	034000ef	jal	x1,80004552	  x1=0x80004522
       21665000	      2067	80004552	bfc1	c.j	80004522	
       21695000	      2070	80004522	022000ef	jal	x1,80004544	  x1=0x80004526
       21715000	      2072	80004544	ff1ff0ef	jal	x1,80004534	  x1=0x80004548
       21735000	      2074	80004534	a035	c.j	80004560	
       21755000	      2076	80004560	b7c5	c.j	80004540	
       21775000	      2078	80004540	ffdff0ef	jal	x1,8000453c	  x1=0x80004544
       21795000	      2080	8000453c	a821	c.j	80004554	
       21815000	      2082	80004554	fc5ff16f	jal	x2,80004518	  x2=0x80004558
       21835000	      2084	80004518	2009	c.jal	8000451a	  x1=0x8000451a
       21855000	      2086	8000451a	a009	c.j	8000451c	
       21875000	      2088	8000451c	a081	c.j	8000455c	
       21895000	      2090	8000455c	ff1ff0ef	jal	x1,8000454c	  x1=0x80004560
       21915000	      2092	8000454c	004000ef	jal	x1,80004550	  x1=0x80004550
       21935000	      2094	80004550	bff1	c.j	8000452c	
       21955000	      2096	8000452c	2011	c.jal	80004530	  x1=0x8000452e
       21975000	      2098	80004530	0180026f	jal	x4,80004548	  x4=0x80004534
       21995000	      2100	80004548	010000ef	jal	x1,80004558	  x1=0x8000454c
       22015000	      2102	80004558	00a003ef	jal	x7,80004562	  x7=0x8000455c
       22035000	      2104	80004562	37f1	c.jal	8000452e	  x1=0x80004564
       22055000	      2106	8000452e	2021	c.jal	80004536	  x1=0x80004530
       22075000	      2108	80004536	2011	c.jal	8000453a	  x1=0x80004538
       22095000	      2110	8000453a	a02d	c.j	80004564	
       22115000	      2112	80004564	018deeb3	or	x29,x27,x24	 x27:0x801c48e6 x24:0x00000000 x29=0x801c48e6
       22125000	      2113	80004568	0140076f	jal	x14,8000457c	 x14=0x8000456c
       22145000	      2115	8000457c	00c00fef	jal	x31,80004588	 x31=0x80004580
       22165000	      2117	80004588	a809	c.j	8000459a	
       22185000	      2119	8000459a	bfe1	c.j	80004572	
       22205000	      2121	80004572	2831	c.jal	8000458e	  x1=0x80004574
       22235000	      2124	8000458e	ff7ff0ef	jal	x1,80004584	  x1=0x80004592
       22255000	      2126	80004584	3ffd	c.jal	80004582	  x1=0x80004586
       22275000	      2128	80004582	a029	c.j	8000458c	
       22295000	      2130	8000458c	b7d5	c.j	80004570	
       22315000	      2132	80004570	a801	c.j	80004580	
       22335000	      2134	80004580	a819	c.j	80004596	
       22365000	      2137	80004596	ffdff16f	jal	x2,80004592	  x2=0x8000459a
       22395000	      2140	80004592	ff5ff26f	jal	x4,80004586	  x4=0x80004596
       22415000	      2142	80004586	a011	c.j	8000458a	
       22435000	      2144	8000458a	b7fd	c.j	80004578	
       22455000	      2146	80004578	ff5ff0ef	jal	x1,8000456c	  x1=0x8000457c
       22475000	      2148	8000456c	0080036f	jal	x6,80004574	  x6=0x80004570
       22495000	      2150	80004574	0280016f	jal	x2,8000459c	  x2=0x80004578
       22515000	      2152	8000459c	01bdbe33	sltu	x28,x27,x27	 x27:0x801c48e6 x27:0x801c48e6 x28=0x00000000
       22525000	      2153	800045a0	0160076f	jal	x14,800045b6	 x14=0x800045a4
       22555000	      2156	800045b6	0080026f	jal	x4,800045be	  x4=0x800045ba
       22575000	      2158	800045be	2831	c.jal	800045da	  x1=0x800045c0
       22605000	      2161	800045da	ff3ff36f	jal	x6,800045cc	  x6=0x800045de
       22625000	      2163	800045cc	37c5	c.jal	800045ac	  x1=0x800045ce
       22645000	      2165	800045ac	2009	c.jal	800045ae	  x1=0x800045ae
       22665000	      2167	800045ae	bfdd	c.j	800045a4	
       22685000	      2169	800045a4	0240036f	jal	x6,800045c8	  x6=0x800045a8
       22705000	      2171	800045c8	fedff0ef	jal	x1,800045b4	  x1=0x800045cc
       22725000	      2173	800045b4	2829	c.jal	800045ce	  x1=0x800045b6
       22745000	      2175	800045ce	3fe5	c.jal	800045c6	  x1=0x800045d0
       22765000	      2177	800045c6	a029	c.j	800045d0	
       22785000	      2179	800045d0	ff1ff0ef	jal	x1,800045c0	  x1=0x800045d4
       22805000	      2181	800045c0	2009	c.jal	800045c2	  x1=0x800045c2
       22835000	      2184	800045c2	fe7ff0ef	jal	x1,800045a8	  x1=0x800045c6
       22855000	      2186	800045a8	02e002ef	jal	x5,800045d6	  x5=0x800045ac
       22885000	      2189	800045d6	fdbff2ef	jal	x5,800045b0	  x5=0x800045da
       22905000	      2191	800045b0	024000ef	jal	x1,800045d4	  x1=0x800045b4
       22925000	      2193	800045d4	37dd	c.jal	800045ba	  x1=0x800045d6
       22955000	      2196	800045ba	0240036f	jal	x6,800045de	  x6=0x800045be
       23015000	      2202	800045de	02e6bc33	mulhu	x24,x13,x14	 x13:0x800044c4 x14:0x800045a4 x24=0x40004534
       23025000	      2203	800045e2	0040076f	jal	x14,800045e6	 x14=0x800045e6
       23045000	      2205	800045e6	2015	c.jal	8000460a	  x1=0x800045e8
       23075000	      2208	8000460a	ff9ff0ef	jal	x1,80004602	  x1=0x8000460e
       23105000	      2211	80004602	028000ef	jal	x1,8000462a	  x1=0x80004606
       23135000	      2214	8000462a	006002ef	jal	x5,80004630	  x5=0x8000462e
       23155000	      2216	80004630	fd1ff0ef	jal	x1,80004600	  x1=0x80004634
       23175000	      2218	80004600	2039	c.jal	8000460e	  x1=0x80004602
       23205000	      2221	8000460e	fe3ff0ef	jal	x1,800045f0	  x1=0x80004612
       23225000	      2223	800045f0	ffdff6ef	jal	x13,800045ec	 x13=0x800045f4
       23245000	      2225	800045ec	a829	c.j	80004606	
       23265000	      2227	80004606	b7fd	c.j	800045f4	
       23285000	      2229	800045f4	006000ef	jal	x1,800045fa	  x1=0x800045f8
       23305000	      2231	800045fa	a829	c.j	80004614	
       23325000	      2233	80004614	ff5ff66f	jal	x12,80004608	 x12=0x80004618
       23345000	      2235	80004608	a809	c.j	8000461a	
       23365000	      2237	8000461a	b7cd	c.j	800045fc	
       23385000	      2239	800045fc	280d	c.jal	8000462e	  x1=0x800045fe
       23405000	      2241	8000462e	b7fd	c.j	8000461c	
       23425000	      2243	8000461c	3ff1	c.jal	800045f8	  x1=0x8000461e
       23445000	      2245	800045f8	a829	c.j	80004612	
       23465000	      2247	80004612	3fd9	c.jal	800045e8	  x1=0x80004614
       23485000	      2249	800045e8	03e00cef	jal	x25,80004626	 x25=0x800045ec
       23515000	      2252	80004626	ff9ff66f	jal	x12,8000461e	 x12=0x8000462a
       23545000	      2255	8000461e	ffbff96f	jal	x18,80004618	 x18=0x80004622
       23565000	      2257	80004618	2029	c.jal	80004622	  x1=0x8000461a
       23595000	      2260	80004622	fcdff46f	jal	x8,800045ee	  x8=0x80004626
       23615000	      2262	800045ee	a801	c.j	800045fe	
       23635000	      2264	800045fe	a81d	c.j	80004634	
       23655000	      2266	80004634	89aa	c.mv	x19,x10	  x0:0x00000000 x10:0x800041d8 x19=0x800041d8
       23665000	      2267	80004636	0040076f	jal	x14,8000463a	 x14=0x8000463a
       23695000	      2270	8000463a	016000ef	jal	x1,80004650	  x1=0x8000463e
       23715000	      2272	80004650	a009	c.j	80004652	
       23735000	      2274	80004652	37f5	c.jal	8000463e	  x1=0x80004654
       23765000	      2277	8000463e	00800def	jal	x27,80004646	 x27=0x80004642
       23795000	      2280	80004646	004000ef	jal	x1,8000464a	  x1=0x8000464a
       23815000	      2282	8000464a	a011	c.j	8000464e	
       23835000	      2284	8000464e	bffd	c.j	8000464c	
       23855000	      2286	8000464c	bfe5	c.j	80004644	
       23875000	      2288	80004644	3ffd	c.jal	80004642	  x1=0x80004646
       23895000	      2290	80004642	a809	c.j	80004654	
       23915000	      2292	80004654	013ebeb3	sltu	x29,x29,x19	 x29:0x801c48e6 x19:0x800041d8 x29=0x00000000
       23925000	      2293	80004658	0040076f	jal	x14,8000465c	 x14=0x8000465c
       23945000	      2295	8000465c	02e0036f	jal	x6,8000468a	  x6=0x80004660
       23965000	      2297	8000468a	bff5	c.j	80004686	
       23995000	      2300	80004686	ff9ff36f	jal	x6,8000467e	  x6=0x8000468a
       24015000	      2302	8000467e	3fdd	c.jal	80004674	  x1=0x80004680
       24035000	      2304	80004674	a009	c.j	80004676	
       24055000	      2306	80004676	a019	c.j	8000467c	
       24075000	      2308	8000467c	37d5	c.jal	80004660	  x1=0x8000467e
       24095000	      2310	80004660	2029	c.jal	8000466a	  x1=0x80004662
       24125000	      2313	8000466a	016000ef	jal	x1,80004680	  x1=0x8000466e
       24145000	      2315	80004680	2031	c.jal	8000468c	  x1=0x80004682
       24165000	      2317	8000468c	b7f5	c.j	80004678	
       24185000	      2319	80004678	01e00c6f	jal	x24,80004696	 x24=0x8000467c
       24205000	      2321	80004696	3ff1	c.jal	80004672	  x1=0x80004698
       24225000	      2323	80004672	200d	c.jal	80004694	  x1=0x80004674
       24245000	      2325	80004694	3ff1	c.jal	80004670	  x1=0x80004696
       24265000	      2327	80004670	3fdd	c.jal	80004666	  x1=0x80004672
       24295000	      2330	80004666	008000ef	jal	x1,8000466e	  x1=0x8000466a
       24315000	      2332	8000466e	2015	c.jal	80004692	  x1=0x80004670
       24335000	      2334	80004692	bfc9	c.j	80004664	
       24355000	      2336	80004664	bffd	c.j	80004662	
       24375000	      2338	80004662	2005	c.jal	80004682	  x1=0x80004664
       24405000	      2341	80004682	00c000ef	jal	x1,8000468e	  x1=0x80004686
       24435000	      2344	8000468e	00a000ef	jal	x1,80004698	  x1=0x80004692
       24455000	      2346	80004698	00de2e33	slt	x28,x28,x13	 x28:0x00000000 x13:0x800045f4 x28=0x00000000
       24465000	      2347	8000469c	02e0076f	jal	x14,800046ca	 x14=0x800046a0
       24485000	      2349	800046ca	bfcd	c.j	800046bc	
       24505000	      2351	800046bc	00a000ef	jal	x1,800046c6	  x1=0x800046c0
       24525000	      2353	800046c6	a039	c.j	800046d4	
       24545000	      2355	800046d4	fe5ff0ef	jal	x1,800046b8	  x1=0x800046d8
       24565000	      2357	800046b8	37f5	c.jal	800046a4	  x1=0x800046ba
       24585000	      2359	800046a4	006000ef	jal	x1,800046aa	  x1=0x800046a8
       24615000	      2362	800046aa	fffff16f	jal	x2,800046a8	  x2=0x800046ae
       24635000	      2364	800046a8	a025	c.j	800046d0	
       24655000	      2366	800046d0	ff1ff36f	jal	x6,800046c0	  x6=0x800046d4
       24675000	      2368	800046c0	ff3ff0ef	jal	x1,800046b2	  x1=0x800046c4
       24695000	      2370	800046b2	2809	c.jal	800046c4	  x1=0x800046b4
       24715000	      2372	800046c4	a811	c.j	800046d8	
       24735000	      2374	800046d8	bfd5	c.j	800046cc	
       24755000	      2376	800046cc	fefff0ef	jal	x1,800046ba	  x1=0x800046d0
       24775000	      2378	800046ba	bfd5	c.j	800046ae	
       24805000	      2381	800046ae	ff3ffe6f	jal	x28,800046a0	 x28=0x800046b2
       24825000	      2383	800046a0	0280016f	jal	x2,800046c8	  x2=0x800046a4
       24845000	      2385	800046c8	37fd	c.jal	800046b6	  x1=0x800046ca
       24865000	      2387	800046b6	3ffd	c.jal	800046b4	  x1=0x800046b8
       24885000	      2389	800046b4	201d	c.jal	800046da	  x1=0x800046b6
       24915000	      2392	800046da	ead67313	andi	x6,x12,-339	 x12:0x8000462a  x6=0x80004628
       24925000	      2393	800046de	0220076f	jal	x14,80004700	 x14=0x800046e2
       24945000	      2395	80004700	02a0036f	jal	x6,8000472a	  x6=0x80004704
       24965000	      2397	8000472a	37f5	c.jal	80004716	  x1=0x8000472c
       24995000	      2400	80004716	010008ef	jal	x17,80004726	 x17=0x8000471a
       25025000	      2403	80004726	fd9ff36f	jal	x6,800046fe	  x6=0x8000472a
       25045000	      2405	800046fe	a005	c.j	8000471e	
       25075000	      2408	8000471e	ff1ff26f	jal	x4,8000470e	  x4=0x80004722
       25105000	      2411	8000470e	02a000ef	jal	x1,80004738	  x1=0x80004712
       25125000	      2413	80004738	bff1	c.j	80004714	
       25145000	      2415	80004714	37c5	c.jal	800046f4	  x1=0x80004716
       25165000	      2417	800046f4	03c003ef	jal	x7,80004730	  x7=0x800046f8
       25185000	      2419	80004730	fc9ff56f	jal	x10,800046f8	 x10=0x80004734
       25205000	      2421	800046f8	bfed	c.j	800046f2	
       25225000	      2423	800046f2	a02d	c.j	8000471c	
       25245000	      2425	8000471c	bfd1	c.j	800046f0	
       25265000	      2427	800046f0	a835	c.j	8000472c	
       25285000	      2429	8000472c	fefffc6f	jal	x24,8000471a	 x24=0x80004730
       25305000	      2431	8000471a	bfd1	c.j	800046ee	
       25325000	      2433	800046ee	2831	c.jal	8000470a	  x1=0x800046f0
       25345000	      2435	8000470a	3ff5	c.jal	80004706	  x1=0x8000470c
       25375000	      2438	80004706	fe1ff76f	jal	x14,800046e6	 x14=0x8000470a
       25405000	      2441	800046e6	0140036f	jal	x6,800046fa	  x6=0x800046ea
       25435000	      2444	800046fa	febff36f	jal	x6,800046e4	  x6=0x800046fe
       25455000	      2446	800046e4	2025	c.jal	8000470c	  x1=0x800046e6
       25475000	      2448	8000470c	2819	c.jal	80004722	  x1=0x8000470e
       25505000	      2451	80004722	ff1ff0ef	jal	x1,80004712	  x1=0x80004726
       25525000	      2453	80004712	a00d	c.j	80004734	
       25545000	      2455	80004734	fb7ff96f	jal	x18,800046ea	 x18=0x80004738
       25575000	      2458	800046ea	01a0036f	jal	x6,80004704	  x6=0x800046ee
       25595000	      2460	80004704	3ff9	c.jal	800046e2	  x1=0x80004706
       25615000	      2462	800046e2	28a1	c.jal	8000473a	  x1=0x800046e4
       25645000	      2465	8000473a	0ff0000f	fence	iorw,iorw	
       25655000	      2466	8000473e	0160076f	jal	x14,80004754	 x14=0x80004742
       25675000	      2468	80004754	bfed	c.j	8000474e	
       25695000	      2470	8000474e	a835	c.j	8000478a	
       25725000	      2473	8000478a	ff3ff0ef	jal	x1,8000477c	  x1=0x8000478e
       25745000	      2475	8000477c	fcbff0ef	jal	x1,80004746	  x1=0x80004780
       25765000	      2477	80004746	a009	c.j	80004748	
       25785000	      2479	80004748	a035	c.j	80004774	
       25805000	      2481	80004774	00c000ef	jal	x1,80004780	  x1=0x80004778
       25825000	      2483	80004780	febff0ef	jal	x1,8000476a	  x1=0x80004784
       25855000	      2486	8000476a	fd9ff0ef	jal	x1,80004742	  x1=0x8000476e
       25885000	      2489	80004742	008000ef	jal	x1,8000474a	  x1=0x80004746
       25915000	      2492	8000474a	03a0036f	jal	x6,80004784	  x6=0x8000474e
       25935000	      2494	80004784	37c5	c.jal	80004764	  x1=0x80004786
       25955000	      2496	80004764	a039	c.j	80004772	
       25975000	      2498	80004772	37ed	c.jal	8000475c	  x1=0x80004774
       25995000	      2500	8000475c	02a000ef	jal	x1,80004786	  x1=0x80004760
       26025000	      2503	80004786	fd5ff36f	jal	x6,8000475a	  x6=0x8000478a
       26045000	      2505	8000475a	a005	c.j	8000477a	
       26065000	      2507	8000477a	b7f5	c.j	80004766	
       26095000	      2510	80004766	ffbff1ef	jal	x3,80004760	  x3=0x8000476a
       26115000	      2512	80004760	00e008ef	jal	x17,8000476e	 x17=0x80004764
       26145000	      2515	8000476e	fe9ff36f	jal	x6,80004756	  x6=0x80004772
       26175000	      2518	80004756	ffbfffef	jal	x31,80004750	 x31=0x8000475a
       26195000	      2520	80004750	0280036f	jal	x6,80004778	  x6=0x80004754
       26215000	      2522	80004778	a819	c.j	8000478e	
       26235000	      2524	8000478e	87ad	c.srai	x15,0xb	 x15:0x800042c8 x15=0xfff00008
       26245000	      2525	80004790	0360076f	jal	x14,800047c6	 x14=0x80004794
       26265000	      2527	800047c6	37c5	c.jal	800047a6	  x1=0x800047c8
       26285000	      2529	800047a6	a021	c.j	800047ae	
       26305000	      2531	800047ae	b7ed	c.j	80004798	
       26325000	      2533	80004798	280d	c.jal	800047ca	  x1=0x8000479a
       26345000	      2535	800047ca	a019	c.j	800047d0	
       26365000	      2537	800047d0	fe5ff36f	jal	x6,800047b4	  x6=0x800047d4
       26385000	      2539	800047b4	020003ef	jal	x7,800047d4	  x7=0x800047b8
       26405000	      2541	800047d4	fcdff0ef	jal	x1,800047a0	  x1=0x800047d8
       26425000	      2543	800047a0	a009	c.j	800047a2	
       26455000	      2546	800047a2	02000eef	jal	x29,800047c2	 x29=0x800047a6
       26475000	      2548	800047c2	bfed	c.j	800047bc	
       26495000	      2550	800047bc	004000ef	jal	x1,800047c0	  x1=0x800047c0
       26515000	      2552	800047c0	3fc5	c.jal	800047b0	  x1=0x800047c2
       26535000	      2554	800047b0	018000ef	jal	x1,800047c8	  x1=0x800047b4
       26555000	      2556	800047c8	b7cd	c.j	800047aa	
       26585000	      2559	800047aa	0220036f	jal	x6,800047cc	  x6=0x800047ae
       26605000	      2561	800047cc	fd1ff2ef	jal	x5,8000479c	  x5=0x800047d0
       26625000	      2563	8000479c	ff9ffa6f	jal	x20,80004794	 x20=0x800047a0
       26645000	      2565	80004794	0140036f	jal	x6,800047a8	  x6=0x80004798
       26665000	      2567	800047a8	a831	c.j	800047c4	
       26685000	      2569	800047c4	bfd5	c.j	800047b8	
       26705000	      2571	800047b8	fe3ff0ef	jal	x1,8000479a	  x1=0x800047bc
       26725000	      2573	8000479a	a83d	c.j	800047d8	
       26745000	      2575	800047d8	987d	c.andi	x8,-1	  x8:0x80004626  x8=0x80004626
       26755000	      2576	800047da	03e0076f	jal	x14,80004818	 x14=0x800047de
       26775000	      2578	80004818	bfd1	c.j	800047ec	
       26795000	      2580	800047ec	a009	c.j	800047ee	
       26815000	      2582	800047ee	2801	c.jal	800047fe	  x1=0x800047f0
       26835000	      2584	800047fe	b7f5	c.j	800047ea	
       26855000	      2586	800047ea	a035	c.j	80004816	
       26875000	      2588	80004816	a031	c.j	80004822	
       26895000	      2590	80004822	a011	c.j	80004826	
       26925000	      2593	80004826	ff7ff0ef	jal	x1,8000481c	  x1=0x8000482a
       26945000	      2595	8000481c	3fd1	c.jal	800047f0	  x1=0x8000481e
       26965000	      2597	800047f0	2815	c.jal	80004824	  x1=0x800047f2
       26985000	      2599	80004824	bf7d	c.j	800047e2	
       27015000	      2602	800047e2	04800eef	jal	x29,8000482a	 x29=0x800047e6
       27035000	      2604	8000482a	bfe1	c.j	80004802	
       27055000	      2606	80004802	a809	c.j	80004814	
       27075000	      2608	80004814	bff9	c.j	800047f2	
       27105000	      2611	800047f2	01e0036f	jal	x6,80004810	  x6=0x800047f6
       27125000	      2613	80004810	ff1fffef	jal	x31,80004800	 x31=0x80004814
       27145000	      2615	80004800	bff9	c.j	800047de	
       27165000	      2617	800047de	203d	c.jal	8000480c	  x1=0x800047e0
       27185000	      2619	8000480c	37fd	c.jal	800047fa	  x1=0x8000480e
       27215000	      2622	800047fa	ffdff26f	jal	x4,800047f6	  x4=0x800047fe
       27245000	      2625	800047f6	ff1ff0ef	jal	x1,800047e6	  x1=0x800047fa
       27275000	      2628	800047e6	034000ef	jal	x1,8000481a	  x1=0x800047ea
       27295000	      2630	8000481a	37fd	c.jal	80004808	  x1=0x8000481c
       27315000	      2632	80004808	016000ef	jal	x1,8000481e	  x1=0x8000480c
       27345000	      2635	8000481e	ff1ff2ef	jal	x5,8000480e	  x5=0x80004822
       27365000	      2637	8000480e	3fdd	c.jal	80004804	  x1=0x80004810
       27385000	      2639	80004804	fddff0ef	jal	x1,800047e0	  x1=0x80004808
       27405000	      2641	800047e0	20b1	c.jal	8000482c	  x1=0x800047e2
       27425000	      2643	8000482c	0000100f	fence.i	
       27445000	      2645	80004830	0040076f	jal	x14,80004834	 x14=0x80004834
       27465000	      2647	80004834	014002ef	jal	x5,80004848	  x5=0x80004838
       27485000	      2649	80004848	ff5ff0ef	jal	x1,8000483c	  x1=0x8000484c
       27505000	      2651	8000483c	a019	c.j	80004842	
       27525000	      2653	80004842	3fdd	c.jal	80004838	  x1=0x80004844
       27545000	      2655	80004838	2019	c.jal	8000483e	  x1=0x8000483a
       27565000	      2657	8000483e	2039	c.jal	8000484c	  x1=0x80004840
       27585000	      2659	8000484c	a809	c.j	8000485e	
       27615000	      2662	8000485e	fe3ff0ef	jal	x1,80004840	  x1=0x80004862
       27635000	      2664	80004840	a039	c.j	8000484e	
       27655000	      2666	8000484e	a031	c.j	8000485a	
       27675000	      2668	8000485a	bfdd	c.j	80004850	
       27695000	      2670	80004850	004000ef	jal	x1,80004854	  x1=0x80004854
       27715000	      2672	80004854	2009	c.jal	80004856	  x1=0x80004856
       27745000	      2675	80004856	0060036f	jal	x6,8000485c	  x6=0x8000485a
       27765000	      2677	8000485c	b7e5	c.j	80004844	
       27785000	      2679	80004844	ff7ff0ef	jal	x1,8000483a	  x1=0x80004848
       27805000	      2681	8000483a	2025	c.jal	80004862	  x1=0x8000483c
       27825000	      2683	80004862	0ace	c.slli	x21,0x13	 x21:0x80022cfe x21=0x67f00000
       27835000	      2684	80004864	0000100f	fence.i	
       27855000	      2686	80004868	40057097	auipc	x1,0x40057	  x1=0xc005b868
       27875000	      2688	8000486c	020b6d33	rem	x26,x22,x0	 x22:0xe7411c72  x0:0x00000000 x26=0xe7411c72
       27885000	      2689	80004870	0149ca63	blt	x19,x20,80004884	 x19:0x800041d8 x20:0x800047a0
       27905000	      2691	80004884	00969c93	slli	x25,x13,0x9	 x13:0x800045f4 x25=0x008be800
       27915000	      2692	80004888	01e48763	beq	x9,x30,80004896	  x9:0x8001ee2c x30:0x80022ce4
       27925000	      2693	8000488c	8449	c.srai	x8,0x12	  x8:0x80004626  x8=0xffffe000
       27935000	      2694	8000488e	d5fba213	slti	x4,x23,-673	 x23:0x800042b4  x4=0x00000001
       27945000	      2695	80004892	01c6d713	srli	x14,x13,0x1c	 x13:0x800045f4 x14=0x00000008
       27955000	      2696	80004896	400ffe13	andi	x28,x31,1024	 x31:0x80004814 x28=0x00000000
       27965000	      2697	8000489a	8f29	c.xor	x14,x10	 x14:0x00000008 x10:0x80004734 x14=0x8000473c
       27975000	      2698	8000489c	8e35	c.xor	x12,x13	 x12:0x8000462a x13:0x800045f4 x12=0x000003de
       27985000	      2699	8000489e	8d09	c.sub	x10,x10	 x10:0x80004734 x10:0x80004734 x10=0x00000000
       27995000	      2700	800048a0	01e1ba33	sltu	x20,x3,x30	  x3:0x8000476a x30:0x80022ce4 x20=0x00000001
       28005000	      2701	800048a4	717d	c.addi16sp	x2,-16	  x2:0x800046a4  x2=0x80004694
       28015000	      2702	800048a6	8f75	c.and	x14,x13	 x14:0x8000473c x13:0x800045f4 x14=0x80004534
       28025000	      2703	800048a8	61a1	c.lui	x3,0x8	  x3=0x00008000
       28035000	      2704	800048aa	74f8f293	andi	x5,x17,1871	 x17:0x80004764  x5=0x00000744
       28045000	      2705	800048ae	6469	c.lui	x8,0x1a	  x8=0x0001a000
       28055000	      2706	800048b0	40cad213	srai	x4,x21,0xc	 x21:0x67f00000  x4=0x00067f00
       28065000	      2707	800048b4	029c	c.addi4spn	x15,x2,320	 x15=0x800047d4
       28075000	      2708	800048b6	ea11	c.bnez	x12,800048ca	 x12:0x000003de
       28465000	      2747	800048ca	036267b3	rem	x15,x4,x22	  x4:0x00067f00 x22:0xe7411c72 x15=0x00067f00
       28475000	      2748	800048ce	40de8833	sub	x16,x29,x13	 x29:0x800047e6 x13:0x800045f4 x16=0x000001f2
       28485000	      2749	800048d2	0018d963	bge	x17,x1,800048e4	 x17:0x80004764  x1:0xc005b868
       28855000	      2786	800048d6	02204d33	div	x26,x0,x2	  x0:0x00000000  x2:0x80004694 x26=0x00000000
       28895000	      2790	800048da	030020b3	mulhsu	x1,x0,x16	  x0:0x00000000 x16:0x000001f2  x1=0x00000000
       28905000	      2791	800048de	0ff0000f	fence	iorw,iorw	
       28915000	      2792	800048e2	997d	c.andi	x10,-1	 x10:0x00000000 x10=0x00000000
       28925000	      2793	800048e4	0a9d	c.addi	x21,7	 x21:0x67f00000 x21=0x67f00007
       28935000	      2794	800048e6	00cedc63	bge	x29,x12,800048fe	 x29:0x800047e6 x12:0x000003de
       28965000	      2797	800048ea	02738e33	mul	x28,x7,x7	  x7:0x800047b8  x7:0x800047b8 x28=0x14179440
       29335000	      2834	800048ee	02b5c333	div	x6,x11,x11	 x11:0x894eacb4 x11:0x894eacb4  x6=0x00000001
       29705000	      2871	800048f2	022052b3	divu	x5,x0,x2	  x0:0x00000000  x2:0x80004694  x5=0x00000000
       29715000	      2872	800048f6	03948263	beq	x9,x25,8000491a	  x9:0x8001ee2c x25:0x008be800
       29725000	      2873	800048fa	bbabfa13	andi	x20,x23,-1094	 x23:0x800042b4 x20=0x800042b0
       29765000	      2877	800048fe	028817b3	mulh	x15,x16,x8	 x16:0x000001f2  x8:0x0001a000 x15=0x00000000
       29795000	      2880	80004902	023109b3	mul	x19,x2,x3	  x2:0x80004694  x3:0x00008000 x19=0x234a0000
       29805000	      2881	80004906	95496193	ori	x3,x18,-1708	 x18:0x80004738  x3=0xffffff7c
       29815000	      2882	8000490a	827d	c.srli	x12,0x1f	 x12:0x000003de x12=0x00000000
       29825000	      2883	8000490c	41285a93	srai	x21,x16,0x12	 x16:0x000001f2 x21=0x00000000
       29865000	      2887	80004910	02c716b3	mulh	x13,x14,x12	 x14:0x80004534 x12:0x00000000 x13=0x00000000
       29875000	      2888	80004914	876a	c.mv	x14,x26	  x0:0x00000000 x26:0x00000000 x14=0x00000000
       29885000	      2889	80004916	42acea93	ori	x21,x25,1066	 x25:0x008be800 x21=0x008bec2a
       30255000	      2926	8000491a	03f46333	rem	x6,x8,x31	  x8:0x0001a000 x31:0x80004814  x6=0x0001a000
       30265000	      2927	8000491e	8f21	c.xor	x14,x8	 x14:0x00000000  x8:0x0001a000 x14=0x0001a000
       30275000	      2928	80004920	9a5a	c.add	x20,x22	 x20:0x800042b0 x22:0xe7411c72 x20=0x67415f22
       30645000	      2965	80004922	02efd7b3	divu	x15,x31,x14	 x31:0x80004814 x14:0x0001a000 x15=0x00004ec5
       30655000	      2966	80004926	04cc4363	blt	x24,x12,8000496c	 x24:0x80004730 x12:0x00000000
       30675000	      2968	8000496c	57fd	c.li	x15,-1	 x15=0xffffffff
       30695000	      2970	8000496e	02dbe6b3	rem	x13,x23,x13	 x23:0x800042b4 x13:0x00000000 x13=0x800042b4
       30705000	      2971	80004972	00917733	and	x14,x2,x9	  x2:0x80004694  x9:0x8001ee2c x14=0x80004604
       30715000	      2972	80004976	023b0363	beq	x22,x3,8000499c	 x22:0xe7411c72  x3:0xffffff7c
       30725000	      2973	8000497a	8e59	c.or	x12,x14	 x12:0x00000000 x14:0x80004604 x12=0x80004604
       30735000	      2974	8000497c	0176b1b3	sltu	x3,x13,x23	 x13:0x800042b4 x23:0x800042b4  x3=0x00000000
       30775000	      2978	80004980	025d1e33	mulh	x28,x26,x5	 x26:0x00000000  x5:0x00000000 x28=0x00000000
       30785000	      2979	80004984	8ea1	c.xor	x13,x8	 x13:0x800042b4  x8:0x0001a000 x13=0x8001e2b4
       30795000	      2980	80004986	e4dd7893	andi	x17,x26,-435	 x26:0x00000000 x17=0x00000000
       30805000	      2981	8000498a	8c21	c.xor	x8,x8	  x8:0x0001a000  x8:0x0001a000  x8=0x00000000
       30815000	      2982	8000498c	567d	c.li	x12,-1	 x12=0xffffffff
       30825000	      2983	8000498e	08ba	c.slli	x17,0xe	 x17:0x00000000 x17=0x00000000
       30845000	      2985	80004990	03cbe433	rem	x8,x23,x28	 x23:0x800042b4 x28:0x00000000  x8=0x800042b4
       30855000	      2986	80004994	013b1d93	slli	x27,x22,0x13	 x22:0xe7411c72 x27=0xe3900000
       30865000	      2987	80004998	00aa2fb3	slt	x31,x20,x10	 x20:0x67415f22 x10:0x00000000 x31=0x00000000
       30875000	      2988	8000499c	8d32	c.mv	x26,x12	  x0:0x00000000 x12:0xffffffff x26=0xffffffff
       30885000	      2989	8000499e	05a56063	bltu	x10,x26,800049de	 x10:0x00000000 x26:0xffffffff
       30915000	      2992	800049de	01784233	xor	x4,x16,x23	 x16:0x000001f2 x23:0x800042b4  x4=0x80004346
       30925000	      2993	800049e2	a0e35417	auipc	x8,0xa0e35	  x8=0x20e399e2
       30935000	      2994	800049e6	8c75	c.and	x8,x13	  x8:0x20e399e2 x13:0x8001e2b4  x8=0x000180a0
       30945000	      2995	800049e8	884a	c.mv	x16,x18	  x0:0x00000000 x18:0x80004738 x16=0x80004738
       30955000	      2996	800049ea	8c6d	c.and	x8,x11	  x8:0x000180a0 x11:0x894eacb4  x8=0x000080a0
       30965000	      2997	800049ec	0100076f	jal	x14,800049fc	 x14=0x800049f0
       30985000	      2999	800049fc	bfe5	c.j	800049f4	
       31005000	      3001	800049f4	a801	c.j	80004a04	
       31025000	      3003	80004a04	bfed	c.j	800049fe	
       31045000	      3005	800049fe	3fe5	c.jal	800049f6	  x1=0x80004a00
       31065000	      3007	800049f6	bff5	c.j	800049f2	
       31085000	      3009	800049f2	2811	c.jal	80004a06	  x1=0x800049f4
       31105000	      3011	80004a06	3fed	c.jal	80004a00	  x1=0x80004a08
       31125000	      3013	80004a00	3fe5	c.jal	800049f8	  x1=0x80004a02
       31145000	      3015	800049f8	2029	c.jal	80004a02	  x1=0x800049fa
       31165000	      3017	80004a02	b7fd	c.j	800049f0	
       31185000	      3019	800049f0	2029	c.jal	800049fa	  x1=0x800049f2
       31205000	      3021	800049fa	a039	c.j	80004a08	
       31225000	      3023	80004a08	004000ef	jal	x1,80004a0c	  x1=0x80004a0c
       31245000	      3025	80004a0c	8ead	c.xor	x13,x11	 x13:0x8001e2b4 x11:0x894eacb4 x13=0x094f4e00
       31255000	      3026	80004a0e	00de1a93	slli	x21,x28,0xd	 x28:0x00000000 x21=0x00000000
       31265000	      3027	80004a12	01a34463	blt	x6,x26,80004a1a	  x6:0x0001a000 x26:0xffffffff
       31275000	      3028	80004a16	009fd0b3	srl	x1,x31,x9	 x31:0x00000000  x9:0x8001ee2c  x1=0x00000000
       31285000	      3029	80004a1a	c80d	c.beqz	x8,80004a4c	  x8:0x000080a0
       31295000	      3030	80004a1c	01dbffb3	and	x31,x23,x29	 x23:0x800042b4 x29:0x800047e6 x31=0x800042a4
       31305000	      3031	80004a20	013b1e93	slli	x29,x22,0x13	 x22:0xe7411c72 x29=0xe3900000
       31315000	      3032	80004a24	4080dc33	sra	x24,x1,x8	  x1:0x00000000  x8:0x000080a0 x24=0x00000000
       31325000	      3033	80004a28	8711	c.srai	x14,0x4	 x14:0x800049f0 x14=0xf800049f
       31335000	      3034	80004a2a	cd19	c.beqz	x10,80004a48	 x10:0x00000000
       31355000	      3036	80004a48	0153b233	sltu	x4,x7,x21	  x7:0x800047b8 x21:0x00000000  x4=0x00000000
       31365000	      3037	80004a4c	9ed6	c.add	x29,x21	 x29:0xe3900000 x21:0x00000000 x29=0xe3900000
       31375000	      3038	80004a4e	820d	c.srli	x12,0x3	 x12:0xffffffff x12=0x1fffffff
       31385000	      3039	80004a50	8545	c.srai	x10,0x11	 x10:0x00000000 x10=0x00000000
       31395000	      3040	80004a52	0160076f	jal	x14,80004a68	 x14=0x80004a56
       31415000	      3042	80004a68	bfed	c.j	80004a62	
       31435000	      3044	80004a62	a009	c.j	80004a64	
       31455000	      3046	80004a64	ff5ffbef	jal	x23,80004a58	 x23=0x80004a68
       31475000	      3048	80004a58	a009	c.j	80004a5a	
       31495000	      3050	80004a5a	a829	c.j	80004a74	
       31515000	      3052	80004a74	37cd	c.jal	80004a56	  x1=0x80004a76
       31535000	      3054	80004a56	2821	c.jal	80004a6e	  x1=0x80004a58
       31565000	      3057	80004a6e	fefff36f	jal	x6,80004a5c	  x6=0x80004a72
       31585000	      3059	80004a5c	a801	c.j	80004a6c	
       31605000	      3061	80004a6c	3fcd	c.jal	80004a5e	  x1=0x80004a6e
       31635000	      3064	80004a5e	01a000ef	jal	x1,80004a78	  x1=0x80004a62
       31655000	      3066	80004a78	fffff0ef	jal	x1,80004a76	  x1=0x80004a7c
       31675000	      3068	80004a76	3ff5	c.jal	80004a72	  x1=0x80004a78
       31695000	      3070	80004a72	2029	c.jal	80004a7c	  x1=0x80004a74
       31715000	      3072	80004a7c	fefff0ef	jal	x1,80004a6a	  x1=0x80004a80
       31735000	      3074	80004a6a	a819	c.j	80004a80	
       31755000	      3076	80004a80	838e	c.mv	x7,x3	  x0:0x00000000  x3:0x00000000  x7=0x00000000
       31765000	      3077	80004a82	8eed	c.and	x13,x11	 x13:0x094f4e00 x11:0x894eacb4 x13=0x094e0c00
       31795000	      3080	80004a84	026a0ab3	mul	x21,x20,x6	 x20:0x67415f22  x6:0x80004a72 x21=0xe09c3124
       31805000	      3081	80004a88	1294	c.addi4spn	x13,x2,352	 x13=0x800047f4
       31815000	      3082	80004a8a	02000863	beq	x0,x0,80004aba	  x0:0x00000000  x0:0x00000000
       31845000	      3085	80004aba	016c6a63	bltu	x24,x22,80004ace	 x24:0x00000000 x22:0xe7411c72
       31875000	      3088	80004ace	01409793	slli	x15,x1,0x14	  x1:0x80004a80 x15=0xa8000000
       31885000	      3089	80004ad2	0b9e	c.slli	x23,0x7	 x23:0x80004a68 x23=0x00253400
       31915000	      3092	80004ad4	038a8b33	mul	x22,x21,x24	 x21:0xe09c3124 x24:0x00000000 x22=0x00000000
       31925000	      3093	80004ad8	40dc0333	sub	x6,x24,x13	 x24:0x00000000 x13:0x800047f4  x6=0x7fffb80c
       31965000	      3097	80004adc	024033b3	mulhu	x7,x0,x4	  x0:0x00000000  x4:0x00000000  x7=0x00000000
       32005000	      3101	80004ae0	02b29ab3	mulh	x21,x5,x11	  x5:0x00000000 x11:0x894eacb4 x21=0x00000000
       32015000	      3102	80004ae4	405ed313	srai	x6,x29,0x5	 x29:0xe3900000  x6=0xff1c8000
       32025000	      3103	80004ae8	00fedc93	srli	x25,x29,0xf	 x29:0xe3900000 x25=0x0001c720
       32035000	      3104	80004aec	0080076f	jal	x14,80004af4	 x14=0x80004af0
       32055000	      3106	80004af4	a015	c.j	80004b18	
       32075000	      3108	80004b18	37fd	c.jal	80004b06	  x1=0x80004b1a
       32105000	      3111	80004b06	00c000ef	jal	x1,80004b12	  x1=0x80004b0a
       32125000	      3113	80004b12	2029	c.jal	80004b1c	  x1=0x80004b14
       32145000	      3115	80004b1c	b7dd	c.j	80004b02	
       32175000	      3118	80004b02	00e000ef	jal	x1,80004b10	  x1=0x80004b06
       32195000	      3120	80004b10	3ff5	c.jal	80004b0c	  x1=0x80004b12
       32215000	      3122	80004b0c	b7ed	c.j	80004af6	
       32245000	      3125	80004af6	004000ef	jal	x1,80004afa	  x1=0x80004afa
       32265000	      3127	80004afa	3fdd	c.jal	80004af0	  x1=0x80004afc
       32285000	      3129	80004af0	01e0026f	jal	x4,80004b0e	  x4=0x80004af4
       32305000	      3131	80004b0e	3fcd	c.jal	80004b00	  x1=0x80004b10
       32325000	      3133	80004b00	a811	c.j	80004b14	
       32345000	      3135	80004b14	2019	c.jal	80004b1a	  x1=0x80004b16
       32365000	      3137	80004b1a	3fc5	c.jal	80004b0a	  x1=0x80004b1c
       32385000	      3139	80004b0a	3fcd	c.jal	80004afc	  x1=0x80004b0c
       32405000	      3141	80004afc	01a0036f	jal	x6,80004b16	  x6=0x80004b00
       32425000	      3143	80004b16	2021	c.jal	80004b1e	  x1=0x80004b18
       32455000	      3146	80004b1e	5df60e13	addi	x28,x12,1503	 x12:0x1fffffff x28=0x200005de
       32465000	      3147	80004b22	5929aa13	slti	x20,x19,1426	 x19:0x234a0000 x20=0x00000000
       32475000	      3148	80004b26	87a5	c.srai	x15,0x9	 x15:0xa8000000 x15=0xffd40000
       32485000	      3149	80004b28	37d75b37	lui	x22,0x37d75	 x22=0x37d75000
       32495000	      3150	80004b2c	0000100f	fence.i	
       32515000	      3152	80004b30	00127263	bgeu	x4,x1,80004b34	  x4:0x80004af4  x1:0x80004b18
       32545000	      3155	80004b34	03520033	mul	x0,x4,x21	  x4:0x80004af4 x21:0x00000000  x0=0x00000000
       32555000	      3156	80004b38	01ec1e13	slli	x28,x24,0x1e	 x24:0x00000000 x28=0x00000000
       32595000	      3160	80004b3c	02c029b3	mulhsu	x19,x0,x12	  x0:0x00000000 x12:0x1fffffff x19=0x00000000
       32605000	      3161	80004b40	0001	c.addi	x0,0	  x0:0x00000000  x0=0x00000000
       32615000	      3162	80004b42	00d2	c.slli	x1,0x14	  x1:0x80004b18  x1=0xb1800000
       32635000	      3164	80004b44	0317e933	rem	x18,x15,x17	 x15:0xffd40000 x17:0x00000000 x18=0xffd40000
       32645000	      3165	80004b48	0001	c.addi	x0,0	  x0:0x00000000  x0=0x00000000
       32655000	      3166	80004b4a	0ff0000f	fence	iorw,iorw	
       32665000	      3167	80004b4e	8fe5	c.and	x15,x9	 x15:0xffd40000  x9:0x8001ee2c x15=0x80000000
       32675000	      3168	80004b50	e919	c.bnez	x10,80004b66	 x10:0x00000000
       32685000	      3169	80004b52	0231ea63	bltu	x3,x3,80004b86	  x3:0x00000000  x3:0x00000000
       32695000	      3170	80004b56	01e49993	slli	x19,x9,0x1e	  x9:0x8001ee2c x19=0x00000000
       32705000	      3171	80004b5a	5dfd	c.li	x27,-1	 x27=0xffffffff
       32715000	      3172	80004b5c	ca01	c.beqz	x12,80004b6c	 x12:0x1fffffff
       32725000	      3173	80004b5e	0ff0000f	fence	iorw,iorw	
       33095000	      3210	80004b62	0287e933	rem	x18,x15,x8	 x15:0x80000000  x8:0x000080a0 x18=0xffffb8a0
       33135000	      3214	80004b66	02a92e33	mulhsu	x28,x18,x10	 x18:0xffffb8a0 x10:0x00000000 x28=0x00000000
       33145000	      3215	80004b6a	8eed	c.and	x13,x11	 x13:0x800047f4 x11:0x894eacb4 x13=0x800004b4
       33155000	      3216	80004b6c	00fb4563	blt	x22,x15,80004b76	 x22:0x37d75000 x15:0x80000000
       33165000	      3217	80004b70	8162	c.mv	x2,x24	  x0:0x00000000 x24:0x00000000  x2=0x00000000
       33175000	      3218	80004b72	717d	c.addi16sp	x2,-16	  x2:0x00000000  x2=0xfffffff0
       33185000	      3219	80004b74	4615	c.li	x12,5	 x12=0x00000005
       33195000	      3220	80004b76	41048a33	sub	x20,x9,x16	  x9:0x8001ee2c x16:0x80004738 x20=0x0001a6f4
       33205000	      3221	80004b7a	00371293	slli	x5,x14,0x3	 x14:0x80004af0  x5=0x00025780
       33215000	      3222	80004b7e	ec7e4097	auipc	x1,0xec7e4	  x1=0x6c7e8b7e
       33225000	      3223	80004b82	00c347b3	xor	x15,x6,x12	  x6:0x80004b00 x12:0x00000005 x15=0x80004b05
       33235000	      3224	80004b86	cfdcca93	xori	x21,x25,-771	 x25:0x0001c720 x21=0xfffe3bdd
       33245000	      3225	80004b8a	0ff0000f	fence	iorw,iorw	
       33255000	      3226	80004b8e	013991b3	sll	x3,x19,x19	 x19:0x00000000 x19:0x00000000  x3=0x00000000
       33265000	      3227	80004b92	0000100f	fence.i	
       33295000	      3230	80004b96	0041ed63	bltu	x3,x4,80004bb0	  x3:0x00000000  x4:0x80004af4
       33315000	      3232	80004bb0	012256b3	srl	x13,x4,x18	  x4:0x80004af4 x18:0xffffb8a0 x13=0x80004af4
       33325000	      3233	80004bb4	0360076f	jal	x14,80004bea	 x14=0x80004bb8
       33355000	      3236	80004bea	fddff46f	jal	x8,80004bc6	  x8=0x80004bee
       33375000	      3238	80004bc6	bfdd	c.j	80004bbc	
       33395000	      3240	80004bbc	a019	c.j	80004bc2	
       33415000	      3242	80004bc2	a801	c.j	80004bd2	
       33435000	      3244	80004bd2	bfed	c.j	80004bcc	
       33455000	      3246	80004bcc	37fd	c.jal	80004bba	  x1=0x80004bce
       33475000	      3248	80004bba	2811	c.jal	80004bce	  x1=0x80004bbc
       33505000	      3251	80004bce	00c000ef	jal	x1,80004bda	  x1=0x80004bd2
       33525000	      3253	80004bda	a831	c.j	80004bf6	
       33555000	      3256	80004bf6	fe7ff1ef	jal	x3,80004bdc	  x3=0x80004bfa
       33575000	      3258	80004bdc	2809	c.jal	80004bee	  x1=0x80004bde
       33605000	      3261	80004bee	fcbff26f	jal	x4,80004bb8	  x4=0x80004bf2
       33625000	      3263	80004bb8	282d	c.jal	80004bf2	  x1=0x80004bba
       33655000	      3266	80004bf2	fe7ff0ef	jal	x1,80004bd8	  x1=0x80004bf6
       33675000	      3268	80004bd8	200d	c.jal	80004bfa	  x1=0x80004bda
       33705000	      3271	80004bfa	fefff0ef	jal	x1,80004be8	  x1=0x80004bfe
       33725000	      3273	80004be8	bff1	c.j	80004bc4	
       33745000	      3275	80004bc4	3fed	c.jal	80004bbe	  x1=0x80004bc6
       33765000	      3277	80004bbe	2091	c.jal	80004c02	  x1=0x80004bc0
       33785000	      3279	80004c02	b7d9	c.j	80004bc8	
       33805000	      3281	80004bc8	01a000ef	jal	x1,80004be2	  x1=0x80004bcc
       33835000	      3284	80004be2	fdfff36f	jal	x6,80004bc0	  x6=0x80004be6
       33855000	      3286	80004bc0	2091	c.jal	80004c04	  x1=0x80004bc2
       33875000	      3288	80004c04	3fc1	c.jal	80004bd4	  x1=0x80004c06
       33895000	      3290	80004bd4	02a000ef	jal	x1,80004bfe	  x1=0x80004bd8
       33925000	      3293	80004bfe	fe9ff0ef	jal	x1,80004be6	  x1=0x80004c02
       33945000	      3295	80004be6	bfe5	c.j	80004bde	
       33975000	      3298	80004bde	028000ef	jal	x1,80004c06	  x1=0x80004be2
       34005000	      3301	80004c06	401f8733	sub	x14,x31,x1	 x31:0x800042a4  x1:0x80004be2 x14=0xfffff6c2
       34015000	      3302	80004c0a	5efd	c.li	x29,-1	 x29=0xffffffff
       34385000	      3339	80004c0c	029df7b3	remu	x15,x27,x9	 x27:0xffffffff  x9:0x8001ee2c x15=0x7ffe11d3
       34395000	      3340	80004c10	f21a2613	slti	x12,x20,-223	 x20:0x0001a6f4 x12=0x00000000
       34405000	      3341	80004c14	0059dd13	srli	x26,x19,0x5	 x19:0x00000000 x26=0x00000000
       34415000	      3342	80004c18	0325e063	bltu	x11,x18,80004c38	 x11:0x894eacb4 x18:0xffffb8a0
       34435000	      3344	80004c38	0156c733	xor	x14,x13,x21	 x13:0x80004af4 x21:0xfffe3bdd x14=0x7ffe7129
       34445000	      3345	80004c3c	01776333	or	x6,x14,x23	 x14:0x7ffe7129 x23:0x00253400  x6=0x7fff7529
       34485000	      3349	80004c40	02f59a33	mulh	x20,x11,x15	 x11:0x894eacb4 x15:0x7ffe11d3 x20=0xc4a83b79
       34495000	      3350	80004c44	03eb5e63	bge	x22,x30,80004c80	 x22:0x37d75000 x30:0x80022ce4
       34515000	      3352	80004c80	011866b3	or	x13,x16,x17	 x16:0x80004738 x17:0x00000000 x13=0x80004738
       34525000	      3353	80004c84	01f61133	sll	x2,x12,x31	 x12:0x00000000 x31:0x800042a4  x2=0x00000000
       34535000	      3354	80004c88	018ece63	blt	x29,x24,80004ca4	 x29:0xffffffff x24:0x00000000
       34555000	      3356	80004ca4	01011633	sll	x12,x2,x16	  x2:0x00000000 x16:0x80004738 x12=0x00000000
       34565000	      3357	80004ca8	01fa3eb3	sltu	x29,x20,x31	 x20:0xc4a83b79 x31:0x800042a4 x29=0x00000000
       34575000	      3358	80004cac	8d59	c.or	x10,x14	 x10:0x00000000 x14:0x7ffe7129 x10=0x7ffe7129
       34585000	      3359	80004cae	01a2a3b3	slt	x7,x5,x26	  x5:0x00025780 x26:0x00000000  x7=0x00000000
       34595000	      3360	80004cb2	8236	c.mv	x4,x13	  x0:0x00000000 x13:0x80004738  x4=0x80004738
       34605000	      3361	80004cb4	6165	c.addi16sp	x2,112	  x2:0x00000000  x2=0x00000070
       34615000	      3362	80004cb6	418a89b3	sub	x19,x21,x24	 x21:0xfffe3bdd x24:0x00000000 x19=0xfffe3bdd
       34625000	      3363	80004cba	dd0eeb93	ori	x23,x29,-560	 x29:0x00000000 x23=0xfffffdd0
       34635000	      3364	80004cbe	01c3e133	or	x2,x7,x28	  x7:0x00000000 x28:0x00000000  x2=0x00000000
       34645000	      3365	80004cc2	48bd	c.li	x17,15	 x17=0x0000000f
       34655000	      3366	80004cc4	00e31f93	slli	x31,x6,0xe	  x6:0x7fff7529 x31=0xdd4a4000
       34665000	      3367	80004cc8	e555	c.bnez	x10,80004d74	 x10:0x7ffe7129
       34685000	      3369	80004d74	e5faae13	slti	x28,x21,-417	 x21:0xfffe3bdd x28=0x00000001
       34695000	      3370	80004d78	0000100f	fence.i	
       34715000	      3372	80004d7c	00f6d863	bge	x13,x15,80004d8c	 x13:0x80004738 x15:0x7ffe11d3
       34745000	      3375	80004d80	02130d33	mul	x26,x6,x1	  x6:0x7fff7529  x1:0x80004be2 x26=0x56d87132
       34755000	      3376	80004d84	016c1613	slli	x12,x24,0x16	 x24:0x00000000 x12=0x00000000
       34765000	      3377	80004d88	001b3cb3	sltu	x25,x22,x1	 x22:0x37d75000  x1:0x80004be2 x25=0x00000001
       34775000	      3378	80004d8c	8b01	c.andi	x14,0	 x14:0x7ffe7129 x14=0x00000000
       34815000	      3382	80004d8e	032423b3	mulhsu	x7,x8,x18	  x8:0x80004bee x18:0xffffb8a0  x7=0x80006f9d
       34825000	      3383	80004d92	421d	c.li	x4,7	  x4=0x00000007
       34835000	      3384	80004d94	dbe5e393	ori	x7,x11,-578	 x11:0x894eacb4  x7=0xfffffdbe
       34845000	      3385	80004d98	0bf17713	andi	x14,x2,191	  x2:0x00000000 x14=0x00000000
       34855000	      3386	80004d9c	ca11	c.beqz	x12,80004db0	 x12:0x00000000
       34875000	      3388	80004db0	00b97b63	bgeu	x18,x11,80004dc6	 x18:0xffffb8a0 x11:0x894eacb4
       34905000	      3391	80004dc6	01396d63	bltu	x18,x19,80004de0	 x18:0xffffb8a0 x19:0xfffe3bdd
       34915000	      3392	80004dca	8c71	c.and	x8,x12	  x8:0x80004bee x12:0x00000000  x8=0x00000000
       34925000	      3393	80004dcc	0ff0000f	fence	iorw,iorw	
       34935000	      3394	80004dd0	0823fd93	andi	x27,x7,130	  x7:0xfffffdbe x27=0x00000082
       34945000	      3395	80004dd4	0ff0000f	fence	iorw,iorw	
       34955000	      3396	80004dd8	9968cb13	xori	x22,x17,-1642	 x17:0x0000000f x22=0xfffff999
       34995000	      3400	80004ddc	032d9233	mulh	x4,x27,x18	 x27:0x00000082 x18:0xffffb8a0  x4=0xffffffff
       35005000	      3401	80004de0	01612033	slt	x0,x2,x22	  x2:0x00000000 x22:0xfffff999  x0=0x00000000
       35015000	      3402	80004de4	d2478a13	addi	x20,x15,-732	 x15:0x7ffe11d3 x20=0x7ffe0ef7
       35025000	      3403	80004de8	00f16033	or	x0,x2,x15	  x2:0x00000000 x15:0x7ffe11d3  x0=0x00000000
       35035000	      3404	80004dec	586ecb97	auipc	x23,0x586ec	 x23=0xd86f0dec
       35075000	      3408	80004df0	035522b3	mulhsu	x5,x10,x21	 x10:0x7ffe7129 x21:0xfffe3bdd  x5=0x7ffd8f1a
       35445000	      3445	80004df4	03b4d333	divu	x6,x9,x27	  x9:0x8001ee2c x27:0x00000082  x6=0x00fc138e
       35455000	      3446	80004df8	0001	c.addi	x0,0	  x0:0x00000000  x0=0x00000000
       35465000	      3447	80004dfa	8c6d	c.and	x8,x11	  x8:0x00000000 x11:0x894eacb4  x8=0x00000000
       35835000	      3484	80004dfc	037e49b3	div	x19,x28,x23	 x28:0x00000001 x23:0xd86f0dec x19=0x00000000
       35845000	      3485	80004e00	005892b3	sll	x5,x17,x5	 x17:0x0000000f  x5:0x7ffd8f1a  x5=0x3c000000
       35855000	      3486	80004e04	019fc1b3	xor	x3,x31,x25	 x31:0xdd4a4000 x25:0x00000001  x3=0xdd4a4001
       35865000	      3487	80004e08	0001	c.addi	x0,0	  x0:0x00000000  x0=0x00000000
       35875000	      3488	80004e0a	023fe263	bltu	x31,x3,80004e2e	 x31:0xdd4a4000  x3:0xdd4a4001
       35895000	      3490	80004e2e	8396	c.mv	x7,x5	  x0:0x00000000  x5:0x3c000000  x7=0x3c000000
       35905000	      3491	80004e30	417fd093	srai	x1,x31,0x17	 x31:0xdd4a4000  x1=0xffffffba
       35935000	      3494	80004e34	02d48bb3	mul	x23,x9,x13	  x9:0x8001ee2c x13:0x80004738 x23=0x897a4da0
       35945000	      3495	80004e38	99ed7893	andi	x17,x26,-1634	 x26:0x56d87132 x17=0x56d87112
       35955000	      3496	80004e3c	8fb1	c.xor	x15,x12	 x15:0x7ffe11d3 x12:0x00000000 x15=0x7ffe11d3
       35965000	      3497	80004e3e	8fe9	c.and	x15,x10	 x15:0x7ffe11d3 x10:0x7ffe7129 x15=0x7ffe1101
       35975000	      3498	80004e40	01f28433	add	x8,x5,x31	  x5:0x3c000000 x31:0xdd4a4000  x8=0x194a4000
       35985000	      3499	80004e44	4ce5	c.li	x25,25	 x25=0x00000019
       35995000	      3500	80004e46	96f2	c.add	x13,x28	 x13:0x80004738 x28:0x00000001 x13=0x80004739
       36005000	      3501	80004e48	580cce93	xori	x29,x25,1408	 x25:0x00000019 x29=0x00000599
       36015000	      3502	80004e4c	d9d32793	slti	x15,x6,-611	  x6:0x00fc138e x15=0x00000000
       36385000	      3539	80004e50	0305f1b3	remu	x3,x11,x16	 x11:0x894eacb4 x16:0x80004738  x3=0x094e657c
       36395000	      3540	80004e54	f9454b13	xori	x22,x10,-108	 x10:0x7ffe7129 x22=0x80018ebd
       36405000	      3541	80004e58	01dc82b3	add	x5,x25,x29	 x25:0x00000019 x29:0x00000599  x5=0x000005b2
       36445000	      3545	80004e5c	028c9bb3	mulh	x23,x25,x8	 x25:0x00000019  x8:0x194a4000 x23=0x00000002
       36455000	      3546	80004e60	00975933	srl	x18,x14,x9	 x14:0x00000000  x9:0x8001ee2c x18=0x00000000
       36465000	      3547	80004e64	0690	c.addi4spn	x12,x2,832	 x12=0x00000340
       36475000	      3548	80004e66	00132533	slt	x10,x6,x1	  x6:0x00fc138e  x1:0xffffffba x10=0x00000000
       36485000	      3549	80004e6a	037ac563	blt	x21,x23,80004e94	 x21:0xfffe3bdd x23:0x00000002
       36505000	      3551	80004e94	8299	c.srli	x13,0x6	 x13:0x80004739 x13=0x0200011c
       36515000	      3552	80004e96	8451	c.srai	x8,0x14	  x8:0x194a4000  x8=0x00000194
       36545000	      3555	80004e98	02850533	mul	x10,x10,x8	 x10:0x00000000  x8:0x00000194 x10=0x00000000
       36555000	      3556	80004e9c	800d	c.srli	x8,0x3	  x8:0x00000194  x8=0x00000032
       36565000	      3557	80004e9e	8a35	c.andi	x12,13	 x12:0x00000340 x12=0x00000000
       36575000	      3558	80004ea0	1b7d	c.addi	x22,-1	 x22:0x80018ebd x22=0x80018ebc
       36595000	      3560	80004ea2	022ffcb3	remu	x25,x31,x2	 x31:0xdd4a4000  x2:0x00000000 x25=0xdd4a4000
       36605000	      3561	80004ea6	0fc22793	slti	x15,x4,252	  x4:0xffffffff x15=0x00000001
       36615000	      3562	80004eaa	01d29793	slli	x15,x5,0x1d	  x5:0x000005b2 x15=0x40000000
       36625000	      3563	80004eae	ca69c613	xori	x12,x19,-858	 x19:0x00000000 x12=0xfffffca6
       36635000	      3564	80004eb2	0151d013	srli	x0,x3,0x15	  x3:0x094e657c  x0=0x00000000
       36645000	      3565	80004eb6	8e01	c.sub	x12,x8	 x12:0xfffffca6  x8:0x00000032 x12=0xfffffc74
       36655000	      3566	80004eb8	00a4ab33	slt	x22,x9,x10	  x9:0x8001ee2c x10:0x00000000 x22=0x00000001
       36665000	      3567	80004ebc	0000100f	fence.i	
       36685000	      3569	80004ec0	0726	c.slli	x14,0x9	 x14:0x00000000 x14=0x00000000
       36695000	      3570	80004ec2	2d266e93	ori	x29,x12,722	 x12:0xfffffc74 x29=0xfffffef6
       36705000	      3571	80004ec6	8c772913	slti	x18,x14,-1849	 x14:0x00000000 x18=0x00000000
       36715000	      3572	80004eca	006ddf93	srli	x31,x27,0x6	 x27:0x00000082 x31=0x00000002
       36725000	      3573	80004ece	4801	c.li	x16,0	 x16=0x00000000
       36765000	      3577	80004ed0	035eb0b3	mulhu	x1,x29,x21	 x29:0xfffffef6 x21:0xfffe3bdd  x1=0xfffe3ad3
       36775000	      3578	80004ed4	16fd	c.addi	x13,-1	 x13:0x0200011c x13=0x0200011b
       36785000	      3579	80004ed6	0e31	c.addi	x28,12	 x28:0x00000001 x28=0x0000000d
       36795000	      3580	80004ed8	e795	c.bnez	x15,80004f04	 x15:0x40000000
       36845000	      3585	80004f04	0350b033	mulhu	x0,x1,x21	  x1:0xfffe3ad3 x21:0xfffe3bdd  x0=0x00000000
       36855000	      3586	80004f08	8c25	c.xor	x8,x9	  x8:0x00000032  x9:0x8001ee2c  x8=0x8001ee1e
       36865000	      3587	80004f0a	a402b893	sltiu	x17,x5,-1472	  x5:0x000005b2 x17=0x00000001
       36895000	      3590	80004f0e	02d48fb3	mul	x31,x9,x13	  x9:0x8001ee2c x13:0x0200011b x31=0xda224aa4
       36905000	      3591	80004f12	13db2013	slti	x0,x22,317	 x22:0x00000001  x0=0x00000000
       36915000	      3592	80004f16	40160db3	sub	x27,x12,x1	 x12:0xfffffc74  x1:0xfffe3ad3 x27=0x0001c1a1
       36925000	      3593	80004f1a	e289	c.bnez	x13,80004f1c	 x13:0x0200011b
       36945000	      3595	80004f1c	812d	c.srli	x10,0xb	 x10:0x00000000 x10=0x00000000
       36955000	      3596	80004f1e	0dd9cc13	xori	x24,x19,221	 x19:0x00000000 x24=0x000000dd
       36965000	      3597	80004f22	019377b3	and	x15,x6,x25	  x6:0x00fc138e x25:0xdd4a4000 x15=0x00480000
       36975000	      3598	80004f26	03eff463	bgeu	x31,x30,80004f4e	 x31:0xda224aa4 x30:0x80022ce4
       37005000	      3601	80004f4e	00c75613	srli	x12,x14,0xc	 x14:0x00000000 x12=0x00000000
       37015000	      3602	80004f52	0a6e	c.slli	x20,0x1b	 x20:0x7ffe0ef7 x20=0xb8000000
       37025000	      3603	80004f54	02569563	bne	x13,x5,80004f7e	 x13:0x0200011b  x5:0x000005b2
       37055000	      3606	80004f7e	9112e293	ori	x5,x5,-1775	  x5:0x000005b2  x5=0xfffffdb3
       37065000	      3607	80004f82	8fd1	c.or	x15,x12	 x15:0x00480000 x12:0x00000000 x15=0x00480000
       37075000	      3608	80004f84	6feecbb7	lui	x23,0x6feec	 x23=0x6feec000
       37085000	      3609	80004f88	8e99	c.sub	x13,x14	 x13:0x0200011b x14:0x00000000 x13=0x0200011b
       37095000	      3610	80004f8a	c609	c.beqz	x12,80004f94	 x12:0x00000000
       37115000	      3612	80004f94	04f65263	bge	x12,x15,80004fd8	 x12:0x00000000 x15:0x00480000
       37125000	      3613	80004f98	00f3e833	or	x16,x7,x15	  x7:0x3c000000 x15:0x00480000 x16=0x3c480000
       37135000	      3614	80004f9c	00e68fb3	add	x31,x13,x14	 x13:0x0200011b x14:0x00000000 x31=0x0200011b
       37145000	      3615	80004fa0	96fe	c.add	x13,x31	 x13:0x0200011b x31:0x0200011b x13=0x04000236
       37155000	      3616	80004fa2	01001c33	sll	x24,x0,x16	  x0:0x00000000 x16:0x3c480000 x24=0x00000000
       37195000	      3620	80004fa6	02bf1633	mulh	x12,x30,x11	 x30:0x80022ce4 x11:0x894eacb4 x12=0x3b57a773
       37205000	      3621	80004faa	8206	c.mv	x4,x1	  x0:0x00000000  x1:0xfffe3ad3  x4=0xfffe3ad3
       37245000	      3625	80004fac	0376a133	mulhsu	x2,x13,x23	 x13:0x04000236 x23:0x6feec000  x2=0x01bfbbf7
       37255000	      3626	80004fb0	8d05	c.sub	x10,x9	 x10:0x00000000  x9:0x8001ee2c x10=0x7ffe11d4
       37625000	      3663	80004fb2	0249c9b3	div	x19,x19,x4	 x19:0x00000000  x4:0xfffe3ad3 x19=0x00000000
       37635000	      3664	80004fb6	0057ed63	bltu	x15,x5,80004fd0	 x15:0x00480000  x5:0xfffffdb3
       37655000	      3666	80004fd0	9b040637	lui	x12,0x9b040	 x12=0x9b040000
       37665000	      3667	80004fd4	187d	c.addi	x16,-1	 x16:0x3c480000 x16=0x3c47ffff
       37675000	      3668	80004fd6	0a4e	c.slli	x20,0x13	 x20:0xb8000000 x20=0x00000000
       37685000	      3669	80004fd8	09a1	c.addi	x19,8	 x19:0x00000000 x19=0x00000008
       37695000	      3670	80004fda	ec9bbb13	sltiu	x22,x23,-311	 x23:0x6feec000 x22=0x00000001
       37705000	      3671	80004fde	004c6f63	bltu	x24,x4,80004ffc	 x24:0x00000000  x4:0xfffe3ad3
       37725000	      3673	80004ffc	00afce33	xor	x28,x31,x10	 x31:0x0200011b x10:0x7ffe11d4 x28=0x7dfe10cf
       37735000	      3674	80005000	00605fb3	srl	x31,x0,x6	  x0:0x00000000  x6:0x00fc138e x31=0x00000000
       37745000	      3675	80005004	9cba	c.add	x25,x14	 x25:0xdd4a4000 x14:0x00000000 x25=0xdd4a4000
       37775000	      3678	80005006	02b10e33	mul	x28,x2,x11	  x2:0x01bfbbf7 x11:0x894eacb4 x28=0x815c1dac
       37785000	      3679	8000500a	0114de33	srl	x28,x9,x17	  x9:0x8001ee2c x17:0x00000001 x28=0x4000f716
       37805000	      3681	8000500e	032d5a33	divu	x20,x26,x18	 x26:0x56d87132 x18:0x00000000 x20=0xffffffff
       37815000	      3682	80005012	01b2ea63	bltu	x5,x27,80005026	  x5:0xfffffdb3 x27:0x0001c1a1
       37825000	      3683	80005016	8be4b993	sltiu	x19,x9,-1858	  x9:0x8001ee2c x19=0x00000001
       37835000	      3684	8000501a	e131	c.bnez	x10,8000505e	 x10:0x7ffe11d4
       37855000	      3686	8000505e	0001	c.addi	x0,0	  x0:0x00000000  x0=0x00000000
       37865000	      3687	80005060	01e8df93	srli	x31,x17,0x1e	 x17:0x00000001 x31=0x00000000
       37875000	      3688	80005064	82b1	c.srli	x13,0xc	 x13:0x04000236 x13=0x00004000
       37885000	      3689	80005066	af6f2193	slti	x3,x30,-1290	 x30:0x80022ce4  x3=0x00000001
       37895000	      3690	8000506a	0001	c.addi	x0,0	  x0:0x00000000  x0=0x00000000
       37905000	      3691	8000506c	17259337	lui	x6,0x17259	  x6=0x17259000
       37915000	      3692	80005070	015d5b93	srli	x23,x26,0x15	 x26:0x56d87132 x23=0x000002b6
       37925000	      3693	80005074	02d88a63	beq	x17,x13,800050a8	 x17:0x00000001 x13:0x00004000
       37955000	      3696	80005078	021e8133	mul	x2,x29,x1	 x29:0xfffffef6  x1:0xfffe3ad3  x2=0x01d6e0c2
       37965000	      3697	8000507c	8a09	c.andi	x12,2	 x12:0x9b040000 x12=0x00000000
       37975000	      3698	8000507e	695b2613	slti	x12,x22,1685	 x22:0x00000001 x12=0x00000001
       38345000	      3735	80005082	028963b3	rem	x7,x18,x8	 x18:0x00000000  x8:0x8001ee1e  x7=0x00000000
       38355000	      3736	80005086	8ff5	c.and	x15,x13	 x15:0x00480000 x13:0x00004000 x15=0x00000000
       38365000	      3737	80005088	0021b6b3	sltu	x13,x3,x2	  x3:0x00000001  x2:0x01d6e0c2 x13=0x00000001
       38735000	      3774	8000508c	0367dd33	divu	x26,x15,x22	 x15:0x00000000 x22:0x00000001 x26=0x00000000
       38745000	      3775	80005090	01289e63	bne	x17,x18,800050ac	 x17:0x00000001 x18:0x00000000
       38785000	      3779	800050ac	020380b3	mul	x1,x7,x0	  x7:0x00000000  x0:0x00000000  x1=0x00000000
       38795000	      3780	800050b0	0001	c.addi	x0,0	  x0:0x00000000  x0=0x00000000
       38805000	      3781	800050b2	03930063	beq	x6,x25,800050d2	  x6:0x17259000 x25:0xdd4a4000
       38815000	      3782	800050b6	03889d63	bne	x17,x24,800050f0	 x17:0x00000001 x24:0x00000000
       38835000	      3784	800050f0	4069d033	sra	x0,x19,x6	 x19:0x00000001  x6:0x17259000  x0=0x00000000
       38845000	      3785	800050f4	0048a6b3	slt	x13,x17,x4	 x17:0x00000001  x4:0xfffe3ad3 x13=0x00000000
       38855000	      3786	800050f8	8d71	c.and	x10,x12	 x10:0x7ffe11d4 x12:0x00000001 x10=0x00000000
       38865000	      3787	800050fa	414d8a33	sub	x20,x27,x20	 x27:0x0001c1a1 x20:0xffffffff x20=0x0001c1a2
       38875000	      3788	800050fe	cd0f8c13	addi	x24,x31,-816	 x31:0x00000000 x24=0xfffffcd0
       38885000	      3789	80005102	612d	c.addi16sp	x2,224	  x2:0x01d6e0c2  x2=0x01d6e1a2
       38895000	      3790	80005104	0001	c.addi	x0,0	  x0:0x00000000  x0=0x00000000
       38905000	      3791	80005106	412c5633	sra	x12,x24,x18	 x24:0xfffffcd0 x18:0x00000000 x12=0xfffffcd0
       38915000	      3792	8000510a	01ba8133	add	x2,x21,x27	 x21:0xfffe3bdd x27:0x0001c1a1  x2=0xfffffd7e
       38925000	      3793	8000510e	51589c37	lui	x24,0x51589	 x24=0x51589000
       38935000	      3794	80005112	002d7f63	bgeu	x26,x2,80005130	 x26:0x00000000  x2:0xfffffd7e
       38975000	      3798	80005116	030aa733	mulhsu	x14,x21,x16	 x21:0xfffe3bdd x16:0x3c47ffff x14=0xffff9588
       38985000	      3799	8000511a	575af193	andi	x3,x21,1397	 x21:0xfffe3bdd  x3=0x00000155
       38995000	      3800	8000511e	40290db3	sub	x27,x18,x2	 x18:0x00000000  x2:0xfffffd7e x27=0x00000282
       39005000	      3801	80005122	01bb7a63	bgeu	x22,x27,80005136	 x22:0x00000001 x27:0x00000282
       39015000	      3802	80005126	8ef5	c.and	x13,x13	 x13:0x00000000 x13:0x00000000 x13=0x00000000
       39025000	      3803	80005128	0001	c.addi	x0,0	  x0:0x00000000  x0=0x00000000
       39035000	      3804	8000512a	0ad1	c.addi	x21,20	 x21:0xfffe3bdd x21=0xfffe3bf1
       39045000	      3805	8000512c	0011e9b3	or	x19,x3,x1	  x3:0x00000155  x1:0x00000000 x19=0x00000155
       39055000	      3806	80005130	5d25eeb7	lui	x29,0x5d25e	 x29=0x5d25e000
       39065000	      3807	80005134	0001	c.addi	x0,0	  x0:0x00000000  x0=0x00000000
       39075000	      3808	80005136	40bfdd33	sra	x26,x31,x11	 x31:0x00000000 x11:0x894eacb4 x26=0x00000000
       39085000	      3809	8000513a	011addb3	srl	x27,x21,x17	 x21:0xfffe3bf1 x17:0x00000001 x27=0x7fff1df8
       39095000	      3810	8000513e	861d	c.srai	x12,0x7	 x12:0xfffffcd0 x12=0xfffffff9
       39105000	      3811	80005140	6175	c.addi16sp	x2,368	  x2:0xfffffd7e  x2=0xfffffeee
       39115000	      3812	80005142	8d11	c.sub	x10,x12	 x10:0x00000000 x12:0xfffffff9 x10=0x00000007
       39125000	      3813	80005144	0b9d	c.addi	x23,7	 x23:0x000002b6 x23=0x000002bd
       39135000	      3814	80005146	40c681b3	sub	x3,x13,x12	 x13:0x00000000 x12:0xfffffff9  x3=0x00000007
       39145000	      3815	8000514a	8f65	c.and	x14,x9	 x14:0xffff9588  x9:0x8001ee2c x14=0x80018408
       39155000	      3816	8000514c	8ee9	c.and	x13,x10	 x13:0x00000000 x10:0x00000007 x13=0x00000000
       39175000	      3818	8000514e	03ffc333	div	x6,x31,x31	 x31:0x00000000 x31:0x00000000  x6=0xffffffff
       39185000	      3819	80005152	0001	c.addi	x0,0	  x0:0x00000000  x0=0x00000000
       39195000	      3820	80005154	acb4b893	sltiu	x17,x9,-1333	  x9:0x8001ee2c x17=0x00000001
       39205000	      3821	80005158	0320c063	blt	x1,x18,80005178	  x1:0x00000000 x18:0x00000000
       39215000	      3822	8000515c	005487b3	add	x15,x9,x5	  x9:0x8001ee2c  x5:0xfffffdb3 x15=0x8001ebdf
       39225000	      3823	80005160	00637733	and	x14,x6,x6	  x6:0xffffffff  x6:0xffffffff x14=0xffffffff
       39235000	      3824	80005164	9fae	c.add	x31,x11	 x31:0x00000000 x11:0x894eacb4 x31=0x894eacb4
       39245000	      3825	80005166	8e05	c.sub	x12,x9	 x12:0xfffffff9  x9:0x8001ee2c x12=0x7ffe11cd
       39255000	      3826	80005168	987d	c.andi	x8,-1	  x8:0x8001ee1e  x8=0x8001ee1e
       39265000	      3827	8000516a	30afa793	slti	x15,x31,778	 x31:0x894eacb4 x15=0x00000001
       39275000	      3828	8000516e	00035f93	srli	x31,x6,0x0	  x6:0xffffffff x31=0xffffffff
       39285000	      3829	80005172	6bf1	c.lui	x23,0x1c	 x23=0x0001c000
       39295000	      3830	80005174	01f2cdb3	xor	x27,x5,x31	  x5:0xfffffdb3 x31:0xffffffff x27=0x0000024c
       39305000	      3831	80005178	8fb9	c.xor	x15,x14	 x15:0x00000001 x14:0xffffffff x15=0xfffffffe
       39315000	      3832	8000517a	a2d90fb7	lui	x31,0xa2d90	 x31=0xa2d90000
       39325000	      3833	8000517e	410386b3	sub	x13,x7,x16	  x7:0x00000000 x16:0x3c47ffff x13=0xc3b80001
       39695000	      3870	80005182	03ce61b3	rem	x3,x28,x28	 x28:0x4000f716 x28:0x4000f716  x3=0x00000000
       39705000	      3871	80005186	02974563	blt	x14,x9,800051b0	 x14:0xffffffff  x9:0x8001ee2c
       39715000	      3872	8000518a	8d01	c.sub	x10,x8	 x10:0x00000007  x8:0x8001ee1e x10=0x7ffe11e9
       39725000	      3873	8000518c	92d2	c.add	x5,x20	  x5:0xfffffdb3 x20:0x0001c1a2  x5=0x0001bf55
       39735000	      3874	8000518e	015adc13	srli	x24,x21,0x15	 x21:0xfffe3bf1 x24=0x000007ff
       39745000	      3875	80005192	01b146b3	xor	x13,x2,x27	  x2:0xfffffeee x27:0x0000024c x13=0xfffffca2
       39755000	      3876	80005196	1208	c.addi4spn	x10,x2,288	 x10=0x0000000e
       39765000	      3877	80005198	631d	c.lui	x6,0x7	  x6=0x00007000
       39775000	      3878	8000519a	022cc663	blt	x25,x2,800051c6	 x25:0xdd4a4000  x2:0xfffffeee
       39795000	      3880	800051c6	054a	c.slli	x10,0x12	 x10:0x0000000e x10=0x00380000
       39805000	      3881	800051c8	01831963	bne	x6,x24,800051da	  x6:0x00007000 x24:0x000007ff
       39865000	      3887	800051da	024e9033	mulh	x0,x29,x4	 x29:0x5d25e000  x4:0xfffe3ad3  x0=0x00000000
       39875000	      3888	800051de	006f1b63	bne	x30,x6,800051f4	 x30:0x80022ce4  x6:0x00007000
       39895000	      3890	800051f4	418d50b3	sra	x1,x26,x24	 x26:0x00000000 x24:0x000007ff  x1=0x00000000
       39905000	      3891	800051f8	853e	c.mv	x10,x15	  x0:0x00000000 x15:0xfffffffe x10=0xfffffffe
       39915000	      3892	800051fa	e570c293	xori	x5,x1,-425	  x1:0x00000000  x5=0xfffffe57
       39925000	      3893	800051fe	8ff9	c.and	x15,x14	 x15:0xfffffffe x14:0xffffffff x15=0xfffffffe
       40295000	      3930	80005200	029e57b3	divu	x15,x28,x9	 x28:0x4000f716  x9:0x8001ee2c x15=0x00000000
       40305000	      3931	80005204	01f269b3	or	x19,x4,x31	  x4:0xfffe3ad3 x31:0xa2d90000 x19=0xffff3ad3
       40315000	      3932	80005208	0001	c.addi	x0,0	  x0:0x00000000  x0=0x00000000
       40325000	      3933	8000520a	8f4d	c.or	x14,x11	 x14:0xffffffff x11:0x894eacb4 x14=0xffffffff
       40335000	      3934	8000520c	00e11333	sll	x6,x2,x14	  x2:0xfffffeee x14:0xffffffff  x6=0x00000000
       40345000	      3935	80005210	41635c93	srai	x25,x6,0x16	  x6:0x00000000 x25=0x00000000
       40355000	      3936	80005214	01521863	bne	x4,x21,80005224	  x4:0xfffe3ad3 x21:0xfffe3bf1
       40375000	      3938	80005224	0130f663	bgeu	x1,x19,80005230	  x1:0x00000000 x19:0xffff3ad3
       40415000	      3942	80005228	02a4b633	mulhu	x12,x9,x10	  x9:0x8001ee2c x10:0xfffffffe x12=0x8001ee2a
       40425000	      3943	8000522c	6e95	c.lui	x29,0x5	 x29=0x00005000
       40435000	      3944	8000522e	0001	c.addi	x0,0	  x0:0x00000000  x0=0x00000000
       40445000	      3945	80005230	05886463	bltu	x16,x24,80005278	 x16:0x3c47ffff x24:0x000007ff
       40455000	      3946	80005234	017ca533	slt	x10,x25,x23	 x25:0x00000000 x23:0x0001c000 x10=0x00000001
       40465000	      3947	80005238	000738b3	sltu	x17,x14,x0	 x14:0xffffffff  x0:0x00000000 x17=0x00000000
       40475000	      3948	8000523c	01f59113	slli	x2,x11,0x1f	 x11:0x894eacb4  x2=0x00000000
       40485000	      3949	80005240	0438c363	blt	x17,x3,80005286	 x17:0x00000000  x3:0x00000000
       40495000	      3950	80005244	6131	c.addi16sp	x2,320	  x2:0x00000000  x2=0x00000140
       40505000	      3951	80005246	00de0d33	add	x26,x28,x13	 x28:0x4000f716 x13:0xfffffca2 x26=0x4000f3b8
       40515000	      3952	8000524a	01365a63	bge	x12,x19,8000525e	 x12:0x8001ee2a x19:0xffff3ad3
       40525000	      3953	8000524e	4064db33	sra	x22,x9,x6	  x9:0x8001ee2c  x6:0x00000000 x22=0x8001ee2c
       40535000	      3954	80005252	21b62013	slti	x0,x12,539	 x12:0x8001ee2a  x0=0x00000000
       40575000	      3958	80005256	03881b33	mulh	x22,x16,x24	 x16:0x3c47ffff x24:0x000007ff x22=0x000001e2
       40585000	      3959	8000525a	0ff0000f	fence	iorw,iorw	
       40955000	      3996	8000525e	025ed833	divu	x16,x29,x5	 x29:0x00005000  x5:0xfffffe57 x16=0x00000000
       40965000	      3997	80005262	0173c963	blt	x7,x23,80005274	  x7:0x00000000 x23:0x0001c000
       40985000	      3999	80005274	8f55	c.or	x14,x13	 x14:0xffffffff x13:0xfffffca2 x14=0xffffffff
       40995000	      4000	80005276	8791	c.srai	x15,0x4	 x15:0x00000000 x15=0x00000000
       41365000	      4037	80005278	034ed9b3	divu	x19,x29,x20	 x29:0x00005000 x20:0x0001c1a2 x19=0x00000000
       41405000	      4041	8000527c	03d09933	mulh	x18,x1,x29	  x1:0x00000000 x29:0x00005000 x18=0x00000000
       41445000	      4045	80005280	0347ba33	mulhu	x20,x15,x20	 x15:0x00000000 x20:0x0001c1a2 x20=0x00000000
       41455000	      4046	80005284	82e5	c.srli	x13,0x19	 x13:0xfffffca2 x13=0x0000007f
       41465000	      4047	80005286	cb0d	c.beqz	x14,800052b8	 x14:0xffffffff
       41475000	      4048	80005288	5b7e0913	addi	x18,x28,1463	 x28:0x4000f716 x18=0x4000fccd
       41485000	      4049	8000528c	00ce1733	sll	x14,x28,x12	 x28:0x4000f716 x12:0x8001ee2a x14=0x03dc5800
       41855000	      4086	80005290	03e561b3	rem	x3,x10,x30	 x10:0x00000001 x30:0x80022ce4  x3=0x00000001
       41865000	      4087	80005294	011a0d33	add	x26,x20,x17	 x20:0x00000000 x17:0x00000000 x26=0x00000000
       41905000	      4091	80005298	03fd2d33	mulhsu	x26,x26,x31	 x26:0x00000000 x31:0xa2d90000 x26=0x00000000
       41915000	      4092	8000529c	1c00	c.addi4spn	x8,x2,560	  x8=0x00000370
       41925000	      4093	8000529e	8ed9	c.or	x13,x14	 x13:0x0000007f x14:0x03dc5800 x13=0x03dc587f
       41935000	      4094	800052a0	e3b9	c.bnez	x15,800052e6	 x15:0x00000000
       41945000	      4095	800052a2	0525c463	blt	x11,x18,800052ea	 x11:0x894eacb4 x18:0x4000fccd
       41965000	      4097	800052ea	0a55	c.addi	x20,21	 x20:0x00000000 x20=0x00000015
       41975000	      4098	800052ec	a28b0613	addi	x12,x22,-1496	 x22:0x000001e2 x12=0xfffffc0a
       41985000	      4099	800052f0	01a126b3	slt	x13,x2,x26	  x2:0x00000140 x26:0x00000000 x13=0x00000000
       41995000	      4100	800052f4	40f18533	sub	x10,x3,x15	  x3:0x00000001 x15:0x00000000 x10=0x00000001
       42005000	      4101	800052f8	86a1	c.srai	x13,0x8	 x13:0x00000000 x13=0x00000000
       42015000	      4102	800052fa	6671	c.lui	x12,0x1c	 x12=0x0001c000
       42025000	      4103	800052fc	75c47613	andi	x12,x8,1884	  x8:0x00000370 x12=0x00000350
       42035000	      4104	80005300	015fcbb3	xor	x23,x31,x21	 x31:0xa2d90000 x21:0xfffe3bf1 x23=0x5d273bf1
       42045000	      4105	80005304	717d	c.addi16sp	x2,-16	  x2:0x00000140  x2=0x00000130
       42065000	      4107	80005306	02f6f133	remu	x2,x13,x15	 x13:0x00000000 x15:0x00000000  x2=0x00000000
       42075000	      4108	8000530a	0ff0000f	fence	iorw,iorw	
       42085000	      4109	8000530e	852d	c.srai	x10,0xb	 x10:0x00000001 x10=0x00000000
       42095000	      4110	80005310	00975c93	srli	x25,x14,0x9	 x14:0x03dc5800 x25=0x0001ee2c
       42105000	      4111	80005314	8c29	c.xor	x8,x10	  x8:0x00000370 x10:0x00000000  x8=0x00000370
       42115000	      4112	80005316	8c01	c.sub	x8,x8	  x8:0x00000370  x8:0x00000370  x8=0x00000000
       42125000	      4113	80005318	0120e333	or	x6,x1,x18	  x1:0x00000000 x18:0x4000fccd  x6=0x4000fccd
       42135000	      4114	8000531c	0000100f	fence.i	
       42155000	      4116	80005320	1afd	c.addi	x21,-1	 x21:0xfffe3bf1 x21=0xfffe3bf0
       42165000	      4117	80005322	005dcf63	blt	x27,x5,80005340	 x27:0x0000024c  x5:0xfffffe57
       42175000	      4118	80005326	002a46b3	xor	x13,x20,x2	 x20:0x00000015  x2:0x00000000 x13=0x00000015
       42185000	      4119	8000532a	01347b33	and	x22,x8,x19	  x8:0x00000000 x19:0x00000000 x22=0x00000000
       42205000	      4121	8000532e	02f5d7b3	divu	x15,x11,x15	 x11:0x894eacb4 x15:0x00000000 x15=0xffffffff
       42215000	      4122	80005332	121377b7	lui	x15,0x12137	 x15=0x12137000
       42245000	      4125	80005336	03938033	mul	x0,x7,x25	  x7:0x00000000 x25:0x0001ee2c  x0=0x00000000
       42255000	      4126	8000533a	013acb63	blt	x21,x19,80005350	 x21:0xfffe3bf0 x19:0x00000000
       42275000	      4128	80005350	8d6d	c.and	x10,x11	 x10:0x00000000 x11:0x894eacb4 x10=0x00000000
       42285000	      4129	80005352	09c6	c.slli	x19,0x11	 x19:0x00000000 x19=0x00000000
       42295000	      4130	80005354	87f08113	addi	x2,x1,-1921	  x1:0x00000000  x2=0xfffff87f
       42665000	      4167	80005358	0266c233	div	x4,x13,x6	 x13:0x00000015  x6:0x4000fccd  x4=0x00000000
       42675000	      4168	8000535c	004eceb3	xor	x29,x29,x4	 x29:0x00005000  x4:0x00000000 x29=0x00005000
       42685000	      4169	80005360	037b1d63	bne	x22,x23,8000539a	 x22:0x00000000 x23:0x5d273bf1
       42715000	      4172	8000539a	79320293	addi	x5,x4,1939	  x4:0x00000000  x5=0x00000793
       42745000	      4175	8000539e	02be8233	mul	x4,x29,x11	 x29:0x00005000 x11:0x894eacb4  x4=0x95f84000
       42755000	      4176	800053a2	98692a37	lui	x20,0x98692	 x20=0x98692000
       42765000	      4177	800053a6	0f9e	c.slli	x31,0x7	 x31:0xa2d90000 x31=0x6c800000
       42775000	      4178	800053a8	26c8c793	xori	x15,x17,620	 x17:0x00000000 x15=0x0000026c
       42785000	      4179	800053ac	49f54713	xori	x14,x10,1183	 x10:0x00000000 x14=0x0000049f
       42795000	      4180	800053b0	02c9f463	bgeu	x19,x12,800053d8	 x19:0x00000000 x12:0x00000350
       42805000	      4181	800053b4	0001	c.addi	x0,0	  x0:0x00000000  x0=0x00000000
       42815000	      4182	800053b6	8d5d	c.or	x10,x15	 x10:0x00000000 x15:0x0000026c x10=0x0000026c
       42825000	      4183	800053b8	00f65233	srl	x4,x12,x15	 x12:0x00000350 x15:0x0000026c  x4=0x00000000
       42865000	      4187	800053bc	03db2e33	mulhsu	x28,x22,x29	 x22:0x00000000 x29:0x00005000 x28=0x00000000
       42875000	      4188	800053c0	e69d	c.bnez	x13,800053ee	 x13:0x00000015
       42905000	      4191	800053ee	01402ab3	slt	x21,x0,x20	  x0:0x00000000 x20:0x98692000 x21=0x00000000
       42945000	      4195	800053f2	02a22eb3	mulhsu	x29,x4,x10	  x4:0x00000000 x10:0x0000026c x29=0x00000000
       42955000	      4196	800053f6	0035c563	blt	x11,x3,80005400	 x11:0x894eacb4  x3:0x00000001
       42975000	      4198	80005400	8441	c.srai	x8,0x10	  x8:0x00000000  x8=0x00000000
       42985000	      4199	80005402	0110db13	srli	x22,x1,0x11	  x1:0x00000000 x22=0x00000000
       42995000	      4200	80005406	005eb533	sltu	x10,x29,x5	 x29:0x00000000  x5:0x00000793 x10=0x00000001
       43005000	      4201	8000540a	418053b3	sra	x7,x0,x24	  x0:0x00000000 x24:0x000007ff  x7=0x00000000
       43045000	      4205	8000540e	031abd33	mulhu	x26,x21,x17	 x21:0x00000000 x17:0x00000000 x26=0x00000000
       43055000	      4206	80005412	2cd3c613	xori	x12,x7,717	  x7:0x00000000 x12=0x000002cd
       43065000	      4207	80005416	b6fdbb93	sltiu	x23,x27,-1169	 x27:0x0000024c x23=0x00000001
       43075000	      4208	8000541a	8c79	c.and	x8,x14	  x8:0x00000000 x14:0x0000049f  x8=0x00000000
       43085000	      4209	8000541c	03de9e63	bne	x29,x29,80005458	 x29:0x00000000 x29:0x00000000
       43095000	      4210	80005420	8d6d	c.and	x10,x11	 x10:0x00000001 x11:0x894eacb4 x10=0x00000000
       43105000	      4211	80005422	0001	c.addi	x0,0	  x0:0x00000000  x0=0x00000000
       43115000	      4212	80005424	01175463	bge	x14,x17,8000542c	 x14:0x0000049f x17:0x00000000
       43135000	      4214	8000542c	0bf9	c.addi	x23,30	 x23:0x00000001 x23=0x0000001f
       43145000	      4215	8000542e	01be7a63	bgeu	x28,x27,80005442	 x28:0x00000000 x27:0x0000024c
       43155000	      4216	80005432	41770033	sub	x0,x14,x23	 x14:0x0000049f x23:0x0000001f  x0=0x00000000
       43165000	      4217	80005436	03d57263	bgeu	x10,x29,8000545a	 x10:0x00000000 x29:0x00000000
       43225000	      4223	8000545a	03b53d33	mulhu	x26,x10,x27	 x10:0x00000000 x27:0x0000024c x26=0x00000000
       43235000	      4224	8000545e	8c3d	c.xor	x8,x15	  x8:0x00000000 x15:0x0000026c  x8=0x0000026c
       43245000	      4225	80005460	ea91	c.bnez	x13,80005474	 x13:0x00000015
       43265000	      4227	80005474	660d	c.lui	x12,0x3	 x12=0x00003000
       43635000	      4264	80005476	03b7dc33	divu	x24,x15,x27	 x15:0x0000026c x27:0x0000024c x24=0x00000001
       43645000	      4265	8000547a	8d79	c.and	x10,x14	 x10:0x00000000 x14:0x0000049f x10=0x00000000
       43655000	      4266	8000547c	0119ff63	bgeu	x19,x17,8000549a	 x19:0x00000000 x17:0x00000000
       43685000	      4269	8000549a	1704b313	sltiu	x6,x9,368	  x9:0x8001ee2c  x6=0x00000000
       43695000	      4270	8000549e	7a812913	slti	x18,x2,1960	  x2:0xfffff87f x18=0x00000001
       43705000	      4271	800054a2	8e46	c.mv	x28,x17	  x0:0x00000000 x17:0x00000000 x28=0x00000000
       43715000	      4272	800054a4	8c75	c.and	x8,x13	  x8:0x0000026c x13:0x00000015  x8=0x00000004
       43755000	      4276	800054a6	02c72cb3	mulhsu	x25,x14,x12	 x14:0x0000049f x12:0x00003000 x25=0x00000000
       43765000	      4277	800054aa	8e7d	c.and	x12,x15	 x12:0x00003000 x15:0x0000026c x12=0x00000000
       43775000	      4278	800054ac	0001	c.addi	x0,0	  x0:0x00000000  x0=0x00000000
       43785000	      4279	800054ae	cb99	c.beqz	x15,800054c4	 x15:0x0000026c
       43795000	      4280	800054b0	c009	c.beqz	x8,800054b2	  x8:0x00000004
       43815000	      4282	800054b2	0278f1b3	remu	x3,x17,x7	 x17:0x00000000  x7:0x00000000  x3=0x00000000
       43825000	      4283	800054b6	29ac6093	ori	x1,x24,666	 x24:0x00000001  x1=0x0000029b
       43835000	      4284	800054ba	5b4a13b7	lui	x7,0x5b4a1	  x7=0x5b4a1000
       43875000	      4288	800054be	036026b3	mulhsu	x13,x0,x22	  x0:0x00000000 x22:0x00000000 x13=0x00000000
       43885000	      4289	800054c2	093e	c.slli	x18,0xf	 x18:0x00000001 x18=0x00008000
       43895000	      4290	800054c4	8c05	c.sub	x8,x9	  x8:0x00000004  x9:0x8001ee2c  x8=0x7ffe11d8
       44265000	      4327	800054c6	03bd51b3	divu	x3,x26,x27	 x26:0x00000000 x27:0x0000024c  x3=0x00000000
       44275000	      4328	800054ca	03f1	c.addi	x7,28	  x7:0x5b4a1000  x7=0x5b4a101c
       44285000	      4329	800054cc	0001	c.addi	x0,0	  x0:0x00000000  x0=0x00000000
       44295000	      4330	800054ce	86a1	c.srai	x13,0x8	 x13:0x00000000 x13=0x00000000
       44305000	      4331	800054d0	01aeadb3	slt	x27,x29,x26	 x29:0x00000000 x26:0x00000000 x27=0x00000000
       44315000	      4332	800054d4	01fd1693	slli	x13,x26,0x1f	 x26:0x00000000 x13=0x00000000
       44355000	      4336	800054d8	02879eb3	mulh	x29,x15,x8	 x15:0x0000026c  x8:0x7ffe11d8 x29=0x00000135
       44365000	      4337	800054dc	012fa7b3	slt	x15,x31,x18	 x31:0x6c800000 x18:0x00008000 x15=0x00000000
       44375000	      4338	800054e0	86f1	c.srai	x13,0x1c	 x13:0x00000000 x13=0x00000000
       44405000	      4341	800054e2	03410833	mul	x16,x2,x20	  x2:0xfffff87f x20:0x98692000 x16=0x5326e000
       44775000	      4378	800054e6	03216533	rem	x10,x2,x18	  x2:0xfffff87f x18:0x00008000 x10=0xfffff87f
       44785000	      4379	800054ea	0001	c.addi	x0,0	  x0:0x00000000  x0=0x00000000
       44795000	      4380	800054ec	070b5897	auipc	x17,0x70b5	 x17=0x870ba4ec
       44835000	      4384	800054f0	028ea633	mulhsu	x12,x29,x8	 x29:0x00000135  x8:0x7ffe11d8 x12=0x0000009a
       44845000	      4385	800054f4	8015	c.srli	x8,0x5	  x8:0x7ffe11d8  x8=0x03fff08e
       44885000	      4389	800054f6	035aa3b3	mulhsu	x7,x21,x21	 x21:0x00000000 x21:0x00000000  x7=0x00000000
       44895000	      4390	800054fa	004c90b3	sll	x1,x25,x4	 x25:0x00000000  x4:0x00000000  x1=0x00000000
       44905000	      4391	800054fe	9afd	c.andi	x13,-1	 x13:0x00000000 x13=0x00000000
       44915000	      4392	80005500	44776f93	ori	x31,x14,1095	 x14:0x0000049f x31=0x000004df
       44925000	      4393	80005504	46393993	sltiu	x19,x18,1123	 x18:0x00008000 x19=0x00000000
       44935000	      4394	80005508	0ff0000f	fence	iorw,iorw	
       44945000	      4395	8000550c	00978c33	add	x24,x15,x9	 x15:0x00000000  x9:0x8001ee2c x24=0x8001ee2c
       44955000	      4396	80005510	9d86f893	andi	x17,x13,-1576	 x13:0x00000000 x17=0x00000000
       44965000	      4397	80005514	8fb5	c.xor	x15,x13	 x15:0x00000000 x13:0x00000000 x15=0x00000000
       44975000	      4398	80005516	012f8133	add	x2,x31,x18	 x31:0x000004df x18:0x00008000  x2=0x000084df
       44985000	      4399	8000551a	9285c013	xori	x0,x11,-1752	 x11:0x894eacb4  x0=0x00000000
       44995000	      4400	8000551e	0000100f	fence.i	
       45015000	      4402	80005522	0552	c.slli	x10,0x14	 x10:0xfffff87f x10=0x87f00000
       45025000	      4403	80005524	6ae4b013	sltiu	x0,x9,1710	  x9:0x8001ee2c  x0=0x00000000
       45035000	      4404	80005528	0c4ec893	xori	x17,x29,196	 x29:0x00000135 x17=0x000001f1
       45405000	      4441	8000552c	03117ab3	remu	x21,x2,x17	  x2:0x000084df x17:0x000001f1 x21=0x000000db
       45415000	      4442	80005530	0000100f	fence.i	
       45465000	      4447	80005534	02261e33	mulh	x28,x12,x2	 x12:0x0000009a  x2:0x000084df x28=0x00000000
       45475000	      4448	80005538	4eab6893	ori	x17,x22,1258	 x22:0x00000000 x17=0x000004ea
       45485000	      4449	8000553c	2a96c393	xori	x7,x13,681	 x13:0x00000000  x7=0x000002a9
       45495000	      4450	80005540	1210	c.addi4spn	x12,x2,288	 x12=0x000085ff
       45505000	      4451	80005542	00ba5813	srli	x16,x20,0xb	 x20:0x98692000 x16=0x00130d24
       45525000	      4453	80005546	02306433	rem	x8,x0,x3	  x0:0x00000000  x3:0x00000000  x8=0x00000000
       45535000	      4454	8000554a	8c19	c.sub	x8,x14	  x8:0x00000000 x14:0x0000049f  x8=0xfffffb61
       45545000	      4455	8000554c	002d8633	add	x12,x27,x2	 x27:0x00000000  x2:0x000084df x12=0x000084df
       45555000	      4456	80005550	a69a3993	sltiu	x19,x20,-1431	 x20:0x98692000 x19=0x00000001
       45565000	      4457	80005554	6b89	c.lui	x23,0x2	 x23=0x00002000
       45575000	      4458	80005556	717d	c.addi16sp	x2,-16	  x2:0x000084df  x2=0x000084cf
       45585000	      4459	80005558	00226a63	bltu	x4,x2,8000556c	  x4:0x00000000  x2:0x000084cf
       45605000	      4461	8000556c	137d	c.addi	x6,-1	  x6:0x00000000  x6=0xffffffff
       45625000	      4463	8000556e	03c57233	remu	x4,x10,x28	 x10:0x87f00000 x28:0x00000000  x4=0x87f00000
       45635000	      4464	80005572	0000100f	fence.i	
       46025000	      4503	80005576	03106bb3	rem	x23,x0,x17	  x0:0x00000000 x17:0x000004ea x23=0x00000000
       46035000	      4504	8000557a	954a	c.add	x10,x18	 x10:0x87f00000 x18:0x00008000 x10=0x87f08000
       46045000	      4505	8000557c	408fdd33	sra	x26,x31,x8	 x31:0x000004df  x8:0xfffffb61 x26=0x0000026f
       46055000	      4506	80005580	00be5613	srli	x12,x28,0xb	 x28:0x00000000 x12=0x00000000
       46425000	      4543	80005584	034ac9b3	div	x19,x21,x20	 x21:0x000000db x20:0x98692000 x19=0x00000000
       46435000	      4544	80005588	8e29	c.xor	x12,x10	 x12:0x00000000 x10:0x87f08000 x12=0x87f08000
       46445000	      4545	8000558a	0818	c.addi4spn	x14,x2,16	 x14=0x000084df
       46455000	      4546	8000558c	4014de13	srai	x28,x9,0x1	  x9:0x8001ee2c x28=0xc000f716
       46465000	      4547	80005590	00a80a63	beq	x16,x10,800055a4	 x16:0x00130d24 x10:0x87f08000
       46475000	      4548	80005594	8389	c.srli	x15,0x2	 x15:0x00000000 x15=0x00000000
       46485000	      4549	80005596	86ed	c.srai	x13,0x1b	 x13:0x00000000 x13=0x00000000
       46495000	      4550	80005598	b477ac93	slti	x25,x15,-1209	 x15:0x00000000 x25=0x00000000
       46535000	      4554	8000559c	03153a33	mulhu	x20,x10,x17	 x10:0x87f08000 x17:0x000004ea x20=0x0000029c
       46575000	      4558	800055a0	031d9733	mulh	x14,x27,x17	 x27:0x00000000 x17:0x000004ea x14=0x00000000
       46585000	      4559	800055a4	0001	c.addi	x0,0	  x0:0x00000000  x0=0x00000000
       46595000	      4560	800055a6	0000100f	fence.i	
       46625000	      4563	800055aa	0147e9b3	or	x19,x15,x20	 x15:0x00000000 x20:0x0000029c x19=0x0000029c
       46655000	      4566	800055ae	036d0b33	mul	x22,x26,x22	 x26:0x0000026f x22:0x00000000 x22=0x00000000
       46665000	      4567	800055b2	8a45	c.andi	x12,17	 x12:0x87f08000 x12=0x00000000
       47035000	      4604	800055b4	029fdab3	divu	x21,x31,x9	 x31:0x000004df  x9:0x8001ee2c x21=0x00000000
       47045000	      4605	800055b8	025df663	bgeu	x27,x5,800055e4	 x27:0x00000000  x5:0x00000793
       47055000	      4606	800055bc	df414717	auipc	x14,0xdf414	 x14=0x5f4195bc
       47065000	      4607	800055c0	d86f8d93	addi	x27,x31,-634	 x31:0x000004df x27=0x00000265
       47075000	      4608	800055c4	00b59863	bne	x11,x11,800055d4	 x11:0x894eacb4 x11:0x894eacb4
       47095000	      4610	800055c8	02d3d0b3	divu	x1,x7,x13	  x7:0x000002a9 x13:0x00000000  x1=0xffffffff
       47105000	      4611	800055cc	8d21	c.xor	x10,x8	 x10:0x87f08000  x8:0xfffffb61 x10=0x780f7b61
       47115000	      4612	800055ce	717d	c.addi16sp	x2,-16	  x2:0x000084cf  x2=0x000084bf
       47125000	      4613	800055d0	01cceab3	or	x21,x25,x28	 x25:0x00000000 x28:0xc000f716 x21=0xc000f716
       47135000	      4614	800055d4	0476c363	blt	x13,x7,8000561a	 x13:0x00000000  x7:0x000002a9
       47195000	      4620	8000561a	039fa333	mulhsu	x6,x31,x25	 x31:0x000004df x25:0x00000000  x6=0x00000000
       47205000	      4621	8000561e	1914	c.addi4spn	x13,x2,176	 x13=0x0000856f
       47215000	      4622	80005620	41488533	sub	x10,x17,x20	 x17:0x000004ea x20:0x0000029c x10=0x0000024e
       47225000	      4623	80005624	01142833	slt	x16,x8,x17	  x8:0xfffffb61 x17:0x000004ea x16=0x00000001
       47235000	      4624	80005628	416b5013	srai	x0,x22,0x16	 x22:0x00000000  x0=0x00000000
       47245000	      4625	8000562c	01c76f63	bltu	x14,x28,8000564a	 x14:0x5f4195bc x28:0xc000f716
       47275000	      4628	8000564a	01b70ab3	add	x21,x14,x27	 x14:0x5f4195bc x27:0x00000265 x21=0x5f419821
       47285000	      4629	8000564e	ad0f2993	slti	x19,x30,-1328	 x30:0x80022ce4 x19=0x00000001
       47295000	      4630	80005652	03d2	c.slli	x7,0x14	  x7:0x000002a9  x7=0x2a900000
       47305000	      4631	80005654	8ba93113	sltiu	x2,x18,-1862	 x18:0x00008000  x2=0x00000001
       47315000	      4632	80005658	418e5e33	sra	x28,x28,x24	 x28:0xc000f716 x24:0x8001ee2c x28=0xfffc000f
       47325000	      4633	8000565c	9162	c.add	x2,x24	  x2:0x00000001 x24:0x8001ee2c  x2=0x8001ee2d
       47335000	      4634	8000565e	717d	c.addi16sp	x2,-16	  x2:0x8001ee2d  x2=0x8001ee1d
       47345000	      4635	80005660	8ed9	c.or	x13,x14	 x13:0x0000856f x14:0x5f4195bc x13=0x5f4195ff
       47355000	      4636	80005662	c919	c.beqz	x10,80005678	 x10:0x0000024e
       47365000	      4637	80005664	0001	c.addi	x0,0	  x0:0x00000000  x0=0x00000000
       47375000	      4638	80005666	01444333	xor	x6,x8,x20	  x8:0xfffffb61 x20:0x0000029c  x6=0xfffff9fd
       47385000	      4639	8000566a	01901b63	bne	x0,x25,80005680	  x0:0x00000000 x25:0x00000000
       47395000	      4640	8000566e	873d	c.srai	x14,0xf	 x14:0x5f4195bc x14=0x0000be83
       47405000	      4641	80005670	0019d813	srli	x16,x19,0x1	 x19:0x00000001 x16=0x00000000
       47415000	      4642	80005674	00967b33	and	x22,x12,x9	 x12:0x00000000  x9:0x8001ee2c x22=0x00000000
       47425000	      4643	80005678	fd36b513	sltiu	x10,x13,-45	 x13:0x5f4195ff x10=0x00000001
       47795000	      4680	8000567c	0273d533	divu	x10,x7,x7	  x7:0x2a900000  x7:0x2a900000 x10=0x00000001
       47805000	      4681	80005680	00ed1233	sll	x4,x26,x14	 x26:0x0000026f x14:0x0000be83  x4=0x00001378
       47815000	      4682	80005684	4cd98e13	addi	x28,x19,1229	 x19:0x00000001 x28=0x000004ce
       47825000	      4683	80005688	fb01b913	sltiu	x18,x3,-80	  x3:0x00000000 x18=0x00000001
       47835000	      4684	8000568c	8d31	c.xor	x10,x12	 x10:0x00000001 x12:0x00000000 x10=0x00000001
       47845000	      4685	8000568e	8fc5	c.or	x15,x9	 x15:0x00000000  x9:0x8001ee2c x15=0x8001ee2c
       48215000	      4722	80005690	02db6a33	rem	x20,x22,x13	 x22:0x00000000 x13:0x5f4195ff x20=0x00000000
       48225000	      4723	80005694	0091e213	ori	x4,x3,9	  x3:0x00000000  x4=0x00000009
       48235000	      4724	80005698	fdcce793	ori	x15,x25,-36	 x25:0x00000000 x15=0xffffffdc
       48245000	      4725	8000569c	5dfd	c.li	x27,-1	 x27=0xffffffff
       48255000	      4726	8000569e	e219	c.bnez	x12,800056a4	 x12:0x00000000
       48265000	      4727	800056a0	425aa793	slti	x15,x21,1061	 x21:0x5f419821 x15=0x00000000
       48275000	      4728	800056a4	c70d	c.beqz	x14,800056ce	 x14:0x0000be83
       48285000	      4729	800056a6	00300a63	beq	x0,x3,800056ba	  x0:0x00000000  x3:0x00000000
       48315000	      4732	800056ba	ce40d2b7	lui	x5,0xce40d	  x5=0xce40d000
       48325000	      4733	800056be	0132e8b3	or	x17,x5,x19	  x5:0xce40d000 x19:0x00000001 x17=0xce40d001
       48365000	      4737	800056c2	032e1433	mulh	x8,x28,x18	 x28:0x000004ce x18:0x00000001  x8=0x00000000
       48375000	      4738	800056c6	02f4d163	bge	x9,x15,800056e8	  x9:0x8001ee2c x15:0x00000000
       48415000	      4742	800056ca	0253b033	mulhu	x0,x7,x5	  x7:0x2a900000  x5:0xce40d000  x0=0x00000000
       48425000	      4743	800056ce	1a7d	c.addi	x20,-1	 x20:0x00000000 x20=0xffffffff
       48435000	      4744	800056d0	0ff0000f	fence	iorw,iorw	
       48475000	      4748	800056d4	03371e33	mulh	x28,x14,x19	 x14:0x0000be83 x19:0x00000001 x28=0x00000000
       48485000	      4749	800056d8	60f1	c.lui	x1,0x1c	  x1=0x0001c000
       48495000	      4750	800056da	0001	c.addi	x0,0	  x0:0x00000000  x0=0x00000000
       48515000	      4752	800056dc	02c9e7b3	rem	x15,x19,x12	 x19:0x00000001 x12:0x00000000 x15=0x00000001
       48525000	      4753	800056e0	380c0213	addi	x4,x24,896	 x24:0x8001ee2c  x4=0x8001f1ac
       48535000	      4754	800056e4	01b90a63	beq	x18,x27,800056f8	 x18:0x00000001 x27:0xffffffff
       48545000	      4755	800056e8	717d	c.addi16sp	x2,-16	  x2:0x8001ee1d  x2=0x8001ee0d
       48555000	      4756	800056ea	8f4d	c.or	x14,x11	 x14:0x0000be83 x11:0x894eacb4 x14=0x894ebeb7
       48565000	      4757	800056ec	4102d2b3	sra	x5,x5,x16	  x5:0xce40d000 x16:0x00000000  x5=0xce40d000
       48575000	      4758	800056f0	401180b3	sub	x1,x3,x1	  x3:0x00000000  x1:0x0001c000  x1=0xfffe4000
       48585000	      4759	800056f4	01599b13	slli	x22,x19,0x15	 x19:0x00000001 x22=0x00200000
       48595000	      4760	800056f8	0000100f	fence.i	
       48615000	      4762	800056fc	61d5	c.lui	x3,0x15	  x3=0x00015000
       48625000	      4763	800056fe	40a85fb3	sra	x31,x16,x10	 x16:0x00000000 x10:0x00000001 x31=0x00000000
       48635000	      4764	80005702	9bfd	c.andi	x15,-1	 x15:0x00000001 x15=0x00000001
       48645000	      4765	80005704	059c	c.addi4spn	x15,x2,704	 x15=0x8001f0cd
       48655000	      4766	80005706	ef1d	c.bnez	x14,80005744	 x14:0x894ebeb7
       48675000	      4768	80005744	c109	c.beqz	x10,80005746	 x10:0x00000001
       48685000	      4769	80005746	f72e2193	slti	x3,x28,-142	 x28:0x00000000  x3=0x00000000
       48695000	      4770	8000574a	0153e663	bltu	x7,x21,80005756	  x7:0x2a900000 x21:0x5f419821
       48725000	      4773	80005756	027a7c63	bgeu	x20,x7,8000578e	 x20:0xffffffff  x7:0x2a900000
       48745000	      4775	8000578e	4879	c.li	x16,30	 x16=0x0000001e
       48755000	      4776	80005790	0ff0000f	fence	iorw,iorw	
       48765000	      4777	80005794	ef19	c.bnez	x14,800057b2	 x14:0x894ebeb7
       48795000	      4780	800057b2	0188eb33	or	x22,x17,x24	 x17:0xce40d001 x24:0x8001ee2c x22=0xce41fe2d
       48835000	      4784	800057b6	029e9cb3	mulh	x25,x29,x9	 x29:0x00000135  x9:0x8001ee2c x25=0xffffff65
       48865000	      4787	800057ba	03660133	mul	x2,x12,x22	 x12:0x00000000 x22:0xce41fe2d  x2=0x00000000
       48885000	      4789	800057be	03f86933	rem	x18,x16,x31	 x16:0x0000001e x31:0x00000000 x18=0x0000001e
       48895000	      4790	800057c2	4c2d	c.li	x24,11	 x24=0x0000000b
       48905000	      4791	800057c4	00447763	bgeu	x8,x4,800057d2	  x8:0x00000000  x4:0x8001f1ac
       48935000	      4794	800057c8	038c00b3	mul	x1,x24,x24	 x24:0x0000000b x24:0x0000000b  x1=0x00000079
       48975000	      4798	800057cc	023da333	mulhsu	x6,x27,x3	 x27:0xffffffff  x3:0x00000000  x6=0x00000000
       48985000	      4799	800057d0	0736	c.slli	x14,0xd	 x14:0x894ebeb7 x14=0xd7d6e000
       49005000	      4801	800057d2	03f768b3	rem	x17,x14,x31	 x14:0xd7d6e000 x31:0x00000000 x17=0xd7d6e000
       49015000	      4802	800057d6	606f2b93	slti	x23,x30,1542	 x30:0x80022ce4 x23=0x00000001
       49025000	      4803	800057da	83fd	c.srli	x15,0x1f	 x15:0x8001f0cd x15=0x00000001
       49035000	      4804	800057dc	616d	c.addi16sp	x2,240	  x2:0x00000000  x2=0x000000f0
       49045000	      4805	800057de	d554fe13	andi	x28,x9,-683	  x9:0x8001ee2c x28=0x8001ec04
       49055000	      4806	800057e2	8535	c.srai	x10,0xd	 x10:0x00000001 x10=0x00000000
       49065000	      4807	800057e4	01e3b133	sltu	x2,x7,x30	  x7:0x2a900000 x30:0x80022ce4  x2=0x00000001
       49105000	      4811	800057e8	02b793b3	mulh	x7,x15,x11	 x15:0x00000001 x11:0x894eacb4  x7=0xffffffff
       49115000	      4812	800057ec	8a0d	c.andi	x12,3	 x12:0x00000000 x12=0x00000000
       49125000	      4813	800057ee	4c488993	addi	x19,x17,1220	 x17:0xd7d6e000 x19=0xd7d6e4c4
       49135000	      4814	800057f2	41e9d013	srai	x0,x19,0x1e	 x19:0xd7d6e4c4  x0=0x00000000
       49145000	      4815	800057f6	41455b33	sra	x22,x10,x20	 x10:0x00000000 x20:0xffffffff x22=0x00000000
       49515000	      4852	800057fa	03ef4033	div	x0,x30,x30	 x30:0x80022ce4 x30:0x80022ce4  x0=0x00000000
       49525000	      4853	800057fe	f7c86e37	lui	x28,0xf7c86	 x28=0xf7c86000
       49535000	      4854	80005802	87dd	c.srai	x15,0x17	 x15:0x00000001 x15=0x00000000
       49545000	      4855	80005804	018cf133	and	x2,x25,x24	 x25:0xffffff65 x24:0x0000000b  x2=0x00000001
       49555000	      4856	80005808	0155d863	bge	x11,x21,80005818	 x11:0x894eacb4 x21:0x5f419821
       49565000	      4857	8000580c	8e09	c.sub	x12,x10	 x12:0x00000000 x10:0x00000000 x12=0x00000000
       49575000	      4858	8000580e	013b5033	srl	x0,x22,x19	 x22:0x00000000 x19:0xd7d6e4c4  x0=0x00000000
       49585000	      4859	80005812	1600	c.addi4spn	x8,x2,800	  x8=0x00000321
       49595000	      4860	80005814	02ae4663	blt	x28,x10,80005840	 x28:0xf7c86000 x10:0x00000000
       49645000	      4865	80005840	023d1b33	mulh	x22,x26,x3	 x26:0x0000026f  x3:0x00000000 x22=0x00000000
       49655000	      4866	80005844	01ab6d63	bltu	x22,x26,8000585e	 x22:0x00000000 x26:0x0000026f
       49685000	      4869	8000585e	0ff0000f	fence	iorw,iorw	
       49695000	      4870	80005862	1a7d	c.addi	x20,-1	 x20:0xffffffff x20=0xfffffffe
       49705000	      4871	80005864	000a0a63	beq	x20,x0,80005878	 x20:0xfffffffe  x0:0x00000000
       49715000	      4872	80005868	01c6abb3	slt	x23,x13,x28	 x13:0x5f4195ff x28:0xf7c86000 x23=0x00000000
       49725000	      4873	8000586c	8c19	c.sub	x8,x14	  x8:0x00000321 x14:0xd7d6e000  x8=0x28292321
       49735000	      4874	8000586e	6de5	c.lui	x27,0x19	 x27=0x00019000
       49775000	      4878	80005870	0202bdb3	mulhu	x27,x5,x0	  x5:0xce40d000  x0:0x00000000 x27=0x00000000
       49785000	      4879	80005874	0000fab3	and	x21,x1,x0	  x1:0x00000079  x0:0x00000000 x21=0x00000000
       49795000	      4880	80005878	01e52933	slt	x18,x10,x30	 x10:0x00000000 x30:0x80022ce4 x18=0x00000000
       49805000	      4881	8000587c	00c55363	bge	x10,x12,80005882	 x10:0x00000000 x12:0x00000000
       49835000	      4884	80005882	00af7d33	and	x26,x30,x10	 x30:0x80022ce4 x10:0x00000000 x26=0x00000000
       49845000	      4885	80005886	04005063	bge	x0,x0,800058c6	  x0:0x00000000  x0:0x00000000
       49875000	      4888	800058c6	6d958a93	addi	x21,x11,1753	 x11:0x894eacb4 x21=0x894eb38d
       49885000	      4889	800058ca	41fa51b3	sra	x3,x20,x31	 x20:0xfffffffe x31:0x00000000  x3=0xfffffffe
       49895000	      4890	800058ce	410cdb93	srai	x23,x25,0x10	 x25:0xffffff65 x23=0xffffffff
       49905000	      4891	800058d2	7b2fe213	ori	x4,x31,1970	 x31:0x00000000  x4=0x000007b2
       49915000	      4892	800058d6	997d	c.andi	x10,-1	 x10:0x00000000 x10=0x00000000
       49925000	      4893	800058d8	cdf1fd93	andi	x27,x3,-801	  x3:0xfffffffe x27=0xfffffcde
       49935000	      4894	800058dc	03024b63	blt	x4,x16,80005912	  x4:0x000007b2 x16:0x0000001e
       49945000	      4895	800058e0	28753d13	sltiu	x26,x10,647	 x10:0x00000000 x26=0x00000001
       49955000	      4896	800058e4	1680	c.addi4spn	x8,x2,864	  x8=0x00000361
       49965000	      4897	800058e6	01ac7bb3	and	x23,x24,x26	 x24:0x0000000b x26:0x00000001 x23=0x00000001
       49975000	      4898	800058ea	01548833	add	x16,x9,x21	  x9:0x8001ee2c x21:0x894eb38d x16=0x0950a1b9
       49985000	      4899	800058ee	03038263	beq	x7,x16,80005912	  x7:0xffffffff x16:0x0950a1b9
       49995000	      4900	800058f2	f7eac413	xori	x8,x21,-130	 x21:0x894eb38d  x8=0x76b14cf3
       50005000	      4901	800058f6	015bdc63	bge	x23,x21,8000590e	 x23:0x00000001 x21:0x894eb38d
       50035000	      4904	8000590e	58b97e17	auipc	x28,0x58b97	 x28=0xd8b9c90e
       50045000	      4905	80005912	031ac763	blt	x21,x17,80005940	 x21:0x894eb38d x17:0xd7d6e000
       50085000	      4909	80005940	038b83b3	mul	x7,x23,x24	 x23:0x00000001 x24:0x0000000b  x7=0x0000000b
       50095000	      4910	80005944	0dc2	c.slli	x27,0x10	 x27:0xfffffcde x27=0xfcde0000
       50105000	      4911	80005946	0060076f	jal	x14,8000594c	 x14=0x8000594a
       50125000	      4913	8000594c	008000ef	jal	x1,80005954	  x1=0x80005950
       50145000	      4915	80005954	01e000ef	jal	x1,80005972	  x1=0x80005958
       50165000	      4917	80005972	37dd	c.jal	80005958	  x1=0x80005974
       50185000	      4919	80005958	a009	c.j	8000595a	
       50215000	      4922	8000595a	00c000ef	jal	x1,80005966	  x1=0x8000595e
       50235000	      4924	80005966	2019	c.jal	8000596c	  x1=0x80005968
       50255000	      4926	8000596c	00e00bef	jal	x23,8000597a	 x23=0x80005970
       50275000	      4928	8000597a	bfc1	c.j	8000594a	
       50295000	      4930	8000594a	2821	c.jal	80005962	  x1=0x8000594c
       50325000	      4933	80005962	fffff0ef	jal	x1,80005960	  x1=0x80005966
       50345000	      4935	80005960	bffd	c.j	8000595e	
       50365000	      4937	8000595e	2839	c.jal	8000597c	  x1=0x80005960
       50385000	      4939	8000597c	ff9ff0ef	jal	x1,80005974	  x1=0x80005980
       50405000	      4941	80005974	3ff5	c.jal	80005970	  x1=0x80005976
       50425000	      4943	80005970	b7c5	c.j	80005950	
       50445000	      4945	80005950	030000ef	jal	x1,80005980	  x1=0x80005954
       50465000	      4947	80005980	bfdd	c.j	80005976	
       50495000	      4950	80005976	ff3ff0ef	jal	x1,80005968	  x1=0x8000597a
       50515000	      4952	80005968	01a0026f	jal	x4,80005982	  x4=0x8000596c
       50535000	      4954	80005982	0985	c.addi	x19,1	 x19:0xd7d6e4c4 x19=0xd7d6e4c5
       50545000	      4955	80005984	05944263	blt	x8,x25,800059c8	  x8:0x76b14cf3 x25:0xffffff65
       50555000	      4956	80005988	5f22ce93	xori	x29,x5,1522	  x5:0xce40d000 x29=0xce40d5f2
       50565000	      4957	8000598c	8c52	c.mv	x24,x20	  x0:0x00000000 x20:0xfffffffe x24=0xfffffffe
       50575000	      4958	8000598e	0000100f	fence.i	
       50605000	      4961	80005992	0120076f	jal	x14,800059a4	 x14=0x80005996
       50625000	      4963	800059a4	3fed	c.jal	8000599e	  x1=0x800059a6
       50655000	      4966	8000599e	008000ef	jal	x1,800059a6	  x1=0x800059a2
       50675000	      4968	800059a6	2009	c.jal	800059a8	  x1=0x800059a8
       50695000	      4970	800059a8	2009	c.jal	800059aa	  x1=0x800059aa
       50725000	      4973	800059aa	fefff0ef	jal	x1,80005998	  x1=0x800059ae
       50745000	      4975	80005998	2009	c.jal	8000599a	  x1=0x8000599a
       50765000	      4977	8000599a	2009	c.jal	8000599c	  x1=0x8000599c
       50785000	      4979	8000599c	bfed	c.j	80005996	
       50805000	      4981	80005996	2031	c.jal	800059a2	  x1=0x80005998
       50825000	      4983	800059a2	2031	c.jal	800059ae	  x1=0x800059a4
       50845000	      4985	800059ae	6171	c.addi16sp	x2,336	  x2:0x00000001  x2=0x00000151
       50855000	      4986	800059b0	8c7d	c.and	x8,x15	  x8:0x76b14cf3 x15:0x00000000  x8=0x00000000
       50865000	      4987	800059b2	0074c7b3	xor	x15,x9,x7	  x9:0x8001ee2c  x7:0x0000000b x15=0x8001ee27
       50875000	      4988	800059b6	1988	c.addi4spn	x10,x2,240	 x10=0x00000241
       50885000	      4989	800059b8	0001	c.addi	x0,0	  x0:0x00000000  x0=0x00000000
       50895000	      4990	800059ba	00667733	and	x14,x12,x6	 x12:0x00000000  x6:0x00000000 x14=0x00000000
       50905000	      4991	800059be	40905813	srai	x16,x0,0x9	  x0:0x00000000 x16=0x00000000
       50915000	      4992	800059c2	9fc2	c.add	x31,x16	 x31:0x00000000 x16:0x00000000 x31=0x00000000
       50925000	      4993	800059c4	01a76fb3	or	x31,x14,x26	 x14:0x00000000 x26:0x00000001 x31=0x00000001
       50945000	      4995	800059c8	0203ebb3	rem	x23,x7,x0	  x7:0x0000000b  x0:0x00000000 x23=0x0000000b
       50955000	      4996	800059cc	8e35	c.xor	x12,x13	 x12:0x00000000 x13:0x5f4195ff x12=0x5f4195ff
       50965000	      4997	800059ce	93334e93	xori	x29,x6,-1741	  x6:0x00000000 x29=0xfffff933
       51335000	      5034	800059d2	03cdfb33	remu	x22,x27,x28	 x27:0xfcde0000 x28:0xd8b9c90e x22=0x242436f2
       51375000	      5038	800059d6	0284b6b3	mulhu	x13,x9,x8	  x9:0x8001ee2c  x8:0x00000000 x13=0x00000000
       51385000	      5039	800059da	b46be913	ori	x18,x23,-1210	 x23:0x0000000b x18=0xfffffb4f
       51395000	      5040	800059de	0129d563	bge	x19,x18,800059e8	 x19:0xd7d6e4c5 x18:0xfffffb4f
       51405000	      5041	800059e2	e689	c.bnez	x13,800059ec	 x13:0x00000000
       51415000	      5042	800059e4	0911	c.addi	x18,4	 x18:0xfffffb4f x18=0xfffffb53
       51425000	      5043	800059e6	8551	c.srai	x10,0x14	 x10:0x00000241 x10=0x00000000
       51435000	      5044	800059e8	01e378b3	and	x17,x6,x30	  x6:0x00000000 x30:0x80022ce4 x17=0x00000000
       51805000	      5081	800059ec	02187d33	remu	x26,x16,x1	 x16:0x00000000  x1:0x800059a4 x26=0x00000000
       51815000	      5082	800059f0	6355	c.lui	x6,0x15	  x6=0x00015000
       51825000	      5083	800059f2	00c4e833	or	x16,x9,x12	  x9:0x8001ee2c x12:0x5f4195ff x16=0xdf41ffff
       51845000	      5085	800059f6	028748b3	div	x17,x14,x8	 x14:0x00000000  x8:0x00000000 x17=0xffffffff
       51855000	      5086	800059fa	017d86b3	add	x13,x27,x23	 x27:0xfcde0000 x23:0x0000000b x13=0xfcde000b
       51895000	      5090	800059fe	038da333	mulhsu	x6,x27,x24	 x27:0xfcde0000 x24:0xfffffffe  x6=0xfcde0000
       51905000	      5091	80005a02	0186	c.slli	x3,0x1	  x3:0xfffffffe  x3=0xfffffffc
       51915000	      5092	80005a04	612d	c.addi16sp	x2,224	  x2:0x00000151  x2=0x00000231
       51925000	      5093	80005a06	0001	c.addi	x0,0	  x0:0x00000000  x0=0x00000000
       51955000	      5096	80005a08	03fb8333	mul	x6,x23,x31	 x23:0x0000000b x31:0x00000001  x6=0x0000000b
       51965000	      5097	80005a0c	8511	c.srai	x10,0x4	 x10:0x00000000 x10=0x00000000
       51975000	      5098	80005a0e	40fdd513	srai	x10,x27,0xf	 x27:0xfcde0000 x10=0xfffff9bc
       51985000	      5099	80005a12	9722	c.add	x14,x8	 x14:0x00000000  x8:0x00000000 x14=0x00000000
       52355000	      5136	80005a14	02ad5633	divu	x12,x26,x10	 x26:0x00000000 x10:0xfffff9bc x12=0x00000000
       52365000	      5137	80005a18	35e13013	sltiu	x0,x2,862	  x2:0x00000231  x0=0x00000000
       52375000	      5138	80005a1c	eed72213	slti	x4,x14,-275	 x14:0x00000000  x4=0x00000000
       52385000	      5139	80005a20	016389b3	add	x19,x7,x22	  x7:0x0000000b x22:0x242436f2 x19=0x242436fd
       52405000	      5141	80005a24	024ae833	rem	x16,x21,x4	 x21:0x894eb38d  x4:0x00000000 x16=0x894eb38d
       52415000	      5142	80005a28	8935	c.andi	x10,13	 x10:0xfffff9bc x10=0x0000000c
       52425000	      5143	80005a2a	8d19	c.sub	x10,x14	 x10:0x0000000c x14:0x00000000 x10=0x0000000c
       52435000	      5144	80005a2c	aa728f93	addi	x31,x5,-1369	  x5:0xce40d000 x31=0xce40caa7
       52445000	      5145	80005a30	0410e163	bltu	x1,x1,80005a72	  x1:0x800059a4  x1:0x800059a4
       52485000	      5149	80005a34	0320a533	mulhsu	x10,x1,x18	  x1:0x800059a4 x18:0xfffffb53 x10=0x80005bfa
       52495000	      5150	80005a38	034d9a63	bne	x27,x20,80005a6c	 x27:0xfcde0000 x20:0xfffffffe
       52515000	      5152	80005a6c	0001	c.addi	x0,0	  x0:0x00000000  x0=0x00000000
       52525000	      5153	80005a6e	1dbd8b93	addi	x23,x27,475	 x27:0xfcde0000 x23=0xfcde01db
       52535000	      5154	80005a72	0108d9b3	srl	x19,x17,x16	 x17:0xffffffff x16:0x894eb38d x19=0x0007ffff
       52575000	      5158	80005a76	03bd16b3	mulh	x13,x26,x27	 x26:0x00000000 x27:0xfcde0000 x13=0x00000000
       52595000	      5160	80005a7a	02ecf7b3	remu	x15,x25,x14	 x25:0xffffff65 x14:0x00000000 x15=0xffffff65
       52605000	      5161	80005a7e	1573ba13	sltiu	x20,x7,343	  x7:0x0000000b x20=0x00000001
       52615000	      5162	80005a82	0001	c.addi	x0,0	  x0:0x00000000  x0=0x00000000
       52625000	      5163	80005a84	64067293	andi	x5,x12,1600	 x12:0x00000000  x5=0x00000000
       52635000	      5164	80005a88	931e	c.add	x6,x7	  x6:0x0000000b  x7:0x0000000b  x6=0x00000016
       53005000	      5201	80005a8a	02b54033	div	x0,x10,x11	 x10:0x80005bfa x11:0x894eacb4  x0=0x00000000
       53035000	      5204	80005a8e	02148633	mul	x12,x9,x1	  x9:0x8001ee2c  x1:0x800059a4 x12=0xad09e030
       53405000	      5241	80005a92	0319d9b3	divu	x19,x19,x17	 x19:0x0007ffff x17:0xffffffff x19=0x00000000
       53415000	      5242	80005a96	863d	c.srai	x12,0xf	 x12:0xad09e030 x12=0xffff5a13
       53425000	      5243	80005a98	8f9d	c.sub	x15,x15	 x15:0xffffff65 x15:0xffffff65 x15=0x00000000
       53435000	      5244	80005a9a	643d	c.lui	x8,0xf	  x8=0x0000f000
       53445000	      5245	80005a9c	d2800c13	addi	x24,x0,-728	  x0:0x00000000 x24=0xfffffd28
       53455000	      5246	80005aa0	0001	c.addi	x0,0	  x0:0x00000000  x0=0x00000000
       53465000	      5247	80005aa2	0142f9b3	and	x19,x5,x20	  x5:0x00000000 x20:0x00000001 x19=0x00000000
       53475000	      5248	80005aa6	4c69	c.li	x24,26	 x24=0x0000001a
       53485000	      5249	80005aa8	1b3ff413	andi	x8,x31,435	 x31:0xce40caa7  x8=0x000000a3
       53495000	      5250	80005aac	001b26b3	slt	x13,x22,x1	 x22:0x242436f2  x1:0x800059a4 x13=0x00000000
       53865000	      5287	80005ab0	021ecfb3	div	x31,x29,x1	 x29:0xfffff933  x1:0x800059a4 x31=0x00000000
       53875000	      5288	80005ab4	0001	c.addi	x0,0	  x0:0x00000000  x0=0x00000000
       53885000	      5289	80005ab6	0352f463	bgeu	x5,x21,80005ade	  x5:0x00000000 x21:0x894eb38d
       53895000	      5290	80005aba	0d978e97	auipc	x29,0xd978	 x29=0x8d97daba
       53905000	      5291	80005abe	01ce5393	srli	x7,x28,0x1c	 x28:0xd8b9c90e  x7=0x0000000d
       53915000	      5292	80005ac2	6a1d	c.lui	x20,0x7	 x20=0x00007000
       53925000	      5293	80005ac4	00da96b3	sll	x13,x21,x13	 x21:0x894eb38d x13:0x00000000 x13=0x894eb38d
       53935000	      5294	80005ac8	0001	c.addi	x0,0	  x0:0x00000000  x0=0x00000000
       53945000	      5295	80005aca	01e93733	sltu	x14,x18,x30	 x18:0xfffffb53 x30:0x80022ce4 x14=0x00000000
       53955000	      5296	80005ace	8ea1	c.xor	x13,x8	 x13:0x894eb38d  x8:0x000000a3 x13=0x894eb32e
       53965000	      5297	80005ad0	aedf3393	sltiu	x7,x30,-1299	 x30:0x80022ce4  x7=0x00000001
       53975000	      5298	80005ad4	01029993	slli	x19,x5,0x10	  x5:0x00000000 x19=0x00000000
       53985000	      5299	80005ad8	74bcf893	andi	x17,x25,1867	 x25:0xffffff65 x17=0x00000741
       53995000	      5300	80005adc	8d41	c.or	x10,x8	 x10:0x80005bfa  x8:0x000000a3 x10=0x80005bfb
       54005000	      5301	80005ade	83a5	c.srli	x15,0x9	 x15:0x00000000 x15=0x00000000
       54015000	      5302	80005ae0	02387063	bgeu	x16,x3,80005b00	 x16:0x894eb38d  x3:0xfffffffc
       54025000	      5303	80005ae4	3e8d2c93	slti	x25,x26,1000	 x26:0x00000000 x25=0x00000001
       54035000	      5304	80005ae8	00cf1e13	slli	x28,x30,0xc	 x30:0x80022ce4 x28=0x22ce4000
       54045000	      5305	80005aec	0001	c.addi	x0,0	  x0:0x00000000  x0=0x00000000
       54055000	      5306	80005aee	8626	c.mv	x12,x9	  x0:0x00000000  x9:0x8001ee2c x12=0x8001ee2c
       54065000	      5307	80005af0	00e191b3	sll	x3,x3,x14	  x3:0xfffffffc x14:0x00000000  x3=0xfffffffc
       54075000	      5308	80005af4	8f35	c.xor	x14,x13	 x14:0x00000000 x13:0x894eb32e x14=0x894eb32e
       54085000	      5309	80005af6	001de263	bltu	x27,x1,80005afa	 x27:0xfcde0000  x1:0x800059a4
       54095000	      5310	80005afa	8e61	c.and	x12,x8	 x12:0x8001ee2c  x8:0x000000a3 x12=0x00000020
       54125000	      5313	80005afc	02228833	mul	x16,x5,x2	  x5:0x00000000  x2:0x00000231 x16=0x00000000
       54145000	      5315	80005b00	02f3f9b3	remu	x19,x7,x15	  x7:0x00000001 x15:0x00000000 x19=0x00000001
       54155000	      5316	80005b04	0001	c.addi	x0,0	  x0:0x00000000  x0=0x00000000
       54165000	      5317	80005b06	0139dc93	srli	x25,x19,0x13	 x19:0x00000001 x25=0x00000000
       54175000	      5318	80005b0a	8135	c.srli	x10,0xd	 x10:0x80005bfb x10=0x00040002
       54185000	      5319	80005b0c	0ff0000f	fence	iorw,iorw	
       54195000	      5320	80005b10	9afd	c.andi	x13,-1	 x13:0x894eb32e x13=0x894eb32e
       54205000	      5321	80005b12	5a7d	c.li	x20,-1	 x20=0xffffffff
       54575000	      5358	80005b14	02d7fe33	remu	x28,x15,x13	 x15:0x00000000 x13:0x894eb32e x28=0x00000000
       54585000	      5359	80005b18	00e25433	srl	x8,x4,x14	  x4:0x00000000 x14:0x894eb32e  x8=0x00000000
       54595000	      5360	80005b1c	02f39c63	bne	x7,x15,80005b54	  x7:0x00000001 x15:0x00000000
       54615000	      5362	80005b54	8f5d	c.or	x14,x15	 x14:0x894eb32e x15:0x00000000 x14=0x894eb32e
       54625000	      5363	80005b56	da763b93	sltiu	x23,x12,-601	 x12:0x00000020 x23=0x00000001
       54655000	      5366	80005b5a	039f07b3	mul	x15,x30,x25	 x30:0x80022ce4 x25:0x00000000 x15=0x00000000
       54665000	      5367	80005b5e	00e501b3	add	x3,x10,x14	 x10:0x00040002 x14:0x894eb32e  x3=0x8952b330
       55035000	      5404	80005b62	0375d8b3	divu	x17,x11,x23	 x11:0x894eacb4 x23:0x00000001 x17=0x894eacb4
       55065000	      5407	80005b66	031d87b3	mul	x15,x27,x17	 x27:0xfcde0000 x17:0x894eacb4 x15=0xf4180000
       55075000	      5408	80005b6a	01b01c13	slli	x24,x0,0x1b	  x0:0x00000000 x24=0x00000000
       55085000	      5409	80005b6e	4df96a13	ori	x20,x18,1247	 x18:0xfffffb53 x20=0xffffffdf
       55125000	      5413	80005b72	02b6abb3	mulhsu	x23,x13,x11	 x13:0x894eb32e x11:0x894eacb4 x23=0xc056a3cb
       55135000	      5414	80005b76	e329	c.bnez	x14,80005bb8	 x14:0x894eb32e
       55155000	      5416	80005bb8	450d	c.li	x10,3	 x10=0x00000003
       55165000	      5417	80005bba	0001	c.addi	x0,0	  x0:0x00000000  x0=0x00000000
       55175000	      5418	80005bbc	013a6363	bltu	x20,x19,80005bc2	 x20:0xffffffdf x19:0x00000001
       55185000	      5419	80005bc0	0001	c.addi	x0,0	  x0:0x00000000  x0=0x00000000
       55195000	      5420	80005bc2	00365433	srl	x8,x12,x3	 x12:0x00000020  x3:0x8952b330  x8=0x00000000
       55205000	      5421	80005bc6	a154ad93	slti	x27,x9,-1515	  x9:0x8001ee2c x27=0x00000001
       55575000	      5458	80005bca	0354f133	remu	x2,x9,x21	  x9:0x8001ee2c x21:0x894eb38d  x2=0x8001ee2c
       55585000	      5459	80005bce	c1702097	auipc	x1,0xc1702	  x1=0x41707bce
       55595000	      5460	80005bd2	0000100f	fence.i	
       55615000	      5462	80005bd6	0001	c.addi	x0,0	  x0:0x00000000  x0=0x00000000
       55625000	      5463	80005bd8	0062d833	srl	x16,x5,x6	  x5:0x00000000  x6:0x00000016 x16=0x00000000
       55635000	      5464	80005bdc	c51d	c.beqz	x10,80005c0a	 x10:0x00000003
       55645000	      5465	80005bde	57fd	c.li	x15,-1	 x15=0xffffffff
       55655000	      5466	80005be0	0ff0000f	fence	iorw,iorw	
       55665000	      5467	80005be4	41d10b33	sub	x22,x2,x29	  x2:0x8001ee2c x29:0x8d97daba x22=0xf26a1372
       55675000	      5468	80005be8	8ee9	c.and	x13,x10	 x13:0x894eb32e x10:0x00000003 x13=0x00000002
       55685000	      5469	80005bea	015509b3	add	x19,x10,x21	 x10:0x00000003 x21:0x894eb38d x19=0x894eb390
       55695000	      5470	80005bee	00542033	slt	x0,x8,x5	  x8:0x00000000  x5:0x00000000  x0=0x00000000
       55705000	      5471	80005bf2	01ef5433	srl	x8,x30,x30	 x30:0x80022ce4 x30:0x80022ce4  x8=0x080022ce
       55715000	      5472	80005bf6	8a1d	c.andi	x12,7	 x12:0x00000020 x12=0x00000000
       55725000	      5473	80005bf8	002f98b3	sll	x17,x31,x2	 x31:0x00000000  x2:0x8001ee2c x17=0x00000000
       55735000	      5474	80005bfc	00999eb3	sll	x29,x19,x9	 x19:0x894eb390  x9:0x8001ee2c x29=0xeb390000
       55745000	      5475	80005c00	8261	c.srli	x12,0x18	 x12:0x00000000 x12=0x00000000
       55755000	      5476	80005c02	0001	c.addi	x0,0	  x0:0x00000000  x0=0x00000000
       55765000	      5477	80005c04	8f11	c.sub	x14,x12	 x14:0x894eb32e x12:0x00000000 x14=0x894eb32e
       56135000	      5514	80005c06	03694db3	div	x27,x18,x22	 x18:0xfffffb53 x22:0xf26a1372 x27=0x00000000
       56145000	      5515	80005c0a	002d33b3	sltu	x7,x26,x2	 x26:0x00000000  x2:0x8001ee2c  x7=0x00000001
       56185000	      5519	80005c0e	03603d33	mulhu	x26,x0,x22	  x0:0x00000000 x22:0xf26a1372 x26=0x00000000
       56195000	      5520	80005c12	0102a833	slt	x16,x5,x16	  x5:0x00000000 x16:0x00000000 x16=0x00000000
       56205000	      5521	80005c16	0000100f	fence.i	
       56225000	      5523	80005c1a	8c39	c.xor	x8,x14	  x8:0x080022ce x14:0x894eb32e  x8=0x814e91e0
       56235000	      5524	80005c1c	00614e63	blt	x2,x6,80005c38	  x2:0x8001ee2c  x6:0x00000016
       56255000	      5526	80005c38	0ff0000f	fence	iorw,iorw	
       56265000	      5527	80005c3c	ea89	c.bnez	x13,80005c4e	 x13:0x00000002
       56285000	      5529	80005c4e	8e31	c.xor	x12,x12	 x12:0x00000000 x12:0x00000000 x12=0x00000000
       56295000	      5530	80005c50	00ade1b3	or	x3,x27,x10	 x27:0x00000000 x10:0x00000003  x3=0x00000003
       56305000	      5531	80005c54	01ca	c.slli	x3,0x12	  x3:0x00000003  x3=0x000c0000
       56675000	      5568	80005c56	0281c633	div	x12,x3,x8	  x3:0x000c0000  x8:0x814e91e0 x12=0x00000000
       57045000	      5605	80005c5a	03684cb3	div	x25,x16,x22	 x16:0x00000000 x22:0xf26a1372 x25=0x00000000
       57055000	      5606	80005c5e	7b6d0213	addi	x4,x26,1974	 x26:0x00000000  x4=0x000007b6
       57065000	      5607	80005c62	41ba83b3	sub	x7,x21,x27	 x21:0x894eb38d x27:0x00000000  x7=0x894eb38d
       57075000	      5608	80005c66	408c5293	srai	x5,x24,0x8	 x24:0x00000000  x5=0x00000000
       57095000	      5610	80005c6a	02cde833	rem	x16,x27,x12	 x27:0x00000000 x12:0x00000000 x16=0x00000000
       57465000	      5647	80005c6e	02b0fd33	remu	x26,x1,x11	  x1:0x41707bce x11:0x894eacb4 x26=0x41707bce
       57475000	      5648	80005c72	8051	c.srli	x8,0x14	  x8:0x814e91e0  x8=0x00000814
       57485000	      5649	80005c74	0000100f	fence.i	
       57505000	      5651	80005c78	8e79	c.and	x12,x14	 x12:0x00000000 x14:0x894eb32e x12=0x00000000
       57515000	      5652	80005c7a	6779	c.lui	x14,0x1e	 x14=0x0001e000
       57525000	      5653	80005c7c	8bf1	c.andi	x15,28	 x15:0xffffffff x15=0x0000001c
       57535000	      5654	80005c7e	717d	c.addi16sp	x2,-16	  x2:0x8001ee2c  x2=0x8001ee1c
       57545000	      5655	80005c80	8d71	c.and	x10,x12	 x10:0x00000003 x12:0x00000000 x10=0x00000000
       57585000	      5659	80005c82	03aabdb3	mulhu	x27,x21,x26	 x21:0x894eb38d x26:0x41707bce x27=0x2319506c
       57595000	      5660	80005c86	717d	c.addi16sp	x2,-16	  x2:0x8001ee1c  x2=0x8001ee0c
       57605000	      5661	80005c88	00d1e6b3	or	x13,x3,x13	  x3:0x000c0000 x13:0x00000002 x13=0x000c0002
       57615000	      5662	80005c8c	01c77833	and	x16,x14,x28	 x14:0x0001e000 x28:0x00000000 x16=0x00000000
       57625000	      5663	80005c90	01c25393	srli	x7,x4,0x1c	  x4:0x000007b6  x7=0x00000000
       57665000	      5667	80005c94	02eaacb3	mulhsu	x25,x21,x14	 x21:0x894eb38d x14:0x0001e000 x25=0xffff2173
       57705000	      5671	80005c98	03e42e33	mulhsu	x28,x8,x30	  x8:0x00000814 x30:0x80022ce4 x28=0x0000040a
       57715000	      5672	80005c9c	7c304b13	xori	x22,x0,1987	  x0:0x00000000 x22=0x000007c3
       57725000	      5673	80005ca0	000a38b3	sltu	x17,x20,x0	 x20:0xffffffdf  x0:0x00000000 x17=0x00000000
       57735000	      5674	80005ca4	00639b93	slli	x23,x7,0x6	  x7:0x00000000 x23=0x00000000
       57745000	      5675	80005ca8	9ee7ba93	sltiu	x21,x15,-1554	 x15:0x0000001c x21=0x00000001
       57755000	      5676	80005cac	c5de4113	xori	x2,x28,-931	 x28:0x0000040a  x2=0xfffff857
       57765000	      5677	80005cb0	013c9213	slli	x4,x25,0x13	 x25:0xffff2173  x4=0x0b980000
       57775000	      5678	80005cb4	41a4d8b3	sra	x17,x9,x26	  x9:0x8001ee2c x26:0x41707bce x17=0xfffe0007
       57785000	      5679	80005cb8	0083da93	srli	x21,x7,0x8	  x7:0x00000000 x21=0x00000000
       58155000	      5716	80005cbc	0330d6b3	divu	x13,x1,x19	  x1:0x41707bce x19:0x894eb390 x13=0x00000000
       58165000	      5717	80005cc0	4063dc93	srai	x25,x7,0x6	  x7:0x00000000 x25=0x00000000
       58175000	      5718	80005cc4	0f95	c.addi	x31,5	 x31:0x00000000 x31=0x00000005
       58185000	      5719	80005cc6	83c9	c.srli	x15,0x12	 x15:0x0000001c x15=0x00000000
       58195000	      5720	80005cc8	0001	c.addi	x0,0	  x0:0x00000000  x0=0x00000000
       58565000	      5757	80005cca	03117a33	remu	x20,x2,x17	  x2:0xfffff857 x17:0xfffe0007 x20=0x0001f850
       58575000	      5758	80005cce	417787b3	sub	x15,x15,x23	 x15:0x00000000 x23:0x00000000 x15=0x00000000
       58585000	      5759	80005cd2	0000100f	fence.i	
       58605000	      5761	80005cd6	997d	c.andi	x10,-1	 x10:0x00000000 x10=0x00000000
       58615000	      5762	80005cd8	009d6bb3	or	x23,x26,x9	 x26:0x41707bce  x9:0x8001ee2c x23=0xc171ffee
       58625000	      5763	80005cdc	41f8dbb3	sra	x23,x17,x31	 x17:0xfffe0007 x31:0x00000005 x23=0xfffff000
       58635000	      5764	80005ce0	003d8b63	beq	x27,x3,80005cf6	 x27:0x2319506c  x3:0x000c0000
       58675000	      5768	80005ce4	0222bab3	mulhu	x21,x5,x2	  x5:0x00000000  x2:0xfffff857 x21=0x00000000
       58685000	      5769	80005ce8	0001	c.addi	x0,0	  x0:0x00000000  x0=0x00000000
       58695000	      5770	80005cea	01e59813	slli	x16,x11,0x1e	 x11:0x894eacb4 x16=0x00000000
       58705000	      5771	80005cee	2d2761b7	lui	x3,0x2d276	  x3=0x2d276000
       58715000	      5772	80005cf2	a4c5aab7	lui	x21,0xa4c5a	 x21=0xa4c5a000
       58725000	      5773	80005cf6	0a08	c.addi4spn	x10,x2,272	 x10=0xfffff967
       58765000	      5777	80005cf8	021e9a33	mulh	x20,x29,x1	 x29:0xeb390000  x1:0x41707bce x20=0xfab057e3
       58775000	      5778	80005cfc	03011f63	bne	x2,x16,80005d3a	  x2:0xfffff857 x16:0x00000000
       58795000	      5780	80005d3a	eb19	c.bnez	x14,80005d50	 x14:0x0001e000
       58815000	      5782	80005d50	0ff0000f	fence	iorw,iorw	
       58825000	      5783	80005d54	9352	c.add	x6,x20	  x6:0x00000016 x20:0xfab057e3  x6=0xfab057f9
       58835000	      5784	80005d56	0055da13	srli	x20,x11,0x5	 x11:0x894eacb4 x20=0x044a7565
       58845000	      5785	80005d5a	8ae5	c.andi	x13,25	 x13:0x00000000 x13=0x00000000
       58855000	      5786	80005d5c	017fc963	blt	x31,x23,80005d6e	 x31:0x00000005 x23:0xfffff000
       58865000	      5787	80005d60	8f15	c.sub	x14,x13	 x14:0x0001e000 x13:0x00000000 x14=0x0001e000
       58875000	      5788	80005d62	015d4863	blt	x26,x21,80005d72	 x26:0x41707bce x21:0xa4c5a000
       58885000	      5789	80005d66	10002113	slti	x2,x0,256	  x0:0x00000000  x2=0x00000001
       58895000	      5790	80005d6a	412b0eb3	sub	x29,x22,x18	 x22:0x000007c3 x18:0xfffffb53 x29=0x00000c70
       58905000	      5791	80005d6e	9142	c.add	x2,x16	  x2:0x00000001 x16:0x00000000  x2=0x00000001
       58915000	      5792	80005d70	0001	c.addi	x0,0	  x0:0x00000000  x0=0x00000000
       58925000	      5793	80005d72	8f55	c.or	x14,x13	 x14:0x0001e000 x13:0x00000000 x14=0x0001e000
       58935000	      5794	80005d74	8e25	c.xor	x12,x9	 x12:0x00000000  x9:0x8001ee2c x12=0x8001ee2c
       58945000	      5795	80005d76	010323b3	slt	x7,x6,x16	  x6:0xfab057f9 x16:0x00000000  x7=0x00000001
       58955000	      5796	80005d7a	0ff0000f	fence	iorw,iorw	
       58965000	      5797	80005d7e	813d	c.srli	x10,0xf	 x10:0xfffff967 x10=0x0001ffff
       58975000	      5798	80005d80	002bd093	srli	x1,x23,0x2	 x23:0xfffff000  x1=0x3ffffc00
       58985000	      5799	80005d84	8c11	c.sub	x8,x12	  x8:0x00000814 x12:0x8001ee2c  x8=0x7ffe19e8
       58995000	      5800	80005d86	ca99	c.beqz	x13,80005d9c	 x13:0x00000000
       59375000	      5838	80005d9c	0236f7b3	remu	x15,x13,x3	 x13:0x00000000  x3:0x2d276000 x15=0x00000000
       59385000	      5839	80005da0	7009a013	slti	x0,x19,1792	 x19:0x894eb390  x0=0x00000000
       59395000	      5840	80005da4	005c63b3	or	x7,x24,x5	 x24:0x00000000  x5:0x00000000  x7=0x00000000
       59405000	      5841	80005da8	e12dd537	lui	x10,0xe12dd	 x10=0xe12dd000
       59415000	      5842	80005dac	8735	c.srai	x14,0xd	 x14:0x0001e000 x14=0x0000000f
       59425000	      5843	80005dae	5e78e913	ori	x18,x17,1511	 x17:0xfffe0007 x18=0xfffe05e7
       59455000	      5846	80005db2	03d281b3	mul	x3,x5,x29	  x5:0x00000000 x29:0x00000c70  x3=0x00000000
       59465000	      5847	80005db6	ef1d	c.bnez	x14,80005df4	 x14:0x0000000f
       59485000	      5849	80005df4	01351233	sll	x4,x10,x19	 x10:0xe12dd000 x19:0x894eb390  x4=0xd0000000
       59495000	      5850	80005df8	9a7d	c.andi	x12,-1	 x12:0x8001ee2c x12=0x8001ee2c
       59505000	      5851	80005dfa	0a00	c.addi4spn	x8,x2,272	  x8=0x00000111
       59515000	      5852	80005dfc	0710a893	slti	x17,x1,113	  x1:0x3ffffc00 x17=0x00000000
       59525000	      5853	80005e00	ea0d	c.bnez	x12,80005e32	 x12:0x8001ee2c
       59555000	      5856	80005e32	23058a13	addi	x20,x11,560	 x11:0x894eacb4 x20=0x894eaee4
       59565000	      5857	80005e36	00334733	xor	x14,x6,x3	  x6:0xfab057f9  x3:0x00000000 x14=0xfab057f9
       59575000	      5858	80005e3a	e605	c.bnez	x12,80005e62	 x12:0x8001ee2c
       59595000	      5860	80005e62	8c25	c.xor	x8,x9	  x8:0x00000111  x9:0x8001ee2c  x8=0x8001ef3d
       59605000	      5861	80005e64	8e25	c.xor	x12,x9	 x12:0x8001ee2c  x9:0x8001ee2c x12=0x00000000
       59615000	      5862	80005e66	4e19	c.li	x28,6	 x28=0x00000006
       59625000	      5863	80005e68	ea89	c.bnez	x13,80005e7a	 x13:0x00000000
       59635000	      5864	80005e6a	0001	c.addi	x0,0	  x0:0x00000000  x0=0x00000000
       59645000	      5865	80005e6c	b5313b93	sltiu	x23,x2,-1197	  x2:0x00000001 x23=0x00000001
       59685000	      5869	80005e70	02211233	mulh	x4,x2,x2	  x2:0x00000001  x2:0x00000001  x4=0x00000000
       59695000	      5870	80005e74	01645313	srli	x6,x8,0x16	  x8:0x8001ef3d  x6=0x00000200
       59705000	      5871	80005e78	0001	c.addi	x0,0	  x0:0x00000000  x0=0x00000000
       59715000	      5872	80005e7a	40dbd793	srai	x15,x23,0xd	 x23:0x00000001 x15=0x00000000
       59725000	      5873	80005e7e	00cec663	blt	x29,x12,80005e8a	 x29:0x00000c70 x12:0x00000000
       59735000	      5874	80005e82	e801	c.bnez	x8,80005e92	  x8:0x8001ef3d
       59755000	      5876	80005e92	8e91	c.sub	x13,x12	 x13:0x00000000 x12:0x00000000 x13=0x00000000
       59765000	      5877	80005e94	00ba7c33	and	x24,x20,x11	 x20:0x894eaee4 x11:0x894eacb4 x24=0x894eaca4
       59775000	      5878	80005e98	8755	c.srai	x14,0x15	 x14:0xfab057f9 x14=0xffffffd5
       59785000	      5879	80005e9a	0e52	c.slli	x28,0x14	 x28:0x00000006 x28=0x00600000
       59795000	      5880	80005e9c	037c8f63	beq	x25,x23,80005eda	 x25:0x00000000 x23:0x00000001
       59805000	      5881	80005ea0	013f5763	bge	x30,x19,80005eae	 x30:0x80022ce4 x19:0x894eb390
       59815000	      5882	80005ea4	41fe82b3	sub	x5,x29,x31	 x29:0x00000c70 x31:0x00000005  x5=0x00000c6b
       59825000	      5883	80005ea8	0219	c.addi	x4,6	  x4:0x00000000  x4=0x00000006
       59835000	      5884	80005eaa	0147ec63	bltu	x15,x20,80005ec2	 x15:0x00000000 x20:0x894eaee4
       59855000	      5886	80005ec2	0001	c.addi	x0,0	  x0:0x00000000  x0=0x00000000
       59865000	      5887	80005ec4	02540363	beq	x8,x5,80005eea	  x8:0x8001ef3d  x5:0x00000c6b
       59875000	      5888	80005ec8	009dcbb3	xor	x23,x27,x9	 x27:0x2319506c  x9:0x8001ee2c x23=0xa318be40
       59885000	      5889	80005ecc	00f2de33	srl	x28,x5,x15	  x5:0x00000c6b x15:0x00000000 x28=0x00000c6b
       59895000	      5890	80005ed0	5edb3e93	sltiu	x29,x22,1517	 x22:0x000007c3 x29=0x00000000
       59905000	      5891	80005ed4	0001	c.addi	x0,0	  x0:0x00000000  x0=0x00000000
       59915000	      5892	80005ed6	0073c833	xor	x16,x7,x7	  x7:0x00000000  x7:0x00000000 x16=0x00000000
       59925000	      5893	80005eda	01943033	sltu	x0,x8,x25	  x8:0x8001ef3d x25:0x00000000  x0=0x00000000
       59935000	      5894	80005ede	00107433	and	x8,x0,x1	  x0:0x00000000  x1:0x3ffffc00  x8=0x00000000
       59945000	      5895	80005ee2	012b8963	beq	x23,x18,80005ef4	 x23:0xa318be40 x18:0xfffe05e7
       59985000	      5899	80005ee6	03df1733	mulh	x14,x30,x29	 x30:0x80022ce4 x29:0x00000000 x14=0x00000000
       59995000	      5900	80005eea	20904613	xori	x12,x0,521	  x0:0x00000000 x12=0x00000209
       60005000	      5901	80005eee	b59c8a17	auipc	x20,0xb59c8	 x20=0x359cdeee
       60015000	      5902	80005ef2	0001	c.addi	x0,0	  x0:0x00000000  x0=0x00000000
       60025000	      5903	80005ef4	1c80	c.addi4spn	x8,x2,624	  x8=0x00000271
       60035000	      5904	80005ef6	d6b80f97	auipc	x31,0xd6b80	 x31=0x56b85ef6
       60045000	      5905	80005efa	41de80b3	sub	x1,x29,x29	 x29:0x00000000 x29:0x00000000  x1=0x00000000
       60055000	      5906	80005efe	bbe33313	sltiu	x6,x6,-1090	  x6:0x00000200  x6=0x00000001
       60065000	      5907	80005f02	147d	c.addi	x8,-1	  x8:0x00000271  x8=0x00000270
       60075000	      5908	80005f04	6f20b893	sltiu	x17,x1,1778	  x1:0x00000000 x17=0x00000001
       60085000	      5909	80005f08	ef85	c.bnez	x15,80005f40	 x15:0x00000000
       60095000	      5910	80005f0a	6c766793	ori	x15,x12,1735	 x12:0x00000209 x15=0x000006cf
       60105000	      5911	80005f0e	0b3a	c.slli	x22,0xe	 x22:0x000007c3 x22=0x01f0c000
       60115000	      5912	80005f10	01611db3	sll	x27,x2,x22	  x2:0x00000001 x22:0x01f0c000 x27=0x00000001
       60125000	      5913	80005f14	0475f563	bgeu	x11,x7,80005f5e	 x11:0x894eacb4  x7:0x00000000
       60155000	      5916	80005f5e	0ff0000f	fence	iorw,iorw	
       60165000	      5917	80005f62	0000100f	fence.i	
       60205000	      5921	80005f66	03d86fb3	rem	x31,x16,x29	 x16:0x00000000 x29:0x00000000 x31=0x00000000
       60245000	      5925	80005f6a	03583233	mulhu	x4,x16,x21	 x16:0x00000000 x21:0xa4c5a000  x4=0x00000000
       60255000	      5926	80005f6e	8c71	c.and	x8,x12	  x8:0x00000270 x12:0x00000209  x8=0x00000200
       60265000	      5927	80005f70	018de2b3	or	x5,x27,x24	 x27:0x00000001 x24:0x894eaca4  x5=0x894eaca5
       60275000	      5928	80005f74	00851f93	slli	x31,x10,0x8	 x10:0xe12dd000 x31=0x2dd00000
       60285000	      5929	80005f78	97fa	c.add	x15,x30	 x15:0x000006cf x30:0x80022ce4 x15=0x800233b3
       60295000	      5930	80005f7a	001bcc63	blt	x23,x1,80005f92	 x23:0xa318be40  x1:0x00000000
       60325000	      5933	80005f92	01ecc3b3	xor	x7,x25,x30	 x25:0x00000000 x30:0x80022ce4  x7=0x80022ce4
       60335000	      5934	80005f96	6625	c.lui	x12,0x9	 x12=0x00009000
       60345000	      5935	80005f98	0155f833	and	x16,x11,x21	 x11:0x894eacb4 x21:0xa4c5a000 x16=0x8044a000
       60355000	      5936	80005f9c	0090	c.addi4spn	x12,x2,64	 x12=0x00000041
       60365000	      5937	80005f9e	8e21	c.xor	x12,x8	 x12:0x00000041  x8:0x00000200 x12=0x00000241
       60375000	      5938	80005fa0	0cce	c.slli	x25,0x13	 x25:0x00000000 x25=0x00000000
       60745000	      5975	80005fa2	02a568b3	rem	x17,x10,x10	 x10:0xe12dd000 x10:0xe12dd000 x17=0x00000000
       60755000	      5976	80005fa6	41805933	sra	x18,x0,x24	  x0:0x00000000 x24:0x894eaca4 x18=0x00000000
       60765000	      5977	80005faa	9a7d	c.andi	x12,-1	 x12:0x00000241 x12=0x00000241
       60775000	      5978	80005fac	00cbf093	andi	x1,x23,12	 x23:0xa318be40  x1=0x00000000
       60785000	      5979	80005fb0	40d8	c.lw	x14,4(x9)	  x9:0x8001ee2c x14=0x800032a8 PA:0x8001ee30 load:0x800032a8
       60795000	      5980	80005fb2	9a86	c.add	x21,x1	 x21:0xa4c5a000  x1:0x00000000 x21=0xa4c5a000
       60805000	      5981	80005fb4	03848493	addi	x9,x9,56	  x9:0x8001ee2c  x9=0x8001ee64
       60815000	      5982	80005fb8	01895613	srli	x12,x18,0x18	 x18:0x00000000 x12=0x00000000
       60825000	      5983	80005fbc	acfbb693	sltiu	x13,x23,-1329	 x23:0xa318be40 x13=0x00000001
       60835000	      5984	80005fc0	59bdf397	auipc	x7,0x59bdf	  x7=0xd9be4fc0
       60845000	      5985	80005fc4	00170193	addi	x3,x14,1	 x14:0x800032a8  x3=0x800032a9
       60855000	      5986	80005fc8	9182	c.jalr	x3	  x3:0x800032a9  x1=0x80005fca
       61235000	      6024	800032a8	03a5ca33	div	x20,x11,x26	 x11:0x894eacb4 x26:0x41707bce x20=0xffffffff
       61245000	      6025	800032ac	01680733	add	x14,x16,x22	 x16:0x8044a000 x22:0x01f0c000 x14=0x82356000
       61255000	      6026	800032b0	00000e97	auipc	x29,0x0	 x29=0x800032b0
       61265000	      6027	800032b4	5dae8e93	addi	x29,x29,1498	 x29:0x800032b0 x29=0x8000388a
       61275000	      6028	800032b8	8e09	c.sub	x12,x10	 x12:0x00000000 x10:0xe12dd000 x12=0x1ed23000
       61285000	      6029	800032ba	6cb5	c.lui	x25,0xd	 x25=0x0000d000
       61295000	      6030	800032bc	437ae413	ori	x8,x21,1079	 x21:0xa4c5a000  x8=0xa4c5a437
       61305000	      6031	800032c0	e4ae8e93	addi	x29,x29,-438	 x29:0x8000388a x29=0x800036d4
       61315000	      6032	800032c4	01b54ab3	xor	x21,x10,x27	 x10:0xe12dd000 x27:0x00000001 x21=0xe12dd001
       61325000	      6033	800032c8	4459bc13	sltiu	x24,x19,1093	 x19:0x894eb390 x24=0x00000000
       61335000	      6034	800032cc	1b6e8767	jalr	x14,438(x29)	 x29:0x800036d4 x14=0x800032d0
       61395000	      6040	8000388a	02a03933	mulhu	x18,x0,x10	  x0:0x00000000 x10:0xe12dd000 x18=0x00000000
       61405000	      6041	8000388e	b1ffe997	auipc	x19,0xb1ffe	 x19=0x3200188e
       61415000	      6042	80003892	6be5	c.lui	x23,0x19	 x23=0x00019000
       61425000	      6043	80003894	00f00563	beq	x0,x15,8000389e	  x0:0x00000000 x15:0x800233b3
       61435000	      6044	80003898	001456b3	srl	x13,x8,x1	  x8:0xa4c5a437  x1:0x80005fca x13=0x00293169
       61445000	      6045	8000389c	6ab9	c.lui	x21,0xe	 x21=0x0000e000
       61455000	      6046	8000389e	14a1	c.addi	x9,-24	  x9:0x8001ee64  x9=0x8001ee4c
       61465000	      6047	800038a0	83f9	c.srli	x15,0x1e	 x15:0x800233b3 x15=0x00000002
       61475000	      6048	800038a2	0ff0000f	fence	iorw,iorw	
       61485000	      6049	800038a6	c0d8	c.sw	x14,4(x9)	  x9:0x8001ee4c x14:0x800032d0 PA:0x8001ee50 store:0x800032d0 load:0x00000000
       61495000	      6050	800038a8	01992b33	slt	x22,x18,x25	 x18:0x00000000 x25:0x0000d000 x22=0x00000001
       61505000	      6051	800038ac	00a33fb3	sltu	x31,x6,x10	  x6:0x00000001 x10:0xe12dd000 x31=0x00000001
       61515000	      6052	800038b0	8d55	c.or	x10,x13	 x10:0xe12dd000 x13:0x00293169 x10=0xe12df169
       61525000	      6053	800038b2	01a0076f	jal	x14,800038cc	 x14=0x800038b6
       61545000	      6055	800038cc	3fdd	c.jal	800038c2	  x1=0x800038ce
       61575000	      6058	800038c2	ffdff1ef	jal	x3,800038be	  x3=0x800038c6
       61595000	      6060	800038be	2031	c.jal	800038ca	  x1=0x800038c0
       61615000	      6062	800038ca	37f5	c.jal	800038b6	  x1=0x800038cc
       61635000	      6064	800038b6	2019	c.jal	800038bc	  x1=0x800038b8
       61655000	      6066	800038bc	2819	c.jal	800038d2	  x1=0x800038be
       61675000	      6068	800038d2	a009	c.j	800038d4	
       61695000	      6070	800038d4	ff3ff36f	jal	x6,800038c6	  x6=0x800038d8
       61725000	      6073	800038c6	ff3ff36f	jal	x6,800038b8	  x6=0x800038ca
       61745000	      6075	800038b8	020000ef	jal	x1,800038d8	  x1=0x800038bc
       61765000	      6077	800038d8	3fdd	c.jal	800038ce	  x1=0x800038da
       61795000	      6080	800038ce	ff3ff0ef	jal	x1,800038c0	  x1=0x800038d2
       61815000	      6082	800038c0	2829	c.jal	800038da	  x1=0x800038c2
       61845000	      6085	800038da	01103533	sltu	x10,x0,x17	  x0:0x00000000 x17:0x00000000 x10=0x00000000
       61855000	      6086	800038de	01e0076f	jal	x14,800038fc	 x14=0x800038e2
       61875000	      6088	800038fc	bfd5	c.j	800038f0	
       61895000	      6090	800038f0	a821	c.j	80003908	
       61915000	      6092	80003908	bfe5	c.j	80003900	
       61935000	      6094	80003900	b7f5	c.j	800038ec	
       61955000	      6096	800038ec	2029	c.jal	800038f6	  x1=0x800038ee
       61975000	      6098	800038f6	bff5	c.j	800038f2	
       62005000	      6101	800038f2	008000ef	jal	x1,800038fa	  x1=0x800038f6
       62025000	      6103	800038fa	bfd5	c.j	800038ee	
       62045000	      6105	800038ee	a801	c.j	800038fe	
       62065000	      6107	800038fe	a031	c.j	8000390a	
       62085000	      6109	8000390a	bfe5	c.j	80003902	
       62105000	      6111	80003902	37dd	c.jal	800038e8	  x1=0x80003904
       62125000	      6113	800038e8	024000ef	jal	x1,8000390c	  x1=0x800038ec
       62145000	      6115	8000390c	3fe1	c.jal	800038e4	  x1=0x8000390e
       62165000	      6117	800038e4	fffff0ef	jal	x1,800038e2	  x1=0x800038e8
       62185000	      6119	800038e2	a035	c.j	8000390e	
       62205000	      6121	8000390e	b7ed	c.j	800038f8	
       62225000	      6123	800038f8	2821	c.jal	80003910	  x1=0x800038fa
       62245000	      6125	80003910	004000ef	jal	x1,80003914	  x1=0x80003914
       62265000	      6127	80003914	ff1ff1ef	jal	x3,80003904	  x3=0x80003918
       62285000	      6129	80003904	01400d6f	jal	x26,80003918	 x26=0x80003908
       62305000	      6131	80003918	0001	c.addi	x0,0	  x0:0x00000000  x0=0x00000000
       62315000	      6132	8000391a	0220076f	jal	x14,8000393c	 x14=0x8000391e
       62335000	      6134	8000393c	3fc5	c.jal	8000392c	  x1=0x8000393e
       62355000	      6136	8000392c	2039	c.jal	8000393a	  x1=0x8000392e
       62375000	      6138	8000393a	2029	c.jal	80003944	  x1=0x8000393c
       62395000	      6140	80003944	3fed	c.jal	8000393e	  x1=0x80003946
       62425000	      6143	8000393e	ff3ff0ef	jal	x1,80003930	  x1=0x80003942
       62445000	      6145	80003930	3fcd	c.jal	80003922	  x1=0x80003932
       62465000	      6147	80003922	a801	c.j	80003932	
       62495000	      6150	80003932	fedff0ef	jal	x1,8000391e	  x1=0x80003936
       62515000	      6152	8000391e	a801	c.j	8000392e	
       62535000	      6154	8000392e	2029	c.jal	80003938	  x1=0x80003930
       62555000	      6156	80003938	3ffd	c.jal	80003936	  x1=0x8000393a
       62575000	      6158	80003936	2031	c.jal	80003942	  x1=0x80003938
       62595000	      6160	80003942	37d5	c.jal	80003926	  x1=0x80003944
       62625000	      6163	80003926	ffbff66f	jal	x12,80003920	 x12=0x8000392a
       62645000	      6165	80003920	a011	c.j	80003924	
       62665000	      6167	80003924	2019	c.jal	8000392a	  x1=0x80003926
       62685000	      6169	8000392a	a831	c.j	80003946	
       62715000	      6172	80003946	01e6ba33	sltu	x20,x13,x30	 x13:0x00293169 x30:0x80022ce4 x20=0x00000001
       62725000	      6173	8000394a	0160076f	jal	x14,80003960	 x14=0x8000394e
       62745000	      6175	80003960	0040036f	jal	x6,80003964	  x6=0x80003964
       62765000	      6177	80003964	ff7ff0ef	jal	x1,8000395a	  x1=0x80003968
       62785000	      6179	8000395a	3ff5	c.jal	80003956	  x1=0x8000395c
       62815000	      6182	80003956	0120086f	jal	x16,80003968	 x16=0x8000395a
       62835000	      6184	80003968	febff0ef	jal	x1,80003952	  x1=0x8000396c
       62865000	      6187	80003952	01a0036f	jal	x6,8000396c	  x6=0x80003956
       62885000	      6189	8000396c	bfcd	c.j	8000395e	
       62905000	      6191	8000395e	a829	c.j	80003978	
       62925000	      6193	80003978	3ff5	c.jal	80003974	  x1=0x8000397a
       62945000	      6195	80003974	fdbff86f	jal	x16,8000394e	 x16=0x80003978
       62975000	      6198	8000394e	00e000ef	jal	x1,8000395c	  x1=0x80003952
       62995000	      6200	8000395c	a811	c.j	80003970	
       63015000	      6202	80003970	2009	c.jal	80003972	  x1=0x80003972
       63035000	      6204	80003972	bff5	c.j	8000396e	
       63055000	      6206	8000396e	a031	c.j	8000397a	
       63085000	      6209	8000397a	f76cc213	xori	x4,x25,-138	 x25:0x0000d000  x4=0xffff2f76
       63095000	      6210	8000397e	0040076f	jal	x14,80003982	 x14=0x80003982
       63115000	      6212	80003982	200d	c.jal	800039a4	  x1=0x80003984
       63135000	      6214	800039a4	fe7ff36f	jal	x6,8000398a	  x6=0x800039a8
       63155000	      6216	8000398a	2801	c.jal	8000399a	  x1=0x8000398c
       63175000	      6218	8000399a	bfe5	c.j	80003992	
       63195000	      6220	80003992	a031	c.j	8000399e	
       63215000	      6222	8000399e	3ffd	c.jal	8000399c	  x1=0x800039a0
       63235000	      6224	8000399c	bfed	c.j	80003996	
       63265000	      6227	80003996	fefff36f	jal	x6,80003984	  x6=0x8000399a
       63285000	      6229	80003984	02a0036f	jal	x6,800039ae	  x6=0x80003988
       63305000	      6231	800039ae	bffd	c.j	800039ac	
       63325000	      6233	800039ac	b7e5	c.j	80003994	
       63345000	      6235	80003994	bfd5	c.j	80003988	
       63365000	      6237	80003988	a005	c.j	800039a8	
       63385000	      6239	800039a8	a021	c.j	800039b0	
       63405000	      6241	800039b0	fddff0ef	jal	x1,8000398c	  x1=0x800039b4
       63425000	      6243	8000398c	2811	c.jal	800039a0	  x1=0x8000398e
       63445000	      6245	800039a0	00a000ef	jal	x1,800039aa	  x1=0x800039a4
       63465000	      6247	800039aa	b7d5	c.j	8000398e	
       63495000	      6250	8000398e	026000ef	jal	x1,800039b4	  x1=0x80003992
       63515000	      6252	800039b4	83d5	c.srli	x15,0x15	 x15:0x00000002 x15=0x00000000
       63525000	      6253	800039b6	0080076f	jal	x14,800039be	 x14=0x800039ba
       63555000	      6256	800039be	02e000ef	jal	x1,800039ec	  x1=0x800039c2
       63575000	      6258	800039ec	fddff56f	jal	x10,800039c8	 x10=0x800039f0
       63595000	      6260	800039c8	a809	c.j	800039da	
       63615000	      6262	800039da	3ffd	c.jal	800039d8	  x1=0x800039dc
       63635000	      6264	800039d8	bfcd	c.j	800039ca	
       63655000	      6266	800039ca	2021	c.jal	800039d2	  x1=0x800039cc
       63675000	      6268	800039d2	bff5	c.j	800039ce	
       63705000	      6271	800039ce	00e0036f	jal	x6,800039dc	  x6=0x800039d2
       63725000	      6273	800039dc	01a000ef	jal	x1,800039f6	  x1=0x800039e0
       63745000	      6275	800039f6	3fc1	c.jal	800039c6	  x1=0x800039f8
       63765000	      6277	800039c6	a02d	c.j	800039f0	
       63785000	      6279	800039f0	2009	c.jal	800039f2	  x1=0x800039f2
       63815000	      6282	800039f2	fefff86f	jal	x16,800039e0	 x16=0x800039f6
       63835000	      6284	800039e0	b7cd	c.j	800039c2	
       63855000	      6286	800039c2	2015	c.jal	800039e6	  x1=0x800039c4
       63885000	      6289	800039e6	fdfff0ef	jal	x1,800039c4	  x1=0x800039ea
       63905000	      6291	800039c4	a809	c.j	800039d6	
       63925000	      6293	800039d6	a031	c.j	800039e2	
       63955000	      6296	800039e2	febff56f	jal	x10,800039cc	 x10=0x800039e6
       63975000	      6298	800039cc	a839	c.j	800039ea	
       63995000	      6300	800039ea	bfc1	c.j	800039ba	
       64025000	      6303	800039ba	01a001ef	jal	x3,800039d4	  x3=0x800039be
       64045000	      6305	800039d4	2015	c.jal	800039f8	  x1=0x800039d6
       64065000	      6307	800039f8	963e	c.add	x12,x15	 x12:0x8000392a x15:0x00000000 x12=0x8000392a
       64075000	      6308	800039fa	0280076f	jal	x14,80003a22	 x14=0x800039fe
       64095000	      6310	80003a22	3fc5	c.jal	80003a12	  x1=0x80003a24
       64125000	      6313	80003a12	ff7ff36f	jal	x6,80003a08	  x6=0x80003a16
       64145000	      6315	80003a08	a01d	c.j	80003a2e	
       64175000	      6318	80003a2e	ffdff0ef	jal	x1,80003a2a	  x1=0x80003a32
       64195000	      6320	80003a2a	bfd9	c.j	80003a00	
       64215000	      6322	80003a00	04000def	jal	x27,80003a40	 x27=0x80003a04
       64235000	      6324	80003a40	fdfff36f	jal	x6,80003a1e	  x6=0x80003a44
       64265000	      6327	80003a1e	ff9ff0ef	jal	x1,80003a16	  x1=0x80003a22
       64295000	      6330	80003a16	fe9ff0ef	jal	x1,800039fe	  x1=0x80003a1a
       64315000	      6332	800039fe	a081	c.j	80003a3e	
       64335000	      6334	80003a3e	b7f9	c.j	80003a0c	
       64355000	      6336	80003a0c	bfe5	c.j	80003a04	
       64375000	      6338	80003a04	a015	c.j	80003a28	
       64395000	      6340	80003a28	bffd	c.j	80003a26	
       64415000	      6342	80003a26	37ed	c.jal	80003a10	  x1=0x80003a28
       64435000	      6344	80003a10	a831	c.j	80003a2c	
       64455000	      6346	80003a2c	bfe5	c.j	80003a24	
       64475000	      6348	80003a24	a809	c.j	80003a36	
       64495000	      6350	80003a36	2011	c.jal	80003a3a	  x1=0x80003a38
       64515000	      6352	80003a3a	3fd1	c.jal	80003a0e	  x1=0x80003a3c
       64535000	      6354	80003a0e	3ff5	c.jal	80003a0a	  x1=0x80003a10
       64555000	      6356	80003a0a	2025	c.jal	80003a32	  x1=0x80003a0c
       64585000	      6359	80003a32	febff1ef	jal	x3,80003a1c	  x3=0x80003a36
       64605000	      6361	80003a1c	a025	c.j	80003a44	
       64625000	      6363	80003a44	3fd5	c.jal	80003a38	  x1=0x80003a46
       64645000	      6365	80003a38	b7cd	c.j	80003a1a	
       64665000	      6367	80003a1a	37f5	c.jal	80003a06	  x1=0x80003a1c
       64685000	      6369	80003a06	a081	c.j	80003a46	
       64715000	      6372	80003a46	ff7ff7ef	jal	x15,80003a3c	 x15=0x80003a4a
       64735000	      6374	80003a3c	2039	c.jal	80003a4a	  x1=0x80003a3e
       64765000	      6377	80003a4a	0028fcb3	and	x25,x17,x2	 x17:0x00000000  x2:0x00000001 x25=0x00000000
       64775000	      6378	80003a4e	0220076f	jal	x14,80003a70	 x14=0x80003a52
       64795000	      6380	80003a70	01a0036f	jal	x6,80003a8a	  x6=0x80003a74
       64825000	      6383	80003a8a	fd5ff0ef	jal	x1,80003a5e	  x1=0x80003a8e
       64845000	      6385	80003a5e	a80d	c.j	80003a90	
       64865000	      6387	80003a90	0040036f	jal	x6,80003a94	  x6=0x80003a94
       64885000	      6389	80003a94	37cd	c.jal	80003a76	  x1=0x80003a96
       64905000	      6391	80003a76	2025	c.jal	80003a9e	  x1=0x80003a78
       64935000	      6394	80003a9e	fc5ff7ef	jal	x15,80003a62	 x15=0x80003aa2
       64965000	      6397	80003a62	022000ef	jal	x1,80003a84	  x1=0x80003a66
       64985000	      6399	80003a84	bff1	c.j	80003a60	
       65005000	      6401	80003a60	2031	c.jal	80003a6c	  x1=0x80003a62
       65025000	      6403	80003a6c	02a0036f	jal	x6,80003a96	  x6=0x80003a70
       65045000	      6405	80003a96	b7cd	c.j	80003a78	
       65065000	      6407	80003a78	fddff9ef	jal	x19,80003a54	 x19=0x80003a7c
       65085000	      6409	80003a54	04e0016f	jal	x2,80003aa2	  x2=0x80003a58
       65115000	      6412	80003aa2	004000ef	jal	x1,80003aa6	  x1=0x80003aa6
       65135000	      6414	80003aa6	b7f9	c.j	80003a74	
       65155000	      6416	80003a74	201d	c.jal	80003a9a	  x1=0x80003a76
       65185000	      6419	80003a9a	fb9ff0ef	jal	x1,80003a52	  x1=0x80003a9e
       65205000	      6421	80003a52	a815	c.j	80003a86	
       65225000	      6423	80003a86	b7d5	c.j	80003a6a	
       65245000	      6425	80003a6a	37fd	c.jal	80003a58	  x1=0x80003a6c
       65265000	      6427	80003a58	2805	c.jal	80003a88	  x1=0x80003a5a
       65285000	      6429	80003a88	a019	c.j	80003a8e	
       65305000	      6431	80003a8e	3fcd	c.jal	80003a80	  x1=0x80003a90
       65325000	      6433	80003a80	018008ef	jal	x17,80003a98	 x17=0x80003a84
       65345000	      6435	80003a98	b7d5	c.j	80003a7c	
       65365000	      6437	80003a7c	febff0ef	jal	x1,80003a66	  x1=0x80003a80
       65385000	      6439	80003a66	bfd5	c.j	80003a5a	
       65415000	      6442	80003a5a	00e000ef	jal	x1,80003a68	  x1=0x80003a5e
       65435000	      6444	80003a68	2081	c.jal	80003aa8	  x1=0x80003a6a
       65455000	      6446	80003aa8	01507633	and	x12,x0,x21	  x0:0x00000000 x21:0x0000e000 x12=0x00000000
       65465000	      6447	80003aac	0460076f	jal	x14,80003af2	 x14=0x80003ab0
       65485000	      6449	80003af2	bfe5	c.j	80003aea	
       65505000	      6451	80003aea	bfe9	c.j	80003ac4	
       65525000	      6453	80003ac4	02a000ef	jal	x1,80003aee	  x1=0x80003ac8
       65545000	      6455	80003aee	bff9	c.j	80003acc	
       65565000	      6457	80003acc	37e5	c.jal	80003ab4	  x1=0x80003ace
       65585000	      6459	80003ab4	02a000ef	jal	x1,80003ade	  x1=0x80003ab8
       65615000	      6462	80003ade	ffbff0ef	jal	x1,80003ad8	  x1=0x80003ae2
       65635000	      6464	80003ad8	37c5	c.jal	80003ab8	  x1=0x80003ada
       65655000	      6466	80003ab8	a835	c.j	80003af4	
       65675000	      6468	80003af4	ff9ff0ef	jal	x1,80003aec	  x1=0x80003af8
       65695000	      6470	80003aec	bff1	c.j	80003ac8	
       65715000	      6472	80003ac8	00c000ef	jal	x1,80003ad4	  x1=0x80003acc
       65735000	      6474	80003ad4	fe7ffe6f	jal	x28,80003aba	 x28=0x80003ad8
       65765000	      6477	80003aba	0200036f	jal	x6,80003ada	  x6=0x80003abe
       65795000	      6480	80003ada	fd7ffcef	jal	x25,80003ab0	 x25=0x80003ade
       65815000	      6482	80003ab0	034000ef	jal	x1,80003ae4	  x1=0x80003ab4
       65835000	      6484	80003ae4	b7f5	c.j	80003ad0	
       65855000	      6486	80003ad0	0120036f	jal	x6,80003ae2	  x6=0x80003ad4
       65875000	      6488	80003ae2	bff9	c.j	80003ac0	
       65895000	      6490	80003ac0	0300036f	jal	x6,80003af0	  x6=0x80003ac4
       65915000	      6492	80003af0	37f9	c.jal	80003abe	  x1=0x80003af2
       65935000	      6494	80003abe	2025	c.jal	80003ae6	  x1=0x80003ac0
       65965000	      6497	80003ae6	fe9ff0ef	jal	x1,80003ace	  x1=0x80003aea
       65985000	      6499	80003ace	a02d	c.j	80003af8	
       66005000	      6501	80003af8	0b56	c.slli	x22,0x15	 x22:0x00000001 x22=0x00200000
       66015000	      6502	80003afa	997d	c.andi	x10,-1	 x10:0x800039e6 x10=0x800039e6
       66025000	      6503	80003afc	407959b3	sra	x19,x18,x7	 x18:0x00000000  x7:0xd9be4fc0 x19=0x00000000
       66035000	      6504	80003b00	8f65	c.and	x14,x9	 x14:0x80003ab0  x9:0x8001ee4c x14=0x80002a00
       66045000	      6505	80003b02	02cb6363	bltu	x22,x12,80003b28	 x22:0x00200000 x12:0x00000000
       66055000	      6506	80003b06	009c2a33	slt	x20,x24,x9	 x24:0x00000000  x9:0x8001ee4c x20=0x00000000
       66065000	      6507	80003b0a	008c3533	sltu	x10,x24,x8	 x24:0x00000000  x8:0xa4c5a437 x10=0x00000001
       66075000	      6508	80003b0e	8d05	c.sub	x10,x9	 x10:0x00000001  x9:0x8001ee4c x10=0x7ffe11b5
       66085000	      6509	80003b10	406c58b3	sra	x17,x24,x6	 x24:0x00000000  x6:0x80003ac4 x17=0x00000000
       66095000	      6510	80003b14	0ff0000f	fence	iorw,iorw	
       66105000	      6511	80003b18	014f73b3	and	x7,x30,x20	 x30:0x80022ce4 x20:0x00000000  x7=0x00000000
       66115000	      6512	80003b1c	8e41	c.or	x12,x8	 x12:0x00000000  x8:0xa4c5a437 x12=0xa4c5a437
       66125000	      6513	80003b1e	0000100f	fence.i	
       66165000	      6517	80003b22	032577b3	remu	x15,x10,x18	 x10:0x7ffe11b5 x18:0x00000000 x15=0x7ffe11b5
       66175000	      6518	80003b26	ca1d	c.beqz	x12,80003b5c	 x12:0xa4c5a437
       66185000	      6519	80003b28	c74241b7	lui	x3,0xc7424	  x3=0xc7424000
       66195000	      6520	80003b2c	01952733	slt	x14,x10,x25	 x10:0x7ffe11b5 x25:0x80003ade x14=0x00000000
       66205000	      6521	80003b30	0000100f	fence.i	
       66225000	      6523	80003b34	8ea9	c.xor	x13,x10	 x13:0x00293169 x10:0x7ffe11b5 x13=0x7fd720dc
       66235000	      6524	80003b36	8c1e2213	slti	x4,x28,-1855	 x28:0x80003ad8  x4=0x00000001
       66245000	      6525	80003b3a	e4c12697	auipc	x13,0xe4c12	 x13=0x64c15b3a
       66255000	      6526	80003b3e	40685a13	srai	x20,x16,0x6	 x16:0x800039f6 x20=0xfe0000e7
       66265000	      6527	80003b42	8f59	c.or	x14,x14	 x14:0x00000000 x14:0x00000000 x14=0x00000000
       66275000	      6528	80003b44	01deba33	sltu	x20,x29,x29	 x29:0x800036d4 x29:0x800036d4 x20=0x00000000
       66285000	      6529	80003b48	8671	c.srai	x12,0x1c	 x12:0xa4c5a437 x12=0xfffffffa
       66295000	      6530	80003b4a	03654d63	blt	x10,x22,80003b84	 x10:0x7ffe11b5 x22:0x00200000
       66305000	      6531	80003b4e	001aceb3	xor	x29,x21,x1	 x21:0x0000e000  x1:0x80003aea x29=0x8000daea
       66315000	      6532	80003b52	0ff0000f	fence	iorw,iorw	
       66325000	      6533	80003b56	de31aeb7	lui	x29,0xde31a	 x29=0xde31a000
       66335000	      6534	80003b5a	57fd	c.li	x15,-1	 x15=0xffffffff
       66345000	      6535	80003b5c	02f97963	bgeu	x18,x15,80003b8e	 x18:0x00000000 x15:0xffffffff
       66355000	      6536	80003b60	36ffb013	sltiu	x0,x31,879	 x31:0x00000001  x0=0x00000000
       66365000	      6537	80003b64	0001	c.addi	x0,0	  x0:0x00000000  x0=0x00000000
       66375000	      6538	80003b66	82c5	c.srli	x13,0x11	 x13:0x64c15b3a x13=0x00003260
       66385000	      6539	80003b68	00f221b3	slt	x3,x4,x15	  x4:0x00000001 x15:0xffffffff  x3=0x00000000
       66395000	      6540	80003b6c	004beeb3	or	x29,x23,x4	 x23:0x00019000  x4:0x00000001 x29=0x00019001
       66405000	      6541	80003b70	0001	c.addi	x0,0	  x0:0x00000000  x0=0x00000000
       66415000	      6542	80003b72	86e5	c.srai	x13,0x19	 x13:0x00003260 x13=0x00000000
       66425000	      6543	80003b74	0259c963	blt	x19,x5,80003ba6	 x19:0x00000000  x5:0x894eaca5
       66435000	      6544	80003b78	00a93033	sltu	x0,x18,x10	 x18:0x00000000 x10:0x7ffe11b5  x0=0x00000000
       66445000	      6545	80003b7c	00dd5433	srl	x8,x26,x13	 x26:0x80003908 x13:0x00000000  x8=0x80003908
       66455000	      6546	80003b80	0144f733	and	x14,x9,x20	  x9:0x8001ee4c x20:0x00000000 x14=0x00000000
       66465000	      6547	80003b84	0001	c.addi	x0,0	  x0:0x00000000  x0=0x00000000
       66505000	      6551	80003b86	037c2ab3	mulhsu	x21,x24,x23	 x24:0x00000000 x23:0x00019000 x21=0x00000000
       66545000	      6555	80003b8a	033538b3	mulhu	x17,x10,x19	 x10:0x7ffe11b5 x19:0x00000000 x17=0x00000000
       66555000	      6556	80003b8e	8d01	c.sub	x10,x8	 x10:0x7ffe11b5  x8:0x80003908 x10=0xfffdd8ad
       66565000	      6557	80003b90	77828813	addi	x16,x5,1912	  x5:0x894eaca5 x16=0x894eb41d
       66575000	      6558	80003b94	ce01	c.beqz	x12,80003bac	 x12:0xfffffffa
       66585000	      6559	80003b96	0001	c.addi	x0,0	  x0:0x00000000  x0=0x00000000
       66595000	      6560	80003b98	6131	c.addi16sp	x2,320	  x2:0x80003a58  x2=0x80003b98
       66605000	      6561	80003b9a	d8d3a693	slti	x13,x7,-627	  x7:0x00000000 x13=0x00000000
       66615000	      6562	80003b9e	41d08433	sub	x8,x1,x29	  x1:0x80003aea x29:0x00019001  x8=0x7ffeaae9
       66985000	      6599	80003ba2	0379fa33	remu	x20,x19,x23	 x19:0x00000000 x23:0x00019000 x20=0x00000000
       66995000	      6600	80003ba6	01ee	c.slli	x3,0x1b	  x3:0x00000000  x3=0x00000000
       67005000	      6601	80003ba8	701d8e37	lui	x28,0x701d8	 x28=0x701d8000
       67015000	      6602	80003bac	01bd1463	bne	x26,x27,80003bb4	 x26:0x80003908 x27:0x80003a04
       67035000	      6604	80003bb4	e28d	c.bnez	x13,80003bd6	 x13:0x00000000
       67045000	      6605	80003bb6	0001	c.addi	x0,0	  x0:0x00000000  x0=0x00000000
       67055000	      6606	80003bb8	412001b3	sub	x3,x0,x18	  x0:0x00000000 x18:0x00000000  x3=0x00000000
       67065000	      6607	80003bbc	00051d13	slli	x26,x10,0x0	 x10:0xfffdd8ad x26=0xfffdd8ad
       67075000	      6608	80003bc0	00c91d13	slli	x26,x18,0xc	 x18:0x00000000 x26=0x00000000
       67115000	      6612	80003bc4	02cb9433	mulh	x8,x23,x12	 x23:0x00019000 x12:0xfffffffa  x8=0xffffffff
       67125000	      6613	80003bc8	717d	c.addi16sp	x2,-16	  x2:0x80003b98  x2=0x80003b88
       67135000	      6614	80003bca	0ff0000f	fence	iorw,iorw	
       67145000	      6615	80003bce	c9393b93	sltiu	x23,x18,-877	 x18:0x00000000 x23=0x00000001
       67155000	      6616	80003bd2	01cc8293	addi	x5,x25,28	 x25:0x80003ade  x5=0x80003afa
       67165000	      6617	80003bd6	0000100f	fence.i	
       67195000	      6620	80003bda	77d24013	xori	x0,x4,1917	  x4:0x00000001  x0=0x00000000
       67205000	      6621	80003bde	40b4d7b3	sra	x15,x9,x11	  x9:0x8001ee4c x11:0x894eacb4 x15=0xfffff800
       67215000	      6622	80003be2	161c	c.addi4spn	x15,x2,800	 x15=0x80003ea8
       67225000	      6623	80003be4	8afd	c.andi	x13,31	 x13:0x00000000 x13=0x00000000
       67235000	      6624	80003be6	fa11eb13	ori	x22,x3,-95	  x3:0x00000000 x22=0xffffffa1
       67245000	      6625	80003bea	f2bc4193	xori	x3,x24,-213	 x24:0x00000000  x3=0xffffff2b
       67255000	      6626	80003bee	0148d993	srli	x19,x17,0x14	 x17:0x00000000 x19=0x00000000
       67265000	      6627	80003bf2	03cb9d63	bne	x23,x28,80003c2c	 x23:0x00000001 x28:0x701d8000
       67285000	      6629	80003c2c	004499b3	sll	x19,x9,x4	  x9:0x8001ee4c  x4:0x00000001 x19=0x0003dc98
       67295000	      6630	80003c30	b8d83693	sltiu	x13,x16,-1139	 x16:0x894eb41d x13=0x00000001
       67335000	      6634	80003c34	02da1633	mulh	x12,x20,x13	 x20:0x00000000 x13:0x00000001 x12=0x00000000
       67345000	      6635	80003c38	617d	c.addi16sp	x2,496	  x2:0x80003b88  x2=0x80003d78
       67355000	      6636	80003c3a	8e8d	c.sub	x13,x11	 x13:0x00000001 x11:0x894eacb4 x13=0x76b1534d
       67365000	      6637	80003c3c	0ff0000f	fence	iorw,iorw	
       67375000	      6638	80003c40	91e64e93	xori	x29,x12,-1762	 x12:0x00000000 x29=0xfffff91e
       67385000	      6639	80003c44	8ed5	c.or	x13,x13	 x13:0x76b1534d x13:0x76b1534d x13=0x76b1534d
       67395000	      6640	80003c46	0ff0000f	fence	iorw,iorw	
       67405000	      6641	80003c4a	0ff0000f	fence	iorw,iorw	
       67445000	      6645	80003c4e	02b83533	mulhu	x10,x16,x11	 x16:0x894eb41d x11:0x894eacb4 x10=0x49a550ff
       67455000	      6646	80003c52	8f99	c.sub	x15,x14	 x15:0x80003ea8 x14:0x00000000 x15=0x80003ea8
       67465000	      6647	80003c54	01334533	xor	x10,x6,x19	  x6:0x80003ac4 x19:0x0003dc98 x10=0x8003e65c
       67475000	      6648	80003c58	864d	c.srai	x12,0x13	 x12:0x00000000 x12=0x00000000
       67485000	      6649	80003c5a	987d	c.andi	x8,-1	  x8:0xffffffff  x8=0xffffffff
       67495000	      6650	80003c5c	0048f7b3	and	x15,x17,x4	 x17:0x00000000  x4:0x00000001 x15=0x00000000
       67505000	      6651	80003c60	0199aeb3	slt	x29,x19,x25	 x19:0x0003dc98 x25:0x80003ade x29=0x00000000
       67515000	      6652	80003c64	8f21	c.xor	x14,x8	 x14:0x00000000  x8:0xffffffff x14=0xffffffff
       67525000	      6653	80003c66	00417e63	bgeu	x2,x4,80003c82	  x2:0x80003d78  x4:0x00000001
       67555000	      6656	80003c82	fafd6837	lui	x16,0xfafd6	 x16=0xfafd6000
       67565000	      6657	80003c86	016b7f63	bgeu	x22,x22,80003ca4	 x22:0xffffffa1 x22:0xffffffa1
       67585000	      6659	80003ca4	0e7a	c.slli	x28,0x1e	 x28:0x701d8000 x28=0x00000000
       67595000	      6660	80003ca6	00753a33	sltu	x20,x10,x7	 x10:0x8003e65c  x7:0x00000000 x20=0x00000000
       67605000	      6661	80003caa	0127b8b3	sltu	x17,x15,x18	 x15:0x00000000 x18:0x00000000 x17=0x00000000
       67615000	      6662	80003cae	02a48b63	beq	x9,x10,80003ce4	  x9:0x8001ee4c x10:0x8003e65c
       67625000	      6663	80003cb2	02d06d63	bltu	x0,x13,80003cec	  x0:0x00000000 x13:0x76b1534d
       67645000	      6665	80003cec	007acbb3	xor	x23,x21,x7	 x21:0x00000000  x7:0x00000000 x23=0x00000000
       67655000	      6666	80003cf0	6469	c.lui	x8,0x1a	  x8=0x0001a000
       67665000	      6667	80003cf2	d7ee8b97	auipc	x23,0xd7ee8	 x23=0x57eebcf2
       67675000	      6668	80003cf6	0ff0000f	fence	iorw,iorw	
       67695000	      6670	80003cfa	02ceee33	rem	x28,x29,x12	 x29:0x00000000 x12:0x00000000 x28=0x00000000
       67705000	      6671	80003cfe	8231	c.srli	x12,0xc	 x12:0x00000000 x12=0x00000000
       67715000	      6672	80003d00	59197013	andi	x0,x18,1425	 x18:0x00000000  x0=0x00000000
       67725000	      6673	80003d04	4069d6b3	sra	x13,x19,x6	 x19:0x0003dc98  x6:0x80003ac4 x13=0x00003dc9
       67735000	      6674	80003d08	12437413	andi	x8,x6,292	  x6:0x80003ac4  x8=0x00000004
       67745000	      6675	80003d0c	0000100f	fence.i	
       67765000	      6677	80003d10	000c5563	bge	x24,x0,80003d1a	 x24:0x00000000  x0:0x00000000
       67795000	      6680	80003d1a	0017d513	srli	x10,x15,0x1	 x15:0x00000000 x10=0x00000000
       68165000	      6717	80003d1e	039dc533	div	x10,x27,x25	 x27:0x80003a04 x25:0x80003ade x10=0x00000001
       68205000	      6721	80003d22	0261a233	mulhsu	x4,x3,x6	  x3:0xffffff2b  x6:0x80003ac4  x4=0xffffff95
       68215000	      6722	80003d26	a2373513	sltiu	x10,x14,-1501	 x14:0xffffffff x10=0x00000000
       68225000	      6723	80003d2a	41505c93	srai	x25,x0,0x15	  x0:0x00000000 x25=0x00000000
       68235000	      6724	80003d2e	997d	c.andi	x10,-1	 x10:0x00000000 x10=0x00000000
       68245000	      6725	80003d30	03bb8f63	beq	x23,x27,80003d6e	 x23:0x57eebcf2 x27:0x80003a04
       68255000	      6726	80003d34	43fb3113	sltiu	x2,x22,1087	 x22:0xffffffa1  x2=0x00000000
       68265000	      6727	80003d38	03cb4163	blt	x22,x28,80003d5a	 x22:0xffffffa1 x28:0x00000000
       68295000	      6730	80003d5a	00de9263	bne	x29,x13,80003d5e	 x29:0x00000000 x13:0x00003dc9
       68325000	      6733	80003d5e	94040693	addi	x13,x8,-1728	  x8:0x00000004 x13=0xfffff944
       68335000	      6734	80003d62	6c11	c.lui	x24,0x4	 x24=0x00004000
       68345000	      6735	80003d64	4651	c.li	x12,20	 x12=0x00000014
       68355000	      6736	80003d66	00d47763	bgeu	x8,x13,80003d74	  x8:0x00000004 x13:0xfffff944
       68395000	      6740	80003d6a	020211b3	mulh	x3,x4,x0	  x4:0xffffff95  x0:0x00000000  x3=0x00000000
       68405000	      6741	80003d6e	01caf2b3	and	x5,x21,x28	 x21:0x00000000 x28:0x00000000  x5=0x00000000
       68415000	      6742	80003d72	8d61	c.and	x10,x8	 x10:0x00000000  x8:0x00000004 x10=0x00000000
       68435000	      6744	80003d74	03217db3	remu	x27,x2,x18	  x2:0x00000000 x18:0x00000000 x27=0x00000000
       68445000	      6745	80003d78	03408d63	beq	x1,x20,80003db2	  x1:0x80003aea x20:0x00000000
       68455000	      6746	80003d7c	0093d3b3	srl	x7,x7,x9	  x7:0x00000000  x9:0x8001ee4c  x7=0x00000000
       68465000	      6747	80003d80	717d	c.addi16sp	x2,-16	  x2:0x00000000  x2=0xfffffff0
       68835000	      6784	80003d82	02e97cb3	remu	x25,x18,x14	 x18:0x00000000 x14:0xffffffff x25=0x00000000
       68845000	      6785	80003d86	a467fa93	andi	x21,x15,-1466	 x15:0x00000000 x21=0x00000000
       68855000	      6786	80003d8a	0132e233	or	x4,x5,x19	  x5:0x00000000 x19:0x0003dc98  x4=0x0003dc98
       68865000	      6787	80003d8e	00699c13	slli	x24,x19,0x6	 x19:0x0003dc98 x24=0x00f72600
       68875000	      6788	80003d92	5d2e0913	addi	x18,x28,1490	 x28:0x00000000 x18=0x000005d2
       68885000	      6789	80003d96	4a8d4b17	auipc	x22,0x4a8d4	 x22=0xca8d7d96
       68895000	      6790	80003d9a	8e05	c.sub	x12,x9	 x12:0x00000014  x9:0x8001ee4c x12=0x7ffe11c8
       68905000	      6791	80003d9c	613d	c.addi16sp	x2,480	  x2:0xfffffff0  x2=0x000001d0
       68915000	      6792	80003d9e	00c6d963	bge	x13,x12,80003db0	 x13:0xfffff944 x12:0x7ffe11c8
       68945000	      6795	80003da2	03cc00b3	mul	x1,x24,x28	 x24:0x00f72600 x28:0x00000000  x1=0x00000000
       68955000	      6796	80003da6	8866	c.mv	x16,x25	  x0:0x00000000 x25:0x00000000 x16=0x00000000
       68995000	      6800	80003da8	03412433	mulhsu	x8,x2,x20	  x2:0x000001d0 x20:0x00000000  x8=0x00000000
       69005000	      6801	80003dac	ae78ea13	ori	x20,x17,-1305	 x17:0x00000000 x20=0xfffffae7
       69015000	      6802	80003db0	888e	c.mv	x17,x3	  x0:0x00000000  x3:0x00000000 x17=0x00000000
       69025000	      6803	80003db2	c0b5b793	sltiu	x15,x11,-1013	 x11:0x894eacb4 x15=0x00000001
       69035000	      6804	80003db6	4155da93	srai	x21,x11,0x15	 x11:0x894eacb4 x21=0xfffffc4a
       69045000	      6805	80003dba	8d2d	c.xor	x10,x11	 x10:0x00000000 x11:0x894eacb4 x10=0x894eacb4
       69055000	      6806	80003dbc	8eb1	c.xor	x13,x12	 x13:0xfffff944 x12:0x7ffe11c8 x13=0x8001e88c
       69065000	      6807	80003dbe	8a41	c.andi	x12,16	 x12:0x7ffe11c8 x12=0x00000000
       69085000	      6809	80003dc0	03a2eb33	rem	x22,x5,x26	  x5:0x00000000 x26:0x00000000 x22=0x00000000
       69095000	      6810	80003dc4	3ac36e93	ori	x29,x6,940	  x6:0x80003ac4 x29=0x80003bec
       69125000	      6813	80003dc8	02f18bb3	mul	x23,x3,x15	  x3:0x00000000 x15:0x00000001 x23=0x00000000
       69135000	      6814	80003dcc	005f9a13	slli	x20,x31,0x5	 x31:0x00000001 x20=0x00000020
       69145000	      6815	80003dd0	8f2d	c.xor	x14,x11	 x14:0xffffffff x11:0x894eacb4 x14=0x76b1534b
       69155000	      6816	80003dd2	01d91193	slli	x3,x18,0x1d	 x18:0x000005d2  x3=0x40000000
       69165000	      6817	80003dd6	b19cfa37	lui	x20,0xb19cf	 x20=0xb19cf000
       69175000	      6818	80003dda	615d	c.addi16sp	x2,432	  x2:0x000001d0  x2=0x00000380
       69185000	      6819	80003ddc	0d94	c.addi4spn	x13,x2,720	 x13=0x00000650
       69195000	      6820	80003dde	01803133	sltu	x2,x0,x24	  x0:0x00000000 x24:0x00f72600  x2=0x00000001
       69205000	      6821	80003de2	010ed693	srli	x13,x29,0x10	 x29:0x80003bec x13=0x00008000
       69215000	      6822	80003de6	03934963	blt	x6,x25,80003e18	  x6:0x80003ac4 x25:0x00000000
       69235000	      6824	80003e18	830d	c.srli	x14,0x3	 x14:0x76b1534b x14=0x0ed62a69
       69245000	      6825	80003e1a	e905	c.bnez	x10,80003e4a	 x10:0x894eacb4
       69275000	      6828	80003e4a	012e3e33	sltu	x28,x28,x18	 x28:0x00000000 x18:0x000005d2 x28=0x00000001
       69285000	      6829	80003e4e	0876	c.slli	x16,0x1d	 x16:0x00000000 x16=0x00000000
       69295000	      6830	80003e50	02ac4b63	blt	x24,x10,80003e86	 x24:0x00f72600 x10:0x894eacb4
       69305000	      6831	80003e54	c00d	c.beqz	x8,80003e76	  x8:0x00000000
       69335000	      6834	80003e76	854b2b13	slti	x22,x22,-1964	 x22:0x00000000 x22=0x00000000
       69345000	      6835	80003e7a	0000100f	fence.i	
       69375000	      6838	80003e7e	057e1063	bne	x28,x23,80003ebe	 x28:0x00000001 x23:0x00000000
       69395000	      6840	80003ebe	0001	c.addi	x0,0	  x0:0x00000000  x0=0x00000000
       69405000	      6841	80003ec0	ce88b997	auipc	x19,0xce88b	 x19=0x4e88eec0
       69415000	      6842	80003ec4	e31d	c.bnez	x14,80003eea	 x14:0x0ed62a69
       69475000	      6848	80003eea	02f1b733	mulhu	x14,x3,x15	  x3:0x40000000 x15:0x00000001 x14=0x00000000
       69485000	      6849	80003eee	a746c437	lui	x8,0xa746c	  x8=0xa746c000
       69495000	      6850	80003ef2	5bfd	c.li	x23,-1	 x23=0xffffffff
       69505000	      6851	80003ef4	4139dd13	srai	x26,x19,0x13	 x19:0x4e88eec0 x26=0x000009d1
       69515000	      6852	80003ef8	965a	c.add	x12,x22	 x12:0x00000000 x22:0x00000000 x12=0x00000000
       69525000	      6853	80003efa	411d5b13	srai	x22,x26,0x11	 x26:0x000009d1 x22=0x00000000
       69535000	      6854	80003efe	41b50db3	sub	x27,x10,x27	 x10:0x894eacb4 x27:0x00000000 x27=0x894eacb4
       69545000	      6855	80003f02	1a6be693	ori	x13,x23,422	 x23:0xffffffff x13=0xffffffff
       69555000	      6856	80003f06	8e3d	c.xor	x12,x15	 x12:0x00000000 x15:0x00000001 x12=0x00000001
       69565000	      6857	80003f08	0001	c.addi	x0,0	  x0:0x00000000  x0=0x00000000
       69575000	      6858	80003f0a	1388	c.addi4spn	x10,x2,480	 x10=0x000001e1
       69585000	      6859	80003f0c	0ff0000f	fence	iorw,iorw	
       69595000	      6860	80003f10	9bfd	c.andi	x15,-1	 x15:0x00000001 x15=0x00000001
       69605000	      6861	80003f12	01936cb3	or	x25,x6,x25	  x6:0x80003ac4 x25:0x00000000 x25=0x80003ac4
       69615000	      6862	80003f16	01269e33	sll	x28,x13,x18	 x13:0xffffffff x18:0x000005d2 x28=0xfffc0000
       69625000	      6863	80003f1a	456da437	lui	x8,0x456da	  x8=0x456da000
       69635000	      6864	80003f1e	01019563	bne	x3,x16,80003f28	  x3:0x40000000 x16:0x00000000
       69655000	      6866	80003f28	0d9a0c93	addi	x25,x20,217	 x20:0xb19cf000 x25=0xb19cf0d9
       69695000	      6870	80003f2c	0383adb3	mulhsu	x27,x7,x24	  x7:0x00000000 x24:0x00f72600 x27=0x00000000
       69705000	      6871	80003f30	03176963	bltu	x14,x17,80003f62	 x14:0x00000000 x17:0x00000000
       69715000	      6872	80003f34	0001	c.addi	x0,0	  x0:0x00000000  x0=0x00000000
       69725000	      6873	80003f36	0001	c.addi	x0,0	  x0:0x00000000  x0=0x00000000
       69735000	      6874	80003f38	00265813	srli	x16,x12,0x2	 x12:0x00000001 x16=0x00000000
       69775000	      6878	80003f3c	03bfb633	mulhu	x12,x31,x27	 x31:0x00000001 x27:0x00000000 x12=0x00000000
       69785000	      6879	80003f40	8c55	c.or	x8,x13	  x8:0x456da000 x13:0xffffffff  x8=0xffffffff
       70155000	      6916	80003f42	034a58b3	divu	x17,x20,x20	 x20:0xb19cf000 x20:0xb19cf000 x17=0x00000001
       70165000	      6917	80003f46	e011	c.bnez	x8,80003f4a	  x8:0xffffffff
       70195000	      6920	80003f4a	00e23d33	sltu	x26,x4,x14	  x4:0x0003dc98 x14:0x00000000 x26=0x00000000
       70205000	      6921	80003f4e	3325b993	sltiu	x19,x11,818	 x11:0x894eacb4 x19=0x00000000
       70215000	      6922	80003f52	0000100f	fence.i	
       70245000	      6925	80003f56	00f07d63	bgeu	x0,x15,80003f70	  x0:0x00000000 x15:0x00000001
       70255000	      6926	80003f5a	8c71	c.and	x8,x12	  x8:0xffffffff x12:0x00000000  x8=0x00000000
       70265000	      6927	80003f5c	8405	c.srai	x8,0x1	  x8:0x00000000  x8=0x00000000
       70275000	      6928	80003f5e	00fc9363	bne	x25,x15,80003f64	 x25:0xb19cf0d9 x15:0x00000001
       70295000	      6930	80003f64	409f5a13	srai	x20,x30,0x9	 x30:0x80022ce4 x20=0xffc00116
       70305000	      6931	80003f68	0929	c.addi	x18,10	 x18:0x000005d2 x18=0x000005dc
       70315000	      6932	80003f6a	9246	c.add	x4,x17	  x4:0x0003dc98 x17:0x00000001  x4=0x0003dc99
       70335000	      6934	80003f6c	03ad5c33	divu	x24,x26,x26	 x26:0x00000000 x26:0x00000000 x24=0xffffffff
       70355000	      6936	80003f70	02044fb3	div	x31,x8,x0	  x8:0x00000000  x0:0x00000000 x31=0xffffffff
       70365000	      6937	80003f74	0000100f	fence.i	
       70385000	      6939	80003f78	0165d263	bge	x11,x22,80003f7c	 x11:0x894eacb4 x22:0x00000000
       70395000	      6940	80003f7c	8ee1	c.and	x13,x8	 x13:0xffffffff  x8:0x00000000 x13=0x00000000
       70405000	      6941	80003f7e	efe3f813	andi	x16,x7,-258	  x7:0x00000000 x16=0x00000000
       70415000	      6942	80003f82	852d	c.srai	x10,0xb	 x10:0x000001e1 x10=0x00000000
       70425000	      6943	80003f84	91d5da97	auipc	x21,0x91d5d	 x21=0x11d60f84
       70435000	      6944	80003f88	0290	c.addi4spn	x12,x2,320	 x12=0x00000141
       70445000	      6945	80003f8a	a107f513	andi	x10,x15,-1520	 x15:0x00000001 x10=0x00000000
       70455000	      6946	80003f8e	01b3d913	srli	x18,x7,0x1b	  x7:0x00000000 x18=0x00000000
       70465000	      6947	80003f92	40bc5533	sra	x10,x24,x11	 x24:0xffffffff x11:0x894eacb4 x10=0xffffffff
       70475000	      6948	80003f96	8f55	c.or	x14,x13	 x14:0x00000000 x13:0x00000000 x14=0x00000000
       70485000	      6949	80003f98	53a6ec13	ori	x24,x13,1338	 x13:0x00000000 x24=0x0000053a
       70495000	      6950	80003f9c	0ff0000f	fence	iorw,iorw	
       70505000	      6951	80003fa0	53fd	c.li	x7,-1	  x7=0xffffffff
       70515000	      6952	80003fa2	8fd5	c.or	x15,x13	 x15:0x00000001 x13:0x00000000 x15=0x00000001
       70525000	      6953	80003fa4	024e7b63	bgeu	x28,x4,80003fda	 x28:0xfffc0000  x4:0x0003dc99
       70545000	      6955	80003fda	9a7d	c.andi	x12,-1	 x12:0x00000141 x12=0x00000141
       70555000	      6956	80003fdc	02899963	bne	x19,x8,8000400e	 x19:0x00000000  x8:0x00000000
       70565000	      6957	80003fe0	4309	c.li	x6,2	  x6=0x00000002
       70575000	      6958	80003fe2	0001c233	xor	x4,x3,x0	  x3:0x40000000  x0:0x00000000  x4=0x40000000
       70585000	      6959	80003fe6	00ff9033	sll	x0,x31,x15	 x31:0xffffffff x15:0x00000001  x0=0x00000000
       70955000	      6996	80003fea	02b962b3	rem	x5,x18,x11	 x18:0x00000000 x11:0x894eacb4  x5=0x00000000
       70965000	      6997	80003fee	fcbcfc93	andi	x25,x25,-53	 x25:0xb19cf0d9 x25=0xb19cf0c9
       70975000	      6998	80003ff2	407adab3	sra	x21,x21,x7	 x21:0x11d60f84  x7:0xffffffff x21=0x00000000
       70985000	      6999	80003ff6	0000100f	fence.i	
       71005000	      7001	80003ffa	8561	c.srai	x10,0x18	 x10:0xffffffff x10=0xffffffff
       71015000	      7002	80003ffc	4f986e37	lui	x28,0x4f986	 x28=0x4f986000
       71025000	      7003	80004000	034b9f63	bne	x23,x20,8000403e	 x23:0xffffffff x20:0xffc00116
       71055000	      7006	8000403e	40476913	ori	x18,x14,1028	 x14:0x00000000 x18=0x00000404
       71065000	      7007	80004042	00c631b3	sltu	x3,x12,x12	 x12:0x00000141 x12:0x00000141  x3=0x00000000
       71075000	      7008	80004046	8051	c.srli	x8,0x14	  x8:0x00000000  x8=0x00000000
       71085000	      7009	80004048	c90d	c.beqz	x10,8000407a	 x10:0xffffffff
       71095000	      7010	8000404a	947a	c.add	x8,x30	  x8:0x00000000 x30:0x80022ce4  x8=0x80022ce4
       71105000	      7011	8000404c	ff85f093	andi	x1,x11,-8	 x11:0x894eacb4  x1=0x894eacb0
       71115000	      7012	80004050	00c39993	slli	x19,x7,0xc	  x7:0xffffffff x19=0xfffff000
       71125000	      7013	80004054	1ffd	c.addi	x31,-1	 x31:0xffffffff x31=0xfffffffe
       71135000	      7014	80004056	0000100f	fence.i	
       71155000	      7016	8000405a	0b0e	c.slli	x22,0x3	 x22:0x00000000 x22=0x00000000
       71165000	      7017	8000405c	01891fb3	sll	x31,x18,x24	 x18:0x00000404 x24:0x0000053a x31=0x10000000
       71175000	      7018	80004060	8b91	c.andi	x15,4	 x15:0x00000001 x15=0x00000000
       71185000	      7019	80004062	071c	c.addi4spn	x15,x2,896	 x15=0x00000381
       71195000	      7020	80004064	0005eeb3	or	x29,x11,x0	 x11:0x894eacb4  x0:0x00000000 x29=0x894eacb4
       71205000	      7021	80004068	829a0713	addi	x14,x20,-2007	 x20:0xffc00116 x14=0xffbff93f
       71215000	      7022	8000406c	c915	c.beqz	x10,800040a0	 x10:0xffffffff
       71225000	      7023	8000406e	01791533	sll	x10,x18,x23	 x18:0x00000404 x23:0xffffffff x10=0x00000000
       71595000	      7060	80004072	02245ab3	divu	x21,x8,x2	  x8:0x80022ce4  x2:0x00000001 x21=0x80022ce4
       71605000	      7061	80004076	414c5393	srai	x7,x24,0x14	 x24:0x0000053a  x7=0x00000000
       71615000	      7062	8000407a	0165a3b3	slt	x7,x11,x22	 x11:0x894eacb4 x22:0x00000000  x7=0x00000001
       71625000	      7063	8000407e	ee85	c.bnez	x13,800040b6	 x13:0x00000000
       71645000	      7065	80004080	023662b3	rem	x5,x12,x3	 x12:0x00000141  x3:0x00000000  x5=0x00000141
       71655000	      7066	80004084	7a888937	lui	x18,0x7a888	 x18=0x7a888000
       71665000	      7067	80004088	8e61	c.and	x12,x8	 x12:0x00000141  x8:0x80022ce4 x12=0x00000040
       71705000	      7071	8000408a	020d2333	mulhsu	x6,x26,x0	 x26:0x00000000  x0:0x00000000  x6=0x00000000
       71715000	      7072	8000408e	0000100f	fence.i	
       71745000	      7075	80004092	563067b7	lui	x15,0x56306	 x15=0x56306000
       71755000	      7076	80004096	0133e963	bltu	x7,x19,800040a8	  x7:0x00000001 x19:0xfffff000
       71775000	      7078	800040a8	c709	c.beqz	x14,800040b2	 x14:0xffbff93f
       71785000	      7079	800040aa	717d	c.addi16sp	x2,-16	  x2:0x00000001  x2=0xfffffff1
       71795000	      7080	800040ac	00f847b3	xor	x15,x16,x15	 x16:0x00000000 x15:0x56306000 x15=0x56306000
       71805000	      7081	800040b0	ec95	c.bnez	x9,800040ec	  x9:0x8001ee4c
       71825000	      7083	800040ec	ef5efb97	auipc	x23,0xef5ef	 x23=0x6f5f30ec
       71835000	      7084	800040f0	0304d963	bge	x9,x16,80004122	  x9:0x8001ee4c x16:0x00000000
       71865000	      7087	800040f4	026901b3	mul	x3,x18,x6	 x18:0x7a888000  x6:0x00000000  x3=0x00000000
       71875000	      7088	800040f8	8eed	c.and	x13,x11	 x13:0x00000000 x11:0x894eacb4 x13=0x00000000
       71915000	      7092	800040fa	035029b3	mulhsu	x19,x0,x21	  x0:0x00000000 x21:0x80022ce4 x19=0x00000000
       71955000	      7096	800040fe	03222db3	mulhsu	x27,x4,x18	  x4:0x40000000 x18:0x7a888000 x27=0x1ea22000
       71965000	      7097	80004102	019b4db3	xor	x27,x22,x25	 x22:0x00000000 x25:0xb19cf0c9 x27=0xb19cf0c9
       71975000	      7098	80004106	692b0437	lui	x8,0x692b0	  x8=0x692b0000
       71985000	      7099	8000410a	405051b3	sra	x3,x0,x5	  x0:0x00000000  x5:0x00000141  x3=0x00000000
       71995000	      7100	8000410e	01c65133	srl	x2,x12,x28	 x12:0x00000040 x28:0x4f986000  x2=0x00000040
       72005000	      7101	80004112	c905	c.beqz	x10,80004142	 x10:0x00000000
       72045000	      7105	80004142	02aeee33	rem	x28,x29,x10	 x29:0x894eacb4 x10:0x00000000 x28=0x894eacb4
       72055000	      7106	80004146	019d0533	add	x10,x26,x25	 x26:0x00000000 x25:0xb19cf0c9 x10=0xb19cf0c9
       72065000	      7107	8000414a	00375a63	bge	x14,x3,8000415e	 x14:0xffbff93f  x3:0x00000000
       72075000	      7108	8000414e	01255863	bge	x10,x18,8000415e	 x10:0xb19cf0c9 x18:0x7a888000
       72115000	      7112	80004152	0291ab33	mulhsu	x22,x3,x9	  x3:0x00000000  x9:0x8001ee4c x22=0x00000000
       72125000	      7113	80004156	8f85	c.sub	x15,x9	 x15:0x56306000  x9:0x8001ee4c x15=0xd62e71b4
       72135000	      7114	80004158	3767f013	andi	x0,x15,886	 x15:0xd62e71b4  x0=0x00000000
       72145000	      7115	8000415c	49f9	c.li	x19,30	 x19=0x0000001e
       72155000	      7116	8000415e	41d8d433	sra	x8,x17,x29	 x17:0x00000001 x29:0x894eacb4  x8=0x00000000
       72165000	      7117	80004162	d107f293	andi	x5,x15,-752	 x15:0xd62e71b4  x5=0xd62e7110
       72175000	      7118	80004166	40d8	c.lw	x14,4(x9)	  x9:0x8001ee4c x14=0x800032d0 PA:0x8001ee50 load:0x800032d0
       72185000	      7119	80004168	8e41	c.or	x12,x8	 x12:0x00000040  x8:0x00000000 x12=0x00000040
       72215000	      7122	8000416a	02918133	mul	x2,x3,x9	  x3:0x00000000  x9:0x8001ee4c  x2=0x00000000
       72225000	      7123	8000416e	0152dd33	srl	x26,x5,x21	  x5:0xd62e7110 x21:0x80022ce4 x26=0x0d62e711
       72235000	      7124	80004172	63a5	c.lui	x7,0x9	  x7=0x00009000
       72245000	      7125	80004174	04e1	c.addi	x9,24	  x9:0x8001ee4c  x9=0x8001ee64
       72255000	      7126	80004176	8c79	c.and	x8,x14	  x8:0x00000000 x14:0x800032d0  x8=0x00000000
       72265000	      7127	80004178	00335513	srli	x10,x6,0x3	  x6:0x00000000 x10=0x00000000
       72275000	      7128	8000417c	00070293	addi	x5,x14,0	 x14:0x800032d0  x5=0x800032d0
       72285000	      7129	80004180	000282e7	jalr	x5,0(x5)	  x5:0x800032d0  x5=0x80004184
       72305000	      7131	800032d0	0040076f	jal	x14,800032d4	 x14=0x800032d4
       72325000	      7133	800032d4	a801	c.j	800032e4	
       72345000	      7135	800032e4	3ffd	c.jal	800032e2	  x1=0x800032e6
       72365000	      7137	800032e2	2019	c.jal	800032e8	  x1=0x800032e4
       72385000	      7139	800032e8	2009	c.jal	800032ea	  x1=0x800032ea
       72405000	      7141	800032ea	3fcd	c.jal	800032dc	  x1=0x800032ec
       72425000	      7143	800032dc	3ff5	c.jal	800032d8	  x1=0x800032de
       72445000	      7145	800032d8	008008ef	jal	x17,800032e0	 x17=0x800032dc
       72465000	      7147	800032e0	bffd	c.j	800032de	
       72485000	      7149	800032de	a021	c.j	800032e6	
       72505000	      7151	800032e6	bfc5	c.j	800032d6	
       72525000	      7153	800032d6	a819	c.j	800032ec	
       72545000	      7155	800032ec	01807b33	and	x22,x0,x24	  x0:0x00000000 x24:0x0000053a x22=0x00000000
       72555000	      7156	800032f0	0340076f	jal	x14,80003324	 x14=0x800032f4
       72575000	      7158	80003324	ff1ff26f	jal	x4,80003314	  x4=0x80003328
       72595000	      7160	80003314	ff9ff46f	jal	x8,8000330c	  x8=0x80003318
       72615000	      7162	8000330c	b7e5	c.j	800032f4	
       72635000	      7164	800032f4	2815	c.jal	80003328	  x1=0x800032f6
       72655000	      7166	80003328	fd1ff0ef	jal	x1,800032f8	  x1=0x8000332c
       72675000	      7168	800032f8	a821	c.j	80003310	
       72695000	      7170	80003310	010000ef	jal	x1,80003320	  x1=0x80003314
       72715000	      7172	80003320	fdbff0ef	jal	x1,800032fa	  x1=0x80003324
       72735000	      7174	800032fa	a00d	c.j	8000331c	
       72755000	      7176	8000331c	fe7ff16f	jal	x2,80003302	  x2=0x80003320
       72785000	      7179	80003302	01600cef	jal	x25,80003318	 x25=0x80003306
       72805000	      7181	80003318	3ff9	c.jal	800032f6	  x1=0x8000331a
       72825000	      7183	800032f6	2015	c.jal	8000331a	  x1=0x800032f8
       72845000	      7185	8000331a	3fc5	c.jal	8000330a	  x1=0x8000331c
       72865000	      7187	8000330a	a00d	c.j	8000332c	
       72885000	      7189	8000332c	3fc1	c.jal	800032fc	  x1=0x8000332e
       72905000	      7191	800032fc	2009	c.jal	800032fe	  x1=0x800032fe
       72935000	      7194	800032fe	0100036f	jal	x6,8000330e	  x6=0x80003302
       72955000	      7196	8000330e	3fe5	c.jal	80003306	  x1=0x80003310
       72985000	      7199	80003306	028000ef	jal	x1,8000332e	  x1=0x8000330a
       73005000	      7201	8000332e	8779	c.srai	x14,0x1e	 x14:0x800032f4 x14=0xfffffffe
       73015000	      7202	80003330	0280076f	jal	x14,80003358	 x14=0x80003334
       73035000	      7204	80003358	bffd	c.j	80003356	
       73055000	      7206	80003356	bfed	c.j	80003350	
       73075000	      7208	80003350	3fd5	c.jal	80003344	  x1=0x80003352
       73095000	      7210	80003344	bfc5	c.j	80003334	
       73115000	      7212	80003334	01a003ef	jal	x7,8000334e	  x7=0x80003338
       73135000	      7214	8000334e	bfe5	c.j	80003346	
       73155000	      7216	80003346	3fcd	c.jal	80003338	  x1=0x80003348
       73175000	      7218	80003338	2009	c.jal	8000333a	  x1=0x8000333a
       73195000	      7220	8000333a	2011	c.jal	8000333e	  x1=0x8000333c
       73225000	      7223	8000333e	0160036f	jal	x6,80003354	  x6=0x80003342
       73245000	      7225	80003354	3fe5	c.jal	8000334c	  x1=0x80003356
       73265000	      7227	8000334c	3ff5	c.jal	80003348	  x1=0x8000334e
       73285000	      7229	80003348	00a0036f	jal	x6,80003352	  x6=0x8000334c
       73305000	      7231	80003352	3fc5	c.jal	80003342	  x1=0x80003354
       73325000	      7233	80003342	3fed	c.jal	8000333c	  x1=0x80003344
       73345000	      7235	8000333c	a839	c.j	8000335a	
       73375000	      7238	8000335a	014c1833	sll	x16,x24,x20	 x24:0x0000053a x20:0xffc00116 x16=0x4e800000
       73385000	      7239	8000335e	03c0076f	jal	x14,8000339a	 x14=0x80003362
       73415000	      7242	8000339a	ff7ffb6f	jal	x22,80003390	 x22=0x8000339e
       73435000	      7244	80003390	bff5	c.j	8000338c	
       73455000	      7246	8000338c	fd7ff9ef	jal	x19,80003362	 x19=0x80003390
       73475000	      7248	80003362	2801	c.jal	80003372	  x1=0x80003364
       73505000	      7251	80003372	00e000ef	jal	x1,80003380	  x1=0x80003376
       73525000	      7253	80003380	2019	c.jal	80003386	  x1=0x80003382
       73545000	      7255	80003386	a829	c.j	800033a0	
       73565000	      7257	800033a0	bfdd	c.j	80003396	
       73595000	      7260	80003396	fd3ff0ef	jal	x1,80003368	  x1=0x8000339a
       73615000	      7262	80003368	a019	c.j	8000336e	
       73635000	      7264	8000336e	a805	c.j	8000339e	
       73655000	      7266	8000339e	37dd	c.jal	80003384	  x1=0x800033a0
       73675000	      7268	80003384	a019	c.j	8000338a	
       73695000	      7270	8000338a	bfcd	c.j	8000337c	
       73715000	      7272	8000337c	006000ef	jal	x1,80003382	  x1=0x80003380
       73735000	      7274	80003382	37ed	c.jal	8000336c	  x1=0x80003384
       73755000	      7276	8000336c	a029	c.j	80003376	
       73775000	      7278	80003376	bfc5	c.j	80003366	
       73795000	      7280	80003366	bffd	c.j	80003364	
       73815000	      7282	80003364	2015	c.jal	80003388	  x1=0x80003366
       73835000	      7284	80003388	3fc5	c.jal	80003378	  x1=0x8000338a
       73855000	      7286	80003378	ff3ff0ef	jal	x1,8000336a	  x1=0x8000337c
       73875000	      7288	8000336a	a025	c.j	80003392	
       73905000	      7291	80003392	fdfff0ef	jal	x1,80003370	  x1=0x80003396
       73925000	      7293	80003370	280d	c.jal	800033a2	  x1=0x80003372
       73955000	      7296	800033a2	400a5db3	sra	x27,x20,x0	 x20:0xffc00116  x0:0x00000000 x27=0xffc00116
       73965000	      7297	800033a6	0ff0000f	fence	iorw,iorw	
       73975000	      7298	800033aa	01785393	srli	x7,x16,0x17	 x16:0x4e800000  x7=0x0000009d
       73985000	      7299	800033ae	073c5137	lui	x2,0x73c5	  x2=0x073c5000
       73995000	      7300	800033b2	40a60a33	sub	x20,x12,x10	 x12:0x00000040 x10:0x00000000 x20=0x00000040
       74005000	      7301	800033b6	00e31563	bne	x6,x14,800033c0	  x6:0x8000334c x14:0x80003362
       74025000	      7303	800033c0	8a6baf93	slti	x31,x23,-1882	 x23:0x6f5f30ec x31=0x00000000
       74035000	      7304	800033c4	8ea6	c.mv	x29,x9	  x0:0x00000000  x9:0x8001ee64 x29=0x8001ee64
       74045000	      7305	800033c6	8e99	c.sub	x13,x14	 x13:0x00000000 x14:0x80003362 x13=0x7fffcc9e
       74085000	      7309	800033c8	033fabb3	mulhsu	x23,x31,x19	 x31:0x00000000 x19:0x80003390 x23=0x00000000
       74095000	      7310	800033cc	40d8deb3	sra	x29,x17,x13	 x17:0x800032dc x13:0x7fffcc9e x29=0xfffffffe
       74125000	      7313	800033d0	022b8933	mul	x18,x23,x2	 x23:0x00000000  x2:0x073c5000 x18=0x00000000
       74135000	      7314	800033d4	8e09	c.sub	x12,x10	 x12:0x00000040 x10:0x00000000 x12=0x00000040
       74145000	      7315	800033d6	01dee833	or	x16,x29,x29	 x29:0xfffffffe x29:0xfffffffe x16=0xfffffffe
       74155000	      7316	800033da	4164db13	srai	x22,x9,0x16	  x9:0x8001ee64 x22=0xfffffe00
       74165000	      7317	800033de	8e55	c.or	x12,x13	 x12:0x00000040 x13:0x7fffcc9e x12=0x7fffccde
       74535000	      7354	800033e0	02706d33	rem	x26,x0,x7	  x0:0x00000000  x7:0x0000009d x26=0x00000000
       74545000	      7355	800033e4	8fc5	c.or	x15,x9	 x15:0xd62e71b4  x9:0x8001ee64 x15=0xd62ffff4
       74555000	      7356	800033e6	00a98c63	beq	x19,x10,800033fe	 x19:0x80003390 x10:0x00000000
       74565000	      7357	800033ea	00aaf2b3	and	x5,x21,x10	 x21:0x80022ce4 x10:0x00000000  x5=0x00000000
       74575000	      7358	800033ee	00dc8663	beq	x25,x13,800033fa	 x25:0x80003306 x13:0x7fffcc9e
       74585000	      7359	800033f2	00a35a33	srl	x20,x6,x10	  x6:0x8000334c x10:0x00000000 x20=0x8000334c
       74615000	      7362	800033f6	025b0cb3	mul	x25,x22,x5	 x22:0xfffffe00  x5:0x00000000 x25=0x00000000
       74625000	      7363	800033fa	0cd2	c.slli	x25,0x14	 x25:0x00000000 x25=0x00000000
       74635000	      7364	800033fc	8aa5	c.andi	x13,9	 x13:0x7fffcc9e x13=0x00000008
       75005000	      7401	800033fe	0217c433	div	x8,x15,x1	 x15:0xd62ffff4  x1:0x80003372  x8=0x00000000
       75015000	      7402	80003402	0ff0000f	fence	iorw,iorw	
       75055000	      7406	80003406	03f22233	mulhsu	x4,x4,x31	  x4:0x80003328 x31:0x00000000  x4=0x00000000
       75065000	      7407	8000340a	5cfd	c.li	x25,-1	 x25=0xffffffff
       75075000	      7408	8000340c	8c59	c.or	x8,x14	  x8:0x00000000 x14:0x80003362  x8=0x80003362
       75085000	      7409	8000340e	02ce	c.slli	x5,0x13	  x5:0x00000000  x5=0x00000000
       75095000	      7410	80003410	03b0d763	bge	x1,x27,8000343e	  x1:0x80003372 x27:0xffc00116
       75105000	      7411	80003414	8fad	c.xor	x15,x11	 x15:0xd62ffff4 x11:0x894eacb4 x15=0x5f615340
       75115000	      7412	80003416	a86e2e93	slti	x29,x28,-1402	 x28:0x894eacb4 x29=0x00000001
       75125000	      7413	8000341a	004a29b3	slt	x19,x20,x4	 x20:0x8000334c  x4:0x00000000 x19=0x00000001
       75135000	      7414	8000341e	6565	c.lui	x10,0x19	 x10=0x00019000
       75145000	      7415	80003420	8f7d	c.and	x14,x15	 x14:0x80003362 x15:0x5f615340 x14=0x00001340
       75185000	      7419	80003422	037d97b3	mulh	x15,x27,x23	 x27:0xffc00116 x23:0x00000000 x15=0x00000000
       75195000	      7420	80003426	3cc3ad93	slti	x27,x7,972	  x7:0x0000009d x27=0x00000001
       75205000	      7421	8000342a	029e5663	bge	x28,x9,80003456	 x28:0x894eacb4  x9:0x8001ee64
       75235000	      7424	80003456	b297b113	sltiu	x2,x15,-1239	 x15:0x00000000  x2=0x00000001
       75245000	      7425	8000345a	02fa7a63	bgeu	x20,x15,8000348e	 x20:0x8000334c x15:0x00000000
       75275000	      7428	8000348e	003adc13	srli	x24,x21,0x3	 x21:0x80022ce4 x24=0x1000459c
       75315000	      7432	80003492	03562533	mulhsu	x10,x12,x21	 x12:0x7fffccde x21:0x80022ce4 x10=0x4000fce0
       75325000	      7433	80003496	01900d63	beq	x0,x25,800034b0	  x0:0x00000000 x25:0xffffffff
       75335000	      7434	8000349a	1b14	c.addi4spn	x13,x2,432	 x13=0x000001b1
       75345000	      7435	8000349c	ff175537	lui	x10,0xff175	 x10=0xff175000
       75355000	      7436	800034a0	83cb3313	sltiu	x6,x22,-1988	 x22:0xfffffe00  x6=0x00000000
       75365000	      7437	800034a4	40620d33	sub	x26,x4,x6	  x4:0x00000000  x6:0x00000000 x26=0x00000000
       75375000	      7438	800034a8	4094d733	sra	x14,x9,x9	  x9:0x8001ee64  x9:0x8001ee64 x14=0xf8001ee6
       75385000	      7439	800034ac	98ea	c.add	x17,x26	 x17:0x800032dc x26:0x00000000 x17=0x800032dc
       75395000	      7440	800034ae	8159	c.srli	x10,0x16	 x10:0xff175000 x10=0x000003fc
       75405000	      7441	800034b0	019fe863	bltu	x31,x25,800034c0	 x31:0x00000000 x25:0xffffffff
       75425000	      7443	800034c0	850d	c.srai	x10,0x3	 x10:0x000003fc x10=0x0000007f
       75435000	      7444	800034c2	1b182893	slti	x17,x16,433	 x16:0xfffffffe x17=0x00000001
       75445000	      7445	800034c6	8865	c.andi	x8,25	  x8:0x80003362  x8=0x00000000
       75455000	      7446	800034c8	041eda63	bge	x29,x1,8000351c	 x29:0x00000001  x1:0x80003372
       75475000	      7448	8000351c	616d	c.addi16sp	x2,240	  x2:0x00000001  x2=0x000000f1
       75485000	      7449	8000351e	05b7c763	blt	x15,x27,8000356c	 x15:0x00000000 x27:0x00000001
       75505000	      7451	8000356c	c019	c.beqz	x8,80003572	  x8:0x00000000
       75535000	      7454	80003572	02487e17	auipc	x28,0x2487	 x28=0x8248a572
       75545000	      7455	80003576	c2b1	c.beqz	x13,800035ba	 x13:0x000001b1
       75555000	      7456	80003578	01d10bb3	add	x23,x2,x29	  x2:0x000000f1 x29:0x00000001 x23=0x000000f2
       75595000	      7460	8000357c	0228a9b3	mulhsu	x19,x17,x2	 x17:0x00000001  x2:0x000000f1 x19=0x00000000
       75605000	      7461	80003580	028bfd63	bgeu	x23,x8,800035ba	 x23:0x000000f2  x8:0x00000000
       75635000	      7464	800035ba	68bc0f93	addi	x31,x24,1675	 x24:0x1000459c x31=0x10004c27
       75645000	      7465	800035be	009342b3	xor	x5,x6,x9	  x6:0x00000000  x9:0x8001ee64  x5=0x8001ee64
       75655000	      7466	800035c2	412d0b33	sub	x22,x26,x18	 x26:0x00000000 x18:0x00000000 x22=0x00000000
       75665000	      7467	800035c6	01f84863	blt	x16,x31,800035d6	 x16:0xfffffffe x31:0x10004c27
       75695000	      7470	800035d6	01987fb3	and	x31,x16,x25	 x16:0xfffffffe x25:0xffffffff x31=0xfffffffe
       75715000	      7472	800035da	0230fa33	remu	x20,x1,x3	  x1:0x80003372  x3:0x00000000 x20=0x80003372
       75725000	      7473	800035de	589b8d13	addi	x26,x23,1417	 x23:0x000000f2 x26=0x0000067b
       75735000	      7474	800035e2	8f35	c.xor	x14,x13	 x14:0xf8001ee6 x13:0x000001b1 x14=0xf8001f57
       75755000	      7476	800035e4	02686433	rem	x8,x16,x6	 x16:0xfffffffe  x6:0x00000000  x8=0xfffffffe
       75765000	      7477	800035e8	8a0d	c.andi	x12,3	 x12:0x7fffccde x12=0x00000002
       75775000	      7478	800035ea	cf91	c.beqz	x15,80003606	 x15:0x00000000
       75805000	      7481	80003606	41d3d113	srai	x2,x7,0x1d	  x7:0x0000009d  x2=0x00000000
       75815000	      7482	8000360a	f61c7813	andi	x16,x24,-159	 x24:0x1000459c x16=0x10004500
       75825000	      7483	8000360e	b8f4ac93	slti	x25,x9,-1137	  x9:0x8001ee64 x25=0x00000001
       75835000	      7484	80003612	040f0363	beq	x30,x0,80003658	 x30:0x80022ce4  x0:0x00000000
       75845000	      7485	80003616	00d7ea33	or	x20,x15,x13	 x15:0x00000000 x13:0x000001b1 x20=0x000001b1
       75855000	      7486	8000361a	0000100f	fence.i	
       75915000	      7492	8000361e	027f96b3	mulh	x13,x31,x7	 x31:0xfffffffe  x7:0x0000009d x13=0xffffffff
       75925000	      7493	80003622	419b5093	srai	x1,x22,0x19	 x22:0x00000000  x1=0x00000000
       75935000	      7494	80003626	4049de93	srai	x29,x19,0x4	 x19:0x00000000 x29=0x00000000
       75945000	      7495	8000362a	00ebb533	sltu	x10,x23,x14	 x23:0x000000f2 x14:0xf8001f57 x10=0x00000001
       75985000	      7499	8000362e	037d19b3	mulh	x19,x26,x23	 x26:0x0000067b x23:0x000000f2 x19=0x00000000
       75995000	      7500	80003632	001f2fb3	slt	x31,x30,x1	 x30:0x80022ce4  x1:0x00000000 x31=0x00000001
       76005000	      7501	80003636	0001	c.addi	x0,0	  x0:0x00000000  x0=0x00000000
       76015000	      7502	80003638	6c6b7617	auipc	x12,0x6c6b7	 x12=0xec6ba638
       76025000	      7503	8000363c	03d6c463	blt	x13,x29,80003664	 x13:0xffffffff x29:0x00000000
       76055000	      7506	80003664	02446e33	rem	x28,x8,x4	  x8:0xfffffffe  x4:0x00000000 x28=0xfffffffe
       76065000	      7507	80003668	83e9	c.srli	x15,0x1a	 x15:0x00000000 x15=0x00000000
       76075000	      7508	8000366a	00c8be33	sltu	x28,x17,x12	 x17:0x00000001 x12:0xec6ba638 x28=0x00000001
       76085000	      7509	8000366e	6f25c793	xori	x15,x11,1778	 x11:0x894eacb4 x15=0x894eaa46
       76095000	      7510	80003672	414bd413	srai	x8,x23,0x14	 x23:0x000000f2  x8=0x00000000
       76105000	      7511	80003676	0394d163	bge	x9,x25,80003698	  x9:0x8001ee64 x25:0x00000001
       76145000	      7515	8000367a	0289a033	mulhsu	x0,x19,x8	 x19:0x00000000  x8:0x00000000  x0=0x00000000
       76155000	      7516	8000367e	03219163	bne	x3,x18,800036a0	  x3:0x00000000 x18:0x00000000
       76195000	      7520	80003682	02d6a7b3	mulhsu	x15,x13,x13	 x13:0xffffffff x13:0xffffffff x15=0xffffffff
       76205000	      7521	80003686	01d65733	srl	x14,x12,x29	 x12:0xec6ba638 x29:0x00000000 x14=0xec6ba638
       76215000	      7522	8000368a	00dfd733	srl	x14,x31,x13	 x31:0x00000001 x13:0xffffffff x14=0x00000000
       76225000	      7523	8000368e	51ddcb13	xori	x22,x27,1309	 x27:0x00000001 x22=0x0000051c
       76235000	      7524	80003692	0226	c.slli	x4,0x9	  x4:0x00000000  x4=0x00000000
       76245000	      7525	80003694	40e05b13	srai	x22,x0,0xe	  x0:0x00000000 x22=0x00000000
       76255000	      7526	80003698	e015	c.bnez	x8,800036bc	  x8:0x00000000
       76265000	      7527	8000369a	617d	c.addi16sp	x2,496	  x2:0x00000000  x2=0x000001f0
       76305000	      7531	8000369c	03bcbab3	mulhu	x21,x25,x27	 x25:0x00000001 x27:0x00000001 x21=0x00000000
       76315000	      7532	800036a0	983a	c.add	x16,x14	 x16:0x10004500 x14:0x00000000 x16=0x10004500
       76325000	      7533	800036a2	0001	c.addi	x0,0	  x0:0x00000000  x0=0x00000000
       76335000	      7534	800036a4	cf411fb7	lui	x31,0xcf411	 x31=0xcf411000
       76345000	      7535	800036a8	00e88e33	add	x28,x17,x14	 x17:0x00000001 x14:0x00000000 x28=0x00000001
       76355000	      7536	800036ac	0001	c.addi	x0,0	  x0:0x00000000  x0=0x00000000
       76385000	      7539	800036ae	03a783b3	mul	x7,x15,x26	 x15:0xffffffff x26:0x0000067b  x7=0xfffff985
       76395000	      7540	800036b2	86b1	c.srai	x13,0xc	 x13:0xffffffff x13=0xffffffff
       76405000	      7541	800036b4	0e7c3193	sltiu	x3,x24,231	 x24:0x1000459c  x3=0x00000000
       76415000	      7542	800036b8	0000100f	fence.i	
       76435000	      7544	800036bc	0149c0b3	xor	x1,x19,x20	 x19:0x00000000 x20:0x000001b1  x1=0x000001b1
       76445000	      7545	800036c0	0ff0000f	fence	iorw,iorw	
       76485000	      7549	800036c4	03f4bcb3	mulhu	x25,x9,x31	  x9:0x8001ee64 x31:0xcf411000 x25=0x67a21840
       76495000	      7550	800036c8	e809	c.bnez	x8,800036da	  x8:0x00000000
       76515000	      7552	800036ca	03254cb3	div	x25,x10,x18	 x10:0x00000001 x18:0x00000000 x25=0xffffffff
       76885000	      7589	800036ce	02c44333	div	x6,x8,x12	  x8:0x00000000 x12:0xec6ba638  x6=0x00000000
       76895000	      7590	800036d2	90e6	c.add	x1,x25	  x1:0x000001b1 x25:0xffffffff  x1=0x000001b0
       76905000	      7591	800036d4	8e5d	c.or	x12,x15	 x12:0xec6ba638 x15:0xffffffff x12=0xffffffff
       76915000	      7592	800036d6	41ded513	srai	x10,x29,0x1d	 x29:0x00000000 x10=0x00000000
       76925000	      7593	800036da	00f8acb3	slt	x25,x17,x15	 x17:0x00000001 x15:0xffffffff x25=0x00000000
       76935000	      7594	800036de	ffffd597	auipc	x11,0xffffd	 x11=0x800006de
       76945000	      7595	800036e2	c8058593	addi	x11,x11,-896	 x11:0x800006de x11=0x8000035e
       76955000	      7596	800036e6	00058067	jalr	x0,0(x11)	 x11:0x8000035e  x0=0x00000000
       76985000	      7599	8000035e	90000d37	lui	x26,0x90000	 x26=0x90000000
       76995000	      7600	80000362	1d61	c.addi	x26,-8	 x26:0x90000000 x26=0x8ffffff8
       77005000	      7601	80000364	4601	c.li	x12,0	 x12=0x00000000
       77015000	      7602	80000366	0622	c.slli	x12,0x8	 x12:0x00000000 x12=0x00000000
       77025000	      7603	80000368	0605	c.addi	x12,1	 x12:0x00000000 x12=0x00000001
       77035000	      7604	8000036a	00cd2023	sw	x12,0(x26)	 x26:0x8ffffff8 x12:0x00000001 PA:0x8ffffff8 store:0x00000001 load:0x00000000
       77045000	      7605	8000036e	00000073	ecall	
       77075000	      7608	80002500	0800006f	jal	x0,80002580	  x0=0x00000000
       77095000	      7610	80002580	1f71	c.addi	x30,-4	 x30:0x80022ce4 x30=0x80022ce0
       77105000	      7611	80002582	009f2023	sw	x9,0(x30)	 x30:0x80022ce0  x9:0x8001ee64 PA:0x80022ce0 store:0x8001ee64 load:0x00000000
