Time	Cycle	PC	Insn	Decoded instruction	Register and memory contents
        1055000	         6	80000080	40001937	lui	x18,0x40001	 x18=0x40001000
        1065000	         7	80000084	10690913	addi	x18,x18,262	 x18:0x40001000 x18=0x40001106
        1075000	         8	80000088	30191073	csrrw	x0,misa,x18	 x18:0x40001106  x0=0x00000000
        1105000	        11	8000008c	0002d697	auipc	x13,0x2d	 x13=0x8002d08c
        1115000	        12	80000090	c5868693	addi	x13,x13,-936	 x13:0x8002d08c x13=0x8002cce4
        1125000	        13	80000094	00002917	auipc	x18,0x2	 x18=0x80002094
        1135000	        14	80000098	76c90913	addi	x18,x18,1900	 x18:0x80002094 x18=0x80002800
        1145000	        15	8000009c	00196913	ori	x18,x18,1	 x18:0x80002800 x18=0x80002801
        1155000	        16	800000a0	30591073	csrrw	x0,mtvec,x18	 x18:0x80002801  x0=0x00000000
        1185000	        19	800000a4	74725073	csrrwi	x0,0x747,4	  x0=0x00000000
        1215000	        22	800000a8	00003397	auipc	x7,0x3	  x7=0x800030a8
        1225000	        23	800000ac	4fc38393	addi	x7,x7,1276	  x7:0x800030a8  x7=0x800035a4
        1235000	        24	800000b0	4901	c.li	x18,0	 x18=0x00000000
        1245000	        25	800000b2	93ca	c.add	x7,x18	  x7:0x800035a4 x18:0x00000000  x7=0x800035a4
        1255000	        26	800000b4	0023d393	srli	x7,x7,0x2	  x7:0x800035a4  x7=0x20000d69
        1265000	        27	800000b8	3b039073	csrrw	x0,pmpaddr0,x7	  x7:0x20000d69  x0=0x00000000
        1295000	        30	800000bc	00003397	auipc	x7,0x3	  x7=0x800030bc
        1305000	        31	800000c0	4e838393	addi	x7,x7,1256	  x7:0x800030bc  x7=0x800035a4
        1315000	        32	800000c4	6909	c.lui	x18,0x2	 x18=0x00002000
        1325000	        33	800000c6	66690913	addi	x18,x18,1638	 x18:0x00002000 x18=0x00002666
        1335000	        34	800000ca	93ca	c.add	x7,x18	  x7:0x800035a4 x18:0x00002666  x7=0x80005c0a
        1345000	        35	800000cc	0023d393	srli	x7,x7,0x2	  x7:0x80005c0a  x7=0x20001702
        1355000	        36	800000d0	3b139073	csrrw	x0,pmpaddr1,x7	  x7:0x20001702  x0=0x00000000
        1385000	        39	800000d4	00003397	auipc	x7,0x3	  x7=0x800030d4
        1395000	        40	800000d8	4d038393	addi	x7,x7,1232	  x7:0x800030d4  x7=0x800035a4
        1405000	        41	800000dc	6915	c.lui	x18,0x5	 x18=0x00005000
        1415000	        42	800000de	ccc90913	addi	x18,x18,-820	 x18:0x00005000 x18=0x00004ccc
        1425000	        43	800000e2	93ca	c.add	x7,x18	  x7:0x800035a4 x18:0x00004ccc  x7=0x80008270
        1435000	        44	800000e4	0023d393	srli	x7,x7,0x2	  x7:0x80008270  x7=0x2000209c
        1445000	        45	800000e8	3b239073	csrrw	x0,pmpaddr2,x7	  x7:0x2000209c  x0=0x00000000
        1475000	        48	800000ec	00003397	auipc	x7,0x3	  x7=0x800030ec
        1485000	        49	800000f0	4b838393	addi	x7,x7,1208	  x7:0x800030ec  x7=0x800035a4
        1495000	        50	800000f4	691d	c.lui	x18,0x7	 x18=0x00007000
        1505000	        51	800000f6	33290913	addi	x18,x18,818	 x18:0x00007000 x18=0x00007332
        1515000	        52	800000fa	93ca	c.add	x7,x18	  x7:0x800035a4 x18:0x00007332  x7=0x8000a8d6
        1525000	        53	800000fc	0023d393	srli	x7,x7,0x2	  x7:0x8000a8d6  x7=0x20002a35
        1535000	        54	80000100	3b339073	csrrw	x0,pmpaddr3,x7	  x7:0x20002a35  x0=0x00000000
        1565000	        57	80000104	0f0f13b7	lui	x7,0xf0f1	  x7=0x0f0f1000
        1575000	        58	80000108	f0f38393	addi	x7,x7,-241	  x7:0x0f0f1000  x7=0x0f0f0f0f
        1585000	        59	8000010c	3a039073	csrrw	x0,pmpcfg0,x7	  x7:0x0f0f0f0f  x0=0x00000000
        1615000	        62	80000110	00003397	auipc	x7,0x3	  x7=0x80003110
        1625000	        63	80000114	49438393	addi	x7,x7,1172	  x7:0x80003110  x7=0x800035a4
        1635000	        64	80000118	6929	c.lui	x18,0xa	 x18=0x0000a000
        1645000	        65	8000011a	99890913	addi	x18,x18,-1640	 x18:0x0000a000 x18=0x00009998
        1655000	        66	8000011e	93ca	c.add	x7,x18	  x7:0x800035a4 x18:0x00009998  x7=0x8000cf3c
        1665000	        67	80000120	0023d393	srli	x7,x7,0x2	  x7:0x8000cf3c  x7=0x200033cf
        1675000	        68	80000124	3b439073	csrrw	x0,pmpaddr4,x7	  x7:0x200033cf  x0=0x00000000
        1705000	        71	80000128	00003397	auipc	x7,0x3	  x7=0x80003128
        1715000	        72	8000012c	47c38393	addi	x7,x7,1148	  x7:0x80003128  x7=0x800035a4
        1725000	        73	80000130	6931	c.lui	x18,0xc	 x18=0x0000c000
        1735000	        74	80000132	1979	c.addi	x18,-2	 x18:0x0000c000 x18=0x0000bffe
        1745000	        75	80000134	93ca	c.add	x7,x18	  x7:0x800035a4 x18:0x0000bffe  x7=0x8000f5a2
        1755000	        76	80000136	0023d393	srli	x7,x7,0x2	  x7:0x8000f5a2  x7=0x20003d68
        1765000	        77	8000013a	3b539073	csrrw	x0,pmpaddr5,x7	  x7:0x20003d68  x0=0x00000000
        1795000	        80	8000013e	00003397	auipc	x7,0x3	  x7=0x8000313e
        1805000	        81	80000142	46638393	addi	x7,x7,1126	  x7:0x8000313e  x7=0x800035a4
        1815000	        82	80000146	6939	c.lui	x18,0xe	 x18=0x0000e000
        1825000	        83	80000148	66490913	addi	x18,x18,1636	 x18:0x0000e000 x18=0x0000e664
        1835000	        84	8000014c	93ca	c.add	x7,x18	  x7:0x800035a4 x18:0x0000e664  x7=0x80011c08
        1845000	        85	8000014e	0023d393	srli	x7,x7,0x2	  x7:0x80011c08  x7=0x20004702
        1855000	        86	80000152	3b639073	csrrw	x0,pmpaddr6,x7	  x7:0x20004702  x0=0x00000000
        1885000	        89	80000156	00003397	auipc	x7,0x3	  x7=0x80003156
        1895000	        90	8000015a	44e38393	addi	x7,x7,1102	  x7:0x80003156  x7=0x800035a4
        1905000	        91	8000015e	6945	c.lui	x18,0x11	 x18=0x00011000
        1915000	        92	80000160	cca90913	addi	x18,x18,-822	 x18:0x00011000 x18=0x00010cca
        1925000	        93	80000164	93ca	c.add	x7,x18	  x7:0x800035a4 x18:0x00010cca  x7=0x8001426e
        1935000	        94	80000166	0023d393	srli	x7,x7,0x2	  x7:0x8001426e  x7=0x2000509b
        1945000	        95	8000016a	3b739073	csrrw	x0,pmpaddr7,x7	  x7:0x2000509b  x0=0x00000000
        1975000	        98	8000016e	0f0f13b7	lui	x7,0xf0f1	  x7=0x0f0f1000
        1985000	        99	80000172	f0f38393	addi	x7,x7,-241	  x7:0x0f0f1000  x7=0x0f0f0f0f
        1995000	       100	80000176	3a139073	csrrw	x0,pmpcfg1,x7	  x7:0x0f0f0f0f  x0=0x00000000
        2025000	       103	8000017a	00003397	auipc	x7,0x3	  x7=0x8000317a
        2035000	       104	8000017e	42a38393	addi	x7,x7,1066	  x7:0x8000317a  x7=0x800035a4
        2045000	       105	80000182	694d	c.lui	x18,0x13	 x18=0x00013000
        2055000	       106	80000184	33090913	addi	x18,x18,816	 x18:0x00013000 x18=0x00013330
        2065000	       107	80000188	93ca	c.add	x7,x18	  x7:0x800035a4 x18:0x00013330  x7=0x800168d4
        2075000	       108	8000018a	0023d393	srli	x7,x7,0x2	  x7:0x800168d4  x7=0x20005a35
        2085000	       109	8000018e	3b839073	csrrw	x0,pmpaddr8,x7	  x7:0x20005a35  x0=0x00000000
        2115000	       112	80000192	00003397	auipc	x7,0x3	  x7=0x80003192
        2125000	       113	80000196	41238393	addi	x7,x7,1042	  x7:0x80003192  x7=0x800035a4
        2135000	       114	8000019a	6959	c.lui	x18,0x16	 x18=0x00016000
        2145000	       115	8000019c	99690913	addi	x18,x18,-1642	 x18:0x00016000 x18=0x00015996
        2155000	       116	800001a0	93ca	c.add	x7,x18	  x7:0x800035a4 x18:0x00015996  x7=0x80018f3a
        2165000	       117	800001a2	0023d393	srli	x7,x7,0x2	  x7:0x80018f3a  x7=0x200063ce
        2175000	       118	800001a6	3b939073	csrrw	x0,pmpaddr9,x7	  x7:0x200063ce  x0=0x00000000
        2205000	       121	800001aa	00003397	auipc	x7,0x3	  x7=0x800031aa
        2215000	       122	800001ae	3fa38393	addi	x7,x7,1018	  x7:0x800031aa  x7=0x800035a4
        2225000	       123	800001b2	6961	c.lui	x18,0x18	 x18=0x00018000
        2235000	       124	800001b4	1971	c.addi	x18,-4	 x18:0x00018000 x18=0x00017ffc
        2245000	       125	800001b6	93ca	c.add	x7,x18	  x7:0x800035a4 x18:0x00017ffc  x7=0x8001b5a0
        2255000	       126	800001b8	0023d393	srli	x7,x7,0x2	  x7:0x8001b5a0  x7=0x20006d68
        2265000	       127	800001bc	3ba39073	csrrw	x0,pmpaddr10,x7	  x7:0x20006d68  x0=0x00000000
        2295000	       130	800001c0	00003397	auipc	x7,0x3	  x7=0x800031c0
        2305000	       131	800001c4	3e438393	addi	x7,x7,996	  x7:0x800031c0  x7=0x800035a4
        2315000	       132	800001c8	6969	c.lui	x18,0x1a	 x18=0x0001a000
        2325000	       133	800001ca	66290913	addi	x18,x18,1634	 x18:0x0001a000 x18=0x0001a662
        2335000	       134	800001ce	93ca	c.add	x7,x18	  x7:0x800035a4 x18:0x0001a662  x7=0x8001dc06
        2345000	       135	800001d0	0023d393	srli	x7,x7,0x2	  x7:0x8001dc06  x7=0x20007701
        2355000	       136	800001d4	3bb39073	csrrw	x0,pmpaddr11,x7	  x7:0x20007701  x0=0x00000000
        2385000	       139	800001d8	0f0f13b7	lui	x7,0xf0f1	  x7=0x0f0f1000
        2395000	       140	800001dc	f0f38393	addi	x7,x7,-241	  x7:0x0f0f1000  x7=0x0f0f0f0f
        2405000	       141	800001e0	3a239073	csrrw	x0,pmpcfg2,x7	  x7:0x0f0f0f0f  x0=0x00000000
        2435000	       144	800001e4	00003397	auipc	x7,0x3	  x7=0x800031e4
        2445000	       145	800001e8	3c038393	addi	x7,x7,960	  x7:0x800031e4  x7=0x800035a4
        2455000	       146	800001ec	6975	c.lui	x18,0x1d	 x18=0x0001d000
        2465000	       147	800001ee	cc890913	addi	x18,x18,-824	 x18:0x0001d000 x18=0x0001ccc8
        2475000	       148	800001f2	93ca	c.add	x7,x18	  x7:0x800035a4 x18:0x0001ccc8  x7=0x8002026c
        2485000	       149	800001f4	0023d393	srli	x7,x7,0x2	  x7:0x8002026c  x7=0x2000809b
        2495000	       150	800001f8	3bc39073	csrrw	x0,pmpaddr12,x7	  x7:0x2000809b  x0=0x00000000
        2525000	       153	800001fc	00003397	auipc	x7,0x3	  x7=0x800031fc
        2535000	       154	80000200	3a838393	addi	x7,x7,936	  x7:0x800031fc  x7=0x800035a4
        2545000	       155	80000204	697d	c.lui	x18,0x1f	 x18=0x0001f000
        2555000	       156	80000206	32e90913	addi	x18,x18,814	 x18:0x0001f000 x18=0x0001f32e
        2565000	       157	8000020a	93ca	c.add	x7,x18	  x7:0x800035a4 x18:0x0001f32e  x7=0x800228d2
        2575000	       158	8000020c	0023d393	srli	x7,x7,0x2	  x7:0x800228d2  x7=0x20008a34
        2585000	       159	80000210	3bd39073	csrrw	x0,pmpaddr13,x7	  x7:0x20008a34  x0=0x00000000
        2615000	       162	80000214	00003397	auipc	x7,0x3	  x7=0x80003214
        2625000	       163	80000218	39038393	addi	x7,x7,912	  x7:0x80003214  x7=0x800035a4
        2635000	       164	8000021c	00022937	lui	x18,0x22	 x18=0x00022000
        2645000	       165	80000220	99490913	addi	x18,x18,-1644	 x18:0x00022000 x18=0x00021994
        2655000	       166	80000224	93ca	c.add	x7,x18	  x7:0x800035a4 x18:0x00021994  x7=0x80024f38
        2665000	       167	80000226	0023d393	srli	x7,x7,0x2	  x7:0x80024f38  x7=0x200093ce
        2675000	       168	8000022a	3be39073	csrrw	x0,pmpaddr14,x7	  x7:0x200093ce  x0=0x00000000
        2705000	       171	8000022e	00003397	auipc	x7,0x3	  x7=0x8000322e
        2715000	       172	80000232	37638393	addi	x7,x7,886	  x7:0x8000322e  x7=0x800035a4
        2725000	       173	80000236	00024937	lui	x18,0x24	 x18=0x00024000
        2735000	       174	8000023a	1969	c.addi	x18,-6	 x18:0x00024000 x18=0x00023ffa
        2745000	       175	8000023c	93ca	c.add	x7,x18	  x7:0x800035a4 x18:0x00023ffa  x7=0x8002759e
        2755000	       176	8000023e	0023d393	srli	x7,x7,0x2	  x7:0x8002759e  x7=0x20009d67
        2765000	       177	80000242	3bf39073	csrrw	x0,pmpaddr15,x7	  x7:0x20009d67  x0=0x00000000
        2795000	       180	80000246	0f0f13b7	lui	x7,0xf0f1	  x7=0x0f0f1000
        2805000	       181	8000024a	f0f38393	addi	x7,x7,-241	  x7:0x0f0f1000  x7=0x0f0f0f0f
        2815000	       182	8000024e	3a339073	csrrw	x0,pmpcfg3,x7	  x7:0x0f0f0f0f  x0=0x00000000
        2845000	       185	80000252	74705073	csrrwi	x0,0x747,0	  x0=0x00000000
        2875000	       188	80000256	6f0fb3b7	lui	x7,0x6f0fb	  x7=0x6f0fb000
        2885000	       189	8000025a	dba38393	addi	x7,x7,-582	  x7:0x6f0fb000  x7=0x6f0fadba
        2895000	       190	8000025e	00003717	auipc	x14,0x3	 x14=0x8000325e
        2905000	       191	80000262	34670713	addi	x14,x14,838	 x14:0x8000325e x14=0x800035a4
        2915000	       192	80000266	93ba	c.add	x7,x14	  x7:0x6f0fadba x14:0x800035a4  x7=0xef0fe35e
        2925000	       193	80000268	3b0393f3	csrrw	x7,pmpaddr0,x7	  x7:0xef0fe35e  x7=0x20000d69
        2955000	       196	8000026c	3b0393f3	csrrw	x7,pmpaddr0,x7	  x7:0x20000d69  x7=0xef0fe35e
        2985000	       199	80000270	632853b7	lui	x7,0x63285	  x7=0x63285000
        2995000	       200	80000274	f0f38393	addi	x7,x7,-241	  x7:0x63285000  x7=0x63284f0f
        3005000	       201	80000278	3a0393f3	csrrw	x7,pmpcfg0,x7	  x7:0x63284f0f  x7=0x0f0f0f0f
        3035000	       204	8000027c	3a0393f3	csrrw	x7,pmpcfg0,x7	  x7:0x0f0f0f0f  x7=0x03080f0f
        3065000	       207	80000280	5caac3b7	lui	x7,0x5caac	  x7=0x5caac000
        3075000	       208	80000284	fa638393	addi	x7,x7,-90	  x7:0x5caac000  x7=0x5caabfa6
        3085000	       209	80000288	00003717	auipc	x14,0x3	 x14=0x80003288
        3095000	       210	8000028c	31c70713	addi	x14,x14,796	 x14:0x80003288 x14=0x800035a4
        3105000	       211	80000290	93ba	c.add	x7,x14	  x7:0x5caabfa6 x14:0x800035a4  x7=0xdcaaf54a
        3115000	       212	80000292	3b1393f3	csrrw	x7,pmpaddr1,x7	  x7:0xdcaaf54a  x7=0x20001702
        3145000	       215	80000296	3b1393f3	csrrw	x7,pmpaddr1,x7	  x7:0x20001702  x7=0xdcaaf54a
        3175000	       218	8000029a	3c3453b7	lui	x7,0x3c345	  x7=0x3c345000
        3185000	       219	8000029e	70f38393	addi	x7,x7,1807	  x7:0x3c345000  x7=0x3c34570f
        3195000	       220	800002a2	3a0393f3	csrrw	x7,pmpcfg0,x7	  x7:0x3c34570f  x7=0x0f0f0f0f
        3225000	       223	800002a6	3a0393f3	csrrw	x7,pmpcfg0,x7	  x7:0x0f0f0f0f  x7=0x1c14170f
        3255000	       226	800002aa	671e73b7	lui	x7,0x671e7	  x7=0x671e7000
        3265000	       227	800002ae	b4a38393	addi	x7,x7,-1206	  x7:0x671e7000  x7=0x671e6b4a
        3275000	       228	800002b2	00003717	auipc	x14,0x3	 x14=0x800032b2
        3285000	       229	800002b6	2f270713	addi	x14,x14,754	 x14:0x800032b2 x14=0x800035a4
        3295000	       230	800002ba	93ba	c.add	x7,x14	  x7:0x671e6b4a x14:0x800035a4  x7=0xe71ea0ee
        3305000	       231	800002bc	3b2393f3	csrrw	x7,pmpaddr2,x7	  x7:0xe71ea0ee  x7=0x2000209c
        3335000	       234	800002c0	3b2393f3	csrrw	x7,pmpaddr2,x7	  x7:0x2000209c  x7=0xe71ea0ee
        3365000	       237	800002c4	6f6b73b7	lui	x7,0x6f6b7	  x7=0x6f6b7000
        3375000	       238	800002c8	c0f38393	addi	x7,x7,-1009	  x7:0x6f6b7000  x7=0x6f6b6c0f
        3385000	       239	800002cc	3a0393f3	csrrw	x7,pmpcfg0,x7	  x7:0x6f6b6c0f  x7=0x0f0f0f0f
        3415000	       242	800002d0	3a0393f3	csrrw	x7,pmpcfg0,x7	  x7:0x0f0f0f0f  x7=0x0f0b0c0f
        3445000	       245	800002d4	266303b7	lui	x7,0x26630	  x7=0x26630000
        3455000	       246	800002d8	ceb38393	addi	x7,x7,-789	  x7:0x26630000  x7=0x2662fceb
        3465000	       247	800002dc	00003717	auipc	x14,0x3	 x14=0x800032dc
        3475000	       248	800002e0	2c870713	addi	x14,x14,712	 x14:0x800032dc x14=0x800035a4
        3485000	       249	800002e4	93ba	c.add	x7,x14	  x7:0x2662fceb x14:0x800035a4  x7=0xa663328f
        3495000	       250	800002e6	3b3393f3	csrrw	x7,pmpaddr3,x7	  x7:0xa663328f  x7=0x20002a35
        3525000	       253	800002ea	3b3393f3	csrrw	x7,pmpaddr3,x7	  x7:0x20002a35  x7=0xa663328f
        3555000	       256	800002ee	5c7783b7	lui	x7,0x5c778	  x7=0x5c778000
        3565000	       257	800002f2	c0f38393	addi	x7,x7,-1009	  x7:0x5c778000  x7=0x5c777c0f
        3575000	       258	800002f6	3a0393f3	csrrw	x7,pmpcfg0,x7	  x7:0x5c777c0f  x7=0x0f0f0f0f
        3605000	       261	800002fa	3a0393f3	csrrw	x7,pmpcfg0,x7	  x7:0x0f0f0f0f  x7=0x1c171c0f
        3635000	       264	800002fe	1fee13b7	lui	x7,0x1fee1	  x7=0x1fee1000
        3645000	       265	80000302	14438393	addi	x7,x7,324	  x7:0x1fee1000  x7=0x1fee1144
        3655000	       266	80000306	00003717	auipc	x14,0x3	 x14=0x80003306
        3665000	       267	8000030a	29e70713	addi	x14,x14,670	 x14:0x80003306 x14=0x800035a4
        3675000	       268	8000030e	93ba	c.add	x7,x14	  x7:0x1fee1144 x14:0x800035a4  x7=0x9fee46e8
        3685000	       269	80000310	3b4393f3	csrrw	x7,pmpaddr4,x7	  x7:0x9fee46e8  x7=0x200033cf
        3715000	       272	80000314	3b4393f3	csrrw	x7,pmpaddr4,x7	  x7:0x200033cf  x7=0x9fee46e8
        3745000	       275	80000318	313063b7	lui	x7,0x31306	  x7=0x31306000
        3755000	       276	8000031c	31c38393	addi	x7,x7,796	  x7:0x31306000  x7=0x3130631c
        3765000	       277	80000320	3a1393f3	csrrw	x7,pmpcfg1,x7	  x7:0x3130631c  x7=0x0f0f0f0f
        3795000	       280	80000324	3a1393f3	csrrw	x7,pmpcfg1,x7	  x7:0x0f0f0f0f  x7=0x1110031c
        3825000	       283	80000328	44f1b3b7	lui	x7,0x44f1b	  x7=0x44f1b000
        3835000	       284	8000032c	78f38393	addi	x7,x7,1935	  x7:0x44f1b000  x7=0x44f1b78f
        3845000	       285	80000330	00003717	auipc	x14,0x3	 x14=0x80003330
        3855000	       286	80000334	27470713	addi	x14,x14,628	 x14:0x80003330 x14=0x800035a4
        3865000	       287	80000338	93ba	c.add	x7,x14	  x7:0x44f1b78f x14:0x800035a4  x7=0xc4f1ed33
        3875000	       288	8000033a	3b5393f3	csrrw	x7,pmpaddr5,x7	  x7:0xc4f1ed33  x7=0x20003d68
        3905000	       291	8000033e	3b5393f3	csrrw	x7,pmpaddr5,x7	  x7:0x20003d68  x7=0xc4f1ed33
        3935000	       294	80000342	3f0433b7	lui	x7,0x3f043	  x7=0x3f043000
        3945000	       295	80000346	c0f38393	addi	x7,x7,-1009	  x7:0x3f043000  x7=0x3f042c0f
        3955000	       296	8000034a	3a1393f3	csrrw	x7,pmpcfg1,x7	  x7:0x3f042c0f  x7=0x0f0f0f0f
        3985000	       299	8000034e	3a1393f3	csrrw	x7,pmpcfg1,x7	  x7:0x0f0f0f0f  x7=0x1f040c0f
        4015000	       302	80000352	2a5193b7	lui	x7,0x2a519	  x7=0x2a519000
        4025000	       303	80000356	24d38393	addi	x7,x7,589	  x7:0x2a519000  x7=0x2a51924d
        4035000	       304	8000035a	00003717	auipc	x14,0x3	 x14=0x8000335a
        4045000	       305	8000035e	24a70713	addi	x14,x14,586	 x14:0x8000335a x14=0x800035a4
        4055000	       306	80000362	93ba	c.add	x7,x14	  x7:0x2a51924d x14:0x800035a4  x7=0xaa51c7f1
        4065000	       307	80000364	3b6393f3	csrrw	x7,pmpaddr6,x7	  x7:0xaa51c7f1  x7=0x20004702
        4095000	       310	80000368	3b6393f3	csrrw	x7,pmpaddr6,x7	  x7:0x20004702  x7=0xaa51c7f1
        4125000	       313	8000036c	6b1d13b7	lui	x7,0x6b1d1	  x7=0x6b1d1000
        4135000	       314	80000370	d6338393	addi	x7,x7,-669	  x7:0x6b1d1000  x7=0x6b1d0d63
        4145000	       315	80000374	3a1393f3	csrrw	x7,pmpcfg1,x7	  x7:0x6b1d0d63  x7=0x0f0f0f0f
        4175000	       318	80000378	3a1393f3	csrrw	x7,pmpcfg1,x7	  x7:0x0f0f0f0f  x7=0x0b1d0d03
        4205000	       321	8000037c	7665c3b7	lui	x7,0x7665c	  x7=0x7665c000
        4215000	       322	80000380	2da38393	addi	x7,x7,730	  x7:0x7665c000  x7=0x7665c2da
        4225000	       323	80000384	00003717	auipc	x14,0x3	 x14=0x80003384
        4235000	       324	80000388	22070713	addi	x14,x14,544	 x14:0x80003384 x14=0x800035a4
        4245000	       325	8000038c	93ba	c.add	x7,x14	  x7:0x7665c2da x14:0x800035a4  x7=0xf665f87e
        4255000	       326	8000038e	3b7393f3	csrrw	x7,pmpaddr7,x7	  x7:0xf665f87e  x7=0x2000509b
        4285000	       329	80000392	3b7393f3	csrrw	x7,pmpaddr7,x7	  x7:0x2000509b  x7=0xf665f87e
        4315000	       332	80000396	0d1063b7	lui	x7,0xd106	  x7=0x0d106000
        4325000	       333	8000039a	f5438393	addi	x7,x7,-172	  x7:0x0d106000  x7=0x0d105f54
        4335000	       334	8000039e	3a1393f3	csrrw	x7,pmpcfg1,x7	  x7:0x0d105f54  x7=0x0f0f0f0f
        4365000	       337	800003a2	3a1393f3	csrrw	x7,pmpcfg1,x7	  x7:0x0f0f0f0f  x7=0x0d101f14
        4395000	       340	800003a6	407333b7	lui	x7,0x40733	  x7=0x40733000
        4405000	       341	800003aa	bb338393	addi	x7,x7,-1101	  x7:0x40733000  x7=0x40732bb3
        4415000	       342	800003ae	00003717	auipc	x14,0x3	 x14=0x800033ae
        4425000	       343	800003b2	1f670713	addi	x14,x14,502	 x14:0x800033ae x14=0x800035a4
        4435000	       344	800003b6	93ba	c.add	x7,x14	  x7:0x40732bb3 x14:0x800035a4  x7=0xc0736157
        4445000	       345	800003b8	3b8393f3	csrrw	x7,pmpaddr8,x7	  x7:0xc0736157  x7=0x20005a35
        4475000	       348	800003bc	3b8393f3	csrrw	x7,pmpaddr8,x7	  x7:0x20005a35  x7=0xc0736157
        4505000	       351	800003c0	645d63b7	lui	x7,0x645d6	  x7=0x645d6000
        4515000	       352	800003c4	f2f38393	addi	x7,x7,-209	  x7:0x645d6000  x7=0x645d5f2f
        4525000	       353	800003c8	3a2393f3	csrrw	x7,pmpcfg2,x7	  x7:0x645d5f2f  x7=0x0f0f0f0f
        4555000	       356	800003cc	3a2393f3	csrrw	x7,pmpcfg2,x7	  x7:0x0f0f0f0f  x7=0x041d1f0f
        4585000	       359	800003d0	5de953b7	lui	x7,0x5de95	  x7=0x5de95000
        4595000	       360	800003d4	58338393	addi	x7,x7,1411	  x7:0x5de95000  x7=0x5de95583
        4605000	       361	800003d8	00003717	auipc	x14,0x3	 x14=0x800033d8
        4615000	       362	800003dc	1cc70713	addi	x14,x14,460	 x14:0x800033d8 x14=0x800035a4
        4625000	       363	800003e0	93ba	c.add	x7,x14	  x7:0x5de95583 x14:0x800035a4  x7=0xdde98b27
        4635000	       364	800003e2	3b9393f3	csrrw	x7,pmpaddr9,x7	  x7:0xdde98b27  x7=0x200063ce
        4665000	       367	800003e6	3b9393f3	csrrw	x7,pmpaddr9,x7	  x7:0x200063ce  x7=0xdde98b27
        4695000	       370	800003ea	3d1913b7	lui	x7,0x3d191	  x7=0x3d191000
        4705000	       371	800003ee	03d1	c.addi	x7,20	  x7:0x3d191000  x7=0x3d191014
        4715000	       372	800003f0	3a2393f3	csrrw	x7,pmpcfg2,x7	  x7:0x3d191014  x7=0x0f0f0f0f
        4745000	       375	800003f4	3a2393f3	csrrw	x7,pmpcfg2,x7	  x7:0x0f0f0f0f  x7=0x1d191014
        4775000	       378	800003f8	595d03b7	lui	x7,0x595d0	  x7=0x595d0000
        4785000	       379	800003fc	2f138393	addi	x7,x7,753	  x7:0x595d0000  x7=0x595d02f1
        4795000	       380	80000400	00003717	auipc	x14,0x3	 x14=0x80003400
        4805000	       381	80000404	1a470713	addi	x14,x14,420	 x14:0x80003400 x14=0x800035a4
        4815000	       382	80000408	93ba	c.add	x7,x14	  x7:0x595d02f1 x14:0x800035a4  x7=0xd95d3895
        4825000	       383	8000040a	3ba393f3	csrrw	x7,pmpaddr10,x7	  x7:0xd95d3895  x7=0x20006d68
        4855000	       386	8000040e	3ba393f3	csrrw	x7,pmpaddr10,x7	  x7:0x20006d68  x7=0xd95d3895
        4885000	       389	80000412	0d6143b7	lui	x7,0xd614	  x7=0x0d614000
        4895000	       390	80000416	82f38393	addi	x7,x7,-2001	  x7:0x0d614000  x7=0x0d61382f
        4905000	       391	8000041a	3a2393f3	csrrw	x7,pmpcfg2,x7	  x7:0x0d61382f  x7=0x0f0f0f0f
        4935000	       394	8000041e	3a2393f3	csrrw	x7,pmpcfg2,x7	  x7:0x0f0f0f0f  x7=0x0d01180f
        4965000	       397	80000422	0f4543b7	lui	x7,0xf454	  x7=0x0f454000
        4975000	       398	80000426	f2b38393	addi	x7,x7,-213	  x7:0x0f454000  x7=0x0f453f2b
        4985000	       399	8000042a	00003717	auipc	x14,0x3	 x14=0x8000342a
        4995000	       400	8000042e	17a70713	addi	x14,x14,378	 x14:0x8000342a x14=0x800035a4
        5005000	       401	80000432	93ba	c.add	x7,x14	  x7:0x0f453f2b x14:0x800035a4  x7=0x8f4574cf
        5015000	       402	80000434	3bb393f3	csrrw	x7,pmpaddr11,x7	  x7:0x8f4574cf  x7=0x20007701
        5045000	       405	80000438	3bb393f3	csrrw	x7,pmpaddr11,x7	  x7:0x20007701  x7=0x8f4574cf
        5075000	       408	8000043c	5d4d43b7	lui	x7,0x5d4d4	  x7=0x5d4d4000
        5085000	       409	80000440	f5838393	addi	x7,x7,-168	  x7:0x5d4d4000  x7=0x5d4d3f58
        5095000	       410	80000444	3a2393f3	csrrw	x7,pmpcfg2,x7	  x7:0x5d4d3f58  x7=0x0f0f0f0f
        5125000	       413	80000448	3a2393f3	csrrw	x7,pmpcfg2,x7	  x7:0x0f0f0f0f  x7=0x1d0d1f18
        5155000	       416	8000044c	2c7573b7	lui	x7,0x2c757	  x7=0x2c757000
        5165000	       417	80000450	33038393	addi	x7,x7,816	  x7:0x2c757000  x7=0x2c757330
        5175000	       418	80000454	00003717	auipc	x14,0x3	 x14=0x80003454
        5185000	       419	80000458	15070713	addi	x14,x14,336	 x14:0x80003454 x14=0x800035a4
        5195000	       420	8000045c	93ba	c.add	x7,x14	  x7:0x2c757330 x14:0x800035a4  x7=0xac75a8d4
        5205000	       421	8000045e	3bc393f3	csrrw	x7,pmpaddr12,x7	  x7:0xac75a8d4  x7=0x2000809b
        5235000	       424	80000462	3bc393f3	csrrw	x7,pmpaddr12,x7	  x7:0x2000809b  x7=0xac75a8d4
        5265000	       427	80000466	102913b7	lui	x7,0x10291	  x7=0x10291000
        5275000	       428	8000046a	56138393	addi	x7,x7,1377	  x7:0x10291000  x7=0x10291561
        5285000	       429	8000046e	3a3393f3	csrrw	x7,pmpcfg3,x7	  x7:0x10291561  x7=0x0f0f0f0f
        5315000	       432	80000472	3a3393f3	csrrw	x7,pmpcfg3,x7	  x7:0x0f0f0f0f  x7=0x10091501
        5345000	       435	80000476	0a5bd3b7	lui	x7,0xa5bd	  x7=0x0a5bd000
        5355000	       436	8000047a	ddf38393	addi	x7,x7,-545	  x7:0x0a5bd000  x7=0x0a5bcddf
        5365000	       437	8000047e	00003717	auipc	x14,0x3	 x14=0x8000347e
        5375000	       438	80000482	12670713	addi	x14,x14,294	 x14:0x8000347e x14=0x800035a4
        5385000	       439	80000486	93ba	c.add	x7,x14	  x7:0x0a5bcddf x14:0x800035a4  x7=0x8a5c0383
        5395000	       440	80000488	3bd393f3	csrrw	x7,pmpaddr13,x7	  x7:0x8a5c0383  x7=0x20008a34
        5425000	       443	8000048c	3bd393f3	csrrw	x7,pmpaddr13,x7	  x7:0x20008a34  x7=0x8a5c0383
        5455000	       446	80000490	5f3133b7	lui	x7,0x5f313	  x7=0x5f313000
        5465000	       447	80000494	95438393	addi	x7,x7,-1708	  x7:0x5f313000  x7=0x5f312954
        5475000	       448	80000498	3a3393f3	csrrw	x7,pmpcfg3,x7	  x7:0x5f312954  x7=0x0f0f0f0f
        5505000	       451	8000049c	3a3393f3	csrrw	x7,pmpcfg3,x7	  x7:0x0f0f0f0f  x7=0x1f110914
        5535000	       454	800004a0	24fb13b7	lui	x7,0x24fb1	  x7=0x24fb1000
        5545000	       455	800004a4	ac238393	addi	x7,x7,-1342	  x7:0x24fb1000  x7=0x24fb0ac2
        5555000	       456	800004a8	00003717	auipc	x14,0x3	 x14=0x800034a8
        5565000	       457	800004ac	0fc70713	addi	x14,x14,252	 x14:0x800034a8 x14=0x800035a4
        5575000	       458	800004b0	93ba	c.add	x7,x14	  x7:0x24fb0ac2 x14:0x800035a4  x7=0xa4fb4066
        5585000	       459	800004b2	3be393f3	csrrw	x7,pmpaddr14,x7	  x7:0xa4fb4066  x7=0x200093ce
        5615000	       462	800004b6	3be393f3	csrrw	x7,pmpaddr14,x7	  x7:0x200093ce  x7=0xa4fb4066
        5645000	       465	800004ba	5d1c63b7	lui	x7,0x5d1c6	  x7=0x5d1c6000
        5655000	       466	800004be	c1438393	addi	x7,x7,-1004	  x7:0x5d1c6000  x7=0x5d1c5c14
        5665000	       467	800004c2	3a3393f3	csrrw	x7,pmpcfg3,x7	  x7:0x5d1c5c14  x7=0x0f0f0f0f
        5695000	       470	800004c6	3a3393f3	csrrw	x7,pmpcfg3,x7	  x7:0x0f0f0f0f  x7=0x1d1c1c14
        5725000	       473	800004ca	26aa63b7	lui	x7,0x26aa6	  x7=0x26aa6000
        5735000	       474	800004ce	39938393	addi	x7,x7,921	  x7:0x26aa6000  x7=0x26aa6399
        5745000	       475	800004d2	00003717	auipc	x14,0x3	 x14=0x800034d2
        5755000	       476	800004d6	0d270713	addi	x14,x14,210	 x14:0x800034d2 x14=0x800035a4
        5765000	       477	800004da	93ba	c.add	x7,x14	  x7:0x26aa6399 x14:0x800035a4  x7=0xa6aa993d
        5775000	       478	800004dc	3bf393f3	csrrw	x7,pmpaddr15,x7	  x7:0xa6aa993d  x7=0x20009d67
        5805000	       481	800004e0	3bf393f3	csrrw	x7,pmpaddr15,x7	  x7:0x20009d67  x7=0xa6aa993d
        5835000	       484	800004e4	397113b7	lui	x7,0x39711	  x7=0x39711000
        5845000	       485	800004e8	91c38393	addi	x7,x7,-1764	  x7:0x39711000  x7=0x3971091c
        5855000	       486	800004ec	3a3393f3	csrrw	x7,pmpcfg3,x7	  x7:0x3971091c  x7=0x0f0f0f0f
        5885000	       489	800004f0	3a3393f3	csrrw	x7,pmpcfg3,x7	  x7:0x0f0f0f0f  x7=0x1911091c
        5915000	       492	800004f4	00000917	auipc	x18,0x0	 x18=0x800004f4
        5925000	       493	800004f8	05a90913	addi	x18,x18,90	 x18:0x800004f4 x18=0x8000054e
        5935000	       494	800004fc	34191073	csrrw	x0,mepc,x18	 x18:0x8000054e  x0=0x00000000
        5945000	       495	80000500	7c00d073	csrrwi	x0,0x7c0,1	  x0=0x00000000
        5975000	       498	80000504	00022937	lui	x18,0x22	 x18=0x00022000
        5985000	       499	80000508	80090913	addi	x18,x18,-2048	 x18:0x00022000 x18=0x00021800
        5995000	       500	8000050c	30091073	csrrw	x0,mstatus,x18	 x18:0x00021800  x0=0x00000000
        6025000	       503	80000510	4901	c.li	x18,0	 x18=0x00000000
        6035000	       504	80000512	30491073	csrrw	x0,mie,x18	 x18:0x00000000  x0=0x00000000
        6065000	       507	80000516	90000db7	lui	x27,0x90000	 x27=0x90000000
        6075000	       508	8000051a	1df1	c.addi	x27,-4	 x27:0x90000000 x27=0x8ffffffc
        6085000	       509	8000051c	30000913	addi	x18,x0,768	  x0:0x00000000 x18=0x00000300
        6095000	       510	80000520	0922	c.slli	x18,0x8	 x18:0x00000300 x18=0x00030000
        6105000	       511	80000522	090d	c.addi	x18,3	 x18:0x00030000 x18=0x00030003
        6115000	       512	80000524	012da023	sw	x18,0(x27)	 x27:0x8ffffffc x18:0x00030003 PA:0x8ffffffc store:0x00030003 load:0x00000000
        6125000	       513	80000528	30002973	csrrs	x18,mstatus,x0	  x0:0x00000000 x18=0x00021800
        6135000	       514	8000052c	012da023	sw	x18,0(x27)	 x27:0x8ffffffc x18:0x00021800 PA:0x8ffffffc store:0x00021800 load:0x00000000
        6145000	       515	80000530	90000db7	lui	x27,0x90000	 x27=0x90000000
        6155000	       516	80000534	1df1	c.addi	x27,-4	 x27:0x90000000 x27=0x8ffffffc
        6165000	       517	80000536	30400913	addi	x18,x0,772	  x0:0x00000000 x18=0x00000304
        6175000	       518	8000053a	0922	c.slli	x18,0x8	 x18:0x00000304 x18=0x00030400
        6185000	       519	8000053c	090d	c.addi	x18,3	 x18:0x00030400 x18=0x00030403
        6195000	       520	8000053e	012da023	sw	x18,0(x27)	 x27:0x8ffffffc x18:0x00030403 PA:0x8ffffffc store:0x00030403 load:0x00000000
        6205000	       521	80000542	30402973	csrrs	x18,mie,x0	  x0:0x00000000 x18=0x00000000
        6215000	       522	80000546	012da023	sw	x18,0(x27)	 x27:0x8ffffffc x18:0x00000000 PA:0x8ffffffc store:0x00000000 load:0x00000000
        6225000	       523	8000054a	30200073	mret	
        6265000	       527	8000054e	f1e5d037	lui	x0,0xf1e5d	  x0=0x00000000
        6275000	       528	80000552	d4700013	addi	x0,x0,-697	  x0:0x00000000  x0=0x00000000
        6285000	       529	80000556	800000b7	lui	x1,0x80000	  x1=0x80000000
        6295000	       530	8000055a	412d	c.li	x2,11	  x2=0x0000000b
        6305000	       531	8000055c	4185	c.li	x3,1	  x3=0x00000001
        6315000	       532	8000055e	80000237	lui	x4,0x80000	  x4=0x80000000
        6325000	       533	80000562	1744d2b7	lui	x5,0x1744d	  x5=0x1744d000
        6335000	       534	80000566	df028293	addi	x5,x5,-528	  x5:0x1744d000  x5=0x1744cdf0
        6345000	       535	8000056a	fb221337	lui	x6,0xfb221	  x6=0xfb221000
        6355000	       536	8000056e	4da30313	addi	x6,x6,1242	  x6:0xfb221000  x6=0xfb2214da
        6365000	       537	80000572	1ba733b7	lui	x7,0x1ba73	  x7=0x1ba73000
        6375000	       538	80000576	3a938393	addi	x7,x7,937	  x7:0x1ba73000  x7=0x1ba733a9
        6385000	       539	8000057a	87853437	lui	x8,0x87853	  x8=0x87853000
        6395000	       540	8000057e	e2e40413	addi	x8,x8,-466	  x8:0x87853000  x8=0x87852e2e
        6405000	       541	80000582	68af74b7	lui	x9,0x68af7	  x9=0x68af7000
        6415000	       542	80000586	ad748493	addi	x9,x9,-1321	  x9:0x68af7000  x9=0x68af6ad7
        6425000	       543	8000058a	fabd5537	lui	x10,0xfabd5	 x10=0xfabd5000
        6435000	       544	8000058e	b2b50513	addi	x10,x10,-1237	 x10:0xfabd5000 x10=0xfabd4b2b
        6445000	       545	80000592	4629	c.li	x12,10	 x12=0x0000000a
        6455000	       546	80000594	4715	c.li	x14,5	 x14=0x00000005
        6465000	       547	80000596	800007b7	lui	x15,0x80000	 x15=0x80000000
        6475000	       548	8000059a	55cbc837	lui	x16,0x55cbc	 x16=0x55cbc000
        6485000	       549	8000059e	6c980813	addi	x16,x16,1737	 x16:0x55cbc000 x16=0x55cbc6c9
        6495000	       550	800005a2	800008b7	lui	x17,0x80000	 x17=0x80000000
        6505000	       551	800005a6	fa792937	lui	x18,0xfa792	 x18=0xfa792000
        6515000	       552	800005aa	63c90913	addi	x18,x18,1596	 x18:0xfa792000 x18=0xfa79263c
        6525000	       553	800005ae	936ac9b7	lui	x19,0x936ac	 x19=0x936ac000
        6535000	       554	800005b2	64598993	addi	x19,x19,1605	 x19:0x936ac000 x19=0x936ac645
        6545000	       555	800005b6	80000a37	lui	x20,0x80000	 x20=0x80000000
        6555000	       556	800005ba	80000ab7	lui	x21,0x80000	 x21=0x80000000
        6565000	       557	800005be	4b35	c.li	x22,13	 x22=0x0000000d
        6575000	       558	800005c0	4bb9	c.li	x23,14	 x23=0x0000000e
        6585000	       559	800005c2	3b4b4c37	lui	x24,0x3b4b4	 x24=0x3b4b4000
        6595000	       560	800005c6	272c0c13	addi	x24,x24,626	 x24:0x3b4b4000 x24=0x3b4b4272
        6605000	       561	800005ca	fefc8cb7	lui	x25,0xfefc8	 x25=0xfefc8000
        6615000	       562	800005ce	b06c8c93	addi	x25,x25,-1274	 x25:0xfefc8000 x25=0xfefc7b06
        6625000	       563	800005d2	4d1d	c.li	x26,7	 x26=0x00000007
        6635000	       564	800005d4	4d81	c.li	x27,0	 x27=0x00000000
        6645000	       565	800005d6	fafdee37	lui	x28,0xfafde	 x28=0xfafde000
        6655000	       566	800005da	1f2e0e13	addi	x28,x28,498	 x28:0xfafde000 x28=0xfafde1f2
        6665000	       567	800005de	80000eb7	lui	x29,0x80000	 x29=0x80000000
        6675000	       568	800005e2	fe540f37	lui	x30,0xfe540	 x30=0xfe540000
        6685000	       569	800005e6	3a9f0f13	addi	x30,x30,937	 x30:0xfe540000 x30=0xfe5403a9
        6695000	       570	800005ea	4f81	c.li	x31,0	 x31=0x00000000
        6705000	       571	800005ec	00029597	auipc	x11,0x29	 x11=0x800295ec
        6715000	       572	800005f0	87858593	addi	x11,x11,-1928	 x11:0x800295ec x11=0x80028e64
        6725000	       573	800005f4	90000db7	lui	x27,0x90000	 x27=0x90000000
        6735000	       574	800005f8	1df1	c.addi	x27,-4	 x27:0x90000000 x27=0x8ffffffc
        6745000	       575	800005fa	4901	c.li	x18,0	 x18=0x00000000
        6755000	       576	800005fc	0922	c.slli	x18,0x8	 x18:0x00000000 x18=0x00000000
        6765000	       577	800005fe	00090913	addi	x18,x18,0	 x18:0x00000000 x18=0x00000000
        6785000	       579	80000602	012da023	sw	x18,0(x27)	 x27:0x8ffffffc x18:0x00000000 PA:0x8ffffffc store:0x00000000 load:0x00000000
        6825000	       583	80002800	0800006f	jal	x0,80002880	  x0=0x00000000
        6845000	       585	80002880	16f1	c.addi	x13,-4	 x13:0x8002cce4 x13=0x8002cce0
        6855000	       586	80002882	c28c	c.sw	x11,0(x13)	 x13:0x8002cce0 x11:0x80028e64 PA:0x8002cce0 store:0x80028e64 load:0x00000000
        6865000	       587	80002884	000685b3	add	x11,x13,x0	 x13:0x8002cce0  x0:0x00000000 x11=0x8002cce0
        6875000	       588	80002888	f8058593	addi	x11,x11,-128	 x11:0x8002cce0 x11=0x8002cc60
        6885000	       589	8000288c	0015a223	sw	x1,4(x11)	 x11:0x8002cc60  x1:0x80000000 PA:0x8002cc64 store:0x80000000 load:0x00000000
        6895000	       590	80002890	0025a423	sw	x2,8(x11)	 x11:0x8002cc60  x2:0x0000000b PA:0x8002cc68 store:0x0000000b load:0x00000000
        6905000	       591	80002894	0035a623	sw	x3,12(x11)	 x11:0x8002cc60  x3:0x00000001 PA:0x8002cc6c store:0x00000001 load:0x00000000
        6915000	       592	80002898	0045a823	sw	x4,16(x11)	 x11:0x8002cc60  x4:0x80000000 PA:0x8002cc70 store:0x80000000 load:0x00000000
        6925000	       593	8000289c	0055aa23	sw	x5,20(x11)	 x11:0x8002cc60  x5:0x1744cdf0 PA:0x8002cc74 store:0x1744cdf0 load:0x00000000
        6935000	       594	800028a0	0065ac23	sw	x6,24(x11)	 x11:0x8002cc60  x6:0xfb2214da PA:0x8002cc78 store:0xfb2214da load:0x00000000
        6945000	       595	800028a4	0075ae23	sw	x7,28(x11)	 x11:0x8002cc60  x7:0x1ba733a9 PA:0x8002cc7c store:0x1ba733a9 load:0x00000000
        6955000	       596	800028a8	d180	c.sw	x8,32(x11)	 x11:0x8002cc60  x8:0x87852e2e PA:0x8002cc80 store:0x87852e2e load:0x00000000
        6965000	       597	800028aa	d1c4	c.sw	x9,36(x11)	 x11:0x8002cc60  x9:0x68af6ad7 PA:0x8002cc84 store:0x68af6ad7 load:0x00000000
        6975000	       598	800028ac	d588	c.sw	x10,40(x11)	 x11:0x8002cc60 x10:0xfabd4b2b PA:0x8002cc88 store:0xfabd4b2b load:0x00000000
        6985000	       599	800028ae	d5cc	c.sw	x11,44(x11)	 x11:0x8002cc60 x11:0x8002cc60 PA:0x8002cc8c store:0x8002cc60 load:0x00000000
        6995000	       600	800028b0	d990	c.sw	x12,48(x11)	 x11:0x8002cc60 x12:0x0000000a PA:0x8002cc90 store:0x0000000a load:0x00000000
        7005000	       601	800028b2	d9d4	c.sw	x13,52(x11)	 x11:0x8002cc60 x13:0x8002cce0 PA:0x8002cc94 store:0x8002cce0 load:0x00000000
        7015000	       602	800028b4	dd98	c.sw	x14,56(x11)	 x11:0x8002cc60 x14:0x00000005 PA:0x8002cc98 store:0x00000005 load:0x00000000
        7025000	       603	800028b6	dddc	c.sw	x15,60(x11)	 x11:0x8002cc60 x15:0x80000000 PA:0x8002cc9c store:0x80000000 load:0x00000000
        7035000	       604	800028b8	0505a023	sw	x16,64(x11)	 x11:0x8002cc60 x16:0x55cbc6c9 PA:0x8002cca0 store:0x55cbc6c9 load:0x00000000
        7045000	       605	800028bc	0515a223	sw	x17,68(x11)	 x11:0x8002cc60 x17:0x80000000 PA:0x8002cca4 store:0x80000000 load:0x00000000
        7055000	       606	800028c0	0525a423	sw	x18,72(x11)	 x11:0x8002cc60 x18:0x00000000 PA:0x8002cca8 store:0x00000000 load:0x00000000
        7065000	       607	800028c4	0535a623	sw	x19,76(x11)	 x11:0x8002cc60 x19:0x936ac645 PA:0x8002ccac store:0x936ac645 load:0x00000000
        7075000	       608	800028c8	0545a823	sw	x20,80(x11)	 x11:0x8002cc60 x20:0x80000000 PA:0x8002ccb0 store:0x80000000 load:0x00000000
        7085000	       609	800028cc	0555aa23	sw	x21,84(x11)	 x11:0x8002cc60 x21:0x80000000 PA:0x8002ccb4 store:0x80000000 load:0x00000000
        7095000	       610	800028d0	0565ac23	sw	x22,88(x11)	 x11:0x8002cc60 x22:0x0000000d PA:0x8002ccb8 store:0x0000000d load:0x00000000
        7105000	       611	800028d4	0575ae23	sw	x23,92(x11)	 x11:0x8002cc60 x23:0x0000000e PA:0x8002ccbc store:0x0000000e load:0x00000000
        7115000	       612	800028d8	0785a023	sw	x24,96(x11)	 x11:0x8002cc60 x24:0x3b4b4272 PA:0x8002ccc0 store:0x3b4b4272 load:0x00000000
        7125000	       613	800028dc	0795a223	sw	x25,100(x11)	 x11:0x8002cc60 x25:0xfefc7b06 PA:0x8002ccc4 store:0xfefc7b06 load:0x00000000
        7135000	       614	800028e0	07a5a423	sw	x26,104(x11)	 x11:0x8002cc60 x26:0x00000007 PA:0x8002ccc8 store:0x00000007 load:0x00000000
        7145000	       615	800028e4	07b5a623	sw	x27,108(x11)	 x11:0x8002cc60 x27:0x8ffffffc PA:0x8002cccc store:0x8ffffffc load:0x00000000
        7155000	       616	800028e8	07c5a823	sw	x28,112(x11)	 x11:0x8002cc60 x28:0xfafde1f2 PA:0x8002ccd0 store:0xfafde1f2 load:0x00000000
        7165000	       617	800028ec	07d5aa23	sw	x29,116(x11)	 x11:0x8002cc60 x29:0x80000000 PA:0x8002ccd4 store:0x80000000 load:0x00000000
        7175000	       618	800028f0	07e5ac23	sw	x30,120(x11)	 x11:0x8002cc60 x30:0xfe5403a9 PA:0x8002ccd8 store:0xfe5403a9 load:0x00000000
        7185000	       619	800028f4	07f5ae23	sw	x31,124(x11)	 x11:0x8002cc60 x31:0x00000000 PA:0x8002ccdc store:0x00000000 load:0x00000000
        7195000	       620	800028f8	000586b3	add	x13,x11,x0	 x11:0x8002cc60  x0:0x00000000 x13=0x8002cc60
        7205000	       621	800028fc	90000db7	lui	x27,0x90000	 x27=0x90000000
        7215000	       622	80002900	1df1	c.addi	x27,-4	 x27:0x90000000 x27=0x8ffffffc
        7225000	       623	80002902	4921	c.li	x18,8	 x18=0x00000008
        7235000	       624	80002904	0922	c.slli	x18,0x8	 x18:0x00000008 x18=0x00000800
        7245000	       625	80002906	00090913	addi	x18,x18,0	 x18:0x00000800 x18=0x00000800
        7255000	       626	8000290a	012da023	sw	x18,0(x27)	 x27:0x8ffffffc x18:0x00000800 PA:0x8ffffffc store:0x00000800 load:0x00000000
        7265000	       627	8000290e	34102973	csrrs	x18,mepc,x0	  x0:0x00000000 x18=0x80000602
        7275000	       628	80002912	34202973	csrrs	x18,mcause,x0	  x0:0x00000000 x18=0x00000007
        7285000	       629	80002916	4d8d	c.li	x27,3	 x27=0x00000003
        7295000	       630	80002918	01b91463	bne	x18,x27,80002920	 x18:0x00000007 x27:0x00000003
        7315000	       632	80002920	4da1	c.li	x27,8	 x27=0x00000008
        7325000	       633	80002922	05b90d63	beq	x18,x27,8000297c	 x18:0x00000007 x27:0x00000008
        7335000	       634	80002926	4da5	c.li	x27,9	 x27=0x00000009
        7345000	       635	80002928	05b90a63	beq	x18,x27,8000297c	 x18:0x00000007 x27:0x00000009
        7355000	       636	8000292c	4dad	c.li	x27,11	 x27=0x0000000b
        7365000	       637	8000292e	05b90763	beq	x18,x27,8000297c	 x18:0x00000007 x27:0x0000000b
        7375000	       638	80002932	4d85	c.li	x27,1	 x27=0x00000001
        7385000	       639	80002934	35b90363	beq	x18,x27,80002c7a	 x18:0x00000007 x27:0x00000001
        7395000	       640	80002938	4d95	c.li	x27,5	 x27=0x00000005
        7405000	       641	8000293a	63b90963	beq	x18,x27,80002f6c	 x18:0x00000007 x27:0x00000005
        7415000	       642	8000293e	4d9d	c.li	x27,7	 x27=0x00000007
        7425000	       643	80002940	15b90ae3	beq	x18,x27,80003294	 x18:0x00000007 x27:0x00000007
        7445000	       645	80003294	90000db7	lui	x27,0x90000	 x27=0x90000000
        7455000	       646	80003298	1df1	c.addi	x27,-4	 x27:0x90000000 x27=0x8ffffffc
        7465000	       647	8000329a	4931	c.li	x18,12	 x18=0x0000000c
        7475000	       648	8000329c	0922	c.slli	x18,0x8	 x18:0x0000000c x18=0x00000c00
        7485000	       649	8000329e	00090913	addi	x18,x18,0	 x18:0x00000c00 x18=0x00000c00
        7495000	       650	800032a2	012da023	sw	x18,0(x27)	 x27:0x8ffffffc x18:0x00000c00 PA:0x8ffffffc store:0x00000c00 load:0x00000000
        7505000	       651	800032a6	90000db7	lui	x27,0x90000	 x27=0x90000000
        7515000	       652	800032aa	1df1	c.addi	x27,-4	 x27:0x90000000 x27=0x8ffffffc
        7525000	       653	800032ac	34200913	addi	x18,x0,834	  x0:0x00000000 x18=0x00000342
        7535000	       654	800032b0	0922	c.slli	x18,0x8	 x18:0x00000342 x18=0x00034200
        7545000	       655	800032b2	090d	c.addi	x18,3	 x18:0x00034200 x18=0x00034203
        7555000	       656	800032b4	012da023	sw	x18,0(x27)	 x27:0x8ffffffc x18:0x00034203 PA:0x8ffffffc store:0x00034203 load:0x00000000
        7565000	       657	800032b8	34202973	csrrs	x18,mcause,x0	  x0:0x00000000 x18=0x00000007
        7575000	       658	800032bc	012da023	sw	x18,0(x27)	 x27:0x8ffffffc x18:0x00000007 PA:0x8ffffffc store:0x00000007 load:0x00000000
        7585000	       659	800032c0	4901	c.li	x18,0	 x18=0x00000000
        7595000	       660	800032c2	8bca	c.mv	x23,x18	  x0:0x00000000 x18:0x00000000 x23=0x00000000
        7605000	       661	800032c4	4701	c.li	x14,0	 x14=0x00000000
        7615000	       662	800032c6	895e	c.mv	x18,x23	  x0:0x00000000 x23:0x00000000 x18=0x00000000
        7625000	       663	800032c8	83ca	c.mv	x7,x18	  x0:0x00000000 x18:0x00000000  x7=0x00000000
        7635000	       664	800032ca	4381	c.li	x7,0	  x7=0x00000000
        7645000	       665	800032cc	04790f63	beq	x18,x7,8000332a	 x18:0x00000000  x7:0x00000000
        7675000	       668	8000332a	3b002df3	csrrs	x27,pmpaddr0,x0	  x0:0x00000000 x27=0x20000d69
        7685000	       669	8000332e	3a002873	csrrs	x16,pmpcfg0,x0	  x0:0x00000000 x16=0x0f0f0f0f
        7695000	       670	80003332	a861	c.j	800033ca	
        7715000	       672	800033ca	4511	c.li	x10,4	 x10=0x00000004
        7725000	       673	800033cc	01eb9913	slli	x18,x23,0x1e	 x23:0x00000000 x18=0x00000000
        7735000	       674	800033d0	01e95913	srli	x18,x18,0x1e	 x18:0x00000000 x18=0x00000000
        7745000	       675	800033d4	412503b3	sub	x7,x10,x18	 x10:0x00000004 x18:0x00000000  x7=0x00000004
        7755000	       676	800033d8	13fd	c.addi	x7,-1	  x7:0x00000004  x7=0x00000003
        7765000	       677	800033da	038e	c.slli	x7,0x3	  x7:0x00000003  x7=0x00000018
        7775000	       678	800033dc	00781533	sll	x10,x16,x7	 x16:0x0f0f0f0f  x7:0x00000018 x10=0x0f000000
        7785000	       679	800033e0	090e	c.slli	x18,0x3	 x18:0x00000000 x18=0x00000000
        7795000	       680	800033e2	93ca	c.add	x7,x18	  x7:0x00000018 x18:0x00000000  x7=0x00000018
        7805000	       681	800033e4	00755533	srl	x10,x10,x7	 x10:0x0f000000  x7:0x00000018 x10=0x0000000f
        7815000	       682	800033e8	01b51393	slli	x7,x10,0x1b	 x10:0x0000000f  x7=0x78000000
        7825000	       683	800033ec	01e3d393	srli	x7,x7,0x1e	  x7:0x78000000  x7=0x00000001
        7835000	       684	800033f0	04038563	beq	x7,x0,8000343a	  x7:0x00000001  x0:0x00000000
        7845000	       685	800033f4	4905	c.li	x18,1	 x18=0x00000001
        7855000	       686	800033f6	05238363	beq	x7,x18,8000343c	  x7:0x00000001 x18:0x00000001
        7875000	       688	8000343c	895e	c.mv	x18,x23	  x0:0x00000000 x23:0x00000000 x18=0x00000000
        7885000	       689	8000343e	343023f3	csrrs	x7,mtval,x0	  x0:0x00000000  x7=0x8ffffffc
        7895000	       690	80003442	0023d393	srli	x7,x7,0x2	  x7:0x8ffffffc  x7=0x23ffffff
        7905000	       691	80003446	00091563	bne	x18,x0,80003450	 x18:0x00000000  x0:0x00000000
        7915000	       692	8000344a	fc03c4e3	blt	x7,x0,80003412	  x7:0x23ffffff  x0:0x00000000
        7925000	       693	8000344e	a019	c.j	80003454	
        7945000	       695	80003454	fbb3ffe3	bgeu	x7,x27,80003412	  x7:0x23ffffff x27:0x20000d69
        7965000	       697	80003412	895e	c.mv	x18,x23	  x0:0x00000000 x23:0x00000000 x18=0x00000000
        7975000	       698	80003414	876e	c.mv	x14,x27	  x0:0x00000000 x27:0x20000d69 x14=0x20000d69
        7985000	       699	80003416	0905	c.addi	x18,1	 x18:0x00000000 x18=0x00000001
        7995000	       700	80003418	8bca	c.mv	x23,x18	  x0:0x00000000 x18:0x00000001 x23=0x00000001
        8005000	       701	8000341a	4dc1	c.li	x27,16	 x27=0x00000010
        8015000	       702	8000341c	01b95363	bge	x18,x27,80003422	 x18:0x00000001 x27:0x00000010
        8025000	       703	80003420	b55d	c.j	800032c6	
        8045000	       705	800032c6	895e	c.mv	x18,x23	  x0:0x00000000 x23:0x00000001 x18=0x00000001
        8055000	       706	800032c8	83ca	c.mv	x7,x18	  x0:0x00000000 x18:0x00000001  x7=0x00000001
        8065000	       707	800032ca	4381	c.li	x7,0	  x7=0x00000000
        8075000	       708	800032cc	04790f63	beq	x18,x7,8000332a	 x18:0x00000001  x7:0x00000000
        8085000	       709	800032d0	4385	c.li	x7,1	  x7=0x00000001
        8095000	       710	800032d2	06790163	beq	x18,x7,80003334	 x18:0x00000001  x7:0x00000001
        8115000	       712	80003334	3b102df3	csrrs	x27,pmpaddr1,x0	  x0:0x00000000 x27=0x20001702
        8125000	       713	80003338	3a002873	csrrs	x16,pmpcfg0,x0	  x0:0x00000000 x16=0x0f0f0f0f
        8135000	       714	8000333c	a079	c.j	800033ca	
        8155000	       716	800033ca	4511	c.li	x10,4	 x10=0x00000004
        8165000	       717	800033cc	01eb9913	slli	x18,x23,0x1e	 x23:0x00000001 x18=0x40000000
        8175000	       718	800033d0	01e95913	srli	x18,x18,0x1e	 x18:0x40000000 x18=0x00000001
        8185000	       719	800033d4	412503b3	sub	x7,x10,x18	 x10:0x00000004 x18:0x00000001  x7=0x00000003
        8195000	       720	800033d8	13fd	c.addi	x7,-1	  x7:0x00000003  x7=0x00000002
        8205000	       721	800033da	038e	c.slli	x7,0x3	  x7:0x00000002  x7=0x00000010
        8215000	       722	800033dc	00781533	sll	x10,x16,x7	 x16:0x0f0f0f0f  x7:0x00000010 x10=0x0f0f0000
        8225000	       723	800033e0	090e	c.slli	x18,0x3	 x18:0x00000001 x18=0x00000008
        8235000	       724	800033e2	93ca	c.add	x7,x18	  x7:0x00000010 x18:0x00000008  x7=0x00000018
        8245000	       725	800033e4	00755533	srl	x10,x10,x7	 x10:0x0f0f0000  x7:0x00000018 x10=0x0000000f
        8255000	       726	800033e8	01b51393	slli	x7,x10,0x1b	 x10:0x0000000f  x7=0x78000000
        8265000	       727	800033ec	01e3d393	srli	x7,x7,0x1e	  x7:0x78000000  x7=0x00000001
        8275000	       728	800033f0	04038563	beq	x7,x0,8000343a	  x7:0x00000001  x0:0x00000000
        8285000	       729	800033f4	4905	c.li	x18,1	 x18=0x00000001
        8295000	       730	800033f6	05238363	beq	x7,x18,8000343c	  x7:0x00000001 x18:0x00000001
        8315000	       732	8000343c	895e	c.mv	x18,x23	  x0:0x00000000 x23:0x00000001 x18=0x00000001
        8325000	       733	8000343e	343023f3	csrrs	x7,mtval,x0	  x0:0x00000000  x7=0x8ffffffc
        8335000	       734	80003442	0023d393	srli	x7,x7,0x2	  x7:0x8ffffffc  x7=0x23ffffff
        8345000	       735	80003446	00091563	bne	x18,x0,80003450	 x18:0x00000001  x0:0x00000000
        8365000	       737	80003450	fce3e1e3	bltu	x7,x14,80003412	  x7:0x23ffffff x14:0x20000d69
        8375000	       738	80003454	fbb3ffe3	bgeu	x7,x27,80003412	  x7:0x23ffffff x27:0x20001702
        8395000	       740	80003412	895e	c.mv	x18,x23	  x0:0x00000000 x23:0x00000001 x18=0x00000001
        8405000	       741	80003414	876e	c.mv	x14,x27	  x0:0x00000000 x27:0x20001702 x14=0x20001702
        8415000	       742	80003416	0905	c.addi	x18,1	 x18:0x00000001 x18=0x00000002
        8425000	       743	80003418	8bca	c.mv	x23,x18	  x0:0x00000000 x18:0x00000002 x23=0x00000002
        8435000	       744	8000341a	4dc1	c.li	x27,16	 x27=0x00000010
        8445000	       745	8000341c	01b95363	bge	x18,x27,80003422	 x18:0x00000002 x27:0x00000010
        8455000	       746	80003420	b55d	c.j	800032c6	
        8475000	       748	800032c6	895e	c.mv	x18,x23	  x0:0x00000000 x23:0x00000002 x18=0x00000002
        8485000	       749	800032c8	83ca	c.mv	x7,x18	  x0:0x00000000 x18:0x00000002  x7=0x00000002
        8495000	       750	800032ca	4381	c.li	x7,0	  x7=0x00000000
        8505000	       751	800032cc	04790f63	beq	x18,x7,8000332a	 x18:0x00000002  x7:0x00000000
        8515000	       752	800032d0	4385	c.li	x7,1	  x7=0x00000001
        8525000	       753	800032d2	06790163	beq	x18,x7,80003334	 x18:0x00000002  x7:0x00000001
        8535000	       754	800032d6	4389	c.li	x7,2	  x7=0x00000002
        8545000	       755	800032d8	06790363	beq	x18,x7,8000333e	 x18:0x00000002  x7:0x00000002
        8575000	       758	8000333e	3b202df3	csrrs	x27,pmpaddr2,x0	  x0:0x00000000 x27=0x2000209c
        8585000	       759	80003342	3a002873	csrrs	x16,pmpcfg0,x0	  x0:0x00000000 x16=0x0f0f0f0f
        8595000	       760	80003346	a051	c.j	800033ca	
        8615000	       762	800033ca	4511	c.li	x10,4	 x10=0x00000004
        8625000	       763	800033cc	01eb9913	slli	x18,x23,0x1e	 x23:0x00000002 x18=0x80000000
        8635000	       764	800033d0	01e95913	srli	x18,x18,0x1e	 x18:0x80000000 x18=0x00000002
        8645000	       765	800033d4	412503b3	sub	x7,x10,x18	 x10:0x00000004 x18:0x00000002  x7=0x00000002
        8655000	       766	800033d8	13fd	c.addi	x7,-1	  x7:0x00000002  x7=0x00000001
        8665000	       767	800033da	038e	c.slli	x7,0x3	  x7:0x00000001  x7=0x00000008
        8675000	       768	800033dc	00781533	sll	x10,x16,x7	 x16:0x0f0f0f0f  x7:0x00000008 x10=0x0f0f0f00
        8685000	       769	800033e0	090e	c.slli	x18,0x3	 x18:0x00000002 x18=0x00000010
        8695000	       770	800033e2	93ca	c.add	x7,x18	  x7:0x00000008 x18:0x00000010  x7=0x00000018
        8705000	       771	800033e4	00755533	srl	x10,x10,x7	 x10:0x0f0f0f00  x7:0x00000018 x10=0x0000000f
        8715000	       772	800033e8	01b51393	slli	x7,x10,0x1b	 x10:0x0000000f  x7=0x78000000
        8725000	       773	800033ec	01e3d393	srli	x7,x7,0x1e	  x7:0x78000000  x7=0x00000001
        8735000	       774	800033f0	04038563	beq	x7,x0,8000343a	  x7:0x00000001  x0:0x00000000
        8745000	       775	800033f4	4905	c.li	x18,1	 x18=0x00000001
        8755000	       776	800033f6	05238363	beq	x7,x18,8000343c	  x7:0x00000001 x18:0x00000001
        8775000	       778	8000343c	895e	c.mv	x18,x23	  x0:0x00000000 x23:0x00000002 x18=0x00000002
        8785000	       779	8000343e	343023f3	csrrs	x7,mtval,x0	  x0:0x00000000  x7=0x8ffffffc
        8795000	       780	80003442	0023d393	srli	x7,x7,0x2	  x7:0x8ffffffc  x7=0x23ffffff
        8805000	       781	80003446	00091563	bne	x18,x0,80003450	 x18:0x00000002  x0:0x00000000
        8825000	       783	80003450	fce3e1e3	bltu	x7,x14,80003412	  x7:0x23ffffff x14:0x20001702
        8835000	       784	80003454	fbb3ffe3	bgeu	x7,x27,80003412	  x7:0x23ffffff x27:0x2000209c
        8855000	       786	80003412	895e	c.mv	x18,x23	  x0:0x00000000 x23:0x00000002 x18=0x00000002
        8865000	       787	80003414	876e	c.mv	x14,x27	  x0:0x00000000 x27:0x2000209c x14=0x2000209c
        8875000	       788	80003416	0905	c.addi	x18,1	 x18:0x00000002 x18=0x00000003
        8885000	       789	80003418	8bca	c.mv	x23,x18	  x0:0x00000000 x18:0x00000003 x23=0x00000003
        8895000	       790	8000341a	4dc1	c.li	x27,16	 x27=0x00000010
        8905000	       791	8000341c	01b95363	bge	x18,x27,80003422	 x18:0x00000003 x27:0x00000010
        8915000	       792	80003420	b55d	c.j	800032c6	
        8935000	       794	800032c6	895e	c.mv	x18,x23	  x0:0x00000000 x23:0x00000003 x18=0x00000003
        8945000	       795	800032c8	83ca	c.mv	x7,x18	  x0:0x00000000 x18:0x00000003  x7=0x00000003
        8955000	       796	800032ca	4381	c.li	x7,0	  x7=0x00000000
        8965000	       797	800032cc	04790f63	beq	x18,x7,8000332a	 x18:0x00000003  x7:0x00000000
        8975000	       798	800032d0	4385	c.li	x7,1	  x7=0x00000001
        8985000	       799	800032d2	06790163	beq	x18,x7,80003334	 x18:0x00000003  x7:0x00000001
        8995000	       800	800032d6	4389	c.li	x7,2	  x7=0x00000002
        9005000	       801	800032d8	06790363	beq	x18,x7,8000333e	 x18:0x00000003  x7:0x00000002
        9015000	       802	800032dc	438d	c.li	x7,3	  x7=0x00000003
        9025000	       803	800032de	06790563	beq	x18,x7,80003348	 x18:0x00000003  x7:0x00000003
        9045000	       805	80003348	3b302df3	csrrs	x27,pmpaddr3,x0	  x0:0x00000000 x27=0x20002a35
        9055000	       806	8000334c	3a002873	csrrs	x16,pmpcfg0,x0	  x0:0x00000000 x16=0x0f0f0f0f
        9065000	       807	80003350	a8ad	c.j	800033ca	
        9085000	       809	800033ca	4511	c.li	x10,4	 x10=0x00000004
        9095000	       810	800033cc	01eb9913	slli	x18,x23,0x1e	 x23:0x00000003 x18=0xc0000000
        9105000	       811	800033d0	01e95913	srli	x18,x18,0x1e	 x18:0xc0000000 x18=0x00000003
        9115000	       812	800033d4	412503b3	sub	x7,x10,x18	 x10:0x00000004 x18:0x00000003  x7=0x00000001
        9125000	       813	800033d8	13fd	c.addi	x7,-1	  x7:0x00000001  x7=0x00000000
        9135000	       814	800033da	038e	c.slli	x7,0x3	  x7:0x00000000  x7=0x00000000
        9145000	       815	800033dc	00781533	sll	x10,x16,x7	 x16:0x0f0f0f0f  x7:0x00000000 x10=0x0f0f0f0f
        9155000	       816	800033e0	090e	c.slli	x18,0x3	 x18:0x00000003 x18=0x00000018
        9165000	       817	800033e2	93ca	c.add	x7,x18	  x7:0x00000000 x18:0x00000018  x7=0x00000018
        9175000	       818	800033e4	00755533	srl	x10,x10,x7	 x10:0x0f0f0f0f  x7:0x00000018 x10=0x0000000f
        9185000	       819	800033e8	01b51393	slli	x7,x10,0x1b	 x10:0x0000000f  x7=0x78000000
        9195000	       820	800033ec	01e3d393	srli	x7,x7,0x1e	  x7:0x78000000  x7=0x00000001
        9205000	       821	800033f0	04038563	beq	x7,x0,8000343a	  x7:0x00000001  x0:0x00000000
        9215000	       822	800033f4	4905	c.li	x18,1	 x18=0x00000001
        9225000	       823	800033f6	05238363	beq	x7,x18,8000343c	  x7:0x00000001 x18:0x00000001
        9245000	       825	8000343c	895e	c.mv	x18,x23	  x0:0x00000000 x23:0x00000003 x18=0x00000003
        9255000	       826	8000343e	343023f3	csrrs	x7,mtval,x0	  x0:0x00000000  x7=0x8ffffffc
        9265000	       827	80003442	0023d393	srli	x7,x7,0x2	  x7:0x8ffffffc  x7=0x23ffffff
        9275000	       828	80003446	00091563	bne	x18,x0,80003450	 x18:0x00000003  x0:0x00000000
        9295000	       830	80003450	fce3e1e3	bltu	x7,x14,80003412	  x7:0x23ffffff x14:0x2000209c
        9305000	       831	80003454	fbb3ffe3	bgeu	x7,x27,80003412	  x7:0x23ffffff x27:0x20002a35
        9325000	       833	80003412	895e	c.mv	x18,x23	  x0:0x00000000 x23:0x00000003 x18=0x00000003
        9335000	       834	80003414	876e	c.mv	x14,x27	  x0:0x00000000 x27:0x20002a35 x14=0x20002a35
        9345000	       835	80003416	0905	c.addi	x18,1	 x18:0x00000003 x18=0x00000004
        9355000	       836	80003418	8bca	c.mv	x23,x18	  x0:0x00000000 x18:0x00000004 x23=0x00000004
        9365000	       837	8000341a	4dc1	c.li	x27,16	 x27=0x00000010
        9375000	       838	8000341c	01b95363	bge	x18,x27,80003422	 x18:0x00000004 x27:0x00000010
        9385000	       839	80003420	b55d	c.j	800032c6	
        9405000	       841	800032c6	895e	c.mv	x18,x23	  x0:0x00000000 x23:0x00000004 x18=0x00000004
        9415000	       842	800032c8	83ca	c.mv	x7,x18	  x0:0x00000000 x18:0x00000004  x7=0x00000004
        9425000	       843	800032ca	4381	c.li	x7,0	  x7=0x00000000
        9435000	       844	800032cc	04790f63	beq	x18,x7,8000332a	 x18:0x00000004  x7:0x00000000
        9445000	       845	800032d0	4385	c.li	x7,1	  x7=0x00000001
        9455000	       846	800032d2	06790163	beq	x18,x7,80003334	 x18:0x00000004  x7:0x00000001
        9465000	       847	800032d6	4389	c.li	x7,2	  x7=0x00000002
        9475000	       848	800032d8	06790363	beq	x18,x7,8000333e	 x18:0x00000004  x7:0x00000002
        9485000	       849	800032dc	438d	c.li	x7,3	  x7=0x00000003
        9495000	       850	800032de	06790563	beq	x18,x7,80003348	 x18:0x00000004  x7:0x00000003
        9505000	       851	800032e2	4391	c.li	x7,4	  x7=0x00000004
        9515000	       852	800032e4	06790763	beq	x18,x7,80003352	 x18:0x00000004  x7:0x00000004
        9545000	       855	80003352	3b402df3	csrrs	x27,pmpaddr4,x0	  x0:0x00000000 x27=0x200033cf
        9555000	       856	80003356	3a102873	csrrs	x16,pmpcfg1,x0	  x0:0x00000000 x16=0x0f0f0f0f
        9565000	       857	8000335a	a885	c.j	800033ca	
        9585000	       859	800033ca	4511	c.li	x10,4	 x10=0x00000004
        9595000	       860	800033cc	01eb9913	slli	x18,x23,0x1e	 x23:0x00000004 x18=0x00000000
        9605000	       861	800033d0	01e95913	srli	x18,x18,0x1e	 x18:0x00000000 x18=0x00000000
        9615000	       862	800033d4	412503b3	sub	x7,x10,x18	 x10:0x00000004 x18:0x00000000  x7=0x00000004
        9625000	       863	800033d8	13fd	c.addi	x7,-1	  x7:0x00000004  x7=0x00000003
        9635000	       864	800033da	038e	c.slli	x7,0x3	  x7:0x00000003  x7=0x00000018
        9645000	       865	800033dc	00781533	sll	x10,x16,x7	 x16:0x0f0f0f0f  x7:0x00000018 x10=0x0f000000
        9655000	       866	800033e0	090e	c.slli	x18,0x3	 x18:0x00000000 x18=0x00000000
        9665000	       867	800033e2	93ca	c.add	x7,x18	  x7:0x00000018 x18:0x00000000  x7=0x00000018
        9675000	       868	800033e4	00755533	srl	x10,x10,x7	 x10:0x0f000000  x7:0x00000018 x10=0x0000000f
        9685000	       869	800033e8	01b51393	slli	x7,x10,0x1b	 x10:0x0000000f  x7=0x78000000
        9695000	       870	800033ec	01e3d393	srli	x7,x7,0x1e	  x7:0x78000000  x7=0x00000001
        9705000	       871	800033f0	04038563	beq	x7,x0,8000343a	  x7:0x00000001  x0:0x00000000
        9715000	       872	800033f4	4905	c.li	x18,1	 x18=0x00000001
        9725000	       873	800033f6	05238363	beq	x7,x18,8000343c	  x7:0x00000001 x18:0x00000001
        9745000	       875	8000343c	895e	c.mv	x18,x23	  x0:0x00000000 x23:0x00000004 x18=0x00000004
        9755000	       876	8000343e	343023f3	csrrs	x7,mtval,x0	  x0:0x00000000  x7=0x8ffffffc
        9765000	       877	80003442	0023d393	srli	x7,x7,0x2	  x7:0x8ffffffc  x7=0x23ffffff
        9775000	       878	80003446	00091563	bne	x18,x0,80003450	 x18:0x00000004  x0:0x00000000
        9795000	       880	80003450	fce3e1e3	bltu	x7,x14,80003412	  x7:0x23ffffff x14:0x20002a35
        9805000	       881	80003454	fbb3ffe3	bgeu	x7,x27,80003412	  x7:0x23ffffff x27:0x200033cf
        9825000	       883	80003412	895e	c.mv	x18,x23	  x0:0x00000000 x23:0x00000004 x18=0x00000004
        9835000	       884	80003414	876e	c.mv	x14,x27	  x0:0x00000000 x27:0x200033cf x14=0x200033cf
        9845000	       885	80003416	0905	c.addi	x18,1	 x18:0x00000004 x18=0x00000005
        9855000	       886	80003418	8bca	c.mv	x23,x18	  x0:0x00000000 x18:0x00000005 x23=0x00000005
        9865000	       887	8000341a	4dc1	c.li	x27,16	 x27=0x00000010
        9875000	       888	8000341c	01b95363	bge	x18,x27,80003422	 x18:0x00000005 x27:0x00000010
        9885000	       889	80003420	b55d	c.j	800032c6	
        9905000	       891	800032c6	895e	c.mv	x18,x23	  x0:0x00000000 x23:0x00000005 x18=0x00000005
        9915000	       892	800032c8	83ca	c.mv	x7,x18	  x0:0x00000000 x18:0x00000005  x7=0x00000005
        9925000	       893	800032ca	4381	c.li	x7,0	  x7=0x00000000
        9935000	       894	800032cc	04790f63	beq	x18,x7,8000332a	 x18:0x00000005  x7:0x00000000
        9945000	       895	800032d0	4385	c.li	x7,1	  x7=0x00000001
        9955000	       896	800032d2	06790163	beq	x18,x7,80003334	 x18:0x00000005  x7:0x00000001
        9965000	       897	800032d6	4389	c.li	x7,2	  x7=0x00000002
        9975000	       898	800032d8	06790363	beq	x18,x7,8000333e	 x18:0x00000005  x7:0x00000002
        9985000	       899	800032dc	438d	c.li	x7,3	  x7=0x00000003
        9995000	       900	800032de	06790563	beq	x18,x7,80003348	 x18:0x00000005  x7:0x00000003
       10005000	       901	800032e2	4391	c.li	x7,4	  x7=0x00000004
       10015000	       902	800032e4	06790763	beq	x18,x7,80003352	 x18:0x00000005  x7:0x00000004
       10025000	       903	800032e8	4395	c.li	x7,5	  x7=0x00000005
       10035000	       904	800032ea	06790963	beq	x18,x7,8000335c	 x18:0x00000005  x7:0x00000005
       10055000	       906	8000335c	3b502df3	csrrs	x27,pmpaddr5,x0	  x0:0x00000000 x27=0x20003d68
       10065000	       907	80003360	3a102873	csrrs	x16,pmpcfg1,x0	  x0:0x00000000 x16=0x0f0f0f0f
       10075000	       908	80003364	a09d	c.j	800033ca	
       10095000	       910	800033ca	4511	c.li	x10,4	 x10=0x00000004
       10105000	       911	800033cc	01eb9913	slli	x18,x23,0x1e	 x23:0x00000005 x18=0x40000000
       10115000	       912	800033d0	01e95913	srli	x18,x18,0x1e	 x18:0x40000000 x18=0x00000001
       10125000	       913	800033d4	412503b3	sub	x7,x10,x18	 x10:0x00000004 x18:0x00000001  x7=0x00000003
       10135000	       914	800033d8	13fd	c.addi	x7,-1	  x7:0x00000003  x7=0x00000002
       10145000	       915	800033da	038e	c.slli	x7,0x3	  x7:0x00000002  x7=0x00000010
       10155000	       916	800033dc	00781533	sll	x10,x16,x7	 x16:0x0f0f0f0f  x7:0x00000010 x10=0x0f0f0000
       10165000	       917	800033e0	090e	c.slli	x18,0x3	 x18:0x00000001 x18=0x00000008
       10175000	       918	800033e2	93ca	c.add	x7,x18	  x7:0x00000010 x18:0x00000008  x7=0x00000018
       10185000	       919	800033e4	00755533	srl	x10,x10,x7	 x10:0x0f0f0000  x7:0x00000018 x10=0x0000000f
       10195000	       920	800033e8	01b51393	slli	x7,x10,0x1b	 x10:0x0000000f  x7=0x78000000
       10205000	       921	800033ec	01e3d393	srli	x7,x7,0x1e	  x7:0x78000000  x7=0x00000001
       10215000	       922	800033f0	04038563	beq	x7,x0,8000343a	  x7:0x00000001  x0:0x00000000
       10225000	       923	800033f4	4905	c.li	x18,1	 x18=0x00000001
       10235000	       924	800033f6	05238363	beq	x7,x18,8000343c	  x7:0x00000001 x18:0x00000001
       10255000	       926	8000343c	895e	c.mv	x18,x23	  x0:0x00000000 x23:0x00000005 x18=0x00000005
       10265000	       927	8000343e	343023f3	csrrs	x7,mtval,x0	  x0:0x00000000  x7=0x8ffffffc
       10275000	       928	80003442	0023d393	srli	x7,x7,0x2	  x7:0x8ffffffc  x7=0x23ffffff
       10285000	       929	80003446	00091563	bne	x18,x0,80003450	 x18:0x00000005  x0:0x00000000
       10305000	       931	80003450	fce3e1e3	bltu	x7,x14,80003412	  x7:0x23ffffff x14:0x200033cf
       10315000	       932	80003454	fbb3ffe3	bgeu	x7,x27,80003412	  x7:0x23ffffff x27:0x20003d68
       10335000	       934	80003412	895e	c.mv	x18,x23	  x0:0x00000000 x23:0x00000005 x18=0x00000005
       10345000	       935	80003414	876e	c.mv	x14,x27	  x0:0x00000000 x27:0x20003d68 x14=0x20003d68
       10355000	       936	80003416	0905	c.addi	x18,1	 x18:0x00000005 x18=0x00000006
       10365000	       937	80003418	8bca	c.mv	x23,x18	  x0:0x00000000 x18:0x00000006 x23=0x00000006
       10375000	       938	8000341a	4dc1	c.li	x27,16	 x27=0x00000010
       10385000	       939	8000341c	01b95363	bge	x18,x27,80003422	 x18:0x00000006 x27:0x00000010
       10395000	       940	80003420	b55d	c.j	800032c6	
       10415000	       942	800032c6	895e	c.mv	x18,x23	  x0:0x00000000 x23:0x00000006 x18=0x00000006
       10425000	       943	800032c8	83ca	c.mv	x7,x18	  x0:0x00000000 x18:0x00000006  x7=0x00000006
       10435000	       944	800032ca	4381	c.li	x7,0	  x7=0x00000000
       10445000	       945	800032cc	04790f63	beq	x18,x7,8000332a	 x18:0x00000006  x7:0x00000000
       10455000	       946	800032d0	4385	c.li	x7,1	  x7=0x00000001
       10465000	       947	800032d2	06790163	beq	x18,x7,80003334	 x18:0x00000006  x7:0x00000001
       10475000	       948	800032d6	4389	c.li	x7,2	  x7=0x00000002
       10485000	       949	800032d8	06790363	beq	x18,x7,8000333e	 x18:0x00000006  x7:0x00000002
       10495000	       950	800032dc	438d	c.li	x7,3	  x7=0x00000003
       10505000	       951	800032de	06790563	beq	x18,x7,80003348	 x18:0x00000006  x7:0x00000003
       10515000	       952	800032e2	4391	c.li	x7,4	  x7=0x00000004
       10525000	       953	800032e4	06790763	beq	x18,x7,80003352	 x18:0x00000006  x7:0x00000004
       10535000	       954	800032e8	4395	c.li	x7,5	  x7=0x00000005
       10545000	       955	800032ea	06790963	beq	x18,x7,8000335c	 x18:0x00000006  x7:0x00000005
       10555000	       956	800032ee	4399	c.li	x7,6	  x7=0x00000006
       10565000	       957	800032f0	06790b63	beq	x18,x7,80003366	 x18:0x00000006  x7:0x00000006
       10595000	       960	80003366	3b602df3	csrrs	x27,pmpaddr6,x0	  x0:0x00000000 x27=0x20004702
       10605000	       961	8000336a	3a102873	csrrs	x16,pmpcfg1,x0	  x0:0x00000000 x16=0x0f0f0f0f
       10615000	       962	8000336e	a8b1	c.j	800033ca	
       10635000	       964	800033ca	4511	c.li	x10,4	 x10=0x00000004
       10645000	       965	800033cc	01eb9913	slli	x18,x23,0x1e	 x23:0x00000006 x18=0x80000000
       10655000	       966	800033d0	01e95913	srli	x18,x18,0x1e	 x18:0x80000000 x18=0x00000002
       10665000	       967	800033d4	412503b3	sub	x7,x10,x18	 x10:0x00000004 x18:0x00000002  x7=0x00000002
       10675000	       968	800033d8	13fd	c.addi	x7,-1	  x7:0x00000002  x7=0x00000001
       10685000	       969	800033da	038e	c.slli	x7,0x3	  x7:0x00000001  x7=0x00000008
       10695000	       970	800033dc	00781533	sll	x10,x16,x7	 x16:0x0f0f0f0f  x7:0x00000008 x10=0x0f0f0f00
       10705000	       971	800033e0	090e	c.slli	x18,0x3	 x18:0x00000002 x18=0x00000010
       10715000	       972	800033e2	93ca	c.add	x7,x18	  x7:0x00000008 x18:0x00000010  x7=0x00000018
       10725000	       973	800033e4	00755533	srl	x10,x10,x7	 x10:0x0f0f0f00  x7:0x00000018 x10=0x0000000f
       10735000	       974	800033e8	01b51393	slli	x7,x10,0x1b	 x10:0x0000000f  x7=0x78000000
       10745000	       975	800033ec	01e3d393	srli	x7,x7,0x1e	  x7:0x78000000  x7=0x00000001
       10755000	       976	800033f0	04038563	beq	x7,x0,8000343a	  x7:0x00000001  x0:0x00000000
       10765000	       977	800033f4	4905	c.li	x18,1	 x18=0x00000001
       10775000	       978	800033f6	05238363	beq	x7,x18,8000343c	  x7:0x00000001 x18:0x00000001
       10795000	       980	8000343c	895e	c.mv	x18,x23	  x0:0x00000000 x23:0x00000006 x18=0x00000006
       10805000	       981	8000343e	343023f3	csrrs	x7,mtval,x0	  x0:0x00000000  x7=0x8ffffffc
       10815000	       982	80003442	0023d393	srli	x7,x7,0x2	  x7:0x8ffffffc  x7=0x23ffffff
       10825000	       983	80003446	00091563	bne	x18,x0,80003450	 x18:0x00000006  x0:0x00000000
       10845000	       985	80003450	fce3e1e3	bltu	x7,x14,80003412	  x7:0x23ffffff x14:0x20003d68
       10855000	       986	80003454	fbb3ffe3	bgeu	x7,x27,80003412	  x7:0x23ffffff x27:0x20004702
       10875000	       988	80003412	895e	c.mv	x18,x23	  x0:0x00000000 x23:0x00000006 x18=0x00000006
       10885000	       989	80003414	876e	c.mv	x14,x27	  x0:0x00000000 x27:0x20004702 x14=0x20004702
       10895000	       990	80003416	0905	c.addi	x18,1	 x18:0x00000006 x18=0x00000007
       10905000	       991	80003418	8bca	c.mv	x23,x18	  x0:0x00000000 x18:0x00000007 x23=0x00000007
       10915000	       992	8000341a	4dc1	c.li	x27,16	 x27=0x00000010
       10925000	       993	8000341c	01b95363	bge	x18,x27,80003422	 x18:0x00000007 x27:0x00000010
       10935000	       994	80003420	b55d	c.j	800032c6	
       10955000	       996	800032c6	895e	c.mv	x18,x23	  x0:0x00000000 x23:0x00000007 x18=0x00000007
       10965000	       997	800032c8	83ca	c.mv	x7,x18	  x0:0x00000000 x18:0x00000007  x7=0x00000007
       10975000	       998	800032ca	4381	c.li	x7,0	  x7=0x00000000
       10985000	       999	800032cc	04790f63	beq	x18,x7,8000332a	 x18:0x00000007  x7:0x00000000
       10995000	      1000	800032d0	4385	c.li	x7,1	  x7=0x00000001
       11005000	      1001	800032d2	06790163	beq	x18,x7,80003334	 x18:0x00000007  x7:0x00000001
       11015000	      1002	800032d6	4389	c.li	x7,2	  x7=0x00000002
       11025000	      1003	800032d8	06790363	beq	x18,x7,8000333e	 x18:0x00000007  x7:0x00000002
       11035000	      1004	800032dc	438d	c.li	x7,3	  x7=0x00000003
       11045000	      1005	800032de	06790563	beq	x18,x7,80003348	 x18:0x00000007  x7:0x00000003
       11055000	      1006	800032e2	4391	c.li	x7,4	  x7=0x00000004
       11065000	      1007	800032e4	06790763	beq	x18,x7,80003352	 x18:0x00000007  x7:0x00000004
       11075000	      1008	800032e8	4395	c.li	x7,5	  x7=0x00000005
       11085000	      1009	800032ea	06790963	beq	x18,x7,8000335c	 x18:0x00000007  x7:0x00000005
       11095000	      1010	800032ee	4399	c.li	x7,6	  x7=0x00000006
       11105000	      1011	800032f0	06790b63	beq	x18,x7,80003366	 x18:0x00000007  x7:0x00000006
       11115000	      1012	800032f4	439d	c.li	x7,7	  x7=0x00000007
       11125000	      1013	800032f6	06790d63	beq	x18,x7,80003370	 x18:0x00000007  x7:0x00000007
       11145000	      1015	80003370	3b702df3	csrrs	x27,pmpaddr7,x0	  x0:0x00000000 x27=0x2000509b
       11155000	      1016	80003374	3a102873	csrrs	x16,pmpcfg1,x0	  x0:0x00000000 x16=0x0f0f0f0f
       11165000	      1017	80003378	a889	c.j	800033ca	
       11185000	      1019	800033ca	4511	c.li	x10,4	 x10=0x00000004
       11195000	      1020	800033cc	01eb9913	slli	x18,x23,0x1e	 x23:0x00000007 x18=0xc0000000
       11205000	      1021	800033d0	01e95913	srli	x18,x18,0x1e	 x18:0xc0000000 x18=0x00000003
       11215000	      1022	800033d4	412503b3	sub	x7,x10,x18	 x10:0x00000004 x18:0x00000003  x7=0x00000001
       11225000	      1023	800033d8	13fd	c.addi	x7,-1	  x7:0x00000001  x7=0x00000000
       11235000	      1024	800033da	038e	c.slli	x7,0x3	  x7:0x00000000  x7=0x00000000
       11245000	      1025	800033dc	00781533	sll	x10,x16,x7	 x16:0x0f0f0f0f  x7:0x00000000 x10=0x0f0f0f0f
       11255000	      1026	800033e0	090e	c.slli	x18,0x3	 x18:0x00000003 x18=0x00000018
       11265000	      1027	800033e2	93ca	c.add	x7,x18	  x7:0x00000000 x18:0x00000018  x7=0x00000018
       11275000	      1028	800033e4	00755533	srl	x10,x10,x7	 x10:0x0f0f0f0f  x7:0x00000018 x10=0x0000000f
       11285000	      1029	800033e8	01b51393	slli	x7,x10,0x1b	 x10:0x0000000f  x7=0x78000000
       11295000	      1030	800033ec	01e3d393	srli	x7,x7,0x1e	  x7:0x78000000  x7=0x00000001
       11305000	      1031	800033f0	04038563	beq	x7,x0,8000343a	  x7:0x00000001  x0:0x00000000
       11315000	      1032	800033f4	4905	c.li	x18,1	 x18=0x00000001
       11325000	      1033	800033f6	05238363	beq	x7,x18,8000343c	  x7:0x00000001 x18:0x00000001
       11345000	      1035	8000343c	895e	c.mv	x18,x23	  x0:0x00000000 x23:0x00000007 x18=0x00000007
       11355000	      1036	8000343e	343023f3	csrrs	x7,mtval,x0	  x0:0x00000000  x7=0x8ffffffc
       11365000	      1037	80003442	0023d393	srli	x7,x7,0x2	  x7:0x8ffffffc  x7=0x23ffffff
       11375000	      1038	80003446	00091563	bne	x18,x0,80003450	 x18:0x00000007  x0:0x00000000
       11395000	      1040	80003450	fce3e1e3	bltu	x7,x14,80003412	  x7:0x23ffffff x14:0x20004702
       11405000	      1041	80003454	fbb3ffe3	bgeu	x7,x27,80003412	  x7:0x23ffffff x27:0x2000509b
       11425000	      1043	80003412	895e	c.mv	x18,x23	  x0:0x00000000 x23:0x00000007 x18=0x00000007
       11435000	      1044	80003414	876e	c.mv	x14,x27	  x0:0x00000000 x27:0x2000509b x14=0x2000509b
       11445000	      1045	80003416	0905	c.addi	x18,1	 x18:0x00000007 x18=0x00000008
       11455000	      1046	80003418	8bca	c.mv	x23,x18	  x0:0x00000000 x18:0x00000008 x23=0x00000008
       11465000	      1047	8000341a	4dc1	c.li	x27,16	 x27=0x00000010
       11475000	      1048	8000341c	01b95363	bge	x18,x27,80003422	 x18:0x00000008 x27:0x00000010
       11485000	      1049	80003420	b55d	c.j	800032c6	
       11505000	      1051	800032c6	895e	c.mv	x18,x23	  x0:0x00000000 x23:0x00000008 x18=0x00000008
       11515000	      1052	800032c8	83ca	c.mv	x7,x18	  x0:0x00000000 x18:0x00000008  x7=0x00000008
       11525000	      1053	800032ca	4381	c.li	x7,0	  x7=0x00000000
       11535000	      1054	800032cc	04790f63	beq	x18,x7,8000332a	 x18:0x00000008  x7:0x00000000
       11545000	      1055	800032d0	4385	c.li	x7,1	  x7=0x00000001
       11555000	      1056	800032d2	06790163	beq	x18,x7,80003334	 x18:0x00000008  x7:0x00000001
       11565000	      1057	800032d6	4389	c.li	x7,2	  x7=0x00000002
       11575000	      1058	800032d8	06790363	beq	x18,x7,8000333e	 x18:0x00000008  x7:0x00000002
       11585000	      1059	800032dc	438d	c.li	x7,3	  x7=0x00000003
       11595000	      1060	800032de	06790563	beq	x18,x7,80003348	 x18:0x00000008  x7:0x00000003
       11605000	      1061	800032e2	4391	c.li	x7,4	  x7=0x00000004
       11615000	      1062	800032e4	06790763	beq	x18,x7,80003352	 x18:0x00000008  x7:0x00000004
       11625000	      1063	800032e8	4395	c.li	x7,5	  x7=0x00000005
       11635000	      1064	800032ea	06790963	beq	x18,x7,8000335c	 x18:0x00000008  x7:0x00000005
       11645000	      1065	800032ee	4399	c.li	x7,6	  x7=0x00000006
       11655000	      1066	800032f0	06790b63	beq	x18,x7,80003366	 x18:0x00000008  x7:0x00000006
       11665000	      1067	800032f4	439d	c.li	x7,7	  x7=0x00000007
       11675000	      1068	800032f6	06790d63	beq	x18,x7,80003370	 x18:0x00000008  x7:0x00000007
       11685000	      1069	800032fa	43a1	c.li	x7,8	  x7=0x00000008
       11695000	      1070	800032fc	06790f63	beq	x18,x7,8000337a	 x18:0x00000008  x7:0x00000008
       11725000	      1073	8000337a	3b802df3	csrrs	x27,pmpaddr8,x0	  x0:0x00000000 x27=0x20005a35
       11735000	      1074	8000337e	3a202873	csrrs	x16,pmpcfg2,x0	  x0:0x00000000 x16=0x0f0f0f0f
       11745000	      1075	80003382	a0a1	c.j	800033ca	
       11765000	      1077	800033ca	4511	c.li	x10,4	 x10=0x00000004
       11775000	      1078	800033cc	01eb9913	slli	x18,x23,0x1e	 x23:0x00000008 x18=0x00000000
       11785000	      1079	800033d0	01e95913	srli	x18,x18,0x1e	 x18:0x00000000 x18=0x00000000
       11795000	      1080	800033d4	412503b3	sub	x7,x10,x18	 x10:0x00000004 x18:0x00000000  x7=0x00000004
       11805000	      1081	800033d8	13fd	c.addi	x7,-1	  x7:0x00000004  x7=0x00000003
       11815000	      1082	800033da	038e	c.slli	x7,0x3	  x7:0x00000003  x7=0x00000018
       11825000	      1083	800033dc	00781533	sll	x10,x16,x7	 x16:0x0f0f0f0f  x7:0x00000018 x10=0x0f000000
       11835000	      1084	800033e0	090e	c.slli	x18,0x3	 x18:0x00000000 x18=0x00000000
       11845000	      1085	800033e2	93ca	c.add	x7,x18	  x7:0x00000018 x18:0x00000000  x7=0x00000018
       11855000	      1086	800033e4	00755533	srl	x10,x10,x7	 x10:0x0f000000  x7:0x00000018 x10=0x0000000f
       11865000	      1087	800033e8	01b51393	slli	x7,x10,0x1b	 x10:0x0000000f  x7=0x78000000
       11875000	      1088	800033ec	01e3d393	srli	x7,x7,0x1e	  x7:0x78000000  x7=0x00000001
       11885000	      1089	800033f0	04038563	beq	x7,x0,8000343a	  x7:0x00000001  x0:0x00000000
       11895000	      1090	800033f4	4905	c.li	x18,1	 x18=0x00000001
       11905000	      1091	800033f6	05238363	beq	x7,x18,8000343c	  x7:0x00000001 x18:0x00000001
       11925000	      1093	8000343c	895e	c.mv	x18,x23	  x0:0x00000000 x23:0x00000008 x18=0x00000008
       11935000	      1094	8000343e	343023f3	csrrs	x7,mtval,x0	  x0:0x00000000  x7=0x8ffffffc
       11945000	      1095	80003442	0023d393	srli	x7,x7,0x2	  x7:0x8ffffffc  x7=0x23ffffff
       11955000	      1096	80003446	00091563	bne	x18,x0,80003450	 x18:0x00000008  x0:0x00000000
       11975000	      1098	80003450	fce3e1e3	bltu	x7,x14,80003412	  x7:0x23ffffff x14:0x2000509b
       11985000	      1099	80003454	fbb3ffe3	bgeu	x7,x27,80003412	  x7:0x23ffffff x27:0x20005a35
       12005000	      1101	80003412	895e	c.mv	x18,x23	  x0:0x00000000 x23:0x00000008 x18=0x00000008
       12015000	      1102	80003414	876e	c.mv	x14,x27	  x0:0x00000000 x27:0x20005a35 x14=0x20005a35
       12025000	      1103	80003416	0905	c.addi	x18,1	 x18:0x00000008 x18=0x00000009
       12035000	      1104	80003418	8bca	c.mv	x23,x18	  x0:0x00000000 x18:0x00000009 x23=0x00000009
       12045000	      1105	8000341a	4dc1	c.li	x27,16	 x27=0x00000010
       12055000	      1106	8000341c	01b95363	bge	x18,x27,80003422	 x18:0x00000009 x27:0x00000010
       12065000	      1107	80003420	b55d	c.j	800032c6	
       12085000	      1109	800032c6	895e	c.mv	x18,x23	  x0:0x00000000 x23:0x00000009 x18=0x00000009
       12095000	      1110	800032c8	83ca	c.mv	x7,x18	  x0:0x00000000 x18:0x00000009  x7=0x00000009
       12105000	      1111	800032ca	4381	c.li	x7,0	  x7=0x00000000
       12115000	      1112	800032cc	04790f63	beq	x18,x7,8000332a	 x18:0x00000009  x7:0x00000000
       12125000	      1113	800032d0	4385	c.li	x7,1	  x7=0x00000001
       12135000	      1114	800032d2	06790163	beq	x18,x7,80003334	 x18:0x00000009  x7:0x00000001
       12145000	      1115	800032d6	4389	c.li	x7,2	  x7=0x00000002
       12155000	      1116	800032d8	06790363	beq	x18,x7,8000333e	 x18:0x00000009  x7:0x00000002
       12165000	      1117	800032dc	438d	c.li	x7,3	  x7=0x00000003
       12175000	      1118	800032de	06790563	beq	x18,x7,80003348	 x18:0x00000009  x7:0x00000003
       12185000	      1119	800032e2	4391	c.li	x7,4	  x7=0x00000004
       12195000	      1120	800032e4	06790763	beq	x18,x7,80003352	 x18:0x00000009  x7:0x00000004
       12205000	      1121	800032e8	4395	c.li	x7,5	  x7=0x00000005
       12215000	      1122	800032ea	06790963	beq	x18,x7,8000335c	 x18:0x00000009  x7:0x00000005
       12225000	      1123	800032ee	4399	c.li	x7,6	  x7=0x00000006
       12235000	      1124	800032f0	06790b63	beq	x18,x7,80003366	 x18:0x00000009  x7:0x00000006
       12245000	      1125	800032f4	439d	c.li	x7,7	  x7=0x00000007
       12255000	      1126	800032f6	06790d63	beq	x18,x7,80003370	 x18:0x00000009  x7:0x00000007
       12265000	      1127	800032fa	43a1	c.li	x7,8	  x7=0x00000008
       12275000	      1128	800032fc	06790f63	beq	x18,x7,8000337a	 x18:0x00000009  x7:0x00000008
       12285000	      1129	80003300	43a5	c.li	x7,9	  x7=0x00000009
       12295000	      1130	80003302	08790163	beq	x18,x7,80003384	 x18:0x00000009  x7:0x00000009
       12315000	      1132	80003384	3b902df3	csrrs	x27,pmpaddr9,x0	  x0:0x00000000 x27=0x200063ce
       12325000	      1133	80003388	3a202873	csrrs	x16,pmpcfg2,x0	  x0:0x00000000 x16=0x0f0f0f0f
       12335000	      1134	8000338c	a83d	c.j	800033ca	
       12355000	      1136	800033ca	4511	c.li	x10,4	 x10=0x00000004
       12365000	      1137	800033cc	01eb9913	slli	x18,x23,0x1e	 x23:0x00000009 x18=0x40000000
       12375000	      1138	800033d0	01e95913	srli	x18,x18,0x1e	 x18:0x40000000 x18=0x00000001
       12385000	      1139	800033d4	412503b3	sub	x7,x10,x18	 x10:0x00000004 x18:0x00000001  x7=0x00000003
       12395000	      1140	800033d8	13fd	c.addi	x7,-1	  x7:0x00000003  x7=0x00000002
       12405000	      1141	800033da	038e	c.slli	x7,0x3	  x7:0x00000002  x7=0x00000010
       12415000	      1142	800033dc	00781533	sll	x10,x16,x7	 x16:0x0f0f0f0f  x7:0x00000010 x10=0x0f0f0000
       12425000	      1143	800033e0	090e	c.slli	x18,0x3	 x18:0x00000001 x18=0x00000008
       12435000	      1144	800033e2	93ca	c.add	x7,x18	  x7:0x00000010 x18:0x00000008  x7=0x00000018
       12445000	      1145	800033e4	00755533	srl	x10,x10,x7	 x10:0x0f0f0000  x7:0x00000018 x10=0x0000000f
       12455000	      1146	800033e8	01b51393	slli	x7,x10,0x1b	 x10:0x0000000f  x7=0x78000000
       12465000	      1147	800033ec	01e3d393	srli	x7,x7,0x1e	  x7:0x78000000  x7=0x00000001
       12475000	      1148	800033f0	04038563	beq	x7,x0,8000343a	  x7:0x00000001  x0:0x00000000
       12485000	      1149	800033f4	4905	c.li	x18,1	 x18=0x00000001
       12495000	      1150	800033f6	05238363	beq	x7,x18,8000343c	  x7:0x00000001 x18:0x00000001
       12515000	      1152	8000343c	895e	c.mv	x18,x23	  x0:0x00000000 x23:0x00000009 x18=0x00000009
       12525000	      1153	8000343e	343023f3	csrrs	x7,mtval,x0	  x0:0x00000000  x7=0x8ffffffc
       12535000	      1154	80003442	0023d393	srli	x7,x7,0x2	  x7:0x8ffffffc  x7=0x23ffffff
       12545000	      1155	80003446	00091563	bne	x18,x0,80003450	 x18:0x00000009  x0:0x00000000
       12565000	      1157	80003450	fce3e1e3	bltu	x7,x14,80003412	  x7:0x23ffffff x14:0x20005a35
       12575000	      1158	80003454	fbb3ffe3	bgeu	x7,x27,80003412	  x7:0x23ffffff x27:0x200063ce
       12595000	      1160	80003412	895e	c.mv	x18,x23	  x0:0x00000000 x23:0x00000009 x18=0x00000009
       12605000	      1161	80003414	876e	c.mv	x14,x27	  x0:0x00000000 x27:0x200063ce x14=0x200063ce
       12615000	      1162	80003416	0905	c.addi	x18,1	 x18:0x00000009 x18=0x0000000a
       12625000	      1163	80003418	8bca	c.mv	x23,x18	  x0:0x00000000 x18:0x0000000a x23=0x0000000a
       12635000	      1164	8000341a	4dc1	c.li	x27,16	 x27=0x00000010
       12645000	      1165	8000341c	01b95363	bge	x18,x27,80003422	 x18:0x0000000a x27:0x00000010
       12655000	      1166	80003420	b55d	c.j	800032c6	
       12675000	      1168	800032c6	895e	c.mv	x18,x23	  x0:0x00000000 x23:0x0000000a x18=0x0000000a
       12685000	      1169	800032c8	83ca	c.mv	x7,x18	  x0:0x00000000 x18:0x0000000a  x7=0x0000000a
       12695000	      1170	800032ca	4381	c.li	x7,0	  x7=0x00000000
       12705000	      1171	800032cc	04790f63	beq	x18,x7,8000332a	 x18:0x0000000a  x7:0x00000000
       12715000	      1172	800032d0	4385	c.li	x7,1	  x7=0x00000001
       12725000	      1173	800032d2	06790163	beq	x18,x7,80003334	 x18:0x0000000a  x7:0x00000001
       12735000	      1174	800032d6	4389	c.li	x7,2	  x7=0x00000002
       12745000	      1175	800032d8	06790363	beq	x18,x7,8000333e	 x18:0x0000000a  x7:0x00000002
       12755000	      1176	800032dc	438d	c.li	x7,3	  x7=0x00000003
       12765000	      1177	800032de	06790563	beq	x18,x7,80003348	 x18:0x0000000a  x7:0x00000003
       12775000	      1178	800032e2	4391	c.li	x7,4	  x7=0x00000004
       12785000	      1179	800032e4	06790763	beq	x18,x7,80003352	 x18:0x0000000a  x7:0x00000004
       12795000	      1180	800032e8	4395	c.li	x7,5	  x7=0x00000005
       12805000	      1181	800032ea	06790963	beq	x18,x7,8000335c	 x18:0x0000000a  x7:0x00000005
       12815000	      1182	800032ee	4399	c.li	x7,6	  x7=0x00000006
       12825000	      1183	800032f0	06790b63	beq	x18,x7,80003366	 x18:0x0000000a  x7:0x00000006
       12835000	      1184	800032f4	439d	c.li	x7,7	  x7=0x00000007
       12845000	      1185	800032f6	06790d63	beq	x18,x7,80003370	 x18:0x0000000a  x7:0x00000007
       12855000	      1186	800032fa	43a1	c.li	x7,8	  x7=0x00000008
       12865000	      1187	800032fc	06790f63	beq	x18,x7,8000337a	 x18:0x0000000a  x7:0x00000008
       12875000	      1188	80003300	43a5	c.li	x7,9	  x7=0x00000009
       12885000	      1189	80003302	08790163	beq	x18,x7,80003384	 x18:0x0000000a  x7:0x00000009
       12895000	      1190	80003306	43a9	c.li	x7,10	  x7=0x0000000a
       12905000	      1191	80003308	08790363	beq	x18,x7,8000338e	 x18:0x0000000a  x7:0x0000000a
       12935000	      1194	8000338e	3ba02df3	csrrs	x27,pmpaddr10,x0	  x0:0x00000000 x27=0x20006d68
       12945000	      1195	80003392	3a202873	csrrs	x16,pmpcfg2,x0	  x0:0x00000000 x16=0x0f0f0f0f
       12955000	      1196	80003396	a815	c.j	800033ca	
       12975000	      1198	800033ca	4511	c.li	x10,4	 x10=0x00000004
       12985000	      1199	800033cc	01eb9913	slli	x18,x23,0x1e	 x23:0x0000000a x18=0x80000000
       12995000	      1200	800033d0	01e95913	srli	x18,x18,0x1e	 x18:0x80000000 x18=0x00000002
       13005000	      1201	800033d4	412503b3	sub	x7,x10,x18	 x10:0x00000004 x18:0x00000002  x7=0x00000002
       13015000	      1202	800033d8	13fd	c.addi	x7,-1	  x7:0x00000002  x7=0x00000001
       13025000	      1203	800033da	038e	c.slli	x7,0x3	  x7:0x00000001  x7=0x00000008
       13035000	      1204	800033dc	00781533	sll	x10,x16,x7	 x16:0x0f0f0f0f  x7:0x00000008 x10=0x0f0f0f00
       13045000	      1205	800033e0	090e	c.slli	x18,0x3	 x18:0x00000002 x18=0x00000010
       13055000	      1206	800033e2	93ca	c.add	x7,x18	  x7:0x00000008 x18:0x00000010  x7=0x00000018
       13065000	      1207	800033e4	00755533	srl	x10,x10,x7	 x10:0x0f0f0f00  x7:0x00000018 x10=0x0000000f
       13075000	      1208	800033e8	01b51393	slli	x7,x10,0x1b	 x10:0x0000000f  x7=0x78000000
       13085000	      1209	800033ec	01e3d393	srli	x7,x7,0x1e	  x7:0x78000000  x7=0x00000001
       13095000	      1210	800033f0	04038563	beq	x7,x0,8000343a	  x7:0x00000001  x0:0x00000000
       13105000	      1211	800033f4	4905	c.li	x18,1	 x18=0x00000001
       13115000	      1212	800033f6	05238363	beq	x7,x18,8000343c	  x7:0x00000001 x18:0x00000001
       13135000	      1214	8000343c	895e	c.mv	x18,x23	  x0:0x00000000 x23:0x0000000a x18=0x0000000a
       13145000	      1215	8000343e	343023f3	csrrs	x7,mtval,x0	  x0:0x00000000  x7=0x8ffffffc
       13155000	      1216	80003442	0023d393	srli	x7,x7,0x2	  x7:0x8ffffffc  x7=0x23ffffff
       13165000	      1217	80003446	00091563	bne	x18,x0,80003450	 x18:0x0000000a  x0:0x00000000
       13185000	      1219	80003450	fce3e1e3	bltu	x7,x14,80003412	  x7:0x23ffffff x14:0x200063ce
       13195000	      1220	80003454	fbb3ffe3	bgeu	x7,x27,80003412	  x7:0x23ffffff x27:0x20006d68
       13215000	      1222	80003412	895e	c.mv	x18,x23	  x0:0x00000000 x23:0x0000000a x18=0x0000000a
       13225000	      1223	80003414	876e	c.mv	x14,x27	  x0:0x00000000 x27:0x20006d68 x14=0x20006d68
       13235000	      1224	80003416	0905	c.addi	x18,1	 x18:0x0000000a x18=0x0000000b
       13245000	      1225	80003418	8bca	c.mv	x23,x18	  x0:0x00000000 x18:0x0000000b x23=0x0000000b
       13255000	      1226	8000341a	4dc1	c.li	x27,16	 x27=0x00000010
       13265000	      1227	8000341c	01b95363	bge	x18,x27,80003422	 x18:0x0000000b x27:0x00000010
       13275000	      1228	80003420	b55d	c.j	800032c6	
       13295000	      1230	800032c6	895e	c.mv	x18,x23	  x0:0x00000000 x23:0x0000000b x18=0x0000000b
       13305000	      1231	800032c8	83ca	c.mv	x7,x18	  x0:0x00000000 x18:0x0000000b  x7=0x0000000b
       13315000	      1232	800032ca	4381	c.li	x7,0	  x7=0x00000000
       13325000	      1233	800032cc	04790f63	beq	x18,x7,8000332a	 x18:0x0000000b  x7:0x00000000
       13335000	      1234	800032d0	4385	c.li	x7,1	  x7=0x00000001
       13345000	      1235	800032d2	06790163	beq	x18,x7,80003334	 x18:0x0000000b  x7:0x00000001
       13355000	      1236	800032d6	4389	c.li	x7,2	  x7=0x00000002
       13365000	      1237	800032d8	06790363	beq	x18,x7,8000333e	 x18:0x0000000b  x7:0x00000002
       13375000	      1238	800032dc	438d	c.li	x7,3	  x7=0x00000003
       13385000	      1239	800032de	06790563	beq	x18,x7,80003348	 x18:0x0000000b  x7:0x00000003
       13395000	      1240	800032e2	4391	c.li	x7,4	  x7=0x00000004
       13405000	      1241	800032e4	06790763	beq	x18,x7,80003352	 x18:0x0000000b  x7:0x00000004
       13415000	      1242	800032e8	4395	c.li	x7,5	  x7=0x00000005
       13425000	      1243	800032ea	06790963	beq	x18,x7,8000335c	 x18:0x0000000b  x7:0x00000005
       13435000	      1244	800032ee	4399	c.li	x7,6	  x7=0x00000006
       13445000	      1245	800032f0	06790b63	beq	x18,x7,80003366	 x18:0x0000000b  x7:0x00000006
       13455000	      1246	800032f4	439d	c.li	x7,7	  x7=0x00000007
       13465000	      1247	800032f6	06790d63	beq	x18,x7,80003370	 x18:0x0000000b  x7:0x00000007
       13475000	      1248	800032fa	43a1	c.li	x7,8	  x7=0x00000008
       13485000	      1249	800032fc	06790f63	beq	x18,x7,8000337a	 x18:0x0000000b  x7:0x00000008
       13495000	      1250	80003300	43a5	c.li	x7,9	  x7=0x00000009
       13505000	      1251	80003302	08790163	beq	x18,x7,80003384	 x18:0x0000000b  x7:0x00000009
       13515000	      1252	80003306	43a9	c.li	x7,10	  x7=0x0000000a
       13525000	      1253	80003308	08790363	beq	x18,x7,8000338e	 x18:0x0000000b  x7:0x0000000a
       13535000	      1254	8000330c	43ad	c.li	x7,11	  x7=0x0000000b
       13545000	      1255	8000330e	08790563	beq	x18,x7,80003398	 x18:0x0000000b  x7:0x0000000b
       13565000	      1257	80003398	3bb02df3	csrrs	x27,pmpaddr11,x0	  x0:0x00000000 x27=0x20007701
       13575000	      1258	8000339c	3a202873	csrrs	x16,pmpcfg2,x0	  x0:0x00000000 x16=0x0f0f0f0f
       13585000	      1259	800033a0	a02d	c.j	800033ca	
       13605000	      1261	800033ca	4511	c.li	x10,4	 x10=0x00000004
       13615000	      1262	800033cc	01eb9913	slli	x18,x23,0x1e	 x23:0x0000000b x18=0xc0000000
       13625000	      1263	800033d0	01e95913	srli	x18,x18,0x1e	 x18:0xc0000000 x18=0x00000003
       13635000	      1264	800033d4	412503b3	sub	x7,x10,x18	 x10:0x00000004 x18:0x00000003  x7=0x00000001
       13645000	      1265	800033d8	13fd	c.addi	x7,-1	  x7:0x00000001  x7=0x00000000
       13655000	      1266	800033da	038e	c.slli	x7,0x3	  x7:0x00000000  x7=0x00000000
       13665000	      1267	800033dc	00781533	sll	x10,x16,x7	 x16:0x0f0f0f0f  x7:0x00000000 x10=0x0f0f0f0f
       13675000	      1268	800033e0	090e	c.slli	x18,0x3	 x18:0x00000003 x18=0x00000018
       13685000	      1269	800033e2	93ca	c.add	x7,x18	  x7:0x00000000 x18:0x00000018  x7=0x00000018
       13695000	      1270	800033e4	00755533	srl	x10,x10,x7	 x10:0x0f0f0f0f  x7:0x00000018 x10=0x0000000f
       13705000	      1271	800033e8	01b51393	slli	x7,x10,0x1b	 x10:0x0000000f  x7=0x78000000
       13715000	      1272	800033ec	01e3d393	srli	x7,x7,0x1e	  x7:0x78000000  x7=0x00000001
       13725000	      1273	800033f0	04038563	beq	x7,x0,8000343a	  x7:0x00000001  x0:0x00000000
       13735000	      1274	800033f4	4905	c.li	x18,1	 x18=0x00000001
       13745000	      1275	800033f6	05238363	beq	x7,x18,8000343c	  x7:0x00000001 x18:0x00000001
       13765000	      1277	8000343c	895e	c.mv	x18,x23	  x0:0x00000000 x23:0x0000000b x18=0x0000000b
       13775000	      1278	8000343e	343023f3	csrrs	x7,mtval,x0	  x0:0x00000000  x7=0x8ffffffc
       13785000	      1279	80003442	0023d393	srli	x7,x7,0x2	  x7:0x8ffffffc  x7=0x23ffffff
       13795000	      1280	80003446	00091563	bne	x18,x0,80003450	 x18:0x0000000b  x0:0x00000000
       13815000	      1282	80003450	fce3e1e3	bltu	x7,x14,80003412	  x7:0x23ffffff x14:0x20006d68
       13825000	      1283	80003454	fbb3ffe3	bgeu	x7,x27,80003412	  x7:0x23ffffff x27:0x20007701
       13845000	      1285	80003412	895e	c.mv	x18,x23	  x0:0x00000000 x23:0x0000000b x18=0x0000000b
       13855000	      1286	80003414	876e	c.mv	x14,x27	  x0:0x00000000 x27:0x20007701 x14=0x20007701
       13865000	      1287	80003416	0905	c.addi	x18,1	 x18:0x0000000b x18=0x0000000c
       13875000	      1288	80003418	8bca	c.mv	x23,x18	  x0:0x00000000 x18:0x0000000c x23=0x0000000c
       13885000	      1289	8000341a	4dc1	c.li	x27,16	 x27=0x00000010
       13895000	      1290	8000341c	01b95363	bge	x18,x27,80003422	 x18:0x0000000c x27:0x00000010
       13905000	      1291	80003420	b55d	c.j	800032c6	
       13925000	      1293	800032c6	895e	c.mv	x18,x23	  x0:0x00000000 x23:0x0000000c x18=0x0000000c
       13935000	      1294	800032c8	83ca	c.mv	x7,x18	  x0:0x00000000 x18:0x0000000c  x7=0x0000000c
       13945000	      1295	800032ca	4381	c.li	x7,0	  x7=0x00000000
       13955000	      1296	800032cc	04790f63	beq	x18,x7,8000332a	 x18:0x0000000c  x7:0x00000000
       13965000	      1297	800032d0	4385	c.li	x7,1	  x7=0x00000001
       13975000	      1298	800032d2	06790163	beq	x18,x7,80003334	 x18:0x0000000c  x7:0x00000001
       13985000	      1299	800032d6	4389	c.li	x7,2	  x7=0x00000002
       13995000	      1300	800032d8	06790363	beq	x18,x7,8000333e	 x18:0x0000000c  x7:0x00000002
       14005000	      1301	800032dc	438d	c.li	x7,3	  x7=0x00000003
       14015000	      1302	800032de	06790563	beq	x18,x7,80003348	 x18:0x0000000c  x7:0x00000003
       14025000	      1303	800032e2	4391	c.li	x7,4	  x7=0x00000004
       14035000	      1304	800032e4	06790763	beq	x18,x7,80003352	 x18:0x0000000c  x7:0x00000004
       14045000	      1305	800032e8	4395	c.li	x7,5	  x7=0x00000005
       14055000	      1306	800032ea	06790963	beq	x18,x7,8000335c	 x18:0x0000000c  x7:0x00000005
       14065000	      1307	800032ee	4399	c.li	x7,6	  x7=0x00000006
       14075000	      1308	800032f0	06790b63	beq	x18,x7,80003366	 x18:0x0000000c  x7:0x00000006
       14085000	      1309	800032f4	439d	c.li	x7,7	  x7=0x00000007
       14095000	      1310	800032f6	06790d63	beq	x18,x7,80003370	 x18:0x0000000c  x7:0x00000007
       14105000	      1311	800032fa	43a1	c.li	x7,8	  x7=0x00000008
       14115000	      1312	800032fc	06790f63	beq	x18,x7,8000337a	 x18:0x0000000c  x7:0x00000008
       14125000	      1313	80003300	43a5	c.li	x7,9	  x7=0x00000009
       14135000	      1314	80003302	08790163	beq	x18,x7,80003384	 x18:0x0000000c  x7:0x00000009
       14145000	      1315	80003306	43a9	c.li	x7,10	  x7=0x0000000a
       14155000	      1316	80003308	08790363	beq	x18,x7,8000338e	 x18:0x0000000c  x7:0x0000000a
       14165000	      1317	8000330c	43ad	c.li	x7,11	  x7=0x0000000b
       14175000	      1318	8000330e	08790563	beq	x18,x7,80003398	 x18:0x0000000c  x7:0x0000000b
       14185000	      1319	80003312	43b1	c.li	x7,12	  x7=0x0000000c
       14195000	      1320	80003314	08790763	beq	x18,x7,800033a2	 x18:0x0000000c  x7:0x0000000c
       14225000	      1323	800033a2	3bc02df3	csrrs	x27,pmpaddr12,x0	  x0:0x00000000 x27=0x2000809b
       14235000	      1324	800033a6	3a302873	csrrs	x16,pmpcfg3,x0	  x0:0x00000000 x16=0x0f0f0f0f
       14245000	      1325	800033aa	a005	c.j	800033ca	
       14265000	      1327	800033ca	4511	c.li	x10,4	 x10=0x00000004
       14275000	      1328	800033cc	01eb9913	slli	x18,x23,0x1e	 x23:0x0000000c x18=0x00000000
       14285000	      1329	800033d0	01e95913	srli	x18,x18,0x1e	 x18:0x00000000 x18=0x00000000
       14295000	      1330	800033d4	412503b3	sub	x7,x10,x18	 x10:0x00000004 x18:0x00000000  x7=0x00000004
       14305000	      1331	800033d8	13fd	c.addi	x7,-1	  x7:0x00000004  x7=0x00000003
       14315000	      1332	800033da	038e	c.slli	x7,0x3	  x7:0x00000003  x7=0x00000018
       14325000	      1333	800033dc	00781533	sll	x10,x16,x7	 x16:0x0f0f0f0f  x7:0x00000018 x10=0x0f000000
       14335000	      1334	800033e0	090e	c.slli	x18,0x3	 x18:0x00000000 x18=0x00000000
       14345000	      1335	800033e2	93ca	c.add	x7,x18	  x7:0x00000018 x18:0x00000000  x7=0x00000018
       14355000	      1336	800033e4	00755533	srl	x10,x10,x7	 x10:0x0f000000  x7:0x00000018 x10=0x0000000f
       14365000	      1337	800033e8	01b51393	slli	x7,x10,0x1b	 x10:0x0000000f  x7=0x78000000
       14375000	      1338	800033ec	01e3d393	srli	x7,x7,0x1e	  x7:0x78000000  x7=0x00000001
       14385000	      1339	800033f0	04038563	beq	x7,x0,8000343a	  x7:0x00000001  x0:0x00000000
       14395000	      1340	800033f4	4905	c.li	x18,1	 x18=0x00000001
       14405000	      1341	800033f6	05238363	beq	x7,x18,8000343c	  x7:0x00000001 x18:0x00000001
       14425000	      1343	8000343c	895e	c.mv	x18,x23	  x0:0x00000000 x23:0x0000000c x18=0x0000000c
       14435000	      1344	8000343e	343023f3	csrrs	x7,mtval,x0	  x0:0x00000000  x7=0x8ffffffc
       14445000	      1345	80003442	0023d393	srli	x7,x7,0x2	  x7:0x8ffffffc  x7=0x23ffffff
       14455000	      1346	80003446	00091563	bne	x18,x0,80003450	 x18:0x0000000c  x0:0x00000000
       14475000	      1348	80003450	fce3e1e3	bltu	x7,x14,80003412	  x7:0x23ffffff x14:0x20007701
       14485000	      1349	80003454	fbb3ffe3	bgeu	x7,x27,80003412	  x7:0x23ffffff x27:0x2000809b
       14505000	      1351	80003412	895e	c.mv	x18,x23	  x0:0x00000000 x23:0x0000000c x18=0x0000000c
       14515000	      1352	80003414	876e	c.mv	x14,x27	  x0:0x00000000 x27:0x2000809b x14=0x2000809b
       14525000	      1353	80003416	0905	c.addi	x18,1	 x18:0x0000000c x18=0x0000000d
       14535000	      1354	80003418	8bca	c.mv	x23,x18	  x0:0x00000000 x18:0x0000000d x23=0x0000000d
       14545000	      1355	8000341a	4dc1	c.li	x27,16	 x27=0x00000010
       14555000	      1356	8000341c	01b95363	bge	x18,x27,80003422	 x18:0x0000000d x27:0x00000010
       14565000	      1357	80003420	b55d	c.j	800032c6	
       14585000	      1359	800032c6	895e	c.mv	x18,x23	  x0:0x00000000 x23:0x0000000d x18=0x0000000d
       14595000	      1360	800032c8	83ca	c.mv	x7,x18	  x0:0x00000000 x18:0x0000000d  x7=0x0000000d
       14605000	      1361	800032ca	4381	c.li	x7,0	  x7=0x00000000
       14615000	      1362	800032cc	04790f63	beq	x18,x7,8000332a	 x18:0x0000000d  x7:0x00000000
       14625000	      1363	800032d0	4385	c.li	x7,1	  x7=0x00000001
       14635000	      1364	800032d2	06790163	beq	x18,x7,80003334	 x18:0x0000000d  x7:0x00000001
       14645000	      1365	800032d6	4389	c.li	x7,2	  x7=0x00000002
       14655000	      1366	800032d8	06790363	beq	x18,x7,8000333e	 x18:0x0000000d  x7:0x00000002
       14665000	      1367	800032dc	438d	c.li	x7,3	  x7=0x00000003
       14675000	      1368	800032de	06790563	beq	x18,x7,80003348	 x18:0x0000000d  x7:0x00000003
       14685000	      1369	800032e2	4391	c.li	x7,4	  x7=0x00000004
       14695000	      1370	800032e4	06790763	beq	x18,x7,80003352	 x18:0x0000000d  x7:0x00000004
       14705000	      1371	800032e8	4395	c.li	x7,5	  x7=0x00000005
       14715000	      1372	800032ea	06790963	beq	x18,x7,8000335c	 x18:0x0000000d  x7:0x00000005
       14725000	      1373	800032ee	4399	c.li	x7,6	  x7=0x00000006
       14735000	      1374	800032f0	06790b63	beq	x18,x7,80003366	 x18:0x0000000d  x7:0x00000006
       14745000	      1375	800032f4	439d	c.li	x7,7	  x7=0x00000007
       14755000	      1376	800032f6	06790d63	beq	x18,x7,80003370	 x18:0x0000000d  x7:0x00000007
       14765000	      1377	800032fa	43a1	c.li	x7,8	  x7=0x00000008
       14775000	      1378	800032fc	06790f63	beq	x18,x7,8000337a	 x18:0x0000000d  x7:0x00000008
       14785000	      1379	80003300	43a5	c.li	x7,9	  x7=0x00000009
       14795000	      1380	80003302	08790163	beq	x18,x7,80003384	 x18:0x0000000d  x7:0x00000009
       14805000	      1381	80003306	43a9	c.li	x7,10	  x7=0x0000000a
       14815000	      1382	80003308	08790363	beq	x18,x7,8000338e	 x18:0x0000000d  x7:0x0000000a
       14825000	      1383	8000330c	43ad	c.li	x7,11	  x7=0x0000000b
       14835000	      1384	8000330e	08790563	beq	x18,x7,80003398	 x18:0x0000000d  x7:0x0000000b
       14845000	      1385	80003312	43b1	c.li	x7,12	  x7=0x0000000c
       14855000	      1386	80003314	08790763	beq	x18,x7,800033a2	 x18:0x0000000d  x7:0x0000000c
       14865000	      1387	80003318	43b5	c.li	x7,13	  x7=0x0000000d
       14875000	      1388	8000331a	08790963	beq	x18,x7,800033ac	 x18:0x0000000d  x7:0x0000000d
       14895000	      1390	800033ac	3bd02df3	csrrs	x27,pmpaddr13,x0	  x0:0x00000000 x27=0x20008a34
       14905000	      1391	800033b0	3a302873	csrrs	x16,pmpcfg3,x0	  x0:0x00000000 x16=0x0f0f0f0f
       14915000	      1392	800033b4	a819	c.j	800033ca	
       14935000	      1394	800033ca	4511	c.li	x10,4	 x10=0x00000004
       14945000	      1395	800033cc	01eb9913	slli	x18,x23,0x1e	 x23:0x0000000d x18=0x40000000
       14955000	      1396	800033d0	01e95913	srli	x18,x18,0x1e	 x18:0x40000000 x18=0x00000001
       14965000	      1397	800033d4	412503b3	sub	x7,x10,x18	 x10:0x00000004 x18:0x00000001  x7=0x00000003
       14975000	      1398	800033d8	13fd	c.addi	x7,-1	  x7:0x00000003  x7=0x00000002
       14985000	      1399	800033da	038e	c.slli	x7,0x3	  x7:0x00000002  x7=0x00000010
       14995000	      1400	800033dc	00781533	sll	x10,x16,x7	 x16:0x0f0f0f0f  x7:0x00000010 x10=0x0f0f0000
       15005000	      1401	800033e0	090e	c.slli	x18,0x3	 x18:0x00000001 x18=0x00000008
       15015000	      1402	800033e2	93ca	c.add	x7,x18	  x7:0x00000010 x18:0x00000008  x7=0x00000018
       15025000	      1403	800033e4	00755533	srl	x10,x10,x7	 x10:0x0f0f0000  x7:0x00000018 x10=0x0000000f
       15035000	      1404	800033e8	01b51393	slli	x7,x10,0x1b	 x10:0x0000000f  x7=0x78000000
       15045000	      1405	800033ec	01e3d393	srli	x7,x7,0x1e	  x7:0x78000000  x7=0x00000001
       15055000	      1406	800033f0	04038563	beq	x7,x0,8000343a	  x7:0x00000001  x0:0x00000000
       15065000	      1407	800033f4	4905	c.li	x18,1	 x18=0x00000001
       15075000	      1408	800033f6	05238363	beq	x7,x18,8000343c	  x7:0x00000001 x18:0x00000001
       15095000	      1410	8000343c	895e	c.mv	x18,x23	  x0:0x00000000 x23:0x0000000d x18=0x0000000d
       15105000	      1411	8000343e	343023f3	csrrs	x7,mtval,x0	  x0:0x00000000  x7=0x8ffffffc
       15115000	      1412	80003442	0023d393	srli	x7,x7,0x2	  x7:0x8ffffffc  x7=0x23ffffff
       15125000	      1413	80003446	00091563	bne	x18,x0,80003450	 x18:0x0000000d  x0:0x00000000
       15145000	      1415	80003450	fce3e1e3	bltu	x7,x14,80003412	  x7:0x23ffffff x14:0x2000809b
       15155000	      1416	80003454	fbb3ffe3	bgeu	x7,x27,80003412	  x7:0x23ffffff x27:0x20008a34
       15175000	      1418	80003412	895e	c.mv	x18,x23	  x0:0x00000000 x23:0x0000000d x18=0x0000000d
       15185000	      1419	80003414	876e	c.mv	x14,x27	  x0:0x00000000 x27:0x20008a34 x14=0x20008a34
       15195000	      1420	80003416	0905	c.addi	x18,1	 x18:0x0000000d x18=0x0000000e
       15205000	      1421	80003418	8bca	c.mv	x23,x18	  x0:0x00000000 x18:0x0000000e x23=0x0000000e
       15215000	      1422	8000341a	4dc1	c.li	x27,16	 x27=0x00000010
       15225000	      1423	8000341c	01b95363	bge	x18,x27,80003422	 x18:0x0000000e x27:0x00000010
       15235000	      1424	80003420	b55d	c.j	800032c6	
       15255000	      1426	800032c6	895e	c.mv	x18,x23	  x0:0x00000000 x23:0x0000000e x18=0x0000000e
       15265000	      1427	800032c8	83ca	c.mv	x7,x18	  x0:0x00000000 x18:0x0000000e  x7=0x0000000e
       15275000	      1428	800032ca	4381	c.li	x7,0	  x7=0x00000000
       15285000	      1429	800032cc	04790f63	beq	x18,x7,8000332a	 x18:0x0000000e  x7:0x00000000
       15295000	      1430	800032d0	4385	c.li	x7,1	  x7=0x00000001
       15305000	      1431	800032d2	06790163	beq	x18,x7,80003334	 x18:0x0000000e  x7:0x00000001
       15315000	      1432	800032d6	4389	c.li	x7,2	  x7=0x00000002
       15325000	      1433	800032d8	06790363	beq	x18,x7,8000333e	 x18:0x0000000e  x7:0x00000002
       15335000	      1434	800032dc	438d	c.li	x7,3	  x7=0x00000003
       15345000	      1435	800032de	06790563	beq	x18,x7,80003348	 x18:0x0000000e  x7:0x00000003
       15355000	      1436	800032e2	4391	c.li	x7,4	  x7=0x00000004
       15365000	      1437	800032e4	06790763	beq	x18,x7,80003352	 x18:0x0000000e  x7:0x00000004
       15375000	      1438	800032e8	4395	c.li	x7,5	  x7=0x00000005
       15385000	      1439	800032ea	06790963	beq	x18,x7,8000335c	 x18:0x0000000e  x7:0x00000005
       15395000	      1440	800032ee	4399	c.li	x7,6	  x7=0x00000006
       15405000	      1441	800032f0	06790b63	beq	x18,x7,80003366	 x18:0x0000000e  x7:0x00000006
       15415000	      1442	800032f4	439d	c.li	x7,7	  x7=0x00000007
       15425000	      1443	800032f6	06790d63	beq	x18,x7,80003370	 x18:0x0000000e  x7:0x00000007
       15435000	      1444	800032fa	43a1	c.li	x7,8	  x7=0x00000008
       15445000	      1445	800032fc	06790f63	beq	x18,x7,8000337a	 x18:0x0000000e  x7:0x00000008
       15455000	      1446	80003300	43a5	c.li	x7,9	  x7=0x00000009
       15465000	      1447	80003302	08790163	beq	x18,x7,80003384	 x18:0x0000000e  x7:0x00000009
       15475000	      1448	80003306	43a9	c.li	x7,10	  x7=0x0000000a
       15485000	      1449	80003308	08790363	beq	x18,x7,8000338e	 x18:0x0000000e  x7:0x0000000a
       15495000	      1450	8000330c	43ad	c.li	x7,11	  x7=0x0000000b
       15505000	      1451	8000330e	08790563	beq	x18,x7,80003398	 x18:0x0000000e  x7:0x0000000b
       15515000	      1452	80003312	43b1	c.li	x7,12	  x7=0x0000000c
       15525000	      1453	80003314	08790763	beq	x18,x7,800033a2	 x18:0x0000000e  x7:0x0000000c
       15535000	      1454	80003318	43b5	c.li	x7,13	  x7=0x0000000d
       15545000	      1455	8000331a	08790963	beq	x18,x7,800033ac	 x18:0x0000000e  x7:0x0000000d
       15555000	      1456	8000331e	43b9	c.li	x7,14	  x7=0x0000000e
       15565000	      1457	80003320	08790b63	beq	x18,x7,800033b6	 x18:0x0000000e  x7:0x0000000e
       15595000	      1460	800033b6	3be02df3	csrrs	x27,pmpaddr14,x0	  x0:0x00000000 x27=0x200093ce
       15605000	      1461	800033ba	3a302873	csrrs	x16,pmpcfg3,x0	  x0:0x00000000 x16=0x0f0f0f0f
       15615000	      1462	800033be	a031	c.j	800033ca	
       15635000	      1464	800033ca	4511	c.li	x10,4	 x10=0x00000004
       15645000	      1465	800033cc	01eb9913	slli	x18,x23,0x1e	 x23:0x0000000e x18=0x80000000
       15655000	      1466	800033d0	01e95913	srli	x18,x18,0x1e	 x18:0x80000000 x18=0x00000002
       15665000	      1467	800033d4	412503b3	sub	x7,x10,x18	 x10:0x00000004 x18:0x00000002  x7=0x00000002
       15675000	      1468	800033d8	13fd	c.addi	x7,-1	  x7:0x00000002  x7=0x00000001
       15685000	      1469	800033da	038e	c.slli	x7,0x3	  x7:0x00000001  x7=0x00000008
       15695000	      1470	800033dc	00781533	sll	x10,x16,x7	 x16:0x0f0f0f0f  x7:0x00000008 x10=0x0f0f0f00
       15705000	      1471	800033e0	090e	c.slli	x18,0x3	 x18:0x00000002 x18=0x00000010
       15715000	      1472	800033e2	93ca	c.add	x7,x18	  x7:0x00000008 x18:0x00000010  x7=0x00000018
       15725000	      1473	800033e4	00755533	srl	x10,x10,x7	 x10:0x0f0f0f00  x7:0x00000018 x10=0x0000000f
       15735000	      1474	800033e8	01b51393	slli	x7,x10,0x1b	 x10:0x0000000f  x7=0x78000000
       15745000	      1475	800033ec	01e3d393	srli	x7,x7,0x1e	  x7:0x78000000  x7=0x00000001
       15755000	      1476	800033f0	04038563	beq	x7,x0,8000343a	  x7:0x00000001  x0:0x00000000
       15765000	      1477	800033f4	4905	c.li	x18,1	 x18=0x00000001
       15775000	      1478	800033f6	05238363	beq	x7,x18,8000343c	  x7:0x00000001 x18:0x00000001
       15795000	      1480	8000343c	895e	c.mv	x18,x23	  x0:0x00000000 x23:0x0000000e x18=0x0000000e
       15805000	      1481	8000343e	343023f3	csrrs	x7,mtval,x0	  x0:0x00000000  x7=0x8ffffffc
       15815000	      1482	80003442	0023d393	srli	x7,x7,0x2	  x7:0x8ffffffc  x7=0x23ffffff
       15825000	      1483	80003446	00091563	bne	x18,x0,80003450	 x18:0x0000000e  x0:0x00000000
       15845000	      1485	80003450	fce3e1e3	bltu	x7,x14,80003412	  x7:0x23ffffff x14:0x20008a34
       15855000	      1486	80003454	fbb3ffe3	bgeu	x7,x27,80003412	  x7:0x23ffffff x27:0x200093ce
       15875000	      1488	80003412	895e	c.mv	x18,x23	  x0:0x00000000 x23:0x0000000e x18=0x0000000e
       15885000	      1489	80003414	876e	c.mv	x14,x27	  x0:0x00000000 x27:0x200093ce x14=0x200093ce
       15895000	      1490	80003416	0905	c.addi	x18,1	 x18:0x0000000e x18=0x0000000f
       15905000	      1491	80003418	8bca	c.mv	x23,x18	  x0:0x00000000 x18:0x0000000f x23=0x0000000f
       15915000	      1492	8000341a	4dc1	c.li	x27,16	 x27=0x00000010
       15925000	      1493	8000341c	01b95363	bge	x18,x27,80003422	 x18:0x0000000f x27:0x00000010
       15935000	      1494	80003420	b55d	c.j	800032c6	
       15955000	      1496	800032c6	895e	c.mv	x18,x23	  x0:0x00000000 x23:0x0000000f x18=0x0000000f
       15965000	      1497	800032c8	83ca	c.mv	x7,x18	  x0:0x00000000 x18:0x0000000f  x7=0x0000000f
       15975000	      1498	800032ca	4381	c.li	x7,0	  x7=0x00000000
       15985000	      1499	800032cc	04790f63	beq	x18,x7,8000332a	 x18:0x0000000f  x7:0x00000000
       15995000	      1500	800032d0	4385	c.li	x7,1	  x7=0x00000001
       16005000	      1501	800032d2	06790163	beq	x18,x7,80003334	 x18:0x0000000f  x7:0x00000001
       16015000	      1502	800032d6	4389	c.li	x7,2	  x7=0x00000002
       16025000	      1503	800032d8	06790363	beq	x18,x7,8000333e	 x18:0x0000000f  x7:0x00000002
       16035000	      1504	800032dc	438d	c.li	x7,3	  x7=0x00000003
       16045000	      1505	800032de	06790563	beq	x18,x7,80003348	 x18:0x0000000f  x7:0x00000003
       16055000	      1506	800032e2	4391	c.li	x7,4	  x7=0x00000004
       16065000	      1507	800032e4	06790763	beq	x18,x7,80003352	 x18:0x0000000f  x7:0x00000004
       16075000	      1508	800032e8	4395	c.li	x7,5	  x7=0x00000005
       16085000	      1509	800032ea	06790963	beq	x18,x7,8000335c	 x18:0x0000000f  x7:0x00000005
       16095000	      1510	800032ee	4399	c.li	x7,6	  x7=0x00000006
       16105000	      1511	800032f0	06790b63	beq	x18,x7,80003366	 x18:0x0000000f  x7:0x00000006
       16115000	      1512	800032f4	439d	c.li	x7,7	  x7=0x00000007
       16125000	      1513	800032f6	06790d63	beq	x18,x7,80003370	 x18:0x0000000f  x7:0x00000007
       16135000	      1514	800032fa	43a1	c.li	x7,8	  x7=0x00000008
       16145000	      1515	800032fc	06790f63	beq	x18,x7,8000337a	 x18:0x0000000f  x7:0x00000008
       16155000	      1516	80003300	43a5	c.li	x7,9	  x7=0x00000009
       16165000	      1517	80003302	08790163	beq	x18,x7,80003384	 x18:0x0000000f  x7:0x00000009
       16175000	      1518	80003306	43a9	c.li	x7,10	  x7=0x0000000a
       16185000	      1519	80003308	08790363	beq	x18,x7,8000338e	 x18:0x0000000f  x7:0x0000000a
       16195000	      1520	8000330c	43ad	c.li	x7,11	  x7=0x0000000b
       16205000	      1521	8000330e	08790563	beq	x18,x7,80003398	 x18:0x0000000f  x7:0x0000000b
       16215000	      1522	80003312	43b1	c.li	x7,12	  x7=0x0000000c
       16225000	      1523	80003314	08790763	beq	x18,x7,800033a2	 x18:0x0000000f  x7:0x0000000c
       16235000	      1524	80003318	43b5	c.li	x7,13	  x7=0x0000000d
       16245000	      1525	8000331a	08790963	beq	x18,x7,800033ac	 x18:0x0000000f  x7:0x0000000d
       16255000	      1526	8000331e	43b9	c.li	x7,14	  x7=0x0000000e
       16265000	      1527	80003320	08790b63	beq	x18,x7,800033b6	 x18:0x0000000f  x7:0x0000000e
       16275000	      1528	80003324	43bd	c.li	x7,15	  x7=0x0000000f
       16285000	      1529	80003326	08790d63	beq	x18,x7,800033c0	 x18:0x0000000f  x7:0x0000000f
       16305000	      1531	800033c0	3bf02df3	csrrs	x27,pmpaddr15,x0	  x0:0x00000000 x27=0x20009d67
       16315000	      1532	800033c4	3a302873	csrrs	x16,pmpcfg3,x0	  x0:0x00000000 x16=0x0f0f0f0f
       16325000	      1533	800033c8	a009	c.j	800033ca	
       16345000	      1535	800033ca	4511	c.li	x10,4	 x10=0x00000004
       16355000	      1536	800033cc	01eb9913	slli	x18,x23,0x1e	 x23:0x0000000f x18=0xc0000000
       16365000	      1537	800033d0	01e95913	srli	x18,x18,0x1e	 x18:0xc0000000 x18=0x00000003
       16375000	      1538	800033d4	412503b3	sub	x7,x10,x18	 x10:0x00000004 x18:0x00000003  x7=0x00000001
       16385000	      1539	800033d8	13fd	c.addi	x7,-1	  x7:0x00000001  x7=0x00000000
       16395000	      1540	800033da	038e	c.slli	x7,0x3	  x7:0x00000000  x7=0x00000000
       16405000	      1541	800033dc	00781533	sll	x10,x16,x7	 x16:0x0f0f0f0f  x7:0x00000000 x10=0x0f0f0f0f
       16415000	      1542	800033e0	090e	c.slli	x18,0x3	 x18:0x00000003 x18=0x00000018
       16425000	      1543	800033e2	93ca	c.add	x7,x18	  x7:0x00000000 x18:0x00000018  x7=0x00000018
       16435000	      1544	800033e4	00755533	srl	x10,x10,x7	 x10:0x0f0f0f0f  x7:0x00000018 x10=0x0000000f
       16445000	      1545	800033e8	01b51393	slli	x7,x10,0x1b	 x10:0x0000000f  x7=0x78000000
       16455000	      1546	800033ec	01e3d393	srli	x7,x7,0x1e	  x7:0x78000000  x7=0x00000001
       16465000	      1547	800033f0	04038563	beq	x7,x0,8000343a	  x7:0x00000001  x0:0x00000000
       16475000	      1548	800033f4	4905	c.li	x18,1	 x18=0x00000001
       16485000	      1549	800033f6	05238363	beq	x7,x18,8000343c	  x7:0x00000001 x18:0x00000001
       16505000	      1551	8000343c	895e	c.mv	x18,x23	  x0:0x00000000 x23:0x0000000f x18=0x0000000f
       16515000	      1552	8000343e	343023f3	csrrs	x7,mtval,x0	  x0:0x00000000  x7=0x8ffffffc
       16525000	      1553	80003442	0023d393	srli	x7,x7,0x2	  x7:0x8ffffffc  x7=0x23ffffff
       16535000	      1554	80003446	00091563	bne	x18,x0,80003450	 x18:0x0000000f  x0:0x00000000
       16555000	      1556	80003450	fce3e1e3	bltu	x7,x14,80003412	  x7:0x23ffffff x14:0x200093ce
       16565000	      1557	80003454	fbb3ffe3	bgeu	x7,x27,80003412	  x7:0x23ffffff x27:0x20009d67
       16585000	      1559	80003412	895e	c.mv	x18,x23	  x0:0x00000000 x23:0x0000000f x18=0x0000000f
       16595000	      1560	80003414	876e	c.mv	x14,x27	  x0:0x00000000 x27:0x20009d67 x14=0x20009d67
       16605000	      1561	80003416	0905	c.addi	x18,1	 x18:0x0000000f x18=0x00000010
       16615000	      1562	80003418	8bca	c.mv	x23,x18	  x0:0x00000000 x18:0x00000010 x23=0x00000010
       16625000	      1563	8000341a	4dc1	c.li	x27,16	 x27=0x00000010
       16635000	      1564	8000341c	01b95363	bge	x18,x27,80003422	 x18:0x00000010 x27:0x00000010
       16665000	      1567	80003422	74702973	csrrs	x18,0x747,x0	  x0:0x00000000 x18=0x00000000
       16675000	      1568	80003426	00297913	andi	x18,x18,2	 x18:0x00000000 x18=0x00000000
       16685000	      1569	8000342a	08091163	bne	x18,x0,800034ac	 x18:0x00000000  x0:0x00000000
       16695000	      1570	8000342e	ffffd917	auipc	x18,0xffffd	 x18=0x8000042e
       16705000	      1571	80003432	1dc90913	addi	x18,x18,476	 x18:0x8000042e x18=0x8000060a
       16715000	      1572	80003436	00090067	jalr	x0,0(x18)	 x18:0x8000060a  x0=0x00000000
       16745000	      1575	8000060a	90000db7	lui	x27,0x90000	 x27=0x90000000
       16755000	      1576	8000060e	1de1	c.addi	x27,-8	 x27:0x90000000 x27=0x8ffffff8
       16765000	      1577	80000610	4901	c.li	x18,0	 x18=0x00000000
       16775000	      1578	80000612	0922	c.slli	x18,0x8	 x18:0x00000000 x18=0x00000000
       16785000	      1579	80000614	0905	c.addi	x18,1	 x18:0x00000000 x18=0x00000001
       16795000	      1580	80000616	012da023	sw	x18,0(x27)	 x27:0x8ffffff8 x18:0x00000001 PA:0x8ffffff8 store:0x00000001 load:0x00000000
       16805000	      1581	8000061a	00000073	ecall	
       16835000	      1584	80002800	0800006f	jal	x0,80002880	  x0=0x00000000
       16855000	      1586	80002880	16f1	c.addi	x13,-4	 x13:0x8002cc60 x13=0x8002cc5c
       16865000	      1587	80002882	c28c	c.sw	x11,0(x13)	 x13:0x8002cc5c x11:0x8002cc60 PA:0x8002cc5c store:0x8002cc60 load:0x00000000
