Time	Cycle	PC	Insn	Decoded instruction	Register and memory contents
        2197000	         8	80000080	40001937	lui	x18,0x40001	 x18=0x40001000
        2217000	         9	80000084	10690913	addi	x18,x18,262	 x18:0x40001000 x18=0x40001106
        2237000	        10	80000088	30191073	csrrw	x0,misa,x18	 x18:0x40001106  x0=0x00000000
        2297000	        13	8000008c	0002d697	auipc	x13,0x2d	 x13=0x8002d08c
        2317000	        14	80000090	c5868693	addi	x13,x13,-936	 x13:0x8002d08c x13=0x8002cce4
        2417000	        19	80000094	00002917	auipc	x18,0x2	 x18=0x80002094
        2837000	        40	80000098	76c90913	addi	x18,x18,1900	 x18:0x80002094 x18=0x80002800
        2857000	        41	8000009c	00196913	ori	x18,x18,1	 x18:0x80002800 x18=0x80002801
        2877000	        42	800000a0	30591073	csrrw	x0,mtvec,x18	 x18:0x80002801  x0=0x00000000
        2937000	        45	800000a4	74725073	csrrwi	x0,0x747,4	  x0=0x00000000
        3017000	        49	800000a8	00003397	auipc	x7,0x3	  x7=0x800030a8
        3037000	        50	800000ac	4fc38393	addi	x7,x7,1276	  x7:0x800030a8  x7=0x800035a4
        3197000	        58	800000b0	4901	c.li	x18,0	 x18=0x00000000
        3217000	        59	800000b2	93ca	c.add	x7,x18	  x7:0x800035a4 x18:0x00000000  x7=0x800035a4
        3237000	        60	800000b4	0023d393	srli	x7,x7,0x2	  x7:0x800035a4  x7=0x20000d69
        3257000	        61	800000b8	3b039073	csrrw	x0,pmpaddr0,x7	  x7:0x20000d69  x0=0x00000000
        3317000	        64	800000bc	00003397	auipc	x7,0x3	  x7=0x800030bc
        3377000	        67	800000c0	4e838393	addi	x7,x7,1256	  x7:0x800030bc  x7=0x800035a4
        3397000	        68	800000c4	6909	c.lui	x18,0x2	 x18=0x00002000
        3497000	        73	800000c6	66690913	addi	x18,x18,1638	 x18:0x00002000 x18=0x00002666
        3517000	        74	800000ca	93ca	c.add	x7,x18	  x7:0x800035a4 x18:0x00002666  x7=0x80005c0a
        3557000	        76	800000cc	0023d393	srli	x7,x7,0x2	  x7:0x80005c0a  x7=0x20001702
        3577000	        77	800000d0	3b139073	csrrw	x0,pmpaddr1,x7	  x7:0x20001702  x0=0x00000000
        3997000	        98	800000d4	00003397	auipc	x7,0x3	  x7=0x800030d4
        4017000	        99	800000d8	4d038393	addi	x7,x7,1232	  x7:0x800030d4  x7=0x800035a4
        4037000	       100	800000dc	6915	c.lui	x18,0x5	 x18=0x00005000
        4377000	       117	800000de	ccc90913	addi	x18,x18,-820	 x18:0x00005000 x18=0x00004ccc
        4397000	       118	800000e2	93ca	c.add	x7,x18	  x7:0x800035a4 x18:0x00004ccc  x7=0x80008270
        4417000	       119	800000e4	0023d393	srli	x7,x7,0x2	  x7:0x80008270  x7=0x2000209c
        4817000	       139	800000e8	3b239073	csrrw	x0,pmpaddr2,x7	  x7:0x2000209c  x0=0x00000000
        5237000	       160	800000ec	00003397	auipc	x7,0x3	  x7=0x800030ec
        5657000	       181	800000f0	4b838393	addi	x7,x7,1208	  x7:0x800030ec  x7=0x800035a4
        5837000	       190	800000f4	691d	c.lui	x18,0x7	 x18=0x00007000
        5977000	       197	800000f6	33290913	addi	x18,x18,818	 x18:0x00007000 x18=0x00007332
        5997000	       198	800000fa	93ca	c.add	x7,x18	  x7:0x800035a4 x18:0x00007332  x7=0x8000a8d6
        6137000	       205	800000fc	0023d393	srli	x7,x7,0x2	  x7:0x8000a8d6  x7=0x20002a35
        6257000	       211	80000100	3b339073	csrrw	x0,pmpaddr3,x7	  x7:0x20002a35  x0=0x00000000
        6677000	       232	80000104	0f0f13b7	lui	x7,0xf0f1	  x7=0x0f0f1000
        6697000	       233	80000108	f0f38393	addi	x7,x7,-241	  x7:0x0f0f1000  x7=0x0f0f0f0f
        7117000	       254	8000010c	3a039073	csrrw	x0,pmpcfg0,x7	  x7:0x0f0f0f0f  x0=0x00000000
        7497000	       273	80000110	00003397	auipc	x7,0x3	  x7=0x80003110
        7837000	       290	80000114	49438393	addi	x7,x7,1172	  x7:0x80003110  x7=0x800035a4
        7857000	       291	80000118	6929	c.lui	x18,0xa	 x18=0x0000a000
        7877000	       292	8000011a	99890913	addi	x18,x18,-1640	 x18:0x0000a000 x18=0x00009998
        7897000	       293	8000011e	93ca	c.add	x7,x18	  x7:0x800035a4 x18:0x00009998  x7=0x8000cf3c
        8037000	       300	80000120	0023d393	srli	x7,x7,0x2	  x7:0x8000cf3c  x7=0x200033cf
        8217000	       309	80000124	3b439073	csrrw	x0,pmpaddr4,x7	  x7:0x200033cf  x0=0x00000000
        8277000	       312	80000128	00003397	auipc	x7,0x3	  x7=0x80003128
        8537000	       325	8000012c	47c38393	addi	x7,x7,1148	  x7:0x80003128  x7=0x800035a4
        8577000	       327	80000130	6931	c.lui	x18,0xc	 x18=0x0000c000
        8597000	       328	80000132	1979	c.addi	x18,-2	 x18:0x0000c000 x18=0x0000bffe
        8617000	       329	80000134	93ca	c.add	x7,x18	  x7:0x800035a4 x18:0x0000bffe  x7=0x8000f5a2
        8637000	       330	80000136	0023d393	srli	x7,x7,0x2	  x7:0x8000f5a2  x7=0x20003d68
        8657000	       331	8000013a	3b539073	csrrw	x0,pmpaddr5,x7	  x7:0x20003d68  x0=0x00000000
        8877000	       342	8000013e	00003397	auipc	x7,0x3	  x7=0x8000313e
        8897000	       343	80000142	46638393	addi	x7,x7,1126	  x7:0x8000313e  x7=0x800035a4
        8917000	       344	80000146	6939	c.lui	x18,0xe	 x18=0x0000e000
        8937000	       345	80000148	66490913	addi	x18,x18,1636	 x18:0x0000e000 x18=0x0000e664
        8957000	       346	8000014c	93ca	c.add	x7,x18	  x7:0x800035a4 x18:0x0000e664  x7=0x80011c08
        9377000	       367	8000014e	0023d393	srli	x7,x7,0x2	  x7:0x80011c08  x7=0x20004702
        9397000	       368	80000152	3b639073	csrrw	x0,pmpaddr6,x7	  x7:0x20004702  x0=0x00000000
        9457000	       371	80000156	00003397	auipc	x7,0x3	  x7=0x80003156
        9477000	       372	8000015a	44e38393	addi	x7,x7,1102	  x7:0x80003156  x7=0x800035a4
        9497000	       373	8000015e	6945	c.lui	x18,0x11	 x18=0x00011000
        9517000	       374	80000160	cca90913	addi	x18,x18,-822	 x18:0x00011000 x18=0x00010cca
        9597000	       378	80000164	93ca	c.add	x7,x18	  x7:0x800035a4 x18:0x00010cca  x7=0x8001426e
        9617000	       379	80000166	0023d393	srli	x7,x7,0x2	  x7:0x8001426e  x7=0x2000509b
        9637000	       380	8000016a	3b739073	csrrw	x0,pmpaddr7,x7	  x7:0x2000509b  x0=0x00000000
        9797000	       388	8000016e	0f0f13b7	lui	x7,0xf0f1	  x7=0x0f0f1000
        9977000	       397	80000172	f0f38393	addi	x7,x7,-241	  x7:0x0f0f1000  x7=0x0f0f0f0f
        9997000	       398	80000176	3a139073	csrrw	x0,pmpcfg1,x7	  x7:0x0f0f0f0f  x0=0x00000000
       10057000	       401	8000017a	00003397	auipc	x7,0x3	  x7=0x8000317a
       10137000	       405	8000017e	42a38393	addi	x7,x7,1066	  x7:0x8000317a  x7=0x800035a4
       10157000	       406	80000182	694d	c.lui	x18,0x13	 x18=0x00013000
       10557000	       426	80000184	33090913	addi	x18,x18,816	 x18:0x00013000 x18=0x00013330
       10617000	       429	80000188	93ca	c.add	x7,x18	  x7:0x800035a4 x18:0x00013330  x7=0x800168d4
       10637000	       430	8000018a	0023d393	srli	x7,x7,0x2	  x7:0x800168d4  x7=0x20005a35
       10657000	       431	8000018e	3b839073	csrrw	x0,pmpaddr8,x7	  x7:0x20005a35  x0=0x00000000
       10717000	       434	80000192	00003397	auipc	x7,0x3	  x7=0x80003192
       10877000	       442	80000196	41238393	addi	x7,x7,1042	  x7:0x80003192  x7=0x800035a4
       10897000	       443	8000019a	6959	c.lui	x18,0x16	 x18=0x00016000
       11237000	       460	8000019c	99690913	addi	x18,x18,-1642	 x18:0x00016000 x18=0x00015996
       11337000	       465	800001a0	93ca	c.add	x7,x18	  x7:0x800035a4 x18:0x00015996  x7=0x80018f3a
       11657000	       481	800001a2	0023d393	srli	x7,x7,0x2	  x7:0x80018f3a  x7=0x200063ce
       11937000	       495	800001a6	3b939073	csrrw	x0,pmpaddr9,x7	  x7:0x200063ce  x0=0x00000000
       12117000	       504	800001aa	00003397	auipc	x7,0x3	  x7=0x800031aa
       12157000	       506	800001ae	3fa38393	addi	x7,x7,1018	  x7:0x800031aa  x7=0x800035a4
       12177000	       507	800001b2	6961	c.lui	x18,0x18	 x18=0x00018000
       12197000	       508	800001b4	1971	c.addi	x18,-4	 x18:0x00018000 x18=0x00017ffc
       12217000	       509	800001b6	93ca	c.add	x7,x18	  x7:0x800035a4 x18:0x00017ffc  x7=0x8001b5a0
       12597000	       528	800001b8	0023d393	srli	x7,x7,0x2	  x7:0x8001b5a0  x7=0x20006d68
       12617000	       529	800001bc	3ba39073	csrrw	x0,pmpaddr10,x7	  x7:0x20006d68  x0=0x00000000
       12677000	       532	800001c0	00003397	auipc	x7,0x3	  x7=0x800031c0
       12697000	       533	800001c4	3e438393	addi	x7,x7,996	  x7:0x800031c0  x7=0x800035a4
       12717000	       534	800001c8	6969	c.lui	x18,0x1a	 x18=0x0001a000
       12737000	       535	800001ca	66290913	addi	x18,x18,1634	 x18:0x0001a000 x18=0x0001a662
       12757000	       536	800001ce	93ca	c.add	x7,x18	  x7:0x800035a4 x18:0x0001a662  x7=0x8001dc06
       12777000	       537	800001d0	0023d393	srli	x7,x7,0x2	  x7:0x8001dc06  x7=0x20007701
       12897000	       543	800001d4	3bb39073	csrrw	x0,pmpaddr11,x7	  x7:0x20007701  x0=0x00000000
       12957000	       546	800001d8	0f0f13b7	lui	x7,0xf0f1	  x7=0x0f0f1000
       12977000	       547	800001dc	f0f38393	addi	x7,x7,-241	  x7:0x0f0f1000  x7=0x0f0f0f0f
       13137000	       555	800001e0	3a239073	csrrw	x0,pmpcfg2,x7	  x7:0x0f0f0f0f  x0=0x00000000
       13197000	       558	800001e4	00003397	auipc	x7,0x3	  x7=0x800031e4
       13217000	       559	800001e8	3c038393	addi	x7,x7,960	  x7:0x800031e4  x7=0x800035a4
       13237000	       560	800001ec	6975	c.lui	x18,0x1d	 x18=0x0001d000
       13297000	       563	800001ee	cc890913	addi	x18,x18,-824	 x18:0x0001d000 x18=0x0001ccc8
       13317000	       564	800001f2	93ca	c.add	x7,x18	  x7:0x800035a4 x18:0x0001ccc8  x7=0x8002026c
       13397000	       568	800001f4	0023d393	srli	x7,x7,0x2	  x7:0x8002026c  x7=0x2000809b
       13817000	       589	800001f8	3bc39073	csrrw	x0,pmpaddr12,x7	  x7:0x2000809b  x0=0x00000000
       13877000	       592	800001fc	00003397	auipc	x7,0x3	  x7=0x800031fc
       14257000	       611	80000200	3a838393	addi	x7,x7,936	  x7:0x800031fc  x7=0x800035a4
       14337000	       615	80000204	697d	c.lui	x18,0x1f	 x18=0x0001f000
       14497000	       623	80000206	32e90913	addi	x18,x18,814	 x18:0x0001f000 x18=0x0001f32e
       14517000	       624	8000020a	93ca	c.add	x7,x18	  x7:0x800035a4 x18:0x0001f32e  x7=0x800228d2
       14557000	       626	8000020c	0023d393	srli	x7,x7,0x2	  x7:0x800228d2  x7=0x20008a34
       14977000	       647	80000210	3bd39073	csrrw	x0,pmpaddr13,x7	  x7:0x20008a34  x0=0x00000000
       15037000	       650	80000214	00003397	auipc	x7,0x3	  x7=0x80003214
       15417000	       669	80000218	39038393	addi	x7,x7,912	  x7:0x80003214  x7=0x800035a4
       15437000	       670	8000021c	00022937	lui	x18,0x22	 x18=0x00022000
       15457000	       671	80000220	99490913	addi	x18,x18,-1644	 x18:0x00022000 x18=0x00021994
       15877000	       692	80000224	93ca	c.add	x7,x18	  x7:0x800035a4 x18:0x00021994  x7=0x80024f38
       15897000	       693	80000226	0023d393	srli	x7,x7,0x2	  x7:0x80024f38  x7=0x200093ce
       15917000	       694	8000022a	3be39073	csrrw	x0,pmpaddr14,x7	  x7:0x200093ce  x0=0x00000000
       15977000	       697	8000022e	00003397	auipc	x7,0x3	  x7=0x8000322e
       15997000	       698	80000232	37638393	addi	x7,x7,886	  x7:0x8000322e  x7=0x800035a4
       16057000	       701	80000236	00024937	lui	x18,0x24	 x18=0x00024000
       16077000	       702	8000023a	1969	c.addi	x18,-6	 x18:0x00024000 x18=0x00023ffa
       16097000	       703	8000023c	93ca	c.add	x7,x18	  x7:0x800035a4 x18:0x00023ffa  x7=0x8002759e
       16497000	       723	8000023e	0023d393	srli	x7,x7,0x2	  x7:0x8002759e  x7=0x20009d67
       16517000	       724	80000242	3bf39073	csrrw	x0,pmpaddr15,x7	  x7:0x20009d67  x0=0x00000000
       16577000	       727	80000246	0f0f13b7	lui	x7,0xf0f1	  x7=0x0f0f1000
       16597000	       728	8000024a	f0f38393	addi	x7,x7,-241	  x7:0x0f0f1000  x7=0x0f0f0f0f
       16617000	       729	8000024e	3a339073	csrrw	x0,pmpcfg3,x7	  x7:0x0f0f0f0f  x0=0x00000000
       16957000	       746	80000252	74705073	csrrwi	x0,0x747,0	  x0=0x00000000
       17017000	       749	80000256	6f0fb3b7	lui	x7,0x6f0fb	  x7=0x6f0fb000
       17117000	       754	8000025a	dba38393	addi	x7,x7,-582	  x7:0x6f0fb000  x7=0x6f0fadba
       17177000	       757	8000025e	00003717	auipc	x14,0x3	 x14=0x8000325e
       17197000	       758	80000262	34670713	addi	x14,x14,838	 x14:0x8000325e x14=0x800035a4
       17217000	       759	80000266	93ba	c.add	x7,x14	  x7:0x6f0fadba x14:0x800035a4  x7=0xef0fe35e
       17477000	       772	80000268	3b0393f3	csrrw	x7,pmpaddr0,x7	  x7:0xef0fe35e  x7=0x20000d69
       17537000	       775	8000026c	3b0393f3	csrrw	x7,pmpaddr0,x7	  x7:0x20000d69  x7=0xef0fe35e
       17937000	       795	80000270	632853b7	lui	x7,0x63285	  x7=0x63285000
       17957000	       796	80000274	f0f38393	addi	x7,x7,-241	  x7:0x63285000  x7=0x63284f0f
       18377000	       817	80000278	3a0393f3	csrrw	x7,pmpcfg0,x7	  x7:0x63284f0f  x7=0x0f0f0f0f
       18437000	       820	8000027c	3a0393f3	csrrw	x7,pmpcfg0,x7	  x7:0x0f0f0f0f  x7=0x03080f0f
       18497000	       823	80000280	5caac3b7	lui	x7,0x5caac	  x7=0x5caac000
       18777000	       837	80000284	fa638393	addi	x7,x7,-90	  x7:0x5caac000  x7=0x5caabfa6
       18797000	       838	80000288	00003717	auipc	x14,0x3	 x14=0x80003288
       18817000	       839	8000028c	31c70713	addi	x14,x14,796	 x14:0x80003288 x14=0x800035a4
       18837000	       840	80000290	93ba	c.add	x7,x14	  x7:0x5caabfa6 x14:0x800035a4  x7=0xdcaaf54a
       18857000	       841	80000292	3b1393f3	csrrw	x7,pmpaddr1,x7	  x7:0xdcaaf54a  x7=0x20001702
       19377000	       867	80000296	3b1393f3	csrrw	x7,pmpaddr1,x7	  x7:0x20001702  x7=0xdcaaf54a
       19437000	       870	8000029a	3c3453b7	lui	x7,0x3c345	  x7=0x3c345000
       19457000	       871	8000029e	70f38393	addi	x7,x7,1807	  x7:0x3c345000  x7=0x3c34570f
       19597000	       878	800002a2	3a0393f3	csrrw	x7,pmpcfg0,x7	  x7:0x3c34570f  x7=0x0f0f0f0f
       19797000	       888	800002a6	3a0393f3	csrrw	x7,pmpcfg0,x7	  x7:0x0f0f0f0f  x7=0x1c14170f
       19857000	       891	800002aa	671e73b7	lui	x7,0x671e7	  x7=0x671e7000
       19877000	       892	800002ae	b4a38393	addi	x7,x7,-1206	  x7:0x671e7000  x7=0x671e6b4a
       19897000	       893	800002b2	00003717	auipc	x14,0x3	 x14=0x800032b2
       19917000	       894	800002b6	2f270713	addi	x14,x14,754	 x14:0x800032b2 x14=0x800035a4
       19937000	       895	800002ba	93ba	c.add	x7,x14	  x7:0x671e6b4a x14:0x800035a4  x7=0xe71ea0ee
       19957000	       896	800002bc	3b2393f3	csrrw	x7,pmpaddr2,x7	  x7:0xe71ea0ee  x7=0x2000209c
       20177000	       907	800002c0	3b2393f3	csrrw	x7,pmpaddr2,x7	  x7:0x2000209c  x7=0xe71ea0ee
       20417000	       919	800002c4	6f6b73b7	lui	x7,0x6f6b7	  x7=0x6f6b7000
       20497000	       923	800002c8	c0f38393	addi	x7,x7,-1009	  x7:0x6f6b7000  x7=0x6f6b6c0f
       20917000	       944	800002cc	3a0393f3	csrrw	x7,pmpcfg0,x7	  x7:0x6f6b6c0f  x7=0x0f0f0f0f
       21197000	       958	800002d0	3a0393f3	csrrw	x7,pmpcfg0,x7	  x7:0x0f0f0f0f  x7=0x0f0b0c0f
       21257000	       961	800002d4	266303b7	lui	x7,0x26630	  x7=0x26630000
       21517000	       974	800002d8	ceb38393	addi	x7,x7,-789	  x7:0x26630000  x7=0x2662fceb
       21537000	       975	800002dc	00003717	auipc	x14,0x3	 x14=0x800032dc
       21677000	       982	800002e0	2c870713	addi	x14,x14,712	 x14:0x800032dc x14=0x800035a4
       21697000	       983	800002e4	93ba	c.add	x7,x14	  x7:0x2662fceb x14:0x800035a4  x7=0xa663328f
       21717000	       984	800002e6	3b3393f3	csrrw	x7,pmpaddr3,x7	  x7:0xa663328f  x7=0x20002a35
       21777000	       987	800002ea	3b3393f3	csrrw	x7,pmpaddr3,x7	  x7:0x20002a35  x7=0xa663328f
       21837000	       990	800002ee	5c7783b7	lui	x7,0x5c778	  x7=0x5c778000
       22177000	      1007	800002f2	c0f38393	addi	x7,x7,-1009	  x7:0x5c778000  x7=0x5c777c0f
       22377000	      1017	800002f6	3a0393f3	csrrw	x7,pmpcfg0,x7	  x7:0x5c777c0f  x7=0x0f0f0f0f
       22517000	      1024	800002fa	3a0393f3	csrrw	x7,pmpcfg0,x7	  x7:0x0f0f0f0f  x7=0x1c171c0f
       22577000	      1027	800002fe	1fee13b7	lui	x7,0x1fee1	  x7=0x1fee1000
       22857000	      1041	80000302	14438393	addi	x7,x7,324	  x7:0x1fee1000  x7=0x1fee1144
       22877000	      1042	80000306	00003717	auipc	x14,0x3	 x14=0x80003306
       22897000	      1043	8000030a	29e70713	addi	x14,x14,670	 x14:0x80003306 x14=0x800035a4
       22917000	      1044	8000030e	93ba	c.add	x7,x14	  x7:0x1fee1144 x14:0x800035a4  x7=0x9fee46e8
       23037000	      1050	80000310	3b4393f3	csrrw	x7,pmpaddr4,x7	  x7:0x9fee46e8  x7=0x200033cf
       23097000	      1053	80000314	3b4393f3	csrrw	x7,pmpaddr4,x7	  x7:0x200033cf  x7=0x9fee46e8
       23157000	      1056	80000318	313063b7	lui	x7,0x31306	  x7=0x31306000
       23277000	      1062	8000031c	31c38393	addi	x7,x7,796	  x7:0x31306000  x7=0x3130631c
       23697000	      1083	80000320	3a1393f3	csrrw	x7,pmpcfg1,x7	  x7:0x3130631c  x7=0x0f0f0f0f
       23757000	      1086	80000324	3a1393f3	csrrw	x7,pmpcfg1,x7	  x7:0x0f0f0f0f  x7=0x1110031c
       23817000	      1089	80000328	44f1b3b7	lui	x7,0x44f1b	  x7=0x44f1b000
       23837000	      1090	8000032c	78f38393	addi	x7,x7,1935	  x7:0x44f1b000  x7=0x44f1b78f
       23917000	      1094	80000330	00003717	auipc	x14,0x3	 x14=0x80003330
       23937000	      1095	80000334	27470713	addi	x14,x14,628	 x14:0x80003330 x14=0x800035a4
       24317000	      1114	80000338	93ba	c.add	x7,x14	  x7:0x44f1b78f x14:0x800035a4  x7=0xc4f1ed33
       24337000	      1115	8000033a	3b5393f3	csrrw	x7,pmpaddr5,x7	  x7:0xc4f1ed33  x7=0x20003d68
       24477000	      1122	8000033e	3b5393f3	csrrw	x7,pmpaddr5,x7	  x7:0x20003d68  x7=0xc4f1ed33
       24537000	      1125	80000342	3f0433b7	lui	x7,0x3f043	  x7=0x3f043000
       24557000	      1126	80000346	c0f38393	addi	x7,x7,-1009	  x7:0x3f043000  x7=0x3f042c0f
       24577000	      1127	8000034a	3a1393f3	csrrw	x7,pmpcfg1,x7	  x7:0x3f042c0f  x7=0x0f0f0f0f
       24977000	      1147	8000034e	3a1393f3	csrrw	x7,pmpcfg1,x7	  x7:0x0f0f0f0f  x7=0x1f040c0f
       25397000	      1168	80000352	2a5193b7	lui	x7,0x2a519	  x7=0x2a519000
       25417000	      1169	80000356	24d38393	addi	x7,x7,589	  x7:0x2a519000  x7=0x2a51924d
       57077000	      2752	8000035a	00003717	auipc	x14,0x3	 x14=0x8000335a
       57097000	      2753	8000035e	24a70713	addi	x14,x14,586	 x14:0x8000335a x14=0x800035a4
       57117000	      2754	80000362	93ba	c.add	x7,x14	  x7:0x2a51924d x14:0x800035a4  x7=0xaa51c7f1
       57137000	      2755	80000364	3b6393f3	csrrw	x7,pmpaddr6,x7	  x7:0xaa51c7f1  x7=0x20004702
       57197000	      2758	80000368	3b6393f3	csrrw	x7,pmpaddr6,x7	  x7:0x20004702  x7=0xaa51c7f1
       57257000	      2761	8000036c	6b1d13b7	lui	x7,0x6b1d1	  x7=0x6b1d1000
       57277000	      2762	80000370	d6338393	addi	x7,x7,-669	  x7:0x6b1d1000  x7=0x6b1d0d63
       57617000	      2779	80000374	3a1393f3	csrrw	x7,pmpcfg1,x7	  x7:0x6b1d0d63  x7=0x0f0f0f0f
       57677000	      2782	80000378	3a1393f3	csrrw	x7,pmpcfg1,x7	  x7:0x0f0f0f0f  x7=0x0b1d0d03
       57737000	      2785	8000037c	7665c3b7	lui	x7,0x7665c	  x7=0x7665c000
       57817000	      2789	80000380	2da38393	addi	x7,x7,730	  x7:0x7665c000  x7=0x7665c2da
       57917000	      2794	80000384	00003717	auipc	x14,0x3	 x14=0x80003384
       57997000	      2798	80000388	22070713	addi	x14,x14,544	 x14:0x80003384 x14=0x800035a4
       58057000	      2801	8000038c	93ba	c.add	x7,x14	  x7:0x7665c2da x14:0x800035a4  x7=0xf665f87e
       58077000	      2802	8000038e	3b7393f3	csrrw	x7,pmpaddr7,x7	  x7:0xf665f87e  x7=0x2000509b
       58137000	      2805	80000392	3b7393f3	csrrw	x7,pmpaddr7,x7	  x7:0x2000509b  x7=0xf665f87e
       58317000	      2814	80000396	0d1063b7	lui	x7,0xd106	  x7=0x0d106000
       58337000	      2815	8000039a	f5438393	addi	x7,x7,-172	  x7:0x0d106000  x7=0x0d105f54
       58357000	      2816	8000039e	3a1393f3	csrrw	x7,pmpcfg1,x7	  x7:0x0d105f54  x7=0x0f0f0f0f
       58417000	      2819	800003a2	3a1393f3	csrrw	x7,pmpcfg1,x7	  x7:0x0f0f0f0f  x7=0x0d101f14
       58477000	      2822	800003a6	407333b7	lui	x7,0x40733	  x7=0x40733000
       58497000	      2823	800003aa	bb338393	addi	x7,x7,-1101	  x7:0x40733000  x7=0x40732bb3
       58857000	      2841	800003ae	00003717	auipc	x14,0x3	 x14=0x800033ae
       59277000	      2862	800003b2	1f670713	addi	x14,x14,502	 x14:0x800033ae x14=0x800035a4
       59297000	      2863	800003b6	93ba	c.add	x7,x14	  x7:0x40732bb3 x14:0x800035a4  x7=0xc0736157
       59317000	      2864	800003b8	3b8393f3	csrrw	x7,pmpaddr8,x7	  x7:0xc0736157  x7=0x20005a35
       59717000	      2884	800003bc	3b8393f3	csrrw	x7,pmpaddr8,x7	  x7:0x20005a35  x7=0xc0736157
       59777000	      2887	800003c0	645d63b7	lui	x7,0x645d6	  x7=0x645d6000
       59797000	      2888	800003c4	f2f38393	addi	x7,x7,-209	  x7:0x645d6000  x7=0x645d5f2f
       59817000	      2889	800003c8	3a2393f3	csrrw	x7,pmpcfg2,x7	  x7:0x645d5f2f  x7=0x0f0f0f0f
       59877000	      2892	800003cc	3a2393f3	csrrw	x7,pmpcfg2,x7	  x7:0x0f0f0f0f  x7=0x041d1f0f
       60117000	      2904	800003d0	5de953b7	lui	x7,0x5de95	  x7=0x5de95000
       60137000	      2905	800003d4	58338393	addi	x7,x7,1411	  x7:0x5de95000  x7=0x5de95583
       60437000	      2920	800003d8	00003717	auipc	x14,0x3	 x14=0x800033d8
       60537000	      2925	800003dc	1cc70713	addi	x14,x14,460	 x14:0x800033d8 x14=0x800035a4
       60557000	      2926	800003e0	93ba	c.add	x7,x14	  x7:0x5de95583 x14:0x800035a4  x7=0xdde98b27
       60757000	      2936	800003e2	3b9393f3	csrrw	x7,pmpaddr9,x7	  x7:0xdde98b27  x7=0x200063ce
       61017000	      2949	800003e6	3b9393f3	csrrw	x7,pmpaddr9,x7	  x7:0x200063ce  x7=0xdde98b27
       61197000	      2958	800003ea	3d1913b7	lui	x7,0x3d191	  x7=0x3d191000
       61217000	      2959	800003ee	03d1	c.addi	x7,20	  x7:0x3d191000  x7=0x3d191014
       61237000	      2960	800003f0	3a2393f3	csrrw	x7,pmpcfg2,x7	  x7:0x3d191014  x7=0x0f0f0f0f
       61317000	      2964	800003f4	3a2393f3	csrrw	x7,pmpcfg2,x7	  x7:0x0f0f0f0f  x7=0x1d191014
       61377000	      2967	800003f8	595d03b7	lui	x7,0x595d0	  x7=0x595d0000
       61497000	      2973	800003fc	2f138393	addi	x7,x7,753	  x7:0x595d0000  x7=0x595d02f1
       61757000	      2986	80000400	00003717	auipc	x14,0x3	 x14=0x80003400
       61917000	      2994	80000404	1a470713	addi	x14,x14,420	 x14:0x80003400 x14=0x800035a4
       62077000	      3002	80000408	93ba	c.add	x7,x14	  x7:0x595d02f1 x14:0x800035a4  x7=0xd95d3895
       62097000	      3003	8000040a	3ba393f3	csrrw	x7,pmpaddr10,x7	  x7:0xd95d3895  x7=0x20006d68
       62517000	      3024	8000040e	3ba393f3	csrrw	x7,pmpaddr10,x7	  x7:0x20006d68  x7=0xd95d3895
       62577000	      3027	80000412	0d6143b7	lui	x7,0xd614	  x7=0x0d614000
       62737000	      3035	80000416	82f38393	addi	x7,x7,-2001	  x7:0x0d614000  x7=0x0d61382f
       63077000	      3052	8000041a	3a2393f3	csrrw	x7,pmpcfg2,x7	  x7:0x0d61382f  x7=0x0f0f0f0f
       63137000	      3055	8000041e	3a2393f3	csrrw	x7,pmpcfg2,x7	  x7:0x0f0f0f0f  x7=0x0d01180f
       63197000	      3058	80000422	0f4543b7	lui	x7,0xf454	  x7=0x0f454000
       63457000	      3071	80000426	f2b38393	addi	x7,x7,-213	  x7:0x0f454000  x7=0x0f453f2b
       63577000	      3077	8000042a	00003717	auipc	x14,0x3	 x14=0x8000342a
       63597000	      3078	8000042e	17a70713	addi	x14,x14,378	 x14:0x8000342a x14=0x800035a4
       63617000	      3079	80000432	93ba	c.add	x7,x14	  x7:0x0f453f2b x14:0x800035a4  x7=0x8f4574cf
       63817000	      3089	80000434	3bb393f3	csrrw	x7,pmpaddr11,x7	  x7:0x8f4574cf  x7=0x20007701
       63877000	      3092	80000438	3bb393f3	csrrw	x7,pmpaddr11,x7	  x7:0x20007701  x7=0x8f4574cf
       64037000	      3100	8000043c	5d4d43b7	lui	x7,0x5d4d4	  x7=0x5d4d4000
       64177000	      3107	80000440	f5838393	addi	x7,x7,-168	  x7:0x5d4d4000  x7=0x5d4d3f58
       64277000	      3112	80000444	3a2393f3	csrrw	x7,pmpcfg2,x7	  x7:0x5d4d3f58  x7=0x0f0f0f0f
       64597000	      3128	80000448	3a2393f3	csrrw	x7,pmpcfg2,x7	  x7:0x0f0f0f0f  x7=0x1d0d1f18
       64657000	      3131	8000044c	2c7573b7	lui	x7,0x2c757	  x7=0x2c757000
       65037000	      3150	80000450	33038393	addi	x7,x7,816	  x7:0x2c757000  x7=0x2c757330
       65317000	      3164	80000454	00003717	auipc	x14,0x3	 x14=0x80003454
       65337000	      3165	80000458	15070713	addi	x14,x14,336	 x14:0x80003454 x14=0x800035a4
       65677000	      3182	8000045c	93ba	c.add	x7,x14	  x7:0x2c757330 x14:0x800035a4  x7=0xac75a8d4
       66037000	      3200	8000045e	3bc393f3	csrrw	x7,pmpaddr12,x7	  x7:0xac75a8d4  x7=0x2000809b
       66097000	      3203	80000462	3bc393f3	csrrw	x7,pmpaddr12,x7	  x7:0x2000809b  x7=0xac75a8d4
       66157000	      3206	80000466	102913b7	lui	x7,0x10291	  x7=0x10291000
       66177000	      3207	8000046a	56138393	addi	x7,x7,1377	  x7:0x10291000  x7=0x10291561
       66197000	      3208	8000046e	3a3393f3	csrrw	x7,pmpcfg3,x7	  x7:0x10291561  x7=0x0f0f0f0f
       66257000	      3211	80000472	3a3393f3	csrrw	x7,pmpcfg3,x7	  x7:0x0f0f0f0f  x7=0x10091501
       66317000	      3214	80000476	0a5bd3b7	lui	x7,0xa5bd	  x7=0x0a5bd000
       66337000	      3215	8000047a	ddf38393	addi	x7,x7,-545	  x7:0x0a5bd000  x7=0x0a5bcddf
       66657000	      3231	8000047e	00003717	auipc	x14,0x3	 x14=0x8000347e
       66677000	      3232	80000482	12670713	addi	x14,x14,294	 x14:0x8000347e x14=0x800035a4
       66697000	      3233	80000486	93ba	c.add	x7,x14	  x7:0x0a5bcddf x14:0x800035a4  x7=0x8a5c0383
       66717000	      3234	80000488	3bd393f3	csrrw	x7,pmpaddr13,x7	  x7:0x8a5c0383  x7=0x20008a34
       66777000	      3237	8000048c	3bd393f3	csrrw	x7,pmpaddr13,x7	  x7:0x20008a34  x7=0x8a5c0383
       66897000	      3243	80000490	5f3133b7	lui	x7,0x5f313	  x7=0x5f313000
       67017000	      3249	80000494	95438393	addi	x7,x7,-1708	  x7:0x5f313000  x7=0x5f312954
       67037000	      3250	80000498	3a3393f3	csrrw	x7,pmpcfg3,x7	  x7:0x5f312954  x7=0x0f0f0f0f
       67097000	      3253	8000049c	3a3393f3	csrrw	x7,pmpcfg3,x7	  x7:0x0f0f0f0f  x7=0x1f110914
       67477000	      3272	800004a0	24fb13b7	lui	x7,0x24fb1	  x7=0x24fb1000
       67497000	      3273	800004a4	ac238393	addi	x7,x7,-1342	  x7:0x24fb1000  x7=0x24fb0ac2
       67897000	      3293	800004a8	00003717	auipc	x14,0x3	 x14=0x800034a8
       68017000	      3299	800004ac	0fc70713	addi	x14,x14,252	 x14:0x800034a8 x14=0x800035a4
       68097000	      3303	800004b0	93ba	c.add	x7,x14	  x7:0x24fb0ac2 x14:0x800035a4  x7=0xa4fb4066
       68117000	      3304	800004b2	3be393f3	csrrw	x7,pmpaddr14,x7	  x7:0xa4fb4066  x7=0x200093ce
       68177000	      3307	800004b6	3be393f3	csrrw	x7,pmpaddr14,x7	  x7:0x200093ce  x7=0xa4fb4066
       68237000	      3310	800004ba	5d1c63b7	lui	x7,0x5d1c6	  x7=0x5d1c6000
       68277000	      3312	800004be	c1438393	addi	x7,x7,-1004	  x7:0x5d1c6000  x7=0x5d1c5c14
       68297000	      3313	800004c2	3a3393f3	csrrw	x7,pmpcfg3,x7	  x7:0x5d1c5c14  x7=0x0f0f0f0f
       68357000	      3316	800004c6	3a3393f3	csrrw	x7,pmpcfg3,x7	  x7:0x0f0f0f0f  x7=0x1d1c1c14
       68737000	      3335	800004ca	26aa63b7	lui	x7,0x26aa6	  x7=0x26aa6000
       68897000	      3343	800004ce	39938393	addi	x7,x7,921	  x7:0x26aa6000  x7=0x26aa6399
       68917000	      3344	800004d2	00003717	auipc	x14,0x3	 x14=0x800034d2
       68937000	      3345	800004d6	0d270713	addi	x14,x14,210	 x14:0x800034d2 x14=0x800035a4
       68957000	      3346	800004da	93ba	c.add	x7,x14	  x7:0x26aa6399 x14:0x800035a4  x7=0xa6aa993d
       68977000	      3347	800004dc	3bf393f3	csrrw	x7,pmpaddr15,x7	  x7:0xa6aa993d  x7=0x20009d67
       69397000	      3368	800004e0	3bf393f3	csrrw	x7,pmpaddr15,x7	  x7:0x20009d67  x7=0xa6aa993d
       69457000	      3371	800004e4	397113b7	lui	x7,0x39711	  x7=0x39711000
       69477000	      3372	800004e8	91c38393	addi	x7,x7,-1764	  x7:0x39711000  x7=0x3971091c
       69497000	      3373	800004ec	3a3393f3	csrrw	x7,pmpcfg3,x7	  x7:0x3971091c  x7=0x0f0f0f0f
       69637000	      3380	800004f0	3a3393f3	csrrw	x7,pmpcfg3,x7	  x7:0x0f0f0f0f  x7=0x1911091c
       69697000	      3383	800004f4	00000917	auipc	x18,0x0	 x18=0x800004f4
       69857000	      3391	800004f8	05a90913	addi	x18,x18,90	 x18:0x800004f4 x18=0x8000054e
       70057000	      3401	800004fc	34191073	csrrw	x0,mepc,x18	 x18:0x8000054e  x0=0x00000000
       70077000	      3402	80000500	7c00d073	csrrwi	x0,0x7c0,1	  x0=0x00000000
       70277000	      3412	80000504	00022937	lui	x18,0x22	 x18=0x00022000
       70697000	      3433	80000508	80090913	addi	x18,x18,-2048	 x18:0x00022000 x18=0x00021800
       70877000	      3442	8000050c	30091073	csrrw	x0,mstatus,x18	 x18:0x00021800  x0=0x00000000
       71077000	      3452	80000510	4901	c.li	x18,0	 x18=0x00000000
       71097000	      3453	80000512	30491073	csrrw	x0,mie,x18	 x18:0x00000000  x0=0x00000000
       71157000	      3456	80000516	90000db7	lui	x27,0x90000	 x27=0x90000000
       71177000	      3457	8000051a	1df1	c.addi	x27,-4	 x27:0x90000000 x27=0x8ffffffc
       71197000	      3458	8000051c	30000913	addi	x18,x0,768	  x0:0x00000000 x18=0x00000300
       71217000	      3459	80000520	0922	c.slli	x18,0x8	 x18:0x00000300 x18=0x00030000
       71237000	      3460	80000522	090d	c.addi	x18,3	 x18:0x00030000 x18=0x00030003
       71897000	      3493	80000524	012da023	sw	x18,0(x27)	 x27:0x8ffffffc x18:0x00030003 PA:0x8ffffffc store:0x00030003 load:0xffffffff
       71917000	      3494	80000528	30002973	csrrs	x18,mstatus,x0	  x0:0x00000000 x18=0x00021800
       71977000	      3497	8000052c	012da023	sw	x18,0(x27)	 x27:0x8ffffffc x18:0x00021800 PA:0x8ffffffc store:0x00021800 load:0xffffffff
       71997000	      3498	80000530	90000db7	lui	x27,0x90000	 x27=0x90000000
       72017000	      3499	80000534	1df1	c.addi	x27,-4	 x27:0x90000000 x27=0x8ffffffc
       72037000	      3500	80000536	30400913	addi	x18,x0,772	  x0:0x00000000 x18=0x00000304
       72057000	      3501	8000053a	0922	c.slli	x18,0x8	 x18:0x00000304 x18=0x00030400
       72077000	      3502	8000053c	090d	c.addi	x18,3	 x18:0x00030400 x18=0x00030403
       72297000	      3513	8000053e	012da023	sw	x18,0(x27)	 x27:0x8ffffffc x18:0x00030403 PA:0x8ffffffc store:0x00030403 load:0xffffffff
       72317000	      3514	80000542	30402973	csrrs	x18,mie,x0	  x0:0x00000000 x18=0x00000000
       72617000	      3529	80000546	012da023	sw	x18,0(x27)	 x27:0x8ffffffc x18:0x00000000 PA:0x8ffffffc store:0x00000000 load:0xffffffff
       72637000	      3530	8000054a	30200073	mret	
       72717000	      3534	8000054e	f1e5d037	lui	x0,0xf1e5d	  x0=0x00000000
       72737000	      3535	80000552	d4700013	addi	x0,x0,-697	  x0:0x00000000  x0=0x00000000
       72757000	      3536	80000556	800000b7	lui	x1,0x80000	  x1=0x80000000
       72777000	      3537	8000055a	412d	c.li	x2,11	  x2=0x0000000b
       72797000	      3538	8000055c	4185	c.li	x3,1	  x3=0x00000001
       73337000	      3565	8000055e	80000237	lui	x4,0x80000	  x4=0x80000000
       73357000	      3566	80000562	1744d2b7	lui	x5,0x1744d	  x5=0x1744d000
       73377000	      3567	80000566	df028293	addi	x5,x5,-528	  x5:0x1744d000  x5=0x1744cdf0
       73497000	      3573	8000056a	fb221337	lui	x6,0xfb221	  x6=0xfb221000
       73517000	      3574	8000056e	4da30313	addi	x6,x6,1242	  x6:0xfb221000  x6=0xfb2214da
       73817000	      3589	80000572	1ba733b7	lui	x7,0x1ba73	  x7=0x1ba73000
       73837000	      3590	80000576	3a938393	addi	x7,x7,937	  x7:0x1ba73000  x7=0x1ba733a9
       73957000	      3596	8000057a	87853437	lui	x8,0x87853	  x8=0x87853000
       73977000	      3597	8000057e	e2e40413	addi	x8,x8,-466	  x8:0x87853000  x8=0x87852e2e
       73997000	      3598	80000582	68af74b7	lui	x9,0x68af7	  x9=0x68af7000
       74177000	      3607	80000586	ad748493	addi	x9,x9,-1321	  x9:0x68af7000  x9=0x68af6ad7
       74197000	      3608	8000058a	fabd5537	lui	x10,0xfabd5	 x10=0xfabd5000
       74337000	      3615	8000058e	b2b50513	addi	x10,x10,-1237	 x10:0xfabd5000 x10=0xfabd4b2b
       74357000	      3616	80000592	4629	c.li	x12,10	 x12=0x0000000a
       74377000	      3617	80000594	4715	c.li	x14,5	 x14=0x00000005
       74517000	      3624	80000596	800007b7	lui	x15,0x80000	 x15=0x80000000
       74937000	      3645	8000059a	55cbc837	lui	x16,0x55cbc	 x16=0x55cbc000
       75357000	      3666	8000059e	6c980813	addi	x16,x16,1737	 x16:0x55cbc000 x16=0x55cbc6c9
       75377000	      3667	800005a2	800008b7	lui	x17,0x80000	 x17=0x80000000
       75517000	      3674	800005a6	fa792937	lui	x18,0xfa792	 x18=0xfa792000
       75677000	      3682	800005aa	63c90913	addi	x18,x18,1596	 x18:0xfa792000 x18=0xfa79263c
       76097000	      3703	800005ae	936ac9b7	lui	x19,0x936ac	 x19=0x936ac000
       76177000	      3707	800005b2	64598993	addi	x19,x19,1605	 x19:0x936ac000 x19=0x936ac645
       76197000	      3708	800005b6	80000a37	lui	x20,0x80000	 x20=0x80000000
       76217000	      3709	800005ba	80000ab7	lui	x21,0x80000	 x21=0x80000000
       76237000	      3710	800005be	4b35	c.li	x22,13	 x22=0x0000000d
       76257000	      3711	800005c0	4bb9	c.li	x23,14	 x23=0x0000000e
       76277000	      3712	800005c2	3b4b4c37	lui	x24,0x3b4b4	 x24=0x3b4b4000
       76317000	      3714	800005c6	272c0c13	addi	x24,x24,626	 x24:0x3b4b4000 x24=0x3b4b4272
       76357000	      3716	800005ca	fefc8cb7	lui	x25,0xfefc8	 x25=0xfefc8000
       76777000	      3737	800005ce	b06c8c93	addi	x25,x25,-1274	 x25:0xfefc8000 x25=0xfefc7b06
       76797000	      3738	800005d2	4d1d	c.li	x26,7	 x26=0x00000007
       76977000	      3747	800005d4	4d81	c.li	x27,0	 x27=0x00000000
       76997000	      3748	800005d6	fafdee37	lui	x28,0xfafde	 x28=0xfafde000
       77017000	      3749	800005da	1f2e0e13	addi	x28,x28,498	 x28:0xfafde000 x28=0xfafde1f2
       77037000	      3750	800005de	80000eb7	lui	x29,0x80000	 x29=0x80000000
       77157000	      3756	800005e2	fe540f37	lui	x30,0xfe540	 x30=0xfe540000
       77577000	      3777	800005e6	3a9f0f13	addi	x30,x30,937	 x30:0xfe540000 x30=0xfe5403a9
       77597000	      3778	800005ea	4f81	c.li	x31,0	 x31=0x00000000
       77617000	      3779	800005ec	00029597	auipc	x11,0x29	 x11=0x800295ec
       77897000	      3793	800005f0	87858593	addi	x11,x11,-1928	 x11:0x800295ec x11=0x80028e64
       78317000	      3814	800005f4	90000db7	lui	x27,0x90000	 x27=0x90000000
       78337000	      3815	800005f8	1df1	c.addi	x27,-4	 x27:0x90000000 x27=0x8ffffffc
       78357000	      3816	800005fa	4901	c.li	x18,0	 x18=0x00000000
       78517000	      3824	800005fc	0922	c.slli	x18,0x8	 x18:0x00000000 x18=0x00000000
       78537000	      3825	800005fe	00090913	addi	x18,x18,0	 x18:0x00000000 x18=0x00000000
       78577000	      3827	80000602	012da023	sw	x18,0(x27)	 x27:0x8ffffffc x18:0x00000000 PA:0x8ffffffc store:0x00000000 load:0xxxxxxxxx
       79677000	      3882	80002800	0800006f	jal	x0,80002880	  x0=0x00000000
       82857000	      4041	80002880	16f1	c.addi	x13,-4	 x13:0x8002cce4 x13=0x8002cce0
       83057000	      4051	80002882	c28c	c.sw	x11,0(x13)	 x13:0x8002cce0 x11:0x80028e64 PA:0x8002cce0 store:0x80028e64 load:0xffffffff
       83077000	      4052	80002884	000685b3	add	x11,x13,x0	 x13:0x8002cce0  x0:0x00000000 x11=0x8002cce0
       83097000	      4053	80002888	f8058593	addi	x11,x11,-128	 x11:0x8002cce0 x11=0x8002cc60
       83437000	      4070	8000288c	0015a223	sw	x1,4(x11)	 x11:0x8002cc60  x1:0x80000000 PA:0x8002cc64 store:0x80000000 load:0xffffffff
       83557000	      4076	80002890	0025a423	sw	x2,8(x11)	 x11:0x8002cc60  x2:0x0000000b PA:0x8002cc68 store:0x0000000b load:0xffffffff
       83577000	      4077	80002894	0035a623	sw	x3,12(x11)	 x11:0x8002cc60  x3:0x00000001 PA:0x8002cc6c store:0x00000001 load:0xffffffff
       83637000	      4080	80002898	0045a823	sw	x4,16(x11)	 x11:0x8002cc60  x4:0x80000000 PA:0x8002cc70 store:0x80000000 load:0xffffffff
       83877000	      4092	8000289c	0055aa23	sw	x5,20(x11)	 x11:0x8002cc60  x5:0x1744cdf0 PA:0x8002cc74 store:0x1744cdf0 load:0xffffffff
       84297000	      4113	800028a0	0065ac23	sw	x6,24(x11)	 x11:0x8002cc60  x6:0xfb2214da PA:0x8002cc78 store:0xfb2214da load:0xffffffff
       84357000	      4116	800028a4	0075ae23	sw	x7,28(x11)	 x11:0x8002cc60  x7:0x1ba733a9 PA:0x8002cc7c store:0x1ba733a9 load:0xffffffff
       84377000	      4117	800028a8	d180	c.sw	x8,32(x11)	 x11:0x8002cc60  x8:0x87852e2e PA:0x8002cc80 store:0x87852e2e load:0xffffffff
       84397000	      4118	800028aa	d1c4	c.sw	x9,36(x11)	 x11:0x8002cc60  x9:0x68af6ad7 PA:0x8002cc84 store:0x68af6ad7 load:0xffffffff
       84717000	      4134	800028ac	d588	c.sw	x10,40(x11)	 x11:0x8002cc60 x10:0xfabd4b2b PA:0x8002cc88 store:0xfabd4b2b load:0xffffffff
       84837000	      4140	800028ae	d5cc	c.sw	x11,44(x11)	 x11:0x8002cc60 x11:0x8002cc60 PA:0x8002cc8c store:0x8002cc60 load:0xffffffff
       85297000	      4163	800028b0	d990	c.sw	x12,48(x11)	 x11:0x8002cc60 x12:0x0000000a PA:0x8002cc90 store:0x0000000a load:0xffffffff
       85557000	      4176	800028b2	d9d4	c.sw	x13,52(x11)	 x11:0x8002cc60 x13:0x8002cce0 PA:0x8002cc94 store:0x8002cce0 load:0xffffffff
       85877000	      4192	800028b4	dd98	c.sw	x14,56(x11)	 x11:0x8002cc60 x14:0x00000005 PA:0x8002cc98 store:0x00000005 load:0xffffffff
       86337000	      4215	800028b6	dddc	c.sw	x15,60(x11)	 x11:0x8002cc60 x15:0x80000000 PA:0x8002cc9c store:0x80000000 load:0xffffffff
       86797000	      4238	800028b8	0505a023	sw	x16,64(x11)	 x11:0x8002cc60 x16:0x55cbc6c9 PA:0x8002cca0 store:0x55cbc6c9 load:0xffffffff
       87037000	      4250	800028bc	0515a223	sw	x17,68(x11)	 x11:0x8002cc60 x17:0x80000000 PA:0x8002cca4 store:0x80000000 load:0xffffffff
       87297000	      4263	800028c0	0525a423	sw	x18,72(x11)	 x11:0x8002cc60 x18:0x00000000 PA:0x8002cca8 store:0x00000000 load:0xffffffff
       87497000	      4273	800028c4	0535a623	sw	x19,76(x11)	 x11:0x8002cc60 x19:0x936ac645 PA:0x8002ccac store:0x936ac645 load:0xffffffff
       87557000	      4276	800028c8	0545a823	sw	x20,80(x11)	 x11:0x8002cc60 x20:0x80000000 PA:0x8002ccb0 store:0x80000000 load:0xffffffff
       87577000	      4277	800028cc	0555aa23	sw	x21,84(x11)	 x11:0x8002cc60 x21:0x80000000 PA:0x8002ccb4 store:0x80000000 load:0xffffffff
       87957000	      4296	800028d0	0565ac23	sw	x22,88(x11)	 x11:0x8002cc60 x22:0x0000000d PA:0x8002ccb8 store:0x0000000d load:0xffffffff
       88197000	      4308	800028d4	0575ae23	sw	x23,92(x11)	 x11:0x8002cc60 x23:0x0000000e PA:0x8002ccbc store:0x0000000e load:0xffffffff
       88637000	      4330	800028d8	0785a023	sw	x24,96(x11)	 x11:0x8002cc60 x24:0x3b4b4272 PA:0x8002ccc0 store:0x3b4b4272 load:0xffffffff
       88897000	      4343	800028dc	0795a223	sw	x25,100(x11)	 x11:0x8002cc60 x25:0xfefc7b06 PA:0x8002ccc4 store:0xfefc7b06 load:0xffffffff
       88917000	      4344	800028e0	07a5a423	sw	x26,104(x11)	 x11:0x8002cc60 x26:0x00000007 PA:0x8002ccc8 store:0x00000007 load:0xffffffff
       89397000	      4368	800028e4	07b5a623	sw	x27,108(x11)	 x11:0x8002cc60 x27:0x8ffffffc PA:0x8002cccc store:0x8ffffffc load:0xffffffff
       89677000	      4382	800028e8	07c5a823	sw	x28,112(x11)	 x11:0x8002cc60 x28:0xfafde1f2 PA:0x8002ccd0 store:0xfafde1f2 load:0xffffffff
       89897000	      4393	800028ec	07d5aa23	sw	x29,116(x11)	 x11:0x8002cc60 x29:0x80000000 PA:0x8002ccd4 store:0x80000000 load:0xffffffff
       89957000	      4396	800028f0	07e5ac23	sw	x30,120(x11)	 x11:0x8002cc60 x30:0xfe5403a9 PA:0x8002ccd8 store:0xfe5403a9 load:0xffffffff
       89977000	      4397	800028f4	07f5ae23	sw	x31,124(x11)	 x11:0x8002cc60 x31:0x00000000 PA:0x8002ccdc store:0x00000000 load:0xffffffff
       89997000	      4398	800028f8	000586b3	add	x13,x11,x0	 x11:0x8002cc60  x0:0x00000000 x13=0x8002cc60
       90017000	      4399	800028fc	90000db7	lui	x27,0x90000	 x27=0x90000000
       90037000	      4400	80002900	1df1	c.addi	x27,-4	 x27:0x90000000 x27=0x8ffffffc
       90057000	      4401	80002902	4921	c.li	x18,8	 x18=0x00000008
       90077000	      4402	80002904	0922	c.slli	x18,0x8	 x18:0x00000008 x18=0x00000800
       90157000	      4406	80002906	00090913	addi	x18,x18,0	 x18:0x00000800 x18=0x00000800
       90537000	      4425	8000290a	012da023	sw	x18,0(x27)	 x27:0x8ffffffc x18:0x00000800 PA:0x8ffffffc store:0x00000800 load:0xffffffff
       90557000	      4426	8000290e	34102973	csrrs	x18,mepc,x0	  x0:0x00000000 x18=0x80000602
       90657000	      4431	80002912	34202973	csrrs	x18,mcause,x0	  x0:0x00000000 x18=0x00000007
       90677000	      4432	80002916	4d8d	c.li	x27,3	 x27=0x00000003
       90697000	      4433	80002918	01b91463	bne	x18,x27,80002920	 x18:0x00000007 x27:0x00000003
       91257000	      4461	80002920	4da1	c.li	x27,8	 x27=0x00000008
       91677000	      4482	80002922	05b90d63	beq	x18,x27,8000297c	 x18:0x00000007 x27:0x00000008
       91697000	      4483	80002926	4da5	c.li	x27,9	 x27=0x00000009
       92097000	      4503	80002928	05b90a63	beq	x18,x27,8000297c	 x18:0x00000007 x27:0x00000009
       92117000	      4504	8000292c	4dad	c.li	x27,11	 x27=0x0000000b
       92137000	      4505	8000292e	05b90763	beq	x18,x27,8000297c	 x18:0x00000007 x27:0x0000000b
       92157000	      4506	80002932	4d85	c.li	x27,1	 x27=0x00000001
       92177000	      4507	80002934	35b90363	beq	x18,x27,80002c7a	 x18:0x00000007 x27:0x00000001
       92577000	      4527	80002938	4d95	c.li	x27,5	 x27=0x00000005
       92597000	      4528	8000293a	63b90963	beq	x18,x27,80002f6c	 x18:0x00000007 x27:0x00000005
       92617000	      4529	8000293e	4d9d	c.li	x27,7	 x27=0x00000007
       92637000	      4530	80002940	15b90ae3	beq	x18,x27,80003294	 x18:0x00000007 x27:0x00000007
       92817000	      4539	80003294	90000db7	lui	x27,0x90000	 x27=0x90000000
       93037000	      4550	80003298	1df1	c.addi	x27,-4	 x27:0x90000000 x27=0x8ffffffc
       93057000	      4551	8000329a	4931	c.li	x18,12	 x18=0x0000000c
       93077000	      4552	8000329c	0922	c.slli	x18,0x8	 x18:0x0000000c x18=0x00000c00
       93237000	      4560	8000329e	00090913	addi	x18,x18,0	 x18:0x00000c00 x18=0x00000c00
       93437000	      4570	800032a2	012da023	sw	x18,0(x27)	 x27:0x8ffffffc x18:0x00000c00 PA:0x8ffffffc store:0x00000c00 load:0xffffffff
       93457000	      4571	800032a6	90000db7	lui	x27,0x90000	 x27=0x90000000
       93477000	      4572	800032aa	1df1	c.addi	x27,-4	 x27:0x90000000 x27=0x8ffffffc
       93517000	      4574	800032ac	34200913	addi	x18,x0,834	  x0:0x00000000 x18=0x00000342
       93537000	      4575	800032b0	0922	c.slli	x18,0x8	 x18:0x00000342 x18=0x00034200
       93557000	      4576	800032b2	090d	c.addi	x18,3	 x18:0x00034200 x18=0x00034203
       93617000	      4579	800032b4	012da023	sw	x18,0(x27)	 x27:0x8ffffffc x18:0x00034203 PA:0x8ffffffc store:0x00034203 load:0xffffffff
       93637000	      4580	800032b8	34202973	csrrs	x18,mcause,x0	  x0:0x00000000 x18=0x00000007
       93657000	      4581	800032bc	012da023	sw	x18,0(x27)	 x27:0x8ffffffc x18:0x00000007 PA:0x8ffffffc store:0x00000007 load:0xffffffff
       93897000	      4593	800032c0	4901	c.li	x18,0	 x18=0x00000000
       93917000	      4594	800032c2	8bca	c.mv	x23,x18	  x0:0x00000000 x18:0x00000000 x23=0x00000000
       93937000	      4595	800032c4	4701	c.li	x14,0	 x14=0x00000000
       93957000	      4596	800032c6	895e	c.mv	x18,x23	  x0:0x00000000 x23:0x00000000 x18=0x00000000
       93977000	      4597	800032c8	83ca	c.mv	x7,x18	  x0:0x00000000 x18:0x00000000  x7=0x00000000
       93997000	      4598	800032ca	4381	c.li	x7,0	  x7=0x00000000
       94117000	      4604	800032cc	04790f63	beq	x18,x7,8000332a	 x18:0x00000000  x7:0x00000000
       94837000	      4640	8000332a	3b002df3	csrrs	x27,pmpaddr0,x0	  x0:0x00000000 x27=0x20000d69
       95077000	      4652	8000332e	3a002873	csrrs	x16,pmpcfg0,x0	  x0:0x00000000 x16=0x0f0f0f0f
       95097000	      4653	80003332	a861	c.j	800033ca	
       96117000	      4704	800033ca	4511	c.li	x10,4	 x10=0x00000004
       96177000	      4707	800033cc	01eb9913	slli	x18,x23,0x1e	 x23:0x00000000 x18=0x00000000
       96197000	      4708	800033d0	01e95913	srli	x18,x18,0x1e	 x18:0x00000000 x18=0x00000000
       96397000	      4718	800033d4	412503b3	sub	x7,x10,x18	 x10:0x00000004 x18:0x00000000  x7=0x00000004
       96417000	      4719	800033d8	13fd	c.addi	x7,-1	  x7:0x00000004  x7=0x00000003
       96437000	      4720	800033da	038e	c.slli	x7,0x3	  x7:0x00000003  x7=0x00000018
       96457000	      4721	800033dc	00781533	sll	x10,x16,x7	 x16:0x0f0f0f0f  x7:0x00000018 x10=0x0f000000
       96777000	      4737	800033e0	090e	c.slli	x18,0x3	 x18:0x00000000 x18=0x00000000
       96797000	      4738	800033e2	93ca	c.add	x7,x18	  x7:0x00000018 x18:0x00000000  x7=0x00000018
       96817000	      4739	800033e4	00755533	srl	x10,x10,x7	 x10:0x0f000000  x7:0x00000018 x10=0x0000000f
       96897000	      4743	800033e8	01b51393	slli	x7,x10,0x1b	 x10:0x0000000f  x7=0x78000000
       96917000	      4744	800033ec	01e3d393	srli	x7,x7,0x1e	  x7:0x78000000  x7=0x00000001
       97017000	      4749	800033f0	04038563	beq	x7,x0,8000343a	  x7:0x00000001  x0:0x00000000
       97437000	      4770	800033f4	4905	c.li	x18,1	 x18=0x00000001
       97537000	      4775	800033f6	05238363	beq	x7,x18,8000343c	  x7:0x00000001 x18:0x00000001
       98457000	      4821	8000343c	895e	c.mv	x18,x23	  x0:0x00000000 x23:0x00000000 x18=0x00000000
       98617000	      4829	8000343e	343023f3	csrrs	x7,mtval,x0	  x0:0x00000000  x7=0x8ffffffc
       98757000	      4836	80003442	0023d393	srli	x7,x7,0x2	  x7:0x8ffffffc  x7=0x23ffffff
       98777000	      4837	80003446	00091563	bne	x18,x0,80003450	 x18:0x00000000  x0:0x00000000
       98797000	      4838	8000344a	fc03c4e3	blt	x7,x0,80003412	  x7:0x23ffffff  x0:0x00000000
       98817000	      4839	8000344e	a019	c.j	80003454	
       99217000	      4859	80003454	fbb3ffe3	bgeu	x7,x27,80003412	  x7:0x23ffffff x27:0x20000d69
      100317000	      4914	80003412	895e	c.mv	x18,x23	  x0:0x00000000 x23:0x00000000 x18=0x00000000
      100657000	      4931	80003414	876e	c.mv	x14,x27	  x0:0x00000000 x27:0x20000d69 x14=0x20000d69
      100677000	      4932	80003416	0905	c.addi	x18,1	 x18:0x00000000 x18=0x00000001
      100697000	      4933	80003418	8bca	c.mv	x23,x18	  x0:0x00000000 x18:0x00000001 x23=0x00000001
      100717000	      4934	8000341a	4dc1	c.li	x27,16	 x27=0x00000010
      100737000	      4935	8000341c	01b95363	bge	x18,x27,80003422	 x18:0x00000001 x27:0x00000010
      100757000	      4936	80003420	b55d	c.j	800032c6	
      100797000	      4938	800032c6	895e	c.mv	x18,x23	  x0:0x00000000 x23:0x00000001 x18=0x00000001
      100817000	      4939	800032c8	83ca	c.mv	x7,x18	  x0:0x00000000 x18:0x00000001  x7=0x00000001
      100837000	      4940	800032ca	4381	c.li	x7,0	  x7=0x00000000
      100857000	      4941	800032cc	04790f63	beq	x18,x7,8000332a	 x18:0x00000001  x7:0x00000000
      100877000	      4942	800032d0	4385	c.li	x7,1	  x7=0x00000001
      100897000	      4943	800032d2	06790163	beq	x18,x7,80003334	 x18:0x00000001  x7:0x00000001
      100957000	      4946	80003334	3b102df3	csrrs	x27,pmpaddr1,x0	  x0:0x00000000 x27=0x20001702
      100977000	      4947	80003338	3a002873	csrrs	x16,pmpcfg0,x0	  x0:0x00000000 x16=0x0f0f0f0f
      100997000	      4948	8000333c	a079	c.j	800033ca	
      101057000	      4951	800033ca	4511	c.li	x10,4	 x10=0x00000004
      101077000	      4952	800033cc	01eb9913	slli	x18,x23,0x1e	 x23:0x00000001 x18=0x40000000
      101097000	      4953	800033d0	01e95913	srli	x18,x18,0x1e	 x18:0x40000000 x18=0x00000001
      101117000	      4954	800033d4	412503b3	sub	x7,x10,x18	 x10:0x00000004 x18:0x00000001  x7=0x00000003
      101137000	      4955	800033d8	13fd	c.addi	x7,-1	  x7:0x00000003  x7=0x00000002
      101157000	      4956	800033da	038e	c.slli	x7,0x3	  x7:0x00000002  x7=0x00000010
      101177000	      4957	800033dc	00781533	sll	x10,x16,x7	 x16:0x0f0f0f0f  x7:0x00000010 x10=0x0f0f0000
      101197000	      4958	800033e0	090e	c.slli	x18,0x3	 x18:0x00000001 x18=0x00000008
      101217000	      4959	800033e2	93ca	c.add	x7,x18	  x7:0x00000010 x18:0x00000008  x7=0x00000018
      101237000	      4960	800033e4	00755533	srl	x10,x10,x7	 x10:0x0f0f0000  x7:0x00000018 x10=0x0000000f
      101257000	      4961	800033e8	01b51393	slli	x7,x10,0x1b	 x10:0x0000000f  x7=0x78000000
      101277000	      4962	800033ec	01e3d393	srli	x7,x7,0x1e	  x7:0x78000000  x7=0x00000001
      101297000	      4963	800033f0	04038563	beq	x7,x0,8000343a	  x7:0x00000001  x0:0x00000000
      101317000	      4964	800033f4	4905	c.li	x18,1	 x18=0x00000001
      101337000	      4965	800033f6	05238363	beq	x7,x18,8000343c	  x7:0x00000001 x18:0x00000001
      101377000	      4967	8000343c	895e	c.mv	x18,x23	  x0:0x00000000 x23:0x00000001 x18=0x00000001
      101397000	      4968	8000343e	343023f3	csrrs	x7,mtval,x0	  x0:0x00000000  x7=0x8ffffffc
      101417000	      4969	80003442	0023d393	srli	x7,x7,0x2	  x7:0x8ffffffc  x7=0x23ffffff
      101437000	      4970	80003446	00091563	bne	x18,x0,80003450	 x18:0x00000001  x0:0x00000000
      101477000	      4972	80003450	fce3e1e3	bltu	x7,x14,80003412	  x7:0x23ffffff x14:0x20000d69
      101497000	      4973	80003454	fbb3ffe3	bgeu	x7,x27,80003412	  x7:0x23ffffff x27:0x20001702
      101557000	      4976	80003412	895e	c.mv	x18,x23	  x0:0x00000000 x23:0x00000001 x18=0x00000001
      101577000	      4977	80003414	876e	c.mv	x14,x27	  x0:0x00000000 x27:0x20001702 x14=0x20001702
      101597000	      4978	80003416	0905	c.addi	x18,1	 x18:0x00000001 x18=0x00000002
      101617000	      4979	80003418	8bca	c.mv	x23,x18	  x0:0x00000000 x18:0x00000002 x23=0x00000002
      101637000	      4980	8000341a	4dc1	c.li	x27,16	 x27=0x00000010
      101657000	      4981	8000341c	01b95363	bge	x18,x27,80003422	 x18:0x00000002 x27:0x00000010
      101677000	      4982	80003420	b55d	c.j	800032c6	
      101717000	      4984	800032c6	895e	c.mv	x18,x23	  x0:0x00000000 x23:0x00000002 x18=0x00000002
      101737000	      4985	800032c8	83ca	c.mv	x7,x18	  x0:0x00000000 x18:0x00000002  x7=0x00000002
      101757000	      4986	800032ca	4381	c.li	x7,0	  x7=0x00000000
      101777000	      4987	800032cc	04790f63	beq	x18,x7,8000332a	 x18:0x00000002  x7:0x00000000
      101797000	      4988	800032d0	4385	c.li	x7,1	  x7=0x00000001
      101817000	      4989	800032d2	06790163	beq	x18,x7,80003334	 x18:0x00000002  x7:0x00000001
      101837000	      4990	800032d6	4389	c.li	x7,2	  x7=0x00000002
      101857000	      4991	800032d8	06790363	beq	x18,x7,8000333e	 x18:0x00000002  x7:0x00000002
      101917000	      4994	8000333e	3b202df3	csrrs	x27,pmpaddr2,x0	  x0:0x00000000 x27=0x2000209c
      101937000	      4995	80003342	3a002873	csrrs	x16,pmpcfg0,x0	  x0:0x00000000 x16=0x0f0f0f0f
      101957000	      4996	80003346	a051	c.j	800033ca	
      101997000	      4998	800033ca	4511	c.li	x10,4	 x10=0x00000004
      102017000	      4999	800033cc	01eb9913	slli	x18,x23,0x1e	 x23:0x00000002 x18=0x80000000
      102077000	      5002	800033d0	01e95913	srli	x18,x18,0x1e	 x18:0x80000000 x18=0x00000002
      102097000	      5003	800033d4	412503b3	sub	x7,x10,x18	 x10:0x00000004 x18:0x00000002  x7=0x00000002
      102157000	      5006	800033d8	13fd	c.addi	x7,-1	  x7:0x00000002  x7=0x00000001
      102177000	      5007	800033da	038e	c.slli	x7,0x3	  x7:0x00000001  x7=0x00000008
      102197000	      5008	800033dc	00781533	sll	x10,x16,x7	 x16:0x0f0f0f0f  x7:0x00000008 x10=0x0f0f0f00
      102217000	      5009	800033e0	090e	c.slli	x18,0x3	 x18:0x00000002 x18=0x00000010
      102237000	      5010	800033e2	93ca	c.add	x7,x18	  x7:0x00000008 x18:0x00000010  x7=0x00000018
      102257000	      5011	800033e4	00755533	srl	x10,x10,x7	 x10:0x0f0f0f00  x7:0x00000018 x10=0x0000000f
      102277000	      5012	800033e8	01b51393	slli	x7,x10,0x1b	 x10:0x0000000f  x7=0x78000000
      102297000	      5013	800033ec	01e3d393	srli	x7,x7,0x1e	  x7:0x78000000  x7=0x00000001
      102317000	      5014	800033f0	04038563	beq	x7,x0,8000343a	  x7:0x00000001  x0:0x00000000
      102337000	      5015	800033f4	4905	c.li	x18,1	 x18=0x00000001
      102357000	      5016	800033f6	05238363	beq	x7,x18,8000343c	  x7:0x00000001 x18:0x00000001
      102397000	      5018	8000343c	895e	c.mv	x18,x23	  x0:0x00000000 x23:0x00000002 x18=0x00000002
      102417000	      5019	8000343e	343023f3	csrrs	x7,mtval,x0	  x0:0x00000000  x7=0x8ffffffc
      102437000	      5020	80003442	0023d393	srli	x7,x7,0x2	  x7:0x8ffffffc  x7=0x23ffffff
      102457000	      5021	80003446	00091563	bne	x18,x0,80003450	 x18:0x00000002  x0:0x00000000
      102497000	      5023	80003450	fce3e1e3	bltu	x7,x14,80003412	  x7:0x23ffffff x14:0x20001702
      102517000	      5024	80003454	fbb3ffe3	bgeu	x7,x27,80003412	  x7:0x23ffffff x27:0x2000209c
      102577000	      5027	80003412	895e	c.mv	x18,x23	  x0:0x00000000 x23:0x00000002 x18=0x00000002
      102597000	      5028	80003414	876e	c.mv	x14,x27	  x0:0x00000000 x27:0x2000209c x14=0x2000209c
      102617000	      5029	80003416	0905	c.addi	x18,1	 x18:0x00000002 x18=0x00000003
      102637000	      5030	80003418	8bca	c.mv	x23,x18	  x0:0x00000000 x18:0x00000003 x23=0x00000003
      102657000	      5031	8000341a	4dc1	c.li	x27,16	 x27=0x00000010
      102677000	      5032	8000341c	01b95363	bge	x18,x27,80003422	 x18:0x00000003 x27:0x00000010
      102697000	      5033	80003420	b55d	c.j	800032c6	
      102737000	      5035	800032c6	895e	c.mv	x18,x23	  x0:0x00000000 x23:0x00000003 x18=0x00000003
      102757000	      5036	800032c8	83ca	c.mv	x7,x18	  x0:0x00000000 x18:0x00000003  x7=0x00000003
      102777000	      5037	800032ca	4381	c.li	x7,0	  x7=0x00000000
      102797000	      5038	800032cc	04790f63	beq	x18,x7,8000332a	 x18:0x00000003  x7:0x00000000
      102817000	      5039	800032d0	4385	c.li	x7,1	  x7=0x00000001
      102837000	      5040	800032d2	06790163	beq	x18,x7,80003334	 x18:0x00000003  x7:0x00000001
      102857000	      5041	800032d6	4389	c.li	x7,2	  x7=0x00000002
      102877000	      5042	800032d8	06790363	beq	x18,x7,8000333e	 x18:0x00000003  x7:0x00000002
      102897000	      5043	800032dc	438d	c.li	x7,3	  x7=0x00000003
      102917000	      5044	800032de	06790563	beq	x18,x7,80003348	 x18:0x00000003  x7:0x00000003
      102957000	      5046	80003348	3b302df3	csrrs	x27,pmpaddr3,x0	  x0:0x00000000 x27=0x20002a35
      102977000	      5047	8000334c	3a002873	csrrs	x16,pmpcfg0,x0	  x0:0x00000000 x16=0x0f0f0f0f
      102997000	      5048	80003350	a8ad	c.j	800033ca	
      103057000	      5051	800033ca	4511	c.li	x10,4	 x10=0x00000004
      103077000	      5052	800033cc	01eb9913	slli	x18,x23,0x1e	 x23:0x00000003 x18=0xc0000000
      103137000	      5055	800033d0	01e95913	srli	x18,x18,0x1e	 x18:0xc0000000 x18=0x00000003
      103157000	      5056	800033d4	412503b3	sub	x7,x10,x18	 x10:0x00000004 x18:0x00000003  x7=0x00000001
      103217000	      5059	800033d8	13fd	c.addi	x7,-1	  x7:0x00000001  x7=0x00000000
      103237000	      5060	800033da	038e	c.slli	x7,0x3	  x7:0x00000000  x7=0x00000000
      103257000	      5061	800033dc	00781533	sll	x10,x16,x7	 x16:0x0f0f0f0f  x7:0x00000000 x10=0x0f0f0f0f
      103317000	      5064	800033e0	090e	c.slli	x18,0x3	 x18:0x00000003 x18=0x00000018
      103337000	      5065	800033e2	93ca	c.add	x7,x18	  x7:0x00000000 x18:0x00000018  x7=0x00000018
      103357000	      5066	800033e4	00755533	srl	x10,x10,x7	 x10:0x0f0f0f0f  x7:0x00000018 x10=0x0000000f
      103377000	      5067	800033e8	01b51393	slli	x7,x10,0x1b	 x10:0x0000000f  x7=0x78000000
      103397000	      5068	800033ec	01e3d393	srli	x7,x7,0x1e	  x7:0x78000000  x7=0x00000001
      103417000	      5069	800033f0	04038563	beq	x7,x0,8000343a	  x7:0x00000001  x0:0x00000000
      103437000	      5070	800033f4	4905	c.li	x18,1	 x18=0x00000001
      103457000	      5071	800033f6	05238363	beq	x7,x18,8000343c	  x7:0x00000001 x18:0x00000001
      103497000	      5073	8000343c	895e	c.mv	x18,x23	  x0:0x00000000 x23:0x00000003 x18=0x00000003
      103517000	      5074	8000343e	343023f3	csrrs	x7,mtval,x0	  x0:0x00000000  x7=0x8ffffffc
      103537000	      5075	80003442	0023d393	srli	x7,x7,0x2	  x7:0x8ffffffc  x7=0x23ffffff
      103557000	      5076	80003446	00091563	bne	x18,x0,80003450	 x18:0x00000003  x0:0x00000000
      103597000	      5078	80003450	fce3e1e3	bltu	x7,x14,80003412	  x7:0x23ffffff x14:0x2000209c
      103617000	      5079	80003454	fbb3ffe3	bgeu	x7,x27,80003412	  x7:0x23ffffff x27:0x20002a35
      103677000	      5082	80003412	895e	c.mv	x18,x23	  x0:0x00000000 x23:0x00000003 x18=0x00000003
      103697000	      5083	80003414	876e	c.mv	x14,x27	  x0:0x00000000 x27:0x20002a35 x14=0x20002a35
      103717000	      5084	80003416	0905	c.addi	x18,1	 x18:0x00000003 x18=0x00000004
      103757000	      5086	80003418	8bca	c.mv	x23,x18	  x0:0x00000000 x18:0x00000004 x23=0x00000004
      103777000	      5087	8000341a	4dc1	c.li	x27,16	 x27=0x00000010
      103797000	      5088	8000341c	01b95363	bge	x18,x27,80003422	 x18:0x00000004 x27:0x00000010
      103817000	      5089	80003420	b55d	c.j	800032c6	
      103857000	      5091	800032c6	895e	c.mv	x18,x23	  x0:0x00000000 x23:0x00000004 x18=0x00000004
      103877000	      5092	800032c8	83ca	c.mv	x7,x18	  x0:0x00000000 x18:0x00000004  x7=0x00000004
      103897000	      5093	800032ca	4381	c.li	x7,0	  x7=0x00000000
      103917000	      5094	800032cc	04790f63	beq	x18,x7,8000332a	 x18:0x00000004  x7:0x00000000
      103937000	      5095	800032d0	4385	c.li	x7,1	  x7=0x00000001
      103957000	      5096	800032d2	06790163	beq	x18,x7,80003334	 x18:0x00000004  x7:0x00000001
      103977000	      5097	800032d6	4389	c.li	x7,2	  x7=0x00000002
      103997000	      5098	800032d8	06790363	beq	x18,x7,8000333e	 x18:0x00000004  x7:0x00000002
      104017000	      5099	800032dc	438d	c.li	x7,3	  x7=0x00000003
      104037000	      5100	800032de	06790563	beq	x18,x7,80003348	 x18:0x00000004  x7:0x00000003
      104057000	      5101	800032e2	4391	c.li	x7,4	  x7=0x00000004
      104077000	      5102	800032e4	06790763	beq	x18,x7,80003352	 x18:0x00000004  x7:0x00000004
      104137000	      5105	80003352	3b402df3	csrrs	x27,pmpaddr4,x0	  x0:0x00000000 x27=0x200033cf
      104157000	      5106	80003356	3a102873	csrrs	x16,pmpcfg1,x0	  x0:0x00000000 x16=0x0f0f0f0f
      104177000	      5107	8000335a	a885	c.j	800033ca	
      104237000	      5110	800033ca	4511	c.li	x10,4	 x10=0x00000004
      104257000	      5111	800033cc	01eb9913	slli	x18,x23,0x1e	 x23:0x00000004 x18=0x00000000
      104317000	      5114	800033d0	01e95913	srli	x18,x18,0x1e	 x18:0x00000000 x18=0x00000000
      104337000	      5115	800033d4	412503b3	sub	x7,x10,x18	 x10:0x00000004 x18:0x00000000  x7=0x00000004
      104397000	      5118	800033d8	13fd	c.addi	x7,-1	  x7:0x00000004  x7=0x00000003
      104417000	      5119	800033da	038e	c.slli	x7,0x3	  x7:0x00000003  x7=0x00000018
      104437000	      5120	800033dc	00781533	sll	x10,x16,x7	 x16:0x0f0f0f0f  x7:0x00000018 x10=0x0f000000
      104497000	      5123	800033e0	090e	c.slli	x18,0x3	 x18:0x00000000 x18=0x00000000
      104517000	      5124	800033e2	93ca	c.add	x7,x18	  x7:0x00000018 x18:0x00000000  x7=0x00000018
      104537000	      5125	800033e4	00755533	srl	x10,x10,x7	 x10:0x0f000000  x7:0x00000018 x10=0x0000000f
      104557000	      5126	800033e8	01b51393	slli	x7,x10,0x1b	 x10:0x0000000f  x7=0x78000000
      104577000	      5127	800033ec	01e3d393	srli	x7,x7,0x1e	  x7:0x78000000  x7=0x00000001
      104597000	      5128	800033f0	04038563	beq	x7,x0,8000343a	  x7:0x00000001  x0:0x00000000
      104617000	      5129	800033f4	4905	c.li	x18,1	 x18=0x00000001
      104637000	      5130	800033f6	05238363	beq	x7,x18,8000343c	  x7:0x00000001 x18:0x00000001
      104677000	      5132	8000343c	895e	c.mv	x18,x23	  x0:0x00000000 x23:0x00000004 x18=0x00000004
      104697000	      5133	8000343e	343023f3	csrrs	x7,mtval,x0	  x0:0x00000000  x7=0x8ffffffc
      104717000	      5134	80003442	0023d393	srli	x7,x7,0x2	  x7:0x8ffffffc  x7=0x23ffffff
      104737000	      5135	80003446	00091563	bne	x18,x0,80003450	 x18:0x00000004  x0:0x00000000
      104777000	      5137	80003450	fce3e1e3	bltu	x7,x14,80003412	  x7:0x23ffffff x14:0x20002a35
      104797000	      5138	80003454	fbb3ffe3	bgeu	x7,x27,80003412	  x7:0x23ffffff x27:0x200033cf
      104857000	      5141	80003412	895e	c.mv	x18,x23	  x0:0x00000000 x23:0x00000004 x18=0x00000004
      104877000	      5142	80003414	876e	c.mv	x14,x27	  x0:0x00000000 x27:0x200033cf x14=0x200033cf
      104897000	      5143	80003416	0905	c.addi	x18,1	 x18:0x00000004 x18=0x00000005
      104917000	      5144	80003418	8bca	c.mv	x23,x18	  x0:0x00000000 x18:0x00000005 x23=0x00000005
      104937000	      5145	8000341a	4dc1	c.li	x27,16	 x27=0x00000010
      104957000	      5146	8000341c	01b95363	bge	x18,x27,80003422	 x18:0x00000005 x27:0x00000010
      104977000	      5147	80003420	b55d	c.j	800032c6	
      105017000	      5149	800032c6	895e	c.mv	x18,x23	  x0:0x00000000 x23:0x00000005 x18=0x00000005
      105037000	      5150	800032c8	83ca	c.mv	x7,x18	  x0:0x00000000 x18:0x00000005  x7=0x00000005
      105057000	      5151	800032ca	4381	c.li	x7,0	  x7=0x00000000
      105077000	      5152	800032cc	04790f63	beq	x18,x7,8000332a	 x18:0x00000005  x7:0x00000000
      105097000	      5153	800032d0	4385	c.li	x7,1	  x7=0x00000001
      105117000	      5154	800032d2	06790163	beq	x18,x7,80003334	 x18:0x00000005  x7:0x00000001
      105137000	      5155	800032d6	4389	c.li	x7,2	  x7=0x00000002
      105157000	      5156	800032d8	06790363	beq	x18,x7,8000333e	 x18:0x00000005  x7:0x00000002
      105177000	      5157	800032dc	438d	c.li	x7,3	  x7=0x00000003
      105197000	      5158	800032de	06790563	beq	x18,x7,80003348	 x18:0x00000005  x7:0x00000003
      105217000	      5159	800032e2	4391	c.li	x7,4	  x7=0x00000004
      105237000	      5160	800032e4	06790763	beq	x18,x7,80003352	 x18:0x00000005  x7:0x00000004
      105257000	      5161	800032e8	4395	c.li	x7,5	  x7=0x00000005
      105277000	      5162	800032ea	06790963	beq	x18,x7,8000335c	 x18:0x00000005  x7:0x00000005
      105317000	      5164	8000335c	3b502df3	csrrs	x27,pmpaddr5,x0	  x0:0x00000000 x27=0x20003d68
      105337000	      5165	80003360	3a102873	csrrs	x16,pmpcfg1,x0	  x0:0x00000000 x16=0x0f0f0f0f
      105357000	      5166	80003364	a09d	c.j	800033ca	
      105417000	      5169	800033ca	4511	c.li	x10,4	 x10=0x00000004
      105437000	      5170	800033cc	01eb9913	slli	x18,x23,0x1e	 x23:0x00000005 x18=0x40000000
      105477000	      5172	800033d0	01e95913	srli	x18,x18,0x1e	 x18:0x40000000 x18=0x00000001
      105497000	      5173	800033d4	412503b3	sub	x7,x10,x18	 x10:0x00000004 x18:0x00000001  x7=0x00000003
      105517000	      5174	800033d8	13fd	c.addi	x7,-1	  x7:0x00000003  x7=0x00000002
      105537000	      5175	800033da	038e	c.slli	x7,0x3	  x7:0x00000002  x7=0x00000010
      105557000	      5176	800033dc	00781533	sll	x10,x16,x7	 x16:0x0f0f0f0f  x7:0x00000010 x10=0x0f0f0000
      105577000	      5177	800033e0	090e	c.slli	x18,0x3	 x18:0x00000001 x18=0x00000008
      105597000	      5178	800033e2	93ca	c.add	x7,x18	  x7:0x00000010 x18:0x00000008  x7=0x00000018
      105617000	      5179	800033e4	00755533	srl	x10,x10,x7	 x10:0x0f0f0000  x7:0x00000018 x10=0x0000000f
      105637000	      5180	800033e8	01b51393	slli	x7,x10,0x1b	 x10:0x0000000f  x7=0x78000000
      105657000	      5181	800033ec	01e3d393	srli	x7,x7,0x1e	  x7:0x78000000  x7=0x00000001
      105677000	      5182	800033f0	04038563	beq	x7,x0,8000343a	  x7:0x00000001  x0:0x00000000
      105697000	      5183	800033f4	4905	c.li	x18,1	 x18=0x00000001
      105717000	      5184	800033f6	05238363	beq	x7,x18,8000343c	  x7:0x00000001 x18:0x00000001
      105757000	      5186	8000343c	895e	c.mv	x18,x23	  x0:0x00000000 x23:0x00000005 x18=0x00000005
      105777000	      5187	8000343e	343023f3	csrrs	x7,mtval,x0	  x0:0x00000000  x7=0x8ffffffc
      105797000	      5188	80003442	0023d393	srli	x7,x7,0x2	  x7:0x8ffffffc  x7=0x23ffffff
      105857000	      5191	80003446	00091563	bne	x18,x0,80003450	 x18:0x00000005  x0:0x00000000
      105917000	      5194	80003450	fce3e1e3	bltu	x7,x14,80003412	  x7:0x23ffffff x14:0x200033cf
      105937000	      5195	80003454	fbb3ffe3	bgeu	x7,x27,80003412	  x7:0x23ffffff x27:0x20003d68
      105977000	      5197	80003412	895e	c.mv	x18,x23	  x0:0x00000000 x23:0x00000005 x18=0x00000005
      105997000	      5198	80003414	876e	c.mv	x14,x27	  x0:0x00000000 x27:0x20003d68 x14=0x20003d68
      106017000	      5199	80003416	0905	c.addi	x18,1	 x18:0x00000005 x18=0x00000006
      106037000	      5200	80003418	8bca	c.mv	x23,x18	  x0:0x00000000 x18:0x00000006 x23=0x00000006
      106057000	      5201	8000341a	4dc1	c.li	x27,16	 x27=0x00000010
      106077000	      5202	8000341c	01b95363	bge	x18,x27,80003422	 x18:0x00000006 x27:0x00000010
      106097000	      5203	80003420	b55d	c.j	800032c6	
      106137000	      5205	800032c6	895e	c.mv	x18,x23	  x0:0x00000000 x23:0x00000006 x18=0x00000006
      106157000	      5206	800032c8	83ca	c.mv	x7,x18	  x0:0x00000000 x18:0x00000006  x7=0x00000006
      106177000	      5207	800032ca	4381	c.li	x7,0	  x7=0x00000000
      106197000	      5208	800032cc	04790f63	beq	x18,x7,8000332a	 x18:0x00000006  x7:0x00000000
      106217000	      5209	800032d0	4385	c.li	x7,1	  x7=0x00000001
      106237000	      5210	800032d2	06790163	beq	x18,x7,80003334	 x18:0x00000006  x7:0x00000001
      106257000	      5211	800032d6	4389	c.li	x7,2	  x7=0x00000002
      106277000	      5212	800032d8	06790363	beq	x18,x7,8000333e	 x18:0x00000006  x7:0x00000002
      106297000	      5213	800032dc	438d	c.li	x7,3	  x7=0x00000003
      106317000	      5214	800032de	06790563	beq	x18,x7,80003348	 x18:0x00000006  x7:0x00000003
      106337000	      5215	800032e2	4391	c.li	x7,4	  x7=0x00000004
      106357000	      5216	800032e4	06790763	beq	x18,x7,80003352	 x18:0x00000006  x7:0x00000004
      106377000	      5217	800032e8	4395	c.li	x7,5	  x7=0x00000005
      106397000	      5218	800032ea	06790963	beq	x18,x7,8000335c	 x18:0x00000006  x7:0x00000005
      106417000	      5219	800032ee	4399	c.li	x7,6	  x7=0x00000006
      106437000	      5220	800032f0	06790b63	beq	x18,x7,80003366	 x18:0x00000006  x7:0x00000006
      106497000	      5223	80003366	3b602df3	csrrs	x27,pmpaddr6,x0	  x0:0x00000000 x27=0x20004702
      106517000	      5224	8000336a	3a102873	csrrs	x16,pmpcfg1,x0	  x0:0x00000000 x16=0x0f0f0f0f
      106537000	      5225	8000336e	a8b1	c.j	800033ca	
      106577000	      5227	800033ca	4511	c.li	x10,4	 x10=0x00000004
      106597000	      5228	800033cc	01eb9913	slli	x18,x23,0x1e	 x23:0x00000006 x18=0x80000000
      106617000	      5229	800033d0	01e95913	srli	x18,x18,0x1e	 x18:0x80000000 x18=0x00000002
      106637000	      5230	800033d4	412503b3	sub	x7,x10,x18	 x10:0x00000004 x18:0x00000002  x7=0x00000002
      106657000	      5231	800033d8	13fd	c.addi	x7,-1	  x7:0x00000002  x7=0x00000001
      106677000	      5232	800033da	038e	c.slli	x7,0x3	  x7:0x00000001  x7=0x00000008
      106697000	      5233	800033dc	00781533	sll	x10,x16,x7	 x16:0x0f0f0f0f  x7:0x00000008 x10=0x0f0f0f00
      106717000	      5234	800033e0	090e	c.slli	x18,0x3	 x18:0x00000002 x18=0x00000010
      106737000	      5235	800033e2	93ca	c.add	x7,x18	  x7:0x00000008 x18:0x00000010  x7=0x00000018
      106757000	      5236	800033e4	00755533	srl	x10,x10,x7	 x10:0x0f0f0f00  x7:0x00000018 x10=0x0000000f
      106777000	      5237	800033e8	01b51393	slli	x7,x10,0x1b	 x10:0x0000000f  x7=0x78000000
      106797000	      5238	800033ec	01e3d393	srli	x7,x7,0x1e	  x7:0x78000000  x7=0x00000001
      106817000	      5239	800033f0	04038563	beq	x7,x0,8000343a	  x7:0x00000001  x0:0x00000000
      106837000	      5240	800033f4	4905	c.li	x18,1	 x18=0x00000001
      106857000	      5241	800033f6	05238363	beq	x7,x18,8000343c	  x7:0x00000001 x18:0x00000001
      106897000	      5243	8000343c	895e	c.mv	x18,x23	  x0:0x00000000 x23:0x00000006 x18=0x00000006
      106917000	      5244	8000343e	343023f3	csrrs	x7,mtval,x0	  x0:0x00000000  x7=0x8ffffffc
      106937000	      5245	80003442	0023d393	srli	x7,x7,0x2	  x7:0x8ffffffc  x7=0x23ffffff
      106997000	      5248	80003446	00091563	bne	x18,x0,80003450	 x18:0x00000006  x0:0x00000000
      107037000	      5250	80003450	fce3e1e3	bltu	x7,x14,80003412	  x7:0x23ffffff x14:0x20003d68
      107057000	      5251	80003454	fbb3ffe3	bgeu	x7,x27,80003412	  x7:0x23ffffff x27:0x20004702
      107117000	      5254	80003412	895e	c.mv	x18,x23	  x0:0x00000000 x23:0x00000006 x18=0x00000006
      107137000	      5255	80003414	876e	c.mv	x14,x27	  x0:0x00000000 x27:0x20004702 x14=0x20004702
      107157000	      5256	80003416	0905	c.addi	x18,1	 x18:0x00000006 x18=0x00000007
      107177000	      5257	80003418	8bca	c.mv	x23,x18	  x0:0x00000000 x18:0x00000007 x23=0x00000007
      107197000	      5258	8000341a	4dc1	c.li	x27,16	 x27=0x00000010
      107217000	      5259	8000341c	01b95363	bge	x18,x27,80003422	 x18:0x00000007 x27:0x00000010
      107237000	      5260	80003420	b55d	c.j	800032c6	
      107277000	      5262	800032c6	895e	c.mv	x18,x23	  x0:0x00000000 x23:0x00000007 x18=0x00000007
      107297000	      5263	800032c8	83ca	c.mv	x7,x18	  x0:0x00000000 x18:0x00000007  x7=0x00000007
      107317000	      5264	800032ca	4381	c.li	x7,0	  x7=0x00000000
      107337000	      5265	800032cc	04790f63	beq	x18,x7,8000332a	 x18:0x00000007  x7:0x00000000
      107357000	      5266	800032d0	4385	c.li	x7,1	  x7=0x00000001
      107377000	      5267	800032d2	06790163	beq	x18,x7,80003334	 x18:0x00000007  x7:0x00000001
      107397000	      5268	800032d6	4389	c.li	x7,2	  x7=0x00000002
      107417000	      5269	800032d8	06790363	beq	x18,x7,8000333e	 x18:0x00000007  x7:0x00000002
      107437000	      5270	800032dc	438d	c.li	x7,3	  x7=0x00000003
      107457000	      5271	800032de	06790563	beq	x18,x7,80003348	 x18:0x00000007  x7:0x00000003
      107477000	      5272	800032e2	4391	c.li	x7,4	  x7=0x00000004
      107497000	      5273	800032e4	06790763	beq	x18,x7,80003352	 x18:0x00000007  x7:0x00000004
      107517000	      5274	800032e8	4395	c.li	x7,5	  x7=0x00000005
      107537000	      5275	800032ea	06790963	beq	x18,x7,8000335c	 x18:0x00000007  x7:0x00000005
      107557000	      5276	800032ee	4399	c.li	x7,6	  x7=0x00000006
      107577000	      5277	800032f0	06790b63	beq	x18,x7,80003366	 x18:0x00000007  x7:0x00000006
      107597000	      5278	800032f4	439d	c.li	x7,7	  x7=0x00000007
      107617000	      5279	800032f6	06790d63	beq	x18,x7,80003370	 x18:0x00000007  x7:0x00000007
      107657000	      5281	80003370	3b702df3	csrrs	x27,pmpaddr7,x0	  x0:0x00000000 x27=0x2000509b
      107677000	      5282	80003374	3a102873	csrrs	x16,pmpcfg1,x0	  x0:0x00000000 x16=0x0f0f0f0f
      107697000	      5283	80003378	a889	c.j	800033ca	
      107737000	      5285	800033ca	4511	c.li	x10,4	 x10=0x00000004
      107757000	      5286	800033cc	01eb9913	slli	x18,x23,0x1e	 x23:0x00000007 x18=0xc0000000
      107777000	      5287	800033d0	01e95913	srli	x18,x18,0x1e	 x18:0xc0000000 x18=0x00000003
      107797000	      5288	800033d4	412503b3	sub	x7,x10,x18	 x10:0x00000004 x18:0x00000003  x7=0x00000001
      107817000	      5289	800033d8	13fd	c.addi	x7,-1	  x7:0x00000001  x7=0x00000000
      107837000	      5290	800033da	038e	c.slli	x7,0x3	  x7:0x00000000  x7=0x00000000
      107857000	      5291	800033dc	00781533	sll	x10,x16,x7	 x16:0x0f0f0f0f  x7:0x00000000 x10=0x0f0f0f0f
      107877000	      5292	800033e0	090e	c.slli	x18,0x3	 x18:0x00000003 x18=0x00000018
      107897000	      5293	800033e2	93ca	c.add	x7,x18	  x7:0x00000000 x18:0x00000018  x7=0x00000018
      107917000	      5294	800033e4	00755533	srl	x10,x10,x7	 x10:0x0f0f0f0f  x7:0x00000018 x10=0x0000000f
      107937000	      5295	800033e8	01b51393	slli	x7,x10,0x1b	 x10:0x0000000f  x7=0x78000000
      107957000	      5296	800033ec	01e3d393	srli	x7,x7,0x1e	  x7:0x78000000  x7=0x00000001
      107977000	      5297	800033f0	04038563	beq	x7,x0,8000343a	  x7:0x00000001  x0:0x00000000
      107997000	      5298	800033f4	4905	c.li	x18,1	 x18=0x00000001
      108017000	      5299	800033f6	05238363	beq	x7,x18,8000343c	  x7:0x00000001 x18:0x00000001
      108057000	      5301	8000343c	895e	c.mv	x18,x23	  x0:0x00000000 x23:0x00000007 x18=0x00000007
      108077000	      5302	8000343e	343023f3	csrrs	x7,mtval,x0	  x0:0x00000000  x7=0x8ffffffc
      108097000	      5303	80003442	0023d393	srli	x7,x7,0x2	  x7:0x8ffffffc  x7=0x23ffffff
      108117000	      5304	80003446	00091563	bne	x18,x0,80003450	 x18:0x00000007  x0:0x00000000
      108157000	      5306	80003450	fce3e1e3	bltu	x7,x14,80003412	  x7:0x23ffffff x14:0x20004702
      108177000	      5307	80003454	fbb3ffe3	bgeu	x7,x27,80003412	  x7:0x23ffffff x27:0x2000509b
      108237000	      5310	80003412	895e	c.mv	x18,x23	  x0:0x00000000 x23:0x00000007 x18=0x00000007
      108257000	      5311	80003414	876e	c.mv	x14,x27	  x0:0x00000000 x27:0x2000509b x14=0x2000509b
      108277000	      5312	80003416	0905	c.addi	x18,1	 x18:0x00000007 x18=0x00000008
      108297000	      5313	80003418	8bca	c.mv	x23,x18	  x0:0x00000000 x18:0x00000008 x23=0x00000008
      108317000	      5314	8000341a	4dc1	c.li	x27,16	 x27=0x00000010
      108337000	      5315	8000341c	01b95363	bge	x18,x27,80003422	 x18:0x00000008 x27:0x00000010
      108357000	      5316	80003420	b55d	c.j	800032c6	
      108397000	      5318	800032c6	895e	c.mv	x18,x23	  x0:0x00000000 x23:0x00000008 x18=0x00000008
      108417000	      5319	800032c8	83ca	c.mv	x7,x18	  x0:0x00000000 x18:0x00000008  x7=0x00000008
      108437000	      5320	800032ca	4381	c.li	x7,0	  x7=0x00000000
      108457000	      5321	800032cc	04790f63	beq	x18,x7,8000332a	 x18:0x00000008  x7:0x00000000
      108477000	      5322	800032d0	4385	c.li	x7,1	  x7=0x00000001
      108497000	      5323	800032d2	06790163	beq	x18,x7,80003334	 x18:0x00000008  x7:0x00000001
      108517000	      5324	800032d6	4389	c.li	x7,2	  x7=0x00000002
      108537000	      5325	800032d8	06790363	beq	x18,x7,8000333e	 x18:0x00000008  x7:0x00000002
      108557000	      5326	800032dc	438d	c.li	x7,3	  x7=0x00000003
      108577000	      5327	800032de	06790563	beq	x18,x7,80003348	 x18:0x00000008  x7:0x00000003
      108597000	      5328	800032e2	4391	c.li	x7,4	  x7=0x00000004
      108617000	      5329	800032e4	06790763	beq	x18,x7,80003352	 x18:0x00000008  x7:0x00000004
      108637000	      5330	800032e8	4395	c.li	x7,5	  x7=0x00000005
      108657000	      5331	800032ea	06790963	beq	x18,x7,8000335c	 x18:0x00000008  x7:0x00000005
      108677000	      5332	800032ee	4399	c.li	x7,6	  x7=0x00000006
      108697000	      5333	800032f0	06790b63	beq	x18,x7,80003366	 x18:0x00000008  x7:0x00000006
      108717000	      5334	800032f4	439d	c.li	x7,7	  x7=0x00000007
      108737000	      5335	800032f6	06790d63	beq	x18,x7,80003370	 x18:0x00000008  x7:0x00000007
      108757000	      5336	800032fa	43a1	c.li	x7,8	  x7=0x00000008
      108777000	      5337	800032fc	06790f63	beq	x18,x7,8000337a	 x18:0x00000008  x7:0x00000008
      108837000	      5340	8000337a	3b802df3	csrrs	x27,pmpaddr8,x0	  x0:0x00000000 x27=0x20005a35
      108857000	      5341	8000337e	3a202873	csrrs	x16,pmpcfg2,x0	  x0:0x00000000 x16=0x0f0f0f0f
      108877000	      5342	80003382	a0a1	c.j	800033ca	
      108937000	      5345	800033ca	4511	c.li	x10,4	 x10=0x00000004
      108957000	      5346	800033cc	01eb9913	slli	x18,x23,0x1e	 x23:0x00000008 x18=0x00000000
      109017000	      5349	800033d0	01e95913	srli	x18,x18,0x1e	 x18:0x00000000 x18=0x00000000
      109037000	      5350	800033d4	412503b3	sub	x7,x10,x18	 x10:0x00000004 x18:0x00000000  x7=0x00000004
      109097000	      5353	800033d8	13fd	c.addi	x7,-1	  x7:0x00000004  x7=0x00000003
      109117000	      5354	800033da	038e	c.slli	x7,0x3	  x7:0x00000003  x7=0x00000018
      109137000	      5355	800033dc	00781533	sll	x10,x16,x7	 x16:0x0f0f0f0f  x7:0x00000018 x10=0x0f000000
      109157000	      5356	800033e0	090e	c.slli	x18,0x3	 x18:0x00000000 x18=0x00000000
      109177000	      5357	800033e2	93ca	c.add	x7,x18	  x7:0x00000018 x18:0x00000000  x7=0x00000018
      109197000	      5358	800033e4	00755533	srl	x10,x10,x7	 x10:0x0f000000  x7:0x00000018 x10=0x0000000f
      109217000	      5359	800033e8	01b51393	slli	x7,x10,0x1b	 x10:0x0000000f  x7=0x78000000
      109237000	      5360	800033ec	01e3d393	srli	x7,x7,0x1e	  x7:0x78000000  x7=0x00000001
      109257000	      5361	800033f0	04038563	beq	x7,x0,8000343a	  x7:0x00000001  x0:0x00000000
      109277000	      5362	800033f4	4905	c.li	x18,1	 x18=0x00000001
      109297000	      5363	800033f6	05238363	beq	x7,x18,8000343c	  x7:0x00000001 x18:0x00000001
      109337000	      5365	8000343c	895e	c.mv	x18,x23	  x0:0x00000000 x23:0x00000008 x18=0x00000008
      109357000	      5366	8000343e	343023f3	csrrs	x7,mtval,x0	  x0:0x00000000  x7=0x8ffffffc
      109377000	      5367	80003442	0023d393	srli	x7,x7,0x2	  x7:0x8ffffffc  x7=0x23ffffff
      109397000	      5368	80003446	00091563	bne	x18,x0,80003450	 x18:0x00000008  x0:0x00000000
      109437000	      5370	80003450	fce3e1e3	bltu	x7,x14,80003412	  x7:0x23ffffff x14:0x2000509b
      109457000	      5371	80003454	fbb3ffe3	bgeu	x7,x27,80003412	  x7:0x23ffffff x27:0x20005a35
      109517000	      5374	80003412	895e	c.mv	x18,x23	  x0:0x00000000 x23:0x00000008 x18=0x00000008
      109537000	      5375	80003414	876e	c.mv	x14,x27	  x0:0x00000000 x27:0x20005a35 x14=0x20005a35
      109557000	      5376	80003416	0905	c.addi	x18,1	 x18:0x00000008 x18=0x00000009
      109577000	      5377	80003418	8bca	c.mv	x23,x18	  x0:0x00000000 x18:0x00000009 x23=0x00000009
      109597000	      5378	8000341a	4dc1	c.li	x27,16	 x27=0x00000010
      109617000	      5379	8000341c	01b95363	bge	x18,x27,80003422	 x18:0x00000009 x27:0x00000010
      109637000	      5380	80003420	b55d	c.j	800032c6	
      109677000	      5382	800032c6	895e	c.mv	x18,x23	  x0:0x00000000 x23:0x00000009 x18=0x00000009
      109697000	      5383	800032c8	83ca	c.mv	x7,x18	  x0:0x00000000 x18:0x00000009  x7=0x00000009
      109717000	      5384	800032ca	4381	c.li	x7,0	  x7=0x00000000
      109737000	      5385	800032cc	04790f63	beq	x18,x7,8000332a	 x18:0x00000009  x7:0x00000000
      109757000	      5386	800032d0	4385	c.li	x7,1	  x7=0x00000001
      109777000	      5387	800032d2	06790163	beq	x18,x7,80003334	 x18:0x00000009  x7:0x00000001
      109797000	      5388	800032d6	4389	c.li	x7,2	  x7=0x00000002
      109817000	      5389	800032d8	06790363	beq	x18,x7,8000333e	 x18:0x00000009  x7:0x00000002
      109837000	      5390	800032dc	438d	c.li	x7,3	  x7=0x00000003
      109857000	      5391	800032de	06790563	beq	x18,x7,80003348	 x18:0x00000009  x7:0x00000003
      109877000	      5392	800032e2	4391	c.li	x7,4	  x7=0x00000004
      109897000	      5393	800032e4	06790763	beq	x18,x7,80003352	 x18:0x00000009  x7:0x00000004
      109917000	      5394	800032e8	4395	c.li	x7,5	  x7=0x00000005
      109937000	      5395	800032ea	06790963	beq	x18,x7,8000335c	 x18:0x00000009  x7:0x00000005
      109957000	      5396	800032ee	4399	c.li	x7,6	  x7=0x00000006
      109977000	      5397	800032f0	06790b63	beq	x18,x7,80003366	 x18:0x00000009  x7:0x00000006
      109997000	      5398	800032f4	439d	c.li	x7,7	  x7=0x00000007
      110017000	      5399	800032f6	06790d63	beq	x18,x7,80003370	 x18:0x00000009  x7:0x00000007
      110037000	      5400	800032fa	43a1	c.li	x7,8	  x7=0x00000008
      110057000	      5401	800032fc	06790f63	beq	x18,x7,8000337a	 x18:0x00000009  x7:0x00000008
      110077000	      5402	80003300	43a5	c.li	x7,9	  x7=0x00000009
      110097000	      5403	80003302	08790163	beq	x18,x7,80003384	 x18:0x00000009  x7:0x00000009
      110137000	      5405	80003384	3b902df3	csrrs	x27,pmpaddr9,x0	  x0:0x00000000 x27=0x200063ce
      110157000	      5406	80003388	3a202873	csrrs	x16,pmpcfg2,x0	  x0:0x00000000 x16=0x0f0f0f0f
      110177000	      5407	8000338c	a83d	c.j	800033ca	
      110237000	      5410	800033ca	4511	c.li	x10,4	 x10=0x00000004
      110257000	      5411	800033cc	01eb9913	slli	x18,x23,0x1e	 x23:0x00000009 x18=0x40000000
      110277000	      5412	800033d0	01e95913	srli	x18,x18,0x1e	 x18:0x40000000 x18=0x00000001
      110297000	      5413	800033d4	412503b3	sub	x7,x10,x18	 x10:0x00000004 x18:0x00000001  x7=0x00000003
      110317000	      5414	800033d8	13fd	c.addi	x7,-1	  x7:0x00000003  x7=0x00000002
      110337000	      5415	800033da	038e	c.slli	x7,0x3	  x7:0x00000002  x7=0x00000010
      110357000	      5416	800033dc	00781533	sll	x10,x16,x7	 x16:0x0f0f0f0f  x7:0x00000010 x10=0x0f0f0000
      110377000	      5417	800033e0	090e	c.slli	x18,0x3	 x18:0x00000001 x18=0x00000008
      110397000	      5418	800033e2	93ca	c.add	x7,x18	  x7:0x00000010 x18:0x00000008  x7=0x00000018
      110417000	      5419	800033e4	00755533	srl	x10,x10,x7	 x10:0x0f0f0000  x7:0x00000018 x10=0x0000000f
      110437000	      5420	800033e8	01b51393	slli	x7,x10,0x1b	 x10:0x0000000f  x7=0x78000000
      110457000	      5421	800033ec	01e3d393	srli	x7,x7,0x1e	  x7:0x78000000  x7=0x00000001
      110477000	      5422	800033f0	04038563	beq	x7,x0,8000343a	  x7:0x00000001  x0:0x00000000
      110497000	      5423	800033f4	4905	c.li	x18,1	 x18=0x00000001
      110517000	      5424	800033f6	05238363	beq	x7,x18,8000343c	  x7:0x00000001 x18:0x00000001
      110557000	      5426	8000343c	895e	c.mv	x18,x23	  x0:0x00000000 x23:0x00000009 x18=0x00000009
      110577000	      5427	8000343e	343023f3	csrrs	x7,mtval,x0	  x0:0x00000000  x7=0x8ffffffc
      110597000	      5428	80003442	0023d393	srli	x7,x7,0x2	  x7:0x8ffffffc  x7=0x23ffffff
      110657000	      5431	80003446	00091563	bne	x18,x0,80003450	 x18:0x00000009  x0:0x00000000
      110717000	      5434	80003450	fce3e1e3	bltu	x7,x14,80003412	  x7:0x23ffffff x14:0x20005a35
      110737000	      5435	80003454	fbb3ffe3	bgeu	x7,x27,80003412	  x7:0x23ffffff x27:0x200063ce
      110797000	      5438	80003412	895e	c.mv	x18,x23	  x0:0x00000000 x23:0x00000009 x18=0x00000009
      110817000	      5439	80003414	876e	c.mv	x14,x27	  x0:0x00000000 x27:0x200063ce x14=0x200063ce
      110837000	      5440	80003416	0905	c.addi	x18,1	 x18:0x00000009 x18=0x0000000a
      110857000	      5441	80003418	8bca	c.mv	x23,x18	  x0:0x00000000 x18:0x0000000a x23=0x0000000a
      110877000	      5442	8000341a	4dc1	c.li	x27,16	 x27=0x00000010
      110897000	      5443	8000341c	01b95363	bge	x18,x27,80003422	 x18:0x0000000a x27:0x00000010
      110917000	      5444	80003420	b55d	c.j	800032c6	
      110957000	      5446	800032c6	895e	c.mv	x18,x23	  x0:0x00000000 x23:0x0000000a x18=0x0000000a
      110977000	      5447	800032c8	83ca	c.mv	x7,x18	  x0:0x00000000 x18:0x0000000a  x7=0x0000000a
      110997000	      5448	800032ca	4381	c.li	x7,0	  x7=0x00000000
      111017000	      5449	800032cc	04790f63	beq	x18,x7,8000332a	 x18:0x0000000a  x7:0x00000000
      111077000	      5452	800032d0	4385	c.li	x7,1	  x7=0x00000001
      111097000	      5453	800032d2	06790163	beq	x18,x7,80003334	 x18:0x0000000a  x7:0x00000001
      111117000	      5454	800032d6	4389	c.li	x7,2	  x7=0x00000002
      111157000	      5456	800032d8	06790363	beq	x18,x7,8000333e	 x18:0x0000000a  x7:0x00000002
      111177000	      5457	800032dc	438d	c.li	x7,3	  x7=0x00000003
      111237000	      5460	800032de	06790563	beq	x18,x7,80003348	 x18:0x0000000a  x7:0x00000003
      111257000	      5461	800032e2	4391	c.li	x7,4	  x7=0x00000004
      111277000	      5462	800032e4	06790763	beq	x18,x7,80003352	 x18:0x0000000a  x7:0x00000004
      111337000	      5465	800032e8	4395	c.li	x7,5	  x7=0x00000005
      111357000	      5466	800032ea	06790963	beq	x18,x7,8000335c	 x18:0x0000000a  x7:0x00000005
      111377000	      5467	800032ee	4399	c.li	x7,6	  x7=0x00000006
      111417000	      5469	800032f0	06790b63	beq	x18,x7,80003366	 x18:0x0000000a  x7:0x00000006
      111437000	      5470	800032f4	439d	c.li	x7,7	  x7=0x00000007
      111497000	      5473	800032f6	06790d63	beq	x18,x7,80003370	 x18:0x0000000a  x7:0x00000007
      111517000	      5474	800032fa	43a1	c.li	x7,8	  x7=0x00000008
      111537000	      5475	800032fc	06790f63	beq	x18,x7,8000337a	 x18:0x0000000a  x7:0x00000008
      111557000	      5476	80003300	43a5	c.li	x7,9	  x7=0x00000009
      111577000	      5477	80003302	08790163	beq	x18,x7,80003384	 x18:0x0000000a  x7:0x00000009
      111597000	      5478	80003306	43a9	c.li	x7,10	  x7=0x0000000a
      111617000	      5479	80003308	08790363	beq	x18,x7,8000338e	 x18:0x0000000a  x7:0x0000000a
      111697000	      5483	8000338e	3ba02df3	csrrs	x27,pmpaddr10,x0	  x0:0x00000000 x27=0x20006d68
      111717000	      5484	80003392	3a202873	csrrs	x16,pmpcfg2,x0	  x0:0x00000000 x16=0x0f0f0f0f
      111737000	      5485	80003396	a815	c.j	800033ca	
      111777000	      5487	800033ca	4511	c.li	x10,4	 x10=0x00000004
      111797000	      5488	800033cc	01eb9913	slli	x18,x23,0x1e	 x23:0x0000000a x18=0x80000000
      111817000	      5489	800033d0	01e95913	srli	x18,x18,0x1e	 x18:0x80000000 x18=0x00000002
      111837000	      5490	800033d4	412503b3	sub	x7,x10,x18	 x10:0x00000004 x18:0x00000002  x7=0x00000002
      111857000	      5491	800033d8	13fd	c.addi	x7,-1	  x7:0x00000002  x7=0x00000001
      111877000	      5492	800033da	038e	c.slli	x7,0x3	  x7:0x00000001  x7=0x00000008
      111897000	      5493	800033dc	00781533	sll	x10,x16,x7	 x16:0x0f0f0f0f  x7:0x00000008 x10=0x0f0f0f00
      111917000	      5494	800033e0	090e	c.slli	x18,0x3	 x18:0x00000002 x18=0x00000010
      111937000	      5495	800033e2	93ca	c.add	x7,x18	  x7:0x00000008 x18:0x00000010  x7=0x00000018
      111957000	      5496	800033e4	00755533	srl	x10,x10,x7	 x10:0x0f0f0f00  x7:0x00000018 x10=0x0000000f
      111977000	      5497	800033e8	01b51393	slli	x7,x10,0x1b	 x10:0x0000000f  x7=0x78000000
      111997000	      5498	800033ec	01e3d393	srli	x7,x7,0x1e	  x7:0x78000000  x7=0x00000001
      112017000	      5499	800033f0	04038563	beq	x7,x0,8000343a	  x7:0x00000001  x0:0x00000000
      112037000	      5500	800033f4	4905	c.li	x18,1	 x18=0x00000001
      112057000	      5501	800033f6	05238363	beq	x7,x18,8000343c	  x7:0x00000001 x18:0x00000001
      112097000	      5503	8000343c	895e	c.mv	x18,x23	  x0:0x00000000 x23:0x0000000a x18=0x0000000a
      112117000	      5504	8000343e	343023f3	csrrs	x7,mtval,x0	  x0:0x00000000  x7=0x8ffffffc
      112137000	      5505	80003442	0023d393	srli	x7,x7,0x2	  x7:0x8ffffffc  x7=0x23ffffff
      112157000	      5506	80003446	00091563	bne	x18,x0,80003450	 x18:0x0000000a  x0:0x00000000
      112197000	      5508	80003450	fce3e1e3	bltu	x7,x14,80003412	  x7:0x23ffffff x14:0x200063ce
      112217000	      5509	80003454	fbb3ffe3	bgeu	x7,x27,80003412	  x7:0x23ffffff x27:0x20006d68
      112277000	      5512	80003412	895e	c.mv	x18,x23	  x0:0x00000000 x23:0x0000000a x18=0x0000000a
      112297000	      5513	80003414	876e	c.mv	x14,x27	  x0:0x00000000 x27:0x20006d68 x14=0x20006d68
      112317000	      5514	80003416	0905	c.addi	x18,1	 x18:0x0000000a x18=0x0000000b
      112337000	      5515	80003418	8bca	c.mv	x23,x18	  x0:0x00000000 x18:0x0000000b x23=0x0000000b
      112357000	      5516	8000341a	4dc1	c.li	x27,16	 x27=0x00000010
      112377000	      5517	8000341c	01b95363	bge	x18,x27,80003422	 x18:0x0000000b x27:0x00000010
      112397000	      5518	80003420	b55d	c.j	800032c6	
      112437000	      5520	800032c6	895e	c.mv	x18,x23	  x0:0x00000000 x23:0x0000000b x18=0x0000000b
      112457000	      5521	800032c8	83ca	c.mv	x7,x18	  x0:0x00000000 x18:0x0000000b  x7=0x0000000b
      112477000	      5522	800032ca	4381	c.li	x7,0	  x7=0x00000000
      112497000	      5523	800032cc	04790f63	beq	x18,x7,8000332a	 x18:0x0000000b  x7:0x00000000
      112537000	      5525	800032d0	4385	c.li	x7,1	  x7=0x00000001
      112557000	      5526	800032d2	06790163	beq	x18,x7,80003334	 x18:0x0000000b  x7:0x00000001
      112577000	      5527	800032d6	4389	c.li	x7,2	  x7=0x00000002
      112597000	      5528	800032d8	06790363	beq	x18,x7,8000333e	 x18:0x0000000b  x7:0x00000002
      112617000	      5529	800032dc	438d	c.li	x7,3	  x7=0x00000003
      112637000	      5530	800032de	06790563	beq	x18,x7,80003348	 x18:0x0000000b  x7:0x00000003
      112657000	      5531	800032e2	4391	c.li	x7,4	  x7=0x00000004
      112677000	      5532	800032e4	06790763	beq	x18,x7,80003352	 x18:0x0000000b  x7:0x00000004
      112697000	      5533	800032e8	4395	c.li	x7,5	  x7=0x00000005
      112717000	      5534	800032ea	06790963	beq	x18,x7,8000335c	 x18:0x0000000b  x7:0x00000005
      112737000	      5535	800032ee	4399	c.li	x7,6	  x7=0x00000006
      112757000	      5536	800032f0	06790b63	beq	x18,x7,80003366	 x18:0x0000000b  x7:0x00000006
      112777000	      5537	800032f4	439d	c.li	x7,7	  x7=0x00000007
      112797000	      5538	800032f6	06790d63	beq	x18,x7,80003370	 x18:0x0000000b  x7:0x00000007
      112817000	      5539	800032fa	43a1	c.li	x7,8	  x7=0x00000008
      112837000	      5540	800032fc	06790f63	beq	x18,x7,8000337a	 x18:0x0000000b  x7:0x00000008
      112857000	      5541	80003300	43a5	c.li	x7,9	  x7=0x00000009
      112877000	      5542	80003302	08790163	beq	x18,x7,80003384	 x18:0x0000000b  x7:0x00000009
      112897000	      5543	80003306	43a9	c.li	x7,10	  x7=0x0000000a
      112917000	      5544	80003308	08790363	beq	x18,x7,8000338e	 x18:0x0000000b  x7:0x0000000a
      112937000	      5545	8000330c	43ad	c.li	x7,11	  x7=0x0000000b
      112957000	      5546	8000330e	08790563	beq	x18,x7,80003398	 x18:0x0000000b  x7:0x0000000b
      112997000	      5548	80003398	3bb02df3	csrrs	x27,pmpaddr11,x0	  x0:0x00000000 x27=0x20007701
      113017000	      5549	8000339c	3a202873	csrrs	x16,pmpcfg2,x0	  x0:0x00000000 x16=0x0f0f0f0f
      113037000	      5550	800033a0	a02d	c.j	800033ca	
      113097000	      5553	800033ca	4511	c.li	x10,4	 x10=0x00000004
      113117000	      5554	800033cc	01eb9913	slli	x18,x23,0x1e	 x23:0x0000000b x18=0xc0000000
      113137000	      5555	800033d0	01e95913	srli	x18,x18,0x1e	 x18:0xc0000000 x18=0x00000003
      113157000	      5556	800033d4	412503b3	sub	x7,x10,x18	 x10:0x00000004 x18:0x00000003  x7=0x00000001
      113177000	      5557	800033d8	13fd	c.addi	x7,-1	  x7:0x00000001  x7=0x00000000
      113197000	      5558	800033da	038e	c.slli	x7,0x3	  x7:0x00000000  x7=0x00000000
      113217000	      5559	800033dc	00781533	sll	x10,x16,x7	 x16:0x0f0f0f0f  x7:0x00000000 x10=0x0f0f0f0f
      113237000	      5560	800033e0	090e	c.slli	x18,0x3	 x18:0x00000003 x18=0x00000018
      113257000	      5561	800033e2	93ca	c.add	x7,x18	  x7:0x00000000 x18:0x00000018  x7=0x00000018
      113277000	      5562	800033e4	00755533	srl	x10,x10,x7	 x10:0x0f0f0f0f  x7:0x00000018 x10=0x0000000f
      113297000	      5563	800033e8	01b51393	slli	x7,x10,0x1b	 x10:0x0000000f  x7=0x78000000
      113317000	      5564	800033ec	01e3d393	srli	x7,x7,0x1e	  x7:0x78000000  x7=0x00000001
      113337000	      5565	800033f0	04038563	beq	x7,x0,8000343a	  x7:0x00000001  x0:0x00000000
      113357000	      5566	800033f4	4905	c.li	x18,1	 x18=0x00000001
      113377000	      5567	800033f6	05238363	beq	x7,x18,8000343c	  x7:0x00000001 x18:0x00000001
      113417000	      5569	8000343c	895e	c.mv	x18,x23	  x0:0x00000000 x23:0x0000000b x18=0x0000000b
      113437000	      5570	8000343e	343023f3	csrrs	x7,mtval,x0	  x0:0x00000000  x7=0x8ffffffc
      113457000	      5571	80003442	0023d393	srli	x7,x7,0x2	  x7:0x8ffffffc  x7=0x23ffffff
      113477000	      5572	80003446	00091563	bne	x18,x0,80003450	 x18:0x0000000b  x0:0x00000000
      113517000	      5574	80003450	fce3e1e3	bltu	x7,x14,80003412	  x7:0x23ffffff x14:0x20006d68
      113537000	      5575	80003454	fbb3ffe3	bgeu	x7,x27,80003412	  x7:0x23ffffff x27:0x20007701
      113577000	      5577	80003412	895e	c.mv	x18,x23	  x0:0x00000000 x23:0x0000000b x18=0x0000000b
      113597000	      5578	80003414	876e	c.mv	x14,x27	  x0:0x00000000 x27:0x20007701 x14=0x20007701
      113617000	      5579	80003416	0905	c.addi	x18,1	 x18:0x0000000b x18=0x0000000c
      113637000	      5580	80003418	8bca	c.mv	x23,x18	  x0:0x00000000 x18:0x0000000c x23=0x0000000c
      113657000	      5581	8000341a	4dc1	c.li	x27,16	 x27=0x00000010
      113677000	      5582	8000341c	01b95363	bge	x18,x27,80003422	 x18:0x0000000c x27:0x00000010
      113697000	      5583	80003420	b55d	c.j	800032c6	
      113737000	      5585	800032c6	895e	c.mv	x18,x23	  x0:0x00000000 x23:0x0000000c x18=0x0000000c
      113757000	      5586	800032c8	83ca	c.mv	x7,x18	  x0:0x00000000 x18:0x0000000c  x7=0x0000000c
      113777000	      5587	800032ca	4381	c.li	x7,0	  x7=0x00000000
      113797000	      5588	800032cc	04790f63	beq	x18,x7,8000332a	 x18:0x0000000c  x7:0x00000000
      113817000	      5589	800032d0	4385	c.li	x7,1	  x7=0x00000001
      113837000	      5590	800032d2	06790163	beq	x18,x7,80003334	 x18:0x0000000c  x7:0x00000001
      113857000	      5591	800032d6	4389	c.li	x7,2	  x7=0x00000002
      113877000	      5592	800032d8	06790363	beq	x18,x7,8000333e	 x18:0x0000000c  x7:0x00000002
      113897000	      5593	800032dc	438d	c.li	x7,3	  x7=0x00000003
      113917000	      5594	800032de	06790563	beq	x18,x7,80003348	 x18:0x0000000c  x7:0x00000003
      113937000	      5595	800032e2	4391	c.li	x7,4	  x7=0x00000004
      113957000	      5596	800032e4	06790763	beq	x18,x7,80003352	 x18:0x0000000c  x7:0x00000004
      113977000	      5597	800032e8	4395	c.li	x7,5	  x7=0x00000005
      113997000	      5598	800032ea	06790963	beq	x18,x7,8000335c	 x18:0x0000000c  x7:0x00000005
      114017000	      5599	800032ee	4399	c.li	x7,6	  x7=0x00000006
      114037000	      5600	800032f0	06790b63	beq	x18,x7,80003366	 x18:0x0000000c  x7:0x00000006
      114057000	      5601	800032f4	439d	c.li	x7,7	  x7=0x00000007
      114077000	      5602	800032f6	06790d63	beq	x18,x7,80003370	 x18:0x0000000c  x7:0x00000007
      114097000	      5603	800032fa	43a1	c.li	x7,8	  x7=0x00000008
      114117000	      5604	800032fc	06790f63	beq	x18,x7,8000337a	 x18:0x0000000c  x7:0x00000008
      114137000	      5605	80003300	43a5	c.li	x7,9	  x7=0x00000009
      114157000	      5606	80003302	08790163	beq	x18,x7,80003384	 x18:0x0000000c  x7:0x00000009
      114177000	      5607	80003306	43a9	c.li	x7,10	  x7=0x0000000a
      114197000	      5608	80003308	08790363	beq	x18,x7,8000338e	 x18:0x0000000c  x7:0x0000000a
      114217000	      5609	8000330c	43ad	c.li	x7,11	  x7=0x0000000b
      114237000	      5610	8000330e	08790563	beq	x18,x7,80003398	 x18:0x0000000c  x7:0x0000000b
      114257000	      5611	80003312	43b1	c.li	x7,12	  x7=0x0000000c
      114277000	      5612	80003314	08790763	beq	x18,x7,800033a2	 x18:0x0000000c  x7:0x0000000c
      114337000	      5615	800033a2	3bc02df3	csrrs	x27,pmpaddr12,x0	  x0:0x00000000 x27=0x2000809b
      114357000	      5616	800033a6	3a302873	csrrs	x16,pmpcfg3,x0	  x0:0x00000000 x16=0x0f0f0f0f
      114377000	      5617	800033aa	a005	c.j	800033ca	
      114437000	      5620	800033ca	4511	c.li	x10,4	 x10=0x00000004
      114457000	      5621	800033cc	01eb9913	slli	x18,x23,0x1e	 x23:0x0000000c x18=0x00000000
      114517000	      5624	800033d0	01e95913	srli	x18,x18,0x1e	 x18:0x00000000 x18=0x00000000
      114537000	      5625	800033d4	412503b3	sub	x7,x10,x18	 x10:0x00000004 x18:0x00000000  x7=0x00000004
      114597000	      5628	800033d8	13fd	c.addi	x7,-1	  x7:0x00000004  x7=0x00000003
      114617000	      5629	800033da	038e	c.slli	x7,0x3	  x7:0x00000003  x7=0x00000018
      114637000	      5630	800033dc	00781533	sll	x10,x16,x7	 x16:0x0f0f0f0f  x7:0x00000018 x10=0x0f000000
      114697000	      5633	800033e0	090e	c.slli	x18,0x3	 x18:0x00000000 x18=0x00000000
      114717000	      5634	800033e2	93ca	c.add	x7,x18	  x7:0x00000018 x18:0x00000000  x7=0x00000018
      114737000	      5635	800033e4	00755533	srl	x10,x10,x7	 x10:0x0f000000  x7:0x00000018 x10=0x0000000f
      114797000	      5638	800033e8	01b51393	slli	x7,x10,0x1b	 x10:0x0000000f  x7=0x78000000
      114817000	      5639	800033ec	01e3d393	srli	x7,x7,0x1e	  x7:0x78000000  x7=0x00000001
      114857000	      5641	800033f0	04038563	beq	x7,x0,8000343a	  x7:0x00000001  x0:0x00000000
      114877000	      5642	800033f4	4905	c.li	x18,1	 x18=0x00000001
      114897000	      5643	800033f6	05238363	beq	x7,x18,8000343c	  x7:0x00000001 x18:0x00000001
      114937000	      5645	8000343c	895e	c.mv	x18,x23	  x0:0x00000000 x23:0x0000000c x18=0x0000000c
      114957000	      5646	8000343e	343023f3	csrrs	x7,mtval,x0	  x0:0x00000000  x7=0x8ffffffc
      114977000	      5647	80003442	0023d393	srli	x7,x7,0x2	  x7:0x8ffffffc  x7=0x23ffffff
      115017000	      5649	80003446	00091563	bne	x18,x0,80003450	 x18:0x0000000c  x0:0x00000000
      115077000	      5652	80003450	fce3e1e3	bltu	x7,x14,80003412	  x7:0x23ffffff x14:0x20007701
      115097000	      5653	80003454	fbb3ffe3	bgeu	x7,x27,80003412	  x7:0x23ffffff x27:0x2000809b
      115137000	      5655	80003412	895e	c.mv	x18,x23	  x0:0x00000000 x23:0x0000000c x18=0x0000000c
      115157000	      5656	80003414	876e	c.mv	x14,x27	  x0:0x00000000 x27:0x2000809b x14=0x2000809b
      115177000	      5657	80003416	0905	c.addi	x18,1	 x18:0x0000000c x18=0x0000000d
      115197000	      5658	80003418	8bca	c.mv	x23,x18	  x0:0x00000000 x18:0x0000000d x23=0x0000000d
      115217000	      5659	8000341a	4dc1	c.li	x27,16	 x27=0x00000010
      115237000	      5660	8000341c	01b95363	bge	x18,x27,80003422	 x18:0x0000000d x27:0x00000010
      115257000	      5661	80003420	b55d	c.j	800032c6	
      115297000	      5663	800032c6	895e	c.mv	x18,x23	  x0:0x00000000 x23:0x0000000d x18=0x0000000d
      115317000	      5664	800032c8	83ca	c.mv	x7,x18	  x0:0x00000000 x18:0x0000000d  x7=0x0000000d
      115337000	      5665	800032ca	4381	c.li	x7,0	  x7=0x00000000
      115357000	      5666	800032cc	04790f63	beq	x18,x7,8000332a	 x18:0x0000000d  x7:0x00000000
      115377000	      5667	800032d0	4385	c.li	x7,1	  x7=0x00000001
      115397000	      5668	800032d2	06790163	beq	x18,x7,80003334	 x18:0x0000000d  x7:0x00000001
      115417000	      5669	800032d6	4389	c.li	x7,2	  x7=0x00000002
      115437000	      5670	800032d8	06790363	beq	x18,x7,8000333e	 x18:0x0000000d  x7:0x00000002
      115457000	      5671	800032dc	438d	c.li	x7,3	  x7=0x00000003
      115477000	      5672	800032de	06790563	beq	x18,x7,80003348	 x18:0x0000000d  x7:0x00000003
      115497000	      5673	800032e2	4391	c.li	x7,4	  x7=0x00000004
      115517000	      5674	800032e4	06790763	beq	x18,x7,80003352	 x18:0x0000000d  x7:0x00000004
      115537000	      5675	800032e8	4395	c.li	x7,5	  x7=0x00000005
      115557000	      5676	800032ea	06790963	beq	x18,x7,8000335c	 x18:0x0000000d  x7:0x00000005
      115577000	      5677	800032ee	4399	c.li	x7,6	  x7=0x00000006
      115597000	      5678	800032f0	06790b63	beq	x18,x7,80003366	 x18:0x0000000d  x7:0x00000006
      115617000	      5679	800032f4	439d	c.li	x7,7	  x7=0x00000007
      115637000	      5680	800032f6	06790d63	beq	x18,x7,80003370	 x18:0x0000000d  x7:0x00000007
      115657000	      5681	800032fa	43a1	c.li	x7,8	  x7=0x00000008
      115677000	      5682	800032fc	06790f63	beq	x18,x7,8000337a	 x18:0x0000000d  x7:0x00000008
      115697000	      5683	80003300	43a5	c.li	x7,9	  x7=0x00000009
      115717000	      5684	80003302	08790163	beq	x18,x7,80003384	 x18:0x0000000d  x7:0x00000009
      115737000	      5685	80003306	43a9	c.li	x7,10	  x7=0x0000000a
      115757000	      5686	80003308	08790363	beq	x18,x7,8000338e	 x18:0x0000000d  x7:0x0000000a
      115777000	      5687	8000330c	43ad	c.li	x7,11	  x7=0x0000000b
      115797000	      5688	8000330e	08790563	beq	x18,x7,80003398	 x18:0x0000000d  x7:0x0000000b
      115817000	      5689	80003312	43b1	c.li	x7,12	  x7=0x0000000c
      115837000	      5690	80003314	08790763	beq	x18,x7,800033a2	 x18:0x0000000d  x7:0x0000000c
      115857000	      5691	80003318	43b5	c.li	x7,13	  x7=0x0000000d
      115877000	      5692	8000331a	08790963	beq	x18,x7,800033ac	 x18:0x0000000d  x7:0x0000000d
      115917000	      5694	800033ac	3bd02df3	csrrs	x27,pmpaddr13,x0	  x0:0x00000000 x27=0x20008a34
      115937000	      5695	800033b0	3a302873	csrrs	x16,pmpcfg3,x0	  x0:0x00000000 x16=0x0f0f0f0f
      115957000	      5696	800033b4	a819	c.j	800033ca	
      115997000	      5698	800033ca	4511	c.li	x10,4	 x10=0x00000004
      116017000	      5699	800033cc	01eb9913	slli	x18,x23,0x1e	 x23:0x0000000d x18=0x40000000
      116037000	      5700	800033d0	01e95913	srli	x18,x18,0x1e	 x18:0x40000000 x18=0x00000001
      116057000	      5701	800033d4	412503b3	sub	x7,x10,x18	 x10:0x00000004 x18:0x00000001  x7=0x00000003
      116077000	      5702	800033d8	13fd	c.addi	x7,-1	  x7:0x00000003  x7=0x00000002
      116097000	      5703	800033da	038e	c.slli	x7,0x3	  x7:0x00000002  x7=0x00000010
      116117000	      5704	800033dc	00781533	sll	x10,x16,x7	 x16:0x0f0f0f0f  x7:0x00000010 x10=0x0f0f0000
      116137000	      5705	800033e0	090e	c.slli	x18,0x3	 x18:0x00000001 x18=0x00000008
      116157000	      5706	800033e2	93ca	c.add	x7,x18	  x7:0x00000010 x18:0x00000008  x7=0x00000018
      116177000	      5707	800033e4	00755533	srl	x10,x10,x7	 x10:0x0f0f0000  x7:0x00000018 x10=0x0000000f
      116197000	      5708	800033e8	01b51393	slli	x7,x10,0x1b	 x10:0x0000000f  x7=0x78000000
      116217000	      5709	800033ec	01e3d393	srli	x7,x7,0x1e	  x7:0x78000000  x7=0x00000001
      116237000	      5710	800033f0	04038563	beq	x7,x0,8000343a	  x7:0x00000001  x0:0x00000000
      116257000	      5711	800033f4	4905	c.li	x18,1	 x18=0x00000001
      116277000	      5712	800033f6	05238363	beq	x7,x18,8000343c	  x7:0x00000001 x18:0x00000001
      116317000	      5714	8000343c	895e	c.mv	x18,x23	  x0:0x00000000 x23:0x0000000d x18=0x0000000d
      116337000	      5715	8000343e	343023f3	csrrs	x7,mtval,x0	  x0:0x00000000  x7=0x8ffffffc
      116357000	      5716	80003442	0023d393	srli	x7,x7,0x2	  x7:0x8ffffffc  x7=0x23ffffff
      116377000	      5717	80003446	00091563	bne	x18,x0,80003450	 x18:0x0000000d  x0:0x00000000
      116417000	      5719	80003450	fce3e1e3	bltu	x7,x14,80003412	  x7:0x23ffffff x14:0x2000809b
      116437000	      5720	80003454	fbb3ffe3	bgeu	x7,x27,80003412	  x7:0x23ffffff x27:0x20008a34
      116497000	      5723	80003412	895e	c.mv	x18,x23	  x0:0x00000000 x23:0x0000000d x18=0x0000000d
      116517000	      5724	80003414	876e	c.mv	x14,x27	  x0:0x00000000 x27:0x20008a34 x14=0x20008a34
      116537000	      5725	80003416	0905	c.addi	x18,1	 x18:0x0000000d x18=0x0000000e
      116577000	      5727	80003418	8bca	c.mv	x23,x18	  x0:0x00000000 x18:0x0000000e x23=0x0000000e
      116597000	      5728	8000341a	4dc1	c.li	x27,16	 x27=0x00000010
      116617000	      5729	8000341c	01b95363	bge	x18,x27,80003422	 x18:0x0000000e x27:0x00000010
      116657000	      5731	80003420	b55d	c.j	800032c6	
      116717000	      5734	800032c6	895e	c.mv	x18,x23	  x0:0x00000000 x23:0x0000000e x18=0x0000000e
      116737000	      5735	800032c8	83ca	c.mv	x7,x18	  x0:0x00000000 x18:0x0000000e  x7=0x0000000e
      116757000	      5736	800032ca	4381	c.li	x7,0	  x7=0x00000000
      116777000	      5737	800032cc	04790f63	beq	x18,x7,8000332a	 x18:0x0000000e  x7:0x00000000
      116797000	      5738	800032d0	4385	c.li	x7,1	  x7=0x00000001
      116817000	      5739	800032d2	06790163	beq	x18,x7,80003334	 x18:0x0000000e  x7:0x00000001
      116837000	      5740	800032d6	4389	c.li	x7,2	  x7=0x00000002
      116857000	      5741	800032d8	06790363	beq	x18,x7,8000333e	 x18:0x0000000e  x7:0x00000002
      116877000	      5742	800032dc	438d	c.li	x7,3	  x7=0x00000003
      116897000	      5743	800032de	06790563	beq	x18,x7,80003348	 x18:0x0000000e  x7:0x00000003
      116917000	      5744	800032e2	4391	c.li	x7,4	  x7=0x00000004
      116937000	      5745	800032e4	06790763	beq	x18,x7,80003352	 x18:0x0000000e  x7:0x00000004
      116957000	      5746	800032e8	4395	c.li	x7,5	  x7=0x00000005
      116977000	      5747	800032ea	06790963	beq	x18,x7,8000335c	 x18:0x0000000e  x7:0x00000005
      116997000	      5748	800032ee	4399	c.li	x7,6	  x7=0x00000006
      117017000	      5749	800032f0	06790b63	beq	x18,x7,80003366	 x18:0x0000000e  x7:0x00000006
      117037000	      5750	800032f4	439d	c.li	x7,7	  x7=0x00000007
      117057000	      5751	800032f6	06790d63	beq	x18,x7,80003370	 x18:0x0000000e  x7:0x00000007
      117077000	      5752	800032fa	43a1	c.li	x7,8	  x7=0x00000008
      117097000	      5753	800032fc	06790f63	beq	x18,x7,8000337a	 x18:0x0000000e  x7:0x00000008
      117117000	      5754	80003300	43a5	c.li	x7,9	  x7=0x00000009
      117137000	      5755	80003302	08790163	beq	x18,x7,80003384	 x18:0x0000000e  x7:0x00000009
      117157000	      5756	80003306	43a9	c.li	x7,10	  x7=0x0000000a
      117177000	      5757	80003308	08790363	beq	x18,x7,8000338e	 x18:0x0000000e  x7:0x0000000a
      117197000	      5758	8000330c	43ad	c.li	x7,11	  x7=0x0000000b
      117217000	      5759	8000330e	08790563	beq	x18,x7,80003398	 x18:0x0000000e  x7:0x0000000b
      117237000	      5760	80003312	43b1	c.li	x7,12	  x7=0x0000000c
      117257000	      5761	80003314	08790763	beq	x18,x7,800033a2	 x18:0x0000000e  x7:0x0000000c
      117277000	      5762	80003318	43b5	c.li	x7,13	  x7=0x0000000d
      117297000	      5763	8000331a	08790963	beq	x18,x7,800033ac	 x18:0x0000000e  x7:0x0000000d
      117317000	      5764	8000331e	43b9	c.li	x7,14	  x7=0x0000000e
      117337000	      5765	80003320	08790b63	beq	x18,x7,800033b6	 x18:0x0000000e  x7:0x0000000e
      117417000	      5769	800033b6	3be02df3	csrrs	x27,pmpaddr14,x0	  x0:0x00000000 x27=0x200093ce
      117437000	      5770	800033ba	3a302873	csrrs	x16,pmpcfg3,x0	  x0:0x00000000 x16=0x0f0f0f0f
      117457000	      5771	800033be	a031	c.j	800033ca	
      117497000	      5773	800033ca	4511	c.li	x10,4	 x10=0x00000004
      117517000	      5774	800033cc	01eb9913	slli	x18,x23,0x1e	 x23:0x0000000e x18=0x80000000
      117537000	      5775	800033d0	01e95913	srli	x18,x18,0x1e	 x18:0x80000000 x18=0x00000002
      117557000	      5776	800033d4	412503b3	sub	x7,x10,x18	 x10:0x00000004 x18:0x00000002  x7=0x00000002
      117577000	      5777	800033d8	13fd	c.addi	x7,-1	  x7:0x00000002  x7=0x00000001
      117597000	      5778	800033da	038e	c.slli	x7,0x3	  x7:0x00000001  x7=0x00000008
      117617000	      5779	800033dc	00781533	sll	x10,x16,x7	 x16:0x0f0f0f0f  x7:0x00000008 x10=0x0f0f0f00
      117637000	      5780	800033e0	090e	c.slli	x18,0x3	 x18:0x00000002 x18=0x00000010
      117657000	      5781	800033e2	93ca	c.add	x7,x18	  x7:0x00000008 x18:0x00000010  x7=0x00000018
      117677000	      5782	800033e4	00755533	srl	x10,x10,x7	 x10:0x0f0f0f00  x7:0x00000018 x10=0x0000000f
      117697000	      5783	800033e8	01b51393	slli	x7,x10,0x1b	 x10:0x0000000f  x7=0x78000000
      117717000	      5784	800033ec	01e3d393	srli	x7,x7,0x1e	  x7:0x78000000  x7=0x00000001
      117737000	      5785	800033f0	04038563	beq	x7,x0,8000343a	  x7:0x00000001  x0:0x00000000
      117757000	      5786	800033f4	4905	c.li	x18,1	 x18=0x00000001
      117777000	      5787	800033f6	05238363	beq	x7,x18,8000343c	  x7:0x00000001 x18:0x00000001
      117817000	      5789	8000343c	895e	c.mv	x18,x23	  x0:0x00000000 x23:0x0000000e x18=0x0000000e
      117837000	      5790	8000343e	343023f3	csrrs	x7,mtval,x0	  x0:0x00000000  x7=0x8ffffffc
      117857000	      5791	80003442	0023d393	srli	x7,x7,0x2	  x7:0x8ffffffc  x7=0x23ffffff
      117877000	      5792	80003446	00091563	bne	x18,x0,80003450	 x18:0x0000000e  x0:0x00000000
      117917000	      5794	80003450	fce3e1e3	bltu	x7,x14,80003412	  x7:0x23ffffff x14:0x20008a34
      117937000	      5795	80003454	fbb3ffe3	bgeu	x7,x27,80003412	  x7:0x23ffffff x27:0x200093ce
      117997000	      5798	80003412	895e	c.mv	x18,x23	  x0:0x00000000 x23:0x0000000e x18=0x0000000e
      118017000	      5799	80003414	876e	c.mv	x14,x27	  x0:0x00000000 x27:0x200093ce x14=0x200093ce
      118037000	      5800	80003416	0905	c.addi	x18,1	 x18:0x0000000e x18=0x0000000f
      118057000	      5801	80003418	8bca	c.mv	x23,x18	  x0:0x00000000 x18:0x0000000f x23=0x0000000f
      118077000	      5802	8000341a	4dc1	c.li	x27,16	 x27=0x00000010
      118097000	      5803	8000341c	01b95363	bge	x18,x27,80003422	 x18:0x0000000f x27:0x00000010
      118117000	      5804	80003420	b55d	c.j	800032c6	
      118157000	      5806	800032c6	895e	c.mv	x18,x23	  x0:0x00000000 x23:0x0000000f x18=0x0000000f
      118177000	      5807	800032c8	83ca	c.mv	x7,x18	  x0:0x00000000 x18:0x0000000f  x7=0x0000000f
      118197000	      5808	800032ca	4381	c.li	x7,0	  x7=0x00000000
      118217000	      5809	800032cc	04790f63	beq	x18,x7,8000332a	 x18:0x0000000f  x7:0x00000000
      118237000	      5810	800032d0	4385	c.li	x7,1	  x7=0x00000001
      118257000	      5811	800032d2	06790163	beq	x18,x7,80003334	 x18:0x0000000f  x7:0x00000001
      118277000	      5812	800032d6	4389	c.li	x7,2	  x7=0x00000002
      118297000	      5813	800032d8	06790363	beq	x18,x7,8000333e	 x18:0x0000000f  x7:0x00000002
      118317000	      5814	800032dc	438d	c.li	x7,3	  x7=0x00000003
      118337000	      5815	800032de	06790563	beq	x18,x7,80003348	 x18:0x0000000f  x7:0x00000003
      118357000	      5816	800032e2	4391	c.li	x7,4	  x7=0x00000004
      118377000	      5817	800032e4	06790763	beq	x18,x7,80003352	 x18:0x0000000f  x7:0x00000004
      118397000	      5818	800032e8	4395	c.li	x7,5	  x7=0x00000005
      118417000	      5819	800032ea	06790963	beq	x18,x7,8000335c	 x18:0x0000000f  x7:0x00000005
      118437000	      5820	800032ee	4399	c.li	x7,6	  x7=0x00000006
      118457000	      5821	800032f0	06790b63	beq	x18,x7,80003366	 x18:0x0000000f  x7:0x00000006
      118477000	      5822	800032f4	439d	c.li	x7,7	  x7=0x00000007
      118497000	      5823	800032f6	06790d63	beq	x18,x7,80003370	 x18:0x0000000f  x7:0x00000007
      118517000	      5824	800032fa	43a1	c.li	x7,8	  x7=0x00000008
      118537000	      5825	800032fc	06790f63	beq	x18,x7,8000337a	 x18:0x0000000f  x7:0x00000008
      118557000	      5826	80003300	43a5	c.li	x7,9	  x7=0x00000009
      118577000	      5827	80003302	08790163	beq	x18,x7,80003384	 x18:0x0000000f  x7:0x00000009
      118597000	      5828	80003306	43a9	c.li	x7,10	  x7=0x0000000a
      118617000	      5829	80003308	08790363	beq	x18,x7,8000338e	 x18:0x0000000f  x7:0x0000000a
      118637000	      5830	8000330c	43ad	c.li	x7,11	  x7=0x0000000b
      118657000	      5831	8000330e	08790563	beq	x18,x7,80003398	 x18:0x0000000f  x7:0x0000000b
      118677000	      5832	80003312	43b1	c.li	x7,12	  x7=0x0000000c
      118697000	      5833	80003314	08790763	beq	x18,x7,800033a2	 x18:0x0000000f  x7:0x0000000c
      118717000	      5834	80003318	43b5	c.li	x7,13	  x7=0x0000000d
      118737000	      5835	8000331a	08790963	beq	x18,x7,800033ac	 x18:0x0000000f  x7:0x0000000d
      118757000	      5836	8000331e	43b9	c.li	x7,14	  x7=0x0000000e
      118777000	      5837	80003320	08790b63	beq	x18,x7,800033b6	 x18:0x0000000f  x7:0x0000000e
      118797000	      5838	80003324	43bd	c.li	x7,15	  x7=0x0000000f
      118817000	      5839	80003326	08790d63	beq	x18,x7,800033c0	 x18:0x0000000f  x7:0x0000000f
      118857000	      5841	800033c0	3bf02df3	csrrs	x27,pmpaddr15,x0	  x0:0x00000000 x27=0x20009d67
      118877000	      5842	800033c4	3a302873	csrrs	x16,pmpcfg3,x0	  x0:0x00000000 x16=0x0f0f0f0f
      118897000	      5843	800033c8	a009	c.j	800033ca	
      118937000	      5845	800033ca	4511	c.li	x10,4	 x10=0x00000004
      118957000	      5846	800033cc	01eb9913	slli	x18,x23,0x1e	 x23:0x0000000f x18=0xc0000000
      118977000	      5847	800033d0	01e95913	srli	x18,x18,0x1e	 x18:0xc0000000 x18=0x00000003
      118997000	      5848	800033d4	412503b3	sub	x7,x10,x18	 x10:0x00000004 x18:0x00000003  x7=0x00000001
      119017000	      5849	800033d8	13fd	c.addi	x7,-1	  x7:0x00000001  x7=0x00000000
      119037000	      5850	800033da	038e	c.slli	x7,0x3	  x7:0x00000000  x7=0x00000000
      119057000	      5851	800033dc	00781533	sll	x10,x16,x7	 x16:0x0f0f0f0f  x7:0x00000000 x10=0x0f0f0f0f
      119077000	      5852	800033e0	090e	c.slli	x18,0x3	 x18:0x00000003 x18=0x00000018
      119097000	      5853	800033e2	93ca	c.add	x7,x18	  x7:0x00000000 x18:0x00000018  x7=0x00000018
      119117000	      5854	800033e4	00755533	srl	x10,x10,x7	 x10:0x0f0f0f0f  x7:0x00000018 x10=0x0000000f
      119137000	      5855	800033e8	01b51393	slli	x7,x10,0x1b	 x10:0x0000000f  x7=0x78000000
      119157000	      5856	800033ec	01e3d393	srli	x7,x7,0x1e	  x7:0x78000000  x7=0x00000001
      119177000	      5857	800033f0	04038563	beq	x7,x0,8000343a	  x7:0x00000001  x0:0x00000000
      119197000	      5858	800033f4	4905	c.li	x18,1	 x18=0x00000001
      119217000	      5859	800033f6	05238363	beq	x7,x18,8000343c	  x7:0x00000001 x18:0x00000001
      119257000	      5861	8000343c	895e	c.mv	x18,x23	  x0:0x00000000 x23:0x0000000f x18=0x0000000f
      119277000	      5862	8000343e	343023f3	csrrs	x7,mtval,x0	  x0:0x00000000  x7=0x8ffffffc
      119297000	      5863	80003442	0023d393	srli	x7,x7,0x2	  x7:0x8ffffffc  x7=0x23ffffff
      119317000	      5864	80003446	00091563	bne	x18,x0,80003450	 x18:0x0000000f  x0:0x00000000
      119357000	      5866	80003450	fce3e1e3	bltu	x7,x14,80003412	  x7:0x23ffffff x14:0x200093ce
      119377000	      5867	80003454	fbb3ffe3	bgeu	x7,x27,80003412	  x7:0x23ffffff x27:0x20009d67
      119437000	      5870	80003412	895e	c.mv	x18,x23	  x0:0x00000000 x23:0x0000000f x18=0x0000000f
      119457000	      5871	80003414	876e	c.mv	x14,x27	  x0:0x00000000 x27:0x20009d67 x14=0x20009d67
      119477000	      5872	80003416	0905	c.addi	x18,1	 x18:0x0000000f x18=0x00000010
      119497000	      5873	80003418	8bca	c.mv	x23,x18	  x0:0x00000000 x18:0x00000010 x23=0x00000010
      119517000	      5874	8000341a	4dc1	c.li	x27,16	 x27=0x00000010
      119537000	      5875	8000341c	01b95363	bge	x18,x27,80003422	 x18:0x00000010 x27:0x00000010
      119597000	      5878	80003422	74702973	csrrs	x18,0x747,x0	  x0:0x00000000 x18=0x00000000
      119617000	      5879	80003426	00297913	andi	x18,x18,2	 x18:0x00000000 x18=0x00000000
      119637000	      5880	8000342a	08091163	bne	x18,x0,800034ac	 x18:0x00000000  x0:0x00000000
      120237000	      5910	8000342e	ffffd917	auipc	x18,0xffffd	 x18=0x8000042e
      120257000	      5911	80003432	1dc90913	addi	x18,x18,476	 x18:0x8000042e x18=0x8000060a
      120277000	      5912	80003436	00090067	jalr	x0,0(x18)	 x18:0x8000060a  x0=0x00000000
      120337000	      5915	8000060a	90000db7	lui	x27,0x90000	 x27=0x90000000
      120357000	      5916	8000060e	1de1	c.addi	x27,-8	 x27:0x90000000 x27=0x8ffffff8
      120377000	      5917	80000610	4901	c.li	x18,0	 x18=0x00000000
      120397000	      5918	80000612	0922	c.slli	x18,0x8	 x18:0x00000000 x18=0x00000000
      120417000	      5919	80000614	0905	c.addi	x18,1	 x18:0x00000000 x18=0x00000001
      120677000	      5932	80000616	012da023	sw	x18,0(x27)	 x27:0x8ffffff8 x18:0x00000001 PA:0x8ffffff8 store:0x00000001 load:0xffffffff
      120697000	      5933	8000061a	00000073	ecall	
      120757000	      5936	80002800	0800006f	jal	x0,80002880	  x0=0x00000000
      120817000	      5939	80002880	16f1	c.addi	x13,-4	 x13:0x8002cc60 x13=0x8002cc5c
      120957000	      5946	80002882	c28c	c.sw	x11,0(x13)	 x13:0x8002cc5c x11:0x8002cc60 PA:0x8002cc5c store:0x8002cc60 load:0xffffffff
      120977000	      5947	80002884	000685b3	add	x11,x13,x0	 x13:0x8002cc5c  x0:0x00000000 x11=0x8002cc5c
      130837000	      6440	80002888	f8058593	addi	x11,x11,-128	 x11:0x8002cc5c x11=0x8002cbdc
      131077000	      6452	8000288c	0015a223	sw	x1,4(x11)	 x11:0x8002cbdc  x1:0x80000000 PA:0x8002cbe0 store:0x80000000 load:0xffffffff
      131097000	      6453	80002890	0025a423	sw	x2,8(x11)	 x11:0x8002cbdc  x2:0x0000000b PA:0x8002cbe4 store:0x0000000b load:0xffffffff
      131237000	      6460	80002894	0035a623	sw	x3,12(x11)	 x11:0x8002cbdc  x3:0x00000001 PA:0x8002cbe8 store:0x00000001 load:0xffffffff
      131457000	      6471	80002898	0045a823	sw	x4,16(x11)	 x11:0x8002cbdc  x4:0x80000000 PA:0x8002cbec store:0x80000000 load:0xffffffff
      131877000	      6492	8000289c	0055aa23	sw	x5,20(x11)	 x11:0x8002cbdc  x5:0x1744cdf0 PA:0x8002cbf0 store:0x1744cdf0 load:0xffffffff
      131957000	      6496	800028a0	0065ac23	sw	x6,24(x11)	 x11:0x8002cbdc  x6:0xfb2214da PA:0x8002cbf4 store:0xfb2214da load:0xffffffff
      132117000	      6504	800028a4	0075ae23	sw	x7,28(x11)	 x11:0x8002cbdc  x7:0x23ffffff PA:0x8002cbf8 store:0x23ffffff load:0xffffffff
      132177000	      6507	800028a8	d180	c.sw	x8,32(x11)	 x11:0x8002cbdc  x8:0x87852e2e PA:0x8002cbfc store:0x87852e2e load:0xffffffff
      132297000	      6513	800028aa	d1c4	c.sw	x9,36(x11)	 x11:0x8002cbdc  x9:0x68af6ad7 PA:0x8002cc00 store:0x68af6ad7 load:0xffffffff
      132357000	      6516	800028ac	d588	c.sw	x10,40(x11)	 x11:0x8002cbdc x10:0x0000000f PA:0x8002cc04 store:0x0000000f load:0xffffffff
      132597000	      6528	800028ae	d5cc	c.sw	x11,44(x11)	 x11:0x8002cbdc x11:0x8002cbdc PA:0x8002cc08 store:0x8002cbdc load:0xffffffff
      132657000	      6531	800028b0	d990	c.sw	x12,48(x11)	 x11:0x8002cbdc x12:0x0000000a PA:0x8002cc0c store:0x0000000a load:0xffffffff
      132717000	      6534	800028b2	d9d4	c.sw	x13,52(x11)	 x11:0x8002cbdc x13:0x8002cc5c PA:0x8002cc10 store:0x8002cc5c load:0xffffffff
      132917000	      6544	800028b4	dd98	c.sw	x14,56(x11)	 x11:0x8002cbdc x14:0x20009d67 PA:0x8002cc14 store:0x20009d67 load:0xffffffff
      132977000	      6547	800028b6	dddc	c.sw	x15,60(x11)	 x11:0x8002cbdc x15:0x80000000 PA:0x8002cc18 store:0x80000000 load:0xffffffff
      133277000	      6562	800028b8	0505a023	sw	x16,64(x11)	 x11:0x8002cbdc x16:0x0f0f0f0f PA:0x8002cc1c store:0x0f0f0f0f load:0xffffffff
      133477000	      6572	800028bc	0515a223	sw	x17,68(x11)	 x11:0x8002cbdc x17:0x80000000 PA:0x8002cc20 store:0x80000000 load:0xffffffff
      133497000	      6573	800028c0	0525a423	sw	x18,72(x11)	 x11:0x8002cbdc x18:0x00000001 PA:0x8002cc24 store:0x00000001 load:0xffffffff
      133517000	      6574	800028c4	0535a623	sw	x19,76(x11)	 x11:0x8002cbdc x19:0x936ac645 PA:0x8002cc28 store:0x936ac645 load:0xffffffff
      133937000	      6595	800028c8	0545a823	sw	x20,80(x11)	 x11:0x8002cbdc x20:0x80000000 PA:0x8002cc2c store:0x80000000 load:0xffffffff
      134077000	      6602	800028cc	0555aa23	sw	x21,84(x11)	 x11:0x8002cbdc x21:0x80000000 PA:0x8002cc30 store:0x80000000 load:0xffffffff
      134217000	      6609	800028d0	0565ac23	sw	x22,88(x11)	 x11:0x8002cbdc x22:0x0000000d PA:0x8002cc34 store:0x0000000d load:0xffffffff
      134317000	      6614	800028d4	0575ae23	sw	x23,92(x11)	 x11:0x8002cbdc x23:0x00000010 PA:0x8002cc38 store:0x00000010 load:0xffffffff
      134837000	      6640	800028d8	0785a023	sw	x24,96(x11)	 x11:0x8002cbdc x24:0x3b4b4272 PA:0x8002cc3c store:0x3b4b4272 load:0xffffffff
      134937000	      6645	800028dc	0795a223	sw	x25,100(x11)	 x11:0x8002cbdc x25:0xfefc7b06 PA:0x8002cc40 store:0xfefc7b06 load:0xffffffff
      135237000	      6660	800028e0	07a5a423	sw	x26,104(x11)	 x11:0x8002cbdc x26:0x00000007 PA:0x8002cc44 store:0x00000007 load:0xffffffff
      135357000	      6666	800028e4	07b5a623	sw	x27,108(x11)	 x11:0x8002cbdc x27:0x8ffffff8 PA:0x8002cc48 store:0x8ffffff8 load:0xffffffff
      135417000	      6669	800028e8	07c5a823	sw	x28,112(x11)	 x11:0x8002cbdc x28:0xfafde1f2 PA:0x8002cc4c store:0xfafde1f2 load:0xffffffff
      135517000	      6674	800028ec	07d5aa23	sw	x29,116(x11)	 x11:0x8002cbdc x29:0x80000000 PA:0x8002cc50 store:0x80000000 load:0xffffffff
      135777000	      6687	800028f0	07e5ac23	sw	x30,120(x11)	 x11:0x8002cbdc x30:0xfe5403a9 PA:0x8002cc54 store:0xfe5403a9 load:0xffffffff
      136377000	      6717	800028f4	07f5ae23	sw	x31,124(x11)	 x11:0x8002cbdc x31:0x00000000 PA:0x8002cc58 store:0x00000000 load:0xffffffff
      136397000	      6718	800028f8	000586b3	add	x13,x11,x0	 x11:0x8002cbdc  x0:0x00000000 x13=0x8002cbdc
      136417000	      6719	800028fc	90000db7	lui	x27,0x90000	 x27=0x90000000
      136437000	      6720	80002900	1df1	c.addi	x27,-4	 x27:0x90000000 x27=0x8ffffffc
      136457000	      6721	80002902	4921	c.li	x18,8	 x18=0x00000008
      136477000	      6722	80002904	0922	c.slli	x18,0x8	 x18:0x00000008 x18=0x00000800
      136497000	      6723	80002906	00090913	addi	x18,x18,0	 x18:0x00000800 x18=0x00000800
      136557000	      6726	8000290a	012da023	sw	x18,0(x27)	 x27:0x8ffffffc x18:0x00000800 PA:0x8ffffffc store:0x00000800 load:0xffffffff
      136577000	      6727	8000290e	34102973	csrrs	x18,mepc,x0	  x0:0x00000000 x18=0x8000061a
      136597000	      6728	80002912	34202973	csrrs	x18,mcause,x0	  x0:0x00000000 x18=0x0000000b
      136617000	      6729	80002916	4d8d	c.li	x27,3	 x27=0x00000003
      136637000	      6730	80002918	01b91463	bne	x18,x27,80002920	 x18:0x0000000b x27:0x00000003
      136677000	      6732	80002920	4da1	c.li	x27,8	 x27=0x00000008
      136697000	      6733	80002922	05b90d63	beq	x18,x27,8000297c	 x18:0x0000000b x27:0x00000008
      136717000	      6734	80002926	4da5	c.li	x27,9	 x27=0x00000009
      136737000	      6735	80002928	05b90a63	beq	x18,x27,8000297c	 x18:0x0000000b x27:0x00000009
      136757000	      6736	8000292c	4dad	c.li	x27,11	 x27=0x0000000b
      136777000	      6737	8000292e	05b90763	beq	x18,x27,8000297c	 x18:0x0000000b x27:0x0000000b
      136977000	      6747	8000297c	90000db7	lui	x27,0x90000	 x27=0x90000000
      137097000	      6753	80002980	1df1	c.addi	x27,-4	 x27:0x90000000 x27=0x8ffffffc
      137117000	      6754	80002982	6905	c.lui	x18,0x1	 x18=0x00001000
      137137000	      6755	80002984	b0090913	addi	x18,x18,-1280	 x18:0x00001000 x18=0x00000b00
      137537000	      6775	80002988	0922	c.slli	x18,0x8	 x18:0x00000b00 x18=0x000b0000
      137557000	      6776	8000298a	090d	c.addi	x18,3	 x18:0x000b0000 x18=0x000b0003
      137857000	      6791	8000298c	012da023	sw	x18,0(x27)	 x27:0x8ffffffc x18:0x000b0003 PA:0x8ffffffc store:0x000b0003 load:0xffffffff
      137877000	      6792	80002990	b0002973	csrrs	x18,mcycle,x0	  x0:0x00000000 x18=0x00001a85
      138357000	      6816	80002994	012da023	sw	x18,0(x27)	 x27:0x8ffffffc x18:0x00001a85 PA:0x8ffffffc store:0x00001a85 load:0xffffffff
      138377000	      6817	80002998	90000db7	lui	x27,0x90000	 x27=0x90000000
      138397000	      6818	8000299c	1df1	c.addi	x27,-4	 x27:0x90000000 x27=0x8ffffffc
      138417000	      6819	8000299e	6905	c.lui	x18,0x1	 x18=0x00001000
      138437000	      6820	800029a0	b8090913	addi	x18,x18,-1152	 x18:0x00001000 x18=0x00000b80
      138457000	      6821	800029a4	0922	c.slli	x18,0x8	 x18:0x00000b80 x18=0x000b8000
      138477000	      6822	800029a6	090d	c.addi	x18,3	 x18:0x000b8000 x18=0x000b8003
      138537000	      6825	800029a8	012da023	sw	x18,0(x27)	 x27:0x8ffffffc x18:0x000b8003 PA:0x8ffffffc store:0x000b8003 load:0xffffffff
      138557000	      6826	800029ac	b8002973	csrrs	x18,mcycleh,x0	  x0:0x00000000 x18=0x00000000
      139197000	      6858	800029b0	012da023	sw	x18,0(x27)	 x27:0x8ffffffc x18:0x00000000 PA:0x8ffffffc store:0x00000000 load:0xffffffff
      139217000	      6859	800029b4	90000db7	lui	x27,0x90000	 x27=0x90000000
      139237000	      6860	800029b8	1df1	c.addi	x27,-4	 x27:0x90000000 x27=0x8ffffffc
      139257000	      6861	800029ba	6905	c.lui	x18,0x1	 x18=0x00001000
      139277000	      6862	800029bc	b0390913	addi	x18,x18,-1277	 x18:0x00001000 x18=0x00000b03
      139297000	      6863	800029c0	0922	c.slli	x18,0x8	 x18:0x00000b03 x18=0x000b0300
      139317000	      6864	800029c2	090d	c.addi	x18,3	 x18:0x000b0300 x18=0x000b0303
      139717000	      6884	800029c4	012da023	sw	x18,0(x27)	 x27:0x8ffffffc x18:0x000b0303 PA:0x8ffffffc store:0x000b0303 load:0xffffffff
      139737000	      6885	800029c8	b0302973	csrrs	x18,mhpmcounter3,x0	  x0:0x00000000 x18=0x000001c1
      139797000	      6888	800029cc	012da023	sw	x18,0(x27)	 x27:0x8ffffffc x18:0x000001c1 PA:0x8ffffffc store:0x000001c1 load:0xffffffff
      139877000	      6892	800029d0	90000db7	lui	x27,0x90000	 x27=0x90000000
      139897000	      6893	800029d4	1df1	c.addi	x27,-4	 x27:0x90000000 x27=0x8ffffffc
      139917000	      6894	800029d6	6905	c.lui	x18,0x1	 x18=0x00001000
      140317000	      6914	800029d8	b8390913	addi	x18,x18,-1149	 x18:0x00001000 x18=0x00000b83
      140357000	      6916	800029dc	0922	c.slli	x18,0x8	 x18:0x00000b83 x18=0x000b8300
      140377000	      6917	800029de	090d	c.addi	x18,3	 x18:0x000b8300 x18=0x000b8303
      140457000	      6921	800029e0	012da023	sw	x18,0(x27)	 x27:0x8ffffffc x18:0x000b8303 PA:0x8ffffffc store:0x000b8303 load:0xffffffff
      140777000	      6937	800029e4	b8302973	csrrs	x18,mhpmcounter3h,x0	  x0:0x00000000 x18=0x00000000
      141057000	      6951	800029e8	012da023	sw	x18,0(x27)	 x27:0x8ffffffc x18:0x00000000 PA:0x8ffffffc store:0x00000000 load:0xffffffff
      141317000	      6964	800029ec	90000db7	lui	x27,0x90000	 x27=0x90000000
      141337000	      6965	800029f0	1df1	c.addi	x27,-4	 x27:0x90000000 x27=0x8ffffffc
      141357000	      6966	800029f2	6905	c.lui	x18,0x1	 x18=0x00001000
      141537000	      6975	800029f4	b0490913	addi	x18,x18,-1276	 x18:0x00001000 x18=0x00000b04
      141557000	      6976	800029f8	0922	c.slli	x18,0x8	 x18:0x00000b04 x18=0x000b0400
      141577000	      6977	800029fa	090d	c.addi	x18,3	 x18:0x000b0400 x18=0x000b0403
      141677000	      6982	800029fc	012da023	sw	x18,0(x27)	 x27:0x8ffffffc x18:0x000b0403 PA:0x8ffffffc store:0x000b0403 load:0xffffffff
      141897000	      6993	80002a00	b0402973	csrrs	x18,mhpmcounter4,x0	  x0:0x00000000 x18=0x00000a35
      141997000	      6998	80002a04	012da023	sw	x18,0(x27)	 x27:0x8ffffffc x18:0x00000a35 PA:0x8ffffffc store:0x00000a35 load:0xffffffff
      142077000	      7002	80002a08	90000db7	lui	x27,0x90000	 x27=0x90000000
      142217000	      7009	80002a0c	1df1	c.addi	x27,-4	 x27:0x90000000 x27=0x8ffffffc
      142237000	      7010	80002a0e	6905	c.lui	x18,0x1	 x18=0x00001000
      142257000	      7011	80002a10	b8490913	addi	x18,x18,-1148	 x18:0x00001000 x18=0x00000b84
      142277000	      7012	80002a14	0922	c.slli	x18,0x8	 x18:0x00000b84 x18=0x000b8400
      142297000	      7013	80002a16	090d	c.addi	x18,3	 x18:0x000b8400 x18=0x000b8403
      142357000	      7016	80002a18	012da023	sw	x18,0(x27)	 x27:0x8ffffffc x18:0x000b8403 PA:0x8ffffffc store:0x000b8403 load:0xffffffff
      142697000	      7033	80002a1c	b8402973	csrrs	x18,mhpmcounter4h,x0	  x0:0x00000000 x18=0x00000000
      143057000	      7051	80002a20	012da023	sw	x18,0(x27)	 x27:0x8ffffffc x18:0x00000000 PA:0x8ffffffc store:0x00000000 load:0xffffffff
      143077000	      7052	80002a24	90000db7	lui	x27,0x90000	 x27=0x90000000
      143097000	      7053	80002a28	1df1	c.addi	x27,-4	 x27:0x90000000 x27=0x8ffffffc
      143117000	      7054	80002a2a	6905	c.lui	x18,0x1	 x18=0x00001000
      143137000	      7055	80002a2c	b0590913	addi	x18,x18,-1275	 x18:0x00001000 x18=0x00000b05
      143157000	      7056	80002a30	0922	c.slli	x18,0x8	 x18:0x00000b05 x18=0x000b0500
      143177000	      7057	80002a32	090d	c.addi	x18,3	 x18:0x000b0500 x18=0x000b0503
      143257000	      7061	80002a34	012da023	sw	x18,0(x27)	 x27:0x8ffffffc x18:0x000b0503 PA:0x8ffffffc store:0x000b0503 load:0xffffffff
      143277000	      7062	80002a38	b0502973	csrrs	x18,mhpmcounter5,x0	  x0:0x00000000 x18=0x00000000
      143637000	      7080	80002a3c	012da023	sw	x18,0(x27)	 x27:0x8ffffffc x18:0x00000000 PA:0x8ffffffc store:0x00000000 load:0xffffffff
      143777000	      7087	80002a40	90000db7	lui	x27,0x90000	 x27=0x90000000
      143797000	      7088	80002a44	1df1	c.addi	x27,-4	 x27:0x90000000 x27=0x8ffffffc
      143817000	      7089	80002a46	6905	c.lui	x18,0x1	 x18=0x00001000
      143837000	      7090	80002a48	b8590913	addi	x18,x18,-1147	 x18:0x00001000 x18=0x00000b85
      143937000	      7095	80002a4c	0922	c.slli	x18,0x8	 x18:0x00000b85 x18=0x000b8500
      143957000	      7096	80002a4e	090d	c.addi	x18,3	 x18:0x000b8500 x18=0x000b8503
      144357000	      7116	80002a50	012da023	sw	x18,0(x27)	 x27:0x8ffffffc x18:0x000b8503 PA:0x8ffffffc store:0x000b8503 load:0xffffffff
      144377000	      7117	80002a54	b8502973	csrrs	x18,mhpmcounter5h,x0	  x0:0x00000000 x18=0x00000000
      144957000	      7146	80002a58	012da023	sw	x18,0(x27)	 x27:0x8ffffffc x18:0x00000000 PA:0x8ffffffc store:0x00000000 load:0xffffffff
      144977000	      7147	80002a5c	90000db7	lui	x27,0x90000	 x27=0x90000000
      144997000	      7148	80002a60	1df1	c.addi	x27,-4	 x27:0x90000000 x27=0x8ffffffc
      145017000	      7149	80002a62	6905	c.lui	x18,0x1	 x18=0x00001000
      145037000	      7150	80002a64	b0690913	addi	x18,x18,-1274	 x18:0x00001000 x18=0x00000b06
      145057000	      7151	80002a68	0922	c.slli	x18,0x8	 x18:0x00000b06 x18=0x000b0600
      145077000	      7152	80002a6a	090d	c.addi	x18,3	 x18:0x000b0600 x18=0x000b0603
      145197000	      7158	80002a6c	012da023	sw	x18,0(x27)	 x27:0x8ffffffc x18:0x000b0603 PA:0x8ffffffc store:0x000b0603 load:0xffffffff
      145437000	      7170	80002a70	b0602973	csrrs	x18,mhpmcounter6,x0	  x0:0x00000000 x18=0x0000005c
      145977000	      7197	80002a74	012da023	sw	x18,0(x27)	 x27:0x8ffffffc x18:0x0000005c PA:0x8ffffffc store:0x0000005c load:0xffffffff
      145997000	      7198	80002a78	90000db7	lui	x27,0x90000	 x27=0x90000000
      146017000	      7199	80002a7c	1df1	c.addi	x27,-4	 x27:0x90000000 x27=0x8ffffffc
      146037000	      7200	80002a7e	6905	c.lui	x18,0x1	 x18=0x00001000
      146057000	      7201	80002a80	b8690913	addi	x18,x18,-1146	 x18:0x00001000 x18=0x00000b86
      146077000	      7202	80002a84	0922	c.slli	x18,0x8	 x18:0x00000b86 x18=0x000b8600
      146097000	      7203	80002a86	090d	c.addi	x18,3	 x18:0x000b8600 x18=0x000b8603
      146177000	      7207	80002a88	012da023	sw	x18,0(x27)	 x27:0x8ffffffc x18:0x000b8603 PA:0x8ffffffc store:0x000b8603 load:0xffffffff
      146197000	      7208	80002a8c	b8602973	csrrs	x18,mhpmcounter6h,x0	  x0:0x00000000 x18=0x00000000
      146297000	      7213	80002a90	012da023	sw	x18,0(x27)	 x27:0x8ffffffc x18:0x00000000 PA:0x8ffffffc store:0x00000000 load:0xffffffff
      146317000	      7214	80002a94	90000db7	lui	x27,0x90000	 x27=0x90000000
      146677000	      7232	80002a98	1df1	c.addi	x27,-4	 x27:0x90000000 x27=0x8ffffffc
      146697000	      7233	80002a9a	6905	c.lui	x18,0x1	 x18=0x00001000
      146757000	      7236	80002a9c	b0790913	addi	x18,x18,-1273	 x18:0x00001000 x18=0x00000b07
      147017000	      7249	80002aa0	0922	c.slli	x18,0x8	 x18:0x00000b07 x18=0x000b0700
      147037000	      7250	80002aa2	090d	c.addi	x18,3	 x18:0x000b0700 x18=0x000b0703
      147477000	      7272	80002aa4	012da023	sw	x18,0(x27)	 x27:0x8ffffffc x18:0x000b0703 PA:0x8ffffffc store:0x000b0703 load:0xffffffff
      147497000	      7273	80002aa8	b0702973	csrrs	x18,mhpmcounter7,x0	  x0:0x00000000 x18=0x00000023
      147597000	      7278	80002aac	012da023	sw	x18,0(x27)	 x27:0x8ffffffc x18:0x00000023 PA:0x8ffffffc store:0x00000023 load:0xffffffff
      147617000	      7279	80002ab0	90000db7	lui	x27,0x90000	 x27=0x90000000
      147637000	      7280	80002ab4	1df1	c.addi	x27,-4	 x27:0x90000000 x27=0x8ffffffc
      147657000	      7281	80002ab6	6905	c.lui	x18,0x1	 x18=0x00001000
      147797000	      7288	80002ab8	b8790913	addi	x18,x18,-1145	 x18:0x00001000 x18=0x00000b87
      147817000	      7289	80002abc	0922	c.slli	x18,0x8	 x18:0x00000b87 x18=0x000b8700
      147837000	      7290	80002abe	090d	c.addi	x18,3	 x18:0x000b8700 x18=0x000b8703
      148257000	      7311	80002ac0	012da023	sw	x18,0(x27)	 x27:0x8ffffffc x18:0x000b8703 PA:0x8ffffffc store:0x000b8703 load:0xffffffff
      148277000	      7312	80002ac4	b8702973	csrrs	x18,mhpmcounter7h,x0	  x0:0x00000000 x18=0x00000000
      148337000	      7315	80002ac8	012da023	sw	x18,0(x27)	 x27:0x8ffffffc x18:0x00000000 PA:0x8ffffffc store:0x00000000 load:0xffffffff
      148357000	      7316	80002acc	90000db7	lui	x27,0x90000	 x27=0x90000000
      148377000	      7317	80002ad0	1df1	c.addi	x27,-4	 x27:0x90000000 x27=0x8ffffffc
      148397000	      7318	80002ad2	6905	c.lui	x18,0x1	 x18=0x00001000
      148417000	      7319	80002ad4	b0890913	addi	x18,x18,-1272	 x18:0x00001000 x18=0x00000b08
      148437000	      7320	80002ad8	0922	c.slli	x18,0x8	 x18:0x00000b08 x18=0x000b0800
      148457000	      7321	80002ada	090d	c.addi	x18,3	 x18:0x000b0800 x18=0x000b0803
      148757000	      7336	80002adc	012da023	sw	x18,0(x27)	 x27:0x8ffffffc x18:0x000b0803 PA:0x8ffffffc store:0x000b0803 load:0xffffffff
      148777000	      7337	80002ae0	b0802973	csrrs	x18,mhpmcounter8,x0	  x0:0x00000000 x18=0x000000f4
      149197000	      7358	80002ae4	012da023	sw	x18,0(x27)	 x27:0x8ffffffc x18:0x000000f4 PA:0x8ffffffc store:0x000000f4 load:0xffffffff
      149217000	      7359	80002ae8	90000db7	lui	x27,0x90000	 x27=0x90000000
      149237000	      7360	80002aec	1df1	c.addi	x27,-4	 x27:0x90000000 x27=0x8ffffffc
      149257000	      7361	80002aee	6905	c.lui	x18,0x1	 x18=0x00001000
      149657000	      7381	80002af0	b8890913	addi	x18,x18,-1144	 x18:0x00001000 x18=0x00000b88
      150077000	      7402	80002af4	0922	c.slli	x18,0x8	 x18:0x00000b88 x18=0x000b8800
      150097000	      7403	80002af6	090d	c.addi	x18,3	 x18:0x000b8800 x18=0x000b8803
      150157000	      7406	80002af8	012da023	sw	x18,0(x27)	 x27:0x8ffffffc x18:0x000b8803 PA:0x8ffffffc store:0x000b8803 load:0xffffffff
      150517000	      7424	80002afc	b8802973	csrrs	x18,mhpmcounter8h,x0	  x0:0x00000000 x18=0x00000000
      150837000	      7440	80002b00	012da023	sw	x18,0(x27)	 x27:0x8ffffffc x18:0x00000000 PA:0x8ffffffc store:0x00000000 load:0xffffffff
      150857000	      7441	80002b04	90000db7	lui	x27,0x90000	 x27=0x90000000
      150877000	      7442	80002b08	1df1	c.addi	x27,-4	 x27:0x90000000 x27=0x8ffffffc
      150897000	      7443	80002b0a	6905	c.lui	x18,0x1	 x18=0x00001000
      151057000	      7451	80002b0c	b0990913	addi	x18,x18,-1271	 x18:0x00001000 x18=0x00000b09
      151077000	      7452	80002b10	0922	c.slli	x18,0x8	 x18:0x00000b09 x18=0x000b0900
      151097000	      7453	80002b12	090d	c.addi	x18,3	 x18:0x000b0900 x18=0x000b0903
      151157000	      7456	80002b14	012da023	sw	x18,0(x27)	 x27:0x8ffffffc x18:0x000b0903 PA:0x8ffffffc store:0x000b0903 load:0xffffffff
      151177000	      7457	80002b18	b0902973	csrrs	x18,mhpmcounter9,x0	  x0:0x00000000 x18=0x00000044
      151337000	      7465	80002b1c	012da023	sw	x18,0(x27)	 x27:0x8ffffffc x18:0x00000044 PA:0x8ffffffc store:0x00000044 load:0xffffffff
      151437000	      7470	80002b20	90000db7	lui	x27,0x90000	 x27=0x90000000
      151457000	      7471	80002b24	1df1	c.addi	x27,-4	 x27:0x90000000 x27=0x8ffffffc
      151477000	      7472	80002b26	6905	c.lui	x18,0x1	 x18=0x00001000
      151537000	      7475	80002b28	b8990913	addi	x18,x18,-1143	 x18:0x00001000 x18=0x00000b89
      151557000	      7476	80002b2c	0922	c.slli	x18,0x8	 x18:0x00000b89 x18=0x000b8900
      151577000	      7477	80002b2e	090d	c.addi	x18,3	 x18:0x000b8900 x18=0x000b8903
      152037000	      7500	80002b30	012da023	sw	x18,0(x27)	 x27:0x8ffffffc x18:0x000b8903 PA:0x8ffffffc store:0x000b8903 load:0xffffffff
      152057000	      7501	80002b34	b8902973	csrrs	x18,mhpmcounter9h,x0	  x0:0x00000000 x18=0x00000000
      152397000	      7518	80002b38	012da023	sw	x18,0(x27)	 x27:0x8ffffffc x18:0x00000000 PA:0x8ffffffc store:0x00000000 load:0xffffffff
      152417000	      7519	80002b3c	90000db7	lui	x27,0x90000	 x27=0x90000000
      152437000	      7520	80002b40	1df1	c.addi	x27,-4	 x27:0x90000000 x27=0x8ffffffc
      152457000	      7521	80002b42	6905	c.lui	x18,0x1	 x18=0x00001000
      152477000	      7522	80002b44	b0a90913	addi	x18,x18,-1270	 x18:0x00001000 x18=0x00000b0a
      152497000	      7523	80002b48	0922	c.slli	x18,0x8	 x18:0x00000b0a x18=0x000b0a00
      152517000	      7524	80002b4a	090d	c.addi	x18,3	 x18:0x000b0a00 x18=0x000b0a03
      152737000	      7535	80002b4c	012da023	sw	x18,0(x27)	 x27:0x8ffffffc x18:0x000b0a03 PA:0x8ffffffc store:0x000b0a03 load:0xffffffff
      152757000	      7536	80002b50	b0a02973	csrrs	x18,mhpmcounter10,x0	  x0:0x00000000 x18=0x00000243
      153017000	      7549	80002b54	012da023	sw	x18,0(x27)	 x27:0x8ffffffc x18:0x00000243 PA:0x8ffffffc store:0x00000243 load:0xffffffff
      153037000	      7550	80002b58	90000db7	lui	x27,0x90000	 x27=0x90000000
      153057000	      7551	80002b5c	1df1	c.addi	x27,-4	 x27:0x90000000 x27=0x8ffffffc
      153077000	      7552	80002b5e	6905	c.lui	x18,0x1	 x18=0x00001000
      153097000	      7553	80002b60	b8a90913	addi	x18,x18,-1142	 x18:0x00001000 x18=0x00000b8a
      153117000	      7554	80002b64	0922	c.slli	x18,0x8	 x18:0x00000b8a x18=0x000b8a00
      153137000	      7555	80002b66	090d	c.addi	x18,3	 x18:0x000b8a00 x18=0x000b8a03
      153237000	      7560	80002b68	012da023	sw	x18,0(x27)	 x27:0x8ffffffc x18:0x000b8a03 PA:0x8ffffffc store:0x000b8a03 load:0xffffffff
      153257000	      7561	80002b6c	b8a02973	csrrs	x18,mhpmcounter10h,x0	  x0:0x00000000 x18=0x00000000
      153377000	      7567	80002b70	012da023	sw	x18,0(x27)	 x27:0x8ffffffc x18:0x00000000 PA:0x8ffffffc store:0x00000000 load:0xffffffff
      153557000	      7576	80002b74	90000db7	lui	x27,0x90000	 x27=0x90000000
      153737000	      7585	80002b78	1df1	c.addi	x27,-4	 x27:0x90000000 x27=0x8ffffffc
      153757000	      7586	80002b7a	6905	c.lui	x18,0x1	 x18=0x00001000
      153877000	      7592	80002b7c	b0b90913	addi	x18,x18,-1269	 x18:0x00001000 x18=0x00000b0b
      154097000	      7603	80002b80	0922	c.slli	x18,0x8	 x18:0x00000b0b x18=0x000b0b00
      154117000	      7604	80002b82	090d	c.addi	x18,3	 x18:0x000b0b00 x18=0x000b0b03
      154437000	      7620	80002b84	012da023	sw	x18,0(x27)	 x27:0x8ffffffc x18:0x000b0b03 PA:0x8ffffffc store:0x000b0b03 load:0xffffffff
      154457000	      7621	80002b88	b0b02973	csrrs	x18,mhpmcounter11,x0	  x0:0x00000000 x18=0x00000000
      154517000	      7624	80002b8c	012da023	sw	x18,0(x27)	 x27:0x8ffffffc x18:0x00000000 PA:0x8ffffffc store:0x00000000 load:0xffffffff
      154537000	      7625	80002b90	90000db7	lui	x27,0x90000	 x27=0x90000000
      154557000	      7626	80002b94	1df1	c.addi	x27,-4	 x27:0x90000000 x27=0x8ffffffc
      154577000	      7627	80002b96	6905	c.lui	x18,0x1	 x18=0x00001000
      154697000	      7633	80002b98	b8b90913	addi	x18,x18,-1141	 x18:0x00001000 x18=0x00000b8b
      154717000	      7634	80002b9c	0922	c.slli	x18,0x8	 x18:0x00000b8b x18=0x000b8b00
      154737000	      7635	80002b9e	090d	c.addi	x18,3	 x18:0x000b8b00 x18=0x000b8b03
      154897000	      7643	80002ba0	012da023	sw	x18,0(x27)	 x27:0x8ffffffc x18:0x000b8b03 PA:0x8ffffffc store:0x000b8b03 load:0xffffffff
      155097000	      7653	80002ba4	b8b02973	csrrs	x18,mhpmcounter11h,x0	  x0:0x00000000 x18=0x00000000
      155157000	      7656	80002ba8	012da023	sw	x18,0(x27)	 x27:0x8ffffffc x18:0x00000000 PA:0x8ffffffc store:0x00000000 load:0xffffffff
      155197000	      7658	80002bac	90000db7	lui	x27,0x90000	 x27=0x90000000
      155377000	      7667	80002bb0	1df1	c.addi	x27,-4	 x27:0x90000000 x27=0x8ffffffc
      155397000	      7668	80002bb2	6905	c.lui	x18,0x1	 x18=0x00001000
      155417000	      7669	80002bb4	b0c90913	addi	x18,x18,-1268	 x18:0x00001000 x18=0x00000b0c
      155817000	      7689	80002bb8	0922	c.slli	x18,0x8	 x18:0x00000b0c x18=0x000b0c00
      155837000	      7690	80002bba	090d	c.addi	x18,3	 x18:0x000b0c00 x18=0x000b0c03
      156457000	      7721	80002bbc	012da023	sw	x18,0(x27)	 x27:0x8ffffffc x18:0x000b0c03 PA:0x8ffffffc store:0x000b0c03 load:0xffffffff
      156477000	      7722	80002bc0	b0c02973	csrrs	x18,mhpmcounter12,x0	  x0:0x00000000 x18=0x00000000
      156537000	      7725	80002bc4	012da023	sw	x18,0(x27)	 x27:0x8ffffffc x18:0x00000000 PA:0x8ffffffc store:0x00000000 load:0xffffffff
      156557000	      7726	80002bc8	90000db7	lui	x27,0x90000	 x27=0x90000000
      156577000	      7727	80002bcc	1df1	c.addi	x27,-4	 x27:0x90000000 x27=0x8ffffffc
      156597000	      7728	80002bce	6905	c.lui	x18,0x1	 x18=0x00001000
      156617000	      7729	80002bd0	b8c90913	addi	x18,x18,-1140	 x18:0x00001000 x18=0x00000b8c
      156637000	      7730	80002bd4	0922	c.slli	x18,0x8	 x18:0x00000b8c x18=0x000b8c00
      156657000	      7731	80002bd6	090d	c.addi	x18,3	 x18:0x000b8c00 x18=0x000b8c03
      157157000	      7756	80002bd8	012da023	sw	x18,0(x27)	 x27:0x8ffffffc x18:0x000b8c03 PA:0x8ffffffc store:0x000b8c03 load:0xffffffff
      157177000	      7757	80002bdc	b8c02973	csrrs	x18,mhpmcounter12h,x0	  x0:0x00000000 x18=0x00000000
      157237000	      7760	80002be0	012da023	sw	x18,0(x27)	 x27:0x8ffffffc x18:0x00000000 PA:0x8ffffffc store:0x00000000 load:0xffffffff
      157257000	      7761	80002be4	ffffd917	auipc	x18,0xffffd	 x18=0x7ffffbe4
      157617000	      7779	80002be8	49c90913	addi	x18,x18,1180	 x18:0x7ffffbe4 x18=0x80000080
      157677000	      7782	80002bec	00092023	sw	x0,0(x18)	 x18:0x80000080  x0:0x00000000 PA:0x80000080 store:0x00000000 load:0xffffffff
      157797000	      7788	80002bf0	00192223	sw	x1,4(x18)	 x18:0x80000080  x1:0x80000000 PA:0x80000084 store:0x80000000 load:0xffffffff
      158177000	      7807	80002bf4	00292423	sw	x2,8(x18)	 x18:0x80000080  x2:0x0000000b PA:0x80000088 store:0x0000000b load:0xffffffff
      158357000	      7816	80002bf8	00392623	sw	x3,12(x18)	 x18:0x80000080  x3:0x00000001 PA:0x8000008c store:0x00000001 load:0xffffffff
      158437000	      7820	80002bfc	00492823	sw	x4,16(x18)	 x18:0x80000080  x4:0x80000000 PA:0x80000090 store:0x80000000 load:0xffffffff
      158677000	      7832	80002c00	00592a23	sw	x5,20(x18)	 x18:0x80000080  x5:0x1744cdf0 PA:0x80000094 store:0x1744cdf0 load:0xffffffff
      159137000	      7855	80002c04	00692c23	sw	x6,24(x18)	 x18:0x80000080  x6:0xfb2214da PA:0x80000098 store:0xfb2214da load:0xffffffff
      159397000	      7868	80002c08	00792e23	sw	x7,28(x18)	 x18:0x80000080  x7:0x23ffffff PA:0x8000009c store:0x23ffffff load:0xffffffff
      159917000	      7894	80002c0c	02892023	sw	x8,32(x18)	 x18:0x80000080  x8:0x87852e2e PA:0x800000a0 store:0x87852e2e load:0xffffffff
      160157000	      7906	80002c10	02992223	sw	x9,36(x18)	 x18:0x80000080  x9:0x68af6ad7 PA:0x800000a4 store:0x68af6ad7 load:0xffffffff
      160297000	      7913	80002c14	02a92423	sw	x10,40(x18)	 x18:0x80000080 x10:0x0000000f PA:0x800000a8 store:0x0000000f load:0xffffffff
      160317000	      7914	80002c18	02b92623	sw	x11,44(x18)	 x18:0x80000080 x11:0x8002cbdc PA:0x800000ac store:0x8002cbdc load:0xffffffff
      160337000	      7915	80002c1c	02c92823	sw	x12,48(x18)	 x18:0x80000080 x12:0x0000000a PA:0x800000b0 store:0x0000000a load:0xffffffff
      160357000	      7916	80002c20	02d92a23	sw	x13,52(x18)	 x18:0x80000080 x13:0x8002cbdc PA:0x800000b4 store:0x8002cbdc load:0xffffffff
      160377000	      7917	80002c24	02e92c23	sw	x14,56(x18)	 x18:0x80000080 x14:0x20009d67 PA:0x800000b8 store:0x20009d67 load:0xffffffff
      160697000	      7933	80002c28	02f92e23	sw	x15,60(x18)	 x18:0x80000080 x15:0x80000000 PA:0x800000bc store:0x80000000 load:0xffffffff
      160757000	      7936	80002c2c	05092023	sw	x16,64(x18)	 x18:0x80000080 x16:0x0f0f0f0f PA:0x800000c0 store:0x0f0f0f0f load:0xffffffff
      160877000	      7942	80002c30	05192223	sw	x17,68(x18)	 x18:0x80000080 x17:0x80000000 PA:0x800000c4 store:0x80000000 load:0xffffffff
      160897000	      7943	80002c34	05292423	sw	x18,72(x18)	 x18:0x80000080 x18:0x80000080 PA:0x800000c8 store:0x80000080 load:0xffffffff
      161257000	      7961	80002c38	05392623	sw	x19,76(x18)	 x18:0x80000080 x19:0x936ac645 PA:0x800000cc store:0x936ac645 load:0xffffffff
      161317000	      7964	80002c3c	05492823	sw	x20,80(x18)	 x18:0x80000080 x20:0x80000000 PA:0x800000d0 store:0x80000000 load:0xffffffff
      161517000	      7974	80002c40	05592a23	sw	x21,84(x18)	 x18:0x80000080 x21:0x80000000 PA:0x800000d4 store:0x80000000 load:0xffffffff
      161977000	      7997	80002c44	05692c23	sw	x22,88(x18)	 x18:0x80000080 x22:0x0000000d PA:0x800000d8 store:0x0000000d load:0xffffffff
      162237000	      8010	80002c48	05792e23	sw	x23,92(x18)	 x18:0x80000080 x23:0x00000010 PA:0x800000dc store:0x00000010 load:0xffffffff
      162597000	      8028	80002c4c	07892023	sw	x24,96(x18)	 x18:0x80000080 x24:0x3b4b4272 PA:0x800000e0 store:0x3b4b4272 load:0xffffffff
      163177000	      8057	80002c50	07992223	sw	x25,100(x18)	 x18:0x80000080 x25:0xfefc7b06 PA:0x800000e4 store:0xfefc7b06 load:0xffffffff
      163477000	      8072	80002c54	07a92423	sw	x26,104(x18)	 x18:0x80000080 x26:0x00000007 PA:0x800000e8 store:0x00000007 load:0xffffffff
      163537000	      8075	80002c58	07b92623	sw	x27,108(x18)	 x18:0x80000080 x27:0x8ffffffc PA:0x800000ec store:0x8ffffffc load:0xffffffff
      163717000	      8084	80002c5c	07c92823	sw	x28,112(x18)	 x18:0x80000080 x28:0xfafde1f2 PA:0x800000f0 store:0xfafde1f2 load:0xffffffff
      163777000	      8087	80002c60	07d92a23	sw	x29,116(x18)	 x18:0x80000080 x29:0x80000000 PA:0x800000f4 store:0x80000000 load:0xffffffff
      163797000	      8088	80002c64	07e92c23	sw	x30,120(x18)	 x18:0x80000080 x30:0xfe5403a9 PA:0x800000f8 store:0xfe5403a9 load:0xffffffff
      163817000	      8089	80002c68	07f92e23	sw	x31,124(x18)	 x18:0x80000080 x31:0x00000000 PA:0x800000fc store:0x00000000 load:0xffffffff
      163837000	      8090	80002c6c	34102973	csrrs	x18,mepc,x0	  x0:0x00000000 x18=0x8000061a
      163857000	      8091	80002c70	0911	c.addi	x18,4	 x18:0x8000061a x18=0x8000061e
      163877000	      8092	80002c72	34191073	csrrw	x0,mepc,x18	 x18:0x8000061e  x0=0x00000000
      163917000	      8094	80002c76	30200073	mret	
      164037000	      8100	8000061e	90000db7	lui	x27,0x90000	 x27=0x90000000
      164057000	      8101	80000622	1de1	c.addi	x27,-8	 x27:0x90000000 x27=0x8ffffff8
      164077000	      8102	80000624	4905	c.li	x18,1	 x18=0x00000001
      164097000	      8103	80000626	0922	c.slli	x18,0x8	 x18:0x00000001 x18=0x00000100
      164117000	      8104	80000628	0905	c.addi	x18,1	 x18:0x00000100 x18=0x00000101
      164157000	      8106	8000062a	012da023	sw	x18,0(x27)	 x27:0x8ffffff8 x18:0x00000101 PA:0x8ffffff8 store:0x00000101 load:0xxxxxxxxx
      164397000	      8118	80002800	0800006f	jal	x0,80002880	  x0=0x00000000
      164457000	      8121	80002880	16f1	c.addi	x13,-4	 x13:0x8002cbdc x13=0x8002cbd8
      164637000	      8130	80002882	c28c	c.sw	x11,0(x13)	 x13:0x8002cbd8 x11:0x8002cbdc PA:0x8002cbd8 store:0x8002cbdc load:0xffffffff
      164657000	      8131	80002884	000685b3	add	x11,x13,x0	 x13:0x8002cbd8  x0:0x00000000 x11=0x8002cbd8
      164677000	      8132	80002888	f8058593	addi	x11,x11,-128	 x11:0x8002cbd8 x11=0x8002cb58
      165317000	      8164	8000288c	0015a223	sw	x1,4(x11)	 x11:0x8002cb58  x1:0x80000000 PA:0x8002cb5c store:0x80000000 load:0xffffffff
      165377000	      8167	80002890	0025a423	sw	x2,8(x11)	 x11:0x8002cb58  x2:0x0000000b PA:0x8002cb60 store:0x0000000b load:0xffffffff
      165397000	      8168	80002894	0035a623	sw	x3,12(x11)	 x11:0x8002cb58  x3:0x00000001 PA:0x8002cb64 store:0x00000001 load:0xffffffff
      165617000	      8179	80002898	0045a823	sw	x4,16(x11)	 x11:0x8002cb58  x4:0x80000000 PA:0x8002cb68 store:0x80000000 load:0xffffffff
      165637000	      8180	8000289c	0055aa23	sw	x5,20(x11)	 x11:0x8002cb58  x5:0x1744cdf0 PA:0x8002cb6c store:0x1744cdf0 load:0xffffffff
      165717000	      8184	800028a0	0065ac23	sw	x6,24(x11)	 x11:0x8002cb58  x6:0xfb2214da PA:0x8002cb70 store:0xfb2214da load:0xffffffff
      166137000	      8205	800028a4	0075ae23	sw	x7,28(x11)	 x11:0x8002cb58  x7:0x23ffffff PA:0x8002cb74 store:0x23ffffff load:0xffffffff
      166197000	      8208	800028a8	d180	c.sw	x8,32(x11)	 x11:0x8002cb58  x8:0x87852e2e PA:0x8002cb78 store:0x87852e2e load:0xffffffff
      166237000	      8210	800028aa	d1c4	c.sw	x9,36(x11)	 x11:0x8002cb58  x9:0x68af6ad7 PA:0x8002cb7c store:0x68af6ad7 load:0xffffffff
      166537000	      8225	800028ac	d588	c.sw	x10,40(x11)	 x11:0x8002cb58 x10:0x0000000f PA:0x8002cb80 store:0x0000000f load:0xffffffff
      166797000	      8238	800028ae	d5cc	c.sw	x11,44(x11)	 x11:0x8002cb58 x11:0x8002cb58 PA:0x8002cb84 store:0x8002cb58 load:0xffffffff
