core   0: 0x80000080 (0x400017b7) lui     a5, 0x40001
core   0: 3 0x80000080 (0x400017b7) x15 0x40001000
core   0: 0x80000084 (0x10678793) addi    a5, a5, 262
core   0: 3 0x80000084 (0x10678793) x15 0x40001106
core   0: 0x80000088 (0x30179073) csrw    misa, a5
core   0: 3 0x80000088 (0x30179073) c769_misa 0x40901104
core   0: 0x8000008c (0x00026c97) auipc   s9, 0x26
core   0: 3 0x8000008c (0x00026c97) x25 0x8002608c
core   0: 0x80000090 (0xc58c8c93) addi    s9, s9, -936
core   0: 3 0x80000090 (0xc58c8c93) x25 0x80025ce4
core   0: 0x80000094 (0x00002797) auipc   a5, 0x2
core   0: 3 0x80000094 (0x00002797) x15 0x80002094
core   0: 0x80000098 (0x46c78793) addi    a5, a5, 1132
core   0: 3 0x80000098 (0x46c78793) x15 0x80002500
core   0: 0x8000009c (0x0017e793) ori     a5, a5, 1
core   0: 3 0x8000009c (0x0017e793) x15 0x80002501
core   0: 0x800000a0 (0x30579073) csrw    mtvec, a5
core   0: 3 0x800000a0 (0x30579073) c773_mtvec 0x80002501
core   0: 0x800000a4 (0x74725073) csrwi   mseccfg, 4
core   0: 3 0x800000a4 (0x74725073) c1863_mseccfg 0x00000004
core   0: 0x800000a8 (0x00003d97) auipc   s11, 0x3
core   0: 3 0x800000a8 (0x00003d97) x27 0x800030a8
core   0: 0x800000ac (0x194d8d93) addi    s11, s11, 404
core   0: 3 0x800000ac (0x194d8d93) x27 0x8000323c
core   0: 0x800000b0 (0x00004781) c.li    a5, 0
core   0: 3 0x800000b0 (0x4781) x15 0x00000000
core   0: 0x800000b2 (0x00009dbe) c.add   s11, a5
core   0: 3 0x800000b2 (0x9dbe) x27 0x8000323c
core   0: 0x800000b4 (0x002ddd93) srli    s11, s11, 2
core   0: 3 0x800000b4 (0x002ddd93) x27 0x20000c8f
core   0: 0x800000b8 (0x3b0d9073) csrw    pmpaddr0, s11
core   0: 3 0x800000b8 (0x3b0d9073) c944_pmpaddr0 0x20000c8f
core   0: 0x800000bc (0x00003d97) auipc   s11, 0x3
core   0: 3 0x800000bc (0x00003d97) x27 0x800030bc
core   0: 0x800000c0 (0x180d8d93) addi    s11, s11, 384
core   0: 3 0x800000c0 (0x180d8d93) x27 0x8000323c
core   0: 0x800000c4 (0x111117b7) lui     a5, 0x11111
core   0: 3 0x800000c4 (0x111117b7) x15 0x11111000
core   0: 0x800000c8 (0x11178793) addi    a5, a5, 273
core   0: 3 0x800000c8 (0x11178793) x15 0x11111111
core   0: 0x800000cc (0x00009dbe) c.add   s11, a5
core   0: 3 0x800000cc (0x9dbe) x27 0x9111434d
core   0: 0x800000ce (0x002ddd93) srli    s11, s11, 2
core   0: 3 0x800000ce (0x002ddd93) x27 0x244450d3
core   0: 0x800000d2 (0x3b1d9073) csrw    pmpaddr1, s11
core   0: 3 0x800000d2 (0x3b1d9073) c945_pmpaddr1 0x244450d3
core   0: 0x800000d6 (0x00003d97) auipc   s11, 0x3
core   0: 3 0x800000d6 (0x00003d97) x27 0x800030d6
core   0: 0x800000da (0x166d8d93) addi    s11, s11, 358
core   0: 3 0x800000da (0x166d8d93) x27 0x8000323c
core   0: 0x800000de (0x222227b7) lui     a5, 0x22222
core   0: 3 0x800000de (0x222227b7) x15 0x22222000
core   0: 0x800000e2 (0x22278793) addi    a5, a5, 546
core   0: 3 0x800000e2 (0x22278793) x15 0x22222222
core   0: 0x800000e6 (0x00009dbe) c.add   s11, a5
core   0: 3 0x800000e6 (0x9dbe) x27 0xa222545e
core   0: 0x800000e8 (0x002ddd93) srli    s11, s11, 2
core   0: 3 0x800000e8 (0x002ddd93) x27 0x28889517
core   0: 0x800000ec (0x3b2d9073) csrw    pmpaddr2, s11
core   0: 3 0x800000ec (0x3b2d9073) c946_pmpaddr2 0x28889517
core   0: 0x800000f0 (0x00003d97) auipc   s11, 0x3
core   0: 3 0x800000f0 (0x00003d97) x27 0x800030f0
core   0: 0x800000f4 (0x14cd8d93) addi    s11, s11, 332
core   0: 3 0x800000f4 (0x14cd8d93) x27 0x8000323c
core   0: 0x800000f8 (0x333337b7) lui     a5, 0x33333
core   0: 3 0x800000f8 (0x333337b7) x15 0x33333000
core   0: 0x800000fc (0x33378793) addi    a5, a5, 819
core   0: 3 0x800000fc (0x33378793) x15 0x33333333
core   0: 0x80000100 (0x00009dbe) c.add   s11, a5
core   0: 3 0x80000100 (0x9dbe) x27 0xb333656f
core   0: 0x80000102 (0x002ddd93) srli    s11, s11, 2
core   0: 3 0x80000102 (0x002ddd93) x27 0x2cccd95b
core   0: 0x80000106 (0x3b3d9073) csrw    pmpaddr3, s11
core   0: 3 0x80000106 (0x3b3d9073) c947_pmpaddr3 0x2cccd95b
core   0: 0x8000010a (0x0f0f1db7) lui     s11, 0xf0f1
core   0: 3 0x8000010a (0x0f0f1db7) x27 0x0f0f1000
core   0: 0x8000010e (0xf0fd8d93) addi    s11, s11, -241
core   0: 3 0x8000010e (0xf0fd8d93) x27 0x0f0f0f0f
core   0: 0x80000112 (0x3a0d9073) csrw    pmpcfg0, s11
core   0: 3 0x80000112 (0x3a0d9073) c928_pmpcfg0 0x0f0f0f0f
core   0: 0x80000116 (0x00003d97) auipc   s11, 0x3
core   0: 3 0x80000116 (0x00003d97) x27 0x80003116
core   0: 0x8000011a (0x126d8d93) addi    s11, s11, 294
core   0: 3 0x8000011a (0x126d8d93) x27 0x8000323c
core   0: 0x8000011e (0x444447b7) lui     a5, 0x44444
core   0: 3 0x8000011e (0x444447b7) x15 0x44444000
core   0: 0x80000122 (0x44478793) addi    a5, a5, 1092
core   0: 3 0x80000122 (0x44478793) x15 0x44444444
core   0: 0x80000126 (0x00009dbe) c.add   s11, a5
core   0: 3 0x80000126 (0x9dbe) x27 0xc4447680
core   0: 0x80000128 (0x002ddd93) srli    s11, s11, 2
core   0: 3 0x80000128 (0x002ddd93) x27 0x31111da0
core   0: 0x8000012c (0x3b4d9073) csrw    pmpaddr4, s11
core   0: 3 0x8000012c (0x3b4d9073) c948_pmpaddr4 0x31111da0
core   0: 0x80000130 (0x00003d97) auipc   s11, 0x3
core   0: 3 0x80000130 (0x00003d97) x27 0x80003130
core   0: 0x80000134 (0x10cd8d93) addi    s11, s11, 268
core   0: 3 0x80000134 (0x10cd8d93) x27 0x8000323c
core   0: 0x80000138 (0x555557b7) lui     a5, 0x55555
core   0: 3 0x80000138 (0x555557b7) x15 0x55555000
core   0: 0x8000013c (0x55578793) addi    a5, a5, 1365
core   0: 3 0x8000013c (0x55578793) x15 0x55555555
core   0: 0x80000140 (0x00009dbe) c.add   s11, a5
core   0: 3 0x80000140 (0x9dbe) x27 0xd5558791
core   0: 0x80000142 (0x002ddd93) srli    s11, s11, 2
core   0: 3 0x80000142 (0x002ddd93) x27 0x355561e4
core   0: 0x80000146 (0x3b5d9073) csrw    pmpaddr5, s11
core   0: 3 0x80000146 (0x3b5d9073) c949_pmpaddr5 0x355561e4
core   0: 0x8000014a (0x00003d97) auipc   s11, 0x3
core   0: 3 0x8000014a (0x00003d97) x27 0x8000314a
core   0: 0x8000014e (0x0f2d8d93) addi    s11, s11, 242
core   0: 3 0x8000014e (0x0f2d8d93) x27 0x8000323c
core   0: 0x80000152 (0x666667b7) lui     a5, 0x66666
core   0: 3 0x80000152 (0x666667b7) x15 0x66666000
core   0: 0x80000156 (0x66678793) addi    a5, a5, 1638
core   0: 3 0x80000156 (0x66678793) x15 0x66666666
core   0: 0x8000015a (0x00009dbe) c.add   s11, a5
core   0: 3 0x8000015a (0x9dbe) x27 0xe66698a2
core   0: 0x8000015c (0x002ddd93) srli    s11, s11, 2
core   0: 3 0x8000015c (0x002ddd93) x27 0x3999a628
core   0: 0x80000160 (0x3b6d9073) csrw    pmpaddr6, s11
core   0: 3 0x80000160 (0x3b6d9073) c950_pmpaddr6 0x3999a628
core   0: 0x80000164 (0x00003d97) auipc   s11, 0x3
core   0: 3 0x80000164 (0x00003d97) x27 0x80003164
core   0: 0x80000168 (0x0d8d8d93) addi    s11, s11, 216
core   0: 3 0x80000168 (0x0d8d8d93) x27 0x8000323c
core   0: 0x8000016c (0x777777b7) lui     a5, 0x77777
core   0: 3 0x8000016c (0x777777b7) x15 0x77777000
core   0: 0x80000170 (0x77778793) addi    a5, a5, 1911
core   0: 3 0x80000170 (0x77778793) x15 0x77777777
core   0: 0x80000174 (0x00009dbe) c.add   s11, a5
core   0: 3 0x80000174 (0x9dbe) x27 0xf777a9b3
core   0: 0x80000176 (0x002ddd93) srli    s11, s11, 2
core   0: 3 0x80000176 (0x002ddd93) x27 0x3dddea6c
core   0: 0x8000017a (0x3b7d9073) csrw    pmpaddr7, s11
core   0: 3 0x8000017a (0x3b7d9073) c951_pmpaddr7 0x3dddea6c
core   0: 0x8000017e (0x0f0f1db7) lui     s11, 0xf0f1
core   0: 3 0x8000017e (0x0f0f1db7) x27 0x0f0f1000
core   0: 0x80000182 (0xf0fd8d93) addi    s11, s11, -241
core   0: 3 0x80000182 (0xf0fd8d93) x27 0x0f0f0f0f
core   0: 0x80000186 (0x3a1d9073) csrw    pmpcfg1, s11
core   0: 3 0x80000186 (0x3a1d9073) c929_pmpcfg1 0x0f0f0f0f
core   0: 0x8000018a (0x00003d97) auipc   s11, 0x3
core   0: 3 0x8000018a (0x00003d97) x27 0x8000318a
core   0: 0x8000018e (0x0b2d8d93) addi    s11, s11, 178
core   0: 3 0x8000018e (0x0b2d8d93) x27 0x8000323c
core   0: 0x80000192 (0x888897b7) lui     a5, 0x88889
core   0: 3 0x80000192 (0x888897b7) x15 0x88889000
core   0: 0x80000196 (0x88878793) addi    a5, a5, -1912
core   0: 3 0x80000196 (0x88878793) x15 0x88888888
core   0: 0x8000019a (0x00009dbe) c.add   s11, a5
core   0: 3 0x8000019a (0x9dbe) x27 0x0888bac4
core   0: 0x8000019c (0x002ddd93) srli    s11, s11, 2
core   0: 3 0x8000019c (0x002ddd93) x27 0x02222eb1
core   0: 0x800001a0 (0x3b8d9073) csrw    pmpaddr8, s11
core   0: 3 0x800001a0 (0x3b8d9073) c952_pmpaddr8 0x02222eb1
core   0: 0x800001a4 (0x00003d97) auipc   s11, 0x3
core   0: 3 0x800001a4 (0x00003d97) x27 0x800031a4
core   0: 0x800001a8 (0x098d8d93) addi    s11, s11, 152
core   0: 3 0x800001a8 (0x098d8d93) x27 0x8000323c
core   0: 0x800001ac (0x9999a7b7) lui     a5, 0x9999a
core   0: 3 0x800001ac (0x9999a7b7) x15 0x9999a000
core   0: 0x800001b0 (0x99978793) addi    a5, a5, -1639
core   0: 3 0x800001b0 (0x99978793) x15 0x99999999
core   0: 0x800001b4 (0x00009dbe) c.add   s11, a5
core   0: 3 0x800001b4 (0x9dbe) x27 0x1999cbd5
core   0: 0x800001b6 (0x002ddd93) srli    s11, s11, 2
core   0: 3 0x800001b6 (0x002ddd93) x27 0x066672f5
core   0: 0x800001ba (0x3b9d9073) csrw    pmpaddr9, s11
core   0: 3 0x800001ba (0x3b9d9073) c953_pmpaddr9 0x066672f5
core   0: 0x800001be (0x00003d97) auipc   s11, 0x3
core   0: 3 0x800001be (0x00003d97) x27 0x800031be
core   0: 0x800001c2 (0x07ed8d93) addi    s11, s11, 126
core   0: 3 0x800001c2 (0x07ed8d93) x27 0x8000323c
core   0: 0x800001c6 (0xaaaab7b7) lui     a5, 0xaaaab
core   0: 3 0x800001c6 (0xaaaab7b7) x15 0xaaaab000
core   0: 0x800001ca (0xaaa78793) addi    a5, a5, -1366
core   0: 3 0x800001ca (0xaaa78793) x15 0xaaaaaaaa
core   0: 0x800001ce (0x00009dbe) c.add   s11, a5
core   0: 3 0x800001ce (0x9dbe) x27 0x2aaadce6
core   0: 0x800001d0 (0x002ddd93) srli    s11, s11, 2
core   0: 3 0x800001d0 (0x002ddd93) x27 0x0aaab739
core   0: 0x800001d4 (0x3bad9073) csrw    pmpaddr10, s11
core   0: 3 0x800001d4 (0x3bad9073) c954_pmpaddr10 0x0aaab739
core   0: 0x800001d8 (0x00003d97) auipc   s11, 0x3
core   0: 3 0x800001d8 (0x00003d97) x27 0x800031d8
core   0: 0x800001dc (0x064d8d93) addi    s11, s11, 100
core   0: 3 0x800001dc (0x064d8d93) x27 0x8000323c
core   0: 0x800001e0 (0xbbbbc7b7) lui     a5, 0xbbbbc
core   0: 3 0x800001e0 (0xbbbbc7b7) x15 0xbbbbc000
core   0: 0x800001e4 (0xbbb78793) addi    a5, a5, -1093
core   0: 3 0x800001e4 (0xbbb78793) x15 0xbbbbbbbb
core   0: 0x800001e8 (0x00009dbe) c.add   s11, a5
core   0: 3 0x800001e8 (0x9dbe) x27 0x3bbbedf7
core   0: 0x800001ea (0x002ddd93) srli    s11, s11, 2
core   0: 3 0x800001ea (0x002ddd93) x27 0x0eeefb7d
core   0: 0x800001ee (0x3bbd9073) csrw    pmpaddr11, s11
core   0: 3 0x800001ee (0x3bbd9073) c955_pmpaddr11 0x0eeefb7d
core   0: 0x800001f2 (0x0f0f1db7) lui     s11, 0xf0f1
core   0: 3 0x800001f2 (0x0f0f1db7) x27 0x0f0f1000
core   0: 0x800001f6 (0xf0fd8d93) addi    s11, s11, -241
core   0: 3 0x800001f6 (0xf0fd8d93) x27 0x0f0f0f0f
core   0: 0x800001fa (0x3a2d9073) csrw    pmpcfg2, s11
core   0: 3 0x800001fa (0x3a2d9073) c930_pmpcfg2 0x0f0f0f0f
core   0: 0x800001fe (0x00003d97) auipc   s11, 0x3
core   0: 3 0x800001fe (0x00003d97) x27 0x800031fe
core   0: 0x80000202 (0x03ed8d93) addi    s11, s11, 62
core   0: 3 0x80000202 (0x03ed8d93) x27 0x8000323c
core   0: 0x80000206 (0xccccd7b7) lui     a5, 0xccccd
core   0: 3 0x80000206 (0xccccd7b7) x15 0xccccd000
core   0: 0x8000020a (0xccc78793) addi    a5, a5, -820
core   0: 3 0x8000020a (0xccc78793) x15 0xcccccccc
core   0: 0x8000020e (0x00009dbe) c.add   s11, a5
core   0: 3 0x8000020e (0x9dbe) x27 0x4cccff08
core   0: 0x80000210 (0x002ddd93) srli    s11, s11, 2
core   0: 3 0x80000210 (0x002ddd93) x27 0x13333fc2
core   0: 0x80000214 (0x3bcd9073) csrw    pmpaddr12, s11
core   0: 3 0x80000214 (0x3bcd9073) c956_pmpaddr12 0x13333fc2
core   0: 0x80000218 (0x00003d97) auipc   s11, 0x3
core   0: 3 0x80000218 (0x00003d97) x27 0x80003218
core   0: 0x8000021c (0x024d8d93) addi    s11, s11, 36
core   0: 3 0x8000021c (0x024d8d93) x27 0x8000323c
core   0: 0x80000220 (0xdddde7b7) lui     a5, 0xdddde
core   0: 3 0x80000220 (0xdddde7b7) x15 0xdddde000
core   0: 0x80000224 (0xddd78793) addi    a5, a5, -547
core   0: 3 0x80000224 (0xddd78793) x15 0xdddddddd
core   0: 0x80000228 (0x00009dbe) c.add   s11, a5
core   0: 3 0x80000228 (0x9dbe) x27 0x5dde1019
core   0: 0x8000022a (0x002ddd93) srli    s11, s11, 2
core   0: 3 0x8000022a (0x002ddd93) x27 0x17778406
core   0: 0x8000022e (0x3bdd9073) csrw    pmpaddr13, s11
core   0: 3 0x8000022e (0x3bdd9073) c957_pmpaddr13 0x17778406
core   0: 0x80000232 (0x00003d97) auipc   s11, 0x3
core   0: 3 0x80000232 (0x00003d97) x27 0x80003232
core   0: 0x80000236 (0x00ad8d93) addi    s11, s11, 10
core   0: 3 0x80000236 (0x00ad8d93) x27 0x8000323c
core   0: 0x8000023a (0xeeeef7b7) lui     a5, 0xeeeef
core   0: 3 0x8000023a (0xeeeef7b7) x15 0xeeeef000
core   0: 0x8000023e (0xeee78793) addi    a5, a5, -274
core   0: 3 0x8000023e (0xeee78793) x15 0xeeeeeeee
core   0: 0x80000242 (0x00009dbe) c.add   s11, a5
core   0: 3 0x80000242 (0x9dbe) x27 0x6eef212a
core   0: 0x80000244 (0x002ddd93) srli    s11, s11, 2
core   0: 3 0x80000244 (0x002ddd93) x27 0x1bbbc84a
core   0: 0x80000248 (0x3bed9073) csrw    pmpaddr14, s11
core   0: 3 0x80000248 (0x3bed9073) c958_pmpaddr14 0x1bbbc84a
core   0: 0x8000024c (0x00003d97) auipc   s11, 0x3
core   0: 3 0x8000024c (0x00003d97) x27 0x8000324c
core   0: 0x80000250 (0xff0d8d93) addi    s11, s11, -16
core   0: 3 0x80000250 (0xff0d8d93) x27 0x8000323c
core   0: 0x80000254 (0xfff00793) li      a5, -1
core   0: 3 0x80000254 (0xfff00793) x15 0xffffffff
core   0: 0x80000258 (0x00009dbe) c.add   s11, a5
core   0: 3 0x80000258 (0x9dbe) x27 0x8000323b
core   0: 0x8000025a (0x002ddd93) srli    s11, s11, 2
core   0: 3 0x8000025a (0x002ddd93) x27 0x20000c8e
core   0: 0x8000025e (0x3bfd9073) csrw    pmpaddr15, s11
core   0: 3 0x8000025e (0x3bfd9073) c959_pmpaddr15 0x20000c8e
core   0: 0x80000262 (0x0f0f1db7) lui     s11, 0xf0f1
core   0: 3 0x80000262 (0x0f0f1db7) x27 0x0f0f1000
core   0: 0x80000266 (0xf0fd8d93) addi    s11, s11, -241
core   0: 3 0x80000266 (0xf0fd8d93) x27 0x0f0f0f0f
core   0: 0x8000026a (0x3a3d9073) csrw    pmpcfg3, s11
core   0: 3 0x8000026a (0x3a3d9073) c931_pmpcfg3 0x0f0f0f0f
core   0: 0x8000026e (0x00000797) auipc   a5, 0x0
core   0: 3 0x8000026e (0x00000797) x15 0x8000026e
core   0: 0x80000272 (0x05878793) addi    a5, a5, 88
core   0: 3 0x80000272 (0x05878793) x15 0x800002c6
core   0: 0x80000276 (0x34179073) csrw    mepc, a5
core   0: 3 0x80000276 (0x34179073) c833_mepc 0x800002c6
core   0: 0x8000027a (0x7c00d073) csrwi   cpuctrlsts, 1
core   0: 3 0x8000027a (0x7c00d073) c1984_cpuctrlsts 0x00000101
core   0: 0x8000027e (0x00004781) c.li    a5, 0
core   0: 3 0x8000027e (0x4781) x15 0x00000000
core   0: 0x80000280 (0x30079073) csrw    mstatus, a5
core   0: 3 0x80000280 (0x30079073) c768_mstatus 0x00000000
core   0: 0x80000284 (0x00004781) c.li    a5, 0
core   0: 3 0x80000284 (0x4781) x15 0x00000000
core   0: 0x80000286 (0x30479073) csrw    mie, a5
core   0: 3 0x80000286 (0x30479073) c772_mie 0x00000000
core   0: 0x8000028a (0x90000137) lui     sp, 0x90000
core   0: 3 0x8000028a (0x90000137) x2  0x90000000
core   0: 0x8000028e (0x00001171) c.addi  sp, -4
core   0: 3 0x8000028e (0x1171) x2  0x8ffffffc
core   0: 0x80000290 (0x90000137) lui     sp, 0x90000
core   0: 3 0x80000290 (0x90000137) x2  0x90000000
core   0: 0x80000294 (0x00001171) c.addi  sp, -4
core   0: 3 0x80000294 (0x1171) x2  0x8ffffffc
core   0: 0x80000296 (0x90000137) lui     sp, 0x90000
core   0: 3 0x80000296 (0x90000137) x2  0x90000000
core   0: 0x8000029a (0x00001171) c.addi  sp, -4
core   0: 3 0x8000029a (0x1171) x2  0x8ffffffc
core   0: 0x8000029c (0x30000793) li      a5, 768
core   0: 3 0x8000029c (0x30000793) x15 0x00000300
core   0: 0x800002a0 (0x000007a2) c.slli  a5, 8
core   0: 3 0x800002a0 (0x07a2) x15 0x00030000
core   0: 0x800002a2 (0x0000078d) c.addi  a5, 3
core   0: 3 0x800002a2 (0x078d) x15 0x00030003
core   0: 0x800002a4 (0x0000c03e) c.swsp  a5, 0(sp)
core   0: 3 0x800002a4 (0xc03e) mem 0x8ffffffc 0x00030003
core   0: 0x800002a6 (0x300027f3) csrr    a5, mstatus
core   0: 3 0x800002a6 (0x300027f3) x15 0x00000000
core   0: 0x800002aa (0x0000c03e) c.swsp  a5, 0(sp)
core   0: 3 0x800002aa (0xc03e) mem 0x8ffffffc 0x00000000
core   0: 0x800002ac (0x90000137) lui     sp, 0x90000
core   0: 3 0x800002ac (0x90000137) x2  0x90000000
core   0: 0x800002b0 (0x00001171) c.addi  sp, -4
core   0: 3 0x800002b0 (0x1171) x2  0x8ffffffc
core   0: 0x800002b2 (0x30400793) li      a5, 772
core   0: 3 0x800002b2 (0x30400793) x15 0x00000304
core   0: 0x800002b6 (0x000007a2) c.slli  a5, 8
core   0: 3 0x800002b6 (0x07a2) x15 0x00030400
core   0: 0x800002b8 (0x0000078d) c.addi  a5, 3
core   0: 3 0x800002b8 (0x078d) x15 0x00030403
core   0: 0x800002ba (0x0000c03e) c.swsp  a5, 0(sp)
core   0: 3 0x800002ba (0xc03e) mem 0x8ffffffc 0x00030403
core   0: 0x800002bc (0x304027f3) csrr    a5, mie
core   0: 3 0x800002bc (0x304027f3) x15 0x00000000
core   0: 0x800002c0 (0x0000c03e) c.swsp  a5, 0(sp)
core   0: 3 0x800002c0 (0xc03e) mem 0x8ffffffc 0x00000000
core   0: 0x800002c2 (0x30200073) mret
core   0: 3 0x800002c2 (0x30200073) c768_mstatus 0x00000080
core   0: 0x800002c6 (0x00300013) li      zero, 3
core   0: 0 0x800002c6 (0x00300013)
core   0: 0x800002ca (0x00004099) c.li    ra, 6
core   0: 0 0x800002ca (0x4099) x1  0x00000006
core   0: 0x800002cc (0xcf4b5137) lui     sp, 0xcf4b5
core   0: 0 0x800002cc (0xcf4b5137) x2  0xcf4b5000
core   0: 0x800002d0 (0xe8e10113) addi    sp, sp, -370
core   0: 0 0x800002d0 (0xe8e10113) x2  0xcf4b4e8e
core   0: 0x800002d4 (0x00004181) c.li    gp, 0
core   0: 0 0x800002d4 (0x4181) x3  0x00000000
core   0: 0x800002d6 (0xed36d237) lui     tp, 0xed36d
core   0: 0 0x800002d6 (0xed36d237) x4  0xed36d000
core   0: 0x800002da (0x41220213) addi    tp, tp, 1042
core   0: 0 0x800002da (0x41220213) x4  0xed36d412
core   0: 0x800002de (0x1b5082b7) lui     t0, 0x1b508
core   0: 0 0x800002de (0x1b5082b7) x5  0x1b508000
core   0: 0x800002e2 (0x9c028293) addi    t0, t0, -1600
core   0: 0 0x800002e2 (0x9c028293) x5  0x1b5079c0
core   0: 0x800002e6 (0xff61d337) lui     t1, 0xff61d
core   0: 0 0x800002e6 (0xff61d337) x6  0xff61d000
core   0: 0x800002ea (0xcf830313) addi    t1, t1, -776
core   0: 0 0x800002ea (0xcf830313) x6  0xff61ccf8
core   0: 0x800002ee (0x800003b7) lui     t2, 0x80000
core   0: 0 0x800002ee (0x800003b7) x7  0x80000000
core   0: 0x800002f2 (0xf7434437) lui     s0, 0xf7434
core   0: 0 0x800002f2 (0xf7434437) x8  0xf7434000
core   0: 0x800002f6 (0xbf540413) addi    s0, s0, -1035
core   0: 0 0x800002f6 (0xbf540413) x8  0xf7433bf5
core   0: 0x800002fa (0x800004b7) lui     s1, 0x80000
core   0: 0 0x800002fa (0x800004b7) x9  0x80000000
core   0: 0x800002fe (0x894eb537) lui     a0, 0x894eb
core   0: 0 0x800002fe (0x894eb537) x10 0x894eb000
core   0: 0x80000302 (0xcb450513) addi    a0, a0, -844
core   0: 0 0x80000302 (0xcb450513) x10 0x894eacb4
core   0: 0x80000306 (0x00004595) c.li    a1, 5
core   0: 0 0x80000306 (0x4595) x11 0x00000005
core   0: 0x80000308 (0xc8c3c637) lui     a2, 0xc8c3c
core   0: 0 0x80000308 (0xc8c3c637) x12 0xc8c3c000
core   0: 0x8000030c (0x5f760613) addi    a2, a2, 1527
core   0: 0 0x8000030c (0x5f760613) x12 0xc8c3c5f7
core   0: 0x80000310 (0x000046b9) c.li    a3, 14
core   0: 0 0x80000310 (0x46b9) x13 0x0000000e
core   0: 0x80000312 (0x00004715) c.li    a4, 5
core   0: 0 0x80000312 (0x4715) x14 0x00000005
core   0: 0x80000314 (0x000047a9) c.li    a5, 10
core   0: 0 0x80000314 (0x47a9) x15 0x0000000a
core   0: 0x80000316 (0xf777f837) lui     a6, 0xf777f
core   0: 0 0x80000316 (0xf777f837) x16 0xf777f000
core   0: 0x8000031a (0x63d80813) addi    a6, a6, 1597
core   0: 0 0x8000031a (0x63d80813) x16 0xf777f63d
core   0: 0x8000031e (0x00004881) c.li    a7, 0
core   0: 0 0x8000031e (0x4881) x17 0x00000000
core   0: 0x80000320 (0xf7f7a937) lui     s2, 0xf7f7a
core   0: 0 0x80000320 (0xf7f7a937) x18 0xf7f7a000
core   0: 0x80000324 (0x0e590913) addi    s2, s2, 229
core   0: 0 0x80000324 (0x0e590913) x18 0xf7f7a0e5
core   0: 0x80000328 (0xf264ca37) lui     s4, 0xf264c
core   0: 0 0x80000328 (0xf264ca37) x20 0xf264c000
core   0: 0x8000032c (0xecda0a13) addi    s4, s4, -307
core   0: 0 0x8000032c (0xecda0a13) x20 0xf264becd
core   0: 0x80000330 (0x00004a81) c.li    s5, 0
core   0: 0 0x80000330 (0x4a81) x21 0x00000000
core   0: 0x80000332 (0xfc680b37) lui     s6, 0xfc680
core   0: 0 0x80000332 (0xfc680b37) x22 0xfc680000
core   0: 0x80000336 (0x801b0b13) addi    s6, s6, -2047
core   0: 0 0x80000336 (0x801b0b13) x22 0xfc67f801
core   0: 0x8000033a (0x00004b81) c.li    s7, 0
core   0: 0 0x8000033a (0x4b81) x23 0x00000000
core   0: 0x8000033c (0x00004c09) c.li    s8, 2
core   0: 0 0x8000033c (0x4c09) x24 0x00000002
core   0: 0x8000033e (0x81b7fd37) lui     s10, 0x81b7f
core   0: 0 0x8000033e (0x81b7fd37) x26 0x81b7f000
core   0: 0x80000342 (0x6bdd0d13) addi    s10, s10, 1725
core   0: 0 0x80000342 (0x6bdd0d13) x26 0x81b7f6bd
core   0: 0x80000346 (0x80000db7) lui     s11, 0x80000
core   0: 0 0x80000346 (0x80000db7) x27 0x80000000
core   0: 0x8000034a (0x00004e25) c.li    t3, 9
core   0: 0 0x8000034a (0x4e25) x28 0x00000009
core   0: 0x8000034c (0x00004e81) c.li    t4, 0
core   0: 0 0x8000034c (0x4e81) x29 0x00000000
core   0: 0x8000034e (0x00004f29) c.li    t5, 10
core   0: 0 0x8000034e (0x4f29) x30 0x0000000a
core   0: 0x80000350 (0xfe7effb7) lui     t6, 0xfe7ef
core   0: 0 0x80000350 (0xfe7effb7) x31 0xfe7ef000
core   0: 0x80000354 (0x8c7f8f93) addi    t6, t6, -1849
core   0: 0 0x80000354 (0x8c7f8f93) x31 0xfe7ee8c7
core   0: 0x80000358 (0x00022997) auipc   s3, 0x22
core   0: 0 0x80000358 (0x00022997) x19 0x80022358
core   0: 0x8000035c (0xb0c98993) addi    s3, s3, -1268
core   0: 0 0x8000035c (0xb0c98993) x19 0x80021e64
core   0: 0x80000360 (0x90000137) lui     sp, 0x90000
core   0: 0 0x80000360 (0x90000137) x2  0x90000000
core   0: 0x80000364 (0x00001171) c.addi  sp, -4
core   0: 0 0x80000364 (0x1171) x2  0x8ffffffc
core   0: 0x80000366 (0x00004781) c.li    a5, 0
core   0: 0 0x80000366 (0x4781) x15 0x00000000
core   0: 0x80000368 (0x000007a2) c.slli  a5, 8
core   0: 0 0x80000368 (0x07a2) x15 0x00000000
core   0: 0x8000036a (0x00078793) mv      a5, a5
core   0: 0 0x8000036a (0x00078793) x15 0x00000000
core   0: 0x8000036e (0x0000c03e) c.swsp  a5, 0(sp)
core   0: 0 0x8000036e (0xc03e) mem 0x8ffffffc 0x00000000
core   0: 0x80000370 (0x6cd0206f) j       pc + 0x2ecc
core   0: 0 0x80000370 (0x6cd0206f)
core   0: 0x8000323c (0x000086f9) c.srai  a3, 30
core   0: 0 0x8000323c (0x86f9) x13 0x00000000
core   0: 0x8000323e (0x030f5733) divu    a4, t5, a6
core   0: 0 0x8000323e (0x030f5733) x14 0x00000000
core   0: 0x80003242 (0x45114013) xori    zero, sp, 1105
core   0: 0 0x80003242 (0x45114013)
core   0: 0x80003246 (0x02caa1b3) mulhsu  gp, s5, a2
core   0: 0 0x80003246 (0x02caa1b3) x3  0x00000000
core   0: 0x8000324a (0x031d1263) bne     s10, a7, pc + 36
core   0: 0 0x8000324a (0x031d1263)
core   0: 0x8000326e (0x1fde0e13) addi    t3, t3, 509
core   0: 0 0x8000326e (0x1fde0e13) x28 0x00000206
core   0: 0x80003272 (0x1c16eb93) ori     s7, a3, 449
core   0: 0 0x80003272 (0x1c16eb93) x23 0x000001c1
core   0: 0x80003276 (0xa47d2e93) slti    t4, s10, -1465
core   0: 0 0x80003276 (0xa47d2e93) x29 0x00000001
core   0: 0x8000327a (0x05525263) bge     tp, s5, pc + 68
core   0: 0 0x8000327a (0x05525263)
core   0: 0x8000327e (0x039d9fb3) mulh    t6, s11, s9
core   0: 0 0x8000327e (0x039d9fb3) x31 0x3ffed18e
core   0: 0x80003282 (0x00008df5) c.and   a1, a3
core   0: 0 0x80003282 (0x8df5) x11 0x00000000
core   0: 0x80003284 (0x009fb033) sltu    zero, t6, s1
core   0: 0 0x80003284 (0x009fb033)
core   0: 0x80003288 (0x02e7d163) bge     a5, a4, pc + 34
core   0: 0 0x80003288 (0x02e7d163)
core   0: 0x800032aa (0x03dc9463) bne     s9, t4, pc + 40
core   0: 0 0x800032aa (0x03dc9463)
core   0: 0x800032d2 (0x01ae6563) bltu    t3, s10, pc + 10
core   0: 0 0x800032d2 (0x01ae6563)
core   0: 0x800032dc (0x01d7c1b3) xor     gp, a5, t4
core   0: 0 0x800032dc (0x01d7c1b3) x3  0x00000001
core   0: 0x800032e0 (0x00009406) c.add   s0, ra
core   0: 0 0x800032e0 (0x9406) x8  0xf7433bfb
core   0: 0x800032e2 (0x00000911) c.addi  s2, 4
core   0: 0 0x800032e2 (0x0911) x18 0xf7f7a0e9
core   0: 0x800032e4 (0x03d16833) rem     a6, sp, t4
core   0: 0 0x800032e4 (0x03d16833) x16 0x00000000
core   0: 0x800032e8 (0x00009bbe) c.add   s7, a5
core   0: 0 0x800032e8 (0x9bbe) x23 0x000001c1
core   0: 0x800032ea (0x0365ce33) div     t3, a1, s6
core   0: 0 0x800032ea (0x0365ce33) x28 0x00000000
core   0: 0x800032ee (0x02b6fd63) bgeu    a3, a1, pc + 58
core   0: 0 0x800032ee (0x02b6fd63)
core   0: 0x80003328 (0x1119c393) xori    t2, s3, 273
core   0: 0 0x80003328 (0x1119c393) x7  0x80021f75
core   0: 0x8000332c (0x0000853d) c.srai  a0, 15
core   0: 0 0x8000332c (0x853d) x10 0xffff129d
core   0: 0x8000332e (0x0000717d) c.addi16sp sp, -16
core   0: 0 0x8000332e (0x717d) x2  0x8fffffec
core   0: 0x80003330 (0x40f08fb3) sub     t6, ra, a5
core   0: 0 0x80003330 (0x40f08fb3) x31 0x00000006
core   0: 0x80003334 (0x0000915e) c.add   sp, s7
core   0: 0 0x80003334 (0x915e) x2  0x900001ad
core   0: 0x80003336 (0x03768d33) mul     s10, a3, s7
core   0: 0 0x80003336 (0x03768d33) x26 0x00000000
core   0: 0x8000333a (0x00006aa1) c.lui   s5, 0x8
core   0: 0 0x8000333a (0x6aa1) x21 0x00008000
core   0: 0x8000333c (0x4c398813) addi    a6, s3, 1219
core   0: 0 0x8000333c (0x4c398813) x16 0x80022327
core   0: 0x80003340 (0xd1cbb613) sltiu   a2, s7, -740
core   0: 0 0x80003340 (0xd1cbb613) x12 0x00000001
core   0: 0x80003344 (0x00000001) c.nop
core   0: 0 0x80003344 (0x0001)
core   0: 0x80003346 (0x012244b3) xor     s1, tp, s2
core   0: 0 0x80003346 (0x012244b3) x9  0x1ac174fb
core   0: 0x8000334a (0x00006569) c.lui   a0, 0x1a
core   0: 0 0x8000334a (0x6569) x10 0x0001a000
core   0: 0x8000334c (0x00a2ca63) blt     t0, a0, pc + 20
core   0: 0 0x8000334c (0x00a2ca63)
core   0: 0x80003350 (0xe6b5de17) auipc   t3, 0xe6b5d
core   0: 0 0x80003350 (0xe6b5de17) x28 0x66b60350
core   0: 0x80003354 (0xefe46d13) ori     s10, s0, -258
core   0: 0 0x80003354 (0xefe46d13) x26 0xffffffff
core   0: 0x80003358 (0x006b7b63) bgeu    s6, t1, pc + 22
core   0: 0 0x80003358 (0x006b7b63)
core   0: 0x8000335c (0x2537ee13) ori     t3, a5, 595
core   0: 0 0x8000335c (0x2537ee13) x28 0x00000253
core   0: 0x80003360 (0x0358b033) mulhu   zero, a7, s5
core   0: 0 0x80003360 (0x0358b033)
core   0: 0x80003364 (0x008f9763) bne     t6, s0, pc + 14
core   0: 0 0x80003364 (0x008f9763)
core   0: 0x80003372 (0x02477163) bgeu    a4, tp, pc + 34
core   0: 0 0x80003372 (0x02477163)
core   0: 0x80003376 (0x019257b3) srl     a5, tp, s9
core   0: 0 0x80003376 (0x019257b3) x15 0x0ed36d41
core   0: 0x8000337a (0x00000001) c.nop
core   0: 0 0x8000337a (0x0001)
core   0: 0x8000337c (0x498bfa93) andi    s5, s7, 1176
core   0: 0 0x8000337c (0x498bfa93) x21 0x00000080
core   0: 0x80003380 (0x413e0933) sub     s2, t3, s3
core   0: 0 0x80003380 (0x413e0933) x18 0x7ffde3ef
core   0: 0x80003384 (0x00008a81) c.andi  a3, 0
core   0: 0 0x80003384 (0x8a81) x13 0x00000000
core   0: 0x80003386 (0x035f6d33) rem     s10, t5, s5
core   0: 0 0x80003386 (0x035f6d33) x26 0x0000000a
core   0: 0x8000338a (0x40ead933) sra     s2, s5, a4
core   0: 0 0x8000338a (0x40ead933) x18 0x00000080
core   0: 0x8000338e (0x01b1c333) xor     t1, gp, s11
core   0: 0 0x8000338e (0x01b1c333) x6  0x80000001
core   0: 0x80003392 (0x000057fd) c.li    a5, -1
core   0: 0 0x80003392 (0x57fd) x15 0xffffffff
core   0: 0x80003394 (0x027f3f33) mulhu   t5, t5, t2
core   0: 0 0x80003394 (0x027f3f33) x30 0x00000005
core   0: 0x80003398 (0x00008ae9) c.andi  a3, 26
core   0: 0 0x80003398 (0x8ae9) x13 0x00000000
core   0: 0x8000339a (0x03248f63) beq     s1, s2, pc + 62
core   0: 0 0x8000339a (0x03248f63)
core   0: 0x8000339e (0x000093aa) c.add   t2, a0
core   0: 0 0x8000339e (0x93aa) x7  0x8003bf75
core   0: 0x800033a0 (0x402455b3) sra     a1, s0, sp
core   0: 0 0x800033a0 (0x402455b3) x11 0xffffba19
core   0: 0x800033a4 (0x007ae4b3) or      s1, s5, t2
core   0: 0 0x800033a4 (0x007ae4b3) x9  0x8003bff5
core   0: 0x800033a8 (0x005a7e33) and     t3, s4, t0
core   0: 0 0x800033a8 (0x005a7e33) x28 0x124038c0
core   0: 0x800033ac (0x00b36433) or      s0, t1, a1
core   0: 0 0x800033ac (0x00b36433) x8  0xffffba19
core   0: 0x800033b0 (0x03cf02b3) mul     t0, t5, t3
core   0: 0 0x800033b0 (0x03cf02b3) x5  0x5b411bc0
core   0: 0x800033b4 (0x0170da93) srli    s5, ra, 23
core   0: 0 0x800033b4 (0x0170da93) x21 0x00000000
core   0: 0x800033b8 (0x0000100f) fence.i
core   0: 0 0x800033b8 (0x0000100f)
core   0: 0x800033bc (0x00001500) c.addi4spn s0, sp, 672
core   0: 0 0x800033bc (0x1500) x8  0x9000044d
core   0: 0x800033be (0x03ab8a33) mul     s4, s7, s10
core   0: 0 0x800033be (0x03ab8a33) x20 0x0000118a
core   0: 0x800033c2 (0x0ff0000f) fence   iorw,iorw
core   0: 0 0x800033c2 (0x0ff0000f)
core   0: 0x800033c6 (0x403dd933) sra     s2, s11, gp
core   0: 0 0x800033c6 (0x403dd933) x18 0xc0000000
core   0: 0x800033ca (0xb8db8e13) addi    t3, s7, -1139
core   0: 0 0x800033ca (0xb8db8e13) x28 0xfffffd4e
core   0: 0x800033ce (0x40398fb3) sub     t6, s3, gp
core   0: 0 0x800033ce (0x40398fb3) x31 0x80021e63
core   0: 0x800033d2 (0x00008d81) c.sub   a1, s0
core   0: 0 0x800033d2 (0x8d81) x11 0x6fffb5cc
core   0: 0x800033d4 (0x002088b3) add     a7, ra, sp
core   0: 0 0x800033d4 (0x002088b3) x17 0x900001b3
core   0: 0x800033d8 (0x02aaf463) bgeu    s5, a0, pc + 40
core   0: 0 0x800033d8 (0x02aaf463)
core   0: 0x800033dc (0x02d49433) mulh    s0, s1, a3
core   0: 0 0x800033dc (0x02d49433) x8  0x00000000
core   0: 0x800033e0 (0x02975633) divu    a2, a4, s1
core   0: 0 0x800033e0 (0x02975633) x12 0x00000000
core   0: 0x800033e4 (0x0161e463) bltu    gp, s6, pc + 8
core   0: 0 0x800033e4 (0x0161e463)
core   0: 0x800033ec (0x7b332193) slti    gp, t1, 1971
core   0: 0 0x800033ec (0x7b332193) x3  0x00000001
core   0: 0x800033f0 (0x00009a7d) c.andi  a2, -1
core   0: 0 0x800033f0 (0x9a7d) x12 0x00000000
core   0: 0x800033f2 (0x01b1db93) srli    s7, gp, 27
core   0: 0 0x800033f2 (0x01b1db93) x23 0x00000000
core   0: 0x800033f6 (0x0000918e) c.add   gp, gp
core   0: 0 0x800033f6 (0x918e) x3  0x00000002
core   0: 0x800033f8 (0x04831463) bne     t1, s0, pc + 72
core   0: 0 0x800033f8 (0x04831463)
core   0: 0x80003440 (0x030c7163) bgeu    s8, a6, pc + 34
core   0: 0 0x80003440 (0x030c7163)
core   0: 0x80003444 (0x026df2b3) remu    t0, s11, t1
core   0: 0 0x80003444 (0x026df2b3) x5  0x80000000
core   0: 0x80003448 (0x91836393) ori     t2, t1, -1768
core   0: 0 0x80003448 (0x91836393) x7  0xfffff919
core   0: 0x8000344c (0x03116e63) bltu    sp, a7, pc + 60
core   0: 0 0x8000344c (0x03116e63)
core   0: 0x80003488 (0x00008d35) c.xor   a0, a3
core   0: 0 0x80003488 (0x8d35) x10 0x0001a000
core   0: 0x8000348a (0xc31be493) ori     s1, s7, -975
core   0: 0 0x8000348a (0xc31be493) x9  0xfffffc31
core   0: 0x8000348e (0x40665f33) sra     t5, a2, t1
core   0: 0 0x8000348e (0x40665f33) x30 0x00000000
core   0: 0x80003492 (0x4144d233) sra     tp, s1, s4
core   0: 0 0x80003492 (0x4144d233) x4  0xffffffff
core   0: 0x80003496 (0x02aa9733) mulh    a4, s5, a0
core   0: 0 0x80003496 (0x02aa9733) x14 0x00000000
core   0: 0x8000349a (0x1a984093) xori    ra, a6, 425
core   0: 0 0x8000349a (0x1a984093) x1  0x8002228e
core   0: 0x8000349e (0x002f0633) add     a2, t5, sp
core   0: 0 0x8000349e (0x002f0633) x12 0x900001ad
core   0: 0x800034a2 (0x00008d89) c.sub   a1, a0
core   0: 0 0x800034a2 (0x8d89) x11 0x6ffe15cc
core   0: 0x800034a4 (0x00001b04) c.addi4spn s1, sp, 432
core   0: 0 0x800034a4 (0x1b04) x9  0x9000035d
core   0: 0x800034a6 (0x000081c6) c.mv    gp, a7
core   0: 0 0x800034a6 (0x81c6) x3  0x900001b3
core   0: 0x800034a8 (0x00008d49) c.or    a0, a0
core   0: 0 0x800034a8 (0x8d49) x10 0x0001a000
core   0: 0x800034aa (0x00184363) blt     a6, ra, pc + 6
core   0: 0 0x800034aa (0x00184363)
core   0: 0x800034ae (0x00008e35) c.xor   a2, a3
core   0: 0 0x800034ae (0x8e35) x12 0x900001ad
core   0: 0x800034b0 (0x47475897) auipc   a7, 0x47475
core   0: 0 0x800034b0 (0x47475897) x17 0xc74784b0
core   0: 0x800034b4 (0x007e6863) bltu    t3, t2, pc + 16
core   0: 0 0x800034b4 (0x007e6863)
core   0: 0x800034b8 (0x01f29413) slli    s0, t0, 31
core   0: 0 0x800034b8 (0x01f29413) x8  0x00000000
core   0: 0x800034bc (0xf6437813) andi    a6, t1, -156
core   0: 0 0x800034bc (0xf6437813) x16 0x80000000
core   0: 0x800034c0 (0xdf45ab97) auipc   s7, 0xdf45a
core   0: 0 0x800034c0 (0xdf45ab97) x23 0x5f45d4c0
core   0: 0x800034c4 (0x033a7333) remu    t1, s4, s3
core   0: 0 0x800034c4 (0x033a7333) x6  0x0000118a
core   0: 0x800034c8 (0x03a09a63) bne     ra, s10, pc + 52
core   0: 0 0x800034c8 (0x03a09a63)
core   0: 0x800034fc (0x41f0d513) srai    a0, ra, 31
core   0: 0 0x800034fc (0x41f0d513) x10 0xffffffff
core   0: 0x80003500 (0x00001afd) c.addi  s5, -1
core   0: 0 0x80003500 (0x1afd) x21 0xffffffff
core   0: 0x80003502 (0x00000001) c.nop
core   0: 0 0x80003502 (0x0001)
core   0: 0x80003504 (0x6e47be93) sltiu   t4, a5, 1764
core   0: 0 0x80003504 (0x6e47be93) x29 0x00000000
core   0: 0x80003508 (0x03949e33) mulh    t3, s1, s9
core   0: 0 0x80003508 (0x03949e33) x28 0x37fef5ad
core   0: 0x8000350c (0x011433b3) sltu    t2, s0, a7
core   0: 0 0x8000350c (0x011433b3) x7  0x00000001
core   0: 0x80003510 (0x01e86f33) or      t5, a6, t5
core   0: 0 0x80003510 (0x01e86f33) x30 0x80000000
core   0: 0x80003514 (0x029dc033) div     zero, s11, s1
core   0: 0 0x80003514 (0x029dc033)
core   0: 0x80003518 (0x0ff0000f) fence   iorw,iorw
core   0: 0 0x80003518 (0x0ff0000f)
core   0: 0x8000351c (0x0208d933) divu    s2, a7, zero
core   0: 0 0x8000351c (0x0208d933) x18 0xffffffff
core   0: 0x80003520 (0x00008fcd) c.or    a5, a1
core   0: 0 0x80003520 (0x8fcd) x15 0xffffffff
core   0: 0x80003522 (0x60293393) sltiu   t2, s2, 1538
core   0: 0 0x80003522 (0x60293393) x7  0x00000000
core   0: 0x80003526 (0x0000100f) fence.i
core   0: 0 0x80003526 (0x0000100f)
core   0: 0x8000352a (0x0000e39d) c.bnez  a5, pc + 38
core   0: 0 0x8000352a (0xe39d)
core   0: 0x80003550 (0x03a86633) rem     a2, a6, s10
core   0: 0 0x80003550 (0x03a86633) x12 0xfffffff8
core   0: 0x80003554 (0x000007da) c.slli  a5, 22
core   0: 0 0x80003554 (0x07da) x15 0xffc00000
core   0: 0x80003556 (0x0334e433) rem     s0, s1, s3
core   0: 0 0x80003556 (0x0334e433) x8  0x9000035d
core   0: 0x8000355a (0x0248fa33) remu    s4, a7, tp
core   0: 0 0x8000355a (0x0248fa33) x20 0xc74784b0
core   0: 0x8000355e (0x00009d4e) c.add   s10, s3
core   0: 0 0x8000355e (0x9d4e) x26 0x80021e6e
core   0: 0x80003560 (0x023ede63) bge     t4, gp, pc + 60
core   0: 0 0x80003560 (0x023ede63)
core   0: 0x8000359c (0x000dda13) srli    s4, s11, 0
core   0: 0 0x8000359c (0x000dda13) x20 0x80000000
core   0: 0x800035a0 (0x02984633) div     a2, a6, s1
core   0: 0 0x800035a0 (0x02984633) x12 0x00000001
core   0: 0x800035a4 (0x02d85e63) bge     a6, a3, pc + 60
core   0: 0 0x800035a4 (0x02d85e63)
core   0: 0x800035a8 (0x02934c33) div     s8, t1, s1
core   0: 0 0x800035a8 (0x02934c33) x24 0x00000000
core   0: 0x800035ac (0x00008c2d) c.xor   s0, a1
core   0: 0 0x800035ac (0x8c2d) x8  0xfffe1691
core   0: 0x800035ae (0x000067c9) c.lui   a5, 0x12
core   0: 0 0x800035ae (0x67c9) x15 0x00012000
core   0: 0x800035b0 (0x41288533) sub     a0, a7, s2
core   0: 0 0x800035b0 (0x41288533) x10 0xc74784b1
core   0: 0x800035b4 (0x027ef863) bgeu    t4, t2, pc + 48
core   0: 0 0x800035b4 (0x027ef863)
core   0: 0x800035e4 (0x0277ed63) bltu    a5, t2, pc + 58
core   0: 0 0x800035e4 (0x0277ed63)
core   0: 0x800035e8 (0xc710ce17) auipc   t3, 0xc710c
core   0: 0 0x800035e8 (0xc710ce17) x28 0x4710f5e8
core   0: 0x800035ec (0x03a407b3) mul     a5, s0, s10
core   0: 0 0x800035ec (0x03a407b3) x15 0x72f4b04e
core   0: 0x800035f0 (0x00004931) c.li    s2, 12
core   0: 0 0x800035f0 (0x4931) x18 0x0000000c
core   0: 0x800035f2 (0x00008e49) c.or    a2, a0
core   0: 0 0x800035f2 (0x8e49) x12 0xc74784b1
core   0: 0x800035f4 (0x03776563) bltu    a4, s7, pc + 42
core   0: 0 0x800035f4 (0x03776563)
core   0: 0x8000361e (0x02ad6e33) rem     t3, s10, a0
core   0: 0 0x8000361e (0x02ad6e33) x28 0xf173150c
core   0: 0x80003622 (0x00000001) c.nop
core   0: 0 0x80003622 (0x0001)
core   0: 0x80003624 (0x036bc033) div     zero, s7, s6
core   0: 0 0x80003624 (0x036bc033)
core   0: 0x80003628 (0x41ec5533) sra     a0, s8, t5
core   0: 0 0x80003628 (0x41ec5533) x10 0x00000000
core   0: 0x8000362c (0x00008fdd) c.or    a5, a5
core   0: 0 0x8000362c (0x8fdd) x15 0x72f4b04e
core   0: 0x8000362e (0xf3da8113) addi    sp, s5, -195
core   0: 0 0x8000362e (0xf3da8113) x2  0xffffff3c
core   0: 0x80003632 (0x03338b33) mul     s6, t2, s3
core   0: 0 0x80003632 (0x03338b33) x22 0x00000000
core   0: 0x80003636 (0x00008d81) c.sub   a1, s0
core   0: 0 0x80003636 (0x8d81) x11 0x6fffff3b
core   0: 0x80003638 (0xc5c98d13) addi    s10, s3, -932
core   0: 0 0x80003638 (0xc5c98d13) x26 0x80021ac0
core   0: 0x8000363c (0x0000197d) c.addi  s2, -1
core   0: 0 0x8000363c (0x197d) x18 0x0000000b
core   0: 0x8000363e (0x407f5113) srai    sp, t5, 7
core   0: 0 0x8000363e (0x407f5113) x2  0xff000000
core   0: 0x80003642 (0x03ab8b63) beq     s7, s10, pc + 54
core   0: 0 0x80003642 (0x03ab8b63)
core   0: 0x80003646 (0x70e8f293) andi    t0, a7, 1806
core   0: 0 0x80003646 (0x70e8f293) x5  0x00000400
core   0: 0x8000364a (0x038a61b3) rem     gp, s4, s8
core   0: 0 0x8000364a (0x038a61b3) x3  0x80000000
core   0: 0x8000364e (0x004a42b3) xor     t0, s4, tp
core   0: 0 0x8000364e (0x004a42b3) x5  0x7fffffff
core   0: 0x80003652 (0x017ebab3) sltu    s5, t4, s7
core   0: 0 0x80003652 (0x017ebab3) x21 0x00000001
core   0: 0x80003656 (0x00009ab6) c.add   s5, a3
core   0: 0 0x80003656 (0x9ab6) x21 0x00000001
core   0: 0x80003658 (0x02674c63) blt     a4, t1, pc + 56
core   0: 0 0x80003658 (0x02674c63)
core   0: 0x80003690 (0x02983a33) mulhu   s4, a6, s1
core   0: 0 0x80003690 (0x02983a33) x20 0x480001ae
core   0: 0x80003694 (0x03dfc5b3) div     a1, t6, t4
core   0: 0 0x80003694 (0x03dfc5b3) x11 0xffffffff
core   0: 0x80003698 (0x01bd9863) bne     s11, s11, pc + 16
core   0: 0 0x80003698 (0x01bd9863)
core   0: 0x8000369c (0x0000100f) fence.i
core   0: 0 0x8000369c (0x0000100f)
core   0: 0x800036a0 (0x00d03633) snez    a2, a3
core   0: 0 0x800036a0 (0x00d03633) x12 0x00000000
core   0: 0x800036a4 (0x011a58b3) srl     a7, s4, a7
core   0: 0 0x800036a4 (0x011a58b3) x17 0x00004800
core   0: 0x800036a8 (0x037ed133) divu    sp, t4, s7
core   0: 0 0x800036a8 (0x037ed133) x2  0x00000000
core   0: 0x800036ac (0x01544c63) blt     s0, s5, pc + 24
core   0: 0 0x800036ac (0x01544c63)
core   0: 0x800036c4 (0xe1deee93) ori     t4, t4, -483
core   0: 0 0x800036c4 (0xe1deee93) x29 0xfffffe1d
core   0: 0x800036c8 (0x0000100f) fence.i
core   0: 0 0x800036c8 (0x0000100f)
core   0: 0x800036cc (0x0000e4a1) c.bnez  s1, pc + 72
core   0: 0 0x800036cc (0xe4a1)
core   0: 0x80003714 (0x0000617d) c.addi16sp sp, 496
core   0: 0 0x80003714 (0x617d) x2  0x000001f0
core   0: 0x80003716 (0x00000001) c.nop
core   0: 0 0x80003716 (0x0001)
core   0: 0x80003718 (0x00e165b3) or      a1, sp, a4
core   0: 0 0x80003718 (0x00e165b3) x11 0x000001f0
core   0: 0x8000371c (0x01638e33) add     t3, t2, s6
core   0: 0 0x8000371c (0x01638e33) x28 0x00000000
core   0: 0x80003720 (0x581ffe97) auipc   t4, 0x581ff
core   0: 0 0x80003720 (0x581ffe97) x29 0xd8202720
core   0: 0x80003724 (0x03d98c33) mul     s8, s3, t4
core   0: 0 0x80003724 (0x03d98c33) x24 0x7f650880
core   0: 0x80003728 (0xb92eda17) auipc   s4, 0xb92ed
core   0: 0 0x80003728 (0xb92eda17) x20 0x392f0728
core   0: 0x8000372c (0x00f96563) bltu    s2, a5, pc + 10
core   0: 0 0x8000372c (0x00f96563)
core   0: 0x80003736 (0x02f836b3) mulhu   a3, a6, a5
core   0: 0 0x80003736 (0x02f836b3) x13 0x397a5827
core   0: 0x8000373a (0x0ff0000f) fence   iorw,iorw
core   0: 0 0x8000373a (0x0ff0000f)
core   0: 0x8000373e (0x01d96663) bltu    s2, t4, pc + 12
core   0: 0 0x8000373e (0x01d96663)
core   0: 0x8000374a (0x41cd8d33) sub     s10, s11, t3
core   0: 0 0x8000374a (0x41cd8d33) x26 0x80000000
core   0: 0x8000374e (0x002797b3) sll     a5, a5, sp
core   0: 0 0x8000374e (0x002797b3) x15 0xb04e0000
core   0: 0x80003752 (0x00fe1293) slli    t0, t3, 15
core   0: 0 0x80003752 (0x00fe1293) x5  0x00000000
core   0: 0x80003756 (0x01bbc363) blt     s7, s11, pc + 6
core   0: 0 0x80003756 (0x01bbc363)
core   0: 0x8000375a (0x0000717d) c.addi16sp sp, -16
core   0: 0 0x8000375a (0x717d) x2  0x000001e0
core   0: 0x8000375c (0xba0ec493) xori    s1, t4, -1120
core   0: 0 0x8000375c (0xba0ec493) x9  0x27dfdc80
core   0: 0x80003760 (0x0115a633) slt     a2, a1, a7
core   0: 0 0x80003760 (0x0115a633) x12 0x00000001
core   0: 0x80003764 (0x00006879) c.lui   a6, 0x1e
core   0: 0 0x80003764 (0x6879) x16 0x0001e000
core   0: 0x80003766 (0x037aebb3) rem     s7, s5, s7
core   0: 0 0x80003766 (0x037aebb3) x23 0x00000001
core   0: 0x8000376a (0x8df2a293) slti    t0, t0, -1825
core   0: 0 0x8000376a (0x8df2a293) x5  0x00000000
core   0: 0x8000376e (0x00008f99) c.sub   a5, a4
core   0: 0 0x8000376e (0x8f99) x15 0xb04e0000
core   0: 0x80003770 (0x028c0763) beq     s8, s0, pc + 46
core   0: 0 0x80003770 (0x028c0763)
core   0: 0x80003774 (0x00000c8c) c.addi4spn a1, sp, 592
core   0: 0 0x80003774 (0x0c8c) x11 0x00000430
core   0: 0x80003776 (0x0000517d) c.li    sp, -1
core   0: 0 0x80003776 (0x517d) x2  0xffffffff
core   0: 0x80003778 (0x00daad33) slt     s10, s5, a3
core   0: 0 0x80003778 (0x00daad33) x26 0x00000001
core   0: 0x8000377c (0x0000971a) c.add   a4, t1
core   0: 0 0x8000377c (0x971a) x14 0x0000118a
core   0: 0x8000377e (0x4180d2b3) sra     t0, ra, s8
core   0: 0 0x8000377e (0x4180d2b3) x5  0x8002228e
core   0: 0x80003782 (0x03047d63) bgeu    s0, a6, pc + 58
core   0: 0 0x80003782 (0x03047d63)
core   0: 0x800037bc (0x00000001) c.nop
core   0: 0 0x800037bc (0x0001)
core   0: 0x800037be (0x0ff0000f) fence   iorw,iorw
core   0: 0 0x800037be (0x0ff0000f)
core   0: 0x800037c2 (0x00df6eb3) or      t4, t5, a3
core   0: 0 0x800037c2 (0x00df6eb3) x29 0xb97a5827
core   0: 0x800037c6 (0x00c65e63) bge     a2, a2, pc + 28
core   0: 0 0x800037c6 (0x00c65e63)
core   0: 0x800037e2 (0x006ab633) sltu    a2, s5, t1
core   0: 0 0x800037e2 (0x006ab633) x12 0x00000001
core   0: 0x800037e6 (0x01ea8863) beq     s5, t5, pc + 16
core   0: 0 0x800037e6 (0x01ea8863)
core   0: 0x800037ea (0x025d4933) div     s2, s10, t0
core   0: 0 0x800037ea (0x025d4933) x18 0x00000000
core   0: 0x800037ee (0x037c8ab3) mul     s5, s9, s7
core   0: 0 0x800037ee (0x037c8ab3) x21 0x80025ce4
core   0: 0x800037f2 (0x03b994b3) mulh    s1, s3, s11
core   0: 0 0x800037f2 (0x03b994b3) x9  0x3ffef0ce
core   0: 0x800037f6 (0x05741163) bne     s0, s7, pc + 66
core   0: 0 0x800037f6 (0x05741163)
core   0: 0x80003838 (0x0188f8b3) and     a7, a7, s8
core   0: 0 0x80003838 (0x0188f8b3) x17 0x00000800
core   0: 0x8000383c (0x0060e633) or      a2, ra, t1
core   0: 0 0x8000383c (0x0060e633) x12 0x8002338e
core   0: 0x80003840 (0x005ae833) or      a6, s5, t0
core   0: 0 0x80003840 (0x005ae833) x16 0x80027eee
core   0: 0x80003844 (0x009165b3) or      a1, sp, s1
core   0: 0 0x80003844 (0x009165b3) x11 0xffffffff
core   0: 0x80003848 (0x00008dad) c.xor   a1, a1
core   0: 0 0x80003848 (0x8dad) x11 0x00000000
core   0: 0x8000384a (0x00008ff5) c.and   a5, a3
core   0: 0 0x8000384a (0x8ff5) x15 0x304a0000
core   0: 0x8000384c (0x40eb8433) sub     s0, s7, a4
core   0: 0 0x8000384c (0x40eb8433) x8  0xffffee77
core   0: 0x80003850 (0x037af533) remu    a0, s5, s7
core   0: 0 0x80003850 (0x037af533) x10 0x00000000
core   0: 0x80003854 (0x00000001) c.nop
core   0: 0 0x80003854 (0x0001)
core   0: 0x80003856 (0x03a15033) divu    zero, sp, s10
core   0: 0 0x80003856 (0x03a15033)
core   0: 0x8000385a (0x025eeeb3) rem     t4, t4, t0
core   0: 0 0x8000385a (0x025eeeb3) x29 0xb97a5827
core   0: 0x8000385e (0x000087e1) c.srai  a5, 24
core   0: 0 0x8000385e (0x87e1) x15 0x00000030
core   0: 0x80003860 (0x03be56b3) divu    a3, t3, s11
core   0: 0 0x80003860 (0x03be56b3) x13 0x00000000
core   0: 0x80003864 (0x00008d75) c.and   a0, a3
core   0: 0 0x80003864 (0x8d75) x10 0x00000000
core   0: 0x80003866 (0x000060cd) c.lui   ra, 0x13
core   0: 0 0x80003866 (0x60cd) x1  0x00013000
core   0: 0x80003868 (0x011eb433) sltu    s0, t4, a7
core   0: 0 0x80003868 (0x011eb433) x8  0x00000000
core   0: 0x8000386c (0x018fec33) or      s8, t6, s8
core   0: 0 0x8000386c (0x018fec33) x24 0xff671ee3
core   0: 0x80003870 (0x00004315) c.li    t1, 5
core   0: 0 0x80003870 (0x4315) x6  0x00000005
core   0: 0x80003872 (0x00008db5) c.xor   a1, a3
core   0: 0 0x80003872 (0x8db5) x11 0x00000000
core   0: 0x80003874 (0x03b253b3) divu    t2, tp, s11
core   0: 0 0x80003874 (0x03b253b3) x7  0x00000001
core   0: 0x80003878 (0x15014c13) xori    s8, sp, 336
core   0: 0 0x80003878 (0x15014c13) x24 0xfffffeaf
core   0: 0x8000387c (0x00109133) sll     sp, ra, ra
core   0: 0 0x8000387c (0x00109133) x2  0x00013000
core   0: 0x80003880 (0x02eee0b3) rem     ra, t4, a4
core   0: 0 0x80003880 (0x02eee0b3) x1  0xffffee83
core   0: 0x80003884 (0x008d9863) bne     s11, s0, pc + 16
core   0: 0 0x80003884 (0x008d9863)
core   0: 0x80003894 (0x01d87863) bgeu    a6, t4, pc + 16
core   0: 0 0x80003894 (0x01d87863)
core   0: 0x80003898 (0x0ff0000f) fence   iorw,iorw
core   0: 0 0x80003898 (0x0ff0000f)
core   0: 0x8000389c (0x028d7d33) remu    s10, s10, s0
core   0: 0 0x8000389c (0x028d7d33) x26 0x00000001
core   0: 0x800038a0 (0x407a0c33) sub     s8, s4, t2
core   0: 0 0x800038a0 (0x407a0c33) x24 0x392f0727
core   0: 0x800038a4 (0x019bdd33) srl     s10, s7, s9
core   0: 0 0x800038a4 (0x019bdd33) x26 0x00000000
core   0: 0x800038a8 (0x0224df33) divu    t5, s1, sp
core   0: 0 0x800038a8 (0x0224df33) x30 0x000035e4
core   0: 0x800038ac (0x0000c08d) c.beqz  s1, pc + 34
core   0: 0 0x800038ac (0xc08d)
core   0: 0x800038ae (0x0000100f) fence.i
core   0: 0 0x800038ae (0x0000100f)
core   0: 0x800038b2 (0x0000c533) xor     a0, ra, zero
core   0: 0 0x800038b2 (0x0000c533) x10 0xffffee83
core   0: 0x800038b6 (0x000067d1) c.lui   a5, 0x14
core   0: 0 0x800038b6 (0x67d1) x15 0x00014000
core   0: 0x800038b8 (0x01c61d13) slli    s10, a2, 28
core   0: 0 0x800038b8 (0x01c61d13) x26 0xe0000000
core   0: 0x800038bc (0x0163da63) bge     t2, s6, pc + 20
core   0: 0 0x800038bc (0x0163da63)
core   0: 0x800038d0 (0x8beb4f93) xori    t6, s6, -1858
core   0: 0 0x800038d0 (0x8beb4f93) x31 0xfffff8be
core   0: 0x800038d4 (0x01eb1413) slli    s0, s6, 30
core   0: 0 0x800038d4 (0x01eb1413) x8  0x00000000
core   0: 0x800038d8 (0x03f66063) bltu    a2, t6, pc + 32
core   0: 0 0x800038d8 (0x03f66063)
core   0: 0x800038f8 (0x00899113) slli    sp, s3, 8
core   0: 0 0x800038f8 (0x00899113) x2  0x021e6400
core   0: 0x800038fc (0x0026c3b3) xor     t2, a3, sp
core   0: 0 0x800038fc (0x0026c3b3) x7  0x021e6400
core   0: 0x80003900 (0x0164fd63) bgeu    s1, s6, pc + 26
core   0: 0 0x80003900 (0x0164fd63)
core   0: 0x8000391a (0xd9aa7893) andi    a7, s4, -614
core   0: 0 0x8000391a (0xd9aa7893) x17 0x392f0508
core   0: 0x8000391e (0x01e59d33) sll     s10, a1, t5
core   0: 0 0x8000391e (0x01e59d33) x26 0x00000000
core   0: 0x80003922 (0x0000e409) c.bnez  s0, pc + 10
core   0: 0 0x80003922 (0xe409)
core   0: 0x80003924 (0x01ceefb3) or      t6, t4, t3
core   0: 0 0x80003924 (0x01ceefb3) x31 0xb97a5827
core   0: 0x80003928 (0x03c25463) bge     tp, t3, pc + 40
core   0: 0 0x80003928 (0x03c25463)
core   0: 0x8000392c (0x00000bfe) c.slli  s7, 31
core   0: 0 0x8000392c (0x0bfe) x23 0x80000000
core   0: 0x8000392e (0x03aaf3b3) remu    t2, s5, s10
core   0: 0 0x8000392e (0x03aaf3b3) x7  0x80025ce4
core   0: 0x80003932 (0x03970b63) beq     a4, s9, pc + 54
core   0: 0 0x80003932 (0x03970b63)
core   0: 0x80003936 (0x00008d21) c.xor   a0, s0
core   0: 0 0x80003936 (0x8d21) x10 0xffffee83
core   0: 0x80003938 (0x02e30eb3) mul     t4, t1, a4
core   0: 0 0x80003938 (0x02e30eb3) x29 0x000057b2
core   0: 0x8000393c (0x000004ba) c.slli  s1, 14
core   0: 0 0x8000393c (0x04ba) x9  0xbc338000
core   0: 0x8000393e (0x034c1363) bne     s8, s4, pc + 38
core   0: 0 0x8000393e (0x034c1363)
core   0: 0x80003964 (0x03287e63) bgeu    a6, s2, pc + 60
core   0: 0 0x80003964 (0x03287e63)
core   0: 0x800039a0 (0x0278f563) bgeu    a7, t2, pc + 42
core   0: 0 0x800039a0 (0x0278f563)
core   0: 0x800039a4 (0x603e2093) slti    ra, t3, 1539
core   0: 0 0x800039a4 (0x603e2093) x1  0x00000001
core   0: 0x800039a8 (0x00008cc9) c.or    s1, a0
core   0: 0 0x800039a8 (0x8cc9) x9  0xffffee83
core   0: 0x800039aa (0x00000446) c.slli  s0, 17
core   0: 0 0x800039aa (0x0446) x8  0x00000000
core   0: 0x800039ac (0x000006b5) c.addi  a3, 13
core   0: 0 0x800039ac (0x06b5) x13 0x0000000d
core   0: 0x800039ae (0x00510263) beq     sp, t0, pc + 4
core   0: 0 0x800039ae (0x00510263)
core   0: 0x800039b2 (0x00c384b3) add     s1, t2, a2
core   0: 0 0x800039b2 (0x00c384b3) x9  0x00049072
core   0: 0x800039b6 (0x6e9d4013) xori    zero, s10, 1769
core   0: 0 0x800039b6 (0x6e9d4013)
core   0: 0x800039ba (0x028f7663) bgeu    t5, s0, pc + 44
core   0: 0 0x800039ba (0x028f7663)
core   0: 0x800039e6 (0x04486063) bltu    a6, tp, pc + 64
core   0: 0 0x800039e6 (0x04486063)
core   0: 0x80003a26 (0x03d06b33) rem     s6, zero, t4
core   0: 0 0x80003a26 (0x03d06b33) x22 0x00000000
core   0: 0x80003a2a (0x037b98b3) mulh    a7, s7, s7
core   0: 0 0x80003a2a (0x037b98b3) x17 0x40000000
core   0: 0x80003a2e (0x0066e733) or      a4, a3, t1
core   0: 0 0x80003a2e (0x0066e733) x14 0x0000000d
core   0: 0x80003a32 (0x00009a7d) c.andi  a2, -1
core   0: 0 0x80003a32 (0x9a7d) x12 0x8002338e
core   0: 0x80003a34 (0x000040a5) c.li    ra, 9
core   0: 0 0x80003a34 (0x40a5) x1  0x00000009
core   0: 0x80003a36 (0x00000b80) c.addi4spn s0, sp, 464
core   0: 0 0x80003a36 (0x0b80) x8  0x021e65d0
core   0: 0x80003a38 (0x00008c09) c.sub   s0, a0
core   0: 0 0x80003a38 (0x8c09) x8  0x021e774d
core   0: 0x80003a3a (0x02f1fa63) bgeu    gp, a5, pc + 52
core   0: 0 0x80003a3a (0x02f1fa63)
core   0: 0x80003a6e (0x014ad793) srli    a5, s5, 20
core   0: 0 0x80003a6e (0x014ad793) x15 0x00000800
core   0: 0x80003a72 (0x00000001) c.nop
core   0: 0 0x80003a72 (0x0001)
core   0: 0x80003a74 (0x00008e29) c.xor   a2, a0
core   0: 0 0x80003a74 (0x8e29) x12 0x7ffddd0d
core   0: 0x80003a76 (0x0ff0000f) fence   iorw,iorw
core   0: 0 0x80003a76 (0x0ff0000f)
core   0: 0x80003a7a (0x00ef76b3) and     a3, t5, a4
core   0: 0 0x80003a7a (0x00ef76b3) x13 0x00000004
core   0: 0x80003a7e (0x000088e5) c.andi  s1, 25
core   0: 0 0x80003a7e (0x88e5) x9  0x00000010
core   0: 0x80003a80 (0x03cad363) bge     s5, t3, pc + 38
core   0: 0 0x80003a80 (0x03cad363)
core   0: 0x80003a84 (0x01d6da93) srli    s5, a3, 29
core   0: 0 0x80003a84 (0x01d6da93) x21 0x00000000
core   0: 0x80003a88 (0x9425a393) slti    t2, a1, -1726
core   0: 0 0x80003a88 (0x9425a393) x7  0x00000000
core   0: 0x80003a8c (0x00008cbd) c.xor   s1, a5
core   0: 0 0x80003a8c (0x8cbd) x9  0x00000810
core   0: 0x80003a8e (0x0000ef01) c.bnez  a4, pc + 24
core   0: 0 0x80003a8e (0xef01)
core   0: 0x80003aa6 (0x413c8233) sub     tp, s9, s3
core   0: 0 0x80003aa6 (0x413c8233) x4  0x00003e80
core   0: 0x80003aaa (0x0000100f) fence.i
core   0: 0 0x80003aaa (0x0000100f)
core   0: 0x80003aae (0x01e25263) bge     tp, t5, pc + 4
core   0: 0 0x80003aae (0x01e25263)
core   0: 0x80003ab2 (0x02d05a33) divu    s4, zero, a3
core   0: 0 0x80003ab2 (0x02d05a33) x20 0x00000000
core   0: 0x80003ab6 (0x7a1e0813) addi    a6, t3, 1953
core   0: 0 0x80003ab6 (0x7a1e0813) x16 0x000007a1
core   0: 0x80003aba (0x000006fe) c.slli  a3, 31
core   0: 0 0x80003aba (0x06fe) x13 0x00000000
core   0: 0x80003abc (0x025ff0b3) remu    ra, t6, t0
core   0: 0 0x80003abc (0x025ff0b3) x1  0x39783599
core   0: 0x80003ac0 (0x00008799) c.srai  a5, 6
core   0: 0 0x80003ac0 (0x8799) x15 0x00000020
core   0: 0x80003ac2 (0x0000ef8d) c.bnez  a5, pc + 58
core   0: 0 0x80003ac2 (0xef8d)
core   0: 0x80003afc (0x03161e63) bne     a2, a7, pc + 60
core   0: 0 0x80003afc (0x03161e63)
core   0: 0x80003b38 (0x02f61ab3) mulh    s5, a2, a5
core   0: 0 0x80003b38 (0x02f61ab3) x21 0x0000000f
core   0: 0x80003b3c (0x850f1297) auipc   t0, 0x850f1
core   0: 0 0x80003b3c (0x850f1297) x5  0x050f4b3c
core   0: 0x80003b40 (0x02b268b3) rem     a7, tp, a1
core   0: 0 0x80003b40 (0x02b268b3) x17 0x00003e80
core   0: 0x80003b44 (0x40705193) srai    gp, zero, 7
core   0: 0 0x80003b44 (0x40705193) x3  0x00000000
core   0: 0x80003b48 (0x00f4c0b3) xor     ra, s1, a5
core   0: 0 0x80003b48 (0x00f4c0b3) x1  0x00000830
core   0: 0x80003b4c (0x037a9d33) mulh    s10, s5, s7
core   0: 0 0x80003b4c (0x037a9d33) x26 0xfffffff8
core   0: 0x80003b50 (0x021c5eb3) divu    t4, s8, ra
core   0: 0 0x80003b50 (0x021c5eb3) x29 0x0006fbf9
core   0: 0x80003b54 (0x01191433) sll     s0, s2, a7
core   0: 0 0x80003b54 (0x01191433) x8  0x00000000
core   0: 0x80003b58 (0x03797e33) remu    t3, s2, s7
core   0: 0 0x80003b58 (0x03797e33) x28 0x00000000
core   0: 0x80003b5c (0x00004d35) c.li    s10, 13
core   0: 0 0x80003b5c (0x4d35) x26 0x0000000d
core   0: 0x80003b5e (0x000ca833) slt     a6, s9, zero
core   0: 0 0x80003b5e (0x000ca833) x16 0x00000001
core   0: 0x80003b62 (0x00008fe2) c.mv    t6, s8
core   0: 0 0x80003b62 (0x8fe2) x31 0x392f0727
core   0: 0x80003b64 (0x037c2733) mulhsu  a4, s8, s7
core   0: 0 0x80003b64 (0x037c2733) x14 0x1c978393
core   0: 0x80003b68 (0x00008d0a) c.mv    s10, sp
core   0: 0 0x80003b68 (0x8d0a) x26 0x021e6400
core   0: 0x80003b6a (0x00009bfd) c.andi  a5, -1
core   0: 0 0x80003b6a (0x9bfd) x15 0x00000020
core   0: 0x80003b6c (0x0000e099) c.bnez  s1, pc + 6
core   0: 0 0x80003b6c (0xe099)
core   0: 0x80003b72 (0x03977163) bgeu    a4, s9, pc + 34
core   0: 0 0x80003b72 (0x03977163)
core   0: 0x80003b76 (0x00000001) c.nop
core   0: 0 0x80003b76 (0x0001)
core   0: 0x80003b78 (0x017f4233) xor     tp, t5, s7
core   0: 0 0x80003b78 (0x017f4233) x4  0x800035e4
core   0: 0x80003b7c (0x0094b433) sltu    s0, s1, s1
core   0: 0 0x80003b7c (0x0094b433) x8  0x00000000
core   0: 0x80003b80 (0x0000100f) fence.i
core   0: 0 0x80003b80 (0x0000100f)
core   0: 0x80003b84 (0x0354b733) mulhu   a4, s1, s5
core   0: 0 0x80003b84 (0x0354b733) x14 0x00000000
core   0: 0x80003b88 (0x57dcab93) slti    s7, s9, 1405
core   0: 0 0x80003b88 (0x57dcab93) x23 0x00000001
core   0: 0x80003b8c (0x0000717d) c.addi16sp sp, -16
core   0: 0 0x80003b8c (0x717d) x2  0x021e63f0
core   0: 0x80003b8e (0x00008ebd) c.xor   a3, a5
core   0: 0 0x80003b8e (0x8ebd) x13 0x00000020
core   0: 0x80003b90 (0x004c22b3) slt     t0, s8, tp
core   0: 0 0x80003b90 (0x004c22b3) x5  0x00000000
core   0: 0x80003b94 (0xd564fe13) andi    t3, s1, -682
core   0: 0 0x80003b94 (0xd564fe13) x28 0x00000810
core   0: 0x80003b98 (0x0000046a) c.slli  s0, 26
core   0: 0 0x80003b98 (0x046a) x8  0x00000000
core   0: 0x80003b9a (0x0000877d) c.srai  a4, 31
core   0: 0 0x80003b9a (0x877d) x14 0x00000000
core   0: 0x80003b9c (0x03b60a63) beq     a2, s11, pc + 52
core   0: 0 0x80003b9c (0x03b60a63)
core   0: 0x80003ba0 (0x017fd463) bge     t6, s7, pc + 8
core   0: 0 0x80003ba0 (0x017fd463)
core   0: 0x80003ba8 (0x0000ec09) c.bnez  s0, pc + 26
core   0: 0 0x80003ba8 (0xec09)
core   0: 0x80003baa (0x03615263) bge     sp, s6, pc + 36
core   0: 0 0x80003baa (0x03615263)
core   0: 0x80003bce (0x00006c15) c.lui   s8, 0x5
core   0: 0 0x80003bce (0x6c15) x24 0x00005000
core   0: 0x80003bd0 (0x016a4963) blt     s4, s6, pc + 18
core   0: 0 0x80003bd0 (0x016a4963)
core   0: 0x80003bd4 (0x405c5933) sra     s2, s8, t0
core   0: 0 0x80003bd4 (0x405c5933) x18 0x00005000
core   0: 0x80003bd8 (0x00008a56) c.mv    s4, s5
core   0: 0 0x80003bd8 (0x8a56) x20 0x0000000f
core   0: 0x80003bda (0x039513b3) mulh    t2, a0, s9
core   0: 0 0x80003bda (0x039513b3) x7  0x000008be
core   0: 0x80003bde (0x009a10b3) sll     ra, s4, s1
core   0: 0 0x80003bde (0x009a10b3) x1  0x000f0000
core   0: 0x80003be2 (0x4cdd3b13) sltiu   s6, s10, 1229
core   0: 0 0x80003be2 (0x4cdd3b13) x22 0x00000000
core   0: 0x80003be6 (0x00b7dc63) bge     a5, a1, pc + 24
core   0: 0 0x80003be6 (0x00b7dc63)
core   0: 0x80003bfe (0x002f1213) slli    tp, t5, 2
core   0: 0 0x80003bfe (0x002f1213) x4  0x0000d790
core   0: 0x80003c02 (0xaefe3e97) auipc   t4, 0xaefe3
core   0: 0 0x80003c02 (0xaefe3e97) x29 0x2efe6c02
core   0: 0x80003c06 (0x000005a5) c.addi  a1, 9
core   0: 0 0x80003c06 (0x05a5) x11 0x00000009
core   0: 0x80003c08 (0x00a82133) slt     sp, a6, a0
core   0: 0 0x80003c08 (0x00a82133) x2  0x00000000
core   0: 0x80003c0c (0x000086e5) c.srai  a3, 25
core   0: 0 0x80003c0c (0x86e5) x13 0x00000000
core   0: 0x80003c0e (0x023bb133) mulhu   sp, s7, gp
core   0: 0 0x80003c0e (0x023bb133) x2  0x00000000
core   0: 0x80003c12 (0xe97b0597) auipc   a1, 0xe97b0
core   0: 0 0x80003c12 (0xe97b0597) x11 0x697b3c12
core   0: 0x80003c16 (0x00008ec5) c.or    a3, s1
core   0: 0 0x80003c16 (0x8ec5) x13 0x00000810
core   0: 0x80003c18 (0x01f35093) srli    ra, t1, 31
core   0: 0 0x80003c18 (0x01f35093) x1  0x00000000
core   0: 0x80003c1c (0x02e11eb3) mulh    t4, sp, a4
core   0: 0 0x80003c1c (0x02e11eb3) x29 0x00000000
core   0: 0x80003c20 (0x06ee2713) slti    a4, t3, 110
core   0: 0 0x80003c20 (0x06ee2713) x14 0x00000000
core   0: 0x80003c24 (0x40400b33) sub     s6, zero, tp
core   0: 0 0x80003c24 (0x40400b33) x22 0xffff2870
core   0: 0x80003c28 (0x00008d2d) c.xor   a0, a1
core   0: 0 0x80003c28 (0x8d2d) x10 0x9684d291
core   0: 0x80003c2a (0x04fa0063) beq     s4, a5, pc + 64
core   0: 0 0x80003c2a (0x04fa0063)
core   0: 0x80003c2e (0x41260e33) sub     t3, a2, s2
core   0: 0 0x80003c2e (0x41260e33) x28 0x7ffd8d0d
core   0: 0x80003c32 (0x0000cf99) c.beqz  a5, pc + 30
core   0: 0 0x80003c32 (0xcf99)
core   0: 0x80003c34 (0x00001ffd) c.addi  t6, -1
core   0: 0 0x80003c34 (0x1ffd) x31 0x392f0726
core   0: 0x80003c36 (0x01627f63) bgeu    tp, s6, pc + 30
core   0: 0 0x80003c36 (0x01627f63)
core   0: 0x80003c3a (0x0000616d) c.addi16sp sp, 240
core   0: 0 0x80003c3a (0x616d) x2  0x000000f0
core   0: 0x80003c3c (0x49c6c013) xori    zero, a3, 1180
core   0: 0 0x80003c3c (0x49c6c013)
core   0: 0x80003c40 (0x0000e499) c.bnez  s1, pc + 14
core   0: 0 0x80003c40 (0xe499)
core   0: 0x80003c4e (0x00008c21) c.xor   s0, s0
core   0: 0 0x80003c4e (0x8c21) x8  0x00000000
core   0: 0x80003c50 (0x01e60133) add     sp, a2, t5
core   0: 0 0x80003c50 (0x01e60133) x2  0x7ffe12f1
core   0: 0x80003c54 (0x034c02b3) mul     t0, s8, s4
core   0: 0 0x80003c54 (0x034c02b3) x5  0x0004b000
core   0: 0x80003c58 (0x41f78833) sub     a6, a5, t6
core   0: 0 0x80003c58 (0x41f78833) x16 0xc6d0f8fa
core   0: 0x80003c5c (0x00006339) c.lui   t1, 0xe
core   0: 0 0x80003c5c (0x6339) x6  0x0000e000
core   0: 0x80003c5e (0x3fa54797) auipc   a5, 0x3fa54
core   0: 0 0x80003c5e (0x3fa54797) x15 0xbfa57c5e
core   0: 0x80003c62 (0x00457c33) and     s8, a0, tp
core   0: 0 0x80003c62 (0x00457c33) x24 0x0000d290
core   0: 0x80003c66 (0x01e134b3) sltu    s1, sp, t5
core   0: 0 0x80003c66 (0x01e134b3) x9  0x00000000
core   0: 0x80003c6a (0x0000717d) c.addi16sp sp, -16
core   0: 0 0x80003c6a (0x717d) x2  0x7ffe12e1
core   0: 0x80003c6c (0x006b66b3) or      a3, s6, t1
core   0: 0 0x80003c6c (0x006b66b3) x13 0xffffe870
core   0: 0x80003c70 (0x000003c9) c.addi  t2, 18
core   0: 0 0x80003c70 (0x03c9) x7  0x000008d0
core   0: 0x80003c72 (0x78d64693) xori    a3, a2, 1933
core   0: 0 0x80003c72 (0x78d64693) x13 0x7ffdda80
core   0: 0x80003c76 (0x038607b3) mul     a5, a2, s8
core   0: 0 0x80003c76 (0x038607b3) x15 0x3e210150
core   0: 0x80003c7a (0x000094c2) c.add   s1, a6
core   0: 0 0x80003c7a (0x94c2) x9  0xc6d0f8fa
core   0: 0x80003c7c (0x02ba6463) bltu    s4, a1, pc + 40
core   0: 0 0x80003c7c (0x02ba6463)
core   0: 0x80003ca4 (0x0369ce33) div     t3, s3, s6
core   0: 0 0x80003ca4 (0x0369ce33) x28 0x00009800
core   0: 0x80003ca8 (0x03935e63) bge     t1, s9, pc + 60
core   0: 0 0x80003ca8 (0x03935e63)
core   0: 0x80003ce4 (0x00000c22) c.slli  s8, 8
core   0: 0 0x80003ce4 (0x0c22) x24 0x00d29000
core   0: 0x80003ce6 (0x038e7363) bgeu    t3, s8, pc + 38
core   0: 0 0x80003ce6 (0x038e7363)
core   0: 0x80003cea (0x00008c8d) c.sub   s1, a1
core   0: 0 0x80003cea (0x8c8d) x9  0x5d55bce8
core   0: 0x80003cec (0x00000001) c.nop
core   0: 0 0x80003cec (0x0001)
core   0: 0x80003cee (0xfc5d0d13) addi    s10, s10, -59
core   0: 0 0x80003cee (0xfc5d0d13) x26 0x021e63c5
core   0: 0x80003cf2 (0x01c6db13) srli    s6, a3, 28
core   0: 0 0x80003cf2 (0x01c6db13) x22 0x00000007
core   0: 0x80003cf6 (0x00000001) c.nop
core   0: 0 0x80003cf6 (0x0001)
core   0: 0x80003cf8 (0x01f2e733) or      a4, t0, t6
core   0: 0 0x80003cf8 (0x01f2e733) x14 0x392fb726
core   0: 0x80003cfc (0x00761a33) sll     s4, a2, t2
core   0: 0 0x80003cfc (0x00761a33) x20 0xdd0d0000
core   0: 0x80003d00 (0x0000e501) c.bnez  a0, pc + 8
core   0: 0 0x80003d00 (0xe501)
core   0: 0x80003d08 (0x4bf13393) sltiu   t2, sp, 1215
core   0: 0 0x80003d08 (0x4bf13393) x7  0x00000000
core   0: 0x80003d0c (0x026eb4b3) mulhu   s1, t4, t1
core   0: 0 0x80003d0c (0x026eb4b3) x9  0x00000000
core   0: 0x80003d10 (0x0000c385) c.beqz  a5, pc + 32
core   0: 0 0x80003d10 (0xc385)
core   0: 0x80003d12 (0x00008e31) c.xor   a2, a2
core   0: 0 0x80003d12 (0x8e31) x12 0x00000000
core   0: 0x80003d14 (0x00008ed1) c.or    a3, a2
core   0: 0 0x80003d14 (0x8ed1) x13 0x7ffdda80
core   0: 0x80003d16 (0x0228b2b3) mulhu   t0, a7, sp
core   0: 0 0x80003d16 (0x0228b2b3) x5  0x00001f3f
core   0: 0x80003d1a (0x01e625b3) slt     a1, a2, t5
core   0: 0 0x80003d1a (0x01e625b3) x11 0x00000001
core   0: 0x80003d1e (0xdeffc593) xori    a1, t6, -529
core   0: 0 0x80003d1e (0xdeffc593) x11 0xc6d0fac9
core   0: 0x80003d22 (0x00253233) sltu    tp, a0, sp
core   0: 0 0x80003d22 (0x00253233) x4  0x00000000
core   0: 0x80003d26 (0x00008d61) c.and   a0, s0
core   0: 0 0x80003d26 (0x8d61) x10 0x00000000
core   0: 0x80003d28 (0x01682f33) slt     t5, a6, s6
core   0: 0 0x80003d28 (0x01682f33) x30 0x00000001
core   0: 0x80003d2c (0x0093f233) and     tp, t2, s1
core   0: 0 0x80003d2c (0x0093f233) x4  0x00000000
core   0: 0x80003d30 (0x01015f33) srl     t5, sp, a6
core   0: 0 0x80003d30 (0x01015f33) x30 0x0000001f
core   0: 0x80003d34 (0x1d2d7813) andi    a6, s10, 466
core   0: 0 0x80003d34 (0x1d2d7813) x16 0x000001c0
core   0: 0x80003d38 (0x013c0663) beq     s8, s3, pc + 12
core   0: 0 0x80003d38 (0x013c0663)
core   0: 0x80003d3c (0x00008fed) c.and   a5, a1
core   0: 0 0x80003d3c (0x8fed) x15 0x06000040
core   0: 0x80003d3e (0x00008d8d) c.sub   a1, a1
core   0: 0 0x80003d3e (0x8d8d) x11 0x00000000
core   0: 0x80003d40 (0x41710e33) sub     t3, sp, s7
core   0: 0 0x80003d40 (0x41710e33) x28 0x7ffe12e0
core   0: 0x80003d44 (0x021c3eb3) mulhu   t4, s8, ra
core   0: 0 0x80003d44 (0x021c3eb3) x29 0x00000000
core   0: 0x80003d48 (0xe1e6c213) xori    tp, a3, -482
core   0: 0 0x80003d48 (0xe1e6c213) x4  0x8002249e
core   0: 0x80003d4c (0x008e8863) beq     t4, s0, pc + 16
core   0: 0 0x80003d4c (0x008e8863)
core   0: 0x80003d5c (0x03601563) bne     zero, s6, pc + 42
core   0: 0 0x80003d5c (0x03601563)
core   0: 0x80003d86 (0x01e99793) slli    a5, s3, 30
core   0: 0 0x80003d86 (0x01e99793) x15 0x00000000
core   0: 0x80003d8a (0xe0c6f517) auipc   a0, 0xe0c6f
core   0: 0 0x80003d8a (0xe0c6f517) x10 0x60c72d8a
core   0: 0x80003d8e (0x02374863) blt     a4, gp, pc + 48
core   0: 0 0x80003d8e (0x02374863)
core   0: 0x80003d92 (0x00006789) c.lui   a5, 0x2
core   0: 0 0x80003d92 (0x6789) x15 0x00002000
core   0: 0x80003d94 (0x00008841) c.andi  s0, 16
core   0: 0 0x80003d94 (0x8841) x8  0x00000000
core   0: 0x80003d96 (0x41355313) srai    t1, a0, 19
core   0: 0 0x80003d96 (0x41355313) x6  0x00000c18
core   0: 0x80003d9a (0x000087c1) c.srai  a5, 16
core   0: 0 0x80003d9a (0x87c1) x15 0x00000000
core   0: 0x80003d9c (0x011ac633) xor     a2, s5, a7
core   0: 0 0x80003d9c (0x011ac633) x12 0x00003e8f
core   0: 0x80003da0 (0x0ff0000f) fence   iorw,iorw
core   0: 0 0x80003da0 (0x0ff0000f)
core   0: 0x80003da4 (0x03a0dbb3) divu    s7, ra, s10
core   0: 0 0x80003da4 (0x03a0dbb3) x23 0x00000000
core   0: 0x80003da8 (0x3bf60a13) addi    s4, a2, 959
core   0: 0 0x80003da8 (0x3bf60a13) x20 0x0000424e
core   0: 0x80003dac (0x0000637d) c.lui   t1, 0x1f
core   0: 0 0x80003dac (0x637d) x6  0x0001f000
core   0: 0x80003dae (0x00000001) c.nop
core   0: 0 0x80003dae (0x0001)
core   0: 0x80003db0 (0x0000ca0d) c.beqz  a2, pc + 50
core   0: 0 0x80003db0 (0xca0d)
core   0: 0x80003db2 (0x002cf263) bgeu    s9, sp, pc + 4
core   0: 0 0x80003db2 (0x002cf263)
core   0: 0x80003db6 (0x03a73e33) mulhu   t3, a4, s10
core   0: 0 0x80003db6 (0x03a73e33) x28 0x0079294f
core   0: 0x80003dba (0x0001d393) srli    t2, gp, 0
core   0: 0 0x80003dba (0x0001d393) x7  0x00000000
core   0: 0x80003dbe (0x00018563) beqz    gp, pc + 10
core   0: 0 0x80003dbe (0x00018563)
core   0: 0x80003dc8 (0xc1d9b913) sltiu   s2, s3, -995
core   0: 0 0x80003dc8 (0xc1d9b913) x18 0x00000001
core   0: 0x80003dcc (0x0000717d) c.addi16sp sp, -16
core   0: 0 0x80003dcc (0x717d) x2  0x7ffe12d1
core   0: 0x80003dce (0x022a8533) mul     a0, s5, sp
core   0: 0 0x80003dce (0x022a8533) x10 0x7fe31a3f
core   0: 0x80003dd2 (0x0000117d) c.addi  sp, -1
core   0: 0 0x80003dd2 (0x117d) x2  0x7ffe12d0
core   0: 0x80003dd4 (0x000061b5) c.lui   gp, 0xd
core   0: 0 0x80003dd4 (0x61b5) x3  0x0000d000
core   0: 0x80003dd6 (0x36a88f13) addi    t5, a7, 874
core   0: 0 0x80003dd6 (0x36a88f13) x30 0x000041ea
core   0: 0x80003dda (0x037d50b3) divu    ra, s10, s7
core   0: 0 0x80003dda (0x037d50b3) x1  0xffffffff
core   0: 0x80003dde (0x03d36963) bltu    t1, t4, pc + 50
core   0: 0 0x80003dde (0x03d36963)
core   0: 0x80003de2 (0x01bed213) srli    tp, t4, 27
core   0: 0 0x80003de2 (0x01bed213) x4  0x00000000
core   0: 0x80003de6 (0x00008f4d) c.or    a4, a1
core   0: 0 0x80003de6 (0x8f4d) x14 0x392fb726
core   0: 0x80003de8 (0x0248d063) bge     a7, tp, pc + 32
core   0: 0 0x80003de8 (0x0248d063)
core   0: 0x80003e08 (0x019635b3) sltu    a1, a2, s9
core   0: 0 0x80003e08 (0x019635b3) x11 0x00000001
core   0: 0x80003e0c (0x0290ab33) mulhsu  s6, ra, s1
core   0: 0 0x80003e0c (0x0290ab33) x22 0x00000000
core   0: 0x80003e10 (0x04bf8363) beq     t6, a1, pc + 70
core   0: 0 0x80003e10 (0x04bf8363)
core   0: 0x80003e14 (0x00008f85) c.sub   a5, s1
core   0: 0 0x80003e14 (0x8f85) x15 0x00000000
core   0: 0x80003e16 (0x039c2333) mulhsu  t1, s8, s9
core   0: 0 0x80003e16 (0x039c2333) x6  0x006949f1
core   0: 0x80003e1a (0x01537833) and     a6, t1, s5
core   0: 0 0x80003e1a (0x01537833) x16 0x00000001
core   0: 0x80003e1e (0x00008d21) c.xor   a0, s0
core   0: 0 0x80003e1e (0x8d21) x10 0x7fe31a3f
core   0: 0x80003e20 (0x031e4e63) blt     t3, a7, pc + 60
core   0: 0 0x80003e20 (0x031e4e63)
core   0: 0x80003e24 (0x00fc6233) or      tp, s8, a5
core   0: 0 0x80003e24 (0x00fc6233) x4  0x00d29000
core   0: 0x80003e28 (0x0000e399) c.bnez  a5, pc + 6
core   0: 0 0x80003e28 (0xe399)
core   0: 0x80003e2a (0xfc168e13) addi    t3, a3, -63
core   0: 0 0x80003e2a (0xfc168e13) x28 0x7ffdda41
core   0: 0x80003e2e (0x000ed793) srli    a5, t4, 0
core   0: 0 0x80003e2e (0x000ed793) x15 0x00000000
core   0: 0x80003e32 (0x0000717d) c.addi16sp sp, -16
core   0: 0 0x80003e32 (0x717d) x2  0x7ffe12c0
core   0: 0x80003e34 (0x019c0b33) add     s6, s8, s9
core   0: 0 0x80003e34 (0x019c0b33) x22 0x80d4ece4
core   0: 0x80003e38 (0xb15b7493) andi    s1, s6, -1259
core   0: 0 0x80003e38 (0xb15b7493) x9  0x80d4e804
core   0: 0x80003e3c (0x033c0633) mul     a2, s8, s3
core   0: 0 0x80003e3c (0x033c0633) x12 0x1f204000
core   0: 0x80003e40 (0x855bdab7) lui     s5, 0x855bd
core   0: 0 0x80003e40 (0x855bdab7) x21 0x855bd000
core   0: 0x80003e44 (0x031e35b3) mulhu   a1, t3, a7
core   0: 0 0x80003e44 (0x031e35b3) x11 0x00001f3f
core   0: 0x80003e48 (0x9f8a7113) andi    sp, s4, -1544
core   0: 0 0x80003e48 (0x9f8a7113) x2  0x00004048
core   0: 0x80003e4c (0x706f64b7) lui     s1, 0x706f6
core   0: 0 0x80003e4c (0x706f64b7) x9  0x706f6000
core   0: 0x80003e50 (0x03b188b3) mul     a7, gp, s11
core   0: 0 0x80003e50 (0x03b188b3) x17 0x00000000
core   0: 0x80003e54 (0x00001800) c.addi4spn s0, sp, 48
core   0: 0 0x80003e54 (0x1800) x8  0x00004078
core   0: 0x80003e56 (0x0000e80d) c.bnez  s0, pc + 50
core   0: 0 0x80003e56 (0xe80d)
core   0: 0x80003e88 (0x0298cd33) div     s10, a7, s1
core   0: 0 0x80003e88 (0x0298cd33) x26 0x00000000
core   0: 0x80003e8c (0x0000ca81) c.beqz  a3, pc + 16
core   0: 0 0x80003e8c (0xca81)
core   0: 0x80003e8e (0xf6e21217) auipc   tp, 0xf6e21
core   0: 0 0x80003e8e (0xf6e21217) x4  0x76e24e8e
core   0: 0x80003e92 (0x411d8433) sub     s0, s11, a7
core   0: 0 0x80003e92 (0x411d8433) x8  0x80000000
core   0: 0x80003e96 (0x54689f17) auipc   t5, 0x54689
core   0: 0 0x80003e96 (0x54689f17) x30 0xd468ce96
core   0: 0x80003e9a (0x00000001) c.nop
core   0: 0 0x80003e9a (0x0001)
core   0: 0x80003e9c (0x023a90b3) mulh    ra, s5, gp
core   0: 0 0x80003e9c (0x023a90b3) x1  0xffff9c5a
core   0: 0x80003ea0 (0x0ff0000f) fence   iorw,iorw
core   0: 0 0x80003ea0 (0x0ff0000f)
core   0: 0x80003ea4 (0x00be5933) srl     s2, t3, a1
core   0: 0 0x80003ea4 (0x00be5933) x18 0x00000000
core   0: 0x80003ea8 (0x00004785) c.li    a5, 1
core   0: 0 0x80003ea8 (0x4785) x15 0x00000001
core   0: 0x80003eaa (0x4107da13) srai    s4, a5, 16
core   0: 0 0x80003eaa (0x4107da13) x20 0x00000000
core   0: 0x80003eae (0x411783b3) sub     t2, a5, a7
core   0: 0 0x80003eae (0x411783b3) x7  0x00000001
core   0: 0x80003eb2 (0x000041c1) c.li    gp, 16
core   0: 0 0x80003eb2 (0x41c1) x3  0x00000010
core   0: 0x80003eb4 (0x00008849) c.andi  s0, 18
core   0: 0 0x80003eb4 (0x8849) x8  0x00000000
core   0: 0x80003eb6 (0x00006131) c.addi16sp sp, 320
core   0: 0 0x80003eb6 (0x6131) x2  0x00004188
core   0: 0x80003eb8 (0x000086b5) c.srai  a3, 13
core   0: 0 0x80003eb8 (0x86b5) x13 0x0003ffee
core   0: 0x80003eba (0x02288e33) mul     t3, a7, sp
core   0: 0 0x80003eba (0x02288e33) x28 0x00000000
core   0: 0x80003ebe (0xae6a0a93) addi    s5, s4, -1306
core   0: 0 0x80003ebe (0xae6a0a93) x21 0xfffffae6
core   0: 0x80003ec2 (0x005d2733) slt     a4, s10, t0
core   0: 0 0x80003ec2 (0x005d2733) x14 0x00000001
core   0: 0x80003ec6 (0x0000717d) c.addi16sp sp, -16
core   0: 0 0x80003ec6 (0x717d) x2  0x00004178
core   0: 0x80003ec8 (0x4043de93) srai    t4, t2, 4
core   0: 0 0x80003ec8 (0x4043de93) x29 0x00000000
core   0: 0x80003ecc (0x00686333) or      t1, a6, t1
core   0: 0 0x80003ecc (0x00686333) x6  0x006949f1
core   0: 0x80003ed0 (0x025bb0b3) mulhu   ra, s7, t0
core   0: 0 0x80003ed0 (0x025bb0b3) x1  0x00000000
core   0: 0x80003ed4 (0x0000821a) c.mv    tp, t1
core   0: 0 0x80003ed4 (0x821a) x4  0x006949f1
core   0: 0x80003ed6 (0x00642433) slt     s0, s0, t1
core   0: 0 0x80003ed6 (0x00642433) x8  0x00000001
core   0: 0x80003eda (0x6e9b3e93) sltiu   t4, s6, 1769
core   0: 0 0x80003eda (0x6e9b3e93) x29 0x00000000
core   0: 0x80003ede (0x01695413) srli    s0, s2, 22
core   0: 0 0x80003ede (0x01695413) x8  0x00000000
core   0: 0x80003ee2 (0x05f0c063) blt     ra, t6, pc + 64
core   0: 0 0x80003ee2 (0x05f0c063)
core   0: 0x80003f22 (0x02229a63) bne     t0, sp, pc + 52
core   0: 0 0x80003f22 (0x02229a63)
core   0: 0x80003f56 (0x00000001) c.nop
core   0: 0 0x80003f56 (0x0001)
core   0: 0x80003f58 (0x018f56b3) srl     a3, t5, s8
core   0: 0 0x80003f58 (0x018f56b3) x13 0xd468ce96
core   0: 0x80003f5c (0x0ff0000f) fence   iorw,iorw
core   0: 0 0x80003f5c (0x0ff0000f)
core   0: 0x80003f60 (0x00001d18) c.addi4spn a4, sp, 688
core   0: 0 0x80003f60 (0x1d18) x14 0x00004428
core   0: 0x80003f62 (0x00890ab3) add     s5, s2, s0
core   0: 0 0x80003f62 (0x00890ab3) x21 0x00000000
core   0: 0x80003f66 (0x0000191c) c.addi4spn a5, sp, 176
core   0: 0 0x80003f66 (0x191c) x15 0x00004228
core   0: 0x80003f68 (0x02290133) mul     sp, s2, sp
core   0: 0 0x80003f68 (0x02290133) x2  0x00000000
core   0: 0x80003f6c (0x4fff3a13) sltiu   s4, t5, 1279
core   0: 0 0x80003f6c (0x4fff3a13) x20 0x00000000
core   0: 0x80003f70 (0x012a8c33) add     s8, s5, s2
core   0: 0 0x80003f70 (0x012a8c33) x24 0x00000000
core   0: 0x80003f74 (0x00000d98) c.addi4spn a4, sp, 720
core   0: 0 0x80003f74 (0x0d98) x14 0x000002d0
core   0: 0x80003f76 (0x02025bb3) divu    s7, tp, zero
core   0: 0 0x80003f76 (0x02025bb3) x23 0xffffffff
core   0: 0x80003f7a (0x03142433) mulhsu  s0, s0, a7
core   0: 0 0x80003f7a (0x03142433) x8  0x00000000
core   0: 0x80003f7e (0x00008c21) c.xor   s0, s0
core   0: 0 0x80003f7e (0x8c21) x8  0x00000000
core   0: 0x80003f80 (0xe8871b17) auipc   s6, 0xe8871
core   0: 0 0x80003f80 (0xe8871b17) x22 0x68874f80
core   0: 0x80003f84 (0x00ba4433) xor     s0, s4, a1
core   0: 0 0x80003f84 (0x00ba4433) x8  0x00001f3f
core   0: 0x80003f88 (0x00000e98) c.addi4spn a4, sp, 848
core   0: 0 0x80003f88 (0x0e98) x14 0x00000350
core   0: 0x80003f8a (0x0182ec33) or      s8, t0, s8
core   0: 0 0x80003f8a (0x0182ec33) x24 0x00001f3f
core   0: 0x80003f8e (0x000051fd) c.li    gp, -1
core   0: 0 0x80003f8e (0x51fd) x3  0xffffffff
core   0: 0x80003f90 (0x03ab4163) blt     s6, s10, pc + 34
core   0: 0 0x80003f90 (0x03ab4163)
core   0: 0x80003f94 (0x0000100f) fence.i
core   0: 0 0x80003f94 (0x0000100f)
core   0: 0x80003f98 (0x0000670d) c.lui   a4, 0x3
core   0: 0 0x80003f98 (0x670d) x14 0x00003000
core   0: 0x80003f9a (0x00000001) c.nop
core   0: 0 0x80003f9a (0x0001)
core   0: 0x80003f9c (0x4069d593) srai    a1, s3, 6
core   0: 0 0x80003f9c (0x4069d593) x11 0xfe000879
core   0: 0x80003fa0 (0x0000ea99) c.bnez  a3, pc + 22
core   0: 0 0x80003fa0 (0xea99)
core   0: 0x80003fb6 (0x00ff7e63) bgeu    t5, a5, pc + 28
core   0: 0 0x80003fb6 (0x00ff7e63)
core   0: 0x80003fd2 (0x0ff0000f) fence   iorw,iorw
core   0: 0 0x80003fd2 (0x0ff0000f)
core   0: 0x80003fd6 (0x0000859a) c.mv    a1, t1
core   0: 0 0x80003fd6 (0x859a) x11 0x006949f1
core   0: 0x80003fd8 (0x03e4f263) bgeu    s1, t5, pc + 36
core   0: 0 0x80003fd8 (0x03e4f263)
core   0: 0x80003fdc (0x76d47893) andi    a7, s0, 1901
core   0: 0 0x80003fdc (0x76d47893) x17 0x0000072d
core   0: 0x80003fe0 (0x03711463) bne     sp, s7, pc + 40
core   0: 0 0x80003fe0 (0x03711463)
core   0: 0x80004008 (0x01615e93) srli    t4, sp, 22
core   0: 0 0x80004008 (0x01615e93) x29 0x00000000
core   0: 0x8000400c (0x01653d33) sltu    s10, a0, s6
core   0: 0 0x8000400c (0x01653d33) x26 0x00000000
core   0: 0x80004010 (0xa3360b37) lui     s6, 0xa3360
core   0: 0 0x80004010 (0xa3360b37) x22 0xa3360000
core   0: 0x80004014 (0x0000100f) fence.i
core   0: 0 0x80004014 (0x0000100f)
core   0: 0x80004018 (0x0000c031) c.beqz  s0, pc + 68
core   0: 0 0x80004018 (0xc031)
core   0: 0x8000401a (0x00008639) c.srai  a2, 14
core   0: 0 0x8000401a (0x8639) x12 0x00007c81
core   0: 0x8000401c (0x013a9ab3) sll     s5, s5, s3
core   0: 0 0x8000401c (0x013a9ab3) x21 0x00000000
core   0: 0x80004020 (0x00000001) c.nop
core   0: 0 0x80004020 (0x0001)
core   0: 0x80004022 (0x03cbb3b3) mulhu   t2, s7, t3
core   0: 0 0x80004022 (0x03cbb3b3) x7  0x00000000
core   0: 0x80004026 (0x0000050c) c.addi4spn a1, sp, 640
core   0: 0 0x80004026 (0x050c) x11 0x00000280
core   0: 0x80004028 (0xc0e28017) auipc   zero, 0xc0e28
core   0: 0 0x80004028 (0xc0e28017)
core   0: 0x8000402c (0x023bdb63) bge     s7, gp, pc + 54
core   0: 0 0x8000402c (0x023bdb63)
core   0: 0x80004062 (0x41248fb3) sub     t6, s1, s2
core   0: 0 0x80004062 (0x41248fb3) x31 0x706f6000
core   0: 0x80004066 (0x0302e263) bltu    t0, a6, pc + 36
core   0: 0 0x80004066 (0x0302e263)
core   0: 0x8000406a (0x2b825317) auipc   t1, 0x2b825
core   0: 0 0x8000406a (0x2b825317) x6  0xab82906a
core   0: 0x8000406e (0x000086e9) c.srai  a3, 26
core   0: 0 0x8000406e (0x86e9) x13 0xfffffff5
core   0: 0x80004070 (0x00000490) c.addi4spn a2, sp, 576
core   0: 0 0x80004070 (0x0490) x12 0x00000240
core   0: 0x80004072 (0xb9224293) xori    t0, tp, -1134
core   0: 0 0x80004072 (0xb9224293) x5  0xff96b263
core   0: 0x80004076 (0x00000594) c.addi4spn a3, sp, 704
core   0: 0 0x80004076 (0x0594) x13 0x000002c0
core   0: 0x80004078 (0x033005b3) mul     a1, zero, s3
core   0: 0 0x80004078 (0x033005b3) x11 0x00000000
core   0: 0x8000407c (0x00008d65) c.and   a0, s1
core   0: 0 0x8000407c (0x8d65) x10 0x70630000
core   0: 0x8000407e (0x01808463) beq     ra, s8, pc + 8
core   0: 0 0x8000407e (0x01808463)
core   0: 0x80004082 (0x00001f94) c.addi4spn a3, sp, 1008
core   0: 0 0x80004082 (0x1f94) x13 0x000003f0
core   0: 0x80004084 (0x0000826d) c.srli  a2, 27
core   0: 0 0x80004084 (0x826d) x12 0x00000000
core   0: 0x80004086 (0x11f4fb13) andi    s6, s1, 287
core   0: 0 0x80004086 (0x11f4fb13) x22 0x00000000
core   0: 0x8000408a (0x02784a33) div     s4, a6, t2
core   0: 0 0x8000408a (0x02784a33) x20 0xffffffff
core   0: 0x8000408e (0x00004f3d) c.li    t5, 15
core   0: 0 0x8000408e (0x4f3d) x30 0x0000000f
core   0: 0x80004090 (0x4e08bb13) sltiu   s6, a7, 1248
core   0: 0 0x80004090 (0x4e08bb13) x22 0x00000000
core   0: 0x80004094 (0x41eb0533) sub     a0, s6, t5
core   0: 0 0x80004094 (0x41eb0533) x10 0xfffffff1
core   0: 0x80004098 (0x03a25563) bge     tp, s10, pc + 42
core   0: 0 0x80004098 (0x03a25563)
core   0: 0x800040c2 (0x00000001) c.nop
core   0: 0 0x800040c2 (0x0001)
core   0: 0x800040c4 (0x000086b9) c.srai  a3, 14
core   0: 0 0x800040c4 (0x86b9) x13 0x00000000
core   0: 0x800040c6 (0x01bc64b3) or      s1, s8, s11
core   0: 0 0x800040c6 (0x01bc64b3) x9  0x80001f3f
core   0: 0x800040ca (0x6d8e2393) slti    t2, t3, 1752
core   0: 0 0x800040ca (0x6d8e2393) x7  0x00000001
core   0: 0x800040ce (0x00904f63) blt     zero, s1, pc + 30
core   0: 0 0x800040ce (0x00904f63)
core   0: 0x800040d2 (0x00008ca1) c.xor   s1, s0
core   0: 0 0x800040d2 (0x8ca1) x9  0x80000000
core   0: 0x800040d4 (0x034621b3) mulhsu  gp, a2, s4
core   0: 0 0x800040d4 (0x034621b3) x3  0x00000000
core   0: 0x800040d8 (0x035831b3) mulhu   gp, a6, s5
core   0: 0 0x800040d8 (0x035831b3) x3  0x00000000
core   0: 0x800040dc (0x02778ab3) mul     s5, a5, t2
core   0: 0 0x800040dc (0x02778ab3) x21 0x00004228
core   0: 0x800040e0 (0x73760e13) addi    t3, a2, 1847
core   0: 0 0x800040e0 (0x73760e13) x28 0x00000737
core   0: 0x800040e4 (0x0000587d) c.li    a6, -1
core   0: 0 0x800040e4 (0x587d) x16 0xffffffff
core   0: 0x800040e6 (0x0000613d) c.addi16sp sp, 480
core   0: 0 0x800040e6 (0x613d) x2  0x000001e0
core   0: 0x800040e8 (0x0ddb6713) ori     a4, s6, 221
core   0: 0 0x800040e8 (0x0ddb6713) x14 0x000000dd
core   0: 0x800040ec (0x41a1d493) srai    s1, gp, 26
core   0: 0 0x800040ec (0x41a1d493) x9  0x00000000
core   0: 0x800040f0 (0x000be763) bltu    s7, zero, pc + 14
core   0: 0 0x800040f0 (0x000be763)
core   0: 0x800040f4 (0x00ee4663) blt     t3, a4, pc + 12
core   0: 0 0x800040f4 (0x00ee4663)
core   0: 0x800040f8 (0x0c348e93) addi    t4, s1, 195
core   0: 0 0x800040f8 (0x0c348e93) x29 0x000000c3
core   0: 0x800040fc (0x00006151) c.addi16sp sp, 272
core   0: 0 0x800040fc (0x6151) x2  0x000002f0
core   0: 0x800040fe (0x0000c691) c.beqz  a3, pc + 12
core   0: 0 0x800040fe (0xc691)
core   0: 0x8000410a (0x020b5633) divu    a2, s6, zero
core   0: 0 0x8000410a (0x020b5633) x12 0xffffffff
core   0: 0x8000410e (0x00008551) c.srai  a0, 20
core   0: 0 0x8000410e (0x8551) x10 0xffffffff
core   0: 0x80004110 (0x0eb5b193) sltiu   gp, a1, 235
core   0: 0 0x80004110 (0x0eb5b193) x3  0x00000001
core   0: 0x80004114 (0x006b5a13) srli    s4, s6, 6
core   0: 0 0x80004114 (0x006b5a13) x20 0x00000000
core   0: 0x80004118 (0x00008c01) c.sub   s0, s0
core   0: 0 0x80004118 (0x8c01) x8  0x00000000
core   0: 0x8000411a (0x0ff0000f) fence   iorw,iorw
core   0: 0 0x8000411a (0x0ff0000f)
core   0: 0x8000411e (0x03d56b63) bltu    a0, t4, pc + 54
core   0: 0 0x8000411e (0x03d56b63)
core   0: 0x80004122 (0x55abc093) xori    ra, s7, 1370
core   0: 0 0x80004122 (0x55abc093) x1  0xfffffaa5
core   0: 0x80004126 (0x03f2f513) andi    a0, t0, 63
core   0: 0 0x80004126 (0x03f2f513) x10 0x00000023
core   0: 0x8000412a (0x000004e5) c.addi  s1, 25
core   0: 0 0x8000412a (0x04e5) x9  0x00000019
core   0: 0x8000412c (0x00000001) c.nop
core   0: 0 0x8000412c (0x0001)
core   0: 0x8000412e (0x023c8363) beq     s9, gp, pc + 38
core   0: 0 0x8000412e (0x023c8363)
core   0: 0x80004132 (0x022a5363) bge     s4, sp, pc + 38
core   0: 0 0x80004132 (0x022a5363)
core   0: 0x80004136 (0x01d63333) sltu    t1, a2, t4
core   0: 0 0x80004136 (0x01d63333) x6  0x00000000
core   0: 0x8000413a (0x7d9e6513) ori     a0, t3, 2009
core   0: 0 0x8000413a (0x7d9e6513) x10 0x000007ff
core   0: 0x8000413e (0x00d4f3b3) and     t2, s1, a3
core   0: 0 0x8000413e (0x00d4f3b3) x7  0x00000000
core   0: 0x80004142 (0x02ea9a33) mulh    s4, s5, a4
core   0: 0 0x80004142 (0x02ea9a33) x20 0x00000000
core   0: 0x80004146 (0x0162b133) sltu    sp, t0, s6
core   0: 0 0x80004146 (0x0162b133) x2  0x00000000
core   0: 0x8000414a (0x000061c1) c.lui   gp, 0x10
core   0: 0 0x8000414a (0x61c1) x3  0x00010000
core   0: 0x8000414c (0x016cd893) srli    a7, s9, 22
core   0: 0 0x8000414c (0x016cd893) x17 0x00000200
core   0: 0x80004150 (0x013fa133) slt     sp, t6, s3
core   0: 0 0x80004150 (0x013fa133) x2  0x00000000
core   0: 0x80004154 (0x0270d2b3) divu    t0, ra, t2
core   0: 0 0x80004154 (0x0270d2b3) x5  0xffffffff
core   0: 0x80004158 (0x411a5f33) sra     t5, s4, a7
core   0: 0 0x80004158 (0x411a5f33) x30 0x00000000
core   0: 0x8000415c (0x0000717d) c.addi16sp sp, -16
core   0: 0 0x8000415c (0x717d) x2  0xfffffff0
core   0: 0x8000415e (0x017de8b3) or      a7, s11, s7
core   0: 0 0x8000415e (0x017de8b3) x17 0xffffffff
core   0: 0x80004162 (0x03aa3bb3) mulhu   s7, s4, s10
core   0: 0 0x80004162 (0x03aa3bb3) x23 0x00000000
core   0: 0x80004166 (0x000066b9) c.lui   a3, 0xe
core   0: 0 0x80004166 (0x66b9) x13 0x0000e000
core   0: 0x80004168 (0x03baf733) remu    a4, s5, s11
core   0: 0 0x80004168 (0x03baf733) x14 0x00004228
core   0: 0x8000416c (0x0116dd63) bge     a3, a7, pc + 26
core   0: 0 0x8000416c (0x0116dd63)
core   0: 0x80004186 (0x00000a52) c.slli  s4, 20
core   0: 0 0x80004186 (0x0a52) x20 0x00000000
core   0: 0x80004188 (0x02965733) divu    a4, a2, s1
core   0: 0 0x80004188 (0x02965733) x14 0x0a3d70a3
core   0: 0x8000418c (0x03780263) beq     a6, s7, pc + 36
core   0: 0 0x8000418c (0x03780263)
core   0: 0x80004190 (0x6bf55b17) auipc   s6, 0x6bf55
core   0: 0 0x80004190 (0x6bf55b17) x22 0xebf59190
core   0: 0x80004194 (0x0000862a) c.mv    a2, a0
core   0: 0 0x80004194 (0x862a) x12 0x000007ff
core   0: 0x80004196 (0x22dd3293) sltiu   t0, s10, 557
core   0: 0 0x80004196 (0x22dd3293) x5  0x00000001
core   0: 0x8000419a (0x00000001) c.nop
core   0: 0 0x8000419a (0x0001)
core   0: 0x8000419c (0x0ff0000f) fence   iorw,iorw
core   0: 0 0x8000419c (0x0ff0000f)
core   0: 0x800041a0 (0x03e1de63) bge     gp, t5, pc + 60
core   0: 0 0x800041a0 (0x03e1de63)
core   0: 0x800041dc (0x00196813) ori     a6, s2, 1
core   0: 0 0x800041dc (0x00196813) x16 0x00000001
core   0: 0x800041e0 (0x00008f99) c.sub   a5, a4
core   0: 0 0x800041e0 (0x8f99) x15 0xf5c2d185
core   0: 0x800041e2 (0x01ab6463) bltu    s6, s10, pc + 8
core   0: 0 0x800041e2 (0x01ab6463)
core   0: 0x800041e6 (0x014660b3) or      ra, a2, s4
core   0: 0 0x800041e6 (0x014660b3) x1  0x000007ff
core   0: 0x800041ea (0x02e44563) blt     s0, a4, pc + 42
core   0: 0 0x800041ea (0x02e44563)
core   0: 0x80004214 (0x26de3b13) sltiu   s6, t3, 621
core   0: 0 0x80004214 (0x26de3b13) x22 0x00000000
core   0: 0x80004218 (0x00006f45) c.lui   t5, 0x11
core   0: 0 0x80004218 (0x6f45) x30 0x00011000
core   0: 0x8000421a (0x00008d55) c.or    a0, a3
core   0: 0 0x8000421a (0x8d55) x10 0x0000e7ff
core   0: 0x8000421c (0x000092e2) c.add   t0, s8
core   0: 0 0x8000421c (0x92e2) x5  0x00001f40
core   0: 0x8000421e (0x0000eb09) c.bnez  a4, pc + 18
core   0: 0 0x8000421e (0xeb09)
core   0: 0x80004230 (0x00cae863) bltu    s5, a2, pc + 16
core   0: 0 0x80004230 (0x00cae863)
core   0: 0x80004234 (0x000010fd) c.addi  ra, -1
core   0: 0 0x80004234 (0x10fd) x1  0x000007fe
core   0: 0x80004236 (0x00000d3e) c.slli  s10, 15
core   0: 0 0x80004236 (0x0d3e) x26 0x00000000
core   0: 0x80004238 (0x00000001) c.nop
core   0: 0 0x80004238 (0x0001)
core   0: 0x8000423a (0x0000ed85) c.bnez  a1, pc + 56
core   0: 0 0x8000423a (0xed85)
core   0: 0x8000423c (0x0322e963) bltu    t0, s2, pc + 50
core   0: 0 0x8000423c (0x0322e963)
core   0: 0x80004240 (0x026ba533) mulhsu  a0, s7, t1
core   0: 0 0x80004240 (0x026ba533) x10 0x00000000
core   0: 0x80004244 (0x000e65b3) or      a1, t3, zero
core   0: 0 0x80004244 (0x000e65b3) x11 0x00000737
core   0: 0x80004248 (0x03ef9b63) bne     t6, t5, pc + 54
core   0: 0 0x80004248 (0x03ef9b63)
core   0: 0x8000427e (0x03a5d533) divu    a0, a1, s10
core   0: 0 0x8000427e (0x03a5d533) x10 0xffffffff
core   0: 0x80004282 (0x00004f3d) c.li    t5, 15
core   0: 0 0x80004282 (0x4f3d) x30 0x0000000f
core   0: 0x80004284 (0x00a62733) slt     a4, a2, a0
core   0: 0 0x80004284 (0x00a62733) x14 0x00000000
core   0: 0x80004288 (0x4112d393) srai    t2, t0, 17
core   0: 0 0x80004288 (0x4112d393) x7  0x00000000
core   0: 0x8000428c (0x021e2a33) mulhsu  s4, t3, ra
core   0: 0 0x8000428c (0x021e2a33) x20 0x00000000
core   0: 0x80004290 (0x000004dd) c.addi  s1, 23
core   0: 0 0x80004290 (0x04dd) x9  0x00000030
core   0: 0x80004292 (0x00008fe9) c.and   a5, a0
core   0: 0 0x80004292 (0x8fe9) x15 0xf5c2d185
core   0: 0x80004294 (0x03dd12b3) mulh    t0, s10, t4
core   0: 0 0x80004294 (0x03dd12b3) x5  0x00000000
core   0: 0x80004298 (0x0038c3b3) xor     t2, a7, gp
core   0: 0 0x80004298 (0x0038c3b3) x7  0xfffeffff
core   0: 0x8000429c (0x008c4ab3) xor     s5, s8, s0
core   0: 0 0x8000429c (0x008c4ab3) x21 0x00001f3f
core   0: 0x800042a0 (0x4bbb7f13) andi    t5, s6, 1211
core   0: 0 0x800042a0 (0x4bbb7f13) x30 0x00000000
core   0: 0x800042a4 (0x02d9f563) bgeu    s3, a3, pc + 42
core   0: 0 0x800042a4 (0x02d9f563)
core   0: 0x800042ce (0x022b9963) bne     s7, sp, pc + 50
core   0: 0 0x800042ce (0x022b9963)
core   0: 0x80004300 (0x00006169) c.addi16sp sp, 208
core   0: 0 0x80004300 (0x6169) x2  0x000000c0
core   0: 0x80004302 (0x00008365) c.srli  a4, 25
core   0: 0 0x80004302 (0x8365) x14 0x00000000
core   0: 0x80004304 (0x00008fed) c.and   a5, a1
core   0: 0 0x80004304 (0x8fed) x15 0x00000105
core   0: 0x80004306 (0x004ca533) slt     a0, s9, tp
core   0: 0 0x80004306 (0x004ca533) x10 0x00000001
core   0: 0x8000430a (0x2a9b9237) lui     tp, 0x2a9b9
core   0: 0 0x8000430a (0x2a9b9237) x4  0x2a9b9000
core   0: 0x8000430e (0xf3ef3e97) auipc   t4, 0xf3ef3
core   0: 0 0x8000430e (0xf3ef3e97) x29 0x73ef730e
core   0: 0x80004312 (0x00008fd5) c.or    a5, a3
core   0: 0 0x80004312 (0x8fd5) x15 0x0000e105
core   0: 0x80004314 (0x01a75833) srl     a6, a4, s10
core   0: 0 0x80004314 (0x01a75833) x16 0x00000000
core   0: 0x80004318 (0x00008c75) c.and   s0, a3
core   0: 0 0x80004318 (0x8c75) x8  0x00000000
core   0: 0x8000431a (0x02877733) remu    a4, a4, s0
core   0: 0 0x8000431a (0x02877733) x14 0x00000000
core   0: 0x8000431e (0x00371033) sll     zero, a4, gp
core   0: 0 0x8000431e (0x00371033)
core   0: 0x80004322 (0x00000001) c.nop
core   0: 0 0x80004322 (0x0001)
core   0: 0x80004324 (0x01533fb3) sltu    t6, t1, s5
core   0: 0 0x80004324 (0x01533fb3) x31 0x00000001
core   0: 0x80004328 (0x02cd1bb3) mulh    s7, s10, a2
core   0: 0 0x80004328 (0x02cd1bb3) x23 0x00000000
core   0: 0x8000432c (0x00004859) c.li    a6, 22
core   0: 0 0x8000432c (0x4859) x16 0x00000016
core   0: 0x8000432e (0x02aeffb3) remu    t6, t4, a0
core   0: 0 0x8000432e (0x02aeffb3) x31 0x00000000
core   0: 0x80004332 (0x05b79063) bne     a5, s11, pc + 64
core   0: 0 0x80004332 (0x05b79063)
core   0: 0x80004372 (0x4d0bc893) xori    a7, s7, 1232
core   0: 0 0x80004372 (0x4d0bc893) x17 0x000004d0
core   0: 0x80004376 (0x03950c63) beq     a0, s9, pc + 56
core   0: 0 0x80004376 (0x03950c63)
core   0: 0x8000437a (0x0000100f) fence.i
core   0: 0 0x8000437a (0x0000100f)
core   0: 0x8000437e (0x00000b98) c.addi4spn a4, sp, 464
core   0: 0 0x8000437e (0x0b98) x14 0x00000290
core   0: 0x80004380 (0x028b6e33) rem     t3, s6, s0
core   0: 0 0x80004380 (0x028b6e33) x28 0x00000000
core   0: 0x80004384 (0x41acd313) srai    t1, s9, 26
core   0: 0 0x80004384 (0x41acd313) x6  0xffffffe0
core   0: 0x80004388 (0x03d17633) remu    a2, sp, t4
core   0: 0 0x80004388 (0x03d17633) x12 0x000000c0
core   0: 0x8000438c (0x00008ea9) c.xor   a3, a0
core   0: 0 0x8000438c (0x8ea9) x13 0x0000e001
core   0: 0x8000438e (0x00000001) c.nop
core   0: 0 0x8000438e (0x0001)
core   0: 0x80004390 (0x0000e309) c.bnez  a4, pc + 2
core   0: 0 0x80004390 (0xe309)
core   0: 0x80004392 (0x00008d91) c.sub   a1, a2
core   0: 0 0x80004392 (0x8d91) x11 0x00000677
core   0: 0x80004394 (0x00009d16) c.add   s10, t0
core   0: 0 0x80004394 (0x9d16) x26 0x00000000
core   0: 0x80004396 (0x00cfd293) srli    t0, t6, 12
core   0: 0 0x80004396 (0x00cfd293) x5  0x00000000
core   0: 0x8000439a (0x0000717d) c.addi16sp sp, -16
core   0: 0 0x8000439a (0x717d) x2  0x000000b0
core   0: 0x8000439c (0x02a80d33) mul     s10, a6, a0
core   0: 0 0x8000439c (0x02a80d33) x26 0x00000016
core   0: 0x800043a0 (0x00008f65) c.and   a4, s1
core   0: 0 0x800043a0 (0x8f65) x14 0x00000010
core   0: 0x800043a2 (0x000052fd) c.li    t0, -1
core   0: 0 0x800043a2 (0x52fd) x5  0xffffffff
core   0: 0x800043a4 (0x000085a5) c.srai  a1, 9
core   0: 0 0x800043a4 (0x85a5) x11 0x00000003
core   0: 0x800043a6 (0x00c3bc33) sltu    s8, t2, a2
core   0: 0 0x800043a6 (0x00c3bc33) x24 0x00000000
core   0: 0x800043aa (0x00e2ef63) bltu    t0, a4, pc + 30
core   0: 0 0x800043aa (0x00e2ef63)
core   0: 0x800043ae (0x00754f63) blt     a0, t2, pc + 30
core   0: 0 0x800043ae (0x00754f63)
core   0: 0x800043b2 (0x0000117d) c.addi  sp, -1
core   0: 0 0x800043b2 (0x117d) x2  0x000000af
core   0: 0x800043b4 (0x025350b3) divu    ra, t1, t0
core   0: 0 0x800043b4 (0x025350b3) x1  0x00000000
core   0: 0x800043b8 (0xe2bd2693) slti    a3, s10, -469
core   0: 0 0x800043b8 (0xe2bd2693) x13 0x00000000
core   0: 0x800043bc (0x032b4633) div     a2, s6, s2
core   0: 0 0x800043bc (0x032b4633) x12 0xffffffff
core   0: 0x800043c0 (0x00004265) c.li    tp, 25
core   0: 0 0x800043c0 (0x4265) x4  0x00000019
core   0: 0x800043c2 (0x482e0713) addi    a4, t3, 1154
core   0: 0 0x800043c2 (0x482e0713) x14 0x00000482
core   0: 0x800043c6 (0x0000717d) c.addi16sp sp, -16
core   0: 0 0x800043c6 (0x717d) x2  0x0000009f
core   0: 0x800043c8 (0x00008e05) c.sub   a2, s1
core   0: 0 0x800043c8 (0x8e05) x12 0xffffffcf
core   0: 0x800043ca (0x00001f9c) c.addi4spn a5, sp, 1008
core   0: 0 0x800043ca (0x1f9c) x15 0x0000048f
core   0: 0x800043cc (0x4119df33) sra     t5, s3, a7
core   0: 0 0x800043cc (0x4119df33) x30 0xffff8002
core   0: 0x800043d0 (0xbc24be17) auipc   t3, 0xbc24b
core   0: 0 0x800043d0 (0xbc24be17) x28 0x3c24f3d0
core   0: 0x800043d4 (0xfabb8893) addi    a7, s7, -85
core   0: 0 0x800043d4 (0xfabb8893) x17 0xffffffab
core   0: 0x800043d8 (0x401cd693) srai    a3, s9, 1
core   0: 0 0x800043d8 (0x401cd693) x13 0xc0012e72
core   0: 0x800043dc (0x03549963) bne     s1, s5, pc + 50
core   0: 0 0x800043dc (0x03549963)
core   0: 0x8000440e (0x0000717d) c.addi16sp sp, -16
core   0: 0 0x8000440e (0x717d) x2  0x0000008f
core   0: 0x80004410 (0xde9d8413) addi    s0, s11, -535
core   0: 0 0x80004410 (0xde9d8413) x8  0x7ffffde9
core   0: 0x80004414 (0x41fd8c33) sub     s8, s11, t6
core   0: 0 0x80004414 (0x41fd8c33) x24 0x80000000
core   0: 0x80004418 (0x0000e411) c.bnez  s0, pc + 12
core   0: 0 0x80004418 (0xe411)
core   0: 0x80004424 (0x006fe863) bltu    t6, t1, pc + 16
core   0: 0 0x80004424 (0x006fe863)
core   0: 0x80004434 (0x00008da1) c.xor   a1, s0
core   0: 0 0x80004434 (0x8da1) x11 0x7ffffdea
core   0: 0x80004436 (0x00008c39) c.xor   s0, a4
core   0: 0 0x80004436 (0x8c39) x8  0x7ffff96b
core   0: 0x80004438 (0x010101b3) add     gp, sp, a6
core   0: 0 0x80004438 (0x010101b3) x3  0x000000a5
core   0: 0x8000443c (0x00008ead) c.xor   a3, a1
core   0: 0 0x8000443c (0x8ead) x13 0xbffed398
core   0: 0x8000443e (0x000047d5) c.li    a5, 21
core   0: 0 0x8000443e (0x47d5) x15 0x00000015
core   0: 0x80004440 (0x00000001) c.nop
core   0: 0 0x80004440 (0x0001)
core   0: 0x80004442 (0x00008cb1) c.xor   s1, a2
core   0: 0 0x80004442 (0x8cb1) x9  0xffffffff
core   0: 0x80004444 (0x02a01ab3) mulh    s5, zero, a0
core   0: 0 0x80004444 (0x02a01ab3) x21 0x00000000
core   0: 0x80004448 (0x00e84833) xor     a6, a6, a4
core   0: 0 0x80004448 (0x00e84833) x16 0x00000494
core   0: 0x8000444c (0x79208c13) addi    s8, ra, 1938
core   0: 0 0x8000444c (0x79208c13) x24 0x00000792
core   0: 0x80004450 (0x02428633) mul     a2, t0, tp
core   0: 0 0x80004450 (0x02428633) x12 0xffffffe7
core   0: 0x80004454 (0x00008f4d) c.or    a4, a1
core   0: 0 0x80004454 (0x8f4d) x14 0x7ffffdea
core   0: 0x80004456 (0xfcbb8a13) addi    s4, s7, -53
core   0: 0 0x80004456 (0xfcbb8a13) x20 0xffffffcb
core   0: 0x8000445a (0x022b80b3) mul     ra, s7, sp
core   0: 0 0x8000445a (0x022b80b3) x1  0x00000000
core   0: 0x8000445e (0x00006151) c.addi16sp sp, 272
core   0: 0 0x8000445e (0x6151) x2  0x0000019f
core   0: 0x80004460 (0x00000e5e) c.slli  t3, 23
core   0: 0 0x80004460 (0x0e5e) x28 0xe8000000
core   0: 0x80004462 (0x00baf033) and     zero, s5, a1
core   0: 0 0x80004462 (0x00baf033)
core   0: 0x80004466 (0x00001bfd) c.addi  s7, -1
core   0: 0 0x80004466 (0x1bfd) x23 0xffffffff
core   0: 0x80004468 (0x017fed63) bltu    t6, s7, pc + 26
core   0: 0 0x80004468 (0x017fed63)
core   0: 0x80004482 (0x54ddf713) andi    a4, s11, 1357
core   0: 0 0x80004482 (0x54ddf713) x14 0x00000000
core   0: 0x80004486 (0x0000611d) c.addi16sp sp, 416
core   0: 0 0x80004486 (0x611d) x2  0x0000033f
core   0: 0x80004488 (0x034fc5b3) div     a1, t6, s4
core   0: 0 0x80004488 (0x034fc5b3) x11 0x00000000
core   0: 0x8000448c (0xec4a2597) auipc   a1, 0xec4a2
core   0: 0 0x8000448c (0xec4a2597) x11 0x6c4a648c
core   0: 0x80004490 (0x03cd1933) mulh    s2, s10, t3
core   0: 0 0x80004490 (0x03cd1933) x18 0xfffffffd
core   0: 0x80004494 (0x406b58b3) sra     a7, s6, t1
core   0: 0 0x80004494 (0x406b58b3) x17 0x00000000
core   0: 0x80004498 (0x17d96813) ori     a6, s2, 381
core   0: 0 0x80004498 (0x17d96813) x16 0xfffffffd
core   0: 0x8000449c (0x00e96663) bltu    s2, a4, pc + 12
core   0: 0 0x8000449c (0x00e96663)
core   0: 0x800044a0 (0x0054e733) or      a4, s1, t0
core   0: 0 0x800044a0 (0x0054e733) x14 0xffffffff
core   0: 0x800044a4 (0x35ff2a13) slti    s4, t5, 863
core   0: 0 0x800044a4 (0x35ff2a13) x20 0x00000001
core   0: 0x800044a8 (0x9da698b7) lui     a7, 0x9da69
core   0: 0 0x800044a8 (0x9da698b7) x17 0x9da69000
core   0: 0x800044ac (0x0126a6b3) slt     a3, a3, s2
core   0: 0 0x800044ac (0x0126a6b3) x13 0x00000001
core   0: 0x800044b0 (0x01aa37b3) sltu    a5, s4, s10
core   0: 0 0x800044b0 (0x01aa37b3) x15 0x00000001
core   0: 0x800044b4 (0x00008ed1) c.or    a3, a2
core   0: 0 0x800044b4 (0x8ed1) x13 0xffffffe7
core   0: 0x800044b6 (0x0440e313) ori     t1, ra, 68
core   0: 0 0x800044b6 (0x0440e313) x6  0x00000044
core   0: 0x800044ba (0x0000100f) fence.i
core   0: 0 0x800044ba (0x0000100f)
core   0: 0x800044be (0x00008fa1) c.xor   a5, s0
core   0: 0 0x800044be (0x8fa1) x15 0x7ffff96a
core   0: 0x800044c0 (0x0ff0000f) fence   iorw,iorw
core   0: 0 0x800044c0 (0x0ff0000f)
core   0: 0x800044c4 (0x028dd863) bge     s11, s0, pc + 48
core   0: 0 0x800044c4 (0x028dd863)
core   0: 0x800044c8 (0x02399633) mulh    a2, s3, gp
core   0: 0 0x800044c8 (0x02399633) x12 0xffffffad
core   0: 0x800044cc (0x0000e119) c.bnez  a0, pc + 6
core   0: 0 0x800044cc (0xe119)
core   0: 0x800044d2 (0x025c76b3) remu    a3, s8, t0
core   0: 0 0x800044d2 (0x025c76b3) x13 0x00000792
core   0: 0x800044d6 (0x411b5513) srai    a0, s6, 17
core   0: 0 0x800044d6 (0x411b5513) x10 0x00000000
core   0: 0x800044da (0x0000c599) c.beqz  a1, pc + 14
core   0: 0 0x800044da (0xc599)
core   0: 0x800044dc (0x0000c98d) c.beqz  a1, pc + 50
core   0: 0 0x800044dc (0xc98d)
core   0: 0x800044de (0x02756f33) rem     t5, a0, t2
core   0: 0 0x800044de (0x02756f33) x30 0x00000000
core   0: 0x800044e2 (0x00005a7d) c.li    s4, -1
core   0: 0 0x800044e2 (0x5a7d) x20 0xffffffff
core   0: 0x800044e4 (0x0173f6b3) and     a3, t2, s7
core   0: 0 0x800044e4 (0x0173f6b3) x13 0xfffeffff
core   0: 0x800044e8 (0x00008665) c.srai  a2, 25
core   0: 0 0x800044e8 (0x8665) x12 0xffffffff
core   0: 0x800044ea (0x03a52633) mulhsu  a2, a0, s10
core   0: 0 0x800044ea (0x03a52633) x12 0x00000000
core   0: 0x800044ee (0x000081d5) c.srli  a1, 21
core   0: 0 0x800044ee (0x81d5) x11 0x00000362
core   0: 0x800044f0 (0x01fb7a33) and     s4, s6, t6
core   0: 0 0x800044f0 (0x01fb7a33) x20 0x00000000
core   0: 0x800044f4 (0x0000717d) c.addi16sp sp, -16
core   0: 0 0x800044f4 (0x717d) x2  0x0000032f
core   0: 0x800044f6 (0x027f3d33) mulhu   s10, t5, t2
core   0: 0 0x800044f6 (0x027f3d33) x26 0x00000000
core   0: 0x800044fa (0x00000001) c.nop
core   0: 0 0x800044fa (0x0001)
core   0: 0x800044fc (0x01cac033) xor     zero, s5, t3
core   0: 0 0x800044fc (0x01cac033)
core   0: 0x80004500 (0x000084c9) c.srai  s1, 18
core   0: 0 0x80004500 (0x84c9) x9  0xffffffff
core   0: 0x80004502 (0x00f8efb3) or      t6, a7, a5
core   0: 0 0x80004502 (0x00f8efb3) x31 0xfffff96a
core   0: 0x80004506 (0x008d7133) and     sp, s10, s0
core   0: 0 0x80004506 (0x008d7133) x2  0x00000000
core   0: 0x8000450a (0x000064ed) c.lui   s1, 0x1b
core   0: 0 0x8000450a (0x64ed) x9  0x0001b000
core   0: 0x8000450c (0x00008d4d) c.or    a0, a1
core   0: 0 0x8000450c (0x8d4d) x10 0x00000362
core   0: 0x8000450e (0x0000c609) c.beqz  a2, pc + 10
core   0: 0 0x8000450e (0xc609)
core   0: 0x80004518 (0x000084d2) c.mv    s1, s4
core   0: 0 0x80004518 (0x84d2) x9  0x00000000
core   0: 0x8000451a (0x02075663) bgez    a4, pc + 44
core   0: 0 0x8000451a (0x02075663)
core   0: 0x8000451e (0x00001b98) c.addi4spn a4, sp, 496
core   0: 0 0x8000451e (0x1b98) x14 0x000001f0
core   0: 0x80004520 (0x033d7763) bgeu    s10, s3, pc + 46
core   0: 0 0x80004520 (0x033d7763)
core   0: 0x80004524 (0x00bceb33) or      s6, s9, a1
core   0: 0 0x80004524 (0x00bceb33) x22 0x80025fe6
core   0: 0x80004528 (0x01b9e863) bltu    s3, s11, pc + 16
core   0: 0 0x80004528 (0x01b9e863)
core   0: 0x8000452c (0x82f4c593) xori    a1, s1, -2001
core   0: 0 0x8000452c (0x82f4c593) x11 0xfffff82f
core   0: 0x80004530 (0x033a5763) bge     s4, s3, pc + 46
core   0: 0 0x80004530 (0x033a5763)
core   0: 0x8000455e (0x0067cbb3) xor     s7, a5, t1
core   0: 0 0x8000455e (0x0067cbb3) x23 0x7ffff92e
core   0: 0x80004562 (0x0386bfb3) mulhu   t6, a3, s8
core   0: 0 0x80004562 (0x0386bfb3) x31 0x00000791
core   0: 0x80004566 (0x004cfab3) and     s5, s9, tp
core   0: 0 0x80004566 (0x004cfab3) x21 0x00000000
core   0: 0x8000456a (0x000006e2) c.slli  a3, 24
core   0: 0 0x8000456a (0x06e2) x13 0xff000000
core   0: 0x8000456c (0xd5b7d217) auipc   tp, 0xd5b7d
core   0: 0 0x8000456c (0xd5b7d217) x4  0x55b8156c
core   0: 0x80004570 (0x73c80e13) addi    t3, a6, 1852
core   0: 0 0x80004570 (0x73c80e13) x28 0x00000739
core   0: 0x80004574 (0x162e6713) ori     a4, t3, 354
core   0: 0 0x80004574 (0x162e6713) x14 0x0000077b
core   0: 0x80004578 (0x00006161) c.addi16sp sp, 80
core   0: 0 0x80004578 (0x6161) x2  0x00000050
core   0: 0x8000457a (0x0000100f) fence.i
core   0: 0 0x8000457a (0x0000100f)
core   0: 0x8000457e (0x0383be33) mulhu   t3, t2, s8
core   0: 0 0x8000457e (0x0383be33) x28 0x00000791
core   0: 0x80004582 (0x00807f33) and     t5, zero, s0
core   0: 0 0x80004582 (0x00807f33) x30 0x00000000
core   0: 0x80004586 (0x004b41b3) xor     gp, s6, tp
core   0: 0 0x80004586 (0x004b41b3) x3  0xd5ba4a8a
core   0: 0x8000458a (0x404c5393) srai    t2, s8, 4
core   0: 0 0x8000458a (0x404c5393) x7  0x00000079
core   0: 0x8000458e (0x0000987d) c.andi  s0, -1
core   0: 0 0x8000458e (0x987d) x8  0x7ffff96b
core   0: 0x80004590 (0x01b398b3) sll     a7, t2, s11
core   0: 0 0x80004590 (0x01b398b3) x17 0x00000079
core   0: 0x80004594 (0x01c51e33) sll     t3, a0, t3
core   0: 0 0x80004594 (0x01c51e33) x28 0x06c40000
core   0: 0x80004598 (0x00b300b3) add     ra, t1, a1
core   0: 0 0x80004598 (0x00b300b3) x1  0xfffff873
core   0: 0x8000459c (0x4036d813) srai    a6, a3, 3
core   0: 0 0x8000459c (0x4036d813) x16 0xffe00000
core   0: 0x800045a0 (0x039cc063) blt     s9, s9, pc + 32
core   0: 0 0x800045a0 (0x039cc063)
core   0: 0x800045a4 (0x02d37863) bgeu    t1, a3, pc + 48
core   0: 0 0x800045a4 (0x02d37863)
core   0: 0x800045a8 (0x41098433) sub     s0, s3, a6
core   0: 0 0x800045a8 (0x41098433) x8  0x80221e64
core   0: 0x800045ac (0x00000001) c.nop
core   0: 0 0x800045ac (0x0001)
core   0: 0x800045ae (0x00009af2) c.add   s5, t3
core   0: 0 0x800045ae (0x9af2) x21 0x06c40000
core   0: 0x800045b0 (0x03ae2d33) mulhsu  s10, t3, s10
core   0: 0 0x800045b0 (0x03ae2d33) x26 0x00000000
core   0: 0x800045b4 (0x01ae3bb3) sltu    s7, t3, s10
core   0: 0 0x800045b4 (0x01ae3bb3) x23 0x00000000
core   0: 0x800045b8 (0x00000001) c.nop
core   0: 0 0x800045b8 (0x0001)
core   0: 0x800045ba (0x0000eb15) c.bnez  a4, pc + 52
core   0: 0 0x800045ba (0xeb15)
core   0: 0x800045ee (0x02b390b3) mulh    ra, t2, a1
core   0: 0 0x800045ee (0x02b390b3) x1  0xffffffff
core   0: 0x800045f2 (0x4177dd33) sra     s10, a5, s7
core   0: 0 0x800045f2 (0x4177dd33) x26 0x7ffff96a
core   0: 0x800045f6 (0x00008175) c.srli  a0, 29
core   0: 0 0x800045f6 (0x8175) x10 0x00000000
core   0: 0x800045f8 (0x00008d5d) c.or    a0, a5
core   0: 0 0x800045f8 (0x8d5d) x10 0x7ffff96a
core   0: 0x800045fa (0x01875563) bge     a4, s8, pc + 10
core   0: 0 0x800045fa (0x01875563)
core   0: 0x800045fe (0xeaac2293) slti    t0, s8, -342
core   0: 0 0x800045fe (0xeaac2293) x5  0x00000000
core   0: 0x80004602 (0x0000ed81) c.bnez  a1, pc + 24
core   0: 0 0x80004602 (0xed81)
core   0: 0x8000461a (0x003c0933) add     s2, s8, gp
core   0: 0 0x8000461a (0x003c0933) x18 0xd5ba521c
core   0: 0x8000461e (0x410f8633) sub     a2, t6, a6
core   0: 0 0x8000461e (0x410f8633) x12 0x00200791
core   0: 0x80004622 (0x00008cf1) c.and   s1, a2
core   0: 0 0x80004622 (0x8cf1) x9  0x00000000
core   0: 0x80004624 (0x00000001) c.nop
core   0: 0 0x80004624 (0x0001)
core   0: 0x80004626 (0x01e05313) srli    t1, zero, 30
core   0: 0 0x80004626 (0x01e05313) x6  0x00000000
core   0: 0x8000462a (0x02eea7b3) mulhsu  a5, t4, a4
core   0: 0 0x8000462a (0x02eea7b3) x15 0x00000363
core   0: 0x8000462e (0x0000811a) c.mv    sp, t1
core   0: 0 0x8000462e (0x811a) x2  0x00000000
core   0: 0x80004630 (0x0000613d) c.addi16sp sp, 480
core   0: 0 0x80004630 (0x613d) x2  0x000001e0
core   0: 0x80004632 (0x00008d91) c.sub   a1, a2
core   0: 0 0x80004632 (0x8d91) x11 0xffdff09e
core   0: 0x80004634 (0x2289aa93) slti    s5, s3, 552
core   0: 0 0x80004634 (0x2289aa93) x21 0x00000001
core   0: 0x80004638 (0x00000001) c.nop
core   0: 0 0x80004638 (0x0001)
core   0: 0x8000463a (0x000060f1) c.lui   ra, 0x1c
core   0: 0 0x8000463a (0x60f1) x1  0x0001c000
core   0: 0x8000463c (0x02439333) mulh    t1, t2, tp
core   0: 0 0x8000463c (0x02439333) x6  0x00000028
core   0: 0x80004640 (0x000091ca) c.add   gp, s2
core   0: 0 0x80004640 (0x91ca) x3  0xab749ca6
core   0: 0x80004642 (0x0113e533) or      a0, t2, a7
core   0: 0 0x80004642 (0x0113e533) x10 0x00000079
core   0: 0x80004646 (0x043c0063) beq     s8, gp, pc + 64
core   0: 0 0x80004646 (0x043c0063)
core   0: 0x8000464a (0x00008ead) c.xor   a3, a1
core   0: 0 0x8000464a (0x8ead) x13 0x00dff09e
core   0: 0x8000464c (0x00008e01) c.sub   a2, s0
core   0: 0 0x8000464c (0x8e01) x12 0x7ffde92d
core   0: 0x8000464e (0x021ef033) remu    zero, t4, ra
core   0: 0 0x8000464e (0x021ef033)
core   0: 0x80004652 (0x4034d713) srai    a4, s1, 3
core   0: 0 0x80004652 (0x4034d713) x14 0x00000000
core   0: 0x80004656 (0x00008d99) c.sub   a1, a4
core   0: 0 0x80004656 (0x8d99) x11 0xffdff09e
core   0: 0x80004658 (0x00001c84) c.addi4spn s1, sp, 624
core   0: 0 0x80004658 (0x1c84) x9  0x00000450
core   0: 0x8000465a (0x0083b1b3) sltu    gp, t2, s0
core   0: 0 0x8000465a (0x0083b1b3) x3  0x00000001
core   0: 0x8000465e (0x029ed163) bge     t4, s1, pc + 34
core   0: 0 0x8000465e (0x029ed163)
core   0: 0x80004680 (0x00008116) c.mv    sp, t0
core   0: 0 0x80004680 (0x8116) x2  0x00000000
core   0: 0x80004682 (0x01d970b3) and     ra, s2, t4
core   0: 0 0x80004682 (0x01d970b3) x1  0x51aa520c
core   0: 0x80004686 (0x00001bfd) c.addi  s7, -1
core   0: 0 0x80004686 (0x1bfd) x23 0xffffffff
core   0: 0x80004688 (0x5a343497) auipc   s1, 0x5a343
core   0: 0 0x80004688 (0x5a343497) x9  0xda347688
core   0: 0x8000468c (0x03438bb3) mul     s7, t2, s4
core   0: 0 0x8000468c (0x03438bb3) x23 0x00000000
core   0: 0x80004690 (0x00008862) c.mv    a6, s8
core   0: 0 0x80004690 (0x8862) x16 0x00000792
core   0: 0x80004692 (0x0200cd33) div     s10, ra, zero
core   0: 0 0x80004692 (0x0200cd33) x26 0xffffffff
core   0: 0x80004696 (0x0000717d) c.addi16sp sp, -16
core   0: 0 0x80004696 (0x717d) x2  0xfffffff0
core   0: 0x80004698 (0x0000717d) c.addi16sp sp, -16
core   0: 0 0x80004698 (0x717d) x2  0xffffffe0
core   0: 0x8000469a (0x00008779) c.srai  a4, 30
core   0: 0 0x8000469a (0x8779) x14 0x00000000
core   0: 0x8000469c (0x0000854a) c.mv    a0, s2
core   0: 0 0x8000469c (0x854a) x10 0xd5ba521c
core   0: 0x8000469e (0x00009a42) c.add   s4, a6
core   0: 0 0x8000469e (0x9a42) x20 0x00000792
core   0: 0x800046a0 (0x010ade63) bge     s5, a6, pc + 28
core   0: 0 0x800046a0 (0x010ade63)
core   0: 0x800046a4 (0x03f467b3) rem     a5, s0, t6
core   0: 0 0x800046a4 (0x03f467b3) x15 0xfffffcfa
core   0: 0x800046a8 (0x888ff013) andi    zero, t6, -1912
core   0: 0 0x800046a8 (0x888ff013)
core   0: 0x800046ac (0x00008145) c.srli  a0, 17
core   0: 0 0x800046ac (0x8145) x10 0x00006add
core   0: 0x800046ae (0x0000cd05) c.beqz  a0, pc + 56
core   0: 0 0x800046ae (0xcd05)
core   0: 0x800046b0 (0x0000891e) c.mv    s2, t2
core   0: 0 0x800046b0 (0x891e) x18 0x00000079
core   0: 0x800046b2 (0x024c1c63) bne     s8, tp, pc + 56
core   0: 0 0x800046b2 (0x024c1c63)
core   0: 0x800046ea (0x00869193) slli    gp, a3, 8
core   0: 0 0x800046ea (0x00869193) x3  0xdff09e00
core   0: 0x800046ee (0x029d8933) mul     s2, s11, s1
core   0: 0 0x800046ee (0x029d8933) x18 0x00000000
core   0: 0x800046f2 (0x00000c19) c.addi  s8, 6
core   0: 0 0x800046f2 (0x0c19) x24 0x00000798
core   0: 0x800046f4 (0x0127ff33) and     t5, a5, s2
core   0: 0 0x800046f4 (0x0127ff33) x30 0x00000000
core   0: 0x800046f8 (0x00008d0e) c.mv    s10, gp
core   0: 0 0x800046f8 (0x8d0e) x26 0xdff09e00
core   0: 0x800046fa (0x00008159) c.srli  a0, 22
core   0: 0 0x800046fa (0x8159) x10 0x00000000
core   0: 0x800046fc (0x003f5863) bge     t5, gp, pc + 16
core   0: 0 0x800046fc (0x003f5863)
core   0: 0x8000470c (0x03c1db63) bge     gp, t3, pc + 54
core   0: 0 0x8000470c (0x03c1db63)
core   0: 0x80004710 (0x00008fc1) c.or    a5, s0
core   0: 0 0x80004710 (0x8fc1) x15 0xfffffefe
core   0: 0x80004712 (0x001e9a93) slli    s5, t4, 1
core   0: 0 0x80004712 (0x001e9a93) x21 0xe7dee61c
core   0: 0x80004716 (0x0051b233) sltu    tp, gp, t0
core   0: 0 0x80004716 (0x0051b233) x4  0x00000000
core   0: 0x8000471a (0x00000949) c.addi  s2, 18
core   0: 0 0x8000471a (0x0949) x18 0x00000012
core   0: 0x8000471c (0x41db5fb3) sra     t6, s6, t4
core   0: 0 0x8000471c (0x41db5fb3) x31 0xfffe0009
core   0: 0x80004720 (0x013c82b3) add     t0, s9, s3
core   0: 0 0x80004720 (0x013c82b3) x5  0x00047b48
core   0: 0x80004724 (0x00008955) c.andi  a0, 21
core   0: 0 0x80004724 (0x8955) x10 0x00000000
core   0: 0x80004726 (0x7fa84793) xori    a5, a6, 2042
core   0: 0 0x80004726 (0x7fa84793) x15 0x00000068
core   0: 0x8000472a (0x01b0c013) xori    zero, ra, 27
core   0: 0 0x8000472a (0x01b0c013)
core   0: 0x8000472e (0x02ea9fb3) mulh    t6, s5, a4
core   0: 0 0x8000472e (0x02ea9fb3) x31 0x00000000
core   0: 0x80004732 (0x0192fe33) and     t3, t0, s9
core   0: 0 0x80004732 (0x0192fe33) x28 0x00005840
core   0: 0x80004736 (0x03bb7863) bgeu    s6, s11, pc + 48
core   0: 0 0x80004736 (0x03bb7863)
core   0: 0x80004766 (0x40b05e93) srai    t4, zero, 11
core   0: 0 0x80004766 (0x40b05e93) x29 0x00000000
core   0: 0x8000476a (0x00006fb1) c.lui   t6, 0xc
core   0: 0 0x8000476a (0x6fb1) x31 0x0000c000
core   0: 0x8000476c (0x0000127d) c.addi  tp, -1
core   0: 0 0x8000476c (0x127d) x4  0xffffffff
core   0: 0x8000476e (0x0000997d) c.andi  a0, -1
core   0: 0 0x8000476e (0x997d) x10 0x00000000
core   0: 0x80004770 (0x00009bfd) c.andi  a5, -1
core   0: 0 0x80004770 (0x9bfd) x15 0x00000068
core   0: 0x80004772 (0x00000276) c.slli  tp, 29
core   0: 0 0x80004772 (0x0276) x4  0xe0000000
core   0: 0x80004774 (0x01787633) and     a2, a6, s7
core   0: 0 0x80004774 (0x01787633) x12 0x00000000
core   0: 0x80004778 (0x02642c33) mulhsu  s8, s0, t1
core   0: 0 0x80004778 (0x02642c33) x24 0xffffffec
core   0: 0x8000477c (0x00008d31) c.xor   a0, a2
core   0: 0 0x8000477c (0x8d31) x10 0x00000000
core   0: 0x8000477e (0x00000656) c.slli  a2, 21
core   0: 0 0x8000477e (0x0656) x12 0x00000000
core   0: 0x80004780 (0x01b7c963) blt     a5, s11, pc + 18
core   0: 0 0x80004780 (0x01b7c963)
core   0: 0x80004784 (0x010370b3) and     ra, t1, a6
core   0: 0 0x80004784 (0x010370b3) x1  0x00000000
core   0: 0x80004788 (0x98f8cf13) xori    t5, a7, -1649
core   0: 0 0x80004788 (0x98f8cf13) x30 0xfffff9f6
core   0: 0x8000478c (0xf5b14e93) xori    t4, sp, -165
core   0: 0 0x8000478c (0xf5b14e93) x29 0x000000bb
core   0: 0x80004790 (0x00000001) c.nop
core   0: 0 0x80004790 (0x0001)
core   0: 0x80004792 (0x00000001) c.nop
core   0: 0 0x80004792 (0x0001)
core   0: 0x80004794 (0xb7222893) slti    a7, tp, -1166
core   0: 0 0x80004794 (0xb7222893) x17 0x00000001
core   0: 0x80004798 (0x030307b3) mul     a5, t1, a6
core   0: 0 0x80004798 (0x030307b3) x15 0x00012ed0
core   0: 0x8000479c (0x1c908e93) addi    t4, ra, 457
core   0: 0 0x8000479c (0x1c908e93) x29 0x000001c9
core   0: 0x800047a0 (0xf443a513) slti    a0, t2, -188
core   0: 0 0x800047a0 (0xf443a513) x10 0x00000000
core   0: 0x800047a4 (0x00006bb9) c.lui   s7, 0xe
core   0: 0 0x800047a4 (0x6bb9) x23 0x0000e000
core   0: 0x800047a6 (0x7d342a13) slti    s4, s0, 2003
core   0: 0 0x800047a6 (0x7d342a13) x20 0x00000001
core   0: 0x800047aa (0x4d2c7f13) andi    t5, s8, 1234
core   0: 0 0x800047aa (0x4d2c7f13) x30 0x000004c0
core   0: 0x800047ae (0x0ff0000f) fence   iorw,iorw
core   0: 0 0x800047ae (0x0ff0000f)
core   0: 0x800047b2 (0x0000ef91) c.bnez  a5, pc + 28
core   0: 0 0x800047b2 (0xef91)
core   0: 0x800047ce (0x0000e685) c.bnez  a3, pc + 40
core   0: 0 0x800047ce (0xe685)
core   0: 0x800047f6 (0x0125d6b3) srl     a3, a1, s2
core   0: 0 0x800047f6 (0x0125d6b3) x13 0x00003ff7
core   0: 0x800047fa (0xa904c6b7) lui     a3, 0xa904c
core   0: 0 0x800047fa (0xa904c6b7) x13 0xa904c000
core   0: 0x800047fe (0x000011fd) c.addi  gp, -1
core   0: 0 0x800047fe (0x11fd) x3  0xdff09dff
core   0: 0x80004800 (0x14ac8f13) addi    t5, s9, 330
core   0: 0 0x80004800 (0x14ac8f13) x30 0x80025e2e
core   0: 0x80004804 (0x00a7ee33) or      t3, a5, a0
core   0: 0 0x80004804 (0x00a7ee33) x28 0x00012ed0
core   0: 0x80004808 (0x016764b3) or      s1, a4, s6
core   0: 0 0x80004808 (0x016764b3) x9  0x80025fe6
core   0: 0x8000480c (0x007b7ab3) and     s5, s6, t2
core   0: 0 0x8000480c (0x007b7ab3) x21 0x00000060
core   0: 0x80004810 (0x00006125) c.addi16sp sp, 96
core   0: 0 0x80004810 (0x6125) x2  0x00000040
core   0: 0x80004812 (0x00df0a33) add     s4, t5, a3
core   0: 0 0x80004812 (0x00df0a33) x20 0x29071e2e
core   0: 0x80004816 (0x034f1333) mulh    t1, t5, s4
core   0: 0 0x80004816 (0x034f1333) x6  0xeb7cd20f
core   0: 0x8000481a (0x000088c9) c.andi  s1, 18
core   0: 0 0x8000481a (0x88c9) x9  0x00000002
core   0: 0x8000481c (0x00008e92) c.mv    t4, tp
core   0: 0 0x8000481c (0x8e92) x29 0xe0000000
core   0: 0x8000481e (0x02dda1b3) mulhsu  gp, s11, a3
core   0: 0 0x8000481e (0x02dda1b3) x3  0xab7da000
core   0: 0x80004822 (0x0220b133) mulhu   sp, ra, sp
core   0: 0 0x80004822 (0x0220b133) x2  0x00000000
core   0: 0x80004826 (0x00008ec5) c.or    a3, s1
core   0: 0 0x80004826 (0x8ec5) x13 0xa904c002
core   0: 0x80004828 (0x02995333) divu    t1, s2, s1
core   0: 0 0x80004828 (0x02995333) x6  0x00000009
core   0: 0x8000482c (0x00006159) c.addi16sp sp, 400
core   0: 0 0x8000482c (0x6159) x2  0x00000190
core   0: 0x8000482e (0x000087d1) c.srai  a5, 20
core   0: 0 0x8000482e (0x87d1) x15 0x00000000
core   0: 0x80004830 (0x41fddc33) sra     s8, s11, t6
core   0: 0 0x80004830 (0x41fddc33) x24 0x80000000
core   0: 0x80004834 (0xfb666793) ori     a5, a2, -74
core   0: 0 0x80004834 (0xfb666793) x15 0xffffffb6
core   0: 0x80004838 (0x016bb333) sltu    t1, s7, s6
core   0: 0 0x80004838 (0x016bb333) x6  0x00000001
core   0: 0x8000483c (0x038f1763) bne     t5, s8, pc + 46
core   0: 0 0x8000483c (0x038f1763)
core   0: 0x8000486a (0x0000c999) c.beqz  a1, pc + 22
core   0: 0 0x8000486a (0xc999)
core   0: 0x8000486c (0x0178f1b3) and     gp, a7, s7
core   0: 0 0x8000486c (0x0178f1b3) x3  0x00000000
core   0: 0x80004870 (0x0000e2a9) c.bnez  a3, pc + 66
core   0: 0 0x80004870 (0xe2a9)
core   0: 0x800048b2 (0x8916f613) andi    a2, a3, -1903
core   0: 0 0x800048b2 (0x8916f613) x12 0xa904c000
core   0: 0x800048b6 (0x018f8663) beq     t6, s8, pc + 12
core   0: 0 0x800048b6 (0x018f8663)
core   0: 0x800048ba (0x00008121) c.srli  a0, 8
core   0: 0 0x800048ba (0x8121) x10 0x00000000
core   0: 0x800048bc (0x02219863) bne     gp, sp, pc + 48
core   0: 0 0x800048bc (0x02219863)
core   0: 0x800048ec (0x02dfcc33) div     s8, t6, a3
core   0: 0 0x800048ec (0x02dfcc33) x24 0x00000000
core   0: 0x800048f0 (0x00008d5d) c.or    a0, a5
core   0: 0 0x800048f0 (0x8d5d) x10 0xffffffb6
core   0: 0x800048f2 (0x400cda13) srai    s4, s9, 0
core   0: 0 0x800048f2 (0x400cda13) x20 0x80025ce4
core   0: 0x800048f6 (0x0036aab3) slt     s5, a3, gp
core   0: 0 0x800048f6 (0x0036aab3) x21 0x00000001
core   0: 0x800048fa (0x00001914) c.addi4spn a3, sp, 176
core   0: 0 0x800048fa (0x1914) x13 0x00000240
core   0: 0x800048fc (0x00004f69) c.li    t5, 26
core   0: 0 0x800048fc (0x4f69) x30 0x0000001a
core   0: 0x800048fe (0x000046dd) c.li    a3, 23
core   0: 0 0x800048fe (0x46dd) x13 0x00000017
core   0: 0x80004900 (0x006cbab3) sltu    s5, s9, t1
core   0: 0 0x80004900 (0x006cbab3) x21 0x00000000
core   0: 0x80004904 (0xd62b6b13) ori     s6, s6, -670
core   0: 0 0x80004904 (0xd62b6b13) x22 0xffffffe6
core   0: 0x80004908 (0x0000717d) c.addi16sp sp, -16
core   0: 0 0x80004908 (0x717d) x2  0x00000180
core   0: 0x8000490a (0x0000137d) c.addi  t1, -1
core   0: 0 0x8000490a (0x137d) x6  0x00000000
core   0: 0x8000490c (0x00a7e033) or      zero, a5, a0
core   0: 0 0x8000490c (0x00a7e033)
core   0: 0x80004910 (0x00008ff9) c.and   a5, a4
core   0: 0 0x80004910 (0x8ff9) x15 0x00000000
core   0: 0x80004912 (0x001d8733) add     a4, s11, ra
core   0: 0 0x80004912 (0x001d8733) x14 0x80000000
core   0: 0x80004916 (0x00008f61) c.and   a4, s0
core   0: 0 0x80004916 (0x8f61) x14 0x80000000
core   0: 0x80004918 (0x0054f733) and     a4, s1, t0
core   0: 0 0x80004918 (0x0054f733) x14 0x00000000
core   0: 0x8000491c (0x00008e99) c.sub   a3, a4
core   0: 0 0x8000491c (0x8e99) x13 0x00000017
core   0: 0x8000491e (0x00008309) c.srli  a4, 2
core   0: 0 0x8000491e (0x8309) x14 0x00000000
core   0: 0x80004920 (0x02d8d063) bge     a7, a3, pc + 32
core   0: 0 0x80004920 (0x02d8d063)
core   0: 0x80004924 (0x0162c333) xor     t1, t0, s6
core   0: 0 0x80004924 (0x0162c333) x6  0xfffb84ae
core   0: 0x80004928 (0x00008da5) c.xor   a1, s1
core   0: 0 0x80004928 (0x8da5) x11 0xffdff09c
core   0: 0x8000492a (0x01d61893) slli    a7, a2, 29
core   0: 0 0x8000492a (0x01d61893) x17 0x00000000
core   0: 0x8000492e (0x013dd1b3) srl     gp, s11, s3
core   0: 0 0x8000492e (0x013dd1b3) x3  0x08000000
core   0: 0x80004932 (0x61dd2593) slti    a1, s10, 1565
core   0: 0 0x80004932 (0x61dd2593) x11 0x00000001
core   0: 0x80004936 (0x03e21533) mulh    a0, tp, t5
core   0: 0 0x80004936 (0x03e21533) x10 0xfffffffc
core   0: 0x8000493a (0xb4ff4413) xori    s0, t5, -1201
core   0: 0 0x8000493a (0xb4ff4413) x8  0xfffffb55
core   0: 0x8000493e (0x00008ed5) c.or    a3, a3
core   0: 0 0x8000493e (0x8ed5) x13 0x00000017
core   0: 0x80004940 (0x00008e92) c.mv    t4, tp
core   0: 0 0x80004940 (0x8e92) x29 0xe0000000
core   0: 0x80004942 (0x00269893) slli    a7, a3, 2
core   0: 0 0x80004942 (0x00269893) x17 0x0000005c
core   0: 0x80004946 (0x40b75233) sra     tp, a4, a1
core   0: 0 0x80004946 (0x40b75233) x4  0x00000000
core   0: 0x8000494a (0x0000990e) c.add   s2, gp
core   0: 0 0x8000494a (0x990e) x18 0x08000012
core   0: 0x8000494c (0x3c10b7b7) lui     a5, 0x3c10b
core   0: 0 0x8000494c (0x3c10b7b7) x15 0x3c10b000
core   0: 0x80004950 (0x00008e35) c.xor   a2, a3
core   0: 0 0x80004950 (0x8e35) x12 0xa904c017
core   0: 0x80004952 (0x0009dfb3) srl     t6, s3, zero
core   0: 0 0x80004952 (0x0009dfb3) x31 0x80021e64
core   0: 0x80004956 (0x00008c25) c.xor   s0, s1
core   0: 0 0x80004956 (0x8c25) x8  0xfffffb57
core   0: 0x80004958 (0x02e005b3) mul     a1, zero, a4
core   0: 0 0x80004958 (0x02e005b3) x11 0x00000000
core   0: 0x8000495c (0x00009316) c.add   t1, t0
core   0: 0 0x8000495c (0x9316) x6  0xfffffff6
core   0: 0x8000495e (0x03fcc863) blt     s9, t6, pc + 48
core   0: 0 0x8000495e (0x03fcc863)
core   0: 0x80004962 (0x0000e815) c.bnez  s0, pc + 52
core   0: 0 0x80004962 (0xe815)
core   0: 0x80004996 (0x0075d863) bge     a1, t2, pc + 16
core   0: 0 0x80004996 (0x0075d863)
core   0: 0x8000499a (0x008c9663) bne     s9, s0, pc + 12
core   0: 0 0x8000499a (0x008c9663)
core   0: 0x800049a6 (0x02f91d63) bne     s2, a5, pc + 58
core   0: 0 0x800049a6 (0x02f91d63)
core   0: 0x800049e0 (0xc05d4293) xori    t0, s10, -1019
core   0: 0 0x800049e0 (0xc05d4293) x5  0x200f6205
core   0: 0x800049e4 (0x035b1f33) mulh    t5, s6, s5
core   0: 0 0x800049e4 (0x035b1f33) x30 0x00000000
core   0: 0x800049e8 (0x0000892a) c.mv    s2, a0
core   0: 0 0x800049e8 (0x892a) x18 0xfffffffc
core   0: 0x800049ea (0x00006ae5) c.lui   s5, 0x19
core   0: 0 0x800049ea (0x6ae5) x21 0x00019000
core   0: 0x800049ec (0x01b27863) bgeu    tp, s11, pc + 16
core   0: 0 0x800049ec (0x01b27863)
core   0: 0x800049f0 (0x00009b22) c.add   s6, s0
core   0: 0 0x800049f0 (0x9b22) x22 0xfffffb3d
core   0: 0x800049f2 (0x00006e05) c.lui   t3, 0x1
core   0: 0 0x800049f2 (0x6e05) x28 0x00001000
core   0: 0x800049f4 (0x03c50563) beq     a0, t3, pc + 42
core   0: 0 0x800049f4 (0x03c50563)
core   0: 0x800049f8 (0x006ac863) blt     s5, t1, pc + 16
core   0: 0 0x800049f8 (0x006ac863)
core   0: 0x800049fc (0x036fc563) blt     t6, s6, pc + 42
core   0: 0 0x800049fc (0x036fc563)
core   0: 0x80004a26 (0x02d4cd63) blt     s1, a3, pc + 58
core   0: 0 0x80004a26 (0x02d4cd63)
core   0: 0x80004a60 (0x00008eb9) c.xor   a3, a4
core   0: 0 0x80004a60 (0x8eb9) x13 0x00000017
core   0: 0x80004a62 (0x02ab50b3) divu    ra, s6, a0
core   0: 0 0x80004a62 (0x02ab50b3) x1  0x00000000
core   0: 0x80004a66 (0x00f18f33) add     t5, gp, a5
core   0: 0 0x80004a66 (0x00f18f33) x30 0x4410b000
core   0: 0x80004a6a (0x40805113) srai    sp, zero, 8
core   0: 0 0x80004a6a (0x40805113) x2  0x00000000
core   0: 0x80004a6e (0x02555a33) divu    s4, a0, t0
core   0: 0 0x80004a6e (0x02555a33) x20 0x00000007
core   0: 0x80004a72 (0x00b1e1b3) or      gp, gp, a1
core   0: 0 0x80004a72 (0x00b1e1b3) x3  0x08000000
core   0: 0x80004a76 (0x02e750b3) divu    ra, a4, a4
core   0: 0 0x80004a76 (0x02e750b3) x1  0xffffffff
core   0: 0x80004a7a (0x0265c733) div     a4, a1, t1
core   0: 0 0x80004a7a (0x0265c733) x14 0x00000000
core   0: 0x80004a7e (0x5d77c513) xori    a0, a5, 1495
core   0: 0 0x80004a7e (0x5d77c513) x10 0x3c10b5d7
core   0: 0x80004a82 (0x00ed7c33) and     s8, s10, a4
core   0: 0 0x80004a82 (0x00ed7c33) x24 0x00000000
core   0: 0x80004a86 (0x01536b33) or      s6, t1, s5
core   0: 0 0x80004a86 (0x01536b33) x22 0xfffffff6
core   0: 0x80004a8a (0x00009a7e) c.add   s4, t6
core   0: 0 0x80004a8a (0x9a7e) x20 0x80021e6b
core   0: 0x80004a8c (0x03d743b3) div     t2, a4, t4
core   0: 0 0x80004a8c (0x03d743b3) x7  0x00000000
core   0: 0x80004a90 (0x00008275) c.srli  a2, 29
core   0: 0 0x80004a90 (0x8275) x12 0x00000005
core   0: 0x80004a92 (0x00008541) c.srai  a0, 16
core   0: 0 0x80004a92 (0x8541) x10 0x00003c10
core   0: 0x80004a94 (0x015d6463) bltu    s10, s5, pc + 8
core   0: 0 0x80004a94 (0x015d6463)
core   0: 0x80004a98 (0x00008f49) c.or    a4, a0
core   0: 0 0x80004a98 (0x8f49) x14 0x00003c10
core   0: 0x80004a9a (0x00008549) c.srai  a0, 18
core   0: 0 0x80004a9a (0x8549) x10 0x00000000
core   0: 0x80004a9c (0x03f35533) divu    a0, t1, t6
core   0: 0 0x80004a9c (0x03f35533) x10 0x00000001
core   0: 0x80004aa0 (0x000061ad) c.lui   gp, 0xb
core   0: 0 0x80004aa0 (0x61ad) x3  0x0000b000
core   0: 0x80004aa2 (0x00000ba6) c.slli  s7, 9
core   0: 0 0x80004aa2 (0x0ba6) x23 0x01c00000
core   0: 0x80004aa4 (0x0256c0b3) div     ra, a3, t0
core   0: 0 0x80004aa4 (0x0256c0b3) x1  0x00000000
core   0: 0x80004aa8 (0x00008a7d) c.andi  a2, 31
core   0: 0 0x80004aa8 (0x8a7d) x12 0x00000005
core   0: 0x80004aaa (0x0090cc33) xor     s8, ra, s1
core   0: 0 0x80004aaa (0x0090cc33) x24 0x00000002
core   0: 0x80004aae (0x0000e59d) c.bnez  a1, pc + 46
core   0: 0 0x80004aae (0xe59d)
core   0: 0x80004ab0 (0x0000892d) c.andi  a0, 11
core   0: 0 0x80004ab0 (0x892d) x10 0x00000001
core   0: 0x80004ab2 (0x035cc733) div     a4, s9, s5
core   0: 0 0x80004ab2 (0x035cc733) x14 0xffffae16
core   0: 0x80004ab6 (0x41d3d793) srai    a5, t2, 29
core   0: 0 0x80004ab6 (0x41d3d793) x15 0x00000000
core   0: 0x80004aba (0x0000968e) c.add   a3, gp
core   0: 0 0x80004aba (0x968e) x13 0x0000b017
core   0: 0x80004abc (0x00005a7d) c.li    s4, -1
core   0: 0 0x80004abc (0x5a7d) x20 0xffffffff
core   0: 0x80004abe (0x00ddfc33) and     s8, s11, a3
core   0: 0 0x80004abe (0x00ddfc33) x24 0x00000000
core   0: 0x80004ac2 (0x0000e085) c.bnez  s1, pc + 32
core   0: 0 0x80004ac2 (0xe085)
core   0: 0x80004ae2 (0x00001efd) c.addi  t4, -1
core   0: 0 0x80004ae2 (0x1efd) x29 0xdfffffff
core   0: 0x80004ae4 (0x035b0833) mul     a6, s6, s5
core   0: 0 0x80004ae4 (0x035b0833) x16 0xfff06000
core   0: 0x80004ae8 (0x0000717d) c.addi16sp sp, -16
core   0: 0 0x80004ae8 (0x717d) x2  0xfffffff0
core   0: 0x80004aea (0x0145f963) bgeu    a1, s4, pc + 18
core   0: 0 0x80004aea (0x0145f963)
core   0: 0x80004aee (0x00be7633) and     a2, t3, a1
core   0: 0 0x80004aee (0x00be7633) x12 0x00000000
core   0: 0x80004af2 (0x01877463) bgeu    a4, s8, pc + 8
core   0: 0 0x80004af2 (0x01877463)
core   0: 0x80004afa (0x00006259) c.lui   tp, 0x16
core   0: 0 0x80004afa (0x6259) x4  0x00016000
core   0: 0x80004afc (0x0000717d) c.addi16sp sp, -16
core   0: 0 0x80004afc (0x717d) x2  0xffffffe0
core   0: 0x80004afe (0x00008e45) c.or    a2, s1
core   0: 0 0x80004afe (0x8e45) x12 0x00000002
core   0: 0x80004b00 (0x00008c31) c.xor   s0, a2
core   0: 0 0x80004b00 (0x8c31) x8  0xfffffb55
core   0: 0x80004b02 (0x00b81f93) slli    t6, a6, 11
core   0: 0 0x80004b02 (0x00b81f93) x31 0x83000000
core   0: 0x80004b06 (0x00001514) c.addi4spn a3, sp, 672
core   0: 0 0x80004b06 (0x1514) x13 0x00000280
core   0: 0x80004b08 (0x00008269) c.srli  a2, 26
core   0: 0 0x80004b08 (0x8269) x12 0x00000000
core   0: 0x80004b0a (0x02c4d963) bge     s1, a2, pc + 50
core   0: 0 0x80004b0a (0x02c4d963)
core   0: 0x80004b3c (0x02241533) mulh    a0, s0, sp
core   0: 0 0x80004b3c (0x02241533) x10 0x00000000
core   0: 0x80004b40 (0x000060ad) c.lui   ra, 0xb
core   0: 0 0x80004b40 (0x60ad) x1  0x0000b000
core   0: 0x80004b42 (0x0000ed09) c.bnez  a0, pc + 26
core   0: 0 0x80004b42 (0xed09)
core   0: 0x80004b44 (0x00c5e463) bltu    a1, a2, pc + 8
core   0: 0 0x80004b44 (0x00c5e463)
core   0: 0x80004b48 (0x00001c7d) c.addi  s8, -1
core   0: 0 0x80004b48 (0x1c7d) x24 0xffffffff
core   0: 0x80004b4a (0x00001010) c.addi4spn a2, sp, 32
core   0: 0 0x80004b4a (0x1010) x12 0x00000000
core   0: 0x80004b4c (0x00001b7d) c.addi  s6, -1
core   0: 0 0x80004b4c (0x1b7d) x22 0xfffffff5
core   0: 0x80004b4e (0x0000cc15) c.beqz  s0, pc + 60
core   0: 0 0x80004b4e (0xcc15)
core   0: 0x80004b50 (0x407d5333) sra     t1, s10, t2
core   0: 0 0x80004b50 (0x407d5333) x6  0xdff09e00
core   0: 0x80004b54 (0x00135463) bge     t1, ra, pc + 8
core   0: 0 0x80004b54 (0x00135463)
core   0: 0x80004b58 (0x01fb63b3) or      t2, s6, t6
core   0: 0 0x80004b58 (0x01fb63b3) x7  0xfffffff5
core   0: 0x80004b5c (0x00000001) c.nop
core   0: 0 0x80004b5c (0x0001)
core   0: 0x80004b5e (0x01dddc13) srli    s8, s11, 29
core   0: 0 0x80004b5e (0x01dddc13) x24 0x00000004
core   0: 0x80004b62 (0x00000001) c.nop
core   0: 0 0x80004b62 (0x0001)
core   0: 0x80004b64 (0x007ab0b3) sltu    ra, s5, t2
core   0: 0 0x80004b64 (0x007ab0b3) x1  0x00000001
core   0: 0x80004b68 (0x00000f76) c.slli  t5, 29
core   0: 0 0x80004b68 (0x0f76) x30 0x00000000
core   0: 0x80004b6a (0xd39a9317) auipc   t1, 0xd39a9
core   0: 0 0x80004b6a (0xd39a9317) x6  0x539adb6a
core   0: 0x80004b6e (0x00000001) c.nop
core   0: 0 0x80004b6e (0x0001)
core   0: 0x80004b70 (0xef56c613) xori    a2, a3, -267
core   0: 0 0x80004b70 (0xef56c613) x12 0xfffffc75
core   0: 0x80004b74 (0x000089ed) c.andi  a1, 27
core   0: 0 0x80004b74 (0x89ed) x11 0x00000000
core   0: 0x80004b76 (0x00ec9593) slli    a1, s9, 14
core   0: 0 0x80004b76 (0x00ec9593) x11 0x97390000
core   0: 0x80004b7a (0x03695333) divu    t1, s2, s6
core   0: 0 0x80004b7a (0x03695333) x6  0x00000001
core   0: 0x80004b7e (0x00008671) c.srai  a2, 28
core   0: 0 0x80004b7e (0x8671) x12 0xffffffff
core   0: 0x80004b80 (0x000080c1) c.srli  s1, 16
core   0: 0 0x80004b80 (0x80c1) x9  0x00000000
core   0: 0x80004b82 (0x0298a6b3) mulhsu  a3, a7, s1
core   0: 0 0x80004b82 (0x0298a6b3) x13 0x00000000
core   0: 0x80004b86 (0x00875833) srl     a6, a4, s0
core   0: 0 0x80004b86 (0x00875833) x16 0x000007ff
core   0: 0x80004b8a (0x00008c41) c.or    s0, s0
core   0: 0 0x80004b8a (0x8c41) x8  0xfffffb55
core   0: 0x80004b8c (0x0000ea91) c.bnez  a3, pc + 20
core   0: 0 0x80004b8c (0xea91)
core   0: 0x80004b8e (0x4125d793) srai    a5, a1, 18
core   0: 0 0x80004b8e (0x4125d793) x15 0xffffe5ce
core   0: 0x80004b92 (0x00008d35) c.xor   a0, a3
core   0: 0 0x80004b92 (0x8d35) x10 0x00000000
core   0: 0x80004b94 (0x41885413) srai    s0, a6, 24
core   0: 0 0x80004b94 (0x41885413) x8  0x00000000
core   0: 0x80004b98 (0x413f5533) sra     a0, t5, s3
core   0: 0 0x80004b98 (0x413f5533) x10 0x00000000
core   0: 0x80004b9c (0x00000e06) c.slli  t3, 1
core   0: 0 0x80004b9c (0x0e06) x28 0x00002000
core   0: 0x80004b9e (0x00008b71) c.andi  a4, 28
core   0: 0 0x80004b9e (0x8b71) x14 0x00000014
core   0: 0x80004ba0 (0x001a27b3) slt     a5, s4, ra
core   0: 0 0x80004ba0 (0x001a27b3) x15 0x00000001
core   0: 0x80004ba4 (0x0000e58d) c.bnez  a1, pc + 42
core   0: 0 0x80004ba4 (0xe58d)
core   0: 0x80004bce (0x00000001) c.nop
core   0: 0 0x80004bce (0x0001)
core   0: 0x80004bd0 (0x0000717d) c.addi16sp sp, -16
core   0: 0 0x80004bd0 (0x717d) x2  0xffffffd0
core   0: 0x80004bd2 (0x0ff0000f) fence   iorw,iorw
core   0: 0 0x80004bd2 (0x0ff0000f)
core   0: 0x80004bd6 (0x036dceb3) div     t4, s11, s6
core   0: 0 0x80004bd6 (0x036dceb3) x29 0x0ba2e8ba
core   0: 0x80004bda (0x40aa02b3) sub     t0, s4, a0
core   0: 0 0x80004bda (0x40aa02b3) x5  0xffffffff
core   0: 0x80004bde (0xac807213) andi    tp, zero, -1336
core   0: 0 0x80004bde (0xac807213) x4  0x00000000
core   0: 0x80004be2 (0xc23ee813) ori     a6, t4, -989
core   0: 0 0x80004be2 (0xc23ee813) x16 0xfffffcbb
core   0: 0x80004be6 (0x949c6693) ori     a3, s8, -1719
core   0: 0 0x80004be6 (0x949c6693) x13 0xfffff94d
core   0: 0x80004bea (0x00008315) c.srli  a4, 5
core   0: 0 0x80004bea (0x8315) x14 0x00000000
core   0: 0x80004bec (0x02cefab3) remu    s5, t4, a2
core   0: 0 0x80004bec (0x02cefab3) x21 0x0ba2e8ba
core   0: 0x80004bf0 (0x00000c66) c.slli  s8, 25
core   0: 0 0x80004bf0 (0x0c66) x24 0x08000000
core   0: 0x80004bf2 (0x5759fb93) andi    s7, s3, 1397
core   0: 0 0x80004bf2 (0x5759fb93) x23 0x00000464
core   0: 0x80004bf6 (0x73c7fd37) lui     s10, 0x73c7f
core   0: 0 0x80004bf6 (0x73c7fd37) x26 0x73c7f000
core   0: 0x80004bfa (0x000014fd) c.addi  s1, -1
core   0: 0 0x80004bfa (0x14fd) x9  0xffffffff
core   0: 0x80004bfc (0x00008e85) c.sub   a3, s1
core   0: 0 0x80004bfc (0x8e85) x13 0xfffff94e
core   0: 0x80004bfe (0x3d8153b7) lui     t2, 0x3d815
core   0: 0 0x80004bfe (0x3d8153b7) x7  0x3d815000
core   0: 0x80004c02 (0x02a245b3) div     a1, tp, a0
core   0: 0 0x80004c02 (0x02a245b3) x11 0xffffffff
core   0: 0x80004c06 (0x0000933e) c.add   t1, a5
core   0: 0 0x80004c06 (0x933e) x6  0x00000002
core   0: 0x80004c08 (0x02b63833) mulhu   a6, a2, a1
core   0: 0 0x80004c08 (0x02b63833) x16 0xfffffffe
core   0: 0x80004c0c (0x0142d663) bge     t0, s4, pc + 12
core   0: 0 0x80004c0c (0x0142d663)
core   0: 0x80004c18 (0x00009b1a) c.add   s6, t1
core   0: 0 0x80004c18 (0x9b1a) x22 0xfffffff7
core   0: 0x80004c1a (0x03c27b63) bgeu    tp, t3, pc + 54
core   0: 0 0x80004c1a (0x03c27b63)
core   0: 0x80004c1e (0x412d0933) sub     s2, s10, s2
core   0: 0 0x80004c1e (0x412d0933) x18 0x73c7f004
core   0: 0x80004c22 (0xc89d0193) addi    gp, s10, -887
core   0: 0 0x80004c22 (0xc89d0193) x3  0x73c7ec89
core   0: 0x80004c26 (0xbac76113) ori     sp, a4, -1108
core   0: 0 0x80004c26 (0xbac76113) x2  0xfffffbac
core   0: 0x80004c2a (0x020a0f33) mul     t5, s4, zero
core   0: 0 0x80004c2a (0x020a0f33) x30 0x00000000
core   0: 0x80004c2e (0x02e37e63) bgeu    t1, a4, pc + 60
core   0: 0 0x80004c2e (0x02e37e63)
core   0: 0x80004c6a (0x0045c6b3) xor     a3, a1, tp
core   0: 0 0x80004c6a (0x0045c6b3) x13 0xffffffff
core   0: 0x80004c6e (0x035348b3) div     a7, t1, s5
core   0: 0 0x80004c6e (0x035348b3) x17 0x00000000
core   0: 0x80004c72 (0x02cf38b3) mulhu   a7, t5, a2
core   0: 0 0x80004c72 (0x02cf38b3) x17 0x00000000
core   0: 0x80004c76 (0x014bd963) bge     s7, s4, pc + 18
core   0: 0 0x80004c76 (0x014bd963)
core   0: 0x80004c88 (0x011ce763) bltu    s9, a7, pc + 14
core   0: 0 0x80004c88 (0x011ce763)
core   0: 0x80004c8c (0x4fa62793) slti    a5, a2, 1274
core   0: 0 0x80004c8c (0x4fa62793) x15 0x00000001
core   0: 0x80004c90 (0x025f4363) blt     t5, t0, pc + 38
core   0: 0 0x80004c90 (0x025f4363)
core   0: 0x80004c94 (0x0000c805) c.beqz  s0, pc + 48
core   0: 0 0x80004c94 (0xc805)
core   0: 0x80004cc4 (0xfbfbbb93) sltiu   s7, s7, -65
core   0: 0 0x80004cc4 (0xfbfbbb93) x23 0x00000001
core   0: 0x80004cc8 (0x01e364b3) or      s1, t1, t5
core   0: 0 0x80004cc8 (0x01e364b3) x9  0x00000002
core   0: 0x80004ccc (0x02f15bb3) divu    s7, sp, a5
core   0: 0 0x80004ccc (0x02f15bb3) x23 0xfffffbac
core   0: 0x80004cd0 (0x02a17833) remu    a6, sp, a0
core   0: 0 0x80004cd0 (0x02a17833) x16 0xfffffbac
core   0: 0x80004cd4 (0x03f6ba33) mulhu   s4, a3, t6
core   0: 0 0x80004cd4 (0x03f6ba33) x20 0x82ffffff
core   0: 0x80004cd8 (0x51360593) addi    a1, a2, 1299
core   0: 0 0x80004cd8 (0x51360593) x11 0x00000512
core   0: 0x80004cdc (0x0365ebb3) rem     s7, a1, s6
core   0: 0 0x80004cdc (0x0365ebb3) x23 0x00000002
core   0: 0x80004ce0 (0x9ef38f13) addi    t5, t2, -1553
core   0: 0 0x80004ce0 (0x9ef38f13) x30 0x3d8149ef
core   0: 0x80004ce4 (0x017f7fb3) and     t6, t5, s7
core   0: 0 0x80004ce4 (0x017f7fb3) x31 0x00000002
core   0: 0x80004ce8 (0x000005ad) c.addi  a1, 11
core   0: 0 0x80004ce8 (0x05ad) x11 0x0000051d
core   0: 0x80004cea (0x0085b733) sltu    a4, a1, s0
core   0: 0 0x80004cea (0x0085b733) x14 0x00000000
core   0: 0x80004cee (0x0000c785) c.beqz  a5, pc + 40
core   0: 0 0x80004cee (0xc785)
core   0: 0x80004cf0 (0x70c47693) andi    a3, s0, 1804
core   0: 0 0x80004cf0 (0x70c47693) x13 0x00000000
core   0: 0x80004cf4 (0x0000ec99) c.bnez  s1, pc + 30
core   0: 0 0x80004cf4 (0xec99)
core   0: 0x80004d12 (0xc0dcbe93) sltiu   t4, s9, -1011
core   0: 0 0x80004d12 (0xc0dcbe93) x29 0x00000001
core   0: 0x80004d16 (0x005e7933) and     s2, t3, t0
core   0: 0 0x80004d16 (0x005e7933) x18 0x00002000
core   0: 0x80004d1a (0x0000100f) fence.i
core   0: 0 0x80004d1a (0x0000100f)
core   0: 0x80004d1e (0x5d4c82b7) lui     t0, 0x5d4c8
core   0: 0 0x80004d1e (0x5d4c82b7) x5  0x5d4c8000
core   0: 0x80004d22 (0x02b7a333) mulhsu  t1, a5, a1
core   0: 0 0x80004d22 (0x02b7a333) x6  0x00000000
core   0: 0x80004d26 (0x0000856e) c.mv    a0, s11
core   0: 0 0x80004d26 (0x856e) x10 0x80000000
core   0: 0x80004d28 (0x00008c61) c.and   s0, s0
core   0: 0 0x80004d28 (0x8c61) x8  0x00000000
core   0: 0x80004d2a (0xbdeef093) andi    ra, t4, -1058
core   0: 0 0x80004d2a (0xbdeef093) x1  0x00000000
core   0: 0x80004d2e (0x76eaf593) andi    a1, s5, 1902
core   0: 0 0x80004d2e (0x76eaf593) x11 0x0000002a
core   0: 0x80004d32 (0x00000001) c.nop
core   0: 0 0x80004d32 (0x0001)
core   0: 0x80004d34 (0x0134c663) blt     s1, s3, pc + 12
core   0: 0 0x80004d34 (0x0134c663)
core   0: 0x80004d38 (0x0fdfc193) xori    gp, t6, 253
core   0: 0 0x80004d38 (0x0fdfc193) x3  0x000000ff
core   0: 0x80004d3c (0x000051fd) c.li    gp, -1
core   0: 0 0x80004d3c (0x51fd) x3  0xffffffff
core   0: 0x80004d3e (0x00008c99) c.sub   s1, a4
core   0: 0 0x80004d3e (0x8c99) x9  0x00000002
core   0: 0x80004d40 (0x033f1133) mulh    sp, t5, s3
core   0: 0 0x80004d40 (0x033f1133) x2  0xe13fdd58
core   0: 0x80004d44 (0x0000ce81) c.beqz  a3, pc + 24
core   0: 0 0x80004d44 (0xce81)
core   0: 0x80004d5c (0x4a586593) ori     a1, a6, 1189
core   0: 0 0x80004d5c (0x4a586593) x11 0xffffffad
core   0: 0x80004d60 (0x00008e61) c.and   a2, s0
core   0: 0 0x80004d60 (0x8e61) x12 0x00000000
core   0: 0x80004d62 (0x01561f93) slli    t6, a2, 21
core   0: 0 0x80004d62 (0x01561f93) x31 0x00000000
core   0: 0x80004d66 (0x00008d3d) c.xor   a0, a5
core   0: 0 0x80004d66 (0x8d3d) x10 0x80000001
core   0: 0x80004d68 (0x00001e98) c.addi4spn a4, sp, 880
core   0: 0 0x80004d68 (0x1e98) x14 0xe13fe0c8
core   0: 0x80004d6a (0x7a0c0b13) addi    s6, s8, 1952
core   0: 0 0x80004d6a (0x7a0c0b13) x22 0x080007a0
core   0: 0x80004d6e (0x000081a1) c.srli  a1, 8
core   0: 0 0x80004d6e (0x81a1) x11 0x00ffffff
core   0: 0x80004d70 (0x4050d113) srai    sp, ra, 5
core   0: 0 0x80004d70 (0x4050d113) x2  0x00000000
core   0: 0x80004d74 (0x0215ad33) mulhsu  s10, a1, ra
core   0: 0 0x80004d74 (0x0215ad33) x26 0x00000000
core   0: 0x80004d78 (0x0000c311) c.beqz  a4, pc + 4
core   0: 0 0x80004d78 (0xc311)
core   0: 0x80004d7a (0x00008cdd) c.or    s1, a5
core   0: 0 0x80004d7a (0x8cdd) x9  0x00000003
core   0: 0x80004d7c (0x0000c585) c.beqz  a1, pc + 40
core   0: 0 0x80004d7c (0xc585)
core   0: 0x80004d7e (0x05ef1263) bne     t5, t5, pc + 68
core   0: 0 0x80004d7e (0x05ef1263)
core   0: 0x80004d82 (0x0000e50d) c.bnez  a0, pc + 42
core   0: 0 0x80004d82 (0xe50d)
core   0: 0x80004dac (0x0000987d) c.andi  s0, -1
core   0: 0 0x80004dac (0x987d) x8  0x00000000
core   0: 0x80004dae (0x68eb8593) addi    a1, s7, 1678
core   0: 0 0x80004dae (0x68eb8593) x11 0x00000690
core   0: 0x80004db2 (0x034cb433) mulhu   s0, s9, s4
core   0: 0 0x80004db2 (0x034cb433) x8  0x41813588
core   0: 0x80004db6 (0x00d38633) add     a2, t2, a3
core   0: 0 0x80004db6 (0x00d38633) x12 0x3d815000
core   0: 0x80004dba (0x033a4bb3) div     s7, s4, s3
core   0: 0 0x80004dba (0x033a4bb3) x23 0x00000000
core   0: 0x80004dbe (0x002fed33) or      s10, t6, sp
core   0: 0 0x80004dbe (0x002fed33) x26 0x00000000
core   0: 0x80004dc2 (0x0000100f) fence.i
core   0: 0 0x80004dc2 (0x0000100f)
core   0: 0x80004dc6 (0x00ebe3b3) or      t2, s7, a4
core   0: 0 0x80004dc6 (0x00ebe3b3) x7  0xe13fe0c8
core   0: 0x80004dca (0x00008eb1) c.xor   a3, a2
core   0: 0 0x80004dca (0x8eb1) x13 0x3d815000
core   0: 0x80004dcc (0x03a8d533) divu    a0, a7, s10
core   0: 0 0x80004dcc (0x03a8d533) x10 0xffffffff
core   0: 0x80004dd0 (0x01d0a0b3) slt     ra, ra, t4
core   0: 0 0x80004dd0 (0x01d0a0b3) x1  0x00000001
core   0: 0x80004dd4 (0x05fe6f63) bltu    t3, t6, pc + 94
core   0: 0 0x80004dd4 (0x05fe6f63)
core   0: 0x80004dd8 (0x000040dd) c.li    ra, 23
core   0: 0 0x80004dd8 (0x40dd) x1  0x00000017
core   0: 0x80004dda (0x0000100f) fence.i
core   0: 0 0x80004dda (0x0000100f)
core   0: 0x80004dde (0x01c8cb33) xor     s6, a7, t3
core   0: 0 0x80004dde (0x01c8cb33) x22 0x00002000
core   0: 0x80004de2 (0x000003ca) c.slli  t2, 18
core   0: 0 0x80004de2 (0x03ca) x7  0x83200000
core   0: 0x80004de4 (0x0000717d) c.addi16sp sp, -16
core   0: 0 0x80004de4 (0x717d) x2  0xfffffff0
core   0: 0x80004de6 (0x0005de13) srli    t3, a1, 0
core   0: 0 0x80004de6 (0x0005de13) x28 0x00000690
core   0: 0x80004dea (0x00003817) auipc   a6, 0x3
core   0: 0 0x80004dea (0x00003817) x16 0x80007dea
core   0: 0x80004dee (0x7be80813) addi    a6, a6, 1982
core   0: 0 0x80004dee (0x7be80813) x16 0x800085a8
core   0: 0x80004df2 (0xd3980813) addi    a6, a6, -711
core   0: 0 0x80004df2 (0xd3980813) x16 0x800082e1
core   0: 0x80004df6 (0x010b4533) xor     a0, s6, a6
core   0: 0 0x80004df6 (0x010b4533) x10 0x8000a2e1
core   0: 0x80004dfa (0x000082f5) c.srli  a3, 29
core   0: 0 0x80004dfa (0x82f5) x13 0x00000001
core   0: 0x80004dfc (0x00005bfd) c.li    s7, -1
core   0: 0 0x80004dfc (0x5bfd) x23 0xffffffff
core   0: 0x80004dfe (0x2c7807e7) jalr    a5, a6, 711
core   0: 0 0x80004dfe (0x2c7807e7) x15 0x80004e02
core   0: 0x800085a8 (0x00fb1033) sll     zero, s6, a5
core   0: 0 0x800085a8 (0x00fb1033)
core   0: 0x800085ac (0x01f11b93) slli    s7, sp, 31
core   0: 0 0x800085ac (0x01f11b93) x23 0x00000000
core   0: 0x800085b0 (0x0091d263) bge     gp, s1, pc + 4
core   0: 0 0x800085b0 (0x0091d263)
core   0: 0x800085b4 (0xfdc98993) addi    s3, s3, -36
core   0: 0 0x800085b4 (0xfdc98993) x19 0x80021e40
core   0: 0x800085b8 (0x00f9a223) sw      a5, 4(s3)
core   0: 0 0x800085b8 (0x00f9a223) mem 0x80021e44 0x80004e02
core   0: 0x800085bc (0x0278efb3) rem     t6, a7, t2
core   0: 0 0x800085bc (0x0278efb3) x31 0x00000000
core   0: 0x800085c0 (0x00008dd9) c.or    a1, a4
core   0: 0 0x800085c0 (0x8dd9) x11 0xe13fe6d8
core   0: 0x800085c2 (0x024890b3) mulh    ra, a7, tp
core   0: 0 0x800085c2 (0x024890b3) x1  0x00000000
core   0: 0x800085c6 (0x032dfd33) remu    s10, s11, s2
core   0: 0 0x800085c6 (0x032dfd33) x26 0x00000000
core   0: 0x800085ca (0x028ee833) rem     a6, t4, s0
core   0: 0 0x800085ca (0x028ee833) x16 0x00000001
core   0: 0x800085ce (0x4144d433) sra     s0, s1, s4
core   0: 0 0x800085ce (0x4144d433) x8  0x00000000
core   0: 0x800085d2 (0x005c4a33) xor     s4, s8, t0
core   0: 0 0x800085d2 (0x005c4a33) x20 0x554c8000
core   0: 0x800085d6 (0x00ef9bb3) sll     s7, t6, a4
core   0: 0 0x800085d6 (0x00ef9bb3) x23 0x00000000
core   0: 0x800085da (0x1f558613) addi    a2, a1, 501
core   0: 0 0x800085da (0x1f558613) x12 0xe13fe8cd
core   0: 0x800085de (0x7dbfc213) xori    tp, t6, 2011
core   0: 0 0x800085de (0x7dbfc213) x4  0x000007db
core   0: 0x800085e2 (0x00000704) c.addi4spn s1, sp, 896
core   0: 0 0x800085e2 (0x0704) x9  0x00000370
core   0: 0x800085e4 (0x0234dd33) divu    s10, s1, gp
core   0: 0 0x800085e4 (0x0234dd33) x26 0x00000000
core   0: 0x800085e8 (0x01bf1133) sll     sp, t5, s11
core   0: 0 0x800085e8 (0x01bf1133) x2  0x3d8149ef
core   0: 0x800085ec (0x0037d093) srli    ra, a5, 3
core   0: 0 0x800085ec (0x0037d093) x1  0x100009c0
core   0: 0x800085f0 (0x00218533) add     a0, gp, sp
core   0: 0 0x800085f0 (0x00218533) x10 0x3d8149ee
core   0: 0x800085f4 (0x00000a42) c.slli  s4, 16
core   0: 0 0x800085f4 (0x0a42) x20 0x80000000
core   0: 0x800085f6 (0x01c14fb3) xor     t6, sp, t3
core   0: 0 0x800085f6 (0x01c14fb3) x31 0x3d814f7f
core   0: 0x800085fa (0x038d42b3) div     t0, s10, s8
core   0: 0 0x800085fa (0x038d42b3) x5  0x00000000
core   0: 0x800085fe (0x0313d433) divu    s0, t2, a7
core   0: 0 0x800085fe (0x0313d433) x8  0xffffffff
core   0: 0x80008602 (0x0000109c) c.addi4spn a5, sp, 96
core   0: 0 0x80008602 (0x109c) x15 0x3d814a4f
core   0: 0x80008604 (0x0000e109) c.bnez  a0, pc + 2
core   0: 0 0x80008604 (0xe109)
core   0: 0x80008606 (0x000086f9) c.srai  a3, 30
core   0: 0 0x80008606 (0x86f9) x13 0x00000000
core   0: 0x80008608 (0x01af1b63) bne     t5, s10, pc + 22
core   0: 0 0x80008608 (0x01af1b63)
core   0: 0x8000861e (0x013637b3) sltu    a5, a2, s3
core   0: 0 0x8000861e (0x013637b3) x15 0x00000000
core   0: 0x80008622 (0x029ee633) rem     a2, t4, s1
core   0: 0 0x80008622 (0x029ee633) x12 0x00000001
core   0: 0x80008626 (0x0000875d) c.srai  a4, 23
core   0: 0 0x80008626 (0x875d) x14 0xffffffc2
core   0: 0x80008628 (0x0000e781) c.bnez  a5, pc + 8
core   0: 0 0x80008628 (0xe781)
core   0: 0x8000862a (0x004a48b3) xor     a7, s4, tp
core   0: 0 0x8000862a (0x004a48b3) x17 0x800007db
core   0: 0x8000862e (0x00009b76) c.add   s6, t4
core   0: 0 0x8000862e (0x9b76) x22 0x00002001
core   0: 0x80008630 (0x00008c75) c.and   s0, a3
core   0: 0 0x80008630 (0x8c75) x8  0x00000000
core   0: 0x80008632 (0x02aea033) mulhsu  zero, t4, a0
core   0: 0 0x80008632 (0x02aea033)
core   0: 0x80008636 (0x01dc46b3) xor     a3, s8, t4
core   0: 0 0x80008636 (0x01dc46b3) x13 0x08000001
core   0: 0x8000863a (0x026c8f63) beq     s9, t1, pc + 62
core   0: 0 0x8000863a (0x026c8f63)
core   0: 0x8000863e (0x0661b793) sltiu   a5, gp, 102
core   0: 0 0x8000863e (0x0661b793) x15 0x00000000
core   0: 0x80008642 (0x00006d15) c.lui   s10, 0x5
core   0: 0 0x80008642 (0x6d15) x26 0x00005000
core   0: 0x80008644 (0x02d34e33) div     t3, t1, a3
core   0: 0 0x80008644 (0x02d34e33) x28 0x00000000
core   0: 0x80008648 (0x036607b3) mul     a5, a2, s6
core   0: 0 0x80008648 (0x036607b3) x15 0x00002001
core   0: 0x8000864c (0x0ff0000f) fence   iorw,iorw
core   0: 0 0x8000864c (0x0ff0000f)
core   0: 0x80008650 (0x00008c89) c.sub   s1, a0
core   0: 0 0x80008650 (0x8c89) x9  0xc27eb982
core   0: 0x80008652 (0x00008d4d) c.or    a0, a1
core   0: 0 0x80008652 (0x8d4d) x10 0xfdbfeffe
core   0: 0x80008654 (0x007e87b3) add     a5, t4, t2
core   0: 0 0x80008654 (0x007e87b3) x15 0x83200001
core   0: 0x80008658 (0x008cad33) slt     s10, s9, s0
core   0: 0 0x80008658 (0x008cad33) x26 0x00000001
core   0: 0x8000865c (0x03944333) div     t1, s0, s9
core   0: 0 0x8000865c (0x03944333) x6  0x00000000
core   0: 0x80008660 (0x03bcf0b3) remu    ra, s9, s11
core   0: 0 0x80008660 (0x03bcf0b3) x1  0x00025ce4
core   0: 0x80008664 (0x40875293) srai    t0, a4, 8
core   0: 0 0x80008664 (0x40875293) x5  0xffffffff
core   0: 0x80008668 (0x00eaf3b3) and     t2, s5, a4
core   0: 0 0x80008668 (0x00eaf3b3) x7  0x0ba2e882
core   0: 0x8000866c (0x41e75813) srai    a6, a4, 30
core   0: 0 0x8000866c (0x41e75813) x16 0xffffffff
core   0: 0x80008670 (0xdcbadab7) lui     s5, 0xdcbad
core   0: 0 0x80008670 (0xdcbadab7) x21 0xdcbad000
core   0: 0x80008674 (0x41c45d33) sra     s10, s0, t3
core   0: 0 0x80008674 (0x41c45d33) x26 0x00000000
core   0: 0x80008678 (0x01986263) bltu    a6, s9, pc + 4
core   0: 0 0x80008678 (0x01986263)
core   0: 0x8000867c (0x03cb32b3) mulhu   t0, s6, t3
core   0: 0 0x8000867c (0x03cb32b3) x5  0x00000000
core   0: 0x80008680 (0x22b1b293) sltiu   t0, gp, 555
core   0: 0 0x80008680 (0x22b1b293) x5  0x00000000
core   0: 0x80008684 (0x00008bc1) c.andi  a5, 16
core   0: 0 0x80008684 (0x8bc1) x15 0x00000000
core   0: 0x80008686 (0x0044e6b3) or      a3, s1, tp
core   0: 0 0x80008686 (0x0044e6b3) x13 0xc27ebfdb
core   0: 0x8000868a (0x00008d31) c.xor   a0, a2
core   0: 0 0x8000868a (0x8d31) x10 0xfdbfefff
core   0: 0x8000868c (0x00008ded) c.and   a1, a1
core   0: 0 0x8000868c (0x8ded) x11 0xe13fe6d8
core   0: 0x8000868e (0x00000001) c.nop
core   0: 0 0x8000868e (0x0001)
core   0: 0x80008690 (0x01e9f133) and     sp, s3, t5
core   0: 0 0x80008690 (0x01e9f133) x2  0x00000840
core   0: 0x80008694 (0x00006149) c.addi16sp sp, 144
core   0: 0 0x80008694 (0x6149) x2  0x000008d0
core   0: 0x80008696 (0x03539433) mulh    s0, t2, s5
core   0: 0 0x80008696 (0x03539433) x8  0xfe65951f
core   0: 0x8000869a (0x00008c71) c.and   s0, a2
core   0: 0 0x8000869a (0x8c71) x8  0x00000001
core   0: 0x8000869c (0x01f918b3) sll     a7, s2, t6
core   0: 0 0x8000869c (0x01f918b3) x17 0x00000000
core   0: 0x800086a0 (0x9a3e0413) addi    s0, t3, -1629
core   0: 0 0x800086a0 (0x9a3e0413) x8  0xfffff9a3
core   0: 0x800086a4 (0x00006175) c.addi16sp sp, 368
core   0: 0 0x800086a4 (0x6175) x2  0x00000a40
core   0: 0x800086a6 (0x000052fd) c.li    t0, -1
core   0: 0 0x800086a6 (0x52fd) x5  0xffffffff
core   0: 0x800086a8 (0x00008ff9) c.and   a5, a4
core   0: 0 0x800086a8 (0x8ff9) x15 0x00000000
core   0: 0x800086aa (0x037958b3) divu    a7, s2, s7
core   0: 0 0x800086aa (0x037958b3) x17 0xffffffff
core   0: 0x800086ae (0x03f02033) mulhsu  zero, zero, t6
core   0: 0 0x800086ae (0x03f02033)
core   0: 0x800086b2 (0x00774c63) blt     a4, t2, pc + 24
core   0: 0 0x800086b2 (0x00774c63)
core   0: 0x800086ca (0x0007c263) bltz    a5, pc + 4
core   0: 0 0x800086ca (0x0007c263)
core   0: 0x800086ce (0x00de1693) slli    a3, t3, 13
core   0: 0 0x800086ce (0x00de1693) x13 0x00000000
core   0: 0x800086d2 (0x00009e86) c.add   t4, ra
core   0: 0 0x800086d2 (0x9e86) x29 0x00025ce5
core   0: 0x800086d4 (0x0000615d) c.addi16sp sp, 432
core   0: 0 0x800086d4 (0x615d) x2  0x00000bf0
core   0: 0x800086d6 (0x00008421) c.srai  s0, 8
core   0: 0 0x800086d6 (0x8421) x8  0xfffffff9
core   0: 0x800086d8 (0x0350ffb3) remu    t6, ra, s5
core   0: 0 0x800086d8 (0x0350ffb3) x31 0x00025ce4
core   0: 0x800086dc (0x00000001) c.nop
core   0: 0 0x800086dc (0x0001)
core   0: 0x800086de (0x01fc8863) beq     s9, t6, pc + 16
core   0: 0 0x800086de (0x01fc8863)
core   0: 0x800086e2 (0xe46b8d13) addi    s10, s7, -442
core   0: 0 0x800086e2 (0xe46b8d13) x26 0xfffffe46
core   0: 0x800086e6 (0x01435f33) srl     t5, t1, s4
core   0: 0 0x800086e6 (0x01435f33) x30 0x00000000
core   0: 0x800086ea (0x02af5b33) divu    s6, t5, a0
core   0: 0 0x800086ea (0x02af5b33) x22 0x00000000
core   0: 0x800086ee (0x01763833) sltu    a6, a2, s7
core   0: 0 0x800086ee (0x01763833) x16 0x00000000
core   0: 0x800086f2 (0x0000ed89) c.bnez  a1, pc + 26
core   0: 0 0x800086f2 (0xed89)
core   0: 0x8000870c (0x00b6ae33) slt     t3, a3, a1
core   0: 0 0x8000870c (0x00b6ae33) x28 0x00000000
core   0: 0x80008710 (0x0000823a) c.mv    tp, a4
core   0: 0 0x80008710 (0x823a) x4  0xffffffc2
core   0: 0x80008712 (0x0000717d) c.addi16sp sp, -16
core   0: 0 0x80008712 (0x717d) x2  0x00000be0
core   0: 0x80008714 (0x0000616d) c.addi16sp sp, 240
core   0: 0 0x80008714 (0x616d) x2  0x00000cd0
core   0: 0x80008716 (0x002106b3) add     a3, sp, sp
core   0: 0 0x80008716 (0x002106b3) x13 0x000019a0
core   0: 0x8000871a (0x00008661) c.srai  a2, 24
core   0: 0 0x8000871a (0x8661) x12 0x00000000
core   0: 0x8000871c (0x4031da33) sra     s4, gp, gp
core   0: 0 0x8000871c (0x4031da33) x20 0xffffffff
core   0: 0x80008720 (0x03386733) rem     a4, a6, s3
core   0: 0 0x80008720 (0x03386733) x14 0x00000000
core   0: 0x80008724 (0x400e03b3) sub     t2, t3, zero
core   0: 0 0x80008724 (0x400e03b3) x7  0x00000000
core   0: 0x80008728 (0x0000061a) c.slli  a2, 6
core   0: 0 0x80008728 (0x061a) x12 0x00000000
core   0: 0x8000872a (0x02009063) bnez    ra, pc + 32
core   0: 0 0x8000872a (0x02009063)
core   0: 0x8000874a (0x01c15b33) srl     s6, sp, t3
core   0: 0 0x8000874a (0x01c15b33) x22 0x00000cd0
core   0: 0x8000874e (0xcb758d13) addi    s10, a1, -841
core   0: 0 0x8000874e (0xcb758d13) x26 0xe13fe38f
core   0: 0x80008752 (0x00006179) c.addi16sp sp, 464
core   0: 0 0x80008752 (0x6179) x2  0x00000ea0
core   0: 0x80008754 (0x01627d33) and     s10, tp, s6
core   0: 0 0x80008754 (0x01627d33) x26 0x00000cc0
core   0: 0x80008758 (0x03e8c833) div     a6, a7, t5
core   0: 0 0x80008758 (0x03e8c833) x16 0xffffffff
core   0: 0x8000875c (0x00001698) c.addi4spn a4, sp, 864
core   0: 0 0x8000875c (0x1698) x14 0x00001200
core   0: 0x8000875e (0xbbb6c893) xori    a7, a3, -1093
core   0: 0 0x8000875e (0xbbb6c893) x17 0xffffe21b
core   0: 0x80008762 (0x0000131c) c.addi4spn a5, sp, 416
core   0: 0 0x80008762 (0x131c) x15 0x00001040
core   0: 0x80008764 (0x404dd633) sra     a2, s11, tp
core   0: 0 0x80008764 (0x404dd633) x12 0xe0000000
core   0: 0x80008768 (0x00008d85) c.sub   a1, s1
core   0: 0 0x80008768 (0x8d85) x11 0x1ec12d56
core   0: 0x8000876a (0x000082e1) c.srli  a3, 24
core   0: 0 0x8000876a (0x82e1) x13 0x00000000
core   0: 0x8000876c (0x02103e33) mulhu   t3, zero, ra
core   0: 0 0x8000876c (0x02103e33) x28 0x00000000
core   0: 0x80008770 (0x02612d33) mulhsu  s10, sp, t1
core   0: 0 0x80008770 (0x02612d33) x26 0x00000000
core   0: 0x80008774 (0x02fff4b3) remu    s1, t6, a5
core   0: 0 0x80008774 (0x02fff4b3) x9  0x000003a4
core   0: 0x80008778 (0x02331d63) bne     t1, gp, pc + 58
core   0: 0 0x80008778 (0x02331d63)
core   0: 0x800087b2 (0x2810ab13) slti    s6, ra, 641
core   0: 0 0x800087b2 (0x2810ab13) x22 0x00000000
core   0: 0x800087b6 (0x418ed313) srai    t1, t4, 24
core   0: 0 0x800087b6 (0x418ed313) x6  0x00000000
core   0: 0x800087ba (0x03840333) mul     t1, s0, s8
core   0: 0 0x800087ba (0x03840333) x6  0xc8000000
core   0: 0x800087be (0x011e8263) beq     t4, a7, pc + 4
core   0: 0 0x800087be (0x011e8263)
core   0: 0x800087c2 (0x02bd5463) bge     s10, a1, pc + 40
core   0: 0 0x800087c2 (0x02bd5463)
core   0: 0x800087c6 (0x03bbc4b3) div     s1, s7, s11
core   0: 0 0x800087c6 (0x03bbc4b3) x9  0x00000000
core   0: 0x800087ca (0x021c0463) beq     s8, ra, pc + 40
core   0: 0 0x800087ca (0x021c0463)
core   0: 0x800087ce (0x00a48433) add     s0, s1, a0
core   0: 0 0x800087ce (0x00a48433) x8  0xfdbfefff
core   0: 0x800087d2 (0x03c90d63) beq     s2, t3, pc + 58
core   0: 0 0x800087d2 (0x03c90d63)
core   0: 0x800087d6 (0x0000100f) fence.i
core   0: 0 0x800087d6 (0x0000100f)
core   0: 0x800087da (0x00006251) c.lui   tp, 0x14
core   0: 0 0x800087da (0x6251) x4  0x00014000
core   0: 0x800087dc (0x00000955) c.addi  s2, 21
core   0: 0 0x800087dc (0x0955) x18 0x00002015
core   0: 0x800087de (0x000085b9) c.srai  a1, 14
core   0: 0 0x800087de (0x85b9) x11 0x00007b04
core   0: 0x800087e0 (0x00004475) c.li    s0, 29
core   0: 0 0x800087e0 (0x4475) x8  0x0000001d
core   0: 0x800087e2 (0x00fc7e33) and     t3, s8, a5
core   0: 0 0x800087e2 (0x00fc7e33) x28 0x00000000
core   0: 0x800087e6 (0xd23afc13) andi    s8, s5, -733
core   0: 0 0x800087e6 (0xd23afc13) x24 0xdcbad000
core   0: 0x800087ea (0x00008669) c.srai  a2, 26
core   0: 0 0x800087ea (0x8669) x12 0xfffffff8
core   0: 0x800087ec (0x00000001) c.nop
core   0: 0 0x800087ec (0x0001)
core   0: 0x800087ee (0x015e5793) srli    a5, t3, 21
core   0: 0 0x800087ee (0x015e5793) x15 0x00000000
core   0: 0x800087f2 (0x019987b3) add     a5, s3, s9
core   0: 0 0x800087f2 (0x019987b3) x15 0x00047b24
core   0: 0x800087f6 (0x415085b3) sub     a1, ra, s5
core   0: 0 0x800087f6 (0x415085b3) x11 0x23478ce4
core   0: 0x800087fa (0x3859e893) ori     a7, s3, 901
core   0: 0 0x800087fa (0x3859e893) x17 0x80021fc5
core   0: 0x800087fe (0x0000c1b1) c.beqz  a1, pc + 68
core   0: 0 0x800087fe (0xc1b1)
core   0: 0x80008800 (0x0000829a) c.mv    t0, t1
core   0: 0 0x80008800 (0x829a) x5  0xc8000000
core   0: 0x80008802 (0x004b1c63) bne     s6, tp, pc + 24
core   0: 0 0x80008802 (0x004b1c63)
core   0: 0x8000881a (0x003e0d63) beq     t3, gp, pc + 26
core   0: 0 0x8000881a (0x003e0d63)
core   0: 0x8000881e (0xea1bfd13) andi    s10, s7, -351
core   0: 0 0x8000881e (0xea1bfd13) x26 0x00000000
core   0: 0x80008822 (0x98300f93) li      t6, -1661
core   0: 0 0x80008822 (0x98300f93) x31 0xfffff983
core   0: 0x80008826 (0x4120d913) srai    s2, ra, 18
core   0: 0 0x80008826 (0x4120d913) x18 0x00000000
core   0: 0x8000882a (0x034b8e33) mul     t3, s7, s4
core   0: 0 0x8000882a (0x034b8e33) x28 0x00000000
core   0: 0x8000882e (0x017f9313) slli    t1, t6, 23
core   0: 0 0x8000882e (0x017f9313) x6  0xc1800000
core   0: 0x80008832 (0x00006221) c.lui   tp, 0x8
core   0: 0 0x80008832 (0x6221) x4  0x00008000
core   0: 0x80008834 (0x00000001) c.nop
core   0: 0 0x80008834 (0x0001)
core   0: 0x80008836 (0xace12a13) slti    s4, sp, -1330
core   0: 0 0x80008836 (0xace12a13) x20 0x00000000
core   0: 0x8000883a (0x01343c33) sltu    s8, s0, s3
core   0: 0 0x8000883a (0x01343c33) x24 0x00000001
core   0: 0x8000883e (0x03ec4163) blt     s8, t5, pc + 34
core   0: 0 0x8000883e (0x03ec4163)
core   0: 0x80008842 (0x02979063) bne     a5, s1, pc + 32
core   0: 0 0x80008842 (0x02979063)
core   0: 0x80008862 (0x38783b13) sltiu   s6, a6, 903
core   0: 0 0x80008862 (0x38783b13) x22 0x00000000
core   0: 0x80008866 (0x02fb42b3) div     t0, s6, a5
core   0: 0 0x80008866 (0x02fb42b3) x5  0x00000000
core   0: 0x8000886a (0x0ff0000f) fence   iorw,iorw
core   0: 0 0x8000886a (0x0ff0000f)
core   0: 0x8000886e (0x00001300) c.addi4spn s0, sp, 416
core   0: 0 0x8000886e (0x1300) x8  0x00001040
core   0: 0x80008870 (0x02be63b3) rem     t2, t3, a1
core   0: 0 0x80008870 (0x02be63b3) x7  0x00000000
core   0: 0x80008874 (0x00008fcd) c.or    a5, a1
core   0: 0 0x80008874 (0x8fcd) x15 0x2347ffe4
core   0: 0x80008876 (0x00008e09) c.sub   a2, a0
core   0: 0 0x80008876 (0x8e09) x12 0x02400ff9
core   0: 0x80008878 (0x00000001) c.nop
core   0: 0 0x80008878 (0x0001)
core   0: 0x8000887a (0x00008625) c.srai  a2, 9
core   0: 0 0x8000887a (0x8625) x12 0x00012007
core   0: 0x8000887c (0x00008aed) c.andi  a3, 27
core   0: 0 0x8000887c (0x8aed) x13 0x00000000
core   0: 0x8000887e (0x00001f7d) c.addi  t5, -1
core   0: 0 0x8000887e (0x1f7d) x30 0xffffffff
core   0: 0x80008880 (0x000099fd) c.andi  a1, -1
core   0: 0 0x80008880 (0x99fd) x11 0x23478ce4
core   0: 0x80008882 (0x037edc63) bge     t4, s7, pc + 56
core   0: 0 0x80008882 (0x037edc63)
core   0: 0x800088ba (0x00001b7d) c.addi  s6, -1
core   0: 0 0x800088ba (0x1b7d) x22 0xffffffff
core   0: 0x800088bc (0x00b7e433) or      s0, a5, a1
core   0: 0 0x800088bc (0x00b7e433) x8  0x2347ffe4
core   0: 0x800088c0 (0x01cb93b3) sll     t2, s7, t3
core   0: 0 0x800088c0 (0x01cb93b3) x7  0x00000000
core   0: 0x800088c4 (0x0000100f) fence.i
core   0: 0 0x800088c4 (0x0000100f)
core   0: 0x800088c8 (0x00b5ee33) or      t3, a1, a1
core   0: 0 0x800088c8 (0x00b5ee33) x28 0x23478ce4
core   0: 0x800088cc (0x00008c05) c.sub   s0, s1
core   0: 0 0x800088cc (0x8c05) x8  0x2347ffe4
core   0: 0x800088ce (0x0000117d) c.addi  sp, -1
core   0: 0 0x800088ce (0x117d) x2  0x00000e9f
core   0: 0x800088d0 (0xfb478113) addi    sp, a5, -76
core   0: 0 0x800088d0 (0xfb478113) x2  0x2347ff98
core   0: 0x800088d4 (0x01936c33) or      s8, t1, s9
core   0: 0 0x800088d4 (0x01936c33) x24 0xc1825ce4
core   0: 0x800088d8 (0x01f78ab3) add     s5, a5, t6
core   0: 0 0x800088d8 (0x01f78ab3) x21 0x2347f967
core   0: 0x800088dc (0x009fe4b3) or      s1, t6, s1
core   0: 0 0x800088dc (0x009fe4b3) x9  0xfffff983
core   0: 0x800088e0 (0x00008329) c.srli  a4, 10
core   0: 0 0x800088e0 (0x8329) x14 0x00000004
core   0: 0x800088e2 (0x00008c75) c.and   s0, a3
core   0: 0 0x800088e2 (0x8c75) x8  0x00000000
core   0: 0x800088e4 (0x01a15e13) srli    t3, sp, 26
core   0: 0 0x800088e4 (0x01a15e13) x28 0x00000008
core   0: 0x800088e8 (0x00ab6233) or      tp, s6, a0
core   0: 0 0x800088e8 (0x00ab6233) x4  0xffffffff
core   0: 0x800088ec (0x03ed64b3) rem     s1, s10, t5
core   0: 0 0x800088ec (0x03ed64b3) x9  0x00000000
core   0: 0x800088f0 (0x00ce1b33) sll     s6, t3, a2
core   0: 0 0x800088f0 (0x00ce1b33) x22 0x00000400
core   0: 0x800088f4 (0x11d78193) addi    gp, a5, 285
core   0: 0 0x800088f4 (0x11d78193) x3  0x23480101
core   0: 0x800088f8 (0x037ec333) div     t1, t4, s7
core   0: 0 0x800088f8 (0x037ec333) x6  0xffffffff
core   0: 0x800088fc (0x23f0c437) lui     s0, 0x23f0c
core   0: 0 0x800088fc (0x23f0c437) x8  0x23f0c000
core   0: 0x80008900 (0x00008d8d) c.sub   a1, a1
core   0: 0 0x80008900 (0x8d8d) x11 0x00000000
core   0: 0x80008902 (0x00008da1) c.xor   a1, s0
core   0: 0 0x80008902 (0x8da1) x11 0x23f0c000
core   0: 0x80008904 (0x036b2433) mulhsu  s0, s6, s6
core   0: 0 0x80008904 (0x036b2433) x8  0x00000000
core   0: 0x80008908 (0x00787233) and     tp, a6, t2
core   0: 0 0x80008908 (0x00787233) x4  0x00000000
core   0: 0x8000890c (0x0196beb3) sltu    t4, a3, s9
core   0: 0 0x8000890c (0x0196beb3) x29 0x00000001
core   0: 0x80008910 (0x004f5b13) srli    s6, t5, 4
core   0: 0 0x80008910 (0x004f5b13) x22 0x0fffffff
core   0: 0x80008914 (0x017a2833) slt     a6, s4, s7
core   0: 0 0x80008914 (0x017a2833) x16 0x00000000
core   0: 0x80008918 (0x00449763) bne     s1, tp, pc + 14
core   0: 0 0x80008918 (0x00449763)
core   0: 0x8000891c (0x00008355) c.srli  a4, 21
core   0: 0 0x8000891c (0x8355) x14 0x00000000
core   0: 0x8000891e (0x000086dd) c.srai  a3, 23
core   0: 0 0x8000891e (0x86dd) x13 0x00000000
core   0: 0x80008920 (0x0000c31d) c.beqz  a4, pc + 38
core   0: 0 0x80008920 (0xc31d)
core   0: 0x80008946 (0xbe2175b7) lui     a1, 0xbe217
core   0: 0 0x80008946 (0xbe2175b7) x11 0xbe217000
core   0: 0x8000894a (0x0049a783) lw      a5, 4(s3)
core   0: 0 0x8000894a (0x0049a783) x15 0x80004e02 mem 0x80021e44
core   0: 0x8000894e (0x02355f33) divu    t5, a0, gp
core   0: 0 0x8000894e (0x02355f33) x30 0x00000007
core   0: 0x80008952 (0x02498993) addi    s3, s3, 36
core   0: 0 0x80008952 (0x02498993) x19 0x80021e64
core   0: 0x80008956 (0x000091f2) c.add   gp, t3
core   0: 0 0x80008956 (0x91f2) x3  0x23480109
core   0: 0x80008958 (0x0ff0000f) fence   iorw,iorw
core   0: 0 0x80008958 (0x0ff0000f)
core   0: 0x8000895c (0x00004541) c.li    a0, 16
core   0: 0 0x8000895c (0x4541) x10 0x00000010
core   0: 0x8000895e (0x3fd1aa93) slti    s5, gp, 1021
core   0: 0 0x8000895e (0x3fd1aa93) x21 0x00000000
core   0: 0x80008962 (0x409f0a33) sub     s4, t5, s1
core   0: 0 0x80008962 (0x409f0a33) x20 0x00000007
core   0: 0x80008966 (0x0ff0000f) fence   iorw,iorw
core   0: 0 0x80008966 (0x0ff0000f)
core   0: 0x8000896a (0x036981b3) mul     gp, s3, s6
core   0: 0 0x8000896a (0x036981b3) x3  0xbffde19c
core   0: 0x8000896e (0x00078a93) mv      s5, a5
core   0: 0 0x8000896e (0x00078a93) x21 0x80004e02
core   0: 0x80008972 (0x000a8ae7) jalr    s5, s5, 0
core   0: 0 0x80008972 (0x000a8ae7) x21 0x80008976
core   0: 0x80004e02 (0x02486c33) rem     s8, a6, tp
core   0: 0 0x80004e02 (0x02486c33) x24 0x00000000
core   0: 0x80004e06 (0x00000001) c.nop
core   0: 0 0x80004e06 (0x0001)
core   0: 0x80004e08 (0x027baeb3) mulhsu  t4, s7, t2
core   0: 0 0x80004e08 (0x027baeb3) x29 0x00000000
core   0: 0x80004e0c (0x0000681d) c.lui   a6, 0x7
core   0: 0 0x80004e0c (0x681d) x16 0x00007000
core   0: 0x80004e0e (0x00006109) c.addi16sp sp, 128
core   0: 0 0x80004e0e (0x6109) x2  0x23480018
core   0: 0x80004e10 (0x03b2b133) mulhu   sp, t0, s11
core   0: 0 0x80004e10 (0x03b2b133) x2  0x00000000
core   0: 0x80004e14 (0x03870263) beq     a4, s8, pc + 36
core   0: 0 0x80004e14 (0x03870263)
core   0: 0x80004e38 (0x017edc63) bge     t4, s7, pc + 24
core   0: 0 0x80004e38 (0x017edc63)
core   0: 0x80004e50 (0x69693e37) lui     t3, 0x69693
core   0: 0 0x80004e50 (0x69693e37) x28 0x69693000
core   0: 0x80004e54 (0x00008e01) c.sub   a2, s0
core   0: 0 0x80004e54 (0x8e01) x12 0x00012007
core   0: 0x80004e56 (0x00006975) c.lui   s2, 0x1d
core   0: 0 0x80004e56 (0x6975) x18 0x0001d000
core   0: 0x80004e58 (0x000086cd) c.srai  a3, 19
core   0: 0 0x80004e58 (0x86cd) x13 0x00000000
core   0: 0x80004e5a (0x0000100f) fence.i
core   0: 0 0x80004e5a (0x0000100f)
core   0: 0x80004e5e (0x0398cf33) div     t5, a7, s9
core   0: 0 0x80004e5e (0x0398cf33) x30 0x00000001
core   0: 0x80004e62 (0x00fc32b3) sltu    t0, s8, a5
core   0: 0 0x80004e62 (0x00fc32b3) x5  0x00000001
core   0: 0x80004e66 (0x000085ed) c.srai  a1, 27
core   0: 0 0x80004e66 (0x85ed) x11 0xfffffff7
core   0: 0x80004e68 (0x0000100f) fence.i
core   0: 0 0x80004e68 (0x0000100f)
core   0: 0x80004e6c (0x416c8213) addi    tp, s9, 1046
core   0: 0 0x80004e6c (0x416c8213) x4  0x800260fa
core   0: 0x80004e70 (0x0000187d) c.addi  a6, -1
core   0: 0 0x80004e70 (0x187d) x16 0x00006fff
core   0: 0x80004e72 (0x57764913) xori    s2, a2, 1399
core   0: 0 0x80004e72 (0x57764913) x18 0x00012570
core   0: 0x80004e76 (0x0000197d) c.addi  s2, -1
core   0: 0 0x80004e76 (0x197d) x18 0x0001256f
core   0: 0x80004e78 (0x03379bb3) mulh    s7, a5, s3
core   0: 0 0x80004e78 (0x03379bb3) x23 0x3ffec9cd
core   0: 0x80004e7c (0x003df033) and     zero, s11, gp
core   0: 0 0x80004e7c (0x003df033)
core   0: 0x80004e80 (0x8b84c293) xori    t0, s1, -1864
core   0: 0 0x80004e80 (0x8b84c293) x5  0xfffff8b8
core   0: 0x80004e84 (0x027c8d63) beq     s9, t2, pc + 58
core   0: 0 0x80004e84 (0x027c8d63)
core   0: 0x80004e88 (0x000084a1) c.srai  s1, 8
core   0: 0 0x80004e88 (0x84a1) x9  0x00000000
core   0: 0x80004e8a (0x73b0b117) auipc   sp, 0x73b0b
core   0: 0 0x80004e8a (0x73b0b117) x2  0xf3b0fe8a
core   0: 0x80004e8e (0xc167c613) xori    a2, a5, -1002
core   0: 0 0x80004e8e (0xc167c613) x12 0x7fffb214
core   0: 0x80004e92 (0x03760663) beq     a2, s7, pc + 44
core   0: 0 0x80004e92 (0x03760663)
core   0: 0x80004e96 (0x03942933) mulhsu  s2, s0, s9
core   0: 0 0x80004e96 (0x03942933) x18 0x00000000
core   0: 0x80004e9a (0x01bddf93) srli    t6, s11, 27
core   0: 0 0x80004e9a (0x01bddf93) x31 0x00000010
core   0: 0x80004e9e (0x00006f05) c.lui   t5, 0x1
core   0: 0 0x80004e9e (0x6f05) x30 0x00001000
core   0: 0x80004ea0 (0x0000717d) c.addi16sp sp, -16
core   0: 0 0x80004ea0 (0x717d) x2  0xf3b0fe7a
core   0: 0x80004ea2 (0x07d34563) blt     t1, t4, pc + 106
core   0: 0 0x80004ea2 (0x07d34563)
core   0: 0x80004f0c (0x00006ab9) c.lui   s5, 0xe
core   0: 0 0x80004f0c (0x6ab9) x21 0x0000e000
core   0: 0x80004f0e (0x71263013) sltiu   zero, a2, 1810
core   0: 0 0x80004f0e (0x71263013)
core   0: 0x80004f12 (0x88330c13) addi    s8, t1, -1917
core   0: 0 0x80004f12 (0x88330c13) x24 0xfffff882
core   0: 0x80004f16 (0x036607b3) mul     a5, a2, s6
core   0: 0 0x80004f16 (0x036607b3) x15 0xc0004dec
core   0: 0x80004f1a (0x00008fbd) c.xor   a5, a5
core   0: 0 0x80004f1a (0x8fbd) x15 0x00000000
core   0: 0x80004f1c (0x01273ab3) sltu    s5, a4, s2
core   0: 0 0x80004f1c (0x01273ab3) x21 0x00000000
core   0: 0x80004f20 (0x00008ed9) c.or    a3, a4
core   0: 0 0x80004f20 (0x8ed9) x13 0x00000000
core   0: 0x80004f22 (0x009050b3) srl     ra, zero, s1
core   0: 0 0x80004f22 (0x009050b3) x1  0x00000000
core   0: 0x80004f26 (0x000087f1) c.srai  a5, 28
core   0: 0 0x80004f26 (0x87f1) x15 0x00000000
core   0: 0x80004f28 (0x0000035e) c.slli  t1, 23
core   0: 0 0x80004f28 (0x035e) x6  0xff800000
core   0: 0x80004f2a (0x00008489) c.srai  s1, 2
core   0: 0 0x80004f2a (0x8489) x9  0x00000000
core   0: 0x80004f2c (0x272b3413) sltiu   s0, s6, 626
core   0: 0 0x80004f2c (0x272b3413) x8  0x00000000
core   0: 0x80004f30 (0x014b5e63) bge     s6, s4, pc + 28
core   0: 0 0x80004f30 (0x014b5e63)
core   0: 0x80004f4c (0x0000611d) c.addi16sp sp, 416
core   0: 0 0x80004f4c (0x611d) x2  0xf3b1001a
core   0: 0x80004f4e (0x011fcf63) blt     t6, a7, pc + 30
core   0: 0 0x80004f4e (0x011fcf63)
core   0: 0x80004f52 (0x0294fd33) remu    s10, s1, s1
core   0: 0 0x80004f52 (0x0294fd33) x26 0x00000000
core   0: 0x80004f56 (0x00001a94) c.addi4spn a3, sp, 368
core   0: 0 0x80004f56 (0x1a94) x13 0xf3b1018a
core   0: 0x80004f58 (0x00000001) c.nop
core   0: 0 0x80004f58 (0x0001)
core   0: 0x80004f5a (0x00008e41) c.or    a2, s0
core   0: 0 0x80004f5a (0x8e41) x12 0x7fffb214
core   0: 0x80004f5c (0x00008ced) c.and   s1, a1
core   0: 0 0x80004f5c (0x8ced) x9  0x00000000
core   0: 0x80004f5e (0x01bc1033) sll     zero, s8, s11
core   0: 0 0x80004f5e (0x01bc1033)
core   0: 0x80004f62 (0x0243a6b3) mulhsu  a3, t2, tp
core   0: 0 0x80004f62 (0x0243a6b3) x13 0x00000000
core   0: 0x80004f66 (0x00a43333) sltu    t1, s0, a0
core   0: 0 0x80004f66 (0x00a43333) x6  0x00000001
core   0: 0x80004f6a (0x000068d1) c.lui   a7, 0x14
core   0: 0 0x80004f6a (0x68d1) x17 0x00014000
core   0: 0x80004f6c (0xa0bea613) slti    a2, t4, -1525
core   0: 0 0x80004f6c (0xa0bea613) x12 0x00000000
core   0: 0x80004f70 (0x00000994) c.addi4spn a3, sp, 208
core   0: 0 0x80004f70 (0x0994) x13 0xf3b100ea
core   0: 0x80004f72 (0x2225b093) sltiu   ra, a1, 546
core   0: 0 0x80004f72 (0x2225b093) x1  0x00000000
core   0: 0x80004f76 (0x00000001) c.nop
core   0: 0 0x80004f76 (0x0001)
core   0: 0x80004f78 (0x000062b5) c.lui   t0, 0xd
core   0: 0 0x80004f78 (0x62b5) x5  0x0000d000
core   0: 0x80004f7a (0x0142d963) bge     t0, s4, pc + 18
core   0: 0 0x80004f7a (0x0142d963)
core   0: 0x80004f8c (0x0000ec91) c.bnez  s1, pc + 28
core   0: 0 0x80004f8c (0xec91)
core   0: 0x80004f8e (0x011a8433) add     s0, s5, a7
core   0: 0 0x80004f8e (0x011a8433) x8  0x00014000
core   0: 0x80004f92 (0x4cd1b913) sltiu   s2, gp, 1229
core   0: 0 0x80004f92 (0x4cd1b913) x18 0x00000000
core   0: 0x80004f96 (0x02f5e963) bltu    a1, a5, pc + 50
core   0: 0 0x80004f96 (0x02f5e963)
core   0: 0x80004f9a (0x40a20833) sub     a6, tp, a0
core   0: 0 0x80004f9a (0x40a20833) x16 0x800260ea
core   0: 0x80004f9e (0x66a17e13) andi    t3, sp, 1642
core   0: 0 0x80004f9e (0x66a17e13) x28 0x0000000a
core   0: 0x80004fa2 (0x000015fd) c.addi  a1, -1
core   0: 0 0x80004fa2 (0x15fd) x11 0xfffffff6
core   0: 0x80004fa4 (0x00000d84) c.addi4spn s1, sp, 720
core   0: 0 0x80004fa4 (0x0d84) x9  0xf3b102ea
core   0: 0x80004fa6 (0x0000e899) c.bnez  s1, pc + 22
core   0: 0 0x80004fa6 (0xe899)
core   0: 0x80004fbc (0x08603b13) sltiu   s6, zero, 134
core   0: 0 0x80004fbc (0x08603b13) x22 0x00000001
core   0: 0x80004fc0 (0x00000462) c.slli  s0, 24
core   0: 0 0x80004fc0 (0x0462) x8  0x00000000
core   0: 0x80004fc2 (0x00009bfd) c.andi  a5, -1
core   0: 0 0x80004fc2 (0x9bfd) x15 0x00000000
core   0: 0x80004fc4 (0x01f57863) bgeu    a0, t6, pc + 16
core   0: 0 0x80004fc4 (0x01f57863)
core   0: 0x80004fd4 (0x01abeb63) bltu    s7, s10, pc + 22
core   0: 0 0x80004fd4 (0x01abeb63)
core   0: 0x80004fd8 (0xe41f9697) auipc   a3, 0xe41f9
core   0: 0 0x80004fd8 (0xe41f9697) x13 0x641fdfd8
core   0: 0x80004fdc (0x416cd893) srai    a7, s9, 22
core   0: 0 0x80004fdc (0x416cd893) x17 0xfffffe00
core   0: 0x80004fe0 (0x016b6c33) or      s8, s6, s6
core   0: 0 0x80004fe0 (0x016b6c33) x24 0x00000001
core   0: 0x80004fe4 (0x00000001) c.nop
core   0: 0 0x80004fe4 (0x0001)
core   0: 0x80004fe6 (0x01d81e93) slli    t4, a6, 29
core   0: 0 0x80004fe6 (0x01d81e93) x29 0x40000000
core   0: 0x80004fea (0x00008e31) c.xor   a2, a2
core   0: 0 0x80004fea (0x8e31) x12 0x00000000
core   0: 0x80004fec (0x0000100f) fence.i
core   0: 0 0x80004fec (0x0000100f)
core   0: 0x80004ff0 (0x00e09233) sll     tp, ra, a4
core   0: 0 0x80004ff0 (0x00e09233) x4  0x00000000
core   0: 0x80004ff4 (0xaf10c213) xori    tp, ra, -1295
core   0: 0 0x80004ff4 (0xaf10c213) x4  0xfffffaf1
core   0: 0x80004ff8 (0x00006779) c.lui   a4, 0x1e
core   0: 0 0x80004ff8 (0x6779) x14 0x0001e000
core   0: 0x80004ffa (0x016ee0b3) or      ra, t4, s6
core   0: 0 0x80004ffa (0x016ee0b3) x1  0x40000001
core   0: 0x80004ffe (0x0107f2b3) and     t0, a5, a6
core   0: 0 0x80004ffe (0x0107f2b3) x5  0x00000000
core   0: 0x80005002 (0x00000001) c.nop
core   0: 0 0x80005002 (0x0001)
core   0: 0x80005004 (0x007d4d33) xor     s10, s10, t2
core   0: 0 0x80005004 (0x007d4d33) x26 0x00000000
core   0: 0x80005008 (0x04500563) beq     zero, t0, pc + 74
core   0: 0 0x80005008 (0x04500563)
core   0: 0x80005052 (0x9c178d13) addi    s10, a5, -1599
core   0: 0 0x80005052 (0x9c178d13) x26 0xfffff9c1
core   0: 0x80005056 (0x00006141) c.addi16sp sp, 16
core   0: 0 0x80005056 (0x6141) x2  0xf3b1002a
core   0: 0x80005058 (0x035aeb63) bltu    s5, s5, pc + 54
core   0: 0 0x80005058 (0x035aeb63)
core   0: 0x8000505c (0xb51cee13) ori     t3, s9, -1199
core   0: 0 0x8000505c (0xb51cee13) x28 0xfffffff5
core   0: 0x80005060 (0x022864b3) rem     s1, a6, sp
core   0: 0 0x80005060 (0x022864b3) x9  0xfb185f46
core   0: 0x80005064 (0xd2e5a493) slti    s1, a1, -722
core   0: 0 0x80005064 (0xd2e5a493) x9  0x00000000
core   0: 0x80005068 (0x000005c1) c.addi  a1, 16
core   0: 0 0x80005068 (0x05c1) x11 0x00000006
core   0: 0x8000506a (0x000010fd) c.addi  ra, -1
core   0: 0 0x8000506a (0x10fd) x1  0x40000000
core   0: 0x8000506c (0x38b23393) sltiu   t2, tp, 907
core   0: 0 0x8000506c (0x38b23393) x7  0x00000000
core   0: 0x80005070 (0x410f5233) sra     tp, t5, a6
core   0: 0 0x80005070 (0x410f5233) x4  0x00000004
core   0: 0x80005074 (0x9b9f7e93) andi    t4, t5, -1607
core   0: 0 0x80005074 (0x9b9f7e93) x29 0x00001000
core   0: 0x80005078 (0x6f7f6093) ori     ra, t5, 1783
core   0: 0 0x80005078 (0x6f7f6093) x1  0x000016f7
core   0: 0x8000507c (0x0ff0000f) fence   iorw,iorw
core   0: 0 0x8000507c (0x0ff0000f)
core   0: 0x80005080 (0x039ee033) rem     zero, t4, s9
core   0: 0 0x80005080 (0x039ee033)
core   0: 0x80005084 (0x012c5713) srli    a4, s8, 18
core   0: 0 0x80005084 (0x012c5713) x14 0x00000000
core   0: 0x80005088 (0x000098fd) c.andi  s1, -1
core   0: 0 0x80005088 (0x98fd) x9  0x00000000
core   0: 0x8000508a (0x415ed513) srai    a0, t4, 21
core   0: 0 0x8000508a (0x415ed513) x10 0x00000000
core   0: 0x8000508e (0x000050fd) c.li    ra, -1
core   0: 0 0x8000508e (0x50fd) x1  0xffffffff
core   0: 0x80005090 (0x026d08b3) mul     a7, s10, t1
core   0: 0 0x80005090 (0x026d08b3) x17 0xfffff9c1
core   0: 0x80005094 (0x40820333) sub     t1, tp, s0
core   0: 0 0x80005094 (0x40820333) x6  0x00000004
core   0: 0x80005098 (0x015394b3) sll     s1, t2, s5
core   0: 0 0x80005098 (0x015394b3) x9  0x00000000
core   0: 0x8000509c (0x411d0eb3) sub     t4, s10, a7
core   0: 0 0x8000509c (0x411d0eb3) x29 0x00000000
core   0: 0x800050a0 (0x00008616) c.mv    a2, t0
core   0: 0 0x800050a0 (0x8616) x12 0x00000000
core   0: 0x800050a2 (0x01961033) sll     zero, a2, s9
core   0: 0 0x800050a2 (0x01961033)
core   0: 0x800050a6 (0xa91dfe13) andi    t3, s11, -1391
core   0: 0 0x800050a6 (0xa91dfe13) x28 0x80000000
core   0: 0x800050aa (0x00008015) c.srli  s0, 5
core   0: 0 0x800050aa (0x8015) x8  0x00000000
core   0: 0x800050ac (0x03b31863) bne     t1, s11, pc + 48
core   0: 0 0x800050ac (0x03b31863)
core   0: 0x800050dc (0x00009136) c.add   sp, a3
core   0: 0 0x800050dc (0x9136) x2  0x57d0e002
core   0: 0x800050de (0x0359e163) bltu    s3, s5, pc + 34
core   0: 0 0x800050de (0x0359e163)
core   0: 0x800050e2 (0x0000100f) fence.i
core   0: 0 0x800050e2 (0x0000100f)
core   0: 0x800050e6 (0x41d9d033) sra     zero, s3, t4
core   0: 0 0x800050e6 (0x41d9d033)
core   0: 0x800050ea (0x4c5dab93) slti    s7, s11, 1221
core   0: 0 0x800050ea (0x4c5dab93) x23 0x00000001
core   0: 0x800050ee (0x3bee7e93) andi    t4, t3, 958
core   0: 0 0x800050ee (0x3bee7e93) x29 0x00000000
core   0: 0x800050f2 (0x02b80c33) mul     s8, a6, a1
core   0: 0 0x800050f2 (0x02b80c33) x24 0x000e457c
core   0: 0x800050f6 (0x00000d41) c.addi  s10, 16
core   0: 0 0x800050f6 (0x0d41) x26 0xfffff9d1
core   0: 0x800050f8 (0x0000567d) c.li    a2, -1
core   0: 0 0x800050f8 (0x567d) x12 0xffffffff
core   0: 0x800050fa (0x004f7e63) bgeu    t5, tp, pc + 28
core   0: 0 0x800050fa (0x004f7e63)
core   0: 0x80005116 (0x00695193) srli    gp, s2, 6
core   0: 0 0x80005116 (0x00695193) x3  0x00000000
core   0: 0x8000511a (0x0000987d) c.andi  s0, -1
core   0: 0 0x8000511a (0x987d) x8  0x00000000
core   0: 0x8000511c (0x0000048e) c.slli  s1, 3
core   0: 0 0x8000511c (0x048e) x9  0x00000000
core   0: 0x8000511e (0x00008ead) c.xor   a3, a1
core   0: 0 0x8000511e (0x8ead) x13 0x641fdfde
core   0: 0x80005120 (0x017d1433) sll     s0, s10, s7
core   0: 0 0x80005120 (0x017d1433) x8  0xfffff3a2
core   0: 0x80005124 (0x0000c29d) c.beqz  a3, pc + 38
core   0: 0 0x80005124 (0xc29d)
core   0: 0x80005126 (0x403ad893) srai    a7, s5, 3
core   0: 0 0x80005126 (0x403ad893) x17 0x00000000
core   0: 0x8000512a (0x029fdc33) divu    s8, t6, s1
core   0: 0 0x8000512a (0x029fdc33) x24 0xffffffff
core   0: 0x8000512e (0x0000e89d) c.bnez  s1, pc + 54
core   0: 0 0x8000512e (0xe89d)
core   0: 0x80005130 (0x40e1d213) srai    tp, gp, 14
core   0: 0 0x80005130 (0x40e1d213) x4  0x00000000
core   0: 0x80005134 (0x02256ab3) rem     s5, a0, sp
core   0: 0 0x80005134 (0x02256ab3) x21 0x00000000
core   0: 0x80005138 (0x026783b3) mul     t2, a5, t1
core   0: 0 0x80005138 (0x026783b3) x7  0x00000000
core   0: 0x8000513c (0x008b2333) slt     t1, s6, s0
core   0: 0 0x8000513c (0x008b2333) x6  0x00000000
core   0: 0x80005140 (0x0000849d) c.srai  s1, 7
core   0: 0 0x80005140 (0x849d) x9  0x00000000
core   0: 0x80005142 (0x0047e963) bltu    a5, tp, pc + 18
core   0: 0 0x80005142 (0x0047e963)
core   0: 0x80005146 (0x00008625) c.srai  a2, 9
core   0: 0 0x80005146 (0x8625) x12 0xffffffff
core   0: 0x80005148 (0x00008e0d) c.sub   a2, a1
core   0: 0 0x80005148 (0x8e0d) x12 0xfffffff9
core   0: 0x8000514a (0x012d95b3) sll     a1, s11, s2
core   0: 0 0x8000514a (0x012d95b3) x11 0x80000000
core   0: 0x8000514e (0x0000c10d) c.beqz  a0, pc + 34
core   0: 0 0x8000514e (0xc10d)
core   0: 0x80005170 (0x026d62b3) rem     t0, s10, t1
core   0: 0 0x80005170 (0x026d62b3) x5  0xfffff9d1
core   0: 0x80005174 (0x03a1b133) mulhu   sp, gp, s10
core   0: 0 0x80005174 (0x03a1b133) x2  0x00000000
core   0: 0x80005178 (0x000081cd) c.srli  a1, 19
core   0: 0 0x80005178 (0x81cd) x11 0x00001000
core   0: 0x8000517a (0x0000613d) c.addi16sp sp, 480
core   0: 0 0x8000517a (0x613d) x2  0x000001e0
core   0: 0x8000517c (0x001d9213) slli    tp, s11, 1
core   0: 0 0x8000517c (0x001d9213) x4  0x00000000
core   0: 0x80005180 (0x01f64863) blt     a2, t6, pc + 16
core   0: 0 0x80005180 (0x01f64863)
core   0: 0x80005190 (0x03b9c1b3) div     gp, s3, s11
core   0: 0 0x80005190 (0x03b9c1b3) x3  0x00000000
core   0: 0x80005194 (0x40cf5833) sra     a6, t5, a2
core   0: 0 0x80005194 (0x40cf5833) x16 0x00000000
core   0: 0x80005198 (0x01ea83b3) add     t2, s5, t5
core   0: 0 0x80005198 (0x01ea83b3) x7  0x00001000
core   0: 0x8000519c (0x00000001) c.nop
core   0: 0 0x8000519c (0x0001)
core   0: 0x8000519e (0x0240d933) divu    s2, ra, tp
core   0: 0 0x8000519e (0x0240d933) x18 0xffffffff
core   0: 0x800051a2 (0x02819a63) bne     gp, s0, pc + 52
core   0: 0 0x800051a2 (0x02819a63)
core   0: 0x800051d6 (0x02722733) mulhsu  a4, tp, t2
core   0: 0 0x800051d6 (0x02722733) x14 0x00000000
core   0: 0x800051da (0x00788a33) add     s4, a7, t2
core   0: 0 0x800051da (0x00788a33) x20 0x00001000
core   0: 0x800051de (0x599be593) ori     a1, s7, 1433
core   0: 0 0x800051de (0x599be593) x11 0x00000599
core   0: 0x800051e2 (0x00008ed9) c.or    a3, a4
core   0: 0 0x800051e2 (0x8ed9) x13 0x641fdfde
core   0: 0x800051e4 (0x02bf35b3) mulhu   a1, t5, a1
core   0: 0 0x800051e4 (0x02bf35b3) x11 0x00000000
core   0: 0x800051e8 (0x00815633) srl     a2, sp, s0
core   0: 0 0x800051e8 (0x00815633) x12 0x00000078
core   0: 0x800051ec (0x000005aa) c.slli  a1, 10
core   0: 0 0x800051ec (0x05aa) x11 0x00000000
core   0: 0x800051ee (0x02212033) mulhsu  zero, sp, sp
core   0: 0 0x800051ee (0x02212033)
core   0: 0x800051f2 (0xdbe7b613) sltiu   a2, a5, -578
core   0: 0 0x800051f2 (0xdbe7b613) x12 0x00000001
core   0: 0x800051f6 (0x02e28233) mul     tp, t0, a4
core   0: 0 0x800051f6 (0x02e28233) x4  0x00000000
core   0: 0x800051fa (0x02fadfb3) divu    t6, s5, a5
core   0: 0 0x800051fa (0x02fadfb3) x31 0xffffffff
core   0: 0x800051fe (0x0000412d) c.li    sp, 11
core   0: 0 0x800051fe (0x412d) x2  0x0000000b
core   0: 0x80005200 (0x00039913) slli    s2, t2, 0
core   0: 0 0x80005200 (0x00039913) x18 0x00001000
core   0: 0x80005204 (0x01457733) and     a4, a0, s4
core   0: 0 0x80005204 (0x01457733) x14 0x00000000
core   0: 0x80005208 (0x000005b6) c.slli  a1, 13
core   0: 0 0x80005208 (0x05b6) x11 0x00000000
core   0: 0x8000520a (0x00dd4333) xor     t1, s10, a3
core   0: 0 0x8000520a (0x00dd4333) x6  0x9be0260f
core   0: 0x8000520e (0x0331e963) bltu    gp, s3, pc + 50
core   0: 0 0x8000520e (0x0331e963)
core   0: 0x80005240 (0x011d8433) add     s0, s11, a7
core   0: 0 0x80005240 (0x011d8433) x8  0x80000000
core   0: 0x80005244 (0x9b593797) auipc   a5, 0x9b593
core   0: 0 0x80005244 (0x9b593797) x15 0x1b598244
core   0: 0x80005248 (0x01b1e563) bltu    gp, s11, pc + 10
core   0: 0 0x80005248 (0x01b1e563)
core   0: 0x80005252 (0x032ca3b3) mulhsu  t2, s9, s2
core   0: 0 0x80005252 (0x032ca3b3) x7  0xfffff800
core   0: 0x80005256 (0x018dc033) xor     zero, s11, s8
core   0: 0 0x80005256 (0x018dc033)
core   0: 0x8000525a (0x01d96ab3) or      s5, s2, t4
core   0: 0 0x8000525a (0x01d96ab3) x21 0x00001000
core   0: 0x8000525e (0x1d69e893) ori     a7, s3, 470
core   0: 0 0x8000525e (0x1d69e893) x17 0x80021ff6
core   0: 0x80005262 (0x00a206b3) add     a3, tp, a0
core   0: 0 0x80005262 (0x00a206b3) x13 0x00000000
core   0: 0x80005266 (0x5e7ae593) ori     a1, s5, 1511
core   0: 0 0x80005266 (0x5e7ae593) x11 0x000015e7
core   0: 0x8000526a (0x40d883b3) sub     t2, a7, a3
core   0: 0 0x8000526a (0x40d883b3) x7  0x80021ff6
core   0: 0x8000526e (0x039db833) mulhu   a6, s11, s9
core   0: 0 0x8000526e (0x039db833) x16 0x40012e72
core   0: 0x80005272 (0x40d5d113) srai    sp, a1, 13
core   0: 0 0x80005272 (0x40d5d113) x2  0x00000000
core   0: 0x80005276 (0xe3b4e493) ori     s1, s1, -453
core   0: 0 0x80005276 (0xe3b4e493) x9  0xfffffe3b
core   0: 0x8000527a (0x00008122) c.mv    sp, s0
core   0: 0 0x8000527a (0x8122) x2  0x80000000
core   0: 0x8000527c (0x95dc0f93) addi    t6, s8, -1699
core   0: 0 0x8000527c (0x95dc0f93) x31 0xfffff95c
core   0: 0x80005280 (0x41c3dbb3) sra     s7, t2, t3
core   0: 0 0x80005280 (0x41c3dbb3) x23 0x80021ff6
core   0: 0x80005284 (0x00ba72b3) and     t0, s4, a1
core   0: 0 0x80005284 (0x00ba72b3) x5  0x00001000
core   0: 0x80005288 (0x02516d33) rem     s10, sp, t0
core   0: 0 0x80005288 (0x02516d33) x26 0x00000000
core   0: 0x8000528c (0xba1aba93) sltiu   s5, s5, -1119
core   0: 0 0x8000528c (0xba1aba93) x21 0x00000001
core   0: 0x80005290 (0x00000f52) c.slli  t5, 20
core   0: 0 0x80005290 (0x0f52) x30 0x00000000
core   0: 0x80005292 (0x02c43033) mulhu   zero, s0, a2
core   0: 0 0x80005292 (0x02c43033)
core   0: 0x80005296 (0x03d742b3) div     t0, a4, t4
core   0: 0 0x80005296 (0x03d742b3) x5  0xffffffff
core   0: 0x8000529a (0xdaeb2337) lui     t1, 0xdaeb2
core   0: 0 0x8000529a (0xdaeb2337) x6  0xdaeb2000
core   0: 0x8000529e (0x8a3c0f93) addi    t6, s8, -1885
core   0: 0 0x8000529e (0x8a3c0f93) x31 0xfffff8a2
core   0: 0x800052a2 (0x02223e33) mulhu   t3, tp, sp
core   0: 0 0x800052a2 (0x02223e33) x28 0x00000000
core   0: 0x800052a6 (0x4700b4b7) lui     s1, 0x4700b
core   0: 0 0x800052a6 (0x4700b4b7) x9  0x4700b000
core   0: 0x800052aa (0xed483413) sltiu   s0, a6, -300
core   0: 0 0x800052aa (0xed483413) x8  0x00000001
core   0: 0x800052ae (0x00000001) c.nop
core   0: 0 0x800052ae (0x0001)
core   0: 0x800052b0 (0x00008f1d) c.sub   a4, a5
core   0: 0 0x800052b0 (0x8f1d) x14 0xe4a67dbc
core   0: 0x800052b2 (0x0ff0000f) fence   iorw,iorw
core   0: 0 0x800052b2 (0x0ff0000f)
core   0: 0x800052b6 (0x02c685b3) mul     a1, a3, a2
core   0: 0 0x800052b6 (0x02c685b3) x11 0x00000000
core   0: 0x800052ba (0x00008d4d) c.or    a0, a1
core   0: 0 0x800052ba (0x8d4d) x10 0x00000000
core   0: 0x800052bc (0x00008ee1) c.and   a3, s0
core   0: 0 0x800052bc (0x8ee1) x13 0x00000000
core   0: 0x800052be (0x0312c733) div     a4, t0, a7
core   0: 0 0x800052be (0x0312c733) x14 0x00000000
core   0: 0x800052c2 (0x01bd7c33) and     s8, s10, s11
core   0: 0 0x800052c2 (0x01bd7c33) x24 0x00000000
core   0: 0x800052c6 (0x0094e333) or      t1, s1, s1
core   0: 0 0x800052c6 (0x0094e333) x6  0x4700b000
core   0: 0x800052ca (0x00d7f2b3) and     t0, a5, a3
core   0: 0 0x800052ca (0x00d7f2b3) x5  0x00000000
core   0: 0x800052ce (0x3d9fd417) auipc   s0, 0x3d9fd
core   0: 0 0x800052ce (0x3d9fd417) x8  0xbda022ce
core   0: 0x800052d2 (0x40bd86b3) sub     a3, s11, a1
core   0: 0 0x800052d2 (0x40bd86b3) x13 0x80000000
core   0: 0x800052d6 (0x00008d81) c.sub   a1, s0
core   0: 0 0x800052d6 (0x8d81) x11 0x425fdd32
core   0: 0x800052d8 (0x0372fc33) remu    s8, t0, s7
core   0: 0 0x800052d8 (0x0372fc33) x24 0x00000000
core   0: 0x800052dc (0x0000c095) c.beqz  s1, pc + 36
core   0: 0 0x800052dc (0xc095)
core   0: 0x800052de (0x00d435b3) sltu    a1, s0, a3
core   0: 0 0x800052de (0x00d435b3) x11 0x00000000
core   0: 0x800052e2 (0x00ff5393) srli    t2, t5, 15
core   0: 0 0x800052e2 (0x00ff5393) x7  0x00000000
core   0: 0x800052e6 (0x5b088113) addi    sp, a7, 1456
core   0: 0 0x800052e6 (0x5b088113) x2  0x800225a6
core   0: 0x800052ea (0x00fe5213) srli    tp, t3, 15
core   0: 0 0x800052ea (0x00fe5213) x4  0x00000000
core   0: 0x800052ee (0x0ff0000f) fence   iorw,iorw
core   0: 0 0x800052ee (0x0ff0000f)
core   0: 0x800052f2 (0x00001408) c.addi4spn a0, sp, 544
core   0: 0 0x800052f2 (0x1408) x10 0x800227c6
core   0: 0x800052f4 (0x2019bb13) sltiu   s6, s3, 513
core   0: 0 0x800052f4 (0x2019bb13) x22 0x00000000
core   0: 0x800052f8 (0x40f05833) sra     a6, zero, a5
core   0: 0 0x800052f8 (0x40f05833) x16 0x00000000
core   0: 0x800052fc (0x038b0733) mul     a4, s6, s8
core   0: 0 0x800052fc (0x038b0733) x14 0x00000000
core   0: 0x80005300 (0x032d6833) rem     a6, s10, s2
core   0: 0 0x80005300 (0x032d6833) x16 0x00000000
core   0: 0x80005304 (0x46940613) addi    a2, s0, 1129
core   0: 0 0x80005304 (0x46940613) x12 0xbda02737
core   0: 0x80005308 (0x00a67963) bgeu    a2, a0, pc + 18
core   0: 0 0x80005308 (0x00a67963)
core   0: 0x8000531a (0x5ca87013) andi    zero, a6, 1482
core   0: 0 0x8000531a (0x5ca87013)
core   0: 0x8000531e (0x0000100f) fence.i
core   0: 0 0x8000531e (0x0000100f)
core   0: 0x80005322 (0x2e014093) xori    ra, sp, 736
core   0: 0 0x80005322 (0x2e014093) x1  0x80022746
core   0: 0x80005326 (0x02367e33) remu    t3, a2, gp
core   0: 0 0x80005326 (0x02367e33) x28 0xbda02737
core   0: 0x8000532a (0x00008f21) c.xor   a4, s0
core   0: 0 0x8000532a (0x8f21) x14 0xbda022ce
core   0: 0x8000532c (0x01777833) and     a6, a4, s7
core   0: 0 0x8000532c (0x01777833) x16 0x800002c6
core   0: 0x80005330 (0x00257663) bgeu    a0, sp, pc + 12
core   0: 0 0x80005330 (0x00257663)
core   0: 0x8000533c (0x00006179) c.addi16sp sp, 464
core   0: 0 0x8000533c (0x6179) x2  0x80022776
core   0: 0x8000533e (0x00c11033) sll     zero, sp, a2
core   0: 0 0x8000533e (0x00c11033)
core   0: 0x80005342 (0x7db1ac17) auipc   s8, 0x7db1a
core   0: 0 0x80005342 (0x7db1ac17) x24 0xfdb1f342
core   0: 0x80005346 (0x015a5a13) srli    s4, s4, 21
core   0: 0 0x80005346 (0x015a5a13) x20 0x00000000
core   0: 0x8000534a (0x02ad3333) mulhu   t1, s10, a0
core   0: 0 0x8000534a (0x02ad3333) x6  0x00000000
core   0: 0x8000534e (0x4e80e593) ori     a1, ra, 1256
core   0: 0 0x8000534e (0x4e80e593) x11 0x800227ee
core   0: 0x80005352 (0x00008ba2) c.mv    s7, s0
core   0: 0 0x80005352 (0x8ba2) x23 0xbda022ce
core   0: 0x80005354 (0x533a4193) xori    gp, s4, 1331
core   0: 0 0x80005354 (0x533a4193) x3  0x00000533
core   0: 0x80005358 (0x0367e7b3) rem     a5, a5, s6
core   0: 0 0x80005358 (0x0367e7b3) x15 0x1b598244
core   0: 0x8000535c (0x00745f93) srli    t6, s0, 7
core   0: 0 0x8000535c (0x00745f93) x31 0x017b4045
core   0: 0x80005360 (0x03119b63) bne     gp, a7, pc + 54
core   0: 0 0x80005360 (0x03119b63)
core   0: 0x80005396 (0x00ad5b63) bge     s10, a0, pc + 22
core   0: 0 0x80005396 (0x00ad5b63)
core   0: 0x800053ac (0x0000717d) c.addi16sp sp, -16
core   0: 0 0x800053ac (0x717d) x2  0x80022766
core   0: 0x800053ae (0x00e900b3) add     ra, s2, a4
core   0: 0 0x800053ae (0x00e900b3) x1  0xbda032ce
core   0: 0x800053b2 (0x00008f19) c.sub   a4, a4
core   0: 0 0x800053b2 (0x8f19) x14 0x00000000
core   0: 0x800053b4 (0x03146963) bltu    s0, a7, pc + 50
core   0: 0 0x800053b4 (0x03146963)
core   0: 0x800053b8 (0x000002a6) c.slli  t0, 9
core   0: 0 0x800053b8 (0x02a6) x5  0x00000000
core   0: 0x800053ba (0x00517663) bgeu    sp, t0, pc + 12
core   0: 0 0x800053ba (0x00517663)
core   0: 0x800053c6 (0x000008b2) c.slli  a7, 12
core   0: 0 0x800053c6 (0x08b2) x17 0x21ff6000
core   0: 0x800053c8 (0x0000832d) c.srli  a4, 11
core   0: 0 0x800053c8 (0x832d) x14 0x00000000
core   0: 0x800053ca (0x0000e689) c.bnez  a3, pc + 10
core   0: 0 0x800053ca (0xe689)
core   0: 0x800053d4 (0x023f9563) bne     t6, gp, pc + 42
core   0: 0 0x800053d4 (0x023f9563)
core   0: 0x800053fe (0x0000947e) c.add   s0, t6
core   0: 0 0x800053fe (0x947e) x8  0xbf1b6313
core   0: 0x80005400 (0xb349f313) andi    t1, s3, -1228
core   0: 0 0x80005400 (0xb349f313) x6  0x80021a24
core   0: 0x80005404 (0xd3c36813) ori     a6, t1, -708
core   0: 0 0x80005404 (0xd3c36813) x16 0xffffff3c
core   0: 0x80005408 (0xb9282713) slti    a4, a6, -1134
core   0: 0 0x80005408 (0xb9282713) x14 0x00000000
core   0: 0x8000540c (0x00005b7d) c.li    s6, -1
core   0: 0 0x8000540c (0x5b7d) x22 0xffffffff
core   0: 0x8000540e (0x000081f1) c.srli  a1, 28
core   0: 0 0x8000540e (0x81f1) x11 0x00000008
core   0: 0x80005410 (0x00000e0c) c.addi4spn a1, sp, 784
core   0: 0 0x80005410 (0x0e0c) x11 0x80022a76
core   0: 0x80005412 (0x402305b3) sub     a1, t1, sp
core   0: 0 0x80005412 (0x402305b3) x11 0xfffff2be
core   0: 0x80005416 (0x05cee163) bltu    t4, t3, pc + 66
core   0: 0 0x80005416 (0x05cee163)
core   0: 0x80005458 (0x019b5d33) srl     s10, s6, s9
core   0: 0 0x80005458 (0x019b5d33) x26 0x0fffffff
core   0: 0x8000545c (0xd27c8b13) addi    s6, s9, -729
core   0: 0 0x8000545c (0xd27c8b13) x22 0x80025a0b
core   0: 0x80005460 (0x0000e489) c.bnez  s1, pc + 10
core   0: 0 0x80005460 (0xe489)
core   0: 0x8000546a (0x000042b9) c.li    t0, 14
core   0: 0 0x8000546a (0x42b9) x5  0x0000000e
core   0: 0x8000546c (0x0216fb33) remu    s6, a3, ra
core   0: 0 0x8000546c (0x0216fb33) x22 0x80000000
core   0: 0x80005470 (0x0000c30d) c.beqz  a4, pc + 34
core   0: 0 0x80005470 (0xc30d)
core   0: 0x80005492 (0x02efb2b3) mulhu   t0, t6, a4
core   0: 0 0x80005492 (0x02efb2b3) x5  0x00000000
core   0: 0x80005496 (0x02a67263) bgeu    a2, a0, pc + 36
core   0: 0 0x80005496 (0x02a67263)
core   0: 0x800054ba (0x026afa63) bgeu    s5, t1, pc + 52
core   0: 0 0x800054ba (0x026afa63)
core   0: 0x800054be (0x0268f633) remu    a2, a7, t1
core   0: 0 0x800054be (0x0268f633) x12 0x21ff6000
core   0: 0x800054c2 (0x00009122) c.add   sp, s0
core   0: 0 0x800054c2 (0x9122) x2  0x3f1d8a79
core   0: 0x800054c4 (0x0000100f) fence.i
core   0: 0 0x800054c4 (0x0000100f)
core   0: 0x800054c8 (0x01c25513) srli    a0, tp, 28
core   0: 0 0x800054c8 (0x01c25513) x10 0x00000000
core   0: 0x800054cc (0x038cbfb3) mulhu   t6, s9, s8
core   0: 0 0x800054cc (0x038cbfb3) x31 0x7edb5112
core   0: 0x800054d0 (0x0ff0000f) fence   iorw,iorw
core   0: 0 0x800054d0 (0x0ff0000f)
core   0: 0x800054d4 (0x00001c10) c.addi4spn a2, sp, 560
core   0: 0 0x800054d4 (0x1c10) x12 0x3f1d8ca9
core   0: 0x800054d6 (0x00bbaf33) slt     t5, s7, a1
core   0: 0 0x800054d6 (0x00bbaf33) x30 0x00000001
core   0: 0x800054da (0x9e570b93) addi    s7, a4, -1563
core   0: 0 0x800054da (0x9e570b93) x23 0xfffff9e5
core   0: 0x800054de (0x0ff0000f) fence   iorw,iorw
core   0: 0 0x800054de (0x0ff0000f)
core   0: 0x800054e2 (0x0000922e) c.add   tp, a1
core   0: 0 0x800054e2 (0x922e) x4  0xfffff2be
core   0: 0x800054e4 (0x41ba8fb3) sub     t6, s5, s11
core   0: 0 0x800054e4 (0x41ba8fb3) x31 0x80000001
core   0: 0x800054e8 (0x3465a513) slti    a0, a1, 838
core   0: 0 0x800054e8 (0x3465a513) x10 0x00000001
core   0: 0x800054ec (0x0000517d) c.li    sp, -1
core   0: 0 0x800054ec (0x517d) x2  0xffffffff
core   0: 0x800054ee (0x01816f63) bltu    sp, s8, pc + 30
core   0: 0 0x800054ee (0x01816f63)
core   0: 0x800054f2 (0x00008d49) c.or    a0, a0
core   0: 0 0x800054f2 (0x8d49) x10 0x00000001
core   0: 0x800054f4 (0x000057fd) c.li    a5, -1
core   0: 0 0x800054f4 (0x57fd) x15 0xffffffff
core   0: 0x800054f6 (0x0035df13) srli    t5, a1, 3
core   0: 0 0x800054f6 (0x0035df13) x30 0x1ffffe57
core   0: 0x800054fa (0x05e79063) bne     a5, t5, pc + 64
core   0: 0 0x800054fa (0x05e79063)
core   0: 0x8000553a (0x01f0c133) xor     sp, ra, t6
core   0: 0 0x8000553a (0x01f0c133) x2  0x3da032cf
core   0: 0x8000553e (0x0000c195) c.beqz  a1, pc + 36
core   0: 0 0x8000553e (0xc195)
core   0: 0x80005540 (0x853da013) slti    zero, s11, -1965
core   0: 0 0x80005540 (0x853da013)
core   0: 0x80005544 (0x00a45d13) srli    s10, s0, 10
core   0: 0 0x80005544 (0x00a45d13) x26 0x002fc6d8
core   0: 0x80005548 (0x02239563) bne     t2, sp, pc + 42
core   0: 0 0x80005548 (0x02239563)
core   0: 0x80005572 (0x0000567d) c.li    a2, -1
core   0: 0 0x80005572 (0x567d) x12 0xffffffff
core   0: 0x80005574 (0x0000691d) c.lui   s2, 0x7
core   0: 0 0x80005574 (0x691d) x18 0x00007000
core   0: 0x80005576 (0x00ef4e63) blt     t5, a4, pc + 28
core   0: 0 0x80005576 (0x00ef4e63)
core   0: 0x8000557a (0x63308893) addi    a7, ra, 1587
core   0: 0 0x8000557a (0x63308893) x17 0xbda03901
core   0: 0x8000557e (0x0000ed99) c.bnez  a1, pc + 30
core   0: 0 0x8000557e (0xed99)
core   0: 0x8000559c (0x02872233) mulhsu  tp, a4, s0
core   0: 0 0x8000559c (0x02872233) x4  0x00000000
core   0: 0x800055a0 (0x00006259) c.lui   tp, 0x16
core   0: 0 0x800055a0 (0x6259) x4  0x00016000
core   0: 0x800055a2 (0x00b66463) bltu    a2, a1, pc + 8
core   0: 0 0x800055a2 (0x00b66463)
core   0: 0x800055a6 (0x00000001) c.nop
core   0: 0 0x800055a6 (0x0001)
core   0: 0x800055a8 (0x0000889a) c.mv    a7, t1
core   0: 0 0x800055a8 (0x889a) x17 0x80021a24
core   0: 0x800055aa (0x0383c963) blt     t2, s8, pc + 50
core   0: 0 0x800055aa (0x0383c963)
core   0: 0x800055ae (0x0000717d) c.addi16sp sp, -16
core   0: 0 0x800055ae (0x717d) x2  0x3da032bf
core   0: 0x800055b0 (0x2bfe5237) lui     tp, 0x2bfe5
core   0: 0 0x800055b0 (0x2bfe5237) x4  0x2bfe5000
core   0: 0x800055b4 (0x0322cd63) blt     t0, s2, pc + 58
core   0: 0 0x800055b4 (0x0322cd63)
core   0: 0x800055ee (0x01c8db33) srl     s6, a7, t3
core   0: 0 0x800055ee (0x01c8db33) x22 0x00000100
core   0: 0x800055f2 (0x01a39493) slli    s1, t2, 26
core   0: 0 0x800055f2 (0x01a39493) x9  0x00000000
core   0: 0x800055f6 (0x00008049) c.srli  s0, 18
core   0: 0 0x800055f6 (0x8049) x8  0x00002fc6
core   0: 0x800055f8 (0x0000031c) c.addi4spn a5, sp, 384
core   0: 0 0x800055f8 (0x031c) x15 0x3da0343f
core   0: 0x800055fa (0x00008f3d) c.xor   a4, a5
core   0: 0 0x800055fa (0x8f3d) x14 0x3da0343f
core   0: 0x800055fc (0x0000cd99) c.beqz  a1, pc + 30
core   0: 0 0x800055fc (0xcd99)
core   0: 0x800055fe (0x0ff0000f) fence   iorw,iorw
core   0: 0 0x800055fe (0x0ff0000f)
core   0: 0x80005602 (0x92762d17) auipc   s10, 0x92762
core   0: 0 0x80005602 (0x92762d17) x26 0x12767602
core   0: 0x80005606 (0x00008da9) c.xor   a1, a0
core   0: 0 0x80005606 (0x8da9) x11 0xfffff2bf
core   0: 0x80005608 (0x0231ba33) mulhu   s4, gp, gp
core   0: 0 0x80005608 (0x0231ba33) x20 0x00000000
core   0: 0x8000560c (0x00008985) c.andi  a1, 1
core   0: 0 0x8000560c (0x8985) x11 0x00000001
core   0: 0x8000560e (0x00b44533) xor     a0, s0, a1
core   0: 0 0x8000560e (0x00b44533) x10 0x00002fc7
core   0: 0x80005612 (0x012dd5b3) srl     a1, s11, s2
core   0: 0 0x80005612 (0x012dd5b3) x11 0x80000000
core   0: 0x80005616 (0x0ff0000f) fence   iorw,iorw
core   0: 0 0x80005616 (0x0ff0000f)
core   0: 0x8000561a (0x01f494b3) sll     s1, s1, t6
core   0: 0 0x8000561a (0x01f494b3) x9  0x00000000
core   0: 0x8000561e (0x01c734b3) sltu    s1, a4, t3
core   0: 0 0x8000561e (0x01c734b3) x9  0x00000001
core   0: 0x80005622 (0x000013fd) c.addi  t2, -1
core   0: 0 0x80005622 (0x13fd) x7  0xffffffff
core   0: 0x80005624 (0xe2aecb93) xori    s7, t4, -470
core   0: 0 0x80005624 (0xe2aecb93) x23 0xfffffe2a
core   0: 0x80005628 (0x01e02733) slt     a4, zero, t5
core   0: 0 0x80005628 (0x01e02733) x14 0x00000001
core   0: 0x8000562c (0x0203d563) bgez    t2, pc + 42
core   0: 0 0x8000562c (0x0203d563)
core   0: 0x80005630 (0xf3d4b793) sltiu   a5, s1, -195
core   0: 0 0x80005630 (0xf3d4b793) x15 0x00000001
core   0: 0x80005634 (0x00006165) c.addi16sp sp, 112
core   0: 0 0x80005634 (0x6165) x2  0x3da0332f
core   0: 0x80005636 (0x0000100f) fence.i
core   0: 0 0x80005636 (0x0000100f)
core   0: 0x8000563a (0x000087ed) c.srai  a5, 27
core   0: 0 0x8000563a (0x87ed) x15 0x00000000
core   0: 0x8000563c (0x012bc233) xor     tp, s7, s2
core   0: 0 0x8000563c (0x012bc233) x4  0xffff8e2a
core   0: 0x80005640 (0x038b3d33) mulhu   s10, s6, s8
core   0: 0 0x80005640 (0x038b3d33) x26 0x000000fd
core   0: 0x80005644 (0x000010fd) c.addi  ra, -1
core   0: 0 0x80005644 (0x10fd) x1  0xbda032cd
core   0: 0x80005646 (0x980b8793) addi    a5, s7, -1664
core   0: 0 0x80005646 (0x980b8793) x15 0xfffff7aa
core   0: 0x8000564a (0x01c91d13) slli    s10, s2, 28
core   0: 0 0x8000564a (0x01c91d13) x26 0x00000000
core   0: 0x8000564e (0x00224533) xor     a0, tp, sp
core   0: 0 0x8000564e (0x00224533) x10 0xc25fbd05
core   0: 0x80005652 (0x001fc563) blt     t6, ra, pc + 10
core   0: 0 0x80005652 (0x001fc563)
core   0: 0x8000565c (0x058e6363) bltu    t3, s8, pc + 70
core   0: 0 0x8000565c (0x058e6363)
core   0: 0x800056a2 (0x01566133) or      sp, a2, s5
core   0: 0 0x800056a2 (0x01566133) x2  0xffffffff
core   0: 0x800056a6 (0xa6020493) addi    s1, tp, -1440
core   0: 0 0x800056a6 (0xa6020493) x9  0xffff888a
core   0: 0x800056aa (0x37392f13) slti    t5, s2, 883
core   0: 0 0x800056aa (0x37392f13) x30 0x00000000
core   0: 0x800056ae (0x000004de) c.slli  s1, 23
core   0: 0 0x800056ae (0x04de) x9  0x45000000
core   0: 0x800056b0 (0x000f23b3) slt     t2, t5, zero
core   0: 0 0x800056b0 (0x000f23b3) x7  0x00000000
core   0: 0x800056b4 (0x03fdc533) div     a0, s11, t6
core   0: 0 0x800056b4 (0x03fdc533) x10 0x00000001
core   0: 0x800056b8 (0x000016fd) c.addi  a3, -1
core   0: 0 0x800056b8 (0x16fd) x13 0x7fffffff
core   0: 0x800056ba (0x003bd693) srli    a3, s7, 3
core   0: 0 0x800056ba (0x003bd693) x13 0x1fffffc5
core   0: 0x800056be (0x00ac1a13) slli    s4, s8, 10
core   0: 0 0x800056be (0x00ac1a13) x20 0xc7cd0800
core   0: 0x800056c2 (0x01df1b63) bne     t5, t4, pc + 22
core   0: 0 0x800056c2 (0x01df1b63)
core   0: 0x800056c6 (0x03c79c63) bne     a5, t3, pc + 56
core   0: 0 0x800056c6 (0x03c79c63)
core   0: 0x800056fe (0x0105cb33) xor     s6, a1, a6
core   0: 0 0x800056fe (0x0105cb33) x22 0x7fffff3c
core   0: 0x80005702 (0x00008729) c.srai  a4, 10
core   0: 0 0x80005702 (0x8729) x14 0x00000000
core   0: 0x80005704 (0x02562333) mulhsu  t1, a2, t0
core   0: 0 0x80005704 (0x02562333) x6  0x00000000
core   0: 0x80005708 (0x00008785) c.srai  a5, 1
core   0: 0 0x80005708 (0x8785) x15 0xfffffbd5
core   0: 0x8000570a (0x03381363) bne     a6, s3, pc + 38
core   0: 0 0x8000570a (0x03381363)
core   0: 0x80005730 (0x0178d113) srli    sp, a7, 23
core   0: 0 0x80005730 (0x0178d113) x2  0x00000100
core   0: 0x80005734 (0x0000cf11) c.beqz  a4, pc + 28
core   0: 0 0x80005734 (0xcf11)
core   0: 0x80005750 (0x000081e9) c.srli  a1, 26
core   0: 0 0x80005750 (0x81e9) x11 0x00000020
core   0: 0x80005752 (0x0354a033) mulhsu  zero, s1, s5
core   0: 0 0x80005752 (0x0354a033)
core   0: 0x80005756 (0x03264b33) div     s6, a2, s2
core   0: 0 0x80005756 (0x03264b33) x22 0x00000000
core   0: 0x8000575a (0x411b8f33) sub     t5, s7, a7
core   0: 0 0x8000575a (0x411b8f33) x30 0x7ffde406
core   0: 0x8000575e (0x00004f3d) c.li    t5, 15
core   0: 0 0x8000575e (0x4f3d) x30 0x0000000f
core   0: 0x80005760 (0x02c3c8b3) div     a7, t2, a2
core   0: 0 0x80005760 (0x02c3c8b3) x17 0x00000000
core   0: 0x80005764 (0x4064d8b3) sra     a7, s1, t1
core   0: 0 0x80005764 (0x4064d8b3) x17 0x45000000
core   0: 0x80005768 (0x7a158e93) addi    t4, a1, 1953
core   0: 0 0x80005768 (0x7a158e93) x29 0x000007c1
core   0: 0x8000576c (0x020d41b3) div     gp, s10, zero
core   0: 0 0x8000576c (0x020d41b3) x3  0xffffffff
core   0: 0x80005770 (0x407cdf13) srai    t5, s9, 7
core   0: 0 0x80005770 (0x407cdf13) x30 0xff0004b9
core   0: 0x80005774 (0x0082f2b3) and     t0, t0, s0
core   0: 0 0x80005774 (0x0082f2b3) x5  0x00000000
core   0: 0x80005778 (0x00a95113) srli    sp, s2, 10
core   0: 0 0x80005778 (0x00a95113) x2  0x0000001c
core   0: 0x8000577c (0x00008d3d) c.xor   a0, a5
core   0: 0 0x8000577c (0x8d3d) x10 0xfffffbd4
core   0: 0x8000577e (0x02197a63) bgeu    s2, ra, pc + 52
core   0: 0 0x8000577e (0x02197a63)
core   0: 0x80005782 (0x00fc9a33) sll     s4, s9, a5
core   0: 0 0x80005782 (0x00fc9a33) x20 0x9c800000
core   0: 0x80005786 (0x051e9263) bne     t4, a7, pc + 68
core   0: 0 0x80005786 (0x051e9263)
core   0: 0x800057ca (0x0000e095) c.bnez  s1, pc + 36
core   0: 0 0x800057ca (0xe095)
core   0: 0x800057ee (0x02166733) rem     a4, a2, ra
core   0: 0 0x800057ee (0x02166733) x14 0xffffffff
core   0: 0x800057f2 (0x4078df93) srai    t6, a7, 7
core   0: 0 0x800057f2 (0x4078df93) x31 0x008a0000
core   0: 0x800057f6 (0xa81fbf93) sltiu   t6, t6, -1407
core   0: 0 0x800057f6 (0xa81fbf93) x31 0x00000001
core   0: 0x800057fa (0x000067a9) c.lui   a5, 0xa
core   0: 0 0x800057fa (0x67a9) x15 0x0000a000
core   0: 0x800057fc (0x00038bb3) add     s7, t2, zero
core   0: 0 0x800057fc (0x00038bb3) x23 0x00000000
core   0: 0x80005800 (0x00009a7d) c.andi  a2, -1
core   0: 0 0x80005800 (0x9a7d) x12 0xffffffff
core   0: 0x80005802 (0x0334b7b3) mulhu   a5, s1, s3
core   0: 0 0x80005802 (0x0334b7b3) x15 0x22809230
core   0: 0x80005806 (0x02cd4733) div     a4, s10, a2
core   0: 0 0x80005806 (0x02cd4733) x14 0x00000000
core   0: 0x8000580a (0x401207b3) sub     a5, tp, ra
core   0: 0 0x8000580a (0x401207b3) x15 0x425f5b5d
core   0: 0x8000580e (0x0130e533) or      a0, ra, s3
core   0: 0 0x8000580e (0x0130e533) x10 0xbda23eed
core   0: 0x80005812 (0x02158bb3) mul     s7, a1, ra
core   0: 0 0x80005812 (0x02158bb3) x23 0xb40659a0
core   0: 0x80005816 (0x02122033) mulhsu  zero, tp, ra
core   0: 0 0x80005816 (0x02122033)
core   0: 0x8000581a (0x00006209) c.lui   tp, 0x2
core   0: 0 0x8000581a (0x6209) x4  0x00002000
core   0: 0x8000581c (0x02869133) mulh    sp, a3, s0
core   0: 0 0x8000581c (0x02869133) x2  0x000005f8
core   0: 0x80005820 (0x021f7363) bgeu    t5, ra, pc + 38
core   0: 0 0x80005820 (0x021f7363)
core   0: 0x80005846 (0x01c6d713) srli    a4, a3, 28
core   0: 0 0x80005846 (0x01c6d713) x14 0x00000001
core   0: 0x8000584a (0x009c78b3) and     a7, s8, s1
core   0: 0 0x8000584a (0x009c78b3) x17 0x45000000
core   0: 0x8000584e (0x84aa8c37) lui     s8, 0x84aa8
core   0: 0 0x8000584e (0x84aa8c37) x24 0x84aa8000
core   0: 0x80005852 (0x00008efd) c.and   a3, a5
core   0: 0 0x80005852 (0x8efd) x13 0x025f5b45
core   0: 0x80005854 (0x00008c51) c.or    s0, a2
core   0: 0 0x80005854 (0x8c51) x8  0xffffffff
core   0: 0x80005856 (0x01ad1eb3) sll     t4, s10, s10
core   0: 0 0x80005856 (0x01ad1eb3) x29 0x00000000
core   0: 0x8000585a (0x000011fd) c.addi  gp, -1
core   0: 0 0x8000585a (0x11fd) x3  0xfffffffe
core   0: 0x8000585c (0x00000001) c.nop
core   0: 0 0x8000585c (0x0001)
core   0: 0x8000585e (0x00000001) c.nop
core   0: 0 0x8000585e (0x0001)
core   0: 0x80005860 (0x0dbfb213) sltiu   tp, t6, 219
core   0: 0 0x80005860 (0x0dbfb213) x4  0x00000001
core   0: 0x80005864 (0x0f30e713) ori     a4, ra, 243
core   0: 0 0x80005864 (0x0f30e713) x14 0xbda032ff
core   0: 0x80005868 (0x021204b3) mul     s1, tp, ra
core   0: 0 0x80005868 (0x021204b3) x9  0xbda032cd
core   0: 0x8000586c (0x0000ca01) c.beqz  a2, pc + 16
core   0: 0 0x8000586c (0xca01)
core   0: 0x8000586e (0x0d26b913) sltiu   s2, a3, 210
core   0: 0 0x8000586e (0x0d26b913) x18 0x00000000
core   0: 0x80005872 (0x000087c5) c.srai  a5, 17
core   0: 0 0x80005872 (0x87c5) x15 0x0000212f
core   0: 0x80005874 (0xb6bf6413) ori     s0, t5, -1173
core   0: 0 0x80005874 (0xb6bf6413) x8  0xfffffffb
core   0: 0x80005878 (0x027fc633) div     a2, t6, t2
core   0: 0 0x80005878 (0x027fc633) x12 0xffffffff
core   0: 0x8000587c (0x0000100f) fence.i
core   0: 0 0x8000587c (0x0000100f)
core   0: 0x80005880 (0x00004289) c.li    t0, 2
core   0: 0 0x80005880 (0x4289) x5  0x00000002
core   0: 0x80005882 (0xe4d7c193) xori    gp, a5, -435
core   0: 0 0x80005882 (0xe4d7c193) x3  0xffffdf62
core   0: 0x80005886 (0x00ec08b3) add     a7, s8, a4
core   0: 0 0x80005886 (0x00ec08b3) x17 0x424ab2ff
core   0: 0x8000588a (0x0329f433) remu    s0, s3, s2
core   0: 0 0x8000588a (0x0329f433) x8  0x80021e64
core   0: 0x8000588e (0x00000001) c.nop
core   0: 0 0x8000588e (0x0001)
core   0: 0x80005890 (0x61358613) addi    a2, a1, 1555
core   0: 0 0x80005890 (0x61358613) x12 0x00000633
core   0: 0x80005894 (0x04147363) bgeu    s0, ra, pc + 70
core   0: 0 0x80005894 (0x04147363)
core   0: 0x80005898 (0x0370cf63) blt     ra, s7, pc + 62
core   0: 0 0x80005898 (0x0370cf63)
core   0: 0x8000589c (0x00008e15) c.sub   a2, a3
core   0: 0 0x8000589c (0x8e15) x12 0xfda0aaee
core   0: 0x8000589e (0xb3227913) andi    s2, tp, -1230
core   0: 0 0x8000589e (0xb3227913) x18 0x00000000
core   0: 0x800058a2 (0x03881363) bne     a6, s8, pc + 38
core   0: 0 0x800058a2 (0x03881363)
core   0: 0x800058c8 (0x00008cd1) c.or    s1, a2
core   0: 0 0x800058c8 (0x8cd1) x9  0xfda0baef
core   0: 0x800058ca (0x0284bb33) mulhu   s6, s1, s0
core   0: 0 0x800058ca (0x0284bb33) x22 0x7ed276d4
core   0: 0x800058ce (0x03c4c0b3) div     ra, s1, t3
core   0: 0 0x800058ce (0x03c4c0b3) x1  0x00000000
core   0: 0x800058d2 (0x0000100f) fence.i
core   0: 0 0x800058d2 (0x0000100f)
core   0: 0x800058d6 (0x02a6ce33) div     t3, a3, a0
core   0: 0 0x800058d6 (0x02a6ce33) x28 0x00000000
core   0: 0x800058da (0x02ff9033) mulh    zero, t6, a5
core   0: 0 0x800058da (0x02ff9033)
core   0: 0x800058de (0x00008da9) c.xor   a1, a0
core   0: 0 0x800058de (0x8da9) x11 0xbda23ecd
core   0: 0x800058e0 (0x0231e963) bltu    gp, gp, pc + 50
core   0: 0 0x800058e0 (0x0231e963)
core   0: 0x800058e4 (0x0000e409) c.bnez  s0, pc + 10
core   0: 0 0x800058e4 (0xe409)
core   0: 0x800058ee (0x0000ef01) c.bnez  a4, pc + 24
core   0: 0 0x800058ee (0xef01)
core   0: 0x80005906 (0x039888b3) mul     a7, a7, s9
core   0: 0 0x80005906 (0x039888b3) x17 0xc8d90f1c
core   0: 0x8000590a (0x00e21393) slli    t2, tp, 14
core   0: 0 0x8000590a (0x00e21393) x7  0x00004000
core   0: 0x8000590e (0x00006165) c.addi16sp sp, 112
core   0: 0 0x8000590e (0x6165) x2  0x00000668
core   0: 0x80005910 (0x0000854a) c.mv    a0, s2
core   0: 0 0x80005910 (0x854a) x10 0x00000000
core   0: 0x80005912 (0x41298533) sub     a0, s3, s2
core   0: 0 0x80005912 (0x41298533) x10 0x80021e64
core   0: 0x80005916 (0x00001f10) c.addi4spn a2, sp, 944
core   0: 0 0x80005916 (0x1f10) x12 0x00000a18
core   0: 0x80005918 (0x00008fad) c.xor   a5, a1
core   0: 0 0x80005918 (0x8fad) x15 0xbda21fe2
core   0: 0x8000591a (0x032ed7b3) divu    a5, t4, s2
core   0: 0 0x8000591a (0x032ed7b3) x15 0xffffffff
core   0: 0x8000591e (0x00008aa1) c.andi  a3, 8
core   0: 0 0x8000591e (0x8aa1) x13 0x00000000
core   0: 0x80005920 (0x02b5f133) remu    sp, a1, a1
core   0: 0 0x80005920 (0x02b5f133) x2  0x00000000
core   0: 0x80005924 (0x00001118) c.addi4spn a4, sp, 160
core   0: 0 0x80005924 (0x1118) x14 0x000000a0
core   0: 0x80005926 (0x00008de1) c.and   a1, s0
core   0: 0 0x80005926 (0x8de1) x11 0x80021e44
core   0: 0x80005928 (0xf0406c13) ori     s8, zero, -252
core   0: 0 0x80005928 (0xf0406c13) x24 0xffffff04
core   0: 0x8000592c (0x000010fd) c.addi  ra, -1
core   0: 0 0x8000592c (0x10fd) x1  0xffffffff
core   0: 0x8000592e (0x402a05b3) sub     a1, s4, sp
core   0: 0 0x8000592e (0x402a05b3) x11 0x9c800000
core   0: 0x80005932 (0x0000ef85) c.bnez  a5, pc + 56
core   0: 0 0x80005932 (0xef85)
core   0: 0x8000596a (0xb9678137) lui     sp, 0xb9678
core   0: 0 0x8000596a (0xb9678137) x2  0xb9678000
core   0: 0x8000596e (0x000084ad) c.srai  s1, 11
core   0: 0 0x8000596e (0x84ad) x9  0xffffb417
core   0: 0x80005970 (0x01bef5b3) and     a1, t4, s11
core   0: 0 0x80005970 (0x01bef5b3) x11 0x00000000
core   0: 0x80005974 (0x593f2117) auipc   sp, 0x593f2
core   0: 0 0x80005974 (0x593f2117) x2  0xd93f7974
core   0: 0x80005978 (0x00000001) c.nop
core   0: 0 0x80005978 (0x0001)
core   0: 0x8000597a (0x01829a63) bne     t0, s8, pc + 20
core   0: 0 0x8000597a (0x01829a63)
core   0: 0x8000598e (0xb7ad8513) addi    a0, s11, -1158
core   0: 0 0x8000598e (0xb7ad8513) x10 0x7ffffb7a
core   0: 0x80005992 (0x00008e71) c.and   a2, a2
core   0: 0 0x80005992 (0x8e71) x12 0x00000a18
core   0: 0x80005994 (0x0000717d) c.addi16sp sp, -16
core   0: 0 0x80005994 (0x717d) x2  0xd93f7964
core   0: 0x80005996 (0x00008d19) c.sub   a0, a4
core   0: 0 0x80005996 (0x8d19) x10 0x7ffffada
core   0: 0x80005998 (0x411b0333) sub     t1, s6, a7
core   0: 0 0x80005998 (0x411b0333) x6  0xb5f967b8
core   0: 0x8000599c (0x0000c385) c.beqz  a5, pc + 32
core   0: 0 0x8000599c (0xc385)
core   0: 0x8000599e (0x00995c33) srl     s8, s2, s1
core   0: 0 0x8000599e (0x00995c33) x24 0x00000000
core   0: 0x800059a2 (0x0001e863) bltu    gp, zero, pc + 16
core   0: 0 0x800059a2 (0x0001e863)
core   0: 0x800059a6 (0x4133d7b3) sra     a5, t2, s3
core   0: 0 0x800059a6 (0x4133d7b3) x15 0x00000400
core   0: 0x800059aa (0x167aaf17) auipc   t5, 0x167aa
core   0: 0 0x800059aa (0x167aaf17) x30 0x967af9aa
core   0: 0x800059ae (0x402f8bb3) sub     s7, t6, sp
core   0: 0 0x800059ae (0x402f8bb3) x23 0x26c0869d
core   0: 0x800059b2 (0x780a7813) andi    a6, s4, 1920
core   0: 0 0x800059b2 (0x780a7813) x16 0x00000000
core   0: 0x800059b6 (0x0078f533) and     a0, a7, t2
core   0: 0 0x800059b6 (0x0078f533) x10 0x00000000
core   0: 0x800059ba (0x0000617d) c.addi16sp sp, 496
core   0: 0 0x800059ba (0x617d) x2  0xd93f7b54
core   0: 0x800059bc (0x02151433) mulh    s0, a0, ra
core   0: 0 0x800059bc (0x02151433) x8  0x00000000
core   0: 0x800059c0 (0x025acc63) blt     s5, t0, pc + 56
core   0: 0 0x800059c0 (0x025acc63)
core   0: 0x800059f8 (0x47b3a193) slti    gp, t2, 1147
core   0: 0 0x800059f8 (0x47b3a193) x3  0x00000000
core   0: 0x800059fc (0x6b60a837) lui     a6, 0x6b60a
core   0: 0 0x800059fc (0x6b60a837) x16 0x6b60a000
core   0: 0x80005a00 (0x03f133b3) mulhu   t2, sp, t6
core   0: 0 0x80005a00 (0x03f133b3) x7  0x00000000
core   0: 0x80005a04 (0x00ef4533) xor     a0, t5, a4
core   0: 0 0x80005a04 (0x00ef4533) x10 0x967af90a
core   0: 0x80005a08 (0x037d3733) mulhu   a4, s10, s7
core   0: 0 0x80005a08 (0x037d3733) x14 0x00000000
core   0: 0x80005a0c (0x00000311) c.addi  t1, 4
core   0: 0 0x80005a0c (0x0311) x6  0xb5f967bc
core   0: 0x80005a0e (0x01e45663) bge     s0, t5, pc + 12
core   0: 0 0x80005a0e (0x01e45663)
core   0: 0x80005a1a (0x29143f93) sltiu   t6, s0, 657
core   0: 0 0x80005a1a (0x29143f93) x31 0x00000001
core   0: 0x80005a1e (0x00000001) c.nop
core   0: 0 0x80005a1e (0x0001)
core   0: 0x80005a20 (0x0000614d) c.addi16sp sp, 176
core   0: 0 0x80005a20 (0x614d) x2  0xd93f7c04
core   0: 0x80005a22 (0x00000001) c.nop
core   0: 0 0x80005a22 (0x0001)
core   0: 0x80005a24 (0x00000001) c.nop
core   0: 0 0x80005a24 (0x0001)
core   0: 0x80005a26 (0x01a65433) srl     s0, a2, s10
core   0: 0 0x80005a26 (0x01a65433) x8  0x00000a18
core   0: 0x80005a2a (0x00006175) c.addi16sp sp, 368
core   0: 0 0x80005a2a (0x6175) x2  0xd93f7d74
core   0: 0x80005a2c (0x00009b7d) c.andi  a4, -1
core   0: 0 0x80005a2c (0x9b7d) x14 0x00000000
core   0: 0x80005a2e (0x78ad0593) addi    a1, s10, 1930
core   0: 0 0x80005a2e (0x78ad0593) x11 0x0000078a
core   0: 0x80005a32 (0x00335e33) srl     t3, t1, gp
core   0: 0 0x80005a32 (0x00335e33) x28 0xb5f967bc
core   0: 0x80005a36 (0x0000117d) c.addi  sp, -1
core   0: 0 0x80005a36 (0x117d) x2  0xd93f7d73
core   0: 0x80005a38 (0x00000001) c.nop
core   0: 0 0x80005a38 (0x0001)
core   0: 0x80005a3a (0x01372333) slt     t1, a4, s3
core   0: 0 0x80005a3a (0x01372333) x6  0x00000000
core   0: 0x80005a3e (0x012b5c33) srl     s8, s6, s2
core   0: 0 0x80005a3e (0x012b5c33) x24 0x7ed276d4
core   0: 0x80005a42 (0x03e8e863) bltu    a7, t5, pc + 48
core   0: 0 0x80005a42 (0x03e8e863)
core   0: 0x80005a46 (0x032c1663) bne     s8, s2, pc + 44
core   0: 0 0x80005a46 (0x032c1663)
core   0: 0x80005a72 (0x41455213) srai    tp, a0, 20
core   0: 0 0x80005a72 (0x41455213) x4  0xfffff967
core   0: 0x80005a76 (0x41840433) sub     s0, s0, s8
core   0: 0 0x80005a76 (0x41840433) x8  0x812d9344
core   0: 0x80005a7a (0x00008e29) c.xor   a2, a0
core   0: 0 0x80005a7a (0x8e29) x12 0x967af312
core   0: 0x80005a7c (0x00618863) beq     gp, t1, pc + 16
core   0: 0 0x80005a7c (0x00618863)
core   0: 0x80005a8c (0x0216feb3) remu    t4, a3, ra
core   0: 0 0x80005a8c (0x0216feb3) x29 0x00000000
core   0: 0x80005a90 (0x026b7463) bgeu    s6, t1, pc + 40
core   0: 0 0x80005a90 (0x026b7463)
core   0: 0x80005ab8 (0x0000567d) c.li    a2, -1
core   0: 0 0x80005ab8 (0x567d) x12 0xffffffff
core   0: 0x80005aba (0x00000329) c.addi  t1, 10
core   0: 0 0x80005aba (0x0329) x6  0x0000000a
core   0: 0x80005abc (0x00008dbd) c.xor   a1, a5
core   0: 0 0x80005abc (0x8dbd) x11 0x0000038a
core   0: 0x80005abe (0x03f2c063) blt     t0, t6, pc + 32
core   0: 0 0x80005abe (0x03f2c063)
core   0: 0x80005ac2 (0x534ae297) auipc   t0, 0x534ae
core   0: 0 0x80005ac2 (0x534ae297) x5  0xd34b3ac2
core   0: 0x80005ac6 (0x01c2c333) xor     t1, t0, t3
core   0: 0 0x80005ac6 (0x01c2c333) x6  0x66b25d7e
core   0: 0x80005aca (0x007fc5b3) xor     a1, t6, t2
core   0: 0 0x80005aca (0x007fc5b3) x11 0x00000001
core   0: 0x80005ace (0x00ac7833) and     a6, s8, a0
core   0: 0 0x80005ace (0x00ac7833) x16 0x16527000
core   0: 0x80005ad2 (0x00000001) c.nop
core   0: 0 0x80005ad2 (0x0001)
core   0: 0x80005ad4 (0x03f91163) bne     s2, t6, pc + 34
core   0: 0 0x80005ad4 (0x03f91163)
core   0: 0x80005af6 (0x00000f18) c.addi4spn a4, sp, 912
core   0: 0 0x80005af6 (0x0f18) x14 0xd93f8103
core   0: 0x80005af8 (0x02854533) div     a0, a0, s0
core   0: 0 0x80005af8 (0x02854533) x10 0x00000000
core   0: 0x80005afc (0x00004fc9) c.li    t6, 18
core   0: 0 0x80005afc (0x4fc9) x31 0x00000012
core   0: 0x80005afe (0x000086b9) c.srai  a3, 14
core   0: 0 0x80005afe (0x86b9) x13 0x00000000
core   0: 0x80005b00 (0x0000854d) c.srai  a0, 19
core   0: 0 0x80005b00 (0x854d) x10 0x00000000
core   0: 0x80005b02 (0x01f51d33) sll     s10, a0, t6
core   0: 0 0x80005b02 (0x01f51d33) x26 0x00000000
core   0: 0x80005b06 (0x00008c1d) c.sub   s0, a5
core   0: 0 0x80005b06 (0x8c1d) x8  0x812d8f44
core   0: 0x80005b08 (0xe697e213) ori     tp, a5, -407
core   0: 0 0x80005b08 (0xe697e213) x4  0xfffffe69
core   0: 0x80005b0c (0x00498b33) add     s6, s3, tp
core   0: 0 0x80005b0c (0x00498b33) x22 0x80021ccd
core   0: 0x80005b10 (0x00009a3a) c.add   s4, a4
core   0: 0 0x80005b10 (0x9a3a) x20 0x75bf8103
core   0: 0x80005b12 (0x44109737) lui     a4, 0x44109
core   0: 0 0x80005b12 (0x44109737) x14 0x44109000
core   0: 0x80005b16 (0x0000043d) c.addi  s0, 15
core   0: 0 0x80005b16 (0x043d) x8  0x812d8f53
core   0: 0x80005b18 (0x410d83b3) sub     t2, s11, a6
core   0: 0 0x80005b18 (0x410d83b3) x7  0x69ad9000
core   0: 0x80005b1c (0x01cfdf33) srl     t5, t6, t3
core   0: 0 0x80005b1c (0x01cfdf33) x30 0x00000000
core   0: 0x80005b20 (0x000088c9) c.andi  s1, 18
core   0: 0 0x80005b20 (0x88c9) x9  0x00000012
core   0: 0x80005b22 (0x400b5393) srai    t2, s6, 0
core   0: 0 0x80005b22 (0x400b5393) x7  0x80021ccd
core   0: 0x80005b26 (0x00ba1333) sll     t1, s4, a1
core   0: 0 0x80005b26 (0x00ba1333) x6  0xeb7f0206
core   0: 0x80005b2a (0x01df7533) and     a0, t5, t4
core   0: 0 0x80005b2a (0x01df7533) x10 0x00000000
core   0: 0x80005b2e (0x00f1dc13) srli    s8, gp, 15
core   0: 0 0x80005b2e (0x00f1dc13) x24 0x00000000
core   0: 0x80005b32 (0x000006a1) c.addi  a3, 8
core   0: 0 0x80005b32 (0x06a1) x13 0x00000008
core   0: 0x80005b34 (0x01d35233) srl     tp, t1, t4
core   0: 0 0x80005b34 (0x01d35233) x4  0xeb7f0206
core   0: 0x80005b38 (0x0243ad33) mulhsu  s10, t2, tp
core   0: 0 0x80005b38 (0x0243ad33) x26 0x8a427079
core   0: 0x80005b3c (0x00008ce5) c.and   s1, s1
core   0: 0 0x80005b3c (0x8ce5) x9  0x00000012
core   0: 0x80005b3e (0x00008d6d) c.and   a0, a1
core   0: 0 0x80005b3e (0x8d6d) x10 0x00000000
core   0: 0x80005b40 (0x040c9163) bnez    s9, pc + 66
core   0: 0 0x80005b40 (0x040c9163)
core   0: 0x80005b82 (0x000012fd) c.addi  t0, -1
core   0: 0 0x80005b82 (0x12fd) x5  0xd34b3ac1
core   0: 0x80005b84 (0x033c10b3) mulh    ra, s8, s3
core   0: 0 0x80005b84 (0x033c10b3) x1  0x00000000
core   0: 0x80005b88 (0x0000717d) c.addi16sp sp, -16
core   0: 0 0x80005b88 (0x717d) x2  0xd93f7d63
core   0: 0x80005b8a (0x039bf8b3) remu    a7, s7, s9
core   0: 0 0x80005b8a (0x039bf8b3) x17 0x26c0869d
core   0: 0x80005b8e (0x00d7c963) blt     a5, a3, pc + 18
core   0: 0 0x80005b8e (0x00d7c963)
core   0: 0x80005b92 (0x00008fbd) c.xor   a5, a5
core   0: 0 0x80005b92 (0x8fbd) x15 0x00000000
core   0: 0x80005b94 (0x020bf733) remu    a4, s7, zero
core   0: 0 0x80005b94 (0x020bf733) x14 0x26c0869d
core   0: 0x80005b98 (0x036b2233) mulhsu  tp, s6, s6
core   0: 0 0x80005b98 (0x036b2233) x4  0xc0000004
core   0: 0x80005b9c (0x03a0c0b3) div     ra, ra, s10
core   0: 0 0x80005b9c (0x03a0c0b3) x1  0x00000000
core   0: 0x80005ba0 (0x00000001) c.nop
core   0: 0 0x80005ba0 (0x0001)
core   0: 0x80005ba2 (0x01e74463) blt     a4, t5, pc + 8
core   0: 0 0x80005ba2 (0x01e74463)
core   0: 0x80005ba6 (0x0000100f) fence.i
core   0: 0 0x80005ba6 (0x0000100f)
core   0: 0x80005baa (0x036f48b3) div     a7, t5, s6
core   0: 0 0x80005baa (0x036f48b3) x17 0x00000000
core   0: 0x80005bae (0x00000406) c.slli  s0, 1
core   0: 0 0x80005bae (0x0406) x8  0x025b1ea6
core   0: 0x80005bb0 (0x0341cb63) blt     gp, s4, pc + 54
core   0: 0 0x80005bb0 (0x0341cb63)
core   0: 0x80005be6 (0x00000001) c.nop
core   0: 0 0x80005be6 (0x0001)
core   0: 0x80005be8 (0x00009922) c.add   s2, s0
core   0: 0 0x80005be8 (0x9922) x18 0x025b1ea6
core   0: 0x80005bea (0x0000997d) c.andi  a0, -1
core   0: 0 0x80005bea (0x997d) x10 0x00000000
core   0: 0x80005bec (0x02c182b3) mul     t0, gp, a2
core   0: 0 0x80005bec (0x02c182b3) x5  0x00000000
core   0: 0x80005bf0 (0x0000c78d) c.beqz  a5, pc + 42
core   0: 0 0x80005bf0 (0xc78d)
core   0: 0x80005c1a (0x00008736) c.mv    a4, a3
core   0: 0 0x80005c1a (0x8736) x14 0x00000008
core   0: 0x80005c1c (0x00008db9) c.xor   a1, a4
core   0: 0 0x80005c1c (0x8db9) x11 0x00000009
core   0: 0x80005c1e (0x6af60f37) lui     t5, 0x6af60
core   0: 0 0x80005c1e (0x6af60f37) x30 0x6af60000
core   0: 0x80005c22 (0x00000001) c.nop
core   0: 0 0x80005c22 (0x0001)
core   0: 0x80005c24 (0xf2102e97) auipc   t4, 0xf2102
core   0: 0 0x80005c24 (0xf2102e97) x29 0x72107c24
core   0: 0x80005c28 (0x00008d29) c.xor   a0, a0
core   0: 0 0x80005c28 (0x8d29) x10 0x00000000
core   0: 0x80005c2a (0x00008f25) c.xor   a4, s1
core   0: 0 0x80005c2a (0x8f25) x14 0x0000001a
core   0: 0x80005c2c (0x00000bba) c.slli  s7, 14
core   0: 0 0x80005c2c (0x0bba) x23 0x21a74000
core   0: 0x80005c2e (0x031791b3) mulh    gp, a5, a7
core   0: 0 0x80005c2e (0x031791b3) x3  0x00000000
core   0: 0x80005c32 (0x008bb6b3) sltu    a3, s7, s0
core   0: 0 0x80005c32 (0x008bb6b3) x13 0x00000000
core   0: 0x80005c36 (0x00008b81) c.andi  a5, 0
core   0: 0 0x80005c36 (0x8b81) x15 0x00000000
core   0: 0x80005c38 (0x4035dd13) srai    s10, a1, 3
core   0: 0 0x80005c38 (0x4035dd13) x26 0x00000001
core   0: 0x80005c3c (0x00006a29) c.lui   s4, 0xa
core   0: 0 0x80005c3c (0x6a29) x20 0x0000a000
core   0: 0x80005c3e (0x000c0f63) beqz    s8, pc + 30
core   0: 0 0x80005c3e (0x000c0f63)
core   0: 0x80005c5c (0x035c2133) mulhsu  sp, s8, s5
core   0: 0 0x80005c5c (0x035c2133) x2  0x00000000
core   0: 0x80005c60 (0x0301f733) remu    a4, gp, a6
core   0: 0 0x80005c60 (0x0301f733) x14 0x00000000
core   0: 0x80005c64 (0x017c0463) beq     s8, s7, pc + 8
core   0: 0 0x80005c64 (0x017c0463)
core   0: 0x80005c68 (0x0000e185) c.bnez  a1, pc + 32
core   0: 0 0x80005c68 (0xe185)
core   0: 0x80005c88 (0x03545b33) divu    s6, s0, s5
core   0: 0 0x80005c88 (0x03545b33) x22 0x025b1ea6
core   0: 0x80005c8c (0x9f526213) ori     tp, tp, -1547
core   0: 0 0x80005c8c (0x9f526213) x4  0xfffff9f5
core   0: 0x80005c90 (0x41a20833) sub     a6, tp, s10
core   0: 0 0x80005c90 (0x41a20833) x16 0xfffff9f4
core   0: 0x80005c94 (0x3e9d2237) lui     tp, 0x3e9d2
core   0: 0 0x80005c94 (0x3e9d2237) x4  0x3e9d2000
core   0: 0x80005c98 (0x00008f69) c.and   a4, a0
core   0: 0 0x80005c98 (0x8f69) x14 0x00000000
core   0: 0x80005c9a (0x032d3733) mulhu   a4, s10, s2
core   0: 0 0x80005c9a (0x032d3733) x14 0x00000000
core   0: 0x80005c9e (0x03824d63) blt     tp, s8, pc + 58
core   0: 0 0x80005c9e (0x03824d63)
core   0: 0x80005ca2 (0x0000e389) c.bnez  a5, pc + 2
core   0: 0 0x80005ca2 (0xe389)
core   0: 0x80005ca4 (0x0000189c) c.addi4spn a5, sp, 112
core   0: 0 0x80005ca4 (0x189c) x15 0x00000070
core   0: 0x80005ca6 (0x0000877a) c.mv    a4, t5
core   0: 0 0x80005ca6 (0x877a) x14 0x6af60000
core   0: 0x80005ca8 (0x00000001) c.nop
core   0: 0 0x80005ca8 (0x0001)
core   0: 0x80005caa (0x00000001) c.nop
core   0: 0 0x80005caa (0x0001)
core   0: 0x80005cac (0x00375ab3) srl     s5, a4, gp
core   0: 0 0x80005cac (0x00375ab3) x21 0x6af60000
core   0: 0x80005cb0 (0x0ab23a93) sltiu   s5, tp, 171
core   0: 0 0x80005cb0 (0x0ab23a93) x21 0x00000000
core   0: 0x80005cb4 (0x0000717d) c.addi16sp sp, -16
core   0: 0 0x80005cb4 (0x717d) x2  0xfffffff0
core   0: 0x80005cb6 (0x01016eb3) or      t4, sp, a6
core   0: 0 0x80005cb6 (0x01016eb3) x29 0xfffffff4
core   0: 0x80005cba (0x41b05593) srai    a1, zero, 27
core   0: 0 0x80005cba (0x41b05593) x11 0x00000000
core   0: 0x80005cbe (0x0000c499) c.beqz  s1, pc + 14
core   0: 0 0x80005cbe (0xc499)
core   0: 0x80005cc0 (0x41ca8233) sub     tp, s5, t3
core   0: 0 0x80005cc0 (0x41ca8233) x4  0x4a069844
core   0: 0x80005cc4 (0x03629a33) mulh    s4, t0, s6
core   0: 0 0x80005cc4 (0x03629a33) x20 0x00000000
core   0: 0x80005cc8 (0x03e8dc63) bge     a7, t5, pc + 56
core   0: 0 0x80005cc8 (0x03e8dc63)
core   0: 0x80005ccc (0x00008cb9) c.xor   s1, a4
core   0: 0 0x80005ccc (0x8cb9) x9  0x6af60012
core   0: 0x80005cce (0x00008959) c.andi  a0, 22
core   0: 0 0x80005cce (0x8959) x10 0x00000000
core   0: 0x80005cd0 (0x0000617d) c.addi16sp sp, 496
core   0: 0 0x80005cd0 (0x617d) x2  0x000001e0
core   0: 0x80005cd2 (0x02411963) bne     sp, tp, pc + 50
core   0: 0 0x80005cd2 (0x02411963)
core   0: 0x80005d04 (0x41e35093) srai    ra, t1, 30
core   0: 0 0x80005d04 (0x41e35093) x1  0xffffffff
core   0: 0x80005d08 (0xcc187613) andi    a2, a6, -831
core   0: 0 0x80005d08 (0xcc187613) x12 0xfffff8c0
core   0: 0x80005d0c (0x000056fd) c.li    a3, -1
core   0: 0 0x80005d0c (0x56fd) x13 0xffffffff
core   0: 0x80005d0e (0x03ab3a33) mulhu   s4, s6, s10
core   0: 0 0x80005d0e (0x03ab3a33) x20 0x00000000
core   0: 0x80005d12 (0x00e72eb3) slt     t4, a4, a4
core   0: 0 0x80005d12 (0x00e72eb3) x29 0x00000000
core   0: 0x80005d16 (0x013d76b3) and     a3, s10, s3
core   0: 0 0x80005d16 (0x013d76b3) x13 0x00000000
core   0: 0x80005d1a (0x3a067193) andi    gp, a2, 928
core   0: 0 0x80005d1a (0x3a067193) x3  0x00000080
core   0: 0x80005d1e (0x00008211) c.srli  a2, 4
core   0: 0 0x80005d1e (0x8211) x12 0x0fffff8c
core   0: 0x80005d20 (0x013fd963) bge     t6, s3, pc + 18
core   0: 0 0x80005d20 (0x013fd963)
core   0: 0x80005d32 (0x0000652d) c.lui   a0, 0xb
core   0: 0 0x80005d32 (0x652d) x10 0x0000b000
core   0: 0x80005d34 (0x0000eb8d) c.bnez  a5, pc + 50
core   0: 0 0x80005d34 (0xeb8d)
core   0: 0x80005d66 (0x0018ba33) sltu    s4, a7, ra
core   0: 0 0x80005d66 (0x0018ba33) x20 0x00000001
core   0: 0x80005d6a (0x00008541) c.srai  a0, 16
core   0: 0 0x80005d6a (0x8541) x10 0x00000000
core   0: 0x80005d6c (0x01305e93) srli    t4, zero, 19
core   0: 0 0x80005d6c (0x01305e93) x29 0x00000000
core   0: 0x80005d70 (0x00000a26) c.slli  s4, 9
core   0: 0 0x80005d70 (0x0a26) x20 0x00000200
core   0: 0x80005d72 (0x00066eb3) or      t4, a2, zero
core   0: 0 0x80005d72 (0x00066eb3) x29 0x0fffff8c
core   0: 0x80005d76 (0x029c1563) bne     s8, s1, pc + 42
core   0: 0 0x80005d76 (0x029c1563)
core   0: 0x80005da0 (0x010f66b3) or      a3, t5, a6
core   0: 0 0x80005da0 (0x010f66b3) x13 0xfffff9f4
core   0: 0x80005da4 (0xde858b97) auipc   s7, 0xde858
core   0: 0 0x80005da4 (0xde858b97) x23 0x5e85dda4
core   0: 0x80005da8 (0x01a75c13) srli    s8, a4, 26
core   0: 0 0x80005da8 (0x01a75c13) x24 0x0000001a
core   0: 0x80005dac (0x00000001) c.nop
core   0: 0 0x80005dac (0x0001)
core   0: 0x80005dae (0x03795963) bge     s2, s7, pc + 50
core   0: 0 0x80005dae (0x03795963)
core   0: 0x80005db2 (0x40ba8533) sub     a0, s5, a1
core   0: 0 0x80005db2 (0x40ba8533) x10 0x00000000
core   0: 0x80005db6 (0x00008ec5) c.or    a3, s1
core   0: 0 0x80005db6 (0x8ec5) x13 0xfffff9f6
core   0: 0x80005db8 (0x00008f81) c.sub   a5, s0
core   0: 0 0x80005db8 (0x8f81) x15 0xfda4e1ca
core   0: 0x80005dba (0x0ff0000f) fence   iorw,iorw
core   0: 0 0x80005dba (0x0ff0000f)
core   0: 0x80005dbe (0x03d11a33) mulh    s4, sp, t4
core   0: 0 0x80005dbe (0x03d11a33) x20 0x0000001d
core   0: 0x80005dc2 (0xc9644b93) xori    s7, s0, -874
core   0: 0 0x80005dc2 (0xc9644b93) x23 0xfda4e230
core   0: 0x80005dc6 (0x026e3eb3) mulhu   t4, t3, t1
core   0: 0 0x80005dc6 (0x026e3eb3) x29 0xa7663a64
core   0: 0x80005dca (0x01be0d63) beq     t3, s11, pc + 26
core   0: 0 0x80005dca (0x01be0d63)
core   0: 0x80005dce (0x49fa0513) addi    a0, s4, 1183
core   0: 0 0x80005dce (0x49fa0513) x10 0x000004bc
core   0: 0x80005dd2 (0x000085d1) c.srai  a1, 20
core   0: 0 0x80005dd2 (0x85d1) x11 0x00000000
core   0: 0x80005dd4 (0x000058fd) c.li    a7, -1
core   0: 0 0x80005dd4 (0x58fd) x17 0xffffffff
core   0: 0x80005dd6 (0x00088d33) add     s10, a7, zero
core   0: 0 0x80005dd6 (0x00088d33) x26 0xffffffff
core   0: 0x80005dda (0x0324ca63) blt     s1, s2, pc + 52
core   0: 0 0x80005dda (0x0324ca63)
core   0: 0x80005dde (0x00008c59) c.or    s0, a4
core   0: 0 0x80005dde (0x8c59) x8  0x6aff1ea6
core   0: 0x80005de0 (0x00008741) c.srai  a4, 16
core   0: 0 0x80005de0 (0x8741) x14 0x00006af6
core   0: 0x80005de2 (0x00000f8a) c.slli  t6, 2
core   0: 0 0x80005de2 (0x0f8a) x31 0x00000048
core   0: 0x80005de4 (0x000068ad) c.lui   a7, 0xb
core   0: 0 0x80005de4 (0x68ad) x17 0x0000b000
core   0: 0x80005de6 (0x000016fd) c.addi  a3, -1
core   0: 0 0x80005de6 (0x16fd) x13 0xfffff9f5
core   0: 0x80005de8 (0x000060a1) c.lui   ra, 0x8
core   0: 0 0x80005de8 (0x60a1) x1  0x00008000
core   0: 0x80005dea (0x0021ea63) bltu    gp, sp, pc + 20
core   0: 0 0x80005dea (0x0021ea63)
core   0: 0x80005dfe (0x0032ee63) bltu    t0, gp, pc + 28
core   0: 0 0x80005dfe (0x0032ee63)
core   0: 0x80005e1a (0x0168ba33) sltu    s4, a7, s6
core   0: 0 0x80005e1a (0x0168ba33) x20 0x00000001
core   0: 0x80005e1e (0x00cc9493) slli    s1, s9, 12
core   0: 0 0x80005e1e (0x00cc9493) x9  0x25ce4000
core   0: 0x80005e22 (0x032f86b3) mul     a3, t6, s2
core   0: 0 0x80005e22 (0x032f86b3) x13 0xa9a09eb0
core   0: 0x80005e26 (0x00dc0663) beq     s8, a3, pc + 12
core   0: 0 0x80005e26 (0x00dc0663)
core   0: 0x80005e2a (0x010201b3) add     gp, tp, a6
core   0: 0 0x80005e2a (0x010201b3) x3  0x4a069238
core   0: 0x80005e2e (0x00567a63) bgeu    a2, t0, pc + 20
core   0: 0 0x80005e2e (0x00567a63)
core   0: 0x80005e42 (0x02e1f8b3) remu    a7, gp, a4
core   0: 0 0x80005e42 (0x02e1f8b3) x17 0x000019f0
core   0: 0x80005e46 (0x5a1f2a93) slti    s5, t5, 1441
core   0: 0 0x80005e46 (0x5a1f2a93) x21 0x00000000
core   0: 0x80005e4a (0x02d3f3b3) remu    t2, t2, a3
core   0: 0 0x80005e4a (0x02d3f3b3) x7  0x80021ccd
core   0: 0x80005e4e (0x5836ca37) lui     s4, 0x5836c
core   0: 0 0x80005e4e (0x5836ca37) x20 0x5836c000
core   0: 0x80005e52 (0x01b830b3) sltu    ra, a6, s11
core   0: 0 0x80005e52 (0x01b830b3) x1  0x00000000
core   0: 0x80005e56 (0x02917233) remu    tp, sp, s1
core   0: 0 0x80005e56 (0x02917233) x4  0x000001e0
core   0: 0x80005e5a (0x92d78293) addi    t0, a5, -1747
core   0: 0 0x80005e5a (0x92d78293) x5  0xfda4daf7
core   0: 0x80005e5e (0x00008a19) c.andi  a2, 6
core   0: 0 0x80005e5e (0x8a19) x12 0x00000004
core   0: 0x80005e60 (0x00cd9b33) sll     s6, s11, a2
core   0: 0 0x80005e60 (0x00cd9b33) x22 0x00000000
core   0: 0x80005e64 (0x025edd63) bge     t4, t0, pc + 58
core   0: 0 0x80005e64 (0x025edd63)
core   0: 0x80005e68 (0x000082e5) c.srli  a3, 25
core   0: 0 0x80005e68 (0x82e5) x13 0x00000054
core   0: 0x80005e6a (0x00008d79) c.and   a0, a4
core   0: 0 0x80005e6a (0x8d79) x10 0x000000b4
core   0: 0x80005e6c (0x4002d3b3) sra     t2, t0, zero
core   0: 0 0x80005e6c (0x4002d3b3) x7  0xfda4daf7
core   0: 0x80005e70 (0x0000c691) c.beqz  a3, pc + 12
core   0: 0 0x80005e70 (0xc691)
core   0: 0x80005e72 (0x00b831b3) sltu    gp, a6, a1
core   0: 0 0x80005e72 (0x00b831b3) x3  0x00000000
core   0: 0x80005e76 (0x02b70133) mul     sp, a4, a1
core   0: 0 0x80005e76 (0x02b70133) x2  0x00000000
core   0: 0x80005e7a (0x00000001) c.nop
core   0: 0 0x80005e7a (0x0001)
core   0: 0x80005e7c (0x0000920a) c.add   tp, sp
core   0: 0 0x80005e7c (0x920a) x4  0x000001e0
core   0: 0x80005e7e (0x02269463) bne     a3, sp, pc + 40
core   0: 0 0x80005e7e (0x02269463)
core   0: 0x80005ea6 (0x00000001) c.nop
core   0: 0 0x80005ea6 (0x0001)
core   0: 0x80005ea8 (0x000093d6) c.add   t2, s5
core   0: 0 0x80005ea8 (0x93d6) x7  0xfda4daf7
core   0: 0x80005eaa (0x01f8fbb3) and     s7, a7, t6
core   0: 0 0x80005eaa (0x01f8fbb3) x23 0x00000040
core   0: 0x80005eae (0xc8426a13) ori     s4, tp, -892
core   0: 0 0x80005eae (0xc8426a13) x20 0xfffffde4
core   0: 0x80005eb2 (0x020ff6b3) remu    a3, t6, zero
core   0: 0 0x80005eb2 (0x020ff6b3) x13 0x00000048
core   0: 0x80005eb6 (0x02bded33) rem     s10, s11, a1
core   0: 0 0x80005eb6 (0x02bded33) x26 0x80000000
core   0: 0x80005eba (0x404fdd33) sra     s10, t6, tp
core   0: 0 0x80005eba (0x404fdd33) x26 0x00000048
core   0: 0x80005ebe (0xfccbf693) andi    a3, s7, -52
core   0: 0 0x80005ebe (0xfccbf693) x13 0x00000040
core   0: 0x80005ec2 (0x0000100f) fence.i
core   0: 0 0x80005ec2 (0x0000100f)
core   0: 0x80005ec6 (0x037068b3) rem     a7, zero, s7
core   0: 0 0x80005ec6 (0x037068b3) x17 0x00000000
core   0: 0x80005eca (0x7c0c0d13) addi    s10, s8, 1984
core   0: 0 0x80005eca (0x7c0c0d13) x26 0x000007da
core   0: 0x80005ece (0x779acc17) auipc   s8, 0x779ac
core   0: 0 0x80005ece (0x779acc17) x24 0xf79b1ece
core   0: 0x80005ed2 (0x03dfc163) blt     t6, t4, pc + 34
core   0: 0 0x80005ed2 (0x03dfc163)
core   0: 0x80005ed6 (0x0042d0b3) srl     ra, t0, tp
core   0: 0 0x80005ed6 (0x0042d0b3) x1  0xfda4daf7
core   0: 0x80005eda (0x01f31293) slli    t0, t1, 31
core   0: 0 0x80005eda (0x01f31293) x5  0x00000000
core   0: 0x80005ede (0x03e4dbb3) divu    s7, s1, t5
core   0: 0 0x80005ede (0x03e4dbb3) x23 0x00000000
core   0: 0x80005ee2 (0x00008675) c.srai  a2, 29
core   0: 0 0x80005ee2 (0x8675) x12 0x00000000
core   0: 0x80005ee4 (0x00a9da63) bge     s3, a0, pc + 20
core   0: 0 0x80005ee4 (0x00a9da63)
core   0: 0x80005ee8 (0x0000100f) fence.i
core   0: 0 0x80005ee8 (0x0000100f)
core   0: 0x80005eec (0x14c0a513) slti    a0, ra, 332
core   0: 0 0x80005eec (0x14c0a513) x10 0x00000001
core   0: 0x80005ef0 (0x039916b3) mulh    a3, s2, s9
core   0: 0 0x80005ef0 (0x039916b3) x13 0xfed2763e
core   0: 0x80005ef4 (0x02ca9733) mulh    a4, s5, a2
core   0: 0 0x80005ef4 (0x02ca9733) x14 0x00000000
core   0: 0x80005ef8 (0x029a3f33) mulhu   t5, s4, s1
core   0: 0 0x80005ef8 (0x029a3f33) x30 0x25ce3fb0
core   0: 0x80005efc (0x62883d13) sltiu   s10, a6, 1576
core   0: 0 0x80005efc (0x62883d13) x26 0x00000000
core   0: 0x80005f00 (0x03984a33) div     s4, a6, s9
core   0: 0 0x80005f00 (0x03984a33) x20 0x00000000
core   0: 0x80005f04 (0xfc66f493) andi    s1, a3, -58
core   0: 0 0x80005f04 (0xfc66f493) x9  0xfed27606
core   0: 0x80005f08 (0x039dd133) divu    sp, s11, s9
core   0: 0 0x80005f08 (0x039dd133) x2  0x00000000
core   0: 0x80005f0c (0x0093c5b3) xor     a1, t2, s1
core   0: 0 0x80005f0c (0x0093c5b3) x11 0x0376acf1
core   0: 0x80005f10 (0x00004901) c.li    s2, 0
core   0: 0 0x80005f10 (0x4901) x18 0x00000000
core   0: 0x80005f12 (0x000051fd) c.li    gp, -1
core   0: 0 0x80005f12 (0x51fd) x3  0xffffffff
core   0: 0x80005f14 (0x0000ef05) c.bnez  a4, pc + 56
core   0: 0 0x80005f14 (0xef05)
core   0: 0x80005f16 (0x007f1413) slli    s0, t5, 7
core   0: 0 0x80005f16 (0x007f1413) x8  0xe71fd800
core   0: 0x80005f1a (0x0105cf33) xor     t5, a1, a6
core   0: 0 0x80005f1a (0x0105cf33) x30 0xfc895505
core   0: 0x80005f1e (0x0251d7b3) divu    a5, gp, t0
core   0: 0 0x80005f1e (0x0251d7b3) x15 0xffffffff
core   0: 0x80005f22 (0x000099fd) c.andi  a1, -1
core   0: 0 0x80005f22 (0x99fd) x11 0x0376acf1
core   0: 0x80005f24 (0x01c5cc33) xor     s8, a1, t3
core   0: 0 0x80005f24 (0x01c5cc33) x24 0xb68fcb4d
core   0: 0x80005f28 (0x0c994713) xori    a4, s2, 201
core   0: 0 0x80005f28 (0x0c994713) x14 0x000000c9
core   0: 0x80005f2c (0x0306f763) bgeu    a3, a6, pc + 46
core   0: 0 0x80005f2c (0x0306f763)
core   0: 0x80005f30 (0x5bbc3093) sltiu   ra, s8, 1467
core   0: 0 0x80005f30 (0x5bbc3093) x1  0x00000000
core   0: 0x80005f34 (0x00008e05) c.sub   a2, s1
core   0: 0 0x80005f34 (0x8e05) x12 0x012d89fa
core   0: 0x80005f36 (0x0000804d) c.srli  s0, 19
core   0: 0 0x80005f36 (0x804d) x8  0x00001ce3
core   0: 0x80005f38 (0x00008c0d) c.sub   s0, a1
core   0: 0 0x80005f38 (0x8c0d) x8  0xfc896ff2
core   0: 0x80005f3a (0x40ddda93) srai    s5, s11, 13
core   0: 0 0x80005f3a (0x40ddda93) x21 0xfffc0000
core   0: 0x80005f3e (0x00008269) c.srli  a2, 26
core   0: 0 0x80005f3e (0x8269) x12 0x00000000
core   0: 0x80005f40 (0x0ff0000f) fence   iorw,iorw
core   0: 0 0x80005f40 (0x0ff0000f)
core   0: 0x80005f44 (0x31207313) andi    t1, zero, 786
core   0: 0 0x80005f44 (0x31207313) x6  0x00000000
core   0: 0x80005f48 (0x020d03b3) mul     t2, s10, zero
core   0: 0 0x80005f48 (0x020d03b3) x7  0x00000000
core   0: 0x80005f4c (0x0000088a) c.slli  a7, 2
core   0: 0 0x80005f4c (0x088a) x17 0x00000000
core   0: 0x80005f4e (0x15b77b37) lui     s6, 0x15b77
core   0: 0 0x80005f4e (0x15b77b37) x22 0x15b77000
core   0: 0x80005f52 (0x00008bba) c.mv    s7, a4
core   0: 0 0x80005f52 (0x8bba) x23 0x000000c9
core   0: 0x80005f54 (0xd9440493) addi    s1, s0, -620
core   0: 0 0x80005f54 (0xd9440493) x9  0xfc896d86
core   0: 0x80005f58 (0x000086e5) c.srai  a3, 25
core   0: 0 0x80005f58 (0x86e5) x13 0xffffffff
core   0: 0x80005f5a (0x40bf8333) sub     t1, t6, a1
core   0: 0 0x80005f5a (0x40bf8333) x6  0xfc895357
core   0: 0x80005f5e (0x024d87b3) mul     a5, s11, tp
core   0: 0 0x80005f5e (0x024d87b3) x15 0x00000000
core   0: 0x80005f62 (0x023f8963) beq     t6, gp, pc + 50
core   0: 0 0x80005f62 (0x023f8963)
core   0: 0x80005f66 (0x41350f33) sub     t5, a0, s3
core   0: 0 0x80005f66 (0x41350f33) x30 0x7ffde19d
core   0: 0x80005f6a (0x0266fc33) remu    s8, a3, t1
core   0: 0 0x80005f6a (0x0266fc33) x24 0x0376aca8
core   0: 0x80005f6e (0x01b8e1b3) or      gp, a7, s11
core   0: 0 0x80005f6e (0x01b8e1b3) x3  0x80000000
core   0: 0x80005f72 (0x0000670d) c.lui   a4, 0x3
core   0: 0 0x80005f72 (0x670d) x14 0x00003000
core   0: 0x80005f74 (0x00008c29) c.xor   s0, a0
core   0: 0 0x80005f74 (0x8c29) x8  0xfc896ff3
core   0: 0x80005f76 (0x01721013) slli    zero, tp, 23
core   0: 0 0x80005f76 (0x01721013)
core   0: 0x80005f7a (0x00009afd) c.andi  a3, -1
core   0: 0 0x80005f7a (0x9afd) x13 0xffffffff
core   0: 0x80005f7c (0x000081ea) c.mv    gp, s10
core   0: 0 0x80005f7c (0x81ea) x3  0x00000000
core   0: 0x80005f7e (0x02931b33) mulh    s6, t1, s1
core   0: 0 0x80005f7e (0x02931b33) x22 0x000bfeb4
core   0: 0x80005f82 (0x03b995b3) mulh    a1, s3, s11
core   0: 0 0x80005f82 (0x03b995b3) x11 0x3ffef0ce
core   0: 0x80005f86 (0x2dee7c13) andi    s8, t3, 734
core   0: 0 0x80005f86 (0x2dee7c13) x24 0x0000029c
core   0: 0x80005f8a (0x00006d25) c.lui   s10, 0x9
core   0: 0 0x80005f8a (0x6d25) x26 0x00009000
core   0: 0x80005f8c (0x02b02833) mulhsu  a6, zero, a1
core   0: 0 0x80005f8c (0x02b02833) x16 0x00000000
core   0: 0x80005f90 (0x01b36b33) or      s6, t1, s11
core   0: 0 0x80005f90 (0x01b36b33) x22 0xfc895357
core   0: 0x80005f94 (0x0ff0000f) fence   iorw,iorw
core   0: 0 0x80005f94 (0x0ff0000f)
core   0: 0x80005f98 (0x00004689) c.li    a3, 2
core   0: 0 0x80005f98 (0x4689) x13 0x00000002
core   0: 0x80005f9a (0x00008a22) c.mv    s4, s0
core   0: 0 0x80005f9a (0x8a22) x20 0xfc896ff3
core   0: 0x80005f9c (0x00000984) c.addi4spn s1, sp, 208
core   0: 0 0x80005f9c (0x0984) x9  0x000000d0
core   0: 0x80005f9e (0x00008b29) c.andi  a4, 10
core   0: 0 0x80005f9e (0x8b29) x14 0x00000000
core   0: 0x80005fa0 (0x00008961) c.andi  a0, 24
core   0: 0 0x80005fa0 (0x8961) x10 0x00000000
core   0: 0x80005fa2 (0x03685b63) bge     a6, s6, pc + 54
core   0: 0 0x80005fa2 (0x03685b63)
core   0: 0x80005fd8 (0x00008dd1) c.or    a1, a2
core   0: 0 0x80005fd8 (0x8dd1) x11 0x3ffef0ce
core   0: 0x80005fda (0x03b1a2b3) mulhsu  t0, gp, s11
core   0: 0 0x80005fda (0x03b1a2b3) x5  0x00000000
core   0: 0x80005fde (0x41935033) sra     zero, t1, s9
core   0: 0 0x80005fde (0x41935033)
core   0: 0x80005fe2 (0x905a2e93) slti    t4, s4, -1787
core   0: 0 0x80005fe2 (0x905a2e93) x29 0x00000001
core   0: 0x80005fe6 (0xf026ab93) slti    s7, a3, -254
core   0: 0 0x80005fe6 (0xf026ab93) x23 0x00000000
core   0: 0x80005fea (0x01d75e63) bge     a4, t4, pc + 28
core   0: 0 0x80005fea (0x01d75e63)
core   0: 0x80005fee (0x0000e385) c.bnez  a5, pc + 32
core   0: 0 0x80005fee (0xe385)
core   0: 0x80005ff0 (0x40240433) sub     s0, s0, sp
core   0: 0 0x80005ff0 (0x40240433) x8  0xfc896ff3
core   0: 0x80005ff4 (0xc1b34b13) xori    s6, t1, -997
core   0: 0 0x80005ff4 (0xc1b34b13) x22 0x0376af4c
core   0: 0x80005ff8 (0x0000e999) c.bnez  a1, pc + 22
core   0: 0 0x80005ff8 (0xe999)
core   0: 0x8000600e (0xca43cf93) xori    t6, t2, -860
core   0: 0 0x8000600e (0xca43cf93) x31 0xfffffca4
core   0: 0x80006012 (0xa17c85b7) lui     a1, 0xa17c8
core   0: 0 0x80006012 (0xa17c85b7) x11 0xa17c8000
core   0: 0x80006016 (0x5be88f93) addi    t6, a7, 1470
core   0: 0 0x80006016 (0x5be88f93) x31 0x000005be
core   0: 0x8000601a (0x2182c013) xori    zero, t0, 536
core   0: 0 0x8000601a (0x2182c013)
core   0: 0x8000601e (0x014790b3) sll     ra, a5, s4
core   0: 0 0x8000601e (0x014790b3) x1  0x00000000
core   0: 0x80006022 (0x0171dab3) srl     s5, gp, s7
core   0: 0 0x80006022 (0x0171dab3) x21 0x00000000
core   0: 0x80006026 (0x44504c13) xori    s8, zero, 1093
core   0: 0 0x80006026 (0x44504c13) x24 0x00000445
core   0: 0x8000602a (0x1666f293) andi    t0, a3, 358
core   0: 0 0x8000602a (0x1666f293) x5  0x00000002
core   0: 0x8000602e (0x5bfe6f93) ori     t6, t3, 1471
core   0: 0 0x8000602e (0x5bfe6f93) x31 0xb5f967bf
core   0: 0x80006032 (0x00000486) c.slli  s1, 1
core   0: 0 0x80006032 (0x0486) x9  0x000001a0
core   0: 0x80006034 (0x0000100f) fence.i
core   0: 0 0x80006034 (0x0000100f)
core   0: 0x80006038 (0x049a7563) bgeu    s4, s1, pc + 74
core   0: 0 0x80006038 (0x049a7563)
core   0: 0x80006082 (0x00008ff9) c.and   a5, a4
core   0: 0 0x80006082 (0x8ff9) x15 0x00000000
core   0: 0x80006084 (0x03c83eb3) mulhu   t4, a6, t3
core   0: 0 0x80006084 (0x03c83eb3) x29 0x00000000
core   0: 0x80006088 (0x00008a62) c.mv    s4, s8
core   0: 0 0x80006088 (0x8a62) x20 0x00000445
core   0: 0x8000608a (0x00e43333) sltu    t1, s0, a4
core   0: 0 0x8000608a (0x00e43333) x6  0x00000000
core   0: 0x8000608e (0x0000100f) fence.i
core   0: 0 0x8000608e (0x0000100f)
core   0: 0x80006092 (0x03c08763) beq     ra, t3, pc + 46
core   0: 0 0x80006092 (0x03c08763)
core   0: 0x80006096 (0x00000001) c.nop
core   0: 0 0x80006096 (0x0001)
core   0: 0x80006098 (0x00008225) c.srli  a2, 9
core   0: 0 0x80006098 (0x8225) x12 0x00000000
core   0: 0x8000609a (0xe7d1cbb7) lui     s7, 0xe7d1c
core   0: 0 0x8000609a (0xe7d1cbb7) x23 0xe7d1c000
core   0: 0x8000609e (0x0334d633) divu    a2, s1, s3
core   0: 0 0x8000609e (0x0334d633) x12 0x00000000
core   0: 0x800060a2 (0x41a4d3b3) sra     t2, s1, s10
core   0: 0 0x800060a2 (0x41a4d3b3) x7  0x000001a0
core   0: 0x800060a6 (0x00009292) c.add   t0, tp
core   0: 0 0x800060a6 (0x9292) x5  0x000001e2
core   0: 0x800060a8 (0x0379efb3) rem     t6, s3, s7
core   0: 0 0x800060a8 (0x0379efb3) x31 0xf8e95e64
core   0: 0x800060ac (0x032361b3) rem     gp, t1, s2
core   0: 0 0x800060ac (0x032361b3) x3  0x00000000
core   0: 0x800060b0 (0x0ff0000f) fence   iorw,iorw
core   0: 0 0x800060b0 (0x0ff0000f)
core   0: 0x800060b4 (0x02cb1a33) mulh    s4, s6, a2
core   0: 0 0x800060b4 (0x02cb1a33) x20 0x00000000
core   0: 0x800060b8 (0x405c85b3) sub     a1, s9, t0
core   0: 0 0x800060b8 (0x405c85b3) x11 0x80025b02
core   0: 0x800060bc (0x03d29b63) bne     t0, t4, pc + 54
core   0: 0 0x800060bc (0x03d29b63)
core   0: 0x800060f2 (0x00006e51) c.lui   t3, 0x14
core   0: 0 0x800060f2 (0x6e51) x28 0x00014000
core   0: 0x800060f4 (0x00da41b3) xor     gp, s4, a3
core   0: 0 0x800060f4 (0x00da41b3) x3  0x00000002
core   0: 0x800060f8 (0x00006111) c.addi16sp sp, 256
core   0: 0 0x800060f8 (0x6111) x2  0x00000100
core   0: 0x800060fa (0x43a2f693) andi    a3, t0, 1082
core   0: 0 0x800060fa (0x43a2f693) x13 0x00000022
core   0: 0x800060fe (0xeecd6e93) ori     t4, s10, -276
core   0: 0 0x800060fe (0xeecd6e93) x29 0xfffffeec
core   0: 0x80006102 (0x0000100f) fence.i
core   0: 0 0x80006102 (0x0000100f)
core   0: 0x80006106 (0x03caaf33) mulhsu  t5, s5, t3
core   0: 0 0x80006106 (0x03caaf33) x30 0x00000000
core   0: 0x8000610a (0x03b06f33) rem     t5, zero, s11
core   0: 0 0x8000610a (0x03b06f33) x30 0x00000000
core   0: 0x8000610e (0xab373b93) sltiu   s7, a4, -1357
core   0: 0 0x8000610e (0xab373b93) x23 0x00000001
core   0: 0x80006112 (0x40e60c33) sub     s8, a2, a4
core   0: 0 0x80006112 (0x40e60c33) x24 0x00000000
core   0: 0x80006116 (0x016b08b3) add     a7, s6, s6
core   0: 0 0x80006116 (0x016b08b3) x17 0x06ed5e98
core   0: 0x8000611a (0x00006135) c.addi16sp sp, 352
core   0: 0 0x8000611a (0x6135) x2  0x00000260
core   0: 0x8000611c (0x03b6cb33) div     s6, a3, s11
core   0: 0 0x8000611c (0x03b6cb33) x22 0x00000000
core   0: 0x80006120 (0x74460213) addi    tp, a2, 1860
core   0: 0 0x80006120 (0x74460213) x4  0x00000744
core   0: 0x80006124 (0x00008c99) c.sub   s1, a4
core   0: 0 0x80006124 (0x8c99) x9  0x000001a0
core   0: 0x80006126 (0x0000c799) c.beqz  a5, pc + 14
core   0: 0 0x80006126 (0xc799)
core   0: 0x80006134 (0x72a32e13) slti    t3, t1, 1834
core   0: 0 0x80006134 (0x72a32e13) x28 0x00000001
core   0: 0x80006138 (0x00008545) c.srai  a0, 17
core   0: 0 0x80006138 (0x8545) x10 0x00000000
core   0: 0x8000613a (0x03b2d7b3) divu    a5, t0, s11
core   0: 0 0x8000613a (0x03b2d7b3) x15 0x00000000
core   0: 0x8000613e (0x03cd53b3) divu    t2, s10, t3
core   0: 0 0x8000613e (0x03cd53b3) x7  0x00009000
core   0: 0x80006142 (0x000080ce) c.mv    ra, s3
core   0: 0 0x80006142 (0x80ce) x1  0x80021e64
core   0: 0x80006144 (0x439e3513) sltiu   a0, t3, 1081
core   0: 0 0x80006144 (0x439e3513) x10 0x00000001
core   0: 0x80006148 (0x8b268737) lui     a4, 0x8b268
core   0: 0 0x80006148 (0x8b268737) x14 0x8b268000
core   0: 0x8000614c (0x0000c195) c.beqz  a1, pc + 36
core   0: 0 0x8000614c (0xc195)
core   0: 0x8000614e (0x0000ea89) c.bnez  a3, pc + 18
core   0: 0 0x8000614e (0xea89)
core   0: 0x80006160 (0x014dda33) srl     s4, s11, s4
core   0: 0 0x80006160 (0x014dda33) x20 0x80000000
core   0: 0x80006164 (0x0000ed05) c.bnez  a0, pc + 56
core   0: 0 0x80006164 (0xed05)
core   0: 0x8000619c (0x02860f33) mul     t5, a2, s0
core   0: 0 0x8000619c (0x02860f33) x30 0x00000000
core   0: 0x800061a0 (0x00008dad) c.xor   a1, a1
core   0: 0 0x800061a0 (0x8dad) x11 0x00000000
core   0: 0x800061a2 (0x052b8063) beq     s7, s2, pc + 64
core   0: 0 0x800061a2 (0x052b8063)
core   0: 0x800061a6 (0x00008cd5) c.or    s1, a3
core   0: 0 0x800061a6 (0x8cd5) x9  0x000001a2
core   0: 0x800061a8 (0x00001bfd) c.addi  s7, -1
core   0: 0 0x800061a8 (0x1bfd) x23 0x00000000
core   0: 0x800061aa (0x000083da) c.mv    t2, s6
core   0: 0 0x800061aa (0x83da) x7  0x00000000
core   0: 0x800061ac (0x0000ed19) c.bnez  a0, pc + 30
core   0: 0 0x800061ac (0xed19)
core   0: 0x800061ca (0x0e4d3c13) sltiu   s8, s10, 228
core   0: 0 0x800061ca (0x0e4d3c13) x24 0x00000000
core   0: 0x800061ce (0xf3eaae93) slti    t4, s5, -194
core   0: 0 0x800061ce (0xf3eaae93) x29 0x00000000
core   0: 0x800061d2 (0x00004b09) c.li    s6, 2
core   0: 0 0x800061d2 (0x4b09) x22 0x00000002
core   0: 0x800061d4 (0x0380d463) bge     ra, s8, pc + 40
core   0: 0 0x800061d4 (0x0380d463)
core   0: 0x800061d8 (0x00008a9a) c.mv    s5, t1
core   0: 0 0x800061d8 (0x8a9a) x21 0x00000000
core   0: 0x800061da (0x005d1f13) slli    t5, s10, 5
core   0: 0 0x800061da (0x005d1f13) x30 0x00120000
core   0: 0x800061de (0x00606d63) bltu    zero, t1, pc + 26
core   0: 0 0x800061de (0x00606d63)
core   0: 0x800061e2 (0x00009e62) c.add   t3, s8
core   0: 0 0x800061e2 (0x9e62) x28 0x00000001
core   0: 0x800061e4 (0x5d978a13) addi    s4, a5, 1497
core   0: 0 0x800061e4 (0x5d978a13) x20 0x000005d9
core   0: 0x800061e8 (0x0000e289) c.bnez  a3, pc + 2
core   0: 0 0x800061e8 (0xe289)
core   0: 0x800061ea (0x00006679) c.lui   a2, 0x1e
core   0: 0 0x800061ea (0x6679) x12 0x0001e000
core   0: 0x800061ec (0x01d7e863) bltu    a5, t4, pc + 16
core   0: 0 0x800061ec (0x01d7e863)
core   0: 0x800061f0 (0x03c64963) blt     a2, t3, pc + 50
core   0: 0 0x800061f0 (0x03c64963)
core   0: 0x800061f4 (0x03ab5763) bge     s6, s10, pc + 46
core   0: 0 0x800061f4 (0x03ab5763)
core   0: 0x800061f8 (0x02a4df33) divu    t5, s1, a0
core   0: 0 0x800061f8 (0x02a4df33) x30 0x000001a2
core   0: 0x800061fc (0x0000100f) fence.i
core   0: 0 0x800061fc (0x0000100f)
core   0: 0x80006200 (0x0286ba33) mulhu   s4, a3, s0
core   0: 0 0x80006200 (0x0286ba33) x20 0x00000021
core   0: 0x80006204 (0x4269f713) andi    a4, s3, 1062
core   0: 0 0x80006204 (0x4269f713) x14 0x00000424
core   0: 0x80006208 (0x94def193) andi    gp, t4, -1715
core   0: 0 0x80006208 (0x94def193) x3  0x00000000
core   0: 0x8000620c (0x41090ab3) sub     s5, s2, a6
core   0: 0 0x8000620c (0x41090ab3) x21 0x00000000
core   0: 0x80006210 (0x0000e515) c.bnez  a0, pc + 44
core   0: 0 0x80006210 (0xe515)
core   0: 0x8000623c (0xcd5ff493) andi    s1, t6, -811
core   0: 0 0x8000623c (0xcd5ff493) x9  0xf8e95c44
core   0: 0x80006240 (0x03f20733) mul     a4, tp, t6
core   0: 0 0x80006240 (0x03f20733) x14 0x7f91ce90
core   0: 0x80006244 (0x0ff0000f) fence   iorw,iorw
core   0: 0 0x80006244 (0x0ff0000f)
core   0: 0x80006248 (0x69564d13) xori    s10, a2, 1685
core   0: 0 0x80006248 (0x69564d13) x26 0x0001e695
core   0: 0x8000624c (0x005c8eb3) add     t4, s9, t0
core   0: 0 0x8000624c (0x005c8eb3) x29 0x80025ec6
core   0: 0x80006250 (0x02da2533) mulhsu  a0, s4, a3
core   0: 0 0x80006250 (0x02da2533) x10 0x00000000
core   0: 0x80006254 (0x00000001) c.nop
core   0: 0 0x80006254 (0x0001)
core   0: 0x80006256 (0x01271c63) bne     a4, s2, pc + 24
core   0: 0 0x80006256 (0x01271c63)
core   0: 0x8000626e (0x5f1bbf13) sltiu   t5, s7, 1521
core   0: 0 0x8000626e (0x5f1bbf13) x30 0x00000001
core   0: 0x80006272 (0x00001698) c.addi4spn a4, sp, 864
core   0: 0 0x80006272 (0x1698) x14 0x000005c0
core   0: 0x80006274 (0x00000001) c.nop
core   0: 0 0x80006274 (0x0001)
core   0: 0x80006276 (0x03d36b33) rem     s6, t1, t4
core   0: 0 0x80006276 (0x03d36b33) x22 0x00000000
core   0: 0x8000627a (0xb101e513) ori     a0, gp, -1264
core   0: 0 0x8000627a (0xb101e513) x10 0xfffffb10
core   0: 0x8000627e (0x03b20763) beq     tp, s11, pc + 46
core   0: 0 0x8000627e (0x03b20763)
core   0: 0x80006282 (0x68b3c693) xori    a3, t2, 1675
core   0: 0 0x80006282 (0x68b3c693) x13 0x0000068b
core   0: 0x80006286 (0x00008689) c.srai  a3, 2
core   0: 0 0x80006286 (0x8689) x13 0x000001a2
core   0: 0x80006288 (0x00000fa9) c.addi  t6, 10
core   0: 0 0x80006288 (0x0fa9) x31 0xf8e95e6e
core   0: 0x8000628a (0x00008422) c.mv    s0, s0
core   0: 0 0x8000628a (0x8422) x8  0xfc896ff3
core   0: 0x8000628c (0x0000e589) c.bnez  a1, pc + 10
core   0: 0 0x8000628c (0xe589)
core   0: 0x8000628e (0x0000100f) fence.i
core   0: 0 0x8000628e (0x0000100f)
core   0: 0x80006292 (0x00001c98) c.addi4spn a4, sp, 624
core   0: 0 0x80006292 (0x1c98) x14 0x000004d0
core   0: 0x80006294 (0x000010fd) c.addi  ra, -1
core   0: 0 0x80006294 (0x10fd) x1  0x80021e63
core   0: 0x80006296 (0x035dabb3) mulhsu  s7, s11, s5
core   0: 0 0x80006296 (0x035dabb3) x23 0x00000000
core   0: 0x8000629a (0x035fcf33) div     t5, t6, s5
core   0: 0 0x8000629a (0x035fcf33) x30 0xffffffff
core   0: 0x8000629e (0x8646fd37) lui     s10, 0x8646f
core   0: 0 0x8000629e (0x8646fd37) x26 0x8646f000
core   0: 0x800062a2 (0x00008f7d) c.and   a4, a5
core   0: 0 0x800062a2 (0x8f7d) x14 0x00000000
core   0: 0x800062a4 (0x00008d8d) c.sub   a1, a1
core   0: 0 0x800062a4 (0x8d8d) x11 0x00000000
core   0: 0x800062a6 (0x00000001) c.nop
core   0: 0 0x800062a6 (0x0001)
core   0: 0x800062a8 (0x00008f7d) c.and   a4, a5
core   0: 0 0x800062a8 (0x8f7d) x14 0x00000000
core   0: 0x800062aa (0x000081f5) c.srli  a1, 29
core   0: 0 0x800062aa (0x81f5) x11 0x00000000
core   0: 0x800062ac (0x4eb89a97) auipc   s5, 0x4eb89
core   0: 0 0x800062ac (0x4eb89a97) x21 0xceb8f2ac
core   0: 0x800062b0 (0x014de863) bltu    s11, s4, pc + 16
core   0: 0 0x800062b0 (0x014de863)
core   0: 0x800062b4 (0x017e4333) xor     t1, t3, s7
core   0: 0 0x800062b4 (0x017e4333) x6  0x00000001
core   0: 0x800062b8 (0x5570f413) andi    s0, ra, 1367
core   0: 0 0x800062b8 (0x5570f413) x8  0x00000443
core   0: 0x800062bc (0x00183133) sltu    sp, a6, ra
core   0: 0 0x800062bc (0x00183133) x2  0x00000001
core   0: 0x800062c0 (0x01349013) slli    zero, s1, 19
core   0: 0 0x800062c0 (0x01349013)
core   0: 0x800062c4 (0x0000100f) fence.i
core   0: 0 0x800062c4 (0x0000100f)
core   0: 0x800062c8 (0x0000130c) c.addi4spn a1, sp, 416
core   0: 0 0x800062c8 (0x130c) x11 0x000001a1
core   0: 0x800062ca (0x00008eb9) c.xor   a3, a4
core   0: 0 0x800062ca (0x8eb9) x13 0x000001a2
core   0: 0x800062cc (0x40cdd333) sra     t1, s11, a2
core   0: 0 0x800062cc (0x40cdd333) x6  0x80000000
core   0: 0x800062d0 (0x0343d463) bge     t2, s4, pc + 40
core   0: 0 0x800062d0 (0x0343d463)
core   0: 0x800062d4 (0x02fbc7b3) div     a5, s7, a5
core   0: 0 0x800062d4 (0x02fbc7b3) x15 0xffffffff
core   0: 0x800062d8 (0x0000100f) fence.i
core   0: 0 0x800062d8 (0x0000100f)
core   0: 0x800062dc (0x03c25ab3) divu    s5, tp, t3
core   0: 0 0x800062dc (0x03c25ab3) x21 0x00000744
core   0: 0x800062e0 (0xb73ca413) slti    s0, s9, -1165
core   0: 0 0x800062e0 (0xb73ca413) x8  0x00000001
core   0: 0x800062e4 (0x01af2533) slt     a0, t5, s10
core   0: 0 0x800062e4 (0x01af2533) x10 0x00000000
core   0: 0x800062e8 (0x00008e9d) c.sub   a3, a5
core   0: 0 0x800062e8 (0x8e9d) x13 0x000001a3
core   0: 0x800062ea (0x00008d51) c.or    a0, a2
core   0: 0 0x800062ea (0x8d51) x10 0x0001e000
core   0: 0x800062ec (0x000080c1) c.srli  s1, 16
core   0: 0 0x800062ec (0x80c1) x9  0x0000f8e9
core   0: 0x800062ee (0xcf8d3a93) sltiu   s5, s10, -776
core   0: 0 0x800062ee (0xcf8d3a93) x21 0x00000001
core   0: 0x800062f2 (0x40955e13) srai    t3, a0, 9
core   0: 0 0x800062f2 (0x40955e13) x28 0x000000f0
core   0: 0x800062f6 (0x0000ce85) c.beqz  a3, pc + 56
core   0: 0 0x800062f6 (0xce85)
core   0: 0x800062f8 (0x000081a9) c.srli  a1, 10
core   0: 0 0x800062f8 (0x81a9) x11 0x00000000
core   0: 0x800062fa (0x0000c709) c.beqz  a4, pc + 10
core   0: 0 0x800062fa (0xc709)
core   0: 0x80006304 (0x00931033) sll     zero, t1, s1
core   0: 0 0x80006304 (0x00931033)
core   0: 0x80006308 (0x40bdd933) sra     s2, s11, a1
core   0: 0 0x80006308 (0x40bdd933) x18 0x80000000
core   0: 0x8000630c (0x00d19e93) slli    t4, gp, 13
core   0: 0 0x8000630c (0x00d19e93) x29 0x00000000
core   0: 0x80006310 (0x3e84e213) ori     tp, s1, 1000
core   0: 0 0x80006310 (0x3e84e213) x4  0x0000fbe9
core   0: 0x80006314 (0x00008f61) c.and   a4, s0
core   0: 0 0x80006314 (0x8f61) x14 0x00000000
core   0: 0x80006316 (0x02856fb3) rem     t6, a0, s0
core   0: 0 0x80006316 (0x02856fb3) x31 0x00000000
core   0: 0x8000631a (0x000097da) c.add   a5, s6
core   0: 0 0x8000631a (0x97da) x15 0xffffffff
core   0: 0x8000631c (0x02edab33) mulhsu  s6, s11, a4
core   0: 0 0x8000631c (0x02edab33) x22 0x00000000
core   0: 0x80006320 (0xba5ddc17) auipc   s8, 0xba5dd
core   0: 0 0x80006320 (0xba5ddc17) x24 0x3a5e3320
core   0: 0x80006324 (0x00008f65) c.and   a4, s1
core   0: 0 0x80006324 (0x8f65) x14 0x00000000
core   0: 0x80006326 (0xc8f97e93) andi    t4, s2, -881
core   0: 0 0x80006326 (0xc8f97e93) x29 0x80000000
core   0: 0x8000632a (0x00c21913) slli    s2, tp, 12
core   0: 0 0x8000632a (0x00c21913) x18 0x0fbe9000
core   0: 0x8000632e (0x0000717d) c.addi16sp sp, -16
core   0: 0 0x8000632e (0x717d) x2  0xfffffff1
core   0: 0x80006330 (0x00009c52) c.add   s8, s4
core   0: 0 0x80006330 (0x9c52) x24 0x3a5e3341
core   0: 0x80006332 (0x0ff0000f) fence   iorw,iorw
core   0: 0 0x80006332 (0x0ff0000f)
core   0: 0x80006336 (0x4f063393) sltiu   t2, a2, 1264
core   0: 0 0x80006336 (0x4f063393) x7  0x00000000
core   0: 0x8000633a (0x000081ed) c.srli  a1, 27
core   0: 0 0x8000633a (0x81ed) x11 0x00000000
core   0: 0x8000633c (0x03616e33) rem     t3, sp, s6
core   0: 0 0x8000633c (0x03616e33) x28 0xfffffff1
core   0: 0x80006340 (0x00008e7d) c.and   a2, a5
core   0: 0 0x80006340 (0x8e7d) x12 0x0001e000
core   0: 0x80006342 (0x019d5663) bge     s10, s9, pc + 12
core   0: 0 0x80006342 (0x019d5663)
core   0: 0x8000634e (0x00cd5213) srli    tp, s10, 12
core   0: 0 0x8000634e (0x00cd5213) x4  0x0008646f
core   0: 0x80006352 (0x010f06b3) add     a3, t5, a6
core   0: 0 0x80006352 (0x010f06b3) x13 0xffffffff
core   0: 0x80006356 (0x02410563) beq     sp, tp, pc + 42
core   0: 0 0x80006356 (0x02410563)
core   0: 0x8000635a (0x00000001) c.nop
core   0: 0 0x8000635a (0x0001)
core   0: 0x8000635c (0x0000cb8d) c.beqz  a5, pc + 50
core   0: 0 0x8000635c (0xcb8d)
core   0: 0x8000635e (0x000006e5) c.addi  a3, 25
core   0: 0 0x8000635e (0x06e5) x13 0x00000018
core   0: 0x80006360 (0x4033d613) srai    a2, t2, 3
core   0: 0 0x80006360 (0x4033d613) x12 0x00000000
core   0: 0x80006364 (0x00001608) c.addi4spn a0, sp, 800
core   0: 0 0x80006364 (0x1608) x10 0x00000311
core   0: 0x80006366 (0x000099fd) c.andi  a1, -1
core   0: 0 0x80006366 (0x99fd) x11 0x00000000
core   0: 0x80006368 (0x00000001) c.nop
core   0: 0 0x80006368 (0x0001)
core   0: 0x8000636a (0x0000cf91) c.beqz  a5, pc + 28
core   0: 0 0x8000636a (0xcf91)
core   0: 0x8000636c (0x03153f33) mulhu   t5, a0, a7
core   0: 0 0x8000636c (0x03153f33) x30 0x00000015
core   0: 0x80006370 (0x0058cf33) xor     t5, a7, t0
core   0: 0 0x80006370 (0x0058cf33) x30 0x06ed5f7a
core   0: 0x80006374 (0x41e05313) srai    t1, zero, 30
core   0: 0 0x80006374 (0x41e05313) x6  0x00000000
core   0: 0x80006378 (0x00004525) c.li    a0, 9
core   0: 0 0x80006378 (0x4525) x10 0x00000009
core   0: 0x8000637a (0x00000794) c.addi4spn a3, sp, 960
core   0: 0 0x8000637a (0x0794) x13 0x000003b1
core   0: 0x8000637c (0x0033d363) bge     t2, gp, pc + 6
core   0: 0 0x8000637c (0x0033d363)
core   0: 0x80006382 (0xa74aa413) slti    s0, s5, -1420
core   0: 0 0x80006382 (0xa74aa413) x8  0x00000000
core   0: 0x80006386 (0x01820733) add     a4, tp, s8
core   0: 0 0x80006386 (0x01820733) x14 0x3a6697b0
core   0: 0x8000638a (0x00d18233) add     tp, gp, a3
core   0: 0 0x8000638a (0x00d18233) x4  0x000003b1
core   0: 0x8000638e (0x01797833) and     a6, s2, s7
core   0: 0 0x8000638e (0x01797833) x16 0x00000000
core   0: 0x80006392 (0x000083c1) c.srli  a5, 16
core   0: 0 0x80006392 (0x83c1) x15 0x0000ffff
core   0: 0x80006394 (0xfd35ab13) slti    s6, a1, -45
core   0: 0 0x80006394 (0xfd35ab13) x22 0x00000000
core   0: 0x80006398 (0xc6e7feb7) lui     t4, 0xc6e7f
core   0: 0 0x80006398 (0xc6e7feb7) x29 0xc6e7f000
core   0: 0x8000639c (0x034b7b33) remu    s6, s6, s4
core   0: 0 0x8000639c (0x034b7b33) x22 0x00000000
core   0: 0x800063a0 (0xaa19be93) sltiu   t4, s3, -1375
core   0: 0 0x800063a0 (0xaa19be93) x29 0x00000001
core   0: 0x800063a4 (0x000015fd) c.addi  a1, -1
core   0: 0 0x800063a4 (0x15fd) x11 0xffffffff
core   0: 0x800063a6 (0x0000100f) fence.i
core   0: 0 0x800063a6 (0x0000100f)
core   0: 0x800063aa (0x01ec2ab3) slt     s5, s8, t5
core   0: 0 0x800063aa (0x01ec2ab3) x21 0x00000000
core   0: 0x800063ae (0x0000100f) fence.i
core   0: 0 0x800063ae (0x0000100f)
core   0: 0x800063b2 (0x1c4ed317) auipc   t1, 0x1c4ed
core   0: 0 0x800063b2 (0x1c4ed317) x6  0x9c4f33b2
core   0: 0x800063b6 (0x03427833) remu    a6, tp, s4
core   0: 0 0x800063b6 (0x03427833) x16 0x00000015
core   0: 0x800063ba (0xb9dc2893) slti    a7, s8, -1123
core   0: 0 0x800063ba (0xb9dc2893) x17 0x00000000
core   0: 0x800063be (0x5e9b4b93) xori    s7, s6, 1513
core   0: 0 0x800063be (0x5e9b4b93) x23 0x000005e9
core   0: 0x800063c2 (0x00008da1) c.xor   a1, s0
core   0: 0 0x800063c2 (0x8da1) x11 0xffffffff
core   0: 0x800063c4 (0x0000c109) c.beqz  a0, pc + 2
core   0: 0 0x800063c4 (0xc109)
core   0: 0x800063c6 (0x6b2c7e93) andi    t4, s8, 1714
core   0: 0 0x800063c6 (0x6b2c7e93) x29 0x00000200
core   0: 0x800063ca (0x0314e4b3) rem     s1, s1, a7
core   0: 0 0x800063ca (0x0314e4b3) x9  0x0000f8e9
core   0: 0x800063ce (0x0000100f) fence.i
core   0: 0 0x800063ce (0x0000100f)
core   0: 0x800063d2 (0x03431c33) mulh    s8, t1, s4
core   0: 0 0x800063d2 (0x03431c33) x24 0xfffffff3
core   0: 0x800063d6 (0x02aa0263) beq     s4, a0, pc + 36
core   0: 0 0x800063d6 (0x02aa0263)
core   0: 0x800063da (0x0000c989) c.beqz  a1, pc + 18
core   0: 0 0x800063da (0xc989)
core   0: 0x800063dc (0xd9dcae93) slti    t4, s9, -611
core   0: 0 0x800063dc (0xd9dcae93) x29 0x00000001
core   0: 0x800063e0 (0x9ae32a93) slti    s5, t1, -1618
core   0: 0 0x800063e0 (0x9ae32a93) x21 0x00000001
core   0: 0x800063e4 (0x40850e33) sub     t3, a0, s0
core   0: 0 0x800063e4 (0x40850e33) x28 0x00000009
core   0: 0x800063e8 (0xfa5ec913) xori    s2, t4, -91
core   0: 0 0x800063e8 (0xfa5ec913) x18 0xffffffa4
core   0: 0x800063ec (0x0ff0000f) fence   iorw,iorw
core   0: 0 0x800063ec (0x0ff0000f)
core   0: 0x800063f0 (0x00008431) c.srai  s0, 12
core   0: 0 0x800063f0 (0x8431) x8  0x00000000
core   0: 0x800063f2 (0x01d43633) sltu    a2, s0, t4
core   0: 0 0x800063f2 (0x01d43633) x12 0x00000001
core   0: 0x800063f6 (0xb0f17f93) andi    t6, sp, -1265
core   0: 0 0x800063f6 (0xb0f17f93) x31 0xfffffb01
core   0: 0x800063fa (0x00000001) c.nop
core   0: 0 0x800063fa (0x0001)
core   0: 0x800063fc (0x00000535) c.addi  a0, 13
core   0: 0 0x800063fc (0x0535) x10 0x00000016
core   0: 0x800063fe (0x0000854d) c.srai  a0, 19
core   0: 0 0x800063fe (0x854d) x10 0x00000000
core   0: 0x80006400 (0x418fd433) sra     s0, t6, s8
core   0: 0 0x80006400 (0x418fd433) x8  0xffffffff
core   0: 0x80006404 (0x02a4f763) bgeu    s1, a0, pc + 46
core   0: 0 0x80006404 (0x02a4f763)
core   0: 0x80006432 (0x03550bb3) mul     s7, a0, s5
core   0: 0 0x80006432 (0x03550bb3) x23 0x00000000
core   0: 0x80006436 (0x00008bce) c.mv    s7, s3
core   0: 0 0x80006436 (0x8bce) x23 0x80021e64
core   0: 0x80006438 (0x01859733) sll     a4, a1, s8
core   0: 0 0x80006438 (0x01859733) x14 0xfff80000
core   0: 0x8000643c (0x0000100f) fence.i
core   0: 0 0x8000643c (0x0000100f)
core   0: 0x80006440 (0x00000001) c.nop
core   0: 0 0x80006440 (0x0001)
core   0: 0x80006442 (0xc924eb93) ori     s7, s1, -878
core   0: 0 0x80006442 (0xc924eb93) x23 0xfffffcfb
core   0: 0x80006446 (0x00000342) c.slli  t1, 16
core   0: 0 0x80006446 (0x0342) x6  0x33b20000
core   0: 0x80006448 (0x403c5d13) srai    s10, s8, 3
core   0: 0 0x80006448 (0x403c5d13) x26 0xfffffffe
core   0: 0x8000644c (0x0ff0000f) fence   iorw,iorw
core   0: 0 0x8000644c (0x0ff0000f)
core   0: 0x80006450 (0x00008eda) c.mv    t4, s6
core   0: 0 0x80006450 (0x8eda) x29 0x00000000
core   0: 0x80006452 (0x0255f563) bgeu    a1, t0, pc + 42
core   0: 0 0x80006452 (0x0255f563)
core   0: 0x8000647c (0x0128cb63) blt     a7, s2, pc + 22
core   0: 0 0x8000647c (0x0128cb63)
core   0: 0x80006480 (0x0000717d) c.addi16sp sp, -16
core   0: 0 0x80006480 (0x717d) x2  0xffffffe1
core   0: 0x80006482 (0x02d14eb3) div     t4, sp, a3
core   0: 0 0x80006482 (0x02d14eb3) x29 0x00000000
core   0: 0x80006486 (0x032c9a33) mulh    s4, s9, s2
core   0: 0 0x80006486 (0x032c9a33) x20 0x0000002d
core   0: 0x8000648a (0x00009aae) c.add   s5, a1
core   0: 0 0x8000648a (0x9aae) x21 0x00000000
core   0: 0x8000648c (0x00008c66) c.mv    s8, s9
core   0: 0 0x8000648c (0x8c66) x24 0x80025ce4
core   0: 0x8000648e (0x00c39813) slli    a6, t2, 12
core   0: 0 0x8000648e (0x00c39813) x16 0x00000000
core   0: 0x80006492 (0x0000cb1d) c.beqz  a4, pc + 54
core   0: 0 0x80006492 (0xcb1d)
core   0: 0x80006494 (0x0326e563) bltu    a3, s2, pc + 42
core   0: 0 0x80006494 (0x0326e563)
core   0: 0x800064be (0x03f10033) mul     zero, sp, t6
core   0: 0 0x800064be (0x03f10033)
core   0: 0x800064c2 (0x032fcb33) div     s6, t6, s2
core   0: 0 0x800064c2 (0x032fcb33) x22 0x0000000d
core   0: 0x800064c6 (0x00008b56) c.mv    s6, s5
core   0: 0 0x800064c6 (0x8b56) x22 0x00000000
core   0: 0x800064c8 (0x00000001) c.nop
core   0: 0 0x800064c8 (0x0001)
core   0: 0x800064ca (0x0154d763) bge     s1, s5, pc + 14
core   0: 0 0x800064ca (0x0154d763)
core   0: 0x800064d8 (0x03fe5f33) divu    t5, t3, t6
core   0: 0 0x800064d8 (0x03fe5f33) x30 0x00000000
core   0: 0x800064dc (0x0000ea0d) c.bnez  a2, pc + 50
core   0: 0 0x800064dc (0xea0d)
core   0: 0x8000650e (0x015d9d13) slli    s10, s11, 21
core   0: 0 0x8000650e (0x015d9d13) x26 0x00000000
core   0: 0x80006512 (0x01b25133) srl     sp, tp, s11
core   0: 0 0x80006512 (0x01b25133) x2  0x000003b1
core   0: 0x80006516 (0x000c9693) slli    a3, s9, 0
core   0: 0 0x80006516 (0x000c9693) x13 0x80025ce4
core   0: 0x8000651a (0x00008119) c.srli  a0, 6
core   0: 0 0x8000651a (0x8119) x10 0x00000000
core   0: 0x8000651c (0x7db80513) addi    a0, a6, 2011
core   0: 0 0x8000651c (0x7db80513) x10 0x000007db
core   0: 0x80006520 (0x30a87c17) auipc   s8, 0x30a87
core   0: 0 0x80006520 (0x30a87c17) x24 0xb0a8d520
core   0: 0x80006524 (0x0000e789) c.bnez  a5, pc + 10
core   0: 0 0x80006524 (0xe789)
core   0: 0x8000652e (0x00009a1a) c.add   s4, t1
core   0: 0 0x8000652e (0x9a1a) x20 0x33b2002d
core   0: 0x80006530 (0x03475263) bge     a4, s4, pc + 36
core   0: 0 0x80006530 (0x03475263)
core   0: 0x80006534 (0x00008f59) c.or    a4, a4
core   0: 0 0x80006534 (0x8f59) x14 0xfff80000
core   0: 0x80006536 (0x04ec0063) beq     s8, a4, pc + 64
core   0: 0 0x80006536 (0x04ec0063)
core   0: 0x8000653a (0x41e7d5b3) sra     a1, a5, t5
core   0: 0 0x8000653a (0x41e7d5b3) x11 0x0000ffff
core   0: 0x8000653e (0x000080b6) c.mv    ra, a3
core   0: 0 0x8000653e (0x80b6) x1  0x80025ce4
core   0: 0x80006540 (0x000087e6) c.mv    a5, s9
core   0: 0 0x80006540 (0x87e6) x15 0x80025ce4
core   0: 0x80006542 (0x00000889) c.addi  a7, 2
core   0: 0 0x80006542 (0x0889) x17 0x00000002
core   0: 0x80006544 (0x016ef1b3) and     gp, t4, s6
core   0: 0 0x80006544 (0x016ef1b3) x3  0x00000000
core   0: 0x80006548 (0x037a9c33) mulh    s8, s5, s7
core   0: 0 0x80006548 (0x037a9c33) x24 0x00000000
core   0: 0x8000654c (0x0145dfb3) srl     t6, a1, s4
core   0: 0 0x8000654c (0x0145dfb3) x31 0x00000007
core   0: 0x80006550 (0x00000880) c.addi4spn s0, sp, 80
core   0: 0 0x80006550 (0x0880) x8  0x00000401
core   0: 0x80006552 (0x00008e79) c.and   a2, a4
core   0: 0 0x80006552 (0x8e79) x12 0x00000000
core   0: 0x80006554 (0x41ce5013) srai    zero, t3, 28
core   0: 0 0x80006554 (0x41ce5013)
core   0: 0x80006558 (0x01ea9533) sll     a0, s5, t5
core   0: 0 0x80006558 (0x01ea9533) x10 0x00000000
core   0: 0x8000655c (0x00008f11) c.sub   a4, a2
core   0: 0 0x8000655c (0x8f11) x14 0xfff80000
core   0: 0x8000655e (0xd2b52193) slti    gp, a0, -725
core   0: 0 0x8000655e (0xd2b52193) x3  0x00000000
core   0: 0x80006562 (0x00006f75) c.lui   t5, 0x1d
core   0: 0 0x80006562 (0x6f75) x30 0x0001d000
core   0: 0x80006564 (0x01ebd133) srl     sp, s7, t5
core   0: 0 0x80006564 (0x01ebd133) x2  0xfffffcfb
core   0: 0x80006568 (0x0ff0000f) fence   iorw,iorw
core   0: 0 0x80006568 (0x0ff0000f)
core   0: 0x8000656c (0x015b9e93) slli    t4, s7, 21
core   0: 0 0x8000656c (0x015b9e93) x29 0x9f600000
core   0: 0x80006570 (0x00008ffd) c.and   a5, a5
core   0: 0 0x80006570 (0x8ffd) x15 0x80025ce4
core   0: 0x80006572 (0x02208e63) beq     ra, sp, pc + 60
core   0: 0 0x80006572 (0x02208e63)
core   0: 0x80006576 (0x007da633) slt     a2, s11, t2
core   0: 0 0x80006576 (0x007da633) x12 0x00000001
core   0: 0x8000657a (0x48ccf093) andi    ra, s9, 1164
core   0: 0 0x8000657a (0x48ccf093) x1  0x00000484
core   0: 0x8000657e (0x031abf33) mulhu   t5, s5, a7
core   0: 0 0x8000657e (0x031abf33) x30 0x00000000
core   0: 0x80006582 (0x02247833) remu    a6, s0, sp
core   0: 0 0x80006582 (0x02247833) x16 0x00000401
core   0: 0x80006586 (0x0013b933) sltu    s2, t2, ra
core   0: 0 0x80006586 (0x0013b933) x18 0x00000001
core   0: 0x8000658a (0x00005b7d) c.li    s6, -1
core   0: 0 0x8000658a (0x5b7d) x22 0xffffffff
core   0: 0x8000658c (0x41c45093) srai    ra, s0, 28
core   0: 0 0x8000658c (0x41c45093) x1  0x00000000
core   0: 0x80006590 (0x00008f91) c.sub   a5, a2
core   0: 0 0x80006590 (0x8f91) x15 0x80025ce3
core   0: 0x80006592 (0x029a2d33) mulhsu  s10, s4, s1
core   0: 0 0x80006592 (0x029a2d33) x26 0x00003243
core   0: 0x80006596 (0xbee4f613) andi    a2, s1, -1042
core   0: 0 0x80006596 (0xbee4f613) x12 0x0000f8e8
core   0: 0x8000659a (0x00f8e7b3) or      a5, a7, a5
core   0: 0 0x8000659a (0x00f8e7b3) x15 0x80025ce3
core   0: 0x8000659e (0x024852b3) divu    t0, a6, tp
core   0: 0 0x8000659e (0x024852b3) x5  0x00000001
core   0: 0x800065a2 (0x00000611) c.addi  a2, 4
core   0: 0 0x800065a2 (0x0611) x12 0x0000f8ec
core   0: 0x800065a4 (0x020f5733) divu    a4, t5, zero
core   0: 0 0x800065a4 (0x020f5733) x14 0xffffffff
core   0: 0x800065a8 (0x00006afd) c.lui   s5, 0x1f
core   0: 0 0x800065a8 (0x6afd) x21 0x0001f000
core   0: 0x800065aa (0x03660a63) beq     a2, s6, pc + 52
core   0: 0 0x800065aa (0x03660a63)
core   0: 0x800065ae (0x97ce8613) addi    a2, t4, -1668
core   0: 0 0x800065ae (0x97ce8613) x12 0x9f5ff97c
core   0: 0x800065b2 (0x03917fb3) remu    t6, sp, s9
core   0: 0 0x800065b2 (0x03917fb3) x31 0x7ffda017
core   0: 0x800065b6 (0x0036df33) srl     t5, a3, gp
core   0: 0 0x800065b6 (0x0036df33) x30 0x80025ce4
core   0: 0x800065ba (0xd3051c17) auipc   s8, 0xd3051
core   0: 0 0x800065ba (0xd3051c17) x24 0x530575ba
core   0: 0x800065be (0x00006521) c.lui   a0, 0x8
core   0: 0 0x800065be (0x6521) x10 0x00008000
core   0: 0x800065c0 (0x8fbda793) slti    a5, s11, -1797
core   0: 0 0x800065c0 (0x8fbda793) x15 0x00000001
core   0: 0x800065c4 (0x0032bc33) sltu    s8, t0, gp
core   0: 0 0x800065c4 (0x0032bc33) x24 0x00000000
core   0: 0x800065c8 (0x00009e5a) c.add   t3, s6
core   0: 0 0x800065c8 (0x9e5a) x28 0x00000008
core   0: 0x800065ca (0x00008f45) c.or    a4, s1
core   0: 0 0x800065ca (0x8f45) x14 0xffffffff
core   0: 0x800065cc (0x01ce5d13) srli    s10, t3, 28
core   0: 0 0x800065cc (0x01ce5d13) x26 0x00000000
core   0: 0x800065d0 (0x03961c33) mulh    s8, a2, s9
core   0: 0 0x800065d0 (0x03961c33) x24 0x304f1ef2
core   0: 0x800065d4 (0x006d4a63) blt     s10, t1, pc + 20
core   0: 0 0x800065d4 (0x006d4a63)
core   0: 0x800065e8 (0x2b6dc313) xori    t1, s11, 694
core   0: 0 0x800065e8 (0x2b6dc313) x6  0x800002b6
core   0: 0x800065ec (0x0212e7b3) rem     a5, t0, ra
core   0: 0 0x800065ec (0x0212e7b3) x15 0x00000001
core   0: 0x800065f0 (0x0000ef8d) c.bnez  a5, pc + 58
core   0: 0 0x800065f0 (0xef8d)
core   0: 0x8000662a (0x00008d0e) c.mv    s10, gp
core   0: 0 0x8000662a (0x8d0e) x26 0x00000000
core   0: 0x8000662c (0x00c10c63) beq     sp, a2, pc + 24
core   0: 0 0x8000662c (0x00c10c63)
core   0: 0x80006630 (0x014285b3) add     a1, t0, s4
core   0: 0 0x80006630 (0x014285b3) x11 0x33b2002e
core   0: 0x80006634 (0x00000001) c.nop
core   0: 0 0x80006634 (0x0001)
core   0: 0x80006636 (0x0000100f) fence.i
core   0: 0 0x80006636 (0x0000100f)
core   0: 0x8000663a (0x00008d5d) c.or    a0, a5
core   0: 0 0x8000663a (0x8d5d) x10 0x00008001
core   0: 0x8000663c (0x00000001) c.nop
core   0: 0 0x8000663c (0x0001)
core   0: 0x8000663e (0x00709333) sll     t1, ra, t2
core   0: 0 0x8000663e (0x00709333) x6  0x00000000
core   0: 0x80006642 (0x00001f9c) c.addi4spn a5, sp, 1008
core   0: 0 0x80006642 (0x1f9c) x15 0x000000eb
core   0: 0x80006644 (0x00008d5d) c.or    a0, a5
core   0: 0 0x80006644 (0x8d5d) x10 0x000080eb
core   0: 0x80006646 (0x0002c563) bltz    t0, pc + 10
core   0: 0 0x80006646 (0x0002c563)
core   0: 0x8000664a (0x0ff0000f) fence   iorw,iorw
core   0: 0 0x8000664a (0x0ff0000f)
core   0: 0x8000664e (0x00006bd1) c.lui   s7, 0x14
core   0: 0 0x8000664e (0x6bd1) x23 0x00014000
core   0: 0x80006650 (0x8153c737) lui     a4, 0x8153c
core   0: 0 0x80006650 (0x8153c737) x14 0x8153c000
core   0: 0x80006654 (0xd0f02117) auipc   sp, 0xd0f02
core   0: 0 0x80006654 (0xd0f02117) x2  0x50f08654
core   0: 0x80006658 (0x0d7c8d17) auipc   s10, 0xd7c8
core   0: 0 0x80006658 (0x0d7c8d17) x26 0x8d7ce658
core   0: 0x8000665c (0x02bb0d33) mul     s10, s6, a1
core   0: 0 0x8000665c (0x02bb0d33) x26 0xcc4dffd2
core   0: 0x80006660 (0x00000242) c.slli  tp, 16
core   0: 0 0x80006660 (0x0242) x4  0x03b10000
core   0: 0x80006662 (0x01d25663) bge     tp, t4, pc + 12
core   0: 0 0x80006662 (0x01d25663)
core   0: 0x8000666e (0x013bd3b3) srl     t2, s7, s3
core   0: 0 0x8000666e (0x013bd3b3) x7  0x00001400
core   0: 0x80006672 (0x00001810) c.addi4spn a2, sp, 48
core   0: 0 0x80006672 (0x1810) x12 0x50f08684
core   0: 0x80006674 (0x516554b7) lui     s1, 0x51655
core   0: 0 0x80006674 (0x516554b7) x9  0x51655000
core   0: 0x80006678 (0x0000e785) c.bnez  a5, pc + 40
core   0: 0 0x80006678 (0xe785)
core   0: 0x800066a0 (0x02507833) remu    a6, zero, t0
core   0: 0 0x800066a0 (0x02507833) x16 0x00000000
core   0: 0x800066a4 (0x0000cb01) c.beqz  a4, pc + 16
core   0: 0 0x800066a4 (0xcb01)
core   0: 0x800066a6 (0x79c2e417) auipc   s0, 0x79c2e
core   0: 0 0x800066a6 (0x79c2e417) x8  0xf9c346a6
core   0: 0x800066aa (0x02c44eb3) div     t4, s0, a2
core   0: 0 0x800066aa (0x02c44eb3) x29 0x00000000
core   0: 0x800066ae (0x03cabe33) mulhu   t3, s5, t3
core   0: 0 0x800066ae (0x03cabe33) x28 0x00000000
core   0: 0x800066b2 (0x00008ff1) c.and   a5, a2
core   0: 0 0x800066b2 (0x8ff1) x15 0x00000080
core   0: 0x800066b4 (0xfc8fab13) slti    s6, t6, -56
core   0: 0 0x800066b4 (0xfc8fab13) x22 0x00000000
core   0: 0x800066b8 (0x0000100f) fence.i
core   0: 0 0x800066b8 (0x0000100f)
core   0: 0x800066bc (0x0125e7b3) or      a5, a1, s2
core   0: 0 0x800066bc (0x0125e7b3) x15 0x33b2002f
core   0: 0x800066c0 (0x0000ed89) c.bnez  a1, pc + 26
core   0: 0 0x800066c0 (0xed89)
core   0: 0x800066da (0x00006a15) c.lui   s4, 0x5
core   0: 0 0x800066da (0x6a15) x20 0x00005000
core   0: 0x800066dc (0x0000c915) c.beqz  a0, pc + 52
core   0: 0 0x800066dc (0xc915)
core   0: 0x800066de (0x030d9f33) mulh    t5, s11, a6
core   0: 0 0x800066de (0x030d9f33) x30 0x00000000
core   0: 0x800066e2 (0x00005efd) c.li    t4, -1
core   0: 0 0x800066e2 (0x5efd) x29 0xffffffff
core   0: 0x800066e4 (0x00006129) c.addi16sp sp, 192
core   0: 0 0x800066e4 (0x6129) x2  0x50f08714
core   0: 0x800066e6 (0x2825e913) ori     s2, a1, 642
core   0: 0 0x800066e6 (0x2825e913) x18 0x33b202ae
core   0: 0x800066ea (0x4dee2313) slti    t1, t3, 1246
core   0: 0 0x800066ea (0x4dee2313) x6  0x00000001
core   0: 0x800066ee (0x5aec4b13) xori    s6, s8, 1454
core   0: 0 0x800066ee (0x5aec4b13) x22 0x304f1b5c
core   0: 0x800066f2 (0x0381bab3) mulhu   s5, gp, s8
core   0: 0 0x800066f2 (0x0381bab3) x21 0x00000000
core   0: 0x800066f6 (0x0000717d) c.addi16sp sp, -16
core   0: 0 0x800066f6 (0x717d) x2  0x50f08704
core   0: 0x800066f8 (0x018911b3) sll     gp, s2, s8
core   0: 0 0x800066f8 (0x018911b3) x3  0x0ab80000
core   0: 0x800066fc (0x00008bc9) c.andi  a5, 18
core   0: 0 0x800066fc (0x8bc9) x15 0x00000002
core   0: 0x800066fe (0x00008cbd) c.xor   s1, a5
core   0: 0 0x800066fe (0x8cbd) x9  0x51655002
core   0: 0x80006700 (0x03cfdbb3) divu    s7, t6, t3
core   0: 0 0x80006700 (0x03cfdbb3) x23 0xffffffff
core   0: 0x80006704 (0x00008da9) c.xor   a1, a0
core   0: 0 0x80006704 (0x8da9) x11 0x33b280c5
core   0: 0x80006706 (0x012ff563) bgeu    t6, s2, pc + 10
core   0: 0 0x80006706 (0x012ff563)
core   0: 0x80006710 (0x0000ec1d) c.bnez  s0, pc + 62
core   0: 0 0x80006710 (0xec1d)
core   0: 0x8000674e (0x030201b3) mul     gp, tp, a6
core   0: 0 0x8000674e (0x030201b3) x3  0x00000000
core   0: 0x80006752 (0x03b2b133) mulhu   sp, t0, s11
core   0: 0 0x80006752 (0x03b2b133) x2  0x00000000
core   0: 0x80006756 (0x00d69863) bne     a3, a3, pc + 16
core   0: 0 0x80006756 (0x00d69863)
core   0: 0x8000675a (0x01e3d593) srli    a1, t2, 30
core   0: 0 0x8000675a (0x01e3d593) x11 0x00000000
core   0: 0x8000675e (0x02fcd763) bge     s9, a5, pc + 46
core   0: 0 0x8000675e (0x02fcd763)
core   0: 0x80006762 (0x00585393) srli    t2, a6, 5
core   0: 0 0x80006762 (0x00585393) x7  0x00000000
core   0: 0x80006766 (0x00000001) c.nop
core   0: 0 0x80006766 (0x0001)
core   0: 0x80006768 (0x00009a16) c.add   s4, t0
core   0: 0 0x80006768 (0x9a16) x20 0x00005001
core   0: 0x8000676a (0x00dc4eb3) xor     t4, s8, a3
core   0: 0 0x8000676a (0x00dc4eb3) x29 0xb04d4216
core   0: 0x8000676e (0x02190363) beq     s2, ra, pc + 38
core   0: 0 0x8000676e (0x02190363)
core   0: 0x80006772 (0x00008cf1) c.and   s1, a2
core   0: 0 0x80006772 (0x8cf1) x9  0x50600000
core   0: 0x80006774 (0x57846093) ori     ra, s0, 1400
core   0: 0 0x80006774 (0x57846093) x1  0xf9c347fe
core   0: 0x80006778 (0x00001708) c.addi4spn a0, sp, 928
core   0: 0 0x80006778 (0x1708) x10 0x000003a0
core   0: 0x8000677a (0x00008691) c.srai  a3, 4
core   0: 0 0x8000677a (0x8691) x13 0xf80025ce
core   0: 0x8000677c (0x0ff0000f) fence   iorw,iorw
core   0: 0 0x8000677c (0x0ff0000f)
core   0: 0x80006780 (0x00000f8e) c.slli  t6, 3
core   0: 0 0x80006780 (0x0f8e) x31 0xffed00b8
core   0: 0x80006782 (0xfeab6813) ori     a6, s6, -22
core   0: 0 0x80006782 (0xfeab6813) x16 0xfffffffe
core   0: 0x80006786 (0x00004529) c.li    a0, 10
core   0: 0 0x80006786 (0x4529) x10 0x0000000a
core   0: 0x80006788 (0x402ad193) srai    gp, s5, 2
core   0: 0 0x80006788 (0x402ad193) x3  0x00000000
core   0: 0x8000678c (0x0182d393) srli    t2, t0, 24
core   0: 0 0x8000678c (0x0182d393) x7  0x00000000
core   0: 0x80006790 (0x0234cb63) blt     s1, gp, pc + 54
core   0: 0 0x80006790 (0x0234cb63)
core   0: 0x80006794 (0x0000517d) c.li    sp, -1
core   0: 0 0x80006794 (0x517d) x2  0xffffffff
core   0: 0x80006796 (0x01e73a33) sltu    s4, a4, t5
core   0: 0 0x80006796 (0x01e73a33) x20 0x00000000
core   0: 0x8000679a (0x018906b3) add     a3, s2, s8
core   0: 0 0x8000679a (0x018906b3) x13 0x640121a0
core   0: 0x8000679e (0x0361e963) bltu    gp, s6, pc + 50
core   0: 0 0x8000679e (0x0361e963)
core   0: 0x800067d0 (0x400fd233) sra     tp, t6, zero
core   0: 0 0x800067d0 (0x400fd233) x4  0xffed00b8
core   0: 0x800067d4 (0x0000821d) c.srli  a2, 7
core   0: 0 0x800067d4 (0x821d) x12 0x00a1e10d
core   0: 0x800067d6 (0x00c70933) add     s2, a4, a2
core   0: 0 0x800067d6 (0x00c70933) x18 0x81f5a10d
core   0: 0x800067da (0x0000956a) c.add   a0, s10
core   0: 0 0x800067da (0x956a) x10 0xcc4dffdc
core   0: 0x800067dc (0x00005e7d) c.li    t3, -1
core   0: 0 0x800067dc (0x5e7d) x28 0xffffffff
core   0: 0x800067de (0x00008c2d) c.xor   s0, a1
core   0: 0 0x800067de (0x8c2d) x8  0xf9c346a6
core   0: 0x800067e0 (0x02c6d263) bge     a3, a2, pc + 36
core   0: 0 0x800067e0 (0x02c6d263)
core   0: 0x80006804 (0x5c23a0b7) lui     ra, 0x5c23a
core   0: 0 0x80006804 (0x5c23a0b7) x1  0x5c23a000
core   0: 0x80006808 (0x0ff0000f) fence   iorw,iorw
core   0: 0 0x80006808 (0x0ff0000f)
core   0: 0x8000680c (0x00969033) sll     zero, a3, s1
core   0: 0 0x8000680c (0x00969033)
core   0: 0x80006810 (0x000000a6) c.slli  ra, 9
core   0: 0 0x80006810 (0x00a6) x1  0x47400000
core   0: 0x80006812 (0x00008799) c.srai  a5, 6
core   0: 0 0x80006812 (0x8799) x15 0x00000000
core   0: 0x80006814 (0x026b9263) bne     s7, t1, pc + 36
core   0: 0 0x80006814 (0x026b9263)
core   0: 0x80006838 (0x030da333) mulhsu  t1, s11, a6
core   0: 0 0x80006838 (0x030da333) x6  0x80000001
core   0: 0x8000683c (0x000086f2) c.mv    a3, t3
core   0: 0 0x8000683c (0x86f2) x13 0xffffffff
core   0: 0x8000683e (0x00d0ec33) or      s8, ra, a3
core   0: 0 0x8000683e (0x00d0ec33) x24 0xffffffff
core   0: 0x80006842 (0x0000e285) c.bnez  a3, pc + 32
core   0: 0 0x80006842 (0xe285)
core   0: 0x80006862 (0x00008d35) c.xor   a0, a3
core   0: 0 0x80006862 (0x8d35) x10 0x33b20023
core   0: 0x80006864 (0x0024ba33) sltu    s4, s1, sp
core   0: 0 0x80006864 (0x0024ba33) x20 0x00000001
core   0: 0x80006868 (0x6b2b2593) slti    a1, s6, 1714
core   0: 0 0x80006868 (0x6b2b2593) x11 0x00000000
core   0: 0x8000686c (0x164e2793) slti    a5, t3, 356
core   0: 0 0x8000686c (0x164e2793) x15 0x00000001
core   0: 0x80006870 (0x0000717d) c.addi16sp sp, -16
core   0: 0 0x80006870 (0x717d) x2  0xffffffef
core   0: 0x80006872 (0x019eaf33) slt     t5, t4, s9
core   0: 0 0x80006872 (0x019eaf33) x30 0x00000000
core   0: 0x80006876 (0x01c5d413) srli    s0, a1, 28
core   0: 0 0x80006876 (0x01c5d413) x8  0x00000000
core   0: 0x8000687a (0x00c2b3b3) sltu    t2, t0, a2
core   0: 0 0x8000687a (0x00c2b3b3) x7  0x00000001
core   0: 0x8000687e (0x0000e291) c.bnez  a3, pc + 4
core   0: 0 0x8000687e (0xe291)
core   0: 0x80006882 (0x0000ce05) c.beqz  a2, pc + 56
core   0: 0 0x80006882 (0xce05)
core   0: 0x80006884 (0x00009763) bnez    ra, pc + 14
core   0: 0 0x80006884 (0x00009763)
core   0: 0x80006892 (0x00000752) c.slli  a4, 20
core   0: 0 0x80006892 (0x0752) x14 0x00000000
core   0: 0x80006894 (0x02ce3a33) mulhu   s4, t3, a2
core   0: 0 0x80006894 (0x02ce3a33) x20 0x00a1e10c
core   0: 0x80006898 (0x0253f963) bgeu    t2, t0, pc + 50
core   0: 0 0x80006898 (0x0253f963)
core   0: 0x800068ca (0x0028f633) and     a2, a7, sp
core   0: 0 0x800068ca (0x0028f633) x12 0x00000002
core   0: 0x800068ce (0x00008f7d) c.and   a4, a5
core   0: 0 0x800068ce (0x8f7d) x14 0x00000000
core   0: 0x800068d0 (0x00000c56) c.slli  s8, 21
core   0: 0 0x800068d0 (0x0c56) x24 0xffe00000
core   0: 0x800068d2 (0x009d5513) srli    a0, s10, 9
core   0: 0 0x800068d2 (0x009d5513) x10 0x006626ff
core   0: 0x800068d6 (0x00d92e33) slt     t3, s2, a3
core   0: 0 0x800068d6 (0x00d92e33) x28 0x00000001
core   0: 0x800068da (0x0000100f) fence.i
core   0: 0 0x800068da (0x0000100f)
core   0: 0x800068de (0x47d8f613) andi    a2, a7, 1149
core   0: 0 0x800068de (0x47d8f613) x12 0x00000000
core   0: 0x800068e2 (0x00000001) c.nop
core   0: 0 0x800068e2 (0x0001)
core   0: 0x800068e4 (0x40d25133) sra     sp, tp, a3
core   0: 0 0x800068e4 (0x40d25133) x2  0xffffffff
core   0: 0x800068e8 (0x01b65ab3) srl     s5, a2, s11
core   0: 0 0x800068e8 (0x01b65ab3) x21 0x00000000
core   0: 0x800068ec (0x03652933) mulhsu  s2, a0, s6
core   0: 0 0x800068ec (0x03652933) x18 0x001346e0
core   0: 0x800068f0 (0x0000100f) fence.i
core   0: 0 0x800068f0 (0x0000100f)
core   0: 0x800068f4 (0x000086e5) c.srai  a3, 25
core   0: 0 0x800068f4 (0x86e5) x13 0xffffffff
core   0: 0x800068f6 (0x00dd5e33) srl     t3, s10, a3
core   0: 0 0x800068f6 (0x00dd5e33) x28 0x00000001
core   0: 0x800068fa (0x004568b3) or      a7, a0, tp
core   0: 0 0x800068fa (0x004568b3) x17 0xffef26ff
core   0: 0x800068fe (0x23052193) slti    gp, a0, 560
core   0: 0 0x800068fe (0x23052193) x3  0x00000000
core   0: 0x80006902 (0x0077be33) sltu    t3, a5, t2
core   0: 0 0x80006902 (0x0077be33) x28 0x00000000
core   0: 0x80006906 (0x00008f85) c.sub   a5, s1
core   0: 0 0x80006906 (0x8f85) x15 0xafa00001
core   0: 0x80006908 (0x0ff0000f) fence   iorw,iorw
core   0: 0 0x80006908 (0x0ff0000f)
core   0: 0x8000690c (0x40be5a93) srai    s5, t3, 11
core   0: 0 0x8000690c (0x40be5a93) x21 0x00000000
core   0: 0x80006910 (0x000087d9) c.srai  a5, 22
core   0: 0 0x80006910 (0x87d9) x15 0xfffffebe
core   0: 0x80006912 (0x0000197d) c.addi  s2, -1
core   0: 0 0x80006912 (0x197d) x18 0x001346df
core   0: 0x80006914 (0x02ac8133) mul     sp, s9, a0
core   0: 0 0x80006914 (0x02ac8133) x2  0xdefc5f1c
core   0: 0x80006918 (0x000067b9) c.lui   a5, 0xe
core   0: 0 0x80006918 (0x67b9) x15 0x0000e000
core   0: 0x8000691a (0xbdc94093) xori    ra, s2, -1060
core   0: 0 0x8000691a (0xbdc94093) x1  0xffecbd03
core   0: 0x8000691e (0x0000c315) c.beqz  a4, pc + 36
core   0: 0 0x8000691e (0xc315)
core   0: 0x80006942 (0x00008d3d) c.xor   a0, a5
core   0: 0 0x80006942 (0x8d3d) x10 0x0066c6ff
core   0: 0x80006944 (0x00000001) c.nop
core   0: 0 0x80006944 (0x0001)
core   0: 0x80006946 (0x00008069) c.srli  s0, 26
core   0: 0 0x80006946 (0x8069) x8  0x00000000
core   0: 0x80006948 (0xe9914713) xori    a4, sp, -359
core   0: 0 0x80006948 (0xe9914713) x14 0x2103a185
core   0: 0x8000694c (0x031f5933) divu    s2, t5, a7
core   0: 0 0x8000694c (0x031f5933) x18 0x00000000
core   0: 0x80006950 (0x41ed8a33) sub     s4, s11, t5
core   0: 0 0x80006950 (0x41ed8a33) x20 0x80000000
core   0: 0x80006954 (0x03bdc063) blt     s11, s11, pc + 32
core   0: 0 0x80006954 (0x03bdc063)
core   0: 0x80006958 (0x0000810d) c.srli  a0, 3
core   0: 0 0x80006958 (0x810d) x10 0x000cd8df
core   0: 0x8000695a (0x00008f49) c.or    a4, a0
core   0: 0 0x8000695a (0x8f49) x14 0x210ff9df
core   0: 0x8000695c (0x00000b26) c.slli  s6, 9
core   0: 0 0x8000695c (0x0b26) x22 0x9e36b800
core   0: 0x8000695e (0x015de763) bltu    s11, s5, pc + 14
core   0: 0 0x8000695e (0x015de763)
core   0: 0x80006962 (0x00000f91) c.addi  t6, 4
core   0: 0 0x80006962 (0x0f91) x31 0xffed00bc
core   0: 0x80006964 (0x41175033) sra     zero, a4, a7
core   0: 0 0x80006964 (0x41175033)
core   0: 0x80006968 (0xba5ba093) slti    ra, s7, -1115
core   0: 0 0x80006968 (0xba5ba093) x1  0x00000000
core   0: 0x8000696c (0x00e9a7b3) slt     a5, s3, a4
core   0: 0 0x8000696c (0x00e9a7b3) x15 0x00000001
core   0: 0x80006970 (0x007cee63) bltu    s9, t2, pc + 28
core   0: 0 0x80006970 (0x007cee63)
core   0: 0x80006974 (0x00f94f33) xor     t5, s2, a5
core   0: 0 0x80006974 (0x00f94f33) x30 0x00000001
core   0: 0x80006978 (0x02f91b63) bne     s2, a5, pc + 54
core   0: 0 0x80006978 (0x02f91b63)
core   0: 0x800069ae (0x033c6c33) rem     s8, s8, s3
core   0: 0 0x800069ae (0x033c6c33) x24 0xffe00000
core   0: 0x800069b2 (0x00008c31) c.xor   s0, a2
core   0: 0 0x800069b2 (0x8c31) x8  0x00000000
core   0: 0x800069b4 (0x00008e2d) c.xor   a2, a1
core   0: 0 0x800069b4 (0x8e2d) x12 0x00000000
core   0: 0x800069b6 (0x012280b3) add     ra, t0, s2
core   0: 0 0x800069b6 (0x012280b3) x1  0x00000001
core   0: 0x800069ba (0x41dfdc33) sra     s8, t6, t4
core   0: 0 0x800069ba (0x41dfdc33) x24 0xffffffff
core   0: 0x800069be (0x000080e1) c.srli  s1, 24
core   0: 0 0x800069be (0x80e1) x9  0x00000050
core   0: 0x800069c0 (0x00006b9d) c.lui   s7, 0x7
core   0: 0 0x800069c0 (0x6b9d) x23 0x00007000
core   0: 0x800069c2 (0x03cc4063) blt     s8, t3, pc + 32
core   0: 0 0x800069c2 (0x03cc4063)
core   0: 0x800069e2 (0x01260f63) beq     a2, s2, pc + 30
core   0: 0 0x800069e2 (0x01260f63)
core   0: 0x80006a00 (0x00008a0e) c.mv    s4, gp
core   0: 0 0x80006a00 (0x8a0e) x20 0x00000000
core   0: 0x80006a02 (0x01a69013) slli    zero, a3, 26
core   0: 0 0x80006a02 (0x01a69013)
core   0: 0x80006a06 (0x00008e62) c.mv    t3, s8
core   0: 0 0x80006a06 (0x8e62) x28 0xffffffff
core   0: 0x80006a08 (0x00000001) c.nop
core   0: 0 0x80006a08 (0x0001)
core   0: 0x80006a0a (0x3dd1db37) lui     s6, 0x3dd1d
core   0: 0 0x80006a0a (0x3dd1db37) x22 0x3dd1d000
core   0: 0x80006a0e (0x00c430b3) sltu    ra, s0, a2
core   0: 0 0x80006a0e (0x00c430b3) x1  0x00000000
core   0: 0x80006a12 (0x000096e6) c.add   a3, s9
core   0: 0 0x80006a12 (0x96e6) x13 0x80025ce3
core   0: 0x80006a14 (0x00000c6a) c.slli  s8, 26
core   0: 0 0x80006a14 (0x0c6a) x24 0xfc000000
core   0: 0x80006a16 (0x0000100f) fence.i
core   0: 0 0x80006a16 (0x0000100f)
core   0: 0x80006a1a (0x013e6b33) or      s6, t3, s3
core   0: 0 0x80006a1a (0x013e6b33) x22 0xffffffff
core   0: 0x80006a1e (0x00008d59) c.or    a0, a4
core   0: 0 0x80006a1e (0x8d59) x10 0x210ff9df
core   0: 0x80006a20 (0x0000100f) fence.i
core   0: 0 0x80006a20 (0x0000100f)
core   0: 0x80006a24 (0x00006899) c.lui   a7, 0x6
core   0: 0 0x80006a24 (0x6899) x17 0x00006000
core   0: 0x80006a26 (0x404985b3) sub     a1, s3, tp
core   0: 0 0x80006a26 (0x404985b3) x11 0x80151dac
core   0: 0x80006a2a (0x0000ca09) c.beqz  a2, pc + 18
core   0: 0 0x80006a2a (0xca09)
core   0: 0x80006a3c (0xe339ce13) xori    t3, s3, -461
core   0: 0 0x80006a3c (0xe339ce13) x28 0x7ffde057
core   0: 0x80006a40 (0x00008269) c.srli  a2, 26
core   0: 0 0x80006a40 (0x8269) x12 0x00000000
core   0: 0x80006a42 (0x035d5833) divu    a6, s10, s5
core   0: 0 0x80006a42 (0x035d5833) x16 0xffffffff
core   0: 0x80006a46 (0x64ae8f13) addi    t5, t4, 1610
core   0: 0 0x80006a46 (0x64ae8f13) x30 0xb04d4860
core   0: 0x80006a4a (0x00008a1a) c.mv    s4, t1
core   0: 0 0x80006a4a (0x8a1a) x20 0x80000001
core   0: 0x80006a4c (0x039a9863) bne     s5, s9, pc + 48
core   0: 0 0x80006a4c (0x039a9863)
core   0: 0x80006a7c (0x40bd5213) srai    tp, s10, 11
core   0: 0 0x80006a7c (0x40bd5213) x4  0xfff989bf
core   0: 0x80006a80 (0x00f284b3) add     s1, t0, a5
core   0: 0 0x80006a80 (0x00f284b3) x9  0x00000002
core   0: 0x80006a84 (0x00befa33) and     s4, t4, a1
core   0: 0 0x80006a84 (0x00befa33) x20 0x80050004
core   0: 0x80006a88 (0xafa4a593) slti    a1, s1, -1286
core   0: 0 0x80006a88 (0xafa4a593) x11 0x00000000
core   0: 0x80006a8c (0x01b5fab3) and     s5, a1, s11
core   0: 0 0x80006a8c (0x01b5fab3) x21 0x00000000
core   0: 0x80006a90 (0x0219c233) div     tp, s3, ra
core   0: 0 0x80006a90 (0x0219c233) x4  0xffffffff
core   0: 0x80006a94 (0x035bc6b3) div     a3, s7, s5
core   0: 0 0x80006a94 (0x035bc6b3) x13 0xffffffff
core   0: 0x80006a98 (0x000093d6) c.add   t2, s5
core   0: 0 0x80006a98 (0x93d6) x7  0x00000001
core   0: 0x80006a9a (0x000000aa) c.slli  ra, 10
core   0: 0 0x80006a9a (0x00aa) x1  0x00000000
core   0: 0x80006a9c (0x0000093e) c.slli  s2, 15
core   0: 0 0x80006a9c (0x093e) x18 0x00000000
core   0: 0x80006a9e (0x0ff0000f) fence   iorw,iorw
core   0: 0 0x80006a9e (0x0ff0000f)
core   0: 0x80006aa2 (0x0005b2b3) sltu    t0, a1, zero
core   0: 0 0x80006aa2 (0x0005b2b3) x5  0x00000000
core   0: 0x80006aa6 (0x0219a8b3) mulhsu  a7, s3, ra
core   0: 0 0x80006aa6 (0x0219a8b3) x17 0x00000000
core   0: 0x80006aaa (0x019078b3) and     a7, zero, s9
core   0: 0 0x80006aaa (0x019078b3) x17 0x00000000
core   0: 0x80006aae (0x01735713) srli    a4, t1, 23
core   0: 0 0x80006aae (0x01735713) x14 0x00000100
core   0: 0x80006ab2 (0x00006515) c.lui   a0, 0x5
core   0: 0 0x80006ab2 (0x6515) x10 0x00005000
core   0: 0x80006ab4 (0x03764663) blt     a2, s7, pc + 44
core   0: 0 0x80006ab4 (0x03764663)
core   0: 0x80006ae0 (0x01af9fb3) sll     t6, t6, s10
core   0: 0 0x80006ae0 (0x01af9fb3) x31 0x02f00000
core   0: 0x80006ae4 (0x02a5d2b3) divu    t0, a1, a0
core   0: 0 0x80006ae4 (0x02a5d2b3) x5  0x00000000
core   0: 0x80006ae8 (0x00e76fb3) or      t6, a4, a4
core   0: 0 0x80006ae8 (0x00e76fb3) x31 0x00000100
core   0: 0x80006aec (0x00000001) c.nop
core   0: 0 0x80006aec (0x0001)
core   0: 0x80006aee (0x02185363) bge     a6, ra, pc + 38
core   0: 0 0x80006aee (0x02185363)
core   0: 0x80006af2 (0x00abaa33) slt     s4, s7, a0
core   0: 0 0x80006af2 (0x00abaa33) x20 0x00000000
core   0: 0x80006af6 (0x00000d80) c.addi4spn s0, sp, 720
core   0: 0 0x80006af6 (0x0d80) x8  0xdefc61ec
core   0: 0x80006af8 (0x00706a33) or      s4, zero, t2
core   0: 0 0x80006af8 (0x00706a33) x20 0x00000001
core   0: 0x80006afc (0x031c3ab3) mulhu   s5, s8, a7
core   0: 0 0x80006afc (0x031c3ab3) x21 0x00000000
core   0: 0x80006b00 (0x00008c8d) c.sub   s1, a1
core   0: 0 0x80006b00 (0x8c8d) x9  0x00000002
core   0: 0x80006b02 (0xec08c813) xori    a6, a7, -320
core   0: 0 0x80006b02 (0xec08c813) x16 0xfffffec0
core   0: 0x80006b06 (0x00004611) c.li    a2, 4
core   0: 0 0x80006b06 (0x4611) x12 0x00000004
core   0: 0x80006b08 (0x00008c55) c.or    s0, a3
core   0: 0 0x80006b08 (0x8c55) x8  0xffffffff
core   0: 0x80006b0a (0x02d9d1b3) divu    gp, s3, a3
core   0: 0 0x80006b0a (0x02d9d1b3) x3  0x00000000
core   0: 0x80006b0e (0x00008eed) c.and   a3, a1
core   0: 0 0x80006b0e (0x8eed) x13 0x00000000
core   0: 0x80006b10 (0x02ad83b3) mul     t2, s11, a0
core   0: 0 0x80006b10 (0x02ad83b3) x7  0x00000000
core   0: 0x80006b14 (0x0000059c) c.addi4spn a5, sp, 704
core   0: 0 0x80006b14 (0x059c) x15 0xdefc61dc
core   0: 0x80006b16 (0xaa2e3697) auipc   a3, 0xaa2e3
core   0: 0 0x80006b16 (0xaa2e3697) x13 0x2a2e9b16
core   0: 0x80006b1a (0x00008cb5) c.xor   s1, a3
core   0: 0 0x80006b1a (0x8cb5) x9  0x2a2e9b14
core   0: 0x80006b1c (0x02abee63) bltu    s7, a0, pc + 60
core   0: 0 0x80006b1c (0x02abee63)
core   0: 0x80006b20 (0x0238b3b3) mulhu   t2, a7, gp
core   0: 0 0x80006b20 (0x0238b3b3) x7  0x00000000
core   0: 0x80006b24 (0x00008c1d) c.sub   s0, a5
core   0: 0 0x80006b24 (0x8c1d) x8  0x21039e23
core   0: 0x80006b26 (0x013a6ab3) or      s5, s4, s3
core   0: 0 0x80006b26 (0x013a6ab3) x21 0x80021e65
core   0: 0x80006b2a (0x02ccd263) bge     s9, a2, pc + 36
core   0: 0 0x80006b2a (0x02ccd263)
core   0: 0x80006b2e (0x40158d33) sub     s10, a1, ra
core   0: 0 0x80006b2e (0x40158d33) x26 0x00000000
core   0: 0x80006b32 (0x88d18817) auipc   a6, 0x88d18
core   0: 0 0x80006b32 (0x88d18817) x16 0x08d1eb32
core   0: 0x80006b36 (0xb2663113) sltiu   sp, a2, -1242
core   0: 0 0x80006b36 (0xb2663113) x2  0x00000001
core   0: 0x80006b3a (0x01d2b7b3) sltu    a5, t0, t4
core   0: 0 0x80006b3a (0x01d2b7b3) x15 0x00000001
core   0: 0x80006b3e (0x0ff0000f) fence   iorw,iorw
core   0: 0 0x80006b3e (0x0ff0000f)
core   0: 0x80006b42 (0x018fdd63) bge     t6, s8, pc + 26
core   0: 0 0x80006b42 (0x018fdd63)
core   0: 0x80006b5c (0x0000661d) c.lui   a2, 0x7
core   0: 0 0x80006b5c (0x661d) x12 0x00007000
core   0: 0x80006b5e (0x0040d863) bge     ra, tp, pc + 16
core   0: 0 0x80006b5e (0x0040d863)
core   0: 0x80006b6e (0x00009b36) c.add   s6, a3
core   0: 0 0x80006b6e (0x9b36) x22 0x2a2e9b15
core   0: 0x80006b70 (0x00006119) c.addi16sp sp, 384
core   0: 0 0x80006b70 (0x6119) x2  0x00000181
core   0: 0x80006b72 (0x22562513) slti    a0, a2, 549
core   0: 0 0x80006b72 (0x22562513) x10 0x00000000
core   0: 0x80006b76 (0xaf393013) sltiu   zero, s2, -1293
core   0: 0 0x80006b76 (0xaf393013)
core   0: 0x80006b7a (0x03a02fb3) mulhsu  t6, zero, s10
core   0: 0 0x80006b7a (0x03a02fb3) x31 0x00000000
core   0: 0x80006b7e (0x00008d8d) c.sub   a1, a1
core   0: 0 0x80006b7e (0x8d8d) x11 0x00000000
core   0: 0x80006b80 (0x030cd633) divu    a2, s9, a6
core   0: 0 0x80006b80 (0x030cd633) x12 0x0000000e
core   0: 0x80006b84 (0x3d9f3913) sltiu   s2, t5, 985
core   0: 0 0x80006b84 (0x3d9f3913) x18 0x00000000
core   0: 0x80006b88 (0x023b7363) bgeu    s6, gp, pc + 38
core   0: 0 0x80006b88 (0x023b7363)
core   0: 0x80006bae (0x00009392) c.add   t2, tp
core   0: 0 0x80006bae (0x9392) x7  0xffffffff
core   0: 0x80006bb0 (0x0000717d) c.addi16sp sp, -16
core   0: 0 0x80006bb0 (0x717d) x2  0x00000171
core   0: 0x80006bb2 (0x4040d4b3) sra     s1, ra, tp
core   0: 0 0x80006bb2 (0x4040d4b3) x9  0x00000000
core   0: 0x80006bb6 (0x008180b3) add     ra, gp, s0
core   0: 0 0x80006bb6 (0x008180b3) x1  0x21039e23
core   0: 0x80006bba (0x0000844d) c.srai  s0, 19
core   0: 0 0x80006bba (0x844d) x8  0x00000420
core   0: 0x80006bbc (0x0000527d) c.li    tp, -1
core   0: 0 0x80006bbc (0x527d) x4  0xffffffff
core   0: 0x80006bbe (0x00000fb2) c.slli  t6, 12
core   0: 0 0x80006bbe (0x0fb2) x31 0x00000000
core   0: 0x80006bc0 (0x01f1e0b3) or      ra, gp, t6
core   0: 0 0x80006bc0 (0x01f1e0b3) x1  0x00000000
core   0: 0x80006bc4 (0x016eab33) slt     s6, t4, s6
core   0: 0 0x80006bc4 (0x016eab33) x22 0x00000001
core   0: 0x80006bc8 (0x0000100f) fence.i
core   0: 0 0x80006bc8 (0x0000100f)
core   0: 0x80006bcc (0x403905b3) sub     a1, s2, gp
core   0: 0 0x80006bcc (0x403905b3) x11 0x00000000
core   0: 0x80006bd0 (0x566eb113) sltiu   sp, t4, 1382
core   0: 0 0x80006bd0 (0x566eb113) x2  0x00000000
core   0: 0x80006bd4 (0x00000001) c.nop
core   0: 0 0x80006bd4 (0x0001)
core   0: 0x80006bd6 (0x01ee7833) and     a6, t3, t5
core   0: 0 0x80006bd6 (0x01ee7833) x16 0x304d4040
core   0: 0x80006bda (0x019c1e13) slli    t3, s8, 25
core   0: 0 0x80006bda (0x019c1e13) x28 0x00000000
core   0: 0x80006bde (0x00008e99) c.sub   a3, a4
core   0: 0 0x80006bde (0x8e99) x13 0x2a2e9a16
core   0: 0x80006be0 (0x00008c06) c.mv    s8, ra
core   0: 0 0x80006be0 (0x8c06) x24 0x00000000
core   0: 0x80006be2 (0x00008d95) c.sub   a1, a3
core   0: 0 0x80006be2 (0x8d95) x11 0xd5d165ea
core   0: 0x80006be4 (0x0109e233) or      tp, s3, a6
core   0: 0 0x80006be4 (0x0109e233) x4  0xb04f5e64
core   0: 0x80006be8 (0x00000001) c.nop
core   0: 0 0x80006be8 (0x0001)
core   0: 0x80006bea (0xbe183493) sltiu   s1, a6, -1055
core   0: 0 0x80006bea (0xbe183493) x9  0x00000001
core   0: 0x80006bee (0x0ff0000f) fence   iorw,iorw
core   0: 0 0x80006bee (0x0ff0000f)
core   0: 0x80006bf2 (0x419a0c33) sub     s8, s4, s9
core   0: 0 0x80006bf2 (0x419a0c33) x24 0x7ffda31d
core   0: 0x80006bf6 (0x01ad86b3) add     a3, s11, s10
core   0: 0 0x80006bf6 (0x01ad86b3) x13 0x80000000
core   0: 0x80006bfa (0x0255cc63) blt     a1, t0, pc + 56
core   0: 0 0x80006bfa (0x0255cc63)
core   0: 0x80006c32 (0x0000ef9d) c.bnez  a5, pc + 62
core   0: 0 0x80006c32 (0xef9d)
core   0: 0x80006c70 (0x000054fd) c.li    s1, -1
core   0: 0 0x80006c70 (0x54fd) x9  0xffffffff
core   0: 0x80006c72 (0x0000e911) c.bnez  a0, pc + 20
core   0: 0 0x80006c72 (0xe911)
core   0: 0x80006c74 (0x00000001) c.nop
core   0: 0 0x80006c74 (0x0001)
core   0: 0x80006c76 (0x02f37363) bgeu    t1, a5, pc + 38
core   0: 0 0x80006c76 (0x02f37363)
core   0: 0x80006c9c (0x0109ba33) sltu    s4, s3, a6
core   0: 0 0x80006c9c (0x0109ba33) x20 0x00000000
core   0: 0x80006ca0 (0x000086a9) c.srai  a3, 10
core   0: 0 0x80006ca0 (0x86a9) x13 0xffe00000
core   0: 0x80006ca2 (0x0081dd63) bge     gp, s0, pc + 26
core   0: 0 0x80006ca2 (0x0081dd63)
core   0: 0x80006ca6 (0x00000001) c.nop
core   0: 0 0x80006ca6 (0x0001)
core   0: 0x80006ca8 (0xaf1b2f93) slti    t6, s6, -1295
core   0: 0 0x80006ca8 (0xaf1b2f93) x31 0x00000000
core   0: 0x80006cac (0x00008f89) c.sub   a5, a0
core   0: 0 0x80006cac (0x8f89) x15 0x00000001
core   0: 0x80006cae (0x0000cd19) c.beqz  a0, pc + 30
core   0: 0 0x80006cae (0xcd19)
core   0: 0x80006ccc (0x02220333) mul     t1, tp, sp
core   0: 0 0x80006ccc (0x02220333) x6  0x00000000
core   0: 0x80006cd0 (0x00001c94) c.addi4spn a3, sp, 624
core   0: 0 0x80006cd0 (0x1c94) x13 0x00000270
core   0: 0x80006cd2 (0x00000b96) c.slli  s7, 5
core   0: 0 0x80006cd2 (0x0b96) x23 0x000e0000
core   0: 0x80006cd4 (0x0ff0000f) fence   iorw,iorw
core   0: 0 0x80006cd4 (0x0ff0000f)
core   0: 0x80006cd8 (0x01531663) bne     t1, s5, pc + 12
core   0: 0 0x80006cd8 (0x01531663)
core   0: 0x80006ce4 (0x0262de33) divu    t3, t0, t1
core   0: 0 0x80006ce4 (0x0262de33) x28 0xffffffff
core   0: 0x80006ce8 (0x41388133) sub     sp, a7, s3
core   0: 0 0x80006ce8 (0x41388133) x2  0x7ffde19c
core   0: 0x80006cec (0x036c4d63) blt     s8, s6, pc + 58
core   0: 0 0x80006cec (0x036c4d63)
core   0: 0x80006cf0 (0x03e4ee33) rem     t3, s1, t5
core   0: 0 0x80006cf0 (0x03e4ee33) x28 0xffffffff
core   0: 0x80006cf4 (0x00008ede) c.mv    t4, s7
core   0: 0 0x80006cf4 (0x8ede) x29 0x000e0000
core   0: 0x80006cf6 (0x57640213) addi    tp, s0, 1398
core   0: 0 0x80006cf6 (0x57640213) x4  0x00000996
core   0: 0x80006cfa (0xe334bf13) sltiu   t5, s1, -461
core   0: 0 0x80006cfa (0xe334bf13) x30 0x00000000
core   0: 0x80006cfe (0x00008765) c.srai  a4, 25
core   0: 0 0x80006cfe (0x8765) x14 0x00000000
core   0: 0x80006d00 (0x011325b3) slt     a1, t1, a7
core   0: 0 0x80006d00 (0x011325b3) x11 0x00000000
core   0: 0x80006d04 (0x1a002213) slti    tp, zero, 416
core   0: 0 0x80006d04 (0x1a002213) x4  0x00000001
core   0: 0x80006d08 (0x03842ab3) mulhsu  s5, s0, s8
core   0: 0 0x80006d08 (0x03842ab3) x21 0x0000020f
core   0: 0x80006d0c (0x00008f35) c.xor   a4, a3
core   0: 0 0x80006d0c (0x8f35) x14 0x00000270
core   0: 0x80006d0e (0x40cfbe93) sltiu   t4, t6, 1036
core   0: 0 0x80006d0e (0x40cfbe93) x29 0x00000001
core   0: 0x80006d12 (0x01916fb3) or      t6, sp, s9
core   0: 0 0x80006d12 (0x01916fb3) x31 0xfffffdfc
core   0: 0x80006d16 (0x0000100f) fence.i
core   0: 0 0x80006d16 (0x0000100f)
core   0: 0x80006d1a (0x00009ff2) c.add   t6, t3
core   0: 0 0x80006d1a (0x9ff2) x31 0xfffffdfb
core   0: 0x80006d1c (0x000052fd) c.li    t0, -1
core   0: 0 0x80006d1c (0x52fd) x5  0xffffffff
core   0: 0x80006d1e (0x019ba133) slt     sp, s7, s9
core   0: 0 0x80006d1e (0x019ba133) x2  0x00000000
core   0: 0x80006d22 (0x00205d33) srl     s10, zero, sp
core   0: 0 0x80006d22 (0x00205d33) x26 0x00000000
core   0: 0x80006d26 (0xee2d7013) andi    zero, s10, -286
core   0: 0 0x80006d26 (0xee2d7013)
core   0: 0x80006d2a (0x01b08e33) add     t3, ra, s11
core   0: 0 0x80006d2a (0x01b08e33) x28 0x80000000
core   0: 0x80006d2e (0x03570333) mul     t1, a4, s5
core   0: 0 0x80006d2e (0x03570333) x6  0x00050490
core   0: 0x80006d32 (0x00008dc1) c.or    a1, s0
core   0: 0 0x80006d32 (0x8dc1) x11 0x00000420
core   0: 0x80006d34 (0x00008959) c.andi  a0, 22
core   0: 0 0x80006d34 (0x8959) x10 0x00000000
core   0: 0x80006d36 (0x000088e1) c.andi  s1, 24
core   0: 0 0x80006d36 (0x88e1) x9  0x00000018
core   0: 0x80006d38 (0x0000c799) c.beqz  a5, pc + 14
core   0: 0 0x80006d38 (0xc799)
core   0: 0x80006d3a (0x0000717d) c.addi16sp sp, -16
core   0: 0 0x80006d3a (0x717d) x2  0xfffffff0
core   0: 0x80006d3c (0x409d5f93) srai    t6, s10, 9
core   0: 0 0x80006d3c (0x409d5f93) x31 0x00000000
core   0: 0x80006d40 (0x03f28663) beq     t0, t6, pc + 44
core   0: 0 0x80006d40 (0x03f28663)
core   0: 0x80006d44 (0x000000a6) c.slli  ra, 9
core   0: 0 0x80006d44 (0x00a6) x1  0x00000000
core   0: 0x80006d46 (0x0ff0000f) fence   iorw,iorw
core   0: 0 0x80006d46 (0x0ff0000f)
core   0: 0x80006d4a (0x01feb533) sltu    a0, t4, t6
core   0: 0 0x80006d4a (0x01feb533) x10 0x00000000
core   0: 0x80006d4e (0x002a4463) blt     s4, sp, pc + 8
core   0: 0 0x80006d4e (0x002a4463)
core   0: 0x80006d52 (0x03c62a33) mulhsu  s4, a2, t3
core   0: 0 0x80006d52 (0x03c62a33) x20 0x00000007
core   0: 0x80006d56 (0x01e79c33) sll     s8, a5, t5
core   0: 0 0x80006d56 (0x01e79c33) x24 0x00000001
core   0: 0x80006d5a (0xe1efeb93) ori     s7, t6, -482
core   0: 0 0x80006d5a (0xe1efeb93) x23 0xfffffe1e
core   0: 0x80006d5e (0x02001b63) bnez    zero, pc + 54
core   0: 0 0x80006d5e (0x02001b63)
core   0: 0x80006d62 (0x02b39063) bne     t2, a1, pc + 32
core   0: 0 0x80006d62 (0x02b39063)
core   0: 0x80006d82 (0x018d8263) beq     s11, s8, pc + 4
core   0: 0 0x80006d82 (0x018d8263)
core   0: 0x80006d86 (0x01147433) and     s0, s0, a7
core   0: 0 0x80006d86 (0x01147433) x8  0x00000000
core   0: 0x80006d8a (0x8c8aae93) slti    t4, s5, -1848
core   0: 0 0x80006d8a (0x8c8aae93) x29 0x00000000
core   0: 0x80006d8e (0x00006165) c.addi16sp sp, 112
core   0: 0 0x80006d8e (0x6165) x2  0x00000060
core   0: 0x80006d90 (0x03a1a0b3) mulhsu  ra, gp, s10
core   0: 0 0x80006d90 (0x03a1a0b3) x1  0x00000000
core   0: 0x80006d94 (0x00008f3d) c.xor   a4, a5
core   0: 0 0x80006d94 (0x8f3d) x14 0x00000271
core   0: 0x80006d96 (0x0000188c) c.addi4spn a1, sp, 112
core   0: 0 0x80006d96 (0x188c) x11 0x000000d0
core   0: 0x80006d98 (0x7dd36593) ori     a1, t1, 2013
core   0: 0 0x80006d98 (0x7dd36593) x11 0x000507dd
core   0: 0x80006d9c (0x00000001) c.nop
core   0: 0 0x80006d9c (0x0001)
core   0: 0x80006d9e (0x00000001) c.nop
core   0: 0 0x80006d9e (0x0001)
core   0: 0x80006da0 (0x01af73b3) and     t2, t5, s10
core   0: 0 0x80006da0 (0x01af73b3) x7  0x00000000
core   0: 0x80006da4 (0x00008d55) c.or    a0, a3
core   0: 0 0x80006da4 (0x8d55) x10 0x00000270
core   0: 0x80006da6 (0x0000188c) c.addi4spn a1, sp, 112
core   0: 0 0x80006da6 (0x188c) x11 0x000000d0
core   0: 0x80006da8 (0x0000187d) c.addi  a6, -1
core   0: 0 0x80006da8 (0x187d) x16 0x304d403f
core   0: 0x80006daa (0x036d73b3) remu    t2, s10, s6
core   0: 0 0x80006daa (0x036d73b3) x7  0x00000000
core   0: 0x80006dae (0x00008959) c.andi  a0, 22
core   0: 0 0x80006dae (0x8959) x10 0x00000010
core   0: 0x80006db0 (0x013f5563) bge     t5, s3, pc + 10
core   0: 0 0x80006db0 (0x013f5563)
core   0: 0x80006dba (0x0ff0000f) fence   iorw,iorw
core   0: 0 0x80006dba (0x0ff0000f)
core   0: 0x80006dbe (0x4190da33) sra     s4, ra, s9
core   0: 0 0x80006dbe (0x4190da33) x20 0x00000000
core   0: 0x80006dc2 (0x00008dcd) c.or    a1, a1
core   0: 0 0x80006dc2 (0x8dcd) x11 0x000000d0
core   0: 0x80006dc4 (0x01caceb3) xor     t4, s5, t3
core   0: 0 0x80006dc4 (0x01caceb3) x29 0x8000020f
core   0: 0x80006dc8 (0x00e14133) xor     sp, sp, a4
core   0: 0 0x80006dc8 (0x00e14133) x2  0x00000211
core   0: 0x80006dcc (0x02707233) remu    tp, zero, t2
core   0: 0 0x80006dcc (0x02707233) x4  0x00000000
core   0: 0x80006dd0 (0x0000e515) c.bnez  a0, pc + 44
core   0: 0 0x80006dd0 (0xe515)
core   0: 0x80006dfc (0x02858b63) beq     a1, s0, pc + 54
core   0: 0 0x80006dfc (0x02858b63)
core   0: 0x80006e00 (0x00000001) c.nop
core   0: 0 0x80006e00 (0x0001)
core   0: 0x80006e02 (0x40275813) srai    a6, a4, 2
core   0: 0 0x80006e02 (0x40275813) x16 0x0000009c
core   0: 0x80006e06 (0x000090c6) c.add   ra, a7
core   0: 0 0x80006e06 (0x90c6) x1  0x00000000
core   0: 0x80006e08 (0x8ed44c17) auipc   s8, 0x8ed44
core   0: 0 0x80006e08 (0x8ed44c17) x24 0x0ed4ae08
core   0: 0x80006e0c (0x2aa58637) lui     a2, 0x2aa58
core   0: 0 0x80006e0c (0x2aa58637) x12 0x2aa58000
core   0: 0x80006e10 (0x3cc8a237) lui     tp, 0x3cc8a
core   0: 0 0x80006e10 (0x3cc8a237) x4  0x3cc8a000
core   0: 0x80006e14 (0x00008511) c.srai  a0, 4
core   0: 0 0x80006e14 (0x8511) x10 0x00000001
core   0: 0x80006e16 (0x0194fc63) bgeu    s1, s9, pc + 24
core   0: 0 0x80006e16 (0x0194fc63)
core   0: 0x80006e1a (0x01dbe8b3) or      a7, s7, t4
core   0: 0 0x80006e1a (0x01dbe8b3) x17 0xfffffe1f
core   0: 0x80006e1e (0x1a13f017) auipc   zero, 0x1a13f
core   0: 0 0x80006e1e (0x1a13f017)
core   0: 0x80006e22 (0x20f74093) xori    ra, a4, 527
core   0: 0 0x80006e22 (0x20f74093) x1  0x0000007e
core   0: 0x80006e26 (0x024134b3) mulhu   s1, sp, tp
core   0: 0 0x80006e26 (0x024134b3) x9  0x0000007d
core   0: 0x80006e2a (0x00711013) slli    zero, sp, 7
core   0: 0 0x80006e2a (0x00711013)
core   0: 0x80006e2e (0x03dff563) bgeu    t6, t4, pc + 42
core   0: 0 0x80006e2e (0x03dff563)
core   0: 0x80006e32 (0x00000a16) c.slli  s4, 5
core   0: 0 0x80006e32 (0x0a16) x20 0x00000000
core   0: 0x80006e34 (0x00c90533) add     a0, s2, a2
core   0: 0 0x80006e34 (0x00c90533) x10 0x2aa58000
core   0: 0x80006e38 (0x00008fd9) c.or    a5, a4
core   0: 0 0x80006e38 (0x8fd9) x15 0x00000271
core   0: 0x80006e3a (0x0540f463) bgeu    ra, s4, pc + 72
core   0: 0 0x80006e3a (0x0540f463)
core   0: 0x80006e82 (0x01430c33) add     s8, t1, s4
core   0: 0 0x80006e82 (0x01430c33) x24 0x00050490
core   0: 0x80006e86 (0xfa0456b7) lui     a3, 0xfa045
core   0: 0 0x80006e86 (0xfa0456b7) x13 0xfa045000
core   0: 0x80006e8a (0x40eb81b3) sub     gp, s7, a4
core   0: 0 0x80006e8a (0x40eb81b3) x3  0xfffffbad
core   0: 0x80006e8e (0x00000001) c.nop
core   0: 0 0x80006e8e (0x0001)
core   0: 0x80006e90 (0x41915093) srai    ra, sp, 25
core   0: 0 0x80006e90 (0x41915093) x1  0x00000000
core   0: 0x80006e94 (0x01071763) bne     a4, a6, pc + 14
core   0: 0 0x80006e94 (0x01071763)
core   0: 0x80006ea2 (0x00000001) c.nop
core   0: 0 0x80006ea2 (0x0001)
core   0: 0x80006ea4 (0x000082ca) c.mv    t0, s2
core   0: 0 0x80006ea4 (0x82ca) x5  0x00000000
core   0: 0x80006ea6 (0x0000066e) c.slli  a2, 27
core   0: 0 0x80006ea6 (0x066e) x12 0x00000000
core   0: 0x80006ea8 (0x0ff0000f) fence   iorw,iorw
core   0: 0 0x80006ea8 (0x0ff0000f)
core   0: 0x80006eac (0x03e700b3) mul     ra, a4, t5
core   0: 0 0x80006eac (0x03e700b3) x1  0x00000000
core   0: 0x80006eb0 (0x00000001) c.nop
core   0: 0 0x80006eb0 (0x0001)
core   0: 0x80006eb2 (0x00511e93) slli    t4, sp, 5
core   0: 0 0x80006eb2 (0x00511e93) x29 0x00004220
core   0: 0x80006eb6 (0x00000001) c.nop
core   0: 0 0x80006eb6 (0x0001)
core   0: 0x80006eb8 (0x00008831) c.andi  s0, 12
core   0: 0 0x80006eb8 (0x8831) x8  0x00000000
core   0: 0x80006eba (0x03fc8833) mul     a6, s9, t6
core   0: 0 0x80006eba (0x03fc8833) x16 0x00000000
core   0: 0x80006ebe (0x0ff0000f) fence   iorw,iorw
core   0: 0 0x80006ebe (0x0ff0000f)
core   0: 0x80006ec2 (0x00008ce1) c.and   s1, s0
core   0: 0 0x80006ec2 (0x8ce1) x9  0x00000000
core   0: 0x80006ec4 (0x0000c481) c.beqz  s1, pc + 8
core   0: 0 0x80006ec4 (0xc481)
core   0: 0x80006ecc (0x0744c693) xori    a3, s1, 116
core   0: 0 0x80006ecc (0x0744c693) x13 0x00000074
core   0: 0x80006ed0 (0x00009fb6) c.add   t6, a3
core   0: 0 0x80006ed0 (0x9fb6) x31 0x00000074
core   0: 0x80006ed2 (0x00dce763) bltu    s9, a3, pc + 14
core   0: 0 0x80006ed2 (0x00dce763)
core   0: 0x80006ed6 (0x01475093) srli    ra, a4, 20
core   0: 0 0x80006ed6 (0x01475093) x1  0x00000000
core   0: 0x80006eda (0x02379c63) bne     a5, gp, pc + 56
core   0: 0 0x80006eda (0x02379c63)
core   0: 0x80006f12 (0x03003533) mulhu   a0, zero, a6
core   0: 0 0x80006f12 (0x03003533) x10 0x00000000
core   0: 0x80006f16 (0x00f4dd33) srl     s10, s1, a5
core   0: 0 0x80006f16 (0x00f4dd33) x26 0x00000000
core   0: 0x80006f1a (0x0000e199) c.bnez  a1, pc + 6
core   0: 0 0x80006f1a (0xe199)
core   0: 0x80006f20 (0x0225d433) divu    s0, a1, sp
core   0: 0 0x80006f20 (0x0225d433) x8  0x00000000
core   0: 0x80006f24 (0x00006a6d) c.lui   s4, 0x1b
core   0: 0 0x80006f24 (0x6a6d) x20 0x0001b000
core   0: 0x80006f26 (0x00b95633) srl     a2, s2, a1
core   0: 0 0x80006f26 (0x00b95633) x12 0x00000000
core   0: 0x80006f2a (0x68aead13) slti    s10, t4, 1674
core   0: 0 0x80006f2a (0x68aead13) x26 0x00000000
core   0: 0x80006f2e (0x00008c45) c.or    s0, s1
core   0: 0 0x80006f2e (0x8c45) x8  0x00000000
core   0: 0x80006f30 (0x00008c66) c.mv    s8, s9
core   0: 0 0x80006f30 (0x8c66) x24 0x80025ce4
core   0: 0x80006f32 (0x00008911) c.andi  a0, 4
core   0: 0 0x80006f32 (0x8911) x10 0x00000000
core   0: 0x80006f34 (0x0316dbb3) divu    s7, a3, a7
core   0: 0 0x80006f34 (0x0316dbb3) x23 0x00000000
core   0: 0x80006f38 (0x000087a1) c.srai  a5, 8
core   0: 0 0x80006f38 (0x87a1) x15 0x00000002
core   0: 0x80006f3a (0x03706933) rem     s2, zero, s7
core   0: 0 0x80006f3a (0x03706933) x18 0x00000000
core   0: 0x80006f3e (0x03180433) mul     s0, a6, a7
core   0: 0 0x80006f3e (0x03180433) x8  0x00000000
core   0: 0x80006f42 (0x00000114) c.addi4spn a3, sp, 128
core   0: 0 0x80006f42 (0x0114) x13 0x00000291
core   0: 0x80006f44 (0x55dba293) slti    t0, s7, 1373
core   0: 0 0x80006f44 (0x55dba293) x5  0x00000001
core   0: 0x80006f48 (0x52e32513) slti    a0, t1, 1326
core   0: 0 0x80006f48 (0x52e32513) x10 0x00000000
core   0: 0x80006f4c (0x00006ff9) c.lui   t6, 0x1e
core   0: 0 0x80006f4c (0x6ff9) x31 0x0001e000
core   0: 0x80006f4e (0x40c60d33) sub     s10, a2, a2
core   0: 0 0x80006f4e (0x40c60d33) x26 0x00000000
core   0: 0x80006f52 (0x02e11eb3) mulh    t4, sp, a4
core   0: 0 0x80006f52 (0x02e11eb3) x29 0x00000000
core   0: 0x80006f56 (0x0030cd63) blt     ra, gp, pc + 26
core   0: 0 0x80006f56 (0x0030cd63)
core   0: 0x80006f5a (0x00451933) sll     s2, a0, tp
core   0: 0 0x80006f5a (0x00451933) x18 0x00000000
core   0: 0x80006f5e (0x015beeb3) or      t4, s7, s5
core   0: 0 0x80006f5e (0x015beeb3) x29 0x0000020f
core   0: 0x80006f62 (0x02ef7a33) remu    s4, t5, a4
core   0: 0 0x80006f62 (0x02ef7a33) x20 0x00000000
core   0: 0x80006f66 (0x02de0663) beq     t3, a3, pc + 44
core   0: 0 0x80006f66 (0x02de0663)
core   0: 0x80006f6a (0x41a150b3) sra     ra, sp, s10
core   0: 0 0x80006f6a (0x41a150b3) x1  0x00000211
core   0: 0x80006f6e (0x00000001) c.nop
core   0: 0 0x80006f6e (0x0001)
core   0: 0x80006f70 (0x00001ffd) c.addi  t6, -1
core   0: 0 0x80006f70 (0x1ffd) x31 0x0001dfff
core   0: 0x80006f72 (0x01c1b6b3) sltu    a3, gp, t3
core   0: 0 0x80006f72 (0x01c1b6b3) x13 0x00000000
core   0: 0x80006f76 (0x0332fa63) bgeu    t0, s3, pc + 52
core   0: 0 0x80006f76 (0x0332fa63)
core   0: 0x80006f7a (0x00008c7d) c.and   s0, a5
core   0: 0 0x80006f7a (0x8c7d) x8  0x00000000
core   0: 0x80006f7c (0x000080a1) c.srli  s1, 8
core   0: 0 0x80006f7c (0x80a1) x9  0x00000000
core   0: 0x80006f7e (0x0030d213) srli    tp, ra, 3
core   0: 0 0x80006f7e (0x0030d213) x4  0x00000042
core   0: 0x80006f82 (0x00008ebd) c.xor   a3, a5
core   0: 0 0x80006f82 (0x8ebd) x13 0x00000002
core   0: 0x80006f84 (0x00006171) c.addi16sp sp, 336
core   0: 0 0x80006f84 (0x6171) x2  0x00000361
core   0: 0x80006f86 (0x498dea93) ori     s5, s11, 1176
core   0: 0 0x80006f86 (0x498dea93) x21 0x80000498
core   0: 0x80006f8a (0x00b67333) and     t1, a2, a1
core   0: 0 0x80006f8a (0x00b67333) x6  0x00000000
core   0: 0x80006f8e (0x02c40833) mul     a6, s0, a2
core   0: 0 0x80006f8e (0x02c40833) x16 0x00000000
core   0: 0x80006f92 (0x037ee133) rem     sp, t4, s7
core   0: 0 0x80006f92 (0x037ee133) x2  0x0000020f
core   0: 0x80006f96 (0x03f1b533) mulhu   a0, gp, t6
core   0: 0 0x80006f96 (0x03f1b533) x10 0x0001dffe
core   0: 0x80006f9a (0x00008bd5) c.andi  a5, 21
core   0: 0 0x80006f9a (0x8bd5) x15 0x00000000
core   0: 0x80006f9c (0x00008175) c.srli  a0, 29
core   0: 0 0x80006f9c (0x8175) x10 0x00000000
core   0: 0x80006f9e (0x00008e55) c.or    a2, a3
core   0: 0 0x80006f9e (0x8e55) x12 0x00000002
core   0: 0x80006fa0 (0x03321b63) bne     tp, s3, pc + 54
core   0: 0 0x80006fa0 (0x03321b63)
core   0: 0x80006fd6 (0x00001c7d) c.addi  s8, -1
core   0: 0 0x80006fd6 (0x1c7d) x24 0x80025ce3
core   0: 0x80006fd8 (0x4048d113) srai    sp, a7, 4
core   0: 0 0x80006fd8 (0x4048d113) x2  0xffffffe1
core   0: 0x80006fdc (0x004cdbb3) srl     s7, s9, tp
core   0: 0 0x80006fdc (0x004cdbb3) x23 0x20009739
core   0: 0x80006fe0 (0x00005afd) c.li    s5, -1
core   0: 0 0x80006fe0 (0x5afd) x21 0xffffffff
core   0: 0x80006fe2 (0x01ebf3b3) and     t2, s7, t5
core   0: 0 0x80006fe2 (0x01ebf3b3) x7  0x00000000
core   0: 0x80006fe6 (0x00000001) c.nop
core   0: 0 0x80006fe6 (0x0001)
core   0: 0x80006fe8 (0x00004089) c.li    ra, 2
core   0: 0 0x80006fe8 (0x4089) x1  0x00000002
core   0: 0x80006fea (0x03c40eb3) mul     t4, s0, t3
core   0: 0 0x80006fea (0x03c40eb3) x29 0x00000000
core   0: 0x80006fee (0x00d4c0b3) xor     ra, s1, a3
core   0: 0 0x80006fee (0x00d4c0b3) x1  0x00000002
core   0: 0x80006ff2 (0x0000717d) c.addi16sp sp, -16
core   0: 0 0x80006ff2 (0x717d) x2  0xffffffd1
core   0: 0x80006ff4 (0x0000031c) c.addi4spn a5, sp, 384
core   0: 0 0x80006ff4 (0x031c) x15 0x00000151
core   0: 0x80006ff6 (0x03efa833) mulhsu  a6, t6, t5
core   0: 0 0x80006ff6 (0x03efa833) x16 0x00000000
core   0: 0x80006ffa (0x00b19e33) sll     t3, gp, a1
core   0: 0 0x80006ffa (0x00b19e33) x28 0xfbad0000
core   0: 0x80006ffe (0x0ff0000f) fence   iorw,iorw
core   0: 0 0x80006ffe (0x0ff0000f)
core   0: 0x80007002 (0x0000c209) c.beqz  a2, pc + 2
core   0: 0 0x80007002 (0xc209)
core   0: 0x80007004 (0x0ff0000f) fence   iorw,iorw
core   0: 0 0x80007004 (0x0ff0000f)
core   0: 0x80007008 (0x000085e5) c.srai  a1, 25
core   0: 0 0x80007008 (0x85e5) x11 0x00000000
core   0: 0x8000700a (0xdd18ea93) ori     s5, a7, -559
core   0: 0 0x8000700a (0xdd18ea93) x21 0xffffffdf
core   0: 0x8000700e (0x6a2de437) lui     s0, 0x6a2de
core   0: 0 0x8000700e (0x6a2de437) x8  0x6a2de000
core   0: 0x80007012 (0x00dd97b3) sll     a5, s11, a3
core   0: 0 0x80007012 (0x00dd97b3) x15 0x00000000
core   0: 0x80007016 (0x40695f13) srai    t5, s2, 6
core   0: 0 0x80007016 (0x40695f13) x30 0x00000000
core   0: 0x8000701a (0x0000e405) c.bnez  s0, pc + 40
core   0: 0 0x8000701a (0xe405)
core   0: 0x80007042 (0x84d20b13) addi    s6, tp, -1971
core   0: 0 0x80007042 (0x84d20b13) x22 0xfffff88f
core   0: 0x80007046 (0x404a8533) sub     a0, s5, tp
core   0: 0 0x80007046 (0x404a8533) x10 0xffffff9d
core   0: 0x8000704a (0x009dcfb3) xor     t6, s11, s1
core   0: 0 0x8000704a (0x009dcfb3) x31 0x80000000
core   0: 0x8000704e (0x00000001) c.nop
core   0: 0 0x8000704e (0x0001)
core   0: 0x80007050 (0x00000331) c.addi  t1, 12
core   0: 0 0x80007050 (0x0331) x6  0x0000000c
core   0: 0x80007052 (0x015d2733) slt     a4, s10, s5
core   0: 0 0x80007052 (0x015d2733) x14 0x00000000
core   0: 0x80007056 (0xc179c293) xori    t0, s3, -1001
core   0: 0 0x80007056 (0xc179c293) x5  0x7ffde273
core   0: 0x8000705a (0x032cce33) div     t3, s9, s2
core   0: 0 0x8000705a (0x032cce33) x28 0xffffffff
core   0: 0x8000705e (0x00009c5a) c.add   s8, s6
core   0: 0 0x8000705e (0x9c5a) x24 0x80025572
core   0: 0x80007060 (0x0000c999) c.beqz  a1, pc + 22
core   0: 0 0x80007060 (0xc999)
core   0: 0x80007076 (0x03b852b3) divu    t0, a6, s11
core   0: 0 0x80007076 (0x03b852b3) x5  0x00000000
core   0: 0x8000707a (0x02eadc33) divu    s8, s5, a4
core   0: 0 0x8000707a (0x02eadc33) x24 0xffffffff
core   0: 0x8000707e (0x01368133) add     sp, a3, s3
core   0: 0 0x8000707e (0x01368133) x2  0x80021e66
core   0: 0x80007082 (0x005533b3) sltu    t2, a0, t0
core   0: 0 0x80007082 (0x005533b3) x7  0x00000000
core   0: 0x80007086 (0x00008ee5) c.and   a3, s1
core   0: 0 0x80007086 (0x8ee5) x13 0x00000000
core   0: 0x80007088 (0x024e4563) blt     t3, tp, pc + 42
core   0: 0 0x80007088 (0x024e4563)
core   0: 0x800070b2 (0x00008ecd) c.or    a3, a1
core   0: 0 0x800070b2 (0x8ecd) x13 0x00000000
core   0: 0x800070b4 (0x002a2ab3) slt     s5, s4, sp
core   0: 0 0x800070b4 (0x002a2ab3) x21 0x00000000
core   0: 0x800070b8 (0x01ce57b3) srl     a5, t3, t3
core   0: 0 0x800070b8 (0x01ce57b3) x15 0x00000001
core   0: 0x800070bc (0x03806b63) bltu    zero, s8, pc + 54
core   0: 0 0x800070bc (0x03806b63)
core   0: 0x800070f2 (0x00d67763) bgeu    a2, a3, pc + 14
core   0: 0 0x800070f2 (0x00d67763)
core   0: 0x80007100 (0x00008569) c.srai  a0, 26
core   0: 0 0x80007100 (0x8569) x10 0xffffffff
core   0: 0x80007102 (0x0203c163) bltz    t2, pc + 34
core   0: 0 0x80007102 (0x0203c163)
core   0: 0x80007106 (0x906eaf13) slti    t5, t4, -1786
core   0: 0 0x80007106 (0x906eaf13) x30 0x00000000
core   0: 0x8000710a (0x01dab4b3) sltu    s1, s5, t4
core   0: 0 0x8000710a (0x01dab4b3) x9  0x00000000
core   0: 0x8000710e (0x00008216) c.mv    tp, t0
core   0: 0 0x8000710e (0x8216) x4  0x00000000
core   0: 0x80007110 (0x000016fd) c.addi  a3, -1
core   0: 0 0x80007110 (0x16fd) x13 0xffffffff
core   0: 0x80007112 (0xe065a013) slti    zero, a1, -506
core   0: 0 0x80007112 (0xe065a013)
core   0: 0x80007116 (0x00006415) c.lui   s0, 0x5
core   0: 0 0x80007116 (0x6415) x8  0x00005000
core   0: 0x80007118 (0x0ff0000f) fence   iorw,iorw
core   0: 0 0x80007118 (0x0ff0000f)
core   0: 0x8000711c (0x02d17933) remu    s2, sp, a3
core   0: 0 0x8000711c (0x02d17933) x18 0x80021e66
core   0: 0x80007120 (0x02fffbb3) remu    s7, t6, a5
core   0: 0 0x80007120 (0x02fffbb3) x23 0x00000000
core   0: 0x80007124 (0x00000acd) c.addi  s5, 19
core   0: 0 0x80007124 (0x0acd) x21 0x00000013
core   0: 0x80007126 (0x00008c49) c.or    s0, a0
core   0: 0 0x80007126 (0x8c49) x8  0xffffffff
core   0: 0x80007128 (0x0000e291) c.bnez  a3, pc + 4
core   0: 0 0x80007128 (0xe291)
core   0: 0x8000712c (0x03b04ab3) div     s5, zero, s11
core   0: 0 0x8000712c (0x03b04ab3) x21 0x00000000
core   0: 0x80007130 (0xb7ec8c13) addi    s8, s9, -1154
core   0: 0 0x80007130 (0xb7ec8c13) x24 0x80025862
core   0: 0x80007134 (0x03e0d063) bge     ra, t5, pc + 32
core   0: 0 0x80007134 (0x03e0d063)
core   0: 0x80007154 (0x003c3bb3) sltu    s7, s8, gp
core   0: 0 0x80007154 (0x003c3bb3) x23 0x00000001
core   0: 0x80007158 (0x009703b3) add     t2, a4, s1
core   0: 0 0x80007158 (0x009703b3) x7  0x00000000
core   0: 0x8000715c (0x021c1ab3) mulh    s5, s8, ra
core   0: 0 0x8000715c (0x021c1ab3) x21 0xffffffff
core   0: 0x80007160 (0x000001da) c.slli  gp, 22
core   0: 0 0x80007160 (0x01da) x3  0xeb400000
core   0: 0x80007162 (0x41f7de13) srai    t3, a5, 31
core   0: 0 0x80007162 (0x41f7de13) x28 0x00000000
core   0: 0x80007166 (0x023860b3) rem     ra, a6, gp
core   0: 0 0x80007166 (0x023860b3) x1  0x00000000
core   0: 0x8000716a (0xc0884d13) xori    s10, a6, -1016
core   0: 0 0x8000716a (0xc0884d13) x26 0xfffffc08
core   0: 0x8000716e (0x02601963) bne     zero, t1, pc + 50
core   0: 0 0x8000716e (0x02601963)
core   0: 0x800071a0 (0x02ae74b3) remu    s1, t3, a0
core   0: 0 0x800071a0 (0x02ae74b3) x9  0x00000000
core   0: 0x800071a4 (0x02887c63) bgeu    a6, s0, pc + 56
core   0: 0 0x800071a4 (0x02887c63)
core   0: 0x800071a8 (0x00000a19) c.addi  s4, 6
core   0: 0 0x800071a8 (0x0a19) x20 0x00000006
core   0: 0x800071aa (0x0279e233) rem     tp, s3, t2
core   0: 0 0x800071aa (0x0279e233) x4  0x80021e64
core   0: 0x800071ae (0x000099fd) c.andi  a1, -1
core   0: 0 0x800071ae (0x99fd) x11 0x00000000
core   0: 0x800071b0 (0x00000001) c.nop
core   0: 0 0x800071b0 (0x0001)
core   0: 0x800071b2 (0x00008ce5) c.and   s1, s1
core   0: 0 0x800071b2 (0x8ce5) x9  0x00000000
core   0: 0x800071b4 (0x0000100f) fence.i
core   0: 0 0x800071b4 (0x0000100f)
core   0: 0x800071b8 (0x01e424b3) slt     s1, s0, t5
core   0: 0 0x800071b8 (0x01e424b3) x9  0x00000001
core   0: 0x800071bc (0x0284f363) bgeu    s1, s0, pc + 38
core   0: 0 0x800071bc (0x0284f363)
core   0: 0x800071c0 (0x00006179) c.addi16sp sp, 464
core   0: 0 0x800071c0 (0x6179) x2  0x80022036
core   0: 0x800071c2 (0x01b61533) sll     a0, a2, s11
core   0: 0 0x800071c2 (0x01b61533) x10 0x00000002
core   0: 0x800071c6 (0x00008d5d) c.or    a0, a5
core   0: 0 0x800071c6 (0x8d5d) x10 0x00000003
core   0: 0x800071c8 (0x052b6493) ori     s1, s6, 82
core   0: 0 0x800071c8 (0x052b6493) x9  0xfffff8df
core   0: 0x800071cc (0x2bfda813) slti    a6, s11, 703
core   0: 0 0x800071cc (0x2bfda813) x16 0x00000001
core   0: 0x800071d0 (0x05d5f063) bgeu    a1, t4, pc + 64
core   0: 0 0x800071d0 (0x05d5f063)
core   0: 0x80007210 (0x414a5b33) sra     s6, s4, s4
core   0: 0 0x80007210 (0x414a5b33) x22 0x00000000
core   0: 0x80007214 (0x00008ea6) c.mv    t4, s1
core   0: 0 0x80007214 (0x8ea6) x29 0xfffff8df
core   0: 0x80007216 (0x00008d69) c.and   a0, a0
core   0: 0 0x80007216 (0x8d69) x10 0x00000003
core   0: 0x80007218 (0x02785233) divu    tp, a6, t2
core   0: 0 0x80007218 (0x02785233) x4  0xffffffff
core   0: 0x8000721c (0x00008cf1) c.and   s1, a2
core   0: 0 0x8000721c (0x8cf1) x9  0x00000002
core   0: 0x8000721e (0xfc853c13) sltiu   s8, a0, -56
core   0: 0 0x8000721e (0xfc853c13) x24 0x00000001
core   0: 0x80007222 (0x06827013) andi    zero, tp, 104
core   0: 0 0x80007222 (0x06827013)
core   0: 0x80007226 (0x904af713) andi    a4, s5, -1788
core   0: 0 0x80007226 (0x904af713) x14 0xfffff904
core   0: 0x8000722a (0x004025b3) slt     a1, zero, tp
core   0: 0 0x8000722a (0x004025b3) x11 0x00000000
core   0: 0x8000722e (0x000064a1) c.lui   s1, 0x8
core   0: 0 0x8000722e (0x64a1) x9  0x00008000
core   0: 0x80007230 (0x00008d65) c.and   a0, s1
core   0: 0 0x80007230 (0x8d65) x10 0x00000000
core   0: 0x80007232 (0x024d10b3) mulh    ra, s10, tp
core   0: 0 0x80007232 (0x024d10b3) x1  0x00000000
core   0: 0x80007236 (0x93754c13) xori    s8, a0, -1737
core   0: 0 0x80007236 (0x93754c13) x24 0xfffff937
core   0: 0x8000723a (0x9c45c793) xori    a5, a1, -1596
core   0: 0 0x8000723a (0x9c45c793) x15 0xfffff9c4
core   0: 0x8000723e (0x00008af5) c.andi  a3, 29
core   0: 0 0x8000723e (0x8af5) x13 0x0000001d
core   0: 0x80007240 (0x01cd1333) sll     t1, s10, t3
core   0: 0 0x80007240 (0x01cd1333) x6  0xfffffc08
core   0: 0x80007244 (0x82a57b13) andi    s6, a0, -2006
core   0: 0 0x80007244 (0x82a57b13) x22 0x00000000
core   0: 0x80007248 (0x00008c09) c.sub   s0, a0
core   0: 0 0x80007248 (0x8c09) x8  0xffffffff
core   0: 0x8000724a (0x00008cf1) c.and   s1, a2
core   0: 0 0x8000724a (0x8cf1) x9  0x00000000
core   0: 0x8000724c (0x01893bb3) sltu    s7, s2, s8
core   0: 0 0x8000724c (0x01893bb3) x23 0x00000001
core   0: 0x80007250 (0x00008f7d) c.and   a4, a5
core   0: 0 0x80007250 (0x8f7d) x14 0xfffff904
core   0: 0x80007252 (0x93b8e813) ori     a6, a7, -1733
core   0: 0 0x80007252 (0x93b8e813) x16 0xffffff3f
core   0: 0x80007256 (0x00008f55) c.or    a4, a3
core   0: 0 0x80007256 (0x8f55) x14 0xfffff91d
core   0: 0x80007258 (0x022bc363) blt     s7, sp, pc + 38
core   0: 0 0x80007258 (0x022bc363)
core   0: 0x8000725c (0x4118db33) sra     s6, a7, a7
core   0: 0 0x8000725c (0x4118db33) x22 0xffffffff
core   0: 0x80007260 (0x0000717d) c.addi16sp sp, -16
core   0: 0 0x80007260 (0x717d) x2  0x80022026
core   0: 0x80007262 (0x0000c895) c.beqz  s1, pc + 52
core   0: 0 0x80007262 (0xc895)
core   0: 0x80007296 (0xe4bf6513) ori     a0, t5, -437
core   0: 0 0x80007296 (0xe4bf6513) x10 0xfffffe4b
core   0: 0x8000729a (0x00008c4a) c.mv    s8, s2
core   0: 0 0x8000729a (0x8c4a) x24 0x80021e66
core   0: 0x8000729c (0x00a39d33) sll     s10, t2, a0
core   0: 0 0x8000729c (0x00a39d33) x26 0x00000000
core   0: 0x800072a0 (0x8e093b13) sltiu   s6, s2, -1824
core   0: 0 0x800072a0 (0x8e093b13) x22 0x00000001
core   0: 0x800072a4 (0x00ed7b33) and     s6, s10, a4
core   0: 0 0x800072a4 (0x00ed7b33) x22 0x00000000
core   0: 0x800072a8 (0x97932493) slti    s1, t1, -1671
core   0: 0 0x800072a8 (0x97932493) x9  0x00000000
core   0: 0x800072ac (0x03e37eb3) remu    t4, t1, t5
core   0: 0 0x800072ac (0x03e37eb3) x29 0xfffffc08
core   0: 0x800072b0 (0x01295593) srli    a1, s2, 18
core   0: 0 0x800072b0 (0x01295593) x11 0x00002000
core   0: 0x800072b4 (0x01c8eb63) bltu    a7, t3, pc + 22
core   0: 0 0x800072b4 (0x01c8eb63)
core   0: 0x800072b8 (0xce76b593) sltiu   a1, a3, -793
core   0: 0 0x800072b8 (0xce76b593) x11 0x00000001
core   0: 0x800072bc (0x0367f063) bgeu    a5, s6, pc + 32
core   0: 0 0x800072bc (0x0367f063)
core   0: 0x800072dc (0x01fa1f33) sll     t5, s4, t6
core   0: 0 0x800072dc (0x01fa1f33) x30 0x00000006
core   0: 0x800072e0 (0x0ff0000f) fence   iorw,iorw
core   0: 0 0x800072e0 (0x0ff0000f)
core   0: 0x800072e4 (0x01f867b3) or      a5, a6, t6
core   0: 0 0x800072e4 (0x01f867b3) x15 0xffffff3f
core   0: 0x800072e8 (0xaa7e6493) ori     s1, t3, -1369
core   0: 0 0x800072e8 (0xaa7e6493) x9  0xfffffaa7
core   0: 0x800072ec (0x019b7b33) and     s6, s6, s9
core   0: 0 0x800072ec (0x019b7b33) x22 0x00000000
core   0: 0x800072f0 (0x000089ad) c.andi  a1, 11
core   0: 0 0x800072f0 (0x89ad) x11 0x00000001
core   0: 0x800072f2 (0x005a6bb3) or      s7, s4, t0
core   0: 0 0x800072f2 (0x005a6bb3) x23 0x00000006
core   0: 0x800072f6 (0xb4fa7d37) lui     s10, 0xb4fa7
core   0: 0 0x800072f6 (0xb4fa7d37) x26 0xb4fa7000
core   0: 0x800072fa (0x2d7c0813) addi    a6, s8, 727
core   0: 0 0x800072fa (0x2d7c0813) x16 0x8002213d
core   0: 0x800072fe (0x0334e833) rem     a6, s1, s3
core   0: 0 0x800072fe (0x0334e833) x16 0xfffffaa7
core   0: 0x80007302 (0x0362fb33) remu    s6, t0, s6
core   0: 0 0x80007302 (0x0362fb33) x22 0x00000000
core   0: 0x80007306 (0x00000001) c.nop
core   0: 0 0x80007306 (0x0001)
core   0: 0x80007308 (0xf015fa13) andi    s4, a1, -255
core   0: 0 0x80007308 (0xf015fa13) x20 0x00000001
core   0: 0x8000730c (0x00008789) c.srai  a5, 2
core   0: 0 0x8000730c (0x8789) x15 0xffffffcf
core   0: 0x8000730e (0x00004ac1) c.li    s5, 16
core   0: 0 0x8000730e (0x4ac1) x21 0x00000010
core   0: 0x80007310 (0x0299eb33) rem     s6, s3, s1
core   0: 0 0x80007310 (0x0299eb33) x22 0xfffffb41
core   0: 0x80007314 (0x03fe7d33) remu    s10, t3, t6
core   0: 0 0x80007314 (0x03fe7d33) x26 0x00000000
core   0: 0x80007318 (0x05a48193) addi    gp, s1, 90
core   0: 0 0x80007318 (0x05a48193) x3  0xfffffb01
core   0: 0x8000731c (0x0005c663) bltz    a1, pc + 12
core   0: 0 0x8000731c (0x0005c663)
core   0: 0x80007320 (0xdc013a13) sltiu   s4, sp, -576
core   0: 0 0x80007320 (0xdc013a13) x20 0x00000001
core   0: 0x80007324 (0x0207e0b3) rem     ra, a5, zero
core   0: 0 0x80007324 (0x0207e0b3) x1  0xffffffcf
core   0: 0x80007328 (0x030968b3) rem     a7, s2, a6
core   0: 0 0x80007328 (0x030968b3) x17 0xfffffb43
core   0: 0x8000732c (0x00008341) c.srli  a4, 16
core   0: 0 0x8000732c (0x8341) x14 0x0000ffff
core   0: 0x8000732e (0x0ff0000f) fence   iorw,iorw
core   0: 0 0x8000732e (0x0ff0000f)
core   0: 0x80007332 (0x00008f55) c.or    a4, a3
core   0: 0 0x80007332 (0x8f55) x14 0x0000ffff
core   0: 0x80007334 (0x0ff0000f) fence   iorw,iorw
core   0: 0 0x80007334 (0x0ff0000f)
core   0: 0x80007338 (0x32e0c917) auipc   s2, 0x32e0c
core   0: 0 0x80007338 (0x32e0c917) x18 0xb2e13338
core   0: 0x8000733c (0x01440e33) add     t3, s0, s4
core   0: 0 0x8000733c (0x01440e33) x28 0x00000000
core   0: 0x80007340 (0x00000776) c.slli  a4, 29
core   0: 0 0x80007340 (0x0776) x14 0xe0000000
core   0: 0x80007342 (0x00000001) c.nop
core   0: 0 0x80007342 (0x0001)
core   0: 0x80007344 (0x0ff0000f) fence   iorw,iorw
core   0: 0 0x80007344 (0x0ff0000f)
core   0: 0x80007348 (0xb5a90393) addi    t2, s2, -1190
core   0: 0 0x80007348 (0xb5a90393) x7  0xb2e12e92
core   0: 0x8000734c (0x0000c919) c.beqz  a0, pc + 22
core   0: 0 0x8000734c (0xc919)
core   0: 0x8000734e (0x02ee11b3) mulh    gp, t3, a4
core   0: 0 0x8000734e (0x02ee11b3) x3  0x00000000
core   0: 0x80007352 (0x02887a63) bgeu    a6, s0, pc + 52
core   0: 0 0x80007352 (0x02887a63)
core   0: 0x80007356 (0x406f6b93) ori     s7, t5, 1030
core   0: 0 0x80007356 (0x406f6b93) x23 0x00000406
core   0: 0x8000735a (0x0000987d) c.andi  s0, -1
core   0: 0 0x8000735a (0x987d) x8  0xffffffff
core   0: 0x8000735c (0x00009d72) c.add   s10, t3
core   0: 0 0x8000735c (0x9d72) x26 0x00000000
core   0: 0x8000735e (0x05655163) bge     a0, s6, pc + 66
core   0: 0 0x8000735e (0x05655163)
core   0: 0x800073a0 (0x00009276) c.add   tp, t4
core   0: 0 0x800073a0 (0x9276) x4  0xfffffc07
core   0: 0x800073a2 (0x02fcaeb3) mulhsu  t4, s9, a5
core   0: 0 0x800073a2 (0x02fcaeb3) x29 0x80025cfc
core   0: 0x800073a6 (0xd2467413) andi    s0, a2, -732
core   0: 0 0x800073a6 (0xd2467413) x8  0x00000000
core   0: 0x800073aa (0x00cf85b3) add     a1, t6, a2
core   0: 0 0x800073aa (0x00cf85b3) x11 0x80000002
core   0: 0x800073ae (0xaeaf0b93) addi    s7, t5, -1302
core   0: 0 0x800073ae (0xaeaf0b93) x23 0xfffffaf0
core   0: 0x800073b2 (0xc3d74513) xori    a0, a4, -963
core   0: 0 0x800073b2 (0xc3d74513) x10 0x1ffffc3d
core   0: 0x800073b6 (0x0000100f) fence.i
core   0: 0 0x800073b6 (0x0000100f)
core   0: 0x800073ba (0x00008d5e) c.mv    s10, s7
core   0: 0 0x800073ba (0x8d5e) x26 0xfffffaf0
core   0: 0x800073bc (0x03a198b3) mulh    a7, gp, s10
core   0: 0 0x800073bc (0x03a198b3) x17 0x00000000
core   0: 0x800073c0 (0x03f4fe33) remu    t3, s1, t6
core   0: 0 0x800073c0 (0x03f4fe33) x28 0x7ffffaa7
core   0: 0x800073c4 (0x0000cc0d) c.beqz  s0, pc + 58
core   0: 0 0x800073c4 (0xcc0d)
core   0: 0x800073fe (0x000081cd) c.srli  a1, 19
core   0: 0 0x800073fe (0x81cd) x11 0x00001000
core   0: 0x80007400 (0x00000001) c.nop
core   0: 0 0x80007400 (0x0001)
core   0: 0x80007402 (0x00457eb3) and     t4, a0, tp
core   0: 0 0x80007402 (0x00457eb3) x29 0x1ffffc05
core   0: 0x80007406 (0x02b5f863) bgeu    a1, a1, pc + 48
core   0: 0 0x80007406 (0x02b5f863)
core   0: 0x80007436 (0x00008499) c.srai  s1, 6
core   0: 0 0x80007436 (0x8499) x9  0xffffffea
core   0: 0x80007438 (0x000002b6) c.slli  t0, 13
core   0: 0 0x80007438 (0x02b6) x5  0x00000000
core   0: 0x8000743a (0x000055fd) c.li    a1, -1
core   0: 0 0x8000743a (0x55fd) x11 0xffffffff
core   0: 0x8000743c (0x4fc80e13) addi    t3, a6, 1276
core   0: 0 0x8000743c (0x4fc80e13) x28 0xffffffa3
core   0: 0x80007440 (0x000002de) c.slli  t0, 23
core   0: 0 0x80007440 (0x02de) x5  0x00000000
core   0: 0x80007442 (0x02f43933) mulhu   s2, s0, a5
core   0: 0 0x80007442 (0x02f43933) x18 0x00000000
core   0: 0x80007446 (0x000087d1) c.srai  a5, 20
core   0: 0 0x80007446 (0x87d1) x15 0xffffffff
core   0: 0x80007448 (0xa5139f17) auipc   t5, 0xa5139
core   0: 0 0x80007448 (0xa5139f17) x30 0x25140448
core   0: 0x8000744c (0x000083f5) c.srli  a5, 29
core   0: 0 0x8000744c (0x83f5) x15 0x00000007
core   0: 0x8000744e (0x02a9bab3) mulhu   s5, s3, a0
core   0: 0 0x8000744e (0x02a9bab3) x21 0x100041ea
core   0: 0x80007452 (0x00008185) c.srli  a1, 1
core   0: 0 0x80007452 (0x8185) x11 0x7fffffff
core   0: 0x80007454 (0x40265193) srai    gp, a2, 2
core   0: 0 0x80007454 (0x40265193) x3  0x00000000
core   0: 0x80007458 (0x411a02b3) sub     t0, s4, a7
core   0: 0 0x80007458 (0x411a02b3) x5  0x00000001
core   0: 0x8000745c (0x014a9e13) slli    t3, s5, 20
core   0: 0 0x8000745c (0x014a9e13) x28 0x1ea00000
core   0: 0x80007460 (0x017c8a33) add     s4, s9, s7
core   0: 0 0x80007460 (0x017c8a33) x20 0x800257d4
core   0: 0x80007464 (0x0000848d) c.srai  s1, 3
core   0: 0 0x80007464 (0x848d) x9  0xfffffffd
core   0: 0x80007466 (0xfd1ab493) sltiu   s1, s5, -47
core   0: 0 0x80007466 (0xfd1ab493) x9  0x00000001
core   0: 0x8000746a (0x024e1433) mulh    s0, t3, tp
core   0: 0 0x8000746a (0x024e1433) x8  0xffffff86
core   0: 0x8000746e (0x0000100f) fence.i
core   0: 0 0x8000746e (0x0000100f)
core   0: 0x80007472 (0x00009f1a) c.add   t5, t1
core   0: 0 0x80007472 (0x9f1a) x30 0x25140050
core   0: 0x80007474 (0x00000106) c.slli  sp, 1
core   0: 0 0x80007474 (0x0106) x2  0x0004404c
core   0: 0x80007476 (0xf2fc2113) slti    sp, s8, -209
core   0: 0 0x80007476 (0xf2fc2113) x2  0x00000001
core   0: 0x8000747a (0x00008e79) c.and   a2, a4
core   0: 0 0x8000747a (0x8e79) x12 0x00000000
core   0: 0x8000747c (0x02f10eb3) mul     t4, sp, a5
core   0: 0 0x8000747c (0x02f10eb3) x29 0x00000007
core   0: 0x80007480 (0x00008c09) c.sub   s0, a0
core   0: 0 0x80007480 (0x8c09) x8  0xe0000349
core   0: 0x80007482 (0x02f602b3) mul     t0, a2, a5
core   0: 0 0x80007482 (0x02f602b3) x5  0x00000000
core   0: 0x80007486 (0xccb92e37) lui     t3, 0xccb92
core   0: 0 0x80007486 (0xccb92e37) x28 0xccb92000
core   0: 0x8000748a (0x201d0a13) addi    s4, s10, 513
core   0: 0 0x8000748a (0x201d0a13) x20 0xfffffcf1
core   0: 0x8000748e (0x02dda233) mulhsu  tp, s11, a3
core   0: 0 0x8000748e (0x02dda233) x4  0xfffffff1
core   0: 0x80007492 (0x000080c9) c.srli  s1, 18
core   0: 0 0x80007492 (0x80c9) x9  0x00000000
core   0: 0x80007494 (0x00000001) c.nop
core   0: 0 0x80007494 (0x0001)
core   0: 0x80007496 (0x0173ee63) bltu    t2, s7, pc + 28
core   0: 0 0x80007496 (0x0173ee63)
core   0: 0x800074b2 (0x029db133) mulhu   sp, s11, s1
core   0: 0 0x800074b2 (0x029db133) x2  0x00000000
core   0: 0x800074b6 (0x02303133) mulhu   sp, zero, gp
core   0: 0 0x800074b6 (0x02303133) x2  0x00000000
core   0: 0x800074ba (0x00000772) c.slli  a4, 28
core   0: 0 0x800074ba (0x0772) x14 0x00000000
core   0: 0x800074bc (0x03620933) mul     s2, tp, s6
core   0: 0 0x800074bc (0x03620933) x18 0x00004731
core   0: 0x800074c0 (0x0000997d) c.andi  a0, -1
core   0: 0 0x800074c0 (0x997d) x10 0x1ffffc3d
core   0: 0x800074c2 (0x01fa1e93) slli    t4, s4, 31
core   0: 0 0x800074c2 (0x01fa1e93) x29 0x80000000
core   0: 0x800074c6 (0x0000577d) c.li    a4, -1
core   0: 0 0x800074c6 (0x577d) x14 0xffffffff
core   0: 0x800074c8 (0x005e7833) and     a6, t3, t0
core   0: 0 0x800074c8 (0x005e7833) x16 0x00000000
core   0: 0x800074cc (0x35587493) andi    s1, a6, 853
core   0: 0 0x800074cc (0x35587493) x9  0x00000000
core   0: 0x800074d0 (0x0000100f) fence.i
core   0: 0 0x800074d0 (0x0000100f)
core   0: 0x800074d4 (0x007a4763) blt     s4, t2, pc + 14
core   0: 0 0x800074d4 (0x007a4763)
core   0: 0x800074d8 (0x00db4433) xor     s0, s6, a3
core   0: 0 0x800074d8 (0x00db4433) x8  0xfffffb5c
core   0: 0x800074dc (0x0255c2b3) div     t0, a1, t0
core   0: 0 0x800074dc (0x0255c2b3) x5  0xffffffff
core   0: 0x800074e0 (0x0000717d) c.addi16sp sp, -16
core   0: 0 0x800074e0 (0x717d) x2  0xfffffff0
core   0: 0x800074e2 (0x0000e38d) c.bnez  a5, pc + 34
core   0: 0 0x800074e2 (0xe38d)
core   0: 0x80007504 (0x0000010e) c.slli  sp, 3
core   0: 0 0x80007504 (0x010e) x2  0xffffff80
core   0: 0x80007506 (0x00008c09) c.sub   s0, a0
core   0: 0 0x80007506 (0x8c09) x8  0xdfffff1f
core   0: 0x80007508 (0x40a45a33) sra     s4, s0, a0
core   0: 0 0x80007508 (0x40a45a33) x20 0xfffffffe
core   0: 0x8000750c (0x00000001) c.nop
core   0: 0 0x8000750c (0x0001)
core   0: 0x8000750e (0x00008ca9) c.xor   s1, a0
core   0: 0 0x8000750e (0x8ca9) x9  0x1ffffc3d
core   0: 0x80007510 (0x00008d1d) c.sub   a0, a5
core   0: 0 0x80007510 (0x8d1d) x10 0x1ffffc36
core   0: 0x80007512 (0x03c4b4b3) mulhu   s1, s1, t3
core   0: 0 0x80007512 (0x03c4b4b3) x9  0x199720fd
core   0: 0x80007516 (0x2ba9f413) andi    s0, s3, 698
core   0: 0 0x80007516 (0x2ba9f413) x8  0x00000220
core   0: 0x8000751a (0x00009216) c.add   tp, t0
core   0: 0 0x8000751a (0x9216) x4  0xfffffff0
core   0: 0x8000751c (0xef8c3a13) sltiu   s4, s8, -264
core   0: 0 0x8000751c (0xef8c3a13) x20 0x00000001
core   0: 0x80007520 (0x0000cc01) c.beqz  s0, pc + 24
core   0: 0 0x80007520 (0xcc01)
core   0: 0x80007522 (0x403202b3) sub     t0, tp, gp
core   0: 0 0x80007522 (0x403202b3) x5  0xfffffff0
core   0: 0x80007526 (0x00197fb3) and     t6, s2, ra
core   0: 0 0x80007526 (0x00197fb3) x31 0x00004701
core   0: 0x8000752a (0x03145e33) divu    t3, s0, a7
core   0: 0 0x8000752a (0x03145e33) x28 0xffffffff
core   0: 0x8000752e (0xd141f913) andi    s2, gp, -748
core   0: 0 0x8000752e (0xd141f913) x18 0x00000000
core   0: 0x80007532 (0x00008c71) c.and   s0, a2
core   0: 0 0x80007532 (0x8c71) x8  0x00000000
core   0: 0x80007534 (0x00a3de33) srl     t3, t2, a0
core   0: 0 0x80007534 (0x00a3de33) x28 0x000002cb
core   0: 0x80007538 (0x02a82633) mulhsu  a2, a6, a0
core   0: 0 0x80007538 (0x02a82633) x12 0x00000000
core   0: 0x8000753c (0x03d29c63) bne     t0, t4, pc + 56
core   0: 0 0x8000753c (0x03d29c63)
core   0: 0x80007574 (0x1dd56f13) ori     t5, a0, 477
core   0: 0 0x80007574 (0x1dd56f13) x30 0x1ffffdff
core   0: 0x80007578 (0x000082b5) c.srli  a3, 13
core   0: 0 0x80007578 (0x82b5) x13 0x00000000
core   0: 0x8000757a (0xaa923e93) sltiu   t4, tp, -1367
core   0: 0 0x8000757a (0xaa923e93) x29 0x00000000
core   0: 0x8000757e (0x0000100f) fence.i
core   0: 0 0x8000757e (0x0000100f)
core   0: 0x80007582 (0x02f9e363) bltu    s3, a5, pc + 38
core   0: 0 0x80007582 (0x02f9e363)
core   0: 0x80007586 (0x000044dd) c.li    s1, 23
core   0: 0 0x80007586 (0x44dd) x9  0x00000017
core   0: 0x80007588 (0x0000084a) c.slli  a6, 18
core   0: 0 0x80007588 (0x084a) x16 0x00000000
core   0: 0x8000758a (0x0000688d) c.lui   a7, 0x3
core   0: 0 0x8000758a (0x688d) x17 0x00003000
core   0: 0x8000758c (0x09bebd13) sltiu   s10, t4, 155
core   0: 0 0x8000758c (0x09bebd13) x26 0x00000001
core   0: 0x80007590 (0x00008f8d) c.sub   a5, a1
core   0: 0 0x80007590 (0x8f8d) x15 0x80000008
core   0: 0x80007592 (0x03eeb233) mulhu   tp, t4, t5
core   0: 0 0x80007592 (0x03eeb233) x4  0x00000000
core   0: 0x80007596 (0x025963b3) rem     t2, s2, t0
core   0: 0 0x80007596 (0x025963b3) x7  0x00000000
core   0: 0x8000759a (0x000088d9) c.andi  s1, 22
core   0: 0 0x8000759a (0x88d9) x9  0x00000016
core   0: 0x8000759c (0x01e52eb3) slt     t4, a0, t5
core   0: 0 0x8000759c (0x01e52eb3) x29 0x00000001
core   0: 0x800075a0 (0x039f1733) mulh    a4, t5, s9
core   0: 0 0x800075a0 (0x039f1733) x14 0xf0004c9c
core   0: 0x800075a4 (0x00000b84) c.addi4spn s1, sp, 464
core   0: 0 0x800075a4 (0x0b84) x9  0x00000150
core   0: 0x800075a6 (0x00008f6a) c.mv    t5, s10
core   0: 0 0x800075a6 (0x8f6a) x30 0x00000001
core   0: 0x800075a8 (0x00008c09) c.sub   s0, a0
core   0: 0 0x800075a8 (0x8c09) x8  0xe00003ca
core   0: 0x800075aa (0x00006545) c.lui   a0, 0x11
core   0: 0 0x800075aa (0x6545) x10 0x00011000
core   0: 0x800075ac (0x011a7663) bgeu    s4, a7, pc + 12
core   0: 0 0x800075ac (0x011a7663)
core   0: 0x800075b0 (0x0338a0b3) mulhsu  ra, a7, s3
core   0: 0 0x800075b0 (0x0338a0b3) x1  0x00001800
core   0: 0x800075b4 (0x00000001) c.nop
core   0: 0 0x800075b4 (0x0001)
core   0: 0x800075b6 (0x00008631) c.srai  a2, 12
core   0: 0 0x800075b6 (0x8631) x12 0x00000000
core   0: 0x800075b8 (0x031b1863) bne     s6, a7, pc + 48
core   0: 0 0x800075b8 (0x031b1863)
core   0: 0x800075e8 (0x002160b3) or      ra, sp, sp
core   0: 0 0x800075e8 (0x002160b3) x1  0xffffff80
core   0: 0x800075ec (0x0ff0000f) fence   iorw,iorw
core   0: 0 0x800075ec (0x0ff0000f)
core   0: 0x800075f0 (0x00006125) c.addi16sp sp, 96
core   0: 0 0x800075f0 (0x6125) x2  0xffffffe0
core   0: 0x800075f2 (0x0000e40d) c.bnez  s0, pc + 42
core   0: 0 0x800075f2 (0xe40d)
core   0: 0x8000761c (0xe800eb17) auipc   s6, 0xe800e
core   0: 0 0x8000761c (0xe800eb17) x22 0x6801561c
core   0: 0x80007620 (0x00000001) c.nop
core   0: 0 0x80007620 (0x0001)
core   0: 0x80007622 (0x0189f233) and     tp, s3, s8
core   0: 0 0x80007622 (0x0189f233) x4  0x80021e64
core   0: 0x80007626 (0x00000c2a) c.slli  s8, 10
core   0: 0 0x80007626 (0x0c2a) x24 0x08799800
core   0: 0x80007628 (0x0ff0000f) fence   iorw,iorw
core   0: 0 0x80007628 (0x0ff0000f)
core   0: 0x8000762c (0x034d63b3) rem     t2, s10, s4
core   0: 0 0x8000762c (0x034d63b3) x7  0x00000000
core   0: 0x80007630 (0x031731b3) mulhu   gp, a4, a7
core   0: 0 0x80007630 (0x031731b3) x3  0x00002d00
core   0: 0x80007634 (0x41cb83b3) sub     t2, s7, t3
core   0: 0 0x80007634 (0x41cb83b3) x7  0xfffff825
core   0: 0x80007638 (0x03eb0563) beq     s6, t5, pc + 42
core   0: 0 0x80007638 (0x03eb0563)
core   0: 0x8000763c (0x00d8d293) srli    t0, a7, 13
core   0: 0 0x8000763c (0x00d8d293) x5  0x00000001
core   0: 0x80007640 (0x00c3bf33) sltu    t5, t2, a2
core   0: 0 0x80007640 (0x00c3bf33) x30 0x00000000
core   0: 0x80007644 (0x0164f933) and     s2, s1, s6
core   0: 0 0x80007644 (0x0164f933) x18 0x00000010
core   0: 0x80007648 (0x00008a1d) c.andi  a2, 7
core   0: 0 0x80007648 (0x8a1d) x12 0x00000000
core   0: 0x8000764a (0x0101f463) bgeu    gp, a6, pc + 8
core   0: 0 0x8000764a (0x0101f463)
core   0: 0x80007652 (0x00458a33) add     s4, a1, tp
core   0: 0 0x80007652 (0x00458a33) x20 0x00021e63
core   0: 0x80007656 (0x03406963) bltu    zero, s4, pc + 50
core   0: 0 0x80007656 (0x03406963)
core   0: 0x80007688 (0x000098de) c.add   a7, s7
core   0: 0 0x80007688 (0x98de) x17 0x00002af0
core   0: 0x8000768a (0x016ff233) and     tp, t6, s6
core   0: 0 0x8000768a (0x016ff233) x4  0x00004600
core   0: 0x8000768e (0x66bba493) slti    s1, s7, 1643
core   0: 0 0x8000768e (0x66bba493) x9  0x00000001
core   0: 0x80007692 (0x00008ac2) c.mv    s5, a6
core   0: 0 0x80007692 (0x8ac2) x21 0x00000000
core   0: 0x80007694 (0x008b8e33) add     t3, s7, s0
core   0: 0 0x80007694 (0x008b8e33) x28 0xdffffeba
core   0: 0x80007698 (0x25fea893) slti    a7, t4, 607
core   0: 0 0x80007698 (0x25fea893) x17 0x00000001
core   0: 0x8000769c (0xa5a9a293) slti    t0, s3, -1446
core   0: 0 0x8000769c (0xa5a9a293) x5  0x00000001
core   0: 0x800076a0 (0x000f9193) slli    gp, t6, 0
core   0: 0 0x800076a0 (0x000f9193) x3  0x00004701
core   0: 0x800076a4 (0x01039f33) sll     t5, t2, a6
core   0: 0 0x800076a4 (0x01039f33) x30 0xfffff825
core   0: 0x800076a8 (0x0000100f) fence.i
core   0: 0 0x800076a8 (0x0000100f)
core   0: 0x800076ac (0x01545e63) bge     s0, s5, pc + 28
core   0: 0 0x800076ac (0x01545e63)
core   0: 0x800076b0 (0x0104aeb3) slt     t4, s1, a6
core   0: 0 0x800076b0 (0x0104aeb3) x29 0x00000000
core   0: 0x800076b4 (0x01115033) srl     zero, sp, a7
core   0: 0 0x800076b4 (0x01115033)
core   0: 0x800076b8 (0x0000953a) c.add   a0, a4
core   0: 0 0x800076b8 (0x953a) x10 0xf0015c9c
core   0: 0x800076ba (0x000098fd) c.andi  s1, -1
core   0: 0 0x800076ba (0x98fd) x9  0x00000001
core   0: 0x800076bc (0x009e71b3) and     gp, t3, s1
core   0: 0 0x800076bc (0x009e71b3) x3  0x00000000
core   0: 0x800076c0 (0x00000c62) c.slli  s8, 24
core   0: 0 0x800076c0 (0x0c62) x24 0x00000000
core   0: 0x800076c2 (0x0000cd11) c.beqz  a0, pc + 28
core   0: 0 0x800076c2 (0xcd11)
core   0: 0x800076c4 (0x0ff0000f) fence   iorw,iorw
core   0: 0 0x800076c4 (0x0ff0000f)
core   0: 0x800076c8 (0x00000001) c.nop
core   0: 0 0x800076c8 (0x0001)
core   0: 0x800076ca (0x1c168613) addi    a2, a3, 449
core   0: 0 0x800076ca (0x1c168613) x12 0x000001c1
core   0: 0x800076ce (0x00000bc1) c.addi  s7, 16
core   0: 0 0x800076ce (0x0bc1) x23 0xfffffb00
core   0: 0x800076d0 (0x00000d46) c.slli  s10, 17
core   0: 0 0x800076d0 (0x0d46) x26 0x00020000
core   0: 0x800076d2 (0x00008efe) c.mv    t4, t6
core   0: 0 0x800076d2 (0x8efe) x29 0x00004701
core   0: 0x800076d4 (0x00008d59) c.or    a0, a4
core   0: 0 0x800076d4 (0x8d59) x10 0xf0015c9c
core   0: 0x800076d6 (0x0146c1b3) xor     gp, a3, s4
core   0: 0 0x800076d6 (0x0146c1b3) x3  0x00021e63
core   0: 0x800076da (0x039b1833) mulh    a6, s6, s9
core   0: 0 0x800076da (0x039b1833) x16 0xcc004ab1
core   0: 0x800076de (0x000006da) c.slli  a3, 22
core   0: 0 0x800076de (0x06da) x13 0x00000000
core   0: 0x800076e0 (0x0000e58d) c.bnez  a1, pc + 42
core   0: 0 0x800076e0 (0xe58d)
core   0: 0x8000770a (0x8ae5b517) auipc   a0, 0x8ae5b
core   0: 0 0x8000770a (0x8ae5b517) x10 0x0ae6270a
core   0: 0x8000770e (0x013733b3) sltu    t2, a4, s3
core   0: 0 0x8000770e (0x013733b3) x7  0x00000000
core   0: 0x80007712 (0x4d10cf37) lui     t5, 0x4d10c
core   0: 0 0x80007712 (0x4d10cf37) x30 0x4d10c000
core   0: 0x80007716 (0x6c73e893) ori     a7, t2, 1735
core   0: 0 0x80007716 (0x6c73e893) x17 0x000006c7
core   0: 0x8000771a (0x027307b3) mul     a5, t1, t2
core   0: 0 0x8000771a (0x027307b3) x15 0x00000000
core   0: 0x8000771e (0x03ccdf63) bge     s9, t3, pc + 62
core   0: 0 0x8000771e (0x03ccdf63)
core   0: 0x80007722 (0x00000001) c.nop
core   0: 0 0x80007722 (0x0001)
core   0: 0x80007724 (0x00d9d433) srl     s0, s3, a3
core   0: 0 0x80007724 (0x00d9d433) x8  0x80021e64
core   0: 0x80007728 (0x0000694d) c.lui   s2, 0x13
core   0: 0 0x80007728 (0x694d) x18 0x00013000
core   0: 0x8000772a (0x00008761) c.srai  a4, 24
core   0: 0 0x8000772a (0x8761) x14 0xfffffff0
core   0: 0x8000772c (0x0000100f) fence.i
core   0: 0 0x8000772c (0x0000100f)
core   0: 0x80007730 (0x000003f2) c.slli  t2, 28
core   0: 0 0x80007730 (0x03f2) x7  0x00000000
core   0: 0x80007732 (0x00470c33) add     s8, a4, tp
core   0: 0 0x80007732 (0x00470c33) x24 0x000045f0
core   0: 0x80007736 (0x417b5d13) srai    s10, s6, 23
core   0: 0 0x80007736 (0x417b5d13) x26 0x000000d0
core   0: 0x8000773a (0x00008b29) c.andi  a4, 10
core   0: 0 0x8000773a (0x8b29) x14 0x00000000
core   0: 0x8000773c (0x0000100f) fence.i
core   0: 0 0x8000773c (0x0000100f)
core   0: 0x80007740 (0x2ade7317) auipc   t1, 0x2ade7
core   0: 0 0x80007740 (0x2ade7317) x6  0xaadee740
core   0: 0x80007744 (0x00008f89) c.sub   a5, a0
core   0: 0 0x80007744 (0x8f89) x15 0xf519d8f6
core   0: 0x80007746 (0x007c5c33) srl     s8, s8, t2
core   0: 0 0x80007746 (0x007c5c33) x24 0x000045f0
core   0: 0x8000774a (0x00008259) c.srli  a2, 22
core   0: 0 0x8000774a (0x8259) x12 0x00000000
core   0: 0x8000774c (0xa277ea97) auipc   s5, 0xa277e
core   0: 0 0x8000774c (0xa277ea97) x21 0x2278574c
core   0: 0x80007750 (0x0170ec63) bltu    ra, s7, pc + 24
core   0: 0 0x80007750 (0x0170ec63)
core   0: 0x80007754 (0x000084a1) c.srai  s1, 8
core   0: 0 0x80007754 (0x84a1) x9  0x00000000
core   0: 0x80007756 (0x00006a85) c.lui   s5, 0x1
core   0: 0 0x80007756 (0x6a85) x21 0x00001000
core   0: 0x80007758 (0x02969063) bne     a3, s1, pc + 32
core   0: 0 0x80007758 (0x02969063)
core   0: 0x8000775c (0x00cb0333) add     t1, s6, a2
core   0: 0 0x8000775c (0x00cb0333) x6  0x6801561c
core   0: 0x80007760 (0x02657033) remu    zero, a0, t1
core   0: 0 0x80007760 (0x02657033)
core   0: 0x80007764 (0x406180b3) sub     ra, gp, t1
core   0: 0 0x80007764 (0x406180b3) x1  0x9800c847
core   0: 0x80007768 (0x014b26b3) slt     a3, s6, s4
core   0: 0 0x80007768 (0x014b26b3) x13 0x00000000
core   0: 0x8000776c (0x01b91863) bne     s2, s11, pc + 16
core   0: 0 0x8000776c (0x01b91863)
core   0: 0x8000777c (0x00008fa9) c.xor   a5, a0
core   0: 0 0x8000777c (0x8fa9) x15 0xfffffffc
core   0: 0x8000777e (0x01520e33) add     t3, tp, s5
core   0: 0 0x8000777e (0x01520e33) x28 0x00005600
core   0: 0x80007782 (0x00008e99) c.sub   a3, a4
core   0: 0 0x80007782 (0x8e99) x13 0x00000000
core   0: 0x80007784 (0x00fee3b3) or      t2, t4, a5
core   0: 0 0x80007784 (0x00fee3b3) x7  0xfffffffd
core   0: 0x80007788 (0x0000e909) c.bnez  a0, pc + 18
core   0: 0 0x80007788 (0xe909)
core   0: 0x8000779a (0x00008f75) c.and   a4, a3
core   0: 0 0x8000779a (0x8f75) x14 0x00000000
core   0: 0x8000779c (0x03f925b3) mulhsu  a1, s2, t6
core   0: 0 0x8000779c (0x03f925b3) x11 0x00000000
core   0: 0x800077a0 (0x00008d05) c.sub   a0, s1
core   0: 0 0x800077a0 (0x8d05) x10 0x0ae6270a
core   0: 0x800077a2 (0x03016fb3) rem     t6, sp, a6
core   0: 0 0x800077a2 (0x03016fb3) x31 0xffffffe0
core   0: 0x800077a6 (0x00000e9c) c.addi4spn a5, sp, 848
core   0: 0 0x800077a6 (0x0e9c) x15 0x00000330
core   0: 0x800077a8 (0xc1964493) xori    s1, a2, -999
core   0: 0 0x800077a8 (0xc1964493) x9  0xfffffc19
core   0: 0x800077ac (0x00992533) slt     a0, s2, s1
core   0: 0 0x800077ac (0x00992533) x10 0x00000000
core   0: 0x800077b0 (0x00008d0d) c.sub   a0, a1
core   0: 0 0x800077b0 (0x8d0d) x10 0x00000000
core   0: 0x800077b2 (0x00008cb1) c.xor   s1, a2
core   0: 0 0x800077b2 (0x8cb1) x9  0xfffffc19
core   0: 0x800077b4 (0x00008471) c.srai  s0, 28
core   0: 0 0x800077b4 (0x8471) x8  0xfffffff8
core   0: 0x800077b6 (0x03444a33) div     s4, s0, s4
core   0: 0 0x800077b6 (0x03444a33) x20 0x00000000
core   0: 0x800077ba (0x032eeb63) bltu    t4, s2, pc + 54
core   0: 0 0x800077ba (0x032eeb63)
core   0: 0x800077f0 (0x01a65a13) srli    s4, a2, 26
core   0: 0 0x800077f0 (0x01a65a13) x20 0x00000000
core   0: 0x800077f4 (0x02c4da33) divu    s4, s1, a2
core   0: 0 0x800077f4 (0x02c4da33) x20 0xffffffff
core   0: 0x800077f8 (0x00008179) c.srli  a0, 30
core   0: 0 0x800077f8 (0x8179) x10 0x00000000
core   0: 0x800077fa (0x00935133) srl     sp, t1, s1
core   0: 0 0x800077fa (0x00935133) x2  0x00000034
core   0: 0x800077fe (0x0355ce33) div     t3, a1, s5
core   0: 0 0x800077fe (0x0355ce33) x28 0x00000000
core   0: 0x80007802 (0x023dc033) div     zero, s11, gp
core   0: 0 0x80007802 (0x023dc033)
core   0: 0x80007806 (0x0185a0b3) slt     ra, a1, s8
core   0: 0 0x80007806 (0x0185a0b3) x1  0x00000001
core   0: 0x8000780a (0x0109b5b3) sltu    a1, s3, a6
core   0: 0 0x8000780a (0x0109b5b3) x11 0x00000001
core   0: 0x8000780e (0x02816d33) rem     s10, sp, s0
core   0: 0 0x8000780e (0x02816d33) x26 0x00000004
core   0: 0x80007812 (0x00004235) c.li    tp, 13
core   0: 0 0x80007812 (0x4235) x4  0x0000000d
core   0: 0x80007814 (0x00df4e33) xor     t3, t5, a3
core   0: 0 0x80007814 (0x00df4e33) x28 0x4d10c000
core   0: 0x80007818 (0x010d6663) bltu    s10, a6, pc + 12
core   0: 0 0x80007818 (0x010d6663)
core   0: 0x80007824 (0x0000997d) c.andi  a0, -1
core   0: 0 0x80007824 (0x997d) x10 0x00000000
core   0: 0x80007826 (0x03d218b3) mulh    a7, tp, t4
core   0: 0 0x80007826 (0x03d218b3) x17 0x00000000
core   0: 0x8000782a (0x03cf8d63) beq     t6, t3, pc + 58
core   0: 0 0x8000782a (0x03cf8d63)
core   0: 0x8000782e (0x35566213) ori     tp, a2, 853
core   0: 0 0x8000782e (0x35566213) x4  0x00000355
core   0: 0x80007832 (0x0000895d) c.andi  a0, 23
core   0: 0 0x80007832 (0x895d) x10 0x00000000
core   0: 0x80007834 (0x0001f833) and     a6, gp, zero
core   0: 0 0x80007834 (0x0001f833) x16 0x00000000
core   0: 0x80007838 (0x60d62d37) lui     s10, 0x60d62
core   0: 0 0x80007838 (0x60d62d37) x26 0x60d62000
core   0: 0x8000783c (0x00008bd9) c.andi  a5, 22
core   0: 0 0x8000783c (0x8bd9) x15 0x00000010
core   0: 0x8000783e (0xc54a2693) slti    a3, s4, -940
core   0: 0 0x8000783e (0xc54a2693) x13 0x00000000
core   0: 0x80007842 (0x0271b033) mulhu   zero, gp, t2
core   0: 0 0x80007842 (0x0271b033)
core   0: 0x80007846 (0x03f79833) mulh    a6, a5, t6
core   0: 0 0x80007846 (0x03f79833) x16 0xffffffff
core   0: 0x8000784a (0x00889a33) sll     s4, a7, s0
core   0: 0 0x8000784a (0x00889a33) x20 0x00000000
core   0: 0x8000784e (0x02d6fe33) remu    t3, a3, a3
core   0: 0 0x8000784e (0x02d6fe33) x28 0x00000000
core   0: 0x80007852 (0xa005a337) lui     t1, 0xa005a
core   0: 0 0x80007852 (0xa005a337) x6  0xa005a000
core   0: 0x80007856 (0x0000cc0d) c.beqz  s0, pc + 58
core   0: 0 0x80007856 (0xcc0d)
core   0: 0x80007858 (0x41bedb33) sra     s6, t4, s11
core   0: 0 0x80007858 (0x41bedb33) x22 0x00004701
core   0: 0x8000785c (0x00008806) c.mv    a6, ra
core   0: 0 0x8000785c (0x8806) x16 0x00000001
core   0: 0x8000785e (0x00008d31) c.xor   a0, a2
core   0: 0 0x8000785e (0x8d31) x10 0x00000000
core   0: 0x80007860 (0x006a5b33) srl     s6, s4, t1
core   0: 0 0x80007860 (0x006a5b33) x22 0x00000000
core   0: 0x80007864 (0x0000100f) fence.i
core   0: 0 0x80007864 (0x0000100f)
core   0: 0x80007868 (0xdc0cb813) sltiu   a6, s9, -576
core   0: 0 0x80007868 (0xdc0cb813) x16 0x00000001
core   0: 0x8000786c (0x00006b59) c.lui   s6, 0x16
core   0: 0 0x8000786c (0x6b59) x22 0x00016000
core   0: 0x8000786e (0x00008d05) c.sub   a0, s1
core   0: 0 0x8000786e (0x8d05) x10 0x000003e7
core   0: 0x80007870 (0x000017fd) c.addi  a5, -1
core   0: 0 0x80007870 (0x17fd) x15 0x0000000f
core   0: 0x80007872 (0x00d78663) beq     a5, a3, pc + 12
core   0: 0 0x80007872 (0x00d78663)
core   0: 0x80007876 (0x51048097) auipc   ra, 0x51048
core   0: 0 0x80007876 (0x51048097) x1  0xd104f876
core   0: 0x8000787a (0x07ac3f93) sltiu   t6, s8, 122
core   0: 0 0x8000787a (0x07ac3f93) x31 0x00000000
core   0: 0x8000787e (0x000003d9) c.addi  t2, 22
core   0: 0 0x8000787e (0x03d9) x7  0x00000013
core   0: 0x80007880 (0x0231bf33) mulhu   t5, gp, gp
core   0: 0 0x80007880 (0x0231bf33) x30 0x00000004
core   0: 0x80007884 (0x02ea9bb3) mulh    s7, s5, a4
core   0: 0 0x80007884 (0x02ea9bb3) x23 0x00000000
core   0: 0x80007888 (0x714c0293) addi    t0, s8, 1812
core   0: 0 0x80007888 (0x714c0293) x5  0x00004d04
core   0: 0x8000788c (0x000080ed) c.srli  s1, 27
core   0: 0 0x8000788c (0x80ed) x9  0x0000001f
core   0: 0x8000788e (0x00000001) c.nop
core   0: 0 0x8000788e (0x0001)
core   0: 0x80007890 (0x03701163) bne     zero, s7, pc + 34
core   0: 0 0x80007890 (0x03701163)
core   0: 0x80007894 (0x011d1113) slli    sp, s10, 17
core   0: 0 0x80007894 (0x011d1113) x2  0x40000000
core   0: 0x80007898 (0x00006d75) c.lui   s10, 0x1d
core   0: 0 0x80007898 (0x6d75) x26 0x0001d000
core   0: 0x8000789a (0x00008c25) c.xor   s0, s1
core   0: 0 0x8000789a (0x8c25) x8  0xffffffe7
core   0: 0x8000789c (0x0ff0000f) fence   iorw,iorw
core   0: 0 0x8000789c (0x0ff0000f)
core   0: 0x800078a0 (0x541e2a13) slti    s4, t3, 1345
core   0: 0 0x800078a0 (0x541e2a13) x20 0x00000001
core   0: 0x800078a4 (0x40f80433) sub     s0, a6, a5
core   0: 0 0x800078a4 (0x40f80433) x8  0xfffffff2
core   0: 0x800078a8 (0x0370cd33) div     s10, ra, s7
core   0: 0 0x800078a8 (0x0370cd33) x26 0xffffffff
core   0: 0x800078ac (0x3f656813) ori     a6, a0, 1014
core   0: 0 0x800078ac (0x3f656813) x16 0x000003f7
core   0: 0x800078b0 (0x0000610d) c.addi16sp sp, 160
core   0: 0 0x800078b0 (0x610d) x2  0x400000a0
core   0: 0x800078b2 (0x00000001) c.nop
core   0: 0 0x800078b2 (0x0001)
core   0: 0x800078b4 (0x0000e21d) c.bnez  a2, pc + 38
core   0: 0 0x800078b4 (0xe21d)
core   0: 0x800078b6 (0x41e58233) sub     tp, a1, t5
core   0: 0 0x800078b6 (0x41e58233) x4  0xfffffffd
core   0: 0x800078ba (0x013c1d33) sll     s10, s8, s3
core   0: 0 0x800078ba (0x013c1d33) x26 0x00045f00
core   0: 0x800078be (0x01035933) srl     s2, t1, a6
core   0: 0 0x800078be (0x01035933) x18 0x00000140
core   0: 0x800078c2 (0x00006451) c.lui   s0, 0x14
core   0: 0 0x800078c2 (0x6451) x8  0x00014000
core   0: 0x800078c4 (0x000081b5) c.srli  a1, 13
core   0: 0 0x800078c4 (0x81b5) x11 0x00000000
core   0: 0x800078c6 (0x00000e0e) c.slli  t3, 3
core   0: 0 0x800078c6 (0x0e0e) x28 0x00000000
core   0: 0x800078c8 (0x03e6c7b3) div     a5, a3, t5
core   0: 0 0x800078c8 (0x03e6c7b3) x15 0x00000000
core   0: 0x800078cc (0x00008a3e) c.mv    s4, a5
core   0: 0 0x800078cc (0x8a3e) x20 0x00000000
core   0: 0x800078ce (0x007efab3) and     s5, t4, t2
core   0: 0 0x800078ce (0x007efab3) x21 0x00000001
core   0: 0x800078d2 (0x038aeb63) bltu    s5, s8, pc + 54
core   0: 0 0x800078d2 (0x038aeb63)
core   0: 0x80007908 (0x000083f5) c.srli  a5, 29
core   0: 0 0x80007908 (0x83f5) x15 0x00000000
core   0: 0x8000790a (0x026668b3) rem     a7, a2, t1
core   0: 0 0x8000790a (0x026668b3) x17 0x00000000
core   0: 0x8000790e (0x00008e35) c.xor   a2, a3
core   0: 0 0x8000790e (0x8e35) x12 0x00000000
core   0: 0x80007910 (0x016ef3b3) and     t2, t4, s6
core   0: 0 0x80007910 (0x016ef3b3) x7  0x00004000
core   0: 0x80007914 (0x03f4b6b3) mulhu   a3, s1, t6
core   0: 0 0x80007914 (0x03f4b6b3) x13 0x00000000
core   0: 0x80007918 (0x0000587d) c.li    a6, -1
core   0: 0 0x80007918 (0x587d) x16 0xffffffff
core   0: 0x8000791a (0x00008fc6) c.mv    t6, a7
core   0: 0 0x8000791a (0x8fc6) x31 0x00000000
core   0: 0x8000791c (0x000082bd) c.srli  a3, 15
core   0: 0 0x8000791c (0x82bd) x13 0x00000000
core   0: 0x8000791e (0x00008261) c.srli  a2, 24
core   0: 0 0x8000791e (0x8261) x12 0x00000000
core   0: 0x80007920 (0x00309533) sll     a0, ra, gp
core   0: 0 0x80007920 (0x00309533) x10 0x8827c3b0
core   0: 0x80007924 (0xeb8a6493) ori     s1, s4, -328
core   0: 0 0x80007924 (0xeb8a6493) x9  0xfffffeb8
core   0: 0x80007928 (0xe0b30f93) addi    t6, t1, -501
core   0: 0 0x80007928 (0xe0b30f93) x31 0xa0059e0b
core   0: 0x8000792c (0x01f63ab3) sltu    s5, a2, t6
core   0: 0 0x8000792c (0x01f63ab3) x21 0x00000001
core   0: 0x80007930 (0xe6fbb513) sltiu   a0, s7, -401
core   0: 0 0x80007930 (0xe6fbb513) x10 0x00000001
core   0: 0x80007934 (0xc657f213) andi    tp, a5, -923
core   0: 0 0x80007934 (0xc657f213) x4  0x00000000
core   0: 0x80007938 (0xb919c793) xori    a5, s3, -1135
core   0: 0 0x80007938 (0xb919c793) x15 0x7ffde5f5
core   0: 0x8000793c (0x02f5d4b3) divu    s1, a1, a5
core   0: 0 0x8000793c (0x02f5d4b3) x9  0x00000000
core   0: 0x80007940 (0x00008fe9) c.and   a5, a0
core   0: 0 0x80007940 (0x8fe9) x15 0x00000001
core   0: 0x80007942 (0x41555813) srai    a6, a0, 21
core   0: 0 0x80007942 (0x41555813) x16 0x00000000
core   0: 0x80007946 (0x408783b3) sub     t2, a5, s0
core   0: 0 0x80007946 (0x408783b3) x7  0xfffec001
core   0: 0x8000794a (0x00008c95) c.sub   s1, a3
core   0: 0 0x8000794a (0x8c95) x9  0x00000000
core   0: 0x8000794c (0x01394233) xor     tp, s2, s3
core   0: 0 0x8000794c (0x01394233) x4  0x80021f24
core   0: 0x80007950 (0x006b0663) beq     s6, t1, pc + 12
core   0: 0 0x80007950 (0x006b0663)
core   0: 0x80007954 (0xe3464613) xori    a2, a2, -460
core   0: 0 0x80007954 (0xe3464613) x12 0xfffffe34
core   0: 0x80007958 (0x41bb0233) sub     tp, s6, s11
core   0: 0 0x80007958 (0x41bb0233) x4  0x80016000
core   0: 0x8000795c (0x00008ada) c.mv    s5, s6
core   0: 0 0x8000795c (0x8ada) x21 0x00016000
core   0: 0x8000795e (0x472dad13) slti    s10, s11, 1138
core   0: 0 0x8000795e (0x472dad13) x26 0x00000001
core   0: 0x80007962 (0xcde5e893) ori     a7, a1, -802
core   0: 0 0x80007962 (0xcde5e893) x17 0xfffffcde
core   0: 0x80007966 (0x03928863) beq     t0, s9, pc + 48
core   0: 0 0x80007966 (0x03928863)
core   0: 0x8000796a (0x031c55b3) divu    a1, s8, a7
core   0: 0 0x8000796a (0x031c55b3) x11 0x00000000
core   0: 0x8000796e (0x000048d5) c.li    a7, 21
core   0: 0 0x8000796e (0x48d5) x17 0x00000015
core   0: 0x80007970 (0x0276a333) mulhsu  t1, a3, t2
core   0: 0 0x80007970 (0x0276a333) x6  0x00000000
core   0: 0x80007974 (0x00008341) c.srli  a4, 16
core   0: 0 0x80007974 (0x8341) x14 0x00000000
core   0: 0x80007976 (0xc0c38193) addi    gp, t2, -1012
core   0: 0 0x80007976 (0xc0c38193) x3  0xfffebc0d
core   0: 0x8000797a (0x0021d133) srl     sp, gp, sp
core   0: 0 0x8000797a (0x0021d133) x2  0xfffebc0d
core   0: 0x8000797e (0x01959263) bne     a1, s9, pc + 4
core   0: 0 0x8000797e (0x01959263)
core   0: 0x80007982 (0x00008f19) c.sub   a4, a4
core   0: 0 0x80007982 (0x8f19) x14 0x00000000
core   0: 0x80007984 (0x0188e933) or      s2, a7, s8
core   0: 0 0x80007984 (0x0188e933) x18 0x000045f5
core   0: 0x80007988 (0x000087a9) c.srai  a5, 10
core   0: 0 0x80007988 (0x87a9) x15 0x00000000
core   0: 0x8000798a (0x0000100f) fence.i
core   0: 0 0x8000798a (0x0000100f)
core   0: 0x8000798e (0x00009d76) c.add   s10, t4
core   0: 0 0x8000798e (0x9d76) x26 0x00004702
core   0: 0x80007990 (0x00009a7d) c.andi  a2, -1
core   0: 0 0x80007990 (0x9a7d) x12 0xfffffe34
core   0: 0x80007992 (0x001e9433) sll     s0, t4, ra
core   0: 0 0x80007992 (0x001e9433) x8  0xc0400000
core   0: 0x80007996 (0x000098fd) c.andi  s1, -1
core   0: 0 0x80007996 (0x98fd) x9  0x00000000
core   0: 0x80007998 (0x00008d79) c.and   a0, a4
core   0: 0 0x80007998 (0x8d79) x10 0x00000000
core   0: 0x8000799a (0x01c6e7b3) or      a5, a3, t3
core   0: 0 0x8000799a (0x01c6e7b3) x15 0x00000000
core   0: 0x8000799e (0x192e0a93) addi    s5, t3, 402
core   0: 0 0x8000799e (0x192e0a93) x21 0x00000192
core   0: 0x800079a2 (0x0000821a) c.mv    tp, t1
core   0: 0 0x800079a2 (0x821a) x4  0x00000000
core   0: 0x800079a4 (0x01cd2f33) slt     t5, s10, t3
core   0: 0 0x800079a4 (0x01cd2f33) x30 0x00000000
core   0: 0x800079a8 (0x015f80b3) add     ra, t6, s5
core   0: 0 0x800079a8 (0x015f80b3) x1  0xa0059f9d
core   0: 0x800079ac (0x00006131) c.addi16sp sp, 320
core   0: 0 0x800079ac (0x6131) x2  0xfffebd4d
core   0: 0x800079ae (0x0ff0000f) fence   iorw,iorw
core   0: 0 0x800079ae (0x0ff0000f)
core   0: 0x800079b2 (0x00000e36) c.slli  t3, 13
core   0: 0 0x800079b2 (0x0e36) x28 0x00000000
core   0: 0x800079b4 (0x02a7c5b3) div     a1, a5, a0
core   0: 0 0x800079b4 (0x02a7c5b3) x11 0xffffffff
core   0: 0x800079b8 (0x00000808) c.addi4spn a0, sp, 16
core   0: 0 0x800079b8 (0x0808) x10 0xfffebd5d
core   0: 0x800079ba (0x03c1c333) div     t1, gp, t3
core   0: 0 0x800079ba (0x03c1c333) x6  0xffffffff
core   0: 0x800079be (0x016b24b3) slt     s1, s6, s6
core   0: 0 0x800079be (0x016b24b3) x9  0x00000000
core   0: 0x800079c2 (0x01e2b033) sltu    zero, t0, t5
core   0: 0 0x800079c2 (0x01e2b033)
core   0: 0x800079c6 (0x000003d6) c.slli  t2, 21
core   0: 0 0x800079c6 (0x03d6) x7  0x00200000
core   0: 0x800079c8 (0x01a7e333) or      t1, a5, s10
core   0: 0 0x800079c8 (0x01a7e333) x6  0x00004702
core   0: 0x800079cc (0xe0dd3693) sltiu   a3, s10, -499
core   0: 0 0x800079cc (0xe0dd3693) x13 0x00000001
core   0: 0x800079d0 (0x01d55393) srli    t2, a0, 29
core   0: 0 0x800079d0 (0x01d55393) x7  0x00000007
core   0: 0x800079d4 (0xd37a6113) ori     sp, s4, -713
core   0: 0 0x800079d4 (0xd37a6113) x2  0xfffffd37
core   0: 0x800079d8 (0x02907063) bgeu    zero, s1, pc + 32
core   0: 0 0x800079d8 (0x02907063)
core   0: 0x800079f8 (0x0000853d) c.srai  a0, 15
core   0: 0 0x800079f8 (0x853d) x10 0xfffffffd
core   0: 0x800079fa (0x00000001) c.nop
core   0: 0 0x800079fa (0x0001)
core   0: 0x800079fc (0x0186eeb3) or      t4, a3, s8
core   0: 0 0x800079fc (0x0186eeb3) x29 0x000045f1
core   0: 0x80007a00 (0x41485a13) srai    s4, a6, 20
core   0: 0 0x80007a00 (0x41485a13) x20 0x00000000
core   0: 0x80007a04 (0x01285c13) srli    s8, a6, 18
core   0: 0 0x80007a04 (0x01285c13) x24 0x00000000
core   0: 0x80007a08 (0x0ff0000f) fence   iorw,iorw
core   0: 0 0x80007a08 (0x0ff0000f)
core   0: 0x80007a0c (0x0036bb33) sltu    s6, a3, gp
core   0: 0 0x80007a0c (0x0036bb33) x22 0x00000001
core   0: 0x80007a10 (0x00001f08) c.addi4spn a0, sp, 944
core   0: 0 0x80007a10 (0x1f08) x10 0x000000e7
core   0: 0x80007a12 (0x03ba1d63) bne     s4, s11, pc + 58
core   0: 0 0x80007a12 (0x03ba1d63)
core   0: 0x80007a4c (0x00008651) c.srai  a2, 20
core   0: 0 0x80007a4c (0x8651) x12 0xffffffff
core   0: 0x80007a4e (0x00f1d433) srl     s0, gp, a5
core   0: 0 0x80007a4e (0x00f1d433) x8  0xfffebc0d
core   0: 0x80007a52 (0x0000e319) c.bnez  a4, pc + 6
core   0: 0 0x80007a52 (0xe319)
core   0: 0x80007a54 (0x03e89863) bne     a7, t5, pc + 48
core   0: 0 0x80007a54 (0x03e89863)
core   0: 0x80007a84 (0x03d638b3) mulhu   a7, a2, t4
core   0: 0 0x80007a84 (0x03d638b3) x17 0x000045f0
core   0: 0x80007a88 (0x7fba4c13) xori    s8, s4, 2043
core   0: 0 0x80007a88 (0x7fba4c13) x24 0x000007fb
core   0: 0x80007a8c (0xfc807f93) andi    t6, zero, -56
core   0: 0 0x80007a8c (0xfc807f93) x31 0x00000000
core   0: 0x80007a90 (0x034a6263) bltu    s4, s4, pc + 36
core   0: 0 0x80007a90 (0x034a6263)
core   0: 0x80007a94 (0x01e03133) snez    sp, t5
core   0: 0 0x80007a94 (0x01e03133) x2  0x00000000
core   0: 0x80007a98 (0x000080a9) c.srli  s1, 10
core   0: 0 0x80007a98 (0x80a9) x9  0x00000000
core   0: 0x80007a9a (0x5974f693) andi    a3, s1, 1431
core   0: 0 0x80007a9a (0x5974f693) x13 0x00000000
core   0: 0x80007a9e (0x0000100f) fence.i
core   0: 0 0x80007a9e (0x0000100f)
core   0: 0x80007aa2 (0x03ac4163) blt     s8, s10, pc + 34
core   0: 0 0x80007aa2 (0x03ac4163)
core   0: 0x80007ac4 (0x00008ca1) c.xor   s1, s0
core   0: 0 0x80007ac4 (0x8ca1) x9  0xfffebc0d
core   0: 0x80007ac6 (0x0000100f) fence.i
core   0: 0 0x80007ac6 (0x0000100f)
core   0: 0x80007aca (0x03e14a33) div     s4, sp, t5
core   0: 0 0x80007aca (0x03e14a33) x20 0xffffffff
core   0: 0x80007ace (0x0000100f) fence.i
core   0: 0 0x80007ace (0x0000100f)
core   0: 0x80007ad2 (0x0000100f) fence.i
core   0: 0 0x80007ad2 (0x0000100f)
core   0: 0x80007ad6 (0x983e7513) andi    a0, t3, -1661
core   0: 0 0x80007ad6 (0x983e7513) x10 0x00000000
core   0: 0x80007ada (0x00951113) slli    sp, a0, 9
core   0: 0 0x80007ada (0x00951113) x2  0x00000000
core   0: 0x80007ade (0x003ffc33) and     s8, t6, gp
core   0: 0 0x80007ade (0x003ffc33) x24 0x00000000
core   0: 0x80007ae2 (0x00008de5) c.and   a1, s1
core   0: 0 0x80007ae2 (0x8de5) x11 0xfffebc0d
core   0: 0x80007ae4 (0x0ff0000f) fence   iorw,iorw
core   0: 0 0x80007ae4 (0x0ff0000f)
core   0: 0x80007ae8 (0x0000c61d) c.beqz  a2, pc + 46
core   0: 0 0x80007ae8 (0xc61d)
core   0: 0x80007aea (0x000098fd) c.andi  s1, -1
core   0: 0 0x80007aea (0x98fd) x9  0xfffebc0d
core   0: 0x80007aec (0x0027c3b3) xor     t2, a5, sp
core   0: 0 0x80007aec (0x0027c3b3) x7  0x00000000
core   0: 0x80007af0 (0x0000836d) c.srli  a4, 27
core   0: 0 0x80007af0 (0x836d) x14 0x00000000
core   0: 0x80007af2 (0x0000ec85) c.bnez  s1, pc + 56
core   0: 0 0x80007af2 (0xec85)
core   0: 0x80007b2a (0x01705013) srli    zero, zero, 23
core   0: 0 0x80007b2a (0x01705013)
core   0: 0x80007b2e (0x0293b533) mulhu   a0, t2, s1
core   0: 0 0x80007b2e (0x0293b533) x10 0x00000000
core   0: 0x80007b32 (0x02699433) mulh    s0, s3, t1
core   0: 0 0x80007b32 (0x02699433) x8  0xffffdc7f
core   0: 0x80007b36 (0x0002f1b3) and     gp, t0, zero
core   0: 0 0x80007b36 (0x0002f1b3) x3  0x00000000
core   0: 0x80007b3a (0x053ccc13) xori    s8, s9, 83
core   0: 0 0x80007b3a (0x053ccc13) x24 0x80025cb7
core   0: 0x80007b3e (0x40315e33) sra     t3, sp, gp
core   0: 0 0x80007b3e (0x40315e33) x28 0x00000000
core   0: 0x80007b42 (0x00008695) c.srai  a3, 5
core   0: 0 0x80007b42 (0x8695) x13 0x00000000
core   0: 0x80007b44 (0x0067fa33) and     s4, a5, t1
core   0: 0 0x80007b44 (0x0067fa33) x20 0x00000000
core   0: 0x80007b48 (0x000040ed) c.li    ra, 27
core   0: 0 0x80007b48 (0x40ed) x1  0x0000001b
core   0: 0x80007b4a (0x01e13033) sltu    zero, sp, t5
core   0: 0 0x80007b4a (0x01e13033)
core   0: 0x80007b4e (0x03c742b3) div     t0, a4, t3
core   0: 0 0x80007b4e (0x03c742b3) x5  0xffffffff
core   0: 0x80007b52 (0x02dac663) blt     s5, a3, pc + 44
core   0: 0 0x80007b52 (0x02dac663)
core   0: 0x80007b56 (0x00008c2d) c.xor   s0, a1
core   0: 0 0x80007b56 (0x8c2d) x8  0x00016072
core   0: 0x80007b58 (0x0000100f) fence.i
core   0: 0 0x80007b58 (0x0000100f)
core   0: 0x80007b5c (0x02704b33) div     s6, zero, t2
core   0: 0 0x80007b5c (0x02704b33) x22 0xffffffff
core   0: 0x80007b60 (0x02f52a33) mulhsu  s4, a0, a5
core   0: 0 0x80007b60 (0x02f52a33) x20 0x00000000
core   0: 0x80007b64 (0x00bd52b3) srl     t0, s10, a1
core   0: 0 0x80007b64 (0x00bd52b3) x5  0x00000002
core   0: 0x80007b68 (0x019c3033) sltu    zero, s8, s9
core   0: 0 0x80007b68 (0x019c3033)
core   0: 0x80007b6c (0x0130dc13) srli    s8, ra, 19
core   0: 0 0x80007b6c (0x0130dc13) x24 0x00000000
core   0: 0x80007b70 (0x018512b3) sll     t0, a0, s8
core   0: 0 0x80007b70 (0x018512b3) x5  0x00000000
core   0: 0x80007b74 (0x0000ef9d) c.bnez  a5, pc + 62
core   0: 0 0x80007b74 (0xef9d)
core   0: 0x80007b76 (0x00ac5f93) srli    t6, s8, 10
core   0: 0 0x80007b76 (0x00ac5f93) x31 0x00000000
core   0: 0x80007b7a (0x02adc533) div     a0, s11, a0
core   0: 0 0x80007b7a (0x02adc533) x10 0xffffffff
core   0: 0x80007b7e (0x00008846) c.mv    a6, a7
core   0: 0 0x80007b7e (0x8846) x16 0x000045f0
core   0: 0x80007b80 (0x0000cb95) c.beqz  a5, pc + 52
core   0: 0 0x80007b80 (0xcb95)
core   0: 0x80007bb4 (0x41940233) sub     tp, s0, s9
core   0: 0 0x80007bb4 (0x41940233) x4  0x7fff038e
core   0: 0x80007bb8 (0x00901a63) bne     zero, s1, pc + 20
core   0: 0 0x80007bb8 (0x00901a63)
core   0: 0x80007bcc (0xfaacb437) lui     s0, 0xfaacb
core   0: 0 0x80007bcc (0xfaacb437) x8  0xfaacb000
core   0: 0x80007bd0 (0x00000001) c.nop
core   0: 0 0x80007bd0 (0x0001)
core   0: 0x80007bd2 (0x41755933) sra     s2, a0, s7
core   0: 0 0x80007bd2 (0x41755933) x18 0xffffffff
core   0: 0x80007bd6 (0x00008791) c.srai  a5, 4
core   0: 0 0x80007bd6 (0x8791) x15 0x00000000
core   0: 0x80007bd8 (0x020317b3) mulh    a5, t1, zero
core   0: 0 0x80007bd8 (0x020317b3) x15 0x00000000
core   0: 0x80007bdc (0xfbe2a0b7) lui     ra, 0xfbe2a
core   0: 0 0x80007bdc (0xfbe2a0b7) x1  0xfbe2a000
core   0: 0x80007be0 (0x54740593) addi    a1, s0, 1351
core   0: 0 0x80007be0 (0x54740593) x11 0xfaacb547
core   0: 0x80007be4 (0x00008d29) c.xor   a0, a0
core   0: 0 0x80007be4 (0x8d29) x10 0x00000000
core   0: 0x80007be6 (0x000b6763) bltu    s6, zero, pc + 14
core   0: 0 0x80007be6 (0x000b6763)
core   0: 0x80007bea (0x0000848d) c.srai  s1, 3
core   0: 0 0x80007bea (0x848d) x9  0xffffd781
core   0: 0x80007bec (0x004d5293) srli    t0, s10, 4
core   0: 0 0x80007bec (0x004d5293) x5  0x00000470
core   0: 0x80007bf0 (0x01a35d13) srli    s10, t1, 26
core   0: 0 0x80007bf0 (0x01a35d13) x26 0x00000000
core   0: 0x80007bf4 (0x00008252) c.mv    tp, s4
core   0: 0 0x80007bf4 (0x8252) x4  0x00000000
core   0: 0x80007bf6 (0xccc33e93) sltiu   t4, t1, -820
core   0: 0 0x80007bf6 (0xccc33e93) x29 0x00000001
core   0: 0x80007bfa (0x013b0133) add     sp, s6, s3
core   0: 0 0x80007bfa (0x013b0133) x2  0x80021e63
core   0: 0x80007bfe (0x024bafb3) mulhsu  t6, s7, tp
core   0: 0 0x80007bfe (0x024bafb3) x31 0x00000000
core   0: 0x80007c02 (0x02316c63) bltu    sp, gp, pc + 56
core   0: 0 0x80007c02 (0x02316c63)
core   0: 0x80007c06 (0x035ae4b3) rem     s1, s5, s5
core   0: 0 0x80007c06 (0x035ae4b3) x9  0x00000000
core   0: 0x80007c0a (0x00000001) c.nop
core   0: 0 0x80007c0a (0x0001)
core   0: 0x80007c0c (0x009844b3) xor     s1, a6, s1
core   0: 0 0x80007c0c (0x009844b3) x9  0x000045f0
core   0: 0x80007c10 (0x0151a633) slt     a2, gp, s5
core   0: 0 0x80007c10 (0x0151a633) x12 0x00000001
core   0: 0x80007c14 (0x0764c563) blt     s1, s6, pc + 106
core   0: 0 0x80007c14 (0x0764c563)
core   0: 0x80007c18 (0x00911733) sll     a4, sp, s1
core   0: 0 0x80007c18 (0x00911733) x14 0x1e630000
core   0: 0x80007c1c (0x00000e1a) c.slli  t3, 6
core   0: 0 0x80007c1c (0x0e1a) x28 0x00000000
core   0: 0x80007c1e (0x015c20b3) slt     ra, s8, s5
core   0: 0 0x80007c1e (0x015c20b3) x1  0x00000001
core   0: 0x80007c22 (0x00008175) c.srli  a0, 29
core   0: 0 0x80007c22 (0x8175) x10 0x00000000
core   0: 0x80007c24 (0x28e6ff17) auipc   t5, 0x28e6f
core   0: 0 0x80007c24 (0x28e6ff17) x30 0xa8e76c24
core   0: 0x80007c28 (0x010773b3) and     t2, a4, a6
core   0: 0 0x80007c28 (0x010773b3) x7  0x00000000
core   0: 0x80007c2c (0x00008d09) c.sub   a0, a0
core   0: 0 0x80007c2c (0x8d09) x10 0x00000000
core   0: 0x80007c2e (0x00fb1b93) slli    s7, s6, 15
core   0: 0 0x80007c2e (0x00fb1b93) x23 0xffff8000
core   0: 0x80007c32 (0x0000e899) c.bnez  s1, pc + 22
core   0: 0 0x80007c32 (0xe899)
core   0: 0x80007c48 (0x0000814a) c.mv    sp, s2
core   0: 0 0x80007c48 (0x814a) x2  0xffffffff
core   0: 0x80007c4a (0x02e2dd63) bge     t0, a4, pc + 58
core   0: 0 0x80007c4a (0x02e2dd63)
core   0: 0x80007c4e (0x00b5ca33) xor     s4, a1, a1
core   0: 0 0x80007c4e (0x00b5ca33) x20 0x00000000
core   0: 0x80007c52 (0x0109b233) sltu    tp, s3, a6
core   0: 0 0x80007c52 (0x0109b233) x4  0x00000000
core   0: 0x80007c56 (0x00000001) c.nop
core   0: 0 0x80007c56 (0x0001)
core   0: 0x80007c58 (0x00002497) auipc   s1, 0x2
core   0: 0 0x80007c58 (0x00002497) x9  0x80009c58
core   0: 0x80007c5c (0x8b448493) addi    s1, s1, -1868
core   0: 0 0x80007c5c (0x8b448493) x9  0x8000950c
core   0: 0x80007c60 (0x000093be) c.add   t2, a5
core   0: 0 0x80007c60 (0x93be) x7  0x00000000
core   0: 0x80007c62 (0x00008ef5) c.and   a3, a3
core   0: 0 0x80007c62 (0x8ef5) x13 0x00000000
core   0: 0x80007c64 (0xd9848493) addi    s1, s1, -616
core   0: 0 0x80007c64 (0xd9848493) x9  0x800092a4
core   0: 0x80007c68 (0x00d60c33) add     s8, a2, a3
core   0: 0 0x80007c68 (0x00d60c33) x24 0x00000001
core   0: 0x80007c6c (0x00b5d763) bge     a1, a1, pc + 14
core   0: 0 0x80007c6c (0x00b5d763)
core   0: 0x80007c7a (0x268487e7) jalr    a5, s1, 616
core   0: 0 0x80007c7a (0x268487e7) x15 0x80007c7e
core   0: 0x8000950c (0x00004975) c.li    s2, 29
core   0: 0 0x8000950c (0x4975) x18 0x0000001d
core   0: 0x8000950e (0x00b113b3) sll     t2, sp, a1
core   0: 0 0x8000950e (0x00b113b3) x7  0xffffff80
core   0: 0x80009512 (0x01a815b3) sll     a1, a6, s10
core   0: 0 0x80009512 (0x01a815b3) x11 0x000045f0
core   0: 0x80009516 (0x41d80033) sub     zero, a6, t4
core   0: 0 0x80009516 (0x41d80033)
core   0: 0x8000951a (0x00000001) c.nop
core   0: 0 0x8000951a (0x0001)
core   0: 0x8000951c (0x00001981) c.addi  s3, -32
core   0: 0 0x8000951c (0x1981) x19 0x80021e44
core   0: 0x8000951e (0x415b5233) sra     tp, s6, s5
core   0: 0 0x8000951e (0x415b5233) x4  0xffffffff
core   0: 0x80009522 (0x01874c33) xor     s8, a4, s8
core   0: 0 0x80009522 (0x01874c33) x24 0x1e630001
core   0: 0x80009526 (0x00471193) slli    gp, a4, 4
core   0: 0 0x80009526 (0x00471193) x3  0xe6300000
core   0: 0x8000952a (0x00f9a223) sw      a5, 4(s3)
core   0: 0 0x8000952a (0x00f9a223) mem 0x80021e48 0x80007c7e
core   0: 0x8000952e (0x00008811) c.andi  s0, 4
core   0: 0 0x8000952e (0x8811) x8  0x00000000
core   0: 0x80009530 (0x43ecba93) sltiu   s5, s9, 1086
core   0: 0 0x80009530 (0x43ecba93) x21 0x00000000
core   0: 0x80009534 (0x02d68963) beq     a3, a3, pc + 50
core   0: 0 0x80009534 (0x02d68963)
core   0: 0x80009566 (0x00008e69) c.and   a2, a0
core   0: 0 0x80009566 (0x8e69) x12 0x00000000
core   0: 0x80009568 (0x01addf13) srli    t5, s11, 26
core   0: 0 0x80009568 (0x01addf13) x30 0x00000020
core   0: 0x8000956c (0x007c4bb3) xor     s7, s8, t2
core   0: 0 0x8000956c (0x007c4bb3) x23 0xe19cff81
core   0: 0x80009570 (0xe0f465b7) lui     a1, 0xe0f46
core   0: 0 0x80009570 (0xe0f465b7) x11 0xe0f46000
core   0: 0x80009574 (0x030ed6b3) divu    a3, t4, a6
core   0: 0 0x80009574 (0x030ed6b3) x13 0x00000000
core   0: 0x80009578 (0x03bfc7b3) div     a5, t6, s11
core   0: 0 0x80009578 (0x03bfc7b3) x15 0x00000000
core   0: 0x8000957c (0x010cd863) bge     s9, a6, pc + 16
core   0: 0 0x8000957c (0x010cd863)
core   0: 0x80009580 (0x1a183693) sltiu   a3, a6, 417
core   0: 0 0x80009580 (0x1a183693) x13 0x00000000
core   0: 0x80009584 (0x00000525) c.addi  a0, 9
core   0: 0 0x80009584 (0x0525) x10 0x00000009
core   0: 0x80009586 (0x01422f33) slt     t5, tp, s4
core   0: 0 0x80009586 (0x01422f33) x30 0x00000001
core   0: 0x8000958a (0x00008f79) c.and   a4, a4
core   0: 0 0x8000958a (0x8f79) x14 0x1e630000
core   0: 0x8000958c (0x00000880) c.addi4spn s0, sp, 80
core   0: 0 0x8000958c (0x0880) x8  0x0000004f
core   0: 0x8000958e (0x030555b3) divu    a1, a0, a6
core   0: 0 0x8000958e (0x030555b3) x11 0x00000000
core   0: 0x80009592 (0x0ff0000f) fence   iorw,iorw
core   0: 0 0x80009592 (0x0ff0000f)
core   0: 0x80009596 (0x025bff63) bgeu    s7, t0, pc + 62
core   0: 0 0x80009596 (0x025bff63)
core   0: 0x800095d4 (0x00008886) c.mv    a7, ra
core   0: 0 0x800095d4 (0x8886) x17 0x00000001
core   0: 0x800095d6 (0x0000062e) c.slli  a2, 11
core   0: 0 0x800095d6 (0x062e) x12 0x00000000
core   0: 0x800095d8 (0x0000918a) c.add   gp, sp
core   0: 0 0x800095d8 (0x918a) x3  0xe62fffff
core   0: 0x800095da (0x000087c6) c.mv    a5, a7
core   0: 0 0x800095da (0x87c6) x15 0x00000001
core   0: 0x800095dc (0x002277b3) and     a5, tp, sp
core   0: 0 0x800095dc (0x002277b3) x15 0xffffffff
core   0: 0x800095e0 (0x00a65d13) srli    s10, a2, 10
core   0: 0 0x800095e0 (0x00a65d13) x26 0x00000000
core   0: 0x800095e4 (0x00008c21) c.xor   s0, s0
core   0: 0 0x800095e4 (0x8c21) x8  0x00000000
core   0: 0x800095e6 (0x037ff933) remu    s2, t6, s7
core   0: 0 0x800095e6 (0x037ff933) x18 0x00000000
core   0: 0x800095ea (0x00009be6) c.add   s7, s9
core   0: 0 0x800095ea (0x9be6) x23 0x619f5c65
core   0: 0x800095ec (0x000011fd) c.addi  gp, -1
core   0: 0 0x800095ec (0x11fd) x3  0xe62ffffe
core   0: 0x800095ee (0x038641b3) div     gp, a2, s8
core   0: 0 0x800095ee (0x038641b3) x3  0x00000000
core   0: 0x800095f2 (0x017448b3) xor     a7, s0, s7
core   0: 0 0x800095f2 (0x017448b3) x17 0x619f5c65
core   0: 0x800095f6 (0x00008976) c.mv    s2, t4
core   0: 0 0x800095f6 (0x8976) x18 0x00000001
core   0: 0x800095f8 (0x0000c331) c.beqz  a4, pc + 68
core   0: 0 0x800095f8 (0xc331)
core   0: 0x800095fa (0xb8800637) lui     a2, 0xb8800
core   0: 0 0x800095fa (0xb8800637) x12 0xb8800000
core   0: 0x800095fe (0x025483b3) mul     t2, s1, t0
core   0: 0 0x800095fe (0x025483b3) x7  0x028ab7c0
core   0: 0x80009602 (0x00009bfd) c.andi  a5, -1
core   0: 0 0x80009602 (0x9bfd) x15 0xffffffff
core   0: 0x80009604 (0x025ac563) blt     s5, t0, pc + 42
core   0: 0 0x80009604 (0x025ac563)
core   0: 0x8000962e (0x00008c5d) c.or    s0, a5
core   0: 0 0x8000962e (0x8c5d) x8  0xffffffff
core   0: 0x80009630 (0x03878ab3) mul     s5, a5, s8
core   0: 0 0x80009630 (0x03878ab3) x21 0xe19cffff
core   0: 0x80009634 (0x03939263) bne     t2, s9, pc + 36
core   0: 0 0x80009634 (0x03939263)
core   0: 0x80009658 (0x365cf437) lui     s0, 0x365cf
core   0: 0 0x80009658 (0x365cf437) x8  0x365cf000
core   0: 0x8000965c (0x00008dd5) c.or    a1, a3
core   0: 0 0x8000965c (0x8dd5) x11 0x00000000
core   0: 0x8000965e (0x0000823a) c.mv    tp, a4
core   0: 0 0x8000965e (0x823a) x4  0x1e630000
core   0: 0x80009660 (0x00008c09) c.sub   s0, a0
core   0: 0 0x80009660 (0x8c09) x8  0x365ceff7
core   0: 0x80009662 (0x0004c863) bltz    s1, pc + 16
core   0: 0 0x80009662 (0x0004c863)
core   0: 0x80009672 (0x022d16b3) mulh    a3, s10, sp
core   0: 0 0x80009672 (0x022d16b3) x13 0x00000000
core   0: 0x80009676 (0xf55ed037) lui     zero, 0xf55ed
core   0: 0 0x80009676 (0xf55ed037)
core   0: 0x8000967a (0x024f44b3) div     s1, t5, tp
core   0: 0 0x8000967a (0x024f44b3) x9  0x00000000
core   0: 0x8000967e (0x0000100f) fence.i
core   0: 0 0x8000967e (0x0000100f)
core   0: 0x80009682 (0x2c08c713) xori    a4, a7, 704
core   0: 0 0x80009682 (0x2c08c713) x14 0x619f5ea5
core   0: 0x80009686 (0x008afb33) and     s6, s5, s0
core   0: 0 0x80009686 (0x008afb33) x22 0x201ceff7
core   0: 0x8000968a (0x0135c8b3) xor     a7, a1, s3
core   0: 0 0x8000968a (0x0135c8b3) x17 0x80021e44
core   0: 0x8000968e (0x01f19233) sll     tp, gp, t6
core   0: 0 0x8000968e (0x01f19233) x4  0x00000000
core   0: 0x80009692 (0x02f74bb3) div     s7, a4, a5
core   0: 0 0x80009692 (0x02f74bb3) x23 0x9e60a15b
core   0: 0x80009696 (0xc73a3617) auipc   a2, 0xc73a3
core   0: 0 0x80009696 (0xc73a3617) x12 0x473ac696
core   0: 0x8000969a (0x00008355) c.srli  a4, 21
core   0: 0 0x8000969a (0x8355) x14 0x0000030c
core   0: 0x8000969c (0x0011cf63) blt     gp, ra, pc + 30
core   0: 0 0x8000969c (0x0011cf63)
core   0: 0x800096ba (0x4bacfa13) andi    s4, s9, 1210
core   0: 0 0x800096ba (0x4bacfa13) x20 0x000004a0
core   0: 0x800096be (0x0000857d) c.srai  a0, 31
core   0: 0 0x800096be (0x857d) x10 0x00000000
core   0: 0x800096c0 (0x00008d4d) c.or    a0, a1
core   0: 0 0x800096c0 (0x8d4d) x10 0x00000000
core   0: 0x800096c2 (0x00008e89) c.sub   a3, a0
core   0: 0 0x800096c2 (0x8e89) x13 0x00000000
core   0: 0x800096c4 (0x00008ff5) c.and   a5, a3
core   0: 0 0x800096c4 (0x8ff5) x15 0x00000000
core   0: 0x800096c6 (0x0217c8b3) div     a7, a5, ra
core   0: 0 0x800096c6 (0x0217c8b3) x17 0x00000000
core   0: 0x800096ca (0x00006129) c.addi16sp sp, 192
core   0: 0 0x800096ca (0x6129) x2  0x000000bf
core   0: 0x800096cc (0x00008dc9) c.or    a1, a0
core   0: 0 0x800096cc (0x8dc9) x11 0x00000000
core   0: 0x800096ce (0x0000100f) fence.i
core   0: 0 0x800096ce (0x0000100f)
core   0: 0x800096d2 (0x41bedf13) srai    t5, t4, 27
core   0: 0 0x800096d2 (0x41bedf13) x30 0x00000000
core   0: 0x800096d6 (0x00008a59) c.andi  a2, 22
core   0: 0 0x800096d6 (0x8a59) x12 0x00000016
core   0: 0x800096d8 (0x0000831e) c.mv    t1, t2
core   0: 0 0x800096d8 (0x831e) x6  0x028ab7c0
core   0: 0x800096da (0x3511b017) auipc   zero, 0x3511b
core   0: 0 0x800096da (0x3511b017)
core   0: 0x800096de (0x4b5cb717) auipc   a4, 0x4b5cb
core   0: 0 0x800096de (0x4b5cb717) x14 0xcb5d46de
core   0: 0x800096e2 (0x018827b3) slt     a5, a6, s8
core   0: 0 0x800096e2 (0x018827b3) x15 0x00000001
core   0: 0x800096e6 (0x00008d6d) c.and   a0, a1
core   0: 0 0x800096e6 (0x8d6d) x10 0x00000000
core   0: 0x800096e8 (0x99ac8193) addi    gp, s9, -1638
core   0: 0 0x800096e8 (0x99ac8193) x3  0x8002567e
core   0: 0x800096ec (0x02aef233) remu    tp, t4, a0
core   0: 0 0x800096ec (0x02aef233) x4  0x00000001
core   0: 0x800096f0 (0x000082f1) c.srli  a3, 28
core   0: 0 0x800096f0 (0x82f1) x13 0x00000000
core   0: 0x800096f2 (0x400002b3) sub     t0, zero, zero
core   0: 0 0x800096f2 (0x400002b3) x5  0x00000000
core   0: 0x800096f6 (0x01b65593) srli    a1, a2, 27
core   0: 0 0x800096f6 (0x01b65593) x11 0x00000000
core   0: 0x800096fa (0x025fc933) div     s2, t6, t0
core   0: 0 0x800096fa (0x025fc933) x18 0xffffffff
core   0: 0x800096fe (0x0000cd89) c.beqz  a1, pc + 26
core   0: 0 0x800096fe (0xcd89)
core   0: 0x80009718 (0x02b5c363) blt     a1, a1, pc + 38
core   0: 0 0x80009718 (0x02b5c363)
core   0: 0x8000971c (0x02a90233) mul     tp, s2, a0
core   0: 0 0x8000971c (0x02a90233) x4  0x00000000
core   0: 0x80009720 (0x00001014) c.addi4spn a3, sp, 32
core   0: 0 0x80009720 (0x1014) x13 0x000000df
core   0: 0x80009722 (0x01c633b3) sltu    t2, a2, t3
core   0: 0 0x80009722 (0x01c633b3) x7  0x00000000
core   0: 0x80009726 (0xa5386793) ori     a5, a6, -1453
core   0: 0 0x80009726 (0xa5386793) x15 0xfffffff3
core   0: 0x8000972a (0x31fa3d13) sltiu   s10, s4, 799
core   0: 0 0x8000972a (0x31fa3d13) x26 0x00000000
core   0: 0x8000972e (0x00271363) bne     a4, sp, pc + 6
core   0: 0 0x8000972e (0x00271363)
core   0: 0x80009734 (0x00008fa1) c.xor   a5, s0
core   0: 0 0x80009734 (0x8fa1) x15 0xc9a31004
core   0: 0x80009736 (0x039aff63) bgeu    s5, s9, pc + 62
core   0: 0 0x80009736 (0x039aff63)
core   0: 0x80009774 (0x409a8bb3) sub     s7, s5, s1
core   0: 0 0x80009774 (0x409a8bb3) x23 0xe19cffff
core   0: 0x80009778 (0x039062b3) rem     t0, zero, s9
core   0: 0 0x80009778 (0x039062b3) x5  0x00000000
core   0: 0x8000977c (0x0228f3b3) remu    t2, a7, sp
core   0: 0 0x8000977c (0x0228f3b3) x7  0x00000000
core   0: 0x80009780 (0x00471913) slli    s2, a4, 4
core   0: 0 0x80009780 (0x00471913) x18 0xb5d46de0
core   0: 0x80009784 (0x00000fee) c.slli  t6, 27
core   0: 0 0x80009784 (0x0fee) x31 0x00000000
core   0: 0x80009786 (0x00008ea1) c.xor   a3, s0
core   0: 0 0x80009786 (0x8ea1) x13 0x365cef28
core   0: 0x80009788 (0x01172e33) slt     t3, a4, a7
core   0: 0 0x80009788 (0x01172e33) x28 0x00000001
core   0: 0x8000978c (0x01f05a33) srl     s4, zero, t6
core   0: 0 0x8000978c (0x01f05a33) x20 0x00000000
core   0: 0x80009790 (0x0000997d) c.andi  a0, -1
core   0: 0 0x80009790 (0x997d) x10 0x00000000
core   0: 0x80009792 (0x4003d033) sra     zero, t2, zero
core   0: 0 0x80009792 (0x4003d033)
core   0: 0x80009796 (0xf58ed737) lui     a4, 0xf58ed
core   0: 0 0x80009796 (0xf58ed737) x14 0xf58ed000
core   0: 0x8000979a (0x03a61333) mulh    t1, a2, s10
core   0: 0 0x8000979a (0x03a61333) x6  0x00000000
core   0: 0x8000979e (0x00008c91) c.sub   s1, a2
core   0: 0 0x8000979e (0x8c91) x9  0xffffffea
core   0: 0x800097a0 (0x00000001) c.nop
core   0: 0 0x800097a0 (0x0001)
core   0: 0x800097a2 (0x000006b9) c.addi  a3, 14
core   0: 0 0x800097a2 (0x06b9) x13 0x365cef36
core   0: 0x800097a4 (0x024d31b3) mulhu   gp, s10, tp
core   0: 0 0x800097a4 (0x024d31b3) x3  0x00000000
core   0: 0x800097a8 (0x00008f95) c.sub   a5, a3
core   0: 0 0x800097a8 (0x8f95) x15 0x934620ce
core   0: 0x800097aa (0x0000942e) c.add   s0, a1
core   0: 0 0x800097aa (0x942e) x8  0x365ceff7
core   0: 0x800097ac (0x00228663) beq     t0, sp, pc + 12
core   0: 0 0x800097ac (0x00228663)
core   0: 0x800097b0 (0x0346d563) bge     a3, s4, pc + 42
core   0: 0 0x800097b0 (0x0346d563)
core   0: 0x800097da (0x00008c21) c.xor   s0, s0
core   0: 0 0x800097da (0x8c21) x8  0x00000000
core   0: 0x800097dc (0x00000001) c.nop
core   0: 0 0x800097dc (0x0001)
core   0: 0x800097de (0x9d4d6417) auipc   s0, 0x9d4d6
core   0: 0 0x800097de (0x9d4d6417) x8  0x1d4df7de
core   0: 0x800097e2 (0x00008605) c.srai  a2, 1
core   0: 0 0x800097e2 (0x8605) x12 0x0000000b
core   0: 0x800097e4 (0x00000b0a) c.slli  s6, 2
core   0: 0 0x800097e4 (0x0b0a) x22 0x8073bfdc
core   0: 0x800097e6 (0x0223f4b3) remu    s1, t2, sp
core   0: 0 0x800097e6 (0x0223f4b3) x9  0x00000000
core   0: 0x800097ea (0x41fdd013) srai    zero, s11, 31
core   0: 0 0x800097ea (0x41fdd013)
core   0: 0x800097ee (0x155bb613) sltiu   a2, s7, 341
core   0: 0 0x800097ee (0x155bb613) x12 0x00000000
core   0: 0x800097f2 (0x40e80fb3) sub     t6, a6, a4
core   0: 0 0x800097f2 (0x40e80fb3) x31 0x0a7175f0
core   0: 0x800097f6 (0x6eba3393) sltiu   t2, s4, 1771
core   0: 0 0x800097f6 (0x6eba3393) x7  0x00000001
core   0: 0x800097fa (0x009ca133) slt     sp, s9, s1
core   0: 0 0x800097fa (0x009ca133) x2  0x00000001
core   0: 0x800097fe (0x03fa64b3) rem     s1, s4, t6
core   0: 0 0x800097fe (0x03fa64b3) x9  0x00000000
core   0: 0x80009802 (0x00f99533) sll     a0, s3, a5
core   0: 0 0x80009802 (0x00f99533) x10 0x87910000
core   0: 0x80009806 (0x3fc14693) xori    a3, sp, 1020
core   0: 0 0x80009806 (0x3fc14693) x13 0x000003fd
core   0: 0x8000980a (0x00000001) c.nop
core   0: 0 0x8000980a (0x0001)
core   0: 0x8000980c (0x00000001) c.nop
core   0: 0 0x8000980c (0x0001)
core   0: 0x8000980e (0x034f2733) mulhsu  a4, t5, s4
core   0: 0 0x8000980e (0x034f2733) x14 0x00000000
core   0: 0x80009812 (0x01bb9313) slli    t1, s7, 27
core   0: 0 0x80009812 (0x01bb9313) x6  0xf8000000
core   0: 0x80009816 (0x856a8793) addi    a5, s5, -1962
core   0: 0 0x80009816 (0x856a8793) x15 0xe19cf855
core   0: 0x8000981a (0x02e89263) bne     a7, a4, pc + 36
core   0: 0 0x8000981a (0x02e89263)
core   0: 0x8000981e (0x9b670293) addi    t0, a4, -1610
core   0: 0 0x8000981e (0x9b670293) x5  0xfffff9b6
core   0: 0x80009822 (0x010f6fb3) or      t6, t5, a6
core   0: 0 0x80009822 (0x010f6fb3) x31 0x000045f0
core   0: 0x80009826 (0x211de493) ori     s1, s11, 529
core   0: 0 0x80009826 (0x211de493) x9  0x80000211
core   0: 0x8000982a (0x0036d513) srli    a0, a3, 3
core   0: 0 0x8000982a (0x0036d513) x10 0x0000007f
core   0: 0x8000982e (0x00008f52) c.mv    t5, s4
core   0: 0 0x8000982e (0x8f52) x30 0x00000000
core   0: 0x80009830 (0x00008ae1) c.andi  a3, 24
core   0: 0 0x80009830 (0x8ae1) x13 0x00000018
core   0: 0x80009832 (0x010cc5b3) xor     a1, s9, a6
core   0: 0 0x80009832 (0x010cc5b3) x11 0x80021914
core   0: 0x80009836 (0x03e65b33) divu    s6, a2, t5
core   0: 0 0x80009836 (0x03e65b33) x22 0xffffffff
core   0: 0x8000983a (0x018f7533) and     a0, t5, s8
core   0: 0 0x8000983a (0x018f7533) x10 0x00000000
core   0: 0x8000983e (0x407fd613) srai    a2, t6, 7
core   0: 0 0x8000983e (0x407fd613) x12 0x0000008b
core   0: 0x80009842 (0x00c8f3b3) and     t2, a7, a2
core   0: 0 0x80009842 (0x00c8f3b3) x7  0x00000000
core   0: 0x80009846 (0x00970433) add     s0, a4, s1
core   0: 0 0x80009846 (0x00970433) x8  0x80000211
core   0: 0x8000984a (0x00008e21) c.xor   a2, s0
core   0: 0 0x8000984a (0x8e21) x12 0x8000029a
core   0: 0x8000984c (0x00000001) c.nop
core   0: 0 0x8000984c (0x0001)
core   0: 0x8000984e (0x017ba1b3) slt     gp, s7, s7
core   0: 0 0x8000984e (0x017ba1b3) x3  0x00000000
core   0: 0x80009852 (0x00008109) c.srli  a0, 2
core   0: 0 0x80009852 (0x8109) x10 0x00000000
core   0: 0x80009854 (0x000081d1) c.srli  a1, 20
core   0: 0 0x80009854 (0x81d1) x11 0x00000800
core   0: 0x80009856 (0xb632ce13) xori    t3, t0, -1181
core   0: 0 0x80009856 (0xb632ce13) x28 0x000002d5
core   0: 0x8000985a (0x00009bfa) c.add   s7, t5
core   0: 0 0x8000985a (0x9bfa) x23 0xe19cffff
core   0: 0x8000985c (0xc8988197) auipc   gp, 0xc8988
core   0: 0 0x8000985c (0xc8988197) x3  0x4899185c
core   0: 0x80009860 (0x02c7ce63) blt     a5, a2, pc + 60
core   0: 0 0x80009860 (0x02c7ce63)
core   0: 0x80009864 (0x0000484d) c.li    a6, 19
core   0: 0 0x80009864 (0x484d) x16 0x00000013
core   0: 0x80009866 (0x0000c991) c.beqz  a1, pc + 20
core   0: 0 0x80009866 (0xc991)
core   0: 0x80009868 (0x0031b2b3) sltu    t0, gp, gp
core   0: 0 0x80009868 (0x0031b2b3) x5  0x00000000
core   0: 0x8000986c (0x4107d493) srai    s1, a5, 16
core   0: 0 0x8000986c (0x4107d493) x9  0xffffe19c
core   0: 0x80009870 (0x003cb6b3) sltu    a3, s9, gp
core   0: 0 0x80009870 (0x003cb6b3) x13 0x00000000
core   0: 0x80009874 (0x00008c91) c.sub   s1, a2
core   0: 0 0x80009874 (0x8c91) x9  0x7fffdf02
core   0: 0x80009876 (0x001ed4b3) srl     s1, t4, ra
core   0: 0 0x80009876 (0x001ed4b3) x9  0x00000000
core   0: 0x8000987a (0x014ded33) or      s10, s11, s4
core   0: 0 0x8000987a (0x014ded33) x26 0x80000000
core   0: 0x8000987e (0x00008e3d) c.xor   a2, a5
core   0: 0 0x8000987e (0x8e3d) x12 0x619cfacf
core   0: 0x80009880 (0x00e69763) bne     a3, a4, pc + 14
core   0: 0 0x80009880 (0x00e69763)
core   0: 0x80009884 (0x035d45b3) div     a1, s10, s5
core   0: 0 0x80009884 (0x035d45b3) x11 0x00000004
core   0: 0x80009888 (0x00006e4d) c.lui   t3, 0x13
core   0: 0 0x80009888 (0x6e4d) x28 0x00013000
core   0: 0x8000988a (0x000097ae) c.add   a5, a1
core   0: 0 0x8000988a (0x97ae) x15 0xe19cf859
core   0: 0x8000988c (0x00009f42) c.add   t5, a6
core   0: 0 0x8000988c (0x9f42) x30 0x00000013
core   0: 0x8000988e (0x00009b52) c.add   s6, s4
core   0: 0 0x8000988e (0x9b52) x22 0xffffffff
core   0: 0x80009890 (0x000081c1) c.srli  a1, 16
core   0: 0 0x80009890 (0x81c1) x11 0x00000000
core   0: 0x80009892 (0x021a7363) bgeu    s4, ra, pc + 38
core   0: 0 0x80009892 (0x021a7363)
core   0: 0x80009896 (0x00008a69) c.andi  a2, 26
core   0: 0 0x80009896 (0x8a69) x12 0x0000000a
core   0: 0x80009898 (0x8b7e5797) auipc   a5, 0x8b7e5
core   0: 0 0x80009898 (0x8b7e5797) x15 0x0b7ee898
core   0: 0x8000989c (0xf3a6ca37) lui     s4, 0xf3a6c
core   0: 0 0x8000989c (0xf3a6ca37) x20 0xf3a6c000
core   0: 0x800098a0 (0x00000abd) c.addi  s5, 15
core   0: 0 0x800098a0 (0x0abd) x21 0xe19d000e
core   0: 0x800098a2 (0x8a197d13) andi    s10, s2, -1887
core   0: 0 0x800098a2 (0x8a197d13) x26 0xb5d468a0
core   0: 0x800098a6 (0x0265c963) blt     a1, t1, pc + 50
core   0: 0 0x800098a6 (0x0265c963)
core   0: 0x800098aa (0x005b4633) xor     a2, s6, t0
core   0: 0 0x800098aa (0x005b4633) x12 0xffffffff
core   0: 0x800098ae (0xf66d01b7) lui     gp, 0xf66d0
core   0: 0 0x800098ae (0xf66d01b7) x3  0xf66d0000
core   0: 0x800098b2 (0x02ebb033) mulhu   zero, s7, a4
core   0: 0 0x800098b2 (0x02ebb033)
core   0: 0x800098b6 (0x00009676) c.add   a2, t4
core   0: 0 0x800098b6 (0x9676) x12 0x00000000
core   0: 0x800098b8 (0x008ce2b3) or      t0, s9, s0
core   0: 0 0x800098b8 (0x008ce2b3) x5  0x80025ef5
core   0: 0x800098bc (0x00008c7d) c.and   s0, a5
core   0: 0 0x800098bc (0x8c7d) x8  0x00000010
core   0: 0x800098be (0x0388dbb3) divu    s7, a7, s8
core   0: 0 0x800098be (0x0388dbb3) x23 0x00000000
core   0: 0x800098c2 (0x02c8e1b3) rem     gp, a7, a2
core   0: 0 0x800098c2 (0x02c8e1b3) x3  0x00000000
core   0: 0x800098c6 (0x0000100f) fence.i
core   0: 0 0x800098c6 (0x0000100f)
core   0: 0x800098ca (0x00b5f263) bgeu    a1, a1, pc + 4
core   0: 0 0x800098ca (0x00b5f263)
core   0: 0x800098ce (0x0192ec33) or      s8, t0, s9
core   0: 0 0x800098ce (0x0192ec33) x24 0x80025ef5
core   0: 0x800098d2 (0x0091ef33) or      t5, gp, s1
core   0: 0 0x800098d2 (0x0091ef33) x30 0x00000000
core   0: 0x800098d6 (0x00000001) c.nop
core   0: 0 0x800098d6 (0x0001)
core   0: 0x800098d8 (0x0000100f) fence.i
core   0: 0 0x800098d8 (0x0000100f)
core   0: 0x800098dc (0x00008bd9) c.andi  a5, 22
core   0: 0 0x800098dc (0x8bd9) x15 0x00000010
core   0: 0x800098de (0xf63e9d37) lui     s10, 0xf63e9
core   0: 0 0x800098de (0xf63e9d37) x26 0xf63e9000
core   0: 0x800098e2 (0x00006111) c.addi16sp sp, 256
core   0: 0 0x800098e2 (0x6111) x2  0x00000101
core   0: 0x800098e4 (0x00008911) c.andi  a0, 4
core   0: 0 0x800098e4 (0x8911) x10 0x00000000
core   0: 0x800098e6 (0x00948233) add     tp, s1, s1
core   0: 0 0x800098e6 (0x00948233) x4  0x00000000
core   0: 0x800098ea (0x00008eae) c.mv    t4, a1
core   0: 0 0x800098ea (0x8eae) x29 0x00000000
core   0: 0x800098ec (0x09c45617) auipc   a2, 0x9c45
core   0: 0 0x800098ec (0x09c45617) x12 0x89c4e8ec
core   0: 0x800098f0 (0x29ad9717) auipc   a4, 0x29ad9
core   0: 0 0x800098f0 (0x29ad9717) x14 0xa9ae28f0
core   0: 0x800098f4 (0x03527b63) bgeu    tp, s5, pc + 54
core   0: 0 0x800098f4 (0x03527b63)
core   0: 0x800098f8 (0x3dd22c13) slti    s8, tp, 989
core   0: 0 0x800098f8 (0x3dd22c13) x24 0x00000001
core   0: 0x800098fc (0x00b49d13) slli    s10, s1, 11
core   0: 0 0x800098fc (0x00b49d13) x26 0x00000000
core   0: 0x80009900 (0x08220113) addi    sp, tp, 130
core   0: 0 0x80009900 (0x08220113) x2  0x00000082
core   0: 0x80009904 (0x00008ca1) c.xor   s1, s0
core   0: 0 0x80009904 (0x8ca1) x9  0x00000010
core   0: 0x80009906 (0x00006969) c.lui   s2, 0x1a
core   0: 0 0x80009906 (0x6969) x18 0x0001a000
core   0: 0x80009908 (0x28c0c613) xori    a2, ra, 652
core   0: 0 0x80009908 (0x28c0c613) x12 0x0000028d
core   0: 0x8000990c (0x008bc463) blt     s7, s0, pc + 8
core   0: 0 0x8000990c (0x008bc463)
core   0: 0x80009914 (0x028e57b3) divu    a5, t3, s0
core   0: 0 0x80009914 (0x028e57b3) x15 0x00001300
core   0: 0x80009918 (0x00921113) slli    sp, tp, 9
core   0: 0 0x80009918 (0x00921113) x2  0x00000000
core   0: 0x8000991c (0x0223fb33) remu    s6, t2, sp
core   0: 0 0x8000991c (0x0223fb33) x22 0x00000000
core   0: 0x80009920 (0x00919d13) slli    s10, gp, 9
core   0: 0 0x80009920 (0x00919d13) x26 0x00000000
core   0: 0x80009924 (0x00008dc1) c.or    a1, s0
core   0: 0 0x80009924 (0x8dc1) x11 0x00000010
core   0: 0x80009926 (0x0109d233) srl     tp, s3, a6
core   0: 0 0x80009926 (0x0109d233) x4  0x00001000
core   0: 0x8000992a (0x035592b3) mulh    t0, a1, s5
core   0: 0 0x8000992a (0x035592b3) x5  0xfffffffe
core   0: 0x8000992e (0x13aed0b7) lui     ra, 0x13aed
core   0: 0 0x8000992e (0x13aed0b7) x1  0x13aed000
core   0: 0x80009932 (0xe7030013) addi    zero, t1, -400
core   0: 0 0x80009932 (0xe7030013)
core   0: 0x80009936 (0x00008619) c.srai  a2, 6
core   0: 0 0x80009936 (0x8619) x12 0x0000000a
core   0: 0x80009938 (0x0000cd99) c.beqz  a1, pc + 30
core   0: 0 0x80009938 (0xcd99)
core   0: 0x8000993a (0x03175bb3) divu    s7, a4, a7
core   0: 0 0x8000993a (0x03175bb3) x23 0xffffffff
core   0: 0x8000993e (0x0000098c) c.addi4spn a1, sp, 208
core   0: 0 0x8000993e (0x098c) x11 0x000000d0
core   0: 0x80009940 (0x00000001) c.nop
core   0: 0 0x80009940 (0x0001)
core   0: 0x80009942 (0x0000ec19) c.bnez  s0, pc + 30
core   0: 0 0x80009942 (0xec19)
core   0: 0x80009960 (0x65365817) auipc   a6, 0x65365
core   0: 0 0x80009960 (0x65365817) x16 0xe536e960
core   0: 0x80009964 (0x0000e221) c.bnez  a2, pc + 64
core   0: 0 0x80009964 (0xe221)
core   0: 0x800099a4 (0x0000cd9d) c.beqz  a1, pc + 62
core   0: 0 0x800099a4 (0xcd9d)
core   0: 0x800099a6 (0x0000eb09) c.bnez  a4, pc + 18
core   0: 0 0x800099a6 (0xeb09)
core   0: 0x800099b8 (0x00745f13) srli    t5, s0, 7
core   0: 0 0x800099b8 (0x00745f13) x30 0x00000000
core   0: 0x800099bc (0x00008791) c.srai  a5, 4
core   0: 0 0x800099bc (0x8791) x15 0x00000130
core   0: 0x800099be (0x0326f833) remu    a6, a3, s2
core   0: 0 0x800099be (0x0326f833) x16 0x00000000
core   0: 0x800099c2 (0x00008ee9) c.and   a3, a0
core   0: 0 0x800099c2 (0x8ee9) x13 0x00000000
core   0: 0x800099c4 (0x00addc33) srl     s8, s11, a0
core   0: 0 0x800099c4 (0x00addc33) x24 0x80000000
core   0: 0x800099c8 (0x00008491) c.srai  s1, 4
core   0: 0 0x800099c8 (0x8491) x9  0x00000001
core   0: 0x800099ca (0x00000f45) c.addi  t5, 17
core   0: 0 0x800099ca (0x0f45) x30 0x00000011
core   0: 0x800099cc (0x00ce5333) srl     t1, t3, a2
core   0: 0 0x800099cc (0x00ce5333) x6  0x0000004c
core   0: 0x800099d0 (0x00009926) c.add   s2, s1
core   0: 0 0x800099d0 (0x9926) x18 0x0001a001
core   0: 0x800099d2 (0x407a5813) srai    a6, s4, 7
core   0: 0 0x800099d2 (0x407a5813) x16 0xffe74d80
core   0: 0x800099d6 (0x0000100f) fence.i
core   0: 0 0x800099d6 (0x0000100f)
core   0: 0x800099da (0xbb59b313) sltiu   t1, s3, -1099
core   0: 0 0x800099da (0xbb59b313) x6  0x00000001
core   0: 0x800099de (0x008b9913) slli    s2, s7, 8
core   0: 0 0x800099de (0x008b9913) x18 0xffffff00
core   0: 0x800099e2 (0x2dbb3413) sltiu   s0, s6, 731
core   0: 0 0x800099e2 (0x2dbb3413) x8  0x00000001
core   0: 0x800099e6 (0x000015fd) c.addi  a1, -1
core   0: 0 0x800099e6 (0x15fd) x11 0x000000cf
core   0: 0x800099e8 (0x00000e80) c.addi4spn s0, sp, 848
core   0: 0 0x800099e8 (0x0e80) x8  0x00000350
core   0: 0x800099ea (0x01e25f63) bge     tp, t5, pc + 30
core   0: 0 0x800099ea (0x01e25f63)
core   0: 0x80009a08 (0x00006c65) c.lui   s8, 0x19
core   0: 0 0x80009a08 (0x6c65) x24 0x00019000
core   0: 0x80009a0a (0x41900c33) sub     s8, zero, s9
core   0: 0 0x80009a0a (0x41900c33) x24 0x7ffda31c
core   0: 0x80009a0e (0x40a15533) sra     a0, sp, a0
core   0: 0 0x80009a0e (0x40a15533) x10 0x00000000
core   0: 0x80009a12 (0x00000001) c.nop
core   0: 0 0x80009a12 (0x0001)
core   0: 0x80009a14 (0x0000038c) c.addi4spn a1, sp, 448
core   0: 0 0x80009a14 (0x038c) x11 0x000001c0
core   0: 0x80009a16 (0x00008785) c.srai  a5, 1
core   0: 0 0x80009a16 (0x8785) x15 0x00000098
core   0: 0x80009a18 (0x00008e5d) c.or    a2, a5
core   0: 0 0x80009a18 (0x8e5d) x12 0x0000009a
core   0: 0x80009a1a (0x88dc4613) xori    a2, s8, -1907
core   0: 0 0x80009a1a (0x88dc4613) x12 0x80025b91
core   0: 0x80009a1e (0x000068e9) c.lui   a7, 0x1a
core   0: 0 0x80009a1e (0x68e9) x17 0x0001a000
core   0: 0x80009a20 (0x00e40563) beq     s0, a4, pc + 10
core   0: 0 0x80009a20 (0x00e40563)
core   0: 0x80009a24 (0x03ffd733) divu    a4, t6, t6
core   0: 0 0x80009a24 (0x03ffd733) x14 0x00000001
core   0: 0x80009a28 (0x000085c6) c.mv    a1, a7
core   0: 0 0x80009a28 (0x85c6) x11 0x0001a000
core   0: 0x80009a2a (0x407f5893) srai    a7, t5, 7
core   0: 0 0x80009a2a (0x407f5893) x17 0x00000000
core   0: 0x80009a2e (0x027f9a33) mulh    s4, t6, t2
core   0: 0 0x80009a2e (0x027f9a33) x20 0x00000000
core   0: 0x80009a32 (0x003b4a93) xori    s5, s6, 3
core   0: 0 0x80009a32 (0x003b4a93) x21 0x00000003
core   0: 0x80009a36 (0x00000c42) c.slli  s8, 16
core   0: 0 0x80009a36 (0x0c42) x24 0xa31c0000
core   0: 0x80009a38 (0x00f53733) sltu    a4, a0, a5
core   0: 0 0x80009a38 (0x00f53733) x14 0x00000001
core   0: 0x80009a3c (0x009bc333) xor     t1, s7, s1
core   0: 0 0x80009a3c (0x009bc333) x6  0xfffffffe
core   0: 0x80009a40 (0x8d68af37) lui     t5, 0x8d68a
core   0: 0 0x80009a40 (0x8d68af37) x30 0x8d68a000
core   0: 0x80009a44 (0x03851d33) mulh    s10, a0, s8
core   0: 0 0x80009a44 (0x03851d33) x26 0x00000000
core   0: 0x80009a48 (0x031ab533) mulhu   a0, s5, a7
core   0: 0 0x80009a48 (0x031ab533) x10 0x00000000
core   0: 0x80009a4c (0x00001e94) c.addi4spn a3, sp, 880
core   0: 0 0x80009a4c (0x1e94) x13 0x00000370
core   0: 0x80009a4e (0x012b1293) slli    t0, s6, 18
core   0: 0 0x80009a4e (0x012b1293) x5  0x00000000
core   0: 0x80009a52 (0x411e0633) sub     a2, t3, a7
core   0: 0 0x80009a52 (0x411e0633) x12 0x00013000
core   0: 0x80009a56 (0x0ff0000f) fence   iorw,iorw
core   0: 0 0x80009a56 (0x0ff0000f)
core   0: 0x80009a5a (0x0000e30d) c.bnez  a4, pc + 34
core   0: 0 0x80009a5a (0xe30d)
core   0: 0x80009a7c (0x02bce6b3) rem     a3, s9, a1
core   0: 0 0x80009a7c (0x02bce6b3) x13 0xffff3ce4
core   0: 0x80009a80 (0x40b25813) srai    a6, tp, 11
core   0: 0 0x80009a80 (0x40b25813) x16 0x00000002
core   0: 0x80009a84 (0x03809d33) mulh    s10, ra, s8
core   0: 0 0x80009a84 (0x03809d33) x26 0xf8dba58e
core   0: 0x80009a88 (0x01ddae33) slt     t3, s11, t4
core   0: 0 0x80009a88 (0x01ddae33) x28 0x00000001
core   0: 0x80009a8c (0x007c91b3) sll     gp, s9, t2
core   0: 0 0x80009a8c (0x007c91b3) x3  0x80025ce4
core   0: 0x80009a90 (0x4062dbb3) sra     s7, t0, t1
core   0: 0 0x80009a90 (0x4062dbb3) x23 0x00000000
core   0: 0x80009a94 (0x02cf1533) mulh    a0, t5, a2
core   0: 0 0x80009a94 (0x02cf1533) x10 0xffff77ec
core   0: 0x80009a98 (0x00000086) c.slli  ra, 1
core   0: 0 0x80009a98 (0x0086) x1  0x275da000
core   0: 0x80009a9a (0x03a3ebb3) rem     s7, t2, s10
core   0: 0 0x80009a9a (0x03a3ebb3) x23 0x00000000
core   0: 0x80009a9e (0x0000e881) c.bnez  s1, pc + 16
core   0: 0 0x80009a9e (0xe881)
core   0: 0x80009aae (0x012baa33) slt     s4, s7, s2
core   0: 0 0x80009aae (0x012baa33) x20 0x00000000
core   0: 0x80009ab2 (0x000097ae) c.add   a5, a1
core   0: 0 0x80009ab2 (0x97ae) x15 0x0001a098
core   0: 0x80009ab4 (0x006fdb13) srli    s6, t6, 6
core   0: 0 0x80009ab4 (0x006fdb13) x22 0x00000117
core   0: 0x80009ab8 (0x03433c33) mulhu   s8, t1, s4
core   0: 0 0x80009ab8 (0x03433c33) x24 0x00000000
core   0: 0x80009abc (0x00000001) c.nop
core   0: 0 0x80009abc (0x0001)
core   0: 0x80009abe (0x00000184) c.addi4spn s1, sp, 192
core   0: 0 0x80009abe (0x0184) x9  0x000000c0
core   0: 0x80009ac0 (0x026c8ab3) mul     s5, s9, t1
core   0: 0 0x80009ac0 (0x026c8ab3) x21 0xfffb4638
core   0: 0x80009ac4 (0x0048d493) srli    s1, a7, 4
core   0: 0 0x80009ac4 (0x0048d493) x9  0x00000000
core   0: 0x80009ac8 (0xf1ca5d17) auipc   s10, 0xf1ca5
core   0: 0 0x80009ac8 (0xf1ca5d17) x26 0x71caeac8
core   0: 0x80009acc (0x01603333) snez    t1, s6
core   0: 0 0x80009acc (0x01603333) x6  0x00000001
core   0: 0x80009ad0 (0x00000001) c.nop
core   0: 0 0x80009ad0 (0x0001)
core   0: 0x80009ad2 (0x00008eb9) c.xor   a3, a4
core   0: 0 0x80009ad2 (0x8eb9) x13 0xffff3ce5
core   0: 0x80009ad4 (0x55458037) lui     zero, 0x55458
core   0: 0 0x80009ad4 (0x55458037)
core   0: 0x80009ad8 (0x0172f533) and     a0, t0, s7
core   0: 0 0x80009ad8 (0x0172f533) x10 0x00000000
core   0: 0x80009adc (0x00f26d63) bltu    tp, a5, pc + 26
core   0: 0 0x80009adc (0x00f26d63)
core   0: 0x80009af6 (0x0351e233) rem     tp, gp, s5
core   0: 0 0x80009af6 (0x0351e233) x4  0xfffdb24c
core   0: 0x80009afa (0x0354ae33) mulhsu  t3, s1, s5
core   0: 0 0x80009afa (0x0354ae33) x28 0x00000000
core   0: 0x80009afe (0x0222fb63) bgeu    t0, sp, pc + 54
core   0: 0 0x80009afe (0x0222fb63)
core   0: 0x80009b34 (0x024b1763) bne     s6, tp, pc + 46
core   0: 0 0x80009b34 (0x024b1763)
core   0: 0x80009b62 (0x0045f6b3) and     a3, a1, tp
core   0: 0 0x80009b62 (0x0045f6b3) x13 0x0001a000
core   0: 0x80009b66 (0x00006141) c.addi16sp sp, 16
core   0: 0 0x80009b66 (0x6141) x2  0x00000010
core   0: 0x80009b68 (0x01bc46b3) xor     a3, s8, s11
core   0: 0 0x80009b68 (0x01bc46b3) x13 0x80000000
core   0: 0x80009b6c (0x022436b3) mulhu   a3, s0, sp
core   0: 0 0x80009b6c (0x022436b3) x13 0x00000000
core   0: 0x80009b70 (0x030446b3) div     a3, s0, a6
core   0: 0 0x80009b70 (0x030446b3) x13 0x000001a8
core   0: 0x80009b74 (0x0293cfb3) div     t6, t2, s1
core   0: 0 0x80009b74 (0x0293cfb3) x31 0xffffffff
core   0: 0x80009b78 (0x0000049e) c.slli  s1, 7
core   0: 0 0x80009b78 (0x049e) x9  0x00000000
core   0: 0x80009b7a (0x23994313) xori    t1, s2, 569
core   0: 0 0x80009b7a (0x23994313) x6  0xfffffd39
core   0: 0x80009b7e (0xce077497) auipc   s1, 0xce077
core   0: 0 0x80009b7e (0xce077497) x9  0x4e080b7e
core   0: 0x80009b82 (0x00008d41) c.or    a0, s0
core   0: 0 0x80009b82 (0x8d41) x10 0x00000350
core   0: 0x80009b84 (0xaadc8113) addi    sp, s9, -1363
core   0: 0 0x80009b84 (0xaadc8113) x2  0x80025791
core   0: 0x80009b88 (0x0000cd1d) c.beqz  a0, pc + 62
core   0: 0 0x80009b88 (0xcd1d)
core   0: 0x80009b8a (0x24234a93) xori    s5, t1, 578
core   0: 0 0x80009b8a (0x24234a93) x21 0xffffff7b
core   0: 0x80009b8e (0x4128d693) srai    a3, a7, 18
core   0: 0 0x80009b8e (0x4128d693) x13 0x00000000
core   0: 0x80009b92 (0x01706d33) or      s10, zero, s7
core   0: 0 0x80009b92 (0x01706d33) x26 0x00000000
core   0: 0x80009b96 (0x00008e0d) c.sub   a2, a1
core   0: 0 0x80009b96 (0x8e0d) x12 0xffff9000
core   0: 0x80009b98 (0x04868063) beq     a3, s0, pc + 64
core   0: 0 0x80009b98 (0x04868063)
core   0: 0x80009b9c (0x0000717d) c.addi16sp sp, -16
core   0: 0 0x80009b9c (0x717d) x2  0x80025781
core   0: 0x80009b9e (0x00851bb3) sll     s7, a0, s0
core   0: 0 0x80009b9e (0x00851bb3) x23 0x03500000
core   0: 0x80009ba2 (0x40e45793) srai    a5, s0, 14
core   0: 0 0x80009ba2 (0x40e45793) x15 0x00000000
core   0: 0x80009ba6 (0x308b3593) sltiu   a1, s6, 776
core   0: 0 0x80009ba6 (0x308b3593) x11 0x00000001
core   0: 0x80009baa (0x01896133) or      sp, s2, s8
core   0: 0 0x80009baa (0x01896133) x2  0xffffff00
core   0: 0x80009bae (0xbea83813) sltiu   a6, a6, -1046
core   0: 0 0x80009bae (0xbea83813) x16 0x00000001
core   0: 0x80009bb2 (0xe0218a13) addi    s4, gp, -510
core   0: 0 0x80009bb2 (0xe0218a13) x20 0x80025ae6
core   0: 0x80009bb6 (0x02216233) rem     tp, sp, sp
core   0: 0 0x80009bb6 (0x02216233) x4  0x00000000
core   0: 0x80009bba (0xf46c1e17) auipc   t3, 0xf46c1
core   0: 0 0x80009bba (0xf46c1e17) x28 0x746cabba
core   0: 0x80009bbe (0x00049733) sll     a4, s1, zero
core   0: 0 0x80009bbe (0x00049733) x14 0x4e080b7e
core   0: 0x80009bc2 (0x0000587d) c.li    a6, -1
core   0: 0 0x80009bc2 (0x587d) x16 0xffffffff
core   0: 0x80009bc4 (0x00008ed1) c.or    a3, a2
core   0: 0 0x80009bc4 (0x8ed1) x13 0xffff9000
core   0: 0x80009bc6 (0x00353733) sltu    a4, a0, gp
core   0: 0 0x80009bc6 (0x00353733) x14 0x00000001
core   0: 0x80009bca (0x0000717d) c.addi16sp sp, -16
core   0: 0 0x80009bca (0x717d) x2  0xfffffef0
core   0: 0x80009bcc (0x00f5ebb7) lui     s7, 0xf5e
core   0: 0 0x80009bcc (0x00f5ebb7) x23 0x00f5e000
core   0: 0x80009bd0 (0x40de5013) srai    zero, t3, 13
core   0: 0 0x80009bd0 (0x40de5013)
core   0: 0x80009bd4 (0x00006171) c.addi16sp sp, 336
core   0: 0 0x80009bd4 (0x6171) x2  0x00000040
core   0: 0x80009bd6 (0x00000990) c.addi4spn a2, sp, 208
core   0: 0 0x80009bd6 (0x0990) x12 0x00000110
core   0: 0x80009bd8 (0x0047d1b3) srl     gp, a5, tp
core   0: 0 0x80009bd8 (0x0047d1b3) x3  0x00000000
core   0: 0x80009bdc (0x0507c163) blt     a5, a6, pc + 66
core   0: 0 0x80009bdc (0x0507c163)
core   0: 0x80009be0 (0x00008d31) c.xor   a0, a2
core   0: 0 0x80009be0 (0x8d31) x10 0x00000240
core   0: 0x80009be2 (0x03bd4233) div     tp, s10, s11
core   0: 0 0x80009be2 (0x03bd4233) x4  0x00000000
core   0: 0x80009be6 (0x4feb0413) addi    s0, s6, 1278
core   0: 0 0x80009be6 (0x4feb0413) x8  0x00000615
core   0: 0x80009bea (0x017c5e13) srli    t3, s8, 23
core   0: 0 0x80009bea (0x017c5e13) x28 0x00000000
core   0: 0x80009bee (0x03af6a63) bltu    t5, s10, pc + 52
core   0: 0 0x80009bee (0x03af6a63)
core   0: 0x80009bf2 (0xe53842b7) lui     t0, 0xe5384
core   0: 0 0x80009bf2 (0xe53842b7) x5  0xe5384000
core   0: 0x80009bf6 (0x02b21f63) bne     tp, a1, pc + 62
core   0: 0 0x80009bf6 (0x02b21f63)
core   0: 0x80009c34 (0x00000001) c.nop
core   0: 0 0x80009c34 (0x0001)
core   0: 0x80009c36 (0x02872533) mulhsu  a0, a4, s0
core   0: 0 0x80009c36 (0x02872533) x10 0x00000000
core   0: 0x80009c3a (0x00008a42) c.mv    s4, a6
core   0: 0 0x80009c3a (0x8a42) x20 0xffffffff
core   0: 0x80009c3c (0x03915d63) bge     sp, s9, pc + 58
core   0: 0 0x80009c3c (0x03915d63)
core   0: 0x80009c76 (0x02b78033) mul     zero, a5, a1
core   0: 0 0x80009c76 (0x02b78033)
core   0: 0x80009c7a (0x00000580) c.addi4spn s0, sp, 704
core   0: 0 0x80009c7a (0x0580) x8  0x00000300
core   0: 0x80009c7c (0x0000882a) c.mv    a6, a0
core   0: 0 0x80009c7c (0x882a) x16 0x00000000
core   0: 0x80009c7e (0x012a9a33) sll     s4, s5, s2
core   0: 0 0x80009c7e (0x012a9a33) x20 0xffffff7b
core   0: 0x80009c82 (0x0264f363) bgeu    s1, t1, pc + 38
core   0: 0 0x80009c82 (0x0264f363)
core   0: 0x80009c86 (0x41bfd813) srai    a6, t6, 27
core   0: 0 0x80009c86 (0x41bfd813) x16 0xffffffff
core   0: 0x80009c8a (0xe2666413) ori     s0, a2, -474
core   0: 0 0x80009c8a (0xe2666413) x8  0xffffff36
core   0: 0x80009c8e (0x00000001) c.nop
core   0: 0 0x80009c8e (0x0001)
core   0: 0x80009c90 (0x01ebdc13) srli    s8, s7, 30
core   0: 0 0x80009c90 (0x01ebdc13) x24 0x00000000
core   0: 0x80009c94 (0x03457eb3) remu    t4, a0, s4
core   0: 0 0x80009c94 (0x03457eb3) x29 0x00000000
core   0: 0x80009c98 (0x02075433) divu    s0, a4, zero
core   0: 0 0x80009c98 (0x02075433) x8  0xffffffff
core   0: 0x80009c9c (0x01060e63) beq     a2, a6, pc + 28
core   0: 0 0x80009c9c (0x01060e63)
core   0: 0x80009ca0 (0x043ee063) bltu    t4, gp, pc + 64
core   0: 0 0x80009ca0 (0x043ee063)
core   0: 0x80009ca4 (0x00000001) c.nop
core   0: 0 0x80009ca4 (0x0001)
core   0: 0x80009ca6 (0x00008199) c.srli  a1, 6
core   0: 0 0x80009ca6 (0x8199) x11 0x00000000
core   0: 0x80009ca8 (0x000086ed) c.srai  a3, 27
core   0: 0 0x80009ca8 (0x86ed) x13 0xffffffff
core   0: 0x80009caa (0x85102ab7) lui     s5, 0x85102
core   0: 0 0x80009caa (0x85102ab7) x21 0x85102000
core   0: 0x80009cae (0x32d31e97) auipc   t4, 0x32d31
core   0: 0 0x80009cae (0x32d31e97) x29 0xb2d3acae
core   0: 0x80009cb2 (0x00000780) c.addi4spn s0, sp, 960
core   0: 0 0x80009cb2 (0x0780) x8  0x00000400
core   0: 0x80009cb4 (0x03324163) blt     tp, s3, pc + 34
core   0: 0 0x80009cb4 (0x03324163)
core   0: 0x80009cb8 (0x021bc2b3) div     t0, s7, ra
core   0: 0 0x80009cb8 (0x021bc2b3) x5  0x00000000
core   0: 0x80009cbc (0x024b7663) bgeu    s6, tp, pc + 44
core   0: 0 0x80009cbc (0x024b7663)
core   0: 0x80009ce8 (0x0000c61d) c.beqz  a2, pc + 46
core   0: 0 0x80009ce8 (0xc61d)
core   0: 0x80009cea (0x02330933) mul     s2, t1, gp
core   0: 0 0x80009cea (0x02330933) x18 0x00000000
core   0: 0x80009cee (0x00008d0d) c.sub   a0, a1
core   0: 0 0x80009cee (0x8d0d) x10 0x00000000
core   0: 0x80009cf0 (0x02d455b3) divu    a1, s0, a3
core   0: 0 0x80009cf0 (0x02d455b3) x11 0x00000000
core   0: 0x80009cf4 (0x00008af5) c.andi  a3, 29
core   0: 0 0x80009cf4 (0x8af5) x13 0x0000001d
core   0: 0x80009cf6 (0x29957593) andi    a1, a0, 665
core   0: 0 0x80009cf6 (0x29957593) x11 0x00000000
core   0: 0x80009cfa (0x00000001) c.nop
core   0: 0 0x80009cfa (0x0001)
core   0: 0x80009cfc (0x00000001) c.nop
core   0: 0 0x80009cfc (0x0001)
core   0: 0x80009cfe (0x8a0a7b93) andi    s7, s4, -1888
core   0: 0 0x80009cfe (0x8a0a7b93) x23 0xfffff820
core   0: 0x80009d02 (0x41ee02b3) sub     t0, t3, t5
core   0: 0 0x80009d02 (0x41ee02b3) x5  0x72976000
core   0: 0x80009d06 (0x921fe693) ori     a3, t6, -1759
core   0: 0 0x80009d06 (0x921fe693) x13 0xffffffff
core   0: 0x80009d0a (0x023e3c33) mulhu   s8, t3, gp
core   0: 0 0x80009d0a (0x023e3c33) x24 0x00000000
core   0: 0x80009d0e (0x00008f6a) c.mv    t5, s10
core   0: 0 0x80009d0e (0x8f6a) x30 0x00000000
core   0: 0x80009d10 (0x01209363) bne     ra, s2, pc + 6
core   0: 0 0x80009d10 (0x01209363)
core   0: 0x80009d16 (0x00006141) c.addi16sp sp, 16
core   0: 0 0x80009d16 (0x6141) x2  0x00000050
core   0: 0x80009d18 (0x01f74f63) blt     a4, t6, pc + 30
core   0: 0 0x80009d18 (0x01f74f63)
core   0: 0x80009d1c (0x0000100f) fence.i
core   0: 0 0x80009d1c (0x0000100f)
core   0: 0x80009d20 (0xe333ba13) sltiu   s4, t2, -461
core   0: 0 0x80009d20 (0xe333ba13) x20 0x00000001
core   0: 0x80009d24 (0x00b4beb3) sltu    t4, s1, a1
core   0: 0 0x80009d24 (0x00b4beb3) x29 0x00000000
core   0: 0x80009d28 (0x0000034d) c.addi  t1, 19
core   0: 0 0x80009d28 (0x034d) x6  0xfffffd4c
core   0: 0x80009d2a (0x419e8333) sub     t1, t4, s9
core   0: 0 0x80009d2a (0x419e8333) x6  0x7ffda31c
core   0: 0x80009d2e (0x0000617d) c.addi16sp sp, 496
core   0: 0 0x80009d2e (0x617d) x2  0x00000240
core   0: 0x80009d30 (0x03bfcc33) div     s8, t6, s11
core   0: 0 0x80009d30 (0x03bfcc33) x24 0x00000000
core   0: 0x80009d34 (0x00008969) c.andi  a0, 26
core   0: 0 0x80009d34 (0x8969) x10 0x00000000
core   0: 0x80009d36 (0x03e8e433) rem     s0, a7, t5
core   0: 0 0x80009d36 (0x03e8e433) x8  0x00000000
core   0: 0x80009d3a (0x01b44863) blt     s0, s11, pc + 16
core   0: 0 0x80009d3a (0x01b44863)
core   0: 0x80009d3e (0x00dcf4b3) and     s1, s9, a3
core   0: 0 0x80009d3e (0x00dcf4b3) x9  0x80025ce4
core   0: 0x80009d42 (0x00001c18) c.addi4spn a4, sp, 560
core   0: 0 0x80009d42 (0x1c18) x14 0x00000470
core   0: 0x80009d44 (0x0176f333) and     t1, a3, s7
core   0: 0 0x80009d44 (0x0176f333) x6  0xfffff820
core   0: 0x80009d48 (0x00008c91) c.sub   s1, a2
core   0: 0 0x80009d48 (0x8c91) x9  0x80025bd4
core   0: 0x80009d4a (0x025ca393) slti    t2, s9, 37
core   0: 0 0x80009d4a (0x025ca393) x7  0x00000001
core   0: 0x80009d4e (0x00008ce1) c.and   s1, s0
core   0: 0 0x80009d4e (0x8ce1) x9  0x00000000
core   0: 0x80009d50 (0x02889a33) mulh    s4, a7, s0
core   0: 0 0x80009d50 (0x02889a33) x20 0x00000000
core   0: 0x80009d54 (0x9465c293) xori    t0, a1, -1722
core   0: 0 0x80009d54 (0x9465c293) x5  0xfffff946
core   0: 0x80009d58 (0x1736c793) xori    a5, a3, 371
core   0: 0 0x80009d58 (0x1736c793) x15 0xfffffe8c
core   0: 0x80009d5c (0x025a0963) beq     s4, t0, pc + 50
core   0: 0 0x80009d5c (0x025a0963)
core   0: 0x80009d60 (0x0ff0000f) fence   iorw,iorw
core   0: 0 0x80009d60 (0x0ff0000f)
core   0: 0x80009d64 (0x40c95833) sra     a6, s2, a2
core   0: 0 0x80009d64 (0x40c95833) x16 0x00000000
core   0: 0x80009d68 (0x01ab5eb3) srl     t4, s6, s10
core   0: 0 0x80009d68 (0x01ab5eb3) x29 0x00000117
core   0: 0x80009d6c (0x6e5c1817) auipc   a6, 0x6e5c1
core   0: 0 0x80009d6c (0x6e5c1817) x16 0xee5cad6c
core   0: 0x80009d70 (0x00000001) c.nop
core   0: 0 0x80009d70 (0x0001)
core   0: 0x80009d72 (0x00001008) c.addi4spn a0, sp, 32
core   0: 0 0x80009d72 (0x1008) x10 0x00000260
core   0: 0x80009d74 (0x000086d1) c.srai  a3, 20
core   0: 0 0x80009d74 (0x86d1) x13 0xffffffff
core   0: 0x80009d76 (0x011d82b3) add     t0, s11, a7
core   0: 0 0x80009d76 (0x011d82b3) x5  0x80000000
core   0: 0x80009d7a (0x0000ec9d) c.bnez  s1, pc + 62
core   0: 0 0x80009d7a (0xec9d)
core   0: 0x80009d7c (0x00f8da33) srl     s4, a7, a5
core   0: 0 0x80009d7c (0x00f8da33) x20 0x00000000
core   0: 0x80009d80 (0x0ff0000f) fence   iorw,iorw
core   0: 0 0x80009d80 (0x0ff0000f)
core   0: 0x80009d84 (0x0000c915) c.beqz  a0, pc + 52
core   0: 0 0x80009d84 (0xc915)
core   0: 0x80009d86 (0x00000001) c.nop
core   0: 0 0x80009d86 (0x0001)
core   0: 0x80009d88 (0xcfede713) ori     a4, s11, -770
core   0: 0 0x80009d88 (0xcfede713) x14 0xfffffcfe
core   0: 0x80009d8c (0x0000638d) c.lui   t2, 0x3
core   0: 0 0x80009d8c (0x638d) x7  0x00003000
core   0: 0x80009d8e (0x0227f3b3) remu    t2, a5, sp
core   0: 0 0x80009d8e (0x0227f3b3) x7  0x000001cc
core   0: 0x80009d92 (0x02209033) mulh    zero, ra, sp
core   0: 0 0x80009d92 (0x02209033)
core   0: 0x80009d96 (0x00008d69) c.and   a0, a0
core   0: 0 0x80009d96 (0x8d69) x10 0x00000260
core   0: 0x80009d98 (0x00001e98) c.addi4spn a4, sp, 880
core   0: 0 0x80009d98 (0x1e98) x14 0x000005b0
core   0: 0x80009d9a (0x00e073b3) and     t2, zero, a4
core   0: 0 0x80009d9a (0x00e073b3) x7  0x00000000
core   0: 0x80009d9e (0x002fe1b3) or      gp, t6, sp
core   0: 0 0x80009d9e (0x002fe1b3) x3  0xffffffff
core   0: 0x80009da2 (0x0ff0000f) fence   iorw,iorw
core   0: 0 0x80009da2 (0x0ff0000f)
core   0: 0x80009da6 (0x02b074b3) remu    s1, zero, a1
core   0: 0 0x80009da6 (0x02b074b3) x9  0x00000000
core   0: 0x80009daa (0x00000001) c.nop
core   0: 0 0x80009daa (0x0001)
core   0: 0x80009dac (0x40170c33) sub     s8, a4, ra
core   0: 0 0x80009dac (0x40170c33) x24 0xd8a265b0
core   0: 0x80009db0 (0x0134f2b3) and     t0, s1, s3
core   0: 0 0x80009db0 (0x0134f2b3) x5  0x00000000
core   0: 0x80009db4 (0x01b06433) or      s0, zero, s11
core   0: 0 0x80009db4 (0x01b06433) x8  0x80000000
core   0: 0x80009db8 (0x01fad663) bge     s5, t6, pc + 12
core   0: 0 0x80009db8 (0x01fad663)
core   0: 0x80009dbc (0x038d7d63) bgeu    s10, s8, pc + 58
core   0: 0 0x80009dbc (0x038d7d63)
core   0: 0x80009dc0 (0x00acfa33) and     s4, s9, a0
core   0: 0 0x80009dc0 (0x00acfa33) x20 0x00000060
core   0: 0x80009dc4 (0x02e0d563) bge     ra, a4, pc + 42
core   0: 0 0x80009dc4 (0x02e0d563)
core   0: 0x80009dee (0x03ad0a63) beq     s10, s10, pc + 52
core   0: 0 0x80009dee (0x03ad0a63)
core   0: 0x80009e22 (0x00008e21) c.xor   a2, s0
core   0: 0 0x80009e22 (0x8e21) x12 0x80000110
core   0: 0x80009e24 (0x03ae1333) mulh    t1, t3, s10
core   0: 0 0x80009e24 (0x03ae1333) x6  0x00000000
core   0: 0x80009e28 (0x00006741) c.lui   a4, 0x10
core   0: 0 0x80009e28 (0x6741) x14 0x00010000
core   0: 0x80009e2a (0x50b825b7) lui     a1, 0x50b82
core   0: 0 0x80009e2a (0x50b825b7) x11 0x50b82000
core   0: 0x80009e2e (0x01169d13) slli    s10, a3, 17
core   0: 0 0x80009e2e (0x01169d13) x26 0xfffe0000
core   0: 0x80009e32 (0x019bd193) srli    gp, s7, 25
core   0: 0 0x80009e32 (0x019bd193) x3  0x0000007f
core   0: 0x80009e36 (0x0217fa63) bgeu    a5, ra, pc + 52
core   0: 0 0x80009e36 (0x0217fa63)
core   0: 0x80009e6a (0xf8f23813) sltiu   a6, tp, -113
core   0: 0 0x80009e6a (0xf8f23813) x16 0x00000001
core   0: 0x80009e6e (0x008d3eb3) sltu    t4, s10, s0
core   0: 0 0x80009e6e (0x008d3eb3) x29 0x00000000
core   0: 0x80009e72 (0x00008331) c.srli  a4, 12
core   0: 0 0x80009e72 (0x8331) x14 0x00000010
core   0: 0x80009e74 (0x00008c6a) c.mv    s8, s10
core   0: 0 0x80009e74 (0x8c6a) x24 0xfffe0000
core   0: 0x80009e76 (0x00000296) c.slli  t0, 5
core   0: 0 0x80009e76 (0x0296) x5  0x00000000
core   0: 0x80009e78 (0x00d99893) slli    a7, s3, 13
core   0: 0 0x80009e78 (0x00d99893) x17 0x43c88000
core   0: 0x80009e7c (0x022d8633) mul     a2, s11, sp
core   0: 0 0x80009e7c (0x022d8633) x12 0x00000000
core   0: 0x80009e80 (0x00000001) c.nop
core   0: 0 0x80009e80 (0x0001)
core   0: 0x80009e82 (0x0000100f) fence.i
core   0: 0 0x80009e82 (0x0000100f)
core   0: 0x80009e86 (0x40af5833) sra     a6, t5, a0
core   0: 0 0x80009e86 (0x40af5833) x16 0x00000000
core   0: 0x80009e8a (0x000062e1) c.lui   t0, 0x18
core   0: 0 0x80009e8a (0x62e1) x5  0x00018000
core   0: 0x80009e8c (0x000081fa) c.mv    gp, t5
core   0: 0 0x80009e8c (0x81fa) x3  0x00000000
core   0: 0x80009e8e (0x00cc6333) or      t1, s8, a2
core   0: 0 0x80009e8e (0x00cc6333) x6  0xfffe0000
core   0: 0x80009e92 (0x02a1dd63) bge     gp, a0, pc + 58
core   0: 0 0x80009e92 (0x02a1dd63)
core   0: 0x80009e96 (0xbb0761b7) lui     gp, 0xbb076
core   0: 0 0x80009e96 (0xbb0761b7) x3  0xbb076000
core   0: 0x80009e9a (0x0000108c) c.addi4spn a1, sp, 96
core   0: 0 0x80009e9a (0x108c) x11 0x000002a0
core   0: 0x80009e9c (0x00008c89) c.sub   s1, a0
core   0: 0 0x80009e9c (0x8c89) x9  0xfffffda0
core   0: 0x80009e9e (0x72396013) prefetch.w 1824(s2)
core   0: 0 0x80009e9e (0x72396013)
core   0: 0x80009ea2 (0x033df033) remu    zero, s11, s3
core   0: 0 0x80009ea2 (0x033df033)
core   0: 0x80009ea6 (0x26b9a237) lui     tp, 0x26b9a
core   0: 0 0x80009ea6 (0x26b9a237) x4  0x26b9a000
core   0: 0x80009eaa (0x00000471) c.addi  s0, 28
core   0: 0 0x80009eaa (0x0471) x8  0x8000001c
core   0: 0x80009eac (0x0188fd33) and     s10, a7, s8
core   0: 0 0x80009eac (0x0188fd33) x26 0x43c80000
core   0: 0x80009eb0 (0x000086e2) c.mv    a3, s8
core   0: 0 0x80009eb0 (0x86e2) x13 0xfffe0000
core   0: 0x80009eb2 (0x00635713) srli    a4, t1, 6
core   0: 0 0x80009eb2 (0x00635713) x14 0x03fff800
core   0: 0x80009eb6 (0xa81f13b7) lui     t2, 0xa81f1
core   0: 0 0x80009eb6 (0xa81f13b7) x7  0xa81f1000
core   0: 0x80009eba (0x0242d3b3) divu    t2, t0, tp
core   0: 0 0x80009eba (0x0242d3b3) x7  0x00000000
core   0: 0x80009ebe (0x01db9363) bne     s7, t4, pc + 6
core   0: 0 0x80009ebe (0x01db9363)
core   0: 0x80009ec4 (0x00008dd5) c.or    a1, a3
core   0: 0 0x80009ec4 (0x8dd5) x11 0xfffe02a0
core   0: 0x80009ec6 (0x0000987d) c.andi  s0, -1
core   0: 0 0x80009ec6 (0x987d) x8  0x8000001c
core   0: 0x80009ec8 (0x0000147d) c.addi  s0, -1
core   0: 0 0x80009ec8 (0x147d) x8  0x8000001b
core   0: 0x80009eca (0x00008e31) c.xor   a2, a2
core   0: 0 0x80009eca (0x8e31) x12 0x00000000
core   0: 0x80009ecc (0xf1a87f13) andi    t5, a6, -230
core   0: 0 0x80009ecc (0xf1a87f13) x30 0x00000000
core   0: 0x80009ed0 (0x04900393) li      t2, 73
core   0: 0 0x80009ed0 (0x04900393) x7  0x00000049
core   0: 0x80009ed4 (0x02ec18b3) mulh    a7, s8, a4
core   0: 0 0x80009ed4 (0x02ec18b3) x17 0xfffff800
core   0: 0x80009ed8 (0xcebe4913) xori    s2, t3, -789
core   0: 0 0x80009ed8 (0xcebe4913) x18 0xfffffceb
core   0: 0x80009edc (0x0000075a) c.slli  a4, 22
core   0: 0 0x80009edc (0x075a) x14 0x00000000
core   0: 0x80009ede (0x01037c63) bgeu    t1, a6, pc + 24
core   0: 0 0x80009ede (0x01037c63)
core   0: 0x80009ef6 (0x0339eab3) rem     s5, s3, s3
core   0: 0 0x80009ef6 (0x0339eab3) x21 0x00000000
core   0: 0x80009efa (0x000081b9) c.srli  a1, 14
core   0: 0 0x80009efa (0x81b9) x11 0x0003fff8
core   0: 0x80009efc (0x0000717d) c.addi16sp sp, -16
core   0: 0 0x80009efc (0x717d) x2  0x00000230
core   0: 0x80009efe (0x00c1a8b3) slt     a7, gp, a2
core   0: 0 0x80009efe (0x00c1a8b3) x17 0x00000001
core   0: 0x80009f02 (0x031dbfb3) mulhu   t6, s11, a7
core   0: 0 0x80009f02 (0x031dbfb3) x31 0x00000000
core   0: 0x80009f06 (0x0196c433) xor     s0, a3, s9
core   0: 0 0x80009f06 (0x0196c433) x8  0x7ffc5ce4
core   0: 0x80009f0a (0x01839d63) bne     t2, s8, pc + 26
core   0: 0 0x80009f0a (0x01839d63)
core   0: 0x80009f24 (0x02f17b33) remu    s6, sp, a5
core   0: 0 0x80009f24 (0x02f17b33) x22 0x00000230
core   0: 0x80009f28 (0x00006ea1) c.lui   t4, 0x8
core   0: 0 0x80009f28 (0x6ea1) x29 0x00008000
core   0: 0x80009f2a (0x00008ea5) c.xor   a3, s1
core   0: 0 0x80009f2a (0x8ea5) x13 0x0001fda0
core   0: 0x80009f2c (0x00440f33) add     t5, s0, tp
core   0: 0 0x80009f2c (0x00440f33) x30 0xa6b5fce4
core   0: 0x80009f30 (0x0c284593) xori    a1, a6, 194
core   0: 0 0x80009f30 (0x0c284593) x11 0x000000c2
core   0: 0x80009f34 (0x87003a93) sltiu   s5, zero, -1936
core   0: 0 0x80009f34 (0x87003a93) x21 0x00000001
core   0: 0x80009f38 (0x00008f65) c.and   a4, s1
core   0: 0 0x80009f38 (0x8f65) x14 0x00000000
core   0: 0x80009f3a (0x02e1e0b3) rem     ra, gp, a4
core   0: 0 0x80009f3a (0x02e1e0b3) x1  0xbb076000
core   0: 0x80009f3e (0x00008f4d) c.or    a4, a1
core   0: 0 0x80009f3e (0x8f4d) x14 0x000000c2
core   0: 0x80009f40 (0x03afe6b3) rem     a3, t6, s10
core   0: 0 0x80009f40 (0x03afe6b3) x13 0x00000000
core   0: 0x80009f44 (0x0326dd33) divu    s10, a3, s2
core   0: 0 0x80009f44 (0x0326dd33) x26 0x00000000
core   0: 0x80009f48 (0x035d3533) mulhu   a0, s10, s5
core   0: 0 0x80009f48 (0x035d3533) x10 0x00000000
core   0: 0x80009f4c (0x00f11913) slli    s2, sp, 15
core   0: 0 0x80009f4c (0x00f11913) x18 0x01180000
core   0: 0x80009f50 (0xc89ca393) slti    t2, s9, -887
core   0: 0 0x80009f50 (0xc89ca393) x7  0x00000001
core   0: 0x80009f54 (0x0000cf9d) c.beqz  a5, pc + 62
core   0: 0 0x80009f54 (0xcf9d)
core   0: 0x80009f56 (0x403cd533) sra     a0, s9, gp
core   0: 0 0x80009f56 (0x403cd533) x10 0x80025ce4
core   0: 0x80009f5a (0x011594b3) sll     s1, a1, a7
core   0: 0 0x80009f5a (0x011594b3) x9  0x00000184
core   0: 0x80009f5e (0x03a3c233) div     tp, t2, s10
core   0: 0 0x80009f5e (0x03a3c233) x4  0xffffffff
core   0: 0x80009f62 (0x0093d013) srli    zero, t2, 9
core   0: 0 0x80009f62 (0x0093d013)
core   0: 0x80009f66 (0x5d29b793) sltiu   a5, s3, 1490
core   0: 0 0x80009f66 (0x5d29b793) x15 0x00000000
core   0: 0x80009f6a (0x00008721) c.srai  a4, 8
core   0: 0 0x80009f6a (0x8721) x14 0x00000000
core   0: 0x80009f6c (0x009252b3) srl     t0, tp, s1
core   0: 0 0x80009f6c (0x009252b3) x5  0x0fffffff
core   0: 0x80009f70 (0x00000001) c.nop
core   0: 0 0x80009f70 (0x0001)
core   0: 0x80009f72 (0x00009842) c.add   a6, a6
core   0: 0 0x80009f72 (0x9842) x16 0x00000000
core   0: 0x80009f74 (0x407002b3) sub     t0, zero, t2
core   0: 0 0x80009f74 (0x407002b3) x5  0xffffffff
core   0: 0x80009f78 (0x02423bb3) mulhu   s7, tp, tp
core   0: 0 0x80009f78 (0x02423bb3) x23 0xfffffffe
core   0: 0x80009f7c (0x00008662) c.mv    a2, s8
core   0: 0 0x80009f7c (0x8662) x12 0xfffe0000
core   0: 0x80009f7e (0x000082f5) c.srli  a3, 29
core   0: 0 0x80009f7e (0x82f5) x13 0x00000000
core   0: 0x80009f80 (0x0000100f) fence.i
core   0: 0 0x80009f80 (0x0000100f)
core   0: 0x80009f84 (0x005b5f33) srl     t5, s6, t0
core   0: 0 0x80009f84 (0x005b5f33) x30 0x00000000
core   0: 0x80009f88 (0x00008ab9) c.andi  a3, 14
core   0: 0 0x80009f88 (0x8ab9) x13 0x00000000
core   0: 0x80009f8a (0xc68a4b93) xori    s7, s4, -920
core   0: 0 0x80009f8a (0xc68a4b93) x23 0xfffffc08
core   0: 0x80009f8e (0xbe4c3fb7) lui     t6, 0xbe4c3
core   0: 0 0x80009f8e (0xbe4c3fb7) x31 0xbe4c3000
core   0: 0x80009f92 (0x02be2933) mulhsu  s2, t3, a1
core   0: 0 0x80009f92 (0x02be2933) x18 0x00000000
core   0: 0x80009f96 (0x039deb63) bltu    s11, s9, pc + 54
core   0: 0 0x80009f96 (0x039deb63)
core   0: 0x80009fcc (0x03ddd233) divu    tp, s11, t4
core   0: 0 0x80009fcc (0x03ddd233) x4  0x00010000
core   0: 0x80009fd0 (0x00008d35) c.xor   a0, a3
core   0: 0 0x80009fd0 (0x8d35) x10 0x80025ce4
core   0: 0x80009fd2 (0x02f3ac33) mulhsu  s8, t2, a5
core   0: 0 0x80009fd2 (0x02f3ac33) x24 0x00000000
core   0: 0x80009fd6 (0x00004f79) c.li    t5, 30
core   0: 0 0x80009fd6 (0x4f79) x30 0x0000001e
core   0: 0x80009fd8 (0x000084bd) c.srai  s1, 15
core   0: 0 0x80009fd8 (0x84bd) x9  0x00000000
core   0: 0x80009fda (0x0ff0000f) fence   iorw,iorw
core   0: 0 0x80009fda (0x0ff0000f)
core   0: 0x80009fde (0x00008fd5) c.or    a5, a3
core   0: 0 0x80009fde (0x8fd5) x15 0x00000000
core   0: 0x80009fe0 (0x039be163) bltu    s7, s9, pc + 34
core   0: 0 0x80009fe0 (0x039be163)
core   0: 0x80009fe4 (0x00008c85) c.sub   s1, s1
core   0: 0 0x80009fe4 (0x8c85) x9  0x00000000
core   0: 0x80009fe6 (0x21592913) slti    s2, s2, 533
core   0: 0 0x80009fe6 (0x21592913) x18 0x00000001
core   0: 0x80009fea (0x00008041) c.srli  s0, 16
core   0: 0 0x80009fea (0x8041) x8  0x00007ffc
core   0: 0x80009fec (0x03b45763) bge     s0, s11, pc + 46
core   0: 0 0x80009fec (0x03b45763)
core   0: 0x8000a01a (0x0169a6b3) slt     a3, s3, s6
core   0: 0 0x8000a01a (0x0169a6b3) x13 0x00000001
core   0: 0x8000a01e (0x03017f33) remu    t5, sp, a6
core   0: 0 0x8000a01e (0x03017f33) x30 0x00000230
core   0: 0x8000a022 (0x000087bd) c.srai  a5, 15
core   0: 0 0x8000a022 (0x87bd) x15 0x00000000
core   0: 0x8000a024 (0x000014fd) c.addi  s1, -1
core   0: 0 0x8000a024 (0x14fd) x9  0xffffffff
core   0: 0x8000a026 (0x6c19c713) xori    a4, s3, 1729
core   0: 0 0x8000a026 (0x6c19c713) x14 0x80021885
core   0: 0x8000a02a (0x51344ab7) lui     s5, 0x51344
core   0: 0 0x8000a02a (0x51344ab7) x21 0x51344000
core   0: 0x8000a02e (0x0000717d) c.addi16sp sp, -16
core   0: 0 0x8000a02e (0x717d) x2  0x00000220
core   0: 0x8000a030 (0x974b2697) auipc   a3, 0x974b2
core   0: 0 0x8000a030 (0x974b2697) x13 0x174bc030
core   0: 0x8000a034 (0x01c49ab3) sll     s5, s1, t3
core   0: 0 0x8000a034 (0x01c49ab3) x21 0xffffffff
core   0: 0x8000a038 (0x0347aa33) mulhsu  s4, a5, s4
core   0: 0 0x8000a038 (0x0347aa33) x20 0x00000000
core   0: 0x8000a03c (0x007ce663) bltu    s9, t2, pc + 12
core   0: 0 0x8000a03c (0x007ce663)
core   0: 0x8000a040 (0x027d4bb3) div     s7, s10, t2
core   0: 0 0x8000a040 (0x027d4bb3) x23 0x00000000
core   0: 0x8000a044 (0x01b26633) or      a2, tp, s11
core   0: 0 0x8000a044 (0x01b26633) x12 0x80010000
core   0: 0x8000a048 (0x03fd86b3) mul     a3, s11, t6
core   0: 0 0x8000a048 (0x03fd86b3) x13 0x00000000
core   0: 0x8000a04c (0x40ad5333) sra     t1, s10, a0
core   0: 0 0x8000a04c (0x40ad5333) x6  0x00000000
core   0: 0x8000a050 (0x00008ebd) c.xor   a3, a5
core   0: 0 0x8000a050 (0x8ebd) x13 0x00000000
core   0: 0x8000a052 (0x017220b3) slt     ra, tp, s7
core   0: 0 0x8000a052 (0x017220b3) x1  0x00000000
core   0: 0x8000a056 (0x00009f4a) c.add   t5, s2
core   0: 0 0x8000a056 (0x9f4a) x30 0x00000231
core   0: 0x8000a058 (0x01ccec33) or      s8, s9, t3
core   0: 0 0x8000a058 (0x01ccec33) x24 0x80025ce4
core   0: 0x8000a05c (0x01b0c8b3) xor     a7, ra, s11
core   0: 0 0x8000a05c (0x01b0c8b3) x17 0x80000000
core   0: 0x8000a060 (0x29efcb93) xori    s7, t6, 670
core   0: 0 0x8000a060 (0x29efcb93) x23 0xbe4c329e
core   0: 0x8000a064 (0x00008d8d) c.sub   a1, a1
core   0: 0 0x8000a064 (0x8d8d) x11 0x00000000
core   0: 0x8000a066 (0x405fd293) srai    t0, t6, 5
core   0: 0 0x8000a066 (0x405fd293) x5  0xfdf26180
core   0: 0x8000a06a (0x00008d9d) c.sub   a1, a5
core   0: 0 0x8000a06a (0x8d9d) x11 0x00000000
core   0: 0x8000a06c (0x0103d263) bge     t2, a6, pc + 4
core   0: 0 0x8000a06c (0x0103d263)
core   0: 0x8000a070 (0x34a64493) xori    s1, a2, 842
core   0: 0 0x8000a070 (0x34a64493) x9  0x8001034a
core   0: 0x8000a074 (0x0000613d) c.addi16sp sp, 480
core   0: 0 0x8000a074 (0x613d) x2  0x00000400
core   0: 0x8000a076 (0x04029263) bnez    t0, pc + 68
core   0: 0 0x8000a076 (0x04029263)
core   0: 0x8000a0ba (0x94f58593) addi    a1, a1, -1713
core   0: 0 0x8000a0ba (0x94f58593) x11 0xfffff94f
core   0: 0x8000a0be (0x32a74313) xori    t1, a4, 810
core   0: 0 0x8000a0be (0x32a74313) x6  0x80021baf
core   0: 0x8000a0c2 (0x0327b7b3) mulhu   a5, a5, s2
core   0: 0 0x8000a0c2 (0x0327b7b3) x15 0x00000000
core   0: 0x8000a0c6 (0x010a1093) slli    ra, s4, 16
core   0: 0 0x8000a0c6 (0x010a1093) x1  0x00000000
core   0: 0x8000a0ca (0x00000fee) c.slli  t6, 27
core   0: 0 0x8000a0ca (0x0fee) x31 0x00000000
core   0: 0x8000a0cc (0x00001d7d) c.addi  s10, -1
core   0: 0 0x8000a0cc (0x1d7d) x26 0xffffffff
core   0: 0x8000a0ce (0x00005bfd) c.li    s7, -1
core   0: 0 0x8000a0ce (0x5bfd) x23 0xffffffff
core   0: 0x8000a0d0 (0x7986fd13) andi    s10, a3, 1944
core   0: 0 0x8000a0d0 (0x7986fd13) x26 0x00000000
core   0: 0x8000a0d4 (0x00008cf1) c.and   s1, a2
core   0: 0 0x8000a0d4 (0x8cf1) x9  0x80010000
core   0: 0x8000a0d6 (0xcea5d237) lui     tp, 0xcea5d
core   0: 0 0x8000a0d6 (0xcea5d237) x4  0xcea5d000
core   0: 0x8000a0da (0x00008051) c.srli  s0, 20
core   0: 0 0x8000a0da (0x8051) x8  0x00000000
core   0: 0x8000a0dc (0x024bc933) div     s2, s7, tp
core   0: 0 0x8000a0dc (0x024bc933) x18 0x00000000
core   0: 0x8000a0e0 (0x9e5b2913) slti    s2, s6, -1563
core   0: 0 0x8000a0e0 (0x9e5b2913) x18 0x00000000
core   0: 0x8000a0e4 (0x0366ea63) bltu    a3, s6, pc + 52
core   0: 0 0x8000a0e4 (0x0366ea63)
core   0: 0x8000a118 (0x000017fd) c.addi  a5, -1
core   0: 0 0x8000a118 (0x17fd) x15 0xffffffff
core   0: 0x8000a11a (0x69b98e17) auipc   t3, 0x69b98
core   0: 0 0x8000a11a (0x69b98e17) x28 0xe9ba211a
core   0: 0x8000a11e (0x0000c615) c.beqz  a2, pc + 44
core   0: 0 0x8000a11e (0xc615)
core   0: 0x8000a120 (0x03f4f8b3) remu    a7, s1, t6
core   0: 0 0x8000a120 (0x03f4f8b3) x17 0x80010000
core   0: 0x8000a124 (0x03b63633) mulhu   a2, a2, s11
core   0: 0 0x8000a124 (0x03b63633) x12 0x40008000
core   0: 0x8000a128 (0x01781493) slli    s1, a6, 23
core   0: 0 0x8000a128 (0x01781493) x9  0x00000000
core   0: 0x8000a12c (0x008ce733) or      a4, s9, s0
core   0: 0 0x8000a12c (0x008ce733) x14 0x80025ce4
core   0: 0x8000a130 (0x00208233) add     tp, ra, sp
core   0: 0 0x8000a130 (0x00208233) x4  0x00000400
core   0: 0x8000a134 (0x0000928a) c.add   t0, sp
core   0: 0 0x8000a134 (0x928a) x5  0xfdf26580
core   0: 0x8000a136 (0x00008ead) c.xor   a3, a1
core   0: 0 0x8000a136 (0x8ead) x13 0xfffff94f
core   0: 0x8000a138 (0xb78b2813) slti    a6, s6, -1160
core   0: 0 0x8000a138 (0xb78b2813) x16 0x00000000
core   0: 0x8000a13c (0x00fd26b3) slt     a3, s10, a5
core   0: 0 0x8000a13c (0x00fd26b3) x13 0x00000000
core   0: 0x8000a140 (0x03cb4433) div     s0, s6, t3
core   0: 0 0x8000a140 (0x03cb4433) x8  0x00000000
core   0: 0x8000a144 (0x00000925) c.addi  s2, 9
core   0: 0 0x8000a144 (0x0925) x18 0x00000009
core   0: 0x8000a146 (0x00258833) add     a6, a1, sp
core   0: 0 0x8000a146 (0x00258833) x16 0xfffffd4f
core   0: 0x8000a14a (0x03bd21b3) mulhsu  gp, s10, s11
core   0: 0 0x8000a14a (0x03bd21b3) x3  0x00000000
core   0: 0x8000a14e (0xb602a493) slti    s1, t0, -1184
core   0: 0 0x8000a14e (0xb602a493) x9  0x00000001
core   0: 0x8000a152 (0xcf459f37) lui     t5, 0xcf459
core   0: 0 0x8000a152 (0xcf459f37) x30 0xcf459000
core   0: 0x8000a156 (0x00004875) c.li    a6, 29
core   0: 0 0x8000a156 (0x4875) x16 0x0000001d
core   0: 0x8000a158 (0x02594d33) div     s10, s2, t0
core   0: 0 0x8000a158 (0x02594d33) x26 0x00000000
core   0: 0x8000a15c (0x1d06e213) ori     tp, a3, 464
core   0: 0 0x8000a15c (0x1d06e213) x4  0x000001d0
core   0: 0x8000a160 (0x0000cb9d) c.beqz  a5, pc + 54
core   0: 0 0x8000a160 (0xcb9d)
core   0: 0x8000a162 (0x00000001) c.nop
core   0: 0 0x8000a162 (0x0001)
core   0: 0x8000a164 (0x00006115) c.addi16sp sp, 288
core   0: 0 0x8000a164 (0x6115) x2  0x00000520
core   0: 0x8000a166 (0x00000001) c.nop
core   0: 0 0x8000a166 (0x0001)
core   0: 0x8000a168 (0x40d95413) srai    s0, s2, 13
core   0: 0 0x8000a168 (0x40d95413) x8  0x00000000
core   0: 0x8000a16c (0xb9837e93) andi    t4, t1, -1128
core   0: 0 0x8000a16c (0xb9837e93) x29 0x80021b88
core   0: 0x8000a170 (0x001ad333) srl     t1, s5, ra
core   0: 0 0x8000a170 (0x001ad333) x6  0xffffffff
core   0: 0x8000a174 (0x03f4e133) rem     sp, s1, t6
core   0: 0 0x8000a174 (0x03f4e133) x2  0x00000001
core   0: 0x8000a178 (0x00574833) xor     a6, a4, t0
core   0: 0 0x8000a178 (0x00574833) x16 0x7df03964
core   0: 0x8000a17c (0x003b1a13) slli    s4, s6, 3
core   0: 0 0x8000a17c (0x003b1a13) x20 0x00001180
core   0: 0x8000a180 (0x40ab5d13) srai    s10, s6, 10
core   0: 0 0x8000a180 (0x40ab5d13) x26 0x00000000
core   0: 0x8000a184 (0x0889d3b7) lui     t2, 0x889d
core   0: 0 0x8000a184 (0x0889d3b7) x7  0x0889d000
core   0: 0x8000a188 (0x0226cab3) div     s5, a3, sp
core   0: 0 0x8000a188 (0x0226cab3) x21 0x00000000
core   0: 0x8000a18c (0x0356ffb3) remu    t6, a3, s5
core   0: 0 0x8000a18c (0x0356ffb3) x31 0x00000000
core   0: 0x8000a190 (0x0000c801) c.beqz  s0, pc + 16
core   0: 0 0x8000a190 (0xc801)
core   0: 0x8000a1a0 (0x13a9f397) auipc   t2, 0x13a9f
core   0: 0 0x8000a1a0 (0x13a9f397) x7  0x93aa91a0
core   0: 0x8000a1a4 (0x0000100f) fence.i
core   0: 0 0x8000a1a4 (0x0000100f)
core   0: 0x8000a1a8 (0x00008ccd) c.or    s1, a1
core   0: 0 0x8000a1a8 (0x8ccd) x9  0xfffff94f
core   0: 0x8000a1aa (0xace3e693) ori     a3, t2, -1330
core   0: 0 0x8000a1aa (0xace3e693) x13 0xfffffbee
core   0: 0x8000a1ae (0x022002b3) mul     t0, zero, sp
core   0: 0 0x8000a1ae (0x022002b3) x5  0x00000000
core   0: 0x8000a1b2 (0x028fd8b3) divu    a7, t6, s0
core   0: 0 0x8000a1b2 (0x028fd8b3) x17 0xffffffff
core   0: 0x8000a1b6 (0x00e353b3) srl     t2, t1, a4
core   0: 0 0x8000a1b6 (0x00e353b3) x7  0x0fffffff
core   0: 0x8000a1ba (0x01302c33) slt     s8, zero, s3
core   0: 0 0x8000a1ba (0x01302c33) x24 0x00000000
core   0: 0x8000a1be (0x01311eb3) sll     t4, sp, s3
core   0: 0 0x8000a1be (0x01311eb3) x29 0x00000010
core   0: 0x8000a1c2 (0x02f565b3) rem     a1, a0, a5
core   0: 0 0x8000a1c2 (0x02f565b3) x11 0x00000000
core   0: 0x8000a1c6 (0x000081fd) c.srli  a1, 31
core   0: 0 0x8000a1c6 (0x81fd) x11 0x00000000
core   0: 0x8000a1c8 (0x00008611) c.srai  a2, 4
core   0: 0 0x8000a1c8 (0x8611) x12 0x04000800
core   0: 0x8000a1ca (0x00008c41) c.or    s0, s0
core   0: 0 0x8000a1ca (0x8c41) x8  0x00000000
core   0: 0x8000a1cc (0x00000001) c.nop
core   0: 0 0x8000a1cc (0x0001)
core   0: 0x8000a1ce (0x00000001) c.nop
core   0: 0 0x8000a1ce (0x0001)
core   0: 0x8000a1d0 (0x02d78833) mul     a6, a5, a3
core   0: 0 0x8000a1d0 (0x02d78833) x16 0x00000412
core   0: 0x8000a1d4 (0x416c0833) sub     a6, s8, s6
core   0: 0 0x8000a1d4 (0x416c0833) x16 0xfffffdd0
core   0: 0x8000a1d8 (0x6b734517) auipc   a0, 0x6b734
core   0: 0 0x8000a1d8 (0x6b734517) x10 0xeb73e1d8
core   0: 0x8000a1dc (0x032b7733) remu    a4, s6, s2
core   0: 0 0x8000a1dc (0x032b7733) x14 0x00000002
core   0: 0x8000a1e0 (0x03f70263) beq     a4, t6, pc + 36
core   0: 0 0x8000a1e0 (0x03f70263)
core   0: 0x8000a1e4 (0x025aaa33) mulhsu  s4, s5, t0
core   0: 0 0x8000a1e4 (0x025aaa33) x20 0x00000000
core   0: 0x8000a1e8 (0x0000857d) c.srai  a0, 31
core   0: 0 0x8000a1e8 (0x857d) x10 0xffffffff
core   0: 0x8000a1ea (0x5718d117) auipc   sp, 0x5718d
core   0: 0 0x8000a1ea (0x5718d117) x2  0xd71971ea
core   0: 0x8000a1ee (0x00006105) c.addi16sp sp, 32
core   0: 0 0x8000a1ee (0x6105) x2  0xd719720a
core   0: 0x8000a1f0 (0x00c702b3) add     t0, a4, a2
core   0: 0 0x8000a1f0 (0x00c702b3) x5  0x04000802
core   0: 0x8000a1f4 (0x000099fd) c.andi  a1, -1
core   0: 0 0x8000a1f4 (0x99fd) x11 0x00000000
core   0: 0x8000a1f6 (0x02fa4033) div     zero, s4, a5
core   0: 0 0x8000a1f6 (0x02fa4033)
core   0: 0x8000a1fa (0x00000096) c.slli  ra, 5
core   0: 0 0x8000a1fa (0x0096) x1  0x00000000
core   0: 0x8000a1fc (0x4219a313) slti    t1, s3, 1057
core   0: 0 0x8000a1fc (0x4219a313) x6  0x00000001
core   0: 0x8000a200 (0x00ed1413) slli    s0, s10, 14
core   0: 0 0x8000a200 (0x00ed1413) x8  0x00000000
core   0: 0x8000a204 (0x000fa6b3) slt     a3, t6, zero
core   0: 0 0x8000a204 (0x000fa6b3) x13 0x00000000
core   0: 0x8000a208 (0x00008f09) c.sub   a4, a0
core   0: 0 0x8000a208 (0x8f09) x14 0x00000003
core   0: 0x8000a20a (0x01f75193) srli    gp, a4, 31
core   0: 0 0x8000a20a (0x01f75193) x3  0x00000000
core   0: 0x8000a20e (0x00008331) c.srli  a4, 12
core   0: 0 0x8000a20e (0x8331) x14 0x00000000
core   0: 0x8000a210 (0x03fd43b3) div     t2, s10, t6
core   0: 0 0x8000a210 (0x03fd43b3) x7  0xffffffff
core   0: 0x8000a214 (0x000088bd) c.andi  s1, 15
core   0: 0 0x8000a214 (0x88bd) x9  0x0000000f
core   0: 0x8000a216 (0x0000100f) fence.i
core   0: 0 0x8000a216 (0x0000100f)
core   0: 0x8000a21a (0x02a12d33) mulhsu  s10, sp, a0
core   0: 0 0x8000a21a (0x02a12d33) x26 0xd719720a
core   0: 0x8000a21e (0x00000001) c.nop
core   0: 0 0x8000a21e (0x0001)
core   0: 0x8000a220 (0x00008f51) c.or    a4, a2
core   0: 0 0x8000a220 (0x8f51) x14 0x04000800
core   0: 0x8000a222 (0x029722b3) mulhsu  t0, a4, s1
core   0: 0 0x8000a222 (0x029722b3) x5  0x00000000
core   0: 0x8000a226 (0x0000974a) c.add   a4, s2
core   0: 0 0x8000a226 (0x974a) x14 0x04000809
core   0: 0x8000a228 (0x01a8b833) sltu    a6, a7, s10
core   0: 0 0x8000a228 (0x01a8b833) x16 0x00000000
core   0: 0x8000a22c (0x012cf633) and     a2, s9, s2
core   0: 0 0x8000a22c (0x012cf633) x12 0x00000000
core   0: 0x8000a230 (0x03c3ab33) mulhsu  s6, t2, t3
core   0: 0 0x8000a230 (0x03c3ab33) x22 0xffffffff
core   0: 0x8000a234 (0x005d9c33) sll     s8, s11, t0
core   0: 0 0x8000a234 (0x005d9c33) x24 0x80000000
core   0: 0x8000a238 (0x00e31e33) sll     t3, t1, a4
core   0: 0 0x8000a238 (0x00e31e33) x28 0x00000200
core   0: 0x8000a23c (0x00008ec9) c.or    a3, a0
core   0: 0 0x8000a23c (0x8ec9) x13 0xffffffff
core   0: 0x8000a23e (0x0000032a) c.slli  t1, 10
core   0: 0 0x8000a23e (0x032a) x6  0x00000400
core   0: 0x8000a240 (0x0287b833) mulhu   a6, a5, s0
core   0: 0 0x8000a240 (0x0287b833) x16 0x00000000
core   0: 0x8000a244 (0x02cc94b3) mulh    s1, s9, a2
core   0: 0 0x8000a244 (0x02cc94b3) x9  0x00000000
core   0: 0x8000a248 (0x010fd113) srli    sp, t6, 16
core   0: 0 0x8000a248 (0x010fd113) x2  0x00000000
core   0: 0x8000a24c (0x023690b3) mulh    ra, a3, gp
core   0: 0 0x8000a24c (0x023690b3) x1  0x00000000
core   0: 0x8000a250 (0x00000001) c.nop
core   0: 0 0x8000a250 (0x0001)
core   0: 0x8000a252 (0x05998063) beq     s3, s9, pc + 64
core   0: 0 0x8000a252 (0x05998063)
core   0: 0x8000a256 (0x000003de) c.slli  t2, 23
core   0: 0 0x8000a256 (0x03de) x7  0xff800000
core   0: 0x8000a258 (0x00fdf633) and     a2, s11, a5
core   0: 0 0x8000a258 (0x00fdf633) x12 0x80000000
core   0: 0x8000a25c (0x00008ce9) c.and   s1, a0
core   0: 0 0x8000a25c (0x8ce9) x9  0x00000000
core   0: 0x8000a25e (0x02065d33) divu    s10, a2, zero
core   0: 0 0x8000a25e (0x02065d33) x26 0xffffffff
core   0: 0x8000a262 (0x03e89c33) mulh    s8, a7, t5
core   0: 0 0x8000a262 (0x03e89c33) x24 0x00000000
core   0: 0x8000a266 (0x000061c1) c.lui   gp, 0x10
core   0: 0 0x8000a266 (0x61c1) x3  0x00010000
core   0: 0x8000a268 (0x00c69f93) slli    t6, a3, 12
core   0: 0 0x8000a268 (0x00c69f93) x31 0xfffff000
core   0: 0x8000a26c (0xa492fa13) andi    s4, t0, -1463
core   0: 0 0x8000a26c (0xa492fa13) x20 0x00000000
core   0: 0x8000a270 (0x013c56b3) srl     a3, s8, s3
core   0: 0 0x8000a270 (0x013c56b3) x13 0x00000000
core   0: 0x8000a274 (0x005bd833) srl     a6, s7, t0
core   0: 0 0x8000a274 (0x005bd833) x16 0xffffffff
core   0: 0x8000a278 (0x40bfdf93) srai    t6, t6, 11
core   0: 0 0x8000a278 (0x40bfdf93) x31 0xfffffffe
core   0: 0x8000a27c (0x2f025737) lui     a4, 0x2f025
core   0: 0 0x8000a27c (0x2f025737) x14 0x2f025000
core   0: 0x8000a280 (0x00009afd) c.andi  a3, -1
core   0: 0 0x8000a280 (0x9afd) x13 0x00000000
core   0: 0x8000a282 (0x02318933) mul     s2, gp, gp
core   0: 0 0x8000a282 (0x02318933) x18 0x00000000
core   0: 0x8000a286 (0x90cba313) slti    t1, s7, -1780
core   0: 0 0x8000a286 (0x90cba313) x6  0x00000000
core   0: 0x8000a28a (0x01f53333) sltu    t1, a0, t6
core   0: 0 0x8000a28a (0x01f53333) x6  0x00000000
core   0: 0x8000a28e (0x4c59f813) andi    a6, s3, 1221
core   0: 0 0x8000a28e (0x4c59f813) x16 0x00000444
core   0: 0x8000a292 (0x03bce4b3) rem     s1, s9, s11
core   0: 0 0x8000a292 (0x03bce4b3) x9  0x80025ce4
core   0: 0x8000a296 (0xb2427b13) andi    s6, tp, -1244
core   0: 0 0x8000a296 (0xb2427b13) x22 0x00000100
core   0: 0x8000a29a (0x00f3f7b3) and     a5, t2, a5
core   0: 0 0x8000a29a (0x00f3f7b3) x15 0xff800000
core   0: 0x8000a29e (0x00008d19) c.sub   a0, a4
core   0: 0 0x8000a29e (0x8d19) x10 0xd0fdafff
core   0: 0x8000a2a0 (0x00006609) c.lui   a2, 0x2
core   0: 0 0x8000a2a0 (0x6609) x12 0x00002000
core   0: 0x8000a2a2 (0x00e5d813) srli    a6, a1, 14
core   0: 0 0x8000a2a2 (0x00e5d813) x16 0x00000000
core   0: 0x8000a2a6 (0x000014fd) c.addi  s1, -1
core   0: 0 0x8000a2a6 (0x14fd) x9  0x80025ce3
core   0: 0x8000a2a8 (0x00008c49) c.or    s0, a0
core   0: 0 0x8000a2a8 (0x8c49) x8  0xd0fdafff
core   0: 0x8000a2aa (0x03d0e033) rem     zero, ra, t4
core   0: 0 0x8000a2aa (0x03d0e033)
core   0: 0x8000a2ae (0x00001b08) c.addi4spn a0, sp, 432
core   0: 0 0x8000a2ae (0x1b08) x10 0x000001b0
core   0: 0x8000a2b0 (0x00b37133) and     sp, t1, a1
core   0: 0 0x8000a2b0 (0x00b37133) x2  0x00000000
core   0: 0x8000a2b4 (0x6073fab7) lui     s5, 0x6073f
core   0: 0 0x8000a2b4 (0x6073fab7) x21 0x6073f000
core   0: 0x8000a2b8 (0x02ccea33) rem     s4, s9, a2
core   0: 0 0x8000a2b8 (0x02ccea33) x20 0xfffffce4
core   0: 0x8000a2bc (0x040c1063) bnez    s8, pc + 64
core   0: 0 0x8000a2bc (0x040c1063)
core   0: 0x8000a2c0 (0x0000e399) c.bnez  a5, pc + 6
core   0: 0 0x8000a2c0 (0xe399)
core   0: 0x8000a2c6 (0x0000100f) fence.i
core   0: 0 0x8000a2c6 (0x0000100f)
core   0: 0x8000a2ca (0x00bf5813) srli    a6, t5, 11
core   0: 0 0x8000a2ca (0x00bf5813) x16 0x0019e8b2
core   0: 0x8000a2ce (0x0000486d) c.li    a6, 27
core   0: 0 0x8000a2ce (0x486d) x16 0x0000001b
core   0: 0x8000a2d0 (0x00006a7d) c.lui   s4, 0x1f
core   0: 0 0x8000a2d0 (0x6a7d) x20 0x0001f000
core   0: 0x8000a2d2 (0x00085863) bgez    a6, pc + 16
core   0: 0 0x8000a2d2 (0x00085863)
core   0: 0x8000a2e2 (0x01639d13) slli    s10, t2, 22
core   0: 0 0x8000a2e2 (0x01639d13) x26 0x00000000
core   0: 0x8000a2e6 (0x0162c4b3) xor     s1, t0, s6
core   0: 0 0x8000a2e6 (0x0162c4b3) x9  0x00000100
core   0: 0x8000a2ea (0x000001c5) c.addi  gp, 17
core   0: 0 0x8000a2ea (0x01c5) x3  0x00010011
core   0: 0x8000a2ec (0x4093d8b3) sra     a7, t2, s1
core   0: 0 0x8000a2ec (0x4093d8b3) x17 0xff800000
core   0: 0x8000a2f0 (0x001c0933) add     s2, s8, ra
core   0: 0 0x8000a2f0 (0x001c0933) x18 0x00000000
core   0: 0x8000a2f4 (0x04c8e163) bltu    a7, a2, pc + 66
core   0: 0 0x8000a2f4 (0x04c8e163)
core   0: 0x8000a2f8 (0x86a36213) ori     tp, t1, -1942
core   0: 0 0x8000a2f8 (0x86a36213) x4  0xfffff86a
core   0: 0x8000a2fc (0xdd494813) xori    a6, s2, -556
core   0: 0 0x8000a2fc (0xdd494813) x16 0xfffffdd4
core   0: 0x8000a300 (0x0000577d) c.li    a4, -1
core   0: 0 0x8000a300 (0x577d) x14 0xffffffff
core   0: 0x8000a302 (0x01fc8a33) add     s4, s9, t6
core   0: 0 0x8000a302 (0x01fc8a33) x20 0x80025ce2
core   0: 0x8000a306 (0x528a3113) sltiu   sp, s4, 1320
core   0: 0 0x8000a306 (0x528a3113) x2  0x00000000
core   0: 0x8000a30a (0x0002fa63) bgeu    t0, zero, pc + 20
core   0: 0 0x8000a30a (0x0002fa63)
core   0: 0x8000a31e (0x0ff0000f) fence   iorw,iorw
core   0: 0 0x8000a31e (0x0ff0000f)
core   0: 0x8000a322 (0x01306a33) or      s4, zero, s3
core   0: 0 0x8000a322 (0x01306a33) x20 0x80021e44
core   0: 0x8000a326 (0x010b4933) xor     s2, s6, a6
core   0: 0 0x8000a326 (0x010b4933) x18 0xfffffcd4
core   0: 0x8000a32a (0x001803b3) add     t2, a6, ra
core   0: 0 0x8000a32a (0x001803b3) x7  0xfffffdd4
core   0: 0x8000a32e (0x02b78663) beq     a5, a1, pc + 44
core   0: 0 0x8000a32e (0x02b78663)
core   0: 0x8000a332 (0x0041d213) srli    tp, gp, 4
core   0: 0 0x8000a332 (0x0041d213) x4  0x00001001
core   0: 0x8000a336 (0x00b59f13) slli    t5, a1, 11
core   0: 0 0x8000a336 (0x00b59f13) x30 0x00000000
core   0: 0x8000a33a (0x00008011) c.srli  s0, 4
core   0: 0 0x8000a33a (0x8011) x8  0x0d0fdaff
core   0: 0x8000a33c (0x01ff6e63) bltu    t5, t6, pc + 28
core   0: 0 0x8000a33c (0x01ff6e63)
core   0: 0x8000a358 (0x0000cc85) c.beqz  s1, pc + 56
core   0: 0 0x8000a358 (0xcc85)
core   0: 0x8000a35a (0x00006119) c.addi16sp sp, 384
core   0: 0 0x8000a35a (0x6119) x2  0x00000180
core   0: 0x8000a35c (0x00508833) add     a6, ra, t0
core   0: 0 0x8000a35c (0x00508833) x16 0x00000000
core   0: 0x8000a360 (0x0052df13) srli    t5, t0, 5
core   0: 0 0x8000a360 (0x0052df13) x30 0x00000000
core   0: 0x8000a364 (0x0196a233) slt     tp, a3, s9
core   0: 0 0x8000a364 (0x0196a233) x4  0x00000000
core   0: 0x8000a368 (0x00d60763) beq     a2, a3, pc + 14
core   0: 0 0x8000a368 (0x00d60763)
core   0: 0x8000a36c (0x0ff0000f) fence   iorw,iorw
core   0: 0 0x8000a36c (0x0ff0000f)
core   0: 0x8000a370 (0x00005b7d) c.li    s6, -1
core   0: 0 0x8000a370 (0x5b7d) x22 0xffffffff
core   0: 0x8000a372 (0x00008191) c.srli  a1, 4
core   0: 0 0x8000a372 (0x8191) x11 0x00000000
core   0: 0x8000a374 (0x00008d31) c.xor   a0, a2
core   0: 0 0x8000a374 (0x8d31) x10 0x000021b0
core   0: 0x8000a376 (0x0000813d) c.srli  a0, 15
core   0: 0 0x8000a376 (0x813d) x10 0x00000000
core   0: 0x8000a378 (0x03fc47b3) div     a5, s8, t6
core   0: 0 0x8000a378 (0x03fc47b3) x15 0x00000000
core   0: 0x8000a37c (0x0000069e) c.slli  a3, 7
core   0: 0 0x8000a37c (0x069e) x13 0x00000000
core   0: 0x8000a37e (0x0ff0000f) fence   iorw,iorw
core   0: 0 0x8000a37e (0x0ff0000f)
core   0: 0x8000a382 (0x018cc963) blt     s9, s8, pc + 18
core   0: 0 0x8000a382 (0x018cc963)
core   0: 0x8000a394 (0x410405b3) sub     a1, s0, a6
core   0: 0 0x8000a394 (0x410405b3) x11 0x0d0fdaff
core   0: 0x8000a398 (0x005ed313) srli    t1, t4, 5
core   0: 0 0x8000a398 (0x005ed313) x6  0x00000000
core   0: 0x8000a39c (0x0000071c) c.addi4spn a5, sp, 896
core   0: 0 0x8000a39c (0x071c) x15 0x00000500
core   0: 0x8000a39e (0x01d43533) sltu    a0, s0, t4
core   0: 0 0x8000a39e (0x01d43533) x10 0x00000000
core   0: 0x8000a3a2 (0x000007ea) c.slli  a5, 26
core   0: 0 0x8000a3a2 (0x07ea) x15 0x00000000
core   0: 0x8000a3a4 (0x00008391) c.srli  a5, 4
core   0: 0 0x8000a3a4 (0x8391) x15 0x00000000
core   0: 0x8000a3a6 (0x05080163) beq     a6, a6, pc + 66
core   0: 0 0x8000a3a6 (0x05080163)
core   0: 0x8000a3e8 (0x00d08733) add     a4, ra, a3
core   0: 0 0x8000a3e8 (0x00d08733) x14 0x00000000
core   0: 0x8000a3ec (0x00b89e63) bne     a7, a1, pc + 28
core   0: 0 0x8000a3ec (0x00b89e63)
core   0: 0x8000a408 (0x00009236) c.add   tp, a3
core   0: 0 0x8000a408 (0x9236) x4  0x00000000
core   0: 0x8000a40a (0x03440363) beq     s0, s4, pc + 38
core   0: 0 0x8000a40a (0x03440363)
core   0: 0x8000a40e (0x0292a5b3) mulhsu  a1, t0, s1
core   0: 0 0x8000a40e (0x0292a5b3) x11 0x00000000
core   0: 0x8000a412 (0x00001488) c.addi4spn a0, sp, 608
core   0: 0 0x8000a412 (0x1488) x10 0x000003e0
core   0: 0x8000a414 (0x2f960b93) addi    s7, a2, 761
core   0: 0 0x8000a414 (0x2f960b93) x23 0x000022f9
core   0: 0x8000a418 (0x00009c4e) c.add   s8, s3
core   0: 0 0x8000a418 (0x9c4e) x24 0x80021e44
core   0: 0x8000a41a (0x40985793) srai    a5, a6, 9
core   0: 0 0x8000a41a (0x40985793) x15 0x00000000
core   0: 0x8000a41e (0x028bc7b3) div     a5, s7, s0
core   0: 0 0x8000a41e (0x028bc7b3) x15 0x00000000
core   0: 0x8000a422 (0xb918a293) slti    t0, a7, -1135
core   0: 0 0x8000a422 (0xb918a293) x5  0x00000001
core   0: 0x8000a426 (0x01ab1c33) sll     s8, s6, s10
core   0: 0 0x8000a426 (0x01ab1c33) x24 0xffffffff
core   0: 0x8000a42a (0x0278d033) divu    zero, a7, t2
core   0: 0 0x8000a42a (0x0278d033)
core   0: 0x8000a42e (0x00008092) c.mv    ra, tp
core   0: 0 0x8000a42e (0x8092) x1  0x00000000
core   0: 0x8000a430 (0x0017b8b3) sltu    a7, a5, ra
core   0: 0 0x8000a430 (0x0017b8b3) x17 0x00000000
core   0: 0x8000a434 (0x0000117d) c.addi  sp, -1
core   0: 0 0x8000a434 (0x117d) x2  0x0000017f
core   0: 0x8000a436 (0x02aa2ab3) mulhsu  s5, s4, a0
core   0: 0 0x8000a436 (0x02aa2ab3) x21 0xfffffe10
core   0: 0x8000a43a (0x000081d9) c.srli  a1, 22
core   0: 0 0x8000a43a (0x81d9) x11 0x00000000
core   0: 0x8000a43c (0x003a72b3) and     t0, s4, gp
core   0: 0 0x8000a43c (0x003a72b3) x5  0x00000000
core   0: 0x8000a440 (0xa536b413) sltiu   s0, a3, -1453
core   0: 0 0x8000a440 (0xa536b413) x8  0x00000001
core   0: 0x8000a444 (0x00008ccd) c.or    s1, a1
core   0: 0 0x8000a444 (0x8ccd) x9  0x00000100
core   0: 0x8000a446 (0xa35a2713) slti    a4, s4, -1483
core   0: 0 0x8000a446 (0xa35a2713) x14 0x00000001
core   0: 0x8000a44a (0x021c6a33) rem     s4, s8, ra
core   0: 0 0x8000a44a (0x021c6a33) x20 0xffffffff
core   0: 0x8000a44e (0x0278f5b3) remu    a1, a7, t2
core   0: 0 0x8000a44e (0x0278f5b3) x11 0x00000000
core   0: 0x8000a452 (0x000001dd) c.addi  gp, 23
core   0: 0 0x8000a452 (0x01dd) x3  0x00010028
core   0: 0x8000a454 (0x00009816) c.add   a6, t0
core   0: 0 0x8000a454 (0x9816) x16 0x00000000
core   0: 0x8000a456 (0x036d16b3) mulh    a3, s10, s6
core   0: 0 0x8000a456 (0x036d16b3) x13 0x00000000
core   0: 0x8000a45a (0x00000c10) c.addi4spn a2, sp, 528
core   0: 0 0x8000a45a (0x0c10) x12 0x0000038f
core   0: 0x8000a45c (0x05971063) bne     a4, s9, pc + 64
core   0: 0 0x8000a45c (0x05971063)
core   0: 0x8000a49c (0x2141cc17) auipc   s8, 0x2141c
core   0: 0 0x8000a49c (0x2141cc17) x24 0xa142649c
core   0: 0x8000a4a0 (0x0000100f) fence.i
core   0: 0 0x8000a4a0 (0x0000100f)
core   0: 0x8000a4a4 (0x00008009) c.srli  s0, 2
core   0: 0 0x8000a4a4 (0x8009) x8  0x00000000
core   0: 0x8000a4a6 (0x0390b833) mulhu   a6, ra, s9
core   0: 0 0x8000a4a6 (0x0390b833) x16 0x00000000
core   0: 0x8000a4aa (0x00001d7d) c.addi  s10, -1
core   0: 0 0x8000a4aa (0x1d7d) x26 0xffffffff
core   0: 0x8000a4ac (0x010fb933) sltu    s2, t6, a6
core   0: 0 0x8000a4ac (0x010fb933) x18 0x00000000
core   0: 0x8000a4b0 (0x00008df5) c.and   a1, a3
core   0: 0 0x8000a4b0 (0x8df5) x11 0x00000000
core   0: 0x8000a4b2 (0x0ff0000f) fence   iorw,iorw
core   0: 0 0x8000a4b2 (0x0ff0000f)
core   0: 0x8000a4b6 (0x0366ceb3) div     t4, a3, s6
core   0: 0 0x8000a4b6 (0x0366ceb3) x29 0x00000000
core   0: 0x8000a4ba (0x00000001) c.nop
core   0: 0 0x8000a4ba (0x0001)
core   0: 0x8000a4bc (0x0ff0000f) fence   iorw,iorw
core   0: 0 0x8000a4bc (0x0ff0000f)
core   0: 0x8000a4c0 (0x000003a6) c.slli  t2, 9
core   0: 0 0x8000a4c0 (0x03a6) x7  0xfffba800
core   0: 0x8000a4c2 (0x000094ba) c.add   s1, a4
core   0: 0 0x8000a4c2 (0x94ba) x9  0x00000101
core   0: 0x8000a4c4 (0x0135fe33) and     t3, a1, s3
core   0: 0 0x8000a4c4 (0x0135fe33) x28 0x00000000
core   0: 0x8000a4c8 (0x00009a9a) c.add   s5, t1
core   0: 0 0x8000a4c8 (0x9a9a) x21 0xfffffe10
core   0: 0x8000a4ca (0x03d051b3) divu    gp, zero, t4
core   0: 0 0x8000a4ca (0x03d051b3) x3  0xffffffff
core   0: 0x8000a4ce (0x000098fd) c.andi  s1, -1
core   0: 0 0x8000a4ce (0x98fd) x9  0x00000101
core   0: 0x8000a4d0 (0x0000717d) c.addi16sp sp, -16
core   0: 0 0x8000a4d0 (0x717d) x2  0x0000016f
core   0: 0x8000a4d2 (0x024d7163) bgeu    s10, tp, pc + 34
core   0: 0 0x8000a4d2 (0x024d7163)
core   0: 0x8000a4f4 (0x2b73e113) ori     sp, t2, 695
core   0: 0 0x8000a4f4 (0x2b73e113) x2  0xfffbaab7
core   0: 0x8000a4f8 (0x00b70463) beq     a4, a1, pc + 8
core   0: 0 0x8000a4f8 (0x00b70463)
core   0: 0x8000a4fc (0x01c57d33) and     s10, a0, t3
core   0: 0 0x8000a4fc (0x01c57d33) x26 0x00000000
core   0: 0x8000a500 (0x039c5363) bge     s8, s9, pc + 38
core   0: 0 0x8000a500 (0x039c5363)
core   0: 0x8000a526 (0x0000177d) c.addi  a4, -1
core   0: 0 0x8000a526 (0x177d) x14 0x00000000
core   0: 0x8000a528 (0x00008975) c.andi  a0, 29
core   0: 0 0x8000a528 (0x8975) x10 0x00000000
core   0: 0x8000a52a (0x00008a5d) c.andi  a2, 23
core   0: 0 0x8000a52a (0x8a5d) x12 0x00000007
core   0: 0x8000a52c (0x01ee8c13) addi    s8, t4, 30
core   0: 0 0x8000a52c (0x01ee8c13) x24 0x0000001e
core   0: 0x8000a530 (0x028ae8b3) rem     a7, s5, s0
core   0: 0 0x8000a530 (0x028ae8b3) x17 0xfffffe10
core   0: 0x8000a534 (0x024dc1b3) div     gp, s11, tp
core   0: 0 0x8000a534 (0x024dc1b3) x3  0xffffffff
core   0: 0x8000a538 (0x035e66b3) rem     a3, t3, s5
core   0: 0 0x8000a538 (0x035e66b3) x13 0x00000000
core   0: 0x8000a53c (0x024df1b3) remu    gp, s11, tp
core   0: 0 0x8000a53c (0x024df1b3) x3  0x80000000
core   0: 0x8000a540 (0x00000a88) c.addi4spn a0, sp, 336
core   0: 0 0x8000a540 (0x0a88) x10 0xfffbac07
core   0: 0x8000a542 (0x409b5333) sra     t1, s6, s1
core   0: 0 0x8000a542 (0x409b5333) x6  0xffffffff
core   0: 0x8000a546 (0x401281b3) sub     gp, t0, ra
core   0: 0 0x8000a546 (0x401281b3) x3  0x00000000
core   0: 0x8000a54a (0x00008eed) c.and   a3, a1
core   0: 0 0x8000a54a (0x8eed) x13 0x00000000
core   0: 0x8000a54c (0x01fc6bb3) or      s7, s8, t6
core   0: 0 0x8000a54c (0x01fc6bb3) x23 0xfffffffe
core   0: 0x8000a550 (0x000053fd) c.li    t2, -1
core   0: 0 0x8000a550 (0x53fd) x7  0xffffffff
core   0: 0x8000a552 (0x0414f063) bgeu    s1, ra, pc + 64
core   0: 0 0x8000a552 (0x0414f063)
core   0: 0x8000a592 (0x02a247b3) div     a5, tp, a0
core   0: 0 0x8000a592 (0x02a247b3) x15 0x00000000
core   0: 0x8000a596 (0x00a8f633) and     a2, a7, a0
core   0: 0 0x8000a596 (0x00a8f633) x12 0xfffbac00
core   0: 0x8000a59a (0x2084a193) slti    gp, s1, 520
core   0: 0 0x8000a59a (0x2084a193) x3  0x00000001
core   0: 0x8000a59e (0x00001604) c.addi4spn s1, sp, 800
core   0: 0 0x8000a59e (0x1604) x9  0xfffbadd7
core   0: 0x8000a5a0 (0x0000c71d) c.beqz  a4, pc + 46
core   0: 0 0x8000a5a0 (0xc71d)
core   0: 0x8000a5ce (0x4149dc33) sra     s8, s3, s4
core   0: 0 0x8000a5ce (0x4149dc33) x24 0xffffffff
core   0: 0x8000a5d2 (0x00008f05) c.sub   a4, s1
core   0: 0 0x8000a5d2 (0x8f05) x14 0x00045229
core   0: 0x8000a5d4 (0x0176deb3) srl     t4, a3, s7
core   0: 0 0x8000a5d4 (0x0176deb3) x29 0x00000000
core   0: 0x8000a5d8 (0x0334ea63) bltu    s1, s3, pc + 52
core   0: 0 0x8000a5d8 (0x0334ea63)
core   0: 0x8000a5dc (0xa965c417) auipc   s0, 0xa965c
core   0: 0 0x8000a5dc (0xa965c417) x8  0x296665dc
core   0: 0x8000a5e0 (0x00008f75) c.and   a4, a3
core   0: 0 0x8000a5e0 (0x8f75) x14 0x00000000
core   0: 0x8000a5e2 (0x011cd613) srli    a2, s9, 17
core   0: 0 0x8000a5e2 (0x011cd613) x12 0x00004001
core   0: 0x8000a5e6 (0x00c91493) slli    s1, s2, 12
core   0: 0 0x8000a5e6 (0x00c91493) x9  0x00000000
core   0: 0x8000a5ea (0xd0277e37) lui     t3, 0xd0277
core   0: 0 0x8000a5ea (0xd0277e37) x28 0xd0277000
core   0: 0x8000a5ee (0x03e51bb3) mulh    s7, a0, t5
core   0: 0 0x8000a5ee (0x03e51bb3) x23 0x00000000
core   0: 0x8000a5f2 (0x030501b3) mul     gp, a0, a6
core   0: 0 0x8000a5f2 (0x030501b3) x3  0x00000000
core   0: 0x8000a5f6 (0x40c68533) sub     a0, a3, a2
core   0: 0 0x8000a5f6 (0x40c68533) x10 0xffffbfff
core   0: 0x8000a5fa (0x00004639) c.li    a2, 14
core   0: 0 0x8000a5fa (0x4639) x12 0x0000000e
core   0: 0x8000a5fc (0x0ff0000f) fence   iorw,iorw
core   0: 0 0x8000a5fc (0x0ff0000f)
core   0: 0x8000a600 (0x4102db33) sra     s6, t0, a6
core   0: 0 0x8000a600 (0x4102db33) x22 0x00000000
core   0: 0x8000a604 (0x000084da) c.mv    s1, s6
core   0: 0 0x8000a604 (0x84da) x9  0x00000000
core   0: 0x8000a606 (0x00008c55) c.or    s0, a3
core   0: 0 0x8000a606 (0x8c55) x8  0x296665dc
core   0: 0x8000a608 (0x01f51663) bne     a0, t6, pc + 12
core   0: 0 0x8000a608 (0x01f51663)
core   0: 0x8000a614 (0x011f5b33) srl     s6, t5, a7
core   0: 0 0x8000a614 (0x011f5b33) x22 0x00000000
core   0: 0x8000a618 (0x0077d113) srli    sp, a5, 7
core   0: 0 0x8000a618 (0x0077d113) x2  0x00000000
core   0: 0x8000a61c (0x0000100f) fence.i
core   0: 0 0x8000a61c (0x0000100f)
core   0: 0x8000a620 (0x02e76033) rem     zero, a4, a4
core   0: 0 0x8000a620 (0x02e76033)
core   0: 0x8000a624 (0x00008e81) c.sub   a3, s0
core   0: 0 0x8000a624 (0x8e81) x13 0xd6999a24
core   0: 0x8000a626 (0x045d5163) bge     s10, t0, pc + 66
core   0: 0 0x8000a626 (0x045d5163)
core   0: 0x8000a668 (0x00008d09) c.sub   a0, a0
core   0: 0 0x8000a668 (0x8d09) x10 0x00000000
core   0: 0x8000a66a (0x0ff0000f) fence   iorw,iorw
core   0: 0 0x8000a66a (0x0ff0000f)
core   0: 0x8000a66e (0x0000c21d) c.beqz  a2, pc + 38
core   0: 0 0x8000a66e (0xc21d)
core   0: 0x8000a670 (0x02446063) bltu    s0, tp, pc + 32
core   0: 0 0x8000a670 (0x02446063)
core   0: 0x8000a674 (0x033d0533) mul     a0, s10, s3
core   0: 0 0x8000a674 (0x033d0533) x10 0x00000000
core   0: 0x8000a678 (0x00f4bd33) sltu    s10, s1, a5
core   0: 0 0x8000a678 (0x00f4bd33) x26 0x00000000
core   0: 0x8000a67c (0x0552d063) bge     t0, s5, pc + 64
core   0: 0 0x8000a67c (0x0552d063)
core   0: 0x8000a6bc (0x004b70b3) and     ra, s6, tp
core   0: 0 0x8000a6bc (0x004b70b3) x1  0x00000000
core   0: 0x8000a6c0 (0x0000100f) fence.i
core   0: 0 0x8000a6c0 (0x0000100f)
core   0: 0x8000a6c4 (0x03983733) mulhu   a4, a6, s9
core   0: 0 0x8000a6c4 (0x03983733) x14 0x00000000
core   0: 0x8000a6c8 (0x0324f263) bgeu    s1, s2, pc + 36
core   0: 0 0x8000a6c8 (0x0324f263)
core   0: 0x8000a6ec (0x0000059e) c.slli  a1, 7
core   0: 0 0x8000a6ec (0x059e) x11 0x00000000
core   0: 0x8000a6ee (0x0000100f) fence.i
core   0: 0 0x8000a6ee (0x0000100f)
core   0: 0x8000a6f2 (0x00001088) c.addi4spn a0, sp, 96
core   0: 0 0x8000a6f2 (0x1088) x10 0x00000060
core   0: 0x8000a6f4 (0x0349f6b3) remu    a3, s3, s4
core   0: 0 0x8000a6f4 (0x0349f6b3) x13 0x80021e44
core   0: 0x8000a6f8 (0x00000001) c.nop
core   0: 0 0x8000a6f8 (0x0001)
core   0: 0x8000a6fa (0x001af633) and     a2, s5, ra
core   0: 0 0x8000a6fa (0x001af633) x12 0x00000000
core   0: 0x8000a6fe (0x1870cf13) xori    t5, ra, 391
core   0: 0 0x8000a6fe (0x1870cf13) x30 0x00000187
core   0: 0x8000a702 (0x00006eb9) c.lui   t4, 0xe
core   0: 0 0x8000a702 (0x6eb9) x29 0x0000e000
core   0: 0x8000a704 (0x00006161) c.addi16sp sp, 80
core   0: 0 0x8000a704 (0x6161) x2  0x00000050
core   0: 0x8000a706 (0x0000e299) c.bnez  a3, pc + 6
core   0: 0 0x8000a706 (0xe299)
core   0: 0x8000a70c (0x00008c32) c.mv    s8, a2
core   0: 0 0x8000a70c (0x8c32) x24 0x00000000
core   0: 0x8000a70e (0x000001f2) c.slli  gp, 28
core   0: 0 0x8000a70e (0x01f2) x3  0x00000000
core   0: 0x8000a710 (0x02aaeeb3) rem     t4, s5, a0
core   0: 0 0x8000a710 (0x02aaeeb3) x29 0xfffffff0
core   0: 0x8000a714 (0x0f6ea613) slti    a2, t4, 246
core   0: 0 0x8000a714 (0x0f6ea613) x12 0x00000001
core   0: 0x8000a718 (0x0316e833) rem     a6, a3, a7
core   0: 0 0x8000a718 (0x0316e833) x16 0xffffff84
core   0: 0x8000a71c (0x01215913) srli    s2, sp, 18
core   0: 0 0x8000a71c (0x01215913) x18 0x00000000
core   0: 0x8000a720 (0x0ff0000f) fence   iorw,iorw
core   0: 0 0x8000a720 (0x0ff0000f)
core   0: 0x8000a724 (0x00969b93) slli    s7, a3, 9
core   0: 0 0x8000a724 (0x00969b93) x23 0x043c8800
core   0: 0x8000a728 (0x0000717d) c.addi16sp sp, -16
core   0: 0 0x8000a728 (0x717d) x2  0x00000040
core   0: 0x8000a72a (0x00d8d393) srli    t2, a7, 13
core   0: 0 0x8000a72a (0x00d8d393) x7  0x0007ffff
core   0: 0x8000a72e (0x5f418f93) addi    t6, gp, 1524
core   0: 0 0x8000a72e (0x5f418f93) x31 0x000005f4
core   0: 0x8000a732 (0x3a6a3397) auipc   t2, 0x3a6a3
core   0: 0 0x8000a732 (0x3a6a3397) x7  0xba6ad732
core   0: 0x8000a736 (0x0371ef33) rem     t5, gp, s7
core   0: 0 0x8000a736 (0x0371ef33) x30 0x00000000
core   0: 0x8000a73a (0x415cdf33) sra     t5, s9, s5
core   0: 0 0x8000a73a (0x415cdf33) x30 0xffff8002
core   0: 0x8000a73e (0x26776697) auipc   a3, 0x26776
core   0: 0 0x8000a73e (0x26776697) x13 0xa678073e
core   0: 0x8000a742 (0x000099fd) c.andi  a1, -1
core   0: 0 0x8000a742 (0x99fd) x11 0x00000000
core   0: 0x8000a744 (0x0057bb33) sltu    s6, a5, t0
core   0: 0 0x8000a744 (0x0057bb33) x22 0x00000000
core   0: 0x8000a748 (0x40ee0933) sub     s2, t3, a4
core   0: 0 0x8000a748 (0x40ee0933) x18 0xd0277000
core   0: 0x8000a74c (0x019530b3) sltu    ra, a0, s9
core   0: 0 0x8000a74c (0x019530b3) x1  0x00000001
core   0: 0x8000a750 (0x0000411d) c.li    sp, 7
core   0: 0 0x8000a750 (0x411d) x2  0x00000007
core   0: 0x8000a752 (0x0384fa63) bgeu    s1, s8, pc + 52
core   0: 0 0x8000a752 (0x0384fa63)
core   0: 0x8000a786 (0x02e39c63) bne     t2, a4, pc + 56
core   0: 0 0x8000a786 (0x02e39c63)
core   0: 0x8000a7be (0x02eb4d63) blt     s6, a4, pc + 58
core   0: 0 0x8000a7be (0x02eb4d63)
core   0: 0x8000a7c2 (0x01c89013) slli    zero, a7, 28
core   0: 0 0x8000a7c2 (0x01c89013)
core   0: 0x8000a7c6 (0xc65c3293) sltiu   t0, s8, -923
core   0: 0 0x8000a7c6 (0xc65c3293) x5  0x00000001
core   0: 0x8000a7ca (0x010a12b3) sll     t0, s4, a6
core   0: 0 0x8000a7ca (0x010a12b3) x5  0xfffffff0
core   0: 0x8000a7ce (0x03a1c933) div     s2, gp, s10
core   0: 0 0x8000a7ce (0x03a1c933) x18 0xffffffff
core   0: 0x8000a7d2 (0x3bdd2493) slti    s1, s10, 957
core   0: 0 0x8000a7d2 (0x3bdd2493) x9  0x00000001
core   0: 0x8000a7d6 (0x5c7a2f97) auipc   t6, 0x5c7a2
core   0: 0 0x8000a7d6 (0x5c7a2f97) x31 0xdc7ac7d6
core   0: 0x8000a7da (0x028a36b3) mulhu   a3, s4, s0
core   0: 0 0x8000a7da (0x028a36b3) x13 0x296665db
core   0: 0x8000a7de (0x02fb0eb3) mul     t4, s6, a5
core   0: 0 0x8000a7de (0x02fb0eb3) x29 0x00000000
core   0: 0x8000a7e2 (0x41315193) srai    gp, sp, 19
core   0: 0 0x8000a7e2 (0x41315193) x3  0x00000000
core   0: 0x8000a7e6 (0x034ce763) bltu    s9, s4, pc + 46
core   0: 0 0x8000a7e6 (0x034ce763)
core   0: 0x8000a814 (0x0276d5b3) divu    a1, a3, t2
core   0: 0 0x8000a814 (0x0276d5b3) x11 0x00000000
core   0: 0x8000a818 (0x03d3c193) xori    gp, t2, 61
core   0: 0 0x8000a818 (0x03d3c193) x3  0xba6ad70f
core   0: 0x8000a81c (0x00000889) c.addi  a7, 2
core   0: 0 0x8000a81c (0x0889) x17 0xfffffe12
core   0: 0x8000a81e (0x005a5393) srli    t2, s4, 5
core   0: 0 0x8000a81e (0x005a5393) x7  0x07ffffff
core   0: 0x8000a822 (0x68f76513) ori     a0, a4, 1679
core   0: 0 0x8000a822 (0x68f76513) x10 0x0000068f
core   0: 0x8000a826 (0x070f2b93) slti    s7, t5, 112
core   0: 0 0x8000a826 (0x070f2b93) x23 0x00000001
core   0: 0x8000a82a (0x607b02b7) lui     t0, 0x607b0
core   0: 0 0x8000a82a (0x607b02b7) x5  0x607b0000
core   0: 0x8000a82e (0x04088363) beqz    a7, pc + 70
core   0: 0 0x8000a82e (0x04088363)
core   0: 0x8000a832 (0x031c5bb3) divu    s7, s8, a7
core   0: 0 0x8000a832 (0x031c5bb3) x23 0x00000000
core   0: 0x8000a836 (0x410d87b3) sub     a5, s11, a6
core   0: 0 0x8000a836 (0x410d87b3) x15 0x8000007c
core   0: 0x8000a83a (0x40a753b3) sra     t2, a4, a0
core   0: 0 0x8000a83a (0x40a753b3) x7  0x00000000
core   0: 0x8000a83e (0x00f8df33) srl     t5, a7, a5
core   0: 0 0x8000a83e (0x00f8df33) x30 0x0000000f
core   0: 0x8000a842 (0x00000001) c.nop
core   0: 0 0x8000a842 (0x0001)
core   0: 0x8000a844 (0x00008f19) c.sub   a4, a4
core   0: 0 0x8000a844 (0x8f19) x14 0x00000000
core   0: 0x8000a846 (0x02947833) remu    a6, s0, s1
core   0: 0 0x8000a846 (0x02947833) x16 0x00000000
core   0: 0x8000a84a (0x0ff0000f) fence   iorw,iorw
core   0: 0 0x8000a84a (0x0ff0000f)
core   0: 0x8000a84e (0x00521263) bne     tp, t0, pc + 4
core   0: 0 0x8000a84e (0x00521263)
core   0: 0x8000a852 (0x014ed0b3) srl     ra, t4, s4
core   0: 0 0x8000a852 (0x014ed0b3) x1  0x00000000
core   0: 0x8000a856 (0x0114d233) srl     tp, s1, a7
core   0: 0 0x8000a856 (0x0114d233) x4  0x00000000
core   0: 0x8000a85a (0xf920b613) sltiu   a2, ra, -110
core   0: 0 0x8000a85a (0xf920b613) x12 0x00000001
core   0: 0x8000a85e (0xb95acb37) lui     s6, 0xb95ac
core   0: 0 0x8000a85e (0xb95acb37) x22 0xb95ac000
core   0: 0x8000a862 (0x01554e33) xor     t3, a0, s5
core   0: 0 0x8000a862 (0x01554e33) x28 0xfffff89f
core   0: 0x8000a866 (0xec90e517) auipc   a0, 0xec90e
core   0: 0 0x8000a866 (0xec90e517) x10 0x6c918866
core   0: 0x8000a86a (0x0112df13) srli    t5, t0, 17
core   0: 0 0x8000a86a (0x0112df13) x30 0x0000303d
core   0: 0x8000a86e (0x01ec9013) slli    zero, s9, 30
core   0: 0 0x8000a86e (0x01ec9013)
core   0: 0x8000a872 (0x0000882a) c.mv    a6, a0
core   0: 0 0x8000a872 (0x882a) x16 0x6c918866
core   0: 0x8000a874 (0x00008ca1) c.xor   s1, s0
core   0: 0 0x8000a874 (0x8ca1) x9  0x296665dd
core   0: 0x8000a876 (0x02626c63) bltu    tp, t1, pc + 56
core   0: 0 0x8000a876 (0x02626c63)
core   0: 0x8000a8ae (0x00008abd) c.andi  a3, 15
core   0: 0 0x8000a8ae (0x8abd) x13 0x0000000b
core   0: 0x8000a8b0 (0x4a300e13) li      t3, 1187
core   0: 0 0x8000a8b0 (0x4a300e13) x28 0x000004a3
core   0: 0x8000a8b4 (0x0000137d) c.addi  t1, -1
core   0: 0 0x8000a8b4 (0x137d) x6  0xfffffffe
core   0: 0x8000a8b6 (0x000090d2) c.add   ra, s4
core   0: 0 0x8000a8b6 (0x90d2) x1  0xffffffff
core   0: 0x8000a8b8 (0x0244c763) blt     s1, tp, pc + 46
core   0: 0 0x8000a8b8 (0x0244c763)
core   0: 0x8000a8bc (0x035c2733) mulhsu  a4, s8, s5
core   0: 0 0x8000a8bc (0x035c2733) x14 0x00000000
core   0: 0x8000a8c0 (0x0000c989) c.beqz  a1, pc + 18
core   0: 0 0x8000a8c0 (0xc989)
core   0: 0x8000a8d2 (0x00008dfd) c.and   a1, a5
core   0: 0 0x8000a8d2 (0x8dfd) x11 0x00000000
core   0: 0x8000a8d4 (0x0000806d) c.srli  s0, 27
core   0: 0 0x8000a8d4 (0x806d) x8  0x00000005
core   0: 0x8000a8d6 (0x40145e33) sra     t3, s0, ra
core   0: 0 0x8000a8d6 (0x40145e33) x28 0x00000000
core   0: 0x8000a8da (0x03ff6b93) ori     s7, t5, 63
core   0: 0 0x8000a8da (0x03ff6b93) x23 0x0000303f
core   0: 0x8000a8de (0x03f91733) mulh    a4, s2, t6
core   0: 0 0x8000a8de (0x03f91733) x14 0x00000000
core   0: 0x8000a8e2 (0x0ff0000f) fence   iorw,iorw
core   0: 0 0x8000a8e2 (0x0ff0000f)
core   0: 0x8000a8e6 (0x00008d8d) c.sub   a1, a1
core   0: 0 0x8000a8e6 (0x8d8d) x11 0x00000000
core   0: 0x8000a8e8 (0x02499c33) mulh    s8, s3, tp
core   0: 0 0x8000a8e8 (0x02499c33) x24 0x00000000
core   0: 0x8000a8ec (0xcb003613) sltiu   a2, zero, -848
core   0: 0 0x8000a8ec (0xcb003613) x12 0x00000001
core   0: 0x8000a8f0 (0x005c9c13) slli    s8, s9, 5
core   0: 0 0x8000a8f0 (0x005c9c13) x24 0x004b9c80
core   0: 0x8000a8f4 (0x02412333) mulhsu  t1, sp, tp
core   0: 0 0x8000a8f4 (0x02412333) x6  0x00000000
core   0: 0x8000a8f8 (0x0269e063) bltu    s3, t1, pc + 32
core   0: 0 0x8000a8f8 (0x0269e063)
core   0: 0x8000a8fc (0x02422233) mulhsu  tp, tp, tp
core   0: 0 0x8000a8fc (0x02422233) x4  0x00000000
core   0: 0x8000a900 (0x00d20a63) beq     tp, a3, pc + 20
core   0: 0 0x8000a900 (0x00d20a63)
core   0: 0x8000a904 (0x0000100f) fence.i
core   0: 0 0x8000a904 (0x0000100f)
core   0: 0x8000a908 (0x030da3b3) mulhsu  t2, s11, a6
core   0: 0 0x8000a908 (0x030da3b3) x7  0xc9b73bcd
core   0: 0x8000a90c (0x2f877e93) andi    t4, a4, 760
core   0: 0 0x8000a90c (0x2f877e93) x29 0x00000000
core   0: 0x8000a910 (0x01fe8863) beq     t4, t6, pc + 16
core   0: 0 0x8000a910 (0x01fe8863)
core   0: 0x8000a914 (0x02359363) bne     a1, gp, pc + 38
core   0: 0 0x8000a914 (0x02359363)
core   0: 0x8000a93a (0x7f50a513) slti    a0, ra, 2037
core   0: 0 0x8000a93a (0x7f50a513) x10 0x00000001
core   0: 0x8000a93e (0x00005ffd) c.li    t6, -1
core   0: 0 0x8000a93e (0x5ffd) x31 0xffffffff
core   0: 0x8000a940 (0x00000001) c.nop
core   0: 0 0x8000a940 (0x0001)
core   0: 0x8000a942 (0x00008d01) c.sub   a0, s0
core   0: 0 0x8000a942 (0x8d01) x10 0xfffffffc
core   0: 0x8000a944 (0x02796263) bltu    s2, t2, pc + 36
core   0: 0 0x8000a944 (0x02796263)
core   0: 0x8000a948 (0x0000547d) c.li    s0, -1
core   0: 0 0x8000a948 (0x547d) x8  0xffffffff
core   0: 0x8000a94a (0x00008ced) c.and   s1, a1
core   0: 0 0x8000a94a (0x8ced) x9  0x00000000
core   0: 0x8000a94c (0x036b4b63) blt     s6, s6, pc + 54
core   0: 0 0x8000a94c (0x036b4b63)
core   0: 0x8000a950 (0x015a24b3) slt     s1, s4, s5
core   0: 0 0x8000a950 (0x015a24b3) x9  0x00000000
core   0: 0x8000a954 (0x418c58b3) sra     a7, s8, s8
core   0: 0 0x8000a954 (0x418c58b3) x17 0x004b9c80
core   0: 0x8000a958 (0x00009b1e) c.add   s6, t2
core   0: 0 0x8000a958 (0x9b1e) x22 0x8311fbcd
core   0: 0x8000a95a (0x00980963) beq     a6, s1, pc + 18
core   0: 0 0x8000a95a (0x00980963)
core   0: 0x8000a95e (0x0000100f) fence.i
core   0: 0 0x8000a95e (0x0000100f)
core   0: 0x8000a962 (0x00dc8f33) add     t5, s9, a3
core   0: 0 0x8000a962 (0x00dc8f33) x30 0x80025cef
core   0: 0x8000a966 (0x00006769) c.lui   a4, 0x1a
core   0: 0 0x8000a966 (0x6769) x14 0x0001a000
core   0: 0x8000a968 (0x001ae333) or      t1, s5, ra
core   0: 0 0x8000a968 (0x001ae333) x6  0xffffffff
core   0: 0x8000a96c (0x00008ddd) c.or    a1, a5
core   0: 0 0x8000a96c (0x8ddd) x11 0x8000007c
core   0: 0x8000a96e (0x0000100f) fence.i
core   0: 0 0x8000a96e (0x0000100f)
core   0: 0x8000a972 (0x0ff0000f) fence   iorw,iorw
core   0: 0 0x8000a972 (0x0ff0000f)
core   0: 0x8000a976 (0x03f5f363) bgeu    a1, t6, pc + 38
core   0: 0 0x8000a976 (0x03f5f363)
core   0: 0x8000a97a (0x00557633) and     a2, a0, t0
core   0: 0 0x8000a97a (0x00557633) x12 0x607b0000
core   0: 0x8000a97e (0x05764063) blt     a2, s7, pc + 64
core   0: 0 0x8000a97e (0x05764063)
core   0: 0x8000a982 (0x40f38033) sub     zero, t2, a5
core   0: 0 0x8000a982 (0x40f38033)
core   0: 0x8000a986 (0x00008cf9) c.and   s1, a4
core   0: 0 0x8000a986 (0x8cf9) x9  0x00000000
core   0: 0x8000a988 (0x024637b3) mulhu   a5, a2, tp
core   0: 0 0x8000a988 (0x024637b3) x15 0x00000000
core   0: 0x8000a98c (0x03de8663) beq     t4, t4, pc + 44
core   0: 0 0x8000a98c (0x03de8663)
core   0: 0x8000a9b8 (0x00832733) slt     a4, t1, s0
core   0: 0 0x8000a9b8 (0x00832733) x14 0x00000000
core   0: 0x8000a9bc (0x00000001) c.nop
core   0: 0 0x8000a9bc (0x0001)
core   0: 0x8000a9be (0x01205933) srl     s2, zero, s2
core   0: 0 0x8000a9be (0x01205933) x18 0x00000000
core   0: 0x8000a9c2 (0x034cdb63) bge     s9, s4, pc + 54
core   0: 0 0x8000a9c2 (0x034cdb63)
core   0: 0x8000a9c6 (0x36866293) ori     t0, a2, 872
core   0: 0 0x8000a9c6 (0x36866293) x5  0x607b0368
core   0: 0x8000a9ca (0x00822d33) slt     s10, tp, s0
core   0: 0 0x8000a9ca (0x00822d33) x26 0x00000000
core   0: 0x8000a9ce (0x0314f133) remu    sp, s1, a7
core   0: 0 0x8000a9ce (0x0314f133) x2  0x00000000
core   0: 0x8000a9d2 (0x81a16b13) ori     s6, sp, -2022
core   0: 0 0x8000a9d2 (0x81a16b13) x22 0xfffff81a
core   0: 0x8000a9d6 (0x00009a7d) c.andi  a2, -1
core   0: 0 0x8000a9d6 (0x9a7d) x12 0x607b0000
core   0: 0x8000a9d8 (0x00001684) c.addi4spn s1, sp, 864
core   0: 0 0x8000a9d8 (0x1684) x9  0x00000360
core   0: 0x8000a9da (0x00008ad1) c.andi  a3, 20
core   0: 0 0x8000a9da (0x8ad1) x13 0x00000000
core   0: 0x8000a9dc (0x00175413) srli    s0, a4, 1
core   0: 0 0x8000a9dc (0x00175413) x8  0x00000000
core   0: 0x8000a9e0 (0x0000806d) c.srli  s0, 27
core   0: 0 0x8000a9e0 (0x806d) x8  0x00000000
core   0: 0x8000a9e2 (0x036c8f63) beq     s9, s6, pc + 62
core   0: 0 0x8000a9e2 (0x036c8f63)
core   0: 0x8000a9e6 (0x029a0633) mul     a2, s4, s1
core   0: 0 0x8000a9e6 (0x029a0633) x12 0xfffffca0
core   0: 0x8000a9ea (0x05f28263) beq     t0, t6, pc + 68
core   0: 0 0x8000a9ea (0x05f28263)
core   0: 0x8000a9ee (0x00fa9413) slli    s0, s5, 15
core   0: 0 0x8000a9ee (0x00fa9413) x8  0xff080000
core   0: 0x8000a9f2 (0x00008105) c.srli  a0, 1
core   0: 0 0x8000a9f2 (0x8105) x10 0x7ffffffe
core   0: 0x8000a9f4 (0x01865363) bge     a2, s8, pc + 6
core   0: 0 0x8000a9f4 (0x01865363)
core   0: 0x8000a9f8 (0x00008ccd) c.or    s1, a1
core   0: 0 0x8000a9f8 (0x8ccd) x9  0x8000037c
core   0: 0x8000a9fa (0x04c45163) bge     s0, a2, pc + 66
core   0: 0 0x8000a9fa (0x04c45163)
core   0: 0x8000a9fe (0x418353b3) sra     t2, t1, s8
core   0: 0 0x8000a9fe (0x418353b3) x7  0xffffffff
core   0: 0x8000aa02 (0x412e5a13) srai    s4, t3, 18
core   0: 0 0x8000aa02 (0x412e5a13) x20 0x00000000
core   0: 0x8000aa06 (0x41dcd0b3) sra     ra, s9, t4
core   0: 0 0x8000aa06 (0x41dcd0b3) x1  0x80025ce4
core   0: 0x8000aa0a (0x00008cc5) c.or    s1, s1
core   0: 0 0x8000aa0a (0x8cc5) x9  0x8000037c
core   0: 0x8000aa0c (0x0ff0000f) fence   iorw,iorw
core   0: 0 0x8000aa0c (0x0ff0000f)
core   0: 0x8000aa10 (0x031f3633) mulhu   a2, t5, a7
core   0: 0 0x8000aa10 (0x031f3633) x12 0x0025cef2
core   0: 0x8000aa14 (0x0000997d) c.andi  a0, -1
core   0: 0 0x8000aa14 (0x997d) x10 0x7ffffffe
core   0: 0x8000aa16 (0x00009afd) c.andi  a3, -1
core   0: 0 0x8000aa16 (0x9afd) x13 0x00000000
core   0: 0x8000aa18 (0x0151ac33) slt     s8, gp, s5
core   0: 0 0x8000aa18 (0x0151ac33) x24 0x00000001
core   0: 0x8000aa1c (0x00a1b433) sltu    s0, gp, a0
core   0: 0 0x8000aa1c (0x00a1b433) x8  0x00000000
core   0: 0x8000aa20 (0x0000100f) fence.i
core   0: 0 0x8000aa20 (0x0000100f)
core   0: 0x8000aa24 (0x000086d5) c.srai  a3, 21
core   0: 0 0x8000aa24 (0x86d5) x13 0x00000000
core   0: 0x8000aa26 (0x02ae7e33) remu    t3, t3, a0
core   0: 0 0x8000aa26 (0x02ae7e33) x28 0x00000000
core   0: 0x8000aa2a (0x01f68363) beq     a3, t6, pc + 6
core   0: 0 0x8000aa2a (0x01f68363)
core   0: 0x8000aa2e (0x000010fd) c.addi  ra, -1
core   0: 0 0x8000aa2e (0x10fd) x1  0x80025ce3
core   0: 0x8000aa30 (0x0190f2b3) and     t0, ra, s9
core   0: 0 0x8000aa30 (0x0190f2b3) x5  0x80025ce0
core   0: 0x8000aa34 (0x011b6333) or      t1, s6, a7
core   0: 0 0x8000aa34 (0x011b6333) x6  0xfffffc9a
core   0: 0x8000aa38 (0x016bd693) srli    a3, s7, 22
core   0: 0 0x8000aa38 (0x016bd693) x13 0x00000000
core   0: 0x8000aa3c (0x01f82fb3) slt     t6, a6, t6
core   0: 0 0x8000aa3c (0x01f82fb3) x31 0x00000000
core   0: 0x8000aa40 (0xe6a12013) slti    zero, sp, -406
core   0: 0 0x8000aa40 (0xe6a12013)
core   0: 0x8000aa44 (0x0098d1b3) srl     gp, a7, s1
core   0: 0 0x8000aa44 (0x0098d1b3) x3  0x00000000
core   0: 0x8000aa48 (0x1b17fb93) andi    s7, a5, 433
core   0: 0 0x8000aa48 (0x1b17fb93) x23 0x00000000
core   0: 0x8000aa4c (0x0266d1b3) divu    gp, a3, t1
core   0: 0 0x8000aa4c (0x0266d1b3) x3  0x00000000
core   0: 0x8000aa50 (0x00000001) c.nop
core   0: 0 0x8000aa50 (0x0001)
core   0: 0x8000aa52 (0x023d1433) mulh    s0, s10, gp
core   0: 0 0x8000aa52 (0x023d1433) x8  0x00000000
core   0: 0x8000aa56 (0x01d2a3b3) slt     t2, t0, t4
core   0: 0 0x8000aa56 (0x01d2a3b3) x7  0x00000001
core   0: 0x8000aa5a (0x7732e093) ori     ra, t0, 1907
core   0: 0 0x8000aa5a (0x7732e093) x1  0x80025ff3
core   0: 0x8000aa5e (0x03051063) bne     a0, a6, pc + 32
core   0: 0 0x8000aa5e (0x03051063)
core   0: 0x8000aa7e (0x1b36dd37) lui     s10, 0x1b36d
core   0: 0 0x8000aa7e (0x1b36dd37) x26 0x1b36d000
core   0: 0x8000aa82 (0xfb545697) auipc   a3, 0xfb545
core   0: 0 0x8000aa82 (0xfb545697) x13 0x7b54fa82
core   0: 0x8000aa86 (0x02f38063) beq     t2, a5, pc + 32
core   0: 0 0x8000aa86 (0x02f38063)
core   0: 0x8000aa8a (0x00008f7d) c.and   a4, a5
core   0: 0 0x8000aa8a (0x8f7d) x14 0x00000000
core   0: 0x8000aa8c (0x029a6f63) bltu    s4, s1, pc + 62
core   0: 0 0x8000aa8c (0x029a6f63)
core   0: 0x8000aaca (0x00000ffd) c.addi  t6, 31
core   0: 0 0x8000aaca (0x0ffd) x31 0x0000001f
core   0: 0x8000aacc (0x00000001) c.nop
core   0: 0 0x8000aacc (0x0001)
core   0: 0x8000aace (0x008a54b3) srl     s1, s4, s0
core   0: 0 0x8000aace (0x008a54b3) x9  0x00000000
core   0: 0x8000aad2 (0x0000100f) fence.i
core   0: 0 0x8000aad2 (0x0000100f)
core   0: 0x8000aad6 (0x227be113) ori     sp, s7, 551
core   0: 0 0x8000aad6 (0x227be113) x2  0x00000227
core   0: 0x8000aada (0x01dd5313) srli    t1, s10, 29
core   0: 0 0x8000aada (0x01dd5313) x6  0x00000000
core   0: 0x8000aade (0x004166b3) or      a3, sp, tp
core   0: 0 0x8000aade (0x004166b3) x13 0x00000227
core   0: 0x8000aae2 (0x41635693) srai    a3, t1, 22
core   0: 0 0x8000aae2 (0x41635693) x13 0x00000000
core   0: 0x8000aae6 (0x00005e7d) c.li    t3, -1
core   0: 0 0x8000aae6 (0x5e7d) x28 0xffffffff
core   0: 0x8000aae8 (0x41f55bb3) sra     s7, a0, t6
core   0: 0 0x8000aae8 (0x41f55bb3) x23 0x00000000
core   0: 0x8000aaec (0x0000567d) c.li    a2, -1
core   0: 0 0x8000aaec (0x567d) x12 0xffffffff
core   0: 0x8000aaee (0x00ddef33) or      t5, s11, a3
core   0: 0 0x8000aaee (0x00ddef33) x30 0x80000000
core   0: 0x8000aaf2 (0x01a05fb3) srl     t6, zero, s10
core   0: 0 0x8000aaf2 (0x01a05fb3) x31 0x00000000
core   0: 0x8000aaf6 (0x032dd5b3) divu    a1, s11, s2
core   0: 0 0x8000aaf6 (0x032dd5b3) x11 0xffffffff
core   0: 0x8000aafa (0x3b692613) slti    a2, s2, 950
core   0: 0 0x8000aafa (0x3b692613) x12 0x00000001
core   0: 0x8000aafe (0x0000693d) c.lui   s2, 0xf
core   0: 0 0x8000aafe (0x693d) x18 0x0000f000
core   0: 0x8000ab00 (0x022f3d33) mulhu   s10, t5, sp
core   0: 0 0x8000ab00 (0x022f3d33) x26 0x00000113
core   0: 0x8000ab04 (0x03c7a233) mulhsu  tp, a5, t3
core   0: 0 0x8000ab04 (0x03c7a233) x4  0x00000000
core   0: 0x8000ab08 (0x00009aca) c.add   s5, s2
core   0: 0 0x8000ab08 (0x9aca) x21 0x0000ee10
core   0: 0x8000ab0a (0x039d0b63) beq     s10, s9, pc + 54
core   0: 0 0x8000ab0a (0x039d0b63)
core   0: 0x8000ab0e (0x00000994) c.addi4spn a3, sp, 208
core   0: 0 0x8000ab0e (0x0994) x13 0x000002f7
core   0: 0x8000ab10 (0x00de0f33) add     t5, t3, a3
core   0: 0 0x8000ab10 (0x00de0f33) x30 0x000002f6
core   0: 0x8000ab14 (0x00000810) c.addi4spn a2, sp, 16
core   0: 0 0x8000ab14 (0x0810) x12 0x00000237
core   0: 0x8000ab16 (0x0000945e) c.add   s0, s7
core   0: 0 0x8000ab16 (0x945e) x8  0x00000000
core   0: 0x8000ab18 (0x404f5013) srai    zero, t5, 4
core   0: 0 0x8000ab18 (0x404f5013)
core   0: 0x8000ab1c (0x0000859a) c.mv    a1, t1
core   0: 0 0x8000ab1c (0x859a) x11 0x00000000
core   0: 0x8000ab1e (0x0250f3b3) remu    t2, ra, t0
core   0: 0 0x8000ab1e (0x0250f3b3) x7  0x00000313
core   0: 0x8000ab22 (0xe9b49237) lui     tp, 0xe9b49
core   0: 0 0x8000ab22 (0xe9b49237) x4  0xe9b49000
core   0: 0x8000ab26 (0x3c88cc13) xori    s8, a7, 968
core   0: 0 0x8000ab26 (0x3c88cc13) x24 0x004b9f48
core   0: 0x8000ab2a (0x0ff0000f) fence   iorw,iorw
core   0: 0 0x8000ab2a (0x0ff0000f)
core   0: 0x8000ab2e (0x00008f1a) c.mv    t5, t1
core   0: 0 0x8000ab2e (0x8f1a) x30 0x00000000
core   0: 0x8000ab30 (0x031932b3) mulhu   t0, s2, a7
core   0: 0 0x8000ab30 (0x031932b3) x5  0x00000046
core   0: 0x8000ab34 (0x001be6b3) or      a3, s7, ra
core   0: 0 0x8000ab34 (0x001be6b3) x13 0x80025ff3
core   0: 0x8000ab38 (0x0ff0000f) fence   iorw,iorw
core   0: 0 0x8000ab38 (0x0ff0000f)
core   0: 0x8000ab3c (0x00837f33) and     t5, t1, s0
core   0: 0 0x8000ab3c (0x00837f33) x30 0x00000000
core   0: 0x8000ab40 (0x03718163) beq     gp, s7, pc + 34
core   0: 0 0x8000ab40 (0x03718163)
core   0: 0x8000ab62 (0xb9fd5197) auipc   gp, 0xb9fd5
core   0: 0 0x8000ab62 (0xb9fd5197) x3  0x39fdfb62
core   0: 0x8000ab66 (0x01fdd0b3) srl     ra, s11, t6
core   0: 0 0x8000ab66 (0x01fdd0b3) x1  0x80000000
core   0: 0x8000ab6a (0x02914f63) blt     sp, s1, pc + 62
core   0: 0 0x8000ab6a (0x02914f63)
core   0: 0x8000ab6e (0x00006419) c.lui   s0, 0x6
core   0: 0 0x8000ab6e (0x6419) x8  0x00006000
core   0: 0x8000ab70 (0x00000a52) c.slli  s4, 20
core   0: 0 0x8000ab70 (0x0a52) x20 0x00000000
core   0: 0x8000ab72 (0x015fcf33) xor     t5, t6, s5
core   0: 0 0x8000ab72 (0x015fcf33) x30 0x0000ee10
core   0: 0x8000ab76 (0x00a9d963) bge     s3, a0, pc + 18
core   0: 0 0x8000ab76 (0x00a9d963)
core   0: 0x8000ab7a (0x40508233) sub     tp, ra, t0
core   0: 0 0x8000ab7a (0x40508233) x4  0x7fffffba
core   0: 0x8000ab7e (0x00000001) c.nop
core   0: 0 0x8000ab7e (0x0001)
core   0: 0x8000ab80 (0x003c9213) slli    tp, s9, 3
core   0: 0 0x8000ab80 (0x003c9213) x4  0x0012e720
core   0: 0x8000ab84 (0xeecfc193) xori    gp, t6, -276
core   0: 0 0x8000ab84 (0xeecfc193) x3  0xfffffeec
core   0: 0x8000ab88 (0x01785b33) srl     s6, a6, s7
core   0: 0 0x8000ab88 (0x01785b33) x22 0x6c918866
core   0: 0x8000ab8c (0x0313dfb3) divu    t6, t2, a7
core   0: 0 0x8000ab8c (0x0313dfb3) x31 0x00000000
core   0: 0x8000ab90 (0x0379b0b3) mulhu   ra, s3, s7
core   0: 0 0x8000ab90 (0x0379b0b3) x1  0x00000000
core   0: 0x8000ab94 (0x40730d33) sub     s10, t1, t2
core   0: 0 0x8000ab94 (0x40730d33) x26 0xfffffced
core   0: 0x8000ab98 (0x0230a133) mulhsu  sp, ra, gp
core   0: 0 0x8000ab98 (0x0230a133) x2  0x00000000
core   0: 0x8000ab9c (0x02131e63) bne     t1, ra, pc + 60
core   0: 0 0x8000ab9c (0x02131e63)
core   0: 0x8000aba0 (0x00008061) c.srli  s0, 24
core   0: 0 0x8000aba0 (0x8061) x8  0x00000000
core   0: 0x8000aba2 (0x02844bb3) div     s7, s0, s0
core   0: 0 0x8000aba2 (0x02844bb3) x23 0xffffffff
core   0: 0x8000aba6 (0x000096fa) c.add   a3, t5
core   0: 0 0x8000aba6 (0x96fa) x13 0x80034e03
core   0: 0x8000aba8 (0x02e571b3) remu    gp, a0, a4
core   0: 0 0x8000aba8 (0x02e571b3) x3  0x7ffffffe
core   0: 0x8000abac (0x03f74433) div     s0, a4, t6
core   0: 0 0x8000abac (0x03f74433) x8  0xffffffff
core   0: 0x8000abb0 (0x58978b93) addi    s7, a5, 1417
core   0: 0 0x8000abb0 (0x58978b93) x23 0x00000589
core   0: 0x8000abb4 (0x00008d39) c.xor   a0, a4
core   0: 0 0x8000abb4 (0x8d39) x10 0x7ffffffe
core   0: 0x8000abb6 (0x0382e933) rem     s2, t0, s8
core   0: 0 0x8000abb6 (0x0382e933) x18 0x00000046
core   0: 0x8000abba (0x00001c0c) c.addi4spn a1, sp, 560
core   0: 0 0x8000abba (0x1c0c) x11 0x00000230
core   0: 0x8000abbc (0x027ca1b3) mulhsu  gp, s9, t2
core   0: 0 0x8000abbc (0x027ca1b3) x3  0xfffffe76
core   0: 0x8000abc0 (0x00008e1e) c.mv    t3, t2
core   0: 0 0x8000abc0 (0x8e1e) x28 0x00000313
core   0: 0x8000abc2 (0x00006fc9) c.lui   t6, 0x12
core   0: 0 0x8000abc2 (0x6fc9) x31 0x00012000
core   0: 0x8000abc4 (0x01295a13) srli    s4, s2, 18
core   0: 0 0x8000abc4 (0x01295a13) x20 0x00000000
core   0: 0x8000abc8 (0x00000c42) c.slli  s8, 16
core   0: 0 0x8000abc8 (0x0c42) x24 0x9f480000
core   0: 0x8000abca (0x00008c35) c.xor   s0, a3
core   0: 0 0x8000abca (0x8c35) x8  0x7ffcb1fc
core   0: 0x8000abcc (0xeb3518b7) lui     a7, 0xeb351
core   0: 0 0x8000abcc (0xeb3518b7) x17 0xeb351000
core   0: 0x8000abd0 (0x014db6b3) sltu    a3, s11, s4
core   0: 0 0x8000abd0 (0x014db6b3) x13 0x00000000
core   0: 0x8000abd4 (0x41e55b93) srai    s7, a0, 30
core   0: 0 0x8000abd4 (0x41e55b93) x23 0x00000001
core   0: 0x8000abd8 (0x0000ef15) c.bnez  a4, pc + 60
core   0: 0 0x8000abd8 (0xef15)
core   0: 0x8000abda (0x02b87a33) remu    s4, a6, a1
core   0: 0 0x8000abda (0x02b87a33) x20 0x000000f6
core   0: 0x8000abde (0x00001894) c.addi4spn a3, sp, 112
core   0: 0 0x8000abde (0x1894) x13 0x00000070
core   0: 0x8000abe0 (0x2d972493) slti    s1, a4, 729
core   0: 0 0x8000abe0 (0x2d972493) x9  0x00000001
core   0: 0x8000abe4 (0x000081b9) c.srli  a1, 14
core   0: 0 0x8000abe4 (0x81b9) x11 0x00000000
core   0: 0x8000abe6 (0x00004385) c.li    t2, 1
core   0: 0 0x8000abe6 (0x4385) x7  0x00000001
core   0: 0x8000abe8 (0x048e6063) bltu    t3, s0, pc + 64
core   0: 0 0x8000abe8 (0x048e6063)
core   0: 0x8000ac28 (0x008460b3) or      ra, s0, s0
core   0: 0 0x8000ac28 (0x008460b3) x1  0x7ffcb1fc
core   0: 0x8000ac2c (0x00000001) c.nop
core   0: 0 0x8000ac2c (0x0001)
core   0: 0x8000ac2e (0x000080c6) c.mv    ra, a7
core   0: 0 0x8000ac2e (0x80c6) x1  0xeb351000
core   0: 0x8000ac30 (0x417cdf93) srai    t6, s9, 23
core   0: 0 0x8000ac30 (0x417cdf93) x31 0xffffff00
core   0: 0x8000ac34 (0x00cf0733) add     a4, t5, a2
core   0: 0 0x8000ac34 (0x00cf0733) x14 0x0000f047
core   0: 0x8000ac38 (0x00008271) c.srli  a2, 28
core   0: 0 0x8000ac38 (0x8271) x12 0x00000000
core   0: 0x8000ac3a (0x02c9e8b3) rem     a7, s3, a2
core   0: 0 0x8000ac3a (0x02c9e8b3) x17 0x80021e44
core   0: 0x8000ac3e (0x0329d7b3) divu    a5, s3, s2
core   0: 0 0x8000ac3e (0x0329d7b3) x15 0x01d42500
core   0: 0x8000ac42 (0x4022d1b3) sra     gp, t0, sp
core   0: 0 0x8000ac42 (0x4022d1b3) x3  0x00000046
core   0: 0x8000ac46 (0x85550393) addi    t2, a0, -1963
core   0: 0 0x8000ac46 (0x85550393) x7  0x7ffff853
core   0: 0x8000ac4a (0x7063c2b7) lui     t0, 0x7063c
core   0: 0 0x8000ac4a (0x7063c2b7) x5  0x7063c000
core   0: 0x8000ac4e (0x00ca5e93) srli    t4, s4, 12
core   0: 0 0x8000ac4e (0x00ca5e93) x29 0x00000000
core   0: 0x8000ac52 (0x03f8d8b3) divu    a7, a7, t6
core   0: 0 0x8000ac52 (0x03f8d8b3) x17 0x00000000
core   0: 0x8000ac56 (0x037f48b3) div     a7, t5, s7
core   0: 0 0x8000ac56 (0x037f48b3) x17 0x0000ee10
core   0: 0x8000ac5a (0x00008d75) c.and   a0, a3
core   0: 0 0x8000ac5a (0x8d75) x10 0x00000070
core   0: 0x8000ac5c (0x000091fe) c.add   gp, t6
core   0: 0 0x8000ac5c (0x91fe) x3  0xffffff46
core   0: 0x8000ac5e (0x03630a63) beq     t1, s6, pc + 52
core   0: 0 0x8000ac5e (0x03630a63)
core   0: 0x8000ac62 (0x000dfe63) bgeu    s11, zero, pc + 28
core   0: 0 0x8000ac62 (0x000dfe63)
core   0: 0x8000ac7e (0x01af2f33) slt     t5, t5, s10
core   0: 0 0x8000ac7e (0x01af2f33) x30 0x00000000
core   0: 0x8000ac82 (0x0000e29d) c.bnez  a3, pc + 38
core   0: 0 0x8000ac82 (0xe29d)
core   0: 0x8000aca8 (0x8edbe613) ori     a2, s7, -1811
core   0: 0 0x8000aca8 (0x8edbe613) x12 0xfffff8ed
core   0: 0x8000acac (0x022b30b3) mulhu   ra, s6, sp
core   0: 0 0x8000acac (0x022b30b3) x1  0x00000000
core   0: 0x8000acb0 (0x0000c599) c.beqz  a1, pc + 14
core   0: 0 0x8000acb0 (0xc599)
core   0: 0x8000acbe (0x0000e50d) c.bnez  a0, pc + 42
core   0: 0 0x8000acbe (0xe50d)
core   0: 0x8000ace8 (0x00df5013) srli    zero, t5, 13
core   0: 0 0x8000ace8 (0x00df5013)
core   0: 0x8000acec (0x00609a33) sll     s4, ra, t1
core   0: 0 0x8000acec (0x00609a33) x20 0x00000000
core   0: 0x8000acf0 (0x00008cad) c.xor   s1, a1
core   0: 0 0x8000acf0 (0x8cad) x9  0x00000001
core   0: 0x8000acf2 (0xd2f42c13) slti    s8, s0, -721
core   0: 0 0x8000acf2 (0xd2f42c13) x24 0x00000000
core   0: 0x8000acf6 (0xe3a76713) ori     a4, a4, -454
core   0: 0 0x8000acf6 (0xe3a76713) x14 0xfffffe7f
core   0: 0x8000acfa (0x02fa0063) beq     s4, a5, pc + 32
core   0: 0 0x8000acfa (0x02fa0063)
core   0: 0x8000acfe (0x94dc2b93) slti    s7, s8, -1715
core   0: 0 0x8000acfe (0x94dc2b93) x23 0x00000000
core   0: 0x8000ad02 (0x6022da97) auipc   s5, 0x6022d
core   0: 0 0x8000ad02 (0x6022da97) x21 0xe0237d02
core   0: 0x8000ad06 (0x0087ac33) slt     s8, a5, s0
core   0: 0 0x8000ad06 (0x0087ac33) x24 0x00000001
core   0: 0x8000ad0a (0x008f5ab3) srl     s5, t5, s0
core   0: 0 0x8000ad0a (0x008f5ab3) x21 0x00000000
core   0: 0x8000ad0e (0x0242e463) bltu    t0, tp, pc + 40
core   0: 0 0x8000ad0e (0x0242e463)
core   0: 0x8000ad12 (0x87effb93) andi    s7, t6, -1922
core   0: 0 0x8000ad12 (0x87effb93) x23 0xfffff800
core   0: 0x8000ad16 (0xd0c87a37) lui     s4, 0xd0c87
core   0: 0 0x8000ad16 (0xd0c87a37) x20 0xd0c87000
core   0: 0x8000ad1a (0x0ff0000f) fence   iorw,iorw
core   0: 0 0x8000ad1a (0x0ff0000f)
core   0: 0x8000ad1e (0xa1112913) slti    s2, sp, -1519
core   0: 0 0x8000ad1e (0xa1112913) x18 0x00000000
core   0: 0x8000ad22 (0x00f518b3) sll     a7, a0, a5
core   0: 0 0x8000ad22 (0x00f518b3) x17 0x00000070
core   0: 0x8000ad26 (0x03645eb3) divu    t4, s0, s6
core   0: 0 0x8000ad26 (0x03645eb3) x29 0x00000001
core   0: 0x8000ad2a (0xce1e4a97) auipc   s5, 0xce1e4
core   0: 0 0x8000ad2a (0xce1e4a97) x21 0x4e1eed2a
core   0: 0x8000ad2e (0x0000ca9d) c.beqz  a3, pc + 54
core   0: 0 0x8000ad2e (0xca9d)
core   0: 0x8000ad30 (0x00008e65) c.and   a2, s1
core   0: 0 0x8000ad30 (0x8e65) x12 0x00000001
core   0: 0x8000ad32 (0x00072c33) slt     s8, a4, zero
core   0: 0 0x8000ad32 (0x00072c33) x24 0x00000001
core   0: 0x8000ad36 (0x416eda93) srai    s5, t4, 22
core   0: 0 0x8000ad36 (0x416eda93) x21 0x00000000
core   0: 0x8000ad3a (0x00000001) c.nop
core   0: 0 0x8000ad3a (0x0001)
core   0: 0x8000ad3c (0x0000198c) c.addi4spn a1, sp, 240
core   0: 0 0x8000ad3c (0x198c) x11 0x000000f0
core   0: 0x8000ad3e (0x85d06293) ori     t0, zero, -1955
core   0: 0 0x8000ad3e (0x85d06293) x5  0xfffff85d
core   0: 0x8000ad42 (0x4004d693) srai    a3, s1, 0
core   0: 0 0x8000ad42 (0x4004d693) x13 0x00000001
core   0: 0x8000ad46 (0x03ec8933) mul     s2, s9, t5
core   0: 0 0x8000ad46 (0x03ec8933) x18 0x00000000
core   0: 0x8000ad4a (0x41ac5c33) sra     s8, s8, s10
core   0: 0 0x8000ad4a (0x41ac5c33) x24 0x00000000
core   0: 0x8000ad4e (0x0311d133) divu    sp, gp, a7
core   0: 0 0x8000ad4e (0x0311d133) x2  0x02492490
core   0: 0x8000ad52 (0x000089cd) c.andi  a1, 19
core   0: 0 0x8000ad52 (0x89cd) x11 0x00000010
core   0: 0x8000ad54 (0x03285e33) divu    t3, a6, s2
core   0: 0 0x8000ad54 (0x03285e33) x28 0xffffffff
core   0: 0x8000ad58 (0x890c3013) sltiu   zero, s8, -1904
core   0: 0 0x8000ad58 (0x890c3013)
core   0: 0x8000ad5c (0x03cebfb3) mulhu   t6, t4, t3
core   0: 0 0x8000ad5c (0x03cebfb3) x31 0x00000000
core   0: 0x8000ad60 (0x70c83b93) sltiu   s7, a6, 1804
core   0: 0 0x8000ad60 (0x70c83b93) x23 0x00000000
core   0: 0x8000ad64 (0x016e8b63) beq     t4, s6, pc + 22
core   0: 0 0x8000ad64 (0x016e8b63)
core   0: 0x8000ad68 (0x40cd0f33) sub     t5, s10, a2
core   0: 0 0x8000ad68 (0x40cd0f33) x30 0xfffffcec
core   0: 0x8000ad6c (0x0ff0000f) fence   iorw,iorw
core   0: 0 0x8000ad6c (0x0ff0000f)
core   0: 0x8000ad70 (0x03ae57b3) divu    a5, t3, s10
core   0: 0 0x8000ad70 (0x03ae57b3) x15 0x00000001
core   0: 0x8000ad74 (0x153f21b7) lui     gp, 0x153f2
core   0: 0 0x8000ad74 (0x153f21b7) x3  0x153f2000
core   0: 0x8000ad78 (0x00000ff6) c.slli  t6, 29
core   0: 0 0x8000ad78 (0x0ff6) x31 0x00000000
core   0: 0x8000ad7a (0x00008e5d) c.or    a2, a5
core   0: 0 0x8000ad7a (0x8e5d) x12 0x00000001
core   0: 0x8000ad7c (0x69cce193) ori     gp, s9, 1692
core   0: 0 0x8000ad7c (0x69cce193) x3  0x80025efc
core   0: 0x8000ad80 (0x007811b3) sll     gp, a6, t2
core   0: 0 0x8000ad80 (0x007811b3) x3  0x43300000
core   0: 0x8000ad84 (0x0261a8b3) mulhsu  a7, gp, t1
core   0: 0 0x8000ad84 (0x0261a8b3) x17 0x00000000
core   0: 0x8000ad88 (0x000057fd) c.li    a5, -1
core   0: 0 0x8000ad88 (0x57fd) x15 0xffffffff
core   0: 0x8000ad8a (0x013d9ab3) sll     s5, s11, s3
core   0: 0 0x8000ad8a (0x013d9ab3) x21 0x00000000
core   0: 0x8000ad8e (0x005c6733) or      a4, s8, t0
core   0: 0 0x8000ad8e (0x005c6733) x14 0xfffff85d
core   0: 0x8000ad92 (0x0345a5b3) mulhsu  a1, a1, s4
core   0: 0 0x8000ad92 (0x0345a5b3) x11 0x0000000d
core   0: 0x8000ad96 (0x00008c15) c.sub   s0, a3
core   0: 0 0x8000ad96 (0x8c15) x8  0x7ffcb1fb
core   0: 0x8000ad98 (0x36c8cd13) xori    s10, a7, 876
core   0: 0 0x8000ad98 (0x36c8cd13) x26 0x0000036c
core   0: 0x8000ad9c (0x00006111) c.addi16sp sp, 256
core   0: 0 0x8000ad9c (0x6111) x2  0x02492590
core   0: 0x8000ad9e (0x0000073e) c.slli  a4, 15
core   0: 0 0x8000ad9e (0x073e) x14 0xfc2e8000
core   0: 0x8000ada0 (0x00008cc1) c.or    s1, s0
core   0: 0 0x8000ada0 (0x8cc1) x9  0x7ffcb1fb
core   0: 0x8000ada2 (0x00008e51) c.or    a2, a2
core   0: 0 0x8000ada2 (0x8e51) x12 0x00000001
core   0: 0x8000ada4 (0x00008eb9) c.xor   a3, a4
core   0: 0 0x8000ada4 (0x8eb9) x13 0xfc2e8001
core   0: 0x8000ada6 (0x0331f363) bgeu    gp, s3, pc + 38
core   0: 0 0x8000ada6 (0x0331f363)
core   0: 0x8000adaa (0x04b95663) bge     s2, a1, pc + 76
core   0: 0 0x8000adaa (0x04b95663)
core   0: 0x8000adae (0x40f6d1b3) sra     gp, a3, a5
core   0: 0 0x8000adae (0x40f6d1b3) x3  0xffffffff
core   0: 0x8000adb2 (0x01eb2fb3) slt     t6, s6, t5
core   0: 0 0x8000adb2 (0x01eb2fb3) x31 0x00000000
core   0: 0x8000adb6 (0x013a9893) slli    a7, s5, 19
core   0: 0 0x8000adb6 (0x013a9893) x17 0x00000000
core   0: 0x8000adba (0x013dcd33) xor     s10, s11, s3
core   0: 0 0x8000adba (0x013dcd33) x26 0x00021e44
core   0: 0x8000adbe (0x7d275337) lui     t1, 0x7d275
core   0: 0 0x8000adbe (0x7d275337) x6  0x7d275000
core   0: 0x8000adc2 (0x00008cb1) c.xor   s1, a2
core   0: 0 0x8000adc2 (0x8cb1) x9  0x7ffcb1fa
core   0: 0x8000adc4 (0x41d15e93) srai    t4, sp, 29
core   0: 0 0x8000adc4 (0x41d15e93) x29 0x00000000
core   0: 0x8000adc8 (0x0000100f) fence.i
core   0: 0 0x8000adc8 (0x0000100f)
core   0: 0x8000adcc (0x41b0d113) srai    sp, ra, 27
core   0: 0 0x8000adcc (0x41b0d113) x2  0x00000000
core   0: 0x8000add0 (0x00ae8733) add     a4, t4, a0
core   0: 0 0x8000add0 (0x00ae8733) x14 0x00000070
core   0: 0x8000add4 (0x93362913) slti    s2, a2, -1741
core   0: 0 0x8000add4 (0x93362913) x18 0x00000000
core   0: 0x8000add8 (0x00aa0833) add     a6, s4, a0
core   0: 0 0x8000add8 (0x00aa0833) x16 0xd0c87070
core   0: 0x8000addc (0x00c2dd33) srl     s10, t0, a2
core   0: 0 0x8000addc (0x00c2dd33) x26 0x7ffffc2e
core   0: 0x8000ade0 (0xbc298393) addi    t2, s3, -1086
core   0: 0 0x8000ade0 (0xbc298393) x7  0x80021a06
core   0: 0x8000ade4 (0x00aab6b3) sltu    a3, s5, a0
core   0: 0 0x8000ade4 (0x00aab6b3) x13 0x00000001
core   0: 0x8000ade8 (0x0000e585) c.bnez  a1, pc + 40
core   0: 0 0x8000ade8 (0xe585)
core   0: 0x8000ae10 (0x7be9ba93) sltiu   s5, s3, 1982
core   0: 0 0x8000ae10 (0x7be9ba93) x21 0x00000000
core   0: 0x8000ae14 (0x0ff0000f) fence   iorw,iorw
core   0: 0 0x8000ae14 (0x0ff0000f)
core   0: 0x8000ae18 (0x01179a13) slli    s4, a5, 17
core   0: 0 0x8000ae18 (0x01179a13) x20 0xfffe0000
core   0: 0x8000ae1c (0x419254b3) sra     s1, tp, s9
core   0: 0 0x8000ae1c (0x419254b3) x9  0x00012e72
core   0: 0x8000ae20 (0x0013b8b3) sltu    a7, t2, ra
core   0: 0 0x8000ae20 (0x0013b8b3) x17 0x00000000
core   0: 0x8000ae24 (0x000012fd) c.addi  t0, -1
core   0: 0 0x8000ae24 (0x12fd) x5  0xfffff85c
core   0: 0x8000ae26 (0x03746333) rem     t1, s0, s7
core   0: 0 0x8000ae26 (0x03746333) x6  0x7ffcb1fb
core   0: 0x8000ae2a (0x024204b3) mul     s1, tp, tp
core   0: 0 0x8000ae2a (0x024204b3) x9  0x512ac400
core   0: 0x8000ae2e (0x0000587d) c.li    a6, -1
core   0: 0 0x8000ae2e (0x587d) x16 0xffffffff
core   0: 0x8000ae30 (0x19ec3893) sltiu   a7, s8, 414
core   0: 0 0x8000ae30 (0x19ec3893) x17 0x00000001
core   0: 0x8000ae34 (0x00009a7d) c.andi  a2, -1
core   0: 0 0x8000ae34 (0x9a7d) x12 0x00000001
core   0: 0x8000ae36 (0x0000100f) fence.i
core   0: 0 0x8000ae36 (0x0000100f)
core   0: 0x8000ae3a (0x006ed193) srli    gp, t4, 6
core   0: 0 0x8000ae3a (0x006ed193) x3  0x00000000
core   0: 0x8000ae3e (0x0237b933) mulhu   s2, a5, gp
core   0: 0 0x8000ae3e (0x0237b933) x18 0x00000000
core   0: 0x8000ae42 (0x0000ec95) c.bnez  s1, pc + 60
core   0: 0 0x8000ae42 (0xec95)
core   0: 0x8000ae7e (0x00009be2) c.add   s7, s8
core   0: 0 0x8000ae7e (0x9be2) x23 0x00000000
core   0: 0x8000ae80 (0x02294233) div     tp, s2, sp
core   0: 0 0x8000ae80 (0x02294233) x4  0xffffffff
core   0: 0x8000ae84 (0x024524b3) mulhsu  s1, a0, tp
core   0: 0 0x8000ae84 (0x024524b3) x9  0x0000006f
core   0: 0x8000ae88 (0x031f3733) mulhu   a4, t5, a7
core   0: 0 0x8000ae88 (0x031f3733) x14 0x00000000
core   0: 0x8000ae8c (0x00000b12) c.slli  s6, 4
core   0: 0 0x8000ae8c (0x0b12) x22 0xc9188660
core   0: 0x8000ae8e (0x026c4133) div     sp, s8, t1
core   0: 0 0x8000ae8e (0x026c4133) x2  0x00000000
core   0: 0x8000ae92 (0x00008bad) c.andi  a5, 11
core   0: 0 0x8000ae92 (0x8bad) x15 0x0000000b
core   0: 0x8000ae94 (0x000092c2) c.add   t0, a6
core   0: 0 0x8000ae94 (0x92c2) x5  0xfffff85b
core   0: 0x8000ae96 (0xc6993013) sltiu   zero, s2, -919
core   0: 0 0x8000ae96 (0xc6993013)
core   0: 0x8000ae9a (0x003d6333) or      t1, s10, gp
core   0: 0 0x8000ae9a (0x003d6333) x6  0x7ffffc2e
core   0: 0x8000ae9e (0x0055da33) srl     s4, a1, t0
core   0: 0 0x8000ae9e (0x0055da33) x20 0x00000000
core   0: 0x8000aea2 (0x3c676213) ori     tp, a4, 966
core   0: 0 0x8000aea2 (0x3c676213) x4  0x000003c6
core   0: 0x8000aea6 (0x1ffc7e37) lui     t3, 0x1ffc7
core   0: 0 0x8000aea6 (0x1ffc7e37) x28 0x1ffc7000
core   0: 0x8000aeaa (0x00000001) c.nop
core   0: 0 0x8000aeaa (0x0001)
core   0: 0x8000aeac (0x00a9d2b3) srl     t0, s3, a0
core   0: 0 0x8000aeac (0x00a9d2b3) x5  0x00008002
core   0: 0x8000aeb0 (0x01d69093) slli    ra, a3, 29
core   0: 0 0x8000aeb0 (0x01d69093) x1  0x20000000
core   0: 0x8000aeb4 (0x025615b3) mulh    a1, a2, t0
core   0: 0 0x8000aeb4 (0x025615b3) x11 0x00000000
core   0: 0x8000aeb8 (0x0073d433) srl     s0, t2, t2
core   0: 0 0x8000aeb8 (0x0073d433) x8  0x02000868
core   0: 0x8000aebc (0x001c86b3) add     a3, s9, ra
core   0: 0 0x8000aebc (0x001c86b3) x13 0xa0025ce4
core   0: 0x8000aec0 (0x027bdb63) bge     s7, t2, pc + 54
core   0: 0 0x8000aec0 (0x027bdb63)
core   0: 0x8000aef6 (0x0000c319) c.beqz  a4, pc + 6
core   0: 0 0x8000aef6 (0xc319)
core   0: 0x8000aefc (0x022dd663) bge     s11, sp, pc + 44
core   0: 0 0x8000aefc (0x022dd663)
core   0: 0x8000af00 (0x01147133) and     sp, s0, a7
core   0: 0 0x8000af00 (0x01147133) x2  0x00000000
core   0: 0x8000af04 (0xd5aa7213) andi    tp, s4, -678
core   0: 0 0x8000af04 (0xd5aa7213) x4  0x00000000
core   0: 0x8000af08 (0x000098ce) c.add   a7, s3
core   0: 0 0x8000af08 (0x98ce) x17 0x80021e45
core   0: 0x8000af0a (0x010e2d33) slt     s10, t3, a6
core   0: 0 0x8000af0a (0x010e2d33) x26 0x00000000
core   0: 0x8000af0e (0x21a8b593) sltiu   a1, a7, 538
core   0: 0 0x8000af0e (0x21a8b593) x11 0x00000000
core   0: 0x8000af12 (0x0000167d) c.addi  a2, -1
core   0: 0 0x8000af12 (0x167d) x12 0x00000000
core   0: 0x8000af14 (0x03c5b7b3) mulhu   a5, a1, t3
core   0: 0 0x8000af14 (0x03c5b7b3) x15 0x00000000
core   0: 0x8000af18 (0x02737e33) remu    t3, t1, t2
core   0: 0 0x8000af18 (0x02737e33) x28 0x7ffffc2e
core   0: 0x8000af1c (0x9f4fb2b7) lui     t0, 0x9f4fb
core   0: 0 0x8000af1c (0x9f4fb2b7) x5  0x9f4fb000
core   0: 0x8000af20 (0x02bde333) rem     t1, s11, a1
core   0: 0 0x8000af20 (0x02bde333) x6  0x80000000
core   0: 0x8000af24 (0x00008c8d) c.sub   s1, a1
core   0: 0 0x8000af24 (0x8c8d) x9  0x0000006f
core   0: 0x8000af26 (0x00008c79) c.and   s0, a4
core   0: 0 0x8000af26 (0x8c79) x8  0x00000000
core   0: 0x8000af28 (0x02a1e3b3) rem     t2, gp, a0
core   0: 0 0x8000af28 (0x02a1e3b3) x7  0x00000000
core   0: 0x8000af2c (0x03e0eeb3) rem     t4, ra, t5
core   0: 0 0x8000af2c (0x03e0eeb3) x29 0x000000d0
core   0: 0x8000af30 (0x018bf833) and     a6, s7, s8
core   0: 0 0x8000af30 (0x018bf833) x16 0x00000000
core   0: 0x8000af34 (0x020a0363) beqz    s4, pc + 38
core   0: 0 0x8000af34 (0x020a0363)
core   0: 0x8000af5a (0x03aa2fb3) mulhsu  t6, s4, s10
core   0: 0 0x8000af5a (0x03aa2fb3) x31 0x00000000
core   0: 0x8000af5e (0xe0018517) auipc   a0, 0xe0018
core   0: 0 0x8000af5e (0xe0018517) x10 0x60022f5e
core   0: 0x8000af62 (0x00008cd9) c.or    s1, a4
core   0: 0 0x8000af62 (0x8cd9) x9  0x0000006f
core   0: 0x8000af64 (0x01299d33) sll     s10, s3, s2
core   0: 0 0x8000af64 (0x01299d33) x26 0x80021e44
core   0: 0x8000af68 (0x0000890d) c.andi  a0, 3
core   0: 0 0x8000af68 (0x890d) x10 0x00000002
core   0: 0x8000af6a (0x03abde33) divu    t3, s7, s10
core   0: 0 0x8000af6a (0x03abde33) x28 0x00000000
core   0: 0x8000af6e (0x40538f33) sub     t5, t2, t0
core   0: 0 0x8000af6e (0x40538f33) x30 0x60b05000
core   0: 0x8000af72 (0x01b594b3) sll     s1, a1, s11
core   0: 0 0x8000af72 (0x01b594b3) x9  0x00000000
core   0: 0x8000af76 (0x0000e499) c.bnez  s1, pc + 14
core   0: 0 0x8000af76 (0xe499)
core   0: 0x8000af78 (0x00000001) c.nop
core   0: 0 0x8000af78 (0x0001)
core   0: 0x8000af7a (0x0000916e) c.add   sp, s11
core   0: 0 0x8000af7a (0x916e) x2  0x80000000
core   0: 0x8000af7c (0xb7b68413) addi    s0, a3, -1157
core   0: 0 0x8000af7c (0xb7b68413) x8  0xa002585f
core   0: 0x8000af80 (0x40035513) srai    a0, t1, 0
core   0: 0 0x8000af80 (0x40035513) x10 0x80000000
core   0: 0x8000af84 (0x0000717d) c.addi16sp sp, -16
core   0: 0 0x8000af84 (0x717d) x2  0x7ffffff0
core   0: 0x8000af86 (0x0354e8b3) rem     a7, s1, s5
core   0: 0 0x8000af86 (0x0354e8b3) x17 0x00000000
core   0: 0x8000af8a (0x363fe297) auipc   t0, 0x363fe
core   0: 0 0x8000af8a (0x363fe297) x5  0xb6408f8a
core   0: 0x8000af8e (0x58f4eab7) lui     s5, 0x58f4e
core   0: 0 0x8000af8e (0x58f4eab7) x21 0x58f4e000
core   0: 0x8000af92 (0x019a9a33) sll     s4, s5, s9
core   0: 0 0x8000af92 (0x019a9a33) x20 0x8f4e0000
core   0: 0x8000af96 (0x027f0f63) beq     t5, t2, pc + 62
core   0: 0 0x8000af96 (0x027f0f63)
core   0: 0x8000af9a (0x53cc47b7) lui     a5, 0x53cc4
core   0: 0 0x8000af9a (0x53cc47b7) x15 0x53cc4000
core   0: 0x8000af9e (0x4170d6b3) sra     a3, ra, s7
core   0: 0 0x8000af9e (0x4170d6b3) x13 0x20000000
core   0: 0x8000afa2 (0xc1ce3e97) auipc   t4, 0xc1ce3
core   0: 0 0x8000afa2 (0xc1ce3e97) x29 0x41cedfa2
core   0: 0x8000afa6 (0x00008dcd) c.or    a1, a1
core   0: 0 0x8000afa6 (0x8dcd) x11 0x00000000
core   0: 0x8000afa8 (0x00008da1) c.xor   a1, s0
core   0: 0 0x8000afa8 (0x8da1) x11 0xa002585f
core   0: 0x8000afaa (0x81687713) andi    a4, a6, -2026
core   0: 0 0x8000afaa (0x81687713) x14 0x00000000
core   0: 0x8000afae (0x40d65933) sra     s2, a2, a3
core   0: 0 0x8000afae (0x40d65933) x18 0x00000000
core   0: 0x8000afb2 (0x000acab3) xor     s5, s5, zero
core   0: 0 0x8000afb2 (0x000acab3) x21 0x58f4e000
core   0: 0x8000afb6 (0x00008c35) c.xor   s0, a3
core   0: 0 0x8000afb6 (0x8c35) x8  0x8002585f
core   0: 0x8000afb8 (0x009f1e13) slli    t3, t5, 9
core   0: 0 0x8000afb8 (0x009f1e13) x28 0x60a00000
core   0: 0x8000afbc (0x000016fd) c.addi  a3, -1
core   0: 0 0x8000afbc (0x16fd) x13 0x1fffffff
core   0: 0x8000afbe (0x01c0df93) srli    t6, ra, 28
core   0: 0 0x8000afbe (0x01c0df93) x31 0x00000002
core   0: 0x8000afc2 (0x013c9263) bne     s9, s3, pc + 4
core   0: 0 0x8000afc2 (0x013c9263)
core   0: 0x8000afc6 (0x0000100f) fence.i
core   0: 0 0x8000afc6 (0x0000100f)
core   0: 0x8000afca (0x01d3c6b3) xor     a3, t2, t4
core   0: 0 0x8000afca (0x01d3c6b3) x13 0x41cedfa2
core   0: 0x8000afce (0x00008031) c.srli  s0, 12
core   0: 0 0x8000afce (0x8031) x8  0x00080025
core   0: 0x8000afd0 (0x859ad337) lui     t1, 0x859ad
core   0: 0 0x8000afd0 (0x859ad337) x6  0x859ad000
core   0: 0x8000afd4 (0x00a2c5b3) xor     a1, t0, a0
core   0: 0 0x8000afd4 (0x00a2c5b3) x11 0x36408f8a
core   0: 0x8000afd8 (0x00b32b33) slt     s6, t1, a1
core   0: 0 0x8000afd8 (0x00b32b33) x22 0x00000001
core   0: 0x8000afdc (0x03e3e233) rem     tp, t2, t5
core   0: 0 0x8000afdc (0x03e3e233) x4  0x00000000
core   0: 0x8000afe0 (0x040d6293) ori     t0, s10, 64
core   0: 0 0x8000afe0 (0x040d6293) x5  0x80021e44
core   0: 0x8000afe4 (0x00a98b33) add     s6, s3, a0
core   0: 0 0x8000afe4 (0x00a98b33) x22 0x00021e44
core   0: 0x8000afe8 (0x0358e333) rem     t1, a7, s5
core   0: 0 0x8000afe8 (0x0358e333) x6  0x00000000
core   0: 0x8000afec (0x01aa0833) add     a6, s4, s10
core   0: 0 0x8000afec (0x01aa0833) x16 0x0f501e44
core   0: 0x8000aff0 (0x00000001) c.nop
core   0: 0 0x8000aff0 (0x0001)
core   0: 0x8000aff2 (0x00181413) slli    s0, a6, 1
core   0: 0 0x8000aff2 (0x00181413) x8  0x1ea03c88
core   0: 0x8000aff6 (0x00000001) c.nop
core   0: 0 0x8000aff6 (0x0001)
core   0: 0x8000aff8 (0x01d72d33) slt     s10, a4, t4
core   0: 0 0x8000aff8 (0x01d72d33) x26 0x00000001
core   0: 0x8000affc (0x41118733) sub     a4, gp, a7
core   0: 0 0x8000affc (0x41118733) x14 0x00000000
core   0: 0x8000b000 (0x0000100f) fence.i
core   0: 0 0x8000b000 (0x0000100f)
core   0: 0x8000b004 (0x27710413) addi    s0, sp, 631
core   0: 0 0x8000b004 (0x27710413) x8  0x80000267
core   0: 0x8000b008 (0x02e3fbb3) remu    s7, t2, a4
core   0: 0 0x8000b008 (0x02e3fbb3) x23 0x00000000
core   0: 0x8000b00c (0x037a03b3) mul     t2, s4, s7
core   0: 0 0x8000b00c (0x037a03b3) x7  0x00000000
core   0: 0x8000b010 (0xf1c52713) slti    a4, a0, -228
core   0: 0 0x8000b010 (0xf1c52713) x14 0x00000001
core   0: 0x8000b014 (0x03a6ba33) mulhu   s4, a3, s10
core   0: 0 0x8000b014 (0x03a6ba33) x20 0x00000000
core   0: 0x8000b018 (0x00c7d333) srl     t1, a5, a2
core   0: 0 0x8000b018 (0x00c7d333) x6  0x53cc4000
core   0: 0x8000b01c (0x0fac4f93) xori    t6, s8, 250
core   0: 0 0x8000b01c (0x0fac4f93) x31 0x000000fa
core   0: 0x8000b020 (0x00dfe033) or      zero, t6, a3
core   0: 0 0x8000b020 (0x00dfe033)
core   0: 0x8000b024 (0x00008da5) c.xor   a1, s1
core   0: 0 0x8000b024 (0x8da5) x11 0x36408f8a
core   0: 0x8000b026 (0x00000e6e) c.slli  t3, 27
core   0: 0 0x8000b026 (0x0e6e) x28 0x00000000
core   0: 0x8000b028 (0x05260363) beq     a2, s2, pc + 70
core   0: 0 0x8000b028 (0x05260363)
core   0: 0x8000b06e (0x012c34b3) sltu    s1, s8, s2
core   0: 0 0x8000b06e (0x012c34b3) x9  0x00000000
core   0: 0x8000b072 (0x02881233) mulh    tp, a6, s0
core   0: 0 0x8000b072 (0x02881233) x4  0xf857f102
core   0: 0x8000b076 (0x00006831) c.lui   a6, 0xc
core   0: 0 0x8000b076 (0x6831) x16 0x0000c000
core   0: 0x8000b078 (0x00f5db33) srl     s6, a1, a5
core   0: 0 0x8000b078 (0x00f5db33) x22 0x36408f8a
core   0: 0x8000b07c (0x00008f59) c.or    a4, a4
core   0: 0 0x8000b07c (0x8f59) x14 0x00000001
core   0: 0x8000b07e (0x000003f2) c.slli  t2, 28
core   0: 0 0x8000b07e (0x03f2) x7  0x00000000
core   0: 0x8000b080 (0x00000d2e) c.slli  s10, 11
core   0: 0 0x8000b080 (0x0d2e) x26 0x00000800
core   0: 0x8000b082 (0x40935893) srai    a7, t1, 9
core   0: 0 0x8000b082 (0x40935893) x17 0x0029e620
core   0: 0x8000b086 (0x00434533) xor     a0, t1, tp
core   0: 0 0x8000b086 (0x00434533) x10 0xab9bb102
core   0: 0x8000b08a (0x0000100f) fence.i
core   0: 0 0x8000b08a (0x0000100f)
core   0: 0x8000b08e (0x0000ef11) c.bnez  a4, pc + 28
core   0: 0 0x8000b08e (0xef11)
core   0: 0x8000b0aa (0x0ff0000f) fence   iorw,iorw
core   0: 0 0x8000b0aa (0x0ff0000f)
core   0: 0x8000b0ae (0x00009bfd) c.andi  a5, -1
core   0: 0 0x8000b0ae (0x9bfd) x15 0x53cc4000
core   0: 0x8000b0b0 (0x0000c519) c.beqz  a0, pc + 14
core   0: 0 0x8000b0b0 (0xc519)
core   0: 0x8000b0b2 (0x00006c59) c.lui   s8, 0x16
core   0: 0 0x8000b0b2 (0x6c59) x24 0x00016000
core   0: 0x8000b0b4 (0x05258813) addi    a6, a1, 82
core   0: 0 0x8000b0b4 (0x05258813) x16 0x36408fdc
core   0: 0x8000b0b8 (0x01ef7633) and     a2, t5, t5
core   0: 0 0x8000b0b8 (0x01ef7633) x12 0x60b05000
core   0: 0x8000b0bc (0x0000981a) c.add   a6, t1
core   0: 0 0x8000b0bc (0x981a) x16 0x8a0ccfdc
core   0: 0x8000b0be (0x0000018c) c.addi4spn a1, sp, 192
core   0: 0 0x8000b0be (0x018c) x11 0x800000b0
core   0: 0x8000b0c0 (0x00001d90) c.addi4spn a2, sp, 752
core   0: 0 0x8000b0c0 (0x1d90) x12 0x800002e0
core   0: 0x8000b0c2 (0x00918d33) add     s10, gp, s1
core   0: 0 0x8000b0c2 (0x00918d33) x26 0x00000000
core   0: 0x8000b0c6 (0x0000cb85) c.beqz  a5, pc + 48
core   0: 0 0x8000b0c6 (0xcb85)
core   0: 0x8000b0c8 (0x00008061) c.srli  s0, 24
core   0: 0 0x8000b0c8 (0x8061) x8  0x00000080
core   0: 0x8000b0ca (0x00009a3a) c.add   s4, a4
core   0: 0 0x8000b0ca (0x9a3a) x20 0x00000001
core   0: 0x8000b0cc (0x8f7a2e13) slti    t3, s4, -1801
core   0: 0 0x8000b0cc (0x8f7a2e13) x28 0x00000000
core   0: 0x8000b0d0 (0x02512e33) mulhsu  t3, sp, t0
core   0: 0 0x8000b0d0 (0x02512e33) x28 0x40010f19
core   0: 0x8000b0d4 (0x000094d2) c.add   s1, s4
core   0: 0 0x8000b0d4 (0x94d2) x9  0x00000001
core   0: 0x8000b0d6 (0xfc79dbb7) lui     s7, 0xfc79d
core   0: 0 0x8000b0d6 (0xfc79dbb7) x23 0xfc79d000
core   0: 0x8000b0da (0x000081d5) c.srli  a1, 21
core   0: 0 0x8000b0da (0x81d5) x11 0x00000400
core   0: 0x8000b0dc (0x0000e121) c.bnez  a0, pc + 64
core   0: 0 0x8000b0dc (0xe121)
core   0: 0x8000b11c (0x00006529) c.lui   a0, 0xa
core   0: 0 0x8000b11c (0x6529) x10 0x0000a000
core   0: 0x8000b11e (0x01a885b3) add     a1, a7, s10
core   0: 0 0x8000b11e (0x01a885b3) x11 0x0029e620
core   0: 0x8000b122 (0x00008eb9) c.xor   a3, a4
core   0: 0 0x8000b122 (0x8eb9) x13 0x41cedfa3
core   0: 0x8000b124 (0x00009a7d) c.andi  a2, -1
core   0: 0 0x8000b124 (0x9a7d) x12 0x800002e0
core   0: 0x8000b126 (0x0132a6b3) slt     a3, t0, s3
core   0: 0 0x8000b126 (0x0132a6b3) x13 0x00000000
core   0: 0x8000b12a (0x03e3c5b3) div     a1, t2, t5
core   0: 0 0x8000b12a (0x03e3c5b3) x11 0x00000000
core   0: 0x8000b12e (0x41dadb33) sra     s6, s5, t4
core   0: 0 0x8000b12e (0x41dadb33) x22 0x163d3800
core   0: 0x8000b132 (0x00008ac9) c.andi  a3, 18
core   0: 0 0x8000b132 (0x8ac9) x13 0x00000000
core   0: 0x8000b134 (0x03cc0133) mul     sp, s8, t3
core   0: 0 0x8000b134 (0x03cc0133) x2  0x74c26000
core   0: 0x8000b138 (0x03622e33) mulhsu  t3, tp, s6
core   0: 0 0x8000b138 (0x03622e33) x28 0xff55b9fd
core   0: 0x8000b13c (0x01caee33) or      t3, s5, t3
core   0: 0 0x8000b13c (0x01caee33) x28 0xfff5f9fd
core   0: 0x8000b140 (0x00008aea) c.mv    s5, s10
core   0: 0 0x8000b140 (0x8aea) x21 0x00000000
core   0: 0x8000b142 (0x02251063) bne     a0, sp, pc + 32
core   0: 0 0x8000b142 (0x02251063)
core   0: 0x8000b162 (0x03ec17b3) mulh    a5, s8, t5
core   0: 0 0x8000b162 (0x03ec17b3) x15 0x000084f2
core   0: 0x8000b166 (0x028efb33) remu    s6, t4, s0
core   0: 0 0x8000b166 (0x028efb33) x22 0x00000022
core   0: 0x8000b16a (0x0149fc33) and     s8, s3, s4
core   0: 0 0x8000b16a (0x0149fc33) x24 0x00000000
core   0: 0x8000b16e (0x00bb7e33) and     t3, s6, a1
core   0: 0 0x8000b16e (0x00bb7e33) x28 0x00000000
core   0: 0x8000b172 (0x00008c89) c.sub   s1, a0
core   0: 0 0x8000b172 (0x8c89) x9  0xffff6001
core   0: 0x8000b174 (0x00008f31) c.xor   a4, a2
core   0: 0 0x8000b174 (0x8f31) x14 0x800002e1
core   0: 0x8000b176 (0xc0b20e93) addi    t4, tp, -1013
core   0: 0 0x8000b176 (0xc0b20e93) x29 0xf857ed0d
core   0: 0x8000b17a (0x00008f39) c.xor   a4, a4
core   0: 0 0x8000b17a (0x8f39) x14 0x00000000
core   0: 0x8000b17c (0x00000001) c.nop
core   0: 0 0x8000b17c (0x0001)
core   0: 0x8000b17e (0x0000e2a9) c.bnez  a3, pc + 66
core   0: 0 0x8000b17e (0xe2a9)
core   0: 0x8000b180 (0x020698b3) mulh    a7, a3, zero
core   0: 0 0x8000b180 (0x020698b3) x17 0x00000000
core   0: 0x8000b184 (0x00000001) c.nop
core   0: 0 0x8000b184 (0x0001)
core   0: 0x8000b186 (0x00bada63) bge     s5, a1, pc + 20
core   0: 0 0x8000b186 (0x00bada63)
core   0: 0x8000b19a (0x018fc0b3) xor     ra, t6, s8
core   0: 0 0x8000b19a (0x018fc0b3) x1  0x000000fa
core   0: 0x8000b19e (0x00008ef1) c.and   a3, a2
core   0: 0 0x8000b19e (0x8ef1) x13 0x00000000
core   0: 0x8000b1a0 (0x02e29063) bne     t0, a4, pc + 32
core   0: 0 0x8000b1a0 (0x02e29063)
core   0: 0x8000b1c0 (0x0169d013) srli    zero, s3, 22
core   0: 0 0x8000b1c0 (0x0169d013)
core   0: 0x8000b1c4 (0x01999263) bne     s3, s9, pc + 4
core   0: 0 0x8000b1c4 (0x01999263)
core   0: 0x8000b1c8 (0x01f4c5b3) xor     a1, s1, t6
core   0: 0 0x8000b1c8 (0x01f4c5b3) x11 0xffff60fb
core   0: 0x8000b1cc (0x0388dc33) divu    s8, a7, s8
core   0: 0 0x8000b1cc (0x0388dc33) x24 0xffffffff
core   0: 0x8000b1d0 (0x00000001) c.nop
core   0: 0 0x8000b1d0 (0x0001)
core   0: 0x8000b1d2 (0x00000631) c.addi  a2, 12
core   0: 0 0x8000b1d2 (0x0631) x12 0x800002ec
core   0: 0x8000b1d4 (0x013c9f13) slli    t5, s9, 19
core   0: 0 0x8000b1d4 (0x013c9f13) x30 0xe7200000
core   0: 0x8000b1d8 (0x0004c333) xor     t1, s1, zero
core   0: 0 0x8000b1d8 (0x0004c333) x6  0xffff6001
core   0: 0x8000b1dc (0x01e79c13) slli    s8, a5, 30
core   0: 0 0x8000b1dc (0x01e79c13) x24 0x80000000
core   0: 0x8000b1e0 (0x00008d29) c.xor   a0, a0
core   0: 0 0x8000b1e0 (0x8d29) x10 0x00000000
core   0: 0x8000b1e2 (0x0143a8b3) slt     a7, t2, s4
core   0: 0 0x8000b1e2 (0x0143a8b3) x17 0x00000001
core   0: 0x8000b1e6 (0x00009836) c.add   a6, a3
core   0: 0 0x8000b1e6 (0x9836) x16 0x8a0ccfdc
core   0: 0x8000b1e8 (0xfb928093) addi    ra, t0, -71
core   0: 0 0x8000b1e8 (0xfb928093) x1  0x80021dfd
core   0: 0x8000b1ec (0x00a624b3) slt     s1, a2, a0
core   0: 0 0x8000b1ec (0x00a624b3) x9  0x00000001
core   0: 0x8000b1f0 (0x029388b3) mul     a7, t2, s1
core   0: 0 0x8000b1f0 (0x029388b3) x17 0x00000000
core   0: 0x8000b1f4 (0x011e0fb3) add     t6, t3, a7
core   0: 0 0x8000b1f4 (0x011e0fb3) x31 0x00000000
core   0: 0x8000b1f8 (0x00000001) c.nop
core   0: 0 0x8000b1f8 (0x0001)
core   0: 0x8000b1fa (0x86fdaa13) slti    s4, s11, -1937
core   0: 0 0x8000b1fa (0x86fdaa13) x20 0x00000001
core   0: 0x8000b1fe (0x8fd0cb93) xori    s7, ra, -1795
core   0: 0 0x8000b1fe (0x8fd0cb93) x23 0x7ffde500
core   0: 0x8000b202 (0x01be4a33) xor     s4, t3, s11
core   0: 0 0x8000b202 (0x01be4a33) x20 0x80000000
core   0: 0x8000b206 (0x02ffa033) mulhsu  zero, t6, a5
core   0: 0 0x8000b206 (0x02ffa033)
core   0: 0x8000b20a (0x41935793) srai    a5, t1, 25
core   0: 0 0x8000b20a (0x41935793) x15 0xffffffff
core   0: 0x8000b20e (0x00008821) c.andi  s0, 8
core   0: 0 0x8000b20e (0x8821) x8  0x00000000
core   0: 0x8000b210 (0x00185f93) srli    t6, a6, 1
core   0: 0 0x8000b210 (0x00185f93) x31 0x450667ee
core   0: 0x8000b214 (0x000f7363) bgeu    t5, zero, pc + 6
core   0: 0 0x8000b214 (0x000f7363)
core   0: 0x8000b21a (0x01258963) beq     a1, s2, pc + 18
core   0: 0 0x8000b21a (0x01258963)
core   0: 0x8000b21e (0x0153abb3) slt     s7, t2, s5
core   0: 0 0x8000b21e (0x0153abb3) x23 0x00000000
core   0: 0x8000b222 (0x0000966e) c.add   a2, s11
core   0: 0 0x8000b222 (0x966e) x12 0x000002ec
core   0: 0x8000b224 (0x01469393) slli    t2, a3, 20
core   0: 0 0x8000b224 (0x01469393) x7  0x00000000
core   0: 0x8000b228 (0x005f2433) slt     s0, t5, t0
core   0: 0 0x8000b228 (0x005f2433) x8  0x00000000
core   0: 0x8000b22c (0x00008f19) c.sub   a4, a4
core   0: 0 0x8000b22c (0x8f19) x14 0x00000000
core   0: 0x8000b22e (0x00fc5fb3) srl     t6, s8, a5
core   0: 0 0x8000b22e (0x00fc5fb3) x31 0x00000001
core   0: 0x8000b232 (0xe49c6713) ori     a4, s8, -439
core   0: 0 0x8000b232 (0xe49c6713) x14 0xfffffe49
core   0: 0x8000b236 (0x014154b3) srl     s1, sp, s4
core   0: 0 0x8000b236 (0x014154b3) x9  0x74c26000
core   0: 0x8000b23a (0x04a5c163) blt     a1, a0, pc + 66
core   0: 0 0x8000b23a (0x04a5c163)
core   0: 0x8000b27c (0x00d1f733) and     a4, gp, a3
core   0: 0 0x8000b27c (0x00d1f733) x14 0x00000000
core   0: 0x8000b280 (0x0000c105) c.beqz  a0, pc + 32
core   0: 0 0x8000b280 (0xc105)
core   0: 0x8000b2a0 (0x01f61293) slli    t0, a2, 31
core   0: 0 0x8000b2a0 (0x01f61293) x5  0x00000000
core   0: 0x8000b2a4 (0x00000001) c.nop
core   0: 0 0x8000b2a4 (0x0001)
core   0: 0x8000b2a6 (0x029ada63) bge     s5, s1, pc + 52
core   0: 0 0x8000b2a6 (0x029ada63)
core   0: 0x8000b2aa (0x40d583b3) sub     t2, a1, a3
core   0: 0 0x8000b2aa (0x40d583b3) x7  0xffff60fb
core   0: 0x8000b2ae (0x0000eb8d) c.bnez  a5, pc + 50
core   0: 0 0x8000b2ae (0xeb8d)
core   0: 0x8000b2e0 (0x00008f31) c.xor   a4, a2
core   0: 0 0x8000b2e0 (0x8f31) x14 0x000002ec
core   0: 0x8000b2e2 (0x40380ab3) sub     s5, a6, gp
core   0: 0 0x8000b2e2 (0x40380ab3) x21 0x8a0ccfdc
core   0: 0x8000b2e6 (0x00008412) c.mv    s0, tp
core   0: 0 0x8000b2e6 (0x8412) x8  0xf857f102
core   0: 0x8000b2e8 (0x02fe67b3) rem     a5, t3, a5
core   0: 0 0x8000b2e8 (0x02fe67b3) x15 0x00000000
core   0: 0x8000b2ec (0x02860033) mul     zero, a2, s0
core   0: 0 0x8000b2ec (0x02860033)
core   0: 0x8000b2f0 (0x0282d933) divu    s2, t0, s0
core   0: 0 0x8000b2f0 (0x0282d933) x18 0x00000000
core   0: 0x8000b2f4 (0x00009a7d) c.andi  a2, -1
core   0: 0 0x8000b2f4 (0x9a7d) x12 0x000002ec
core   0: 0x8000b2f6 (0x00008e69) c.and   a2, a0
core   0: 0 0x8000b2f6 (0x8e69) x12 0x00000000
core   0: 0x8000b2f8 (0x02ec5c33) divu    s8, s8, a4
core   0: 0 0x8000b2f8 (0x02ec5c33) x24 0x002bceb7
core   0: 0x8000b2fc (0x0000717d) c.addi16sp sp, -16
core   0: 0 0x8000b2fc (0x717d) x2  0x74c25ff0
core   0: 0x8000b2fe (0x0000e981) c.bnez  a1, pc + 16
core   0: 0 0x8000b2fe (0xe981)
core   0: 0x8000b30e (0x0399b5b3) mulhu   a1, s3, s9
core   0: 0 0x8000b30e (0x0399b5b3) x11 0x40023d99
core   0: 0x8000b312 (0x00001384) c.addi4spn s1, sp, 480
core   0: 0 0x8000b312 (0x1384) x9  0x74c261d0
core   0: 0x8000b314 (0x0307e0b3) rem     ra, a5, a6
core   0: 0 0x8000b314 (0x0307e0b3) x1  0x00000000
core   0: 0x8000b318 (0x00008bad) c.andi  a5, 11
core   0: 0 0x8000b318 (0x8bad) x15 0x00000000
core   0: 0x8000b31a (0x00000001) c.nop
core   0: 0 0x8000b31a (0x0001)
core   0: 0x8000b31c (0x00bf76b3) and     a3, t5, a1
core   0: 0 0x8000b31c (0x00bf76b3) x13 0x40000000
core   0: 0x8000b320 (0x4f4cd617) auipc   a2, 0x4f4cd
core   0: 0 0x8000b320 (0x4f4cd617) x12 0xcf4d8320
core   0: 0x8000b324 (0x00008631) c.srai  a2, 12
core   0: 0 0x8000b324 (0x8631) x12 0xfffcf4d8
core   0: 0x8000b326 (0x000000ca) c.slli  ra, 18
core   0: 0 0x8000b326 (0x00ca) x1  0x00000000
core   0: 0x8000b328 (0x00008e71) c.and   a2, a2
core   0: 0 0x8000b328 (0x8e71) x12 0xfffcf4d8
core   0: 0x8000b32a (0x0196da33) srl     s4, a3, s9
core   0: 0 0x8000b32a (0x0196da33) x20 0x04000000
core   0: 0x8000b32e (0x057ee263) bltu    t4, s7, pc + 68
core   0: 0 0x8000b32e (0x057ee263)
core   0: 0x8000b332 (0x000015fd) c.addi  a1, -1
core   0: 0 0x8000b332 (0x15fd) x11 0x40023d98
core   0: 0x8000b334 (0x0359c963) blt     s3, s5, pc + 50
core   0: 0 0x8000b334 (0x0359c963)
core   0: 0x8000b366 (0xd007f613) andi    a2, a5, -768
core   0: 0 0x8000b366 (0xd007f613) x12 0x00000000
core   0: 0x8000b36a (0x00004275) c.li    tp, 29
core   0: 0 0x8000b36a (0x4275) x4  0x0000001d
core   0: 0x8000b36c (0x016fa133) slt     sp, t6, s6
core   0: 0 0x8000b36c (0x016fa133) x2  0x00000001
core   0: 0x8000b370 (0x0000597d) c.li    s2, -1
core   0: 0 0x8000b370 (0x597d) x18 0xffffffff
core   0: 0x8000b372 (0x00001bfd) c.addi  s7, -1
core   0: 0 0x8000b372 (0x1bfd) x23 0xffffffff
core   0: 0x8000b374 (0x02306663) bltu    zero, gp, pc + 44
core   0: 0 0x8000b374 (0x02306663)
core   0: 0x8000b378 (0x32fe7393) andi    t2, t3, 815
core   0: 0 0x8000b378 (0x32fe7393) x7  0x00000000
core   0: 0x8000b37c (0x00869413) slli    s0, a3, 8
core   0: 0 0x8000b37c (0x00869413) x8  0x00000000
core   0: 0x8000b380 (0x00c16463) bltu    sp, a2, pc + 8
core   0: 0 0x8000b380 (0x00c16463)
core   0: 0x8000b384 (0x02449463) bne     s1, tp, pc + 40
core   0: 0 0x8000b384 (0x02449463)
core   0: 0x8000b3ac (0x02bc8763) beq     s9, a1, pc + 46
core   0: 0 0x8000b3ac (0x02bc8763)
core   0: 0x8000b3b0 (0x00000001) c.nop
core   0: 0 0x8000b3b0 (0x0001)
core   0: 0x8000b3b2 (0x0000c89d) c.beqz  s1, pc + 54
core   0: 0 0x8000b3b2 (0xc89d)
core   0: 0x8000b3b4 (0x02ded233) divu    tp, t4, a3
core   0: 0 0x8000b3b4 (0x02ded233) x4  0x00000003
core   0: 0x8000b3b8 (0x018be233) or      tp, s7, s8
core   0: 0 0x8000b3b8 (0x018be233) x4  0xffffffff
core   0: 0x8000b3bc (0xeba64a93) xori    s5, a2, -326
core   0: 0 0x8000b3bc (0xeba64a93) x21 0xfffffeba
core   0: 0x8000b3c0 (0x0000cf09) c.beqz  a4, pc + 26
core   0: 0 0x8000b3c0 (0xcf09)
core   0: 0x8000b3c2 (0x025dd533) divu    a0, s11, t0
core   0: 0 0x8000b3c2 (0x025dd533) x10 0xffffffff
core   0: 0x8000b3c6 (0x00008c5d) c.or    s0, a5
core   0: 0 0x8000b3c6 (0x8c5d) x8  0x00000000
core   0: 0x8000b3c8 (0x70adba17) auipc   s4, 0x70adb
core   0: 0 0x8000b3c8 (0x70adba17) x20 0xf0ae63c8
core   0: 0x8000b3cc (0x00000001) c.nop
core   0: 0 0x8000b3cc (0x0001)
core   0: 0x8000b3ce (0x00008f8d) c.sub   a5, a1
core   0: 0 0x8000b3ce (0x8f8d) x15 0xbffdc268
core   0: 0x8000b3d0 (0x0000614d) c.addi16sp sp, 176
core   0: 0 0x8000b3d0 (0x614d) x2  0x000000b1
core   0: 0x8000b3d2 (0x405257b3) sra     a5, tp, t0
core   0: 0 0x8000b3d2 (0x405257b3) x15 0xffffffff
core   0: 0x8000b3d6 (0x01428963) beq     t0, s4, pc + 18
core   0: 0 0x8000b3d6 (0x01428963)
core   0: 0x8000b3da (0x000087b9) c.srai  a5, 14
core   0: 0 0x8000b3da (0x87b9) x15 0xffffffff
core   0: 0x8000b3dc (0x41090613) addi    a2, s2, 1040
core   0: 0 0x8000b3dc (0x41090613) x12 0x0000040f
core   0: 0x8000b3e0 (0x000018fd) c.addi  a7, -1
core   0: 0 0x8000b3e0 (0x18fd) x17 0xffffffff
core   0: 0x8000b3e2 (0x08660413) addi    s0, a2, 134
core   0: 0 0x8000b3e2 (0x08660413) x8  0x00000495
core   0: 0x8000b3e6 (0x0000717d) c.addi16sp sp, -16
core   0: 0 0x8000b3e6 (0x717d) x2  0x000000a1
core   0: 0x8000b3e8 (0x00008265) c.srli  a2, 25
core   0: 0 0x8000b3e8 (0x8265) x12 0x00000000
core   0: 0x8000b3ea (0x00008c99) c.sub   s1, a4
core   0: 0 0x8000b3ea (0x8c99) x9  0x74c25ee4
core   0: 0x8000b3ec (0x00001e80) c.addi4spn s0, sp, 880
core   0: 0 0x8000b3ec (0x1e80) x8  0x00000411
core   0: 0x8000b3ee (0x00000001) c.nop
core   0: 0 0x8000b3ee (0x0001)
core   0: 0x8000b3f0 (0x0000877d) c.srai  a4, 31
core   0: 0 0x8000b3f0 (0x877d) x14 0x00000000
core   0: 0x8000b3f2 (0x40ba0bb3) sub     s7, s4, a1
core   0: 0 0x8000b3f2 (0x40ba0bb3) x23 0xb0ac2630
core   0: 0x8000b3f6 (0x0284f763) bgeu    s1, s0, pc + 46
core   0: 0 0x8000b3f6 (0x0284f763)
core   0: 0x8000b424 (0x00006931) c.lui   s2, 0xc
core   0: 0 0x8000b424 (0x6931) x18 0x0000c000
core   0: 0x8000b426 (0x02763eb3) mulhu   t4, a2, t2
core   0: 0 0x8000b426 (0x02763eb3) x29 0x00000000
core   0: 0x8000b42a (0x00008cdd) c.or    s1, a5
core   0: 0 0x8000b42a (0x8cdd) x9  0xffffffff
core   0: 0x8000b42c (0x02e99933) mulh    s2, s3, a4
core   0: 0 0x8000b42c (0x02e99933) x18 0x00000000
core   0: 0x8000b430 (0x52304613) xori    a2, zero, 1315
core   0: 0 0x8000b430 (0x52304613) x12 0x00000523
core   0: 0x8000b434 (0x403b00b3) sub     ra, s6, gp
core   0: 0 0x8000b434 (0x403b00b3) x1  0x00000022
core   0: 0x8000b438 (0x00008cc1) c.or    s1, s0
core   0: 0 0x8000b438 (0x8cc1) x9  0xffffffff
core   0: 0x8000b43a (0x0ff0000f) fence   iorw,iorw
core   0: 0 0x8000b43a (0x0ff0000f)
core   0: 0x8000b43e (0x00008efa) c.mv    t4, t5
core   0: 0 0x8000b43e (0x8efa) x29 0xe7200000
core   0: 0x8000b440 (0x00008f5e) c.mv    t5, s7
core   0: 0 0x8000b440 (0x8f5e) x30 0xb0ac2630
core   0: 0x8000b442 (0x00000b5a) c.slli  s6, 22
core   0: 0 0x8000b442 (0x0b5a) x22 0x08800000
core   0: 0x8000b444 (0x0000997d) c.andi  a0, -1
core   0: 0 0x8000b444 (0x997d) x10 0xffffffff
core   0: 0x8000b446 (0x0000434d) c.li    t1, 19
core   0: 0 0x8000b446 (0x434d) x6  0x00000013
core   0: 0x8000b448 (0x00009ef6) c.add   t4, t4
core   0: 0 0x8000b448 (0x9ef6) x29 0xce400000
core   0: 0x8000b44a (0x01695193) srli    gp, s2, 22
core   0: 0 0x8000b44a (0x01695193) x3  0x00000000
core   0: 0x8000b44e (0x005f6d33) or      s10, t5, t0
core   0: 0 0x8000b44e (0x005f6d33) x26 0xb0ac2630
core   0: 0x8000b452 (0x00338433) add     s0, t2, gp
core   0: 0 0x8000b452 (0x00338433) x8  0x00000000
core   0: 0x8000b456 (0xf6968013) addi    zero, a3, -151
core   0: 0 0x8000b456 (0xf6968013)
core   0: 0x8000b45a (0x0158bc33) sltu    s8, a7, s5
core   0: 0 0x8000b45a (0x0158bc33) x24 0x00000000
core   0: 0x8000b45e (0xae317b93) andi    s7, sp, -1309
core   0: 0 0x8000b45e (0xae317b93) x23 0x000000a1
core   0: 0x8000b462 (0x0300f733) remu    a4, ra, a6
core   0: 0 0x8000b462 (0x0300f733) x14 0x00000022
core   0: 0x8000b466 (0x00009a7d) c.andi  a2, -1
core   0: 0 0x8000b466 (0x9a7d) x12 0x00000523
core   0: 0x8000b468 (0x01202c33) slt     s8, zero, s2
core   0: 0 0x8000b468 (0x01202c33) x24 0x00000000
core   0: 0x8000b46c (0x41cbdf93) srai    t6, s7, 28
core   0: 0 0x8000b46c (0x41cbdf93) x31 0x00000000
core   0: 0x8000b470 (0x02a12fb3) mulhsu  t6, sp, a0
core   0: 0 0x8000b470 (0x02a12fb3) x31 0x000000a0
core   0: 0x8000b474 (0x02431463) bne     t1, tp, pc + 40
core   0: 0 0x8000b474 (0x02431463)
core   0: 0x8000b49c (0x00000001) c.nop
core   0: 0 0x8000b49c (0x0001)
core   0: 0x8000b49e (0x01064033) xor     zero, a2, a6
core   0: 0 0x8000b49e (0x01064033)
core   0: 0x8000b4a2 (0x0000654d) c.lui   a0, 0x13
core   0: 0 0x8000b4a2 (0x654d) x10 0x00013000
core   0: 0x8000b4a4 (0x632ee593) ori     a1, t4, 1586
core   0: 0 0x8000b4a4 (0x632ee593) x11 0xce400632
core   0: 0x8000b4a8 (0x0000611d) c.addi16sp sp, 416
core   0: 0 0x8000b4a8 (0x611d) x2  0x00000241
core   0: 0x8000b4aa (0x00008c95) c.sub   s1, a3
core   0: 0 0x8000b4aa (0x8c95) x9  0xbfffffff
core   0: 0x8000b4ac (0x021414b3) mulh    s1, s0, ra
core   0: 0 0x8000b4ac (0x021414b3) x9  0x00000000
core   0: 0x8000b4b0 (0x00000521) c.addi  a0, 8
core   0: 0 0x8000b4b0 (0x0521) x10 0x00013008
core   0: 0x8000b4b2 (0x0000c01d) c.beqz  s0, pc + 38
core   0: 0 0x8000b4b2 (0xc01d)
core   0: 0x8000b4d8 (0x0084d313) srli    t1, s1, 8
core   0: 0 0x8000b4d8 (0x0084d313) x6  0x00000000
core   0: 0x8000b4dc (0x01830f33) add     t5, t1, s8
core   0: 0 0x8000b4dc (0x01830f33) x30 0x00000000
core   0: 0x8000b4e0 (0x0040f463) bgeu    ra, tp, pc + 8
core   0: 0 0x8000b4e0 (0x0040f463)
core   0: 0x8000b4e4 (0x03bf4833) div     a6, t5, s11
core   0: 0 0x8000b4e4 (0x03bf4833) x16 0x00000000
core   0: 0x8000b4e8 (0x03055733) divu    a4, a0, a6
core   0: 0 0x8000b4e8 (0x03055733) x14 0xffffffff
core   0: 0x8000b4ec (0x00c8a133) slt     sp, a7, a2
core   0: 0 0x8000b4ec (0x00c8a133) x2  0x00000001
core   0: 0x8000b4f0 (0x0ff0000f) fence   iorw,iorw
core   0: 0 0x8000b4f0 (0x0ff0000f)
core   0: 0x8000b4f4 (0x17140737) lui     a4, 0x17140
core   0: 0 0x8000b4f4 (0x17140737) x14 0x17140000
core   0: 0x8000b4f8 (0x00000001) c.nop
core   0: 0 0x8000b4f8 (0x0001)
core   0: 0x8000b4fa (0x69a0b697) auipc   a3, 0x69a0b
core   0: 0 0x8000b4fa (0x69a0b697) x13 0xe9a164fa
core   0: 0x8000b4fe (0x0190dc13) srli    s8, ra, 25
core   0: 0 0x8000b4fe (0x0190dc13) x24 0x00000000
core   0: 0x8000b502 (0x00008f25) c.xor   a4, s1
core   0: 0 0x8000b502 (0x8f25) x14 0x17140000
core   0: 0x8000b504 (0x41ec5333) sra     t1, s8, t5
core   0: 0 0x8000b504 (0x41ec5333) x6  0x00000000
core   0: 0x8000b508 (0x01be5d13) srli    s10, t3, 27
core   0: 0 0x8000b508 (0x01be5d13) x26 0x00000000
core   0: 0x8000b50c (0x004c0e13) addi    t3, s8, 4
core   0: 0 0x8000b50c (0x004c0e13) x28 0x00000004
core   0: 0x8000b510 (0x00008f42) c.mv    t5, a6
core   0: 0 0x8000b510 (0x8f42) x30 0x00000000
core   0: 0x8000b512 (0x0000ef19) c.bnez  a4, pc + 30
core   0: 0 0x8000b512 (0xef19)
core   0: 0x8000b530 (0x00000001) c.nop
core   0: 0 0x8000b530 (0x0001)
core   0: 0x8000b532 (0xf72d0013) addi    zero, s10, -142
core   0: 0 0x8000b532 (0xf72d0013)
core   0: 0x8000b536 (0x00000001) c.nop
core   0: 0 0x8000b536 (0x0001)
core   0: 0x8000b538 (0x034852b3) divu    t0, a6, s4
core   0: 0 0x8000b538 (0x034852b3) x5  0x00000000
core   0: 0x8000b53c (0x00006c6d) c.lui   s8, 0x1b
core   0: 0 0x8000b53c (0x6c6d) x24 0x0001b000
core   0: 0x8000b53e (0x00000886) c.slli  a7, 1
core   0: 0 0x8000b53e (0x0886) x17 0xfffffffe
core   0: 0x8000b540 (0x00324263) blt     tp, gp, pc + 4
core   0: 0 0x8000b540 (0x00324263)
core   0: 0x8000b544 (0x019c0133) add     sp, s8, s9
core   0: 0 0x8000b544 (0x019c0133) x2  0x80040ce4
core   0: 0x8000b548 (0x00008ebd) c.xor   a3, a5
core   0: 0 0x8000b548 (0x8ebd) x13 0x165e9b05
core   0: 0x8000b54a (0x00001f7d) c.addi  t5, -1
core   0: 0 0x8000b54a (0x1f7d) x30 0xffffffff
core   0: 0x8000b54c (0x00000280) c.addi4spn s0, sp, 320
core   0: 0 0x8000b54c (0x0280) x8  0x80040e24
core   0: 0x8000b54e (0x00001518) c.addi4spn a4, sp, 672
core   0: 0 0x8000b54e (0x1518) x14 0x80040f84
core   0: 0x8000b550 (0x03938533) mul     a0, t2, s9
core   0: 0 0x8000b550 (0x03938533) x10 0x00000000
core   0: 0x8000b554 (0x033056b3) divu    a3, zero, s3
core   0: 0 0x8000b554 (0x033056b3) x13 0x00000000
core   0: 0x8000b558 (0x660ba213) slti    tp, s7, 1632
core   0: 0 0x8000b558 (0x660ba213) x4  0x00000001
core   0: 0x8000b55c (0x00000a6e) c.slli  s4, 27
core   0: 0 0x8000b55c (0x0a6e) x20 0x40000000
core   0: 0x8000b55e (0x00006f25) c.lui   t5, 0x9
core   0: 0 0x8000b55e (0x6f25) x30 0x00009000
core   0: 0x8000b560 (0x034dd463) bge     s11, s4, pc + 40
core   0: 0 0x8000b560 (0x034dd463)
core   0: 0x8000b564 (0x0000cc8d) c.beqz  s1, pc + 58
core   0: 0 0x8000b564 (0xcc8d)
core   0: 0x8000b59e (0x00694263) blt     s2, t1, pc + 4
core   0: 0 0x8000b59e (0x00694263)
core   0: 0x8000b5a2 (0x0ff0000f) fence   iorw,iorw
core   0: 0 0x8000b5a2 (0x0ff0000f)
core   0: 0x8000b5a6 (0x00d4bf33) sltu    t5, s1, a3
core   0: 0 0x8000b5a6 (0x00d4bf33) x30 0x00000000
core   0: 0x8000b5aa (0x00006b09) c.lui   s6, 0x2
core   0: 0 0x8000b5aa (0x6b09) x22 0x00002000
core   0: 0x8000b5ac (0x00382ab3) slt     s5, a6, gp
core   0: 0 0x8000b5ac (0x00382ab3) x21 0x00000000
core   0: 0x8000b5b0 (0x0049a783) lw      a5, 4(s3)
core   0: 0 0x8000b5b0 (0x0049a783) x15 0x80007c7e mem 0x80021e48
core   0: 0x8000b5b4 (0x00539593) slli    a1, t2, 5
core   0: 0 0x8000b5b4 (0x00539593) x11 0x00000000
core   0: 0x8000b5b8 (0x0335ed33) rem     s10, a1, s3
core   0: 0 0x8000b5b8 (0x0335ed33) x26 0x00000000
core   0: 0x8000b5bc (0x034c7e33) remu    t3, s8, s4
core   0: 0 0x8000b5bc (0x034c7e33) x28 0x0001b000
core   0: 0x8000b5c0 (0x02098993) addi    s3, s3, 32
core   0: 0 0x8000b5c0 (0x02098993) x19 0x80021e64
core   0: 0x8000b5c4 (0x00008f29) c.xor   a4, a0
core   0: 0 0x8000b5c4 (0x8f29) x14 0x80040f84
core   0: 0x8000b5c6 (0x414451b3) sra     gp, s0, s4
core   0: 0 0x8000b5c6 (0x414451b3) x3  0x80040e24
core   0: 0x8000b5ca (0x0ff0000f) fence   iorw,iorw
core   0: 0 0x8000b5ca (0x0ff0000f)
core   0: 0x8000b5ce (0x00c33eb3) sltu    t4, t1, a2
core   0: 0 0x8000b5ce (0x00c33eb3) x29 0x00000001
core   0: 0x8000b5d2 (0x00178b93) addi    s7, a5, 1
core   0: 0 0x8000b5d2 (0x00178b93) x23 0x80007c7f
core   0: 0x8000b5d6 (0x000b8be7) jalr    s7, s7, 0
core   0: 0 0x8000b5d6 (0x000b8be7) x23 0x8000b5da
core   0: 0x80007c7e (0x000004b2) c.slli  s1, 12
core   0: 0 0x80007c7e (0x04b2) x9  0x00000000
core   0: 0x80007c80 (0xb286a913) slti    s2, a3, -1240
core   0: 0 0x80007c80 (0xb286a913) x18 0x00000000
core   0: 0x80007c84 (0x00008946) c.mv    s2, a7
core   0: 0 0x80007c84 (0x8946) x18 0xfffffffe
core   0: 0x80007c86 (0x00008d15) c.sub   a0, a3
core   0: 0 0x80007c86 (0x8d15) x10 0x00000000
core   0: 0x80007c88 (0x0000100f) fence.i
core   0: 0 0x80007c88 (0x0000100f)
core   0: 0x80007c8c (0x6cf3af93) slti    t6, t2, 1743
core   0: 0 0x80007c8c (0x6cf3af93) x31 0x00000001
core   0: 0x80007c90 (0x000064f1) c.lui   s1, 0x1c
core   0: 0 0x80007c90 (0x64f1) x9  0x0001c000
core   0: 0x80007c92 (0x010d4ab3) xor     s5, s10, a6
core   0: 0 0x80007c92 (0x010d4ab3) x21 0x00000000
core   0: 0x80007c96 (0x014eb7b3) sltu    a5, t4, s4
core   0: 0 0x80007c96 (0x014eb7b3) x15 0x00000001
core   0: 0x80007c9a (0x0000844a) c.mv    s0, s2
core   0: 0 0x80007c9a (0x844a) x8  0xfffffffe
core   0: 0x80007c9c (0x00951593) slli    a1, a0, 9
core   0: 0 0x80007c9c (0x00951593) x11 0x00000000
core   0: 0x80007ca0 (0x02de72b3) remu    t0, t3, a3
core   0: 0 0x80007ca0 (0x02de72b3) x5  0x0001b000
core   0: 0x80007ca4 (0xf5a0d197) auipc   gp, 0xf5a0d
core   0: 0 0x80007ca4 (0xf5a0d197) x3  0x75a14ca4
core   0: 0x80007ca8 (0x00008d4d) c.or    a0, a1
core   0: 0 0x80007ca8 (0x8d4d) x10 0x00000000
core   0: 0x80007caa (0x03b28163) beq     t0, s11, pc + 34
core   0: 0 0x80007caa (0x03b28163)
core   0: 0x80007cae (0xfa957c13) andi    s8, a0, -87
core   0: 0 0x80007cae (0xfa957c13) x24 0x00000000
core   0: 0x80007cb2 (0x0221b133) mulhu   sp, gp, sp
core   0: 0 0x80007cb2 (0x0221b133) x2  0x3ad282c3
core   0: 0x80007cb6 (0x0ff0000f) fence   iorw,iorw
core   0: 0 0x80007cb6 (0x0ff0000f)
core   0: 0x80007cba (0x0358e6b3) rem     a3, a7, s5
core   0: 0 0x80007cba (0x0358e6b3) x13 0xfffffffe
core   0: 0x80007cbe (0x00008fc5) c.or    a5, s1
core   0: 0 0x80007cbe (0x8fc5) x15 0x0001c001
core   0: 0x80007cc0 (0x598f6e93) ori     t4, t5, 1432
core   0: 0 0x80007cc0 (0x598f6e93) x29 0x00000598
core   0: 0x80007cc4 (0x008c43b3) xor     t2, s8, s0
core   0: 0 0x80007cc4 (0x008c43b3) x7  0xfffffffe
core   0: 0x80007cc8 (0x037d1163) bne     s10, s7, pc + 34
core   0: 0 0x80007cc8 (0x037d1163)
core   0: 0x80007cea (0x002780b3) add     ra, a5, sp
core   0: 0 0x80007cea (0x002780b3) x1  0x3ad442c4
core   0: 0x80007cee (0x00641f63) bne     s0, t1, pc + 30
core   0: 0 0x80007cee (0x00641f63)
core   0: 0x80007d0c (0x419d53b3) sra     t2, s10, s9
core   0: 0 0x80007d0c (0x419d53b3) x7  0x00000000
core   0: 0x80007d10 (0x868ba513) slti    a0, s7, -1944
core   0: 0 0x80007d10 (0x868ba513) x10 0x00000001
core   0: 0x80007d14 (0x018f6263) bltu    t5, s8, pc + 4
core   0: 0 0x80007d14 (0x018f6263)
core   0: 0x80007d18 (0x0002ee33) or      t3, t0, zero
core   0: 0 0x80007d18 (0x0002ee33) x28 0x0001b000
core   0: 0x80007d1c (0x009f70b3) and     ra, t5, s1
core   0: 0 0x80007d1c (0x009f70b3) x1  0x00000000
core   0: 0x80007d20 (0x000088c1) c.andi  s1, 16
core   0: 0 0x80007d20 (0x88c1) x9  0x00000000
core   0: 0x80007d22 (0x0079c6b3) xor     a3, s3, t2
core   0: 0 0x80007d22 (0x0079c6b3) x13 0x80021e64
core   0: 0x80007d26 (0x00586533) or      a0, a6, t0
core   0: 0 0x80007d26 (0x00586533) x10 0x0001b000
core   0: 0x80007d2a (0x0ff0000f) fence   iorw,iorw
core   0: 0 0x80007d2a (0x0ff0000f)
core   0: 0x80007d2e (0x02ff0133) mul     sp, t5, a5
core   0: 0 0x80007d2e (0x02ff0133) x2  0x00000000
core   0: 0x80007d32 (0x00006c79) c.lui   s8, 0x1e
core   0: 0 0x80007d32 (0x6c79) x24 0x0001e000
core   0: 0x80007d34 (0x00004c3d) c.li    s8, 15
core   0: 0 0x80007d34 (0x4c3d) x24 0x0000000f
core   0: 0x80007d36 (0x02251b33) mulh    s6, a0, sp
core   0: 0 0x80007d36 (0x02251b33) x22 0x00000000
core   0: 0x80007d3a (0x00008dd9) c.or    a1, a4
core   0: 0 0x80007d3a (0x8dd9) x11 0x80040f84
core   0: 0x80007d3c (0x000085f1) c.srai  a1, 28
core   0: 0 0x80007d3c (0x85f1) x11 0xfffffff8
core   0: 0x80007d3e (0x000008da) c.slli  a7, 22
core   0: 0 0x80007d3e (0x08da) x17 0xff800000
core   0: 0x80007d40 (0x02dae1b3) rem     gp, s5, a3
core   0: 0 0x80007d40 (0x02dae1b3) x3  0x00000000
core   0: 0x80007d44 (0x3b042337) lui     t1, 0x3b042
core   0: 0 0x80007d44 (0x3b042337) x6  0x3b042000
core   0: 0x80007d48 (0x000091ea) c.add   gp, s10
core   0: 0 0x80007d48 (0x91ea) x3  0x00000000
core   0: 0x80007d4a (0x51342213) slti    tp, s0, 1299
core   0: 0 0x80007d4a (0x51342213) x4  0x00000001
core   0: 0x80007d4e (0x0000824d) c.srli  a2, 19
core   0: 0 0x80007d4e (0x824d) x12 0x00000000
core   0: 0x80007d50 (0x40b88933) sub     s2, a7, a1
core   0: 0 0x80007d50 (0x40b88933) x18 0xff800008
core   0: 0x80007d54 (0x000090ba) c.add   ra, a4
core   0: 0 0x80007d54 (0x90ba) x1  0x80040f84
core   0: 0x80007d56 (0xc7b1f713) andi    a4, gp, -901
core   0: 0 0x80007d56 (0xc7b1f713) x14 0x00000000
core   0: 0x80007d5a (0x00008fdd) c.or    a5, a5
core   0: 0 0x80007d5a (0x8fdd) x15 0x0001c001
core   0: 0x80007d5c (0x0000c709) c.beqz  a4, pc + 10
core   0: 0 0x80007d5c (0xc709)
core   0: 0x80007d66 (0x0000100f) fence.i
core   0: 0 0x80007d66 (0x0000100f)
core   0: 0x80007d6a (0x000081ed) c.srli  a1, 27
core   0: 0 0x80007d6a (0x81ed) x11 0x0000001f
core   0: 0x80007d6c (0x036a6c63) bltu    s4, s6, pc + 56
core   0: 0 0x80007d6c (0x036a6c63)
core   0: 0x80007d70 (0x00000001) c.nop
core   0: 0 0x80007d70 (0x0001)
core   0: 0x80007d72 (0x00f9eab3) or      s5, s3, a5
core   0: 0 0x80007d72 (0x00f9eab3) x21 0x8003de65
core   0: 0x80007d76 (0x00001f04) c.addi4spn s1, sp, 944
core   0: 0 0x80007d76 (0x1f04) x9  0x000003b0
core   0: 0x80007d78 (0xaba06693) ori     a3, zero, -1350
core   0: 0 0x80007d78 (0xaba06693) x13 0xfffffaba
core   0: 0x80007d7c (0x00a85533) srl     a0, a6, a0
core   0: 0 0x80007d7c (0x00a85533) x10 0x00000000
core   0: 0x80007d80 (0x0107d593) srli    a1, a5, 16
core   0: 0 0x80007d80 (0x0107d593) x11 0x00000001
core   0: 0x80007d84 (0x1758f213) andi    tp, a7, 373
core   0: 0 0x80007d84 (0x1758f213) x4  0x00000000
core   0: 0x80007d88 (0x004f2c33) slt     s8, t5, tp
core   0: 0 0x80007d88 (0x004f2c33) x24 0x00000000
core   0: 0x80007d8c (0x0156e633) or      a2, a3, s5
core   0: 0 0x80007d8c (0x0156e633) x12 0xfffffeff
core   0: 0x80007d90 (0xdc19a913) slti    s2, s3, -575
core   0: 0 0x80007d90 (0xdc19a913) x18 0x00000001
core   0: 0x80007d94 (0x18362213) slti    tp, a2, 387
core   0: 0 0x80007d94 (0x18362213) x4  0x00000001
core   0: 0x80007d98 (0x0057a933) slt     s2, a5, t0
core   0: 0 0x80007d98 (0x0057a933) x18 0x00000000
core   0: 0x80007d9c (0x79de6737) lui     a4, 0x79de6
core   0: 0 0x80007d9c (0x79de6737) x14 0x79de6000
core   0: 0x80007da0 (0x001a7f63) bgeu    s4, ra, pc + 30
core   0: 0 0x80007da0 (0x001a7f63)
core   0: 0x80007da4 (0x00009532) c.add   a0, a2
core   0: 0 0x80007da4 (0x9532) x10 0xfffffeff
core   0: 0x80007da6 (0x029b1633) mulh    a2, s6, s1
core   0: 0 0x80007da6 (0x029b1633) x12 0x00000000
core   0: 0x80007daa (0x01f24833) xor     a6, tp, t6
core   0: 0 0x80007daa (0x01f24833) x16 0x00000000
core   0: 0x80007dae (0x0000611d) c.addi16sp sp, 416
core   0: 0 0x80007dae (0x611d) x2  0x000001a0
core   0: 0x80007db0 (0x40d9d733) sra     a4, s3, a3
core   0: 0 0x80007db0 (0x40d9d733) x14 0xffffffe0
core   0: 0x80007db4 (0x00008ec9) c.or    a3, a0
core   0: 0 0x80007db4 (0x8ec9) x13 0xfffffeff
core   0: 0x80007db6 (0x03604563) blt     zero, s6, pc + 42
core   0: 0 0x80007db6 (0x03604563)
core   0: 0x80007dba (0x03f1d5b3) divu    a1, gp, t6
core   0: 0 0x80007dba (0x03f1d5b3) x11 0x00000000
core   0: 0x80007dbe (0x024d8d33) mul     s10, s11, tp
core   0: 0 0x80007dbe (0x024d8d33) x26 0x80000000
core   0: 0x80007dc2 (0x00008e6d) c.and   a2, a1
core   0: 0 0x80007dc2 (0x8e6d) x12 0x00000000
core   0: 0x80007dc4 (0x4106d533) sra     a0, a3, a6
core   0: 0 0x80007dc4 (0x4106d533) x10 0xfffffeff
core   0: 0x80007dc8 (0x02eb8f33) mul     t5, s7, a4
core   0: 0 0x80007dc8 (0x02eb8f33) x30 0xffe944c0
core   0: 0x80007dcc (0x000086f6) c.mv    a3, t4
core   0: 0 0x80007dcc (0x86f6) x13 0x00000598
core   0: 0x80007dce (0x01143633) sltu    a2, s0, a7
core   0: 0 0x80007dce (0x01143633) x12 0x00000000
core   0: 0x80007dd2 (0xeb48ee93) ori     t4, a7, -332
core   0: 0 0x80007dd2 (0xeb48ee93) x29 0xfffffeb4
core   0: 0x80007dd6 (0x00000001) c.nop
core   0: 0 0x80007dd6 (0x0001)
core   0: 0x80007dd8 (0x00715963) bge     sp, t2, pc + 18
core   0: 0 0x80007dd8 (0x00715963)
core   0: 0x80007dea (0x02903d33) mulhu   s10, zero, s1
core   0: 0 0x80007dea (0x02903d33) x26 0x00000000
core   0: 0x80007dee (0x00008f99) c.sub   a5, a4
core   0: 0 0x80007dee (0x8f99) x15 0x0001c021
core   0: 0x80007df0 (0x00749633) sll     a2, s1, t2
core   0: 0 0x80007df0 (0x00749633) x12 0x000003b0
core   0: 0x80007df4 (0x00001b97) auipc   s7, 0x1
core   0: 0 0x80007df4 (0x00001b97) x23 0x80008df4
core   0: 0x80007df8 (0xb82b8b93) addi    s7, s7, -1150
core   0: 0 0x80007df8 (0xb82b8b93) x23 0x80008976
core   0: 0x80007dfc (0x00761013) slli    zero, a2, 7
core   0: 0 0x80007dfc (0x00761013)
core   0: 0x80007e00 (0x7c362093) slti    ra, a2, 1987
core   0: 0 0x80007e00 (0x7c362093) x1  0x00000001
core   0: 0x80007e04 (0x002f7433) and     s0, t5, sp
core   0: 0 0x80007e04 (0x002f7433) x8  0x00000080
core   0: 0x80007e08 (0x0080a0b3) slt     ra, ra, s0
core   0: 0 0x80007e08 (0x0080a0b3) x1  0x00000001
core   0: 0x80007e0c (0x02b3f1b3) remu    gp, t2, a1
core   0: 0 0x80007e0c (0x02b3f1b3) x3  0x00000000
core   0: 0x80007e10 (0x1c8b8b93) addi    s7, s7, 456
core   0: 0 0x80007e10 (0x1c8b8b93) x23 0x80008b3e
core   0: 0x80007e14 (0x00108c33) add     s8, ra, ra
core   0: 0 0x80007e14 (0x00108c33) x24 0x00000002
core   0: 0x80007e18 (0x03ad7333) remu    t1, s10, s10
core   0: 0 0x80007e18 (0x03ad7333) x6  0x00000000
core   0: 0x80007e1c (0x0000171c) c.addi4spn a5, sp, 928
core   0: 0 0x80007e1c (0x171c) x15 0x00000540
core   0: 0x80007e1e (0x01e404b3) add     s1, s0, t5
core   0: 0 0x80007e1e (0x01e404b3) x9  0xffe94540
core   0: 0x80007e22 (0xe39b87e7) jalr    a5, s7, -455
core   0: 0 0x80007e22 (0xe39b87e7) x15 0x80007e26
core   0: 0x80008976 (0x000019a1) c.addi  s3, -24
core   0: 0 0x80008976 (0x19a1) x19 0x80021e4c
core   0: 0x80008978 (0x028aaf33) mulhsu  t5, s5, s0
core   0: 0 0x80008978 (0x028aaf33) x30 0xffffffc0
core   0: 0x8000897c (0x00008765) c.srai  a4, 25
core   0: 0 0x8000897c (0x8765) x14 0xffffffff
core   0: 0x8000897e (0x02943b33) mulhu   s6, s0, s1
core   0: 0 0x8000897e (0x02943b33) x22 0x0000007f
core   0: 0x80008982 (0x00f9a223) sw      a5, 4(s3)
core   0: 0 0x80008982 (0x00f9a223) mem 0x80021e50 0x80007e26
core   0: 0x80008986 (0x00006f99) c.lui   t6, 0x6
core   0: 0 0x80008986 (0x6f99) x31 0x00006000
core   0: 0x80008988 (0x00008cf5) c.and   s1, a3
core   0: 0 0x80008988 (0x8cf5) x9  0x00000500
core   0: 0x8000898a (0x412a8f33) sub     t5, s5, s2
core   0: 0 0x8000898a (0x412a8f33) x30 0x8003de65
core   0: 0x8000898e (0x00008f39) c.xor   a4, a4
core   0: 0 0x8000898e (0x8f39) x14 0x00000000
core   0: 0x80008990 (0x54cbf597) auipc   a1, 0x54cbf
core   0: 0 0x80008990 (0x54cbf597) x11 0xd4cc7990
core   0: 0x80008994 (0x0000198c) c.addi4spn a1, sp, 240
core   0: 0 0x80008994 (0x198c) x11 0x00000290
core   0: 0x80008996 (0x000098be) c.add   a7, a5
core   0: 0 0x80008996 (0x98be) x17 0x7f807e26
core   0: 0x80008998 (0x036bd8b3) divu    a7, s7, s6
core   0: 0 0x80008998 (0x036bd8b3) x17 0x01020520
core   0: 0x8000899c (0x00e69463) bne     a3, a4, pc + 8
core   0: 0 0x8000899c (0x00e69463)
core   0: 0x800089a4 (0x02a446b3) div     a3, s0, a0
core   0: 0 0x800089a4 (0x02a446b3) x13 0x00000000
core   0: 0x800089a8 (0x0000ca01) c.beqz  a2, pc + 16
core   0: 0 0x800089a8 (0xca01)
core   0: 0x800089aa (0x00000001) c.nop
core   0: 0 0x800089aa (0x0001)
core   0: 0x800089ac (0x03846963) bltu    s0, s8, pc + 50
core   0: 0 0x800089ac (0x03846963)
core   0: 0x800089b0 (0x000007c2) c.slli  a5, 16
core   0: 0 0x800089b0 (0x07c2) x15 0x7e260000
core   0: 0x800089b2 (0x0000100f) fence.i
core   0: 0 0x800089b2 (0x0000100f)
core   0: 0x800089b6 (0x0000c395) c.beqz  a5, pc + 36
core   0: 0 0x800089b6 (0xc395)
core   0: 0x800089b8 (0x02ba7b63) bgeu    s4, a1, pc + 54
core   0: 0 0x800089b8 (0x02ba7b63)
core   0: 0x800089ee (0x0000014e) c.slli  sp, 19
core   0: 0 0x800089ee (0x014e) x2  0x0d000000
core   0: 0x800089f0 (0x02a36d33) rem     s10, t1, a0
core   0: 0 0x800089f0 (0x02a36d33) x26 0x00000000
core   0: 0x800089f4 (0x00385193) srli    gp, a6, 3
core   0: 0 0x800089f4 (0x00385193) x3  0x00000000
core   0: 0x800089f8 (0x01373133) sltu    sp, a4, s3
core   0: 0 0x800089f8 (0x01373133) x2  0x00000001
core   0: 0x800089fc (0x00ca2ab3) slt     s5, s4, a2
core   0: 0 0x800089fc (0x00ca2ab3) x21 0x00000000
core   0: 0x80008a00 (0x00008e89) c.sub   a3, a0
core   0: 0 0x80008a00 (0x8e89) x13 0x00000101
core   0: 0x80008a02 (0x01616e63) bltu    sp, s6, pc + 28
core   0: 0 0x80008a02 (0x01616e63)
core   0: 0x80008a1e (0x01c412b3) sll     t0, s0, t3
core   0: 0 0x80008a1e (0x01c412b3) x5  0x00000080
core   0: 0x80008a22 (0x0000052a) c.slli  a0, 10
core   0: 0 0x80008a22 (0x052a) x10 0xfffbfc00
core   0: 0x80008a24 (0x033b5663) bge     s6, s3, pc + 44
core   0: 0 0x80008a24 (0x033b5663)
core   0: 0x80008a50 (0x0000100f) fence.i
core   0: 0 0x80008a50 (0x0000100f)
core   0: 0x80008a54 (0x036b7233) remu    tp, s6, s6
core   0: 0 0x80008a54 (0x036b7233) x4  0x00000000
core   0: 0x80008a58 (0x003db7b3) sltu    a5, s11, gp
core   0: 0 0x80008a58 (0x003db7b3) x15 0x00000000
core   0: 0x80008a5c (0x00c5db63) bge     a1, a2, pc + 22
core   0: 0 0x80008a5c (0x00c5db63)
core   0: 0x80008a60 (0x00006aa9) c.lui   s5, 0xa
core   0: 0 0x80008a60 (0x6aa9) x21 0x0000a000
core   0: 0x80008a62 (0xbe98ee97) auipc   t4, 0xbe98e
core   0: 0 0x80008a62 (0xbe98ee97) x29 0x3e996a62
core   0: 0x80008a66 (0x003d70b3) and     ra, s10, gp
core   0: 0 0x80008a66 (0x003d70b3) x1  0x00000000
core   0: 0x80008a6a (0x4125d213) srai    tp, a1, 18
core   0: 0 0x80008a6a (0x4125d213) x4  0x00000000
core   0: 0x80008a6e (0x00a00d63) beq     zero, a0, pc + 26
core   0: 0 0x80008a6e (0x00a00d63)
core   0: 0x80008a72 (0x03cc08b3) mul     a7, s8, t3
core   0: 0 0x80008a72 (0x03cc08b3) x17 0x00036000
core   0: 0x80008a76 (0x03195e63) bge     s2, a7, pc + 60
core   0: 0 0x80008a76 (0x03195e63)
core   0: 0x80008a7a (0x03344663) blt     s0, s3, pc + 44
core   0: 0 0x80008a7a (0x03344663)
core   0: 0x80008a7e (0x013465b3) or      a1, s0, s3
core   0: 0 0x80008a7e (0x013465b3) x11 0x80021ecc
core   0: 0x80008a82 (0x02a05833) divu    a6, zero, a0
core   0: 0 0x80008a82 (0x02a05833) x16 0x00000000
core   0: 0x80008a86 (0x00006f51) c.lui   t5, 0x14
core   0: 0 0x80008a86 (0x6f51) x30 0x00014000
core   0: 0x80008a88 (0x4165dd33) sra     s10, a1, s6
core   0: 0 0x80008a88 (0x4165dd33) x26 0xffffffff
core   0: 0x80008a8c (0x00008cf9) c.and   s1, a4
core   0: 0 0x80008a8c (0x8cf9) x9  0x00000000
core   0: 0x80008a8e (0x00008151) c.srli  a0, 20
core   0: 0 0x80008a8e (0x8151) x10 0x00000fff
core   0: 0x80008a90 (0x028435b3) mulhu   a1, s0, s0
core   0: 0 0x80008a90 (0x028435b3) x11 0x00000000
core   0: 0x80008a94 (0x00000919) c.addi  s2, 6
core   0: 0 0x80008a94 (0x0919) x18 0x00000006
core   0: 0x80008a96 (0x01e276b3) and     a3, tp, t5
core   0: 0 0x80008a96 (0x01e276b3) x13 0x00000000
core   0: 0x80008a9a (0xedbd8013) addi    zero, s11, -293
core   0: 0 0x80008a9a (0xedbd8013)
core   0: 0x80008a9e (0x02471c63) bne     a4, tp, pc + 56
core   0: 0 0x80008a9e (0x02471c63)
core   0: 0x80008aa2 (0x1d7e7293) andi    t0, t3, 471
core   0: 0 0x80008aa2 (0x1d7e7293) x5  0x00000000
core   0: 0x80008aa6 (0x00e1de63) bge     gp, a4, pc + 28
core   0: 0 0x80008aa6 (0x00e1de63)
core   0: 0x80008ac2 (0x03d9ec63) bltu    s3, t4, pc + 56
core   0: 0 0x80008ac2 (0x03d9ec63)
core   0: 0x80008ac6 (0x00000001) c.nop
core   0: 0 0x80008ac6 (0x0001)
core   0: 0x80008ac8 (0x00000bb3) add     s7, zero, zero
core   0: 0 0x80008ac8 (0x00000bb3) x23 0x00000000
core   0: 0x80008acc (0x00006269) c.lui   tp, 0x1a
core   0: 0 0x80008acc (0x6269) x4  0x0001a000
core   0: 0x80008ace (0x012e1b93) slli    s7, t3, 18
core   0: 0 0x80008ace (0x012e1b93) x23 0xc0000000
core   0: 0x80008ad2 (0x03280063) beq     a6, s2, pc + 32
core   0: 0 0x80008ad2 (0x03280063)
core   0: 0x80008ad6 (0x03cfa433) mulhsu  s0, t6, t3
core   0: 0 0x80008ad6 (0x03cfa433) x8  0x00000000
core   0: 0x80008ada (0x000098fd) c.andi  s1, -1
core   0: 0 0x80008ada (0x98fd) x9  0x00000000
core   0: 0x80008adc (0x02380363) beq     a6, gp, pc + 38
core   0: 0 0x80008adc (0x02380363)
core   0: 0x80008b02 (0x0201e933) rem     s2, gp, zero
core   0: 0 0x80008b02 (0x0201e933) x18 0x00000000
core   0: 0x80008b06 (0x0000e1a9) c.bnez  a1, pc + 66
core   0: 0 0x80008b06 (0xe1a9)
core   0: 0x80008b08 (0x00008fad) c.xor   a5, a1
core   0: 0 0x80008b08 (0x8fad) x15 0x00000000
core   0: 0x80008b0a (0x000099fd) c.andi  a1, -1
core   0: 0 0x80008b0a (0x99fd) x11 0x00000000
core   0: 0x80008b0c (0x0000c621) c.beqz  a2, pc + 72
core   0: 0 0x80008b0c (0xc621)
core   0: 0x80008b0e (0x0358ca33) div     s4, a7, s5
core   0: 0 0x80008b0e (0x0358ca33) x20 0x00000005
core   0: 0x80008b12 (0x35708517) auipc   a0, 0x35708
core   0: 0 0x80008b12 (0x35708517) x10 0xb5710b12
core   0: 0x80008b16 (0x00008442) c.mv    s0, a6
core   0: 0 0x80008b16 (0x8442) x8  0x00000000
core   0: 0x80008b18 (0x418b5033) sra     zero, s6, s8
core   0: 0 0x80008b18 (0x418b5033)
core   0: 0x80008b1c (0x00455c63) bge     a0, tp, pc + 24
core   0: 0 0x80008b1c (0x00455c63)
core   0: 0x80008b20 (0x00b466b3) or      a3, s0, a1
core   0: 0 0x80008b20 (0x00b466b3) x13 0x00000000
core   0: 0x80008b24 (0x00000001) c.nop
core   0: 0 0x80008b24 (0x0001)
core   0: 0x80008b26 (0x0000717d) c.addi16sp sp, -16
core   0: 0 0x80008b26 (0x717d) x2  0xfffffff1
core   0: 0x80008b28 (0x0ea52713) slti    a4, a0, 234
core   0: 0 0x80008b28 (0x0ea52713) x14 0x00000001
core   0: 0x80008b2c (0x025b02b3) mul     t0, s6, t0
core   0: 0 0x80008b2c (0x025b02b3) x5  0x00000000
core   0: 0x80008b30 (0x4164d213) srai    tp, s1, 22
core   0: 0 0x80008b30 (0x4164d213) x4  0x00000000
core   0: 0x80008b34 (0x01ead8b3) srl     a7, s5, t5
core   0: 0 0x80008b34 (0x01ead8b3) x17 0x0000a000
core   0: 0x80008b38 (0x03692033) mulhsu  zero, s2, s6
core   0: 0 0x80008b38 (0x03692033)
core   0: 0x80008b3c (0x00316f33) or      t5, sp, gp
core   0: 0 0x80008b3c (0x00316f33) x30 0xfffffff1
core   0: 0x80008b40 (0x00d408b3) add     a7, s0, a3
core   0: 0 0x80008b40 (0x00d408b3) x17 0x00000000
core   0: 0x80008b44 (0x03a73133) mulhu   sp, a4, s10
core   0: 0 0x80008b44 (0x03a73133) x2  0x00000000
core   0: 0x80008b48 (0x01e650b3) srl     ra, a2, t5
core   0: 0 0x80008b48 (0x01e650b3) x1  0x00000000
core   0: 0x80008b4c (0x41e407b3) sub     a5, s0, t5
core   0: 0 0x80008b4c (0x41e407b3) x15 0x0000000f
core   0: 0x80008b50 (0x037975b3) remu    a1, s2, s7
core   0: 0 0x80008b50 (0x037975b3) x11 0x00000000
core   0: 0x80008b54 (0x03cf71b3) remu    gp, t5, t3
core   0: 0 0x80008b54 (0x03cf71b3) x3  0x00003ff1
core   0: 0x80008b58 (0x0000717d) c.addi16sp sp, -16
core   0: 0 0x80008b58 (0x717d) x2  0xfffffff0
core   0: 0x80008b5a (0x00008539) c.srai  a0, 14
core   0: 0 0x80008b5a (0x8539) x10 0xfffed5c4
core   0: 0x80008b5c (0x01eb77b3) and     a5, s6, t5
core   0: 0 0x80008b5c (0x01eb77b3) x15 0x00000071
core   0: 0x80008b60 (0x0319f7b3) remu    a5, s3, a7
core   0: 0 0x80008b60 (0x0319f7b3) x15 0x80021e4c
core   0: 0x80008b64 (0x00008df5) c.and   a1, a3
core   0: 0 0x80008b64 (0x8df5) x11 0x00000000
core   0: 0x80008b66 (0x00006115) c.addi16sp sp, 288
core   0: 0 0x80008b66 (0x6115) x2  0x00000110
core   0: 0x80008b68 (0x40a90733) sub     a4, s2, a0
core   0: 0 0x80008b68 (0x40a90733) x14 0x00012a3c
core   0: 0x80008b6c (0x0169d463) bge     s3, s6, pc + 8
core   0: 0 0x80008b6c (0x0169d463)
core   0: 0x80008b70 (0x0ff0000f) fence   iorw,iorw
core   0: 0 0x80008b70 (0x0ff0000f)
core   0: 0x80008b74 (0x005d41b3) xor     gp, s10, t0
core   0: 0 0x80008b74 (0x005d41b3) x3  0xffffffff
core   0: 0x80008b78 (0x00000f36) c.slli  t5, 13
core   0: 0 0x80008b78 (0x0f36) x30 0xfffe2000
core   0: 0x80008b7a (0x00008ff1) c.and   a5, a2
core   0: 0 0x80008b7a (0x8ff1) x15 0x00000200
core   0: 0x80008b7c (0x02da4333) div     t1, s4, a3
core   0: 0 0x80008b7c (0x02da4333) x6  0xffffffff
core   0: 0x80008b80 (0x02ef0333) mul     t1, t5, a4
core   0: 0 0x80008b80 (0x02ef0333) x6  0xd0cf8000
core   0: 0x80008b84 (0x02ce8a63) beq     t4, a2, pc + 52
core   0: 0 0x80008b84 (0x02ce8a63)
core   0: 0x80008b88 (0x4067d513) srai    a0, a5, 6
core   0: 0 0x80008b88 (0x4067d513) x10 0x00000008
core   0: 0x80008b8c (0xd3606393) ori     t2, zero, -714
core   0: 0 0x80008b8c (0xd3606393) x7  0xfffffd36
core   0: 0x80008b90 (0x0000ea0d) c.bnez  a2, pc + 50
core   0: 0 0x80008b90 (0xea0d)
core   0: 0x80008bc2 (0x00008fa1) c.xor   a5, s0
core   0: 0 0x80008bc2 (0x8fa1) x15 0x00000200
core   0: 0x80008bc4 (0x03850133) mul     sp, a0, s8
core   0: 0 0x80008bc4 (0x03850133) x2  0x00000010
core   0: 0x80008bc8 (0xc80bef13) ori     t5, s7, -896
core   0: 0 0x80008bc8 (0xc80bef13) x30 0xfffffc80
core   0: 0x80008bcc (0x0000876a) c.mv    a4, s10
core   0: 0 0x80008bcc (0x876a) x14 0xffffffff
core   0: 0x80008bce (0x0000e899) c.bnez  s1, pc + 22
core   0: 0 0x80008bce (0xe899)
core   0: 0x80008bd0 (0x015f8c63) beq     t6, s5, pc + 24
core   0: 0 0x80008bd0 (0x015f8c63)
core   0: 0x80008bd4 (0x41f75d33) sra     s10, a4, t6
core   0: 0 0x80008bd4 (0x41f75d33) x26 0xffffffff
core   0: 0x80008bd8 (0x0079ed33) or      s10, s3, t2
core   0: 0 0x80008bd8 (0x0079ed33) x26 0xffffff7e
core   0: 0x80008bdc (0x41d152b3) sra     t0, sp, t4
core   0: 0 0x80008bdc (0x41d152b3) x5  0x00000004
core   0: 0x80008be0 (0x010e6433) or      s0, t3, a6
core   0: 0 0x80008be0 (0x010e6433) x8  0x0001b000
core   0: 0x80008be4 (0x40ae5ab3) sra     s5, t3, a0
core   0: 0 0x80008be4 (0x40ae5ab3) x21 0x000001b0
core   0: 0x80008be8 (0x72cca593) slti    a1, s9, 1836
core   0: 0 0x80008be8 (0x72cca593) x11 0x00000001
core   0: 0x80008bec (0xb9abc893) xori    a7, s7, -1126
core   0: 0 0x80008bec (0xb9abc893) x17 0x3ffffb9a
core   0: 0x80008bf0 (0x03a75e63) bge     a4, s10, pc + 60
core   0: 0 0x80008bf0 (0x03a75e63)
core   0: 0x80008c2c (0x0000895a) c.mv    s2, s6
core   0: 0 0x80008c2c (0x895a) x18 0x0000007f
core   0: 0x80008c2e (0x01540b33) add     s6, s0, s5
core   0: 0 0x80008c2e (0x01540b33) x22 0x0001b1b0
core   0: 0x80008c32 (0x00008c29) c.xor   s0, a0
core   0: 0 0x80008c32 (0x8c29) x8  0x0001b008
core   0: 0x80008c34 (0x0000045e) c.slli  s0, 23
core   0: 0 0x80008c34 (0x045e) x8  0x04000000
core   0: 0x80008c36 (0x01a90233) add     tp, s2, s10
core   0: 0 0x80008c36 (0x01a90233) x4  0xfffffffd
core   0: 0x80008c3a (0x02f74833) div     a6, a4, a5
core   0: 0 0x80008c3a (0x02f74833) x16 0x00000000
core   0: 0x80008c3e (0x02465f33) divu    t5, a2, tp
core   0: 0 0x80008c3e (0x02465f33) x30 0x00000000
core   0: 0x80008c42 (0x00270c63) beq     a4, sp, pc + 24
core   0: 0 0x80008c42 (0x00270c63)
core   0: 0x80008c46 (0x00000f95) c.addi  t6, 5
core   0: 0 0x80008c46 (0x0f95) x31 0x00006005
core   0: 0x80008c48 (0x0393bbb3) mulhu   s7, t2, s9
core   0: 0 0x80008c48 (0x0393bbb3) x23 0x80025b7e
core   0: 0x80008c4c (0x0000100f) fence.i
core   0: 0 0x80008c4c (0x0000100f)
core   0: 0x80008c50 (0x00000001) c.nop
core   0: 0 0x80008c50 (0x0001)
core   0: 0x80008c52 (0x00008c95) c.sub   s1, a3
core   0: 0 0x80008c52 (0x8c95) x9  0x00000000
core   0: 0x80008c54 (0x03ac0f33) mul     t5, s8, s10
core   0: 0 0x80008c54 (0x03ac0f33) x30 0xfffffefc
core   0: 0x80008c58 (0x00008efd) c.and   a3, a5
core   0: 0 0x80008c58 (0x8efd) x13 0x00000000
core   0: 0x80008c5a (0xb8c86393) ori     t2, a6, -1140
core   0: 0 0x80008c5a (0xb8c86393) x7  0xfffffb8c
core   0: 0x80008c5e (0x0103b013) sltiu   zero, t2, 16
core   0: 0 0x80008c5e (0x0103b013)
core   0: 0x80008c62 (0x00008db5) c.xor   a1, a3
core   0: 0 0x80008c62 (0x8db5) x11 0x00000001
core   0: 0x80008c64 (0x8577b513) sltiu   a0, a5, -1961
core   0: 0 0x80008c64 (0x8577b513) x10 0x00000001
core   0: 0x80008c68 (0x00000001) c.nop
core   0: 0 0x80008c68 (0x0001)
core   0: 0x80008c6a (0x000094fe) c.add   s1, t6
core   0: 0 0x80008c6a (0x94fe) x9  0x00006005
core   0: 0x80008c6c (0x00000001) c.nop
core   0: 0 0x80008c6c (0x0001)
core   0: 0x80008c6e (0x00008c1d) c.sub   s0, a5
core   0: 0 0x80008c6e (0x8c1d) x8  0x03fffe00
core   0: 0x80008c70 (0x344acd13) xori    s10, s5, 836
core   0: 0 0x80008c70 (0x344acd13) x26 0x000002f4
core   0: 0x80008c74 (0x00000a5e) c.slli  s4, 23
core   0: 0 0x80008c74 (0x0a5e) x20 0x02800000
core   0: 0x80008c76 (0x3ea36213) ori     tp, t1, 1002
core   0: 0 0x80008c76 (0x3ea36213) x4  0xd0cf83ea
core   0: 0x80008c7a (0x00001200) c.addi4spn s0, sp, 288
core   0: 0 0x80008c7a (0x1200) x8  0x00000130
core   0: 0x80008c7c (0x41e25393) srai    t2, tp, 30
core   0: 0 0x80008c7c (0x41e25393) x7  0xffffffff
core   0: 0x80008c80 (0x03105bb3) divu    s7, zero, a7
core   0: 0 0x80008c80 (0x03105bb3) x23 0x00000000
core   0: 0x80008c84 (0x03faaa33) mulhsu  s4, s5, t6
core   0: 0 0x80008c84 (0x03faaa33) x20 0x00000000
core   0: 0x80008c88 (0x0049a783) lw      a5, 4(s3)
core   0: 0 0x80008c88 (0x0049a783) x15 0x80007e26 mem 0x80021e50
core   0: 0x80008c8c (0x016c5d33) srl     s10, s8, s6
core   0: 0 0x80008c8c (0x016c5d33) x26 0x00000000
core   0: 0x80008c90 (0x0000836d) c.srli  a4, 27
core   0: 0 0x80008c90 (0x836d) x14 0x0000001f
core   0: 0x80008c92 (0x000064f9) c.lui   s1, 0x1e
core   0: 0 0x80008c92 (0x64f9) x9  0x0001e000
core   0: 0x80008c94 (0x0ff0000f) fence   iorw,iorw
core   0: 0 0x80008c94 (0x0ff0000f)
core   0: 0x80008c98 (0x000009e1) c.addi  s3, 24
core   0: 0 0x80008c98 (0x09e1) x19 0x80021e64
core   0: 0x80008c9a (0x000093de) c.add   t2, s7
core   0: 0 0x80008c9a (0x93de) x7  0xffffffff
core   0: 0x80008c9c (0x00008c51) c.or    s0, a2
core   0: 0 0x80008c9c (0x8c51) x8  0x000003b0
core   0: 0x80008c9e (0x00178293) addi    t0, a5, 1
core   0: 0 0x80008c9e (0x00178293) x5  0x80007e27
core   0: 0x80008ca2 (0x000282e7) jalr    t0, t0, 0
core   0: 0 0x80008ca2 (0x000282e7) x5  0x80008ca6
core   0: 0x80007e26 (0x00001f14) c.addi4spn a3, sp, 944
core   0: 0 0x80007e26 (0x1f14) x13 0x000003c0
core   0: 0x80007e28 (0x10de3293) sltiu   t0, t3, 269
core   0: 0 0x80007e28 (0x10de3293) x5  0x00000000
core   0: 0x80007e2c (0x00000001) c.nop
core   0: 0 0x80007e2c (0x0001)
core   0: 0x80007e2e (0xd95bc437) lui     s0, 0xd95bc
core   0: 0 0x80007e2e (0xd95bc437) x8  0xd95bc000
core   0: 0x80007e32 (0x0ff0000f) fence   iorw,iorw
core   0: 0 0x80007e32 (0x0ff0000f)
core   0: 0x80007e36 (0x0000c799) c.beqz  a5, pc + 14
core   0: 0 0x80007e36 (0xc799)
core   0: 0x80007e38 (0x415c5f33) sra     t5, s8, s5
core   0: 0 0x80007e38 (0x415c5f33) x30 0x00000000
core   0: 0x80007e3c (0x01324ab3) xor     s5, tp, s3
core   0: 0 0x80007e3c (0x01324ab3) x21 0x50cd9d8e
core   0: 0x80007e40 (0x0000100f) fence.i
core   0: 0 0x80007e40 (0x0000100f)
core   0: 0x80007e44 (0x8ab1c093) xori    ra, gp, -1877
core   0: 0 0x80007e44 (0x8ab1c093) x1  0x00000754
core   0: 0x80007e48 (0x02579433) mulh    s0, a5, t0
core   0: 0 0x80007e48 (0x02579433) x8  0x00000000
core   0: 0x80007e4c (0x00c61113) slli    sp, a2, 12
core   0: 0 0x80007e4c (0x00c61113) x2  0x003b0000
core   0: 0x80007e50 (0x01881bb3) sll     s7, a6, s8
core   0: 0 0x80007e50 (0x01881bb3) x23 0x00000000
core   0: 0x80007e54 (0x0062bf33) sltu    t5, t0, t1
core   0: 0 0x80007e54 (0x0062bf33) x30 0x00000001
core   0: 0x80007e58 (0x0000857a) c.mv    a0, t5
core   0: 0 0x80007e58 (0x857a) x10 0x00000001
core   0: 0x80007e5a (0x00008fc1) c.or    a5, s0
core   0: 0 0x80007e5a (0x8fc1) x15 0x80007e26
core   0: 0x80007e5c (0x00009c22) c.add   s8, s0
core   0: 0 0x80007e5c (0x9c22) x24 0x00000002
core   0: 0x80007e5e (0x0000cc95) c.beqz  s1, pc + 60
core   0: 0 0x80007e5e (0xcc95)
core   0: 0x80007e60 (0x00006875) c.lui   a6, 0x1d
core   0: 0 0x80007e60 (0x6875) x16 0x0001d000
core   0: 0x80007e62 (0x024027b3) mulhsu  a5, zero, tp
core   0: 0 0x80007e62 (0x024027b3) x15 0x00000000
core   0: 0x80007e66 (0x00008d75) c.and   a0, a3
core   0: 0 0x80007e66 (0x8d75) x10 0x00000000
core   0: 0x80007e68 (0x00662933) slt     s2, a2, t1
core   0: 0 0x80007e68 (0x00662933) x18 0x00000000
core   0: 0x80007e6c (0x00000001) c.nop
core   0: 0 0x80007e6c (0x0001)
core   0: 0x80007e6e (0x03c3e133) rem     sp, t2, t3
core   0: 0 0x80007e6e (0x03c3e133) x2  0xffffffff
core   0: 0x80007e72 (0x411687b3) sub     a5, a3, a7
core   0: 0 0x80007e72 (0x411687b3) x15 0xc0000826
core   0: 0x80007e76 (0x0c504d13) xori    s10, zero, 197
core   0: 0 0x80007e76 (0x0c504d13) x26 0x000000c5
core   0: 0x80007e7a (0x0000c995) c.beqz  a1, pc + 52
core   0: 0 0x80007e7a (0xc995)
core   0: 0x80007e7c (0x00000001) c.nop
core   0: 0 0x80007e7c (0x0001)
core   0: 0x80007e7e (0x0055f033) and     zero, a1, t0
core   0: 0 0x80007e7e (0x0055f033)
core   0: 0x80007e82 (0x00d51433) sll     s0, a0, a3
core   0: 0 0x80007e82 (0x00d51433) x8  0x00000000
core   0: 0x80007e86 (0x0000c681) c.beqz  a3, pc + 8
core   0: 0 0x80007e86 (0xc681)
core   0: 0x80007e88 (0x00005afd) c.li    s5, -1
core   0: 0 0x80007e88 (0x5afd) x21 0xffffffff
core   0: 0x80007e8a (0x00adcf63) blt     s11, a0, pc + 30
core   0: 0 0x80007e8a (0x00adcf63)
core   0: 0x80007ea8 (0x03fb9863) bne     s7, t6, pc + 48
core   0: 0 0x80007ea8 (0x03fb9863)
core   0: 0x80007ed8 (0x00006179) c.addi16sp sp, 464
core   0: 0 0x80007ed8 (0x6179) x2  0x000001cf
core   0: 0x80007eda (0x02fb6e33) rem     t3, s6, a5
core   0: 0 0x80007eda (0x02fb6e33) x28 0x0001b1b0
core   0: 0x80007ede (0x3e0a6c13) ori     s8, s4, 992
core   0: 0 0x80007ede (0x3e0a6c13) x24 0x000003e0
core   0: 0x80007ee2 (0x01a8d693) srli    a3, a7, 26
core   0: 0 0x80007ee2 (0x01a8d693) x13 0x0000000f
core   0: 0x80007ee6 (0xd1892593) slti    a1, s2, -744
core   0: 0 0x80007ee6 (0xd1892593) x11 0x00000000
core   0: 0x80007eea (0x026787b3) mul     a5, a5, t1
core   0: 0 0x80007eea (0x026787b3) x15 0x7acd0000
core   0: 0x80007eee (0x00039663) bnez    t2, pc + 12
core   0: 0 0x80007eee (0x00039663)
core   0: 0x80007efa (0xd8984b13) xori    s6, a6, -631
core   0: 0 0x80007efa (0xd8984b13) x22 0xfffe2d89
core   0: 0x80007efe (0x0323dfb3) divu    t6, t2, s2
core   0: 0 0x80007efe (0x0323dfb3) x31 0xffffffff
core   0: 0x80007f02 (0x0234d433) divu    s0, s1, gp
core   0: 0 0x80007f02 (0x0234d433) x8  0x00000000
core   0: 0x80007f06 (0x012ca333) slt     t1, s9, s2
core   0: 0 0x80007f06 (0x012ca333) x6  0x00000001
core   0: 0x80007f0a (0x0000e29d) c.bnez  a3, pc + 38
core   0: 0 0x80007f0a (0xe29d)
core   0: 0x80007f30 (0x022ae063) bltu    s5, sp, pc + 32
core   0: 0 0x80007f30 (0x022ae063)
core   0: 0x80007f34 (0x00356033) or      zero, a0, gp
core   0: 0 0x80007f34 (0x00356033)
core   0: 0x80007f38 (0x0000e689) c.bnez  a3, pc + 10
core   0: 0 0x80007f38 (0xe689)
core   0: 0x80007f42 (0x0000969a) c.add   a3, t1
core   0: 0 0x80007f42 (0x969a) x13 0x00000010
core   0: 0x80007f44 (0x001c2433) slt     s0, s8, ra
core   0: 0 0x80007f44 (0x001c2433) x8  0x00000001
core   0: 0x80007f48 (0x3a91b837) lui     a6, 0x3a91b
core   0: 0 0x80007f48 (0x3a91b837) x16 0x3a91b000
core   0: 0x80007f4c (0xbd6a7113) andi    sp, s4, -1066
core   0: 0 0x80007f4c (0xbd6a7113) x2  0x00000000
core   0: 0x80007f50 (0x00008a12) c.mv    s4, tp
core   0: 0 0x80007f50 (0x8a12) x20 0xd0cf83ea
core   0: 0x80007f52 (0x0000587d) c.li    a6, -1
core   0: 0 0x80007f52 (0x587d) x16 0xffffffff
core   0: 0x80007f54 (0x01045913) srli    s2, s0, 16
core   0: 0 0x80007f54 (0x01045913) x18 0x00000000
core   0: 0x80007f58 (0x0000100f) fence.i
core   0: 0 0x80007f58 (0x0000100f)
core   0: 0x80007f5c (0x02ac9e33) mulh    t3, s9, a0
core   0: 0 0x80007f5c (0x02ac9e33) x28 0x00000000
core   0: 0x80007f60 (0x0129b7b3) sltu    a5, s3, s2
core   0: 0 0x80007f60 (0x0129b7b3) x15 0x00000000
core   0: 0x80007f64 (0x000093b2) c.add   t2, a2
core   0: 0 0x80007f64 (0x93b2) x7  0x000003af
core   0: 0x80007f66 (0x101638b7) lui     a7, 0x10163
core   0: 0 0x80007f66 (0x101638b7) x17 0x10163000
core   0: 0x80007f6a (0x00008fa9) c.xor   a5, a0
core   0: 0 0x80007f6a (0x8fa9) x15 0x00000000
core   0: 0x80007f6c (0x002937b3) sltu    a5, s2, sp
core   0: 0 0x80007f6c (0x002937b3) x15 0x00000000
core   0: 0x80007f70 (0x17daa313) slti    t1, s5, 381
core   0: 0 0x80007f70 (0x17daa313) x6  0x00000001
core   0: 0x80007f74 (0x009e8533) add     a0, t4, s1
core   0: 0 0x80007f74 (0x009e8533) x10 0x3e9b4a62
core   0: 0x80007f78 (0x024e3c33) mulhu   s8, t3, tp
core   0: 0 0x80007f78 (0x024e3c33) x24 0x00000000
core   0: 0x80007f7c (0x00000001) c.nop
core   0: 0 0x80007f7c (0x0001)
core   0: 0x80007f7e (0x00b297b3) sll     a5, t0, a1
core   0: 0 0x80007f7e (0x00b297b3) x15 0x00000000
core   0: 0x80007f82 (0x01e28d33) add     s10, t0, t5
core   0: 0 0x80007f82 (0x01e28d33) x26 0x00000001
core   0: 0x80007f86 (0xb71112b7) lui     t0, 0xb7111
core   0: 0 0x80007f86 (0xb71112b7) x5  0xb7111000
core   0: 0x80007f8a (0x5d1c9a97) auipc   s5, 0x5d1c9
core   0: 0 0x80007f8a (0x5d1c9a97) x21 0xdd1d0f8a
core   0: 0x80007f8e (0x02997863) bgeu    s2, s1, pc + 48
core   0: 0 0x80007f8e (0x02997863)
core   0: 0x80007f92 (0x0363cb33) div     s6, t2, s6
core   0: 0 0x80007f92 (0x0363cb33) x22 0x00000000
core   0: 0x80007f96 (0x02d3d133) divu    sp, t2, a3
core   0: 0 0x80007f96 (0x02d3d133) x2  0x0000003a
core   0: 0x80007f9a (0x99bf2213) slti    tp, t5, -1637
core   0: 0 0x80007f9a (0x99bf2213) x4  0x00000000
core   0: 0x80007f9e (0x000014fd) c.addi  s1, -1
core   0: 0 0x80007f9e (0x14fd) x9  0x0001dfff
core   0: 0x80007fa0 (0x0ff0000f) fence   iorw,iorw
core   0: 0 0x80007fa0 (0x0ff0000f)
core   0: 0x80007fa4 (0x23c41197) auipc   gp, 0x23c41
core   0: 0 0x80007fa4 (0x23c41197) x3  0xa3c48fa4
core   0: 0x80007fa8 (0x0000717d) c.addi16sp sp, -16
core   0: 0 0x80007fa8 (0x717d) x2  0x0000002a
core   0: 0x80007faa (0x1d910713) addi    a4, sp, 473
core   0: 0 0x80007faa (0x1d910713) x14 0x00000203
core   0: 0x80007fae (0x02b70263) beq     a4, a1, pc + 36
core   0: 0 0x80007fae (0x02b70263)
core   0: 0x80007fb2 (0x0ff0000f) fence   iorw,iorw
core   0: 0 0x80007fb2 (0x0ff0000f)
core   0: 0x80007fb6 (0x0000100f) fence.i
core   0: 0 0x80007fb6 (0x0000100f)
core   0: 0x80007fba (0x03e0b933) mulhu   s2, ra, t5
core   0: 0 0x80007fba (0x03e0b933) x18 0x00000000
core   0: 0x80007fbe (0x19290613) addi    a2, s2, 402
core   0: 0 0x80007fbe (0x19290613) x12 0x00000192
core   0: 0x80007fc2 (0x025d6f33) rem     t5, s10, t0
core   0: 0 0x80007fc2 (0x025d6f33) x30 0x00000001
core   0: 0x80007fc6 (0x0219f7b3) remu    a5, s3, ra
core   0: 0 0x80007fc6 (0x0219f7b3) x15 0x000000d4
core   0: 0x80007fca (0x0000cb9d) c.beqz  a5, pc + 54
core   0: 0 0x80007fca (0xcb9d)
core   0: 0x80007fcc (0x00720863) beq     tp, t2, pc + 16
core   0: 0 0x80007fcc (0x00720863)
core   0: 0x80007fd0 (0x00000001) c.nop
core   0: 0 0x80007fd0 (0x0001)
core   0: 0x80007fd2 (0x0ff0000f) fence   iorw,iorw
core   0: 0 0x80007fd2 (0x0ff0000f)
core   0: 0x80007fd6 (0x012deab3) or      s5, s11, s2
core   0: 0 0x80007fd6 (0x012deab3) x21 0x80000000
core   0: 0x80007fda (0x0000075a) c.slli  a4, 22
core   0: 0 0x80007fda (0x075a) x14 0x80c00000
core   0: 0x80007fdc (0x00009622) c.add   a2, s0
core   0: 0 0x80007fdc (0x9622) x12 0x00000193
core   0: 0x80007fde (0x0000100f) fence.i
core   0: 0 0x80007fde (0x0000100f)
core   0: 0x80007fe2 (0x00611233) sll     tp, sp, t1
core   0: 0 0x80007fe2 (0x00611233) x4  0x00000054
core   0: 0x80007fe6 (0x00001d0c) c.addi4spn a1, sp, 688
core   0: 0 0x80007fe6 (0x1d0c) x11 0x000002da
core   0: 0x80007fe8 (0x00000001) c.nop
core   0: 0 0x80007fe8 (0x0001)
core   0: 0x80007fea (0x40b0d4b3) sra     s1, ra, a1
core   0: 0 0x80007fea (0x40b0d4b3) x9  0x00000000
core   0: 0x80007fee (0x008660b3) or      ra, a2, s0
core   0: 0 0x80007fee (0x008660b3) x1  0x00000193
core   0: 0x80007ff2 (0x01dcd263) bge     s9, t4, pc + 4
core   0: 0 0x80007ff2 (0x01dcd263)
core   0: 0x80007ff6 (0x0ff0000f) fence   iorw,iorw
core   0: 0 0x80007ff6 (0x0ff0000f)
core   0: 0x80007ffa (0x00000001) c.nop
core   0: 0 0x80007ffa (0x0001)
core   0: 0x80007ffc (0x036b0f33) mul     t5, s6, s6
core   0: 0 0x80007ffc (0x036b0f33) x30 0x00000000
core   0: 0x80008000 (0x020f7433) remu    s0, t5, zero
core   0: 0 0x80008000 (0x020f7433) x8  0x00000000
core   0: 0x80008004 (0x018a8fb3) add     t6, s5, s8
core   0: 0 0x80008004 (0x018a8fb3) x31 0x80000000
core   0: 0x80008008 (0x00001190) c.addi4spn a2, sp, 224
core   0: 0 0x80008008 (0x1190) x12 0x0000010a
core   0: 0x8000800a (0x00c393b3) sll     t2, t2, a2
core   0: 0 0x8000800a (0x00c393b3) x7  0x000ebc00
core   0: 0x8000800e (0x03aea3b3) mulhsu  t2, t4, s10
core   0: 0 0x8000800e (0x03aea3b3) x7  0x00000000
core   0: 0x80008012 (0x03689e33) mulh    t3, a7, s6
core   0: 0 0x80008012 (0x03689e33) x28 0x00000000
core   0: 0x80008016 (0x00d625b3) slt     a1, a2, a3
core   0: 0 0x80008016 (0x00d625b3) x11 0x00000000
core   0: 0x8000801a (0xef143a17) auipc   s4, 0xef143
core   0: 0 0x8000801a (0xef143a17) x20 0x6f14b01a
core   0: 0x8000801e (0x021aa333) mulhsu  t1, s5, ra
core   0: 0 0x8000801e (0x021aa333) x6  0xffffff36
core   0: 0x80008022 (0x0149f233) and     tp, s3, s4
core   0: 0 0x80008022 (0x0149f233) x4  0x00001000
core   0: 0x80008026 (0x02c14733) div     a4, sp, a2
core   0: 0 0x80008026 (0x02c14733) x14 0x00000000
core   0: 0x8000802a (0x03e67933) remu    s2, a2, t5
core   0: 0 0x8000802a (0x03e67933) x18 0x0000010a
core   0: 0x8000802e (0x411f5e33) sra     t3, t5, a7
core   0: 0 0x8000802e (0x411f5e33) x28 0x00000000
core   0: 0x80008032 (0x00000001) c.nop
core   0: 0 0x80008032 (0x0001)
core   0: 0x80008034 (0xae842613) slti    a2, s0, -1304
core   0: 0 0x80008034 (0xae842613) x12 0x00000000
core   0: 0x80008038 (0x00000001) c.nop
core   0: 0 0x80008038 (0x0001)
core   0: 0x8000803a (0x00001598) c.addi4spn a4, sp, 736
core   0: 0 0x8000803a (0x1598) x14 0x0000030a
core   0: 0x8000803c (0xfd37f193) andi    gp, a5, -45
core   0: 0 0x8000803c (0xfd37f193) x3  0x000000d0
core   0: 0x80008040 (0x002dd3b3) srl     t2, s11, sp
core   0: 0 0x80008040 (0x002dd3b3) x7  0x00200000
core   0: 0x80008044 (0xcd328b93) addi    s7, t0, -813
core   0: 0 0x80008044 (0xcd328b93) x23 0xb7110cd3
core   0: 0x80008048 (0xfe477313) andi    t1, a4, -28
core   0: 0 0x80008048 (0xfe477313) x6  0x00000300
core   0: 0x8000804c (0x000002be) c.slli  t0, 15
core   0: 0 0x8000804c (0x02be) x5  0x88000000
core   0: 0x8000804e (0x027bee63) bltu    s7, t2, pc + 60
core   0: 0 0x8000804e (0x027bee63)
core   0: 0x80008052 (0x00008ea9) c.xor   a3, a0
core   0: 0 0x80008052 (0x8ea9) x13 0x3e9b4a72
core   0: 0x80008054 (0x0083aab3) slt     s5, t2, s0
core   0: 0 0x80008054 (0x0083aab3) x21 0x00000000
core   0: 0x80008058 (0x01cc33b3) sltu    t2, s8, t3
core   0: 0 0x80008058 (0x01cc33b3) x7  0x00000000
core   0: 0x8000805c (0x00929793) slli    a5, t0, 9
core   0: 0 0x8000805c (0x00929793) x15 0x00000000
core   0: 0x80008060 (0x0136ec33) or      s8, a3, s3
core   0: 0 0x80008060 (0x0136ec33) x24 0xbe9b5e76
core   0: 0x80008064 (0x40838433) sub     s0, t2, s0
core   0: 0 0x80008064 (0x40838433) x8  0x00000000
core   0: 0x80008068 (0xc325b413) sltiu   s0, a1, -974
core   0: 0 0x80008068 (0xc325b413) x8  0x00000001
core   0: 0x8000806c (0x00e75e63) bge     a4, a4, pc + 28
core   0: 0 0x8000806c (0x00e75e63)
core   0: 0x80008088 (0x0000717d) c.addi16sp sp, -16
core   0: 0 0x80008088 (0x717d) x2  0x0000001a
core   0: 0x8000808a (0x037e1a33) mulh    s4, t3, s7
core   0: 0 0x8000808a (0x037e1a33) x20 0x00000000
core   0: 0x8000808e (0x008cc8b3) xor     a7, s9, s0
core   0: 0 0x8000808e (0x008cc8b3) x17 0x80025ce5
core   0: 0x80008092 (0x000085a2) c.mv    a1, s0
core   0: 0 0x80008092 (0x85a2) x11 0x00000001
core   0: 0x80008094 (0x00008a99) c.andi  a3, 6
core   0: 0 0x80008094 (0x8a99) x13 0x00000002
core   0: 0x80008096 (0xbe357e93) andi    t4, a0, -1053
core   0: 0 0x80008096 (0xbe357e93) x29 0x3e9b4a62
core   0: 0x8000809a (0x04d50063) beq     a0, a3, pc + 64
core   0: 0 0x8000809a (0x04d50063)
core   0: 0x8000809e (0xedb46b93) ori     s7, s0, -293
core   0: 0 0x8000809e (0xedb46b93) x23 0xfffffedb
core   0: 0x800080a2 (0x03e302b3) mul     t0, t1, t5
core   0: 0 0x800080a2 (0x03e302b3) x5  0x00000000
core   0: 0x800080a6 (0x00e11663) bne     sp, a4, pc + 12
core   0: 0 0x800080a6 (0x00e11663)
core   0: 0x800080b2 (0x9c90f493) andi    s1, ra, -1591
core   0: 0 0x800080b2 (0x9c90f493) x9  0x00000181
core   0: 0x800080b6 (0x010bc5b3) xor     a1, s7, a6
core   0: 0 0x800080b6 (0x010bc5b3) x11 0x00000124
core   0: 0x800080ba (0x00587333) and     t1, a6, t0
core   0: 0 0x800080ba (0x00587333) x6  0x00000000
core   0: 0x800080be (0x000014fd) c.addi  s1, -1
core   0: 0 0x800080be (0x14fd) x9  0x00000180
core   0: 0x800080c0 (0x019c9433) sll     s0, s9, s9
core   0: 0 0x800080c0 (0x019c9433) x8  0x0025ce40
core   0: 0x800080c4 (0x419a5e33) sra     t3, s4, s9
core   0: 0 0x800080c4 (0x419a5e33) x28 0x00000000
core   0: 0x800080c8 (0x007a4fb3) xor     t6, s4, t2
core   0: 0 0x800080c8 (0x007a4fb3) x31 0x00000000
core   0: 0x800080cc (0x000099fd) c.andi  a1, -1
core   0: 0 0x800080cc (0x99fd) x11 0x00000124
core   0: 0x800080ce (0x41ced7b3) sra     a5, t4, t3
core   0: 0 0x800080ce (0x41ced7b3) x15 0x3e9b4a62
core   0: 0x800080d2 (0x00b08333) add     t1, ra, a1
core   0: 0 0x800080d2 (0x00b08333) x6  0x000002b7
core   0: 0x800080d6 (0x8bd54b17) auipc   s6, 0x8bd54
core   0: 0 0x800080d6 (0x8bd54b17) x22 0x0bd5c0d6
core   0: 0x800080da (0x0297dd33) divu    s10, a5, s1
core   0: 0 0x800080da (0x0297dd33) x26 0x0029bcdc
core   0: 0x800080de (0x021b6333) rem     t1, s6, ra
core   0: 0 0x800080de (0x021b6333) x6  0x000000d5
core   0: 0x800080e2 (0x3890e7b7) lui     a5, 0x3890e
core   0: 0 0x800080e2 (0x3890e7b7) x15 0x3890e000
core   0: 0x800080e6 (0x5c9e8793) addi    a5, t4, 1481
core   0: 0 0x800080e6 (0x5c9e8793) x15 0x3e9b502b
core   0: 0x800080ea (0x00008e31) c.xor   a2, a2
core   0: 0 0x800080ea (0x8e31) x12 0x00000000
core   0: 0x800080ec (0x00008f7d) c.and   a4, a5
core   0: 0 0x800080ec (0x8f7d) x14 0x0000000a
core   0: 0x800080ee (0x0093ebb3) or      s7, t2, s1
core   0: 0 0x800080ee (0x0093ebb3) x23 0x00000180
core   0: 0x800080f2 (0x01625133) srl     sp, tp, s6
core   0: 0 0x800080f2 (0x01625133) x2  0x00000000
core   0: 0x800080f6 (0x011e7663) bgeu    t3, a7, pc + 12
core   0: 0 0x800080f6 (0x011e7663)
core   0: 0x800080fa (0x00008219) c.srli  a2, 6
core   0: 0 0x800080fa (0x8219) x12 0x00000000
core   0: 0x800080fc (0x00000001) c.nop
core   0: 0 0x800080fc (0x0001)
core   0: 0x800080fe (0x00004a15) c.li    s4, 5
core   0: 0 0x800080fe (0x4a15) x20 0x00000005
core   0: 0x80008100 (0x000015fd) c.addi  a1, -1
core   0: 0 0x80008100 (0x15fd) x11 0x00000123
core   0: 0x80008102 (0x0173b7b3) sltu    a5, t2, s7
core   0: 0 0x80008102 (0x0173b7b3) x15 0x00000001
core   0: 0x80008106 (0x02b9e2b3) rem     t0, s3, a1
core   0: 0 0x80008106 (0x02b9e2b3) x5  0xffffff29
core   0: 0x8000810a (0x00001d18) c.addi4spn a4, sp, 688
core   0: 0 0x8000810a (0x1d18) x14 0x000002b0
core   0: 0x8000810c (0x00008fbd) c.xor   a5, a5
core   0: 0 0x8000810c (0x8fbd) x15 0x00000000
core   0: 0x8000810e (0x035e8563) beq     t4, s5, pc + 42
core   0: 0 0x8000810e (0x035e8563)
core   0: 0x80008112 (0x00008c46) c.mv    s8, a7
core   0: 0 0x80008112 (0x8c46) x24 0x80025ce5
core   0: 0x80008114 (0x0000c205) c.beqz  a2, pc + 32
core   0: 0 0x80008114 (0xc205)
core   0: 0x80008134 (0x406d8633) sub     a2, s11, t1
core   0: 0 0x80008134 (0x406d8633) x12 0x7fffff2b
core   0: 0x80008138 (0x002ee563) bltu    t4, sp, pc + 10
core   0: 0 0x80008138 (0x002ee563)
core   0: 0x8000813c (0x2d4d8317) auipc   t1, 0x2d4d8
core   0: 0 0x8000813c (0x2d4d8317) x6  0xad4e013c
core   0: 0x80008140 (0x00008cb9) c.xor   s1, a4
core   0: 0 0x80008140 (0x8cb9) x9  0x00000330
core   0: 0x80008142 (0x0311d863) bge     gp, a7, pc + 48
core   0: 0 0x80008142 (0x0311d863)
core   0: 0x80008172 (0x01c2cab3) xor     s5, t0, t3
core   0: 0 0x80008172 (0x01c2cab3) x21 0xffffff29
core   0: 0x80008176 (0x0228e6b3) rem     a3, a7, sp
core   0: 0 0x80008176 (0x0228e6b3) x13 0x80025ce5
core   0: 0x8000817a (0x00009d66) c.add   s10, s9
core   0: 0 0x8000817a (0x9d66) x26 0x802c19c0
core   0: 0x8000817c (0x01fa9333) sll     t1, s5, t6
core   0: 0 0x8000817c (0x01fa9333) x6  0xffffff29
core   0: 0x80008180 (0xfaa86717) auipc   a4, 0xfaa86
core   0: 0 0x80008180 (0xfaa86717) x14 0x7aa8e180
core   0: 0x80008184 (0x0000717d) c.addi16sp sp, -16
core   0: 0 0x80008184 (0x717d) x2  0xfffffff0
core   0: 0x80008186 (0x00006ead) c.lui   t4, 0xb
core   0: 0 0x80008186 (0x6ead) x29 0x0000b000
core   0: 0x80008188 (0xb0bfb513) sltiu   a0, t6, -1269
core   0: 0 0x80008188 (0xb0bfb513) x10 0x00000001
core   0: 0x8000818c (0x41f70733) sub     a4, a4, t6
core   0: 0 0x8000818c (0x41f70733) x14 0x7aa8e180
core   0: 0x80008190 (0x0000717d) c.addi16sp sp, -16
core   0: 0 0x80008190 (0x717d) x2  0xffffffe0
core   0: 0x80008192 (0x00ab8733) add     a4, s7, a0
core   0: 0 0x80008192 (0x00ab8733) x14 0x00000181
core   0: 0x80008196 (0x00001b7d) c.addi  s6, -1
core   0: 0 0x80008196 (0x1b7d) x22 0x0bd5c0d5
core   0: 0x80008198 (0xc0345517) auipc   a0, 0xc0345
core   0: 0 0x80008198 (0xc0345517) x10 0x4034d198
core   0: 0x8000819c (0x415ade33) sra     t3, s5, s5
core   0: 0 0x8000819c (0x415ade33) x28 0xffffffff
core   0: 0x800081a0 (0x00000001) c.nop
core   0: 0 0x800081a0 (0x0001)
core   0: 0x800081a2 (0x02d40263) beq     s0, a3, pc + 36
core   0: 0 0x800081a2 (0x02d40263)
core   0: 0x800081a6 (0x00c61193) slli    gp, a2, 12
core   0: 0 0x800081a6 (0x00c61193) x3  0xfff2b000
core   0: 0x800081aa (0x0000100f) fence.i
core   0: 0 0x800081aa (0x0000100f)
core   0: 0x800081ae (0x00008ee9) c.and   a3, a0
core   0: 0 0x800081ae (0x8ee9) x13 0x00005080
core   0: 0x800081b0 (0x0000cf09) c.beqz  a4, pc + 26
core   0: 0 0x800081b0 (0xcf09)
core   0: 0x800081b2 (0x0072a7b3) slt     a5, t0, t2
core   0: 0 0x800081b2 (0x0072a7b3) x15 0x00000001
core   0: 0x800081b6 (0x00c1eb33) or      s6, gp, a2
core   0: 0 0x800081b6 (0x00c1eb33) x22 0xffffff2b
core   0: 0x800081ba (0x2a4f7713) andi    a4, t5, 676
core   0: 0 0x800081ba (0x2a4f7713) x14 0x00000000
core   0: 0x800081be (0x028c0063) beq     s8, s0, pc + 32
core   0: 0 0x800081be (0x028c0063)
core   0: 0x800081c2 (0x02a741b3) div     gp, a4, a0
core   0: 0 0x800081c2 (0x02a741b3) x3  0x00000000
core   0: 0x800081c6 (0x0181d113) srli    sp, gp, 24
core   0: 0 0x800081c6 (0x0181d113) x2  0x00000000
core   0: 0x800081ca (0x00709813) slli    a6, ra, 7
core   0: 0 0x800081ca (0x00709813) x16 0x0000c980
core   0: 0x800081ce (0x00008c7d) c.and   s0, a5
core   0: 0 0x800081ce (0x8c7d) x8  0x00000000
core   0: 0x800081d0 (0x0000527d) c.li    tp, -1
core   0: 0 0x800081d0 (0x527d) x4  0xffffffff
core   0: 0x800081d2 (0x1ed1a693) slti    a3, gp, 493
core   0: 0 0x800081d2 (0x1ed1a693) x13 0x00000001
core   0: 0x800081d6 (0x00009bfd) c.andi  a5, -1
core   0: 0 0x800081d6 (0x9bfd) x15 0x00000001
core   0: 0x800081d8 (0x00006695) c.lui   a3, 0x5
core   0: 0 0x800081d8 (0x6695) x13 0x00005000
core   0: 0x800081da (0x036a2eb3) mulhsu  t4, s4, s6
core   0: 0 0x800081da (0x036a2eb3) x29 0x00000004
core   0: 0x800081de (0x00005bfd) c.li    s7, -1
core   0: 0 0x800081de (0x5bfd) x23 0xffffffff
core   0: 0x800081e0 (0x038277b3) remu    a5, tp, s8
core   0: 0 0x800081e0 (0x038277b3) x15 0x7ffda31a
core   0: 0x800081e4 (0x0240fb33) remu    s6, ra, tp
core   0: 0 0x800081e4 (0x0240fb33) x22 0x00000193
core   0: 0x800081e8 (0x01e09813) slli    a6, ra, 30
core   0: 0 0x800081e8 (0x01e09813) x16 0xc0000000
core   0: 0x800081ec (0x3a083a93) sltiu   s5, a6, 928
core   0: 0 0x800081ec (0x3a083a93) x21 0x00000000
core   0: 0x800081f0 (0x00009d3a) c.add   s10, a4
core   0: 0 0x800081f0 (0x9d3a) x26 0x802c19c0
core   0: 0x800081f2 (0x035394b3) mulh    s1, t2, s5
core   0: 0 0x800081f2 (0x035394b3) x9  0x00000000
core   0: 0x800081f6 (0x0076ed63) bltu    a3, t2, pc + 26
core   0: 0 0x800081f6 (0x0076ed63)
core   0: 0x800081fa (0x000015fd) c.addi  a1, -1
core   0: 0 0x800081fa (0x15fd) x11 0x00000122
core   0: 0x800081fc (0x00f035b3) snez    a1, a5
core   0: 0 0x800081fc (0x00f035b3) x11 0x00000001
core   0: 0x80008200 (0x00000001) c.nop
core   0: 0 0x80008200 (0x0001)
core   0: 0x80008202 (0x01dd9313) slli    t1, s11, 29
core   0: 0 0x80008202 (0x01dd9313) x6  0x00000000
core   0: 0x80008206 (0x00fd5f13) srli    t5, s10, 15
core   0: 0 0x80008206 (0x00fd5f13) x30 0x00010058
core   0: 0x8000820a (0x0189beb3) sltu    t4, s3, s8
core   0: 0 0x8000820a (0x0189beb3) x29 0x00000001
core   0: 0x8000820e (0x0000c509) c.beqz  a0, pc + 10
core   0: 0 0x8000820e (0xc509)
core   0: 0x80008210 (0x00006525) c.lui   a0, 0x9
core   0: 0 0x80008210 (0x6525) x10 0x00009000
core   0: 0x80008212 (0x0000e10d) c.bnez  a0, pc + 34
core   0: 0 0x80008212 (0xe10d)
core   0: 0x80008234 (0x00006129) c.addi16sp sp, 192
core   0: 0 0x80008234 (0x6129) x2  0x000000c0
core   0: 0x80008236 (0x000054fd) c.li    s1, -1
core   0: 0 0x80008236 (0x54fd) x9  0xffffffff
core   0: 0x80008238 (0x014247b3) xor     a5, tp, s4
core   0: 0 0x80008238 (0x014247b3) x15 0xfffffffa
core   0: 0x8000823c (0x0070d213) srli    tp, ra, 7
core   0: 0 0x8000823c (0x0070d213) x4  0x00000003
core   0: 0x80008240 (0x00618013) addi    zero, gp, 6
core   0: 0 0x80008240 (0x00618013)
core   0: 0x80008244 (0x73bad3b7) lui     t2, 0x73bad
core   0: 0 0x80008244 (0x73bad3b7) x7  0x73bad000
core   0: 0x80008248 (0x40d05313) srai    t1, zero, 13
core   0: 0 0x80008248 (0x40d05313) x6  0x00000000
core   0: 0x8000824c (0x0388c1b3) div     gp, a7, s8
core   0: 0 0x8000824c (0x0388c1b3) x3  0x00000001
core   0: 0x80008250 (0xdc606b13) ori     s6, zero, -570
core   0: 0 0x80008250 (0xdc606b13) x22 0xfffffdc6
core   0: 0x80008254 (0x0000ea81) c.bnez  a3, pc + 16
core   0: 0 0x80008254 (0xea81)
core   0: 0x80008264 (0x8a403697) auipc   a3, 0x8a403
core   0: 0 0x80008264 (0x8a403697) x13 0x0a40b264
core   0: 0x80008268 (0x030574b3) remu    s1, a0, a6
core   0: 0 0x80008268 (0x030574b3) x9  0x00009000
core   0: 0x8000826c (0x03854263) blt     a0, s8, pc + 36
core   0: 0 0x8000826c (0x03854263)
core   0: 0x80008270 (0x020640b3) div     ra, a2, zero
core   0: 0 0x80008270 (0x020640b3) x1  0xffffffff
core   0: 0x80008274 (0x0000652d) c.lui   a0, 0xb
core   0: 0 0x80008274 (0x652d) x10 0x0000b000
core   0: 0x80008276 (0x000098fd) c.andi  s1, -1
core   0: 0 0x80008276 (0x98fd) x9  0x00009000
core   0: 0x80008278 (0xe0b84693) xori    a3, a6, -501
core   0: 0 0x80008278 (0xe0b84693) x13 0x3ffffe0b
core   0: 0x8000827c (0x03496463) bltu    s2, s4, pc + 40
core   0: 0 0x8000827c (0x03496463)
core   0: 0x80008280 (0x000082d1) c.srli  a3, 20
core   0: 0 0x80008280 (0x82d1) x13 0x000003ff
core   0: 0x80008282 (0x000003f6) c.slli  t2, 29
core   0: 0 0x80008282 (0x03f6) x7  0x00000000
core   0: 0x80008284 (0x000091ca) c.add   gp, s2
core   0: 0 0x80008284 (0x91ca) x3  0x0000010b
core   0: 0x80008286 (0x00d57ab3) and     s5, a0, a3
core   0: 0 0x80008286 (0x00d57ab3) x21 0x00000000
core   0: 0x8000828a (0x00004f0d) c.li    t5, 3
core   0: 0 0x8000828a (0x4f0d) x30 0x00000003
core   0: 0x8000828c (0x0352c063) blt     t0, s5, pc + 32
core   0: 0 0x8000828c (0x0352c063)
core   0: 0x800082ac (0x8fd22213) slti    tp, tp, -1795
core   0: 0 0x800082ac (0x8fd22213) x4  0x00000000
core   0: 0x800082b0 (0x00008e55) c.or    a2, a3
core   0: 0 0x800082b0 (0x8e55) x12 0x7fffffff
core   0: 0x800082b2 (0x0ff0000f) fence   iorw,iorw
core   0: 0 0x800082b2 (0x0ff0000f)
core   0: 0x800082b6 (0x018c67b3) or      a5, s8, s8
core   0: 0 0x800082b6 (0x018c67b3) x15 0x80025ce5
core   0: 0x800082ba (0x01b35e13) srli    t3, t1, 27
core   0: 0 0x800082ba (0x01b35e13) x28 0x00000000
core   0: 0x800082be (0x0242ceb3) div     t4, t0, tp
core   0: 0 0x800082be (0x0242ceb3) x29 0xffffffff
core   0: 0x800082c2 (0x00009716) c.add   a4, t0
core   0: 0 0x800082c2 (0x9716) x14 0xffffff29
core   0: 0x800082c4 (0x00000ba1) c.addi  s7, 8
core   0: 0 0x800082c4 (0x0ba1) x23 0x00000007
core   0: 0x800082c6 (0x0000c319) c.beqz  a4, pc + 6
core   0: 0 0x800082c6 (0xc319)
core   0: 0x800082c8 (0x32f1a693) slti    a3, gp, 815
core   0: 0 0x800082c8 (0x32f1a693) x13 0x00000001
core   0: 0x800082cc (0x0000ec33) or      s8, ra, zero
core   0: 0 0x800082cc (0x0000ec33) x24 0xffffffff
core   0: 0x800082d0 (0x00ba7f33) and     t5, s4, a1
core   0: 0 0x800082d0 (0x00ba7f33) x30 0x00000001
core   0: 0x800082d4 (0x02047fb3) remu    t6, s0, zero
core   0: 0 0x800082d4 (0x02047fb3) x31 0x00000000
core   0: 0x800082d8 (0xb1a5e517) auipc   a0, 0xb1a5e
core   0: 0 0x800082d8 (0xb1a5e517) x10 0x31a662d8
core   0: 0x800082dc (0x020ae763) bltu    s5, zero, pc + 46
core   0: 0 0x800082dc (0x020ae763)
core   0: 0x800082e0 (0x02b20c63) beq     tp, a1, pc + 56
core   0: 0 0x800082e0 (0x02b20c63)
core   0: 0x800082e4 (0x0000825d) c.srli  a2, 23
core   0: 0 0x800082e4 (0x825d) x12 0x000000ff
core   0: 0x800082e6 (0x02a2ed33) rem     s10, t0, a0
core   0: 0 0x800082e6 (0x02a2ed33) x26 0xffffff29
core   0: 0x800082ea (0x000005d6) c.slli  a1, 21
core   0: 0 0x800082ea (0x05d6) x11 0x00200000
core   0: 0x800082ec (0x4ca9b513) sltiu   a0, s3, 1226
core   0: 0 0x800082ec (0x4ca9b513) x10 0x00000000
core   0: 0x800082f0 (0x0000717d) c.addi16sp sp, -16
core   0: 0 0x800082f0 (0x717d) x2  0x000000b0
core   0: 0x800082f2 (0x0000100f) fence.i
core   0: 0 0x800082f2 (0x0000100f)
core   0: 0x800082f6 (0x0009bb33) sltu    s6, s3, zero
core   0: 0 0x800082f6 (0x0009bb33) x22 0x00000000
core   0: 0x800082fa (0x03be1533) mulh    a0, t3, s11
core   0: 0 0x800082fa (0x03be1533) x10 0x00000000
core   0: 0x800082fe (0x030f8463) beq     t6, a6, pc + 40
core   0: 0 0x800082fe (0x030f8463)
core   0: 0x80008302 (0x0000022e) c.slli  tp, 11
core   0: 0 0x80008302 (0x022e) x4  0x00000000
core   0: 0x80008304 (0x03e9d8b3) divu    a7, s3, t5
core   0: 0 0x80008304 (0x03e9d8b3) x17 0x80021e64
core   0: 0x80008308 (0x0000620d) c.lui   tp, 0x3
core   0: 0 0x80008308 (0x620d) x4  0x00003000
core   0: 0x8000830a (0x035824b3) mulhsu  s1, a6, s5
core   0: 0 0x8000830a (0x035824b3) x9  0x00000000
core   0: 0x8000830e (0x00000001) c.nop
core   0: 0 0x8000830e (0x0001)
core   0: 0x80008310 (0x017dd733) srl     a4, s11, s7
core   0: 0 0x80008310 (0x017dd733) x14 0x01000000
core   0: 0x80008314 (0x00165913) srli    s2, a2, 1
core   0: 0 0x80008314 (0x00165913) x18 0x0000007f
core   0: 0x80008318 (0x02d2fe63) bgeu    t0, a3, pc + 60
core   0: 0 0x80008318 (0x02d2fe63)
core   0: 0x80008354 (0x00008dd5) c.or    a1, a3
core   0: 0 0x80008354 (0x8dd5) x11 0x00200001
core   0: 0x80008356 (0x00000a15) c.addi  s4, 5
core   0: 0 0x80008356 (0x0a15) x20 0x0000000a
core   0: 0x80008358 (0x028f6633) rem     a2, t5, s0
core   0: 0 0x80008358 (0x028f6633) x12 0x00000001
core   0: 0x8000835c (0x012bd763) bge     s7, s2, pc + 14
core   0: 0 0x8000835c (0x012bd763)
core   0: 0x80008360 (0x94b57637) lui     a2, 0x94b57
core   0: 0 0x80008360 (0x94b57637) x12 0x94b57000
core   0: 0x80008364 (0x00008c75) c.and   s0, a3
core   0: 0 0x80008364 (0x8c75) x8  0x00000000
core   0: 0x80008366 (0x025844b3) div     s1, a6, t0
core   0: 0 0x80008366 (0x025844b3) x9  0x004c3464
core   0: 0x8000836a (0x659a2393) slti    t2, s4, 1625
core   0: 0 0x8000836a (0x659a2393) x7  0x00000001
core   0: 0x8000836e (0x00000001) c.nop
core   0: 0 0x8000836e (0x0001)
core   0: 0x80008370 (0x0209d3b3) divu    t2, s3, zero
core   0: 0 0x80008370 (0x0209d3b3) x7  0xffffffff
core   0: 0x80008374 (0x00000eb2) c.slli  t4, 12
core   0: 0 0x80008374 (0x0eb2) x29 0xfffff000
core   0: 0x80008376 (0x01b3d7b3) srl     a5, t2, s11
core   0: 0 0x80008376 (0x01b3d7b3) x15 0xffffffff
core   0: 0x8000837a (0x036fd833) divu    a6, t6, s6
core   0: 0 0x8000837a (0x036fd833) x16 0xffffffff
core   0: 0x8000837e (0x00000001) c.nop
core   0: 0 0x8000837e (0x0001)
core   0: 0x80008380 (0xd338fb13) andi    s6, a7, -717
core   0: 0 0x80008380 (0xd338fb13) x22 0x80021c20
core   0: 0x80008384 (0x00000739) c.addi  a4, 14
core   0: 0 0x80008384 (0x0739) x14 0x0100000e
core   0: 0x80008386 (0x0000ec39) c.bnez  s0, pc + 94
core   0: 0 0x80008386 (0xec39)
core   0: 0x80008388 (0x00006f39) c.lui   t5, 0xe
core   0: 0 0x80008388 (0x6f39) x30 0x0000e000
core   0: 0x8000838a (0xf644b093) sltiu   ra, s1, -156
core   0: 0 0x8000838a (0xf644b093) x1  0x00000001
core   0: 0x8000838e (0xf479cb93) xori    s7, s3, -185
core   0: 0 0x8000838e (0xf479cb93) x23 0x7ffde123
core   0: 0x80008392 (0x00001317) auipc   t1, 0x1
core   0: 0 0x80008392 (0x00001317) x6  0x80009392
core   0: 0x80008396 (0xae230313) addi    t1, t1, -1310
core   0: 0 0x80008396 (0xae230313) x6  0x80008e74
core   0: 0x8000839a (0x00000001) c.nop
core   0: 0 0x8000839a (0x0001)
core   0: 0x8000839c (0x00000001) c.nop
core   0: 0 0x8000839c (0x0001)
core   0: 0x8000839e (0x0000034d) c.addi  t1, 19
core   0: 0 0x8000839e (0x034d) x6  0x80008e87
core   0: 0x800083a0 (0x00411913) slli    s2, sp, 4
core   0: 0 0x800083a0 (0x00411913) x18 0x00000b00
core   0: 0x800083a4 (0x01a45463) bge     s0, s10, pc + 8
core   0: 0 0x800083a4 (0x01a45463)
core   0: 0x800083ac (0xfee307e7) jalr    a5, t1, -18
core   0: 0 0x800083ac (0xfee307e7) x15 0x800083b0
core   0: 0x80008e74 (0xfd498993) addi    s3, s3, -44
core   0: 0 0x80008e74 (0xfd498993) x19 0x80021e38
core   0: 0x80008e78 (0x03b46d33) rem     s10, s0, s11
core   0: 0 0x80008e78 (0x03b46d33) x26 0x00000000
core   0: 0x80008e7c (0x03094233) div     tp, s2, a6
core   0: 0 0x80008e7c (0x03094233) x4  0xfffff500
core   0: 0x80008e80 (0x00000001) c.nop
core   0: 0 0x80008e80 (0x0001)
core   0: 0x80008e82 (0x8563c213) xori    tp, t2, -1962
core   0: 0 0x80008e82 (0x8563c213) x4  0x000007a9
core   0: 0x80008e86 (0x00000001) c.nop
core   0: 0 0x80008e86 (0x0001)
core   0: 0x80008e88 (0x00f9a223) sw      a5, 4(s3)
core   0: 0 0x80008e88 (0x00f9a223) mem 0x80021e3c 0x800083b0
core   0: 0x80008e8c (0x40a6d533) sra     a0, a3, a0
core   0: 0 0x80008e8c (0x40a6d533) x10 0x00000001
core   0: 0x80008e90 (0x03c30833) mul     a6, t1, t3
core   0: 0 0x80008e90 (0x03c30833) x16 0x00000000
core   0: 0x80008e94 (0x88e82813) slti    a6, a6, -1906
core   0: 0 0x80008e94 (0x88e82813) x16 0x00000000
core   0: 0x80008e98 (0x0218c933) div     s2, a7, ra
core   0: 0 0x80008e98 (0x0218c933) x18 0x80021e64
core   0: 0x80008e9c (0x019d0863) beq     s10, s9, pc + 16
core   0: 0 0x80008e9c (0x019d0863)
core   0: 0x80008ea0 (0x00000b11) c.addi  s6, 4
core   0: 0 0x80008ea0 (0x0b11) x22 0x80021c24
core   0: 0x80008ea2 (0x03b3e263) bltu    t2, s11, pc + 36
core   0: 0 0x80008ea2 (0x03b3e263)
core   0: 0x80008ea6 (0x00008ec5) c.or    a3, s1
core   0: 0 0x80008ea6 (0x8ec5) x13 0x004c3465
core   0: 0x80008ea8 (0x4112de93) srai    t4, t0, 17
core   0: 0 0x80008ea8 (0x4112de93) x29 0xffffffff
core   0: 0x80008eac (0xbaf13693) sltiu   a3, sp, -1105
core   0: 0 0x80008eac (0xbaf13693) x13 0x00000001
core   0: 0x80008eb0 (0x99dab793) sltiu   a5, s5, -1635
core   0: 0 0x80008eb0 (0x99dab793) x15 0x00000001
core   0: 0x80008eb4 (0x0223a033) mulhsu  zero, t2, sp
core   0: 0 0x80008eb4 (0x0223a033)
core   0: 0x80008eb8 (0x05d31063) bne     t1, t4, pc + 64
core   0: 0 0x80008eb8 (0x05d31063)
core   0: 0x80008ef8 (0x00008c6e) c.mv    s8, s11
core   0: 0 0x80008ef8 (0x8c6e) x24 0x80000000
core   0: 0x80008efa (0x013663b3) or      t2, a2, s3
core   0: 0 0x80008efa (0x013663b3) x7  0x94b77e38
core   0: 0x80008efe (0x00591093) slli    ra, s2, 5
core   0: 0 0x80008efe (0x00591093) x1  0x0043cc80
core   0: 0x80008f02 (0x03752333) mulhsu  t1, a0, s7
core   0: 0 0x80008f02 (0x03752333) x6  0x00000000
core   0: 0x80008f06 (0x0ff0000f) fence   iorw,iorw
core   0: 0 0x80008f06 (0x0ff0000f)
core   0: 0x80008f0a (0x0000717d) c.addi16sp sp, -16
core   0: 0 0x80008f0a (0x717d) x2  0x000000a0
core   0: 0x80008f0c (0x9d383b97) auipc   s7, 0x9d383
core   0: 0 0x80008f0c (0x9d383b97) x23 0x1d38bf0c
core   0: 0x80008f10 (0x0000009a) c.slli  ra, 6
core   0: 0 0x80008f10 (0x009a) x1  0x10f32000
core   0: 0x80008f12 (0x0000717d) c.addi16sp sp, -16
core   0: 0 0x80008f12 (0x717d) x2  0x00000090
core   0: 0x80008f14 (0x000d76b3) and     a3, s10, zero
core   0: 0 0x80008f14 (0x000d76b3) x13 0x00000000
core   0: 0x80008f18 (0x00008c45) c.or    s0, s1
core   0: 0 0x80008f18 (0x8c45) x8  0x004c3464
core   0: 0x80008f1a (0x014ed233) srl     tp, t4, s4
core   0: 0 0x80008f1a (0x014ed233) x4  0x003fffff
core   0: 0x80008f1e (0x03511d63) bne     sp, s5, pc + 58
core   0: 0 0x80008f1e (0x03511d63)
core   0: 0x80008f58 (0x00ab9563) bne     s7, a0, pc + 10
core   0: 0 0x80008f58 (0x00ab9563)
core   0: 0x80008f62 (0xd8b7b713) sltiu   a4, a5, -629
core   0: 0 0x80008f62 (0xd8b7b713) x14 0x00000001
core   0: 0x80008f66 (0x00001810) c.addi4spn a2, sp, 48
core   0: 0 0x80008f66 (0x1810) x12 0x000000c0
core   0: 0x80008f68 (0x01d28e33) add     t3, t0, t4
core   0: 0 0x80008f68 (0x01d28e33) x28 0xffffff28
core   0: 0x80008f6c (0x4140d533) sra     a0, ra, s4
core   0: 0 0x80008f6c (0x4140d533) x10 0x00043cc8
core   0: 0x80008f70 (0x00009bfd) c.andi  a5, -1
core   0: 0 0x80008f70 (0x9bfd) x15 0x00000001
core   0: 0x80008f72 (0x0ff0000f) fence   iorw,iorw
core   0: 0 0x80008f72 (0x0ff0000f)
core   0: 0x80008f76 (0x000087cd) c.srai  a5, 19
core   0: 0 0x80008f76 (0x87cd) x15 0x00000000
core   0: 0x80008f78 (0x00008c61) c.and   s0, s0
core   0: 0 0x80008f78 (0x8c61) x8  0x004c3464
core   0: 0x80008f7a (0x00008b3e) c.mv    s6, a5
core   0: 0 0x80008f7a (0x8b3e) x22 0x00000000
core   0: 0x80008f7c (0x9463c793) xori    a5, t2, -1722
core   0: 0 0x80008f7c (0x9463c793) x15 0x6b48877e
core   0: 0x80008f80 (0x00001d7d) c.addi  s10, -1
core   0: 0 0x80008f80 (0x1d7d) x26 0xffffffff
core   0: 0x80008f82 (0x9aceb193) sltiu   gp, t4, -1620
core   0: 0 0x80008f82 (0x9aceb193) x3  0x00000000
core   0: 0x80008f86 (0x0000888d) c.andi  s1, 3
core   0: 0 0x80008f86 (0x888d) x9  0x00000000
core   0: 0x80008f88 (0x96e12813) slti    a6, sp, -1682
core   0: 0 0x80008f88 (0x96e12813) x16 0x00000000
core   0: 0x80008f8c (0x00008cc1) c.or    s1, s0
core   0: 0 0x80008f8c (0x8cc1) x9  0x004c3464
core   0: 0x80008f8e (0xd2f3bc13) sltiu   s8, t2, -721
core   0: 0 0x80008f8e (0xd2f3bc13) x24 0x00000001
core   0: 0x80008f92 (0x3bbfc7b7) lui     a5, 0x3bbfc
core   0: 0 0x80008f92 (0x3bbfc7b7) x15 0x3bbfc000
core   0: 0x80008f96 (0xd4748513) addi    a0, s1, -697
core   0: 0 0x80008f96 (0xd4748513) x10 0x004c31ab
core   0: 0x80008f9a (0x0000810d) c.srli  a0, 3
core   0: 0 0x80008f9a (0x810d) x10 0x00098635
core   0: 0x80008f9c (0x41bb53b3) sra     t2, s6, s11
core   0: 0 0x80008f9c (0x41bb53b3) x7  0x00000000
core   0: 0x80008fa0 (0x0000863a) c.mv    a2, a4
core   0: 0 0x80008fa0 (0x863a) x12 0x00000001
core   0: 0x80008fa2 (0x012d46b3) xor     a3, s10, s2
core   0: 0 0x80008fa2 (0x012d46b3) x13 0x7ffde19b
core   0: 0x80008fa6 (0x0000717d) c.addi16sp sp, -16
core   0: 0 0x80008fa6 (0x717d) x2  0x00000080
core   0: 0x80008fa8 (0x02412333) mulhsu  t1, sp, tp
core   0: 0 0x80008fa8 (0x02412333) x6  0x00000000
core   0: 0x80008fac (0x00bdd463) bge     s11, a1, pc + 8
core   0: 0 0x80008fac (0x00bdd463)
core   0: 0x80008fb0 (0x00000001) c.nop
core   0: 0 0x80008fb0 (0x0001)
core   0: 0x80008fb2 (0x0000c0a9) c.beqz  s1, pc + 66
core   0: 0 0x80008fb2 (0xc0a9)
core   0: 0x80008fb4 (0x03307fb3) remu    t6, zero, s3
core   0: 0 0x80008fb4 (0x03307fb3) x31 0x00000000
core   0: 0x80008fb8 (0x02049633) mulh    a2, s1, zero
core   0: 0 0x80008fb8 (0x02049633) x12 0x00000000
core   0: 0x80008fbc (0x00f066b3) or      a3, zero, a5
core   0: 0 0x80008fbc (0x00f066b3) x13 0x3bbfc000
core   0: 0x80008fc0 (0x00008de9) c.and   a1, a0
core   0: 0 0x80008fc0 (0x8de9) x11 0x00000001
core   0: 0x80008fc2 (0xfe9d7393) andi    t2, s10, -23
core   0: 0 0x80008fc2 (0xfe9d7393) x7  0xffffffe9
core   0: 0x80008fc6 (0x0374f533) remu    a0, s1, s7
core   0: 0 0x80008fc6 (0x0374f533) x10 0x004c3464
core   0: 0x80008fca (0x00008ce1) c.and   s1, s0
core   0: 0 0x80008fca (0x8ce1) x9  0x004c3464
core   0: 0x80008fcc (0x25c84737) lui     a4, 0x25c84
core   0: 0 0x80008fcc (0x25c84737) x14 0x25c84000
core   0: 0x80008fd0 (0x00006149) c.addi16sp sp, 144
core   0: 0 0x80008fd0 (0x6149) x2  0x00000110
core   0: 0x80008fd2 (0x1f7ea913) slti    s2, t4, 503
core   0: 0 0x80008fd2 (0x1f7ea913) x18 0x00000001
core   0: 0x80008fd6 (0x0000167d) c.addi  a2, -1
core   0: 0 0x80008fd6 (0x167d) x12 0xffffffff
core   0: 0x80008fd8 (0x019f9913) slli    s2, t6, 25
core   0: 0 0x80008fd8 (0x019f9913) x18 0x00000000
core   0: 0x80008fdc (0x022781b3) mul     gp, a5, sp
core   0: 0 0x80008fdc (0x022781b3) x3  0x7bbc0000
core   0: 0x80008fe0 (0xbe137f93) andi    t6, t1, -1055
core   0: 0 0x80008fe0 (0xbe137f93) x31 0x00000000
core   0: 0x80008fe4 (0x000093e6) c.add   t2, s9
core   0: 0 0x80008fe4 (0x93e6) x7  0x80025ccd
core   0: 0x80008fe6 (0x02195d63) bge     s2, ra, pc + 58
core   0: 0 0x80008fe6 (0x02195d63)
core   0: 0x80008fea (0x01bfb3b3) sltu    t2, t6, s11
core   0: 0 0x80008fea (0x01bfb3b3) x7  0x00000001
core   0: 0x80008fee (0x00008e55) c.or    a2, a3
core   0: 0 0x80008fee (0x8e55) x12 0xffffffff
core   0: 0x80008ff0 (0x020d1c33) mulh    s8, s10, zero
core   0: 0 0x80008ff0 (0x020d1c33) x24 0x00000000
core   0: 0x80008ff4 (0x40ff5233) sra     tp, t5, a5
core   0: 0 0x80008ff4 (0x40ff5233) x4  0x0000e000
core   0: 0x80008ff8 (0x0000639d) c.lui   t2, 0x7
core   0: 0 0x80008ff8 (0x639d) x7  0x00007000
core   0: 0x80008ffa (0x022edbb3) divu    s7, t4, sp
core   0: 0 0x80008ffa (0x022edbb3) x23 0x00f0f0f0
core   0: 0x80008ffe (0x033094b3) mulh    s1, ra, s3
core   0: 0 0x80008ffe (0x033094b3) x9  0xf78693e6
core   0: 0x80009002 (0xce866113) ori     sp, a2, -792
core   0: 0 0x80009002 (0xce866113) x2  0xffffffff
core   0: 0x80009006 (0x50e4b213) sltiu   tp, s1, 1294
core   0: 0 0x80009006 (0x50e4b213) x4  0x00000000
core   0: 0x8000900a (0x0e216113) ori     sp, sp, 226
core   0: 0 0x8000900a (0x0e216113) x2  0xffffffff
core   0: 0x8000900e (0x01166fb3) or      t6, a2, a7
core   0: 0 0x8000900e (0x01166fb3) x31 0xffffffff
core   0: 0x80009012 (0x025af433) remu    s0, s5, t0
core   0: 0 0x80009012 (0x025af433) x8  0x00000000
core   0: 0x80009016 (0x0000e595) c.bnez  a1, pc + 44
core   0: 0 0x80009016 (0xe595)
core   0: 0x80009042 (0x00008691) c.srai  a3, 4
core   0: 0 0x80009042 (0x8691) x13 0x03bbfc00
core   0: 0x80009044 (0x01975493) srli    s1, a4, 25
core   0: 0 0x80009044 (0x01975493) x9  0x00000012
core   0: 0x80009048 (0x00004409) c.li    s0, 2
core   0: 0 0x80009048 (0x4409) x8  0x00000002
core   0: 0x8000904a (0x020a8533) mul     a0, s5, zero
core   0: 0 0x8000904a (0x020a8533) x10 0x00000000
core   0: 0x8000904e (0x0000100f) fence.i
core   0: 0 0x8000904e (0x0000100f)
core   0: 0x80009052 (0x00749213) slli    tp, s1, 7
core   0: 0 0x80009052 (0x00749213) x4  0x00000900
core   0: 0x80009056 (0x03b67363) bgeu    a2, s11, pc + 38
core   0: 0 0x80009056 (0x03b67363)
core   0: 0x8000907c (0x000086b1) c.srai  a3, 12
core   0: 0 0x8000907c (0x86b1) x13 0x00003bbf
core   0: 0x8000907e (0x03d51d33) mulh    s10, a0, t4
core   0: 0 0x8000907e (0x03d51d33) x26 0x00000000
core   0: 0x80009082 (0x0259f133) remu    sp, s3, t0
core   0: 0 0x80009082 (0x0259f133) x2  0x80021e38
core   0: 0x80009086 (0x00008afd) c.andi  a3, 31
core   0: 0 0x80009086 (0x8afd) x13 0x0000001f
core   0: 0x80009088 (0x01b812b3) sll     t0, a6, s11
core   0: 0 0x80009088 (0x01b812b3) x5  0x00000000
core   0: 0x8000908c (0x03b88c33) mul     s8, a7, s11
core   0: 0 0x8000908c (0x03b88c33) x24 0x00000000
core   0: 0x80009090 (0x03cfe4b3) rem     s1, t6, t3
core   0: 0 0x80009090 (0x03cfe4b3) x9  0xffffffff
core   0: 0x80009094 (0x01f85e63) bge     a6, t6, pc + 28
core   0: 0 0x80009094 (0x01f85e63)
core   0: 0x800090b0 (0x00008cd1) c.or    s1, a2
core   0: 0 0x800090b0 (0x8cd1) x9  0xffffffff
core   0: 0x800090b2 (0x025333b3) mulhu   t2, t1, t0
core   0: 0 0x800090b2 (0x025333b3) x7  0x00000000
core   0: 0x800090b6 (0x00008dcd) c.or    a1, a1
core   0: 0 0x800090b6 (0x8dcd) x11 0x00000001
core   0: 0x800090b8 (0xeab97497) auipc   s1, 0xeab97
core   0: 0 0x800090b8 (0xeab97497) x9  0x6aba00b8
core   0: 0x800090bc (0x01ef1213) slli    tp, t5, 30
core   0: 0 0x800090bc (0x01ef1213) x4  0x00000000
core   0: 0x800090c0 (0x0ff0000f) fence   iorw,iorw
core   0: 0 0x800090c0 (0x0ff0000f)
core   0: 0x800090c4 (0x023d3fb3) mulhu   t6, s10, gp
core   0: 0 0x800090c4 (0x023d3fb3) x31 0x00000000
core   0: 0x800090c8 (0x0179b333) sltu    t1, s3, s7
core   0: 0 0x800090c8 (0x0179b333) x6  0x00000000
core   0: 0x800090cc (0x00000172) c.slli  sp, 28
core   0: 0 0x800090cc (0x0172) x2  0x80000000
core   0: 0x800090ce (0x01884d33) xor     s10, a6, s8
core   0: 0 0x800090ce (0x01884d33) x26 0x00000000
core   0: 0x800090d2 (0x0000c605) c.beqz  a2, pc + 40
core   0: 0 0x800090d2 (0xc605)
core   0: 0x800090d4 (0x01a9c863) blt     s3, s10, pc + 16
core   0: 0 0x800090d4 (0x01a9c863)
core   0: 0x800090e4 (0xe62ecc13) xori    s8, t4, -414
core   0: 0 0x800090e4 (0xe62ecc13) x24 0x0000019d
core   0: 0x800090e8 (0x039aa1b3) mulhsu  gp, s5, s9
core   0: 0 0x800090e8 (0x039aa1b3) x3  0x00000000
core   0: 0x800090ec (0x021d2433) mulhsu  s0, s10, ra
core   0: 0 0x800090ec (0x021d2433) x8  0x00000000
core   0: 0x800090f0 (0x00006109) c.addi16sp sp, 128
core   0: 0 0x800090f0 (0x6109) x2  0x80000080
core   0: 0x800090f2 (0x01695a93) srli    s5, s2, 22
core   0: 0 0x800090f2 (0x01695a93) x21 0x00000000
core   0: 0x800090f6 (0x02656563) bltu    a0, t1, pc + 42
core   0: 0 0x800090f6 (0x02656563)
core   0: 0x800090fa (0x4082d833) sra     a6, t0, s0
core   0: 0 0x800090fa (0x4082d833) x16 0x00000000
core   0: 0x800090fe (0x020a6e33) rem     t3, s4, zero
core   0: 0 0x800090fe (0x020a6e33) x28 0x0000000a
core   0: 0x80009102 (0x01c65a33) srl     s4, a2, t3
core   0: 0 0x80009102 (0x01c65a33) x20 0x003fffff
core   0: 0x80009106 (0x0096d033) srl     zero, a3, s1
core   0: 0 0x80009106 (0x0096d033)
core   0: 0x8000910a (0x246c0313) addi    t1, s8, 582
core   0: 0 0x8000910a (0x246c0313) x6  0x000003e3
core   0: 0x8000910e (0x0000c791) c.beqz  a5, pc + 12
core   0: 0 0x8000910e (0xc791)
core   0: 0x80009110 (0x00008d4d) c.or    a0, a1
core   0: 0 0x80009110 (0x8d4d) x10 0x00000001
core   0: 0x80009112 (0x02309063) bne     ra, gp, pc + 32
core   0: 0 0x80009112 (0x02309063)
core   0: 0x80009132 (0x012b5193) srli    gp, s6, 18
core   0: 0 0x80009132 (0x012b5193) x3  0x00000000
core   0: 0x80009136 (0x00a45a13) srli    s4, s0, 10
core   0: 0 0x80009136 (0x00a45a13) x20 0x00000000
core   0: 0x8000913a (0x000061d9) c.lui   gp, 0x16
core   0: 0 0x8000913a (0x61d9) x3  0x00016000
core   0: 0x8000913c (0x00008299) c.srli  a3, 6
core   0: 0 0x8000913c (0x8299) x13 0x00000000
core   0: 0x8000913e (0xb7bfe713) ori     a4, t6, -1157
core   0: 0 0x8000913e (0xb7bfe713) x14 0xfffffb7b
core   0: 0x80009142 (0x00009bfd) c.andi  a5, -1
core   0: 0 0x80009142 (0x9bfd) x15 0x3bbfc000
core   0: 0x80009144 (0x02551317) auipc   t1, 0x2551
core   0: 0 0x80009144 (0x02551317) x6  0x8255a144
core   0: 0x80009148 (0x00008f4d) c.or    a4, a1
core   0: 0 0x80009148 (0x8f4d) x14 0xfffffb7b
core   0: 0x8000914a (0x00c3da93) srli    s5, t2, 12
core   0: 0 0x8000914a (0x00c3da93) x21 0x00000000
core   0: 0x8000914e (0x0000613d) c.addi16sp sp, 480
core   0: 0 0x8000914e (0x613d) x2  0x80000260
core   0: 0x80009150 (0x8d537313) andi    t1, t1, -1835
core   0: 0 0x80009150 (0x8d537313) x6  0x8255a044
core   0: 0x80009154 (0x0000997d) c.andi  a0, -1
core   0: 0 0x80009154 (0x997d) x10 0x00000001
core   0: 0x80009156 (0x0000c49d) c.beqz  s1, pc + 46
core   0: 0 0x80009156 (0xc49d)
core   0: 0x80009158 (0x00000001) c.nop
core   0: 0 0x80009158 (0x0001)
core   0: 0x8000915a (0x03c78363) beq     a5, t3, pc + 38
core   0: 0 0x8000915a (0x03c78363)
core   0: 0x8000915e (0x41b65533) sra     a0, a2, s11
core   0: 0 0x8000915e (0x41b65533) x10 0xffffffff
core   0: 0x80009162 (0x00008ee5) c.and   a3, s1
core   0: 0 0x80009162 (0x8ee5) x13 0x00000000
core   0: 0x80009164 (0x402a8fb3) sub     t6, s5, sp
core   0: 0 0x80009164 (0x402a8fb3) x31 0x7ffffda0
core   0: 0x80009168 (0x00000001) c.nop
core   0: 0 0x80009168 (0x0001)
core   0: 0x8000916a (0x01bd31b3) sltu    gp, s10, s11
core   0: 0 0x8000916a (0x01bd31b3) x3  0x00000001
core   0: 0x8000916e (0x0361feb3) remu    t4, gp, s6
core   0: 0 0x8000916e (0x0361feb3) x29 0x00000001
core   0: 0x80009172 (0x0ff0000f) fence   iorw,iorw
core   0: 0 0x80009172 (0x0ff0000f)
core   0: 0x80009176 (0x04177093) andi    ra, a4, 65
core   0: 0 0x80009176 (0x04177093) x1  0x00000041
core   0: 0x8000917a (0x0000717d) c.addi16sp sp, -16
core   0: 0 0x8000917a (0x717d) x2  0x80000250
core   0: 0x8000917c (0x4016db13) srai    s6, a3, 1
core   0: 0 0x8000917c (0x4016db13) x22 0x00000000
core   0: 0x80009180 (0x024201b3) mul     gp, tp, tp
core   0: 0 0x80009180 (0x024201b3) x3  0x00000000
core   0: 0x80009184 (0x0000717d) c.addi16sp sp, -16
core   0: 0 0x80009184 (0x717d) x2  0x80000240
core   0: 0x80009186 (0x0000167d) c.addi  a2, -1
core   0: 0 0x80009186 (0x167d) x12 0xfffffffe
core   0: 0x80009188 (0x00008e31) c.xor   a2, a2
core   0: 0 0x80009188 (0x8e31) x12 0x00000000
core   0: 0x8000918a (0x00009afd) c.andi  a3, -1
core   0: 0 0x8000918a (0x9afd) x13 0x00000000
core   0: 0x8000918c (0x00926833) or      a6, tp, s1
core   0: 0 0x8000918c (0x00926833) x16 0x6aba00b8
core   0: 0x80009190 (0x0e264613) xori    a2, a2, 226
core   0: 0 0x80009190 (0x0e264613) x12 0x000000e2
core   0: 0x80009194 (0x0000127d) c.addi  tp, -1
core   0: 0 0x80009194 (0x127d) x4  0xffffffff
core   0: 0x80009196 (0x0000eb0d) c.bnez  a4, pc + 50
core   0: 0 0x80009196 (0xeb0d)
core   0: 0x800091c8 (0x01521c63) bne     tp, s5, pc + 24
core   0: 0 0x800091c8 (0x01521c63)
core   0: 0x800091e0 (0x01cf5eb3) srl     t4, t5, t3
core   0: 0 0x800091e0 (0x01cf5eb3) x29 0x00000038
core   0: 0x800091e4 (0x0327c633) div     a2, a5, s2
core   0: 0 0x800091e4 (0x0327c633) x12 0xffffffff
core   0: 0x800091e8 (0x00004ead) c.li    t4, 11
core   0: 0 0x800091e8 (0x4ead) x29 0x0000000b
core   0: 0x800091ea (0x02f47f33) remu    t5, s0, a5
core   0: 0 0x800091ea (0x02f47f33) x30 0x00000000
core   0: 0x800091ee (0x6da5a693) slti    a3, a1, 1754
core   0: 0 0x800091ee (0x6da5a693) x13 0x00000001
core   0: 0x800091f2 (0x019e1f33) sll     t5, t3, s9
core   0: 0 0x800091f2 (0x019e1f33) x30 0x000000a0
core   0: 0x800091f6 (0x00008f11) c.sub   a4, a2
core   0: 0 0x800091f6 (0x8f11) x14 0xfffffb7c
core   0: 0x800091f8 (0x00000001) c.nop
core   0: 0 0x800091f8 (0x0001)
core   0: 0x800091fa (0x01290e63) beq     s2, s2, pc + 28
core   0: 0 0x800091fa (0x01290e63)
core   0: 0x80009216 (0x014301b3) add     gp, t1, s4
core   0: 0 0x80009216 (0x014301b3) x3  0x8255a044
core   0: 0x8000921a (0x00008d91) c.sub   a1, a2
core   0: 0 0x8000921a (0x8d91) x11 0x00000002
core   0: 0x8000921c (0x01d44a33) xor     s4, s0, t4
core   0: 0 0x8000921c (0x01d44a33) x20 0x0000000b
core   0: 0x80009220 (0x00f8b733) sltu    a4, a7, a5
core   0: 0 0x80009220 (0x00f8b733) x14 0x00000000
core   0: 0x80009224 (0x00008c11) c.sub   s0, a2
core   0: 0 0x80009224 (0x8c11) x8  0x00000001
core   0: 0x80009226 (0x00006b09) c.lui   s6, 0x2
core   0: 0 0x80009226 (0x6b09) x22 0x00002000
core   0: 0x80009228 (0x02a40363) beq     s0, a0, pc + 38
core   0: 0 0x80009228 (0x02a40363)
core   0: 0x8000922c (0x00008d35) c.xor   a0, a3
core   0: 0 0x8000922c (0x8d35) x10 0xfffffffe
core   0: 0x8000922e (0x01cb7b33) and     s6, s6, t3
core   0: 0 0x8000922e (0x01cb7b33) x22 0x00000000
core   0: 0x80009232 (0x02309fb3) mulh    t6, ra, gp
core   0: 0 0x80009232 (0x02309fb3) x31 0xffffffe0
core   0: 0x80009236 (0x00000810) c.addi4spn a2, sp, 16
core   0: 0 0x80009236 (0x0810) x12 0x80000250
core   0: 0x80009238 (0x40255913) srai    s2, a0, 2
core   0: 0 0x80009238 (0x40255913) x18 0xffffffff
core   0: 0x8000923c (0x41148533) sub     a0, s1, a7
core   0: 0 0x8000923c (0x41148533) x10 0xeab7e254
core   0: 0x80009240 (0x03319b33) mulh    s6, gp, s3
core   0: 0 0x80009240 (0x03319b33) x22 0x3ed425b3
core   0: 0x80009244 (0x0be63593) sltiu   a1, a2, 190
core   0: 0 0x80009244 (0x0be63593) x11 0x00000000
core   0: 0x80009248 (0x000065e9) c.lui   a1, 0x1a
core   0: 0 0x80009248 (0x65e9) x11 0x0001a000
core   0: 0x8000924a (0x01d06bb3) or      s7, zero, t4
core   0: 0 0x8000924a (0x01d06bb3) x23 0x0000000b
core   0: 0x8000924e (0x414484b3) sub     s1, s1, s4
core   0: 0 0x8000924e (0x414484b3) x9  0x6aba00ad
core   0: 0x80009252 (0x00351c13) slli    s8, a0, 3
core   0: 0 0x80009252 (0x00351c13) x24 0x55bf12a0
core   0: 0x80009256 (0x01735833) srl     a6, t1, s7
core   0: 0 0x80009256 (0x01735833) x16 0x00104ab4
core   0: 0x8000925a (0x00008f31) c.xor   a4, a2
core   0: 0 0x8000925a (0x8f31) x14 0x80000250
core   0: 0x8000925c (0x014ae7b3) or      a5, s5, s4
core   0: 0 0x8000925c (0x014ae7b3) x15 0x0000000b
core   0: 0x80009260 (0x0259a7b3) mulhsu  a5, s3, t0
core   0: 0 0x80009260 (0x0259a7b3) x15 0x00000000
core   0: 0x80009264 (0x01671963) bne     a4, s6, pc + 18
core   0: 0 0x80009264 (0x01671963)
core   0: 0x80009276 (0x0000920e) c.add   tp, gp
core   0: 0 0x80009276 (0x920e) x4  0x8255a043
core   0: 0x80009278 (0x41b25a13) srai    s4, tp, 27
core   0: 0 0x80009278 (0x41b25a13) x20 0xfffffff0
core   0: 0x8000927c (0x53a63193) sltiu   gp, a2, 1338
core   0: 0 0x8000927c (0x53a63193) x3  0x00000000
core   0: 0x80009280 (0x0380a433) mulhsu  s0, ra, s8
core   0: 0 0x80009280 (0x0380a433) x8  0x00000015
core   0: 0x80009284 (0x0033f663) bgeu    t2, gp, pc + 12
core   0: 0 0x80009284 (0x0033f663)
core   0: 0x80009290 (0x029f7b33) remu    s6, t5, s1
core   0: 0 0x80009290 (0x029f7b33) x22 0x000000a0
core   0: 0x80009294 (0x00000b98) c.addi4spn a4, sp, 464
core   0: 0 0x80009294 (0x0b98) x14 0x80000410
core   0: 0x80009296 (0x413d8a33) sub     s4, s11, s3
core   0: 0 0x80009296 (0x413d8a33) x20 0xfffde1c8
core   0: 0x8000929a (0x01385663) bge     a6, s3, pc + 12
core   0: 0 0x8000929a (0x01385663)
core   0: 0x800092a6 (0x0000717d) c.addi16sp sp, -16
core   0: 0 0x800092a6 (0x717d) x2  0x80000230
core   0: 0x800092a8 (0x00004095) c.li    ra, 5
core   0: 0 0x800092a8 (0x4095) x1  0x00000005
core   0: 0x800092aa (0x0343c063) blt     t2, s4, pc + 32
core   0: 0 0x800092aa (0x0343c063)
core   0: 0x800092ae (0x0ff0000f) fence   iorw,iorw
core   0: 0 0x800092ae (0x0ff0000f)
core   0: 0x800092b2 (0x000080ad) c.srli  s1, 11
core   0: 0 0x800092b2 (0x80ad) x9  0x000d5740
core   0: 0x800092b4 (0x03597333) remu    t1, s2, s5
core   0: 0 0x800092b4 (0x03597333) x6  0xffffffff
core   0: 0x800092b8 (0x0000e699) c.bnez  a3, pc + 14
core   0: 0 0x800092b8 (0xe699)
core   0: 0x800092c6 (0x00009a7d) c.andi  a2, -1
core   0: 0 0x800092c6 (0x9a7d) x12 0x80000250
core   0: 0x800092c8 (0x00008d1d) c.sub   a0, a5
core   0: 0 0x800092c8 (0x8d1d) x10 0xeab7e254
core   0: 0x800092ca (0x00008e3d) c.xor   a2, a5
core   0: 0 0x800092ca (0x8e3d) x12 0x80000250
core   0: 0x800092cc (0x1d74bb13) sltiu   s6, s1, 471
core   0: 0 0x800092cc (0x1d74bb13) x22 0x00000000
core   0: 0x800092d0 (0x00009b7d) c.andi  a4, -1
core   0: 0 0x800092d0 (0x9b7d) x14 0x80000410
core   0: 0x800092d2 (0x014f7d63) bgeu    t5, s4, pc + 26
core   0: 0 0x800092d2 (0x014f7d63)
core   0: 0x800092d6 (0x013e35b3) sltu    a1, t3, s3
core   0: 0 0x800092d6 (0x013e35b3) x11 0x00000001
core   0: 0x800092da (0x403bdb13) srai    s6, s7, 3
core   0: 0 0x800092da (0x403bdb13) x22 0x00000001
core   0: 0x800092de (0x00000001) c.nop
core   0: 0 0x800092de (0x0001)
core   0: 0x800092e0 (0x02524d63) blt     tp, t0, pc + 58
core   0: 0 0x800092e0 (0x02524d63)
core   0: 0x8000931a (0x415ed413) srai    s0, t4, 21
core   0: 0 0x8000931a (0x415ed413) x8  0x00000000
core   0: 0x8000931e (0x0000816e) c.mv    sp, s11
core   0: 0 0x8000931e (0x816e) x2  0x80000000
core   0: 0x80009320 (0x01115bb3) srl     s7, sp, a7
core   0: 0 0x80009320 (0x01115bb3) x23 0x08000000
core   0: 0x80009324 (0x40a25513) srai    a0, tp, 10
core   0: 0 0x80009324 (0x40a25513) x10 0xffe09568
core   0: 0x80009328 (0x00344233) xor     tp, s0, gp
core   0: 0 0x80009328 (0x00344233) x4  0x00000000
core   0: 0x8000932c (0x00008f11) c.sub   a4, a2
core   0: 0 0x8000932c (0x8f11) x14 0x000001c0
core   0: 0x8000932e (0x00aa5513) srli    a0, s4, 10
core   0: 0 0x8000932e (0x00aa5513) x10 0x003fff78
core   0: 0x80009332 (0x01493333) sltu    t1, s2, s4
core   0: 0 0x80009332 (0x01493333) x6  0x00000000
core   0: 0x80009336 (0x416b5513) srai    a0, s6, 22
core   0: 0 0x80009336 (0x416b5513) x10 0x00000000
core   0: 0x8000933a (0x0000717d) c.addi16sp sp, -16
core   0: 0 0x8000933a (0x717d) x2  0x7ffffff0
core   0: 0x8000933c (0x01c67463) bgeu    a2, t3, pc + 8
core   0: 0 0x8000933c (0x01c67463)
core   0: 0x80009344 (0x01809433) sll     s0, ra, s8
core   0: 0 0x80009344 (0x01809433) x8  0x00000005
core   0: 0x80009348 (0x0218c233) div     tp, a7, ra
core   0: 0 0x80009348 (0x0218c233) x4  0xe666d2e1
core   0: 0x8000934c (0x40bd5233) sra     tp, s10, a1
core   0: 0 0x8000934c (0x40bd5233) x4  0x00000000
core   0: 0x80009350 (0x00cf5133) srl     sp, t5, a2
core   0: 0 0x80009350 (0x00cf5133) x2  0x00000000
core   0: 0x80009354 (0x02af74b3) remu    s1, t5, a0
core   0: 0 0x80009354 (0x02af74b3) x9  0x000000a0
core   0: 0x80009358 (0x0000100f) fence.i
core   0: 0 0x80009358 (0x0000100f)
core   0: 0x8000935c (0x03476533) rem     a0, a4, s4
core   0: 0 0x8000935c (0x03476533) x10 0x000001c0
core   0: 0x80009360 (0x0000167d) c.addi  a2, -1
core   0: 0 0x80009360 (0x167d) x12 0x8000024f
core   0: 0x80009362 (0x00008c21) c.xor   s0, s0
core   0: 0 0x80009362 (0x8c21) x8  0x00000000
core   0: 0x80009364 (0x00004e9d) c.li    t4, 7
core   0: 0 0x80009364 (0x4e9d) x29 0x00000007
core   0: 0x80009366 (0x00009bfd) c.andi  a5, -1
core   0: 0 0x80009366 (0x9bfd) x15 0x00000000
core   0: 0x80009368 (0x000087d5) c.srai  a5, 21
core   0: 0 0x80009368 (0x87d5) x15 0x00000000
core   0: 0x8000936a (0x309d2e93) slti    t4, s10, 777
core   0: 0 0x8000936a (0x309d2e93) x29 0x00000001
core   0: 0x8000936e (0x00004179) c.li    sp, 30
core   0: 0 0x8000936e (0x4179) x2  0x0000001e
core   0: 0x80009370 (0x013c96b3) sll     a3, s9, s3
core   0: 0 0x80009370 (0x013c96b3) x13 0xe4000000
core   0: 0x80009374 (0xbaaff5b7) lui     a1, 0xbaaff
core   0: 0 0x80009374 (0xbaaff5b7) x11 0xbaaff000
core   0: 0x80009378 (0x000008de) c.slli  a7, 23
core   0: 0 0x80009378 (0x08de) x17 0x32000000
core   0: 0x8000937a (0x000088e5) c.andi  s1, 25
core   0: 0 0x8000937a (0x88e5) x9  0x00000000
core   0: 0x8000937c (0xdf68b413) sltiu   s0, a7, -522
core   0: 0 0x8000937c (0xdf68b413) x8  0x00000001
core   0: 0x80009380 (0xd96ee593) ori     a1, t4, -618
core   0: 0 0x80009380 (0xd96ee593) x11 0xfffffd97
core   0: 0x80009384 (0x00006325) c.lui   t1, 0x9
core   0: 0 0x80009384 (0x6325) x6  0x00009000
core   0: 0x80009386 (0x018656b3) srl     a3, a2, s8
core   0: 0 0x80009386 (0x018656b3) x13 0x8000024f
core   0: 0x8000938a (0x0ff0000f) fence   iorw,iorw
core   0: 0 0x8000938a (0x0ff0000f)
core   0: 0x8000938e (0x00008d9d) c.sub   a1, a5
core   0: 0 0x8000938e (0x8d9d) x11 0xfffffd97
core   0: 0x80009390 (0x02e98333) mul     t1, s3, a4
core   0: 0 0x80009390 (0x02e98333) x6  0x03b4e200
core   0: 0x80009394 (0x0209a6b3) mulhsu  a3, s3, zero
core   0: 0 0x80009394 (0x0209a6b3) x13 0x00000000
core   0: 0x80009398 (0x00000001) c.nop
core   0: 0 0x80009398 (0x0001)
core   0: 0x8000939a (0x02694763) blt     s2, t1, pc + 46
core   0: 0 0x8000939a (0x02694763)
core   0: 0x800093c8 (0x00008c35) c.xor   s0, a3
core   0: 0 0x800093c8 (0x8c35) x8  0x00000001
core   0: 0x800093ca (0x0323c463) blt     t2, s2, pc + 40
core   0: 0 0x800093ca (0x0323c463)
core   0: 0x800093ce (0x01f79bb3) sll     s7, a5, t6
core   0: 0 0x800093ce (0x01f79bb3) x23 0x00000000
core   0: 0x800093d2 (0x00008f29) c.xor   a4, a0
core   0: 0 0x800093d2 (0x8f29) x14 0x00000000
core   0: 0x800093d4 (0x00008c75) c.and   s0, a3
core   0: 0 0x800093d4 (0x8c75) x8  0x00000000
core   0: 0x800093d6 (0x0000e405) c.bnez  s0, pc + 40
core   0: 0 0x800093d6 (0xe405)
core   0: 0x800093d8 (0x03a5be33) mulhu   t3, a1, s10
core   0: 0 0x800093d8 (0x03a5be33) x28 0x00000000
core   0: 0x800093dc (0x0254a3b3) mulhsu  t2, s1, t0
core   0: 0 0x800093dc (0x0254a3b3) x7  0x00000000
core   0: 0x800093e0 (0xc2a87213) andi    tp, a6, -982
core   0: 0 0x800093e0 (0xc2a87213) x4  0x00104820
core   0: 0x800093e4 (0x0285aeb3) mulhsu  t4, a1, s0
core   0: 0 0x800093e4 (0x0285aeb3) x29 0x00000000
core   0: 0x800093e8 (0xf2718393) addi    t2, gp, -217
core   0: 0 0x800093e8 (0xf2718393) x7  0xffffff27
core   0: 0x800093ec (0xd9a2ba97) auipc   s5, 0xd9a2b
core   0: 0 0x800093ec (0xd9a2ba97) x21 0x59a343ec
core   0: 0x800093f0 (0x00000001) c.nop
core   0: 0 0x800093f0 (0x0001)
core   0: 0x800093f2 (0x0ff0000f) fence   iorw,iorw
core   0: 0 0x800093f2 (0x0ff0000f)
core   0: 0x800093f6 (0x00008c3d) c.xor   s0, a5
core   0: 0 0x800093f6 (0x8c3d) x8  0x00000000
core   0: 0x800093f8 (0x000090be) c.add   ra, a5
core   0: 0 0x800093f8 (0x90be) x1  0x00000005
core   0: 0x800093fa (0x033ad7b3) divu    a5, s5, s3
core   0: 0 0x800093fa (0x033ad7b3) x15 0x00000000
core   0: 0x800093fe (0x0059bfb3) sltu    t6, s3, t0
core   0: 0 0x800093fe (0x0059bfb3) x31 0x00000000
core   0: 0x80009402 (0x000082ad) c.srli  a3, 11
core   0: 0 0x80009402 (0x82ad) x13 0x00000000
core   0: 0x80009404 (0xf96db213) sltiu   tp, s11, -106
core   0: 0 0x80009404 (0xf96db213) x4  0x00000001
core   0: 0x80009408 (0x00008619) c.srai  a2, 6
core   0: 0 0x80009408 (0x8619) x12 0xfe000009
core   0: 0x8000940a (0x033256b3) divu    a3, tp, s3
core   0: 0 0x8000940a (0x033256b3) x13 0x00000000
core   0: 0x8000940e (0x00008785) c.srai  a5, 1
core   0: 0 0x8000940e (0x8785) x15 0x00000000
core   0: 0x80009410 (0x00000001) c.nop
core   0: 0 0x80009410 (0x0001)
core   0: 0x80009412 (0x01e07c63) bgeu    zero, t5, pc + 24
core   0: 0 0x80009412 (0x01e07c63)
core   0: 0x80009416 (0x018cb633) sltu    a2, s9, s8
core   0: 0 0x80009416 (0x018cb633) x12 0x00000000
core   0: 0x8000941a (0x00000001) c.nop
core   0: 0 0x8000941a (0x0001)
core   0: 0x8000941c (0x000c1763) bnez    s8, pc + 14
core   0: 0 0x8000941c (0x000c1763)
core   0: 0x8000942a (0x409f81b3) sub     gp, t6, s1
core   0: 0 0x8000942a (0x409f81b3) x3  0x00000000
core   0: 0x8000942e (0x40455433) sra     s0, a0, tp
core   0: 0 0x8000942e (0x40455433) x8  0x000000e0
core   0: 0x80009432 (0x414f8f13) addi    t5, t6, 1044
core   0: 0 0x80009432 (0x414f8f13) x30 0x00000414
core   0: 0x80009436 (0xbfae8313) addi    t1, t4, -1030
core   0: 0 0x80009436 (0xbfae8313) x6  0xfffffbfa
core   0: 0x8000943a (0x40f95f93) srai    t6, s2, 15
core   0: 0 0x8000943a (0x40f95f93) x31 0xffffffff
core   0: 0x8000943e (0x00006bed) c.lui   s7, 0x1b
core   0: 0 0x8000943e (0x6bed) x23 0x0001b000
core   0: 0x80009440 (0x00008cbd) c.xor   s1, a5
core   0: 0 0x80009440 (0x8cbd) x9  0x00000000
core   0: 0x80009442 (0x410ad613) srai    a2, s5, 16
core   0: 0 0x80009442 (0x410ad613) x12 0x000059a3
core   0: 0x80009446 (0x00008711) c.srai  a4, 4
core   0: 0 0x80009446 (0x8711) x14 0x00000000
core   0: 0x80009448 (0x0000cb89) c.beqz  a5, pc + 18
core   0: 0 0x80009448 (0xcb89)
core   0: 0x8000945a (0x00008f1d) c.sub   a4, a5
core   0: 0 0x8000945a (0x8f1d) x14 0x00000000
core   0: 0x8000945c (0x02adf063) bgeu    s11, a0, pc + 32
core   0: 0 0x8000945c (0x02adf063)
core   0: 0x8000947c (0x02e07863) bgeu    zero, a4, pc + 48
core   0: 0 0x8000947c (0x02e07863)
core   0: 0x800094ac (0x0211db33) divu    s6, gp, ra
core   0: 0 0x800094ac (0x0211db33) x22 0x00000000
core   0: 0x800094b0 (0x0000615d) c.addi16sp sp, 432
core   0: 0 0x800094b0 (0x615d) x2  0x000001ce
core   0: 0x800094b2 (0x000084a5) c.srai  s1, 9
core   0: 0 0x800094b2 (0x84a5) x9  0x00000000
core   0: 0x800094b4 (0x02421033) mulh    zero, tp, tp
core   0: 0 0x800094b4 (0x02421033)
core   0: 0x800094b8 (0x003d9633) sll     a2, s11, gp
core   0: 0 0x800094b8 (0x003d9633) x12 0x80000000
core   0: 0x800094bc (0x00000001) c.nop
core   0: 0 0x800094bc (0x0001)
core   0: 0x800094be (0x00008c3d) c.xor   s0, a5
core   0: 0 0x800094be (0x8c3d) x8  0x000000e0
core   0: 0x800094c0 (0x00006d2d) c.lui   s10, 0xb
core   0: 0 0x800094c0 (0x6d2d) x26 0x0000b000
core   0: 0x800094c2 (0x03effeb3) remu    t4, t6, t5
core   0: 0 0x800094c2 (0x03effeb3) x29 0x0000016b
core   0: 0x800094c6 (0xeb20bb13) sltiu   s6, ra, -334
core   0: 0 0x800094c6 (0xeb20bb13) x22 0x00000001
core   0: 0x800094ca (0x011ad733) srl     a4, s5, a7
core   0: 0 0x800094ca (0x011ad733) x14 0x59a343ec
core   0: 0x800094ce (0x03bdac33) mulhsu  s8, s11, s11
core   0: 0 0x800094ce (0x03bdac33) x24 0xc0000000
core   0: 0x800094d2 (0x019da8b3) slt     a7, s11, s9
core   0: 0 0x800094d2 (0x019da8b3) x17 0x00000001
core   0: 0x800094d6 (0x01b05333) srl     t1, zero, s11
core   0: 0 0x800094d6 (0x01b05333) x6  0x00000000
core   0: 0x800094da (0x00c590b3) sll     ra, a1, a2
core   0: 0 0x800094da (0x00c590b3) x1  0xfffffd97
core   0: 0x800094de (0x001e1193) slli    gp, t3, 1
core   0: 0 0x800094de (0x001e1193) x3  0x00000000
core   0: 0x800094e2 (0x02aeabb3) mulhsu  s7, t4, a0
core   0: 0 0x800094e2 (0x02aeabb3) x23 0x00000000
core   0: 0x800094e6 (0x02e83e33) mulhu   t3, a6, a4
core   0: 0 0x800094e6 (0x02e83e33) x28 0x0005b45c
core   0: 0x800094ea (0x00008c5d) c.or    s0, a5
core   0: 0 0x800094ea (0x8c5d) x8  0x000000e0
core   0: 0x800094ec (0x0049a783) lw      a5, 4(s3)
core   0: 0 0x800094ec (0x0049a783) x15 0x800083b0 mem 0x80021e3c
core   0: 0x800094f0 (0x03d874b3) remu    s1, a6, t4
core   0: 0 0x800094f0 (0x03d874b3) x9  0x00000075
core   0: 0x800094f4 (0x02c98993) addi    s3, s3, 44
core   0: 0 0x800094f4 (0x02c98993) x19 0x80021e64
core   0: 0x800094f8 (0x0284f433) remu    s0, s1, s0
core   0: 0 0x800094f8 (0x0284f433) x8  0x00000075
core   0: 0x800094fc (0x559c4337) lui     t1, 0x559c4
core   0: 0 0x800094fc (0x559c4337) x6  0x559c4000
core   0: 0x80009500 (0x00000001) c.nop
core   0: 0 0x80009500 (0x0001)
core   0: 0x80009502 (0x00e0a2b3) slt     t0, ra, a4
core   0: 0 0x80009502 (0x00e0a2b3) x5  0x00000001
core   0: 0x80009506 (0x00178e13) addi    t3, a5, 1
core   0: 0 0x80009506 (0x00178e13) x28 0x800083b1
core   0: 0x8000950a (0x00008e02) c.jr    t3
core   0: 0 0x8000950a (0x8e02)
core   0: 0x800083b0 (0x039db8b3) mulhu   a7, s11, s9
core   0: 0 0x800083b0 (0x039db8b3) x17 0x40012e72
core   0: 0x800083b4 (0x00000001) c.nop
core   0: 0 0x800083b4 (0x0001)
core   0: 0x800083b6 (0x01291013) slli    zero, s2, 18
core   0: 0 0x800083b6 (0x01291013)
core   0: 0x800083ba (0x000001f1) c.addi  gp, 28
core   0: 0 0x800083ba (0x01f1) x3  0x0000001c
core   0: 0x800083bc (0x000091b6) c.add   gp, a3
core   0: 0 0x800083bc (0x91b6) x3  0x0000001c
core   0: 0x800083be (0x0ff0000f) fence   iorw,iorw
core   0: 0 0x800083be (0x0ff0000f)
core   0: 0x800083c2 (0x00000001) c.nop
core   0: 0 0x800083c2 (0x0001)
core   0: 0x800083c4 (0x021641b3) div     gp, a2, ra
core   0: 0 0x800083c4 (0x021641b3) x3  0x00351bcc
core   0: 0x800083c8 (0x407685b3) sub     a1, a3, t2
core   0: 0 0x800083c8 (0x407685b3) x11 0x000000d9
core   0: 0x800083cc (0x01b27633) and     a2, tp, s11
core   0: 0 0x800083cc (0x01b27633) x12 0x00000000
core   0: 0x800083d0 (0x00000001) c.nop
core   0: 0 0x800083d0 (0x0001)
core   0: 0x800083d2 (0x0161de93) srli    t4, gp, 22
core   0: 0 0x800083d2 (0x0161de93) x29 0x00000000
core   0: 0x800083d6 (0x01e770b3) and     ra, a4, t5
core   0: 0 0x800083d6 (0x01e770b3) x1  0x00000004
core   0: 0x800083da (0xfc9554b7) lui     s1, 0xfc955
core   0: 0 0x800083da (0xfc9554b7) x9  0xfc955000
core   0: 0x800083de (0x00941693) slli    a3, s0, 9
core   0: 0 0x800083de (0x00941693) x13 0x0000ea00
core   0: 0x800083e2 (0x0000860a) c.mv    a2, sp
core   0: 0 0x800083e2 (0x860a) x12 0x000001ce
core   0: 0x800083e4 (0x000083dd) c.srli  a5, 23
core   0: 0 0x800083e4 (0x83dd) x15 0x00000100
core   0: 0x800083e6 (0x008edc33) srl     s8, t4, s0
core   0: 0 0x800083e6 (0x008edc33) x24 0x00000000
core   0: 0x800083ea (0x00750fb3) add     t6, a0, t2
core   0: 0 0x800083ea (0x00750fb3) x31 0x000000e7
core   0: 0x800083ee (0x0000cf8d) c.beqz  a5, pc + 58
core   0: 0 0x800083ee (0xcf8d)
core   0: 0x800083f0 (0x02c680b3) mul     ra, a3, a2
core   0: 0 0x800083f0 (0x02c680b3) x1  0x01a64c00
core   0: 0x800083f4 (0x00000001) c.nop
core   0: 0 0x800083f4 (0x0001)
core   0: 0x800083f6 (0x02bf5163) bge     t5, a1, pc + 34
core   0: 0 0x800083f6 (0x02bf5163)
core   0: 0x80008418 (0x0000100f) fence.i
core   0: 0 0x80008418 (0x0000100f)
core   0: 0x8000841c (0x03cd6063) bltu    s10, t3, pc + 32
core   0: 0 0x8000841c (0x03cd6063)
core   0: 0x8000843c (0x00000001) c.nop
core   0: 0 0x8000843c (0x0001)
core   0: 0x8000843e (0x0000856d) c.srai  a0, 27
core   0: 0 0x8000843e (0x856d) x10 0x00000000
core   0: 0x80008440 (0x0308aa33) mulhsu  s4, a7, a6
core   0: 0 0x80008440 (0x0308aa33) x20 0x000412c0
core   0: 0x80008444 (0x0068df63) bge     a7, t1, pc + 30
core   0: 0 0x80008444 (0x0068df63)
core   0: 0x80008448 (0x001cb333) sltu    t1, s9, ra
core   0: 0 0x80008448 (0x001cb333) x6  0x00000000
core   0: 0x8000844c (0x02ea1b33) mulh    s6, s4, a4
core   0: 0 0x8000844c (0x02ea1b33) x22 0x00016d1d
core   0: 0x80008450 (0x40305693) srai    a3, zero, 3
core   0: 0 0x80008450 (0x40305693) x13 0x00000000
core   0: 0x80008454 (0x03136033) rem     zero, t1, a7
core   0: 0 0x80008454 (0x03136033)
core   0: 0x80008458 (0x00008f41) c.or    a4, s0
core   0: 0 0x80008458 (0x8f41) x14 0x59a343fd
core   0: 0x8000845a (0x03720e33) mul     t3, tp, s7
core   0: 0 0x8000845a (0x03720e33) x28 0x00000000
core   0: 0x8000845e (0x4158db33) sra     s6, a7, s5
core   0: 0 0x8000845e (0x4158db33) x22 0x00040012
core   0: 0x80008462 (0x00008c61) c.and   s0, s0
core   0: 0 0x80008462 (0x8c61) x8  0x00000075
core   0: 0x80008464 (0x000083cd) c.srli  a5, 19
core   0: 0 0x80008464 (0x83cd) x15 0x00000000
core   0: 0x80008466 (0xe2ffaa13) slti    s4, t6, -465
core   0: 0 0x80008466 (0xe2ffaa13) x20 0x00000000
core   0: 0x8000846a (0x00000001) c.nop
core   0: 0 0x8000846a (0x0001)
core   0: 0x8000846c (0x03f0cf33) div     t5, ra, t6
core   0: 0 0x8000846c (0x03f0cf33) x30 0x0001d400
core   0: 0x80008470 (0xdfa87613) andi    a2, a6, -518
core   0: 0 0x80008470 (0xdfa87613) x12 0x001048b0
core   0: 0x80008474 (0x00009d06) c.add   s10, ra
core   0: 0 0x80008474 (0x9d06) x26 0x01a6fc00
core   0: 0x80008476 (0x025bdfb3) divu    t6, s7, t0
core   0: 0 0x80008476 (0x025bdfb3) x31 0x00000000
core   0: 0x8000847a (0x00000001) c.nop
core   0: 0 0x8000847a (0x0001)
core   0: 0x8000847c (0x0192e233) or      tp, t0, s9
core   0: 0 0x8000847c (0x0192e233) x4  0x80025ce5
core   0: 0x80008480 (0x03c191b3) mulh    gp, gp, t3
core   0: 0 0x80008480 (0x03c191b3) x3  0x00000000
core   0: 0x80008484 (0x4079de33) sra     t3, s3, t2
core   0: 0 0x80008484 (0x4079de33) x28 0xff00043c
core   0: 0x80008488 (0x00177c63) bgeu    a4, ra, pc + 24
core   0: 0 0x80008488 (0x00177c63)
core   0: 0x800084a0 (0x0214ab33) mulhsu  s6, s1, ra
core   0: 0 0x800084a0 (0x0214ab33) x22 0xfffa5d1e
core   0: 0x800084a4 (0x01cc5313) srli    t1, s8, 28
core   0: 0 0x800084a4 (0x01cc5313) x6  0x00000000
core   0: 0x800084a8 (0x00004e35) c.li    t3, 13
core   0: 0 0x800084a8 (0x4e35) x28 0x0000000d
core   0: 0x800084aa (0x0000100f) fence.i
core   0: 0 0x800084aa (0x0000100f)
core   0: 0x800084ae (0x000086b9) c.srai  a3, 14
core   0: 0 0x800084ae (0x86b9) x13 0x00000000
core   0: 0x800084b0 (0x02022733) mulhsu  a4, tp, zero
core   0: 0 0x800084b0 (0x02022733) x14 0x00000000
core   0: 0x800084b4 (0x00008ed5) c.or    a3, a3
core   0: 0 0x800084b4 (0x8ed5) x13 0x00000000
core   0: 0x800084b6 (0x00831613) slli    a2, t1, 8
core   0: 0 0x800084b6 (0x00831613) x12 0x00000000
core   0: 0x800084ba (0x41258bb3) sub     s7, a1, s2
core   0: 0 0x800084ba (0x41258bb3) x23 0x000000da
core   0: 0x800084be (0x000dcd33) xor     s10, s11, zero
core   0: 0 0x800084be (0x000dcd33) x26 0x80000000
core   0: 0x800084c2 (0x1f477193) andi    gp, a4, 500
core   0: 0 0x800084c2 (0x1f477193) x3  0x00000000
core   0: 0x800084c6 (0x000b7633) and     a2, s6, zero
core   0: 0 0x800084c6 (0x000b7633) x12 0x00000000
core   0: 0x800084ca (0x00008312) c.mv    t1, tp
core   0: 0 0x800084ca (0x8312) x6  0x80025ce5
core   0: 0x800084cc (0x00009b3e) c.add   s6, a5
core   0: 0 0x800084cc (0x9b3e) x22 0xfffa5d1e
core   0: 0x800084ce (0x0051e4b3) or      s1, gp, t0
core   0: 0 0x800084ce (0x0051e4b3) x9  0x00000001
core   0: 0x800084d2 (0x0000450d) c.li    a0, 3
core   0: 0 0x800084d2 (0x450d) x10 0x00000003
core   0: 0x800084d4 (0x9fdfe737) lui     a4, 0x9fdfe
core   0: 0 0x800084d4 (0x9fdfe737) x14 0x9fdfe000
core   0: 0x800084d8 (0x00000a18) c.addi4spn a4, sp, 272
core   0: 0 0x800084d8 (0x0a18) x14 0x000002de
core   0: 0x800084da (0x00008d89) c.sub   a1, a0
core   0: 0 0x800084da (0x8d89) x11 0x000000d6
core   0: 0x800084dc (0xa3d64613) xori    a2, a2, -1475
core   0: 0 0x800084dc (0xa3d64613) x12 0xfffffa3d
core   0: 0x800084e0 (0x008c1813) slli    a6, s8, 8
core   0: 0 0x800084e0 (0x008c1813) x16 0x00000000
core   0: 0x800084e4 (0x00000001) c.nop
core   0: 0 0x800084e4 (0x0001)
core   0: 0x800084e6 (0x0136dc33) srl     s8, a3, s3
core   0: 0 0x800084e6 (0x0136dc33) x24 0x00000000
core   0: 0x800084ea (0x011bd113) srli    sp, s7, 17
core   0: 0 0x800084ea (0x011bd113) x2  0x00000000
core   0: 0x800084ee (0x00008ec9) c.or    a3, a0
core   0: 0 0x800084ee (0x8ec9) x13 0x00000003
core   0: 0x800084f0 (0x002f9b33) sll     s6, t6, sp
core   0: 0 0x800084f0 (0x002f9b33) x22 0x00000000
core   0: 0x800084f4 (0x00004b49) c.li    s6, 18
core   0: 0 0x800084f4 (0x4b49) x22 0x00000012
core   0: 0x800084f6 (0x0000e209) c.bnez  a2, pc + 2
core   0: 0 0x800084f6 (0xe209)
core   0: 0x800084f8 (0x0000167d) c.addi  a2, -1
core   0: 0 0x800084f8 (0x167d) x12 0xfffffa3c
core   0: 0x800084fa (0x0354cd33) div     s10, s1, s5
core   0: 0 0x800084fa (0x0354cd33) x26 0x00000000
core   0: 0x800084fe (0x0095e233) or      tp, a1, s1
core   0: 0 0x800084fe (0x0095e233) x4  0x000000d7
core   0: 0x80008502 (0x00001efd) c.addi  t4, -1
core   0: 0 0x80008502 (0x1efd) x29 0xffffffff
core   0: 0x80008504 (0x00008e05) c.sub   a2, s1
core   0: 0 0x80008504 (0x8e05) x12 0xfffffa3b
core   0: 0x80008506 (0x02fa1163) bne     s4, a5, pc + 34
core   0: 0 0x80008506 (0x02fa1163)
core   0: 0x8000850a (0x005ee2b3) or      t0, t4, t0
core   0: 0 0x8000850a (0x005ee2b3) x5  0xffffffff
core   0: 0x8000850e (0x03288363) beq     a7, s2, pc + 38
core   0: 0 0x8000850e (0x03288363)
core   0: 0x80008512 (0x00000c08) c.addi4spn a0, sp, 528
core   0: 0 0x80008512 (0x0c08) x10 0x00000210
core   0: 0x80008514 (0x01a3f3b3) and     t2, t2, s10
core   0: 0 0x80008514 (0x01a3f3b3) x7  0x00000000
core   0: 0x80008518 (0x03cf4d33) div     s10, t5, t3
core   0: 0 0x80008518 (0x03cf4d33) x26 0x00002400
core   0: 0x8000851c (0x00008619) c.srai  a2, 6
core   0: 0 0x8000851c (0x8619) x12 0xffffffe8
core   0: 0x8000851e (0x02cc65b3) rem     a1, s8, a2
core   0: 0 0x8000851e (0x02cc65b3) x11 0x00000000
core   0: 0x80008522 (0x00006145) c.addi16sp sp, 48
core   0: 0 0x80008522 (0x6145) x2  0x00000030
core   0: 0x80008524 (0x1b9de017) auipc   zero, 0x1b9de
core   0: 0 0x80008524 (0x1b9de017)
core   0: 0x80008528 (0x00008329) c.srli  a4, 10
core   0: 0 0x80008528 (0x8329) x14 0x00000000
core   0: 0x8000852a (0x00009e22) c.add   t3, s0
core   0: 0 0x8000852a (0x9e22) x28 0x00000082
core   0: 0x8000852c (0x00008195) c.srli  a1, 5
core   0: 0 0x8000852c (0x8195) x11 0x00000000
core   0: 0x8000852e (0xad384713) xori    a4, a6, -1325
core   0: 0 0x8000852e (0xad384713) x14 0xfffffad3
core   0: 0x80008532 (0x0000c291) c.beqz  a3, pc + 4
core   0: 0 0x80008532 (0xc291)
core   0: 0x80008534 (0x0000577d) c.li    a4, -1
core   0: 0 0x80008534 (0x577d) x14 0xffffffff
core   0: 0x80008536 (0x02ffa833) mulhsu  a6, t6, a5
core   0: 0 0x80008536 (0x02ffa833) x16 0x00000000
core   0: 0x8000853a (0x03154133) div     sp, a0, a7
core   0: 0 0x8000853a (0x03154133) x2  0x00000000
core   0: 0x8000853e (0x0000613d) c.addi16sp sp, 480
core   0: 0 0x8000853e (0x613d) x2  0x000001e0
core   0: 0x80008540 (0x00132033) slt     zero, t1, ra
core   0: 0 0x80008540 (0x00132033)
core   0: 0x80008544 (0x03340c33) mul     s8, s0, s3
core   0: 0 0x80008544 (0x03340c33) x24 0x80f7e3b4
core   0: 0x80008548 (0x024d7e63) bgeu    s10, tp, pc + 60
core   0: 0 0x80008548 (0x024d7e63)
core   0: 0x80008584 (0x98408717) auipc   a4, 0x98408
core   0: 0 0x80008584 (0x98408717) x14 0x18410584
core   0: 0x80008588 (0x00a7cbb3) xor     s7, a5, a0
core   0: 0 0x80008588 (0x00a7cbb3) x23 0x00000210
core   0: 0x8000858c (0xd687bc13) sltiu   s8, a5, -664
core   0: 0 0x8000858c (0xd687bc13) x24 0x00000001
core   0: 0x80008590 (0x01ace463) bltu    s9, s10, pc + 8
core   0: 0 0x80008590 (0x01ace463)
core   0: 0x80008594 (0x01d85263) bge     a6, t4, pc + 4
core   0: 0 0x80008594 (0x01d85263)
core   0: 0x80008598 (0x034c0b33) mul     s6, s8, s4
core   0: 0 0x80008598 (0x034c0b33) x22 0x00000000
core   0: 0x8000859c (0xffff8d97) auipc   s11, 0xffff8
core   0: 0 0x8000859c (0xffff8d97) x27 0x8000059c
core   0: 0x800085a0 (0xdd8d8d93) addi    s11, s11, -552
core   0: 0 0x800085a0 (0xdd8d8d93) x27 0x80000374
core   0: 0x800085a4 (0x000d8067) jr      s11
core   0: 0 0x800085a4 (0x000d8067)
core   0: 0x80000374 (0x90000137) lui     sp, 0x90000
core   0: 0 0x80000374 (0x90000137) x2  0x90000000
core   0: 0x80000378 (0x00001161) c.addi  sp, -8
core   0: 0 0x80000378 (0x1161) x2  0x8ffffff8
core   0: 0x8000037a (0x00004781) c.li    a5, 0
core   0: 0 0x8000037a (0x4781) x15 0x00000000
core   0: 0x8000037c (0x000007a2) c.slli  a5, 8
core   0: 0 0x8000037c (0x07a2) x15 0x00000000
core   0: 0x8000037e (0x00000785) c.addi  a5, 1
core   0: 0 0x8000037e (0x0785) x15 0x00000001
core   0: 0x80000380 (0x0000c03e) c.swsp  a5, 0(sp)
core   0: 0 0x80000380 (0xc03e) mem 0x8ffffff8 0x00000001
core   0: 0x80000382 (0x00000073) ecall
core   0: exception trap_user_ecall, epc 0x80000382
core   0: 0x80002500 (0x0800006f) j       pc + 0x80
core   0: 3 0x80002500 (0x0800006f)
core   0: 0x80002580 (0x00001cf1) c.addi  s9, -4
core   0: 3 0x80002580 (0x1cf1) x25 0x80025ce0
core   0: 0x80002582 (0x013ca023) sw      s3, 0(s9)
core   0: 3 0x80002582 (0x013ca023) mem 0x80025ce0 0x80021e64
core   0: 0x80002586 (0x000c89b3) add     s3, s9, zero
core   0: 3 0x80002586 (0x000c89b3) x19 0x80025ce0
core   0: 0x8000258a (0xf8098993) addi    s3, s3, -128
core   0: 3 0x8000258a (0xf8098993) x19 0x80025c60
core   0: 0x8000258e (0x0019a223) sw      ra, 4(s3)
core   0: 3 0x8000258e (0x0019a223) mem 0x80025c64 0x01a64c00
core   0: 0x80002592 (0x0029a423) sw      sp, 8(s3)
core   0: 3 0x80002592 (0x0029a423) mem 0x80025c68 0x8ffffff8
core   0: 0x80002596 (0x0039a623) sw      gp, 12(s3)
core   0: 3 0x80002596 (0x0039a623) mem 0x80025c6c 0x00000000
core   0: 0x8000259a (0x0049a823) sw      tp, 16(s3)
core   0: 3 0x8000259a (0x0049a823) mem 0x80025c70 0x000000d7
core   0: 0x8000259e (0x0059aa23) sw      t0, 20(s3)
core   0: 3 0x8000259e (0x0059aa23) mem 0x80025c74 0xffffffff
core   0: 0x800025a2 (0x0069ac23) sw      t1, 24(s3)
core   0: 3 0x800025a2 (0x0069ac23) mem 0x80025c78 0x80025ce5
core   0: 0x800025a6 (0x0079ae23) sw      t2, 28(s3)
core   0: 3 0x800025a6 (0x0079ae23) mem 0x80025c7c 0x00000000
core   0: 0x800025aa (0x0289a023) sw      s0, 32(s3)
core   0: 3 0x800025aa (0x0289a023) mem 0x80025c80 0x00000075
core   0: 0x800025ae (0x0299a223) sw      s1, 36(s3)
core   0: 3 0x800025ae (0x0299a223) mem 0x80025c84 0x00000001
core   0: 0x800025b2 (0x02a9a423) sw      a0, 40(s3)
core   0: 3 0x800025b2 (0x02a9a423) mem 0x80025c88 0x00000210
core   0: 0x800025b6 (0x02b9a623) sw      a1, 44(s3)
core   0: 3 0x800025b6 (0x02b9a623) mem 0x80025c8c 0x00000000
core   0: 0x800025ba (0x02c9a823) sw      a2, 48(s3)
core   0: 3 0x800025ba (0x02c9a823) mem 0x80025c90 0xffffffe8
core   0: 0x800025be (0x02d9aa23) sw      a3, 52(s3)
core   0: 3 0x800025be (0x02d9aa23) mem 0x80025c94 0x00000003
core   0: 0x800025c2 (0x02e9ac23) sw      a4, 56(s3)
core   0: 3 0x800025c2 (0x02e9ac23) mem 0x80025c98 0x18410584
core   0: 0x800025c6 (0x02f9ae23) sw      a5, 60(s3)
core   0: 3 0x800025c6 (0x02f9ae23) mem 0x80025c9c 0x00000001
core   0: 0x800025ca (0x0509a023) sw      a6, 64(s3)
core   0: 3 0x800025ca (0x0509a023) mem 0x80025ca0 0x00000000
core   0: 0x800025ce (0x0519a223) sw      a7, 68(s3)
core   0: 3 0x800025ce (0x0519a223) mem 0x80025ca4 0x40012e72
core   0: 0x800025d2 (0x0529a423) sw      s2, 72(s3)
core   0: 3 0x800025d2 (0x0529a423) mem 0x80025ca8 0xffffffff
core   0: 0x800025d6 (0x0539a623) sw      s3, 76(s3)
core   0: 3 0x800025d6 (0x0539a623) mem 0x80025cac 0x80025c60
core   0: 0x800025da (0x0549a823) sw      s4, 80(s3)
core   0: 3 0x800025da (0x0549a823) mem 0x80025cb0 0x00000000
core   0: 0x800025de (0x0559aa23) sw      s5, 84(s3)
core   0: 3 0x800025de (0x0559aa23) mem 0x80025cb4 0x59a343ec
core   0: 0x800025e2 (0x0569ac23) sw      s6, 88(s3)
core   0: 3 0x800025e2 (0x0569ac23) mem 0x80025cb8 0x00000000
core   0: 0x800025e6 (0x0579ae23) sw      s7, 92(s3)
core   0: 3 0x800025e6 (0x0579ae23) mem 0x80025cbc 0x00000210
core   0: 0x800025ea (0x0789a023) sw      s8, 96(s3)
core   0: 3 0x800025ea (0x0789a023) mem 0x80025cc0 0x00000001
core   0: 0x800025ee (0x0799a223) sw      s9, 100(s3)
core   0: 3 0x800025ee (0x0799a223) mem 0x80025cc4 0x80025ce0
core   0: 0x800025f2 (0x07a9a423) sw      s10, 104(s3)
core   0: 3 0x800025f2 (0x07a9a423) mem 0x80025cc8 0x00002400
core   0: 0x800025f6 (0x07b9a623) sw      s11, 108(s3)
core   0: 3 0x800025f6 (0x07b9a623) mem 0x80025ccc 0x80000374
core   0: 0x800025fa (0x07c9a823) sw      t3, 112(s3)
core   0: 3 0x800025fa (0x07c9a823) mem 0x80025cd0 0x00000082
core   0: 0x800025fe (0x07d9aa23) sw      t4, 116(s3)
core   0: 3 0x800025fe (0x07d9aa23) mem 0x80025cd4 0xffffffff
core   0: 0x80002602 (0x07e9ac23) sw      t5, 120(s3)
core   0: 3 0x80002602 (0x07e9ac23) mem 0x80025cd8 0x0001d400
core   0: 0x80002606 (0x07f9ae23) sw      t6, 124(s3)
core   0: 3 0x80002606 (0x07f9ae23) mem 0x80025cdc 0x00000000
core   0: 0x8000260a (0x00098cb3) add     s9, s3, zero
core   0: 3 0x8000260a (0x00098cb3) x25 0x80025c60
core   0: 0x8000260e (0x90000137) lui     sp, 0x90000
core   0: 3 0x8000260e (0x90000137) x2  0x90000000
core   0: 0x80002612 (0x00001171) c.addi  sp, -4
core   0: 3 0x80002612 (0x1171) x2  0x8ffffffc
core   0: 0x80002614 (0x000047a1) c.li    a5, 8
core   0: 3 0x80002614 (0x47a1) x15 0x00000008
core   0: 0x80002616 (0x000007a2) c.slli  a5, 8
core   0: 3 0x80002616 (0x07a2) x15 0x00000800
core   0: 0x80002618 (0x00078793) mv      a5, a5
core   0: 3 0x80002618 (0x00078793) x15 0x00000800
core   0: 0x8000261c (0x0000c03e) c.swsp  a5, 0(sp)
core   0: 3 0x8000261c (0xc03e) mem 0x8ffffffc 0x00000800
core   0: 0x8000261e (0x341027f3) csrr    a5, mepc
core   0: 3 0x8000261e (0x341027f3) x15 0x80000382
core   0: 0x80002622 (0x342027f3) csrr    a5, mcause
core   0: 3 0x80002622 (0x342027f3) x15 0x00000008
core   0: 0x80002626 (0x0000410d) c.li    sp, 3
core   0: 3 0x80002626 (0x410d) x2  0x00000003
core   0: 0x80002628 (0x00279463) bne     a5, sp, pc + 8
core   0: 3 0x80002628 (0x00279463)
core   0: 0x80002630 (0x00004121) c.li    sp, 8
core   0: 3 0x80002630 (0x4121) x2  0x00000008
core   0: 0x80002632 (0x04278d63) beq     a5, sp, pc + 90
core   0: 3 0x80002632 (0x04278d63)
core   0: 0x8000268c (0x90000137) lui     sp, 0x90000
core   0: 3 0x8000268c (0x90000137) x2  0x90000000
core   0: 0x80002690 (0x00001171) c.addi  sp, -4
core   0: 3 0x80002690 (0x1171) x2  0x8ffffffc
core   0: 0x80002692 (0x00006785) c.lui   a5, 0x1
core   0: 3 0x80002692 (0x6785) x15 0x00001000
core   0: 0x80002694 (0xb0078793) addi    a5, a5, -1280
core   0: 3 0x80002694 (0xb0078793) x15 0x00000b00
core   0: 0x80002698 (0x000007a2) c.slli  a5, 8
core   0: 3 0x80002698 (0x07a2) x15 0x000b0000
core   0: 0x8000269a (0x0000078d) c.addi  a5, 3
core   0: 3 0x8000269a (0x078d) x15 0x000b0003
core   0: 0x8000269c (0x0000c03e) c.swsp  a5, 0(sp)
core   0: 3 0x8000269c (0xc03e) mem 0x8ffffffc 0x000b0003
core   0: 0x8000269e (0xb00027f3) csrr    a5, mcycle
core   0: 3 0x8000269e (0xb00027f3) x15 0x00011371
core   0: 0x800026a2 (0x0000c03e) c.swsp  a5, 0(sp)
core   0: 3 0x800026a2 (0xc03e) mem 0x8ffffffc 0x00011371
core   0: 0x800026a4 (0x90000137) lui     sp, 0x90000
core   0: 3 0x800026a4 (0x90000137) x2  0x90000000
core   0: 0x800026a8 (0x00001171) c.addi  sp, -4
core   0: 3 0x800026a8 (0x1171) x2  0x8ffffffc
core   0: 0x800026aa (0x00006785) c.lui   a5, 0x1
core   0: 3 0x800026aa (0x6785) x15 0x00001000
core   0: 0x800026ac (0xb8078793) addi    a5, a5, -1152
core   0: 3 0x800026ac (0xb8078793) x15 0x00000b80
core   0: 0x800026b0 (0x000007a2) c.slli  a5, 8
core   0: 3 0x800026b0 (0x07a2) x15 0x000b8000
core   0: 0x800026b2 (0x0000078d) c.addi  a5, 3
core   0: 3 0x800026b2 (0x078d) x15 0x000b8003
core   0: 0x800026b4 (0x0000c03e) c.swsp  a5, 0(sp)
core   0: 3 0x800026b4 (0xc03e) mem 0x8ffffffc 0x000b8003
core   0: 0x800026b6 (0xb80027f3) csrr    a5, mcycleh
core   0: 3 0x800026b6 (0xb80027f3) x15 0x00000000
core   0: 0x800026ba (0x0000c03e) c.swsp  a5, 0(sp)
core   0: 3 0x800026ba (0xc03e) mem 0x8ffffffc 0x00000000
core   0: 0x800026bc (0x90000137) lui     sp, 0x90000
core   0: 3 0x800026bc (0x90000137) x2  0x90000000
core   0: 0x800026c0 (0x00001171) c.addi  sp, -4
core   0: 3 0x800026c0 (0x1171) x2  0x8ffffffc
core   0: 0x800026c2 (0x00006785) c.lui   a5, 0x1
core   0: 3 0x800026c2 (0x6785) x15 0x00001000
core   0: 0x800026c4 (0xb0378793) addi    a5, a5, -1277
core   0: 3 0x800026c4 (0xb0378793) x15 0x00000b03
core   0: 0x800026c8 (0x000007a2) c.slli  a5, 8
core   0: 3 0x800026c8 (0x07a2) x15 0x000b0300
core   0: 0x800026ca (0x0000078d) c.addi  a5, 3
core   0: 3 0x800026ca (0x078d) x15 0x000b0303
core   0: 0x800026cc (0x0000c03e) c.swsp  a5, 0(sp)
core   0: 3 0x800026cc (0xc03e) mem 0x8ffffffc 0x000b0303
core   0: 0x800026ce (0xb03027f3) csrr    a5, mhpmcounter3
core   0: 3 0x800026ce (0xb03027f3) x15 0x000000ae
core   0: 0x800026d2 (0x0000c03e) c.swsp  a5, 0(sp)
core   0: 3 0x800026d2 (0xc03e) mem 0x8ffffffc 0x000000ae
core   0: 0x800026d4 (0x90000137) lui     sp, 0x90000
core   0: 3 0x800026d4 (0x90000137) x2  0x90000000
core   0: 0x800026d8 (0x00001171) c.addi  sp, -4
core   0: 3 0x800026d8 (0x1171) x2  0x8ffffffc
core   0: 0x800026da (0x00006785) c.lui   a5, 0x1
core   0: 3 0x800026da (0x6785) x15 0x00001000
core   0: 0x800026dc (0xb8378793) addi    a5, a5, -1149
core   0: 3 0x800026dc (0xb8378793) x15 0x00000b83
core   0: 0x800026e0 (0x000007a2) c.slli  a5, 8
core   0: 3 0x800026e0 (0x07a2) x15 0x000b8300
core   0: 0x800026e2 (0x0000078d) c.addi  a5, 3
core   0: 3 0x800026e2 (0x078d) x15 0x000b8303
core   0: 0x800026e4 (0x0000c03e) c.swsp  a5, 0(sp)
core   0: 3 0x800026e4 (0xc03e) mem 0x8ffffffc 0x000b8303
core   0: 0x800026e6 (0xb83027f3) csrr    a5, mhpmcounter3h
core   0: 3 0x800026e6 (0xb83027f3) x15 0x00000000
core   0: 0x800026ea (0x0000c03e) c.swsp  a5, 0(sp)
core   0: 3 0x800026ea (0xc03e) mem 0x8ffffffc 0x00000000
core   0: 0x800026ec (0x90000137) lui     sp, 0x90000
core   0: 3 0x800026ec (0x90000137) x2  0x90000000
core   0: 0x800026f0 (0x00001171) c.addi  sp, -4
core   0: 3 0x800026f0 (0x1171) x2  0x8ffffffc
core   0: 0x800026f2 (0x00006785) c.lui   a5, 0x1
core   0: 3 0x800026f2 (0x6785) x15 0x00001000
core   0: 0x800026f4 (0xb0478793) addi    a5, a5, -1276
core   0: 3 0x800026f4 (0xb0478793) x15 0x00000b04
core   0: 0x800026f8 (0x000007a2) c.slli  a5, 8
core   0: 3 0x800026f8 (0x07a2) x15 0x000b0400
core   0: 0x800026fa (0x0000078d) c.addi  a5, 3
core   0: 3 0x800026fa (0x078d) x15 0x000b0403
core   0: 0x800026fc (0x0000c03e) c.swsp  a5, 0(sp)
core   0: 3 0x800026fc (0xc03e) mem 0x8ffffffc 0x000b0403
core   0: 0x800026fe (0xb04027f3) csrr    a5, mhpmcounter4
core   0: 3 0x800026fe (0xb04027f3) x15 0x0000801a
core   0: 0x80002702 (0x0000c03e) c.swsp  a5, 0(sp)
core   0: 3 0x80002702 (0xc03e) mem 0x8ffffffc 0x0000801a
core   0: 0x80002704 (0x90000137) lui     sp, 0x90000
core   0: 3 0x80002704 (0x90000137) x2  0x90000000
core   0: 0x80002708 (0x00001171) c.addi  sp, -4
core   0: 3 0x80002708 (0x1171) x2  0x8ffffffc
core   0: 0x8000270a (0x00006785) c.lui   a5, 0x1
core   0: 3 0x8000270a (0x6785) x15 0x00001000
core   0: 0x8000270c (0xb8478793) addi    a5, a5, -1148
core   0: 3 0x8000270c (0xb8478793) x15 0x00000b84
core   0: 0x80002710 (0x000007a2) c.slli  a5, 8
core   0: 3 0x80002710 (0x07a2) x15 0x000b8400
core   0: 0x80002712 (0x0000078d) c.addi  a5, 3
core   0: 3 0x80002712 (0x078d) x15 0x000b8403
core   0: 0x80002714 (0x0000c03e) c.swsp  a5, 0(sp)
core   0: 3 0x80002714 (0xc03e) mem 0x8ffffffc 0x000b8403
core   0: 0x80002716 (0xb84027f3) csrr    a5, mhpmcounter4h
core   0: 3 0x80002716 (0xb84027f3) x15 0x00000000
core   0: 0x8000271a (0x0000c03e) c.swsp  a5, 0(sp)
core   0: 3 0x8000271a (0xc03e) mem 0x8ffffffc 0x00000000
core   0: 0x8000271c (0x90000137) lui     sp, 0x90000
core   0: 3 0x8000271c (0x90000137) x2  0x90000000
core   0: 0x80002720 (0x00001171) c.addi  sp, -4
core   0: 3 0x80002720 (0x1171) x2  0x8ffffffc
core   0: 0x80002722 (0x00006785) c.lui   a5, 0x1
core   0: 3 0x80002722 (0x6785) x15 0x00001000
core   0: 0x80002724 (0xb0578793) addi    a5, a5, -1275
core   0: 3 0x80002724 (0xb0578793) x15 0x00000b05
core   0: 0x80002728 (0x000007a2) c.slli  a5, 8
core   0: 3 0x80002728 (0x07a2) x15 0x000b0500
core   0: 0x8000272a (0x0000078d) c.addi  a5, 3
core   0: 3 0x8000272a (0x078d) x15 0x000b0503
core   0: 0x8000272c (0x0000c03e) c.swsp  a5, 0(sp)
core   0: 3 0x8000272c (0xc03e) mem 0x8ffffffc 0x000b0503
core   0: 0x8000272e (0xb05027f3) csrr    a5, mhpmcounter5
core   0: 3 0x8000272e (0xb05027f3) x15 0x00000004
core   0: 0x80002732 (0x0000c03e) c.swsp  a5, 0(sp)
core   0: 3 0x80002732 (0xc03e) mem 0x8ffffffc 0x00000004
core   0: 0x80002734 (0x90000137) lui     sp, 0x90000
core   0: 3 0x80002734 (0x90000137) x2  0x90000000
core   0: 0x80002738 (0x00001171) c.addi  sp, -4
core   0: 3 0x80002738 (0x1171) x2  0x8ffffffc
core   0: 0x8000273a (0x00006785) c.lui   a5, 0x1
core   0: 3 0x8000273a (0x6785) x15 0x00001000
core   0: 0x8000273c (0xb8578793) addi    a5, a5, -1147
core   0: 3 0x8000273c (0xb8578793) x15 0x00000b85
core   0: 0x80002740 (0x000007a2) c.slli  a5, 8
core   0: 3 0x80002740 (0x07a2) x15 0x000b8500
core   0: 0x80002742 (0x0000078d) c.addi  a5, 3
core   0: 3 0x80002742 (0x078d) x15 0x000b8503
core   0: 0x80002744 (0x0000c03e) c.swsp  a5, 0(sp)
core   0: 3 0x80002744 (0xc03e) mem 0x8ffffffc 0x000b8503
core   0: 0x80002746 (0xb85027f3) csrr    a5, mhpmcounter5h
core   0: 3 0x80002746 (0xb85027f3) x15 0x00000000
core   0: 0x8000274a (0x0000c03e) c.swsp  a5, 0(sp)
core   0: 3 0x8000274a (0xc03e) mem 0x8ffffffc 0x00000000
core   0: 0x8000274c (0x90000137) lui     sp, 0x90000
core   0: 3 0x8000274c (0x90000137) x2  0x90000000
core   0: 0x80002750 (0x00001171) c.addi  sp, -4
core   0: 3 0x80002750 (0x1171) x2  0x8ffffffc
core   0: 0x80002752 (0x00006785) c.lui   a5, 0x1
core   0: 3 0x80002752 (0x6785) x15 0x00001000
core   0: 0x80002754 (0xb0678793) addi    a5, a5, -1274
core   0: 3 0x80002754 (0xb0678793) x15 0x00000b06
core   0: 0x80002758 (0x000007a2) c.slli  a5, 8
core   0: 3 0x80002758 (0x07a2) x15 0x000b0600
core   0: 0x8000275a (0x0000078d) c.addi  a5, 3
core   0: 3 0x8000275a (0x078d) x15 0x000b0603
core   0: 0x8000275c (0x0000c03e) c.swsp  a5, 0(sp)
core   0: 3 0x8000275c (0xc03e) mem 0x8ffffffc 0x000b0603
core   0: 0x8000275e (0xb06027f3) csrr    a5, mhpmcounter6
core   0: 3 0x8000275e (0xb06027f3) x15 0x0000003c
core   0: 0x80002762 (0x0000c03e) c.swsp  a5, 0(sp)
core   0: 3 0x80002762 (0xc03e) mem 0x8ffffffc 0x0000003c
core   0: 0x80002764 (0x90000137) lui     sp, 0x90000
core   0: 3 0x80002764 (0x90000137) x2  0x90000000
core   0: 0x80002768 (0x00001171) c.addi  sp, -4
core   0: 3 0x80002768 (0x1171) x2  0x8ffffffc
core   0: 0x8000276a (0x00006785) c.lui   a5, 0x1
core   0: 3 0x8000276a (0x6785) x15 0x00001000
core   0: 0x8000276c (0xb8678793) addi    a5, a5, -1146
core   0: 3 0x8000276c (0xb8678793) x15 0x00000b86
core   0: 0x80002770 (0x000007a2) c.slli  a5, 8
core   0: 3 0x80002770 (0x07a2) x15 0x000b8600
core   0: 0x80002772 (0x0000078d) c.addi  a5, 3
core   0: 3 0x80002772 (0x078d) x15 0x000b8603
core   0: 0x80002774 (0x0000c03e) c.swsp  a5, 0(sp)
core   0: 3 0x80002774 (0xc03e) mem 0x8ffffffc 0x000b8603
core   0: 0x80002776 (0xb86027f3) csrr    a5, mhpmcounter6h
core   0: 3 0x80002776 (0xb86027f3) x15 0x00000000
core   0: 0x8000277a (0x0000c03e) c.swsp  a5, 0(sp)
core   0: 3 0x8000277a (0xc03e) mem 0x8ffffffc 0x00000000
core   0: 0x8000277c (0x90000137) lui     sp, 0x90000
core   0: 3 0x8000277c (0x90000137) x2  0x90000000
core   0: 0x80002780 (0x00001171) c.addi  sp, -4
core   0: 3 0x80002780 (0x1171) x2  0x8ffffffc
core   0: 0x80002782 (0x00006785) c.lui   a5, 0x1
core   0: 3 0x80002782 (0x6785) x15 0x00001000
core   0: 0x80002784 (0xb0778793) addi    a5, a5, -1273
core   0: 3 0x80002784 (0xb0778793) x15 0x00000b07
core   0: 0x80002788 (0x000007a2) c.slli  a5, 8
core   0: 3 0x80002788 (0x07a2) x15 0x000b0700
core   0: 0x8000278a (0x0000078d) c.addi  a5, 3
core   0: 3 0x8000278a (0x078d) x15 0x000b0703
core   0: 0x8000278c (0x0000c03e) c.swsp  a5, 0(sp)
core   0: 3 0x8000278c (0xc03e) mem 0x8ffffffc 0x000b0703
core   0: 0x8000278e (0xb07027f3) csrr    a5, mhpmcounter7
core   0: 3 0x8000278e (0xb07027f3) x15 0x00000072
core   0: 0x80002792 (0x0000c03e) c.swsp  a5, 0(sp)
core   0: 3 0x80002792 (0xc03e) mem 0x8ffffffc 0x00000072
core   0: 0x80002794 (0x90000137) lui     sp, 0x90000
core   0: 3 0x80002794 (0x90000137) x2  0x90000000
core   0: 0x80002798 (0x00001171) c.addi  sp, -4
core   0: 3 0x80002798 (0x1171) x2  0x8ffffffc
core   0: 0x8000279a (0x00006785) c.lui   a5, 0x1
core   0: 3 0x8000279a (0x6785) x15 0x00001000
core   0: 0x8000279c (0xb8778793) addi    a5, a5, -1145
core   0: 3 0x8000279c (0xb8778793) x15 0x00000b87
core   0: 0x800027a0 (0x000007a2) c.slli  a5, 8
core   0: 3 0x800027a0 (0x07a2) x15 0x000b8700
core   0: 0x800027a2 (0x0000078d) c.addi  a5, 3
core   0: 3 0x800027a2 (0x078d) x15 0x000b8703
core   0: 0x800027a4 (0x0000c03e) c.swsp  a5, 0(sp)
core   0: 3 0x800027a4 (0xc03e) mem 0x8ffffffc 0x000b8703
core   0: 0x800027a6 (0xb87027f3) csrr    a5, mhpmcounter7h
core   0: 3 0x800027a6 (0xb87027f3) x15 0x00000000
core   0: 0x800027aa (0x0000c03e) c.swsp  a5, 0(sp)
core   0: 3 0x800027aa (0xc03e) mem 0x8ffffffc 0x00000000
core   0: 0x800027ac (0x90000137) lui     sp, 0x90000
core   0: 3 0x800027ac (0x90000137) x2  0x90000000
core   0: 0x800027b0 (0x00001171) c.addi  sp, -4
core   0: 3 0x800027b0 (0x1171) x2  0x8ffffffc
core   0: 0x800027b2 (0x00006785) c.lui   a5, 0x1
core   0: 3 0x800027b2 (0x6785) x15 0x00001000
core   0: 0x800027b4 (0xb0878793) addi    a5, a5, -1272
core   0: 3 0x800027b4 (0xb0878793) x15 0x00000b08
core   0: 0x800027b8 (0x000007a2) c.slli  a5, 8
core   0: 3 0x800027b8 (0x07a2) x15 0x000b0800
core   0: 0x800027ba (0x0000078d) c.addi  a5, 3
core   0: 3 0x800027ba (0x078d) x15 0x000b0803
core   0: 0x800027bc (0x0000c03e) c.swsp  a5, 0(sp)
core   0: 3 0x800027bc (0xc03e) mem 0x8ffffffc 0x000b0803
core   0: 0x800027be (0xb08027f3) csrr    a5, mhpmcounter8
core   0: 3 0x800027be (0xb08027f3) x15 0x0000034b
core   0: 0x800027c2 (0x0000c03e) c.swsp  a5, 0(sp)
core   0: 3 0x800027c2 (0xc03e) mem 0x8ffffffc 0x0000034b
core   0: 0x800027c4 (0x90000137) lui     sp, 0x90000
core   0: 3 0x800027c4 (0x90000137) x2  0x90000000
core   0: 0x800027c8 (0x00001171) c.addi  sp, -4
core   0: 3 0x800027c8 (0x1171) x2  0x8ffffffc
core   0: 0x800027ca (0x00006785) c.lui   a5, 0x1
core   0: 3 0x800027ca (0x6785) x15 0x00001000
core   0: 0x800027cc (0xb8878793) addi    a5, a5, -1144
core   0: 3 0x800027cc (0xb8878793) x15 0x00000b88
core   0: 0x800027d0 (0x000007a2) c.slli  a5, 8
core   0: 3 0x800027d0 (0x07a2) x15 0x000b8800
core   0: 0x800027d2 (0x0000078d) c.addi  a5, 3
core   0: 3 0x800027d2 (0x078d) x15 0x000b8803
core   0: 0x800027d4 (0x0000c03e) c.swsp  a5, 0(sp)
core   0: 3 0x800027d4 (0xc03e) mem 0x8ffffffc 0x000b8803
core   0: 0x800027d6 (0xb88027f3) csrr    a5, mhpmcounter8h
core   0: 3 0x800027d6 (0xb88027f3) x15 0x00000000
core   0: 0x800027da (0x0000c03e) c.swsp  a5, 0(sp)
core   0: 3 0x800027da (0xc03e) mem 0x8ffffffc 0x00000000
core   0: 0x800027dc (0x90000137) lui     sp, 0x90000
core   0: 3 0x800027dc (0x90000137) x2  0x90000000
core   0: 0x800027e0 (0x00001171) c.addi  sp, -4
core   0: 3 0x800027e0 (0x1171) x2  0x8ffffffc
core   0: 0x800027e2 (0x00006785) c.lui   a5, 0x1
core   0: 3 0x800027e2 (0x6785) x15 0x00001000
core   0: 0x800027e4 (0xb0978793) addi    a5, a5, -1271
core   0: 3 0x800027e4 (0xb0978793) x15 0x00000b09
core   0: 0x800027e8 (0x000007a2) c.slli  a5, 8
core   0: 3 0x800027e8 (0x07a2) x15 0x000b0900
core   0: 0x800027ea (0x0000078d) c.addi  a5, 3
core   0: 3 0x800027ea (0x078d) x15 0x000b0903
core   0: 0x800027ec (0x0000c03e) c.swsp  a5, 0(sp)
core   0: 3 0x800027ec (0xc03e) mem 0x8ffffffc 0x000b0903
core   0: 0x800027ee (0xb09027f3) csrr    a5, mhpmcounter9
core   0: 3 0x800027ee (0xb09027f3) x15 0x000001a3
core   0: 0x800027f2 (0x0000c03e) c.swsp  a5, 0(sp)
core   0: 3 0x800027f2 (0xc03e) mem 0x8ffffffc 0x000001a3
core   0: 0x800027f4 (0x90000137) lui     sp, 0x90000
core   0: 3 0x800027f4 (0x90000137) x2  0x90000000
core   0: 0x800027f8 (0x00001171) c.addi  sp, -4
core   0: 3 0x800027f8 (0x1171) x2  0x8ffffffc
core   0: 0x800027fa (0x00006785) c.lui   a5, 0x1
core   0: 3 0x800027fa (0x6785) x15 0x00001000
core   0: 0x800027fc (0xb8978793) addi    a5, a5, -1143
core   0: 3 0x800027fc (0xb8978793) x15 0x00000b89
core   0: 0x80002800 (0x000007a2) c.slli  a5, 8
core   0: 3 0x80002800 (0x07a2) x15 0x000b8900
core   0: 0x80002802 (0x0000078d) c.addi  a5, 3
core   0: 3 0x80002802 (0x078d) x15 0x000b8903
core   0: 0x80002804 (0x0000c03e) c.swsp  a5, 0(sp)
core   0: 3 0x80002804 (0xc03e) mem 0x8ffffffc 0x000b8903
core   0: 0x80002806 (0xb89027f3) csrr    a5, mhpmcounter9h
core   0: 3 0x80002806 (0xb89027f3) x15 0x00000000
core   0: 0x8000280a (0x0000c03e) c.swsp  a5, 0(sp)
core   0: 3 0x8000280a (0xc03e) mem 0x8ffffffc 0x00000000
core   0: 0x8000280c (0x90000137) lui     sp, 0x90000
core   0: 3 0x8000280c (0x90000137) x2  0x90000000
core   0: 0x80002810 (0x00001171) c.addi  sp, -4
core   0: 3 0x80002810 (0x1171) x2  0x8ffffffc
core   0: 0x80002812 (0x00006785) c.lui   a5, 0x1
core   0: 3 0x80002812 (0x6785) x15 0x00001000
core   0: 0x80002814 (0xb0a78793) addi    a5, a5, -1270
core   0: 3 0x80002814 (0xb0a78793) x15 0x00000b0a
core   0: 0x80002818 (0x000007a2) c.slli  a5, 8
core   0: 3 0x80002818 (0x07a2) x15 0x000b0a00
core   0: 0x8000281a (0x0000078d) c.addi  a5, 3
core   0: 3 0x8000281a (0x078d) x15 0x000b0a03
core   0: 0x8000281c (0x0000c03e) c.swsp  a5, 0(sp)
core   0: 3 0x8000281c (0xc03e) mem 0x8ffffffc 0x000b0a03
core   0: 0x8000281e (0xb0a027f3) csrr    a5, mhpmcounter10
core   0: 3 0x8000281e (0xb0a027f3) x15 0x000008bf
core   0: 0x80002822 (0x0000c03e) c.swsp  a5, 0(sp)
core   0: 3 0x80002822 (0xc03e) mem 0x8ffffffc 0x000008bf
core   0: 0x80002824 (0x90000137) lui     sp, 0x90000
core   0: 3 0x80002824 (0x90000137) x2  0x90000000
core   0: 0x80002828 (0x00001171) c.addi  sp, -4
core   0: 3 0x80002828 (0x1171) x2  0x8ffffffc
core   0: 0x8000282a (0x00006785) c.lui   a5, 0x1
core   0: 3 0x8000282a (0x6785) x15 0x00001000
core   0: 0x8000282c (0xb8a78793) addi    a5, a5, -1142
core   0: 3 0x8000282c (0xb8a78793) x15 0x00000b8a
core   0: 0x80002830 (0x000007a2) c.slli  a5, 8
core   0: 3 0x80002830 (0x07a2) x15 0x000b8a00
core   0: 0x80002832 (0x0000078d) c.addi  a5, 3
core   0: 3 0x80002832 (0x078d) x15 0x000b8a03
core   0: 0x80002834 (0x0000c03e) c.swsp  a5, 0(sp)
core   0: 3 0x80002834 (0xc03e) mem 0x8ffffffc 0x000b8a03
core   0: 0x80002836 (0xb8a027f3) csrr    a5, mhpmcounter10h
core   0: 3 0x80002836 (0xb8a027f3) x15 0x00000000
core   0: 0x8000283a (0x0000c03e) c.swsp  a5, 0(sp)
core   0: 3 0x8000283a (0xc03e) mem 0x8ffffffc 0x00000000
core   0: 0x8000283c (0x90000137) lui     sp, 0x90000
core   0: 3 0x8000283c (0x90000137) x2  0x90000000
core   0: 0x80002840 (0x00001171) c.addi  sp, -4
core   0: 3 0x80002840 (0x1171) x2  0x8ffffffc
core   0: 0x80002842 (0x00006785) c.lui   a5, 0x1
core   0: 3 0x80002842 (0x6785) x15 0x00001000
core   0: 0x80002844 (0xb0b78793) addi    a5, a5, -1269
core   0: 3 0x80002844 (0xb0b78793) x15 0x00000b0b
core   0: 0x80002848 (0x000007a2) c.slli  a5, 8
core   0: 3 0x80002848 (0x07a2) x15 0x000b0b00
core   0: 0x8000284a (0x0000078d) c.addi  a5, 3
core   0: 3 0x8000284a (0x078d) x15 0x000b0b03
core   0: 0x8000284c (0x0000c03e) c.swsp  a5, 0(sp)
core   0: 3 0x8000284c (0xc03e) mem 0x8ffffffc 0x000b0b03
core   0: 0x8000284e (0xb0b027f3) csrr    a5, mhpmcounter11
core   0: 3 0x8000284e (0xb0b027f3) x15 0x0000013f
core   0: 0x80002852 (0x0000c03e) c.swsp  a5, 0(sp)
core   0: 3 0x80002852 (0xc03e) mem 0x8ffffffc 0x0000013f
core   0: 0x80002854 (0x90000137) lui     sp, 0x90000
core   0: 3 0x80002854 (0x90000137) x2  0x90000000
core   0: 0x80002858 (0x00001171) c.addi  sp, -4
core   0: 3 0x80002858 (0x1171) x2  0x8ffffffc
core   0: 0x8000285a (0x00006785) c.lui   a5, 0x1
core   0: 3 0x8000285a (0x6785) x15 0x00001000
core   0: 0x8000285c (0xb8b78793) addi    a5, a5, -1141
core   0: 3 0x8000285c (0xb8b78793) x15 0x00000b8b
core   0: 0x80002860 (0x000007a2) c.slli  a5, 8
core   0: 3 0x80002860 (0x07a2) x15 0x000b8b00
core   0: 0x80002862 (0x0000078d) c.addi  a5, 3
core   0: 3 0x80002862 (0x078d) x15 0x000b8b03
core   0: 0x80002864 (0x0000c03e) c.swsp  a5, 0(sp)
core   0: 3 0x80002864 (0xc03e) mem 0x8ffffffc 0x000b8b03
core   0: 0x80002866 (0xb8b027f3) csrr    a5, mhpmcounter11h
core   0: 3 0x80002866 (0xb8b027f3) x15 0x00000000
core   0: 0x8000286a (0x0000c03e) c.swsp  a5, 0(sp)
core   0: 3 0x8000286a (0xc03e) mem 0x8ffffffc 0x00000000
core   0: 0x8000286c (0x90000137) lui     sp, 0x90000
core   0: 3 0x8000286c (0x90000137) x2  0x90000000
core   0: 0x80002870 (0x00001171) c.addi  sp, -4
core   0: 3 0x80002870 (0x1171) x2  0x8ffffffc
core   0: 0x80002872 (0x00006785) c.lui   a5, 0x1
core   0: 3 0x80002872 (0x6785) x15 0x00001000
core   0: 0x80002874 (0xb0c78793) addi    a5, a5, -1268
core   0: 3 0x80002874 (0xb0c78793) x15 0x00000b0c
core   0: 0x80002878 (0x000007a2) c.slli  a5, 8
core   0: 3 0x80002878 (0x07a2) x15 0x000b0c00
core   0: 0x8000287a (0x0000078d) c.addi  a5, 3
core   0: 3 0x8000287a (0x078d) x15 0x000b0c03
core   0: 0x8000287c (0x0000c03e) c.swsp  a5, 0(sp)
core   0: 3 0x8000287c (0xc03e) mem 0x8ffffffc 0x000b0c03
core   0: 0x8000287e (0xb0c027f3) csrr    a5, mhpmcounter12
core   0: 3 0x8000287e (0xb0c027f3) x15 0x00002d29
core   0: 0x80002882 (0x0000c03e) c.swsp  a5, 0(sp)
core   0: 3 0x80002882 (0xc03e) mem 0x8ffffffc 0x00002d29
core   0: 0x80002884 (0x90000137) lui     sp, 0x90000
core   0: 3 0x80002884 (0x90000137) x2  0x90000000
core   0: 0x80002888 (0x00001171) c.addi  sp, -4
core   0: 3 0x80002888 (0x1171) x2  0x8ffffffc
core   0: 0x8000288a (0x00006785) c.lui   a5, 0x1
core   0: 3 0x8000288a (0x6785) x15 0x00001000
core   0: 0x8000288c (0xb8c78793) addi    a5, a5, -1140
core   0: 3 0x8000288c (0xb8c78793) x15 0x00000b8c
core   0: 0x80002890 (0x000007a2) c.slli  a5, 8
core   0: 3 0x80002890 (0x07a2) x15 0x000b8c00
core   0: 0x80002892 (0x0000078d) c.addi  a5, 3
core   0: 3 0x80002892 (0x078d) x15 0x000b8c03
core   0: 0x80002894 (0x0000c03e) c.swsp  a5, 0(sp)
core   0: 3 0x80002894 (0xc03e) mem 0x8ffffffc 0x000b8c03
core   0: 0x80002896 (0xb8c027f3) csrr    a5, mhpmcounter12h
core   0: 3 0x80002896 (0xb8c027f3) x15 0x00000000
core   0: 0x8000289a (0x0000c03e) c.swsp  a5, 0(sp)
core   0: 3 0x8000289a (0xc03e) mem 0x8ffffffc 0x00000000
core   0: 0x8000289c (0xffffd797) auipc   a5, 0xffffd
core   0: 3 0x8000289c (0xffffd797) x15 0x7ffff89c
core   0: 0x800028a0 (0x7e478793) addi    a5, a5, 2020
core   0: 3 0x800028a0 (0x7e478793) x15 0x80000080
core   0: 0x800028a4 (0x0007a023) sw      zero, 0(a5)
core   0: 3 0x800028a4 (0x0007a023) mem 0x80000080 0x00000000
core   0: 0x800028a8 (0x0017a223) sw      ra, 4(a5)
core   0: 3 0x800028a8 (0x0017a223) mem 0x80000084 0x01a64c00
core   0: 0x800028ac (0x0027a423) sw      sp, 8(a5)
core   0: 3 0x800028ac (0x0027a423) mem 0x80000088 0x8ffffffc
core   0: 0x800028b0 (0x0037a623) sw      gp, 12(a5)
core   0: 3 0x800028b0 (0x0037a623) mem 0x8000008c 0x00000000
core   0: 0x800028b4 (0x0047a823) sw      tp, 16(a5)
core   0: 3 0x800028b4 (0x0047a823) mem 0x80000090 0x000000d7
core   0: 0x800028b8 (0x0057aa23) sw      t0, 20(a5)
core   0: 3 0x800028b8 (0x0057aa23) mem 0x80000094 0xffffffff
core   0: 0x800028bc (0x0067ac23) sw      t1, 24(a5)
core   0: 3 0x800028bc (0x0067ac23) mem 0x80000098 0x80025ce5
core   0: 0x800028c0 (0x0077ae23) sw      t2, 28(a5)
core   0: 3 0x800028c0 (0x0077ae23) mem 0x8000009c 0x00000000
core   0: 0x800028c4 (0x0000d380) c.sw    s0, 32(a5)
core   0: 3 0x800028c4 (0xd380) mem 0x800000a0 0x00000075
core   0: 0x800028c6 (0x0000d3c4) c.sw    s1, 36(a5)
core   0: 3 0x800028c6 (0xd3c4) mem 0x800000a4 0x00000001
core   0: 0x800028c8 (0x0000d788) c.sw    a0, 40(a5)
core   0: 3 0x800028c8 (0xd788) mem 0x800000a8 0x00000210
core   0: 0x800028ca (0x0000d7cc) c.sw    a1, 44(a5)
core   0: 3 0x800028ca (0xd7cc) mem 0x800000ac 0x00000000
core   0: 0x800028cc (0x0000db90) c.sw    a2, 48(a5)
core   0: 3 0x800028cc (0xdb90) mem 0x800000b0 0xffffffe8
core   0: 0x800028ce (0x0000dbd4) c.sw    a3, 52(a5)
core   0: 3 0x800028ce (0xdbd4) mem 0x800000b4 0x00000003
core   0: 0x800028d0 (0x0000df98) c.sw    a4, 56(a5)
core   0: 3 0x800028d0 (0xdf98) mem 0x800000b8 0x18410584
core   0: 0x800028d2 (0x0000dfdc) c.sw    a5, 60(a5)
core   0: 3 0x800028d2 (0xdfdc) mem 0x800000bc 0x80000080
core   0: 0x800028d4 (0x0507a023) sw      a6, 64(a5)
core   0: 3 0x800028d4 (0x0507a023) mem 0x800000c0 0x00000000
core   0: 0x800028d8 (0x0517a223) sw      a7, 68(a5)
core   0: 3 0x800028d8 (0x0517a223) mem 0x800000c4 0x40012e72
core   0: 0x800028dc (0x0527a423) sw      s2, 72(a5)
core   0: 3 0x800028dc (0x0527a423) mem 0x800000c8 0xffffffff
core   0: 0x800028e0 (0x0537a623) sw      s3, 76(a5)
core   0: 3 0x800028e0 (0x0537a623) mem 0x800000cc 0x80025c60
core   0: 0x800028e4 (0x0547a823) sw      s4, 80(a5)
core   0: 3 0x800028e4 (0x0547a823) mem 0x800000d0 0x00000000
core   0: 0x800028e8 (0x0557aa23) sw      s5, 84(a5)
core   0: 3 0x800028e8 (0x0557aa23) mem 0x800000d4 0x59a343ec
core   0: 0x800028ec (0x0567ac23) sw      s6, 88(a5)
core   0: 3 0x800028ec (0x0567ac23) mem 0x800000d8 0x00000000
core   0: 0x800028f0 (0x0577ae23) sw      s7, 92(a5)
core   0: 3 0x800028f0 (0x0577ae23) mem 0x800000dc 0x00000210
core   0: 0x800028f4 (0x0787a023) sw      s8, 96(a5)
core   0: 3 0x800028f4 (0x0787a023) mem 0x800000e0 0x00000001
core   0: 0x800028f8 (0x0797a223) sw      s9, 100(a5)
core   0: 3 0x800028f8 (0x0797a223) mem 0x800000e4 0x80025c60
core   0: 0x800028fc (0x07a7a423) sw      s10, 104(a5)
core   0: 3 0x800028fc (0x07a7a423) mem 0x800000e8 0x00002400
core   0: 0x80002900 (0x07b7a623) sw      s11, 108(a5)
core   0: 3 0x80002900 (0x07b7a623) mem 0x800000ec 0x80000374
core   0: 0x80002904 (0x07c7a823) sw      t3, 112(a5)
core   0: 3 0x80002904 (0x07c7a823) mem 0x800000f0 0x00000082
core   0: 0x80002908 (0x07d7aa23) sw      t4, 116(a5)
core   0: 3 0x80002908 (0x07d7aa23) mem 0x800000f4 0xffffffff
core   0: 0x8000290c (0x07e7ac23) sw      t5, 120(a5)
core   0: 3 0x8000290c (0x07e7ac23) mem 0x800000f8 0x0001d400
core   0: 0x80002910 (0x07f7ae23) sw      t6, 124(a5)
core   0: 3 0x80002910 (0x07f7ae23) mem 0x800000fc 0x00000000
core   0: 0x80002914 (0x341027f3) csrr    a5, mepc
core   0: 3 0x80002914 (0x341027f3) x15 0x80000382
core   0: 0x80002918 (0x00000791) c.addi  a5, 4
core   0: 3 0x80002918 (0x0791) x15 0x80000386
core   0: 0x8000291a (0x34179073) csrw    mepc, a5
core   0: 3 0x8000291a (0x34179073) c833_mepc 0x80000386
core   0: 0x8000291e (0x30200073) mret
core   0: 3 0x8000291e (0x30200073) c768_mstatus 0x00000080
core   0: 0x80000386 (0x90000137) lui     sp, 0x90000
core   0: 0 0x80000386 (0x90000137) x2  0x90000000
core   0: 0x8000038a (0x00001161) c.addi  sp, -8
core   0: 0 0x8000038a (0x1161) x2  0x8ffffff8
core   0: 0x8000038c (0x00004785) c.li    a5, 1
core   0: 0 0x8000038c (0x4785) x15 0x00000001
core   0: 0x8000038e (0x000007a2) c.slli  a5, 8
core   0: 0 0x8000038e (0x07a2) x15 0x00000100
core   0: 0x80000390 (0x00000785) c.addi  a5, 1
core   0: 0 0x80000390 (0x0785) x15 0x00000101
core   0: 0x80000392 (0x0000c03e) c.swsp  a5, 0(sp)
core   0: 0 0x80000392 (0xc03e) mem 0x8ffffff8 0x00000101
core   0: 0x80000394 (0x00000073) ecall
core   0: exception trap_user_ecall, epc 0x80000394
core   0: 0x80002500 (0x0800006f) j       pc + 0x80
core   0: 3 0x80002500 (0x0800006f)
core   0: 0x80002580 (0x00001cf1) c.addi  s9, -4
core   0: 3 0x80002580 (0x1cf1) x25 0x80025c5c
core   0: 0x80002582 (0x013ca023) sw      s3, 0(s9)
core   0: 3 0x80002582 (0x013ca023) mem 0x80025c5c 0x80025c60
core   0: 0x80002586 (0x000c89b3) add     s3, s9, zero
core   0: 3 0x80002586 (0x000c89b3) x19 0x80025c5c
core   0: 0x8000258a (0xf8098993) addi    s3, s3, -128
core   0: 3 0x8000258a (0xf8098993) x19 0x80025bdc
core   0: 0x8000258e (0x0019a223) sw      ra, 4(s3)
core   0: 3 0x8000258e (0x0019a223) mem 0x80025be0 0x01a64c00
core   0: 0x80002592 (0x0029a423) sw      sp, 8(s3)
core   0: 3 0x80002592 (0x0029a423) mem 0x80025be4 0x8ffffff8
core   0: 0x80002596 (0x0039a623) sw      gp, 12(s3)
core   0: 3 0x80002596 (0x0039a623) mem 0x80025be8 0x00000000
