Time	Cycle	PC	Insn	Decoded instruction	Register and memory contents
        2299000	        13	80000080	400017b7	lui	x15,0x40001	 x15=0x40001000
        2319000	        14	80000084	10678793	addi	x15,x15,262	 x15:0x40001000 x15=0x40001106
        2759000	        36	80000088	30179073	csrrw	x0,misa,x15	 x15:0x40001106  x0=0x00000000
        2819000	        39	8000008c	00026c97	auipc	x25,0x26	 x25=0x8002608c
        3139000	        55	80000090	c58c8c93	addi	x25,x25,-936	 x25:0x8002608c x25=0x80025ce4
        3159000	        56	80000094	00002797	auipc	x15,0x2	 x15=0x80002094
        3179000	        57	80000098	46c78793	addi	x15,x15,1132	 x15:0x80002094 x15=0x80002500
        3199000	        58	8000009c	0017e793	ori	x15,x15,1	 x15:0x80002500 x15=0x80002501
        3379000	        67	800000a0	30579073	csrrw	x0,mtvec,x15	 x15:0x80002501  x0=0x00000000
        3559000	        76	800000a4	74725073	csrrwi	x0,0x747,4	  x0=0x00000000
        3719000	        84	800000a8	00003d97	auipc	x27,0x3	 x27=0x800030a8
        4139000	       105	800000ac	194d8d93	addi	x27,x27,404	 x27:0x800030a8 x27=0x8000323c
        4419000	       119	800000b0	4781	c.li	x15,0	 x15=0x00000000
        4439000	       120	800000b2	9dbe	c.add	x27,x15	 x27:0x8000323c x15:0x00000000 x27=0x8000323c
        4459000	       121	800000b4	002ddd93	srli	x27,x27,0x2	 x27:0x8000323c x27=0x20000c8f
        4479000	       122	800000b8	3b0d9073	csrrw	x0,pmpaddr0,x27	 x27:0x20000c8f  x0=0x00000000
        4539000	       125	800000bc	00003d97	auipc	x27,0x3	 x27=0x800030bc
        4559000	       126	800000c0	180d8d93	addi	x27,x27,384	 x27:0x800030bc x27=0x8000323c
        4819000	       139	800000c4	111117b7	lui	x15,0x11111	 x15=0x11111000
        5239000	       160	800000c8	11178793	addi	x15,x15,273	 x15:0x11111000 x15=0x11111111
        5659000	       181	800000cc	9dbe	c.add	x27,x15	 x27:0x8000323c x15:0x11111111 x27=0x9111434d
        5679000	       182	800000ce	002ddd93	srli	x27,x27,0x2	 x27:0x9111434d x27=0x244450d3
        5799000	       188	800000d2	3b1d9073	csrrw	x0,pmpaddr1,x27	 x27:0x244450d3  x0=0x00000000
        5859000	       191	800000d6	00003d97	auipc	x27,0x3	 x27=0x800030d6
        5879000	       192	800000da	166d8d93	addi	x27,x27,358	 x27:0x800030d6 x27=0x8000323c
        5899000	       193	800000de	222227b7	lui	x15,0x22222	 x15=0x22222000
        6079000	       202	800000e2	22278793	addi	x15,x15,546	 x15:0x22222000 x15=0x22222222
        6099000	       203	800000e6	9dbe	c.add	x27,x15	 x27:0x8000323c x15:0x22222222 x27=0xa222545e
        6119000	       204	800000e8	002ddd93	srli	x27,x27,0x2	 x27:0xa222545e x27=0x28889517
        6139000	       205	800000ec	3b2d9073	csrrw	x0,pmpaddr2,x27	 x27:0x28889517  x0=0x00000000
        6199000	       208	800000f0	00003d97	auipc	x27,0x3	 x27=0x800030f0
        6359000	       216	800000f4	14cd8d93	addi	x27,x27,332	 x27:0x800030f0 x27=0x8000323c
        6779000	       237	800000f8	333337b7	lui	x15,0x33333	 x15=0x33333000
        6799000	       238	800000fc	33378793	addi	x15,x15,819	 x15:0x33333000 x15=0x33333333
        6819000	       239	80000100	9dbe	c.add	x27,x15	 x27:0x8000323c x15:0x33333333 x27=0xb333656f
        6839000	       240	80000102	002ddd93	srli	x27,x27,0x2	 x27:0xb333656f x27=0x2cccd95b
        6879000	       242	80000106	3b3d9073	csrrw	x0,pmpaddr3,x27	 x27:0x2cccd95b  x0=0x00000000
        7039000	       250	8000010a	0f0f1db7	lui	x27,0xf0f1	 x27=0x0f0f1000
        7159000	       256	8000010e	f0fd8d93	addi	x27,x27,-241	 x27:0x0f0f1000 x27=0x0f0f0f0f
        7579000	       277	80000112	3a0d9073	csrrw	x0,pmpcfg0,x27	 x27:0x0f0f0f0f  x0=0x00000000
        7679000	       282	80000116	00003d97	auipc	x27,0x3	 x27=0x80003116
        7699000	       283	8000011a	126d8d93	addi	x27,x27,294	 x27:0x80003116 x27=0x8000323c
        8079000	       302	8000011e	444447b7	lui	x15,0x44444	 x15=0x44444000
        8279000	       312	80000122	44478793	addi	x15,x15,1092	 x15:0x44444000 x15=0x44444444
        8299000	       313	80000126	9dbe	c.add	x27,x15	 x27:0x8000323c x15:0x44444444 x27=0xc4447680
        8699000	       333	80000128	002ddd93	srli	x27,x27,0x2	 x27:0xc4447680 x27=0x31111da0
        8719000	       334	8000012c	3b4d9073	csrrw	x0,pmpaddr4,x27	 x27:0x31111da0  x0=0x00000000
        9139000	       355	80000130	00003d97	auipc	x27,0x3	 x27=0x80003130
        9159000	       356	80000134	10cd8d93	addi	x27,x27,268	 x27:0x80003130 x27=0x8000323c
        9179000	       357	80000138	555557b7	lui	x15,0x55555	 x15=0x55555000
        9359000	       366	8000013c	55578793	addi	x15,x15,1365	 x15:0x55555000 x15=0x55555555
        9379000	       367	80000140	9dbe	c.add	x27,x15	 x27:0x8000323c x15:0x55555555 x27=0xd5558791
        9399000	       368	80000142	002ddd93	srli	x27,x27,0x2	 x27:0xd5558791 x27=0x355561e4
        9539000	       375	80000146	3b5d9073	csrrw	x0,pmpaddr5,x27	 x27:0x355561e4  x0=0x00000000
        9959000	       396	8000014a	00003d97	auipc	x27,0x3	 x27=0x8000314a
        9979000	       397	8000014e	0f2d8d93	addi	x27,x27,242	 x27:0x8000314a x27=0x8000323c
       10039000	       400	80000152	666667b7	lui	x15,0x66666	 x15=0x66666000
       10419000	       419	80000156	66678793	addi	x15,x15,1638	 x15:0x66666000 x15=0x66666666
       10439000	       420	8000015a	9dbe	c.add	x27,x15	 x27:0x8000323c x15:0x66666666 x27=0xe66698a2
       10819000	       439	8000015c	002ddd93	srli	x27,x27,0x2	 x27:0xe66698a2 x27=0x3999a628
       10919000	       444	80000160	3b6d9073	csrrw	x0,pmpaddr6,x27	 x27:0x3999a628  x0=0x00000000
       11339000	       465	80000164	00003d97	auipc	x27,0x3	 x27=0x80003164
       11359000	       466	80000168	0d8d8d93	addi	x27,x27,216	 x27:0x80003164 x27=0x8000323c
       11399000	       468	8000016c	777777b7	lui	x15,0x77777	 x15=0x77777000
       11819000	       489	80000170	77778793	addi	x15,x15,1911	 x15:0x77777000 x15=0x77777777
       11839000	       490	80000174	9dbe	c.add	x27,x15	 x27:0x8000323c x15:0x77777777 x27=0xf777a9b3
       11859000	       491	80000176	002ddd93	srli	x27,x27,0x2	 x27:0xf777a9b3 x27=0x3dddea6c
       11879000	       492	8000017a	3b7d9073	csrrw	x0,pmpaddr7,x27	 x27:0x3dddea6c  x0=0x00000000
       11939000	       495	8000017e	0f0f1db7	lui	x27,0xf0f1	 x27=0x0f0f1000
       12319000	       514	80000182	f0fd8d93	addi	x27,x27,-241	 x27:0x0f0f1000 x27=0x0f0f0f0f
       12419000	       519	80000186	3a1d9073	csrrw	x0,pmpcfg1,x27	 x27:0x0f0f0f0f  x0=0x00000000
       12479000	       522	8000018a	00003d97	auipc	x27,0x3	 x27=0x8000318a
       12559000	       526	8000018e	0b2d8d93	addi	x27,x27,178	 x27:0x8000318a x27=0x8000323c
       12979000	       547	80000192	888897b7	lui	x15,0x88889	 x15=0x88889000
       12999000	       548	80000196	88878793	addi	x15,x15,-1912	 x15:0x88889000 x15=0x88888888
       13019000	       549	8000019a	9dbe	c.add	x27,x15	 x27:0x8000323c x15:0x88888888 x27=0x0888bac4
       13039000	       550	8000019c	002ddd93	srli	x27,x27,0x2	 x27:0x0888bac4 x27=0x02222eb1
       13119000	       554	800001a0	3b8d9073	csrrw	x0,pmpaddr8,x27	 x27:0x02222eb1  x0=0x00000000
       13179000	       557	800001a4	00003d97	auipc	x27,0x3	 x27=0x800031a4
       13579000	       577	800001a8	098d8d93	addi	x27,x27,152	 x27:0x800031a4 x27=0x8000323c
       13599000	       578	800001ac	9999a7b7	lui	x15,0x9999a	 x15=0x9999a000
       13619000	       579	800001b0	99978793	addi	x15,x15,-1639	 x15:0x9999a000 x15=0x99999999
       13899000	       593	800001b4	9dbe	c.add	x27,x15	 x27:0x8000323c x15:0x99999999 x27=0x1999cbd5
       13919000	       594	800001b6	002ddd93	srli	x27,x27,0x2	 x27:0x1999cbd5 x27=0x066672f5
       13939000	       595	800001ba	3b9d9073	csrrw	x0,pmpaddr9,x27	 x27:0x066672f5  x0=0x00000000
       13999000	       598	800001be	00003d97	auipc	x27,0x3	 x27=0x800031be
       14019000	       599	800001c2	07ed8d93	addi	x27,x27,126	 x27:0x800031be x27=0x8000323c
       14179000	       607	800001c6	aaaab7b7	lui	x15,0xaaaab	 x15=0xaaaab000
       14359000	       616	800001ca	aaa78793	addi	x15,x15,-1366	 x15:0xaaaab000 x15=0xaaaaaaaa
       14379000	       617	800001ce	9dbe	c.add	x27,x15	 x27:0x8000323c x15:0xaaaaaaaa x27=0x2aaadce6
       14539000	       625	800001d0	002ddd93	srli	x27,x27,0x2	 x27:0x2aaadce6 x27=0x0aaab739
       14599000	       628	800001d4	3bad9073	csrrw	x0,pmpaddr10,x27	 x27:0x0aaab739  x0=0x00000000
       14679000	       632	800001d8	00003d97	auipc	x27,0x3	 x27=0x800031d8
       14779000	       637	800001dc	064d8d93	addi	x27,x27,100	 x27:0x800031d8 x27=0x8000323c
       15079000	       652	800001e0	bbbbc7b7	lui	x15,0xbbbbc	 x15=0xbbbbc000
       15319000	       664	800001e4	bbb78793	addi	x15,x15,-1093	 x15:0xbbbbc000 x15=0xbbbbbbbb
       15339000	       665	800001e8	9dbe	c.add	x27,x15	 x27:0x8000323c x15:0xbbbbbbbb x27=0x3bbbedf7
       15359000	       666	800001ea	002ddd93	srli	x27,x27,0x2	 x27:0x3bbbedf7 x27=0x0eeefb7d
       15379000	       667	800001ee	3bbd9073	csrrw	x0,pmpaddr11,x27	 x27:0x0eeefb7d  x0=0x00000000
       15439000	       670	800001f2	0f0f1db7	lui	x27,0xf0f1	 x27=0x0f0f1000
       15559000	       676	800001f6	f0fd8d93	addi	x27,x27,-241	 x27:0x0f0f1000 x27=0x0f0f0f0f
       15679000	       682	800001fa	3a2d9073	csrrw	x0,pmpcfg2,x27	 x27:0x0f0f0f0f  x0=0x00000000
       15759000	       686	800001fe	00003d97	auipc	x27,0x3	 x27=0x800031fe
       15779000	       687	80000202	03ed8d93	addi	x27,x27,62	 x27:0x800031fe x27=0x8000323c
       15959000	       696	80000206	ccccd7b7	lui	x15,0xccccd	 x15=0xccccd000
       16019000	       699	8000020a	ccc78793	addi	x15,x15,-820	 x15:0xccccd000 x15=0xcccccccc
       16039000	       700	8000020e	9dbe	c.add	x27,x15	 x27:0x8000323c x15:0xcccccccc x27=0x4cccff08
       16059000	       701	80000210	002ddd93	srli	x27,x27,0x2	 x27:0x4cccff08 x27=0x13333fc2
       16079000	       702	80000214	3bcd9073	csrrw	x0,pmpaddr12,x27	 x27:0x13333fc2  x0=0x00000000
       16479000	       722	80000218	00003d97	auipc	x27,0x3	 x27=0x80003218
       16619000	       729	8000021c	024d8d93	addi	x27,x27,36	 x27:0x80003218 x27=0x8000323c
       16979000	       747	80000220	dddde7b7	lui	x15,0xdddde	 x15=0xdddde000
       17099000	       753	80000224	ddd78793	addi	x15,x15,-547	 x15:0xdddde000 x15=0xdddddddd
       17519000	       774	80000228	9dbe	c.add	x27,x15	 x27:0x8000323c x15:0xdddddddd x27=0x5dde1019
       17539000	       775	8000022a	002ddd93	srli	x27,x27,0x2	 x27:0x5dde1019 x27=0x17778406
       17899000	       793	8000022e	3bdd9073	csrrw	x0,pmpaddr13,x27	 x27:0x17778406  x0=0x00000000
       17959000	       796	80000232	00003d97	auipc	x27,0x3	 x27=0x80003232
       18039000	       800	80000236	00ad8d93	addi	x27,x27,10	 x27:0x80003232 x27=0x8000323c
       18059000	       801	8000023a	eeeef7b7	lui	x15,0xeeeef	 x15=0xeeeef000
       18079000	       802	8000023e	eee78793	addi	x15,x15,-274	 x15:0xeeeef000 x15=0xeeeeeeee
       18099000	       803	80000242	9dbe	c.add	x27,x15	 x27:0x8000323c x15:0xeeeeeeee x27=0x6eef212a
       18119000	       804	80000244	002ddd93	srli	x27,x27,0x2	 x27:0x6eef212a x27=0x1bbbc84a
       18139000	       805	80000248	3bed9073	csrrw	x0,pmpaddr14,x27	 x27:0x1bbbc84a  x0=0x00000000
       18339000	       815	8000024c	00003d97	auipc	x27,0x3	 x27=0x8000324c
       18439000	       820	80000250	ff0d8d93	addi	x27,x27,-16	 x27:0x8000324c x27=0x8000323c
       18459000	       821	80000254	fff00793	addi	x15,x0,-1	  x0:0x00000000 x15=0xffffffff
       18479000	       822	80000258	9dbe	c.add	x27,x15	 x27:0x8000323c x15:0xffffffff x27=0x8000323b
       18779000	       837	8000025a	002ddd93	srli	x27,x27,0x2	 x27:0x8000323b x27=0x20000c8e
       19199000	       858	8000025e	3bfd9073	csrrw	x0,pmpaddr15,x27	 x27:0x20000c8e  x0=0x00000000
       19259000	       861	80000262	0f0f1db7	lui	x27,0xf0f1	 x27=0x0f0f1000
       19279000	       862	80000266	f0fd8d93	addi	x27,x27,-241	 x27:0x0f0f1000 x27=0x0f0f0f0f
       19299000	       863	8000026a	3a3d9073	csrrw	x0,pmpcfg3,x27	 x27:0x0f0f0f0f  x0=0x00000000
       19359000	       866	8000026e	00000797	auipc	x15,0x0	 x15=0x8000026e
       19379000	       867	80000272	05878793	addi	x15,x15,88	 x15:0x8000026e x15=0x800002c6
       19399000	       868	80000276	34179073	csrrw	x0,mepc,x15	 x15:0x800002c6  x0=0x00000000
       19499000	       873	8000027a	7c00d073	csrrwi	x0,0x7c0,1	  x0=0x00000000
       19559000	       876	8000027e	4781	c.li	x15,0	 x15=0x00000000
       19679000	       882	80000280	30079073	csrrw	x0,mstatus,x15	 x15:0x00000000  x0=0x00000000
       19739000	       885	80000284	4781	c.li	x15,0	 x15=0x00000000
       19759000	       886	80000286	30479073	csrrw	x0,mie,x15	 x15:0x00000000  x0=0x00000000
       20119000	       904	8000028a	90000137	lui	x2,0x90000	  x2=0x90000000
       20139000	       905	8000028e	1171	c.addi	x2,-4	  x2:0x90000000  x2=0x8ffffffc
       20299000	       913	80000290	90000137	lui	x2,0x90000	  x2=0x90000000
       20319000	       914	80000294	1171	c.addi	x2,-4	  x2:0x90000000  x2=0x8ffffffc
       20339000	       915	80000296	90000137	lui	x2,0x90000	  x2=0x90000000
       20359000	       916	8000029a	1171	c.addi	x2,-4	  x2:0x90000000  x2=0x8ffffffc
       20379000	       917	8000029c	30000793	addi	x15,x0,768	  x0:0x00000000 x15=0x00000300
       20779000	       937	800002a0	07a2	c.slli	x15,0x8	 x15:0x00000300 x15=0x00030000
       20799000	       938	800002a2	078d	c.addi	x15,3	 x15:0x00030000 x15=0x00030003
       20859000	       941	800002a4	c03e	c.swsp	x15,0(x2)	  x2:0x8ffffffc x15:0x00030003 PA:0x8ffffffc store:0x00030003 load:0xffffffff
       20879000	       942	800002a6	300027f3	csrrs	x15,mstatus,x0	  x0:0x00000000 x15=0x00000000
       20899000	       943	800002aa	c03e	c.swsp	x15,0(x2)	  x2:0x8ffffffc x15:0x00000000 PA:0x8ffffffc store:0x00000000 load:0xffffffff
       20919000	       944	800002ac	90000137	lui	x2,0x90000	  x2=0x90000000
       20939000	       945	800002b0	1171	c.addi	x2,-4	  x2:0x90000000  x2=0x8ffffffc
       20959000	       946	800002b2	30400793	addi	x15,x0,772	  x0:0x00000000 x15=0x00000304
       20979000	       947	800002b6	07a2	c.slli	x15,0x8	 x15:0x00000304 x15=0x00030400
       20999000	       948	800002b8	078d	c.addi	x15,3	 x15:0x00030400 x15=0x00030403
       21059000	       951	800002ba	c03e	c.swsp	x15,0(x2)	  x2:0x8ffffffc x15:0x00030403 PA:0x8ffffffc store:0x00030403 load:0xffffffff
       21139000	       955	800002bc	304027f3	csrrs	x15,mie,x0	  x0:0x00000000 x15=0x00000000
       21379000	       967	800002c0	c03e	c.swsp	x15,0(x2)	  x2:0x8ffffffc x15:0x00000000 PA:0x8ffffffc store:0x00000000 load:0xffffffff
       21579000	       977	800002c2	30200073	mret	
       22539000	      1025	800002c6	00300013	addi	x0,x0,3	  x0:0x00000000  x0=0x00000000
       22559000	      1026	800002ca	4099	c.li	x1,6	  x1=0x00000006
       22579000	      1027	800002cc	cf4b5137	lui	x2,0xcf4b5	  x2=0xcf4b5000
       22619000	      1029	800002d0	e8e10113	addi	x2,x2,-370	  x2:0xcf4b5000  x2=0xcf4b4e8e
       22799000	      1038	800002d4	4181	c.li	x3,0	  x3=0x00000000
       22899000	      1043	800002d6	ed36d237	lui	x4,0xed36d	  x4=0xed36d000
       23219000	      1059	800002da	41220213	addi	x4,x4,1042	  x4:0xed36d000  x4=0xed36d412
       23239000	      1060	800002de	1b5082b7	lui	x5,0x1b508	  x5=0x1b508000
       23539000	      1075	800002e2	9c028293	addi	x5,x5,-1600	  x5:0x1b508000  x5=0x1b5079c0
       23559000	      1076	800002e6	ff61d337	lui	x6,0xff61d	  x6=0xff61d000
       23619000	      1079	800002ea	cf830313	addi	x6,x6,-776	  x6:0xff61d000  x6=0xff61ccf8
       31339000	      1465	800002ee	800003b7	lui	x7,0x80000	  x7=0x80000000
       31359000	      1466	800002f2	f7434437	lui	x8,0xf7434	  x8=0xf7434000
       31379000	      1467	800002f6	bf540413	addi	x8,x8,-1035	  x8:0xf7434000  x8=0xf7433bf5
       31399000	      1468	800002fa	800004b7	lui	x9,0x80000	  x9=0x80000000
       31419000	      1469	800002fe	894eb537	lui	x10,0x894eb	 x10=0x894eb000
       31439000	      1470	80000302	cb450513	addi	x10,x10,-844	 x10:0x894eb000 x10=0x894eacb4
       31459000	      1471	80000306	4595	c.li	x11,5	 x11=0x00000005
       31579000	      1477	80000308	c8c3c637	lui	x12,0xc8c3c	 x12=0xc8c3c000
       31699000	      1483	8000030c	5f760613	addi	x12,x12,1527	 x12:0xc8c3c000 x12=0xc8c3c5f7
       31799000	      1488	80000310	46b9	c.li	x13,14	 x13=0x0000000e
       31819000	      1489	80000312	4715	c.li	x14,5	 x14=0x00000005
       31839000	      1490	80000314	47a9	c.li	x15,10	 x15=0x0000000a
       32239000	      1510	80000316	f777f837	lui	x16,0xf777f	 x16=0xf777f000
       32259000	      1511	8000031a	63d80813	addi	x16,x16,1597	 x16:0xf777f000 x16=0xf777f63d
       32279000	      1512	8000031e	4881	c.li	x17,0	 x17=0x00000000
       32419000	      1519	80000320	f7f7a937	lui	x18,0xf7f7a	 x18=0xf7f7a000
       32559000	      1526	80000324	0e590913	addi	x18,x18,229	 x18:0xf7f7a000 x18=0xf7f7a0e5
       32739000	      1535	80000328	f264ca37	lui	x20,0xf264c	 x20=0xf264c000
       32759000	      1536	8000032c	ecda0a13	addi	x20,x20,-307	 x20:0xf264c000 x20=0xf264becd
       33179000	      1557	80000330	4a81	c.li	x21,0	 x21=0x00000000
       33219000	      1559	80000332	fc680b37	lui	x22,0xfc680	 x22=0xfc680000
       33479000	      1572	80000336	801b0b13	addi	x22,x22,-2047	 x22:0xfc680000 x22=0xfc67f801
       33499000	      1573	8000033a	4b81	c.li	x23,0	 x23=0x00000000
       33899000	      1593	8000033c	4c09	c.li	x24,2	 x24=0x00000002
       33919000	      1594	8000033e	81b7fd37	lui	x26,0x81b7f	 x26=0x81b7f000
       33939000	      1595	80000342	6bdd0d13	addi	x26,x26,1725	 x26:0x81b7f000 x26=0x81b7f6bd
       34059000	      1601	80000346	80000db7	lui	x27,0x80000	 x27=0x80000000
       34079000	      1602	8000034a	4e25	c.li	x28,9	 x28=0x00000009
       34399000	      1618	8000034c	4e81	c.li	x29,0	 x29=0x00000000
       34419000	      1619	8000034e	4f29	c.li	x30,10	 x30=0x0000000a
       34439000	      1620	80000350	fe7effb7	lui	x31,0xfe7ef	 x31=0xfe7ef000
       34699000	      1633	80000354	8c7f8f93	addi	x31,x31,-1849	 x31:0xfe7ef000 x31=0xfe7ee8c7
       35019000	      1649	80000358	00022997	auipc	x19,0x22	 x19=0x80022358
       35139000	      1655	8000035c	b0c98993	addi	x19,x19,-1268	 x19:0x80022358 x19=0x80021e64
       35159000	      1656	80000360	90000137	lui	x2,0x90000	  x2=0x90000000
       35579000	      1677	80000364	1171	c.addi	x2,-4	  x2:0x90000000  x2=0x8ffffffc
       35599000	      1678	80000366	4781	c.li	x15,0	 x15=0x00000000
       35999000	      1698	80000368	07a2	c.slli	x15,0x8	 x15:0x00000000 x15=0x00000000
       36119000	      1704	8000036a	00078793	addi	x15,x15,0	 x15:0x00000000 x15=0x00000000
       36379000	      1717	8000036e	c03e	c.swsp	x15,0(x2)	  x2:0x8ffffffc x15:0x00000000 PA:0x8ffffffc store:0x00000000 load:0xffffffff
       36399000	      1718	80000370	6cd0206f	jal	x0,8000323c	  x0=0x00000000
       36859000	      1741	8000323c	86f9	c.srai	x13,0x1e	 x13:0x0000000e x13=0x00000000
       37719000	      1784	8000323e	030f5733	divu	x14,x30,x16	 x30:0x0000000a x16:0xf777f63d x14=0x00000000
       37739000	      1785	80003242	45114013	xori	x0,x2,1105	  x2:0x8ffffffc  x0=0x00000000
       37779000	      1787	80003246	02caa1b3	mulhsu	x3,x21,x12	 x21:0x00000000 x12:0xc8c3c5f7  x3=0x00000000
       37799000	      1788	8000324a	031d1263	bne	x26,x17,8000326e	 x26:0x81b7f6bd x17:0x00000000
       39059000	      1851	8000326e	1fde0e13	addi	x28,x28,509	 x28:0x00000009 x28=0x00000206
       39079000	      1852	80003272	1c16eb93	ori	x23,x13,449	 x13:0x00000000 x23=0x000001c1
       39299000	      1863	80003276	a47d2e93	slti	x29,x26,-1465	 x26:0x81b7f6bd x29=0x00000001
       39319000	      1864	8000327a	05525263	bge	x4,x21,800032be	  x4:0xed36d412 x21:0x00000000
       39359000	      1866	8000327e	039d9fb3	mulh	x31,x27,x25	 x27:0x80000000 x25:0x80025ce4 x31=0x3ffed18e
       39379000	      1867	80003282	8df5	c.and	x11,x13	 x11:0x00000005 x13:0x00000000 x11=0x00000000
       39759000	      1886	80003284	009fb033	sltu	x0,x31,x9	 x31:0x3ffed18e  x9:0x80000000  x0=0x00000000
       39779000	      1887	80003288	02e7d163	bge	x15,x14,800032aa	 x15:0x00000000 x14:0x00000000
       39999000	      1898	800032aa	03dc9463	bne	x25,x29,800032d2	 x25:0x80025ce4 x29:0x00000001
       40759000	      1936	800032d2	01ae6563	bltu	x28,x26,800032dc	 x28:0x00000206 x26:0x81b7f6bd
       41179000	      1957	800032dc	01d7c1b3	xor	x3,x15,x29	 x15:0x00000000 x29:0x00000001  x3=0x00000001
       41519000	      1974	800032e0	9406	c.add	x8,x1	  x8:0xf7433bf5  x1:0x00000006  x8=0xf7433bfb
       41539000	      1975	800032e2	0911	c.addi	x18,4	 x18:0xf7f7a0e5 x18=0xf7f7a0e9
       42339000	      2015	800032e4	03d16833	rem	x16,x2,x29	  x2:0x8ffffffc x29:0x00000001 x16=0x00000000
       42359000	      2016	800032e8	9bbe	c.add	x23,x15	 x23:0x000001c1 x15:0x00000000 x23=0x000001c1
       43099000	      2053	800032ea	0365ce33	div	x28,x11,x22	 x11:0x00000000 x22:0xfc67f801 x28=0x00000000
       43119000	      2054	800032ee	02b6fd63	bgeu	x13,x11,80003328	 x13:0x00000000 x11:0x00000000
       43219000	      2059	80003328	1119c393	xori	x7,x19,273	 x19:0x80021e64  x7=0x80021f75
       43379000	      2067	8000332c	853d	c.srai	x10,0xf	 x10:0x894eacb4 x10=0xffff129d
       43399000	      2068	8000332e	717d	c.addi16sp	x2,-16	  x2:0x8ffffffc  x2=0x8fffffec
       43419000	      2069	80003330	40f08fb3	sub	x31,x1,x15	  x1:0x00000006 x15:0x00000000 x31=0x00000006
       43739000	      2085	80003334	915e	c.add	x2,x23	  x2:0x8fffffec x23:0x000001c1  x2=0x900001ad
       43759000	      2086	80003336	03768d33	mul	x26,x13,x23	 x13:0x00000000 x23:0x000001c1 x26=0x00000000
       43779000	      2087	8000333a	6aa1	c.lui	x21,0x8	 x21=0x00008000
       44039000	      2100	8000333c	4c398813	addi	x16,x19,1219	 x19:0x80021e64 x16=0x80022327
       44219000	      2109	80003340	d1cbb613	sltiu	x12,x23,-740	 x23:0x000001c1 x12=0x00000001
       44239000	      2110	80003344	0001	c.addi	x0,0	  x0:0x00000000  x0=0x00000000
       44259000	      2111	80003346	012244b3	xor	x9,x4,x18	  x4:0xed36d412 x18:0xf7f7a0e9  x9=0x1ac174fb
       44279000	      2112	8000334a	6569	c.lui	x10,0x1a	 x10=0x0001a000
       44299000	      2113	8000334c	00a2ca63	blt	x5,x10,80003360	  x5:0x1b5079c0 x10:0x0001a000
       44319000	      2114	80003350	e6b5de17	auipc	x28,0xe6b5d	 x28=0x66b60350
       44459000	      2121	80003354	efe46d13	ori	x26,x8,-258	  x8:0xf7433bfb x26=0xffffffff
       44479000	      2122	80003358	006b7b63	bgeu	x22,x6,8000336e	 x22:0xfc67f801  x6:0xff61ccf8
       44499000	      2123	8000335c	2537ee13	ori	x28,x15,595	 x15:0x00000000 x28=0x00000253
       44799000	      2138	80003360	0358b033	mulhu	x0,x17,x21	 x17:0x00000000 x21:0x00008000  x0=0x00000000
       44859000	      2141	80003364	008f9763	bne	x31,x8,80003372	 x31:0x00000006  x8:0xf7433bfb
       45879000	      2192	80003372	02477163	bgeu	x14,x4,80003394	 x14:0x00000000  x4:0xed36d412
       46079000	      2202	80003376	019257b3	srl	x15,x4,x25	  x4:0xed36d412 x25:0x80025ce4 x15=0x0ed36d41
       46099000	      2203	8000337a	0001	c.addi	x0,0	  x0:0x00000000  x0=0x00000000
       46119000	      2204	8000337c	498bfa93	andi	x21,x23,1176	 x23:0x000001c1 x21=0x00000080
       46139000	      2205	80003380	413e0933	sub	x18,x28,x19	 x28:0x00000253 x19:0x80021e64 x18=0x7ffde3ef
       46159000	      2206	80003384	8a81	c.andi	x13,0	 x13:0x00000000 x13=0x00000000
       47319000	      2264	80003386	035f6d33	rem	x26,x30,x21	 x30:0x0000000a x21:0x00000080 x26=0x0000000a
       47339000	      2265	8000338a	40ead933	sra	x18,x21,x14	 x21:0x00000080 x14:0x00000000 x18=0x00000080
       47359000	      2266	8000338e	01b1c333	xor	x6,x3,x27	  x3:0x00000001 x27:0x80000000  x6=0x80000001
       47379000	      2267	80003392	57fd	c.li	x15,-1	 x15=0xffffffff
       47419000	      2269	80003394	027f3f33	mulhu	x30,x30,x7	 x30:0x0000000a  x7:0x80021f75 x30=0x00000005
       47439000	      2270	80003398	8ae9	c.andi	x13,26	 x13:0x00000000 x13=0x00000000
       47479000	      2272	8000339a	03248f63	beq	x9,x18,800033d8	  x9:0x1ac174fb x18:0x00000080
       47499000	      2273	8000339e	93aa	c.add	x7,x10	  x7:0x80021f75 x10:0x0001a000  x7=0x8003bf75
       47819000	      2289	800033a0	402455b3	sra	x11,x8,x2	  x8:0xf7433bfb  x2:0x900001ad x11=0xffffba19
       47839000	      2290	800033a4	007ae4b3	or	x9,x21,x7	 x21:0x00000080  x7:0x8003bf75  x9=0x8003bff5
       47859000	      2291	800033a8	005a7e33	and	x28,x20,x5	 x20:0xf264becd  x5:0x1b5079c0 x28=0x124038c0
       47879000	      2292	800033ac	00b36433	or	x8,x6,x11	  x6:0x80000001 x11:0xffffba19  x8=0xffffba19
       48159000	      2306	800033b0	03cf02b3	mul	x5,x30,x28	 x30:0x00000005 x28:0x124038c0  x5=0x5b411bc0
       48179000	      2307	800033b4	0170da93	srli	x21,x1,0x17	  x1:0x00000006 x21=0x00000000
       48299000	      2313	800033b8	0000100f	fence.i	
       48719000	      2334	800033bc	1500	c.addi4spn	x8,x2,672	  x8=0x9000044d
       48739000	      2335	800033be	03ab8a33	mul	x20,x23,x26	 x23:0x000001c1 x26:0x0000000a x20=0x0000118a
       49159000	      2356	800033c2	0ff0000f	fence	iorw,iorw	
       49179000	      2357	800033c6	403dd933	sra	x18,x27,x3	 x27:0x80000000  x3:0x00000001 x18=0xc0000000
       49199000	      2358	800033ca	b8db8e13	addi	x28,x23,-1139	 x23:0x000001c1 x28=0xfffffd4e
       49459000	      2371	800033ce	40398fb3	sub	x31,x19,x3	 x19:0x80021e64  x3:0x00000001 x31=0x80021e63
       49479000	      2372	800033d2	8d81	c.sub	x11,x8	 x11:0xffffba19  x8:0x9000044d x11=0x6fffb5cc
       49499000	      2373	800033d4	002088b3	add	x17,x1,x2	  x1:0x00000006  x2:0x900001ad x17=0x900001b3
       49619000	      2379	800033d8	02aaf463	bgeu	x21,x10,80003400	 x21:0x00000000 x10:0x0001a000
       49799000	      2388	800033dc	02d49433	mulh	x8,x9,x13	  x9:0x8003bff5 x13:0x00000000  x8=0x00000000
       50539000	      2425	800033e0	02975633	divu	x12,x14,x9	 x14:0x00000000  x9:0x8003bff5 x12=0x00000000
       50559000	      2426	800033e4	0161e463	bltu	x3,x22,800033ec	  x3:0x00000001 x22:0xfc67f801
       50919000	      2444	800033ec	7b332193	slti	x3,x6,1971	  x6:0x80000001  x3=0x00000001
       50939000	      2445	800033f0	9a7d	c.andi	x12,-1	 x12:0x00000000 x12=0x00000000
       50959000	      2446	800033f2	01b1db93	srli	x23,x3,0x1b	  x3:0x00000001 x23=0x00000000
       50979000	      2447	800033f6	918e	c.add	x3,x3	  x3:0x00000001  x3:0x00000001  x3=0x00000002
       50999000	      2448	800033f8	04831463	bne	x6,x8,80003440	  x6:0x80000001  x8:0x00000000
       51479000	      2472	80003440	030c7163	bgeu	x24,x16,80003462	 x24:0x00000002 x16:0x80022327
       52319000	      2514	80003444	026df2b3	remu	x5,x27,x6	 x27:0x80000000  x6:0x80000001  x5=0x80000000
       52339000	      2515	80003448	91836393	ori	x7,x6,-1768	  x6:0x80000001  x7=0xfffff919
       52359000	      2516	8000344c	03116e63	bltu	x2,x17,80003488	  x2:0x900001ad x17:0x900001b3
       52439000	      2520	80003488	8d35	c.xor	x10,x13	 x10:0x0001a000 x13:0x00000000 x10=0x0001a000
       52459000	      2521	8000348a	c31be493	ori	x9,x23,-975	 x23:0x00000000  x9=0xfffffc31
       52719000	      2534	8000348e	40665f33	sra	x30,x12,x6	 x12:0x00000000  x6:0x80000001 x30=0x00000000
       52739000	      2535	80003492	4144d233	sra	x4,x9,x20	  x9:0xfffffc31 x20:0x0000118a  x4=0xffffffff
       52779000	      2537	80003496	02aa9733	mulh	x14,x21,x10	 x21:0x00000000 x10:0x0001a000 x14=0x00000000
       52959000	      2546	8000349a	1a984093	xori	x1,x16,425	 x16:0x80022327  x1=0x8002228e
       53159000	      2556	8000349e	002f0633	add	x12,x30,x2	 x30:0x00000000  x2:0x900001ad x12=0x900001ad
       53179000	      2557	800034a2	8d89	c.sub	x11,x10	 x11:0x6fffb5cc x10:0x0001a000 x11=0x6ffe15cc
       53199000	      2558	800034a4	1b04	c.addi4spn	x9,x2,432	  x9=0x9000035d
       53219000	      2559	800034a6	81c6	c.mv	x3,x17	  x0:0x00000000 x17:0x900001b3  x3=0x900001b3
       53559000	      2576	800034a8	8d49	c.or	x10,x10	 x10:0x0001a000 x10:0x0001a000 x10=0x0001a000
       53579000	      2577	800034aa	00184363	blt	x16,x1,800034b0	 x16:0x80022327  x1:0x8002228e
       53599000	      2578	800034ae	8e35	c.xor	x12,x13	 x12:0x900001ad x13:0x00000000 x12=0x900001ad
       53999000	      2598	800034b0	47475897	auipc	x17,0x47475	 x17=0xc74784b0
       54419000	      2619	800034b4	007e6863	bltu	x28,x7,800034c4	 x28:0xfffffd4e  x7:0xfffff919
       54439000	      2620	800034b8	01f29413	slli	x8,x5,0x1f	  x5:0x80000000  x8=0x00000000
       54599000	      2628	800034bc	f6437813	andi	x16,x6,-156	  x6:0x80000001 x16=0x80000000
       54619000	      2629	800034c0	df45ab97	auipc	x23,0xdf45a	 x23=0x5f45d4c0
       55419000	      2669	800034c4	033a7333	remu	x6,x20,x19	 x20:0x0000118a x19:0x80021e64  x6=0x0000118a
       55439000	      2670	800034c8	03a09a63	bne	x1,x26,800034fc	  x1:0x8002228e x26:0x0000000a
       55599000	      2678	800034fc	41f0d513	srai	x10,x1,0x1f	  x1:0x8002228e x10=0xffffffff
       55759000	      2686	80003500	1afd	c.addi	x21,-1	 x21:0x00000000 x21=0xffffffff
       55779000	      2687	80003502	0001	c.addi	x0,0	  x0:0x00000000  x0=0x00000000
       55819000	      2689	80003504	6e47be93	sltiu	x29,x15,1764	 x15:0xffffffff x29=0x00000000
       55879000	      2692	80003508	03949e33	mulh	x28,x9,x25	  x9:0x9000035d x25:0x80025ce4 x28=0x37fef5ad
       55899000	      2693	8000350c	011433b3	sltu	x7,x8,x17	  x8:0x00000000 x17:0xc74784b0  x7=0x00000001
       55919000	      2694	80003510	01e86f33	or	x30,x16,x30	 x16:0x80000000 x30:0x00000000 x30=0x80000000
       56899000	      2743	80003514	029dc033	div	x0,x27,x9	 x27:0x80000000  x9:0x9000035d  x0=0x00000000
       56919000	      2744	80003518	0ff0000f	fence	iorw,iorw	
       56959000	      2746	8000351c	0208d933	divu	x18,x17,x0	 x17:0xc74784b0  x0:0x00000000 x18=0xffffffff
       56979000	      2747	80003520	8fcd	c.or	x15,x11	 x15:0xffffffff x11:0x6ffe15cc x15=0xffffffff
       56999000	      2748	80003522	60293393	sltiu	x7,x18,1538	 x18:0xffffffff  x7=0x00000000
       57019000	      2749	80003526	0000100f	fence.i	
       57079000	      2752	8000352a	e39d	c.bnez	x15,80003550	 x15:0xffffffff
       57939000	      2795	80003550	03a86633	rem	x12,x16,x26	 x16:0x80000000 x26:0x0000000a x12=0xfffffff8
       57959000	      2796	80003554	07da	c.slli	x15,0x16	 x15:0xffffffff x15=0xffc00000
       58699000	      2833	80003556	0334e433	rem	x8,x9,x19	  x9:0x9000035d x19:0x80021e64  x8=0x9000035d
       67319000	      3264	8000355a	0248fa33	remu	x20,x17,x4	 x17:0xc74784b0  x4:0xffffffff x20=0xc74784b0
       67339000	      3265	8000355e	9d4e	c.add	x26,x19	 x26:0x0000000a x19:0x80021e64 x26=0x80021e6e
       67359000	      3266	80003560	023ede63	bge	x29,x3,8000359c	 x29:0x00000000  x3:0x900001b3
       67439000	      3270	8000359c	000dda13	srli	x20,x27,0x0	 x27:0x80000000 x20=0x80000000
       68599000	      3328	800035a0	02984633	div	x12,x16,x9	 x16:0x80000000  x9:0x9000035d x12=0x00000001
       68619000	      3329	800035a4	02d85e63	bge	x16,x13,800035e0	 x16:0x80000000 x13:0x00000000
       69359000	      3366	800035a8	02934c33	div	x24,x6,x9	  x6:0x0000118a  x9:0x9000035d x24=0x00000000
       69379000	      3367	800035ac	8c2d	c.xor	x8,x11	  x8:0x9000035d x11:0x6ffe15cc  x8=0xfffe1691
       69399000	      3368	800035ae	67c9	c.lui	x15,0x12	 x15=0x00012000
       69419000	      3369	800035b0	41288533	sub	x10,x17,x18	 x17:0xc74784b0 x18:0xffffffff x10=0xc74784b1
       69439000	      3370	800035b4	027ef863	bgeu	x29,x7,800035e4	 x29:0x00000000  x7:0x00000000
       70159000	      3406	800035e4	0277ed63	bltu	x15,x7,8000361e	 x15:0x00012000  x7:0x00000000
       70599000	      3428	800035e8	c710ce17	auipc	x28,0xc710c	 x28=0x4710f5e8
       70739000	      3435	800035ec	03a407b3	mul	x15,x8,x26	  x8:0xfffe1691 x26:0x80021e6e x15=0x72f4b04e
       71159000	      3456	800035f0	4931	c.li	x18,12	 x18=0x0000000c
       71179000	      3457	800035f2	8e49	c.or	x12,x10	 x12:0x00000001 x10:0xc74784b1 x12=0xc74784b1
       71199000	      3458	800035f4	03776563	bltu	x14,x23,8000361e	 x14:0x00000000 x23:0x5f45d4c0
       72759000	      3536	8000361e	02ad6e33	rem	x28,x26,x10	 x26:0x80021e6e x10:0xc74784b1 x28=0xf173150c
       72779000	      3537	80003622	0001	c.addi	x0,0	  x0:0x00000000  x0=0x00000000
       73519000	      3574	80003624	036bc033	div	x0,x23,x22	 x23:0x5f45d4c0 x22:0xfc67f801  x0=0x00000000
       73539000	      3575	80003628	41ec5533	sra	x10,x24,x30	 x24:0x00000000 x30:0x80000000 x10=0x00000000
       73559000	      3576	8000362c	8fdd	c.or	x15,x15	 x15:0x72f4b04e x15:0x72f4b04e x15=0x72f4b04e
       73579000	      3577	8000362e	f3da8113	addi	x2,x21,-195	 x21:0xffffffff  x2=0xffffff3c
       73599000	      3578	80003632	03338b33	mul	x22,x7,x19	  x7:0x00000000 x19:0x80021e64 x22=0x00000000
       73619000	      3579	80003636	8d81	c.sub	x11,x8	 x11:0x6ffe15cc  x8:0xfffe1691 x11=0x6fffff3b
       73639000	      3580	80003638	c5c98d13	addi	x26,x19,-932	 x19:0x80021e64 x26=0x80021ac0
       73659000	      3581	8000363c	197d	c.addi	x18,-1	 x18:0x0000000c x18=0x0000000b
       73779000	      3587	8000363e	407f5113	srai	x2,x30,0x7	 x30:0x80000000  x2=0xff000000
       73819000	      3589	80003642	03ab8b63	beq	x23,x26,80003678	 x23:0x5f45d4c0 x26:0x80021ac0
       74059000	      3601	80003646	70e8f293	andi	x5,x17,1806	 x17:0xc74784b0  x5=0x00000400
       74179000	      3607	8000364a	038a61b3	rem	x3,x20,x24	 x20:0x80000000 x24:0x00000000  x3=0x80000000
       74259000	      3611	8000364e	004a42b3	xor	x5,x20,x4	 x20:0x80000000  x4:0xffffffff  x5=0x7fffffff
       74379000	      3617	80003652	017ebab3	sltu	x21,x29,x23	 x29:0x00000000 x23:0x5f45d4c0 x21=0x00000001
       74399000	      3618	80003656	9ab6	c.add	x21,x13	 x21:0x00000001 x13:0x00000000 x21=0x00000001
       74799000	      3638	80003658	02674c63	blt	x14,x6,80003690	 x14:0x00000000  x6:0x0000118a
       75099000	      3653	80003690	02983a33	mulhu	x20,x16,x9	 x16:0x80000000  x9:0x9000035d x20=0x480001ae
       75159000	      3656	80003694	03dfc5b3	div	x11,x31,x29	 x31:0x80021e63 x29:0x00000000 x11=0xffffffff
       75219000	      3659	80003698	01bd9863	bne	x27,x27,800036a8	 x27:0x80000000 x27:0x80000000
       75239000	      3660	8000369c	0000100f	fence.i	
       75959000	      3696	800036a0	00d03633	sltu	x12,x0,x13	  x0:0x00000000 x13:0x00000000 x12=0x00000000
       76019000	      3699	800036a4	011a58b3	srl	x17,x20,x17	 x20:0x480001ae x17:0xc74784b0 x17=0x00004800
       76799000	      3738	800036a8	037ed133	divu	x2,x29,x23	 x29:0x00000000 x23:0x5f45d4c0  x2=0x00000000
       76819000	      3739	800036ac	01544c63	blt	x8,x21,800036c4	  x8:0xfffe1691 x21:0x00000001
       76899000	      3743	800036c4	e1deee93	ori	x29,x29,-483	 x29:0x00000000 x29=0xfffffe1d
       76959000	      3746	800036c8	0000100f	fence.i	
       77319000	      3764	800036cc	e4a1	c.bnez	x9,80003714	  x9:0x9000035d
       77599000	      3778	80003714	617d	c.addi16sp	x2,496	  x2:0x00000000  x2=0x000001f0
       77619000	      3779	80003716	0001	c.addi	x0,0	  x0:0x00000000  x0=0x00000000
       77639000	      3780	80003718	00e165b3	or	x11,x2,x14	  x2:0x000001f0 x14:0x00000000 x11=0x000001f0
       77659000	      3781	8000371c	01638e33	add	x28,x7,x22	  x7:0x00000000 x22:0x00000000 x28=0x00000000
       77679000	      3782	80003720	581ffe97	auipc	x29,0x581ff	 x29=0xd8202720
       77999000	      3798	80003724	03d98c33	mul	x24,x19,x29	 x19:0x80021e64 x29:0xd8202720 x24=0x7f650880
       78059000	      3801	80003728	b92eda17	auipc	x20,0xb92ed	 x20=0x392f0728
       78079000	      3802	8000372c	00f96563	bltu	x18,x15,80003736	 x18:0x0000000b x15:0x72f4b04e
       78599000	      3828	80003736	02f836b3	mulhu	x13,x16,x15	 x16:0x80000000 x15:0x72f4b04e x13=0x397a5827
       78619000	      3829	8000373a	0ff0000f	fence	iorw,iorw	
       78979000	      3847	8000373e	01d96663	bltu	x18,x29,8000374a	 x18:0x0000000b x29:0xd8202720
       80159000	      3906	8000374a	41cd8d33	sub	x26,x27,x28	 x27:0x80000000 x28:0x00000000 x26=0x80000000
       80179000	      3907	8000374e	002797b3	sll	x15,x15,x2	 x15:0x72f4b04e  x2:0x000001f0 x15=0xb04e0000
       80199000	      3908	80003752	00fe1293	slli	x5,x28,0xf	 x28:0x00000000  x5=0x00000000
       80579000	      3927	80003756	01bbc363	blt	x23,x27,8000375c	 x23:0x5f45d4c0 x27:0x80000000
       80599000	      3928	8000375a	717d	c.addi16sp	x2,-16	  x2:0x000001f0  x2=0x000001e0
       80879000	      3942	8000375c	ba0ec493	xori	x9,x29,-1120	 x29:0xd8202720  x9=0x27dfdc80
       81019000	      3949	80003760	0115a633	slt	x12,x11,x17	 x11:0x000001f0 x17:0x00004800 x12=0x00000001
       81039000	      3950	80003764	6879	c.lui	x16,0x1e	 x16=0x0001e000
       81779000	      3987	80003766	037aebb3	rem	x23,x21,x23	 x21:0x00000001 x23:0x5f45d4c0 x23=0x00000001
       81799000	      3988	8000376a	8df2a293	slti	x5,x5,-1825	  x5:0x00000000  x5=0x00000000
       81819000	      3989	8000376e	8f99	c.sub	x15,x14	 x15:0xb04e0000 x14:0x00000000 x15=0xb04e0000
       81839000	      3990	80003770	028c0763	beq	x24,x8,8000379e	 x24:0x7f650880  x8:0xfffe1691
       81859000	      3991	80003774	0c8c	c.addi4spn	x11,x2,592	 x11=0x00000430
       81879000	      3992	80003776	517d	c.li	x2,-1	  x2=0xffffffff
       81899000	      3993	80003778	00daad33	slt	x26,x21,x13	 x21:0x00000001 x13:0x397a5827 x26=0x00000001
       81919000	      3994	8000377c	971a	c.add	x14,x6	 x14:0x00000000  x6:0x0000118a x14=0x0000118a
       81939000	      3995	8000377e	4180d2b3	sra	x5,x1,x24	  x1:0x8002228e x24:0x7f650880  x5=0x8002228e
       82019000	      3999	80003782	03047d63	bgeu	x8,x16,800037bc	  x8:0xfffe1691 x16:0x0001e000
       82359000	      4016	800037bc	0001	c.addi	x0,0	  x0:0x00000000  x0=0x00000000
       82519000	      4024	800037be	0ff0000f	fence	iorw,iorw	
       82859000	      4041	800037c2	00df6eb3	or	x29,x30,x13	 x30:0x80000000 x13:0x397a5827 x29=0xb97a5827
       82879000	      4042	800037c6	00c65e63	bge	x12,x12,800037e2	 x12:0x00000001 x12:0x00000001
       82979000	      4047	800037e2	006ab633	sltu	x12,x21,x6	 x21:0x00000001  x6:0x0000118a x12=0x00000001
       82999000	      4048	800037e6	01ea8863	beq	x21,x30,800037f6	 x21:0x00000001 x30:0x80000000
       84139000	      4105	800037ea	025d4933	div	x18,x26,x5	 x26:0x00000001  x5:0x8002228e x18=0x00000000
       84159000	      4106	800037ee	037c8ab3	mul	x21,x25,x23	 x25:0x80025ce4 x23:0x00000001 x21=0x80025ce4
       84199000	      4108	800037f2	03b994b3	mulh	x9,x19,x27	 x19:0x80021e64 x27:0x80000000  x9=0x3ffef0ce
       84219000	      4109	800037f6	05741163	bne	x8,x23,80003838	  x8:0xfffe1691 x23:0x00000001
       84339000	      4115	80003838	0188f8b3	and	x17,x17,x24	 x17:0x00004800 x24:0x7f650880 x17=0x00000800
       84359000	      4116	8000383c	0060e633	or	x12,x1,x6	  x1:0x8002228e  x6:0x0000118a x12=0x8002338e
       84379000	      4117	80003840	005ae833	or	x16,x21,x5	 x21:0x80025ce4  x5:0x8002228e x16=0x80027eee
       84399000	      4118	80003844	009165b3	or	x11,x2,x9	  x2:0xffffffff  x9:0x3ffef0ce x11=0xffffffff
       84419000	      4119	80003848	8dad	c.xor	x11,x11	 x11:0xffffffff x11:0xffffffff x11=0x00000000
       84439000	      4120	8000384a	8ff5	c.and	x15,x13	 x15:0xb04e0000 x13:0x397a5827 x15=0x304a0000
       84459000	      4121	8000384c	40eb8433	sub	x8,x23,x14	 x23:0x00000001 x14:0x0000118a  x8=0xffffee77
       85359000	      4166	80003850	037af533	remu	x10,x21,x23	 x21:0x80025ce4 x23:0x00000001 x10=0x00000000
       85379000	      4167	80003854	0001	c.addi	x0,0	  x0:0x00000000  x0=0x00000000
       86119000	      4204	80003856	03a15033	divu	x0,x2,x26	  x2:0xffffffff x26:0x00000001  x0=0x00000000
       86859000	      4241	8000385a	025eeeb3	rem	x29,x29,x5	 x29:0xb97a5827  x5:0x8002228e x29=0xb97a5827
       86879000	      4242	8000385e	87e1	c.srai	x15,0x18	 x15:0x304a0000 x15=0x00000030
       87619000	      4279	80003860	03be56b3	divu	x13,x28,x27	 x28:0x00000000 x27:0x80000000 x13=0x00000000
       87639000	      4280	80003864	8d75	c.and	x10,x13	 x10:0x00000000 x13:0x00000000 x10=0x00000000
       87659000	      4281	80003866	60cd	c.lui	x1,0x13	  x1=0x00013000
       87679000	      4282	80003868	011eb433	sltu	x8,x29,x17	 x29:0xb97a5827 x17:0x00000800  x8=0x00000000
       87699000	      4283	8000386c	018fec33	or	x24,x31,x24	 x31:0x80021e63 x24:0x7f650880 x24=0xff671ee3
       87719000	      4284	80003870	4315	c.li	x6,5	  x6=0x00000005
       87739000	      4285	80003872	8db5	c.xor	x11,x13	 x11:0x00000000 x13:0x00000000 x11=0x00000000
       88479000	      4322	80003874	03b253b3	divu	x7,x4,x27	  x4:0xffffffff x27:0x80000000  x7=0x00000001
       88499000	      4323	80003878	15014c13	xori	x24,x2,336	  x2:0xffffffff x24=0xfffffeaf
       88519000	      4324	8000387c	00109133	sll	x2,x1,x1	  x1:0x00013000  x1:0x00013000  x2=0x00013000
       89339000	      4365	80003880	02eee0b3	rem	x1,x29,x14	 x29:0xb97a5827 x14:0x0000118a  x1=0xffffee83
       89359000	      4366	80003884	008d9863	bne	x27,x8,80003894	 x27:0x80000000  x8:0x00000000
       89399000	      4368	80003894	01d87863	bgeu	x16,x29,800038a4	 x16:0x80027eee x29:0xb97a5827
       89859000	      4391	80003898	0ff0000f	fence	iorw,iorw	
       90039000	      4400	8000389c	028d7d33	remu	x26,x26,x8	 x26:0x00000001  x8:0x00000000 x26=0x00000001
       90059000	      4401	800038a0	407a0c33	sub	x24,x20,x7	 x20:0x392f0728  x7:0x00000001 x24=0x392f0727
       90079000	      4402	800038a4	019bdd33	srl	x26,x23,x25	 x23:0x00000001 x25:0x80025ce4 x26=0x00000000
       90819000	      4439	800038a8	0224df33	divu	x30,x9,x2	  x9:0x3ffef0ce  x2:0x00013000 x30=0x000035e4
       90839000	      4440	800038ac	c08d	c.beqz	x9,800038ce	  x9:0x3ffef0ce
       90859000	      4441	800038ae	0000100f	fence.i	
       91479000	      4472	800038b2	0000c533	xor	x10,x1,x0	  x1:0xffffee83  x0:0x00000000 x10=0xffffee83
       91499000	      4473	800038b6	67d1	c.lui	x15,0x14	 x15=0x00014000
       91599000	      4478	800038b8	01c61d13	slli	x26,x12,0x1c	 x12:0x8002338e x26=0xe0000000
       91799000	      4488	800038bc	0163da63	bge	x7,x22,800038d0	  x7:0x00000001 x22:0x00000000
       92459000	      4521	800038d0	8beb4f93	xori	x31,x22,-1858	 x22:0x00000000 x31=0xfffff8be
       92479000	      4522	800038d4	01eb1413	slli	x8,x22,0x1e	 x22:0x00000000  x8=0x00000000
       92879000	      4542	800038d8	03f66063	bltu	x12,x31,800038f8	 x12:0x8002338e x31:0xfffff8be
       93299000	      4563	800038f8	00899113	slli	x2,x19,0x8	 x19:0x80021e64  x2=0x021e6400
       93719000	      4584	800038fc	0026c3b3	xor	x7,x13,x2	 x13:0x00000000  x2:0x021e6400  x7=0x021e6400
       93739000	      4585	80003900	0164fd63	bgeu	x9,x22,8000391a	  x9:0x3ffef0ce x22:0x00000000
       94519000	      4624	8000391a	d9aa7893	andi	x17,x20,-614	 x20:0x392f0728 x17=0x392f0508
       94939000	      4645	8000391e	01e59d33	sll	x26,x11,x30	 x11:0x00000000 x30:0x000035e4 x26=0x00000000
       94959000	      4646	80003922	e409	c.bnez	x8,8000392c	  x8:0x00000000
       94979000	      4647	80003924	01ceefb3	or	x31,x29,x28	 x29:0xb97a5827 x28:0x00000000 x31=0xb97a5827
       94999000	      4648	80003928	03c25463	bge	x4,x28,80003950	  x4:0xffffffff x28:0x00000000
       95019000	      4649	8000392c	0bfe	c.slli	x23,0x1f	 x23:0x00000001 x23=0x80000000
       95099000	      4653	8000392e	03aaf3b3	remu	x7,x21,x26	 x21:0x80025ce4 x26:0x00000000  x7=0x80025ce4
       95119000	      4654	80003932	03970b63	beq	x14,x25,80003968	 x14:0x0000118a x25:0x80025ce4
       95139000	      4655	80003936	8d21	c.xor	x10,x8	 x10:0xffffee83  x8:0x00000000 x10=0xffffee83
       95159000	      4656	80003938	02e30eb3	mul	x29,x6,x14	  x6:0x00000005 x14:0x0000118a x29=0x000057b2
       95259000	      4661	8000393c	04ba	c.slli	x9,0xe	  x9:0x3ffef0ce  x9=0xbc338000
       95679000	      4682	8000393e	034c1363	bne	x24,x20,80003964	 x24:0x392f0727 x20:0x392f0728
       96759000	      4736	80003964	03287e63	bgeu	x16,x18,800039a0	 x16:0x80027eee x18:0x00000000
       97039000	      4750	800039a0	0278f563	bgeu	x17,x7,800039ca	 x17:0x392f0508  x7:0x80025ce4
       97059000	      4751	800039a4	603e2093	slti	x1,x28,1539	 x28:0x00000000  x1=0x00000001
       97159000	      4756	800039a8	8cc9	c.or	x9,x10	  x9:0xbc338000 x10:0xffffee83  x9=0xffffee83
       97179000	      4757	800039aa	0446	c.slli	x8,0x11	  x8:0x00000000  x8=0x00000000
       97199000	      4758	800039ac	06b5	c.addi	x13,13	 x13:0x00000000 x13=0x0000000d
       97219000	      4759	800039ae	00510263	beq	x2,x5,800039b2	  x2:0x021e6400  x5:0x8002228e
       97299000	      4763	800039b2	00c384b3	add	x9,x7,x12	  x7:0x80025ce4 x12:0x8002338e  x9=0x00049072
       97319000	      4764	800039b6	6e9d4013	xori	x0,x26,1769	 x26:0x00000000  x0=0x00000000
       97339000	      4765	800039ba	028f7663	bgeu	x30,x8,800039e6	 x30:0x000035e4  x8:0x00000000
       97999000	      4798	800039e6	04486063	bltu	x16,x4,80003a26	 x16:0x80027eee  x4:0xffffffff
       99259000	      4861	80003a26	03d06b33	rem	x22,x0,x29	  x0:0x00000000 x29:0x000057b2 x22=0x00000000
       99299000	      4863	80003a2a	037b98b3	mulh	x17,x23,x23	 x23:0x80000000 x23:0x80000000 x17=0x40000000
       99319000	      4864	80003a2e	0066e733	or	x14,x13,x6	 x13:0x0000000d  x6:0x00000005 x14=0x0000000d
       99339000	      4865	80003a32	9a7d	c.andi	x12,-1	 x12:0x8002338e x12=0x8002338e
       99359000	      4866	80003a34	40a5	c.li	x1,9	  x1=0x00000009
       99379000	      4867	80003a36	0b80	c.addi4spn	x8,x2,464	  x8=0x021e65d0
       99399000	      4868	80003a38	8c09	c.sub	x8,x10	  x8:0x021e65d0 x10:0xffffee83  x8=0x021e774d
       99419000	      4869	80003a3a	02f1fa63	bgeu	x3,x15,80003a6e	  x3:0x80000000 x15:0x00014000
      100759000	      4936	80003a6e	014ad793	srli	x15,x21,0x14	 x21:0x80025ce4 x15=0x00000800
      100779000	      4937	80003a72	0001	c.addi	x0,0	  x0:0x00000000  x0=0x00000000
      100799000	      4938	80003a74	8e29	c.xor	x12,x10	 x12:0x8002338e x10:0xffffee83 x12=0x7ffddd0d
      100819000	      4939	80003a76	0ff0000f	fence	iorw,iorw	
      100859000	      4941	80003a7a	00ef76b3	and	x13,x30,x14	 x30:0x000035e4 x14:0x0000000d x13=0x00000004
      100879000	      4942	80003a7e	88e5	c.andi	x9,25	  x9:0x00049072  x9=0x00000010
      100899000	      4943	80003a80	03cad363	bge	x21,x28,80003aa6	 x21:0x80025ce4 x28:0x00000000
      101299000	      4963	80003a84	01d6da93	srli	x21,x13,0x1d	 x13:0x00000004 x21=0x00000000
      101459000	      4971	80003a88	9425a393	slti	x7,x11,-1726	 x11:0x00000000  x7=0x00000000
      101699000	      4983	80003a8c	8cbd	c.xor	x9,x15	  x9:0x00000010 x15:0x00000800  x9=0x00000810
      101719000	      4984	80003a8e	ef01	c.bnez	x14,80003aa6	 x14:0x0000000d
      102339000	      5015	80003aa6	413c8233	sub	x4,x25,x19	 x25:0x80025ce4 x19:0x80021e64  x4=0x00003e80
      102759000	      5036	80003aaa	0000100f	fence.i	
      107099000	      5253	80003aae	01e25263	bge	x4,x30,80003ab2	  x4:0x00003e80 x30:0x000035e4
      108119000	      5304	80003ab2	02d05a33	divu	x20,x0,x13	  x0:0x00000000 x13:0x00000004 x20=0x00000000
      108139000	      5305	80003ab6	7a1e0813	addi	x16,x28,1953	 x28:0x00000000 x16=0x000007a1
      108159000	      5306	80003aba	06fe	c.slli	x13,0x1f	 x13:0x00000004 x13=0x00000000
      108959000	      5346	80003abc	025ff0b3	remu	x1,x31,x5	 x31:0xb97a5827  x5:0x8002228e  x1=0x39783599
      108979000	      5347	80003ac0	8799	c.srai	x15,0x6	 x15:0x00000800 x15=0x00000020
      108999000	      5348	80003ac2	ef8d	c.bnez	x15,80003afc	 x15:0x00000020
      109639000	      5380	80003afc	03161e63	bne	x12,x17,80003b38	 x12:0x7ffddd0d x17:0x40000000
      110259000	      5411	80003b38	02f61ab3	mulh	x21,x12,x15	 x12:0x7ffddd0d x15:0x00000020 x21=0x0000000f
      110279000	      5412	80003b3c	850f1297	auipc	x5,0x850f1	  x5=0x050f4b3c
      110319000	      5414	80003b40	02b268b3	rem	x17,x4,x11	  x4:0x00003e80 x11:0x00000000 x17=0x00003e80
      110519000	      5424	80003b44	40705193	srai	x3,x0,0x7	  x0:0x00000000  x3=0x00000000
      110559000	      5426	80003b48	00f4c0b3	xor	x1,x9,x15	  x9:0x00000810 x15:0x00000020  x1=0x00000830
      110599000	      5428	80003b4c	037a9d33	mulh	x26,x21,x23	 x21:0x0000000f x23:0x80000000 x26=0xfffffff8
      111339000	      5465	80003b50	021c5eb3	divu	x29,x24,x1	 x24:0x392f0727  x1:0x00000830 x29=0x0006fbf9
      111359000	      5466	80003b54	01191433	sll	x8,x18,x17	 x18:0x00000000 x17:0x00003e80  x8=0x00000000
      112099000	      5503	80003b58	03797e33	remu	x28,x18,x23	 x18:0x00000000 x23:0x80000000 x28=0x00000000
      112119000	      5504	80003b5c	4d35	c.li	x26,13	 x26=0x0000000d
      112139000	      5505	80003b5e	000ca833	slt	x16,x25,x0	 x25:0x80025ce4  x0:0x00000000 x16=0x00000001
      112159000	      5506	80003b62	8fe2	c.mv	x31,x24	  x0:0x00000000 x24:0x392f0727 x31=0x392f0727
      112199000	      5508	80003b64	037c2733	mulhsu	x14,x24,x23	 x24:0x392f0727 x23:0x80000000 x14=0x1c978393
      112219000	      5509	80003b68	8d0a	c.mv	x26,x2	  x0:0x00000000  x2:0x021e6400 x26=0x021e6400
      112239000	      5510	80003b6a	9bfd	c.andi	x15,-1	 x15:0x00000020 x15=0x00000020
      112259000	      5511	80003b6c	e099	c.bnez	x9,80003b72	  x9:0x00000810
      112599000	      5528	80003b72	03977163	bgeu	x14,x25,80003b94	 x14:0x1c978393 x25:0x80025ce4
      112619000	      5529	80003b76	0001	c.addi	x0,0	  x0:0x00000000  x0=0x00000000
      112699000	      5533	80003b78	017f4233	xor	x4,x30,x23	 x30:0x000035e4 x23:0x80000000  x4=0x800035e4
      112859000	      5541	80003b7c	0094b433	sltu	x8,x9,x9	  x9:0x00000810  x9:0x00000810  x8=0x00000000
      113059000	      5551	80003b80	0000100f	fence.i	
      113519000	      5574	80003b84	0354b733	mulhu	x14,x9,x21	  x9:0x00000810 x21:0x0000000f x14=0x00000000
      113919000	      5594	80003b88	57dcab93	slti	x23,x25,1405	 x25:0x80025ce4 x23=0x00000001
      114079000	      5602	80003b8c	717d	c.addi16sp	x2,-16	  x2:0x021e6400  x2=0x021e63f0
      114099000	      5603	80003b8e	8ebd	c.xor	x13,x15	 x13:0x00000000 x15:0x00000020 x13=0x00000020
      114119000	      5604	80003b90	004c22b3	slt	x5,x24,x4	 x24:0x392f0727  x4:0x800035e4  x5=0x00000000
      114479000	      5622	80003b94	d564fe13	andi	x28,x9,-682	  x9:0x00000810 x28=0x00000810
      114899000	      5643	80003b98	046a	c.slli	x8,0x1a	  x8:0x00000000  x8=0x00000000
      114919000	      5644	80003b9a	877d	c.srai	x14,0x1f	 x14:0x00000000 x14=0x00000000
      114939000	      5645	80003b9c	03b60a63	beq	x12,x27,80003bd0	 x12:0x7ffddd0d x27:0x80000000
      115019000	      5649	80003ba0	017fd463	bge	x31,x23,80003ba8	 x31:0x392f0727 x23:0x00000001
      115659000	      5681	80003ba8	ec09	c.bnez	x8,80003bc2	  x8:0x00000000
      115979000	      5697	80003baa	03615263	bge	x2,x22,80003bce	  x2:0x021e63f0 x22:0x00000000
      116939000	      5745	80003bce	6c15	c.lui	x24,0x5	 x24=0x00005000
      116959000	      5746	80003bd0	016a4963	blt	x20,x22,80003be2	 x20:0x00000000 x22:0x00000000
      116979000	      5747	80003bd4	405c5933	sra	x18,x24,x5	 x24:0x00005000  x5:0x00000000 x18=0x00005000
      117139000	      5755	80003bd8	8a56	c.mv	x20,x21	  x0:0x00000000 x21:0x0000000f x20=0x0000000f
      117179000	      5757	80003bda	039513b3	mulh	x7,x10,x25	 x10:0xffffee83 x25:0x80025ce4  x7=0x000008be
      117199000	      5758	80003bde	009a10b3	sll	x1,x20,x9	 x20:0x0000000f  x9:0x00000810  x1=0x000f0000
      117219000	      5759	80003be2	4cdd3b13	sltiu	x22,x26,1229	 x26:0x021e6400 x22=0x00000000
      117299000	      5763	80003be6	00b7dc63	bge	x15,x11,80003bfe	 x15:0x00000020 x11:0x00000000
      118179000	      5807	80003bfe	002f1213	slli	x4,x30,0x2	 x30:0x000035e4  x4=0x0000d790
      118259000	      5811	80003c02	aefe3e97	auipc	x29,0xaefe3	 x29=0x2efe6c02
      118279000	      5812	80003c06	05a5	c.addi	x11,9	 x11:0x00000000 x11=0x00000009
      118299000	      5813	80003c08	00a82133	slt	x2,x16,x10	 x16:0x00000001 x10:0xffffee83  x2=0x00000000
      118359000	      5816	80003c0c	86e5	c.srai	x13,0x19	 x13:0x00000020 x13=0x00000000
      118439000	      5820	80003c0e	023bb133	mulhu	x2,x23,x3	 x23:0x00000001  x3:0x00000000  x2=0x00000000
      118499000	      5823	80003c12	e97b0597	auipc	x11,0xe97b0	 x11=0x697b3c12
      118519000	      5824	80003c16	8ec5	c.or	x13,x9	 x13:0x00000000  x9:0x00000810 x13=0x00000810
      118659000	      5831	80003c18	01f35093	srli	x1,x6,0x1f	  x6:0x00000005  x1=0x00000000
      118879000	      5842	80003c1c	02e11eb3	mulh	x29,x2,x14	  x2:0x00000000 x14:0x00000000 x29=0x00000000
      118899000	      5843	80003c20	06ee2713	slti	x14,x28,110	 x28:0x00000810 x14=0x00000000
      118919000	      5844	80003c24	40400b33	sub	x22,x0,x4	  x0:0x00000000  x4:0x0000d790 x22=0xffff2870
      119059000	      5851	80003c28	8d2d	c.xor	x10,x11	 x10:0xffffee83 x11:0x697b3c12 x10=0x9684d291
      119159000	      5856	80003c2a	04fa0063	beq	x20,x15,80003c6a	 x20:0x0000000f x15:0x00000020
      119499000	      5873	80003c2e	41260e33	sub	x28,x12,x18	 x12:0x7ffddd0d x18:0x00005000 x28=0x7ffd8d0d
      119519000	      5874	80003c32	cf99	c.beqz	x15,80003c50	 x15:0x00000020
      119539000	      5875	80003c34	1ffd	c.addi	x31,-1	 x31:0x392f0727 x31=0x392f0726
      119559000	      5876	80003c36	01627f63	bgeu	x4,x22,80003c54	  x4:0x0000d790 x22:0xffff2870
      119579000	      5877	80003c3a	616d	c.addi16sp	x2,240	  x2:0x00000000  x2=0x000000f0
      119879000	      5892	80003c3c	49c6c013	xori	x0,x13,1180	 x13:0x00000810  x0=0x00000000
      120219000	      5909	80003c40	e499	c.bnez	x9,80003c4e	  x9:0x00000810
      121059000	      5951	80003c4e	8c21	c.xor	x8,x8	  x8:0x00000000  x8:0x00000000  x8=0x00000000
      121119000	      5954	80003c50	01e60133	add	x2,x12,x30	 x12:0x7ffddd0d x30:0x000035e4  x2=0x7ffe12f1
      121539000	      5975	80003c54	034c02b3	mul	x5,x24,x20	 x24:0x00005000 x20:0x0000000f  x5=0x0004b000
      121679000	      5982	80003c58	41f78833	sub	x16,x15,x31	 x15:0x00000020 x31:0x392f0726 x16=0xc6d0f8fa
      121739000	      5985	80003c5c	6339	c.lui	x6,0xe	  x6=0x0000e000
      121899000	      5993	80003c5e	3fa54797	auipc	x15,0x3fa54	 x15=0xbfa57c5e
      122039000	      6000	80003c62	00457c33	and	x24,x10,x4	 x10:0x9684d291  x4:0x0000d790 x24=0x0000d290
      122059000	      6001	80003c66	01e134b3	sltu	x9,x2,x30	  x2:0x7ffe12f1 x30:0x000035e4  x9=0x00000000
      122079000	      6002	80003c6a	717d	c.addi16sp	x2,-16	  x2:0x7ffe12f1  x2=0x7ffe12e1
      122099000	      6003	80003c6c	006b66b3	or	x13,x22,x6	 x22:0xffff2870  x6:0x0000e000 x13=0xffffe870
      122199000	      6008	80003c70	03c9	c.addi	x7,18	  x7:0x000008be  x7=0x000008d0
      122219000	      6009	80003c72	78d64693	xori	x13,x12,1933	 x12:0x7ffddd0d x13=0x7ffdda80
      122339000	      6015	80003c76	038607b3	mul	x15,x12,x24	 x12:0x7ffddd0d x24:0x0000d290 x15=0x3e210150
      122359000	      6016	80003c7a	94c2	c.add	x9,x16	  x9:0x00000000 x16:0xc6d0f8fa  x9=0xc6d0f8fa
      122379000	      6017	80003c7c	02ba6463	bltu	x20,x11,80003ca4	 x20:0x0000000f x11:0x697b3c12
      123779000	      6087	80003ca4	0369ce33	div	x28,x19,x22	 x19:0x80021e64 x22:0xffff2870 x28=0x00009800
      123799000	      6088	80003ca8	03935e63	bge	x6,x25,80003ce4	  x6:0x0000e000 x25:0x80025ce4
      124139000	      6105	80003ce4	0c22	c.slli	x24,0x8	 x24:0x0000d290 x24=0x00d29000
      124619000	      6129	80003ce6	038e7363	bgeu	x28,x24,80003d0c	 x28:0x00009800 x24:0x00d29000
      124639000	      6130	80003cea	8c8d	c.sub	x9,x11	  x9:0xc6d0f8fa x11:0x697b3c12  x9=0x5d55bce8
      124659000	      6131	80003cec	0001	c.addi	x0,0	  x0:0x00000000  x0=0x00000000
      124679000	      6132	80003cee	fc5d0d13	addi	x26,x26,-59	 x26:0x021e6400 x26=0x021e63c5
      124699000	      6133	80003cf2	01c6db13	srli	x22,x13,0x1c	 x13:0x7ffdda80 x22=0x00000007
      124719000	      6134	80003cf6	0001	c.addi	x0,0	  x0:0x00000000  x0=0x00000000
      124739000	      6135	80003cf8	01f2e733	or	x14,x5,x31	  x5:0x0004b000 x31:0x392f0726 x14=0x392fb726
      124759000	      6136	80003cfc	00761a33	sll	x20,x12,x7	 x12:0x7ffddd0d  x7:0x000008d0 x20=0xdd0d0000
      124779000	      6137	80003d00	e501	c.bnez	x10,80003d08	 x10:0x9684d291
      125539000	      6175	80003d08	4bf13393	sltiu	x7,x2,1215	  x2:0x7ffe12e1  x7=0x00000000
      125879000	      6192	80003d0c	026eb4b3	mulhu	x9,x29,x6	 x29:0x00000000  x6:0x0000e000  x9=0x00000000
      126159000	      6206	80003d10	c385	c.beqz	x15,80003d30	 x15:0x3e210150
      126179000	      6207	80003d12	8e31	c.xor	x12,x12	 x12:0x7ffddd0d x12:0x7ffddd0d x12=0x00000000
      126359000	      6216	80003d14	8ed1	c.or	x13,x12	 x13:0x7ffdda80 x12:0x00000000 x13=0x7ffdda80
      126399000	      6218	80003d16	0228b2b3	mulhu	x5,x17,x2	 x17:0x00003e80  x2:0x7ffe12e1  x5=0x00001f3f
      126479000	      6222	80003d1a	01e625b3	slt	x11,x12,x30	 x12:0x00000000 x30:0x000035e4 x11=0x00000001
      126499000	      6223	80003d1e	deffc593	xori	x11,x31,-529	 x31:0x392f0726 x11=0xc6d0fac9
      126519000	      6224	80003d22	00253233	sltu	x4,x10,x2	 x10:0x9684d291  x2:0x7ffe12e1  x4=0x00000000
      126539000	      6225	80003d26	8d61	c.and	x10,x8	 x10:0x9684d291  x8:0x00000000 x10=0x00000000
      126559000	      6226	80003d28	01682f33	slt	x30,x16,x22	 x16:0xc6d0f8fa x22:0x00000007 x30=0x00000001
      126899000	      6243	80003d2c	0093f233	and	x4,x7,x9	  x7:0x00000000  x9:0x00000000  x4=0x00000000
      126919000	      6244	80003d30	01015f33	srl	x30,x2,x16	  x2:0x7ffe12e1 x16:0xc6d0f8fa x30=0x0000001f
      126939000	      6245	80003d34	1d2d7813	andi	x16,x26,466	 x26:0x021e63c5 x16=0x000001c0
      127179000	      6257	80003d38	013c0663	beq	x24,x19,80003d44	 x24:0x00d29000 x19:0x80021e64
      127599000	      6278	80003d3c	8fed	c.and	x15,x11	 x15:0x3e210150 x11:0xc6d0fac9 x15=0x06000040
      127619000	      6279	80003d3e	8d8d	c.sub	x11,x11	 x11:0xc6d0fac9 x11:0xc6d0fac9 x11=0x00000000
      127699000	      6283	80003d40	41710e33	sub	x28,x2,x23	  x2:0x7ffe12e1 x23:0x00000001 x28=0x7ffe12e0
      127739000	      6285	80003d44	021c3eb3	mulhu	x29,x24,x1	 x24:0x00d29000  x1:0x00000000 x29=0x00000000
      128079000	      6302	80003d48	e1e6c213	xori	x4,x13,-482	 x13:0x7ffdda80  x4=0x8002249e
      128099000	      6303	80003d4c	008e8863	beq	x29,x8,80003d5c	 x29:0x00000000  x8:0x00000000
      128659000	      6331	80003d5c	03601563	bne	x0,x22,80003d86	  x0:0x00000000 x22:0x00000007
      129199000	      6358	80003d86	01e99793	slli	x15,x19,0x1e	 x19:0x80021e64 x15=0x00000000
      129259000	      6361	80003d8a	e0c6f517	auipc	x10,0xe0c6f	 x10=0x60c72d8a
      129679000	      6382	80003d8e	02374863	blt	x14,x3,80003dbe	 x14:0x392fb726  x3:0x00000000
      129699000	      6383	80003d92	6789	c.lui	x15,0x2	 x15=0x00002000
      129719000	      6384	80003d94	8841	c.andi	x8,16	  x8:0x00000000  x8=0x00000000
      130119000	      6404	80003d96	41355313	srai	x6,x10,0x13	 x10:0x60c72d8a  x6=0x00000c18
      130139000	      6405	80003d9a	87c1	c.srai	x15,0x10	 x15:0x00002000 x15=0x00000000
      130219000	      6409	80003d9c	011ac633	xor	x12,x21,x17	 x21:0x0000000f x17:0x00003e80 x12=0x00003e8f
      130239000	      6410	80003da0	0ff0000f	fence	iorw,iorw	
      131059000	      6451	80003da4	03a0dbb3	divu	x23,x1,x26	  x1:0x00000000 x26:0x021e63c5 x23=0x00000000
      131079000	      6452	80003da8	3bf60a13	addi	x20,x12,959	 x12:0x00003e8f x20=0x0000424e
      131099000	      6453	80003dac	637d	c.lui	x6,0x1f	  x6=0x0001f000
      131119000	      6454	80003dae	0001	c.addi	x0,0	  x0:0x00000000  x0=0x00000000
      131139000	      6455	80003db0	ca0d	c.beqz	x12,80003de2	 x12:0x00003e8f
      131159000	      6456	80003db2	002cf263	bgeu	x25,x2,80003db6	 x25:0x80025ce4  x2:0x7ffe12e1
      131239000	      6460	80003db6	03a73e33	mulhu	x28,x14,x26	 x14:0x392fb726 x26:0x021e63c5 x28=0x0079294f
      131259000	      6461	80003dba	0001d393	srli	x7,x3,0x0	  x3:0x00000000  x7=0x00000000
      131459000	      6471	80003dbe	00018563	beq	x3,x0,80003dc8	  x3:0x00000000  x0:0x00000000
      132079000	      6502	80003dc8	c1d9b913	sltiu	x18,x19,-995	 x19:0x80021e64 x18=0x00000001
      132099000	      6503	80003dcc	717d	c.addi16sp	x2,-16	  x2:0x7ffe12e1  x2=0x7ffe12d1
      132119000	      6504	80003dce	022a8533	mul	x10,x21,x2	 x21:0x0000000f  x2:0x7ffe12d1 x10=0x7fe31a3f
      132139000	      6505	80003dd2	117d	c.addi	x2,-1	  x2:0x7ffe12d1  x2=0x7ffe12d0
      132239000	      6510	80003dd4	61b5	c.lui	x3,0xd	  x3=0x0000d000
      132359000	      6516	80003dd6	36a88f13	addi	x30,x17,874	 x17:0x00003e80 x30=0x000041ea
      132599000	      6528	80003dda	037d50b3	divu	x1,x26,x23	 x26:0x021e63c5 x23:0x00000000  x1=0xffffffff
      132619000	      6529	80003dde	03d36963	bltu	x6,x29,80003e10	  x6:0x0001f000 x29:0x00000000
      132679000	      6532	80003de2	01bed213	srli	x4,x29,0x1b	 x29:0x00000000  x4=0x00000000
      132699000	      6533	80003de6	8f4d	c.or	x14,x11	 x14:0x392fb726 x11:0x00000000 x14=0x392fb726
      132719000	      6534	80003de8	0248d063	bge	x17,x4,80003e08	 x17:0x00003e80  x4:0x00000000
      133279000	      6562	80003e08	019635b3	sltu	x11,x12,x25	 x12:0x00003e8f x25:0x80025ce4 x11=0x00000001
      133419000	      6569	80003e0c	0290ab33	mulhsu	x22,x1,x9	  x1:0xffffffff  x9:0x00000000 x22=0x00000000
      133439000	      6570	80003e10	04bf8363	beq	x31,x11,80003e56	 x31:0x392f0726 x11:0x00000001
      133459000	      6571	80003e14	8f85	c.sub	x15,x9	 x15:0x00000000  x9:0x00000000 x15=0x00000000
      133519000	      6574	80003e16	039c2333	mulhsu	x6,x24,x25	 x24:0x00d29000 x25:0x80025ce4  x6=0x006949f1
      133539000	      6575	80003e1a	01537833	and	x16,x6,x21	  x6:0x006949f1 x21:0x0000000f x16=0x00000001
      133559000	      6576	80003e1e	8d21	c.xor	x10,x8	 x10:0x7fe31a3f  x8:0x00000000 x10=0x7fe31a3f
      133579000	      6577	80003e20	031e4e63	blt	x28,x17,80003e5c	 x28:0x0079294f x17:0x00003e80
      133979000	      6597	80003e24	00fc6233	or	x4,x24,x15	 x24:0x00d29000 x15:0x00000000  x4=0x00d29000
      133999000	      6598	80003e28	e399	c.bnez	x15,80003e2e	 x15:0x00000000
      134259000	      6611	80003e2a	fc168e13	addi	x28,x13,-63	 x13:0x7ffdda80 x28=0x7ffdda41
      134679000	      6632	80003e2e	000ed793	srli	x15,x29,0x0	 x29:0x00000000 x15=0x00000000
      134699000	      6633	80003e32	717d	c.addi16sp	x2,-16	  x2:0x7ffe12d0  x2=0x7ffe12c0
      134719000	      6634	80003e34	019c0b33	add	x22,x24,x25	 x24:0x00d29000 x25:0x80025ce4 x22=0x80d4ece4
      134859000	      6641	80003e38	b15b7493	andi	x9,x22,-1259	 x22:0x80d4ece4  x9=0x80d4e804
      135279000	      6662	80003e3c	033c0633	mul	x12,x24,x19	 x24:0x00d29000 x19:0x80021e64 x12=0x1f204000
      135359000	      6666	80003e40	855bdab7	lui	x21,0x855bd	 x21=0x855bd000
      135399000	      6668	80003e44	031e35b3	mulhu	x11,x28,x17	 x28:0x7ffdda41 x17:0x00003e80 x11=0x00001f3f
      135799000	      6688	80003e48	9f8a7113	andi	x2,x20,-1544	 x20:0x0000424e  x2=0x00004048
      135819000	      6689	80003e4c	706f64b7	lui	x9,0x706f6	  x9=0x706f6000
      136119000	      6704	80003e50	03b188b3	mul	x17,x3,x27	  x3:0x0000d000 x27:0x80000000 x17=0x00000000
      136139000	      6705	80003e54	1800	c.addi4spn	x8,x2,48	  x8=0x00004078
      136159000	      6706	80003e56	e80d	c.bnez	x8,80003e88	  x8:0x00004078
      137359000	      6766	80003e88	0298cd33	div	x26,x17,x9	 x17:0x00000000  x9:0x706f6000 x26=0x00000000
      137379000	      6767	80003e8c	ca81	c.beqz	x13,80003e9c	 x13:0x7ffdda80
      137399000	      6768	80003e8e	f6e21217	auipc	x4,0xf6e21	  x4=0x76e24e8e
      137419000	      6769	80003e92	411d8433	sub	x8,x27,x17	 x27:0x80000000 x17:0x00000000  x8=0x80000000
      137439000	      6770	80003e96	54689f17	auipc	x30,0x54689	 x30=0xd468ce96
      137459000	      6771	80003e9a	0001	c.addi	x0,0	  x0:0x00000000  x0=0x00000000
      137499000	      6773	80003e9c	023a90b3	mulh	x1,x21,x3	 x21:0x855bd000  x3:0x0000d000  x1=0xffff9c5a
      137639000	      6780	80003ea0	0ff0000f	fence	iorw,iorw	
      137659000	      6781	80003ea4	00be5933	srl	x18,x28,x11	 x28:0x7ffdda41 x11:0x00001f3f x18=0x00000000
      137919000	      6794	80003ea8	4785	c.li	x15,1	 x15=0x00000001
      137939000	      6795	80003eaa	4107da13	srai	x20,x15,0x10	 x15:0x00000001 x20=0x00000000
      138019000	      6799	80003eae	411783b3	sub	x7,x15,x17	 x15:0x00000001 x17:0x00000000  x7=0x00000001
      138039000	      6800	80003eb2	41c1	c.li	x3,16	  x3=0x00000010
      138219000	      6809	80003eb4	8849	c.andi	x8,18	  x8:0x80000000  x8=0x00000000
      138239000	      6810	80003eb6	6131	c.addi16sp	x2,320	  x2:0x00004048  x2=0x00004188
      138299000	      6813	80003eb8	86b5	c.srai	x13,0xd	 x13:0x7ffdda80 x13=0x0003ffee
      138319000	      6814	80003eba	02288e33	mul	x28,x17,x2	 x17:0x00000000  x2:0x00004188 x28=0x00000000
      138479000	      6822	80003ebe	ae6a0a93	addi	x21,x20,-1306	 x20:0x00000000 x21=0xfffffae6
      138499000	      6823	80003ec2	005d2733	slt	x14,x26,x5	 x26:0x00000000  x5:0x00001f3f x14=0x00000001
      138519000	      6824	80003ec6	717d	c.addi16sp	x2,-16	  x2:0x00004188  x2=0x00004178
      138819000	      6839	80003ec8	4043de93	srai	x29,x7,0x4	  x7:0x00000001 x29=0x00000000
      138879000	      6842	80003ecc	00686333	or	x6,x16,x6	 x16:0x00000001  x6:0x006949f1  x6=0x006949f1
      138919000	      6844	80003ed0	025bb0b3	mulhu	x1,x23,x5	 x23:0x00000000  x5:0x00001f3f  x1=0x00000000
      138939000	      6845	80003ed4	821a	c.mv	x4,x6	  x0:0x00000000  x6:0x006949f1  x4=0x006949f1
      139139000	      6855	80003ed6	00642433	slt	x8,x8,x6	  x8:0x00000000  x6:0x006949f1  x8=0x00000001
      139159000	      6856	80003eda	6e9b3e93	sltiu	x29,x22,1769	 x22:0x80d4ece4 x29=0x00000000
      139179000	      6857	80003ede	01695413	srli	x8,x18,0x16	 x18:0x00000000  x8=0x00000000
      139199000	      6858	80003ee2	05f0c063	blt	x1,x31,80003f22	  x1:0x00000000 x31:0x392f0726
      139419000	      6869	80003f22	02229a63	bne	x5,x2,80003f56	  x5:0x00001f3f  x2:0x00004178
      139599000	      6878	80003f56	0001	c.addi	x0,0	  x0:0x00000000  x0=0x00000000
      139639000	      6880	80003f58	018f56b3	srl	x13,x30,x24	 x30:0xd468ce96 x24:0x00d29000 x13=0xd468ce96
      139659000	      6881	80003f5c	0ff0000f	fence	iorw,iorw	
      139679000	      6882	80003f60	1d18	c.addi4spn	x14,x2,688	 x14=0x00004428
      139699000	      6883	80003f62	00890ab3	add	x21,x18,x8	 x18:0x00000000  x8:0x00000000 x21=0x00000000
      139719000	      6884	80003f66	191c	c.addi4spn	x15,x2,176	 x15=0x00004228
      140119000	      6904	80003f68	02290133	mul	x2,x18,x2	 x18:0x00000000  x2:0x00004178  x2=0x00000000
      140139000	      6905	80003f6c	4fff3a13	sltiu	x20,x30,1279	 x30:0xd468ce96 x20=0x00000000
      140159000	      6906	80003f70	012a8c33	add	x24,x21,x18	 x21:0x00000000 x18:0x00000000 x24=0x00000000
      140539000	      6925	80003f74	0d98	c.addi4spn	x14,x2,720	 x14=0x000002d0
      140619000	      6929	80003f76	02025bb3	divu	x23,x4,x0	  x4:0x006949f1  x0:0x00000000 x23=0xffffffff
      140699000	      6933	80003f7a	03142433	mulhsu	x8,x8,x17	  x8:0x00000000 x17:0x00000000  x8=0x00000000
      140719000	      6934	80003f7e	8c21	c.xor	x8,x8	  x8:0x00000000  x8:0x00000000  x8=0x00000000
      141099000	      6953	80003f80	e8871b17	auipc	x22,0xe8871	 x22=0x68874f80
      141339000	      6965	80003f84	00ba4433	xor	x8,x20,x11	 x20:0x00000000 x11:0x00001f3f  x8=0x00001f3f
      141399000	      6968	80003f88	0e98	c.addi4spn	x14,x2,848	 x14=0x00000350
      141459000	      6971	80003f8a	0182ec33	or	x24,x5,x24	  x5:0x00001f3f x24:0x00000000 x24=0x00001f3f
      141479000	      6972	80003f8e	51fd	c.li	x3,-1	  x3=0xffffffff
      141879000	      6992	80003f90	03ab4163	blt	x22,x26,80003fb2	 x22:0x68874f80 x26:0x00000000
      141899000	      6993	80003f94	0000100f	fence.i	
      142559000	      7026	80003f98	670d	c.lui	x14,0x3	 x14=0x00003000
      142579000	      7027	80003f9a	0001	c.addi	x0,0	  x0:0x00000000  x0=0x00000000
      142979000	      7047	80003f9c	4069d593	srai	x11,x19,0x6	 x19:0x80021e64 x11=0xfe000879
      143139000	      7055	80003fa0	ea99	c.bnez	x13,80003fb6	 x13:0xd468ce96
      144599000	      7128	80003fb6	00ff7e63	bgeu	x30,x15,80003fd2	 x30:0xd468ce96 x15:0x00004228
      148059000	      7301	80003fd2	0ff0000f	fence	iorw,iorw	
      148079000	      7302	80003fd6	859a	c.mv	x11,x6	  x0:0x00000000  x6:0x006949f1 x11=0x006949f1
      148099000	      7303	80003fd8	03e4f263	bgeu	x9,x30,80003ffc	  x9:0x706f6000 x30:0xd468ce96
      148119000	      7304	80003fdc	76d47893	andi	x17,x8,1901	  x8:0x00001f3f x17=0x0000072d
      148139000	      7305	80003fe0	03711463	bne	x2,x23,80004008	  x2:0x00000000 x23:0xffffffff
      148679000	      7332	80004008	01615e93	srli	x29,x2,0x16	  x2:0x00000000 x29=0x00000000
      148799000	      7338	8000400c	01653d33	sltu	x26,x10,x22	 x10:0x7fe31a3f x22:0x68874f80 x26=0x00000000
      149079000	      7352	80004010	a3360b37	lui	x22,0xa3360	 x22=0xa3360000
      149279000	      7362	80004014	0000100f	fence.i	
      149599000	      7378	80004018	c031	c.beqz	x8,8000405c	  x8:0x00001f3f
      149619000	      7379	8000401a	8639	c.srai	x12,0xe	 x12:0x1f204000 x12=0x00007c81
      149759000	      7386	8000401c	013a9ab3	sll	x21,x21,x19	 x21:0x00000000 x19:0x80021e64 x21=0x00000000
      149779000	      7387	80004020	0001	c.addi	x0,0	  x0:0x00000000  x0=0x00000000
      149819000	      7389	80004022	03cbb3b3	mulhu	x7,x23,x28	 x23:0xffffffff x28:0x00000000  x7=0x00000000
      149839000	      7390	80004026	050c	c.addi4spn	x11,x2,640	 x11=0x00000280
      149939000	      7395	80004028	c0e28017	auipc	x0,0xc0e28	  x0=0x00000000
      150179000	      7407	8000402c	023bdb63	bge	x23,x3,80004062	 x23:0xffffffff  x3:0xffffffff
      151079000	      7452	80004062	41248fb3	sub	x31,x9,x18	  x9:0x706f6000 x18:0x00000000 x31=0x706f6000
      151119000	      7454	80004066	0302e263	bltu	x5,x16,8000408a	  x5:0x00001f3f x16:0x00000001
      151139000	      7455	8000406a	2b825317	auipc	x6,0x2b825	  x6=0xab82906a
      151159000	      7456	8000406e	86e9	c.srai	x13,0x1a	 x13:0xd468ce96 x13=0xfffffff5
      151359000	      7466	80004070	0490	c.addi4spn	x12,x2,576	 x12=0x00000240
      151379000	      7467	80004072	b9224293	xori	x5,x4,-1134	  x4:0x006949f1  x5=0xff96b263
      151399000	      7468	80004076	0594	c.addi4spn	x13,x2,704	 x13=0x000002c0
      151799000	      7488	80004078	033005b3	mul	x11,x0,x19	  x0:0x00000000 x19:0x80021e64 x11=0x00000000
      151819000	      7489	8000407c	8d65	c.and	x10,x9	 x10:0x7fe31a3f  x9:0x706f6000 x10=0x70630000
      152239000	      7510	8000407e	01808463	beq	x1,x24,80004086	  x1:0x00000000 x24:0x00001f3f
      152259000	      7511	80004082	1f94	c.addi4spn	x13,x2,1008	 x13=0x000003f0
      152419000	      7519	80004084	826d	c.srli	x12,0x1b	 x12:0x00000240 x12=0x00000000
      152439000	      7520	80004086	11f4fb13	andi	x22,x9,287	  x9:0x706f6000 x22=0x00000000
      152479000	      7522	8000408a	02784a33	div	x20,x16,x7	 x16:0x00000001  x7:0x00000000 x20=0xffffffff
      152499000	      7523	8000408e	4f3d	c.li	x30,15	 x30=0x0000000f
      152519000	      7524	80004090	4e08bb13	sltiu	x22,x17,1248	 x17:0x0000072d x22=0x00000000
      152559000	      7526	80004094	41eb0533	sub	x10,x22,x30	 x22:0x00000000 x30:0x0000000f x10=0xfffffff1
      152639000	      7530	80004098	03a25563	bge	x4,x26,800040c2	  x4:0x006949f1 x26:0x00000000
      153799000	      7588	800040c2	0001	c.addi	x0,0	  x0:0x00000000  x0=0x00000000
      153819000	      7589	800040c4	86b9	c.srai	x13,0xe	 x13:0x000003f0 x13=0x00000000
      153839000	      7590	800040c6	01bc64b3	or	x9,x24,x27	 x24:0x00001f3f x27:0x80000000  x9=0x80001f3f
      154259000	      7611	800040ca	6d8e2393	slti	x7,x28,1752	 x28:0x00000000  x7=0x00000001
      154359000	      7616	800040ce	00904f63	blt	x0,x9,800040ec	  x0:0x00000000  x9:0x80001f3f
      154379000	      7617	800040d2	8ca1	c.xor	x9,x8	  x9:0x80001f3f  x8:0x00001f3f  x9=0x80000000
      154419000	      7619	800040d4	034621b3	mulhsu	x3,x12,x20	 x12:0x00000000 x20:0xffffffff  x3=0x00000000
      154739000	      7635	800040d8	035831b3	mulhu	x3,x16,x21	 x16:0x00000001 x21:0x00000000  x3=0x00000000
      155139000	      7655	800040dc	02778ab3	mul	x21,x15,x7	 x15:0x00004228  x7:0x00000001 x21=0x00004228
      155179000	      7657	800040e0	73760e13	addi	x28,x12,1847	 x12:0x00000000 x28=0x00000737
      155299000	      7663	800040e4	587d	c.li	x16,-1	 x16=0xffffffff
      155319000	      7664	800040e6	613d	c.addi16sp	x2,480	  x2:0x00000000  x2=0x000001e0
      155459000	      7671	800040e8	0ddb6713	ori	x14,x22,221	 x22:0x00000000 x14=0x000000dd
      155479000	      7672	800040ec	41a1d493	srai	x9,x3,0x1a	  x3:0x00000000  x9=0x00000000
      155499000	      7673	800040f0	000be763	bltu	x23,x0,800040fe	 x23:0xffffffff  x0:0x00000000
      155819000	      7689	800040f4	00ee4663	blt	x28,x14,80004100	 x28:0x00000737 x14:0x000000dd
      155839000	      7690	800040f8	0c348e93	addi	x29,x9,195	  x9:0x00000000 x29=0x000000c3
      155859000	      7691	800040fc	6151	c.addi16sp	x2,272	  x2:0x000001e0  x2=0x000002f0
      155879000	      7692	800040fe	c691	c.beqz	x13,8000410a	 x13:0x00000000
      156219000	      7709	8000410a	020b5633	divu	x12,x22,x0	 x22:0x00000000  x0:0x00000000 x12=0xffffffff
      156239000	      7710	8000410e	8551	c.srai	x10,0x14	 x10:0xfffffff1 x10=0xffffffff
      156299000	      7713	80004110	0eb5b193	sltiu	x3,x11,235	 x11:0x00000000  x3=0x00000001
      156319000	      7714	80004114	006b5a13	srli	x20,x22,0x6	 x22:0x00000000 x20=0x00000000
      156439000	      7720	80004118	8c01	c.sub	x8,x8	  x8:0x00001f3f  x8:0x00001f3f  x8=0x00000000
      156459000	      7721	8000411a	0ff0000f	fence	iorw,iorw	
      156519000	      7724	8000411e	03d56b63	bltu	x10,x29,80004154	 x10:0xffffffff x29:0x000000c3
      156939000	      7745	80004122	55abc093	xori	x1,x23,1370	 x23:0xffffffff  x1=0xfffffaa5
      157079000	      7752	80004126	03f2f513	andi	x10,x5,63	  x5:0xff96b263 x10=0x00000023
      157099000	      7753	8000412a	04e5	c.addi	x9,25	  x9:0x00000000  x9=0x00000019
      157479000	      7772	8000412c	0001	c.addi	x0,0	  x0:0x00000000  x0=0x00000000
      157899000	      7793	8000412e	023c8363	beq	x25,x3,80004154	 x25:0x80025ce4  x3:0x00000001
      158019000	      7799	80004132	022a5363	bge	x20,x2,80004158	 x20:0x00000000  x2:0x000002f0
      158039000	      7800	80004136	01d63333	sltu	x6,x12,x29	 x12:0xffffffff x29:0x000000c3  x6=0x00000000
      158239000	      7810	8000413a	7d9e6513	ori	x10,x28,2009	 x28:0x00000737 x10=0x000007ff
      158299000	      7813	8000413e	00d4f3b3	and	x7,x9,x13	  x9:0x00000019 x13:0x00000000  x7=0x00000000
      158499000	      7823	80004142	02ea9a33	mulh	x20,x21,x14	 x21:0x00004228 x14:0x000000dd x20=0x00000000
      158519000	      7824	80004146	0162b133	sltu	x2,x5,x22	  x5:0xff96b263 x22:0x00000000  x2=0x00000000
      158539000	      7825	8000414a	61c1	c.lui	x3,0x10	  x3=0x00010000
      158559000	      7826	8000414c	016cd893	srli	x17,x25,0x16	 x25:0x80025ce4 x17=0x00000200
      158839000	      7840	80004150	013fa133	slt	x2,x31,x19	 x31:0x706f6000 x19:0x80021e64  x2=0x00000000
      158879000	      7842	80004154	0270d2b3	divu	x5,x1,x7	  x1:0xfffffaa5  x7:0x00000000  x5=0xffffffff
      158899000	      7843	80004158	411a5f33	sra	x30,x20,x17	 x20:0x00000000 x17:0x00000200 x30=0x00000000
      159299000	      7863	8000415c	717d	c.addi16sp	x2,-16	  x2:0x00000000  x2=0xfffffff0
      159319000	      7864	8000415e	017de8b3	or	x17,x27,x23	 x27:0x80000000 x23:0xffffffff x17=0xffffffff
      159359000	      7866	80004162	03aa3bb3	mulhu	x23,x20,x26	 x20:0x00000000 x26:0x00000000 x23=0x00000000
      159379000	      7867	80004166	66b9	c.lui	x13,0xe	 x13=0x0000e000
      160239000	      7910	80004168	03baf733	remu	x14,x21,x27	 x21:0x00004228 x27:0x80000000 x14=0x00004228
      160259000	      7911	8000416c	0116dd63	bge	x13,x17,80004186	 x13:0x0000e000 x17:0xffffffff
      160499000	      7923	80004186	0a52	c.slli	x20,0x14	 x20:0x00000000 x20=0x00000000
      161719000	      7984	80004188	02965733	divu	x14,x12,x9	 x12:0xffffffff  x9:0x00000019 x14=0x0a3d70a3
      161739000	      7985	8000418c	03780263	beq	x16,x23,800041b0	 x16:0xffffffff x23:0x00000000
      161759000	      7986	80004190	6bf55b17	auipc	x22,0x6bf55	 x22=0xebf59190
      161779000	      7987	80004194	862a	c.mv	x12,x10	  x0:0x00000000 x10:0x000007ff x12=0x000007ff
      161799000	      7988	80004196	22dd3293	sltiu	x5,x26,557	 x26:0x00000000  x5=0x00000001
      161819000	      7989	8000419a	0001	c.addi	x0,0	  x0:0x00000000  x0=0x00000000
      161839000	      7990	8000419c	0ff0000f	fence	iorw,iorw	
      161999000	      7998	800041a0	03e1de63	bge	x3,x30,800041dc	  x3:0x00010000 x30:0x00000000
      162499000	      8023	800041dc	00196813	ori	x16,x18,1	 x18:0x00000000 x16=0x00000001
      162779000	      8037	800041e0	8f99	c.sub	x15,x14	 x15:0x00004228 x14:0x0a3d70a3 x15=0xf5c2d185
      162799000	      8038	800041e2	01ab6463	bltu	x22,x26,800041ea	 x22:0xebf59190 x26:0x00000000
      162899000	      8043	800041e6	014660b3	or	x1,x12,x20	 x12:0x000007ff x20:0x00000000  x1=0x000007ff
      162919000	      8044	800041ea	02e44563	blt	x8,x14,80004214	  x8:0x00000000 x14:0x0a3d70a3
      163499000	      8073	80004214	26de3b13	sltiu	x22,x28,621	 x28:0x00000737 x22=0x00000000
      163679000	      8082	80004218	6f45	c.lui	x30,0x11	 x30=0x00011000
      163699000	      8083	8000421a	8d55	c.or	x10,x13	 x10:0x000007ff x13:0x0000e000 x10=0x0000e7ff
      163759000	      8086	8000421c	92e2	c.add	x5,x24	  x5:0x00000001 x24:0x00001f3f  x5=0x00001f40
      163779000	      8087	8000421e	eb09	c.bnez	x14,80004230	 x14:0x0a3d70a3
      165179000	      8157	80004230	00cae863	bltu	x21,x12,80004240	 x21:0x00004228 x12:0x000007ff
      165599000	      8178	80004234	10fd	c.addi	x1,-1	  x1:0x000007ff  x1=0x000007fe
      165619000	      8179	80004236	0d3e	c.slli	x26,0xf	 x26:0x00000000 x26=0x00000000
      165879000	      8192	80004238	0001	c.addi	x0,0	  x0:0x00000000  x0=0x00000000
      165899000	      8193	8000423a	ed85	c.bnez	x11,80004272	 x11:0x00000000
      165919000	      8194	8000423c	0322e963	bltu	x5,x18,8000426e	  x5:0x00001f40 x18:0x00000000
      165959000	      8196	80004240	026ba533	mulhsu	x10,x23,x6	 x23:0x00000000  x6:0x00000000 x10=0x00000000
      166219000	      8209	80004244	000e65b3	or	x11,x28,x0	 x28:0x00000737  x0:0x00000000 x11=0x00000737
      166399000	      8218	80004248	03ef9b63	bne	x31,x30,8000427e	 x31:0x706f6000 x30:0x00011000
      167379000	      8267	8000427e	03a5d533	divu	x10,x11,x26	 x11:0x00000737 x26:0x00000000 x10=0xffffffff
      167399000	      8268	80004282	4f3d	c.li	x30,15	 x30=0x0000000f
      167419000	      8269	80004284	00a62733	slt	x14,x12,x10	 x12:0x000007ff x10:0xffffffff x14=0x00000000
      167439000	      8270	80004288	4112d393	srai	x7,x5,0x11	  x5:0x00001f40  x7=0x00000000
      167479000	      8272	8000428c	021e2a33	mulhsu	x20,x28,x1	 x28:0x00000737  x1:0x000007fe x20=0x00000000
      167499000	      8273	80004290	04dd	c.addi	x9,23	  x9:0x00000019  x9=0x00000030
      167519000	      8274	80004292	8fe9	c.and	x15,x10	 x15:0xf5c2d185 x10:0xffffffff x15=0xf5c2d185
      167559000	      8276	80004294	03dd12b3	mulh	x5,x26,x29	 x26:0x00000000 x29:0x000000c3  x5=0x00000000
      167579000	      8277	80004298	0038c3b3	xor	x7,x17,x3	 x17:0xffffffff  x3:0x00010000  x7=0xfffeffff
      167599000	      8278	8000429c	008c4ab3	xor	x21,x24,x8	 x24:0x00001f3f  x8:0x00000000 x21=0x00001f3f
      167619000	      8279	800042a0	4bbb7f13	andi	x30,x22,1211	 x22:0x00000000 x30=0x00000000
      167639000	      8280	800042a4	02d9f563	bgeu	x19,x13,800042ce	 x19:0x80021e64 x13:0x0000e000
      167839000	      8290	800042ce	022b9963	bne	x23,x2,80004300	 x23:0x00000000  x2:0xfffffff0
      168239000	      8310	80004300	6169	c.addi16sp	x2,208	  x2:0xfffffff0  x2=0x000000c0
      168259000	      8311	80004302	8365	c.srli	x14,0x19	 x14:0x00000000 x14=0x00000000
      168359000	      8316	80004304	8fed	c.and	x15,x11	 x15:0xf5c2d185 x11:0x00000737 x15=0x00000105
      168379000	      8317	80004306	004ca533	slt	x10,x25,x4	 x25:0x80025ce4  x4:0x006949f1 x10=0x00000001
      168479000	      8322	8000430a	2a9b9237	lui	x4,0x2a9b9	  x4=0x2a9b9000
      168819000	      8339	8000430e	f3ef3e97	auipc	x29,0xf3ef3	 x29=0x73ef730e
      168839000	      8340	80004312	8fd5	c.or	x15,x13	 x15:0x00000105 x13:0x0000e000 x15=0x0000e105
      168859000	      8341	80004314	01a75833	srl	x16,x14,x26	 x14:0x00000000 x26:0x00000000 x16=0x00000000
      168879000	      8342	80004318	8c75	c.and	x8,x13	  x8:0x00000000 x13:0x0000e000  x8=0x00000000
      168959000	      8346	8000431a	02877733	remu	x14,x14,x8	 x14:0x00000000  x8:0x00000000 x14=0x00000000
      169139000	      8355	8000431e	00371033	sll	x0,x14,x3	 x14:0x00000000  x3:0x00010000  x0=0x00000000
      169159000	      8356	80004322	0001	c.addi	x0,0	  x0:0x00000000  x0=0x00000000
      169179000	      8357	80004324	01533fb3	sltu	x31,x6,x21	  x6:0x00000000 x21:0x00001f3f x31=0x00000001
      169359000	      8366	80004328	02cd1bb3	mulh	x23,x26,x12	 x26:0x00000000 x12:0x000007ff x23=0x00000000
      169379000	      8367	8000432c	4859	c.li	x16,22	 x16=0x00000016
      170119000	      8404	8000432e	02aeffb3	remu	x31,x29,x10	 x29:0x73ef730e x10:0x00000001 x31=0x00000000
      170139000	      8405	80004332	05b79063	bne	x15,x27,80004372	 x15:0x0000e105 x27:0x80000000
      170819000	      8439	80004372	4d0bc893	xori	x17,x23,1232	 x23:0x00000000 x17=0x000004d0
      170839000	      8440	80004376	03950c63	beq	x10,x25,800043ae	 x10:0x00000001 x25:0x80025ce4
      170899000	      8443	8000437a	0000100f	fence.i	
      171679000	      8482	8000437e	0b98	c.addi4spn	x14,x2,464	 x14=0x00000290
      171739000	      8485	80004380	028b6e33	rem	x28,x22,x8	 x22:0x00000000  x8:0x00000000 x28=0x00000000
      171759000	      8486	80004384	41acd313	srai	x6,x25,0x1a	 x25:0x80025ce4  x6=0xffffffe0
      172559000	      8526	80004388	03d17633	remu	x12,x2,x29	  x2:0x000000c0 x29:0x73ef730e x12=0x000000c0
      172579000	      8527	8000438c	8ea9	c.xor	x13,x10	 x13:0x0000e000 x10:0x00000001 x13=0x0000e001
      172599000	      8528	8000438e	0001	c.addi	x0,0	  x0:0x00000000  x0=0x00000000
      172619000	      8529	80004390	e309	c.bnez	x14,80004392	 x14:0x00000290
      172879000	      8542	80004392	8d91	c.sub	x11,x12	 x11:0x00000737 x12:0x000000c0 x11=0x00000677
      172919000	      8544	80004394	9d16	c.add	x26,x5	 x26:0x00000000  x5:0x00000000 x26=0x00000000
      173119000	      8554	80004396	00cfd293	srli	x5,x31,0xc	 x31:0x00000000  x5=0x00000000
      173139000	      8555	8000439a	717d	c.addi16sp	x2,-16	  x2:0x000000c0  x2=0x000000b0
      173459000	      8571	8000439c	02a80d33	mul	x26,x16,x10	 x16:0x00000016 x10:0x00000001 x26=0x00000016
      173699000	      8583	800043a0	8f65	c.and	x14,x9	 x14:0x00000290  x9:0x00000030 x14=0x00000010
      173719000	      8584	800043a2	52fd	c.li	x5,-1	  x5=0xffffffff
      173739000	      8585	800043a4	85a5	c.srai	x11,0x9	 x11:0x00000677 x11=0x00000003
      173759000	      8586	800043a6	00c3bc33	sltu	x24,x7,x12	  x7:0xfffeffff x12:0x000000c0 x24=0x00000000
      173779000	      8587	800043aa	00e2ef63	bltu	x5,x14,800043c8	  x5:0xffffffff x14:0x00000010
      173959000	      8596	800043ae	00754f63	blt	x10,x7,800043cc	 x10:0x00000001  x7:0xfffeffff
      173979000	      8597	800043b2	117d	c.addi	x2,-1	  x2:0x000000b0  x2=0x000000af
      174719000	      8634	800043b4	025350b3	divu	x1,x6,x5	  x6:0xffffffe0  x5:0xffffffff  x1=0x00000000
      174739000	      8635	800043b8	e2bd2693	slti	x13,x26,-469	 x26:0x00000016 x13=0x00000000
      174779000	      8637	800043bc	032b4633	div	x12,x22,x18	 x22:0x00000000 x18:0x00000000 x12=0xffffffff
      174799000	      8638	800043c0	4265	c.li	x4,25	  x4=0x00000019
      174819000	      8639	800043c2	482e0713	addi	x14,x28,1154	 x28:0x00000000 x14=0x00000482
      174839000	      8640	800043c6	717d	c.addi16sp	x2,-16	  x2:0x000000af  x2=0x0000009f
      174859000	      8641	800043c8	8e05	c.sub	x12,x9	 x12:0xffffffff  x9:0x00000030 x12=0xffffffcf
      174879000	      8642	800043ca	1f9c	c.addi4spn	x15,x2,1008	 x15=0x0000048f
      174899000	      8643	800043cc	4119df33	sra	x30,x19,x17	 x19:0x80021e64 x17:0x000004d0 x30=0xffff8002
      174919000	      8644	800043d0	bc24be17	auipc	x28,0xbc24b	 x28=0x3c24f3d0
      174939000	      8645	800043d4	fabb8893	addi	x17,x23,-85	 x23:0x00000000 x17=0xffffffab
      175119000	      8654	800043d8	401cd693	srai	x13,x25,0x1	 x25:0x80025ce4 x13=0xc0012e72
      175539000	      8675	800043dc	03549963	bne	x9,x21,8000440e	  x9:0x00000030 x21:0x00001f3f
      176079000	      8702	8000440e	717d	c.addi16sp	x2,-16	  x2:0x0000009f  x2=0x0000008f
      176499000	      8723	80004410	de9d8413	addi	x8,x27,-535	 x27:0x80000000  x8=0x7ffffde9
      176619000	      8729	80004414	41fd8c33	sub	x24,x27,x31	 x27:0x80000000 x31:0x00000000 x24=0x80000000
      176639000	      8730	80004418	e411	c.bnez	x8,80004424	  x8:0x7ffffde9
      177079000	      8752	80004424	006fe863	bltu	x31,x6,80004434	 x31:0x00000000  x6:0xffffffe0
      177739000	      8785	80004434	8da1	c.xor	x11,x8	 x11:0x00000003  x8:0x7ffffde9 x11=0x7ffffdea
      177759000	      8786	80004436	8c39	c.xor	x8,x14	  x8:0x7ffffde9 x14:0x00000482  x8=0x7ffff96b
      177819000	      8789	80004438	010101b3	add	x3,x2,x16	  x2:0x0000008f x16:0x00000016  x3=0x000000a5
      177859000	      8791	8000443c	8ead	c.xor	x13,x11	 x13:0xc0012e72 x11:0x7ffffdea x13=0xbffed398
      177879000	      8792	8000443e	47d5	c.li	x15,21	 x15=0x00000015
      177899000	      8793	80004440	0001	c.addi	x0,0	  x0:0x00000000  x0=0x00000000
      177919000	      8794	80004442	8cb1	c.xor	x9,x12	  x9:0x00000030 x12:0xffffffcf  x9=0xffffffff
      178199000	      8808	80004444	02a01ab3	mulh	x21,x0,x10	  x0:0x00000000 x10:0x00000001 x21=0x00000000
      178219000	      8809	80004448	00e84833	xor	x16,x16,x14	 x16:0x00000016 x14:0x00000482 x16=0x00000494
      178259000	      8811	8000444c	79208c13	addi	x24,x1,1938	  x1:0x00000000 x24=0x00000792
      178679000	      8832	80004450	02428633	mul	x12,x5,x4	  x5:0xffffffff  x4:0x00000019 x12=0xffffffe7
      178699000	      8833	80004454	8f4d	c.or	x14,x11	 x14:0x00000482 x11:0x7ffffdea x14=0x7ffffdea
      178859000	      8841	80004456	fcbb8a13	addi	x20,x23,-53	 x23:0x00000000 x20=0xffffffcb
      178879000	      8842	8000445a	022b80b3	mul	x1,x23,x2	 x23:0x00000000  x2:0x0000008f  x1=0x00000000
      178899000	      8843	8000445e	6151	c.addi16sp	x2,272	  x2:0x0000008f  x2=0x0000019f
      179039000	      8850	80004460	0e5e	c.slli	x28,0x17	 x28:0x3c24f3d0 x28=0xe8000000
      179199000	      8858	80004462	00baf033	and	x0,x21,x11	 x21:0x00000000 x11:0x7ffffdea  x0=0x00000000
      179219000	      8859	80004466	1bfd	c.addi	x23,-1	 x23:0x00000000 x23=0xffffffff
      179399000	      8868	80004468	017fed63	bltu	x31,x23,80004482	 x31:0x00000000 x23:0xffffffff
      192339000	      9515	80004482	54ddf713	andi	x14,x27,1357	 x27:0x80000000 x14=0x00000000
      192359000	      9516	80004486	611d	c.addi16sp	x2,416	  x2:0x0000019f  x2=0x0000033f
      193099000	      9553	80004488	034fc5b3	div	x11,x31,x20	 x31:0x00000000 x20:0xffffffcb x11=0x00000000
      193119000	      9554	8000448c	ec4a2597	auipc	x11,0xec4a2	 x11=0x6c4a648c
      193159000	      9556	80004490	03cd1933	mulh	x18,x26,x28	 x26:0x00000016 x28:0xe8000000 x18=0xfffffffd
      193179000	      9557	80004494	406b58b3	sra	x17,x22,x6	 x22:0x00000000  x6:0xffffffe0 x17=0x00000000
      193279000	      9562	80004498	17d96813	ori	x16,x18,381	 x18:0xfffffffd x16=0xfffffffd
      193399000	      9568	8000449c	00e96663	bltu	x18,x14,800044a8	 x18:0xfffffffd x14:0x00000000
      193759000	      9586	800044a0	0054e733	or	x14,x9,x5	  x9:0xffffffff  x5:0xffffffff x14=0xffffffff
      193779000	      9587	800044a4	35ff2a13	slti	x20,x30,863	 x30:0xffff8002 x20=0x00000001
      193879000	      9592	800044a8	9da698b7	lui	x17,0x9da69	 x17=0x9da69000
      194079000	      9602	800044ac	0126a6b3	slt	x13,x13,x18	 x13:0xbffed398 x18:0xfffffffd x13=0x00000001
      194099000	      9603	800044b0	01aa37b3	sltu	x15,x20,x26	 x20:0x00000001 x26:0x00000016 x15=0x00000001
      194119000	      9604	800044b4	8ed1	c.or	x13,x12	 x13:0x00000001 x12:0xffffffe7 x13=0xffffffe7
      194139000	      9605	800044b6	0440e313	ori	x6,x1,68	  x1:0x00000000  x6=0x00000044
      194299000	      9613	800044ba	0000100f	fence.i	
      195199000	      9658	800044be	8fa1	c.xor	x15,x8	 x15:0x00000001  x8:0x7ffff96b x15=0x7ffff96a
      195219000	      9659	800044c0	0ff0000f	fence	iorw,iorw	
      195239000	      9660	800044c4	028dd863	bge	x27,x8,800044f4	 x27:0x80000000  x8:0x7ffff96b
      195679000	      9682	800044c8	02399633	mulh	x12,x19,x3	 x19:0x80021e64  x3:0x000000a5 x12=0xffffffad
      195899000	      9693	800044cc	e119	c.bnez	x10,800044d2	 x10:0x00000001
      197379000	      9767	800044d2	025c76b3	remu	x13,x24,x5	 x24:0x00000792  x5:0xffffffff x13=0x00000792
      197399000	      9768	800044d6	411b5513	srai	x10,x22,0x11	 x22:0x00000000 x10=0x00000000
      197419000	      9769	800044da	c599	c.beqz	x11,800044e8	 x11:0x6c4a648c
      197439000	      9770	800044dc	c98d	c.beqz	x11,8000450e	 x11:0x6c4a648c
      198179000	      9807	800044de	02756f33	rem	x30,x10,x7	 x10:0x00000000  x7:0xfffeffff x30=0x00000000
      198199000	      9808	800044e2	5a7d	c.li	x20,-1	 x20=0xffffffff
      198219000	      9809	800044e4	0173f6b3	and	x13,x7,x23	  x7:0xfffeffff x23:0xffffffff x13=0xfffeffff
      198239000	      9810	800044e8	8665	c.srai	x12,0x19	 x12:0xffffffad x12=0xffffffff
      198279000	      9812	800044ea	03a52633	mulhsu	x12,x10,x26	 x10:0x00000000 x26:0x00000016 x12=0x00000000
      198299000	      9813	800044ee	81d5	c.srli	x11,0x15	 x11:0x6c4a648c x11=0x00000362
      198319000	      9814	800044f0	01fb7a33	and	x20,x22,x31	 x22:0x00000000 x31:0x00000000 x20=0x00000000
      198339000	      9815	800044f4	717d	c.addi16sp	x2,-16	  x2:0x0000033f  x2=0x0000032f
      198439000	      9820	800044f6	027f3d33	mulhu	x26,x30,x7	 x30:0x00000000  x7:0xfffeffff x26=0x00000000
      198459000	      9821	800044fa	0001	c.addi	x0,0	  x0:0x00000000  x0=0x00000000
      198579000	      9827	800044fc	01cac033	xor	x0,x21,x28	 x21:0x00000000 x28:0xe8000000  x0=0x00000000
      198859000	      9841	80004500	84c9	c.srai	x9,0x12	  x9:0xffffffff  x9=0xffffffff
      198959000	      9846	80004502	00f8efb3	or	x31,x17,x15	 x17:0x9da69000 x15:0x7ffff96a x31=0xfffff96a
      198979000	      9847	80004506	008d7133	and	x2,x26,x8	 x26:0x00000000  x8:0x7ffff96b  x2=0x00000000
      198999000	      9848	8000450a	64ed	c.lui	x9,0x1b	  x9=0x0001b000
      199019000	      9849	8000450c	8d4d	c.or	x10,x11	 x10:0x00000000 x11:0x00000362 x10=0x00000362
      199039000	      9850	8000450e	c609	c.beqz	x12,80004518	 x12:0x00000000
      200019000	      9899	80004518	84d2	c.mv	x9,x20	  x0:0x00000000 x20:0x00000000  x9=0x00000000
      200039000	      9900	8000451a	02075663	bge	x14,x0,80004546	 x14:0xffffffff  x0:0x00000000
      200059000	      9901	8000451e	1b98	c.addi4spn	x14,x2,496	 x14=0x000001f0
      200079000	      9902	80004520	033d7763	bgeu	x26,x19,8000454e	 x26:0x00000000 x19:0x80021e64
      200119000	      9904	80004524	00bceb33	or	x22,x25,x11	 x25:0x80025ce4 x11:0x00000362 x22=0x80025fe6
      200159000	      9906	80004528	01b9e863	bltu	x19,x27,80004538	 x19:0x80021e64 x27:0x80000000
      200179000	      9907	8000452c	82f4c593	xori	x11,x9,-2001	  x9:0x00000000 x11=0xfffff82f
      200479000	      9922	80004530	033a5763	bge	x20,x19,8000455e	 x20:0x00000000 x19:0x80021e64
      200839000	      9940	8000455e	0067cbb3	xor	x23,x15,x6	 x15:0x7ffff96a  x6:0x00000044 x23=0x7ffff92e
      201119000	      9954	80004562	0386bfb3	mulhu	x31,x13,x24	 x13:0xfffeffff x24:0x00000792 x31=0x00000791
      201139000	      9955	80004566	004cfab3	and	x21,x25,x4	 x25:0x80025ce4  x4:0x00000019 x21=0x00000000
      201159000	      9956	8000456a	06e2	c.slli	x13,0x18	 x13:0xfffeffff x13=0xff000000
      201179000	      9957	8000456c	d5b7d217	auipc	x4,0xd5b7d	  x4=0x55b8156c
      201559000	      9976	80004570	73c80e13	addi	x28,x16,1852	 x16:0xfffffffd x28=0x00000739
      201699000	      9983	80004574	162e6713	ori	x14,x28,354	 x28:0x00000739 x14=0x0000077b
      201719000	      9984	80004578	6161	c.addi16sp	x2,80	  x2:0x00000000  x2=0x00000050
      201739000	      9985	8000457a	0000100f	fence.i	
      202239000	     10010	8000457e	0383be33	mulhu	x28,x7,x24	  x7:0xfffeffff x24:0x00000792 x28=0x00000791
      202399000	     10018	80004582	00807f33	and	x30,x0,x8	  x0:0x00000000  x8:0x7ffff96b x30=0x00000000
      202679000	     10032	80004586	004b41b3	xor	x3,x22,x4	 x22:0x80025fe6  x4:0x55b8156c  x3=0xd5ba4a8a
      202699000	     10033	8000458a	404c5393	srai	x7,x24,0x4	 x24:0x00000792  x7=0x00000079
      202719000	     10034	8000458e	987d	c.andi	x8,-1	  x8:0x7ffff96b  x8=0x7ffff96b
      203019000	     10049	80004590	01b398b3	sll	x17,x7,x27	  x7:0x00000079 x27:0x80000000 x17=0x00000079
      203199000	     10058	80004594	01c51e33	sll	x28,x10,x28	 x10:0x00000362 x28:0x00000791 x28=0x06c40000
      203219000	     10059	80004598	00b300b3	add	x1,x6,x11	  x6:0x00000044 x11:0xfffff82f  x1=0xfffff873
      203359000	     10066	8000459c	4036d813	srai	x16,x13,0x3	 x13:0xff000000 x16=0xffe00000
      203379000	     10067	800045a0	039cc063	blt	x25,x25,800045c0	 x25:0x80025ce4 x25:0x80025ce4
      203399000	     10068	800045a4	02d37863	bgeu	x6,x13,800045d4	  x6:0x00000044 x13:0xff000000
      203819000	     10089	800045a8	41098433	sub	x8,x19,x16	 x19:0x80021e64 x16:0xffe00000  x8=0x80221e64
      203999000	     10098	800045ac	0001	c.addi	x0,0	  x0:0x00000000  x0=0x00000000
      204019000	     10099	800045ae	9af2	c.add	x21,x28	 x21:0x00000000 x28:0x06c40000 x21=0x06c40000
      204439000	     10120	800045b0	03ae2d33	mulhsu	x26,x28,x26	 x28:0x06c40000 x26:0x00000000 x26=0x00000000
      204699000	     10133	800045b4	01ae3bb3	sltu	x23,x28,x26	 x28:0x06c40000 x26:0x00000000 x23=0x00000000
      204759000	     10136	800045b8	0001	c.addi	x0,0	  x0:0x00000000  x0=0x00000000
      204779000	     10137	800045ba	eb15	c.bnez	x14,800045ee	 x14:0x0000077b
      205179000	     10157	800045ee	02b390b3	mulh	x1,x7,x11	  x7:0x00000079 x11:0xfffff82f  x1=0xffffffff
      205199000	     10158	800045f2	4177dd33	sra	x26,x15,x23	 x15:0x7ffff96a x23:0x00000000 x26=0x7ffff96a
      205219000	     10159	800045f6	8175	c.srli	x10,0x1d	 x10:0x00000362 x10=0x00000000
      205499000	     10173	800045f8	8d5d	c.or	x10,x15	 x10:0x00000000 x15:0x7ffff96a x10=0x7ffff96a
      205699000	     10183	800045fa	01875563	bge	x14,x24,80004604	 x14:0x0000077b x24:0x00000792
      205799000	     10188	800045fe	eaac2293	slti	x5,x24,-342	 x24:0x00000792  x5=0x00000000
      205819000	     10189	80004602	ed81	c.bnez	x11,8000461a	 x11:0xfffff82f
      206799000	     10238	8000461a	003c0933	add	x18,x24,x3	 x24:0x00000792  x3:0xd5ba4a8a x18=0xd5ba521c
      206819000	     10239	8000461e	410f8633	sub	x12,x31,x16	 x31:0x00000791 x16:0xffe00000 x12=0x00200791
      206839000	     10240	80004622	8cf1	c.and	x9,x12	  x9:0x00000000 x12:0x00200791  x9=0x00000000
      207059000	     10251	80004624	0001	c.addi	x0,0	  x0:0x00000000  x0=0x00000000
      207239000	     10260	80004626	01e05313	srli	x6,x0,0x1e	  x0:0x00000000  x6=0x00000000
      207559000	     10276	8000462a	02eea7b3	mulhsu	x15,x29,x14	 x29:0x73ef730e x14:0x0000077b x15=0x00000363
      207579000	     10277	8000462e	811a	c.mv	x2,x6	  x0:0x00000000  x6:0x00000000  x2=0x00000000
      207599000	     10278	80004630	613d	c.addi16sp	x2,480	  x2:0x00000000  x2=0x000001e0
      207619000	     10279	80004632	8d91	c.sub	x11,x12	 x11:0xfffff82f x12:0x00200791 x11=0xffdff09e
      207639000	     10280	80004634	2289aa93	slti	x21,x19,552	 x19:0x80021e64 x21=0x00000001
      207719000	     10284	80004638	0001	c.addi	x0,0	  x0:0x00000000  x0=0x00000000
      207739000	     10285	8000463a	60f1	c.lui	x1,0x1c	  x1=0x0001c000
      207819000	     10289	8000463c	02439333	mulh	x6,x7,x4	  x7:0x00000079  x4:0x55b8156c  x6=0x00000028
      207859000	     10291	80004640	91ca	c.add	x3,x18	  x3:0xd5ba4a8a x18:0xd5ba521c  x3=0xab749ca6
      207879000	     10292	80004642	0113e533	or	x10,x7,x17	  x7:0x00000079 x17:0x00000079 x10=0x00000079
      207899000	     10293	80004646	043c0063	beq	x24,x3,80004686	 x24:0x00000792  x3:0xab749ca6
      207919000	     10294	8000464a	8ead	c.xor	x13,x11	 x13:0xff000000 x11:0xffdff09e x13=0x00dff09e
      208119000	     10304	8000464c	8e01	c.sub	x12,x8	 x12:0x00200791  x8:0x80221e64 x12=0x7ffde92d
      208999000	     10348	8000464e	021ef033	remu	x0,x29,x1	 x29:0x73ef730e  x1:0x0001c000  x0=0x00000000
      209019000	     10349	80004652	4034d713	srai	x14,x9,0x3	  x9:0x00000000 x14=0x00000000
      209039000	     10350	80004656	8d99	c.sub	x11,x14	 x11:0xffdff09e x14:0x00000000 x11=0xffdff09e
      209059000	     10351	80004658	1c84	c.addi4spn	x9,x2,624	  x9=0x00000450
      209079000	     10352	8000465a	0083b1b3	sltu	x3,x7,x8	  x7:0x00000079  x8:0x80221e64  x3=0x00000001
      209099000	     10353	8000465e	029ed163	bge	x29,x9,80004680	 x29:0x73ef730e  x9:0x00000450
      209599000	     10378	80004680	8116	c.mv	x2,x5	  x0:0x00000000  x5:0x00000000  x2=0x00000000
      209659000	     10381	80004682	01d970b3	and	x1,x18,x29	 x18:0xd5ba521c x29:0x73ef730e  x1=0x51aa520c
      209679000	     10382	80004686	1bfd	c.addi	x23,-1	 x23:0x00000000 x23=0xffffffff
      210039000	     10400	80004688	5a343497	auipc	x9,0x5a343	  x9=0xda347688
      210059000	     10401	8000468c	03438bb3	mul	x23,x7,x20	  x7:0x00000079 x20:0x00000000 x23=0x00000000
      210079000	     10402	80004690	8862	c.mv	x16,x24	  x0:0x00000000 x24:0x00000792 x16=0x00000792
      210219000	     10409	80004692	0200cd33	div	x26,x1,x0	  x1:0x51aa520c  x0:0x00000000 x26=0xffffffff
      210239000	     10410	80004696	717d	c.addi16sp	x2,-16	  x2:0x00000000  x2=0xfffffff0
      210259000	     10411	80004698	717d	c.addi16sp	x2,-16	  x2:0xfffffff0  x2=0xffffffe0
      210279000	     10412	8000469a	8779	c.srai	x14,0x1e	 x14:0x00000000 x14=0x00000000
      210639000	     10430	8000469c	854a	c.mv	x10,x18	  x0:0x00000000 x18:0xd5ba521c x10=0xd5ba521c
      210659000	     10431	8000469e	9a42	c.add	x20,x16	 x20:0x00000000 x16:0x00000792 x20=0x00000792
      211039000	     10450	800046a0	010ade63	bge	x21,x16,800046bc	 x21:0x00000001 x16:0x00000792
      211959000	     10496	800046a4	03f467b3	rem	x15,x8,x31	  x8:0x80221e64 x31:0x00000791 x15=0xfffffcfa
      211979000	     10497	800046a8	888ff013	andi	x0,x31,-1912	 x31:0x00000791  x0=0x00000000
      211999000	     10498	800046ac	8145	c.srli	x10,0x11	 x10:0xd5ba521c x10=0x00006add
      212019000	     10499	800046ae	cd05	c.beqz	x10,800046e6	 x10:0x00006add
      212039000	     10500	800046b0	891e	c.mv	x18,x7	  x0:0x00000000  x7:0x00000079 x18=0x00000079
      212059000	     10501	800046b2	024c1c63	bne	x24,x4,800046ea	 x24:0x00000792  x4:0x55b8156c
      212459000	     10521	800046ea	00869193	slli	x3,x13,0x8	 x13:0x00dff09e  x3=0xdff09e00
      212879000	     10542	800046ee	029d8933	mul	x18,x27,x9	 x27:0x80000000  x9:0xda347688 x18=0x00000000
      212899000	     10543	800046f2	0c19	c.addi	x24,6	 x24:0x00000792 x24=0x00000798
      213019000	     10549	800046f4	0127ff33	and	x30,x15,x18	 x15:0xfffffcfa x18:0x00000000 x30=0x00000000
      213219000	     10559	800046f8	8d0e	c.mv	x26,x3	  x0:0x00000000  x3:0xdff09e00 x26=0xdff09e00
      213239000	     10560	800046fa	8159	c.srli	x10,0x16	 x10:0x00006add x10=0x00000000
      213259000	     10561	800046fc	003f5863	bge	x30,x3,8000470c	 x30:0x00000000  x3:0xdff09e00
      214059000	     10601	8000470c	03c1db63	bge	x3,x28,80004742	  x3:0xdff09e00 x28:0x06c40000
      214339000	     10615	80004710	8fc1	c.or	x15,x8	 x15:0xfffffcfa  x8:0x80221e64 x15=0xfffffefe
      214759000	     10636	80004712	001e9a93	slli	x21,x29,0x1	 x29:0x73ef730e x21=0xe7dee61c
      214859000	     10641	80004716	0051b233	sltu	x4,x3,x5	  x3:0xdff09e00  x5:0x00000000  x4=0x00000000
      214879000	     10642	8000471a	0949	c.addi	x18,18	 x18:0x00000000 x18=0x00000012
      214899000	     10643	8000471c	41db5fb3	sra	x31,x22,x29	 x22:0x80025fe6 x29:0x73ef730e x31=0xfffe0009
      215299000	     10663	80004720	013c82b3	add	x5,x25,x19	 x25:0x80025ce4 x19:0x80021e64  x5=0x00047b48
      215319000	     10664	80004724	8955	c.andi	x10,21	 x10:0x00000000 x10=0x00000000
      215619000	     10679	80004726	7fa84793	xori	x15,x16,2042	 x16:0x00000792 x15=0x00000068
      215639000	     10680	8000472a	01b0c013	xori	x0,x1,27	  x1:0x51aa520c  x0=0x00000000
      215679000	     10682	8000472e	02ea9fb3	mulh	x31,x21,x14	 x21:0xe7dee61c x14:0x00000000 x31=0x00000000
      215699000	     10683	80004732	0192fe33	and	x28,x5,x25	  x5:0x00047b48 x25:0x80025ce4 x28=0x00005840
      215779000	     10687	80004736	03bb7863	bgeu	x22,x27,80004766	 x22:0x80025fe6 x27:0x80000000
      216219000	     10709	80004766	40b05e93	srai	x29,x0,0xb	  x0:0x00000000 x29=0x00000000
      216239000	     10710	8000476a	6fb1	c.lui	x31,0xc	 x31=0x0000c000
      216259000	     10711	8000476c	127d	c.addi	x4,-1	  x4:0x00000000  x4=0xffffffff
      216279000	     10712	8000476e	997d	c.andi	x10,-1	 x10:0x00000000 x10=0x00000000
      216499000	     10723	80004770	9bfd	c.andi	x15,-1	 x15:0x00000068 x15=0x00000068
      216519000	     10724	80004772	0276	c.slli	x4,0x1d	  x4:0xffffffff  x4=0xe0000000
      216919000	     10744	80004774	01787633	and	x12,x16,x23	 x16:0x00000792 x23:0x00000000 x12=0x00000000
      217019000	     10749	80004778	02642c33	mulhsu	x24,x8,x6	  x8:0x80221e64  x6:0x00000028 x24=0xffffffec
      217419000	     10769	8000477c	8d31	c.xor	x10,x12	 x10:0x00000000 x12:0x00000000 x10=0x00000000
      217439000	     10770	8000477e	0656	c.slli	x12,0x15	 x12:0x00000000 x12=0x00000000
      217459000	     10771	80004780	01b7c963	blt	x15,x27,80004792	 x15:0x00000068 x27:0x80000000
      217579000	     10777	80004784	010370b3	and	x1,x6,x16	  x6:0x00000028 x16:0x00000792  x1=0x00000000
      217599000	     10778	80004788	98f8cf13	xori	x30,x17,-1649	 x17:0x00000079 x30=0xfffff9f6
      217699000	     10783	8000478c	f5b14e93	xori	x29,x2,-165	  x2:0xffffffe0 x29=0x000000bb
      217839000	     10790	80004790	0001	c.addi	x0,0	  x0:0x00000000  x0=0x00000000
      217859000	     10791	80004792	0001	c.addi	x0,0	  x0:0x00000000  x0=0x00000000
      218219000	     10809	80004794	b7222893	slti	x17,x4,-1166	  x4:0xe0000000 x17=0x00000001
      218639000	     10830	80004798	030307b3	mul	x15,x6,x16	  x6:0x00000028 x16:0x00000792 x15=0x00012ed0
      218659000	     10831	8000479c	1c908e93	addi	x29,x1,457	  x1:0x00000000 x29=0x000001c9
      218679000	     10832	800047a0	f443a513	slti	x10,x7,-188	  x7:0x00000079 x10=0x00000000
      218799000	     10838	800047a4	6bb9	c.lui	x23,0xe	 x23=0x0000e000
      218819000	     10839	800047a6	7d342a13	slti	x20,x8,2003	  x8:0x80221e64 x20=0x00000001
      219159000	     10856	800047aa	4d2c7f13	andi	x30,x24,1234	 x24:0xffffffec x30=0x000004c0
      219179000	     10857	800047ae	0ff0000f	fence	iorw,iorw	
      219199000	     10858	800047b2	ef91	c.bnez	x15,800047ce	 x15:0x00012ed0
      219379000	     10867	800047ce	e685	c.bnez	x13,800047f6	 x13:0x00dff09e
      220279000	     10912	800047f6	0125d6b3	srl	x13,x11,x18	 x11:0xffdff09e x18:0x00000012 x13=0x00003ff7
      220299000	     10913	800047fa	a904c6b7	lui	x13,0xa904c	 x13=0xa904c000
      220319000	     10914	800047fe	11fd	c.addi	x3,-1	  x3:0xdff09e00  x3=0xdff09dff
      220339000	     10915	80004800	14ac8f13	addi	x30,x25,330	 x25:0x80025ce4 x30=0x80025e2e
      220499000	     10923	80004804	00a7ee33	or	x28,x15,x10	 x15:0x00012ed0 x10:0x00000000 x28=0x00012ed0
      220519000	     10924	80004808	016764b3	or	x9,x14,x22	 x14:0x00000000 x22:0x80025fe6  x9=0x80025fe6
      220539000	     10925	8000480c	007b7ab3	and	x21,x22,x7	 x22:0x80025fe6  x7:0x00000079 x21=0x00000060
      220599000	     10928	80004810	6125	c.addi16sp	x2,96	  x2:0xffffffe0  x2=0x00000040
      220699000	     10933	80004812	00df0a33	add	x20,x30,x13	 x30:0x80025e2e x13:0xa904c000 x20=0x29071e2e
      220779000	     10937	80004816	034f1333	mulh	x6,x30,x20	 x30:0x80025e2e x20:0x29071e2e  x6=0xeb7cd20f
      220799000	     10938	8000481a	88c9	c.andi	x9,18	  x9:0x80025fe6  x9=0x00000002
      221139000	     10955	8000481c	8e92	c.mv	x29,x4	  x0:0x00000000  x4:0xe0000000 x29=0xe0000000
      221379000	     10967	8000481e	02dda1b3	mulhsu	x3,x27,x13	 x27:0x80000000 x13:0xa904c000  x3=0xab7da000
      221419000	     10969	80004822	0220b133	mulhu	x2,x1,x2	  x1:0x00000000  x2:0x00000040  x2=0x00000000
      221439000	     10970	80004826	8ec5	c.or	x13,x9	 x13:0xa904c000  x9:0x00000002 x13=0xa904c002
      222299000	     11013	80004828	02995333	divu	x6,x18,x9	 x18:0x00000012  x9:0x00000002  x6=0x00000009
      222319000	     11014	8000482c	6159	c.addi16sp	x2,400	  x2:0x00000000  x2=0x00000190
      222339000	     11015	8000482e	87d1	c.srai	x15,0x14	 x15:0x00012ed0 x15=0x00000000
      222359000	     11016	80004830	41fddc33	sra	x24,x27,x31	 x27:0x80000000 x31:0x0000c000 x24=0x80000000
      222379000	     11017	80004834	fb666793	ori	x15,x12,-74	 x12:0x00000000 x15=0xffffffb6
      222399000	     11018	80004838	016bb333	sltu	x6,x23,x22	 x23:0x0000e000 x22:0x80025fe6  x6=0x00000001
      222419000	     11019	8000483c	038f1763	bne	x30,x24,8000486a	 x30:0x80025e2e x24:0x80000000
      223259000	     11061	8000486a	c999	c.beqz	x11,80004880	 x11:0xffdff09e
      223479000	     11072	8000486c	0178f1b3	and	x3,x17,x23	 x17:0x00000001 x23:0x0000e000  x3=0x00000000
      223699000	     11083	80004870	e2a9	c.bnez	x13,800048b2	 x13:0xa904c002
      224739000	     11135	800048b2	8916f613	andi	x12,x13,-1903	 x13:0xa904c002 x12=0xa904c000
      225159000	     11156	800048b6	018f8663	beq	x31,x24,800048c2	 x31:0x0000c000 x24:0x80000000
      225179000	     11157	800048ba	8121	c.srli	x10,0x8	 x10:0x00000000 x10=0x00000000
      225199000	     11158	800048bc	02219863	bne	x3,x2,800048ec	  x3:0x00000000  x2:0x00000190
      225999000	     11198	800048ec	02dfcc33	div	x24,x31,x13	 x31:0x0000c000 x13:0xa904c002 x24=0x00000000
      226019000	     11199	800048f0	8d5d	c.or	x10,x15	 x10:0x00000000 x15:0xffffffb6 x10=0xffffffb6
      226039000	     11200	800048f2	400cda13	srai	x20,x25,0x0	 x25:0x80025ce4 x20=0x80025ce4
      226059000	     11201	800048f6	0036aab3	slt	x21,x13,x3	 x13:0xa904c002  x3:0x00000000 x21=0x00000001
      226079000	     11202	800048fa	1914	c.addi4spn	x13,x2,176	 x13=0x00000240
      226099000	     11203	800048fc	4f69	c.li	x30,26	 x30=0x0000001a
      226119000	     11204	800048fe	46dd	c.li	x13,23	 x13=0x00000017
      226139000	     11205	80004900	006cbab3	sltu	x21,x25,x6	 x25:0x80025ce4  x6:0x00000001 x21=0x00000000
      226159000	     11206	80004904	d62b6b13	ori	x22,x22,-670	 x22:0x80025fe6 x22=0xffffffe6
      226559000	     11226	80004908	717d	c.addi16sp	x2,-16	  x2:0x00000190  x2=0x00000180
      226579000	     11227	8000490a	137d	c.addi	x6,-1	  x6:0x00000001  x6=0x00000000
      226599000	     11228	8000490c	00a7e033	or	x0,x15,x10	 x15:0xffffffb6 x10:0xffffffb6  x0=0x00000000
      226619000	     11229	80004910	8ff9	c.and	x15,x14	 x15:0xffffffb6 x14:0x00000000 x15=0x00000000
      226859000	     11241	80004912	001d8733	add	x14,x27,x1	 x27:0x80000000  x1:0x00000000 x14=0x80000000
      226879000	     11242	80004916	8f61	c.and	x14,x8	 x14:0x80000000  x8:0x80221e64 x14=0x80000000
      226899000	     11243	80004918	0054f733	and	x14,x9,x5	  x9:0x00000002  x5:0x00047b48 x14=0x00000000
      226919000	     11244	8000491c	8e99	c.sub	x13,x14	 x13:0x00000017 x14:0x00000000 x13=0x00000017
      226939000	     11245	8000491e	8309	c.srli	x14,0x2	 x14:0x00000000 x14=0x00000000
      226999000	     11248	80004920	02d8d063	bge	x17,x13,80004940	 x17:0x00000001 x13:0x00000017
      227019000	     11249	80004924	0162c333	xor	x6,x5,x22	  x5:0x00047b48 x22:0xffffffe6  x6=0xfffb84ae
      227039000	     11250	80004928	8da5	c.xor	x11,x9	 x11:0xffdff09e  x9:0x00000002 x11=0xffdff09c
      227059000	     11251	8000492a	01d61893	slli	x17,x12,0x1d	 x12:0xa904c000 x17=0x00000000
      227079000	     11252	8000492e	013dd1b3	srl	x3,x27,x19	 x27:0x80000000 x19:0x80021e64  x3=0x08000000
      227099000	     11253	80004932	61dd2593	slti	x11,x26,1565	 x26:0xdff09e00 x11=0x00000001
      227179000	     11257	80004936	03e21533	mulh	x10,x4,x30	  x4:0xe0000000 x30:0x0000001a x10=0xfffffffc
      227199000	     11258	8000493a	b4ff4413	xori	x8,x30,-1201	 x30:0x0000001a  x8=0xfffffb55
      227219000	     11259	8000493e	8ed5	c.or	x13,x13	 x13:0x00000017 x13:0x00000017 x13=0x00000017
      227239000	     11260	80004940	8e92	c.mv	x29,x4	  x0:0x00000000  x4:0xe0000000 x29=0xe0000000
      227259000	     11261	80004942	00269893	slli	x17,x13,0x2	 x13:0x00000017 x17=0x0000005c
      227279000	     11262	80004946	40b75233	sra	x4,x14,x11	 x14:0x00000000 x11:0x00000001  x4=0x00000000
      227299000	     11263	8000494a	990e	c.add	x18,x3	 x18:0x00000012  x3:0x08000000 x18=0x08000012
      227319000	     11264	8000494c	3c10b7b7	lui	x15,0x3c10b	 x15=0x3c10b000
      227339000	     11265	80004950	8e35	c.xor	x12,x13	 x12:0xa904c000 x13:0x00000017 x12=0xa904c017
      227359000	     11266	80004952	0009dfb3	srl	x31,x19,x0	 x19:0x80021e64  x0:0x00000000 x31=0x80021e64
      227379000	     11267	80004956	8c25	c.xor	x8,x9	  x8:0xfffffb55  x9:0x00000002  x8=0xfffffb57
      227399000	     11268	80004958	02e005b3	mul	x11,x0,x14	  x0:0x00000000 x14:0x00000000 x11=0x00000000
      227779000	     11287	8000495c	9316	c.add	x6,x5	  x6:0xfffb84ae  x5:0x00047b48  x6=0xfffffff6
      227819000	     11289	8000495e	03fcc863	blt	x25,x31,8000498e	 x25:0x80025ce4 x31:0x80021e64
      227839000	     11290	80004962	e815	c.bnez	x8,80004996	  x8:0xfffffb57
      228879000	     11342	80004996	0075d863	bge	x11,x7,800049a6	 x11:0x00000000  x7:0x00000079
      228899000	     11343	8000499a	008c9663	bne	x25,x8,800049a6	 x25:0x80025ce4  x8:0xfffffb57
      229819000	     11389	800049a6	02f91d63	bne	x18,x15,800049e0	 x18:0x08000012 x15:0x3c10b000
      229899000	     11393	800049e0	c05d4293	xori	x5,x26,-1019	 x26:0xdff09e00  x5=0x200f6205
      230119000	     11404	800049e4	035b1f33	mulh	x30,x22,x21	 x22:0xffffffe6 x21:0x00000000 x30=0x00000000
      230179000	     11407	800049e8	892a	c.mv	x18,x10	  x0:0x00000000 x10:0xfffffffc x18=0xfffffffc
      230199000	     11408	800049ea	6ae5	c.lui	x21,0x19	 x21=0x00019000
      230319000	     11414	800049ec	01b27863	bgeu	x4,x27,800049fc	  x4:0x00000000 x27:0x80000000
      230739000	     11435	800049f0	9b22	c.add	x22,x8	 x22:0xffffffe6  x8:0xfffffb57 x22=0xfffffb3d
      230759000	     11436	800049f2	6e05	c.lui	x28,0x1	 x28=0x00001000
      230779000	     11437	800049f4	03c50563	beq	x10,x28,80004a1e	 x10:0xfffffffc x28:0x00001000
      230799000	     11438	800049f8	006ac863	blt	x21,x6,80004a08	 x21:0x00019000  x6:0xfffffff6
      230859000	     11441	800049fc	036fc563	blt	x31,x22,80004a26	 x31:0x80021e64 x22:0xfffffb3d
      231579000	     11477	80004a26	02d4cd63	blt	x9,x13,80004a60	  x9:0x00000002 x13:0x00000017
      235899000	     11693	80004a60	8eb9	c.xor	x13,x14	 x13:0x00000017 x14:0x00000000 x13=0x00000017
      236639000	     11730	80004a62	02ab50b3	divu	x1,x22,x10	 x22:0xfffffb3d x10:0xfffffffc  x1=0x00000000
      236659000	     11731	80004a66	00f18f33	add	x30,x3,x15	  x3:0x08000000 x15:0x3c10b000 x30=0x4410b000
      236679000	     11732	80004a6a	40805113	srai	x2,x0,0x8	  x0:0x00000000  x2=0x00000000
      237419000	     11769	80004a6e	02555a33	divu	x20,x10,x5	 x10:0xfffffffc  x5:0x200f6205 x20=0x00000007
      237439000	     11770	80004a72	00b1e1b3	or	x3,x3,x11	  x3:0x08000000 x11:0x00000000  x3=0x08000000
      237479000	     11772	80004a76	02e750b3	divu	x1,x14,x14	 x14:0x00000000 x14:0x00000000  x1=0xffffffff
      238219000	     11809	80004a7a	0265c733	div	x14,x11,x6	 x11:0x00000000  x6:0xfffffff6 x14=0x00000000
      238239000	     11810	80004a7e	5d77c513	xori	x10,x15,1495	 x15:0x3c10b000 x10=0x3c10b5d7
      238259000	     11811	80004a82	00ed7c33	and	x24,x26,x14	 x26:0xdff09e00 x14:0x00000000 x24=0x00000000
      238279000	     11812	80004a86	01536b33	or	x22,x6,x21	  x6:0xfffffff6 x21:0x00019000 x22=0xfffffff6
      238299000	     11813	80004a8a	9a7e	c.add	x20,x31	 x20:0x00000007 x31:0x80021e64 x20=0x80021e6b
      239039000	     11850	80004a8c	03d743b3	div	x7,x14,x29	 x14:0x00000000 x29:0xe0000000  x7=0x00000000
      239059000	     11851	80004a90	8275	c.srli	x12,0x1d	 x12:0xa904c017 x12=0x00000005
      239079000	     11852	80004a92	8541	c.srai	x10,0x10	 x10:0x3c10b5d7 x10=0x00003c10
      239099000	     11853	80004a94	015d6463	bltu	x26,x21,80004a9c	 x26:0xdff09e00 x21:0x00019000
      239119000	     11854	80004a98	8f49	c.or	x14,x10	 x14:0x00000000 x10:0x00003c10 x14=0x00003c10
      239139000	     11855	80004a9a	8549	c.srai	x10,0x12	 x10:0x00003c10 x10=0x00000000
      239879000	     11892	80004a9c	03f35533	divu	x10,x6,x31	  x6:0xfffffff6 x31:0x80021e64 x10=0x00000001
      239899000	     11893	80004aa0	61ad	c.lui	x3,0xb	  x3=0x0000b000
      239919000	     11894	80004aa2	0ba6	c.slli	x23,0x9	 x23:0x0000e000 x23=0x01c00000
      240659000	     11931	80004aa4	0256c0b3	div	x1,x13,x5	 x13:0x00000017  x5:0x200f6205  x1=0x00000000
      240679000	     11932	80004aa8	8a7d	c.andi	x12,31	 x12:0x00000005 x12=0x00000005
      240699000	     11933	80004aaa	0090cc33	xor	x24,x1,x9	  x1:0x00000000  x9:0x00000002 x24=0x00000002
      240719000	     11934	80004aae	e59d	c.bnez	x11,80004adc	 x11:0x00000000
      240739000	     11935	80004ab0	892d	c.andi	x10,11	 x10:0x00000001 x10=0x00000001
      241479000	     11972	80004ab2	035cc733	div	x14,x25,x21	 x25:0x80025ce4 x21:0x00019000 x14=0xffffae16
      241499000	     11973	80004ab6	41d3d793	srai	x15,x7,0x1d	  x7:0x00000000 x15=0x00000000
      241519000	     11974	80004aba	968e	c.add	x13,x3	 x13:0x00000017  x3:0x0000b000 x13=0x0000b017
      241539000	     11975	80004abc	5a7d	c.li	x20,-1	 x20=0xffffffff
      241559000	     11976	80004abe	00ddfc33	and	x24,x27,x13	 x27:0x80000000 x13:0x0000b017 x24=0x00000000
      241579000	     11977	80004ac2	e085	c.bnez	x9,80004ae2	  x9:0x00000002
      242619000	     12029	80004ae2	1efd	c.addi	x29,-1	 x29:0xe0000000 x29=0xdfffffff
      242639000	     12030	80004ae4	035b0833	mul	x16,x22,x21	 x22:0xfffffff6 x21:0x00019000 x16=0xfff06000
      242659000	     12031	80004ae8	717d	c.addi16sp	x2,-16	  x2:0x00000000  x2=0xfffffff0
      242679000	     12032	80004aea	0145f963	bgeu	x11,x20,80004afc	 x11:0x00000000 x20:0xffffffff
      242699000	     12033	80004aee	00be7633	and	x12,x28,x11	 x28:0x00001000 x11:0x00000000 x12=0x00000000
      243119000	     12054	80004af2	01877463	bgeu	x14,x24,80004afa	 x14:0xffffae16 x24:0x00000000
      243459000	     12071	80004afa	6259	c.lui	x4,0x16	  x4=0x00016000
      243479000	     12072	80004afc	717d	c.addi16sp	x2,-16	  x2:0xfffffff0  x2=0xffffffe0
      243499000	     12073	80004afe	8e45	c.or	x12,x9	 x12:0x00000000  x9:0x00000002 x12=0x00000002
      243519000	     12074	80004b00	8c31	c.xor	x8,x12	  x8:0xfffffb57 x12:0x00000002  x8=0xfffffb55
      243539000	     12075	80004b02	00b81f93	slli	x31,x16,0xb	 x16:0xfff06000 x31=0x83000000
      243559000	     12076	80004b06	1514	c.addi4spn	x13,x2,672	 x13=0x00000280
      243639000	     12080	80004b08	8269	c.srli	x12,0x1a	 x12:0x00000002 x12=0x00000000
      243659000	     12081	80004b0a	02c4d963	bge	x9,x12,80004b3c	  x9:0x00000002 x12:0x00000000
      243919000	     12094	80004b3c	02241533	mulh	x10,x8,x2	  x8:0xfffffb55  x2:0xffffffe0 x10=0x00000000
      244099000	     12103	80004b40	60ad	c.lui	x1,0xb	  x1=0x0000b000
      244119000	     12104	80004b42	ed09	c.bnez	x10,80004b5c	 x10:0x00000000
      244179000	     12107	80004b44	00c5e463	bltu	x11,x12,80004b4c	 x11:0x00000000 x12:0x00000000
      244199000	     12108	80004b48	1c7d	c.addi	x24,-1	 x24:0x00000000 x24=0xffffffff
      244219000	     12109	80004b4a	1010	c.addi4spn	x12,x2,32	 x12=0x00000000
      244239000	     12110	80004b4c	1b7d	c.addi	x22,-1	 x22:0xfffffff6 x22=0xfffffff5
      244259000	     12111	80004b4e	cc15	c.beqz	x8,80004b8a	  x8:0xfffffb55
      244279000	     12112	80004b50	407d5333	sra	x6,x26,x7	 x26:0xdff09e00  x7:0x00000000  x6=0xdff09e00
      244299000	     12113	80004b54	00135463	bge	x6,x1,80004b5c	  x6:0xdff09e00  x1:0x0000b000
      244319000	     12114	80004b58	01fb63b3	or	x7,x22,x31	 x22:0xfffffff5 x31:0x83000000  x7=0xfffffff5
      244499000	     12123	80004b5c	0001	c.addi	x0,0	  x0:0x00000000  x0=0x00000000
      244519000	     12124	80004b5e	01dddc13	srli	x24,x27,0x1d	 x27:0x80000000 x24=0x00000004
      244539000	     12125	80004b62	0001	c.addi	x0,0	  x0:0x00000000  x0=0x00000000
      244659000	     12131	80004b64	007ab0b3	sltu	x1,x21,x7	 x21:0x00019000  x7:0xfffffff5  x1=0x00000001
      244779000	     12137	80004b68	0f76	c.slli	x30,0x1d	 x30:0x4410b000 x30=0x00000000
      244819000	     12139	80004b6a	d39a9317	auipc	x6,0xd39a9	  x6=0x539adb6a
      244839000	     12140	80004b6e	0001	c.addi	x0,0	  x0:0x00000000  x0=0x00000000
      244859000	     12141	80004b70	ef56c613	xori	x12,x13,-267	 x13:0x00000280 x12=0xfffffc75
      245219000	     12159	80004b74	89ed	c.andi	x11,27	 x11:0x00000000 x11=0x00000000
      245239000	     12160	80004b76	00ec9593	slli	x11,x25,0xe	 x25:0x80025ce4 x11=0x97390000
      245979000	     12197	80004b7a	03695333	divu	x6,x18,x22	 x18:0xfffffffc x22:0xfffffff5  x6=0x00000001
      245999000	     12198	80004b7e	8671	c.srai	x12,0x1c	 x12:0xfffffc75 x12=0xffffffff
      246019000	     12199	80004b80	80c1	c.srli	x9,0x10	  x9:0x00000002  x9=0x00000000
      246059000	     12201	80004b82	0298a6b3	mulhsu	x13,x17,x9	 x17:0x0000005c  x9:0x00000000 x13=0x00000000
      246079000	     12202	80004b86	00875833	srl	x16,x14,x8	 x14:0xffffae16  x8:0xfffffb55 x16=0x000007ff
      246099000	     12203	80004b8a	8c41	c.or	x8,x8	  x8:0xfffffb55  x8:0xfffffb55  x8=0xfffffb55
      246119000	     12204	80004b8c	ea91	c.bnez	x13,80004ba0	 x13:0x00000000
      246139000	     12205	80004b8e	4125d793	srai	x15,x11,0x12	 x11:0x97390000 x15=0xffffe5ce
      246159000	     12206	80004b92	8d35	c.xor	x10,x13	 x10:0x00000000 x13:0x00000000 x10=0x00000000
      246179000	     12207	80004b94	41885413	srai	x8,x16,0x18	 x16:0x000007ff  x8=0x00000000
      246299000	     12213	80004b98	413f5533	sra	x10,x30,x19	 x30:0x00000000 x19:0x80021e64 x10=0x00000000
      246399000	     12218	80004b9c	0e06	c.slli	x28,0x1	 x28:0x00001000 x28=0x00002000
      246419000	     12219	80004b9e	8b71	c.andi	x14,28	 x14:0xffffae16 x14=0x00000014
      246439000	     12220	80004ba0	001a27b3	slt	x15,x20,x1	 x20:0xffffffff  x1:0x00000001 x15=0x00000001
      246839000	     12240	80004ba4	e58d	c.bnez	x11,80004bce	 x11:0x97390000
      247399000	     12268	80004bce	0001	c.addi	x0,0	  x0:0x00000000  x0=0x00000000
      247439000	     12270	80004bd0	717d	c.addi16sp	x2,-16	  x2:0xffffffe0  x2=0xffffffd0
      247459000	     12271	80004bd2	0ff0000f	fence	iorw,iorw	
      248199000	     12308	80004bd6	036dceb3	div	x29,x27,x22	 x27:0x80000000 x22:0xfffffff5 x29=0x0ba2e8ba
      248219000	     12309	80004bda	40aa02b3	sub	x5,x20,x10	 x20:0xffffffff x10:0x00000000  x5=0xffffffff
      248239000	     12310	80004bde	ac807213	andi	x4,x0,-1336	  x0:0x00000000  x4=0x00000000
      248259000	     12311	80004be2	c23ee813	ori	x16,x29,-989	 x29:0x0ba2e8ba x16=0xfffffcbb
      248279000	     12312	80004be6	949c6693	ori	x13,x24,-1719	 x24:0x00000004 x13=0xfffff94d
      248299000	     12313	80004bea	8315	c.srli	x14,0x5	 x14:0x00000014 x14=0x00000000
      249039000	     12350	80004bec	02cefab3	remu	x21,x29,x12	 x29:0x0ba2e8ba x12:0xffffffff x21=0x0ba2e8ba
      249059000	     12351	80004bf0	0c66	c.slli	x24,0x19	 x24:0x00000004 x24=0x08000000
      249079000	     12352	80004bf2	5759fb93	andi	x23,x19,1397	 x19:0x80021e64 x23=0x00000464
      249099000	     12353	80004bf6	73c7fd37	lui	x26,0x73c7f	 x26=0x73c7f000
      249119000	     12354	80004bfa	14fd	c.addi	x9,-1	  x9:0x00000000  x9=0xffffffff
      249139000	     12355	80004bfc	8e85	c.sub	x13,x9	 x13:0xfffff94d  x9:0xffffffff x13=0xfffff94e
      249159000	     12356	80004bfe	3d8153b7	lui	x7,0x3d815	  x7=0x3d815000
      249199000	     12358	80004c02	02a245b3	div	x11,x4,x10	  x4:0x00000000 x10:0x00000000 x11=0xffffffff
      249219000	     12359	80004c06	933e	c.add	x6,x15	  x6:0x00000001 x15:0x00000001  x6=0x00000002
      249619000	     12379	80004c08	02b63833	mulhu	x16,x12,x11	 x12:0xffffffff x11:0xffffffff x16=0xfffffffe
      249659000	     12381	80004c0c	0142d663	bge	x5,x20,80004c18	  x5:0xffffffff x20:0xffffffff
      249879000	     12392	80004c18	9b1a	c.add	x22,x6	 x22:0xfffffff5  x6:0x00000002 x22=0xfffffff7
      249899000	     12393	80004c1a	03c27b63	bgeu	x4,x28,80004c50	  x4:0x00000000 x28:0x00002000
      250079000	     12402	80004c1e	412d0933	sub	x18,x26,x18	 x26:0x73c7f000 x18:0xfffffffc x18=0x73c7f004
      250139000	     12405	80004c22	c89d0193	addi	x3,x26,-887	 x26:0x73c7f000  x3=0x73c7ec89
      250159000	     12406	80004c26	bac76113	ori	x2,x14,-1108	 x14:0x00000000  x2=0xfffffbac
      250319000	     12414	80004c2a	020a0f33	mul	x30,x20,x0	 x20:0xffffffff  x0:0x00000000 x30=0x00000000
      250339000	     12415	80004c2e	02e37e63	bgeu	x6,x14,80004c6a	  x6:0x00000002 x14:0x00000000
      250519000	     12424	80004c6a	0045c6b3	xor	x13,x11,x4	 x11:0xffffffff  x4:0x00000000 x13=0xffffffff
      251379000	     12467	80004c6e	035348b3	div	x17,x6,x21	  x6:0x00000002 x21:0x0ba2e8ba x17=0x00000000
      251419000	     12469	80004c72	02cf38b3	mulhu	x17,x30,x12	 x30:0x00000000 x12:0xffffffff x17=0x00000000
      251439000	     12470	80004c76	014bd963	bge	x23,x20,80004c88	 x23:0x00000464 x20:0xffffffff
      251679000	     12482	80004c88	011ce763	bltu	x25,x17,80004c96	 x25:0x80025ce4 x17:0x00000000
      251899000	     12493	80004c8c	4fa62793	slti	x15,x12,1274	 x12:0xffffffff x15=0x00000001
      252319000	     12514	80004c90	025f4363	blt	x30,x5,80004cb6	 x30:0x00000000  x5:0xffffffff
      252339000	     12515	80004c94	c805	c.beqz	x8,80004cc4	  x8:0x00000000
      253259000	     12561	80004cc4	fbfbbb93	sltiu	x23,x23,-65	 x23:0x00000464 x23=0x00000001
      253619000	     12579	80004cc8	01e364b3	or	x9,x6,x30	  x6:0x00000002 x30:0x00000000  x9=0x00000002
      254419000	     12619	80004ccc	02f15bb3	divu	x23,x2,x15	  x2:0xfffffbac x15:0x00000001 x23=0xfffffbac
      254459000	     12621	80004cd0	02a17833	remu	x16,x2,x10	  x2:0xfffffbac x10:0x00000000 x16=0xfffffbac
      254499000	     12623	80004cd4	03f6ba33	mulhu	x20,x13,x31	 x13:0xffffffff x31:0x83000000 x20=0x82ffffff
      254519000	     12624	80004cd8	51360593	addi	x11,x12,1299	 x12:0xffffffff x11=0x00000512
      255259000	     12661	80004cdc	0365ebb3	rem	x23,x11,x22	 x11:0x00000512 x22:0xfffffff7 x23=0x00000002
      255279000	     12662	80004ce0	9ef38f13	addi	x30,x7,-1553	  x7:0x3d815000 x30=0x3d8149ef
      255299000	     12663	80004ce4	017f7fb3	and	x31,x30,x23	 x30:0x3d8149ef x23:0x00000002 x31=0x00000002
      255319000	     12664	80004ce8	05ad	c.addi	x11,11	 x11:0x00000512 x11=0x0000051d
      255339000	     12665	80004cea	0085b733	sltu	x14,x11,x8	 x11:0x0000051d  x8:0x00000000 x14=0x00000000
      255359000	     12666	80004cee	c785	c.beqz	x15,80004d16	 x15:0x00000001
      255379000	     12667	80004cf0	70c47693	andi	x13,x8,1804	  x8:0x00000000 x13=0x00000000
      255399000	     12668	80004cf4	ec99	c.bnez	x9,80004d12	  x9:0x00000002
      256099000	     12703	80004d12	c0dcbe93	sltiu	x29,x25,-1011	 x25:0x80025ce4 x29=0x00000001
      256119000	     12704	80004d16	005e7933	and	x18,x28,x5	 x28:0x00002000  x5:0xffffffff x18=0x00002000
      256199000	     12708	80004d1a	0000100f	fence.i	
      256639000	     12730	80004d1e	5d4c82b7	lui	x5,0x5d4c8	  x5=0x5d4c8000
      256819000	     12739	80004d22	02b7a333	mulhsu	x6,x15,x11	 x15:0x00000001 x11:0x0000051d  x6=0x00000000
      256839000	     12740	80004d26	856e	c.mv	x10,x27	  x0:0x00000000 x27:0x80000000 x10=0x80000000
      257039000	     12750	80004d28	8c61	c.and	x8,x8	  x8:0x00000000  x8:0x00000000  x8=0x00000000
      257099000	     12753	80004d2a	bdeef093	andi	x1,x29,-1058	 x29:0x00000001  x1=0x00000000
      257459000	     12771	80004d2e	76eaf593	andi	x11,x21,1902	 x21:0x0ba2e8ba x11=0x0000002a
      257479000	     12772	80004d32	0001	c.addi	x0,0	  x0:0x00000000  x0=0x00000000
      257499000	     12773	80004d34	0134c663	blt	x9,x19,80004d40	  x9:0x00000002 x19:0x80021e64
      257519000	     12774	80004d38	0fdfc193	xori	x3,x31,253	 x31:0x00000002  x3=0x000000ff
      257539000	     12775	80004d3c	51fd	c.li	x3,-1	  x3=0xffffffff
      257559000	     12776	80004d3e	8c99	c.sub	x9,x14	  x9:0x00000002 x14:0x00000000  x9=0x00000002
      257599000	     12778	80004d40	033f1133	mulh	x2,x30,x19	 x30:0x3d8149ef x19:0x80021e64  x2=0xe13fdd58
      257619000	     12779	80004d44	ce81	c.beqz	x13,80004d5c	 x13:0x00000000
      257819000	     12789	80004d5c	4a586593	ori	x11,x16,1189	 x16:0xfffffbac x11=0xffffffad
      258239000	     12810	80004d60	8e61	c.and	x12,x8	 x12:0xffffffff  x8:0x00000000 x12=0x00000000
      258259000	     12811	80004d62	01561f93	slli	x31,x12,0x15	 x12:0x00000000 x31=0x00000000
      258279000	     12812	80004d66	8d3d	c.xor	x10,x15	 x10:0x80000000 x15:0x00000001 x10=0x80000001
      258299000	     12813	80004d68	1e98	c.addi4spn	x14,x2,880	 x14=0xe13fe0c8
      258699000	     12833	80004d6a	7a0c0b13	addi	x22,x24,1952	 x24:0x08000000 x22=0x080007a0
      258719000	     12834	80004d6e	81a1	c.srli	x11,0x8	 x11:0xffffffad x11=0x00ffffff
      258739000	     12835	80004d70	4050d113	srai	x2,x1,0x5	  x1:0x00000000  x2=0x00000000
      258839000	     12840	80004d74	0215ad33	mulhsu	x26,x11,x1	 x11:0x00ffffff  x1:0x00000000 x26=0x00000000
      258859000	     12841	80004d78	c311	c.beqz	x14,80004d7c	 x14:0xe13fe0c8
      258879000	     12842	80004d7a	8cdd	c.or	x9,x15	  x9:0x00000002 x15:0x00000001  x9=0x00000003
      258899000	     12843	80004d7c	c585	c.beqz	x11,80004da4	 x11:0x00ffffff
      258919000	     12844	80004d7e	05ef1263	bne	x30,x30,80004dc2	 x30:0x3d8149ef x30:0x3d8149ef
      258939000	     12845	80004d82	e50d	c.bnez	x10,80004dac	 x10:0x80000001
      259599000	     12878	80004dac	987d	c.andi	x8,-1	  x8:0x00000000  x8=0x00000000
      259619000	     12879	80004dae	68eb8593	addi	x11,x23,1678	 x23:0x00000002 x11=0x00000690
      259839000	     12890	80004db2	034cb433	mulhu	x8,x25,x20	 x25:0x80025ce4 x20:0x82ffffff  x8=0x41813588
      259899000	     12893	80004db6	00d38633	add	x12,x7,x13	  x7:0x3d815000 x13:0x00000000 x12=0x3d815000
      260639000	     12930	80004dba	033a4bb3	div	x23,x20,x19	 x20:0x82ffffff x19:0x80021e64 x23=0x00000000
      260659000	     12931	80004dbe	002fed33	or	x26,x31,x2	 x31:0x00000000  x2:0x00000000 x26=0x00000000
      260679000	     12932	80004dc2	0000100f	fence.i	
      260779000	     12937	80004dc6	00ebe3b3	or	x7,x23,x14	 x23:0x00000000 x14:0xe13fe0c8  x7=0xe13fe0c8
      260799000	     12938	80004dca	8eb1	c.xor	x13,x12	 x13:0x00000000 x12:0x3d815000 x13=0x3d815000
      261019000	     12949	80004dcc	03a8d533	divu	x10,x17,x26	 x17:0x00000000 x26:0x00000000 x10=0xffffffff
      261259000	     12961	80004dd0	01d0a0b3	slt	x1,x1,x29	  x1:0x00000000 x29:0x00000001  x1=0x00000001
      261439000	     12970	80004dd4	05fe6f63	bltu	x28,x31,80004e32	 x28:0x00002000 x31:0x00000000
      261859000	     12991	80004dd8	40dd	c.li	x1,23	  x1=0x00000017
      261879000	     12992	80004dda	0000100f	fence.i	
      262239000	     13010	80004dde	01c8cb33	xor	x22,x17,x28	 x17:0x00000000 x28:0x00002000 x22=0x00002000
      262259000	     13011	80004de2	03ca	c.slli	x7,0x12	  x7:0xe13fe0c8  x7=0x83200000
      262279000	     13012	80004de4	717d	c.addi16sp	x2,-16	  x2:0x00000000  x2=0xfffffff0
      262659000	     13031	80004de6	0005de13	srli	x28,x11,0x0	 x11:0x00000690 x28=0x00000690
      262679000	     13032	80004dea	00003817	auipc	x16,0x3	 x16=0x80007dea
      262699000	     13033	80004dee	7be80813	addi	x16,x16,1982	 x16:0x80007dea x16=0x800085a8
      262719000	     13034	80004df2	d3980813	addi	x16,x16,-711	 x16:0x800085a8 x16=0x800082e1
      263139000	     13055	80004df6	010b4533	xor	x10,x22,x16	 x22:0x00002000 x16:0x800082e1 x10=0x8000a2e1
      263159000	     13056	80004dfa	82f5	c.srli	x13,0x1d	 x13:0x3d815000 x13=0x00000001
      263179000	     13057	80004dfc	5bfd	c.li	x23,-1	 x23=0xffffffff
      263199000	     13058	80004dfe	2c7807e7	jalr	x15,711(x16)	 x16:0x800082e1 x15=0x80004e02
      263739000	     13085	800085a8	00fb1033	sll	x0,x22,x15	 x22:0x00002000 x15:0x80004e02  x0=0x00000000
      263939000	     13095	800085ac	01f11b93	slli	x23,x2,0x1f	  x2:0xfffffff0 x23=0x00000000
      263959000	     13096	800085b0	0091d263	bge	x3,x9,800085b4	  x3:0xffffffff  x9:0x00000003
      263979000	     13097	800085b4	fdc98993	addi	x19,x19,-36	 x19:0x80021e64 x19=0x80021e40
      264099000	     13103	800085b8	00f9a223	sw	x15,4(x19)	 x19:0x80021e40 x15:0x80004e02 PA:0x80021e44 store:0x80004e02 load:0xffffffff
      264839000	     13140	800085bc	0278efb3	rem	x31,x17,x7	 x17:0x00000000  x7:0x83200000 x31=0x00000000
      264859000	     13141	800085c0	8dd9	c.or	x11,x14	 x11:0x00000690 x14:0xe13fe0c8 x11=0xe13fe6d8
      264899000	     13143	800085c2	024890b3	mulh	x1,x17,x4	 x17:0x00000000  x4:0x00000000  x1=0x00000000
      265639000	     13180	800085c6	032dfd33	remu	x26,x27,x18	 x27:0x80000000 x18:0x00002000 x26=0x00000000
      266379000	     13217	800085ca	028ee833	rem	x16,x29,x8	 x29:0x00000001  x8:0x41813588 x16=0x00000001
      266399000	     13218	800085ce	4144d433	sra	x8,x9,x20	  x9:0x00000003 x20:0x82ffffff  x8=0x00000000
      266419000	     13219	800085d2	005c4a33	xor	x20,x24,x5	 x24:0x08000000  x5:0x5d4c8000 x20=0x554c8000
      266439000	     13220	800085d6	00ef9bb3	sll	x23,x31,x14	 x31:0x00000000 x14:0xe13fe0c8 x23=0x00000000
      266459000	     13221	800085da	1f558613	addi	x12,x11,501	 x11:0xe13fe6d8 x12=0xe13fe8cd
      266479000	     13222	800085de	7dbfc213	xori	x4,x31,2011	 x31:0x00000000  x4=0x000007db
      266499000	     13223	800085e2	0704	c.addi4spn	x9,x2,896	  x9=0x00000370
      267239000	     13260	800085e4	0234dd33	divu	x26,x9,x3	  x9:0x00000370  x3:0xffffffff x26=0x00000000
      267259000	     13261	800085e8	01bf1133	sll	x2,x30,x27	 x30:0x3d8149ef x27:0x80000000  x2=0x3d8149ef
      267279000	     13262	800085ec	0037d093	srli	x1,x15,0x3	 x15:0x80004e02  x1=0x100009c0
      267299000	     13263	800085f0	00218533	add	x10,x3,x2	  x3:0xffffffff  x2:0x3d8149ef x10=0x3d8149ee
      267319000	     13264	800085f4	0a42	c.slli	x20,0x10	 x20:0x554c8000 x20=0x80000000
      267339000	     13265	800085f6	01c14fb3	xor	x31,x2,x28	  x2:0x3d8149ef x28:0x00000690 x31=0x3d814f7f
      268079000	     13302	800085fa	038d42b3	div	x5,x26,x24	 x26:0x00000000 x24:0x08000000  x5=0x00000000
      268119000	     13304	800085fe	0313d433	divu	x8,x7,x17	  x7:0x83200000 x17:0x00000000  x8=0xffffffff
      268139000	     13305	80008602	109c	c.addi4spn	x15,x2,96	 x15=0x3d814a4f
      268159000	     13306	80008604	e109	c.bnez	x10,80008606	 x10:0x3d8149ee
      268199000	     13308	80008606	86f9	c.srai	x13,0x1e	 x13:0x00000001 x13=0x00000000
      268219000	     13309	80008608	01af1b63	bne	x30,x26,8000861e	 x30:0x3d8149ef x26:0x00000000
      268759000	     13336	8000861e	013637b3	sltu	x15,x12,x19	 x12:0xe13fe8cd x19:0x80021e40 x15=0x00000000
      269499000	     13373	80008622	029ee633	rem	x12,x29,x9	 x29:0x00000001  x9:0x00000370 x12=0x00000001
      269519000	     13374	80008626	875d	c.srai	x14,0x17	 x14:0xe13fe0c8 x14=0xffffffc2
      269539000	     13375	80008628	e781	c.bnez	x15,80008630	 x15:0x00000000
      269559000	     13376	8000862a	004a48b3	xor	x17,x20,x4	 x20:0x80000000  x4:0x000007db x17=0x800007db
      269579000	     13377	8000862e	9b76	c.add	x22,x29	 x22:0x00002000 x29:0x00000001 x22=0x00002001
      269599000	     13378	80008630	8c75	c.and	x8,x13	  x8:0xffffffff x13:0x00000000  x8=0x00000000
      269639000	     13380	80008632	02aea033	mulhsu	x0,x29,x10	 x29:0x00000001 x10:0x3d8149ee  x0=0x00000000
      269659000	     13381	80008636	01dc46b3	xor	x13,x24,x29	 x24:0x08000000 x29:0x00000001 x13=0x08000001
      269679000	     13382	8000863a	026c8f63	beq	x25,x6,80008678	 x25:0x80025ce4  x6:0x00000000
      269899000	     13393	8000863e	0661b793	sltiu	x15,x3,102	  x3:0xffffffff x15=0x00000000
      269919000	     13394	80008642	6d15	c.lui	x26,0x5	 x26=0x00005000
      271039000	     13450	80008644	02d34e33	div	x28,x6,x13	  x6:0x00000000 x13:0x08000001 x28=0x00000000
      271059000	     13451	80008648	036607b3	mul	x15,x12,x22	 x12:0x00000001 x22:0x00002001 x15=0x00002001
      271079000	     13452	8000864c	0ff0000f	fence	iorw,iorw	
      271099000	     13453	80008650	8c89	c.sub	x9,x10	  x9:0x00000370 x10:0x3d8149ee  x9=0xc27eb982
      271119000	     13454	80008652	8d4d	c.or	x10,x11	 x10:0x3d8149ee x11:0xe13fe6d8 x10=0xfdbfeffe
      271139000	     13455	80008654	007e87b3	add	x15,x29,x7	 x29:0x00000001  x7:0x83200000 x15=0x83200001
      271159000	     13456	80008658	008cad33	slt	x26,x25,x8	 x25:0x80025ce4  x8:0x00000000 x26=0x00000001
      271899000	     13493	8000865c	03944333	div	x6,x8,x25	  x8:0x00000000 x25:0x80025ce4  x6=0x00000000
      272639000	     13530	80008660	03bcf0b3	remu	x1,x25,x27	 x25:0x80025ce4 x27:0x80000000  x1=0x00025ce4
      272659000	     13531	80008664	40875293	srai	x5,x14,0x8	 x14:0xffffffc2  x5=0xffffffff
      272679000	     13532	80008668	00eaf3b3	and	x7,x21,x14	 x21:0x0ba2e8ba x14:0xffffffc2  x7=0x0ba2e882
      272699000	     13533	8000866c	41e75813	srai	x16,x14,0x1e	 x14:0xffffffc2 x16=0xffffffff
      272719000	     13534	80008670	dcbadab7	lui	x21,0xdcbad	 x21=0xdcbad000
      272739000	     13535	80008674	41c45d33	sra	x26,x8,x28	  x8:0x00000000 x28:0x00000000 x26=0x00000000
      272839000	     13540	80008678	01986263	bltu	x16,x25,8000867c	 x16:0xffffffff x25:0x80025ce4
      272879000	     13542	8000867c	03cb32b3	mulhu	x5,x22,x28	 x22:0x00002001 x28:0x00000000  x5=0x00000000
      272899000	     13543	80008680	22b1b293	sltiu	x5,x3,555	  x3:0xffffffff  x5=0x00000000
      273299000	     13563	80008684	8bc1	c.andi	x15,16	 x15:0x83200001 x15=0x00000000
      273719000	     13584	80008686	0044e6b3	or	x13,x9,x4	  x9:0xc27eb982  x4:0x000007db x13=0xc27ebfdb
      273739000	     13585	8000868a	8d31	c.xor	x10,x12	 x10:0xfdbfeffe x12:0x00000001 x10=0xfdbfefff
      273759000	     13586	8000868c	8ded	c.and	x11,x11	 x11:0xe13fe6d8 x11:0xe13fe6d8 x11=0xe13fe6d8
      273779000	     13587	8000868e	0001	c.addi	x0,0	  x0:0x00000000  x0=0x00000000
      273799000	     13588	80008690	01e9f133	and	x2,x19,x30	 x19:0x80021e40 x30:0x3d8149ef  x2=0x00000840
      273959000	     13596	80008694	6149	c.addi16sp	x2,144	  x2:0x00000840  x2=0x000008d0
      274399000	     13618	80008696	03539433	mulh	x8,x7,x21	  x7:0x0ba2e882 x21:0xdcbad000  x8=0xfe65951f
      274419000	     13619	8000869a	8c71	c.and	x8,x12	  x8:0xfe65951f x12:0x00000001  x8=0x00000001
      274799000	     13638	8000869c	01f918b3	sll	x17,x18,x31	 x18:0x00002000 x31:0x3d814f7f x17=0x00000000
      274859000	     13641	800086a0	9a3e0413	addi	x8,x28,-1629	 x28:0x00000000  x8=0xfffff9a3
      275099000	     13653	800086a4	6175	c.addi16sp	x2,368	  x2:0x000008d0  x2=0x00000a40
      275119000	     13654	800086a6	52fd	c.li	x5,-1	  x5=0xffffffff
      275179000	     13657	800086a8	8ff9	c.and	x15,x14	 x15:0x00000000 x14:0xffffffc2 x15=0x00000000
      278059000	     13801	800086aa	037958b3	divu	x17,x18,x23	 x18:0x00002000 x23:0x00000000 x17=0xffffffff
      278099000	     13803	800086ae	03f02033	mulhsu	x0,x0,x31	  x0:0x00000000 x31:0x3d814f7f  x0=0x00000000
      278119000	     13804	800086b2	00774c63	blt	x14,x7,800086ca	 x14:0xffffffc2  x7:0x0ba2e882
      278759000	     13836	800086ca	0007c263	blt	x15,x0,800086ce	 x15:0x00000000  x0:0x00000000
      278779000	     13837	800086ce	00de1693	slli	x13,x28,0xd	 x28:0x00000000 x13=0x00000000
      278799000	     13838	800086d2	9e86	c.add	x29,x1	 x29:0x00000001  x1:0x00025ce4 x29=0x00025ce5
      278819000	     13839	800086d4	615d	c.addi16sp	x2,432	  x2:0x00000a40  x2=0x00000bf0
      278839000	     13840	800086d6	8421	c.srai	x8,0x8	  x8:0xfffff9a3  x8=0xfffffff9
      279939000	     13895	800086d8	0350ffb3	remu	x31,x1,x21	  x1:0x00025ce4 x21:0xdcbad000 x31=0x00025ce4
      279959000	     13896	800086dc	0001	c.addi	x0,0	  x0:0x00000000  x0=0x00000000
      279979000	     13897	800086de	01fc8863	beq	x25,x31,800086ee	 x25:0x80025ce4 x31:0x00025ce4
      279999000	     13898	800086e2	e46b8d13	addi	x26,x23,-442	 x23:0x00000000 x26=0xfffffe46
      280019000	     13899	800086e6	01435f33	srl	x30,x6,x20	  x6:0x00000000 x20:0x80000000 x30=0x00000000
      280759000	     13936	800086ea	02af5b33	divu	x22,x30,x10	 x30:0x00000000 x10:0xfdbfefff x22=0x00000000
      280779000	     13937	800086ee	01763833	sltu	x16,x12,x23	 x12:0x00000001 x23:0x00000000 x16=0x00000000
      280799000	     13938	800086f2	ed89	c.bnez	x11,8000870c	 x11:0xe13fe6d8
      281219000	     13959	8000870c	00b6ae33	slt	x28,x13,x11	 x13:0x00000000 x11:0xe13fe6d8 x28=0x00000000
      281739000	     13985	80008710	823a	c.mv	x4,x14	  x0:0x00000000 x14:0xffffffc2  x4=0xffffffc2
      281759000	     13986	80008712	717d	c.addi16sp	x2,-16	  x2:0x00000bf0  x2=0x00000be0
      281779000	     13987	80008714	616d	c.addi16sp	x2,240	  x2:0x00000be0  x2=0x00000cd0
      281799000	     13988	80008716	002106b3	add	x13,x2,x2	  x2:0x00000cd0  x2:0x00000cd0 x13=0x000019a0
      281819000	     13989	8000871a	8661	c.srai	x12,0x18	 x12:0x00000001 x12=0x00000000
      281919000	     13994	8000871c	4031da33	sra	x20,x3,x3	  x3:0xffffffff  x3:0xffffffff x20=0xffffffff
      283059000	     14051	80008720	03386733	rem	x14,x16,x19	 x16:0x00000000 x19:0x80021e40 x14=0x00000000
      283079000	     14052	80008724	400e03b3	sub	x7,x28,x0	 x28:0x00000000  x0:0x00000000  x7=0x00000000
      283099000	     14053	80008728	061a	c.slli	x12,0x6	 x12:0x00000000 x12=0x00000000
      283119000	     14054	8000872a	02009063	bne	x1,x0,8000874a	  x1:0x00025ce4  x0:0x00000000
      284099000	     14103	8000874a	01c15b33	srl	x22,x2,x28	  x2:0x00000cd0 x28:0x00000000 x22=0x00000cd0
      284239000	     14110	8000874e	cb758d13	addi	x26,x11,-841	 x11:0xe13fe6d8 x26=0xe13fe38f
      284259000	     14111	80008752	6179	c.addi16sp	x2,464	  x2:0x00000cd0  x2=0x00000ea0
      284319000	     14114	80008754	01627d33	and	x26,x4,x22	  x4:0xffffffc2 x22:0x00000cd0 x26=0x00000cc0
      284479000	     14122	80008758	03e8c833	div	x16,x17,x30	 x17:0xffffffff x30:0x00000000 x16=0xffffffff
      284499000	     14123	8000875c	1698	c.addi4spn	x14,x2,864	 x14=0x00001200
      284519000	     14124	8000875e	bbb6c893	xori	x17,x13,-1093	 x13:0x000019a0 x17=0xffffe21b
      284539000	     14125	80008762	131c	c.addi4spn	x15,x2,416	 x15=0x00001040
      284599000	     14128	80008764	404dd633	sra	x12,x27,x4	 x27:0x80000000  x4:0xffffffc2 x12=0xe0000000
      284619000	     14129	80008768	8d85	c.sub	x11,x9	 x11:0xe13fe6d8  x9:0xc27eb982 x11=0x1ec12d56
      284639000	     14130	8000876a	82e1	c.srli	x13,0x18	 x13:0x000019a0 x13=0x00000000
      284979000	     14147	8000876c	02103e33	mulhu	x28,x0,x1	  x0:0x00000000  x1:0x00025ce4 x28=0x00000000
      285399000	     14168	80008770	02612d33	mulhsu	x26,x2,x6	  x2:0x00000ea0  x6:0x00000000 x26=0x00000000
      286139000	     14205	80008774	02fff4b3	remu	x9,x31,x15	 x31:0x00025ce4 x15:0x00001040  x9=0x000003a4
      286159000	     14206	80008778	02331d63	bne	x6,x3,800087b2	  x6:0x00000000  x3:0xffffffff
      286839000	     14240	800087b2	2810ab13	slti	x22,x1,641	  x1:0x00025ce4 x22=0x00000000
      286899000	     14243	800087b6	418ed313	srai	x6,x29,0x18	 x29:0x00025ce5  x6=0x00000000
      286919000	     14244	800087ba	03840333	mul	x6,x8,x24	  x8:0xfffffff9 x24:0x08000000  x6=0xc8000000
      286939000	     14245	800087be	011e8263	beq	x29,x17,800087c2	 x29:0x00025ce5 x17:0xffffe21b
      287039000	     14250	800087c2	02bd5463	bge	x26,x11,800087ea	 x26:0x00000000 x11:0x1ec12d56
      287959000	     14296	800087c6	03bbc4b3	div	x9,x23,x27	 x23:0x00000000 x27:0x80000000  x9=0x00000000
      287979000	     14297	800087ca	021c0463	beq	x24,x1,800087f2	 x24:0x08000000  x1:0x00025ce4
      287999000	     14298	800087ce	00a48433	add	x8,x9,x10	  x9:0x00000000 x10:0xfdbfefff  x8=0xfdbfefff
      288019000	     14299	800087d2	03c90d63	beq	x18,x28,8000880c	 x18:0x00002000 x28:0x00000000
      288039000	     14300	800087d6	0000100f	fence.i	
      288539000	     14325	800087da	6251	c.lui	x4,0x14	  x4=0x00014000
      288599000	     14328	800087dc	0955	c.addi	x18,21	 x18:0x00002000 x18=0x00002015
      288619000	     14329	800087de	85b9	c.srai	x11,0xe	 x11:0x1ec12d56 x11=0x00007b04
      288639000	     14330	800087e0	4475	c.li	x8,29	  x8=0x0000001d
      288659000	     14331	800087e2	00fc7e33	and	x28,x24,x15	 x24:0x08000000 x15:0x00001040 x28=0x00000000
      288779000	     14337	800087e6	d23afc13	andi	x24,x21,-733	 x21:0xdcbad000 x24=0xdcbad000
      288799000	     14338	800087ea	8669	c.srai	x12,0x1a	 x12:0xe0000000 x12=0xfffffff8
      289219000	     14359	800087ec	0001	c.addi	x0,0	  x0:0x00000000  x0=0x00000000
      289319000	     14364	800087ee	015e5793	srli	x15,x28,0x15	 x28:0x00000000 x15=0x00000000
      289739000	     14385	800087f2	019987b3	add	x15,x19,x25	 x19:0x80021e40 x25:0x80025ce4 x15=0x00047b24
      289879000	     14392	800087f6	415085b3	sub	x11,x1,x21	  x1:0x00025ce4 x21:0xdcbad000 x11=0x23478ce4
      289899000	     14393	800087fa	3859e893	ori	x17,x19,901	 x19:0x80021e40 x17=0x80021fc5
      289919000	     14394	800087fe	c1b1	c.beqz	x11,80008842	 x11:0x23478ce4
      289939000	     14395	80008800	829a	c.mv	x5,x6	  x0:0x00000000  x6:0xc8000000  x5=0xc8000000
      289959000	     14396	80008802	004b1c63	bne	x22,x4,8000881a	 x22:0x00000000  x4:0x00014000
      290799000	     14438	8000881a	003e0d63	beq	x28,x3,80008834	 x28:0x00000000  x3:0xffffffff
      290819000	     14439	8000881e	ea1bfd13	andi	x26,x23,-351	 x23:0x00000000 x26=0x00000000
      291239000	     14460	80008822	98300f93	addi	x31,x0,-1661	  x0:0x00000000 x31=0xfffff983
      291379000	     14467	80008826	4120d913	srai	x18,x1,0x12	  x1:0x00025ce4 x18=0x00000000
      291399000	     14468	8000882a	034b8e33	mul	x28,x23,x20	 x23:0x00000000 x20:0xffffffff x28=0x00000000
      291419000	     14469	8000882e	017f9313	slli	x6,x31,0x17	 x31:0xfffff983  x6=0xc1800000
      291439000	     14470	80008832	6221	c.lui	x4,0x8	  x4=0x00008000
      291459000	     14471	80008834	0001	c.addi	x0,0	  x0:0x00000000  x0=0x00000000
      291479000	     14472	80008836	ace12a13	slti	x20,x2,-1330	  x2:0x00000ea0 x20=0x00000000
      291559000	     14476	8000883a	01343c33	sltu	x24,x8,x19	  x8:0x0000001d x19:0x80021e40 x24=0x00000001
      291579000	     14477	8000883e	03ec4163	blt	x24,x30,80008860	 x24:0x00000001 x30:0x00000000
      291599000	     14478	80008842	02979063	bne	x15,x9,80008862	 x15:0x00047b24  x9:0x00000000
      291979000	     14497	80008862	38783b13	sltiu	x22,x16,903	 x16:0xffffffff x22=0x00000000
      292859000	     14541	80008866	02fb42b3	div	x5,x22,x15	 x22:0x00000000 x15:0x00047b24  x5=0x00000000
      292879000	     14542	8000886a	0ff0000f	fence	iorw,iorw	
      292899000	     14543	8000886e	1300	c.addi4spn	x8,x2,416	  x8=0x00001040
      293639000	     14580	80008870	02be63b3	rem	x7,x28,x11	 x28:0x00000000 x11:0x23478ce4  x7=0x00000000
      293659000	     14581	80008874	8fcd	c.or	x15,x11	 x15:0x00047b24 x11:0x23478ce4 x15=0x2347ffe4
      293679000	     14582	80008876	8e09	c.sub	x12,x10	 x12:0xfffffff8 x10:0xfdbfefff x12=0x02400ff9
      293699000	     14583	80008878	0001	c.addi	x0,0	  x0:0x00000000  x0=0x00000000
      293719000	     14584	8000887a	8625	c.srai	x12,0x9	 x12:0x02400ff9 x12=0x00012007
      293739000	     14585	8000887c	8aed	c.andi	x13,27	 x13:0x00000000 x13=0x00000000
      293759000	     14586	8000887e	1f7d	c.addi	x30,-1	 x30:0x00000000 x30=0xffffffff
      293779000	     14587	80008880	99fd	c.andi	x11,-1	 x11:0x23478ce4 x11=0x23478ce4
      293799000	     14588	80008882	037edc63	bge	x29,x23,800088ba	 x29:0x00025ce5 x23:0x00000000
      294239000	     14610	800088ba	1b7d	c.addi	x22,-1	 x22:0x00000000 x22=0xffffffff
      294259000	     14611	800088bc	00b7e433	or	x8,x15,x11	 x15:0x2347ffe4 x11:0x23478ce4  x8=0x2347ffe4
      294559000	     14626	800088c0	01cb93b3	sll	x7,x23,x28	 x23:0x00000000 x28:0x00000000  x7=0x00000000
      294679000	     14632	800088c4	0000100f	fence.i	
      295459000	     14671	800088c8	00b5ee33	or	x28,x11,x11	 x11:0x23478ce4 x11:0x23478ce4 x28=0x23478ce4
      295479000	     14672	800088cc	8c05	c.sub	x8,x9	  x8:0x2347ffe4  x9:0x00000000  x8=0x2347ffe4
      295499000	     14673	800088ce	117d	c.addi	x2,-1	  x2:0x00000ea0  x2=0x00000e9f
      295519000	     14674	800088d0	fb478113	addi	x2,x15,-76	 x15:0x2347ffe4  x2=0x2347ff98
      295539000	     14675	800088d4	01936c33	or	x24,x6,x25	  x6:0xc1800000 x25:0x80025ce4 x24=0xc1825ce4
      295559000	     14676	800088d8	01f78ab3	add	x21,x15,x31	 x15:0x2347ffe4 x31:0xfffff983 x21=0x2347f967
      295959000	     14696	800088dc	009fe4b3	or	x9,x31,x9	 x31:0xfffff983  x9:0x00000000  x9=0xfffff983
      296179000	     14707	800088e0	8329	c.srli	x14,0xa	 x14:0x00001200 x14=0x00000004
      296199000	     14708	800088e2	8c75	c.and	x8,x13	  x8:0x2347ffe4 x13:0x00000000  x8=0x00000000
      296259000	     14711	800088e4	01a15e13	srli	x28,x2,0x1a	  x2:0x2347ff98 x28=0x00000008
      296679000	     14732	800088e8	00ab6233	or	x4,x22,x10	 x22:0xffffffff x10:0xfdbfefff  x4=0xffffffff
      297419000	     14769	800088ec	03ed64b3	rem	x9,x26,x30	 x26:0x00000000 x30:0xffffffff  x9=0x00000000
      297439000	     14770	800088f0	00ce1b33	sll	x22,x28,x12	 x28:0x00000008 x12:0x00012007 x22=0x00000400
      297459000	     14771	800088f4	11d78193	addi	x3,x15,285	 x15:0x2347ffe4  x3=0x23480101
      297499000	     14773	800088f8	037ec333	div	x6,x29,x23	 x29:0x00025ce5 x23:0x00000000  x6=0xffffffff
      297519000	     14774	800088fc	23f0c437	lui	x8,0x23f0c	  x8=0x23f0c000
      297539000	     14775	80008900	8d8d	c.sub	x11,x11	 x11:0x23478ce4 x11:0x23478ce4 x11=0x00000000
      297559000	     14776	80008902	8da1	c.xor	x11,x8	 x11:0x00000000  x8:0x23f0c000 x11=0x23f0c000
      297599000	     14778	80008904	036b2433	mulhsu	x8,x22,x22	 x22:0x00000400 x22:0x00000400  x8=0x00000000
      297619000	     14779	80008908	00787233	and	x4,x16,x7	 x16:0xffffffff  x7:0x00000000  x4=0x00000000
      297639000	     14780	8000890c	0196beb3	sltu	x29,x13,x25	 x13:0x00000000 x25:0x80025ce4 x29=0x00000001
      297819000	     14789	80008910	004f5b13	srli	x22,x30,0x4	 x30:0xffffffff x22=0x0fffffff
      297999000	     14798	80008914	017a2833	slt	x16,x20,x23	 x20:0x00000000 x23:0x00000000 x16=0x00000000
      298179000	     14807	80008918	00449763	bne	x9,x4,80008926	  x9:0x00000000  x4:0x00000000
      298379000	     14817	8000891c	8355	c.srli	x14,0x15	 x14:0x00000004 x14=0x00000000
      298399000	     14818	8000891e	86dd	c.srai	x13,0x17	 x13:0x00000000 x13=0x00000000
      298419000	     14819	80008920	c31d	c.beqz	x14,80008946	 x14:0x00000000
      298959000	     14846	80008946	be2175b7	lui	x11,0xbe217	 x11=0xbe217000
      299019000	     14849	8000894a	0049a783	lw	x15,4(x19)	 x19:0x80021e40 x15=0x80004e02 PA:0x80021e44 load:0x80004e02
      299759000	     14886	8000894e	02355f33	divu	x30,x10,x3	 x10:0xfdbfefff  x3:0x23480101 x30=0x00000007
      299779000	     14887	80008952	02498993	addi	x19,x19,36	 x19:0x80021e40 x19=0x80021e64
      299799000	     14888	80008956	91f2	c.add	x3,x28	  x3:0x23480101 x28:0x00000008  x3=0x23480109
      299819000	     14889	80008958	0ff0000f	fence	iorw,iorw	
      299839000	     14890	8000895c	4541	c.li	x10,16	 x10=0x00000010
      299859000	     14891	8000895e	3fd1aa93	slti	x21,x3,1021	  x3:0x23480109 x21=0x00000000
      299879000	     14892	80008962	409f0a33	sub	x20,x30,x9	 x30:0x00000007  x9:0x00000000 x20=0x00000007
      300359000	     14916	80008966	0ff0000f	fence	iorw,iorw	
      300539000	     14925	8000896a	036981b3	mul	x3,x19,x22	 x19:0x80021e64 x22:0x0fffffff  x3=0xbffde19c
      300639000	     14930	8000896e	00078a93	addi	x21,x15,0	 x15:0x80004e02 x21=0x80004e02
      300659000	     14931	80008972	000a8ae7	jalr	x21,0(x21)	 x21:0x80004e02 x21=0x80008976
      301259000	     14961	80004e02	02486c33	rem	x24,x16,x4	 x16:0x00000000  x4:0x00000000 x24=0x00000000
      301279000	     14962	80004e06	0001	c.addi	x0,0	  x0:0x00000000  x0=0x00000000
      301679000	     14982	80004e08	027baeb3	mulhsu	x29,x23,x7	 x23:0x00000000  x7:0x00000000 x29=0x00000000
      301739000	     14985	80004e0c	681d	c.lui	x16,0x7	 x16=0x00007000
      301759000	     14986	80004e0e	6109	c.addi16sp	x2,128	  x2:0x2347ff98  x2=0x23480018
      301799000	     14988	80004e10	03b2b133	mulhu	x2,x5,x27	  x5:0x00000000 x27:0x80000000  x2=0x00000000
      301879000	     14992	80004e14	03870263	beq	x14,x24,80004e38	 x14:0x00000000 x24:0x00000000
      302539000	     15025	80004e38	017edc63	bge	x29,x23,80004e50	 x29:0x00000000 x23:0x00000000
      303059000	     15051	80004e50	69693e37	lui	x28,0x69693	 x28=0x69693000
      303139000	     15055	80004e54	8e01	c.sub	x12,x8	 x12:0x00012007  x8:0x00000000 x12=0x00012007
      303159000	     15056	80004e56	6975	c.lui	x18,0x1d	 x18=0x0001d000
      303179000	     15057	80004e58	86cd	c.srai	x13,0x13	 x13:0x00000000 x13=0x00000000
      303199000	     15058	80004e5a	0000100f	fence.i	
      304399000	     15118	80004e5e	0398cf33	div	x30,x17,x25	 x17:0x80021fc5 x25:0x80025ce4 x30=0x00000001
      304419000	     15119	80004e62	00fc32b3	sltu	x5,x24,x15	 x24:0x00000000 x15:0x80004e02  x5=0x00000001
      304439000	     15120	80004e66	85ed	c.srai	x11,0x1b	 x11:0xbe217000 x11=0xfffffff7
      304459000	     15121	80004e68	0000100f	fence.i	
      304719000	     15134	80004e6c	416c8213	addi	x4,x25,1046	 x25:0x80025ce4  x4=0x800260fa
      304739000	     15135	80004e70	187d	c.addi	x16,-1	 x16:0x00007000 x16=0x00006fff
      304839000	     15140	80004e72	57764913	xori	x18,x12,1399	 x12:0x00012007 x18=0x00012570
      304859000	     15141	80004e76	197d	c.addi	x18,-1	 x18:0x00012570 x18=0x0001256f
      304899000	     15143	80004e78	03379bb3	mulh	x23,x15,x19	 x15:0x80004e02 x19:0x80021e64 x23=0x3ffec9cd
      304919000	     15144	80004e7c	003df033	and	x0,x27,x3	 x27:0x80000000  x3:0xbffde19c  x0=0x00000000
      305079000	     15152	80004e80	8b84c293	xori	x5,x9,-1864	  x9:0x00000000  x5=0xfffff8b8
      305199000	     15158	80004e84	027c8d63	beq	x25,x7,80004ebe	 x25:0x80025ce4  x7:0x00000000
      305379000	     15167	80004e88	84a1	c.srai	x9,0x8	  x9:0x00000000  x9=0x00000000
      305799000	     15188	80004e8a	73b0b117	auipc	x2,0x73b0b	  x2=0xf3b0fe8a
      305839000	     15190	80004e8e	c167c613	xori	x12,x15,-1002	 x15:0x80004e02 x12=0x7fffb214
      305859000	     15191	80004e92	03760663	beq	x12,x23,80004ebe	 x12:0x7fffb214 x23:0x3ffec9cd
      305899000	     15193	80004e96	03942933	mulhsu	x18,x8,x25	  x8:0x00000000 x25:0x80025ce4 x18=0x00000000
      305919000	     15194	80004e9a	01bddf93	srli	x31,x27,0x1b	 x27:0x80000000 x31=0x00000010
      305939000	     15195	80004e9e	6f05	c.lui	x30,0x1	 x30=0x00001000
      306099000	     15203	80004ea0	717d	c.addi16sp	x2,-16	  x2:0xf3b0fe8a  x2=0xf3b0fe7a
      306119000	     15204	80004ea2	07d34563	blt	x6,x29,80004f0c	  x6:0xffffffff x29:0x00000000
      306419000	     15219	80004f0c	6ab9	c.lui	x21,0xe	 x21=0x0000e000
      306639000	     15230	80004f0e	71263013	sltiu	x0,x12,1810	 x12:0x7fffb214  x0=0x00000000
      306659000	     15231	80004f12	88330c13	addi	x24,x6,-1917	  x6:0xffffffff x24=0xfffff882
      306979000	     15247	80004f16	036607b3	mul	x15,x12,x22	 x12:0x7fffb214 x22:0x0fffffff x15=0xc0004dec
      306999000	     15248	80004f1a	8fbd	c.xor	x15,x15	 x15:0xc0004dec x15:0xc0004dec x15=0x00000000
      307399000	     15268	80004f1c	01273ab3	sltu	x21,x14,x18	 x14:0x00000000 x18:0x00000000 x21=0x00000000
      307819000	     15289	80004f20	8ed9	c.or	x13,x14	 x13:0x00000000 x14:0x00000000 x13=0x00000000
      307959000	     15296	80004f22	009050b3	srl	x1,x0,x9	  x0:0x00000000  x9:0x00000000  x1=0x00000000
      307979000	     15297	80004f26	87f1	c.srai	x15,0x1c	 x15:0x00000000 x15=0x00000000
      308379000	     15317	80004f28	035e	c.slli	x6,0x17	  x6:0xffffffff  x6=0xff800000
      308399000	     15318	80004f2a	8489	c.srai	x9,0x2	  x9:0x00000000  x9=0x00000000
      308459000	     15321	80004f2c	272b3413	sltiu	x8,x22,626	 x22:0x0fffffff  x8=0x00000000
      308679000	     15332	80004f30	014b5e63	bge	x22,x20,80004f4c	 x22:0x0fffffff x20:0x00000007
      309979000	     15397	80004f4c	611d	c.addi16sp	x2,416	  x2:0xf3b0fe7a  x2=0xf3b1001a
      309999000	     15398	80004f4e	011fcf63	blt	x31,x17,80004f6c	 x31:0x00000010 x17:0x80021fc5
      310039000	     15400	80004f52	0294fd33	remu	x26,x9,x9	  x9:0x00000000  x9:0x00000000 x26=0x00000000
      310059000	     15401	80004f56	1a94	c.addi4spn	x13,x2,368	 x13=0xf3b1018a
      310079000	     15402	80004f58	0001	c.addi	x0,0	  x0:0x00000000  x0=0x00000000
      310099000	     15403	80004f5a	8e41	c.or	x12,x8	 x12:0x7fffb214  x8:0x00000000 x12=0x7fffb214
      310119000	     15404	80004f5c	8ced	c.and	x9,x11	  x9:0x00000000 x11:0xfffffff7  x9=0x00000000
      310179000	     15407	80004f5e	01bc1033	sll	x0,x24,x27	 x24:0xfffff882 x27:0x80000000  x0=0x00000000
      310559000	     15426	80004f62	0243a6b3	mulhsu	x13,x7,x4	  x7:0x00000000  x4:0x800260fa x13=0x00000000
      310819000	     15439	80004f66	00a43333	sltu	x6,x8,x10	  x8:0x00000000 x10:0x00000010  x6=0x00000001
      310839000	     15440	80004f6a	68d1	c.lui	x17,0x14	 x17=0x00014000
      310999000	     15448	80004f6c	a0bea613	slti	x12,x29,-1525	 x29:0x00000000 x12=0x00000000
      311019000	     15449	80004f70	0994	c.addi4spn	x13,x2,208	 x13=0xf3b100ea
      311439000	     15470	80004f72	2225b093	sltiu	x1,x11,546	 x11:0xfffffff7  x1=0x00000000
      311459000	     15471	80004f76	0001	c.addi	x0,0	  x0:0x00000000  x0=0x00000000
      311479000	     15472	80004f78	62b5	c.lui	x5,0xd	  x5=0x0000d000
      311499000	     15473	80004f7a	0142d963	bge	x5,x20,80004f8c	  x5:0x0000d000 x20:0x00000007
      311939000	     15495	80004f8c	ec91	c.bnez	x9,80004fa8	  x9:0x00000000
      312019000	     15499	80004f8e	011a8433	add	x8,x21,x17	 x21:0x00000000 x17:0x00014000  x8=0x00014000
      312139000	     15505	80004f92	4cd1b913	sltiu	x18,x3,1229	  x3:0xbffde19c x18=0x00000000
      312319000	     15514	80004f96	02f5e963	bltu	x11,x15,80004fc8	 x11:0xfffffff7 x15:0x00000000
      312739000	     15535	80004f9a	40a20833	sub	x16,x4,x10	  x4:0x800260fa x10:0x00000010 x16=0x800260ea
      313159000	     15556	80004f9e	66a17e13	andi	x28,x2,1642	  x2:0xf3b1001a x28=0x0000000a
      313179000	     15557	80004fa2	15fd	c.addi	x11,-1	 x11:0xfffffff7 x11=0xfffffff6
      313199000	     15558	80004fa4	0d84	c.addi4spn	x9,x2,720	  x9=0xf3b102ea
      313219000	     15559	80004fa6	e899	c.bnez	x9,80004fbc	  x9:0xf3b102ea
      313819000	     15589	80004fbc	08603b13	sltiu	x22,x0,134	  x0:0x00000000 x22=0x00000001
      314259000	     15611	80004fc0	0462	c.slli	x8,0x18	  x8:0x00014000  x8=0x00000000
      314279000	     15612	80004fc2	9bfd	c.andi	x15,-1	 x15:0x00000000 x15=0x00000000
      321779000	     15987	80004fc4	01f57863	bgeu	x10,x31,80004fd4	 x10:0x00000010 x31:0x00000010
      321959000	     15996	80004fd4	01abeb63	bltu	x23,x26,80004fea	 x23:0x3ffec9cd x26:0x00000000
      322099000	     16003	80004fd8	e41f9697	auipc	x13,0xe41f9	 x13=0x641fdfd8
      322399000	     16018	80004fdc	416cd893	srai	x17,x25,0x16	 x25:0x80025ce4 x17=0xfffffe00
      322579000	     16027	80004fe0	016b6c33	or	x24,x22,x22	 x22:0x00000001 x22:0x00000001 x24=0x00000001
      322599000	     16028	80004fe4	0001	c.addi	x0,0	  x0:0x00000000  x0=0x00000000
      322619000	     16029	80004fe6	01d81e93	slli	x29,x16,0x1d	 x16:0x800260ea x29=0x40000000
      322639000	     16030	80004fea	8e31	c.xor	x12,x12	 x12:0x00000000 x12:0x00000000 x12=0x00000000
      322659000	     16031	80004fec	0000100f	fence.i	
      323159000	     16056	80004ff0	00e09233	sll	x4,x1,x14	  x1:0x00000000 x14:0x00000000  x4=0x00000000
      323179000	     16057	80004ff4	af10c213	xori	x4,x1,-1295	  x1:0x00000000  x4=0xfffffaf1
      323339000	     16065	80004ff8	6779	c.lui	x14,0x1e	 x14=0x0001e000
      323359000	     16066	80004ffa	016ee0b3	or	x1,x29,x22	 x29:0x40000000 x22:0x00000001  x1=0x40000001
      323759000	     16086	80004ffe	0107f2b3	and	x5,x15,x16	 x15:0x00000000 x16:0x800260ea  x5=0x00000000
      323779000	     16087	80005002	0001	c.addi	x0,0	  x0:0x00000000  x0=0x00000000
      323959000	     16096	80005004	007d4d33	xor	x26,x26,x7	 x26:0x00000000  x7:0x00000000 x26=0x00000000
      324079000	     16102	80005008	04500563	beq	x0,x5,80005052	  x0:0x00000000  x5:0x00000000
      325199000	     16158	80005052	9c178d13	addi	x26,x15,-1599	 x15:0x00000000 x26=0xfffff9c1
      325219000	     16159	80005056	6141	c.addi16sp	x2,16	  x2:0xf3b1001a  x2=0xf3b1002a
      325239000	     16160	80005058	035aeb63	bltu	x21,x21,8000508e	 x21:0x00000000 x21:0x00000000
      325259000	     16161	8000505c	b51cee13	ori	x28,x25,-1199	 x25:0x80025ce4 x28=0xfffffff5
      325999000	     16198	80005060	022864b3	rem	x9,x16,x2	 x16:0x800260ea  x2:0xf3b1002a  x9=0xfb185f46
      326019000	     16199	80005064	d2e5a493	slti	x9,x11,-722	 x11:0xfffffff6  x9=0x00000000
      326039000	     16200	80005068	05c1	c.addi	x11,16	 x11:0xfffffff6 x11=0x00000006
      326059000	     16201	8000506a	10fd	c.addi	x1,-1	  x1:0x40000001  x1=0x40000000
      326079000	     16202	8000506c	38b23393	sltiu	x7,x4,907	  x4:0xfffffaf1  x7=0x00000000
      326259000	     16211	80005070	410f5233	sra	x4,x30,x16	 x30:0x00001000 x16:0x800260ea  x4=0x00000004
      326439000	     16220	80005074	9b9f7e93	andi	x29,x30,-1607	 x30:0x00001000 x29=0x00001000
      326459000	     16221	80005078	6f7f6093	ori	x1,x30,1783	 x30:0x00001000  x1=0x000016f7
      326479000	     16222	8000507c	0ff0000f	fence	iorw,iorw	
      327219000	     16259	80005080	039ee033	rem	x0,x29,x25	 x29:0x00001000 x25:0x80025ce4  x0=0x00000000
      327239000	     16260	80005084	012c5713	srli	x14,x24,0x12	 x24:0x00000001 x14=0x00000000
      327259000	     16261	80005088	98fd	c.andi	x9,-1	  x9:0x00000000  x9=0x00000000
      327279000	     16262	8000508a	415ed513	srai	x10,x29,0x15	 x29:0x00001000 x10=0x00000000
      327299000	     16263	8000508e	50fd	c.li	x1,-1	  x1=0xffffffff
      327319000	     16264	80005090	026d08b3	mul	x17,x26,x6	 x26:0xfffff9c1  x6:0x00000001 x17=0xfffff9c1
      327339000	     16265	80005094	40820333	sub	x6,x4,x8	  x4:0x00000004  x8:0x00000000  x6=0x00000004
      327759000	     16286	80005098	015394b3	sll	x9,x7,x21	  x7:0x00000000 x21:0x00000000  x9=0x00000000
      328179000	     16307	8000509c	411d0eb3	sub	x29,x26,x17	 x26:0xfffff9c1 x17:0xfffff9c1 x29=0x00000000
      328199000	     16308	800050a0	8616	c.mv	x12,x5	  x0:0x00000000  x5:0x00000000 x12=0x00000000
      328619000	     16329	800050a2	01961033	sll	x0,x12,x25	 x12:0x00000000 x25:0x80025ce4  x0=0x00000000
      328639000	     16330	800050a6	a91dfe13	andi	x28,x27,-1391	 x27:0x80000000 x28=0x80000000
      328659000	     16331	800050aa	8015	c.srli	x8,0x5	  x8:0x00000000  x8=0x00000000
      328679000	     16332	800050ac	03b31863	bne	x6,x27,800050dc	  x6:0x00000004 x27:0x80000000
      329179000	     16357	800050dc	9136	c.add	x2,x13	  x2:0xf3b1002a x13:0x641fdfd8  x2=0x57d0e002
      329219000	     16359	800050de	0359e163	bltu	x19,x21,80005100	 x19:0x80021e64 x21:0x00000000
      329239000	     16360	800050e2	0000100f	fence.i	
      329319000	     16364	800050e6	41d9d033	sra	x0,x19,x29	 x19:0x80021e64 x29:0x00000000  x0=0x00000000
      329419000	     16369	800050ea	4c5dab93	slti	x23,x27,1221	 x27:0x80000000 x23=0x00000001
      329439000	     16370	800050ee	3bee7e93	andi	x29,x28,958	 x28:0x80000000 x29=0x00000000
      329459000	     16371	800050f2	02b80c33	mul	x24,x16,x11	 x16:0x800260ea x11:0x00000006 x24=0x000e457c
      329479000	     16372	800050f6	0d41	c.addi	x26,16	 x26:0xfffff9c1 x26=0xfffff9d1
      329499000	     16373	800050f8	567d	c.li	x12,-1	 x12=0xffffffff
      329899000	     16393	800050fa	004f7e63	bgeu	x30,x4,80005116	 x30:0x00001000  x4:0x00000004
      330319000	     16414	80005116	00695193	srli	x3,x18,0x6	 x18:0x00000000  x3=0x00000000
      330339000	     16415	8000511a	987d	c.andi	x8,-1	  x8:0x00000000  x8=0x00000000
      330359000	     16416	8000511c	048e	c.slli	x9,0x3	  x9:0x00000000  x9=0x00000000
      330379000	     16417	8000511e	8ead	c.xor	x13,x11	 x13:0x641fdfd8 x11:0x00000006 x13=0x641fdfde
      330479000	     16422	80005120	017d1433	sll	x8,x26,x23	 x26:0xfffff9d1 x23:0x00000001  x8=0xfffff3a2
      330499000	     16423	80005124	c29d	c.beqz	x13,8000514a	 x13:0x641fdfde
      330519000	     16424	80005126	403ad893	srai	x17,x21,0x3	 x21:0x00000000 x17=0x00000000
      330959000	     16446	8000512a	029fdc33	divu	x24,x31,x9	 x31:0x00000010  x9:0x00000000 x24=0xffffffff
      330979000	     16447	8000512e	e89d	c.bnez	x9,80005164	  x9:0x00000000
      331179000	     16457	80005130	40e1d213	srai	x4,x3,0xe	  x3:0x00000000  x4=0x00000000
      331959000	     16496	80005134	02256ab3	rem	x21,x10,x2	 x10:0x00000000  x2:0x57d0e002 x21=0x00000000
      331979000	     16497	80005138	026783b3	mul	x7,x15,x6	 x15:0x00000000  x6:0x00000004  x7=0x00000000
      331999000	     16498	8000513c	008b2333	slt	x6,x22,x8	 x22:0x00000001  x8:0xfffff3a2  x6=0x00000000
      332019000	     16499	80005140	849d	c.srai	x9,0x7	  x9:0x00000000  x9=0x00000000
      332039000	     16500	80005142	0047e963	bltu	x15,x4,80005154	 x15:0x00000000  x4:0x00000000
      332059000	     16501	80005146	8625	c.srai	x12,0x9	 x12:0xffffffff x12=0xffffffff
      332079000	     16502	80005148	8e0d	c.sub	x12,x11	 x12:0xffffffff x11:0x00000006 x12=0xfffffff9
      332099000	     16503	8000514a	012d95b3	sll	x11,x27,x18	 x27:0x80000000 x18:0x00000000 x11=0x80000000
      332119000	     16504	8000514e	c10d	c.beqz	x10,80005170	 x10:0x00000000
      332819000	     16539	80005170	026d62b3	rem	x5,x26,x6	 x26:0xfffff9d1  x6:0x00000000  x5=0xfffff9d1
      332999000	     16548	80005174	03a1b133	mulhu	x2,x3,x26	  x3:0x00000000 x26:0xfffff9d1  x2=0x00000000
      333019000	     16549	80005178	81cd	c.srli	x11,0x13	 x11:0x80000000 x11=0x00001000
      333039000	     16550	8000517a	613d	c.addi16sp	x2,480	  x2:0x00000000  x2=0x000001e0
      333059000	     16551	8000517c	001d9213	slli	x4,x27,0x1	 x27:0x80000000  x4=0x00000000
      333079000	     16552	80005180	01f64863	blt	x12,x31,80005190	 x12:0xfffffff9 x31:0x00000010
      334439000	     16620	80005190	03b9c1b3	div	x3,x19,x27	 x19:0x80021e64 x27:0x80000000  x3=0x00000000
      334459000	     16621	80005194	40cf5833	sra	x16,x30,x12	 x30:0x00001000 x12:0xfffffff9 x16=0x00000000
      334479000	     16622	80005198	01ea83b3	add	x7,x21,x30	 x21:0x00000000 x30:0x00001000  x7=0x00001000
      334499000	     16623	8000519c	0001	c.addi	x0,0	  x0:0x00000000  x0=0x00000000
      334539000	     16625	8000519e	0240d933	divu	x18,x1,x4	  x1:0xffffffff  x4:0x00000000 x18=0xffffffff
      334759000	     16636	800051a2	02819a63	bne	x3,x8,800051d6	  x3:0x00000000  x8:0xfffff3a2
      335899000	     16693	800051d6	02722733	mulhsu	x14,x4,x7	  x4:0x00000000  x7:0x00001000 x14=0x00000000
      335919000	     16694	800051da	00788a33	add	x20,x17,x7	 x17:0x00000000  x7:0x00001000 x20=0x00001000
      335939000	     16695	800051de	599be593	ori	x11,x23,1433	 x23:0x00000001 x11=0x00000599
      335959000	     16696	800051e2	8ed9	c.or	x13,x14	 x13:0x641fdfde x14:0x00000000 x13=0x641fdfde
      336079000	     16702	800051e4	02bf35b3	mulhu	x11,x30,x11	 x30:0x00001000 x11:0x00000599 x11=0x00000000
      336199000	     16708	800051e8	00815633	srl	x12,x2,x8	  x2:0x000001e0  x8:0xfffff3a2 x12=0x00000078
      336379000	     16717	800051ec	05aa	c.slli	x11,0xa	 x11:0x00000000 x11=0x00000000
      336699000	     16733	800051ee	02212033	mulhsu	x0,x2,x2	  x2:0x000001e0  x2:0x000001e0  x0=0x00000000
      336739000	     16735	800051f2	dbe7b613	sltiu	x12,x15,-578	 x15:0x00000000 x12=0x00000001
      336879000	     16742	800051f6	02e28233	mul	x4,x5,x14	  x5:0xfffff9d1 x14:0x00000000  x4=0x00000000
      336979000	     16747	800051fa	02fadfb3	divu	x31,x21,x15	 x21:0x00000000 x15:0x00000000 x31=0xffffffff
      336999000	     16748	800051fe	412d	c.li	x2,11	  x2=0x0000000b
      337379000	     16767	80005200	00039913	slli	x18,x7,0x0	  x7:0x00001000 x18=0x00001000
      337399000	     16768	80005204	01457733	and	x14,x10,x20	 x10:0x00000000 x20:0x00001000 x14=0x00000000
      337599000	     16778	80005208	05b6	c.slli	x11,0xd	 x11:0x00000000 x11=0x00000000
      337679000	     16782	8000520a	00dd4333	xor	x6,x26,x13	 x26:0xfffff9d1 x13:0x641fdfde  x6=0x9be0260f
      337699000	     16783	8000520e	0331e963	bltu	x3,x19,80005240	  x3:0x00000000 x19:0x80021e64
      338499000	     16823	80005240	011d8433	add	x8,x27,x17	 x27:0x80000000 x17:0x00000000  x8=0x80000000
      338519000	     16824	80005244	9b593797	auipc	x15,0x9b593	 x15=0x1b598244
      338539000	     16825	80005248	01b1e563	bltu	x3,x27,80005252	  x3:0x00000000 x27:0x80000000
      339259000	     16861	80005252	032ca3b3	mulhsu	x7,x25,x18	 x25:0x80025ce4 x18:0x00001000  x7=0xfffff800
      339559000	     16876	80005256	018dc033	xor	x0,x27,x24	 x27:0x80000000 x24:0xffffffff  x0=0x00000000
      339759000	     16886	8000525a	01d96ab3	or	x21,x18,x29	 x18:0x00001000 x29:0x00000000 x21=0x00001000
      339779000	     16887	8000525e	1d69e893	ori	x17,x19,470	 x19:0x80021e64 x17=0x80021ff6
      339979000	     16897	80005262	00a206b3	add	x13,x4,x10	  x4:0x00000000 x10:0x00000000 x13=0x00000000
      340239000	     16910	80005266	5e7ae593	ori	x11,x21,1511	 x21:0x00001000 x11=0x000015e7
      340479000	     16922	8000526a	40d883b3	sub	x7,x17,x13	 x17:0x80021ff6 x13:0x00000000  x7=0x80021ff6
      340519000	     16924	8000526e	039db833	mulhu	x16,x27,x25	 x27:0x80000000 x25:0x80025ce4 x16=0x40012e72
      340539000	     16925	80005272	40d5d113	srai	x2,x11,0xd	 x11:0x000015e7  x2=0x00000000
      340559000	     16926	80005276	e3b4e493	ori	x9,x9,-453	  x9:0x00000000  x9=0xfffffe3b
      340579000	     16927	8000527a	8122	c.mv	x2,x8	  x0:0x00000000  x8:0x80000000  x2=0x80000000
      340719000	     16934	8000527c	95dc0f93	addi	x31,x24,-1699	 x24:0xffffffff x31=0xfffff95c
      341099000	     16953	80005280	41c3dbb3	sra	x23,x7,x28	  x7:0x80021ff6 x28:0x80000000 x23=0x80021ff6
      341299000	     16963	80005284	00ba72b3	and	x5,x20,x11	 x20:0x00001000 x11:0x000015e7  x5=0x00001000
      342039000	     17000	80005288	02516d33	rem	x26,x2,x5	  x2:0x80000000  x5:0x00001000 x26=0x00000000
      342059000	     17001	8000528c	ba1aba93	sltiu	x21,x21,-1119	 x21:0x00001000 x21=0x00000001
      342079000	     17002	80005290	0f52	c.slli	x30,0x14	 x30:0x00001000 x30=0x00000000
      342119000	     17004	80005292	02c43033	mulhu	x0,x8,x12	  x8:0x80000000 x12:0x00000001  x0=0x00000000
      342159000	     17006	80005296	03d742b3	div	x5,x14,x29	 x14:0x00000000 x29:0x00000000  x5=0xffffffff
      342179000	     17007	8000529a	daeb2337	lui	x6,0xdaeb2	  x6=0xdaeb2000
      342199000	     17008	8000529e	8a3c0f93	addi	x31,x24,-1885	 x24:0xffffffff x31=0xfffff8a2
      342419000	     17019	800052a2	02223e33	mulhu	x28,x4,x2	  x4:0x00000000  x2:0x80000000 x28=0x00000000
      342439000	     17020	800052a6	4700b4b7	lui	x9,0x4700b	  x9=0x4700b000
      342839000	     17040	800052aa	ed483413	sltiu	x8,x16,-300	 x16:0x40012e72  x8=0x00000001
      342859000	     17041	800052ae	0001	c.addi	x0,0	  x0:0x00000000  x0=0x00000000
      342979000	     17047	800052b0	8f1d	c.sub	x14,x15	 x14:0x00000000 x15:0x1b598244 x14=0xe4a67dbc
      343239000	     17060	800052b2	0ff0000f	fence	iorw,iorw	
      343259000	     17061	800052b6	02c685b3	mul	x11,x13,x12	 x13:0x00000000 x12:0x00000001 x11=0x00000000
      343279000	     17062	800052ba	8d4d	c.or	x10,x11	 x10:0x00000000 x11:0x00000000 x10=0x00000000
      343399000	     17068	800052bc	8ee1	c.and	x13,x8	 x13:0x00000000  x8:0x00000001 x13=0x00000000
      344539000	     17125	800052be	0312c733	div	x14,x5,x17	  x5:0xffffffff x17:0x80021ff6 x14=0x00000000
      344559000	     17126	800052c2	01bd7c33	and	x24,x26,x27	 x26:0x00000000 x27:0x80000000 x24=0x00000000
      344579000	     17127	800052c6	0094e333	or	x6,x9,x9	  x9:0x4700b000  x9:0x4700b000  x6=0x4700b000
      344599000	     17128	800052ca	00d7f2b3	and	x5,x15,x13	 x15:0x1b598244 x13:0x00000000  x5=0x00000000
      344619000	     17129	800052ce	3d9fd417	auipc	x8,0x3d9fd	  x8=0xbda022ce
      344639000	     17130	800052d2	40bd86b3	sub	x13,x27,x11	 x27:0x80000000 x11:0x00000000 x13=0x80000000
      344659000	     17131	800052d6	8d81	c.sub	x11,x8	 x11:0x00000000  x8:0xbda022ce x11=0x425fdd32
      345419000	     17169	800052d8	0372fc33	remu	x24,x5,x23	  x5:0x00000000 x23:0x80021ff6 x24=0x00000000
      345439000	     17170	800052dc	c095	c.beqz	x9,80005300	  x9:0x4700b000
      345459000	     17171	800052de	00d435b3	sltu	x11,x8,x13	  x8:0xbda022ce x13:0x80000000 x11=0x00000000
      345479000	     17172	800052e2	00ff5393	srli	x7,x30,0xf	 x30:0x00000000  x7=0x00000000
      345499000	     17173	800052e6	5b088113	addi	x2,x17,1456	 x17:0x80021ff6  x2=0x800225a6
      345519000	     17174	800052ea	00fe5213	srli	x4,x28,0xf	 x28:0x00000000  x4=0x00000000
      345959000	     17196	800052ee	0ff0000f	fence	iorw,iorw	
      345979000	     17197	800052f2	1408	c.addi4spn	x10,x2,544	 x10=0x800227c6
      345999000	     17198	800052f4	2019bb13	sltiu	x22,x19,513	 x19:0x80021e64 x22=0x00000000
      346019000	     17199	800052f8	40f05833	sra	x16,x0,x15	  x0:0x00000000 x15:0x1b598244 x16=0x00000000
      346039000	     17200	800052fc	038b0733	mul	x14,x22,x24	 x22:0x00000000 x24:0x00000000 x14=0x00000000
      347179000	     17257	80005300	032d6833	rem	x16,x26,x18	 x26:0x00000000 x18:0x00001000 x16=0x00000000
      347199000	     17258	80005304	46940613	addi	x12,x8,1129	  x8:0xbda022ce x12=0xbda02737
      347219000	     17259	80005308	00a67963	bgeu	x12,x10,8000531a	 x12:0xbda02737 x10:0x800227c6
      347319000	     17264	8000531a	5ca87013	andi	x0,x16,1482	 x16:0x00000000  x0=0x00000000
      347599000	     17278	8000531e	0000100f	fence.i	
      348159000	     17306	80005322	2e014093	xori	x1,x2,736	  x2:0x800225a6  x1=0x80022746
      348359000	     17316	80005326	02367e33	remu	x28,x12,x3	 x12:0xbda02737  x3:0x00000000 x28=0xbda02737
      348379000	     17317	8000532a	8f21	c.xor	x14,x8	 x14:0x00000000  x8:0xbda022ce x14=0xbda022ce
      348399000	     17318	8000532c	01777833	and	x16,x14,x23	 x14:0xbda022ce x23:0x80021ff6 x16=0x800002c6
      348419000	     17319	80005330	00257663	bgeu	x10,x2,8000533c	 x10:0x800227c6  x2:0x800225a6
      348959000	     17346	8000533c	6179	c.addi16sp	x2,464	  x2:0x800225a6  x2=0x80022776
      349019000	     17349	8000533e	00c11033	sll	x0,x2,x12	  x2:0x80022776 x12:0xbda02737  x0=0x00000000
      349439000	     17370	80005342	7db1ac17	auipc	x24,0x7db1a	 x24=0xfdb1f342
      349459000	     17371	80005346	015a5a13	srli	x20,x20,0x15	 x20:0x00001000 x20=0x00000000
      349599000	     17378	8000534a	02ad3333	mulhu	x6,x26,x10	 x26:0x00000000 x10:0x800227c6  x6=0x00000000
      349619000	     17379	8000534e	4e80e593	ori	x11,x1,1256	  x1:0x80022746 x11=0x800227ee
      349639000	     17380	80005352	8ba2	c.mv	x23,x8	  x0:0x00000000  x8:0xbda022ce x23=0xbda022ce
      349679000	     17382	80005354	533a4193	xori	x3,x20,1331	 x20:0x00000000  x3=0x00000533
      349839000	     17390	80005358	0367e7b3	rem	x15,x15,x22	 x15:0x1b598244 x22:0x00000000 x15=0x1b598244
      349859000	     17391	8000535c	00745f93	srli	x31,x8,0x7	  x8:0xbda022ce x31=0x017b4045
      349879000	     17392	80005360	03119b63	bne	x3,x17,80005396	  x3:0x00000533 x17:0x80021ff6
      350259000	     17411	80005396	00ad5b63	bge	x26,x10,800053ac	 x26:0x00000000 x10:0x800227c6
      350559000	     17426	800053ac	717d	c.addi16sp	x2,-16	  x2:0x80022776  x2=0x80022766
      350979000	     17447	800053ae	00e900b3	add	x1,x18,x14	 x18:0x00001000 x14:0xbda022ce  x1=0xbda032ce
      350999000	     17448	800053b2	8f19	c.sub	x14,x14	 x14:0xbda022ce x14:0xbda022ce x14=0x00000000
      351019000	     17449	800053b4	03146963	bltu	x8,x17,800053e6	  x8:0xbda022ce x17:0x80021ff6
      351079000	     17452	800053b8	02a6	c.slli	x5,0x9	  x5:0x00000000  x5=0x00000000
      351099000	     17453	800053ba	00517663	bgeu	x2,x5,800053c6	  x2:0x80022766  x5:0x00000000
      351739000	     17485	800053c6	08b2	c.slli	x17,0xc	 x17:0x80021ff6 x17=0x21ff6000
      351759000	     17486	800053c8	832d	c.srli	x14,0xb	 x14:0x00000000 x14=0x00000000
      351779000	     17487	800053ca	e689	c.bnez	x13,800053d4	 x13:0x80000000
      352299000	     17513	800053d4	023f9563	bne	x31,x3,800053fe	 x31:0x017b4045  x3:0x00000533
      352959000	     17546	800053fe	947e	c.add	x8,x31	  x8:0xbda022ce x31:0x017b4045  x8=0xbf1b6313
      352999000	     17548	80005400	b349f313	andi	x6,x19,-1228	 x19:0x80021e64  x6=0x80021a24
      353019000	     17549	80005404	d3c36813	ori	x16,x6,-708	  x6:0x80021a24 x16=0xffffff3c
      353259000	     17561	80005408	b9282713	slti	x14,x16,-1134	 x16:0xffffff3c x14=0x00000000
      353339000	     17565	8000540c	5b7d	c.li	x22,-1	 x22=0xffffffff
      353359000	     17566	8000540e	81f1	c.srli	x11,0x1c	 x11:0x800227ee x11=0x00000008
      353379000	     17567	80005410	0e0c	c.addi4spn	x11,x2,784	 x11=0x80022a76
      353499000	     17573	80005412	402305b3	sub	x11,x6,x2	  x6:0x80021a24  x2:0x80022766 x11=0xfffff2be
      353859000	     17591	80005416	05cee163	bltu	x29,x28,80005458	 x29:0x00000000 x28:0xbda02737
      354599000	     17628	80005458	019b5d33	srl	x26,x22,x25	 x22:0xffffffff x25:0x80025ce4 x26=0x0fffffff
      354799000	     17638	8000545c	d27c8b13	addi	x22,x25,-729	 x25:0x80025ce4 x22=0x80025a0b
      354919000	     17644	80005460	e489	c.bnez	x9,8000546a	  x9:0x4700b000
      356059000	     17701	8000546a	42b9	c.li	x5,14	  x5=0x0000000e
      357199000	     17758	8000546c	0216fb33	remu	x22,x13,x1	 x13:0x80000000  x1:0xbda032ce x22=0x80000000
      357219000	     17759	80005470	c30d	c.beqz	x14,80005492	 x14:0x00000000
      357339000	     17765	80005492	02efb2b3	mulhu	x5,x31,x14	 x31:0x017b4045 x14:0x00000000  x5=0x00000000
      357359000	     17766	80005496	02a67263	bgeu	x12,x10,800054ba	 x12:0xbda02737 x10:0x800227c6
      357839000	     17790	800054ba	026afa63	bgeu	x21,x6,800054ee	 x21:0x00000001  x6:0x80021a24
      358979000	     17847	800054be	0268f633	remu	x12,x17,x6	 x17:0x21ff6000  x6:0x80021a24 x12=0x21ff6000
      358999000	     17848	800054c2	9122	c.add	x2,x8	  x2:0x80022766  x8:0xbf1b6313  x2=0x3f1d8a79
      359019000	     17849	800054c4	0000100f	fence.i	
      359099000	     17853	800054c8	01c25513	srli	x10,x4,0x1c	  x4:0x00000000 x10=0x00000000
      359279000	     17862	800054cc	038cbfb3	mulhu	x31,x25,x24	 x25:0x80025ce4 x24:0xfdb1f342 x31=0x7edb5112
      359419000	     17869	800054d0	0ff0000f	fence	iorw,iorw	
      359539000	     17875	800054d4	1c10	c.addi4spn	x12,x2,560	 x12=0x3f1d8ca9
      359639000	     17880	800054d6	00bbaf33	slt	x30,x23,x11	 x23:0xbda022ce x11:0xfffff2be x30=0x00000001
      359659000	     17881	800054da	9e570b93	addi	x23,x14,-1563	 x14:0x00000000 x23=0xfffff9e5
      359679000	     17882	800054de	0ff0000f	fence	iorw,iorw	
      359699000	     17883	800054e2	922e	c.add	x4,x11	  x4:0x00000000 x11:0xfffff2be  x4=0xfffff2be
      360099000	     17903	800054e4	41ba8fb3	sub	x31,x21,x27	 x21:0x00000001 x27:0x80000000 x31=0x80000001
      360179000	     17907	800054e8	3465a513	slti	x10,x11,838	 x11:0xfffff2be x10=0x00000001
      360199000	     17908	800054ec	517d	c.li	x2,-1	  x2=0xffffffff
      360219000	     17909	800054ee	01816f63	bltu	x2,x24,8000550c	  x2:0xffffffff x24:0xfdb1f342
      360239000	     17910	800054f2	8d49	c.or	x10,x10	 x10:0x00000001 x10:0x00000001 x10=0x00000001
      360259000	     17911	800054f4	57fd	c.li	x15,-1	 x15=0xffffffff
      360279000	     17912	800054f6	0035df13	srli	x30,x11,0x3	 x11:0xfffff2be x30=0x1ffffe57
      360299000	     17913	800054fa	05e79063	bne	x15,x30,8000553a	 x15:0xffffffff x30:0x1ffffe57
      360439000	     17920	8000553a	01f0c133	xor	x2,x1,x31	  x1:0xbda032ce x31:0x80000001  x2=0x3da032cf
      360459000	     17921	8000553e	c195	c.beqz	x11,80005562	 x11:0xfffff2be
      360699000	     17933	80005540	853da013	slti	x0,x27,-1965	 x27:0x80000000  x0=0x00000000
      360719000	     17934	80005544	00a45d13	srli	x26,x8,0xa	  x8:0xbf1b6313 x26=0x002fc6d8
      364779000	     18137	80005548	02239563	bne	x7,x2,80005572	  x7:0x00000000  x2:0x3da032cf
      364859000	     18141	80005572	567d	c.li	x12,-1	 x12=0xffffffff
      364879000	     18142	80005574	691d	c.lui	x18,0x7	 x18=0x00007000
      364899000	     18143	80005576	00ef4e63	blt	x30,x14,80005592	 x30:0x1ffffe57 x14:0x00000000
      365499000	     18173	8000557a	63308893	addi	x17,x1,1587	  x1:0xbda032ce x17=0xbda03901
      365519000	     18174	8000557e	ed99	c.bnez	x11,8000559c	 x11:0xfffff2be
      365879000	     18192	8000559c	02872233	mulhsu	x4,x14,x8	 x14:0x00000000  x8:0xbf1b6313  x4=0x00000000
      366479000	     18222	800055a0	6259	c.lui	x4,0x16	  x4=0x00016000
      366599000	     18228	800055a2	00b66463	bltu	x12,x11,800055aa	 x12:0xffffffff x11:0xfffff2be
      366619000	     18229	800055a6	0001	c.addi	x0,0	  x0:0x00000000  x0=0x00000000
      366759000	     18236	800055a8	889a	c.mv	x17,x6	  x0:0x00000000  x6:0x80021a24 x17=0x80021a24
      366859000	     18241	800055aa	0383c963	blt	x7,x24,800055dc	  x7:0x00000000 x24:0xfdb1f342
      366879000	     18242	800055ae	717d	c.addi16sp	x2,-16	  x2:0x3da032cf  x2=0x3da032bf
      367079000	     18252	800055b0	2bfe5237	lui	x4,0x2bfe5	  x4=0x2bfe5000
      367099000	     18253	800055b4	0322cd63	blt	x5,x18,800055ee	  x5:0x00000000 x18:0x00007000
      368179000	     18307	800055ee	01c8db33	srl	x22,x17,x28	 x17:0x80021a24 x28:0xbda02737 x22=0x00000100
      368499000	     18323	800055f2	01a39493	slli	x9,x7,0x1a	  x7:0x00000000  x9=0x00000000
      368519000	     18324	800055f6	8049	c.srli	x8,0x12	  x8:0xbf1b6313  x8=0x00002fc6
      368919000	     18344	800055f8	031c	c.addi4spn	x15,x2,384	 x15=0x3da0343f
      368939000	     18345	800055fa	8f3d	c.xor	x14,x15	 x14:0x00000000 x15:0x3da0343f x14=0x3da0343f
      368959000	     18346	800055fc	cd99	c.beqz	x11,8000561a	 x11:0xfffff2be
      369059000	     18351	800055fe	0ff0000f	fence	iorw,iorw	
      369079000	     18352	80005602	92762d17	auipc	x26,0x92762	 x26=0x12767602
      369099000	     18353	80005606	8da9	c.xor	x11,x10	 x11:0xfffff2be x10:0x00000001 x11=0xfffff2bf
      369139000	     18355	80005608	0231ba33	mulhu	x20,x3,x3	  x3:0x00000533  x3:0x00000533 x20=0x00000000
      369159000	     18356	8000560c	8985	c.andi	x11,1	 x11:0xfffff2bf x11=0x00000001
      369179000	     18357	8000560e	00b44533	xor	x10,x8,x11	  x8:0x00002fc6 x11:0x00000001 x10=0x00002fc7
      369199000	     18358	80005612	012dd5b3	srl	x11,x27,x18	 x27:0x80000000 x18:0x00007000 x11=0x80000000
      369439000	     18370	80005616	0ff0000f	fence	iorw,iorw	
      369459000	     18371	8000561a	01f494b3	sll	x9,x9,x31	  x9:0x00000000 x31:0x80000001  x9=0x00000000
      369659000	     18381	8000561e	01c734b3	sltu	x9,x14,x28	 x14:0x3da0343f x28:0xbda02737  x9=0x00000001
      369679000	     18382	80005622	13fd	c.addi	x7,-1	  x7:0x00000000  x7=0xffffffff
      369819000	     18389	80005624	e2aecb93	xori	x23,x29,-470	 x29:0x00000000 x23=0xfffffe2a
      369839000	     18390	80005628	01e02733	slt	x14,x0,x30	  x0:0x00000000 x30:0x1ffffe57 x14=0x00000001
      369899000	     18393	8000562c	0203d563	bge	x7,x0,80005656	  x7:0xffffffff  x0:0x00000000
      369919000	     18394	80005630	f3d4b793	sltiu	x15,x9,-195	  x9:0x00000001 x15=0x00000001
      370099000	     18403	80005634	6165	c.addi16sp	x2,112	  x2:0x3da032bf  x2=0x3da0332f
      370119000	     18404	80005636	0000100f	fence.i	
      370619000	     18429	8000563a	87ed	c.srai	x15,0x1b	 x15:0x00000001 x15=0x00000000
      370639000	     18430	8000563c	012bc233	xor	x4,x23,x18	 x23:0xfffffe2a x18:0x00007000  x4=0xffff8e2a
      370799000	     18438	80005640	038b3d33	mulhu	x26,x22,x24	 x22:0x00000100 x24:0xfdb1f342 x26=0x000000fd
      370879000	     18442	80005644	10fd	c.addi	x1,-1	  x1:0xbda032ce  x1=0xbda032cd
      370899000	     18443	80005646	980b8793	addi	x15,x23,-1664	 x23:0xfffffe2a x15=0xfffff7aa
      371299000	     18463	8000564a	01c91d13	slli	x26,x18,0x1c	 x18:0x00007000 x26=0x00000000
      371419000	     18469	8000564e	00224533	xor	x10,x4,x2	  x4:0xffff8e2a  x2:0x3da0332f x10=0xc25fbd05
      371439000	     18470	80005652	001fc563	blt	x31,x1,8000565c	 x31:0x80000001  x1:0xbda032cd
      371659000	     18481	8000565c	058e6363	bltu	x28,x24,800056a2	 x28:0xbda02737 x24:0xfdb1f342
      372399000	     18518	800056a2	01566133	or	x2,x12,x21	 x12:0xffffffff x21:0x00000001  x2=0xffffffff
      372419000	     18519	800056a6	a6020493	addi	x9,x4,-1440	  x4:0xffff8e2a  x9=0xffff888a
      372439000	     18520	800056aa	37392f13	slti	x30,x18,883	 x18:0x00007000 x30=0x00000000
      372459000	     18521	800056ae	04de	c.slli	x9,0x17	  x9:0xffff888a  x9=0x45000000
      372479000	     18522	800056b0	000f23b3	slt	x7,x30,x0	 x30:0x00000000  x0:0x00000000  x7=0x00000000
      373219000	     18559	800056b4	03fdc533	div	x10,x27,x31	 x27:0x80000000 x31:0x80000001 x10=0x00000001
      373239000	     18560	800056b8	16fd	c.addi	x13,-1	 x13:0x80000000 x13=0x7fffffff
      373259000	     18561	800056ba	003bd693	srli	x13,x23,0x3	 x23:0xfffffe2a x13=0x1fffffc5
      373279000	     18562	800056be	00ac1a13	slli	x20,x24,0xa	 x24:0xfdb1f342 x20=0xc7cd0800
      373299000	     18563	800056c2	01df1b63	bne	x30,x29,800056d8	 x30:0x00000000 x29:0x00000000
      373319000	     18564	800056c6	03c79c63	bne	x15,x28,800056fe	 x15:0xfffff7aa x28:0xbda02737
      373759000	     18586	800056fe	0105cb33	xor	x22,x11,x16	 x11:0x80000000 x16:0xffffff3c x22=0x7fffff3c
      373779000	     18587	80005702	8729	c.srai	x14,0xa	 x14:0x00000001 x14=0x00000000
      373939000	     18595	80005704	02562333	mulhsu	x6,x12,x5	 x12:0xffffffff  x5:0x00000000  x6=0x00000000
      374159000	     18606	80005708	8785	c.srai	x15,0x1	 x15:0xfffff7aa x15=0xfffffbd5
      374519000	     18624	8000570a	03381363	bne	x16,x19,80005730	 x16:0xffffff3c x19:0x80021e64
      375459000	     18671	80005730	0178d113	srli	x2,x17,0x17	 x17:0x80021a24  x2=0x00000100
      375479000	     18672	80005734	cf11	c.beqz	x14,80005750	 x14:0x00000000
      376479000	     18722	80005750	81e9	c.srli	x11,0x1a	 x11:0x80000000 x11=0x00000020
      376879000	     18742	80005752	0354a033	mulhsu	x0,x9,x21	  x9:0x45000000 x21:0x00000001  x0=0x00000000
      377639000	     18780	80005756	03264b33	div	x22,x12,x18	 x12:0xffffffff x18:0x00007000 x22=0x00000000
      377659000	     18781	8000575a	411b8f33	sub	x30,x23,x17	 x23:0xfffffe2a x17:0x80021a24 x30=0x7ffde406
      377679000	     18782	8000575e	4f3d	c.li	x30,15	 x30=0x0000000f
      378419000	     18819	80005760	02c3c8b3	div	x17,x7,x12	  x7:0x00000000 x12:0xffffffff x17=0x00000000
      378439000	     18820	80005764	4064d8b3	sra	x17,x9,x6	  x9:0x45000000  x6:0x00000000 x17=0x45000000
      378459000	     18821	80005768	7a158e93	addi	x29,x11,1953	 x11:0x00000020 x29=0x000007c1
      378499000	     18823	8000576c	020d41b3	div	x3,x26,x0	 x26:0x00000000  x0:0x00000000  x3=0xffffffff
      378519000	     18824	80005770	407cdf13	srai	x30,x25,0x7	 x25:0x80025ce4 x30=0xff0004b9
      378539000	     18825	80005774	0082f2b3	and	x5,x5,x8	  x5:0x00000000  x8:0x00002fc6  x5=0x00000000
      378779000	     18837	80005778	00a95113	srli	x2,x18,0xa	 x18:0x00007000  x2=0x0000001c
      378939000	     18845	8000577c	8d3d	c.xor	x10,x15	 x10:0x00000001 x15:0xfffffbd5 x10=0xfffffbd4
      378959000	     18846	8000577e	02197a63	bgeu	x18,x1,800057b2	 x18:0x00007000  x1:0xbda032cd
      379099000	     18853	80005782	00fc9a33	sll	x20,x25,x15	 x25:0x80025ce4 x15:0xfffffbd5 x20=0x9c800000
      379119000	     18854	80005786	051e9263	bne	x29,x17,800057ca	 x29:0x000007c1 x17:0x45000000
      379759000	     18886	800057ca	e095	c.bnez	x9,800057ee	  x9:0x45000000
      381399000	     18968	800057ee	02166733	rem	x14,x12,x1	 x12:0xffffffff  x1:0xbda032cd x14=0xffffffff
      381419000	     18969	800057f2	4078df93	srai	x31,x17,0x7	 x17:0x45000000 x31=0x008a0000
      381439000	     18970	800057f6	a81fbf93	sltiu	x31,x31,-1407	 x31:0x008a0000 x31=0x00000001
      381459000	     18971	800057fa	67a9	c.lui	x15,0xa	 x15=0x0000a000
      381479000	     18972	800057fc	00038bb3	add	x23,x7,x0	  x7:0x00000000  x0:0x00000000 x23=0x00000000
      381499000	     18973	80005800	9a7d	c.andi	x12,-1	 x12:0xffffffff x12=0xffffffff
      381539000	     18975	80005802	0334b7b3	mulhu	x15,x9,x19	  x9:0x45000000 x19:0x80021e64 x15=0x22809230
      382279000	     19012	80005806	02cd4733	div	x14,x26,x12	 x26:0x00000000 x12:0xffffffff x14=0x00000000
      382299000	     19013	8000580a	401207b3	sub	x15,x4,x1	  x4:0xffff8e2a  x1:0xbda032cd x15=0x425f5b5d
      382319000	     19014	8000580e	0130e533	or	x10,x1,x19	  x1:0xbda032cd x19:0x80021e64 x10=0xbda23eed
      382339000	     19015	80005812	02158bb3	mul	x23,x11,x1	 x11:0x00000020  x1:0xbda032cd x23=0xb40659a0
      382379000	     19017	80005816	02122033	mulhsu	x0,x4,x1	  x4:0xffff8e2a  x1:0xbda032cd  x0=0x00000000
      382399000	     19018	8000581a	6209	c.lui	x4,0x2	  x4=0x00002000
      382439000	     19020	8000581c	02869133	mulh	x2,x13,x8	 x13:0x1fffffc5  x8:0x00002fc6  x2=0x000005f8
      382459000	     19021	80005820	021f7363	bgeu	x30,x1,80005846	 x30:0xff0004b9  x1:0xbda032cd
      383659000	     19081	80005846	01c6d713	srli	x14,x13,0x1c	 x13:0x1fffffc5 x14=0x00000001
      383679000	     19082	8000584a	009c78b3	and	x17,x24,x9	 x24:0xfdb1f342  x9:0x45000000 x17=0x45000000
      383779000	     19087	8000584e	84aa8c37	lui	x24,0x84aa8	 x24=0x84aa8000
      383799000	     19088	80005852	8efd	c.and	x13,x15	 x13:0x1fffffc5 x15:0x425f5b5d x13=0x025f5b45
      383819000	     19089	80005854	8c51	c.or	x8,x12	  x8:0x00002fc6 x12:0xffffffff  x8=0xffffffff
      383839000	     19090	80005856	01ad1eb3	sll	x29,x26,x26	 x26:0x00000000 x26:0x00000000 x29=0x00000000
      383859000	     19091	8000585a	11fd	c.addi	x3,-1	  x3:0xffffffff  x3=0xfffffffe
      383879000	     19092	8000585c	0001	c.addi	x0,0	  x0:0x00000000  x0=0x00000000
      383899000	     19093	8000585e	0001	c.addi	x0,0	  x0:0x00000000  x0=0x00000000
      383919000	     19094	80005860	0dbfb213	sltiu	x4,x31,219	 x31:0x00000001  x4=0x00000001
      383939000	     19095	80005864	0f30e713	ori	x14,x1,243	  x1:0xbda032cd x14=0xbda032ff
      384179000	     19107	80005868	021204b3	mul	x9,x4,x1	  x4:0x00000001  x1:0xbda032cd  x9=0xbda032cd
      384199000	     19108	8000586c	ca01	c.beqz	x12,8000587c	 x12:0xffffffff
      384259000	     19111	8000586e	0d26b913	sltiu	x18,x13,210	 x13:0x025f5b45 x18=0x00000000
      384279000	     19112	80005872	87c5	c.srai	x15,0x11	 x15:0x425f5b5d x15=0x0000212f
      384299000	     19113	80005874	b6bf6413	ori	x8,x30,-1173	 x30:0xff0004b9  x8=0xfffffffb
      384519000	     19124	80005878	027fc633	div	x12,x31,x7	 x31:0x00000001  x7:0x00000000 x12=0xffffffff
      384559000	     19126	8000587c	0000100f	fence.i	
      385419000	     19169	80005880	4289	c.li	x5,2	  x5=0x00000002
      385619000	     19179	80005882	e4d7c193	xori	x3,x15,-435	 x15:0x0000212f  x3=0xffffdf62
      386039000	     19200	80005886	00ec08b3	add	x17,x24,x14	 x24:0x84aa8000 x14:0xbda032ff x17=0x424ab2ff
      386399000	     19218	8000588a	0329f433	remu	x8,x19,x18	 x19:0x80021e64 x18:0x00000000  x8=0x80021e64
      386419000	     19219	8000588e	0001	c.addi	x0,0	  x0:0x00000000  x0=0x00000000
      386439000	     19220	80005890	61358613	addi	x12,x11,1555	 x11:0x00000020 x12=0x00000633
      386819000	     19239	80005894	04147363	bgeu	x8,x1,800058da	  x8:0x80021e64  x1:0xbda032cd
      386919000	     19244	80005898	0370cf63	blt	x1,x23,800058d6	  x1:0xbda032cd x23:0xb40659a0
      386939000	     19245	8000589c	8e15	c.sub	x12,x13	 x12:0x00000633 x13:0x025f5b45 x12=0xfda0aaee
      386959000	     19246	8000589e	b3227913	andi	x18,x4,-1230	  x4:0x00000001 x18=0x00000000
      391839000	     19490	800058a2	03881363	bne	x16,x24,800058c8	 x16:0xffffff3c x24:0x84aa8000
      391919000	     19494	800058c8	8cd1	c.or	x9,x12	  x9:0xbda032cd x12:0xfda0aaee  x9=0xfda0baef
      392199000	     19508	800058ca	0284bb33	mulhu	x22,x9,x8	  x9:0xfda0baef  x8:0x80021e64 x22=0x7ed276d4
      393019000	     19549	800058ce	03c4c0b3	div	x1,x9,x28	  x9:0xfda0baef x28:0xbda02737  x1=0x00000000
      393039000	     19550	800058d2	0000100f	fence.i	
      393939000	     19595	800058d6	02a6ce33	div	x28,x13,x10	 x13:0x025f5b45 x10:0xbda23eed x28=0x00000000
      393979000	     19597	800058da	02ff9033	mulh	x0,x31,x15	 x31:0x00000001 x15:0x0000212f  x0=0x00000000
      393999000	     19598	800058de	8da9	c.xor	x11,x10	 x11:0x00000020 x10:0xbda23eed x11=0xbda23ecd
      394019000	     19599	800058e0	0231e963	bltu	x3,x3,80005912	  x3:0xffffdf62  x3:0xffffdf62
      394039000	     19600	800058e4	e409	c.bnez	x8,800058ee	  x8:0x80021e64
      394099000	     19603	800058ee	ef01	c.bnez	x14,80005906	 x14:0xbda032ff
      394299000	     19613	80005906	039888b3	mul	x17,x17,x25	 x17:0x424ab2ff x25:0x80025ce4 x17=0xc8d90f1c
      394439000	     19620	8000590a	00e21393	slli	x7,x4,0xe	  x4:0x00000001  x7=0x00004000
      394459000	     19621	8000590e	6165	c.addi16sp	x2,112	  x2:0x000005f8  x2=0x00000668
      394479000	     19622	80005910	854a	c.mv	x10,x18	  x0:0x00000000 x18:0x00000000 x10=0x00000000
      394499000	     19623	80005912	41298533	sub	x10,x19,x18	 x19:0x80021e64 x18:0x00000000 x10=0x80021e64
      394519000	     19624	80005916	1f10	c.addi4spn	x12,x2,944	 x12=0x00000a18
      394539000	     19625	80005918	8fad	c.xor	x15,x11	 x15:0x0000212f x11:0xbda23ecd x15=0xbda21fe2
      394579000	     19627	8000591a	032ed7b3	divu	x15,x29,x18	 x29:0x00000000 x18:0x00000000 x15=0xffffffff
      394599000	     19628	8000591e	8aa1	c.andi	x13,8	 x13:0x025f5b45 x13=0x00000000
      395399000	     19668	80005920	02b5f133	remu	x2,x11,x11	 x11:0xbda23ecd x11:0xbda23ecd  x2=0x00000000
      395419000	     19669	80005924	1118	c.addi4spn	x14,x2,160	 x14=0x000000a0
      395439000	     19670	80005926	8de1	c.and	x11,x8	 x11:0xbda23ecd  x8:0x80021e64 x11=0x80021e44
      395459000	     19671	80005928	f0406c13	ori	x24,x0,-252	  x0:0x00000000 x24=0xffffff04
      395479000	     19672	8000592c	10fd	c.addi	x1,-1	  x1:0x00000000  x1=0xffffffff
      395499000	     19673	8000592e	402a05b3	sub	x11,x20,x2	 x20:0x9c800000  x2:0x00000000 x11=0x9c800000
      395519000	     19674	80005932	ef85	c.bnez	x15,8000596a	 x15:0xffffffff
      395659000	     19681	8000596a	b9678137	lui	x2,0xb9678	  x2=0xb9678000
      395679000	     19682	8000596e	84ad	c.srai	x9,0xb	  x9:0xfda0baef  x9=0xffffb417
      395859000	     19691	80005970	01bef5b3	and	x11,x29,x27	 x29:0x00000000 x27:0x80000000 x11=0x00000000
      395879000	     19692	80005974	593f2117	auipc	x2,0x593f2	  x2=0xd93f7974
      395899000	     19693	80005978	0001	c.addi	x0,0	  x0:0x00000000  x0=0x00000000
      396099000	     19703	8000597a	01829a63	bne	x5,x24,8000598e	  x5:0x00000002 x24:0xffffff04
      396699000	     19733	8000598e	b7ad8513	addi	x10,x27,-1158	 x27:0x80000000 x10=0x7ffffb7a
      396719000	     19734	80005992	8e71	c.and	x12,x12	 x12:0x00000a18 x12:0x00000a18 x12=0x00000a18
      396739000	     19735	80005994	717d	c.addi16sp	x2,-16	  x2:0xd93f7974  x2=0xd93f7964
      396759000	     19736	80005996	8d19	c.sub	x10,x14	 x10:0x7ffffb7a x14:0x000000a0 x10=0x7ffffada
      396819000	     19739	80005998	411b0333	sub	x6,x22,x17	 x22:0x7ed276d4 x17:0xc8d90f1c  x6=0xb5f967b8
      396919000	     19744	8000599c	c385	c.beqz	x15,800059bc	 x15:0xffffffff
      397119000	     19754	8000599e	00995c33	srl	x24,x18,x9	 x18:0x00000000  x9:0xffffb417 x24=0x00000000
      397239000	     19760	800059a2	0001e863	bltu	x3,x0,800059b2	  x3:0xffffdf62  x0:0x00000000
      397539000	     19775	800059a6	4133d7b3	sra	x15,x7,x19	  x7:0x00004000 x19:0x80021e64 x15=0x00000400
      397559000	     19776	800059aa	167aaf17	auipc	x30,0x167aa	 x30=0x967af9aa
      397979000	     19797	800059ae	402f8bb3	sub	x23,x31,x2	 x31:0x00000001  x2:0xd93f7964 x23=0x26c0869d
      398079000	     19802	800059b2	780a7813	andi	x16,x20,1920	 x20:0x9c800000 x16=0x00000000
      398199000	     19808	800059b6	0078f533	and	x10,x17,x7	 x17:0xc8d90f1c  x7:0x00004000 x10=0x00000000
      398219000	     19809	800059ba	617d	c.addi16sp	x2,496	  x2:0xd93f7964  x2=0xd93f7b54
      398259000	     19811	800059bc	02151433	mulh	x8,x10,x1	 x10:0x00000000  x1:0xffffffff  x8=0x00000000
      398279000	     19812	800059c0	025acc63	blt	x21,x5,800059f8	 x21:0x00000001  x5:0x00000002
      398579000	     19827	800059f8	47b3a193	slti	x3,x7,1147	  x7:0x00004000  x3=0x00000000
      398599000	     19828	800059fc	6b60a837	lui	x16,0x6b60a	 x16=0x6b60a000
      398639000	     19830	80005a00	03f133b3	mulhu	x7,x2,x31	  x2:0xd93f7b54 x31:0x00000001  x7=0x00000000
      398699000	     19833	80005a04	00ef4533	xor	x10,x30,x14	 x30:0x967af9aa x14:0x000000a0 x10=0x967af90a
      398739000	     19835	80005a08	037d3733	mulhu	x14,x26,x23	 x26:0x00000000 x23:0x26c0869d x14=0x00000000
      398899000	     19843	80005a0c	0311	c.addi	x6,4	  x6:0xb5f967b8  x6=0xb5f967bc
      398919000	     19844	80005a0e	01e45663	bge	x8,x30,80005a1a	  x8:0x00000000 x30:0x967af9aa
      400479000	     19922	80005a1a	29143f93	sltiu	x31,x8,657	  x8:0x00000000 x31=0x00000001
      400499000	     19923	80005a1e	0001	c.addi	x0,0	  x0:0x00000000  x0=0x00000000
      400899000	     19943	80005a20	614d	c.addi16sp	x2,176	  x2:0xd93f7b54  x2=0xd93f7c04
      400919000	     19944	80005a22	0001	c.addi	x0,0	  x0:0x00000000  x0=0x00000000
      401039000	     19950	80005a24	0001	c.addi	x0,0	  x0:0x00000000  x0=0x00000000
      401359000	     19966	80005a26	01a65433	srl	x8,x12,x26	 x12:0x00000a18 x26:0x00000000  x8=0x00000a18
      401379000	     19967	80005a2a	6175	c.addi16sp	x2,368	  x2:0xd93f7c04  x2=0xd93f7d74
      401399000	     19968	80005a2c	9b7d	c.andi	x14,-1	 x14:0x00000000 x14=0x00000000
      401539000	     19975	80005a2e	78ad0593	addi	x11,x26,1930	 x26:0x00000000 x11=0x0000078a
      401559000	     19976	80005a32	00335e33	srl	x28,x6,x3	  x6:0xb5f967bc  x3:0x00000000 x28=0xb5f967bc
      401579000	     19977	80005a36	117d	c.addi	x2,-1	  x2:0xd93f7d74  x2=0xd93f7d73
      401599000	     19978	80005a38	0001	c.addi	x0,0	  x0:0x00000000  x0=0x00000000
      401719000	     19984	80005a3a	01372333	slt	x6,x14,x19	 x14:0x00000000 x19:0x80021e64  x6=0x00000000
      401799000	     19988	80005a3e	012b5c33	srl	x24,x22,x18	 x22:0x7ed276d4 x18:0x00000000 x24=0x7ed276d4
      402219000	     20009	80005a42	03e8e863	bltu	x17,x30,80005a72	 x17:0xc8d90f1c x30:0x967af9aa
      402639000	     20030	80005a46	032c1663	bne	x24,x18,80005a72	 x24:0x7ed276d4 x18:0x00000000
      403939000	     20095	80005a72	41455213	srai	x4,x10,0x14	 x10:0x967af90a  x4=0xfffff967
      403959000	     20096	80005a76	41840433	sub	x8,x8,x24	  x8:0x00000a18 x24:0x7ed276d4  x8=0x812d9344
      403979000	     20097	80005a7a	8e29	c.xor	x12,x10	 x12:0x00000a18 x10:0x967af90a x12=0x967af312
      404059000	     20101	80005a7c	00618863	beq	x3,x6,80005a8c	  x3:0x00000000  x6:0x00000000
      405219000	     20159	80005a8c	0216feb3	remu	x29,x13,x1	 x13:0x00000000  x1:0xffffffff x29=0x00000000
      405239000	     20160	80005a90	026b7463	bgeu	x22,x6,80005ab8	 x22:0x7ed276d4  x6:0x00000000
      406079000	     20202	80005ab8	567d	c.li	x12,-1	 x12=0xffffffff
      406099000	     20203	80005aba	0329	c.addi	x6,10	  x6:0x00000000  x6=0x0000000a
      406139000	     20205	80005abc	8dbd	c.xor	x11,x15	 x11:0x0000078a x15:0x00000400 x11=0x0000038a
      406339000	     20215	80005abe	03f2c063	blt	x5,x31,80005ade	  x5:0x00000002 x31:0x00000001
      406359000	     20216	80005ac2	534ae297	auipc	x5,0x534ae	  x5=0xd34b3ac2
      406499000	     20223	80005ac6	01c2c333	xor	x6,x5,x28	  x5:0xd34b3ac2 x28:0xb5f967bc  x6=0x66b25d7e
      406699000	     20233	80005aca	007fc5b3	xor	x11,x31,x7	 x31:0x00000001  x7:0x00000000 x11=0x00000001
      406839000	     20240	80005ace	00ac7833	and	x16,x24,x10	 x24:0x7ed276d4 x10:0x967af90a x16=0x16527000
      406859000	     20241	80005ad2	0001	c.addi	x0,0	  x0:0x00000000  x0=0x00000000
      406879000	     20242	80005ad4	03f91163	bne	x18,x31,80005af6	 x18:0x00000000 x31:0x00000001
      407439000	     20270	80005af6	0f18	c.addi4spn	x14,x2,912	 x14=0xd93f8103
      408499000	     20323	80005af8	02854533	div	x10,x10,x8	 x10:0x967af90a  x8:0x812d9344 x10=0x00000000
      408519000	     20324	80005afc	4fc9	c.li	x31,18	 x31=0x00000012
      408539000	     20325	80005afe	86b9	c.srai	x13,0xe	 x13:0x00000000 x13=0x00000000
      408559000	     20326	80005b00	854d	c.srai	x10,0x13	 x10:0x00000000 x10=0x00000000
      408579000	     20327	80005b02	01f51d33	sll	x26,x10,x31	 x10:0x00000000 x31:0x00000012 x26=0x00000000
      408599000	     20328	80005b06	8c1d	c.sub	x8,x15	  x8:0x812d9344 x15:0x00000400  x8=0x812d8f44
      408619000	     20329	80005b08	e697e213	ori	x4,x15,-407	 x15:0x00000400  x4=0xfffffe69
      408639000	     20330	80005b0c	00498b33	add	x22,x19,x4	 x19:0x80021e64  x4:0xfffffe69 x22=0x80021ccd
      408819000	     20339	80005b10	9a3a	c.add	x20,x14	 x20:0x9c800000 x14:0xd93f8103 x20=0x75bf8103
      408859000	     20341	80005b12	44109737	lui	x14,0x44109	 x14=0x44109000
      408879000	     20342	80005b16	043d	c.addi	x8,15	  x8:0x812d8f44  x8=0x812d8f53
      409219000	     20359	80005b18	410d83b3	sub	x7,x27,x16	 x27:0x80000000 x16:0x16527000  x7=0x69ad9000
      409639000	     20380	80005b1c	01cfdf33	srl	x30,x31,x28	 x31:0x00000012 x28:0xb5f967bc x30=0x00000000
      409659000	     20381	80005b20	88c9	c.andi	x9,18	  x9:0xffffb417  x9=0x00000012
      409679000	     20382	80005b22	400b5393	srai	x7,x22,0x0	 x22:0x80021ccd  x7=0x80021ccd
      410059000	     20401	80005b26	00ba1333	sll	x6,x20,x11	 x20:0x75bf8103 x11:0x00000001  x6=0xeb7f0206
      410259000	     20411	80005b2a	01df7533	and	x10,x30,x29	 x30:0x00000000 x29:0x00000000 x10=0x00000000
      410279000	     20412	80005b2e	00f1dc13	srli	x24,x3,0xf	  x3:0x00000000 x24=0x00000000
      410299000	     20413	80005b32	06a1	c.addi	x13,8	 x13:0x00000000 x13=0x00000008
      410319000	     20414	80005b34	01d35233	srl	x4,x6,x29	  x6:0xeb7f0206 x29:0x00000000  x4=0xeb7f0206
      410379000	     20417	80005b38	0243ad33	mulhsu	x26,x7,x4	  x7:0x80021ccd  x4:0xeb7f0206 x26=0x8a427079
      410519000	     20424	80005b3c	8ce5	c.and	x9,x9	  x9:0x00000012  x9:0x00000012  x9=0x00000012
      410539000	     20425	80005b3e	8d6d	c.and	x10,x11	 x10:0x00000000 x11:0x00000001 x10=0x00000000
      410559000	     20426	80005b40	040c9163	bne	x25,x0,80005b82	 x25:0x80025ce4  x0:0x00000000
      411179000	     20457	80005b82	12fd	c.addi	x5,-1	  x5:0xd34b3ac2  x5=0xd34b3ac1
      411279000	     20462	80005b84	033c10b3	mulh	x1,x24,x19	 x24:0x00000000 x19:0x80021e64  x1=0x00000000
      411299000	     20463	80005b88	717d	c.addi16sp	x2,-16	  x2:0xd93f7d73  x2=0xd93f7d63
      412039000	     20500	80005b8a	039bf8b3	remu	x17,x23,x25	 x23:0x26c0869d x25:0x80025ce4 x17=0x26c0869d
      412059000	     20501	80005b8e	00d7c963	blt	x15,x13,80005ba0	 x15:0x00000400 x13:0x00000008
      412079000	     20502	80005b92	8fbd	c.xor	x15,x15	 x15:0x00000400 x15:0x00000400 x15=0x00000000
      412119000	     20504	80005b94	020bf733	remu	x14,x23,x0	 x23:0x26c0869d  x0:0x00000000 x14=0x26c0869d
      412159000	     20506	80005b98	036b2233	mulhsu	x4,x22,x22	 x22:0x80021ccd x22:0x80021ccd  x4=0xc0000004
      412899000	     20543	80005b9c	03a0c0b3	div	x1,x1,x26	  x1:0x00000000 x26:0x8a427079  x1=0x00000000
      412919000	     20544	80005ba0	0001	c.addi	x0,0	  x0:0x00000000  x0=0x00000000
      412939000	     20545	80005ba2	01e74463	blt	x14,x30,80005baa	 x14:0x26c0869d x30:0x00000000
      412959000	     20546	80005ba6	0000100f	fence.i	
      413999000	     20598	80005baa	036f48b3	div	x17,x30,x22	 x30:0x00000000 x22:0x80021ccd x17=0x00000000
      414019000	     20599	80005bae	0406	c.slli	x8,0x1	  x8:0x812d8f53  x8=0x025b1ea6
      414039000	     20600	80005bb0	0341cb63	blt	x3,x20,80005be6	  x3:0x00000000 x20:0x75bf8103
      414119000	     20604	80005be6	0001	c.addi	x0,0	  x0:0x00000000  x0=0x00000000
      414159000	     20606	80005be8	9922	c.add	x18,x8	 x18:0x00000000  x8:0x025b1ea6 x18=0x025b1ea6
      414179000	     20607	80005bea	997d	c.andi	x10,-1	 x10:0x00000000 x10=0x00000000
      414199000	     20608	80005bec	02c182b3	mul	x5,x3,x12	  x3:0x00000000 x12:0xffffffff  x5=0x00000000
      414779000	     20637	80005bf0	c78d	c.beqz	x15,80005c1a	 x15:0x00000000
      415359000	     20666	80005c1a	8736	c.mv	x14,x13	  x0:0x00000000 x13:0x00000008 x14=0x00000008
      415379000	     20667	80005c1c	8db9	c.xor	x11,x14	 x11:0x00000001 x14:0x00000008 x11=0x00000009
      415799000	     20688	80005c1e	6af60f37	lui	x30,0x6af60	 x30=0x6af60000
      415819000	     20689	80005c22	0001	c.addi	x0,0	  x0:0x00000000  x0=0x00000000
      415839000	     20690	80005c24	f2102e97	auipc	x29,0xf2102	 x29=0x72107c24
      415859000	     20691	80005c28	8d29	c.xor	x10,x10	 x10:0x00000000 x10:0x00000000 x10=0x00000000
      415879000	     20692	80005c2a	8f25	c.xor	x14,x9	 x14:0x00000008  x9:0x00000012 x14=0x0000001a
      415899000	     20693	80005c2c	0bba	c.slli	x23,0xe	 x23:0x26c0869d x23=0x21a74000
      416199000	     20708	80005c2e	031791b3	mulh	x3,x15,x17	 x15:0x00000000 x17:0x00000000  x3=0x00000000
      416599000	     20728	80005c32	008bb6b3	sltu	x13,x23,x8	 x23:0x21a74000  x8:0x025b1ea6 x13=0x00000000
      416619000	     20729	80005c36	8b81	c.andi	x15,0	 x15:0x00000000 x15=0x00000000
      416639000	     20730	80005c38	4035dd13	srai	x26,x11,0x3	 x11:0x00000009 x26=0x00000001
      416659000	     20731	80005c3c	6a29	c.lui	x20,0xa	 x20=0x0000a000
      416779000	     20737	80005c3e	000c0f63	beq	x24,x0,80005c5c	 x24:0x00000000  x0:0x00000000
      418139000	     20805	80005c5c	035c2133	mulhsu	x2,x24,x21	 x24:0x00000000 x21:0x00000001  x2=0x00000000
      419039000	     20850	80005c60	0301f733	remu	x14,x3,x16	  x3:0x00000000 x16:0x16527000 x14=0x00000000
      419059000	     20851	80005c64	017c0463	beq	x24,x23,80005c6c	 x24:0x00000000 x23:0x21a74000
      419079000	     20852	80005c68	e185	c.bnez	x11,80005c88	 x11:0x00000009
      419879000	     20892	80005c88	03545b33	divu	x22,x8,x21	  x8:0x025b1ea6 x21:0x00000001 x22=0x025b1ea6
      419899000	     20893	80005c8c	9f526213	ori	x4,x4,-1547	  x4:0xc0000004  x4=0xfffff9f5
      419919000	     20894	80005c90	41a20833	sub	x16,x4,x26	  x4:0xfffff9f5 x26:0x00000001 x16=0xfffff9f4
      419939000	     20895	80005c94	3e9d2237	lui	x4,0x3e9d2	  x4=0x3e9d2000
      419959000	     20896	80005c98	8f69	c.and	x14,x10	 x14:0x00000000 x10:0x00000000 x14=0x00000000
      419999000	     20898	80005c9a	032d3733	mulhu	x14,x26,x18	 x26:0x00000001 x18:0x025b1ea6 x14=0x00000000
      420019000	     20899	80005c9e	03824d63	blt	x4,x24,80005cd8	  x4:0x3e9d2000 x24:0x00000000
      420039000	     20900	80005ca2	e389	c.bnez	x15,80005ca4	 x15:0x00000000
      420159000	     20906	80005ca4	189c	c.addi4spn	x15,x2,112	 x15=0x00000070
      420179000	     20907	80005ca6	877a	c.mv	x14,x30	  x0:0x00000000 x30:0x6af60000 x14=0x6af60000
      420199000	     20908	80005ca8	0001	c.addi	x0,0	  x0:0x00000000  x0=0x00000000
      420219000	     20909	80005caa	0001	c.addi	x0,0	  x0:0x00000000  x0=0x00000000
      420499000	     20923	80005cac	00375ab3	srl	x21,x14,x3	 x14:0x6af60000  x3:0x00000000 x21=0x6af60000
      420519000	     20924	80005cb0	0ab23a93	sltiu	x21,x4,171	  x4:0x3e9d2000 x21=0x00000000
      420539000	     20925	80005cb4	717d	c.addi16sp	x2,-16	  x2:0x00000000  x2=0xfffffff0
      420599000	     20928	80005cb6	01016eb3	or	x29,x2,x16	  x2:0xfffffff0 x16:0xfffff9f4 x29=0xfffffff4
      420619000	     20929	80005cba	41b05593	srai	x11,x0,0x1b	  x0:0x00000000 x11=0x00000000
      420639000	     20930	80005cbe	c499	c.beqz	x9,80005ccc	  x9:0x00000012
      420659000	     20931	80005cc0	41ca8233	sub	x4,x21,x28	 x21:0x00000000 x28:0xb5f967bc  x4=0x4a069844
      420799000	     20938	80005cc4	03629a33	mulh	x20,x5,x22	  x5:0x00000000 x22:0x025b1ea6 x20=0x00000000
      420819000	     20939	80005cc8	03e8dc63	bge	x17,x30,80005d00	 x17:0x00000000 x30:0x6af60000
      420959000	     20946	80005ccc	8cb9	c.xor	x9,x14	  x9:0x00000012 x14:0x6af60000  x9=0x6af60012
      420979000	     20947	80005cce	8959	c.andi	x10,22	 x10:0x00000000 x10=0x00000000
      420999000	     20948	80005cd0	617d	c.addi16sp	x2,496	  x2:0xfffffff0  x2=0x000001e0
      421019000	     20949	80005cd2	02411963	bne	x2,x4,80005d04	  x2:0x000001e0  x4:0x4a069844
      421339000	     20965	80005d04	41e35093	srai	x1,x6,0x1e	  x6:0xeb7f0206  x1=0xffffffff
      422019000	     20999	80005d08	cc187613	andi	x12,x16,-831	 x16:0xfffff9f4 x12=0xfffff8c0
      422039000	     21000	80005d0c	56fd	c.li	x13,-1	 x13=0xffffffff
      422139000	     21005	80005d0e	03ab3a33	mulhu	x20,x22,x26	 x22:0x025b1ea6 x26:0x00000001 x20=0x00000000
      422159000	     21006	80005d12	00e72eb3	slt	x29,x14,x14	 x14:0x6af60000 x14:0x6af60000 x29=0x00000000
      422519000	     21024	80005d16	013d76b3	and	x13,x26,x19	 x26:0x00000001 x19:0x80021e64 x13=0x00000000
      422539000	     21025	80005d1a	3a067193	andi	x3,x12,928	 x12:0xfffff8c0  x3=0x00000080
      422559000	     21026	80005d1e	8211	c.srli	x12,0x4	 x12:0xfffff8c0 x12=0x0fffff8c
      422639000	     21030	80005d20	013fd963	bge	x31,x19,80005d32	 x31:0x00000012 x19:0x80021e64
      423639000	     21080	80005d32	652d	c.lui	x10,0xb	 x10=0x0000b000
      423659000	     21081	80005d34	eb8d	c.bnez	x15,80005d66	 x15:0x00000070
      424659000	     21131	80005d66	0018ba33	sltu	x20,x17,x1	 x17:0x00000000  x1:0xffffffff x20=0x00000001
      424679000	     21132	80005d6a	8541	c.srai	x10,0x10	 x10:0x0000b000 x10=0x00000000
      424699000	     21133	80005d6c	01305e93	srli	x29,x0,0x13	  x0:0x00000000 x29=0x00000000
      424799000	     21138	80005d70	0a26	c.slli	x20,0x9	 x20:0x00000001 x20=0x00000200
      424819000	     21139	80005d72	00066eb3	or	x29,x12,x0	 x12:0x0fffff8c  x0:0x00000000 x29=0x0fffff8c
      425159000	     21156	80005d76	029c1563	bne	x24,x9,80005da0	 x24:0x00000000  x9:0x6af60012
      425619000	     21179	80005da0	010f66b3	or	x13,x30,x16	 x30:0x6af60000 x16:0xfffff9f4 x13=0xfffff9f4
      426039000	     21200	80005da4	de858b97	auipc	x23,0xde858	 x23=0x5e85dda4
      426099000	     21203	80005da8	01a75c13	srli	x24,x14,0x1a	 x14:0x6af60000 x24=0x0000001a
      426199000	     21208	80005dac	0001	c.addi	x0,0	  x0:0x00000000  x0=0x00000000
      426219000	     21209	80005dae	03795963	bge	x18,x23,80005de0	 x18:0x025b1ea6 x23:0x5e85dda4
      426239000	     21210	80005db2	40ba8533	sub	x10,x21,x11	 x21:0x00000000 x11:0x00000000 x10=0x00000000
      426259000	     21211	80005db6	8ec5	c.or	x13,x9	 x13:0xfffff9f4  x9:0x6af60012 x13=0xfffff9f6
      426279000	     21212	80005db8	8f81	c.sub	x15,x8	 x15:0x00000070  x8:0x025b1ea6 x15=0xfda4e1ca
      426299000	     21213	80005dba	0ff0000f	fence	iorw,iorw	
      426499000	     21223	80005dbe	03d11a33	mulh	x20,x2,x29	  x2:0x000001e0 x29:0x0fffff8c x20=0x0000001d
      426519000	     21224	80005dc2	c9644b93	xori	x23,x8,-874	  x8:0x025b1ea6 x23=0xfda4e230
      426699000	     21233	80005dc6	026e3eb3	mulhu	x29,x28,x6	 x28:0xb5f967bc  x6:0xeb7f0206 x29=0xa7663a64
      426719000	     21234	80005dca	01be0d63	beq	x28,x27,80005de4	 x28:0xb5f967bc x27:0x80000000
      426739000	     21235	80005dce	49fa0513	addi	x10,x20,1183	 x20:0x0000001d x10=0x000004bc
      426759000	     21236	80005dd2	85d1	c.srai	x11,0x14	 x11:0x00000000 x11=0x00000000
      426779000	     21237	80005dd4	58fd	c.li	x17,-1	 x17=0xffffffff
      426919000	     21244	80005dd6	00088d33	add	x26,x17,x0	 x17:0xffffffff  x0:0x00000000 x26=0xffffffff
      427279000	     21262	80005dda	0324ca63	blt	x9,x18,80005e0e	  x9:0x6af60012 x18:0x025b1ea6
      427299000	     21263	80005dde	8c59	c.or	x8,x14	  x8:0x025b1ea6 x14:0x6af60000  x8=0x6aff1ea6
      427319000	     21264	80005de0	8741	c.srai	x14,0x10	 x14:0x6af60000 x14=0x00006af6
      427339000	     21265	80005de2	0f8a	c.slli	x31,0x2	 x31:0x00000012 x31=0x00000048
      427359000	     21266	80005de4	68ad	c.lui	x17,0xb	 x17=0x0000b000
      427379000	     21267	80005de6	16fd	c.addi	x13,-1	 x13:0xfffff9f6 x13=0xfffff9f5
      427679000	     21282	80005de8	60a1	c.lui	x1,0x8	  x1=0x00008000
      427699000	     21283	80005dea	0021ea63	bltu	x3,x2,80005dfe	  x3:0x00000080  x2:0x000001e0
      428699000	     21333	80005dfe	0032ee63	bltu	x5,x3,80005e1a	  x5:0x00000000  x3:0x00000080
      438439000	     21820	80005e1a	0168ba33	sltu	x20,x17,x22	 x17:0x0000b000 x22:0x025b1ea6 x20=0x00000001
      438459000	     21821	80005e1e	00cc9493	slli	x9,x25,0xc	 x25:0x80025ce4  x9=0x25ce4000
      438479000	     21822	80005e22	032f86b3	mul	x13,x31,x18	 x31:0x00000048 x18:0x025b1ea6 x13=0xa9a09eb0
      438499000	     21823	80005e26	00dc0663	beq	x24,x13,80005e32	 x24:0x0000001a x13:0xa9a09eb0
      438519000	     21824	80005e2a	010201b3	add	x3,x4,x16	  x4:0x4a069844 x16:0xfffff9f4  x3=0x4a069238
      438779000	     21837	80005e2e	00567a63	bgeu	x12,x5,80005e42	 x12:0x0fffff8c  x5:0x00000000
      439959000	     21896	80005e42	02e1f8b3	remu	x17,x3,x14	  x3:0x4a069238 x14:0x00006af6 x17=0x000019f0
      439979000	     21897	80005e46	5a1f2a93	slti	x21,x30,1441	 x30:0x6af60000 x21=0x00000000
      440719000	     21934	80005e4a	02d3f3b3	remu	x7,x7,x13	  x7:0x80021ccd x13:0xa9a09eb0  x7=0x80021ccd
      440739000	     21935	80005e4e	5836ca37	lui	x20,0x5836c	 x20=0x5836c000
      440759000	     21936	80005e52	01b830b3	sltu	x1,x16,x27	 x16:0xfffff9f4 x27:0x80000000  x1=0x00000000
      441499000	     21973	80005e56	02917233	remu	x4,x2,x9	  x2:0x000001e0  x9:0x25ce4000  x4=0x000001e0
      441519000	     21974	80005e5a	92d78293	addi	x5,x15,-1747	 x15:0xfda4e1ca  x5=0xfda4daf7
      441539000	     21975	80005e5e	8a19	c.andi	x12,6	 x12:0x0fffff8c x12=0x00000004
      441559000	     21976	80005e60	00cd9b33	sll	x22,x27,x12	 x27:0x80000000 x12:0x00000004 x22=0x00000000
      441579000	     21977	80005e64	025edd63	bge	x29,x5,80005e9e	 x29:0xa7663a64  x5:0xfda4daf7
      441599000	     21978	80005e68	82e5	c.srli	x13,0x19	 x13:0xa9a09eb0 x13=0x00000054
      441619000	     21979	80005e6a	8d79	c.and	x10,x14	 x10:0x000004bc x14:0x00006af6 x10=0x000000b4
      441639000	     21980	80005e6c	4002d3b3	sra	x7,x5,x0	  x5:0xfda4daf7  x0:0x00000000  x7=0xfda4daf7
      441659000	     21981	80005e70	c691	c.beqz	x13,80005e7c	 x13:0x00000054
      441979000	     21997	80005e72	00b831b3	sltu	x3,x16,x11	 x16:0xfffff9f4 x11:0x00000000  x3=0x00000000
      441999000	     21998	80005e76	02b70133	mul	x2,x14,x11	 x14:0x00006af6 x11:0x00000000  x2=0x00000000
      442019000	     21999	80005e7a	0001	c.addi	x0,0	  x0:0x00000000  x0=0x00000000
      442139000	     22005	80005e7c	920a	c.add	x4,x2	  x4:0x000001e0  x2:0x00000000  x4=0x000001e0
      442159000	     22006	80005e7e	02269463	bne	x13,x2,80005ea6	 x13:0x00000054  x2:0x00000000
      442479000	     22022	80005ea6	0001	c.addi	x0,0	  x0:0x00000000  x0=0x00000000
      442919000	     22044	80005ea8	93d6	c.add	x7,x21	  x7:0xfda4daf7 x21:0x00000000  x7=0xfda4daf7
      442939000	     22045	80005eaa	01f8fbb3	and	x23,x17,x31	 x17:0x000019f0 x31:0x00000048 x23=0x00000040
      442959000	     22046	80005eae	c8426a13	ori	x20,x4,-892	  x4:0x000001e0 x20=0xfffffde4
      442999000	     22048	80005eb2	020ff6b3	remu	x13,x31,x0	 x31:0x00000048  x0:0x00000000 x13=0x00000048
      443039000	     22050	80005eb6	02bded33	rem	x26,x27,x11	 x27:0x80000000 x11:0x00000000 x26=0x80000000
      443419000	     22069	80005eba	404fdd33	sra	x26,x31,x4	 x31:0x00000048  x4:0x000001e0 x26=0x00000048
      443739000	     22085	80005ebe	fccbf693	andi	x13,x23,-52	 x23:0x00000040 x13=0x00000040
      443839000	     22090	80005ec2	0000100f	fence.i	
      444739000	     22135	80005ec6	037068b3	rem	x17,x0,x23	  x0:0x00000000 x23:0x00000040 x17=0x00000000
      444759000	     22136	80005eca	7c0c0d13	addi	x26,x24,1984	 x24:0x0000001a x26=0x000007da
      444779000	     22137	80005ece	779acc17	auipc	x24,0x779ac	 x24=0xf79b1ece
      444799000	     22138	80005ed2	03dfc163	blt	x31,x29,80005ef4	 x31:0x00000048 x29:0xa7663a64
      444819000	     22139	80005ed6	0042d0b3	srl	x1,x5,x4	  x5:0xfda4daf7  x4:0x000001e0  x1=0xfda4daf7
      444859000	     22141	80005eda	01f31293	slli	x5,x6,0x1f	  x6:0xeb7f0206  x5=0x00000000
      445859000	     22191	80005ede	03e4dbb3	divu	x23,x9,x30	  x9:0x25ce4000 x30:0x6af60000 x23=0x00000000
      445879000	     22192	80005ee2	8675	c.srai	x12,0x1d	 x12:0x00000004 x12=0x00000000
      445899000	     22193	80005ee4	00a9da63	bge	x19,x10,80005ef8	 x19:0x80021e64 x10:0x000000b4
      445919000	     22194	80005ee8	0000100f	fence.i	
      446379000	     22217	80005eec	14c0a513	slti	x10,x1,332	  x1:0xfda4daf7 x10=0x00000001
      446419000	     22219	80005ef0	039916b3	mulh	x13,x18,x25	 x18:0x025b1ea6 x25:0x80025ce4 x13=0xfed2763e
      446579000	     22227	80005ef4	02ca9733	mulh	x14,x21,x12	 x21:0x00000000 x12:0x00000000 x14=0x00000000
      446619000	     22229	80005ef8	029a3f33	mulhu	x30,x20,x9	 x20:0xfffffde4  x9:0x25ce4000 x30=0x25ce3fb0
      446639000	     22230	80005efc	62883d13	sltiu	x26,x16,1576	 x16:0xfffff9f4 x26=0x00000000
      447419000	     22269	80005f00	03984a33	div	x20,x16,x25	 x16:0xfffff9f4 x25:0x80025ce4 x20=0x00000000
      447439000	     22270	80005f04	fc66f493	andi	x9,x13,-58	 x13:0xfed2763e  x9=0xfed27606
      448179000	     22307	80005f08	039dd133	divu	x2,x27,x25	 x27:0x80000000 x25:0x80025ce4  x2=0x00000000
      448199000	     22308	80005f0c	0093c5b3	xor	x11,x7,x9	  x7:0xfda4daf7  x9:0xfed27606 x11=0x0376acf1
      448219000	     22309	80005f10	4901	c.li	x18,0	 x18=0x00000000
      448239000	     22310	80005f12	51fd	c.li	x3,-1	  x3=0xffffffff
      448259000	     22311	80005f14	ef05	c.bnez	x14,80005f4c	 x14:0x00000000
      448279000	     22312	80005f16	007f1413	slli	x8,x30,0x7	 x30:0x25ce3fb0  x8=0xe71fd800
      448299000	     22313	80005f1a	0105cf33	xor	x30,x11,x16	 x11:0x0376acf1 x16:0xfffff9f4 x30=0xfc895505
      448339000	     22315	80005f1e	0251d7b3	divu	x15,x3,x5	  x3:0xffffffff  x5:0x00000000 x15=0xffffffff
      448359000	     22316	80005f22	99fd	c.andi	x11,-1	 x11:0x0376acf1 x11=0x0376acf1
      448539000	     22325	80005f24	01c5cc33	xor	x24,x11,x28	 x11:0x0376acf1 x28:0xb5f967bc x24=0xb68fcb4d
      448559000	     22326	80005f28	0c994713	xori	x14,x18,201	 x18:0x00000000 x14=0x000000c9
      449179000	     22357	80005f2c	0306f763	bgeu	x13,x16,80005f5a	 x13:0xfed2763e x16:0xfffff9f4
      449199000	     22358	80005f30	5bbc3093	sltiu	x1,x24,1467	 x24:0xb68fcb4d  x1=0x00000000
      449219000	     22359	80005f34	8e05	c.sub	x12,x9	 x12:0x00000000  x9:0xfed27606 x12=0x012d89fa
      449239000	     22360	80005f36	804d	c.srli	x8,0x13	  x8:0xe71fd800  x8=0x00001ce3
      449299000	     22363	80005f38	8c0d	c.sub	x8,x11	  x8:0x00001ce3 x11:0x0376acf1  x8=0xfc896ff2
      449319000	     22364	80005f3a	40ddda93	srai	x21,x27,0xd	 x27:0x80000000 x21=0xfffc0000
      449339000	     22365	80005f3e	8269	c.srli	x12,0x1a	 x12:0x012d89fa x12=0x00000000
      449359000	     22366	80005f40	0ff0000f	fence	iorw,iorw	
      449799000	     22388	80005f44	31207313	andi	x6,x0,786	  x0:0x00000000  x6=0x00000000
      449819000	     22389	80005f48	020d03b3	mul	x7,x26,x0	 x26:0x00000000  x0:0x00000000  x7=0x00000000
      449839000	     22390	80005f4c	088a	c.slli	x17,0x2	 x17:0x00000000 x17=0x00000000
      450259000	     22411	80005f4e	15b77b37	lui	x22,0x15b77	 x22=0x15b77000
      450279000	     22412	80005f52	8bba	c.mv	x23,x14	  x0:0x00000000 x14:0x000000c9 x23=0x000000c9
      450299000	     22413	80005f54	d9440493	addi	x9,x8,-620	  x8:0xfc896ff2  x9=0xfc896d86
      450319000	     22414	80005f58	86e5	c.srai	x13,0x19	 x13:0xfed2763e x13=0xffffffff
      450499000	     22423	80005f5a	40bf8333	sub	x6,x31,x11	 x31:0x00000048 x11:0x0376acf1  x6=0xfc895357
      450519000	     22424	80005f5e	024d87b3	mul	x15,x27,x4	 x27:0x80000000  x4:0x000001e0 x15=0x00000000
      450539000	     22425	80005f62	023f8963	beq	x31,x3,80005f94	 x31:0x00000048  x3:0xffffffff
      450559000	     22426	80005f66	41350f33	sub	x30,x10,x19	 x10:0x00000001 x19:0x80021e64 x30=0x7ffde19d
      451299000	     22463	80005f6a	0266fc33	remu	x24,x13,x6	 x13:0xffffffff  x6:0xfc895357 x24=0x0376aca8
      451319000	     22464	80005f6e	01b8e1b3	or	x3,x17,x27	 x17:0x00000000 x27:0x80000000  x3=0x80000000
      451339000	     22465	80005f72	670d	c.lui	x14,0x3	 x14=0x00003000
      451359000	     22466	80005f74	8c29	c.xor	x8,x10	  x8:0xfc896ff2 x10:0x00000001  x8=0xfc896ff3
      451379000	     22467	80005f76	01721013	slli	x0,x4,0x17	  x4:0x000001e0  x0=0x00000000
      451399000	     22468	80005f7a	9afd	c.andi	x13,-1	 x13:0xffffffff x13=0xffffffff
      451419000	     22469	80005f7c	81ea	c.mv	x3,x26	  x0:0x00000000 x26:0x00000000  x3=0x00000000
      451459000	     22471	80005f7e	02931b33	mulh	x22,x6,x9	  x6:0xfc895357  x9:0xfc896d86 x22=0x000bfeb4
      451499000	     22473	80005f82	03b995b3	mulh	x11,x19,x27	 x19:0x80021e64 x27:0x80000000 x11=0x3ffef0ce
      451519000	     22474	80005f86	2dee7c13	andi	x24,x28,734	 x28:0xb5f967bc x24=0x0000029c
      451539000	     22475	80005f8a	6d25	c.lui	x26,0x9	 x26=0x00009000
      451579000	     22477	80005f8c	02b02833	mulhsu	x16,x0,x11	  x0:0x00000000 x11:0x3ffef0ce x16=0x00000000
      451599000	     22478	80005f90	01b36b33	or	x22,x6,x27	  x6:0xfc895357 x27:0x80000000 x22=0xfc895357
      451839000	     22490	80005f94	0ff0000f	fence	iorw,iorw	
      451899000	     22493	80005f98	4689	c.li	x13,2	 x13=0x00000002
      451919000	     22494	80005f9a	8a22	c.mv	x20,x8	  x0:0x00000000  x8:0xfc896ff3 x20=0xfc896ff3
      452019000	     22499	80005f9c	0984	c.addi4spn	x9,x2,208	  x9=0x000000d0
      452039000	     22500	80005f9e	8b29	c.andi	x14,10	 x14:0x00003000 x14=0x00000000
      452059000	     22501	80005fa0	8961	c.andi	x10,24	 x10:0x00000001 x10=0x00000000
      452079000	     22502	80005fa2	03685b63	bge	x16,x22,80005fd8	 x16:0x00000000 x22:0xfc895357
      452639000	     22530	80005fd8	8dd1	c.or	x11,x12	 x11:0x3ffef0ce x12:0x00000000 x11=0x3ffef0ce
      452699000	     22533	80005fda	03b1a2b3	mulhsu	x5,x3,x27	  x3:0x00000000 x27:0x80000000  x5=0x00000000
      453099000	     22553	80005fde	41935033	sra	x0,x6,x25	  x6:0xfc895357 x25:0x80025ce4  x0=0x00000000
      453119000	     22554	80005fe2	905a2e93	slti	x29,x20,-1787	 x20:0xfc896ff3 x29=0x00000001
      453179000	     22557	80005fe6	f026ab93	slti	x23,x13,-254	 x13:0x00000002 x23=0x00000000
      453199000	     22558	80005fea	01d75e63	bge	x14,x29,80006006	 x14:0x00000000 x29:0x00000001
      453219000	     22559	80005fee	e385	c.bnez	x15,8000600e	 x15:0x00000000
      453619000	     22579	80005ff0	40240433	sub	x8,x8,x2	  x8:0xfc896ff3  x2:0x00000000  x8=0xfc896ff3
      453779000	     22587	80005ff4	c1b34b13	xori	x22,x6,-997	  x6:0xfc895357 x22=0x0376af4c
      453799000	     22588	80005ff8	e999	c.bnez	x11,8000600e	 x11:0x3ffef0ce
      454259000	     22611	8000600e	ca43cf93	xori	x31,x7,-860	  x7:0x00000000 x31=0xfffffca4
      454679000	     22632	80006012	a17c85b7	lui	x11,0xa17c8	 x11=0xa17c8000
      454739000	     22635	80006016	5be88f93	addi	x31,x17,1470	 x17:0x00000000 x31=0x000005be
      454979000	     22647	8000601a	2182c013	xori	x0,x5,536	  x5:0x00000000  x0=0x00000000
      454999000	     22648	8000601e	014790b3	sll	x1,x15,x20	 x15:0x00000000 x20:0xfc896ff3  x1=0x00000000
      455139000	     22655	80006022	0171dab3	srl	x21,x3,x23	  x3:0x00000000 x23:0x00000000 x21=0x00000000
      455259000	     22661	80006026	44504c13	xori	x24,x0,1093	  x0:0x00000000 x24=0x00000445
      455279000	     22662	8000602a	1666f293	andi	x5,x13,358	 x13:0x00000002  x5=0x00000002
      455299000	     22663	8000602e	5bfe6f93	ori	x31,x28,1471	 x28:0xb5f967bc x31=0xb5f967bf
      455319000	     22664	80006032	0486	c.slli	x9,0x1	  x9:0x000000d0  x9=0x000001a0
      455339000	     22665	80006034	0000100f	fence.i	
      455579000	     22677	80006038	049a7563	bgeu	x20,x9,80006082	 x20:0xfc896ff3  x9:0x000001a0
      456119000	     22704	80006082	8ff9	c.and	x15,x14	 x15:0x00000000 x14:0x00000000 x15=0x00000000
      456319000	     22714	80006084	03c83eb3	mulhu	x29,x16,x28	 x16:0x00000000 x28:0xb5f967bc x29=0x00000000
      456339000	     22715	80006088	8a62	c.mv	x20,x24	  x0:0x00000000 x24:0x00000445 x20=0x00000445
      456719000	     22734	8000608a	00e43333	sltu	x6,x8,x14	  x8:0xfc896ff3 x14:0x00000000  x6=0x00000000
      456739000	     22735	8000608e	0000100f	fence.i	
      457279000	     22762	80006092	03c08763	beq	x1,x28,800060c0	  x1:0x00000000 x28:0xb5f967bc
      457299000	     22763	80006096	0001	c.addi	x0,0	  x0:0x00000000  x0=0x00000000
      457319000	     22764	80006098	8225	c.srli	x12,0x9	 x12:0x00000000 x12=0x00000000
      457339000	     22765	8000609a	e7d1cbb7	lui	x23,0xe7d1c	 x23=0xe7d1c000
      458079000	     22802	8000609e	0334d633	divu	x12,x9,x19	  x9:0x000001a0 x19:0x80021e64 x12=0x00000000
      458099000	     22803	800060a2	41a4d3b3	sra	x7,x9,x26	  x9:0x000001a0 x26:0x00009000  x7=0x000001a0
      458119000	     22804	800060a6	9292	c.add	x5,x4	  x5:0x00000002  x4:0x000001e0  x5=0x000001e2
      458859000	     22841	800060a8	0379efb3	rem	x31,x19,x23	 x19:0x80021e64 x23:0xe7d1c000 x31=0xf8e95e64
      458899000	     22843	800060ac	032361b3	rem	x3,x6,x18	  x6:0x00000000 x18:0x00000000  x3=0x00000000
      458919000	     22844	800060b0	0ff0000f	fence	iorw,iorw	
      458959000	     22846	800060b4	02cb1a33	mulh	x20,x22,x12	 x22:0x0376af4c x12:0x00000000 x20=0x00000000
      458979000	     22847	800060b8	405c85b3	sub	x11,x25,x5	 x25:0x80025ce4  x5:0x000001e2 x11=0x80025b02
      458999000	     22848	800060bc	03d29b63	bne	x5,x29,800060f2	  x5:0x000001e2 x29:0x00000000
      459059000	     22851	800060f2	6e51	c.lui	x28,0x14	 x28=0x00014000
      459119000	     22854	800060f4	00da41b3	xor	x3,x20,x13	 x20:0x00000000 x13:0x00000002  x3=0x00000002
      459319000	     22864	800060f8	6111	c.addi16sp	x2,256	  x2:0x00000000  x2=0x00000100
      459739000	     22885	800060fa	43a2f693	andi	x13,x5,1082	  x5:0x000001e2 x13=0x00000022
      459859000	     22891	800060fe	eecd6e93	ori	x29,x26,-276	 x26:0x00009000 x29=0xfffffeec
      459879000	     22892	80006102	0000100f	fence.i	
      460159000	     22906	80006106	03caaf33	mulhsu	x30,x21,x28	 x21:0x00000000 x28:0x00014000 x30=0x00000000
      460959000	     22946	8000610a	03b06f33	rem	x30,x0,x27	  x0:0x00000000 x27:0x80000000 x30=0x00000000
      460979000	     22947	8000610e	ab373b93	sltiu	x23,x14,-1357	 x14:0x00000000 x23=0x00000001
      460999000	     22948	80006112	40e60c33	sub	x24,x12,x14	 x12:0x00000000 x14:0x00000000 x24=0x00000000
      461019000	     22949	80006116	016b08b3	add	x17,x22,x22	 x22:0x0376af4c x22:0x0376af4c x17=0x06ed5e98
      461039000	     22950	8000611a	6135	c.addi16sp	x2,352	  x2:0x00000100  x2=0x00000260
      461779000	     22987	8000611c	03b6cb33	div	x22,x13,x27	 x13:0x00000022 x27:0x80000000 x22=0x00000000
      461799000	     22988	80006120	74460213	addi	x4,x12,1860	 x12:0x00000000  x4=0x00000744
      461819000	     22989	80006124	8c99	c.sub	x9,x14	  x9:0x000001a0 x14:0x00000000  x9=0x000001a0
      461839000	     22990	80006126	c799	c.beqz	x15,80006134	 x15:0x00000000
      462239000	     23010	80006134	72a32e13	slti	x28,x6,1834	  x6:0x00000000 x28=0x00000001
      462259000	     23011	80006138	8545	c.srai	x10,0x11	 x10:0x00000000 x10=0x00000000
      463319000	     23064	8000613a	03b2d7b3	divu	x15,x5,x27	  x5:0x000001e2 x27:0x80000000 x15=0x00000000
      464059000	     23101	8000613e	03cd53b3	divu	x7,x26,x28	 x26:0x00009000 x28:0x00000001  x7=0x00009000
      464079000	     23102	80006142	80ce	c.mv	x1,x19	  x0:0x00000000 x19:0x80021e64  x1=0x80021e64
      464099000	     23103	80006144	439e3513	sltiu	x10,x28,1081	 x28:0x00000001 x10=0x00000001
      464119000	     23104	80006148	8b268737	lui	x14,0x8b268	 x14=0x8b268000
      464139000	     23105	8000614c	c195	c.beqz	x11,80006170	 x11:0x80025b02
      464159000	     23106	8000614e	ea89	c.bnez	x13,80006160	 x13:0x00000022
      464499000	     23123	80006160	014dda33	srl	x20,x27,x20	 x27:0x80000000 x20:0x00000000 x20=0x80000000
      464519000	     23124	80006164	ed05	c.bnez	x10,8000619c	 x10:0x00000001
      465519000	     23174	8000619c	02860f33	mul	x30,x12,x8	 x12:0x00000000  x8:0xfc896ff3 x30=0x00000000
      465539000	     23175	800061a0	8dad	c.xor	x11,x11	 x11:0x80025b02 x11:0x80025b02 x11=0x00000000
      465899000	     23193	800061a2	052b8063	beq	x23,x18,800061e2	 x23:0x00000001 x18:0x00000000
      465919000	     23194	800061a6	8cd5	c.or	x9,x13	  x9:0x000001a0 x13:0x00000022  x9=0x000001a2
      465939000	     23195	800061a8	1bfd	c.addi	x23,-1	 x23:0x00000001 x23=0x00000000
      465959000	     23196	800061aa	83da	c.mv	x7,x22	  x0:0x00000000 x22:0x00000000  x7=0x00000000
      466159000	     23206	800061ac	ed19	c.bnez	x10,800061ca	 x10:0x00000001
      467139000	     23255	800061ca	0e4d3c13	sltiu	x24,x26,228	 x26:0x00009000 x24=0x00000000
      467159000	     23256	800061ce	f3eaae93	slti	x29,x21,-194	 x21:0x00000000 x29=0x00000000
      467179000	     23257	800061d2	4b09	c.li	x22,2	 x22=0x00000002
      467199000	     23258	800061d4	0380d463	bge	x1,x24,800061fc	  x1:0x80021e64 x24:0x00000000
      467219000	     23259	800061d8	8a9a	c.mv	x21,x6	  x0:0x00000000  x6:0x00000000 x21=0x00000000
      467239000	     23260	800061da	005d1f13	slli	x30,x26,0x5	 x26:0x00009000 x30=0x00120000
      467279000	     23262	800061de	00606d63	bltu	x0,x6,800061f8	  x0:0x00000000  x6:0x00000000
      467299000	     23263	800061e2	9e62	c.add	x28,x24	 x28:0x00000001 x24:0x00000000 x28=0x00000001
      467319000	     23264	800061e4	5d978a13	addi	x20,x15,1497	 x15:0x00000000 x20=0x000005d9
      467339000	     23265	800061e8	e289	c.bnez	x13,800061ea	 x13:0x00000022
      467679000	     23282	800061ea	6679	c.lui	x12,0x1e	 x12=0x0001e000
      467699000	     23283	800061ec	01d7e863	bltu	x15,x29,800061fc	 x15:0x00000000 x29:0x00000000
      467739000	     23285	800061f0	03c64963	blt	x12,x28,80006222	 x12:0x0001e000 x28:0x00000001
      467979000	     23297	800061f4	03ab5763	bge	x22,x26,80006222	 x22:0x00000002 x26:0x00009000
      468839000	     23340	800061f8	02a4df33	divu	x30,x9,x10	  x9:0x000001a2 x10:0x00000001 x30=0x000001a2
      468859000	     23341	800061fc	0000100f	fence.i	
      469419000	     23369	80006200	0286ba33	mulhu	x20,x13,x8	 x13:0x00000022  x8:0xfc896ff3 x20=0x00000021
      469439000	     23370	80006204	4269f713	andi	x14,x19,1062	 x19:0x80021e64 x14=0x00000424
      469459000	     23371	80006208	94def193	andi	x3,x29,-1715	 x29:0x00000000  x3=0x00000000
      469519000	     23374	8000620c	41090ab3	sub	x21,x18,x16	 x18:0x00000000 x16:0x00000000 x21=0x00000000
      469539000	     23375	80006210	e515	c.bnez	x10,8000623c	 x10:0x00000001
      469619000	     23379	8000623c	cd5ff493	andi	x9,x31,-811	 x31:0xf8e95e64  x9=0xf8e95c44
      469859000	     23391	80006240	03f20733	mul	x14,x4,x31	  x4:0x00000744 x31:0xf8e95e64 x14=0x7f91ce90
      469899000	     23393	80006244	0ff0000f	fence	iorw,iorw	
      470039000	     23400	80006248	69564d13	xori	x26,x12,1685	 x12:0x0001e000 x26=0x0001e695
      470059000	     23401	8000624c	005c8eb3	add	x29,x25,x5	 x25:0x80025ce4  x5:0x000001e2 x29=0x80025ec6
      470499000	     23423	80006250	02da2533	mulhsu	x10,x20,x13	 x20:0x00000021 x13:0x00000022 x10=0x00000000
      470579000	     23427	80006254	0001	c.addi	x0,0	  x0:0x00000000  x0=0x00000000
      470599000	     23428	80006256	01271c63	bne	x14,x18,8000626e	 x14:0x7f91ce90 x18:0x00000000
      471199000	     23458	8000626e	5f1bbf13	sltiu	x30,x23,1521	 x23:0x00000000 x30=0x00000001
      471219000	     23459	80006272	1698	c.addi4spn	x14,x2,864	 x14=0x000005c0
      471259000	     23461	80006274	0001	c.addi	x0,0	  x0:0x00000000  x0=0x00000000
      472139000	     23505	80006276	03d36b33	rem	x22,x6,x29	  x6:0x00000000 x29:0x80025ec6 x22=0x00000000
      472159000	     23506	8000627a	b101e513	ori	x10,x3,-1264	  x3:0x00000000 x10=0xfffffb10
      472179000	     23507	8000627e	03b20763	beq	x4,x27,800062ac	  x4:0x00000744 x27:0x80000000
      472199000	     23508	80006282	68b3c693	xori	x13,x7,1675	  x7:0x00000000 x13=0x0000068b
      472219000	     23509	80006286	8689	c.srai	x13,0x2	 x13:0x0000068b x13=0x000001a2
      472239000	     23510	80006288	0fa9	c.addi	x31,10	 x31:0xf8e95e64 x31=0xf8e95e6e
      472259000	     23511	8000628a	8422	c.mv	x8,x8	  x0:0x00000000  x8:0xfc896ff3  x8=0xfc896ff3
      496619000	     24729	8000628c	e589	c.bnez	x11,80006296	 x11:0x00000000
      496639000	     24730	8000628e	0000100f	fence.i	
      496719000	     24734	80006292	1c98	c.addi4spn	x14,x2,624	 x14=0x000004d0
      497139000	     24755	80006294	10fd	c.addi	x1,-1	  x1:0x80021e64  x1=0x80021e63
      497179000	     24757	80006296	035dabb3	mulhsu	x23,x27,x21	 x27:0x80000000 x21:0x00000000 x23=0x00000000
      497599000	     24778	8000629a	035fcf33	div	x30,x31,x21	 x31:0xf8e95e6e x21:0x00000000 x30=0xffffffff
      497619000	     24779	8000629e	8646fd37	lui	x26,0x8646f	 x26=0x8646f000
      497639000	     24780	800062a2	8f7d	c.and	x14,x15	 x14:0x000004d0 x15:0x00000000 x14=0x00000000
      497659000	     24781	800062a4	8d8d	c.sub	x11,x11	 x11:0x00000000 x11:0x00000000 x11=0x00000000
      497679000	     24782	800062a6	0001	c.addi	x0,0	  x0:0x00000000  x0=0x00000000
      497739000	     24785	800062a8	8f7d	c.and	x14,x15	 x14:0x00000000 x15:0x00000000 x14=0x00000000
      497759000	     24786	800062aa	81f5	c.srli	x11,0x1d	 x11:0x00000000 x11=0x00000000
      497779000	     24787	800062ac	4eb89a97	auipc	x21,0x4eb89	 x21=0xceb8f2ac
      497799000	     24788	800062b0	014de863	bltu	x27,x20,800062c0	 x27:0x80000000 x20:0x00000021
      497819000	     24789	800062b4	017e4333	xor	x6,x28,x23	 x28:0x00000001 x23:0x00000000  x6=0x00000001
      498039000	     24800	800062b8	5570f413	andi	x8,x1,1367	  x1:0x80021e63  x8=0x00000443
      498059000	     24801	800062bc	00183133	sltu	x2,x16,x1	 x16:0x00000000  x1:0x80021e63  x2=0x00000001
      498079000	     24802	800062c0	01349013	slli	x0,x9,0x13	  x9:0xf8e95c44  x0=0x00000000
      498099000	     24803	800062c4	0000100f	fence.i	
      498179000	     24807	800062c8	130c	c.addi4spn	x11,x2,416	 x11=0x000001a1
      498199000	     24808	800062ca	8eb9	c.xor	x13,x14	 x13:0x000001a2 x14:0x00000000 x13=0x000001a2
      498399000	     24818	800062cc	40cdd333	sra	x6,x27,x12	 x27:0x80000000 x12:0x0001e000  x6=0x80000000
      498739000	     24835	800062d0	0343d463	bge	x7,x20,800062f8	  x7:0x00000000 x20:0x00000021
      498779000	     24837	800062d4	02fbc7b3	div	x15,x23,x15	 x23:0x00000000 x15:0x00000000 x15=0xffffffff
      498799000	     24838	800062d8	0000100f	fence.i	
      500119000	     24904	800062dc	03c25ab3	divu	x21,x4,x28	  x4:0x00000744 x28:0x00000001 x21=0x00000744
      500139000	     24905	800062e0	b73ca413	slti	x8,x25,-1165	 x25:0x80025ce4  x8=0x00000001
      500159000	     24906	800062e4	01af2533	slt	x10,x30,x26	 x30:0xffffffff x26:0x8646f000 x10=0x00000000
      500179000	     24907	800062e8	8e9d	c.sub	x13,x15	 x13:0x000001a2 x15:0xffffffff x13=0x000001a3
      500199000	     24908	800062ea	8d51	c.or	x10,x12	 x10:0x00000000 x12:0x0001e000 x10=0x0001e000
      500219000	     24909	800062ec	80c1	c.srli	x9,0x10	  x9:0xf8e95c44  x9=0x0000f8e9
      500239000	     24910	800062ee	cf8d3a93	sltiu	x21,x26,-776	 x26:0x8646f000 x21=0x00000001
      500259000	     24911	800062f2	40955e13	srai	x28,x10,0x9	 x10:0x0001e000 x28=0x000000f0
      500279000	     24912	800062f6	ce85	c.beqz	x13,8000632e	 x13:0x000001a3
      500299000	     24913	800062f8	81a9	c.srli	x11,0xa	 x11:0x000001a1 x11=0x00000000
      500319000	     24914	800062fa	c709	c.beqz	x14,80006304	 x14:0x00000000
      500559000	     24926	80006304	00931033	sll	x0,x6,x9	  x6:0x80000000  x9:0x0000f8e9  x0=0x00000000
      500579000	     24927	80006308	40bdd933	sra	x18,x27,x11	 x27:0x80000000 x11:0x00000000 x18=0x80000000
      500739000	     24935	8000630c	00d19e93	slli	x29,x3,0xd	  x3:0x00000000 x29=0x00000000
      500759000	     24936	80006310	3e84e213	ori	x4,x9,1000	  x9:0x0000f8e9  x4=0x0000fbe9
      500899000	     24943	80006314	8f61	c.and	x14,x8	 x14:0x00000000  x8:0x00000001 x14=0x00000000
      501639000	     24980	80006316	02856fb3	rem	x31,x10,x8	 x10:0x0001e000  x8:0x00000001 x31=0x00000000
      501659000	     24981	8000631a	97da	c.add	x15,x22	 x15:0xffffffff x22:0x00000000 x15=0xffffffff
      501699000	     24983	8000631c	02edab33	mulhsu	x22,x27,x14	 x27:0x80000000 x14:0x00000000 x22=0x00000000
      501719000	     24984	80006320	ba5ddc17	auipc	x24,0xba5dd	 x24=0x3a5e3320
      501739000	     24985	80006324	8f65	c.and	x14,x9	 x14:0x00000000  x9:0x0000f8e9 x14=0x00000000
      501759000	     24986	80006326	c8f97e93	andi	x29,x18,-881	 x18:0x80000000 x29=0x80000000
      501779000	     24987	8000632a	00c21913	slli	x18,x4,0xc	  x4:0x0000fbe9 x18=0x0fbe9000
      501799000	     24988	8000632e	717d	c.addi16sp	x2,-16	  x2:0x00000001  x2=0xfffffff1
      502399000	     25018	80006330	9c52	c.add	x24,x20	 x24:0x3a5e3320 x20:0x00000021 x24=0x3a5e3341
      502519000	     25024	80006332	0ff0000f	fence	iorw,iorw	
      502719000	     25034	80006336	4f063393	sltiu	x7,x12,1264	 x12:0x0001e000  x7=0x00000000
      502739000	     25035	8000633a	81ed	c.srli	x11,0x1b	 x11:0x00000000 x11=0x00000000
      502779000	     25037	8000633c	03616e33	rem	x28,x2,x22	  x2:0xfffffff1 x22:0x00000000 x28=0xfffffff1
      503159000	     25056	80006340	8e7d	c.and	x12,x15	 x12:0x0001e000 x15:0xffffffff x12=0x0001e000
      503179000	     25057	80006342	019d5663	bge	x26,x25,8000634e	 x26:0x8646f000 x25:0x80025ce4
      503999000	     25098	8000634e	00cd5213	srli	x4,x26,0xc	 x26:0x8646f000  x4=0x0008646f
      504159000	     25106	80006352	010f06b3	add	x13,x30,x16	 x30:0xffffffff x16:0x00000000 x13=0xffffffff
      504179000	     25107	80006356	02410563	beq	x2,x4,80006380	  x2:0xfffffff1  x4:0x0008646f
      504199000	     25108	8000635a	0001	c.addi	x0,0	  x0:0x00000000  x0=0x00000000
      504219000	     25109	8000635c	cb8d	c.beqz	x15,8000638e	 x15:0xffffffff
      504239000	     25110	8000635e	06e5	c.addi	x13,25	 x13:0xffffffff x13=0x00000018
      504259000	     25111	80006360	4033d613	srai	x12,x7,0x3	  x7:0x00000000 x12=0x00000000
      504279000	     25112	80006364	1608	c.addi4spn	x10,x2,800	 x10=0x00000311
      504299000	     25113	80006366	99fd	c.andi	x11,-1	 x11:0x00000000 x11=0x00000000
      504319000	     25114	80006368	0001	c.addi	x0,0	  x0:0x00000000  x0=0x00000000
      504339000	     25115	8000636a	cf91	c.beqz	x15,80006386	 x15:0xffffffff
      504379000	     25117	8000636c	03153f33	mulhu	x30,x10,x17	 x10:0x00000311 x17:0x06ed5e98 x30=0x00000015
      504399000	     25118	80006370	0058cf33	xor	x30,x17,x5	 x17:0x06ed5e98  x5:0x000001e2 x30=0x06ed5f7a
      504739000	     25135	80006374	41e05313	srai	x6,x0,0x1e	  x0:0x00000000  x6=0x00000000
      504859000	     25141	80006378	4525	c.li	x10,9	 x10=0x00000009
      504879000	     25142	8000637a	0794	c.addi4spn	x13,x2,960	 x13=0x000003b1
      505279000	     25162	8000637c	0033d363	bge	x7,x3,80006382	  x7:0x00000000  x3:0x00000000
      506179000	     25207	80006382	a74aa413	slti	x8,x21,-1420	 x21:0x00000001  x8=0x00000000
      506599000	     25228	80006386	01820733	add	x14,x4,x24	  x4:0x0008646f x24:0x3a5e3341 x14=0x3a6697b0
      506759000	     25236	8000638a	00d18233	add	x4,x3,x13	  x3:0x00000000 x13:0x000003b1  x4=0x000003b1
      507179000	     25257	8000638e	01797833	and	x16,x18,x23	 x18:0x0fbe9000 x23:0x00000000 x16=0x00000000
      507199000	     25258	80006392	83c1	c.srli	x15,0x10	 x15:0xffffffff x15=0x0000ffff
      507219000	     25259	80006394	fd35ab13	slti	x22,x11,-45	 x11:0x00000000 x22=0x00000000
      507339000	     25265	80006398	c6e7feb7	lui	x29,0xc6e7f	 x29=0xc6e7f000
      508079000	     25302	8000639c	034b7b33	remu	x22,x22,x20	 x22:0x00000000 x20:0x00000021 x22=0x00000000
      508099000	     25303	800063a0	aa19be93	sltiu	x29,x19,-1375	 x19:0x80021e64 x29=0x00000001
      508119000	     25304	800063a4	15fd	c.addi	x11,-1	 x11:0x00000000 x11=0xffffffff
      508139000	     25305	800063a6	0000100f	fence.i	
      508679000	     25332	800063aa	01ec2ab3	slt	x21,x24,x30	 x24:0x3a5e3341 x30:0x06ed5f7a x21=0x00000000
      509099000	     25353	800063ae	0000100f	fence.i	
      510859000	     25441	800063b2	1c4ed317	auipc	x6,0x1c4ed	  x6=0x9c4f33b2
      511599000	     25478	800063b6	03427833	remu	x16,x4,x20	  x4:0x000003b1 x20:0x00000021 x16=0x00000015
      511619000	     25479	800063ba	b9dc2893	slti	x17,x24,-1123	 x24:0x3a5e3341 x17=0x00000000
      511639000	     25480	800063be	5e9b4b93	xori	x23,x22,1513	 x22:0x00000000 x23=0x000005e9
      511659000	     25481	800063c2	8da1	c.xor	x11,x8	 x11:0xffffffff  x8:0x00000000 x11=0xffffffff
      511679000	     25482	800063c4	c109	c.beqz	x10,800063c6	 x10:0x00000009
      511699000	     25483	800063c6	6b2c7e93	andi	x29,x24,1714	 x24:0x3a5e3341 x29=0x00000200
      511739000	     25485	800063ca	0314e4b3	rem	x9,x9,x17	  x9:0x0000f8e9 x17:0x00000000  x9=0x0000f8e9
      511759000	     25486	800063ce	0000100f	fence.i	
      511939000	     25495	800063d2	03431c33	mulh	x24,x6,x20	  x6:0x9c4f33b2 x20:0x00000021 x24=0xfffffff3
      511959000	     25496	800063d6	02aa0263	beq	x20,x10,800063fa	 x20:0x00000021 x10:0x00000009
      511979000	     25497	800063da	c989	c.beqz	x11,800063ec	 x11:0xffffffff
      512139000	     25505	800063dc	d9dcae93	slti	x29,x25,-611	 x25:0x80025ce4 x29=0x00000001
      512179000	     25507	800063e0	9ae32a93	slti	x21,x6,-1618	  x6:0x9c4f33b2 x21=0x00000001
      512199000	     25508	800063e4	40850e33	sub	x28,x10,x8	 x10:0x00000009  x8:0x00000000 x28=0x00000009
      512219000	     25509	800063e8	fa5ec913	xori	x18,x29,-91	 x29:0x00000001 x18=0xffffffa4
      512239000	     25510	800063ec	0ff0000f	fence	iorw,iorw	
      512719000	     25534	800063f0	8431	c.srai	x8,0xc	  x8:0x00000000  x8=0x00000000
      512919000	     25544	800063f2	01d43633	sltu	x12,x8,x29	  x8:0x00000000 x29:0x00000001 x12=0x00000001
      512999000	     25548	800063f6	b0f17f93	andi	x31,x2,-1265	  x2:0xfffffff1 x31=0xfffffb01
      513019000	     25549	800063fa	0001	c.addi	x0,0	  x0:0x00000000  x0=0x00000000
      513379000	     25567	800063fc	0535	c.addi	x10,13	 x10:0x00000009 x10=0x00000016
      513399000	     25568	800063fe	854d	c.srai	x10,0x13	 x10:0x00000016 x10=0x00000000
      513719000	     25584	80006400	418fd433	sra	x8,x31,x24	 x31:0xfffffb01 x24:0xfffffff3  x8=0xffffffff
      513739000	     25585	80006404	02a4f763	bgeu	x9,x10,80006432	  x9:0x0000f8e9 x10:0x00000000
      514259000	     25611	80006432	03550bb3	mul	x23,x10,x21	 x10:0x00000000 x21:0x00000001 x23=0x00000000
      514279000	     25612	80006436	8bce	c.mv	x23,x19	  x0:0x00000000 x19:0x80021e64 x23=0x80021e64
      514439000	     25620	80006438	01859733	sll	x14,x11,x24	 x11:0xffffffff x24:0xfffffff3 x14=0xfff80000
      514699000	     25633	8000643c	0000100f	fence.i	
      515319000	     25664	80006440	0001	c.addi	x0,0	  x0:0x00000000  x0=0x00000000
      515399000	     25668	80006442	c924eb93	ori	x23,x9,-878	  x9:0x0000f8e9 x23=0xfffffcfb
      515419000	     25669	80006446	0342	c.slli	x6,0x10	  x6:0x9c4f33b2  x6=0x33b20000
      515539000	     25675	80006448	403c5d13	srai	x26,x24,0x3	 x24:0xfffffff3 x26=0xfffffffe
      515559000	     25676	8000644c	0ff0000f	fence	iorw,iorw	
      515579000	     25677	80006450	8eda	c.mv	x29,x22	  x0:0x00000000 x22:0x00000000 x29=0x00000000
      515599000	     25678	80006452	0255f563	bgeu	x11,x5,8000647c	 x11:0xffffffff  x5:0x000001e2
      515939000	     25695	8000647c	0128cb63	blt	x17,x18,80006492	 x17:0x00000000 x18:0xffffffa4
      516039000	     25700	80006480	717d	c.addi16sp	x2,-16	  x2:0xfffffff1  x2=0xffffffe1
      516779000	     25737	80006482	02d14eb3	div	x29,x2,x13	  x2:0xffffffe1 x13:0x000003b1 x29=0x00000000
      516819000	     25739	80006486	032c9a33	mulh	x20,x25,x18	 x25:0x80025ce4 x18:0xffffffa4 x20=0x0000002d
      516839000	     25740	8000648a	9aae	c.add	x21,x11	 x21:0x00000001 x11:0xffffffff x21=0x00000000
      516859000	     25741	8000648c	8c66	c.mv	x24,x25	  x0:0x00000000 x25:0x80025ce4 x24=0x80025ce4
      516879000	     25742	8000648e	00c39813	slli	x16,x7,0xc	  x7:0x00000000 x16=0x00000000
      516899000	     25743	80006492	cb1d	c.beqz	x14,800064c8	 x14:0xfff80000
      516919000	     25744	80006494	0326e563	bltu	x13,x18,800064be	 x13:0x000003b1 x18:0xffffffa4
      517159000	     25756	800064be	03f10033	mul	x0,x2,x31	  x2:0xffffffe1 x31:0xfffffb01  x0=0x00000000
      517899000	     25793	800064c2	032fcb33	div	x22,x31,x18	 x31:0xfffffb01 x18:0xffffffa4 x22=0x0000000d
      517919000	     25794	800064c6	8b56	c.mv	x22,x21	  x0:0x00000000 x21:0x00000000 x22=0x00000000
      517939000	     25795	800064c8	0001	c.addi	x0,0	  x0:0x00000000  x0=0x00000000
      517959000	     25796	800064ca	0154d763	bge	x9,x21,800064d8	  x9:0x0000f8e9 x21:0x00000000
      518759000	     25836	800064d8	03fe5f33	divu	x30,x28,x31	 x28:0x00000009 x31:0xfffffb01 x30=0x00000000
      518779000	     25837	800064dc	ea0d	c.bnez	x12,8000650e	 x12:0x00000001
      519399000	     25868	8000650e	015d9d13	slli	x26,x27,0x15	 x27:0x80000000 x26=0x00000000
      519819000	     25889	80006512	01b25133	srl	x2,x4,x27	  x4:0x000003b1 x27:0x80000000  x2=0x000003b1
      519839000	     25890	80006516	000c9693	slli	x13,x25,0x0	 x25:0x80025ce4 x13=0x80025ce4
      519859000	     25891	8000651a	8119	c.srli	x10,0x6	 x10:0x00000000 x10=0x00000000
      519979000	     25897	8000651c	7db80513	addi	x10,x16,2011	 x16:0x00000000 x10=0x000007db
      520379000	     25917	80006520	30a87c17	auipc	x24,0x30a87	 x24=0xb0a8d520
      520399000	     25918	80006524	e789	c.bnez	x15,8000652e	 x15:0x0000ffff
      520619000	     25929	8000652e	9a1a	c.add	x20,x6	 x20:0x0000002d  x6:0x33b20000 x20=0x33b2002d
      521059000	     25951	80006530	03475263	bge	x14,x20,80006554	 x14:0xfff80000 x20:0x33b2002d
      521079000	     25952	80006534	8f59	c.or	x14,x14	 x14:0xfff80000 x14:0xfff80000 x14=0xfff80000
      521339000	     25965	80006536	04ec0063	beq	x24,x14,80006576	 x24:0xb0a8d520 x14:0xfff80000
      521359000	     25966	8000653a	41e7d5b3	sra	x11,x15,x30	 x15:0x0000ffff x30:0x00000000 x11=0x0000ffff
      521379000	     25967	8000653e	80b6	c.mv	x1,x13	  x0:0x00000000 x13:0x80025ce4  x1=0x80025ce4
      521539000	     25975	80006540	87e6	c.mv	x15,x25	  x0:0x00000000 x25:0x80025ce4 x15=0x80025ce4
      521559000	     25976	80006542	0889	c.addi	x17,2	 x17:0x00000000 x17=0x00000002
      521599000	     25978	80006544	016ef1b3	and	x3,x29,x22	 x29:0x00000000 x22:0x00000000  x3=0x00000000
      521719000	     25984	80006548	037a9c33	mulh	x24,x21,x23	 x21:0x00000000 x23:0xfffffcfb x24=0x00000000
      521739000	     25985	8000654c	0145dfb3	srl	x31,x11,x20	 x11:0x0000ffff x20:0x33b2002d x31=0x00000007
      521759000	     25986	80006550	0880	c.addi4spn	x8,x2,80	  x8=0x00000401
      521779000	     25987	80006552	8e79	c.and	x12,x14	 x12:0x00000001 x14:0xfff80000 x12=0x00000000
      521799000	     25988	80006554	41ce5013	srai	x0,x28,0x1c	 x28:0x00000009  x0=0x00000000
      521859000	     25991	80006558	01ea9533	sll	x10,x21,x30	 x21:0x00000000 x30:0x00000000 x10=0x00000000
      522179000	     26007	8000655c	8f11	c.sub	x14,x12	 x14:0xfff80000 x12:0x00000000 x14=0xfff80000
      522339000	     26015	8000655e	d2b52193	slti	x3,x10,-725	 x10:0x00000000  x3=0x00000000
      522359000	     26016	80006562	6f75	c.lui	x30,0x1d	 x30=0x0001d000
      522759000	     26036	80006564	01ebd133	srl	x2,x23,x30	 x23:0xfffffcfb x30:0x0001d000  x2=0xfffffcfb
      522779000	     26037	80006568	0ff0000f	fence	iorw,iorw	
      522799000	     26038	8000656c	015b9e93	slli	x29,x23,0x15	 x23:0xfffffcfb x29=0x9f600000
      522819000	     26039	80006570	8ffd	c.and	x15,x15	 x15:0x80025ce4 x15:0x80025ce4 x15=0x80025ce4
      522839000	     26040	80006572	02208e63	beq	x1,x2,800065ae	  x1:0x80025ce4  x2:0xfffffcfb
      523119000	     26054	80006576	007da633	slt	x12,x27,x7	 x27:0x80000000  x7:0x00000000 x12=0x00000001
      523239000	     26060	8000657a	48ccf093	andi	x1,x25,1164	 x25:0x80025ce4  x1=0x00000484
      523319000	     26064	8000657e	031abf33	mulhu	x30,x21,x17	 x21:0x00000000 x17:0x00000002 x30=0x00000000
      524059000	     26101	80006582	02247833	remu	x16,x8,x2	  x8:0x00000401  x2:0xfffffcfb x16=0x00000401
      536999000	     26748	80006586	0013b933	sltu	x18,x7,x1	  x7:0x00000000  x1:0x00000484 x18=0x00000001
      537019000	     26749	8000658a	5b7d	c.li	x22,-1	 x22=0xffffffff
      537039000	     26750	8000658c	41c45093	srai	x1,x8,0x1c	  x8:0x00000401  x1=0x00000000
      537059000	     26751	80006590	8f91	c.sub	x15,x12	 x15:0x80025ce4 x12:0x00000001 x15=0x80025ce3
      537099000	     26753	80006592	029a2d33	mulhsu	x26,x20,x9	 x20:0x33b2002d  x9:0x0000f8e9 x26=0x00003243
      537119000	     26754	80006596	bee4f613	andi	x12,x9,-1042	  x9:0x0000f8e9 x12=0x0000f8e8
      537139000	     26755	8000659a	00f8e7b3	or	x15,x17,x15	 x17:0x00000002 x15:0x80025ce3 x15=0x80025ce3
      538139000	     26805	8000659e	024852b3	divu	x5,x16,x4	 x16:0x00000401  x4:0x000003b1  x5=0x00000001
      538159000	     26806	800065a2	0611	c.addi	x12,4	 x12:0x0000f8e8 x12=0x0000f8ec
      538199000	     26808	800065a4	020f5733	divu	x14,x30,x0	 x30:0x00000000  x0:0x00000000 x14=0xffffffff
      538219000	     26809	800065a8	6afd	c.lui	x21,0x1f	 x21=0x0001f000
      538239000	     26810	800065aa	03660a63	beq	x12,x22,800065de	 x12:0x0000f8ec x22:0xffffffff
      538259000	     26811	800065ae	97ce8613	addi	x12,x29,-1668	 x29:0x9f600000 x12=0x9f5ff97c
      538999000	     26848	800065b2	03917fb3	remu	x31,x2,x25	  x2:0xfffffcfb x25:0x80025ce4 x31=0x7ffda017
      539019000	     26849	800065b6	0036df33	srl	x30,x13,x3	 x13:0x80025ce4  x3:0x00000000 x30=0x80025ce4
      539039000	     26850	800065ba	d3051c17	auipc	x24,0xd3051	 x24=0x530575ba
      539059000	     26851	800065be	6521	c.lui	x10,0x8	 x10=0x00008000
      539079000	     26852	800065c0	8fbda793	slti	x15,x27,-1797	 x27:0x80000000 x15=0x00000001
      539099000	     26853	800065c4	0032bc33	sltu	x24,x5,x3	  x5:0x00000001  x3:0x00000000 x24=0x00000000
      539119000	     26854	800065c8	9e5a	c.add	x28,x22	 x28:0x00000009 x22:0xffffffff x28=0x00000008
      539139000	     26855	800065ca	8f45	c.or	x14,x9	 x14:0xffffffff  x9:0x0000f8e9 x14=0xffffffff
      539159000	     26856	800065cc	01ce5d13	srli	x26,x28,0x1c	 x28:0x00000008 x26=0x00000000
      539579000	     26877	800065d0	03961c33	mulh	x24,x12,x25	 x12:0x9f5ff97c x25:0x80025ce4 x24=0x304f1ef2
      539979000	     26897	800065d4	006d4a63	blt	x26,x6,800065e8	 x26:0x00000000  x6:0x33b20000
      540579000	     26927	800065e8	2b6dc313	xori	x6,x27,694	 x27:0x80000000  x6=0x800002b6
      540759000	     26936	800065ec	0212e7b3	rem	x15,x5,x1	  x5:0x00000001  x1:0x00000000 x15=0x00000001
      540779000	     26937	800065f0	ef8d	c.bnez	x15,8000662a	 x15:0x00000001
      541199000	     26958	8000662a	8d0e	c.mv	x26,x3	  x0:0x00000000  x3:0x00000000 x26=0x00000000
      541219000	     26959	8000662c	00c10c63	beq	x2,x12,80006644	  x2:0xfffffcfb x12:0x9f5ff97c
      541239000	     26960	80006630	014285b3	add	x11,x5,x20	  x5:0x00000001 x20:0x33b2002d x11=0x33b2002e
      541359000	     26966	80006634	0001	c.addi	x0,0	  x0:0x00000000  x0=0x00000000
      541779000	     26987	80006636	0000100f	fence.i	
      542839000	     27040	8000663a	8d5d	c.or	x10,x15	 x10:0x00008000 x15:0x00000001 x10=0x00008001
      542859000	     27041	8000663c	0001	c.addi	x0,0	  x0:0x00000000  x0=0x00000000
      542879000	     27042	8000663e	00709333	sll	x6,x1,x7	  x1:0x00000000  x7:0x00000000  x6=0x00000000
      542899000	     27043	80006642	1f9c	c.addi4spn	x15,x2,1008	 x15=0x000000eb
      542919000	     27044	80006644	8d5d	c.or	x10,x15	 x10:0x00008001 x15:0x000000eb x10=0x000080eb
      542939000	     27045	80006646	0002c563	blt	x5,x0,80006650	  x5:0x00000001  x0:0x00000000
      542959000	     27046	8000664a	0ff0000f	fence	iorw,iorw	
      542979000	     27047	8000664e	6bd1	c.lui	x23,0x14	 x23=0x00014000
      542999000	     27048	80006650	8153c737	lui	x14,0x8153c	 x14=0x8153c000
      543119000	     27054	80006654	d0f02117	auipc	x2,0xd0f02	  x2=0x50f08654
      543139000	     27055	80006658	0d7c8d17	auipc	x26,0xd7c8	 x26=0x8d7ce658
      543339000	     27065	8000665c	02bb0d33	mul	x26,x22,x11	 x22:0xffffffff x11:0x33b2002e x26=0xcc4dffd2
      543639000	     27080	80006660	0242	c.slli	x4,0x10	  x4:0x000003b1  x4=0x03b10000
      544039000	     27100	80006662	01d25663	bge	x4,x29,8000666e	  x4:0x03b10000 x29:0x9f600000
      545259000	     27161	8000666e	013bd3b3	srl	x7,x23,x19	 x23:0x00014000 x19:0x80021e64  x7=0x00001400
      545279000	     27162	80006672	1810	c.addi4spn	x12,x2,48	 x12=0x50f08684
      545299000	     27163	80006674	516554b7	lui	x9,0x51655	  x9=0x51655000
      545319000	     27164	80006678	e785	c.bnez	x15,800066a0	 x15:0x000000eb
      546979000	     27247	800066a0	02507833	remu	x16,x0,x5	  x0:0x00000000  x5:0x00000001 x16=0x00000000
      546999000	     27248	800066a4	cb01	c.beqz	x14,800066b4	 x14:0x8153c000
      547019000	     27249	800066a6	79c2e417	auipc	x8,0x79c2e	  x8=0xf9c346a6
      547759000	     27286	800066aa	02c44eb3	div	x29,x8,x12	  x8:0xf9c346a6 x12:0x50f08684 x29=0x00000000
      547799000	     27288	800066ae	03cabe33	mulhu	x28,x21,x28	 x21:0x0001f000 x28:0x00000008 x28=0x00000000
      547819000	     27289	800066b2	8ff1	c.and	x15,x12	 x15:0x000000eb x12:0x50f08684 x15=0x00000080
      547839000	     27290	800066b4	fc8fab13	slti	x22,x31,-56	 x31:0x7ffda017 x22=0x00000000
      547859000	     27291	800066b8	0000100f	fence.i	
      547939000	     27295	800066bc	0125e7b3	or	x15,x11,x18	 x11:0x33b2002e x18:0x00000001 x15=0x33b2002f
      548099000	     27303	800066c0	ed89	c.bnez	x11,800066da	 x11:0x33b2002e
      548139000	     27305	800066da	6a15	c.lui	x20,0x5	 x20=0x00005000
      548239000	     27310	800066dc	c915	c.beqz	x10,80006710	 x10:0x000080eb
      548279000	     27312	800066de	030d9f33	mulh	x30,x27,x16	 x27:0x80000000 x16:0x00000000 x30=0x00000000
      548299000	     27313	800066e2	5efd	c.li	x29,-1	 x29=0xffffffff
      548319000	     27314	800066e4	6129	c.addi16sp	x2,192	  x2:0x50f08654  x2=0x50f08714
      548339000	     27315	800066e6	2825e913	ori	x18,x11,642	 x11:0x33b2002e x18=0x33b202ae
      548479000	     27322	800066ea	4dee2313	slti	x6,x28,1246	 x28:0x00000000  x6=0x00000001
      548499000	     27323	800066ee	5aec4b13	xori	x22,x24,1454	 x24:0x304f1ef2 x22=0x304f1b5c
      548699000	     27333	800066f2	0381bab3	mulhu	x21,x3,x24	  x3:0x00000000 x24:0x304f1ef2 x21=0x00000000
      548719000	     27334	800066f6	717d	c.addi16sp	x2,-16	  x2:0x50f08714  x2=0x50f08704
      548739000	     27335	800066f8	018911b3	sll	x3,x18,x24	 x18:0x33b202ae x24:0x304f1ef2  x3=0x0ab80000
      548759000	     27336	800066fc	8bc9	c.andi	x15,18	 x15:0x33b2002f x15=0x00000002
      548779000	     27337	800066fe	8cbd	c.xor	x9,x15	  x9:0x51655000 x15:0x00000002  x9=0x51655002
      548859000	     27341	80006700	03cfdbb3	divu	x23,x31,x28	 x31:0x7ffda017 x28:0x00000000 x23=0xffffffff
      549259000	     27361	80006704	8da9	c.xor	x11,x10	 x11:0x33b2002e x10:0x000080eb x11=0x33b280c5
      549399000	     27368	80006706	012ff563	bgeu	x31,x18,80006710	 x31:0x7ffda017 x18:0x33b202ae
      550379000	     27417	80006710	ec1d	c.bnez	x8,8000674e	  x8:0xf9c346a6
      551379000	     27467	8000674e	030201b3	mul	x3,x4,x16	  x4:0x03b10000 x16:0x00000000  x3=0x00000000
      551419000	     27469	80006752	03b2b133	mulhu	x2,x5,x27	  x5:0x00000001 x27:0x80000000  x2=0x00000000
      551759000	     27486	80006756	00d69863	bne	x13,x13,80006766	 x13:0x80025ce4 x13:0x80025ce4
      551899000	     27493	8000675a	01e3d593	srli	x11,x7,0x1e	  x7:0x00001400 x11=0x00000000
      551919000	     27494	8000675e	02fcd763	bge	x25,x15,8000678c	 x25:0x80025ce4 x15:0x00000002
      551959000	     27496	80006762	00585393	srli	x7,x16,0x5	 x16:0x00000000  x7=0x00000000
      551979000	     27497	80006766	0001	c.addi	x0,0	  x0:0x00000000  x0=0x00000000
      551999000	     27498	80006768	9a16	c.add	x20,x5	 x20:0x00005000  x5:0x00000001 x20=0x00005001
      552159000	     27506	8000676a	00dc4eb3	xor	x29,x24,x13	 x24:0x304f1ef2 x13:0x80025ce4 x29=0xb04d4216
      552179000	     27507	8000676e	02190363	beq	x18,x1,80006794	 x18:0x33b202ae  x1:0x00000000
      552199000	     27508	80006772	8cf1	c.and	x9,x12	  x9:0x51655002 x12:0x50f08684  x9=0x50600000
      552219000	     27509	80006774	57846093	ori	x1,x8,1400	  x8:0xf9c346a6  x1=0xf9c347fe
      552239000	     27510	80006778	1708	c.addi4spn	x10,x2,928	 x10=0x000003a0
      552259000	     27511	8000677a	8691	c.srai	x13,0x4	 x13:0x80025ce4 x13=0xf80025ce
      552279000	     27512	8000677c	0ff0000f	fence	iorw,iorw	
      552439000	     27520	80006780	0f8e	c.slli	x31,0x3	 x31:0x7ffda017 x31=0xffed00b8
      552459000	     27521	80006782	feab6813	ori	x16,x22,-22	 x22:0x304f1b5c x16=0xfffffffe
      552479000	     27522	80006786	4529	c.li	x10,10	 x10=0x0000000a
      552599000	     27528	80006788	402ad193	srai	x3,x21,0x2	 x21:0x00000000  x3=0x00000000
      552619000	     27529	8000678c	0182d393	srli	x7,x5,0x18	  x5:0x00000001  x7=0x00000000
      553039000	     27550	80006790	0234cb63	blt	x9,x3,800067c6	  x9:0x50600000  x3:0x00000000
      553419000	     27569	80006794	517d	c.li	x2,-1	  x2=0xffffffff
      553739000	     27585	80006796	01e73a33	sltu	x20,x14,x30	 x14:0x8153c000 x30:0x00000000 x20=0x00000000
      553759000	     27586	8000679a	018906b3	add	x13,x18,x24	 x18:0x33b202ae x24:0x304f1ef2 x13=0x640121a0
      554179000	     27607	8000679e	0361e963	bltu	x3,x22,800067d0	  x3:0x00000000 x22:0x304f1b5c
      555099000	     27653	800067d0	400fd233	sra	x4,x31,x0	 x31:0xffed00b8  x0:0x00000000  x4=0xffed00b8
      555119000	     27654	800067d4	821d	c.srli	x12,0x7	 x12:0x50f08684 x12=0x00a1e10d
      555139000	     27655	800067d6	00c70933	add	x18,x14,x12	 x14:0x8153c000 x12:0x00a1e10d x18=0x81f5a10d
      555159000	     27656	800067da	956a	c.add	x10,x26	 x10:0x0000000a x26:0xcc4dffd2 x10=0xcc4dffdc
      555259000	     27661	800067dc	5e7d	c.li	x28,-1	 x28=0xffffffff
      555279000	     27662	800067de	8c2d	c.xor	x8,x11	  x8:0xf9c346a6 x11:0x00000000  x8=0xf9c346a6
      555339000	     27665	800067e0	02c6d263	bge	x13,x12,80006804	 x13:0x640121a0 x12:0x00a1e10d
      555979000	     27697	80006804	5c23a0b7	lui	x1,0x5c23a	  x1=0x5c23a000
      556019000	     27699	80006808	0ff0000f	fence	iorw,iorw	
      556039000	     27700	8000680c	00969033	sll	x0,x13,x9	 x13:0x640121a0  x9:0x50600000  x0=0x00000000
      556459000	     27721	80006810	00a6	c.slli	x1,0x9	  x1:0x5c23a000  x1=0x47400000
      556479000	     27722	80006812	8799	c.srai	x15,0x6	 x15:0x00000002 x15=0x00000000
      556499000	     27723	80006814	026b9263	bne	x23,x6,80006838	 x23:0xffffffff  x6:0x00000001
      569239000	     28360	80006838	030da333	mulhsu	x6,x27,x16	 x27:0x80000000 x16:0xfffffffe  x6=0x80000001
      569259000	     28361	8000683c	86f2	c.mv	x13,x28	  x0:0x00000000 x28:0xffffffff x13=0xffffffff
      569279000	     28362	8000683e	00d0ec33	or	x24,x1,x13	  x1:0x47400000 x13:0xffffffff x24=0xffffffff
      569299000	     28363	80006842	e285	c.bnez	x13,80006862	 x13:0xffffffff
      570279000	     28412	80006862	8d35	c.xor	x10,x13	 x10:0xcc4dffdc x13:0xffffffff x10=0x33b20023
      570699000	     28433	80006864	0024ba33	sltu	x20,x9,x2	  x9:0x50600000  x2:0xffffffff x20=0x00000001
      570839000	     28440	80006868	6b2b2593	slti	x11,x22,1714	 x22:0x304f1b5c x11=0x00000000
      571099000	     28453	8000686c	164e2793	slti	x15,x28,356	 x28:0xffffffff x15=0x00000001
      571459000	     28471	80006870	717d	c.addi16sp	x2,-16	  x2:0xffffffff  x2=0xffffffef
      571779000	     28487	80006872	019eaf33	slt	x30,x29,x25	 x29:0xb04d4216 x25:0x80025ce4 x30=0x00000000
      571799000	     28488	80006876	01c5d413	srli	x8,x11,0x1c	 x11:0x00000000  x8=0x00000000
      571819000	     28489	8000687a	00c2b3b3	sltu	x7,x5,x12	  x5:0x00000001 x12:0x00a1e10d  x7=0x00000001
      571839000	     28490	8000687e	e291	c.bnez	x13,80006882	 x13:0xffffffff
      572819000	     28539	80006882	ce05	c.beqz	x12,800068ba	 x12:0x00a1e10d
      572859000	     28541	80006884	00009763	bne	x1,x0,80006892	  x1:0x47400000  x0:0x00000000
      573779000	     28587	80006892	0752	c.slli	x14,0x14	 x14:0x8153c000 x14=0x00000000
      573839000	     28590	80006894	02ce3a33	mulhu	x20,x28,x12	 x28:0xffffffff x12:0x00a1e10d x20=0x00a1e10c
      573859000	     28591	80006898	0253f963	bgeu	x7,x5,800068ca	  x7:0x00000001  x5:0x00000001
      574759000	     28636	800068ca	0028f633	and	x12,x17,x2	 x17:0x00000002  x2:0xffffffef x12=0x00000002
      574779000	     28637	800068ce	8f7d	c.and	x14,x15	 x14:0x00000000 x15:0x00000001 x14=0x00000000
      574819000	     28639	800068d0	0c56	c.slli	x24,0x15	 x24:0xffffffff x24=0xffe00000
      574839000	     28640	800068d2	009d5513	srli	x10,x26,0x9	 x26:0xcc4dffd2 x10=0x006626ff
      575259000	     28661	800068d6	00d92e33	slt	x28,x18,x13	 x18:0x81f5a10d x13:0xffffffff x28=0x00000001
      575379000	     28667	800068da	0000100f	fence.i	
      576399000	     28718	800068de	47d8f613	andi	x12,x17,1149	 x17:0x00000002 x12=0x00000000
      576419000	     28719	800068e2	0001	c.addi	x0,0	  x0:0x00000000  x0=0x00000000
      576599000	     28728	800068e4	40d25133	sra	x2,x4,x13	  x4:0xffed00b8 x13:0xffffffff  x2=0xffffffff
      576619000	     28729	800068e8	01b65ab3	srl	x21,x12,x27	 x12:0x00000000 x27:0x80000000 x21=0x00000000
      576699000	     28733	800068ec	03652933	mulhsu	x18,x10,x22	 x10:0x006626ff x22:0x304f1b5c x18=0x001346e0
      576719000	     28734	800068f0	0000100f	fence.i	
      577019000	     28749	800068f4	86e5	c.srai	x13,0x19	 x13:0xffffffff x13=0xffffffff
      577039000	     28750	800068f6	00dd5e33	srl	x28,x26,x13	 x26:0xcc4dffd2 x13:0xffffffff x28=0x00000001
      577059000	     28751	800068fa	004568b3	or	x17,x10,x4	 x10:0x006626ff  x4:0xffed00b8 x17=0xffef26ff
      577359000	     28766	800068fe	23052193	slti	x3,x10,560	 x10:0x006626ff  x3=0x00000000
      577519000	     28774	80006902	0077be33	sltu	x28,x15,x7	 x15:0x00000001  x7:0x00000001 x28=0x00000000
      577539000	     28775	80006906	8f85	c.sub	x15,x9	 x15:0x00000001  x9:0x50600000 x15=0xafa00001
      577679000	     28782	80006908	0ff0000f	fence	iorw,iorw	
      577699000	     28783	8000690c	40be5a93	srai	x21,x28,0xb	 x28:0x00000000 x21=0x00000000
      577899000	     28793	80006910	87d9	c.srai	x15,0x16	 x15:0xafa00001 x15=0xfffffebe
      577919000	     28794	80006912	197d	c.addi	x18,-1	 x18:0x001346e0 x18=0x001346df
      577999000	     28798	80006914	02ac8133	mul	x2,x25,x10	 x25:0x80025ce4 x10:0x006626ff  x2=0xdefc5f1c
      578019000	     28799	80006918	67b9	c.lui	x15,0xe	 x15=0x0000e000
      578439000	     28820	8000691a	bdc94093	xori	x1,x18,-1060	 x18:0x001346df  x1=0xffecbd03
      578459000	     28821	8000691e	c315	c.beqz	x14,80006942	 x14:0x00000000
      578699000	     28833	80006942	8d3d	c.xor	x10,x15	 x10:0x006626ff x15:0x0000e000 x10=0x0066c6ff
      578899000	     28843	80006944	0001	c.addi	x0,0	  x0:0x00000000  x0=0x00000000
      578919000	     28844	80006946	8069	c.srli	x8,0x1a	  x8:0x00000000  x8=0x00000000
      578939000	     28845	80006948	e9914713	xori	x14,x2,-359	  x2:0xdefc5f1c x14=0x2103a185
      579679000	     28882	8000694c	031f5933	divu	x18,x30,x17	 x30:0x00000000 x17:0xffef26ff x18=0x00000000
      579699000	     28883	80006950	41ed8a33	sub	x20,x27,x30	 x27:0x80000000 x30:0x00000000 x20=0x80000000
      579719000	     28884	80006954	03bdc063	blt	x27,x27,80006974	 x27:0x80000000 x27:0x80000000
      579739000	     28885	80006958	810d	c.srli	x10,0x3	 x10:0x0066c6ff x10=0x000cd8df
      579759000	     28886	8000695a	8f49	c.or	x14,x10	 x14:0x2103a185 x10:0x000cd8df x14=0x210ff9df
      579779000	     28887	8000695c	0b26	c.slli	x22,0x9	 x22:0x304f1b5c x22=0x9e36b800
      579799000	     28888	8000695e	015de763	bltu	x27,x21,8000696c	 x27:0x80000000 x21:0x00000000
      579819000	     28889	80006962	0f91	c.addi	x31,4	 x31:0xffed00b8 x31=0xffed00bc
      579839000	     28890	80006964	41175033	sra	x0,x14,x17	 x14:0x210ff9df x17:0xffef26ff  x0=0x00000000
      579979000	     28897	80006968	ba5ba093	slti	x1,x23,-1115	 x23:0xffffffff  x1=0x00000000
      579999000	     28898	8000696c	00e9a7b3	slt	x15,x19,x14	 x19:0x80021e64 x14:0x210ff9df x15=0x00000001
      580419000	     28919	80006970	007cee63	bltu	x25,x7,8000698c	 x25:0x80025ce4  x7:0x00000001
      580439000	     28920	80006974	00f94f33	xor	x30,x18,x15	 x18:0x00000000 x15:0x00000001 x30=0x00000001
      580859000	     28941	80006978	02f91b63	bne	x18,x15,800069ae	 x18:0x00000000 x15:0x00000001
      582179000	     29007	800069ae	033c6c33	rem	x24,x24,x19	 x24:0xffe00000 x19:0x80021e64 x24=0xffe00000
      582199000	     29008	800069b2	8c31	c.xor	x8,x12	  x8:0x00000000 x12:0x00000000  x8=0x00000000
      582219000	     29009	800069b4	8e2d	c.xor	x12,x11	 x12:0x00000000 x11:0x00000000 x12=0x00000000
      582239000	     29010	800069b6	012280b3	add	x1,x5,x18	  x5:0x00000001 x18:0x00000000  x1=0x00000001
      582259000	     29011	800069ba	41dfdc33	sra	x24,x31,x29	 x31:0xffed00bc x29:0xb04d4216 x24=0xffffffff
      582279000	     29012	800069be	80e1	c.srli	x9,0x18	  x9:0x50600000  x9=0x00000050
      582299000	     29013	800069c0	6b9d	c.lui	x23,0x7	 x23=0x00007000
      582319000	     29014	800069c2	03cc4063	blt	x24,x28,800069e2	 x24:0xffffffff x28:0x00000000
      582979000	     29047	800069e2	01260f63	beq	x12,x18,80006a00	 x12:0x00000000 x18:0x00000000
      583499000	     29073	80006a00	8a0e	c.mv	x20,x3	  x0:0x00000000  x3:0x00000000 x20=0x00000000
      583519000	     29074	80006a02	01a69013	slli	x0,x13,0x1a	 x13:0xffffffff  x0=0x00000000
      583539000	     29075	80006a06	8e62	c.mv	x28,x24	  x0:0x00000000 x24:0xffffffff x28=0xffffffff
      583579000	     29077	80006a08	0001	c.addi	x0,0	  x0:0x00000000  x0=0x00000000
      583599000	     29078	80006a0a	3dd1db37	lui	x22,0x3dd1d	 x22=0x3dd1d000
      584019000	     29099	80006a0e	00c430b3	sltu	x1,x8,x12	  x8:0x00000000 x12:0x00000000  x1=0x00000000
      584039000	     29100	80006a12	96e6	c.add	x13,x25	 x13:0xffffffff x25:0x80025ce4 x13=0x80025ce3
      584159000	     29106	80006a14	0c6a	c.slli	x24,0x1a	 x24:0xffffffff x24=0xfc000000
      584179000	     29107	80006a16	0000100f	fence.i	
      585239000	     29160	80006a1a	013e6b33	or	x22,x28,x19	 x28:0xffffffff x19:0x80021e64 x22=0xffffffff
      585259000	     29161	80006a1e	8d59	c.or	x10,x14	 x10:0x000cd8df x14:0x210ff9df x10=0x210ff9df
      585299000	     29163	80006a20	0000100f	fence.i	
      585799000	     29188	80006a24	6899	c.lui	x17,0x6	 x17=0x00006000
      585819000	     29189	80006a26	404985b3	sub	x11,x19,x4	 x19:0x80021e64  x4:0xffed00b8 x11=0x80151dac
      585839000	     29190	80006a2a	ca09	c.beqz	x12,80006a3c	 x12:0x00000000
      586459000	     29221	80006a3c	e339ce13	xori	x28,x19,-461	 x19:0x80021e64 x28=0x7ffde057
      586599000	     29228	80006a40	8269	c.srli	x12,0x1a	 x12:0x00000000 x12=0x00000000
      586779000	     29237	80006a42	035d5833	divu	x16,x26,x21	 x26:0xcc4dffd2 x21:0x00000000 x16=0xffffffff
      586799000	     29238	80006a46	64ae8f13	addi	x30,x29,1610	 x29:0xb04d4216 x30=0xb04d4860
      586819000	     29239	80006a4a	8a1a	c.mv	x20,x6	  x0:0x00000000  x6:0x80000001 x20=0x80000001
      587199000	     29258	80006a4c	039a9863	bne	x21,x25,80006a7c	 x21:0x00000000 x25:0x80025ce4
      588099000	     29303	80006a7c	40bd5213	srai	x4,x26,0xb	 x26:0xcc4dffd2  x4=0xfff989bf
      588119000	     29304	80006a80	00f284b3	add	x9,x5,x15	  x5:0x00000001 x15:0x00000001  x9=0x00000002
      588139000	     29305	80006a84	00befa33	and	x20,x29,x11	 x29:0xb04d4216 x11:0x80151dac x20=0x80050004
      588319000	     29314	80006a88	afa4a593	slti	x11,x9,-1286	  x9:0x00000002 x11=0x00000000
      588339000	     29315	80006a8c	01b5fab3	and	x21,x11,x27	 x11:0x00000000 x27:0x80000000 x21=0x00000000
      588459000	     29321	80006a90	0219c233	div	x4,x19,x1	 x19:0x80021e64  x1:0x00000000  x4=0xffffffff
      588579000	     29327	80006a94	035bc6b3	div	x13,x23,x21	 x23:0x00007000 x21:0x00000000 x13=0xffffffff
      588699000	     29333	80006a98	93d6	c.add	x7,x21	  x7:0x00000001 x21:0x00000000  x7=0x00000001
      588719000	     29334	80006a9a	00aa	c.slli	x1,0xa	  x1:0x00000000  x1=0x00000000
      588819000	     29339	80006a9c	093e	c.slli	x18,0xf	 x18:0x00000000 x18=0x00000000
      589139000	     29355	80006a9e	0ff0000f	fence	iorw,iorw	
      589159000	     29356	80006aa2	0005b2b3	sltu	x5,x11,x0	 x11:0x00000000  x0:0x00000000  x5=0x00000000
      589499000	     29373	80006aa6	0219a8b3	mulhsu	x17,x19,x1	 x19:0x80021e64  x1:0x00000000 x17=0x00000000
      589679000	     29382	80006aaa	019078b3	and	x17,x0,x25	  x0:0x00000000 x25:0x80025ce4 x17=0x00000000
      589699000	     29383	80006aae	01735713	srli	x14,x6,0x17	  x6:0x80000001 x14=0x00000100
      634919000	     31644	80006ab2	6515	c.lui	x10,0x5	 x10=0x00005000
      634939000	     31645	80006ab4	03764663	blt	x12,x23,80006ae0	 x12:0x00000000 x23:0x00007000
      635339000	     31665	80006ae0	01af9fb3	sll	x31,x31,x26	 x31:0xffed00bc x26:0xcc4dffd2 x31=0x02f00000
      636079000	     31702	80006ae4	02a5d2b3	divu	x5,x11,x10	 x11:0x00000000 x10:0x00005000  x5=0x00000000
      636099000	     31703	80006ae8	00e76fb3	or	x31,x14,x14	 x14:0x00000100 x14:0x00000100 x31=0x00000100
      636119000	     31704	80006aec	0001	c.addi	x0,0	  x0:0x00000000  x0=0x00000000
      636139000	     31705	80006aee	02185363	bge	x16,x1,80006b14	 x16:0xffffffff  x1:0x00000000
      636159000	     31706	80006af2	00abaa33	slt	x20,x23,x10	 x23:0x00007000 x10:0x00005000 x20=0x00000000
      636179000	     31707	80006af6	0d80	c.addi4spn	x8,x2,720	  x8=0xdefc61ec
      636199000	     31708	80006af8	00706a33	or	x20,x0,x7	  x0:0x00000000  x7:0x00000001 x20=0x00000001
      636359000	     31716	80006afc	031c3ab3	mulhu	x21,x24,x17	 x24:0xfc000000 x17:0x00000000 x21=0x00000000
      636379000	     31717	80006b00	8c8d	c.sub	x9,x11	  x9:0x00000002 x11:0x00000000  x9=0x00000002
      636399000	     31718	80006b02	ec08c813	xori	x16,x17,-320	 x17:0x00000000 x16=0xfffffec0
      636419000	     31719	80006b06	4611	c.li	x12,4	 x12=0x00000004
      636459000	     31721	80006b08	8c55	c.or	x8,x13	  x8:0xdefc61ec x13:0xffffffff  x8=0xffffffff
      637199000	     31758	80006b0a	02d9d1b3	divu	x3,x19,x13	 x19:0x80021e64 x13:0xffffffff  x3=0x00000000
      637219000	     31759	80006b0e	8eed	c.and	x13,x11	 x13:0xffffffff x11:0x00000000 x13=0x00000000
      637239000	     31760	80006b10	02ad83b3	mul	x7,x27,x10	 x27:0x80000000 x10:0x00005000  x7=0x00000000
      637259000	     31761	80006b14	059c	c.addi4spn	x15,x2,704	 x15=0xdefc61dc
      637279000	     31762	80006b16	aa2e3697	auipc	x13,0xaa2e3	 x13=0x2a2e9b16
      637299000	     31763	80006b1a	8cb5	c.xor	x9,x13	  x9:0x00000002 x13:0x2a2e9b16  x9=0x2a2e9b14
      637319000	     31764	80006b1c	02abee63	bltu	x23,x10,80006b58	 x23:0x00007000 x10:0x00005000
      637359000	     31766	80006b20	0238b3b3	mulhu	x7,x17,x3	 x17:0x00000000  x3:0x00000000  x7=0x00000000
      637379000	     31767	80006b24	8c1d	c.sub	x8,x15	  x8:0xffffffff x15:0xdefc61dc  x8=0x21039e23
      637739000	     31785	80006b26	013a6ab3	or	x21,x20,x19	 x20:0x00000001 x19:0x80021e64 x21=0x80021e65
      637759000	     31786	80006b2a	02ccd263	bge	x25,x12,80006b4e	 x25:0x80025ce4 x12:0x00000004
      638179000	     31807	80006b2e	40158d33	sub	x26,x11,x1	 x11:0x00000000  x1:0x00000000 x26=0x00000000
      638599000	     31828	80006b32	88d18817	auipc	x16,0x88d18	 x16=0x08d1eb32
      638619000	     31829	80006b36	b2663113	sltiu	x2,x12,-1242	 x12:0x00000004  x2=0x00000001
      638639000	     31830	80006b3a	01d2b7b3	sltu	x15,x5,x29	  x5:0x00000000 x29:0xb04d4216 x15=0x00000001
      638659000	     31831	80006b3e	0ff0000f	fence	iorw,iorw	
      638719000	     31834	80006b42	018fdd63	bge	x31,x24,80006b5c	 x31:0x00000100 x24:0xfc000000
      639619000	     31879	80006b5c	661d	c.lui	x12,0x7	 x12=0x00007000
      639999000	     31898	80006b5e	0040d863	bge	x1,x4,80006b6e	  x1:0x00000000  x4:0xffffffff
      640319000	     31914	80006b6e	9b36	c.add	x22,x13	 x22:0xffffffff x13:0x2a2e9b16 x22=0x2a2e9b15
      640539000	     31925	80006b70	6119	c.addi16sp	x2,384	  x2:0x00000001  x2=0x00000181
      640799000	     31938	80006b72	22562513	slti	x10,x12,549	 x12:0x00007000 x10=0x00000000
      640819000	     31939	80006b76	af393013	sltiu	x0,x18,-1293	 x18:0x00000000  x0=0x00000000
      640859000	     31941	80006b7a	03a02fb3	mulhsu	x31,x0,x26	  x0:0x00000000 x26:0x00000000 x31=0x00000000
      640879000	     31942	80006b7e	8d8d	c.sub	x11,x11	 x11:0x00000000 x11:0x00000000 x11=0x00000000
      641619000	     31979	80006b80	030cd633	divu	x12,x25,x16	 x25:0x80025ce4 x16:0x08d1eb32 x12=0x0000000e
      641639000	     31980	80006b84	3d9f3913	sltiu	x18,x30,985	 x30:0xb04d4860 x18=0x00000000
      641659000	     31981	80006b88	023b7363	bgeu	x22,x3,80006bae	 x22:0x2a2e9b15  x3:0x00000000
      642679000	     32032	80006bae	9392	c.add	x7,x4	  x7:0x00000000  x4:0xffffffff  x7=0xffffffff
      643159000	     32056	80006bb0	717d	c.addi16sp	x2,-16	  x2:0x00000181  x2=0x00000171
      643179000	     32057	80006bb2	4040d4b3	sra	x9,x1,x4	  x1:0x00000000  x4:0xffffffff  x9=0x00000000
      643199000	     32058	80006bb6	008180b3	add	x1,x3,x8	  x3:0x00000000  x8:0x21039e23  x1=0x21039e23
      643219000	     32059	80006bba	844d	c.srai	x8,0x13	  x8:0x21039e23  x8=0x00000420
      643399000	     32068	80006bbc	527d	c.li	x4,-1	  x4=0xffffffff
      643419000	     32069	80006bbe	0fb2	c.slli	x31,0xc	 x31:0x00000000 x31=0x00000000
      643539000	     32075	80006bc0	01f1e0b3	or	x1,x3,x31	  x3:0x00000000 x31:0x00000000  x1=0x00000000
      643559000	     32076	80006bc4	016eab33	slt	x22,x29,x22	 x29:0xb04d4216 x22:0x2a2e9b15 x22=0x00000001
      643579000	     32077	80006bc8	0000100f	fence.i	
      644139000	     32105	80006bcc	403905b3	sub	x11,x18,x3	 x18:0x00000000  x3:0x00000000 x11=0x00000000
      644339000	     32115	80006bd0	566eb113	sltiu	x2,x29,1382	 x29:0xb04d4216  x2=0x00000000
      644379000	     32117	80006bd4	0001	c.addi	x0,0	  x0:0x00000000  x0=0x00000000
      644579000	     32127	80006bd6	01ee7833	and	x16,x28,x30	 x28:0x7ffde057 x30:0xb04d4860 x16=0x304d4040
      644759000	     32136	80006bda	019c1e13	slli	x28,x24,0x19	 x24:0xfc000000 x28=0x00000000
      644779000	     32137	80006bde	8e99	c.sub	x13,x14	 x13:0x2a2e9b16 x14:0x00000100 x13=0x2a2e9a16
      645119000	     32154	80006be0	8c06	c.mv	x24,x1	  x0:0x00000000  x1:0x00000000 x24=0x00000000
      645139000	     32155	80006be2	8d95	c.sub	x11,x13	 x11:0x00000000 x13:0x2a2e9a16 x11=0xd5d165ea
      645539000	     32175	80006be4	0109e233	or	x4,x19,x16	 x19:0x80021e64 x16:0x304d4040  x4=0xb04f5e64
      645699000	     32183	80006be8	0001	c.addi	x0,0	  x0:0x00000000  x0=0x00000000
      645719000	     32184	80006bea	be183493	sltiu	x9,x16,-1055	 x16:0x304d4040  x9=0x00000001
      645839000	     32190	80006bee	0ff0000f	fence	iorw,iorw	
      645859000	     32191	80006bf2	419a0c33	sub	x24,x20,x25	 x20:0x00000001 x25:0x80025ce4 x24=0x7ffda31d
      645879000	     32192	80006bf6	01ad86b3	add	x13,x27,x26	 x27:0x80000000 x26:0x00000000 x13=0x80000000
      645899000	     32193	80006bfa	0255cc63	blt	x11,x5,80006c32	 x11:0xd5d165ea  x5:0x00000000
      646139000	     32205	80006c32	ef9d	c.bnez	x15,80006c70	 x15:0x00000001
      646419000	     32219	80006c70	54fd	c.li	x9,-1	  x9=0xffffffff
      646439000	     32220	80006c72	e911	c.bnez	x10,80006c86	 x10:0x00000000
      646459000	     32221	80006c74	0001	c.addi	x0,0	  x0:0x00000000  x0=0x00000000
      646479000	     32222	80006c76	02f37363	bgeu	x6,x15,80006c9c	  x6:0x80000001 x15:0x00000001
      646639000	     32230	80006c9c	0109ba33	sltu	x20,x19,x16	 x19:0x80021e64 x16:0x304d4040 x20=0x00000000
      646699000	     32233	80006ca0	86a9	c.srai	x13,0xa	 x13:0x80000000 x13=0xffe00000
      646739000	     32235	80006ca2	0081dd63	bge	x3,x8,80006cbc	  x3:0x00000000  x8:0x00000420
      646759000	     32236	80006ca6	0001	c.addi	x0,0	  x0:0x00000000  x0=0x00000000
      646779000	     32237	80006ca8	af1b2f93	slti	x31,x22,-1295	 x22:0x00000001 x31=0x00000000
      646799000	     32238	80006cac	8f89	c.sub	x15,x10	 x15:0x00000001 x10:0x00000000 x15=0x00000001
      646819000	     32239	80006cae	cd19	c.beqz	x10,80006ccc	 x10:0x00000000
      647259000	     32261	80006ccc	02220333	mul	x6,x4,x2	  x4:0xb04f5e64  x2:0x00000000  x6=0x00000000
      647279000	     32262	80006cd0	1c94	c.addi4spn	x13,x2,624	 x13=0x00000270
      647299000	     32263	80006cd2	0b96	c.slli	x23,0x5	 x23:0x00007000 x23=0x000e0000
      647319000	     32264	80006cd4	0ff0000f	fence	iorw,iorw	
      647379000	     32267	80006cd8	01531663	bne	x6,x21,80006ce4	  x6:0x00000000 x21:0x80021e65
      648439000	     32320	80006ce4	0262de33	divu	x28,x5,x6	  x5:0x00000000  x6:0x00000000 x28=0xffffffff
      648459000	     32321	80006ce8	41388133	sub	x2,x17,x19	 x17:0x00000000 x19:0x80021e64  x2=0x7ffde19c
      648559000	     32326	80006cec	036c4d63	blt	x24,x22,80006d26	 x24:0x7ffda31d x22:0x00000001
      649299000	     32363	80006cf0	03e4ee33	rem	x28,x9,x30	  x9:0xffffffff x30:0xb04d4860 x28=0xffffffff
      649319000	     32364	80006cf4	8ede	c.mv	x29,x23	  x0:0x00000000 x23:0x000e0000 x29=0x000e0000
      649339000	     32365	80006cf6	57640213	addi	x4,x8,1398	  x8:0x00000420  x4=0x00000996
      649359000	     32366	80006cfa	e334bf13	sltiu	x30,x9,-461	  x9:0xffffffff x30=0x00000000
      649379000	     32367	80006cfe	8765	c.srai	x14,0x19	 x14:0x00000100 x14=0x00000000
      649399000	     32368	80006d00	011325b3	slt	x11,x6,x17	  x6:0x00000000 x17:0x00000000 x11=0x00000000
      649419000	     32369	80006d04	1a002213	slti	x4,x0,416	  x0:0x00000000  x4=0x00000001
      649839000	     32390	80006d08	03842ab3	mulhsu	x21,x8,x24	  x8:0x00000420 x24:0x7ffda31d x21=0x0000020f
      649879000	     32392	80006d0c	8f35	c.xor	x14,x13	 x14:0x00000000 x13:0x00000270 x14=0x00000270
      649939000	     32395	80006d0e	40cfbe93	sltiu	x29,x31,1036	 x31:0x00000000 x29=0x00000001
      649959000	     32396	80006d12	01916fb3	or	x31,x2,x25	  x2:0x7ffde19c x25:0x80025ce4 x31=0xfffffdfc
      649979000	     32397	80006d16	0000100f	fence.i	
      650239000	     32410	80006d1a	9ff2	c.add	x31,x28	 x31:0xfffffdfc x28:0xffffffff x31=0xfffffdfb
      650319000	     32414	80006d1c	52fd	c.li	x5,-1	  x5=0xffffffff
      650339000	     32415	80006d1e	019ba133	slt	x2,x23,x25	 x23:0x000e0000 x25:0x80025ce4  x2=0x00000000
      650359000	     32416	80006d22	00205d33	srl	x26,x0,x2	  x0:0x00000000  x2:0x00000000 x26=0x00000000
      650659000	     32431	80006d26	ee2d7013	andi	x0,x26,-286	 x26:0x00000000  x0=0x00000000
      650679000	     32432	80006d2a	01b08e33	add	x28,x1,x27	  x1:0x00000000 x27:0x80000000 x28=0x80000000
      650699000	     32433	80006d2e	03570333	mul	x6,x14,x21	 x14:0x00000270 x21:0x0000020f  x6=0x00050490
      650719000	     32434	80006d32	8dc1	c.or	x11,x8	 x11:0x00000000  x8:0x00000420 x11=0x00000420
      650739000	     32435	80006d34	8959	c.andi	x10,22	 x10:0x00000000 x10=0x00000000
      650759000	     32436	80006d36	88e1	c.andi	x9,24	  x9:0xffffffff  x9=0x00000018
      650899000	     32443	80006d38	c799	c.beqz	x15,80006d46	 x15:0x00000001
      650919000	     32444	80006d3a	717d	c.addi16sp	x2,-16	  x2:0x00000000  x2=0xfffffff0
      650939000	     32445	80006d3c	409d5f93	srai	x31,x26,0x9	 x26:0x00000000 x31=0x00000000
      650959000	     32446	80006d40	03f28663	beq	x5,x31,80006d6c	  x5:0xffffffff x31:0x00000000
      650999000	     32448	80006d44	00a6	c.slli	x1,0x9	  x1:0x00000000  x1=0x00000000
      651279000	     32462	80006d46	0ff0000f	fence	iorw,iorw	
      651299000	     32463	80006d4a	01feb533	sltu	x10,x29,x31	 x29:0x00000001 x31:0x00000000 x10=0x00000000
      651319000	     32464	80006d4e	002a4463	blt	x20,x2,80006d56	 x20:0x00000000  x2:0xfffffff0
      651479000	     32472	80006d52	03c62a33	mulhsu	x20,x12,x28	 x12:0x0000000e x28:0x80000000 x20=0x00000007
      651499000	     32473	80006d56	01e79c33	sll	x24,x15,x30	 x15:0x00000001 x30:0x00000000 x24=0x00000001
      651519000	     32474	80006d5a	e1efeb93	ori	x23,x31,-482	 x31:0x00000000 x23=0xfffffe1e
      651699000	     32483	80006d5e	02001b63	bne	x0,x0,80006d94	  x0:0x00000000  x0:0x00000000
      651719000	     32484	80006d62	02b39063	bne	x7,x11,80006d82	  x7:0xffffffff x11:0x00000420
      652979000	     32547	80006d82	018d8263	beq	x27,x24,80006d86	 x27:0x80000000 x24:0x00000001
      652999000	     32548	80006d86	01147433	and	x8,x8,x17	  x8:0x00000420 x17:0x00000000  x8=0x00000000
      653019000	     32549	80006d8a	8c8aae93	slti	x29,x21,-1848	 x21:0x0000020f x29=0x00000000
      653039000	     32550	80006d8e	6165	c.addi16sp	x2,112	  x2:0xfffffff0  x2=0x00000060
      653239000	     32560	80006d90	03a1a0b3	mulhsu	x1,x3,x26	  x3:0x00000000 x26:0x00000000  x1=0x00000000
      653279000	     32562	80006d94	8f3d	c.xor	x14,x15	 x14:0x00000270 x15:0x00000001 x14=0x00000271
      653299000	     32563	80006d96	188c	c.addi4spn	x11,x2,112	 x11=0x000000d0
      653319000	     32564	80006d98	7dd36593	ori	x11,x6,2013	  x6:0x00050490 x11=0x000507dd
      653339000	     32565	80006d9c	0001	c.addi	x0,0	  x0:0x00000000  x0=0x00000000
      653359000	     32566	80006d9e	0001	c.addi	x0,0	  x0:0x00000000  x0=0x00000000
      653379000	     32567	80006da0	01af73b3	and	x7,x30,x26	 x30:0x00000000 x26:0x00000000  x7=0x00000000
      653619000	     32579	80006da4	8d55	c.or	x10,x13	 x10:0x00000000 x13:0x00000270 x10=0x00000270
      653639000	     32580	80006da6	188c	c.addi4spn	x11,x2,112	 x11=0x000000d0
      653739000	     32585	80006da8	187d	c.addi	x16,-1	 x16:0x304d4040 x16=0x304d403f
      654479000	     32622	80006daa	036d73b3	remu	x7,x26,x22	 x26:0x00000000 x22:0x00000001  x7=0x00000000
      654499000	     32623	80006dae	8959	c.andi	x10,22	 x10:0x00000270 x10=0x00000010
      654519000	     32624	80006db0	013f5563	bge	x30,x19,80006dba	 x30:0x00000000 x19:0x80021e64
      654619000	     32629	80006dba	0ff0000f	fence	iorw,iorw	
      654679000	     32632	80006dbe	4190da33	sra	x20,x1,x25	  x1:0x00000000 x25:0x80025ce4 x20=0x00000000
      654699000	     32633	80006dc2	8dcd	c.or	x11,x11	 x11:0x000000d0 x11:0x000000d0 x11=0x000000d0
      654719000	     32634	80006dc4	01caceb3	xor	x29,x21,x28	 x21:0x0000020f x28:0x80000000 x29=0x8000020f
      654739000	     32635	80006dc8	00e14133	xor	x2,x2,x14	  x2:0x00000060 x14:0x00000271  x2=0x00000211
      655079000	     32652	80006dcc	02707233	remu	x4,x0,x7	  x0:0x00000000  x7:0x00000000  x4=0x00000000
      655099000	     32653	80006dd0	e515	c.bnez	x10,80006dfc	 x10:0x00000010
      655599000	     32678	80006dfc	02858b63	beq	x11,x8,80006e32	 x11:0x000000d0  x8:0x00000000
      655739000	     32685	80006e00	0001	c.addi	x0,0	  x0:0x00000000  x0=0x00000000
      656159000	     32706	80006e02	40275813	srai	x16,x14,0x2	 x14:0x00000271 x16=0x0000009c
      656179000	     32707	80006e06	90c6	c.add	x1,x17	  x1:0x00000000 x17:0x00000000  x1=0x00000000
      656199000	     32708	80006e08	8ed44c17	auipc	x24,0x8ed44	 x24=0x0ed4ae08
      656219000	     32709	80006e0c	2aa58637	lui	x12,0x2aa58	 x12=0x2aa58000
      656619000	     32729	80006e10	3cc8a237	lui	x4,0x3cc8a	  x4=0x3cc8a000
      656639000	     32730	80006e14	8511	c.srai	x10,0x4	 x10:0x00000010 x10=0x00000001
      656659000	     32731	80006e16	0194fc63	bgeu	x9,x25,80006e2e	  x9:0x00000018 x25:0x80025ce4
      656679000	     32732	80006e1a	01dbe8b3	or	x17,x23,x29	 x23:0xfffffe1e x29:0x8000020f x17=0xfffffe1f
      656699000	     32733	80006e1e	1a13f017	auipc	x0,0x1a13f	  x0=0x00000000
      656839000	     32740	80006e22	20f74093	xori	x1,x14,527	 x14:0x00000271  x1=0x0000007e
      656879000	     32742	80006e26	024134b3	mulhu	x9,x2,x4	  x2:0x00000211  x4:0x3cc8a000  x9=0x0000007d
      657039000	     32750	80006e2a	00711013	slli	x0,x2,0x7	  x2:0x00000211  x0=0x00000000
      657179000	     32757	80006e2e	03dff563	bgeu	x31,x29,80006e58	 x31:0x00000000 x29:0x8000020f
      657199000	     32758	80006e32	0a16	c.slli	x20,0x5	 x20:0x00000000 x20=0x00000000
      657479000	     32772	80006e34	00c90533	add	x10,x18,x12	 x18:0x00000000 x12:0x2aa58000 x10=0x2aa58000
      657539000	     32775	80006e38	8fd9	c.or	x15,x14	 x15:0x00000001 x14:0x00000271 x15=0x00000271
      657579000	     32777	80006e3a	0540f463	bgeu	x1,x20,80006e82	  x1:0x0000007e x20:0x00000000
      657859000	     32791	80006e82	01430c33	add	x24,x6,x20	  x6:0x00050490 x20:0x00000000 x24=0x00050490
      657899000	     32793	80006e86	fa0456b7	lui	x13,0xfa045	 x13=0xfa045000
      657999000	     32798	80006e8a	40eb81b3	sub	x3,x23,x14	 x23:0xfffffe1e x14:0x00000271  x3=0xfffffbad
      658019000	     32799	80006e8e	0001	c.addi	x0,0	  x0:0x00000000  x0=0x00000000
      658199000	     32808	80006e90	41915093	srai	x1,x2,0x19	  x2:0x00000211  x1=0x00000000
      658219000	     32809	80006e94	01071763	bne	x14,x16,80006ea2	 x14:0x00000271 x16:0x0000009c
      658319000	     32814	80006ea2	0001	c.addi	x0,0	  x0:0x00000000  x0=0x00000000
      658639000	     32830	80006ea4	82ca	c.mv	x5,x18	  x0:0x00000000 x18:0x00000000  x5=0x00000000
      658659000	     32831	80006ea6	066e	c.slli	x12,0x1b	 x12:0x2aa58000 x12=0x00000000
      658679000	     32832	80006ea8	0ff0000f	fence	iorw,iorw	
      658819000	     32839	80006eac	03e700b3	mul	x1,x14,x30	 x14:0x00000271 x30:0x00000000  x1=0x00000000
      658839000	     32840	80006eb0	0001	c.addi	x0,0	  x0:0x00000000  x0=0x00000000
      658859000	     32841	80006eb2	00511e93	slli	x29,x2,0x5	  x2:0x00000211 x29=0x00004220
      658879000	     32842	80006eb6	0001	c.addi	x0,0	  x0:0x00000000  x0=0x00000000
      658979000	     32847	80006eb8	8831	c.andi	x8,12	  x8:0x00000000  x8=0x00000000
      658999000	     32848	80006eba	03fc8833	mul	x16,x25,x31	 x25:0x80025ce4 x31:0x00000000 x16=0x00000000
      659019000	     32849	80006ebe	0ff0000f	fence	iorw,iorw	
      659039000	     32850	80006ec2	8ce1	c.and	x9,x8	  x9:0x0000007d  x8:0x00000000  x9=0x00000000
      659059000	     32851	80006ec4	c481	c.beqz	x9,80006ecc	  x9:0x00000000
      659499000	     32873	80006ecc	0744c693	xori	x13,x9,116	  x9:0x00000000 x13=0x00000074
      659679000	     32882	80006ed0	9fb6	c.add	x31,x13	 x31:0x00000000 x13:0x00000074 x31=0x00000074
      659699000	     32883	80006ed2	00dce763	bltu	x25,x13,80006ee0	 x25:0x80025ce4 x13:0x00000074
      659779000	     32887	80006ed6	01475093	srli	x1,x14,0x14	 x14:0x00000271  x1=0x00000000
      659799000	     32888	80006eda	02379c63	bne	x15,x3,80006f12	 x15:0x00000271  x3:0xfffffbad
      660299000	     32913	80006f12	03003533	mulhu	x10,x0,x16	  x0:0x00000000 x16:0x00000000 x10=0x00000000
      660399000	     32918	80006f16	00f4dd33	srl	x26,x9,x15	  x9:0x00000000 x15:0x00000271 x26=0x00000000
      660419000	     32919	80006f1a	e199	c.bnez	x11,80006f20	 x11:0x000000d0
      662019000	     32999	80006f20	0225d433	divu	x8,x11,x2	 x11:0x000000d0  x2:0x00000211  x8=0x00000000
      662039000	     33000	80006f24	6a6d	c.lui	x20,0x1b	 x20=0x0001b000
      662139000	     33005	80006f26	00b95633	srl	x12,x18,x11	 x18:0x00000000 x11:0x000000d0 x12=0x00000000
      662159000	     33006	80006f2a	68aead13	slti	x26,x29,1674	 x29:0x00004220 x26=0x00000000
      662179000	     33007	80006f2e	8c45	c.or	x8,x9	  x8:0x00000000  x9:0x00000000  x8=0x00000000
      662379000	     33017	80006f30	8c66	c.mv	x24,x25	  x0:0x00000000 x25:0x80025ce4 x24=0x80025ce4
      662399000	     33018	80006f32	8911	c.andi	x10,4	 x10:0x00000000 x10=0x00000000
      663139000	     33055	80006f34	0316dbb3	divu	x23,x13,x17	 x13:0x00000074 x17:0xfffffe1f x23=0x00000000
      663159000	     33056	80006f38	87a1	c.srai	x15,0x8	 x15:0x00000271 x15=0x00000002
      663199000	     33058	80006f3a	03706933	rem	x18,x0,x23	  x0:0x00000000 x23:0x00000000 x18=0x00000000
      663219000	     33059	80006f3e	03180433	mul	x8,x16,x17	 x16:0x00000000 x17:0xfffffe1f  x8=0x00000000
      663239000	     33060	80006f42	0114	c.addi4spn	x13,x2,128	 x13=0x00000291
      663279000	     33062	80006f44	55dba293	slti	x5,x23,1373	 x23:0x00000000  x5=0x00000001
      663559000	     33076	80006f48	52e32513	slti	x10,x6,1326	  x6:0x00050490 x10=0x00000000
      663979000	     33097	80006f4c	6ff9	c.lui	x31,0x1e	 x31=0x0001e000
      664159000	     33106	80006f4e	40c60d33	sub	x26,x12,x12	 x12:0x00000000 x12:0x00000000 x26=0x00000000
      664199000	     33108	80006f52	02e11eb3	mulh	x29,x2,x14	  x2:0x00000211 x14:0x00000271 x29=0x00000000
      664219000	     33109	80006f56	0030cd63	blt	x1,x3,80006f70	  x1:0x00000000  x3:0xfffffbad
      664239000	     33110	80006f5a	00451933	sll	x18,x10,x4	 x10:0x00000000  x4:0x3cc8a000 x18=0x00000000
      664379000	     33117	80006f5e	015beeb3	or	x29,x23,x21	 x23:0x00000000 x21:0x0000020f x29=0x0000020f
      665259000	     33161	80006f62	02ef7a33	remu	x20,x30,x14	 x30:0x00000000 x14:0x00000271 x20=0x00000000
      665279000	     33162	80006f66	02de0663	beq	x28,x13,80006f92	 x28:0x80000000 x13:0x00000291
      665299000	     33163	80006f6a	41a150b3	sra	x1,x2,x26	  x2:0x00000211 x26:0x00000000  x1=0x00000211
      665319000	     33164	80006f6e	0001	c.addi	x0,0	  x0:0x00000000  x0=0x00000000
      665339000	     33165	80006f70	1ffd	c.addi	x31,-1	 x31:0x0001e000 x31=0x0001dfff
      665359000	     33166	80006f72	01c1b6b3	sltu	x13,x3,x28	  x3:0xfffffbad x28:0x80000000 x13=0x00000000
      665379000	     33167	80006f76	0332fa63	bgeu	x5,x19,80006faa	  x5:0x00000001 x19:0x80021e64
      665399000	     33168	80006f7a	8c7d	c.and	x8,x15	  x8:0x00000000 x15:0x00000002  x8=0x00000000
      665419000	     33169	80006f7c	80a1	c.srli	x9,0x8	  x9:0x00000000  x9=0x00000000
      665439000	     33170	80006f7e	0030d213	srli	x4,x1,0x3	  x1:0x00000211  x4=0x00000042
      665459000	     33171	80006f82	8ebd	c.xor	x13,x15	 x13:0x00000000 x15:0x00000002 x13=0x00000002
      665619000	     33179	80006f84	6171	c.addi16sp	x2,336	  x2:0x00000211  x2=0x00000361
      665839000	     33190	80006f86	498dea93	ori	x21,x27,1176	 x27:0x80000000 x21=0x80000498
      665859000	     33191	80006f8a	00b67333	and	x6,x12,x11	 x12:0x00000000 x11:0x000000d0  x6=0x00000000
      666079000	     33202	80006f8e	02c40833	mul	x16,x8,x12	  x8:0x00000000 x12:0x00000000 x16=0x00000000
      666179000	     33207	80006f92	037ee133	rem	x2,x29,x23	 x29:0x0000020f x23:0x00000000  x2=0x0000020f
      666299000	     33213	80006f96	03f1b533	mulhu	x10,x3,x31	  x3:0xfffffbad x31:0x0001dfff x10=0x0001dffe
      666319000	     33214	80006f9a	8bd5	c.andi	x15,21	 x15:0x00000002 x15=0x00000000
      666339000	     33215	80006f9c	8175	c.srli	x10,0x1d	 x10:0x0001dffe x10=0x00000000
      666359000	     33216	80006f9e	8e55	c.or	x12,x13	 x12:0x00000000 x13:0x00000002 x12=0x00000002
      666379000	     33217	80006fa0	03321b63	bne	x4,x19,80006fd6	  x4:0x00000042 x19:0x80021e64
      667059000	     33251	80006fd6	1c7d	c.addi	x24,-1	 x24:0x80025ce4 x24=0x80025ce3
      667439000	     33270	80006fd8	4048d113	srai	x2,x17,0x4	 x17:0xfffffe1f  x2=0xffffffe1
      667539000	     33275	80006fdc	004cdbb3	srl	x23,x25,x4	 x25:0x80025ce4  x4:0x00000042 x23=0x20009739
      667559000	     33276	80006fe0	5afd	c.li	x21,-1	 x21=0xffffffff
      667579000	     33277	80006fe2	01ebf3b3	and	x7,x23,x30	 x23:0x20009739 x30:0x00000000  x7=0x00000000
      667599000	     33278	80006fe6	0001	c.addi	x0,0	  x0:0x00000000  x0=0x00000000
      667859000	     33291	80006fe8	4089	c.li	x1,2	  x1=0x00000002
      667999000	     33298	80006fea	03c40eb3	mul	x29,x8,x28	  x8:0x00000000 x28:0x80000000 x29=0x00000000
      668019000	     33299	80006fee	00d4c0b3	xor	x1,x9,x13	  x9:0x00000000 x13:0x00000002  x1=0x00000002
      668039000	     33300	80006ff2	717d	c.addi16sp	x2,-16	  x2:0xffffffe1  x2=0xffffffd1
      668199000	     33308	80006ff4	031c	c.addi4spn	x15,x2,384	 x15=0x00000151
      668239000	     33310	80006ff6	03efa833	mulhsu	x16,x31,x30	 x31:0x0001dfff x30:0x00000000 x16=0x00000000
      668259000	     33311	80006ffa	00b19e33	sll	x28,x3,x11	  x3:0xfffffbad x11:0x000000d0 x28=0xfbad0000
      668319000	     33314	80006ffe	0ff0000f	fence	iorw,iorw	
      668339000	     33315	80007002	c209	c.beqz	x12,80007004	 x12:0x00000002
      670499000	     33423	80007004	0ff0000f	fence	iorw,iorw	
      670519000	     33424	80007008	85e5	c.srai	x11,0x19	 x11:0x000000d0 x11=0x00000000
      670539000	     33425	8000700a	dd18ea93	ori	x21,x17,-559	 x17:0xfffffe1f x21=0xffffffdf
      670559000	     33426	8000700e	6a2de437	lui	x8,0x6a2de	  x8=0x6a2de000
      670579000	     33427	80007012	00dd97b3	sll	x15,x27,x13	 x27:0x80000000 x13:0x00000002 x15=0x00000000
      670619000	     33429	80007016	40695f13	srai	x30,x18,0x6	 x18:0x00000000 x30=0x00000000
      670639000	     33430	8000701a	e405	c.bnez	x8,80007042	  x8:0x6a2de000
      671539000	     33475	80007042	84d20b13	addi	x22,x4,-1971	  x4:0x00000042 x22=0xfffff88f
      671559000	     33476	80007046	404a8533	sub	x10,x21,x4	 x21:0xffffffdf  x4:0x00000042 x10=0xffffff9d
      671579000	     33477	8000704a	009dcfb3	xor	x31,x27,x9	 x27:0x80000000  x9:0x00000000 x31=0x80000000
      671599000	     33478	8000704e	0001	c.addi	x0,0	  x0:0x00000000  x0=0x00000000
      671699000	     33483	80007050	0331	c.addi	x6,12	  x6:0x00000000  x6=0x0000000c
      671839000	     33490	80007052	015d2733	slt	x14,x26,x21	 x26:0x00000000 x21:0xffffffdf x14=0x00000000
      672139000	     33505	80007056	c179c293	xori	x5,x19,-1001	 x19:0x80021e64  x5=0x7ffde273
      672179000	     33507	8000705a	032cce33	div	x28,x25,x18	 x25:0x80025ce4 x18:0x00000000 x28=0xffffffff
      672199000	     33508	8000705e	9c5a	c.add	x24,x22	 x24:0x80025ce3 x22:0xfffff88f x24=0x80025572
      672539000	     33525	80007060	c999	c.beqz	x11,80007076	 x11:0x00000000
      673979000	     33597	80007076	03b852b3	divu	x5,x16,x27	 x16:0x00000000 x27:0x80000000  x5=0x00000000
      674019000	     33599	8000707a	02eadc33	divu	x24,x21,x14	 x21:0xffffffdf x14:0x00000000 x24=0xffffffff
      674039000	     33600	8000707e	01368133	add	x2,x13,x19	 x13:0x00000002 x19:0x80021e64  x2=0x80021e66
      674119000	     33604	80007082	005533b3	sltu	x7,x10,x5	 x10:0xffffff9d  x5:0x00000000  x7=0x00000000
      674139000	     33605	80007086	8ee5	c.and	x13,x9	 x13:0x00000002  x9:0x00000000 x13=0x00000000
      674159000	     33606	80007088	024e4563	blt	x28,x4,800070b2	 x28:0xffffffff  x4:0x00000042
      674459000	     33621	800070b2	8ecd	c.or	x13,x11	 x13:0x00000000 x11:0x00000000 x13=0x00000000
      674479000	     33622	800070b4	002a2ab3	slt	x21,x20,x2	 x20:0x00000000  x2:0x80021e66 x21=0x00000000
      674639000	     33630	800070b8	01ce57b3	srl	x15,x28,x28	 x28:0xffffffff x28:0xffffffff x15=0x00000001
      674659000	     33631	800070bc	03806b63	bltu	x0,x24,800070f2	  x0:0x00000000 x24:0xffffffff
      675199000	     33658	800070f2	00d67763	bgeu	x12,x13,80007100	 x12:0x00000002 x13:0x00000000
      675859000	     33691	80007100	8569	c.srai	x10,0x1a	 x10:0xffffff9d x10=0xffffffff
      675879000	     33692	80007102	0203c163	blt	x7,x0,80007124	  x7:0x00000000  x0:0x00000000
      676019000	     33699	80007106	906eaf13	slti	x30,x29,-1786	 x29:0x00000000 x30=0x00000000
      676039000	     33700	8000710a	01dab4b3	sltu	x9,x21,x29	 x21:0x00000000 x29:0x00000000  x9=0x00000000
      676059000	     33701	8000710e	8216	c.mv	x4,x5	  x0:0x00000000  x5:0x00000000  x4=0x00000000
      676079000	     33702	80007110	16fd	c.addi	x13,-1	 x13:0x00000000 x13=0xffffffff
      676099000	     33703	80007112	e065a013	slti	x0,x11,-506	 x11:0x00000000  x0=0x00000000
      676119000	     33704	80007116	6415	c.lui	x8,0x5	  x8=0x00005000
      676139000	     33705	80007118	0ff0000f	fence	iorw,iorw	
      676959000	     33746	8000711c	02d17933	remu	x18,x2,x13	  x2:0x80021e66 x13:0xffffffff x18=0x80021e66
      677699000	     33783	80007120	02fffbb3	remu	x23,x31,x15	 x31:0x80000000 x15:0x00000001 x23=0x00000000
      677719000	     33784	80007124	0acd	c.addi	x21,19	 x21:0x00000000 x21=0x00000013
      677739000	     33785	80007126	8c49	c.or	x8,x10	  x8:0x00005000 x10:0xffffffff  x8=0xffffffff
      677759000	     33786	80007128	e291	c.bnez	x13,8000712c	 x13:0xffffffff
      678519000	     33824	8000712c	03b04ab3	div	x21,x0,x27	  x0:0x00000000 x27:0x80000000 x21=0x00000000
      678539000	     33825	80007130	b7ec8c13	addi	x24,x25,-1154	 x25:0x80025ce4 x24=0x80025862
      678559000	     33826	80007134	03e0d063	bge	x1,x30,80007154	  x1:0x00000002 x30:0x00000000
      678959000	     33846	80007154	003c3bb3	sltu	x23,x24,x3	 x24:0x80025862  x3:0xfffffbad x23=0x00000001
      679099000	     33853	80007158	009703b3	add	x7,x14,x9	 x14:0x00000000  x9:0x00000000  x7=0x00000000
      679319000	     33864	8000715c	021c1ab3	mulh	x21,x24,x1	 x24:0x80025862  x1:0x00000002 x21=0xffffffff
      679339000	     33865	80007160	01da	c.slli	x3,0x16	  x3:0xfffffbad  x3=0xeb400000
      679739000	     33885	80007162	41f7de13	srai	x28,x15,0x1f	 x15:0x00000001 x28=0x00000000
      680479000	     33922	80007166	023860b3	rem	x1,x16,x3	 x16:0x00000000  x3:0xeb400000  x1=0x00000000
      680499000	     33923	8000716a	c0884d13	xori	x26,x16,-1016	 x16:0x00000000 x26=0xfffffc08
      680519000	     33924	8000716e	02601963	bne	x0,x6,800071a0	  x0:0x00000000  x6:0x0000000c
      681519000	     33974	800071a0	02ae74b3	remu	x9,x28,x10	 x28:0x00000000 x10:0xffffffff  x9=0x00000000
      681539000	     33975	800071a4	02887c63	bgeu	x16,x8,800071dc	 x16:0x00000000  x8:0xffffffff
      681559000	     33976	800071a8	0a19	c.addi	x20,6	 x20:0x00000000 x20=0x00000006
      681599000	     33978	800071aa	0279e233	rem	x4,x19,x7	 x19:0x80021e64  x7:0x00000000  x4=0x80021e64
      681619000	     33979	800071ae	99fd	c.andi	x11,-1	 x11:0x00000000 x11=0x00000000
      681639000	     33980	800071b0	0001	c.addi	x0,0	  x0:0x00000000  x0=0x00000000
      681659000	     33981	800071b2	8ce5	c.and	x9,x9	  x9:0x00000000  x9:0x00000000  x9=0x00000000
      681699000	     33983	800071b4	0000100f	fence.i	
      682039000	     34000	800071b8	01e424b3	slt	x9,x8,x30	  x8:0xffffffff x30:0x00000000  x9=0x00000001
      682059000	     34001	800071bc	0284f363	bgeu	x9,x8,800071e2	  x9:0x00000001  x8:0xffffffff
      682079000	     34002	800071c0	6179	c.addi16sp	x2,464	  x2:0x80021e66  x2=0x80022036
      682219000	     34009	800071c2	01b61533	sll	x10,x12,x27	 x12:0x00000002 x27:0x80000000 x10=0x00000002
      682239000	     34010	800071c6	8d5d	c.or	x10,x15	 x10:0x00000002 x15:0x00000001 x10=0x00000003
      682259000	     34011	800071c8	052b6493	ori	x9,x22,82	 x22:0xfffff88f  x9=0xfffff8df
      682399000	     34018	800071cc	2bfda813	slti	x16,x27,703	 x27:0x80000000 x16=0x00000001
      682419000	     34019	800071d0	05d5f063	bgeu	x11,x29,80007210	 x11:0x00000000 x29:0x00000000
      682619000	     34029	80007210	414a5b33	sra	x22,x20,x20	 x20:0x00000006 x20:0x00000006 x22=0x00000000
      682639000	     34030	80007214	8ea6	c.mv	x29,x9	  x0:0x00000000  x9:0xfffff8df x29=0xfffff8df
      682659000	     34031	80007216	8d69	c.and	x10,x10	 x10:0x00000003 x10:0x00000003 x10=0x00000003
      682699000	     34033	80007218	02785233	divu	x4,x16,x7	 x16:0x00000001  x7:0x00000000  x4=0xffffffff
      682859000	     34041	8000721c	8cf1	c.and	x9,x12	  x9:0xfffff8df x12:0x00000002  x9=0x00000002
      683059000	     34051	8000721e	fc853c13	sltiu	x24,x10,-56	 x10:0x00000003 x24=0x00000001
      683479000	     34072	80007222	06827013	andi	x0,x4,104	  x4:0xffffffff  x0=0x00000000
      683699000	     34083	80007226	904af713	andi	x14,x21,-1788	 x21:0xffffffff x14=0xfffff904
      683719000	     34084	8000722a	004025b3	slt	x11,x0,x4	  x0:0x00000000  x4:0xffffffff x11=0x00000000
      683739000	     34085	8000722e	64a1	c.lui	x9,0x8	  x9=0x00008000
      683899000	     34093	80007230	8d65	c.and	x10,x9	 x10:0x00000003  x9:0x00008000 x10=0x00000000
      684339000	     34115	80007232	024d10b3	mulh	x1,x26,x4	 x26:0xfffffc08  x4:0xffffffff  x1=0x00000000
      684499000	     34123	80007236	93754c13	xori	x24,x10,-1737	 x10:0x00000000 x24=0xfffff937
      684519000	     34124	8000723a	9c45c793	xori	x15,x11,-1596	 x11:0x00000000 x15=0xfffff9c4
      684539000	     34125	8000723e	8af5	c.andi	x13,29	 x13:0xffffffff x13=0x0000001d
      684939000	     34145	80007240	01cd1333	sll	x6,x26,x28	 x26:0xfffffc08 x28:0x00000000  x6=0xfffffc08
      685359000	     34166	80007244	82a57b13	andi	x22,x10,-2006	 x10:0x00000000 x22=0x00000000
      685479000	     34172	80007248	8c09	c.sub	x8,x10	  x8:0xffffffff x10:0x00000000  x8=0xffffffff
      685499000	     34173	8000724a	8cf1	c.and	x9,x12	  x9:0x00008000 x12:0x00000002  x9=0x00000000
      685519000	     34174	8000724c	01893bb3	sltu	x23,x18,x24	 x18:0x80021e66 x24:0xfffff937 x23=0x00000001
      685539000	     34175	80007250	8f7d	c.and	x14,x15	 x14:0xfffff904 x15:0xfffff9c4 x14=0xfffff904
      685559000	     34176	80007252	93b8e813	ori	x16,x17,-1733	 x17:0xfffffe1f x16=0xffffff3f
      685579000	     34177	80007256	8f55	c.or	x14,x13	 x14:0xfffff904 x13:0x0000001d x14=0xfffff91d
      685599000	     34178	80007258	022bc363	blt	x23,x2,8000727e	 x23:0x00000001  x2:0x80022036
      685619000	     34179	8000725c	4118db33	sra	x22,x17,x17	 x17:0xfffffe1f x17:0xfffffe1f x22=0xffffffff
      686119000	     34204	80007260	717d	c.addi16sp	x2,-16	  x2:0x80022036  x2=0x80022026
      686139000	     34205	80007262	c895	c.beqz	x9,80007296	  x9:0x00000000
      686539000	     34225	80007296	e4bf6513	ori	x10,x30,-437	 x30:0x00000000 x10=0xfffffe4b
      686559000	     34226	8000729a	8c4a	c.mv	x24,x18	  x0:0x00000000 x18:0x80021e66 x24=0x80021e66
      686659000	     34231	8000729c	00a39d33	sll	x26,x7,x10	  x7:0x00000000 x10:0xfffffe4b x26=0x00000000
      686679000	     34232	800072a0	8e093b13	sltiu	x22,x18,-1824	 x18:0x80021e66 x22=0x00000001
      686699000	     34233	800072a4	00ed7b33	and	x22,x26,x14	 x26:0x00000000 x14:0xfffff91d x22=0x00000000
      686719000	     34234	800072a8	97932493	slti	x9,x6,-1671	  x6:0xfffffc08  x9=0x00000000
      686759000	     34236	800072ac	03e37eb3	remu	x29,x6,x30	  x6:0xfffffc08 x30:0x00000000 x29=0xfffffc08
      686779000	     34237	800072b0	01295593	srli	x11,x18,0x12	 x18:0x80021e66 x11=0x00002000
      687039000	     34250	800072b4	01c8eb63	bltu	x17,x28,800072ca	 x17:0xfffffe1f x28:0x00000000
      687239000	     34260	800072b8	ce76b593	sltiu	x11,x13,-793	 x13:0x0000001d x11=0x00000001
      687259000	     34261	800072bc	0367f063	bgeu	x15,x22,800072dc	 x15:0xfffff9c4 x22:0x00000000
      687579000	     34277	800072dc	01fa1f33	sll	x30,x20,x31	 x20:0x00000006 x31:0x80000000 x30=0x00000006
      688019000	     34299	800072e0	0ff0000f	fence	iorw,iorw	
      688039000	     34300	800072e4	01f867b3	or	x15,x16,x31	 x16:0xffffff3f x31:0x80000000 x15=0xffffff3f
      688059000	     34301	800072e8	aa7e6493	ori	x9,x28,-1369	 x28:0x00000000  x9=0xfffffaa7
      688339000	     34315	800072ec	019b7b33	and	x22,x22,x25	 x22:0x00000000 x25:0x80025ce4 x22=0x00000000
      688599000	     34328	800072f0	89ad	c.andi	x11,11	 x11:0x00000001 x11=0x00000001
      688619000	     34329	800072f2	005a6bb3	or	x23,x20,x5	 x20:0x00000006  x5:0x00000000 x23=0x00000006
      688639000	     34330	800072f6	b4fa7d37	lui	x26,0xb4fa7	 x26=0xb4fa7000
      688819000	     34339	800072fa	2d7c0813	addi	x16,x24,727	 x24:0x80021e66 x16=0x8002213d
      689959000	     34396	800072fe	0334e833	rem	x16,x9,x19	  x9:0xfffffaa7 x19:0x80021e64 x16=0xfffffaa7
      689999000	     34398	80007302	0362fb33	remu	x22,x5,x22	  x5:0x00000000 x22:0x00000000 x22=0x00000000
      690019000	     34399	80007306	0001	c.addi	x0,0	  x0:0x00000000  x0=0x00000000
      690039000	     34400	80007308	f015fa13	andi	x20,x11,-255	 x11:0x00000001 x20=0x00000001
      690059000	     34401	8000730c	8789	c.srai	x15,0x2	 x15:0xffffff3f x15=0xffffffcf
      690079000	     34402	8000730e	4ac1	c.li	x21,16	 x21=0x00000010
      690819000	     34439	80007310	0299eb33	rem	x22,x19,x9	 x19:0x80021e64  x9:0xfffffaa7 x22=0xfffffb41
      691559000	     34476	80007314	03fe7d33	remu	x26,x28,x31	 x28:0x00000000 x31:0x80000000 x26=0x00000000
      691579000	     34477	80007318	05a48193	addi	x3,x9,90	  x9:0xfffffaa7  x3=0xfffffb01
      691599000	     34478	8000731c	0005c663	blt	x11,x0,80007328	 x11:0x00000001  x0:0x00000000
      691619000	     34479	80007320	dc013a13	sltiu	x20,x2,-576	  x2:0x80022026 x20=0x00000001
      691659000	     34481	80007324	0207e0b3	rem	x1,x15,x0	 x15:0xffffffcf  x0:0x00000000  x1=0xffffffcf
      692399000	     34518	80007328	030968b3	rem	x17,x18,x16	 x18:0x80021e66 x16:0xfffffaa7 x17=0xfffffb43
      692419000	     34519	8000732c	8341	c.srli	x14,0x10	 x14:0xfffff91d x14=0x0000ffff
      692439000	     34520	8000732e	0ff0000f	fence	iorw,iorw	
      692459000	     34521	80007332	8f55	c.or	x14,x13	 x14:0x0000ffff x13:0x0000001d x14=0x0000ffff
      692479000	     34522	80007334	0ff0000f	fence	iorw,iorw	
      692499000	     34523	80007338	32e0c917	auipc	x18,0x32e0c	 x18=0xb2e13338
      692519000	     34524	8000733c	01440e33	add	x28,x8,x20	  x8:0xffffffff x20:0x00000001 x28=0x00000000
      692679000	     34532	80007340	0776	c.slli	x14,0x1d	 x14:0x0000ffff x14=0xe0000000
      692699000	     34533	80007342	0001	c.addi	x0,0	  x0:0x00000000  x0=0x00000000
      692719000	     34534	80007344	0ff0000f	fence	iorw,iorw	
      692739000	     34535	80007348	b5a90393	addi	x7,x18,-1190	 x18:0xb2e13338  x7=0xb2e12e92
      692779000	     34537	8000734c	c919	c.beqz	x10,80007362	 x10:0xfffffe4b
      692819000	     34539	8000734e	02ee11b3	mulh	x3,x28,x14	 x28:0x00000000 x14:0xe0000000  x3=0x00000000
      692899000	     34543	80007352	02887a63	bgeu	x16,x8,80007386	 x16:0xfffffaa7  x8:0xffffffff
      693259000	     34561	80007356	406f6b93	ori	x23,x30,1030	 x30:0x00000006 x23=0x00000406
      693279000	     34562	8000735a	987d	c.andi	x8,-1	  x8:0xffffffff  x8=0xffffffff
      693399000	     34568	8000735c	9d72	c.add	x26,x28	 x26:0x00000000 x28:0x00000000 x26=0x00000000
      693479000	     34572	8000735e	05655163	bge	x10,x22,800073a0	 x10:0xfffffe4b x22:0xfffffb41
      694299000	     34613	800073a0	9276	c.add	x4,x29	  x4:0xffffffff x29:0xfffffc08  x4=0xfffffc07
      694459000	     34621	800073a2	02fcaeb3	mulhsu	x29,x25,x15	 x25:0x80025ce4 x15:0xffffffcf x29=0x80025cfc
      694479000	     34622	800073a6	d2467413	andi	x8,x12,-732	 x12:0x00000002  x8=0x00000000
      694499000	     34623	800073aa	00cf85b3	add	x11,x31,x12	 x31:0x80000000 x12:0x00000002 x11=0x80000002
      694619000	     34629	800073ae	aeaf0b93	addi	x23,x30,-1302	 x30:0x00000006 x23=0xfffffaf0
      694639000	     34630	800073b2	c3d74513	xori	x10,x14,-963	 x14:0xe0000000 x10=0x1ffffc3d
      694859000	     34641	800073b6	0000100f	fence.i	
      695099000	     34653	800073ba	8d5e	c.mv	x26,x23	  x0:0x00000000 x23:0xfffffaf0 x26=0xfffffaf0
      695219000	     34659	800073bc	03a198b3	mulh	x17,x3,x26	  x3:0x00000000 x26:0xfffffaf0 x17=0x00000000
      695959000	     34696	800073c0	03f4fe33	remu	x28,x9,x31	  x9:0xfffffaa7 x31:0x80000000 x28=0x7ffffaa7
      695979000	     34697	800073c4	cc0d	c.beqz	x8,800073fe	  x8:0x00000000
      696059000	     34701	800073fe	81cd	c.srli	x11,0x13	 x11:0x80000002 x11=0x00001000
      696079000	     34702	80007400	0001	c.addi	x0,0	  x0:0x00000000  x0=0x00000000
      696499000	     34723	80007402	00457eb3	and	x29,x10,x4	 x10:0x1ffffc3d  x4:0xfffffc07 x29=0x1ffffc05
      696759000	     34736	80007406	02b5f863	bgeu	x11,x11,80007436	 x11:0x00001000 x11:0x00001000
      697319000	     34764	80007436	8499	c.srai	x9,0x6	  x9:0xfffffaa7  x9=0xffffffea
      697359000	     34766	80007438	02b6	c.slli	x5,0xd	  x5:0x00000000  x5=0x00000000
      697379000	     34767	8000743a	55fd	c.li	x11,-1	 x11=0xffffffff
      697399000	     34768	8000743c	4fc80e13	addi	x28,x16,1276	 x16:0xfffffaa7 x28=0xffffffa3
      697419000	     34769	80007440	02de	c.slli	x5,0x17	  x5:0x00000000  x5=0x00000000
      697559000	     34776	80007442	02f43933	mulhu	x18,x8,x15	  x8:0x00000000 x15:0xffffffcf x18=0x00000000
      697579000	     34777	80007446	87d1	c.srai	x15,0x14	 x15:0xffffffcf x15=0xffffffff
      697599000	     34778	80007448	a5139f17	auipc	x30,0xa5139	 x30=0x25140448
      697619000	     34779	8000744c	83f5	c.srli	x15,0x1d	 x15:0xffffffff x15=0x00000007
      697659000	     34781	8000744e	02a9bab3	mulhu	x21,x19,x10	 x19:0x80021e64 x10:0x1ffffc3d x21=0x100041ea
      697679000	     34782	80007452	8185	c.srli	x11,0x1	 x11:0xffffffff x11=0x7fffffff
      697699000	     34783	80007454	40265193	srai	x3,x12,0x2	 x12:0x00000002  x3=0x00000000
      697759000	     34786	80007458	411a02b3	sub	x5,x20,x17	 x20:0x00000001 x17:0x00000000  x5=0x00000001
      698059000	     34801	8000745c	014a9e13	slli	x28,x21,0x14	 x21:0x100041ea x28=0x1ea00000
      698079000	     34802	80007460	017c8a33	add	x20,x25,x23	 x25:0x80025ce4 x23:0xfffffaf0 x20=0x800257d4
      698099000	     34803	80007464	848d	c.srai	x9,0x3	  x9:0xffffffea  x9=0xfffffffd
      698279000	     34812	80007466	fd1ab493	sltiu	x9,x21,-47	 x21:0x100041ea  x9=0x00000001
      698319000	     34814	8000746a	024e1433	mulh	x8,x28,x4	 x28:0x1ea00000  x4:0xfffffc07  x8=0xffffff86
      698339000	     34815	8000746e	0000100f	fence.i	
      698379000	     34817	80007472	9f1a	c.add	x30,x6	 x30:0x25140448  x6:0xfffffc08 x30=0x25140050
      698539000	     34825	80007474	0106	c.slli	x2,0x1	  x2:0x80022026  x2=0x0004404c
      698559000	     34826	80007476	f2fc2113	slti	x2,x24,-209	 x24:0x80021e66  x2=0x00000001
      698579000	     34827	8000747a	8e79	c.and	x12,x14	 x12:0x00000002 x14:0xe0000000 x12=0x00000000
      698639000	     34830	8000747c	02f10eb3	mul	x29,x2,x15	  x2:0x00000001 x15:0x00000007 x29=0x00000007
      698799000	     34838	80007480	8c09	c.sub	x8,x10	  x8:0xffffff86 x10:0x1ffffc3d  x8=0xe0000349
      698819000	     34839	80007482	02f602b3	mul	x5,x12,x15	 x12:0x00000000 x15:0x00000007  x5=0x00000000
      698939000	     34845	80007486	ccb92e37	lui	x28,0xccb92	 x28=0xccb92000
      698959000	     34846	8000748a	201d0a13	addi	x20,x26,513	 x26:0xfffffaf0 x20=0xfffffcf1
      699079000	     34852	8000748e	02dda233	mulhsu	x4,x27,x13	 x27:0x80000000 x13:0x0000001d  x4=0xfffffff1
      699099000	     34853	80007492	80c9	c.srli	x9,0x12	  x9:0x00000001  x9=0x00000000
      699199000	     34858	80007494	0001	c.addi	x0,0	  x0:0x00000000  x0=0x00000000
      699219000	     34859	80007496	0173ee63	bltu	x7,x23,800074b2	  x7:0xb2e12e92 x23:0xfffffaf0
      699999000	     34898	800074b2	029db133	mulhu	x2,x27,x9	 x27:0x80000000  x9:0x00000000  x2=0x00000000
      700419000	     34919	800074b6	02303133	mulhu	x2,x0,x3	  x0:0x00000000  x3:0x00000000  x2=0x00000000
      700439000	     34920	800074ba	0772	c.slli	x14,0x1c	 x14:0xe0000000 x14=0x00000000
      700819000	     34939	800074bc	03620933	mul	x18,x4,x22	  x4:0xfffffff1 x22:0xfffffb41 x18=0x00004731
      700839000	     34940	800074c0	997d	c.andi	x10,-1	 x10:0x1ffffc3d x10=0x1ffffc3d
      700859000	     34941	800074c2	01fa1e93	slli	x29,x20,0x1f	 x20:0xfffffcf1 x29=0x80000000
      700879000	     34942	800074c6	577d	c.li	x14,-1	 x14=0xffffffff
      700899000	     34943	800074c8	005e7833	and	x16,x28,x5	 x28:0xccb92000  x5:0x00000000 x16=0x00000000
      700919000	     34944	800074cc	35587493	andi	x9,x16,853	 x16:0x00000000  x9=0x00000000
      701199000	     34958	800074d0	0000100f	fence.i	
      701679000	     34982	800074d4	007a4763	blt	x20,x7,800074e2	 x20:0xfffffcf1  x7:0xb2e12e92
      701879000	     34992	800074d8	00db4433	xor	x8,x22,x13	 x22:0xfffffb41 x13:0x0000001d  x8=0xfffffb5c
      701919000	     34994	800074dc	0255c2b3	div	x5,x11,x5	 x11:0x7fffffff  x5:0x00000000  x5=0xffffffff
      702039000	     35000	800074e0	717d	c.addi16sp	x2,-16	  x2:0x00000000  x2=0xfffffff0
      702059000	     35001	800074e2	e38d	c.bnez	x15,80007504	 x15:0x00000007
      702559000	     35026	80007504	010e	c.slli	x2,0x3	  x2:0xfffffff0  x2=0xffffff80
      702579000	     35027	80007506	8c09	c.sub	x8,x10	  x8:0xfffffb5c x10:0x1ffffc3d  x8=0xdfffff1f
      702599000	     35028	80007508	40a45a33	sra	x20,x8,x10	  x8:0xdfffff1f x10:0x1ffffc3d x20=0xfffffffe
      702619000	     35029	8000750c	0001	c.addi	x0,0	  x0:0x00000000  x0=0x00000000
      702639000	     35030	8000750e	8ca9	c.xor	x9,x10	  x9:0x00000000 x10:0x1ffffc3d  x9=0x1ffffc3d
      702759000	     35036	80007510	8d1d	c.sub	x10,x15	 x10:0x1ffffc3d x15:0x00000007 x10=0x1ffffc36
      702799000	     35038	80007512	03c4b4b3	mulhu	x9,x9,x28	  x9:0x1ffffc3d x28:0xccb92000  x9=0x199720fd
      702979000	     35047	80007516	2ba9f413	andi	x8,x19,698	 x19:0x80021e64  x8=0x00000220
      702999000	     35048	8000751a	9216	c.add	x4,x5	  x4:0xfffffff1  x5:0xffffffff  x4=0xfffffff0
      703159000	     35056	8000751c	ef8c3a13	sltiu	x20,x24,-264	 x24:0x80021e66 x20=0x00000001
      703179000	     35057	80007520	cc01	c.beqz	x8,80007538	  x8:0x00000220
      703199000	     35058	80007522	403202b3	sub	x5,x4,x3	  x4:0xfffffff0  x3:0x00000000  x5=0xfffffff0
      703219000	     35059	80007526	00197fb3	and	x31,x18,x1	 x18:0x00004731  x1:0xffffffcf x31=0x00004701
      703259000	     35061	8000752a	03145e33	divu	x28,x8,x17	  x8:0x00000220 x17:0x00000000 x28=0xffffffff
      718699000	     35833	8000752e	d141f913	andi	x18,x3,-748	  x3:0x00000000 x18=0x00000000
      718719000	     35834	80007532	8c71	c.and	x8,x12	  x8:0x00000220 x12:0x00000000  x8=0x00000000
      718739000	     35835	80007534	00a3de33	srl	x28,x7,x10	  x7:0xb2e12e92 x10:0x1ffffc36 x28=0x000002cb
      718779000	     35837	80007538	02a82633	mulhsu	x12,x16,x10	 x16:0x00000000 x10:0x1ffffc36 x12=0x00000000
      718799000	     35838	8000753c	03d29c63	bne	x5,x29,80007574	  x5:0xfffffff0 x29:0x80000000
      719099000	     35853	80007574	1dd56f13	ori	x30,x10,477	 x10:0x1ffffc36 x30=0x1ffffdff
      719139000	     35855	80007578	82b5	c.srli	x13,0xd	 x13:0x0000001d x13=0x00000000
      719159000	     35856	8000757a	aa923e93	sltiu	x29,x4,-1367	  x4:0xfffffff0 x29=0x00000000
      719179000	     35857	8000757e	0000100f	fence.i	
      719999000	     35898	80007582	02f9e363	bltu	x19,x15,800075a8	 x19:0x80021e64 x15:0x00000007
      720019000	     35899	80007586	44dd	c.li	x9,23	  x9=0x00000017
      720419000	     35919	80007588	084a	c.slli	x16,0x12	 x16:0x00000000 x16=0x00000000
      720439000	     35920	8000758a	688d	c.lui	x17,0x3	 x17=0x00003000
      720579000	     35927	8000758c	09bebd13	sltiu	x26,x29,155	 x29:0x00000000 x26=0x00000001
      720599000	     35928	80007590	8f8d	c.sub	x15,x11	 x15:0x00000007 x11:0x7fffffff x15=0x80000008
      720779000	     35937	80007592	03eeb233	mulhu	x4,x29,x30	 x29:0x00000000 x30:0x1ffffdff  x4=0x00000000
      721519000	     35974	80007596	025963b3	rem	x7,x18,x5	 x18:0x00000000  x5:0xfffffff0  x7=0x00000000
      721539000	     35975	8000759a	88d9	c.andi	x9,22	  x9:0x00000017  x9=0x00000016
      721559000	     35976	8000759c	01e52eb3	slt	x29,x10,x30	 x10:0x1ffffc36 x30:0x1ffffdff x29=0x00000001
      721599000	     35978	800075a0	039f1733	mulh	x14,x30,x25	 x30:0x1ffffdff x25:0x80025ce4 x14=0xf0004c9c
      721619000	     35979	800075a4	0b84	c.addi4spn	x9,x2,464	  x9=0x00000150
      721639000	     35980	800075a6	8f6a	c.mv	x30,x26	  x0:0x00000000 x26:0x00000001 x30=0x00000001
      721659000	     35981	800075a8	8c09	c.sub	x8,x10	  x8:0x00000000 x10:0x1ffffc36  x8=0xe00003ca
      721679000	     35982	800075aa	6545	c.lui	x10,0x11	 x10=0x00011000
      721699000	     35983	800075ac	011a7663	bgeu	x20,x17,800075b8	 x20:0x00000001 x17:0x00003000
      721899000	     35993	800075b0	0338a0b3	mulhsu	x1,x17,x19	 x17:0x00003000 x19:0x80021e64  x1=0x00001800
      721919000	     35994	800075b4	0001	c.addi	x0,0	  x0:0x00000000  x0=0x00000000
      721939000	     35995	800075b6	8631	c.srai	x12,0xc	 x12:0x00000000 x12=0x00000000
      721959000	     35996	800075b8	031b1863	bne	x22,x17,800075e8	 x22:0xfffffb41 x17:0x00003000
      722579000	     36027	800075e8	002160b3	or	x1,x2,x2	  x2:0xffffff80  x2:0xffffff80  x1=0xffffff80
      722979000	     36047	800075ec	0ff0000f	fence	iorw,iorw	
      723079000	     36052	800075f0	6125	c.addi16sp	x2,96	  x2:0xffffff80  x2=0xffffffe0
      723099000	     36053	800075f2	e40d	c.bnez	x8,8000761c	  x8:0xe00003ca
      723339000	     36065	8000761c	e800eb17	auipc	x22,0xe800e	 x22=0x6801561c
      723459000	     36071	80007620	0001	c.addi	x0,0	  x0:0x00000000  x0=0x00000000
      723539000	     36075	80007622	0189f233	and	x4,x19,x24	 x19:0x80021e64 x24:0x80021e66  x4=0x80021e64
      723559000	     36076	80007626	0c2a	c.slli	x24,0xa	 x24:0x80021e66 x24=0x08799800
      723699000	     36083	80007628	0ff0000f	fence	iorw,iorw	
      724659000	     36131	8000762c	034d63b3	rem	x7,x26,x20	 x26:0x00000001 x20:0x00000001  x7=0x00000000
      724699000	     36133	80007630	031731b3	mulhu	x3,x14,x17	 x14:0xf0004c9c x17:0x00003000  x3=0x00002d00
      724719000	     36134	80007634	41cb83b3	sub	x7,x23,x28	 x23:0xfffffaf0 x28:0x000002cb  x7=0xfffff825
      724739000	     36135	80007638	03eb0563	beq	x22,x30,80007662	 x22:0x6801561c x30:0x00000001
      724819000	     36139	8000763c	00d8d293	srli	x5,x17,0xd	 x17:0x00003000  x5=0x00000001
      724959000	     36146	80007640	00c3bf33	sltu	x30,x7,x12	  x7:0xfffff825 x12:0x00000000 x30=0x00000000
      724979000	     36147	80007644	0164f933	and	x18,x9,x22	  x9:0x00000150 x22:0x6801561c x18=0x00000010
      725279000	     36162	80007648	8a1d	c.andi	x12,7	 x12:0x00000000 x12=0x00000000
      725359000	     36166	8000764a	0101f463	bgeu	x3,x16,80007652	  x3:0x00002d00 x16:0x00000000
      725999000	     36198	80007652	00458a33	add	x20,x11,x4	 x11:0x7fffffff  x4:0x80021e64 x20=0x00021e63
      726179000	     36207	80007656	03406963	bltu	x0,x20,80007688	  x0:0x00000000 x20:0x00021e63
      726639000	     36230	80007688	98de	c.add	x17,x23	 x17:0x00003000 x23:0xfffffaf0 x17=0x00002af0
      726799000	     36238	8000768a	016ff233	and	x4,x31,x22	 x31:0x00004701 x22:0x6801561c  x4=0x00004600
      726819000	     36239	8000768e	66bba493	slti	x9,x23,1643	 x23:0xfffffaf0  x9=0x00000001
      726839000	     36240	80007692	8ac2	c.mv	x21,x16	  x0:0x00000000 x16:0x00000000 x21=0x00000000
      727159000	     36256	80007694	008b8e33	add	x28,x23,x8	 x23:0xfffffaf0  x8:0xe00003ca x28=0xdffffeba
      727179000	     36257	80007698	25fea893	slti	x17,x29,607	 x29:0x00000001 x17=0x00000001
      727379000	     36267	8000769c	a5a9a293	slti	x5,x19,-1446	 x19:0x80021e64  x5=0x00000001
      727479000	     36272	800076a0	000f9193	slli	x3,x31,0x0	 x31:0x00004701  x3=0x00004701
      727499000	     36273	800076a4	01039f33	sll	x30,x7,x16	  x7:0xfffff825 x16:0x00000000 x30=0xfffff825
      727519000	     36274	800076a8	0000100f	fence.i	
      728259000	     36311	800076ac	01545e63	bge	x8,x21,800076c8	  x8:0xe00003ca x21:0x00000000
      728279000	     36312	800076b0	0104aeb3	slt	x29,x9,x16	  x9:0x00000001 x16:0x00000000 x29=0x00000000
      728299000	     36313	800076b4	01115033	srl	x0,x2,x17	  x2:0xffffffe0 x17:0x00000001  x0=0x00000000
      728659000	     36331	800076b8	953a	c.add	x10,x14	 x10:0x00011000 x14:0xf0004c9c x10=0xf0015c9c
      728679000	     36332	800076ba	98fd	c.andi	x9,-1	  x9:0x00000001  x9=0x00000001
      728699000	     36333	800076bc	009e71b3	and	x3,x28,x9	 x28:0xdffffeba  x9:0x00000001  x3=0x00000000
      729099000	     36353	800076c0	0c62	c.slli	x24,0x18	 x24:0x08799800 x24=0x00000000
      729119000	     36354	800076c2	cd11	c.beqz	x10,800076de	 x10:0xf0015c9c
      729259000	     36361	800076c4	0ff0000f	fence	iorw,iorw	
      729599000	     36378	800076c8	0001	c.addi	x0,0	  x0:0x00000000  x0=0x00000000
      729899000	     36393	800076ca	1c168613	addi	x12,x13,449	 x13:0x00000000 x12=0x000001c1
      729919000	     36394	800076ce	0bc1	c.addi	x23,16	 x23:0xfffffaf0 x23=0xfffffb00
      729939000	     36395	800076d0	0d46	c.slli	x26,0x11	 x26:0x00000001 x26=0x00020000
      729959000	     36396	800076d2	8efe	c.mv	x29,x31	  x0:0x00000000 x31:0x00004701 x29=0x00004701
      729979000	     36397	800076d4	8d59	c.or	x10,x14	 x10:0xf0015c9c x14:0xf0004c9c x10=0xf0015c9c
      730359000	     36416	800076d6	0146c1b3	xor	x3,x13,x20	 x13:0x00000000 x20:0x00021e63  x3=0x00021e63
      730799000	     36438	800076da	039b1833	mulh	x16,x22,x25	 x22:0x6801561c x25:0x80025ce4 x16=0xcc004ab1
      730819000	     36439	800076de	06da	c.slli	x13,0x16	 x13:0x00000000 x13=0x00000000
      730959000	     36446	800076e0	e58d	c.bnez	x11,8000770a	 x11:0x7fffffff
      731719000	     36484	8000770a	8ae5b517	auipc	x10,0x8ae5b	 x10=0x0ae6270a
      732139000	     36505	8000770e	013733b3	sltu	x7,x14,x19	 x14:0xf0004c9c x19:0x80021e64  x7=0x00000000
      732219000	     36509	80007712	4d10cf37	lui	x30,0x4d10c	 x30=0x4d10c000
      732239000	     36510	80007716	6c73e893	ori	x17,x7,1735	  x7:0x00000000 x17=0x000006c7
      732659000	     36531	8000771a	027307b3	mul	x15,x6,x7	  x6:0xfffffc08  x7:0x00000000 x15=0x00000000
      732679000	     36532	8000771e	03ccdf63	bge	x25,x28,8000775c	 x25:0x80025ce4 x28:0xdffffeba
      732699000	     36533	80007722	0001	c.addi	x0,0	  x0:0x00000000  x0=0x00000000
      733099000	     36553	80007724	00d9d433	srl	x8,x19,x13	 x19:0x80021e64 x13:0x00000000  x8=0x80021e64
      733319000	     36564	80007728	694d	c.lui	x18,0x13	 x18=0x00013000
      733339000	     36565	8000772a	8761	c.srai	x14,0x18	 x14:0xf0004c9c x14=0xfffffff0
      733739000	     36585	8000772c	0000100f	fence.i	
      734639000	     36630	80007730	03f2	c.slli	x7,0x1c	  x7:0x00000000  x7=0x00000000
      735059000	     36651	80007732	00470c33	add	x24,x14,x4	 x14:0xfffffff0  x4:0x00004600 x24=0x000045f0
      735099000	     36653	80007736	417b5d13	srai	x26,x22,0x17	 x22:0x6801561c x26=0x000000d0
      735119000	     36654	8000773a	8b29	c.andi	x14,10	 x14:0xfffffff0 x14=0x00000000
      735139000	     36655	8000773c	0000100f	fence.i	
      735759000	     36686	80007740	2ade7317	auipc	x6,0x2ade7	  x6=0xaadee740
      735959000	     36696	80007744	8f89	c.sub	x15,x10	 x15:0x00000000 x10:0x0ae6270a x15=0xf519d8f6
      735999000	     36698	80007746	007c5c33	srl	x24,x24,x7	 x24:0x000045f0  x7:0x00000000 x24=0x000045f0
      736019000	     36699	8000774a	8259	c.srli	x12,0x16	 x12:0x000001c1 x12=0x00000000
      736159000	     36706	8000774c	a277ea97	auipc	x21,0xa277e	 x21=0x2278574c
      736179000	     36707	80007750	0170ec63	bltu	x1,x23,80007768	  x1:0xffffff80 x23:0xfffffb00
      736359000	     36716	80007754	84a1	c.srai	x9,0x8	  x9:0x00000001  x9=0x00000000
      736379000	     36717	80007756	6a85	c.lui	x21,0x1	 x21=0x00001000
      736779000	     36737	80007758	02969063	bne	x13,x9,80007778	 x13:0x00000000  x9:0x00000000
      736979000	     36747	8000775c	00cb0333	add	x6,x22,x12	 x22:0x6801561c x12:0x00000000  x6=0x6801561c
      738119000	     36804	80007760	02657033	remu	x0,x10,x6	 x10:0x0ae6270a  x6:0x6801561c  x0=0x00000000
      738139000	     36805	80007764	406180b3	sub	x1,x3,x6	  x3:0x00021e63  x6:0x6801561c  x1=0x9800c847
      738159000	     36806	80007768	014b26b3	slt	x13,x22,x20	 x22:0x6801561c x20:0x00021e63 x13=0x00000000
      738179000	     36807	8000776c	01b91863	bne	x18,x27,8000777c	 x18:0x00013000 x27:0x80000000
      738739000	     36835	8000777c	8fa9	c.xor	x15,x10	 x15:0xf519d8f6 x10:0x0ae6270a x15=0xfffffffc
      738899000	     36843	8000777e	01520e33	add	x28,x4,x21	  x4:0x00004600 x21:0x00001000 x28=0x00005600
      738919000	     36844	80007782	8e99	c.sub	x13,x14	 x13:0x00000000 x14:0x00000000 x13=0x00000000
      738939000	     36845	80007784	00fee3b3	or	x7,x29,x15	 x29:0x00004701 x15:0xfffffffc  x7=0xfffffffd
      739119000	     36854	80007788	e909	c.bnez	x10,8000779a	 x10:0x0ae6270a
      740179000	     36907	8000779a	8f75	c.and	x14,x13	 x14:0x00000000 x13:0x00000000 x14=0x00000000
      740219000	     36909	8000779c	03f925b3	mulhsu	x11,x18,x31	 x18:0x00013000 x31:0x00004701 x11=0x00000000
      740239000	     36910	800077a0	8d05	c.sub	x10,x9	 x10:0x0ae6270a  x9:0x00000000 x10=0x0ae6270a
      740979000	     36947	800077a2	03016fb3	rem	x31,x2,x16	  x2:0xffffffe0 x16:0xcc004ab1 x31=0xffffffe0
      740999000	     36948	800077a6	0e9c	c.addi4spn	x15,x2,848	 x15=0x00000330
      741019000	     36949	800077a8	c1964493	xori	x9,x12,-999	 x12:0x00000000  x9=0xfffffc19
      741039000	     36950	800077ac	00992533	slt	x10,x18,x9	 x18:0x00013000  x9:0xfffffc19 x10=0x00000000
      741059000	     36951	800077b0	8d0d	c.sub	x10,x11	 x10:0x00000000 x11:0x00000000 x10=0x00000000
      741079000	     36952	800077b2	8cb1	c.xor	x9,x12	  x9:0xfffffc19 x12:0x00000000  x9=0xfffffc19
      741099000	     36953	800077b4	8471	c.srai	x8,0x1c	  x8:0x80021e64  x8=0xfffffff8
      741839000	     36990	800077b6	03444a33	div	x20,x8,x20	  x8:0xfffffff8 x20:0x00021e63 x20=0x00000000
      741859000	     36991	800077ba	032eeb63	bltu	x29,x18,800077f0	 x29:0x00004701 x18:0x00013000
      741939000	     36995	800077f0	01a65a13	srli	x20,x12,0x1a	 x12:0x00000000 x20=0x00000000
      741979000	     36997	800077f4	02c4da33	divu	x20,x9,x12	  x9:0xfffffc19 x12:0x00000000 x20=0xffffffff
      741999000	     36998	800077f8	8179	c.srli	x10,0x1e	 x10:0x00000000 x10=0x00000000
      742019000	     36999	800077fa	00935133	srl	x2,x6,x9	  x6:0x6801561c  x9:0xfffffc19  x2=0x00000034
      742759000	     37036	800077fe	0355ce33	div	x28,x11,x21	 x11:0x00000000 x21:0x00001000 x28=0x00000000
      743499000	     37073	80007802	023dc033	div	x0,x27,x3	 x27:0x80000000  x3:0x00021e63  x0=0x00000000
      743519000	     37074	80007806	0185a0b3	slt	x1,x11,x24	 x11:0x00000000 x24:0x000045f0  x1=0x00000001
      743539000	     37075	8000780a	0109b5b3	sltu	x11,x19,x16	 x19:0x80021e64 x16:0xcc004ab1 x11=0x00000001
      744279000	     37112	8000780e	02816d33	rem	x26,x2,x8	  x2:0x00000034  x8:0xfffffff8 x26=0x00000004
      744299000	     37113	80007812	4235	c.li	x4,13	  x4=0x0000000d
      744319000	     37114	80007814	00df4e33	xor	x28,x30,x13	 x30:0x4d10c000 x13:0x00000000 x28=0x4d10c000
      744339000	     37115	80007818	010d6663	bltu	x26,x16,80007824	 x26:0x00000004 x16:0xcc004ab1
      744379000	     37117	80007824	997d	c.andi	x10,-1	 x10:0x00000000 x10=0x00000000
      744459000	     37121	80007826	03d218b3	mulh	x17,x4,x29	  x4:0x0000000d x29:0x00004701 x17=0x00000000
      744479000	     37122	8000782a	03cf8d63	beq	x31,x28,80007864	 x31:0xffffffe0 x28:0x4d10c000
      744519000	     37124	8000782e	35566213	ori	x4,x12,853	 x12:0x00000000  x4=0x00000355
      744539000	     37125	80007832	895d	c.andi	x10,23	 x10:0x00000000 x10=0x00000000
      744559000	     37126	80007834	0001f833	and	x16,x3,x0	  x3:0x00021e63  x0:0x00000000 x16=0x00000000
      744679000	     37132	80007838	60d62d37	lui	x26,0x60d62	 x26=0x60d62000
      744779000	     37137	8000783c	8bd9	c.andi	x15,22	 x15:0x00000330 x15=0x00000010
      744899000	     37143	8000783e	c54a2693	slti	x13,x20,-940	 x20:0xffffffff x13=0x00000000
      745019000	     37149	80007842	0271b033	mulhu	x0,x3,x7	  x3:0x00021e63  x7:0xfffffffd  x0=0x00000000
      745079000	     37152	80007846	03f79833	mulh	x16,x15,x31	 x15:0x00000010 x31:0xffffffe0 x16=0xffffffff
      745099000	     37153	8000784a	00889a33	sll	x20,x17,x8	 x17:0x00000000  x8:0xfffffff8 x20=0x00000000
      795739000	     39685	8000784e	02d6fe33	remu	x28,x13,x13	 x13:0x00000000 x13:0x00000000 x28=0x00000000
      795759000	     39686	80007852	a005a337	lui	x6,0xa005a	  x6=0xa005a000
      795779000	     39687	80007856	cc0d	c.beqz	x8,80007890	  x8:0xfffffff8
      795799000	     39688	80007858	41bedb33	sra	x22,x29,x27	 x29:0x00004701 x27:0x80000000 x22=0x00004701
      795819000	     39689	8000785c	8806	c.mv	x16,x1	  x0:0x00000000  x1:0x00000001 x16=0x00000001
      795839000	     39690	8000785e	8d31	c.xor	x10,x12	 x10:0x00000000 x12:0x00000000 x10=0x00000000
      795859000	     39691	80007860	006a5b33	srl	x22,x20,x6	 x20:0x00000000  x6:0xa005a000 x22=0x00000000
      795879000	     39692	80007864	0000100f	fence.i	
      795939000	     39695	80007868	dc0cb813	sltiu	x16,x25,-576	 x25:0x80025ce4 x16=0x00000001
      796079000	     39702	8000786c	6b59	c.lui	x22,0x16	 x22=0x00016000
      796099000	     39703	8000786e	8d05	c.sub	x10,x9	 x10:0x00000000  x9:0xfffffc19 x10=0x000003e7
      796479000	     39722	80007870	17fd	c.addi	x15,-1	 x15:0x00000010 x15=0x0000000f
      796699000	     39733	80007872	00d78663	beq	x15,x13,8000787e	 x15:0x0000000f x13:0x00000000
      796839000	     39740	80007876	51048097	auipc	x1,0x51048	  x1=0xd104f876
      797019000	     39749	8000787a	07ac3f93	sltiu	x31,x24,122	 x24:0x000045f0 x31=0x00000000
      797039000	     39750	8000787e	03d9	c.addi	x7,22	  x7:0xfffffffd  x7=0x00000013
      797139000	     39755	80007880	0231bf33	mulhu	x30,x3,x3	  x3:0x00021e63  x3:0x00021e63 x30=0x00000004
      797479000	     39772	80007884	02ea9bb3	mulh	x23,x21,x14	 x21:0x00001000 x14:0x00000000 x23=0x00000000
      797499000	     39773	80007888	714c0293	addi	x5,x24,1812	 x24:0x000045f0  x5=0x00004d04
      797899000	     39793	8000788c	80ed	c.srli	x9,0x1b	  x9:0xfffffc19  x9=0x0000001f
      797919000	     39794	8000788e	0001	c.addi	x0,0	  x0:0x00000000  x0=0x00000000
      798119000	     39804	80007890	03701163	bne	x0,x23,800078b2	  x0:0x00000000 x23:0x00000000
      798399000	     39818	80007894	011d1113	slli	x2,x26,0x11	 x26:0x60d62000  x2=0x40000000
      798719000	     39834	80007898	6d75	c.lui	x26,0x1d	 x26=0x0001d000
      798739000	     39835	8000789a	8c25	c.xor	x8,x9	  x8:0xfffffff8  x9:0x0000001f  x8=0xffffffe7
      798779000	     39837	8000789c	0ff0000f	fence	iorw,iorw	
      799199000	     39858	800078a0	541e2a13	slti	x20,x28,1345	 x28:0x00000000 x20=0x00000001
      799219000	     39859	800078a4	40f80433	sub	x8,x16,x15	 x16:0x00000001 x15:0x0000000f  x8=0xfffffff2
      799259000	     39861	800078a8	0370cd33	div	x26,x1,x23	  x1:0xd104f876 x23:0x00000000 x26=0xffffffff
      799279000	     39862	800078ac	3f656813	ori	x16,x10,1014	 x10:0x000003e7 x16=0x000003f7
      799599000	     39878	800078b0	610d	c.addi16sp	x2,160	  x2:0x40000000  x2=0x400000a0
      799619000	     39879	800078b2	0001	c.addi	x0,0	  x0:0x00000000  x0=0x00000000
      799639000	     39880	800078b4	e21d	c.bnez	x12,800078da	 x12:0x00000000
      799659000	     39881	800078b6	41e58233	sub	x4,x11,x30	 x11:0x00000001 x30:0x00000004  x4=0xfffffffd
      799679000	     39882	800078ba	013c1d33	sll	x26,x24,x19	 x24:0x000045f0 x19:0x80021e64 x26=0x00045f00
      800079000	     39902	800078be	01035933	srl	x18,x6,x16	  x6:0xa005a000 x16:0x000003f7 x18=0x00000140
      800099000	     39903	800078c2	6451	c.lui	x8,0x14	  x8=0x00014000
      800159000	     39906	800078c4	81b5	c.srli	x11,0xd	 x11:0x00000001 x11=0x00000000
      800179000	     39907	800078c6	0e0e	c.slli	x28,0x3	 x28:0x00000000 x28=0x00000000
      801079000	     39952	800078c8	03e6c7b3	div	x15,x13,x30	 x13:0x00000000 x30:0x00000004 x15=0x00000000
      801099000	     39953	800078cc	8a3e	c.mv	x20,x15	  x0:0x00000000 x15:0x00000000 x20=0x00000000
      801119000	     39954	800078ce	007efab3	and	x21,x29,x7	 x29:0x00004701  x7:0x00000013 x21=0x00000001
      801139000	     39955	800078d2	038aeb63	bltu	x21,x24,80007908	 x21:0x00000001 x24:0x000045f0
      801739000	     39985	80007908	83f5	c.srli	x15,0x1d	 x15:0x00000000 x15=0x00000000
      802479000	     40022	8000790a	026668b3	rem	x17,x12,x6	 x12:0x00000000  x6:0xa005a000 x17=0x00000000
      802499000	     40023	8000790e	8e35	c.xor	x12,x13	 x12:0x00000000 x13:0x00000000 x12=0x00000000
      802519000	     40024	80007910	016ef3b3	and	x7,x29,x22	 x29:0x00004701 x22:0x00016000  x7=0x00004000
      802559000	     40026	80007914	03f4b6b3	mulhu	x13,x9,x31	  x9:0x0000001f x31:0x00000000 x13=0x00000000
      802579000	     40027	80007918	587d	c.li	x16,-1	 x16=0xffffffff
      802599000	     40028	8000791a	8fc6	c.mv	x31,x17	  x0:0x00000000 x17:0x00000000 x31=0x00000000
      802619000	     40029	8000791c	82bd	c.srli	x13,0xf	 x13:0x00000000 x13=0x00000000
      802639000	     40030	8000791e	8261	c.srli	x12,0x18	 x12:0x00000000 x12=0x00000000
      802659000	     40031	80007920	00309533	sll	x10,x1,x3	  x1:0xd104f876  x3:0x00021e63 x10=0x8827c3b0
      802679000	     40032	80007924	eb8a6493	ori	x9,x20,-328	 x20:0x00000000  x9=0xfffffeb8
      802699000	     40033	80007928	e0b30f93	addi	x31,x6,-501	  x6:0xa005a000 x31=0xa0059e0b
      802999000	     40048	8000792c	01f63ab3	sltu	x21,x12,x31	 x12:0x00000000 x31:0xa0059e0b x21=0x00000001
      803179000	     40057	80007930	e6fbb513	sltiu	x10,x23,-401	 x23:0x00000000 x10=0x00000001
      803599000	     40078	80007934	c657f213	andi	x4,x15,-923	 x15:0x00000000  x4=0x00000000
      803619000	     40079	80007938	b919c793	xori	x15,x19,-1135	 x19:0x80021e64 x15=0x7ffde5f5
      804359000	     40116	8000793c	02f5d4b3	divu	x9,x11,x15	 x11:0x00000000 x15:0x7ffde5f5  x9=0x00000000
      804379000	     40117	80007940	8fe9	c.and	x15,x10	 x15:0x7ffde5f5 x10:0x00000001 x15=0x00000001
      804399000	     40118	80007942	41555813	srai	x16,x10,0x15	 x10:0x00000001 x16=0x00000000
      804419000	     40119	80007946	408783b3	sub	x7,x15,x8	 x15:0x00000001  x8:0x00014000  x7=0xfffec001
      804439000	     40120	8000794a	8c95	c.sub	x9,x13	  x9:0x00000000 x13:0x00000000  x9=0x00000000
      804459000	     40121	8000794c	01394233	xor	x4,x18,x19	 x18:0x00000140 x19:0x80021e64  x4=0x80021f24
      804479000	     40122	80007950	006b0663	beq	x22,x6,8000795c	 x22:0x00016000  x6:0xa005a000
      804699000	     40133	80007954	e3464613	xori	x12,x12,-460	 x12:0x00000000 x12=0xfffffe34
      804859000	     40141	80007958	41bb0233	sub	x4,x22,x27	 x22:0x00016000 x27:0x80000000  x4=0x80016000
      805279000	     40162	8000795c	8ada	c.mv	x21,x22	  x0:0x00000000 x22:0x00016000 x21=0x00016000
      805299000	     40163	8000795e	472dad13	slti	x26,x27,1138	 x27:0x80000000 x26=0x00000001
      805319000	     40164	80007962	cde5e893	ori	x17,x11,-802	 x11:0x00000000 x17=0xfffffcde
      805339000	     40165	80007966	03928863	beq	x5,x25,80007996	  x5:0x00004d04 x25:0x80025ce4
      806479000	     40222	8000796a	031c55b3	divu	x11,x24,x17	 x24:0x000045f0 x17:0xfffffcde x11=0x00000000
      806499000	     40223	8000796e	48d5	c.li	x17,21	 x17=0x00000015
      806539000	     40225	80007970	0276a333	mulhsu	x6,x13,x7	 x13:0x00000000  x7:0xfffec001  x6=0x00000000
      806559000	     40226	80007974	8341	c.srli	x14,0x10	 x14:0x00000000 x14=0x00000000
      806579000	     40227	80007976	c0c38193	addi	x3,x7,-1012	  x7:0xfffec001  x3=0xfffebc0d
      806599000	     40228	8000797a	0021d133	srl	x2,x3,x2	  x3:0xfffebc0d  x2:0x400000a0  x2=0xfffebc0d
      806619000	     40229	8000797e	01959263	bne	x11,x25,80007982	 x11:0x00000000 x25:0x80025ce4
      806659000	     40231	80007982	8f19	c.sub	x14,x14	 x14:0x00000000 x14:0x00000000 x14=0x00000000
      806679000	     40232	80007984	0188e933	or	x18,x17,x24	 x17:0x00000015 x24:0x000045f0 x18=0x000045f5
      806899000	     40243	80007988	87a9	c.srai	x15,0xa	 x15:0x00000001 x15=0x00000000
      806919000	     40244	8000798a	0000100f	fence.i	
      807439000	     40270	8000798e	9d76	c.add	x26,x29	 x26:0x00000001 x29:0x00004701 x26=0x00004702
      807459000	     40271	80007990	9a7d	c.andi	x12,-1	 x12:0xfffffe34 x12=0xfffffe34
      807799000	     40288	80007992	001e9433	sll	x8,x29,x1	 x29:0x00004701  x1:0xd104f876  x8=0xc0400000
      807819000	     40289	80007996	98fd	c.andi	x9,-1	  x9:0x00000000  x9=0x00000000
      807879000	     40292	80007998	8d79	c.and	x10,x14	 x10:0x00000001 x14:0x00000000 x10=0x00000000
      807899000	     40293	8000799a	01c6e7b3	or	x15,x13,x28	 x13:0x00000000 x28:0x00000000 x15=0x00000000
      807919000	     40294	8000799e	192e0a93	addi	x21,x28,402	 x28:0x00000000 x21=0x00000192
      807939000	     40295	800079a2	821a	c.mv	x4,x6	  x0:0x00000000  x6:0x00000000  x4=0x00000000
      808319000	     40314	800079a4	01cd2f33	slt	x30,x26,x28	 x26:0x00004702 x28:0x00000000 x30=0x00000000
      808739000	     40335	800079a8	015f80b3	add	x1,x31,x21	 x31:0xa0059e0b x21:0x00000192  x1=0xa0059f9d
      808759000	     40336	800079ac	6131	c.addi16sp	x2,320	  x2:0xfffebc0d  x2=0xfffebd4d
      808779000	     40337	800079ae	0ff0000f	fence	iorw,iorw	
      808799000	     40338	800079b2	0e36	c.slli	x28,0xd	 x28:0x00000000 x28=0x00000000
      808999000	     40348	800079b4	02a7c5b3	div	x11,x15,x10	 x15:0x00000000 x10:0x00000000 x11=0xffffffff
      809019000	     40349	800079b8	0808	c.addi4spn	x10,x2,16	 x10=0xfffebd5d
      809179000	     40357	800079ba	03c1c333	div	x6,x3,x28	  x3:0xfffebc0d x28:0x00000000  x6=0xffffffff
      809199000	     40358	800079be	016b24b3	slt	x9,x22,x22	 x22:0x00016000 x22:0x00016000  x9=0x00000000
      809399000	     40368	800079c2	01e2b033	sltu	x0,x5,x30	  x5:0x00004d04 x30:0x00000000  x0=0x00000000
      809419000	     40369	800079c6	03d6	c.slli	x7,0x15	  x7:0xfffec001  x7=0x00200000
      809439000	     40370	800079c8	01a7e333	or	x6,x15,x26	 x15:0x00000000 x26:0x00004702  x6=0x00004702
      809459000	     40371	800079cc	e0dd3693	sltiu	x13,x26,-499	 x26:0x00004702 x13=0x00000001
      809479000	     40372	800079d0	01d55393	srli	x7,x10,0x1d	 x10:0xfffebd5d  x7=0x00000007
      809619000	     40379	800079d4	d37a6113	ori	x2,x20,-713	 x20:0x00000000  x2=0xfffffd37
      809639000	     40380	800079d8	02907063	bgeu	x0,x9,800079f8	  x0:0x00000000  x9:0x00000000
      810159000	     40406	800079f8	853d	c.srai	x10,0xf	 x10:0xfffebd5d x10=0xfffffffd
      810179000	     40407	800079fa	0001	c.addi	x0,0	  x0:0x00000000  x0=0x00000000
      810199000	     40408	800079fc	0186eeb3	or	x29,x13,x24	 x13:0x00000001 x24:0x000045f0 x29=0x000045f1
      810299000	     40413	80007a00	41485a13	srai	x20,x16,0x14	 x16:0x00000000 x20=0x00000000
      810339000	     40415	80007a04	01285c13	srli	x24,x16,0x12	 x16:0x00000000 x24=0x00000000
      810359000	     40416	80007a08	0ff0000f	fence	iorw,iorw	
      810479000	     40422	80007a0c	0036bb33	sltu	x22,x13,x3	 x13:0x00000001  x3:0xfffebc0d x22=0x00000001
      810499000	     40423	80007a10	1f08	c.addi4spn	x10,x2,944	 x10=0x000000e7
      810519000	     40424	80007a12	03ba1d63	bne	x20,x27,80007a4c	 x20:0x00000000 x27:0x80000000
      810659000	     40431	80007a4c	8651	c.srai	x12,0x14	 x12:0xfffffe34 x12=0xffffffff
      810679000	     40432	80007a4e	00f1d433	srl	x8,x3,x15	  x3:0xfffebc0d x15:0x00000000  x8=0xfffebc0d
      810699000	     40433	80007a52	e319	c.bnez	x14,80007a58	 x14:0x00000000
      810739000	     40435	80007a54	03e89863	bne	x17,x30,80007a84	 x17:0x00000015 x30:0x00000000
      811159000	     40456	80007a84	03d638b3	mulhu	x17,x12,x29	 x12:0xffffffff x29:0x000045f1 x17=0x000045f0
      811179000	     40457	80007a88	7fba4c13	xori	x24,x20,2043	 x20:0x00000000 x24=0x000007fb
      811199000	     40458	80007a8c	fc807f93	andi	x31,x0,-56	  x0:0x00000000 x31=0x00000000
      811219000	     40459	80007a90	034a6263	bltu	x20,x20,80007ab4	 x20:0x00000000 x20:0x00000000
      811359000	     40466	80007a94	01e03133	sltu	x2,x0,x30	  x0:0x00000000 x30:0x00000000  x2=0x00000000
      811379000	     40467	80007a98	80a9	c.srli	x9,0xa	  x9:0x00000000  x9=0x00000000
      811639000	     40480	80007a9a	5974f693	andi	x13,x9,1431	  x9:0x00000000 x13=0x00000000
      811659000	     40481	80007a9e	0000100f	fence.i	
      812399000	     40518	80007aa2	03ac4163	blt	x24,x26,80007ac4	 x24:0x000007fb x26:0x00004702
      812639000	     40530	80007ac4	8ca1	c.xor	x9,x8	  x9:0x00000000  x8:0xfffebc0d  x9=0xfffebc0d
      812659000	     40531	80007ac6	0000100f	fence.i	
      813059000	     40551	80007aca	03e14a33	div	x20,x2,x30	  x2:0x00000000 x30:0x00000000 x20=0xffffffff
      813319000	     40564	80007ace	0000100f	fence.i	
      814039000	     40600	80007ad2	0000100f	fence.i	
      814319000	     40614	80007ad6	983e7513	andi	x10,x28,-1661	 x28:0x00000000 x10=0x00000000
      814339000	     40615	80007ada	00951113	slli	x2,x10,0x9	 x10:0x00000000  x2=0x00000000
      814359000	     40616	80007ade	003ffc33	and	x24,x31,x3	 x31:0x00000000  x3:0xfffebc0d x24=0x00000000
      814379000	     40617	80007ae2	8de5	c.and	x11,x9	 x11:0xffffffff  x9:0xfffebc0d x11=0xfffebc0d
      814399000	     40618	80007ae4	0ff0000f	fence	iorw,iorw	
      814819000	     40639	80007ae8	c61d	c.beqz	x12,80007b16	 x12:0xffffffff
      814839000	     40640	80007aea	98fd	c.andi	x9,-1	  x9:0xfffebc0d  x9=0xfffebc0d
      814859000	     40641	80007aec	0027c3b3	xor	x7,x15,x2	 x15:0x00000000  x2:0x00000000  x7=0x00000000
      815259000	     40661	80007af0	836d	c.srli	x14,0x1b	 x14:0x00000000 x14=0x00000000
      815279000	     40662	80007af2	ec85	c.bnez	x9,80007b2a	  x9:0xfffebc0d
      816659000	     40731	80007b2a	01705013	srli	x0,x0,0x17	  x0:0x00000000  x0=0x00000000
      816839000	     40740	80007b2e	0293b533	mulhu	x10,x7,x9	  x7:0x00000000  x9:0xfffebc0d x10=0x00000000
      816939000	     40745	80007b32	02699433	mulh	x8,x19,x6	 x19:0x80021e64  x6:0x00004702  x8=0xffffdc7f
      817259000	     40761	80007b36	0002f1b3	and	x3,x5,x0	  x5:0x00004d04  x0:0x00000000  x3=0x00000000
      817279000	     40762	80007b3a	053ccc13	xori	x24,x25,83	 x25:0x80025ce4 x24=0x80025cb7
      817479000	     40772	80007b3e	40315e33	sra	x28,x2,x3	  x2:0x00000000  x3:0x00000000 x28=0x00000000
      817499000	     40773	80007b42	8695	c.srai	x13,0x5	 x13:0x00000000 x13=0x00000000
      817519000	     40774	80007b44	0067fa33	and	x20,x15,x6	 x15:0x00000000  x6:0x00004702 x20=0x00000000
      817539000	     40775	80007b48	40ed	c.li	x1,27	  x1=0x0000001b
      817579000	     40777	80007b4a	01e13033	sltu	x0,x2,x30	  x2:0x00000000 x30:0x00000000  x0=0x00000000
      817619000	     40779	80007b4e	03c742b3	div	x5,x14,x28	 x14:0x00000000 x28:0x00000000  x5=0xffffffff
      817879000	     40792	80007b52	02dac663	blt	x21,x13,80007b7e	 x21:0x00000192 x13:0x00000000
      817899000	     40793	80007b56	8c2d	c.xor	x8,x11	  x8:0xffffdc7f x11:0xfffebc0d  x8=0x00016072
      818079000	     40802	80007b58	0000100f	fence.i	
      818619000	     40829	80007b5c	02704b33	div	x22,x0,x7	  x0:0x00000000  x7:0x00000000 x22=0xffffffff
      818659000	     40831	80007b60	02f52a33	mulhsu	x20,x10,x15	 x10:0x00000000 x15:0x00000000 x20=0x00000000
      818679000	     40832	80007b64	00bd52b3	srl	x5,x26,x11	 x26:0x00004702 x11:0xfffebc0d  x5=0x00000002
      818699000	     40833	80007b68	019c3033	sltu	x0,x24,x25	 x24:0x80025cb7 x25:0x80025ce4  x0=0x00000000
      818719000	     40834	80007b6c	0130dc13	srli	x24,x1,0x13	  x1:0x0000001b x24=0x00000000
      818759000	     40836	80007b70	018512b3	sll	x5,x10,x24	 x10:0x00000000 x24:0x00000000  x5=0x00000000
      828479000	     41322	80007b74	ef9d	c.bnez	x15,80007bb2	 x15:0x00000000
      828499000	     41323	80007b76	00ac5f93	srli	x31,x24,0xa	 x24:0x00000000 x31=0x00000000
      828539000	     41325	80007b7a	02adc533	div	x10,x27,x10	 x27:0x80000000 x10:0x00000000 x10=0xffffffff
      828559000	     41326	80007b7e	8846	c.mv	x16,x17	  x0:0x00000000 x17:0x000045f0 x16=0x000045f0
      828579000	     41327	80007b80	cb95	c.beqz	x15,80007bb4	 x15:0x00000000
      828979000	     41347	80007bb4	41940233	sub	x4,x8,x25	  x8:0x00016072 x25:0x80025ce4  x4=0x7fff038e
      829439000	     41370	80007bb8	00901a63	bne	x0,x9,80007bcc	  x0:0x00000000  x9:0xfffebc0d
      830759000	     41436	80007bcc	faacb437	lui	x8,0xfaacb	  x8=0xfaacb000
      831199000	     41458	80007bd0	0001	c.addi	x0,0	  x0:0x00000000  x0=0x00000000
      831619000	     41479	80007bd2	41755933	sra	x18,x10,x23	 x10:0xffffffff x23:0x00000000 x18=0xffffffff
      831639000	     41480	80007bd6	8791	c.srai	x15,0x4	 x15:0x00000000 x15=0x00000000
      831679000	     41482	80007bd8	020317b3	mulh	x15,x6,x0	  x6:0x00004702  x0:0x00000000 x15=0x00000000
      831699000	     41483	80007bdc	fbe2a0b7	lui	x1,0xfbe2a	  x1=0xfbe2a000
      832079000	     41502	80007be0	54740593	addi	x11,x8,1351	  x8:0xfaacb000 x11=0xfaacb547
      832099000	     41503	80007be4	8d29	c.xor	x10,x10	 x10:0xffffffff x10:0xffffffff x10=0x00000000
      832159000	     41506	80007be6	000b6763	bltu	x22,x0,80007bf4	 x22:0xffffffff  x0:0x00000000
      832179000	     41507	80007bea	848d	c.srai	x9,0x3	  x9:0xfffebc0d  x9=0xffffd781
      832259000	     41511	80007bec	004d5293	srli	x5,x26,0x4	 x26:0x00004702  x5=0x00000470
      832279000	     41512	80007bf0	01a35d13	srli	x26,x6,0x1a	  x6:0x00004702 x26=0x00000000
      832299000	     41513	80007bf4	8252	c.mv	x4,x20	  x0:0x00000000 x20:0x00000000  x4=0x00000000
      832439000	     41520	80007bf6	ccc33e93	sltiu	x29,x6,-820	  x6:0x00004702 x29=0x00000001
      832459000	     41521	80007bfa	013b0133	add	x2,x22,x19	 x22:0xffffffff x19:0x80021e64  x2=0x80021e63
      832719000	     41534	80007bfe	024bafb3	mulhsu	x31,x23,x4	 x23:0x00000000  x4:0x00000000 x31=0x00000000
      832739000	     41535	80007c02	02316c63	bltu	x2,x3,80007c3a	  x2:0x80021e63  x3:0x00000000
      833479000	     41572	80007c06	035ae4b3	rem	x9,x21,x21	 x21:0x00000192 x21:0x00000192  x9=0x00000000
      833499000	     41573	80007c0a	0001	c.addi	x0,0	  x0:0x00000000  x0=0x00000000
      833519000	     41574	80007c0c	009844b3	xor	x9,x16,x9	 x16:0x000045f0  x9:0x00000000  x9=0x000045f0
      833539000	     41575	80007c10	0151a633	slt	x12,x3,x21	  x3:0x00000000 x21:0x00000192 x12=0x00000001
      833559000	     41576	80007c14	0764c563	blt	x9,x22,80007c7e	  x9:0x000045f0 x22:0xffffffff
      833579000	     41577	80007c18	00911733	sll	x14,x2,x9	  x2:0x80021e63  x9:0x000045f0 x14=0x1e630000
      833599000	     41578	80007c1c	0e1a	c.slli	x28,0x6	 x28:0x00000000 x28=0x00000000
      833639000	     41580	80007c1e	015c20b3	slt	x1,x24,x21	 x24:0x00000000 x21:0x00000192  x1=0x00000001
      833659000	     41581	80007c22	8175	c.srli	x10,0x1d	 x10:0x00000000 x10=0x00000000
      833679000	     41582	80007c24	28e6ff17	auipc	x30,0x28e6f	 x30=0xa8e76c24
      833699000	     41583	80007c28	010773b3	and	x7,x14,x16	 x14:0x1e630000 x16:0x000045f0  x7=0x00000000
      833839000	     41590	80007c2c	8d09	c.sub	x10,x10	 x10:0x00000000 x10:0x00000000 x10=0x00000000
      833859000	     41591	80007c2e	00fb1b93	slli	x23,x22,0xf	 x22:0xffffffff x23=0xffff8000
      833879000	     41592	80007c32	e899	c.bnez	x9,80007c48	  x9:0x000045f0
      834199000	     41608	80007c48	814a	c.mv	x2,x18	  x0:0x00000000 x18:0xffffffff  x2=0xffffffff
      834219000	     41609	80007c4a	02e2dd63	bge	x5,x14,80007c84	  x5:0x00000470 x14:0x1e630000
      834239000	     41610	80007c4e	00b5ca33	xor	x20,x11,x11	 x11:0xfaacb547 x11:0xfaacb547 x20=0x00000000
      834459000	     41621	80007c52	0109b233	sltu	x4,x19,x16	 x19:0x80021e64 x16:0x000045f0  x4=0x00000000
      834479000	     41622	80007c56	0001	c.addi	x0,0	  x0:0x00000000  x0=0x00000000
      834539000	     41625	80007c58	00002497	auipc	x9,0x2	  x9=0x80009c58
      834559000	     41626	80007c5c	8b448493	addi	x9,x9,-1868	  x9:0x80009c58  x9=0x8000950c
      834579000	     41627	80007c60	93be	c.add	x7,x15	  x7:0x00000000 x15:0x00000000  x7=0x00000000
      834599000	     41628	80007c62	8ef5	c.and	x13,x13	 x13:0x00000000 x13:0x00000000 x13=0x00000000
      834619000	     41629	80007c64	d9848493	addi	x9,x9,-616	  x9:0x8000950c  x9=0x800092a4
      834799000	     41638	80007c68	00d60c33	add	x24,x12,x13	 x12:0x00000001 x13:0x00000000 x24=0x00000001
      834999000	     41648	80007c6c	00b5d763	bge	x11,x11,80007c7a	 x11:0xfaacb547 x11:0xfaacb547
      835279000	     41662	80007c7a	268487e7	jalr	x15,616(x9)	  x9:0x800092a4 x15=0x80007c7e
      835399000	     41668	8000950c	4975	c.li	x18,29	 x18=0x0000001d
      835579000	     41677	8000950e	00b113b3	sll	x7,x2,x11	  x2:0xffffffff x11:0xfaacb547  x7=0xffffff80
      835599000	     41678	80009512	01a815b3	sll	x11,x16,x26	 x16:0x000045f0 x26:0x00000000 x11=0x000045f0
      835639000	     41680	80009516	41d80033	sub	x0,x16,x29	 x16:0x000045f0 x29:0x00000001  x0=0x00000000
      835659000	     41681	8000951a	0001	c.addi	x0,0	  x0:0x00000000  x0=0x00000000
      835679000	     41682	8000951c	1981	c.addi	x19,-32	 x19:0x80021e64 x19=0x80021e44
      836119000	     41704	8000951e	415b5233	sra	x4,x22,x21	 x22:0xffffffff x21:0x00000192  x4=0xffffffff
      836139000	     41705	80009522	01874c33	xor	x24,x14,x24	 x14:0x1e630000 x24:0x00000001 x24=0x1e630001
      836159000	     41706	80009526	00471193	slli	x3,x14,0x4	 x14:0x1e630000  x3=0xe6300000
      836219000	     41709	8000952a	00f9a223	sw	x15,4(x19)	 x19:0x80021e44 x15:0x80007c7e PA:0x80021e48 store:0x80007c7e load:0xffffffff
      836239000	     41710	8000952e	8811	c.andi	x8,4	  x8:0xfaacb000  x8=0x00000000
      836599000	     41728	80009530	43ecba93	sltiu	x21,x25,1086	 x25:0x80025ce4 x21=0x00000000
      836619000	     41729	80009534	02d68963	beq	x13,x13,80009566	 x13:0x00000000 x13:0x00000000
      837479000	     41772	80009566	8e69	c.and	x12,x10	 x12:0x00000001 x10:0x00000000 x12=0x00000000
      837579000	     41777	80009568	01addf13	srli	x30,x27,0x1a	 x27:0x80000000 x30=0x00000020
      837639000	     41780	8000956c	007c4bb3	xor	x23,x24,x7	 x24:0x1e630001  x7:0xffffff80 x23=0xe19cff81
      837659000	     41781	80009570	e0f465b7	lui	x11,0xe0f46	 x11=0xe0f46000
      838519000	     41824	80009574	030ed6b3	divu	x13,x29,x16	 x29:0x00000001 x16:0x000045f0 x13=0x00000000
      839259000	     41861	80009578	03bfc7b3	div	x15,x31,x27	 x31:0x00000000 x27:0x80000000 x15=0x00000000
      839279000	     41862	8000957c	010cd863	bge	x25,x16,8000958c	 x25:0x80025ce4 x16:0x000045f0
      839299000	     41863	80009580	1a183693	sltiu	x13,x16,417	 x16:0x000045f0 x13=0x00000000
      839319000	     41864	80009584	0525	c.addi	x10,9	 x10:0x00000000 x10=0x00000009
      839339000	     41865	80009586	01422f33	slt	x30,x4,x20	  x4:0xffffffff x20:0x00000000 x30=0x00000001
      839359000	     41866	8000958a	8f79	c.and	x14,x14	 x14:0x1e630000 x14:0x1e630000 x14=0x1e630000
      839379000	     41867	8000958c	0880	c.addi4spn	x8,x2,80	  x8=0x0000004f
      840119000	     41904	8000958e	030555b3	divu	x11,x10,x16	 x10:0x00000009 x16:0x000045f0 x11=0x00000000
      840139000	     41905	80009592	0ff0000f	fence	iorw,iorw	
      840159000	     41906	80009596	025bff63	bgeu	x23,x5,800095d4	 x23:0xe19cff81  x5:0x00000470
      840639000	     41930	800095d4	8886	c.mv	x17,x1	  x0:0x00000000  x1:0x00000001 x17=0x00000001
      840659000	     41931	800095d6	062e	c.slli	x12,0xb	 x12:0x00000000 x12=0x00000000
      841079000	     41952	800095d8	918a	c.add	x3,x2	  x3:0xe6300000  x2:0xffffffff  x3=0xe62fffff
      841099000	     41953	800095da	87c6	c.mv	x15,x17	  x0:0x00000000 x17:0x00000001 x15=0x00000001
      841119000	     41954	800095dc	002277b3	and	x15,x4,x2	  x4:0xffffffff  x2:0xffffffff x15=0xffffffff
      841299000	     41963	800095e0	00a65d13	srli	x26,x12,0xa	 x12:0x00000000 x26=0x00000000
      841319000	     41964	800095e4	8c21	c.xor	x8,x8	  x8:0x0000004f  x8:0x0000004f  x8=0x00000000
      842059000	     42001	800095e6	037ff933	remu	x18,x31,x23	 x31:0x00000000 x23:0xe19cff81 x18=0x00000000
      842079000	     42002	800095ea	9be6	c.add	x23,x25	 x23:0xe19cff81 x25:0x80025ce4 x23=0x619f5c65
      842099000	     42003	800095ec	11fd	c.addi	x3,-1	  x3:0xe62fffff  x3=0xe62ffffe
      842839000	     42040	800095ee	038641b3	div	x3,x12,x24	 x12:0x00000000 x24:0x1e630001  x3=0x00000000
      842859000	     42041	800095f2	017448b3	xor	x17,x8,x23	  x8:0x00000000 x23:0x619f5c65 x17=0x619f5c65
      842879000	     42042	800095f6	8976	c.mv	x18,x29	  x0:0x00000000 x29:0x00000001 x18=0x00000001
      842899000	     42043	800095f8	c331	c.beqz	x14,8000963c	 x14:0x1e630000
      842919000	     42044	800095fa	b8800637	lui	x12,0xb8800	 x12=0xb8800000
      842939000	     42045	800095fe	025483b3	mul	x7,x9,x5	  x9:0x800092a4  x5:0x00000470  x7=0x028ab7c0
      842959000	     42046	80009602	9bfd	c.andi	x15,-1	 x15:0xffffffff x15=0xffffffff
      842979000	     42047	80009604	025ac563	blt	x21,x5,8000962e	 x21:0x00000000  x5:0x00000470
      843059000	     42051	8000962e	8c5d	c.or	x8,x15	  x8:0x00000000 x15:0xffffffff  x8=0xffffffff
      843239000	     42060	80009630	03878ab3	mul	x21,x15,x24	 x15:0xffffffff x24:0x1e630001 x21=0xe19cffff
      843579000	     42077	80009634	03939263	bne	x7,x25,80009658	  x7:0x028ab7c0 x25:0x80025ce4
      843679000	     42082	80009658	365cf437	lui	x8,0x365cf	  x8=0x365cf000
      843699000	     42083	8000965c	8dd5	c.or	x11,x13	 x11:0x00000000 x13:0x00000000 x11=0x00000000
      843719000	     42084	8000965e	823a	c.mv	x4,x14	  x0:0x00000000 x14:0x1e630000  x4=0x1e630000
      844119000	     42104	80009660	8c09	c.sub	x8,x10	  x8:0x365cf000 x10:0x00000009  x8=0x365ceff7
      844539000	     42125	80009662	0004c863	blt	x9,x0,80009672	  x9:0x800092a4  x0:0x00000000
      845239000	     42160	80009672	022d16b3	mulh	x13,x26,x2	 x26:0x00000000  x2:0xffffffff x13=0x00000000
      845339000	     42165	80009676	f55ed037	lui	x0,0xf55ed	  x0=0x00000000
      846099000	     42203	8000967a	024f44b3	div	x9,x30,x4	 x30:0x00000001  x4:0x1e630000  x9=0x00000000
      846119000	     42204	8000967e	0000100f	fence.i	
      846499000	     42223	80009682	2c08c713	xori	x14,x17,704	 x17:0x619f5c65 x14=0x619f5ea5
      846519000	     42224	80009686	008afb33	and	x22,x21,x8	 x21:0xe19cffff  x8:0x365ceff7 x22=0x201ceff7
      846539000	     42225	8000968a	0135c8b3	xor	x17,x11,x19	 x11:0x00000000 x19:0x80021e44 x17=0x80021e44
      846559000	     42226	8000968e	01f19233	sll	x4,x3,x31	  x3:0x00000000 x31:0x00000000  x4=0x00000000
      847299000	     42263	80009692	02f74bb3	div	x23,x14,x15	 x14:0x619f5ea5 x15:0xffffffff x23=0x9e60a15b
      847319000	     42264	80009696	c73a3617	auipc	x12,0xc73a3	 x12=0x473ac696
      847339000	     42265	8000969a	8355	c.srli	x14,0x15	 x14:0x619f5ea5 x14=0x0000030c
      847359000	     42266	8000969c	0011cf63	blt	x3,x1,800096ba	  x3:0x00000000  x1:0x00000001
      848119000	     42304	800096ba	4bacfa13	andi	x20,x25,1210	 x25:0x80025ce4 x20=0x000004a0
      848139000	     42305	800096be	857d	c.srai	x10,0x1f	 x10:0x00000009 x10=0x00000000
      848159000	     42306	800096c0	8d4d	c.or	x10,x11	 x10:0x00000000 x11:0x00000000 x10=0x00000000
      848179000	     42307	800096c2	8e89	c.sub	x13,x10	 x13:0x00000000 x10:0x00000000 x13=0x00000000
      848239000	     42310	800096c4	8ff5	c.and	x15,x13	 x15:0xffffffff x13:0x00000000 x15=0x00000000
      849039000	     42350	800096c6	0217c8b3	div	x17,x15,x1	 x15:0x00000000  x1:0x00000001 x17=0x00000000
      849059000	     42351	800096ca	6129	c.addi16sp	x2,192	  x2:0xffffffff  x2=0x000000bf
      849079000	     42352	800096cc	8dc9	c.or	x11,x10	 x11:0x00000000 x10:0x00000000 x11=0x00000000
      849099000	     42353	800096ce	0000100f	fence.i	
      849339000	     42365	800096d2	41bedf13	srai	x30,x29,0x1b	 x29:0x00000001 x30=0x00000000
      849359000	     42366	800096d6	8a59	c.andi	x12,22	 x12:0x473ac696 x12=0x00000016
      849399000	     42368	800096d8	831e	c.mv	x6,x7	  x0:0x00000000  x7:0x028ab7c0  x6=0x028ab7c0
      849759000	     42386	800096da	3511b017	auipc	x0,0x3511b	  x0=0x00000000
      849919000	     42394	800096de	4b5cb717	auipc	x14,0x4b5cb	 x14=0xcb5d46de
      850319000	     42414	800096e2	018827b3	slt	x15,x16,x24	 x16:0x000045f0 x24:0x1e630001 x15=0x00000001
      850339000	     42415	800096e6	8d6d	c.and	x10,x11	 x10:0x00000000 x11:0x00000000 x10=0x00000000
      850739000	     42435	800096e8	99ac8193	addi	x3,x25,-1638	 x25:0x80025ce4  x3=0x8002567e
      850979000	     42447	800096ec	02aef233	remu	x4,x29,x10	 x29:0x00000001 x10:0x00000000  x4=0x00000001
      850999000	     42448	800096f0	82f1	c.srli	x13,0x1c	 x13:0x00000000 x13=0x00000000
      851019000	     42449	800096f2	400002b3	sub	x5,x0,x0	  x0:0x00000000  x0:0x00000000  x5=0x00000000
      851419000	     42469	800096f6	01b65593	srli	x11,x12,0x1b	 x12:0x00000016 x11=0x00000000
      851619000	     42479	800096fa	025fc933	div	x18,x31,x5	 x31:0x00000000  x5:0x00000000 x18=0xffffffff
      851639000	     42480	800096fe	cd89	c.beqz	x11,80009718	 x11:0x00000000
      868619000	     43329	80009718	02b5c363	blt	x11,x11,8000973e	 x11:0x00000000 x11:0x00000000
      868639000	     43330	8000971c	02a90233	mul	x4,x18,x10	 x18:0xffffffff x10:0x00000000  x4=0x00000000
      868659000	     43331	80009720	1014	c.addi4spn	x13,x2,32	 x13=0x000000df
      868679000	     43332	80009722	01c633b3	sltu	x7,x12,x28	 x12:0x00000016 x28:0x00000000  x7=0x00000000
      868699000	     43333	80009726	a5386793	ori	x15,x16,-1453	 x16:0x000045f0 x15=0xfffffff3
      868719000	     43334	8000972a	31fa3d13	sltiu	x26,x20,799	 x20:0x000004a0 x26=0x00000000
      868939000	     43345	8000972e	00271363	bne	x14,x2,80009734	 x14:0xcb5d46de  x2:0x000000bf
      869579000	     43377	80009734	8fa1	c.xor	x15,x8	 x15:0xfffffff3  x8:0x365ceff7 x15=0xc9a31004
      869619000	     43379	80009736	039aff63	bgeu	x21,x25,80009774	 x21:0xe19cffff x25:0x80025ce4
      870139000	     43405	80009774	409a8bb3	sub	x23,x21,x9	 x21:0xe19cffff  x9:0x00000000 x23=0xe19cffff
      870959000	     43446	80009778	039062b3	rem	x5,x0,x25	  x0:0x00000000 x25:0x80025ce4  x5=0x00000000
      871699000	     43483	8000977c	0228f3b3	remu	x7,x17,x2	 x17:0x00000000  x2:0x000000bf  x7=0x00000000
      871719000	     43484	80009780	00471913	slli	x18,x14,0x4	 x14:0xcb5d46de x18=0xb5d46de0
      871739000	     43485	80009784	0fee	c.slli	x31,0x1b	 x31:0x00000000 x31=0x00000000
      871759000	     43486	80009786	8ea1	c.xor	x13,x8	 x13:0x000000df  x8:0x365ceff7 x13=0x365cef28
      871779000	     43487	80009788	01172e33	slt	x28,x14,x17	 x14:0xcb5d46de x17:0x00000000 x28=0x00000001
      871799000	     43488	8000978c	01f05a33	srl	x20,x0,x31	  x0:0x00000000 x31:0x00000000 x20=0x00000000
      871819000	     43489	80009790	997d	c.andi	x10,-1	 x10:0x00000000 x10=0x00000000
      871839000	     43490	80009792	4003d033	sra	x0,x7,x0	  x7:0x00000000  x0:0x00000000  x0=0x00000000
      871979000	     43497	80009796	f58ed737	lui	x14,0xf58ed	 x14=0xf58ed000
      872239000	     43510	8000979a	03a61333	mulh	x6,x12,x26	 x12:0x00000016 x26:0x00000000  x6=0x00000000
      872259000	     43511	8000979e	8c91	c.sub	x9,x12	  x9:0x00000000 x12:0x00000016  x9=0xffffffea
      872639000	     43530	800097a0	0001	c.addi	x0,0	  x0:0x00000000  x0=0x00000000
      872659000	     43531	800097a2	06b9	c.addi	x13,14	 x13:0x365cef28 x13=0x365cef36
      872699000	     43533	800097a4	024d31b3	mulhu	x3,x26,x4	 x26:0x00000000  x4:0x00000000  x3=0x00000000
      872719000	     43534	800097a8	8f95	c.sub	x15,x13	 x15:0xc9a31004 x13:0x365cef36 x15=0x934620ce
      872739000	     43535	800097aa	942e	c.add	x8,x11	  x8:0x365ceff7 x11:0x00000000  x8=0x365ceff7
      872759000	     43536	800097ac	00228663	beq	x5,x2,800097b8	  x5:0x00000000  x2:0x000000bf
      872919000	     43544	800097b0	0346d563	bge	x13,x20,800097da	 x13:0x365cef36 x20:0x00000000
      874379000	     43617	800097da	8c21	c.xor	x8,x8	  x8:0x365ceff7  x8:0x365ceff7  x8=0x00000000
      874479000	     43622	800097dc	0001	c.addi	x0,0	  x0:0x00000000  x0=0x00000000
      874499000	     43623	800097de	9d4d6417	auipc	x8,0x9d4d6	  x8=0x1d4df7de
      874519000	     43624	800097e2	8605	c.srai	x12,0x1	 x12:0x00000016 x12=0x0000000b
      874539000	     43625	800097e4	0b0a	c.slli	x22,0x2	 x22:0x201ceff7 x22=0x8073bfdc
      875459000	     43671	800097e6	0223f4b3	remu	x9,x7,x2	  x7:0x00000000  x2:0x000000bf  x9=0x00000000
      875479000	     43672	800097ea	41fdd013	srai	x0,x27,0x1f	 x27:0x80000000  x0=0x00000000
      875499000	     43673	800097ee	155bb613	sltiu	x12,x23,341	 x23:0xe19cffff x12=0x00000000
      875519000	     43674	800097f2	40e80fb3	sub	x31,x16,x14	 x16:0x000045f0 x14:0xf58ed000 x31=0x0a7175f0
      875539000	     43675	800097f6	6eba3393	sltiu	x7,x20,1771	 x20:0x00000000  x7=0x00000001
      875579000	     43677	800097fa	009ca133	slt	x2,x25,x9	 x25:0x80025ce4  x9:0x00000000  x2=0x00000001
      876319000	     43714	800097fe	03fa64b3	rem	x9,x20,x31	 x20:0x00000000 x31:0x0a7175f0  x9=0x00000000
      876339000	     43715	80009802	00f99533	sll	x10,x19,x15	 x19:0x80021e44 x15:0x934620ce x10=0x87910000
      876359000	     43716	80009806	3fc14693	xori	x13,x2,1020	  x2:0x00000001 x13=0x000003fd
      876379000	     43717	8000980a	0001	c.addi	x0,0	  x0:0x00000000  x0=0x00000000
      876399000	     43718	8000980c	0001	c.addi	x0,0	  x0:0x00000000  x0=0x00000000
      876439000	     43720	8000980e	034f2733	mulhsu	x14,x30,x20	 x30:0x00000000 x20:0x00000000 x14=0x00000000
      876459000	     43721	80009812	01bb9313	slli	x6,x23,0x1b	 x23:0xe19cffff  x6=0xf8000000
      876479000	     43722	80009816	856a8793	addi	x15,x21,-1962	 x21:0xe19cffff x15=0xe19cf855
      876499000	     43723	8000981a	02e89263	bne	x17,x14,8000983e	 x17:0x00000000 x14:0x00000000
      876959000	     43746	8000981e	9b670293	addi	x5,x14,-1610	 x14:0x00000000  x5=0xfffff9b6
      876979000	     43747	80009822	010f6fb3	or	x31,x30,x16	 x30:0x00000000 x16:0x000045f0 x31=0x000045f0
      876999000	     43748	80009826	211de493	ori	x9,x27,529	 x27:0x80000000  x9=0x80000211
      877099000	     43753	8000982a	0036d513	srli	x10,x13,0x3	 x13:0x000003fd x10=0x0000007f
      877119000	     43754	8000982e	8f52	c.mv	x30,x20	  x0:0x00000000 x20:0x00000000 x30=0x00000000
      877139000	     43755	80009830	8ae1	c.andi	x13,24	 x13:0x000003fd x13=0x00000018
      877159000	     43756	80009832	010cc5b3	xor	x11,x25,x16	 x25:0x80025ce4 x16:0x000045f0 x11=0x80021914
      877199000	     43758	80009836	03e65b33	divu	x22,x12,x30	 x12:0x00000000 x30:0x00000000 x22=0xffffffff
      877219000	     43759	8000983a	018f7533	and	x10,x30,x24	 x30:0x00000000 x24:0x1e630001 x10=0x00000000
      877639000	     43780	8000983e	407fd613	srai	x12,x31,0x7	 x31:0x000045f0 x12=0x0000008b
      877659000	     43781	80009842	00c8f3b3	and	x7,x17,x12	 x17:0x00000000 x12:0x0000008b  x7=0x00000000
      878039000	     43800	80009846	00970433	add	x8,x14,x9	 x14:0x00000000  x9:0x80000211  x8=0x80000211
      878059000	     43801	8000984a	8e21	c.xor	x12,x8	 x12:0x0000008b  x8:0x80000211 x12=0x8000029a
      878079000	     43802	8000984c	0001	c.addi	x0,0	  x0:0x00000000  x0=0x00000000
      878259000	     43811	8000984e	017ba1b3	slt	x3,x23,x23	 x23:0xe19cffff x23:0xe19cffff  x3=0x00000000
      878279000	     43812	80009852	8109	c.srli	x10,0x2	 x10:0x00000000 x10=0x00000000
      878299000	     43813	80009854	81d1	c.srli	x11,0x14	 x11:0x80021914 x11=0x00000800
      878699000	     43833	80009856	b632ce13	xori	x28,x5,-1181	  x5:0xfffff9b6 x28=0x000002d5
      878719000	     43834	8000985a	9bfa	c.add	x23,x30	 x23:0xe19cffff x30:0x00000000 x23=0xe19cffff
      878939000	     43845	8000985c	c8988197	auipc	x3,0xc8988	  x3=0x4899185c
      879099000	     43853	80009860	02c7ce63	blt	x15,x12,8000989c	 x15:0xe19cf855 x12:0x8000029a
      879139000	     43855	80009864	484d	c.li	x16,19	 x16=0x00000013
      879159000	     43856	80009866	c991	c.beqz	x11,8000987a	 x11:0x00000800
      879179000	     43857	80009868	0031b2b3	sltu	x5,x3,x3	  x3:0x4899185c  x3:0x4899185c  x5=0x00000000
      879279000	     43862	8000986c	4107d493	srai	x9,x15,0x10	 x15:0xe19cf855  x9=0xffffe19c
      879699000	     43883	80009870	003cb6b3	sltu	x13,x25,x3	 x25:0x80025ce4  x3:0x4899185c x13=0x00000000
      880059000	     43901	80009874	8c91	c.sub	x9,x12	  x9:0xffffe19c x12:0x8000029a  x9=0x7fffdf02
      880079000	     43902	80009876	001ed4b3	srl	x9,x29,x1	 x29:0x00000001  x1:0x00000001  x9=0x00000000
      880099000	     43903	8000987a	014ded33	or	x26,x27,x20	 x27:0x80000000 x20:0x00000000 x26=0x80000000
      880119000	     43904	8000987e	8e3d	c.xor	x12,x15	 x12:0x8000029a x15:0xe19cf855 x12=0x619cfacf
      880319000	     43914	80009880	00e69763	bne	x13,x14,8000988e	 x13:0x00000000 x14:0x00000000
      881179000	     43957	80009884	035d45b3	div	x11,x26,x21	 x26:0x80000000 x21:0xe19cffff x11=0x00000004
      881199000	     43958	80009888	6e4d	c.lui	x28,0x13	 x28=0x00013000
      881219000	     43959	8000988a	97ae	c.add	x15,x11	 x15:0xe19cf855 x11:0x00000004 x15=0xe19cf859
      881239000	     43960	8000988c	9f42	c.add	x30,x16	 x30:0x00000000 x16:0x00000013 x30=0x00000013
      881259000	     43961	8000988e	9b52	c.add	x22,x20	 x22:0xffffffff x20:0x00000000 x22=0xffffffff
      881279000	     43962	80009890	81c1	c.srli	x11,0x10	 x11:0x00000004 x11=0x00000000
      881299000	     43963	80009892	021a7363	bgeu	x20,x1,800098b8	 x20:0x00000000  x1:0x00000001
      881319000	     43964	80009896	8a69	c.andi	x12,26	 x12:0x619cfacf x12=0x0000000a
      881339000	     43965	80009898	8b7e5797	auipc	x15,0x8b7e5	 x15=0x0b7ee898
      881359000	     43966	8000989c	f3a6ca37	lui	x20,0xf3a6c	 x20=0xf3a6c000
      881379000	     43967	800098a0	0abd	c.addi	x21,15	 x21:0xe19cffff x21=0xe19d000e
      881779000	     43987	800098a2	8a197d13	andi	x26,x18,-1887	 x18:0xb5d46de0 x26=0xb5d468a0
      881799000	     43988	800098a6	0265c963	blt	x11,x6,800098d8	 x11:0x00000000  x6:0xf8000000
      881819000	     43989	800098aa	005b4633	xor	x12,x22,x5	 x22:0xffffffff  x5:0x00000000 x12=0xffffffff
      882179000	     44007	800098ae	f66d01b7	lui	x3,0xf66d0	  x3=0xf66d0000
      882219000	     44009	800098b2	02ebb033	mulhu	x0,x23,x14	 x23:0xe19cffff x14:0x00000000  x0=0x00000000
      882239000	     44010	800098b6	9676	c.add	x12,x29	 x12:0xffffffff x29:0x00000001 x12=0x00000000
      882259000	     44011	800098b8	008ce2b3	or	x5,x25,x8	 x25:0x80025ce4  x8:0x80000211  x5=0x80025ef5
      882419000	     44019	800098bc	8c7d	c.and	x8,x15	  x8:0x80000211 x15:0x0b7ee898  x8=0x00000010
      883339000	     44065	800098be	0388dbb3	divu	x23,x17,x24	 x17:0x00000000 x24:0x1e630001 x23=0x00000000
      883379000	     44067	800098c2	02c8e1b3	rem	x3,x17,x12	 x17:0x00000000 x12:0x00000000  x3=0x00000000
      883399000	     44068	800098c6	0000100f	fence.i	
      883879000	     44092	800098ca	00b5f263	bgeu	x11,x11,800098ce	 x11:0x00000000 x11:0x00000000
      885299000	     44163	800098ce	0192ec33	or	x24,x5,x25	  x5:0x80025ef5 x25:0x80025ce4 x24=0x80025ef5
      885499000	     44173	800098d2	0091ef33	or	x30,x3,x9	  x3:0x00000000  x9:0x00000000 x30=0x00000000
      885519000	     44174	800098d6	0001	c.addi	x0,0	  x0:0x00000000  x0=0x00000000
      885559000	     44176	800098d8	0000100f	fence.i	
      885859000	     44191	800098dc	8bd9	c.andi	x15,22	 x15:0x0b7ee898 x15=0x00000010
      885979000	     44197	800098de	f63e9d37	lui	x26,0xf63e9	 x26=0xf63e9000
      885999000	     44198	800098e2	6111	c.addi16sp	x2,256	  x2:0x00000001  x2=0x00000101
      886019000	     44199	800098e4	8911	c.andi	x10,4	 x10:0x00000000 x10=0x00000000
      886039000	     44200	800098e6	00948233	add	x4,x9,x9	  x9:0x00000000  x9:0x00000000  x4=0x00000000
      886059000	     44201	800098ea	8eae	c.mv	x29,x11	  x0:0x00000000 x11:0x00000000 x29=0x00000000
      886079000	     44202	800098ec	09c45617	auipc	x12,0x9c45	 x12=0x89c4e8ec
      886199000	     44208	800098f0	29ad9717	auipc	x14,0x29ad9	 x14=0xa9ae28f0
      886619000	     44229	800098f4	03527b63	bgeu	x4,x21,8000992a	  x4:0x00000000 x21:0xe19d000e
      886639000	     44230	800098f8	3dd22c13	slti	x24,x4,989	  x4:0x00000000 x24=0x00000001
      886659000	     44231	800098fc	00b49d13	slli	x26,x9,0xb	  x9:0x00000000 x26=0x00000000
      886679000	     44232	80009900	08220113	addi	x2,x4,130	  x4:0x00000000  x2=0x00000082
      886699000	     44233	80009904	8ca1	c.xor	x9,x8	  x9:0x00000000  x8:0x00000010  x9=0x00000010
      886719000	     44234	80009906	6969	c.lui	x18,0x1a	 x18=0x0001a000
      886859000	     44241	80009908	28c0c613	xori	x12,x1,652	  x1:0x00000001 x12=0x0000028d
      886899000	     44243	8000990c	008bc463	blt	x23,x8,80009914	 x23:0x00000000  x8:0x00000010
      887879000	     44292	80009914	028e57b3	divu	x15,x28,x8	 x28:0x00013000  x8:0x00000010 x15=0x00001300
      887899000	     44293	80009918	00921113	slli	x2,x4,0x9	  x4:0x00000000  x2=0x00000000
      887939000	     44295	8000991c	0223fb33	remu	x22,x7,x2	  x7:0x00000000  x2:0x00000000 x22=0x00000000
      887959000	     44296	80009920	00919d13	slli	x26,x3,0x9	  x3:0x00000000 x26=0x00000000
      887979000	     44297	80009924	8dc1	c.or	x11,x8	 x11:0x00000000  x8:0x00000010 x11=0x00000010
      887999000	     44298	80009926	0109d233	srl	x4,x19,x16	 x19:0x80021e44 x16:0x00000013  x4=0x00001000
      888039000	     44300	8000992a	035592b3	mulh	x5,x11,x21	 x11:0x00000010 x21:0xe19d000e  x5=0xfffffffe
      888379000	     44317	8000992e	13aed0b7	lui	x1,0x13aed	  x1=0x13aed000
      888399000	     44318	80009932	e7030013	addi	x0,x6,-400	  x6:0xf8000000  x0=0x00000000
      888419000	     44319	80009936	8619	c.srai	x12,0x6	 x12:0x0000028d x12=0x0000000a
      888819000	     44339	80009938	cd99	c.beqz	x11,80009956	 x11:0x00000010
      888859000	     44341	8000993a	03175bb3	divu	x23,x14,x17	 x14:0xa9ae28f0 x17:0x00000000 x23=0xffffffff
      888879000	     44342	8000993e	098c	c.addi4spn	x11,x2,208	 x11=0x000000d0
      888899000	     44343	80009940	0001	c.addi	x0,0	  x0:0x00000000  x0=0x00000000
      888919000	     44344	80009942	ec19	c.bnez	x8,80009960	  x8:0x00000010
      889759000	     44386	80009960	65365817	auipc	x16,0x65365	 x16=0xe536e960
      890099000	     44403	80009964	e221	c.bnez	x12,800099a4	 x12:0x0000000a
      890599000	     44428	800099a4	cd9d	c.beqz	x11,800099e2	 x11:0x000000d0
      890619000	     44429	800099a6	eb09	c.bnez	x14,800099b8	 x14:0xa9ae28f0
      890979000	     44447	800099b8	00745f13	srli	x30,x8,0x7	  x8:0x00000010 x30=0x00000000
      890999000	     44448	800099bc	8791	c.srai	x15,0x4	 x15:0x00001300 x15=0x00000130
      891939000	     44495	800099be	0326f833	remu	x16,x13,x18	 x13:0x00000000 x18:0x0001a000 x16=0x00000000
      891959000	     44496	800099c2	8ee9	c.and	x13,x10	 x13:0x00000000 x10:0x00000000 x13=0x00000000
      891979000	     44497	800099c4	00addc33	srl	x24,x27,x10	 x27:0x80000000 x10:0x00000000 x24=0x80000000
      891999000	     44498	800099c8	8491	c.srai	x9,0x4	  x9:0x00000010  x9=0x00000001
      892019000	     44499	800099ca	0f45	c.addi	x30,17	 x30:0x00000000 x30=0x00000011
      892039000	     44500	800099cc	00ce5333	srl	x6,x28,x12	 x28:0x00013000 x12:0x0000000a  x6=0x0000004c
      892059000	     44501	800099d0	9926	c.add	x18,x9	 x18:0x0001a000  x9:0x00000001 x18=0x0001a001
      892199000	     44508	800099d2	407a5813	srai	x16,x20,0x7	 x20:0xf3a6c000 x16=0xffe74d80
      892299000	     44513	800099d6	0000100f	fence.i	
      893019000	     44549	800099da	bb59b313	sltiu	x6,x19,-1099	 x19:0x80021e44  x6=0x00000001
      893039000	     44550	800099de	008b9913	slli	x18,x23,0x8	 x23:0xffffffff x18=0xffffff00
      893059000	     44551	800099e2	2dbb3413	sltiu	x8,x22,731	 x22:0x00000000  x8=0x00000001
      893079000	     44552	800099e6	15fd	c.addi	x11,-1	 x11:0x000000d0 x11=0x000000cf
      893099000	     44553	800099e8	0e80	c.addi4spn	x8,x2,848	  x8=0x00000350
      893119000	     44554	800099ea	01e25f63	bge	x4,x30,80009a08	  x4:0x00001000 x30:0x00000011
      893319000	     44564	80009a08	6c65	c.lui	x24,0x19	 x24=0x00019000
      893379000	     44567	80009a0a	41900c33	sub	x24,x0,x25	  x0:0x00000000 x25:0x80025ce4 x24=0x7ffda31c
      893399000	     44568	80009a0e	40a15533	sra	x10,x2,x10	  x2:0x00000000 x10:0x00000000 x10=0x00000000
      893419000	     44569	80009a12	0001	c.addi	x0,0	  x0:0x00000000  x0=0x00000000
      893499000	     44573	80009a14	038c	c.addi4spn	x11,x2,448	 x11=0x000001c0
      893519000	     44574	80009a16	8785	c.srai	x15,0x1	 x15:0x00000130 x15=0x00000098
      893539000	     44575	80009a18	8e5d	c.or	x12,x15	 x12:0x0000000a x15:0x00000098 x12=0x0000009a
      893659000	     44581	80009a1a	88dc4613	xori	x12,x24,-1907	 x24:0x7ffda31c x12=0x80025b91
      893679000	     44582	80009a1e	68e9	c.lui	x17,0x1a	 x17=0x0001a000
      893879000	     44592	80009a20	00e40563	beq	x8,x14,80009a2a	  x8:0x00000350 x14:0xa9ae28f0
      894639000	     44630	80009a24	03ffd733	divu	x14,x31,x31	 x31:0x000045f0 x31:0x000045f0 x14=0x00000001
      894659000	     44631	80009a28	85c6	c.mv	x11,x17	  x0:0x00000000 x17:0x0001a000 x11=0x0001a000
      894679000	     44632	80009a2a	407f5893	srai	x17,x30,0x7	 x30:0x00000011 x17=0x00000000
      894759000	     44636	80009a2e	027f9a33	mulh	x20,x31,x7	 x31:0x000045f0  x7:0x00000000 x20=0x00000000
      894779000	     44637	80009a32	003b4a93	xori	x21,x22,3	 x22:0x00000000 x21=0x00000003
      894799000	     44638	80009a36	0c42	c.slli	x24,0x10	 x24:0x7ffda31c x24=0xa31c0000
      895079000	     44652	80009a38	00f53733	sltu	x14,x10,x15	 x10:0x00000000 x15:0x00000098 x14=0x00000001
      895099000	     44653	80009a3c	009bc333	xor	x6,x23,x9	 x23:0xffffffff  x9:0x00000001  x6=0xfffffffe
      895299000	     44663	80009a40	8d68af37	lui	x30,0x8d68a	 x30=0x8d68a000
      895339000	     44665	80009a44	03851d33	mulh	x26,x10,x24	 x10:0x00000000 x24:0xa31c0000 x26=0x00000000
      895419000	     44669	80009a48	031ab533	mulhu	x10,x21,x17	 x21:0x00000003 x17:0x00000000 x10=0x00000000
      895519000	     44674	80009a4c	1e94	c.addi4spn	x13,x2,880	 x13=0x00000370
      895539000	     44675	80009a4e	012b1293	slli	x5,x22,0x12	 x22:0x00000000  x5=0x00000000
      895599000	     44678	80009a52	411e0633	sub	x12,x28,x17	 x28:0x00013000 x17:0x00000000 x12=0x00013000
      895799000	     44688	80009a56	0ff0000f	fence	iorw,iorw	
      895819000	     44689	80009a5a	e30d	c.bnez	x14,80009a7c	 x14:0x00000001
      897219000	     44759	80009a7c	02bce6b3	rem	x13,x25,x11	 x25:0x80025ce4 x11:0x0001a000 x13=0xffff3ce4
      897239000	     44760	80009a80	40b25813	srai	x16,x4,0xb	  x4:0x00001000 x16=0x00000002
      897279000	     44762	80009a84	03809d33	mulh	x26,x1,x24	  x1:0x13aed000 x24:0xa31c0000 x26=0xf8dba58e
      897299000	     44763	80009a88	01ddae33	slt	x28,x27,x29	 x27:0x80000000 x29:0x00000000 x28=0x00000001
      897319000	     44764	80009a8c	007c91b3	sll	x3,x25,x7	 x25:0x80025ce4  x7:0x00000000  x3=0x80025ce4
      897339000	     44765	80009a90	4062dbb3	sra	x23,x5,x6	  x5:0x00000000  x6:0xfffffffe x23=0x00000000
      897379000	     44767	80009a94	02cf1533	mulh	x10,x30,x12	 x30:0x8d68a000 x12:0x00013000 x10=0xffff77ec
      897439000	     44770	80009a98	0086	c.slli	x1,0x1	  x1:0x13aed000  x1=0x275da000
      898319000	     44814	80009a9a	03a3ebb3	rem	x23,x7,x26	  x7:0x00000000 x26:0xf8dba58e x23=0x00000000
      898339000	     44815	80009a9e	e881	c.bnez	x9,80009aae	  x9:0x00000001
      898619000	     44829	80009aae	012baa33	slt	x20,x23,x18	 x23:0x00000000 x18:0xffffff00 x20=0x00000000
      898639000	     44830	80009ab2	97ae	c.add	x15,x11	 x15:0x00000098 x11:0x0001a000 x15=0x0001a098
      898659000	     44831	80009ab4	006fdb13	srli	x22,x31,0x6	 x31:0x000045f0 x22=0x00000117
      899059000	     44851	80009ab8	03433c33	mulhu	x24,x6,x20	  x6:0xfffffffe x20:0x00000000 x24=0x00000000
      899079000	     44852	80009abc	0001	c.addi	x0,0	  x0:0x00000000  x0=0x00000000
      899099000	     44853	80009abe	0184	c.addi4spn	x9,x2,192	  x9=0x000000c0
      899399000	     44868	80009ac0	026c8ab3	mul	x21,x25,x6	 x25:0x80025ce4  x6:0xfffffffe x21=0xfffb4638
      899419000	     44869	80009ac4	0048d493	srli	x9,x17,0x4	 x17:0x00000000  x9=0x00000000
      899499000	     44873	80009ac8	f1ca5d17	auipc	x26,0xf1ca5	 x26=0x71caeac8
      899659000	     44881	80009acc	01603333	sltu	x6,x0,x22	  x0:0x00000000 x22:0x00000117  x6=0x00000001
      899739000	     44885	80009ad0	0001	c.addi	x0,0	  x0:0x00000000  x0=0x00000000
      899759000	     44886	80009ad2	8eb9	c.xor	x13,x14	 x13:0xffff3ce4 x14:0x00000001 x13=0xffff3ce5
      899939000	     44895	80009ad4	55458037	lui	x0,0x55458	  x0=0x00000000
      899979000	     44897	80009ad8	0172f533	and	x10,x5,x23	  x5:0x00000000 x23:0x00000000 x10=0x00000000
      900179000	     44907	80009adc	00f26d63	bltu	x4,x15,80009af6	  x4:0x00001000 x15:0x0001a098
      901399000	     44968	80009af6	0351e233	rem	x4,x3,x21	  x3:0x80025ce4 x21:0xfffb4638  x4=0xfffdb24c
      901439000	     44970	80009afa	0354ae33	mulhsu	x28,x9,x21	  x9:0x00000000 x21:0xfffb4638 x28=0x00000000
      901459000	     44971	80009afe	0222fb63	bgeu	x5,x2,80009b34	  x5:0x00000000  x2:0x00000000
      903159000	     45056	80009b34	024b1763	bne	x22,x4,80009b62	 x22:0x00000117  x4:0xfffdb24c
      903879000	     45092	80009b62	0045f6b3	and	x13,x11,x4	 x11:0x0001a000  x4:0xfffdb24c x13=0x0001a000
      903899000	     45093	80009b66	6141	c.addi16sp	x2,16	  x2:0x00000000  x2=0x00000010
      903979000	     45097	80009b68	01bc46b3	xor	x13,x24,x27	 x24:0x00000000 x27:0x80000000 x13=0x80000000
      904319000	     45114	80009b6c	022436b3	mulhu	x13,x8,x2	  x8:0x00000350  x2:0x00000010 x13=0x00000000
      905059000	     45151	80009b70	030446b3	div	x13,x8,x16	  x8:0x00000350 x16:0x00000002 x13=0x000001a8
      905099000	     45153	80009b74	0293cfb3	div	x31,x7,x9	  x7:0x00000000  x9:0x00000000 x31=0xffffffff
      905119000	     45154	80009b78	049e	c.slli	x9,0x7	  x9:0x00000000  x9=0x00000000
      905139000	     45155	80009b7a	23994313	xori	x6,x18,569	 x18:0xffffff00  x6=0xfffffd39
      905159000	     45156	80009b7e	ce077497	auipc	x9,0xce077	  x9=0x4e080b7e
      905179000	     45157	80009b82	8d41	c.or	x10,x8	 x10:0x00000000  x8:0x00000350 x10=0x00000350
      905199000	     45158	80009b84	aadc8113	addi	x2,x25,-1363	 x25:0x80025ce4  x2=0x80025791
      905299000	     45163	80009b88	cd1d	c.beqz	x10,80009bc6	 x10:0x00000350
      905319000	     45164	80009b8a	24234a93	xori	x21,x6,578	  x6:0xfffffd39 x21=0xffffff7b
      905719000	     45184	80009b8e	4128d693	srai	x13,x17,0x12	 x17:0x00000000 x13=0x00000000
      905739000	     45185	80009b92	01706d33	or	x26,x0,x23	  x0:0x00000000 x23:0x00000000 x26=0x00000000
      905759000	     45186	80009b96	8e0d	c.sub	x12,x11	 x12:0x00013000 x11:0x0001a000 x12=0xffff9000
      905859000	     45191	80009b98	04868063	beq	x13,x8,80009bd8	 x13:0x00000000  x8:0x00000350
      905879000	     45192	80009b9c	717d	c.addi16sp	x2,-16	  x2:0x80025791  x2=0x80025781
      905899000	     45193	80009b9e	00851bb3	sll	x23,x10,x8	 x10:0x00000350  x8:0x00000350 x23=0x03500000
      905919000	     45194	80009ba2	40e45793	srai	x15,x8,0xe	  x8:0x00000350 x15=0x00000000
      906259000	     45211	80009ba6	308b3593	sltiu	x11,x22,776	 x22:0x00000117 x11=0x00000001
      906519000	     45224	80009baa	01896133	or	x2,x18,x24	 x18:0xffffff00 x24:0x00000000  x2=0xffffff00
      906739000	     45235	80009bae	bea83813	sltiu	x16,x16,-1046	 x16:0x00000002 x16=0x00000001
      907039000	     45250	80009bb2	e0218a13	addi	x20,x3,-510	  x3:0x80025ce4 x20=0x80025ae6
      907779000	     45287	80009bb6	02216233	rem	x4,x2,x2	  x2:0xffffff00  x2:0xffffff00  x4=0x00000000
      907799000	     45288	80009bba	f46c1e17	auipc	x28,0xf46c1	 x28=0x746cabba
      907819000	     45289	80009bbe	00049733	sll	x14,x9,x0	  x9:0x4e080b7e  x0:0x00000000 x14=0x4e080b7e
      907839000	     45290	80009bc2	587d	c.li	x16,-1	 x16=0xffffffff
      907859000	     45291	80009bc4	8ed1	c.or	x13,x12	 x13:0x00000000 x12:0xffff9000 x13=0xffff9000
      907879000	     45292	80009bc6	00353733	sltu	x14,x10,x3	 x10:0x00000350  x3:0x80025ce4 x14=0x00000001
      907899000	     45293	80009bca	717d	c.addi16sp	x2,-16	  x2:0xffffff00  x2=0xfffffef0
      907919000	     45294	80009bcc	00f5ebb7	lui	x23,0xf5e	 x23=0x00f5e000
      907939000	     45295	80009bd0	40de5013	srai	x0,x28,0xd	 x28:0x746cabba  x0=0x00000000
      907959000	     45296	80009bd4	6171	c.addi16sp	x2,336	  x2:0xfffffef0  x2=0x00000040
      907979000	     45297	80009bd6	0990	c.addi4spn	x12,x2,208	 x12=0x00000110
      907999000	     45298	80009bd8	0047d1b3	srl	x3,x15,x4	 x15:0x00000000  x4:0x00000000  x3=0x00000000
      908379000	     45317	80009bdc	0507c163	blt	x15,x16,80009c1e	 x15:0x00000000 x16:0xffffffff
      908399000	     45318	80009be0	8d31	c.xor	x10,x12	 x10:0x00000350 x12:0x00000110 x10=0x00000240
      909219000	     45359	80009be2	03bd4233	div	x4,x26,x27	 x26:0x00000000 x27:0x80000000  x4=0x00000000
      909239000	     45360	80009be6	4feb0413	addi	x8,x22,1278	 x22:0x00000117  x8=0x00000615
      909259000	     45361	80009bea	017c5e13	srli	x28,x24,0x17	 x24:0x00000000 x28=0x00000000
      909279000	     45362	80009bee	03af6a63	bltu	x30,x26,80009c22	 x30:0x8d68a000 x26:0x00000000
      909299000	     45363	80009bf2	e53842b7	lui	x5,0xe5384	  x5=0xe5384000
      909319000	     45364	80009bf6	02b21f63	bne	x4,x11,80009c34	  x4:0x00000000 x11:0x00000001
      909859000	     45391	80009c34	0001	c.addi	x0,0	  x0:0x00000000  x0=0x00000000
      909919000	     45394	80009c36	02872533	mulhsu	x10,x14,x8	 x14:0x00000001  x8:0x00000615 x10=0x00000000
      909939000	     45395	80009c3a	8a42	c.mv	x20,x16	  x0:0x00000000 x16:0xffffffff x20=0xffffffff
      910159000	     45406	80009c3c	03915d63	bge	x2,x25,80009c76	  x2:0x00000040 x25:0x80025ce4
      910999000	     45448	80009c76	02b78033	mul	x0,x15,x11	 x15:0x00000000 x11:0x00000001  x0=0x00000000
      911019000	     45449	80009c7a	0580	c.addi4spn	x8,x2,704	  x8=0x00000300
      911039000	     45450	80009c7c	882a	c.mv	x16,x10	  x0:0x00000000 x10:0x00000000 x16=0x00000000
      911059000	     45451	80009c7e	012a9a33	sll	x20,x21,x18	 x21:0xffffff7b x18:0xffffff00 x20=0xffffff7b
      911139000	     45455	80009c82	0264f363	bgeu	x9,x6,80009ca8	  x9:0x4e080b7e  x6:0xfffffd39
      911159000	     45456	80009c86	41bfd813	srai	x16,x31,0x1b	 x31:0xffffffff x16=0xffffffff
      911199000	     45458	80009c8a	e2666413	ori	x8,x12,-474	 x12:0x00000110  x8=0xffffff36
      911219000	     45459	80009c8e	0001	c.addi	x0,0	  x0:0x00000000  x0=0x00000000
      911439000	     45470	80009c90	01ebdc13	srli	x24,x23,0x1e	 x23:0x00f5e000 x24=0x00000000
      912179000	     45507	80009c94	03457eb3	remu	x29,x10,x20	 x10:0x00000000 x20:0xffffff7b x29=0x00000000
      912219000	     45509	80009c98	02075433	divu	x8,x14,x0	 x14:0x00000001  x0:0x00000000  x8=0xffffffff
      912239000	     45510	80009c9c	01060e63	beq	x12,x16,80009cb8	 x12:0x00000110 x16:0xffffffff
      912259000	     45511	80009ca0	043ee063	bltu	x29,x3,80009ce0	 x29:0x00000000  x3:0x00000000
      912279000	     45512	80009ca4	0001	c.addi	x0,0	  x0:0x00000000  x0=0x00000000
      912299000	     45513	80009ca6	8199	c.srli	x11,0x6	 x11:0x00000001 x11=0x00000000
      912479000	     45522	80009ca8	86ed	c.srai	x13,0x1b	 x13:0xffff9000 x13=0xffffffff
      912499000	     45523	80009caa	85102ab7	lui	x21,0x85102	 x21=0x85102000
      912519000	     45524	80009cae	32d31e97	auipc	x29,0x32d31	 x29=0xb2d3acae
      912539000	     45525	80009cb2	0780	c.addi4spn	x8,x2,960	  x8=0x00000400
      912919000	     45544	80009cb4	03324163	blt	x4,x19,80009cd6	  x4:0x00000000 x19:0x80021e44
      913679000	     45582	80009cb8	021bc2b3	div	x5,x23,x1	 x23:0x00f5e000  x1:0x275da000  x5=0x00000000
      913699000	     45583	80009cbc	024b7663	bgeu	x22,x4,80009ce8	 x22:0x00000117  x4:0x00000000
      913799000	     45588	80009ce8	c61d	c.beqz	x12,80009d16	 x12:0x00000110
      913819000	     45589	80009cea	02330933	mul	x18,x6,x3	  x6:0xfffffd39  x3:0x00000000 x18=0x00000000
      913839000	     45590	80009cee	8d0d	c.sub	x10,x11	 x10:0x00000000 x11:0x00000000 x10=0x00000000
      914659000	     45631	80009cf0	02d455b3	divu	x11,x8,x13	  x8:0x00000400 x13:0xffffffff x11=0x00000000
      914679000	     45632	80009cf4	8af5	c.andi	x13,29	 x13:0xffffffff x13=0x0000001d
      914699000	     45633	80009cf6	29957593	andi	x11,x10,665	 x10:0x00000000 x11=0x00000000
      914719000	     45634	80009cfa	0001	c.addi	x0,0	  x0:0x00000000  x0=0x00000000
      914739000	     45635	80009cfc	0001	c.addi	x0,0	  x0:0x00000000  x0=0x00000000
      914759000	     45636	80009cfe	8a0a7b93	andi	x23,x20,-1888	 x20:0xffffff7b x23=0xfffff820
      914779000	     45637	80009d02	41ee02b3	sub	x5,x28,x30	 x28:0x00000000 x30:0x8d68a000  x5=0x72976000
      914899000	     45643	80009d06	921fe693	ori	x13,x31,-1759	 x31:0xffffffff x13=0xffffffff
      914939000	     45645	80009d0a	023e3c33	mulhu	x24,x28,x3	 x28:0x00000000  x3:0x00000000 x24=0x00000000
      914959000	     45646	80009d0e	8f6a	c.mv	x30,x26	  x0:0x00000000 x26:0x00000000 x30=0x00000000
      914979000	     45647	80009d10	01209363	bne	x1,x18,80009d16	  x1:0x275da000 x18:0x00000000
      915859000	     45691	80009d16	6141	c.addi16sp	x2,16	  x2:0x00000040  x2=0x00000050
      915879000	     45692	80009d18	01f74f63	blt	x14,x31,80009d36	 x14:0x00000001 x31:0xffffffff
      915899000	     45693	80009d1c	0000100f	fence.i	
      916739000	     45735	80009d20	e333ba13	sltiu	x20,x7,-461	  x7:0x00000000 x20=0x00000001
      916759000	     45736	80009d24	00b4beb3	sltu	x29,x9,x11	  x9:0x4e080b7e x11:0x00000000 x29=0x00000000
      916779000	     45737	80009d28	034d	c.addi	x6,19	  x6:0xfffffd39  x6=0xfffffd4c
      916799000	     45738	80009d2a	419e8333	sub	x6,x29,x25	 x29:0x00000000 x25:0x80025ce4  x6=0x7ffda31c
      916819000	     45739	80009d2e	617d	c.addi16sp	x2,496	  x2:0x00000050  x2=0x00000240
      917559000	     45776	80009d30	03bfcc33	div	x24,x31,x27	 x31:0xffffffff x27:0x80000000 x24=0x00000000
      917579000	     45777	80009d34	8969	c.andi	x10,26	 x10:0x00000000 x10=0x00000000
      917619000	     45779	80009d36	03e8e433	rem	x8,x17,x30	 x17:0x00000000 x30:0x00000000  x8=0x00000000
      917639000	     45780	80009d3a	01b44863	blt	x8,x27,80009d4a	  x8:0x00000000 x27:0x80000000
      917659000	     45781	80009d3e	00dcf4b3	and	x9,x25,x13	 x25:0x80025ce4 x13:0xffffffff  x9=0x80025ce4
      917679000	     45782	80009d42	1c18	c.addi4spn	x14,x2,560	 x14=0x00000470
      917699000	     45783	80009d44	0176f333	and	x6,x13,x23	 x13:0xffffffff x23:0xfffff820  x6=0xfffff820
      918099000	     45803	80009d48	8c91	c.sub	x9,x12	  x9:0x80025ce4 x12:0x00000110  x9=0x80025bd4
      918119000	     45804	80009d4a	025ca393	slti	x7,x25,37	 x25:0x80025ce4  x7=0x00000001
      918139000	     45805	80009d4e	8ce1	c.and	x9,x8	  x9:0x80025bd4  x8:0x00000000  x9=0x00000000
      918179000	     45807	80009d50	02889a33	mulh	x20,x17,x8	 x17:0x00000000  x8:0x00000000 x20=0x00000000
      918199000	     45808	80009d54	9465c293	xori	x5,x11,-1722	 x11:0x00000000  x5=0xfffff946
      918519000	     45824	80009d58	1736c793	xori	x15,x13,371	 x13:0xffffffff x15=0xfffffe8c
      918539000	     45825	80009d5c	025a0963	beq	x20,x5,80009d8e	 x20:0x00000000  x5:0xfffff946
      918639000	     45830	80009d60	0ff0000f	fence	iorw,iorw	
      918799000	     45838	80009d64	40c95833	sra	x16,x18,x12	 x18:0x00000000 x12:0x00000110 x16=0x00000000
      918819000	     45839	80009d68	01ab5eb3	srl	x29,x22,x26	 x22:0x00000117 x26:0x00000000 x29=0x00000117
      919239000	     45860	80009d6c	6e5c1817	auipc	x16,0x6e5c1	 x16=0xee5cad6c
      919259000	     45861	80009d70	0001	c.addi	x0,0	  x0:0x00000000  x0=0x00000000
      919279000	     45862	80009d72	1008	c.addi4spn	x10,x2,32	 x10=0x00000260
      919299000	     45863	80009d74	86d1	c.srai	x13,0x14	 x13:0xffffffff x13=0xffffffff
      919319000	     45864	80009d76	011d82b3	add	x5,x27,x17	 x27:0x80000000 x17:0x00000000  x5=0x80000000
      919339000	     45865	80009d7a	ec9d	c.bnez	x9,80009db8	  x9:0x00000000
      919359000	     45866	80009d7c	00f8da33	srl	x20,x17,x15	 x17:0x00000000 x15:0xfffffe8c x20=0x00000000
      919759000	     45886	80009d80	0ff0000f	fence	iorw,iorw	
      920159000	     45906	80009d84	c915	c.beqz	x10,80009db8	 x10:0x00000260
      920179000	     45907	80009d86	0001	c.addi	x0,0	  x0:0x00000000  x0=0x00000000
      920319000	     45914	80009d88	cfede713	ori	x14,x27,-770	 x27:0x80000000 x14=0xfffffcfe
      920719000	     45934	80009d8c	638d	c.lui	x7,0x3	  x7=0x00003000
      921599000	     45978	80009d8e	0227f3b3	remu	x7,x15,x2	 x15:0xfffffe8c  x2:0x00000240  x7=0x000001cc
      921639000	     45980	80009d92	02209033	mulh	x0,x1,x2	  x1:0x275da000  x2:0x00000240  x0=0x00000000
      921659000	     45981	80009d96	8d69	c.and	x10,x10	 x10:0x00000260 x10:0x00000260 x10=0x00000260
      921679000	     45982	80009d98	1e98	c.addi4spn	x14,x2,880	 x14=0x000005b0
      921699000	     45983	80009d9a	00e073b3	and	x7,x0,x14	  x0:0x00000000 x14:0x000005b0  x7=0x00000000
      921719000	     45984	80009d9e	002fe1b3	or	x3,x31,x2	 x31:0xffffffff  x2:0x00000240  x3=0xffffffff
      921739000	     45985	80009da2	0ff0000f	fence	iorw,iorw	
      922059000	     46001	80009da6	02b074b3	remu	x9,x0,x11	  x0:0x00000000 x11:0x00000000  x9=0x00000000
      922079000	     46002	80009daa	0001	c.addi	x0,0	  x0:0x00000000  x0=0x00000000
      922299000	     46013	80009dac	40170c33	sub	x24,x14,x1	 x14:0x000005b0  x1:0x275da000 x24=0xd8a265b0
      922319000	     46014	80009db0	0134f2b3	and	x5,x9,x19	  x9:0x00000000 x19:0x80021e44  x5=0x00000000
      922739000	     46035	80009db4	01b06433	or	x8,x0,x27	  x0:0x00000000 x27:0x80000000  x8=0x80000000
      922759000	     46036	80009db8	01fad663	bge	x21,x31,80009dc4	 x21:0x85102000 x31:0xffffffff
      922919000	     46044	80009dbc	038d7d63	bgeu	x26,x24,80009df6	 x26:0x00000000 x24:0xd8a265b0
      922939000	     46045	80009dc0	00acfa33	and	x20,x25,x10	 x25:0x80025ce4 x10:0x00000260 x20=0x00000060
      923359000	     46066	80009dc4	02e0d563	bge	x1,x14,80009dee	  x1:0x275da000 x14:0x000005b0
      924799000	     46138	80009dee	03ad0a63	beq	x26,x26,80009e22	 x26:0x00000000 x26:0x00000000
      925299000	     46163	80009e22	8e21	c.xor	x12,x8	 x12:0x00000110  x8:0x80000000 x12=0x80000110
      925739000	     46185	80009e24	03ae1333	mulh	x6,x28,x26	 x28:0x00000000 x26:0x00000000  x6=0x00000000
      925919000	     46194	80009e28	6741	c.lui	x14,0x10	 x14=0x00010000
      926059000	     46201	80009e2a	50b825b7	lui	x11,0x50b82	 x11=0x50b82000
      926079000	     46202	80009e2e	01169d13	slli	x26,x13,0x11	 x13:0xffffffff x26=0xfffe0000
      926099000	     46203	80009e32	019bd193	srli	x3,x23,0x19	 x23:0xfffff820  x3=0x0000007f
      926279000	     46212	80009e36	0217fa63	bgeu	x15,x1,80009e6a	 x15:0xfffffe8c  x1:0x275da000
      927179000	     46257	80009e6a	f8f23813	sltiu	x16,x4,-113	  x4:0x00000000 x16=0x00000001
      927199000	     46258	80009e6e	008d3eb3	sltu	x29,x26,x8	 x26:0xfffe0000  x8:0x80000000 x29=0x00000000
      927219000	     46259	80009e72	8331	c.srli	x14,0xc	 x14:0x00010000 x14=0x00000010
      927239000	     46260	80009e74	8c6a	c.mv	x24,x26	  x0:0x00000000 x26:0xfffe0000 x24=0xfffe0000
      927259000	     46261	80009e76	0296	c.slli	x5,0x5	  x5:0x00000000  x5=0x00000000
      927659000	     46281	80009e78	00d99893	slli	x17,x19,0xd	 x19:0x80021e44 x17=0x43c88000
      927679000	     46282	80009e7c	022d8633	mul	x12,x27,x2	 x27:0x80000000  x2:0x00000240 x12=0x00000000
      927699000	     46283	80009e80	0001	c.addi	x0,0	  x0:0x00000000  x0=0x00000000
      927719000	     46284	80009e82	0000100f	fence.i	
      928339000	     46315	80009e86	40af5833	sra	x16,x30,x10	 x30:0x00000000 x10:0x00000260 x16=0x00000000
      928359000	     46316	80009e8a	62e1	c.lui	x5,0x18	  x5=0x00018000
      928379000	     46317	80009e8c	81fa	c.mv	x3,x30	  x0:0x00000000 x30:0x00000000  x3=0x00000000
      928599000	     46328	80009e8e	00cc6333	or	x6,x24,x12	 x24:0xfffe0000 x12:0x00000000  x6=0xfffe0000
      928619000	     46329	80009e92	02a1dd63	bge	x3,x10,80009ecc	  x3:0x00000000 x10:0x00000260
      928639000	     46330	80009e96	bb0761b7	lui	x3,0xbb076	  x3=0xbb076000
      928659000	     46331	80009e9a	108c	c.addi4spn	x11,x2,96	 x11=0x000002a0
      928679000	     46332	80009e9c	8c89	c.sub	x9,x10	  x9:0x00000000 x10:0x00000260  x9=0xfffffda0
      929019000	     46349	80009e9e	72396013	ori	x0,x18,1827	 x18:0x00000000  x0=0x00000000
      929759000	     46386	80009ea2	033df033	remu	x0,x27,x19	 x27:0x80000000 x19:0x80021e44  x0=0x00000000
      929779000	     46387	80009ea6	26b9a237	lui	x4,0x26b9a	  x4=0x26b9a000
      929799000	     46388	80009eaa	0471	c.addi	x8,28	  x8:0x80000000  x8=0x8000001c
      929819000	     46389	80009eac	0188fd33	and	x26,x17,x24	 x17:0x43c88000 x24:0xfffe0000 x26=0x43c80000
      929839000	     46390	80009eb0	86e2	c.mv	x13,x24	  x0:0x00000000 x24:0xfffe0000 x13=0xfffe0000
      929859000	     46391	80009eb2	00635713	srli	x14,x6,0x6	  x6:0xfffe0000 x14=0x03fff800
      929879000	     46392	80009eb6	a81f13b7	lui	x7,0xa81f1	  x7=0xa81f1000
      930619000	     46429	80009eba	0242d3b3	divu	x7,x5,x4	  x5:0x00018000  x4:0x26b9a000  x7=0x00000000
      930639000	     46430	80009ebe	01db9363	bne	x23,x29,80009ec4	 x23:0xfffff820 x29:0x00000000
      930719000	     46434	80009ec4	8dd5	c.or	x11,x13	 x11:0x000002a0 x13:0xfffe0000 x11=0xfffe02a0
      930739000	     46435	80009ec6	987d	c.andi	x8,-1	  x8:0x8000001c  x8=0x8000001c
      930919000	     46444	80009ec8	147d	c.addi	x8,-1	  x8:0x8000001c  x8=0x8000001b
      930939000	     46445	80009eca	8e31	c.xor	x12,x12	 x12:0x00000000 x12:0x00000000 x12=0x00000000
      930959000	     46446	80009ecc	f1a87f13	andi	x30,x16,-230	 x16:0x00000000 x30=0x00000000
      930979000	     46447	80009ed0	04900393	addi	x7,x0,73	  x0:0x00000000  x7=0x00000049
      931019000	     46449	80009ed4	02ec18b3	mulh	x17,x24,x14	 x24:0xfffe0000 x14:0x03fff800 x17=0xfffff800
      931079000	     46452	80009ed8	cebe4913	xori	x18,x28,-789	 x28:0x00000000 x18=0xfffffceb
      931319000	     46464	80009edc	075a	c.slli	x14,0x16	 x14:0x03fff800 x14=0x00000000
      931399000	     46468	80009ede	01037c63	bgeu	x6,x16,80009ef6	  x6:0xfffe0000 x16:0x00000000
      932739000	     46535	80009ef6	0339eab3	rem	x21,x19,x19	 x19:0x80021e44 x19:0x80021e44 x21=0x00000000
      932759000	     46536	80009efa	81b9	c.srli	x11,0xe	 x11:0xfffe02a0 x11=0x0003fff8
      932779000	     46537	80009efc	717d	c.addi16sp	x2,-16	  x2:0x00000240  x2=0x00000230
      932799000	     46538	80009efe	00c1a8b3	slt	x17,x3,x12	  x3:0xbb076000 x12:0x00000000 x17=0x00000001
      932839000	     46540	80009f02	031dbfb3	mulhu	x31,x27,x17	 x27:0x80000000 x17:0x00000001 x31=0x00000000
      932859000	     46541	80009f06	0196c433	xor	x8,x13,x25	 x13:0xfffe0000 x25:0x80025ce4  x8=0x7ffc5ce4
      932879000	     46542	80009f0a	01839d63	bne	x7,x24,80009f24	  x7:0x00000049 x24:0xfffe0000
      934219000	     46609	80009f24	02f17b33	remu	x22,x2,x15	  x2:0x00000230 x15:0xfffffe8c x22=0x00000230
      934239000	     46610	80009f28	6ea1	c.lui	x29,0x8	 x29=0x00008000
      934259000	     46611	80009f2a	8ea5	c.xor	x13,x9	 x13:0xfffe0000  x9:0xfffffda0 x13=0x0001fda0
      934279000	     46612	80009f2c	00440f33	add	x30,x8,x4	  x8:0x7ffc5ce4  x4:0x26b9a000 x30=0xa6b5fce4
      934299000	     46613	80009f30	0c284593	xori	x11,x16,194	 x16:0x00000000 x11=0x000000c2
      934319000	     46614	80009f34	87003a93	sltiu	x21,x0,-1936	  x0:0x00000000 x21=0x00000001
      934339000	     46615	80009f38	8f65	c.and	x14,x9	 x14:0x00000000  x9:0xfffffda0 x14=0x00000000
      934379000	     46617	80009f3a	02e1e0b3	rem	x1,x3,x14	  x3:0xbb076000 x14:0x00000000  x1=0xbb076000
      934399000	     46618	80009f3e	8f4d	c.or	x14,x11	 x14:0x00000000 x11:0x000000c2 x14=0x000000c2
      935239000	     46660	80009f40	03afe6b3	rem	x13,x31,x26	 x31:0x00000000 x26:0x43c80000 x13=0x00000000
      935979000	     46697	80009f44	0326dd33	divu	x26,x13,x18	 x13:0x00000000 x18:0xfffffceb x26=0x00000000
      936019000	     46699	80009f48	035d3533	mulhu	x10,x26,x21	 x26:0x00000000 x21:0x00000001 x10=0x00000000
      936039000	     46700	80009f4c	00f11913	slli	x18,x2,0xf	  x2:0x00000230 x18=0x01180000
      936059000	     46701	80009f50	c89ca393	slti	x7,x25,-887	 x25:0x80025ce4  x7=0x00000001
      936079000	     46702	80009f54	cf9d	c.beqz	x15,80009f92	 x15:0xfffffe8c
      936099000	     46703	80009f56	403cd533	sra	x10,x25,x3	 x25:0x80025ce4  x3:0xbb076000 x10=0x80025ce4
      936119000	     46704	80009f5a	011594b3	sll	x9,x11,x17	 x11:0x000000c2 x17:0x00000001  x9=0x00000184
      936419000	     46719	80009f5e	03a3c233	div	x4,x7,x26	  x7:0x00000001 x26:0x00000000  x4=0xffffffff
      936439000	     46720	80009f62	0093d013	srli	x0,x7,0x9	  x7:0x00000001  x0=0x00000000
      936459000	     46721	80009f66	5d29b793	sltiu	x15,x19,1490	 x19:0x80021e44 x15=0x00000000
      936479000	     46722	80009f6a	8721	c.srai	x14,0x8	 x14:0x000000c2 x14=0x00000000
      936499000	     46723	80009f6c	009252b3	srl	x5,x4,x9	  x4:0xffffffff  x9:0x00000184  x5=0x0fffffff
      936519000	     46724	80009f70	0001	c.addi	x0,0	  x0:0x00000000  x0=0x00000000
      936539000	     46725	80009f72	9842	c.add	x16,x16	 x16:0x00000000 x16:0x00000000 x16=0x00000000
      936579000	     46727	80009f74	407002b3	sub	x5,x0,x7	  x0:0x00000000  x7:0x00000001  x5=0xffffffff
      937019000	     46749	80009f78	02423bb3	mulhu	x23,x4,x4	  x4:0xffffffff  x4:0xffffffff x23=0xfffffffe
      937039000	     46750	80009f7c	8662	c.mv	x12,x24	  x0:0x00000000 x24:0xfffe0000 x12=0xfffe0000
      937059000	     46751	80009f7e	82f5	c.srli	x13,0x1d	 x13:0x00000000 x13=0x00000000
      937279000	     46762	80009f80	0000100f	fence.i	
      937999000	     46798	80009f84	005b5f33	srl	x30,x22,x5	 x22:0x00000230  x5:0xffffffff x30=0x00000000
      938159000	     46806	80009f88	8ab9	c.andi	x13,14	 x13:0x00000000 x13=0x00000000
      938359000	     46816	80009f8a	c68a4b93	xori	x23,x20,-920	 x20:0x00000060 x23=0xfffffc08
      938379000	     46817	80009f8e	be4c3fb7	lui	x31,0xbe4c3	 x31=0xbe4c3000
      938419000	     46819	80009f92	02be2933	mulhsu	x18,x28,x11	 x28:0x00000000 x11:0x000000c2 x18=0x00000000
      938819000	     46839	80009f96	039deb63	bltu	x27,x25,80009fcc	 x27:0x80000000 x25:0x80025ce4
      940099000	     46903	80009fcc	03ddd233	divu	x4,x27,x29	 x27:0x80000000 x29:0x00008000  x4=0x00010000
      940119000	     46904	80009fd0	8d35	c.xor	x10,x13	 x10:0x80025ce4 x13:0x00000000 x10=0x80025ce4
      940159000	     46906	80009fd2	02f3ac33	mulhsu	x24,x7,x15	  x7:0x00000001 x15:0x00000000 x24=0x00000000
      940179000	     46907	80009fd6	4f79	c.li	x30,30	 x30=0x0000001e
      940199000	     46908	80009fd8	84bd	c.srai	x9,0xf	  x9:0x00000184  x9=0x00000000
      940219000	     46909	80009fda	0ff0000f	fence	iorw,iorw	
      940239000	     46910	80009fde	8fd5	c.or	x15,x13	 x15:0x00000000 x13:0x00000000 x15=0x00000000
      940259000	     46911	80009fe0	039be163	bltu	x23,x25,8000a002	 x23:0xfffffc08 x25:0x80025ce4
      940279000	     46912	80009fe4	8c85	c.sub	x9,x9	  x9:0x00000000  x9:0x00000000  x9=0x00000000
      940319000	     46914	80009fe6	21592913	slti	x18,x18,533	 x18:0x00000000 x18=0x00000001
      940339000	     46915	80009fea	8041	c.srli	x8,0x10	  x8:0x7ffc5ce4  x8=0x00007ffc
      940519000	     46924	80009fec	03b45763	bge	x8,x27,8000a01a	  x8:0x00007ffc x27:0x80000000
      940859000	     46941	8000a01a	0169a6b3	slt	x13,x19,x22	 x19:0x80021e44 x22:0x00000230 x13=0x00000001
      941299000	     46963	8000a01e	03017f33	remu	x30,x2,x16	  x2:0x00000230 x16:0x00000000 x30=0x00000230
      941319000	     46964	8000a022	87bd	c.srai	x15,0xf	 x15:0x00000000 x15=0x00000000
      942839000	     47040	8000a024	14fd	c.addi	x9,-1	  x9:0x00000000  x9=0xffffffff
      942859000	     47041	8000a026	6c19c713	xori	x14,x19,1729	 x19:0x80021e44 x14=0x80021885
      942879000	     47042	8000a02a	51344ab7	lui	x21,0x51344	 x21=0x51344000
      942899000	     47043	8000a02e	717d	c.addi16sp	x2,-16	  x2:0x00000230  x2=0x00000220
      942919000	     47044	8000a030	974b2697	auipc	x13,0x974b2	 x13=0x174bc030
      942939000	     47045	8000a034	01c49ab3	sll	x21,x9,x28	  x9:0xffffffff x28:0x00000000 x21=0xffffffff
      943219000	     47059	8000a038	0347aa33	mulhsu	x20,x15,x20	 x15:0x00000000 x20:0x00000060 x20=0x00000000
      943239000	     47060	8000a03c	007ce663	bltu	x25,x7,8000a048	 x25:0x80025ce4  x7:0x00000001
      944219000	     47109	8000a040	027d4bb3	div	x23,x26,x7	 x26:0x00000000  x7:0x00000001 x23=0x00000000
      944239000	     47110	8000a044	01b26633	or	x12,x4,x27	  x4:0x00010000 x27:0x80000000 x12=0x80010000
      944259000	     47111	8000a048	03fd86b3	mul	x13,x27,x31	 x27:0x80000000 x31:0xbe4c3000 x13=0x00000000
      944279000	     47112	8000a04c	40ad5333	sra	x6,x26,x10	 x26:0x00000000 x10:0x80025ce4  x6=0x00000000
      944299000	     47113	8000a050	8ebd	c.xor	x13,x15	 x13:0x00000000 x15:0x00000000 x13=0x00000000
      944319000	     47114	8000a052	017220b3	slt	x1,x4,x23	  x4:0x00010000 x23:0x00000000  x1=0x00000000
      944339000	     47115	8000a056	9f4a	c.add	x30,x18	 x30:0x00000230 x18:0x00000001 x30=0x00000231
      944359000	     47116	8000a058	01ccec33	or	x24,x25,x28	 x25:0x80025ce4 x28:0x00000000 x24=0x80025ce4
      944539000	     47125	8000a05c	01b0c8b3	xor	x17,x1,x27	  x1:0x00000000 x27:0x80000000 x17=0x80000000
      944559000	     47126	8000a060	29efcb93	xori	x23,x31,670	 x31:0xbe4c3000 x23=0xbe4c329e
      944619000	     47129	8000a064	8d8d	c.sub	x11,x11	 x11:0x000000c2 x11:0x000000c2 x11=0x00000000
      944639000	     47130	8000a066	405fd293	srai	x5,x31,0x5	 x31:0xbe4c3000  x5=0xfdf26180
      944659000	     47131	8000a06a	8d9d	c.sub	x11,x15	 x11:0x00000000 x15:0x00000000 x11=0x00000000
      945059000	     47151	8000a06c	0103d263	bge	x7,x16,8000a070	  x7:0x00000001 x16:0x00000000
      945919000	     47194	8000a070	34a64493	xori	x9,x12,842	 x12:0x80010000  x9=0x8001034a
      946059000	     47201	8000a074	613d	c.addi16sp	x2,480	  x2:0x00000220  x2=0x00000400
      946079000	     47202	8000a076	04029263	bne	x5,x0,8000a0ba	  x5:0xfdf26180  x0:0x00000000
      946299000	     47213	8000a0ba	94f58593	addi	x11,x11,-1713	 x11:0x00000000 x11=0xfffff94f
      946419000	     47219	8000a0be	32a74313	xori	x6,x14,810	 x14:0x80021885  x6=0x80021baf
      946459000	     47221	8000a0c2	0327b7b3	mulhu	x15,x15,x18	 x15:0x00000000 x18:0x00000001 x15=0x00000000
      946519000	     47224	8000a0c6	010a1093	slli	x1,x20,0x10	 x20:0x00000000  x1=0x00000000
      946539000	     47225	8000a0ca	0fee	c.slli	x31,0x1b	 x31:0xbe4c3000 x31=0x00000000
      946579000	     47227	8000a0cc	1d7d	c.addi	x26,-1	 x26:0x00000000 x26=0xffffffff
      946599000	     47228	8000a0ce	5bfd	c.li	x23,-1	 x23=0xffffffff
      946759000	     47236	8000a0d0	7986fd13	andi	x26,x13,1944	 x13:0x00000000 x26=0x00000000
      946779000	     47237	8000a0d4	8cf1	c.and	x9,x12	  x9:0x8001034a x12:0x80010000  x9=0x80010000
      946799000	     47238	8000a0d6	cea5d237	lui	x4,0xcea5d	  x4=0xcea5d000
      946819000	     47239	8000a0da	8051	c.srli	x8,0x14	  x8:0x00007ffc  x8=0x00000000
      947559000	     47276	8000a0dc	024bc933	div	x18,x23,x4	 x23:0xffffffff  x4:0xcea5d000 x18=0x00000000
      947579000	     47277	8000a0e0	9e5b2913	slti	x18,x22,-1563	 x22:0x00000230 x18=0x00000000
      947599000	     47278	8000a0e4	0366ea63	bltu	x13,x22,8000a118	 x13:0x00000000 x22:0x00000230
      947679000	     47282	8000a118	17fd	c.addi	x15,-1	 x15:0x00000000 x15=0xffffffff
      947699000	     47283	8000a11a	69b98e17	auipc	x28,0x69b98	 x28=0xe9ba211a
      947719000	     47284	8000a11e	c615	c.beqz	x12,8000a14a	 x12:0x80010000
      947879000	     47292	8000a120	03f4f8b3	remu	x17,x9,x31	  x9:0x80010000 x31:0x00000000 x17=0x80010000
      947919000	     47294	8000a124	03b63633	mulhu	x12,x12,x27	 x12:0x80010000 x27:0x80000000 x12=0x40008000
      947939000	     47295	8000a128	01781493	slli	x9,x16,0x17	 x16:0x00000000  x9=0x00000000
      947959000	     47296	8000a12c	008ce733	or	x14,x25,x8	 x25:0x80025ce4  x8:0x00000000 x14=0x80025ce4
      947999000	     47298	8000a130	00208233	add	x4,x1,x2	  x1:0x00000000  x2:0x00000400  x4=0x00000400
      948019000	     47299	8000a134	928a	c.add	x5,x2	  x5:0xfdf26180  x2:0x00000400  x5=0xfdf26580
      948039000	     47300	8000a136	8ead	c.xor	x13,x11	 x13:0x00000000 x11:0xfffff94f x13=0xfffff94f
      948099000	     47303	8000a138	b78b2813	slti	x16,x22,-1160	 x22:0x00000230 x16=0x00000000
      948519000	     47324	8000a13c	00fd26b3	slt	x13,x26,x15	 x26:0x00000000 x15:0xffffffff x13=0x00000000
      949399000	     47368	8000a140	03cb4433	div	x8,x22,x28	 x22:0x00000230 x28:0xe9ba211a  x8=0x00000000
      949419000	     47369	8000a144	0925	c.addi	x18,9	 x18:0x00000000 x18=0x00000009
      949439000	     47370	8000a146	00258833	add	x16,x11,x2	 x11:0xfffff94f  x2:0x00000400 x16=0xfffffd4f
      949479000	     47372	8000a14a	03bd21b3	mulhsu	x3,x26,x27	 x26:0x00000000 x27:0x80000000  x3=0x00000000
      949499000	     47373	8000a14e	b602a493	slti	x9,x5,-1184	  x5:0xfdf26580  x9=0x00000001
      949519000	     47374	8000a152	cf459f37	lui	x30,0xcf459	 x30=0xcf459000
      949539000	     47375	8000a156	4875	c.li	x16,29	 x16=0x0000001d
      950279000	     47412	8000a158	02594d33	div	x26,x18,x5	 x18:0x00000009  x5:0xfdf26580 x26=0x00000000
      950299000	     47413	8000a15c	1d06e213	ori	x4,x13,464	 x13:0x00000000  x4=0x000001d0
      950319000	     47414	8000a160	cb9d	c.beqz	x15,8000a196	 x15:0xffffffff
      950339000	     47415	8000a162	0001	c.addi	x0,0	  x0:0x00000000  x0=0x00000000
      950359000	     47416	8000a164	6115	c.addi16sp	x2,288	  x2:0x00000400  x2=0x00000520
      950379000	     47417	8000a166	0001	c.addi	x0,0	  x0:0x00000000  x0=0x00000000
      950399000	     47418	8000a168	40d95413	srai	x8,x18,0xd	 x18:0x00000009  x8=0x00000000
      950419000	     47419	8000a16c	b9837e93	andi	x29,x6,-1128	  x6:0x80021baf x29=0x80021b88
      950439000	     47420	8000a170	001ad333	srl	x6,x21,x1	 x21:0xffffffff  x1:0x00000000  x6=0xffffffff
      950499000	     47423	8000a174	03f4e133	rem	x2,x9,x31	  x9:0x00000001 x31:0x00000000  x2=0x00000001
      950519000	     47424	8000a178	00574833	xor	x16,x14,x5	 x14:0x80025ce4  x5:0xfdf26580 x16=0x7df03964
      950679000	     47432	8000a17c	003b1a13	slli	x20,x22,0x3	 x22:0x00000230 x20=0x00001180
      950699000	     47433	8000a180	40ab5d13	srai	x26,x22,0xa	 x22:0x00000230 x26=0x00000000
      950719000	     47434	8000a184	0889d3b7	lui	x7,0x889d	  x7=0x0889d000
      951639000	     47480	8000a188	0226cab3	div	x21,x13,x2	 x13:0x00000000  x2:0x00000001 x21=0x00000000
      951679000	     47482	8000a18c	0356ffb3	remu	x31,x13,x21	 x13:0x00000000 x21:0x00000000 x31=0x00000000
      951699000	     47483	8000a190	c801	c.beqz	x8,8000a1a0	  x8:0x00000000
      951979000	     47497	8000a1a0	13a9f397	auipc	x7,0x13a9f	  x7=0x93aa91a0
      951999000	     47498	8000a1a4	0000100f	fence.i	
      952939000	     47545	8000a1a8	8ccd	c.or	x9,x11	  x9:0x00000001 x11:0xfffff94f  x9=0xfffff94f
      952959000	     47546	8000a1aa	ace3e693	ori	x13,x7,-1330	  x7:0x93aa91a0 x13=0xfffffbee
      953099000	     47553	8000a1ae	022002b3	mul	x5,x0,x2	  x0:0x00000000  x2:0x00000001  x5=0x00000000
      953139000	     47555	8000a1b2	028fd8b3	divu	x17,x31,x8	 x31:0x00000000  x8:0x00000000 x17=0xffffffff
      953159000	     47556	8000a1b6	00e353b3	srl	x7,x6,x14	  x6:0xffffffff x14:0x80025ce4  x7=0x0fffffff
      953339000	     47565	8000a1ba	01302c33	slt	x24,x0,x19	  x0:0x00000000 x19:0x80021e44 x24=0x00000000
      953379000	     47567	8000a1be	01311eb3	sll	x29,x2,x19	  x2:0x00000001 x19:0x80021e44 x29=0x00000010
      954119000	     47604	8000a1c2	02f565b3	rem	x11,x10,x15	 x10:0x80025ce4 x15:0xffffffff x11=0x00000000
      954139000	     47605	8000a1c6	81fd	c.srli	x11,0x1f	 x11:0x00000000 x11=0x00000000
      954159000	     47606	8000a1c8	8611	c.srai	x12,0x4	 x12:0x40008000 x12=0x04000800
      954179000	     47607	8000a1ca	8c41	c.or	x8,x8	  x8:0x00000000  x8:0x00000000  x8=0x00000000
      954199000	     47608	8000a1cc	0001	c.addi	x0,0	  x0:0x00000000  x0=0x00000000
      954219000	     47609	8000a1ce	0001	c.addi	x0,0	  x0:0x00000000  x0=0x00000000
      954239000	     47610	8000a1d0	02d78833	mul	x16,x15,x13	 x15:0xffffffff x13:0xfffffbee x16=0x00000412
      954259000	     47611	8000a1d4	416c0833	sub	x16,x24,x22	 x24:0x00000000 x22:0x00000230 x16=0xfffffdd0
      954279000	     47612	8000a1d8	6b734517	auipc	x10,0x6b734	 x10=0xeb73e1d8
      955019000	     47649	8000a1dc	032b7733	remu	x14,x22,x18	 x22:0x00000230 x18:0x00000009 x14=0x00000002
      955039000	     47650	8000a1e0	03f70263	beq	x14,x31,8000a204	 x14:0x00000002 x31:0x00000000
      955079000	     47652	8000a1e4	025aaa33	mulhsu	x20,x21,x5	 x21:0x00000000  x5:0x00000000 x20=0x00000000
      955099000	     47653	8000a1e8	857d	c.srai	x10,0x1f	 x10:0xeb73e1d8 x10=0xffffffff
      955119000	     47654	8000a1ea	5718d117	auipc	x2,0x5718d	  x2=0xd71971ea
      955139000	     47655	8000a1ee	6105	c.addi16sp	x2,32	  x2:0xd71971ea  x2=0xd719720a
      955419000	     47669	8000a1f0	00c702b3	add	x5,x14,x12	 x14:0x00000002 x12:0x04000800  x5=0x04000802
      955519000	     47674	8000a1f4	99fd	c.andi	x11,-1	 x11:0x00000000 x11=0x00000000
      956359000	     47716	8000a1f6	02fa4033	div	x0,x20,x15	 x20:0x00000000 x15:0xffffffff  x0=0x00000000
      956379000	     47717	8000a1fa	0096	c.slli	x1,0x5	  x1:0x00000000  x1=0x00000000
      956399000	     47718	8000a1fc	4219a313	slti	x6,x19,1057	 x19:0x80021e44  x6=0x00000001
      956419000	     47719	8000a200	00ed1413	slli	x8,x26,0xe	 x26:0x00000000  x8=0x00000000
      956439000	     47720	8000a204	000fa6b3	slt	x13,x31,x0	 x31:0x00000000  x0:0x00000000 x13=0x00000000
      956459000	     47721	8000a208	8f09	c.sub	x14,x10	 x14:0x00000002 x10:0xffffffff x14=0x00000003
      956479000	     47722	8000a20a	01f75193	srli	x3,x14,0x1f	 x14:0x00000003  x3=0x00000000
      956499000	     47723	8000a20e	8331	c.srli	x14,0xc	 x14:0x00000003 x14=0x00000000
      956539000	     47725	8000a210	03fd43b3	div	x7,x26,x31	 x26:0x00000000 x31:0x00000000  x7=0xffffffff
      956679000	     47732	8000a214	88bd	c.andi	x9,15	  x9:0xfffff94f  x9=0x0000000f
      956919000	     47744	8000a216	0000100f	fence.i	
      957239000	     47760	8000a21a	02a12d33	mulhsu	x26,x2,x10	  x2:0xd719720a x10:0xffffffff x26=0xd719720a
      957259000	     47761	8000a21e	0001	c.addi	x0,0	  x0:0x00000000  x0=0x00000000
      957279000	     47762	8000a220	8f51	c.or	x14,x12	 x14:0x00000000 x12:0x04000800 x14=0x04000800
      957679000	     47782	8000a222	029722b3	mulhsu	x5,x14,x9	 x14:0x04000800  x9:0x0000000f  x5=0x00000000
      957699000	     47783	8000a226	974a	c.add	x14,x18	 x14:0x04000800 x18:0x00000009 x14=0x04000809
      957719000	     47784	8000a228	01a8b833	sltu	x16,x17,x26	 x17:0xffffffff x26:0xd719720a x16=0x00000000
      957819000	     47789	8000a22c	012cf633	and	x12,x25,x18	 x25:0x80025ce4 x18:0x00000009 x12=0x00000000
      957859000	     47791	8000a230	03c3ab33	mulhsu	x22,x7,x28	  x7:0xffffffff x28:0xe9ba211a x22=0xffffffff
      957879000	     47792	8000a234	005d9c33	sll	x24,x27,x5	 x27:0x80000000  x5:0x00000000 x24=0x80000000
      957899000	     47793	8000a238	00e31e33	sll	x28,x6,x14	  x6:0x00000001 x14:0x04000809 x28=0x00000200
      957919000	     47794	8000a23c	8ec9	c.or	x13,x10	 x13:0x00000000 x10:0xffffffff x13=0xffffffff
      957939000	     47795	8000a23e	032a	c.slli	x6,0xa	  x6:0x00000001  x6=0x00000400
      958139000	     47805	8000a240	0287b833	mulhu	x16,x15,x8	 x15:0xffffffff  x8:0x00000000 x16=0x00000000
      958419000	     47819	8000a244	02cc94b3	mulh	x9,x25,x12	 x25:0x80025ce4 x12:0x00000000  x9=0x00000000
      958439000	     47820	8000a248	010fd113	srli	x2,x31,0x10	 x31:0x00000000  x2=0x00000000
      958559000	     47826	8000a24c	023690b3	mulh	x1,x13,x3	 x13:0xffffffff  x3:0x00000000  x1=0x00000000
      958959000	     47846	8000a250	0001	c.addi	x0,0	  x0:0x00000000  x0=0x00000000
      959339000	     47865	8000a252	05998063	beq	x19,x25,8000a292	 x19:0x80021e44 x25:0x80025ce4
      959359000	     47866	8000a256	03de	c.slli	x7,0x17	  x7:0xffffffff  x7=0xff800000
      959379000	     47867	8000a258	00fdf633	and	x12,x27,x15	 x27:0x80000000 x15:0xffffffff x12=0x80000000
      959779000	     47887	8000a25c	8ce9	c.and	x9,x10	  x9:0x00000000 x10:0xffffffff  x9=0x00000000
      959919000	     47894	8000a25e	02065d33	divu	x26,x12,x0	 x12:0x80000000  x0:0x00000000 x26=0xffffffff
      960039000	     47900	8000a262	03e89c33	mulh	x24,x17,x30	 x17:0xffffffff x30:0xcf459000 x24=0x00000000
      960059000	     47901	8000a266	61c1	c.lui	x3,0x10	  x3=0x00010000
      960279000	     47912	8000a268	00c69f93	slli	x31,x13,0xc	 x13:0xffffffff x31=0xfffff000
      960299000	     47913	8000a26c	a492fa13	andi	x20,x5,-1463	  x5:0x00000000 x20=0x00000000
      960319000	     47914	8000a270	013c56b3	srl	x13,x24,x19	 x24:0x00000000 x19:0x80021e44 x13=0x00000000
      960339000	     47915	8000a274	005bd833	srl	x16,x23,x5	 x23:0xffffffff  x5:0x00000000 x16=0xffffffff
      960359000	     47916	8000a278	40bfdf93	srai	x31,x31,0xb	 x31:0xfffff000 x31=0xfffffffe
      960379000	     47917	8000a27c	2f025737	lui	x14,0x2f025	 x14=0x2f025000
      960819000	     47939	8000a280	9afd	c.andi	x13,-1	 x13:0x00000000 x13=0x00000000
      961239000	     47960	8000a282	02318933	mul	x18,x3,x3	  x3:0x00010000  x3:0x00010000 x18=0x00000000
      961259000	     47961	8000a286	90cba313	slti	x6,x23,-1780	 x23:0xffffffff  x6=0x00000000
      961679000	     47982	8000a28a	01f53333	sltu	x6,x10,x31	 x10:0xffffffff x31:0xfffffffe  x6=0x00000000
      961699000	     47983	8000a28e	4c59f813	andi	x16,x19,1221	 x19:0x80021e44 x16=0x00000444
      962439000	     48020	8000a292	03bce4b3	rem	x9,x25,x27	 x25:0x80025ce4 x27:0x80000000  x9=0x80025ce4
      962459000	     48021	8000a296	b2427b13	andi	x22,x4,-1244	  x4:0x000001d0 x22=0x00000100
      962479000	     48022	8000a29a	00f3f7b3	and	x15,x7,x15	  x7:0xff800000 x15:0xffffffff x15=0xff800000
      962499000	     48023	8000a29e	8d19	c.sub	x10,x14	 x10:0xffffffff x14:0x2f025000 x10=0xd0fdafff
      962519000	     48024	8000a2a0	6609	c.lui	x12,0x2	 x12=0x00002000
      962539000	     48025	8000a2a2	00e5d813	srli	x16,x11,0xe	 x11:0x00000000 x16=0x00000000
      962559000	     48026	8000a2a6	14fd	c.addi	x9,-1	  x9:0x80025ce4  x9=0x80025ce3
      962579000	     48027	8000a2a8	8c49	c.or	x8,x10	  x8:0x00000000 x10:0xd0fdafff  x8=0xd0fdafff
      963319000	     48064	8000a2aa	03d0e033	rem	x0,x1,x29	  x1:0x00000000 x29:0x00000010  x0=0x00000000
      963339000	     48065	8000a2ae	1b08	c.addi4spn	x10,x2,432	 x10=0x000001b0
      963359000	     48066	8000a2b0	00b37133	and	x2,x6,x11	  x6:0x00000000 x11:0x00000000  x2=0x00000000
      963379000	     48067	8000a2b4	6073fab7	lui	x21,0x6073f	 x21=0x6073f000
      964119000	     48104	8000a2b8	02ccea33	rem	x20,x25,x12	 x25:0x80025ce4 x12:0x00002000 x20=0xfffffce4
      964139000	     48105	8000a2bc	040c1063	bne	x24,x0,8000a2fc	 x24:0x00000000  x0:0x00000000
      964159000	     48106	8000a2c0	e399	c.bnez	x15,8000a2c6	 x15:0xff800000
      964219000	     48109	8000a2c6	0000100f	fence.i	
      964959000	     48146	8000a2ca	00bf5813	srli	x16,x30,0xb	 x30:0xcf459000 x16=0x0019e8b2
      964979000	     48147	8000a2ce	486d	c.li	x16,27	 x16=0x0000001b
      965379000	     48167	8000a2d0	6a7d	c.lui	x20,0x1f	 x20=0x0001f000
      965439000	     48170	8000a2d2	00085863	bge	x16,x0,8000a2e2	 x16:0x0000001b  x0:0x00000000
      966199000	     48208	8000a2e2	01639d13	slli	x26,x7,0x16	  x7:0xff800000 x26=0x00000000
      966219000	     48209	8000a2e6	0162c4b3	xor	x9,x5,x22	  x5:0x00000000 x22:0x00000100  x9=0x00000100
      966239000	     48210	8000a2ea	01c5	c.addi	x3,17	  x3:0x00010000  x3=0x00010011
      966399000	     48218	8000a2ec	4093d8b3	sra	x17,x7,x9	  x7:0xff800000  x9:0x00000100 x17=0xff800000
      966419000	     48219	8000a2f0	001c0933	add	x18,x24,x1	 x24:0x00000000  x1:0x00000000 x18=0x00000000
      966439000	     48220	8000a2f4	04c8e163	bltu	x17,x12,8000a336	 x17:0xff800000 x12:0x00002000
      966619000	     48229	8000a2f8	86a36213	ori	x4,x6,-1942	  x6:0x00000000  x4=0xfffff86a
      966739000	     48235	8000a2fc	dd494813	xori	x16,x18,-556	 x18:0x00000000 x16=0xfffffdd4
      966759000	     48236	8000a300	577d	c.li	x14,-1	 x14=0xffffffff
      966779000	     48237	8000a302	01fc8a33	add	x20,x25,x31	 x25:0x80025ce4 x31:0xfffffffe x20=0x80025ce2
      967119000	     48254	8000a306	528a3113	sltiu	x2,x20,1320	 x20:0x80025ce2  x2=0x00000000
      967179000	     48257	8000a30a	0002fa63	bgeu	x5,x0,8000a31e	  x5:0x00000000  x0:0x00000000
      967779000	     48287	8000a31e	0ff0000f	fence	iorw,iorw	
      967799000	     48288	8000a322	01306a33	or	x20,x0,x19	  x0:0x00000000 x19:0x80021e44 x20=0x80021e44
      967819000	     48289	8000a326	010b4933	xor	x18,x22,x16	 x22:0x00000100 x16:0xfffffdd4 x18=0xfffffcd4
      968219000	     48309	8000a32a	001803b3	add	x7,x16,x1	 x16:0xfffffdd4  x1:0x00000000  x7=0xfffffdd4
      968419000	     48319	8000a32e	02b78663	beq	x15,x11,8000a35a	 x15:0xff800000 x11:0x00000000
      968439000	     48320	8000a332	0041d213	srli	x4,x3,0x4	  x3:0x00010011  x4=0x00001001
      968459000	     48321	8000a336	00b59f13	slli	x30,x11,0xb	 x11:0x00000000 x30=0x00000000
      968479000	     48322	8000a33a	8011	c.srli	x8,0x4	  x8:0xd0fdafff  x8=0x0d0fdaff
      968499000	     48323	8000a33c	01ff6e63	bltu	x30,x31,8000a358	 x30:0x00000000 x31:0xfffffffe
      968959000	     48346	8000a358	cc85	c.beqz	x9,8000a390	  x9:0x00000100
      968979000	     48347	8000a35a	6119	c.addi16sp	x2,384	  x2:0x00000000  x2=0x00000180
      968999000	     48348	8000a35c	00508833	add	x16,x1,x5	  x1:0x00000000  x5:0x00000000 x16=0x00000000
      969159000	     48356	8000a360	0052df13	srli	x30,x5,0x5	  x5:0x00000000 x30=0x00000000
      969179000	     48357	8000a364	0196a233	slt	x4,x13,x25	 x13:0x00000000 x25:0x80025ce4  x4=0x00000000
      969199000	     48358	8000a368	00d60763	beq	x12,x13,8000a376	 x12:0x00002000 x13:0x00000000
      969219000	     48359	8000a36c	0ff0000f	fence	iorw,iorw	
      969379000	     48367	8000a370	5b7d	c.li	x22,-1	 x22=0xffffffff
      969399000	     48368	8000a372	8191	c.srli	x11,0x4	 x11:0x00000000 x11=0x00000000
      969499000	     48373	8000a374	8d31	c.xor	x10,x12	 x10:0x000001b0 x12:0x00002000 x10=0x000021b0
      969519000	     48374	8000a376	813d	c.srli	x10,0xf	 x10:0x000021b0 x10=0x00000000
      970319000	     48414	8000a378	03fc47b3	div	x15,x24,x31	 x24:0x00000000 x31:0xfffffffe x15=0x00000000
      970339000	     48415	8000a37c	069e	c.slli	x13,0x7	 x13:0x00000000 x13=0x00000000
      970359000	     48416	8000a37e	0ff0000f	fence	iorw,iorw	
      970379000	     48417	8000a382	018cc963	blt	x25,x24,8000a394	 x25:0x80025ce4 x24:0x00000000
      970699000	     48433	8000a394	410405b3	sub	x11,x8,x16	  x8:0x0d0fdaff x16:0x00000000 x11=0x0d0fdaff
      970779000	     48437	8000a398	005ed313	srli	x6,x29,0x5	 x29:0x00000010  x6=0x00000000
      970799000	     48438	8000a39c	071c	c.addi4spn	x15,x2,896	 x15=0x00000500
      970979000	     48447	8000a39e	01d43533	sltu	x10,x8,x29	  x8:0x0d0fdaff x29:0x00000010 x10=0x00000000
      970999000	     48448	8000a3a2	07ea	c.slli	x15,0x1a	 x15:0x00000500 x15=0x00000000
      971239000	     48460	8000a3a4	8391	c.srli	x15,0x4	 x15:0x00000000 x15=0x00000000
      971419000	     48469	8000a3a6	05080163	beq	x16,x16,8000a3e8	 x16:0x00000000 x16:0x00000000
      972679000	     48532	8000a3e8	00d08733	add	x14,x1,x13	  x1:0x00000000 x13:0x00000000 x14=0x00000000
      972699000	     48533	8000a3ec	00b89e63	bne	x17,x11,8000a408	 x17:0xff800000 x11:0x0d0fdaff
      972959000	     48546	8000a408	9236	c.add	x4,x13	  x4:0x00000000 x13:0x00000000  x4=0x00000000
      972999000	     48548	8000a40a	03440363	beq	x8,x20,8000a430	  x8:0x0d0fdaff x20:0x80021e44
      973039000	     48550	8000a40e	0292a5b3	mulhsu	x11,x5,x9	  x5:0x00000000  x9:0x00000100 x11=0x00000000
      973059000	     48551	8000a412	1488	c.addi4spn	x10,x2,608	 x10=0x000003e0
      973319000	     48564	8000a414	2f960b93	addi	x23,x12,761	 x12:0x00002000 x23=0x000022f9
      973339000	     48565	8000a418	9c4e	c.add	x24,x19	 x24:0x00000000 x19:0x80021e44 x24=0x80021e44
      973359000	     48566	8000a41a	40985793	srai	x15,x16,0x9	 x16:0x00000000 x15=0x00000000
      974099000	     48603	8000a41e	028bc7b3	div	x15,x23,x8	 x23:0x000022f9  x8:0x0d0fdaff x15=0x00000000
      974119000	     48604	8000a422	b918a293	slti	x5,x17,-1135	 x17:0xff800000  x5=0x00000001
      974139000	     48605	8000a426	01ab1c33	sll	x24,x22,x26	 x22:0xffffffff x26:0x00000000 x24=0xffffffff
      974879000	     48642	8000a42a	0278d033	divu	x0,x17,x7	 x17:0xff800000  x7:0xfffffdd4  x0=0x00000000
      974899000	     48643	8000a42e	8092	c.mv	x1,x4	  x0:0x00000000  x4:0x00000000  x1=0x00000000
      974919000	     48644	8000a430	0017b8b3	sltu	x17,x15,x1	 x15:0x00000000  x1:0x00000000 x17=0x00000000
      974939000	     48645	8000a434	117d	c.addi	x2,-1	  x2:0x00000180  x2=0x0000017f
      974979000	     48647	8000a436	02aa2ab3	mulhsu	x21,x20,x10	 x20:0x80021e44 x10:0x000003e0 x21=0xfffffe10
      974999000	     48648	8000a43a	81d9	c.srli	x11,0x16	 x11:0x00000000 x11=0x00000000
      975019000	     48649	8000a43c	003a72b3	and	x5,x20,x3	 x20:0x80021e44  x3:0x00010011  x5=0x00000000
      975039000	     48650	8000a440	a536b413	sltiu	x8,x13,-1453	 x13:0x00000000  x8=0x00000001
      975059000	     48651	8000a444	8ccd	c.or	x9,x11	  x9:0x00000100 x11:0x00000000  x9=0x00000100
      975219000	     48659	8000a446	a35a2713	slti	x14,x20,-1483	 x20:0x80021e44 x14=0x00000001
      975599000	     48678	8000a44a	021c6a33	rem	x20,x24,x1	 x24:0xffffffff  x1:0x00000000 x20=0xffffffff
      976419000	     48719	8000a44e	0278f5b3	remu	x11,x17,x7	 x17:0x00000000  x7:0xfffffdd4 x11=0x00000000
      976439000	     48720	8000a452	01dd	c.addi	x3,23	  x3:0x00010011  x3=0x00010028
      976459000	     48721	8000a454	9816	c.add	x16,x5	 x16:0x00000000  x5:0x00000000 x16=0x00000000
      976499000	     48723	8000a456	036d16b3	mulh	x13,x26,x22	 x26:0x00000000 x22:0xffffffff x13=0x00000000
      976519000	     48724	8000a45a	0c10	c.addi4spn	x12,x2,528	 x12=0x0000038f
      976539000	     48725	8000a45c	05971063	bne	x14,x25,8000a49c	 x14:0x00000001 x25:0x80025ce4
      977219000	     48759	8000a49c	2141cc17	auipc	x24,0x2141c	 x24=0xa142649c
      977559000	     48776	8000a4a0	0000100f	fence.i	
      977759000	     48786	8000a4a4	8009	c.srli	x8,0x2	  x8:0x00000001  x8=0x00000000
      977899000	     48793	8000a4a6	0390b833	mulhu	x16,x1,x25	  x1:0x00000000 x25:0x80025ce4 x16=0x00000000
      977919000	     48794	8000a4aa	1d7d	c.addi	x26,-1	 x26:0x00000000 x26=0xffffffff
      977939000	     48795	8000a4ac	010fb933	sltu	x18,x31,x16	 x31:0xfffffffe x16:0x00000000 x18=0x00000000
      978319000	     48814	8000a4b0	8df5	c.and	x11,x13	 x11:0x00000000 x13:0x00000000 x11=0x00000000
      978339000	     48815	8000a4b2	0ff0000f	fence	iorw,iorw	
      979079000	     48852	8000a4b6	0366ceb3	div	x29,x13,x22	 x13:0x00000000 x22:0xffffffff x29=0x00000000
      979099000	     48853	8000a4ba	0001	c.addi	x0,0	  x0:0x00000000  x0=0x00000000
      979119000	     48854	8000a4bc	0ff0000f	fence	iorw,iorw	
      979139000	     48855	8000a4c0	03a6	c.slli	x7,0x9	  x7:0xfffffdd4  x7=0xfffba800
      979159000	     48856	8000a4c2	94ba	c.add	x9,x14	  x9:0x00000100 x14:0x00000001  x9=0x00000101
      979179000	     48857	8000a4c4	0135fe33	and	x28,x11,x19	 x11:0x00000000 x19:0x80021e44 x28=0x00000000
      979199000	     48858	8000a4c8	9a9a	c.add	x21,x6	 x21:0xfffffe10  x6:0x00000000 x21=0xfffffe10
      979239000	     48860	8000a4ca	03d051b3	divu	x3,x0,x29	  x0:0x00000000 x29:0x00000000  x3=0xffffffff
      979259000	     48861	8000a4ce	98fd	c.andi	x9,-1	  x9:0x00000101  x9=0x00000101
      979359000	     48866	8000a4d0	717d	c.addi16sp	x2,-16	  x2:0x0000017f  x2=0x0000016f
      979379000	     48867	8000a4d2	024d7163	bgeu	x26,x4,8000a4f4	 x26:0xffffffff  x4:0x00000000
      989939000	     49395	8000a4f4	2b73e113	ori	x2,x7,695	  x7:0xfffba800  x2=0xfffbaab7
      989959000	     49396	8000a4f8	00b70463	beq	x14,x11,8000a500	 x14:0x00000001 x11:0x00000000
      989979000	     49397	8000a4fc	01c57d33	and	x26,x10,x28	 x10:0x000003e0 x28:0x00000000 x26=0x00000000
      990179000	     49407	8000a500	039c5363	bge	x24,x25,8000a526	 x24:0xa142649c x25:0x80025ce4
      991359000	     49466	8000a526	177d	c.addi	x14,-1	 x14:0x00000001 x14=0x00000000
      991399000	     49468	8000a528	8975	c.andi	x10,29	 x10:0x000003e0 x10=0x00000000
      991419000	     49469	8000a52a	8a5d	c.andi	x12,23	 x12:0x0000038f x12=0x00000007
      991639000	     49480	8000a52c	01ee8c13	addi	x24,x29,30	 x29:0x00000000 x24=0x0000001e
      991679000	     49482	8000a530	028ae8b3	rem	x17,x21,x8	 x21:0xfffffe10  x8:0x00000000 x17=0xfffffe10
      991719000	     49484	8000a534	024dc1b3	div	x3,x27,x4	 x27:0x80000000  x4:0x00000000  x3=0xffffffff
      992519000	     49524	8000a538	035e66b3	rem	x13,x28,x21	 x28:0x00000000 x21:0xfffffe10 x13=0x00000000
      992559000	     49526	8000a53c	024df1b3	remu	x3,x27,x4	 x27:0x80000000  x4:0x00000000  x3=0x80000000
      992579000	     49527	8000a540	0a88	c.addi4spn	x10,x2,336	 x10=0xfffbac07
      992599000	     49528	8000a542	409b5333	sra	x6,x22,x9	 x22:0xffffffff  x9:0x00000101  x6=0xffffffff
      992619000	     49529	8000a546	401281b3	sub	x3,x5,x1	  x5:0x00000000  x1:0x00000000  x3=0x00000000
      992639000	     49530	8000a54a	8eed	c.and	x13,x11	 x13:0x00000000 x11:0x00000000 x13=0x00000000
      992659000	     49531	8000a54c	01fc6bb3	or	x23,x24,x31	 x24:0x0000001e x31:0xfffffffe x23=0xfffffffe
      992679000	     49532	8000a550	53fd	c.li	x7,-1	  x7=0xffffffff
      992719000	     49534	8000a552	0414f063	bgeu	x9,x1,8000a592	  x9:0x00000101  x1:0x00000000
      994399000	     49618	8000a592	02a247b3	div	x15,x4,x10	  x4:0x00000000 x10:0xfffbac07 x15=0x00000000
      994419000	     49619	8000a596	00a8f633	and	x12,x17,x10	 x17:0xfffffe10 x10:0xfffbac07 x12=0xfffbac00
      994439000	     49620	8000a59a	2084a193	slti	x3,x9,520	  x9:0x00000101  x3=0x00000001
      994459000	     49621	8000a59e	1604	c.addi4spn	x9,x2,800	  x9=0xfffbadd7
      994479000	     49622	8000a5a0	c71d	c.beqz	x14,8000a5ce	 x14:0x00000000
      995499000	     49673	8000a5ce	4149dc33	sra	x24,x19,x20	 x19:0x80021e44 x20:0xffffffff x24=0xffffffff
      995519000	     49674	8000a5d2	8f05	c.sub	x14,x9	 x14:0x00000000  x9:0xfffbadd7 x14=0x00045229
      995799000	     49688	8000a5d4	0176deb3	srl	x29,x13,x23	 x13:0x00000000 x23:0xfffffffe x29=0x00000000
      995939000	     49695	8000a5d8	0334ea63	bltu	x9,x19,8000a60c	  x9:0xfffbadd7 x19:0x80021e44
      995959000	     49696	8000a5dc	a965c417	auipc	x8,0xa965c	  x8=0x296665dc
      995979000	     49697	8000a5e0	8f75	c.and	x14,x13	 x14:0x00045229 x13:0x00000000 x14=0x00000000
      996099000	     49703	8000a5e2	011cd613	srli	x12,x25,0x11	 x25:0x80025ce4 x12=0x00004001
      996459000	     49721	8000a5e6	00c91493	slli	x9,x18,0xc	 x18:0x00000000  x9=0x00000000
      996479000	     49722	8000a5ea	d0277e37	lui	x28,0xd0277	 x28=0xd0277000
      996519000	     49724	8000a5ee	03e51bb3	mulh	x23,x10,x30	 x10:0xfffbac07 x30:0x00000000 x23=0x00000000
      996699000	     49733	8000a5f2	030501b3	mul	x3,x10,x16	 x10:0xfffbac07 x16:0x00000000  x3=0x00000000
      997119000	     49754	8000a5f6	40c68533	sub	x10,x13,x12	 x13:0x00000000 x12:0x00004001 x10=0xffffbfff
      997139000	     49755	8000a5fa	4639	c.li	x12,14	 x12=0x0000000e
      997159000	     49756	8000a5fc	0ff0000f	fence	iorw,iorw	
      997179000	     49757	8000a600	4102db33	sra	x22,x5,x16	  x5:0x00000000 x16:0x00000000 x22=0x00000000
      997199000	     49758	8000a604	84da	c.mv	x9,x22	  x0:0x00000000 x22:0x00000000  x9=0x00000000
      997219000	     49759	8000a606	8c55	c.or	x8,x13	  x8:0x296665dc x13:0x00000000  x8=0x296665dc
      997499000	     49773	8000a608	01f51663	bne	x10,x31,8000a614	 x10:0xffffbfff x31:0xfffffffe
      998059000	     49801	8000a614	011f5b33	srl	x22,x30,x17	 x30:0x00000000 x17:0xfffffe10 x22=0x00000000
      998179000	     49807	8000a618	0077d113	srli	x2,x15,0x7	 x15:0x00000000  x2=0x00000000
      998339000	     49815	8000a61c	0000100f	fence.i	
      998559000	     49826	8000a620	02e76033	rem	x0,x14,x14	 x14:0x00000000 x14:0x00000000  x0=0x00000000
      998759000	     49836	8000a624	8e81	c.sub	x13,x8	 x13:0x00000000  x8:0x296665dc x13=0xd6999a24
      998779000	     49837	8000a626	045d5163	bge	x26,x5,8000a668	 x26:0x00000000  x5:0x00000000
      999299000	     49863	8000a668	8d09	c.sub	x10,x10	 x10:0xffffbfff x10:0xffffbfff x10=0x00000000
      999319000	     49864	8000a66a	0ff0000f	fence	iorw,iorw	
      999339000	     49865	8000a66e	c21d	c.beqz	x12,8000a694	 x12:0x0000000e
      999359000	     49866	8000a670	02446063	bltu	x8,x4,8000a690	  x8:0x296665dc  x4:0x00000000
      999619000	     49879	8000a674	033d0533	mul	x10,x26,x19	 x26:0x00000000 x19:0x80021e44 x10=0x00000000
      999759000	     49886	8000a678	00f4bd33	sltu	x26,x9,x15	  x9:0x00000000 x15:0x00000000 x26=0x00000000
      999859000	     49891	8000a67c	0552d063	bge	x5,x21,8000a6bc	  x5:0x00000000 x21:0xfffffe10
     1000339000	     49915	8000a6bc	004b70b3	and	x1,x22,x4	 x22:0x00000000  x4:0x00000000  x1=0x00000000
     1000399000	     49918	8000a6c0	0000100f	fence.i	
     1001319000	     49964	8000a6c4	03983733	mulhu	x14,x16,x25	 x16:0x00000000 x25:0x80025ce4 x14=0x00000000
     1001719000	     49984	8000a6c8	0324f263	bgeu	x9,x18,8000a6ec	  x9:0x00000000 x18:0x00000000
     1002259000	     50011	8000a6ec	059e	c.slli	x11,0x7	 x11:0x00000000 x11=0x00000000
     1002279000	     50012	8000a6ee	0000100f	fence.i	
     1002579000	     50027	8000a6f2	1088	c.addi4spn	x10,x2,96	 x10=0x00000060
     1003719000	     50084	8000a6f4	0349f6b3	remu	x13,x19,x20	 x19:0x80021e44 x20:0xffffffff x13=0x80021e44
     1003739000	     50085	8000a6f8	0001	c.addi	x0,0	  x0:0x00000000  x0=0x00000000
     1003759000	     50086	8000a6fa	001af633	and	x12,x21,x1	 x21:0xfffffe10  x1:0x00000000 x12=0x00000000
     1003779000	     50087	8000a6fe	1870cf13	xori	x30,x1,391	  x1:0x00000000 x30=0x00000187
     1003799000	     50088	8000a702	6eb9	c.lui	x29,0xe	 x29=0x0000e000
     1003819000	     50089	8000a704	6161	c.addi16sp	x2,80	  x2:0x00000000  x2=0x00000050
     1003839000	     50090	8000a706	e299	c.bnez	x13,8000a70c	 x13:0x80021e44
     1003899000	     50093	8000a70c	8c32	c.mv	x24,x12	  x0:0x00000000 x12:0x00000000 x24=0x00000000
     1003919000	     50094	8000a70e	01f2	c.slli	x3,0x1c	  x3:0x00000000  x3=0x00000000
     1005019000	     50149	8000a710	02aaeeb3	rem	x29,x21,x10	 x21:0xfffffe10 x10:0x00000060 x29=0xfffffff0
     1005039000	     50150	8000a714	0f6ea613	slti	x12,x29,246	 x29:0xfffffff0 x12=0x00000001
     1005779000	     50187	8000a718	0316e833	rem	x16,x13,x17	 x13:0x80021e44 x17:0xfffffe10 x16=0xffffff84
     1005799000	     50188	8000a71c	01215913	srli	x18,x2,0x12	  x2:0x00000050 x18=0x00000000
     1005819000	     50189	8000a720	0ff0000f	fence	iorw,iorw	
     1005839000	     50190	8000a724	00969b93	slli	x23,x13,0x9	 x13:0x80021e44 x23=0x043c8800
     1005859000	     50191	8000a728	717d	c.addi16sp	x2,-16	  x2:0x00000050  x2=0x00000040
     1005879000	     50192	8000a72a	00d8d393	srli	x7,x17,0xd	 x17:0xfffffe10  x7=0x0007ffff
     1006079000	     50202	8000a72e	5f418f93	addi	x31,x3,1524	  x3:0x00000000 x31=0x000005f4
     1006099000	     50203	8000a732	3a6a3397	auipc	x7,0x3a6a3	  x7=0xba6ad732
     1006839000	     50240	8000a736	0371ef33	rem	x30,x3,x23	  x3:0x00000000 x23:0x043c8800 x30=0x00000000
     1006859000	     50241	8000a73a	415cdf33	sra	x30,x25,x21	 x25:0x80025ce4 x21:0xfffffe10 x30=0xffff8002
     1006879000	     50242	8000a73e	26776697	auipc	x13,0x26776	 x13=0xa678073e
     1006899000	     50243	8000a742	99fd	c.andi	x11,-1	 x11:0x00000000 x11=0x00000000
     1006919000	     50244	8000a744	0057bb33	sltu	x22,x15,x5	 x15:0x00000000  x5:0x00000000 x22=0x00000000
     1006939000	     50245	8000a748	40ee0933	sub	x18,x28,x14	 x28:0xd0277000 x14:0x00000000 x18=0xd0277000
     1006959000	     50246	8000a74c	019530b3	sltu	x1,x10,x25	 x10:0x00000060 x25:0x80025ce4  x1=0x00000001
     1006979000	     50247	8000a750	411d	c.li	x2,7	  x2=0x00000007
     1006999000	     50248	8000a752	0384fa63	bgeu	x9,x24,8000a786	  x9:0x00000000 x24:0x00000000
     1007159000	     50256	8000a786	02e39c63	bne	x7,x14,8000a7be	  x7:0xba6ad732 x14:0x00000000
     1007739000	     50285	8000a7be	02eb4d63	blt	x22,x14,8000a7f8	 x22:0x00000000 x14:0x00000000
     1007759000	     50286	8000a7c2	01c89013	slli	x0,x17,0x1c	 x17:0xfffffe10  x0=0x00000000
     1007779000	     50287	8000a7c6	c65c3293	sltiu	x5,x24,-923	 x24:0x00000000  x5=0x00000001
     1007799000	     50288	8000a7ca	010a12b3	sll	x5,x20,x16	 x20:0xffffffff x16:0xffffff84  x5=0xfffffff0
     1008079000	     50302	8000a7ce	03a1c933	div	x18,x3,x26	  x3:0x00000000 x26:0x00000000 x18=0xffffffff
     1008239000	     50310	8000a7d2	3bdd2493	slti	x9,x26,957	 x26:0x00000000  x9=0x00000001
     1008599000	     50328	8000a7d6	5c7a2f97	auipc	x31,0x5c7a2	 x31=0xdc7ac7d6
     1008699000	     50333	8000a7da	028a36b3	mulhu	x13,x20,x8	 x20:0xffffffff  x8:0x296665dc x13=0x296665db
     1008759000	     50336	8000a7de	02fb0eb3	mul	x29,x22,x15	 x22:0x00000000 x15:0x00000000 x29=0x00000000
     1009179000	     50357	8000a7e2	41315193	srai	x3,x2,0x13	  x2:0x00000007  x3=0x00000000
     1009199000	     50358	8000a7e6	034ce763	bltu	x25,x20,8000a814	 x25:0x80025ce4 x20:0xffffffff
     1010179000	     50407	8000a814	0276d5b3	divu	x11,x13,x7	 x13:0x296665db  x7:0xba6ad732 x11=0x00000000
     1010199000	     50408	8000a818	03d3c193	xori	x3,x7,61	  x7:0xba6ad732  x3=0xba6ad70f
     1010219000	     50409	8000a81c	0889	c.addi	x17,2	 x17:0xfffffe10 x17=0xfffffe12
     1010299000	     50413	8000a81e	005a5393	srli	x7,x20,0x5	 x20:0xffffffff  x7=0x07ffffff
     1010319000	     50414	8000a822	68f76513	ori	x10,x14,1679	 x14:0x00000000 x10=0x0000068f
     1010599000	     50428	8000a826	070f2b93	slti	x23,x30,112	 x30:0xffff8002 x23=0x00000001
     1010619000	     50429	8000a82a	607b02b7	lui	x5,0x607b0	  x5=0x607b0000
     1010659000	     50431	8000a82e	04088363	beq	x17,x0,8000a874	 x17:0xfffffe12  x0:0x00000000
     1011399000	     50468	8000a832	031c5bb3	divu	x23,x24,x17	 x24:0x00000000 x17:0xfffffe12 x23=0x00000000
     1011419000	     50469	8000a836	410d87b3	sub	x15,x27,x16	 x27:0x80000000 x16:0xffffff84 x15=0x8000007c
     1011439000	     50470	8000a83a	40a753b3	sra	x7,x14,x10	 x14:0x00000000 x10:0x0000068f  x7=0x00000000
     1011459000	     50471	8000a83e	00f8df33	srl	x30,x17,x15	 x17:0xfffffe12 x15:0x8000007c x30=0x0000000f
     1011479000	     50472	8000a842	0001	c.addi	x0,0	  x0:0x00000000  x0=0x00000000
     1011499000	     50473	8000a844	8f19	c.sub	x14,x14	 x14:0x00000000 x14:0x00000000 x14=0x00000000
     1012239000	     50510	8000a846	02947833	remu	x16,x8,x9	  x8:0x296665dc  x9:0x00000001 x16=0x00000000
     1012259000	     50511	8000a84a	0ff0000f	fence	iorw,iorw	
     1012279000	     50512	8000a84e	00521263	bne	x4,x5,8000a852	  x4:0x00000000  x5:0x607b0000
     1012339000	     50515	8000a852	014ed0b3	srl	x1,x29,x20	 x29:0x00000000 x20:0xffffffff  x1=0x00000000
     1012359000	     50516	8000a856	0114d233	srl	x4,x9,x17	  x9:0x00000001 x17:0xfffffe12  x4=0x00000000
     1012379000	     50517	8000a85a	f920b613	sltiu	x12,x1,-110	  x1:0x00000000 x12=0x00000001
     1012399000	     50518	8000a85e	b95acb37	lui	x22,0xb95ac	 x22=0xb95ac000
     1012419000	     50519	8000a862	01554e33	xor	x28,x10,x21	 x10:0x0000068f x21:0xfffffe10 x28=0xfffff89f
     1012799000	     50538	8000a866	ec90e517	auipc	x10,0xec90e	 x10=0x6c918866
     1012819000	     50539	8000a86a	0112df13	srli	x30,x5,0x11	  x5:0x607b0000 x30=0x0000303d
     1012839000	     50540	8000a86e	01ec9013	slli	x0,x25,0x1e	 x25:0x80025ce4  x0=0x00000000
     1012859000	     50541	8000a872	882a	c.mv	x16,x10	  x0:0x00000000 x10:0x6c918866 x16=0x6c918866
     1012879000	     50542	8000a874	8ca1	c.xor	x9,x8	  x9:0x00000001  x8:0x296665dc  x9=0x296665dd
     1012899000	     50543	8000a876	02626c63	bltu	x4,x6,8000a8ae	  x4:0x00000000  x6:0xffffffff
     1013399000	     50568	8000a8ae	8abd	c.andi	x13,15	 x13:0x296665db x13=0x0000000b
     1013479000	     50572	8000a8b0	4a300e13	addi	x28,x0,1187	  x0:0x00000000 x28=0x000004a3
     1013739000	     50585	8000a8b4	137d	c.addi	x6,-1	  x6:0xffffffff  x6=0xfffffffe
     1013759000	     50586	8000a8b6	90d2	c.add	x1,x20	  x1:0x00000000 x20:0xffffffff  x1=0xffffffff
     1013779000	     50587	8000a8b8	0244c763	blt	x9,x4,8000a8e6	  x9:0x296665dd  x4:0x00000000
     1013879000	     50592	8000a8bc	035c2733	mulhsu	x14,x24,x21	 x24:0x00000000 x21:0xfffffe10 x14=0x00000000
     1014039000	     50600	8000a8c0	c989	c.beqz	x11,8000a8d2	 x11:0x00000000
     1014779000	     50637	8000a8d2	8dfd	c.and	x11,x15	 x11:0x00000000 x15:0x8000007c x11=0x00000000
     1014839000	     50640	8000a8d4	806d	c.srli	x8,0x1b	  x8:0x296665dc  x8=0x00000005
     1015219000	     50659	8000a8d6	40145e33	sra	x28,x8,x1	  x8:0x00000005  x1:0xffffffff x28=0x00000000
     1015239000	     50660	8000a8da	03ff6b93	ori	x23,x30,63	 x30:0x0000303d x23=0x0000303f
     1015279000	     50662	8000a8de	03f91733	mulh	x14,x18,x31	 x18:0xffffffff x31:0xdc7ac7d6 x14=0x00000000
     1015319000	     50664	8000a8e2	0ff0000f	fence	iorw,iorw	
     1015339000	     50665	8000a8e6	8d8d	c.sub	x11,x11	 x11:0x00000000 x11:0x00000000 x11=0x00000000
     1015379000	     50667	8000a8e8	02499c33	mulh	x24,x19,x4	 x19:0x80021e44  x4:0x00000000 x24=0x00000000
     1015459000	     50671	8000a8ec	cb003613	sltiu	x12,x0,-848	  x0:0x00000000 x12=0x00000001
     1015479000	     50672	8000a8f0	005c9c13	slli	x24,x25,0x5	 x25:0x80025ce4 x24=0x004b9c80
     1015679000	     50682	8000a8f4	02412333	mulhsu	x6,x2,x4	  x2:0x00000007  x4:0x00000000  x6=0x00000000
     1015699000	     50683	8000a8f8	0269e063	bltu	x19,x6,8000a918	 x19:0x80021e44  x6:0x00000000
     1015779000	     50687	8000a8fc	02422233	mulhsu	x4,x4,x4	  x4:0x00000000  x4:0x00000000  x4=0x00000000
     1015799000	     50688	8000a900	00d20a63	beq	x4,x13,8000a914	  x4:0x00000000 x13:0x0000000b
     1016219000	     50709	8000a904	0000100f	fence.i	
     1017599000	     50778	8000a908	030da3b3	mulhsu	x7,x27,x16	 x27:0x80000000 x16:0x6c918866  x7=0xc9b73bcd
     1017679000	     50782	8000a90c	2f877e93	andi	x29,x14,760	 x14:0x00000000 x29=0x00000000
     1018019000	     50799	8000a910	01fe8863	beq	x29,x31,8000a920	 x29:0x00000000 x31:0xdc7ac7d6
     1018039000	     50800	8000a914	02359363	bne	x11,x3,8000a93a	 x11:0x00000000  x3:0xba6ad70f
     1018559000	     50826	8000a93a	7f50a513	slti	x10,x1,2037	  x1:0xffffffff x10=0x00000001
     1018579000	     50827	8000a93e	5ffd	c.li	x31,-1	 x31=0xffffffff
     1018659000	     50831	8000a940	0001	c.addi	x0,0	  x0:0x00000000  x0=0x00000000
     1018679000	     50832	8000a942	8d01	c.sub	x10,x8	 x10:0x00000001  x8:0x00000005 x10=0xfffffffc
     1018699000	     50833	8000a944	02796263	bltu	x18,x7,8000a968	 x18:0xffffffff  x7:0xc9b73bcd
     1018719000	     50834	8000a948	547d	c.li	x8,-1	  x8=0xffffffff
     1018739000	     50835	8000a94a	8ced	c.and	x9,x11	  x9:0x296665dd x11:0x00000000  x9=0x00000000
     1019119000	     50854	8000a94c	036b4b63	blt	x22,x22,8000a982	 x22:0xb95ac000 x22:0xb95ac000
     1019139000	     50855	8000a950	015a24b3	slt	x9,x20,x21	 x20:0xffffffff x21:0xfffffe10  x9=0x00000000
     1019559000	     50876	8000a954	418c58b3	sra	x17,x24,x24	 x24:0x004b9c80 x24:0x004b9c80 x17=0x004b9c80
     1019659000	     50881	8000a958	9b1e	c.add	x22,x7	 x22:0xb95ac000  x7:0xc9b73bcd x22=0x8311fbcd
     1020079000	     50902	8000a95a	00980963	beq	x16,x9,8000a96c	 x16:0x6c918866  x9:0x00000000
     1020099000	     50903	8000a95e	0000100f	fence.i	
     1021299000	     50963	8000a962	00dc8f33	add	x30,x25,x13	 x25:0x80025ce4 x13:0x0000000b x30=0x80025cef
     1021319000	     50964	8000a966	6769	c.lui	x14,0x1a	 x14=0x0001a000
     1021339000	     50965	8000a968	001ae333	or	x6,x21,x1	 x21:0xfffffe10  x1:0xffffffff  x6=0xffffffff
     1021419000	     50969	8000a96c	8ddd	c.or	x11,x15	 x11:0x00000000 x15:0x8000007c x11=0x8000007c
     1021499000	     50973	8000a96e	0000100f	fence.i	
     1027379000	     51267	8000a972	0ff0000f	fence	iorw,iorw	
     1027399000	     51268	8000a976	03f5f363	bgeu	x11,x31,8000a99c	 x11:0x8000007c x31:0xffffffff
     1027419000	     51269	8000a97a	00557633	and	x12,x10,x5	 x10:0xfffffffc  x5:0x607b0000 x12=0x607b0000
     1027439000	     51270	8000a97e	05764063	blt	x12,x23,8000a9be	 x12:0x607b0000 x23:0x0000303f
     1027459000	     51271	8000a982	40f38033	sub	x0,x7,x15	  x7:0xc9b73bcd x15:0x8000007c  x0=0x00000000
     1027479000	     51272	8000a986	8cf9	c.and	x9,x14	  x9:0x00000000 x14:0x0001a000  x9=0x00000000
     1027619000	     51279	8000a988	024637b3	mulhu	x15,x12,x4	 x12:0x607b0000  x4:0x00000000 x15=0x00000000
     1027899000	     51293	8000a98c	03de8663	beq	x29,x29,8000a9b8	 x29:0x00000000 x29:0x00000000
     1028079000	     51302	8000a9b8	00832733	slt	x14,x6,x8	  x6:0xffffffff  x8:0xffffffff x14=0x00000000
     1028499000	     51323	8000a9bc	0001	c.addi	x0,0	  x0:0x00000000  x0=0x00000000
     1028519000	     51324	8000a9be	01205933	srl	x18,x0,x18	  x0:0x00000000 x18:0xffffffff x18=0x00000000
     1028939000	     51345	8000a9c2	034cdb63	bge	x25,x20,8000a9f8	 x25:0x80025ce4 x20:0xffffffff
     1029079000	     51352	8000a9c6	36866293	ori	x5,x12,872	 x12:0x607b0000  x5=0x607b0368
     1029099000	     51353	8000a9ca	00822d33	slt	x26,x4,x8	  x4:0x00000000  x8:0xffffffff x26=0x00000000
     1030179000	     51407	8000a9ce	0314f133	remu	x2,x9,x17	  x9:0x00000000 x17:0x004b9c80  x2=0x00000000
     1030199000	     51408	8000a9d2	81a16b13	ori	x22,x2,-2022	  x2:0x00000000 x22=0xfffff81a
     1030219000	     51409	8000a9d6	9a7d	c.andi	x12,-1	 x12:0x607b0000 x12=0x607b0000
     1030239000	     51410	8000a9d8	1684	c.addi4spn	x9,x2,864	  x9=0x00000360
     1030259000	     51411	8000a9da	8ad1	c.andi	x13,20	 x13:0x0000000b x13=0x00000000
     1030279000	     51412	8000a9dc	00175413	srli	x8,x14,0x1	 x14:0x00000000  x8=0x00000000
     1030299000	     51413	8000a9e0	806d	c.srli	x8,0x1b	  x8:0x00000000  x8=0x00000000
     1030319000	     51414	8000a9e2	036c8f63	beq	x25,x22,8000aa20	 x25:0x80025ce4 x22:0xfffff81a
     1030339000	     51415	8000a9e6	029a0633	mul	x12,x20,x9	 x20:0xffffffff  x9:0x00000360 x12=0xfffffca0
     1030939000	     51445	8000a9ea	05f28263	beq	x5,x31,8000aa2e	  x5:0x607b0368 x31:0xffffffff
     1031359000	     51466	8000a9ee	00fa9413	slli	x8,x21,0xf	 x21:0xfffffe10  x8=0xff080000
     1031379000	     51467	8000a9f2	8105	c.srli	x10,0x1	 x10:0xfffffffc x10=0x7ffffffe
     1031519000	     51474	8000a9f4	01865363	bge	x12,x24,8000a9fa	 x12:0xfffffca0 x24:0x004b9c80
     1031539000	     51475	8000a9f8	8ccd	c.or	x9,x11	  x9:0x00000360 x11:0x8000007c  x9=0x8000037c
     1031559000	     51476	8000a9fa	04c45163	bge	x8,x12,8000aa3c	  x8:0xff080000 x12:0xfffffca0
     1031819000	     51489	8000a9fe	418353b3	sra	x7,x6,x24	  x6:0xffffffff x24:0x004b9c80  x7=0xffffffff
     1031859000	     51491	8000aa02	412e5a13	srai	x20,x28,0x12	 x28:0x00000000 x20=0x00000000
     1032059000	     51501	8000aa06	41dcd0b3	sra	x1,x25,x29	 x25:0x80025ce4 x29:0x00000000  x1=0x80025ce4
     1032079000	     51502	8000aa0a	8cc5	c.or	x9,x9	  x9:0x8000037c  x9:0x8000037c  x9=0x8000037c
     1032099000	     51503	8000aa0c	0ff0000f	fence	iorw,iorw	
     1032139000	     51505	8000aa10	031f3633	mulhu	x12,x30,x17	 x30:0x80025cef x17:0x004b9c80 x12=0x0025cef2
     1032519000	     51524	8000aa14	997d	c.andi	x10,-1	 x10:0x7ffffffe x10=0x7ffffffe
     1032539000	     51525	8000aa16	9afd	c.andi	x13,-1	 x13:0x00000000 x13=0x00000000
     1032559000	     51526	8000aa18	0151ac33	slt	x24,x3,x21	  x3:0xba6ad70f x21:0xfffffe10 x24=0x00000001
     1032739000	     51535	8000aa1c	00a1b433	sltu	x8,x3,x10	  x3:0xba6ad70f x10:0x7ffffffe  x8=0x00000000
     1032759000	     51536	8000aa20	0000100f	fence.i	
     1033479000	     51572	8000aa24	86d5	c.srai	x13,0x15	 x13:0x00000000 x13=0x00000000
     1034399000	     51618	8000aa26	02ae7e33	remu	x28,x28,x10	 x28:0x00000000 x10:0x7ffffffe x28=0x00000000
     1034419000	     51619	8000aa2a	01f68363	beq	x13,x31,8000aa30	 x13:0x00000000 x31:0xffffffff
     1034439000	     51620	8000aa2e	10fd	c.addi	x1,-1	  x1:0x80025ce4  x1=0x80025ce3
     1034459000	     51621	8000aa30	0190f2b3	and	x5,x1,x25	  x1:0x80025ce3 x25:0x80025ce4  x5=0x80025ce0
     1034479000	     51622	8000aa34	011b6333	or	x6,x22,x17	 x22:0xfffff81a x17:0x004b9c80  x6=0xfffffc9a
     1034499000	     51623	8000aa38	016bd693	srli	x13,x23,0x16	 x23:0x0000303f x13=0x00000000
     1034519000	     51624	8000aa3c	01f82fb3	slt	x31,x16,x31	 x16:0x6c918866 x31:0xffffffff x31=0x00000000
     1034619000	     51629	8000aa40	e6a12013	slti	x0,x2,-406	  x2:0x00000000  x0=0x00000000
     1034639000	     51630	8000aa44	0098d1b3	srl	x3,x17,x9	 x17:0x004b9c80  x9:0x8000037c  x3=0x00000000
     1034659000	     51631	8000aa48	1b17fb93	andi	x23,x15,433	 x15:0x00000000 x23=0x00000000
     1035439000	     51670	8000aa4c	0266d1b3	divu	x3,x13,x6	 x13:0x00000000  x6:0xfffffc9a  x3=0x00000000
     1035459000	     51671	8000aa50	0001	c.addi	x0,0	  x0:0x00000000  x0=0x00000000
     1035499000	     51673	8000aa52	023d1433	mulh	x8,x26,x3	 x26:0x00000000  x3:0x00000000  x8=0x00000000
     1035519000	     51674	8000aa56	01d2a3b3	slt	x7,x5,x29	  x5:0x80025ce0 x29:0x00000000  x7=0x00000001
     1035539000	     51675	8000aa5a	7732e093	ori	x1,x5,1907	  x5:0x80025ce0  x1=0x80025ff3
     1035559000	     51676	8000aa5e	03051063	bne	x10,x16,8000aa7e	 x10:0x7ffffffe x16:0x6c918866
     1036019000	     51699	8000aa7e	1b36dd37	lui	x26,0x1b36d	 x26=0x1b36d000
     1036119000	     51704	8000aa82	fb545697	auipc	x13,0xfb545	 x13=0x7b54fa82
     1036279000	     51712	8000aa86	02f38063	beq	x7,x15,8000aaa6	  x7:0x00000001 x15:0x00000000
     1036299000	     51713	8000aa8a	8f7d	c.and	x14,x15	 x14:0x00000000 x15:0x00000000 x14=0x00000000
     1036319000	     51714	8000aa8c	029a6f63	bltu	x20,x9,8000aaca	 x20:0x00000000  x9:0x8000037c
     1036619000	     51729	8000aaca	0ffd	c.addi	x31,31	 x31:0x00000000 x31=0x0000001f
     1036639000	     51730	8000aacc	0001	c.addi	x0,0	  x0:0x00000000  x0=0x00000000
     1036899000	     51743	8000aace	008a54b3	srl	x9,x20,x8	 x20:0x00000000  x8:0x00000000  x9=0x00000000
     1036999000	     51748	8000aad2	0000100f	fence.i	
     1037619000	     51779	8000aad6	227be113	ori	x2,x23,551	 x23:0x00000000  x2=0x00000227
     1038039000	     51800	8000aada	01dd5313	srli	x6,x26,0x1d	 x26:0x1b36d000  x6=0x00000000
     1038059000	     51801	8000aade	004166b3	or	x13,x2,x4	  x2:0x00000227  x4:0x00000000 x13=0x00000227
     1038099000	     51803	8000aae2	41635693	srai	x13,x6,0x16	  x6:0x00000000 x13=0x00000000
     1038119000	     51804	8000aae6	5e7d	c.li	x28,-1	 x28=0xffffffff
     1038519000	     51824	8000aae8	41f55bb3	sra	x23,x10,x31	 x10:0x7ffffffe x31:0x0000001f x23=0x00000000
     1038539000	     51825	8000aaec	567d	c.li	x12,-1	 x12=0xffffffff
     1038739000	     51835	8000aaee	00ddef33	or	x30,x27,x13	 x27:0x80000000 x13:0x00000000 x30=0x80000000
     1039039000	     51850	8000aaf2	01a05fb3	srl	x31,x0,x26	  x0:0x00000000 x26:0x1b36d000 x31=0x00000000
     1039479000	     51872	8000aaf6	032dd5b3	divu	x11,x27,x18	 x27:0x80000000 x18:0x00000000 x11=0xffffffff
     1039539000	     51875	8000aafa	3b692613	slti	x12,x18,950	 x18:0x00000000 x12=0x00000001
     1039559000	     51876	8000aafe	693d	c.lui	x18,0xf	 x18=0x0000f000
     1039979000	     51897	8000ab00	022f3d33	mulhu	x26,x30,x2	 x30:0x80000000  x2:0x00000227 x26=0x00000113
     1040019000	     51899	8000ab04	03c7a233	mulhsu	x4,x15,x28	 x15:0x00000000 x28:0xffffffff  x4=0x00000000
     1040039000	     51900	8000ab08	9aca	c.add	x21,x18	 x21:0xfffffe10 x18:0x0000f000 x21=0x0000ee10
     1040379000	     51917	8000ab0a	039d0b63	beq	x26,x25,8000ab40	 x26:0x00000113 x25:0x80025ce4
     1040399000	     51918	8000ab0e	0994	c.addi4spn	x13,x2,208	 x13=0x000002f7
     1040419000	     51919	8000ab10	00de0f33	add	x30,x28,x13	 x28:0xffffffff x13:0x000002f7 x30=0x000002f6
     1040439000	     51920	8000ab14	0810	c.addi4spn	x12,x2,16	 x12=0x00000237
     1040459000	     51921	8000ab16	945e	c.add	x8,x23	  x8:0x00000000 x23:0x00000000  x8=0x00000000
     1040499000	     51923	8000ab18	404f5013	srai	x0,x30,0x4	 x30:0x000002f6  x0=0x00000000
     1040819000	     51939	8000ab1c	859a	c.mv	x11,x6	  x0:0x00000000  x6:0x00000000 x11=0x00000000
     1041559000	     51976	8000ab1e	0250f3b3	remu	x7,x1,x5	  x1:0x80025ff3  x5:0x80025ce0  x7=0x00000313
     1041579000	     51977	8000ab22	e9b49237	lui	x4,0xe9b49	  x4=0xe9b49000
     1041599000	     51978	8000ab26	3c88cc13	xori	x24,x17,968	 x17:0x004b9c80 x24=0x004b9f48
     1041619000	     51979	8000ab2a	0ff0000f	fence	iorw,iorw	
     1041639000	     51980	8000ab2e	8f1a	c.mv	x30,x6	  x0:0x00000000  x6:0x00000000 x30=0x00000000
     1041679000	     51982	8000ab30	031932b3	mulhu	x5,x18,x17	 x18:0x0000f000 x17:0x004b9c80  x5=0x00000046
     1041699000	     51983	8000ab34	001be6b3	or	x13,x23,x1	 x23:0x00000000  x1:0x80025ff3 x13=0x80025ff3
     1041739000	     51985	8000ab38	0ff0000f	fence	iorw,iorw	
     1041759000	     51986	8000ab3c	00837f33	and	x30,x6,x8	  x6:0x00000000  x8:0x00000000 x30=0x00000000
     1041779000	     51987	8000ab40	03718163	beq	x3,x23,8000ab62	  x3:0x00000000 x23:0x00000000
     1042579000	     52027	8000ab62	b9fd5197	auipc	x3,0xb9fd5	  x3=0x39fdfb62
     1042599000	     52028	8000ab66	01fdd0b3	srl	x1,x27,x31	 x27:0x80000000 x31:0x00000000  x1=0x80000000
     1042699000	     52033	8000ab6a	02914f63	blt	x2,x9,8000aba8	  x2:0x00000227  x9:0x00000000
     1042719000	     52034	8000ab6e	6419	c.lui	x8,0x6	  x8=0x00006000
     1043039000	     52050	8000ab70	0a52	c.slli	x20,0x14	 x20:0x00000000 x20=0x00000000
     1043159000	     52056	8000ab72	015fcf33	xor	x30,x31,x21	 x31:0x00000000 x21:0x0000ee10 x30=0x0000ee10
     1043579000	     52077	8000ab76	00a9d963	bge	x19,x10,8000ab88	 x19:0x80021e44 x10:0x7ffffffe
     1043599000	     52078	8000ab7a	40508233	sub	x4,x1,x5	  x1:0x80000000  x5:0x00000046  x4=0x7fffffba
     1043619000	     52079	8000ab7e	0001	c.addi	x0,0	  x0:0x00000000  x0=0x00000000
     1043639000	     52080	8000ab80	003c9213	slli	x4,x25,0x3	 x25:0x80025ce4  x4=0x0012e720
     1043659000	     52081	8000ab84	eecfc193	xori	x3,x31,-276	 x31:0x00000000  x3=0xfffffeec
     1043819000	     52089	8000ab88	01785b33	srl	x22,x16,x23	 x16:0x6c918866 x23:0x00000000 x22=0x6c918866
     1044559000	     52126	8000ab8c	0313dfb3	divu	x31,x7,x17	  x7:0x00000313 x17:0x004b9c80 x31=0x00000000
     1044599000	     52128	8000ab90	0379b0b3	mulhu	x1,x19,x23	 x19:0x80021e44 x23:0x00000000  x1=0x00000000
     1044619000	     52129	8000ab94	40730d33	sub	x26,x6,x7	  x6:0x00000000  x7:0x00000313 x26=0xfffffced
     1044659000	     52131	8000ab98	0230a133	mulhsu	x2,x1,x3	  x1:0x00000000  x3:0xfffffeec  x2=0x00000000
     1044999000	     52148	8000ab9c	02131e63	bne	x6,x1,8000abd8	  x6:0x00000000  x1:0x00000000
     1045119000	     52154	8000aba0	8061	c.srli	x8,0x18	  x8:0x00006000  x8=0x00000000
     1045159000	     52156	8000aba2	02844bb3	div	x23,x8,x8	  x8:0x00000000  x8:0x00000000 x23=0xffffffff
     1045179000	     52157	8000aba6	96fa	c.add	x13,x30	 x13:0x80025ff3 x30:0x0000ee10 x13=0x80034e03
     1045219000	     52159	8000aba8	02e571b3	remu	x3,x10,x14	 x10:0x7ffffffe x14:0x00000000  x3=0x7ffffffe
     1045259000	     52161	8000abac	03f74433	div	x8,x14,x31	 x14:0x00000000 x31:0x00000000  x8=0xffffffff
     1045379000	     52167	8000abb0	58978b93	addi	x23,x15,1417	 x15:0x00000000 x23=0x00000589
     1045399000	     52168	8000abb4	8d39	c.xor	x10,x14	 x10:0x7ffffffe x14:0x00000000 x10=0x7ffffffe
     1046539000	     52225	8000abb6	0382e933	rem	x18,x5,x24	  x5:0x00000046 x24:0x004b9f48 x18=0x00000046
     1046559000	     52226	8000abba	1c0c	c.addi4spn	x11,x2,560	 x11=0x00000230
     1046599000	     52228	8000abbc	027ca1b3	mulhsu	x3,x25,x7	 x25:0x80025ce4  x7:0x00000313  x3=0xfffffe76
     1046619000	     52229	8000abc0	8e1e	c.mv	x28,x7	  x0:0x00000000  x7:0x00000313 x28=0x00000313
     1046639000	     52230	8000abc2	6fc9	c.lui	x31,0x12	 x31=0x00012000
     1046659000	     52231	8000abc4	01295a13	srli	x20,x18,0x12	 x18:0x00000046 x20=0x00000000
     1046679000	     52232	8000abc8	0c42	c.slli	x24,0x10	 x24:0x004b9f48 x24=0x9f480000
     1046699000	     52233	8000abca	8c35	c.xor	x8,x13	  x8:0xffffffff x13:0x80034e03  x8=0x7ffcb1fc
     1046719000	     52234	8000abcc	eb3518b7	lui	x17,0xeb351	 x17=0xeb351000
     1047099000	     52253	8000abd0	014db6b3	sltu	x13,x27,x20	 x27:0x80000000 x20:0x00000000 x13=0x00000000
     1047119000	     52254	8000abd4	41e55b93	srai	x23,x10,0x1e	 x10:0x7ffffffe x23=0x00000001
     1047139000	     52255	8000abd8	ef15	c.bnez	x14,8000ac14	 x14:0x00000000
     1047879000	     52292	8000abda	02b87a33	remu	x20,x16,x11	 x16:0x6c918866 x11:0x00000230 x20=0x000000f6
     1047899000	     52293	8000abde	1894	c.addi4spn	x13,x2,112	 x13=0x00000070
     1047919000	     52294	8000abe0	2d972493	slti	x9,x14,729	 x14:0x00000000  x9=0x00000001
     1047939000	     52295	8000abe4	81b9	c.srli	x11,0xe	 x11:0x00000230 x11=0x00000000
     1047959000	     52296	8000abe6	4385	c.li	x7,1	  x7=0x00000001
     1048059000	     52301	8000abe8	048e6063	bltu	x28,x8,8000ac28	 x28:0x00000313  x8:0x7ffcb1fc
     1048659000	     52331	8000ac28	008460b3	or	x1,x8,x8	  x8:0x7ffcb1fc  x8:0x7ffcb1fc  x1=0x7ffcb1fc
     1048679000	     52332	8000ac2c	0001	c.addi	x0,0	  x0:0x00000000  x0=0x00000000
     1048699000	     52333	8000ac2e	80c6	c.mv	x1,x17	  x0:0x00000000 x17:0xeb351000  x1=0xeb351000
     1048979000	     52347	8000ac30	417cdf93	srai	x31,x25,0x17	 x25:0x80025ce4 x31=0xffffff00
     1048999000	     52348	8000ac34	00cf0733	add	x14,x30,x12	 x30:0x0000ee10 x12:0x00000237 x14=0x0000f047
     1049119000	     52354	8000ac38	8271	c.srli	x12,0x1c	 x12:0x00000237 x12=0x00000000
     1049199000	     52358	8000ac3a	02c9e8b3	rem	x17,x19,x12	 x19:0x80021e44 x12:0x00000000 x17=0x80021e44
     1049959000	     52396	8000ac3e	0329d7b3	divu	x15,x19,x18	 x19:0x80021e44 x18:0x00000046 x15=0x01d42500
     1049979000	     52397	8000ac42	4022d1b3	sra	x3,x5,x2	  x5:0x00000046  x2:0x00000000  x3=0x00000046
     1049999000	     52398	8000ac46	85550393	addi	x7,x10,-1963	 x10:0x7ffffffe  x7=0x7ffff853
     1050019000	     52399	8000ac4a	7063c2b7	lui	x5,0x7063c	  x5=0x7063c000
     1050039000	     52400	8000ac4e	00ca5e93	srli	x29,x20,0xc	 x20:0x000000f6 x29=0x00000000
     1050779000	     52437	8000ac52	03f8d8b3	divu	x17,x17,x31	 x17:0x80021e44 x31:0xffffff00 x17=0x00000000
     1051519000	     52474	8000ac56	037f48b3	div	x17,x30,x23	 x30:0x0000ee10 x23:0x00000001 x17=0x0000ee10
     1051539000	     52475	8000ac5a	8d75	c.and	x10,x13	 x10:0x7ffffffe x13:0x00000070 x10=0x00000070
     1051559000	     52476	8000ac5c	91fe	c.add	x3,x31	  x3:0x00000046 x31:0xffffff00  x3=0xffffff46
     1051579000	     52477	8000ac5e	03630a63	beq	x6,x22,8000ac92	  x6:0x00000000 x22:0x6c918866
     1051599000	     52478	8000ac62	000dfe63	bgeu	x27,x0,8000ac7e	 x27:0x80000000  x0:0x00000000
     1052919000	     52544	8000ac7e	01af2f33	slt	x30,x30,x26	 x30:0x0000ee10 x26:0xfffffced x30=0x00000000
     1052939000	     52545	8000ac82	e29d	c.bnez	x13,8000aca8	 x13:0x00000070
     1053659000	     52581	8000aca8	8edbe613	ori	x12,x23,-1811	 x23:0x00000001 x12=0xfffff8ed
     1053699000	     52583	8000acac	022b30b3	mulhu	x1,x22,x2	 x22:0x6c918866  x2:0x00000000  x1=0x00000000
     1054099000	     52603	8000acb0	c599	c.beqz	x11,8000acbe	 x11:0x00000000
     1054919000	     52644	8000acbe	e50d	c.bnez	x10,8000ace8	 x10:0x00000070
     1055039000	     52650	8000ace8	00df5013	srli	x0,x30,0xd	 x30:0x00000000  x0=0x00000000
     1055119000	     52654	8000acec	00609a33	sll	x20,x1,x6	  x1:0x00000000  x6:0x00000000 x20=0x00000000
     1055539000	     52675	8000acf0	8cad	c.xor	x9,x11	  x9:0x00000001 x11:0x00000000  x9=0x00000001
     1055559000	     52676	8000acf2	d2f42c13	slti	x24,x8,-721	  x8:0x7ffcb1fc x24=0x00000000
     1055579000	     52677	8000acf6	e3a76713	ori	x14,x14,-454	 x14:0x0000f047 x14=0xfffffe7f
     1055719000	     52684	8000acfa	02fa0063	beq	x20,x15,8000ad1a	 x20:0x00000000 x15:0x01d42500
     1055899000	     52693	8000acfe	94dc2b93	slti	x23,x24,-1715	 x24:0x00000000 x23=0x00000000
     1055919000	     52694	8000ad02	6022da97	auipc	x21,0x6022d	 x21=0xe0237d02
     1056099000	     52703	8000ad06	0087ac33	slt	x24,x15,x8	 x15:0x01d42500  x8:0x7ffcb1fc x24=0x00000001
     1056139000	     52705	8000ad0a	008f5ab3	srl	x21,x30,x8	 x30:0x00000000  x8:0x7ffcb1fc x21=0x00000000
     1056159000	     52706	8000ad0e	0242e463	bltu	x5,x4,8000ad36	  x5:0x7063c000  x4:0x0012e720
     1056179000	     52707	8000ad12	87effb93	andi	x23,x31,-1922	 x31:0xffffff00 x23=0xfffff800
     1056359000	     52716	8000ad16	d0c87a37	lui	x20,0xd0c87	 x20=0xd0c87000
     1056379000	     52717	8000ad1a	0ff0000f	fence	iorw,iorw	
     1056799000	     52738	8000ad1e	a1112913	slti	x18,x2,-1519	  x2:0x00000000 x18=0x00000000
     1056819000	     52739	8000ad22	00f518b3	sll	x17,x10,x15	 x10:0x00000070 x15:0x01d42500 x17=0x00000070
     1057639000	     52780	8000ad26	03645eb3	divu	x29,x8,x22	  x8:0x7ffcb1fc x22:0x6c918866 x29=0x00000001
     1057659000	     52781	8000ad2a	ce1e4a97	auipc	x21,0xce1e4	 x21=0x4e1eed2a
     1057679000	     52782	8000ad2e	ca9d	c.beqz	x13,8000ad64	 x13:0x00000070
     1057699000	     52783	8000ad30	8e65	c.and	x12,x9	 x12:0xfffff8ed  x9:0x00000001 x12=0x00000001
     1057719000	     52784	8000ad32	00072c33	slt	x24,x14,x0	 x14:0xfffffe7f  x0:0x00000000 x24=0x00000001
     1057739000	     52785	8000ad36	416eda93	srai	x21,x29,0x16	 x29:0x00000001 x21=0x00000000
     1057759000	     52786	8000ad3a	0001	c.addi	x0,0	  x0:0x00000000  x0=0x00000000
     1057779000	     52787	8000ad3c	198c	c.addi4spn	x11,x2,240	 x11=0x000000f0
     1057799000	     52788	8000ad3e	85d06293	ori	x5,x0,-1955	  x0:0x00000000  x5=0xfffff85d
     1057819000	     52789	8000ad42	4004d693	srai	x13,x9,0x0	  x9:0x00000001 x13=0x00000001
     1057839000	     52790	8000ad46	03ec8933	mul	x18,x25,x30	 x25:0x80025ce4 x30:0x00000000 x18=0x00000000
     1057879000	     52792	8000ad4a	41ac5c33	sra	x24,x24,x26	 x24:0x00000001 x26:0xfffffced x24=0x00000000
     1058619000	     52829	8000ad4e	0311d133	divu	x2,x3,x17	  x3:0xffffff46 x17:0x00000070  x2=0x02492490
     1058639000	     52830	8000ad52	89cd	c.andi	x11,19	 x11:0x000000f0 x11=0x00000010
     1058679000	     52832	8000ad54	03285e33	divu	x28,x16,x18	 x16:0x6c918866 x18:0x00000000 x28=0xffffffff
     1058699000	     52833	8000ad58	890c3013	sltiu	x0,x24,-1904	 x24:0x00000000  x0=0x00000000
     1058739000	     52835	8000ad5c	03cebfb3	mulhu	x31,x29,x28	 x29:0x00000001 x28:0xffffffff x31=0x00000000
     1058759000	     52836	8000ad60	70c83b93	sltiu	x23,x16,1804	 x16:0x6c918866 x23=0x00000000
     1058779000	     52837	8000ad64	016e8b63	beq	x29,x22,8000ad7a	 x29:0x00000001 x22:0x6c918866
     1058879000	     52842	8000ad68	40cd0f33	sub	x30,x26,x12	 x26:0xfffffced x12:0x00000001 x30=0xfffffcec
     1058919000	     52844	8000ad6c	0ff0000f	fence	iorw,iorw	
     1059739000	     52885	8000ad70	03ae57b3	divu	x15,x28,x26	 x28:0xffffffff x26:0xfffffced x15=0x00000001
     1059759000	     52886	8000ad74	153f21b7	lui	x3,0x153f2	  x3=0x153f2000
     1059779000	     52887	8000ad78	0ff6	c.slli	x31,0x1d	 x31:0x00000000 x31=0x00000000
     1059799000	     52888	8000ad7a	8e5d	c.or	x12,x15	 x12:0x00000001 x15:0x00000001 x12=0x00000001
     1059819000	     52889	8000ad7c	69cce193	ori	x3,x25,1692	 x25:0x80025ce4  x3=0x80025efc
     1059839000	     52890	8000ad80	007811b3	sll	x3,x16,x7	 x16:0x6c918866  x7:0x7ffff853  x3=0x43300000
     1059879000	     52892	8000ad84	0261a8b3	mulhsu	x17,x3,x6	  x3:0x43300000  x6:0x00000000 x17=0x00000000
     1059899000	     52893	8000ad88	57fd	c.li	x15,-1	 x15=0xffffffff
     1078219000	     53809	8000ad8a	013d9ab3	sll	x21,x27,x19	 x27:0x80000000 x19:0x80021e44 x21=0x00000000
     1078239000	     53810	8000ad8e	005c6733	or	x14,x24,x5	 x24:0x00000000  x5:0xfffff85d x14=0xfffff85d
     1078279000	     53812	8000ad92	0345a5b3	mulhsu	x11,x11,x20	 x11:0x00000010 x20:0xd0c87000 x11=0x0000000d
     1078299000	     53813	8000ad96	8c15	c.sub	x8,x13	  x8:0x7ffcb1fc x13:0x00000001  x8=0x7ffcb1fb
     1078319000	     53814	8000ad98	36c8cd13	xori	x26,x17,876	 x17:0x00000000 x26=0x0000036c
     1078339000	     53815	8000ad9c	6111	c.addi16sp	x2,256	  x2:0x02492490  x2=0x02492590
     1078359000	     53816	8000ad9e	073e	c.slli	x14,0xf	 x14:0xfffff85d x14=0xfc2e8000
     1078379000	     53817	8000ada0	8cc1	c.or	x9,x8	  x9:0x00000001  x8:0x7ffcb1fb  x9=0x7ffcb1fb
     1078399000	     53818	8000ada2	8e51	c.or	x12,x12	 x12:0x00000001 x12:0x00000001 x12=0x00000001
     1078959000	     53846	8000ada4	8eb9	c.xor	x13,x14	 x13:0x00000001 x14:0xfc2e8000 x13=0xfc2e8001
     1079119000	     53854	8000ada6	0331f363	bgeu	x3,x19,8000adcc	  x3:0x43300000 x19:0x80021e44
     1079139000	     53855	8000adaa	04b95663	bge	x18,x11,8000adf6	 x18:0x00000000 x11:0x0000000d
     1079159000	     53856	8000adae	40f6d1b3	sra	x3,x13,x15	 x13:0xfc2e8001 x15:0xffffffff  x3=0xffffffff
     1079179000	     53857	8000adb2	01eb2fb3	slt	x31,x22,x30	 x22:0x6c918866 x30:0xfffffcec x31=0x00000000
     1079199000	     53858	8000adb6	013a9893	slli	x17,x21,0x13	 x21:0x00000000 x17=0x00000000
     1079219000	     53859	8000adba	013dcd33	xor	x26,x27,x19	 x27:0x80000000 x19:0x80021e44 x26=0x00021e44
     1079339000	     53865	8000adbe	7d275337	lui	x6,0x7d275	  x6=0x7d275000
     1079359000	     53866	8000adc2	8cb1	c.xor	x9,x12	  x9:0x7ffcb1fb x12:0x00000001  x9=0x7ffcb1fa
     1079379000	     53867	8000adc4	41d15e93	srai	x29,x2,0x1d	  x2:0x02492590 x29=0x00000000
     1079779000	     53887	8000adc8	0000100f	fence.i	
     1081639000	     53980	8000adcc	41b0d113	srai	x2,x1,0x1b	  x1:0x00000000  x2=0x00000000
     1081739000	     53985	8000add0	00ae8733	add	x14,x29,x10	 x29:0x00000000 x10:0x00000070 x14=0x00000070
     1081859000	     53991	8000add4	93362913	slti	x18,x12,-1741	 x12:0x00000001 x18=0x00000000
     1081879000	     53992	8000add8	00aa0833	add	x16,x20,x10	 x20:0xd0c87000 x10:0x00000070 x16=0xd0c87070
     1081899000	     53993	8000addc	00c2dd33	srl	x26,x5,x12	  x5:0xfffff85d x12:0x00000001 x26=0x7ffffc2e
     1082319000	     54014	8000ade0	bc298393	addi	x7,x19,-1086	 x19:0x80021e44  x7=0x80021a06
     1082339000	     54015	8000ade4	00aab6b3	sltu	x13,x21,x10	 x21:0x00000000 x10:0x00000070 x13=0x00000001
     1082479000	     54022	8000ade8	e585	c.bnez	x11,8000ae10	 x11:0x0000000d
     1083079000	     54052	8000ae10	7be9ba93	sltiu	x21,x19,1982	 x19:0x80021e44 x21=0x00000000
     1083119000	     54054	8000ae14	0ff0000f	fence	iorw,iorw	
     1083139000	     54055	8000ae18	01179a13	slli	x20,x15,0x11	 x15:0xffffffff x20=0xfffe0000
     1083159000	     54056	8000ae1c	419254b3	sra	x9,x4,x25	  x4:0x0012e720 x25:0x80025ce4  x9=0x00012e72
     1083179000	     54057	8000ae20	0013b8b3	sltu	x17,x7,x1	  x7:0x80021a06  x1:0x00000000 x17=0x00000000
     1083199000	     54058	8000ae24	12fd	c.addi	x5,-1	  x5:0xfffff85d  x5=0xfffff85c
     1083359000	     54066	8000ae26	03746333	rem	x6,x8,x23	  x8:0x7ffcb1fb x23:0x00000000  x6=0x7ffcb1fb
     1083379000	     54067	8000ae2a	024204b3	mul	x9,x4,x4	  x4:0x0012e720  x4:0x0012e720  x9=0x512ac400
     1083399000	     54068	8000ae2e	587d	c.li	x16,-1	 x16=0xffffffff
     1083419000	     54069	8000ae30	19ec3893	sltiu	x17,x24,414	 x24:0x00000000 x17=0x00000001
     1083439000	     54070	8000ae34	9a7d	c.andi	x12,-1	 x12:0x00000001 x12=0x00000001
     1083599000	     54078	8000ae36	0000100f	fence.i	
     1084019000	     54099	8000ae3a	006ed193	srli	x3,x29,0x6	 x29:0x00000000  x3=0x00000000
     1084059000	     54101	8000ae3e	0237b933	mulhu	x18,x15,x3	 x15:0xffffffff  x3:0x00000000 x18=0x00000000
     1084079000	     54102	8000ae42	ec95	c.bnez	x9,8000ae7e	  x9:0x512ac400
     1084179000	     54107	8000ae7e	9be2	c.add	x23,x24	 x23:0x00000000 x24:0x00000000 x23=0x00000000
     1084219000	     54109	8000ae80	02294233	div	x4,x18,x2	 x18:0x00000000  x2:0x00000000  x4=0xffffffff
     1084259000	     54111	8000ae84	024524b3	mulhsu	x9,x10,x4	 x10:0x00000070  x4:0xffffffff  x9=0x0000006f
     1084599000	     54128	8000ae88	031f3733	mulhu	x14,x30,x17	 x30:0xfffffcec x17:0x00000001 x14=0x00000000
     1084619000	     54129	8000ae8c	0b12	c.slli	x22,0x4	 x22:0x6c918866 x22=0xc9188660
     1085359000	     54166	8000ae8e	026c4133	div	x2,x24,x6	 x24:0x00000000  x6:0x7ffcb1fb  x2=0x00000000
     1085379000	     54167	8000ae92	8bad	c.andi	x15,11	 x15:0xffffffff x15=0x0000000b
     1085399000	     54168	8000ae94	92c2	c.add	x5,x16	  x5:0xfffff85c x16:0xffffffff  x5=0xfffff85b
     1085419000	     54169	8000ae96	c6993013	sltiu	x0,x18,-919	 x18:0x00000000  x0=0x00000000
     1085439000	     54170	8000ae9a	003d6333	or	x6,x26,x3	 x26:0x7ffffc2e  x3:0x00000000  x6=0x7ffffc2e
     1085459000	     54171	8000ae9e	0055da33	srl	x20,x11,x5	 x11:0x0000000d  x5:0xfffff85b x20=0x00000000
     1085479000	     54172	8000aea2	3c676213	ori	x4,x14,966	 x14:0x00000000  x4=0x000003c6
     1085679000	     54182	8000aea6	1ffc7e37	lui	x28,0x1ffc7	 x28=0x1ffc7000
     1085699000	     54183	8000aeaa	0001	c.addi	x0,0	  x0:0x00000000  x0=0x00000000
     1085879000	     54192	8000aeac	00a9d2b3	srl	x5,x19,x10	 x19:0x80021e44 x10:0x00000070  x5=0x00008002
     1086299000	     54213	8000aeb0	01d69093	slli	x1,x13,0x1d	 x13:0x00000001  x1=0x20000000
     1086339000	     54215	8000aeb4	025615b3	mulh	x11,x12,x5	 x12:0x00000001  x5:0x00008002 x11=0x00000000
     1086379000	     54217	8000aeb8	0073d433	srl	x8,x7,x7	  x7:0x80021a06  x7:0x80021a06  x8=0x02000868
     1086399000	     54218	8000aebc	001c86b3	add	x13,x25,x1	 x25:0x80025ce4  x1:0x20000000 x13=0xa0025ce4
     1086719000	     54234	8000aec0	027bdb63	bge	x23,x7,8000aef6	 x23:0x00000000  x7:0x80021a06
     1086959000	     54246	8000aef6	c319	c.beqz	x14,8000aefc	 x14:0x00000000
     1087239000	     54260	8000aefc	022dd663	bge	x27,x2,8000af28	 x27:0x80000000  x2:0x00000000
     1087259000	     54261	8000af00	01147133	and	x2,x8,x17	  x8:0x02000868 x17:0x00000001  x2=0x00000000
     1087439000	     54270	8000af04	d5aa7213	andi	x4,x20,-678	 x20:0x00000000  x4=0x00000000
     1087459000	     54271	8000af08	98ce	c.add	x17,x19	 x17:0x00000001 x19:0x80021e44 x17=0x80021e45
     1087499000	     54273	8000af0a	010e2d33	slt	x26,x28,x16	 x28:0x1ffc7000 x16:0xffffffff x26=0x00000000
     1087679000	     54282	8000af0e	21a8b593	sltiu	x11,x17,538	 x17:0x80021e45 x11=0x00000000
     1087699000	     54283	8000af12	167d	c.addi	x12,-1	 x12:0x00000001 x12=0x00000000
     1087819000	     54289	8000af14	03c5b7b3	mulhu	x15,x11,x28	 x11:0x00000000 x28:0x1ffc7000 x15=0x00000000
     1088559000	     54326	8000af18	02737e33	remu	x28,x6,x7	  x6:0x7ffffc2e  x7:0x80021a06 x28=0x7ffffc2e
     1088579000	     54327	8000af1c	9f4fb2b7	lui	x5,0x9f4fb	  x5=0x9f4fb000
     1088619000	     54329	8000af20	02bde333	rem	x6,x27,x11	 x27:0x80000000 x11:0x00000000  x6=0x80000000
     1088639000	     54330	8000af24	8c8d	c.sub	x9,x11	  x9:0x0000006f x11:0x00000000  x9=0x0000006f
     1088659000	     54331	8000af26	8c79	c.and	x8,x14	  x8:0x02000868 x14:0x00000000  x8=0x00000000
     1089399000	     54368	8000af28	02a1e3b3	rem	x7,x3,x10	  x3:0x00000000 x10:0x00000070  x7=0x00000000
     1090139000	     54405	8000af2c	03e0eeb3	rem	x29,x1,x30	  x1:0x20000000 x30:0xfffffcec x29=0x000000d0
     1090159000	     54406	8000af30	018bf833	and	x16,x23,x24	 x23:0x00000000 x24:0x00000000 x16=0x00000000
     1090179000	     54407	8000af34	020a0363	beq	x20,x0,8000af5a	 x20:0x00000000  x0:0x00000000
     1090339000	     54415	8000af5a	03aa2fb3	mulhsu	x31,x20,x26	 x20:0x00000000 x26:0x00000000 x31=0x00000000
     1090359000	     54416	8000af5e	e0018517	auipc	x10,0xe0018	 x10=0x60022f5e
     1090379000	     54417	8000af62	8cd9	c.or	x9,x14	  x9:0x0000006f x14:0x00000000  x9=0x0000006f
     1090399000	     54418	8000af64	01299d33	sll	x26,x19,x18	 x19:0x80021e44 x18:0x00000000 x26=0x80021e44
     1090419000	     54419	8000af68	890d	c.andi	x10,3	 x10:0x60022f5e x10=0x00000002
     1091599000	     54478	8000af6a	03abde33	divu	x28,x23,x26	 x23:0x00000000 x26:0x80021e44 x28=0x00000000
     1091619000	     54479	8000af6e	40538f33	sub	x30,x7,x5	  x7:0x00000000  x5:0x9f4fb000 x30=0x60b05000
     1091639000	     54480	8000af72	01b594b3	sll	x9,x11,x27	 x11:0x00000000 x27:0x80000000  x9=0x00000000
     1091659000	     54481	8000af76	e499	c.bnez	x9,8000af84	  x9:0x00000000
     1091679000	     54482	8000af78	0001	c.addi	x0,0	  x0:0x00000000  x0=0x00000000
     1091699000	     54483	8000af7a	916e	c.add	x2,x27	  x2:0x00000000 x27:0x80000000  x2=0x80000000
     1091719000	     54484	8000af7c	b7b68413	addi	x8,x13,-1157	 x13:0xa0025ce4  x8=0xa002585f
     1091739000	     54485	8000af80	40035513	srai	x10,x6,0x0	  x6:0x80000000 x10=0x80000000
     1091759000	     54486	8000af84	717d	c.addi16sp	x2,-16	  x2:0x80000000  x2=0x7ffffff0
     1091799000	     54488	8000af86	0354e8b3	rem	x17,x9,x21	  x9:0x00000000 x21:0x00000000 x17=0x00000000
     1092159000	     54506	8000af8a	363fe297	auipc	x5,0x363fe	  x5=0xb6408f8a
     1092179000	     54507	8000af8e	58f4eab7	lui	x21,0x58f4e	 x21=0x58f4e000
     1092339000	     54515	8000af92	019a9a33	sll	x20,x21,x25	 x21:0x58f4e000 x25:0x80025ce4 x20=0x8f4e0000
     1092579000	     54527	8000af96	027f0f63	beq	x30,x7,8000afd4	 x30:0x60b05000  x7:0x00000000
     1092799000	     54538	8000af9a	53cc47b7	lui	x15,0x53cc4	 x15=0x53cc4000
     1092839000	     54540	8000af9e	4170d6b3	sra	x13,x1,x23	  x1:0x20000000 x23:0x00000000 x13=0x20000000
     1092999000	     54548	8000afa2	c1ce3e97	auipc	x29,0xc1ce3	 x29=0x41cedfa2
     1093019000	     54549	8000afa6	8dcd	c.or	x11,x11	 x11:0x00000000 x11:0x00000000 x11=0x00000000
     1093039000	     54550	8000afa8	8da1	c.xor	x11,x8	 x11:0x00000000  x8:0xa002585f x11=0xa002585f
     1093059000	     54551	8000afaa	81687713	andi	x14,x16,-2026	 x16:0x00000000 x14=0x00000000
     1093459000	     54571	8000afae	40d65933	sra	x18,x12,x13	 x12:0x00000000 x13:0x20000000 x18=0x00000000
     1093519000	     54574	8000afb2	000acab3	xor	x21,x21,x0	 x21:0x58f4e000  x0:0x00000000 x21=0x58f4e000
     1093539000	     54575	8000afb6	8c35	c.xor	x8,x13	  x8:0xa002585f x13:0x20000000  x8=0x8002585f
     1093719000	     54584	8000afb8	009f1e13	slli	x28,x30,0x9	 x30:0x60b05000 x28=0x60a00000
     1094139000	     54605	8000afbc	16fd	c.addi	x13,-1	 x13:0x20000000 x13=0x1fffffff
     1094159000	     54606	8000afbe	01c0df93	srli	x31,x1,0x1c	  x1:0x20000000 x31=0x00000002
     1094439000	     54620	8000afc2	013c9263	bne	x25,x19,8000afc6	 x25:0x80025ce4 x19:0x80021e44
     1095499000	     54673	8000afc6	0000100f	fence.i	
     1096159000	     54706	8000afca	01d3c6b3	xor	x13,x7,x29	  x7:0x00000000 x29:0x41cedfa2 x13=0x41cedfa2
     1096179000	     54707	8000afce	8031	c.srli	x8,0xc	  x8:0x8002585f  x8=0x00080025
     1096199000	     54708	8000afd0	859ad337	lui	x6,0x859ad	  x6=0x859ad000
     1096219000	     54709	8000afd4	00a2c5b3	xor	x11,x5,x10	  x5:0xb6408f8a x10:0x80000000 x11=0x36408f8a
     1096299000	     54713	8000afd8	00b32b33	slt	x22,x6,x11	  x6:0x859ad000 x11:0x36408f8a x22=0x00000001
     1097199000	     54758	8000afdc	03e3e233	rem	x4,x7,x30	  x7:0x00000000 x30:0x60b05000  x4=0x00000000
     1097219000	     54759	8000afe0	040d6293	ori	x5,x26,64	 x26:0x80021e44  x5=0x80021e44
     1097239000	     54760	8000afe4	00a98b33	add	x22,x19,x10	 x19:0x80021e44 x10:0x80000000 x22=0x00021e44
     1097979000	     54797	8000afe8	0358e333	rem	x6,x17,x21	 x17:0x00000000 x21:0x58f4e000  x6=0x00000000
     1097999000	     54798	8000afec	01aa0833	add	x16,x20,x26	 x20:0x8f4e0000 x26:0x80021e44 x16=0x0f501e44
     1098019000	     54799	8000aff0	0001	c.addi	x0,0	  x0:0x00000000  x0=0x00000000
     1098039000	     54800	8000aff2	00181413	slli	x8,x16,0x1	 x16:0x0f501e44  x8=0x1ea03c88
     1098059000	     54801	8000aff6	0001	c.addi	x0,0	  x0:0x00000000  x0=0x00000000
     1098079000	     54802	8000aff8	01d72d33	slt	x26,x14,x29	 x14:0x00000000 x29:0x41cedfa2 x26=0x00000001
     1098099000	     54803	8000affc	41118733	sub	x14,x3,x17	  x3:0x00000000 x17:0x00000000 x14=0x00000000
     1098279000	     54812	8000b000	0000100f	fence.i	
     1098319000	     54814	8000b004	27710413	addi	x8,x2,631	  x2:0x7ffffff0  x8=0x80000267
     1098739000	     54835	8000b008	02e3fbb3	remu	x23,x7,x14	  x7:0x00000000 x14:0x00000000 x23=0x00000000
     1098759000	     54836	8000b00c	037a03b3	mul	x7,x20,x23	 x20:0x8f4e0000 x23:0x00000000  x7=0x00000000
     1098779000	     54837	8000b010	f1c52713	slti	x14,x10,-228	 x10:0x80000000 x14=0x00000001
     1098979000	     54847	8000b014	03a6ba33	mulhu	x20,x13,x26	 x13:0x41cedfa2 x26:0x00000001 x20=0x00000000
     1099379000	     54867	8000b018	00c7d333	srl	x6,x15,x12	 x15:0x53cc4000 x12:0x00000000  x6=0x53cc4000
     1099459000	     54871	8000b01c	0fac4f93	xori	x31,x24,250	 x24:0x00000000 x31=0x000000fa
     1099559000	     54876	8000b020	00dfe033	or	x0,x31,x13	 x31:0x000000fa x13:0x41cedfa2  x0=0x00000000
     1099579000	     54877	8000b024	8da5	c.xor	x11,x9	 x11:0x36408f8a  x9:0x00000000 x11=0x36408f8a
     1099599000	     54878	8000b026	0e6e	c.slli	x28,0x1b	 x28:0x60a00000 x28=0x00000000
     1099619000	     54879	8000b028	05260363	beq	x12,x18,8000b06e	 x12:0x00000000 x18:0x00000000
     1100619000	     54929	8000b06e	012c34b3	sltu	x9,x24,x18	 x24:0x00000000 x18:0x00000000  x9=0x00000000
     1100659000	     54931	8000b072	02881233	mulh	x4,x16,x8	 x16:0x0f501e44  x8:0x80000267  x4=0xf857f102
     1100679000	     54932	8000b076	6831	c.lui	x16,0xc	 x16=0x0000c000
     1100699000	     54933	8000b078	00f5db33	srl	x22,x11,x15	 x11:0x36408f8a x15:0x53cc4000 x22=0x36408f8a
     1100979000	     54947	8000b07c	8f59	c.or	x14,x14	 x14:0x00000001 x14:0x00000001 x14=0x00000001
     1100999000	     54948	8000b07e	03f2	c.slli	x7,0x1c	  x7:0x00000000  x7=0x00000000
     1101019000	     54949	8000b080	0d2e	c.slli	x26,0xb	 x26:0x00000001 x26=0x00000800
     1101099000	     54953	8000b082	40935893	srai	x17,x6,0x9	  x6:0x53cc4000 x17=0x0029e620
     1101119000	     54954	8000b086	00434533	xor	x10,x6,x4	  x6:0x53cc4000  x4:0xf857f102 x10=0xab9bb102
     1101139000	     54955	8000b08a	0000100f	fence.i	
     1101619000	     54979	8000b08e	ef11	c.bnez	x14,8000b0aa	 x14:0x00000001
     1102259000	     55011	8000b0aa	0ff0000f	fence	iorw,iorw	
     1102279000	     55012	8000b0ae	9bfd	c.andi	x15,-1	 x15:0x53cc4000 x15=0x53cc4000
     1102299000	     55013	8000b0b0	c519	c.beqz	x10,8000b0be	 x10:0xab9bb102
     1102319000	     55014	8000b0b2	6c59	c.lui	x24,0x16	 x24=0x00016000
     1102339000	     55015	8000b0b4	05258813	addi	x16,x11,82	 x11:0x36408f8a x16=0x36408fdc
     1102359000	     55016	8000b0b8	01ef7633	and	x12,x30,x30	 x30:0x60b05000 x30:0x60b05000 x12=0x60b05000
     1102479000	     55022	8000b0bc	981a	c.add	x16,x6	 x16:0x36408fdc  x6:0x53cc4000 x16=0x8a0ccfdc
     1102499000	     55023	8000b0be	018c	c.addi4spn	x11,x2,192	 x11=0x800000b0
     1102519000	     55024	8000b0c0	1d90	c.addi4spn	x12,x2,752	 x12=0x800002e0
     1102919000	     55044	8000b0c2	00918d33	add	x26,x3,x9	  x3:0x00000000  x9:0x00000000 x26=0x00000000
     1102939000	     55045	8000b0c6	cb85	c.beqz	x15,8000b0f6	 x15:0x53cc4000
     1102959000	     55046	8000b0c8	8061	c.srli	x8,0x18	  x8:0x80000267  x8=0x00000080
     1102979000	     55047	8000b0ca	9a3a	c.add	x20,x14	 x20:0x00000000 x14:0x00000001 x20=0x00000001
     1102999000	     55048	8000b0cc	8f7a2e13	slti	x28,x20,-1801	 x20:0x00000001 x28=0x00000000
     1103179000	     55057	8000b0d0	02512e33	mulhsu	x28,x2,x5	  x2:0x7ffffff0  x5:0x80021e44 x28=0x40010f19
     1103279000	     55062	8000b0d4	94d2	c.add	x9,x20	  x9:0x00000000 x20:0x00000001  x9=0x00000001
     1103619000	     55079	8000b0d6	fc79dbb7	lui	x23,0xfc79d	 x23=0xfc79d000
     1103639000	     55080	8000b0da	81d5	c.srli	x11,0x15	 x11:0x800000b0 x11=0x00000400
     1103919000	     55094	8000b0dc	e121	c.bnez	x10,8000b11c	 x10:0xab9bb102
     1104719000	     55134	8000b11c	6529	c.lui	x10,0xa	 x10=0x0000a000
     1104859000	     55141	8000b11e	01a885b3	add	x11,x17,x26	 x17:0x0029e620 x26:0x00000000 x11=0x0029e620
     1104879000	     55142	8000b122	8eb9	c.xor	x13,x14	 x13:0x41cedfa2 x14:0x00000001 x13=0x41cedfa3
     1104899000	     55143	8000b124	9a7d	c.andi	x12,-1	 x12:0x800002e0 x12=0x800002e0
     1105079000	     55152	8000b126	0132a6b3	slt	x13,x5,x19	  x5:0x80021e44 x19:0x80021e44 x13=0x00000000
     1105839000	     55190	8000b12a	03e3c5b3	div	x11,x7,x30	  x7:0x00000000 x30:0x60b05000 x11=0x00000000
     1105859000	     55191	8000b12e	41dadb33	sra	x22,x21,x29	 x21:0x58f4e000 x29:0x41cedfa2 x22=0x163d3800
     1105879000	     55192	8000b132	8ac9	c.andi	x13,18	 x13:0x00000000 x13=0x00000000
     1105899000	     55193	8000b134	03cc0133	mul	x2,x24,x28	 x24:0x00016000 x28:0x40010f19  x2=0x74c26000
     1105939000	     55195	8000b138	03622e33	mulhsu	x28,x4,x22	  x4:0xf857f102 x22:0x163d3800 x28=0xff55b9fd
     1105959000	     55196	8000b13c	01caee33	or	x28,x21,x28	 x21:0x58f4e000 x28:0xff55b9fd x28=0xfff5f9fd
     1105979000	     55197	8000b140	8aea	c.mv	x21,x26	  x0:0x00000000 x26:0x00000000 x21=0x00000000
     1105999000	     55198	8000b142	02251063	bne	x10,x2,8000b162	 x10:0x0000a000  x2:0x74c26000
     1128999000	     56348	8000b162	03ec17b3	mulh	x15,x24,x30	 x24:0x00016000 x30:0x60b05000 x15=0x000084f2
     1129739000	     56385	8000b166	028efb33	remu	x22,x29,x8	 x29:0x41cedfa2  x8:0x00000080 x22=0x00000022
     1129759000	     56386	8000b16a	0149fc33	and	x24,x19,x20	 x19:0x80021e44 x20:0x00000001 x24=0x00000000
     1129779000	     56387	8000b16e	00bb7e33	and	x28,x22,x11	 x22:0x00000022 x11:0x00000000 x28=0x00000000
     1129799000	     56388	8000b172	8c89	c.sub	x9,x10	  x9:0x00000001 x10:0x0000a000  x9=0xffff6001
     1129819000	     56389	8000b174	8f31	c.xor	x14,x12	 x14:0x00000001 x12:0x800002e0 x14=0x800002e1
     1129839000	     56390	8000b176	c0b20e93	addi	x29,x4,-1013	  x4:0xf857f102 x29=0xf857ed0d
     1129859000	     56391	8000b17a	8f39	c.xor	x14,x14	 x14:0x800002e1 x14:0x800002e1 x14=0x00000000
     1129919000	     56394	8000b17c	0001	c.addi	x0,0	  x0:0x00000000  x0=0x00000000
     1129939000	     56395	8000b17e	e2a9	c.bnez	x13,8000b1c0	 x13:0x00000000
     1129979000	     56397	8000b180	020698b3	mulh	x17,x13,x0	 x13:0x00000000  x0:0x00000000 x17=0x00000000
     1130359000	     56416	8000b184	0001	c.addi	x0,0	  x0:0x00000000  x0=0x00000000
     1130499000	     56423	8000b186	00bada63	bge	x21,x11,8000b19a	 x21:0x00000000 x11:0x00000000
     1131239000	     56460	8000b19a	018fc0b3	xor	x1,x31,x24	 x31:0x000000fa x24:0x00000000  x1=0x000000fa
     1131259000	     56461	8000b19e	8ef1	c.and	x13,x12	 x13:0x00000000 x12:0x800002e0 x13=0x00000000
     1131279000	     56462	8000b1a0	02e29063	bne	x5,x14,8000b1c0	  x5:0x80021e44 x14:0x00000000
     1131959000	     56496	8000b1c0	0169d013	srli	x0,x19,0x16	 x19:0x80021e44  x0=0x00000000
     1131979000	     56497	8000b1c4	01999263	bne	x19,x25,8000b1c8	 x19:0x80021e44 x25:0x80025ce4
     1132299000	     56513	8000b1c8	01f4c5b3	xor	x11,x9,x31	  x9:0xffff6001 x31:0x000000fa x11=0xffff60fb
     1132339000	     56515	8000b1cc	0388dc33	divu	x24,x17,x24	 x17:0x00000000 x24:0x00000000 x24=0xffffffff
     1132359000	     56516	8000b1d0	0001	c.addi	x0,0	  x0:0x00000000  x0=0x00000000
     1132379000	     56517	8000b1d2	0631	c.addi	x12,12	 x12:0x800002e0 x12=0x800002ec
     1132399000	     56518	8000b1d4	013c9f13	slli	x30,x25,0x13	 x25:0x80025ce4 x30=0xe7200000
     1132779000	     56537	8000b1d8	0004c333	xor	x6,x9,x0	  x9:0xffff6001  x0:0x00000000  x6=0xffff6001
     1132799000	     56538	8000b1dc	01e79c13	slli	x24,x15,0x1e	 x15:0x000084f2 x24=0x80000000
     1133119000	     56554	8000b1e0	8d29	c.xor	x10,x10	 x10:0x0000a000 x10:0x0000a000 x10=0x00000000
     1133279000	     56562	8000b1e2	0143a8b3	slt	x17,x7,x20	  x7:0x00000000 x20:0x00000001 x17=0x00000001
     1133299000	     56563	8000b1e6	9836	c.add	x16,x13	 x16:0x8a0ccfdc x13:0x00000000 x16=0x8a0ccfdc
     1133319000	     56564	8000b1e8	fb928093	addi	x1,x5,-71	  x5:0x80021e44  x1=0x80021dfd
     1133339000	     56565	8000b1ec	00a624b3	slt	x9,x12,x10	 x12:0x800002ec x10:0x00000000  x9=0x00000001
     1133359000	     56566	8000b1f0	029388b3	mul	x17,x7,x9	  x7:0x00000000  x9:0x00000001 x17=0x00000000
     1133379000	     56567	8000b1f4	011e0fb3	add	x31,x28,x17	 x28:0x00000000 x17:0x00000000 x31=0x00000000
     1133419000	     56569	8000b1f8	0001	c.addi	x0,0	  x0:0x00000000  x0=0x00000000
     1133739000	     56585	8000b1fa	86fdaa13	slti	x20,x27,-1937	 x27:0x80000000 x20=0x00000001
     1133759000	     56586	8000b1fe	8fd0cb93	xori	x23,x1,-1795	  x1:0x80021dfd x23=0x7ffde500
     1133859000	     56591	8000b202	01be4a33	xor	x20,x28,x27	 x28:0x00000000 x27:0x80000000 x20=0x80000000
     1133899000	     56593	8000b206	02ffa033	mulhsu	x0,x31,x15	 x31:0x00000000 x15:0x000084f2  x0=0x00000000
     1133959000	     56596	8000b20a	41935793	srai	x15,x6,0x19	  x6:0xffff6001 x15=0xffffffff
     1133979000	     56597	8000b20e	8821	c.andi	x8,8	  x8:0x00000080  x8=0x00000000
     1134239000	     56610	8000b210	00185f93	srli	x31,x16,0x1	 x16:0x8a0ccfdc x31=0x450667ee
     1134259000	     56611	8000b214	000f7363	bgeu	x30,x0,8000b21a	 x30:0xe7200000  x0:0x00000000
     1134939000	     56645	8000b21a	01258963	beq	x11,x18,8000b22c	 x11:0xffff60fb x18:0x00000000
     1134979000	     56647	8000b21e	0153abb3	slt	x23,x7,x21	  x7:0x00000000 x21:0x00000000 x23=0x00000000
     1134999000	     56648	8000b222	966e	c.add	x12,x27	 x12:0x800002ec x27:0x80000000 x12=0x000002ec
     1135019000	     56649	8000b224	01469393	slli	x7,x13,0x14	 x13:0x00000000  x7=0x00000000
     1135039000	     56650	8000b228	005f2433	slt	x8,x30,x5	 x30:0xe7200000  x5:0x80021e44  x8=0x00000000
     1135399000	     56668	8000b22c	8f19	c.sub	x14,x14	 x14:0x00000000 x14:0x00000000 x14=0x00000000
     1135559000	     56676	8000b22e	00fc5fb3	srl	x31,x24,x15	 x24:0x80000000 x15:0xffffffff x31=0x00000001
     1135579000	     56677	8000b232	e49c6713	ori	x14,x24,-439	 x24:0x80000000 x14=0xfffffe49
     1135599000	     56678	8000b236	014154b3	srl	x9,x2,x20	  x2:0x74c26000 x20:0x80000000  x9=0x74c26000
     1135619000	     56679	8000b23a	04a5c163	blt	x11,x10,8000b27c	 x11:0xffff60fb x10:0x00000000
     1136039000	     56700	8000b27c	00d1f733	and	x14,x3,x13	  x3:0x00000000 x13:0x00000000 x14=0x00000000
     1136179000	     56707	8000b280	c105	c.beqz	x10,8000b2a0	 x10:0x00000000
     1136459000	     56721	8000b2a0	01f61293	slli	x5,x12,0x1f	 x12:0x000002ec  x5=0x00000000
     1136539000	     56725	8000b2a4	0001	c.addi	x0,0	  x0:0x00000000  x0=0x00000000
     1136959000	     56746	8000b2a6	029ada63	bge	x21,x9,8000b2da	 x21:0x00000000  x9:0x74c26000
     1137039000	     56750	8000b2aa	40d583b3	sub	x7,x11,x13	 x11:0xffff60fb x13:0x00000000  x7=0xffff60fb
     1137059000	     56751	8000b2ae	eb8d	c.bnez	x15,8000b2e0	 x15:0xffffffff
     1137659000	     56781	8000b2e0	8f31	c.xor	x14,x12	 x14:0x00000000 x12:0x000002ec x14=0x000002ec
     1137679000	     56782	8000b2e2	40380ab3	sub	x21,x16,x3	 x16:0x8a0ccfdc  x3:0x00000000 x21=0x8a0ccfdc
     1137699000	     56783	8000b2e6	8412	c.mv	x8,x4	  x0:0x00000000  x4:0xf857f102  x8=0xf857f102
     1138439000	     56820	8000b2e8	02fe67b3	rem	x15,x28,x15	 x28:0x00000000 x15:0xffffffff x15=0x00000000
     1138459000	     56821	8000b2ec	02860033	mul	x0,x12,x8	 x12:0x000002ec  x8:0xf857f102  x0=0x00000000
     1139199000	     56858	8000b2f0	0282d933	divu	x18,x5,x8	  x5:0x00000000  x8:0xf857f102 x18=0x00000000
     1139219000	     56859	8000b2f4	9a7d	c.andi	x12,-1	 x12:0x000002ec x12=0x000002ec
     1139239000	     56860	8000b2f6	8e69	c.and	x12,x10	 x12:0x000002ec x10:0x00000000 x12=0x00000000
     1139979000	     56897	8000b2f8	02ec5c33	divu	x24,x24,x14	 x24:0x80000000 x14:0x000002ec x24=0x002bceb7
     1139999000	     56898	8000b2fc	717d	c.addi16sp	x2,-16	  x2:0x74c26000  x2=0x74c25ff0
     1140019000	     56899	8000b2fe	e981	c.bnez	x11,8000b30e	 x11:0xffff60fb
     1140419000	     56919	8000b30e	0399b5b3	mulhu	x11,x19,x25	 x19:0x80021e44 x25:0x80025ce4 x11=0x40023d99
     1140439000	     56920	8000b312	1384	c.addi4spn	x9,x2,480	  x9=0x74c261d0
     1141179000	     56957	8000b314	0307e0b3	rem	x1,x15,x16	 x15:0x00000000 x16:0x8a0ccfdc  x1=0x00000000
     1141199000	     56958	8000b318	8bad	c.andi	x15,11	 x15:0x00000000 x15=0x00000000
     1141219000	     56959	8000b31a	0001	c.addi	x0,0	  x0:0x00000000  x0=0x00000000
     1141239000	     56960	8000b31c	00bf76b3	and	x13,x30,x11	 x30:0xe7200000 x11:0x40023d99 x13=0x40000000
     1141259000	     56961	8000b320	4f4cd617	auipc	x12,0x4f4cd	 x12=0xcf4d8320
     1141279000	     56962	8000b324	8631	c.srai	x12,0xc	 x12:0xcf4d8320 x12=0xfffcf4d8
     1141299000	     56963	8000b326	00ca	c.slli	x1,0x12	  x1:0x00000000  x1=0x00000000
     1141319000	     56964	8000b328	8e71	c.and	x12,x12	 x12:0xfffcf4d8 x12:0xfffcf4d8 x12=0xfffcf4d8
     1141439000	     56970	8000b32a	0196da33	srl	x20,x13,x25	 x13:0x40000000 x25:0x80025ce4 x20=0x04000000
     1141459000	     56971	8000b32e	057ee263	bltu	x29,x23,8000b372	 x29:0xf857ed0d x23:0x00000000
     1141479000	     56972	8000b332	15fd	c.addi	x11,-1	 x11:0x40023d99 x11=0x40023d98
     1141499000	     56973	8000b334	0359c963	blt	x19,x21,8000b366	 x19:0x80021e44 x21:0x8a0ccfdc
     1142099000	     57003	8000b366	d007f613	andi	x12,x15,-768	 x15:0x00000000 x12=0x00000000
     1142119000	     57004	8000b36a	4275	c.li	x4,29	  x4=0x0000001d
     1142139000	     57005	8000b36c	016fa133	slt	x2,x31,x22	 x31:0x00000001 x22:0x00000022  x2=0x00000001
     1142159000	     57006	8000b370	597d	c.li	x18,-1	 x18=0xffffffff
     1142179000	     57007	8000b372	1bfd	c.addi	x23,-1	 x23:0x00000000 x23=0xffffffff
     1142559000	     57026	8000b374	02306663	bltu	x0,x3,8000b3a0	  x0:0x00000000  x3:0x00000000
     1142579000	     57027	8000b378	32fe7393	andi	x7,x28,815	 x28:0x00000000  x7=0x00000000
     1142999000	     57048	8000b37c	00869413	slli	x8,x13,0x8	 x13:0x40000000  x8=0x00000000
     1143019000	     57049	8000b380	00c16463	bltu	x2,x12,8000b388	  x2:0x00000001 x12:0x00000000
     1143039000	     57050	8000b384	02449463	bne	x9,x4,8000b3ac	  x9:0x74c261d0  x4:0x0000001d
     1143539000	     57075	8000b3ac	02bc8763	beq	x25,x11,8000b3da	 x25:0x80025ce4 x11:0x40023d98
     1143959000	     57096	8000b3b0	0001	c.addi	x0,0	  x0:0x00000000  x0=0x00000000
     1143979000	     57097	8000b3b2	c89d	c.beqz	x9,8000b3e8	  x9:0x74c261d0
     1144859000	     57141	8000b3b4	02ded233	divu	x4,x29,x13	 x29:0xf857ed0d x13:0x40000000  x4=0x00000003
     1144879000	     57142	8000b3b8	018be233	or	x4,x23,x24	 x23:0xffffffff x24:0x002bceb7  x4=0xffffffff
     1144899000	     57143	8000b3bc	eba64a93	xori	x21,x12,-326	 x12:0x00000000 x21=0xfffffeba
     1144919000	     57144	8000b3c0	cf09	c.beqz	x14,8000b3da	 x14:0x000002ec
     1144959000	     57146	8000b3c2	025dd533	divu	x10,x27,x5	 x27:0x80000000  x5:0x00000000 x10=0xffffffff
     1144979000	     57147	8000b3c6	8c5d	c.or	x8,x15	  x8:0x00000000 x15:0x00000000  x8=0x00000000
     1144999000	     57148	8000b3c8	70adba17	auipc	x20,0x70adb	 x20=0xf0ae63c8
     1145019000	     57149	8000b3cc	0001	c.addi	x0,0	  x0:0x00000000  x0=0x00000000
     1145039000	     57150	8000b3ce	8f8d	c.sub	x15,x11	 x15:0x00000000 x11:0x40023d98 x15=0xbffdc268
     1145059000	     57151	8000b3d0	614d	c.addi16sp	x2,176	  x2:0x00000001  x2=0x000000b1
     1145439000	     57170	8000b3d2	405257b3	sra	x15,x4,x5	  x4:0xffffffff  x5:0x00000000 x15=0xffffffff
     1145459000	     57171	8000b3d6	01428963	beq	x5,x20,8000b3e8	  x5:0x00000000 x20:0xf0ae63c8
     1145479000	     57172	8000b3da	87b9	c.srai	x15,0xe	 x15:0xffffffff x15=0xffffffff
     1145499000	     57173	8000b3dc	41090613	addi	x12,x18,1040	 x18:0xffffffff x12=0x0000040f
     1145619000	     57179	8000b3e0	18fd	c.addi	x17,-1	 x17:0x00000000 x17=0xffffffff
     1145659000	     57181	8000b3e2	08660413	addi	x8,x12,134	 x12:0x0000040f  x8=0x00000495
     1145679000	     57182	8000b3e6	717d	c.addi16sp	x2,-16	  x2:0x000000b1  x2=0x000000a1
     1145819000	     57189	8000b3e8	8265	c.srli	x12,0x19	 x12:0x0000040f x12=0x00000000
     1145839000	     57190	8000b3ea	8c99	c.sub	x9,x14	  x9:0x74c261d0 x14:0x000002ec  x9=0x74c25ee4
     1146099000	     57203	8000b3ec	1e80	c.addi4spn	x8,x2,880	  x8=0x00000411
     1146119000	     57204	8000b3ee	0001	c.addi	x0,0	  x0:0x00000000  x0=0x00000000
     1146139000	     57205	8000b3f0	877d	c.srai	x14,0x1f	 x14:0x000002ec x14=0x00000000
     1146359000	     57216	8000b3f2	40ba0bb3	sub	x23,x20,x11	 x20:0xf0ae63c8 x11:0x40023d98 x23=0xb0ac2630
     1146399000	     57218	8000b3f6	0284f763	bgeu	x9,x8,8000b424	  x9:0x74c25ee4  x8:0x00000411
     1147279000	     57262	8000b424	6931	c.lui	x18,0xc	 x18=0x0000c000
     1147339000	     57265	8000b426	02763eb3	mulhu	x29,x12,x7	 x12:0x00000000  x7:0x00000000 x29=0x00000000
     1147359000	     57266	8000b42a	8cdd	c.or	x9,x15	  x9:0x74c25ee4 x15:0xffffffff  x9=0xffffffff
     1147399000	     57268	8000b42c	02e99933	mulh	x18,x19,x14	 x19:0x80021e44 x14:0x00000000 x18=0x00000000
     1147419000	     57269	8000b430	52304613	xori	x12,x0,1315	  x0:0x00000000 x12=0x00000523
     1147759000	     57286	8000b434	403b00b3	sub	x1,x22,x3	 x22:0x00000022  x3:0x00000000  x1=0x00000022
     1147839000	     57290	8000b438	8cc1	c.or	x9,x8	  x9:0xffffffff  x8:0x00000411  x9=0xffffffff
     1148039000	     57300	8000b43a	0ff0000f	fence	iorw,iorw	
     1148059000	     57301	8000b43e	8efa	c.mv	x29,x30	  x0:0x00000000 x30:0xe7200000 x29=0xe7200000
     1148079000	     57302	8000b440	8f5e	c.mv	x30,x23	  x0:0x00000000 x23:0xb0ac2630 x30=0xb0ac2630
     1148099000	     57303	8000b442	0b5a	c.slli	x22,0x16	 x22:0x00000022 x22=0x08800000
     1148159000	     57306	8000b444	997d	c.andi	x10,-1	 x10:0xffffffff x10=0xffffffff
     1148179000	     57307	8000b446	434d	c.li	x6,19	  x6=0x00000013
     1148199000	     57308	8000b448	9ef6	c.add	x29,x29	 x29:0xe7200000 x29:0xe7200000 x29=0xce400000
     1148259000	     57311	8000b44a	01695193	srli	x3,x18,0x16	 x18:0x00000000  x3=0x00000000
     1148439000	     57320	8000b44e	005f6d33	or	x26,x30,x5	 x30:0xb0ac2630  x5:0x00000000 x26=0xb0ac2630
     1148859000	     57341	8000b452	00338433	add	x8,x7,x3	  x7:0x00000000  x3:0x00000000  x8=0x00000000
     1149279000	     57362	8000b456	f6968013	addi	x0,x13,-151	 x13:0x40000000  x0=0x00000000
     1149299000	     57363	8000b45a	0158bc33	sltu	x24,x17,x21	 x17:0xffffffff x21:0xfffffeba x24=0x00000000
     1149499000	     57373	8000b45e	ae317b93	andi	x23,x2,-1309	  x2:0x000000a1 x23=0x000000a1
     1150239000	     57410	8000b462	0300f733	remu	x14,x1,x16	  x1:0x00000022 x16:0x8a0ccfdc x14=0x00000022
     1150259000	     57411	8000b466	9a7d	c.andi	x12,-1	 x12:0x00000523 x12=0x00000523
     1150279000	     57412	8000b468	01202c33	slt	x24,x0,x18	  x0:0x00000000 x18:0x00000000 x24=0x00000000
     1150299000	     57413	8000b46c	41cbdf93	srai	x31,x23,0x1c	 x23:0x000000a1 x31=0x00000000
     1150339000	     57415	8000b470	02a12fb3	mulhsu	x31,x2,x10	  x2:0x000000a1 x10:0xffffffff x31=0x000000a0
     1150359000	     57416	8000b474	02431463	bne	x6,x4,8000b49c	  x6:0x00000013  x4:0xffffffff
     1150479000	     57422	8000b49c	0001	c.addi	x0,0	  x0:0x00000000  x0=0x00000000
     1150679000	     57432	8000b49e	01064033	xor	x0,x12,x16	 x12:0x00000523 x16:0x8a0ccfdc  x0=0x00000000
     1150699000	     57433	8000b4a2	654d	c.lui	x10,0x13	 x10=0x00013000
     1151099000	     57453	8000b4a4	632ee593	ori	x11,x29,1586	 x29:0xce400000 x11=0xce400632
     1151119000	     57454	8000b4a8	611d	c.addi16sp	x2,416	  x2:0x000000a1  x2=0x00000241
     1151139000	     57455	8000b4aa	8c95	c.sub	x9,x13	  x9:0xffffffff x13:0x40000000  x9=0xbfffffff
     1151239000	     57460	8000b4ac	021414b3	mulh	x9,x8,x1	  x8:0x00000000  x1:0x00000022  x9=0x00000000
     1151259000	     57461	8000b4b0	0521	c.addi	x10,8	 x10:0x00013000 x10=0x00013008
     1151279000	     57462	8000b4b2	c01d	c.beqz	x8,8000b4d8	  x8:0x00000000
     1151939000	     57495	8000b4d8	0084d313	srli	x6,x9,0x8	  x9:0x00000000  x6=0x00000000
     1151999000	     57498	8000b4dc	01830f33	add	x30,x6,x24	  x6:0x00000000 x24:0x00000000 x30=0x00000000
     1152419000	     57519	8000b4e0	0040f463	bgeu	x1,x4,8000b4e8	  x1:0x00000022  x4:0xffffffff
     1153159000	     57556	8000b4e4	03bf4833	div	x16,x30,x27	 x30:0x00000000 x27:0x80000000 x16=0x00000000
     1153199000	     57558	8000b4e8	03055733	divu	x14,x10,x16	 x10:0x00013008 x16:0x00000000 x14=0xffffffff
     1153219000	     57559	8000b4ec	00c8a133	slt	x2,x17,x12	 x17:0xffffffff x12:0x00000523  x2=0x00000001
     1153239000	     57560	8000b4f0	0ff0000f	fence	iorw,iorw	
     1153359000	     57566	8000b4f4	17140737	lui	x14,0x17140	 x14=0x17140000
     1153519000	     57574	8000b4f8	0001	c.addi	x0,0	  x0:0x00000000  x0=0x00000000
     1162559000	     58026	8000b4fa	69a0b697	auipc	x13,0x69a0b	 x13=0xe9a164fa
     1162579000	     58027	8000b4fe	0190dc13	srli	x24,x1,0x19	  x1:0x00000022 x24=0x00000000
     1162599000	     58028	8000b502	8f25	c.xor	x14,x9	 x14:0x17140000  x9:0x00000000 x14=0x17140000
     1162619000	     58029	8000b504	41ec5333	sra	x6,x24,x30	 x24:0x00000000 x30:0x00000000  x6=0x00000000
     1162639000	     58030	8000b508	01be5d13	srli	x26,x28,0x1b	 x28:0x00000000 x26=0x00000000
     1162659000	     58031	8000b50c	004c0e13	addi	x28,x24,4	 x24:0x00000000 x28=0x00000004
     1162839000	     58040	8000b510	8f42	c.mv	x30,x16	  x0:0x00000000 x16:0x00000000 x30=0x00000000
     1162859000	     58041	8000b512	ef19	c.bnez	x14,8000b530	 x14:0x17140000
     1163439000	     58070	8000b530	0001	c.addi	x0,0	  x0:0x00000000  x0=0x00000000
     1163459000	     58071	8000b532	f72d0013	addi	x0,x26,-142	 x26:0x00000000  x0=0x00000000
     1163479000	     58072	8000b536	0001	c.addi	x0,0	  x0:0x00000000  x0=0x00000000
     1164219000	     58109	8000b538	034852b3	divu	x5,x16,x20	 x16:0x00000000 x20:0xf0ae63c8  x5=0x00000000
     1164239000	     58110	8000b53c	6c6d	c.lui	x24,0x1b	 x24=0x0001b000
     1164259000	     58111	8000b53e	0886	c.slli	x17,0x1	 x17:0xffffffff x17=0xfffffffe
     1164279000	     58112	8000b540	00324263	blt	x4,x3,8000b544	  x4:0xffffffff  x3:0x00000000
     1164319000	     58114	8000b544	019c0133	add	x2,x24,x25	 x24:0x0001b000 x25:0x80025ce4  x2=0x80040ce4
     1164339000	     58115	8000b548	8ebd	c.xor	x13,x15	 x13:0xe9a164fa x15:0xffffffff x13=0x165e9b05
     1164359000	     58116	8000b54a	1f7d	c.addi	x30,-1	 x30:0x00000000 x30=0xffffffff
     1164379000	     58117	8000b54c	0280	c.addi4spn	x8,x2,320	  x8=0x80040e24
     1164399000	     58118	8000b54e	1518	c.addi4spn	x14,x2,672	 x14=0x80040f84
     1165039000	     58150	8000b550	03938533	mul	x10,x7,x25	  x7:0x00000000 x25:0x80025ce4 x10=0x00000000
     1165779000	     58187	8000b554	033056b3	divu	x13,x0,x19	  x0:0x00000000 x19:0x80021e44 x13=0x00000000
     1165799000	     58188	8000b558	660ba213	slti	x4,x23,1632	 x23:0x000000a1  x4=0x00000001
     1165819000	     58189	8000b55c	0a6e	c.slli	x20,0x1b	 x20:0xf0ae63c8 x20=0x40000000
     1165839000	     58190	8000b55e	6f25	c.lui	x30,0x9	 x30=0x00009000
     1165859000	     58191	8000b560	034dd463	bge	x27,x20,8000b588	 x27:0x80000000 x20:0x40000000
     1165879000	     58192	8000b564	cc8d	c.beqz	x9,8000b59e	  x9:0x00000000
     1167239000	     58260	8000b59e	00694263	blt	x18,x6,8000b5a2	 x18:0x00000000  x6:0x00000000
     1167279000	     58262	8000b5a2	0ff0000f	fence	iorw,iorw	
     1167299000	     58263	8000b5a6	00d4bf33	sltu	x30,x9,x13	  x9:0x00000000 x13:0x00000000 x30=0x00000000
     1167319000	     58264	8000b5aa	6b09	c.lui	x22,0x2	 x22=0x00002000
     1167619000	     58279	8000b5ac	00382ab3	slt	x21,x16,x3	 x16:0x00000000  x3:0x00000000 x21=0x00000000
     1168299000	     58313	8000b5b0	0049a783	lw	x15,4(x19)	 x19:0x80021e44 x15=0x80007c7e PA:0x80021e48 load:0x80007c7e
     1168319000	     58314	8000b5b4	00539593	slli	x11,x7,0x5	  x7:0x00000000 x11=0x00000000
     1169059000	     58351	8000b5b8	0335ed33	rem	x26,x11,x19	 x11:0x00000000 x19:0x80021e44 x26=0x00000000
     1169799000	     58388	8000b5bc	034c7e33	remu	x28,x24,x20	 x24:0x0001b000 x20:0x40000000 x28=0x0001b000
     1169819000	     58389	8000b5c0	02098993	addi	x19,x19,32	 x19:0x80021e44 x19=0x80021e64
     1169839000	     58390	8000b5c4	8f29	c.xor	x14,x10	 x14:0x80040f84 x10:0x00000000 x14=0x80040f84
     1169859000	     58391	8000b5c6	414451b3	sra	x3,x8,x20	  x8:0x80040e24 x20:0x40000000  x3=0x80040e24
     1169879000	     58392	8000b5ca	0ff0000f	fence	iorw,iorw	
     1169899000	     58393	8000b5ce	00c33eb3	sltu	x29,x6,x12	  x6:0x00000000 x12:0x00000523 x29=0x00000001
     1169919000	     58394	8000b5d2	00178b93	addi	x23,x15,1	 x15:0x80007c7e x23=0x80007c7f
     1170159000	     58406	8000b5d6	000b8be7	jalr	x23,0(x23)	 x23:0x80007c7f x23=0x8000b5da
     1170399000	     58418	80007c7e	04b2	c.slli	x9,0xc	  x9:0x00000000  x9=0x00000000
     1170499000	     58423	80007c80	b286a913	slti	x18,x13,-1240	 x13:0x00000000 x18=0x00000000
     1170579000	     58427	80007c84	8946	c.mv	x18,x17	  x0:0x00000000 x17:0xfffffffe x18=0xfffffffe
     1170599000	     58428	80007c86	8d15	c.sub	x10,x13	 x10:0x00000000 x13:0x00000000 x10=0x00000000
     1170619000	     58429	80007c88	0000100f	fence.i	
     1170919000	     58444	80007c8c	6cf3af93	slti	x31,x7,1743	  x7:0x00000000 x31=0x00000001
     1170939000	     58445	80007c90	64f1	c.lui	x9,0x1c	  x9=0x0001c000
     1170959000	     58446	80007c92	010d4ab3	xor	x21,x26,x16	 x26:0x00000000 x16:0x00000000 x21=0x00000000
     1171059000	     58451	80007c96	014eb7b3	sltu	x15,x29,x20	 x29:0x00000001 x20:0x40000000 x15=0x00000001
     1171079000	     58452	80007c9a	844a	c.mv	x8,x18	  x0:0x00000000 x18:0xfffffffe  x8=0xfffffffe
     1171319000	     58464	80007c9c	00951593	slli	x11,x10,0x9	 x10:0x00000000 x11=0x00000000
     1171699000	     58483	80007ca0	02de72b3	remu	x5,x28,x13	 x28:0x0001b000 x13:0x00000000  x5=0x0001b000
     1171779000	     58487	80007ca4	f5a0d197	auipc	x3,0xf5a0d	  x3=0x75a14ca4
     1171799000	     58488	80007ca8	8d4d	c.or	x10,x11	 x10:0x00000000 x11:0x00000000 x10=0x00000000
     1171819000	     58489	80007caa	03b28163	beq	x5,x27,80007ccc	  x5:0x0001b000 x27:0x80000000
     1171999000	     58498	80007cae	fa957c13	andi	x24,x10,-87	 x10:0x00000000 x24=0x00000000
     1172079000	     58502	80007cb2	0221b133	mulhu	x2,x3,x2	  x3:0x75a14ca4  x2:0x80040ce4  x2=0x3ad282c3
     1172259000	     58511	80007cb6	0ff0000f	fence	iorw,iorw	
     1172379000	     58517	80007cba	0358e6b3	rem	x13,x17,x21	 x17:0xfffffffe x21:0x00000000 x13=0xfffffffe
     1172399000	     58518	80007cbe	8fc5	c.or	x15,x9	 x15:0x00000001  x9:0x0001c000 x15=0x0001c001
     1172659000	     58531	80007cc0	598f6e93	ori	x29,x30,1432	 x30:0x00000000 x29=0x00000598
     1173039000	     58550	80007cc4	008c43b3	xor	x7,x24,x8	 x24:0x00000000  x8:0xfffffffe  x7=0xfffffffe
     1173059000	     58551	80007cc8	037d1163	bne	x26,x23,80007cea	 x26:0x00000000 x23:0x8000b5da
     1173919000	     58594	80007cea	002780b3	add	x1,x15,x2	 x15:0x0001c001  x2:0x3ad282c3  x1=0x3ad442c4
     1173939000	     58595	80007cee	00641f63	bne	x8,x6,80007d0c	  x8:0xfffffffe  x6:0x00000000
     1174259000	     58611	80007d0c	419d53b3	sra	x7,x26,x25	 x26:0x00000000 x25:0x80025ce4  x7=0x00000000
     1174299000	     58613	80007d10	868ba513	slti	x10,x23,-1944	 x23:0x8000b5da x10=0x00000001
     1174439000	     58620	80007d14	018f6263	bltu	x30,x24,80007d18	 x30:0x00000000 x24:0x00000000
     1174539000	     58625	80007d18	0002ee33	or	x28,x5,x0	  x5:0x0001b000  x0:0x00000000 x28=0x0001b000
     1174559000	     58626	80007d1c	009f70b3	and	x1,x30,x9	 x30:0x00000000  x9:0x0001c000  x1=0x00000000
     1174659000	     58631	80007d20	88c1	c.andi	x9,16	  x9:0x0001c000  x9=0x00000000
     1174779000	     58637	80007d22	0079c6b3	xor	x13,x19,x7	 x19:0x80021e64  x7:0x00000000 x13=0x80021e64
     1174799000	     58638	80007d26	00586533	or	x10,x16,x5	 x16:0x00000000  x5:0x0001b000 x10=0x0001b000
     1174999000	     58648	80007d2a	0ff0000f	fence	iorw,iorw	
     1175179000	     58657	80007d2e	02ff0133	mul	x2,x30,x15	 x30:0x00000000 x15:0x0001c001  x2=0x00000000
     1175199000	     58658	80007d32	6c79	c.lui	x24,0x1e	 x24=0x0001e000
     1175219000	     58659	80007d34	4c3d	c.li	x24,15	 x24=0x0000000f
     1175259000	     58661	80007d36	02251b33	mulh	x22,x10,x2	 x10:0x0001b000  x2:0x00000000 x22=0x00000000
     1175279000	     58662	80007d3a	8dd9	c.or	x11,x14	 x11:0x00000000 x14:0x80040f84 x11=0x80040f84
     1175299000	     58663	80007d3c	85f1	c.srai	x11,0x1c	 x11:0x80040f84 x11=0xfffffff8
     1175319000	     58664	80007d3e	08da	c.slli	x17,0x16	 x17:0xfffffffe x17=0xff800000
     1176059000	     58701	80007d40	02dae1b3	rem	x3,x21,x13	 x21:0x00000000 x13:0x80021e64  x3=0x00000000
     1176079000	     58702	80007d44	3b042337	lui	x6,0x3b042	  x6=0x3b042000
     1176099000	     58703	80007d48	91ea	c.add	x3,x26	  x3:0x00000000 x26:0x00000000  x3=0x00000000
     1176119000	     58704	80007d4a	51342213	slti	x4,x8,1299	  x8:0xfffffffe  x4=0x00000001
     1176139000	     58705	80007d4e	824d	c.srli	x12,0x13	 x12:0x00000523 x12=0x00000000
     1176159000	     58706	80007d50	40b88933	sub	x18,x17,x11	 x17:0xff800000 x11:0xfffffff8 x18=0xff800008
     1176179000	     58707	80007d54	90ba	c.add	x1,x14	  x1:0x00000000 x14:0x80040f84  x1=0x80040f84
     1176339000	     58715	80007d56	c7b1f713	andi	x14,x3,-901	  x3:0x00000000 x14=0x00000000
     1176359000	     58716	80007d5a	8fdd	c.or	x15,x15	 x15:0x0001c001 x15:0x0001c001 x15=0x0001c001
     1176479000	     58722	80007d5c	c709	c.beqz	x14,80007d66	 x14:0x00000000
     1177759000	     58786	80007d66	0000100f	fence.i	
     1178559000	     58826	80007d6a	81ed	c.srli	x11,0x1b	 x11:0xfffffff8 x11=0x0000001f
     1178959000	     58846	80007d6c	036a6c63	bltu	x20,x22,80007da4	 x20:0x40000000 x22:0x00000000
     1178979000	     58847	80007d70	0001	c.addi	x0,0	  x0:0x00000000  x0=0x00000000
     1178999000	     58848	80007d72	00f9eab3	or	x21,x19,x15	 x19:0x80021e64 x15:0x0001c001 x21=0x8003de65
     1179019000	     58849	80007d76	1f04	c.addi4spn	x9,x2,944	  x9=0x000003b0
     1179199000	     58858	80007d78	aba06693	ori	x13,x0,-1350	  x0:0x00000000 x13=0xfffffaba
     1179219000	     58859	80007d7c	00a85533	srl	x10,x16,x10	 x16:0x00000000 x10:0x0001b000 x10=0x00000000
     1179239000	     58860	80007d80	0107d593	srli	x11,x15,0x10	 x15:0x0001c001 x11=0x00000001
     1179259000	     58861	80007d84	1758f213	andi	x4,x17,373	 x17:0xff800000  x4=0x00000000
     1179279000	     58862	80007d88	004f2c33	slt	x24,x30,x4	 x30:0x00000000  x4:0x00000000 x24=0x00000000
     1179359000	     58866	80007d8c	0156e633	or	x12,x13,x21	 x13:0xfffffaba x21:0x8003de65 x12=0xfffffeff
     1179519000	     58874	80007d90	dc19a913	slti	x18,x19,-575	 x19:0x80021e64 x18=0x00000001
     1179659000	     58881	80007d94	18362213	slti	x4,x12,387	 x12:0xfffffeff  x4=0x00000001
     1179859000	     58891	80007d98	0057a933	slt	x18,x15,x5	 x15:0x0001c001  x5:0x0001b000 x18=0x00000000
     1179879000	     58892	80007d9c	79de6737	lui	x14,0x79de6	 x14=0x79de6000
     1179899000	     58893	80007da0	001a7f63	bgeu	x20,x1,80007dbe	 x20:0x40000000  x1:0x80040f84
     1180059000	     58901	80007da4	9532	c.add	x10,x12	 x10:0x00000000 x12:0xfffffeff x10=0xfffffeff
     1180099000	     58903	80007da6	029b1633	mulh	x12,x22,x9	 x22:0x00000000  x9:0x000003b0 x12=0x00000000
     1180499000	     58923	80007daa	01f24833	xor	x16,x4,x31	  x4:0x00000001 x31:0x00000001 x16=0x00000000
     1180519000	     58924	80007dae	611d	c.addi16sp	x2,416	  x2:0x00000000  x2=0x000001a0
     1180919000	     58944	80007db0	40d9d733	sra	x14,x19,x13	 x19:0x80021e64 x13:0xfffffaba x14=0xffffffe0
     1180939000	     58945	80007db4	8ec9	c.or	x13,x10	 x13:0xfffffaba x10:0xfffffeff x13=0xfffffeff
     1181359000	     58966	80007db6	03604563	blt	x0,x22,80007de0	  x0:0x00000000 x22:0x00000000
     1182099000	     59003	80007dba	03f1d5b3	divu	x11,x3,x31	  x3:0x00000000 x31:0x00000001 x11=0x00000000
     1182119000	     59004	80007dbe	024d8d33	mul	x26,x27,x4	 x27:0x80000000  x4:0x00000001 x26=0x80000000
     1182139000	     59005	80007dc2	8e6d	c.and	x12,x11	 x12:0x00000000 x11:0x00000000 x12=0x00000000
     1182159000	     59006	80007dc4	4106d533	sra	x10,x13,x16	 x13:0xfffffeff x16:0x00000000 x10=0xfffffeff
     1182179000	     59007	80007dc8	02eb8f33	mul	x30,x23,x14	 x23:0x8000b5da x14:0xffffffe0 x30=0xffe944c0
     1182199000	     59008	80007dcc	86f6	c.mv	x13,x29	  x0:0x00000000 x29:0x00000598 x13=0x00000598
     1182219000	     59009	80007dce	01143633	sltu	x12,x8,x17	  x8:0xfffffffe x17:0xff800000 x12=0x00000000
     1182239000	     59010	80007dd2	eb48ee93	ori	x29,x17,-332	 x17:0xff800000 x29=0xfffffeb4
     1182259000	     59011	80007dd6	0001	c.addi	x0,0	  x0:0x00000000  x0=0x00000000
     1182279000	     59012	80007dd8	00715963	bge	x2,x7,80007dea	  x2:0x000001a0  x7:0x00000000
     1182759000	     59036	80007dea	02903d33	mulhu	x26,x0,x9	  x0:0x00000000  x9:0x000003b0 x26=0x00000000
     1182779000	     59037	80007dee	8f99	c.sub	x15,x14	 x15:0x0001c001 x14:0xffffffe0 x15=0x0001c021
     1182799000	     59038	80007df0	00749633	sll	x12,x9,x7	  x9:0x000003b0  x7:0x00000000 x12=0x000003b0
     1184279000	     59112	80007df4	00001b97	auipc	x23,0x1	 x23=0x80008df4
     1184299000	     59113	80007df8	b82b8b93	addi	x23,x23,-1150	 x23:0x80008df4 x23=0x80008976
     1184319000	     59114	80007dfc	00761013	slli	x0,x12,0x7	 x12:0x000003b0  x0=0x00000000
     1184339000	     59115	80007e00	7c362093	slti	x1,x12,1987	 x12:0x000003b0  x1=0x00000001
     1184359000	     59116	80007e04	002f7433	and	x8,x30,x2	 x30:0xffe944c0  x2:0x000001a0  x8=0x00000080
     1184439000	     59120	80007e08	0080a0b3	slt	x1,x1,x8	  x1:0x00000001  x8:0x00000080  x1=0x00000001
     1184639000	     59130	80007e0c	02b3f1b3	remu	x3,x7,x11	  x7:0x00000000 x11:0x00000000  x3=0x00000000
     1185059000	     59151	80007e10	1c8b8b93	addi	x23,x23,456	 x23:0x80008976 x23=0x80008b3e
     1185079000	     59152	80007e14	00108c33	add	x24,x1,x1	  x1:0x00000001  x1:0x00000001 x24=0x00000002
     1185259000	     59161	80007e18	03ad7333	remu	x6,x26,x26	 x26:0x00000000 x26:0x00000000  x6=0x00000000
     1185279000	     59162	80007e1c	171c	c.addi4spn	x15,x2,928	 x15=0x00000540
     1185299000	     59163	80007e1e	01e404b3	add	x9,x8,x30	  x8:0x00000080 x30:0xffe944c0  x9=0xffe94540
     1185359000	     59166	80007e22	e39b87e7	jalr	x15,-455(x23)	 x23:0x80008b3e x15=0x80007e26
     1185599000	     59178	80008976	19a1	c.addi	x19,-24	 x19:0x80021e64 x19=0x80021e4c
     1185779000	     59187	80008978	028aaf33	mulhsu	x30,x21,x8	 x21:0x8003de65  x8:0x00000080 x30=0xffffffc0
     1186179000	     59207	8000897c	8765	c.srai	x14,0x19	 x14:0xffffffe0 x14=0xffffffff
     1186239000	     59210	8000897e	02943b33	mulhu	x22,x8,x9	  x8:0x00000080  x9:0xffe94540 x22=0x0000007f
     1186339000	     59215	80008982	00f9a223	sw	x15,4(x19)	 x19:0x80021e4c x15:0x80007e26 PA:0x80021e50 store:0x80007e26 load:0xffffffff
     1186359000	     59216	80008986	6f99	c.lui	x31,0x6	 x31=0x00006000
     1186379000	     59217	80008988	8cf5	c.and	x9,x13	  x9:0xffe94540 x13:0x00000598  x9=0x00000500
     1186399000	     59218	8000898a	412a8f33	sub	x30,x21,x18	 x21:0x8003de65 x18:0x00000000 x30=0x8003de65
     1186419000	     59219	8000898e	8f39	c.xor	x14,x14	 x14:0xffffffff x14:0xffffffff x14=0x00000000
     1186499000	     59223	80008990	54cbf597	auipc	x11,0x54cbf	 x11=0xd4cc7990
     1186519000	     59224	80008994	198c	c.addi4spn	x11,x2,240	 x11=0x00000290
     1186539000	     59225	80008996	98be	c.add	x17,x15	 x17:0xff800000 x15:0x80007e26 x17=0x7f807e26
     1187279000	     59262	80008998	036bd8b3	divu	x17,x23,x22	 x23:0x80008b3e x22:0x0000007f x17=0x01020520
     1187299000	     59263	8000899c	00e69463	bne	x13,x14,800089a4	 x13:0x00000598 x14:0x00000000
     1188059000	     59301	800089a4	02a446b3	div	x13,x8,x10	  x8:0x00000080 x10:0xfffffeff x13=0x00000000
     1188079000	     59302	800089a8	ca01	c.beqz	x12,800089b8	 x12:0x000003b0
     1188099000	     59303	800089aa	0001	c.addi	x0,0	  x0:0x00000000  x0=0x00000000
     1188139000	     59305	800089ac	03846963	bltu	x8,x24,800089de	  x8:0x00000080 x24:0x00000002
     1188319000	     59314	800089b0	07c2	c.slli	x15,0x10	 x15:0x80007e26 x15=0x7e260000
     1188699000	     59333	800089b2	0000100f	fence.i	
     1190099000	     59403	800089b6	c395	c.beqz	x15,800089da	 x15:0x7e260000
     1190119000	     59404	800089b8	02ba7b63	bgeu	x20,x11,800089ee	 x20:0x40000000 x11:0x00000290
     1190439000	     59420	800089ee	014e	c.slli	x2,0x13	  x2:0x000001a0  x2=0x0d000000
     1191579000	     59477	800089f0	02a36d33	rem	x26,x6,x10	  x6:0x00000000 x10:0xfffffeff x26=0x00000000
     1191599000	     59478	800089f4	00385193	srli	x3,x16,0x3	 x16:0x00000000  x3=0x00000000
     1191619000	     59479	800089f8	01373133	sltu	x2,x14,x19	 x14:0x00000000 x19:0x80021e4c  x2=0x00000001
     1191639000	     59480	800089fc	00ca2ab3	slt	x21,x20,x12	 x20:0x40000000 x12:0x000003b0 x21=0x00000000
     1191659000	     59481	80008a00	8e89	c.sub	x13,x10	 x13:0x00000000 x10:0xfffffeff x13=0x00000101
     1191699000	     59483	80008a02	01616e63	bltu	x2,x22,80008a1e	  x2:0x00000001 x22:0x0000007f
     1192119000	     59504	80008a1e	01c412b3	sll	x5,x8,x28	  x8:0x00000080 x28:0x0001b000  x5=0x00000080
     1192139000	     59505	80008a22	052a	c.slli	x10,0xa	 x10:0xfffffeff x10=0xfffbfc00
     1192359000	     59516	80008a24	033b5663	bge	x22,x19,80008a50	 x22:0x0000007f x19:0x80021e4c
     1192739000	     59535	80008a50	0000100f	fence.i	
     1193899000	     59593	80008a54	036b7233	remu	x4,x22,x22	 x22:0x0000007f x22:0x0000007f  x4=0x00000000
     1193919000	     59594	80008a58	003db7b3	sltu	x15,x27,x3	 x27:0x80000000  x3:0x00000000 x15=0x00000000
     1193939000	     59595	80008a5c	00c5db63	bge	x11,x12,80008a72	 x11:0x00000290 x12:0x000003b0
     1193959000	     59596	80008a60	6aa9	c.lui	x21,0xa	 x21=0x0000a000
     1193979000	     59597	80008a62	be98ee97	auipc	x29,0xbe98e	 x29=0x3e996a62
     1193999000	     59598	80008a66	003d70b3	and	x1,x26,x3	 x26:0x00000000  x3:0x00000000  x1=0x00000000
     1194019000	     59599	80008a6a	4125d213	srai	x4,x11,0x12	 x11:0x00000290  x4=0x00000000
     1194099000	     59603	80008a6e	00a00d63	beq	x0,x10,80008a88	  x0:0x00000000 x10:0xfffbfc00
     1194439000	     59620	80008a72	03cc08b3	mul	x17,x24,x28	 x24:0x00000002 x28:0x0001b000 x17=0x00036000
     1194459000	     59621	80008a76	03195e63	bge	x18,x17,80008ab2	 x18:0x00000000 x17:0x00036000
     1194639000	     59630	80008a7a	03344663	blt	x8,x19,80008aa6	  x8:0x00000080 x19:0x80021e4c
     1194659000	     59631	80008a7e	013465b3	or	x11,x8,x19	  x8:0x00000080 x19:0x80021e4c x11=0x80021ecc
     1195479000	     59672	80008a82	02a05833	divu	x16,x0,x10	  x0:0x00000000 x10:0xfffbfc00 x16=0x00000000
     1195499000	     59673	80008a86	6f51	c.lui	x30,0x14	 x30=0x00014000
     1195519000	     59674	80008a88	4165dd33	sra	x26,x11,x22	 x11:0x80021ecc x22:0x0000007f x26=0xffffffff
     1195539000	     59675	80008a8c	8cf9	c.and	x9,x14	  x9:0x00000500 x14:0x00000000  x9=0x00000000
     1195559000	     59676	80008a8e	8151	c.srli	x10,0x14	 x10:0xfffbfc00 x10=0x00000fff
     1195599000	     59678	80008a90	028435b3	mulhu	x11,x8,x8	  x8:0x00000080  x8:0x00000080 x11=0x00000000
     1195619000	     59679	80008a94	0919	c.addi	x18,6	 x18:0x00000000 x18=0x00000006
     1195639000	     59680	80008a96	01e276b3	and	x13,x4,x30	  x4:0x00000000 x30:0x00014000 x13=0x00000000
     1195819000	     59689	80008a9a	edbd8013	addi	x0,x27,-293	 x27:0x80000000  x0=0x00000000
     1195839000	     59690	80008a9e	02471c63	bne	x14,x4,80008ad6	 x14:0x00000000  x4:0x00000000
     1196019000	     59699	80008aa2	1d7e7293	andi	x5,x28,471	 x28:0x0001b000  x5=0x00000000
     1196419000	     59719	80008aa6	00e1de63	bge	x3,x14,80008ac2	  x3:0x00000000 x14:0x00000000
     1196799000	     59738	80008ac2	03d9ec63	bltu	x19,x29,80008afa	 x19:0x80021e4c x29:0x3e996a62
     1196819000	     59739	80008ac6	0001	c.addi	x0,0	  x0:0x00000000  x0=0x00000000
     1196859000	     59741	80008ac8	00000bb3	add	x23,x0,x0	  x0:0x00000000  x0:0x00000000 x23=0x00000000
     1196959000	     59746	80008acc	6269	c.lui	x4,0x1a	  x4=0x0001a000
     1197039000	     59750	80008ace	012e1b93	slli	x23,x28,0x12	 x28:0x0001b000 x23=0xc0000000
     1197059000	     59751	80008ad2	03280063	beq	x16,x18,80008af2	 x16:0x00000000 x18:0x00000006
     1197099000	     59753	80008ad6	03cfa433	mulhsu	x8,x31,x28	 x31:0x00006000 x28:0x0001b000  x8=0x00000000
     1197119000	     59754	80008ada	98fd	c.andi	x9,-1	  x9:0x00000000  x9=0x00000000
     1197139000	     59755	80008adc	02380363	beq	x16,x3,80008b02	 x16:0x00000000  x3:0x00000000
     1197699000	     59783	80008b02	0201e933	rem	x18,x3,x0	  x3:0x00000000  x0:0x00000000 x18=0x00000000
     1197719000	     59784	80008b06	e1a9	c.bnez	x11,80008b48	 x11:0x00000000
     1197959000	     59796	80008b08	8fad	c.xor	x15,x11	 x15:0x00000000 x11:0x00000000 x15=0x00000000
     1197979000	     59797	80008b0a	99fd	c.andi	x11,-1	 x11:0x00000000 x11=0x00000000
     1198379000	     59817	80008b0c	c621	c.beqz	x12,80008b54	 x12:0x000003b0
     1199119000	     59854	80008b0e	0358ca33	div	x20,x17,x21	 x17:0x00036000 x21:0x0000a000 x20=0x00000005
     1199139000	     59855	80008b12	35708517	auipc	x10,0x35708	 x10=0xb5710b12
     1199159000	     59856	80008b16	8442	c.mv	x8,x16	  x0:0x00000000 x16:0x00000000  x8=0x00000000
     1199179000	     59857	80008b18	418b5033	sra	x0,x22,x24	 x22:0x0000007f x24:0x00000002  x0=0x00000000
     1199199000	     59858	80008b1c	00455c63	bge	x10,x4,80008b34	 x10:0xb5710b12  x4:0x0001a000
     1199219000	     59859	80008b20	00b466b3	or	x13,x8,x11	  x8:0x00000000 x11:0x00000000 x13=0x00000000
     1199239000	     59860	80008b24	0001	c.addi	x0,0	  x0:0x00000000  x0=0x00000000
     1199259000	     59861	80008b26	717d	c.addi16sp	x2,-16	  x2:0x00000001  x2=0xfffffff1
     1199299000	     59863	80008b28	0ea52713	slti	x14,x10,234	 x10:0xb5710b12 x14=0x00000001
     1199319000	     59864	80008b2c	025b02b3	mul	x5,x22,x5	 x22:0x0000007f  x5:0x00000000  x5=0x00000000
     1199339000	     59865	80008b30	4164d213	srai	x4,x9,0x16	  x9:0x00000000  x4=0x00000000
     1199759000	     59886	80008b34	01ead8b3	srl	x17,x21,x30	 x21:0x0000a000 x30:0x00014000 x17=0x0000a000
     1199859000	     59891	80008b38	03692033	mulhsu	x0,x18,x22	 x18:0x00000000 x22:0x0000007f  x0=0x00000000
     1199879000	     59892	80008b3c	00316f33	or	x30,x2,x3	  x2:0xfffffff1  x3:0x00000000 x30=0xfffffff1
     1200239000	     59910	80008b40	00d408b3	add	x17,x8,x13	  x8:0x00000000 x13:0x00000000 x17=0x00000000
     1200679000	     59932	80008b44	03a73133	mulhu	x2,x14,x26	 x14:0x00000001 x26:0xffffffff  x2=0x00000000
     1200699000	     59933	80008b48	01e650b3	srl	x1,x12,x30	 x12:0x000003b0 x30:0xfffffff1  x1=0x00000000
     1200839000	     59940	80008b4c	41e407b3	sub	x15,x8,x30	  x8:0x00000000 x30:0xfffffff1 x15=0x0000000f
     1201579000	     59977	80008b50	037975b3	remu	x11,x18,x23	 x18:0x00000000 x23:0xc0000000 x11=0x00000000
     1202319000	     60014	80008b54	03cf71b3	remu	x3,x30,x28	 x30:0xfffffff1 x28:0x0001b000  x3=0x00003ff1
     1202339000	     60015	80008b58	717d	c.addi16sp	x2,-16	  x2:0x00000000  x2=0xfffffff0
     1202359000	     60016	80008b5a	8539	c.srai	x10,0xe	 x10:0xb5710b12 x10=0xfffed5c4
     1202379000	     60017	80008b5c	01eb77b3	and	x15,x22,x30	 x22:0x0000007f x30:0xfffffff1 x15=0x00000071
     1202419000	     60019	80008b60	0319f7b3	remu	x15,x19,x17	 x19:0x80021e4c x17:0x00000000 x15=0x80021e4c
     1202439000	     60020	80008b64	8df5	c.and	x11,x13	 x11:0x00000000 x13:0x00000000 x11=0x00000000
     1202459000	     60021	80008b66	6115	c.addi16sp	x2,288	  x2:0xfffffff0  x2=0x00000110
     1202479000	     60022	80008b68	40a90733	sub	x14,x18,x10	 x18:0x00000000 x10:0xfffed5c4 x14=0x00012a3c
     1202499000	     60023	80008b6c	0169d463	bge	x19,x22,80008b74	 x19:0x80021e4c x22:0x0000007f
     1202519000	     60024	80008b70	0ff0000f	fence	iorw,iorw	
     1202699000	     60033	80008b74	005d41b3	xor	x3,x26,x5	 x26:0xffffffff  x5:0x00000000  x3=0xffffffff
     1202919000	     60044	80008b78	0f36	c.slli	x30,0xd	 x30:0xfffffff1 x30=0xfffe2000
     1202939000	     60045	80008b7a	8ff1	c.and	x15,x12	 x15:0x80021e4c x12:0x000003b0 x15=0x00000200
     1203139000	     60055	80008b7c	02da4333	div	x6,x20,x13	 x20:0x00000005 x13:0x00000000  x6=0xffffffff
     1203159000	     60056	80008b80	02ef0333	mul	x6,x30,x14	 x30:0xfffe2000 x14:0x00012a3c  x6=0xd0cf8000
     1203219000	     60059	80008b84	02ce8a63	beq	x29,x12,80008bb8	 x29:0x3e996a62 x12:0x000003b0
     1203239000	     60060	80008b88	4067d513	srai	x10,x15,0x6	 x15:0x00000200 x10=0x00000008
     1203259000	     60061	80008b8c	d3606393	ori	x7,x0,-714	  x0:0x00000000  x7=0xfffffd36
     1203279000	     60062	80008b90	ea0d	c.bnez	x12,80008bc2	 x12:0x000003b0
     1203899000	     60093	80008bc2	8fa1	c.xor	x15,x8	 x15:0x00000200  x8:0x00000000 x15=0x00000200
     1203919000	     60094	80008bc4	03850133	mul	x2,x10,x24	 x10:0x00000008 x24:0x00000002  x2=0x00000010
     1203939000	     60095	80008bc8	c80bef13	ori	x30,x23,-896	 x23:0xc0000000 x30=0xfffffc80
     1203959000	     60096	80008bcc	876a	c.mv	x14,x26	  x0:0x00000000 x26:0xffffffff x14=0xffffffff
     1203979000	     60097	80008bce	e899	c.bnez	x9,80008be4	  x9:0x00000000
     1203999000	     60098	80008bd0	015f8c63	beq	x31,x21,80008be8	 x31:0x00006000 x21:0x0000a000
     1204139000	     60105	80008bd4	41f75d33	sra	x26,x14,x31	 x14:0xffffffff x31:0x00006000 x26=0xffffffff
     1204259000	     60111	80008bd8	0079ed33	or	x26,x19,x7	 x19:0x80021e4c  x7:0xfffffd36 x26=0xffffff7e
     1204339000	     60115	80008bdc	41d152b3	sra	x5,x2,x29	  x2:0x00000010 x29:0x3e996a62  x5=0x00000004
     1204359000	     60116	80008be0	010e6433	or	x8,x28,x16	 x28:0x0001b000 x16:0x00000000  x8=0x0001b000
     1204399000	     60118	80008be4	40ae5ab3	sra	x21,x28,x10	 x28:0x0001b000 x10:0x00000008 x21=0x000001b0
     1204419000	     60119	80008be8	72cca593	slti	x11,x25,1836	 x25:0x80025ce4 x11=0x00000001
     1204459000	     60121	80008bec	b9abc893	xori	x17,x23,-1126	 x23:0xc0000000 x17=0x3ffffb9a
     1204839000	     60140	80008bf0	03a75e63	bge	x14,x26,80008c2c	 x14:0xffffffff x26:0xffffff7e
     1205119000	     60154	80008c2c	895a	c.mv	x18,x22	  x0:0x00000000 x22:0x0000007f x18=0x0000007f
     1205259000	     60161	80008c2e	01540b33	add	x22,x8,x21	  x8:0x0001b000 x21:0x000001b0 x22=0x0001b1b0
     1205279000	     60162	80008c32	8c29	c.xor	x8,x10	  x8:0x0001b000 x10:0x00000008  x8=0x0001b008
     1209519000	     60374	80008c34	045e	c.slli	x8,0x17	  x8:0x0001b008  x8=0x04000000
     1209539000	     60375	80008c36	01a90233	add	x4,x18,x26	 x18:0x0000007f x26:0xffffff7e  x4=0xfffffffd
     1210279000	     60412	80008c3a	02f74833	div	x16,x14,x15	 x14:0xffffffff x15:0x00000200 x16=0x00000000
     1211019000	     60449	80008c3e	02465f33	divu	x30,x12,x4	 x12:0x000003b0  x4:0xfffffffd x30=0x00000000
     1211039000	     60450	80008c42	00270c63	beq	x14,x2,80008c5a	 x14:0xffffffff  x2:0x00000010
     1211059000	     60451	80008c46	0f95	c.addi	x31,5	 x31:0x00006000 x31=0x00006005
     1211099000	     60453	80008c48	0393bbb3	mulhu	x23,x7,x25	  x7:0xfffffd36 x25:0x80025ce4 x23=0x80025b7e
     1211119000	     60454	80008c4c	0000100f	fence.i	
     1211219000	     60459	80008c50	0001	c.addi	x0,0	  x0:0x00000000  x0=0x00000000
     1211239000	     60460	80008c52	8c95	c.sub	x9,x13	  x9:0x00000000 x13:0x00000000  x9=0x00000000
     1211299000	     60463	80008c54	03ac0f33	mul	x30,x24,x26	 x24:0x00000002 x26:0xffffff7e x30=0xfffffefc
     1211319000	     60464	80008c58	8efd	c.and	x13,x15	 x13:0x00000000 x15:0x00000200 x13=0x00000000
     1211499000	     60473	80008c5a	b8c86393	ori	x7,x16,-1140	 x16:0x00000000  x7=0xfffffb8c
     1211579000	     60477	80008c5e	0103b013	sltiu	x0,x7,16	  x7:0xfffffb8c  x0=0x00000000
     1211599000	     60478	80008c62	8db5	c.xor	x11,x13	 x11:0x00000001 x13:0x00000000 x11=0x00000001
     1211619000	     60479	80008c64	8577b513	sltiu	x10,x15,-1961	 x15:0x00000200 x10=0x00000001
     1211639000	     60480	80008c68	0001	c.addi	x0,0	  x0:0x00000000  x0=0x00000000
     1211659000	     60481	80008c6a	94fe	c.add	x9,x31	  x9:0x00000000 x31:0x00006005  x9=0x00006005
     1211819000	     60489	80008c6c	0001	c.addi	x0,0	  x0:0x00000000  x0=0x00000000
     1211839000	     60490	80008c6e	8c1d	c.sub	x8,x15	  x8:0x04000000 x15:0x00000200  x8=0x03fffe00
     1211859000	     60491	80008c70	344acd13	xori	x26,x21,836	 x21:0x000001b0 x26=0x000002f4
     1212219000	     60509	80008c74	0a5e	c.slli	x20,0x17	 x20:0x00000005 x20=0x02800000
     1212239000	     60510	80008c76	3ea36213	ori	x4,x6,1002	  x6:0xd0cf8000  x4=0xd0cf83ea
     1212259000	     60511	80008c7a	1200	c.addi4spn	x8,x2,288	  x8=0x00000130
     1212359000	     60516	80008c7c	41e25393	srai	x7,x4,0x1e	  x4:0xd0cf83ea  x7=0xffffffff
     1213259000	     60561	80008c80	03105bb3	divu	x23,x0,x17	  x0:0x00000000 x17:0x3ffffb9a x23=0x00000000
     1213299000	     60563	80008c84	03faaa33	mulhsu	x20,x21,x31	 x21:0x000001b0 x31:0x00006005 x20=0x00000000
     1213359000	     60566	80008c88	0049a783	lw	x15,4(x19)	 x19:0x80021e4c x15=0x80007e26 PA:0x80021e50 load:0x80007e26
     1213379000	     60567	80008c8c	016c5d33	srl	x26,x24,x22	 x24:0x00000002 x22:0x0001b1b0 x26=0x00000000
     1213399000	     60568	80008c90	836d	c.srli	x14,0x1b	 x14:0xffffffff x14=0x0000001f
     1213419000	     60569	80008c92	64f9	c.lui	x9,0x1e	  x9=0x0001e000
     1213439000	     60570	80008c94	0ff0000f	fence	iorw,iorw	
     1213459000	     60571	80008c98	09e1	c.addi	x19,24	 x19:0x80021e4c x19=0x80021e64
     1213479000	     60572	80008c9a	93de	c.add	x7,x23	  x7:0xffffffff x23:0x00000000  x7=0xffffffff
     1213759000	     60586	80008c9c	8c51	c.or	x8,x12	  x8:0x00000130 x12:0x000003b0  x8=0x000003b0
     1213779000	     60587	80008c9e	00178293	addi	x5,x15,1	 x15:0x80007e26  x5=0x80007e27
     1213799000	     60588	80008ca2	000282e7	jalr	x5,0(x5)	  x5:0x80007e27  x5=0x80008ca6
     1213939000	     60595	80007e26	1f14	c.addi4spn	x13,x2,944	 x13=0x000003c0
     1214099000	     60603	80007e28	10de3293	sltiu	x5,x28,269	 x28:0x0001b000  x5=0x00000000
     1214119000	     60604	80007e2c	0001	c.addi	x0,0	  x0:0x00000000  x0=0x00000000
     1214439000	     60620	80007e2e	d95bc437	lui	x8,0xd95bc	  x8=0xd95bc000
     1214859000	     60641	80007e32	0ff0000f	fence	iorw,iorw	
     1214879000	     60642	80007e36	c799	c.beqz	x15,80007e44	 x15:0x80007e26
     1214899000	     60643	80007e38	415c5f33	sra	x30,x24,x21	 x24:0x00000002 x21:0x000001b0 x30=0x00000000
     1214919000	     60644	80007e3c	01324ab3	xor	x21,x4,x19	  x4:0xd0cf83ea x19:0x80021e64 x21=0x50cd9d8e
     1214979000	     60647	80007e40	0000100f	fence.i	
     1215159000	     60656	80007e44	8ab1c093	xori	x1,x3,-1877	  x3:0xffffffff  x1=0x00000754
     1215199000	     60658	80007e48	02579433	mulh	x8,x15,x5	 x15:0x80007e26  x5:0x00000000  x8=0x00000000
     1215259000	     60661	80007e4c	00c61113	slli	x2,x12,0xc	 x12:0x000003b0  x2=0x003b0000
     1215279000	     60662	80007e50	01881bb3	sll	x23,x16,x24	 x16:0x00000000 x24:0x00000002 x23=0x00000000
     1215299000	     60663	80007e54	0062bf33	sltu	x30,x5,x6	  x5:0x00000000  x6:0xd0cf8000 x30=0x00000001
     1215519000	     60674	80007e58	857a	c.mv	x10,x30	  x0:0x00000000 x30:0x00000001 x10=0x00000001
     1215539000	     60675	80007e5a	8fc1	c.or	x15,x8	 x15:0x80007e26  x8:0x00000000 x15=0x80007e26
     1215619000	     60679	80007e5c	9c22	c.add	x24,x8	 x24:0x00000002  x8:0x00000000 x24=0x00000002
     1215639000	     60680	80007e5e	cc95	c.beqz	x9,80007e9a	  x9:0x0001e000
     1215659000	     60681	80007e60	6875	c.lui	x16,0x1d	 x16=0x0001d000
     1215919000	     60694	80007e62	024027b3	mulhsu	x15,x0,x4	  x0:0x00000000  x4:0xd0cf83ea x15=0x00000000
     1215939000	     60695	80007e66	8d75	c.and	x10,x13	 x10:0x00000001 x13:0x000003c0 x10=0x00000000
     1216319000	     60714	80007e68	00662933	slt	x18,x12,x6	 x12:0x000003b0  x6:0xd0cf8000 x18=0x00000000
     1216339000	     60715	80007e6c	0001	c.addi	x0,0	  x0:0x00000000  x0=0x00000000
     1217079000	     60752	80007e6e	03c3e133	rem	x2,x7,x28	  x7:0xffffffff x28:0x0001b000  x2=0xffffffff
     1217099000	     60753	80007e72	411687b3	sub	x15,x13,x17	 x13:0x000003c0 x17:0x3ffffb9a x15=0xc0000826
     1217119000	     60754	80007e76	0c504d13	xori	x26,x0,197	  x0:0x00000000 x26=0x000000c5
     1217139000	     60755	80007e7a	c995	c.beqz	x11,80007eae	 x11:0x00000001
     1217159000	     60756	80007e7c	0001	c.addi	x0,0	  x0:0x00000000  x0=0x00000000
     1217179000	     60757	80007e7e	0055f033	and	x0,x11,x5	 x11:0x00000001  x5:0x00000000  x0=0x00000000
     1217199000	     60758	80007e82	00d51433	sll	x8,x10,x13	 x10:0x00000000 x13:0x000003c0  x8=0x00000000
     1217219000	     60759	80007e86	c681	c.beqz	x13,80007e8e	 x13:0x000003c0
     1217659000	     60781	80007e88	5afd	c.li	x21,-1	 x21=0xffffffff
     1217679000	     60782	80007e8a	00adcf63	blt	x27,x10,80007ea8	 x27:0x80000000 x10:0x00000000
     1218459000	     60821	80007ea8	03fb9863	bne	x23,x31,80007ed8	 x23:0x00000000 x31:0x00006005
     1219119000	     60854	80007ed8	6179	c.addi16sp	x2,464	  x2:0xffffffff  x2=0x000001cf
     1220179000	     60907	80007eda	02fb6e33	rem	x28,x22,x15	 x22:0x0001b1b0 x15:0xc0000826 x28=0x0001b1b0
     1220199000	     60908	80007ede	3e0a6c13	ori	x24,x20,992	 x20:0x00000000 x24=0x000003e0
     1220219000	     60909	80007ee2	01a8d693	srli	x13,x17,0x1a	 x17:0x3ffffb9a x13=0x0000000f
     1220239000	     60910	80007ee6	d1892593	slti	x11,x18,-744	 x18:0x00000000 x11=0x00000000
     1220259000	     60911	80007eea	026787b3	mul	x15,x15,x6	 x15:0xc0000826  x6:0xd0cf8000 x15=0x7acd0000
     1220279000	     60912	80007eee	00039663	bne	x7,x0,80007efa	  x7:0xffffffff  x0:0x00000000
     1221279000	     60962	80007efa	d8984b13	xori	x22,x16,-631	 x16:0x0001d000 x22=0xfffe2d89
     1221479000	     60972	80007efe	0323dfb3	divu	x31,x7,x18	  x7:0xffffffff x18:0x00000000 x31=0xffffffff
     1222219000	     61009	80007f02	0234d433	divu	x8,x9,x3	  x9:0x0001e000  x3:0xffffffff  x8=0x00000000
     1222239000	     61010	80007f06	012ca333	slt	x6,x25,x18	 x25:0x80025ce4 x18:0x00000000  x6=0x00000001
     1222259000	     61011	80007f0a	e29d	c.bnez	x13,80007f30	 x13:0x0000000f
     1222759000	     61036	80007f30	022ae063	bltu	x21,x2,80007f50	 x21:0xffffffff  x2:0x000001cf
     1222839000	     61040	80007f34	00356033	or	x0,x10,x3	 x10:0x00000000  x3:0xffffffff  x0=0x00000000
     1222899000	     61043	80007f38	e689	c.bnez	x13,80007f42	 x13:0x0000000f
     1223899000	     61093	80007f42	969a	c.add	x13,x6	 x13:0x0000000f  x6:0x00000001 x13=0x00000010
     1223919000	     61094	80007f44	001c2433	slt	x8,x24,x1	 x24:0x000003e0  x1:0x00000754  x8=0x00000001
     1224079000	     61102	80007f48	3a91b837	lui	x16,0x3a91b	 x16=0x3a91b000
     1224219000	     61109	80007f4c	bd6a7113	andi	x2,x20,-1066	 x20:0x00000000  x2=0x00000000
     1224239000	     61110	80007f50	8a12	c.mv	x20,x4	  x0:0x00000000  x4:0xd0cf83ea x20=0xd0cf83ea
     1224259000	     61111	80007f52	587d	c.li	x16,-1	 x16=0xffffffff
     1224359000	     61116	80007f54	01045913	srli	x18,x8,0x10	  x8:0x00000001 x18=0x00000000
     1224379000	     61117	80007f58	0000100f	fence.i	
     1224559000	     61126	80007f5c	02ac9e33	mulh	x28,x25,x10	 x25:0x80025ce4 x10:0x00000000 x28=0x00000000
     1224579000	     61127	80007f60	0129b7b3	sltu	x15,x19,x18	 x19:0x80021e64 x18:0x00000000 x15=0x00000000
     1224599000	     61128	80007f64	93b2	c.add	x7,x12	  x7:0xffffffff x12:0x000003b0  x7=0x000003af
     1224859000	     61141	80007f66	101638b7	lui	x17,0x10163	 x17=0x10163000
     1224879000	     61142	80007f6a	8fa9	c.xor	x15,x10	 x15:0x00000000 x10:0x00000000 x15=0x00000000
     1225019000	     61149	80007f6c	002937b3	sltu	x15,x18,x2	 x18:0x00000000  x2:0x00000000 x15=0x00000000
     1225039000	     61150	80007f70	17daa313	slti	x6,x21,381	 x21:0xffffffff  x6=0x00000001
     1225059000	     61151	80007f74	009e8533	add	x10,x29,x9	 x29:0x3e996a62  x9:0x0001e000 x10=0x3e9b4a62
     1225099000	     61153	80007f78	024e3c33	mulhu	x24,x28,x4	 x28:0x00000000  x4:0xd0cf83ea x24=0x00000000
     1225119000	     61154	80007f7c	0001	c.addi	x0,0	  x0:0x00000000  x0=0x00000000
     1225399000	     61168	80007f7e	00b297b3	sll	x15,x5,x11	  x5:0x00000000 x11:0x00000000 x15=0x00000000
     1225539000	     61175	80007f82	01e28d33	add	x26,x5,x30	  x5:0x00000000 x30:0x00000001 x26=0x00000001
     1225919000	     61194	80007f86	b71112b7	lui	x5,0xb7111	  x5=0xb7111000
     1226219000	     61209	80007f8a	5d1c9a97	auipc	x21,0x5d1c9	 x21=0xdd1d0f8a
     1226639000	     61230	80007f8e	02997863	bgeu	x18,x9,80007fbe	 x18:0x00000000  x9:0x0001e000
     1227379000	     61267	80007f92	0363cb33	div	x22,x7,x22	  x7:0x000003af x22:0xfffe2d89 x22=0x00000000
     1228119000	     61304	80007f96	02d3d133	divu	x2,x7,x13	  x7:0x000003af x13:0x00000010  x2=0x0000003a
     1228139000	     61305	80007f9a	99bf2213	slti	x4,x30,-1637	 x30:0x00000001  x4=0x00000000
     1228159000	     61306	80007f9e	14fd	c.addi	x9,-1	  x9:0x0001e000  x9=0x0001dfff
     1228179000	     61307	80007fa0	0ff0000f	fence	iorw,iorw	
     1228199000	     61308	80007fa4	23c41197	auipc	x3,0x23c41	  x3=0xa3c48fa4
     1228219000	     61309	80007fa8	717d	c.addi16sp	x2,-16	  x2:0x0000003a  x2=0x0000002a
     1228239000	     61310	80007faa	1d910713	addi	x14,x2,473	  x2:0x0000002a x14=0x00000203
     1228259000	     61311	80007fae	02b70263	beq	x14,x11,80007fd2	 x14:0x00000203 x11:0x00000000
     1228459000	     61321	80007fb2	0ff0000f	fence	iorw,iorw	
     1228539000	     61325	80007fb6	0000100f	fence.i	
     1229399000	     61368	80007fba	03e0b933	mulhu	x18,x1,x30	  x1:0x00000754 x30:0x00000001 x18=0x00000000
     1229419000	     61369	80007fbe	19290613	addi	x12,x18,402	 x18:0x00000000 x12=0x00000192
     1230299000	     61413	80007fc2	025d6f33	rem	x30,x26,x5	 x26:0x00000001  x5:0xb7111000 x30=0x00000001
     1231039000	     61450	80007fc6	0219f7b3	remu	x15,x19,x1	 x19:0x80021e64  x1:0x00000754 x15=0x000000d4
     1231059000	     61451	80007fca	cb9d	c.beqz	x15,80008000	 x15:0x000000d4
     1231079000	     61452	80007fcc	00720863	beq	x4,x7,80007fdc	  x4:0x00000000  x7:0x000003af
     1231099000	     61453	80007fd0	0001	c.addi	x0,0	  x0:0x00000000  x0=0x00000000
     1231119000	     61454	80007fd2	0ff0000f	fence	iorw,iorw	
     1231139000	     61455	80007fd6	012deab3	or	x21,x27,x18	 x27:0x80000000 x18:0x00000000 x21=0x80000000
     1231159000	     61456	80007fda	075a	c.slli	x14,0x16	 x14:0x00000203 x14=0x80c00000
     1231179000	     61457	80007fdc	9622	c.add	x12,x8	 x12:0x00000192  x8:0x00000001 x12=0x00000193
     1231799000	     61488	80007fde	0000100f	fence.i	
     1232899000	     61543	80007fe2	00611233	sll	x4,x2,x6	  x2:0x0000002a  x6:0x00000001  x4=0x00000054
     1232919000	     61544	80007fe6	1d0c	c.addi4spn	x11,x2,688	 x11=0x000002da
     1233099000	     61553	80007fe8	0001	c.addi	x0,0	  x0:0x00000000  x0=0x00000000
     1233119000	     61554	80007fea	40b0d4b3	sra	x9,x1,x11	  x1:0x00000754 x11:0x000002da  x9=0x00000000
     1233139000	     61555	80007fee	008660b3	or	x1,x12,x8	 x12:0x00000193  x8:0x00000001  x1=0x00000193
     1233319000	     61564	80007ff2	01dcd263	bge	x25,x29,80007ff6	 x25:0x80025ce4 x29:0x3e996a62
     1233339000	     61565	80007ff6	0ff0000f	fence	iorw,iorw	
     1233359000	     61566	80007ffa	0001	c.addi	x0,0	  x0:0x00000000  x0=0x00000000
     1233399000	     61568	80007ffc	036b0f33	mul	x30,x22,x22	 x22:0x00000000 x22:0x00000000 x30=0x00000000
     1233459000	     61571	80008000	020f7433	remu	x8,x30,x0	 x30:0x00000000  x0:0x00000000  x8=0x00000000
     1233819000	     61589	80008004	018a8fb3	add	x31,x21,x24	 x21:0x80000000 x24:0x00000000 x31=0x80000000
     1233839000	     61590	80008008	1190	c.addi4spn	x12,x2,224	 x12=0x0000010a
     1234059000	     61601	8000800a	00c393b3	sll	x7,x7,x12	  x7:0x000003af x12:0x0000010a  x7=0x000ebc00
     1234119000	     61604	8000800e	03aea3b3	mulhsu	x7,x29,x26	 x29:0x3e996a62 x26:0x00000001  x7=0x00000000
     1234319000	     61614	80008012	03689e33	mulh	x28,x17,x22	 x17:0x10163000 x22:0x00000000 x28=0x00000000
     1234339000	     61615	80008016	00d625b3	slt	x11,x12,x13	 x12:0x0000010a x13:0x00000010 x11=0x00000000
     1234359000	     61616	8000801a	ef143a17	auipc	x20,0xef143	 x20=0x6f14b01a
     1234459000	     61621	8000801e	021aa333	mulhsu	x6,x21,x1	 x21:0x80000000  x1:0x00000193  x6=0xffffff36
     1234499000	     61623	80008022	0149f233	and	x4,x19,x20	 x19:0x80021e64 x20:0x6f14b01a  x4=0x00001000
     1235479000	     61672	80008026	02c14733	div	x14,x2,x12	  x2:0x0000002a x12:0x0000010a x14=0x00000000
     1235519000	     61674	8000802a	03e67933	remu	x18,x12,x30	 x12:0x0000010a x30:0x00000000 x18=0x0000010a
     1235539000	     61675	8000802e	411f5e33	sra	x28,x30,x17	 x30:0x00000000 x17:0x10163000 x28=0x00000000
     1235559000	     61676	80008032	0001	c.addi	x0,0	  x0:0x00000000  x0=0x00000000
     1235579000	     61677	80008034	ae842613	slti	x12,x8,-1304	  x8:0x00000000 x12=0x00000000
     1235599000	     61678	80008038	0001	c.addi	x0,0	  x0:0x00000000  x0=0x00000000
     1235619000	     61679	8000803a	1598	c.addi4spn	x14,x2,736	 x14=0x0000030a
     1235639000	     61680	8000803c	fd37f193	andi	x3,x15,-45	 x15:0x000000d4  x3=0x000000d0
     1235659000	     61681	80008040	002dd3b3	srl	x7,x27,x2	 x27:0x80000000  x2:0x0000002a  x7=0x00200000
     1235679000	     61682	80008044	cd328b93	addi	x23,x5,-813	  x5:0xb7111000 x23=0xb7110cd3
     1235699000	     61683	80008048	fe477313	andi	x6,x14,-28	 x14:0x0000030a  x6=0x00000300
     1235719000	     61684	8000804c	02be	c.slli	x5,0xf	  x5:0xb7111000  x5=0x88000000
     1235839000	     61690	8000804e	027bee63	bltu	x23,x7,8000808a	 x23:0xb7110cd3  x7:0x00200000
     1235859000	     61691	80008052	8ea9	c.xor	x13,x10	 x13:0x00000010 x10:0x3e9b4a62 x13=0x3e9b4a72
     1235879000	     61692	80008054	0083aab3	slt	x21,x7,x8	  x7:0x00200000  x8:0x00000000 x21=0x00000000
     1235999000	     61698	80008058	01cc33b3	sltu	x7,x24,x28	 x24:0x00000000 x28:0x00000000  x7=0x00000000
     1236019000	     61699	8000805c	00929793	slli	x15,x5,0x9	  x5:0x88000000 x15=0x00000000
     1236039000	     61700	80008060	0136ec33	or	x24,x13,x19	 x13:0x3e9b4a72 x19:0x80021e64 x24=0xbe9b5e76
     1236339000	     61715	80008064	40838433	sub	x8,x7,x8	  x7:0x00000000  x8:0x00000000  x8=0x00000000
     1236359000	     61716	80008068	c325b413	sltiu	x8,x11,-974	 x11:0x00000000  x8=0x00000001
     1236379000	     61717	8000806c	00e75e63	bge	x14,x14,80008088	 x14:0x0000030a x14:0x0000030a
     1236599000	     61728	80008088	717d	c.addi16sp	x2,-16	  x2:0x0000002a  x2=0x0000001a
     1236639000	     61730	8000808a	037e1a33	mulh	x20,x28,x23	 x28:0x00000000 x23:0xb7110cd3 x20=0x00000000
     1236939000	     61745	8000808e	008cc8b3	xor	x17,x25,x8	 x25:0x80025ce4  x8:0x00000001 x17=0x80025ce5
     1236959000	     61746	80008092	85a2	c.mv	x11,x8	  x0:0x00000000  x8:0x00000001 x11=0x00000001
     1236979000	     61747	80008094	8a99	c.andi	x13,6	 x13:0x3e9b4a72 x13=0x00000002
     1236999000	     61748	80008096	be357e93	andi	x29,x10,-1053	 x10:0x3e9b4a62 x29=0x3e9b4a62
     1237019000	     61749	8000809a	04d50063	beq	x10,x13,800080da	 x10:0x3e9b4a62 x13:0x00000002
     1237419000	     61769	8000809e	edb46b93	ori	x23,x8,-293	  x8:0x00000001 x23=0xfffffedb
     1237839000	     61790	800080a2	03e302b3	mul	x5,x6,x30	  x6:0x00000300 x30:0x00000000  x5=0x00000000
     1237859000	     61791	800080a6	00e11663	bne	x2,x14,800080b2	  x2:0x0000001a x14:0x0000030a
     1238419000	     61819	800080b2	9c90f493	andi	x9,x1,-1591	  x1:0x00000193  x9=0x00000181
     1238439000	     61820	800080b6	010bc5b3	xor	x11,x23,x16	 x23:0xfffffedb x16:0xffffffff x11=0x00000124
     1238579000	     61827	800080ba	00587333	and	x6,x16,x5	 x16:0xffffffff  x5:0x00000000  x6=0x00000000
     1238599000	     61828	800080be	14fd	c.addi	x9,-1	  x9:0x00000181  x9=0x00000180
     1238819000	     61839	800080c0	019c9433	sll	x8,x25,x25	 x25:0x80025ce4 x25:0x80025ce4  x8=0x0025ce40
     1239239000	     61860	800080c4	419a5e33	sra	x28,x20,x25	 x20:0x00000000 x25:0x80025ce4 x28=0x00000000
     1239259000	     61861	800080c8	007a4fb3	xor	x31,x20,x7	 x20:0x00000000  x7:0x00000000 x31=0x00000000
     1239479000	     61872	800080cc	99fd	c.andi	x11,-1	 x11:0x00000124 x11=0x00000124
     1239499000	     61873	800080ce	41ced7b3	sra	x15,x29,x28	 x29:0x3e9b4a62 x28:0x00000000 x15=0x3e9b4a62
     1239519000	     61874	800080d2	00b08333	add	x6,x1,x11	  x1:0x00000193 x11:0x00000124  x6=0x000002b7
     1239539000	     61875	800080d6	8bd54b17	auipc	x22,0x8bd54	 x22=0x0bd5c0d6
     1240279000	     61912	800080da	0297dd33	divu	x26,x15,x9	 x15:0x3e9b4a62  x9:0x00000180 x26=0x0029bcdc
     1241019000	     61949	800080de	021b6333	rem	x6,x22,x1	 x22:0x0bd5c0d6  x1:0x00000193  x6=0x000000d5
     1241039000	     61950	800080e2	3890e7b7	lui	x15,0x3890e	 x15=0x3890e000
     1241059000	     61951	800080e6	5c9e8793	addi	x15,x29,1481	 x29:0x3e9b4a62 x15=0x3e9b502b
     1241079000	     61952	800080ea	8e31	c.xor	x12,x12	 x12:0x00000000 x12:0x00000000 x12=0x00000000
     1241099000	     61953	800080ec	8f7d	c.and	x14,x15	 x14:0x0000030a x15:0x3e9b502b x14=0x0000000a
     1241119000	     61954	800080ee	0093ebb3	or	x23,x7,x9	  x7:0x00000000  x9:0x00000180 x23=0x00000180
     1241139000	     61955	800080f2	01625133	srl	x2,x4,x22	  x4:0x00001000 x22:0x0bd5c0d6  x2=0x00000000
     1241159000	     61956	800080f6	011e7663	bgeu	x28,x17,80008102	 x28:0x00000000 x17:0x80025ce5
     1241179000	     61957	800080fa	8219	c.srli	x12,0x6	 x12:0x00000000 x12=0x00000000
     1241379000	     61967	800080fc	0001	c.addi	x0,0	  x0:0x00000000  x0=0x00000000
     1241399000	     61968	800080fe	4a15	c.li	x20,5	 x20=0x00000005
     1241419000	     61969	80008100	15fd	c.addi	x11,-1	 x11:0x00000124 x11=0x00000123
     1241519000	     61974	80008102	0173b7b3	sltu	x15,x7,x23	  x7:0x00000000 x23:0x00000180 x15=0x00000001
     1242479000	     62022	80008106	02b9e2b3	rem	x5,x19,x11	 x19:0x80021e64 x11:0x00000123  x5=0xffffff29
     1242499000	     62023	8000810a	1d18	c.addi4spn	x14,x2,688	 x14=0x000002b0
     1242519000	     62024	8000810c	8fbd	c.xor	x15,x15	 x15:0x00000001 x15:0x00000001 x15=0x00000000
     1242539000	     62025	8000810e	035e8563	beq	x29,x21,80008138	 x29:0x3e9b4a62 x21:0x00000000
     1242559000	     62026	80008112	8c46	c.mv	x24,x17	  x0:0x00000000 x17:0x80025ce5 x24=0x80025ce5
     1242579000	     62027	80008114	c205	c.beqz	x12,80008134	 x12:0x00000000
     1243079000	     62052	80008134	406d8633	sub	x12,x27,x6	 x27:0x80000000  x6:0x000000d5 x12=0x7fffff2b
     1243359000	     62066	80008138	002ee563	bltu	x29,x2,80008142	 x29:0x3e9b4a62  x2:0x00000000
     1243399000	     62068	8000813c	2d4d8317	auipc	x6,0x2d4d8	  x6=0xad4e013c
     1243419000	     62069	80008140	8cb9	c.xor	x9,x14	  x9:0x00000180 x14:0x000002b0  x9=0x00000330
     1243779000	     62087	80008142	0311d863	bge	x3,x17,80008172	  x3:0x000000d0 x17:0x80025ce5
     1244459000	     62121	80008172	01c2cab3	xor	x21,x5,x28	  x5:0xffffff29 x28:0x00000000 x21=0xffffff29
     1244499000	     62123	80008176	0228e6b3	rem	x13,x17,x2	 x17:0x80025ce5  x2:0x00000000 x13=0x80025ce5
     1244519000	     62124	8000817a	9d66	c.add	x26,x25	 x26:0x0029bcdc x25:0x80025ce4 x26=0x802c19c0
     1244539000	     62125	8000817c	01fa9333	sll	x6,x21,x31	 x21:0xffffff29 x31:0x00000000  x6=0xffffff29
     1244899000	     62143	80008180	faa86717	auipc	x14,0xfaa86	 x14=0x7aa8e180
     1244919000	     62144	80008184	717d	c.addi16sp	x2,-16	  x2:0x00000000  x2=0xfffffff0
     1244939000	     62145	80008186	6ead	c.lui	x29,0xb	 x29=0x0000b000
     1244959000	     62146	80008188	b0bfb513	sltiu	x10,x31,-1269	 x31:0x00000000 x10=0x00000001
     1245079000	     62152	8000818c	41f70733	sub	x14,x14,x31	 x14:0x7aa8e180 x31:0x00000000 x14=0x7aa8e180
     1245219000	     62159	80008190	717d	c.addi16sp	x2,-16	  x2:0xfffffff0  x2=0xffffffe0
     1245299000	     62163	80008192	00ab8733	add	x14,x23,x10	 x23:0x00000180 x10:0x00000001 x14=0x00000181
     1245319000	     62164	80008196	1b7d	c.addi	x22,-1	 x22:0x0bd5c0d6 x22=0x0bd5c0d5
     1245479000	     62172	80008198	c0345517	auipc	x10,0xc0345	 x10=0x4034d198
     1245639000	     62180	8000819c	415ade33	sra	x28,x21,x21	 x21:0xffffff29 x21:0xffffff29 x28=0xffffffff
     1245659000	     62181	800081a0	0001	c.addi	x0,0	  x0:0x00000000  x0=0x00000000
     1245679000	     62182	800081a2	02d40263	beq	x8,x13,800081c6	  x8:0x0025ce40 x13:0x80025ce5
     1245959000	     62196	800081a6	00c61193	slli	x3,x12,0xc	 x12:0x7fffff2b  x3=0xfff2b000
     1245979000	     62197	800081aa	0000100f	fence.i	
     1246699000	     62233	800081ae	8ee9	c.and	x13,x10	 x13:0x80025ce5 x10:0x4034d198 x13=0x00005080
     1246859000	     62241	800081b0	cf09	c.beqz	x14,800081ca	 x14:0x00000181
     1246959000	     62246	800081b2	0072a7b3	slt	x15,x5,x7	  x5:0xffffff29  x7:0x00000000 x15=0x00000001
     1253699000	     62583	800081b6	00c1eb33	or	x22,x3,x12	  x3:0xfff2b000 x12:0x7fffff2b x22=0xffffff2b
     1253719000	     62584	800081ba	2a4f7713	andi	x14,x30,676	 x30:0x00000000 x14=0x00000000
     1253739000	     62585	800081be	028c0063	beq	x24,x8,800081de	 x24:0x80025ce5  x8:0x0025ce40
     1254479000	     62622	800081c2	02a741b3	div	x3,x14,x10	 x14:0x00000000 x10:0x4034d198  x3=0x00000000
     1254499000	     62623	800081c6	0181d113	srli	x2,x3,0x18	  x3:0x00000000  x2=0x00000000
     1254519000	     62624	800081ca	00709813	slli	x16,x1,0x7	  x1:0x00000193 x16=0x0000c980
     1254539000	     62625	800081ce	8c7d	c.and	x8,x15	  x8:0x0025ce40 x15:0x00000001  x8=0x00000000
     1254559000	     62626	800081d0	527d	c.li	x4,-1	  x4=0xffffffff
     1254579000	     62627	800081d2	1ed1a693	slti	x13,x3,493	  x3:0x00000000 x13=0x00000001
     1254599000	     62628	800081d6	9bfd	c.andi	x15,-1	 x15:0x00000001 x15=0x00000001
     1254899000	     62643	800081d8	6695	c.lui	x13,0x5	 x13=0x00005000
     1254939000	     62645	800081da	036a2eb3	mulhsu	x29,x20,x22	 x20:0x00000005 x22:0xffffff2b x29=0x00000004
     1254959000	     62646	800081de	5bfd	c.li	x23,-1	 x23=0xffffffff
     1255699000	     62683	800081e0	038277b3	remu	x15,x4,x24	  x4:0xffffffff x24:0x80025ce5 x15=0x7ffda31a
     1256439000	     62720	800081e4	0240fb33	remu	x22,x1,x4	  x1:0x00000193  x4:0xffffffff x22=0x00000193
     1256459000	     62721	800081e8	01e09813	slli	x16,x1,0x1e	  x1:0x00000193 x16=0xc0000000
     1256479000	     62722	800081ec	3a083a93	sltiu	x21,x16,928	 x16:0xc0000000 x21=0x00000000
     1256499000	     62723	800081f0	9d3a	c.add	x26,x14	 x26:0x802c19c0 x14:0x00000000 x26=0x802c19c0
     1256539000	     62725	800081f2	035394b3	mulh	x9,x7,x21	  x7:0x00000000 x21:0x00000000  x9=0x00000000
     1256559000	     62726	800081f6	0076ed63	bltu	x13,x7,80008210	 x13:0x00005000  x7:0x00000000
     1256579000	     62727	800081fa	15fd	c.addi	x11,-1	 x11:0x00000123 x11=0x00000122
     1256599000	     62728	800081fc	00f035b3	sltu	x11,x0,x15	  x0:0x00000000 x15:0x7ffda31a x11=0x00000001
     1256799000	     62738	80008200	0001	c.addi	x0,0	  x0:0x00000000  x0=0x00000000
     1256839000	     62740	80008202	01dd9313	slli	x6,x27,0x1d	 x27:0x80000000  x6=0x00000000
     1256859000	     62741	80008206	00fd5f13	srli	x30,x26,0xf	 x26:0x802c19c0 x30=0x00010058
     1256939000	     62745	8000820a	0189beb3	sltu	x29,x19,x24	 x19:0x80021e64 x24:0x80025ce5 x29=0x00000001
     1256959000	     62746	8000820e	c509	c.beqz	x10,80008218	 x10:0x4034d198
     1257359000	     62766	80008210	6525	c.lui	x10,0x9	 x10=0x00009000
     1257379000	     62767	80008212	e10d	c.bnez	x10,80008234	 x10:0x00009000
     1258759000	     62836	80008234	6129	c.addi16sp	x2,192	  x2:0x00000000  x2=0x000000c0
     1258779000	     62837	80008236	54fd	c.li	x9,-1	  x9=0xffffffff
     1258919000	     62844	80008238	014247b3	xor	x15,x4,x20	  x4:0xffffffff x20:0x00000005 x15=0xfffffffa
     1258939000	     62845	8000823c	0070d213	srli	x4,x1,0x7	  x1:0x00000193  x4=0x00000003
     1258979000	     62847	80008240	00618013	addi	x0,x3,6	  x3:0x00000000  x0=0x00000000
     1259279000	     62862	80008244	73bad3b7	lui	x7,0x73bad	  x7=0x73bad000
     1259299000	     62863	80008248	40d05313	srai	x6,x0,0xd	  x0:0x00000000  x6=0x00000000
     1260039000	     62900	8000824c	0388c1b3	div	x3,x17,x24	 x17:0x80025ce5 x24:0x80025ce5  x3=0x00000001
     1260059000	     62901	80008250	dc606b13	ori	x22,x0,-570	  x0:0x00000000 x22=0xfffffdc6
     1260079000	     62902	80008254	ea81	c.bnez	x13,80008264	 x13:0x00005000
     1260899000	     62943	80008264	8a403697	auipc	x13,0x8a403	 x13=0x0a40b264
     1262179000	     63007	80008268	030574b3	remu	x9,x10,x16	 x10:0x00009000 x16:0xc0000000  x9=0x00009000
     1262199000	     63008	8000826c	03854263	blt	x10,x24,80008290	 x10:0x00009000 x24:0x80025ce5
     1262239000	     63010	80008270	020640b3	div	x1,x12,x0	 x12:0x7fffff2b  x0:0x00000000  x1=0xffffffff
     1262259000	     63011	80008274	652d	c.lui	x10,0xb	 x10=0x0000b000
     1262279000	     63012	80008276	98fd	c.andi	x9,-1	  x9:0x00009000  x9=0x00009000
     1262299000	     63013	80008278	e0b84693	xori	x13,x16,-501	 x16:0xc0000000 x13=0x3ffffe0b
     1262359000	     63016	8000827c	03496463	bltu	x18,x20,800082a4	 x18:0x0000010a x20:0x00000005
     1262379000	     63017	80008280	82d1	c.srli	x13,0x14	 x13:0x3ffffe0b x13=0x000003ff
     1262399000	     63018	80008282	03f6	c.slli	x7,0x1d	  x7:0x73bad000  x7=0x00000000
     1262419000	     63019	80008284	91ca	c.add	x3,x18	  x3:0x00000001 x18:0x0000010a  x3=0x0000010b
     1262439000	     63020	80008286	00d57ab3	and	x21,x10,x13	 x10:0x0000b000 x13:0x000003ff x21=0x00000000
     1262459000	     63021	8000828a	4f0d	c.li	x30,3	 x30=0x00000003
     1262859000	     63041	8000828c	0352c063	blt	x5,x21,800082ac	  x5:0xffffff29 x21:0x00000000
     1263059000	     63051	800082ac	8fd22213	slti	x4,x4,-1795	  x4:0x00000003  x4=0x00000000
     1263259000	     63061	800082b0	8e55	c.or	x12,x13	 x12:0x7fffff2b x13:0x000003ff x12=0x7fffffff
     1263279000	     63062	800082b2	0ff0000f	fence	iorw,iorw	
     1263699000	     63083	800082b6	018c67b3	or	x15,x24,x24	 x24:0x80025ce5 x24:0x80025ce5 x15=0x80025ce5
     1263819000	     63089	800082ba	01b35e13	srli	x28,x6,0x1b	  x6:0x00000000 x28=0x00000000
     1263939000	     63095	800082be	0242ceb3	div	x29,x5,x4	  x5:0xffffff29  x4:0x00000000 x29=0xffffffff
     1263959000	     63096	800082c2	9716	c.add	x14,x5	 x14:0x00000000  x5:0xffffff29 x14=0xffffff29
     1264339000	     63115	800082c4	0ba1	c.addi	x23,8	 x23:0xffffffff x23=0x00000007
     1264359000	     63116	800082c6	c319	c.beqz	x14,800082cc	 x14:0xffffff29
     1264519000	     63124	800082c8	32f1a693	slti	x13,x3,815	  x3:0x0000010b x13=0x00000001
     1264939000	     63145	800082cc	0000ec33	or	x24,x1,x0	  x1:0xffffffff  x0:0x00000000 x24=0xffffffff
     1264959000	     63146	800082d0	00ba7f33	and	x30,x20,x11	 x20:0x00000005 x11:0x00000001 x30=0x00000001
     1264999000	     63148	800082d4	02047fb3	remu	x31,x8,x0	  x8:0x00000000  x0:0x00000000 x31=0x00000000
     1265019000	     63149	800082d8	b1a5e517	auipc	x10,0xb1a5e	 x10=0x31a662d8
     1265139000	     63155	800082dc	020ae763	bltu	x21,x0,8000830a	 x21:0x00000000  x0:0x00000000
     1265299000	     63163	800082e0	02b20c63	beq	x4,x11,80008318	  x4:0x00000000 x11:0x00000001
     1265319000	     63164	800082e4	825d	c.srli	x12,0x17	 x12:0x7fffffff x12=0x000000ff
     1266219000	     63209	800082e6	02a2ed33	rem	x26,x5,x10	  x5:0xffffff29 x10:0x31a662d8 x26=0xffffff29
     1266239000	     63210	800082ea	05d6	c.slli	x11,0x15	 x11:0x00000001 x11=0x00200000
     1266259000	     63211	800082ec	4ca9b513	sltiu	x10,x19,1226	 x19:0x80021e64 x10=0x00000000
     1266279000	     63212	800082f0	717d	c.addi16sp	x2,-16	  x2:0x000000c0  x2=0x000000b0
     1266299000	     63213	800082f2	0000100f	fence.i	
     1267419000	     63269	800082f6	0009bb33	sltu	x22,x19,x0	 x19:0x80021e64  x0:0x00000000 x22=0x00000000
     1267459000	     63271	800082fa	03be1533	mulh	x10,x28,x27	 x28:0x00000000 x27:0x80000000 x10=0x00000000
     1267859000	     63291	800082fe	030f8463	beq	x31,x16,80008326	 x31:0x00000000 x16:0xc0000000
     1267879000	     63292	80008302	022e	c.slli	x4,0xb	  x4:0x00000000  x4=0x00000000
     1268979000	     63347	80008304	03e9d8b3	divu	x17,x19,x30	 x19:0x80021e64 x30:0x00000001 x17=0x80021e64
     1268999000	     63348	80008308	620d	c.lui	x4,0x3	  x4=0x00003000
     1269039000	     63350	8000830a	035824b3	mulhsu	x9,x16,x21	 x16:0xc0000000 x21:0x00000000  x9=0x00000000
     1269059000	     63351	8000830e	0001	c.addi	x0,0	  x0:0x00000000  x0=0x00000000
     1269079000	     63352	80008310	017dd733	srl	x14,x27,x23	 x27:0x80000000 x23:0x00000007 x14=0x01000000
     1269319000	     63364	80008314	00165913	srli	x18,x12,0x1	 x12:0x000000ff x18=0x0000007f
     1269739000	     63385	80008318	02d2fe63	bgeu	x5,x13,80008354	  x5:0xffffff29 x13:0x00000001
     1270279000	     63412	80008354	8dd5	c.or	x11,x13	 x11:0x00200000 x13:0x00000001 x11=0x00200001
     1270299000	     63413	80008356	0a15	c.addi	x20,5	 x20:0x00000005 x20=0x0000000a
     1270339000	     63415	80008358	028f6633	rem	x12,x30,x8	 x30:0x00000001  x8:0x00000000 x12=0x00000001
     1270359000	     63416	8000835c	012bd763	bge	x23,x18,8000836a	 x23:0x00000007 x18:0x0000007f
     1270379000	     63417	80008360	94b57637	lui	x12,0x94b57	 x12=0x94b57000
     1270399000	     63418	80008364	8c75	c.and	x8,x13	  x8:0x00000000 x13:0x00000001  x8=0x00000000
     1271299000	     63463	80008366	025844b3	div	x9,x16,x5	 x16:0xc0000000  x5:0xffffff29  x9=0x004c3464
     1271319000	     63464	8000836a	659a2393	slti	x7,x20,1625	 x20:0x0000000a  x7=0x00000001
     1271339000	     63465	8000836e	0001	c.addi	x0,0	  x0:0x00000000  x0=0x00000000
     1271379000	     63467	80008370	0209d3b3	divu	x7,x19,x0	 x19:0x80021e64  x0:0x00000000  x7=0xffffffff
     1271399000	     63468	80008374	0eb2	c.slli	x29,0xc	 x29:0xffffffff x29=0xfffff000
     1271539000	     63475	80008376	01b3d7b3	srl	x15,x7,x27	  x7:0xffffffff x27:0x80000000 x15=0xffffffff
     1271579000	     63477	8000837a	036fd833	divu	x16,x31,x22	 x31:0x00000000 x22:0x00000000 x16=0xffffffff
     1271599000	     63478	8000837e	0001	c.addi	x0,0	  x0:0x00000000  x0=0x00000000
     1271619000	     63479	80008380	d338fb13	andi	x22,x17,-717	 x17:0x80021e64 x22=0x80021c20
     1271639000	     63480	80008384	0739	c.addi	x14,14	 x14:0x01000000 x14=0x0100000e
     1271659000	     63481	80008386	ec39	c.bnez	x8,800083e4	  x8:0x00000000
     1271719000	     63484	80008388	6f39	c.lui	x30,0xe	 x30=0x0000e000
     1271859000	     63491	8000838a	f644b093	sltiu	x1,x9,-156	  x9:0x004c3464  x1=0x00000001
     1272159000	     63506	8000838e	f479cb93	xori	x23,x19,-185	 x19:0x80021e64 x23=0x7ffde123
     1272579000	     63527	80008392	00001317	auipc	x6,0x1	  x6=0x80009392
     1272599000	     63528	80008396	ae230313	addi	x6,x6,-1310	  x6:0x80009392  x6=0x80008e74
     1272619000	     63529	8000839a	0001	c.addi	x0,0	  x0:0x00000000  x0=0x00000000
     1272639000	     63530	8000839c	0001	c.addi	x0,0	  x0:0x00000000  x0=0x00000000
     1272659000	     63531	8000839e	034d	c.addi	x6,19	  x6:0x80008e74  x6=0x80008e87
     1272719000	     63534	800083a0	00411913	slli	x18,x2,0x4	  x2:0x000000b0 x18=0x00000b00
     1273139000	     63555	800083a4	01a45463	bge	x8,x26,800083ac	  x8:0x00000000 x26:0xffffff29
     1273679000	     63582	800083ac	fee307e7	jalr	x15,-18(x6)	  x6:0x80008e87 x15=0x800083b0
     1274219000	     63609	80008e74	fd498993	addi	x19,x19,-44	 x19:0x80021e64 x19=0x80021e38
     1275079000	     63652	80008e78	03b46d33	rem	x26,x8,x27	  x8:0x00000000 x27:0x80000000 x26=0x00000000
     1275819000	     63689	80008e7c	03094233	div	x4,x18,x16	 x18:0x00000b00 x16:0xffffffff  x4=0xfffff500
     1275839000	     63690	80008e80	0001	c.addi	x0,0	  x0:0x00000000  x0=0x00000000
     1275859000	     63691	80008e82	8563c213	xori	x4,x7,-1962	  x7:0xffffffff  x4=0x000007a9
     1275879000	     63692	80008e86	0001	c.addi	x0,0	  x0:0x00000000  x0=0x00000000
     1275939000	     63695	80008e88	00f9a223	sw	x15,4(x19)	 x19:0x80021e38 x15:0x800083b0 PA:0x80021e3c store:0x800083b0 load:0xffffffff
     1275959000	     63696	80008e8c	40a6d533	sra	x10,x13,x10	 x13:0x00000001 x10:0x00000000 x10=0x00000001
     1275979000	     63697	80008e90	03c30833	mul	x16,x6,x28	  x6:0x80008e87 x28:0x00000000 x16=0x00000000
     1275999000	     63698	80008e94	88e82813	slti	x16,x16,-1906	 x16:0x00000000 x16=0x00000000
     1277039000	     63750	80008e98	0218c933	div	x18,x17,x1	 x17:0x80021e64  x1:0x00000001 x18=0x80021e64
     1277059000	     63751	80008e9c	019d0863	beq	x26,x25,80008eac	 x26:0x00000000 x25:0x80025ce4
     1277079000	     63752	80008ea0	0b11	c.addi	x22,4	 x22:0x80021c20 x22=0x80021c24
     1277099000	     63753	80008ea2	03b3e263	bltu	x7,x27,80008ec6	  x7:0xffffffff x27:0x80000000
     1277119000	     63754	80008ea6	8ec5	c.or	x13,x9	 x13:0x00000001  x9:0x004c3464 x13=0x004c3465
     1277139000	     63755	80008ea8	4112de93	srai	x29,x5,0x11	  x5:0xffffff29 x29=0xffffffff
     1277299000	     63763	80008eac	baf13693	sltiu	x13,x2,-1105	  x2:0x000000b0 x13=0x00000001
     1277319000	     63764	80008eb0	99dab793	sltiu	x15,x21,-1635	 x21:0x00000000 x15=0x00000001
     1277379000	     63767	80008eb4	0223a033	mulhsu	x0,x7,x2	  x7:0xffffffff  x2:0x000000b0  x0=0x00000000
     1277399000	     63768	80008eb8	05d31063	bne	x6,x29,80008ef8	  x6:0x80008e87 x29:0xffffffff
     1278019000	     63799	80008ef8	8c6e	c.mv	x24,x27	  x0:0x00000000 x27:0x80000000 x24=0x80000000
     1278099000	     63803	80008efa	013663b3	or	x7,x12,x19	 x12:0x94b57000 x19:0x80021e38  x7=0x94b77e38
     1278119000	     63804	80008efe	00591093	slli	x1,x18,0x5	 x18:0x80021e64  x1=0x0043cc80
     1278279000	     63812	80008f02	03752333	mulhsu	x6,x10,x23	 x10:0x00000001 x23:0x7ffde123  x6=0x00000000
     1278619000	     63829	80008f06	0ff0000f	fence	iorw,iorw	
     1278639000	     63830	80008f0a	717d	c.addi16sp	x2,-16	  x2:0x000000b0  x2=0x000000a0
     1278759000	     63836	80008f0c	9d383b97	auipc	x23,0x9d383	 x23=0x1d38bf0c
     1279179000	     63857	80008f10	009a	c.slli	x1,0x6	  x1:0x0043cc80  x1=0x10f32000
     1279199000	     63858	80008f12	717d	c.addi16sp	x2,-16	  x2:0x000000a0  x2=0x00000090
     1279299000	     63863	80008f14	000d76b3	and	x13,x26,x0	 x26:0x00000000  x0:0x00000000 x13=0x00000000
     1279719000	     63884	80008f18	8c45	c.or	x8,x9	  x8:0x00000000  x9:0x004c3464  x8=0x004c3464
     1279919000	     63894	80008f1a	014ed233	srl	x4,x29,x20	 x29:0xffffffff x20:0x0000000a  x4=0x003fffff
     1279939000	     63895	80008f1e	03511d63	bne	x2,x21,80008f58	  x2:0x00000090 x21:0x00000000
     1280059000	     63901	80008f58	00ab9563	bne	x23,x10,80008f62	 x23:0x1d38bf0c x10:0x00000001
     1281499000	     63973	80008f62	d8b7b713	sltiu	x14,x15,-629	 x15:0x00000001 x14=0x00000001
     1281519000	     63974	80008f66	1810	c.addi4spn	x12,x2,48	 x12=0x000000c0
     1281699000	     63983	80008f68	01d28e33	add	x28,x5,x29	  x5:0xffffff29 x29:0xffffffff x28=0xffffff28
     1281859000	     63991	80008f6c	4140d533	sra	x10,x1,x20	  x1:0x10f32000 x20:0x0000000a x10=0x00043cc8
     1281879000	     63992	80008f70	9bfd	c.andi	x15,-1	 x15:0x00000001 x15=0x00000001
     1281999000	     63998	80008f72	0ff0000f	fence	iorw,iorw	
     1282019000	     63999	80008f76	87cd	c.srai	x15,0x13	 x15:0x00000001 x15=0x00000000
     1282419000	     64019	80008f78	8c61	c.and	x8,x8	  x8:0x004c3464  x8:0x004c3464  x8=0x004c3464
     1282439000	     64020	80008f7a	8b3e	c.mv	x22,x15	  x0:0x00000000 x15:0x00000000 x22=0x00000000
     1282679000	     64032	80008f7c	9463c793	xori	x15,x7,-1722	  x7:0x94b77e38 x15=0x6b48877e
     1283099000	     64053	80008f80	1d7d	c.addi	x26,-1	 x26:0x00000000 x26=0xffffffff
     1283519000	     64074	80008f82	9aceb193	sltiu	x3,x29,-1620	 x29:0xffffffff  x3=0x00000000
     1283539000	     64075	80008f86	888d	c.andi	x9,3	  x9:0x004c3464  x9=0x00000000
     1283559000	     64076	80008f88	96e12813	slti	x16,x2,-1682	  x2:0x00000090 x16=0x00000000
     1283579000	     64077	80008f8c	8cc1	c.or	x9,x8	  x9:0x00000000  x8:0x004c3464  x9=0x004c3464
     1283599000	     64078	80008f8e	d2f3bc13	sltiu	x24,x7,-721	  x7:0x94b77e38 x24=0x00000001
     1283759000	     64086	80008f92	3bbfc7b7	lui	x15,0x3bbfc	 x15=0x3bbfc000
     1283779000	     64087	80008f96	d4748513	addi	x10,x9,-697	  x9:0x004c3464 x10=0x004c31ab
     1283799000	     64088	80008f9a	810d	c.srli	x10,0x3	 x10:0x004c31ab x10=0x00098635
     1283819000	     64089	80008f9c	41bb53b3	sra	x7,x22,x27	 x22:0x00000000 x27:0x80000000  x7=0x00000000
     1283839000	     64090	80008fa0	863a	c.mv	x12,x14	  x0:0x00000000 x14:0x00000001 x12=0x00000001
     1283859000	     64091	80008fa2	012d46b3	xor	x13,x26,x18	 x26:0xffffffff x18:0x80021e64 x13=0x7ffde19b
     1283879000	     64092	80008fa6	717d	c.addi16sp	x2,-16	  x2:0x00000090  x2=0x00000080
     1283919000	     64094	80008fa8	02412333	mulhsu	x6,x2,x4	  x2:0x00000080  x4:0x003fffff  x6=0x00000000
     1283979000	     64097	80008fac	00bdd463	bge	x27,x11,80008fb4	 x27:0x80000000 x11:0x00200001
     1284399000	     64118	80008fb0	0001	c.addi	x0,0	  x0:0x00000000  x0=0x00000000
     1284419000	     64119	80008fb2	c0a9	c.beqz	x9,80008ff4	  x9:0x004c3464
     1285159000	     64156	80008fb4	03307fb3	remu	x31,x0,x19	  x0:0x00000000 x19:0x80021e38 x31=0x00000000
     1285199000	     64158	80008fb8	02049633	mulh	x12,x9,x0	  x9:0x004c3464  x0:0x00000000 x12=0x00000000
     1285219000	     64159	80008fbc	00f066b3	or	x13,x0,x15	  x0:0x00000000 x15:0x3bbfc000 x13=0x3bbfc000
     1285239000	     64160	80008fc0	8de9	c.and	x11,x10	 x11:0x00200001 x10:0x00098635 x11=0x00000001
     1285259000	     64161	80008fc2	fe9d7393	andi	x7,x26,-23	 x26:0xffffffff  x7=0xffffffe9
     1285999000	     64198	80008fc6	0374f533	remu	x10,x9,x23	  x9:0x004c3464 x23:0x1d38bf0c x10=0x004c3464
     1286019000	     64199	80008fca	8ce1	c.and	x9,x8	  x9:0x004c3464  x8:0x004c3464  x9=0x004c3464
     1286039000	     64200	80008fcc	25c84737	lui	x14,0x25c84	 x14=0x25c84000
     1286059000	     64201	80008fd0	6149	c.addi16sp	x2,144	  x2:0x00000080  x2=0x00000110
     1286079000	     64202	80008fd2	1f7ea913	slti	x18,x29,503	 x29:0xffffffff x18=0x00000001
     1286099000	     64203	80008fd6	167d	c.addi	x12,-1	 x12:0x00000000 x12=0xffffffff
     1286119000	     64204	80008fd8	019f9913	slli	x18,x31,0x19	 x31:0x00000000 x18=0x00000000
     1286139000	     64205	80008fdc	022781b3	mul	x3,x15,x2	 x15:0x3bbfc000  x2:0x00000110  x3=0x7bbc0000
     1286179000	     64207	80008fe0	be137f93	andi	x31,x6,-1055	  x6:0x00000000 x31=0x00000000
     1286199000	     64208	80008fe4	93e6	c.add	x7,x25	  x7:0xffffffe9 x25:0x80025ce4  x7=0x80025ccd
     1286379000	     64217	80008fe6	02195d63	bge	x18,x1,80009020	 x18:0x00000000  x1:0x10f32000
     1286539000	     64225	80008fea	01bfb3b3	sltu	x7,x31,x27	 x31:0x00000000 x27:0x80000000  x7=0x00000001
     1286559000	     64226	80008fee	8e55	c.or	x12,x13	 x12:0xffffffff x13:0x3bbfc000 x12=0xffffffff
     1286599000	     64228	80008ff0	020d1c33	mulh	x24,x26,x0	 x26:0xffffffff  x0:0x00000000 x24=0x00000000
     1286619000	     64229	80008ff4	40ff5233	sra	x4,x30,x15	 x30:0x0000e000 x15:0x3bbfc000  x4=0x0000e000
     1286639000	     64230	80008ff8	639d	c.lui	x7,0x7	  x7=0x00007000
     1287379000	     64267	80008ffa	022edbb3	divu	x23,x29,x2	 x29:0xffffffff  x2:0x00000110 x23=0x00f0f0f0
     1287419000	     64269	80008ffe	033094b3	mulh	x9,x1,x19	  x1:0x10f32000 x19:0x80021e38  x9=0xf78693e6
     1287439000	     64270	80009002	ce866113	ori	x2,x12,-792	 x12:0xffffffff  x2=0xffffffff
     1287459000	     64271	80009006	50e4b213	sltiu	x4,x9,1294	  x9:0xf78693e6  x4=0x00000000
     1303119000	     65054	8000900a	0e216113	ori	x2,x2,226	  x2:0xffffffff  x2=0xffffffff
     1303139000	     65055	8000900e	01166fb3	or	x31,x12,x17	 x12:0xffffffff x17:0x80021e64 x31=0xffffffff
     1303879000	     65092	80009012	025af433	remu	x8,x21,x5	 x21:0x00000000  x5:0xffffff29  x8=0x00000000
     1303899000	     65093	80009016	e595	c.bnez	x11,80009042	 x11:0x00000001
     1304139000	     65105	80009042	8691	c.srai	x13,0x4	 x13:0x3bbfc000 x13=0x03bbfc00
     1304559000	     65126	80009044	01975493	srli	x9,x14,0x19	 x14:0x25c84000  x9=0x00000012
     1304579000	     65127	80009048	4409	c.li	x8,2	  x8=0x00000002
     1304599000	     65128	8000904a	020a8533	mul	x10,x21,x0	 x21:0x00000000  x0:0x00000000 x10=0x00000000
     1304699000	     65133	8000904e	0000100f	fence.i	
     1304979000	     65147	80009052	00749213	slli	x4,x9,0x7	  x9:0x00000012  x4=0x00000900
     1304999000	     65148	80009056	03b67363	bgeu	x12,x27,8000907c	 x12:0xffffffff x27:0x80000000
     1305479000	     65172	8000907c	86b1	c.srai	x13,0xc	 x13:0x03bbfc00 x13=0x00003bbf
     1305639000	     65180	8000907e	03d51d33	mulh	x26,x10,x29	 x10:0x00000000 x29:0xffffffff x26=0x00000000
     1306379000	     65217	80009082	0259f133	remu	x2,x19,x5	 x19:0x80021e38  x5:0xffffff29  x2=0x80021e38
     1306399000	     65218	80009086	8afd	c.andi	x13,31	 x13:0x00003bbf x13=0x0000001f
     1306419000	     65219	80009088	01b812b3	sll	x5,x16,x27	 x16:0x00000000 x27:0x80000000  x5=0x00000000
     1306439000	     65220	8000908c	03b88c33	mul	x24,x17,x27	 x17:0x80021e64 x27:0x80000000 x24=0x00000000
     1307179000	     65257	80009090	03cfe4b3	rem	x9,x31,x28	 x31:0xffffffff x28:0xffffff28  x9=0xffffffff
     1307199000	     65258	80009094	01f85e63	bge	x16,x31,800090b0	 x16:0x00000000 x31:0xffffffff
     1307279000	     65262	800090b0	8cd1	c.or	x9,x12	  x9:0xffffffff x12:0xffffffff  x9=0xffffffff
     1307319000	     65264	800090b2	025333b3	mulhu	x7,x6,x5	  x6:0x00000000  x5:0x00000000  x7=0x00000000
     1307339000	     65265	800090b6	8dcd	c.or	x11,x11	 x11:0x00000001 x11:0x00000001 x11=0x00000001
     1307359000	     65266	800090b8	eab97497	auipc	x9,0xeab97	  x9=0x6aba00b8
     1307419000	     65269	800090bc	01ef1213	slli	x4,x30,0x1e	 x30:0x0000e000  x4=0x00000000
     1307539000	     65275	800090c0	0ff0000f	fence	iorw,iorw	
     1307599000	     65278	800090c4	023d3fb3	mulhu	x31,x26,x3	 x26:0x00000000  x3:0x7bbc0000 x31=0x00000000
     1307619000	     65279	800090c8	0179b333	sltu	x6,x19,x23	 x19:0x80021e38 x23:0x00f0f0f0  x6=0x00000000
     1307939000	     65295	800090cc	0172	c.slli	x2,0x1c	  x2:0x80021e38  x2=0x80000000
     1308359000	     65316	800090ce	01884d33	xor	x26,x16,x24	 x16:0x00000000 x24:0x00000000 x26=0x00000000
     1308379000	     65317	800090d2	c605	c.beqz	x12,800090fa	 x12:0xffffffff
     1308419000	     65319	800090d4	01a9c863	blt	x19,x26,800090e4	 x19:0x80021e38 x26:0x00000000
     1309019000	     65349	800090e4	e62ecc13	xori	x24,x29,-414	 x29:0xffffffff x24=0x0000019d
     1309119000	     65354	800090e8	039aa1b3	mulhsu	x3,x21,x25	 x21:0x00000000 x25:0x80025ce4  x3=0x00000000
     1309159000	     65356	800090ec	021d2433	mulhsu	x8,x26,x1	 x26:0x00000000  x1:0x10f32000  x8=0x00000000
     1309299000	     65363	800090f0	6109	c.addi16sp	x2,128	  x2:0x80000000  x2=0x80000080
     1309319000	     65364	800090f2	01695a93	srli	x21,x18,0x16	 x18:0x00000000 x21=0x00000000
     1309339000	     65365	800090f6	02656563	bltu	x10,x6,80009120	 x10:0x00000000  x6:0x00000000
     1309419000	     65369	800090fa	4082d833	sra	x16,x5,x8	  x5:0x00000000  x8:0x00000000 x16=0x00000000
     1309459000	     65371	800090fe	020a6e33	rem	x28,x20,x0	 x20:0x0000000a  x0:0x00000000 x28=0x0000000a
     1309479000	     65372	80009102	01c65a33	srl	x20,x12,x28	 x12:0xffffffff x28:0x0000000a x20=0x003fffff
     1309499000	     65373	80009106	0096d033	srl	x0,x13,x9	 x13:0x0000001f  x9:0x6aba00b8  x0=0x00000000
     1309619000	     65379	8000910a	246c0313	addi	x6,x24,582	 x24:0x0000019d  x6=0x000003e3
     1309639000	     65380	8000910e	c791	c.beqz	x15,8000911a	 x15:0x3bbfc000
     1309779000	     65387	80009110	8d4d	c.or	x10,x11	 x10:0x00000000 x11:0x00000001 x10=0x00000001
     1309799000	     65388	80009112	02309063	bne	x1,x3,80009132	  x1:0x10f32000  x3:0x00000000
     1310099000	     65403	80009132	012b5193	srli	x3,x22,0x12	 x22:0x00000000  x3=0x00000000
     1310439000	     65420	80009136	00a45a13	srli	x20,x8,0xa	  x8:0x00000000 x20=0x00000000
     1310459000	     65421	8000913a	61d9	c.lui	x3,0x16	  x3=0x00016000
     1310579000	     65427	8000913c	8299	c.srli	x13,0x6	 x13:0x0000001f x13=0x00000000
     1310939000	     65445	8000913e	b7bfe713	ori	x14,x31,-1157	 x31:0x00000000 x14=0xfffffb7b
     1310959000	     65446	80009142	9bfd	c.andi	x15,-1	 x15:0x3bbfc000 x15=0x3bbfc000
     1310979000	     65447	80009144	02551317	auipc	x6,0x2551	  x6=0x8255a144
     1310999000	     65448	80009148	8f4d	c.or	x14,x11	 x14:0xfffffb7b x11:0x00000001 x14=0xfffffb7b
     1311019000	     65449	8000914a	00c3da93	srli	x21,x7,0xc	  x7:0x00000000 x21=0x00000000
     1311039000	     65450	8000914e	613d	c.addi16sp	x2,480	  x2:0x80000080  x2=0x80000260
     1311079000	     65452	80009150	8d537313	andi	x6,x6,-1835	  x6:0x8255a144  x6=0x8255a044
     1311099000	     65453	80009154	997d	c.andi	x10,-1	 x10:0x00000001 x10=0x00000001
     1311119000	     65454	80009156	c49d	c.beqz	x9,80009184	  x9:0x6aba00b8
     1311139000	     65455	80009158	0001	c.addi	x0,0	  x0:0x00000000  x0=0x00000000
     1311419000	     65469	8000915a	03c78363	beq	x15,x28,80009180	 x15:0x3bbfc000 x28:0x0000000a
     1311479000	     65472	8000915e	41b65533	sra	x10,x12,x27	 x12:0xffffffff x27:0x80000000 x10=0xffffffff
     1311499000	     65473	80009162	8ee5	c.and	x13,x9	 x13:0x00000000  x9:0x6aba00b8 x13=0x00000000
     1311519000	     65474	80009164	402a8fb3	sub	x31,x21,x2	 x21:0x00000000  x2:0x80000260 x31=0x7ffffda0
     1311639000	     65480	80009168	0001	c.addi	x0,0	  x0:0x00000000  x0=0x00000000
     1312059000	     65501	8000916a	01bd31b3	sltu	x3,x26,x27	 x26:0x00000000 x27:0x80000000  x3=0x00000001
     1312099000	     65503	8000916e	0361feb3	remu	x29,x3,x22	  x3:0x00000001 x22:0x00000000 x29=0x00000001
     1312239000	     65510	80009172	0ff0000f	fence	iorw,iorw	
     1312299000	     65513	80009176	04177093	andi	x1,x14,65	 x14:0xfffffb7b  x1=0x00000041
     1312319000	     65514	8000917a	717d	c.addi16sp	x2,-16	  x2:0x80000260  x2=0x80000250
     1312339000	     65515	8000917c	4016db13	srai	x22,x13,0x1	 x13:0x00000000 x22=0x00000000
     1312399000	     65518	80009180	024201b3	mul	x3,x4,x4	  x4:0x00000000  x4:0x00000000  x3=0x00000000
     1312519000	     65524	80009184	717d	c.addi16sp	x2,-16	  x2:0x80000250  x2=0x80000240
     1312539000	     65525	80009186	167d	c.addi	x12,-1	 x12:0xffffffff x12=0xfffffffe
     1312659000	     65531	80009188	8e31	c.xor	x12,x12	 x12:0xfffffffe x12:0xfffffffe x12=0x00000000
     1312679000	     65532	8000918a	9afd	c.andi	x13,-1	 x13:0x00000000 x13=0x00000000
     1313079000	     65552	8000918c	00926833	or	x16,x4,x9	  x4:0x00000000  x9:0x6aba00b8 x16=0x6aba00b8
     1313459000	     65571	80009190	0e264613	xori	x12,x12,226	 x12:0x00000000 x12=0x000000e2
     1313479000	     65572	80009194	127d	c.addi	x4,-1	  x4:0x00000000  x4=0xffffffff
     1313499000	     65573	80009196	eb0d	c.bnez	x14,800091c8	 x14:0xfffffb7b
     1314039000	     65600	800091c8	01521c63	bne	x4,x21,800091e0	  x4:0xffffffff x21:0x00000000
     1314379000	     65617	800091e0	01cf5eb3	srl	x29,x30,x28	 x30:0x0000e000 x28:0x0000000a x29=0x00000038
     1314819000	     65639	800091e4	0327c633	div	x12,x15,x18	 x15:0x3bbfc000 x18:0x00000000 x12=0xffffffff
     1314939000	     65645	800091e8	4ead	c.li	x29,11	 x29=0x0000000b
     1315879000	     65692	800091ea	02f47f33	remu	x30,x8,x15	  x8:0x00000000 x15:0x3bbfc000 x30=0x00000000
     1315899000	     65693	800091ee	6da5a693	slti	x13,x11,1754	 x11:0x00000001 x13=0x00000001
     1315919000	     65694	800091f2	019e1f33	sll	x30,x28,x25	 x28:0x0000000a x25:0x80025ce4 x30=0x000000a0
     1315939000	     65695	800091f6	8f11	c.sub	x14,x12	 x14:0xfffffb7b x12:0xffffffff x14=0xfffffb7c
     1315959000	     65696	800091f8	0001	c.addi	x0,0	  x0:0x00000000  x0=0x00000000
     1315979000	     65697	800091fa	01290e63	beq	x18,x18,80009216	 x18:0x00000000 x18:0x00000000
     1316299000	     65713	80009216	014301b3	add	x3,x6,x20	  x6:0x8255a044 x20:0x00000000  x3=0x8255a044
     1316319000	     65714	8000921a	8d91	c.sub	x11,x12	 x11:0x00000001 x12:0xffffffff x11=0x00000002
     1316339000	     65715	8000921c	01d44a33	xor	x20,x8,x29	  x8:0x00000000 x29:0x0000000b x20=0x0000000b
     1316359000	     65716	80009220	00f8b733	sltu	x14,x17,x15	 x17:0x80021e64 x15:0x3bbfc000 x14=0x00000000
     1316659000	     65731	80009224	8c11	c.sub	x8,x12	  x8:0x00000000 x12:0xffffffff  x8=0x00000001
     1316679000	     65732	80009226	6b09	c.lui	x22,0x2	 x22=0x00002000
     1316699000	     65733	80009228	02a40363	beq	x8,x10,8000924e	  x8:0x00000001 x10:0xffffffff
     1316719000	     65734	8000922c	8d35	c.xor	x10,x13	 x10:0xffffffff x13:0x00000001 x10=0xfffffffe
     1317099000	     65753	8000922e	01cb7b33	and	x22,x22,x28	 x22:0x00002000 x28:0x0000000a x22=0x00000000
     1317139000	     65755	80009232	02309fb3	mulh	x31,x1,x3	  x1:0x00000041  x3:0x8255a044 x31=0xffffffe0
     1317159000	     65756	80009236	0810	c.addi4spn	x12,x2,16	 x12=0x80000250
     1317179000	     65757	80009238	40255913	srai	x18,x10,0x2	 x10:0xfffffffe x18=0xffffffff
     1317199000	     65758	8000923c	41148533	sub	x10,x9,x17	  x9:0x6aba00b8 x17:0x80021e64 x10=0xeab7e254
     1317239000	     65760	80009240	03319b33	mulh	x22,x3,x19	  x3:0x8255a044 x19:0x80021e38 x22=0x3ed425b3
     1317299000	     65763	80009244	0be63593	sltiu	x11,x12,190	 x12:0x80000250 x11=0x00000000
     1317519000	     65774	80009248	65e9	c.lui	x11,0x1a	 x11=0x0001a000
     1317939000	     65795	8000924a	01d06bb3	or	x23,x0,x29	  x0:0x00000000 x29:0x0000000b x23=0x0000000b
     1318319000	     65814	8000924e	414484b3	sub	x9,x9,x20	  x9:0x6aba00b8 x20:0x0000000b  x9=0x6aba00ad
     1318339000	     65815	80009252	00351c13	slli	x24,x10,0x3	 x10:0xeab7e254 x24=0x55bf12a0
     1318359000	     65816	80009256	01735833	srl	x16,x6,x23	  x6:0x8255a044 x23:0x0000000b x16=0x00104ab4
     1318379000	     65817	8000925a	8f31	c.xor	x14,x12	 x14:0x00000000 x12:0x80000250 x14=0x80000250
     1318399000	     65818	8000925c	014ae7b3	or	x15,x21,x20	 x21:0x00000000 x20:0x0000000b x15=0x0000000b
     1318439000	     65820	80009260	0259a7b3	mulhsu	x15,x19,x5	 x19:0x80021e38  x5:0x00000000 x15=0x00000000
     1318599000	     65828	80009264	01671963	bne	x14,x22,80009276	 x14:0x80000250 x22:0x3ed425b3
     1319219000	     65859	80009276	920e	c.add	x4,x3	  x4:0xffffffff  x3:0x8255a044  x4=0x8255a043
     1319819000	     65889	80009278	41b25a13	srai	x20,x4,0x1b	  x4:0x8255a043 x20=0xfffffff0
     1320239000	     65910	8000927c	53a63193	sltiu	x3,x12,1338	 x12:0x80000250  x3=0x00000000
     1320679000	     65932	80009280	0380a433	mulhsu	x8,x1,x24	  x1:0x00000041 x24:0x55bf12a0  x8=0x00000015
     1320859000	     65941	80009284	0033f663	bgeu	x7,x3,80009290	  x7:0x00000000  x3:0x00000000
     1322119000	     66004	80009290	029f7b33	remu	x22,x30,x9	 x30:0x000000a0  x9:0x6aba00ad x22=0x000000a0
     1322139000	     66005	80009294	0b98	c.addi4spn	x14,x2,464	 x14=0x80000410
     1322159000	     66006	80009296	413d8a33	sub	x20,x27,x19	 x27:0x80000000 x19:0x80021e38 x20=0xfffde1c8
     1322179000	     66007	8000929a	01385663	bge	x16,x19,800092a6	 x16:0x00104ab4 x19:0x80021e38
     1322219000	     66009	800092a6	717d	c.addi16sp	x2,-16	  x2:0x80000240  x2=0x80000230
     1322939000	     66045	800092a8	4095	c.li	x1,5	  x1=0x00000005
     1322959000	     66046	800092aa	0343c063	blt	x7,x20,800092ca	  x7:0x00000000 x20:0xfffde1c8
     1322979000	     66047	800092ae	0ff0000f	fence	iorw,iorw	
     1322999000	     66048	800092b2	80ad	c.srli	x9,0xb	  x9:0x6aba00ad  x9=0x000d5740
     1323079000	     66052	800092b4	03597333	remu	x6,x18,x21	 x18:0xffffffff x21:0x00000000  x6=0xffffffff
     1323479000	     66072	800092b8	e699	c.bnez	x13,800092c6	 x13:0x00000001
     1324139000	     66105	800092c6	9a7d	c.andi	x12,-1	 x12:0x80000250 x12=0x80000250
     1324179000	     66107	800092c8	8d1d	c.sub	x10,x15	 x10:0xeab7e254 x15:0x00000000 x10=0xeab7e254
     1324199000	     66108	800092ca	8e3d	c.xor	x12,x15	 x12:0x80000250 x15:0x00000000 x12=0x80000250
     1324519000	     66124	800092cc	1d74bb13	sltiu	x22,x9,471	  x9:0x000d5740 x22=0x00000000
     1324539000	     66125	800092d0	9b7d	c.andi	x14,-1	 x14:0x80000410 x14=0x80000410
     1324559000	     66126	800092d2	014f7d63	bgeu	x30,x20,800092ec	 x30:0x000000a0 x20:0xfffde1c8
     1324679000	     66132	800092d6	013e35b3	sltu	x11,x28,x19	 x28:0x0000000a x19:0x80021e38 x11=0x00000001
     1324699000	     66133	800092da	403bdb13	srai	x22,x23,0x3	 x23:0x0000000b x22=0x00000001
     1324719000	     66134	800092de	0001	c.addi	x0,0	  x0:0x00000000  x0=0x00000000
     1324739000	     66135	800092e0	02524d63	blt	x4,x5,8000931a	  x4:0x8255a043  x5:0x00000000
     1325439000	     66170	8000931a	415ed413	srai	x8,x29,0x15	 x29:0x0000000b  x8=0x00000000
     1325459000	     66171	8000931e	816e	c.mv	x2,x27	  x0:0x00000000 x27:0x80000000  x2=0x80000000
     1325599000	     66178	80009320	01115bb3	srl	x23,x2,x17	  x2:0x80000000 x17:0x80021e64 x23=0x08000000
     1325659000	     66181	80009324	40a25513	srai	x10,x4,0xa	  x4:0x8255a043 x10=0xffe09568
     1325679000	     66182	80009328	00344233	xor	x4,x8,x3	  x8:0x00000000  x3:0x00000000  x4=0x00000000
     1325699000	     66183	8000932c	8f11	c.sub	x14,x12	 x14:0x80000410 x12:0x80000250 x14=0x000001c0
     1325719000	     66184	8000932e	00aa5513	srli	x10,x20,0xa	 x20:0xfffde1c8 x10=0x003fff78
     1325739000	     66185	80009332	01493333	sltu	x6,x18,x20	 x18:0xffffffff x20:0xfffde1c8  x6=0x00000000
     1326139000	     66205	80009336	416b5513	srai	x10,x22,0x16	 x22:0x00000001 x10=0x00000000
     1326159000	     66206	8000933a	717d	c.addi16sp	x2,-16	  x2:0x80000000  x2=0x7ffffff0
     1326179000	     66207	8000933c	01c67463	bgeu	x12,x28,80009344	 x12:0x80000250 x28:0x0000000a
     1326519000	     66224	80009344	01809433	sll	x8,x1,x24	  x1:0x00000005 x24:0x55bf12a0  x8=0x00000005
     1327659000	     66281	80009348	0218c233	div	x4,x17,x1	 x17:0x80021e64  x1:0x00000005  x4=0xe666d2e1
     1327679000	     66282	8000934c	40bd5233	sra	x4,x26,x11	 x26:0x00000000 x11:0x00000001  x4=0x00000000
     1327699000	     66283	80009350	00cf5133	srl	x2,x30,x12	 x30:0x000000a0 x12:0x80000250  x2=0x00000000
     1327739000	     66285	80009354	02af74b3	remu	x9,x30,x10	 x30:0x000000a0 x10:0x00000000  x9=0x000000a0
     1327759000	     66286	80009358	0000100f	fence.i	
     1328539000	     66325	8000935c	03476533	rem	x10,x14,x20	 x14:0x000001c0 x20:0xfffde1c8 x10=0x000001c0
     1328559000	     66326	80009360	167d	c.addi	x12,-1	 x12:0x80000250 x12=0x8000024f
     1328579000	     66327	80009362	8c21	c.xor	x8,x8	  x8:0x00000005  x8:0x00000005  x8=0x00000000
     1328599000	     66328	80009364	4e9d	c.li	x29,7	 x29=0x00000007
     1328619000	     66329	80009366	9bfd	c.andi	x15,-1	 x15:0x00000000 x15=0x00000000
     1328739000	     66335	80009368	87d5	c.srai	x15,0x15	 x15:0x00000000 x15=0x00000000
     1329159000	     66356	8000936a	309d2e93	slti	x29,x26,777	 x26:0x00000000 x29=0x00000001
     1329179000	     66357	8000936e	4179	c.li	x2,30	  x2=0x0000001e
     1329539000	     66375	80009370	013c96b3	sll	x13,x25,x19	 x25:0x80025ce4 x19:0x80021e38 x13=0xe4000000
     1329659000	     66381	80009374	baaff5b7	lui	x11,0xbaaff	 x11=0xbaaff000
     1329779000	     66387	80009378	08de	c.slli	x17,0x17	 x17:0x80021e64 x17=0x32000000
     1329799000	     66388	8000937a	88e5	c.andi	x9,25	  x9:0x000000a0  x9=0x00000000
     1329879000	     66392	8000937c	df68b413	sltiu	x8,x17,-522	 x17:0x32000000  x8=0x00000001
     1329999000	     66398	80009380	d96ee593	ori	x11,x29,-618	 x29:0x00000001 x11=0xfffffd97
     1330019000	     66399	80009384	6325	c.lui	x6,0x9	  x6=0x00009000
     1330039000	     66400	80009386	018656b3	srl	x13,x12,x24	 x12:0x8000024f x24:0x55bf12a0 x13=0x8000024f
     1330199000	     66408	8000938a	0ff0000f	fence	iorw,iorw	
     1330219000	     66409	8000938e	8d9d	c.sub	x11,x15	 x11:0xfffffd97 x15:0x00000000 x11=0xfffffd97
     1330619000	     66429	80009390	02e98333	mul	x6,x19,x14	 x19:0x80021e38 x14:0x000001c0  x6=0x03b4e200
     1330659000	     66431	80009394	0209a6b3	mulhsu	x13,x19,x0	 x19:0x80021e38  x0:0x00000000 x13=0x00000000
     1330799000	     66438	80009398	0001	c.addi	x0,0	  x0:0x00000000  x0=0x00000000
     1330819000	     66439	8000939a	02694763	blt	x18,x6,800093c8	 x18:0xffffffff  x6:0x03b4e200
     1331239000	     66460	800093c8	8c35	c.xor	x8,x13	  x8:0x00000001 x13:0x00000000  x8=0x00000001
     1331359000	     66466	800093ca	0323c463	blt	x7,x18,800093f2	  x7:0x00000000 x18:0xffffffff
     1331679000	     66482	800093ce	01f79bb3	sll	x23,x15,x31	 x15:0x00000000 x31:0xffffffe0 x23=0x00000000
     1331699000	     66483	800093d2	8f29	c.xor	x14,x10	 x14:0x000001c0 x10:0x000001c0 x14=0x00000000
     1331719000	     66484	800093d4	8c75	c.and	x8,x13	  x8:0x00000001 x13:0x00000000  x8=0x00000000
     1331739000	     66485	800093d6	e405	c.bnez	x8,800093fe	  x8:0x00000000
     1333379000	     66567	800093d8	03a5be33	mulhu	x28,x11,x26	 x11:0xfffffd97 x26:0x00000000 x28=0x00000000
     1333419000	     66569	800093dc	0254a3b3	mulhsu	x7,x9,x5	  x9:0x00000000  x5:0x00000000  x7=0x00000000
     1333439000	     66570	800093e0	c2a87213	andi	x4,x16,-982	 x16:0x00104ab4  x4=0x00104820
     1333479000	     66572	800093e4	0285aeb3	mulhsu	x29,x11,x8	 x11:0xfffffd97  x8:0x00000000 x29=0x00000000
     1333499000	     66573	800093e8	f2718393	addi	x7,x3,-217	  x3:0x00000000  x7=0xffffff27
     1333519000	     66574	800093ec	d9a2ba97	auipc	x21,0xd9a2b	 x21=0x59a343ec
     1333639000	     66580	800093f0	0001	c.addi	x0,0	  x0:0x00000000  x0=0x00000000
     1333739000	     66585	800093f2	0ff0000f	fence	iorw,iorw	
     1333759000	     66586	800093f6	8c3d	c.xor	x8,x15	  x8:0x00000000 x15:0x00000000  x8=0x00000000
     1333779000	     66587	800093f8	90be	c.add	x1,x15	  x1:0x00000005 x15:0x00000000  x1=0x00000005
     1334899000	     66643	800093fa	033ad7b3	divu	x15,x21,x19	 x21:0x59a343ec x19:0x80021e38 x15=0x00000000
     1334919000	     66644	800093fe	0059bfb3	sltu	x31,x19,x5	 x19:0x80021e38  x5:0x00000000 x31=0x00000000
     1334939000	     66645	80009402	82ad	c.srli	x13,0xb	 x13:0x00000000 x13=0x00000000
     1334959000	     66646	80009404	f96db213	sltiu	x4,x27,-106	 x27:0x80000000  x4=0x00000001
     1334979000	     66647	80009408	8619	c.srai	x12,0x6	 x12:0x8000024f x12=0xfe000009
     1335719000	     66684	8000940a	033256b3	divu	x13,x4,x19	  x4:0x00000001 x19:0x80021e38 x13=0x00000000
     1335739000	     66685	8000940e	8785	c.srai	x15,0x1	 x15:0x00000000 x15=0x00000000
     1335759000	     66686	80009410	0001	c.addi	x0,0	  x0:0x00000000  x0=0x00000000
     1335779000	     66687	80009412	01e07c63	bgeu	x0,x30,8000942a	  x0:0x00000000 x30:0x000000a0
     1335799000	     66688	80009416	018cb633	sltu	x12,x25,x24	 x25:0x80025ce4 x24:0x55bf12a0 x12=0x00000000
     1335819000	     66689	8000941a	0001	c.addi	x0,0	  x0:0x00000000  x0=0x00000000
     1335839000	     66690	8000941c	000c1763	bne	x24,x0,8000942a	 x24:0x55bf12a0  x0:0x00000000
     1336359000	     66716	8000942a	409f81b3	sub	x3,x31,x9	 x31:0x00000000  x9:0x00000000  x3=0x00000000
     1336759000	     66736	8000942e	40455433	sra	x8,x10,x4	 x10:0x000001c0  x4:0x00000001  x8=0x000000e0
     1336779000	     66737	80009432	414f8f13	addi	x30,x31,1044	 x31:0x00000000 x30=0x00000414
     1336799000	     66738	80009436	bfae8313	addi	x6,x29,-1030	 x29:0x00000000  x6=0xfffffbfa
     1337099000	     66753	8000943a	40f95f93	srai	x31,x18,0xf	 x18:0xffffffff x31=0xffffffff
     1337119000	     66754	8000943e	6bed	c.lui	x23,0x1b	 x23=0x0001b000
     1337519000	     66774	80009440	8cbd	c.xor	x9,x15	  x9:0x00000000 x15:0x00000000  x9=0x00000000
     1337939000	     66795	80009442	410ad613	srai	x12,x21,0x10	 x21:0x59a343ec x12=0x000059a3
     1337959000	     66796	80009446	8711	c.srai	x14,0x4	 x14:0x00000000 x14=0x00000000
     1338339000	     66815	80009448	cb89	c.beqz	x15,8000945a	 x15:0x00000000
     1338999000	     66848	8000945a	8f1d	c.sub	x14,x15	 x14:0x00000000 x15:0x00000000 x14=0x00000000
     1339119000	     66854	8000945c	02adf063	bgeu	x27,x10,8000947c	 x27:0x80000000 x10:0x000001c0
     1340239000	     66910	8000947c	02e07863	bgeu	x0,x14,800094ac	  x0:0x00000000 x14:0x00000000
     1341519000	     66974	800094ac	0211db33	divu	x22,x3,x1	  x3:0x00000000  x1:0x00000005 x22=0x00000000
     1341539000	     66975	800094b0	615d	c.addi16sp	x2,432	  x2:0x0000001e  x2=0x000001ce
     1341559000	     66976	800094b2	84a5	c.srai	x9,0x9	  x9:0x00000000  x9=0x00000000
     1341599000	     66978	800094b4	02421033	mulh	x0,x4,x4	  x4:0x00000001  x4:0x00000001  x0=0x00000000
     1341619000	     66979	800094b8	003d9633	sll	x12,x27,x3	 x27:0x80000000  x3:0x00000000 x12=0x80000000
     1341639000	     66980	800094bc	0001	c.addi	x0,0	  x0:0x00000000  x0=0x00000000
     1341659000	     66981	800094be	8c3d	c.xor	x8,x15	  x8:0x000000e0 x15:0x00000000  x8=0x000000e0
     1341679000	     66982	800094c0	6d2d	c.lui	x26,0xb	 x26=0x0000b000
     1342419000	     67019	800094c2	03effeb3	remu	x29,x31,x30	 x31:0xffffffff x30:0x00000414 x29=0x0000016b
     1342439000	     67020	800094c6	eb20bb13	sltiu	x22,x1,-334	  x1:0x00000005 x22=0x00000001
     1342459000	     67021	800094ca	011ad733	srl	x14,x21,x17	 x21:0x59a343ec x17:0x32000000 x14=0x59a343ec
     1342499000	     67023	800094ce	03bdac33	mulhsu	x24,x27,x27	 x27:0x80000000 x27:0x80000000 x24=0xc0000000
     1342519000	     67024	800094d2	019da8b3	slt	x17,x27,x25	 x27:0x80000000 x25:0x80025ce4 x17=0x00000001
     1342539000	     67025	800094d6	01b05333	srl	x6,x0,x27	  x0:0x00000000 x27:0x80000000  x6=0x00000000
     1342559000	     67026	800094da	00c590b3	sll	x1,x11,x12	 x11:0xfffffd97 x12:0x80000000  x1=0xfffffd97
     1342579000	     67027	800094de	001e1193	slli	x3,x28,0x1	 x28:0x00000000  x3=0x00000000
     1342779000	     67037	800094e2	02aeabb3	mulhsu	x23,x29,x10	 x29:0x0000016b x10:0x000001c0 x23=0x00000000
     1343179000	     67057	800094e6	02e83e33	mulhu	x28,x16,x14	 x16:0x00104ab4 x14:0x59a343ec x28=0x0005b45c
     1343199000	     67058	800094ea	8c5d	c.or	x8,x15	  x8:0x000000e0 x15:0x00000000  x8=0x000000e0
     1343619000	     67079	800094ec	0049a783	lw	x15,4(x19)	 x19:0x80021e38 x15=0x800083b0 PA:0x80021e3c load:0x800083b0
     1344359000	     67116	800094f0	03d874b3	remu	x9,x16,x29	 x16:0x00104ab4 x29:0x0000016b  x9=0x00000075
     1344379000	     67117	800094f4	02c98993	addi	x19,x19,44	 x19:0x80021e38 x19=0x80021e64
     1345119000	     67154	800094f8	0284f433	remu	x8,x9,x8	  x9:0x00000075  x8:0x000000e0  x8=0x00000075
     1345139000	     67155	800094fc	559c4337	lui	x6,0x559c4	  x6=0x559c4000
     1345159000	     67156	80009500	0001	c.addi	x0,0	  x0:0x00000000  x0=0x00000000
     1345179000	     67157	80009502	00e0a2b3	slt	x5,x1,x14	  x1:0xfffffd97 x14:0x59a343ec  x5=0x00000001
     1345199000	     67158	80009506	00178e13	addi	x28,x15,1	 x15:0x800083b0 x28=0x800083b1
     1345219000	     67159	8000950a	8e02	c.jr	x28	 x28:0x800083b1
     1345639000	     67180	800083b0	039db8b3	mulhu	x17,x27,x25	 x27:0x80000000 x25:0x80025ce4 x17=0x40012e72
     1346039000	     67200	800083b4	0001	c.addi	x0,0	  x0:0x00000000  x0=0x00000000
     1346059000	     67201	800083b6	01291013	slli	x0,x18,0x12	 x18:0xffffffff  x0=0x00000000
     1346079000	     67202	800083ba	01f1	c.addi	x3,28	  x3:0x00000000  x3=0x0000001c
     1346099000	     67203	800083bc	91b6	c.add	x3,x13	  x3:0x0000001c x13:0x00000000  x3=0x0000001c
     1346519000	     67224	800083be	0ff0000f	fence	iorw,iorw	
     1346539000	     67225	800083c2	0001	c.addi	x0,0	  x0:0x00000000  x0=0x00000000
     1347659000	     67281	800083c4	021641b3	div	x3,x12,x1	 x12:0x80000000  x1:0xfffffd97  x3=0x00351bcc
     1347679000	     67282	800083c8	407685b3	sub	x11,x13,x7	 x13:0x00000000  x7:0xffffff27 x11=0x000000d9
     1347699000	     67283	800083cc	01b27633	and	x12,x4,x27	  x4:0x00000001 x27:0x80000000 x12=0x00000000
     1347719000	     67284	800083d0	0001	c.addi	x0,0	  x0:0x00000000  x0=0x00000000
     1347739000	     67285	800083d2	0161de93	srli	x29,x3,0x16	  x3:0x00351bcc x29=0x00000000
     1347759000	     67286	800083d6	01e770b3	and	x1,x14,x30	 x14:0x59a343ec x30:0x00000414  x1=0x00000004
     1347839000	     67290	800083da	fc9554b7	lui	x9,0xfc955	  x9=0xfc955000
     1347859000	     67291	800083de	00941693	slli	x13,x8,0x9	  x8:0x00000075 x13=0x0000ea00
     1347879000	     67292	800083e2	860a	c.mv	x12,x2	  x0:0x00000000  x2:0x000001ce x12=0x000001ce
     1347899000	     67293	800083e4	83dd	c.srli	x15,0x17	 x15:0x800083b0 x15=0x00000100
     1348199000	     67308	800083e6	008edc33	srl	x24,x29,x8	 x29:0x00000000  x8:0x00000075 x24=0x00000000
     1348319000	     67314	800083ea	00750fb3	add	x31,x10,x7	 x10:0x000001c0  x7:0xffffff27 x31=0x000000e7
     1348339000	     67315	800083ee	cf8d	c.beqz	x15,80008428	 x15:0x00000100
     1348379000	     67317	800083f0	02c680b3	mul	x1,x13,x12	 x13:0x0000ea00 x12:0x000001ce  x1=0x01a64c00
     1348399000	     67318	800083f4	0001	c.addi	x0,0	  x0:0x00000000  x0=0x00000000
     1348439000	     67320	800083f6	02bf5163	bge	x30,x11,80008418	 x30:0x00000414 x11:0x000000d9
     1348999000	     67348	80008418	0000100f	fence.i	
     1350379000	     67417	8000841c	03cd6063	bltu	x26,x28,8000843c	 x26:0x0000b000 x28:0x800083b1
     1350919000	     67444	8000843c	0001	c.addi	x0,0	  x0:0x00000000  x0=0x00000000
     1350939000	     67445	8000843e	856d	c.srai	x10,0x1b	 x10:0x000001c0 x10=0x00000000
     1351059000	     67451	80008440	0308aa33	mulhsu	x20,x17,x16	 x17:0x40012e72 x16:0x00104ab4 x20=0x000412c0
     1351259000	     67461	80008444	0068df63	bge	x17,x6,80008462	 x17:0x40012e72  x6:0x559c4000
     1351279000	     67462	80008448	001cb333	sltu	x6,x25,x1	 x25:0x80025ce4  x1:0x01a64c00  x6=0x00000000
     1351459000	     67471	8000844c	02ea1b33	mulh	x22,x20,x14	 x20:0x000412c0 x14:0x59a343ec x22=0x00016d1d
     1351479000	     67472	80008450	40305693	srai	x13,x0,0x3	  x0:0x00000000 x13=0x00000000
     1352599000	     67528	80008454	03136033	rem	x0,x6,x17	  x6:0x00000000 x17:0x40012e72  x0=0x00000000
     1352619000	     67529	80008458	8f41	c.or	x14,x8	 x14:0x59a343ec  x8:0x00000075 x14=0x59a343fd
     1352639000	     67530	8000845a	03720e33	mul	x28,x4,x23	  x4:0x00000001 x23:0x00000000 x28=0x00000000
     1352859000	     67541	8000845e	4158db33	sra	x22,x17,x21	 x17:0x40012e72 x21:0x59a343ec x22=0x00040012
     1352879000	     67542	80008462	8c61	c.and	x8,x8	  x8:0x00000075  x8:0x00000075  x8=0x00000075
     1352899000	     67543	80008464	83cd	c.srli	x15,0x13	 x15:0x00000100 x15=0x00000000
     1352919000	     67544	80008466	e2ffaa13	slti	x20,x31,-465	 x31:0x000000e7 x20=0x00000000
     1352939000	     67545	8000846a	0001	c.addi	x0,0	  x0:0x00000000  x0=0x00000000
     1353679000	     67582	8000846c	03f0cf33	div	x30,x1,x31	  x1:0x01a64c00 x31:0x000000e7 x30=0x0001d400
     1353699000	     67583	80008470	dfa87613	andi	x12,x16,-518	 x16:0x00104ab4 x12=0x001048b0
     1353719000	     67584	80008474	9d06	c.add	x26,x1	 x26:0x0000b000  x1:0x01a64c00 x26=0x01a6fc00
     1354459000	     67621	80008476	025bdfb3	divu	x31,x23,x5	 x23:0x00000000  x5:0x00000001 x31=0x00000000
     1354479000	     67622	8000847a	0001	c.addi	x0,0	  x0:0x00000000  x0=0x00000000
     1354499000	     67623	8000847c	0192e233	or	x4,x5,x25	  x5:0x00000001 x25:0x80025ce4  x4=0x80025ce5
     1354539000	     67625	80008480	03c191b3	mulh	x3,x3,x28	  x3:0x00351bcc x28:0x00000000  x3=0x00000000
     1354559000	     67626	80008484	4079de33	sra	x28,x19,x7	 x19:0x80021e64  x7:0xffffff27 x28=0xff00043c
     1354579000	     67627	80008488	00177c63	bgeu	x14,x1,800084a0	 x14:0x59a343fd  x1:0x01a64c00
     1354819000	     67639	800084a0	0214ab33	mulhsu	x22,x9,x1	  x9:0xfc955000  x1:0x01a64c00 x22=0xfffa5d1e
     1354839000	     67640	800084a4	01cc5313	srli	x6,x24,0x1c	 x24:0x00000000  x6=0x00000000
     1355239000	     67660	800084a8	4e35	c.li	x28,13	 x28=0x0000000d
     1355459000	     67671	800084aa	0000100f	fence.i	
     1355999000	     67698	800084ae	86b9	c.srai	x13,0xe	 x13:0x00000000 x13=0x00000000
     1356439000	     67720	800084b0	02022733	mulhsu	x14,x4,x0	  x4:0x80025ce5  x0:0x00000000 x14=0x00000000
     1356799000	     67738	800084b4	8ed5	c.or	x13,x13	 x13:0x00000000 x13:0x00000000 x13=0x00000000
     1356999000	     67748	800084b6	00831613	slli	x12,x6,0x8	  x6:0x00000000 x12=0x00000000
     1357079000	     67752	800084ba	41258bb3	sub	x23,x11,x18	 x11:0x000000d9 x18:0xffffffff x23=0x000000da
     1357499000	     67773	800084be	000dcd33	xor	x26,x27,x0	 x27:0x80000000  x0:0x00000000 x26=0x80000000
     1357519000	     67774	800084c2	1f477193	andi	x3,x14,500	 x14:0x00000000  x3=0x00000000
     1357699000	     67783	800084c6	000b7633	and	x12,x22,x0	 x22:0xfffa5d1e  x0:0x00000000 x12=0x00000000
     1357719000	     67784	800084ca	8312	c.mv	x6,x4	  x0:0x00000000  x4:0x80025ce5  x6=0x80025ce5
     1357739000	     67785	800084cc	9b3e	c.add	x22,x15	 x22:0xfffa5d1e x15:0x00000000 x22=0xfffa5d1e
     1357759000	     67786	800084ce	0051e4b3	or	x9,x3,x5	  x3:0x00000000  x5:0x00000001  x9=0x00000001
     1357779000	     67787	800084d2	450d	c.li	x10,3	 x10=0x00000003
     1357799000	     67788	800084d4	9fdfe737	lui	x14,0x9fdfe	 x14=0x9fdfe000
     1357839000	     67790	800084d8	0a18	c.addi4spn	x14,x2,272	 x14=0x000002de
     1357859000	     67791	800084da	8d89	c.sub	x11,x10	 x11:0x000000d9 x10:0x00000003 x11=0x000000d6
     1357939000	     67795	800084dc	a3d64613	xori	x12,x12,-1475	 x12:0x00000000 x12=0xfffffa3d
     1358079000	     67802	800084e0	008c1813	slli	x16,x24,0x8	 x24:0x00000000 x16=0x00000000
     1358099000	     67803	800084e4	0001	c.addi	x0,0	  x0:0x00000000  x0=0x00000000
     1358119000	     67804	800084e6	0136dc33	srl	x24,x13,x19	 x13:0x00000000 x19:0x80021e64 x24=0x00000000
     1358519000	     67824	800084ea	011bd113	srli	x2,x23,0x11	 x23:0x000000da  x2=0x00000000
     1358539000	     67825	800084ee	8ec9	c.or	x13,x10	 x13:0x00000000 x10:0x00000003 x13=0x00000003
     1358939000	     67845	800084f0	002f9b33	sll	x22,x31,x2	 x31:0x00000000  x2:0x00000000 x22=0x00000000
     1359359000	     67866	800084f4	4b49	c.li	x22,18	 x22=0x00000012
     1359379000	     67867	800084f6	e209	c.bnez	x12,800084f8	 x12:0xfffffa3d
     1360559000	     67926	800084f8	167d	c.addi	x12,-1	 x12:0xfffffa3d x12=0xfffffa3c
     1361499000	     67973	800084fa	0354cd33	div	x26,x9,x21	  x9:0x00000001 x21:0x59a343ec x26=0x00000000
     1361519000	     67974	800084fe	0095e233	or	x4,x11,x9	 x11:0x000000d6  x9:0x00000001  x4=0x000000d7
     1361539000	     67975	80008502	1efd	c.addi	x29,-1	 x29:0x00000000 x29=0xffffffff
     1361559000	     67976	80008504	8e05	c.sub	x12,x9	 x12:0xfffffa3c  x9:0x00000001 x12=0xfffffa3b
     1361579000	     67977	80008506	02fa1163	bne	x20,x15,80008528	 x20:0x00000000 x15:0x00000000
     1361599000	     67978	8000850a	005ee2b3	or	x5,x29,x5	 x29:0xffffffff  x5:0x00000001  x5=0xffffffff
     1361619000	     67979	8000850e	03288363	beq	x17,x18,80008534	 x17:0x40012e72 x18:0xffffffff
     1361639000	     67980	80008512	0c08	c.addi4spn	x10,x2,528	 x10=0x00000210
     1361679000	     67982	80008514	01a3f3b3	and	x7,x7,x26	  x7:0xffffff27 x26:0x00000000  x7=0x00000000
     1362719000	     68034	80008518	03cf4d33	div	x26,x30,x28	 x30:0x0001d400 x28:0x0000000d x26=0x00002400
     1372079000	     68502	8000851c	8619	c.srai	x12,0x6	 x12:0xfffffa3b x12=0xffffffe8
     1372819000	     68539	8000851e	02cc65b3	rem	x11,x24,x12	 x24:0x00000000 x12:0xffffffe8 x11=0x00000000
     1372839000	     68540	80008522	6145	c.addi16sp	x2,48	  x2:0x00000000  x2=0x00000030
     1372859000	     68541	80008524	1b9de017	auipc	x0,0x1b9de	  x0=0x00000000
     1372879000	     68542	80008528	8329	c.srli	x14,0xa	 x14:0x000002de x14=0x00000000
     1372899000	     68543	8000852a	9e22	c.add	x28,x8	 x28:0x0000000d  x8:0x00000075 x28=0x00000082
     1372919000	     68544	8000852c	8195	c.srli	x11,0x5	 x11:0x00000000 x11=0x00000000
     1372939000	     68545	8000852e	ad384713	xori	x14,x16,-1325	 x16:0x00000000 x14=0xfffffad3
     1372959000	     68546	80008532	c291	c.beqz	x13,80008536	 x13:0x00000003
     1372979000	     68547	80008534	577d	c.li	x14,-1	 x14=0xffffffff
     1373019000	     68549	80008536	02ffa833	mulhsu	x16,x31,x15	 x31:0x00000000 x15:0x00000000 x16=0x00000000
     1374139000	     68605	8000853a	03154133	div	x2,x10,x17	 x10:0x00000210 x17:0x40012e72  x2=0x00000000
     1374159000	     68606	8000853e	613d	c.addi16sp	x2,480	  x2:0x00000000  x2=0x000001e0
     1374179000	     68607	80008540	00132033	slt	x0,x6,x1	  x6:0x80025ce5  x1:0x01a64c00  x0=0x00000000
     1374199000	     68608	80008544	03340c33	mul	x24,x8,x19	  x8:0x00000075 x19:0x80021e64 x24=0x80f7e3b4
     1374219000	     68609	80008548	024d7e63	bgeu	x26,x4,80008584	 x26:0x00002400  x4:0x000000d7
     1374419000	     68619	80008584	98408717	auipc	x14,0x98408	 x14=0x18410584
     1374859000	     68641	80008588	00a7cbb3	xor	x23,x15,x10	 x15:0x00000000 x10:0x00000210 x23=0x00000210
     1374879000	     68642	8000858c	d687bc13	sltiu	x24,x15,-664	 x15:0x00000000 x24=0x00000001
     1375299000	     68663	80008590	01ace463	bltu	x25,x26,80008598	 x25:0x80025ce4 x26:0x00002400
     1375459000	     68671	80008594	01d85263	bge	x16,x29,80008598	 x16:0x00000000 x29:0xffffffff
     1375899000	     68693	80008598	034c0b33	mul	x22,x24,x20	 x24:0x00000001 x20:0x00000000 x22=0x00000000
     1375919000	     68694	8000859c	ffff8d97	auipc	x27,0xffff8	 x27=0x8000059c
     1376339000	     68715	800085a0	dd8d8d93	addi	x27,x27,-552	 x27:0x8000059c x27=0x80000374
     1376359000	     68716	800085a4	000d8067	jalr	x0,0(x27)	 x27:0x80000374  x0=0x00000000
     1377179000	     68757	80000374	90000137	lui	x2,0x90000	  x2=0x90000000
     1377779000	     68787	80000378	1161	c.addi	x2,-8	  x2:0x90000000  x2=0x8ffffff8
     1377799000	     68788	8000037a	4781	c.li	x15,0	 x15=0x00000000
     1377819000	     68789	8000037c	07a2	c.slli	x15,0x8	 x15:0x00000000 x15=0x00000000
     1377839000	     68790	8000037e	0785	c.addi	x15,1	 x15:0x00000000 x15=0x00000001
     1378059000	     68801	80000380	c03e	c.swsp	x15,0(x2)	  x2:0x8ffffff8 x15:0x00000001 PA:0x8ffffff8 store:0x00000001 load:0xffffffff
     1378079000	     68802	80000382	00000073	ecall	
     1402819000	     70039	80002500	0800006f	jal	x0,80002580	  x0=0x00000000
     1402919000	     70044	80002580	1cf1	c.addi	x25,-4	 x25:0x80025ce4 x25=0x80025ce0
     1403459000	     70071	80002582	013ca023	sw	x19,0(x25)	 x25:0x80025ce0 x19:0x80021e64 PA:0x80025ce0 store:0x80021e64 load:0xffffffff
     1403479000	     70072	80002586	000c89b3	add	x19,x25,x0	 x25:0x80025ce0  x0:0x00000000 x19=0x80025ce0
     1403499000	     70073	8000258a	f8098993	addi	x19,x19,-128	 x19:0x80025ce0 x19=0x80025c60
     1403959000	     70096	8000258e	0019a223	sw	x1,4(x19)	 x19:0x80025c60  x1:0x01a64c00 PA:0x80025c64 store:0x01a64c00 load:0xffffffff
     1404019000	     70099	80002592	0029a423	sw	x2,8(x19)	 x19:0x80025c60  x2:0x8ffffff8 PA:0x80025c68 store:0x8ffffff8 load:0xffffffff
     1404239000	     70110	80002596	0039a623	sw	x3,12(x19)	 x19:0x80025c60  x3:0x00000000 PA:0x80025c6c store:0x00000000 load:0xffffffff
     1404659000	     70131	8000259a	0049a823	sw	x4,16(x19)	 x19:0x80025c60  x4:0x000000d7 PA:0x80025c70 store:0x000000d7 load:0xffffffff
     1404719000	     70134	8000259e	0059aa23	sw	x5,20(x19)	 x19:0x80025c60  x5:0xffffffff PA:0x80025c74 store:0xffffffff load:0xffffffff
     1404739000	     70135	800025a2	0069ac23	sw	x6,24(x19)	 x19:0x80025c60  x6:0x80025ce5 PA:0x80025c78 store:0x80025ce5 load:0xffffffff
     1404939000	     70145	800025a6	0079ae23	sw	x7,28(x19)	 x19:0x80025c60  x7:0x00000000 PA:0x80025c7c store:0x00000000 load:0xffffffff
     1405159000	     70156	800025aa	0289a023	sw	x8,32(x19)	 x19:0x80025c60  x8:0x00000075 PA:0x80025c80 store:0x00000075 load:0xffffffff
     1405259000	     70161	800025ae	0299a223	sw	x9,36(x19)	 x19:0x80025c60  x9:0x00000001 PA:0x80025c84 store:0x00000001 load:0xffffffff
     1405319000	     70164	800025b2	02a9a423	sw	x10,40(x19)	 x19:0x80025c60 x10:0x00000210 PA:0x80025c88 store:0x00000210 load:0xffffffff
     1405479000	     70172	800025b6	02b9a623	sw	x11,44(x19)	 x19:0x80025c60 x11:0x00000000 PA:0x80025c8c store:0x00000000 load:0xffffffff
     1405699000	     70183	800025ba	02c9a823	sw	x12,48(x19)	 x19:0x80025c60 x12:0xffffffe8 PA:0x80025c90 store:0xffffffe8 load:0xffffffff
     1406359000	     70216	800025be	02d9aa23	sw	x13,52(x19)	 x19:0x80025c60 x13:0x00000003 PA:0x80025c94 store:0x00000003 load:0xffffffff
     1406499000	     70223	800025c2	02e9ac23	sw	x14,56(x19)	 x19:0x80025c60 x14:0x18410584 PA:0x80025c98 store:0x18410584 load:0xffffffff
     1407039000	     70250	800025c6	02f9ae23	sw	x15,60(x19)	 x19:0x80025c60 x15:0x00000001 PA:0x80025c9c store:0x00000001 load:0xffffffff
     1407499000	     70273	800025ca	0509a023	sw	x16,64(x19)	 x19:0x80025c60 x16:0x00000000 PA:0x80025ca0 store:0x00000000 load:0xffffffff
     1407659000	     70281	800025ce	0519a223	sw	x17,68(x19)	 x19:0x80025c60 x17:0x40012e72 PA:0x80025ca4 store:0x40012e72 load:0xffffffff
     1407919000	     70294	800025d2	0529a423	sw	x18,72(x19)	 x19:0x80025c60 x18:0xffffffff PA:0x80025ca8 store:0xffffffff load:0xffffffff
     1407939000	     70295	800025d6	0539a623	sw	x19,76(x19)	 x19:0x80025c60 x19:0x80025c60 PA:0x80025cac store:0x80025c60 load:0xffffffff
     1407959000	     70296	800025da	0549a823	sw	x20,80(x19)	 x19:0x80025c60 x20:0x00000000 PA:0x80025cb0 store:0x00000000 load:0xffffffff
     1408119000	     70304	800025de	0559aa23	sw	x21,84(x19)	 x19:0x80025c60 x21:0x59a343ec PA:0x80025cb4 store:0x59a343ec load:0xffffffff
     1408359000	     70316	800025e2	0569ac23	sw	x22,88(x19)	 x19:0x80025c60 x22:0x00000000 PA:0x80025cb8 store:0x00000000 load:0xffffffff
     1408659000	     70331	800025e6	0579ae23	sw	x23,92(x19)	 x19:0x80025c60 x23:0x00000210 PA:0x80025cbc store:0x00000210 load:0xffffffff
     1408759000	     70336	800025ea	0789a023	sw	x24,96(x19)	 x19:0x80025c60 x24:0x00000001 PA:0x80025cc0 store:0x00000001 load:0xffffffff
     1408819000	     70339	800025ee	0799a223	sw	x25,100(x19)	 x19:0x80025c60 x25:0x80025ce0 PA:0x80025cc4 store:0x80025ce0 load:0xffffffff
     1408839000	     70340	800025f2	07a9a423	sw	x26,104(x19)	 x19:0x80025c60 x26:0x00002400 PA:0x80025cc8 store:0x00002400 load:0xffffffff
     1409039000	     70350	800025f6	07b9a623	sw	x27,108(x19)	 x19:0x80025c60 x27:0x80000374 PA:0x80025ccc store:0x80000374 load:0xffffffff
     1409099000	     70353	800025fa	07c9a823	sw	x28,112(x19)	 x19:0x80025c60 x28:0x00000082 PA:0x80025cd0 store:0x00000082 load:0xffffffff
     1409359000	     70366	800025fe	07d9aa23	sw	x29,116(x19)	 x19:0x80025c60 x29:0xffffffff PA:0x80025cd4 store:0xffffffff load:0xffffffff
     1409459000	     70371	80002602	07e9ac23	sw	x30,120(x19)	 x19:0x80025c60 x30:0x0001d400 PA:0x80025cd8 store:0x0001d400 load:0xffffffff
     1409579000	     70377	80002606	07f9ae23	sw	x31,124(x19)	 x19:0x80025c60 x31:0x00000000 PA:0x80025cdc store:0x00000000 load:0xffffffff
     1409599000	     70378	8000260a	00098cb3	add	x25,x19,x0	 x19:0x80025c60  x0:0x00000000 x25=0x80025c60
     1409619000	     70379	8000260e	90000137	lui	x2,0x90000	  x2=0x90000000
     1409639000	     70380	80002612	1171	c.addi	x2,-4	  x2:0x90000000  x2=0x8ffffffc
     1409659000	     70381	80002614	47a1	c.li	x15,8	 x15=0x00000008
     1409679000	     70382	80002616	07a2	c.slli	x15,0x8	 x15:0x00000008 x15=0x00000800
     1409699000	     70383	80002618	00078793	addi	x15,x15,0	 x15:0x00000800 x15=0x00000800
     1410119000	     70404	8000261c	c03e	c.swsp	x15,0(x2)	  x2:0x8ffffffc x15:0x00000800 PA:0x8ffffffc store:0x00000800 load:0xffffffff
     1410259000	     70411	8000261e	341027f3	csrrs	x15,mepc,x0	  x0:0x00000000 x15=0x80000382
     1410679000	     70432	80002622	342027f3	csrrs	x15,mcause,x0	  x0:0x00000000 x15=0x00000008
     1410699000	     70433	80002626	410d	c.li	x2,3	  x2=0x00000003
     1410719000	     70434	80002628	00279463	bne	x15,x2,80002630	 x15:0x00000008  x2:0x00000003
     1411299000	     70463	80002630	4121	c.li	x2,8	  x2=0x00000008
     1411399000	     70468	80002632	04278d63	beq	x15,x2,8000268c	 x15:0x00000008  x2:0x00000008
     1411779000	     70487	8000268c	90000137	lui	x2,0x90000	  x2=0x90000000
     1412099000	     70503	80002690	1171	c.addi	x2,-4	  x2:0x90000000  x2=0x8ffffffc
     1412119000	     70504	80002692	6785	c.lui	x15,0x1	 x15=0x00001000
     1412239000	     70510	80002694	b0078793	addi	x15,x15,-1280	 x15:0x00001000 x15=0x00000b00
     1412259000	     70511	80002698	07a2	c.slli	x15,0x8	 x15:0x00000b00 x15=0x000b0000
     1412279000	     70512	8000269a	078d	c.addi	x15,3	 x15:0x000b0000 x15=0x000b0003
     1412339000	     70515	8000269c	c03e	c.swsp	x15,0(x2)	  x2:0x8ffffffc x15:0x000b0003 PA:0x8ffffffc store:0x000b0003 load:0xffffffff
     1412359000	     70516	8000269e	b00027f3	csrrs	x15,mcycle,x0	  x0:0x00000000 x15=0x00011371
     1412619000	     70529	800026a2	c03e	c.swsp	x15,0(x2)	  x2:0x8ffffffc x15:0x00011371 PA:0x8ffffffc store:0x00011371 load:0xffffffff
     1412639000	     70530	800026a4	90000137	lui	x2,0x90000	  x2=0x90000000
     1412659000	     70531	800026a8	1171	c.addi	x2,-4	  x2:0x90000000  x2=0x8ffffffc
     1412679000	     70532	800026aa	6785	c.lui	x15,0x1	 x15=0x00001000
     1412699000	     70533	800026ac	b8078793	addi	x15,x15,-1152	 x15:0x00001000 x15=0x00000b80
     1412919000	     70544	800026b0	07a2	c.slli	x15,0x8	 x15:0x00000b80 x15=0x000b8000
     1412939000	     70545	800026b2	078d	c.addi	x15,3	 x15:0x000b8000 x15=0x000b8003
     1413259000	     70561	800026b4	c03e	c.swsp	x15,0(x2)	  x2:0x8ffffffc x15:0x000b8003 PA:0x8ffffffc store:0x000b8003 load:0xffffffff
     1413279000	     70562	800026b6	b80027f3	csrrs	x15,mcycleh,x0	  x0:0x00000000 x15=0x00000000
     1413339000	     70565	800026ba	c03e	c.swsp	x15,0(x2)	  x2:0x8ffffffc x15:0x00000000 PA:0x8ffffffc store:0x00000000 load:0xffffffff
     1413359000	     70566	800026bc	90000137	lui	x2,0x90000	  x2=0x90000000
     1413379000	     70567	800026c0	1171	c.addi	x2,-4	  x2:0x90000000  x2=0x8ffffffc
     1413399000	     70568	800026c2	6785	c.lui	x15,0x1	 x15=0x00001000
     1413419000	     70569	800026c4	b0378793	addi	x15,x15,-1277	 x15:0x00001000 x15=0x00000b03
     1413759000	     70586	800026c8	07a2	c.slli	x15,0x8	 x15:0x00000b03 x15=0x000b0300
     1413779000	     70587	800026ca	078d	c.addi	x15,3	 x15:0x000b0300 x15=0x000b0303
     1413939000	     70595	800026cc	c03e	c.swsp	x15,0(x2)	  x2:0x8ffffffc x15:0x000b0303 PA:0x8ffffffc store:0x000b0303 load:0xffffffff
     1414199000	     70608	800026ce	b03027f3	csrrs	x15,mhpmcounter3,x0	  x0:0x00000000 x15=0x000000ae
     1414659000	     70631	800026d2	c03e	c.swsp	x15,0(x2)	  x2:0x8ffffffc x15:0x000000ae PA:0x8ffffffc store:0x000000ae load:0xffffffff
     1414679000	     70632	800026d4	90000137	lui	x2,0x90000	  x2=0x90000000
     1414699000	     70633	800026d8	1171	c.addi	x2,-4	  x2:0x90000000  x2=0x8ffffffc
     1414719000	     70634	800026da	6785	c.lui	x15,0x1	 x15=0x00001000
     1414739000	     70635	800026dc	b8378793	addi	x15,x15,-1149	 x15:0x00001000 x15=0x00000b83
     1414759000	     70636	800026e0	07a2	c.slli	x15,0x8	 x15:0x00000b83 x15=0x000b8300
     1414779000	     70637	800026e2	078d	c.addi	x15,3	 x15:0x000b8300 x15=0x000b8303
     1414839000	     70640	800026e4	c03e	c.swsp	x15,0(x2)	  x2:0x8ffffffc x15:0x000b8303 PA:0x8ffffffc store:0x000b8303 load:0xffffffff
     1414859000	     70641	800026e6	b83027f3	csrrs	x15,mhpmcounter3h,x0	  x0:0x00000000 x15=0x00000000
     1414879000	     70642	800026ea	c03e	c.swsp	x15,0(x2)	  x2:0x8ffffffc x15:0x00000000 PA:0x8ffffffc store:0x00000000 load:0xffffffff
     1414899000	     70643	800026ec	90000137	lui	x2,0x90000	  x2=0x90000000
     1414979000	     70647	800026f0	1171	c.addi	x2,-4	  x2:0x90000000  x2=0x8ffffffc
     1414999000	     70648	800026f2	6785	c.lui	x15,0x1	 x15=0x00001000
     1415359000	     70666	800026f4	b0478793	addi	x15,x15,-1276	 x15:0x00001000 x15=0x00000b04
     1415719000	     70684	800026f8	07a2	c.slli	x15,0x8	 x15:0x00000b04 x15=0x000b0400
     1415739000	     70685	800026fa	078d	c.addi	x15,3	 x15:0x000b0400 x15=0x000b0403
     1415819000	     70689	800026fc	c03e	c.swsp	x15,0(x2)	  x2:0x8ffffffc x15:0x000b0403 PA:0x8ffffffc store:0x000b0403 load:0xffffffff
     1415839000	     70690	800026fe	b04027f3	csrrs	x15,mhpmcounter4,x0	  x0:0x00000000 x15=0x0000801a
     1415899000	     70693	80002702	c03e	c.swsp	x15,0(x2)	  x2:0x8ffffffc x15:0x0000801a PA:0x8ffffffc store:0x0000801a load:0xffffffff
     1415919000	     70694	80002704	90000137	lui	x2,0x90000	  x2=0x90000000
     1415959000	     70696	80002708	1171	c.addi	x2,-4	  x2:0x90000000  x2=0x8ffffffc
     1415979000	     70697	8000270a	6785	c.lui	x15,0x1	 x15=0x00001000
     1416299000	     70713	8000270c	b8478793	addi	x15,x15,-1148	 x15:0x00001000 x15=0x00000b84
     1416419000	     70719	80002710	07a2	c.slli	x15,0x8	 x15:0x00000b84 x15=0x000b8400
     1416439000	     70720	80002712	078d	c.addi	x15,3	 x15:0x000b8400 x15=0x000b8403
     1416699000	     70733	80002714	c03e	c.swsp	x15,0(x2)	  x2:0x8ffffffc x15:0x000b8403 PA:0x8ffffffc store:0x000b8403 load:0xffffffff
     1416719000	     70734	80002716	b84027f3	csrrs	x15,mhpmcounter4h,x0	  x0:0x00000000 x15=0x00000000
     1416759000	     70736	8000271a	c03e	c.swsp	x15,0(x2)	  x2:0x8ffffffc x15:0x00000000 PA:0x8ffffffc store:0x00000000 load:0xffffffff
     1416779000	     70737	8000271c	90000137	lui	x2,0x90000	  x2=0x90000000
     1416799000	     70738	80002720	1171	c.addi	x2,-4	  x2:0x90000000  x2=0x8ffffffc
     1416819000	     70739	80002722	6785	c.lui	x15,0x1	 x15=0x00001000
     1416839000	     70740	80002724	b0578793	addi	x15,x15,-1275	 x15:0x00001000 x15=0x00000b05
     1416859000	     70741	80002728	07a2	c.slli	x15,0x8	 x15:0x00000b05 x15=0x000b0500
     1416879000	     70742	8000272a	078d	c.addi	x15,3	 x15:0x000b0500 x15=0x000b0503
     1417139000	     70755	8000272c	c03e	c.swsp	x15,0(x2)	  x2:0x8ffffffc x15:0x000b0503 PA:0x8ffffffc store:0x000b0503 load:0xffffffff
     1417159000	     70756	8000272e	b05027f3	csrrs	x15,mhpmcounter5,x0	  x0:0x00000000 x15=0x00000004
     1417239000	     70760	80002732	c03e	c.swsp	x15,0(x2)	  x2:0x8ffffffc x15:0x00000004 PA:0x8ffffffc store:0x00000004 load:0xffffffff
     1417259000	     70761	80002734	90000137	lui	x2,0x90000	  x2=0x90000000
     1417279000	     70762	80002738	1171	c.addi	x2,-4	  x2:0x90000000  x2=0x8ffffffc
     1417299000	     70763	8000273a	6785	c.lui	x15,0x1	 x15=0x00001000
     1417319000	     70764	8000273c	b8578793	addi	x15,x15,-1147	 x15:0x00001000 x15=0x00000b85
     1417339000	     70765	80002740	07a2	c.slli	x15,0x8	 x15:0x00000b85 x15=0x000b8500
     1417359000	     70766	80002742	078d	c.addi	x15,3	 x15:0x000b8500 x15=0x000b8503
     1417519000	     70774	80002744	c03e	c.swsp	x15,0(x2)	  x2:0x8ffffffc x15:0x000b8503 PA:0x8ffffffc store:0x000b8503 load:0xffffffff
     1417539000	     70775	80002746	b85027f3	csrrs	x15,mhpmcounter5h,x0	  x0:0x00000000 x15=0x00000000
     1417899000	     70793	8000274a	c03e	c.swsp	x15,0(x2)	  x2:0x8ffffffc x15:0x00000000 PA:0x8ffffffc store:0x00000000 load:0xffffffff
     1417919000	     70794	8000274c	90000137	lui	x2,0x90000	  x2=0x90000000
     1417939000	     70795	80002750	1171	c.addi	x2,-4	  x2:0x90000000  x2=0x8ffffffc
     1417959000	     70796	80002752	6785	c.lui	x15,0x1	 x15=0x00001000
     1417979000	     70797	80002754	b0678793	addi	x15,x15,-1274	 x15:0x00001000 x15=0x00000b06
     1418039000	     70800	80002758	07a2	c.slli	x15,0x8	 x15:0x00000b06 x15=0x000b0600
     1418059000	     70801	8000275a	078d	c.addi	x15,3	 x15:0x000b0600 x15=0x000b0603
     1418119000	     70804	8000275c	c03e	c.swsp	x15,0(x2)	  x2:0x8ffffffc x15:0x000b0603 PA:0x8ffffffc store:0x000b0603 load:0xffffffff
     1418479000	     70822	8000275e	b06027f3	csrrs	x15,mhpmcounter6,x0	  x0:0x00000000 x15=0x0000003c
     1418639000	     70830	80002762	c03e	c.swsp	x15,0(x2)	  x2:0x8ffffffc x15:0x0000003c PA:0x8ffffffc store:0x0000003c load:0xffffffff
     1418659000	     70831	80002764	90000137	lui	x2,0x90000	  x2=0x90000000
     1418739000	     70835	80002768	1171	c.addi	x2,-4	  x2:0x90000000  x2=0x8ffffffc
     1418759000	     70836	8000276a	6785	c.lui	x15,0x1	 x15=0x00001000
     1418919000	     70844	8000276c	b8678793	addi	x15,x15,-1146	 x15:0x00001000 x15=0x00000b86
     1419039000	     70850	80002770	07a2	c.slli	x15,0x8	 x15:0x00000b86 x15=0x000b8600
     1419059000	     70851	80002772	078d	c.addi	x15,3	 x15:0x000b8600 x15=0x000b8603
     1419439000	     70870	80002774	c03e	c.swsp	x15,0(x2)	  x2:0x8ffffffc x15:0x000b8603 PA:0x8ffffffc store:0x000b8603 load:0xffffffff
     1419459000	     70871	80002776	b86027f3	csrrs	x15,mhpmcounter6h,x0	  x0:0x00000000 x15=0x00000000
     1419519000	     70874	8000277a	c03e	c.swsp	x15,0(x2)	  x2:0x8ffffffc x15:0x00000000 PA:0x8ffffffc store:0x00000000 load:0xffffffff
     1419539000	     70875	8000277c	90000137	lui	x2,0x90000	  x2=0x90000000
     1419559000	     70876	80002780	1171	c.addi	x2,-4	  x2:0x90000000  x2=0x8ffffffc
     1419579000	     70877	80002782	6785	c.lui	x15,0x1	 x15=0x00001000
     1419599000	     70878	80002784	b0778793	addi	x15,x15,-1273	 x15:0x00001000 x15=0x00000b07
     1419619000	     70879	80002788	07a2	c.slli	x15,0x8	 x15:0x00000b07 x15=0x000b0700
     1419639000	     70880	8000278a	078d	c.addi	x15,3	 x15:0x000b0700 x15=0x000b0703
     1419719000	     70884	8000278c	c03e	c.swsp	x15,0(x2)	  x2:0x8ffffffc x15:0x000b0703 PA:0x8ffffffc store:0x000b0703 load:0xffffffff
     1419839000	     70890	8000278e	b07027f3	csrrs	x15,mhpmcounter7,x0	  x0:0x00000000 x15=0x00000072
     1419899000	     70893	80002792	c03e	c.swsp	x15,0(x2)	  x2:0x8ffffffc x15:0x00000072 PA:0x8ffffffc store:0x00000072 load:0xffffffff
     1419919000	     70894	80002794	90000137	lui	x2,0x90000	  x2=0x90000000
     1419939000	     70895	80002798	1171	c.addi	x2,-4	  x2:0x90000000  x2=0x8ffffffc
     1419959000	     70896	8000279a	6785	c.lui	x15,0x1	 x15=0x00001000
     1419979000	     70897	8000279c	b8778793	addi	x15,x15,-1145	 x15:0x00001000 x15=0x00000b87
     1419999000	     70898	800027a0	07a2	c.slli	x15,0x8	 x15:0x00000b87 x15=0x000b8700
     1420019000	     70899	800027a2	078d	c.addi	x15,3	 x15:0x000b8700 x15=0x000b8703
     1420119000	     70904	800027a4	c03e	c.swsp	x15,0(x2)	  x2:0x8ffffffc x15:0x000b8703 PA:0x8ffffffc store:0x000b8703 load:0xffffffff
     1420139000	     70905	800027a6	b87027f3	csrrs	x15,mhpmcounter7h,x0	  x0:0x00000000 x15=0x00000000
     1420159000	     70906	800027aa	c03e	c.swsp	x15,0(x2)	  x2:0x8ffffffc x15:0x00000000 PA:0x8ffffffc store:0x00000000 load:0xffffffff
     1420179000	     70907	800027ac	90000137	lui	x2,0x90000	  x2=0x90000000
     1420199000	     70908	800027b0	1171	c.addi	x2,-4	  x2:0x90000000  x2=0x8ffffffc
     1420219000	     70909	800027b2	6785	c.lui	x15,0x1	 x15=0x00001000
     1420299000	     70913	800027b4	b0878793	addi	x15,x15,-1272	 x15:0x00001000 x15=0x00000b08
     1420719000	     70934	800027b8	07a2	c.slli	x15,0x8	 x15:0x00000b08 x15=0x000b0800
     1420739000	     70935	800027ba	078d	c.addi	x15,3	 x15:0x000b0800 x15=0x000b0803
     1421219000	     70959	800027bc	c03e	c.swsp	x15,0(x2)	  x2:0x8ffffffc x15:0x000b0803 PA:0x8ffffffc store:0x000b0803 load:0xffffffff
     1421239000	     70960	800027be	b08027f3	csrrs	x15,mhpmcounter8,x0	  x0:0x00000000 x15=0x0000034b
     1421299000	     70963	800027c2	c03e	c.swsp	x15,0(x2)	  x2:0x8ffffffc x15:0x0000034b PA:0x8ffffffc store:0x0000034b load:0xffffffff
     1421319000	     70964	800027c4	90000137	lui	x2,0x90000	  x2=0x90000000
     1421339000	     70965	800027c8	1171	c.addi	x2,-4	  x2:0x90000000  x2=0x8ffffffc
     1421359000	     70966	800027ca	6785	c.lui	x15,0x1	 x15=0x00001000
     1421379000	     70967	800027cc	b8878793	addi	x15,x15,-1144	 x15:0x00001000 x15=0x00000b88
     1421399000	     70968	800027d0	07a2	c.slli	x15,0x8	 x15:0x00000b88 x15=0x000b8800
     1421419000	     70969	800027d2	078d	c.addi	x15,3	 x15:0x000b8800 x15=0x000b8803
     1421559000	     70976	800027d4	c03e	c.swsp	x15,0(x2)	  x2:0x8ffffffc x15:0x000b8803 PA:0x8ffffffc store:0x000b8803 load:0xffffffff
     1421579000	     70977	800027d6	b88027f3	csrrs	x15,mhpmcounter8h,x0	  x0:0x00000000 x15=0x00000000
     1421639000	     70980	800027da	c03e	c.swsp	x15,0(x2)	  x2:0x8ffffffc x15:0x00000000 PA:0x8ffffffc store:0x00000000 load:0xffffffff
     1421659000	     70981	800027dc	90000137	lui	x2,0x90000	  x2=0x90000000
     1421779000	     70987	800027e0	1171	c.addi	x2,-4	  x2:0x90000000  x2=0x8ffffffc
     1421799000	     70988	800027e2	6785	c.lui	x15,0x1	 x15=0x00001000
     1422199000	     71008	800027e4	b0978793	addi	x15,x15,-1271	 x15:0x00001000 x15=0x00000b09
     1422219000	     71009	800027e8	07a2	c.slli	x15,0x8	 x15:0x00000b09 x15=0x000b0900
     1422239000	     71010	800027ea	078d	c.addi	x15,3	 x15:0x000b0900 x15=0x000b0903
     1422299000	     71013	800027ec	c03e	c.swsp	x15,0(x2)	  x2:0x8ffffffc x15:0x000b0903 PA:0x8ffffffc store:0x000b0903 load:0xffffffff
     1422379000	     71017	800027ee	b09027f3	csrrs	x15,mhpmcounter9,x0	  x0:0x00000000 x15=0x000001a3
     1422439000	     71020	800027f2	c03e	c.swsp	x15,0(x2)	  x2:0x8ffffffc x15:0x000001a3 PA:0x8ffffffc store:0x000001a3 load:0xffffffff
     1422459000	     71021	800027f4	90000137	lui	x2,0x90000	  x2=0x90000000
     1422479000	     71022	800027f8	1171	c.addi	x2,-4	  x2:0x90000000  x2=0x8ffffffc
     1422499000	     71023	800027fa	6785	c.lui	x15,0x1	 x15=0x00001000
     1422519000	     71024	800027fc	b8978793	addi	x15,x15,-1143	 x15:0x00001000 x15=0x00000b89
     1422539000	     71025	80002800	07a2	c.slli	x15,0x8	 x15:0x00000b89 x15=0x000b8900
     1422559000	     71026	80002802	078d	c.addi	x15,3	 x15:0x000b8900 x15=0x000b8903
     1422819000	     71039	80002804	c03e	c.swsp	x15,0(x2)	  x2:0x8ffffffc x15:0x000b8903 PA:0x8ffffffc store:0x000b8903 load:0xffffffff
     1422839000	     71040	80002806	b89027f3	csrrs	x15,mhpmcounter9h,x0	  x0:0x00000000 x15=0x00000000
     1422859000	     71041	8000280a	c03e	c.swsp	x15,0(x2)	  x2:0x8ffffffc x15:0x00000000 PA:0x8ffffffc store:0x00000000 load:0xffffffff
     1423239000	     71060	8000280c	90000137	lui	x2,0x90000	  x2=0x90000000
     1423259000	     71061	80002810	1171	c.addi	x2,-4	  x2:0x90000000  x2=0x8ffffffc
     1423279000	     71062	80002812	6785	c.lui	x15,0x1	 x15=0x00001000
     1423599000	     71078	80002814	b0a78793	addi	x15,x15,-1270	 x15:0x00001000 x15=0x00000b0a
     1423619000	     71079	80002818	07a2	c.slli	x15,0x8	 x15:0x00000b0a x15=0x000b0a00
     1423639000	     71080	8000281a	078d	c.addi	x15,3	 x15:0x000b0a00 x15=0x000b0a03
     1423699000	     71083	8000281c	c03e	c.swsp	x15,0(x2)	  x2:0x8ffffffc x15:0x000b0a03 PA:0x8ffffffc store:0x000b0a03 load:0xffffffff
     1423719000	     71084	8000281e	b0a027f3	csrrs	x15,mhpmcounter10,x0	  x0:0x00000000 x15=0x000008bf
     1423739000	     71085	80002822	c03e	c.swsp	x15,0(x2)	  x2:0x8ffffffc x15:0x000008bf PA:0x8ffffffc store:0x000008bf load:0xffffffff
     1423799000	     71088	80002824	90000137	lui	x2,0x90000	  x2=0x90000000
     1423819000	     71089	80002828	1171	c.addi	x2,-4	  x2:0x90000000  x2=0x8ffffffc
     1423839000	     71090	8000282a	6785	c.lui	x15,0x1	 x15=0x00001000
     1423919000	     71094	8000282c	b8a78793	addi	x15,x15,-1142	 x15:0x00001000 x15=0x00000b8a
     1423939000	     71095	80002830	07a2	c.slli	x15,0x8	 x15:0x00000b8a x15=0x000b8a00
     1423959000	     71096	80002832	078d	c.addi	x15,3	 x15:0x000b8a00 x15=0x000b8a03
     1424299000	     71113	80002834	c03e	c.swsp	x15,0(x2)	  x2:0x8ffffffc x15:0x000b8a03 PA:0x8ffffffc store:0x000b8a03 load:0xffffffff
     1424319000	     71114	80002836	b8a027f3	csrrs	x15,mhpmcounter10h,x0	  x0:0x00000000 x15=0x00000000
     1424619000	     71129	8000283a	c03e	c.swsp	x15,0(x2)	  x2:0x8ffffffc x15:0x00000000 PA:0x8ffffffc store:0x00000000 load:0xffffffff
     1424639000	     71130	8000283c	90000137	lui	x2,0x90000	  x2=0x90000000
     1424659000	     71131	80002840	1171	c.addi	x2,-4	  x2:0x90000000  x2=0x8ffffffc
     1424679000	     71132	80002842	6785	c.lui	x15,0x1	 x15=0x00001000
     1424699000	     71133	80002844	b0b78793	addi	x15,x15,-1269	 x15:0x00001000 x15=0x00000b0b
     1424719000	     71134	80002848	07a2	c.slli	x15,0x8	 x15:0x00000b0b x15=0x000b0b00
     1424739000	     71135	8000284a	078d	c.addi	x15,3	 x15:0x000b0b00 x15=0x000b0b03
     1424999000	     71148	8000284c	c03e	c.swsp	x15,0(x2)	  x2:0x8ffffffc x15:0x000b0b03 PA:0x8ffffffc store:0x000b0b03 load:0xffffffff
     1425019000	     71149	8000284e	b0b027f3	csrrs	x15,mhpmcounter11,x0	  x0:0x00000000 x15=0x0000013f
     1425039000	     71150	80002852	c03e	c.swsp	x15,0(x2)	  x2:0x8ffffffc x15:0x0000013f PA:0x8ffffffc store:0x0000013f load:0xffffffff
     1425059000	     71151	80002854	90000137	lui	x2,0x90000	  x2=0x90000000
     1425159000	     71156	80002858	1171	c.addi	x2,-4	  x2:0x90000000  x2=0x8ffffffc
     1425179000	     71157	8000285a	6785	c.lui	x15,0x1	 x15=0x00001000
     1425239000	     71160	8000285c	b8b78793	addi	x15,x15,-1141	 x15:0x00001000 x15=0x00000b8b
     1425259000	     71161	80002860	07a2	c.slli	x15,0x8	 x15:0x00000b8b x15=0x000b8b00
     1425279000	     71162	80002862	078d	c.addi	x15,3	 x15:0x000b8b00 x15=0x000b8b03
     1425739000	     71185	80002864	c03e	c.swsp	x15,0(x2)	  x2:0x8ffffffc x15:0x000b8b03 PA:0x8ffffffc store:0x000b8b03 load:0xffffffff
     1425759000	     71186	80002866	b8b027f3	csrrs	x15,mhpmcounter11h,x0	  x0:0x00000000 x15=0x00000000
     1425819000	     71189	8000286a	c03e	c.swsp	x15,0(x2)	  x2:0x8ffffffc x15:0x00000000 PA:0x8ffffffc store:0x00000000 load:0xffffffff
     1425839000	     71190	8000286c	90000137	lui	x2,0x90000	  x2=0x90000000
     1425859000	     71191	80002870	1171	c.addi	x2,-4	  x2:0x90000000  x2=0x8ffffffc
     1425879000	     71192	80002872	6785	c.lui	x15,0x1	 x15=0x00001000
     1425899000	     71193	80002874	b0c78793	addi	x15,x15,-1268	 x15:0x00001000 x15=0x00000b0c
     1426019000	     71199	80002878	07a2	c.slli	x15,0x8	 x15:0x00000b0c x15=0x000b0c00
     1426039000	     71200	8000287a	078d	c.addi	x15,3	 x15:0x000b0c00 x15=0x000b0c03
     1426479000	     71222	8000287c	c03e	c.swsp	x15,0(x2)	  x2:0x8ffffffc x15:0x000b0c03 PA:0x8ffffffc store:0x000b0c03 load:0xffffffff
     1426739000	     71235	8000287e	b0c027f3	csrrs	x15,mhpmcounter12,x0	  x0:0x00000000 x15=0x00002d29
     1426999000	     71248	80002882	c03e	c.swsp	x15,0(x2)	  x2:0x8ffffffc x15:0x00002d29 PA:0x8ffffffc store:0x00002d29 load:0xffffffff
     1427019000	     71249	80002884	90000137	lui	x2,0x90000	  x2=0x90000000
     1427079000	     71252	80002888	1171	c.addi	x2,-4	  x2:0x90000000  x2=0x8ffffffc
     1427099000	     71253	8000288a	6785	c.lui	x15,0x1	 x15=0x00001000
     1427119000	     71254	8000288c	b8c78793	addi	x15,x15,-1140	 x15:0x00001000 x15=0x00000b8c
     1427139000	     71255	80002890	07a2	c.slli	x15,0x8	 x15:0x00000b8c x15=0x000b8c00
     1427159000	     71256	80002892	078d	c.addi	x15,3	 x15:0x000b8c00 x15=0x000b8c03
     1427219000	     71259	80002894	c03e	c.swsp	x15,0(x2)	  x2:0x8ffffffc x15:0x000b8c03 PA:0x8ffffffc store:0x000b8c03 load:0xffffffff
     1427239000	     71260	80002896	b8c027f3	csrrs	x15,mhpmcounter12h,x0	  x0:0x00000000 x15=0x00000000
     1427259000	     71261	8000289a	c03e	c.swsp	x15,0(x2)	  x2:0x8ffffffc x15:0x00000000 PA:0x8ffffffc store:0x00000000 load:0xffffffff
     1427279000	     71262	8000289c	ffffd797	auipc	x15,0xffffd	 x15=0x7ffff89c
     1427539000	     71275	800028a0	7e478793	addi	x15,x15,2020	 x15:0x7ffff89c x15=0x80000080
     1427979000	     71297	800028a4	0007a023	sw	x0,0(x15)	 x15:0x80000080  x0:0x00000000 PA:0x80000080 store:0x00000000 load:0xffffffff
     1428359000	     71316	800028a8	0017a223	sw	x1,4(x15)	 x15:0x80000080  x1:0x01a64c00 PA:0x80000084 store:0x01a64c00 load:0xffffffff
     1428499000	     71323	800028ac	0027a423	sw	x2,8(x15)	 x15:0x80000080  x2:0x8ffffffc PA:0x80000088 store:0x8ffffffc load:0xffffffff
     1428559000	     71326	800028b0	0037a623	sw	x3,12(x15)	 x15:0x80000080  x3:0x00000000 PA:0x8000008c store:0x00000000 load:0xffffffff
     1428579000	     71327	800028b4	0047a823	sw	x4,16(x15)	 x15:0x80000080  x4:0x000000d7 PA:0x80000090 store:0x000000d7 load:0xffffffff
     1428999000	     71348	800028b8	0057aa23	sw	x5,20(x15)	 x15:0x80000080  x5:0xffffffff PA:0x80000094 store:0xffffffff load:0xffffffff
     1429219000	     71359	800028bc	0067ac23	sw	x6,24(x15)	 x15:0x80000080  x6:0x80025ce5 PA:0x80000098 store:0x80025ce5 load:0xffffffff
     1429299000	     71363	800028c0	0077ae23	sw	x7,28(x15)	 x15:0x80000080  x7:0x00000000 PA:0x8000009c store:0x00000000 load:0xffffffff
     1429619000	     71379	800028c4	d380	c.sw	x8,32(x15)	 x15:0x80000080  x8:0x00000075 PA:0x800000a0 store:0x00000075 load:0xffffffff
     1429679000	     71382	800028c6	d3c4	c.sw	x9,36(x15)	 x15:0x80000080  x9:0x00000001 PA:0x800000a4 store:0x00000001 load:0xffffffff
     1430079000	     71402	800028c8	d788	c.sw	x10,40(x15)	 x15:0x80000080 x10:0x00000210 PA:0x800000a8 store:0x00000210 load:0xffffffff
     1430279000	     71412	800028ca	d7cc	c.sw	x11,44(x15)	 x15:0x80000080 x11:0x00000000 PA:0x800000ac store:0x00000000 load:0xffffffff
     1430739000	     71435	800028cc	db90	c.sw	x12,48(x15)	 x15:0x80000080 x12:0xffffffe8 PA:0x800000b0 store:0xffffffe8 load:0xffffffff
     1430799000	     71438	800028ce	dbd4	c.sw	x13,52(x15)	 x15:0x80000080 x13:0x00000003 PA:0x800000b4 store:0x00000003 load:0xffffffff
     1431099000	     71453	800028d0	df98	c.sw	x14,56(x15)	 x15:0x80000080 x14:0x18410584 PA:0x800000b8 store:0x18410584 load:0xffffffff
     1431159000	     71456	800028d2	dfdc	c.sw	x15,60(x15)	 x15:0x80000080 x15:0x80000080 PA:0x800000bc store:0x80000080 load:0xffffffff
     1431179000	     71457	800028d4	0507a023	sw	x16,64(x15)	 x15:0x80000080 x16:0x00000000 PA:0x800000c0 store:0x00000000 load:0xffffffff
     1431459000	     71471	800028d8	0517a223	sw	x17,68(x15)	 x15:0x80000080 x17:0x40012e72 PA:0x800000c4 store:0x40012e72 load:0xffffffff
     1431879000	     71492	800028dc	0527a423	sw	x18,72(x15)	 x15:0x80000080 x18:0xffffffff PA:0x800000c8 store:0xffffffff load:0xffffffff
     1432339000	     71515	800028e0	0537a623	sw	x19,76(x15)	 x15:0x80000080 x19:0x80025c60 PA:0x800000cc store:0x80025c60 load:0xffffffff
     1432499000	     71523	800028e4	0547a823	sw	x20,80(x15)	 x15:0x80000080 x20:0x00000000 PA:0x800000d0 store:0x00000000 load:0xffffffff
     1432519000	     71524	800028e8	0557aa23	sw	x21,84(x15)	 x15:0x80000080 x21:0x59a343ec PA:0x800000d4 store:0x59a343ec load:0xffffffff
     1432679000	     71532	800028ec	0567ac23	sw	x22,88(x15)	 x15:0x80000080 x22:0x00000000 PA:0x800000d8 store:0x00000000 load:0xffffffff
     1432739000	     71535	800028f0	0577ae23	sw	x23,92(x15)	 x15:0x80000080 x23:0x00000210 PA:0x800000dc store:0x00000210 load:0xffffffff
     1432759000	     71536	800028f4	0787a023	sw	x24,96(x15)	 x15:0x80000080 x24:0x00000001 PA:0x800000e0 store:0x00000001 load:0xffffffff
     1432819000	     71539	800028f8	0797a223	sw	x25,100(x15)	 x15:0x80000080 x25:0x80025c60 PA:0x800000e4 store:0x80025c60 load:0xffffffff
     1432979000	     71547	800028fc	07a7a423	sw	x26,104(x15)	 x15:0x80000080 x26:0x00002400 PA:0x800000e8 store:0x00002400 load:0xffffffff
     1433099000	     71553	80002900	07b7a623	sw	x27,108(x15)	 x15:0x80000080 x27:0x80000374 PA:0x800000ec store:0x80000374 load:0xffffffff
     1433319000	     71564	80002904	07c7a823	sw	x28,112(x15)	 x15:0x80000080 x28:0x00000082 PA:0x800000f0 store:0x00000082 load:0xffffffff
     1433459000	     71571	80002908	07d7aa23	sw	x29,116(x15)	 x15:0x80000080 x29:0xffffffff PA:0x800000f4 store:0xffffffff load:0xffffffff
     1433599000	     71578	8000290c	07e7ac23	sw	x30,120(x15)	 x15:0x80000080 x30:0x0001d400 PA:0x800000f8 store:0x0001d400 load:0xffffffff
     1433759000	     71586	80002910	07f7ae23	sw	x31,124(x15)	 x15:0x80000080 x31:0x00000000 PA:0x800000fc store:0x00000000 load:0xffffffff
     1433779000	     71587	80002914	341027f3	csrrs	x15,mepc,x0	  x0:0x00000000 x15=0x80000382
     1433799000	     71588	80002918	0791	c.addi	x15,4	 x15:0x80000382 x15=0x80000386
     1433819000	     71589	8000291a	34179073	csrrw	x0,mepc,x15	 x15:0x80000386  x0=0x00000000
     1433879000	     71592	8000291e	30200073	mret	
     1433999000	     71598	80000386	90000137	lui	x2,0x90000	  x2=0x90000000
     1434019000	     71599	8000038a	1161	c.addi	x2,-8	  x2:0x90000000  x2=0x8ffffff8
     1434039000	     71600	8000038c	4785	c.li	x15,1	 x15=0x00000001
     1434059000	     71601	8000038e	07a2	c.slli	x15,0x8	 x15:0x00000001 x15=0x00000100
     1434079000	     71602	80000390	0785	c.addi	x15,1	 x15:0x00000100 x15=0x00000101
     1434539000	     71625	80000392	c03e	c.swsp	x15,0(x2)	  x2:0x8ffffff8 x15:0x00000101 PA:0x8ffffff8 store:0x00000101 load:0xffffffff
     1434559000	     71626	80000394	00000073	ecall	
     1434619000	     71629	80002500	0800006f	jal	x0,80002580	  x0=0x00000000
     1434699000	     71633	80002580	1cf1	c.addi	x25,-4	 x25:0x80025c60 x25=0x80025c5c
     1435079000	     71652	80002582	013ca023	sw	x19,0(x25)	 x25:0x80025c5c x19:0x80025c60 PA:0x80025c5c store:0x80025c60 load:0xffffffff
     1435099000	     71653	80002586	000c89b3	add	x19,x25,x0	 x25:0x80025c5c  x0:0x00000000 x19=0x80025c5c
     1435119000	     71654	8000258a	f8098993	addi	x19,x19,-128	 x19:0x80025c5c x19=0x80025bdc
     1435179000	     71657	8000258e	0019a223	sw	x1,4(x19)	 x19:0x80025bdc  x1:0x01a64c00 PA:0x80025be0 store:0x01a64c00 load:0xffffffff
     1435359000	     71666	80002592	0029a423	sw	x2,8(x19)	 x19:0x80025bdc  x2:0x8ffffff8 PA:0x80025be4 store:0x8ffffff8 load:0xffffffff
     1435619000	     71679	80002596	0039a623	sw	x3,12(x19)	 x19:0x80025bdc  x3:0x00000000 PA:0x80025be8 store:0x00000000 load:0xffffffff
