Time	Cycle	PC	Insn	Decoded instruction	Register and memory contents
        1055000	         6	80000080	400017b7	lui	x15,0x40001	 x15=0x40001000
        1065000	         7	80000084	10678793	addi	x15,x15,262	 x15:0x40001000 x15=0x40001106
        1075000	         8	80000088	30179073	csrrw	x0,misa,x15	 x15:0x40001106  x0=0x00000000
        1105000	        11	8000008c	00026c97	auipc	x25,0x26	 x25=0x8002608c
        1115000	        12	80000090	c58c8c93	addi	x25,x25,-936	 x25:0x8002608c x25=0x80025ce4
        1125000	        13	80000094	00002797	auipc	x15,0x2	 x15=0x80002094
        1135000	        14	80000098	46c78793	addi	x15,x15,1132	 x15:0x80002094 x15=0x80002500
        1145000	        15	8000009c	0017e793	ori	x15,x15,1	 x15:0x80002500 x15=0x80002501
        1155000	        16	800000a0	30579073	csrrw	x0,mtvec,x15	 x15:0x80002501  x0=0x00000000
        1185000	        19	800000a4	74725073	csrrwi	x0,0x747,4	  x0=0x00000000
        1215000	        22	800000a8	00003d97	auipc	x27,0x3	 x27=0x800030a8
        1225000	        23	800000ac	194d8d93	addi	x27,x27,404	 x27:0x800030a8 x27=0x8000323c
        1235000	        24	800000b0	4781	c.li	x15,0	 x15=0x00000000
        1245000	        25	800000b2	9dbe	c.add	x27,x15	 x27:0x8000323c x15:0x00000000 x27=0x8000323c
        1255000	        26	800000b4	002ddd93	srli	x27,x27,0x2	 x27:0x8000323c x27=0x20000c8f
        1265000	        27	800000b8	3b0d9073	csrrw	x0,pmpaddr0,x27	 x27:0x20000c8f  x0=0x00000000
        1295000	        30	800000bc	00003d97	auipc	x27,0x3	 x27=0x800030bc
        1305000	        31	800000c0	180d8d93	addi	x27,x27,384	 x27:0x800030bc x27=0x8000323c
        1315000	        32	800000c4	111117b7	lui	x15,0x11111	 x15=0x11111000
        1325000	        33	800000c8	11178793	addi	x15,x15,273	 x15:0x11111000 x15=0x11111111
        1335000	        34	800000cc	9dbe	c.add	x27,x15	 x27:0x8000323c x15:0x11111111 x27=0x9111434d
        1345000	        35	800000ce	002ddd93	srli	x27,x27,0x2	 x27:0x9111434d x27=0x244450d3
        1355000	        36	800000d2	3b1d9073	csrrw	x0,pmpaddr1,x27	 x27:0x244450d3  x0=0x00000000
        1385000	        39	800000d6	00003d97	auipc	x27,0x3	 x27=0x800030d6
        1395000	        40	800000da	166d8d93	addi	x27,x27,358	 x27:0x800030d6 x27=0x8000323c
        1405000	        41	800000de	222227b7	lui	x15,0x22222	 x15=0x22222000
        1415000	        42	800000e2	22278793	addi	x15,x15,546	 x15:0x22222000 x15=0x22222222
        1425000	        43	800000e6	9dbe	c.add	x27,x15	 x27:0x8000323c x15:0x22222222 x27=0xa222545e
        1435000	        44	800000e8	002ddd93	srli	x27,x27,0x2	 x27:0xa222545e x27=0x28889517
        1445000	        45	800000ec	3b2d9073	csrrw	x0,pmpaddr2,x27	 x27:0x28889517  x0=0x00000000
        1475000	        48	800000f0	00003d97	auipc	x27,0x3	 x27=0x800030f0
        1485000	        49	800000f4	14cd8d93	addi	x27,x27,332	 x27:0x800030f0 x27=0x8000323c
        1495000	        50	800000f8	333337b7	lui	x15,0x33333	 x15=0x33333000
        1505000	        51	800000fc	33378793	addi	x15,x15,819	 x15:0x33333000 x15=0x33333333
        1515000	        52	80000100	9dbe	c.add	x27,x15	 x27:0x8000323c x15:0x33333333 x27=0xb333656f
        1525000	        53	80000102	002ddd93	srli	x27,x27,0x2	 x27:0xb333656f x27=0x2cccd95b
        1535000	        54	80000106	3b3d9073	csrrw	x0,pmpaddr3,x27	 x27:0x2cccd95b  x0=0x00000000
        1565000	        57	8000010a	0f0f1db7	lui	x27,0xf0f1	 x27=0x0f0f1000
        1575000	        58	8000010e	f0fd8d93	addi	x27,x27,-241	 x27:0x0f0f1000 x27=0x0f0f0f0f
        1585000	        59	80000112	3a0d9073	csrrw	x0,pmpcfg0,x27	 x27:0x0f0f0f0f  x0=0x00000000
        1615000	        62	80000116	00003d97	auipc	x27,0x3	 x27=0x80003116
        1625000	        63	8000011a	126d8d93	addi	x27,x27,294	 x27:0x80003116 x27=0x8000323c
        1635000	        64	8000011e	444447b7	lui	x15,0x44444	 x15=0x44444000
        1645000	        65	80000122	44478793	addi	x15,x15,1092	 x15:0x44444000 x15=0x44444444
        1655000	        66	80000126	9dbe	c.add	x27,x15	 x27:0x8000323c x15:0x44444444 x27=0xc4447680
        1665000	        67	80000128	002ddd93	srli	x27,x27,0x2	 x27:0xc4447680 x27=0x31111da0
        1675000	        68	8000012c	3b4d9073	csrrw	x0,pmpaddr4,x27	 x27:0x31111da0  x0=0x00000000
        1705000	        71	80000130	00003d97	auipc	x27,0x3	 x27=0x80003130
        1715000	        72	80000134	10cd8d93	addi	x27,x27,268	 x27:0x80003130 x27=0x8000323c
        1725000	        73	80000138	555557b7	lui	x15,0x55555	 x15=0x55555000
        1735000	        74	8000013c	55578793	addi	x15,x15,1365	 x15:0x55555000 x15=0x55555555
        1745000	        75	80000140	9dbe	c.add	x27,x15	 x27:0x8000323c x15:0x55555555 x27=0xd5558791
        1755000	        76	80000142	002ddd93	srli	x27,x27,0x2	 x27:0xd5558791 x27=0x355561e4
        1765000	        77	80000146	3b5d9073	csrrw	x0,pmpaddr5,x27	 x27:0x355561e4  x0=0x00000000
        1795000	        80	8000014a	00003d97	auipc	x27,0x3	 x27=0x8000314a
        1805000	        81	8000014e	0f2d8d93	addi	x27,x27,242	 x27:0x8000314a x27=0x8000323c
        1815000	        82	80000152	666667b7	lui	x15,0x66666	 x15=0x66666000
        1825000	        83	80000156	66678793	addi	x15,x15,1638	 x15:0x66666000 x15=0x66666666
        1835000	        84	8000015a	9dbe	c.add	x27,x15	 x27:0x8000323c x15:0x66666666 x27=0xe66698a2
        1845000	        85	8000015c	002ddd93	srli	x27,x27,0x2	 x27:0xe66698a2 x27=0x3999a628
        1855000	        86	80000160	3b6d9073	csrrw	x0,pmpaddr6,x27	 x27:0x3999a628  x0=0x00000000
        1885000	        89	80000164	00003d97	auipc	x27,0x3	 x27=0x80003164
        1895000	        90	80000168	0d8d8d93	addi	x27,x27,216	 x27:0x80003164 x27=0x8000323c
        1905000	        91	8000016c	777777b7	lui	x15,0x77777	 x15=0x77777000
        1915000	        92	80000170	77778793	addi	x15,x15,1911	 x15:0x77777000 x15=0x77777777
        1925000	        93	80000174	9dbe	c.add	x27,x15	 x27:0x8000323c x15:0x77777777 x27=0xf777a9b3
        1935000	        94	80000176	002ddd93	srli	x27,x27,0x2	 x27:0xf777a9b3 x27=0x3dddea6c
        1945000	        95	8000017a	3b7d9073	csrrw	x0,pmpaddr7,x27	 x27:0x3dddea6c  x0=0x00000000
        1975000	        98	8000017e	0f0f1db7	lui	x27,0xf0f1	 x27=0x0f0f1000
        1985000	        99	80000182	f0fd8d93	addi	x27,x27,-241	 x27:0x0f0f1000 x27=0x0f0f0f0f
        1995000	       100	80000186	3a1d9073	csrrw	x0,pmpcfg1,x27	 x27:0x0f0f0f0f  x0=0x00000000
        2025000	       103	8000018a	00003d97	auipc	x27,0x3	 x27=0x8000318a
        2035000	       104	8000018e	0b2d8d93	addi	x27,x27,178	 x27:0x8000318a x27=0x8000323c
        2045000	       105	80000192	888897b7	lui	x15,0x88889	 x15=0x88889000
        2055000	       106	80000196	88878793	addi	x15,x15,-1912	 x15:0x88889000 x15=0x88888888
        2065000	       107	8000019a	9dbe	c.add	x27,x15	 x27:0x8000323c x15:0x88888888 x27=0x0888bac4
        2075000	       108	8000019c	002ddd93	srli	x27,x27,0x2	 x27:0x0888bac4 x27=0x02222eb1
        2085000	       109	800001a0	3b8d9073	csrrw	x0,pmpaddr8,x27	 x27:0x02222eb1  x0=0x00000000
        2115000	       112	800001a4	00003d97	auipc	x27,0x3	 x27=0x800031a4
        2125000	       113	800001a8	098d8d93	addi	x27,x27,152	 x27:0x800031a4 x27=0x8000323c
        2135000	       114	800001ac	9999a7b7	lui	x15,0x9999a	 x15=0x9999a000
        2145000	       115	800001b0	99978793	addi	x15,x15,-1639	 x15:0x9999a000 x15=0x99999999
        2155000	       116	800001b4	9dbe	c.add	x27,x15	 x27:0x8000323c x15:0x99999999 x27=0x1999cbd5
        2165000	       117	800001b6	002ddd93	srli	x27,x27,0x2	 x27:0x1999cbd5 x27=0x066672f5
        2175000	       118	800001ba	3b9d9073	csrrw	x0,pmpaddr9,x27	 x27:0x066672f5  x0=0x00000000
        2205000	       121	800001be	00003d97	auipc	x27,0x3	 x27=0x800031be
        2215000	       122	800001c2	07ed8d93	addi	x27,x27,126	 x27:0x800031be x27=0x8000323c
        2225000	       123	800001c6	aaaab7b7	lui	x15,0xaaaab	 x15=0xaaaab000
        2235000	       124	800001ca	aaa78793	addi	x15,x15,-1366	 x15:0xaaaab000 x15=0xaaaaaaaa
        2245000	       125	800001ce	9dbe	c.add	x27,x15	 x27:0x8000323c x15:0xaaaaaaaa x27=0x2aaadce6
        2255000	       126	800001d0	002ddd93	srli	x27,x27,0x2	 x27:0x2aaadce6 x27=0x0aaab739
        2265000	       127	800001d4	3bad9073	csrrw	x0,pmpaddr10,x27	 x27:0x0aaab739  x0=0x00000000
        2295000	       130	800001d8	00003d97	auipc	x27,0x3	 x27=0x800031d8
        2305000	       131	800001dc	064d8d93	addi	x27,x27,100	 x27:0x800031d8 x27=0x8000323c
        2315000	       132	800001e0	bbbbc7b7	lui	x15,0xbbbbc	 x15=0xbbbbc000
        2325000	       133	800001e4	bbb78793	addi	x15,x15,-1093	 x15:0xbbbbc000 x15=0xbbbbbbbb
        2335000	       134	800001e8	9dbe	c.add	x27,x15	 x27:0x8000323c x15:0xbbbbbbbb x27=0x3bbbedf7
        2345000	       135	800001ea	002ddd93	srli	x27,x27,0x2	 x27:0x3bbbedf7 x27=0x0eeefb7d
        2355000	       136	800001ee	3bbd9073	csrrw	x0,pmpaddr11,x27	 x27:0x0eeefb7d  x0=0x00000000
        2385000	       139	800001f2	0f0f1db7	lui	x27,0xf0f1	 x27=0x0f0f1000
        2395000	       140	800001f6	f0fd8d93	addi	x27,x27,-241	 x27:0x0f0f1000 x27=0x0f0f0f0f
        2405000	       141	800001fa	3a2d9073	csrrw	x0,pmpcfg2,x27	 x27:0x0f0f0f0f  x0=0x00000000
        2435000	       144	800001fe	00003d97	auipc	x27,0x3	 x27=0x800031fe
        2445000	       145	80000202	03ed8d93	addi	x27,x27,62	 x27:0x800031fe x27=0x8000323c
        2455000	       146	80000206	ccccd7b7	lui	x15,0xccccd	 x15=0xccccd000
        2465000	       147	8000020a	ccc78793	addi	x15,x15,-820	 x15:0xccccd000 x15=0xcccccccc
        2475000	       148	8000020e	9dbe	c.add	x27,x15	 x27:0x8000323c x15:0xcccccccc x27=0x4cccff08
        2485000	       149	80000210	002ddd93	srli	x27,x27,0x2	 x27:0x4cccff08 x27=0x13333fc2
        2495000	       150	80000214	3bcd9073	csrrw	x0,pmpaddr12,x27	 x27:0x13333fc2  x0=0x00000000
        2525000	       153	80000218	00003d97	auipc	x27,0x3	 x27=0x80003218
        2535000	       154	8000021c	024d8d93	addi	x27,x27,36	 x27:0x80003218 x27=0x8000323c
        2545000	       155	80000220	dddde7b7	lui	x15,0xdddde	 x15=0xdddde000
        2555000	       156	80000224	ddd78793	addi	x15,x15,-547	 x15:0xdddde000 x15=0xdddddddd
        2565000	       157	80000228	9dbe	c.add	x27,x15	 x27:0x8000323c x15:0xdddddddd x27=0x5dde1019
        2575000	       158	8000022a	002ddd93	srli	x27,x27,0x2	 x27:0x5dde1019 x27=0x17778406
        2585000	       159	8000022e	3bdd9073	csrrw	x0,pmpaddr13,x27	 x27:0x17778406  x0=0x00000000
        2615000	       162	80000232	00003d97	auipc	x27,0x3	 x27=0x80003232
        2625000	       163	80000236	00ad8d93	addi	x27,x27,10	 x27:0x80003232 x27=0x8000323c
        2635000	       164	8000023a	eeeef7b7	lui	x15,0xeeeef	 x15=0xeeeef000
        2645000	       165	8000023e	eee78793	addi	x15,x15,-274	 x15:0xeeeef000 x15=0xeeeeeeee
        2655000	       166	80000242	9dbe	c.add	x27,x15	 x27:0x8000323c x15:0xeeeeeeee x27=0x6eef212a
        2665000	       167	80000244	002ddd93	srli	x27,x27,0x2	 x27:0x6eef212a x27=0x1bbbc84a
        2675000	       168	80000248	3bed9073	csrrw	x0,pmpaddr14,x27	 x27:0x1bbbc84a  x0=0x00000000
        2705000	       171	8000024c	00003d97	auipc	x27,0x3	 x27=0x8000324c
        2715000	       172	80000250	ff0d8d93	addi	x27,x27,-16	 x27:0x8000324c x27=0x8000323c
        2725000	       173	80000254	fff00793	addi	x15,x0,-1	  x0:0x00000000 x15=0xffffffff
        2735000	       174	80000258	9dbe	c.add	x27,x15	 x27:0x8000323c x15:0xffffffff x27=0x8000323b
        2745000	       175	8000025a	002ddd93	srli	x27,x27,0x2	 x27:0x8000323b x27=0x20000c8e
        2755000	       176	8000025e	3bfd9073	csrrw	x0,pmpaddr15,x27	 x27:0x20000c8e  x0=0x00000000
        2785000	       179	80000262	0f0f1db7	lui	x27,0xf0f1	 x27=0x0f0f1000
        2795000	       180	80000266	f0fd8d93	addi	x27,x27,-241	 x27:0x0f0f1000 x27=0x0f0f0f0f
        2805000	       181	8000026a	3a3d9073	csrrw	x0,pmpcfg3,x27	 x27:0x0f0f0f0f  x0=0x00000000
        2835000	       184	8000026e	00000797	auipc	x15,0x0	 x15=0x8000026e
        2845000	       185	80000272	05878793	addi	x15,x15,88	 x15:0x8000026e x15=0x800002c6
        2855000	       186	80000276	34179073	csrrw	x0,mepc,x15	 x15:0x800002c6  x0=0x00000000
        2865000	       187	8000027a	7c00d073	csrrwi	x0,0x7c0,1	  x0=0x00000000
        2895000	       190	8000027e	4781	c.li	x15,0	 x15=0x00000000
        2905000	       191	80000280	30079073	csrrw	x0,mstatus,x15	 x15:0x00000000  x0=0x00000000
        2935000	       194	80000284	4781	c.li	x15,0	 x15=0x00000000
        2945000	       195	80000286	30479073	csrrw	x0,mie,x15	 x15:0x00000000  x0=0x00000000
        2975000	       198	8000028a	90000137	lui	x2,0x90000	  x2=0x90000000
        2985000	       199	8000028e	1171	c.addi	x2,-4	  x2:0x90000000  x2=0x8ffffffc
        2995000	       200	80000290	90000137	lui	x2,0x90000	  x2=0x90000000
        3005000	       201	80000294	1171	c.addi	x2,-4	  x2:0x90000000  x2=0x8ffffffc
        3015000	       202	80000296	90000137	lui	x2,0x90000	  x2=0x90000000
        3025000	       203	8000029a	1171	c.addi	x2,-4	  x2:0x90000000  x2=0x8ffffffc
        3035000	       204	8000029c	30000793	addi	x15,x0,768	  x0:0x00000000 x15=0x00000300
        3045000	       205	800002a0	07a2	c.slli	x15,0x8	 x15:0x00000300 x15=0x00030000
        3055000	       206	800002a2	078d	c.addi	x15,3	 x15:0x00030000 x15=0x00030003
        3065000	       207	800002a4	c03e	c.swsp	x15,0(x2)	  x2:0x8ffffffc x15:0x00030003 PA:0x8ffffffc store:0x00030003 load:0x00000000
        3075000	       208	800002a6	300027f3	csrrs	x15,mstatus,x0	  x0:0x00000000 x15=0x00000000
        3085000	       209	800002aa	c03e	c.swsp	x15,0(x2)	  x2:0x8ffffffc x15:0x00000000 PA:0x8ffffffc store:0x00000000 load:0x00000000
        3095000	       210	800002ac	90000137	lui	x2,0x90000	  x2=0x90000000
        3105000	       211	800002b0	1171	c.addi	x2,-4	  x2:0x90000000  x2=0x8ffffffc
        3115000	       212	800002b2	30400793	addi	x15,x0,772	  x0:0x00000000 x15=0x00000304
        3125000	       213	800002b6	07a2	c.slli	x15,0x8	 x15:0x00000304 x15=0x00030400
        3135000	       214	800002b8	078d	c.addi	x15,3	 x15:0x00030400 x15=0x00030403
        3145000	       215	800002ba	c03e	c.swsp	x15,0(x2)	  x2:0x8ffffffc x15:0x00030403 PA:0x8ffffffc store:0x00030403 load:0x00000000
        3155000	       216	800002bc	304027f3	csrrs	x15,mie,x0	  x0:0x00000000 x15=0x00000000
        3165000	       217	800002c0	c03e	c.swsp	x15,0(x2)	  x2:0x8ffffffc x15:0x00000000 PA:0x8ffffffc store:0x00000000 load:0x00000000
        3175000	       218	800002c2	30200073	mret	
        3215000	       222	800002c6	00300013	addi	x0,x0,3	  x0:0x00000000  x0=0x00000000
        3225000	       223	800002ca	4099	c.li	x1,6	  x1=0x00000006
        3235000	       224	800002cc	cf4b5137	lui	x2,0xcf4b5	  x2=0xcf4b5000
        3245000	       225	800002d0	e8e10113	addi	x2,x2,-370	  x2:0xcf4b5000  x2=0xcf4b4e8e
        3255000	       226	800002d4	4181	c.li	x3,0	  x3=0x00000000
        3265000	       227	800002d6	ed36d237	lui	x4,0xed36d	  x4=0xed36d000
        3275000	       228	800002da	41220213	addi	x4,x4,1042	  x4:0xed36d000  x4=0xed36d412
        3285000	       229	800002de	1b5082b7	lui	x5,0x1b508	  x5=0x1b508000
        3295000	       230	800002e2	9c028293	addi	x5,x5,-1600	  x5:0x1b508000  x5=0x1b5079c0
        3305000	       231	800002e6	ff61d337	lui	x6,0xff61d	  x6=0xff61d000
        3315000	       232	800002ea	cf830313	addi	x6,x6,-776	  x6:0xff61d000  x6=0xff61ccf8
        3325000	       233	800002ee	800003b7	lui	x7,0x80000	  x7=0x80000000
        3335000	       234	800002f2	f7434437	lui	x8,0xf7434	  x8=0xf7434000
        3345000	       235	800002f6	bf540413	addi	x8,x8,-1035	  x8:0xf7434000  x8=0xf7433bf5
        3355000	       236	800002fa	800004b7	lui	x9,0x80000	  x9=0x80000000
        3365000	       237	800002fe	894eb537	lui	x10,0x894eb	 x10=0x894eb000
        3375000	       238	80000302	cb450513	addi	x10,x10,-844	 x10:0x894eb000 x10=0x894eacb4
        3385000	       239	80000306	4595	c.li	x11,5	 x11=0x00000005
        3395000	       240	80000308	c8c3c637	lui	x12,0xc8c3c	 x12=0xc8c3c000
        3405000	       241	8000030c	5f760613	addi	x12,x12,1527	 x12:0xc8c3c000 x12=0xc8c3c5f7
        3415000	       242	80000310	46b9	c.li	x13,14	 x13=0x0000000e
        3425000	       243	80000312	4715	c.li	x14,5	 x14=0x00000005
        3435000	       244	80000314	47a9	c.li	x15,10	 x15=0x0000000a
        3445000	       245	80000316	f777f837	lui	x16,0xf777f	 x16=0xf777f000
        3455000	       246	8000031a	63d80813	addi	x16,x16,1597	 x16:0xf777f000 x16=0xf777f63d
        3465000	       247	8000031e	4881	c.li	x17,0	 x17=0x00000000
        3475000	       248	80000320	f7f7a937	lui	x18,0xf7f7a	 x18=0xf7f7a000
        3485000	       249	80000324	0e590913	addi	x18,x18,229	 x18:0xf7f7a000 x18=0xf7f7a0e5
        3495000	       250	80000328	f264ca37	lui	x20,0xf264c	 x20=0xf264c000
        3505000	       251	8000032c	ecda0a13	addi	x20,x20,-307	 x20:0xf264c000 x20=0xf264becd
        3515000	       252	80000330	4a81	c.li	x21,0	 x21=0x00000000
        3525000	       253	80000332	fc680b37	lui	x22,0xfc680	 x22=0xfc680000
        3535000	       254	80000336	801b0b13	addi	x22,x22,-2047	 x22:0xfc680000 x22=0xfc67f801
        3545000	       255	8000033a	4b81	c.li	x23,0	 x23=0x00000000
        3555000	       256	8000033c	4c09	c.li	x24,2	 x24=0x00000002
        3565000	       257	8000033e	81b7fd37	lui	x26,0x81b7f	 x26=0x81b7f000
        3575000	       258	80000342	6bdd0d13	addi	x26,x26,1725	 x26:0x81b7f000 x26=0x81b7f6bd
        3585000	       259	80000346	80000db7	lui	x27,0x80000	 x27=0x80000000
        3595000	       260	8000034a	4e25	c.li	x28,9	 x28=0x00000009
        3605000	       261	8000034c	4e81	c.li	x29,0	 x29=0x00000000
        3615000	       262	8000034e	4f29	c.li	x30,10	 x30=0x0000000a
        3625000	       263	80000350	fe7effb7	lui	x31,0xfe7ef	 x31=0xfe7ef000
        3635000	       264	80000354	8c7f8f93	addi	x31,x31,-1849	 x31:0xfe7ef000 x31=0xfe7ee8c7
        3645000	       265	80000358	00022997	auipc	x19,0x22	 x19=0x80022358
        3655000	       266	8000035c	b0c98993	addi	x19,x19,-1268	 x19:0x80022358 x19=0x80021e64
        3665000	       267	80000360	90000137	lui	x2,0x90000	  x2=0x90000000
        3675000	       268	80000364	1171	c.addi	x2,-4	  x2:0x90000000  x2=0x8ffffffc
        3685000	       269	80000366	4781	c.li	x15,0	 x15=0x00000000
        3695000	       270	80000368	07a2	c.slli	x15,0x8	 x15:0x00000000 x15=0x00000000
        3705000	       271	8000036a	00078793	addi	x15,x15,0	 x15:0x00000000 x15=0x00000000
        3715000	       272	8000036e	c03e	c.swsp	x15,0(x2)	  x2:0x8ffffffc x15:0x00000000 PA:0x8ffffffc store:0x00000000 load:0x00000000
        3725000	       273	80000370	6cd0206f	jal	x0,8000323c	  x0=0x00000000
        3745000	       275	8000323c	86f9	c.srai	x13,0x1e	 x13:0x0000000e x13=0x00000000
        4115000	       312	8000323e	030f5733	divu	x14,x30,x16	 x30:0x0000000a x16:0xf777f63d x14=0x00000000
        4125000	       313	80003242	45114013	xori	x0,x2,1105	  x2:0x8ffffffc  x0=0x00000000
        4165000	       317	80003246	02caa1b3	mulhsu	x3,x21,x12	 x21:0x00000000 x12:0xc8c3c5f7  x3=0x00000000
        4175000	       318	8000324a	031d1263	bne	x26,x17,8000326e	 x26:0x81b7f6bd x17:0x00000000
        4205000	       321	8000326e	1fde0e13	addi	x28,x28,509	 x28:0x00000009 x28=0x00000206
        4215000	       322	80003272	1c16eb93	ori	x23,x13,449	 x13:0x00000000 x23=0x000001c1
        4225000	       323	80003276	a47d2e93	slti	x29,x26,-1465	 x26:0x81b7f6bd x29=0x00000001
        4235000	       324	8000327a	05525263	bge	x4,x21,800032be	  x4:0xed36d412 x21:0x00000000
        4275000	       328	8000327e	039d9fb3	mulh	x31,x27,x25	 x27:0x80000000 x25:0x80025ce4 x31=0x3ffed18e
        4285000	       329	80003282	8df5	c.and	x11,x13	 x11:0x00000005 x13:0x00000000 x11=0x00000000
        4295000	       330	80003284	009fb033	sltu	x0,x31,x9	 x31:0x3ffed18e  x9:0x80000000  x0=0x00000000
        4305000	       331	80003288	02e7d163	bge	x15,x14,800032aa	 x15:0x00000000 x14:0x00000000
        4335000	       334	800032aa	03dc9463	bne	x25,x29,800032d2	 x25:0x80025ce4 x29:0x00000001
        4365000	       337	800032d2	01ae6563	bltu	x28,x26,800032dc	 x28:0x00000206 x26:0x81b7f6bd
        4385000	       339	800032dc	01d7c1b3	xor	x3,x15,x29	 x15:0x00000000 x29:0x00000001  x3=0x00000001
        4395000	       340	800032e0	9406	c.add	x8,x1	  x8:0xf7433bf5  x1:0x00000006  x8=0xf7433bfb
        4405000	       341	800032e2	0911	c.addi	x18,4	 x18:0xf7f7a0e5 x18=0xf7f7a0e9
        4775000	       378	800032e4	03d16833	rem	x16,x2,x29	  x2:0x8ffffffc x29:0x00000001 x16=0x00000000
        4785000	       379	800032e8	9bbe	c.add	x23,x15	 x23:0x000001c1 x15:0x00000000 x23=0x000001c1
        5155000	       416	800032ea	0365ce33	div	x28,x11,x22	 x11:0x00000000 x22:0xfc67f801 x28=0x00000000
        5165000	       417	800032ee	02b6fd63	bgeu	x13,x11,80003328	 x13:0x00000000 x11:0x00000000
        5185000	       419	80003328	1119c393	xori	x7,x19,273	 x19:0x80021e64  x7=0x80021f75
        5195000	       420	8000332c	853d	c.srai	x10,0xf	 x10:0x894eacb4 x10=0xffff129d
        5205000	       421	8000332e	717d	c.addi16sp	x2,-16	  x2:0x8ffffffc  x2=0x8fffffec
        5215000	       422	80003330	40f08fb3	sub	x31,x1,x15	  x1:0x00000006 x15:0x00000000 x31=0x00000006
        5225000	       423	80003334	915e	c.add	x2,x23	  x2:0x8fffffec x23:0x000001c1  x2=0x900001ad
        5255000	       426	80003336	03768d33	mul	x26,x13,x23	 x13:0x00000000 x23:0x000001c1 x26=0x00000000
        5265000	       427	8000333a	6aa1	c.lui	x21,0x8	 x21=0x00008000
        5275000	       428	8000333c	4c398813	addi	x16,x19,1219	 x19:0x80021e64 x16=0x80022327
        5285000	       429	80003340	d1cbb613	sltiu	x12,x23,-740	 x23:0x000001c1 x12=0x00000001
        5295000	       430	80003344	0001	c.addi	x0,0	  x0:0x00000000  x0=0x00000000
        5305000	       431	80003346	012244b3	xor	x9,x4,x18	  x4:0xed36d412 x18:0xf7f7a0e9  x9=0x1ac174fb
        5315000	       432	8000334a	6569	c.lui	x10,0x1a	 x10=0x0001a000
        5325000	       433	8000334c	00a2ca63	blt	x5,x10,80003360	  x5:0x1b5079c0 x10:0x0001a000
        5335000	       434	80003350	e6b5de17	auipc	x28,0xe6b5d	 x28=0x66b60350
        5345000	       435	80003354	efe46d13	ori	x26,x8,-258	  x8:0xf7433bfb x26=0xffffffff
        5355000	       436	80003358	006b7b63	bgeu	x22,x6,8000336e	 x22:0xfc67f801  x6:0xff61ccf8
        5365000	       437	8000335c	2537ee13	ori	x28,x15,595	 x15:0x00000000 x28=0x00000253
        5405000	       441	80003360	0358b033	mulhu	x0,x17,x21	 x17:0x00000000 x21:0x00008000  x0=0x00000000
        5415000	       442	80003364	008f9763	bne	x31,x8,80003372	 x31:0x00000006  x8:0xf7433bfb
        5445000	       445	80003372	02477163	bgeu	x14,x4,80003394	 x14:0x00000000  x4:0xed36d412
        5455000	       446	80003376	019257b3	srl	x15,x4,x25	  x4:0xed36d412 x25:0x80025ce4 x15=0x0ed36d41
        5465000	       447	8000337a	0001	c.addi	x0,0	  x0:0x00000000  x0=0x00000000
        5475000	       448	8000337c	498bfa93	andi	x21,x23,1176	 x23:0x000001c1 x21=0x00000080
        5485000	       449	80003380	413e0933	sub	x18,x28,x19	 x28:0x00000253 x19:0x80021e64 x18=0x7ffde3ef
        5495000	       450	80003384	8a81	c.andi	x13,0	 x13:0x00000000 x13=0x00000000
        5865000	       487	80003386	035f6d33	rem	x26,x30,x21	 x30:0x0000000a x21:0x00000080 x26=0x0000000a
        5875000	       488	8000338a	40ead933	sra	x18,x21,x14	 x21:0x00000080 x14:0x00000000 x18=0x00000080
        5885000	       489	8000338e	01b1c333	xor	x6,x3,x27	  x3:0x00000001 x27:0x80000000  x6=0x80000001
        5895000	       490	80003392	57fd	c.li	x15,-1	 x15=0xffffffff
        5935000	       494	80003394	027f3f33	mulhu	x30,x30,x7	 x30:0x0000000a  x7:0x80021f75 x30=0x00000005
        5945000	       495	80003398	8ae9	c.andi	x13,26	 x13:0x00000000 x13=0x00000000
        5955000	       496	8000339a	03248f63	beq	x9,x18,800033d8	  x9:0x1ac174fb x18:0x00000080
        5965000	       497	8000339e	93aa	c.add	x7,x10	  x7:0x80021f75 x10:0x0001a000  x7=0x8003bf75
        5975000	       498	800033a0	402455b3	sra	x11,x8,x2	  x8:0xf7433bfb  x2:0x900001ad x11=0xffffba19
        5985000	       499	800033a4	007ae4b3	or	x9,x21,x7	 x21:0x00000080  x7:0x8003bf75  x9=0x8003bff5
        5995000	       500	800033a8	005a7e33	and	x28,x20,x5	 x20:0xf264becd  x5:0x1b5079c0 x28=0x124038c0
        6005000	       501	800033ac	00b36433	or	x8,x6,x11	  x6:0x80000001 x11:0xffffba19  x8=0xffffba19
        6035000	       504	800033b0	03cf02b3	mul	x5,x30,x28	 x30:0x00000005 x28:0x124038c0  x5=0x5b411bc0
        6045000	       505	800033b4	0170da93	srli	x21,x1,0x17	  x1:0x00000006 x21=0x00000000
        6055000	       506	800033b8	0000100f	fence.i	
        6075000	       508	800033bc	1500	c.addi4spn	x8,x2,672	  x8=0x9000044d
        6105000	       511	800033be	03ab8a33	mul	x20,x23,x26	 x23:0x000001c1 x26:0x0000000a x20=0x0000118a
        6115000	       512	800033c2	0ff0000f	fence	iorw,iorw	
        6125000	       513	800033c6	403dd933	sra	x18,x27,x3	 x27:0x80000000  x3:0x00000001 x18=0xc0000000
        6135000	       514	800033ca	b8db8e13	addi	x28,x23,-1139	 x23:0x000001c1 x28=0xfffffd4e
        6145000	       515	800033ce	40398fb3	sub	x31,x19,x3	 x19:0x80021e64  x3:0x00000001 x31=0x80021e63
        6155000	       516	800033d2	8d81	c.sub	x11,x8	 x11:0xffffba19  x8:0x9000044d x11=0x6fffb5cc
        6165000	       517	800033d4	002088b3	add	x17,x1,x2	  x1:0x00000006  x2:0x900001ad x17=0x900001b3
        6175000	       518	800033d8	02aaf463	bgeu	x21,x10,80003400	 x21:0x00000000 x10:0x0001a000
        6215000	       522	800033dc	02d49433	mulh	x8,x9,x13	  x9:0x8003bff5 x13:0x00000000  x8=0x00000000
        6585000	       559	800033e0	02975633	divu	x12,x14,x9	 x14:0x00000000  x9:0x8003bff5 x12=0x00000000
        6595000	       560	800033e4	0161e463	bltu	x3,x22,800033ec	  x3:0x00000001 x22:0xfc67f801
        6615000	       562	800033ec	7b332193	slti	x3,x6,1971	  x6:0x80000001  x3=0x00000001
        6625000	       563	800033f0	9a7d	c.andi	x12,-1	 x12:0x00000000 x12=0x00000000
        6635000	       564	800033f2	01b1db93	srli	x23,x3,0x1b	  x3:0x00000001 x23=0x00000000
        6645000	       565	800033f6	918e	c.add	x3,x3	  x3:0x00000001  x3:0x00000001  x3=0x00000002
        6655000	       566	800033f8	04831463	bne	x6,x8,80003440	  x6:0x80000001  x8:0x00000000
        6675000	       568	80003440	030c7163	bgeu	x24,x16,80003462	 x24:0x00000002 x16:0x80022327
        7045000	       605	80003444	026df2b3	remu	x5,x27,x6	 x27:0x80000000  x6:0x80000001  x5=0x80000000
        7055000	       606	80003448	91836393	ori	x7,x6,-1768	  x6:0x80000001  x7=0xfffff919
        7065000	       607	8000344c	03116e63	bltu	x2,x17,80003488	  x2:0x900001ad x17:0x900001b3
        7085000	       609	80003488	8d35	c.xor	x10,x13	 x10:0x0001a000 x13:0x00000000 x10=0x0001a000
        7095000	       610	8000348a	c31be493	ori	x9,x23,-975	 x23:0x00000000  x9=0xfffffc31
        7105000	       611	8000348e	40665f33	sra	x30,x12,x6	 x12:0x00000000  x6:0x80000001 x30=0x00000000
        7115000	       612	80003492	4144d233	sra	x4,x9,x20	  x9:0xfffffc31 x20:0x0000118a  x4=0xffffffff
        7155000	       616	80003496	02aa9733	mulh	x14,x21,x10	 x21:0x00000000 x10:0x0001a000 x14=0x00000000
        7165000	       617	8000349a	1a984093	xori	x1,x16,425	 x16:0x80022327  x1=0x8002228e
        7175000	       618	8000349e	002f0633	add	x12,x30,x2	 x30:0x00000000  x2:0x900001ad x12=0x900001ad
        7185000	       619	800034a2	8d89	c.sub	x11,x10	 x11:0x6fffb5cc x10:0x0001a000 x11=0x6ffe15cc
        7195000	       620	800034a4	1b04	c.addi4spn	x9,x2,432	  x9=0x9000035d
        7205000	       621	800034a6	81c6	c.mv	x3,x17	  x0:0x00000000 x17:0x900001b3  x3=0x900001b3
        7215000	       622	800034a8	8d49	c.or	x10,x10	 x10:0x0001a000 x10:0x0001a000 x10=0x0001a000
        7225000	       623	800034aa	00184363	blt	x16,x1,800034b0	 x16:0x80022327  x1:0x8002228e
        7235000	       624	800034ae	8e35	c.xor	x12,x13	 x12:0x900001ad x13:0x00000000 x12=0x900001ad
        7245000	       625	800034b0	47475897	auipc	x17,0x47475	 x17=0xc74784b0
        7255000	       626	800034b4	007e6863	bltu	x28,x7,800034c4	 x28:0xfffffd4e  x7:0xfffff919
        7265000	       627	800034b8	01f29413	slli	x8,x5,0x1f	  x5:0x80000000  x8=0x00000000
        7275000	       628	800034bc	f6437813	andi	x16,x6,-156	  x6:0x80000001 x16=0x80000000
        7285000	       629	800034c0	df45ab97	auipc	x23,0xdf45a	 x23=0x5f45d4c0
        7655000	       666	800034c4	033a7333	remu	x6,x20,x19	 x20:0x0000118a x19:0x80021e64  x6=0x0000118a
        7665000	       667	800034c8	03a09a63	bne	x1,x26,800034fc	  x1:0x8002228e x26:0x0000000a
        7685000	       669	800034fc	41f0d513	srai	x10,x1,0x1f	  x1:0x8002228e x10=0xffffffff
        7695000	       670	80003500	1afd	c.addi	x21,-1	 x21:0x00000000 x21=0xffffffff
        7705000	       671	80003502	0001	c.addi	x0,0	  x0:0x00000000  x0=0x00000000
        7715000	       672	80003504	6e47be93	sltiu	x29,x15,1764	 x15:0xffffffff x29=0x00000000
        7755000	       676	80003508	03949e33	mulh	x28,x9,x25	  x9:0x9000035d x25:0x80025ce4 x28=0x37fef5ad
        7765000	       677	8000350c	011433b3	sltu	x7,x8,x17	  x8:0x00000000 x17:0xc74784b0  x7=0x00000001
        7775000	       678	80003510	01e86f33	or	x30,x16,x30	 x16:0x80000000 x30:0x00000000 x30=0x80000000
        8145000	       715	80003514	029dc033	div	x0,x27,x9	 x27:0x80000000  x9:0x9000035d  x0=0x00000000
        8155000	       716	80003518	0ff0000f	fence	iorw,iorw	
        8175000	       718	8000351c	0208d933	divu	x18,x17,x0	 x17:0xc74784b0  x0:0x00000000 x18=0xffffffff
        8185000	       719	80003520	8fcd	c.or	x15,x11	 x15:0xffffffff x11:0x6ffe15cc x15=0xffffffff
        8195000	       720	80003522	60293393	sltiu	x7,x18,1538	 x18:0xffffffff  x7=0x00000000
        8205000	       721	80003526	0000100f	fence.i	
        8225000	       723	8000352a	e39d	c.bnez	x15,80003550	 x15:0xffffffff
        8605000	       761	80003550	03a86633	rem	x12,x16,x26	 x16:0x80000000 x26:0x0000000a x12=0xfffffff8
        8615000	       762	80003554	07da	c.slli	x15,0x16	 x15:0xffffffff x15=0xffc00000
        8985000	       799	80003556	0334e433	rem	x8,x9,x19	  x9:0x9000035d x19:0x80021e64  x8=0x9000035d
        9355000	       836	8000355a	0248fa33	remu	x20,x17,x4	 x17:0xc74784b0  x4:0xffffffff x20=0xc74784b0
        9365000	       837	8000355e	9d4e	c.add	x26,x19	 x26:0x0000000a x19:0x80021e64 x26=0x80021e6e
        9375000	       838	80003560	023ede63	bge	x29,x3,8000359c	 x29:0x00000000  x3:0x900001b3
        9395000	       840	8000359c	000dda13	srli	x20,x27,0x0	 x27:0x80000000 x20=0x80000000
        9765000	       877	800035a0	02984633	div	x12,x16,x9	 x16:0x80000000  x9:0x9000035d x12=0x00000001
        9775000	       878	800035a4	02d85e63	bge	x16,x13,800035e0	 x16:0x80000000 x13:0x00000000
       10145000	       915	800035a8	02934c33	div	x24,x6,x9	  x6:0x0000118a  x9:0x9000035d x24=0x00000000
       10155000	       916	800035ac	8c2d	c.xor	x8,x11	  x8:0x9000035d x11:0x6ffe15cc  x8=0xfffe1691
       10165000	       917	800035ae	67c9	c.lui	x15,0x12	 x15=0x00012000
       10175000	       918	800035b0	41288533	sub	x10,x17,x18	 x17:0xc74784b0 x18:0xffffffff x10=0xc74784b1
       10185000	       919	800035b4	027ef863	bgeu	x29,x7,800035e4	 x29:0x00000000  x7:0x00000000
       10205000	       921	800035e4	0277ed63	bltu	x15,x7,8000361e	 x15:0x00012000  x7:0x00000000
       10215000	       922	800035e8	c710ce17	auipc	x28,0xc710c	 x28=0x4710f5e8
       10245000	       925	800035ec	03a407b3	mul	x15,x8,x26	  x8:0xfffe1691 x26:0x80021e6e x15=0x72f4b04e
       10255000	       926	800035f0	4931	c.li	x18,12	 x18=0x0000000c
       10265000	       927	800035f2	8e49	c.or	x12,x10	 x12:0x00000001 x10:0xc74784b1 x12=0xc74784b1
       10275000	       928	800035f4	03776563	bltu	x14,x23,8000361e	 x14:0x00000000 x23:0x5f45d4c0
       10665000	       967	8000361e	02ad6e33	rem	x28,x26,x10	 x26:0x80021e6e x10:0xc74784b1 x28=0xf173150c
       10675000	       968	80003622	0001	c.addi	x0,0	  x0:0x00000000  x0=0x00000000
       11045000	      1005	80003624	036bc033	div	x0,x23,x22	 x23:0x5f45d4c0 x22:0xfc67f801  x0=0x00000000
       11055000	      1006	80003628	41ec5533	sra	x10,x24,x30	 x24:0x00000000 x30:0x80000000 x10=0x00000000
       11065000	      1007	8000362c	8fdd	c.or	x15,x15	 x15:0x72f4b04e x15:0x72f4b04e x15=0x72f4b04e
       11075000	      1008	8000362e	f3da8113	addi	x2,x21,-195	 x21:0xffffffff  x2=0xffffff3c
       11105000	      1011	80003632	03338b33	mul	x22,x7,x19	  x7:0x00000000 x19:0x80021e64 x22=0x00000000
       11115000	      1012	80003636	8d81	c.sub	x11,x8	 x11:0x6ffe15cc  x8:0xfffe1691 x11=0x6fffff3b
       11125000	      1013	80003638	c5c98d13	addi	x26,x19,-932	 x19:0x80021e64 x26=0x80021ac0
       11135000	      1014	8000363c	197d	c.addi	x18,-1	 x18:0x0000000c x18=0x0000000b
       11145000	      1015	8000363e	407f5113	srai	x2,x30,0x7	 x30:0x80000000  x2=0xff000000
       11155000	      1016	80003642	03ab8b63	beq	x23,x26,80003678	 x23:0x5f45d4c0 x26:0x80021ac0
       11165000	      1017	80003646	70e8f293	andi	x5,x17,1806	 x17:0xc74784b0  x5=0x00000400
       11185000	      1019	8000364a	038a61b3	rem	x3,x20,x24	 x20:0x80000000 x24:0x00000000  x3=0x80000000
       11195000	      1020	8000364e	004a42b3	xor	x5,x20,x4	 x20:0x80000000  x4:0xffffffff  x5=0x7fffffff
       11205000	      1021	80003652	017ebab3	sltu	x21,x29,x23	 x29:0x00000000 x23:0x5f45d4c0 x21=0x00000001
       11215000	      1022	80003656	9ab6	c.add	x21,x13	 x21:0x00000001 x13:0x00000000 x21=0x00000001
       11225000	      1023	80003658	02674c63	blt	x14,x6,80003690	 x14:0x00000000  x6:0x0000118a
       11275000	      1028	80003690	02983a33	mulhu	x20,x16,x9	 x16:0x80000000  x9:0x9000035d x20=0x480001ae
       11295000	      1030	80003694	03dfc5b3	div	x11,x31,x29	 x31:0x80021e63 x29:0x00000000 x11=0xffffffff
       11305000	      1031	80003698	01bd9863	bne	x27,x27,800036a8	 x27:0x80000000 x27:0x80000000
       11315000	      1032	8000369c	0000100f	fence.i	
       11335000	      1034	800036a0	00d03633	sltu	x12,x0,x13	  x0:0x00000000 x13:0x00000000 x12=0x00000000
       11345000	      1035	800036a4	011a58b3	srl	x17,x20,x17	 x20:0x480001ae x17:0xc74784b0 x17=0x00004800
       11715000	      1072	800036a8	037ed133	divu	x2,x29,x23	 x29:0x00000000 x23:0x5f45d4c0  x2=0x00000000
       11725000	      1073	800036ac	01544c63	blt	x8,x21,800036c4	  x8:0xfffe1691 x21:0x00000001
       11745000	      1075	800036c4	e1deee93	ori	x29,x29,-483	 x29:0x00000000 x29=0xfffffe1d
       11755000	      1076	800036c8	0000100f	fence.i	
       11775000	      1078	800036cc	e4a1	c.bnez	x9,80003714	  x9:0x9000035d
       11795000	      1080	80003714	617d	c.addi16sp	x2,496	  x2:0x00000000  x2=0x000001f0
       11805000	      1081	80003716	0001	c.addi	x0,0	  x0:0x00000000  x0=0x00000000
       11815000	      1082	80003718	00e165b3	or	x11,x2,x14	  x2:0x000001f0 x14:0x00000000 x11=0x000001f0
       11825000	      1083	8000371c	01638e33	add	x28,x7,x22	  x7:0x00000000 x22:0x00000000 x28=0x00000000
       11835000	      1084	80003720	581ffe97	auipc	x29,0x581ff	 x29=0xd8202720
       11865000	      1087	80003724	03d98c33	mul	x24,x19,x29	 x19:0x80021e64 x29:0xd8202720 x24=0x7f650880
       11875000	      1088	80003728	b92eda17	auipc	x20,0xb92ed	 x20=0x392f0728
       11885000	      1089	8000372c	00f96563	bltu	x18,x15,80003736	 x18:0x0000000b x15:0x72f4b04e
       11945000	      1095	80003736	02f836b3	mulhu	x13,x16,x15	 x16:0x80000000 x15:0x72f4b04e x13=0x397a5827
       11955000	      1096	8000373a	0ff0000f	fence	iorw,iorw	
       11965000	      1097	8000373e	01d96663	bltu	x18,x29,8000374a	 x18:0x0000000b x29:0xd8202720
       11995000	      1100	8000374a	41cd8d33	sub	x26,x27,x28	 x27:0x80000000 x28:0x00000000 x26=0x80000000
       12005000	      1101	8000374e	002797b3	sll	x15,x15,x2	 x15:0x72f4b04e  x2:0x000001f0 x15=0xb04e0000
       12015000	      1102	80003752	00fe1293	slli	x5,x28,0xf	 x28:0x00000000  x5=0x00000000
       12025000	      1103	80003756	01bbc363	blt	x23,x27,8000375c	 x23:0x5f45d4c0 x27:0x80000000
       12035000	      1104	8000375a	717d	c.addi16sp	x2,-16	  x2:0x000001f0  x2=0x000001e0
       12045000	      1105	8000375c	ba0ec493	xori	x9,x29,-1120	 x29:0xd8202720  x9=0x27dfdc80
       12055000	      1106	80003760	0115a633	slt	x12,x11,x17	 x11:0x000001f0 x17:0x00004800 x12=0x00000001
       12065000	      1107	80003764	6879	c.lui	x16,0x1e	 x16=0x0001e000
       12435000	      1144	80003766	037aebb3	rem	x23,x21,x23	 x21:0x00000001 x23:0x5f45d4c0 x23=0x00000001
       12445000	      1145	8000376a	8df2a293	slti	x5,x5,-1825	  x5:0x00000000  x5=0x00000000
       12455000	      1146	8000376e	8f99	c.sub	x15,x14	 x15:0xb04e0000 x14:0x00000000 x15=0xb04e0000
       12465000	      1147	80003770	028c0763	beq	x24,x8,8000379e	 x24:0x7f650880  x8:0xfffe1691
       12475000	      1148	80003774	0c8c	c.addi4spn	x11,x2,592	 x11=0x00000430
       12485000	      1149	80003776	517d	c.li	x2,-1	  x2=0xffffffff
       12495000	      1150	80003778	00daad33	slt	x26,x21,x13	 x21:0x00000001 x13:0x397a5827 x26=0x00000001
       12505000	      1151	8000377c	971a	c.add	x14,x6	 x14:0x00000000  x6:0x0000118a x14=0x0000118a
       12515000	      1152	8000377e	4180d2b3	sra	x5,x1,x24	  x1:0x8002228e x24:0x7f650880  x5=0x8002228e
       12525000	      1153	80003782	03047d63	bgeu	x8,x16,800037bc	  x8:0xfffe1691 x16:0x0001e000
       12545000	      1155	800037bc	0001	c.addi	x0,0	  x0:0x00000000  x0=0x00000000
       12555000	      1156	800037be	0ff0000f	fence	iorw,iorw	
       12565000	      1157	800037c2	00df6eb3	or	x29,x30,x13	 x30:0x80000000 x13:0x397a5827 x29=0xb97a5827
       12575000	      1158	800037c6	00c65e63	bge	x12,x12,800037e2	 x12:0x00000001 x12:0x00000001
       12605000	      1161	800037e2	006ab633	sltu	x12,x21,x6	 x21:0x00000001  x6:0x0000118a x12=0x00000001
       12615000	      1162	800037e6	01ea8863	beq	x21,x30,800037f6	 x21:0x00000001 x30:0x80000000
       12985000	      1199	800037ea	025d4933	div	x18,x26,x5	 x26:0x00000001  x5:0x8002228e x18=0x00000000
       13015000	      1202	800037ee	037c8ab3	mul	x21,x25,x23	 x25:0x80025ce4 x23:0x00000001 x21=0x80025ce4
       13055000	      1206	800037f2	03b994b3	mulh	x9,x19,x27	 x19:0x80021e64 x27:0x80000000  x9=0x3ffef0ce
       13065000	      1207	800037f6	05741163	bne	x8,x23,80003838	  x8:0xfffe1691 x23:0x00000001
       13085000	      1209	80003838	0188f8b3	and	x17,x17,x24	 x17:0x00004800 x24:0x7f650880 x17=0x00000800
       13095000	      1210	8000383c	0060e633	or	x12,x1,x6	  x1:0x8002228e  x6:0x0000118a x12=0x8002338e
       13105000	      1211	80003840	005ae833	or	x16,x21,x5	 x21:0x80025ce4  x5:0x8002228e x16=0x80027eee
       13115000	      1212	80003844	009165b3	or	x11,x2,x9	  x2:0xffffffff  x9:0x3ffef0ce x11=0xffffffff
       13125000	      1213	80003848	8dad	c.xor	x11,x11	 x11:0xffffffff x11:0xffffffff x11=0x00000000
       13135000	      1214	8000384a	8ff5	c.and	x15,x13	 x15:0xb04e0000 x13:0x397a5827 x15=0x304a0000
       13145000	      1215	8000384c	40eb8433	sub	x8,x23,x14	 x23:0x00000001 x14:0x0000118a  x8=0xffffee77
       13515000	      1252	80003850	037af533	remu	x10,x21,x23	 x21:0x80025ce4 x23:0x00000001 x10=0x00000000
       13525000	      1253	80003854	0001	c.addi	x0,0	  x0:0x00000000  x0=0x00000000
       13895000	      1290	80003856	03a15033	divu	x0,x2,x26	  x2:0xffffffff x26:0x00000001  x0=0x00000000
       14265000	      1327	8000385a	025eeeb3	rem	x29,x29,x5	 x29:0xb97a5827  x5:0x8002228e x29=0xb97a5827
       14275000	      1328	8000385e	87e1	c.srai	x15,0x18	 x15:0x304a0000 x15=0x00000030
       14645000	      1365	80003860	03be56b3	divu	x13,x28,x27	 x28:0x00000000 x27:0x80000000 x13=0x00000000
       14655000	      1366	80003864	8d75	c.and	x10,x13	 x10:0x00000000 x13:0x00000000 x10=0x00000000
       14665000	      1367	80003866	60cd	c.lui	x1,0x13	  x1=0x00013000
       14675000	      1368	80003868	011eb433	sltu	x8,x29,x17	 x29:0xb97a5827 x17:0x00000800  x8=0x00000000
       14685000	      1369	8000386c	018fec33	or	x24,x31,x24	 x31:0x80021e63 x24:0x7f650880 x24=0xff671ee3
       14695000	      1370	80003870	4315	c.li	x6,5	  x6=0x00000005
       14705000	      1371	80003872	8db5	c.xor	x11,x13	 x11:0x00000000 x13:0x00000000 x11=0x00000000
       15075000	      1408	80003874	03b253b3	divu	x7,x4,x27	  x4:0xffffffff x27:0x80000000  x7=0x00000001
       15085000	      1409	80003878	15014c13	xori	x24,x2,336	  x2:0xffffffff x24=0xfffffeaf
       15095000	      1410	8000387c	00109133	sll	x2,x1,x1	  x1:0x00013000  x1:0x00013000  x2=0x00013000
       15465000	      1447	80003880	02eee0b3	rem	x1,x29,x14	 x29:0xb97a5827 x14:0x0000118a  x1=0xffffee83
       15475000	      1448	80003884	008d9863	bne	x27,x8,80003894	 x27:0x80000000  x8:0x00000000
       15495000	      1450	80003894	01d87863	bgeu	x16,x29,800038a4	 x16:0x80027eee x29:0xb97a5827
       15505000	      1451	80003898	0ff0000f	fence	iorw,iorw	
       15525000	      1453	8000389c	028d7d33	remu	x26,x26,x8	 x26:0x00000001  x8:0x00000000 x26=0x00000001
       15535000	      1454	800038a0	407a0c33	sub	x24,x20,x7	 x20:0x392f0728  x7:0x00000001 x24=0x392f0727
       15545000	      1455	800038a4	019bdd33	srl	x26,x23,x25	 x23:0x00000001 x25:0x80025ce4 x26=0x00000000
       15915000	      1492	800038a8	0224df33	divu	x30,x9,x2	  x9:0x3ffef0ce  x2:0x00013000 x30=0x000035e4
       15925000	      1493	800038ac	c08d	c.beqz	x9,800038ce	  x9:0x3ffef0ce
       15935000	      1494	800038ae	0000100f	fence.i	
       15965000	      1497	800038b2	0000c533	xor	x10,x1,x0	  x1:0xffffee83  x0:0x00000000 x10=0xffffee83
       15975000	      1498	800038b6	67d1	c.lui	x15,0x14	 x15=0x00014000
       15985000	      1499	800038b8	01c61d13	slli	x26,x12,0x1c	 x12:0x8002338e x26=0xe0000000
       15995000	      1500	800038bc	0163da63	bge	x7,x22,800038d0	  x7:0x00000001 x22:0x00000000
       16015000	      1502	800038d0	8beb4f93	xori	x31,x22,-1858	 x22:0x00000000 x31=0xfffff8be
       16025000	      1503	800038d4	01eb1413	slli	x8,x22,0x1e	 x22:0x00000000  x8=0x00000000
       16035000	      1504	800038d8	03f66063	bltu	x12,x31,800038f8	 x12:0x8002338e x31:0xfffff8be
       16055000	      1506	800038f8	00899113	slli	x2,x19,0x8	 x19:0x80021e64  x2=0x021e6400
       16065000	      1507	800038fc	0026c3b3	xor	x7,x13,x2	 x13:0x00000000  x2:0x021e6400  x7=0x021e6400
       16075000	      1508	80003900	0164fd63	bgeu	x9,x22,8000391a	  x9:0x3ffef0ce x22:0x00000000
       16105000	      1511	8000391a	d9aa7893	andi	x17,x20,-614	 x20:0x392f0728 x17=0x392f0508
       16115000	      1512	8000391e	01e59d33	sll	x26,x11,x30	 x11:0x00000000 x30:0x000035e4 x26=0x00000000
       16125000	      1513	80003922	e409	c.bnez	x8,8000392c	  x8:0x00000000
       16135000	      1514	80003924	01ceefb3	or	x31,x29,x28	 x29:0xb97a5827 x28:0x00000000 x31=0xb97a5827
       16145000	      1515	80003928	03c25463	bge	x4,x28,80003950	  x4:0xffffffff x28:0x00000000
       16155000	      1516	8000392c	0bfe	c.slli	x23,0x1f	 x23:0x00000001 x23=0x80000000
       16175000	      1518	8000392e	03aaf3b3	remu	x7,x21,x26	 x21:0x80025ce4 x26:0x00000000  x7=0x80025ce4
       16185000	      1519	80003932	03970b63	beq	x14,x25,80003968	 x14:0x0000118a x25:0x80025ce4
       16195000	      1520	80003936	8d21	c.xor	x10,x8	 x10:0xffffee83  x8:0x00000000 x10=0xffffee83
       16225000	      1523	80003938	02e30eb3	mul	x29,x6,x14	  x6:0x00000005 x14:0x0000118a x29=0x000057b2
       16235000	      1524	8000393c	04ba	c.slli	x9,0xe	  x9:0x3ffef0ce  x9=0xbc338000
       16245000	      1525	8000393e	034c1363	bne	x24,x20,80003964	 x24:0x392f0727 x20:0x392f0728
       16265000	      1527	80003964	03287e63	bgeu	x16,x18,800039a0	 x16:0x80027eee x18:0x00000000
       16285000	      1529	800039a0	0278f563	bgeu	x17,x7,800039ca	 x17:0x392f0508  x7:0x80025ce4
       16295000	      1530	800039a4	603e2093	slti	x1,x28,1539	 x28:0x00000000  x1=0x00000001
       16305000	      1531	800039a8	8cc9	c.or	x9,x10	  x9:0xbc338000 x10:0xffffee83  x9=0xffffee83
       16315000	      1532	800039aa	0446	c.slli	x8,0x11	  x8:0x00000000  x8=0x00000000
       16325000	      1533	800039ac	06b5	c.addi	x13,13	 x13:0x00000000 x13=0x0000000d
       16335000	      1534	800039ae	00510263	beq	x2,x5,800039b2	  x2:0x021e6400  x5:0x8002228e
       16345000	      1535	800039b2	00c384b3	add	x9,x7,x12	  x7:0x80025ce4 x12:0x8002338e  x9=0x00049072
       16355000	      1536	800039b6	6e9d4013	xori	x0,x26,1769	 x26:0x00000000  x0=0x00000000
       16365000	      1537	800039ba	028f7663	bgeu	x30,x8,800039e6	 x30:0x000035e4  x8:0x00000000
       16395000	      1540	800039e6	04486063	bltu	x16,x4,80003a26	 x16:0x80027eee  x4:0xffffffff
       16785000	      1579	80003a26	03d06b33	rem	x22,x0,x29	  x0:0x00000000 x29:0x000057b2 x22=0x00000000
       16825000	      1583	80003a2a	037b98b3	mulh	x17,x23,x23	 x23:0x80000000 x23:0x80000000 x17=0x40000000
       16835000	      1584	80003a2e	0066e733	or	x14,x13,x6	 x13:0x0000000d  x6:0x00000005 x14=0x0000000d
       16845000	      1585	80003a32	9a7d	c.andi	x12,-1	 x12:0x8002338e x12=0x8002338e
       16855000	      1586	80003a34	40a5	c.li	x1,9	  x1=0x00000009
       16865000	      1587	80003a36	0b80	c.addi4spn	x8,x2,464	  x8=0x021e65d0
       16875000	      1588	80003a38	8c09	c.sub	x8,x10	  x8:0x021e65d0 x10:0xffffee83  x8=0x021e774d
       16885000	      1589	80003a3a	02f1fa63	bgeu	x3,x15,80003a6e	  x3:0x80000000 x15:0x00014000
       16915000	      1592	80003a6e	014ad793	srli	x15,x21,0x14	 x21:0x80025ce4 x15=0x00000800
       16925000	      1593	80003a72	0001	c.addi	x0,0	  x0:0x00000000  x0=0x00000000
       16935000	      1594	80003a74	8e29	c.xor	x12,x10	 x12:0x8002338e x10:0xffffee83 x12=0x7ffddd0d
       16945000	      1595	80003a76	0ff0000f	fence	iorw,iorw	
       16955000	      1596	80003a7a	00ef76b3	and	x13,x30,x14	 x30:0x000035e4 x14:0x0000000d x13=0x00000004
       16965000	      1597	80003a7e	88e5	c.andi	x9,25	  x9:0x00049072  x9=0x00000010
       16975000	      1598	80003a80	03cad363	bge	x21,x28,80003aa6	 x21:0x80025ce4 x28:0x00000000
       16985000	      1599	80003a84	01d6da93	srli	x21,x13,0x1d	 x13:0x00000004 x21=0x00000000
       16995000	      1600	80003a88	9425a393	slti	x7,x11,-1726	 x11:0x00000000  x7=0x00000000
       17005000	      1601	80003a8c	8cbd	c.xor	x9,x15	  x9:0x00000010 x15:0x00000800  x9=0x00000810
       17015000	      1602	80003a8e	ef01	c.bnez	x14,80003aa6	 x14:0x0000000d
       17045000	      1605	80003aa6	413c8233	sub	x4,x25,x19	 x25:0x80025ce4 x19:0x80021e64  x4=0x00003e80
       17055000	      1606	80003aaa	0000100f	fence.i	
       17085000	      1609	80003aae	01e25263	bge	x4,x30,80003ab2	  x4:0x00003e80 x30:0x000035e4
       17475000	      1648	80003ab2	02d05a33	divu	x20,x0,x13	  x0:0x00000000 x13:0x00000004 x20=0x00000000
       17485000	      1649	80003ab6	7a1e0813	addi	x16,x28,1953	 x28:0x00000000 x16=0x000007a1
       17495000	      1650	80003aba	06fe	c.slli	x13,0x1f	 x13:0x00000004 x13=0x00000000
       17865000	      1687	80003abc	025ff0b3	remu	x1,x31,x5	 x31:0xb97a5827  x5:0x8002228e  x1=0x39783599
       17875000	      1688	80003ac0	8799	c.srai	x15,0x6	 x15:0x00000800 x15=0x00000020
       17885000	      1689	80003ac2	ef8d	c.bnez	x15,80003afc	 x15:0x00000020
       17905000	      1691	80003afc	03161e63	bne	x12,x17,80003b38	 x12:0x7ffddd0d x17:0x40000000
       17955000	      1696	80003b38	02f61ab3	mulh	x21,x12,x15	 x12:0x7ffddd0d x15:0x00000020 x21=0x0000000f
       17965000	      1697	80003b3c	850f1297	auipc	x5,0x850f1	  x5=0x050f4b3c
       17985000	      1699	80003b40	02b268b3	rem	x17,x4,x11	  x4:0x00003e80 x11:0x00000000 x17=0x00003e80
       17995000	      1700	80003b44	40705193	srai	x3,x0,0x7	  x0:0x00000000  x3=0x00000000
       18005000	      1701	80003b48	00f4c0b3	xor	x1,x9,x15	  x9:0x00000810 x15:0x00000020  x1=0x00000830
       18045000	      1705	80003b4c	037a9d33	mulh	x26,x21,x23	 x21:0x0000000f x23:0x80000000 x26=0xfffffff8
       18415000	      1742	80003b50	021c5eb3	divu	x29,x24,x1	 x24:0x392f0727  x1:0x00000830 x29=0x0006fbf9
       18425000	      1743	80003b54	01191433	sll	x8,x18,x17	 x18:0x00000000 x17:0x00003e80  x8=0x00000000
       18795000	      1780	80003b58	03797e33	remu	x28,x18,x23	 x18:0x00000000 x23:0x80000000 x28=0x00000000
       18805000	      1781	80003b5c	4d35	c.li	x26,13	 x26=0x0000000d
       18815000	      1782	80003b5e	000ca833	slt	x16,x25,x0	 x25:0x80025ce4  x0:0x00000000 x16=0x00000001
       18825000	      1783	80003b62	8fe2	c.mv	x31,x24	  x0:0x00000000 x24:0x392f0727 x31=0x392f0727
       18865000	      1787	80003b64	037c2733	mulhsu	x14,x24,x23	 x24:0x392f0727 x23:0x80000000 x14=0x1c978393
       18875000	      1788	80003b68	8d0a	c.mv	x26,x2	  x0:0x00000000  x2:0x021e6400 x26=0x021e6400
       18885000	      1789	80003b6a	9bfd	c.andi	x15,-1	 x15:0x00000020 x15=0x00000020
       18895000	      1790	80003b6c	e099	c.bnez	x9,80003b72	  x9:0x00000810
       18925000	      1793	80003b72	03977163	bgeu	x14,x25,80003b94	 x14:0x1c978393 x25:0x80025ce4
       18935000	      1794	80003b76	0001	c.addi	x0,0	  x0:0x00000000  x0=0x00000000
       18945000	      1795	80003b78	017f4233	xor	x4,x30,x23	 x30:0x000035e4 x23:0x80000000  x4=0x800035e4
       18955000	      1796	80003b7c	0094b433	sltu	x8,x9,x9	  x9:0x00000810  x9:0x00000810  x8=0x00000000
       18965000	      1797	80003b80	0000100f	fence.i	
       19015000	      1802	80003b84	0354b733	mulhu	x14,x9,x21	  x9:0x00000810 x21:0x0000000f x14=0x00000000
       19025000	      1803	80003b88	57dcab93	slti	x23,x25,1405	 x25:0x80025ce4 x23=0x00000001
       19035000	      1804	80003b8c	717d	c.addi16sp	x2,-16	  x2:0x021e6400  x2=0x021e63f0
       19045000	      1805	80003b8e	8ebd	c.xor	x13,x15	 x13:0x00000000 x15:0x00000020 x13=0x00000020
       19055000	      1806	80003b90	004c22b3	slt	x5,x24,x4	 x24:0x392f0727  x4:0x800035e4  x5=0x00000000
       19065000	      1807	80003b94	d564fe13	andi	x28,x9,-682	  x9:0x00000810 x28=0x00000810
       19075000	      1808	80003b98	046a	c.slli	x8,0x1a	  x8:0x00000000  x8=0x00000000
       19085000	      1809	80003b9a	877d	c.srai	x14,0x1f	 x14:0x00000000 x14=0x00000000
       19095000	      1810	80003b9c	03b60a63	beq	x12,x27,80003bd0	 x12:0x7ffddd0d x27:0x80000000
       19105000	      1811	80003ba0	017fd463	bge	x31,x23,80003ba8	 x31:0x392f0727 x23:0x00000001
       19125000	      1813	80003ba8	ec09	c.bnez	x8,80003bc2	  x8:0x00000000
       19135000	      1814	80003baa	03615263	bge	x2,x22,80003bce	  x2:0x021e63f0 x22:0x00000000
       19155000	      1816	80003bce	6c15	c.lui	x24,0x5	 x24=0x00005000
       19165000	      1817	80003bd0	016a4963	blt	x20,x22,80003be2	 x20:0x00000000 x22:0x00000000
       19175000	      1818	80003bd4	405c5933	sra	x18,x24,x5	 x24:0x00005000  x5:0x00000000 x18=0x00005000
       19185000	      1819	80003bd8	8a56	c.mv	x20,x21	  x0:0x00000000 x21:0x0000000f x20=0x0000000f
       19225000	      1823	80003bda	039513b3	mulh	x7,x10,x25	 x10:0xffffee83 x25:0x80025ce4  x7=0x000008be
       19235000	      1824	80003bde	009a10b3	sll	x1,x20,x9	 x20:0x0000000f  x9:0x00000810  x1=0x000f0000
       19245000	      1825	80003be2	4cdd3b13	sltiu	x22,x26,1229	 x26:0x021e6400 x22=0x00000000
       19255000	      1826	80003be6	00b7dc63	bge	x15,x11,80003bfe	 x15:0x00000020 x11:0x00000000
       19285000	      1829	80003bfe	002f1213	slli	x4,x30,0x2	 x30:0x000035e4  x4=0x0000d790
       19295000	      1830	80003c02	aefe3e97	auipc	x29,0xaefe3	 x29=0x2efe6c02
       19305000	      1831	80003c06	05a5	c.addi	x11,9	 x11:0x00000000 x11=0x00000009
       19315000	      1832	80003c08	00a82133	slt	x2,x16,x10	 x16:0x00000001 x10:0xffffee83  x2=0x00000000
       19325000	      1833	80003c0c	86e5	c.srai	x13,0x19	 x13:0x00000020 x13=0x00000000
       19365000	      1837	80003c0e	023bb133	mulhu	x2,x23,x3	 x23:0x00000001  x3:0x00000000  x2=0x00000000
       19375000	      1838	80003c12	e97b0597	auipc	x11,0xe97b0	 x11=0x697b3c12
       19385000	      1839	80003c16	8ec5	c.or	x13,x9	 x13:0x00000000  x9:0x00000810 x13=0x00000810
       19395000	      1840	80003c18	01f35093	srli	x1,x6,0x1f	  x6:0x00000005  x1=0x00000000
       19435000	      1844	80003c1c	02e11eb3	mulh	x29,x2,x14	  x2:0x00000000 x14:0x00000000 x29=0x00000000
       19445000	      1845	80003c20	06ee2713	slti	x14,x28,110	 x28:0x00000810 x14=0x00000000
       19455000	      1846	80003c24	40400b33	sub	x22,x0,x4	  x0:0x00000000  x4:0x0000d790 x22=0xffff2870
       19465000	      1847	80003c28	8d2d	c.xor	x10,x11	 x10:0xffffee83 x11:0x697b3c12 x10=0x9684d291
       19475000	      1848	80003c2a	04fa0063	beq	x20,x15,80003c6a	 x20:0x0000000f x15:0x00000020
       19485000	      1849	80003c2e	41260e33	sub	x28,x12,x18	 x12:0x7ffddd0d x18:0x00005000 x28=0x7ffd8d0d
       19495000	      1850	80003c32	cf99	c.beqz	x15,80003c50	 x15:0x00000020
       19505000	      1851	80003c34	1ffd	c.addi	x31,-1	 x31:0x392f0727 x31=0x392f0726
       19515000	      1852	80003c36	01627f63	bgeu	x4,x22,80003c54	  x4:0x0000d790 x22:0xffff2870
       19525000	      1853	80003c3a	616d	c.addi16sp	x2,240	  x2:0x00000000  x2=0x000000f0
       19535000	      1854	80003c3c	49c6c013	xori	x0,x13,1180	 x13:0x00000810  x0=0x00000000
       19545000	      1855	80003c40	e499	c.bnez	x9,80003c4e	  x9:0x00000810
       19565000	      1857	80003c4e	8c21	c.xor	x8,x8	  x8:0x00000000  x8:0x00000000  x8=0x00000000
       19575000	      1858	80003c50	01e60133	add	x2,x12,x30	 x12:0x7ffddd0d x30:0x000035e4  x2=0x7ffe12f1
       19605000	      1861	80003c54	034c02b3	mul	x5,x24,x20	 x24:0x00005000 x20:0x0000000f  x5=0x0004b000
       19615000	      1862	80003c58	41f78833	sub	x16,x15,x31	 x15:0x00000020 x31:0x392f0726 x16=0xc6d0f8fa
       19625000	      1863	80003c5c	6339	c.lui	x6,0xe	  x6=0x0000e000
       19635000	      1864	80003c5e	3fa54797	auipc	x15,0x3fa54	 x15=0xbfa57c5e
       19645000	      1865	80003c62	00457c33	and	x24,x10,x4	 x10:0x9684d291  x4:0x0000d790 x24=0x0000d290
       19655000	      1866	80003c66	01e134b3	sltu	x9,x2,x30	  x2:0x7ffe12f1 x30:0x000035e4  x9=0x00000000
       19665000	      1867	80003c6a	717d	c.addi16sp	x2,-16	  x2:0x7ffe12f1  x2=0x7ffe12e1
       19675000	      1868	80003c6c	006b66b3	or	x13,x22,x6	 x22:0xffff2870  x6:0x0000e000 x13=0xffffe870
       19685000	      1869	80003c70	03c9	c.addi	x7,18	  x7:0x000008be  x7=0x000008d0
       19695000	      1870	80003c72	78d64693	xori	x13,x12,1933	 x12:0x7ffddd0d x13=0x7ffdda80
       19725000	      1873	80003c76	038607b3	mul	x15,x12,x24	 x12:0x7ffddd0d x24:0x0000d290 x15=0x3e210150
       19735000	      1874	80003c7a	94c2	c.add	x9,x16	  x9:0x00000000 x16:0xc6d0f8fa  x9=0xc6d0f8fa
       19745000	      1875	80003c7c	02ba6463	bltu	x20,x11,80003ca4	 x20:0x0000000f x11:0x697b3c12
       20125000	      1913	80003ca4	0369ce33	div	x28,x19,x22	 x19:0x80021e64 x22:0xffff2870 x28=0x00009800
       20135000	      1914	80003ca8	03935e63	bge	x6,x25,80003ce4	  x6:0x0000e000 x25:0x80025ce4
       20155000	      1916	80003ce4	0c22	c.slli	x24,0x8	 x24:0x0000d290 x24=0x00d29000
       20165000	      1917	80003ce6	038e7363	bgeu	x28,x24,80003d0c	 x28:0x00009800 x24:0x00d29000
       20175000	      1918	80003cea	8c8d	c.sub	x9,x11	  x9:0xc6d0f8fa x11:0x697b3c12  x9=0x5d55bce8
       20185000	      1919	80003cec	0001	c.addi	x0,0	  x0:0x00000000  x0=0x00000000
       20195000	      1920	80003cee	fc5d0d13	addi	x26,x26,-59	 x26:0x021e6400 x26=0x021e63c5
       20205000	      1921	80003cf2	01c6db13	srli	x22,x13,0x1c	 x13:0x7ffdda80 x22=0x00000007
       20215000	      1922	80003cf6	0001	c.addi	x0,0	  x0:0x00000000  x0=0x00000000
       20225000	      1923	80003cf8	01f2e733	or	x14,x5,x31	  x5:0x0004b000 x31:0x392f0726 x14=0x392fb726
       20235000	      1924	80003cfc	00761a33	sll	x20,x12,x7	 x12:0x7ffddd0d  x7:0x000008d0 x20=0xdd0d0000
       20245000	      1925	80003d00	e501	c.bnez	x10,80003d08	 x10:0x9684d291
       20265000	      1927	80003d08	4bf13393	sltiu	x7,x2,1215	  x2:0x7ffe12e1  x7=0x00000000
       20305000	      1931	80003d0c	026eb4b3	mulhu	x9,x29,x6	 x29:0x00000000  x6:0x0000e000  x9=0x00000000
       20315000	      1932	80003d10	c385	c.beqz	x15,80003d30	 x15:0x3e210150
       20325000	      1933	80003d12	8e31	c.xor	x12,x12	 x12:0x7ffddd0d x12:0x7ffddd0d x12=0x00000000
       20335000	      1934	80003d14	8ed1	c.or	x13,x12	 x13:0x7ffdda80 x12:0x00000000 x13=0x7ffdda80
       20375000	      1938	80003d16	0228b2b3	mulhu	x5,x17,x2	 x17:0x00003e80  x2:0x7ffe12e1  x5=0x00001f3f
       20385000	      1939	80003d1a	01e625b3	slt	x11,x12,x30	 x12:0x00000000 x30:0x000035e4 x11=0x00000001
       20395000	      1940	80003d1e	deffc593	xori	x11,x31,-529	 x31:0x392f0726 x11=0xc6d0fac9
       20405000	      1941	80003d22	00253233	sltu	x4,x10,x2	 x10:0x9684d291  x2:0x7ffe12e1  x4=0x00000000
       20415000	      1942	80003d26	8d61	c.and	x10,x8	 x10:0x9684d291  x8:0x00000000 x10=0x00000000
       20425000	      1943	80003d28	01682f33	slt	x30,x16,x22	 x16:0xc6d0f8fa x22:0x00000007 x30=0x00000001
       20435000	      1944	80003d2c	0093f233	and	x4,x7,x9	  x7:0x00000000  x9:0x00000000  x4=0x00000000
       20445000	      1945	80003d30	01015f33	srl	x30,x2,x16	  x2:0x7ffe12e1 x16:0xc6d0f8fa x30=0x0000001f
       20455000	      1946	80003d34	1d2d7813	andi	x16,x26,466	 x26:0x021e63c5 x16=0x000001c0
       20465000	      1947	80003d38	013c0663	beq	x24,x19,80003d44	 x24:0x00d29000 x19:0x80021e64
       20475000	      1948	80003d3c	8fed	c.and	x15,x11	 x15:0x3e210150 x11:0xc6d0fac9 x15=0x06000040
       20485000	      1949	80003d3e	8d8d	c.sub	x11,x11	 x11:0xc6d0fac9 x11:0xc6d0fac9 x11=0x00000000
       20495000	      1950	80003d40	41710e33	sub	x28,x2,x23	  x2:0x7ffe12e1 x23:0x00000001 x28=0x7ffe12e0
       20535000	      1954	80003d44	021c3eb3	mulhu	x29,x24,x1	 x24:0x00d29000  x1:0x00000000 x29=0x00000000
       20545000	      1955	80003d48	e1e6c213	xori	x4,x13,-482	 x13:0x7ffdda80  x4=0x8002249e
       20555000	      1956	80003d4c	008e8863	beq	x29,x8,80003d5c	 x29:0x00000000  x8:0x00000000
       20575000	      1958	80003d5c	03601563	bne	x0,x22,80003d86	  x0:0x00000000 x22:0x00000007
       20605000	      1961	80003d86	01e99793	slli	x15,x19,0x1e	 x19:0x80021e64 x15=0x00000000
       20615000	      1962	80003d8a	e0c6f517	auipc	x10,0xe0c6f	 x10=0x60c72d8a
       20625000	      1963	80003d8e	02374863	blt	x14,x3,80003dbe	 x14:0x392fb726  x3:0x00000000
       20635000	      1964	80003d92	6789	c.lui	x15,0x2	 x15=0x00002000
       20645000	      1965	80003d94	8841	c.andi	x8,16	  x8:0x00000000  x8=0x00000000
       20655000	      1966	80003d96	41355313	srai	x6,x10,0x13	 x10:0x60c72d8a  x6=0x00000c18
       20665000	      1967	80003d9a	87c1	c.srai	x15,0x10	 x15:0x00002000 x15=0x00000000
       20675000	      1968	80003d9c	011ac633	xor	x12,x21,x17	 x21:0x0000000f x17:0x00003e80 x12=0x00003e8f
       20685000	      1969	80003da0	0ff0000f	fence	iorw,iorw	
       21055000	      2006	80003da4	03a0dbb3	divu	x23,x1,x26	  x1:0x00000000 x26:0x021e63c5 x23=0x00000000
       21065000	      2007	80003da8	3bf60a13	addi	x20,x12,959	 x12:0x00003e8f x20=0x0000424e
       21075000	      2008	80003dac	637d	c.lui	x6,0x1f	  x6=0x0001f000
       21085000	      2009	80003dae	0001	c.addi	x0,0	  x0:0x00000000  x0=0x00000000
       21095000	      2010	80003db0	ca0d	c.beqz	x12,80003de2	 x12:0x00003e8f
       21105000	      2011	80003db2	002cf263	bgeu	x25,x2,80003db6	 x25:0x80025ce4  x2:0x7ffe12e1
       21165000	      2017	80003db6	03a73e33	mulhu	x28,x14,x26	 x14:0x392fb726 x26:0x021e63c5 x28=0x0079294f
       21175000	      2018	80003dba	0001d393	srli	x7,x3,0x0	  x3:0x00000000  x7=0x00000000
       21185000	      2019	80003dbe	00018563	beq	x3,x0,80003dc8	  x3:0x00000000  x0:0x00000000
       21205000	      2021	80003dc8	c1d9b913	sltiu	x18,x19,-995	 x19:0x80021e64 x18=0x00000001
       21215000	      2022	80003dcc	717d	c.addi16sp	x2,-16	  x2:0x7ffe12e1  x2=0x7ffe12d1
       21245000	      2025	80003dce	022a8533	mul	x10,x21,x2	 x21:0x0000000f  x2:0x7ffe12d1 x10=0x7fe31a3f
       21255000	      2026	80003dd2	117d	c.addi	x2,-1	  x2:0x7ffe12d1  x2=0x7ffe12d0
       21265000	      2027	80003dd4	61b5	c.lui	x3,0xd	  x3=0x0000d000
       21275000	      2028	80003dd6	36a88f13	addi	x30,x17,874	 x17:0x00003e80 x30=0x000041ea
       21295000	      2030	80003dda	037d50b3	divu	x1,x26,x23	 x26:0x021e63c5 x23:0x00000000  x1=0xffffffff
       21305000	      2031	80003dde	03d36963	bltu	x6,x29,80003e10	  x6:0x0001f000 x29:0x00000000
       21315000	      2032	80003de2	01bed213	srli	x4,x29,0x1b	 x29:0x00000000  x4=0x00000000
       21325000	      2033	80003de6	8f4d	c.or	x14,x11	 x14:0x392fb726 x11:0x00000000 x14=0x392fb726
       21335000	      2034	80003de8	0248d063	bge	x17,x4,80003e08	 x17:0x00003e80  x4:0x00000000
       21355000	      2036	80003e08	019635b3	sltu	x11,x12,x25	 x12:0x00003e8f x25:0x80025ce4 x11=0x00000001
       21395000	      2040	80003e0c	0290ab33	mulhsu	x22,x1,x9	  x1:0xffffffff  x9:0x00000000 x22=0x00000000
       21405000	      2041	80003e10	04bf8363	beq	x31,x11,80003e56	 x31:0x392f0726 x11:0x00000001
       21415000	      2042	80003e14	8f85	c.sub	x15,x9	 x15:0x00000000  x9:0x00000000 x15=0x00000000
       21455000	      2046	80003e16	039c2333	mulhsu	x6,x24,x25	 x24:0x00d29000 x25:0x80025ce4  x6=0x006949f1
       21465000	      2047	80003e1a	01537833	and	x16,x6,x21	  x6:0x006949f1 x21:0x0000000f x16=0x00000001
       21475000	      2048	80003e1e	8d21	c.xor	x10,x8	 x10:0x7fe31a3f  x8:0x00000000 x10=0x7fe31a3f
       21485000	      2049	80003e20	031e4e63	blt	x28,x17,80003e5c	 x28:0x0079294f x17:0x00003e80
       21495000	      2050	80003e24	00fc6233	or	x4,x24,x15	 x24:0x00d29000 x15:0x00000000  x4=0x00d29000
       21505000	      2051	80003e28	e399	c.bnez	x15,80003e2e	 x15:0x00000000
       21515000	      2052	80003e2a	fc168e13	addi	x28,x13,-63	 x13:0x7ffdda80 x28=0x7ffdda41
       21525000	      2053	80003e2e	000ed793	srli	x15,x29,0x0	 x29:0x00000000 x15=0x00000000
       21535000	      2054	80003e32	717d	c.addi16sp	x2,-16	  x2:0x7ffe12d0  x2=0x7ffe12c0
       21545000	      2055	80003e34	019c0b33	add	x22,x24,x25	 x24:0x00d29000 x25:0x80025ce4 x22=0x80d4ece4
       21555000	      2056	80003e38	b15b7493	andi	x9,x22,-1259	 x22:0x80d4ece4  x9=0x80d4e804
       21585000	      2059	80003e3c	033c0633	mul	x12,x24,x19	 x24:0x00d29000 x19:0x80021e64 x12=0x1f204000
       21595000	      2060	80003e40	855bdab7	lui	x21,0x855bd	 x21=0x855bd000
       21635000	      2064	80003e44	031e35b3	mulhu	x11,x28,x17	 x28:0x7ffdda41 x17:0x00003e80 x11=0x00001f3f
       21645000	      2065	80003e48	9f8a7113	andi	x2,x20,-1544	 x20:0x0000424e  x2=0x00004048
       21655000	      2066	80003e4c	706f64b7	lui	x9,0x706f6	  x9=0x706f6000
       21685000	      2069	80003e50	03b188b3	mul	x17,x3,x27	  x3:0x0000d000 x27:0x80000000 x17=0x00000000
       21695000	      2070	80003e54	1800	c.addi4spn	x8,x2,48	  x8=0x00004078
       21705000	      2071	80003e56	e80d	c.bnez	x8,80003e88	  x8:0x00004078
       22085000	      2109	80003e88	0298cd33	div	x26,x17,x9	 x17:0x00000000  x9:0x706f6000 x26=0x00000000
       22095000	      2110	80003e8c	ca81	c.beqz	x13,80003e9c	 x13:0x7ffdda80
       22105000	      2111	80003e8e	f6e21217	auipc	x4,0xf6e21	  x4=0x76e24e8e
       22115000	      2112	80003e92	411d8433	sub	x8,x27,x17	 x27:0x80000000 x17:0x00000000  x8=0x80000000
       22125000	      2113	80003e96	54689f17	auipc	x30,0x54689	 x30=0xd468ce96
       22135000	      2114	80003e9a	0001	c.addi	x0,0	  x0:0x00000000  x0=0x00000000
       22175000	      2118	80003e9c	023a90b3	mulh	x1,x21,x3	 x21:0x855bd000  x3:0x0000d000  x1=0xffff9c5a
       22185000	      2119	80003ea0	0ff0000f	fence	iorw,iorw	
       22195000	      2120	80003ea4	00be5933	srl	x18,x28,x11	 x28:0x7ffdda41 x11:0x00001f3f x18=0x00000000
       22205000	      2121	80003ea8	4785	c.li	x15,1	 x15=0x00000001
       22215000	      2122	80003eaa	4107da13	srai	x20,x15,0x10	 x15:0x00000001 x20=0x00000000
       22225000	      2123	80003eae	411783b3	sub	x7,x15,x17	 x15:0x00000001 x17:0x00000000  x7=0x00000001
       22235000	      2124	80003eb2	41c1	c.li	x3,16	  x3=0x00000010
       22245000	      2125	80003eb4	8849	c.andi	x8,18	  x8:0x80000000  x8=0x00000000
       22255000	      2126	80003eb6	6131	c.addi16sp	x2,320	  x2:0x00004048  x2=0x00004188
       22265000	      2127	80003eb8	86b5	c.srai	x13,0xd	 x13:0x7ffdda80 x13=0x0003ffee
       22295000	      2130	80003eba	02288e33	mul	x28,x17,x2	 x17:0x00000000  x2:0x00004188 x28=0x00000000
       22305000	      2131	80003ebe	ae6a0a93	addi	x21,x20,-1306	 x20:0x00000000 x21=0xfffffae6
       22315000	      2132	80003ec2	005d2733	slt	x14,x26,x5	 x26:0x00000000  x5:0x00001f3f x14=0x00000001
       22325000	      2133	80003ec6	717d	c.addi16sp	x2,-16	  x2:0x00004188  x2=0x00004178
       22335000	      2134	80003ec8	4043de93	srai	x29,x7,0x4	  x7:0x00000001 x29=0x00000000
       22345000	      2135	80003ecc	00686333	or	x6,x16,x6	 x16:0x00000001  x6:0x006949f1  x6=0x006949f1
       22385000	      2139	80003ed0	025bb0b3	mulhu	x1,x23,x5	 x23:0x00000000  x5:0x00001f3f  x1=0x00000000
       22395000	      2140	80003ed4	821a	c.mv	x4,x6	  x0:0x00000000  x6:0x006949f1  x4=0x006949f1
       22405000	      2141	80003ed6	00642433	slt	x8,x8,x6	  x8:0x00000000  x6:0x006949f1  x8=0x00000001
       22415000	      2142	80003eda	6e9b3e93	sltiu	x29,x22,1769	 x22:0x80d4ece4 x29=0x00000000
       22425000	      2143	80003ede	01695413	srli	x8,x18,0x16	 x18:0x00000000  x8=0x00000000
       22435000	      2144	80003ee2	05f0c063	blt	x1,x31,80003f22	  x1:0x00000000 x31:0x392f0726
       22465000	      2147	80003f22	02229a63	bne	x5,x2,80003f56	  x5:0x00001f3f  x2:0x00004178
       22485000	      2149	80003f56	0001	c.addi	x0,0	  x0:0x00000000  x0=0x00000000
       22495000	      2150	80003f58	018f56b3	srl	x13,x30,x24	 x30:0xd468ce96 x24:0x00d29000 x13=0xd468ce96
       22505000	      2151	80003f5c	0ff0000f	fence	iorw,iorw	
       22515000	      2152	80003f60	1d18	c.addi4spn	x14,x2,688	 x14=0x00004428
       22525000	      2153	80003f62	00890ab3	add	x21,x18,x8	 x18:0x00000000  x8:0x00000000 x21=0x00000000
       22535000	      2154	80003f66	191c	c.addi4spn	x15,x2,176	 x15=0x00004228
       22565000	      2157	80003f68	02290133	mul	x2,x18,x2	 x18:0x00000000  x2:0x00004178  x2=0x00000000
       22575000	      2158	80003f6c	4fff3a13	sltiu	x20,x30,1279	 x30:0xd468ce96 x20=0x00000000
       22585000	      2159	80003f70	012a8c33	add	x24,x21,x18	 x21:0x00000000 x18:0x00000000 x24=0x00000000
       22595000	      2160	80003f74	0d98	c.addi4spn	x14,x2,720	 x14=0x000002d0
       22615000	      2162	80003f76	02025bb3	divu	x23,x4,x0	  x4:0x006949f1  x0:0x00000000 x23=0xffffffff
       22655000	      2166	80003f7a	03142433	mulhsu	x8,x8,x17	  x8:0x00000000 x17:0x00000000  x8=0x00000000
       22665000	      2167	80003f7e	8c21	c.xor	x8,x8	  x8:0x00000000  x8:0x00000000  x8=0x00000000
       22675000	      2168	80003f80	e8871b17	auipc	x22,0xe8871	 x22=0x68874f80
       22685000	      2169	80003f84	00ba4433	xor	x8,x20,x11	 x20:0x00000000 x11:0x00001f3f  x8=0x00001f3f
       22695000	      2170	80003f88	0e98	c.addi4spn	x14,x2,848	 x14=0x00000350
       22705000	      2171	80003f8a	0182ec33	or	x24,x5,x24	  x5:0x00001f3f x24:0x00000000 x24=0x00001f3f
       22715000	      2172	80003f8e	51fd	c.li	x3,-1	  x3=0xffffffff
       22725000	      2173	80003f90	03ab4163	blt	x22,x26,80003fb2	 x22:0x68874f80 x26:0x00000000
       22735000	      2174	80003f94	0000100f	fence.i	
       22755000	      2176	80003f98	670d	c.lui	x14,0x3	 x14=0x00003000
       22765000	      2177	80003f9a	0001	c.addi	x0,0	  x0:0x00000000  x0=0x00000000
       22775000	      2178	80003f9c	4069d593	srai	x11,x19,0x6	 x19:0x80021e64 x11=0xfe000879
       22785000	      2179	80003fa0	ea99	c.bnez	x13,80003fb6	 x13:0xd468ce96
       22815000	      2182	80003fb6	00ff7e63	bgeu	x30,x15,80003fd2	 x30:0xd468ce96 x15:0x00004228
       22845000	      2185	80003fd2	0ff0000f	fence	iorw,iorw	
       22855000	      2186	80003fd6	859a	c.mv	x11,x6	  x0:0x00000000  x6:0x006949f1 x11=0x006949f1
       22865000	      2187	80003fd8	03e4f263	bgeu	x9,x30,80003ffc	  x9:0x706f6000 x30:0xd468ce96
       22875000	      2188	80003fdc	76d47893	andi	x17,x8,1901	  x8:0x00001f3f x17=0x0000072d
       22885000	      2189	80003fe0	03711463	bne	x2,x23,80004008	  x2:0x00000000 x23:0xffffffff
       22905000	      2191	80004008	01615e93	srli	x29,x2,0x16	  x2:0x00000000 x29=0x00000000
       22915000	      2192	8000400c	01653d33	sltu	x26,x10,x22	 x10:0x7fe31a3f x22:0x68874f80 x26=0x00000000
       22925000	      2193	80004010	a3360b37	lui	x22,0xa3360	 x22=0xa3360000
       22935000	      2194	80004014	0000100f	fence.i	
       22955000	      2196	80004018	c031	c.beqz	x8,8000405c	  x8:0x00001f3f
       22965000	      2197	8000401a	8639	c.srai	x12,0xe	 x12:0x1f204000 x12=0x00007c81
       22975000	      2198	8000401c	013a9ab3	sll	x21,x21,x19	 x21:0x00000000 x19:0x80021e64 x21=0x00000000
       22985000	      2199	80004020	0001	c.addi	x0,0	  x0:0x00000000  x0=0x00000000
       23025000	      2203	80004022	03cbb3b3	mulhu	x7,x23,x28	 x23:0xffffffff x28:0x00000000  x7=0x00000000
       23035000	      2204	80004026	050c	c.addi4spn	x11,x2,640	 x11=0x00000280
       23045000	      2205	80004028	c0e28017	auipc	x0,0xc0e28	  x0=0x00000000
       23055000	      2206	8000402c	023bdb63	bge	x23,x3,80004062	 x23:0xffffffff  x3:0xffffffff
       23085000	      2209	80004062	41248fb3	sub	x31,x9,x18	  x9:0x706f6000 x18:0x00000000 x31=0x706f6000
       23095000	      2210	80004066	0302e263	bltu	x5,x16,8000408a	  x5:0x00001f3f x16:0x00000001
       23105000	      2211	8000406a	2b825317	auipc	x6,0x2b825	  x6=0xab82906a
       23115000	      2212	8000406e	86e9	c.srai	x13,0x1a	 x13:0xd468ce96 x13=0xfffffff5
       23125000	      2213	80004070	0490	c.addi4spn	x12,x2,576	 x12=0x00000240
       23135000	      2214	80004072	b9224293	xori	x5,x4,-1134	  x4:0x006949f1  x5=0xff96b263
       23145000	      2215	80004076	0594	c.addi4spn	x13,x2,704	 x13=0x000002c0
       23175000	      2218	80004078	033005b3	mul	x11,x0,x19	  x0:0x00000000 x19:0x80021e64 x11=0x00000000
       23185000	      2219	8000407c	8d65	c.and	x10,x9	 x10:0x7fe31a3f  x9:0x706f6000 x10=0x70630000
       23195000	      2220	8000407e	01808463	beq	x1,x24,80004086	  x1:0x00000000 x24:0x00001f3f
       23205000	      2221	80004082	1f94	c.addi4spn	x13,x2,1008	 x13=0x000003f0
       23215000	      2222	80004084	826d	c.srli	x12,0x1b	 x12:0x00000240 x12=0x00000000
       23225000	      2223	80004086	11f4fb13	andi	x22,x9,287	  x9:0x706f6000 x22=0x00000000
       23245000	      2225	8000408a	02784a33	div	x20,x16,x7	 x16:0x00000001  x7:0x00000000 x20=0xffffffff
       23255000	      2226	8000408e	4f3d	c.li	x30,15	 x30=0x0000000f
       23265000	      2227	80004090	4e08bb13	sltiu	x22,x17,1248	 x17:0x0000072d x22=0x00000000
       23275000	      2228	80004094	41eb0533	sub	x10,x22,x30	 x22:0x00000000 x30:0x0000000f x10=0xfffffff1
       23285000	      2229	80004098	03a25563	bge	x4,x26,800040c2	  x4:0x006949f1 x26:0x00000000
       23305000	      2231	800040c2	0001	c.addi	x0,0	  x0:0x00000000  x0=0x00000000
       23315000	      2232	800040c4	86b9	c.srai	x13,0xe	 x13:0x000003f0 x13=0x00000000
       23325000	      2233	800040c6	01bc64b3	or	x9,x24,x27	 x24:0x00001f3f x27:0x80000000  x9=0x80001f3f
       23335000	      2234	800040ca	6d8e2393	slti	x7,x28,1752	 x28:0x00000000  x7=0x00000001
       23345000	      2235	800040ce	00904f63	blt	x0,x9,800040ec	  x0:0x00000000  x9:0x80001f3f
       23355000	      2236	800040d2	8ca1	c.xor	x9,x8	  x9:0x80001f3f  x8:0x00001f3f  x9=0x80000000
       23395000	      2240	800040d4	034621b3	mulhsu	x3,x12,x20	 x12:0x00000000 x20:0xffffffff  x3=0x00000000
       23435000	      2244	800040d8	035831b3	mulhu	x3,x16,x21	 x16:0x00000001 x21:0x00000000  x3=0x00000000
       23465000	      2247	800040dc	02778ab3	mul	x21,x15,x7	 x15:0x00004228  x7:0x00000001 x21=0x00004228
       23475000	      2248	800040e0	73760e13	addi	x28,x12,1847	 x12:0x00000000 x28=0x00000737
       23485000	      2249	800040e4	587d	c.li	x16,-1	 x16=0xffffffff
       23495000	      2250	800040e6	613d	c.addi16sp	x2,480	  x2:0x00000000  x2=0x000001e0
       23505000	      2251	800040e8	0ddb6713	ori	x14,x22,221	 x22:0x00000000 x14=0x000000dd
       23515000	      2252	800040ec	41a1d493	srai	x9,x3,0x1a	  x3:0x00000000  x9=0x00000000
       23525000	      2253	800040f0	000be763	bltu	x23,x0,800040fe	 x23:0xffffffff  x0:0x00000000
       23535000	      2254	800040f4	00ee4663	blt	x28,x14,80004100	 x28:0x00000737 x14:0x000000dd
       23545000	      2255	800040f8	0c348e93	addi	x29,x9,195	  x9:0x00000000 x29=0x000000c3
       23555000	      2256	800040fc	6151	c.addi16sp	x2,272	  x2:0x000001e0  x2=0x000002f0
       23565000	      2257	800040fe	c691	c.beqz	x13,8000410a	 x13:0x00000000
       23605000	      2261	8000410a	020b5633	divu	x12,x22,x0	 x22:0x00000000  x0:0x00000000 x12=0xffffffff
       23615000	      2262	8000410e	8551	c.srai	x10,0x14	 x10:0xfffffff1 x10=0xffffffff
       23625000	      2263	80004110	0eb5b193	sltiu	x3,x11,235	 x11:0x00000000  x3=0x00000001
       23635000	      2264	80004114	006b5a13	srli	x20,x22,0x6	 x22:0x00000000 x20=0x00000000
       23645000	      2265	80004118	8c01	c.sub	x8,x8	  x8:0x00001f3f  x8:0x00001f3f  x8=0x00000000
       23655000	      2266	8000411a	0ff0000f	fence	iorw,iorw	
       23665000	      2267	8000411e	03d56b63	bltu	x10,x29,80004154	 x10:0xffffffff x29:0x000000c3
       23675000	      2268	80004122	55abc093	xori	x1,x23,1370	 x23:0xffffffff  x1=0xfffffaa5
       23685000	      2269	80004126	03f2f513	andi	x10,x5,63	  x5:0xff96b263 x10=0x00000023
       23695000	      2270	8000412a	04e5	c.addi	x9,25	  x9:0x00000000  x9=0x00000019
       23705000	      2271	8000412c	0001	c.addi	x0,0	  x0:0x00000000  x0=0x00000000
       23715000	      2272	8000412e	023c8363	beq	x25,x3,80004154	 x25:0x80025ce4  x3:0x00000001
       23725000	      2273	80004132	022a5363	bge	x20,x2,80004158	 x20:0x00000000  x2:0x000002f0
       23735000	      2274	80004136	01d63333	sltu	x6,x12,x29	 x12:0xffffffff x29:0x000000c3  x6=0x00000000
       23745000	      2275	8000413a	7d9e6513	ori	x10,x28,2009	 x28:0x00000737 x10=0x000007ff
       23755000	      2276	8000413e	00d4f3b3	and	x7,x9,x13	  x9:0x00000019 x13:0x00000000  x7=0x00000000
       23795000	      2280	80004142	02ea9a33	mulh	x20,x21,x14	 x21:0x00004228 x14:0x000000dd x20=0x00000000
       23805000	      2281	80004146	0162b133	sltu	x2,x5,x22	  x5:0xff96b263 x22:0x00000000  x2=0x00000000
       23815000	      2282	8000414a	61c1	c.lui	x3,0x10	  x3=0x00010000
       23825000	      2283	8000414c	016cd893	srli	x17,x25,0x16	 x25:0x80025ce4 x17=0x00000200
       23835000	      2284	80004150	013fa133	slt	x2,x31,x19	 x31:0x706f6000 x19:0x80021e64  x2=0x00000000
       23855000	      2286	80004154	0270d2b3	divu	x5,x1,x7	  x1:0xfffffaa5  x7:0x00000000  x5=0xffffffff
       23865000	      2287	80004158	411a5f33	sra	x30,x20,x17	 x20:0x00000000 x17:0x00000200 x30=0x00000000
       23875000	      2288	8000415c	717d	c.addi16sp	x2,-16	  x2:0x00000000  x2=0xfffffff0
       23885000	      2289	8000415e	017de8b3	or	x17,x27,x23	 x27:0x80000000 x23:0xffffffff x17=0xffffffff
       23925000	      2293	80004162	03aa3bb3	mulhu	x23,x20,x26	 x20:0x00000000 x26:0x00000000 x23=0x00000000
       23935000	      2294	80004166	66b9	c.lui	x13,0xe	 x13=0x0000e000
       24305000	      2331	80004168	03baf733	remu	x14,x21,x27	 x21:0x00004228 x27:0x80000000 x14=0x00004228
       24315000	      2332	8000416c	0116dd63	bge	x13,x17,80004186	 x13:0x0000e000 x17:0xffffffff
       24335000	      2334	80004186	0a52	c.slli	x20,0x14	 x20:0x00000000 x20=0x00000000
       24705000	      2371	80004188	02965733	divu	x14,x12,x9	 x12:0xffffffff  x9:0x00000019 x14=0x0a3d70a3
       24715000	      2372	8000418c	03780263	beq	x16,x23,800041b0	 x16:0xffffffff x23:0x00000000
       24725000	      2373	80004190	6bf55b17	auipc	x22,0x6bf55	 x22=0xebf59190
       24735000	      2374	80004194	862a	c.mv	x12,x10	  x0:0x00000000 x10:0x000007ff x12=0x000007ff
       24745000	      2375	80004196	22dd3293	sltiu	x5,x26,557	 x26:0x00000000  x5=0x00000001
       24755000	      2376	8000419a	0001	c.addi	x0,0	  x0:0x00000000  x0=0x00000000
       24765000	      2377	8000419c	0ff0000f	fence	iorw,iorw	
       24775000	      2378	800041a0	03e1de63	bge	x3,x30,800041dc	  x3:0x00010000 x30:0x00000000
       24795000	      2380	800041dc	00196813	ori	x16,x18,1	 x18:0x00000000 x16=0x00000001
       24805000	      2381	800041e0	8f99	c.sub	x15,x14	 x15:0x00004228 x14:0x0a3d70a3 x15=0xf5c2d185
       24815000	      2382	800041e2	01ab6463	bltu	x22,x26,800041ea	 x22:0xebf59190 x26:0x00000000
       24825000	      2383	800041e6	014660b3	or	x1,x12,x20	 x12:0x000007ff x20:0x00000000  x1=0x000007ff
       24835000	      2384	800041ea	02e44563	blt	x8,x14,80004214	  x8:0x00000000 x14:0x0a3d70a3
       24855000	      2386	80004214	26de3b13	sltiu	x22,x28,621	 x28:0x00000737 x22=0x00000000
       24865000	      2387	80004218	6f45	c.lui	x30,0x11	 x30=0x00011000
       24875000	      2388	8000421a	8d55	c.or	x10,x13	 x10:0x000007ff x13:0x0000e000 x10=0x0000e7ff
       24885000	      2389	8000421c	92e2	c.add	x5,x24	  x5:0x00000001 x24:0x00001f3f  x5=0x00001f40
       24895000	      2390	8000421e	eb09	c.bnez	x14,80004230	 x14:0x0a3d70a3
       24915000	      2392	80004230	00cae863	bltu	x21,x12,80004240	 x21:0x00004228 x12:0x000007ff
       24925000	      2393	80004234	10fd	c.addi	x1,-1	  x1:0x000007ff  x1=0x000007fe
       24935000	      2394	80004236	0d3e	c.slli	x26,0xf	 x26:0x00000000 x26=0x00000000
       24945000	      2395	80004238	0001	c.addi	x0,0	  x0:0x00000000  x0=0x00000000
       24955000	      2396	8000423a	ed85	c.bnez	x11,80004272	 x11:0x00000000
       24965000	      2397	8000423c	0322e963	bltu	x5,x18,8000426e	  x5:0x00001f40 x18:0x00000000
       25005000	      2401	80004240	026ba533	mulhsu	x10,x23,x6	 x23:0x00000000  x6:0x00000000 x10=0x00000000
       25015000	      2402	80004244	000e65b3	or	x11,x28,x0	 x28:0x00000737  x0:0x00000000 x11=0x00000737
       25025000	      2403	80004248	03ef9b63	bne	x31,x30,8000427e	 x31:0x706f6000 x30:0x00011000
       25065000	      2407	8000427e	03a5d533	divu	x10,x11,x26	 x11:0x00000737 x26:0x00000000 x10=0xffffffff
       25075000	      2408	80004282	4f3d	c.li	x30,15	 x30=0x0000000f
       25085000	      2409	80004284	00a62733	slt	x14,x12,x10	 x12:0x000007ff x10:0xffffffff x14=0x00000000
       25095000	      2410	80004288	4112d393	srai	x7,x5,0x11	  x5:0x00001f40  x7=0x00000000
       25135000	      2414	8000428c	021e2a33	mulhsu	x20,x28,x1	 x28:0x00000737  x1:0x000007fe x20=0x00000000
       25145000	      2415	80004290	04dd	c.addi	x9,23	  x9:0x00000019  x9=0x00000030
       25155000	      2416	80004292	8fe9	c.and	x15,x10	 x15:0xf5c2d185 x10:0xffffffff x15=0xf5c2d185
       25195000	      2420	80004294	03dd12b3	mulh	x5,x26,x29	 x26:0x00000000 x29:0x000000c3  x5=0x00000000
       25205000	      2421	80004298	0038c3b3	xor	x7,x17,x3	 x17:0xffffffff  x3:0x00010000  x7=0xfffeffff
       25215000	      2422	8000429c	008c4ab3	xor	x21,x24,x8	 x24:0x00001f3f  x8:0x00000000 x21=0x00001f3f
       25225000	      2423	800042a0	4bbb7f13	andi	x30,x22,1211	 x22:0x00000000 x30=0x00000000
       25235000	      2424	800042a4	02d9f563	bgeu	x19,x13,800042ce	 x19:0x80021e64 x13:0x0000e000
       25265000	      2427	800042ce	022b9963	bne	x23,x2,80004300	 x23:0x00000000  x2:0xfffffff0
       25285000	      2429	80004300	6169	c.addi16sp	x2,208	  x2:0xfffffff0  x2=0x000000c0
       25295000	      2430	80004302	8365	c.srli	x14,0x19	 x14:0x00000000 x14=0x00000000
       25305000	      2431	80004304	8fed	c.and	x15,x11	 x15:0xf5c2d185 x11:0x00000737 x15=0x00000105
       25315000	      2432	80004306	004ca533	slt	x10,x25,x4	 x25:0x80025ce4  x4:0x006949f1 x10=0x00000001
       25325000	      2433	8000430a	2a9b9237	lui	x4,0x2a9b9	  x4=0x2a9b9000
       25335000	      2434	8000430e	f3ef3e97	auipc	x29,0xf3ef3	 x29=0x73ef730e
       25345000	      2435	80004312	8fd5	c.or	x15,x13	 x15:0x00000105 x13:0x0000e000 x15=0x0000e105
       25355000	      2436	80004314	01a75833	srl	x16,x14,x26	 x14:0x00000000 x26:0x00000000 x16=0x00000000
       25365000	      2437	80004318	8c75	c.and	x8,x13	  x8:0x00000000 x13:0x0000e000  x8=0x00000000
       25385000	      2439	8000431a	02877733	remu	x14,x14,x8	 x14:0x00000000  x8:0x00000000 x14=0x00000000
       25395000	      2440	8000431e	00371033	sll	x0,x14,x3	 x14:0x00000000  x3:0x00010000  x0=0x00000000
       25405000	      2441	80004322	0001	c.addi	x0,0	  x0:0x00000000  x0=0x00000000
       25415000	      2442	80004324	01533fb3	sltu	x31,x6,x21	  x6:0x00000000 x21:0x00001f3f x31=0x00000001
       25455000	      2446	80004328	02cd1bb3	mulh	x23,x26,x12	 x26:0x00000000 x12:0x000007ff x23=0x00000000
       25465000	      2447	8000432c	4859	c.li	x16,22	 x16=0x00000016
       25835000	      2484	8000432e	02aeffb3	remu	x31,x29,x10	 x29:0x73ef730e x10:0x00000001 x31=0x00000000
       25845000	      2485	80004332	05b79063	bne	x15,x27,80004372	 x15:0x0000e105 x27:0x80000000
       25875000	      2488	80004372	4d0bc893	xori	x17,x23,1232	 x23:0x00000000 x17=0x000004d0
       25885000	      2489	80004376	03950c63	beq	x10,x25,800043ae	 x10:0x00000001 x25:0x80025ce4
       25895000	      2490	8000437a	0000100f	fence.i	
       25915000	      2492	8000437e	0b98	c.addi4spn	x14,x2,464	 x14=0x00000290
       25935000	      2494	80004380	028b6e33	rem	x28,x22,x8	 x22:0x00000000  x8:0x00000000 x28=0x00000000
       25945000	      2495	80004384	41acd313	srai	x6,x25,0x1a	 x25:0x80025ce4  x6=0xffffffe0
       26315000	      2532	80004388	03d17633	remu	x12,x2,x29	  x2:0x000000c0 x29:0x73ef730e x12=0x000000c0
       26325000	      2533	8000438c	8ea9	c.xor	x13,x10	 x13:0x0000e000 x10:0x00000001 x13=0x0000e001
       26335000	      2534	8000438e	0001	c.addi	x0,0	  x0:0x00000000  x0=0x00000000
       26345000	      2535	80004390	e309	c.bnez	x14,80004392	 x14:0x00000290
       26365000	      2537	80004392	8d91	c.sub	x11,x12	 x11:0x00000737 x12:0x000000c0 x11=0x00000677
       26375000	      2538	80004394	9d16	c.add	x26,x5	 x26:0x00000000  x5:0x00000000 x26=0x00000000
       26385000	      2539	80004396	00cfd293	srli	x5,x31,0xc	 x31:0x00000000  x5=0x00000000
       26395000	      2540	8000439a	717d	c.addi16sp	x2,-16	  x2:0x000000c0  x2=0x000000b0
       26425000	      2543	8000439c	02a80d33	mul	x26,x16,x10	 x16:0x00000016 x10:0x00000001 x26=0x00000016
       26435000	      2544	800043a0	8f65	c.and	x14,x9	 x14:0x00000290  x9:0x00000030 x14=0x00000010
       26445000	      2545	800043a2	52fd	c.li	x5,-1	  x5=0xffffffff
       26455000	      2546	800043a4	85a5	c.srai	x11,0x9	 x11:0x00000677 x11=0x00000003
       26465000	      2547	800043a6	00c3bc33	sltu	x24,x7,x12	  x7:0xfffeffff x12:0x000000c0 x24=0x00000000
       26475000	      2548	800043aa	00e2ef63	bltu	x5,x14,800043c8	  x5:0xffffffff x14:0x00000010
       26485000	      2549	800043ae	00754f63	blt	x10,x7,800043cc	 x10:0x00000001  x7:0xfffeffff
       26495000	      2550	800043b2	117d	c.addi	x2,-1	  x2:0x000000b0  x2=0x000000af
       26865000	      2587	800043b4	025350b3	divu	x1,x6,x5	  x6:0xffffffe0  x5:0xffffffff  x1=0x00000000
       26875000	      2588	800043b8	e2bd2693	slti	x13,x26,-469	 x26:0x00000016 x13=0x00000000
       26895000	      2590	800043bc	032b4633	div	x12,x22,x18	 x22:0x00000000 x18:0x00000000 x12=0xffffffff
       26905000	      2591	800043c0	4265	c.li	x4,25	  x4=0x00000019
       26915000	      2592	800043c2	482e0713	addi	x14,x28,1154	 x28:0x00000000 x14=0x00000482
       26925000	      2593	800043c6	717d	c.addi16sp	x2,-16	  x2:0x000000af  x2=0x0000009f
       26935000	      2594	800043c8	8e05	c.sub	x12,x9	 x12:0xffffffff  x9:0x00000030 x12=0xffffffcf
       26945000	      2595	800043ca	1f9c	c.addi4spn	x15,x2,1008	 x15=0x0000048f
       26955000	      2596	800043cc	4119df33	sra	x30,x19,x17	 x19:0x80021e64 x17:0x000004d0 x30=0xffff8002
       26965000	      2597	800043d0	bc24be17	auipc	x28,0xbc24b	 x28=0x3c24f3d0
       26975000	      2598	800043d4	fabb8893	addi	x17,x23,-85	 x23:0x00000000 x17=0xffffffab
       26985000	      2599	800043d8	401cd693	srai	x13,x25,0x1	 x25:0x80025ce4 x13=0xc0012e72
       26995000	      2600	800043dc	03549963	bne	x9,x21,8000440e	  x9:0x00000030 x21:0x00001f3f
       27015000	      2602	8000440e	717d	c.addi16sp	x2,-16	  x2:0x0000009f  x2=0x0000008f
       27025000	      2603	80004410	de9d8413	addi	x8,x27,-535	 x27:0x80000000  x8=0x7ffffde9
       27035000	      2604	80004414	41fd8c33	sub	x24,x27,x31	 x27:0x80000000 x31:0x00000000 x24=0x80000000
       27045000	      2605	80004418	e411	c.bnez	x8,80004424	  x8:0x7ffffde9
       27065000	      2607	80004424	006fe863	bltu	x31,x6,80004434	 x31:0x00000000  x6:0xffffffe0
       27085000	      2609	80004434	8da1	c.xor	x11,x8	 x11:0x00000003  x8:0x7ffffde9 x11=0x7ffffdea
       27095000	      2610	80004436	8c39	c.xor	x8,x14	  x8:0x7ffffde9 x14:0x00000482  x8=0x7ffff96b
       27105000	      2611	80004438	010101b3	add	x3,x2,x16	  x2:0x0000008f x16:0x00000016  x3=0x000000a5
       27115000	      2612	8000443c	8ead	c.xor	x13,x11	 x13:0xc0012e72 x11:0x7ffffdea x13=0xbffed398
       27125000	      2613	8000443e	47d5	c.li	x15,21	 x15=0x00000015
       27135000	      2614	80004440	0001	c.addi	x0,0	  x0:0x00000000  x0=0x00000000
       27145000	      2615	80004442	8cb1	c.xor	x9,x12	  x9:0x00000030 x12:0xffffffcf  x9=0xffffffff
       27185000	      2619	80004444	02a01ab3	mulh	x21,x0,x10	  x0:0x00000000 x10:0x00000001 x21=0x00000000
       27195000	      2620	80004448	00e84833	xor	x16,x16,x14	 x16:0x00000016 x14:0x00000482 x16=0x00000494
       27205000	      2621	8000444c	79208c13	addi	x24,x1,1938	  x1:0x00000000 x24=0x00000792
       27235000	      2624	80004450	02428633	mul	x12,x5,x4	  x5:0xffffffff  x4:0x00000019 x12=0xffffffe7
       27245000	      2625	80004454	8f4d	c.or	x14,x11	 x14:0x00000482 x11:0x7ffffdea x14=0x7ffffdea
       27255000	      2626	80004456	fcbb8a13	addi	x20,x23,-53	 x23:0x00000000 x20=0xffffffcb
       27285000	      2629	8000445a	022b80b3	mul	x1,x23,x2	 x23:0x00000000  x2:0x0000008f  x1=0x00000000
       27295000	      2630	8000445e	6151	c.addi16sp	x2,272	  x2:0x0000008f  x2=0x0000019f
       27305000	      2631	80004460	0e5e	c.slli	x28,0x17	 x28:0x3c24f3d0 x28=0xe8000000
       27315000	      2632	80004462	00baf033	and	x0,x21,x11	 x21:0x00000000 x11:0x7ffffdea  x0=0x00000000
       27325000	      2633	80004466	1bfd	c.addi	x23,-1	 x23:0x00000000 x23=0xffffffff
       27335000	      2634	80004468	017fed63	bltu	x31,x23,80004482	 x31:0x00000000 x23:0xffffffff
       27365000	      2637	80004482	54ddf713	andi	x14,x27,1357	 x27:0x80000000 x14=0x00000000
       27375000	      2638	80004486	611d	c.addi16sp	x2,416	  x2:0x0000019f  x2=0x0000033f
       27745000	      2675	80004488	034fc5b3	div	x11,x31,x20	 x31:0x00000000 x20:0xffffffcb x11=0x00000000
       27755000	      2676	8000448c	ec4a2597	auipc	x11,0xec4a2	 x11=0x6c4a648c
       27795000	      2680	80004490	03cd1933	mulh	x18,x26,x28	 x26:0x00000016 x28:0xe8000000 x18=0xfffffffd
       27805000	      2681	80004494	406b58b3	sra	x17,x22,x6	 x22:0x00000000  x6:0xffffffe0 x17=0x00000000
       27815000	      2682	80004498	17d96813	ori	x16,x18,381	 x18:0xfffffffd x16=0xfffffffd
       27825000	      2683	8000449c	00e96663	bltu	x18,x14,800044a8	 x18:0xfffffffd x14:0x00000000
       27835000	      2684	800044a0	0054e733	or	x14,x9,x5	  x9:0xffffffff  x5:0xffffffff x14=0xffffffff
       27845000	      2685	800044a4	35ff2a13	slti	x20,x30,863	 x30:0xffff8002 x20=0x00000001
       27855000	      2686	800044a8	9da698b7	lui	x17,0x9da69	 x17=0x9da69000
       27865000	      2687	800044ac	0126a6b3	slt	x13,x13,x18	 x13:0xbffed398 x18:0xfffffffd x13=0x00000001
       27875000	      2688	800044b0	01aa37b3	sltu	x15,x20,x26	 x20:0x00000001 x26:0x00000016 x15=0x00000001
       27885000	      2689	800044b4	8ed1	c.or	x13,x12	 x13:0x00000001 x12:0xffffffe7 x13=0xffffffe7
       27895000	      2690	800044b6	0440e313	ori	x6,x1,68	  x1:0x00000000  x6=0x00000044
       27905000	      2691	800044ba	0000100f	fence.i	
       27925000	      2693	800044be	8fa1	c.xor	x15,x8	 x15:0x00000001  x8:0x7ffff96b x15=0x7ffff96a
       27935000	      2694	800044c0	0ff0000f	fence	iorw,iorw	
       27945000	      2695	800044c4	028dd863	bge	x27,x8,800044f4	 x27:0x80000000  x8:0x7ffff96b
       27985000	      2699	800044c8	02399633	mulh	x12,x19,x3	 x19:0x80021e64  x3:0x000000a5 x12=0xffffffad
       27995000	      2700	800044cc	e119	c.bnez	x10,800044d2	 x10:0x00000001
       28385000	      2739	800044d2	025c76b3	remu	x13,x24,x5	 x24:0x00000792  x5:0xffffffff x13=0x00000792
       28395000	      2740	800044d6	411b5513	srai	x10,x22,0x11	 x22:0x00000000 x10=0x00000000
       28405000	      2741	800044da	c599	c.beqz	x11,800044e8	 x11:0x6c4a648c
       28415000	      2742	800044dc	c98d	c.beqz	x11,8000450e	 x11:0x6c4a648c
       28785000	      2779	800044de	02756f33	rem	x30,x10,x7	 x10:0x00000000  x7:0xfffeffff x30=0x00000000
       28795000	      2780	800044e2	5a7d	c.li	x20,-1	 x20=0xffffffff
       28805000	      2781	800044e4	0173f6b3	and	x13,x7,x23	  x7:0xfffeffff x23:0xffffffff x13=0xfffeffff
       28815000	      2782	800044e8	8665	c.srai	x12,0x19	 x12:0xffffffad x12=0xffffffff
       28855000	      2786	800044ea	03a52633	mulhsu	x12,x10,x26	 x10:0x00000000 x26:0x00000016 x12=0x00000000
       28865000	      2787	800044ee	81d5	c.srli	x11,0x15	 x11:0x6c4a648c x11=0x00000362
       28875000	      2788	800044f0	01fb7a33	and	x20,x22,x31	 x22:0x00000000 x31:0x00000000 x20=0x00000000
       28885000	      2789	800044f4	717d	c.addi16sp	x2,-16	  x2:0x0000033f  x2=0x0000032f
       28925000	      2793	800044f6	027f3d33	mulhu	x26,x30,x7	 x30:0x00000000  x7:0xfffeffff x26=0x00000000
       28935000	      2794	800044fa	0001	c.addi	x0,0	  x0:0x00000000  x0=0x00000000
       28945000	      2795	800044fc	01cac033	xor	x0,x21,x28	 x21:0x00000000 x28:0xe8000000  x0=0x00000000
       28955000	      2796	80004500	84c9	c.srai	x9,0x12	  x9:0xffffffff  x9=0xffffffff
       28965000	      2797	80004502	00f8efb3	or	x31,x17,x15	 x17:0x9da69000 x15:0x7ffff96a x31=0xfffff96a
       28975000	      2798	80004506	008d7133	and	x2,x26,x8	 x26:0x00000000  x8:0x7ffff96b  x2=0x00000000
       28985000	      2799	8000450a	64ed	c.lui	x9,0x1b	  x9=0x0001b000
       28995000	      2800	8000450c	8d4d	c.or	x10,x11	 x10:0x00000000 x11:0x00000362 x10=0x00000362
       29005000	      2801	8000450e	c609	c.beqz	x12,80004518	 x12:0x00000000
       29025000	      2803	80004518	84d2	c.mv	x9,x20	  x0:0x00000000 x20:0x00000000  x9=0x00000000
       29035000	      2804	8000451a	02075663	bge	x14,x0,80004546	 x14:0xffffffff  x0:0x00000000
       29045000	      2805	8000451e	1b98	c.addi4spn	x14,x2,496	 x14=0x000001f0
       29055000	      2806	80004520	033d7763	bgeu	x26,x19,8000454e	 x26:0x00000000 x19:0x80021e64
       29065000	      2807	80004524	00bceb33	or	x22,x25,x11	 x25:0x80025ce4 x11:0x00000362 x22=0x80025fe6
       29075000	      2808	80004528	01b9e863	bltu	x19,x27,80004538	 x19:0x80021e64 x27:0x80000000
       29085000	      2809	8000452c	82f4c593	xori	x11,x9,-2001	  x9:0x00000000 x11=0xfffff82f
       29095000	      2810	80004530	033a5763	bge	x20,x19,8000455e	 x20:0x00000000 x19:0x80021e64
       29125000	      2813	8000455e	0067cbb3	xor	x23,x15,x6	 x15:0x7ffff96a  x6:0x00000044 x23=0x7ffff92e
       29165000	      2817	80004562	0386bfb3	mulhu	x31,x13,x24	 x13:0xfffeffff x24:0x00000792 x31=0x00000791
       29175000	      2818	80004566	004cfab3	and	x21,x25,x4	 x25:0x80025ce4  x4:0x00000019 x21=0x00000000
       29185000	      2819	8000456a	06e2	c.slli	x13,0x18	 x13:0xfffeffff x13=0xff000000
       29195000	      2820	8000456c	d5b7d217	auipc	x4,0xd5b7d	  x4=0x55b8156c
       29205000	      2821	80004570	73c80e13	addi	x28,x16,1852	 x16:0xfffffffd x28=0x00000739
       29215000	      2822	80004574	162e6713	ori	x14,x28,354	 x28:0x00000739 x14=0x0000077b
       29225000	      2823	80004578	6161	c.addi16sp	x2,80	  x2:0x00000000  x2=0x00000050
       29235000	      2824	8000457a	0000100f	fence.i	
       29295000	      2830	8000457e	0383be33	mulhu	x28,x7,x24	  x7:0xfffeffff x24:0x00000792 x28=0x00000791
       29305000	      2831	80004582	00807f33	and	x30,x0,x8	  x0:0x00000000  x8:0x7ffff96b x30=0x00000000
       29315000	      2832	80004586	004b41b3	xor	x3,x22,x4	 x22:0x80025fe6  x4:0x55b8156c  x3=0xd5ba4a8a
       29325000	      2833	8000458a	404c5393	srai	x7,x24,0x4	 x24:0x00000792  x7=0x00000079
       29335000	      2834	8000458e	987d	c.andi	x8,-1	  x8:0x7ffff96b  x8=0x7ffff96b
       29345000	      2835	80004590	01b398b3	sll	x17,x7,x27	  x7:0x00000079 x27:0x80000000 x17=0x00000079
       29355000	      2836	80004594	01c51e33	sll	x28,x10,x28	 x10:0x00000362 x28:0x00000791 x28=0x06c40000
       29365000	      2837	80004598	00b300b3	add	x1,x6,x11	  x6:0x00000044 x11:0xfffff82f  x1=0xfffff873
       29375000	      2838	8000459c	4036d813	srai	x16,x13,0x3	 x13:0xff000000 x16=0xffe00000
       29385000	      2839	800045a0	039cc063	blt	x25,x25,800045c0	 x25:0x80025ce4 x25:0x80025ce4
       29395000	      2840	800045a4	02d37863	bgeu	x6,x13,800045d4	  x6:0x00000044 x13:0xff000000
       29405000	      2841	800045a8	41098433	sub	x8,x19,x16	 x19:0x80021e64 x16:0xffe00000  x8=0x80221e64
       29415000	      2842	800045ac	0001	c.addi	x0,0	  x0:0x00000000  x0=0x00000000
       29425000	      2843	800045ae	9af2	c.add	x21,x28	 x21:0x00000000 x28:0x06c40000 x21=0x06c40000
       29465000	      2847	800045b0	03ae2d33	mulhsu	x26,x28,x26	 x28:0x06c40000 x26:0x00000000 x26=0x00000000
       29475000	      2848	800045b4	01ae3bb3	sltu	x23,x28,x26	 x28:0x06c40000 x26:0x00000000 x23=0x00000000
       29485000	      2849	800045b8	0001	c.addi	x0,0	  x0:0x00000000  x0=0x00000000
       29495000	      2850	800045ba	eb15	c.bnez	x14,800045ee	 x14:0x0000077b
       29555000	      2856	800045ee	02b390b3	mulh	x1,x7,x11	  x7:0x00000079 x11:0xfffff82f  x1=0xffffffff
       29565000	      2857	800045f2	4177dd33	sra	x26,x15,x23	 x15:0x7ffff96a x23:0x00000000 x26=0x7ffff96a
       29575000	      2858	800045f6	8175	c.srli	x10,0x1d	 x10:0x00000362 x10=0x00000000
       29585000	      2859	800045f8	8d5d	c.or	x10,x15	 x10:0x00000000 x15:0x7ffff96a x10=0x7ffff96a
       29595000	      2860	800045fa	01875563	bge	x14,x24,80004604	 x14:0x0000077b x24:0x00000792
       29605000	      2861	800045fe	eaac2293	slti	x5,x24,-342	 x24:0x00000792  x5=0x00000000
       29615000	      2862	80004602	ed81	c.bnez	x11,8000461a	 x11:0xfffff82f
       29645000	      2865	8000461a	003c0933	add	x18,x24,x3	 x24:0x00000792  x3:0xd5ba4a8a x18=0xd5ba521c
       29655000	      2866	8000461e	410f8633	sub	x12,x31,x16	 x31:0x00000791 x16:0xffe00000 x12=0x00200791
       29665000	      2867	80004622	8cf1	c.and	x9,x12	  x9:0x00000000 x12:0x00200791  x9=0x00000000
       29675000	      2868	80004624	0001	c.addi	x0,0	  x0:0x00000000  x0=0x00000000
       29685000	      2869	80004626	01e05313	srli	x6,x0,0x1e	  x0:0x00000000  x6=0x00000000
       29725000	      2873	8000462a	02eea7b3	mulhsu	x15,x29,x14	 x29:0x73ef730e x14:0x0000077b x15=0x00000363
       29735000	      2874	8000462e	811a	c.mv	x2,x6	  x0:0x00000000  x6:0x00000000  x2=0x00000000
       29745000	      2875	80004630	613d	c.addi16sp	x2,480	  x2:0x00000000  x2=0x000001e0
       29755000	      2876	80004632	8d91	c.sub	x11,x12	 x11:0xfffff82f x12:0x00200791 x11=0xffdff09e
       29765000	      2877	80004634	2289aa93	slti	x21,x19,552	 x19:0x80021e64 x21=0x00000001
       29775000	      2878	80004638	0001	c.addi	x0,0	  x0:0x00000000  x0=0x00000000
       29785000	      2879	8000463a	60f1	c.lui	x1,0x1c	  x1=0x0001c000
       29825000	      2883	8000463c	02439333	mulh	x6,x7,x4	  x7:0x00000079  x4:0x55b8156c  x6=0x00000028
       29835000	      2884	80004640	91ca	c.add	x3,x18	  x3:0xd5ba4a8a x18:0xd5ba521c  x3=0xab749ca6
       29845000	      2885	80004642	0113e533	or	x10,x7,x17	  x7:0x00000079 x17:0x00000079 x10=0x00000079
       29855000	      2886	80004646	043c0063	beq	x24,x3,80004686	 x24:0x00000792  x3:0xab749ca6
       29865000	      2887	8000464a	8ead	c.xor	x13,x11	 x13:0xff000000 x11:0xffdff09e x13=0x00dff09e
       29875000	      2888	8000464c	8e01	c.sub	x12,x8	 x12:0x00200791  x8:0x80221e64 x12=0x7ffde92d
       30245000	      2925	8000464e	021ef033	remu	x0,x29,x1	 x29:0x73ef730e  x1:0x0001c000  x0=0x00000000
       30255000	      2926	80004652	4034d713	srai	x14,x9,0x3	  x9:0x00000000 x14=0x00000000
       30265000	      2927	80004656	8d99	c.sub	x11,x14	 x11:0xffdff09e x14:0x00000000 x11=0xffdff09e
       30275000	      2928	80004658	1c84	c.addi4spn	x9,x2,624	  x9=0x00000450
       30285000	      2929	8000465a	0083b1b3	sltu	x3,x7,x8	  x7:0x00000079  x8:0x80221e64  x3=0x00000001
       30295000	      2930	8000465e	029ed163	bge	x29,x9,80004680	 x29:0x73ef730e  x9:0x00000450
       30315000	      2932	80004680	8116	c.mv	x2,x5	  x0:0x00000000  x5:0x00000000  x2=0x00000000
       30325000	      2933	80004682	01d970b3	and	x1,x18,x29	 x18:0xd5ba521c x29:0x73ef730e  x1=0x51aa520c
       30335000	      2934	80004686	1bfd	c.addi	x23,-1	 x23:0x00000000 x23=0xffffffff
       30345000	      2935	80004688	5a343497	auipc	x9,0x5a343	  x9=0xda347688
       30375000	      2938	8000468c	03438bb3	mul	x23,x7,x20	  x7:0x00000079 x20:0x00000000 x23=0x00000000
       30385000	      2939	80004690	8862	c.mv	x16,x24	  x0:0x00000000 x24:0x00000792 x16=0x00000792
       30405000	      2941	80004692	0200cd33	div	x26,x1,x0	  x1:0x51aa520c  x0:0x00000000 x26=0xffffffff
       30415000	      2942	80004696	717d	c.addi16sp	x2,-16	  x2:0x00000000  x2=0xfffffff0
       30425000	      2943	80004698	717d	c.addi16sp	x2,-16	  x2:0xfffffff0  x2=0xffffffe0
       30435000	      2944	8000469a	8779	c.srai	x14,0x1e	 x14:0x00000000 x14=0x00000000
       30445000	      2945	8000469c	854a	c.mv	x10,x18	  x0:0x00000000 x18:0xd5ba521c x10=0xd5ba521c
       30455000	      2946	8000469e	9a42	c.add	x20,x16	 x20:0x00000000 x16:0x00000792 x20=0x00000792
       30465000	      2947	800046a0	010ade63	bge	x21,x16,800046bc	 x21:0x00000001 x16:0x00000792
       30835000	      2984	800046a4	03f467b3	rem	x15,x8,x31	  x8:0x80221e64 x31:0x00000791 x15=0xfffffcfa
       30845000	      2985	800046a8	888ff013	andi	x0,x31,-1912	 x31:0x00000791  x0=0x00000000
       30855000	      2986	800046ac	8145	c.srli	x10,0x11	 x10:0xd5ba521c x10=0x00006add
       30865000	      2987	800046ae	cd05	c.beqz	x10,800046e6	 x10:0x00006add
       30875000	      2988	800046b0	891e	c.mv	x18,x7	  x0:0x00000000  x7:0x00000079 x18=0x00000079
       30885000	      2989	800046b2	024c1c63	bne	x24,x4,800046ea	 x24:0x00000792  x4:0x55b8156c
       30915000	      2992	800046ea	00869193	slli	x3,x13,0x8	 x13:0x00dff09e  x3=0xdff09e00
       30945000	      2995	800046ee	029d8933	mul	x18,x27,x9	 x27:0x80000000  x9:0xda347688 x18=0x00000000
       30955000	      2996	800046f2	0c19	c.addi	x24,6	 x24:0x00000792 x24=0x00000798
       30965000	      2997	800046f4	0127ff33	and	x30,x15,x18	 x15:0xfffffcfa x18:0x00000000 x30=0x00000000
       30975000	      2998	800046f8	8d0e	c.mv	x26,x3	  x0:0x00000000  x3:0xdff09e00 x26=0xdff09e00
       30985000	      2999	800046fa	8159	c.srli	x10,0x16	 x10:0x00006add x10=0x00000000
       30995000	      3000	800046fc	003f5863	bge	x30,x3,8000470c	 x30:0x00000000  x3:0xdff09e00
       31015000	      3002	8000470c	03c1db63	bge	x3,x28,80004742	  x3:0xdff09e00 x28:0x06c40000
       31025000	      3003	80004710	8fc1	c.or	x15,x8	 x15:0xfffffcfa  x8:0x80221e64 x15=0xfffffefe
       31035000	      3004	80004712	001e9a93	slli	x21,x29,0x1	 x29:0x73ef730e x21=0xe7dee61c
       31045000	      3005	80004716	0051b233	sltu	x4,x3,x5	  x3:0xdff09e00  x5:0x00000000  x4=0x00000000
       31055000	      3006	8000471a	0949	c.addi	x18,18	 x18:0x00000000 x18=0x00000012
       31065000	      3007	8000471c	41db5fb3	sra	x31,x22,x29	 x22:0x80025fe6 x29:0x73ef730e x31=0xfffe0009
       31075000	      3008	80004720	013c82b3	add	x5,x25,x19	 x25:0x80025ce4 x19:0x80021e64  x5=0x00047b48
       31085000	      3009	80004724	8955	c.andi	x10,21	 x10:0x00000000 x10=0x00000000
       31095000	      3010	80004726	7fa84793	xori	x15,x16,2042	 x16:0x00000792 x15=0x00000068
       31105000	      3011	8000472a	01b0c013	xori	x0,x1,27	  x1:0x51aa520c  x0=0x00000000
       31145000	      3015	8000472e	02ea9fb3	mulh	x31,x21,x14	 x21:0xe7dee61c x14:0x00000000 x31=0x00000000
       31155000	      3016	80004732	0192fe33	and	x28,x5,x25	  x5:0x00047b48 x25:0x80025ce4 x28=0x00005840
       31165000	      3017	80004736	03bb7863	bgeu	x22,x27,80004766	 x22:0x80025fe6 x27:0x80000000
       31195000	      3020	80004766	40b05e93	srai	x29,x0,0xb	  x0:0x00000000 x29=0x00000000
       31205000	      3021	8000476a	6fb1	c.lui	x31,0xc	 x31=0x0000c000
       31215000	      3022	8000476c	127d	c.addi	x4,-1	  x4:0x00000000  x4=0xffffffff
       31225000	      3023	8000476e	997d	c.andi	x10,-1	 x10:0x00000000 x10=0x00000000
       31235000	      3024	80004770	9bfd	c.andi	x15,-1	 x15:0x00000068 x15=0x00000068
       31245000	      3025	80004772	0276	c.slli	x4,0x1d	  x4:0xffffffff  x4=0xe0000000
       31255000	      3026	80004774	01787633	and	x12,x16,x23	 x16:0x00000792 x23:0x00000000 x12=0x00000000
       31295000	      3030	80004778	02642c33	mulhsu	x24,x8,x6	  x8:0x80221e64  x6:0x00000028 x24=0xffffffec
       31305000	      3031	8000477c	8d31	c.xor	x10,x12	 x10:0x00000000 x12:0x00000000 x10=0x00000000
       31315000	      3032	8000477e	0656	c.slli	x12,0x15	 x12:0x00000000 x12=0x00000000
       31325000	      3033	80004780	01b7c963	blt	x15,x27,80004792	 x15:0x00000068 x27:0x80000000
       31335000	      3034	80004784	010370b3	and	x1,x6,x16	  x6:0x00000028 x16:0x00000792  x1=0x00000000
       31345000	      3035	80004788	98f8cf13	xori	x30,x17,-1649	 x17:0x00000079 x30=0xfffff9f6
       31355000	      3036	8000478c	f5b14e93	xori	x29,x2,-165	  x2:0xffffffe0 x29=0x000000bb
       31365000	      3037	80004790	0001	c.addi	x0,0	  x0:0x00000000  x0=0x00000000
       31375000	      3038	80004792	0001	c.addi	x0,0	  x0:0x00000000  x0=0x00000000
       31385000	      3039	80004794	b7222893	slti	x17,x4,-1166	  x4:0xe0000000 x17=0x00000001
       31415000	      3042	80004798	030307b3	mul	x15,x6,x16	  x6:0x00000028 x16:0x00000792 x15=0x00012ed0
       31425000	      3043	8000479c	1c908e93	addi	x29,x1,457	  x1:0x00000000 x29=0x000001c9
       31435000	      3044	800047a0	f443a513	slti	x10,x7,-188	  x7:0x00000079 x10=0x00000000
       31445000	      3045	800047a4	6bb9	c.lui	x23,0xe	 x23=0x0000e000
       31455000	      3046	800047a6	7d342a13	slti	x20,x8,2003	  x8:0x80221e64 x20=0x00000001
       31465000	      3047	800047aa	4d2c7f13	andi	x30,x24,1234	 x24:0xffffffec x30=0x000004c0
       31475000	      3048	800047ae	0ff0000f	fence	iorw,iorw	
       31485000	      3049	800047b2	ef91	c.bnez	x15,800047ce	 x15:0x00012ed0
       31505000	      3051	800047ce	e685	c.bnez	x13,800047f6	 x13:0x00dff09e
       31535000	      3054	800047f6	0125d6b3	srl	x13,x11,x18	 x11:0xffdff09e x18:0x00000012 x13=0x00003ff7
       31545000	      3055	800047fa	a904c6b7	lui	x13,0xa904c	 x13=0xa904c000
       31555000	      3056	800047fe	11fd	c.addi	x3,-1	  x3:0xdff09e00  x3=0xdff09dff
       31565000	      3057	80004800	14ac8f13	addi	x30,x25,330	 x25:0x80025ce4 x30=0x80025e2e
       31575000	      3058	80004804	00a7ee33	or	x28,x15,x10	 x15:0x00012ed0 x10:0x00000000 x28=0x00012ed0
       31585000	      3059	80004808	016764b3	or	x9,x14,x22	 x14:0x00000000 x22:0x80025fe6  x9=0x80025fe6
       31595000	      3060	8000480c	007b7ab3	and	x21,x22,x7	 x22:0x80025fe6  x7:0x00000079 x21=0x00000060
       31605000	      3061	80004810	6125	c.addi16sp	x2,96	  x2:0xffffffe0  x2=0x00000040
       31615000	      3062	80004812	00df0a33	add	x20,x30,x13	 x30:0x80025e2e x13:0xa904c000 x20=0x29071e2e
       31655000	      3066	80004816	034f1333	mulh	x6,x30,x20	 x30:0x80025e2e x20:0x29071e2e  x6=0xeb7cd20f
       31665000	      3067	8000481a	88c9	c.andi	x9,18	  x9:0x80025fe6  x9=0x00000002
       31675000	      3068	8000481c	8e92	c.mv	x29,x4	  x0:0x00000000  x4:0xe0000000 x29=0xe0000000
       31715000	      3072	8000481e	02dda1b3	mulhsu	x3,x27,x13	 x27:0x80000000 x13:0xa904c000  x3=0xab7da000
       31755000	      3076	80004822	0220b133	mulhu	x2,x1,x2	  x1:0x00000000  x2:0x00000040  x2=0x00000000
       31765000	      3077	80004826	8ec5	c.or	x13,x9	 x13:0xa904c000  x9:0x00000002 x13=0xa904c002
       32135000	      3114	80004828	02995333	divu	x6,x18,x9	 x18:0x00000012  x9:0x00000002  x6=0x00000009
       32145000	      3115	8000482c	6159	c.addi16sp	x2,400	  x2:0x00000000  x2=0x00000190
       32155000	      3116	8000482e	87d1	c.srai	x15,0x14	 x15:0x00012ed0 x15=0x00000000
       32165000	      3117	80004830	41fddc33	sra	x24,x27,x31	 x27:0x80000000 x31:0x0000c000 x24=0x80000000
       32175000	      3118	80004834	fb666793	ori	x15,x12,-74	 x12:0x00000000 x15=0xffffffb6
       32185000	      3119	80004838	016bb333	sltu	x6,x23,x22	 x23:0x0000e000 x22:0x80025fe6  x6=0x00000001
       32195000	      3120	8000483c	038f1763	bne	x30,x24,8000486a	 x30:0x80025e2e x24:0x80000000
       32215000	      3122	8000486a	c999	c.beqz	x11,80004880	 x11:0xffdff09e
       32225000	      3123	8000486c	0178f1b3	and	x3,x17,x23	 x17:0x00000001 x23:0x0000e000  x3=0x00000000
       32235000	      3124	80004870	e2a9	c.bnez	x13,800048b2	 x13:0xa904c002
       32265000	      3127	800048b2	8916f613	andi	x12,x13,-1903	 x13:0xa904c002 x12=0xa904c000
       32275000	      3128	800048b6	018f8663	beq	x31,x24,800048c2	 x31:0x0000c000 x24:0x80000000
       32285000	      3129	800048ba	8121	c.srli	x10,0x8	 x10:0x00000000 x10=0x00000000
       32295000	      3130	800048bc	02219863	bne	x3,x2,800048ec	  x3:0x00000000  x2:0x00000190
       32675000	      3168	800048ec	02dfcc33	div	x24,x31,x13	 x31:0x0000c000 x13:0xa904c002 x24=0x00000000
       32685000	      3169	800048f0	8d5d	c.or	x10,x15	 x10:0x00000000 x15:0xffffffb6 x10=0xffffffb6
       32695000	      3170	800048f2	400cda13	srai	x20,x25,0x0	 x25:0x80025ce4 x20=0x80025ce4
       32705000	      3171	800048f6	0036aab3	slt	x21,x13,x3	 x13:0xa904c002  x3:0x00000000 x21=0x00000001
       32715000	      3172	800048fa	1914	c.addi4spn	x13,x2,176	 x13=0x00000240
       32725000	      3173	800048fc	4f69	c.li	x30,26	 x30=0x0000001a
       32735000	      3174	800048fe	46dd	c.li	x13,23	 x13=0x00000017
       32745000	      3175	80004900	006cbab3	sltu	x21,x25,x6	 x25:0x80025ce4  x6:0x00000001 x21=0x00000000
       32755000	      3176	80004904	d62b6b13	ori	x22,x22,-670	 x22:0x80025fe6 x22=0xffffffe6
       32765000	      3177	80004908	717d	c.addi16sp	x2,-16	  x2:0x00000190  x2=0x00000180
       32775000	      3178	8000490a	137d	c.addi	x6,-1	  x6:0x00000001  x6=0x00000000
       32785000	      3179	8000490c	00a7e033	or	x0,x15,x10	 x15:0xffffffb6 x10:0xffffffb6  x0=0x00000000
       32795000	      3180	80004910	8ff9	c.and	x15,x14	 x15:0xffffffb6 x14:0x00000000 x15=0x00000000
       32805000	      3181	80004912	001d8733	add	x14,x27,x1	 x27:0x80000000  x1:0x00000000 x14=0x80000000
       32815000	      3182	80004916	8f61	c.and	x14,x8	 x14:0x80000000  x8:0x80221e64 x14=0x80000000
       32825000	      3183	80004918	0054f733	and	x14,x9,x5	  x9:0x00000002  x5:0x00047b48 x14=0x00000000
       32835000	      3184	8000491c	8e99	c.sub	x13,x14	 x13:0x00000017 x14:0x00000000 x13=0x00000017
       32845000	      3185	8000491e	8309	c.srli	x14,0x2	 x14:0x00000000 x14=0x00000000
       32855000	      3186	80004920	02d8d063	bge	x17,x13,80004940	 x17:0x00000001 x13:0x00000017
       32865000	      3187	80004924	0162c333	xor	x6,x5,x22	  x5:0x00047b48 x22:0xffffffe6  x6=0xfffb84ae
       32875000	      3188	80004928	8da5	c.xor	x11,x9	 x11:0xffdff09e  x9:0x00000002 x11=0xffdff09c
       32885000	      3189	8000492a	01d61893	slli	x17,x12,0x1d	 x12:0xa904c000 x17=0x00000000
       32895000	      3190	8000492e	013dd1b3	srl	x3,x27,x19	 x27:0x80000000 x19:0x80021e64  x3=0x08000000
       32905000	      3191	80004932	61dd2593	slti	x11,x26,1565	 x26:0xdff09e00 x11=0x00000001
       32945000	      3195	80004936	03e21533	mulh	x10,x4,x30	  x4:0xe0000000 x30:0x0000001a x10=0xfffffffc
       32955000	      3196	8000493a	b4ff4413	xori	x8,x30,-1201	 x30:0x0000001a  x8=0xfffffb55
       32965000	      3197	8000493e	8ed5	c.or	x13,x13	 x13:0x00000017 x13:0x00000017 x13=0x00000017
       32975000	      3198	80004940	8e92	c.mv	x29,x4	  x0:0x00000000  x4:0xe0000000 x29=0xe0000000
       32985000	      3199	80004942	00269893	slli	x17,x13,0x2	 x13:0x00000017 x17=0x0000005c
       32995000	      3200	80004946	40b75233	sra	x4,x14,x11	 x14:0x00000000 x11:0x00000001  x4=0x00000000
       33005000	      3201	8000494a	990e	c.add	x18,x3	 x18:0x00000012  x3:0x08000000 x18=0x08000012
       33015000	      3202	8000494c	3c10b7b7	lui	x15,0x3c10b	 x15=0x3c10b000
       33025000	      3203	80004950	8e35	c.xor	x12,x13	 x12:0xa904c000 x13:0x00000017 x12=0xa904c017
       33035000	      3204	80004952	0009dfb3	srl	x31,x19,x0	 x19:0x80021e64  x0:0x00000000 x31=0x80021e64
       33045000	      3205	80004956	8c25	c.xor	x8,x9	  x8:0xfffffb55  x9:0x00000002  x8=0xfffffb57
       33075000	      3208	80004958	02e005b3	mul	x11,x0,x14	  x0:0x00000000 x14:0x00000000 x11=0x00000000
       33085000	      3209	8000495c	9316	c.add	x6,x5	  x6:0xfffb84ae  x5:0x00047b48  x6=0xfffffff6
       33095000	      3210	8000495e	03fcc863	blt	x25,x31,8000498e	 x25:0x80025ce4 x31:0x80021e64
       33105000	      3211	80004962	e815	c.bnez	x8,80004996	  x8:0xfffffb57
       33135000	      3214	80004996	0075d863	bge	x11,x7,800049a6	 x11:0x00000000  x7:0x00000079
       33145000	      3215	8000499a	008c9663	bne	x25,x8,800049a6	 x25:0x80025ce4  x8:0xfffffb57
       33175000	      3218	800049a6	02f91d63	bne	x18,x15,800049e0	 x18:0x08000012 x15:0x3c10b000
       33195000	      3220	800049e0	c05d4293	xori	x5,x26,-1019	 x26:0xdff09e00  x5=0x200f6205
       33235000	      3224	800049e4	035b1f33	mulh	x30,x22,x21	 x22:0xffffffe6 x21:0x00000000 x30=0x00000000
       33245000	      3225	800049e8	892a	c.mv	x18,x10	  x0:0x00000000 x10:0xfffffffc x18=0xfffffffc
       33255000	      3226	800049ea	6ae5	c.lui	x21,0x19	 x21=0x00019000
       33265000	      3227	800049ec	01b27863	bgeu	x4,x27,800049fc	  x4:0x00000000 x27:0x80000000
       33275000	      3228	800049f0	9b22	c.add	x22,x8	 x22:0xffffffe6  x8:0xfffffb57 x22=0xfffffb3d
       33285000	      3229	800049f2	6e05	c.lui	x28,0x1	 x28=0x00001000
       33295000	      3230	800049f4	03c50563	beq	x10,x28,80004a1e	 x10:0xfffffffc x28:0x00001000
       33305000	      3231	800049f8	006ac863	blt	x21,x6,80004a08	 x21:0x00019000  x6:0xfffffff6
       33315000	      3232	800049fc	036fc563	blt	x31,x22,80004a26	 x31:0x80021e64 x22:0xfffffb3d
       33345000	      3235	80004a26	02d4cd63	blt	x9,x13,80004a60	  x9:0x00000002 x13:0x00000017
       33365000	      3237	80004a60	8eb9	c.xor	x13,x14	 x13:0x00000017 x14:0x00000000 x13=0x00000017
       33735000	      3274	80004a62	02ab50b3	divu	x1,x22,x10	 x22:0xfffffb3d x10:0xfffffffc  x1=0x00000000
       33745000	      3275	80004a66	00f18f33	add	x30,x3,x15	  x3:0x08000000 x15:0x3c10b000 x30=0x4410b000
       33755000	      3276	80004a6a	40805113	srai	x2,x0,0x8	  x0:0x00000000  x2=0x00000000
       34125000	      3313	80004a6e	02555a33	divu	x20,x10,x5	 x10:0xfffffffc  x5:0x200f6205 x20=0x00000007
       34135000	      3314	80004a72	00b1e1b3	or	x3,x3,x11	  x3:0x08000000 x11:0x00000000  x3=0x08000000
       34155000	      3316	80004a76	02e750b3	divu	x1,x14,x14	 x14:0x00000000 x14:0x00000000  x1=0xffffffff
       34525000	      3353	80004a7a	0265c733	div	x14,x11,x6	 x11:0x00000000  x6:0xfffffff6 x14=0x00000000
       34535000	      3354	80004a7e	5d77c513	xori	x10,x15,1495	 x15:0x3c10b000 x10=0x3c10b5d7
       34545000	      3355	80004a82	00ed7c33	and	x24,x26,x14	 x26:0xdff09e00 x14:0x00000000 x24=0x00000000
       34555000	      3356	80004a86	01536b33	or	x22,x6,x21	  x6:0xfffffff6 x21:0x00019000 x22=0xfffffff6
       34565000	      3357	80004a8a	9a7e	c.add	x20,x31	 x20:0x00000007 x31:0x80021e64 x20=0x80021e6b
       34935000	      3394	80004a8c	03d743b3	div	x7,x14,x29	 x14:0x00000000 x29:0xe0000000  x7=0x00000000
       34945000	      3395	80004a90	8275	c.srli	x12,0x1d	 x12:0xa904c017 x12=0x00000005
       34955000	      3396	80004a92	8541	c.srai	x10,0x10	 x10:0x3c10b5d7 x10=0x00003c10
       34965000	      3397	80004a94	015d6463	bltu	x26,x21,80004a9c	 x26:0xdff09e00 x21:0x00019000
       34975000	      3398	80004a98	8f49	c.or	x14,x10	 x14:0x00000000 x10:0x00003c10 x14=0x00003c10
       34985000	      3399	80004a9a	8549	c.srai	x10,0x12	 x10:0x00003c10 x10=0x00000000
       35355000	      3436	80004a9c	03f35533	divu	x10,x6,x31	  x6:0xfffffff6 x31:0x80021e64 x10=0x00000001
       35365000	      3437	80004aa0	61ad	c.lui	x3,0xb	  x3=0x0000b000
       35375000	      3438	80004aa2	0ba6	c.slli	x23,0x9	 x23:0x0000e000 x23=0x01c00000
       35745000	      3475	80004aa4	0256c0b3	div	x1,x13,x5	 x13:0x00000017  x5:0x200f6205  x1=0x00000000
       35755000	      3476	80004aa8	8a7d	c.andi	x12,31	 x12:0x00000005 x12=0x00000005
       35765000	      3477	80004aaa	0090cc33	xor	x24,x1,x9	  x1:0x00000000  x9:0x00000002 x24=0x00000002
       35775000	      3478	80004aae	e59d	c.bnez	x11,80004adc	 x11:0x00000000
       35785000	      3479	80004ab0	892d	c.andi	x10,11	 x10:0x00000001 x10=0x00000001
       36155000	      3516	80004ab2	035cc733	div	x14,x25,x21	 x25:0x80025ce4 x21:0x00019000 x14=0xffffae16
       36165000	      3517	80004ab6	41d3d793	srai	x15,x7,0x1d	  x7:0x00000000 x15=0x00000000
       36175000	      3518	80004aba	968e	c.add	x13,x3	 x13:0x00000017  x3:0x0000b000 x13=0x0000b017
       36185000	      3519	80004abc	5a7d	c.li	x20,-1	 x20=0xffffffff
       36195000	      3520	80004abe	00ddfc33	and	x24,x27,x13	 x27:0x80000000 x13:0x0000b017 x24=0x00000000
       36205000	      3521	80004ac2	e085	c.bnez	x9,80004ae2	  x9:0x00000002
       36225000	      3523	80004ae2	1efd	c.addi	x29,-1	 x29:0xe0000000 x29=0xdfffffff
       36255000	      3526	80004ae4	035b0833	mul	x16,x22,x21	 x22:0xfffffff6 x21:0x00019000 x16=0xfff06000
       36265000	      3527	80004ae8	717d	c.addi16sp	x2,-16	  x2:0x00000000  x2=0xfffffff0
       36275000	      3528	80004aea	0145f963	bgeu	x11,x20,80004afc	 x11:0x00000000 x20:0xffffffff
       36285000	      3529	80004aee	00be7633	and	x12,x28,x11	 x28:0x00001000 x11:0x00000000 x12=0x00000000
       36295000	      3530	80004af2	01877463	bgeu	x14,x24,80004afa	 x14:0xffffae16 x24:0x00000000
       36315000	      3532	80004afa	6259	c.lui	x4,0x16	  x4=0x00016000
       36325000	      3533	80004afc	717d	c.addi16sp	x2,-16	  x2:0xfffffff0  x2=0xffffffe0
       36335000	      3534	80004afe	8e45	c.or	x12,x9	 x12:0x00000000  x9:0x00000002 x12=0x00000002
       36345000	      3535	80004b00	8c31	c.xor	x8,x12	  x8:0xfffffb57 x12:0x00000002  x8=0xfffffb55
       36355000	      3536	80004b02	00b81f93	slli	x31,x16,0xb	 x16:0xfff06000 x31=0x83000000
       36365000	      3537	80004b06	1514	c.addi4spn	x13,x2,672	 x13=0x00000280
       36375000	      3538	80004b08	8269	c.srli	x12,0x1a	 x12:0x00000002 x12=0x00000000
       36385000	      3539	80004b0a	02c4d963	bge	x9,x12,80004b3c	  x9:0x00000002 x12:0x00000000
       36435000	      3544	80004b3c	02241533	mulh	x10,x8,x2	  x8:0xfffffb55  x2:0xffffffe0 x10=0x00000000
       36445000	      3545	80004b40	60ad	c.lui	x1,0xb	  x1=0x0000b000
       36455000	      3546	80004b42	ed09	c.bnez	x10,80004b5c	 x10:0x00000000
       36465000	      3547	80004b44	00c5e463	bltu	x11,x12,80004b4c	 x11:0x00000000 x12:0x00000000
       36475000	      3548	80004b48	1c7d	c.addi	x24,-1	 x24:0x00000000 x24=0xffffffff
       36485000	      3549	80004b4a	1010	c.addi4spn	x12,x2,32	 x12=0x00000000
       36495000	      3550	80004b4c	1b7d	c.addi	x22,-1	 x22:0xfffffff6 x22=0xfffffff5
       36505000	      3551	80004b4e	cc15	c.beqz	x8,80004b8a	  x8:0xfffffb55
       36515000	      3552	80004b50	407d5333	sra	x6,x26,x7	 x26:0xdff09e00  x7:0x00000000  x6=0xdff09e00
       36525000	      3553	80004b54	00135463	bge	x6,x1,80004b5c	  x6:0xdff09e00  x1:0x0000b000
       36535000	      3554	80004b58	01fb63b3	or	x7,x22,x31	 x22:0xfffffff5 x31:0x83000000  x7=0xfffffff5
       36545000	      3555	80004b5c	0001	c.addi	x0,0	  x0:0x00000000  x0=0x00000000
       36555000	      3556	80004b5e	01dddc13	srli	x24,x27,0x1d	 x27:0x80000000 x24=0x00000004
       36565000	      3557	80004b62	0001	c.addi	x0,0	  x0:0x00000000  x0=0x00000000
       36575000	      3558	80004b64	007ab0b3	sltu	x1,x21,x7	 x21:0x00019000  x7:0xfffffff5  x1=0x00000001
       36585000	      3559	80004b68	0f76	c.slli	x30,0x1d	 x30:0x4410b000 x30=0x00000000
       36595000	      3560	80004b6a	d39a9317	auipc	x6,0xd39a9	  x6=0x539adb6a
       36605000	      3561	80004b6e	0001	c.addi	x0,0	  x0:0x00000000  x0=0x00000000
       36615000	      3562	80004b70	ef56c613	xori	x12,x13,-267	 x13:0x00000280 x12=0xfffffc75
       36625000	      3563	80004b74	89ed	c.andi	x11,27	 x11:0x00000000 x11=0x00000000
       36635000	      3564	80004b76	00ec9593	slli	x11,x25,0xe	 x25:0x80025ce4 x11=0x97390000
       37005000	      3601	80004b7a	03695333	divu	x6,x18,x22	 x18:0xfffffffc x22:0xfffffff5  x6=0x00000001
       37015000	      3602	80004b7e	8671	c.srai	x12,0x1c	 x12:0xfffffc75 x12=0xffffffff
       37025000	      3603	80004b80	80c1	c.srli	x9,0x10	  x9:0x00000002  x9=0x00000000
       37065000	      3607	80004b82	0298a6b3	mulhsu	x13,x17,x9	 x17:0x0000005c  x9:0x00000000 x13=0x00000000
       37075000	      3608	80004b86	00875833	srl	x16,x14,x8	 x14:0xffffae16  x8:0xfffffb55 x16=0x000007ff
       37085000	      3609	80004b8a	8c41	c.or	x8,x8	  x8:0xfffffb55  x8:0xfffffb55  x8=0xfffffb55
       37095000	      3610	80004b8c	ea91	c.bnez	x13,80004ba0	 x13:0x00000000
       37105000	      3611	80004b8e	4125d793	srai	x15,x11,0x12	 x11:0x97390000 x15=0xffffe5ce
       37115000	      3612	80004b92	8d35	c.xor	x10,x13	 x10:0x00000000 x13:0x00000000 x10=0x00000000
       37125000	      3613	80004b94	41885413	srai	x8,x16,0x18	 x16:0x000007ff  x8=0x00000000
       37135000	      3614	80004b98	413f5533	sra	x10,x30,x19	 x30:0x00000000 x19:0x80021e64 x10=0x00000000
       37145000	      3615	80004b9c	0e06	c.slli	x28,0x1	 x28:0x00001000 x28=0x00002000
       37155000	      3616	80004b9e	8b71	c.andi	x14,28	 x14:0xffffae16 x14=0x00000014
       37165000	      3617	80004ba0	001a27b3	slt	x15,x20,x1	 x20:0xffffffff  x1:0x00000001 x15=0x00000001
       37175000	      3618	80004ba4	e58d	c.bnez	x11,80004bce	 x11:0x97390000
       37195000	      3620	80004bce	0001	c.addi	x0,0	  x0:0x00000000  x0=0x00000000
       37205000	      3621	80004bd0	717d	c.addi16sp	x2,-16	  x2:0xffffffe0  x2=0xffffffd0
       37215000	      3622	80004bd2	0ff0000f	fence	iorw,iorw	
       37585000	      3659	80004bd6	036dceb3	div	x29,x27,x22	 x27:0x80000000 x22:0xfffffff5 x29=0x0ba2e8ba
       37595000	      3660	80004bda	40aa02b3	sub	x5,x20,x10	 x20:0xffffffff x10:0x00000000  x5=0xffffffff
       37605000	      3661	80004bde	ac807213	andi	x4,x0,-1336	  x0:0x00000000  x4=0x00000000
       37615000	      3662	80004be2	c23ee813	ori	x16,x29,-989	 x29:0x0ba2e8ba x16=0xfffffcbb
       37625000	      3663	80004be6	949c6693	ori	x13,x24,-1719	 x24:0x00000004 x13=0xfffff94d
       37635000	      3664	80004bea	8315	c.srli	x14,0x5	 x14:0x00000014 x14=0x00000000
       38005000	      3701	80004bec	02cefab3	remu	x21,x29,x12	 x29:0x0ba2e8ba x12:0xffffffff x21=0x0ba2e8ba
       38015000	      3702	80004bf0	0c66	c.slli	x24,0x19	 x24:0x00000004 x24=0x08000000
       38025000	      3703	80004bf2	5759fb93	andi	x23,x19,1397	 x19:0x80021e64 x23=0x00000464
       38035000	      3704	80004bf6	73c7fd37	lui	x26,0x73c7f	 x26=0x73c7f000
       38045000	      3705	80004bfa	14fd	c.addi	x9,-1	  x9:0x00000000  x9=0xffffffff
       38055000	      3706	80004bfc	8e85	c.sub	x13,x9	 x13:0xfffff94d  x9:0xffffffff x13=0xfffff94e
       38065000	      3707	80004bfe	3d8153b7	lui	x7,0x3d815	  x7=0x3d815000
       38085000	      3709	80004c02	02a245b3	div	x11,x4,x10	  x4:0x00000000 x10:0x00000000 x11=0xffffffff
       38095000	      3710	80004c06	933e	c.add	x6,x15	  x6:0x00000001 x15:0x00000001  x6=0x00000002
       38135000	      3714	80004c08	02b63833	mulhu	x16,x12,x11	 x12:0xffffffff x11:0xffffffff x16=0xfffffffe
       38145000	      3715	80004c0c	0142d663	bge	x5,x20,80004c18	  x5:0xffffffff x20:0xffffffff
       38165000	      3717	80004c18	9b1a	c.add	x22,x6	 x22:0xfffffff5  x6:0x00000002 x22=0xfffffff7
       38175000	      3718	80004c1a	03c27b63	bgeu	x4,x28,80004c50	  x4:0x00000000 x28:0x00002000
       38185000	      3719	80004c1e	412d0933	sub	x18,x26,x18	 x26:0x73c7f000 x18:0xfffffffc x18=0x73c7f004
       38195000	      3720	80004c22	c89d0193	addi	x3,x26,-887	 x26:0x73c7f000  x3=0x73c7ec89
       38205000	      3721	80004c26	bac76113	ori	x2,x14,-1108	 x14:0x00000000  x2=0xfffffbac
       38235000	      3724	80004c2a	020a0f33	mul	x30,x20,x0	 x20:0xffffffff  x0:0x00000000 x30=0x00000000
       38245000	      3725	80004c2e	02e37e63	bgeu	x6,x14,80004c6a	  x6:0x00000002 x14:0x00000000
       38275000	      3728	80004c6a	0045c6b3	xor	x13,x11,x4	 x11:0xffffffff  x4:0x00000000 x13=0xffffffff
       38645000	      3765	80004c6e	035348b3	div	x17,x6,x21	  x6:0x00000002 x21:0x0ba2e8ba x17=0x00000000
       38685000	      3769	80004c72	02cf38b3	mulhu	x17,x30,x12	 x30:0x00000000 x12:0xffffffff x17=0x00000000
       38695000	      3770	80004c76	014bd963	bge	x23,x20,80004c88	 x23:0x00000464 x20:0xffffffff
       38715000	      3772	80004c88	011ce763	bltu	x25,x17,80004c96	 x25:0x80025ce4 x17:0x00000000
       38725000	      3773	80004c8c	4fa62793	slti	x15,x12,1274	 x12:0xffffffff x15=0x00000001
       38735000	      3774	80004c90	025f4363	blt	x30,x5,80004cb6	 x30:0x00000000  x5:0xffffffff
       38745000	      3775	80004c94	c805	c.beqz	x8,80004cc4	  x8:0x00000000
       38765000	      3777	80004cc4	fbfbbb93	sltiu	x23,x23,-65	 x23:0x00000464 x23=0x00000001
       38775000	      3778	80004cc8	01e364b3	or	x9,x6,x30	  x6:0x00000002 x30:0x00000000  x9=0x00000002
       39145000	      3815	80004ccc	02f15bb3	divu	x23,x2,x15	  x2:0xfffffbac x15:0x00000001 x23=0xfffffbac
       39165000	      3817	80004cd0	02a17833	remu	x16,x2,x10	  x2:0xfffffbac x10:0x00000000 x16=0xfffffbac
       39205000	      3821	80004cd4	03f6ba33	mulhu	x20,x13,x31	 x13:0xffffffff x31:0x83000000 x20=0x82ffffff
       39215000	      3822	80004cd8	51360593	addi	x11,x12,1299	 x12:0xffffffff x11=0x00000512
       39585000	      3859	80004cdc	0365ebb3	rem	x23,x11,x22	 x11:0x00000512 x22:0xfffffff7 x23=0x00000002
       39595000	      3860	80004ce0	9ef38f13	addi	x30,x7,-1553	  x7:0x3d815000 x30=0x3d8149ef
       39605000	      3861	80004ce4	017f7fb3	and	x31,x30,x23	 x30:0x3d8149ef x23:0x00000002 x31=0x00000002
       39615000	      3862	80004ce8	05ad	c.addi	x11,11	 x11:0x00000512 x11=0x0000051d
       39625000	      3863	80004cea	0085b733	sltu	x14,x11,x8	 x11:0x0000051d  x8:0x00000000 x14=0x00000000
       39635000	      3864	80004cee	c785	c.beqz	x15,80004d16	 x15:0x00000001
       39645000	      3865	80004cf0	70c47693	andi	x13,x8,1804	  x8:0x00000000 x13=0x00000000
       39655000	      3866	80004cf4	ec99	c.bnez	x9,80004d12	  x9:0x00000002
       39685000	      3869	80004d12	c0dcbe93	sltiu	x29,x25,-1011	 x25:0x80025ce4 x29=0x00000001
       39695000	      3870	80004d16	005e7933	and	x18,x28,x5	 x28:0x00002000  x5:0xffffffff x18=0x00002000
       39705000	      3871	80004d1a	0000100f	fence.i	
       39735000	      3874	80004d1e	5d4c82b7	lui	x5,0x5d4c8	  x5=0x5d4c8000
       39775000	      3878	80004d22	02b7a333	mulhsu	x6,x15,x11	 x15:0x00000001 x11:0x0000051d  x6=0x00000000
       39785000	      3879	80004d26	856e	c.mv	x10,x27	  x0:0x00000000 x27:0x80000000 x10=0x80000000
       39795000	      3880	80004d28	8c61	c.and	x8,x8	  x8:0x00000000  x8:0x00000000  x8=0x00000000
       39805000	      3881	80004d2a	bdeef093	andi	x1,x29,-1058	 x29:0x00000001  x1=0x00000000
       39815000	      3882	80004d2e	76eaf593	andi	x11,x21,1902	 x21:0x0ba2e8ba x11=0x0000002a
       39825000	      3883	80004d32	0001	c.addi	x0,0	  x0:0x00000000  x0=0x00000000
       39835000	      3884	80004d34	0134c663	blt	x9,x19,80004d40	  x9:0x00000002 x19:0x80021e64
       39845000	      3885	80004d38	0fdfc193	xori	x3,x31,253	 x31:0x00000002  x3=0x000000ff
       39855000	      3886	80004d3c	51fd	c.li	x3,-1	  x3=0xffffffff
       39865000	      3887	80004d3e	8c99	c.sub	x9,x14	  x9:0x00000002 x14:0x00000000  x9=0x00000002
       39905000	      3891	80004d40	033f1133	mulh	x2,x30,x19	 x30:0x3d8149ef x19:0x80021e64  x2=0xe13fdd58
       39915000	      3892	80004d44	ce81	c.beqz	x13,80004d5c	 x13:0x00000000
       39935000	      3894	80004d5c	4a586593	ori	x11,x16,1189	 x16:0xfffffbac x11=0xffffffad
       39945000	      3895	80004d60	8e61	c.and	x12,x8	 x12:0xffffffff  x8:0x00000000 x12=0x00000000
       39955000	      3896	80004d62	01561f93	slli	x31,x12,0x15	 x12:0x00000000 x31=0x00000000
       39965000	      3897	80004d66	8d3d	c.xor	x10,x15	 x10:0x80000000 x15:0x00000001 x10=0x80000001
       39975000	      3898	80004d68	1e98	c.addi4spn	x14,x2,880	 x14=0xe13fe0c8
       39985000	      3899	80004d6a	7a0c0b13	addi	x22,x24,1952	 x24:0x08000000 x22=0x080007a0
       39995000	      3900	80004d6e	81a1	c.srli	x11,0x8	 x11:0xffffffad x11=0x00ffffff
       40005000	      3901	80004d70	4050d113	srai	x2,x1,0x5	  x1:0x00000000  x2=0x00000000
       40045000	      3905	80004d74	0215ad33	mulhsu	x26,x11,x1	 x11:0x00ffffff  x1:0x00000000 x26=0x00000000
       40055000	      3906	80004d78	c311	c.beqz	x14,80004d7c	 x14:0xe13fe0c8
       40065000	      3907	80004d7a	8cdd	c.or	x9,x15	  x9:0x00000002 x15:0x00000001  x9=0x00000003
       40075000	      3908	80004d7c	c585	c.beqz	x11,80004da4	 x11:0x00ffffff
       40085000	      3909	80004d7e	05ef1263	bne	x30,x30,80004dc2	 x30:0x3d8149ef x30:0x3d8149ef
       40095000	      3910	80004d82	e50d	c.bnez	x10,80004dac	 x10:0x80000001
       40115000	      3912	80004dac	987d	c.andi	x8,-1	  x8:0x00000000  x8=0x00000000
       40125000	      3913	80004dae	68eb8593	addi	x11,x23,1678	 x23:0x00000002 x11=0x00000690
       40165000	      3917	80004db2	034cb433	mulhu	x8,x25,x20	 x25:0x80025ce4 x20:0x82ffffff  x8=0x41813588
       40175000	      3918	80004db6	00d38633	add	x12,x7,x13	  x7:0x3d815000 x13:0x00000000 x12=0x3d815000
       40545000	      3955	80004dba	033a4bb3	div	x23,x20,x19	 x20:0x82ffffff x19:0x80021e64 x23=0x00000000
       40555000	      3956	80004dbe	002fed33	or	x26,x31,x2	 x31:0x00000000  x2:0x00000000 x26=0x00000000
       40565000	      3957	80004dc2	0000100f	fence.i	
       40595000	      3960	80004dc6	00ebe3b3	or	x7,x23,x14	 x23:0x00000000 x14:0xe13fe0c8  x7=0xe13fe0c8
       40605000	      3961	80004dca	8eb1	c.xor	x13,x12	 x13:0x00000000 x12:0x3d815000 x13=0x3d815000
       40625000	      3963	80004dcc	03a8d533	divu	x10,x17,x26	 x17:0x00000000 x26:0x00000000 x10=0xffffffff
       40635000	      3964	80004dd0	01d0a0b3	slt	x1,x1,x29	  x1:0x00000000 x29:0x00000001  x1=0x00000001
       40645000	      3965	80004dd4	05fe6f63	bltu	x28,x31,80004e32	 x28:0x00002000 x31:0x00000000
       40655000	      3966	80004dd8	40dd	c.li	x1,23	  x1=0x00000017
       40665000	      3967	80004dda	0000100f	fence.i	
       40695000	      3970	80004dde	01c8cb33	xor	x22,x17,x28	 x17:0x00000000 x28:0x00002000 x22=0x00002000
       40705000	      3971	80004de2	03ca	c.slli	x7,0x12	  x7:0xe13fe0c8  x7=0x83200000
       40715000	      3972	80004de4	717d	c.addi16sp	x2,-16	  x2:0x00000000  x2=0xfffffff0
       40725000	      3973	80004de6	0005de13	srli	x28,x11,0x0	 x11:0x00000690 x28=0x00000690
       40735000	      3974	80004dea	00003817	auipc	x16,0x3	 x16=0x80007dea
       40745000	      3975	80004dee	7be80813	addi	x16,x16,1982	 x16:0x80007dea x16=0x800085a8
       40755000	      3976	80004df2	d3980813	addi	x16,x16,-711	 x16:0x800085a8 x16=0x800082e1
       40765000	      3977	80004df6	010b4533	xor	x10,x22,x16	 x22:0x00002000 x16:0x800082e1 x10=0x8000a2e1
       40775000	      3978	80004dfa	82f5	c.srli	x13,0x1d	 x13:0x3d815000 x13=0x00000001
       40785000	      3979	80004dfc	5bfd	c.li	x23,-1	 x23=0xffffffff
       40795000	      3980	80004dfe	2c7807e7	jalr	x15,711(x16)	 x16:0x800082e1 x15=0x80004e02
       40815000	      3982	800085a8	00fb1033	sll	x0,x22,x15	 x22:0x00002000 x15:0x80004e02  x0=0x00000000
       40825000	      3983	800085ac	01f11b93	slli	x23,x2,0x1f	  x2:0xfffffff0 x23=0x00000000
       40835000	      3984	800085b0	0091d263	bge	x3,x9,800085b4	  x3:0xffffffff  x9:0x00000003
       40845000	      3985	800085b4	fdc98993	addi	x19,x19,-36	 x19:0x80021e64 x19=0x80021e40
       40855000	      3986	800085b8	00f9a223	sw	x15,4(x19)	 x19:0x80021e40 x15:0x80004e02 PA:0x80021e44 store:0x80004e02 load:0x00000000
       41225000	      4023	800085bc	0278efb3	rem	x31,x17,x7	 x17:0x00000000  x7:0x83200000 x31=0x00000000
       41235000	      4024	800085c0	8dd9	c.or	x11,x14	 x11:0x00000690 x14:0xe13fe0c8 x11=0xe13fe6d8
       41275000	      4028	800085c2	024890b3	mulh	x1,x17,x4	 x17:0x00000000  x4:0x00000000  x1=0x00000000
       41645000	      4065	800085c6	032dfd33	remu	x26,x27,x18	 x27:0x80000000 x18:0x00002000 x26=0x00000000
       42015000	      4102	800085ca	028ee833	rem	x16,x29,x8	 x29:0x00000001  x8:0x41813588 x16=0x00000001
       42025000	      4103	800085ce	4144d433	sra	x8,x9,x20	  x9:0x00000003 x20:0x82ffffff  x8=0x00000000
       42035000	      4104	800085d2	005c4a33	xor	x20,x24,x5	 x24:0x08000000  x5:0x5d4c8000 x20=0x554c8000
       42045000	      4105	800085d6	00ef9bb3	sll	x23,x31,x14	 x31:0x00000000 x14:0xe13fe0c8 x23=0x00000000
       42055000	      4106	800085da	1f558613	addi	x12,x11,501	 x11:0xe13fe6d8 x12=0xe13fe8cd
       42065000	      4107	800085de	7dbfc213	xori	x4,x31,2011	 x31:0x00000000  x4=0x000007db
       42075000	      4108	800085e2	0704	c.addi4spn	x9,x2,896	  x9=0x00000370
       42445000	      4145	800085e4	0234dd33	divu	x26,x9,x3	  x9:0x00000370  x3:0xffffffff x26=0x00000000
       42455000	      4146	800085e8	01bf1133	sll	x2,x30,x27	 x30:0x3d8149ef x27:0x80000000  x2=0x3d8149ef
       42465000	      4147	800085ec	0037d093	srli	x1,x15,0x3	 x15:0x80004e02  x1=0x100009c0
       42475000	      4148	800085f0	00218533	add	x10,x3,x2	  x3:0xffffffff  x2:0x3d8149ef x10=0x3d8149ee
       42485000	      4149	800085f4	0a42	c.slli	x20,0x10	 x20:0x554c8000 x20=0x80000000
       42495000	      4150	800085f6	01c14fb3	xor	x31,x2,x28	  x2:0x3d8149ef x28:0x00000690 x31=0x3d814f7f
       42865000	      4187	800085fa	038d42b3	div	x5,x26,x24	 x26:0x00000000 x24:0x08000000  x5=0x00000000
       42885000	      4189	800085fe	0313d433	divu	x8,x7,x17	  x7:0x83200000 x17:0x00000000  x8=0xffffffff
       42895000	      4190	80008602	109c	c.addi4spn	x15,x2,96	 x15=0x3d814a4f
       42905000	      4191	80008604	e109	c.bnez	x10,80008606	 x10:0x3d8149ee
       42925000	      4193	80008606	86f9	c.srai	x13,0x1e	 x13:0x00000001 x13=0x00000000
       42935000	      4194	80008608	01af1b63	bne	x30,x26,8000861e	 x30:0x3d8149ef x26:0x00000000
       42965000	      4197	8000861e	013637b3	sltu	x15,x12,x19	 x12:0xe13fe8cd x19:0x80021e40 x15=0x00000000
       43335000	      4234	80008622	029ee633	rem	x12,x29,x9	 x29:0x00000001  x9:0x00000370 x12=0x00000001
       43345000	      4235	80008626	875d	c.srai	x14,0x17	 x14:0xe13fe0c8 x14=0xffffffc2
       43355000	      4236	80008628	e781	c.bnez	x15,80008630	 x15:0x00000000
       43365000	      4237	8000862a	004a48b3	xor	x17,x20,x4	 x20:0x80000000  x4:0x000007db x17=0x800007db
       43375000	      4238	8000862e	9b76	c.add	x22,x29	 x22:0x00002000 x29:0x00000001 x22=0x00002001
       43385000	      4239	80008630	8c75	c.and	x8,x13	  x8:0xffffffff x13:0x00000000  x8=0x00000000
       43425000	      4243	80008632	02aea033	mulhsu	x0,x29,x10	 x29:0x00000001 x10:0x3d8149ee  x0=0x00000000
       43435000	      4244	80008636	01dc46b3	xor	x13,x24,x29	 x24:0x08000000 x29:0x00000001 x13=0x08000001
       43445000	      4245	8000863a	026c8f63	beq	x25,x6,80008678	 x25:0x80025ce4  x6:0x00000000
       43455000	      4246	8000863e	0661b793	sltiu	x15,x3,102	  x3:0xffffffff x15=0x00000000
       43465000	      4247	80008642	6d15	c.lui	x26,0x5	 x26=0x00005000
       43835000	      4284	80008644	02d34e33	div	x28,x6,x13	  x6:0x00000000 x13:0x08000001 x28=0x00000000
       43865000	      4287	80008648	036607b3	mul	x15,x12,x22	 x12:0x00000001 x22:0x00002001 x15=0x00002001
       43875000	      4288	8000864c	0ff0000f	fence	iorw,iorw	
       43885000	      4289	80008650	8c89	c.sub	x9,x10	  x9:0x00000370 x10:0x3d8149ee  x9=0xc27eb982
       43895000	      4290	80008652	8d4d	c.or	x10,x11	 x10:0x3d8149ee x11:0xe13fe6d8 x10=0xfdbfeffe
       43905000	      4291	80008654	007e87b3	add	x15,x29,x7	 x29:0x00000001  x7:0x83200000 x15=0x83200001
       43915000	      4292	80008658	008cad33	slt	x26,x25,x8	 x25:0x80025ce4  x8:0x00000000 x26=0x00000001
       44285000	      4329	8000865c	03944333	div	x6,x8,x25	  x8:0x00000000 x25:0x80025ce4  x6=0x00000000
       44655000	      4366	80008660	03bcf0b3	remu	x1,x25,x27	 x25:0x80025ce4 x27:0x80000000  x1=0x00025ce4
       44665000	      4367	80008664	40875293	srai	x5,x14,0x8	 x14:0xffffffc2  x5=0xffffffff
       44675000	      4368	80008668	00eaf3b3	and	x7,x21,x14	 x21:0x0ba2e8ba x14:0xffffffc2  x7=0x0ba2e882
       44685000	      4369	8000866c	41e75813	srai	x16,x14,0x1e	 x14:0xffffffc2 x16=0xffffffff
       44695000	      4370	80008670	dcbadab7	lui	x21,0xdcbad	 x21=0xdcbad000
       44705000	      4371	80008674	41c45d33	sra	x26,x8,x28	  x8:0x00000000 x28:0x00000000 x26=0x00000000
       44715000	      4372	80008678	01986263	bltu	x16,x25,8000867c	 x16:0xffffffff x25:0x80025ce4
       44755000	      4376	8000867c	03cb32b3	mulhu	x5,x22,x28	 x22:0x00002001 x28:0x00000000  x5=0x00000000
       44765000	      4377	80008680	22b1b293	sltiu	x5,x3,555	  x3:0xffffffff  x5=0x00000000
       44775000	      4378	80008684	8bc1	c.andi	x15,16	 x15:0x83200001 x15=0x00000000
       44785000	      4379	80008686	0044e6b3	or	x13,x9,x4	  x9:0xc27eb982  x4:0x000007db x13=0xc27ebfdb
       44795000	      4380	8000868a	8d31	c.xor	x10,x12	 x10:0xfdbfeffe x12:0x00000001 x10=0xfdbfefff
       44805000	      4381	8000868c	8ded	c.and	x11,x11	 x11:0xe13fe6d8 x11:0xe13fe6d8 x11=0xe13fe6d8
       44815000	      4382	8000868e	0001	c.addi	x0,0	  x0:0x00000000  x0=0x00000000
       44825000	      4383	80008690	01e9f133	and	x2,x19,x30	 x19:0x80021e40 x30:0x3d8149ef  x2=0x00000840
       44835000	      4384	80008694	6149	c.addi16sp	x2,144	  x2:0x00000840  x2=0x000008d0
       44875000	      4388	80008696	03539433	mulh	x8,x7,x21	  x7:0x0ba2e882 x21:0xdcbad000  x8=0xfe65951f
       44885000	      4389	8000869a	8c71	c.and	x8,x12	  x8:0xfe65951f x12:0x00000001  x8=0x00000001
       44895000	      4390	8000869c	01f918b3	sll	x17,x18,x31	 x18:0x00002000 x31:0x3d814f7f x17=0x00000000
       44905000	      4391	800086a0	9a3e0413	addi	x8,x28,-1629	 x28:0x00000000  x8=0xfffff9a3
       44915000	      4392	800086a4	6175	c.addi16sp	x2,368	  x2:0x000008d0  x2=0x00000a40
       44925000	      4393	800086a6	52fd	c.li	x5,-1	  x5=0xffffffff
       44935000	      4394	800086a8	8ff9	c.and	x15,x14	 x15:0x00000000 x14:0xffffffc2 x15=0x00000000
       44955000	      4396	800086aa	037958b3	divu	x17,x18,x23	 x18:0x00002000 x23:0x00000000 x17=0xffffffff
       44995000	      4400	800086ae	03f02033	mulhsu	x0,x0,x31	  x0:0x00000000 x31:0x3d814f7f  x0=0x00000000
       45005000	      4401	800086b2	00774c63	blt	x14,x7,800086ca	 x14:0xffffffc2  x7:0x0ba2e882
       45035000	      4404	800086ca	0007c263	blt	x15,x0,800086ce	 x15:0x00000000  x0:0x00000000
       45045000	      4405	800086ce	00de1693	slli	x13,x28,0xd	 x28:0x00000000 x13=0x00000000
       45055000	      4406	800086d2	9e86	c.add	x29,x1	 x29:0x00000001  x1:0x00025ce4 x29=0x00025ce5
       45065000	      4407	800086d4	615d	c.addi16sp	x2,432	  x2:0x00000a40  x2=0x00000bf0
       45075000	      4408	800086d6	8421	c.srai	x8,0x8	  x8:0xfffff9a3  x8=0xfffffff9
       45445000	      4445	800086d8	0350ffb3	remu	x31,x1,x21	  x1:0x00025ce4 x21:0xdcbad000 x31=0x00025ce4
       45455000	      4446	800086dc	0001	c.addi	x0,0	  x0:0x00000000  x0=0x00000000
       45465000	      4447	800086de	01fc8863	beq	x25,x31,800086ee	 x25:0x80025ce4 x31:0x00025ce4
       45475000	      4448	800086e2	e46b8d13	addi	x26,x23,-442	 x23:0x00000000 x26=0xfffffe46
       45485000	      4449	800086e6	01435f33	srl	x30,x6,x20	  x6:0x00000000 x20:0x80000000 x30=0x00000000
       45855000	      4486	800086ea	02af5b33	divu	x22,x30,x10	 x30:0x00000000 x10:0xfdbfefff x22=0x00000000
       45865000	      4487	800086ee	01763833	sltu	x16,x12,x23	 x12:0x00000001 x23:0x00000000 x16=0x00000000
       45875000	      4488	800086f2	ed89	c.bnez	x11,8000870c	 x11:0xe13fe6d8
       45895000	      4490	8000870c	00b6ae33	slt	x28,x13,x11	 x13:0x00000000 x11:0xe13fe6d8 x28=0x00000000
       45905000	      4491	80008710	823a	c.mv	x4,x14	  x0:0x00000000 x14:0xffffffc2  x4=0xffffffc2
       45915000	      4492	80008712	717d	c.addi16sp	x2,-16	  x2:0x00000bf0  x2=0x00000be0
       45925000	      4493	80008714	616d	c.addi16sp	x2,240	  x2:0x00000be0  x2=0x00000cd0
       45935000	      4494	80008716	002106b3	add	x13,x2,x2	  x2:0x00000cd0  x2:0x00000cd0 x13=0x000019a0
       45945000	      4495	8000871a	8661	c.srai	x12,0x18	 x12:0x00000001 x12=0x00000000
       45955000	      4496	8000871c	4031da33	sra	x20,x3,x3	  x3:0xffffffff  x3:0xffffffff x20=0xffffffff
       46325000	      4533	80008720	03386733	rem	x14,x16,x19	 x16:0x00000000 x19:0x80021e40 x14=0x00000000
       46335000	      4534	80008724	400e03b3	sub	x7,x28,x0	 x28:0x00000000  x0:0x00000000  x7=0x00000000
       46345000	      4535	80008728	061a	c.slli	x12,0x6	 x12:0x00000000 x12=0x00000000
       46355000	      4536	8000872a	02009063	bne	x1,x0,8000874a	  x1:0x00025ce4  x0:0x00000000
       46385000	      4539	8000874a	01c15b33	srl	x22,x2,x28	  x2:0x00000cd0 x28:0x00000000 x22=0x00000cd0
       46395000	      4540	8000874e	cb758d13	addi	x26,x11,-841	 x11:0xe13fe6d8 x26=0xe13fe38f
       46405000	      4541	80008752	6179	c.addi16sp	x2,464	  x2:0x00000cd0  x2=0x00000ea0
       46415000	      4542	80008754	01627d33	and	x26,x4,x22	  x4:0xffffffc2 x22:0x00000cd0 x26=0x00000cc0
       46435000	      4544	80008758	03e8c833	div	x16,x17,x30	 x17:0xffffffff x30:0x00000000 x16=0xffffffff
       46445000	      4545	8000875c	1698	c.addi4spn	x14,x2,864	 x14=0x00001200
       46455000	      4546	8000875e	bbb6c893	xori	x17,x13,-1093	 x13:0x000019a0 x17=0xffffe21b
       46465000	      4547	80008762	131c	c.addi4spn	x15,x2,416	 x15=0x00001040
       46475000	      4548	80008764	404dd633	sra	x12,x27,x4	 x27:0x80000000  x4:0xffffffc2 x12=0xe0000000
       46485000	      4549	80008768	8d85	c.sub	x11,x9	 x11:0xe13fe6d8  x9:0xc27eb982 x11=0x1ec12d56
       46495000	      4550	8000876a	82e1	c.srli	x13,0x18	 x13:0x000019a0 x13=0x00000000
       46535000	      4554	8000876c	02103e33	mulhu	x28,x0,x1	  x0:0x00000000  x1:0x00025ce4 x28=0x00000000
       46575000	      4558	80008770	02612d33	mulhsu	x26,x2,x6	  x2:0x00000ea0  x6:0x00000000 x26=0x00000000
       46945000	      4595	80008774	02fff4b3	remu	x9,x31,x15	 x31:0x00025ce4 x15:0x00001040  x9=0x000003a4
       46955000	      4596	80008778	02331d63	bne	x6,x3,800087b2	  x6:0x00000000  x3:0xffffffff
       46985000	      4599	800087b2	2810ab13	slti	x22,x1,641	  x1:0x00025ce4 x22=0x00000000
       46995000	      4600	800087b6	418ed313	srai	x6,x29,0x18	 x29:0x00025ce5  x6=0x00000000
       47025000	      4603	800087ba	03840333	mul	x6,x8,x24	  x8:0xfffffff9 x24:0x08000000  x6=0xc8000000
       47035000	      4604	800087be	011e8263	beq	x29,x17,800087c2	 x29:0x00025ce5 x17:0xffffe21b
       47045000	      4605	800087c2	02bd5463	bge	x26,x11,800087ea	 x26:0x00000000 x11:0x1ec12d56
       47415000	      4642	800087c6	03bbc4b3	div	x9,x23,x27	 x23:0x00000000 x27:0x80000000  x9=0x00000000
       47425000	      4643	800087ca	021c0463	beq	x24,x1,800087f2	 x24:0x08000000  x1:0x00025ce4
       47435000	      4644	800087ce	00a48433	add	x8,x9,x10	  x9:0x00000000 x10:0xfdbfefff  x8=0xfdbfefff
       47445000	      4645	800087d2	03c90d63	beq	x18,x28,8000880c	 x18:0x00002000 x28:0x00000000
       47455000	      4646	800087d6	0000100f	fence.i	
       47475000	      4648	800087da	6251	c.lui	x4,0x14	  x4=0x00014000
       47485000	      4649	800087dc	0955	c.addi	x18,21	 x18:0x00002000 x18=0x00002015
       47495000	      4650	800087de	85b9	c.srai	x11,0xe	 x11:0x1ec12d56 x11=0x00007b04
       47505000	      4651	800087e0	4475	c.li	x8,29	  x8=0x0000001d
       47515000	      4652	800087e2	00fc7e33	and	x28,x24,x15	 x24:0x08000000 x15:0x00001040 x28=0x00000000
       47525000	      4653	800087e6	d23afc13	andi	x24,x21,-733	 x21:0xdcbad000 x24=0xdcbad000
       47535000	      4654	800087ea	8669	c.srai	x12,0x1a	 x12:0xe0000000 x12=0xfffffff8
       47545000	      4655	800087ec	0001	c.addi	x0,0	  x0:0x00000000  x0=0x00000000
       47555000	      4656	800087ee	015e5793	srli	x15,x28,0x15	 x28:0x00000000 x15=0x00000000
       47565000	      4657	800087f2	019987b3	add	x15,x19,x25	 x19:0x80021e40 x25:0x80025ce4 x15=0x00047b24
       47575000	      4658	800087f6	415085b3	sub	x11,x1,x21	  x1:0x00025ce4 x21:0xdcbad000 x11=0x23478ce4
       47585000	      4659	800087fa	3859e893	ori	x17,x19,901	 x19:0x80021e40 x17=0x80021fc5
       47595000	      4660	800087fe	c1b1	c.beqz	x11,80008842	 x11:0x23478ce4
       47605000	      4661	80008800	829a	c.mv	x5,x6	  x0:0x00000000  x6:0xc8000000  x5=0xc8000000
       47615000	      4662	80008802	004b1c63	bne	x22,x4,8000881a	 x22:0x00000000  x4:0x00014000
       47645000	      4665	8000881a	003e0d63	beq	x28,x3,80008834	 x28:0x00000000  x3:0xffffffff
       47655000	      4666	8000881e	ea1bfd13	andi	x26,x23,-351	 x23:0x00000000 x26=0x00000000
       47665000	      4667	80008822	98300f93	addi	x31,x0,-1661	  x0:0x00000000 x31=0xfffff983
       47675000	      4668	80008826	4120d913	srai	x18,x1,0x12	  x1:0x00025ce4 x18=0x00000000
       47705000	      4671	8000882a	034b8e33	mul	x28,x23,x20	 x23:0x00000000 x20:0xffffffff x28=0x00000000
       47715000	      4672	8000882e	017f9313	slli	x6,x31,0x17	 x31:0xfffff983  x6=0xc1800000
       47725000	      4673	80008832	6221	c.lui	x4,0x8	  x4=0x00008000
       47735000	      4674	80008834	0001	c.addi	x0,0	  x0:0x00000000  x0=0x00000000
       47745000	      4675	80008836	ace12a13	slti	x20,x2,-1330	  x2:0x00000ea0 x20=0x00000000
       47755000	      4676	8000883a	01343c33	sltu	x24,x8,x19	  x8:0x0000001d x19:0x80021e40 x24=0x00000001
       47765000	      4677	8000883e	03ec4163	blt	x24,x30,80008860	 x24:0x00000001 x30:0x00000000
       47775000	      4678	80008842	02979063	bne	x15,x9,80008862	 x15:0x00047b24  x9:0x00000000
       47805000	      4681	80008862	38783b13	sltiu	x22,x16,903	 x16:0xffffffff x22=0x00000000
       48175000	      4718	80008866	02fb42b3	div	x5,x22,x15	 x22:0x00000000 x15:0x00047b24  x5=0x00000000
       48185000	      4719	8000886a	0ff0000f	fence	iorw,iorw	
       48195000	      4720	8000886e	1300	c.addi4spn	x8,x2,416	  x8=0x00001040
       48565000	      4757	80008870	02be63b3	rem	x7,x28,x11	 x28:0x00000000 x11:0x23478ce4  x7=0x00000000
       48575000	      4758	80008874	8fcd	c.or	x15,x11	 x15:0x00047b24 x11:0x23478ce4 x15=0x2347ffe4
       48585000	      4759	80008876	8e09	c.sub	x12,x10	 x12:0xfffffff8 x10:0xfdbfefff x12=0x02400ff9
       48595000	      4760	80008878	0001	c.addi	x0,0	  x0:0x00000000  x0=0x00000000
       48605000	      4761	8000887a	8625	c.srai	x12,0x9	 x12:0x02400ff9 x12=0x00012007
       48615000	      4762	8000887c	8aed	c.andi	x13,27	 x13:0x00000000 x13=0x00000000
       48625000	      4763	8000887e	1f7d	c.addi	x30,-1	 x30:0x00000000 x30=0xffffffff
       48635000	      4764	80008880	99fd	c.andi	x11,-1	 x11:0x23478ce4 x11=0x23478ce4
       48645000	      4765	80008882	037edc63	bge	x29,x23,800088ba	 x29:0x00025ce5 x23:0x00000000
       48665000	      4767	800088ba	1b7d	c.addi	x22,-1	 x22:0x00000000 x22=0xffffffff
       48675000	      4768	800088bc	00b7e433	or	x8,x15,x11	 x15:0x2347ffe4 x11:0x23478ce4  x8=0x2347ffe4
       48685000	      4769	800088c0	01cb93b3	sll	x7,x23,x28	 x23:0x00000000 x28:0x00000000  x7=0x00000000
       48695000	      4770	800088c4	0000100f	fence.i	
       48715000	      4772	800088c8	00b5ee33	or	x28,x11,x11	 x11:0x23478ce4 x11:0x23478ce4 x28=0x23478ce4
       48725000	      4773	800088cc	8c05	c.sub	x8,x9	  x8:0x2347ffe4  x9:0x00000000  x8=0x2347ffe4
       48735000	      4774	800088ce	117d	c.addi	x2,-1	  x2:0x00000ea0  x2=0x00000e9f
       48745000	      4775	800088d0	fb478113	addi	x2,x15,-76	 x15:0x2347ffe4  x2=0x2347ff98
       48755000	      4776	800088d4	01936c33	or	x24,x6,x25	  x6:0xc1800000 x25:0x80025ce4 x24=0xc1825ce4
       48765000	      4777	800088d8	01f78ab3	add	x21,x15,x31	 x15:0x2347ffe4 x31:0xfffff983 x21=0x2347f967
       48775000	      4778	800088dc	009fe4b3	or	x9,x31,x9	 x31:0xfffff983  x9:0x00000000  x9=0xfffff983
       48785000	      4779	800088e0	8329	c.srli	x14,0xa	 x14:0x00001200 x14=0x00000004
       48795000	      4780	800088e2	8c75	c.and	x8,x13	  x8:0x2347ffe4 x13:0x00000000  x8=0x00000000
       48805000	      4781	800088e4	01a15e13	srli	x28,x2,0x1a	  x2:0x2347ff98 x28=0x00000008
       48815000	      4782	800088e8	00ab6233	or	x4,x22,x10	 x22:0xffffffff x10:0xfdbfefff  x4=0xffffffff
       49185000	      4819	800088ec	03ed64b3	rem	x9,x26,x30	 x26:0x00000000 x30:0xffffffff  x9=0x00000000
       49195000	      4820	800088f0	00ce1b33	sll	x22,x28,x12	 x28:0x00000008 x12:0x00012007 x22=0x00000400
       49205000	      4821	800088f4	11d78193	addi	x3,x15,285	 x15:0x2347ffe4  x3=0x23480101
       49225000	      4823	800088f8	037ec333	div	x6,x29,x23	 x29:0x00025ce5 x23:0x00000000  x6=0xffffffff
       49235000	      4824	800088fc	23f0c437	lui	x8,0x23f0c	  x8=0x23f0c000
       49245000	      4825	80008900	8d8d	c.sub	x11,x11	 x11:0x23478ce4 x11:0x23478ce4 x11=0x00000000
       49255000	      4826	80008902	8da1	c.xor	x11,x8	 x11:0x00000000  x8:0x23f0c000 x11=0x23f0c000
       49295000	      4830	80008904	036b2433	mulhsu	x8,x22,x22	 x22:0x00000400 x22:0x00000400  x8=0x00000000
       49305000	      4831	80008908	00787233	and	x4,x16,x7	 x16:0xffffffff  x7:0x00000000  x4=0x00000000
       49315000	      4832	8000890c	0196beb3	sltu	x29,x13,x25	 x13:0x00000000 x25:0x80025ce4 x29=0x00000001
       49325000	      4833	80008910	004f5b13	srli	x22,x30,0x4	 x30:0xffffffff x22=0x0fffffff
       49335000	      4834	80008914	017a2833	slt	x16,x20,x23	 x20:0x00000000 x23:0x00000000 x16=0x00000000
       49345000	      4835	80008918	00449763	bne	x9,x4,80008926	  x9:0x00000000  x4:0x00000000
       49355000	      4836	8000891c	8355	c.srli	x14,0x15	 x14:0x00000004 x14=0x00000000
       49365000	      4837	8000891e	86dd	c.srai	x13,0x17	 x13:0x00000000 x13=0x00000000
       49375000	      4838	80008920	c31d	c.beqz	x14,80008946	 x14:0x00000000
       49405000	      4841	80008946	be2175b7	lui	x11,0xbe217	 x11=0xbe217000
       49415000	      4842	8000894a	0049a783	lw	x15,4(x19)	 x19:0x80021e40 x15=0x80004e02 PA:0x80021e44 load:0x80004e02
       49785000	      4879	8000894e	02355f33	divu	x30,x10,x3	 x10:0xfdbfefff  x3:0x23480101 x30=0x00000007
       49795000	      4880	80008952	02498993	addi	x19,x19,36	 x19:0x80021e40 x19=0x80021e64
       49805000	      4881	80008956	91f2	c.add	x3,x28	  x3:0x23480101 x28:0x00000008  x3=0x23480109
       49815000	      4882	80008958	0ff0000f	fence	iorw,iorw	
       49825000	      4883	8000895c	4541	c.li	x10,16	 x10=0x00000010
       49835000	      4884	8000895e	3fd1aa93	slti	x21,x3,1021	  x3:0x23480109 x21=0x00000000
       49845000	      4885	80008962	409f0a33	sub	x20,x30,x9	 x30:0x00000007  x9:0x00000000 x20=0x00000007
       49855000	      4886	80008966	0ff0000f	fence	iorw,iorw	
       49885000	      4889	8000896a	036981b3	mul	x3,x19,x22	 x19:0x80021e64 x22:0x0fffffff  x3=0xbffde19c
       49895000	      4890	8000896e	00078a93	addi	x21,x15,0	 x15:0x80004e02 x21=0x80004e02
       49905000	      4891	80008972	000a8ae7	jalr	x21,0(x21)	 x21:0x80004e02 x21=0x80008976
       49945000	      4895	80004e02	02486c33	rem	x24,x16,x4	 x16:0x00000000  x4:0x00000000 x24=0x00000000
       49955000	      4896	80004e06	0001	c.addi	x0,0	  x0:0x00000000  x0=0x00000000
       49995000	      4900	80004e08	027baeb3	mulhsu	x29,x23,x7	 x23:0x00000000  x7:0x00000000 x29=0x00000000
       50005000	      4901	80004e0c	681d	c.lui	x16,0x7	 x16=0x00007000
       50015000	      4902	80004e0e	6109	c.addi16sp	x2,128	  x2:0x2347ff98  x2=0x23480018
       50055000	      4906	80004e10	03b2b133	mulhu	x2,x5,x27	  x5:0x00000000 x27:0x80000000  x2=0x00000000
       50065000	      4907	80004e14	03870263	beq	x14,x24,80004e38	 x14:0x00000000 x24:0x00000000
       50085000	      4909	80004e38	017edc63	bge	x29,x23,80004e50	 x29:0x00000000 x23:0x00000000
       50105000	      4911	80004e50	69693e37	lui	x28,0x69693	 x28=0x69693000
       50115000	      4912	80004e54	8e01	c.sub	x12,x8	 x12:0x00012007  x8:0x00000000 x12=0x00012007
       50125000	      4913	80004e56	6975	c.lui	x18,0x1d	 x18=0x0001d000
       50135000	      4914	80004e58	86cd	c.srai	x13,0x13	 x13:0x00000000 x13=0x00000000
       50145000	      4915	80004e5a	0000100f	fence.i	
       50535000	      4954	80004e5e	0398cf33	div	x30,x17,x25	 x17:0x80021fc5 x25:0x80025ce4 x30=0x00000001
       50545000	      4955	80004e62	00fc32b3	sltu	x5,x24,x15	 x24:0x00000000 x15:0x80004e02  x5=0x00000001
       50555000	      4956	80004e66	85ed	c.srai	x11,0x1b	 x11:0xbe217000 x11=0xfffffff7
       50565000	      4957	80004e68	0000100f	fence.i	
       50585000	      4959	80004e6c	416c8213	addi	x4,x25,1046	 x25:0x80025ce4  x4=0x800260fa
       50595000	      4960	80004e70	187d	c.addi	x16,-1	 x16:0x00007000 x16=0x00006fff
       50605000	      4961	80004e72	57764913	xori	x18,x12,1399	 x12:0x00012007 x18=0x00012570
       50615000	      4962	80004e76	197d	c.addi	x18,-1	 x18:0x00012570 x18=0x0001256f
       50655000	      4966	80004e78	03379bb3	mulh	x23,x15,x19	 x15:0x80004e02 x19:0x80021e64 x23=0x3ffec9cd
       50665000	      4967	80004e7c	003df033	and	x0,x27,x3	 x27:0x80000000  x3:0xbffde19c  x0=0x00000000
       50675000	      4968	80004e80	8b84c293	xori	x5,x9,-1864	  x9:0x00000000  x5=0xfffff8b8
       50685000	      4969	80004e84	027c8d63	beq	x25,x7,80004ebe	 x25:0x80025ce4  x7:0x00000000
       50695000	      4970	80004e88	84a1	c.srai	x9,0x8	  x9:0x00000000  x9=0x00000000
       50705000	      4971	80004e8a	73b0b117	auipc	x2,0x73b0b	  x2=0xf3b0fe8a
       50715000	      4972	80004e8e	c167c613	xori	x12,x15,-1002	 x15:0x80004e02 x12=0x7fffb214
       50725000	      4973	80004e92	03760663	beq	x12,x23,80004ebe	 x12:0x7fffb214 x23:0x3ffec9cd
       50765000	      4977	80004e96	03942933	mulhsu	x18,x8,x25	  x8:0x00000000 x25:0x80025ce4 x18=0x00000000
       50775000	      4978	80004e9a	01bddf93	srli	x31,x27,0x1b	 x27:0x80000000 x31=0x00000010
       50785000	      4979	80004e9e	6f05	c.lui	x30,0x1	 x30=0x00001000
       50795000	      4980	80004ea0	717d	c.addi16sp	x2,-16	  x2:0xf3b0fe8a  x2=0xf3b0fe7a
       50805000	      4981	80004ea2	07d34563	blt	x6,x29,80004f0c	  x6:0xffffffff x29:0x00000000
       50825000	      4983	80004f0c	6ab9	c.lui	x21,0xe	 x21=0x0000e000
       50835000	      4984	80004f0e	71263013	sltiu	x0,x12,1810	 x12:0x7fffb214  x0=0x00000000
       50845000	      4985	80004f12	88330c13	addi	x24,x6,-1917	  x6:0xffffffff x24=0xfffff882
       50875000	      4988	80004f16	036607b3	mul	x15,x12,x22	 x12:0x7fffb214 x22:0x0fffffff x15=0xc0004dec
       50885000	      4989	80004f1a	8fbd	c.xor	x15,x15	 x15:0xc0004dec x15:0xc0004dec x15=0x00000000
       50895000	      4990	80004f1c	01273ab3	sltu	x21,x14,x18	 x14:0x00000000 x18:0x00000000 x21=0x00000000
       50905000	      4991	80004f20	8ed9	c.or	x13,x14	 x13:0x00000000 x14:0x00000000 x13=0x00000000
       50915000	      4992	80004f22	009050b3	srl	x1,x0,x9	  x0:0x00000000  x9:0x00000000  x1=0x00000000
       50925000	      4993	80004f26	87f1	c.srai	x15,0x1c	 x15:0x00000000 x15=0x00000000
       50935000	      4994	80004f28	035e	c.slli	x6,0x17	  x6:0xffffffff  x6=0xff800000
       50945000	      4995	80004f2a	8489	c.srai	x9,0x2	  x9:0x00000000  x9=0x00000000
       50955000	      4996	80004f2c	272b3413	sltiu	x8,x22,626	 x22:0x0fffffff  x8=0x00000000
       50965000	      4997	80004f30	014b5e63	bge	x22,x20,80004f4c	 x22:0x0fffffff x20:0x00000007
       50985000	      4999	80004f4c	611d	c.addi16sp	x2,416	  x2:0xf3b0fe7a  x2=0xf3b1001a
       50995000	      5000	80004f4e	011fcf63	blt	x31,x17,80004f6c	 x31:0x00000010 x17:0x80021fc5
       51015000	      5002	80004f52	0294fd33	remu	x26,x9,x9	  x9:0x00000000  x9:0x00000000 x26=0x00000000
       51025000	      5003	80004f56	1a94	c.addi4spn	x13,x2,368	 x13=0xf3b1018a
       51035000	      5004	80004f58	0001	c.addi	x0,0	  x0:0x00000000  x0=0x00000000
       51045000	      5005	80004f5a	8e41	c.or	x12,x8	 x12:0x7fffb214  x8:0x00000000 x12=0x7fffb214
       51055000	      5006	80004f5c	8ced	c.and	x9,x11	  x9:0x00000000 x11:0xfffffff7  x9=0x00000000
       51065000	      5007	80004f5e	01bc1033	sll	x0,x24,x27	 x24:0xfffff882 x27:0x80000000  x0=0x00000000
       51105000	      5011	80004f62	0243a6b3	mulhsu	x13,x7,x4	  x7:0x00000000  x4:0x800260fa x13=0x00000000
       51115000	      5012	80004f66	00a43333	sltu	x6,x8,x10	  x8:0x00000000 x10:0x00000010  x6=0x00000001
       51125000	      5013	80004f6a	68d1	c.lui	x17,0x14	 x17=0x00014000
       51135000	      5014	80004f6c	a0bea613	slti	x12,x29,-1525	 x29:0x00000000 x12=0x00000000
       51145000	      5015	80004f70	0994	c.addi4spn	x13,x2,208	 x13=0xf3b100ea
       51155000	      5016	80004f72	2225b093	sltiu	x1,x11,546	 x11:0xfffffff7  x1=0x00000000
       51165000	      5017	80004f76	0001	c.addi	x0,0	  x0:0x00000000  x0=0x00000000
       51175000	      5018	80004f78	62b5	c.lui	x5,0xd	  x5=0x0000d000
       51185000	      5019	80004f7a	0142d963	bge	x5,x20,80004f8c	  x5:0x0000d000 x20:0x00000007
       51205000	      5021	80004f8c	ec91	c.bnez	x9,80004fa8	  x9:0x00000000
       51215000	      5022	80004f8e	011a8433	add	x8,x21,x17	 x21:0x00000000 x17:0x00014000  x8=0x00014000
       51225000	      5023	80004f92	4cd1b913	sltiu	x18,x3,1229	  x3:0xbffde19c x18=0x00000000
       51235000	      5024	80004f96	02f5e963	bltu	x11,x15,80004fc8	 x11:0xfffffff7 x15:0x00000000
       51245000	      5025	80004f9a	40a20833	sub	x16,x4,x10	  x4:0x800260fa x10:0x00000010 x16=0x800260ea
       51255000	      5026	80004f9e	66a17e13	andi	x28,x2,1642	  x2:0xf3b1001a x28=0x0000000a
       51265000	      5027	80004fa2	15fd	c.addi	x11,-1	 x11:0xfffffff7 x11=0xfffffff6
       51275000	      5028	80004fa4	0d84	c.addi4spn	x9,x2,720	  x9=0xf3b102ea
       51285000	      5029	80004fa6	e899	c.bnez	x9,80004fbc	  x9:0xf3b102ea
       51305000	      5031	80004fbc	08603b13	sltiu	x22,x0,134	  x0:0x00000000 x22=0x00000001
       51315000	      5032	80004fc0	0462	c.slli	x8,0x18	  x8:0x00014000  x8=0x00000000
       51325000	      5033	80004fc2	9bfd	c.andi	x15,-1	 x15:0x00000000 x15=0x00000000
       51335000	      5034	80004fc4	01f57863	bgeu	x10,x31,80004fd4	 x10:0x00000010 x31:0x00000010
       51355000	      5036	80004fd4	01abeb63	bltu	x23,x26,80004fea	 x23:0x3ffec9cd x26:0x00000000
       51365000	      5037	80004fd8	e41f9697	auipc	x13,0xe41f9	 x13=0x641fdfd8
       51375000	      5038	80004fdc	416cd893	srai	x17,x25,0x16	 x25:0x80025ce4 x17=0xfffffe00
       51385000	      5039	80004fe0	016b6c33	or	x24,x22,x22	 x22:0x00000001 x22:0x00000001 x24=0x00000001
       51395000	      5040	80004fe4	0001	c.addi	x0,0	  x0:0x00000000  x0=0x00000000
       51405000	      5041	80004fe6	01d81e93	slli	x29,x16,0x1d	 x16:0x800260ea x29=0x40000000
       51415000	      5042	80004fea	8e31	c.xor	x12,x12	 x12:0x00000000 x12:0x00000000 x12=0x00000000
       51425000	      5043	80004fec	0000100f	fence.i	
       51445000	      5045	80004ff0	00e09233	sll	x4,x1,x14	  x1:0x00000000 x14:0x00000000  x4=0x00000000
       51455000	      5046	80004ff4	af10c213	xori	x4,x1,-1295	  x1:0x00000000  x4=0xfffffaf1
       51465000	      5047	80004ff8	6779	c.lui	x14,0x1e	 x14=0x0001e000
       51475000	      5048	80004ffa	016ee0b3	or	x1,x29,x22	 x29:0x40000000 x22:0x00000001  x1=0x40000001
       51485000	      5049	80004ffe	0107f2b3	and	x5,x15,x16	 x15:0x00000000 x16:0x800260ea  x5=0x00000000
       51495000	      5050	80005002	0001	c.addi	x0,0	  x0:0x00000000  x0=0x00000000
       51505000	      5051	80005004	007d4d33	xor	x26,x26,x7	 x26:0x00000000  x7:0x00000000 x26=0x00000000
       51515000	      5052	80005008	04500563	beq	x0,x5,80005052	  x0:0x00000000  x5:0x00000000
       51545000	      5055	80005052	9c178d13	addi	x26,x15,-1599	 x15:0x00000000 x26=0xfffff9c1
       51555000	      5056	80005056	6141	c.addi16sp	x2,16	  x2:0xf3b1001a  x2=0xf3b1002a
       51565000	      5057	80005058	035aeb63	bltu	x21,x21,8000508e	 x21:0x00000000 x21:0x00000000
       51575000	      5058	8000505c	b51cee13	ori	x28,x25,-1199	 x25:0x80025ce4 x28=0xfffffff5
       51945000	      5095	80005060	022864b3	rem	x9,x16,x2	 x16:0x800260ea  x2:0xf3b1002a  x9=0xfb185f46
       51955000	      5096	80005064	d2e5a493	slti	x9,x11,-722	 x11:0xfffffff6  x9=0x00000000
       51965000	      5097	80005068	05c1	c.addi	x11,16	 x11:0xfffffff6 x11=0x00000006
       51975000	      5098	8000506a	10fd	c.addi	x1,-1	  x1:0x40000001  x1=0x40000000
       51985000	      5099	8000506c	38b23393	sltiu	x7,x4,907	  x4:0xfffffaf1  x7=0x00000000
       51995000	      5100	80005070	410f5233	sra	x4,x30,x16	 x30:0x00001000 x16:0x800260ea  x4=0x00000004
       52005000	      5101	80005074	9b9f7e93	andi	x29,x30,-1607	 x30:0x00001000 x29=0x00001000
       52015000	      5102	80005078	6f7f6093	ori	x1,x30,1783	 x30:0x00001000  x1=0x000016f7
       52025000	      5103	8000507c	0ff0000f	fence	iorw,iorw	
       52395000	      5140	80005080	039ee033	rem	x0,x29,x25	 x29:0x00001000 x25:0x80025ce4  x0=0x00000000
       52405000	      5141	80005084	012c5713	srli	x14,x24,0x12	 x24:0x00000001 x14=0x00000000
       52415000	      5142	80005088	98fd	c.andi	x9,-1	  x9:0x00000000  x9=0x00000000
       52425000	      5143	8000508a	415ed513	srai	x10,x29,0x15	 x29:0x00001000 x10=0x00000000
       52435000	      5144	8000508e	50fd	c.li	x1,-1	  x1=0xffffffff
       52465000	      5147	80005090	026d08b3	mul	x17,x26,x6	 x26:0xfffff9c1  x6:0x00000001 x17=0xfffff9c1
       52475000	      5148	80005094	40820333	sub	x6,x4,x8	  x4:0x00000004  x8:0x00000000  x6=0x00000004
       52485000	      5149	80005098	015394b3	sll	x9,x7,x21	  x7:0x00000000 x21:0x00000000  x9=0x00000000
       52495000	      5150	8000509c	411d0eb3	sub	x29,x26,x17	 x26:0xfffff9c1 x17:0xfffff9c1 x29=0x00000000
       52505000	      5151	800050a0	8616	c.mv	x12,x5	  x0:0x00000000  x5:0x00000000 x12=0x00000000
       52515000	      5152	800050a2	01961033	sll	x0,x12,x25	 x12:0x00000000 x25:0x80025ce4  x0=0x00000000
       52525000	      5153	800050a6	a91dfe13	andi	x28,x27,-1391	 x27:0x80000000 x28=0x80000000
       52535000	      5154	800050aa	8015	c.srli	x8,0x5	  x8:0x00000000  x8=0x00000000
       52545000	      5155	800050ac	03b31863	bne	x6,x27,800050dc	  x6:0x00000004 x27:0x80000000
       52565000	      5157	800050dc	9136	c.add	x2,x13	  x2:0xf3b1002a x13:0x641fdfd8  x2=0x57d0e002
       52575000	      5158	800050de	0359e163	bltu	x19,x21,80005100	 x19:0x80021e64 x21:0x00000000
       52585000	      5159	800050e2	0000100f	fence.i	
       52615000	      5162	800050e6	41d9d033	sra	x0,x19,x29	 x19:0x80021e64 x29:0x00000000  x0=0x00000000
       52625000	      5163	800050ea	4c5dab93	slti	x23,x27,1221	 x27:0x80000000 x23=0x00000001
       52635000	      5164	800050ee	3bee7e93	andi	x29,x28,958	 x28:0x80000000 x29=0x00000000
       52665000	      5167	800050f2	02b80c33	mul	x24,x16,x11	 x16:0x800260ea x11:0x00000006 x24=0x000e457c
       52675000	      5168	800050f6	0d41	c.addi	x26,16	 x26:0xfffff9c1 x26=0xfffff9d1
       52685000	      5169	800050f8	567d	c.li	x12,-1	 x12=0xffffffff
       52695000	      5170	800050fa	004f7e63	bgeu	x30,x4,80005116	 x30:0x00001000  x4:0x00000004
       52725000	      5173	80005116	00695193	srli	x3,x18,0x6	 x18:0x00000000  x3=0x00000000
       52735000	      5174	8000511a	987d	c.andi	x8,-1	  x8:0x00000000  x8=0x00000000
       52745000	      5175	8000511c	048e	c.slli	x9,0x3	  x9:0x00000000  x9=0x00000000
       52755000	      5176	8000511e	8ead	c.xor	x13,x11	 x13:0x641fdfd8 x11:0x00000006 x13=0x641fdfde
       52765000	      5177	80005120	017d1433	sll	x8,x26,x23	 x26:0xfffff9d1 x23:0x00000001  x8=0xfffff3a2
       52775000	      5178	80005124	c29d	c.beqz	x13,8000514a	 x13:0x641fdfde
       52785000	      5179	80005126	403ad893	srai	x17,x21,0x3	 x21:0x00000000 x17=0x00000000
       52805000	      5181	8000512a	029fdc33	divu	x24,x31,x9	 x31:0x00000010  x9:0x00000000 x24=0xffffffff
       52815000	      5182	8000512e	e89d	c.bnez	x9,80005164	  x9:0x00000000
       52825000	      5183	80005130	40e1d213	srai	x4,x3,0xe	  x3:0x00000000  x4=0x00000000
       53195000	      5220	80005134	02256ab3	rem	x21,x10,x2	 x10:0x00000000  x2:0x57d0e002 x21=0x00000000
       53225000	      5223	80005138	026783b3	mul	x7,x15,x6	 x15:0x00000000  x6:0x00000004  x7=0x00000000
       53235000	      5224	8000513c	008b2333	slt	x6,x22,x8	 x22:0x00000001  x8:0xfffff3a2  x6=0x00000000
       53245000	      5225	80005140	849d	c.srai	x9,0x7	  x9:0x00000000  x9=0x00000000
       53255000	      5226	80005142	0047e963	bltu	x15,x4,80005154	 x15:0x00000000  x4:0x00000000
       53265000	      5227	80005146	8625	c.srai	x12,0x9	 x12:0xffffffff x12=0xffffffff
       53275000	      5228	80005148	8e0d	c.sub	x12,x11	 x12:0xffffffff x11:0x00000006 x12=0xfffffff9
       53285000	      5229	8000514a	012d95b3	sll	x11,x27,x18	 x27:0x80000000 x18:0x00000000 x11=0x80000000
       53295000	      5230	8000514e	c10d	c.beqz	x10,80005170	 x10:0x00000000
       53325000	      5233	80005170	026d62b3	rem	x5,x26,x6	 x26:0xfffff9d1  x6:0x00000000  x5=0xfffff9d1
       53365000	      5237	80005174	03a1b133	mulhu	x2,x3,x26	  x3:0x00000000 x26:0xfffff9d1  x2=0x00000000
       53375000	      5238	80005178	81cd	c.srli	x11,0x13	 x11:0x80000000 x11=0x00001000
       53385000	      5239	8000517a	613d	c.addi16sp	x2,480	  x2:0x00000000  x2=0x000001e0
       53395000	      5240	8000517c	001d9213	slli	x4,x27,0x1	 x27:0x80000000  x4=0x00000000
       53405000	      5241	80005180	01f64863	blt	x12,x31,80005190	 x12:0xfffffff9 x31:0x00000010
       53785000	      5279	80005190	03b9c1b3	div	x3,x19,x27	 x19:0x80021e64 x27:0x80000000  x3=0x00000000
       53795000	      5280	80005194	40cf5833	sra	x16,x30,x12	 x30:0x00001000 x12:0xfffffff9 x16=0x00000000
       53805000	      5281	80005198	01ea83b3	add	x7,x21,x30	 x21:0x00000000 x30:0x00001000  x7=0x00001000
       53815000	      5282	8000519c	0001	c.addi	x0,0	  x0:0x00000000  x0=0x00000000
       53835000	      5284	8000519e	0240d933	divu	x18,x1,x4	  x1:0xffffffff  x4:0x00000000 x18=0xffffffff
       53845000	      5285	800051a2	02819a63	bne	x3,x8,800051d6	  x3:0x00000000  x8:0xfffff3a2
       53905000	      5291	800051d6	02722733	mulhsu	x14,x4,x7	  x4:0x00000000  x7:0x00001000 x14=0x00000000
       53915000	      5292	800051da	00788a33	add	x20,x17,x7	 x17:0x00000000  x7:0x00001000 x20=0x00001000
       53925000	      5293	800051de	599be593	ori	x11,x23,1433	 x23:0x00000001 x11=0x00000599
       53935000	      5294	800051e2	8ed9	c.or	x13,x14	 x13:0x641fdfde x14:0x00000000 x13=0x641fdfde
       53975000	      5298	800051e4	02bf35b3	mulhu	x11,x30,x11	 x30:0x00001000 x11:0x00000599 x11=0x00000000
       53985000	      5299	800051e8	00815633	srl	x12,x2,x8	  x2:0x000001e0  x8:0xfffff3a2 x12=0x00000078
       53995000	      5300	800051ec	05aa	c.slli	x11,0xa	 x11:0x00000000 x11=0x00000000
       54035000	      5304	800051ee	02212033	mulhsu	x0,x2,x2	  x2:0x000001e0  x2:0x000001e0  x0=0x00000000
       54045000	      5305	800051f2	dbe7b613	sltiu	x12,x15,-578	 x15:0x00000000 x12=0x00000001
       54075000	      5308	800051f6	02e28233	mul	x4,x5,x14	  x5:0xfffff9d1 x14:0x00000000  x4=0x00000000
       54095000	      5310	800051fa	02fadfb3	divu	x31,x21,x15	 x21:0x00000000 x15:0x00000000 x31=0xffffffff
       54105000	      5311	800051fe	412d	c.li	x2,11	  x2=0x0000000b
       54115000	      5312	80005200	00039913	slli	x18,x7,0x0	  x7:0x00001000 x18=0x00001000
       54125000	      5313	80005204	01457733	and	x14,x10,x20	 x10:0x00000000 x20:0x00001000 x14=0x00000000
       54135000	      5314	80005208	05b6	c.slli	x11,0xd	 x11:0x00000000 x11=0x00000000
       54145000	      5315	8000520a	00dd4333	xor	x6,x26,x13	 x26:0xfffff9d1 x13:0x641fdfde  x6=0x9be0260f
       54155000	      5316	8000520e	0331e963	bltu	x3,x19,80005240	  x3:0x00000000 x19:0x80021e64
       54175000	      5318	80005240	011d8433	add	x8,x27,x17	 x27:0x80000000 x17:0x00000000  x8=0x80000000
       54185000	      5319	80005244	9b593797	auipc	x15,0x9b593	 x15=0x1b598244
       54195000	      5320	80005248	01b1e563	bltu	x3,x27,80005252	  x3:0x00000000 x27:0x80000000
       54255000	      5326	80005252	032ca3b3	mulhsu	x7,x25,x18	 x25:0x80025ce4 x18:0x00001000  x7=0xfffff800
       54265000	      5327	80005256	018dc033	xor	x0,x27,x24	 x27:0x80000000 x24:0xffffffff  x0=0x00000000
       54275000	      5328	8000525a	01d96ab3	or	x21,x18,x29	 x18:0x00001000 x29:0x00000000 x21=0x00001000
       54285000	      5329	8000525e	1d69e893	ori	x17,x19,470	 x19:0x80021e64 x17=0x80021ff6
       54295000	      5330	80005262	00a206b3	add	x13,x4,x10	  x4:0x00000000 x10:0x00000000 x13=0x00000000
       54305000	      5331	80005266	5e7ae593	ori	x11,x21,1511	 x21:0x00001000 x11=0x000015e7
       54315000	      5332	8000526a	40d883b3	sub	x7,x17,x13	 x17:0x80021ff6 x13:0x00000000  x7=0x80021ff6
       54355000	      5336	8000526e	039db833	mulhu	x16,x27,x25	 x27:0x80000000 x25:0x80025ce4 x16=0x40012e72
       54365000	      5337	80005272	40d5d113	srai	x2,x11,0xd	 x11:0x000015e7  x2=0x00000000
       54375000	      5338	80005276	e3b4e493	ori	x9,x9,-453	  x9:0x00000000  x9=0xfffffe3b
       54385000	      5339	8000527a	8122	c.mv	x2,x8	  x0:0x00000000  x8:0x80000000  x2=0x80000000
       54395000	      5340	8000527c	95dc0f93	addi	x31,x24,-1699	 x24:0xffffffff x31=0xfffff95c
       54405000	      5341	80005280	41c3dbb3	sra	x23,x7,x28	  x7:0x80021ff6 x28:0x80000000 x23=0x80021ff6
       54415000	      5342	80005284	00ba72b3	and	x5,x20,x11	 x20:0x00001000 x11:0x000015e7  x5=0x00001000
       54785000	      5379	80005288	02516d33	rem	x26,x2,x5	  x2:0x80000000  x5:0x00001000 x26=0x00000000
       54795000	      5380	8000528c	ba1aba93	sltiu	x21,x21,-1119	 x21:0x00001000 x21=0x00000001
       54805000	      5381	80005290	0f52	c.slli	x30,0x14	 x30:0x00001000 x30=0x00000000
       54845000	      5385	80005292	02c43033	mulhu	x0,x8,x12	  x8:0x80000000 x12:0x00000001  x0=0x00000000
       54865000	      5387	80005296	03d742b3	div	x5,x14,x29	 x14:0x00000000 x29:0x00000000  x5=0xffffffff
       54875000	      5388	8000529a	daeb2337	lui	x6,0xdaeb2	  x6=0xdaeb2000
       54885000	      5389	8000529e	8a3c0f93	addi	x31,x24,-1885	 x24:0xffffffff x31=0xfffff8a2
       54925000	      5393	800052a2	02223e33	mulhu	x28,x4,x2	  x4:0x00000000  x2:0x80000000 x28=0x00000000
       54935000	      5394	800052a6	4700b4b7	lui	x9,0x4700b	  x9=0x4700b000
       54945000	      5395	800052aa	ed483413	sltiu	x8,x16,-300	 x16:0x40012e72  x8=0x00000001
       54955000	      5396	800052ae	0001	c.addi	x0,0	  x0:0x00000000  x0=0x00000000
       54965000	      5397	800052b0	8f1d	c.sub	x14,x15	 x14:0x00000000 x15:0x1b598244 x14=0xe4a67dbc
       54975000	      5398	800052b2	0ff0000f	fence	iorw,iorw	
       55005000	      5401	800052b6	02c685b3	mul	x11,x13,x12	 x13:0x00000000 x12:0x00000001 x11=0x00000000
       55015000	      5402	800052ba	8d4d	c.or	x10,x11	 x10:0x00000000 x11:0x00000000 x10=0x00000000
       55025000	      5403	800052bc	8ee1	c.and	x13,x8	 x13:0x00000000  x8:0x00000001 x13=0x00000000
       55395000	      5440	800052be	0312c733	div	x14,x5,x17	  x5:0xffffffff x17:0x80021ff6 x14=0x00000000
       55405000	      5441	800052c2	01bd7c33	and	x24,x26,x27	 x26:0x00000000 x27:0x80000000 x24=0x00000000
       55415000	      5442	800052c6	0094e333	or	x6,x9,x9	  x9:0x4700b000  x9:0x4700b000  x6=0x4700b000
       55425000	      5443	800052ca	00d7f2b3	and	x5,x15,x13	 x15:0x1b598244 x13:0x00000000  x5=0x00000000
       55435000	      5444	800052ce	3d9fd417	auipc	x8,0x3d9fd	  x8=0xbda022ce
       55445000	      5445	800052d2	40bd86b3	sub	x13,x27,x11	 x27:0x80000000 x11:0x00000000 x13=0x80000000
       55455000	      5446	800052d6	8d81	c.sub	x11,x8	 x11:0x00000000  x8:0xbda022ce x11=0x425fdd32
       55825000	      5483	800052d8	0372fc33	remu	x24,x5,x23	  x5:0x00000000 x23:0x80021ff6 x24=0x00000000
       55835000	      5484	800052dc	c095	c.beqz	x9,80005300	  x9:0x4700b000
       55845000	      5485	800052de	00d435b3	sltu	x11,x8,x13	  x8:0xbda022ce x13:0x80000000 x11=0x00000000
       55855000	      5486	800052e2	00ff5393	srli	x7,x30,0xf	 x30:0x00000000  x7=0x00000000
       55865000	      5487	800052e6	5b088113	addi	x2,x17,1456	 x17:0x80021ff6  x2=0x800225a6
       55875000	      5488	800052ea	00fe5213	srli	x4,x28,0xf	 x28:0x00000000  x4=0x00000000
       55885000	      5489	800052ee	0ff0000f	fence	iorw,iorw	
       55895000	      5490	800052f2	1408	c.addi4spn	x10,x2,544	 x10=0x800227c6
       55905000	      5491	800052f4	2019bb13	sltiu	x22,x19,513	 x19:0x80021e64 x22=0x00000000
       55915000	      5492	800052f8	40f05833	sra	x16,x0,x15	  x0:0x00000000 x15:0x1b598244 x16=0x00000000
       55945000	      5495	800052fc	038b0733	mul	x14,x22,x24	 x22:0x00000000 x24:0x00000000 x14=0x00000000
       56315000	      5532	80005300	032d6833	rem	x16,x26,x18	 x26:0x00000000 x18:0x00001000 x16=0x00000000
       56325000	      5533	80005304	46940613	addi	x12,x8,1129	  x8:0xbda022ce x12=0xbda02737
       56335000	      5534	80005308	00a67963	bgeu	x12,x10,8000531a	 x12:0xbda02737 x10:0x800227c6
       56365000	      5537	8000531a	5ca87013	andi	x0,x16,1482	 x16:0x00000000  x0=0x00000000
       56375000	      5538	8000531e	0000100f	fence.i	
       56405000	      5541	80005322	2e014093	xori	x1,x2,736	  x2:0x800225a6  x1=0x80022746
       56425000	      5543	80005326	02367e33	remu	x28,x12,x3	 x12:0xbda02737  x3:0x00000000 x28=0xbda02737
       56435000	      5544	8000532a	8f21	c.xor	x14,x8	 x14:0x00000000  x8:0xbda022ce x14=0xbda022ce
       56445000	      5545	8000532c	01777833	and	x16,x14,x23	 x14:0xbda022ce x23:0x80021ff6 x16=0x800002c6
       56455000	      5546	80005330	00257663	bgeu	x10,x2,8000533c	 x10:0x800227c6  x2:0x800225a6
       56475000	      5548	8000533c	6179	c.addi16sp	x2,464	  x2:0x800225a6  x2=0x80022776
       56485000	      5549	8000533e	00c11033	sll	x0,x2,x12	  x2:0x80022776 x12:0xbda02737  x0=0x00000000
       56495000	      5550	80005342	7db1ac17	auipc	x24,0x7db1a	 x24=0xfdb1f342
       56505000	      5551	80005346	015a5a13	srli	x20,x20,0x15	 x20:0x00001000 x20=0x00000000
       56545000	      5555	8000534a	02ad3333	mulhu	x6,x26,x10	 x26:0x00000000 x10:0x800227c6  x6=0x00000000
       56555000	      5556	8000534e	4e80e593	ori	x11,x1,1256	  x1:0x80022746 x11=0x800227ee
       56565000	      5557	80005352	8ba2	c.mv	x23,x8	  x0:0x00000000  x8:0xbda022ce x23=0xbda022ce
       56575000	      5558	80005354	533a4193	xori	x3,x20,1331	 x20:0x00000000  x3=0x00000533
       56595000	      5560	80005358	0367e7b3	rem	x15,x15,x22	 x15:0x1b598244 x22:0x00000000 x15=0x1b598244
       56605000	      5561	8000535c	00745f93	srli	x31,x8,0x7	  x8:0xbda022ce x31=0x017b4045
       56615000	      5562	80005360	03119b63	bne	x3,x17,80005396	  x3:0x00000533 x17:0x80021ff6
       56645000	      5565	80005396	00ad5b63	bge	x26,x10,800053ac	 x26:0x00000000 x10:0x800227c6
       56665000	      5567	800053ac	717d	c.addi16sp	x2,-16	  x2:0x80022776  x2=0x80022766
       56675000	      5568	800053ae	00e900b3	add	x1,x18,x14	 x18:0x00001000 x14:0xbda022ce  x1=0xbda032ce
       56685000	      5569	800053b2	8f19	c.sub	x14,x14	 x14:0xbda022ce x14:0xbda022ce x14=0x00000000
       56695000	      5570	800053b4	03146963	bltu	x8,x17,800053e6	  x8:0xbda022ce x17:0x80021ff6
       56705000	      5571	800053b8	02a6	c.slli	x5,0x9	  x5:0x00000000  x5=0x00000000
       56715000	      5572	800053ba	00517663	bgeu	x2,x5,800053c6	  x2:0x80022766  x5:0x00000000
       56735000	      5574	800053c6	08b2	c.slli	x17,0xc	 x17:0x80021ff6 x17=0x21ff6000
       56745000	      5575	800053c8	832d	c.srli	x14,0xb	 x14:0x00000000 x14=0x00000000
       56755000	      5576	800053ca	e689	c.bnez	x13,800053d4	 x13:0x80000000
       56775000	      5578	800053d4	023f9563	bne	x31,x3,800053fe	 x31:0x017b4045  x3:0x00000533
       56795000	      5580	800053fe	947e	c.add	x8,x31	  x8:0xbda022ce x31:0x017b4045  x8=0xbf1b6313
       56805000	      5581	80005400	b349f313	andi	x6,x19,-1228	 x19:0x80021e64  x6=0x80021a24
       56815000	      5582	80005404	d3c36813	ori	x16,x6,-708	  x6:0x80021a24 x16=0xffffff3c
       56825000	      5583	80005408	b9282713	slti	x14,x16,-1134	 x16:0xffffff3c x14=0x00000000
       56835000	      5584	8000540c	5b7d	c.li	x22,-1	 x22=0xffffffff
       56845000	      5585	8000540e	81f1	c.srli	x11,0x1c	 x11:0x800227ee x11=0x00000008
       56855000	      5586	80005410	0e0c	c.addi4spn	x11,x2,784	 x11=0x80022a76
       56865000	      5587	80005412	402305b3	sub	x11,x6,x2	  x6:0x80021a24  x2:0x80022766 x11=0xfffff2be
       56875000	      5588	80005416	05cee163	bltu	x29,x28,80005458	 x29:0x00000000 x28:0xbda02737
       56895000	      5590	80005458	019b5d33	srl	x26,x22,x25	 x22:0xffffffff x25:0x80025ce4 x26=0x0fffffff
       56905000	      5591	8000545c	d27c8b13	addi	x22,x25,-729	 x25:0x80025ce4 x22=0x80025a0b
       56915000	      5592	80005460	e489	c.bnez	x9,8000546a	  x9:0x4700b000
       56935000	      5594	8000546a	42b9	c.li	x5,14	  x5=0x0000000e
       57305000	      5631	8000546c	0216fb33	remu	x22,x13,x1	 x13:0x80000000  x1:0xbda032ce x22=0x80000000
       57315000	      5632	80005470	c30d	c.beqz	x14,80005492	 x14:0x00000000
       57375000	      5638	80005492	02efb2b3	mulhu	x5,x31,x14	 x31:0x017b4045 x14:0x00000000  x5=0x00000000
       57385000	      5639	80005496	02a67263	bgeu	x12,x10,800054ba	 x12:0xbda02737 x10:0x800227c6
       57415000	      5642	800054ba	026afa63	bgeu	x21,x6,800054ee	 x21:0x00000001  x6:0x80021a24
       57785000	      5679	800054be	0268f633	remu	x12,x17,x6	 x17:0x21ff6000  x6:0x80021a24 x12=0x21ff6000
       57795000	      5680	800054c2	9122	c.add	x2,x8	  x2:0x80022766  x8:0xbf1b6313  x2=0x3f1d8a79
       57805000	      5681	800054c4	0000100f	fence.i	
       57825000	      5683	800054c8	01c25513	srli	x10,x4,0x1c	  x4:0x00000000 x10=0x00000000
       57865000	      5687	800054cc	038cbfb3	mulhu	x31,x25,x24	 x25:0x80025ce4 x24:0xfdb1f342 x31=0x7edb5112
       57875000	      5688	800054d0	0ff0000f	fence	iorw,iorw	
       57885000	      5689	800054d4	1c10	c.addi4spn	x12,x2,560	 x12=0x3f1d8ca9
       57895000	      5690	800054d6	00bbaf33	slt	x30,x23,x11	 x23:0xbda022ce x11:0xfffff2be x30=0x00000001
       57905000	      5691	800054da	9e570b93	addi	x23,x14,-1563	 x14:0x00000000 x23=0xfffff9e5
       57915000	      5692	800054de	0ff0000f	fence	iorw,iorw	
       57925000	      5693	800054e2	922e	c.add	x4,x11	  x4:0x00000000 x11:0xfffff2be  x4=0xfffff2be
       57935000	      5694	800054e4	41ba8fb3	sub	x31,x21,x27	 x21:0x00000001 x27:0x80000000 x31=0x80000001
       57945000	      5695	800054e8	3465a513	slti	x10,x11,838	 x11:0xfffff2be x10=0x00000001
       57955000	      5696	800054ec	517d	c.li	x2,-1	  x2=0xffffffff
       57965000	      5697	800054ee	01816f63	bltu	x2,x24,8000550c	  x2:0xffffffff x24:0xfdb1f342
       57975000	      5698	800054f2	8d49	c.or	x10,x10	 x10:0x00000001 x10:0x00000001 x10=0x00000001
       57985000	      5699	800054f4	57fd	c.li	x15,-1	 x15=0xffffffff
       57995000	      5700	800054f6	0035df13	srli	x30,x11,0x3	 x11:0xfffff2be x30=0x1ffffe57
       58005000	      5701	800054fa	05e79063	bne	x15,x30,8000553a	 x15:0xffffffff x30:0x1ffffe57
       58035000	      5704	8000553a	01f0c133	xor	x2,x1,x31	  x1:0xbda032ce x31:0x80000001  x2=0x3da032cf
       58045000	      5705	8000553e	c195	c.beqz	x11,80005562	 x11:0xfffff2be
       58055000	      5706	80005540	853da013	slti	x0,x27,-1965	 x27:0x80000000  x0=0x00000000
       58065000	      5707	80005544	00a45d13	srli	x26,x8,0xa	  x8:0xbf1b6313 x26=0x002fc6d8
       58075000	      5708	80005548	02239563	bne	x7,x2,80005572	  x7:0x00000000  x2:0x3da032cf
       58095000	      5710	80005572	567d	c.li	x12,-1	 x12=0xffffffff
       58105000	      5711	80005574	691d	c.lui	x18,0x7	 x18=0x00007000
       58115000	      5712	80005576	00ef4e63	blt	x30,x14,80005592	 x30:0x1ffffe57 x14:0x00000000
       58125000	      5713	8000557a	63308893	addi	x17,x1,1587	  x1:0xbda032ce x17=0xbda03901
       58135000	      5714	8000557e	ed99	c.bnez	x11,8000559c	 x11:0xfffff2be
       58185000	      5719	8000559c	02872233	mulhsu	x4,x14,x8	 x14:0x00000000  x8:0xbf1b6313  x4=0x00000000
       58195000	      5720	800055a0	6259	c.lui	x4,0x16	  x4=0x00016000
       58205000	      5721	800055a2	00b66463	bltu	x12,x11,800055aa	 x12:0xffffffff x11:0xfffff2be
       58215000	      5722	800055a6	0001	c.addi	x0,0	  x0:0x00000000  x0=0x00000000
       58225000	      5723	800055a8	889a	c.mv	x17,x6	  x0:0x00000000  x6:0x80021a24 x17=0x80021a24
       58235000	      5724	800055aa	0383c963	blt	x7,x24,800055dc	  x7:0x00000000 x24:0xfdb1f342
       58245000	      5725	800055ae	717d	c.addi16sp	x2,-16	  x2:0x3da032cf  x2=0x3da032bf
       58255000	      5726	800055b0	2bfe5237	lui	x4,0x2bfe5	  x4=0x2bfe5000
       58265000	      5727	800055b4	0322cd63	blt	x5,x18,800055ee	  x5:0x00000000 x18:0x00007000
       58295000	      5730	800055ee	01c8db33	srl	x22,x17,x28	 x17:0x80021a24 x28:0xbda02737 x22=0x00000100
       58305000	      5731	800055f2	01a39493	slli	x9,x7,0x1a	  x7:0x00000000  x9=0x00000000
       58315000	      5732	800055f6	8049	c.srli	x8,0x12	  x8:0xbf1b6313  x8=0x00002fc6
       58325000	      5733	800055f8	031c	c.addi4spn	x15,x2,384	 x15=0x3da0343f
       58335000	      5734	800055fa	8f3d	c.xor	x14,x15	 x14:0x00000000 x15:0x3da0343f x14=0x3da0343f
       58345000	      5735	800055fc	cd99	c.beqz	x11,8000561a	 x11:0xfffff2be
       58355000	      5736	800055fe	0ff0000f	fence	iorw,iorw	
       58365000	      5737	80005602	92762d17	auipc	x26,0x92762	 x26=0x12767602
       58375000	      5738	80005606	8da9	c.xor	x11,x10	 x11:0xfffff2be x10:0x00000001 x11=0xfffff2bf
       58415000	      5742	80005608	0231ba33	mulhu	x20,x3,x3	  x3:0x00000533  x3:0x00000533 x20=0x00000000
       58425000	      5743	8000560c	8985	c.andi	x11,1	 x11:0xfffff2bf x11=0x00000001
       58435000	      5744	8000560e	00b44533	xor	x10,x8,x11	  x8:0x00002fc6 x11:0x00000001 x10=0x00002fc7
       58445000	      5745	80005612	012dd5b3	srl	x11,x27,x18	 x27:0x80000000 x18:0x00007000 x11=0x80000000
       58455000	      5746	80005616	0ff0000f	fence	iorw,iorw	
       58465000	      5747	8000561a	01f494b3	sll	x9,x9,x31	  x9:0x00000000 x31:0x80000001  x9=0x00000000
       58475000	      5748	8000561e	01c734b3	sltu	x9,x14,x28	 x14:0x3da0343f x28:0xbda02737  x9=0x00000001
       58485000	      5749	80005622	13fd	c.addi	x7,-1	  x7:0x00000000  x7=0xffffffff
       58495000	      5750	80005624	e2aecb93	xori	x23,x29,-470	 x29:0x00000000 x23=0xfffffe2a
       58505000	      5751	80005628	01e02733	slt	x14,x0,x30	  x0:0x00000000 x30:0x1ffffe57 x14=0x00000001
       58515000	      5752	8000562c	0203d563	bge	x7,x0,80005656	  x7:0xffffffff  x0:0x00000000
       58525000	      5753	80005630	f3d4b793	sltiu	x15,x9,-195	  x9:0x00000001 x15=0x00000001
       58535000	      5754	80005634	6165	c.addi16sp	x2,112	  x2:0x3da032bf  x2=0x3da0332f
       58545000	      5755	80005636	0000100f	fence.i	
       58565000	      5757	8000563a	87ed	c.srai	x15,0x1b	 x15:0x00000001 x15=0x00000000
       58575000	      5758	8000563c	012bc233	xor	x4,x23,x18	 x23:0xfffffe2a x18:0x00007000  x4=0xffff8e2a
       58615000	      5762	80005640	038b3d33	mulhu	x26,x22,x24	 x22:0x00000100 x24:0xfdb1f342 x26=0x000000fd
       58625000	      5763	80005644	10fd	c.addi	x1,-1	  x1:0xbda032ce  x1=0xbda032cd
       58635000	      5764	80005646	980b8793	addi	x15,x23,-1664	 x23:0xfffffe2a x15=0xfffff7aa
       58645000	      5765	8000564a	01c91d13	slli	x26,x18,0x1c	 x18:0x00007000 x26=0x00000000
       58655000	      5766	8000564e	00224533	xor	x10,x4,x2	  x4:0xffff8e2a  x2:0x3da0332f x10=0xc25fbd05
       58665000	      5767	80005652	001fc563	blt	x31,x1,8000565c	 x31:0x80000001  x1:0xbda032cd
       58685000	      5769	8000565c	058e6363	bltu	x28,x24,800056a2	 x28:0xbda02737 x24:0xfdb1f342
       58715000	      5772	800056a2	01566133	or	x2,x12,x21	 x12:0xffffffff x21:0x00000001  x2=0xffffffff
       58725000	      5773	800056a6	a6020493	addi	x9,x4,-1440	  x4:0xffff8e2a  x9=0xffff888a
       58735000	      5774	800056aa	37392f13	slti	x30,x18,883	 x18:0x00007000 x30=0x00000000
       58745000	      5775	800056ae	04de	c.slli	x9,0x17	  x9:0xffff888a  x9=0x45000000
       58755000	      5776	800056b0	000f23b3	slt	x7,x30,x0	 x30:0x00000000  x0:0x00000000  x7=0x00000000
       59125000	      5813	800056b4	03fdc533	div	x10,x27,x31	 x27:0x80000000 x31:0x80000001 x10=0x00000001
       59135000	      5814	800056b8	16fd	c.addi	x13,-1	 x13:0x80000000 x13=0x7fffffff
       59145000	      5815	800056ba	003bd693	srli	x13,x23,0x3	 x23:0xfffffe2a x13=0x1fffffc5
       59155000	      5816	800056be	00ac1a13	slli	x20,x24,0xa	 x24:0xfdb1f342 x20=0xc7cd0800
       59165000	      5817	800056c2	01df1b63	bne	x30,x29,800056d8	 x30:0x00000000 x29:0x00000000
       59175000	      5818	800056c6	03c79c63	bne	x15,x28,800056fe	 x15:0xfffff7aa x28:0xbda02737
       59205000	      5821	800056fe	0105cb33	xor	x22,x11,x16	 x11:0x80000000 x16:0xffffff3c x22=0x7fffff3c
       59215000	      5822	80005702	8729	c.srai	x14,0xa	 x14:0x00000001 x14=0x00000000
       59255000	      5826	80005704	02562333	mulhsu	x6,x12,x5	 x12:0xffffffff  x5:0x00000000  x6=0x00000000
       59265000	      5827	80005708	8785	c.srai	x15,0x1	 x15:0xfffff7aa x15=0xfffffbd5
       59275000	      5828	8000570a	03381363	bne	x16,x19,80005730	 x16:0xffffff3c x19:0x80021e64
       59295000	      5830	80005730	0178d113	srli	x2,x17,0x17	 x17:0x80021a24  x2=0x00000100
       59305000	      5831	80005734	cf11	c.beqz	x14,80005750	 x14:0x00000000
       59325000	      5833	80005750	81e9	c.srli	x11,0x1a	 x11:0x80000000 x11=0x00000020
       59365000	      5837	80005752	0354a033	mulhsu	x0,x9,x21	  x9:0x45000000 x21:0x00000001  x0=0x00000000
       59735000	      5874	80005756	03264b33	div	x22,x12,x18	 x12:0xffffffff x18:0x00007000 x22=0x00000000
       59745000	      5875	8000575a	411b8f33	sub	x30,x23,x17	 x23:0xfffffe2a x17:0x80021a24 x30=0x7ffde406
       59755000	      5876	8000575e	4f3d	c.li	x30,15	 x30=0x0000000f
       60125000	      5913	80005760	02c3c8b3	div	x17,x7,x12	  x7:0x00000000 x12:0xffffffff x17=0x00000000
       60135000	      5914	80005764	4064d8b3	sra	x17,x9,x6	  x9:0x45000000  x6:0x00000000 x17=0x45000000
       60145000	      5915	80005768	7a158e93	addi	x29,x11,1953	 x11:0x00000020 x29=0x000007c1
       60165000	      5917	8000576c	020d41b3	div	x3,x26,x0	 x26:0x00000000  x0:0x00000000  x3=0xffffffff
       60175000	      5918	80005770	407cdf13	srai	x30,x25,0x7	 x25:0x80025ce4 x30=0xff0004b9
       60185000	      5919	80005774	0082f2b3	and	x5,x5,x8	  x5:0x00000000  x8:0x00002fc6  x5=0x00000000
       60195000	      5920	80005778	00a95113	srli	x2,x18,0xa	 x18:0x00007000  x2=0x0000001c
       60205000	      5921	8000577c	8d3d	c.xor	x10,x15	 x10:0x00000001 x15:0xfffffbd5 x10=0xfffffbd4
       60215000	      5922	8000577e	02197a63	bgeu	x18,x1,800057b2	 x18:0x00007000  x1:0xbda032cd
       60225000	      5923	80005782	00fc9a33	sll	x20,x25,x15	 x25:0x80025ce4 x15:0xfffffbd5 x20=0x9c800000
       60235000	      5924	80005786	051e9263	bne	x29,x17,800057ca	 x29:0x000007c1 x17:0x45000000
       60255000	      5926	800057ca	e095	c.bnez	x9,800057ee	  x9:0x45000000
       60645000	      5965	800057ee	02166733	rem	x14,x12,x1	 x12:0xffffffff  x1:0xbda032cd x14=0xffffffff
       60655000	      5966	800057f2	4078df93	srai	x31,x17,0x7	 x17:0x45000000 x31=0x008a0000
       60665000	      5967	800057f6	a81fbf93	sltiu	x31,x31,-1407	 x31:0x008a0000 x31=0x00000001
       60675000	      5968	800057fa	67a9	c.lui	x15,0xa	 x15=0x0000a000
       60685000	      5969	800057fc	00038bb3	add	x23,x7,x0	  x7:0x00000000  x0:0x00000000 x23=0x00000000
       60695000	      5970	80005800	9a7d	c.andi	x12,-1	 x12:0xffffffff x12=0xffffffff
       60735000	      5974	80005802	0334b7b3	mulhu	x15,x9,x19	  x9:0x45000000 x19:0x80021e64 x15=0x22809230
       61105000	      6011	80005806	02cd4733	div	x14,x26,x12	 x26:0x00000000 x12:0xffffffff x14=0x00000000
       61115000	      6012	8000580a	401207b3	sub	x15,x4,x1	  x4:0xffff8e2a  x1:0xbda032cd x15=0x425f5b5d
       61125000	      6013	8000580e	0130e533	or	x10,x1,x19	  x1:0xbda032cd x19:0x80021e64 x10=0xbda23eed
       61155000	      6016	80005812	02158bb3	mul	x23,x11,x1	 x11:0x00000020  x1:0xbda032cd x23=0xb40659a0
       61195000	      6020	80005816	02122033	mulhsu	x0,x4,x1	  x4:0xffff8e2a  x1:0xbda032cd  x0=0x00000000
       61205000	      6021	8000581a	6209	c.lui	x4,0x2	  x4=0x00002000
       61245000	      6025	8000581c	02869133	mulh	x2,x13,x8	 x13:0x1fffffc5  x8:0x00002fc6  x2=0x000005f8
       61255000	      6026	80005820	021f7363	bgeu	x30,x1,80005846	 x30:0xff0004b9  x1:0xbda032cd
       61285000	      6029	80005846	01c6d713	srli	x14,x13,0x1c	 x13:0x1fffffc5 x14=0x00000001
       61295000	      6030	8000584a	009c78b3	and	x17,x24,x9	 x24:0xfdb1f342  x9:0x45000000 x17=0x45000000
       61305000	      6031	8000584e	84aa8c37	lui	x24,0x84aa8	 x24=0x84aa8000
       61315000	      6032	80005852	8efd	c.and	x13,x15	 x13:0x1fffffc5 x15:0x425f5b5d x13=0x025f5b45
       61325000	      6033	80005854	8c51	c.or	x8,x12	  x8:0x00002fc6 x12:0xffffffff  x8=0xffffffff
       61335000	      6034	80005856	01ad1eb3	sll	x29,x26,x26	 x26:0x00000000 x26:0x00000000 x29=0x00000000
       61345000	      6035	8000585a	11fd	c.addi	x3,-1	  x3:0xffffffff  x3=0xfffffffe
       61355000	      6036	8000585c	0001	c.addi	x0,0	  x0:0x00000000  x0=0x00000000
       61365000	      6037	8000585e	0001	c.addi	x0,0	  x0:0x00000000  x0=0x00000000
       61375000	      6038	80005860	0dbfb213	sltiu	x4,x31,219	 x31:0x00000001  x4=0x00000001
       61385000	      6039	80005864	0f30e713	ori	x14,x1,243	  x1:0xbda032cd x14=0xbda032ff
       61415000	      6042	80005868	021204b3	mul	x9,x4,x1	  x4:0x00000001  x1:0xbda032cd  x9=0xbda032cd
       61425000	      6043	8000586c	ca01	c.beqz	x12,8000587c	 x12:0xffffffff
       61435000	      6044	8000586e	0d26b913	sltiu	x18,x13,210	 x13:0x025f5b45 x18=0x00000000
       61445000	      6045	80005872	87c5	c.srai	x15,0x11	 x15:0x425f5b5d x15=0x0000212f
       61455000	      6046	80005874	b6bf6413	ori	x8,x30,-1173	 x30:0xff0004b9  x8=0xfffffffb
       61475000	      6048	80005878	027fc633	div	x12,x31,x7	 x31:0x00000001  x7:0x00000000 x12=0xffffffff
       61485000	      6049	8000587c	0000100f	fence.i	
       61505000	      6051	80005880	4289	c.li	x5,2	  x5=0x00000002
       61515000	      6052	80005882	e4d7c193	xori	x3,x15,-435	 x15:0x0000212f  x3=0xffffdf62
       61525000	      6053	80005886	00ec08b3	add	x17,x24,x14	 x24:0x84aa8000 x14:0xbda032ff x17=0x424ab2ff
       61545000	      6055	8000588a	0329f433	remu	x8,x19,x18	 x19:0x80021e64 x18:0x00000000  x8=0x80021e64
       61555000	      6056	8000588e	0001	c.addi	x0,0	  x0:0x00000000  x0=0x00000000
       61565000	      6057	80005890	61358613	addi	x12,x11,1555	 x11:0x00000020 x12=0x00000633
       61575000	      6058	80005894	04147363	bgeu	x8,x1,800058da	  x8:0x80021e64  x1:0xbda032cd
       61585000	      6059	80005898	0370cf63	blt	x1,x23,800058d6	  x1:0xbda032cd x23:0xb40659a0
       61595000	      6060	8000589c	8e15	c.sub	x12,x13	 x12:0x00000633 x13:0x025f5b45 x12=0xfda0aaee
       61605000	      6061	8000589e	b3227913	andi	x18,x4,-1230	  x4:0x00000001 x18=0x00000000
       61615000	      6062	800058a2	03881363	bne	x16,x24,800058c8	 x16:0xffffff3c x24:0x84aa8000
       61635000	      6064	800058c8	8cd1	c.or	x9,x12	  x9:0xbda032cd x12:0xfda0aaee  x9=0xfda0baef
       61675000	      6068	800058ca	0284bb33	mulhu	x22,x9,x8	  x9:0xfda0baef  x8:0x80021e64 x22=0x7ed276d4
       62045000	      6105	800058ce	03c4c0b3	div	x1,x9,x28	  x9:0xfda0baef x28:0xbda02737  x1=0x00000000
       62055000	      6106	800058d2	0000100f	fence.i	
       62445000	      6145	800058d6	02a6ce33	div	x28,x13,x10	 x13:0x025f5b45 x10:0xbda23eed x28=0x00000000
       62485000	      6149	800058da	02ff9033	mulh	x0,x31,x15	 x31:0x00000001 x15:0x0000212f  x0=0x00000000
       62495000	      6150	800058de	8da9	c.xor	x11,x10	 x11:0x00000020 x10:0xbda23eed x11=0xbda23ecd
       62505000	      6151	800058e0	0231e963	bltu	x3,x3,80005912	  x3:0xffffdf62  x3:0xffffdf62
       62515000	      6152	800058e4	e409	c.bnez	x8,800058ee	  x8:0x80021e64
       62535000	      6154	800058ee	ef01	c.bnez	x14,80005906	 x14:0xbda032ff
       62585000	      6159	80005906	039888b3	mul	x17,x17,x25	 x17:0x424ab2ff x25:0x80025ce4 x17=0xc8d90f1c
       62595000	      6160	8000590a	00e21393	slli	x7,x4,0xe	  x4:0x00000001  x7=0x00004000
       62605000	      6161	8000590e	6165	c.addi16sp	x2,112	  x2:0x000005f8  x2=0x00000668
       62615000	      6162	80005910	854a	c.mv	x10,x18	  x0:0x00000000 x18:0x00000000 x10=0x00000000
       62625000	      6163	80005912	41298533	sub	x10,x19,x18	 x19:0x80021e64 x18:0x00000000 x10=0x80021e64
       62635000	      6164	80005916	1f10	c.addi4spn	x12,x2,944	 x12=0x00000a18
       62645000	      6165	80005918	8fad	c.xor	x15,x11	 x15:0x0000212f x11:0xbda23ecd x15=0xbda21fe2
       62665000	      6167	8000591a	032ed7b3	divu	x15,x29,x18	 x29:0x00000000 x18:0x00000000 x15=0xffffffff
       62675000	      6168	8000591e	8aa1	c.andi	x13,8	 x13:0x025f5b45 x13=0x00000000
       63045000	      6205	80005920	02b5f133	remu	x2,x11,x11	 x11:0xbda23ecd x11:0xbda23ecd  x2=0x00000000
       63055000	      6206	80005924	1118	c.addi4spn	x14,x2,160	 x14=0x000000a0
       63065000	      6207	80005926	8de1	c.and	x11,x8	 x11:0xbda23ecd  x8:0x80021e64 x11=0x80021e44
       63075000	      6208	80005928	f0406c13	ori	x24,x0,-252	  x0:0x00000000 x24=0xffffff04
       63085000	      6209	8000592c	10fd	c.addi	x1,-1	  x1:0x00000000  x1=0xffffffff
       63095000	      6210	8000592e	402a05b3	sub	x11,x20,x2	 x20:0x9c800000  x2:0x00000000 x11=0x9c800000
       63105000	      6211	80005932	ef85	c.bnez	x15,8000596a	 x15:0xffffffff
       63135000	      6214	8000596a	b9678137	lui	x2,0xb9678	  x2=0xb9678000
       63145000	      6215	8000596e	84ad	c.srai	x9,0xb	  x9:0xfda0baef  x9=0xffffb417
       63155000	      6216	80005970	01bef5b3	and	x11,x29,x27	 x29:0x00000000 x27:0x80000000 x11=0x00000000
       63165000	      6217	80005974	593f2117	auipc	x2,0x593f2	  x2=0xd93f7974
       63175000	      6218	80005978	0001	c.addi	x0,0	  x0:0x00000000  x0=0x00000000
       63185000	      6219	8000597a	01829a63	bne	x5,x24,8000598e	  x5:0x00000002 x24:0xffffff04
       63215000	      6222	8000598e	b7ad8513	addi	x10,x27,-1158	 x27:0x80000000 x10=0x7ffffb7a
       63225000	      6223	80005992	8e71	c.and	x12,x12	 x12:0x00000a18 x12:0x00000a18 x12=0x00000a18
       63235000	      6224	80005994	717d	c.addi16sp	x2,-16	  x2:0xd93f7974  x2=0xd93f7964
       63245000	      6225	80005996	8d19	c.sub	x10,x14	 x10:0x7ffffb7a x14:0x000000a0 x10=0x7ffffada
       63255000	      6226	80005998	411b0333	sub	x6,x22,x17	 x22:0x7ed276d4 x17:0xc8d90f1c  x6=0xb5f967b8
       63265000	      6227	8000599c	c385	c.beqz	x15,800059bc	 x15:0xffffffff
       63275000	      6228	8000599e	00995c33	srl	x24,x18,x9	 x18:0x00000000  x9:0xffffb417 x24=0x00000000
       63285000	      6229	800059a2	0001e863	bltu	x3,x0,800059b2	  x3:0xffffdf62  x0:0x00000000
       63295000	      6230	800059a6	4133d7b3	sra	x15,x7,x19	  x7:0x00004000 x19:0x80021e64 x15=0x00000400
       63305000	      6231	800059aa	167aaf17	auipc	x30,0x167aa	 x30=0x967af9aa
       63315000	      6232	800059ae	402f8bb3	sub	x23,x31,x2	 x31:0x00000001  x2:0xd93f7964 x23=0x26c0869d
       63325000	      6233	800059b2	780a7813	andi	x16,x20,1920	 x20:0x9c800000 x16=0x00000000
       63335000	      6234	800059b6	0078f533	and	x10,x17,x7	 x17:0xc8d90f1c  x7:0x00004000 x10=0x00000000
       63345000	      6235	800059ba	617d	c.addi16sp	x2,496	  x2:0xd93f7964  x2=0xd93f7b54
       63385000	      6239	800059bc	02151433	mulh	x8,x10,x1	 x10:0x00000000  x1:0xffffffff  x8=0x00000000
       63395000	      6240	800059c0	025acc63	blt	x21,x5,800059f8	 x21:0x00000001  x5:0x00000002
       63415000	      6242	800059f8	47b3a193	slti	x3,x7,1147	  x7:0x00004000  x3=0x00000000
       63425000	      6243	800059fc	6b60a837	lui	x16,0x6b60a	 x16=0x6b60a000
       63465000	      6247	80005a00	03f133b3	mulhu	x7,x2,x31	  x2:0xd93f7b54 x31:0x00000001  x7=0x00000000
       63475000	      6248	80005a04	00ef4533	xor	x10,x30,x14	 x30:0x967af9aa x14:0x000000a0 x10=0x967af90a
       63515000	      6252	80005a08	037d3733	mulhu	x14,x26,x23	 x26:0x00000000 x23:0x26c0869d x14=0x00000000
       63525000	      6253	80005a0c	0311	c.addi	x6,4	  x6:0xb5f967b8  x6=0xb5f967bc
       63535000	      6254	80005a0e	01e45663	bge	x8,x30,80005a1a	  x8:0x00000000 x30:0x967af9aa
       63565000	      6257	80005a1a	29143f93	sltiu	x31,x8,657	  x8:0x00000000 x31=0x00000001
       63575000	      6258	80005a1e	0001	c.addi	x0,0	  x0:0x00000000  x0=0x00000000
       63585000	      6259	80005a20	614d	c.addi16sp	x2,176	  x2:0xd93f7b54  x2=0xd93f7c04
       63595000	      6260	80005a22	0001	c.addi	x0,0	  x0:0x00000000  x0=0x00000000
       63605000	      6261	80005a24	0001	c.addi	x0,0	  x0:0x00000000  x0=0x00000000
       63615000	      6262	80005a26	01a65433	srl	x8,x12,x26	 x12:0x00000a18 x26:0x00000000  x8=0x00000a18
       63625000	      6263	80005a2a	6175	c.addi16sp	x2,368	  x2:0xd93f7c04  x2=0xd93f7d74
       63635000	      6264	80005a2c	9b7d	c.andi	x14,-1	 x14:0x00000000 x14=0x00000000
       63645000	      6265	80005a2e	78ad0593	addi	x11,x26,1930	 x26:0x00000000 x11=0x0000078a
       63655000	      6266	80005a32	00335e33	srl	x28,x6,x3	  x6:0xb5f967bc  x3:0x00000000 x28=0xb5f967bc
       63665000	      6267	80005a36	117d	c.addi	x2,-1	  x2:0xd93f7d74  x2=0xd93f7d73
       63675000	      6268	80005a38	0001	c.addi	x0,0	  x0:0x00000000  x0=0x00000000
       63685000	      6269	80005a3a	01372333	slt	x6,x14,x19	 x14:0x00000000 x19:0x80021e64  x6=0x00000000
       63695000	      6270	80005a3e	012b5c33	srl	x24,x22,x18	 x22:0x7ed276d4 x18:0x00000000 x24=0x7ed276d4
       63705000	      6271	80005a42	03e8e863	bltu	x17,x30,80005a72	 x17:0xc8d90f1c x30:0x967af9aa
       63715000	      6272	80005a46	032c1663	bne	x24,x18,80005a72	 x24:0x7ed276d4 x18:0x00000000
       63745000	      6275	80005a72	41455213	srai	x4,x10,0x14	 x10:0x967af90a  x4=0xfffff967
       63755000	      6276	80005a76	41840433	sub	x8,x8,x24	  x8:0x00000a18 x24:0x7ed276d4  x8=0x812d9344
       63765000	      6277	80005a7a	8e29	c.xor	x12,x10	 x12:0x00000a18 x10:0x967af90a x12=0x967af312
       63775000	      6278	80005a7c	00618863	beq	x3,x6,80005a8c	  x3:0x00000000  x6:0x00000000
       64155000	      6316	80005a8c	0216feb3	remu	x29,x13,x1	 x13:0x00000000  x1:0xffffffff x29=0x00000000
       64165000	      6317	80005a90	026b7463	bgeu	x22,x6,80005ab8	 x22:0x7ed276d4  x6:0x00000000
       64185000	      6319	80005ab8	567d	c.li	x12,-1	 x12=0xffffffff
       64195000	      6320	80005aba	0329	c.addi	x6,10	  x6:0x00000000  x6=0x0000000a
       64205000	      6321	80005abc	8dbd	c.xor	x11,x15	 x11:0x0000078a x15:0x00000400 x11=0x0000038a
       64215000	      6322	80005abe	03f2c063	blt	x5,x31,80005ade	  x5:0x00000002 x31:0x00000001
       64225000	      6323	80005ac2	534ae297	auipc	x5,0x534ae	  x5=0xd34b3ac2
       64235000	      6324	80005ac6	01c2c333	xor	x6,x5,x28	  x5:0xd34b3ac2 x28:0xb5f967bc  x6=0x66b25d7e
       64245000	      6325	80005aca	007fc5b3	xor	x11,x31,x7	 x31:0x00000001  x7:0x00000000 x11=0x00000001
       64255000	      6326	80005ace	00ac7833	and	x16,x24,x10	 x24:0x7ed276d4 x10:0x967af90a x16=0x16527000
       64265000	      6327	80005ad2	0001	c.addi	x0,0	  x0:0x00000000  x0=0x00000000
       64275000	      6328	80005ad4	03f91163	bne	x18,x31,80005af6	 x18:0x00000000 x31:0x00000001
       64295000	      6330	80005af6	0f18	c.addi4spn	x14,x2,912	 x14=0xd93f8103
       64665000	      6367	80005af8	02854533	div	x10,x10,x8	 x10:0x967af90a  x8:0x812d9344 x10=0x00000000
       64675000	      6368	80005afc	4fc9	c.li	x31,18	 x31=0x00000012
       64685000	      6369	80005afe	86b9	c.srai	x13,0xe	 x13:0x00000000 x13=0x00000000
       64695000	      6370	80005b00	854d	c.srai	x10,0x13	 x10:0x00000000 x10=0x00000000
       64705000	      6371	80005b02	01f51d33	sll	x26,x10,x31	 x10:0x00000000 x31:0x00000012 x26=0x00000000
       64715000	      6372	80005b06	8c1d	c.sub	x8,x15	  x8:0x812d9344 x15:0x00000400  x8=0x812d8f44
       64725000	      6373	80005b08	e697e213	ori	x4,x15,-407	 x15:0x00000400  x4=0xfffffe69
       64735000	      6374	80005b0c	00498b33	add	x22,x19,x4	 x19:0x80021e64  x4:0xfffffe69 x22=0x80021ccd
       64745000	      6375	80005b10	9a3a	c.add	x20,x14	 x20:0x9c800000 x14:0xd93f8103 x20=0x75bf8103
       64755000	      6376	80005b12	44109737	lui	x14,0x44109	 x14=0x44109000
       64765000	      6377	80005b16	043d	c.addi	x8,15	  x8:0x812d8f44  x8=0x812d8f53
       64775000	      6378	80005b18	410d83b3	sub	x7,x27,x16	 x27:0x80000000 x16:0x16527000  x7=0x69ad9000
       64785000	      6379	80005b1c	01cfdf33	srl	x30,x31,x28	 x31:0x00000012 x28:0xb5f967bc x30=0x00000000
       64795000	      6380	80005b20	88c9	c.andi	x9,18	  x9:0xffffb417  x9=0x00000012
       64805000	      6381	80005b22	400b5393	srai	x7,x22,0x0	 x22:0x80021ccd  x7=0x80021ccd
       64815000	      6382	80005b26	00ba1333	sll	x6,x20,x11	 x20:0x75bf8103 x11:0x00000001  x6=0xeb7f0206
       64825000	      6383	80005b2a	01df7533	and	x10,x30,x29	 x30:0x00000000 x29:0x00000000 x10=0x00000000
       64835000	      6384	80005b2e	00f1dc13	srli	x24,x3,0xf	  x3:0x00000000 x24=0x00000000
       64845000	      6385	80005b32	06a1	c.addi	x13,8	 x13:0x00000000 x13=0x00000008
       64855000	      6386	80005b34	01d35233	srl	x4,x6,x29	  x6:0xeb7f0206 x29:0x00000000  x4=0xeb7f0206
       64895000	      6390	80005b38	0243ad33	mulhsu	x26,x7,x4	  x7:0x80021ccd  x4:0xeb7f0206 x26=0x8a427079
       64905000	      6391	80005b3c	8ce5	c.and	x9,x9	  x9:0x00000012  x9:0x00000012  x9=0x00000012
       64915000	      6392	80005b3e	8d6d	c.and	x10,x11	 x10:0x00000000 x11:0x00000001 x10=0x00000000
       64925000	      6393	80005b40	040c9163	bne	x25,x0,80005b82	 x25:0x80025ce4  x0:0x00000000
       64945000	      6395	80005b82	12fd	c.addi	x5,-1	  x5:0xd34b3ac2  x5=0xd34b3ac1
       64985000	      6399	80005b84	033c10b3	mulh	x1,x24,x19	 x24:0x00000000 x19:0x80021e64  x1=0x00000000
       64995000	      6400	80005b88	717d	c.addi16sp	x2,-16	  x2:0xd93f7d73  x2=0xd93f7d63
       65365000	      6437	80005b8a	039bf8b3	remu	x17,x23,x25	 x23:0x26c0869d x25:0x80025ce4 x17=0x26c0869d
       65375000	      6438	80005b8e	00d7c963	blt	x15,x13,80005ba0	 x15:0x00000400 x13:0x00000008
       65385000	      6439	80005b92	8fbd	c.xor	x15,x15	 x15:0x00000400 x15:0x00000400 x15=0x00000000
       65405000	      6441	80005b94	020bf733	remu	x14,x23,x0	 x23:0x26c0869d  x0:0x00000000 x14=0x26c0869d
       65445000	      6445	80005b98	036b2233	mulhsu	x4,x22,x22	 x22:0x80021ccd x22:0x80021ccd  x4=0xc0000004
       65815000	      6482	80005b9c	03a0c0b3	div	x1,x1,x26	  x1:0x00000000 x26:0x8a427079  x1=0x00000000
       65825000	      6483	80005ba0	0001	c.addi	x0,0	  x0:0x00000000  x0=0x00000000
       65835000	      6484	80005ba2	01e74463	blt	x14,x30,80005baa	 x14:0x26c0869d x30:0x00000000
       65845000	      6485	80005ba6	0000100f	fence.i	
       66235000	      6524	80005baa	036f48b3	div	x17,x30,x22	 x30:0x00000000 x22:0x80021ccd x17=0x00000000
       66245000	      6525	80005bae	0406	c.slli	x8,0x1	  x8:0x812d8f53  x8=0x025b1ea6
       66255000	      6526	80005bb0	0341cb63	blt	x3,x20,80005be6	  x3:0x00000000 x20:0x75bf8103
       66275000	      6528	80005be6	0001	c.addi	x0,0	  x0:0x00000000  x0=0x00000000
       66285000	      6529	80005be8	9922	c.add	x18,x8	 x18:0x00000000  x8:0x025b1ea6 x18=0x025b1ea6
       66295000	      6530	80005bea	997d	c.andi	x10,-1	 x10:0x00000000 x10=0x00000000
       66325000	      6533	80005bec	02c182b3	mul	x5,x3,x12	  x3:0x00000000 x12:0xffffffff  x5=0x00000000
       66335000	      6534	80005bf0	c78d	c.beqz	x15,80005c1a	 x15:0x00000000
       66355000	      6536	80005c1a	8736	c.mv	x14,x13	  x0:0x00000000 x13:0x00000008 x14=0x00000008
       66365000	      6537	80005c1c	8db9	c.xor	x11,x14	 x11:0x00000001 x14:0x00000008 x11=0x00000009
       66375000	      6538	80005c1e	6af60f37	lui	x30,0x6af60	 x30=0x6af60000
       66385000	      6539	80005c22	0001	c.addi	x0,0	  x0:0x00000000  x0=0x00000000
       66395000	      6540	80005c24	f2102e97	auipc	x29,0xf2102	 x29=0x72107c24
       66405000	      6541	80005c28	8d29	c.xor	x10,x10	 x10:0x00000000 x10:0x00000000 x10=0x00000000
       66415000	      6542	80005c2a	8f25	c.xor	x14,x9	 x14:0x00000008  x9:0x00000012 x14=0x0000001a
       66425000	      6543	80005c2c	0bba	c.slli	x23,0xe	 x23:0x26c0869d x23=0x21a74000
       66465000	      6547	80005c2e	031791b3	mulh	x3,x15,x17	 x15:0x00000000 x17:0x00000000  x3=0x00000000
       66475000	      6548	80005c32	008bb6b3	sltu	x13,x23,x8	 x23:0x21a74000  x8:0x025b1ea6 x13=0x00000000
       66485000	      6549	80005c36	8b81	c.andi	x15,0	 x15:0x00000000 x15=0x00000000
       66495000	      6550	80005c38	4035dd13	srai	x26,x11,0x3	 x11:0x00000009 x26=0x00000001
       66505000	      6551	80005c3c	6a29	c.lui	x20,0xa	 x20=0x0000a000
       66515000	      6552	80005c3e	000c0f63	beq	x24,x0,80005c5c	 x24:0x00000000  x0:0x00000000
       66565000	      6557	80005c5c	035c2133	mulhsu	x2,x24,x21	 x24:0x00000000 x21:0x00000001  x2=0x00000000
       66935000	      6594	80005c60	0301f733	remu	x14,x3,x16	  x3:0x00000000 x16:0x16527000 x14=0x00000000
       66945000	      6595	80005c64	017c0463	beq	x24,x23,80005c6c	 x24:0x00000000 x23:0x21a74000
       66955000	      6596	80005c68	e185	c.bnez	x11,80005c88	 x11:0x00000009
       67335000	      6634	80005c88	03545b33	divu	x22,x8,x21	  x8:0x025b1ea6 x21:0x00000001 x22=0x025b1ea6
       67345000	      6635	80005c8c	9f526213	ori	x4,x4,-1547	  x4:0xc0000004  x4=0xfffff9f5
       67355000	      6636	80005c90	41a20833	sub	x16,x4,x26	  x4:0xfffff9f5 x26:0x00000001 x16=0xfffff9f4
       67365000	      6637	80005c94	3e9d2237	lui	x4,0x3e9d2	  x4=0x3e9d2000
       67375000	      6638	80005c98	8f69	c.and	x14,x10	 x14:0x00000000 x10:0x00000000 x14=0x00000000
       67415000	      6642	80005c9a	032d3733	mulhu	x14,x26,x18	 x26:0x00000001 x18:0x025b1ea6 x14=0x00000000
       67425000	      6643	80005c9e	03824d63	blt	x4,x24,80005cd8	  x4:0x3e9d2000 x24:0x00000000
       67435000	      6644	80005ca2	e389	c.bnez	x15,80005ca4	 x15:0x00000000
       67445000	      6645	80005ca4	189c	c.addi4spn	x15,x2,112	 x15=0x00000070
       67455000	      6646	80005ca6	877a	c.mv	x14,x30	  x0:0x00000000 x30:0x6af60000 x14=0x6af60000
       67465000	      6647	80005ca8	0001	c.addi	x0,0	  x0:0x00000000  x0=0x00000000
       67475000	      6648	80005caa	0001	c.addi	x0,0	  x0:0x00000000  x0=0x00000000
       67485000	      6649	80005cac	00375ab3	srl	x21,x14,x3	 x14:0x6af60000  x3:0x00000000 x21=0x6af60000
       67495000	      6650	80005cb0	0ab23a93	sltiu	x21,x4,171	  x4:0x3e9d2000 x21=0x00000000
       67505000	      6651	80005cb4	717d	c.addi16sp	x2,-16	  x2:0x00000000  x2=0xfffffff0
       67515000	      6652	80005cb6	01016eb3	or	x29,x2,x16	  x2:0xfffffff0 x16:0xfffff9f4 x29=0xfffffff4
       67525000	      6653	80005cba	41b05593	srai	x11,x0,0x1b	  x0:0x00000000 x11=0x00000000
       67535000	      6654	80005cbe	c499	c.beqz	x9,80005ccc	  x9:0x00000012
       67545000	      6655	80005cc0	41ca8233	sub	x4,x21,x28	 x21:0x00000000 x28:0xb5f967bc  x4=0x4a069844
       67585000	      6659	80005cc4	03629a33	mulh	x20,x5,x22	  x5:0x00000000 x22:0x025b1ea6 x20=0x00000000
       67595000	      6660	80005cc8	03e8dc63	bge	x17,x30,80005d00	 x17:0x00000000 x30:0x6af60000
       67605000	      6661	80005ccc	8cb9	c.xor	x9,x14	  x9:0x00000012 x14:0x6af60000  x9=0x6af60012
       67615000	      6662	80005cce	8959	c.andi	x10,22	 x10:0x00000000 x10=0x00000000
       67625000	      6663	80005cd0	617d	c.addi16sp	x2,496	  x2:0xfffffff0  x2=0x000001e0
       67635000	      6664	80005cd2	02411963	bne	x2,x4,80005d04	  x2:0x000001e0  x4:0x4a069844
       67655000	      6666	80005d04	41e35093	srai	x1,x6,0x1e	  x6:0xeb7f0206  x1=0xffffffff
       67665000	      6667	80005d08	cc187613	andi	x12,x16,-831	 x16:0xfffff9f4 x12=0xfffff8c0
       67675000	      6668	80005d0c	56fd	c.li	x13,-1	 x13=0xffffffff
       67715000	      6672	80005d0e	03ab3a33	mulhu	x20,x22,x26	 x22:0x025b1ea6 x26:0x00000001 x20=0x00000000
       67725000	      6673	80005d12	00e72eb3	slt	x29,x14,x14	 x14:0x6af60000 x14:0x6af60000 x29=0x00000000
       67735000	      6674	80005d16	013d76b3	and	x13,x26,x19	 x26:0x00000001 x19:0x80021e64 x13=0x00000000
       67745000	      6675	80005d1a	3a067193	andi	x3,x12,928	 x12:0xfffff8c0  x3=0x00000080
       67755000	      6676	80005d1e	8211	c.srli	x12,0x4	 x12:0xfffff8c0 x12=0x0fffff8c
       67765000	      6677	80005d20	013fd963	bge	x31,x19,80005d32	 x31:0x00000012 x19:0x80021e64
       67785000	      6679	80005d32	652d	c.lui	x10,0xb	 x10=0x0000b000
       67795000	      6680	80005d34	eb8d	c.bnez	x15,80005d66	 x15:0x00000070
       67825000	      6683	80005d66	0018ba33	sltu	x20,x17,x1	 x17:0x00000000  x1:0xffffffff x20=0x00000001
       67835000	      6684	80005d6a	8541	c.srai	x10,0x10	 x10:0x0000b000 x10=0x00000000
       67845000	      6685	80005d6c	01305e93	srli	x29,x0,0x13	  x0:0x00000000 x29=0x00000000
       67855000	      6686	80005d70	0a26	c.slli	x20,0x9	 x20:0x00000001 x20=0x00000200
       67865000	      6687	80005d72	00066eb3	or	x29,x12,x0	 x12:0x0fffff8c  x0:0x00000000 x29=0x0fffff8c
       67875000	      6688	80005d76	029c1563	bne	x24,x9,80005da0	 x24:0x00000000  x9:0x6af60012
       67895000	      6690	80005da0	010f66b3	or	x13,x30,x16	 x30:0x6af60000 x16:0xfffff9f4 x13=0xfffff9f4
       67905000	      6691	80005da4	de858b97	auipc	x23,0xde858	 x23=0x5e85dda4
       67915000	      6692	80005da8	01a75c13	srli	x24,x14,0x1a	 x14:0x6af60000 x24=0x0000001a
       67925000	      6693	80005dac	0001	c.addi	x0,0	  x0:0x00000000  x0=0x00000000
       67935000	      6694	80005dae	03795963	bge	x18,x23,80005de0	 x18:0x025b1ea6 x23:0x5e85dda4
       67945000	      6695	80005db2	40ba8533	sub	x10,x21,x11	 x21:0x00000000 x11:0x00000000 x10=0x00000000
       67955000	      6696	80005db6	8ec5	c.or	x13,x9	 x13:0xfffff9f4  x9:0x6af60012 x13=0xfffff9f6
       67965000	      6697	80005db8	8f81	c.sub	x15,x8	 x15:0x00000070  x8:0x025b1ea6 x15=0xfda4e1ca
       67975000	      6698	80005dba	0ff0000f	fence	iorw,iorw	
       68015000	      6702	80005dbe	03d11a33	mulh	x20,x2,x29	  x2:0x000001e0 x29:0x0fffff8c x20=0x0000001d
       68025000	      6703	80005dc2	c9644b93	xori	x23,x8,-874	  x8:0x025b1ea6 x23=0xfda4e230
       68065000	      6707	80005dc6	026e3eb3	mulhu	x29,x28,x6	 x28:0xb5f967bc  x6:0xeb7f0206 x29=0xa7663a64
       68075000	      6708	80005dca	01be0d63	beq	x28,x27,80005de4	 x28:0xb5f967bc x27:0x80000000
       68085000	      6709	80005dce	49fa0513	addi	x10,x20,1183	 x20:0x0000001d x10=0x000004bc
       68095000	      6710	80005dd2	85d1	c.srai	x11,0x14	 x11:0x00000000 x11=0x00000000
       68105000	      6711	80005dd4	58fd	c.li	x17,-1	 x17=0xffffffff
       68115000	      6712	80005dd6	00088d33	add	x26,x17,x0	 x17:0xffffffff  x0:0x00000000 x26=0xffffffff
       68125000	      6713	80005dda	0324ca63	blt	x9,x18,80005e0e	  x9:0x6af60012 x18:0x025b1ea6
       68135000	      6714	80005dde	8c59	c.or	x8,x14	  x8:0x025b1ea6 x14:0x6af60000  x8=0x6aff1ea6
       68145000	      6715	80005de0	8741	c.srai	x14,0x10	 x14:0x6af60000 x14=0x00006af6
       68155000	      6716	80005de2	0f8a	c.slli	x31,0x2	 x31:0x00000012 x31=0x00000048
       68165000	      6717	80005de4	68ad	c.lui	x17,0xb	 x17=0x0000b000
       68175000	      6718	80005de6	16fd	c.addi	x13,-1	 x13:0xfffff9f6 x13=0xfffff9f5
       68185000	      6719	80005de8	60a1	c.lui	x1,0x8	  x1=0x00008000
       68195000	      6720	80005dea	0021ea63	bltu	x3,x2,80005dfe	  x3:0x00000080  x2:0x000001e0
       68225000	      6723	80005dfe	0032ee63	bltu	x5,x3,80005e1a	  x5:0x00000000  x3:0x00000080
       68255000	      6726	80005e1a	0168ba33	sltu	x20,x17,x22	 x17:0x0000b000 x22:0x025b1ea6 x20=0x00000001
       68265000	      6727	80005e1e	00cc9493	slli	x9,x25,0xc	 x25:0x80025ce4  x9=0x25ce4000
       68295000	      6730	80005e22	032f86b3	mul	x13,x31,x18	 x31:0x00000048 x18:0x025b1ea6 x13=0xa9a09eb0
       68305000	      6731	80005e26	00dc0663	beq	x24,x13,80005e32	 x24:0x0000001a x13:0xa9a09eb0
       68315000	      6732	80005e2a	010201b3	add	x3,x4,x16	  x4:0x4a069844 x16:0xfffff9f4  x3=0x4a069238
       68325000	      6733	80005e2e	00567a63	bgeu	x12,x5,80005e42	 x12:0x0fffff8c  x5:0x00000000
       68715000	      6772	80005e42	02e1f8b3	remu	x17,x3,x14	  x3:0x4a069238 x14:0x00006af6 x17=0x000019f0
       68725000	      6773	80005e46	5a1f2a93	slti	x21,x30,1441	 x30:0x6af60000 x21=0x00000000
       69095000	      6810	80005e4a	02d3f3b3	remu	x7,x7,x13	  x7:0x80021ccd x13:0xa9a09eb0  x7=0x80021ccd
       69105000	      6811	80005e4e	5836ca37	lui	x20,0x5836c	 x20=0x5836c000
       69115000	      6812	80005e52	01b830b3	sltu	x1,x16,x27	 x16:0xfffff9f4 x27:0x80000000  x1=0x00000000
       69485000	      6849	80005e56	02917233	remu	x4,x2,x9	  x2:0x000001e0  x9:0x25ce4000  x4=0x000001e0
       69495000	      6850	80005e5a	92d78293	addi	x5,x15,-1747	 x15:0xfda4e1ca  x5=0xfda4daf7
       69505000	      6851	80005e5e	8a19	c.andi	x12,6	 x12:0x0fffff8c x12=0x00000004
       69515000	      6852	80005e60	00cd9b33	sll	x22,x27,x12	 x27:0x80000000 x12:0x00000004 x22=0x00000000
       69525000	      6853	80005e64	025edd63	bge	x29,x5,80005e9e	 x29:0xa7663a64  x5:0xfda4daf7
       69535000	      6854	80005e68	82e5	c.srli	x13,0x19	 x13:0xa9a09eb0 x13=0x00000054
       69545000	      6855	80005e6a	8d79	c.and	x10,x14	 x10:0x000004bc x14:0x00006af6 x10=0x000000b4
       69555000	      6856	80005e6c	4002d3b3	sra	x7,x5,x0	  x5:0xfda4daf7  x0:0x00000000  x7=0xfda4daf7
       69565000	      6857	80005e70	c691	c.beqz	x13,80005e7c	 x13:0x00000054
       69575000	      6858	80005e72	00b831b3	sltu	x3,x16,x11	 x16:0xfffff9f4 x11:0x00000000  x3=0x00000000
       69605000	      6861	80005e76	02b70133	mul	x2,x14,x11	 x14:0x00006af6 x11:0x00000000  x2=0x00000000
       69615000	      6862	80005e7a	0001	c.addi	x0,0	  x0:0x00000000  x0=0x00000000
       69625000	      6863	80005e7c	920a	c.add	x4,x2	  x4:0x000001e0  x2:0x00000000  x4=0x000001e0
       69635000	      6864	80005e7e	02269463	bne	x13,x2,80005ea6	 x13:0x00000054  x2:0x00000000
       69655000	      6866	80005ea6	0001	c.addi	x0,0	  x0:0x00000000  x0=0x00000000
       69665000	      6867	80005ea8	93d6	c.add	x7,x21	  x7:0xfda4daf7 x21:0x00000000  x7=0xfda4daf7
       69675000	      6868	80005eaa	01f8fbb3	and	x23,x17,x31	 x17:0x000019f0 x31:0x00000048 x23=0x00000040
       69685000	      6869	80005eae	c8426a13	ori	x20,x4,-892	  x4:0x000001e0 x20=0xfffffde4
       69705000	      6871	80005eb2	020ff6b3	remu	x13,x31,x0	 x31:0x00000048  x0:0x00000000 x13=0x00000048
       69725000	      6873	80005eb6	02bded33	rem	x26,x27,x11	 x27:0x80000000 x11:0x00000000 x26=0x80000000
       69735000	      6874	80005eba	404fdd33	sra	x26,x31,x4	 x31:0x00000048  x4:0x000001e0 x26=0x00000048
       69745000	      6875	80005ebe	fccbf693	andi	x13,x23,-52	 x23:0x00000040 x13=0x00000040
       69755000	      6876	80005ec2	0000100f	fence.i	
       70145000	      6915	80005ec6	037068b3	rem	x17,x0,x23	  x0:0x00000000 x23:0x00000040 x17=0x00000000
       70155000	      6916	80005eca	7c0c0d13	addi	x26,x24,1984	 x24:0x0000001a x26=0x000007da
       70165000	      6917	80005ece	779acc17	auipc	x24,0x779ac	 x24=0xf79b1ece
       70175000	      6918	80005ed2	03dfc163	blt	x31,x29,80005ef4	 x31:0x00000048 x29:0xa7663a64
       70185000	      6919	80005ed6	0042d0b3	srl	x1,x5,x4	  x5:0xfda4daf7  x4:0x000001e0  x1=0xfda4daf7
       70195000	      6920	80005eda	01f31293	slli	x5,x6,0x1f	  x6:0xeb7f0206  x5=0x00000000
       70565000	      6957	80005ede	03e4dbb3	divu	x23,x9,x30	  x9:0x25ce4000 x30:0x6af60000 x23=0x00000000
       70575000	      6958	80005ee2	8675	c.srai	x12,0x1d	 x12:0x00000004 x12=0x00000000
       70585000	      6959	80005ee4	00a9da63	bge	x19,x10,80005ef8	 x19:0x80021e64 x10:0x000000b4
       70595000	      6960	80005ee8	0000100f	fence.i	
       70615000	      6962	80005eec	14c0a513	slti	x10,x1,332	  x1:0xfda4daf7 x10=0x00000001
       70655000	      6966	80005ef0	039916b3	mulh	x13,x18,x25	 x18:0x025b1ea6 x25:0x80025ce4 x13=0xfed2763e
       70695000	      6970	80005ef4	02ca9733	mulh	x14,x21,x12	 x21:0x00000000 x12:0x00000000 x14=0x00000000
       70735000	      6974	80005ef8	029a3f33	mulhu	x30,x20,x9	 x20:0xfffffde4  x9:0x25ce4000 x30=0x25ce3fb0
       70745000	      6975	80005efc	62883d13	sltiu	x26,x16,1576	 x16:0xfffff9f4 x26=0x00000000
       71115000	      7012	80005f00	03984a33	div	x20,x16,x25	 x16:0xfffff9f4 x25:0x80025ce4 x20=0x00000000
       71125000	      7013	80005f04	fc66f493	andi	x9,x13,-58	 x13:0xfed2763e  x9=0xfed27606
       71495000	      7050	80005f08	039dd133	divu	x2,x27,x25	 x27:0x80000000 x25:0x80025ce4  x2=0x00000000
       71505000	      7051	80005f0c	0093c5b3	xor	x11,x7,x9	  x7:0xfda4daf7  x9:0xfed27606 x11=0x0376acf1
       71515000	      7052	80005f10	4901	c.li	x18,0	 x18=0x00000000
       71525000	      7053	80005f12	51fd	c.li	x3,-1	  x3=0xffffffff
       71535000	      7054	80005f14	ef05	c.bnez	x14,80005f4c	 x14:0x00000000
       71545000	      7055	80005f16	007f1413	slli	x8,x30,0x7	 x30:0x25ce3fb0  x8=0xe71fd800
       71555000	      7056	80005f1a	0105cf33	xor	x30,x11,x16	 x11:0x0376acf1 x16:0xfffff9f4 x30=0xfc895505
       71575000	      7058	80005f1e	0251d7b3	divu	x15,x3,x5	  x3:0xffffffff  x5:0x00000000 x15=0xffffffff
       71585000	      7059	80005f22	99fd	c.andi	x11,-1	 x11:0x0376acf1 x11=0x0376acf1
       71595000	      7060	80005f24	01c5cc33	xor	x24,x11,x28	 x11:0x0376acf1 x28:0xb5f967bc x24=0xb68fcb4d
       71605000	      7061	80005f28	0c994713	xori	x14,x18,201	 x18:0x00000000 x14=0x000000c9
       71615000	      7062	80005f2c	0306f763	bgeu	x13,x16,80005f5a	 x13:0xfed2763e x16:0xfffff9f4
       71625000	      7063	80005f30	5bbc3093	sltiu	x1,x24,1467	 x24:0xb68fcb4d  x1=0x00000000
       71635000	      7064	80005f34	8e05	c.sub	x12,x9	 x12:0x00000000  x9:0xfed27606 x12=0x012d89fa
       71645000	      7065	80005f36	804d	c.srli	x8,0x13	  x8:0xe71fd800  x8=0x00001ce3
       71655000	      7066	80005f38	8c0d	c.sub	x8,x11	  x8:0x00001ce3 x11:0x0376acf1  x8=0xfc896ff2
       71665000	      7067	80005f3a	40ddda93	srai	x21,x27,0xd	 x27:0x80000000 x21=0xfffc0000
       71675000	      7068	80005f3e	8269	c.srli	x12,0x1a	 x12:0x012d89fa x12=0x00000000
       71685000	      7069	80005f40	0ff0000f	fence	iorw,iorw	
       71695000	      7070	80005f44	31207313	andi	x6,x0,786	  x0:0x00000000  x6=0x00000000
       71725000	      7073	80005f48	020d03b3	mul	x7,x26,x0	 x26:0x00000000  x0:0x00000000  x7=0x00000000
       71735000	      7074	80005f4c	088a	c.slli	x17,0x2	 x17:0x00000000 x17=0x00000000
       71745000	      7075	80005f4e	15b77b37	lui	x22,0x15b77	 x22=0x15b77000
       71755000	      7076	80005f52	8bba	c.mv	x23,x14	  x0:0x00000000 x14:0x000000c9 x23=0x000000c9
       71765000	      7077	80005f54	d9440493	addi	x9,x8,-620	  x8:0xfc896ff2  x9=0xfc896d86
       71775000	      7078	80005f58	86e5	c.srai	x13,0x19	 x13:0xfed2763e x13=0xffffffff
       71785000	      7079	80005f5a	40bf8333	sub	x6,x31,x11	 x31:0x00000048 x11:0x0376acf1  x6=0xfc895357
       71815000	      7082	80005f5e	024d87b3	mul	x15,x27,x4	 x27:0x80000000  x4:0x000001e0 x15=0x00000000
       71825000	      7083	80005f62	023f8963	beq	x31,x3,80005f94	 x31:0x00000048  x3:0xffffffff
       71835000	      7084	80005f66	41350f33	sub	x30,x10,x19	 x10:0x00000001 x19:0x80021e64 x30=0x7ffde19d
       72205000	      7121	80005f6a	0266fc33	remu	x24,x13,x6	 x13:0xffffffff  x6:0xfc895357 x24=0x0376aca8
       72215000	      7122	80005f6e	01b8e1b3	or	x3,x17,x27	 x17:0x00000000 x27:0x80000000  x3=0x80000000
       72225000	      7123	80005f72	670d	c.lui	x14,0x3	 x14=0x00003000
       72235000	      7124	80005f74	8c29	c.xor	x8,x10	  x8:0xfc896ff2 x10:0x00000001  x8=0xfc896ff3
       72245000	      7125	80005f76	01721013	slli	x0,x4,0x17	  x4:0x000001e0  x0=0x00000000
       72255000	      7126	80005f7a	9afd	c.andi	x13,-1	 x13:0xffffffff x13=0xffffffff
       72265000	      7127	80005f7c	81ea	c.mv	x3,x26	  x0:0x00000000 x26:0x00000000  x3=0x00000000
       72305000	      7131	80005f7e	02931b33	mulh	x22,x6,x9	  x6:0xfc895357  x9:0xfc896d86 x22=0x000bfeb4
       72345000	      7135	80005f82	03b995b3	mulh	x11,x19,x27	 x19:0x80021e64 x27:0x80000000 x11=0x3ffef0ce
       72355000	      7136	80005f86	2dee7c13	andi	x24,x28,734	 x28:0xb5f967bc x24=0x0000029c
       72365000	      7137	80005f8a	6d25	c.lui	x26,0x9	 x26=0x00009000
       72405000	      7141	80005f8c	02b02833	mulhsu	x16,x0,x11	  x0:0x00000000 x11:0x3ffef0ce x16=0x00000000
       72415000	      7142	80005f90	01b36b33	or	x22,x6,x27	  x6:0xfc895357 x27:0x80000000 x22=0xfc895357
       72425000	      7143	80005f94	0ff0000f	fence	iorw,iorw	
       72435000	      7144	80005f98	4689	c.li	x13,2	 x13=0x00000002
       72445000	      7145	80005f9a	8a22	c.mv	x20,x8	  x0:0x00000000  x8:0xfc896ff3 x20=0xfc896ff3
       72455000	      7146	80005f9c	0984	c.addi4spn	x9,x2,208	  x9=0x000000d0
       72465000	      7147	80005f9e	8b29	c.andi	x14,10	 x14:0x00003000 x14=0x00000000
       72475000	      7148	80005fa0	8961	c.andi	x10,24	 x10:0x00000001 x10=0x00000000
       72485000	      7149	80005fa2	03685b63	bge	x16,x22,80005fd8	 x16:0x00000000 x22:0xfc895357
       72505000	      7151	80005fd8	8dd1	c.or	x11,x12	 x11:0x3ffef0ce x12:0x00000000 x11=0x3ffef0ce
       72545000	      7155	80005fda	03b1a2b3	mulhsu	x5,x3,x27	  x3:0x00000000 x27:0x80000000  x5=0x00000000
       72555000	      7156	80005fde	41935033	sra	x0,x6,x25	  x6:0xfc895357 x25:0x80025ce4  x0=0x00000000
       72565000	      7157	80005fe2	905a2e93	slti	x29,x20,-1787	 x20:0xfc896ff3 x29=0x00000001
       72575000	      7158	80005fe6	f026ab93	slti	x23,x13,-254	 x13:0x00000002 x23=0x00000000
       72585000	      7159	80005fea	01d75e63	bge	x14,x29,80006006	 x14:0x00000000 x29:0x00000001
       72595000	      7160	80005fee	e385	c.bnez	x15,8000600e	 x15:0x00000000
       72605000	      7161	80005ff0	40240433	sub	x8,x8,x2	  x8:0xfc896ff3  x2:0x00000000  x8=0xfc896ff3
       72615000	      7162	80005ff4	c1b34b13	xori	x22,x6,-997	  x6:0xfc895357 x22=0x0376af4c
       72625000	      7163	80005ff8	e999	c.bnez	x11,8000600e	 x11:0x3ffef0ce
       72655000	      7166	8000600e	ca43cf93	xori	x31,x7,-860	  x7:0x00000000 x31=0xfffffca4
       72665000	      7167	80006012	a17c85b7	lui	x11,0xa17c8	 x11=0xa17c8000
       72675000	      7168	80006016	5be88f93	addi	x31,x17,1470	 x17:0x00000000 x31=0x000005be
       72685000	      7169	8000601a	2182c013	xori	x0,x5,536	  x5:0x00000000  x0=0x00000000
       72695000	      7170	8000601e	014790b3	sll	x1,x15,x20	 x15:0x00000000 x20:0xfc896ff3  x1=0x00000000
       72705000	      7171	80006022	0171dab3	srl	x21,x3,x23	  x3:0x00000000 x23:0x00000000 x21=0x00000000
       72715000	      7172	80006026	44504c13	xori	x24,x0,1093	  x0:0x00000000 x24=0x00000445
       72725000	      7173	8000602a	1666f293	andi	x5,x13,358	 x13:0x00000002  x5=0x00000002
       72735000	      7174	8000602e	5bfe6f93	ori	x31,x28,1471	 x28:0xb5f967bc x31=0xb5f967bf
       72745000	      7175	80006032	0486	c.slli	x9,0x1	  x9:0x000000d0  x9=0x000001a0
       72755000	      7176	80006034	0000100f	fence.i	
       72775000	      7178	80006038	049a7563	bgeu	x20,x9,80006082	 x20:0xfc896ff3  x9:0x000001a0
       72795000	      7180	80006082	8ff9	c.and	x15,x14	 x15:0x00000000 x14:0x00000000 x15=0x00000000
       72835000	      7184	80006084	03c83eb3	mulhu	x29,x16,x28	 x16:0x00000000 x28:0xb5f967bc x29=0x00000000
       72845000	      7185	80006088	8a62	c.mv	x20,x24	  x0:0x00000000 x24:0x00000445 x20=0x00000445
       72855000	      7186	8000608a	00e43333	sltu	x6,x8,x14	  x8:0xfc896ff3 x14:0x00000000  x6=0x00000000
       72865000	      7187	8000608e	0000100f	fence.i	
       72895000	      7190	80006092	03c08763	beq	x1,x28,800060c0	  x1:0x00000000 x28:0xb5f967bc
       72905000	      7191	80006096	0001	c.addi	x0,0	  x0:0x00000000  x0=0x00000000
       72915000	      7192	80006098	8225	c.srli	x12,0x9	 x12:0x00000000 x12=0x00000000
       72925000	      7193	8000609a	e7d1cbb7	lui	x23,0xe7d1c	 x23=0xe7d1c000
       73295000	      7230	8000609e	0334d633	divu	x12,x9,x19	  x9:0x000001a0 x19:0x80021e64 x12=0x00000000
       73305000	      7231	800060a2	41a4d3b3	sra	x7,x9,x26	  x9:0x000001a0 x26:0x00009000  x7=0x000001a0
       73315000	      7232	800060a6	9292	c.add	x5,x4	  x5:0x00000002  x4:0x000001e0  x5=0x000001e2
       73685000	      7269	800060a8	0379efb3	rem	x31,x19,x23	 x19:0x80021e64 x23:0xe7d1c000 x31=0xf8e95e64
       73705000	      7271	800060ac	032361b3	rem	x3,x6,x18	  x6:0x00000000 x18:0x00000000  x3=0x00000000
       73715000	      7272	800060b0	0ff0000f	fence	iorw,iorw	
       73755000	      7276	800060b4	02cb1a33	mulh	x20,x22,x12	 x22:0x0376af4c x12:0x00000000 x20=0x00000000
       73765000	      7277	800060b8	405c85b3	sub	x11,x25,x5	 x25:0x80025ce4  x5:0x000001e2 x11=0x80025b02
       73775000	      7278	800060bc	03d29b63	bne	x5,x29,800060f2	  x5:0x000001e2 x29:0x00000000
       73795000	      7280	800060f2	6e51	c.lui	x28,0x14	 x28=0x00014000
       73805000	      7281	800060f4	00da41b3	xor	x3,x20,x13	 x20:0x00000000 x13:0x00000002  x3=0x00000002
       73815000	      7282	800060f8	6111	c.addi16sp	x2,256	  x2:0x00000000  x2=0x00000100
       73825000	      7283	800060fa	43a2f693	andi	x13,x5,1082	  x5:0x000001e2 x13=0x00000022
       73835000	      7284	800060fe	eecd6e93	ori	x29,x26,-276	 x26:0x00009000 x29=0xfffffeec
       73845000	      7285	80006102	0000100f	fence.i	
       73905000	      7291	80006106	03caaf33	mulhsu	x30,x21,x28	 x21:0x00000000 x28:0x00014000 x30=0x00000000
       74275000	      7328	8000610a	03b06f33	rem	x30,x0,x27	  x0:0x00000000 x27:0x80000000 x30=0x00000000
       74285000	      7329	8000610e	ab373b93	sltiu	x23,x14,-1357	 x14:0x00000000 x23=0x00000001
       74295000	      7330	80006112	40e60c33	sub	x24,x12,x14	 x12:0x00000000 x14:0x00000000 x24=0x00000000
       74305000	      7331	80006116	016b08b3	add	x17,x22,x22	 x22:0x0376af4c x22:0x0376af4c x17=0x06ed5e98
       74315000	      7332	8000611a	6135	c.addi16sp	x2,352	  x2:0x00000100  x2=0x00000260
       74685000	      7369	8000611c	03b6cb33	div	x22,x13,x27	 x13:0x00000022 x27:0x80000000 x22=0x00000000
       74695000	      7370	80006120	74460213	addi	x4,x12,1860	 x12:0x00000000  x4=0x00000744
       74705000	      7371	80006124	8c99	c.sub	x9,x14	  x9:0x000001a0 x14:0x00000000  x9=0x000001a0
       74715000	      7372	80006126	c799	c.beqz	x15,80006134	 x15:0x00000000
       74735000	      7374	80006134	72a32e13	slti	x28,x6,1834	  x6:0x00000000 x28=0x00000001
       74745000	      7375	80006138	8545	c.srai	x10,0x11	 x10:0x00000000 x10=0x00000000
       75115000	      7412	8000613a	03b2d7b3	divu	x15,x5,x27	  x5:0x000001e2 x27:0x80000000 x15=0x00000000
       75485000	      7449	8000613e	03cd53b3	divu	x7,x26,x28	 x26:0x00009000 x28:0x00000001  x7=0x00009000
       75495000	      7450	80006142	80ce	c.mv	x1,x19	  x0:0x00000000 x19:0x80021e64  x1=0x80021e64
       75505000	      7451	80006144	439e3513	sltiu	x10,x28,1081	 x28:0x00000001 x10=0x00000001
       75515000	      7452	80006148	8b268737	lui	x14,0x8b268	 x14=0x8b268000
       75525000	      7453	8000614c	c195	c.beqz	x11,80006170	 x11:0x80025b02
       75535000	      7454	8000614e	ea89	c.bnez	x13,80006160	 x13:0x00000022
       75555000	      7456	80006160	014dda33	srl	x20,x27,x20	 x27:0x80000000 x20:0x00000000 x20=0x80000000
       75565000	      7457	80006164	ed05	c.bnez	x10,8000619c	 x10:0x00000001
       75605000	      7461	8000619c	02860f33	mul	x30,x12,x8	 x12:0x00000000  x8:0xfc896ff3 x30=0x00000000
       75615000	      7462	800061a0	8dad	c.xor	x11,x11	 x11:0x80025b02 x11:0x80025b02 x11=0x00000000
       75625000	      7463	800061a2	052b8063	beq	x23,x18,800061e2	 x23:0x00000001 x18:0x00000000
       75635000	      7464	800061a6	8cd5	c.or	x9,x13	  x9:0x000001a0 x13:0x00000022  x9=0x000001a2
       75645000	      7465	800061a8	1bfd	c.addi	x23,-1	 x23:0x00000001 x23=0x00000000
       75655000	      7466	800061aa	83da	c.mv	x7,x22	  x0:0x00000000 x22:0x00000000  x7=0x00000000
       75665000	      7467	800061ac	ed19	c.bnez	x10,800061ca	 x10:0x00000001
       75695000	      7470	800061ca	0e4d3c13	sltiu	x24,x26,228	 x26:0x00009000 x24=0x00000000
       75705000	      7471	800061ce	f3eaae93	slti	x29,x21,-194	 x21:0x00000000 x29=0x00000000
       75715000	      7472	800061d2	4b09	c.li	x22,2	 x22=0x00000002
       75725000	      7473	800061d4	0380d463	bge	x1,x24,800061fc	  x1:0x80021e64 x24:0x00000000
       75735000	      7474	800061d8	8a9a	c.mv	x21,x6	  x0:0x00000000  x6:0x00000000 x21=0x00000000
       75745000	      7475	800061da	005d1f13	slli	x30,x26,0x5	 x26:0x00009000 x30=0x00120000
       75755000	      7476	800061de	00606d63	bltu	x0,x6,800061f8	  x0:0x00000000  x6:0x00000000
       75765000	      7477	800061e2	9e62	c.add	x28,x24	 x28:0x00000001 x24:0x00000000 x28=0x00000001
       75775000	      7478	800061e4	5d978a13	addi	x20,x15,1497	 x15:0x00000000 x20=0x000005d9
       75785000	      7479	800061e8	e289	c.bnez	x13,800061ea	 x13:0x00000022
       75805000	      7481	800061ea	6679	c.lui	x12,0x1e	 x12=0x0001e000
       75815000	      7482	800061ec	01d7e863	bltu	x15,x29,800061fc	 x15:0x00000000 x29:0x00000000
       75825000	      7483	800061f0	03c64963	blt	x12,x28,80006222	 x12:0x0001e000 x28:0x00000001
       75835000	      7484	800061f4	03ab5763	bge	x22,x26,80006222	 x22:0x00000002 x26:0x00009000
       76205000	      7521	800061f8	02a4df33	divu	x30,x9,x10	  x9:0x000001a2 x10:0x00000001 x30=0x000001a2
       76215000	      7522	800061fc	0000100f	fence.i	
       76265000	      7527	80006200	0286ba33	mulhu	x20,x13,x8	 x13:0x00000022  x8:0xfc896ff3 x20=0x00000021
       76275000	      7528	80006204	4269f713	andi	x14,x19,1062	 x19:0x80021e64 x14=0x00000424
       76285000	      7529	80006208	94def193	andi	x3,x29,-1715	 x29:0x00000000  x3=0x00000000
       76295000	      7530	8000620c	41090ab3	sub	x21,x18,x16	 x18:0x00000000 x16:0x00000000 x21=0x00000000
       76305000	      7531	80006210	e515	c.bnez	x10,8000623c	 x10:0x00000001
       76325000	      7533	8000623c	cd5ff493	andi	x9,x31,-811	 x31:0xf8e95e64  x9=0xf8e95c44
       76355000	      7536	80006240	03f20733	mul	x14,x4,x31	  x4:0x00000744 x31:0xf8e95e64 x14=0x7f91ce90
       76365000	      7537	80006244	0ff0000f	fence	iorw,iorw	
       76375000	      7538	80006248	69564d13	xori	x26,x12,1685	 x12:0x0001e000 x26=0x0001e695
       76385000	      7539	8000624c	005c8eb3	add	x29,x25,x5	 x25:0x80025ce4  x5:0x000001e2 x29=0x80025ec6
       76425000	      7543	80006250	02da2533	mulhsu	x10,x20,x13	 x20:0x00000021 x13:0x00000022 x10=0x00000000
       76435000	      7544	80006254	0001	c.addi	x0,0	  x0:0x00000000  x0=0x00000000
       76445000	      7545	80006256	01271c63	bne	x14,x18,8000626e	 x14:0x7f91ce90 x18:0x00000000
       76475000	      7548	8000626e	5f1bbf13	sltiu	x30,x23,1521	 x23:0x00000000 x30=0x00000001
       76485000	      7549	80006272	1698	c.addi4spn	x14,x2,864	 x14=0x000005c0
       76495000	      7550	80006274	0001	c.addi	x0,0	  x0:0x00000000  x0=0x00000000
       76865000	      7587	80006276	03d36b33	rem	x22,x6,x29	  x6:0x00000000 x29:0x80025ec6 x22=0x00000000
       76875000	      7588	8000627a	b101e513	ori	x10,x3,-1264	  x3:0x00000000 x10=0xfffffb10
       76885000	      7589	8000627e	03b20763	beq	x4,x27,800062ac	  x4:0x00000744 x27:0x80000000
       76895000	      7590	80006282	68b3c693	xori	x13,x7,1675	  x7:0x00000000 x13=0x0000068b
       76905000	      7591	80006286	8689	c.srai	x13,0x2	 x13:0x0000068b x13=0x000001a2
       76915000	      7592	80006288	0fa9	c.addi	x31,10	 x31:0xf8e95e64 x31=0xf8e95e6e
       76925000	      7593	8000628a	8422	c.mv	x8,x8	  x0:0x00000000  x8:0xfc896ff3  x8=0xfc896ff3
       76935000	      7594	8000628c	e589	c.bnez	x11,80006296	 x11:0x00000000
       76945000	      7595	8000628e	0000100f	fence.i	
       76965000	      7597	80006292	1c98	c.addi4spn	x14,x2,624	 x14=0x000004d0
       76975000	      7598	80006294	10fd	c.addi	x1,-1	  x1:0x80021e64  x1=0x80021e63
       77015000	      7602	80006296	035dabb3	mulhsu	x23,x27,x21	 x27:0x80000000 x21:0x00000000 x23=0x00000000
       77035000	      7604	8000629a	035fcf33	div	x30,x31,x21	 x31:0xf8e95e6e x21:0x00000000 x30=0xffffffff
       77045000	      7605	8000629e	8646fd37	lui	x26,0x8646f	 x26=0x8646f000
       77055000	      7606	800062a2	8f7d	c.and	x14,x15	 x14:0x000004d0 x15:0x00000000 x14=0x00000000
       77065000	      7607	800062a4	8d8d	c.sub	x11,x11	 x11:0x00000000 x11:0x00000000 x11=0x00000000
       77075000	      7608	800062a6	0001	c.addi	x0,0	  x0:0x00000000  x0=0x00000000
       77085000	      7609	800062a8	8f7d	c.and	x14,x15	 x14:0x00000000 x15:0x00000000 x14=0x00000000
       77095000	      7610	800062aa	81f5	c.srli	x11,0x1d	 x11:0x00000000 x11=0x00000000
       77105000	      7611	800062ac	4eb89a97	auipc	x21,0x4eb89	 x21=0xceb8f2ac
       77115000	      7612	800062b0	014de863	bltu	x27,x20,800062c0	 x27:0x80000000 x20:0x00000021
       77125000	      7613	800062b4	017e4333	xor	x6,x28,x23	 x28:0x00000001 x23:0x00000000  x6=0x00000001
       77135000	      7614	800062b8	5570f413	andi	x8,x1,1367	  x1:0x80021e63  x8=0x00000443
       77145000	      7615	800062bc	00183133	sltu	x2,x16,x1	 x16:0x00000000  x1:0x80021e63  x2=0x00000001
       77155000	      7616	800062c0	01349013	slli	x0,x9,0x13	  x9:0xf8e95c44  x0=0x00000000
       77165000	      7617	800062c4	0000100f	fence.i	
       77185000	      7619	800062c8	130c	c.addi4spn	x11,x2,416	 x11=0x000001a1
       77195000	      7620	800062ca	8eb9	c.xor	x13,x14	 x13:0x000001a2 x14:0x00000000 x13=0x000001a2
       77205000	      7621	800062cc	40cdd333	sra	x6,x27,x12	 x27:0x80000000 x12:0x0001e000  x6=0x80000000
       77215000	      7622	800062d0	0343d463	bge	x7,x20,800062f8	  x7:0x00000000 x20:0x00000021
       77235000	      7624	800062d4	02fbc7b3	div	x15,x23,x15	 x23:0x00000000 x15:0x00000000 x15=0xffffffff
       77245000	      7625	800062d8	0000100f	fence.i	
       77625000	      7663	800062dc	03c25ab3	divu	x21,x4,x28	  x4:0x00000744 x28:0x00000001 x21=0x00000744
       77635000	      7664	800062e0	b73ca413	slti	x8,x25,-1165	 x25:0x80025ce4  x8=0x00000001
       77645000	      7665	800062e4	01af2533	slt	x10,x30,x26	 x30:0xffffffff x26:0x8646f000 x10=0x00000000
       77655000	      7666	800062e8	8e9d	c.sub	x13,x15	 x13:0x000001a2 x15:0xffffffff x13=0x000001a3
       77665000	      7667	800062ea	8d51	c.or	x10,x12	 x10:0x00000000 x12:0x0001e000 x10=0x0001e000
       77675000	      7668	800062ec	80c1	c.srli	x9,0x10	  x9:0xf8e95c44  x9=0x0000f8e9
       77685000	      7669	800062ee	cf8d3a93	sltiu	x21,x26,-776	 x26:0x8646f000 x21=0x00000001
       77695000	      7670	800062f2	40955e13	srai	x28,x10,0x9	 x10:0x0001e000 x28=0x000000f0
       77705000	      7671	800062f6	ce85	c.beqz	x13,8000632e	 x13:0x000001a3
       77715000	      7672	800062f8	81a9	c.srli	x11,0xa	 x11:0x000001a1 x11=0x00000000
       77725000	      7673	800062fa	c709	c.beqz	x14,80006304	 x14:0x00000000
       77745000	      7675	80006304	00931033	sll	x0,x6,x9	  x6:0x80000000  x9:0x0000f8e9  x0=0x00000000
       77755000	      7676	80006308	40bdd933	sra	x18,x27,x11	 x27:0x80000000 x11:0x00000000 x18=0x80000000
       77765000	      7677	8000630c	00d19e93	slli	x29,x3,0xd	  x3:0x00000000 x29=0x00000000
       77775000	      7678	80006310	3e84e213	ori	x4,x9,1000	  x9:0x0000f8e9  x4=0x0000fbe9
       77785000	      7679	80006314	8f61	c.and	x14,x8	 x14:0x00000000  x8:0x00000001 x14=0x00000000
       78155000	      7716	80006316	02856fb3	rem	x31,x10,x8	 x10:0x0001e000  x8:0x00000001 x31=0x00000000
       78165000	      7717	8000631a	97da	c.add	x15,x22	 x15:0xffffffff x22:0x00000000 x15=0xffffffff
       78205000	      7721	8000631c	02edab33	mulhsu	x22,x27,x14	 x27:0x80000000 x14:0x00000000 x22=0x00000000
       78215000	      7722	80006320	ba5ddc17	auipc	x24,0xba5dd	 x24=0x3a5e3320
       78225000	      7723	80006324	8f65	c.and	x14,x9	 x14:0x00000000  x9:0x0000f8e9 x14=0x00000000
       78235000	      7724	80006326	c8f97e93	andi	x29,x18,-881	 x18:0x80000000 x29=0x80000000
       78245000	      7725	8000632a	00c21913	slli	x18,x4,0xc	  x4:0x0000fbe9 x18=0x0fbe9000
       78255000	      7726	8000632e	717d	c.addi16sp	x2,-16	  x2:0x00000001  x2=0xfffffff1
       78265000	      7727	80006330	9c52	c.add	x24,x20	 x24:0x3a5e3320 x20:0x00000021 x24=0x3a5e3341
       78275000	      7728	80006332	0ff0000f	fence	iorw,iorw	
       78285000	      7729	80006336	4f063393	sltiu	x7,x12,1264	 x12:0x0001e000  x7=0x00000000
       78295000	      7730	8000633a	81ed	c.srli	x11,0x1b	 x11:0x00000000 x11=0x00000000
       78315000	      7732	8000633c	03616e33	rem	x28,x2,x22	  x2:0xfffffff1 x22:0x00000000 x28=0xfffffff1
       78325000	      7733	80006340	8e7d	c.and	x12,x15	 x12:0x0001e000 x15:0xffffffff x12=0x0001e000
       78335000	      7734	80006342	019d5663	bge	x26,x25,8000634e	 x26:0x8646f000 x25:0x80025ce4
       78365000	      7737	8000634e	00cd5213	srli	x4,x26,0xc	 x26:0x8646f000  x4=0x0008646f
       78375000	      7738	80006352	010f06b3	add	x13,x30,x16	 x30:0xffffffff x16:0x00000000 x13=0xffffffff
       78385000	      7739	80006356	02410563	beq	x2,x4,80006380	  x2:0xfffffff1  x4:0x0008646f
       78395000	      7740	8000635a	0001	c.addi	x0,0	  x0:0x00000000  x0=0x00000000
       78405000	      7741	8000635c	cb8d	c.beqz	x15,8000638e	 x15:0xffffffff
       78415000	      7742	8000635e	06e5	c.addi	x13,25	 x13:0xffffffff x13=0x00000018
       78425000	      7743	80006360	4033d613	srai	x12,x7,0x3	  x7:0x00000000 x12=0x00000000
       78435000	      7744	80006364	1608	c.addi4spn	x10,x2,800	 x10=0x00000311
       78445000	      7745	80006366	99fd	c.andi	x11,-1	 x11:0x00000000 x11=0x00000000
       78455000	      7746	80006368	0001	c.addi	x0,0	  x0:0x00000000  x0=0x00000000
       78465000	      7747	8000636a	cf91	c.beqz	x15,80006386	 x15:0xffffffff
       78505000	      7751	8000636c	03153f33	mulhu	x30,x10,x17	 x10:0x00000311 x17:0x06ed5e98 x30=0x00000015
       78515000	      7752	80006370	0058cf33	xor	x30,x17,x5	 x17:0x06ed5e98  x5:0x000001e2 x30=0x06ed5f7a
       78525000	      7753	80006374	41e05313	srai	x6,x0,0x1e	  x0:0x00000000  x6=0x00000000
       78535000	      7754	80006378	4525	c.li	x10,9	 x10=0x00000009
       78545000	      7755	8000637a	0794	c.addi4spn	x13,x2,960	 x13=0x000003b1
       78555000	      7756	8000637c	0033d363	bge	x7,x3,80006382	  x7:0x00000000  x3:0x00000000
       78585000	      7759	80006382	a74aa413	slti	x8,x21,-1420	 x21:0x00000001  x8=0x00000000
       78595000	      7760	80006386	01820733	add	x14,x4,x24	  x4:0x0008646f x24:0x3a5e3341 x14=0x3a6697b0
       78605000	      7761	8000638a	00d18233	add	x4,x3,x13	  x3:0x00000000 x13:0x000003b1  x4=0x000003b1
       78615000	      7762	8000638e	01797833	and	x16,x18,x23	 x18:0x0fbe9000 x23:0x00000000 x16=0x00000000
       78625000	      7763	80006392	83c1	c.srli	x15,0x10	 x15:0xffffffff x15=0x0000ffff
       78635000	      7764	80006394	fd35ab13	slti	x22,x11,-45	 x11:0x00000000 x22=0x00000000
       78645000	      7765	80006398	c6e7feb7	lui	x29,0xc6e7f	 x29=0xc6e7f000
       79015000	      7802	8000639c	034b7b33	remu	x22,x22,x20	 x22:0x00000000 x20:0x00000021 x22=0x00000000
       79025000	      7803	800063a0	aa19be93	sltiu	x29,x19,-1375	 x19:0x80021e64 x29=0x00000001
       79035000	      7804	800063a4	15fd	c.addi	x11,-1	 x11:0x00000000 x11=0xffffffff
       79045000	      7805	800063a6	0000100f	fence.i	
       79075000	      7808	800063aa	01ec2ab3	slt	x21,x24,x30	 x24:0x3a5e3341 x30:0x06ed5f7a x21=0x00000000
       79085000	      7809	800063ae	0000100f	fence.i	
       79115000	      7812	800063b2	1c4ed317	auipc	x6,0x1c4ed	  x6=0x9c4f33b2
       79485000	      7849	800063b6	03427833	remu	x16,x4,x20	  x4:0x000003b1 x20:0x00000021 x16=0x00000015
       79495000	      7850	800063ba	b9dc2893	slti	x17,x24,-1123	 x24:0x3a5e3341 x17=0x00000000
       79505000	      7851	800063be	5e9b4b93	xori	x23,x22,1513	 x22:0x00000000 x23=0x000005e9
       79515000	      7852	800063c2	8da1	c.xor	x11,x8	 x11:0xffffffff  x8:0x00000000 x11=0xffffffff
       79525000	      7853	800063c4	c109	c.beqz	x10,800063c6	 x10:0x00000009
       79535000	      7854	800063c6	6b2c7e93	andi	x29,x24,1714	 x24:0x3a5e3341 x29=0x00000200
       79555000	      7856	800063ca	0314e4b3	rem	x9,x9,x17	  x9:0x0000f8e9 x17:0x00000000  x9=0x0000f8e9
       79565000	      7857	800063ce	0000100f	fence.i	
       79625000	      7863	800063d2	03431c33	mulh	x24,x6,x20	  x6:0x9c4f33b2 x20:0x00000021 x24=0xfffffff3
       79635000	      7864	800063d6	02aa0263	beq	x20,x10,800063fa	 x20:0x00000021 x10:0x00000009
       79645000	      7865	800063da	c989	c.beqz	x11,800063ec	 x11:0xffffffff
       79655000	      7866	800063dc	d9dcae93	slti	x29,x25,-611	 x25:0x80025ce4 x29=0x00000001
       79665000	      7867	800063e0	9ae32a93	slti	x21,x6,-1618	  x6:0x9c4f33b2 x21=0x00000001
       79675000	      7868	800063e4	40850e33	sub	x28,x10,x8	 x10:0x00000009  x8:0x00000000 x28=0x00000009
       79685000	      7869	800063e8	fa5ec913	xori	x18,x29,-91	 x29:0x00000001 x18=0xffffffa4
       79695000	      7870	800063ec	0ff0000f	fence	iorw,iorw	
       79705000	      7871	800063f0	8431	c.srai	x8,0xc	  x8:0x00000000  x8=0x00000000
       79715000	      7872	800063f2	01d43633	sltu	x12,x8,x29	  x8:0x00000000 x29:0x00000001 x12=0x00000001
       79725000	      7873	800063f6	b0f17f93	andi	x31,x2,-1265	  x2:0xfffffff1 x31=0xfffffb01
       79735000	      7874	800063fa	0001	c.addi	x0,0	  x0:0x00000000  x0=0x00000000
       79745000	      7875	800063fc	0535	c.addi	x10,13	 x10:0x00000009 x10=0x00000016
       79755000	      7876	800063fe	854d	c.srai	x10,0x13	 x10:0x00000016 x10=0x00000000
       79765000	      7877	80006400	418fd433	sra	x8,x31,x24	 x31:0xfffffb01 x24:0xfffffff3  x8=0xffffffff
       79775000	      7878	80006404	02a4f763	bgeu	x9,x10,80006432	  x9:0x0000f8e9 x10:0x00000000
       79825000	      7883	80006432	03550bb3	mul	x23,x10,x21	 x10:0x00000000 x21:0x00000001 x23=0x00000000
       79835000	      7884	80006436	8bce	c.mv	x23,x19	  x0:0x00000000 x19:0x80021e64 x23=0x80021e64
       79845000	      7885	80006438	01859733	sll	x14,x11,x24	 x11:0xffffffff x24:0xfffffff3 x14=0xfff80000
       79855000	      7886	8000643c	0000100f	fence.i	
       79875000	      7888	80006440	0001	c.addi	x0,0	  x0:0x00000000  x0=0x00000000
       79885000	      7889	80006442	c924eb93	ori	x23,x9,-878	  x9:0x0000f8e9 x23=0xfffffcfb
       79895000	      7890	80006446	0342	c.slli	x6,0x10	  x6:0x9c4f33b2  x6=0x33b20000
       79905000	      7891	80006448	403c5d13	srai	x26,x24,0x3	 x24:0xfffffff3 x26=0xfffffffe
       79915000	      7892	8000644c	0ff0000f	fence	iorw,iorw	
       79925000	      7893	80006450	8eda	c.mv	x29,x22	  x0:0x00000000 x22:0x00000000 x29=0x00000000
       79935000	      7894	80006452	0255f563	bgeu	x11,x5,8000647c	 x11:0xffffffff  x5:0x000001e2
       79955000	      7896	8000647c	0128cb63	blt	x17,x18,80006492	 x17:0x00000000 x18:0xffffffa4
       79965000	      7897	80006480	717d	c.addi16sp	x2,-16	  x2:0xfffffff1  x2=0xffffffe1
       80335000	      7934	80006482	02d14eb3	div	x29,x2,x13	  x2:0xffffffe1 x13:0x000003b1 x29=0x00000000
       80375000	      7938	80006486	032c9a33	mulh	x20,x25,x18	 x25:0x80025ce4 x18:0xffffffa4 x20=0x0000002d
       80385000	      7939	8000648a	9aae	c.add	x21,x11	 x21:0x00000001 x11:0xffffffff x21=0x00000000
       80395000	      7940	8000648c	8c66	c.mv	x24,x25	  x0:0x00000000 x25:0x80025ce4 x24=0x80025ce4
       80405000	      7941	8000648e	00c39813	slli	x16,x7,0xc	  x7:0x00000000 x16=0x00000000
       80415000	      7942	80006492	cb1d	c.beqz	x14,800064c8	 x14:0xfff80000
       80425000	      7943	80006494	0326e563	bltu	x13,x18,800064be	 x13:0x000003b1 x18:0xffffffa4
       80475000	      7948	800064be	03f10033	mul	x0,x2,x31	  x2:0xffffffe1 x31:0xfffffb01  x0=0x00000000
       80845000	      7985	800064c2	032fcb33	div	x22,x31,x18	 x31:0xfffffb01 x18:0xffffffa4 x22=0x0000000d
       80855000	      7986	800064c6	8b56	c.mv	x22,x21	  x0:0x00000000 x21:0x00000000 x22=0x00000000
       80865000	      7987	800064c8	0001	c.addi	x0,0	  x0:0x00000000  x0=0x00000000
       80875000	      7988	800064ca	0154d763	bge	x9,x21,800064d8	  x9:0x0000f8e9 x21:0x00000000
       81255000	      8026	800064d8	03fe5f33	divu	x30,x28,x31	 x28:0x00000009 x31:0xfffffb01 x30=0x00000000
       81265000	      8027	800064dc	ea0d	c.bnez	x12,8000650e	 x12:0x00000001
       81295000	      8030	8000650e	015d9d13	slli	x26,x27,0x15	 x27:0x80000000 x26=0x00000000
       81305000	      8031	80006512	01b25133	srl	x2,x4,x27	  x4:0x000003b1 x27:0x80000000  x2=0x000003b1
       81315000	      8032	80006516	000c9693	slli	x13,x25,0x0	 x25:0x80025ce4 x13=0x80025ce4
       81325000	      8033	8000651a	8119	c.srli	x10,0x6	 x10:0x00000000 x10=0x00000000
       81335000	      8034	8000651c	7db80513	addi	x10,x16,2011	 x16:0x00000000 x10=0x000007db
       81345000	      8035	80006520	30a87c17	auipc	x24,0x30a87	 x24=0xb0a8d520
       81355000	      8036	80006524	e789	c.bnez	x15,8000652e	 x15:0x0000ffff
       81375000	      8038	8000652e	9a1a	c.add	x20,x6	 x20:0x0000002d  x6:0x33b20000 x20=0x33b2002d
       81385000	      8039	80006530	03475263	bge	x14,x20,80006554	 x14:0xfff80000 x20:0x33b2002d
       81395000	      8040	80006534	8f59	c.or	x14,x14	 x14:0xfff80000 x14:0xfff80000 x14=0xfff80000
       81405000	      8041	80006536	04ec0063	beq	x24,x14,80006576	 x24:0xb0a8d520 x14:0xfff80000
       81415000	      8042	8000653a	41e7d5b3	sra	x11,x15,x30	 x15:0x0000ffff x30:0x00000000 x11=0x0000ffff
       81425000	      8043	8000653e	80b6	c.mv	x1,x13	  x0:0x00000000 x13:0x80025ce4  x1=0x80025ce4
       81435000	      8044	80006540	87e6	c.mv	x15,x25	  x0:0x00000000 x25:0x80025ce4 x15=0x80025ce4
       81445000	      8045	80006542	0889	c.addi	x17,2	 x17:0x00000000 x17=0x00000002
       81455000	      8046	80006544	016ef1b3	and	x3,x29,x22	 x29:0x00000000 x22:0x00000000  x3=0x00000000
       81495000	      8050	80006548	037a9c33	mulh	x24,x21,x23	 x21:0x00000000 x23:0xfffffcfb x24=0x00000000
       81505000	      8051	8000654c	0145dfb3	srl	x31,x11,x20	 x11:0x0000ffff x20:0x33b2002d x31=0x00000007
       81515000	      8052	80006550	0880	c.addi4spn	x8,x2,80	  x8=0x00000401
       81525000	      8053	80006552	8e79	c.and	x12,x14	 x12:0x00000001 x14:0xfff80000 x12=0x00000000
       81535000	      8054	80006554	41ce5013	srai	x0,x28,0x1c	 x28:0x00000009  x0=0x00000000
       81545000	      8055	80006558	01ea9533	sll	x10,x21,x30	 x21:0x00000000 x30:0x00000000 x10=0x00000000
       81555000	      8056	8000655c	8f11	c.sub	x14,x12	 x14:0xfff80000 x12:0x00000000 x14=0xfff80000
       81565000	      8057	8000655e	d2b52193	slti	x3,x10,-725	 x10:0x00000000  x3=0x00000000
       81575000	      8058	80006562	6f75	c.lui	x30,0x1d	 x30=0x0001d000
       81585000	      8059	80006564	01ebd133	srl	x2,x23,x30	 x23:0xfffffcfb x30:0x0001d000  x2=0xfffffcfb
       81595000	      8060	80006568	0ff0000f	fence	iorw,iorw	
       81605000	      8061	8000656c	015b9e93	slli	x29,x23,0x15	 x23:0xfffffcfb x29=0x9f600000
       81615000	      8062	80006570	8ffd	c.and	x15,x15	 x15:0x80025ce4 x15:0x80025ce4 x15=0x80025ce4
       81625000	      8063	80006572	02208e63	beq	x1,x2,800065ae	  x1:0x80025ce4  x2:0xfffffcfb
       81635000	      8064	80006576	007da633	slt	x12,x27,x7	 x27:0x80000000  x7:0x00000000 x12=0x00000001
       81645000	      8065	8000657a	48ccf093	andi	x1,x25,1164	 x25:0x80025ce4  x1=0x00000484
       81685000	      8069	8000657e	031abf33	mulhu	x30,x21,x17	 x21:0x00000000 x17:0x00000002 x30=0x00000000
       82055000	      8106	80006582	02247833	remu	x16,x8,x2	  x8:0x00000401  x2:0xfffffcfb x16=0x00000401
       82065000	      8107	80006586	0013b933	sltu	x18,x7,x1	  x7:0x00000000  x1:0x00000484 x18=0x00000001
       82075000	      8108	8000658a	5b7d	c.li	x22,-1	 x22=0xffffffff
       82085000	      8109	8000658c	41c45093	srai	x1,x8,0x1c	  x8:0x00000401  x1=0x00000000
       82095000	      8110	80006590	8f91	c.sub	x15,x12	 x15:0x80025ce4 x12:0x00000001 x15=0x80025ce3
       82135000	      8114	80006592	029a2d33	mulhsu	x26,x20,x9	 x20:0x33b2002d  x9:0x0000f8e9 x26=0x00003243
       82145000	      8115	80006596	bee4f613	andi	x12,x9,-1042	  x9:0x0000f8e9 x12=0x0000f8e8
       82155000	      8116	8000659a	00f8e7b3	or	x15,x17,x15	 x17:0x00000002 x15:0x80025ce3 x15=0x80025ce3
       82525000	      8153	8000659e	024852b3	divu	x5,x16,x4	 x16:0x00000401  x4:0x000003b1  x5=0x00000001
       82535000	      8154	800065a2	0611	c.addi	x12,4	 x12:0x0000f8e8 x12=0x0000f8ec
       82555000	      8156	800065a4	020f5733	divu	x14,x30,x0	 x30:0x00000000  x0:0x00000000 x14=0xffffffff
       82565000	      8157	800065a8	6afd	c.lui	x21,0x1f	 x21=0x0001f000
       82575000	      8158	800065aa	03660a63	beq	x12,x22,800065de	 x12:0x0000f8ec x22:0xffffffff
       82585000	      8159	800065ae	97ce8613	addi	x12,x29,-1668	 x29:0x9f600000 x12=0x9f5ff97c
       82955000	      8196	800065b2	03917fb3	remu	x31,x2,x25	  x2:0xfffffcfb x25:0x80025ce4 x31=0x7ffda017
       82965000	      8197	800065b6	0036df33	srl	x30,x13,x3	 x13:0x80025ce4  x3:0x00000000 x30=0x80025ce4
       82975000	      8198	800065ba	d3051c17	auipc	x24,0xd3051	 x24=0x530575ba
       82985000	      8199	800065be	6521	c.lui	x10,0x8	 x10=0x00008000
       82995000	      8200	800065c0	8fbda793	slti	x15,x27,-1797	 x27:0x80000000 x15=0x00000001
       83005000	      8201	800065c4	0032bc33	sltu	x24,x5,x3	  x5:0x00000001  x3:0x00000000 x24=0x00000000
       83015000	      8202	800065c8	9e5a	c.add	x28,x22	 x28:0x00000009 x22:0xffffffff x28=0x00000008
       83025000	      8203	800065ca	8f45	c.or	x14,x9	 x14:0xffffffff  x9:0x0000f8e9 x14=0xffffffff
       83035000	      8204	800065cc	01ce5d13	srli	x26,x28,0x1c	 x28:0x00000008 x26=0x00000000
       83075000	      8208	800065d0	03961c33	mulh	x24,x12,x25	 x12:0x9f5ff97c x25:0x80025ce4 x24=0x304f1ef2
       83085000	      8209	800065d4	006d4a63	blt	x26,x6,800065e8	 x26:0x00000000  x6:0x33b20000
       83105000	      8211	800065e8	2b6dc313	xori	x6,x27,694	 x27:0x80000000  x6=0x800002b6
       83125000	      8213	800065ec	0212e7b3	rem	x15,x5,x1	  x5:0x00000001  x1:0x00000000 x15=0x00000001
       83135000	      8214	800065f0	ef8d	c.bnez	x15,8000662a	 x15:0x00000001
       83155000	      8216	8000662a	8d0e	c.mv	x26,x3	  x0:0x00000000  x3:0x00000000 x26=0x00000000
       83165000	      8217	8000662c	00c10c63	beq	x2,x12,80006644	  x2:0xfffffcfb x12:0x9f5ff97c
       83175000	      8218	80006630	014285b3	add	x11,x5,x20	  x5:0x00000001 x20:0x33b2002d x11=0x33b2002e
       83185000	      8219	80006634	0001	c.addi	x0,0	  x0:0x00000000  x0=0x00000000
       83195000	      8220	80006636	0000100f	fence.i	
       83215000	      8222	8000663a	8d5d	c.or	x10,x15	 x10:0x00008000 x15:0x00000001 x10=0x00008001
       83225000	      8223	8000663c	0001	c.addi	x0,0	  x0:0x00000000  x0=0x00000000
       83235000	      8224	8000663e	00709333	sll	x6,x1,x7	  x1:0x00000000  x7:0x00000000  x6=0x00000000
       83245000	      8225	80006642	1f9c	c.addi4spn	x15,x2,1008	 x15=0x000000eb
       83255000	      8226	80006644	8d5d	c.or	x10,x15	 x10:0x00008001 x15:0x000000eb x10=0x000080eb
       83265000	      8227	80006646	0002c563	blt	x5,x0,80006650	  x5:0x00000001  x0:0x00000000
       83275000	      8228	8000664a	0ff0000f	fence	iorw,iorw	
       83285000	      8229	8000664e	6bd1	c.lui	x23,0x14	 x23=0x00014000
       83295000	      8230	80006650	8153c737	lui	x14,0x8153c	 x14=0x8153c000
       83305000	      8231	80006654	d0f02117	auipc	x2,0xd0f02	  x2=0x50f08654
       83315000	      8232	80006658	0d7c8d17	auipc	x26,0xd7c8	 x26=0x8d7ce658
       83345000	      8235	8000665c	02bb0d33	mul	x26,x22,x11	 x22:0xffffffff x11:0x33b2002e x26=0xcc4dffd2
       83355000	      8236	80006660	0242	c.slli	x4,0x10	  x4:0x000003b1  x4=0x03b10000
       83365000	      8237	80006662	01d25663	bge	x4,x29,8000666e	  x4:0x03b10000 x29:0x9f600000
       83395000	      8240	8000666e	013bd3b3	srl	x7,x23,x19	 x23:0x00014000 x19:0x80021e64  x7=0x00001400
       83405000	      8241	80006672	1810	c.addi4spn	x12,x2,48	 x12=0x50f08684
       83415000	      8242	80006674	516554b7	lui	x9,0x51655	  x9=0x51655000
       83425000	      8243	80006678	e785	c.bnez	x15,800066a0	 x15:0x000000eb
       83805000	      8281	800066a0	02507833	remu	x16,x0,x5	  x0:0x00000000  x5:0x00000001 x16=0x00000000
       83815000	      8282	800066a4	cb01	c.beqz	x14,800066b4	 x14:0x8153c000
       83825000	      8283	800066a6	79c2e417	auipc	x8,0x79c2e	  x8=0xf9c346a6
       84195000	      8320	800066aa	02c44eb3	div	x29,x8,x12	  x8:0xf9c346a6 x12:0x50f08684 x29=0x00000000
       84235000	      8324	800066ae	03cabe33	mulhu	x28,x21,x28	 x21:0x0001f000 x28:0x00000008 x28=0x00000000
       84245000	      8325	800066b2	8ff1	c.and	x15,x12	 x15:0x000000eb x12:0x50f08684 x15=0x00000080
       84255000	      8326	800066b4	fc8fab13	slti	x22,x31,-56	 x31:0x7ffda017 x22=0x00000000
       84265000	      8327	800066b8	0000100f	fence.i	
       84285000	      8329	800066bc	0125e7b3	or	x15,x11,x18	 x11:0x33b2002e x18:0x00000001 x15=0x33b2002f
       84295000	      8330	800066c0	ed89	c.bnez	x11,800066da	 x11:0x33b2002e
       84315000	      8332	800066da	6a15	c.lui	x20,0x5	 x20=0x00005000
       84325000	      8333	800066dc	c915	c.beqz	x10,80006710	 x10:0x000080eb
       84365000	      8337	800066de	030d9f33	mulh	x30,x27,x16	 x27:0x80000000 x16:0x00000000 x30=0x00000000
       84375000	      8338	800066e2	5efd	c.li	x29,-1	 x29=0xffffffff
       84385000	      8339	800066e4	6129	c.addi16sp	x2,192	  x2:0x50f08654  x2=0x50f08714
       84395000	      8340	800066e6	2825e913	ori	x18,x11,642	 x11:0x33b2002e x18=0x33b202ae
       84405000	      8341	800066ea	4dee2313	slti	x6,x28,1246	 x28:0x00000000  x6=0x00000001
       84415000	      8342	800066ee	5aec4b13	xori	x22,x24,1454	 x24:0x304f1ef2 x22=0x304f1b5c
       84455000	      8346	800066f2	0381bab3	mulhu	x21,x3,x24	  x3:0x00000000 x24:0x304f1ef2 x21=0x00000000
       84465000	      8347	800066f6	717d	c.addi16sp	x2,-16	  x2:0x50f08714  x2=0x50f08704
       84475000	      8348	800066f8	018911b3	sll	x3,x18,x24	 x18:0x33b202ae x24:0x304f1ef2  x3=0x0ab80000
       84485000	      8349	800066fc	8bc9	c.andi	x15,18	 x15:0x33b2002f x15=0x00000002
       84495000	      8350	800066fe	8cbd	c.xor	x9,x15	  x9:0x51655000 x15:0x00000002  x9=0x51655002
       84515000	      8352	80006700	03cfdbb3	divu	x23,x31,x28	 x31:0x7ffda017 x28:0x00000000 x23=0xffffffff
       84525000	      8353	80006704	8da9	c.xor	x11,x10	 x11:0x33b2002e x10:0x000080eb x11=0x33b280c5
       84535000	      8354	80006706	012ff563	bgeu	x31,x18,80006710	 x31:0x7ffda017 x18:0x33b202ae
       84555000	      8356	80006710	ec1d	c.bnez	x8,8000674e	  x8:0xf9c346a6
       84605000	      8361	8000674e	030201b3	mul	x3,x4,x16	  x4:0x03b10000 x16:0x00000000  x3=0x00000000
       84645000	      8365	80006752	03b2b133	mulhu	x2,x5,x27	  x5:0x00000001 x27:0x80000000  x2=0x00000000
       84655000	      8366	80006756	00d69863	bne	x13,x13,80006766	 x13:0x80025ce4 x13:0x80025ce4
       84665000	      8367	8000675a	01e3d593	srli	x11,x7,0x1e	  x7:0x00001400 x11=0x00000000
       84675000	      8368	8000675e	02fcd763	bge	x25,x15,8000678c	 x25:0x80025ce4 x15:0x00000002
       84685000	      8369	80006762	00585393	srli	x7,x16,0x5	 x16:0x00000000  x7=0x00000000
       84695000	      8370	80006766	0001	c.addi	x0,0	  x0:0x00000000  x0=0x00000000
       84705000	      8371	80006768	9a16	c.add	x20,x5	 x20:0x00005000  x5:0x00000001 x20=0x00005001
       84715000	      8372	8000676a	00dc4eb3	xor	x29,x24,x13	 x24:0x304f1ef2 x13:0x80025ce4 x29=0xb04d4216
       84725000	      8373	8000676e	02190363	beq	x18,x1,80006794	 x18:0x33b202ae  x1:0x00000000
       84735000	      8374	80006772	8cf1	c.and	x9,x12	  x9:0x51655002 x12:0x50f08684  x9=0x50600000
       84745000	      8375	80006774	57846093	ori	x1,x8,1400	  x8:0xf9c346a6  x1=0xf9c347fe
       84755000	      8376	80006778	1708	c.addi4spn	x10,x2,928	 x10=0x000003a0
       84765000	      8377	8000677a	8691	c.srai	x13,0x4	 x13:0x80025ce4 x13=0xf80025ce
       84775000	      8378	8000677c	0ff0000f	fence	iorw,iorw	
       84785000	      8379	80006780	0f8e	c.slli	x31,0x3	 x31:0x7ffda017 x31=0xffed00b8
       84795000	      8380	80006782	feab6813	ori	x16,x22,-22	 x22:0x304f1b5c x16=0xfffffffe
       84805000	      8381	80006786	4529	c.li	x10,10	 x10=0x0000000a
       84815000	      8382	80006788	402ad193	srai	x3,x21,0x2	 x21:0x00000000  x3=0x00000000
       84825000	      8383	8000678c	0182d393	srli	x7,x5,0x18	  x5:0x00000001  x7=0x00000000
       84835000	      8384	80006790	0234cb63	blt	x9,x3,800067c6	  x9:0x50600000  x3:0x00000000
       84845000	      8385	80006794	517d	c.li	x2,-1	  x2=0xffffffff
       84855000	      8386	80006796	01e73a33	sltu	x20,x14,x30	 x14:0x8153c000 x30:0x00000000 x20=0x00000000
       84865000	      8387	8000679a	018906b3	add	x13,x18,x24	 x18:0x33b202ae x24:0x304f1ef2 x13=0x640121a0
       84875000	      8388	8000679e	0361e963	bltu	x3,x22,800067d0	  x3:0x00000000 x22:0x304f1b5c
       84895000	      8390	800067d0	400fd233	sra	x4,x31,x0	 x31:0xffed00b8  x0:0x00000000  x4=0xffed00b8
       84905000	      8391	800067d4	821d	c.srli	x12,0x7	 x12:0x50f08684 x12=0x00a1e10d
       84915000	      8392	800067d6	00c70933	add	x18,x14,x12	 x14:0x8153c000 x12:0x00a1e10d x18=0x81f5a10d
       84925000	      8393	800067da	956a	c.add	x10,x26	 x10:0x0000000a x26:0xcc4dffd2 x10=0xcc4dffdc
       84935000	      8394	800067dc	5e7d	c.li	x28,-1	 x28=0xffffffff
       84945000	      8395	800067de	8c2d	c.xor	x8,x11	  x8:0xf9c346a6 x11:0x00000000  x8=0xf9c346a6
       84955000	      8396	800067e0	02c6d263	bge	x13,x12,80006804	 x13:0x640121a0 x12:0x00a1e10d
       84975000	      8398	80006804	5c23a0b7	lui	x1,0x5c23a	  x1=0x5c23a000
       84985000	      8399	80006808	0ff0000f	fence	iorw,iorw	
       84995000	      8400	8000680c	00969033	sll	x0,x13,x9	 x13:0x640121a0  x9:0x50600000  x0=0x00000000
       85005000	      8401	80006810	00a6	c.slli	x1,0x9	  x1:0x5c23a000  x1=0x47400000
       85015000	      8402	80006812	8799	c.srai	x15,0x6	 x15:0x00000002 x15=0x00000000
       85025000	      8403	80006814	026b9263	bne	x23,x6,80006838	 x23:0xffffffff  x6:0x00000001
       85075000	      8408	80006838	030da333	mulhsu	x6,x27,x16	 x27:0x80000000 x16:0xfffffffe  x6=0x80000001
       85085000	      8409	8000683c	86f2	c.mv	x13,x28	  x0:0x00000000 x28:0xffffffff x13=0xffffffff
       85095000	      8410	8000683e	00d0ec33	or	x24,x1,x13	  x1:0x47400000 x13:0xffffffff x24=0xffffffff
       85105000	      8411	80006842	e285	c.bnez	x13,80006862	 x13:0xffffffff
       85125000	      8413	80006862	8d35	c.xor	x10,x13	 x10:0xcc4dffdc x13:0xffffffff x10=0x33b20023
       85135000	      8414	80006864	0024ba33	sltu	x20,x9,x2	  x9:0x50600000  x2:0xffffffff x20=0x00000001
       85145000	      8415	80006868	6b2b2593	slti	x11,x22,1714	 x22:0x304f1b5c x11=0x00000000
       85155000	      8416	8000686c	164e2793	slti	x15,x28,356	 x28:0xffffffff x15=0x00000001
       85165000	      8417	80006870	717d	c.addi16sp	x2,-16	  x2:0xffffffff  x2=0xffffffef
       85175000	      8418	80006872	019eaf33	slt	x30,x29,x25	 x29:0xb04d4216 x25:0x80025ce4 x30=0x00000000
       85185000	      8419	80006876	01c5d413	srli	x8,x11,0x1c	 x11:0x00000000  x8=0x00000000
       85195000	      8420	8000687a	00c2b3b3	sltu	x7,x5,x12	  x5:0x00000001 x12:0x00a1e10d  x7=0x00000001
       85205000	      8421	8000687e	e291	c.bnez	x13,80006882	 x13:0xffffffff
       85225000	      8423	80006882	ce05	c.beqz	x12,800068ba	 x12:0x00a1e10d
       85235000	      8424	80006884	00009763	bne	x1,x0,80006892	  x1:0x47400000  x0:0x00000000
       85255000	      8426	80006892	0752	c.slli	x14,0x14	 x14:0x8153c000 x14=0x00000000
       85295000	      8430	80006894	02ce3a33	mulhu	x20,x28,x12	 x28:0xffffffff x12:0x00a1e10d x20=0x00a1e10c
       85305000	      8431	80006898	0253f963	bgeu	x7,x5,800068ca	  x7:0x00000001  x5:0x00000001
       85335000	      8434	800068ca	0028f633	and	x12,x17,x2	 x17:0x00000002  x2:0xffffffef x12=0x00000002
       85345000	      8435	800068ce	8f7d	c.and	x14,x15	 x14:0x00000000 x15:0x00000001 x14=0x00000000
       85355000	      8436	800068d0	0c56	c.slli	x24,0x15	 x24:0xffffffff x24=0xffe00000
       85365000	      8437	800068d2	009d5513	srli	x10,x26,0x9	 x26:0xcc4dffd2 x10=0x006626ff
       85375000	      8438	800068d6	00d92e33	slt	x28,x18,x13	 x18:0x81f5a10d x13:0xffffffff x28=0x00000001
       85385000	      8439	800068da	0000100f	fence.i	
       85415000	      8442	800068de	47d8f613	andi	x12,x17,1149	 x17:0x00000002 x12=0x00000000
       85425000	      8443	800068e2	0001	c.addi	x0,0	  x0:0x00000000  x0=0x00000000
       85435000	      8444	800068e4	40d25133	sra	x2,x4,x13	  x4:0xffed00b8 x13:0xffffffff  x2=0xffffffff
       85445000	      8445	800068e8	01b65ab3	srl	x21,x12,x27	 x12:0x00000000 x27:0x80000000 x21=0x00000000
       85485000	      8449	800068ec	03652933	mulhsu	x18,x10,x22	 x10:0x006626ff x22:0x304f1b5c x18=0x001346e0
       85495000	      8450	800068f0	0000100f	fence.i	
       85515000	      8452	800068f4	86e5	c.srai	x13,0x19	 x13:0xffffffff x13=0xffffffff
       85525000	      8453	800068f6	00dd5e33	srl	x28,x26,x13	 x26:0xcc4dffd2 x13:0xffffffff x28=0x00000001
       85535000	      8454	800068fa	004568b3	or	x17,x10,x4	 x10:0x006626ff  x4:0xffed00b8 x17=0xffef26ff
       85545000	      8455	800068fe	23052193	slti	x3,x10,560	 x10:0x006626ff  x3=0x00000000
       85555000	      8456	80006902	0077be33	sltu	x28,x15,x7	 x15:0x00000001  x7:0x00000001 x28=0x00000000
       85565000	      8457	80006906	8f85	c.sub	x15,x9	 x15:0x00000001  x9:0x50600000 x15=0xafa00001
       85575000	      8458	80006908	0ff0000f	fence	iorw,iorw	
       85585000	      8459	8000690c	40be5a93	srai	x21,x28,0xb	 x28:0x00000000 x21=0x00000000
       85595000	      8460	80006910	87d9	c.srai	x15,0x16	 x15:0xafa00001 x15=0xfffffebe
       85605000	      8461	80006912	197d	c.addi	x18,-1	 x18:0x001346e0 x18=0x001346df
       85635000	      8464	80006914	02ac8133	mul	x2,x25,x10	 x25:0x80025ce4 x10:0x006626ff  x2=0xdefc5f1c
       85645000	      8465	80006918	67b9	c.lui	x15,0xe	 x15=0x0000e000
       85655000	      8466	8000691a	bdc94093	xori	x1,x18,-1060	 x18:0x001346df  x1=0xffecbd03
       85665000	      8467	8000691e	c315	c.beqz	x14,80006942	 x14:0x00000000
       85685000	      8469	80006942	8d3d	c.xor	x10,x15	 x10:0x006626ff x15:0x0000e000 x10=0x0066c6ff
       85695000	      8470	80006944	0001	c.addi	x0,0	  x0:0x00000000  x0=0x00000000
       85705000	      8471	80006946	8069	c.srli	x8,0x1a	  x8:0x00000000  x8=0x00000000
       85715000	      8472	80006948	e9914713	xori	x14,x2,-359	  x2:0xdefc5f1c x14=0x2103a185
       86085000	      8509	8000694c	031f5933	divu	x18,x30,x17	 x30:0x00000000 x17:0xffef26ff x18=0x00000000
       86095000	      8510	80006950	41ed8a33	sub	x20,x27,x30	 x27:0x80000000 x30:0x00000000 x20=0x80000000
       86105000	      8511	80006954	03bdc063	blt	x27,x27,80006974	 x27:0x80000000 x27:0x80000000
       86115000	      8512	80006958	810d	c.srli	x10,0x3	 x10:0x0066c6ff x10=0x000cd8df
       86125000	      8513	8000695a	8f49	c.or	x14,x10	 x14:0x2103a185 x10:0x000cd8df x14=0x210ff9df
       86135000	      8514	8000695c	0b26	c.slli	x22,0x9	 x22:0x304f1b5c x22=0x9e36b800
       86145000	      8515	8000695e	015de763	bltu	x27,x21,8000696c	 x27:0x80000000 x21:0x00000000
       86155000	      8516	80006962	0f91	c.addi	x31,4	 x31:0xffed00b8 x31=0xffed00bc
       86165000	      8517	80006964	41175033	sra	x0,x14,x17	 x14:0x210ff9df x17:0xffef26ff  x0=0x00000000
       86175000	      8518	80006968	ba5ba093	slti	x1,x23,-1115	 x23:0xffffffff  x1=0x00000000
       86185000	      8519	8000696c	00e9a7b3	slt	x15,x19,x14	 x19:0x80021e64 x14:0x210ff9df x15=0x00000001
       86195000	      8520	80006970	007cee63	bltu	x25,x7,8000698c	 x25:0x80025ce4  x7:0x00000001
       86205000	      8521	80006974	00f94f33	xor	x30,x18,x15	 x18:0x00000000 x15:0x00000001 x30=0x00000001
       86215000	      8522	80006978	02f91b63	bne	x18,x15,800069ae	 x18:0x00000000 x15:0x00000001
       86605000	      8561	800069ae	033c6c33	rem	x24,x24,x19	 x24:0xffe00000 x19:0x80021e64 x24=0xffe00000
       86615000	      8562	800069b2	8c31	c.xor	x8,x12	  x8:0x00000000 x12:0x00000000  x8=0x00000000
       86625000	      8563	800069b4	8e2d	c.xor	x12,x11	 x12:0x00000000 x11:0x00000000 x12=0x00000000
       86635000	      8564	800069b6	012280b3	add	x1,x5,x18	  x5:0x00000001 x18:0x00000000  x1=0x00000001
       86645000	      8565	800069ba	41dfdc33	sra	x24,x31,x29	 x31:0xffed00bc x29:0xb04d4216 x24=0xffffffff
       86655000	      8566	800069be	80e1	c.srli	x9,0x18	  x9:0x50600000  x9=0x00000050
       86665000	      8567	800069c0	6b9d	c.lui	x23,0x7	 x23=0x00007000
       86675000	      8568	800069c2	03cc4063	blt	x24,x28,800069e2	 x24:0xffffffff x28:0x00000000
       86705000	      8571	800069e2	01260f63	beq	x12,x18,80006a00	 x12:0x00000000 x18:0x00000000
       86725000	      8573	80006a00	8a0e	c.mv	x20,x3	  x0:0x00000000  x3:0x00000000 x20=0x00000000
       86735000	      8574	80006a02	01a69013	slli	x0,x13,0x1a	 x13:0xffffffff  x0=0x00000000
       86745000	      8575	80006a06	8e62	c.mv	x28,x24	  x0:0x00000000 x24:0xffffffff x28=0xffffffff
       86755000	      8576	80006a08	0001	c.addi	x0,0	  x0:0x00000000  x0=0x00000000
       86765000	      8577	80006a0a	3dd1db37	lui	x22,0x3dd1d	 x22=0x3dd1d000
       86775000	      8578	80006a0e	00c430b3	sltu	x1,x8,x12	  x8:0x00000000 x12:0x00000000  x1=0x00000000
       86785000	      8579	80006a12	96e6	c.add	x13,x25	 x13:0xffffffff x25:0x80025ce4 x13=0x80025ce3
       86795000	      8580	80006a14	0c6a	c.slli	x24,0x1a	 x24:0xffffffff x24=0xfc000000
       86805000	      8581	80006a16	0000100f	fence.i	
       86835000	      8584	80006a1a	013e6b33	or	x22,x28,x19	 x28:0xffffffff x19:0x80021e64 x22=0xffffffff
       86845000	      8585	80006a1e	8d59	c.or	x10,x14	 x10:0x000cd8df x14:0x210ff9df x10=0x210ff9df
       86855000	      8586	80006a20	0000100f	fence.i	
       86875000	      8588	80006a24	6899	c.lui	x17,0x6	 x17=0x00006000
       86885000	      8589	80006a26	404985b3	sub	x11,x19,x4	 x19:0x80021e64  x4:0xffed00b8 x11=0x80151dac
       86895000	      8590	80006a2a	ca09	c.beqz	x12,80006a3c	 x12:0x00000000
       86915000	      8592	80006a3c	e339ce13	xori	x28,x19,-461	 x19:0x80021e64 x28=0x7ffde057
       86925000	      8593	80006a40	8269	c.srli	x12,0x1a	 x12:0x00000000 x12=0x00000000
       86945000	      8595	80006a42	035d5833	divu	x16,x26,x21	 x26:0xcc4dffd2 x21:0x00000000 x16=0xffffffff
       86955000	      8596	80006a46	64ae8f13	addi	x30,x29,1610	 x29:0xb04d4216 x30=0xb04d4860
       86965000	      8597	80006a4a	8a1a	c.mv	x20,x6	  x0:0x00000000  x6:0x80000001 x20=0x80000001
       86975000	      8598	80006a4c	039a9863	bne	x21,x25,80006a7c	 x21:0x00000000 x25:0x80025ce4
       86995000	      8600	80006a7c	40bd5213	srai	x4,x26,0xb	 x26:0xcc4dffd2  x4=0xfff989bf
       87005000	      8601	80006a80	00f284b3	add	x9,x5,x15	  x5:0x00000001 x15:0x00000001  x9=0x00000002
       87015000	      8602	80006a84	00befa33	and	x20,x29,x11	 x29:0xb04d4216 x11:0x80151dac x20=0x80050004
       87025000	      8603	80006a88	afa4a593	slti	x11,x9,-1286	  x9:0x00000002 x11=0x00000000
       87035000	      8604	80006a8c	01b5fab3	and	x21,x11,x27	 x11:0x00000000 x27:0x80000000 x21=0x00000000
       87055000	      8606	80006a90	0219c233	div	x4,x19,x1	 x19:0x80021e64  x1:0x00000000  x4=0xffffffff
       87075000	      8608	80006a94	035bc6b3	div	x13,x23,x21	 x23:0x00007000 x21:0x00000000 x13=0xffffffff
       87085000	      8609	80006a98	93d6	c.add	x7,x21	  x7:0x00000001 x21:0x00000000  x7=0x00000001
       87095000	      8610	80006a9a	00aa	c.slli	x1,0xa	  x1:0x00000000  x1=0x00000000
       87105000	      8611	80006a9c	093e	c.slli	x18,0xf	 x18:0x00000000 x18=0x00000000
       87115000	      8612	80006a9e	0ff0000f	fence	iorw,iorw	
       87125000	      8613	80006aa2	0005b2b3	sltu	x5,x11,x0	 x11:0x00000000  x0:0x00000000  x5=0x00000000
       87165000	      8617	80006aa6	0219a8b3	mulhsu	x17,x19,x1	 x19:0x80021e64  x1:0x00000000 x17=0x00000000
       87175000	      8618	80006aaa	019078b3	and	x17,x0,x25	  x0:0x00000000 x25:0x80025ce4 x17=0x00000000
       87185000	      8619	80006aae	01735713	srli	x14,x6,0x17	  x6:0x80000001 x14=0x00000100
       87195000	      8620	80006ab2	6515	c.lui	x10,0x5	 x10=0x00005000
       87205000	      8621	80006ab4	03764663	blt	x12,x23,80006ae0	 x12:0x00000000 x23:0x00007000
       87225000	      8623	80006ae0	01af9fb3	sll	x31,x31,x26	 x31:0xffed00bc x26:0xcc4dffd2 x31=0x02f00000
       87595000	      8660	80006ae4	02a5d2b3	divu	x5,x11,x10	 x11:0x00000000 x10:0x00005000  x5=0x00000000
       87605000	      8661	80006ae8	00e76fb3	or	x31,x14,x14	 x14:0x00000100 x14:0x00000100 x31=0x00000100
       87615000	      8662	80006aec	0001	c.addi	x0,0	  x0:0x00000000  x0=0x00000000
       87625000	      8663	80006aee	02185363	bge	x16,x1,80006b14	 x16:0xffffffff  x1:0x00000000
       87635000	      8664	80006af2	00abaa33	slt	x20,x23,x10	 x23:0x00007000 x10:0x00005000 x20=0x00000000
       87645000	      8665	80006af6	0d80	c.addi4spn	x8,x2,720	  x8=0xdefc61ec
       87655000	      8666	80006af8	00706a33	or	x20,x0,x7	  x0:0x00000000  x7:0x00000001 x20=0x00000001
       87695000	      8670	80006afc	031c3ab3	mulhu	x21,x24,x17	 x24:0xfc000000 x17:0x00000000 x21=0x00000000
       87705000	      8671	80006b00	8c8d	c.sub	x9,x11	  x9:0x00000002 x11:0x00000000  x9=0x00000002
       87715000	      8672	80006b02	ec08c813	xori	x16,x17,-320	 x17:0x00000000 x16=0xfffffec0
       87725000	      8673	80006b06	4611	c.li	x12,4	 x12=0x00000004
       87735000	      8674	80006b08	8c55	c.or	x8,x13	  x8:0xdefc61ec x13:0xffffffff  x8=0xffffffff
       88105000	      8711	80006b0a	02d9d1b3	divu	x3,x19,x13	 x19:0x80021e64 x13:0xffffffff  x3=0x00000000
       88115000	      8712	80006b0e	8eed	c.and	x13,x11	 x13:0xffffffff x11:0x00000000 x13=0x00000000
       88145000	      8715	80006b10	02ad83b3	mul	x7,x27,x10	 x27:0x80000000 x10:0x00005000  x7=0x00000000
       88155000	      8716	80006b14	059c	c.addi4spn	x15,x2,704	 x15=0xdefc61dc
       88165000	      8717	80006b16	aa2e3697	auipc	x13,0xaa2e3	 x13=0x2a2e9b16
       88175000	      8718	80006b1a	8cb5	c.xor	x9,x13	  x9:0x00000002 x13:0x2a2e9b16  x9=0x2a2e9b14
       88185000	      8719	80006b1c	02abee63	bltu	x23,x10,80006b58	 x23:0x00007000 x10:0x00005000
       88225000	      8723	80006b20	0238b3b3	mulhu	x7,x17,x3	 x17:0x00000000  x3:0x00000000  x7=0x00000000
       88235000	      8724	80006b24	8c1d	c.sub	x8,x15	  x8:0xffffffff x15:0xdefc61dc  x8=0x21039e23
       88245000	      8725	80006b26	013a6ab3	or	x21,x20,x19	 x20:0x00000001 x19:0x80021e64 x21=0x80021e65
       88255000	      8726	80006b2a	02ccd263	bge	x25,x12,80006b4e	 x25:0x80025ce4 x12:0x00000004
       88265000	      8727	80006b2e	40158d33	sub	x26,x11,x1	 x11:0x00000000  x1:0x00000000 x26=0x00000000
       88275000	      8728	80006b32	88d18817	auipc	x16,0x88d18	 x16=0x08d1eb32
       88285000	      8729	80006b36	b2663113	sltiu	x2,x12,-1242	 x12:0x00000004  x2=0x00000001
       88295000	      8730	80006b3a	01d2b7b3	sltu	x15,x5,x29	  x5:0x00000000 x29:0xb04d4216 x15=0x00000001
       88305000	      8731	80006b3e	0ff0000f	fence	iorw,iorw	
       88315000	      8732	80006b42	018fdd63	bge	x31,x24,80006b5c	 x31:0x00000100 x24:0xfc000000
       88335000	      8734	80006b5c	661d	c.lui	x12,0x7	 x12=0x00007000
       88345000	      8735	80006b5e	0040d863	bge	x1,x4,80006b6e	  x1:0x00000000  x4:0xffffffff
       88365000	      8737	80006b6e	9b36	c.add	x22,x13	 x22:0xffffffff x13:0x2a2e9b16 x22=0x2a2e9b15
       88375000	      8738	80006b70	6119	c.addi16sp	x2,384	  x2:0x00000001  x2=0x00000181
       88385000	      8739	80006b72	22562513	slti	x10,x12,549	 x12:0x00007000 x10=0x00000000
       88395000	      8740	80006b76	af393013	sltiu	x0,x18,-1293	 x18:0x00000000  x0=0x00000000
       88435000	      8744	80006b7a	03a02fb3	mulhsu	x31,x0,x26	  x0:0x00000000 x26:0x00000000 x31=0x00000000
       88445000	      8745	80006b7e	8d8d	c.sub	x11,x11	 x11:0x00000000 x11:0x00000000 x11=0x00000000
       88815000	      8782	80006b80	030cd633	divu	x12,x25,x16	 x25:0x80025ce4 x16:0x08d1eb32 x12=0x0000000e
       88825000	      8783	80006b84	3d9f3913	sltiu	x18,x30,985	 x30:0xb04d4860 x18=0x00000000
       88835000	      8784	80006b88	023b7363	bgeu	x22,x3,80006bae	 x22:0x2a2e9b15  x3:0x00000000
       88855000	      8786	80006bae	9392	c.add	x7,x4	  x7:0x00000000  x4:0xffffffff  x7=0xffffffff
       88865000	      8787	80006bb0	717d	c.addi16sp	x2,-16	  x2:0x00000181  x2=0x00000171
       88875000	      8788	80006bb2	4040d4b3	sra	x9,x1,x4	  x1:0x00000000  x4:0xffffffff  x9=0x00000000
       88885000	      8789	80006bb6	008180b3	add	x1,x3,x8	  x3:0x00000000  x8:0x21039e23  x1=0x21039e23
       88895000	      8790	80006bba	844d	c.srai	x8,0x13	  x8:0x21039e23  x8=0x00000420
       88905000	      8791	80006bbc	527d	c.li	x4,-1	  x4=0xffffffff
       88915000	      8792	80006bbe	0fb2	c.slli	x31,0xc	 x31:0x00000000 x31=0x00000000
       88925000	      8793	80006bc0	01f1e0b3	or	x1,x3,x31	  x3:0x00000000 x31:0x00000000  x1=0x00000000
       88935000	      8794	80006bc4	016eab33	slt	x22,x29,x22	 x29:0xb04d4216 x22:0x2a2e9b15 x22=0x00000001
       88945000	      8795	80006bc8	0000100f	fence.i	
       88965000	      8797	80006bcc	403905b3	sub	x11,x18,x3	 x18:0x00000000  x3:0x00000000 x11=0x00000000
       88975000	      8798	80006bd0	566eb113	sltiu	x2,x29,1382	 x29:0xb04d4216  x2=0x00000000
       88985000	      8799	80006bd4	0001	c.addi	x0,0	  x0:0x00000000  x0=0x00000000
       88995000	      8800	80006bd6	01ee7833	and	x16,x28,x30	 x28:0x7ffde057 x30:0xb04d4860 x16=0x304d4040
       89005000	      8801	80006bda	019c1e13	slli	x28,x24,0x19	 x24:0xfc000000 x28=0x00000000
       89015000	      8802	80006bde	8e99	c.sub	x13,x14	 x13:0x2a2e9b16 x14:0x00000100 x13=0x2a2e9a16
       89025000	      8803	80006be0	8c06	c.mv	x24,x1	  x0:0x00000000  x1:0x00000000 x24=0x00000000
       89035000	      8804	80006be2	8d95	c.sub	x11,x13	 x11:0x00000000 x13:0x2a2e9a16 x11=0xd5d165ea
       89045000	      8805	80006be4	0109e233	or	x4,x19,x16	 x19:0x80021e64 x16:0x304d4040  x4=0xb04f5e64
       89055000	      8806	80006be8	0001	c.addi	x0,0	  x0:0x00000000  x0=0x00000000
       89065000	      8807	80006bea	be183493	sltiu	x9,x16,-1055	 x16:0x304d4040  x9=0x00000001
       89075000	      8808	80006bee	0ff0000f	fence	iorw,iorw	
       89085000	      8809	80006bf2	419a0c33	sub	x24,x20,x25	 x20:0x00000001 x25:0x80025ce4 x24=0x7ffda31d
       89095000	      8810	80006bf6	01ad86b3	add	x13,x27,x26	 x27:0x80000000 x26:0x00000000 x13=0x80000000
       89105000	      8811	80006bfa	0255cc63	blt	x11,x5,80006c32	 x11:0xd5d165ea  x5:0x00000000
       89125000	      8813	80006c32	ef9d	c.bnez	x15,80006c70	 x15:0x00000001
       89145000	      8815	80006c70	54fd	c.li	x9,-1	  x9=0xffffffff
       89155000	      8816	80006c72	e911	c.bnez	x10,80006c86	 x10:0x00000000
       89165000	      8817	80006c74	0001	c.addi	x0,0	  x0:0x00000000  x0=0x00000000
       89175000	      8818	80006c76	02f37363	bgeu	x6,x15,80006c9c	  x6:0x80000001 x15:0x00000001
       89195000	      8820	80006c9c	0109ba33	sltu	x20,x19,x16	 x19:0x80021e64 x16:0x304d4040 x20=0x00000000
       89205000	      8821	80006ca0	86a9	c.srai	x13,0xa	 x13:0x80000000 x13=0xffe00000
       89215000	      8822	80006ca2	0081dd63	bge	x3,x8,80006cbc	  x3:0x00000000  x8:0x00000420
       89225000	      8823	80006ca6	0001	c.addi	x0,0	  x0:0x00000000  x0=0x00000000
       89235000	      8824	80006ca8	af1b2f93	slti	x31,x22,-1295	 x22:0x00000001 x31=0x00000000
       89245000	      8825	80006cac	8f89	c.sub	x15,x10	 x15:0x00000001 x10:0x00000000 x15=0x00000001
       89255000	      8826	80006cae	cd19	c.beqz	x10,80006ccc	 x10:0x00000000
       89295000	      8830	80006ccc	02220333	mul	x6,x4,x2	  x4:0xb04f5e64  x2:0x00000000  x6=0x00000000
       89305000	      8831	80006cd0	1c94	c.addi4spn	x13,x2,624	 x13=0x00000270
       89315000	      8832	80006cd2	0b96	c.slli	x23,0x5	 x23:0x00007000 x23=0x000e0000
       89325000	      8833	80006cd4	0ff0000f	fence	iorw,iorw	
       89335000	      8834	80006cd8	01531663	bne	x6,x21,80006ce4	  x6:0x00000000 x21:0x80021e65
       89365000	      8837	80006ce4	0262de33	divu	x28,x5,x6	  x5:0x00000000  x6:0x00000000 x28=0xffffffff
       89375000	      8838	80006ce8	41388133	sub	x2,x17,x19	 x17:0x00000000 x19:0x80021e64  x2=0x7ffde19c
       89385000	      8839	80006cec	036c4d63	blt	x24,x22,80006d26	 x24:0x7ffda31d x22:0x00000001
       89755000	      8876	80006cf0	03e4ee33	rem	x28,x9,x30	  x9:0xffffffff x30:0xb04d4860 x28=0xffffffff
       89765000	      8877	80006cf4	8ede	c.mv	x29,x23	  x0:0x00000000 x23:0x000e0000 x29=0x000e0000
       89775000	      8878	80006cf6	57640213	addi	x4,x8,1398	  x8:0x00000420  x4=0x00000996
       89785000	      8879	80006cfa	e334bf13	sltiu	x30,x9,-461	  x9:0xffffffff x30=0x00000000
       89795000	      8880	80006cfe	8765	c.srai	x14,0x19	 x14:0x00000100 x14=0x00000000
       89805000	      8881	80006d00	011325b3	slt	x11,x6,x17	  x6:0x00000000 x17:0x00000000 x11=0x00000000
       89815000	      8882	80006d04	1a002213	slti	x4,x0,416	  x0:0x00000000  x4=0x00000001
       89855000	      8886	80006d08	03842ab3	mulhsu	x21,x8,x24	  x8:0x00000420 x24:0x7ffda31d x21=0x0000020f
       89865000	      8887	80006d0c	8f35	c.xor	x14,x13	 x14:0x00000000 x13:0x00000270 x14=0x00000270
       89875000	      8888	80006d0e	40cfbe93	sltiu	x29,x31,1036	 x31:0x00000000 x29=0x00000001
       89885000	      8889	80006d12	01916fb3	or	x31,x2,x25	  x2:0x7ffde19c x25:0x80025ce4 x31=0xfffffdfc
       89895000	      8890	80006d16	0000100f	fence.i	
       89915000	      8892	80006d1a	9ff2	c.add	x31,x28	 x31:0xfffffdfc x28:0xffffffff x31=0xfffffdfb
       89925000	      8893	80006d1c	52fd	c.li	x5,-1	  x5=0xffffffff
       89935000	      8894	80006d1e	019ba133	slt	x2,x23,x25	 x23:0x000e0000 x25:0x80025ce4  x2=0x00000000
       89945000	      8895	80006d22	00205d33	srl	x26,x0,x2	  x0:0x00000000  x2:0x00000000 x26=0x00000000
       89955000	      8896	80006d26	ee2d7013	andi	x0,x26,-286	 x26:0x00000000  x0=0x00000000
       89965000	      8897	80006d2a	01b08e33	add	x28,x1,x27	  x1:0x00000000 x27:0x80000000 x28=0x80000000
       89995000	      8900	80006d2e	03570333	mul	x6,x14,x21	 x14:0x00000270 x21:0x0000020f  x6=0x00050490
       90005000	      8901	80006d32	8dc1	c.or	x11,x8	 x11:0x00000000  x8:0x00000420 x11=0x00000420
       90015000	      8902	80006d34	8959	c.andi	x10,22	 x10:0x00000000 x10=0x00000000
       90025000	      8903	80006d36	88e1	c.andi	x9,24	  x9:0xffffffff  x9=0x00000018
       90035000	      8904	80006d38	c799	c.beqz	x15,80006d46	 x15:0x00000001
       90045000	      8905	80006d3a	717d	c.addi16sp	x2,-16	  x2:0x00000000  x2=0xfffffff0
       90055000	      8906	80006d3c	409d5f93	srai	x31,x26,0x9	 x26:0x00000000 x31=0x00000000
       90065000	      8907	80006d40	03f28663	beq	x5,x31,80006d6c	  x5:0xffffffff x31:0x00000000
       90075000	      8908	80006d44	00a6	c.slli	x1,0x9	  x1:0x00000000  x1=0x00000000
       90085000	      8909	80006d46	0ff0000f	fence	iorw,iorw	
       90095000	      8910	80006d4a	01feb533	sltu	x10,x29,x31	 x29:0x00000001 x31:0x00000000 x10=0x00000000
       90105000	      8911	80006d4e	002a4463	blt	x20,x2,80006d56	 x20:0x00000000  x2:0xfffffff0
       90145000	      8915	80006d52	03c62a33	mulhsu	x20,x12,x28	 x12:0x0000000e x28:0x80000000 x20=0x00000007
       90155000	      8916	80006d56	01e79c33	sll	x24,x15,x30	 x15:0x00000001 x30:0x00000000 x24=0x00000001
       90165000	      8917	80006d5a	e1efeb93	ori	x23,x31,-482	 x31:0x00000000 x23=0xfffffe1e
       90175000	      8918	80006d5e	02001b63	bne	x0,x0,80006d94	  x0:0x00000000  x0:0x00000000
       90185000	      8919	80006d62	02b39063	bne	x7,x11,80006d82	  x7:0xffffffff x11:0x00000420
       90215000	      8922	80006d82	018d8263	beq	x27,x24,80006d86	 x27:0x80000000 x24:0x00000001
       90225000	      8923	80006d86	01147433	and	x8,x8,x17	  x8:0x00000420 x17:0x00000000  x8=0x00000000
       90235000	      8924	80006d8a	8c8aae93	slti	x29,x21,-1848	 x21:0x0000020f x29=0x00000000
       90245000	      8925	80006d8e	6165	c.addi16sp	x2,112	  x2:0xfffffff0  x2=0x00000060
       90285000	      8929	80006d90	03a1a0b3	mulhsu	x1,x3,x26	  x3:0x00000000 x26:0x00000000  x1=0x00000000
       90295000	      8930	80006d94	8f3d	c.xor	x14,x15	 x14:0x00000270 x15:0x00000001 x14=0x00000271
       90305000	      8931	80006d96	188c	c.addi4spn	x11,x2,112	 x11=0x000000d0
       90315000	      8932	80006d98	7dd36593	ori	x11,x6,2013	  x6:0x00050490 x11=0x000507dd
       90325000	      8933	80006d9c	0001	c.addi	x0,0	  x0:0x00000000  x0=0x00000000
       90335000	      8934	80006d9e	0001	c.addi	x0,0	  x0:0x00000000  x0=0x00000000
       90345000	      8935	80006da0	01af73b3	and	x7,x30,x26	 x30:0x00000000 x26:0x00000000  x7=0x00000000
       90355000	      8936	80006da4	8d55	c.or	x10,x13	 x10:0x00000000 x13:0x00000270 x10=0x00000270
       90365000	      8937	80006da6	188c	c.addi4spn	x11,x2,112	 x11=0x000000d0
       90375000	      8938	80006da8	187d	c.addi	x16,-1	 x16:0x304d4040 x16=0x304d403f
       90745000	      8975	80006daa	036d73b3	remu	x7,x26,x22	 x26:0x00000000 x22:0x00000001  x7=0x00000000
       90755000	      8976	80006dae	8959	c.andi	x10,22	 x10:0x00000270 x10=0x00000010
       90765000	      8977	80006db0	013f5563	bge	x30,x19,80006dba	 x30:0x00000000 x19:0x80021e64
       90795000	      8980	80006dba	0ff0000f	fence	iorw,iorw	
       90805000	      8981	80006dbe	4190da33	sra	x20,x1,x25	  x1:0x00000000 x25:0x80025ce4 x20=0x00000000
       90815000	      8982	80006dc2	8dcd	c.or	x11,x11	 x11:0x000000d0 x11:0x000000d0 x11=0x000000d0
       90825000	      8983	80006dc4	01caceb3	xor	x29,x21,x28	 x21:0x0000020f x28:0x80000000 x29=0x8000020f
       90835000	      8984	80006dc8	00e14133	xor	x2,x2,x14	  x2:0x00000060 x14:0x00000271  x2=0x00000211
       90855000	      8986	80006dcc	02707233	remu	x4,x0,x7	  x0:0x00000000  x7:0x00000000  x4=0x00000000
       90865000	      8987	80006dd0	e515	c.bnez	x10,80006dfc	 x10:0x00000010
       90885000	      8989	80006dfc	02858b63	beq	x11,x8,80006e32	 x11:0x000000d0  x8:0x00000000
       90895000	      8990	80006e00	0001	c.addi	x0,0	  x0:0x00000000  x0=0x00000000
       90905000	      8991	80006e02	40275813	srai	x16,x14,0x2	 x14:0x00000271 x16=0x0000009c
       90915000	      8992	80006e06	90c6	c.add	x1,x17	  x1:0x00000000 x17:0x00000000  x1=0x00000000
       90925000	      8993	80006e08	8ed44c17	auipc	x24,0x8ed44	 x24=0x0ed4ae08
       90935000	      8994	80006e0c	2aa58637	lui	x12,0x2aa58	 x12=0x2aa58000
       90945000	      8995	80006e10	3cc8a237	lui	x4,0x3cc8a	  x4=0x3cc8a000
       90955000	      8996	80006e14	8511	c.srai	x10,0x4	 x10:0x00000010 x10=0x00000001
       90965000	      8997	80006e16	0194fc63	bgeu	x9,x25,80006e2e	  x9:0x00000018 x25:0x80025ce4
       90975000	      8998	80006e1a	01dbe8b3	or	x17,x23,x29	 x23:0xfffffe1e x29:0x8000020f x17=0xfffffe1f
       90985000	      8999	80006e1e	1a13f017	auipc	x0,0x1a13f	  x0=0x00000000
       90995000	      9000	80006e22	20f74093	xori	x1,x14,527	 x14:0x00000271  x1=0x0000007e
       91035000	      9004	80006e26	024134b3	mulhu	x9,x2,x4	  x2:0x00000211  x4:0x3cc8a000  x9=0x0000007d
       91045000	      9005	80006e2a	00711013	slli	x0,x2,0x7	  x2:0x00000211  x0=0x00000000
       91055000	      9006	80006e2e	03dff563	bgeu	x31,x29,80006e58	 x31:0x00000000 x29:0x8000020f
       91065000	      9007	80006e32	0a16	c.slli	x20,0x5	 x20:0x00000000 x20=0x00000000
       91075000	      9008	80006e34	00c90533	add	x10,x18,x12	 x18:0x00000000 x12:0x2aa58000 x10=0x2aa58000
       91085000	      9009	80006e38	8fd9	c.or	x15,x14	 x15:0x00000001 x14:0x00000271 x15=0x00000271
       91095000	      9010	80006e3a	0540f463	bgeu	x1,x20,80006e82	  x1:0x0000007e x20:0x00000000
       91125000	      9013	80006e82	01430c33	add	x24,x6,x20	  x6:0x00050490 x20:0x00000000 x24=0x00050490
       91135000	      9014	80006e86	fa0456b7	lui	x13,0xfa045	 x13=0xfa045000
       91145000	      9015	80006e8a	40eb81b3	sub	x3,x23,x14	 x23:0xfffffe1e x14:0x00000271  x3=0xfffffbad
       91155000	      9016	80006e8e	0001	c.addi	x0,0	  x0:0x00000000  x0=0x00000000
       91165000	      9017	80006e90	41915093	srai	x1,x2,0x19	  x2:0x00000211  x1=0x00000000
       91175000	      9018	80006e94	01071763	bne	x14,x16,80006ea2	 x14:0x00000271 x16:0x0000009c
       91195000	      9020	80006ea2	0001	c.addi	x0,0	  x0:0x00000000  x0=0x00000000
       91205000	      9021	80006ea4	82ca	c.mv	x5,x18	  x0:0x00000000 x18:0x00000000  x5=0x00000000
       91215000	      9022	80006ea6	066e	c.slli	x12,0x1b	 x12:0x2aa58000 x12=0x00000000
       91225000	      9023	80006ea8	0ff0000f	fence	iorw,iorw	
       91255000	      9026	80006eac	03e700b3	mul	x1,x14,x30	 x14:0x00000271 x30:0x00000000  x1=0x00000000
       91265000	      9027	80006eb0	0001	c.addi	x0,0	  x0:0x00000000  x0=0x00000000
       91275000	      9028	80006eb2	00511e93	slli	x29,x2,0x5	  x2:0x00000211 x29=0x00004220
       91285000	      9029	80006eb6	0001	c.addi	x0,0	  x0:0x00000000  x0=0x00000000
       91295000	      9030	80006eb8	8831	c.andi	x8,12	  x8:0x00000000  x8=0x00000000
       91325000	      9033	80006eba	03fc8833	mul	x16,x25,x31	 x25:0x80025ce4 x31:0x00000000 x16=0x00000000
       91335000	      9034	80006ebe	0ff0000f	fence	iorw,iorw	
       91345000	      9035	80006ec2	8ce1	c.and	x9,x8	  x9:0x0000007d  x8:0x00000000  x9=0x00000000
       91355000	      9036	80006ec4	c481	c.beqz	x9,80006ecc	  x9:0x00000000
       91375000	      9038	80006ecc	0744c693	xori	x13,x9,116	  x9:0x00000000 x13=0x00000074
       91385000	      9039	80006ed0	9fb6	c.add	x31,x13	 x31:0x00000000 x13:0x00000074 x31=0x00000074
       91395000	      9040	80006ed2	00dce763	bltu	x25,x13,80006ee0	 x25:0x80025ce4 x13:0x00000074
       91405000	      9041	80006ed6	01475093	srli	x1,x14,0x14	 x14:0x00000271  x1=0x00000000
       91415000	      9042	80006eda	02379c63	bne	x15,x3,80006f12	 x15:0x00000271  x3:0xfffffbad
       91475000	      9048	80006f12	03003533	mulhu	x10,x0,x16	  x0:0x00000000 x16:0x00000000 x10=0x00000000
       91485000	      9049	80006f16	00f4dd33	srl	x26,x9,x15	  x9:0x00000000 x15:0x00000271 x26=0x00000000
       91495000	      9050	80006f1a	e199	c.bnez	x11,80006f20	 x11:0x000000d0
       91875000	      9088	80006f20	0225d433	divu	x8,x11,x2	 x11:0x000000d0  x2:0x00000211  x8=0x00000000
       91885000	      9089	80006f24	6a6d	c.lui	x20,0x1b	 x20=0x0001b000
       91895000	      9090	80006f26	00b95633	srl	x12,x18,x11	 x18:0x00000000 x11:0x000000d0 x12=0x00000000
       91905000	      9091	80006f2a	68aead13	slti	x26,x29,1674	 x29:0x00004220 x26=0x00000000
       91915000	      9092	80006f2e	8c45	c.or	x8,x9	  x8:0x00000000  x9:0x00000000  x8=0x00000000
       91925000	      9093	80006f30	8c66	c.mv	x24,x25	  x0:0x00000000 x25:0x80025ce4 x24=0x80025ce4
       91935000	      9094	80006f32	8911	c.andi	x10,4	 x10:0x00000000 x10=0x00000000
       92305000	      9131	80006f34	0316dbb3	divu	x23,x13,x17	 x13:0x00000074 x17:0xfffffe1f x23=0x00000000
       92315000	      9132	80006f38	87a1	c.srai	x15,0x8	 x15:0x00000271 x15=0x00000002
       92335000	      9134	80006f3a	03706933	rem	x18,x0,x23	  x0:0x00000000 x23:0x00000000 x18=0x00000000
       92365000	      9137	80006f3e	03180433	mul	x8,x16,x17	 x16:0x00000000 x17:0xfffffe1f  x8=0x00000000
       92375000	      9138	80006f42	0114	c.addi4spn	x13,x2,128	 x13=0x00000291
       92385000	      9139	80006f44	55dba293	slti	x5,x23,1373	 x23:0x00000000  x5=0x00000001
       92395000	      9140	80006f48	52e32513	slti	x10,x6,1326	  x6:0x00050490 x10=0x00000000
       92405000	      9141	80006f4c	6ff9	c.lui	x31,0x1e	 x31=0x0001e000
       92415000	      9142	80006f4e	40c60d33	sub	x26,x12,x12	 x12:0x00000000 x12:0x00000000 x26=0x00000000
       92455000	      9146	80006f52	02e11eb3	mulh	x29,x2,x14	  x2:0x00000211 x14:0x00000271 x29=0x00000000
       92465000	      9147	80006f56	0030cd63	blt	x1,x3,80006f70	  x1:0x00000000  x3:0xfffffbad
       92475000	      9148	80006f5a	00451933	sll	x18,x10,x4	 x10:0x00000000  x4:0x3cc8a000 x18=0x00000000
       92485000	      9149	80006f5e	015beeb3	or	x29,x23,x21	 x23:0x00000000 x21:0x0000020f x29=0x0000020f
       92855000	      9186	80006f62	02ef7a33	remu	x20,x30,x14	 x30:0x00000000 x14:0x00000271 x20=0x00000000
       92865000	      9187	80006f66	02de0663	beq	x28,x13,80006f92	 x28:0x80000000 x13:0x00000291
       92875000	      9188	80006f6a	41a150b3	sra	x1,x2,x26	  x2:0x00000211 x26:0x00000000  x1=0x00000211
       92885000	      9189	80006f6e	0001	c.addi	x0,0	  x0:0x00000000  x0=0x00000000
       92895000	      9190	80006f70	1ffd	c.addi	x31,-1	 x31:0x0001e000 x31=0x0001dfff
       92905000	      9191	80006f72	01c1b6b3	sltu	x13,x3,x28	  x3:0xfffffbad x28:0x80000000 x13=0x00000000
       92915000	      9192	80006f76	0332fa63	bgeu	x5,x19,80006faa	  x5:0x00000001 x19:0x80021e64
       92925000	      9193	80006f7a	8c7d	c.and	x8,x15	  x8:0x00000000 x15:0x00000002  x8=0x00000000
       92935000	      9194	80006f7c	80a1	c.srli	x9,0x8	  x9:0x00000000  x9=0x00000000
       92945000	      9195	80006f7e	0030d213	srli	x4,x1,0x3	  x1:0x00000211  x4=0x00000042
       92955000	      9196	80006f82	8ebd	c.xor	x13,x15	 x13:0x00000000 x15:0x00000002 x13=0x00000002
       92965000	      9197	80006f84	6171	c.addi16sp	x2,336	  x2:0x00000211  x2=0x00000361
       92975000	      9198	80006f86	498dea93	ori	x21,x27,1176	 x27:0x80000000 x21=0x80000498
       92985000	      9199	80006f8a	00b67333	and	x6,x12,x11	 x12:0x00000000 x11:0x000000d0  x6=0x00000000
       93015000	      9202	80006f8e	02c40833	mul	x16,x8,x12	  x8:0x00000000 x12:0x00000000 x16=0x00000000
       93035000	      9204	80006f92	037ee133	rem	x2,x29,x23	 x29:0x0000020f x23:0x00000000  x2=0x0000020f
       93075000	      9208	80006f96	03f1b533	mulhu	x10,x3,x31	  x3:0xfffffbad x31:0x0001dfff x10=0x0001dffe
       93085000	      9209	80006f9a	8bd5	c.andi	x15,21	 x15:0x00000002 x15=0x00000000
       93095000	      9210	80006f9c	8175	c.srli	x10,0x1d	 x10:0x0001dffe x10=0x00000000
       93105000	      9211	80006f9e	8e55	c.or	x12,x13	 x12:0x00000000 x13:0x00000002 x12=0x00000002
       93115000	      9212	80006fa0	03321b63	bne	x4,x19,80006fd6	  x4:0x00000042 x19:0x80021e64
       93135000	      9214	80006fd6	1c7d	c.addi	x24,-1	 x24:0x80025ce4 x24=0x80025ce3
       93145000	      9215	80006fd8	4048d113	srai	x2,x17,0x4	 x17:0xfffffe1f  x2=0xffffffe1
       93155000	      9216	80006fdc	004cdbb3	srl	x23,x25,x4	 x25:0x80025ce4  x4:0x00000042 x23=0x20009739
       93165000	      9217	80006fe0	5afd	c.li	x21,-1	 x21=0xffffffff
       93175000	      9218	80006fe2	01ebf3b3	and	x7,x23,x30	 x23:0x20009739 x30:0x00000000  x7=0x00000000
       93185000	      9219	80006fe6	0001	c.addi	x0,0	  x0:0x00000000  x0=0x00000000
       93195000	      9220	80006fe8	4089	c.li	x1,2	  x1=0x00000002
       93225000	      9223	80006fea	03c40eb3	mul	x29,x8,x28	  x8:0x00000000 x28:0x80000000 x29=0x00000000
       93235000	      9224	80006fee	00d4c0b3	xor	x1,x9,x13	  x9:0x00000000 x13:0x00000002  x1=0x00000002
       93245000	      9225	80006ff2	717d	c.addi16sp	x2,-16	  x2:0xffffffe1  x2=0xffffffd1
       93255000	      9226	80006ff4	031c	c.addi4spn	x15,x2,384	 x15=0x00000151
       93295000	      9230	80006ff6	03efa833	mulhsu	x16,x31,x30	 x31:0x0001dfff x30:0x00000000 x16=0x00000000
       93305000	      9231	80006ffa	00b19e33	sll	x28,x3,x11	  x3:0xfffffbad x11:0x000000d0 x28=0xfbad0000
       93315000	      9232	80006ffe	0ff0000f	fence	iorw,iorw	
       93325000	      9233	80007002	c209	c.beqz	x12,80007004	 x12:0x00000002
       93335000	      9234	80007004	0ff0000f	fence	iorw,iorw	
       93345000	      9235	80007008	85e5	c.srai	x11,0x19	 x11:0x000000d0 x11=0x00000000
       93355000	      9236	8000700a	dd18ea93	ori	x21,x17,-559	 x17:0xfffffe1f x21=0xffffffdf
       93365000	      9237	8000700e	6a2de437	lui	x8,0x6a2de	  x8=0x6a2de000
       93375000	      9238	80007012	00dd97b3	sll	x15,x27,x13	 x27:0x80000000 x13:0x00000002 x15=0x00000000
       93385000	      9239	80007016	40695f13	srai	x30,x18,0x6	 x18:0x00000000 x30=0x00000000
       93395000	      9240	8000701a	e405	c.bnez	x8,80007042	  x8:0x6a2de000
       93425000	      9243	80007042	84d20b13	addi	x22,x4,-1971	  x4:0x00000042 x22=0xfffff88f
       93435000	      9244	80007046	404a8533	sub	x10,x21,x4	 x21:0xffffffdf  x4:0x00000042 x10=0xffffff9d
       93445000	      9245	8000704a	009dcfb3	xor	x31,x27,x9	 x27:0x80000000  x9:0x00000000 x31=0x80000000
       93455000	      9246	8000704e	0001	c.addi	x0,0	  x0:0x00000000  x0=0x00000000
       93465000	      9247	80007050	0331	c.addi	x6,12	  x6:0x00000000  x6=0x0000000c
       93475000	      9248	80007052	015d2733	slt	x14,x26,x21	 x26:0x00000000 x21:0xffffffdf x14=0x00000000
       93485000	      9249	80007056	c179c293	xori	x5,x19,-1001	 x19:0x80021e64  x5=0x7ffde273
       93505000	      9251	8000705a	032cce33	div	x28,x25,x18	 x25:0x80025ce4 x18:0x00000000 x28=0xffffffff
       93515000	      9252	8000705e	9c5a	c.add	x24,x22	 x24:0x80025ce3 x22:0xfffff88f x24=0x80025572
       93525000	      9253	80007060	c999	c.beqz	x11,80007076	 x11:0x00000000
       93915000	      9292	80007076	03b852b3	divu	x5,x16,x27	 x16:0x00000000 x27:0x80000000  x5=0x00000000
       93935000	      9294	8000707a	02eadc33	divu	x24,x21,x14	 x21:0xffffffdf x14:0x00000000 x24=0xffffffff
       93945000	      9295	8000707e	01368133	add	x2,x13,x19	 x13:0x00000002 x19:0x80021e64  x2=0x80021e66
       93955000	      9296	80007082	005533b3	sltu	x7,x10,x5	 x10:0xffffff9d  x5:0x00000000  x7=0x00000000
       93965000	      9297	80007086	8ee5	c.and	x13,x9	 x13:0x00000002  x9:0x00000000 x13=0x00000000
       93975000	      9298	80007088	024e4563	blt	x28,x4,800070b2	 x28:0xffffffff  x4:0x00000042
       93995000	      9300	800070b2	8ecd	c.or	x13,x11	 x13:0x00000000 x11:0x00000000 x13=0x00000000
       94005000	      9301	800070b4	002a2ab3	slt	x21,x20,x2	 x20:0x00000000  x2:0x80021e66 x21=0x00000000
       94015000	      9302	800070b8	01ce57b3	srl	x15,x28,x28	 x28:0xffffffff x28:0xffffffff x15=0x00000001
       94025000	      9303	800070bc	03806b63	bltu	x0,x24,800070f2	  x0:0x00000000 x24:0xffffffff
       94055000	      9306	800070f2	00d67763	bgeu	x12,x13,80007100	 x12:0x00000002 x13:0x00000000
       94075000	      9308	80007100	8569	c.srai	x10,0x1a	 x10:0xffffff9d x10=0xffffffff
       94085000	      9309	80007102	0203c163	blt	x7,x0,80007124	  x7:0x00000000  x0:0x00000000
       94095000	      9310	80007106	906eaf13	slti	x30,x29,-1786	 x29:0x00000000 x30=0x00000000
       94105000	      9311	8000710a	01dab4b3	sltu	x9,x21,x29	 x21:0x00000000 x29:0x00000000  x9=0x00000000
       94115000	      9312	8000710e	8216	c.mv	x4,x5	  x0:0x00000000  x5:0x00000000  x4=0x00000000
       94125000	      9313	80007110	16fd	c.addi	x13,-1	 x13:0x00000000 x13=0xffffffff
       94135000	      9314	80007112	e065a013	slti	x0,x11,-506	 x11:0x00000000  x0=0x00000000
       94145000	      9315	80007116	6415	c.lui	x8,0x5	  x8=0x00005000
       94155000	      9316	80007118	0ff0000f	fence	iorw,iorw	
       94525000	      9353	8000711c	02d17933	remu	x18,x2,x13	  x2:0x80021e66 x13:0xffffffff x18=0x80021e66
       94895000	      9390	80007120	02fffbb3	remu	x23,x31,x15	 x31:0x80000000 x15:0x00000001 x23=0x00000000
       94905000	      9391	80007124	0acd	c.addi	x21,19	 x21:0x00000000 x21=0x00000013
       94915000	      9392	80007126	8c49	c.or	x8,x10	  x8:0x00005000 x10:0xffffffff  x8=0xffffffff
       94925000	      9393	80007128	e291	c.bnez	x13,8000712c	 x13:0xffffffff
       95305000	      9431	8000712c	03b04ab3	div	x21,x0,x27	  x0:0x00000000 x27:0x80000000 x21=0x00000000
       95315000	      9432	80007130	b7ec8c13	addi	x24,x25,-1154	 x25:0x80025ce4 x24=0x80025862
       95325000	      9433	80007134	03e0d063	bge	x1,x30,80007154	  x1:0x00000002 x30:0x00000000
       95345000	      9435	80007154	003c3bb3	sltu	x23,x24,x3	 x24:0x80025862  x3:0xfffffbad x23=0x00000001
       95355000	      9436	80007158	009703b3	add	x7,x14,x9	 x14:0x00000000  x9:0x00000000  x7=0x00000000
       95395000	      9440	8000715c	021c1ab3	mulh	x21,x24,x1	 x24:0x80025862  x1:0x00000002 x21=0xffffffff
       95405000	      9441	80007160	01da	c.slli	x3,0x16	  x3:0xfffffbad  x3=0xeb400000
       95415000	      9442	80007162	41f7de13	srai	x28,x15,0x1f	 x15:0x00000001 x28=0x00000000
       95785000	      9479	80007166	023860b3	rem	x1,x16,x3	 x16:0x00000000  x3:0xeb400000  x1=0x00000000
       95795000	      9480	8000716a	c0884d13	xori	x26,x16,-1016	 x16:0x00000000 x26=0xfffffc08
       95805000	      9481	8000716e	02601963	bne	x0,x6,800071a0	  x0:0x00000000  x6:0x0000000c
       96185000	      9519	800071a0	02ae74b3	remu	x9,x28,x10	 x28:0x00000000 x10:0xffffffff  x9=0x00000000
       96195000	      9520	800071a4	02887c63	bgeu	x16,x8,800071dc	 x16:0x00000000  x8:0xffffffff
       96205000	      9521	800071a8	0a19	c.addi	x20,6	 x20:0x00000000 x20=0x00000006
       96225000	      9523	800071aa	0279e233	rem	x4,x19,x7	 x19:0x80021e64  x7:0x00000000  x4=0x80021e64
       96235000	      9524	800071ae	99fd	c.andi	x11,-1	 x11:0x00000000 x11=0x00000000
       96245000	      9525	800071b0	0001	c.addi	x0,0	  x0:0x00000000  x0=0x00000000
       96255000	      9526	800071b2	8ce5	c.and	x9,x9	  x9:0x00000000  x9:0x00000000  x9=0x00000000
       96265000	      9527	800071b4	0000100f	fence.i	
       96285000	      9529	800071b8	01e424b3	slt	x9,x8,x30	  x8:0xffffffff x30:0x00000000  x9=0x00000001
       96295000	      9530	800071bc	0284f363	bgeu	x9,x8,800071e2	  x9:0x00000001  x8:0xffffffff
       96305000	      9531	800071c0	6179	c.addi16sp	x2,464	  x2:0x80021e66  x2=0x80022036
       96315000	      9532	800071c2	01b61533	sll	x10,x12,x27	 x12:0x00000002 x27:0x80000000 x10=0x00000002
       96325000	      9533	800071c6	8d5d	c.or	x10,x15	 x10:0x00000002 x15:0x00000001 x10=0x00000003
       96335000	      9534	800071c8	052b6493	ori	x9,x22,82	 x22:0xfffff88f  x9=0xfffff8df
       96345000	      9535	800071cc	2bfda813	slti	x16,x27,703	 x27:0x80000000 x16=0x00000001
       96355000	      9536	800071d0	05d5f063	bgeu	x11,x29,80007210	 x11:0x00000000 x29:0x00000000
       96375000	      9538	80007210	414a5b33	sra	x22,x20,x20	 x20:0x00000006 x20:0x00000006 x22=0x00000000
       96385000	      9539	80007214	8ea6	c.mv	x29,x9	  x0:0x00000000  x9:0xfffff8df x29=0xfffff8df
       96395000	      9540	80007216	8d69	c.and	x10,x10	 x10:0x00000003 x10:0x00000003 x10=0x00000003
       96415000	      9542	80007218	02785233	divu	x4,x16,x7	 x16:0x00000001  x7:0x00000000  x4=0xffffffff
       96425000	      9543	8000721c	8cf1	c.and	x9,x12	  x9:0xfffff8df x12:0x00000002  x9=0x00000002
       96435000	      9544	8000721e	fc853c13	sltiu	x24,x10,-56	 x10:0x00000003 x24=0x00000001
       96445000	      9545	80007222	06827013	andi	x0,x4,104	  x4:0xffffffff  x0=0x00000000
       96455000	      9546	80007226	904af713	andi	x14,x21,-1788	 x21:0xffffffff x14=0xfffff904
       96465000	      9547	8000722a	004025b3	slt	x11,x0,x4	  x0:0x00000000  x4:0xffffffff x11=0x00000000
       96475000	      9548	8000722e	64a1	c.lui	x9,0x8	  x9=0x00008000
       96485000	      9549	80007230	8d65	c.and	x10,x9	 x10:0x00000003  x9:0x00008000 x10=0x00000000
       96525000	      9553	80007232	024d10b3	mulh	x1,x26,x4	 x26:0xfffffc08  x4:0xffffffff  x1=0x00000000
       96535000	      9554	80007236	93754c13	xori	x24,x10,-1737	 x10:0x00000000 x24=0xfffff937
       96545000	      9555	8000723a	9c45c793	xori	x15,x11,-1596	 x11:0x00000000 x15=0xfffff9c4
       96555000	      9556	8000723e	8af5	c.andi	x13,29	 x13:0xffffffff x13=0x0000001d
       96565000	      9557	80007240	01cd1333	sll	x6,x26,x28	 x26:0xfffffc08 x28:0x00000000  x6=0xfffffc08
       96575000	      9558	80007244	82a57b13	andi	x22,x10,-2006	 x10:0x00000000 x22=0x00000000
       96585000	      9559	80007248	8c09	c.sub	x8,x10	  x8:0xffffffff x10:0x00000000  x8=0xffffffff
       96595000	      9560	8000724a	8cf1	c.and	x9,x12	  x9:0x00008000 x12:0x00000002  x9=0x00000000
       96605000	      9561	8000724c	01893bb3	sltu	x23,x18,x24	 x18:0x80021e66 x24:0xfffff937 x23=0x00000001
       96615000	      9562	80007250	8f7d	c.and	x14,x15	 x14:0xfffff904 x15:0xfffff9c4 x14=0xfffff904
       96625000	      9563	80007252	93b8e813	ori	x16,x17,-1733	 x17:0xfffffe1f x16=0xffffff3f
       96635000	      9564	80007256	8f55	c.or	x14,x13	 x14:0xfffff904 x13:0x0000001d x14=0xfffff91d
       96645000	      9565	80007258	022bc363	blt	x23,x2,8000727e	 x23:0x00000001  x2:0x80022036
       96655000	      9566	8000725c	4118db33	sra	x22,x17,x17	 x17:0xfffffe1f x17:0xfffffe1f x22=0xffffffff
       96665000	      9567	80007260	717d	c.addi16sp	x2,-16	  x2:0x80022036  x2=0x80022026
       96675000	      9568	80007262	c895	c.beqz	x9,80007296	  x9:0x00000000
       96705000	      9571	80007296	e4bf6513	ori	x10,x30,-437	 x30:0x00000000 x10=0xfffffe4b
       96715000	      9572	8000729a	8c4a	c.mv	x24,x18	  x0:0x00000000 x18:0x80021e66 x24=0x80021e66
       96725000	      9573	8000729c	00a39d33	sll	x26,x7,x10	  x7:0x00000000 x10:0xfffffe4b x26=0x00000000
       96735000	      9574	800072a0	8e093b13	sltiu	x22,x18,-1824	 x18:0x80021e66 x22=0x00000001
       96745000	      9575	800072a4	00ed7b33	and	x22,x26,x14	 x26:0x00000000 x14:0xfffff91d x22=0x00000000
       96755000	      9576	800072a8	97932493	slti	x9,x6,-1671	  x6:0xfffffc08  x9=0x00000000
       96775000	      9578	800072ac	03e37eb3	remu	x29,x6,x30	  x6:0xfffffc08 x30:0x00000000 x29=0xfffffc08
       96785000	      9579	800072b0	01295593	srli	x11,x18,0x12	 x18:0x80021e66 x11=0x00002000
       96795000	      9580	800072b4	01c8eb63	bltu	x17,x28,800072ca	 x17:0xfffffe1f x28:0x00000000
       96805000	      9581	800072b8	ce76b593	sltiu	x11,x13,-793	 x13:0x0000001d x11=0x00000001
       96815000	      9582	800072bc	0367f063	bgeu	x15,x22,800072dc	 x15:0xfffff9c4 x22:0x00000000
       96835000	      9584	800072dc	01fa1f33	sll	x30,x20,x31	 x20:0x00000006 x31:0x80000000 x30=0x00000006
       96845000	      9585	800072e0	0ff0000f	fence	iorw,iorw	
       96855000	      9586	800072e4	01f867b3	or	x15,x16,x31	 x16:0xffffff3f x31:0x80000000 x15=0xffffff3f
       96865000	      9587	800072e8	aa7e6493	ori	x9,x28,-1369	 x28:0x00000000  x9=0xfffffaa7
       96875000	      9588	800072ec	019b7b33	and	x22,x22,x25	 x22:0x00000000 x25:0x80025ce4 x22=0x00000000
       96885000	      9589	800072f0	89ad	c.andi	x11,11	 x11:0x00000001 x11=0x00000001
       96895000	      9590	800072f2	005a6bb3	or	x23,x20,x5	 x20:0x00000006  x5:0x00000000 x23=0x00000006
       96905000	      9591	800072f6	b4fa7d37	lui	x26,0xb4fa7	 x26=0xb4fa7000
       96915000	      9592	800072fa	2d7c0813	addi	x16,x24,727	 x24:0x80021e66 x16=0x8002213d
       97285000	      9629	800072fe	0334e833	rem	x16,x9,x19	  x9:0xfffffaa7 x19:0x80021e64 x16=0xfffffaa7
       97305000	      9631	80007302	0362fb33	remu	x22,x5,x22	  x5:0x00000000 x22:0x00000000 x22=0x00000000
       97315000	      9632	80007306	0001	c.addi	x0,0	  x0:0x00000000  x0=0x00000000
       97325000	      9633	80007308	f015fa13	andi	x20,x11,-255	 x11:0x00000001 x20=0x00000001
       97335000	      9634	8000730c	8789	c.srai	x15,0x2	 x15:0xffffff3f x15=0xffffffcf
       97345000	      9635	8000730e	4ac1	c.li	x21,16	 x21=0x00000010
       97715000	      9672	80007310	0299eb33	rem	x22,x19,x9	 x19:0x80021e64  x9:0xfffffaa7 x22=0xfffffb41
       98085000	      9709	80007314	03fe7d33	remu	x26,x28,x31	 x28:0x00000000 x31:0x80000000 x26=0x00000000
       98095000	      9710	80007318	05a48193	addi	x3,x9,90	  x9:0xfffffaa7  x3=0xfffffb01
       98105000	      9711	8000731c	0005c663	blt	x11,x0,80007328	 x11:0x00000001  x0:0x00000000
       98115000	      9712	80007320	dc013a13	sltiu	x20,x2,-576	  x2:0x80022026 x20=0x00000001
       98135000	      9714	80007324	0207e0b3	rem	x1,x15,x0	 x15:0xffffffcf  x0:0x00000000  x1=0xffffffcf
       98505000	      9751	80007328	030968b3	rem	x17,x18,x16	 x18:0x80021e66 x16:0xfffffaa7 x17=0xfffffb43
       98515000	      9752	8000732c	8341	c.srli	x14,0x10	 x14:0xfffff91d x14=0x0000ffff
       98525000	      9753	8000732e	0ff0000f	fence	iorw,iorw	
       98535000	      9754	80007332	8f55	c.or	x14,x13	 x14:0x0000ffff x13:0x0000001d x14=0x0000ffff
       98545000	      9755	80007334	0ff0000f	fence	iorw,iorw	
       98555000	      9756	80007338	32e0c917	auipc	x18,0x32e0c	 x18=0xb2e13338
       98565000	      9757	8000733c	01440e33	add	x28,x8,x20	  x8:0xffffffff x20:0x00000001 x28=0x00000000
       98575000	      9758	80007340	0776	c.slli	x14,0x1d	 x14:0x0000ffff x14=0xe0000000
       98585000	      9759	80007342	0001	c.addi	x0,0	  x0:0x00000000  x0=0x00000000
       98595000	      9760	80007344	0ff0000f	fence	iorw,iorw	
       98605000	      9761	80007348	b5a90393	addi	x7,x18,-1190	 x18:0xb2e13338  x7=0xb2e12e92
       98615000	      9762	8000734c	c919	c.beqz	x10,80007362	 x10:0xfffffe4b
       98655000	      9766	8000734e	02ee11b3	mulh	x3,x28,x14	 x28:0x00000000 x14:0xe0000000  x3=0x00000000
       98665000	      9767	80007352	02887a63	bgeu	x16,x8,80007386	 x16:0xfffffaa7  x8:0xffffffff
       98675000	      9768	80007356	406f6b93	ori	x23,x30,1030	 x30:0x00000006 x23=0x00000406
       98685000	      9769	8000735a	987d	c.andi	x8,-1	  x8:0xffffffff  x8=0xffffffff
       98695000	      9770	8000735c	9d72	c.add	x26,x28	 x26:0x00000000 x28:0x00000000 x26=0x00000000
       98705000	      9771	8000735e	05655163	bge	x10,x22,800073a0	 x10:0xfffffe4b x22:0xfffffb41
       98725000	      9773	800073a0	9276	c.add	x4,x29	  x4:0xffffffff x29:0xfffffc08  x4=0xfffffc07
       98765000	      9777	800073a2	02fcaeb3	mulhsu	x29,x25,x15	 x25:0x80025ce4 x15:0xffffffcf x29=0x80025cfc
       98775000	      9778	800073a6	d2467413	andi	x8,x12,-732	 x12:0x00000002  x8=0x00000000
       98785000	      9779	800073aa	00cf85b3	add	x11,x31,x12	 x31:0x80000000 x12:0x00000002 x11=0x80000002
       98795000	      9780	800073ae	aeaf0b93	addi	x23,x30,-1302	 x30:0x00000006 x23=0xfffffaf0
       98805000	      9781	800073b2	c3d74513	xori	x10,x14,-963	 x14:0xe0000000 x10=0x1ffffc3d
       98815000	      9782	800073b6	0000100f	fence.i	
       98835000	      9784	800073ba	8d5e	c.mv	x26,x23	  x0:0x00000000 x23:0xfffffaf0 x26=0xfffffaf0
       98875000	      9788	800073bc	03a198b3	mulh	x17,x3,x26	  x3:0x00000000 x26:0xfffffaf0 x17=0x00000000
       99245000	      9825	800073c0	03f4fe33	remu	x28,x9,x31	  x9:0xfffffaa7 x31:0x80000000 x28=0x7ffffaa7
       99255000	      9826	800073c4	cc0d	c.beqz	x8,800073fe	  x8:0x00000000
       99275000	      9828	800073fe	81cd	c.srli	x11,0x13	 x11:0x80000002 x11=0x00001000
       99285000	      9829	80007400	0001	c.addi	x0,0	  x0:0x00000000  x0=0x00000000
       99295000	      9830	80007402	00457eb3	and	x29,x10,x4	 x10:0x1ffffc3d  x4:0xfffffc07 x29=0x1ffffc05
       99305000	      9831	80007406	02b5f863	bgeu	x11,x11,80007436	 x11:0x00001000 x11:0x00001000
       99325000	      9833	80007436	8499	c.srai	x9,0x6	  x9:0xfffffaa7  x9=0xffffffea
       99335000	      9834	80007438	02b6	c.slli	x5,0xd	  x5:0x00000000  x5=0x00000000
       99345000	      9835	8000743a	55fd	c.li	x11,-1	 x11=0xffffffff
       99355000	      9836	8000743c	4fc80e13	addi	x28,x16,1276	 x16:0xfffffaa7 x28=0xffffffa3
       99365000	      9837	80007440	02de	c.slli	x5,0x17	  x5:0x00000000  x5=0x00000000
       99405000	      9841	80007442	02f43933	mulhu	x18,x8,x15	  x8:0x00000000 x15:0xffffffcf x18=0x00000000
       99415000	      9842	80007446	87d1	c.srai	x15,0x14	 x15:0xffffffcf x15=0xffffffff
       99425000	      9843	80007448	a5139f17	auipc	x30,0xa5139	 x30=0x25140448
       99435000	      9844	8000744c	83f5	c.srli	x15,0x1d	 x15:0xffffffff x15=0x00000007
       99475000	      9848	8000744e	02a9bab3	mulhu	x21,x19,x10	 x19:0x80021e64 x10:0x1ffffc3d x21=0x100041ea
       99485000	      9849	80007452	8185	c.srli	x11,0x1	 x11:0xffffffff x11=0x7fffffff
       99495000	      9850	80007454	40265193	srai	x3,x12,0x2	 x12:0x00000002  x3=0x00000000
       99505000	      9851	80007458	411a02b3	sub	x5,x20,x17	 x20:0x00000001 x17:0x00000000  x5=0x00000001
       99515000	      9852	8000745c	014a9e13	slli	x28,x21,0x14	 x21:0x100041ea x28=0x1ea00000
       99525000	      9853	80007460	017c8a33	add	x20,x25,x23	 x25:0x80025ce4 x23:0xfffffaf0 x20=0x800257d4
       99535000	      9854	80007464	848d	c.srai	x9,0x3	  x9:0xffffffea  x9=0xfffffffd
       99545000	      9855	80007466	fd1ab493	sltiu	x9,x21,-47	 x21:0x100041ea  x9=0x00000001
       99585000	      9859	8000746a	024e1433	mulh	x8,x28,x4	 x28:0x1ea00000  x4:0xfffffc07  x8=0xffffff86
       99595000	      9860	8000746e	0000100f	fence.i	
       99615000	      9862	80007472	9f1a	c.add	x30,x6	 x30:0x25140448  x6:0xfffffc08 x30=0x25140050
       99625000	      9863	80007474	0106	c.slli	x2,0x1	  x2:0x80022026  x2=0x0004404c
       99635000	      9864	80007476	f2fc2113	slti	x2,x24,-209	 x24:0x80021e66  x2=0x00000001
       99645000	      9865	8000747a	8e79	c.and	x12,x14	 x12:0x00000002 x14:0xe0000000 x12=0x00000000
       99675000	      9868	8000747c	02f10eb3	mul	x29,x2,x15	  x2:0x00000001 x15:0x00000007 x29=0x00000007
       99685000	      9869	80007480	8c09	c.sub	x8,x10	  x8:0xffffff86 x10:0x1ffffc3d  x8=0xe0000349
       99715000	      9872	80007482	02f602b3	mul	x5,x12,x15	 x12:0x00000000 x15:0x00000007  x5=0x00000000
       99725000	      9873	80007486	ccb92e37	lui	x28,0xccb92	 x28=0xccb92000
       99735000	      9874	8000748a	201d0a13	addi	x20,x26,513	 x26:0xfffffaf0 x20=0xfffffcf1
       99775000	      9878	8000748e	02dda233	mulhsu	x4,x27,x13	 x27:0x80000000 x13:0x0000001d  x4=0xfffffff1
       99785000	      9879	80007492	80c9	c.srli	x9,0x12	  x9:0x00000001  x9=0x00000000
       99795000	      9880	80007494	0001	c.addi	x0,0	  x0:0x00000000  x0=0x00000000
       99805000	      9881	80007496	0173ee63	bltu	x7,x23,800074b2	  x7:0xb2e12e92 x23:0xfffffaf0
       99865000	      9887	800074b2	029db133	mulhu	x2,x27,x9	 x27:0x80000000  x9:0x00000000  x2=0x00000000
       99905000	      9891	800074b6	02303133	mulhu	x2,x0,x3	  x0:0x00000000  x3:0x00000000  x2=0x00000000
       99915000	      9892	800074ba	0772	c.slli	x14,0x1c	 x14:0xe0000000 x14=0x00000000
       99945000	      9895	800074bc	03620933	mul	x18,x4,x22	  x4:0xfffffff1 x22:0xfffffb41 x18=0x00004731
       99955000	      9896	800074c0	997d	c.andi	x10,-1	 x10:0x1ffffc3d x10=0x1ffffc3d
       99965000	      9897	800074c2	01fa1e93	slli	x29,x20,0x1f	 x20:0xfffffcf1 x29=0x80000000
       99975000	      9898	800074c6	577d	c.li	x14,-1	 x14=0xffffffff
       99985000	      9899	800074c8	005e7833	and	x16,x28,x5	 x28:0xccb92000  x5:0x00000000 x16=0x00000000
       99995000	      9900	800074cc	35587493	andi	x9,x16,853	 x16:0x00000000  x9=0x00000000
      100005000	      9901	800074d0	0000100f	fence.i	
      100025000	      9903	800074d4	007a4763	blt	x20,x7,800074e2	 x20:0xfffffcf1  x7:0xb2e12e92
      100035000	      9904	800074d8	00db4433	xor	x8,x22,x13	 x22:0xfffffb41 x13:0x0000001d  x8=0xfffffb5c
      100055000	      9906	800074dc	0255c2b3	div	x5,x11,x5	 x11:0x7fffffff  x5:0x00000000  x5=0xffffffff
      100065000	      9907	800074e0	717d	c.addi16sp	x2,-16	  x2:0x00000000  x2=0xfffffff0
      100075000	      9908	800074e2	e38d	c.bnez	x15,80007504	 x15:0x00000007
      100095000	      9910	80007504	010e	c.slli	x2,0x3	  x2:0xfffffff0  x2=0xffffff80
      100105000	      9911	80007506	8c09	c.sub	x8,x10	  x8:0xfffffb5c x10:0x1ffffc3d  x8=0xdfffff1f
      100115000	      9912	80007508	40a45a33	sra	x20,x8,x10	  x8:0xdfffff1f x10:0x1ffffc3d x20=0xfffffffe
      100125000	      9913	8000750c	0001	c.addi	x0,0	  x0:0x00000000  x0=0x00000000
      100135000	      9914	8000750e	8ca9	c.xor	x9,x10	  x9:0x00000000 x10:0x1ffffc3d  x9=0x1ffffc3d
      100145000	      9915	80007510	8d1d	c.sub	x10,x15	 x10:0x1ffffc3d x15:0x00000007 x10=0x1ffffc36
      100185000	      9919	80007512	03c4b4b3	mulhu	x9,x9,x28	  x9:0x1ffffc3d x28:0xccb92000  x9=0x199720fd
      100195000	      9920	80007516	2ba9f413	andi	x8,x19,698	 x19:0x80021e64  x8=0x00000220
      100205000	      9921	8000751a	9216	c.add	x4,x5	  x4:0xfffffff1  x5:0xffffffff  x4=0xfffffff0
      100215000	      9922	8000751c	ef8c3a13	sltiu	x20,x24,-264	 x24:0x80021e66 x20=0x00000001
      100225000	      9923	80007520	cc01	c.beqz	x8,80007538	  x8:0x00000220
      100235000	      9924	80007522	403202b3	sub	x5,x4,x3	  x4:0xfffffff0  x3:0x00000000  x5=0xfffffff0
      100245000	      9925	80007526	00197fb3	and	x31,x18,x1	 x18:0x00004731  x1:0xffffffcf x31=0x00004701
      100265000	      9927	8000752a	03145e33	divu	x28,x8,x17	  x8:0x00000220 x17:0x00000000 x28=0xffffffff
      100275000	      9928	8000752e	d141f913	andi	x18,x3,-748	  x3:0x00000000 x18=0x00000000
      100285000	      9929	80007532	8c71	c.and	x8,x12	  x8:0x00000220 x12:0x00000000  x8=0x00000000
      100295000	      9930	80007534	00a3de33	srl	x28,x7,x10	  x7:0xb2e12e92 x10:0x1ffffc36 x28=0x000002cb
      100335000	      9934	80007538	02a82633	mulhsu	x12,x16,x10	 x16:0x00000000 x10:0x1ffffc36 x12=0x00000000
      100345000	      9935	8000753c	03d29c63	bne	x5,x29,80007574	  x5:0xfffffff0 x29:0x80000000
      100365000	      9937	80007574	1dd56f13	ori	x30,x10,477	 x10:0x1ffffc36 x30=0x1ffffdff
      100375000	      9938	80007578	82b5	c.srli	x13,0xd	 x13:0x0000001d x13=0x00000000
      100385000	      9939	8000757a	aa923e93	sltiu	x29,x4,-1367	  x4:0xfffffff0 x29=0x00000000
      100395000	      9940	8000757e	0000100f	fence.i	
      100425000	      9943	80007582	02f9e363	bltu	x19,x15,800075a8	 x19:0x80021e64 x15:0x00000007
      100435000	      9944	80007586	44dd	c.li	x9,23	  x9=0x00000017
      100445000	      9945	80007588	084a	c.slli	x16,0x12	 x16:0x00000000 x16=0x00000000
      100455000	      9946	8000758a	688d	c.lui	x17,0x3	 x17=0x00003000
      100465000	      9947	8000758c	09bebd13	sltiu	x26,x29,155	 x29:0x00000000 x26=0x00000001
      100475000	      9948	80007590	8f8d	c.sub	x15,x11	 x15:0x00000007 x11:0x7fffffff x15=0x80000008
      100515000	      9952	80007592	03eeb233	mulhu	x4,x29,x30	 x29:0x00000000 x30:0x1ffffdff  x4=0x00000000
      100885000	      9989	80007596	025963b3	rem	x7,x18,x5	 x18:0x00000000  x5:0xfffffff0  x7=0x00000000
      100895000	      9990	8000759a	88d9	c.andi	x9,22	  x9:0x00000017  x9=0x00000016
      100905000	      9991	8000759c	01e52eb3	slt	x29,x10,x30	 x10:0x1ffffc36 x30:0x1ffffdff x29=0x00000001
      100945000	      9995	800075a0	039f1733	mulh	x14,x30,x25	 x30:0x1ffffdff x25:0x80025ce4 x14=0xf0004c9c
      100955000	      9996	800075a4	0b84	c.addi4spn	x9,x2,464	  x9=0x00000150
      100965000	      9997	800075a6	8f6a	c.mv	x30,x26	  x0:0x00000000 x26:0x00000001 x30=0x00000001
      100975000	      9998	800075a8	8c09	c.sub	x8,x10	  x8:0x00000000 x10:0x1ffffc36  x8=0xe00003ca
      100985000	      9999	800075aa	6545	c.lui	x10,0x11	 x10=0x00011000
      100995000	     10000	800075ac	011a7663	bgeu	x20,x17,800075b8	 x20:0x00000001 x17:0x00003000
      101035000	     10004	800075b0	0338a0b3	mulhsu	x1,x17,x19	 x17:0x00003000 x19:0x80021e64  x1=0x00001800
      101045000	     10005	800075b4	0001	c.addi	x0,0	  x0:0x00000000  x0=0x00000000
      101055000	     10006	800075b6	8631	c.srai	x12,0xc	 x12:0x00000000 x12=0x00000000
      101065000	     10007	800075b8	031b1863	bne	x22,x17,800075e8	 x22:0xfffffb41 x17:0x00003000
      101085000	     10009	800075e8	002160b3	or	x1,x2,x2	  x2:0xffffff80  x2:0xffffff80  x1=0xffffff80
      101095000	     10010	800075ec	0ff0000f	fence	iorw,iorw	
      101105000	     10011	800075f0	6125	c.addi16sp	x2,96	  x2:0xffffff80  x2=0xffffffe0
      101115000	     10012	800075f2	e40d	c.bnez	x8,8000761c	  x8:0xe00003ca
      101135000	     10014	8000761c	e800eb17	auipc	x22,0xe800e	 x22=0x6801561c
      101145000	     10015	80007620	0001	c.addi	x0,0	  x0:0x00000000  x0=0x00000000
      101155000	     10016	80007622	0189f233	and	x4,x19,x24	 x19:0x80021e64 x24:0x80021e66  x4=0x80021e64
      101165000	     10017	80007626	0c2a	c.slli	x24,0xa	 x24:0x80021e66 x24=0x08799800
      101175000	     10018	80007628	0ff0000f	fence	iorw,iorw	
      101545000	     10055	8000762c	034d63b3	rem	x7,x26,x20	 x26:0x00000001 x20:0x00000001  x7=0x00000000
      101585000	     10059	80007630	031731b3	mulhu	x3,x14,x17	 x14:0xf0004c9c x17:0x00003000  x3=0x00002d00
      101595000	     10060	80007634	41cb83b3	sub	x7,x23,x28	 x23:0xfffffaf0 x28:0x000002cb  x7=0xfffff825
      101605000	     10061	80007638	03eb0563	beq	x22,x30,80007662	 x22:0x6801561c x30:0x00000001
      101615000	     10062	8000763c	00d8d293	srli	x5,x17,0xd	 x17:0x00003000  x5=0x00000001
      101625000	     10063	80007640	00c3bf33	sltu	x30,x7,x12	  x7:0xfffff825 x12:0x00000000 x30=0x00000000
      101635000	     10064	80007644	0164f933	and	x18,x9,x22	  x9:0x00000150 x22:0x6801561c x18=0x00000010
      101645000	     10065	80007648	8a1d	c.andi	x12,7	 x12:0x00000000 x12=0x00000000
      101655000	     10066	8000764a	0101f463	bgeu	x3,x16,80007652	  x3:0x00002d00 x16:0x00000000
      101685000	     10069	80007652	00458a33	add	x20,x11,x4	 x11:0x7fffffff  x4:0x80021e64 x20=0x00021e63
      101695000	     10070	80007656	03406963	bltu	x0,x20,80007688	  x0:0x00000000 x20:0x00021e63
      101715000	     10072	80007688	98de	c.add	x17,x23	 x17:0x00003000 x23:0xfffffaf0 x17=0x00002af0
      101725000	     10073	8000768a	016ff233	and	x4,x31,x22	 x31:0x00004701 x22:0x6801561c  x4=0x00004600
      101735000	     10074	8000768e	66bba493	slti	x9,x23,1643	 x23:0xfffffaf0  x9=0x00000001
      101745000	     10075	80007692	8ac2	c.mv	x21,x16	  x0:0x00000000 x16:0x00000000 x21=0x00000000
      101755000	     10076	80007694	008b8e33	add	x28,x23,x8	 x23:0xfffffaf0  x8:0xe00003ca x28=0xdffffeba
      101765000	     10077	80007698	25fea893	slti	x17,x29,607	 x29:0x00000001 x17=0x00000001
      101775000	     10078	8000769c	a5a9a293	slti	x5,x19,-1446	 x19:0x80021e64  x5=0x00000001
      101785000	     10079	800076a0	000f9193	slli	x3,x31,0x0	 x31:0x00004701  x3=0x00004701
      101795000	     10080	800076a4	01039f33	sll	x30,x7,x16	  x7:0xfffff825 x16:0x00000000 x30=0xfffff825
      101805000	     10081	800076a8	0000100f	fence.i	
      101825000	     10083	800076ac	01545e63	bge	x8,x21,800076c8	  x8:0xe00003ca x21:0x00000000
      101835000	     10084	800076b0	0104aeb3	slt	x29,x9,x16	  x9:0x00000001 x16:0x00000000 x29=0x00000000
      101845000	     10085	800076b4	01115033	srl	x0,x2,x17	  x2:0xffffffe0 x17:0x00000001  x0=0x00000000
      101855000	     10086	800076b8	953a	c.add	x10,x14	 x10:0x00011000 x14:0xf0004c9c x10=0xf0015c9c
      101865000	     10087	800076ba	98fd	c.andi	x9,-1	  x9:0x00000001  x9=0x00000001
      101875000	     10088	800076bc	009e71b3	and	x3,x28,x9	 x28:0xdffffeba  x9:0x00000001  x3=0x00000000
      101885000	     10089	800076c0	0c62	c.slli	x24,0x18	 x24:0x08799800 x24=0x00000000
      101895000	     10090	800076c2	cd11	c.beqz	x10,800076de	 x10:0xf0015c9c
      101905000	     10091	800076c4	0ff0000f	fence	iorw,iorw	
      101915000	     10092	800076c8	0001	c.addi	x0,0	  x0:0x00000000  x0=0x00000000
      101925000	     10093	800076ca	1c168613	addi	x12,x13,449	 x13:0x00000000 x12=0x000001c1
      101935000	     10094	800076ce	0bc1	c.addi	x23,16	 x23:0xfffffaf0 x23=0xfffffb00
      101945000	     10095	800076d0	0d46	c.slli	x26,0x11	 x26:0x00000001 x26=0x00020000
      101955000	     10096	800076d2	8efe	c.mv	x29,x31	  x0:0x00000000 x31:0x00004701 x29=0x00004701
      101965000	     10097	800076d4	8d59	c.or	x10,x14	 x10:0xf0015c9c x14:0xf0004c9c x10=0xf0015c9c
      101975000	     10098	800076d6	0146c1b3	xor	x3,x13,x20	 x13:0x00000000 x20:0x00021e63  x3=0x00021e63
      102015000	     10102	800076da	039b1833	mulh	x16,x22,x25	 x22:0x6801561c x25:0x80025ce4 x16=0xcc004ab1
      102025000	     10103	800076de	06da	c.slli	x13,0x16	 x13:0x00000000 x13=0x00000000
      102035000	     10104	800076e0	e58d	c.bnez	x11,8000770a	 x11:0x7fffffff
      102065000	     10107	8000770a	8ae5b517	auipc	x10,0x8ae5b	 x10=0x0ae6270a
      102075000	     10108	8000770e	013733b3	sltu	x7,x14,x19	 x14:0xf0004c9c x19:0x80021e64  x7=0x00000000
      102085000	     10109	80007712	4d10cf37	lui	x30,0x4d10c	 x30=0x4d10c000
      102095000	     10110	80007716	6c73e893	ori	x17,x7,1735	  x7:0x00000000 x17=0x000006c7
      102125000	     10113	8000771a	027307b3	mul	x15,x6,x7	  x6:0xfffffc08  x7:0x00000000 x15=0x00000000
      102135000	     10114	8000771e	03ccdf63	bge	x25,x28,8000775c	 x25:0x80025ce4 x28:0xdffffeba
      102145000	     10115	80007722	0001	c.addi	x0,0	  x0:0x00000000  x0=0x00000000
      102155000	     10116	80007724	00d9d433	srl	x8,x19,x13	 x19:0x80021e64 x13:0x00000000  x8=0x80021e64
      102165000	     10117	80007728	694d	c.lui	x18,0x13	 x18=0x00013000
      102175000	     10118	8000772a	8761	c.srai	x14,0x18	 x14:0xf0004c9c x14=0xfffffff0
      102185000	     10119	8000772c	0000100f	fence.i	
      102205000	     10121	80007730	03f2	c.slli	x7,0x1c	  x7:0x00000000  x7=0x00000000
      102215000	     10122	80007732	00470c33	add	x24,x14,x4	 x14:0xfffffff0  x4:0x00004600 x24=0x000045f0
      102225000	     10123	80007736	417b5d13	srai	x26,x22,0x17	 x22:0x6801561c x26=0x000000d0
      102235000	     10124	8000773a	8b29	c.andi	x14,10	 x14:0xfffffff0 x14=0x00000000
      102245000	     10125	8000773c	0000100f	fence.i	
      102265000	     10127	80007740	2ade7317	auipc	x6,0x2ade7	  x6=0xaadee740
      102275000	     10128	80007744	8f89	c.sub	x15,x10	 x15:0x00000000 x10:0x0ae6270a x15=0xf519d8f6
      102285000	     10129	80007746	007c5c33	srl	x24,x24,x7	 x24:0x000045f0  x7:0x00000000 x24=0x000045f0
      102295000	     10130	8000774a	8259	c.srli	x12,0x16	 x12:0x000001c1 x12=0x00000000
      102305000	     10131	8000774c	a277ea97	auipc	x21,0xa277e	 x21=0x2278574c
      102315000	     10132	80007750	0170ec63	bltu	x1,x23,80007768	  x1:0xffffff80 x23:0xfffffb00
      102325000	     10133	80007754	84a1	c.srai	x9,0x8	  x9:0x00000001  x9=0x00000000
      102335000	     10134	80007756	6a85	c.lui	x21,0x1	 x21=0x00001000
      102345000	     10135	80007758	02969063	bne	x13,x9,80007778	 x13:0x00000000  x9:0x00000000
      102355000	     10136	8000775c	00cb0333	add	x6,x22,x12	 x22:0x6801561c x12:0x00000000  x6=0x6801561c
      102725000	     10173	80007760	02657033	remu	x0,x10,x6	 x10:0x0ae6270a  x6:0x6801561c  x0=0x00000000
      102735000	     10174	80007764	406180b3	sub	x1,x3,x6	  x3:0x00021e63  x6:0x6801561c  x1=0x9800c847
      102745000	     10175	80007768	014b26b3	slt	x13,x22,x20	 x22:0x6801561c x20:0x00021e63 x13=0x00000000
      102755000	     10176	8000776c	01b91863	bne	x18,x27,8000777c	 x18:0x00013000 x27:0x80000000
      102775000	     10178	8000777c	8fa9	c.xor	x15,x10	 x15:0xf519d8f6 x10:0x0ae6270a x15=0xfffffffc
      102785000	     10179	8000777e	01520e33	add	x28,x4,x21	  x4:0x00004600 x21:0x00001000 x28=0x00005600
      102795000	     10180	80007782	8e99	c.sub	x13,x14	 x13:0x00000000 x14:0x00000000 x13=0x00000000
      102805000	     10181	80007784	00fee3b3	or	x7,x29,x15	 x29:0x00004701 x15:0xfffffffc  x7=0xfffffffd
      102815000	     10182	80007788	e909	c.bnez	x10,8000779a	 x10:0x0ae6270a
      102835000	     10184	8000779a	8f75	c.and	x14,x13	 x14:0x00000000 x13:0x00000000 x14=0x00000000
      102875000	     10188	8000779c	03f925b3	mulhsu	x11,x18,x31	 x18:0x00013000 x31:0x00004701 x11=0x00000000
      102885000	     10189	800077a0	8d05	c.sub	x10,x9	 x10:0x0ae6270a  x9:0x00000000 x10=0x0ae6270a
      103255000	     10226	800077a2	03016fb3	rem	x31,x2,x16	  x2:0xffffffe0 x16:0xcc004ab1 x31=0xffffffe0
      103265000	     10227	800077a6	0e9c	c.addi4spn	x15,x2,848	 x15=0x00000330
      103275000	     10228	800077a8	c1964493	xori	x9,x12,-999	 x12:0x00000000  x9=0xfffffc19
      103285000	     10229	800077ac	00992533	slt	x10,x18,x9	 x18:0x00013000  x9:0xfffffc19 x10=0x00000000
      103295000	     10230	800077b0	8d0d	c.sub	x10,x11	 x10:0x00000000 x11:0x00000000 x10=0x00000000
      103305000	     10231	800077b2	8cb1	c.xor	x9,x12	  x9:0xfffffc19 x12:0x00000000  x9=0xfffffc19
      103315000	     10232	800077b4	8471	c.srai	x8,0x1c	  x8:0x80021e64  x8=0xfffffff8
      103685000	     10269	800077b6	03444a33	div	x20,x8,x20	  x8:0xfffffff8 x20:0x00021e63 x20=0x00000000
      103695000	     10270	800077ba	032eeb63	bltu	x29,x18,800077f0	 x29:0x00004701 x18:0x00013000
      103715000	     10272	800077f0	01a65a13	srli	x20,x12,0x1a	 x12:0x00000000 x20=0x00000000
      103735000	     10274	800077f4	02c4da33	divu	x20,x9,x12	  x9:0xfffffc19 x12:0x00000000 x20=0xffffffff
      103745000	     10275	800077f8	8179	c.srli	x10,0x1e	 x10:0x00000000 x10=0x00000000
      103755000	     10276	800077fa	00935133	srl	x2,x6,x9	  x6:0x6801561c  x9:0xfffffc19  x2=0x00000034
      104125000	     10313	800077fe	0355ce33	div	x28,x11,x21	 x11:0x00000000 x21:0x00001000 x28=0x00000000
      104495000	     10350	80007802	023dc033	div	x0,x27,x3	 x27:0x80000000  x3:0x00021e63  x0=0x00000000
      104505000	     10351	80007806	0185a0b3	slt	x1,x11,x24	 x11:0x00000000 x24:0x000045f0  x1=0x00000001
      104515000	     10352	8000780a	0109b5b3	sltu	x11,x19,x16	 x19:0x80021e64 x16:0xcc004ab1 x11=0x00000001
      104885000	     10389	8000780e	02816d33	rem	x26,x2,x8	  x2:0x00000034  x8:0xfffffff8 x26=0x00000004
      104895000	     10390	80007812	4235	c.li	x4,13	  x4=0x0000000d
      104905000	     10391	80007814	00df4e33	xor	x28,x30,x13	 x30:0x4d10c000 x13:0x00000000 x28=0x4d10c000
      104915000	     10392	80007818	010d6663	bltu	x26,x16,80007824	 x26:0x00000004 x16:0xcc004ab1
      104935000	     10394	80007824	997d	c.andi	x10,-1	 x10:0x00000000 x10=0x00000000
      104975000	     10398	80007826	03d218b3	mulh	x17,x4,x29	  x4:0x0000000d x29:0x00004701 x17=0x00000000
      104985000	     10399	8000782a	03cf8d63	beq	x31,x28,80007864	 x31:0xffffffe0 x28:0x4d10c000
      104995000	     10400	8000782e	35566213	ori	x4,x12,853	 x12:0x00000000  x4=0x00000355
      105005000	     10401	80007832	895d	c.andi	x10,23	 x10:0x00000000 x10=0x00000000
      105015000	     10402	80007834	0001f833	and	x16,x3,x0	  x3:0x00021e63  x0:0x00000000 x16=0x00000000
      105025000	     10403	80007838	60d62d37	lui	x26,0x60d62	 x26=0x60d62000
      105035000	     10404	8000783c	8bd9	c.andi	x15,22	 x15:0x00000330 x15=0x00000010
      105045000	     10405	8000783e	c54a2693	slti	x13,x20,-940	 x20:0xffffffff x13=0x00000000
      105085000	     10409	80007842	0271b033	mulhu	x0,x3,x7	  x3:0x00021e63  x7:0xfffffffd  x0=0x00000000
      105125000	     10413	80007846	03f79833	mulh	x16,x15,x31	 x15:0x00000010 x31:0xffffffe0 x16=0xffffffff
      105135000	     10414	8000784a	00889a33	sll	x20,x17,x8	 x17:0x00000000  x8:0xfffffff8 x20=0x00000000
      105155000	     10416	8000784e	02d6fe33	remu	x28,x13,x13	 x13:0x00000000 x13:0x00000000 x28=0x00000000
      105165000	     10417	80007852	a005a337	lui	x6,0xa005a	  x6=0xa005a000
      105175000	     10418	80007856	cc0d	c.beqz	x8,80007890	  x8:0xfffffff8
      105185000	     10419	80007858	41bedb33	sra	x22,x29,x27	 x29:0x00004701 x27:0x80000000 x22=0x00004701
      105195000	     10420	8000785c	8806	c.mv	x16,x1	  x0:0x00000000  x1:0x00000001 x16=0x00000001
      105205000	     10421	8000785e	8d31	c.xor	x10,x12	 x10:0x00000000 x12:0x00000000 x10=0x00000000
      105215000	     10422	80007860	006a5b33	srl	x22,x20,x6	 x20:0x00000000  x6:0xa005a000 x22=0x00000000
      105225000	     10423	80007864	0000100f	fence.i	
      105245000	     10425	80007868	dc0cb813	sltiu	x16,x25,-576	 x25:0x80025ce4 x16=0x00000001
      105255000	     10426	8000786c	6b59	c.lui	x22,0x16	 x22=0x00016000
      105265000	     10427	8000786e	8d05	c.sub	x10,x9	 x10:0x00000000  x9:0xfffffc19 x10=0x000003e7
      105275000	     10428	80007870	17fd	c.addi	x15,-1	 x15:0x00000010 x15=0x0000000f
      105285000	     10429	80007872	00d78663	beq	x15,x13,8000787e	 x15:0x0000000f x13:0x00000000
      105295000	     10430	80007876	51048097	auipc	x1,0x51048	  x1=0xd104f876
      105305000	     10431	8000787a	07ac3f93	sltiu	x31,x24,122	 x24:0x000045f0 x31=0x00000000
      105315000	     10432	8000787e	03d9	c.addi	x7,22	  x7:0xfffffffd  x7=0x00000013
      105355000	     10436	80007880	0231bf33	mulhu	x30,x3,x3	  x3:0x00021e63  x3:0x00021e63 x30=0x00000004
      105395000	     10440	80007884	02ea9bb3	mulh	x23,x21,x14	 x21:0x00001000 x14:0x00000000 x23=0x00000000
      105405000	     10441	80007888	714c0293	addi	x5,x24,1812	 x24:0x000045f0  x5=0x00004d04
      105415000	     10442	8000788c	80ed	c.srli	x9,0x1b	  x9:0xfffffc19  x9=0x0000001f
      105425000	     10443	8000788e	0001	c.addi	x0,0	  x0:0x00000000  x0=0x00000000
      105435000	     10444	80007890	03701163	bne	x0,x23,800078b2	  x0:0x00000000 x23:0x00000000
      105445000	     10445	80007894	011d1113	slli	x2,x26,0x11	 x26:0x60d62000  x2=0x40000000
      105455000	     10446	80007898	6d75	c.lui	x26,0x1d	 x26=0x0001d000
      105465000	     10447	8000789a	8c25	c.xor	x8,x9	  x8:0xfffffff8  x9:0x0000001f  x8=0xffffffe7
      105475000	     10448	8000789c	0ff0000f	fence	iorw,iorw	
      105485000	     10449	800078a0	541e2a13	slti	x20,x28,1345	 x28:0x00000000 x20=0x00000001
      105495000	     10450	800078a4	40f80433	sub	x8,x16,x15	 x16:0x00000001 x15:0x0000000f  x8=0xfffffff2
      105515000	     10452	800078a8	0370cd33	div	x26,x1,x23	  x1:0xd104f876 x23:0x00000000 x26=0xffffffff
      105525000	     10453	800078ac	3f656813	ori	x16,x10,1014	 x10:0x000003e7 x16=0x000003f7
      105535000	     10454	800078b0	610d	c.addi16sp	x2,160	  x2:0x40000000  x2=0x400000a0
      105545000	     10455	800078b2	0001	c.addi	x0,0	  x0:0x00000000  x0=0x00000000
      105555000	     10456	800078b4	e21d	c.bnez	x12,800078da	 x12:0x00000000
      105565000	     10457	800078b6	41e58233	sub	x4,x11,x30	 x11:0x00000001 x30:0x00000004  x4=0xfffffffd
      105575000	     10458	800078ba	013c1d33	sll	x26,x24,x19	 x24:0x000045f0 x19:0x80021e64 x26=0x00045f00
      105585000	     10459	800078be	01035933	srl	x18,x6,x16	  x6:0xa005a000 x16:0x000003f7 x18=0x00000140
      105595000	     10460	800078c2	6451	c.lui	x8,0x14	  x8=0x00014000
      105605000	     10461	800078c4	81b5	c.srli	x11,0xd	 x11:0x00000001 x11=0x00000000
      105615000	     10462	800078c6	0e0e	c.slli	x28,0x3	 x28:0x00000000 x28=0x00000000
      105985000	     10499	800078c8	03e6c7b3	div	x15,x13,x30	 x13:0x00000000 x30:0x00000004 x15=0x00000000
      105995000	     10500	800078cc	8a3e	c.mv	x20,x15	  x0:0x00000000 x15:0x00000000 x20=0x00000000
      106005000	     10501	800078ce	007efab3	and	x21,x29,x7	 x29:0x00004701  x7:0x00000013 x21=0x00000001
      106015000	     10502	800078d2	038aeb63	bltu	x21,x24,80007908	 x21:0x00000001 x24:0x000045f0
      106035000	     10504	80007908	83f5	c.srli	x15,0x1d	 x15:0x00000000 x15=0x00000000
      106405000	     10541	8000790a	026668b3	rem	x17,x12,x6	 x12:0x00000000  x6:0xa005a000 x17=0x00000000
      106415000	     10542	8000790e	8e35	c.xor	x12,x13	 x12:0x00000000 x13:0x00000000 x12=0x00000000
      106425000	     10543	80007910	016ef3b3	and	x7,x29,x22	 x29:0x00004701 x22:0x00016000  x7=0x00004000
      106465000	     10547	80007914	03f4b6b3	mulhu	x13,x9,x31	  x9:0x0000001f x31:0x00000000 x13=0x00000000
      106475000	     10548	80007918	587d	c.li	x16,-1	 x16=0xffffffff
      106485000	     10549	8000791a	8fc6	c.mv	x31,x17	  x0:0x00000000 x17:0x00000000 x31=0x00000000
      106495000	     10550	8000791c	82bd	c.srli	x13,0xf	 x13:0x00000000 x13=0x00000000
      106505000	     10551	8000791e	8261	c.srli	x12,0x18	 x12:0x00000000 x12=0x00000000
      106515000	     10552	80007920	00309533	sll	x10,x1,x3	  x1:0xd104f876  x3:0x00021e63 x10=0x8827c3b0
      106525000	     10553	80007924	eb8a6493	ori	x9,x20,-328	 x20:0x00000000  x9=0xfffffeb8
      106535000	     10554	80007928	e0b30f93	addi	x31,x6,-501	  x6:0xa005a000 x31=0xa0059e0b
      106545000	     10555	8000792c	01f63ab3	sltu	x21,x12,x31	 x12:0x00000000 x31:0xa0059e0b x21=0x00000001
      106555000	     10556	80007930	e6fbb513	sltiu	x10,x23,-401	 x23:0x00000000 x10=0x00000001
      106565000	     10557	80007934	c657f213	andi	x4,x15,-923	 x15:0x00000000  x4=0x00000000
      106575000	     10558	80007938	b919c793	xori	x15,x19,-1135	 x19:0x80021e64 x15=0x7ffde5f5
      106945000	     10595	8000793c	02f5d4b3	divu	x9,x11,x15	 x11:0x00000000 x15:0x7ffde5f5  x9=0x00000000
      106955000	     10596	80007940	8fe9	c.and	x15,x10	 x15:0x7ffde5f5 x10:0x00000001 x15=0x00000001
      106965000	     10597	80007942	41555813	srai	x16,x10,0x15	 x10:0x00000001 x16=0x00000000
      106975000	     10598	80007946	408783b3	sub	x7,x15,x8	 x15:0x00000001  x8:0x00014000  x7=0xfffec001
      106985000	     10599	8000794a	8c95	c.sub	x9,x13	  x9:0x00000000 x13:0x00000000  x9=0x00000000
      106995000	     10600	8000794c	01394233	xor	x4,x18,x19	 x18:0x00000140 x19:0x80021e64  x4=0x80021f24
      107005000	     10601	80007950	006b0663	beq	x22,x6,8000795c	 x22:0x00016000  x6:0xa005a000
      107015000	     10602	80007954	e3464613	xori	x12,x12,-460	 x12:0x00000000 x12=0xfffffe34
      107025000	     10603	80007958	41bb0233	sub	x4,x22,x27	 x22:0x00016000 x27:0x80000000  x4=0x80016000
      107035000	     10604	8000795c	8ada	c.mv	x21,x22	  x0:0x00000000 x22:0x00016000 x21=0x00016000
      107045000	     10605	8000795e	472dad13	slti	x26,x27,1138	 x27:0x80000000 x26=0x00000001
      107055000	     10606	80007962	cde5e893	ori	x17,x11,-802	 x11:0x00000000 x17=0xfffffcde
      107065000	     10607	80007966	03928863	beq	x5,x25,80007996	  x5:0x00004d04 x25:0x80025ce4
      107435000	     10644	8000796a	031c55b3	divu	x11,x24,x17	 x24:0x000045f0 x17:0xfffffcde x11=0x00000000
      107445000	     10645	8000796e	48d5	c.li	x17,21	 x17=0x00000015
      107485000	     10649	80007970	0276a333	mulhsu	x6,x13,x7	 x13:0x00000000  x7:0xfffec001  x6=0x00000000
      107495000	     10650	80007974	8341	c.srli	x14,0x10	 x14:0x00000000 x14=0x00000000
      107505000	     10651	80007976	c0c38193	addi	x3,x7,-1012	  x7:0xfffec001  x3=0xfffebc0d
      107515000	     10652	8000797a	0021d133	srl	x2,x3,x2	  x3:0xfffebc0d  x2:0x400000a0  x2=0xfffebc0d
      107525000	     10653	8000797e	01959263	bne	x11,x25,80007982	 x11:0x00000000 x25:0x80025ce4
      107545000	     10655	80007982	8f19	c.sub	x14,x14	 x14:0x00000000 x14:0x00000000 x14=0x00000000
      107555000	     10656	80007984	0188e933	or	x18,x17,x24	 x17:0x00000015 x24:0x000045f0 x18=0x000045f5
      107565000	     10657	80007988	87a9	c.srai	x15,0xa	 x15:0x00000001 x15=0x00000000
      107575000	     10658	8000798a	0000100f	fence.i	
      107595000	     10660	8000798e	9d76	c.add	x26,x29	 x26:0x00000001 x29:0x00004701 x26=0x00004702
      107605000	     10661	80007990	9a7d	c.andi	x12,-1	 x12:0xfffffe34 x12=0xfffffe34
      107615000	     10662	80007992	001e9433	sll	x8,x29,x1	 x29:0x00004701  x1:0xd104f876  x8=0xc0400000
      107625000	     10663	80007996	98fd	c.andi	x9,-1	  x9:0x00000000  x9=0x00000000
      107635000	     10664	80007998	8d79	c.and	x10,x14	 x10:0x00000001 x14:0x00000000 x10=0x00000000
      107645000	     10665	8000799a	01c6e7b3	or	x15,x13,x28	 x13:0x00000000 x28:0x00000000 x15=0x00000000
      107655000	     10666	8000799e	192e0a93	addi	x21,x28,402	 x28:0x00000000 x21=0x00000192
      107665000	     10667	800079a2	821a	c.mv	x4,x6	  x0:0x00000000  x6:0x00000000  x4=0x00000000
      107675000	     10668	800079a4	01cd2f33	slt	x30,x26,x28	 x26:0x00004702 x28:0x00000000 x30=0x00000000
      107685000	     10669	800079a8	015f80b3	add	x1,x31,x21	 x31:0xa0059e0b x21:0x00000192  x1=0xa0059f9d
      107695000	     10670	800079ac	6131	c.addi16sp	x2,320	  x2:0xfffebc0d  x2=0xfffebd4d
      107705000	     10671	800079ae	0ff0000f	fence	iorw,iorw	
      107715000	     10672	800079b2	0e36	c.slli	x28,0xd	 x28:0x00000000 x28=0x00000000
      107735000	     10674	800079b4	02a7c5b3	div	x11,x15,x10	 x15:0x00000000 x10:0x00000000 x11=0xffffffff
      107745000	     10675	800079b8	0808	c.addi4spn	x10,x2,16	 x10=0xfffebd5d
      107765000	     10677	800079ba	03c1c333	div	x6,x3,x28	  x3:0xfffebc0d x28:0x00000000  x6=0xffffffff
      107775000	     10678	800079be	016b24b3	slt	x9,x22,x22	 x22:0x00016000 x22:0x00016000  x9=0x00000000
      107785000	     10679	800079c2	01e2b033	sltu	x0,x5,x30	  x5:0x00004d04 x30:0x00000000  x0=0x00000000
      107795000	     10680	800079c6	03d6	c.slli	x7,0x15	  x7:0xfffec001  x7=0x00200000
      107805000	     10681	800079c8	01a7e333	or	x6,x15,x26	 x15:0x00000000 x26:0x00004702  x6=0x00004702
      107815000	     10682	800079cc	e0dd3693	sltiu	x13,x26,-499	 x26:0x00004702 x13=0x00000001
      107825000	     10683	800079d0	01d55393	srli	x7,x10,0x1d	 x10:0xfffebd5d  x7=0x00000007
      107835000	     10684	800079d4	d37a6113	ori	x2,x20,-713	 x20:0x00000000  x2=0xfffffd37
      107845000	     10685	800079d8	02907063	bgeu	x0,x9,800079f8	  x0:0x00000000  x9:0x00000000
      107865000	     10687	800079f8	853d	c.srai	x10,0xf	 x10:0xfffebd5d x10=0xfffffffd
      107875000	     10688	800079fa	0001	c.addi	x0,0	  x0:0x00000000  x0=0x00000000
      107885000	     10689	800079fc	0186eeb3	or	x29,x13,x24	 x13:0x00000001 x24:0x000045f0 x29=0x000045f1
      107895000	     10690	80007a00	41485a13	srai	x20,x16,0x14	 x16:0x00000000 x20=0x00000000
      107905000	     10691	80007a04	01285c13	srli	x24,x16,0x12	 x16:0x00000000 x24=0x00000000
      107915000	     10692	80007a08	0ff0000f	fence	iorw,iorw	
      107925000	     10693	80007a0c	0036bb33	sltu	x22,x13,x3	 x13:0x00000001  x3:0xfffebc0d x22=0x00000001
      107935000	     10694	80007a10	1f08	c.addi4spn	x10,x2,944	 x10=0x000000e7
      107945000	     10695	80007a12	03ba1d63	bne	x20,x27,80007a4c	 x20:0x00000000 x27:0x80000000
      107965000	     10697	80007a4c	8651	c.srai	x12,0x14	 x12:0xfffffe34 x12=0xffffffff
      107975000	     10698	80007a4e	00f1d433	srl	x8,x3,x15	  x3:0xfffebc0d x15:0x00000000  x8=0xfffebc0d
      107985000	     10699	80007a52	e319	c.bnez	x14,80007a58	 x14:0x00000000
      107995000	     10700	80007a54	03e89863	bne	x17,x30,80007a84	 x17:0x00000015 x30:0x00000000
      108045000	     10705	80007a84	03d638b3	mulhu	x17,x12,x29	 x12:0xffffffff x29:0x000045f1 x17=0x000045f0
      108055000	     10706	80007a88	7fba4c13	xori	x24,x20,2043	 x20:0x00000000 x24=0x000007fb
      108065000	     10707	80007a8c	fc807f93	andi	x31,x0,-56	  x0:0x00000000 x31=0x00000000
      108075000	     10708	80007a90	034a6263	bltu	x20,x20,80007ab4	 x20:0x00000000 x20:0x00000000
      108085000	     10709	80007a94	01e03133	sltu	x2,x0,x30	  x0:0x00000000 x30:0x00000000  x2=0x00000000
      108095000	     10710	80007a98	80a9	c.srli	x9,0xa	  x9:0x00000000  x9=0x00000000
      108105000	     10711	80007a9a	5974f693	andi	x13,x9,1431	  x9:0x00000000 x13=0x00000000
      108115000	     10712	80007a9e	0000100f	fence.i	
      108145000	     10715	80007aa2	03ac4163	blt	x24,x26,80007ac4	 x24:0x000007fb x26:0x00004702
      108165000	     10717	80007ac4	8ca1	c.xor	x9,x8	  x9:0x00000000  x8:0xfffebc0d  x9=0xfffebc0d
      108175000	     10718	80007ac6	0000100f	fence.i	
      108215000	     10722	80007aca	03e14a33	div	x20,x2,x30	  x2:0x00000000 x30:0x00000000 x20=0xffffffff
      108225000	     10723	80007ace	0000100f	fence.i	
      108255000	     10726	80007ad2	0000100f	fence.i	
      108285000	     10729	80007ad6	983e7513	andi	x10,x28,-1661	 x28:0x00000000 x10=0x00000000
      108295000	     10730	80007ada	00951113	slli	x2,x10,0x9	 x10:0x00000000  x2=0x00000000
      108305000	     10731	80007ade	003ffc33	and	x24,x31,x3	 x31:0x00000000  x3:0xfffebc0d x24=0x00000000
      108315000	     10732	80007ae2	8de5	c.and	x11,x9	 x11:0xffffffff  x9:0xfffebc0d x11=0xfffebc0d
      108325000	     10733	80007ae4	0ff0000f	fence	iorw,iorw	
      108335000	     10734	80007ae8	c61d	c.beqz	x12,80007b16	 x12:0xffffffff
      108345000	     10735	80007aea	98fd	c.andi	x9,-1	  x9:0xfffebc0d  x9=0xfffebc0d
      108355000	     10736	80007aec	0027c3b3	xor	x7,x15,x2	 x15:0x00000000  x2:0x00000000  x7=0x00000000
      108365000	     10737	80007af0	836d	c.srli	x14,0x1b	 x14:0x00000000 x14=0x00000000
      108375000	     10738	80007af2	ec85	c.bnez	x9,80007b2a	  x9:0xfffebc0d
      108405000	     10741	80007b2a	01705013	srli	x0,x0,0x17	  x0:0x00000000  x0=0x00000000
      108445000	     10745	80007b2e	0293b533	mulhu	x10,x7,x9	  x7:0x00000000  x9:0xfffebc0d x10=0x00000000
      108485000	     10749	80007b32	02699433	mulh	x8,x19,x6	 x19:0x80021e64  x6:0x00004702  x8=0xffffdc7f
      108495000	     10750	80007b36	0002f1b3	and	x3,x5,x0	  x5:0x00004d04  x0:0x00000000  x3=0x00000000
      108505000	     10751	80007b3a	053ccc13	xori	x24,x25,83	 x25:0x80025ce4 x24=0x80025cb7
      108515000	     10752	80007b3e	40315e33	sra	x28,x2,x3	  x2:0x00000000  x3:0x00000000 x28=0x00000000
      108525000	     10753	80007b42	8695	c.srai	x13,0x5	 x13:0x00000000 x13=0x00000000
      108535000	     10754	80007b44	0067fa33	and	x20,x15,x6	 x15:0x00000000  x6:0x00004702 x20=0x00000000
      108545000	     10755	80007b48	40ed	c.li	x1,27	  x1=0x0000001b
      108555000	     10756	80007b4a	01e13033	sltu	x0,x2,x30	  x2:0x00000000 x30:0x00000000  x0=0x00000000
      108575000	     10758	80007b4e	03c742b3	div	x5,x14,x28	 x14:0x00000000 x28:0x00000000  x5=0xffffffff
      108585000	     10759	80007b52	02dac663	blt	x21,x13,80007b7e	 x21:0x00000192 x13:0x00000000
      108595000	     10760	80007b56	8c2d	c.xor	x8,x11	  x8:0xffffdc7f x11:0xfffebc0d  x8=0x00016072
      108605000	     10761	80007b58	0000100f	fence.i	
      108635000	     10764	80007b5c	02704b33	div	x22,x0,x7	  x0:0x00000000  x7:0x00000000 x22=0xffffffff
      108675000	     10768	80007b60	02f52a33	mulhsu	x20,x10,x15	 x10:0x00000000 x15:0x00000000 x20=0x00000000
      108685000	     10769	80007b64	00bd52b3	srl	x5,x26,x11	 x26:0x00004702 x11:0xfffebc0d  x5=0x00000002
      108695000	     10770	80007b68	019c3033	sltu	x0,x24,x25	 x24:0x80025cb7 x25:0x80025ce4  x0=0x00000000
      108705000	     10771	80007b6c	0130dc13	srli	x24,x1,0x13	  x1:0x0000001b x24=0x00000000
      108715000	     10772	80007b70	018512b3	sll	x5,x10,x24	 x10:0x00000000 x24:0x00000000  x5=0x00000000
      108725000	     10773	80007b74	ef9d	c.bnez	x15,80007bb2	 x15:0x00000000
      108735000	     10774	80007b76	00ac5f93	srli	x31,x24,0xa	 x24:0x00000000 x31=0x00000000
      108755000	     10776	80007b7a	02adc533	div	x10,x27,x10	 x27:0x80000000 x10:0x00000000 x10=0xffffffff
      108765000	     10777	80007b7e	8846	c.mv	x16,x17	  x0:0x00000000 x17:0x000045f0 x16=0x000045f0
      108775000	     10778	80007b80	cb95	c.beqz	x15,80007bb4	 x15:0x00000000
      108795000	     10780	80007bb4	41940233	sub	x4,x8,x25	  x8:0x00016072 x25:0x80025ce4  x4=0x7fff038e
      108805000	     10781	80007bb8	00901a63	bne	x0,x9,80007bcc	  x0:0x00000000  x9:0xfffebc0d
      108825000	     10783	80007bcc	faacb437	lui	x8,0xfaacb	  x8=0xfaacb000
      108835000	     10784	80007bd0	0001	c.addi	x0,0	  x0:0x00000000  x0=0x00000000
      108845000	     10785	80007bd2	41755933	sra	x18,x10,x23	 x10:0xffffffff x23:0x00000000 x18=0xffffffff
      108855000	     10786	80007bd6	8791	c.srai	x15,0x4	 x15:0x00000000 x15=0x00000000
      108895000	     10790	80007bd8	020317b3	mulh	x15,x6,x0	  x6:0x00004702  x0:0x00000000 x15=0x00000000
      108905000	     10791	80007bdc	fbe2a0b7	lui	x1,0xfbe2a	  x1=0xfbe2a000
      108915000	     10792	80007be0	54740593	addi	x11,x8,1351	  x8:0xfaacb000 x11=0xfaacb547
      108925000	     10793	80007be4	8d29	c.xor	x10,x10	 x10:0xffffffff x10:0xffffffff x10=0x00000000
      108935000	     10794	80007be6	000b6763	bltu	x22,x0,80007bf4	 x22:0xffffffff  x0:0x00000000
      108945000	     10795	80007bea	848d	c.srai	x9,0x3	  x9:0xfffebc0d  x9=0xffffd781
      108955000	     10796	80007bec	004d5293	srli	x5,x26,0x4	 x26:0x00004702  x5=0x00000470
      108965000	     10797	80007bf0	01a35d13	srli	x26,x6,0x1a	  x6:0x00004702 x26=0x00000000
      108975000	     10798	80007bf4	8252	c.mv	x4,x20	  x0:0x00000000 x20:0x00000000  x4=0x00000000
      108985000	     10799	80007bf6	ccc33e93	sltiu	x29,x6,-820	  x6:0x00004702 x29=0x00000001
      108995000	     10800	80007bfa	013b0133	add	x2,x22,x19	 x22:0xffffffff x19:0x80021e64  x2=0x80021e63
      109035000	     10804	80007bfe	024bafb3	mulhsu	x31,x23,x4	 x23:0x00000000  x4:0x00000000 x31=0x00000000
      109045000	     10805	80007c02	02316c63	bltu	x2,x3,80007c3a	  x2:0x80021e63  x3:0x00000000
      109415000	     10842	80007c06	035ae4b3	rem	x9,x21,x21	 x21:0x00000192 x21:0x00000192  x9=0x00000000
      109425000	     10843	80007c0a	0001	c.addi	x0,0	  x0:0x00000000  x0=0x00000000
      109435000	     10844	80007c0c	009844b3	xor	x9,x16,x9	 x16:0x000045f0  x9:0x00000000  x9=0x000045f0
      109445000	     10845	80007c10	0151a633	slt	x12,x3,x21	  x3:0x00000000 x21:0x00000192 x12=0x00000001
      109455000	     10846	80007c14	0764c563	blt	x9,x22,80007c7e	  x9:0x000045f0 x22:0xffffffff
      109465000	     10847	80007c18	00911733	sll	x14,x2,x9	  x2:0x80021e63  x9:0x000045f0 x14=0x1e630000
      109475000	     10848	80007c1c	0e1a	c.slli	x28,0x6	 x28:0x00000000 x28=0x00000000
      109485000	     10849	80007c1e	015c20b3	slt	x1,x24,x21	 x24:0x00000000 x21:0x00000192  x1=0x00000001
      109495000	     10850	80007c22	8175	c.srli	x10,0x1d	 x10:0x00000000 x10=0x00000000
      109505000	     10851	80007c24	28e6ff17	auipc	x30,0x28e6f	 x30=0xa8e76c24
      109515000	     10852	80007c28	010773b3	and	x7,x14,x16	 x14:0x1e630000 x16:0x000045f0  x7=0x00000000
      109525000	     10853	80007c2c	8d09	c.sub	x10,x10	 x10:0x00000000 x10:0x00000000 x10=0x00000000
      109535000	     10854	80007c2e	00fb1b93	slli	x23,x22,0xf	 x22:0xffffffff x23=0xffff8000
      109545000	     10855	80007c32	e899	c.bnez	x9,80007c48	  x9:0x000045f0
      109565000	     10857	80007c48	814a	c.mv	x2,x18	  x0:0x00000000 x18:0xffffffff  x2=0xffffffff
      109575000	     10858	80007c4a	02e2dd63	bge	x5,x14,80007c84	  x5:0x00000470 x14:0x1e630000
      109585000	     10859	80007c4e	00b5ca33	xor	x20,x11,x11	 x11:0xfaacb547 x11:0xfaacb547 x20=0x00000000
      109595000	     10860	80007c52	0109b233	sltu	x4,x19,x16	 x19:0x80021e64 x16:0x000045f0  x4=0x00000000
      109605000	     10861	80007c56	0001	c.addi	x0,0	  x0:0x00000000  x0=0x00000000
      109615000	     10862	80007c58	00002497	auipc	x9,0x2	  x9=0x80009c58
      109625000	     10863	80007c5c	8b448493	addi	x9,x9,-1868	  x9:0x80009c58  x9=0x8000950c
      109635000	     10864	80007c60	93be	c.add	x7,x15	  x7:0x00000000 x15:0x00000000  x7=0x00000000
      109645000	     10865	80007c62	8ef5	c.and	x13,x13	 x13:0x00000000 x13:0x00000000 x13=0x00000000
      109655000	     10866	80007c64	d9848493	addi	x9,x9,-616	  x9:0x8000950c  x9=0x800092a4
      109665000	     10867	80007c68	00d60c33	add	x24,x12,x13	 x12:0x00000001 x13:0x00000000 x24=0x00000001
      109675000	     10868	80007c6c	00b5d763	bge	x11,x11,80007c7a	 x11:0xfaacb547 x11:0xfaacb547
      109705000	     10871	80007c7a	268487e7	jalr	x15,616(x9)	  x9:0x800092a4 x15=0x80007c7e
      109725000	     10873	8000950c	4975	c.li	x18,29	 x18=0x0000001d
      109735000	     10874	8000950e	00b113b3	sll	x7,x2,x11	  x2:0xffffffff x11:0xfaacb547  x7=0xffffff80
      109745000	     10875	80009512	01a815b3	sll	x11,x16,x26	 x16:0x000045f0 x26:0x00000000 x11=0x000045f0
      109755000	     10876	80009516	41d80033	sub	x0,x16,x29	 x16:0x000045f0 x29:0x00000001  x0=0x00000000
      109765000	     10877	8000951a	0001	c.addi	x0,0	  x0:0x00000000  x0=0x00000000
      109775000	     10878	8000951c	1981	c.addi	x19,-32	 x19:0x80021e64 x19=0x80021e44
      109785000	     10879	8000951e	415b5233	sra	x4,x22,x21	 x22:0xffffffff x21:0x00000192  x4=0xffffffff
      109795000	     10880	80009522	01874c33	xor	x24,x14,x24	 x14:0x1e630000 x24:0x00000001 x24=0x1e630001
      109805000	     10881	80009526	00471193	slli	x3,x14,0x4	 x14:0x1e630000  x3=0xe6300000
      109815000	     10882	8000952a	00f9a223	sw	x15,4(x19)	 x19:0x80021e44 x15:0x80007c7e PA:0x80021e48 store:0x80007c7e load:0x00000000
      109825000	     10883	8000952e	8811	c.andi	x8,4	  x8:0xfaacb000  x8=0x00000000
      109835000	     10884	80009530	43ecba93	sltiu	x21,x25,1086	 x25:0x80025ce4 x21=0x00000000
      109845000	     10885	80009534	02d68963	beq	x13,x13,80009566	 x13:0x00000000 x13:0x00000000
      109865000	     10887	80009566	8e69	c.and	x12,x10	 x12:0x00000001 x10:0x00000000 x12=0x00000000
      109875000	     10888	80009568	01addf13	srli	x30,x27,0x1a	 x27:0x80000000 x30=0x00000020
      109885000	     10889	8000956c	007c4bb3	xor	x23,x24,x7	 x24:0x1e630001  x7:0xffffff80 x23=0xe19cff81
      109895000	     10890	80009570	e0f465b7	lui	x11,0xe0f46	 x11=0xe0f46000
      110265000	     10927	80009574	030ed6b3	divu	x13,x29,x16	 x29:0x00000001 x16:0x000045f0 x13=0x00000000
      110635000	     10964	80009578	03bfc7b3	div	x15,x31,x27	 x31:0x00000000 x27:0x80000000 x15=0x00000000
      110645000	     10965	8000957c	010cd863	bge	x25,x16,8000958c	 x25:0x80025ce4 x16:0x000045f0
      110655000	     10966	80009580	1a183693	sltiu	x13,x16,417	 x16:0x000045f0 x13=0x00000000
      110665000	     10967	80009584	0525	c.addi	x10,9	 x10:0x00000000 x10=0x00000009
      110675000	     10968	80009586	01422f33	slt	x30,x4,x20	  x4:0xffffffff x20:0x00000000 x30=0x00000001
      110685000	     10969	8000958a	8f79	c.and	x14,x14	 x14:0x1e630000 x14:0x1e630000 x14=0x1e630000
      110695000	     10970	8000958c	0880	c.addi4spn	x8,x2,80	  x8=0x0000004f
      111065000	     11007	8000958e	030555b3	divu	x11,x10,x16	 x10:0x00000009 x16:0x000045f0 x11=0x00000000
      111075000	     11008	80009592	0ff0000f	fence	iorw,iorw	
      111085000	     11009	80009596	025bff63	bgeu	x23,x5,800095d4	 x23:0xe19cff81  x5:0x00000470
      111105000	     11011	800095d4	8886	c.mv	x17,x1	  x0:0x00000000  x1:0x00000001 x17=0x00000001
      111115000	     11012	800095d6	062e	c.slli	x12,0xb	 x12:0x00000000 x12=0x00000000
      111125000	     11013	800095d8	918a	c.add	x3,x2	  x3:0xe6300000  x2:0xffffffff  x3=0xe62fffff
      111135000	     11014	800095da	87c6	c.mv	x15,x17	  x0:0x00000000 x17:0x00000001 x15=0x00000001
      111145000	     11015	800095dc	002277b3	and	x15,x4,x2	  x4:0xffffffff  x2:0xffffffff x15=0xffffffff
      111155000	     11016	800095e0	00a65d13	srli	x26,x12,0xa	 x12:0x00000000 x26=0x00000000
      111165000	     11017	800095e4	8c21	c.xor	x8,x8	  x8:0x0000004f  x8:0x0000004f  x8=0x00000000
      111535000	     11054	800095e6	037ff933	remu	x18,x31,x23	 x31:0x00000000 x23:0xe19cff81 x18=0x00000000
      111545000	     11055	800095ea	9be6	c.add	x23,x25	 x23:0xe19cff81 x25:0x80025ce4 x23=0x619f5c65
      111555000	     11056	800095ec	11fd	c.addi	x3,-1	  x3:0xe62fffff  x3=0xe62ffffe
      111925000	     11093	800095ee	038641b3	div	x3,x12,x24	 x12:0x00000000 x24:0x1e630001  x3=0x00000000
      111935000	     11094	800095f2	017448b3	xor	x17,x8,x23	  x8:0x00000000 x23:0x619f5c65 x17=0x619f5c65
      111945000	     11095	800095f6	8976	c.mv	x18,x29	  x0:0x00000000 x29:0x00000001 x18=0x00000001
      111955000	     11096	800095f8	c331	c.beqz	x14,8000963c	 x14:0x1e630000
      111965000	     11097	800095fa	b8800637	lui	x12,0xb8800	 x12=0xb8800000
      111995000	     11100	800095fe	025483b3	mul	x7,x9,x5	  x9:0x800092a4  x5:0x00000470  x7=0x028ab7c0
      112005000	     11101	80009602	9bfd	c.andi	x15,-1	 x15:0xffffffff x15=0xffffffff
      112015000	     11102	80009604	025ac563	blt	x21,x5,8000962e	 x21:0x00000000  x5:0x00000470
      112035000	     11104	8000962e	8c5d	c.or	x8,x15	  x8:0x00000000 x15:0xffffffff  x8=0xffffffff
      112065000	     11107	80009630	03878ab3	mul	x21,x15,x24	 x15:0xffffffff x24:0x1e630001 x21=0xe19cffff
      112075000	     11108	80009634	03939263	bne	x7,x25,80009658	  x7:0x028ab7c0 x25:0x80025ce4
      112095000	     11110	80009658	365cf437	lui	x8,0x365cf	  x8=0x365cf000
      112105000	     11111	8000965c	8dd5	c.or	x11,x13	 x11:0x00000000 x13:0x00000000 x11=0x00000000
      112115000	     11112	8000965e	823a	c.mv	x4,x14	  x0:0x00000000 x14:0x1e630000  x4=0x1e630000
      112125000	     11113	80009660	8c09	c.sub	x8,x10	  x8:0x365cf000 x10:0x00000009  x8=0x365ceff7
      112135000	     11114	80009662	0004c863	blt	x9,x0,80009672	  x9:0x800092a4  x0:0x00000000
      112195000	     11120	80009672	022d16b3	mulh	x13,x26,x2	 x26:0x00000000  x2:0xffffffff x13=0x00000000
      112205000	     11121	80009676	f55ed037	lui	x0,0xf55ed	  x0=0x00000000
      112575000	     11158	8000967a	024f44b3	div	x9,x30,x4	 x30:0x00000001  x4:0x1e630000  x9=0x00000000
      112585000	     11159	8000967e	0000100f	fence.i	
      112615000	     11162	80009682	2c08c713	xori	x14,x17,704	 x17:0x619f5c65 x14=0x619f5ea5
      112625000	     11163	80009686	008afb33	and	x22,x21,x8	 x21:0xe19cffff  x8:0x365ceff7 x22=0x201ceff7
      112635000	     11164	8000968a	0135c8b3	xor	x17,x11,x19	 x11:0x00000000 x19:0x80021e44 x17=0x80021e44
      112645000	     11165	8000968e	01f19233	sll	x4,x3,x31	  x3:0x00000000 x31:0x00000000  x4=0x00000000
      113015000	     11202	80009692	02f74bb3	div	x23,x14,x15	 x14:0x619f5ea5 x15:0xffffffff x23=0x9e60a15b
      113025000	     11203	80009696	c73a3617	auipc	x12,0xc73a3	 x12=0x473ac696
      113035000	     11204	8000969a	8355	c.srli	x14,0x15	 x14:0x619f5ea5 x14=0x0000030c
      113045000	     11205	8000969c	0011cf63	blt	x3,x1,800096ba	  x3:0x00000000  x1:0x00000001
      113075000	     11208	800096ba	4bacfa13	andi	x20,x25,1210	 x25:0x80025ce4 x20=0x000004a0
      113085000	     11209	800096be	857d	c.srai	x10,0x1f	 x10:0x00000009 x10=0x00000000
      113095000	     11210	800096c0	8d4d	c.or	x10,x11	 x10:0x00000000 x11:0x00000000 x10=0x00000000
      113105000	     11211	800096c2	8e89	c.sub	x13,x10	 x13:0x00000000 x10:0x00000000 x13=0x00000000
      113115000	     11212	800096c4	8ff5	c.and	x15,x13	 x15:0xffffffff x13:0x00000000 x15=0x00000000
      113485000	     11249	800096c6	0217c8b3	div	x17,x15,x1	 x15:0x00000000  x1:0x00000001 x17=0x00000000
      113495000	     11250	800096ca	6129	c.addi16sp	x2,192	  x2:0xffffffff  x2=0x000000bf
      113505000	     11251	800096cc	8dc9	c.or	x11,x10	 x11:0x00000000 x10:0x00000000 x11=0x00000000
      113515000	     11252	800096ce	0000100f	fence.i	
      113545000	     11255	800096d2	41bedf13	srai	x30,x29,0x1b	 x29:0x00000001 x30=0x00000000
      113555000	     11256	800096d6	8a59	c.andi	x12,22	 x12:0x473ac696 x12=0x00000016
      113565000	     11257	800096d8	831e	c.mv	x6,x7	  x0:0x00000000  x7:0x028ab7c0  x6=0x028ab7c0
      113575000	     11258	800096da	3511b017	auipc	x0,0x3511b	  x0=0x00000000
      113585000	     11259	800096de	4b5cb717	auipc	x14,0x4b5cb	 x14=0xcb5d46de
      113595000	     11260	800096e2	018827b3	slt	x15,x16,x24	 x16:0x000045f0 x24:0x1e630001 x15=0x00000001
      113605000	     11261	800096e6	8d6d	c.and	x10,x11	 x10:0x00000000 x11:0x00000000 x10=0x00000000
      113615000	     11262	800096e8	99ac8193	addi	x3,x25,-1638	 x25:0x80025ce4  x3=0x8002567e
      113635000	     11264	800096ec	02aef233	remu	x4,x29,x10	 x29:0x00000001 x10:0x00000000  x4=0x00000001
      113645000	     11265	800096f0	82f1	c.srli	x13,0x1c	 x13:0x00000000 x13=0x00000000
      113655000	     11266	800096f2	400002b3	sub	x5,x0,x0	  x0:0x00000000  x0:0x00000000  x5=0x00000000
      113665000	     11267	800096f6	01b65593	srli	x11,x12,0x1b	 x12:0x00000016 x11=0x00000000
      113685000	     11269	800096fa	025fc933	div	x18,x31,x5	 x31:0x00000000  x5:0x00000000 x18=0xffffffff
      113695000	     11270	800096fe	cd89	c.beqz	x11,80009718	 x11:0x00000000
      113715000	     11272	80009718	02b5c363	blt	x11,x11,8000973e	 x11:0x00000000 x11:0x00000000
      113745000	     11275	8000971c	02a90233	mul	x4,x18,x10	 x18:0xffffffff x10:0x00000000  x4=0x00000000
      113755000	     11276	80009720	1014	c.addi4spn	x13,x2,32	 x13=0x000000df
      113765000	     11277	80009722	01c633b3	sltu	x7,x12,x28	 x12:0x00000016 x28:0x00000000  x7=0x00000000
      113775000	     11278	80009726	a5386793	ori	x15,x16,-1453	 x16:0x000045f0 x15=0xfffffff3
      113785000	     11279	8000972a	31fa3d13	sltiu	x26,x20,799	 x20:0x000004a0 x26=0x00000000
      113795000	     11280	8000972e	00271363	bne	x14,x2,80009734	 x14:0xcb5d46de  x2:0x000000bf
      113815000	     11282	80009734	8fa1	c.xor	x15,x8	 x15:0xfffffff3  x8:0x365ceff7 x15=0xc9a31004
      113825000	     11283	80009736	039aff63	bgeu	x21,x25,80009774	 x21:0xe19cffff x25:0x80025ce4
      113845000	     11285	80009774	409a8bb3	sub	x23,x21,x9	 x21:0xe19cffff  x9:0x00000000 x23=0xe19cffff
      114215000	     11322	80009778	039062b3	rem	x5,x0,x25	  x0:0x00000000 x25:0x80025ce4  x5=0x00000000
      114585000	     11359	8000977c	0228f3b3	remu	x7,x17,x2	 x17:0x00000000  x2:0x000000bf  x7=0x00000000
      114595000	     11360	80009780	00471913	slli	x18,x14,0x4	 x14:0xcb5d46de x18=0xb5d46de0
      114605000	     11361	80009784	0fee	c.slli	x31,0x1b	 x31:0x00000000 x31=0x00000000
      114615000	     11362	80009786	8ea1	c.xor	x13,x8	 x13:0x000000df  x8:0x365ceff7 x13=0x365cef28
      114625000	     11363	80009788	01172e33	slt	x28,x14,x17	 x14:0xcb5d46de x17:0x00000000 x28=0x00000001
      114635000	     11364	8000978c	01f05a33	srl	x20,x0,x31	  x0:0x00000000 x31:0x00000000 x20=0x00000000
      114645000	     11365	80009790	997d	c.andi	x10,-1	 x10:0x00000000 x10=0x00000000
      114655000	     11366	80009792	4003d033	sra	x0,x7,x0	  x7:0x00000000  x0:0x00000000  x0=0x00000000
      114665000	     11367	80009796	f58ed737	lui	x14,0xf58ed	 x14=0xf58ed000
      114705000	     11371	8000979a	03a61333	mulh	x6,x12,x26	 x12:0x00000016 x26:0x00000000  x6=0x00000000
      114715000	     11372	8000979e	8c91	c.sub	x9,x12	  x9:0x00000000 x12:0x00000016  x9=0xffffffea
      114725000	     11373	800097a0	0001	c.addi	x0,0	  x0:0x00000000  x0=0x00000000
      114735000	     11374	800097a2	06b9	c.addi	x13,14	 x13:0x365cef28 x13=0x365cef36
      114775000	     11378	800097a4	024d31b3	mulhu	x3,x26,x4	 x26:0x00000000  x4:0x00000000  x3=0x00000000
      114785000	     11379	800097a8	8f95	c.sub	x15,x13	 x15:0xc9a31004 x13:0x365cef36 x15=0x934620ce
      114795000	     11380	800097aa	942e	c.add	x8,x11	  x8:0x365ceff7 x11:0x00000000  x8=0x365ceff7
      114805000	     11381	800097ac	00228663	beq	x5,x2,800097b8	  x5:0x00000000  x2:0x000000bf
      114815000	     11382	800097b0	0346d563	bge	x13,x20,800097da	 x13:0x365cef36 x20:0x00000000
      114835000	     11384	800097da	8c21	c.xor	x8,x8	  x8:0x365ceff7  x8:0x365ceff7  x8=0x00000000
      114845000	     11385	800097dc	0001	c.addi	x0,0	  x0:0x00000000  x0=0x00000000
      114855000	     11386	800097de	9d4d6417	auipc	x8,0x9d4d6	  x8=0x1d4df7de
      114865000	     11387	800097e2	8605	c.srai	x12,0x1	 x12:0x00000016 x12=0x0000000b
      114875000	     11388	800097e4	0b0a	c.slli	x22,0x2	 x22:0x201ceff7 x22=0x8073bfdc
      115245000	     11425	800097e6	0223f4b3	remu	x9,x7,x2	  x7:0x00000000  x2:0x000000bf  x9=0x00000000
      115255000	     11426	800097ea	41fdd013	srai	x0,x27,0x1f	 x27:0x80000000  x0=0x00000000
      115265000	     11427	800097ee	155bb613	sltiu	x12,x23,341	 x23:0xe19cffff x12=0x00000000
      115275000	     11428	800097f2	40e80fb3	sub	x31,x16,x14	 x16:0x000045f0 x14:0xf58ed000 x31=0x0a7175f0
      115285000	     11429	800097f6	6eba3393	sltiu	x7,x20,1771	 x20:0x00000000  x7=0x00000001
      115295000	     11430	800097fa	009ca133	slt	x2,x25,x9	 x25:0x80025ce4  x9:0x00000000  x2=0x00000001
      115665000	     11467	800097fe	03fa64b3	rem	x9,x20,x31	 x20:0x00000000 x31:0x0a7175f0  x9=0x00000000
      115675000	     11468	80009802	00f99533	sll	x10,x19,x15	 x19:0x80021e44 x15:0x934620ce x10=0x87910000
      115685000	     11469	80009806	3fc14693	xori	x13,x2,1020	  x2:0x00000001 x13=0x000003fd
      115695000	     11470	8000980a	0001	c.addi	x0,0	  x0:0x00000000  x0=0x00000000
      115705000	     11471	8000980c	0001	c.addi	x0,0	  x0:0x00000000  x0=0x00000000
      115745000	     11475	8000980e	034f2733	mulhsu	x14,x30,x20	 x30:0x00000000 x20:0x00000000 x14=0x00000000
      115755000	     11476	80009812	01bb9313	slli	x6,x23,0x1b	 x23:0xe19cffff  x6=0xf8000000
      115765000	     11477	80009816	856a8793	addi	x15,x21,-1962	 x21:0xe19cffff x15=0xe19cf855
      115775000	     11478	8000981a	02e89263	bne	x17,x14,8000983e	 x17:0x00000000 x14:0x00000000
      115785000	     11479	8000981e	9b670293	addi	x5,x14,-1610	 x14:0x00000000  x5=0xfffff9b6
      115795000	     11480	80009822	010f6fb3	or	x31,x30,x16	 x30:0x00000000 x16:0x000045f0 x31=0x000045f0
      115805000	     11481	80009826	211de493	ori	x9,x27,529	 x27:0x80000000  x9=0x80000211
      115815000	     11482	8000982a	0036d513	srli	x10,x13,0x3	 x13:0x000003fd x10=0x0000007f
      115825000	     11483	8000982e	8f52	c.mv	x30,x20	  x0:0x00000000 x20:0x00000000 x30=0x00000000
      115835000	     11484	80009830	8ae1	c.andi	x13,24	 x13:0x000003fd x13=0x00000018
      115845000	     11485	80009832	010cc5b3	xor	x11,x25,x16	 x25:0x80025ce4 x16:0x000045f0 x11=0x80021914
      115865000	     11487	80009836	03e65b33	divu	x22,x12,x30	 x12:0x00000000 x30:0x00000000 x22=0xffffffff
      115875000	     11488	8000983a	018f7533	and	x10,x30,x24	 x30:0x00000000 x24:0x1e630001 x10=0x00000000
      115885000	     11489	8000983e	407fd613	srai	x12,x31,0x7	 x31:0x000045f0 x12=0x0000008b
      115895000	     11490	80009842	00c8f3b3	and	x7,x17,x12	 x17:0x00000000 x12:0x0000008b  x7=0x00000000
      115905000	     11491	80009846	00970433	add	x8,x14,x9	 x14:0x00000000  x9:0x80000211  x8=0x80000211
      115915000	     11492	8000984a	8e21	c.xor	x12,x8	 x12:0x0000008b  x8:0x80000211 x12=0x8000029a
      115925000	     11493	8000984c	0001	c.addi	x0,0	  x0:0x00000000  x0=0x00000000
      115935000	     11494	8000984e	017ba1b3	slt	x3,x23,x23	 x23:0xe19cffff x23:0xe19cffff  x3=0x00000000
      115945000	     11495	80009852	8109	c.srli	x10,0x2	 x10:0x00000000 x10=0x00000000
      115955000	     11496	80009854	81d1	c.srli	x11,0x14	 x11:0x80021914 x11=0x00000800
      115965000	     11497	80009856	b632ce13	xori	x28,x5,-1181	  x5:0xfffff9b6 x28=0x000002d5
      115975000	     11498	8000985a	9bfa	c.add	x23,x30	 x23:0xe19cffff x30:0x00000000 x23=0xe19cffff
      115985000	     11499	8000985c	c8988197	auipc	x3,0xc8988	  x3=0x4899185c
      115995000	     11500	80009860	02c7ce63	blt	x15,x12,8000989c	 x15:0xe19cf855 x12:0x8000029a
      116005000	     11501	80009864	484d	c.li	x16,19	 x16=0x00000013
      116015000	     11502	80009866	c991	c.beqz	x11,8000987a	 x11:0x00000800
      116025000	     11503	80009868	0031b2b3	sltu	x5,x3,x3	  x3:0x4899185c  x3:0x4899185c  x5=0x00000000
      116035000	     11504	8000986c	4107d493	srai	x9,x15,0x10	 x15:0xe19cf855  x9=0xffffe19c
      116045000	     11505	80009870	003cb6b3	sltu	x13,x25,x3	 x25:0x80025ce4  x3:0x4899185c x13=0x00000000
      116055000	     11506	80009874	8c91	c.sub	x9,x12	  x9:0xffffe19c x12:0x8000029a  x9=0x7fffdf02
      116065000	     11507	80009876	001ed4b3	srl	x9,x29,x1	 x29:0x00000001  x1:0x00000001  x9=0x00000000
      116075000	     11508	8000987a	014ded33	or	x26,x27,x20	 x27:0x80000000 x20:0x00000000 x26=0x80000000
      116085000	     11509	8000987e	8e3d	c.xor	x12,x15	 x12:0x8000029a x15:0xe19cf855 x12=0x619cfacf
      116095000	     11510	80009880	00e69763	bne	x13,x14,8000988e	 x13:0x00000000 x14:0x00000000
      116465000	     11547	80009884	035d45b3	div	x11,x26,x21	 x26:0x80000000 x21:0xe19cffff x11=0x00000004
      116475000	     11548	80009888	6e4d	c.lui	x28,0x13	 x28=0x00013000
      116485000	     11549	8000988a	97ae	c.add	x15,x11	 x15:0xe19cf855 x11:0x00000004 x15=0xe19cf859
      116495000	     11550	8000988c	9f42	c.add	x30,x16	 x30:0x00000000 x16:0x00000013 x30=0x00000013
      116505000	     11551	8000988e	9b52	c.add	x22,x20	 x22:0xffffffff x20:0x00000000 x22=0xffffffff
      116515000	     11552	80009890	81c1	c.srli	x11,0x10	 x11:0x00000004 x11=0x00000000
      116525000	     11553	80009892	021a7363	bgeu	x20,x1,800098b8	 x20:0x00000000  x1:0x00000001
      116535000	     11554	80009896	8a69	c.andi	x12,26	 x12:0x619cfacf x12=0x0000000a
      116545000	     11555	80009898	8b7e5797	auipc	x15,0x8b7e5	 x15=0x0b7ee898
      116555000	     11556	8000989c	f3a6ca37	lui	x20,0xf3a6c	 x20=0xf3a6c000
      116565000	     11557	800098a0	0abd	c.addi	x21,15	 x21:0xe19cffff x21=0xe19d000e
      116575000	     11558	800098a2	8a197d13	andi	x26,x18,-1887	 x18:0xb5d46de0 x26=0xb5d468a0
      116585000	     11559	800098a6	0265c963	blt	x11,x6,800098d8	 x11:0x00000000  x6:0xf8000000
      116595000	     11560	800098aa	005b4633	xor	x12,x22,x5	 x22:0xffffffff  x5:0x00000000 x12=0xffffffff
      116605000	     11561	800098ae	f66d01b7	lui	x3,0xf66d0	  x3=0xf66d0000
      116645000	     11565	800098b2	02ebb033	mulhu	x0,x23,x14	 x23:0xe19cffff x14:0x00000000  x0=0x00000000
      116655000	     11566	800098b6	9676	c.add	x12,x29	 x12:0xffffffff x29:0x00000001 x12=0x00000000
      116665000	     11567	800098b8	008ce2b3	or	x5,x25,x8	 x25:0x80025ce4  x8:0x80000211  x5=0x80025ef5
      116675000	     11568	800098bc	8c7d	c.and	x8,x15	  x8:0x80000211 x15:0x0b7ee898  x8=0x00000010
      117045000	     11605	800098be	0388dbb3	divu	x23,x17,x24	 x17:0x00000000 x24:0x1e630001 x23=0x00000000
      117065000	     11607	800098c2	02c8e1b3	rem	x3,x17,x12	 x17:0x00000000 x12:0x00000000  x3=0x00000000
      117075000	     11608	800098c6	0000100f	fence.i	
      117105000	     11611	800098ca	00b5f263	bgeu	x11,x11,800098ce	 x11:0x00000000 x11:0x00000000
      117135000	     11614	800098ce	0192ec33	or	x24,x5,x25	  x5:0x80025ef5 x25:0x80025ce4 x24=0x80025ef5
      117145000	     11615	800098d2	0091ef33	or	x30,x3,x9	  x3:0x00000000  x9:0x00000000 x30=0x00000000
      117155000	     11616	800098d6	0001	c.addi	x0,0	  x0:0x00000000  x0=0x00000000
      117165000	     11617	800098d8	0000100f	fence.i	
      117185000	     11619	800098dc	8bd9	c.andi	x15,22	 x15:0x0b7ee898 x15=0x00000010
      117195000	     11620	800098de	f63e9d37	lui	x26,0xf63e9	 x26=0xf63e9000
      117205000	     11621	800098e2	6111	c.addi16sp	x2,256	  x2:0x00000001  x2=0x00000101
      117215000	     11622	800098e4	8911	c.andi	x10,4	 x10:0x00000000 x10=0x00000000
      117225000	     11623	800098e6	00948233	add	x4,x9,x9	  x9:0x00000000  x9:0x00000000  x4=0x00000000
      117235000	     11624	800098ea	8eae	c.mv	x29,x11	  x0:0x00000000 x11:0x00000000 x29=0x00000000
      117245000	     11625	800098ec	09c45617	auipc	x12,0x9c45	 x12=0x89c4e8ec
      117255000	     11626	800098f0	29ad9717	auipc	x14,0x29ad9	 x14=0xa9ae28f0
      117265000	     11627	800098f4	03527b63	bgeu	x4,x21,8000992a	  x4:0x00000000 x21:0xe19d000e
      117275000	     11628	800098f8	3dd22c13	slti	x24,x4,989	  x4:0x00000000 x24=0x00000001
      117285000	     11629	800098fc	00b49d13	slli	x26,x9,0xb	  x9:0x00000000 x26=0x00000000
      117295000	     11630	80009900	08220113	addi	x2,x4,130	  x4:0x00000000  x2=0x00000082
      117305000	     11631	80009904	8ca1	c.xor	x9,x8	  x9:0x00000000  x8:0x00000010  x9=0x00000010
      117315000	     11632	80009906	6969	c.lui	x18,0x1a	 x18=0x0001a000
      117325000	     11633	80009908	28c0c613	xori	x12,x1,652	  x1:0x00000001 x12=0x0000028d
      117335000	     11634	8000990c	008bc463	blt	x23,x8,80009914	 x23:0x00000000  x8:0x00000010
      117715000	     11672	80009914	028e57b3	divu	x15,x28,x8	 x28:0x00013000  x8:0x00000010 x15=0x00001300
      117725000	     11673	80009918	00921113	slli	x2,x4,0x9	  x4:0x00000000  x2=0x00000000
      117745000	     11675	8000991c	0223fb33	remu	x22,x7,x2	  x7:0x00000000  x2:0x00000000 x22=0x00000000
      117755000	     11676	80009920	00919d13	slli	x26,x3,0x9	  x3:0x00000000 x26=0x00000000
      117765000	     11677	80009924	8dc1	c.or	x11,x8	 x11:0x00000000  x8:0x00000010 x11=0x00000010
      117775000	     11678	80009926	0109d233	srl	x4,x19,x16	 x19:0x80021e44 x16:0x00000013  x4=0x00001000
      117815000	     11682	8000992a	035592b3	mulh	x5,x11,x21	 x11:0x00000010 x21:0xe19d000e  x5=0xfffffffe
      117825000	     11683	8000992e	13aed0b7	lui	x1,0x13aed	  x1=0x13aed000
      117835000	     11684	80009932	e7030013	addi	x0,x6,-400	  x6:0xf8000000  x0=0x00000000
      117845000	     11685	80009936	8619	c.srai	x12,0x6	 x12:0x0000028d x12=0x0000000a
      117855000	     11686	80009938	cd99	c.beqz	x11,80009956	 x11:0x00000010
      117875000	     11688	8000993a	03175bb3	divu	x23,x14,x17	 x14:0xa9ae28f0 x17:0x00000000 x23=0xffffffff
      117885000	     11689	8000993e	098c	c.addi4spn	x11,x2,208	 x11=0x000000d0
      117895000	     11690	80009940	0001	c.addi	x0,0	  x0:0x00000000  x0=0x00000000
      117905000	     11691	80009942	ec19	c.bnez	x8,80009960	  x8:0x00000010
      117925000	     11693	80009960	65365817	auipc	x16,0x65365	 x16=0xe536e960
      117935000	     11694	80009964	e221	c.bnez	x12,800099a4	 x12:0x0000000a
      117955000	     11696	800099a4	cd9d	c.beqz	x11,800099e2	 x11:0x000000d0
      117965000	     11697	800099a6	eb09	c.bnez	x14,800099b8	 x14:0xa9ae28f0
      117985000	     11699	800099b8	00745f13	srli	x30,x8,0x7	  x8:0x00000010 x30=0x00000000
      117995000	     11700	800099bc	8791	c.srai	x15,0x4	 x15:0x00001300 x15=0x00000130
      118365000	     11737	800099be	0326f833	remu	x16,x13,x18	 x13:0x00000000 x18:0x0001a000 x16=0x00000000
      118375000	     11738	800099c2	8ee9	c.and	x13,x10	 x13:0x00000000 x10:0x00000000 x13=0x00000000
      118385000	     11739	800099c4	00addc33	srl	x24,x27,x10	 x27:0x80000000 x10:0x00000000 x24=0x80000000
      118395000	     11740	800099c8	8491	c.srai	x9,0x4	  x9:0x00000010  x9=0x00000001
      118405000	     11741	800099ca	0f45	c.addi	x30,17	 x30:0x00000000 x30=0x00000011
      118415000	     11742	800099cc	00ce5333	srl	x6,x28,x12	 x28:0x00013000 x12:0x0000000a  x6=0x0000004c
      118425000	     11743	800099d0	9926	c.add	x18,x9	 x18:0x0001a000  x9:0x00000001 x18=0x0001a001
      118435000	     11744	800099d2	407a5813	srai	x16,x20,0x7	 x20:0xf3a6c000 x16=0xffe74d80
      118445000	     11745	800099d6	0000100f	fence.i	
      118475000	     11748	800099da	bb59b313	sltiu	x6,x19,-1099	 x19:0x80021e44  x6=0x00000001
      118485000	     11749	800099de	008b9913	slli	x18,x23,0x8	 x23:0xffffffff x18=0xffffff00
      118495000	     11750	800099e2	2dbb3413	sltiu	x8,x22,731	 x22:0x00000000  x8=0x00000001
      118505000	     11751	800099e6	15fd	c.addi	x11,-1	 x11:0x000000d0 x11=0x000000cf
      118515000	     11752	800099e8	0e80	c.addi4spn	x8,x2,848	  x8=0x00000350
      118525000	     11753	800099ea	01e25f63	bge	x4,x30,80009a08	  x4:0x00001000 x30:0x00000011
      118545000	     11755	80009a08	6c65	c.lui	x24,0x19	 x24=0x00019000
      118555000	     11756	80009a0a	41900c33	sub	x24,x0,x25	  x0:0x00000000 x25:0x80025ce4 x24=0x7ffda31c
      118565000	     11757	80009a0e	40a15533	sra	x10,x2,x10	  x2:0x00000000 x10:0x00000000 x10=0x00000000
      118575000	     11758	80009a12	0001	c.addi	x0,0	  x0:0x00000000  x0=0x00000000
      118585000	     11759	80009a14	038c	c.addi4spn	x11,x2,448	 x11=0x000001c0
      118595000	     11760	80009a16	8785	c.srai	x15,0x1	 x15:0x00000130 x15=0x00000098
      118605000	     11761	80009a18	8e5d	c.or	x12,x15	 x12:0x0000000a x15:0x00000098 x12=0x0000009a
      118615000	     11762	80009a1a	88dc4613	xori	x12,x24,-1907	 x24:0x7ffda31c x12=0x80025b91
      118625000	     11763	80009a1e	68e9	c.lui	x17,0x1a	 x17=0x0001a000
      118635000	     11764	80009a20	00e40563	beq	x8,x14,80009a2a	  x8:0x00000350 x14:0xa9ae28f0
      119005000	     11801	80009a24	03ffd733	divu	x14,x31,x31	 x31:0x000045f0 x31:0x000045f0 x14=0x00000001
      119015000	     11802	80009a28	85c6	c.mv	x11,x17	  x0:0x00000000 x17:0x0001a000 x11=0x0001a000
      119025000	     11803	80009a2a	407f5893	srai	x17,x30,0x7	 x30:0x00000011 x17=0x00000000
      119065000	     11807	80009a2e	027f9a33	mulh	x20,x31,x7	 x31:0x000045f0  x7:0x00000000 x20=0x00000000
      119075000	     11808	80009a32	003b4a93	xori	x21,x22,3	 x22:0x00000000 x21=0x00000003
      119085000	     11809	80009a36	0c42	c.slli	x24,0x10	 x24:0x7ffda31c x24=0xa31c0000
      119095000	     11810	80009a38	00f53733	sltu	x14,x10,x15	 x10:0x00000000 x15:0x00000098 x14=0x00000001
      119105000	     11811	80009a3c	009bc333	xor	x6,x23,x9	 x23:0xffffffff  x9:0x00000001  x6=0xfffffffe
      119115000	     11812	80009a40	8d68af37	lui	x30,0x8d68a	 x30=0x8d68a000
      119155000	     11816	80009a44	03851d33	mulh	x26,x10,x24	 x10:0x00000000 x24:0xa31c0000 x26=0x00000000
      119195000	     11820	80009a48	031ab533	mulhu	x10,x21,x17	 x21:0x00000003 x17:0x00000000 x10=0x00000000
      119205000	     11821	80009a4c	1e94	c.addi4spn	x13,x2,880	 x13=0x00000370
      119215000	     11822	80009a4e	012b1293	slli	x5,x22,0x12	 x22:0x00000000  x5=0x00000000
      119225000	     11823	80009a52	411e0633	sub	x12,x28,x17	 x28:0x00013000 x17:0x00000000 x12=0x00013000
      119235000	     11824	80009a56	0ff0000f	fence	iorw,iorw	
      119245000	     11825	80009a5a	e30d	c.bnez	x14,80009a7c	 x14:0x00000001
      119625000	     11863	80009a7c	02bce6b3	rem	x13,x25,x11	 x25:0x80025ce4 x11:0x0001a000 x13=0xffff3ce4
      119635000	     11864	80009a80	40b25813	srai	x16,x4,0xb	  x4:0x00001000 x16=0x00000002
      119675000	     11868	80009a84	03809d33	mulh	x26,x1,x24	  x1:0x13aed000 x24:0xa31c0000 x26=0xf8dba58e
      119685000	     11869	80009a88	01ddae33	slt	x28,x27,x29	 x27:0x80000000 x29:0x00000000 x28=0x00000001
      119695000	     11870	80009a8c	007c91b3	sll	x3,x25,x7	 x25:0x80025ce4  x7:0x00000000  x3=0x80025ce4
      119705000	     11871	80009a90	4062dbb3	sra	x23,x5,x6	  x5:0x00000000  x6:0xfffffffe x23=0x00000000
      119745000	     11875	80009a94	02cf1533	mulh	x10,x30,x12	 x30:0x8d68a000 x12:0x00013000 x10=0xffff77ec
      119755000	     11876	80009a98	0086	c.slli	x1,0x1	  x1:0x13aed000  x1=0x275da000
      120125000	     11913	80009a9a	03a3ebb3	rem	x23,x7,x26	  x7:0x00000000 x26:0xf8dba58e x23=0x00000000
      120135000	     11914	80009a9e	e881	c.bnez	x9,80009aae	  x9:0x00000001
      120165000	     11917	80009aae	012baa33	slt	x20,x23,x18	 x23:0x00000000 x18:0xffffff00 x20=0x00000000
      120175000	     11918	80009ab2	97ae	c.add	x15,x11	 x15:0x00000098 x11:0x0001a000 x15=0x0001a098
      120185000	     11919	80009ab4	006fdb13	srli	x22,x31,0x6	 x31:0x000045f0 x22=0x00000117
      120225000	     11923	80009ab8	03433c33	mulhu	x24,x6,x20	  x6:0xfffffffe x20:0x00000000 x24=0x00000000
      120235000	     11924	80009abc	0001	c.addi	x0,0	  x0:0x00000000  x0=0x00000000
      120245000	     11925	80009abe	0184	c.addi4spn	x9,x2,192	  x9=0x000000c0
      120275000	     11928	80009ac0	026c8ab3	mul	x21,x25,x6	 x25:0x80025ce4  x6:0xfffffffe x21=0xfffb4638
      120285000	     11929	80009ac4	0048d493	srli	x9,x17,0x4	 x17:0x00000000  x9=0x00000000
      120295000	     11930	80009ac8	f1ca5d17	auipc	x26,0xf1ca5	 x26=0x71caeac8
      120305000	     11931	80009acc	01603333	sltu	x6,x0,x22	  x0:0x00000000 x22:0x00000117  x6=0x00000001
      120315000	     11932	80009ad0	0001	c.addi	x0,0	  x0:0x00000000  x0=0x00000000
      120325000	     11933	80009ad2	8eb9	c.xor	x13,x14	 x13:0xffff3ce4 x14:0x00000001 x13=0xffff3ce5
      120335000	     11934	80009ad4	55458037	lui	x0,0x55458	  x0=0x00000000
      120345000	     11935	80009ad8	0172f533	and	x10,x5,x23	  x5:0x00000000 x23:0x00000000 x10=0x00000000
      120355000	     11936	80009adc	00f26d63	bltu	x4,x15,80009af6	  x4:0x00001000 x15:0x0001a098
      120745000	     11975	80009af6	0351e233	rem	x4,x3,x21	  x3:0x80025ce4 x21:0xfffb4638  x4=0xfffdb24c
      120785000	     11979	80009afa	0354ae33	mulhsu	x28,x9,x21	  x9:0x00000000 x21:0xfffb4638 x28=0x00000000
      120795000	     11980	80009afe	0222fb63	bgeu	x5,x2,80009b34	  x5:0x00000000  x2:0x00000000
      120815000	     11982	80009b34	024b1763	bne	x22,x4,80009b62	 x22:0x00000117  x4:0xfffdb24c
      120845000	     11985	80009b62	0045f6b3	and	x13,x11,x4	 x11:0x0001a000  x4:0xfffdb24c x13=0x0001a000
      120855000	     11986	80009b66	6141	c.addi16sp	x2,16	  x2:0x00000000  x2=0x00000010
      120865000	     11987	80009b68	01bc46b3	xor	x13,x24,x27	 x24:0x00000000 x27:0x80000000 x13=0x80000000
      120905000	     11991	80009b6c	022436b3	mulhu	x13,x8,x2	  x8:0x00000350  x2:0x00000010 x13=0x00000000
      121275000	     12028	80009b70	030446b3	div	x13,x8,x16	  x8:0x00000350 x16:0x00000002 x13=0x000001a8
      121295000	     12030	80009b74	0293cfb3	div	x31,x7,x9	  x7:0x00000000  x9:0x00000000 x31=0xffffffff
      121305000	     12031	80009b78	049e	c.slli	x9,0x7	  x9:0x00000000  x9=0x00000000
      121315000	     12032	80009b7a	23994313	xori	x6,x18,569	 x18:0xffffff00  x6=0xfffffd39
      121325000	     12033	80009b7e	ce077497	auipc	x9,0xce077	  x9=0x4e080b7e
      121335000	     12034	80009b82	8d41	c.or	x10,x8	 x10:0x00000000  x8:0x00000350 x10=0x00000350
      121345000	     12035	80009b84	aadc8113	addi	x2,x25,-1363	 x25:0x80025ce4  x2=0x80025791
      121355000	     12036	80009b88	cd1d	c.beqz	x10,80009bc6	 x10:0x00000350
      121365000	     12037	80009b8a	24234a93	xori	x21,x6,578	  x6:0xfffffd39 x21=0xffffff7b
      121375000	     12038	80009b8e	4128d693	srai	x13,x17,0x12	 x17:0x00000000 x13=0x00000000
      121385000	     12039	80009b92	01706d33	or	x26,x0,x23	  x0:0x00000000 x23:0x00000000 x26=0x00000000
      121395000	     12040	80009b96	8e0d	c.sub	x12,x11	 x12:0x00013000 x11:0x0001a000 x12=0xffff9000
      121405000	     12041	80009b98	04868063	beq	x13,x8,80009bd8	 x13:0x00000000  x8:0x00000350
      121415000	     12042	80009b9c	717d	c.addi16sp	x2,-16	  x2:0x80025791  x2=0x80025781
      121425000	     12043	80009b9e	00851bb3	sll	x23,x10,x8	 x10:0x00000350  x8:0x00000350 x23=0x03500000
      121435000	     12044	80009ba2	40e45793	srai	x15,x8,0xe	  x8:0x00000350 x15=0x00000000
      121445000	     12045	80009ba6	308b3593	sltiu	x11,x22,776	 x22:0x00000117 x11=0x00000001
      121455000	     12046	80009baa	01896133	or	x2,x18,x24	 x18:0xffffff00 x24:0x00000000  x2=0xffffff00
      121465000	     12047	80009bae	bea83813	sltiu	x16,x16,-1046	 x16:0x00000002 x16=0x00000001
      121475000	     12048	80009bb2	e0218a13	addi	x20,x3,-510	  x3:0x80025ce4 x20=0x80025ae6
      121845000	     12085	80009bb6	02216233	rem	x4,x2,x2	  x2:0xffffff00  x2:0xffffff00  x4=0x00000000
      121855000	     12086	80009bba	f46c1e17	auipc	x28,0xf46c1	 x28=0x746cabba
      121865000	     12087	80009bbe	00049733	sll	x14,x9,x0	  x9:0x4e080b7e  x0:0x00000000 x14=0x4e080b7e
      121875000	     12088	80009bc2	587d	c.li	x16,-1	 x16=0xffffffff
      121885000	     12089	80009bc4	8ed1	c.or	x13,x12	 x13:0x00000000 x12:0xffff9000 x13=0xffff9000
      121895000	     12090	80009bc6	00353733	sltu	x14,x10,x3	 x10:0x00000350  x3:0x80025ce4 x14=0x00000001
      121905000	     12091	80009bca	717d	c.addi16sp	x2,-16	  x2:0xffffff00  x2=0xfffffef0
      121915000	     12092	80009bcc	00f5ebb7	lui	x23,0xf5e	 x23=0x00f5e000
      121925000	     12093	80009bd0	40de5013	srai	x0,x28,0xd	 x28:0x746cabba  x0=0x00000000
      121935000	     12094	80009bd4	6171	c.addi16sp	x2,336	  x2:0xfffffef0  x2=0x00000040
      121945000	     12095	80009bd6	0990	c.addi4spn	x12,x2,208	 x12=0x00000110
      121955000	     12096	80009bd8	0047d1b3	srl	x3,x15,x4	 x15:0x00000000  x4:0x00000000  x3=0x00000000
      121965000	     12097	80009bdc	0507c163	blt	x15,x16,80009c1e	 x15:0x00000000 x16:0xffffffff
      121975000	     12098	80009be0	8d31	c.xor	x10,x12	 x10:0x00000350 x12:0x00000110 x10=0x00000240
      122345000	     12135	80009be2	03bd4233	div	x4,x26,x27	 x26:0x00000000 x27:0x80000000  x4=0x00000000
      122355000	     12136	80009be6	4feb0413	addi	x8,x22,1278	 x22:0x00000117  x8=0x00000615
      122365000	     12137	80009bea	017c5e13	srli	x28,x24,0x17	 x24:0x00000000 x28=0x00000000
      122375000	     12138	80009bee	03af6a63	bltu	x30,x26,80009c22	 x30:0x8d68a000 x26:0x00000000
      122385000	     12139	80009bf2	e53842b7	lui	x5,0xe5384	  x5=0xe5384000
      122395000	     12140	80009bf6	02b21f63	bne	x4,x11,80009c34	  x4:0x00000000 x11:0x00000001
      122415000	     12142	80009c34	0001	c.addi	x0,0	  x0:0x00000000  x0=0x00000000
      122455000	     12146	80009c36	02872533	mulhsu	x10,x14,x8	 x14:0x00000001  x8:0x00000615 x10=0x00000000
      122465000	     12147	80009c3a	8a42	c.mv	x20,x16	  x0:0x00000000 x16:0xffffffff x20=0xffffffff
      122475000	     12148	80009c3c	03915d63	bge	x2,x25,80009c76	  x2:0x00000040 x25:0x80025ce4
      122525000	     12153	80009c76	02b78033	mul	x0,x15,x11	 x15:0x00000000 x11:0x00000001  x0=0x00000000
      122535000	     12154	80009c7a	0580	c.addi4spn	x8,x2,704	  x8=0x00000300
      122545000	     12155	80009c7c	882a	c.mv	x16,x10	  x0:0x00000000 x10:0x00000000 x16=0x00000000
      122555000	     12156	80009c7e	012a9a33	sll	x20,x21,x18	 x21:0xffffff7b x18:0xffffff00 x20=0xffffff7b
      122565000	     12157	80009c82	0264f363	bgeu	x9,x6,80009ca8	  x9:0x4e080b7e  x6:0xfffffd39
      122575000	     12158	80009c86	41bfd813	srai	x16,x31,0x1b	 x31:0xffffffff x16=0xffffffff
      122585000	     12159	80009c8a	e2666413	ori	x8,x12,-474	 x12:0x00000110  x8=0xffffff36
      122595000	     12160	80009c8e	0001	c.addi	x0,0	  x0:0x00000000  x0=0x00000000
      122605000	     12161	80009c90	01ebdc13	srli	x24,x23,0x1e	 x23:0x00f5e000 x24=0x00000000
      122975000	     12198	80009c94	03457eb3	remu	x29,x10,x20	 x10:0x00000000 x20:0xffffff7b x29=0x00000000
      122995000	     12200	80009c98	02075433	divu	x8,x14,x0	 x14:0x00000001  x0:0x00000000  x8=0xffffffff
      123005000	     12201	80009c9c	01060e63	beq	x12,x16,80009cb8	 x12:0x00000110 x16:0xffffffff
      123015000	     12202	80009ca0	043ee063	bltu	x29,x3,80009ce0	 x29:0x00000000  x3:0x00000000
      123025000	     12203	80009ca4	0001	c.addi	x0,0	  x0:0x00000000  x0=0x00000000
      123035000	     12204	80009ca6	8199	c.srli	x11,0x6	 x11:0x00000001 x11=0x00000000
      123045000	     12205	80009ca8	86ed	c.srai	x13,0x1b	 x13:0xffff9000 x13=0xffffffff
      123055000	     12206	80009caa	85102ab7	lui	x21,0x85102	 x21=0x85102000
      123065000	     12207	80009cae	32d31e97	auipc	x29,0x32d31	 x29=0xb2d3acae
      123075000	     12208	80009cb2	0780	c.addi4spn	x8,x2,960	  x8=0x00000400
      123085000	     12209	80009cb4	03324163	blt	x4,x19,80009cd6	  x4:0x00000000 x19:0x80021e44
      123455000	     12246	80009cb8	021bc2b3	div	x5,x23,x1	 x23:0x00f5e000  x1:0x275da000  x5=0x00000000
      123465000	     12247	80009cbc	024b7663	bgeu	x22,x4,80009ce8	 x22:0x00000117  x4:0x00000000
      123485000	     12249	80009ce8	c61d	c.beqz	x12,80009d16	 x12:0x00000110
      123515000	     12252	80009cea	02330933	mul	x18,x6,x3	  x6:0xfffffd39  x3:0x00000000 x18=0x00000000
      123525000	     12253	80009cee	8d0d	c.sub	x10,x11	 x10:0x00000000 x11:0x00000000 x10=0x00000000
      123895000	     12290	80009cf0	02d455b3	divu	x11,x8,x13	  x8:0x00000400 x13:0xffffffff x11=0x00000000
      123905000	     12291	80009cf4	8af5	c.andi	x13,29	 x13:0xffffffff x13=0x0000001d
      123915000	     12292	80009cf6	29957593	andi	x11,x10,665	 x10:0x00000000 x11=0x00000000
      123925000	     12293	80009cfa	0001	c.addi	x0,0	  x0:0x00000000  x0=0x00000000
      123935000	     12294	80009cfc	0001	c.addi	x0,0	  x0:0x00000000  x0=0x00000000
      123945000	     12295	80009cfe	8a0a7b93	andi	x23,x20,-1888	 x20:0xffffff7b x23=0xfffff820
      123955000	     12296	80009d02	41ee02b3	sub	x5,x28,x30	 x28:0x00000000 x30:0x8d68a000  x5=0x72976000
      123965000	     12297	80009d06	921fe693	ori	x13,x31,-1759	 x31:0xffffffff x13=0xffffffff
      124005000	     12301	80009d0a	023e3c33	mulhu	x24,x28,x3	 x28:0x00000000  x3:0x00000000 x24=0x00000000
      124015000	     12302	80009d0e	8f6a	c.mv	x30,x26	  x0:0x00000000 x26:0x00000000 x30=0x00000000
      124025000	     12303	80009d10	01209363	bne	x1,x18,80009d16	  x1:0x275da000 x18:0x00000000
      124045000	     12305	80009d16	6141	c.addi16sp	x2,16	  x2:0x00000040  x2=0x00000050
      124055000	     12306	80009d18	01f74f63	blt	x14,x31,80009d36	 x14:0x00000001 x31:0xffffffff
      124065000	     12307	80009d1c	0000100f	fence.i	
      124085000	     12309	80009d20	e333ba13	sltiu	x20,x7,-461	  x7:0x00000000 x20=0x00000001
      124095000	     12310	80009d24	00b4beb3	sltu	x29,x9,x11	  x9:0x4e080b7e x11:0x00000000 x29=0x00000000
      124105000	     12311	80009d28	034d	c.addi	x6,19	  x6:0xfffffd39  x6=0xfffffd4c
      124115000	     12312	80009d2a	419e8333	sub	x6,x29,x25	 x29:0x00000000 x25:0x80025ce4  x6=0x7ffda31c
      124125000	     12313	80009d2e	617d	c.addi16sp	x2,496	  x2:0x00000050  x2=0x00000240
      124495000	     12350	80009d30	03bfcc33	div	x24,x31,x27	 x31:0xffffffff x27:0x80000000 x24=0x00000000
      124505000	     12351	80009d34	8969	c.andi	x10,26	 x10:0x00000000 x10=0x00000000
      124525000	     12353	80009d36	03e8e433	rem	x8,x17,x30	 x17:0x00000000 x30:0x00000000  x8=0x00000000
      124535000	     12354	80009d3a	01b44863	blt	x8,x27,80009d4a	  x8:0x00000000 x27:0x80000000
      124545000	     12355	80009d3e	00dcf4b3	and	x9,x25,x13	 x25:0x80025ce4 x13:0xffffffff  x9=0x80025ce4
      124555000	     12356	80009d42	1c18	c.addi4spn	x14,x2,560	 x14=0x00000470
      124565000	     12357	80009d44	0176f333	and	x6,x13,x23	 x13:0xffffffff x23:0xfffff820  x6=0xfffff820
      124575000	     12358	80009d48	8c91	c.sub	x9,x12	  x9:0x80025ce4 x12:0x00000110  x9=0x80025bd4
      124585000	     12359	80009d4a	025ca393	slti	x7,x25,37	 x25:0x80025ce4  x7=0x00000001
      124595000	     12360	80009d4e	8ce1	c.and	x9,x8	  x9:0x80025bd4  x8:0x00000000  x9=0x00000000
      124635000	     12364	80009d50	02889a33	mulh	x20,x17,x8	 x17:0x00000000  x8:0x00000000 x20=0x00000000
      124645000	     12365	80009d54	9465c293	xori	x5,x11,-1722	 x11:0x00000000  x5=0xfffff946
      124655000	     12366	80009d58	1736c793	xori	x15,x13,371	 x13:0xffffffff x15=0xfffffe8c
      124665000	     12367	80009d5c	025a0963	beq	x20,x5,80009d8e	 x20:0x00000000  x5:0xfffff946
      124675000	     12368	80009d60	0ff0000f	fence	iorw,iorw	
      124685000	     12369	80009d64	40c95833	sra	x16,x18,x12	 x18:0x00000000 x12:0x00000110 x16=0x00000000
      124695000	     12370	80009d68	01ab5eb3	srl	x29,x22,x26	 x22:0x00000117 x26:0x00000000 x29=0x00000117
      124705000	     12371	80009d6c	6e5c1817	auipc	x16,0x6e5c1	 x16=0xee5cad6c
      124715000	     12372	80009d70	0001	c.addi	x0,0	  x0:0x00000000  x0=0x00000000
      124725000	     12373	80009d72	1008	c.addi4spn	x10,x2,32	 x10=0x00000260
      124735000	     12374	80009d74	86d1	c.srai	x13,0x14	 x13:0xffffffff x13=0xffffffff
      124745000	     12375	80009d76	011d82b3	add	x5,x27,x17	 x27:0x80000000 x17:0x00000000  x5=0x80000000
      124755000	     12376	80009d7a	ec9d	c.bnez	x9,80009db8	  x9:0x00000000
      124765000	     12377	80009d7c	00f8da33	srl	x20,x17,x15	 x17:0x00000000 x15:0xfffffe8c x20=0x00000000
      124775000	     12378	80009d80	0ff0000f	fence	iorw,iorw	
      124785000	     12379	80009d84	c915	c.beqz	x10,80009db8	 x10:0x00000260
      124795000	     12380	80009d86	0001	c.addi	x0,0	  x0:0x00000000  x0=0x00000000
      124805000	     12381	80009d88	cfede713	ori	x14,x27,-770	 x27:0x80000000 x14=0xfffffcfe
      124815000	     12382	80009d8c	638d	c.lui	x7,0x3	  x7=0x00003000
      125185000	     12419	80009d8e	0227f3b3	remu	x7,x15,x2	 x15:0xfffffe8c  x2:0x00000240  x7=0x000001cc
      125225000	     12423	80009d92	02209033	mulh	x0,x1,x2	  x1:0x275da000  x2:0x00000240  x0=0x00000000
      125235000	     12424	80009d96	8d69	c.and	x10,x10	 x10:0x00000260 x10:0x00000260 x10=0x00000260
      125245000	     12425	80009d98	1e98	c.addi4spn	x14,x2,880	 x14=0x000005b0
      125255000	     12426	80009d9a	00e073b3	and	x7,x0,x14	  x0:0x00000000 x14:0x000005b0  x7=0x00000000
      125265000	     12427	80009d9e	002fe1b3	or	x3,x31,x2	 x31:0xffffffff  x2:0x00000240  x3=0xffffffff
      125275000	     12428	80009da2	0ff0000f	fence	iorw,iorw	
      125295000	     12430	80009da6	02b074b3	remu	x9,x0,x11	  x0:0x00000000 x11:0x00000000  x9=0x00000000
      125305000	     12431	80009daa	0001	c.addi	x0,0	  x0:0x00000000  x0=0x00000000
      125315000	     12432	80009dac	40170c33	sub	x24,x14,x1	 x14:0x000005b0  x1:0x275da000 x24=0xd8a265b0
      125325000	     12433	80009db0	0134f2b3	and	x5,x9,x19	  x9:0x00000000 x19:0x80021e44  x5=0x00000000
      125335000	     12434	80009db4	01b06433	or	x8,x0,x27	  x0:0x00000000 x27:0x80000000  x8=0x80000000
      125345000	     12435	80009db8	01fad663	bge	x21,x31,80009dc4	 x21:0x85102000 x31:0xffffffff
      125355000	     12436	80009dbc	038d7d63	bgeu	x26,x24,80009df6	 x26:0x00000000 x24:0xd8a265b0
      125365000	     12437	80009dc0	00acfa33	and	x20,x25,x10	 x25:0x80025ce4 x10:0x00000260 x20=0x00000060
      125375000	     12438	80009dc4	02e0d563	bge	x1,x14,80009dee	  x1:0x275da000 x14:0x000005b0
      125405000	     12441	80009dee	03ad0a63	beq	x26,x26,80009e22	 x26:0x00000000 x26:0x00000000
      125425000	     12443	80009e22	8e21	c.xor	x12,x8	 x12:0x00000110  x8:0x80000000 x12=0x80000110
      125465000	     12447	80009e24	03ae1333	mulh	x6,x28,x26	 x28:0x00000000 x26:0x00000000  x6=0x00000000
      125475000	     12448	80009e28	6741	c.lui	x14,0x10	 x14=0x00010000
      125485000	     12449	80009e2a	50b825b7	lui	x11,0x50b82	 x11=0x50b82000
      125495000	     12450	80009e2e	01169d13	slli	x26,x13,0x11	 x13:0xffffffff x26=0xfffe0000
      125505000	     12451	80009e32	019bd193	srli	x3,x23,0x19	 x23:0xfffff820  x3=0x0000007f
      125515000	     12452	80009e36	0217fa63	bgeu	x15,x1,80009e6a	 x15:0xfffffe8c  x1:0x275da000
      125545000	     12455	80009e6a	f8f23813	sltiu	x16,x4,-113	  x4:0x00000000 x16=0x00000001
      125555000	     12456	80009e6e	008d3eb3	sltu	x29,x26,x8	 x26:0xfffe0000  x8:0x80000000 x29=0x00000000
      125565000	     12457	80009e72	8331	c.srli	x14,0xc	 x14:0x00010000 x14=0x00000010
      125575000	     12458	80009e74	8c6a	c.mv	x24,x26	  x0:0x00000000 x26:0xfffe0000 x24=0xfffe0000
      125585000	     12459	80009e76	0296	c.slli	x5,0x5	  x5:0x00000000  x5=0x00000000
      125595000	     12460	80009e78	00d99893	slli	x17,x19,0xd	 x19:0x80021e44 x17=0x43c88000
      125625000	     12463	80009e7c	022d8633	mul	x12,x27,x2	 x27:0x80000000  x2:0x00000240 x12=0x00000000
      125635000	     12464	80009e80	0001	c.addi	x0,0	  x0:0x00000000  x0=0x00000000
      125645000	     12465	80009e82	0000100f	fence.i	
      125675000	     12468	80009e86	40af5833	sra	x16,x30,x10	 x30:0x00000000 x10:0x00000260 x16=0x00000000
      125685000	     12469	80009e8a	62e1	c.lui	x5,0x18	  x5=0x00018000
      125695000	     12470	80009e8c	81fa	c.mv	x3,x30	  x0:0x00000000 x30:0x00000000  x3=0x00000000
      125705000	     12471	80009e8e	00cc6333	or	x6,x24,x12	 x24:0xfffe0000 x12:0x00000000  x6=0xfffe0000
      125715000	     12472	80009e92	02a1dd63	bge	x3,x10,80009ecc	  x3:0x00000000 x10:0x00000260
      125725000	     12473	80009e96	bb0761b7	lui	x3,0xbb076	  x3=0xbb076000
      125735000	     12474	80009e9a	108c	c.addi4spn	x11,x2,96	 x11=0x000002a0
      125745000	     12475	80009e9c	8c89	c.sub	x9,x10	  x9:0x00000000 x10:0x00000260  x9=0xfffffda0
      125755000	     12476	80009e9e	72396013	ori	x0,x18,1827	 x18:0x00000000  x0=0x00000000
      126125000	     12513	80009ea2	033df033	remu	x0,x27,x19	 x27:0x80000000 x19:0x80021e44  x0=0x00000000
      126135000	     12514	80009ea6	26b9a237	lui	x4,0x26b9a	  x4=0x26b9a000
      126145000	     12515	80009eaa	0471	c.addi	x8,28	  x8:0x80000000  x8=0x8000001c
      126155000	     12516	80009eac	0188fd33	and	x26,x17,x24	 x17:0x43c88000 x24:0xfffe0000 x26=0x43c80000
      126165000	     12517	80009eb0	86e2	c.mv	x13,x24	  x0:0x00000000 x24:0xfffe0000 x13=0xfffe0000
      126175000	     12518	80009eb2	00635713	srli	x14,x6,0x6	  x6:0xfffe0000 x14=0x03fff800
      126185000	     12519	80009eb6	a81f13b7	lui	x7,0xa81f1	  x7=0xa81f1000
      126555000	     12556	80009eba	0242d3b3	divu	x7,x5,x4	  x5:0x00018000  x4:0x26b9a000  x7=0x00000000
      126565000	     12557	80009ebe	01db9363	bne	x23,x29,80009ec4	 x23:0xfffff820 x29:0x00000000
      126585000	     12559	80009ec4	8dd5	c.or	x11,x13	 x11:0x000002a0 x13:0xfffe0000 x11=0xfffe02a0
      126595000	     12560	80009ec6	987d	c.andi	x8,-1	  x8:0x8000001c  x8=0x8000001c
      126605000	     12561	80009ec8	147d	c.addi	x8,-1	  x8:0x8000001c  x8=0x8000001b
      126615000	     12562	80009eca	8e31	c.xor	x12,x12	 x12:0x00000000 x12:0x00000000 x12=0x00000000
      126625000	     12563	80009ecc	f1a87f13	andi	x30,x16,-230	 x16:0x00000000 x30=0x00000000
      126635000	     12564	80009ed0	04900393	addi	x7,x0,73	  x0:0x00000000  x7=0x00000049
      126675000	     12568	80009ed4	02ec18b3	mulh	x17,x24,x14	 x24:0xfffe0000 x14:0x03fff800 x17=0xfffff800
      126685000	     12569	80009ed8	cebe4913	xori	x18,x28,-789	 x28:0x00000000 x18=0xfffffceb
      126695000	     12570	80009edc	075a	c.slli	x14,0x16	 x14:0x03fff800 x14=0x00000000
      126705000	     12571	80009ede	01037c63	bgeu	x6,x16,80009ef6	  x6:0xfffe0000 x16:0x00000000
      127095000	     12610	80009ef6	0339eab3	rem	x21,x19,x19	 x19:0x80021e44 x19:0x80021e44 x21=0x00000000
      127105000	     12611	80009efa	81b9	c.srli	x11,0xe	 x11:0xfffe02a0 x11=0x0003fff8
      127115000	     12612	80009efc	717d	c.addi16sp	x2,-16	  x2:0x00000240  x2=0x00000230
      127125000	     12613	80009efe	00c1a8b3	slt	x17,x3,x12	  x3:0xbb076000 x12:0x00000000 x17=0x00000001
      127165000	     12617	80009f02	031dbfb3	mulhu	x31,x27,x17	 x27:0x80000000 x17:0x00000001 x31=0x00000000
      127175000	     12618	80009f06	0196c433	xor	x8,x13,x25	 x13:0xfffe0000 x25:0x80025ce4  x8=0x7ffc5ce4
      127185000	     12619	80009f0a	01839d63	bne	x7,x24,80009f24	  x7:0x00000049 x24:0xfffe0000
      127565000	     12657	80009f24	02f17b33	remu	x22,x2,x15	  x2:0x00000230 x15:0xfffffe8c x22=0x00000230
      127575000	     12658	80009f28	6ea1	c.lui	x29,0x8	 x29=0x00008000
      127585000	     12659	80009f2a	8ea5	c.xor	x13,x9	 x13:0xfffe0000  x9:0xfffffda0 x13=0x0001fda0
      127595000	     12660	80009f2c	00440f33	add	x30,x8,x4	  x8:0x7ffc5ce4  x4:0x26b9a000 x30=0xa6b5fce4
      127605000	     12661	80009f30	0c284593	xori	x11,x16,194	 x16:0x00000000 x11=0x000000c2
      127615000	     12662	80009f34	87003a93	sltiu	x21,x0,-1936	  x0:0x00000000 x21=0x00000001
      127625000	     12663	80009f38	8f65	c.and	x14,x9	 x14:0x00000000  x9:0xfffffda0 x14=0x00000000
      127645000	     12665	80009f3a	02e1e0b3	rem	x1,x3,x14	  x3:0xbb076000 x14:0x00000000  x1=0xbb076000
      127655000	     12666	80009f3e	8f4d	c.or	x14,x11	 x14:0x00000000 x11:0x000000c2 x14=0x000000c2
      128025000	     12703	80009f40	03afe6b3	rem	x13,x31,x26	 x31:0x00000000 x26:0x43c80000 x13=0x00000000
      128395000	     12740	80009f44	0326dd33	divu	x26,x13,x18	 x13:0x00000000 x18:0xfffffceb x26=0x00000000
      128435000	     12744	80009f48	035d3533	mulhu	x10,x26,x21	 x26:0x00000000 x21:0x00000001 x10=0x00000000
      128445000	     12745	80009f4c	00f11913	slli	x18,x2,0xf	  x2:0x00000230 x18=0x01180000
      128455000	     12746	80009f50	c89ca393	slti	x7,x25,-887	 x25:0x80025ce4  x7=0x00000001
      128465000	     12747	80009f54	cf9d	c.beqz	x15,80009f92	 x15:0xfffffe8c
      128475000	     12748	80009f56	403cd533	sra	x10,x25,x3	 x25:0x80025ce4  x3:0xbb076000 x10=0x80025ce4
      128485000	     12749	80009f5a	011594b3	sll	x9,x11,x17	 x11:0x000000c2 x17:0x00000001  x9=0x00000184
      128505000	     12751	80009f5e	03a3c233	div	x4,x7,x26	  x7:0x00000001 x26:0x00000000  x4=0xffffffff
      128515000	     12752	80009f62	0093d013	srli	x0,x7,0x9	  x7:0x00000001  x0=0x00000000
      128525000	     12753	80009f66	5d29b793	sltiu	x15,x19,1490	 x19:0x80021e44 x15=0x00000000
      128535000	     12754	80009f6a	8721	c.srai	x14,0x8	 x14:0x000000c2 x14=0x00000000
      128545000	     12755	80009f6c	009252b3	srl	x5,x4,x9	  x4:0xffffffff  x9:0x00000184  x5=0x0fffffff
      128555000	     12756	80009f70	0001	c.addi	x0,0	  x0:0x00000000  x0=0x00000000
      128565000	     12757	80009f72	9842	c.add	x16,x16	 x16:0x00000000 x16:0x00000000 x16=0x00000000
      128575000	     12758	80009f74	407002b3	sub	x5,x0,x7	  x0:0x00000000  x7:0x00000001  x5=0xffffffff
      128615000	     12762	80009f78	02423bb3	mulhu	x23,x4,x4	  x4:0xffffffff  x4:0xffffffff x23=0xfffffffe
      128625000	     12763	80009f7c	8662	c.mv	x12,x24	  x0:0x00000000 x24:0xfffe0000 x12=0xfffe0000
      128635000	     12764	80009f7e	82f5	c.srli	x13,0x1d	 x13:0x00000000 x13=0x00000000
      128645000	     12765	80009f80	0000100f	fence.i	
      128665000	     12767	80009f84	005b5f33	srl	x30,x22,x5	 x22:0x00000230  x5:0xffffffff x30=0x00000000
      128675000	     12768	80009f88	8ab9	c.andi	x13,14	 x13:0x00000000 x13=0x00000000
      128685000	     12769	80009f8a	c68a4b93	xori	x23,x20,-920	 x20:0x00000060 x23=0xfffffc08
      128695000	     12770	80009f8e	be4c3fb7	lui	x31,0xbe4c3	 x31=0xbe4c3000
      128735000	     12774	80009f92	02be2933	mulhsu	x18,x28,x11	 x28:0x00000000 x11:0x000000c2 x18=0x00000000
      128745000	     12775	80009f96	039deb63	bltu	x27,x25,80009fcc	 x27:0x80000000 x25:0x80025ce4
      129125000	     12813	80009fcc	03ddd233	divu	x4,x27,x29	 x27:0x80000000 x29:0x00008000  x4=0x00010000
      129135000	     12814	80009fd0	8d35	c.xor	x10,x13	 x10:0x80025ce4 x13:0x00000000 x10=0x80025ce4
      129175000	     12818	80009fd2	02f3ac33	mulhsu	x24,x7,x15	  x7:0x00000001 x15:0x00000000 x24=0x00000000
      129185000	     12819	80009fd6	4f79	c.li	x30,30	 x30=0x0000001e
      129195000	     12820	80009fd8	84bd	c.srai	x9,0xf	  x9:0x00000184  x9=0x00000000
      129205000	     12821	80009fda	0ff0000f	fence	iorw,iorw	
      129215000	     12822	80009fde	8fd5	c.or	x15,x13	 x15:0x00000000 x13:0x00000000 x15=0x00000000
      129225000	     12823	80009fe0	039be163	bltu	x23,x25,8000a002	 x23:0xfffffc08 x25:0x80025ce4
      129235000	     12824	80009fe4	8c85	c.sub	x9,x9	  x9:0x00000000  x9:0x00000000  x9=0x00000000
      129245000	     12825	80009fe6	21592913	slti	x18,x18,533	 x18:0x00000000 x18=0x00000001
      129255000	     12826	80009fea	8041	c.srli	x8,0x10	  x8:0x7ffc5ce4  x8=0x00007ffc
      129265000	     12827	80009fec	03b45763	bge	x8,x27,8000a01a	  x8:0x00007ffc x27:0x80000000
      129295000	     12830	8000a01a	0169a6b3	slt	x13,x19,x22	 x19:0x80021e44 x22:0x00000230 x13=0x00000001
      129315000	     12832	8000a01e	03017f33	remu	x30,x2,x16	  x2:0x00000230 x16:0x00000000 x30=0x00000230
      129325000	     12833	8000a022	87bd	c.srai	x15,0xf	 x15:0x00000000 x15=0x00000000
      129335000	     12834	8000a024	14fd	c.addi	x9,-1	  x9:0x00000000  x9=0xffffffff
      129345000	     12835	8000a026	6c19c713	xori	x14,x19,1729	 x19:0x80021e44 x14=0x80021885
      129355000	     12836	8000a02a	51344ab7	lui	x21,0x51344	 x21=0x51344000
      129365000	     12837	8000a02e	717d	c.addi16sp	x2,-16	  x2:0x00000230  x2=0x00000220
      129375000	     12838	8000a030	974b2697	auipc	x13,0x974b2	 x13=0x174bc030
      129385000	     12839	8000a034	01c49ab3	sll	x21,x9,x28	  x9:0xffffffff x28:0x00000000 x21=0xffffffff
      129425000	     12843	8000a038	0347aa33	mulhsu	x20,x15,x20	 x15:0x00000000 x20:0x00000060 x20=0x00000000
      129435000	     12844	8000a03c	007ce663	bltu	x25,x7,8000a048	 x25:0x80025ce4  x7:0x00000001
      129805000	     12881	8000a040	027d4bb3	div	x23,x26,x7	 x26:0x00000000  x7:0x00000001 x23=0x00000000
      129815000	     12882	8000a044	01b26633	or	x12,x4,x27	  x4:0x00010000 x27:0x80000000 x12=0x80010000
      129845000	     12885	8000a048	03fd86b3	mul	x13,x27,x31	 x27:0x80000000 x31:0xbe4c3000 x13=0x00000000
      129855000	     12886	8000a04c	40ad5333	sra	x6,x26,x10	 x26:0x00000000 x10:0x80025ce4  x6=0x00000000
      129865000	     12887	8000a050	8ebd	c.xor	x13,x15	 x13:0x00000000 x15:0x00000000 x13=0x00000000
      129875000	     12888	8000a052	017220b3	slt	x1,x4,x23	  x4:0x00010000 x23:0x00000000  x1=0x00000000
      129885000	     12889	8000a056	9f4a	c.add	x30,x18	 x30:0x00000230 x18:0x00000001 x30=0x00000231
      129895000	     12890	8000a058	01ccec33	or	x24,x25,x28	 x25:0x80025ce4 x28:0x00000000 x24=0x80025ce4
      129905000	     12891	8000a05c	01b0c8b3	xor	x17,x1,x27	  x1:0x00000000 x27:0x80000000 x17=0x80000000
      129915000	     12892	8000a060	29efcb93	xori	x23,x31,670	 x31:0xbe4c3000 x23=0xbe4c329e
      129925000	     12893	8000a064	8d8d	c.sub	x11,x11	 x11:0x000000c2 x11:0x000000c2 x11=0x00000000
      129935000	     12894	8000a066	405fd293	srai	x5,x31,0x5	 x31:0xbe4c3000  x5=0xfdf26180
      129945000	     12895	8000a06a	8d9d	c.sub	x11,x15	 x11:0x00000000 x15:0x00000000 x11=0x00000000
      129955000	     12896	8000a06c	0103d263	bge	x7,x16,8000a070	  x7:0x00000001 x16:0x00000000
      129975000	     12898	8000a070	34a64493	xori	x9,x12,842	 x12:0x80010000  x9=0x8001034a
      129985000	     12899	8000a074	613d	c.addi16sp	x2,480	  x2:0x00000220  x2=0x00000400
      129995000	     12900	8000a076	04029263	bne	x5,x0,8000a0ba	  x5:0xfdf26180  x0:0x00000000
      130025000	     12903	8000a0ba	94f58593	addi	x11,x11,-1713	 x11:0x00000000 x11=0xfffff94f
      130035000	     12904	8000a0be	32a74313	xori	x6,x14,810	 x14:0x80021885  x6=0x80021baf
      130075000	     12908	8000a0c2	0327b7b3	mulhu	x15,x15,x18	 x15:0x00000000 x18:0x00000001 x15=0x00000000
      130085000	     12909	8000a0c6	010a1093	slli	x1,x20,0x10	 x20:0x00000000  x1=0x00000000
      130095000	     12910	8000a0ca	0fee	c.slli	x31,0x1b	 x31:0xbe4c3000 x31=0x00000000
      130105000	     12911	8000a0cc	1d7d	c.addi	x26,-1	 x26:0x00000000 x26=0xffffffff
      130115000	     12912	8000a0ce	5bfd	c.li	x23,-1	 x23=0xffffffff
      130125000	     12913	8000a0d0	7986fd13	andi	x26,x13,1944	 x13:0x00000000 x26=0x00000000
      130135000	     12914	8000a0d4	8cf1	c.and	x9,x12	  x9:0x8001034a x12:0x80010000  x9=0x80010000
      130145000	     12915	8000a0d6	cea5d237	lui	x4,0xcea5d	  x4=0xcea5d000
      130155000	     12916	8000a0da	8051	c.srli	x8,0x14	  x8:0x00007ffc  x8=0x00000000
      130525000	     12953	8000a0dc	024bc933	div	x18,x23,x4	 x23:0xffffffff  x4:0xcea5d000 x18=0x00000000
      130535000	     12954	8000a0e0	9e5b2913	slti	x18,x22,-1563	 x22:0x00000230 x18=0x00000000
      130545000	     12955	8000a0e4	0366ea63	bltu	x13,x22,8000a118	 x13:0x00000000 x22:0x00000230
      130565000	     12957	8000a118	17fd	c.addi	x15,-1	 x15:0x00000000 x15=0xffffffff
      130575000	     12958	8000a11a	69b98e17	auipc	x28,0x69b98	 x28=0xe9ba211a
      130585000	     12959	8000a11e	c615	c.beqz	x12,8000a14a	 x12:0x80010000
      130605000	     12961	8000a120	03f4f8b3	remu	x17,x9,x31	  x9:0x80010000 x31:0x00000000 x17=0x80010000
      130645000	     12965	8000a124	03b63633	mulhu	x12,x12,x27	 x12:0x80010000 x27:0x80000000 x12=0x40008000
      130655000	     12966	8000a128	01781493	slli	x9,x16,0x17	 x16:0x00000000  x9=0x00000000
      130665000	     12967	8000a12c	008ce733	or	x14,x25,x8	 x25:0x80025ce4  x8:0x00000000 x14=0x80025ce4
      130675000	     12968	8000a130	00208233	add	x4,x1,x2	  x1:0x00000000  x2:0x00000400  x4=0x00000400
      130685000	     12969	8000a134	928a	c.add	x5,x2	  x5:0xfdf26180  x2:0x00000400  x5=0xfdf26580
      130695000	     12970	8000a136	8ead	c.xor	x13,x11	 x13:0x00000000 x11:0xfffff94f x13=0xfffff94f
      130705000	     12971	8000a138	b78b2813	slti	x16,x22,-1160	 x22:0x00000230 x16=0x00000000
      130715000	     12972	8000a13c	00fd26b3	slt	x13,x26,x15	 x26:0x00000000 x15:0xffffffff x13=0x00000000
      131085000	     13009	8000a140	03cb4433	div	x8,x22,x28	 x22:0x00000230 x28:0xe9ba211a  x8=0x00000000
      131095000	     13010	8000a144	0925	c.addi	x18,9	 x18:0x00000000 x18=0x00000009
      131105000	     13011	8000a146	00258833	add	x16,x11,x2	 x11:0xfffff94f  x2:0x00000400 x16=0xfffffd4f
      131145000	     13015	8000a14a	03bd21b3	mulhsu	x3,x26,x27	 x26:0x00000000 x27:0x80000000  x3=0x00000000
      131155000	     13016	8000a14e	b602a493	slti	x9,x5,-1184	  x5:0xfdf26580  x9=0x00000001
      131165000	     13017	8000a152	cf459f37	lui	x30,0xcf459	 x30=0xcf459000
      131175000	     13018	8000a156	4875	c.li	x16,29	 x16=0x0000001d
      131545000	     13055	8000a158	02594d33	div	x26,x18,x5	 x18:0x00000009  x5:0xfdf26580 x26=0x00000000
      131555000	     13056	8000a15c	1d06e213	ori	x4,x13,464	 x13:0x00000000  x4=0x000001d0
      131565000	     13057	8000a160	cb9d	c.beqz	x15,8000a196	 x15:0xffffffff
      131575000	     13058	8000a162	0001	c.addi	x0,0	  x0:0x00000000  x0=0x00000000
      131585000	     13059	8000a164	6115	c.addi16sp	x2,288	  x2:0x00000400  x2=0x00000520
      131595000	     13060	8000a166	0001	c.addi	x0,0	  x0:0x00000000  x0=0x00000000
      131605000	     13061	8000a168	40d95413	srai	x8,x18,0xd	 x18:0x00000009  x8=0x00000000
      131615000	     13062	8000a16c	b9837e93	andi	x29,x6,-1128	  x6:0x80021baf x29=0x80021b88
      131625000	     13063	8000a170	001ad333	srl	x6,x21,x1	 x21:0xffffffff  x1:0x00000000  x6=0xffffffff
      131645000	     13065	8000a174	03f4e133	rem	x2,x9,x31	  x9:0x00000001 x31:0x00000000  x2=0x00000001
      131655000	     13066	8000a178	00574833	xor	x16,x14,x5	 x14:0x80025ce4  x5:0xfdf26580 x16=0x7df03964
      131665000	     13067	8000a17c	003b1a13	slli	x20,x22,0x3	 x22:0x00000230 x20=0x00001180
      131675000	     13068	8000a180	40ab5d13	srai	x26,x22,0xa	 x22:0x00000230 x26=0x00000000
      131685000	     13069	8000a184	0889d3b7	lui	x7,0x889d	  x7=0x0889d000
      132055000	     13106	8000a188	0226cab3	div	x21,x13,x2	 x13:0x00000000  x2:0x00000001 x21=0x00000000
      132075000	     13108	8000a18c	0356ffb3	remu	x31,x13,x21	 x13:0x00000000 x21:0x00000000 x31=0x00000000
      132085000	     13109	8000a190	c801	c.beqz	x8,8000a1a0	  x8:0x00000000
      132105000	     13111	8000a1a0	13a9f397	auipc	x7,0x13a9f	  x7=0x93aa91a0
      132115000	     13112	8000a1a4	0000100f	fence.i	
      132135000	     13114	8000a1a8	8ccd	c.or	x9,x11	  x9:0x00000001 x11:0xfffff94f  x9=0xfffff94f
      132145000	     13115	8000a1aa	ace3e693	ori	x13,x7,-1330	  x7:0x93aa91a0 x13=0xfffffbee
      132175000	     13118	8000a1ae	022002b3	mul	x5,x0,x2	  x0:0x00000000  x2:0x00000001  x5=0x00000000
      132195000	     13120	8000a1b2	028fd8b3	divu	x17,x31,x8	 x31:0x00000000  x8:0x00000000 x17=0xffffffff
      132205000	     13121	8000a1b6	00e353b3	srl	x7,x6,x14	  x6:0xffffffff x14:0x80025ce4  x7=0x0fffffff
      132215000	     13122	8000a1ba	01302c33	slt	x24,x0,x19	  x0:0x00000000 x19:0x80021e44 x24=0x00000000
      132225000	     13123	8000a1be	01311eb3	sll	x29,x2,x19	  x2:0x00000001 x19:0x80021e44 x29=0x00000010
      132595000	     13160	8000a1c2	02f565b3	rem	x11,x10,x15	 x10:0x80025ce4 x15:0xffffffff x11=0x00000000
      132605000	     13161	8000a1c6	81fd	c.srli	x11,0x1f	 x11:0x00000000 x11=0x00000000
      132615000	     13162	8000a1c8	8611	c.srai	x12,0x4	 x12:0x40008000 x12=0x04000800
      132625000	     13163	8000a1ca	8c41	c.or	x8,x8	  x8:0x00000000  x8:0x00000000  x8=0x00000000
      132635000	     13164	8000a1cc	0001	c.addi	x0,0	  x0:0x00000000  x0=0x00000000
      132645000	     13165	8000a1ce	0001	c.addi	x0,0	  x0:0x00000000  x0=0x00000000
      132675000	     13168	8000a1d0	02d78833	mul	x16,x15,x13	 x15:0xffffffff x13:0xfffffbee x16=0x00000412
      132685000	     13169	8000a1d4	416c0833	sub	x16,x24,x22	 x24:0x00000000 x22:0x00000230 x16=0xfffffdd0
      132695000	     13170	8000a1d8	6b734517	auipc	x10,0x6b734	 x10=0xeb73e1d8
      133065000	     13207	8000a1dc	032b7733	remu	x14,x22,x18	 x22:0x00000230 x18:0x00000009 x14=0x00000002
      133075000	     13208	8000a1e0	03f70263	beq	x14,x31,8000a204	 x14:0x00000002 x31:0x00000000
      133115000	     13212	8000a1e4	025aaa33	mulhsu	x20,x21,x5	 x21:0x00000000  x5:0x00000000 x20=0x00000000
      133125000	     13213	8000a1e8	857d	c.srai	x10,0x1f	 x10:0xeb73e1d8 x10=0xffffffff
      133135000	     13214	8000a1ea	5718d117	auipc	x2,0x5718d	  x2=0xd71971ea
      133145000	     13215	8000a1ee	6105	c.addi16sp	x2,32	  x2:0xd71971ea  x2=0xd719720a
      133155000	     13216	8000a1f0	00c702b3	add	x5,x14,x12	 x14:0x00000002 x12:0x04000800  x5=0x04000802
      133165000	     13217	8000a1f4	99fd	c.andi	x11,-1	 x11:0x00000000 x11=0x00000000
      133535000	     13254	8000a1f6	02fa4033	div	x0,x20,x15	 x20:0x00000000 x15:0xffffffff  x0=0x00000000
      133545000	     13255	8000a1fa	0096	c.slli	x1,0x5	  x1:0x00000000  x1=0x00000000
      133555000	     13256	8000a1fc	4219a313	slti	x6,x19,1057	 x19:0x80021e44  x6=0x00000001
      133565000	     13257	8000a200	00ed1413	slli	x8,x26,0xe	 x26:0x00000000  x8=0x00000000
      133575000	     13258	8000a204	000fa6b3	slt	x13,x31,x0	 x31:0x00000000  x0:0x00000000 x13=0x00000000
      133585000	     13259	8000a208	8f09	c.sub	x14,x10	 x14:0x00000002 x10:0xffffffff x14=0x00000003
      133595000	     13260	8000a20a	01f75193	srli	x3,x14,0x1f	 x14:0x00000003  x3=0x00000000
      133605000	     13261	8000a20e	8331	c.srli	x14,0xc	 x14:0x00000003 x14=0x00000000
      133625000	     13263	8000a210	03fd43b3	div	x7,x26,x31	 x26:0x00000000 x31:0x00000000  x7=0xffffffff
      133635000	     13264	8000a214	88bd	c.andi	x9,15	  x9:0xfffff94f  x9=0x0000000f
      133645000	     13265	8000a216	0000100f	fence.i	
      133705000	     13271	8000a21a	02a12d33	mulhsu	x26,x2,x10	  x2:0xd719720a x10:0xffffffff x26=0xd719720a
      133715000	     13272	8000a21e	0001	c.addi	x0,0	  x0:0x00000000  x0=0x00000000
      133725000	     13273	8000a220	8f51	c.or	x14,x12	 x14:0x00000000 x12:0x04000800 x14=0x04000800
      133765000	     13277	8000a222	029722b3	mulhsu	x5,x14,x9	 x14:0x04000800  x9:0x0000000f  x5=0x00000000
      133775000	     13278	8000a226	974a	c.add	x14,x18	 x14:0x04000800 x18:0x00000009 x14=0x04000809
      133785000	     13279	8000a228	01a8b833	sltu	x16,x17,x26	 x17:0xffffffff x26:0xd719720a x16=0x00000000
      133795000	     13280	8000a22c	012cf633	and	x12,x25,x18	 x25:0x80025ce4 x18:0x00000009 x12=0x00000000
      133835000	     13284	8000a230	03c3ab33	mulhsu	x22,x7,x28	  x7:0xffffffff x28:0xe9ba211a x22=0xffffffff
      133845000	     13285	8000a234	005d9c33	sll	x24,x27,x5	 x27:0x80000000  x5:0x00000000 x24=0x80000000
      133855000	     13286	8000a238	00e31e33	sll	x28,x6,x14	  x6:0x00000001 x14:0x04000809 x28=0x00000200
      133865000	     13287	8000a23c	8ec9	c.or	x13,x10	 x13:0x00000000 x10:0xffffffff x13=0xffffffff
      133875000	     13288	8000a23e	032a	c.slli	x6,0xa	  x6:0x00000001  x6=0x00000400
      133915000	     13292	8000a240	0287b833	mulhu	x16,x15,x8	 x15:0xffffffff  x8:0x00000000 x16=0x00000000
      133955000	     13296	8000a244	02cc94b3	mulh	x9,x25,x12	 x25:0x80025ce4 x12:0x00000000  x9=0x00000000
      133965000	     13297	8000a248	010fd113	srli	x2,x31,0x10	 x31:0x00000000  x2=0x00000000
      134005000	     13301	8000a24c	023690b3	mulh	x1,x13,x3	 x13:0xffffffff  x3:0x00000000  x1=0x00000000
      134015000	     13302	8000a250	0001	c.addi	x0,0	  x0:0x00000000  x0=0x00000000
      134025000	     13303	8000a252	05998063	beq	x19,x25,8000a292	 x19:0x80021e44 x25:0x80025ce4
      134035000	     13304	8000a256	03de	c.slli	x7,0x17	  x7:0xffffffff  x7=0xff800000
      134045000	     13305	8000a258	00fdf633	and	x12,x27,x15	 x27:0x80000000 x15:0xffffffff x12=0x80000000
      134055000	     13306	8000a25c	8ce9	c.and	x9,x10	  x9:0x00000000 x10:0xffffffff  x9=0x00000000
      134075000	     13308	8000a25e	02065d33	divu	x26,x12,x0	 x12:0x80000000  x0:0x00000000 x26=0xffffffff
      134115000	     13312	8000a262	03e89c33	mulh	x24,x17,x30	 x17:0xffffffff x30:0xcf459000 x24=0x00000000
      134125000	     13313	8000a266	61c1	c.lui	x3,0x10	  x3=0x00010000
      134135000	     13314	8000a268	00c69f93	slli	x31,x13,0xc	 x13:0xffffffff x31=0xfffff000
      134145000	     13315	8000a26c	a492fa13	andi	x20,x5,-1463	  x5:0x00000000 x20=0x00000000
      134155000	     13316	8000a270	013c56b3	srl	x13,x24,x19	 x24:0x00000000 x19:0x80021e44 x13=0x00000000
      134165000	     13317	8000a274	005bd833	srl	x16,x23,x5	 x23:0xffffffff  x5:0x00000000 x16=0xffffffff
      134175000	     13318	8000a278	40bfdf93	srai	x31,x31,0xb	 x31:0xfffff000 x31=0xfffffffe
      134185000	     13319	8000a27c	2f025737	lui	x14,0x2f025	 x14=0x2f025000
      134195000	     13320	8000a280	9afd	c.andi	x13,-1	 x13:0x00000000 x13=0x00000000
      134225000	     13323	8000a282	02318933	mul	x18,x3,x3	  x3:0x00010000  x3:0x00010000 x18=0x00000000
      134235000	     13324	8000a286	90cba313	slti	x6,x23,-1780	 x23:0xffffffff  x6=0x00000000
      134245000	     13325	8000a28a	01f53333	sltu	x6,x10,x31	 x10:0xffffffff x31:0xfffffffe  x6=0x00000000
      134255000	     13326	8000a28e	4c59f813	andi	x16,x19,1221	 x19:0x80021e44 x16=0x00000444
      134625000	     13363	8000a292	03bce4b3	rem	x9,x25,x27	 x25:0x80025ce4 x27:0x80000000  x9=0x80025ce4
      134635000	     13364	8000a296	b2427b13	andi	x22,x4,-1244	  x4:0x000001d0 x22=0x00000100
      134645000	     13365	8000a29a	00f3f7b3	and	x15,x7,x15	  x7:0xff800000 x15:0xffffffff x15=0xff800000
      134655000	     13366	8000a29e	8d19	c.sub	x10,x14	 x10:0xffffffff x14:0x2f025000 x10=0xd0fdafff
      134665000	     13367	8000a2a0	6609	c.lui	x12,0x2	 x12=0x00002000
      134675000	     13368	8000a2a2	00e5d813	srli	x16,x11,0xe	 x11:0x00000000 x16=0x00000000
      134685000	     13369	8000a2a6	14fd	c.addi	x9,-1	  x9:0x80025ce4  x9=0x80025ce3
      134695000	     13370	8000a2a8	8c49	c.or	x8,x10	  x8:0x00000000 x10:0xd0fdafff  x8=0xd0fdafff
      135065000	     13407	8000a2aa	03d0e033	rem	x0,x1,x29	  x1:0x00000000 x29:0x00000010  x0=0x00000000
      135075000	     13408	8000a2ae	1b08	c.addi4spn	x10,x2,432	 x10=0x000001b0
      135085000	     13409	8000a2b0	00b37133	and	x2,x6,x11	  x6:0x00000000 x11:0x00000000  x2=0x00000000
      135095000	     13410	8000a2b4	6073fab7	lui	x21,0x6073f	 x21=0x6073f000
      135465000	     13447	8000a2b8	02ccea33	rem	x20,x25,x12	 x25:0x80025ce4 x12:0x00002000 x20=0xfffffce4
      135475000	     13448	8000a2bc	040c1063	bne	x24,x0,8000a2fc	 x24:0x00000000  x0:0x00000000
      135485000	     13449	8000a2c0	e399	c.bnez	x15,8000a2c6	 x15:0xff800000
      135515000	     13452	8000a2c6	0000100f	fence.i	
      135545000	     13455	8000a2ca	00bf5813	srli	x16,x30,0xb	 x30:0xcf459000 x16=0x0019e8b2
      135555000	     13456	8000a2ce	486d	c.li	x16,27	 x16=0x0000001b
      135565000	     13457	8000a2d0	6a7d	c.lui	x20,0x1f	 x20=0x0001f000
      135575000	     13458	8000a2d2	00085863	bge	x16,x0,8000a2e2	 x16:0x0000001b  x0:0x00000000
      135605000	     13461	8000a2e2	01639d13	slli	x26,x7,0x16	  x7:0xff800000 x26=0x00000000
      135615000	     13462	8000a2e6	0162c4b3	xor	x9,x5,x22	  x5:0x00000000 x22:0x00000100  x9=0x00000100
      135625000	     13463	8000a2ea	01c5	c.addi	x3,17	  x3:0x00010000  x3=0x00010011
      135635000	     13464	8000a2ec	4093d8b3	sra	x17,x7,x9	  x7:0xff800000  x9:0x00000100 x17=0xff800000
      135645000	     13465	8000a2f0	001c0933	add	x18,x24,x1	 x24:0x00000000  x1:0x00000000 x18=0x00000000
      135655000	     13466	8000a2f4	04c8e163	bltu	x17,x12,8000a336	 x17:0xff800000 x12:0x00002000
      135665000	     13467	8000a2f8	86a36213	ori	x4,x6,-1942	  x6:0x00000000  x4=0xfffff86a
      135675000	     13468	8000a2fc	dd494813	xori	x16,x18,-556	 x18:0x00000000 x16=0xfffffdd4
      135685000	     13469	8000a300	577d	c.li	x14,-1	 x14=0xffffffff
      135695000	     13470	8000a302	01fc8a33	add	x20,x25,x31	 x25:0x80025ce4 x31:0xfffffffe x20=0x80025ce2
      135705000	     13471	8000a306	528a3113	sltiu	x2,x20,1320	 x20:0x80025ce2  x2=0x00000000
      135715000	     13472	8000a30a	0002fa63	bgeu	x5,x0,8000a31e	  x5:0x00000000  x0:0x00000000
      135745000	     13475	8000a31e	0ff0000f	fence	iorw,iorw	
      135755000	     13476	8000a322	01306a33	or	x20,x0,x19	  x0:0x00000000 x19:0x80021e44 x20=0x80021e44
      135765000	     13477	8000a326	010b4933	xor	x18,x22,x16	 x22:0x00000100 x16:0xfffffdd4 x18=0xfffffcd4
      135775000	     13478	8000a32a	001803b3	add	x7,x16,x1	 x16:0xfffffdd4  x1:0x00000000  x7=0xfffffdd4
      135785000	     13479	8000a32e	02b78663	beq	x15,x11,8000a35a	 x15:0xff800000 x11:0x00000000
      135795000	     13480	8000a332	0041d213	srli	x4,x3,0x4	  x3:0x00010011  x4=0x00001001
      135805000	     13481	8000a336	00b59f13	slli	x30,x11,0xb	 x11:0x00000000 x30=0x00000000
      135815000	     13482	8000a33a	8011	c.srli	x8,0x4	  x8:0xd0fdafff  x8=0x0d0fdaff
      135825000	     13483	8000a33c	01ff6e63	bltu	x30,x31,8000a358	 x30:0x00000000 x31:0xfffffffe
      135845000	     13485	8000a358	cc85	c.beqz	x9,8000a390	  x9:0x00000100
      135855000	     13486	8000a35a	6119	c.addi16sp	x2,384	  x2:0x00000000  x2=0x00000180
      135865000	     13487	8000a35c	00508833	add	x16,x1,x5	  x1:0x00000000  x5:0x00000000 x16=0x00000000
      135875000	     13488	8000a360	0052df13	srli	x30,x5,0x5	  x5:0x00000000 x30=0x00000000
      135885000	     13489	8000a364	0196a233	slt	x4,x13,x25	 x13:0x00000000 x25:0x80025ce4  x4=0x00000000
      135895000	     13490	8000a368	00d60763	beq	x12,x13,8000a376	 x12:0x00002000 x13:0x00000000
      135905000	     13491	8000a36c	0ff0000f	fence	iorw,iorw	
      135915000	     13492	8000a370	5b7d	c.li	x22,-1	 x22=0xffffffff
      135925000	     13493	8000a372	8191	c.srli	x11,0x4	 x11:0x00000000 x11=0x00000000
      135935000	     13494	8000a374	8d31	c.xor	x10,x12	 x10:0x000001b0 x12:0x00002000 x10=0x000021b0
      135945000	     13495	8000a376	813d	c.srli	x10,0xf	 x10:0x000021b0 x10=0x00000000
      136315000	     13532	8000a378	03fc47b3	div	x15,x24,x31	 x24:0x00000000 x31:0xfffffffe x15=0x00000000
      136325000	     13533	8000a37c	069e	c.slli	x13,0x7	 x13:0x00000000 x13=0x00000000
      136335000	     13534	8000a37e	0ff0000f	fence	iorw,iorw	
      136345000	     13535	8000a382	018cc963	blt	x25,x24,8000a394	 x25:0x80025ce4 x24:0x00000000
      136365000	     13537	8000a394	410405b3	sub	x11,x8,x16	  x8:0x0d0fdaff x16:0x00000000 x11=0x0d0fdaff
      136375000	     13538	8000a398	005ed313	srli	x6,x29,0x5	 x29:0x00000010  x6=0x00000000
      136385000	     13539	8000a39c	071c	c.addi4spn	x15,x2,896	 x15=0x00000500
      136395000	     13540	8000a39e	01d43533	sltu	x10,x8,x29	  x8:0x0d0fdaff x29:0x00000010 x10=0x00000000
      136405000	     13541	8000a3a2	07ea	c.slli	x15,0x1a	 x15:0x00000500 x15=0x00000000
      136415000	     13542	8000a3a4	8391	c.srli	x15,0x4	 x15:0x00000000 x15=0x00000000
      136425000	     13543	8000a3a6	05080163	beq	x16,x16,8000a3e8	 x16:0x00000000 x16:0x00000000
      136445000	     13545	8000a3e8	00d08733	add	x14,x1,x13	  x1:0x00000000 x13:0x00000000 x14=0x00000000
      136455000	     13546	8000a3ec	00b89e63	bne	x17,x11,8000a408	 x17:0xff800000 x11:0x0d0fdaff
      136475000	     13548	8000a408	9236	c.add	x4,x13	  x4:0x00000000 x13:0x00000000  x4=0x00000000
      136485000	     13549	8000a40a	03440363	beq	x8,x20,8000a430	  x8:0x0d0fdaff x20:0x80021e44
      136525000	     13553	8000a40e	0292a5b3	mulhsu	x11,x5,x9	  x5:0x00000000  x9:0x00000100 x11=0x00000000
      136535000	     13554	8000a412	1488	c.addi4spn	x10,x2,608	 x10=0x000003e0
      136545000	     13555	8000a414	2f960b93	addi	x23,x12,761	 x12:0x00002000 x23=0x000022f9
      136555000	     13556	8000a418	9c4e	c.add	x24,x19	 x24:0x00000000 x19:0x80021e44 x24=0x80021e44
      136565000	     13557	8000a41a	40985793	srai	x15,x16,0x9	 x16:0x00000000 x15=0x00000000
      136935000	     13594	8000a41e	028bc7b3	div	x15,x23,x8	 x23:0x000022f9  x8:0x0d0fdaff x15=0x00000000
      136945000	     13595	8000a422	b918a293	slti	x5,x17,-1135	 x17:0xff800000  x5=0x00000001
      136955000	     13596	8000a426	01ab1c33	sll	x24,x22,x26	 x22:0xffffffff x26:0x00000000 x24=0xffffffff
      137325000	     13633	8000a42a	0278d033	divu	x0,x17,x7	 x17:0xff800000  x7:0xfffffdd4  x0=0x00000000
      137335000	     13634	8000a42e	8092	c.mv	x1,x4	  x0:0x00000000  x4:0x00000000  x1=0x00000000
      137345000	     13635	8000a430	0017b8b3	sltu	x17,x15,x1	 x15:0x00000000  x1:0x00000000 x17=0x00000000
      137355000	     13636	8000a434	117d	c.addi	x2,-1	  x2:0x00000180  x2=0x0000017f
      137395000	     13640	8000a436	02aa2ab3	mulhsu	x21,x20,x10	 x20:0x80021e44 x10:0x000003e0 x21=0xfffffe10
      137405000	     13641	8000a43a	81d9	c.srli	x11,0x16	 x11:0x00000000 x11=0x00000000
      137415000	     13642	8000a43c	003a72b3	and	x5,x20,x3	 x20:0x80021e44  x3:0x00010011  x5=0x00000000
      137425000	     13643	8000a440	a536b413	sltiu	x8,x13,-1453	 x13:0x00000000  x8=0x00000001
      137435000	     13644	8000a444	8ccd	c.or	x9,x11	  x9:0x00000100 x11:0x00000000  x9=0x00000100
      137445000	     13645	8000a446	a35a2713	slti	x14,x20,-1483	 x20:0x80021e44 x14=0x00000001
      137465000	     13647	8000a44a	021c6a33	rem	x20,x24,x1	 x24:0xffffffff  x1:0x00000000 x20=0xffffffff
      137835000	     13684	8000a44e	0278f5b3	remu	x11,x17,x7	 x17:0x00000000  x7:0xfffffdd4 x11=0x00000000
      137845000	     13685	8000a452	01dd	c.addi	x3,23	  x3:0x00010011  x3=0x00010028
      137855000	     13686	8000a454	9816	c.add	x16,x5	 x16:0x00000000  x5:0x00000000 x16=0x00000000
      137895000	     13690	8000a456	036d16b3	mulh	x13,x26,x22	 x26:0x00000000 x22:0xffffffff x13=0x00000000
      137905000	     13691	8000a45a	0c10	c.addi4spn	x12,x2,528	 x12=0x0000038f
      137915000	     13692	8000a45c	05971063	bne	x14,x25,8000a49c	 x14:0x00000001 x25:0x80025ce4
      137935000	     13694	8000a49c	2141cc17	auipc	x24,0x2141c	 x24=0xa142649c
      137945000	     13695	8000a4a0	0000100f	fence.i	
      137965000	     13697	8000a4a4	8009	c.srli	x8,0x2	  x8:0x00000001  x8=0x00000000
      138005000	     13701	8000a4a6	0390b833	mulhu	x16,x1,x25	  x1:0x00000000 x25:0x80025ce4 x16=0x00000000
      138015000	     13702	8000a4aa	1d7d	c.addi	x26,-1	 x26:0x00000000 x26=0xffffffff
      138025000	     13703	8000a4ac	010fb933	sltu	x18,x31,x16	 x31:0xfffffffe x16:0x00000000 x18=0x00000000
      138035000	     13704	8000a4b0	8df5	c.and	x11,x13	 x11:0x00000000 x13:0x00000000 x11=0x00000000
      138045000	     13705	8000a4b2	0ff0000f	fence	iorw,iorw	
      138415000	     13742	8000a4b6	0366ceb3	div	x29,x13,x22	 x13:0x00000000 x22:0xffffffff x29=0x00000000
      138425000	     13743	8000a4ba	0001	c.addi	x0,0	  x0:0x00000000  x0=0x00000000
      138435000	     13744	8000a4bc	0ff0000f	fence	iorw,iorw	
      138445000	     13745	8000a4c0	03a6	c.slli	x7,0x9	  x7:0xfffffdd4  x7=0xfffba800
      138455000	     13746	8000a4c2	94ba	c.add	x9,x14	  x9:0x00000100 x14:0x00000001  x9=0x00000101
      138465000	     13747	8000a4c4	0135fe33	and	x28,x11,x19	 x11:0x00000000 x19:0x80021e44 x28=0x00000000
      138475000	     13748	8000a4c8	9a9a	c.add	x21,x6	 x21:0xfffffe10  x6:0x00000000 x21=0xfffffe10
      138495000	     13750	8000a4ca	03d051b3	divu	x3,x0,x29	  x0:0x00000000 x29:0x00000000  x3=0xffffffff
      138505000	     13751	8000a4ce	98fd	c.andi	x9,-1	  x9:0x00000101  x9=0x00000101
      138515000	     13752	8000a4d0	717d	c.addi16sp	x2,-16	  x2:0x0000017f  x2=0x0000016f
      138525000	     13753	8000a4d2	024d7163	bgeu	x26,x4,8000a4f4	 x26:0xffffffff  x4:0x00000000
      138545000	     13755	8000a4f4	2b73e113	ori	x2,x7,695	  x7:0xfffba800  x2=0xfffbaab7
      138555000	     13756	8000a4f8	00b70463	beq	x14,x11,8000a500	 x14:0x00000001 x11:0x00000000
      138565000	     13757	8000a4fc	01c57d33	and	x26,x10,x28	 x10:0x000003e0 x28:0x00000000 x26=0x00000000
      138575000	     13758	8000a500	039c5363	bge	x24,x25,8000a526	 x24:0xa142649c x25:0x80025ce4
      138595000	     13760	8000a526	177d	c.addi	x14,-1	 x14:0x00000001 x14=0x00000000
      138605000	     13761	8000a528	8975	c.andi	x10,29	 x10:0x000003e0 x10=0x00000000
      138615000	     13762	8000a52a	8a5d	c.andi	x12,23	 x12:0x0000038f x12=0x00000007
      138625000	     13763	8000a52c	01ee8c13	addi	x24,x29,30	 x29:0x00000000 x24=0x0000001e
      138645000	     13765	8000a530	028ae8b3	rem	x17,x21,x8	 x21:0xfffffe10  x8:0x00000000 x17=0xfffffe10
      138665000	     13767	8000a534	024dc1b3	div	x3,x27,x4	 x27:0x80000000  x4:0x00000000  x3=0xffffffff
      139035000	     13804	8000a538	035e66b3	rem	x13,x28,x21	 x28:0x00000000 x21:0xfffffe10 x13=0x00000000
      139055000	     13806	8000a53c	024df1b3	remu	x3,x27,x4	 x27:0x80000000  x4:0x00000000  x3=0x80000000
      139065000	     13807	8000a540	0a88	c.addi4spn	x10,x2,336	 x10=0xfffbac07
      139075000	     13808	8000a542	409b5333	sra	x6,x22,x9	 x22:0xffffffff  x9:0x00000101  x6=0xffffffff
      139085000	     13809	8000a546	401281b3	sub	x3,x5,x1	  x5:0x00000000  x1:0x00000000  x3=0x00000000
      139095000	     13810	8000a54a	8eed	c.and	x13,x11	 x13:0x00000000 x11:0x00000000 x13=0x00000000
      139105000	     13811	8000a54c	01fc6bb3	or	x23,x24,x31	 x24:0x0000001e x31:0xfffffffe x23=0xfffffffe
      139115000	     13812	8000a550	53fd	c.li	x7,-1	  x7=0xffffffff
      139125000	     13813	8000a552	0414f063	bgeu	x9,x1,8000a592	  x9:0x00000101  x1:0x00000000
      139515000	     13852	8000a592	02a247b3	div	x15,x4,x10	  x4:0x00000000 x10:0xfffbac07 x15=0x00000000
      139525000	     13853	8000a596	00a8f633	and	x12,x17,x10	 x17:0xfffffe10 x10:0xfffbac07 x12=0xfffbac00
      139535000	     13854	8000a59a	2084a193	slti	x3,x9,520	  x9:0x00000101  x3=0x00000001
      139545000	     13855	8000a59e	1604	c.addi4spn	x9,x2,800	  x9=0xfffbadd7
      139555000	     13856	8000a5a0	c71d	c.beqz	x14,8000a5ce	 x14:0x00000000
      139585000	     13859	8000a5ce	4149dc33	sra	x24,x19,x20	 x19:0x80021e44 x20:0xffffffff x24=0xffffffff
      139595000	     13860	8000a5d2	8f05	c.sub	x14,x9	 x14:0x00000000  x9:0xfffbadd7 x14=0x00045229
      139605000	     13861	8000a5d4	0176deb3	srl	x29,x13,x23	 x13:0x00000000 x23:0xfffffffe x29=0x00000000
      139615000	     13862	8000a5d8	0334ea63	bltu	x9,x19,8000a60c	  x9:0xfffbadd7 x19:0x80021e44
      139625000	     13863	8000a5dc	a965c417	auipc	x8,0xa965c	  x8=0x296665dc
      139635000	     13864	8000a5e0	8f75	c.and	x14,x13	 x14:0x00045229 x13:0x00000000 x14=0x00000000
      139645000	     13865	8000a5e2	011cd613	srli	x12,x25,0x11	 x25:0x80025ce4 x12=0x00004001
      139655000	     13866	8000a5e6	00c91493	slli	x9,x18,0xc	 x18:0x00000000  x9=0x00000000
      139665000	     13867	8000a5ea	d0277e37	lui	x28,0xd0277	 x28=0xd0277000
      139705000	     13871	8000a5ee	03e51bb3	mulh	x23,x10,x30	 x10:0xfffbac07 x30:0x00000000 x23=0x00000000
      139735000	     13874	8000a5f2	030501b3	mul	x3,x10,x16	 x10:0xfffbac07 x16:0x00000000  x3=0x00000000
      139745000	     13875	8000a5f6	40c68533	sub	x10,x13,x12	 x13:0x00000000 x12:0x00004001 x10=0xffffbfff
      139755000	     13876	8000a5fa	4639	c.li	x12,14	 x12=0x0000000e
      139765000	     13877	8000a5fc	0ff0000f	fence	iorw,iorw	
      139775000	     13878	8000a600	4102db33	sra	x22,x5,x16	  x5:0x00000000 x16:0x00000000 x22=0x00000000
      139785000	     13879	8000a604	84da	c.mv	x9,x22	  x0:0x00000000 x22:0x00000000  x9=0x00000000
      139795000	     13880	8000a606	8c55	c.or	x8,x13	  x8:0x296665dc x13:0x00000000  x8=0x296665dc
      139805000	     13881	8000a608	01f51663	bne	x10,x31,8000a614	 x10:0xffffbfff x31:0xfffffffe
      139825000	     13883	8000a614	011f5b33	srl	x22,x30,x17	 x30:0x00000000 x17:0xfffffe10 x22=0x00000000
      139835000	     13884	8000a618	0077d113	srli	x2,x15,0x7	 x15:0x00000000  x2=0x00000000
      139845000	     13885	8000a61c	0000100f	fence.i	
      139875000	     13888	8000a620	02e76033	rem	x0,x14,x14	 x14:0x00000000 x14:0x00000000  x0=0x00000000
      139885000	     13889	8000a624	8e81	c.sub	x13,x8	 x13:0x00000000  x8:0x296665dc x13=0xd6999a24
      139895000	     13890	8000a626	045d5163	bge	x26,x5,8000a668	 x26:0x00000000  x5:0x00000000
      139915000	     13892	8000a668	8d09	c.sub	x10,x10	 x10:0xffffbfff x10:0xffffbfff x10=0x00000000
      139925000	     13893	8000a66a	0ff0000f	fence	iorw,iorw	
      139935000	     13894	8000a66e	c21d	c.beqz	x12,8000a694	 x12:0x0000000e
      139945000	     13895	8000a670	02446063	bltu	x8,x4,8000a690	  x8:0x296665dc  x4:0x00000000
      139975000	     13898	8000a674	033d0533	mul	x10,x26,x19	 x26:0x00000000 x19:0x80021e44 x10=0x00000000
      139985000	     13899	8000a678	00f4bd33	sltu	x26,x9,x15	  x9:0x00000000 x15:0x00000000 x26=0x00000000
      139995000	     13900	8000a67c	0552d063	bge	x5,x21,8000a6bc	  x5:0x00000000 x21:0xfffffe10
      140015000	     13902	8000a6bc	004b70b3	and	x1,x22,x4	 x22:0x00000000  x4:0x00000000  x1=0x00000000
      140025000	     13903	8000a6c0	0000100f	fence.i	
      140075000	     13908	8000a6c4	03983733	mulhu	x14,x16,x25	 x16:0x00000000 x25:0x80025ce4 x14=0x00000000
      140085000	     13909	8000a6c8	0324f263	bgeu	x9,x18,8000a6ec	  x9:0x00000000 x18:0x00000000
      140105000	     13911	8000a6ec	059e	c.slli	x11,0x7	 x11:0x00000000 x11=0x00000000
      140115000	     13912	8000a6ee	0000100f	fence.i	
      140135000	     13914	8000a6f2	1088	c.addi4spn	x10,x2,96	 x10=0x00000060
      140505000	     13951	8000a6f4	0349f6b3	remu	x13,x19,x20	 x19:0x80021e44 x20:0xffffffff x13=0x80021e44
      140515000	     13952	8000a6f8	0001	c.addi	x0,0	  x0:0x00000000  x0=0x00000000
      140525000	     13953	8000a6fa	001af633	and	x12,x21,x1	 x21:0xfffffe10  x1:0x00000000 x12=0x00000000
      140535000	     13954	8000a6fe	1870cf13	xori	x30,x1,391	  x1:0x00000000 x30=0x00000187
      140545000	     13955	8000a702	6eb9	c.lui	x29,0xe	 x29=0x0000e000
      140555000	     13956	8000a704	6161	c.addi16sp	x2,80	  x2:0x00000000  x2=0x00000050
      140565000	     13957	8000a706	e299	c.bnez	x13,8000a70c	 x13:0x80021e44
      140585000	     13959	8000a70c	8c32	c.mv	x24,x12	  x0:0x00000000 x12:0x00000000 x24=0x00000000
      140595000	     13960	8000a70e	01f2	c.slli	x3,0x1c	  x3:0x00000000  x3=0x00000000
      140965000	     13997	8000a710	02aaeeb3	rem	x29,x21,x10	 x21:0xfffffe10 x10:0x00000060 x29=0xfffffff0
      140975000	     13998	8000a714	0f6ea613	slti	x12,x29,246	 x29:0xfffffff0 x12=0x00000001
      141345000	     14035	8000a718	0316e833	rem	x16,x13,x17	 x13:0x80021e44 x17:0xfffffe10 x16=0xffffff84
      141355000	     14036	8000a71c	01215913	srli	x18,x2,0x12	  x2:0x00000050 x18=0x00000000
      141365000	     14037	8000a720	0ff0000f	fence	iorw,iorw	
      141375000	     14038	8000a724	00969b93	slli	x23,x13,0x9	 x13:0x80021e44 x23=0x043c8800
      141385000	     14039	8000a728	717d	c.addi16sp	x2,-16	  x2:0x00000050  x2=0x00000040
      141395000	     14040	8000a72a	00d8d393	srli	x7,x17,0xd	 x17:0xfffffe10  x7=0x0007ffff
      141405000	     14041	8000a72e	5f418f93	addi	x31,x3,1524	  x3:0x00000000 x31=0x000005f4
      141415000	     14042	8000a732	3a6a3397	auipc	x7,0x3a6a3	  x7=0xba6ad732
      141785000	     14079	8000a736	0371ef33	rem	x30,x3,x23	  x3:0x00000000 x23:0x043c8800 x30=0x00000000
      141795000	     14080	8000a73a	415cdf33	sra	x30,x25,x21	 x25:0x80025ce4 x21:0xfffffe10 x30=0xffff8002
      141805000	     14081	8000a73e	26776697	auipc	x13,0x26776	 x13=0xa678073e
      141815000	     14082	8000a742	99fd	c.andi	x11,-1	 x11:0x00000000 x11=0x00000000
      141825000	     14083	8000a744	0057bb33	sltu	x22,x15,x5	 x15:0x00000000  x5:0x00000000 x22=0x00000000
      141835000	     14084	8000a748	40ee0933	sub	x18,x28,x14	 x28:0xd0277000 x14:0x00000000 x18=0xd0277000
      141845000	     14085	8000a74c	019530b3	sltu	x1,x10,x25	 x10:0x00000060 x25:0x80025ce4  x1=0x00000001
      141855000	     14086	8000a750	411d	c.li	x2,7	  x2=0x00000007
      141865000	     14087	8000a752	0384fa63	bgeu	x9,x24,8000a786	  x9:0x00000000 x24:0x00000000
      141895000	     14090	8000a786	02e39c63	bne	x7,x14,8000a7be	  x7:0xba6ad732 x14:0x00000000
      141925000	     14093	8000a7be	02eb4d63	blt	x22,x14,8000a7f8	 x22:0x00000000 x14:0x00000000
      141935000	     14094	8000a7c2	01c89013	slli	x0,x17,0x1c	 x17:0xfffffe10  x0=0x00000000
      141945000	     14095	8000a7c6	c65c3293	sltiu	x5,x24,-923	 x24:0x00000000  x5=0x00000001
      141955000	     14096	8000a7ca	010a12b3	sll	x5,x20,x16	 x20:0xffffffff x16:0xffffff84  x5=0xfffffff0
      141975000	     14098	8000a7ce	03a1c933	div	x18,x3,x26	  x3:0x00000000 x26:0x00000000 x18=0xffffffff
      141985000	     14099	8000a7d2	3bdd2493	slti	x9,x26,957	 x26:0x00000000  x9=0x00000001
      141995000	     14100	8000a7d6	5c7a2f97	auipc	x31,0x5c7a2	 x31=0xdc7ac7d6
      142035000	     14104	8000a7da	028a36b3	mulhu	x13,x20,x8	 x20:0xffffffff  x8:0x296665dc x13=0x296665db
      142065000	     14107	8000a7de	02fb0eb3	mul	x29,x22,x15	 x22:0x00000000 x15:0x00000000 x29=0x00000000
      142075000	     14108	8000a7e2	41315193	srai	x3,x2,0x13	  x2:0x00000007  x3=0x00000000
      142085000	     14109	8000a7e6	034ce763	bltu	x25,x20,8000a814	 x25:0x80025ce4 x20:0xffffffff
      142465000	     14147	8000a814	0276d5b3	divu	x11,x13,x7	 x13:0x296665db  x7:0xba6ad732 x11=0x00000000
      142475000	     14148	8000a818	03d3c193	xori	x3,x7,61	  x7:0xba6ad732  x3=0xba6ad70f
      142485000	     14149	8000a81c	0889	c.addi	x17,2	 x17:0xfffffe10 x17=0xfffffe12
      142495000	     14150	8000a81e	005a5393	srli	x7,x20,0x5	 x20:0xffffffff  x7=0x07ffffff
      142505000	     14151	8000a822	68f76513	ori	x10,x14,1679	 x14:0x00000000 x10=0x0000068f
      142515000	     14152	8000a826	070f2b93	slti	x23,x30,112	 x30:0xffff8002 x23=0x00000001
      142525000	     14153	8000a82a	607b02b7	lui	x5,0x607b0	  x5=0x607b0000
      142535000	     14154	8000a82e	04088363	beq	x17,x0,8000a874	 x17:0xfffffe12  x0:0x00000000
      142905000	     14191	8000a832	031c5bb3	divu	x23,x24,x17	 x24:0x00000000 x17:0xfffffe12 x23=0x00000000
      142915000	     14192	8000a836	410d87b3	sub	x15,x27,x16	 x27:0x80000000 x16:0xffffff84 x15=0x8000007c
      142925000	     14193	8000a83a	40a753b3	sra	x7,x14,x10	 x14:0x00000000 x10:0x0000068f  x7=0x00000000
      142935000	     14194	8000a83e	00f8df33	srl	x30,x17,x15	 x17:0xfffffe12 x15:0x8000007c x30=0x0000000f
      142945000	     14195	8000a842	0001	c.addi	x0,0	  x0:0x00000000  x0=0x00000000
      142955000	     14196	8000a844	8f19	c.sub	x14,x14	 x14:0x00000000 x14:0x00000000 x14=0x00000000
      143325000	     14233	8000a846	02947833	remu	x16,x8,x9	  x8:0x296665dc  x9:0x00000001 x16=0x00000000
      143335000	     14234	8000a84a	0ff0000f	fence	iorw,iorw	
      143345000	     14235	8000a84e	00521263	bne	x4,x5,8000a852	  x4:0x00000000  x5:0x607b0000
      143375000	     14238	8000a852	014ed0b3	srl	x1,x29,x20	 x29:0x00000000 x20:0xffffffff  x1=0x00000000
      143385000	     14239	8000a856	0114d233	srl	x4,x9,x17	  x9:0x00000001 x17:0xfffffe12  x4=0x00000000
      143395000	     14240	8000a85a	f920b613	sltiu	x12,x1,-110	  x1:0x00000000 x12=0x00000001
      143405000	     14241	8000a85e	b95acb37	lui	x22,0xb95ac	 x22=0xb95ac000
      143415000	     14242	8000a862	01554e33	xor	x28,x10,x21	 x10:0x0000068f x21:0xfffffe10 x28=0xfffff89f
      143425000	     14243	8000a866	ec90e517	auipc	x10,0xec90e	 x10=0x6c918866
      143435000	     14244	8000a86a	0112df13	srli	x30,x5,0x11	  x5:0x607b0000 x30=0x0000303d
      143445000	     14245	8000a86e	01ec9013	slli	x0,x25,0x1e	 x25:0x80025ce4  x0=0x00000000
      143455000	     14246	8000a872	882a	c.mv	x16,x10	  x0:0x00000000 x10:0x6c918866 x16=0x6c918866
      143465000	     14247	8000a874	8ca1	c.xor	x9,x8	  x9:0x00000001  x8:0x296665dc  x9=0x296665dd
      143475000	     14248	8000a876	02626c63	bltu	x4,x6,8000a8ae	  x4:0x00000000  x6:0xffffffff
      143495000	     14250	8000a8ae	8abd	c.andi	x13,15	 x13:0x296665db x13=0x0000000b
      143505000	     14251	8000a8b0	4a300e13	addi	x28,x0,1187	  x0:0x00000000 x28=0x000004a3
      143515000	     14252	8000a8b4	137d	c.addi	x6,-1	  x6:0xffffffff  x6=0xfffffffe
      143525000	     14253	8000a8b6	90d2	c.add	x1,x20	  x1:0x00000000 x20:0xffffffff  x1=0xffffffff
      143535000	     14254	8000a8b8	0244c763	blt	x9,x4,8000a8e6	  x9:0x296665dd  x4:0x00000000
      143575000	     14258	8000a8bc	035c2733	mulhsu	x14,x24,x21	 x24:0x00000000 x21:0xfffffe10 x14=0x00000000
      143585000	     14259	8000a8c0	c989	c.beqz	x11,8000a8d2	 x11:0x00000000
      143605000	     14261	8000a8d2	8dfd	c.and	x11,x15	 x11:0x00000000 x15:0x8000007c x11=0x00000000
      143615000	     14262	8000a8d4	806d	c.srli	x8,0x1b	  x8:0x296665dc  x8=0x00000005
      143625000	     14263	8000a8d6	40145e33	sra	x28,x8,x1	  x8:0x00000005  x1:0xffffffff x28=0x00000000
      143635000	     14264	8000a8da	03ff6b93	ori	x23,x30,63	 x30:0x0000303d x23=0x0000303f
      143675000	     14268	8000a8de	03f91733	mulh	x14,x18,x31	 x18:0xffffffff x31:0xdc7ac7d6 x14=0x00000000
      143685000	     14269	8000a8e2	0ff0000f	fence	iorw,iorw	
      143695000	     14270	8000a8e6	8d8d	c.sub	x11,x11	 x11:0x00000000 x11:0x00000000 x11=0x00000000
      143735000	     14274	8000a8e8	02499c33	mulh	x24,x19,x4	 x19:0x80021e44  x4:0x00000000 x24=0x00000000
      143745000	     14275	8000a8ec	cb003613	sltiu	x12,x0,-848	  x0:0x00000000 x12=0x00000001
      143755000	     14276	8000a8f0	005c9c13	slli	x24,x25,0x5	 x25:0x80025ce4 x24=0x004b9c80
      143795000	     14280	8000a8f4	02412333	mulhsu	x6,x2,x4	  x2:0x00000007  x4:0x00000000  x6=0x00000000
      143805000	     14281	8000a8f8	0269e063	bltu	x19,x6,8000a918	 x19:0x80021e44  x6:0x00000000
      143845000	     14285	8000a8fc	02422233	mulhsu	x4,x4,x4	  x4:0x00000000  x4:0x00000000  x4=0x00000000
      143855000	     14286	8000a900	00d20a63	beq	x4,x13,8000a914	  x4:0x00000000 x13:0x0000000b
      143865000	     14287	8000a904	0000100f	fence.i	
      143915000	     14292	8000a908	030da3b3	mulhsu	x7,x27,x16	 x27:0x80000000 x16:0x6c918866  x7=0xc9b73bcd
      143925000	     14293	8000a90c	2f877e93	andi	x29,x14,760	 x14:0x00000000 x29=0x00000000
      143935000	     14294	8000a910	01fe8863	beq	x29,x31,8000a920	 x29:0x00000000 x31:0xdc7ac7d6
      143945000	     14295	8000a914	02359363	bne	x11,x3,8000a93a	 x11:0x00000000  x3:0xba6ad70f
      143975000	     14298	8000a93a	7f50a513	slti	x10,x1,2037	  x1:0xffffffff x10=0x00000001
      143985000	     14299	8000a93e	5ffd	c.li	x31,-1	 x31=0xffffffff
      143995000	     14300	8000a940	0001	c.addi	x0,0	  x0:0x00000000  x0=0x00000000
      144005000	     14301	8000a942	8d01	c.sub	x10,x8	 x10:0x00000001  x8:0x00000005 x10=0xfffffffc
      144015000	     14302	8000a944	02796263	bltu	x18,x7,8000a968	 x18:0xffffffff  x7:0xc9b73bcd
      144025000	     14303	8000a948	547d	c.li	x8,-1	  x8=0xffffffff
      144035000	     14304	8000a94a	8ced	c.and	x9,x11	  x9:0x296665dd x11:0x00000000  x9=0x00000000
      144045000	     14305	8000a94c	036b4b63	blt	x22,x22,8000a982	 x22:0xb95ac000 x22:0xb95ac000
      144055000	     14306	8000a950	015a24b3	slt	x9,x20,x21	 x20:0xffffffff x21:0xfffffe10  x9=0x00000000
      144065000	     14307	8000a954	418c58b3	sra	x17,x24,x24	 x24:0x004b9c80 x24:0x004b9c80 x17=0x004b9c80
      144075000	     14308	8000a958	9b1e	c.add	x22,x7	 x22:0xb95ac000  x7:0xc9b73bcd x22=0x8311fbcd
      144085000	     14309	8000a95a	00980963	beq	x16,x9,8000a96c	 x16:0x6c918866  x9:0x00000000
      144095000	     14310	8000a95e	0000100f	fence.i	
      144125000	     14313	8000a962	00dc8f33	add	x30,x25,x13	 x25:0x80025ce4 x13:0x0000000b x30=0x80025cef
      144135000	     14314	8000a966	6769	c.lui	x14,0x1a	 x14=0x0001a000
      144145000	     14315	8000a968	001ae333	or	x6,x21,x1	 x21:0xfffffe10  x1:0xffffffff  x6=0xffffffff
      144155000	     14316	8000a96c	8ddd	c.or	x11,x15	 x11:0x00000000 x15:0x8000007c x11=0x8000007c
      144165000	     14317	8000a96e	0000100f	fence.i	
      144195000	     14320	8000a972	0ff0000f	fence	iorw,iorw	
      144205000	     14321	8000a976	03f5f363	bgeu	x11,x31,8000a99c	 x11:0x8000007c x31:0xffffffff
      144215000	     14322	8000a97a	00557633	and	x12,x10,x5	 x10:0xfffffffc  x5:0x607b0000 x12=0x607b0000
      144225000	     14323	8000a97e	05764063	blt	x12,x23,8000a9be	 x12:0x607b0000 x23:0x0000303f
      144235000	     14324	8000a982	40f38033	sub	x0,x7,x15	  x7:0xc9b73bcd x15:0x8000007c  x0=0x00000000
      144245000	     14325	8000a986	8cf9	c.and	x9,x14	  x9:0x00000000 x14:0x0001a000  x9=0x00000000
      144285000	     14329	8000a988	024637b3	mulhu	x15,x12,x4	 x12:0x607b0000  x4:0x00000000 x15=0x00000000
      144295000	     14330	8000a98c	03de8663	beq	x29,x29,8000a9b8	 x29:0x00000000 x29:0x00000000
      144315000	     14332	8000a9b8	00832733	slt	x14,x6,x8	  x6:0xffffffff  x8:0xffffffff x14=0x00000000
      144325000	     14333	8000a9bc	0001	c.addi	x0,0	  x0:0x00000000  x0=0x00000000
      144335000	     14334	8000a9be	01205933	srl	x18,x0,x18	  x0:0x00000000 x18:0xffffffff x18=0x00000000
      144345000	     14335	8000a9c2	034cdb63	bge	x25,x20,8000a9f8	 x25:0x80025ce4 x20:0xffffffff
      144355000	     14336	8000a9c6	36866293	ori	x5,x12,872	 x12:0x607b0000  x5=0x607b0368
      144365000	     14337	8000a9ca	00822d33	slt	x26,x4,x8	  x4:0x00000000  x8:0xffffffff x26=0x00000000
      144735000	     14374	8000a9ce	0314f133	remu	x2,x9,x17	  x9:0x00000000 x17:0x004b9c80  x2=0x00000000
      144745000	     14375	8000a9d2	81a16b13	ori	x22,x2,-2022	  x2:0x00000000 x22=0xfffff81a
      144755000	     14376	8000a9d6	9a7d	c.andi	x12,-1	 x12:0x607b0000 x12=0x607b0000
      144765000	     14377	8000a9d8	1684	c.addi4spn	x9,x2,864	  x9=0x00000360
      144775000	     14378	8000a9da	8ad1	c.andi	x13,20	 x13:0x0000000b x13=0x00000000
      144785000	     14379	8000a9dc	00175413	srli	x8,x14,0x1	 x14:0x00000000  x8=0x00000000
      144795000	     14380	8000a9e0	806d	c.srli	x8,0x1b	  x8:0x00000000  x8=0x00000000
      144805000	     14381	8000a9e2	036c8f63	beq	x25,x22,8000aa20	 x25:0x80025ce4 x22:0xfffff81a
      144835000	     14384	8000a9e6	029a0633	mul	x12,x20,x9	 x20:0xffffffff  x9:0x00000360 x12=0xfffffca0
      144845000	     14385	8000a9ea	05f28263	beq	x5,x31,8000aa2e	  x5:0x607b0368 x31:0xffffffff
      144855000	     14386	8000a9ee	00fa9413	slli	x8,x21,0xf	 x21:0xfffffe10  x8=0xff080000
      144865000	     14387	8000a9f2	8105	c.srli	x10,0x1	 x10:0xfffffffc x10=0x7ffffffe
      144875000	     14388	8000a9f4	01865363	bge	x12,x24,8000a9fa	 x12:0xfffffca0 x24:0x004b9c80
      144885000	     14389	8000a9f8	8ccd	c.or	x9,x11	  x9:0x00000360 x11:0x8000007c  x9=0x8000037c
      144895000	     14390	8000a9fa	04c45163	bge	x8,x12,8000aa3c	  x8:0xff080000 x12:0xfffffca0
      144905000	     14391	8000a9fe	418353b3	sra	x7,x6,x24	  x6:0xffffffff x24:0x004b9c80  x7=0xffffffff
      144915000	     14392	8000aa02	412e5a13	srai	x20,x28,0x12	 x28:0x00000000 x20=0x00000000
      144925000	     14393	8000aa06	41dcd0b3	sra	x1,x25,x29	 x25:0x80025ce4 x29:0x00000000  x1=0x80025ce4
      144935000	     14394	8000aa0a	8cc5	c.or	x9,x9	  x9:0x8000037c  x9:0x8000037c  x9=0x8000037c
      144945000	     14395	8000aa0c	0ff0000f	fence	iorw,iorw	
      144985000	     14399	8000aa10	031f3633	mulhu	x12,x30,x17	 x30:0x80025cef x17:0x004b9c80 x12=0x0025cef2
      144995000	     14400	8000aa14	997d	c.andi	x10,-1	 x10:0x7ffffffe x10=0x7ffffffe
      145005000	     14401	8000aa16	9afd	c.andi	x13,-1	 x13:0x00000000 x13=0x00000000
      145015000	     14402	8000aa18	0151ac33	slt	x24,x3,x21	  x3:0xba6ad70f x21:0xfffffe10 x24=0x00000001
      145025000	     14403	8000aa1c	00a1b433	sltu	x8,x3,x10	  x3:0xba6ad70f x10:0x7ffffffe  x8=0x00000000
      145035000	     14404	8000aa20	0000100f	fence.i	
      145055000	     14406	8000aa24	86d5	c.srai	x13,0x15	 x13:0x00000000 x13=0x00000000
      145425000	     14443	8000aa26	02ae7e33	remu	x28,x28,x10	 x28:0x00000000 x10:0x7ffffffe x28=0x00000000
      145435000	     14444	8000aa2a	01f68363	beq	x13,x31,8000aa30	 x13:0x00000000 x31:0xffffffff
      145445000	     14445	8000aa2e	10fd	c.addi	x1,-1	  x1:0x80025ce4  x1=0x80025ce3
      145455000	     14446	8000aa30	0190f2b3	and	x5,x1,x25	  x1:0x80025ce3 x25:0x80025ce4  x5=0x80025ce0
      145465000	     14447	8000aa34	011b6333	or	x6,x22,x17	 x22:0xfffff81a x17:0x004b9c80  x6=0xfffffc9a
      145475000	     14448	8000aa38	016bd693	srli	x13,x23,0x16	 x23:0x0000303f x13=0x00000000
      145485000	     14449	8000aa3c	01f82fb3	slt	x31,x16,x31	 x16:0x6c918866 x31:0xffffffff x31=0x00000000
      145495000	     14450	8000aa40	e6a12013	slti	x0,x2,-406	  x2:0x00000000  x0=0x00000000
      145505000	     14451	8000aa44	0098d1b3	srl	x3,x17,x9	 x17:0x004b9c80  x9:0x8000037c  x3=0x00000000
      145515000	     14452	8000aa48	1b17fb93	andi	x23,x15,433	 x15:0x00000000 x23=0x00000000
      145885000	     14489	8000aa4c	0266d1b3	divu	x3,x13,x6	 x13:0x00000000  x6:0xfffffc9a  x3=0x00000000
      145895000	     14490	8000aa50	0001	c.addi	x0,0	  x0:0x00000000  x0=0x00000000
      145935000	     14494	8000aa52	023d1433	mulh	x8,x26,x3	 x26:0x00000000  x3:0x00000000  x8=0x00000000
      145945000	     14495	8000aa56	01d2a3b3	slt	x7,x5,x29	  x5:0x80025ce0 x29:0x00000000  x7=0x00000001
      145955000	     14496	8000aa5a	7732e093	ori	x1,x5,1907	  x5:0x80025ce0  x1=0x80025ff3
      145965000	     14497	8000aa5e	03051063	bne	x10,x16,8000aa7e	 x10:0x7ffffffe x16:0x6c918866
      145995000	     14500	8000aa7e	1b36dd37	lui	x26,0x1b36d	 x26=0x1b36d000
      146005000	     14501	8000aa82	fb545697	auipc	x13,0xfb545	 x13=0x7b54fa82
      146015000	     14502	8000aa86	02f38063	beq	x7,x15,8000aaa6	  x7:0x00000001 x15:0x00000000
      146025000	     14503	8000aa8a	8f7d	c.and	x14,x15	 x14:0x00000000 x15:0x00000000 x14=0x00000000
      146035000	     14504	8000aa8c	029a6f63	bltu	x20,x9,8000aaca	 x20:0x00000000  x9:0x8000037c
      146055000	     14506	8000aaca	0ffd	c.addi	x31,31	 x31:0x00000000 x31=0x0000001f
      146065000	     14507	8000aacc	0001	c.addi	x0,0	  x0:0x00000000  x0=0x00000000
      146075000	     14508	8000aace	008a54b3	srl	x9,x20,x8	 x20:0x00000000  x8:0x00000000  x9=0x00000000
      146085000	     14509	8000aad2	0000100f	fence.i	
      146115000	     14512	8000aad6	227be113	ori	x2,x23,551	 x23:0x00000000  x2=0x00000227
      146125000	     14513	8000aada	01dd5313	srli	x6,x26,0x1d	 x26:0x1b36d000  x6=0x00000000
      146135000	     14514	8000aade	004166b3	or	x13,x2,x4	  x2:0x00000227  x4:0x00000000 x13=0x00000227
      146145000	     14515	8000aae2	41635693	srai	x13,x6,0x16	  x6:0x00000000 x13=0x00000000
      146155000	     14516	8000aae6	5e7d	c.li	x28,-1	 x28=0xffffffff
      146165000	     14517	8000aae8	41f55bb3	sra	x23,x10,x31	 x10:0x7ffffffe x31:0x0000001f x23=0x00000000
      146175000	     14518	8000aaec	567d	c.li	x12,-1	 x12=0xffffffff
      146185000	     14519	8000aaee	00ddef33	or	x30,x27,x13	 x27:0x80000000 x13:0x00000000 x30=0x80000000
      146195000	     14520	8000aaf2	01a05fb3	srl	x31,x0,x26	  x0:0x00000000 x26:0x1b36d000 x31=0x00000000
      146215000	     14522	8000aaf6	032dd5b3	divu	x11,x27,x18	 x27:0x80000000 x18:0x00000000 x11=0xffffffff
      146225000	     14523	8000aafa	3b692613	slti	x12,x18,950	 x18:0x00000000 x12=0x00000001
      146235000	     14524	8000aafe	693d	c.lui	x18,0xf	 x18=0x0000f000
      146275000	     14528	8000ab00	022f3d33	mulhu	x26,x30,x2	 x30:0x80000000  x2:0x00000227 x26=0x00000113
      146315000	     14532	8000ab04	03c7a233	mulhsu	x4,x15,x28	 x15:0x00000000 x28:0xffffffff  x4=0x00000000
      146325000	     14533	8000ab08	9aca	c.add	x21,x18	 x21:0xfffffe10 x18:0x0000f000 x21=0x0000ee10
      146335000	     14534	8000ab0a	039d0b63	beq	x26,x25,8000ab40	 x26:0x00000113 x25:0x80025ce4
      146345000	     14535	8000ab0e	0994	c.addi4spn	x13,x2,208	 x13=0x000002f7
      146355000	     14536	8000ab10	00de0f33	add	x30,x28,x13	 x28:0xffffffff x13:0x000002f7 x30=0x000002f6
      146365000	     14537	8000ab14	0810	c.addi4spn	x12,x2,16	 x12=0x00000237
      146375000	     14538	8000ab16	945e	c.add	x8,x23	  x8:0x00000000 x23:0x00000000  x8=0x00000000
      146385000	     14539	8000ab18	404f5013	srai	x0,x30,0x4	 x30:0x000002f6  x0=0x00000000
      146395000	     14540	8000ab1c	859a	c.mv	x11,x6	  x0:0x00000000  x6:0x00000000 x11=0x00000000
      146765000	     14577	8000ab1e	0250f3b3	remu	x7,x1,x5	  x1:0x80025ff3  x5:0x80025ce0  x7=0x00000313
      146775000	     14578	8000ab22	e9b49237	lui	x4,0xe9b49	  x4=0xe9b49000
      146785000	     14579	8000ab26	3c88cc13	xori	x24,x17,968	 x17:0x004b9c80 x24=0x004b9f48
      146795000	     14580	8000ab2a	0ff0000f	fence	iorw,iorw	
      146805000	     14581	8000ab2e	8f1a	c.mv	x30,x6	  x0:0x00000000  x6:0x00000000 x30=0x00000000
      146845000	     14585	8000ab30	031932b3	mulhu	x5,x18,x17	 x18:0x0000f000 x17:0x004b9c80  x5=0x00000046
      146855000	     14586	8000ab34	001be6b3	or	x13,x23,x1	 x23:0x00000000  x1:0x80025ff3 x13=0x80025ff3
      146865000	     14587	8000ab38	0ff0000f	fence	iorw,iorw	
      146875000	     14588	8000ab3c	00837f33	and	x30,x6,x8	  x6:0x00000000  x8:0x00000000 x30=0x00000000
      146885000	     14589	8000ab40	03718163	beq	x3,x23,8000ab62	  x3:0x00000000 x23:0x00000000
      146915000	     14592	8000ab62	b9fd5197	auipc	x3,0xb9fd5	  x3=0x39fdfb62
      146925000	     14593	8000ab66	01fdd0b3	srl	x1,x27,x31	 x27:0x80000000 x31:0x00000000  x1=0x80000000
      146935000	     14594	8000ab6a	02914f63	blt	x2,x9,8000aba8	  x2:0x00000227  x9:0x00000000
      146945000	     14595	8000ab6e	6419	c.lui	x8,0x6	  x8=0x00006000
      146955000	     14596	8000ab70	0a52	c.slli	x20,0x14	 x20:0x00000000 x20=0x00000000
      146965000	     14597	8000ab72	015fcf33	xor	x30,x31,x21	 x31:0x00000000 x21:0x0000ee10 x30=0x0000ee10
      146975000	     14598	8000ab76	00a9d963	bge	x19,x10,8000ab88	 x19:0x80021e44 x10:0x7ffffffe
      146985000	     14599	8000ab7a	40508233	sub	x4,x1,x5	  x1:0x80000000  x5:0x00000046  x4=0x7fffffba
      146995000	     14600	8000ab7e	0001	c.addi	x0,0	  x0:0x00000000  x0=0x00000000
      147005000	     14601	8000ab80	003c9213	slli	x4,x25,0x3	 x25:0x80025ce4  x4=0x0012e720
      147015000	     14602	8000ab84	eecfc193	xori	x3,x31,-276	 x31:0x00000000  x3=0xfffffeec
      147025000	     14603	8000ab88	01785b33	srl	x22,x16,x23	 x16:0x6c918866 x23:0x00000000 x22=0x6c918866
      147395000	     14640	8000ab8c	0313dfb3	divu	x31,x7,x17	  x7:0x00000313 x17:0x004b9c80 x31=0x00000000
      147435000	     14644	8000ab90	0379b0b3	mulhu	x1,x19,x23	 x19:0x80021e44 x23:0x00000000  x1=0x00000000
      147445000	     14645	8000ab94	40730d33	sub	x26,x6,x7	  x6:0x00000000  x7:0x00000313 x26=0xfffffced
      147485000	     14649	8000ab98	0230a133	mulhsu	x2,x1,x3	  x1:0x00000000  x3:0xfffffeec  x2=0x00000000
      147495000	     14650	8000ab9c	02131e63	bne	x6,x1,8000abd8	  x6:0x00000000  x1:0x00000000
      147505000	     14651	8000aba0	8061	c.srli	x8,0x18	  x8:0x00006000  x8=0x00000000
      147525000	     14653	8000aba2	02844bb3	div	x23,x8,x8	  x8:0x00000000  x8:0x00000000 x23=0xffffffff
      147535000	     14654	8000aba6	96fa	c.add	x13,x30	 x13:0x80025ff3 x30:0x0000ee10 x13=0x80034e03
      147555000	     14656	8000aba8	02e571b3	remu	x3,x10,x14	 x10:0x7ffffffe x14:0x00000000  x3=0x7ffffffe
      147575000	     14658	8000abac	03f74433	div	x8,x14,x31	 x14:0x00000000 x31:0x00000000  x8=0xffffffff
      147585000	     14659	8000abb0	58978b93	addi	x23,x15,1417	 x15:0x00000000 x23=0x00000589
      147595000	     14660	8000abb4	8d39	c.xor	x10,x14	 x10:0x7ffffffe x14:0x00000000 x10=0x7ffffffe
      147965000	     14697	8000abb6	0382e933	rem	x18,x5,x24	  x5:0x00000046 x24:0x004b9f48 x18=0x00000046
      147975000	     14698	8000abba	1c0c	c.addi4spn	x11,x2,560	 x11=0x00000230
      148015000	     14702	8000abbc	027ca1b3	mulhsu	x3,x25,x7	 x25:0x80025ce4  x7:0x00000313  x3=0xfffffe76
      148025000	     14703	8000abc0	8e1e	c.mv	x28,x7	  x0:0x00000000  x7:0x00000313 x28=0x00000313
      148035000	     14704	8000abc2	6fc9	c.lui	x31,0x12	 x31=0x00012000
      148045000	     14705	8000abc4	01295a13	srli	x20,x18,0x12	 x18:0x00000046 x20=0x00000000
      148055000	     14706	8000abc8	0c42	c.slli	x24,0x10	 x24:0x004b9f48 x24=0x9f480000
      148065000	     14707	8000abca	8c35	c.xor	x8,x13	  x8:0xffffffff x13:0x80034e03  x8=0x7ffcb1fc
      148075000	     14708	8000abcc	eb3518b7	lui	x17,0xeb351	 x17=0xeb351000
      148085000	     14709	8000abd0	014db6b3	sltu	x13,x27,x20	 x27:0x80000000 x20:0x00000000 x13=0x00000000
      148095000	     14710	8000abd4	41e55b93	srai	x23,x10,0x1e	 x10:0x7ffffffe x23=0x00000001
      148105000	     14711	8000abd8	ef15	c.bnez	x14,8000ac14	 x14:0x00000000
      148475000	     14748	8000abda	02b87a33	remu	x20,x16,x11	 x16:0x6c918866 x11:0x00000230 x20=0x000000f6
      148485000	     14749	8000abde	1894	c.addi4spn	x13,x2,112	 x13=0x00000070
      148495000	     14750	8000abe0	2d972493	slti	x9,x14,729	 x14:0x00000000  x9=0x00000001
      148505000	     14751	8000abe4	81b9	c.srli	x11,0xe	 x11:0x00000230 x11=0x00000000
      148515000	     14752	8000abe6	4385	c.li	x7,1	  x7=0x00000001
      148525000	     14753	8000abe8	048e6063	bltu	x28,x8,8000ac28	 x28:0x00000313  x8:0x7ffcb1fc
      148545000	     14755	8000ac28	008460b3	or	x1,x8,x8	  x8:0x7ffcb1fc  x8:0x7ffcb1fc  x1=0x7ffcb1fc
      148555000	     14756	8000ac2c	0001	c.addi	x0,0	  x0:0x00000000  x0=0x00000000
      148565000	     14757	8000ac2e	80c6	c.mv	x1,x17	  x0:0x00000000 x17:0xeb351000  x1=0xeb351000
      148575000	     14758	8000ac30	417cdf93	srai	x31,x25,0x17	 x25:0x80025ce4 x31=0xffffff00
      148585000	     14759	8000ac34	00cf0733	add	x14,x30,x12	 x30:0x0000ee10 x12:0x00000237 x14=0x0000f047
      148595000	     14760	8000ac38	8271	c.srli	x12,0x1c	 x12:0x00000237 x12=0x00000000
      148615000	     14762	8000ac3a	02c9e8b3	rem	x17,x19,x12	 x19:0x80021e44 x12:0x00000000 x17=0x80021e44
      148985000	     14799	8000ac3e	0329d7b3	divu	x15,x19,x18	 x19:0x80021e44 x18:0x00000046 x15=0x01d42500
      148995000	     14800	8000ac42	4022d1b3	sra	x3,x5,x2	  x5:0x00000046  x2:0x00000000  x3=0x00000046
      149005000	     14801	8000ac46	85550393	addi	x7,x10,-1963	 x10:0x7ffffffe  x7=0x7ffff853
      149015000	     14802	8000ac4a	7063c2b7	lui	x5,0x7063c	  x5=0x7063c000
      149025000	     14803	8000ac4e	00ca5e93	srli	x29,x20,0xc	 x20:0x000000f6 x29=0x00000000
      149395000	     14840	8000ac52	03f8d8b3	divu	x17,x17,x31	 x17:0x80021e44 x31:0xffffff00 x17=0x00000000
      149765000	     14877	8000ac56	037f48b3	div	x17,x30,x23	 x30:0x0000ee10 x23:0x00000001 x17=0x0000ee10
      149775000	     14878	8000ac5a	8d75	c.and	x10,x13	 x10:0x7ffffffe x13:0x00000070 x10=0x00000070
      149785000	     14879	8000ac5c	91fe	c.add	x3,x31	  x3:0x00000046 x31:0xffffff00  x3=0xffffff46
      149795000	     14880	8000ac5e	03630a63	beq	x6,x22,8000ac92	  x6:0x00000000 x22:0x6c918866
      149805000	     14881	8000ac62	000dfe63	bgeu	x27,x0,8000ac7e	 x27:0x80000000  x0:0x00000000
      149835000	     14884	8000ac7e	01af2f33	slt	x30,x30,x26	 x30:0x0000ee10 x26:0xfffffced x30=0x00000000
      149845000	     14885	8000ac82	e29d	c.bnez	x13,8000aca8	 x13:0x00000070
      149865000	     14887	8000aca8	8edbe613	ori	x12,x23,-1811	 x23:0x00000001 x12=0xfffff8ed
      149905000	     14891	8000acac	022b30b3	mulhu	x1,x22,x2	 x22:0x6c918866  x2:0x00000000  x1=0x00000000
      149915000	     14892	8000acb0	c599	c.beqz	x11,8000acbe	 x11:0x00000000
      149935000	     14894	8000acbe	e50d	c.bnez	x10,8000ace8	 x10:0x00000070
      149955000	     14896	8000ace8	00df5013	srli	x0,x30,0xd	 x30:0x00000000  x0=0x00000000
      149965000	     14897	8000acec	00609a33	sll	x20,x1,x6	  x1:0x00000000  x6:0x00000000 x20=0x00000000
      149975000	     14898	8000acf0	8cad	c.xor	x9,x11	  x9:0x00000001 x11:0x00000000  x9=0x00000001
      149985000	     14899	8000acf2	d2f42c13	slti	x24,x8,-721	  x8:0x7ffcb1fc x24=0x00000000
      149995000	     14900	8000acf6	e3a76713	ori	x14,x14,-454	 x14:0x0000f047 x14=0xfffffe7f
      150005000	     14901	8000acfa	02fa0063	beq	x20,x15,8000ad1a	 x20:0x00000000 x15:0x01d42500
      150015000	     14902	8000acfe	94dc2b93	slti	x23,x24,-1715	 x24:0x00000000 x23=0x00000000
      150025000	     14903	8000ad02	6022da97	auipc	x21,0x6022d	 x21=0xe0237d02
      150035000	     14904	8000ad06	0087ac33	slt	x24,x15,x8	 x15:0x01d42500  x8:0x7ffcb1fc x24=0x00000001
      150045000	     14905	8000ad0a	008f5ab3	srl	x21,x30,x8	 x30:0x00000000  x8:0x7ffcb1fc x21=0x00000000
      150055000	     14906	8000ad0e	0242e463	bltu	x5,x4,8000ad36	  x5:0x7063c000  x4:0x0012e720
      150065000	     14907	8000ad12	87effb93	andi	x23,x31,-1922	 x31:0xffffff00 x23=0xfffff800
      150075000	     14908	8000ad16	d0c87a37	lui	x20,0xd0c87	 x20=0xd0c87000
      150085000	     14909	8000ad1a	0ff0000f	fence	iorw,iorw	
      150095000	     14910	8000ad1e	a1112913	slti	x18,x2,-1519	  x2:0x00000000 x18=0x00000000
      150105000	     14911	8000ad22	00f518b3	sll	x17,x10,x15	 x10:0x00000070 x15:0x01d42500 x17=0x00000070
      150475000	     14948	8000ad26	03645eb3	divu	x29,x8,x22	  x8:0x7ffcb1fc x22:0x6c918866 x29=0x00000001
      150485000	     14949	8000ad2a	ce1e4a97	auipc	x21,0xce1e4	 x21=0x4e1eed2a
      150495000	     14950	8000ad2e	ca9d	c.beqz	x13,8000ad64	 x13:0x00000070
      150505000	     14951	8000ad30	8e65	c.and	x12,x9	 x12:0xfffff8ed  x9:0x00000001 x12=0x00000001
      150515000	     14952	8000ad32	00072c33	slt	x24,x14,x0	 x14:0xfffffe7f  x0:0x00000000 x24=0x00000001
      150525000	     14953	8000ad36	416eda93	srai	x21,x29,0x16	 x29:0x00000001 x21=0x00000000
      150535000	     14954	8000ad3a	0001	c.addi	x0,0	  x0:0x00000000  x0=0x00000000
      150545000	     14955	8000ad3c	198c	c.addi4spn	x11,x2,240	 x11=0x000000f0
      150555000	     14956	8000ad3e	85d06293	ori	x5,x0,-1955	  x0:0x00000000  x5=0xfffff85d
      150565000	     14957	8000ad42	4004d693	srai	x13,x9,0x0	  x9:0x00000001 x13=0x00000001
      150595000	     14960	8000ad46	03ec8933	mul	x18,x25,x30	 x25:0x80025ce4 x30:0x00000000 x18=0x00000000
      150605000	     14961	8000ad4a	41ac5c33	sra	x24,x24,x26	 x24:0x00000001 x26:0xfffffced x24=0x00000000
      150975000	     14998	8000ad4e	0311d133	divu	x2,x3,x17	  x3:0xffffff46 x17:0x00000070  x2=0x02492490
      150985000	     14999	8000ad52	89cd	c.andi	x11,19	 x11:0x000000f0 x11=0x00000010
      151005000	     15001	8000ad54	03285e33	divu	x28,x16,x18	 x16:0x6c918866 x18:0x00000000 x28=0xffffffff
      151015000	     15002	8000ad58	890c3013	sltiu	x0,x24,-1904	 x24:0x00000000  x0=0x00000000
      151055000	     15006	8000ad5c	03cebfb3	mulhu	x31,x29,x28	 x29:0x00000001 x28:0xffffffff x31=0x00000000
      151065000	     15007	8000ad60	70c83b93	sltiu	x23,x16,1804	 x16:0x6c918866 x23=0x00000000
      151075000	     15008	8000ad64	016e8b63	beq	x29,x22,8000ad7a	 x29:0x00000001 x22:0x6c918866
      151085000	     15009	8000ad68	40cd0f33	sub	x30,x26,x12	 x26:0xfffffced x12:0x00000001 x30=0xfffffcec
      151095000	     15010	8000ad6c	0ff0000f	fence	iorw,iorw	
      151465000	     15047	8000ad70	03ae57b3	divu	x15,x28,x26	 x28:0xffffffff x26:0xfffffced x15=0x00000001
      151475000	     15048	8000ad74	153f21b7	lui	x3,0x153f2	  x3=0x153f2000
      151485000	     15049	8000ad78	0ff6	c.slli	x31,0x1d	 x31:0x00000000 x31=0x00000000
      151495000	     15050	8000ad7a	8e5d	c.or	x12,x15	 x12:0x00000001 x15:0x00000001 x12=0x00000001
      151505000	     15051	8000ad7c	69cce193	ori	x3,x25,1692	 x25:0x80025ce4  x3=0x80025efc
      151515000	     15052	8000ad80	007811b3	sll	x3,x16,x7	 x16:0x6c918866  x7:0x7ffff853  x3=0x43300000
      151555000	     15056	8000ad84	0261a8b3	mulhsu	x17,x3,x6	  x3:0x43300000  x6:0x00000000 x17=0x00000000
      151565000	     15057	8000ad88	57fd	c.li	x15,-1	 x15=0xffffffff
      151575000	     15058	8000ad8a	013d9ab3	sll	x21,x27,x19	 x27:0x80000000 x19:0x80021e44 x21=0x00000000
      151585000	     15059	8000ad8e	005c6733	or	x14,x24,x5	 x24:0x00000000  x5:0xfffff85d x14=0xfffff85d
      151625000	     15063	8000ad92	0345a5b3	mulhsu	x11,x11,x20	 x11:0x00000010 x20:0xd0c87000 x11=0x0000000d
      151635000	     15064	8000ad96	8c15	c.sub	x8,x13	  x8:0x7ffcb1fc x13:0x00000001  x8=0x7ffcb1fb
      151645000	     15065	8000ad98	36c8cd13	xori	x26,x17,876	 x17:0x00000000 x26=0x0000036c
      151655000	     15066	8000ad9c	6111	c.addi16sp	x2,256	  x2:0x02492490  x2=0x02492590
      151665000	     15067	8000ad9e	073e	c.slli	x14,0xf	 x14:0xfffff85d x14=0xfc2e8000
      151675000	     15068	8000ada0	8cc1	c.or	x9,x8	  x9:0x00000001  x8:0x7ffcb1fb  x9=0x7ffcb1fb
      151685000	     15069	8000ada2	8e51	c.or	x12,x12	 x12:0x00000001 x12:0x00000001 x12=0x00000001
      151695000	     15070	8000ada4	8eb9	c.xor	x13,x14	 x13:0x00000001 x14:0xfc2e8000 x13=0xfc2e8001
      151705000	     15071	8000ada6	0331f363	bgeu	x3,x19,8000adcc	  x3:0x43300000 x19:0x80021e44
      151715000	     15072	8000adaa	04b95663	bge	x18,x11,8000adf6	 x18:0x00000000 x11:0x0000000d
      151725000	     15073	8000adae	40f6d1b3	sra	x3,x13,x15	 x13:0xfc2e8001 x15:0xffffffff  x3=0xffffffff
      151735000	     15074	8000adb2	01eb2fb3	slt	x31,x22,x30	 x22:0x6c918866 x30:0xfffffcec x31=0x00000000
      151745000	     15075	8000adb6	013a9893	slli	x17,x21,0x13	 x21:0x00000000 x17=0x00000000
      151755000	     15076	8000adba	013dcd33	xor	x26,x27,x19	 x27:0x80000000 x19:0x80021e44 x26=0x00021e44
      151765000	     15077	8000adbe	7d275337	lui	x6,0x7d275	  x6=0x7d275000
      151775000	     15078	8000adc2	8cb1	c.xor	x9,x12	  x9:0x7ffcb1fb x12:0x00000001  x9=0x7ffcb1fa
      151785000	     15079	8000adc4	41d15e93	srai	x29,x2,0x1d	  x2:0x02492590 x29=0x00000000
      151795000	     15080	8000adc8	0000100f	fence.i	
      151815000	     15082	8000adcc	41b0d113	srai	x2,x1,0x1b	  x1:0x00000000  x2=0x00000000
      151825000	     15083	8000add0	00ae8733	add	x14,x29,x10	 x29:0x00000000 x10:0x00000070 x14=0x00000070
      151835000	     15084	8000add4	93362913	slti	x18,x12,-1741	 x12:0x00000001 x18=0x00000000
      151845000	     15085	8000add8	00aa0833	add	x16,x20,x10	 x20:0xd0c87000 x10:0x00000070 x16=0xd0c87070
      151855000	     15086	8000addc	00c2dd33	srl	x26,x5,x12	  x5:0xfffff85d x12:0x00000001 x26=0x7ffffc2e
      151865000	     15087	8000ade0	bc298393	addi	x7,x19,-1086	 x19:0x80021e44  x7=0x80021a06
      151875000	     15088	8000ade4	00aab6b3	sltu	x13,x21,x10	 x21:0x00000000 x10:0x00000070 x13=0x00000001
      151885000	     15089	8000ade8	e585	c.bnez	x11,8000ae10	 x11:0x0000000d
      151905000	     15091	8000ae10	7be9ba93	sltiu	x21,x19,1982	 x19:0x80021e44 x21=0x00000000
      151915000	     15092	8000ae14	0ff0000f	fence	iorw,iorw	
      151925000	     15093	8000ae18	01179a13	slli	x20,x15,0x11	 x15:0xffffffff x20=0xfffe0000
      151935000	     15094	8000ae1c	419254b3	sra	x9,x4,x25	  x4:0x0012e720 x25:0x80025ce4  x9=0x00012e72
      151945000	     15095	8000ae20	0013b8b3	sltu	x17,x7,x1	  x7:0x80021a06  x1:0x00000000 x17=0x00000000
      151955000	     15096	8000ae24	12fd	c.addi	x5,-1	  x5:0xfffff85d  x5=0xfffff85c
      151975000	     15098	8000ae26	03746333	rem	x6,x8,x23	  x8:0x7ffcb1fb x23:0x00000000  x6=0x7ffcb1fb
      152005000	     15101	8000ae2a	024204b3	mul	x9,x4,x4	  x4:0x0012e720  x4:0x0012e720  x9=0x512ac400
      152015000	     15102	8000ae2e	587d	c.li	x16,-1	 x16=0xffffffff
      152025000	     15103	8000ae30	19ec3893	sltiu	x17,x24,414	 x24:0x00000000 x17=0x00000001
      152035000	     15104	8000ae34	9a7d	c.andi	x12,-1	 x12:0x00000001 x12=0x00000001
      152045000	     15105	8000ae36	0000100f	fence.i	
      152075000	     15108	8000ae3a	006ed193	srli	x3,x29,0x6	 x29:0x00000000  x3=0x00000000
      152115000	     15112	8000ae3e	0237b933	mulhu	x18,x15,x3	 x15:0xffffffff  x3:0x00000000 x18=0x00000000
      152125000	     15113	8000ae42	ec95	c.bnez	x9,8000ae7e	  x9:0x512ac400
      152145000	     15115	8000ae7e	9be2	c.add	x23,x24	 x23:0x00000000 x24:0x00000000 x23=0x00000000
      152165000	     15117	8000ae80	02294233	div	x4,x18,x2	 x18:0x00000000  x2:0x00000000  x4=0xffffffff
      152205000	     15121	8000ae84	024524b3	mulhsu	x9,x10,x4	 x10:0x00000070  x4:0xffffffff  x9=0x0000006f
      152245000	     15125	8000ae88	031f3733	mulhu	x14,x30,x17	 x30:0xfffffcec x17:0x00000001 x14=0x00000000
      152255000	     15126	8000ae8c	0b12	c.slli	x22,0x4	 x22:0x6c918866 x22=0xc9188660
      152625000	     15163	8000ae8e	026c4133	div	x2,x24,x6	 x24:0x00000000  x6:0x7ffcb1fb  x2=0x00000000
      152635000	     15164	8000ae92	8bad	c.andi	x15,11	 x15:0xffffffff x15=0x0000000b
      152645000	     15165	8000ae94	92c2	c.add	x5,x16	  x5:0xfffff85c x16:0xffffffff  x5=0xfffff85b
      152655000	     15166	8000ae96	c6993013	sltiu	x0,x18,-919	 x18:0x00000000  x0=0x00000000
      152665000	     15167	8000ae9a	003d6333	or	x6,x26,x3	 x26:0x7ffffc2e  x3:0x00000000  x6=0x7ffffc2e
      152675000	     15168	8000ae9e	0055da33	srl	x20,x11,x5	 x11:0x0000000d  x5:0xfffff85b x20=0x00000000
      152685000	     15169	8000aea2	3c676213	ori	x4,x14,966	 x14:0x00000000  x4=0x000003c6
      152695000	     15170	8000aea6	1ffc7e37	lui	x28,0x1ffc7	 x28=0x1ffc7000
      152705000	     15171	8000aeaa	0001	c.addi	x0,0	  x0:0x00000000  x0=0x00000000
      152715000	     15172	8000aeac	00a9d2b3	srl	x5,x19,x10	 x19:0x80021e44 x10:0x00000070  x5=0x00008002
      152725000	     15173	8000aeb0	01d69093	slli	x1,x13,0x1d	 x13:0x00000001  x1=0x20000000
      152765000	     15177	8000aeb4	025615b3	mulh	x11,x12,x5	 x12:0x00000001  x5:0x00008002 x11=0x00000000
      152775000	     15178	8000aeb8	0073d433	srl	x8,x7,x7	  x7:0x80021a06  x7:0x80021a06  x8=0x02000868
      152785000	     15179	8000aebc	001c86b3	add	x13,x25,x1	 x25:0x80025ce4  x1:0x20000000 x13=0xa0025ce4
      152795000	     15180	8000aec0	027bdb63	bge	x23,x7,8000aef6	 x23:0x00000000  x7:0x80021a06
      152815000	     15182	8000aef6	c319	c.beqz	x14,8000aefc	 x14:0x00000000
      152835000	     15184	8000aefc	022dd663	bge	x27,x2,8000af28	 x27:0x80000000  x2:0x00000000
      152845000	     15185	8000af00	01147133	and	x2,x8,x17	  x8:0x02000868 x17:0x00000001  x2=0x00000000
      152855000	     15186	8000af04	d5aa7213	andi	x4,x20,-678	 x20:0x00000000  x4=0x00000000
      152865000	     15187	8000af08	98ce	c.add	x17,x19	 x17:0x00000001 x19:0x80021e44 x17=0x80021e45
      152875000	     15188	8000af0a	010e2d33	slt	x26,x28,x16	 x28:0x1ffc7000 x16:0xffffffff x26=0x00000000
      152885000	     15189	8000af0e	21a8b593	sltiu	x11,x17,538	 x17:0x80021e45 x11=0x00000000
      152895000	     15190	8000af12	167d	c.addi	x12,-1	 x12:0x00000001 x12=0x00000000
      152935000	     15194	8000af14	03c5b7b3	mulhu	x15,x11,x28	 x11:0x00000000 x28:0x1ffc7000 x15=0x00000000
      153305000	     15231	8000af18	02737e33	remu	x28,x6,x7	  x6:0x7ffffc2e  x7:0x80021a06 x28=0x7ffffc2e
      153315000	     15232	8000af1c	9f4fb2b7	lui	x5,0x9f4fb	  x5=0x9f4fb000
      153335000	     15234	8000af20	02bde333	rem	x6,x27,x11	 x27:0x80000000 x11:0x00000000  x6=0x80000000
      153345000	     15235	8000af24	8c8d	c.sub	x9,x11	  x9:0x0000006f x11:0x00000000  x9=0x0000006f
      153355000	     15236	8000af26	8c79	c.and	x8,x14	  x8:0x02000868 x14:0x00000000  x8=0x00000000
      153725000	     15273	8000af28	02a1e3b3	rem	x7,x3,x10	  x3:0x00000000 x10:0x00000070  x7=0x00000000
      154095000	     15310	8000af2c	03e0eeb3	rem	x29,x1,x30	  x1:0x20000000 x30:0xfffffcec x29=0x000000d0
      154105000	     15311	8000af30	018bf833	and	x16,x23,x24	 x23:0x00000000 x24:0x00000000 x16=0x00000000
      154115000	     15312	8000af34	020a0363	beq	x20,x0,8000af5a	 x20:0x00000000  x0:0x00000000
      154175000	     15318	8000af5a	03aa2fb3	mulhsu	x31,x20,x26	 x20:0x00000000 x26:0x00000000 x31=0x00000000
      154185000	     15319	8000af5e	e0018517	auipc	x10,0xe0018	 x10=0x60022f5e
      154195000	     15320	8000af62	8cd9	c.or	x9,x14	  x9:0x0000006f x14:0x00000000  x9=0x0000006f
      154205000	     15321	8000af64	01299d33	sll	x26,x19,x18	 x19:0x80021e44 x18:0x00000000 x26=0x80021e44
      154215000	     15322	8000af68	890d	c.andi	x10,3	 x10:0x60022f5e x10=0x00000002
      154585000	     15359	8000af6a	03abde33	divu	x28,x23,x26	 x23:0x00000000 x26:0x80021e44 x28=0x00000000
      154595000	     15360	8000af6e	40538f33	sub	x30,x7,x5	  x7:0x00000000  x5:0x9f4fb000 x30=0x60b05000
      154605000	     15361	8000af72	01b594b3	sll	x9,x11,x27	 x11:0x00000000 x27:0x80000000  x9=0x00000000
      154615000	     15362	8000af76	e499	c.bnez	x9,8000af84	  x9:0x00000000
      154625000	     15363	8000af78	0001	c.addi	x0,0	  x0:0x00000000  x0=0x00000000
      154635000	     15364	8000af7a	916e	c.add	x2,x27	  x2:0x00000000 x27:0x80000000  x2=0x80000000
      154645000	     15365	8000af7c	b7b68413	addi	x8,x13,-1157	 x13:0xa0025ce4  x8=0xa002585f
      154655000	     15366	8000af80	40035513	srai	x10,x6,0x0	  x6:0x80000000 x10=0x80000000
      154665000	     15367	8000af84	717d	c.addi16sp	x2,-16	  x2:0x80000000  x2=0x7ffffff0
      154685000	     15369	8000af86	0354e8b3	rem	x17,x9,x21	  x9:0x00000000 x21:0x00000000 x17=0x00000000
      154695000	     15370	8000af8a	363fe297	auipc	x5,0x363fe	  x5=0xb6408f8a
      154705000	     15371	8000af8e	58f4eab7	lui	x21,0x58f4e	 x21=0x58f4e000
      154715000	     15372	8000af92	019a9a33	sll	x20,x21,x25	 x21:0x58f4e000 x25:0x80025ce4 x20=0x8f4e0000
      154725000	     15373	8000af96	027f0f63	beq	x30,x7,8000afd4	 x30:0x60b05000  x7:0x00000000
      154735000	     15374	8000af9a	53cc47b7	lui	x15,0x53cc4	 x15=0x53cc4000
      154745000	     15375	8000af9e	4170d6b3	sra	x13,x1,x23	  x1:0x20000000 x23:0x00000000 x13=0x20000000
      154755000	     15376	8000afa2	c1ce3e97	auipc	x29,0xc1ce3	 x29=0x41cedfa2
      154765000	     15377	8000afa6	8dcd	c.or	x11,x11	 x11:0x00000000 x11:0x00000000 x11=0x00000000
      154775000	     15378	8000afa8	8da1	c.xor	x11,x8	 x11:0x00000000  x8:0xa002585f x11=0xa002585f
      154785000	     15379	8000afaa	81687713	andi	x14,x16,-2026	 x16:0x00000000 x14=0x00000000
      154795000	     15380	8000afae	40d65933	sra	x18,x12,x13	 x12:0x00000000 x13:0x20000000 x18=0x00000000
      154805000	     15381	8000afb2	000acab3	xor	x21,x21,x0	 x21:0x58f4e000  x0:0x00000000 x21=0x58f4e000
      154815000	     15382	8000afb6	8c35	c.xor	x8,x13	  x8:0xa002585f x13:0x20000000  x8=0x8002585f
      154825000	     15383	8000afb8	009f1e13	slli	x28,x30,0x9	 x30:0x60b05000 x28=0x60a00000
      154835000	     15384	8000afbc	16fd	c.addi	x13,-1	 x13:0x20000000 x13=0x1fffffff
      154845000	     15385	8000afbe	01c0df93	srli	x31,x1,0x1c	  x1:0x20000000 x31=0x00000002
      154855000	     15386	8000afc2	013c9263	bne	x25,x19,8000afc6	 x25:0x80025ce4 x19:0x80021e44
      154885000	     15389	8000afc6	0000100f	fence.i	
      154915000	     15392	8000afca	01d3c6b3	xor	x13,x7,x29	  x7:0x00000000 x29:0x41cedfa2 x13=0x41cedfa2
      154925000	     15393	8000afce	8031	c.srli	x8,0xc	  x8:0x8002585f  x8=0x00080025
      154935000	     15394	8000afd0	859ad337	lui	x6,0x859ad	  x6=0x859ad000
      154945000	     15395	8000afd4	00a2c5b3	xor	x11,x5,x10	  x5:0xb6408f8a x10:0x80000000 x11=0x36408f8a
      154955000	     15396	8000afd8	00b32b33	slt	x22,x6,x11	  x6:0x859ad000 x11:0x36408f8a x22=0x00000001
      155325000	     15433	8000afdc	03e3e233	rem	x4,x7,x30	  x7:0x00000000 x30:0x60b05000  x4=0x00000000
      155335000	     15434	8000afe0	040d6293	ori	x5,x26,64	 x26:0x80021e44  x5=0x80021e44
      155345000	     15435	8000afe4	00a98b33	add	x22,x19,x10	 x19:0x80021e44 x10:0x80000000 x22=0x00021e44
      155715000	     15472	8000afe8	0358e333	rem	x6,x17,x21	 x17:0x00000000 x21:0x58f4e000  x6=0x00000000
      155725000	     15473	8000afec	01aa0833	add	x16,x20,x26	 x20:0x8f4e0000 x26:0x80021e44 x16=0x0f501e44
      155735000	     15474	8000aff0	0001	c.addi	x0,0	  x0:0x00000000  x0=0x00000000
      155745000	     15475	8000aff2	00181413	slli	x8,x16,0x1	 x16:0x0f501e44  x8=0x1ea03c88
      155755000	     15476	8000aff6	0001	c.addi	x0,0	  x0:0x00000000  x0=0x00000000
      155765000	     15477	8000aff8	01d72d33	slt	x26,x14,x29	 x14:0x00000000 x29:0x41cedfa2 x26=0x00000001
      155775000	     15478	8000affc	41118733	sub	x14,x3,x17	  x3:0x00000000 x17:0x00000000 x14=0x00000000
      155785000	     15479	8000b000	0000100f	fence.i	
      155805000	     15481	8000b004	27710413	addi	x8,x2,631	  x2:0x7ffffff0  x8=0x80000267
      155825000	     15483	8000b008	02e3fbb3	remu	x23,x7,x14	  x7:0x00000000 x14:0x00000000 x23=0x00000000
      155855000	     15486	8000b00c	037a03b3	mul	x7,x20,x23	 x20:0x8f4e0000 x23:0x00000000  x7=0x00000000
      155865000	     15487	8000b010	f1c52713	slti	x14,x10,-228	 x10:0x80000000 x14=0x00000001
      155905000	     15491	8000b014	03a6ba33	mulhu	x20,x13,x26	 x13:0x41cedfa2 x26:0x00000001 x20=0x00000000
      155915000	     15492	8000b018	00c7d333	srl	x6,x15,x12	 x15:0x53cc4000 x12:0x00000000  x6=0x53cc4000
      155925000	     15493	8000b01c	0fac4f93	xori	x31,x24,250	 x24:0x00000000 x31=0x000000fa
      155935000	     15494	8000b020	00dfe033	or	x0,x31,x13	 x31:0x000000fa x13:0x41cedfa2  x0=0x00000000
      155945000	     15495	8000b024	8da5	c.xor	x11,x9	 x11:0x36408f8a  x9:0x00000000 x11=0x36408f8a
      155955000	     15496	8000b026	0e6e	c.slli	x28,0x1b	 x28:0x60a00000 x28=0x00000000
      155965000	     15497	8000b028	05260363	beq	x12,x18,8000b06e	 x12:0x00000000 x18:0x00000000
      155995000	     15500	8000b06e	012c34b3	sltu	x9,x24,x18	 x24:0x00000000 x18:0x00000000  x9=0x00000000
      156035000	     15504	8000b072	02881233	mulh	x4,x16,x8	 x16:0x0f501e44  x8:0x80000267  x4=0xf857f102
      156045000	     15505	8000b076	6831	c.lui	x16,0xc	 x16=0x0000c000
      156055000	     15506	8000b078	00f5db33	srl	x22,x11,x15	 x11:0x36408f8a x15:0x53cc4000 x22=0x36408f8a
      156065000	     15507	8000b07c	8f59	c.or	x14,x14	 x14:0x00000001 x14:0x00000001 x14=0x00000001
      156075000	     15508	8000b07e	03f2	c.slli	x7,0x1c	  x7:0x00000000  x7=0x00000000
      156085000	     15509	8000b080	0d2e	c.slli	x26,0xb	 x26:0x00000001 x26=0x00000800
      156095000	     15510	8000b082	40935893	srai	x17,x6,0x9	  x6:0x53cc4000 x17=0x0029e620
      156105000	     15511	8000b086	00434533	xor	x10,x6,x4	  x6:0x53cc4000  x4:0xf857f102 x10=0xab9bb102
      156115000	     15512	8000b08a	0000100f	fence.i	
      156135000	     15514	8000b08e	ef11	c.bnez	x14,8000b0aa	 x14:0x00000001
      156165000	     15517	8000b0aa	0ff0000f	fence	iorw,iorw	
      156175000	     15518	8000b0ae	9bfd	c.andi	x15,-1	 x15:0x53cc4000 x15=0x53cc4000
      156185000	     15519	8000b0b0	c519	c.beqz	x10,8000b0be	 x10:0xab9bb102
      156195000	     15520	8000b0b2	6c59	c.lui	x24,0x16	 x24=0x00016000
      156205000	     15521	8000b0b4	05258813	addi	x16,x11,82	 x11:0x36408f8a x16=0x36408fdc
      156215000	     15522	8000b0b8	01ef7633	and	x12,x30,x30	 x30:0x60b05000 x30:0x60b05000 x12=0x60b05000
      156225000	     15523	8000b0bc	981a	c.add	x16,x6	 x16:0x36408fdc  x6:0x53cc4000 x16=0x8a0ccfdc
      156235000	     15524	8000b0be	018c	c.addi4spn	x11,x2,192	 x11=0x800000b0
      156245000	     15525	8000b0c0	1d90	c.addi4spn	x12,x2,752	 x12=0x800002e0
      156255000	     15526	8000b0c2	00918d33	add	x26,x3,x9	  x3:0x00000000  x9:0x00000000 x26=0x00000000
      156265000	     15527	8000b0c6	cb85	c.beqz	x15,8000b0f6	 x15:0x53cc4000
      156275000	     15528	8000b0c8	8061	c.srli	x8,0x18	  x8:0x80000267  x8=0x00000080
      156285000	     15529	8000b0ca	9a3a	c.add	x20,x14	 x20:0x00000000 x14:0x00000001 x20=0x00000001
      156295000	     15530	8000b0cc	8f7a2e13	slti	x28,x20,-1801	 x20:0x00000001 x28=0x00000000
      156335000	     15534	8000b0d0	02512e33	mulhsu	x28,x2,x5	  x2:0x7ffffff0  x5:0x80021e44 x28=0x40010f19
      156345000	     15535	8000b0d4	94d2	c.add	x9,x20	  x9:0x00000000 x20:0x00000001  x9=0x00000001
      156355000	     15536	8000b0d6	fc79dbb7	lui	x23,0xfc79d	 x23=0xfc79d000
      156365000	     15537	8000b0da	81d5	c.srli	x11,0x15	 x11:0x800000b0 x11=0x00000400
      156375000	     15538	8000b0dc	e121	c.bnez	x10,8000b11c	 x10:0xab9bb102
      156395000	     15540	8000b11c	6529	c.lui	x10,0xa	 x10=0x0000a000
      156405000	     15541	8000b11e	01a885b3	add	x11,x17,x26	 x17:0x0029e620 x26:0x00000000 x11=0x0029e620
      156415000	     15542	8000b122	8eb9	c.xor	x13,x14	 x13:0x41cedfa2 x14:0x00000001 x13=0x41cedfa3
      156425000	     15543	8000b124	9a7d	c.andi	x12,-1	 x12:0x800002e0 x12=0x800002e0
      156435000	     15544	8000b126	0132a6b3	slt	x13,x5,x19	  x5:0x80021e44 x19:0x80021e44 x13=0x00000000
      156805000	     15581	8000b12a	03e3c5b3	div	x11,x7,x30	  x7:0x00000000 x30:0x60b05000 x11=0x00000000
      156815000	     15582	8000b12e	41dadb33	sra	x22,x21,x29	 x21:0x58f4e000 x29:0x41cedfa2 x22=0x163d3800
      156825000	     15583	8000b132	8ac9	c.andi	x13,18	 x13:0x00000000 x13=0x00000000
      156855000	     15586	8000b134	03cc0133	mul	x2,x24,x28	 x24:0x00016000 x28:0x40010f19  x2=0x74c26000
      156895000	     15590	8000b138	03622e33	mulhsu	x28,x4,x22	  x4:0xf857f102 x22:0x163d3800 x28=0xff55b9fd
      156905000	     15591	8000b13c	01caee33	or	x28,x21,x28	 x21:0x58f4e000 x28:0xff55b9fd x28=0xfff5f9fd
      156915000	     15592	8000b140	8aea	c.mv	x21,x26	  x0:0x00000000 x26:0x00000000 x21=0x00000000
      156925000	     15593	8000b142	02251063	bne	x10,x2,8000b162	 x10:0x0000a000  x2:0x74c26000
      156985000	     15599	8000b162	03ec17b3	mulh	x15,x24,x30	 x24:0x00016000 x30:0x60b05000 x15=0x000084f2
      157355000	     15636	8000b166	028efb33	remu	x22,x29,x8	 x29:0x41cedfa2  x8:0x00000080 x22=0x00000022
      157365000	     15637	8000b16a	0149fc33	and	x24,x19,x20	 x19:0x80021e44 x20:0x00000001 x24=0x00000000
      157375000	     15638	8000b16e	00bb7e33	and	x28,x22,x11	 x22:0x00000022 x11:0x00000000 x28=0x00000000
      157385000	     15639	8000b172	8c89	c.sub	x9,x10	  x9:0x00000001 x10:0x0000a000  x9=0xffff6001
      157395000	     15640	8000b174	8f31	c.xor	x14,x12	 x14:0x00000001 x12:0x800002e0 x14=0x800002e1
      157405000	     15641	8000b176	c0b20e93	addi	x29,x4,-1013	  x4:0xf857f102 x29=0xf857ed0d
      157415000	     15642	8000b17a	8f39	c.xor	x14,x14	 x14:0x800002e1 x14:0x800002e1 x14=0x00000000
      157425000	     15643	8000b17c	0001	c.addi	x0,0	  x0:0x00000000  x0=0x00000000
      157435000	     15644	8000b17e	e2a9	c.bnez	x13,8000b1c0	 x13:0x00000000
      157475000	     15648	8000b180	020698b3	mulh	x17,x13,x0	 x13:0x00000000  x0:0x00000000 x17=0x00000000
      157485000	     15649	8000b184	0001	c.addi	x0,0	  x0:0x00000000  x0=0x00000000
      157495000	     15650	8000b186	00bada63	bge	x21,x11,8000b19a	 x21:0x00000000 x11:0x00000000
      157525000	     15653	8000b19a	018fc0b3	xor	x1,x31,x24	 x31:0x000000fa x24:0x00000000  x1=0x000000fa
      157535000	     15654	8000b19e	8ef1	c.and	x13,x12	 x13:0x00000000 x12:0x800002e0 x13=0x00000000
      157545000	     15655	8000b1a0	02e29063	bne	x5,x14,8000b1c0	  x5:0x80021e44 x14:0x00000000
      157565000	     15657	8000b1c0	0169d013	srli	x0,x19,0x16	 x19:0x80021e44  x0=0x00000000
      157575000	     15658	8000b1c4	01999263	bne	x19,x25,8000b1c8	 x19:0x80021e44 x25:0x80025ce4
      157595000	     15660	8000b1c8	01f4c5b3	xor	x11,x9,x31	  x9:0xffff6001 x31:0x000000fa x11=0xffff60fb
      157615000	     15662	8000b1cc	0388dc33	divu	x24,x17,x24	 x17:0x00000000 x24:0x00000000 x24=0xffffffff
      157625000	     15663	8000b1d0	0001	c.addi	x0,0	  x0:0x00000000  x0=0x00000000
      157635000	     15664	8000b1d2	0631	c.addi	x12,12	 x12:0x800002e0 x12=0x800002ec
      157645000	     15665	8000b1d4	013c9f13	slli	x30,x25,0x13	 x25:0x80025ce4 x30=0xe7200000
      157655000	     15666	8000b1d8	0004c333	xor	x6,x9,x0	  x9:0xffff6001  x0:0x00000000  x6=0xffff6001
      157665000	     15667	8000b1dc	01e79c13	slli	x24,x15,0x1e	 x15:0x000084f2 x24=0x80000000
      157675000	     15668	8000b1e0	8d29	c.xor	x10,x10	 x10:0x0000a000 x10:0x0000a000 x10=0x00000000
      157685000	     15669	8000b1e2	0143a8b3	slt	x17,x7,x20	  x7:0x00000000 x20:0x00000001 x17=0x00000001
      157695000	     15670	8000b1e6	9836	c.add	x16,x13	 x16:0x8a0ccfdc x13:0x00000000 x16=0x8a0ccfdc
      157705000	     15671	8000b1e8	fb928093	addi	x1,x5,-71	  x5:0x80021e44  x1=0x80021dfd
      157715000	     15672	8000b1ec	00a624b3	slt	x9,x12,x10	 x12:0x800002ec x10:0x00000000  x9=0x00000001
      157745000	     15675	8000b1f0	029388b3	mul	x17,x7,x9	  x7:0x00000000  x9:0x00000001 x17=0x00000000
      157755000	     15676	8000b1f4	011e0fb3	add	x31,x28,x17	 x28:0x00000000 x17:0x00000000 x31=0x00000000
      157765000	     15677	8000b1f8	0001	c.addi	x0,0	  x0:0x00000000  x0=0x00000000
      157775000	     15678	8000b1fa	86fdaa13	slti	x20,x27,-1937	 x27:0x80000000 x20=0x00000001
      157785000	     15679	8000b1fe	8fd0cb93	xori	x23,x1,-1795	  x1:0x80021dfd x23=0x7ffde500
      157795000	     15680	8000b202	01be4a33	xor	x20,x28,x27	 x28:0x00000000 x27:0x80000000 x20=0x80000000
      157835000	     15684	8000b206	02ffa033	mulhsu	x0,x31,x15	 x31:0x00000000 x15:0x000084f2  x0=0x00000000
      157845000	     15685	8000b20a	41935793	srai	x15,x6,0x19	  x6:0xffff6001 x15=0xffffffff
      157855000	     15686	8000b20e	8821	c.andi	x8,8	  x8:0x00000080  x8=0x00000000
      157865000	     15687	8000b210	00185f93	srli	x31,x16,0x1	 x16:0x8a0ccfdc x31=0x450667ee
      157875000	     15688	8000b214	000f7363	bgeu	x30,x0,8000b21a	 x30:0xe7200000  x0:0x00000000
      157905000	     15691	8000b21a	01258963	beq	x11,x18,8000b22c	 x11:0xffff60fb x18:0x00000000
      157915000	     15692	8000b21e	0153abb3	slt	x23,x7,x21	  x7:0x00000000 x21:0x00000000 x23=0x00000000
      157925000	     15693	8000b222	966e	c.add	x12,x27	 x12:0x800002ec x27:0x80000000 x12=0x000002ec
      157935000	     15694	8000b224	01469393	slli	x7,x13,0x14	 x13:0x00000000  x7=0x00000000
      157945000	     15695	8000b228	005f2433	slt	x8,x30,x5	 x30:0xe7200000  x5:0x80021e44  x8=0x00000000
      157955000	     15696	8000b22c	8f19	c.sub	x14,x14	 x14:0x00000000 x14:0x00000000 x14=0x00000000
      157965000	     15697	8000b22e	00fc5fb3	srl	x31,x24,x15	 x24:0x80000000 x15:0xffffffff x31=0x00000001
      157975000	     15698	8000b232	e49c6713	ori	x14,x24,-439	 x24:0x80000000 x14=0xfffffe49
      157985000	     15699	8000b236	014154b3	srl	x9,x2,x20	  x2:0x74c26000 x20:0x80000000  x9=0x74c26000
      157995000	     15700	8000b23a	04a5c163	blt	x11,x10,8000b27c	 x11:0xffff60fb x10:0x00000000
      158015000	     15702	8000b27c	00d1f733	and	x14,x3,x13	  x3:0x00000000 x13:0x00000000 x14=0x00000000
      158025000	     15703	8000b280	c105	c.beqz	x10,8000b2a0	 x10:0x00000000
      158045000	     15705	8000b2a0	01f61293	slli	x5,x12,0x1f	 x12:0x000002ec  x5=0x00000000
      158055000	     15706	8000b2a4	0001	c.addi	x0,0	  x0:0x00000000  x0=0x00000000
      158065000	     15707	8000b2a6	029ada63	bge	x21,x9,8000b2da	 x21:0x00000000  x9:0x74c26000
      158075000	     15708	8000b2aa	40d583b3	sub	x7,x11,x13	 x11:0xffff60fb x13:0x00000000  x7=0xffff60fb
      158085000	     15709	8000b2ae	eb8d	c.bnez	x15,8000b2e0	 x15:0xffffffff
      158105000	     15711	8000b2e0	8f31	c.xor	x14,x12	 x14:0x00000000 x12:0x000002ec x14=0x000002ec
      158115000	     15712	8000b2e2	40380ab3	sub	x21,x16,x3	 x16:0x8a0ccfdc  x3:0x00000000 x21=0x8a0ccfdc
      158125000	     15713	8000b2e6	8412	c.mv	x8,x4	  x0:0x00000000  x4:0xf857f102  x8=0xf857f102
      158495000	     15750	8000b2e8	02fe67b3	rem	x15,x28,x15	 x28:0x00000000 x15:0xffffffff x15=0x00000000
      158525000	     15753	8000b2ec	02860033	mul	x0,x12,x8	 x12:0x000002ec  x8:0xf857f102  x0=0x00000000
      158895000	     15790	8000b2f0	0282d933	divu	x18,x5,x8	  x5:0x00000000  x8:0xf857f102 x18=0x00000000
      158905000	     15791	8000b2f4	9a7d	c.andi	x12,-1	 x12:0x000002ec x12=0x000002ec
      158915000	     15792	8000b2f6	8e69	c.and	x12,x10	 x12:0x000002ec x10:0x00000000 x12=0x00000000
      159285000	     15829	8000b2f8	02ec5c33	divu	x24,x24,x14	 x24:0x80000000 x14:0x000002ec x24=0x002bceb7
      159295000	     15830	8000b2fc	717d	c.addi16sp	x2,-16	  x2:0x74c26000  x2=0x74c25ff0
      159305000	     15831	8000b2fe	e981	c.bnez	x11,8000b30e	 x11:0xffff60fb
      159365000	     15837	8000b30e	0399b5b3	mulhu	x11,x19,x25	 x19:0x80021e44 x25:0x80025ce4 x11=0x40023d99
      159375000	     15838	8000b312	1384	c.addi4spn	x9,x2,480	  x9=0x74c261d0
      159745000	     15875	8000b314	0307e0b3	rem	x1,x15,x16	 x15:0x00000000 x16:0x8a0ccfdc  x1=0x00000000
      159755000	     15876	8000b318	8bad	c.andi	x15,11	 x15:0x00000000 x15=0x00000000
      159765000	     15877	8000b31a	0001	c.addi	x0,0	  x0:0x00000000  x0=0x00000000
      159775000	     15878	8000b31c	00bf76b3	and	x13,x30,x11	 x30:0xe7200000 x11:0x40023d99 x13=0x40000000
      159785000	     15879	8000b320	4f4cd617	auipc	x12,0x4f4cd	 x12=0xcf4d8320
      159795000	     15880	8000b324	8631	c.srai	x12,0xc	 x12:0xcf4d8320 x12=0xfffcf4d8
      159805000	     15881	8000b326	00ca	c.slli	x1,0x12	  x1:0x00000000  x1=0x00000000
      159815000	     15882	8000b328	8e71	c.and	x12,x12	 x12:0xfffcf4d8 x12:0xfffcf4d8 x12=0xfffcf4d8
      159825000	     15883	8000b32a	0196da33	srl	x20,x13,x25	 x13:0x40000000 x25:0x80025ce4 x20=0x04000000
      159835000	     15884	8000b32e	057ee263	bltu	x29,x23,8000b372	 x29:0xf857ed0d x23:0x00000000
      159845000	     15885	8000b332	15fd	c.addi	x11,-1	 x11:0x40023d99 x11=0x40023d98
      159855000	     15886	8000b334	0359c963	blt	x19,x21,8000b366	 x19:0x80021e44 x21:0x8a0ccfdc
      159885000	     15889	8000b366	d007f613	andi	x12,x15,-768	 x15:0x00000000 x12=0x00000000
      159895000	     15890	8000b36a	4275	c.li	x4,29	  x4=0x0000001d
      159905000	     15891	8000b36c	016fa133	slt	x2,x31,x22	 x31:0x00000001 x22:0x00000022  x2=0x00000001
      159915000	     15892	8000b370	597d	c.li	x18,-1	 x18=0xffffffff
      159925000	     15893	8000b372	1bfd	c.addi	x23,-1	 x23:0x00000000 x23=0xffffffff
      159935000	     15894	8000b374	02306663	bltu	x0,x3,8000b3a0	  x0:0x00000000  x3:0x00000000
      159945000	     15895	8000b378	32fe7393	andi	x7,x28,815	 x28:0x00000000  x7=0x00000000
      159955000	     15896	8000b37c	00869413	slli	x8,x13,0x8	 x13:0x40000000  x8=0x00000000
      159965000	     15897	8000b380	00c16463	bltu	x2,x12,8000b388	  x2:0x00000001 x12:0x00000000
      159975000	     15898	8000b384	02449463	bne	x9,x4,8000b3ac	  x9:0x74c261d0  x4:0x0000001d
      159995000	     15900	8000b3ac	02bc8763	beq	x25,x11,8000b3da	 x25:0x80025ce4 x11:0x40023d98
      160005000	     15901	8000b3b0	0001	c.addi	x0,0	  x0:0x00000000  x0=0x00000000
      160015000	     15902	8000b3b2	c89d	c.beqz	x9,8000b3e8	  x9:0x74c261d0
      160385000	     15939	8000b3b4	02ded233	divu	x4,x29,x13	 x29:0xf857ed0d x13:0x40000000  x4=0x00000003
      160395000	     15940	8000b3b8	018be233	or	x4,x23,x24	 x23:0xffffffff x24:0x002bceb7  x4=0xffffffff
      160405000	     15941	8000b3bc	eba64a93	xori	x21,x12,-326	 x12:0x00000000 x21=0xfffffeba
      160415000	     15942	8000b3c0	cf09	c.beqz	x14,8000b3da	 x14:0x000002ec
      160435000	     15944	8000b3c2	025dd533	divu	x10,x27,x5	 x27:0x80000000  x5:0x00000000 x10=0xffffffff
      160445000	     15945	8000b3c6	8c5d	c.or	x8,x15	  x8:0x00000000 x15:0x00000000  x8=0x00000000
      160455000	     15946	8000b3c8	70adba17	auipc	x20,0x70adb	 x20=0xf0ae63c8
      160465000	     15947	8000b3cc	0001	c.addi	x0,0	  x0:0x00000000  x0=0x00000000
      160475000	     15948	8000b3ce	8f8d	c.sub	x15,x11	 x15:0x00000000 x11:0x40023d98 x15=0xbffdc268
      160485000	     15949	8000b3d0	614d	c.addi16sp	x2,176	  x2:0x00000001  x2=0x000000b1
      160495000	     15950	8000b3d2	405257b3	sra	x15,x4,x5	  x4:0xffffffff  x5:0x00000000 x15=0xffffffff
      160505000	     15951	8000b3d6	01428963	beq	x5,x20,8000b3e8	  x5:0x00000000 x20:0xf0ae63c8
      160515000	     15952	8000b3da	87b9	c.srai	x15,0xe	 x15:0xffffffff x15=0xffffffff
      160525000	     15953	8000b3dc	41090613	addi	x12,x18,1040	 x18:0xffffffff x12=0x0000040f
      160535000	     15954	8000b3e0	18fd	c.addi	x17,-1	 x17:0x00000000 x17=0xffffffff
      160545000	     15955	8000b3e2	08660413	addi	x8,x12,134	 x12:0x0000040f  x8=0x00000495
      160555000	     15956	8000b3e6	717d	c.addi16sp	x2,-16	  x2:0x000000b1  x2=0x000000a1
      160565000	     15957	8000b3e8	8265	c.srli	x12,0x19	 x12:0x0000040f x12=0x00000000
      160575000	     15958	8000b3ea	8c99	c.sub	x9,x14	  x9:0x74c261d0 x14:0x000002ec  x9=0x74c25ee4
      160585000	     15959	8000b3ec	1e80	c.addi4spn	x8,x2,880	  x8=0x00000411
      160595000	     15960	8000b3ee	0001	c.addi	x0,0	  x0:0x00000000  x0=0x00000000
      160605000	     15961	8000b3f0	877d	c.srai	x14,0x1f	 x14:0x000002ec x14=0x00000000
      160615000	     15962	8000b3f2	40ba0bb3	sub	x23,x20,x11	 x20:0xf0ae63c8 x11:0x40023d98 x23=0xb0ac2630
      160625000	     15963	8000b3f6	0284f763	bgeu	x9,x8,8000b424	  x9:0x74c25ee4  x8:0x00000411
      160645000	     15965	8000b424	6931	c.lui	x18,0xc	 x18=0x0000c000
      160685000	     15969	8000b426	02763eb3	mulhu	x29,x12,x7	 x12:0x00000000  x7:0x00000000 x29=0x00000000
      160695000	     15970	8000b42a	8cdd	c.or	x9,x15	  x9:0x74c25ee4 x15:0xffffffff  x9=0xffffffff
      160735000	     15974	8000b42c	02e99933	mulh	x18,x19,x14	 x19:0x80021e44 x14:0x00000000 x18=0x00000000
      160745000	     15975	8000b430	52304613	xori	x12,x0,1315	  x0:0x00000000 x12=0x00000523
      160755000	     15976	8000b434	403b00b3	sub	x1,x22,x3	 x22:0x00000022  x3:0x00000000  x1=0x00000022
      160765000	     15977	8000b438	8cc1	c.or	x9,x8	  x9:0xffffffff  x8:0x00000411  x9=0xffffffff
      160775000	     15978	8000b43a	0ff0000f	fence	iorw,iorw	
      160785000	     15979	8000b43e	8efa	c.mv	x29,x30	  x0:0x00000000 x30:0xe7200000 x29=0xe7200000
      160795000	     15980	8000b440	8f5e	c.mv	x30,x23	  x0:0x00000000 x23:0xb0ac2630 x30=0xb0ac2630
      160805000	     15981	8000b442	0b5a	c.slli	x22,0x16	 x22:0x00000022 x22=0x08800000
      160815000	     15982	8000b444	997d	c.andi	x10,-1	 x10:0xffffffff x10=0xffffffff
      160825000	     15983	8000b446	434d	c.li	x6,19	  x6=0x00000013
      160835000	     15984	8000b448	9ef6	c.add	x29,x29	 x29:0xe7200000 x29:0xe7200000 x29=0xce400000
      160845000	     15985	8000b44a	01695193	srli	x3,x18,0x16	 x18:0x00000000  x3=0x00000000
      160855000	     15986	8000b44e	005f6d33	or	x26,x30,x5	 x30:0xb0ac2630  x5:0x00000000 x26=0xb0ac2630
      160865000	     15987	8000b452	00338433	add	x8,x7,x3	  x7:0x00000000  x3:0x00000000  x8=0x00000000
      160875000	     15988	8000b456	f6968013	addi	x0,x13,-151	 x13:0x40000000  x0=0x00000000
      160885000	     15989	8000b45a	0158bc33	sltu	x24,x17,x21	 x17:0xffffffff x21:0xfffffeba x24=0x00000000
      160895000	     15990	8000b45e	ae317b93	andi	x23,x2,-1309	  x2:0x000000a1 x23=0x000000a1
      161265000	     16027	8000b462	0300f733	remu	x14,x1,x16	  x1:0x00000022 x16:0x8a0ccfdc x14=0x00000022
      161275000	     16028	8000b466	9a7d	c.andi	x12,-1	 x12:0x00000523 x12=0x00000523
      161285000	     16029	8000b468	01202c33	slt	x24,x0,x18	  x0:0x00000000 x18:0x00000000 x24=0x00000000
      161295000	     16030	8000b46c	41cbdf93	srai	x31,x23,0x1c	 x23:0x000000a1 x31=0x00000000
      161335000	     16034	8000b470	02a12fb3	mulhsu	x31,x2,x10	  x2:0x000000a1 x10:0xffffffff x31=0x000000a0
      161345000	     16035	8000b474	02431463	bne	x6,x4,8000b49c	  x6:0x00000013  x4:0xffffffff
      161365000	     16037	8000b49c	0001	c.addi	x0,0	  x0:0x00000000  x0=0x00000000
      161375000	     16038	8000b49e	01064033	xor	x0,x12,x16	 x12:0x00000523 x16:0x8a0ccfdc  x0=0x00000000
      161385000	     16039	8000b4a2	654d	c.lui	x10,0x13	 x10=0x00013000
      161395000	     16040	8000b4a4	632ee593	ori	x11,x29,1586	 x29:0xce400000 x11=0xce400632
      161405000	     16041	8000b4a8	611d	c.addi16sp	x2,416	  x2:0x000000a1  x2=0x00000241
      161415000	     16042	8000b4aa	8c95	c.sub	x9,x13	  x9:0xffffffff x13:0x40000000  x9=0xbfffffff
      161455000	     16046	8000b4ac	021414b3	mulh	x9,x8,x1	  x8:0x00000000  x1:0x00000022  x9=0x00000000
      161465000	     16047	8000b4b0	0521	c.addi	x10,8	 x10:0x00013000 x10=0x00013008
      161475000	     16048	8000b4b2	c01d	c.beqz	x8,8000b4d8	  x8:0x00000000
      161495000	     16050	8000b4d8	0084d313	srli	x6,x9,0x8	  x9:0x00000000  x6=0x00000000
      161505000	     16051	8000b4dc	01830f33	add	x30,x6,x24	  x6:0x00000000 x24:0x00000000 x30=0x00000000
      161515000	     16052	8000b4e0	0040f463	bgeu	x1,x4,8000b4e8	  x1:0x00000022  x4:0xffffffff
      161885000	     16089	8000b4e4	03bf4833	div	x16,x30,x27	 x30:0x00000000 x27:0x80000000 x16=0x00000000
      161905000	     16091	8000b4e8	03055733	divu	x14,x10,x16	 x10:0x00013008 x16:0x00000000 x14=0xffffffff
      161915000	     16092	8000b4ec	00c8a133	slt	x2,x17,x12	 x17:0xffffffff x12:0x00000523  x2=0x00000001
      161925000	     16093	8000b4f0	0ff0000f	fence	iorw,iorw	
      161935000	     16094	8000b4f4	17140737	lui	x14,0x17140	 x14=0x17140000
      161945000	     16095	8000b4f8	0001	c.addi	x0,0	  x0:0x00000000  x0=0x00000000
      161955000	     16096	8000b4fa	69a0b697	auipc	x13,0x69a0b	 x13=0xe9a164fa
      161965000	     16097	8000b4fe	0190dc13	srli	x24,x1,0x19	  x1:0x00000022 x24=0x00000000
      161975000	     16098	8000b502	8f25	c.xor	x14,x9	 x14:0x17140000  x9:0x00000000 x14=0x17140000
      161985000	     16099	8000b504	41ec5333	sra	x6,x24,x30	 x24:0x00000000 x30:0x00000000  x6=0x00000000
      161995000	     16100	8000b508	01be5d13	srli	x26,x28,0x1b	 x28:0x00000000 x26=0x00000000
      162005000	     16101	8000b50c	004c0e13	addi	x28,x24,4	 x24:0x00000000 x28=0x00000004
      162015000	     16102	8000b510	8f42	c.mv	x30,x16	  x0:0x00000000 x16:0x00000000 x30=0x00000000
      162025000	     16103	8000b512	ef19	c.bnez	x14,8000b530	 x14:0x17140000
      162045000	     16105	8000b530	0001	c.addi	x0,0	  x0:0x00000000  x0=0x00000000
      162055000	     16106	8000b532	f72d0013	addi	x0,x26,-142	 x26:0x00000000  x0=0x00000000
      162065000	     16107	8000b536	0001	c.addi	x0,0	  x0:0x00000000  x0=0x00000000
      162435000	     16144	8000b538	034852b3	divu	x5,x16,x20	 x16:0x00000000 x20:0xf0ae63c8  x5=0x00000000
      162445000	     16145	8000b53c	6c6d	c.lui	x24,0x1b	 x24=0x0001b000
      162455000	     16146	8000b53e	0886	c.slli	x17,0x1	 x17:0xffffffff x17=0xfffffffe
      162465000	     16147	8000b540	00324263	blt	x4,x3,8000b544	  x4:0xffffffff  x3:0x00000000
      162485000	     16149	8000b544	019c0133	add	x2,x24,x25	 x24:0x0001b000 x25:0x80025ce4  x2=0x80040ce4
      162495000	     16150	8000b548	8ebd	c.xor	x13,x15	 x13:0xe9a164fa x15:0xffffffff x13=0x165e9b05
      162505000	     16151	8000b54a	1f7d	c.addi	x30,-1	 x30:0x00000000 x30=0xffffffff
      162515000	     16152	8000b54c	0280	c.addi4spn	x8,x2,320	  x8=0x80040e24
      162525000	     16153	8000b54e	1518	c.addi4spn	x14,x2,672	 x14=0x80040f84
      162555000	     16156	8000b550	03938533	mul	x10,x7,x25	  x7:0x00000000 x25:0x80025ce4 x10=0x00000000
      162925000	     16193	8000b554	033056b3	divu	x13,x0,x19	  x0:0x00000000 x19:0x80021e44 x13=0x00000000
      162935000	     16194	8000b558	660ba213	slti	x4,x23,1632	 x23:0x000000a1  x4=0x00000001
      162945000	     16195	8000b55c	0a6e	c.slli	x20,0x1b	 x20:0xf0ae63c8 x20=0x40000000
      162955000	     16196	8000b55e	6f25	c.lui	x30,0x9	 x30=0x00009000
      162965000	     16197	8000b560	034dd463	bge	x27,x20,8000b588	 x27:0x80000000 x20:0x40000000
      162975000	     16198	8000b564	cc8d	c.beqz	x9,8000b59e	  x9:0x00000000
      163005000	     16201	8000b59e	00694263	blt	x18,x6,8000b5a2	 x18:0x00000000  x6:0x00000000
      163015000	     16202	8000b5a2	0ff0000f	fence	iorw,iorw	
      163025000	     16203	8000b5a6	00d4bf33	sltu	x30,x9,x13	  x9:0x00000000 x13:0x00000000 x30=0x00000000
      163035000	     16204	8000b5aa	6b09	c.lui	x22,0x2	 x22=0x00002000
      163045000	     16205	8000b5ac	00382ab3	slt	x21,x16,x3	 x16:0x00000000  x3:0x00000000 x21=0x00000000
      163055000	     16206	8000b5b0	0049a783	lw	x15,4(x19)	 x19:0x80021e44 x15=0x80007c7e PA:0x80021e48 load:0x80007c7e
      163065000	     16207	8000b5b4	00539593	slli	x11,x7,0x5	  x7:0x00000000 x11=0x00000000
      163435000	     16244	8000b5b8	0335ed33	rem	x26,x11,x19	 x11:0x00000000 x19:0x80021e44 x26=0x00000000
      163805000	     16281	8000b5bc	034c7e33	remu	x28,x24,x20	 x24:0x0001b000 x20:0x40000000 x28=0x0001b000
      163815000	     16282	8000b5c0	02098993	addi	x19,x19,32	 x19:0x80021e44 x19=0x80021e64
      163825000	     16283	8000b5c4	8f29	c.xor	x14,x10	 x14:0x80040f84 x10:0x00000000 x14=0x80040f84
      163835000	     16284	8000b5c6	414451b3	sra	x3,x8,x20	  x8:0x80040e24 x20:0x40000000  x3=0x80040e24
      163845000	     16285	8000b5ca	0ff0000f	fence	iorw,iorw	
      163855000	     16286	8000b5ce	00c33eb3	sltu	x29,x6,x12	  x6:0x00000000 x12:0x00000523 x29=0x00000001
      163865000	     16287	8000b5d2	00178b93	addi	x23,x15,1	 x15:0x80007c7e x23=0x80007c7f
      163875000	     16288	8000b5d6	000b8be7	jalr	x23,0(x23)	 x23:0x80007c7f x23=0x8000b5da
      163895000	     16290	80007c7e	04b2	c.slli	x9,0xc	  x9:0x00000000  x9=0x00000000
      163905000	     16291	80007c80	b286a913	slti	x18,x13,-1240	 x13:0x00000000 x18=0x00000000
      163915000	     16292	80007c84	8946	c.mv	x18,x17	  x0:0x00000000 x17:0xfffffffe x18=0xfffffffe
      163925000	     16293	80007c86	8d15	c.sub	x10,x13	 x10:0x00000000 x13:0x00000000 x10=0x00000000
      163935000	     16294	80007c88	0000100f	fence.i	
      163955000	     16296	80007c8c	6cf3af93	slti	x31,x7,1743	  x7:0x00000000 x31=0x00000001
      163965000	     16297	80007c90	64f1	c.lui	x9,0x1c	  x9=0x0001c000
      163975000	     16298	80007c92	010d4ab3	xor	x21,x26,x16	 x26:0x00000000 x16:0x00000000 x21=0x00000000
      163985000	     16299	80007c96	014eb7b3	sltu	x15,x29,x20	 x29:0x00000001 x20:0x40000000 x15=0x00000001
      163995000	     16300	80007c9a	844a	c.mv	x8,x18	  x0:0x00000000 x18:0xfffffffe  x8=0xfffffffe
      164005000	     16301	80007c9c	00951593	slli	x11,x10,0x9	 x10:0x00000000 x11=0x00000000
      164025000	     16303	80007ca0	02de72b3	remu	x5,x28,x13	 x28:0x0001b000 x13:0x00000000  x5=0x0001b000
      164035000	     16304	80007ca4	f5a0d197	auipc	x3,0xf5a0d	  x3=0x75a14ca4
      164045000	     16305	80007ca8	8d4d	c.or	x10,x11	 x10:0x00000000 x11:0x00000000 x10=0x00000000
      164055000	     16306	80007caa	03b28163	beq	x5,x27,80007ccc	  x5:0x0001b000 x27:0x80000000
      164065000	     16307	80007cae	fa957c13	andi	x24,x10,-87	 x10:0x00000000 x24=0x00000000
      164105000	     16311	80007cb2	0221b133	mulhu	x2,x3,x2	  x3:0x75a14ca4  x2:0x80040ce4  x2=0x3ad282c3
      164115000	     16312	80007cb6	0ff0000f	fence	iorw,iorw	
      164135000	     16314	80007cba	0358e6b3	rem	x13,x17,x21	 x17:0xfffffffe x21:0x00000000 x13=0xfffffffe
      164145000	     16315	80007cbe	8fc5	c.or	x15,x9	 x15:0x00000001  x9:0x0001c000 x15=0x0001c001
      164155000	     16316	80007cc0	598f6e93	ori	x29,x30,1432	 x30:0x00000000 x29=0x00000598
      164165000	     16317	80007cc4	008c43b3	xor	x7,x24,x8	 x24:0x00000000  x8:0xfffffffe  x7=0xfffffffe
      164175000	     16318	80007cc8	037d1163	bne	x26,x23,80007cea	 x26:0x00000000 x23:0x8000b5da
      164205000	     16321	80007cea	002780b3	add	x1,x15,x2	 x15:0x0001c001  x2:0x3ad282c3  x1=0x3ad442c4
      164215000	     16322	80007cee	00641f63	bne	x8,x6,80007d0c	  x8:0xfffffffe  x6:0x00000000
      164235000	     16324	80007d0c	419d53b3	sra	x7,x26,x25	 x26:0x00000000 x25:0x80025ce4  x7=0x00000000
      164245000	     16325	80007d10	868ba513	slti	x10,x23,-1944	 x23:0x8000b5da x10=0x00000001
      164255000	     16326	80007d14	018f6263	bltu	x30,x24,80007d18	 x30:0x00000000 x24:0x00000000
      164265000	     16327	80007d18	0002ee33	or	x28,x5,x0	  x5:0x0001b000  x0:0x00000000 x28=0x0001b000
      164275000	     16328	80007d1c	009f70b3	and	x1,x30,x9	 x30:0x00000000  x9:0x0001c000  x1=0x00000000
      164285000	     16329	80007d20	88c1	c.andi	x9,16	  x9:0x0001c000  x9=0x00000000
      164295000	     16330	80007d22	0079c6b3	xor	x13,x19,x7	 x19:0x80021e64  x7:0x00000000 x13=0x80021e64
      164305000	     16331	80007d26	00586533	or	x10,x16,x5	 x16:0x00000000  x5:0x0001b000 x10=0x0001b000
      164315000	     16332	80007d2a	0ff0000f	fence	iorw,iorw	
      164345000	     16335	80007d2e	02ff0133	mul	x2,x30,x15	 x30:0x00000000 x15:0x0001c001  x2=0x00000000
      164355000	     16336	80007d32	6c79	c.lui	x24,0x1e	 x24=0x0001e000
      164365000	     16337	80007d34	4c3d	c.li	x24,15	 x24=0x0000000f
      164405000	     16341	80007d36	02251b33	mulh	x22,x10,x2	 x10:0x0001b000  x2:0x00000000 x22=0x00000000
      164415000	     16342	80007d3a	8dd9	c.or	x11,x14	 x11:0x00000000 x14:0x80040f84 x11=0x80040f84
      164425000	     16343	80007d3c	85f1	c.srai	x11,0x1c	 x11:0x80040f84 x11=0xfffffff8
      164435000	     16344	80007d3e	08da	c.slli	x17,0x16	 x17:0xfffffffe x17=0xff800000
      164805000	     16381	80007d40	02dae1b3	rem	x3,x21,x13	 x21:0x00000000 x13:0x80021e64  x3=0x00000000
      164815000	     16382	80007d44	3b042337	lui	x6,0x3b042	  x6=0x3b042000
      164825000	     16383	80007d48	91ea	c.add	x3,x26	  x3:0x00000000 x26:0x00000000  x3=0x00000000
      164835000	     16384	80007d4a	51342213	slti	x4,x8,1299	  x8:0xfffffffe  x4=0x00000001
      164845000	     16385	80007d4e	824d	c.srli	x12,0x13	 x12:0x00000523 x12=0x00000000
      164855000	     16386	80007d50	40b88933	sub	x18,x17,x11	 x17:0xff800000 x11:0xfffffff8 x18=0xff800008
      164865000	     16387	80007d54	90ba	c.add	x1,x14	  x1:0x00000000 x14:0x80040f84  x1=0x80040f84
      164875000	     16388	80007d56	c7b1f713	andi	x14,x3,-901	  x3:0x00000000 x14=0x00000000
      164885000	     16389	80007d5a	8fdd	c.or	x15,x15	 x15:0x0001c001 x15:0x0001c001 x15=0x0001c001
      164895000	     16390	80007d5c	c709	c.beqz	x14,80007d66	 x14:0x00000000
      164925000	     16393	80007d66	0000100f	fence.i	
      164945000	     16395	80007d6a	81ed	c.srli	x11,0x1b	 x11:0xfffffff8 x11=0x0000001f
      164955000	     16396	80007d6c	036a6c63	bltu	x20,x22,80007da4	 x20:0x40000000 x22:0x00000000
      164965000	     16397	80007d70	0001	c.addi	x0,0	  x0:0x00000000  x0=0x00000000
      164975000	     16398	80007d72	00f9eab3	or	x21,x19,x15	 x19:0x80021e64 x15:0x0001c001 x21=0x8003de65
      164985000	     16399	80007d76	1f04	c.addi4spn	x9,x2,944	  x9=0x000003b0
      164995000	     16400	80007d78	aba06693	ori	x13,x0,-1350	  x0:0x00000000 x13=0xfffffaba
      165005000	     16401	80007d7c	00a85533	srl	x10,x16,x10	 x16:0x00000000 x10:0x0001b000 x10=0x00000000
      165015000	     16402	80007d80	0107d593	srli	x11,x15,0x10	 x15:0x0001c001 x11=0x00000001
      165025000	     16403	80007d84	1758f213	andi	x4,x17,373	 x17:0xff800000  x4=0x00000000
      165035000	     16404	80007d88	004f2c33	slt	x24,x30,x4	 x30:0x00000000  x4:0x00000000 x24=0x00000000
      165045000	     16405	80007d8c	0156e633	or	x12,x13,x21	 x13:0xfffffaba x21:0x8003de65 x12=0xfffffeff
      165055000	     16406	80007d90	dc19a913	slti	x18,x19,-575	 x19:0x80021e64 x18=0x00000001
      165065000	     16407	80007d94	18362213	slti	x4,x12,387	 x12:0xfffffeff  x4=0x00000001
      165075000	     16408	80007d98	0057a933	slt	x18,x15,x5	 x15:0x0001c001  x5:0x0001b000 x18=0x00000000
      165085000	     16409	80007d9c	79de6737	lui	x14,0x79de6	 x14=0x79de6000
      165095000	     16410	80007da0	001a7f63	bgeu	x20,x1,80007dbe	 x20:0x40000000  x1:0x80040f84
      165105000	     16411	80007da4	9532	c.add	x10,x12	 x10:0x00000000 x12:0xfffffeff x10=0xfffffeff
      165145000	     16415	80007da6	029b1633	mulh	x12,x22,x9	 x22:0x00000000  x9:0x000003b0 x12=0x00000000
      165155000	     16416	80007daa	01f24833	xor	x16,x4,x31	  x4:0x00000001 x31:0x00000001 x16=0x00000000
      165165000	     16417	80007dae	611d	c.addi16sp	x2,416	  x2:0x00000000  x2=0x000001a0
      165175000	     16418	80007db0	40d9d733	sra	x14,x19,x13	 x19:0x80021e64 x13:0xfffffaba x14=0xffffffe0
      165185000	     16419	80007db4	8ec9	c.or	x13,x10	 x13:0xfffffaba x10:0xfffffeff x13=0xfffffeff
      165195000	     16420	80007db6	03604563	blt	x0,x22,80007de0	  x0:0x00000000 x22:0x00000000
      165565000	     16457	80007dba	03f1d5b3	divu	x11,x3,x31	  x3:0x00000000 x31:0x00000001 x11=0x00000000
      165595000	     16460	80007dbe	024d8d33	mul	x26,x27,x4	 x27:0x80000000  x4:0x00000001 x26=0x80000000
      165605000	     16461	80007dc2	8e6d	c.and	x12,x11	 x12:0x00000000 x11:0x00000000 x12=0x00000000
      165615000	     16462	80007dc4	4106d533	sra	x10,x13,x16	 x13:0xfffffeff x16:0x00000000 x10=0xfffffeff
      165645000	     16465	80007dc8	02eb8f33	mul	x30,x23,x14	 x23:0x8000b5da x14:0xffffffe0 x30=0xffe944c0
      165655000	     16466	80007dcc	86f6	c.mv	x13,x29	  x0:0x00000000 x29:0x00000598 x13=0x00000598
      165665000	     16467	80007dce	01143633	sltu	x12,x8,x17	  x8:0xfffffffe x17:0xff800000 x12=0x00000000
      165675000	     16468	80007dd2	eb48ee93	ori	x29,x17,-332	 x17:0xff800000 x29=0xfffffeb4
      165685000	     16469	80007dd6	0001	c.addi	x0,0	  x0:0x00000000  x0=0x00000000
      165695000	     16470	80007dd8	00715963	bge	x2,x7,80007dea	  x2:0x000001a0  x7:0x00000000
      165755000	     16476	80007dea	02903d33	mulhu	x26,x0,x9	  x0:0x00000000  x9:0x000003b0 x26=0x00000000
      165765000	     16477	80007dee	8f99	c.sub	x15,x14	 x15:0x0001c001 x14:0xffffffe0 x15=0x0001c021
      165775000	     16478	80007df0	00749633	sll	x12,x9,x7	  x9:0x000003b0  x7:0x00000000 x12=0x000003b0
      165785000	     16479	80007df4	00001b97	auipc	x23,0x1	 x23=0x80008df4
      165795000	     16480	80007df8	b82b8b93	addi	x23,x23,-1150	 x23:0x80008df4 x23=0x80008976
      165805000	     16481	80007dfc	00761013	slli	x0,x12,0x7	 x12:0x000003b0  x0=0x00000000
      165815000	     16482	80007e00	7c362093	slti	x1,x12,1987	 x12:0x000003b0  x1=0x00000001
      165825000	     16483	80007e04	002f7433	and	x8,x30,x2	 x30:0xffe944c0  x2:0x000001a0  x8=0x00000080
      165835000	     16484	80007e08	0080a0b3	slt	x1,x1,x8	  x1:0x00000001  x8:0x00000080  x1=0x00000001
      165855000	     16486	80007e0c	02b3f1b3	remu	x3,x7,x11	  x7:0x00000000 x11:0x00000000  x3=0x00000000
      165865000	     16487	80007e10	1c8b8b93	addi	x23,x23,456	 x23:0x80008976 x23=0x80008b3e
      165875000	     16488	80007e14	00108c33	add	x24,x1,x1	  x1:0x00000001  x1:0x00000001 x24=0x00000002
      165895000	     16490	80007e18	03ad7333	remu	x6,x26,x26	 x26:0x00000000 x26:0x00000000  x6=0x00000000
      165905000	     16491	80007e1c	171c	c.addi4spn	x15,x2,928	 x15=0x00000540
      165915000	     16492	80007e1e	01e404b3	add	x9,x8,x30	  x8:0x00000080 x30:0xffe944c0  x9=0xffe94540
      165925000	     16493	80007e22	e39b87e7	jalr	x15,-455(x23)	 x23:0x80008b3e x15=0x80007e26
      165945000	     16495	80008976	19a1	c.addi	x19,-24	 x19:0x80021e64 x19=0x80021e4c
      165985000	     16499	80008978	028aaf33	mulhsu	x30,x21,x8	 x21:0x8003de65  x8:0x00000080 x30=0xffffffc0
      165995000	     16500	8000897c	8765	c.srai	x14,0x19	 x14:0xffffffe0 x14=0xffffffff
      166035000	     16504	8000897e	02943b33	mulhu	x22,x8,x9	  x8:0x00000080  x9:0xffe94540 x22=0x0000007f
      166045000	     16505	80008982	00f9a223	sw	x15,4(x19)	 x19:0x80021e4c x15:0x80007e26 PA:0x80021e50 store:0x80007e26 load:0x00000000
      166055000	     16506	80008986	6f99	c.lui	x31,0x6	 x31=0x00006000
      166065000	     16507	80008988	8cf5	c.and	x9,x13	  x9:0xffe94540 x13:0x00000598  x9=0x00000500
      166075000	     16508	8000898a	412a8f33	sub	x30,x21,x18	 x21:0x8003de65 x18:0x00000000 x30=0x8003de65
      166085000	     16509	8000898e	8f39	c.xor	x14,x14	 x14:0xffffffff x14:0xffffffff x14=0x00000000
      166095000	     16510	80008990	54cbf597	auipc	x11,0x54cbf	 x11=0xd4cc7990
      166105000	     16511	80008994	198c	c.addi4spn	x11,x2,240	 x11=0x00000290
      166115000	     16512	80008996	98be	c.add	x17,x15	 x17:0xff800000 x15:0x80007e26 x17=0x7f807e26
      166485000	     16549	80008998	036bd8b3	divu	x17,x23,x22	 x23:0x80008b3e x22:0x0000007f x17=0x01020520
      166495000	     16550	8000899c	00e69463	bne	x13,x14,800089a4	 x13:0x00000598 x14:0x00000000
      166875000	     16588	800089a4	02a446b3	div	x13,x8,x10	  x8:0x00000080 x10:0xfffffeff x13=0x00000000
      166885000	     16589	800089a8	ca01	c.beqz	x12,800089b8	 x12:0x000003b0
      166895000	     16590	800089aa	0001	c.addi	x0,0	  x0:0x00000000  x0=0x00000000
      166905000	     16591	800089ac	03846963	bltu	x8,x24,800089de	  x8:0x00000080 x24:0x00000002
      166915000	     16592	800089b0	07c2	c.slli	x15,0x10	 x15:0x80007e26 x15=0x7e260000
      166925000	     16593	800089b2	0000100f	fence.i	
      166945000	     16595	800089b6	c395	c.beqz	x15,800089da	 x15:0x7e260000
      166955000	     16596	800089b8	02ba7b63	bgeu	x20,x11,800089ee	 x20:0x40000000 x11:0x00000290
      166975000	     16598	800089ee	014e	c.slli	x2,0x13	  x2:0x000001a0  x2=0x0d000000
      167345000	     16635	800089f0	02a36d33	rem	x26,x6,x10	  x6:0x00000000 x10:0xfffffeff x26=0x00000000
      167355000	     16636	800089f4	00385193	srli	x3,x16,0x3	 x16:0x00000000  x3=0x00000000
      167365000	     16637	800089f8	01373133	sltu	x2,x14,x19	 x14:0x00000000 x19:0x80021e4c  x2=0x00000001
      167375000	     16638	800089fc	00ca2ab3	slt	x21,x20,x12	 x20:0x40000000 x12:0x000003b0 x21=0x00000000
      167385000	     16639	80008a00	8e89	c.sub	x13,x10	 x13:0x00000000 x10:0xfffffeff x13=0x00000101
      167395000	     16640	80008a02	01616e63	bltu	x2,x22,80008a1e	  x2:0x00000001 x22:0x0000007f
      167425000	     16643	80008a1e	01c412b3	sll	x5,x8,x28	  x8:0x00000080 x28:0x0001b000  x5=0x00000080
      167435000	     16644	80008a22	052a	c.slli	x10,0xa	 x10:0xfffffeff x10=0xfffbfc00
      167445000	     16645	80008a24	033b5663	bge	x22,x19,80008a50	 x22:0x0000007f x19:0x80021e4c
      167465000	     16647	80008a50	0000100f	fence.i	
      167845000	     16685	80008a54	036b7233	remu	x4,x22,x22	 x22:0x0000007f x22:0x0000007f  x4=0x00000000
      167855000	     16686	80008a58	003db7b3	sltu	x15,x27,x3	 x27:0x80000000  x3:0x00000000 x15=0x00000000
      167865000	     16687	80008a5c	00c5db63	bge	x11,x12,80008a72	 x11:0x00000290 x12:0x000003b0
      167875000	     16688	80008a60	6aa9	c.lui	x21,0xa	 x21=0x0000a000
      167885000	     16689	80008a62	be98ee97	auipc	x29,0xbe98e	 x29=0x3e996a62
      167895000	     16690	80008a66	003d70b3	and	x1,x26,x3	 x26:0x00000000  x3:0x00000000  x1=0x00000000
      167905000	     16691	80008a6a	4125d213	srai	x4,x11,0x12	 x11:0x00000290  x4=0x00000000
      167915000	     16692	80008a6e	00a00d63	beq	x0,x10,80008a88	  x0:0x00000000 x10:0xfffbfc00
      167945000	     16695	80008a72	03cc08b3	mul	x17,x24,x28	 x24:0x00000002 x28:0x0001b000 x17=0x00036000
      167955000	     16696	80008a76	03195e63	bge	x18,x17,80008ab2	 x18:0x00000000 x17:0x00036000
      167965000	     16697	80008a7a	03344663	blt	x8,x19,80008aa6	  x8:0x00000080 x19:0x80021e4c
      167975000	     16698	80008a7e	013465b3	or	x11,x8,x19	  x8:0x00000080 x19:0x80021e4c x11=0x80021ecc
      168345000	     16735	80008a82	02a05833	divu	x16,x0,x10	  x0:0x00000000 x10:0xfffbfc00 x16=0x00000000
      168355000	     16736	80008a86	6f51	c.lui	x30,0x14	 x30=0x00014000
      168365000	     16737	80008a88	4165dd33	sra	x26,x11,x22	 x11:0x80021ecc x22:0x0000007f x26=0xffffffff
      168375000	     16738	80008a8c	8cf9	c.and	x9,x14	  x9:0x00000500 x14:0x00000000  x9=0x00000000
      168385000	     16739	80008a8e	8151	c.srli	x10,0x14	 x10:0xfffbfc00 x10=0x00000fff
      168425000	     16743	80008a90	028435b3	mulhu	x11,x8,x8	  x8:0x00000080  x8:0x00000080 x11=0x00000000
      168435000	     16744	80008a94	0919	c.addi	x18,6	 x18:0x00000000 x18=0x00000006
      168445000	     16745	80008a96	01e276b3	and	x13,x4,x30	  x4:0x00000000 x30:0x00014000 x13=0x00000000
      168455000	     16746	80008a9a	edbd8013	addi	x0,x27,-293	 x27:0x80000000  x0=0x00000000
      168465000	     16747	80008a9e	02471c63	bne	x14,x4,80008ad6	 x14:0x00000000  x4:0x00000000
      168475000	     16748	80008aa2	1d7e7293	andi	x5,x28,471	 x28:0x0001b000  x5=0x00000000
      168485000	     16749	80008aa6	00e1de63	bge	x3,x14,80008ac2	  x3:0x00000000 x14:0x00000000
      168515000	     16752	80008ac2	03d9ec63	bltu	x19,x29,80008afa	 x19:0x80021e4c x29:0x3e996a62
      168525000	     16753	80008ac6	0001	c.addi	x0,0	  x0:0x00000000  x0=0x00000000
      168535000	     16754	80008ac8	00000bb3	add	x23,x0,x0	  x0:0x00000000  x0:0x00000000 x23=0x00000000
      168545000	     16755	80008acc	6269	c.lui	x4,0x1a	  x4=0x0001a000
      168555000	     16756	80008ace	012e1b93	slli	x23,x28,0x12	 x28:0x0001b000 x23=0xc0000000
      168565000	     16757	80008ad2	03280063	beq	x16,x18,80008af2	 x16:0x00000000 x18:0x00000006
      168605000	     16761	80008ad6	03cfa433	mulhsu	x8,x31,x28	 x31:0x00006000 x28:0x0001b000  x8=0x00000000
      168615000	     16762	80008ada	98fd	c.andi	x9,-1	  x9:0x00000000  x9=0x00000000
      168625000	     16763	80008adc	02380363	beq	x16,x3,80008b02	 x16:0x00000000  x3:0x00000000
      168665000	     16767	80008b02	0201e933	rem	x18,x3,x0	  x3:0x00000000  x0:0x00000000 x18=0x00000000
      168675000	     16768	80008b06	e1a9	c.bnez	x11,80008b48	 x11:0x00000000
      168685000	     16769	80008b08	8fad	c.xor	x15,x11	 x15:0x00000000 x11:0x00000000 x15=0x00000000
      168695000	     16770	80008b0a	99fd	c.andi	x11,-1	 x11:0x00000000 x11=0x00000000
      168705000	     16771	80008b0c	c621	c.beqz	x12,80008b54	 x12:0x000003b0
      169075000	     16808	80008b0e	0358ca33	div	x20,x17,x21	 x17:0x00036000 x21:0x0000a000 x20=0x00000005
      169085000	     16809	80008b12	35708517	auipc	x10,0x35708	 x10=0xb5710b12
      169095000	     16810	80008b16	8442	c.mv	x8,x16	  x0:0x00000000 x16:0x00000000  x8=0x00000000
      169105000	     16811	80008b18	418b5033	sra	x0,x22,x24	 x22:0x0000007f x24:0x00000002  x0=0x00000000
      169115000	     16812	80008b1c	00455c63	bge	x10,x4,80008b34	 x10:0xb5710b12  x4:0x0001a000
      169125000	     16813	80008b20	00b466b3	or	x13,x8,x11	  x8:0x00000000 x11:0x00000000 x13=0x00000000
      169135000	     16814	80008b24	0001	c.addi	x0,0	  x0:0x00000000  x0=0x00000000
      169145000	     16815	80008b26	717d	c.addi16sp	x2,-16	  x2:0x00000001  x2=0xfffffff1
      169155000	     16816	80008b28	0ea52713	slti	x14,x10,234	 x10:0xb5710b12 x14=0x00000001
      169185000	     16819	80008b2c	025b02b3	mul	x5,x22,x5	 x22:0x0000007f  x5:0x00000000  x5=0x00000000
      169195000	     16820	80008b30	4164d213	srai	x4,x9,0x16	  x9:0x00000000  x4=0x00000000
      169205000	     16821	80008b34	01ead8b3	srl	x17,x21,x30	 x21:0x0000a000 x30:0x00014000 x17=0x0000a000
      169245000	     16825	80008b38	03692033	mulhsu	x0,x18,x22	 x18:0x00000000 x22:0x0000007f  x0=0x00000000
      169255000	     16826	80008b3c	00316f33	or	x30,x2,x3	  x2:0xfffffff1  x3:0x00000000 x30=0xfffffff1
      169265000	     16827	80008b40	00d408b3	add	x17,x8,x13	  x8:0x00000000 x13:0x00000000 x17=0x00000000
      169305000	     16831	80008b44	03a73133	mulhu	x2,x14,x26	 x14:0x00000001 x26:0xffffffff  x2=0x00000000
      169315000	     16832	80008b48	01e650b3	srl	x1,x12,x30	 x12:0x000003b0 x30:0xfffffff1  x1=0x00000000
      169325000	     16833	80008b4c	41e407b3	sub	x15,x8,x30	  x8:0x00000000 x30:0xfffffff1 x15=0x0000000f
      169695000	     16870	80008b50	037975b3	remu	x11,x18,x23	 x18:0x00000000 x23:0xc0000000 x11=0x00000000
      170065000	     16907	80008b54	03cf71b3	remu	x3,x30,x28	 x30:0xfffffff1 x28:0x0001b000  x3=0x00003ff1
      170075000	     16908	80008b58	717d	c.addi16sp	x2,-16	  x2:0x00000000  x2=0xfffffff0
      170085000	     16909	80008b5a	8539	c.srai	x10,0xe	 x10:0xb5710b12 x10=0xfffed5c4
      170095000	     16910	80008b5c	01eb77b3	and	x15,x22,x30	 x22:0x0000007f x30:0xfffffff1 x15=0x00000071
      170115000	     16912	80008b60	0319f7b3	remu	x15,x19,x17	 x19:0x80021e4c x17:0x00000000 x15=0x80021e4c
      170125000	     16913	80008b64	8df5	c.and	x11,x13	 x11:0x00000000 x13:0x00000000 x11=0x00000000
      170135000	     16914	80008b66	6115	c.addi16sp	x2,288	  x2:0xfffffff0  x2=0x00000110
      170145000	     16915	80008b68	40a90733	sub	x14,x18,x10	 x18:0x00000000 x10:0xfffed5c4 x14=0x00012a3c
      170155000	     16916	80008b6c	0169d463	bge	x19,x22,80008b74	 x19:0x80021e4c x22:0x0000007f
      170165000	     16917	80008b70	0ff0000f	fence	iorw,iorw	
      170175000	     16918	80008b74	005d41b3	xor	x3,x26,x5	 x26:0xffffffff  x5:0x00000000  x3=0xffffffff
      170185000	     16919	80008b78	0f36	c.slli	x30,0xd	 x30:0xfffffff1 x30=0xfffe2000
      170195000	     16920	80008b7a	8ff1	c.and	x15,x12	 x15:0x80021e4c x12:0x000003b0 x15=0x00000200
      170215000	     16922	80008b7c	02da4333	div	x6,x20,x13	 x20:0x00000005 x13:0x00000000  x6=0xffffffff
      170245000	     16925	80008b80	02ef0333	mul	x6,x30,x14	 x30:0xfffe2000 x14:0x00012a3c  x6=0xd0cf8000
      170255000	     16926	80008b84	02ce8a63	beq	x29,x12,80008bb8	 x29:0x3e996a62 x12:0x000003b0
      170265000	     16927	80008b88	4067d513	srai	x10,x15,0x6	 x15:0x00000200 x10=0x00000008
      170275000	     16928	80008b8c	d3606393	ori	x7,x0,-714	  x0:0x00000000  x7=0xfffffd36
      170285000	     16929	80008b90	ea0d	c.bnez	x12,80008bc2	 x12:0x000003b0
      170305000	     16931	80008bc2	8fa1	c.xor	x15,x8	 x15:0x00000200  x8:0x00000000 x15=0x00000200
      170335000	     16934	80008bc4	03850133	mul	x2,x10,x24	 x10:0x00000008 x24:0x00000002  x2=0x00000010
      170345000	     16935	80008bc8	c80bef13	ori	x30,x23,-896	 x23:0xc0000000 x30=0xfffffc80
      170355000	     16936	80008bcc	876a	c.mv	x14,x26	  x0:0x00000000 x26:0xffffffff x14=0xffffffff
      170365000	     16937	80008bce	e899	c.bnez	x9,80008be4	  x9:0x00000000
      170375000	     16938	80008bd0	015f8c63	beq	x31,x21,80008be8	 x31:0x00006000 x21:0x0000a000
      170385000	     16939	80008bd4	41f75d33	sra	x26,x14,x31	 x14:0xffffffff x31:0x00006000 x26=0xffffffff
      170395000	     16940	80008bd8	0079ed33	or	x26,x19,x7	 x19:0x80021e4c  x7:0xfffffd36 x26=0xffffff7e
      170405000	     16941	80008bdc	41d152b3	sra	x5,x2,x29	  x2:0x00000010 x29:0x3e996a62  x5=0x00000004
      170415000	     16942	80008be0	010e6433	or	x8,x28,x16	 x28:0x0001b000 x16:0x00000000  x8=0x0001b000
      170425000	     16943	80008be4	40ae5ab3	sra	x21,x28,x10	 x28:0x0001b000 x10:0x00000008 x21=0x000001b0
      170435000	     16944	80008be8	72cca593	slti	x11,x25,1836	 x25:0x80025ce4 x11=0x00000001
      170445000	     16945	80008bec	b9abc893	xori	x17,x23,-1126	 x23:0xc0000000 x17=0x3ffffb9a
      170455000	     16946	80008bf0	03a75e63	bge	x14,x26,80008c2c	 x14:0xffffffff x26:0xffffff7e
      170475000	     16948	80008c2c	895a	c.mv	x18,x22	  x0:0x00000000 x22:0x0000007f x18=0x0000007f
      170485000	     16949	80008c2e	01540b33	add	x22,x8,x21	  x8:0x0001b000 x21:0x000001b0 x22=0x0001b1b0
      170495000	     16950	80008c32	8c29	c.xor	x8,x10	  x8:0x0001b000 x10:0x00000008  x8=0x0001b008
      170505000	     16951	80008c34	045e	c.slli	x8,0x17	  x8:0x0001b008  x8=0x04000000
      170515000	     16952	80008c36	01a90233	add	x4,x18,x26	 x18:0x0000007f x26:0xffffff7e  x4=0xfffffffd
      170885000	     16989	80008c3a	02f74833	div	x16,x14,x15	 x14:0xffffffff x15:0x00000200 x16=0x00000000
      171255000	     17026	80008c3e	02465f33	divu	x30,x12,x4	 x12:0x000003b0  x4:0xfffffffd x30=0x00000000
      171265000	     17027	80008c42	00270c63	beq	x14,x2,80008c5a	 x14:0xffffffff  x2:0x00000010
      171275000	     17028	80008c46	0f95	c.addi	x31,5	 x31:0x00006000 x31=0x00006005
      171315000	     17032	80008c48	0393bbb3	mulhu	x23,x7,x25	  x7:0xfffffd36 x25:0x80025ce4 x23=0x80025b7e
      171325000	     17033	80008c4c	0000100f	fence.i	
      171345000	     17035	80008c50	0001	c.addi	x0,0	  x0:0x00000000  x0=0x00000000
      171355000	     17036	80008c52	8c95	c.sub	x9,x13	  x9:0x00000000 x13:0x00000000  x9=0x00000000
      171385000	     17039	80008c54	03ac0f33	mul	x30,x24,x26	 x24:0x00000002 x26:0xffffff7e x30=0xfffffefc
      171395000	     17040	80008c58	8efd	c.and	x13,x15	 x13:0x00000000 x15:0x00000200 x13=0x00000000
      171405000	     17041	80008c5a	b8c86393	ori	x7,x16,-1140	 x16:0x00000000  x7=0xfffffb8c
      171415000	     17042	80008c5e	0103b013	sltiu	x0,x7,16	  x7:0xfffffb8c  x0=0x00000000
      171425000	     17043	80008c62	8db5	c.xor	x11,x13	 x11:0x00000001 x13:0x00000000 x11=0x00000001
      171435000	     17044	80008c64	8577b513	sltiu	x10,x15,-1961	 x15:0x00000200 x10=0x00000001
      171445000	     17045	80008c68	0001	c.addi	x0,0	  x0:0x00000000  x0=0x00000000
      171455000	     17046	80008c6a	94fe	c.add	x9,x31	  x9:0x00000000 x31:0x00006005  x9=0x00006005
      171465000	     17047	80008c6c	0001	c.addi	x0,0	  x0:0x00000000  x0=0x00000000
      171475000	     17048	80008c6e	8c1d	c.sub	x8,x15	  x8:0x04000000 x15:0x00000200  x8=0x03fffe00
      171485000	     17049	80008c70	344acd13	xori	x26,x21,836	 x21:0x000001b0 x26=0x000002f4
      171495000	     17050	80008c74	0a5e	c.slli	x20,0x17	 x20:0x00000005 x20=0x02800000
      171505000	     17051	80008c76	3ea36213	ori	x4,x6,1002	  x6:0xd0cf8000  x4=0xd0cf83ea
      171515000	     17052	80008c7a	1200	c.addi4spn	x8,x2,288	  x8=0x00000130
      171525000	     17053	80008c7c	41e25393	srai	x7,x4,0x1e	  x4:0xd0cf83ea  x7=0xffffffff
      171895000	     17090	80008c80	03105bb3	divu	x23,x0,x17	  x0:0x00000000 x17:0x3ffffb9a x23=0x00000000
      171935000	     17094	80008c84	03faaa33	mulhsu	x20,x21,x31	 x21:0x000001b0 x31:0x00006005 x20=0x00000000
      171945000	     17095	80008c88	0049a783	lw	x15,4(x19)	 x19:0x80021e4c x15=0x80007e26 PA:0x80021e50 load:0x80007e26
      171955000	     17096	80008c8c	016c5d33	srl	x26,x24,x22	 x24:0x00000002 x22:0x0001b1b0 x26=0x00000000
      171965000	     17097	80008c90	836d	c.srli	x14,0x1b	 x14:0xffffffff x14=0x0000001f
      171975000	     17098	80008c92	64f9	c.lui	x9,0x1e	  x9=0x0001e000
      171985000	     17099	80008c94	0ff0000f	fence	iorw,iorw	
      171995000	     17100	80008c98	09e1	c.addi	x19,24	 x19:0x80021e4c x19=0x80021e64
      172005000	     17101	80008c9a	93de	c.add	x7,x23	  x7:0xffffffff x23:0x00000000  x7=0xffffffff
      172015000	     17102	80008c9c	8c51	c.or	x8,x12	  x8:0x00000130 x12:0x000003b0  x8=0x000003b0
      172025000	     17103	80008c9e	00178293	addi	x5,x15,1	 x15:0x80007e26  x5=0x80007e27
      172035000	     17104	80008ca2	000282e7	jalr	x5,0(x5)	  x5:0x80007e27  x5=0x80008ca6
      172055000	     17106	80007e26	1f14	c.addi4spn	x13,x2,944	 x13=0x000003c0
      172065000	     17107	80007e28	10de3293	sltiu	x5,x28,269	 x28:0x0001b000  x5=0x00000000
      172075000	     17108	80007e2c	0001	c.addi	x0,0	  x0:0x00000000  x0=0x00000000
      172085000	     17109	80007e2e	d95bc437	lui	x8,0xd95bc	  x8=0xd95bc000
      172095000	     17110	80007e32	0ff0000f	fence	iorw,iorw	
      172105000	     17111	80007e36	c799	c.beqz	x15,80007e44	 x15:0x80007e26
      172115000	     17112	80007e38	415c5f33	sra	x30,x24,x21	 x24:0x00000002 x21:0x000001b0 x30=0x00000000
      172125000	     17113	80007e3c	01324ab3	xor	x21,x4,x19	  x4:0xd0cf83ea x19:0x80021e64 x21=0x50cd9d8e
      172135000	     17114	80007e40	0000100f	fence.i	
      172155000	     17116	80007e44	8ab1c093	xori	x1,x3,-1877	  x3:0xffffffff  x1=0x00000754
      172195000	     17120	80007e48	02579433	mulh	x8,x15,x5	 x15:0x80007e26  x5:0x00000000  x8=0x00000000
      172205000	     17121	80007e4c	00c61113	slli	x2,x12,0xc	 x12:0x000003b0  x2=0x003b0000
      172215000	     17122	80007e50	01881bb3	sll	x23,x16,x24	 x16:0x00000000 x24:0x00000002 x23=0x00000000
      172225000	     17123	80007e54	0062bf33	sltu	x30,x5,x6	  x5:0x00000000  x6:0xd0cf8000 x30=0x00000001
      172235000	     17124	80007e58	857a	c.mv	x10,x30	  x0:0x00000000 x30:0x00000001 x10=0x00000001
      172245000	     17125	80007e5a	8fc1	c.or	x15,x8	 x15:0x80007e26  x8:0x00000000 x15=0x80007e26
      172255000	     17126	80007e5c	9c22	c.add	x24,x8	 x24:0x00000002  x8:0x00000000 x24=0x00000002
      172265000	     17127	80007e5e	cc95	c.beqz	x9,80007e9a	  x9:0x0001e000
      172275000	     17128	80007e60	6875	c.lui	x16,0x1d	 x16=0x0001d000
      172315000	     17132	80007e62	024027b3	mulhsu	x15,x0,x4	  x0:0x00000000  x4:0xd0cf83ea x15=0x00000000
      172325000	     17133	80007e66	8d75	c.and	x10,x13	 x10:0x00000001 x13:0x000003c0 x10=0x00000000
      172335000	     17134	80007e68	00662933	slt	x18,x12,x6	 x12:0x000003b0  x6:0xd0cf8000 x18=0x00000000
      172345000	     17135	80007e6c	0001	c.addi	x0,0	  x0:0x00000000  x0=0x00000000
      172715000	     17172	80007e6e	03c3e133	rem	x2,x7,x28	  x7:0xffffffff x28:0x0001b000  x2=0xffffffff
      172725000	     17173	80007e72	411687b3	sub	x15,x13,x17	 x13:0x000003c0 x17:0x3ffffb9a x15=0xc0000826
      172735000	     17174	80007e76	0c504d13	xori	x26,x0,197	  x0:0x00000000 x26=0x000000c5
      172745000	     17175	80007e7a	c995	c.beqz	x11,80007eae	 x11:0x00000001
      172755000	     17176	80007e7c	0001	c.addi	x0,0	  x0:0x00000000  x0=0x00000000
      172765000	     17177	80007e7e	0055f033	and	x0,x11,x5	 x11:0x00000001  x5:0x00000000  x0=0x00000000
      172775000	     17178	80007e82	00d51433	sll	x8,x10,x13	 x10:0x00000000 x13:0x000003c0  x8=0x00000000
      172785000	     17179	80007e86	c681	c.beqz	x13,80007e8e	 x13:0x000003c0
      172795000	     17180	80007e88	5afd	c.li	x21,-1	 x21=0xffffffff
      172805000	     17181	80007e8a	00adcf63	blt	x27,x10,80007ea8	 x27:0x80000000 x10:0x00000000
      172825000	     17183	80007ea8	03fb9863	bne	x23,x31,80007ed8	 x23:0x00000000 x31:0x00006005
      172845000	     17185	80007ed8	6179	c.addi16sp	x2,464	  x2:0xffffffff  x2=0x000001cf
      173215000	     17222	80007eda	02fb6e33	rem	x28,x22,x15	 x22:0x0001b1b0 x15:0xc0000826 x28=0x0001b1b0
      173225000	     17223	80007ede	3e0a6c13	ori	x24,x20,992	 x20:0x00000000 x24=0x000003e0
      173235000	     17224	80007ee2	01a8d693	srli	x13,x17,0x1a	 x17:0x3ffffb9a x13=0x0000000f
      173245000	     17225	80007ee6	d1892593	slti	x11,x18,-744	 x18:0x00000000 x11=0x00000000
      173275000	     17228	80007eea	026787b3	mul	x15,x15,x6	 x15:0xc0000826  x6:0xd0cf8000 x15=0x7acd0000
      173285000	     17229	80007eee	00039663	bne	x7,x0,80007efa	  x7:0xffffffff  x0:0x00000000
      173315000	     17232	80007efa	d8984b13	xori	x22,x16,-631	 x16:0x0001d000 x22=0xfffe2d89
      173335000	     17234	80007efe	0323dfb3	divu	x31,x7,x18	  x7:0xffffffff x18:0x00000000 x31=0xffffffff
      173705000	     17271	80007f02	0234d433	divu	x8,x9,x3	  x9:0x0001e000  x3:0xffffffff  x8=0x00000000
      173715000	     17272	80007f06	012ca333	slt	x6,x25,x18	 x25:0x80025ce4 x18:0x00000000  x6=0x00000001
      173725000	     17273	80007f0a	e29d	c.bnez	x13,80007f30	 x13:0x0000000f
      173745000	     17275	80007f30	022ae063	bltu	x21,x2,80007f50	 x21:0xffffffff  x2:0x000001cf
      173755000	     17276	80007f34	00356033	or	x0,x10,x3	 x10:0x00000000  x3:0xffffffff  x0=0x00000000
      173765000	     17277	80007f38	e689	c.bnez	x13,80007f42	 x13:0x0000000f
      173785000	     17279	80007f42	969a	c.add	x13,x6	 x13:0x0000000f  x6:0x00000001 x13=0x00000010
      173795000	     17280	80007f44	001c2433	slt	x8,x24,x1	 x24:0x000003e0  x1:0x00000754  x8=0x00000001
      173805000	     17281	80007f48	3a91b837	lui	x16,0x3a91b	 x16=0x3a91b000
      173815000	     17282	80007f4c	bd6a7113	andi	x2,x20,-1066	 x20:0x00000000  x2=0x00000000
      173825000	     17283	80007f50	8a12	c.mv	x20,x4	  x0:0x00000000  x4:0xd0cf83ea x20=0xd0cf83ea
      173835000	     17284	80007f52	587d	c.li	x16,-1	 x16=0xffffffff
      173845000	     17285	80007f54	01045913	srli	x18,x8,0x10	  x8:0x00000001 x18=0x00000000
      173855000	     17286	80007f58	0000100f	fence.i	
      173905000	     17291	80007f5c	02ac9e33	mulh	x28,x25,x10	 x25:0x80025ce4 x10:0x00000000 x28=0x00000000
      173915000	     17292	80007f60	0129b7b3	sltu	x15,x19,x18	 x19:0x80021e64 x18:0x00000000 x15=0x00000000
      173925000	     17293	80007f64	93b2	c.add	x7,x12	  x7:0xffffffff x12:0x000003b0  x7=0x000003af
      173935000	     17294	80007f66	101638b7	lui	x17,0x10163	 x17=0x10163000
      173945000	     17295	80007f6a	8fa9	c.xor	x15,x10	 x15:0x00000000 x10:0x00000000 x15=0x00000000
      173955000	     17296	80007f6c	002937b3	sltu	x15,x18,x2	 x18:0x00000000  x2:0x00000000 x15=0x00000000
      173965000	     17297	80007f70	17daa313	slti	x6,x21,381	 x21:0xffffffff  x6=0x00000001
      173975000	     17298	80007f74	009e8533	add	x10,x29,x9	 x29:0x3e996a62  x9:0x0001e000 x10=0x3e9b4a62
      174015000	     17302	80007f78	024e3c33	mulhu	x24,x28,x4	 x28:0x00000000  x4:0xd0cf83ea x24=0x00000000
      174025000	     17303	80007f7c	0001	c.addi	x0,0	  x0:0x00000000  x0=0x00000000
      174035000	     17304	80007f7e	00b297b3	sll	x15,x5,x11	  x5:0x00000000 x11:0x00000000 x15=0x00000000
      174045000	     17305	80007f82	01e28d33	add	x26,x5,x30	  x5:0x00000000 x30:0x00000001 x26=0x00000001
      174055000	     17306	80007f86	b71112b7	lui	x5,0xb7111	  x5=0xb7111000
      174065000	     17307	80007f8a	5d1c9a97	auipc	x21,0x5d1c9	 x21=0xdd1d0f8a
      174075000	     17308	80007f8e	02997863	bgeu	x18,x9,80007fbe	 x18:0x00000000  x9:0x0001e000
      174445000	     17345	80007f92	0363cb33	div	x22,x7,x22	  x7:0x000003af x22:0xfffe2d89 x22=0x00000000
      174815000	     17382	80007f96	02d3d133	divu	x2,x7,x13	  x7:0x000003af x13:0x00000010  x2=0x0000003a
      174825000	     17383	80007f9a	99bf2213	slti	x4,x30,-1637	 x30:0x00000001  x4=0x00000000
      174835000	     17384	80007f9e	14fd	c.addi	x9,-1	  x9:0x0001e000  x9=0x0001dfff
      174845000	     17385	80007fa0	0ff0000f	fence	iorw,iorw	
      174855000	     17386	80007fa4	23c41197	auipc	x3,0x23c41	  x3=0xa3c48fa4
      174865000	     17387	80007fa8	717d	c.addi16sp	x2,-16	  x2:0x0000003a  x2=0x0000002a
      174875000	     17388	80007faa	1d910713	addi	x14,x2,473	  x2:0x0000002a x14=0x00000203
      174885000	     17389	80007fae	02b70263	beq	x14,x11,80007fd2	 x14:0x00000203 x11:0x00000000
      174895000	     17390	80007fb2	0ff0000f	fence	iorw,iorw	
      174905000	     17391	80007fb6	0000100f	fence.i	
      174965000	     17397	80007fba	03e0b933	mulhu	x18,x1,x30	  x1:0x00000754 x30:0x00000001 x18=0x00000000
      174975000	     17398	80007fbe	19290613	addi	x12,x18,402	 x18:0x00000000 x12=0x00000192
      175345000	     17435	80007fc2	025d6f33	rem	x30,x26,x5	 x26:0x00000001  x5:0xb7111000 x30=0x00000001
      175715000	     17472	80007fc6	0219f7b3	remu	x15,x19,x1	 x19:0x80021e64  x1:0x00000754 x15=0x000000d4
      175725000	     17473	80007fca	cb9d	c.beqz	x15,80008000	 x15:0x000000d4
      175735000	     17474	80007fcc	00720863	beq	x4,x7,80007fdc	  x4:0x00000000  x7:0x000003af
      175745000	     17475	80007fd0	0001	c.addi	x0,0	  x0:0x00000000  x0=0x00000000
      175755000	     17476	80007fd2	0ff0000f	fence	iorw,iorw	
      175765000	     17477	80007fd6	012deab3	or	x21,x27,x18	 x27:0x80000000 x18:0x00000000 x21=0x80000000
      175775000	     17478	80007fda	075a	c.slli	x14,0x16	 x14:0x00000203 x14=0x80c00000
      175785000	     17479	80007fdc	9622	c.add	x12,x8	 x12:0x00000192  x8:0x00000001 x12=0x00000193
      175795000	     17480	80007fde	0000100f	fence.i	
      175825000	     17483	80007fe2	00611233	sll	x4,x2,x6	  x2:0x0000002a  x6:0x00000001  x4=0x00000054
      175835000	     17484	80007fe6	1d0c	c.addi4spn	x11,x2,688	 x11=0x000002da
      175845000	     17485	80007fe8	0001	c.addi	x0,0	  x0:0x00000000  x0=0x00000000
      175855000	     17486	80007fea	40b0d4b3	sra	x9,x1,x11	  x1:0x00000754 x11:0x000002da  x9=0x00000000
      175865000	     17487	80007fee	008660b3	or	x1,x12,x8	 x12:0x00000193  x8:0x00000001  x1=0x00000193
      175875000	     17488	80007ff2	01dcd263	bge	x25,x29,80007ff6	 x25:0x80025ce4 x29:0x3e996a62
      175885000	     17489	80007ff6	0ff0000f	fence	iorw,iorw	
      175895000	     17490	80007ffa	0001	c.addi	x0,0	  x0:0x00000000  x0=0x00000000
      175925000	     17493	80007ffc	036b0f33	mul	x30,x22,x22	 x22:0x00000000 x22:0x00000000 x30=0x00000000
      175945000	     17495	80008000	020f7433	remu	x8,x30,x0	 x30:0x00000000  x0:0x00000000  x8=0x00000000
      175955000	     17496	80008004	018a8fb3	add	x31,x21,x24	 x21:0x80000000 x24:0x00000000 x31=0x80000000
      175965000	     17497	80008008	1190	c.addi4spn	x12,x2,224	 x12=0x0000010a
      175975000	     17498	8000800a	00c393b3	sll	x7,x7,x12	  x7:0x000003af x12:0x0000010a  x7=0x000ebc00
      176015000	     17502	8000800e	03aea3b3	mulhsu	x7,x29,x26	 x29:0x3e996a62 x26:0x00000001  x7=0x00000000
      176055000	     17506	80008012	03689e33	mulh	x28,x17,x22	 x17:0x10163000 x22:0x00000000 x28=0x00000000
      176065000	     17507	80008016	00d625b3	slt	x11,x12,x13	 x12:0x0000010a x13:0x00000010 x11=0x00000000
      176075000	     17508	8000801a	ef143a17	auipc	x20,0xef143	 x20=0x6f14b01a
      176115000	     17512	8000801e	021aa333	mulhsu	x6,x21,x1	 x21:0x80000000  x1:0x00000193  x6=0xffffff36
      176125000	     17513	80008022	0149f233	and	x4,x19,x20	 x19:0x80021e64 x20:0x6f14b01a  x4=0x00001000
      176495000	     17550	80008026	02c14733	div	x14,x2,x12	  x2:0x0000002a x12:0x0000010a x14=0x00000000
      176515000	     17552	8000802a	03e67933	remu	x18,x12,x30	 x12:0x0000010a x30:0x00000000 x18=0x0000010a
      176525000	     17553	8000802e	411f5e33	sra	x28,x30,x17	 x30:0x00000000 x17:0x10163000 x28=0x00000000
      176535000	     17554	80008032	0001	c.addi	x0,0	  x0:0x00000000  x0=0x00000000
      176545000	     17555	80008034	ae842613	slti	x12,x8,-1304	  x8:0x00000000 x12=0x00000000
      176555000	     17556	80008038	0001	c.addi	x0,0	  x0:0x00000000  x0=0x00000000
      176565000	     17557	8000803a	1598	c.addi4spn	x14,x2,736	 x14=0x0000030a
      176575000	     17558	8000803c	fd37f193	andi	x3,x15,-45	 x15:0x000000d4  x3=0x000000d0
      176585000	     17559	80008040	002dd3b3	srl	x7,x27,x2	 x27:0x80000000  x2:0x0000002a  x7=0x00200000
      176595000	     17560	80008044	cd328b93	addi	x23,x5,-813	  x5:0xb7111000 x23=0xb7110cd3
      176605000	     17561	80008048	fe477313	andi	x6,x14,-28	 x14:0x0000030a  x6=0x00000300
      176615000	     17562	8000804c	02be	c.slli	x5,0xf	  x5:0xb7111000  x5=0x88000000
      176625000	     17563	8000804e	027bee63	bltu	x23,x7,8000808a	 x23:0xb7110cd3  x7:0x00200000
      176635000	     17564	80008052	8ea9	c.xor	x13,x10	 x13:0x00000010 x10:0x3e9b4a62 x13=0x3e9b4a72
      176645000	     17565	80008054	0083aab3	slt	x21,x7,x8	  x7:0x00200000  x8:0x00000000 x21=0x00000000
      176655000	     17566	80008058	01cc33b3	sltu	x7,x24,x28	 x24:0x00000000 x28:0x00000000  x7=0x00000000
      176665000	     17567	8000805c	00929793	slli	x15,x5,0x9	  x5:0x88000000 x15=0x00000000
      176675000	     17568	80008060	0136ec33	or	x24,x13,x19	 x13:0x3e9b4a72 x19:0x80021e64 x24=0xbe9b5e76
      176685000	     17569	80008064	40838433	sub	x8,x7,x8	  x7:0x00000000  x8:0x00000000  x8=0x00000000
      176695000	     17570	80008068	c325b413	sltiu	x8,x11,-974	 x11:0x00000000  x8=0x00000001
      176705000	     17571	8000806c	00e75e63	bge	x14,x14,80008088	 x14:0x0000030a x14:0x0000030a
      176725000	     17573	80008088	717d	c.addi16sp	x2,-16	  x2:0x0000002a  x2=0x0000001a
      176765000	     17577	8000808a	037e1a33	mulh	x20,x28,x23	 x28:0x00000000 x23:0xb7110cd3 x20=0x00000000
      176775000	     17578	8000808e	008cc8b3	xor	x17,x25,x8	 x25:0x80025ce4  x8:0x00000001 x17=0x80025ce5
      176785000	     17579	80008092	85a2	c.mv	x11,x8	  x0:0x00000000  x8:0x00000001 x11=0x00000001
      176795000	     17580	80008094	8a99	c.andi	x13,6	 x13:0x3e9b4a72 x13=0x00000002
      176805000	     17581	80008096	be357e93	andi	x29,x10,-1053	 x10:0x3e9b4a62 x29=0x3e9b4a62
      176815000	     17582	8000809a	04d50063	beq	x10,x13,800080da	 x10:0x3e9b4a62 x13:0x00000002
      176825000	     17583	8000809e	edb46b93	ori	x23,x8,-293	  x8:0x00000001 x23=0xfffffedb
      176855000	     17586	800080a2	03e302b3	mul	x5,x6,x30	  x6:0x00000300 x30:0x00000000  x5=0x00000000
      176865000	     17587	800080a6	00e11663	bne	x2,x14,800080b2	  x2:0x0000001a x14:0x0000030a
      176895000	     17590	800080b2	9c90f493	andi	x9,x1,-1591	  x1:0x00000193  x9=0x00000181
      176905000	     17591	800080b6	010bc5b3	xor	x11,x23,x16	 x23:0xfffffedb x16:0xffffffff x11=0x00000124
      176915000	     17592	800080ba	00587333	and	x6,x16,x5	 x16:0xffffffff  x5:0x00000000  x6=0x00000000
      176925000	     17593	800080be	14fd	c.addi	x9,-1	  x9:0x00000181  x9=0x00000180
      176935000	     17594	800080c0	019c9433	sll	x8,x25,x25	 x25:0x80025ce4 x25:0x80025ce4  x8=0x0025ce40
      176945000	     17595	800080c4	419a5e33	sra	x28,x20,x25	 x20:0x00000000 x25:0x80025ce4 x28=0x00000000
      176955000	     17596	800080c8	007a4fb3	xor	x31,x20,x7	 x20:0x00000000  x7:0x00000000 x31=0x00000000
      176965000	     17597	800080cc	99fd	c.andi	x11,-1	 x11:0x00000124 x11=0x00000124
      176975000	     17598	800080ce	41ced7b3	sra	x15,x29,x28	 x29:0x3e9b4a62 x28:0x00000000 x15=0x3e9b4a62
      176985000	     17599	800080d2	00b08333	add	x6,x1,x11	  x1:0x00000193 x11:0x00000124  x6=0x000002b7
      176995000	     17600	800080d6	8bd54b17	auipc	x22,0x8bd54	 x22=0x0bd5c0d6
      177365000	     17637	800080da	0297dd33	divu	x26,x15,x9	 x15:0x3e9b4a62  x9:0x00000180 x26=0x0029bcdc
      177735000	     17674	800080de	021b6333	rem	x6,x22,x1	 x22:0x0bd5c0d6  x1:0x00000193  x6=0x000000d5
      177745000	     17675	800080e2	3890e7b7	lui	x15,0x3890e	 x15=0x3890e000
      177755000	     17676	800080e6	5c9e8793	addi	x15,x29,1481	 x29:0x3e9b4a62 x15=0x3e9b502b
      177765000	     17677	800080ea	8e31	c.xor	x12,x12	 x12:0x00000000 x12:0x00000000 x12=0x00000000
      177775000	     17678	800080ec	8f7d	c.and	x14,x15	 x14:0x0000030a x15:0x3e9b502b x14=0x0000000a
      177785000	     17679	800080ee	0093ebb3	or	x23,x7,x9	  x7:0x00000000  x9:0x00000180 x23=0x00000180
      177795000	     17680	800080f2	01625133	srl	x2,x4,x22	  x4:0x00001000 x22:0x0bd5c0d6  x2=0x00000000
      177805000	     17681	800080f6	011e7663	bgeu	x28,x17,80008102	 x28:0x00000000 x17:0x80025ce5
      177815000	     17682	800080fa	8219	c.srli	x12,0x6	 x12:0x00000000 x12=0x00000000
      177825000	     17683	800080fc	0001	c.addi	x0,0	  x0:0x00000000  x0=0x00000000
      177835000	     17684	800080fe	4a15	c.li	x20,5	 x20=0x00000005
      177845000	     17685	80008100	15fd	c.addi	x11,-1	 x11:0x00000124 x11=0x00000123
      177855000	     17686	80008102	0173b7b3	sltu	x15,x7,x23	  x7:0x00000000 x23:0x00000180 x15=0x00000001
      178225000	     17723	80008106	02b9e2b3	rem	x5,x19,x11	 x19:0x80021e64 x11:0x00000123  x5=0xffffff29
      178235000	     17724	8000810a	1d18	c.addi4spn	x14,x2,688	 x14=0x000002b0
      178245000	     17725	8000810c	8fbd	c.xor	x15,x15	 x15:0x00000001 x15:0x00000001 x15=0x00000000
      178255000	     17726	8000810e	035e8563	beq	x29,x21,80008138	 x29:0x3e9b4a62 x21:0x00000000
      178265000	     17727	80008112	8c46	c.mv	x24,x17	  x0:0x00000000 x17:0x80025ce5 x24=0x80025ce5
      178275000	     17728	80008114	c205	c.beqz	x12,80008134	 x12:0x00000000
      178295000	     17730	80008134	406d8633	sub	x12,x27,x6	 x27:0x80000000  x6:0x000000d5 x12=0x7fffff2b
      178305000	     17731	80008138	002ee563	bltu	x29,x2,80008142	 x29:0x3e9b4a62  x2:0x00000000
      178315000	     17732	8000813c	2d4d8317	auipc	x6,0x2d4d8	  x6=0xad4e013c
      178325000	     17733	80008140	8cb9	c.xor	x9,x14	  x9:0x00000180 x14:0x000002b0  x9=0x00000330
      178335000	     17734	80008142	0311d863	bge	x3,x17,80008172	  x3:0x000000d0 x17:0x80025ce5
      178365000	     17737	80008172	01c2cab3	xor	x21,x5,x28	  x5:0xffffff29 x28:0x00000000 x21=0xffffff29
      178385000	     17739	80008176	0228e6b3	rem	x13,x17,x2	 x17:0x80025ce5  x2:0x00000000 x13=0x80025ce5
      178395000	     17740	8000817a	9d66	c.add	x26,x25	 x26:0x0029bcdc x25:0x80025ce4 x26=0x802c19c0
      178405000	     17741	8000817c	01fa9333	sll	x6,x21,x31	 x21:0xffffff29 x31:0x00000000  x6=0xffffff29
      178415000	     17742	80008180	faa86717	auipc	x14,0xfaa86	 x14=0x7aa8e180
      178425000	     17743	80008184	717d	c.addi16sp	x2,-16	  x2:0x00000000  x2=0xfffffff0
      178435000	     17744	80008186	6ead	c.lui	x29,0xb	 x29=0x0000b000
      178445000	     17745	80008188	b0bfb513	sltiu	x10,x31,-1269	 x31:0x00000000 x10=0x00000001
      178455000	     17746	8000818c	41f70733	sub	x14,x14,x31	 x14:0x7aa8e180 x31:0x00000000 x14=0x7aa8e180
      178465000	     17747	80008190	717d	c.addi16sp	x2,-16	  x2:0xfffffff0  x2=0xffffffe0
      178475000	     17748	80008192	00ab8733	add	x14,x23,x10	 x23:0x00000180 x10:0x00000001 x14=0x00000181
      178485000	     17749	80008196	1b7d	c.addi	x22,-1	 x22:0x0bd5c0d6 x22=0x0bd5c0d5
      178495000	     17750	80008198	c0345517	auipc	x10,0xc0345	 x10=0x4034d198
      178505000	     17751	8000819c	415ade33	sra	x28,x21,x21	 x21:0xffffff29 x21:0xffffff29 x28=0xffffffff
      178515000	     17752	800081a0	0001	c.addi	x0,0	  x0:0x00000000  x0=0x00000000
      178525000	     17753	800081a2	02d40263	beq	x8,x13,800081c6	  x8:0x0025ce40 x13:0x80025ce5
      178535000	     17754	800081a6	00c61193	slli	x3,x12,0xc	 x12:0x7fffff2b  x3=0xfff2b000
      178545000	     17755	800081aa	0000100f	fence.i	
      178565000	     17757	800081ae	8ee9	c.and	x13,x10	 x13:0x80025ce5 x10:0x4034d198 x13=0x00005080
      178575000	     17758	800081b0	cf09	c.beqz	x14,800081ca	 x14:0x00000181
      178585000	     17759	800081b2	0072a7b3	slt	x15,x5,x7	  x5:0xffffff29  x7:0x00000000 x15=0x00000001
      178595000	     17760	800081b6	00c1eb33	or	x22,x3,x12	  x3:0xfff2b000 x12:0x7fffff2b x22=0xffffff2b
      178605000	     17761	800081ba	2a4f7713	andi	x14,x30,676	 x30:0x00000000 x14=0x00000000
      178615000	     17762	800081be	028c0063	beq	x24,x8,800081de	 x24:0x80025ce5  x8:0x0025ce40
      178985000	     17799	800081c2	02a741b3	div	x3,x14,x10	 x14:0x00000000 x10:0x4034d198  x3=0x00000000
      178995000	     17800	800081c6	0181d113	srli	x2,x3,0x18	  x3:0x00000000  x2=0x00000000
      179005000	     17801	800081ca	00709813	slli	x16,x1,0x7	  x1:0x00000193 x16=0x0000c980
      179015000	     17802	800081ce	8c7d	c.and	x8,x15	  x8:0x0025ce40 x15:0x00000001  x8=0x00000000
      179025000	     17803	800081d0	527d	c.li	x4,-1	  x4=0xffffffff
      179035000	     17804	800081d2	1ed1a693	slti	x13,x3,493	  x3:0x00000000 x13=0x00000001
      179045000	     17805	800081d6	9bfd	c.andi	x15,-1	 x15:0x00000001 x15=0x00000001
      179055000	     17806	800081d8	6695	c.lui	x13,0x5	 x13=0x00005000
      179095000	     17810	800081da	036a2eb3	mulhsu	x29,x20,x22	 x20:0x00000005 x22:0xffffff2b x29=0x00000004
      179105000	     17811	800081de	5bfd	c.li	x23,-1	 x23=0xffffffff
      179475000	     17848	800081e0	038277b3	remu	x15,x4,x24	  x4:0xffffffff x24:0x80025ce5 x15=0x7ffda31a
      179845000	     17885	800081e4	0240fb33	remu	x22,x1,x4	  x1:0x00000193  x4:0xffffffff x22=0x00000193
      179855000	     17886	800081e8	01e09813	slli	x16,x1,0x1e	  x1:0x00000193 x16=0xc0000000
      179865000	     17887	800081ec	3a083a93	sltiu	x21,x16,928	 x16:0xc0000000 x21=0x00000000
      179875000	     17888	800081f0	9d3a	c.add	x26,x14	 x26:0x802c19c0 x14:0x00000000 x26=0x802c19c0
      179915000	     17892	800081f2	035394b3	mulh	x9,x7,x21	  x7:0x00000000 x21:0x00000000  x9=0x00000000
      179925000	     17893	800081f6	0076ed63	bltu	x13,x7,80008210	 x13:0x00005000  x7:0x00000000
      179935000	     17894	800081fa	15fd	c.addi	x11,-1	 x11:0x00000123 x11=0x00000122
      179945000	     17895	800081fc	00f035b3	sltu	x11,x0,x15	  x0:0x00000000 x15:0x7ffda31a x11=0x00000001
      179955000	     17896	80008200	0001	c.addi	x0,0	  x0:0x00000000  x0=0x00000000
      179965000	     17897	80008202	01dd9313	slli	x6,x27,0x1d	 x27:0x80000000  x6=0x00000000
      179975000	     17898	80008206	00fd5f13	srli	x30,x26,0xf	 x26:0x802c19c0 x30=0x00010058
      179985000	     17899	8000820a	0189beb3	sltu	x29,x19,x24	 x19:0x80021e64 x24:0x80025ce5 x29=0x00000001
      179995000	     17900	8000820e	c509	c.beqz	x10,80008218	 x10:0x4034d198
      180005000	     17901	80008210	6525	c.lui	x10,0x9	 x10=0x00009000
      180015000	     17902	80008212	e10d	c.bnez	x10,80008234	 x10:0x00009000
      180035000	     17904	80008234	6129	c.addi16sp	x2,192	  x2:0x00000000  x2=0x000000c0
      180045000	     17905	80008236	54fd	c.li	x9,-1	  x9=0xffffffff
      180055000	     17906	80008238	014247b3	xor	x15,x4,x20	  x4:0xffffffff x20:0x00000005 x15=0xfffffffa
      180065000	     17907	8000823c	0070d213	srli	x4,x1,0x7	  x1:0x00000193  x4=0x00000003
      180075000	     17908	80008240	00618013	addi	x0,x3,6	  x3:0x00000000  x0=0x00000000
      180085000	     17909	80008244	73bad3b7	lui	x7,0x73bad	  x7=0x73bad000
      180095000	     17910	80008248	40d05313	srai	x6,x0,0xd	  x0:0x00000000  x6=0x00000000
      180465000	     17947	8000824c	0388c1b3	div	x3,x17,x24	 x17:0x80025ce5 x24:0x80025ce5  x3=0x00000001
      180475000	     17948	80008250	dc606b13	ori	x22,x0,-570	  x0:0x00000000 x22=0xfffffdc6
      180485000	     17949	80008254	ea81	c.bnez	x13,80008264	 x13:0x00005000
      180505000	     17951	80008264	8a403697	auipc	x13,0x8a403	 x13=0x0a40b264
      180875000	     17988	80008268	030574b3	remu	x9,x10,x16	 x10:0x00009000 x16:0xc0000000  x9=0x00009000
      180885000	     17989	8000826c	03854263	blt	x10,x24,80008290	 x10:0x00009000 x24:0x80025ce5
      180905000	     17991	80008270	020640b3	div	x1,x12,x0	 x12:0x7fffff2b  x0:0x00000000  x1=0xffffffff
      180915000	     17992	80008274	652d	c.lui	x10,0xb	 x10=0x0000b000
      180925000	     17993	80008276	98fd	c.andi	x9,-1	  x9:0x00009000  x9=0x00009000
      180935000	     17994	80008278	e0b84693	xori	x13,x16,-501	 x16:0xc0000000 x13=0x3ffffe0b
      180945000	     17995	8000827c	03496463	bltu	x18,x20,800082a4	 x18:0x0000010a x20:0x00000005
      180955000	     17996	80008280	82d1	c.srli	x13,0x14	 x13:0x3ffffe0b x13=0x000003ff
      180965000	     17997	80008282	03f6	c.slli	x7,0x1d	  x7:0x73bad000  x7=0x00000000
      180975000	     17998	80008284	91ca	c.add	x3,x18	  x3:0x00000001 x18:0x0000010a  x3=0x0000010b
      180985000	     17999	80008286	00d57ab3	and	x21,x10,x13	 x10:0x0000b000 x13:0x000003ff x21=0x00000000
      180995000	     18000	8000828a	4f0d	c.li	x30,3	 x30=0x00000003
      181005000	     18001	8000828c	0352c063	blt	x5,x21,800082ac	  x5:0xffffff29 x21:0x00000000
      181025000	     18003	800082ac	8fd22213	slti	x4,x4,-1795	  x4:0x00000003  x4=0x00000000
      181035000	     18004	800082b0	8e55	c.or	x12,x13	 x12:0x7fffff2b x13:0x000003ff x12=0x7fffffff
      181045000	     18005	800082b2	0ff0000f	fence	iorw,iorw	
      181055000	     18006	800082b6	018c67b3	or	x15,x24,x24	 x24:0x80025ce5 x24:0x80025ce5 x15=0x80025ce5
      181065000	     18007	800082ba	01b35e13	srli	x28,x6,0x1b	  x6:0x00000000 x28=0x00000000
      181085000	     18009	800082be	0242ceb3	div	x29,x5,x4	  x5:0xffffff29  x4:0x00000000 x29=0xffffffff
      181095000	     18010	800082c2	9716	c.add	x14,x5	 x14:0x00000000  x5:0xffffff29 x14=0xffffff29
      181105000	     18011	800082c4	0ba1	c.addi	x23,8	 x23:0xffffffff x23=0x00000007
      181115000	     18012	800082c6	c319	c.beqz	x14,800082cc	 x14:0xffffff29
      181125000	     18013	800082c8	32f1a693	slti	x13,x3,815	  x3:0x0000010b x13=0x00000001
      181135000	     18014	800082cc	0000ec33	or	x24,x1,x0	  x1:0xffffffff  x0:0x00000000 x24=0xffffffff
      181145000	     18015	800082d0	00ba7f33	and	x30,x20,x11	 x20:0x00000005 x11:0x00000001 x30=0x00000001
      181165000	     18017	800082d4	02047fb3	remu	x31,x8,x0	  x8:0x00000000  x0:0x00000000 x31=0x00000000
      181175000	     18018	800082d8	b1a5e517	auipc	x10,0xb1a5e	 x10=0x31a662d8
      181185000	     18019	800082dc	020ae763	bltu	x21,x0,8000830a	 x21:0x00000000  x0:0x00000000
      181195000	     18020	800082e0	02b20c63	beq	x4,x11,80008318	  x4:0x00000000 x11:0x00000001
      181205000	     18021	800082e4	825d	c.srli	x12,0x17	 x12:0x7fffffff x12=0x000000ff
      181575000	     18058	800082e6	02a2ed33	rem	x26,x5,x10	  x5:0xffffff29 x10:0x31a662d8 x26=0xffffff29
      181585000	     18059	800082ea	05d6	c.slli	x11,0x15	 x11:0x00000001 x11=0x00200000
      181595000	     18060	800082ec	4ca9b513	sltiu	x10,x19,1226	 x19:0x80021e64 x10=0x00000000
      181605000	     18061	800082f0	717d	c.addi16sp	x2,-16	  x2:0x000000c0  x2=0x000000b0
      181615000	     18062	800082f2	0000100f	fence.i	
      181645000	     18065	800082f6	0009bb33	sltu	x22,x19,x0	 x19:0x80021e64  x0:0x00000000 x22=0x00000000
      181685000	     18069	800082fa	03be1533	mulh	x10,x28,x27	 x28:0x00000000 x27:0x80000000 x10=0x00000000
      181695000	     18070	800082fe	030f8463	beq	x31,x16,80008326	 x31:0x00000000 x16:0xc0000000
      181705000	     18071	80008302	022e	c.slli	x4,0xb	  x4:0x00000000  x4=0x00000000
      182075000	     18108	80008304	03e9d8b3	divu	x17,x19,x30	 x19:0x80021e64 x30:0x00000001 x17=0x80021e64
      182085000	     18109	80008308	620d	c.lui	x4,0x3	  x4=0x00003000
      182125000	     18113	8000830a	035824b3	mulhsu	x9,x16,x21	 x16:0xc0000000 x21:0x00000000  x9=0x00000000
      182135000	     18114	8000830e	0001	c.addi	x0,0	  x0:0x00000000  x0=0x00000000
      182145000	     18115	80008310	017dd733	srl	x14,x27,x23	 x27:0x80000000 x23:0x00000007 x14=0x01000000
      182155000	     18116	80008314	00165913	srli	x18,x12,0x1	 x12:0x000000ff x18=0x0000007f
      182165000	     18117	80008318	02d2fe63	bgeu	x5,x13,80008354	  x5:0xffffff29 x13:0x00000001
      182185000	     18119	80008354	8dd5	c.or	x11,x13	 x11:0x00200000 x13:0x00000001 x11=0x00200001
      182195000	     18120	80008356	0a15	c.addi	x20,5	 x20:0x00000005 x20=0x0000000a
      182215000	     18122	80008358	028f6633	rem	x12,x30,x8	 x30:0x00000001  x8:0x00000000 x12=0x00000001
      182225000	     18123	8000835c	012bd763	bge	x23,x18,8000836a	 x23:0x00000007 x18:0x0000007f
      182235000	     18124	80008360	94b57637	lui	x12,0x94b57	 x12=0x94b57000
      182245000	     18125	80008364	8c75	c.and	x8,x13	  x8:0x00000000 x13:0x00000001  x8=0x00000000
      182615000	     18162	80008366	025844b3	div	x9,x16,x5	 x16:0xc0000000  x5:0xffffff29  x9=0x004c3464
      182625000	     18163	8000836a	659a2393	slti	x7,x20,1625	 x20:0x0000000a  x7=0x00000001
      182635000	     18164	8000836e	0001	c.addi	x0,0	  x0:0x00000000  x0=0x00000000
      182655000	     18166	80008370	0209d3b3	divu	x7,x19,x0	 x19:0x80021e64  x0:0x00000000  x7=0xffffffff
      182665000	     18167	80008374	0eb2	c.slli	x29,0xc	 x29:0xffffffff x29=0xfffff000
      182675000	     18168	80008376	01b3d7b3	srl	x15,x7,x27	  x7:0xffffffff x27:0x80000000 x15=0xffffffff
      182695000	     18170	8000837a	036fd833	divu	x16,x31,x22	 x31:0x00000000 x22:0x00000000 x16=0xffffffff
      182705000	     18171	8000837e	0001	c.addi	x0,0	  x0:0x00000000  x0=0x00000000
      182715000	     18172	80008380	d338fb13	andi	x22,x17,-717	 x17:0x80021e64 x22=0x80021c20
      182725000	     18173	80008384	0739	c.addi	x14,14	 x14:0x01000000 x14=0x0100000e
      182735000	     18174	80008386	ec39	c.bnez	x8,800083e4	  x8:0x00000000
      182745000	     18175	80008388	6f39	c.lui	x30,0xe	 x30=0x0000e000
      182755000	     18176	8000838a	f644b093	sltiu	x1,x9,-156	  x9:0x004c3464  x1=0x00000001
      182765000	     18177	8000838e	f479cb93	xori	x23,x19,-185	 x19:0x80021e64 x23=0x7ffde123
      182775000	     18178	80008392	00001317	auipc	x6,0x1	  x6=0x80009392
      182785000	     18179	80008396	ae230313	addi	x6,x6,-1310	  x6:0x80009392  x6=0x80008e74
      182795000	     18180	8000839a	0001	c.addi	x0,0	  x0:0x00000000  x0=0x00000000
      182805000	     18181	8000839c	0001	c.addi	x0,0	  x0:0x00000000  x0=0x00000000
      182815000	     18182	8000839e	034d	c.addi	x6,19	  x6:0x80008e74  x6=0x80008e87
      182825000	     18183	800083a0	00411913	slli	x18,x2,0x4	  x2:0x000000b0 x18=0x00000b00
      182835000	     18184	800083a4	01a45463	bge	x8,x26,800083ac	  x8:0x00000000 x26:0xffffff29
      182855000	     18186	800083ac	fee307e7	jalr	x15,-18(x6)	  x6:0x80008e87 x15=0x800083b0
      182875000	     18188	80008e74	fd498993	addi	x19,x19,-44	 x19:0x80021e64 x19=0x80021e38
      183245000	     18225	80008e78	03b46d33	rem	x26,x8,x27	  x8:0x00000000 x27:0x80000000 x26=0x00000000
      183615000	     18262	80008e7c	03094233	div	x4,x18,x16	 x18:0x00000b00 x16:0xffffffff  x4=0xfffff500
      183625000	     18263	80008e80	0001	c.addi	x0,0	  x0:0x00000000  x0=0x00000000
      183635000	     18264	80008e82	8563c213	xori	x4,x7,-1962	  x7:0xffffffff  x4=0x000007a9
      183645000	     18265	80008e86	0001	c.addi	x0,0	  x0:0x00000000  x0=0x00000000
      183655000	     18266	80008e88	00f9a223	sw	x15,4(x19)	 x19:0x80021e38 x15:0x800083b0 PA:0x80021e3c store:0x800083b0 load:0x00000000
      183665000	     18267	80008e8c	40a6d533	sra	x10,x13,x10	 x13:0x00000001 x10:0x00000000 x10=0x00000001
      183695000	     18270	80008e90	03c30833	mul	x16,x6,x28	  x6:0x80008e87 x28:0x00000000 x16=0x00000000
      183705000	     18271	80008e94	88e82813	slti	x16,x16,-1906	 x16:0x00000000 x16=0x00000000
      184075000	     18308	80008e98	0218c933	div	x18,x17,x1	 x17:0x80021e64  x1:0x00000001 x18=0x80021e64
      184085000	     18309	80008e9c	019d0863	beq	x26,x25,80008eac	 x26:0x00000000 x25:0x80025ce4
      184095000	     18310	80008ea0	0b11	c.addi	x22,4	 x22:0x80021c20 x22=0x80021c24
      184105000	     18311	80008ea2	03b3e263	bltu	x7,x27,80008ec6	  x7:0xffffffff x27:0x80000000
      184115000	     18312	80008ea6	8ec5	c.or	x13,x9	 x13:0x00000001  x9:0x004c3464 x13=0x004c3465
      184125000	     18313	80008ea8	4112de93	srai	x29,x5,0x11	  x5:0xffffff29 x29=0xffffffff
      184135000	     18314	80008eac	baf13693	sltiu	x13,x2,-1105	  x2:0x000000b0 x13=0x00000001
      184145000	     18315	80008eb0	99dab793	sltiu	x15,x21,-1635	 x21:0x00000000 x15=0x00000001
      184185000	     18319	80008eb4	0223a033	mulhsu	x0,x7,x2	  x7:0xffffffff  x2:0x000000b0  x0=0x00000000
      184195000	     18320	80008eb8	05d31063	bne	x6,x29,80008ef8	  x6:0x80008e87 x29:0xffffffff
      184215000	     18322	80008ef8	8c6e	c.mv	x24,x27	  x0:0x00000000 x27:0x80000000 x24=0x80000000
      184225000	     18323	80008efa	013663b3	or	x7,x12,x19	 x12:0x94b57000 x19:0x80021e38  x7=0x94b77e38
      184235000	     18324	80008efe	00591093	slli	x1,x18,0x5	 x18:0x80021e64  x1=0x0043cc80
      184275000	     18328	80008f02	03752333	mulhsu	x6,x10,x23	 x10:0x00000001 x23:0x7ffde123  x6=0x00000000
      184285000	     18329	80008f06	0ff0000f	fence	iorw,iorw	
      184295000	     18330	80008f0a	717d	c.addi16sp	x2,-16	  x2:0x000000b0  x2=0x000000a0
      184305000	     18331	80008f0c	9d383b97	auipc	x23,0x9d383	 x23=0x1d38bf0c
      184315000	     18332	80008f10	009a	c.slli	x1,0x6	  x1:0x0043cc80  x1=0x10f32000
      184325000	     18333	80008f12	717d	c.addi16sp	x2,-16	  x2:0x000000a0  x2=0x00000090
      184335000	     18334	80008f14	000d76b3	and	x13,x26,x0	 x26:0x00000000  x0:0x00000000 x13=0x00000000
      184345000	     18335	80008f18	8c45	c.or	x8,x9	  x8:0x00000000  x9:0x004c3464  x8=0x004c3464
      184355000	     18336	80008f1a	014ed233	srl	x4,x29,x20	 x29:0xffffffff x20:0x0000000a  x4=0x003fffff
      184365000	     18337	80008f1e	03511d63	bne	x2,x21,80008f58	  x2:0x00000090 x21:0x00000000
      184385000	     18339	80008f58	00ab9563	bne	x23,x10,80008f62	 x23:0x1d38bf0c x10:0x00000001
      184415000	     18342	80008f62	d8b7b713	sltiu	x14,x15,-629	 x15:0x00000001 x14=0x00000001
      184425000	     18343	80008f66	1810	c.addi4spn	x12,x2,48	 x12=0x000000c0
      184435000	     18344	80008f68	01d28e33	add	x28,x5,x29	  x5:0xffffff29 x29:0xffffffff x28=0xffffff28
      184445000	     18345	80008f6c	4140d533	sra	x10,x1,x20	  x1:0x10f32000 x20:0x0000000a x10=0x00043cc8
      184455000	     18346	80008f70	9bfd	c.andi	x15,-1	 x15:0x00000001 x15=0x00000001
      184465000	     18347	80008f72	0ff0000f	fence	iorw,iorw	
      184475000	     18348	80008f76	87cd	c.srai	x15,0x13	 x15:0x00000001 x15=0x00000000
      184485000	     18349	80008f78	8c61	c.and	x8,x8	  x8:0x004c3464  x8:0x004c3464  x8=0x004c3464
      184495000	     18350	80008f7a	8b3e	c.mv	x22,x15	  x0:0x00000000 x15:0x00000000 x22=0x00000000
      184505000	     18351	80008f7c	9463c793	xori	x15,x7,-1722	  x7:0x94b77e38 x15=0x6b48877e
      184515000	     18352	80008f80	1d7d	c.addi	x26,-1	 x26:0x00000000 x26=0xffffffff
      184525000	     18353	80008f82	9aceb193	sltiu	x3,x29,-1620	 x29:0xffffffff  x3=0x00000000
      184535000	     18354	80008f86	888d	c.andi	x9,3	  x9:0x004c3464  x9=0x00000000
      184545000	     18355	80008f88	96e12813	slti	x16,x2,-1682	  x2:0x00000090 x16=0x00000000
      184555000	     18356	80008f8c	8cc1	c.or	x9,x8	  x9:0x00000000  x8:0x004c3464  x9=0x004c3464
      184565000	     18357	80008f8e	d2f3bc13	sltiu	x24,x7,-721	  x7:0x94b77e38 x24=0x00000001
      184575000	     18358	80008f92	3bbfc7b7	lui	x15,0x3bbfc	 x15=0x3bbfc000
      184585000	     18359	80008f96	d4748513	addi	x10,x9,-697	  x9:0x004c3464 x10=0x004c31ab
      184595000	     18360	80008f9a	810d	c.srli	x10,0x3	 x10:0x004c31ab x10=0x00098635
      184605000	     18361	80008f9c	41bb53b3	sra	x7,x22,x27	 x22:0x00000000 x27:0x80000000  x7=0x00000000
      184615000	     18362	80008fa0	863a	c.mv	x12,x14	  x0:0x00000000 x14:0x00000001 x12=0x00000001
      184625000	     18363	80008fa2	012d46b3	xor	x13,x26,x18	 x26:0xffffffff x18:0x80021e64 x13=0x7ffde19b
      184635000	     18364	80008fa6	717d	c.addi16sp	x2,-16	  x2:0x00000090  x2=0x00000080
      184675000	     18368	80008fa8	02412333	mulhsu	x6,x2,x4	  x2:0x00000080  x4:0x003fffff  x6=0x00000000
      184685000	     18369	80008fac	00bdd463	bge	x27,x11,80008fb4	 x27:0x80000000 x11:0x00200001
      184695000	     18370	80008fb0	0001	c.addi	x0,0	  x0:0x00000000  x0=0x00000000
      184705000	     18371	80008fb2	c0a9	c.beqz	x9,80008ff4	  x9:0x004c3464
      185075000	     18408	80008fb4	03307fb3	remu	x31,x0,x19	  x0:0x00000000 x19:0x80021e38 x31=0x00000000
      185115000	     18412	80008fb8	02049633	mulh	x12,x9,x0	  x9:0x004c3464  x0:0x00000000 x12=0x00000000
      185125000	     18413	80008fbc	00f066b3	or	x13,x0,x15	  x0:0x00000000 x15:0x3bbfc000 x13=0x3bbfc000
      185135000	     18414	80008fc0	8de9	c.and	x11,x10	 x11:0x00200001 x10:0x00098635 x11=0x00000001
      185145000	     18415	80008fc2	fe9d7393	andi	x7,x26,-23	 x26:0xffffffff  x7=0xffffffe9
      185515000	     18452	80008fc6	0374f533	remu	x10,x9,x23	  x9:0x004c3464 x23:0x1d38bf0c x10=0x004c3464
      185525000	     18453	80008fca	8ce1	c.and	x9,x8	  x9:0x004c3464  x8:0x004c3464  x9=0x004c3464
      185535000	     18454	80008fcc	25c84737	lui	x14,0x25c84	 x14=0x25c84000
      185545000	     18455	80008fd0	6149	c.addi16sp	x2,144	  x2:0x00000080  x2=0x00000110
      185555000	     18456	80008fd2	1f7ea913	slti	x18,x29,503	 x29:0xffffffff x18=0x00000001
      185565000	     18457	80008fd6	167d	c.addi	x12,-1	 x12:0x00000000 x12=0xffffffff
      185575000	     18458	80008fd8	019f9913	slli	x18,x31,0x19	 x31:0x00000000 x18=0x00000000
      185605000	     18461	80008fdc	022781b3	mul	x3,x15,x2	 x15:0x3bbfc000  x2:0x00000110  x3=0x7bbc0000
      185615000	     18462	80008fe0	be137f93	andi	x31,x6,-1055	  x6:0x00000000 x31=0x00000000
      185625000	     18463	80008fe4	93e6	c.add	x7,x25	  x7:0xffffffe9 x25:0x80025ce4  x7=0x80025ccd
      185635000	     18464	80008fe6	02195d63	bge	x18,x1,80009020	 x18:0x00000000  x1:0x10f32000
      185645000	     18465	80008fea	01bfb3b3	sltu	x7,x31,x27	 x31:0x00000000 x27:0x80000000  x7=0x00000001
      185655000	     18466	80008fee	8e55	c.or	x12,x13	 x12:0xffffffff x13:0x3bbfc000 x12=0xffffffff
      185695000	     18470	80008ff0	020d1c33	mulh	x24,x26,x0	 x26:0xffffffff  x0:0x00000000 x24=0x00000000
      185705000	     18471	80008ff4	40ff5233	sra	x4,x30,x15	 x30:0x0000e000 x15:0x3bbfc000  x4=0x0000e000
      185715000	     18472	80008ff8	639d	c.lui	x7,0x7	  x7=0x00007000
      186085000	     18509	80008ffa	022edbb3	divu	x23,x29,x2	 x29:0xffffffff  x2:0x00000110 x23=0x00f0f0f0
      186125000	     18513	80008ffe	033094b3	mulh	x9,x1,x19	  x1:0x10f32000 x19:0x80021e38  x9=0xf78693e6
      186135000	     18514	80009002	ce866113	ori	x2,x12,-792	 x12:0xffffffff  x2=0xffffffff
      186145000	     18515	80009006	50e4b213	sltiu	x4,x9,1294	  x9:0xf78693e6  x4=0x00000000
      186155000	     18516	8000900a	0e216113	ori	x2,x2,226	  x2:0xffffffff  x2=0xffffffff
      186165000	     18517	8000900e	01166fb3	or	x31,x12,x17	 x12:0xffffffff x17:0x80021e64 x31=0xffffffff
      186535000	     18554	80009012	025af433	remu	x8,x21,x5	 x21:0x00000000  x5:0xffffff29  x8=0x00000000
      186545000	     18555	80009016	e595	c.bnez	x11,80009042	 x11:0x00000001
      186565000	     18557	80009042	8691	c.srai	x13,0x4	 x13:0x3bbfc000 x13=0x03bbfc00
      186575000	     18558	80009044	01975493	srli	x9,x14,0x19	 x14:0x25c84000  x9=0x00000012
      186585000	     18559	80009048	4409	c.li	x8,2	  x8=0x00000002
      186615000	     18562	8000904a	020a8533	mul	x10,x21,x0	 x21:0x00000000  x0:0x00000000 x10=0x00000000
      186625000	     18563	8000904e	0000100f	fence.i	
      186655000	     18566	80009052	00749213	slli	x4,x9,0x7	  x9:0x00000012  x4=0x00000900
      186665000	     18567	80009056	03b67363	bgeu	x12,x27,8000907c	 x12:0xffffffff x27:0x80000000
      186685000	     18569	8000907c	86b1	c.srai	x13,0xc	 x13:0x03bbfc00 x13=0x00003bbf
      186725000	     18573	8000907e	03d51d33	mulh	x26,x10,x29	 x10:0x00000000 x29:0xffffffff x26=0x00000000
      187095000	     18610	80009082	0259f133	remu	x2,x19,x5	 x19:0x80021e38  x5:0xffffff29  x2=0x80021e38
      187105000	     18611	80009086	8afd	c.andi	x13,31	 x13:0x00003bbf x13=0x0000001f
      187115000	     18612	80009088	01b812b3	sll	x5,x16,x27	 x16:0x00000000 x27:0x80000000  x5=0x00000000
      187145000	     18615	8000908c	03b88c33	mul	x24,x17,x27	 x17:0x80021e64 x27:0x80000000 x24=0x00000000
      187515000	     18652	80009090	03cfe4b3	rem	x9,x31,x28	 x31:0xffffffff x28:0xffffff28  x9=0xffffffff
      187525000	     18653	80009094	01f85e63	bge	x16,x31,800090b0	 x16:0x00000000 x31:0xffffffff
      187545000	     18655	800090b0	8cd1	c.or	x9,x12	  x9:0xffffffff x12:0xffffffff  x9=0xffffffff
      187585000	     18659	800090b2	025333b3	mulhu	x7,x6,x5	  x6:0x00000000  x5:0x00000000  x7=0x00000000
      187595000	     18660	800090b6	8dcd	c.or	x11,x11	 x11:0x00000001 x11:0x00000001 x11=0x00000001
      187605000	     18661	800090b8	eab97497	auipc	x9,0xeab97	  x9=0x6aba00b8
      187615000	     18662	800090bc	01ef1213	slli	x4,x30,0x1e	 x30:0x0000e000  x4=0x00000000
      187625000	     18663	800090c0	0ff0000f	fence	iorw,iorw	
      187665000	     18667	800090c4	023d3fb3	mulhu	x31,x26,x3	 x26:0x00000000  x3:0x7bbc0000 x31=0x00000000
      187675000	     18668	800090c8	0179b333	sltu	x6,x19,x23	 x19:0x80021e38 x23:0x00f0f0f0  x6=0x00000000
      187685000	     18669	800090cc	0172	c.slli	x2,0x1c	  x2:0x80021e38  x2=0x80000000
      187695000	     18670	800090ce	01884d33	xor	x26,x16,x24	 x16:0x00000000 x24:0x00000000 x26=0x00000000
      187705000	     18671	800090d2	c605	c.beqz	x12,800090fa	 x12:0xffffffff
      187715000	     18672	800090d4	01a9c863	blt	x19,x26,800090e4	 x19:0x80021e38 x26:0x00000000
      187735000	     18674	800090e4	e62ecc13	xori	x24,x29,-414	 x29:0xffffffff x24=0x0000019d
      187775000	     18678	800090e8	039aa1b3	mulhsu	x3,x21,x25	 x21:0x00000000 x25:0x80025ce4  x3=0x00000000
      187815000	     18682	800090ec	021d2433	mulhsu	x8,x26,x1	 x26:0x00000000  x1:0x10f32000  x8=0x00000000
      187825000	     18683	800090f0	6109	c.addi16sp	x2,128	  x2:0x80000000  x2=0x80000080
      187835000	     18684	800090f2	01695a93	srli	x21,x18,0x16	 x18:0x00000000 x21=0x00000000
      187845000	     18685	800090f6	02656563	bltu	x10,x6,80009120	 x10:0x00000000  x6:0x00000000
      187855000	     18686	800090fa	4082d833	sra	x16,x5,x8	  x5:0x00000000  x8:0x00000000 x16=0x00000000
      187875000	     18688	800090fe	020a6e33	rem	x28,x20,x0	 x20:0x0000000a  x0:0x00000000 x28=0x0000000a
      187885000	     18689	80009102	01c65a33	srl	x20,x12,x28	 x12:0xffffffff x28:0x0000000a x20=0x003fffff
      187895000	     18690	80009106	0096d033	srl	x0,x13,x9	 x13:0x0000001f  x9:0x6aba00b8  x0=0x00000000
      187905000	     18691	8000910a	246c0313	addi	x6,x24,582	 x24:0x0000019d  x6=0x000003e3
      187915000	     18692	8000910e	c791	c.beqz	x15,8000911a	 x15:0x3bbfc000
      187925000	     18693	80009110	8d4d	c.or	x10,x11	 x10:0x00000000 x11:0x00000001 x10=0x00000001
      187935000	     18694	80009112	02309063	bne	x1,x3,80009132	  x1:0x10f32000  x3:0x00000000
      187965000	     18697	80009132	012b5193	srli	x3,x22,0x12	 x22:0x00000000  x3=0x00000000
      187975000	     18698	80009136	00a45a13	srli	x20,x8,0xa	  x8:0x00000000 x20=0x00000000
      187985000	     18699	8000913a	61d9	c.lui	x3,0x16	  x3=0x00016000
      187995000	     18700	8000913c	8299	c.srli	x13,0x6	 x13:0x0000001f x13=0x00000000
      188005000	     18701	8000913e	b7bfe713	ori	x14,x31,-1157	 x31:0x00000000 x14=0xfffffb7b
      188015000	     18702	80009142	9bfd	c.andi	x15,-1	 x15:0x3bbfc000 x15=0x3bbfc000
      188025000	     18703	80009144	02551317	auipc	x6,0x2551	  x6=0x8255a144
      188035000	     18704	80009148	8f4d	c.or	x14,x11	 x14:0xfffffb7b x11:0x00000001 x14=0xfffffb7b
      188045000	     18705	8000914a	00c3da93	srli	x21,x7,0xc	  x7:0x00000000 x21=0x00000000
      188055000	     18706	8000914e	613d	c.addi16sp	x2,480	  x2:0x80000080  x2=0x80000260
      188065000	     18707	80009150	8d537313	andi	x6,x6,-1835	  x6:0x8255a144  x6=0x8255a044
      188075000	     18708	80009154	997d	c.andi	x10,-1	 x10:0x00000001 x10=0x00000001
      188085000	     18709	80009156	c49d	c.beqz	x9,80009184	  x9:0x6aba00b8
      188095000	     18710	80009158	0001	c.addi	x0,0	  x0:0x00000000  x0=0x00000000
      188105000	     18711	8000915a	03c78363	beq	x15,x28,80009180	 x15:0x3bbfc000 x28:0x0000000a
      188115000	     18712	8000915e	41b65533	sra	x10,x12,x27	 x12:0xffffffff x27:0x80000000 x10=0xffffffff
      188125000	     18713	80009162	8ee5	c.and	x13,x9	 x13:0x00000000  x9:0x6aba00b8 x13=0x00000000
      188135000	     18714	80009164	402a8fb3	sub	x31,x21,x2	 x21:0x00000000  x2:0x80000260 x31=0x7ffffda0
      188145000	     18715	80009168	0001	c.addi	x0,0	  x0:0x00000000  x0=0x00000000
      188155000	     18716	8000916a	01bd31b3	sltu	x3,x26,x27	 x26:0x00000000 x27:0x80000000  x3=0x00000001
      188175000	     18718	8000916e	0361feb3	remu	x29,x3,x22	  x3:0x00000001 x22:0x00000000 x29=0x00000001
      188185000	     18719	80009172	0ff0000f	fence	iorw,iorw	
      188195000	     18720	80009176	04177093	andi	x1,x14,65	 x14:0xfffffb7b  x1=0x00000041
      188205000	     18721	8000917a	717d	c.addi16sp	x2,-16	  x2:0x80000260  x2=0x80000250
      188215000	     18722	8000917c	4016db13	srai	x22,x13,0x1	 x13:0x00000000 x22=0x00000000
      188245000	     18725	80009180	024201b3	mul	x3,x4,x4	  x4:0x00000000  x4:0x00000000  x3=0x00000000
      188255000	     18726	80009184	717d	c.addi16sp	x2,-16	  x2:0x80000250  x2=0x80000240
      188265000	     18727	80009186	167d	c.addi	x12,-1	 x12:0xffffffff x12=0xfffffffe
      188275000	     18728	80009188	8e31	c.xor	x12,x12	 x12:0xfffffffe x12:0xfffffffe x12=0x00000000
      188285000	     18729	8000918a	9afd	c.andi	x13,-1	 x13:0x00000000 x13=0x00000000
      188295000	     18730	8000918c	00926833	or	x16,x4,x9	  x4:0x00000000  x9:0x6aba00b8 x16=0x6aba00b8
      188305000	     18731	80009190	0e264613	xori	x12,x12,226	 x12:0x00000000 x12=0x000000e2
      188315000	     18732	80009194	127d	c.addi	x4,-1	  x4:0x00000000  x4=0xffffffff
      188325000	     18733	80009196	eb0d	c.bnez	x14,800091c8	 x14:0xfffffb7b
      188345000	     18735	800091c8	01521c63	bne	x4,x21,800091e0	  x4:0xffffffff x21:0x00000000
      188365000	     18737	800091e0	01cf5eb3	srl	x29,x30,x28	 x30:0x0000e000 x28:0x0000000a x29=0x00000038
      188385000	     18739	800091e4	0327c633	div	x12,x15,x18	 x15:0x3bbfc000 x18:0x00000000 x12=0xffffffff
      188395000	     18740	800091e8	4ead	c.li	x29,11	 x29=0x0000000b
      188765000	     18777	800091ea	02f47f33	remu	x30,x8,x15	  x8:0x00000000 x15:0x3bbfc000 x30=0x00000000
      188775000	     18778	800091ee	6da5a693	slti	x13,x11,1754	 x11:0x00000001 x13=0x00000001
      188785000	     18779	800091f2	019e1f33	sll	x30,x28,x25	 x28:0x0000000a x25:0x80025ce4 x30=0x000000a0
      188795000	     18780	800091f6	8f11	c.sub	x14,x12	 x14:0xfffffb7b x12:0xffffffff x14=0xfffffb7c
      188805000	     18781	800091f8	0001	c.addi	x0,0	  x0:0x00000000  x0=0x00000000
      188815000	     18782	800091fa	01290e63	beq	x18,x18,80009216	 x18:0x00000000 x18:0x00000000
      188845000	     18785	80009216	014301b3	add	x3,x6,x20	  x6:0x8255a044 x20:0x00000000  x3=0x8255a044
      188855000	     18786	8000921a	8d91	c.sub	x11,x12	 x11:0x00000001 x12:0xffffffff x11=0x00000002
      188865000	     18787	8000921c	01d44a33	xor	x20,x8,x29	  x8:0x00000000 x29:0x0000000b x20=0x0000000b
      188875000	     18788	80009220	00f8b733	sltu	x14,x17,x15	 x17:0x80021e64 x15:0x3bbfc000 x14=0x00000000
      188885000	     18789	80009224	8c11	c.sub	x8,x12	  x8:0x00000000 x12:0xffffffff  x8=0x00000001
      188895000	     18790	80009226	6b09	c.lui	x22,0x2	 x22=0x00002000
      188905000	     18791	80009228	02a40363	beq	x8,x10,8000924e	  x8:0x00000001 x10:0xffffffff
      188915000	     18792	8000922c	8d35	c.xor	x10,x13	 x10:0xffffffff x13:0x00000001 x10=0xfffffffe
      188925000	     18793	8000922e	01cb7b33	and	x22,x22,x28	 x22:0x00002000 x28:0x0000000a x22=0x00000000
      188965000	     18797	80009232	02309fb3	mulh	x31,x1,x3	  x1:0x00000041  x3:0x8255a044 x31=0xffffffe0
      188975000	     18798	80009236	0810	c.addi4spn	x12,x2,16	 x12=0x80000250
      188985000	     18799	80009238	40255913	srai	x18,x10,0x2	 x10:0xfffffffe x18=0xffffffff
      188995000	     18800	8000923c	41148533	sub	x10,x9,x17	  x9:0x6aba00b8 x17:0x80021e64 x10=0xeab7e254
      189035000	     18804	80009240	03319b33	mulh	x22,x3,x19	  x3:0x8255a044 x19:0x80021e38 x22=0x3ed425b3
      189045000	     18805	80009244	0be63593	sltiu	x11,x12,190	 x12:0x80000250 x11=0x00000000
      189055000	     18806	80009248	65e9	c.lui	x11,0x1a	 x11=0x0001a000
      189065000	     18807	8000924a	01d06bb3	or	x23,x0,x29	  x0:0x00000000 x29:0x0000000b x23=0x0000000b
      189075000	     18808	8000924e	414484b3	sub	x9,x9,x20	  x9:0x6aba00b8 x20:0x0000000b  x9=0x6aba00ad
      189085000	     18809	80009252	00351c13	slli	x24,x10,0x3	 x10:0xeab7e254 x24=0x55bf12a0
      189095000	     18810	80009256	01735833	srl	x16,x6,x23	  x6:0x8255a044 x23:0x0000000b x16=0x00104ab4
      189105000	     18811	8000925a	8f31	c.xor	x14,x12	 x14:0x00000000 x12:0x80000250 x14=0x80000250
      189115000	     18812	8000925c	014ae7b3	or	x15,x21,x20	 x21:0x00000000 x20:0x0000000b x15=0x0000000b
      189155000	     18816	80009260	0259a7b3	mulhsu	x15,x19,x5	 x19:0x80021e38  x5:0x00000000 x15=0x00000000
      189165000	     18817	80009264	01671963	bne	x14,x22,80009276	 x14:0x80000250 x22:0x3ed425b3
      189185000	     18819	80009276	920e	c.add	x4,x3	  x4:0xffffffff  x3:0x8255a044  x4=0x8255a043
      189195000	     18820	80009278	41b25a13	srai	x20,x4,0x1b	  x4:0x8255a043 x20=0xfffffff0
      189205000	     18821	8000927c	53a63193	sltiu	x3,x12,1338	 x12:0x80000250  x3=0x00000000
      189245000	     18825	80009280	0380a433	mulhsu	x8,x1,x24	  x1:0x00000041 x24:0x55bf12a0  x8=0x00000015
      189255000	     18826	80009284	0033f663	bgeu	x7,x3,80009290	  x7:0x00000000  x3:0x00000000
      189635000	     18864	80009290	029f7b33	remu	x22,x30,x9	 x30:0x000000a0  x9:0x6aba00ad x22=0x000000a0
      189645000	     18865	80009294	0b98	c.addi4spn	x14,x2,464	 x14=0x80000410
      189655000	     18866	80009296	413d8a33	sub	x20,x27,x19	 x27:0x80000000 x19:0x80021e38 x20=0xfffde1c8
      189665000	     18867	8000929a	01385663	bge	x16,x19,800092a6	 x16:0x00104ab4 x19:0x80021e38
      189685000	     18869	800092a6	717d	c.addi16sp	x2,-16	  x2:0x80000240  x2=0x80000230
      189695000	     18870	800092a8	4095	c.li	x1,5	  x1=0x00000005
      189705000	     18871	800092aa	0343c063	blt	x7,x20,800092ca	  x7:0x00000000 x20:0xfffde1c8
      189715000	     18872	800092ae	0ff0000f	fence	iorw,iorw	
      189725000	     18873	800092b2	80ad	c.srli	x9,0xb	  x9:0x6aba00ad  x9=0x000d5740
      189745000	     18875	800092b4	03597333	remu	x6,x18,x21	 x18:0xffffffff x21:0x00000000  x6=0xffffffff
      189755000	     18876	800092b8	e699	c.bnez	x13,800092c6	 x13:0x00000001
      189775000	     18878	800092c6	9a7d	c.andi	x12,-1	 x12:0x80000250 x12=0x80000250
      189785000	     18879	800092c8	8d1d	c.sub	x10,x15	 x10:0xeab7e254 x15:0x00000000 x10=0xeab7e254
      189795000	     18880	800092ca	8e3d	c.xor	x12,x15	 x12:0x80000250 x15:0x00000000 x12=0x80000250
      189805000	     18881	800092cc	1d74bb13	sltiu	x22,x9,471	  x9:0x000d5740 x22=0x00000000
      189815000	     18882	800092d0	9b7d	c.andi	x14,-1	 x14:0x80000410 x14=0x80000410
      189825000	     18883	800092d2	014f7d63	bgeu	x30,x20,800092ec	 x30:0x000000a0 x20:0xfffde1c8
      189835000	     18884	800092d6	013e35b3	sltu	x11,x28,x19	 x28:0x0000000a x19:0x80021e38 x11=0x00000001
      189845000	     18885	800092da	403bdb13	srai	x22,x23,0x3	 x23:0x0000000b x22=0x00000001
      189855000	     18886	800092de	0001	c.addi	x0,0	  x0:0x00000000  x0=0x00000000
      189865000	     18887	800092e0	02524d63	blt	x4,x5,8000931a	  x4:0x8255a043  x5:0x00000000
      189895000	     18890	8000931a	415ed413	srai	x8,x29,0x15	 x29:0x0000000b  x8=0x00000000
      189905000	     18891	8000931e	816e	c.mv	x2,x27	  x0:0x00000000 x27:0x80000000  x2=0x80000000
      189915000	     18892	80009320	01115bb3	srl	x23,x2,x17	  x2:0x80000000 x17:0x80021e64 x23=0x08000000
      189925000	     18893	80009324	40a25513	srai	x10,x4,0xa	  x4:0x8255a043 x10=0xffe09568
      189935000	     18894	80009328	00344233	xor	x4,x8,x3	  x8:0x00000000  x3:0x00000000  x4=0x00000000
      189945000	     18895	8000932c	8f11	c.sub	x14,x12	 x14:0x80000410 x12:0x80000250 x14=0x000001c0
      189955000	     18896	8000932e	00aa5513	srli	x10,x20,0xa	 x20:0xfffde1c8 x10=0x003fff78
      189965000	     18897	80009332	01493333	sltu	x6,x18,x20	 x18:0xffffffff x20:0xfffde1c8  x6=0x00000000
      189975000	     18898	80009336	416b5513	srai	x10,x22,0x16	 x22:0x00000001 x10=0x00000000
      189985000	     18899	8000933a	717d	c.addi16sp	x2,-16	  x2:0x80000000  x2=0x7ffffff0
      189995000	     18900	8000933c	01c67463	bgeu	x12,x28,80009344	 x12:0x80000250 x28:0x0000000a
      190015000	     18902	80009344	01809433	sll	x8,x1,x24	  x1:0x00000005 x24:0x55bf12a0  x8=0x00000005
      190385000	     18939	80009348	0218c233	div	x4,x17,x1	 x17:0x80021e64  x1:0x00000005  x4=0xe666d2e1
      190395000	     18940	8000934c	40bd5233	sra	x4,x26,x11	 x26:0x00000000 x11:0x00000001  x4=0x00000000
      190405000	     18941	80009350	00cf5133	srl	x2,x30,x12	 x30:0x000000a0 x12:0x80000250  x2=0x00000000
      190425000	     18943	80009354	02af74b3	remu	x9,x30,x10	 x30:0x000000a0 x10:0x00000000  x9=0x000000a0
      190435000	     18944	80009358	0000100f	fence.i	
      190815000	     18982	8000935c	03476533	rem	x10,x14,x20	 x14:0x000001c0 x20:0xfffde1c8 x10=0x000001c0
      190825000	     18983	80009360	167d	c.addi	x12,-1	 x12:0x80000250 x12=0x8000024f
      190835000	     18984	80009362	8c21	c.xor	x8,x8	  x8:0x00000005  x8:0x00000005  x8=0x00000000
      190845000	     18985	80009364	4e9d	c.li	x29,7	 x29=0x00000007
      190855000	     18986	80009366	9bfd	c.andi	x15,-1	 x15:0x00000000 x15=0x00000000
      190865000	     18987	80009368	87d5	c.srai	x15,0x15	 x15:0x00000000 x15=0x00000000
      190875000	     18988	8000936a	309d2e93	slti	x29,x26,777	 x26:0x00000000 x29=0x00000001
      190885000	     18989	8000936e	4179	c.li	x2,30	  x2=0x0000001e
      190895000	     18990	80009370	013c96b3	sll	x13,x25,x19	 x25:0x80025ce4 x19:0x80021e38 x13=0xe4000000
      190905000	     18991	80009374	baaff5b7	lui	x11,0xbaaff	 x11=0xbaaff000
      190915000	     18992	80009378	08de	c.slli	x17,0x17	 x17:0x80021e64 x17=0x32000000
      190925000	     18993	8000937a	88e5	c.andi	x9,25	  x9:0x000000a0  x9=0x00000000
      190935000	     18994	8000937c	df68b413	sltiu	x8,x17,-522	 x17:0x32000000  x8=0x00000001
      190945000	     18995	80009380	d96ee593	ori	x11,x29,-618	 x29:0x00000001 x11=0xfffffd97
      190955000	     18996	80009384	6325	c.lui	x6,0x9	  x6=0x00009000
      190965000	     18997	80009386	018656b3	srl	x13,x12,x24	 x12:0x8000024f x24:0x55bf12a0 x13=0x8000024f
      190975000	     18998	8000938a	0ff0000f	fence	iorw,iorw	
      190985000	     18999	8000938e	8d9d	c.sub	x11,x15	 x11:0xfffffd97 x15:0x00000000 x11=0xfffffd97
      191015000	     19002	80009390	02e98333	mul	x6,x19,x14	 x19:0x80021e38 x14:0x000001c0  x6=0x03b4e200
      191055000	     19006	80009394	0209a6b3	mulhsu	x13,x19,x0	 x19:0x80021e38  x0:0x00000000 x13=0x00000000
      191065000	     19007	80009398	0001	c.addi	x0,0	  x0:0x00000000  x0=0x00000000
      191075000	     19008	8000939a	02694763	blt	x18,x6,800093c8	 x18:0xffffffff  x6:0x03b4e200
      191095000	     19010	800093c8	8c35	c.xor	x8,x13	  x8:0x00000001 x13:0x00000000  x8=0x00000001
      191105000	     19011	800093ca	0323c463	blt	x7,x18,800093f2	  x7:0x00000000 x18:0xffffffff
      191115000	     19012	800093ce	01f79bb3	sll	x23,x15,x31	 x15:0x00000000 x31:0xffffffe0 x23=0x00000000
      191125000	     19013	800093d2	8f29	c.xor	x14,x10	 x14:0x000001c0 x10:0x000001c0 x14=0x00000000
      191135000	     19014	800093d4	8c75	c.and	x8,x13	  x8:0x00000001 x13:0x00000000  x8=0x00000000
      191145000	     19015	800093d6	e405	c.bnez	x8,800093fe	  x8:0x00000000
      191185000	     19019	800093d8	03a5be33	mulhu	x28,x11,x26	 x11:0xfffffd97 x26:0x00000000 x28=0x00000000
      191225000	     19023	800093dc	0254a3b3	mulhsu	x7,x9,x5	  x9:0x00000000  x5:0x00000000  x7=0x00000000
      191235000	     19024	800093e0	c2a87213	andi	x4,x16,-982	 x16:0x00104ab4  x4=0x00104820
      191275000	     19028	800093e4	0285aeb3	mulhsu	x29,x11,x8	 x11:0xfffffd97  x8:0x00000000 x29=0x00000000
      191285000	     19029	800093e8	f2718393	addi	x7,x3,-217	  x3:0x00000000  x7=0xffffff27
      191295000	     19030	800093ec	d9a2ba97	auipc	x21,0xd9a2b	 x21=0x59a343ec
      191305000	     19031	800093f0	0001	c.addi	x0,0	  x0:0x00000000  x0=0x00000000
      191315000	     19032	800093f2	0ff0000f	fence	iorw,iorw	
      191325000	     19033	800093f6	8c3d	c.xor	x8,x15	  x8:0x00000000 x15:0x00000000  x8=0x00000000
      191335000	     19034	800093f8	90be	c.add	x1,x15	  x1:0x00000005 x15:0x00000000  x1=0x00000005
      191705000	     19071	800093fa	033ad7b3	divu	x15,x21,x19	 x21:0x59a343ec x19:0x80021e38 x15=0x00000000
      191715000	     19072	800093fe	0059bfb3	sltu	x31,x19,x5	 x19:0x80021e38  x5:0x00000000 x31=0x00000000
      191725000	     19073	80009402	82ad	c.srli	x13,0xb	 x13:0x00000000 x13=0x00000000
      191735000	     19074	80009404	f96db213	sltiu	x4,x27,-106	 x27:0x80000000  x4=0x00000001
      191745000	     19075	80009408	8619	c.srai	x12,0x6	 x12:0x8000024f x12=0xfe000009
      192115000	     19112	8000940a	033256b3	divu	x13,x4,x19	  x4:0x00000001 x19:0x80021e38 x13=0x00000000
      192125000	     19113	8000940e	8785	c.srai	x15,0x1	 x15:0x00000000 x15=0x00000000
      192135000	     19114	80009410	0001	c.addi	x0,0	  x0:0x00000000  x0=0x00000000
      192145000	     19115	80009412	01e07c63	bgeu	x0,x30,8000942a	  x0:0x00000000 x30:0x000000a0
      192155000	     19116	80009416	018cb633	sltu	x12,x25,x24	 x25:0x80025ce4 x24:0x55bf12a0 x12=0x00000000
      192165000	     19117	8000941a	0001	c.addi	x0,0	  x0:0x00000000  x0=0x00000000
      192175000	     19118	8000941c	000c1763	bne	x24,x0,8000942a	 x24:0x55bf12a0  x0:0x00000000
      192205000	     19121	8000942a	409f81b3	sub	x3,x31,x9	 x31:0x00000000  x9:0x00000000  x3=0x00000000
      192215000	     19122	8000942e	40455433	sra	x8,x10,x4	 x10:0x000001c0  x4:0x00000001  x8=0x000000e0
      192225000	     19123	80009432	414f8f13	addi	x30,x31,1044	 x31:0x00000000 x30=0x00000414
      192235000	     19124	80009436	bfae8313	addi	x6,x29,-1030	 x29:0x00000000  x6=0xfffffbfa
      192245000	     19125	8000943a	40f95f93	srai	x31,x18,0xf	 x18:0xffffffff x31=0xffffffff
      192255000	     19126	8000943e	6bed	c.lui	x23,0x1b	 x23=0x0001b000
      192265000	     19127	80009440	8cbd	c.xor	x9,x15	  x9:0x00000000 x15:0x00000000  x9=0x00000000
      192275000	     19128	80009442	410ad613	srai	x12,x21,0x10	 x21:0x59a343ec x12=0x000059a3
      192285000	     19129	80009446	8711	c.srai	x14,0x4	 x14:0x00000000 x14=0x00000000
      192295000	     19130	80009448	cb89	c.beqz	x15,8000945a	 x15:0x00000000
      192315000	     19132	8000945a	8f1d	c.sub	x14,x15	 x14:0x00000000 x15:0x00000000 x14=0x00000000
      192325000	     19133	8000945c	02adf063	bgeu	x27,x10,8000947c	 x27:0x80000000 x10:0x000001c0
      192345000	     19135	8000947c	02e07863	bgeu	x0,x14,800094ac	  x0:0x00000000 x14:0x00000000
      192725000	     19173	800094ac	0211db33	divu	x22,x3,x1	  x3:0x00000000  x1:0x00000005 x22=0x00000000
      192735000	     19174	800094b0	615d	c.addi16sp	x2,432	  x2:0x0000001e  x2=0x000001ce
      192745000	     19175	800094b2	84a5	c.srai	x9,0x9	  x9:0x00000000  x9=0x00000000
      192785000	     19179	800094b4	02421033	mulh	x0,x4,x4	  x4:0x00000001  x4:0x00000001  x0=0x00000000
      192795000	     19180	800094b8	003d9633	sll	x12,x27,x3	 x27:0x80000000  x3:0x00000000 x12=0x80000000
      192805000	     19181	800094bc	0001	c.addi	x0,0	  x0:0x00000000  x0=0x00000000
      192815000	     19182	800094be	8c3d	c.xor	x8,x15	  x8:0x000000e0 x15:0x00000000  x8=0x000000e0
      192825000	     19183	800094c0	6d2d	c.lui	x26,0xb	 x26=0x0000b000
      193195000	     19220	800094c2	03effeb3	remu	x29,x31,x30	 x31:0xffffffff x30:0x00000414 x29=0x0000016b
      193205000	     19221	800094c6	eb20bb13	sltiu	x22,x1,-334	  x1:0x00000005 x22=0x00000001
      193215000	     19222	800094ca	011ad733	srl	x14,x21,x17	 x21:0x59a343ec x17:0x32000000 x14=0x59a343ec
      193255000	     19226	800094ce	03bdac33	mulhsu	x24,x27,x27	 x27:0x80000000 x27:0x80000000 x24=0xc0000000
      193265000	     19227	800094d2	019da8b3	slt	x17,x27,x25	 x27:0x80000000 x25:0x80025ce4 x17=0x00000001
      193275000	     19228	800094d6	01b05333	srl	x6,x0,x27	  x0:0x00000000 x27:0x80000000  x6=0x00000000
      193285000	     19229	800094da	00c590b3	sll	x1,x11,x12	 x11:0xfffffd97 x12:0x80000000  x1=0xfffffd97
      193295000	     19230	800094de	001e1193	slli	x3,x28,0x1	 x28:0x00000000  x3=0x00000000
      193335000	     19234	800094e2	02aeabb3	mulhsu	x23,x29,x10	 x29:0x0000016b x10:0x000001c0 x23=0x00000000
      193375000	     19238	800094e6	02e83e33	mulhu	x28,x16,x14	 x16:0x00104ab4 x14:0x59a343ec x28=0x0005b45c
      193385000	     19239	800094ea	8c5d	c.or	x8,x15	  x8:0x000000e0 x15:0x00000000  x8=0x000000e0
      193395000	     19240	800094ec	0049a783	lw	x15,4(x19)	 x19:0x80021e38 x15=0x800083b0 PA:0x80021e3c load:0x800083b0
      193765000	     19277	800094f0	03d874b3	remu	x9,x16,x29	 x16:0x00104ab4 x29:0x0000016b  x9=0x00000075
      193775000	     19278	800094f4	02c98993	addi	x19,x19,44	 x19:0x80021e38 x19=0x80021e64
      194145000	     19315	800094f8	0284f433	remu	x8,x9,x8	  x9:0x00000075  x8:0x000000e0  x8=0x00000075
      194155000	     19316	800094fc	559c4337	lui	x6,0x559c4	  x6=0x559c4000
      194165000	     19317	80009500	0001	c.addi	x0,0	  x0:0x00000000  x0=0x00000000
      194175000	     19318	80009502	00e0a2b3	slt	x5,x1,x14	  x1:0xfffffd97 x14:0x59a343ec  x5=0x00000001
      194185000	     19319	80009506	00178e13	addi	x28,x15,1	 x15:0x800083b0 x28=0x800083b1
      194195000	     19320	8000950a	8e02	c.jr	x28	 x28:0x800083b1
      194245000	     19325	800083b0	039db8b3	mulhu	x17,x27,x25	 x27:0x80000000 x25:0x80025ce4 x17=0x40012e72
      194255000	     19326	800083b4	0001	c.addi	x0,0	  x0:0x00000000  x0=0x00000000
      194265000	     19327	800083b6	01291013	slli	x0,x18,0x12	 x18:0xffffffff  x0=0x00000000
      194275000	     19328	800083ba	01f1	c.addi	x3,28	  x3:0x00000000  x3=0x0000001c
      194285000	     19329	800083bc	91b6	c.add	x3,x13	  x3:0x0000001c x13:0x00000000  x3=0x0000001c
      194295000	     19330	800083be	0ff0000f	fence	iorw,iorw	
      194305000	     19331	800083c2	0001	c.addi	x0,0	  x0:0x00000000  x0=0x00000000
      194675000	     19368	800083c4	021641b3	div	x3,x12,x1	 x12:0x80000000  x1:0xfffffd97  x3=0x00351bcc
      194685000	     19369	800083c8	407685b3	sub	x11,x13,x7	 x13:0x00000000  x7:0xffffff27 x11=0x000000d9
      194695000	     19370	800083cc	01b27633	and	x12,x4,x27	  x4:0x00000001 x27:0x80000000 x12=0x00000000
      194705000	     19371	800083d0	0001	c.addi	x0,0	  x0:0x00000000  x0=0x00000000
      194715000	     19372	800083d2	0161de93	srli	x29,x3,0x16	  x3:0x00351bcc x29=0x00000000
      194725000	     19373	800083d6	01e770b3	and	x1,x14,x30	 x14:0x59a343ec x30:0x00000414  x1=0x00000004
      194735000	     19374	800083da	fc9554b7	lui	x9,0xfc955	  x9=0xfc955000
      194745000	     19375	800083de	00941693	slli	x13,x8,0x9	  x8:0x00000075 x13=0x0000ea00
      194755000	     19376	800083e2	860a	c.mv	x12,x2	  x0:0x00000000  x2:0x000001ce x12=0x000001ce
      194765000	     19377	800083e4	83dd	c.srli	x15,0x17	 x15:0x800083b0 x15=0x00000100
      194775000	     19378	800083e6	008edc33	srl	x24,x29,x8	 x29:0x00000000  x8:0x00000075 x24=0x00000000
      194785000	     19379	800083ea	00750fb3	add	x31,x10,x7	 x10:0x000001c0  x7:0xffffff27 x31=0x000000e7
      194795000	     19380	800083ee	cf8d	c.beqz	x15,80008428	 x15:0x00000100
      194825000	     19383	800083f0	02c680b3	mul	x1,x13,x12	 x13:0x0000ea00 x12:0x000001ce  x1=0x01a64c00
      194835000	     19384	800083f4	0001	c.addi	x0,0	  x0:0x00000000  x0=0x00000000
      194845000	     19385	800083f6	02bf5163	bge	x30,x11,80008418	 x30:0x00000414 x11:0x000000d9
      194865000	     19387	80008418	0000100f	fence.i	
      194885000	     19389	8000841c	03cd6063	bltu	x26,x28,8000843c	 x26:0x0000b000 x28:0x800083b1
      194905000	     19391	8000843c	0001	c.addi	x0,0	  x0:0x00000000  x0=0x00000000
      194915000	     19392	8000843e	856d	c.srai	x10,0x1b	 x10:0x000001c0 x10=0x00000000
      194955000	     19396	80008440	0308aa33	mulhsu	x20,x17,x16	 x17:0x40012e72 x16:0x00104ab4 x20=0x000412c0
      194965000	     19397	80008444	0068df63	bge	x17,x6,80008462	 x17:0x40012e72  x6:0x559c4000
      194975000	     19398	80008448	001cb333	sltu	x6,x25,x1	 x25:0x80025ce4  x1:0x01a64c00  x6=0x00000000
      195015000	     19402	8000844c	02ea1b33	mulh	x22,x20,x14	 x20:0x000412c0 x14:0x59a343ec x22=0x00016d1d
      195025000	     19403	80008450	40305693	srai	x13,x0,0x3	  x0:0x00000000 x13=0x00000000
      195395000	     19440	80008454	03136033	rem	x0,x6,x17	  x6:0x00000000 x17:0x40012e72  x0=0x00000000
      195405000	     19441	80008458	8f41	c.or	x14,x8	 x14:0x59a343ec  x8:0x00000075 x14=0x59a343fd
      195435000	     19444	8000845a	03720e33	mul	x28,x4,x23	  x4:0x00000001 x23:0x00000000 x28=0x00000000
      195445000	     19445	8000845e	4158db33	sra	x22,x17,x21	 x17:0x40012e72 x21:0x59a343ec x22=0x00040012
      195455000	     19446	80008462	8c61	c.and	x8,x8	  x8:0x00000075  x8:0x00000075  x8=0x00000075
      195465000	     19447	80008464	83cd	c.srli	x15,0x13	 x15:0x00000100 x15=0x00000000
      195475000	     19448	80008466	e2ffaa13	slti	x20,x31,-465	 x31:0x000000e7 x20=0x00000000
      195485000	     19449	8000846a	0001	c.addi	x0,0	  x0:0x00000000  x0=0x00000000
      195855000	     19486	8000846c	03f0cf33	div	x30,x1,x31	  x1:0x01a64c00 x31:0x000000e7 x30=0x0001d400
      195865000	     19487	80008470	dfa87613	andi	x12,x16,-518	 x16:0x00104ab4 x12=0x001048b0
      195875000	     19488	80008474	9d06	c.add	x26,x1	 x26:0x0000b000  x1:0x01a64c00 x26=0x01a6fc00
      196245000	     19525	80008476	025bdfb3	divu	x31,x23,x5	 x23:0x00000000  x5:0x00000001 x31=0x00000000
      196255000	     19526	8000847a	0001	c.addi	x0,0	  x0:0x00000000  x0=0x00000000
      196265000	     19527	8000847c	0192e233	or	x4,x5,x25	  x5:0x00000001 x25:0x80025ce4  x4=0x80025ce5
      196305000	     19531	80008480	03c191b3	mulh	x3,x3,x28	  x3:0x00351bcc x28:0x00000000  x3=0x00000000
      196315000	     19532	80008484	4079de33	sra	x28,x19,x7	 x19:0x80021e64  x7:0xffffff27 x28=0xff00043c
      196325000	     19533	80008488	00177c63	bgeu	x14,x1,800084a0	 x14:0x59a343fd  x1:0x01a64c00
      196375000	     19538	800084a0	0214ab33	mulhsu	x22,x9,x1	  x9:0xfc955000  x1:0x01a64c00 x22=0xfffa5d1e
      196385000	     19539	800084a4	01cc5313	srli	x6,x24,0x1c	 x24:0x00000000  x6=0x00000000
      196395000	     19540	800084a8	4e35	c.li	x28,13	 x28=0x0000000d
      196405000	     19541	800084aa	0000100f	fence.i	
      196425000	     19543	800084ae	86b9	c.srai	x13,0xe	 x13:0x00000000 x13=0x00000000
      196465000	     19547	800084b0	02022733	mulhsu	x14,x4,x0	  x4:0x80025ce5  x0:0x00000000 x14=0x00000000
      196475000	     19548	800084b4	8ed5	c.or	x13,x13	 x13:0x00000000 x13:0x00000000 x13=0x00000000
      196485000	     19549	800084b6	00831613	slli	x12,x6,0x8	  x6:0x00000000 x12=0x00000000
      196495000	     19550	800084ba	41258bb3	sub	x23,x11,x18	 x11:0x000000d9 x18:0xffffffff x23=0x000000da
      196505000	     19551	800084be	000dcd33	xor	x26,x27,x0	 x27:0x80000000  x0:0x00000000 x26=0x80000000
      196515000	     19552	800084c2	1f477193	andi	x3,x14,500	 x14:0x00000000  x3=0x00000000
      196525000	     19553	800084c6	000b7633	and	x12,x22,x0	 x22:0xfffa5d1e  x0:0x00000000 x12=0x00000000
      196535000	     19554	800084ca	8312	c.mv	x6,x4	  x0:0x00000000  x4:0x80025ce5  x6=0x80025ce5
      196545000	     19555	800084cc	9b3e	c.add	x22,x15	 x22:0xfffa5d1e x15:0x00000000 x22=0xfffa5d1e
      196555000	     19556	800084ce	0051e4b3	or	x9,x3,x5	  x3:0x00000000  x5:0x00000001  x9=0x00000001
      196565000	     19557	800084d2	450d	c.li	x10,3	 x10=0x00000003
      196575000	     19558	800084d4	9fdfe737	lui	x14,0x9fdfe	 x14=0x9fdfe000
      196585000	     19559	800084d8	0a18	c.addi4spn	x14,x2,272	 x14=0x000002de
      196595000	     19560	800084da	8d89	c.sub	x11,x10	 x11:0x000000d9 x10:0x00000003 x11=0x000000d6
      196605000	     19561	800084dc	a3d64613	xori	x12,x12,-1475	 x12:0x00000000 x12=0xfffffa3d
      196615000	     19562	800084e0	008c1813	slli	x16,x24,0x8	 x24:0x00000000 x16=0x00000000
      196625000	     19563	800084e4	0001	c.addi	x0,0	  x0:0x00000000  x0=0x00000000
      196635000	     19564	800084e6	0136dc33	srl	x24,x13,x19	 x13:0x00000000 x19:0x80021e64 x24=0x00000000
      196645000	     19565	800084ea	011bd113	srli	x2,x23,0x11	 x23:0x000000da  x2=0x00000000
      196655000	     19566	800084ee	8ec9	c.or	x13,x10	 x13:0x00000000 x10:0x00000003 x13=0x00000003
      196665000	     19567	800084f0	002f9b33	sll	x22,x31,x2	 x31:0x00000000  x2:0x00000000 x22=0x00000000
      196675000	     19568	800084f4	4b49	c.li	x22,18	 x22=0x00000012
      196685000	     19569	800084f6	e209	c.bnez	x12,800084f8	 x12:0xfffffa3d
      196705000	     19571	800084f8	167d	c.addi	x12,-1	 x12:0xfffffa3d x12=0xfffffa3c
      197075000	     19608	800084fa	0354cd33	div	x26,x9,x21	  x9:0x00000001 x21:0x59a343ec x26=0x00000000
      197085000	     19609	800084fe	0095e233	or	x4,x11,x9	 x11:0x000000d6  x9:0x00000001  x4=0x000000d7
      197095000	     19610	80008502	1efd	c.addi	x29,-1	 x29:0x00000000 x29=0xffffffff
      197105000	     19611	80008504	8e05	c.sub	x12,x9	 x12:0xfffffa3c  x9:0x00000001 x12=0xfffffa3b
      197115000	     19612	80008506	02fa1163	bne	x20,x15,80008528	 x20:0x00000000 x15:0x00000000
      197125000	     19613	8000850a	005ee2b3	or	x5,x29,x5	 x29:0xffffffff  x5:0x00000001  x5=0xffffffff
      197135000	     19614	8000850e	03288363	beq	x17,x18,80008534	 x17:0x40012e72 x18:0xffffffff
      197145000	     19615	80008512	0c08	c.addi4spn	x10,x2,528	 x10=0x00000210
      197155000	     19616	80008514	01a3f3b3	and	x7,x7,x26	  x7:0xffffff27 x26:0x00000000  x7=0x00000000
      197525000	     19653	80008518	03cf4d33	div	x26,x30,x28	 x30:0x0001d400 x28:0x0000000d x26=0x00002400
      197535000	     19654	8000851c	8619	c.srai	x12,0x6	 x12:0xfffffa3b x12=0xffffffe8
      197905000	     19691	8000851e	02cc65b3	rem	x11,x24,x12	 x24:0x00000000 x12:0xffffffe8 x11=0x00000000
      197915000	     19692	80008522	6145	c.addi16sp	x2,48	  x2:0x00000000  x2=0x00000030
      197925000	     19693	80008524	1b9de017	auipc	x0,0x1b9de	  x0=0x00000000
      197935000	     19694	80008528	8329	c.srli	x14,0xa	 x14:0x000002de x14=0x00000000
      197945000	     19695	8000852a	9e22	c.add	x28,x8	 x28:0x0000000d  x8:0x00000075 x28=0x00000082
      197955000	     19696	8000852c	8195	c.srli	x11,0x5	 x11:0x00000000 x11=0x00000000
      197965000	     19697	8000852e	ad384713	xori	x14,x16,-1325	 x16:0x00000000 x14=0xfffffad3
      197975000	     19698	80008532	c291	c.beqz	x13,80008536	 x13:0x00000003
      197985000	     19699	80008534	577d	c.li	x14,-1	 x14=0xffffffff
      198025000	     19703	80008536	02ffa833	mulhsu	x16,x31,x15	 x31:0x00000000 x15:0x00000000 x16=0x00000000
      198395000	     19740	8000853a	03154133	div	x2,x10,x17	 x10:0x00000210 x17:0x40012e72  x2=0x00000000
      198405000	     19741	8000853e	613d	c.addi16sp	x2,480	  x2:0x00000000  x2=0x000001e0
      198415000	     19742	80008540	00132033	slt	x0,x6,x1	  x6:0x80025ce5  x1:0x01a64c00  x0=0x00000000
      198445000	     19745	80008544	03340c33	mul	x24,x8,x19	  x8:0x00000075 x19:0x80021e64 x24=0x80f7e3b4
      198455000	     19746	80008548	024d7e63	bgeu	x26,x4,80008584	 x26:0x00002400  x4:0x000000d7
      198475000	     19748	80008584	98408717	auipc	x14,0x98408	 x14=0x18410584
      198485000	     19749	80008588	00a7cbb3	xor	x23,x15,x10	 x15:0x00000000 x10:0x00000210 x23=0x00000210
      198495000	     19750	8000858c	d687bc13	sltiu	x24,x15,-664	 x15:0x00000000 x24=0x00000001
      198505000	     19751	80008590	01ace463	bltu	x25,x26,80008598	 x25:0x80025ce4 x26:0x00002400
      198515000	     19752	80008594	01d85263	bge	x16,x29,80008598	 x16:0x00000000 x29:0xffffffff
      198555000	     19756	80008598	034c0b33	mul	x22,x24,x20	 x24:0x00000001 x20:0x00000000 x22=0x00000000
      198565000	     19757	8000859c	ffff8d97	auipc	x27,0xffff8	 x27=0x8000059c
      198575000	     19758	800085a0	dd8d8d93	addi	x27,x27,-552	 x27:0x8000059c x27=0x80000374
      198585000	     19759	800085a4	000d8067	jalr	x0,0(x27)	 x27:0x80000374  x0=0x00000000
      198605000	     19761	80000374	90000137	lui	x2,0x90000	  x2=0x90000000
      198615000	     19762	80000378	1161	c.addi	x2,-8	  x2:0x90000000  x2=0x8ffffff8
      198625000	     19763	8000037a	4781	c.li	x15,0	 x15=0x00000000
      198635000	     19764	8000037c	07a2	c.slli	x15,0x8	 x15:0x00000000 x15=0x00000000
      198645000	     19765	8000037e	0785	c.addi	x15,1	 x15:0x00000000 x15=0x00000001
      198655000	     19766	80000380	c03e	c.swsp	x15,0(x2)	  x2:0x8ffffff8 x15:0x00000001 PA:0x8ffffff8 store:0x00000001 load:0x00000000
      198665000	     19767	80000382	00000073	ecall	
      198695000	     19770	80002500	0800006f	jal	x0,80002580	  x0=0x00000000
      198715000	     19772	80002580	1cf1	c.addi	x25,-4	 x25:0x80025ce4 x25=0x80025ce0
      198725000	     19773	80002582	013ca023	sw	x19,0(x25)	 x25:0x80025ce0 x19:0x80021e64 PA:0x80025ce0 store:0x80021e64 load:0x00000000
