core   0: 0x80000080 (0x40001637) lui     a2, 0x40001
core   0: 3 0x80000080 (0x40001637) x12 0x40001000
core   0: 0x80000084 (0x10660613) addi    a2, a2, 262
core   0: 3 0x80000084 (0x10660613) x12 0x40001106
core   0: 0x80000088 (0x30161073) csrw    misa, a2
core   0: 3 0x80000088 (0x30161073) c769_misa 0x40901104
core   0: 0x8000008c (0x0004cf17) auipc   t5, 0x4c
core   0: 3 0x8000008c (0x0004cf17) x30 0x8004c08c
core   0: 0x80000090 (0xc58f0f13) addi    t5, t5, -936
core   0: 3 0x80000090 (0xc58f0f13) x30 0x8004bce4
core   0: 0x80000094 (0x00002617) auipc   a2, 0x2
core   0: 3 0x80000094 (0x00002617) x12 0x80002094
core   0: 0x80000098 (0x46c60613) addi    a2, a2, 1132
core   0: 3 0x80000098 (0x46c60613) x12 0x80002500
core   0: 0x8000009c (0x00166613) ori     a2, a2, 1
core   0: 3 0x8000009c (0x00166613) x12 0x80002501
core   0: 0x800000a0 (0x30561073) csrw    mtvec, a2
core   0: 3 0x800000a0 (0x30561073) c773_mtvec 0x80002501
core   0: 0x800000a4 (0x74725073) csrwi   mseccfg, 4
core   0: 3 0x800000a4 (0x74725073) c1863_mseccfg 0x00000004
core   0: 0x800000a8 (0x00003597) auipc   a1, 0x3
core   0: 3 0x800000a8 (0x00003597) x11 0x800030a8
core   0: 0x800000ac (0x18c58593) addi    a1, a1, 396
core   0: 3 0x800000ac (0x18c58593) x11 0x80003234
core   0: 0x800000b0 (0x00004601) c.li    a2, 0
core   0: 3 0x800000b0 (0x4601) x12 0x00000000
core   0: 0x800000b2 (0x000095b2) c.add   a1, a2
core   0: 3 0x800000b2 (0x95b2) x11 0x80003234
core   0: 0x800000b4 (0x00008189) c.srli  a1, 2
core   0: 3 0x800000b4 (0x8189) x11 0x20000c8d
core   0: 0x800000b6 (0x3b059073) csrw    pmpaddr0, a1
core   0: 3 0x800000b6 (0x3b059073) c944_pmpaddr0 0x20000c8d
core   0: 0x800000ba (0x00003597) auipc   a1, 0x3
core   0: 3 0x800000ba (0x00003597) x11 0x800030ba
core   0: 0x800000be (0x17a58593) addi    a1, a1, 378
core   0: 3 0x800000be (0x17a58593) x11 0x80003234
core   0: 0x800000c2 (0x11111637) lui     a2, 0x11111
core   0: 3 0x800000c2 (0x11111637) x12 0x11111000
core   0: 0x800000c6 (0x11160613) addi    a2, a2, 273
core   0: 3 0x800000c6 (0x11160613) x12 0x11111111
core   0: 0x800000ca (0x000095b2) c.add   a1, a2
core   0: 3 0x800000ca (0x95b2) x11 0x91114345
core   0: 0x800000cc (0x00008189) c.srli  a1, 2
core   0: 3 0x800000cc (0x8189) x11 0x244450d1
core   0: 0x800000ce (0x3b159073) csrw    pmpaddr1, a1
core   0: 3 0x800000ce (0x3b159073) c945_pmpaddr1 0x244450d1
core   0: 0x800000d2 (0x00003597) auipc   a1, 0x3
core   0: 3 0x800000d2 (0x00003597) x11 0x800030d2
core   0: 0x800000d6 (0x16258593) addi    a1, a1, 354
core   0: 3 0x800000d6 (0x16258593) x11 0x80003234
core   0: 0x800000da (0x22222637) lui     a2, 0x22222
core   0: 3 0x800000da (0x22222637) x12 0x22222000
core   0: 0x800000de (0x22260613) addi    a2, a2, 546
core   0: 3 0x800000de (0x22260613) x12 0x22222222
core   0: 0x800000e2 (0x000095b2) c.add   a1, a2
core   0: 3 0x800000e2 (0x95b2) x11 0xa2225456
core   0: 0x800000e4 (0x00008189) c.srli  a1, 2
core   0: 3 0x800000e4 (0x8189) x11 0x28889515
core   0: 0x800000e6 (0x3b259073) csrw    pmpaddr2, a1
core   0: 3 0x800000e6 (0x3b259073) c946_pmpaddr2 0x28889515
core   0: 0x800000ea (0x00003597) auipc   a1, 0x3
core   0: 3 0x800000ea (0x00003597) x11 0x800030ea
core   0: 0x800000ee (0x14a58593) addi    a1, a1, 330
core   0: 3 0x800000ee (0x14a58593) x11 0x80003234
core   0: 0x800000f2 (0x33333637) lui     a2, 0x33333
core   0: 3 0x800000f2 (0x33333637) x12 0x33333000
core   0: 0x800000f6 (0x33360613) addi    a2, a2, 819
core   0: 3 0x800000f6 (0x33360613) x12 0x33333333
core   0: 0x800000fa (0x000095b2) c.add   a1, a2
core   0: 3 0x800000fa (0x95b2) x11 0xb3336567
core   0: 0x800000fc (0x00008189) c.srli  a1, 2
core   0: 3 0x800000fc (0x8189) x11 0x2cccd959
core   0: 0x800000fe (0x3b359073) csrw    pmpaddr3, a1
core   0: 3 0x800000fe (0x3b359073) c947_pmpaddr3 0x2cccd959
core   0: 0x80000102 (0x0f0f15b7) lui     a1, 0xf0f1
core   0: 3 0x80000102 (0x0f0f15b7) x11 0x0f0f1000
core   0: 0x80000106 (0xf0f58593) addi    a1, a1, -241
core   0: 3 0x80000106 (0xf0f58593) x11 0x0f0f0f0f
core   0: 0x8000010a (0x3a059073) csrw    pmpcfg0, a1
core   0: 3 0x8000010a (0x3a059073) c928_pmpcfg0 0x0f0f0f0f
core   0: 0x8000010e (0x00003597) auipc   a1, 0x3
core   0: 3 0x8000010e (0x00003597) x11 0x8000310e
core   0: 0x80000112 (0x12658593) addi    a1, a1, 294
core   0: 3 0x80000112 (0x12658593) x11 0x80003234
core   0: 0x80000116 (0x44444637) lui     a2, 0x44444
core   0: 3 0x80000116 (0x44444637) x12 0x44444000
core   0: 0x8000011a (0x44460613) addi    a2, a2, 1092
core   0: 3 0x8000011a (0x44460613) x12 0x44444444
core   0: 0x8000011e (0x000095b2) c.add   a1, a2
core   0: 3 0x8000011e (0x95b2) x11 0xc4447678
core   0: 0x80000120 (0x00008189) c.srli  a1, 2
core   0: 3 0x80000120 (0x8189) x11 0x31111d9e
core   0: 0x80000122 (0x3b459073) csrw    pmpaddr4, a1
core   0: 3 0x80000122 (0x3b459073) c948_pmpaddr4 0x31111d9e
core   0: 0x80000126 (0x00003597) auipc   a1, 0x3
core   0: 3 0x80000126 (0x00003597) x11 0x80003126
core   0: 0x8000012a (0x10e58593) addi    a1, a1, 270
core   0: 3 0x8000012a (0x10e58593) x11 0x80003234
core   0: 0x8000012e (0x55555637) lui     a2, 0x55555
core   0: 3 0x8000012e (0x55555637) x12 0x55555000
core   0: 0x80000132 (0x55560613) addi    a2, a2, 1365
core   0: 3 0x80000132 (0x55560613) x12 0x55555555
core   0: 0x80000136 (0x000095b2) c.add   a1, a2
core   0: 3 0x80000136 (0x95b2) x11 0xd5558789
core   0: 0x80000138 (0x00008189) c.srli  a1, 2
core   0: 3 0x80000138 (0x8189) x11 0x355561e2
core   0: 0x8000013a (0x3b559073) csrw    pmpaddr5, a1
core   0: 3 0x8000013a (0x3b559073) c949_pmpaddr5 0x355561e2
core   0: 0x8000013e (0x00003597) auipc   a1, 0x3
core   0: 3 0x8000013e (0x00003597) x11 0x8000313e
core   0: 0x80000142 (0x0f658593) addi    a1, a1, 246
core   0: 3 0x80000142 (0x0f658593) x11 0x80003234
core   0: 0x80000146 (0x66666637) lui     a2, 0x66666
core   0: 3 0x80000146 (0x66666637) x12 0x66666000
core   0: 0x8000014a (0x66660613) addi    a2, a2, 1638
core   0: 3 0x8000014a (0x66660613) x12 0x66666666
core   0: 0x8000014e (0x000095b2) c.add   a1, a2
core   0: 3 0x8000014e (0x95b2) x11 0xe666989a
core   0: 0x80000150 (0x00008189) c.srli  a1, 2
core   0: 3 0x80000150 (0x8189) x11 0x3999a626
core   0: 0x80000152 (0x3b659073) csrw    pmpaddr6, a1
core   0: 3 0x80000152 (0x3b659073) c950_pmpaddr6 0x3999a626
core   0: 0x80000156 (0x00003597) auipc   a1, 0x3
core   0: 3 0x80000156 (0x00003597) x11 0x80003156
core   0: 0x8000015a (0x0de58593) addi    a1, a1, 222
core   0: 3 0x8000015a (0x0de58593) x11 0x80003234
core   0: 0x8000015e (0x77777637) lui     a2, 0x77777
core   0: 3 0x8000015e (0x77777637) x12 0x77777000
core   0: 0x80000162 (0x77760613) addi    a2, a2, 1911
core   0: 3 0x80000162 (0x77760613) x12 0x77777777
core   0: 0x80000166 (0x000095b2) c.add   a1, a2
core   0: 3 0x80000166 (0x95b2) x11 0xf777a9ab
core   0: 0x80000168 (0x00008189) c.srli  a1, 2
core   0: 3 0x80000168 (0x8189) x11 0x3dddea6a
core   0: 0x8000016a (0x3b759073) csrw    pmpaddr7, a1
core   0: 3 0x8000016a (0x3b759073) c951_pmpaddr7 0x3dddea6a
core   0: 0x8000016e (0x0f0f15b7) lui     a1, 0xf0f1
core   0: 3 0x8000016e (0x0f0f15b7) x11 0x0f0f1000
core   0: 0x80000172 (0xf0f58593) addi    a1, a1, -241
core   0: 3 0x80000172 (0xf0f58593) x11 0x0f0f0f0f
core   0: 0x80000176 (0x3a159073) csrw    pmpcfg1, a1
core   0: 3 0x80000176 (0x3a159073) c929_pmpcfg1 0x0f0f0f0f
core   0: 0x8000017a (0x00003597) auipc   a1, 0x3
core   0: 3 0x8000017a (0x00003597) x11 0x8000317a
core   0: 0x8000017e (0x0ba58593) addi    a1, a1, 186
core   0: 3 0x8000017e (0x0ba58593) x11 0x80003234
core   0: 0x80000182 (0x88889637) lui     a2, 0x88889
core   0: 3 0x80000182 (0x88889637) x12 0x88889000
core   0: 0x80000186 (0x88860613) addi    a2, a2, -1912
core   0: 3 0x80000186 (0x88860613) x12 0x88888888
core   0: 0x8000018a (0x000095b2) c.add   a1, a2
core   0: 3 0x8000018a (0x95b2) x11 0x0888babc
core   0: 0x8000018c (0x00008189) c.srli  a1, 2
core   0: 3 0x8000018c (0x8189) x11 0x02222eaf
core   0: 0x8000018e (0x3b859073) csrw    pmpaddr8, a1
core   0: 3 0x8000018e (0x3b859073) c952_pmpaddr8 0x02222eaf
core   0: 0x80000192 (0x00003597) auipc   a1, 0x3
core   0: 3 0x80000192 (0x00003597) x11 0x80003192
core   0: 0x80000196 (0x0a258593) addi    a1, a1, 162
core   0: 3 0x80000196 (0x0a258593) x11 0x80003234
core   0: 0x8000019a (0x9999a637) lui     a2, 0x9999a
core   0: 3 0x8000019a (0x9999a637) x12 0x9999a000
core   0: 0x8000019e (0x99960613) addi    a2, a2, -1639
core   0: 3 0x8000019e (0x99960613) x12 0x99999999
core   0: 0x800001a2 (0x000095b2) c.add   a1, a2
core   0: 3 0x800001a2 (0x95b2) x11 0x1999cbcd
core   0: 0x800001a4 (0x00008189) c.srli  a1, 2
core   0: 3 0x800001a4 (0x8189) x11 0x066672f3
core   0: 0x800001a6 (0x3b959073) csrw    pmpaddr9, a1
core   0: 3 0x800001a6 (0x3b959073) c953_pmpaddr9 0x066672f3
core   0: 0x800001aa (0x00003597) auipc   a1, 0x3
core   0: 3 0x800001aa (0x00003597) x11 0x800031aa
core   0: 0x800001ae (0x08a58593) addi    a1, a1, 138
core   0: 3 0x800001ae (0x08a58593) x11 0x80003234
core   0: 0x800001b2 (0xaaaab637) lui     a2, 0xaaaab
core   0: 3 0x800001b2 (0xaaaab637) x12 0xaaaab000
core   0: 0x800001b6 (0xaaa60613) addi    a2, a2, -1366
core   0: 3 0x800001b6 (0xaaa60613) x12 0xaaaaaaaa
core   0: 0x800001ba (0x000095b2) c.add   a1, a2
core   0: 3 0x800001ba (0x95b2) x11 0x2aaadcde
core   0: 0x800001bc (0x00008189) c.srli  a1, 2
core   0: 3 0x800001bc (0x8189) x11 0x0aaab737
core   0: 0x800001be (0x3ba59073) csrw    pmpaddr10, a1
core   0: 3 0x800001be (0x3ba59073) c954_pmpaddr10 0x0aaab737
core   0: 0x800001c2 (0x00003597) auipc   a1, 0x3
core   0: 3 0x800001c2 (0x00003597) x11 0x800031c2
core   0: 0x800001c6 (0x07258593) addi    a1, a1, 114
core   0: 3 0x800001c6 (0x07258593) x11 0x80003234
core   0: 0x800001ca (0xbbbbc637) lui     a2, 0xbbbbc
core   0: 3 0x800001ca (0xbbbbc637) x12 0xbbbbc000
core   0: 0x800001ce (0xbbb60613) addi    a2, a2, -1093
core   0: 3 0x800001ce (0xbbb60613) x12 0xbbbbbbbb
core   0: 0x800001d2 (0x000095b2) c.add   a1, a2
core   0: 3 0x800001d2 (0x95b2) x11 0x3bbbedef
core   0: 0x800001d4 (0x00008189) c.srli  a1, 2
core   0: 3 0x800001d4 (0x8189) x11 0x0eeefb7b
core   0: 0x800001d6 (0x3bb59073) csrw    pmpaddr11, a1
core   0: 3 0x800001d6 (0x3bb59073) c955_pmpaddr11 0x0eeefb7b
core   0: 0x800001da (0x0f0f15b7) lui     a1, 0xf0f1
core   0: 3 0x800001da (0x0f0f15b7) x11 0x0f0f1000
core   0: 0x800001de (0xf0f58593) addi    a1, a1, -241
core   0: 3 0x800001de (0xf0f58593) x11 0x0f0f0f0f
core   0: 0x800001e2 (0x3a259073) csrw    pmpcfg2, a1
core   0: 3 0x800001e2 (0x3a259073) c930_pmpcfg2 0x0f0f0f0f
core   0: 0x800001e6 (0x00003597) auipc   a1, 0x3
core   0: 3 0x800001e6 (0x00003597) x11 0x800031e6
core   0: 0x800001ea (0x04e58593) addi    a1, a1, 78
core   0: 3 0x800001ea (0x04e58593) x11 0x80003234
core   0: 0x800001ee (0xccccd637) lui     a2, 0xccccd
core   0: 3 0x800001ee (0xccccd637) x12 0xccccd000
core   0: 0x800001f2 (0xccc60613) addi    a2, a2, -820
core   0: 3 0x800001f2 (0xccc60613) x12 0xcccccccc
core   0: 0x800001f6 (0x000095b2) c.add   a1, a2
core   0: 3 0x800001f6 (0x95b2) x11 0x4cccff00
core   0: 0x800001f8 (0x00008189) c.srli  a1, 2
core   0: 3 0x800001f8 (0x8189) x11 0x13333fc0
core   0: 0x800001fa (0x3bc59073) csrw    pmpaddr12, a1
core   0: 3 0x800001fa (0x3bc59073) c956_pmpaddr12 0x13333fc0
core   0: 0x800001fe (0x00003597) auipc   a1, 0x3
core   0: 3 0x800001fe (0x00003597) x11 0x800031fe
core   0: 0x80000202 (0x03658593) addi    a1, a1, 54
core   0: 3 0x80000202 (0x03658593) x11 0x80003234
core   0: 0x80000206 (0xdddde637) lui     a2, 0xdddde
core   0: 3 0x80000206 (0xdddde637) x12 0xdddde000
core   0: 0x8000020a (0xddd60613) addi    a2, a2, -547
core   0: 3 0x8000020a (0xddd60613) x12 0xdddddddd
core   0: 0x8000020e (0x000095b2) c.add   a1, a2
core   0: 3 0x8000020e (0x95b2) x11 0x5dde1011
core   0: 0x80000210 (0x00008189) c.srli  a1, 2
core   0: 3 0x80000210 (0x8189) x11 0x17778404
core   0: 0x80000212 (0x3bd59073) csrw    pmpaddr13, a1
core   0: 3 0x80000212 (0x3bd59073) c957_pmpaddr13 0x17778404
core   0: 0x80000216 (0x00003597) auipc   a1, 0x3
core   0: 3 0x80000216 (0x00003597) x11 0x80003216
core   0: 0x8000021a (0x01e58593) addi    a1, a1, 30
core   0: 3 0x8000021a (0x01e58593) x11 0x80003234
core   0: 0x8000021e (0xeeeef637) lui     a2, 0xeeeef
core   0: 3 0x8000021e (0xeeeef637) x12 0xeeeef000
core   0: 0x80000222 (0xeee60613) addi    a2, a2, -274
core   0: 3 0x80000222 (0xeee60613) x12 0xeeeeeeee
core   0: 0x80000226 (0x000095b2) c.add   a1, a2
core   0: 3 0x80000226 (0x95b2) x11 0x6eef2122
core   0: 0x80000228 (0x00008189) c.srli  a1, 2
core   0: 3 0x80000228 (0x8189) x11 0x1bbbc848
core   0: 0x8000022a (0x3be59073) csrw    pmpaddr14, a1
core   0: 3 0x8000022a (0x3be59073) c958_pmpaddr14 0x1bbbc848
core   0: 0x8000022e (0x00003597) auipc   a1, 0x3
core   0: 3 0x8000022e (0x00003597) x11 0x8000322e
core   0: 0x80000232 (0x00658593) addi    a1, a1, 6
core   0: 3 0x80000232 (0x00658593) x11 0x80003234
core   0: 0x80000236 (0xfff00613) li      a2, -1
core   0: 3 0x80000236 (0xfff00613) x12 0xffffffff
core   0: 0x8000023a (0x000095b2) c.add   a1, a2
core   0: 3 0x8000023a (0x95b2) x11 0x80003233
core   0: 0x8000023c (0x00008189) c.srli  a1, 2
core   0: 3 0x8000023c (0x8189) x11 0x20000c8c
core   0: 0x8000023e (0x3bf59073) csrw    pmpaddr15, a1
core   0: 3 0x8000023e (0x3bf59073) c959_pmpaddr15 0x20000c8c
core   0: 0x80000242 (0x0f0f15b7) lui     a1, 0xf0f1
core   0: 3 0x80000242 (0x0f0f15b7) x11 0x0f0f1000
core   0: 0x80000246 (0xf0f58593) addi    a1, a1, -241
core   0: 3 0x80000246 (0xf0f58593) x11 0x0f0f0f0f
core   0: 0x8000024a (0x3a359073) csrw    pmpcfg3, a1
core   0: 3 0x8000024a (0x3a359073) c931_pmpcfg3 0x0f0f0f0f
core   0: 0x8000024e (0x00000617) auipc   a2, 0x0
core   0: 3 0x8000024e (0x00000617) x12 0x8000024e
core   0: 0x80000252 (0x06060613) addi    a2, a2, 96
core   0: 3 0x80000252 (0x06060613) x12 0x800002ae
core   0: 0x80000256 (0x34161073) csrw    mepc, a2
core   0: 3 0x80000256 (0x34161073) c833_mepc 0x800002ae
core   0: 0x8000025a (0x7c00d073) csrwi   cpuctrlsts, 1
core   0: 3 0x8000025a (0x7c00d073) c1984_cpuctrlsts 0x00000101
core   0: 0x8000025e (0x00004601) c.li    a2, 0
core   0: 3 0x8000025e (0x4601) x12 0x00000000
core   0: 0x80000260 (0x30061073) csrw    mstatus, a2
core   0: 3 0x80000260 (0x30061073) c768_mstatus 0x00000000
core   0: 0x80000264 (0x00004601) c.li    a2, 0
core   0: 3 0x80000264 (0x4601) x12 0x00000000
core   0: 0x80000266 (0x30461073) csrw    mie, a2
core   0: 3 0x80000266 (0x30461073) c772_mie 0x00000000
core   0: 0x8000026a (0x90000d37) lui     s10, 0x90000
core   0: 3 0x8000026a (0x90000d37) x26 0x90000000
core   0: 0x8000026e (0x00001d71) c.addi  s10, -4
core   0: 3 0x8000026e (0x1d71) x26 0x8ffffffc
core   0: 0x80000270 (0x90000d37) lui     s10, 0x90000
core   0: 3 0x80000270 (0x90000d37) x26 0x90000000
core   0: 0x80000274 (0x00001d71) c.addi  s10, -4
core   0: 3 0x80000274 (0x1d71) x26 0x8ffffffc
core   0: 0x80000276 (0x90000d37) lui     s10, 0x90000
core   0: 3 0x80000276 (0x90000d37) x26 0x90000000
core   0: 0x8000027a (0x00001d71) c.addi  s10, -4
core   0: 3 0x8000027a (0x1d71) x26 0x8ffffffc
core   0: 0x8000027c (0x30000613) li      a2, 768
core   0: 3 0x8000027c (0x30000613) x12 0x00000300
core   0: 0x80000280 (0x00000622) c.slli  a2, 8
core   0: 3 0x80000280 (0x0622) x12 0x00030000
core   0: 0x80000282 (0x0000060d) c.addi  a2, 3
core   0: 3 0x80000282 (0x060d) x12 0x00030003
core   0: 0x80000284 (0x00cd2023) sw      a2, 0(s10)
core   0: 3 0x80000284 (0x00cd2023) mem 0x8ffffffc 0x00030003
core   0: 0x80000288 (0x30002673) csrr    a2, mstatus
core   0: 3 0x80000288 (0x30002673) x12 0x00000000
core   0: 0x8000028c (0x00cd2023) sw      a2, 0(s10)
core   0: 3 0x8000028c (0x00cd2023) mem 0x8ffffffc 0x00000000
core   0: 0x80000290 (0x90000d37) lui     s10, 0x90000
core   0: 3 0x80000290 (0x90000d37) x26 0x90000000
core   0: 0x80000294 (0x00001d71) c.addi  s10, -4
core   0: 3 0x80000294 (0x1d71) x26 0x8ffffffc
core   0: 0x80000296 (0x30400613) li      a2, 772
core   0: 3 0x80000296 (0x30400613) x12 0x00000304
core   0: 0x8000029a (0x00000622) c.slli  a2, 8
core   0: 3 0x8000029a (0x0622) x12 0x00030400
core   0: 0x8000029c (0x0000060d) c.addi  a2, 3
core   0: 3 0x8000029c (0x060d) x12 0x00030403
core   0: 0x8000029e (0x00cd2023) sw      a2, 0(s10)
core   0: 3 0x8000029e (0x00cd2023) mem 0x8ffffffc 0x00030403
core   0: 0x800002a2 (0x30402673) csrr    a2, mie
core   0: 3 0x800002a2 (0x30402673) x12 0x00000000
core   0: 0x800002a6 (0x00cd2023) sw      a2, 0(s10)
core   0: 3 0x800002a6 (0x00cd2023) mem 0x8ffffffc 0x00000000
core   0: 0x800002aa (0x30200073) mret
core   0: 3 0x800002aa (0x30200073) c768_mstatus 0x00000080
core   0: 0x800002ae (0x00300013) li      zero, 3
core   0: 0 0x800002ae (0x00300013)
core   0: 0x800002b2 (0x00004099) c.li    ra, 6
core   0: 0 0x800002b2 (0x4099) x1  0x00000006
core   0: 0x800002b4 (0xcf4b5137) lui     sp, 0xcf4b5
core   0: 0 0x800002b4 (0xcf4b5137) x2  0xcf4b5000
core   0: 0x800002b8 (0xe8e10113) addi    sp, sp, -370
core   0: 0 0x800002b8 (0xe8e10113) x2  0xcf4b4e8e
core   0: 0x800002bc (0x00004181) c.li    gp, 0
core   0: 0 0x800002bc (0x4181) x3  0x00000000
core   0: 0x800002be (0xed36d237) lui     tp, 0xed36d
core   0: 0 0x800002be (0xed36d237) x4  0xed36d000
core   0: 0x800002c2 (0x41220213) addi    tp, tp, 1042
core   0: 0 0x800002c2 (0x41220213) x4  0xed36d412
core   0: 0x800002c6 (0x1b5082b7) lui     t0, 0x1b508
core   0: 0 0x800002c6 (0x1b5082b7) x5  0x1b508000
core   0: 0x800002ca (0x9c028293) addi    t0, t0, -1600
core   0: 0 0x800002ca (0x9c028293) x5  0x1b5079c0
core   0: 0x800002ce (0xff61d337) lui     t1, 0xff61d
core   0: 0 0x800002ce (0xff61d337) x6  0xff61d000
core   0: 0x800002d2 (0xcf830313) addi    t1, t1, -776
core   0: 0 0x800002d2 (0xcf830313) x6  0xff61ccf8
core   0: 0x800002d6 (0x800003b7) lui     t2, 0x80000
core   0: 0 0x800002d6 (0x800003b7) x7  0x80000000
core   0: 0x800002da (0xf7434437) lui     s0, 0xf7434
core   0: 0 0x800002da (0xf7434437) x8  0xf7434000
core   0: 0x800002de (0xbf540413) addi    s0, s0, -1035
core   0: 0 0x800002de (0xbf540413) x8  0xf7433bf5
core   0: 0x800002e2 (0x80000537) lui     a0, 0x80000
core   0: 0 0x800002e2 (0x80000537) x10 0x80000000
core   0: 0x800002e6 (0x894eb5b7) lui     a1, 0x894eb
core   0: 0 0x800002e6 (0x894eb5b7) x11 0x894eb000
core   0: 0x800002ea (0xcb458593) addi    a1, a1, -844
core   0: 0 0x800002ea (0xcb458593) x11 0x894eacb4
core   0: 0x800002ee (0x00004615) c.li    a2, 5
core   0: 0 0x800002ee (0x4615) x12 0x00000005
core   0: 0x800002f0 (0xc8c3c6b7) lui     a3, 0xc8c3c
core   0: 0 0x800002f0 (0xc8c3c6b7) x13 0xc8c3c000
core   0: 0x800002f4 (0x5f768693) addi    a3, a3, 1527
core   0: 0 0x800002f4 (0x5f768693) x13 0xc8c3c5f7
core   0: 0x800002f8 (0x00004739) c.li    a4, 14
core   0: 0 0x800002f8 (0x4739) x14 0x0000000e
core   0: 0x800002fa (0x00004795) c.li    a5, 5
core   0: 0 0x800002fa (0x4795) x15 0x00000005
core   0: 0x800002fc (0x00004829) c.li    a6, 10
core   0: 0 0x800002fc (0x4829) x16 0x0000000a
core   0: 0x800002fe (0xf777f8b7) lui     a7, 0xf777f
core   0: 0 0x800002fe (0xf777f8b7) x17 0xf777f000
core   0: 0x80000302 (0x63d88893) addi    a7, a7, 1597
core   0: 0 0x80000302 (0x63d88893) x17 0xf777f63d
core   0: 0x80000306 (0x00004901) c.li    s2, 0
core   0: 0 0x80000306 (0x4901) x18 0x00000000
core   0: 0x80000308 (0xf7f7a9b7) lui     s3, 0xf7f7a
core   0: 0 0x80000308 (0xf7f7a9b7) x19 0xf7f7a000
core   0: 0x8000030c (0x0e598993) addi    s3, s3, 229
core   0: 0 0x8000030c (0x0e598993) x19 0xf7f7a0e5
core   0: 0x80000310 (0xf264ca37) lui     s4, 0xf264c
core   0: 0 0x80000310 (0xf264ca37) x20 0xf264c000
core   0: 0x80000314 (0xecda0a13) addi    s4, s4, -307
core   0: 0 0x80000314 (0xecda0a13) x20 0xf264becd
core   0: 0x80000318 (0x00004a81) c.li    s5, 0
core   0: 0 0x80000318 (0x4a81) x21 0x00000000
core   0: 0x8000031a (0xfc680b37) lui     s6, 0xfc680
core   0: 0 0x8000031a (0xfc680b37) x22 0xfc680000
core   0: 0x8000031e (0x801b0b13) addi    s6, s6, -2047
core   0: 0 0x8000031e (0x801b0b13) x22 0xfc67f801
core   0: 0x80000322 (0x00004b81) c.li    s7, 0
core   0: 0 0x80000322 (0x4b81) x23 0x00000000
core   0: 0x80000324 (0x00004c09) c.li    s8, 2
core   0: 0 0x80000324 (0x4c09) x24 0x00000002
core   0: 0x80000326 (0x81b7fcb7) lui     s9, 0x81b7f
core   0: 0 0x80000326 (0x81b7fcb7) x25 0x81b7f000
core   0: 0x8000032a (0x6bdc8c93) addi    s9, s9, 1725
core   0: 0 0x8000032a (0x6bdc8c93) x25 0x81b7f6bd
core   0: 0x8000032e (0x80000d37) lui     s10, 0x80000
core   0: 0 0x8000032e (0x80000d37) x26 0x80000000
core   0: 0x80000332 (0x00004da5) c.li    s11, 9
core   0: 0 0x80000332 (0x4da5) x27 0x00000009
core   0: 0x80000334 (0x00004e01) c.li    t3, 0
core   0: 0 0x80000334 (0x4e01) x28 0x00000000
core   0: 0x80000336 (0x00004ea9) c.li    t4, 10
core   0: 0 0x80000336 (0x4ea9) x29 0x0000000a
core   0: 0x80000338 (0xfe7effb7) lui     t6, 0xfe7ef
core   0: 0 0x80000338 (0xfe7effb7) x31 0xfe7ef000
core   0: 0x8000033c (0x8c7f8f93) addi    t6, t6, -1849
core   0: 0 0x8000033c (0x8c7f8f93) x31 0xfe7ee8c7
core   0: 0x80000340 (0x00048497) auipc   s1, 0x48
core   0: 0 0x80000340 (0x00048497) x9  0x80048340
core   0: 0x80000344 (0xb2448493) addi    s1, s1, -1244
core   0: 0 0x80000344 (0xb2448493) x9  0x80047e64
core   0: 0x80000348 (0x90000d37) lui     s10, 0x90000
core   0: 0 0x80000348 (0x90000d37) x26 0x90000000
core   0: 0x8000034c (0x00001d71) c.addi  s10, -4
core   0: 0 0x8000034c (0x1d71) x26 0x8ffffffc
core   0: 0x8000034e (0x00004601) c.li    a2, 0
core   0: 0 0x8000034e (0x4601) x12 0x00000000
core   0: 0x80000350 (0x00000622) c.slli  a2, 8
core   0: 0 0x80000350 (0x0622) x12 0x00000000
core   0: 0x80000352 (0x00060613) mv      a2, a2
core   0: 0 0x80000352 (0x00060613) x12 0x00000000
core   0: 0x80000356 (0x00cd2023) sw      a2, 0(s10)
core   0: 0 0x80000356 (0x00cd2023) mem 0x8ffffffc 0x00000000
core   0: 0x8000035a (0x6db0206f) j       pc + 0x2eda
core   0: 0 0x8000035a (0x6db0206f)
core   0: 0x80003234 (0x0002fe97) auipc   t4, 0x2f
core   0: 0 0x80003234 (0x0002fe97) x29 0x80032234
core   0: 0x80003238 (0xe14e8e93) addi    t4, t4, -492
core   0: 0 0x80003238 (0xe14e8e93) x29 0x80032048
core   0: 0x8000323c (0x34e9ed37) lui     s10, 0x34e9e
core   0: 0 0x8000323c (0x34e9ed37) x26 0x34e9e000
core   0: 0x80003240 (0x00009eea) c.add   t4, s10
core   0: 0 0x80003240 (0x9eea) x29 0xb4ed0048
core   0: 0x80003242 (0xec1e8fa3) sb      ra, -289(t4)
core   0: 0 0x80003242 (0xec1e8fa3) mem 0xb4ecff27 0x6
core   0: 0x80003246 (0xa03e8da3) sb      gp, -1509(t4)
core   0: 0 0x80003246 (0xa03e8da3) mem 0xb4ecfa63 0x0
core   0: 0x8000324a (0x464e8aa3) sb      tp, 1141(t4)
core   0: 0 0x8000324a (0x464e8aa3) mem 0xb4ed04bd 0x12
core   0: 0x8000324e (0x205e9923) sh      t0, 530(t4)
core   0: 0 0x8000324e (0x205e9923) mem 0xb4ed025a 0x79c0
core   0: 0x80003252 (0xb66e8a23) sb      t1, -1164(t4)
core   0: 0 0x80003252 (0xb66e8a23) mem 0xb4ecfbbc 0xf8
core   0: 0x80003256 (0x0000974a) c.add   a4, s2
core   0: 0 0x80003256 (0x974a) x14 0x0000000e
core   0: 0x80003258 (0xe1fe8ea3) sb      t6, -483(t4)
core   0: 0 0x80003258 (0xe1fe8ea3) mem 0xb4ecfe65 0xc7
core   0: 0x8000325c (0x98c74193) xori    gp, a4, -1652
core   0: 0 0x8000325c (0x98c74193) x3  0xfffff982
core   0: 0x80003260 (0x03153e33) mulhu   t3, a0, a7
core   0: 0 0x80003260 (0x03153e33) x28 0x7bbbfb1e
core   0: 0x80003264 (0xedfeca83) lbu     s5, -289(t4)
core   0: 0 0x80003264 (0xedfeca83) x21 0x00000006 mem 0xb4ecff27
core   0: 0x80003268 (0x61f3ae13) slti    t3, t2, 1567
core   0: 0 0x80003268 (0x61f3ae13) x28 0x00000001
core   0: 0x8000326c (0x017e8923) sb      s7, 18(t4)
core   0: 0 0x8000326c (0x017e8923) mem 0xb4ed005a 0x0
core   0: 0x80003270 (0xfbed2a13) slti    s4, s10, -66
core   0: 0 0x80003270 (0xfbed2a13) x20 0x00000000
core   0: 0x80003274 (0x02602833) mulhsu  a6, zero, t1
core   0: 0 0x80003274 (0x02602833) x16 0x00000000
core   0: 0x80003278 (0x00008afe) c.mv    s5, t6
core   0: 0 0x80003278 (0x8afe) x21 0xfe7ee8c7
core   0: 0x8000327a (0xa1bec303) lbu     t1, -1509(t4)
core   0: 0 0x8000327a (0xa1bec303) x6  0x00000000 mem 0xb4ecfa63
core   0: 0x8000327e (0xb7b8ab13) slti    s6, a7, -1157
core   0: 0 0x8000327e (0xb7b8ab13) x22 0x00000001
core   0: 0x80003282 (0xbae3f837) lui     a6, 0xbae3f
core   0: 0 0x80003282 (0xbae3f837) x16 0xbae3f000
core   0: 0x80003286 (0x475e8783) lb      a5, 1141(t4)
core   0: 0 0x80003286 (0x475e8783) x15 0x00000012 mem 0xb4ed04bd
core   0: 0x8000328a (0x212ed603) lhu     a2, 530(t4)
core   0: 0 0x8000328a (0x212ed603) x12 0x000079c0 mem 0xb4ed025a
core   0: 0x8000328e (0xb74ec503) lbu     a0, -1164(t4)
core   0: 0 0x8000328e (0xb74ec503) x10 0x000000f8 mem 0xb4ecfbbc
core   0: 0x80003292 (0x00030817) auipc   a6, 0x30
core   0: 0 0x80003292 (0x00030817) x16 0x80033292
core   0: 0x80003296 (0xbe180813) addi    a6, a6, -1055
core   0: 0 0x80003296 (0xbe180813) x16 0x80032e73
core   0: 0x8000329a (0x03c84003) lbu     zero, 60(a6)
core   0: 0 0x8000329a (0x03c84003) mem 0x80032eaf
core   0: 0x8000329e (0x00981303) lh      t1, 9(a6)
core   0: 0 0x8000329e (0x00981303) x6  0x00000000 mem 0x80032e7c
core   0: 0x800032a2 (0x0289b533) mulhu   a0, s3, s0
core   0: 0 0x800032a2 (0x0289b533) x10 0xef810c1f
core   0: 0x800032a6 (0x00008e72) c.mv    t3, t3
core   0: 0 0x800032a6 (0x8e72) x28 0x00000001
core   0: 0x800032a8 (0x0325e533) rem     a0, a1, s2
core   0: 0 0x800032a8 (0x0325e533) x10 0x894eacb4
core   0: 0x800032ac (0xfc680003) lb      zero, -58(a6)
core   0: 0 0x800032ac (0xfc680003) mem 0x80032e39
core   0: 0x800032b0 (0x01105c13) srli    s8, zero, 17
core   0: 0 0x800032b0 (0x01105c13) x24 0x00000000
core   0: 0x800032b4 (0x01385183) lhu     gp, 19(a6)
core   0: 0 0x800032b4 (0x01385183) x3  0x00000000 mem 0x80032e86
core   0: 0x800032b8 (0x00684383) lbu     t2, 6(a6)
core   0: 0 0x800032b8 (0x00684383) x7  0x00000000 mem 0x80032e79
core   0: 0x800032bc (0x03084083) lbu     ra, 48(a6)
core   0: 0 0x800032bc (0x03084083) x1  0x00000000 mem 0x80032ea3
core   0: 0x800032c0 (0xfd284203) lbu     tp, -46(a6)
core   0: 0 0x800032c0 (0xfd284203) x4  0x00000000 mem 0x80032e45
core   0: 0x800032c4 (0xfe985a03) lhu     s4, -23(a6)
core   0: 0 0x800032c4 (0xfe985a03) x20 0x00000000 mem 0x80032e5c
core   0: 0x800032c8 (0x9c85a693) slti    a3, a1, -1592
core   0: 0 0x800032c8 (0x9c85a693) x13 0x00000001
core   0: 0x800032cc (0xffa804a3) sb      s10, -23(a6)
core   0: 0 0x800032cc (0xffa804a3) mem 0x80032e5c 0x0
core   0: 0x800032d0 (0x01880203) lb      tp, 24(a6)
core   0: 0 0x800032d0 (0x01880203) x4  0x00000000 mem 0x80032e8b
core   0: 0x800032d4 (0xfdb81403) lh      s0, -37(a6)
core   0: 0 0x800032d4 (0xfdb81403) x8  0x00000000 mem 0x80032e4e
core   0: 0x800032d8 (0x41d5da13) srai    s4, a1, 29
core   0: 0 0x800032d8 (0x41d5da13) x20 0xfffffffc
core   0: 0x800032dc (0x03080003) lb      zero, 48(a6)
core   0: 0 0x800032dc (0x03080003) mem 0x80032ea3
core   0: 0x800032e0 (0x0002fd17) auipc   s10, 0x2f
core   0: 0 0x800032e0 (0x0002fd17) x26 0x800322e0
core   0: 0x800032e4 (0x361d0d13) addi    s10, s10, 865
core   0: 0 0x800032e4 (0x361d0d13) x26 0x80032641
core   0: 0x800032e8 (0x00009afd) c.andi  a3, -1
core   0: 0 0x800032e8 (0x9afd) x13 0x00000001
core   0: 0x800032ea (0x48f2ab37) lui     s6, 0x48f2a
core   0: 0 0x800032ea (0x48f2ab37) x22 0x48f2a000
core   0: 0x800032ee (0xfe7d0ea3) sb      t2, -3(s10)
core   0: 0 0x800032ee (0xfe7d0ea3) mem 0x8003263e 0x0
core   0: 0x800032f2 (0x022c99b3) mulh    s3, s9, sp
core   0: 0 0x800032f2 (0x022c99b3) x19 0x1806a3eb
core   0: 0x800032f6 (0x001d02a3) sb      ra, 5(s10)
core   0: 0 0x800032f6 (0x001d02a3) mem 0x80032646 0x0
core   0: 0x800032fa (0x402bd633) sra     a2, s7, sp
core   0: 0 0x800032fa (0x402bd633) x12 0x00000000
core   0: 0x800032fe (0x0166c8b3) xor     a7, a3, s6
core   0: 0 0x800032fe (0x0166c8b3) x17 0x48f2a001
core   0: 0x80003302 (0x008d0323) sb      s0, 6(s10)
core   0: 0 0x80003302 (0x008d0323) mem 0x80032647 0x0
core   0: 0x80003306 (0x00fd5e83) lhu     t4, 15(s10)
core   0: 0 0x80003306 (0x00fd5e83) x29 0x00000000 mem 0x80032650
core   0: 0x8000330a (0x022586b3) mul     a3, a1, sp
core   0: 0 0x8000330a (0x022586b3) x13 0x46fea3d8
core   0: 0x8000330e (0x00cd0183) lb      gp, 12(s10)
core   0: 0 0x8000330e (0x00cd0183) x3  0x00000000 mem 0x8003264d
core   0: 0x80003312 (0x007d27a3) sw      t2, 15(s10)
core   0: 0 0x80003312 (0x007d27a3) mem 0x80032650 0x00000000
core   0: 0x80003316 (0x02a51ab3) mulh    s5, a0, a0
core   0: 0 0x80003316 (0x02a51ab3) x21 0x3707f39e
core   0: 0x8000331a (0x00008f7d) c.and   a4, a5
core   0: 0 0x8000331a (0x8f7d) x14 0x00000002
core   0: 0x8000331c (0x00008c29) c.xor   s0, a0
core   0: 0 0x8000331c (0x8c29) x8  0x894eacb4
core   0: 0x8000331e (0x0000717d) c.addi16sp sp, -16
core   0: 0 0x8000331e (0x717d) x2  0xcf4b4e7e
core   0: 0x80003320 (0x40f887b3) sub     a5, a7, a5
core   0: 0 0x80003320 (0x40f887b3) x15 0x48f29fef
core   0: 0x80003324 (0x00f28e33) add     t3, t0, a5
core   0: 0 0x80003324 (0x00f28e33) x28 0x644319af
core   0: 0x80003328 (0x00000566) c.slli  a0, 25
core   0: 0 0x80003328 (0x0566) x10 0x68000000
core   0: 0x8000332a (0xff7d1a83) lh      s5, -9(s10)
core   0: 0 0x8000332a (0xff7d1a83) x21 0x00000000 mem 0x80032638
core   0: 0x8000332e (0x00331413) slli    s0, t1, 3
core   0: 0 0x8000332e (0x00331413) x8  0x00000000
core   0: 0x80003332 (0x94f83613) sltiu   a2, a6, -1713
core   0: 0 0x80003332 (0x94f83613) x12 0x00000001
core   0: 0x80003336 (0x00bd4403) lbu     s0, 11(s10)
core   0: 0 0x80003336 (0x00bd4403) x8  0x00000000 mem 0x8003264c
core   0: 0x8000333a (0x01619db3) sll     s11, gp, s6
core   0: 0 0x8000333a (0x01619db3) x27 0x00000000
core   0: 0x8000333e (0xfe1d0fa3) sb      ra, -1(s10)
core   0: 0 0x8000333e (0xfe1d0fa3) mem 0x80032640 0x0
core   0: 0x80003342 (0x0000717d) c.addi16sp sp, -16
core   0: 0 0x80003342 (0x717d) x2  0xcf4b4e6e
core   0: 0x80003344 (0x0000801d) c.srli  s0, 7
core   0: 0 0x80003344 (0x801d) x8  0x00000000
core   0: 0x80003346 (0xffed0f83) lb      t6, -2(s10)
core   0: 0 0x80003346 (0xffed0f83) x31 0x00000000 mem 0x8003263f
core   0: 0x8000334a (0xf9a67d93) andi    s11, a2, -102
core   0: 0 0x8000334a (0xf9a67d93) x27 0x00000000
core   0: 0x8000334e (0xff2d0503) lb      a0, -14(s10)
core   0: 0 0x8000334e (0xff2d0503) x10 0x00000000 mem 0x80032633
core   0: 0x80003352 (0x00008441) c.srai  s0, 16
core   0: 0 0x80003352 (0x8441) x8  0x00000000
core   0: 0x80003354 (0x0183cfb3) xor     t6, t2, s8
core   0: 0 0x80003354 (0x0183cfb3) x31 0x00000000
core   0: 0x80003358 (0x002d06a3) sb      sp, 13(s10)
core   0: 0 0x80003358 (0x002d06a3) mem 0x8003264e 0x6e
core   0: 0x8000335c (0x0238e7b3) rem     a5, a7, gp
core   0: 0 0x8000335c (0x0238e7b3) x15 0x48f2a001
core   0: 0x80003360 (0x00fec233) xor     tp, t4, a5
core   0: 0 0x80003360 (0x00fec233) x4  0x48f2a001
core   0: 0x80003364 (0x01423eb3) sltu    t4, tp, s4
core   0: 0 0x80003364 (0x01423eb3) x29 0x00000001
core   0: 0x80003368 (0x01ad0423) sb      s10, 8(s10)
core   0: 0 0x80003368 (0x01ad0423) mem 0x80032649 0x41
core   0: 0x8000336c (0x032edfb3) divu    t6, t4, s2
core   0: 0 0x8000336c (0x032edfb3) x31 0xffffffff
core   0: 0x80003370 (0x00000001) c.nop
core   0: 0 0x80003370 (0x0001)
core   0: 0x80003372 (0x00008fa9) c.xor   a5, a0
core   0: 0 0x80003372 (0x8fa9) x15 0x48f2a001
core   0: 0x80003374 (0x007d0b83) lb      s7, 7(s10)
core   0: 0 0x80003374 (0x007d0b83) x23 0x00000000 mem 0x80032648
core   0: 0x80003378 (0x00032197) auipc   gp, 0x32
core   0: 0 0x80003378 (0x00032197) x3  0x80035378
core   0: 0x8000337c (0xa9e18193) addi    gp, gp, -1378
core   0: 0 0x8000337c (0xa9e18193) x3  0x80034e16
core   0: 0x80003380 (0x0026aeb3) slt     t4, a3, sp
core   0: 0 0x80003380 (0x0026aeb3) x29 0x00000000
core   0: 0x80003384 (0x00008c31) c.xor   s0, a2
core   0: 0 0x80003384 (0x8c31) x8  0x00000001
core   0: 0x80003386 (0xffb1c603) lbu     a2, -5(gp)
core   0: 0 0x80003386 (0xffb1c603) x12 0x00000000 mem 0x80034e11
core   0: 0x8000338a (0x4069d8b3) sra     a7, s3, t1
core   0: 0 0x8000338a (0x4069d8b3) x17 0x1806a3eb
core   0: 0x8000338e (0x00718983) lb      s3, 7(gp)
core   0: 0 0x8000338e (0x00718983) x19 0x00000000 mem 0x80034e1d
core   0: 0x80003392 (0xfe91ab23) sw      s1, -10(gp)
core   0: 0 0x80003392 (0xfe91ab23) mem 0x80034e0c 0x80047e64
core   0: 0x80003396 (0x00c1d603) lhu     a2, 12(gp)
core   0: 0 0x80003396 (0x00c1d603) x12 0x00000000 mem 0x80034e22
core   0: 0x8000339a (0x0000982e) c.add   a6, a1
core   0: 0 0x8000339a (0x982e) x16 0x0951db27
core   0: 0x8000339c (0x000003f2) c.slli  t2, 28
core   0: 0 0x8000339c (0x03f2) x7  0x00000000
core   0: 0x8000339e (0x00f400b3) add     ra, s0, a5
core   0: 0 0x8000339e (0x00f400b3) x1  0x48f2a002
core   0: 0x800033a2 (0x00008c31) c.xor   s0, a2
core   0: 0 0x800033a2 (0x8c31) x8  0x00000001
core   0: 0x800033a4 (0x02e2f7b3) remu    a5, t0, a4
core   0: 0 0x800033a4 (0x02e2f7b3) x15 0x00000000
core   0: 0x800033a8 (0x011180a3) sb      a7, 1(gp)
core   0: 0 0x800033a8 (0x011180a3) mem 0x80034e17 0xeb
core   0: 0x800033ac (0xff61c003) lbu     zero, -10(gp)
core   0: 0 0x800033ac (0xff61c003) mem 0x80034e0c
core   0: 0x800033b0 (0x00e181a3) sb      a4, 3(gp)
core   0: 0 0x800033b0 (0x00e181a3) mem 0x80034e19 0x2
core   0: 0x800033b4 (0x030440b3) div     ra, s0, a6
core   0: 0 0x800033b4 (0x030440b3) x1  0x00000000
core   0: 0x800033b8 (0xff618003) lb      zero, -10(gp)
core   0: 0 0x800033b8 (0xff618003) mem 0x80034e0c
core   0: 0x800033bc (0xff419d23) sh      s4, -6(gp)
core   0: 0 0x800033bc (0xff419d23) mem 0x80034e10 0xfffc
core   0: 0x800033c0 (0xff41dd03) lhu     s10, -12(gp)
core   0: 0 0x800033c0 (0xff41dd03) x26 0x00000000 mem 0x80034e0a
core   0: 0x800033c4 (0xfaae2e93) slti    t4, t3, -86
core   0: 0 0x800033c4 (0xfaae2e93) x29 0x00000000
core   0: 0x800033c8 (0x0091ca83) lbu     s5, 9(gp)
core   0: 0 0x800033c8 (0x0091ca83) x21 0x00000000 mem 0x80034e1f
core   0: 0x800033cc (0xffa1dc83) lhu     s9, -6(gp)
core   0: 0 0x800033cc (0xffa1dc83) x25 0x0000fffc mem 0x80034e10
core   0: 0x800033d0 (0x03b05733) divu    a4, zero, s11
core   0: 0 0x800033d0 (0x03b05733) x14 0xffffffff
core   0: 0x800033d4 (0xff518da3) sb      s5, -5(gp)
core   0: 0 0x800033d4 (0xff518da3) mem 0x80034e11 0x0
core   0: 0x800033d8 (0x03af5933) divu    s2, t5, s10
core   0: 0 0x800033d8 (0x03af5933) x18 0xffffffff
core   0: 0x800033dc (0x2c890c93) addi    s9, s2, 712
core   0: 0 0x800033dc (0x2c890c93) x25 0x000002c7
core   0: 0x800033e0 (0x00e1aa83) lw      s5, 14(gp)
core   0: 0 0x800033e0 (0x00e1aa83) x21 0x00000000 mem 0x80034e24
core   0: 0x800033e4 (0x0002f117) auipc   sp, 0x2f
core   0: 0 0x800033e4 (0x0002f117) x2  0x800323e4
core   0: 0x800033e8 (0x17910113) addi    sp, sp, 377
core   0: 0 0x800033e8 (0x17910113) x2  0x8003255d
core   0: 0x800033ec (0x00008c3d) c.xor   s0, a5
core   0: 0 0x800033ec (0x8c3d) x8  0x00000001
core   0: 0x800033ee (0xfc914783) lbu     a5, -55(sp)
core   0: 0 0x800033ee (0xfc914783) x15 0x00000000 mem 0x80032526
core   0: 0x800033f2 (0x026127a3) sw      t1, 47(sp)
core   0: 0 0x800033f2 (0x026127a3) mem 0x8003258c 0x00000000
core   0: 0x800033f6 (0x02f14003) lbu     zero, 47(sp)
core   0: 0 0x800033f6 (0x02f14003) mem 0x8003258c
core   0: 0x800033fa (0x032107a3) sb      s2, 47(sp)
core   0: 0 0x800033fa (0x032107a3) mem 0x8003258c 0xff
core   0: 0x800033fe (0x02f10083) lb      ra, 47(sp)
core   0: 0 0x800033fe (0x02f10083) x1  0xffffffff mem 0x8003258c
core   0: 0x80003402 (0x032107a3) sb      s2, 47(sp)
core   0: 0 0x80003402 (0x032107a3) mem 0x8003258c 0xff
core   0: 0x80003406 (0x00008d5d) c.or    a0, a5
core   0: 0 0x80003406 (0x8d5d) x10 0x00000000
core   0: 0x80003408 (0x02f11283) lh      t0, 47(sp)
core   0: 0 0x80003408 (0x02f11283) x5  0x000000ff mem 0x8003258c
core   0: 0x8000340c (0x00000ed5) c.addi  t4, 21
core   0: 0 0x8000340c (0x0ed5) x29 0x00000015
core   0: 0x8000340e (0x001f28b3) slt     a7, t5, ra
core   0: 0 0x8000340e (0x001f28b3) x17 0x00000001
core   0: 0x80003412 (0x029117a3) sh      s1, 47(sp)
core   0: 0 0x80003412 (0x029117a3) mem 0x8003258c 0x7e64
core   0: 0x80003416 (0x000056fd) c.li    a3, -1
core   0: 0 0x80003416 (0x56fd) x13 0xffffffff
core   0: 0x80003418 (0x02f14283) lbu     t0, 47(sp)
core   0: 0 0x80003418 (0x02f14283) x5  0x00000064 mem 0x8003258c
core   0: 0x8000341c (0x00000001) c.nop
core   0: 0 0x8000341c (0x0001)
core   0: 0x8000341e (0x02b10723) sb      a1, 46(sp)
core   0: 0 0x8000341e (0x02b10723) mem 0x8003258b 0xb4
core   0: 0x80003422 (0x0002f997) auipc   s3, 0x2f
core   0: 0 0x80003422 (0x0002f997) x19 0x80032422
core   0: 0x80003426 (0x10d98993) addi    s3, s3, 269
core   0: 0 0x80003426 (0x10d98993) x19 0x8003252f
core   0: 0x8000342a (0xac9b4293) xori    t0, s6, -1335
core   0: 0 0x8000342a (0xac9b4293) x5  0xb70d5ac9
core   0: 0x8000342e (0xfed99aa3) sh      a3, -11(s3)
core   0: 0 0x8000342e (0xfed99aa3) mem 0x80032524 0xffff
core   0: 0x80003432 (0xff598503) lb      a0, -11(s3)
core   0: 0 0x80003432 (0xff598503) x10 0xffffffff mem 0x80032524
core   0: 0x80003436 (0x01198323) sb      a7, 6(s3)
core   0: 0 0x80003436 (0x01198323) mem 0x80032535 0x1
core   0: 0x8000343a (0x00698803) lb      a6, 6(s3)
core   0: 0 0x8000343a (0x00698803) x16 0x00000001 mem 0x80032535
core   0: 0x8000343e (0x00698803) lb      a6, 6(s3)
core   0: 0 0x8000343e (0x00698803) x16 0x00000001 mem 0x80032535
core   0: 0x80003442 (0x01398323) sb      s3, 6(s3)
core   0: 0 0x80003442 (0x01398323) mem 0x80032535 0x2f
core   0: 0x80003446 (0x00008e61) c.and   a2, s0
core   0: 0 0x80003446 (0x8e61) x12 0x00000000
core   0: 0x80003448 (0x00698683) lb      a3, 6(s3)
core   0: 0 0x80003448 (0x00698683) x13 0x0000002f mem 0x80032535
core   0: 0x8000344c (0xff49aea3) sw      s4, -3(s3)
core   0: 0 0x8000344c (0xff49aea3) mem 0x8003252c 0xfffffffc
core   0: 0x80003450 (0xff198ea3) sb      a7, -3(s3)
core   0: 0 0x80003450 (0xff198ea3) mem 0x8003252c 0x1
core   0: 0x80003454 (0xffd9a203) lw      tp, -3(s3)
core   0: 0 0x80003454 (0xffd9a203) x4  0xffffff01 mem 0x8003252c
core   0: 0x80003458 (0xffd9cb83) lbu     s7, -3(s3)
core   0: 0 0x80003458 (0xffd9cb83) x23 0x00000001 mem 0x8003252c
core   0: 0x8000345c (0xff898ea3) sb      s8, -3(s3)
core   0: 0 0x8000345c (0xff898ea3) mem 0x8003252c 0x0
core   0: 0x80003460 (0xffd9d283) lhu     t0, -3(s3)
core   0: 0 0x80003460 (0xffd9d283) x5  0x0000ff00 mem 0x8003252c
core   0: 0x80003464 (0xffd9af83) lw      t6, -3(s3)
core   0: 0 0x80003464 (0xffd9af83) x31 0xffffff00 mem 0x8003252c
core   0: 0x80003468 (0xffd9d183) lhu     gp, -3(s3)
core   0: 0 0x80003468 (0xffd9d183) x3  0x0000ff00 mem 0x8003252c
core   0: 0x8000346c (0xffd99683) lh      a3, -3(s3)
core   0: 0 0x8000346c (0xffd99683) x13 0xffffff00 mem 0x8003252c
core   0: 0x80003470 (0xffd9ce83) lbu     t4, -3(s3)
core   0: 0 0x80003470 (0xffd9ce83) x29 0x00000000 mem 0x8003252c
core   0: 0x80003474 (0xff698ea3) sb      s6, -3(s3)
core   0: 0 0x80003474 (0xff698ea3) mem 0x8003252c 0x0
core   0: 0x80003478 (0x00033197) auipc   gp, 0x33
core   0: 0 0x80003478 (0x00033197) x3  0x80036478
core   0: 0x8000347c (0x10618193) addi    gp, gp, 262
core   0: 0 0x8000347c (0x10618193) x3  0x8003657e
core   0: 0x80003480 (0x03f19e23) sh      t6, 60(gp)
core   0: 0 0x80003480 (0x03f19e23) mem 0x800365ba 0xff00
core   0: 0x80003484 (0x03c18903) lb      s2, 60(gp)
core   0: 0 0x80003484 (0x03c18903) x18 0x00000000 mem 0x800365ba
core   0: 0x80003488 (0x02418e23) sb      tp, 60(gp)
core   0: 0 0x80003488 (0x02418e23) mem 0x800365ba 0x1
core   0: 0x8000348c (0x03918883) lb      a7, 57(gp)
core   0: 0 0x8000348c (0x03918883) x17 0x00000000 mem 0x800365b7
core   0: 0x80003490 (0x02e18ca3) sb      a4, 57(gp)
core   0: 0 0x80003490 (0x02e18ca3) mem 0x800365b7 0xff
core   0: 0x80003494 (0x03918983) lb      s3, 57(gp)
core   0: 0 0x80003494 (0x03918983) x19 0xffffffff mem 0x800365b7
core   0: 0x80003498 (0xfc41d103) lhu     sp, -60(gp)
core   0: 0 0x80003498 (0xfc41d103) x2  0x00000000 mem 0x80036542
core   0: 0x8000349c (0x02d13bb3) mulhu   s7, sp, a3
core   0: 0 0x8000349c (0x02d13bb3) x23 0x00000000
core   0: 0x800034a0 (0xfc419803) lh      a6, -60(gp)
core   0: 0 0x800034a0 (0xfc419803) x16 0x00000000 mem 0x80036542
core   0: 0x800034a4 (0xfc418a83) lb      s5, -60(gp)
core   0: 0 0x800034a4 (0xfc418a83) x21 0x00000000 mem 0x80036542
core   0: 0x800034a8 (0x00000001) c.nop
core   0: 0 0x800034a8 (0x0001)
core   0: 0x800034aa (0xfd219b83) lh      s7, -46(gp)
core   0: 0 0x800034aa (0xfd219b83) x23 0x00000000 mem 0x80036550
core   0: 0x800034ae (0xfd419923) sh      s4, -46(gp)
core   0: 0 0x800034ae (0xfd419923) mem 0x80036550 0xfffc
core   0: 0x800034b2 (0x00001bfd) c.addi  s7, -1
core   0: 0 0x800034b2 (0x1bfd) x23 0xffffffff
core   0: 0x800034b4 (0x03e18ba3) sb      t5, 55(gp)
core   0: 0 0x800034b4 (0x03e18ba3) mem 0x800365b5 0xe4
core   0: 0x800034b8 (0x0371cf83) lbu     t6, 55(gp)
core   0: 0 0x800034b8 (0x0371cf83) x31 0x000000e4 mem 0x800365b5
core   0: 0x800034bc (0x03018ba3) sb      a6, 55(gp)
core   0: 0 0x800034bc (0x03018ba3) mem 0x800365b5 0x0
core   0: 0x800034c0 (0x03518ba3) sb      s5, 55(gp)
core   0: 0 0x800034c0 (0x03518ba3) mem 0x800365b5 0x0
core   0: 0x800034c4 (0x03718f83) lb      t6, 55(gp)
core   0: 0 0x800034c4 (0x03718f83) x31 0x00000000 mem 0x800365b5
core   0: 0x800034c8 (0x010d16b3) sll     a3, s10, a6
core   0: 0 0x800034c8 (0x010d16b3) x13 0x00000000
core   0: 0x800034cc (0x03618ba3) sb      s6, 55(gp)
core   0: 0 0x800034cc (0x03618ba3) mem 0x800365b5 0x0
core   0: 0x800034d0 (0x0002fe17) auipc   t3, 0x2f
core   0: 0 0x800034d0 (0x0002fe17) x28 0x800324d0
core   0: 0x800034d4 (0x090e0e13) addi    t3, t3, 144
core   0: 0 0x800034d4 (0x090e0e13) x28 0x80032560
core   0: 0x800034d8 (0x0000817d) c.srli  a0, 31
core   0: 0 0x800034d8 (0x817d) x10 0x00000001
core   0: 0x800034da (0x6ec9f713) andi    a4, s3, 1772
core   0: 0 0x800034da (0x6ec9f713) x14 0x000006ec
core   0: 0x800034de (0xff5e4803) lbu     a6, -11(t3)
core   0: 0 0x800034de (0xff5e4803) x16 0x00000000 mem 0x80032555
core   0: 0x800034e2 (0xff2e1c03) lh      s8, -14(t3)
core   0: 0 0x800034e2 (0xff2e1c03) x24 0x00000000 mem 0x80032552
core   0: 0x800034e6 (0x3aebce97) auipc   t4, 0x3aebc
core   0: 0 0x800034e6 (0x3aebce97) x29 0xbaebf4e6
core   0: 0x800034ea (0x003fd0b3) srl     ra, t6, gp
core   0: 0 0x800034ea (0x003fd0b3) x1  0x00000000
core   0: 0x800034ee (0x015e1323) sh      s5, 6(t3)
core   0: 0 0x800034ee (0x015e1323) mem 0x80032566 0x0000
core   0: 0x800034f2 (0x015e0423) sb      s5, 8(t3)
core   0: 0 0x800034f2 (0x015e0423) mem 0x80032568 0x0
core   0: 0x800034f6 (0x4a7e2f97) auipc   t6, 0x4a7e2
core   0: 0 0x800034f6 (0x4a7e2f97) x31 0xca7e54f6
core   0: 0x800034fa (0x005e0823) sb      t0, 16(t3)
core   0: 0 0x800034fa (0x005e0823) mem 0x80032570 0x0
core   0: 0x800034fe (0x019e0323) sb      s9, 6(t3)
core   0: 0 0x800034fe (0x019e0323) mem 0x80032566 0xc7
core   0: 0x80003502 (0xff3e4c83) lbu     s9, -13(t3)
core   0: 0 0x80003502 (0xff3e4c83) x25 0x00000000 mem 0x80032553
core   0: 0x80003506 (0xff3e4603) lbu     a2, -13(t3)
core   0: 0 0x80003506 (0xff3e4603) x12 0x00000000 mem 0x80032553
core   0: 0x8000350a (0xfffe4983) lbu     s3, -1(t3)
core   0: 0 0x8000350a (0xfffe4983) x19 0x00000000 mem 0x8003255f
core   0: 0x8000350e (0xfffe0003) lb      zero, -1(t3)
core   0: 0 0x8000350e (0xfffe0003) mem 0x8003255f
core   0: 0x80003512 (0xffae1783) lh      a5, -6(t3)
core   0: 0 0x80003512 (0xffae1783) x15 0x00000000 mem 0x8003255a
core   0: 0x80003516 (0x00fe0a03) lb      s4, 15(t3)
core   0: 0 0x80003516 (0x00fe0a03) x20 0x00000000 mem 0x8003256f
core   0: 0x8000351a (0x0ff0000f) fence   iorw,iorw
core   0: 0 0x8000351a (0x0ff0000f)
core   0: 0x8000351e (0x00fe0503) lb      a0, 15(t3)
core   0: 0 0x8000351e (0x00fe0503) x10 0x00000000 mem 0x8003256f
core   0: 0x80003522 (0x00fe0383) lb      t2, 15(t3)
core   0: 0 0x80003522 (0x00fe0383) x7  0x00000000 mem 0x8003256f
core   0: 0x80003526 (0x01ce07a3) sb      t3, 15(t3)
core   0: 0 0x80003526 (0x01ce07a3) mem 0x8003256f 0x60
core   0: 0x8000352a (0x01ce07a3) sb      t3, 15(t3)
core   0: 0 0x8000352a (0x01ce07a3) mem 0x8003256f 0x60
core   0: 0x8000352e (0xff6e0203) lb      tp, -10(t3)
core   0: 0 0x8000352e (0xff6e0203) x4  0x00000000 mem 0x80032556
core   0: 0x80003532 (0x0002fa17) auipc   s4, 0x2f
core   0: 0 0x80003532 (0x0002fa17) x20 0x80032532
core   0: 0x80003536 (0xb16a0a13) addi    s4, s4, -1258
core   0: 0 0x80003536 (0xb16a0a13) x20 0x80032048
core   0: 0x8000353a (0x12108637) lui     a2, 0x12108
core   0: 0 0x8000353a (0x12108637) x12 0x12108000
core   0: 0x8000353e (0x00009a32) c.add   s4, a2
core   0: 0 0x8000353e (0x9a32) x20 0x9213a048
core   0: 0x80003540 (0xa20a01a3) sb      zero, -1501(s4)
core   0: 0 0x80003540 (0xa20a01a3) mem 0x92139a6b 0x0
core   0: 0x80003544 (0xe61a03a3) sb      ra, -409(s4)
core   0: 0 0x80003544 (0xe61a03a3) mem 0x92139eaf 0x0
core   0: 0x80003548 (0xbe3a06a3) sb      gp, -1043(s4)
core   0: 0 0x80003548 (0xbe3a06a3) mem 0x92139c35 0x7e
core   0: 0x8000354c (0x564a0fa3) sb      tp, 1407(s4)
core   0: 0 0x8000354c (0x564a0fa3) mem 0x9213a5c7 0x0
core   0: 0x80003550 (0x00000001) c.nop
core   0: 0 0x80003550 (0x0001)
core   0: 0x80003552 (0x029e5433) divu    s0, t3, s1
core   0: 0 0x80003552 (0x029e5433) x8  0x00000000
core   0: 0x80003556 (0x0324abb3) mulhsu  s7, s1, s2
core   0: 0 0x80003556 (0x0324abb3) x23 0x00000000
core   0: 0x8000355a (0xa23a0f83) lb      t6, -1501(s4)
core   0: 0 0x8000355a (0xa23a0f83) x31 0x00000000 mem 0x92139a6b
core   0: 0x8000355e (0xe67a0083) lb      ra, -409(s4)
core   0: 0 0x8000355e (0xe67a0083) x1  0x00000000 mem 0x92139eaf
core   0: 0x80003562 (0x00001794) c.addi4spn a3, sp, 992
core   0: 0 0x80003562 (0x1794) x13 0x000003e0
core   0: 0x80003564 (0x8eaa1723) sh      a0, -1810(s4)
core   0: 0 0x80003564 (0x8eaa1723) mem 0x92139936 0x0000
core   0: 0x80003568 (0xbeda0183) lb      gp, -1043(s4)
core   0: 0 0x80003568 (0xbeda0183) x3  0x0000007e mem 0x92139c35
core   0: 0x8000356c (0x000098de) c.add   a7, s7
core   0: 0 0x8000356c (0x98de) x17 0x00000000
core   0: 0x8000356e (0x00d7c133) xor     sp, a5, a3
core   0: 0 0x8000356e (0x00d7c133) x2  0x000003e0
core   0: 0x80003572 (0x57fa4f83) lbu     t6, 1407(s4)
core   0: 0 0x80003572 (0x57fa4f83) x31 0x00000000 mem 0x9213a5c7
core   0: 0x80003576 (0x00034697) auipc   a3, 0x34
core   0: 0 0x80003576 (0x00034697) x13 0x80037576
core   0: 0x8000357a (0x83768693) addi    a3, a3, -1993
core   0: 0 0x8000357a (0x83768693) x13 0x80036dad
core   0: 0x8000357e (0xf776a5a3) sw      s7, -149(a3)
core   0: 0 0x8000357e (0xf776a5a3) mem 0x80036d18 0x00000000
core   0: 0x80003582 (0x0002fd17) auipc   s10, 0x2f
core   0: 0 0x80003582 (0x0002fd17) x26 0x80032582
core   0: 0x80003586 (0x24fd0d13) addi    s10, s10, 591
core   0: 0 0x80003586 (0x24fd0d13) x26 0x800327d1
core   0: 0x8000358a (0x01dd0923) sb      t4, 18(s10)
core   0: 0 0x8000358a (0x01dd0923) mem 0x800327e3 0xe6
core   0: 0x8000358e (0xf0868783) lb      a5, -248(a3)
core   0: 0 0x8000358e (0xf0868783) x15 0x00000000 mem 0x80036cb5
core   0: 0x80003592 (0xf736d283) lhu     t0, -141(a3)
core   0: 0 0x80003592 (0xf736d283) x5  0x00000000 mem 0x80036d20
core   0: 0x80003596 (0xf2668803) lb      a6, -218(a3)
core   0: 0 0x80003596 (0xf2668803) x16 0x00000000 mem 0x80036cd3
core   0: 0x8000359a (0xfe1d0183) lb      gp, -31(s10)
core   0: 0 0x8000359a (0xfe1d0183) x3  0x00000000 mem 0x800327b2
core   0: 0x8000359e (0x031d4883) lbu     a7, 49(s10)
core   0: 0 0x8000359e (0x031d4883) x17 0x00000000 mem 0x80032802
core   0: 0x800035a2 (0x039d5f83) lhu     t6, 57(s10)
core   0: 0 0x800035a2 (0x039d5f83) x31 0x00000000 mem 0x8003280a
core   0: 0x800035a6 (0x0ea6c983) lbu     s3, 234(a3)
core   0: 0 0x800035a6 (0x0ea6c983) x19 0x00000000 mem 0x80036e97
core   0: 0x800035aa (0xfedd4b83) lbu     s7, -19(s10)
core   0: 0 0x800035aa (0xfedd4b83) x23 0x00000000 mem 0x800327be
core   0: 0x800035ae (0x01968b83) lb      s7, 25(a3)
core   0: 0 0x800035ae (0x01968b83) x23 0x00000000 mem 0x80036dc6
core   0: 0x800035b2 (0x0c569f83) lh      t6, 197(a3)
core   0: 0 0x800035b2 (0x0c569f83) x31 0x00000000 mem 0x80036e72
core   0: 0x800035b6 (0x02668603) lb      a2, 38(a3)
core   0: 0 0x800035b6 (0x02668603) x12 0x00000000 mem 0x80036dd3
core   0: 0x800035ba (0x01ad0b83) lb      s7, 26(s10)
core   0: 0 0x800035ba (0x01ad0b83) x23 0x00000000 mem 0x800327eb
core   0: 0x800035be (0xfc969c03) lh      s8, -55(a3)
core   0: 0 0x800035be (0xfc969c03) x24 0x00000000 mem 0x80036d76
core   0: 0x800035c2 (0xfc9d4183) lbu     gp, -55(s10)
core   0: 0 0x800035c2 (0xfc9d4183) x3  0x00000000 mem 0x8003279a
core   0: 0x800035c6 (0x08f6a383) lw      t2, 143(a3)
core   0: 0 0x800035c6 (0x08f6a383) x7  0x00000000 mem 0x80036e3c
core   0: 0x800035ca (0x033d2b83) lw      s7, 51(s10)
core   0: 0 0x800035ca (0x033d2b83) x23 0x00000000 mem 0x80032804
core   0: 0x800035ce (0x0002f117) auipc   sp, 0x2f
core   0: 0 0x800035ce (0x0002f117) x2  0x800325ce
core   0: 0x800035d2 (0xa7a10113) addi    sp, sp, -1414
core   0: 0 0x800035d2 (0xa7a10113) x2  0x80032048
core   0: 0x800035d6 (0x43855d37) lui     s10, 0x43855
core   0: 0 0x800035d6 (0x43855d37) x26 0x43855000
core   0: 0x800035da (0x0000916a) c.add   sp, s10
core   0: 0 0x800035da (0x916a) x2  0xc3887048
core   0: 0x800035dc (0xae111523) sh      ra, -1302(sp)
core   0: 0 0x800035dc (0xae111523) mem 0xc3886b32 0x0000
core   0: 0x800035e0 (0x42311323) sh      gp, 1062(sp)
core   0: 0 0x800035e0 (0x42311323) mem 0xc388746e 0x0000
core   0: 0x800035e4 (0xca4106a3) sb      tp, -851(sp)
core   0: 0 0x800035e4 (0xca4106a3) mem 0xc3886cf5 0x0
core   0: 0x800035e8 (0x705106a3) sb      t0, 1805(sp)
core   0: 0 0x800035e8 (0x705106a3) mem 0xc3887755 0x0
core   0: 0x800035ec (0xf66100a3) sb      t1, -159(sp)
core   0: 0 0x800035ec (0xf66100a3) mem 0xc3886fa9 0x0
core   0: 0x800035f0 (0x019c6633) or      a2, s8, s9
core   0: 0 0x800035f0 (0x019c6633) x12 0x00000000
core   0: 0x800035f4 (0x01aec433) xor     s0, t4, s10
core   0: 0 0x800035f4 (0x01aec433) x8  0xf96ea4e6
core   0: 0x800035f8 (0xa3c11723) sh      t3, -1490(sp)
core   0: 0 0x800035f8 (0xa3c11723) mem 0xc3886a76 0x2560
core   0: 0x800035fc (0xaea11203) lh      tp, -1302(sp)
core   0: 0 0x800035fc (0xaea11203) x4  0x00000000 mem 0xc3886b32
core   0: 0x80003600 (0xa46abd13) sltiu   s10, s5, -1466
core   0: 0 0x80003600 (0xa46abd13) x26 0x00000001
core   0: 0x80003604 (0xe6410323) sb      tp, -410(sp)
core   0: 0 0x80003604 (0xe6410323) mem 0xc3886eae 0x0
core   0: 0x80003608 (0x42611e83) lh      t4, 1062(sp)
core   0: 0 0x80003608 (0x42611e83) x29 0x00000000 mem 0xc388746e
core   0: 0x8000360c (0xcad10b83) lb      s7, -851(sp)
core   0: 0 0x8000360c (0xcad10b83) x23 0x00000000 mem 0xc3886cf5
core   0: 0x80003610 (0x00e97bb3) and     s7, s2, a4
core   0: 0 0x80003610 (0x00e97bb3) x23 0x00000000
core   0: 0x80003614 (0x0000056a) c.slli  a0, 26
core   0: 0 0x80003614 (0x056a) x10 0x00000000
core   0: 0x80003616 (0x70d14683) lbu     a3, 1805(sp)
core   0: 0 0x80003616 (0x70d14683) x13 0x00000000 mem 0xc3887755
core   0: 0x8000361a (0x41008433) sub     s0, ra, a6
core   0: 0 0x8000361a (0x41008433) x8  0x00000000
core   0: 0x8000361e (0xf6114203) lbu     tp, -159(sp)
core   0: 0 0x8000361e (0xf6114203) x4  0x00000000 mem 0xc3886fa9
core   0: 0x80003622 (0x0002ff97) auipc   t6, 0x2f
core   0: 0 0x80003622 (0x0002ff97) x31 0x80032622
core   0: 0x80003626 (0xe62f8f93) addi    t6, t6, -414
core   0: 0 0x80003626 (0xe62f8f93) x31 0x80032484
core   0: 0x8000362a (0xfc0f9d23) sh      zero, -38(t6)
core   0: 0 0x8000362a (0xfc0f9d23) mem 0x8003245e 0x0000
core   0: 0x8000362e (0xffff8d83) lb      s11, -1(t6)
core   0: 0 0x8000362e (0xffff8d83) x27 0x00000000 mem 0x80032483
core   0: 0x80003632 (0x00037c17) auipc   s8, 0x37
core   0: 0 0x80003632 (0x00037c17) x24 0x8003a632
core   0: 0x80003636 (0x868c0c13) addi    s8, s8, -1944
core   0: 0 0x80003636 (0x868c0c13) x24 0x80039e9a
core   0: 0x8000363a (0xfc2f8a03) lb      s4, -62(t6)
core   0: 0 0x8000363a (0xfc2f8a03) x20 0x00000000 mem 0x80032446
core   0: 0x8000363e (0x03afaa23) sw      s10, 52(t6)
core   0: 0 0x8000363e (0x03afaa23) mem 0x800324b8 0x00000001
core   0: 0x80003642 (0xcdcc0703) lb      a4, -804(s8)
core   0: 0 0x80003642 (0xcdcc0703) x14 0x00000000 mem 0x80039b76
core   0: 0x80003646 (0xbe2c4203) lbu     tp, -1054(s8)
core   0: 0 0x80003646 (0xbe2c4203) x4  0x00000000 mem 0x80039a7c
core   0: 0x8000364a (0xfc7f86a3) sb      t2, -51(t6)
core   0: 0 0x8000364a (0xfc7f86a3) mem 0x80032451 0x0
core   0: 0x8000364e (0x28dc4c83) lbu     s9, 653(s8)
core   0: 0 0x8000364e (0x28dc4c83) x25 0x00000000 mem 0x8003a127
core   0: 0x80003652 (0xafec1b83) lh      s7, -1282(s8)
core   0: 0 0x80003652 (0xafec1b83) x23 0x00000000 mem 0x80039998
core   0: 0x80003656 (0x03ef9323) sh      t5, 38(t6)
core   0: 0 0x80003656 (0x03ef9323) mem 0x800324aa 0xbce4
core   0: 0x8000365a (0x47cc5183) lhu     gp, 1148(s8)
core   0: 0 0x8000365a (0x47cc5183) x3  0x00000000 mem 0x8003a316
core   0: 0x8000365e (0x03df8e03) lb      t3, 61(t6)
core   0: 0 0x8000365e (0x03df8e03) x28 0x00000000 mem 0x800324c1
core   0: 0x80003662 (0xff7fce03) lbu     t3, -9(t6)
core   0: 0 0x80003662 (0xff7fce03) x28 0x00000000 mem 0x8003247b
core   0: 0x80003666 (0x0003e117) auipc   sp, 0x3e
core   0: 0 0x80003666 (0x0003e117) x2  0x80041666
core   0: 0x8000366a (0xc7710113) addi    sp, sp, -905
core   0: 0 0x8000366a (0xc7710113) x2  0x800412dd
core   0: 0x8000366e (0x00008992) c.mv    s3, tp
core   0: 0 0x8000366e (0x8992) x19 0x00000000
core   0: 0x80003670 (0xffd11703) lh      a4, -3(sp)
core   0: 0 0x80003670 (0xffd11703) x14 0x00000000 mem 0x800412da
core   0: 0x80003674 (0xff7109a3) sb      s7, -13(sp)
core   0: 0 0x80003674 (0xff7109a3) mem 0x800412d0 0x0
core   0: 0x80003678 (0x00911703) lh      a4, 9(sp)
core   0: 0 0x80003678 (0x00911703) x14 0x00000000 mem 0x800412e6
core   0: 0x8000367c (0x01d7f8b3) and     a7, a5, t4
core   0: 0 0x8000367c (0x01d7f8b3) x17 0x00000000
core   0: 0x80003680 (0xfe211ea3) sh      sp, -3(sp)
core   0: 0 0x80003680 (0xfe211ea3) mem 0x800412da 0x12dd
core   0: 0x80003684 (0x00d11203) lh      tp, 13(sp)
core   0: 0 0x80003684 (0x00d11203) x4  0x00000000 mem 0x800412ea
core   0: 0x80003688 (0x00312c03) lw      s8, 3(sp)
core   0: 0 0x80003688 (0x00312c03) x24 0x00000000 mem 0x800412e0
core   0: 0x8000368c (0xfe610da3) sb      t1, -5(sp)
core   0: 0 0x8000368c (0xfe610da3) mem 0x800412d8 0x0
core   0: 0x80003690 (0x00f11b83) lh      s7, 15(sp)
core   0: 0 0x80003690 (0x00f11b83) x23 0x00000000 mem 0x800412ec
core   0: 0x80003694 (0x00515383) lhu     t2, 5(sp)
core   0: 0 0x80003694 (0x00515383) x7  0x00000000 mem 0x800412e2
core   0: 0x80003698 (0x02093633) mulhu   a2, s2, zero
core   0: 0 0x80003698 (0x02093633) x12 0x00000000
core   0: 0x8000369c (0x01269a93) slli    s5, a3, 18
core   0: 0 0x8000369c (0x01269a93) x21 0x00000000
core   0: 0x800036a0 (0xff414a03) lbu     s4, -12(sp)
core   0: 0 0x800036a0 (0xff414a03) x20 0x00000000 mem 0x800412d1
core   0: 0x800036a4 (0xff914c83) lbu     s9, -7(sp)
core   0: 0 0x800036a4 (0xff914c83) x25 0x00000000 mem 0x800412d6
core   0: 0x800036a8 (0xffc11ca3) sh      t3, -7(sp)
core   0: 0 0x800036a8 (0xffc11ca3) mem 0x800412d6 0x0000
core   0: 0x800036ac (0x038fc433) div     s0, t6, s8
core   0: 0 0x800036ac (0x038fc433) x8  0xffffffff
core   0: 0x800036b0 (0x4128d693) srai    a3, a7, 18
core   0: 0 0x800036b0 (0x4128d693) x13 0x00000000
core   0: 0x800036b4 (0xff915903) lhu     s2, -7(sp)
core   0: 0 0x800036b4 (0xff915903) x18 0x00000000 mem 0x800412d6
core   0: 0x800036b8 (0x01a10823) sb      s10, 16(sp)
core   0: 0 0x800036b8 (0x01a10823) mem 0x800412ed 0x1
core   0: 0x800036bc (0xff610b23) sb      s6, -10(sp)
core   0: 0 0x800036bc (0xff610b23) mem 0x800412d3 0x0
core   0: 0x800036c0 (0x40995e13) srai    t3, s2, 9
core   0: 0 0x800036c0 (0x40995e13) x28 0x00000000
core   0: 0x800036c4 (0xff111c03) lh      s8, -15(sp)
core   0: 0 0x800036c4 (0xff111c03) x24 0x00000000 mem 0x800412ce
core   0: 0x800036c8 (0x00910683) lb      a3, 9(sp)
core   0: 0 0x800036c8 (0x00910683) x13 0x00000000 mem 0x800412e6
core   0: 0x800036cc (0x03f970b3) remu    ra, s2, t6
core   0: 0 0x800036cc (0x03f970b3) x1  0x00000000
core   0: 0x800036d0 (0x00210803) lb      a6, 2(sp)
core   0: 0 0x800036d0 (0x00210803) x16 0x00000000 mem 0x800412df
core   0: 0x800036d4 (0x00f10623) sb      a5, 12(sp)
core   0: 0 0x800036d4 (0x00f10623) mem 0x800412e9 0x0
core   0: 0x800036d8 (0x0000872d) c.srai  a4, 11
core   0: 0 0x800036d8 (0x872d) x14 0x00000000
core   0: 0x800036da (0x27fd2c93) slti    s9, s10, 639
core   0: 0 0x800036da (0x27fd2c93) x25 0x00000001
core   0: 0x800036de (0xfed10c23) sb      a3, -8(sp)
core   0: 0 0x800036de (0xfed10c23) mem 0x800412d5 0x0
core   0: 0x800036e2 (0x405e52b3) sra     t0, t3, t0
core   0: 0 0x800036e2 (0x405e52b3) x5  0x00000000
core   0: 0x800036e6 (0x03241933) mulh    s2, s0, s2
core   0: 0 0x800036e6 (0x03241933) x18 0x00000000
core   0: 0x800036ea (0x00008fe9) c.and   a5, a0
core   0: 0 0x800036ea (0x8fe9) x15 0x00000000
core   0: 0x800036ec (0x01f116a3) sh      t6, 13(sp)
core   0: 0 0x800036ec (0x01f116a3) mem 0x800412ea 0x2484
core   0: 0x800036f0 (0x00008c51) c.or    s0, a2
core   0: 0 0x800036f0 (0x8c51) x8  0xffffffff
core   0: 0x800036f2 (0x01be1833) sll     a6, t3, s11
core   0: 0 0x800036f2 (0x01be1833) x16 0x00000000
core   0: 0x800036f6 (0xffa10b03) lb      s6, -6(sp)
core   0: 0 0x800036f6 (0xffa10b03) x22 0x00000000 mem 0x800412d7
core   0: 0x800036fa (0x01b493b3) sll     t2, s1, s11
core   0: 0 0x800036fa (0x01b493b3) x7  0x80047e64
core   0: 0x800036fe (0xff610f83) lb      t6, -10(sp)
core   0: 0 0x800036fe (0xff610f83) x31 0x00000000 mem 0x800412d3
core   0: 0x80003702 (0x00915183) lhu     gp, 9(sp)
core   0: 0 0x80003702 (0x00915183) x3  0x00000000 mem 0x800412e6
core   0: 0x80003706 (0xff910e23) sb      s9, -4(sp)
core   0: 0 0x80003706 (0xff910e23) mem 0x800412d9 0x1
core   0: 0x8000370a (0xff814b03) lbu     s6, -8(sp)
core   0: 0 0x8000370a (0xff814b03) x22 0x00000000 mem 0x800412d5
core   0: 0x8000370e (0xff010283) lb      t0, -16(sp)
core   0: 0 0x8000370e (0xff010283) x5  0x00000000 mem 0x800412cd
core   0: 0x80003712 (0x0002f117) auipc   sp, 0x2f
core   0: 0 0x80003712 (0x0002f117) x2  0x80032712
core   0: 0x80003716 (0x93610113) addi    sp, sp, -1738
core   0: 0 0x80003716 (0x93610113) x2  0x80032048
core   0: 0x8000371a (0x38e49d37) lui     s10, 0x38e49
core   0: 0 0x8000371a (0x38e49d37) x26 0x38e49000
core   0: 0x8000371e (0x0000916a) c.add   sp, s10
core   0: 0 0x8000371e (0x916a) x2  0xb8e7b048
core   0: 0x80003720 (0x2e1107a3) sb      ra, 751(sp)
core   0: 0 0x80003720 (0x2e1107a3) mem 0xb8e7b337 0x0
core   0: 0x80003724 (0x6e310ea3) sb      gp, 1789(sp)
core   0: 0 0x80003724 (0x6e310ea3) mem 0xb8e7b745 0x0
core   0: 0x80003728 (0xbc5103a3) sb      t0, -1081(sp)
core   0: 0 0x80003728 (0xbc5103a3) mem 0xb8e7ac0f 0x0
core   0: 0x8000372c (0x40711223) sh      t2, 1028(sp)
core   0: 0 0x8000372c (0x40711223) mem 0xb8e7b44c 0x7e64
core   0: 0x80003730 (0x000013fd) c.addi  t2, -1
core   0: 0 0x80003730 (0x13fd) x7  0x80047e63
core   0: 0x80003732 (0x88910da3) sb      s1, -1893(sp)
core   0: 0 0x80003732 (0x88910da3) mem 0xb8e7a8e3 0x64
core   0: 0x80003736 (0x0ee2f713) andi    a4, t0, 238
core   0: 0 0x80003736 (0x0ee2f713) x14 0x00000000
core   0: 0x8000373a (0x00008086) c.mv    ra, ra
core   0: 0 0x8000373a (0x8086) x1  0x00000000
core   0: 0x8000373c (0x00000c2a) c.slli  s8, 10
core   0: 0 0x8000373c (0x0c2a) x24 0x00000000
core   0: 0x8000373e (0x2ef14c03) lbu     s8, 751(sp)
core   0: 0 0x8000373e (0x2ef14c03) x24 0x00000000 mem 0xb8e7b337
core   0: 0x80003742 (0x632105a3) sb      s2, 1579(sp)
core   0: 0 0x80003742 (0x632105a3) mem 0xb8e7b673 0x0
core   0: 0x80003746 (0x000060e1) c.lui   ra, 0x18
core   0: 0 0x80003746 (0x60e1) x1  0x00018000
core   0: 0x80003748 (0x6fd14883) lbu     a7, 1789(sp)
core   0: 0 0x80003748 (0x6fd14883) x17 0x00000000 mem 0xb8e7b745
core   0: 0x8000374c (0x0020aeb3) slt     t4, ra, sp
core   0: 0 0x8000374c (0x0020aeb3) x29 0x00000000
core   0: 0x80003750 (0xf7310fa3) sb      s3, -129(sp)
core   0: 0 0x80003750 (0xf7310fa3) mem 0xb8e7afc7 0x0
core   0: 0x80003754 (0x00008e39) c.xor   a2, a4
core   0: 0 0x80003754 (0x8e39) x12 0x00000000
core   0: 0x80003756 (0xbc714603) lbu     a2, -1081(sp)
core   0: 0 0x80003756 (0xbc714603) x12 0x00000000 mem 0xb8e7ac0f
core   0: 0x8000375a (0x44410ea3) sb      tp, 1117(sp)
core   0: 0 0x8000375a (0x44410ea3) mem 0xb8e7b4a5 0x0
core   0: 0x8000375e (0x40415883) lhu     a7, 1028(sp)
core   0: 0 0x8000375e (0x40415883) x17 0x00007e64 mem 0xb8e7b44c
core   0: 0x80003762 (0x0003fb17) auipc   s6, 0x3f
core   0: 0 0x80003762 (0x0003fb17) x22 0x80042762
core   0: 0x80003766 (0x059b0b13) addi    s6, s6, 89
core   0: 0 0x80003766 (0x059b0b13) x22 0x800427bb
core   0: 0x8000376a (0x18bb4883) lbu     a7, 395(s6)
core   0: 0 0x8000376a (0x18bb4883) x17 0x00000000 mem 0x80042946
core   0: 0x8000376e (0x0eeb0003) lb      zero, 238(s6)
core   0: 0 0x8000376e (0x0eeb0003) mem 0x800428a9
core   0: 0x80003772 (0x032dddb3) divu    s11, s11, s2
core   0: 0 0x80003772 (0x032dddb3) x27 0xffffffff
core   0: 0x80003776 (0x0eeb4303) lbu     t1, 238(s6)
core   0: 0 0x80003776 (0x0eeb4303) x6  0x00000000 mem 0x800428a9
core   0: 0x8000377a (0x0efb0723) sb      a5, 238(s6)
core   0: 0 0x8000377a (0x0efb0723) mem 0x800428a9 0x0
core   0: 0x8000377e (0x3dbb0c23) sb      s11, 984(s6)
core   0: 0 0x8000377e (0x3dbb0c23) mem 0x80042b93 0xff
core   0: 0x80003782 (0x3d8b4d03) lbu     s10, 984(s6)
core   0: 0 0x80003782 (0x3d8b4d03) x26 0x000000ff mem 0x80042b93
core   0: 0x80003786 (0xfa0b0723) sb      zero, -82(s6)
core   0: 0 0x80003786 (0xfa0b0723) mem 0x80042769 0x0
core   0: 0x8000378a (0xfaeb0983) lb      s3, -82(s6)
core   0: 0 0x8000378a (0xfaeb0983) x19 0x00000000 mem 0x80042769
core   0: 0x8000378e (0xfaeb4803) lbu     a6, -82(s6)
core   0: 0 0x8000378e (0xfaeb4803) x16 0x00000000 mem 0x80042769
core   0: 0x80003792 (0x00000b96) c.slli  s7, 5
core   0: 0 0x80003792 (0x0b96) x23 0x00000000
core   0: 0x80003794 (0xfaeb4e03) lbu     t3, -82(s6)
core   0: 0 0x80003794 (0xfaeb4e03) x28 0x00000000 mem 0x80042769
core   0: 0x80003798 (0x7465f213) andi    tp, a1, 1862
core   0: 0 0x80003798 (0x7465f213) x4  0x00000404
core   0: 0x8000379c (0x022a8433) mul     s0, s5, sp
core   0: 0 0x8000379c (0x022a8433) x8  0x00000000
core   0: 0x800037a0 (0xfb2b0723) sb      s2, -82(s6)
core   0: 0 0x800037a0 (0xfb2b0723) mem 0x80042769 0x0
core   0: 0x800037a4 (0x00032c97) auipc   s9, 0x32
core   0: 0 0x800037a4 (0x00032c97) x25 0x800357a4
core   0: 0x800037a8 (0xd5fc8c93) addi    s9, s9, -673
core   0: 0 0x800037a8 (0xd5fc8c93) x25 0x80035503
core   0: 0x800037ac (0x0002f217) auipc   tp, 0x2f
core   0: 0 0x800037ac (0x0002f217) x4  0x800327ac
core   0: 0x800037b0 (0xa2420213) addi    tp, tp, -1500
core   0: 0 0x800037b0 (0xa2420213) x4  0x800321d0
core   0: 0x800037b4 (0xffac8783) lb      a5, -6(s9)
core   0: 0 0x800037b4 (0xffac8783) x15 0x00000000 mem 0x800354fd
core   0: 0x800037b8 (0xff1caa83) lw      s5, -15(s9)
core   0: 0 0x800037b8 (0xff1caa83) x21 0x00000000 mem 0x800354f4
core   0: 0x800037bc (0x0ae21403) lh      s0, 174(tp)
core   0: 0 0x800037bc (0x0ae21403) x8  0x00000000 mem 0x8003227e
core   0: 0x800037c0 (0xfe3c8ea3) sb      gp, -3(s9)
core   0: 0 0x800037c0 (0xfe3c8ea3) mem 0x80035500 0x0
core   0: 0x800037c4 (0x0d120b83) lb      s7, 209(tp)
core   0: 0 0x800037c4 (0x0d120b83) x23 0x00000000 mem 0x800322a1
core   0: 0x800037c8 (0x007c87a3) sb      t2, 15(s9)
core   0: 0 0x800037c8 (0x007c87a3) mem 0x80035512 0x63
core   0: 0x800037cc (0x06b24883) lbu     a7, 107(tp)
core   0: 0 0x800037cc (0x06b24883) x17 0x00000000 mem 0x8003223b
core   0: 0x800037d0 (0x07720fa3) sb      s7, 127(tp)
core   0: 0 0x800037d0 (0x07720fa3) mem 0x8003224f 0x0
core   0: 0x800037d4 (0xf9f20923) sb      t6, -110(tp)
core   0: 0 0x800037d4 (0xf9f20923) mem 0x80032162 0x0
core   0: 0x800037d8 (0x018c8623) sb      s8, 12(s9)
core   0: 0 0x800037d8 (0x018c8623) mem 0x8003550f 0x0
core   0: 0x800037dc (0xfae20283) lb      t0, -82(tp)
core   0: 0 0x800037dc (0xfae20283) x5  0x00000000 mem 0x8003217e
core   0: 0x800037e0 (0x01ec8623) sb      t5, 12(s9)
core   0: 0 0x800037e0 (0x01ec8623) mem 0x8003550f 0xe4
core   0: 0x800037e4 (0x0e824703) lbu     a4, 232(tp)
core   0: 0 0x800037e4 (0x0e824703) x14 0x00000000 mem 0x800322b8
core   0: 0x800037e8 (0x08124f83) lbu     t6, 129(tp)
core   0: 0 0x800037e8 (0x08124f83) x31 0x00000000 mem 0x80032251
core   0: 0x800037ec (0x00dc83a3) sb      a3, 7(s9)
core   0: 0 0x800037ec (0x00dc83a3) mem 0x8003550a 0x0
core   0: 0x800037f0 (0xf0e205a3) sb      a4, -245(tp)
core   0: 0 0x800037f0 (0xf0e205a3) mem 0x800320db 0x0
core   0: 0x800037f4 (0x0002fc17) auipc   s8, 0x2f
core   0: 0 0x800037f4 (0x0002fc17) x24 0x800327f4
core   0: 0x800037f8 (0xa4bc0c13) addi    s8, s8, -1461
core   0: 0 0x800037f8 (0xa4bc0c13) x24 0x8003223f
core   0: 0x800037fc (0x0003bb17) auipc   s6, 0x3b
core   0: 0 0x800037fc (0x0003bb17) x22 0x8003e7fc
core   0: 0x80003800 (0x541b0b13) addi    s6, s6, 1345
core   0: 0 0x80003800 (0x541b0b13) x22 0x8003ed3d
core   0: 0x80003804 (0x0afb16a3) sh      a5, 173(s6)
core   0: 0 0x80003804 (0x0afb16a3) mem 0x8003edea 0x0000
core   0: 0x80003808 (0xfffc5a03) lhu     s4, -1(s8)
core   0: 0 0x80003808 (0xfffc5a03) x20 0x00000000 mem 0x8003223e
core   0: 0x8000380c (0x022b0e03) lb      t3, 34(s6)
core   0: 0 0x8000380c (0x022b0e03) x28 0x00000000 mem 0x8003ed5f
core   0: 0x80003810 (0xffec0883) lb      a7, -2(s8)
core   0: 0 0x80003810 (0xffec0883) x17 0x00000000 mem 0x8003223d
core   0: 0x80003814 (0x018b0403) lb      s0, 24(s6)
core   0: 0 0x80003814 (0x018b0403) x8  0x00000000 mem 0x8003ed55
core   0: 0x80003818 (0x09ab0e23) sb      s10, 156(s6)
core   0: 0 0x80003818 (0x09ab0e23) mem 0x8003edd9 0xff
core   0: 0x8000381c (0x008b06a3) sb      s0, 13(s6)
core   0: 0 0x8000381c (0x008b06a3) mem 0x8003ed4a 0x0
core   0: 0x80003820 (0xfe3c0e23) sb      gp, -4(s8)
core   0: 0 0x80003820 (0xfe3c0e23) mem 0x8003223b 0x0
core   0: 0x80003824 (0xf64b2da3) sw      tp, -133(s6)
core   0: 0 0x80003824 (0xf64b2da3) mem 0x8003ecb8 0x800321d0
core   0: 0x80003828 (0x002c0983) lb      s3, 2(s8)
core   0: 0 0x80003828 (0x002c0983) x19 0x00000000 mem 0x80032241
core   0: 0x8000382c (0x008c16a3) sh      s0, 13(s8)
core   0: 0 0x8000382c (0x008c16a3) mem 0x8003224c 0x0000
core   0: 0x80003830 (0x0d1b0e23) sb      a7, 220(s6)
core   0: 0 0x80003830 (0x0d1b0e23) mem 0x8003ee19 0x0
core   0: 0x80003834 (0xfacb09a3) sb      a2, -77(s6)
core   0: 0 0x80003834 (0xfacb09a3) mem 0x8003ecf0 0x0
core   0: 0x80003838 (0xff1c4403) lbu     s0, -15(s8)
core   0: 0 0x80003838 (0xff1c4403) x8  0x00000000 mem 0x80032230
core   0: 0x8000383c (0x005c0023) sb      t0, 0(s8)
core   0: 0 0x8000383c (0x005c0023) mem 0x8003223f 0x0
core   0: 0x80003840 (0x00031117) auipc   sp, 0x31
core   0: 0 0x80003840 (0x00031117) x2  0x80034840
core   0: 0x80003844 (0x85710113) addi    sp, sp, -1961
core   0: 0 0x80003844 (0x85710113) x2  0x80034097
core   0: 0x80003848 (0x06c113a3) sh      a2, 103(sp)
core   0: 0 0x80003848 (0x06c113a3) mem 0x800340fe 0x0000
core   0: 0x8000384c (0x06710203) lb      tp, 103(sp)
core   0: 0 0x8000384c (0x06710203) x4  0x00000000 mem 0x800340fe
core   0: 0x80003850 (0x068103a3) sb      s0, 103(sp)
core   0: 0 0x80003850 (0x068103a3) mem 0x800340fe 0x0
core   0: 0x80003854 (0x079103a3) sb      s9, 103(sp)
core   0: 0 0x80003854 (0x079103a3) mem 0x800340fe 0x3
core   0: 0x80003858 (0x06715083) lhu     ra, 103(sp)
core   0: 0 0x80003858 (0x06715083) x1  0x00000003 mem 0x800340fe
core   0: 0x8000385c (0x06710283) lb      t0, 103(sp)
core   0: 0 0x8000385c (0x06710283) x5  0x00000003 mem 0x800340fe
core   0: 0x80003860 (0x06711303) lh      t1, 103(sp)
core   0: 0 0x80003860 (0x06711303) x6  0x00000003 mem 0x800340fe
core   0: 0x80003864 (0x97f10283) lb      t0, -1665(sp)
core   0: 0 0x80003864 (0x97f10283) x5  0x00000000 mem 0x80033a16
core   0: 0x80003868 (0x97110fa3) sb      a7, -1665(sp)
core   0: 0 0x80003868 (0x97110fa3) mem 0x80033a16 0x0
core   0: 0x8000386c (0x01dfc933) xor     s2, t6, t4
core   0: 0 0x8000386c (0x01dfc933) x18 0x00000000
core   0: 0x80003870 (0x97f15e03) lhu     t3, -1665(sp)
core   0: 0 0x80003870 (0x97f15e03) x28 0x00000000 mem 0x80033a16
core   0: 0x80003874 (0x97011fa3) sh      a6, -1665(sp)
core   0: 0 0x80003874 (0x97011fa3) mem 0x80033a16 0x0000
core   0: 0x80003878 (0x97f14403) lbu     s0, -1665(sp)
core   0: 0 0x80003878 (0x97f14403) x8  0x00000000 mem 0x80033a16
core   0: 0x8000387c (0x00035097) auipc   ra, 0x35
core   0: 0 0x8000387c (0x00035097) x1  0x8003887c
core   0: 0x80003880 (0x2b508093) addi    ra, ra, 693
core   0: 0 0x80003880 (0x2b508093) x1  0x80038b31
core   0: 0x80003884 (0x00000001) c.nop
core   0: 0 0x80003884 (0x0001)
core   0: 0x80003886 (0x4880cf83) lbu     t6, 1160(ra)
core   0: 0 0x80003886 (0x4880cf83) x31 0x00000000 mem 0x80038fb9
core   0: 0x8000388a (0x00008d7d) c.and   a0, a5
core   0: 0 0x8000388a (0x8d7d) x10 0x00000000
core   0: 0x8000388c (0xac50a5a3) sw      t0, -1333(ra)
core   0: 0 0x8000388c (0xac50a5a3) mem 0x800385fc 0x00000000
core   0: 0x80003890 (0x00008e89) c.sub   a3, a0
core   0: 0 0x80003890 (0x8e89) x13 0x00000000
core   0: 0x80003892 (0xad808123) sb      s8, -1342(ra)
core   0: 0 0x80003892 (0xad808123) mem 0x800385f3 0x3f
core   0: 0x80003896 (0x002c1793) slli    a5, s8, 2
core   0: 0 0x80003896 (0x002c1793) x15 0x000c88fc
core   0: 0x8000389a (0x0000870d) c.srai  a4, 3
core   0: 0 0x8000389a (0x870d) x14 0x00000000
core   0: 0x8000389c (0x23b0a603) lw      a2, 571(ra)
core   0: 0 0x8000389c (0x23b0a603) x12 0x00000000 mem 0x80038d6c
core   0: 0x800038a0 (0x00008699) c.srai  a3, 6
core   0: 0 0x800038a0 (0x8699) x13 0x00000000
core   0: 0x800038a2 (0x56808503) lb      a0, 1384(ra)
core   0: 0 0x800038a2 (0x56808503) x10 0x00000000 mem 0x80039099
core   0: 0x800038a6 (0xd6e0a1a3) sw      a4, -669(ra)
core   0: 0 0x800038a6 (0xd6e0a1a3) mem 0x80038894 0x00000000
core   0: 0x800038aa (0xa7b1e117) auipc   sp, 0xa7b1e
core   0: 0 0x800038aa (0xa7b1e117) x2  0x27b218aa
core   0: 0x800038ae (0x004e0cb3) add     s9, t3, tp
core   0: 0 0x800038ae (0x004e0cb3) x25 0x00000000
core   0: 0x800038b2 (0x86b0dd83) lhu     s11, -1941(ra)
core   0: 0 0x800038b2 (0x86b0dd83) x27 0x00000000 mem 0x8003839c
core   0: 0x800038b6 (0x0134f1b3) and     gp, s1, s3
core   0: 0 0x800038b6 (0x0134f1b3) x3  0x00000000
core   0: 0x800038ba (0xf010cb03) lbu     s6, -255(ra)
core   0: 0 0x800038ba (0xf010cb03) x22 0x00000000 mem 0x80038a32
core   0: 0x800038be (0xed60afa3) sw      s6, -289(ra)
core   0: 0 0x800038be (0xed60afa3) mem 0x80038a10 0x00000000
core   0: 0x800038c2 (0xf29c2813) slti    a6, s8, -215
core   0: 0 0x800038c2 (0xf29c2813) x16 0x00000001
core   0: 0x800038c6 (0x20a08623) sb      a0, 524(ra)
core   0: 0 0x800038c6 (0x20a08623) mem 0x80038d3d 0x0
core   0: 0x800038ca (0xb750d203) lhu     tp, -1163(ra)
core   0: 0 0x800038ca (0xb750d203) x4  0x00000000 mem 0x800386a6
core   0: 0x800038ce (0xadf082a3) sb      t6, -1339(ra)
core   0: 0 0x800038ce (0xadf082a3) mem 0x800385f6 0x0
core   0: 0x800038d2 (0x00008371) c.srli  a4, 28
core   0: 0 0x800038d2 (0x8371) x14 0x00000000
core   0: 0x800038d4 (0x4066d033) sra     zero, a3, t1
core   0: 0 0x800038d4 (0x4066d033)
core   0: 0x800038d8 (0x84208023) sb      sp, -1984(ra)
core   0: 0 0x800038d8 (0x84208023) mem 0x80038371 0xaa
core   0: 0x800038dc (0xbdc0c283) lbu     t0, -1060(ra)
core   0: 0 0x800038dc (0xbdc0c283) x5  0x00000000 mem 0x8003870d
core   0: 0x800038e0 (0x33ca3fb7) lui     t6, 0x33ca3
core   0: 0 0x800038e0 (0x33ca3fb7) x31 0x33ca3000
core   0: 0x800038e4 (0x00008745) c.srai  a4, 17
core   0: 0 0x800038e4 (0x8745) x14 0x00000000
core   0: 0x800038e6 (0xdbe0aba3) sw      t5, -585(ra)
core   0: 0 0x800038e6 (0xdbe0aba3) mem 0x800388e8 0x8004bce4
core   0: 0x800038ea (0x566097a3) sh      t1, 1391(ra)
core   0: 0 0x800038ea (0x566097a3) mem 0x800390a0 0x0003
core   0: 0x800038ee (0x0002f117) auipc   sp, 0x2f
core   0: 0 0x800038ee (0x0002f117) x2  0x800328ee
core   0: 0x800038f2 (0xa9010113) addi    sp, sp, -1392
core   0: 0 0x800038f2 (0xa9010113) x2  0x8003237e
core   0: 0x800038f6 (0xde014d03) lbu     s10, -544(sp)
core   0: 0 0x800038f6 (0xde014d03) x26 0x00000000 mem 0x8003215e
core   0: 0x800038fa (0x0000039d) c.addi  t2, 7
core   0: 0 0x800038fa (0x039d) x7  0x80047e6a
core   0: 0x800038fc (0x13411003) lh      zero, 308(sp)
core   0: 0 0x800038fc (0x13411003) mem 0x800324b2
core   0: 0x80003900 (0x65114883) lbu     a7, 1617(sp)
core   0: 0 0x80003900 (0x65114883) x17 0x00000000 mem 0x800329cf
core   0: 0x80003904 (0x6e7109a3) sb      t2, 1779(sp)
core   0: 0 0x80003904 (0x6e7109a3) mem 0x80032a71 0x6a
core   0: 0x80003908 (0x00000001) c.nop
core   0: 0 0x80003908 (0x0001)
core   0: 0x8000390a (0x4de15a83) lhu     s5, 1246(sp)
core   0: 0 0x8000390a (0x4de15a83) x21 0x00000000 mem 0x8003285c
core   0: 0x8000390e (0x0167f7b3) and     a5, a5, s6
core   0: 0 0x8000390e (0x0167f7b3) x15 0x00000000
core   0: 0x80003912 (0x00008145) c.srli  a0, 17
core   0: 0 0x80003912 (0x8145) x10 0x00000000
core   0: 0x80003914 (0x05f11623) sh      t6, 76(sp)
core   0: 0 0x80003914 (0x05f11623) mem 0x800323ca 0x3000
core   0: 0x80003918 (0x5c7106a3) sb      t2, 1485(sp)
core   0: 0 0x80003918 (0x5c7106a3) mem 0x8003294b 0x6a
core   0: 0x8000391c (0x5cd14b83) lbu     s7, 1485(sp)
core   0: 0 0x8000391c (0x5cd14b83) x23 0x0000006a mem 0x8003294b
core   0: 0x80003920 (0x12f10c83) lb      s9, 303(sp)
core   0: 0 0x80003920 (0x12f10c83) x25 0x00000000 mem 0x800324ad
core   0: 0x80003924 (0x013168b3) or      a7, sp, s3
core   0: 0 0x80003924 (0x013168b3) x17 0x8003237e
core   0: 0x80003928 (0x139107a3) sb      s9, 303(sp)
core   0: 0 0x80003928 (0x139107a3) mem 0x800324ad 0x0
core   0: 0x8000392c (0x00008825) c.andi  s0, 9
core   0: 0 0x8000392c (0x8825) x8  0x00000000
core   0: 0x8000392e (0x125107a3) sb      t0, 303(sp)
core   0: 0 0x8000392e (0x125107a3) mem 0x800324ad 0x0
core   0: 0x80003932 (0x57b10e03) lb      t3, 1403(sp)
core   0: 0 0x80003932 (0x57b10e03) x28 0x00000000 mem 0x800328f9
core   0: 0x80003936 (0x010103a3) sb      a6, 7(sp)
core   0: 0 0x80003936 (0x010103a3) mem 0x80032385 0x1
core   0: 0x8000393a (0xfed10903) lb      s2, -19(sp)
core   0: 0 0x8000393a (0xfed10903) x18 0x00000000 mem 0x8003236b
core   0: 0x8000393e (0x00006b35) c.lui   s6, 0xd
core   0: 0 0x8000393e (0x6b35) x22 0x0000d000
core   0: 0x80003940 (0x7fc15b83) lhu     s7, 2044(sp)
core   0: 0 0x80003940 (0x7fc15b83) x23 0x00000000 mem 0x80032b7a
core   0: 0x80003944 (0x00910d83) lb      s11, 9(sp)
core   0: 0 0x80003944 (0x00910d83) x27 0x00000000 mem 0x80032387
core   0: 0x80003948 (0x0002ee17) auipc   t3, 0x2e
core   0: 0 0x80003948 (0x0002ee17) x28 0x80031948
core   0: 0x8000394c (0x700e0e13) addi    t3, t3, 1792
core   0: 0 0x8000394c (0x700e0e13) x28 0x80032048
core   0: 0x80003950 (0x6f8d2fb7) lui     t6, 0x6f8d2
core   0: 0 0x80003950 (0x6f8d2fb7) x31 0x6f8d2000
core   0: 0x80003954 (0x00009e7e) c.add   t3, t6
core   0: 0 0x80003954 (0x9e7e) x28 0xef904048
core   0: 0x80003956 (0xf40e1f23) sh      zero, -162(t3)
core   0: 0 0x80003956 (0xf40e1f23) mem 0xef903fa6 0x0000
core   0: 0x8000395a (0x8e1e1723) sh      ra, -1810(t3)
core   0: 0 0x8000395a (0x8e1e1723) mem 0xef903936 0x8b31
core   0: 0x8000395e (0x305e2023) sw      t0, 768(t3)
core   0: 0 0x8000395e (0x305e2023) mem 0xef904348 0x00000000
core   0: 0x80003962 (0x866e1f23) sh      t1, -1922(t3)
core   0: 0 0x80003962 (0x866e1f23) mem 0xef9038c6 0x0003
core   0: 0x80003966 (0x7369f213) andi    tp, s3, 1846
core   0: 0 0x80003966 (0x7369f213) x4  0x00000000
core   0: 0x8000396a (0xf5ee5803) lhu     a6, -162(t3)
core   0: 0 0x8000396a (0xf5ee5803) x16 0x00000000 mem 0xef903fa6
core   0: 0x8000396e (0x8eee1303) lh      t1, -1810(t3)
core   0: 0 0x8000396e (0x8eee1303) x6  0xffff8b31 mem 0xef903936
core   0: 0x80003972 (0x7e7e2e23) sw      t2, 2044(t3)
core   0: 0 0x80003972 (0x7e7e2e23) mem 0xef904844 0x80047e6a
core   0: 0x80003976 (0x878e0223) sb      s8, -1948(t3)
core   0: 0 0x80003976 (0x878e0223) mem 0xef9038ac 0x3f
core   0: 0x8000397a (0xb9550893) addi    a7, a0, -1131
core   0: 0 0x8000397a (0xb9550893) x17 0xfffffb95
core   0: 0x8000397e (0xef8e04a3) sb      s8, -279(t3)
core   0: 0 0x8000397e (0xef8e04a3) mem 0xef903f31 0x3f
core   0: 0x80003982 (0x03ec0c33) mul     s8, s8, t5
core   0: 0 0x80003982 (0x03ec0c33) x24 0x58ecc41c
core   0: 0x80003986 (0x01c53ab3) sltu    s5, a0, t3
core   0: 0 0x80003986 (0x01c53ab3) x21 0x00000001
core   0: 0x8000398a (0x000059fd) c.li    s3, -1
core   0: 0 0x8000398a (0x59fd) x19 0xffffffff
core   0: 0x8000398c (0x01b38bb3) add     s7, t2, s11
core   0: 0 0x8000398c (0x01b38bb3) x23 0x80047e6a
core   0: 0x80003990 (0x300e2203) lw      tp, 768(t3)
core   0: 0 0x80003990 (0x300e2203) x4  0x00000000 mem 0xef904348
core   0: 0x80003994 (0x87ee1303) lh      t1, -1922(t3)
core   0: 0 0x80003994 (0x87ee1303) x6  0x00000003 mem 0xef9038c6
core   0: 0x80003998 (0x0002fe17) auipc   t3, 0x2f
core   0: 0 0x80003998 (0x0002fe17) x28 0x80032998
core   0: 0x8000399c (0xba0e0e13) addi    t3, t3, -1120
core   0: 0 0x8000399c (0xba0e0e13) x28 0x80032538
core   0: 0x800039a0 (0xf73e09a3) sb      s3, -141(t3)
core   0: 0 0x800039a0 (0xf73e09a3) mem 0x800324ab 0xff
core   0: 0x800039a4 (0xf73e4d03) lbu     s10, -141(t3)
core   0: 0 0x800039a4 (0xf73e4d03) x26 0x000000ff mem 0x800324ab
core   0: 0x800039a8 (0xf86fba13) sltiu   s4, t6, -122
core   0: 0 0x800039a8 (0xf86fba13) x20 0x00000001
core   0: 0x800039ac (0xf61e09a3) sb      ra, -141(t3)
core   0: 0 0x800039ac (0xf61e09a3) mem 0x800324ab 0x31
core   0: 0x800039b0 (0xf73e0d03) lb      s10, -141(t3)
core   0: 0 0x800039b0 (0xf73e0d03) x26 0x00000031 mem 0x800324ab
core   0: 0x800039b4 (0xf65e4b83) lbu     s7, -155(t3)
core   0: 0 0x800039b4 (0xf65e4b83) x23 0x00000000 mem 0x8003249d
core   0: 0x800039b8 (0xf65e0c03) lb      s8, -155(t3)
core   0: 0 0x800039b8 (0xf65e0c03) x24 0x00000000 mem 0x8003249d
core   0: 0x800039bc (0xf01e4f83) lbu     t6, -255(t3)
core   0: 0 0x800039bc (0xf01e4f83) x31 0x00000000 mem 0x80032439
core   0: 0x800039c0 (0xf01e4d83) lbu     s11, -255(t3)
core   0: 0 0x800039c0 (0xf01e4d83) x27 0x00000000 mem 0x80032439
core   0: 0x800039c4 (0x017e4103) lbu     sp, 23(t3)
core   0: 0 0x800039c4 (0x017e4103) x2  0x00000000 mem 0x8003254f
core   0: 0x800039c8 (0x001e0ba3) sb      ra, 23(t3)
core   0: 0 0x800039c8 (0x001e0ba3) mem 0x8003254f 0x31
core   0: 0x800039cc (0x0002f117) auipc   sp, 0x2f
core   0: 0 0x800039cc (0x0002f117) x2  0x800329cc
core   0: 0x800039d0 (0x67c10113) addi    sp, sp, 1660
core   0: 0 0x800039d0 (0x67c10113) x2  0x80033048
core   0: 0x800039d4 (0x3ff1bfb7) lui     t6, 0x3ff1b
core   0: 0 0x800039d4 (0x3ff1bfb7) x31 0x3ff1b000
core   0: 0x800039d8 (0x0000917e) c.add   sp, t6
core   0: 0 0x800039d8 (0x917e) x2  0xbff4e048
core   0: 0x800039da (0x420104a3) sb      zero, 1065(sp)
core   0: 0 0x800039da (0x420104a3) mem 0xbff4e471 0x0
core   0: 0x800039de (0x822107a3) sb      sp, -2001(sp)
core   0: 0 0x800039de (0x822107a3) mem 0xbff4d877 0x48
core   0: 0x800039e2 (0x9a410123) sb      tp, -1630(sp)
core   0: 0 0x800039e2 (0x9a410123) mem 0xbff4d9ea 0x0
core   0: 0x800039e6 (0x5a511e23) sh      t0, 1468(sp)
core   0: 0 0x800039e6 (0x5a511e23) mem 0xbff4e604 0x0000
core   0: 0x800039ea (0xdf136c93) ori     s9, t1, -527
core   0: 0 0x800039ea (0xdf136c93) x25 0xfffffdf3
core   0: 0x800039ee (0x42914d83) lbu     s11, 1065(sp)
core   0: 0 0x800039ee (0x42914d83) x27 0x00000000 mem 0xbff4e471
core   0: 0x800039f2 (0x01f49433) sll     s0, s1, t6
core   0: 0 0x800039f2 (0x01f49433) x8  0x80047e64
core   0: 0x800039f6 (0x40eed193) srai    gp, t4, 14
core   0: 0 0x800039f6 (0x40eed193) x3  0x00000000
core   0: 0x800039fa (0xbbd11423) sh      t4, -1112(sp)
core   0: 0 0x800039fa (0xbbd11423) mem 0xbff4dbf0 0x0000
core   0: 0x800039fe (0x82f14e83) lbu     t4, -2001(sp)
core   0: 0 0x800039fe (0x82f14e83) x29 0x00000048 mem 0xbff4d877
core   0: 0x80003a02 (0x00008f15) c.sub   a4, a3
core   0: 0 0x80003a02 (0x8f15) x14 0x00000000
core   0: 0x80003a04 (0x00009bba) c.add   s7, a4
core   0: 0 0x80003a04 (0x9bba) x23 0x00000000
core   0: 0x80003a06 (0x0036a833) slt     a6, a3, gp
core   0: 0 0x80003a06 (0x0036a833) x16 0x00000000
core   0: 0x80003a0a (0x23993993) sltiu   s3, s2, 569
core   0: 0 0x80003a0a (0x23993993) x19 0x00000001
core   0: 0x80003a0e (0x00482db3) slt     s11, a6, tp
core   0: 0 0x80003a0e (0x00482db3) x27 0x00000000
core   0: 0x80003a12 (0xc9811d23) sh      s8, -870(sp)
core   0: 0 0x80003a12 (0xc9811d23) mem 0xbff4dce2 0x0000
core   0: 0x80003a16 (0x00008fa1) c.xor   a5, s0
core   0: 0 0x80003a16 (0x8fa1) x15 0x80047e64
core   0: 0x80003a18 (0x9a214e83) lbu     t4, -1630(sp)
core   0: 0 0x80003a18 (0x9a214e83) x29 0x00000000 mem 0xbff4d9ea
core   0: 0x80003a1c (0x5bc11503) lh      a0, 1468(sp)
core   0: 0 0x80003a1c (0x5bc11503) x10 0x00000000 mem 0xbff4e604
core   0: 0x80003a20 (0x0002f117) auipc   sp, 0x2f
core   0: 0 0x80003a20 (0x0002f117) x2  0x80032a20
core   0: 0x80003a24 (0x83110113) addi    sp, sp, -1999
core   0: 0 0x80003a24 (0x83110113) x2  0x80032251
core   0: 0x80003a28 (0xf3d114a3) sh      t4, -215(sp)
core   0: 0 0x80003a28 (0xf3d114a3) mem 0x8003217a 0x0000
core   0: 0x80003a2c (0xf23114a3) sh      gp, -215(sp)
core   0: 0 0x80003a2c (0xf23114a3) mem 0x8003217a 0x0000
core   0: 0x80003a30 (0x5f712da3) sw      s7, 1531(sp)
core   0: 0 0x80003a30 (0x5f712da3) mem 0x8003284c 0x00000000
core   0: 0x80003a34 (0x5fb12883) lw      a7, 1531(sp)
core   0: 0 0x80003a34 (0x5fb12883) x17 0x00000000 mem 0x8003284c
core   0: 0x80003a38 (0x5eb12da3) sw      a1, 1531(sp)
core   0: 0 0x80003a38 (0x5eb12da3) mem 0x8003284c 0x894eacb4
core   0: 0x80003a3c (0x5f112da3) sw      a7, 1531(sp)
core   0: 0 0x80003a3c (0x5f112da3) mem 0x8003284c 0x00000000
core   0: 0x80003a40 (0x00b90fb3) add     t6, s2, a1
core   0: 0 0x80003a40 (0x00b90fb3) x31 0x894eacb4
core   0: 0x80003a44 (0x5fb12e83) lw      t4, 1531(sp)
core   0: 0 0x80003a44 (0x5fb12e83) x29 0x00000000 mem 0x8003284c
core   0: 0x80003a48 (0x5fb15a03) lhu     s4, 1531(sp)
core   0: 0 0x80003a48 (0x5fb15a03) x20 0x00000000 mem 0x8003284c
core   0: 0x80003a4c (0x5fb11683) lh      a3, 1531(sp)
core   0: 0 0x80003a4c (0x5fb11683) x13 0x00000000 mem 0x8003284c
core   0: 0x80003a50 (0x5fb15c03) lhu     s8, 1531(sp)
core   0: 0 0x80003a50 (0x5fb15c03) x24 0x00000000 mem 0x8003284c
core   0: 0x80003a54 (0x00008e0d) c.sub   a2, a1
core   0: 0 0x80003a54 (0x8e0d) x12 0x76b1534c
core   0: 0x80003a56 (0x02b15003) lhu     zero, 43(sp)
core   0: 0 0x80003a56 (0x02b15003) mem 0x8003227c
core   0: 0x80003a5a (0x02b12883) lw      a7, 43(sp)
core   0: 0 0x80003a5a (0x02b12883) x17 0x00000000 mem 0x8003227c
core   0: 0x80003a5e (0xef511e03) lh      t3, -267(sp)
core   0: 0 0x80003a5e (0xef511e03) x28 0x00000000 mem 0x80032146
core   0: 0x80003a62 (0x02f611b3) mulh    gp, a2, a5
core   0: 0 0x80003a62 (0x02f611b3) x3  0xc4a96bb8
core   0: 0x80003a66 (0xef510283) lb      t0, -267(sp)
core   0: 0 0x80003a66 (0xef510283) x5  0x00000000 mem 0x80032146
core   0: 0x80003a6a (0x0de11ea3) sh      t5, 221(sp)
core   0: 0 0x80003a6a (0x0de11ea3) mem 0x8003232e 0xbce4
core   0: 0x80003a6e (0x02535d33) divu    s10, t1, t0
core   0: 0 0x80003a6e (0x02535d33) x26 0xffffffff
core   0: 0x80003a72 (0x0c410ea3) sb      tp, 221(sp)
core   0: 0 0x80003a72 (0x0c410ea3) mem 0x8003232e 0x0
core   0: 0x80003a76 (0x0002f817) auipc   a6, 0x2f
core   0: 0 0x80003a76 (0x0002f817) x16 0x80032a76
core   0: 0x80003a7a (0x5d280813) addi    a6, a6, 1490
core   0: 0 0x80003a7a (0x5d280813) x16 0x80033048
core   0: 0x80003a7e (0x00f69e37) lui     t3, 0xf69
core   0: 0 0x80003a7e (0x00f69e37) x28 0x00f69000
core   0: 0x80003a82 (0x00009872) c.add   a6, t3
core   0: 0 0x80003a82 (0x9872) x16 0x80f9c048
core   0: 0x80003a84 (0xb40803a3) sb      zero, -1209(a6)
core   0: 0 0x80003a84 (0xb40803a3) mem 0x80f9bb8f 0x0
core   0: 0x80003a88 (0x18181723) sh      ra, 398(a6)
core   0: 0 0x80003a88 (0x18181723) mem 0x80f9c1d6 0x8b31
core   0: 0x80003a8c (0x1e281823) sh      sp, 496(a6)
core   0: 0 0x80003a8c (0x1e281823) mem 0x80f9c238 0x2251
core   0: 0x80003a90 (0x08380f23) sb      gp, 158(a6)
core   0: 0 0x80003a90 (0x08380f23) mem 0x80f9c0e6 0xb8
core   0: 0x80003a94 (0xf84801a3) sb      tp, -125(a6)
core   0: 0 0x80003a94 (0xf84801a3) mem 0x80f9bfcb 0x0
core   0: 0x80003a98 (0x74580ba3) sb      t0, 1879(a6)
core   0: 0 0x80003a98 (0x74580ba3) mem 0x80f9c79f 0x0
core   0: 0x80003a9c (0x28681a23) sh      t1, 660(a6)
core   0: 0 0x80003a9c (0x28681a23) mem 0x80f9c2dc 0x0003
core   0: 0x80003aa0 (0x7c7800a3) sb      t2, 1985(a6)
core   0: 0 0x80003aa0 (0x7c7800a3) mem 0x80f9c809 0x6a
core   0: 0x80003aa4 (0x00009b7d) c.andi  a4, -1
core   0: 0 0x80003aa4 (0x9b7d) x14 0x00000000
core   0: 0x80003aa6 (0x011571b3) and     gp, a0, a7
core   0: 0 0x80003aa6 (0x011571b3) x3  0x00000000
core   0: 0x80003aaa (0xb4784503) lbu     a0, -1209(a6)
core   0: 0 0x80003aaa (0xb4784503) x10 0x00000000 mem 0x80f9bb8f
core   0: 0x80003aae (0x18e81983) lh      s3, 398(a6)
core   0: 0 0x80003aae (0x18e81983) x19 0xffff8b31 mem 0x80f9c1d6
core   0: 0x80003ab2 (0x1f085983) lhu     s3, 496(a6)
core   0: 0 0x80003ab2 (0x1f085983) x19 0x00002251 mem 0x80f9c238
core   0: 0x80003ab6 (0x09e84e03) lbu     t3, 158(a6)
core   0: 0 0x80003ab6 (0x09e84e03) x28 0x000000b8 mem 0x80f9c0e6
core   0: 0x80003aba (0x00008e9d) c.sub   a3, a5
core   0: 0 0x80003aba (0x8e9d) x13 0x7ffb819c
core   0: 0x80003abc (0xf8384983) lbu     s3, -125(a6)
core   0: 0 0x80003abc (0xf8384983) x19 0x00000000 mem 0x80f9bfcb
core   0: 0x80003ac0 (0x0000877d) c.srai  a4, 31
core   0: 0 0x80003ac0 (0x877d) x14 0x00000000
core   0: 0x80003ac2 (0x03c573b3) remu    t2, a0, t3
core   0: 0 0x80003ac2 (0x03c573b3) x7  0x00000000
core   0: 0x80003ac6 (0x000000ce) c.slli  ra, 19
core   0: 0 0x80003ac6 (0x00ce) x1  0x59880000
core   0: 0x80003ac8 (0x75784003) lbu     zero, 1879(a6)
core   0: 0 0x80003ac8 (0x75784003) mem 0x80f9c79f
core   0: 0x80003acc (0x29481183) lh      gp, 660(a6)
core   0: 0 0x80003acc (0x29481183) x3  0x00000003 mem 0x80f9c2dc
core   0: 0x80003ad0 (0x7c184983) lbu     s3, 1985(a6)
core   0: 0 0x80003ad0 (0x7c184983) x19 0x0000006a mem 0x80f9c809
core   0: 0x80003ad4 (0x0002ff97) auipc   t6, 0x2f
core   0: 0 0x80003ad4 (0x0002ff97) x31 0x80032ad4
core   0: 0x80003ad8 (0x334f8f93) addi    t6, t6, 820
core   0: 0 0x80003ad8 (0x334f8f93) x31 0x80032e08
core   0: 0x80003adc (0x03af8d03) lb      s10, 58(t6)
core   0: 0 0x80003adc (0x03af8d03) x26 0x00000000 mem 0x80032e42
core   0: 0x80003ae0 (0x03af9c83) lh      s9, 58(t6)
core   0: 0 0x80003ae0 (0x03af9c83) x25 0x00000000 mem 0x80032e42
core   0: 0x80003ae4 (0x01fbca33) xor     s4, s7, t6
core   0: 0 0x80003ae4 (0x01fbca33) x20 0x80032e08
core   0: 0x80003ae8 (0x036f9d23) sh      s6, 58(t6)
core   0: 0 0x80003ae8 (0x036f9d23) mem 0x80032e42 0xd000
core   0: 0x80003aec (0x03cfce03) lbu     t3, 60(t6)
core   0: 0 0x80003aec (0x03cfce03) x28 0x00000000 mem 0x80032e44
core   0: 0x80003af0 (0x5ef50013) addi    zero, a0, 1519
core   0: 0 0x80003af0 (0x5ef50013)
core   0: 0x80003af4 (0x02ef9e23) sh      a4, 60(t6)
core   0: 0 0x80003af4 (0x02ef9e23) mem 0x80032e44 0x0000
core   0: 0x80003af8 (0x00008665) c.srai  a2, 25
core   0: 0 0x80003af8 (0x8665) x12 0x0000003b
core   0: 0x80003afa (0xfc0fd203) lhu     tp, -64(t6)
core   0: 0 0x80003afa (0xfc0fd203) x4  0x00000000 mem 0x80032dc8
core   0: 0x80003afe (0x049fa023) sw      s1, 64(t6)
core   0: 0 0x80003afe (0x049fa023) mem 0x80032e48 0x80047e64
core   0: 0x80003b02 (0x0ff0000f) fence   iorw,iorw
core   0: 0 0x80003b02 (0x0ff0000f)
core   0: 0x80003b06 (0x039f8883) lb      a7, 57(t6)
core   0: 0 0x80003b06 (0x039f8883) x17 0x00000000 mem 0x80032e41
core   0: 0x80003b0a (0x027f8ca3) sb      t2, 57(t6)
core   0: 0 0x80003b0a (0x027f8ca3) mem 0x80032e41 0x0
core   0: 0x80003b0e (0x039f8503) lb      a0, 57(t6)
core   0: 0 0x80003b0e (0x039f8503) x10 0x00000000 mem 0x80032e41
core   0: 0x80003b12 (0x03af8e03) lb      t3, 58(t6)
core   0: 0 0x80003b12 (0x03af8e03) x28 0x00000000 mem 0x80032e42
core   0: 0x80003b16 (0x03afc383) lbu     t2, 58(t6)
core   0: 0 0x80003b16 (0x03afc383) x7  0x00000000 mem 0x80032e42
core   0: 0x80003b1a (0x03af9983) lh      s3, 58(t6)
core   0: 0 0x80003b1a (0x03af9983) x19 0xffffd000 mem 0x80032e42
core   0: 0x80003b1e (0xfcdfcc03) lbu     s8, -51(t6)
core   0: 0 0x80003b1e (0xfcdfcc03) x24 0x00000000 mem 0x80032dd5
core   0: 0x80003b22 (0x00035117) auipc   sp, 0x35
core   0: 0 0x80003b22 (0x00035117) x2  0x80038b22
core   0: 0x80003b26 (0xe8110113) addi    sp, sp, -383
core   0: 0 0x80003b26 (0xe8110113) x2  0x800389a3
core   0: 0x80003b2a (0x02610783) lb      a5, 38(sp)
core   0: 0 0x80003b2a (0x02610783) x15 0x00000000 mem 0x800389c9
core   0: 0x80003b2e (0xfdb15d83) lhu     s11, -37(sp)
core   0: 0 0x80003b2e (0xfdb15d83) x27 0x00000000 mem 0x8003897e
core   0: 0x80003b32 (0x6109f893) andi    a7, s3, 1552
core   0: 0 0x80003b32 (0x6109f893) x17 0x00000000
core   0: 0x80003b36 (0x03e92433) mulhsu  s0, s2, t5
core   0: 0 0x80003b36 (0x03e92433) x8  0x00000000
core   0: 0x80003b3a (0x00f107a3) sb      a5, 15(sp)
core   0: 0 0x80003b3a (0x00f107a3) mem 0x800389b2 0x0
core   0: 0x80003b3e (0x01d15183) lhu     gp, 29(sp)
core   0: 0 0x80003b3e (0x01d15183) x3  0x00000000 mem 0x800389c0
core   0: 0x80003b42 (0x00008c4d) c.or    s0, a1
core   0: 0 0x80003b42 (0x8c4d) x8  0x894eacb4
core   0: 0x80003b44 (0xfe014203) lbu     tp, -32(sp)
core   0: 0 0x80003b44 (0xfe014203) x4  0x00000000 mem 0x80038983
core   0: 0x80003b48 (0x000092ba) c.add   t0, a4
core   0: 0 0x80003b48 (0x92ba) x5  0x00000000
core   0: 0x80003b4a (0xff010c83) lb      s9, -16(sp)
core   0: 0 0x80003b4a (0xff010c83) x25 0x00000000 mem 0x80038993
core   0: 0x80003b4e (0xffa109a3) sb      s10, -13(sp)
core   0: 0 0x80003b4e (0xffa109a3) mem 0x80038996 0x0
core   0: 0x80003b52 (0x03315a03) lhu     s4, 51(sp)
core   0: 0 0x80003b52 (0x03315a03) x20 0x00000000 mem 0x800389d6
core   0: 0x80003b56 (0xfe715983) lhu     s3, -25(sp)
core   0: 0 0x80003b56 (0xfe715983) x19 0x00000000 mem 0x8003898a
core   0: 0x80003b5a (0x02315d03) lhu     s10, 35(sp)
core   0: 0 0x80003b5a (0x02315d03) x26 0x00000000 mem 0x800389c6
core   0: 0x80003b5e (0xdf8b3db7) lui     s11, 0xdf8b3
core   0: 0 0x80003b5e (0xdf8b3db7) x27 0xdf8b3000
core   0: 0x80003b62 (0x00810203) lb      tp, 8(sp)
core   0: 0 0x80003b62 (0x00810203) x4  0x00000000 mem 0x800389ab
core   0: 0x80003b66 (0x02de4e33) div     t3, t3, a3
core   0: 0 0x80003b66 (0x02de4e33) x28 0x00000000
core   0: 0x80003b6a (0x03c4fcb3) remu    s9, s1, t3
core   0: 0 0x80003b6a (0x03c4fcb3) x25 0x80047e64
core   0: 0x80003b6e (0x02914083) lbu     ra, 41(sp)
core   0: 0 0x80003b6e (0x02914083) x1  0x00000000 mem 0x800389cc
core   0: 0x80003b72 (0x00008eba) c.mv    t4, a4
core   0: 0 0x80003b72 (0x8eba) x29 0x00000000
core   0: 0x80003b74 (0xd8f63c93) sltiu   s9, a2, -625
core   0: 0 0x80003b74 (0xd8f63c93) x25 0x00000001
core   0: 0x80003b78 (0x01414a03) lbu     s4, 20(sp)
core   0: 0 0x80003b78 (0x01414a03) x20 0x00000000 mem 0x800389b7
core   0: 0x80003b7c (0x039b6033) rem     zero, s6, s9
core   0: 0 0x80003b7c (0x039b6033)
core   0: 0x80003b80 (0x17b60813) addi    a6, a2, 379
core   0: 0 0x80003b80 (0x17b60813) x16 0x000001b6
core   0: 0x80003b84 (0xff915b03) lhu     s6, -7(sp)
core   0: 0 0x80003b84 (0xff915b03) x22 0x00000000 mem 0x8003899c
core   0: 0x80003b88 (0x000d5c93) srli    s9, s10, 0
core   0: 0 0x80003b88 (0x000d5c93) x25 0x00000000
core   0: 0x80003b8c (0x03f14883) lbu     a7, 63(sp)
core   0: 0 0x80003b8c (0x03f14883) x17 0x00000000 mem 0x800389e2
core   0: 0x80003b90 (0x03c14503) lbu     a0, 60(sp)
core   0: 0 0x80003b90 (0x03c14503) x10 0x00000000 mem 0x800389df
core   0: 0x80003b94 (0x0000662d) c.lui   a2, 0xb
core   0: 0 0x80003b94 (0x662d) x12 0x0000b000
core   0: 0x80003b96 (0x62ce3997) auipc   s3, 0x62ce3
core   0: 0 0x80003b96 (0x62ce3997) x19 0xe2ce6b96
core   0: 0x80003b9a (0xffc10c03) lb      s8, -4(sp)
core   0: 0 0x80003b9a (0xffc10c03) x24 0x00000000 mem 0x8003899f
core   0: 0x80003b9e (0x0002e217) auipc   tp, 0x2e
core   0: 0 0x80003b9e (0x0002e217) x4  0x80031b9e
core   0: 0x80003ba2 (0x4aa20213) addi    tp, tp, 1194
core   0: 0 0x80003ba2 (0x4aa20213) x4  0x80032048
core   0: 0x80003ba6 (0x4ed47637) lui     a2, 0x4ed47
core   0: 0 0x80003ba6 (0x4ed47637) x12 0x4ed47000
core   0: 0x80003baa (0x00009232) c.add   tp, a2
core   0: 0 0x80003baa (0x9232) x4  0xced79048
core   0: 0x80003bac (0x4a021623) sh      zero, 1196(tp)
core   0: 0 0x80003bac (0x4a021623) mem 0xced794f4 0x0000
core   0: 0x80003bb0 (0x261209a3) sb      ra, 627(tp)
core   0: 0 0x80003bb0 (0x261209a3) mem 0xced792bb 0x0
core   0: 0x80003bb4 (0x7e221a23) sh      sp, 2036(tp)
core   0: 0 0x80003bb4 (0x7e221a23) mem 0xced7983c 0x89a3
core   0: 0x80003bb8 (0x6e4208a3) sb      tp, 1777(tp)
core   0: 0 0x80003bb8 (0x6e4208a3) mem 0xced79739 0x48
core   0: 0x80003bbc (0x2c5205a3) sb      t0, 715(tp)
core   0: 0 0x80003bbc (0x2c5205a3) mem 0xced79313 0x0
core   0: 0x80003bc0 (0xcac51697) auipc   a3, 0xcac51
core   0: 0 0x80003bc0 (0xcac51697) x13 0x4ac54bc0
core   0: 0x80003bc4 (0x00001290) c.addi4spn a2, sp, 352
core   0: 0 0x80003bc4 (0x1290) x12 0x80038b03
core   0: 0x80003bc6 (0x0105c133) xor     sp, a1, a6
core   0: 0 0x80003bc6 (0x0105c133) x2  0x894ead02
core   0: 0x80003bca (0x4ac25a83) lhu     s5, 1196(tp)
core   0: 0 0x80003bca (0x4ac25a83) x21 0x00000000 mem 0xced794f4
core   0: 0x80003bce (0x00000001) c.nop
core   0: 0 0x80003bce (0x0001)
core   0: 0x80003bd0 (0x27320783) lb      a5, 627(tp)
core   0: 0 0x80003bd0 (0x27320783) x15 0x00000000 mem 0xced792bb
core   0: 0x80003bd4 (0x7f425883) lhu     a7, 2036(tp)
core   0: 0 0x80003bd4 (0x7f425883) x17 0x000089a3 mem 0xced7983c
core   0: 0x80003bd8 (0x13674d93) xori    s11, a4, 310
core   0: 0 0x80003bd8 (0x13674d93) x27 0x00000136
core   0: 0x80003bdc (0xc8422e23) sw      tp, -868(tp)
core   0: 0 0x80003bdc (0xc8422e23) mem 0xced78ce4 0xced79048
core   0: 0x80003be0 (0x00001e98) c.addi4spn a4, sp, 880
core   0: 0 0x80003be0 (0x1e98) x14 0x894eb072
core   0: 0x80003be2 (0x6f120f83) lb      t6, 1777(tp)
core   0: 0 0x80003be2 (0x6f120f83) x31 0x00000048 mem 0xced79739
core   0: 0x80003be6 (0x2cb20f83) lb      t6, 715(tp)
core   0: 0 0x80003be6 (0x2cb20f83) x31 0x00000000 mem 0xced79313
core   0: 0x80003bea (0x0002e817) auipc   a6, 0x2e
core   0: 0 0x80003bea (0x0002e817) x16 0x80031bea
core   0: 0x80003bee (0x45e80813) addi    a6, a6, 1118
core   0: 0 0x80003bee (0x45e80813) x16 0x80032048
core   0: 0x80003bf2 (0x0626e637) lui     a2, 0x626e
core   0: 0 0x80003bf2 (0x0626e637) x12 0x0626e000
core   0: 0x80003bf6 (0x00009832) c.add   a6, a2
core   0: 0 0x80003bf6 (0x9832) x16 0x862a0048
core   0: 0x80003bf8 (0x9c1806a3) sb      ra, -1587(a6)
core   0: 0 0x80003bf8 (0x9c1806a3) mem 0x8629fa15 0x0
core   0: 0x80003bfc (0x70281323) sh      sp, 1798(a6)
core   0: 0 0x80003bfc (0x70281323) mem 0x862a074e 0xad02
core   0: 0x80003c00 (0x38f83113) sltiu   sp, a6, 911
core   0: 0 0x80003c00 (0x38f83113) x2  0x00000000
core   0: 0x80003c04 (0x00008d0d) c.sub   a0, a1
core   0: 0 0x80003c04 (0x8d0d) x10 0x76b1534c
core   0: 0x80003c06 (0xaf4803a3) sb      s4, -1305(a6)
core   0: 0 0x80003c06 (0xaf4803a3) mem 0x8629fb2f 0x0
core   0: 0x80003c0a (0x00006349) c.lui   t1, 0x12
core   0: 0 0x80003c0a (0x6349) x6  0x00012000
core   0: 0x80003c0c (0x000098ce) c.add   a7, s3
core   0: 0 0x80003c0c (0x98ce) x17 0xe2cef539
core   0: 0x80003c0e (0xa3cee913) ori     s2, t4, -1476
core   0: 0 0x80003c0e (0xa3cee913) x18 0xfffffa3c
core   0: 0x80003c12 (0x9cd84e03) lbu     t3, -1587(a6)
core   0: 0 0x80003c12 (0x9cd84e03) x28 0x00000000 mem 0x8629fa15
core   0: 0x80003c16 (0x00008ee5) c.and   a3, s1
core   0: 0 0x80003c16 (0x8ee5) x13 0x00044a40
core   0: 0x80003c18 (0x70681183) lh      gp, 1798(a6)
core   0: 0 0x80003c18 (0x70681183) x3  0xffffad02 mem 0x862a074e
core   0: 0x80003c1c (0xa34809a3) sb      s4, -1485(a6)
core   0: 0 0x80003c1c (0xa34809a3) mem 0x8629fa7b 0x0
core   0: 0x80003c20 (0x00028bb3) add     s7, t0, zero
core   0: 0 0x80003c20 (0x00028bb3) x23 0x00000000
core   0: 0x80003c24 (0x8f980ba3) sb      s9, -1801(a6)
core   0: 0 0x80003c24 (0x8f980ba3) mem 0x8629f93f 0x0
core   0: 0x80003c28 (0x0003c717) auipc   a4, 0x3c
core   0: 0 0x80003c28 (0x0003c717) x14 0x8003fc28
core   0: 0x80003c2c (0x50270713) addi    a4, a4, 1282
core   0: 0 0x80003c2c (0x50270713) x14 0x8004012a
core   0: 0x80003c30 (0x00000001) c.nop
core   0: 0 0x80003c30 (0x0001)
core   0: 0x80003c32 (0x01324ab3) xor     s5, tp, s3
core   0: 0 0x80003c32 (0x01324ab3) x21 0x2c19fbde
core   0: 0x80003c36 (0xabfc7617) auipc   a2, 0xabfc7
core   0: 0 0x80003c36 (0xabfc7617) x12 0x2bfcac36
core   0: 0x80003c3a (0x00171723) sh      ra, 14(a4)
core   0: 0 0x80003c3a (0x00171723) mem 0x80040138 0x0000
core   0: 0x80003c3e (0x66e70803) lb      a6, 1646(a4)
core   0: 0 0x80003c3e (0x66e70803) x16 0x00000000 mem 0x80040798
core   0: 0x80003c42 (0x01c0bfb3) sltu    t6, ra, t3
core   0: 0 0x80003c42 (0x01c0bfb3) x31 0x00000000
core   0: 0x80003c46 (0x00008129) c.srli  a0, 10
core   0: 0 0x80003c46 (0x8129) x10 0x001dac54
core   0: 0x80003c48 (0xd7771323) sh      s7, -666(a4)
core   0: 0 0x80003c48 (0xd7771323) mem 0x8003fe90 0x0000
core   0: 0x80003c4c (0x031e7db3) remu    s11, t3, a7
core   0: 0 0x80003c4c (0x031e7db3) x27 0x00000000
core   0: 0x80003c50 (0xfe075a83) lhu     s5, -32(a4)
core   0: 0 0x80003c50 (0xfe075a83) x21 0x00000000 mem 0x8004010a
core   0: 0x80003c54 (0x17c704a3) sb      t3, 361(a4)
core   0: 0 0x80003c54 (0x17c704a3) mem 0x80040293 0x0
core   0: 0x80003c58 (0x7c675a83) lhu     s5, 1990(a4)
core   0: 0 0x80003c58 (0x7c675a83) x21 0x00000000 mem 0x800408f0
core   0: 0x80003c5c (0xb0c706a3) sb      a2, -1267(a4)
core   0: 0 0x80003c5c (0xb0c706a3) mem 0x8003fc37 0x36
core   0: 0x80003c60 (0xc9d74403) lbu     s0, -867(a4)
core   0: 0 0x80003c60 (0xc9d74403) x8  0x00000000 mem 0x8003fdc7
core   0: 0x80003c64 (0xa6970d03) lb      s10, -1431(a4)
core   0: 0 0x80003c64 (0xa6970d03) x26 0x00000000 mem 0x8003fb93
core   0: 0x80003c68 (0x007b5533) srl     a0, s6, t2
core   0: 0 0x80003c68 (0x007b5533) x10 0x00000000
core   0: 0x80003c6c (0x74d74403) lbu     s0, 1869(a4)
core   0: 0 0x80003c6c (0x74d74403) x8  0x00000000 mem 0x80040877
core   0: 0x80003c70 (0xac871a23) sh      s0, -1324(a4)
core   0: 0 0x80003c70 (0xac871a23) mem 0x8003fbfe 0x0000
core   0: 0x80003c74 (0xa4170223) sb      ra, -1468(a4)
core   0: 0 0x80003c74 (0xa4170223) mem 0x8003fb6e 0x0
core   0: 0x80003c78 (0x73171c23) sh      a7, 1848(a4)
core   0: 0 0x80003c78 (0x73171c23) mem 0x80040862 0xf539
core   0: 0x80003c7c (0x8c574e03) lbu     t3, -1851(a4)
core   0: 0 0x80003c7c (0x8c574e03) x28 0x00000000 mem 0x8003f9ef
core   0: 0x80003c80 (0x000002f9) c.addi  t0, 30
core   0: 0 0x80003c80 (0x02f9) x5  0x0000001e
core   0: 0x80003c82 (0x0000717d) c.addi16sp sp, -16
core   0: 0 0x80003c82 (0x717d) x2  0xfffffff0
core   0: 0x80003c84 (0x407f5133) sra     sp, t5, t2
core   0: 0 0x80003c84 (0x407f5133) x2  0x8004bce4
core   0: 0x80003c88 (0x020c1fb3) mulh    t6, s8, zero
core   0: 0 0x80003c88 (0x020c1fb3) x31 0x00000000
core   0: 0x80003c8c (0xd99700a3) sb      s9, -639(a4)
core   0: 0 0x80003c8c (0xd99700a3) mem 0x8003feab 0x0
core   0: 0x80003c90 (0x6b074603) lbu     a2, 1712(a4)
core   0: 0 0x80003c90 (0x6b074603) x12 0x00000000 mem 0x800407da
core   0: 0x80003c94 (0xbd574c83) lbu     s9, -1067(a4)
core   0: 0 0x80003c94 (0xbd574c83) x25 0x00000000 mem 0x8003fcff
core   0: 0x80003c98 (0x00009bfd) c.andi  a5, -1
core   0: 0 0x80003c98 (0x9bfd) x15 0x00000000
core   0: 0x80003c9a (0xcf170c83) lb      s9, -783(a4)
core   0: 0 0x80003c9a (0xcf170c83) x25 0x00000000 mem 0x8003fe1b
core   0: 0x80003c9e (0x0002e217) auipc   tp, 0x2e
core   0: 0 0x80003c9e (0x0002e217) x4  0x80031c9e
core   0: 0x80003ca2 (0x3aa20213) addi    tp, tp, 938
core   0: 0 0x80003ca2 (0x3aa20213) x4  0x80032048
core   0: 0x80003ca6 (0x4a1b9e37) lui     t3, 0x4a1b9
core   0: 0 0x80003ca6 (0x4a1b9e37) x28 0x4a1b9000
core   0: 0x80003caa (0x00009272) c.add   tp, t3
core   0: 0 0x80003caa (0x9272) x4  0xca1eb048
core   0: 0x80003cac (0x38320723) sb      gp, 910(tp)
core   0: 0 0x80003cac (0x38320723) mem 0xca1eb3d6 0x2
core   0: 0x80003cb0 (0x5b100a37) lui     s4, 0x5b100
core   0: 0 0x80003cb0 (0x5b100a37) x20 0x5b100000
core   0: 0x80003cb4 (0x0048ca33) xor     s4, a7, tp
core   0: 0 0x80003cb4 (0x0048ca33) x20 0x28d04571
core   0: 0x80003cb8 (0x00008c19) c.sub   s0, a4
core   0: 0 0x80003cb8 (0x8c19) x8  0x7ffbfed6
core   0: 0x80003cba (0x000c1293) slli    t0, s8, 0
core   0: 0 0x80003cba (0x000c1293) x5  0x00000000
core   0: 0x80003cbe (0x55020d23) sb      a6, 1370(tp)
core   0: 0 0x80003cbe (0x55020d23) mem 0xca1eb5a2 0x0
core   0: 0x80003cc2 (0xfb4208a3) sb      s4, -79(tp)
core   0: 0 0x80003cc2 (0xfb4208a3) mem 0xca1eaff9 0x71
core   0: 0x80003cc6 (0x7e3200a3) sb      gp, 2017(tp)
core   0: 0 0x80003cc6 (0x7e3200a3) mem 0xca1eb829 0x2
core   0: 0x80003cca (0x38e20f83) lb      t6, 910(tp)
core   0: 0 0x80003cca (0x38e20f83) x31 0x00000002 mem 0xca1eb3d6
core   0: 0x80003cce (0x00d52833) slt     a6, a0, a3
core   0: 0 0x80003cce (0x00d52833) x16 0x00000001
core   0: 0x80003cd2 (0x02420ca3) sb      tp, 57(tp)
core   0: 0 0x80003cd2 (0x02420ca3) mem 0xca1eb081 0x48
core   0: 0x80003cd6 (0x00030417) auipc   s0, 0x30
core   0: 0 0x80003cd6 (0x00030417) x8  0x80033cd6
core   0: 0x80003cda (0xf1940413) addi    s0, s0, -231
core   0: 0 0x80003cda (0xf1940413) x8  0x80033bef
core   0: 0x80003cde (0x0db41383) lh      t2, 219(s0)
core   0: 0 0x80003cde (0x0db41383) x7  0x00000000 mem 0x80033cca
core   0: 0x80003ce2 (0x510405a3) sb      a6, 1291(s0)
core   0: 0 0x80003ce2 (0x510405a3) mem 0x800340fa 0x1
core   0: 0x80003ce6 (0x0002f997) auipc   s3, 0x2f
core   0: 0 0x80003ce6 (0x0002f997) x19 0x80032ce6
core   0: 0x80003cea (0xad398993) addi    s3, s3, -1325
core   0: 0 0x80003cea (0xad398993) x19 0x800327b9
core   0: 0x80003cee (0xfda44603) lbu     a2, -38(s0)
core   0: 0 0x80003cee (0xfda44603) x12 0x00000000 mem 0x80033bc9
core   0: 0x80003cf2 (0x23740303) lb      t1, 567(s0)
core   0: 0 0x80003cf2 (0x23740303) x6  0x00000000 mem 0x80033e26
core   0: 0x80003cf6 (0xe5098723) sb      a6, -434(s3)
core   0: 0 0x80003cf6 (0xe5098723) mem 0x80032607 0x1
core   0: 0x80003cfa (0x53098503) lb      a0, 1328(s3)
core   0: 0 0x80003cfa (0x53098503) x10 0x00000000 mem 0x80032ce9
core   0: 0x80003cfe (0x52998e83) lb      t4, 1321(s3)
core   0: 0 0x80003cfe (0x52998e83) x29 0x00000000 mem 0x80032ce2
core   0: 0x80003d02 (0x98640523) sb      t1, -1654(s0)
core   0: 0 0x80003d02 (0x98640523) mem 0x80033579 0x0
core   0: 0x80003d06 (0xf2c44703) lbu     a4, -212(s0)
core   0: 0 0x80003d06 (0xf2c44703) x14 0x00000000 mem 0x80033b1b
core   0: 0x80003d0a (0x3d89c303) lbu     t1, 984(s3)
core   0: 0 0x80003d0a (0x3d89c303) x6  0x00000000 mem 0x80032b91
core   0: 0x80003d0e (0xbe3995a3) sh      gp, -1045(s3)
core   0: 0 0x80003d0e (0xbe3995a3) mem 0x800323a4 0xad02
core   0: 0x80003d12 (0x4ad40903) lb      s2, 1197(s0)
core   0: 0 0x80003d12 (0x4ad40903) x18 0x00000000 mem 0x8003409c
core   0: 0x80003d16 (0x7ad9ce83) lbu     t4, 1965(s3)
core   0: 0 0x80003d16 (0x7ad9ce83) x29 0x00000000 mem 0x80032f66
core   0: 0x80003d1a (0xd3745883) lhu     a7, -713(s0)
core   0: 0 0x80003d1a (0xd3745883) x17 0x00000000 mem 0x80033926
core   0: 0x80003d1e (0x92440b83) lb      s7, -1756(s0)
core   0: 0 0x80003d1e (0x92440b83) x23 0x00000000 mem 0x80033513
core   0: 0x80003d22 (0xe5340a03) lb      s4, -429(s0)
core   0: 0 0x80003d22 (0xe5340a03) x20 0x00000000 mem 0x80033a42
core   0: 0x80003d26 (0x0003ed17) auipc   s10, 0x3e
core   0: 0 0x80003d26 (0x0003ed17) x26 0x80041d26
core   0: 0x80003d2a (0x73dd0d13) addi    s10, s10, 1853
core   0: 0 0x80003d2a (0x73dd0d13) x26 0x80042463
core   0: 0x80003d2e (0xfdad4a83) lbu     s5, -38(s10)
core   0: 0 0x80003d2e (0xfdad4a83) x21 0x00000000 mem 0x8004243d
core   0: 0x80003d32 (0xfdad0e03) lb      t3, -38(s10)
core   0: 0 0x80003d32 (0xfdad0e03) x28 0x00000000 mem 0x8004243d
core   0: 0x80003d36 (0x00ad0c83) lb      s9, 10(s10)
core   0: 0 0x80003d36 (0x00ad0c83) x25 0x00000000 mem 0x8004246d
core   0: 0x80003d3a (0x00eae3b3) or      t2, s5, a4
core   0: 0 0x80003d3a (0x00eae3b3) x7  0x00000000
core   0: 0x80003d3e (0x0000100f) fence.i
core   0: 0 0x80003d3e (0x0000100f)
core   0: 0x80003d42 (0x407fd513) srai    a0, t6, 7
core   0: 0 0x80003d42 (0x407fd513) x10 0x00000000
core   0: 0x80003d46 (0xffed4883) lbu     a7, -2(s10)
core   0: 0 0x80003d46 (0xffed4883) x17 0x00000000 mem 0x80042461
core   0: 0x80003d4a (0xffed4b83) lbu     s7, -2(s10)
core   0: 0 0x80003d4a (0xffed4b83) x23 0x00000000 mem 0x80042461
core   0: 0x80003d4e (0xffed0e83) lb      t4, -2(s10)
core   0: 0 0x80003d4e (0xffed0e83) x29 0x00000000 mem 0x80042461
core   0: 0x80003d52 (0xfe0d0f23) sb      zero, -2(s10)
core   0: 0 0x80003d52 (0xfe0d0f23) mem 0x80042461 0x0
core   0: 0x80003d56 (0xffed4303) lbu     t1, -2(s10)
core   0: 0 0x80003d56 (0xffed4303) x6  0x00000000 mem 0x80042461
core   0: 0x80003d5a (0x030d10a3) sh      a6, 33(s10)
core   0: 0 0x80003d5a (0x030d10a3) mem 0x80042484 0x0001
core   0: 0x80003d5e (0x021d2983) lw      s3, 33(s10)
core   0: 0 0x80003d5e (0x021d2983) x19 0x00000001 mem 0x80042484
core   0: 0x80003d62 (0x023bfeb3) remu    t4, s7, gp
core   0: 0 0x80003d62 (0x023bfeb3) x29 0x00000000
core   0: 0x80003d66 (0x015d5603) lhu     a2, 21(s10)
core   0: 0 0x80003d66 (0x015d5603) x12 0x00000000 mem 0x80042478
core   0: 0x80003d6a (0x007d1aa3) sh      t2, 21(s10)
core   0: 0 0x80003d6a (0x007d1aa3) mem 0x80042478 0x0000
core   0: 0x80003d6e (0x03bd1003) lh      zero, 59(s10)
core   0: 0 0x80003d6e (0x03bd1003) mem 0x8004249e
core   0: 0x80003d72 (0x00030417) auipc   s0, 0x30
core   0: 0 0x80003d72 (0x00030417) x8  0x80033d72
core   0: 0x80003d76 (0xf4740413) addi    s0, s0, -185
core   0: 0 0x80003d76 (0xf4740413) x8  0x80033cb9
core   0: 0x80003d7a (0x5cd40703) lb      a4, 1485(s0)
core   0: 0 0x80003d7a (0x5cd40703) x14 0x00000000 mem 0x80034286
core   0: 0x80003d7e (0x00000001) c.nop
core   0: 0 0x80003d7e (0x0001)
core   0: 0x80003d80 (0x7bb40023) sb      s11, 1952(s0)
core   0: 0 0x80003d80 (0x7bb40023) mem 0x80034459 0x0
core   0: 0x80003d84 (0x410edb13) srai    s6, t4, 16
core   0: 0 0x80003d84 (0x410edb13) x22 0x00000000
core   0: 0x80003d88 (0x01685a13) srli    s4, a6, 22
core   0: 0 0x80003d88 (0x01685a13) x20 0x00000000
core   0: 0x80003d8c (0xaac44b83) lbu     s7, -1364(s0)
core   0: 0 0x80003d8c (0xaac44b83) x23 0x00000000 mem 0x80033765
core   0: 0x80003d90 (0x56477993) andi    s3, a4, 1380
core   0: 0 0x80003d90 (0x56477993) x19 0x00000000
core   0: 0x80003d94 (0x96140ea3) sb      ra, -1667(s0)
core   0: 0 0x80003d94 (0x96140ea3) mem 0x80033636 0x0
core   0: 0x80003d98 (0x39a44303) lbu     t1, 922(s0)
core   0: 0 0x80003d98 (0x39a44303) x6  0x00000000 mem 0x80034053
core   0: 0x80003d9c (0x032b6db3) rem     s11, s6, s2
core   0: 0 0x80003d9c (0x032b6db3) x27 0x00000000
core   0: 0x80003da0 (0xb6c40ca3) sb      a2, -1159(s0)
core   0: 0 0x80003da0 (0xb6c40ca3) mem 0x80033832 0x0
core   0: 0x80003da4 (0x87840003) lb      zero, -1928(s0)
core   0: 0 0x80003da4 (0x87840003) mem 0x80033531
core   0: 0x80003da8 (0x014c8533) add     a0, s9, s4
core   0: 0 0x80003da8 (0x014c8533) x10 0x00000000
core   0: 0x80003dac (0x00000d75) c.addi  s10, 29
core   0: 0 0x80003dac (0x0d75) x26 0x80042480
core   0: 0x80003dae (0x863f7c37) lui     s8, 0x863f7
core   0: 0 0x80003dae (0x863f7c37) x24 0x863f7000
core   0: 0x80003db2 (0x982421a3) sw      sp, -1661(s0)
core   0: 0 0x80003db2 (0x982421a3) mem 0x8003363c 0x8004bce4
core   0: 0x80003db6 (0x00fcd7b3) srl     a5, s9, a5
core   0: 0 0x80003db6 (0x00fcd7b3) x15 0x00000000
core   0: 0x80003dba (0x00000001) c.nop
core   0: 0 0x80003dba (0x0001)
core   0: 0x80003dbc (0x00008f51) c.or    a4, a2
core   0: 0 0x80003dbc (0x8f51) x14 0x00000000
core   0: 0x80003dbe (0x40180833) sub     a6, a6, ra
core   0: 0 0x80003dbe (0x40180833) x16 0x00000001
core   0: 0x80003dc2 (0x19297993) andi    s3, s2, 402
core   0: 0 0x80003dc2 (0x19297993) x19 0x00000000
core   0: 0x80003dc6 (0xdf244103) lbu     sp, -526(s0)
core   0: 0 0x80003dc6 (0xdf244103) x2  0x00000000 mem 0x80033aab
core   0: 0x80003dca (0x026ca213) slti    tp, s9, 38
core   0: 0 0x80003dca (0x026ca213) x4  0x00000001
core   0: 0x80003dce (0xcd540503) lb      a0, -811(s0)
core   0: 0 0x80003dce (0xcd540503) x10 0x00000000 mem 0x8003398e
core   0: 0x80003dd2 (0xe2545183) lhu     gp, -475(s0)
core   0: 0 0x80003dd2 (0xe2545183) x3  0x00000000 mem 0x80033ade
core   0: 0x80003dd6 (0x97644a83) lbu     s5, -1674(s0)
core   0: 0 0x80003dd6 (0x97644a83) x21 0x00000000 mem 0x8003362f
core   0: 0x80003dda (0x0003c117) auipc   sp, 0x3c
core   0: 0 0x80003dda (0x0003c117) x2  0x8003fdda
core   0: 0x80003dde (0xed710113) addi    sp, sp, -297
core   0: 0 0x80003dde (0xed710113) x2  0x8003fcb1
core   0: 0x80003de2 (0x29e14503) lbu     a0, 670(sp)
core   0: 0 0x80003de2 (0x29e14503) x10 0x00000000 mem 0x8003ff4f
core   0: 0x80003de6 (0x30d11083) lh      ra, 781(sp)
core   0: 0 0x80003de6 (0x30d11083) x1  0x00000000 mem 0x8003ffbe
core   0: 0x80003dea (0xf8014803) lbu     a6, -128(sp)
core   0: 0 0x80003dea (0xf8014803) x16 0x00000000 mem 0x8003fc31
core   0: 0x80003dee (0x98f110a3) sh      a5, -1663(sp)
core   0: 0 0x80003dee (0x98f110a3) mem 0x8003f632 0x0000
core   0: 0x80003df2 (0x41968db3) sub     s11, a3, s9
core   0: 0 0x80003df2 (0x41968db3) x27 0x00044a40
core   0: 0x80003df6 (0xb2d03413) sltiu   s0, zero, -1235
core   0: 0 0x80003df6 (0xb2d03413) x8  0x00000001
core   0: 0x80003dfa (0x98b18db7) lui     s11, 0x98b18
core   0: 0 0x80003dfa (0x98b18db7) x27 0x98b18000
core   0: 0x80003dfe (0x98114f83) lbu     t6, -1663(sp)
core   0: 0 0x80003dfe (0x98114f83) x31 0x00000000 mem 0x8003f632
core   0: 0x80003e02 (0xc7e14383) lbu     t2, -898(sp)
core   0: 0 0x80003e02 (0xc7e14383) x7  0x00000000 mem 0x8003f92f
core   0: 0x80003e06 (0x9e914003) lbu     zero, -1559(sp)
core   0: 0 0x80003e06 (0x9e914003) mem 0x8003f69a
core   0: 0x80003e0a (0x0000547d) c.li    s0, -1
core   0: 0 0x80003e0a (0x547d) x8  0xffffffff
core   0: 0x80003e0c (0x4178de93) srai    t4, a7, 23
core   0: 0 0x80003e0c (0x4178de93) x29 0x00000000
core   0: 0x80003e10 (0xd3214083) lbu     ra, -718(sp)
core   0: 0 0x80003e10 (0xd3214083) x1  0x00000000 mem 0x8003f9e3
core   0: 0x80003e14 (0x006409b3) add     s3, s0, t1
core   0: 0 0x80003e14 (0x006409b3) x19 0xffffffff
core   0: 0x80003e18 (0x25d101a3) sb      t4, 579(sp)
core   0: 0 0x80003e18 (0x25d101a3) mem 0x8003fef4 0x0
core   0: 0x80003e1c (0x25f101a3) sb      t6, 579(sp)
core   0: 0 0x80003e1c (0x25f101a3) mem 0x8003fef4 0x0
core   0: 0x80003e20 (0x00008c4d) c.or    s0, a1
core   0: 0 0x80003e20 (0x8c4d) x8  0xffffffff
core   0: 0x80003e22 (0x01710323) sb      s7, 6(sp)
core   0: 0 0x80003e22 (0x01710323) mem 0x8003fcb7 0x0
core   0: 0x80003e26 (0x01310323) sb      s3, 6(sp)
core   0: 0 0x80003e26 (0x01310323) mem 0x8003fcb7 0xff
core   0: 0x80003e2a (0x00d10323) sb      a3, 6(sp)
core   0: 0 0x80003e2a (0x00d10323) mem 0x8003fcb7 0x40
core   0: 0x80003e2e (0x10214c03) lbu     s8, 258(sp)
core   0: 0 0x80003e2e (0x10214c03) x24 0x00000000 mem 0x8003fdb3
core   0: 0x80003e32 (0x10210003) lb      zero, 258(sp)
core   0: 0 0x80003e32 (0x10210003) mem 0x8003fdb3
core   0: 0x80003e36 (0x0003fb17) auipc   s6, 0x3f
core   0: 0 0x80003e36 (0x0003fb17) x22 0x80042e36
core   0: 0x80003e3a (0xeb9b0b13) addi    s6, s6, -327
core   0: 0 0x80003e3a (0xeb9b0b13) x22 0x80042cef
core   0: 0x80003e3e (0xf25b2083) lw      ra, -219(s6)
core   0: 0 0x80003e3e (0xf25b2083) x1  0x00000000 mem 0x80042c14
core   0: 0x80003e42 (0x0dab0123) sb      s10, 194(s6)
core   0: 0 0x80003e42 (0x0dab0123) mem 0x80042db1 0x80
core   0: 0x80003e46 (0x03828bb3) mul     s7, t0, s8
core   0: 0 0x80003e46 (0x03828bb3) x23 0x00000000
core   0: 0x80003e4a (0x0c2b4383) lbu     t2, 194(s6)
core   0: 0 0x80003e4a (0x0c2b4383) x7  0x00000080 mem 0x80042db1
core   0: 0x80003e4e (0xf87b4a83) lbu     s5, -121(s6)
core   0: 0 0x80003e4e (0xf87b4a83) x21 0x00000000 mem 0x80042c76
core   0: 0x80003e52 (0x00cad613) srli    a2, s5, 12
core   0: 0 0x80003e52 (0x00cad613) x12 0x00000000
core   0: 0x80003e56 (0xf87b0603) lb      a2, -121(s6)
core   0: 0 0x80003e56 (0xf87b0603) x12 0x00000000 mem 0x80042c76
core   0: 0x80003e5a (0xf95b03a3) sb      s5, -121(s6)
core   0: 0 0x80003e5a (0xf95b03a3) mem 0x80042c76 0x0
core   0: 0x80003e5e (0xfc4b4283) lbu     t0, -60(s6)
core   0: 0 0x80003e5e (0xfc4b4283) x5  0x00000000 mem 0x80042cb3
core   0: 0x80003e62 (0xb484eb93) ori     s7, s1, -1208
core   0: 0 0x80003e62 (0xb484eb93) x23 0xffffff6c
core   0: 0x80003e66 (0xfc4b4003) lbu     zero, -60(s6)
core   0: 0 0x80003e66 (0xfc4b4003) mem 0x80042cb3
core   0: 0x80003e6a (0xfc4b4803) lbu     a6, -60(s6)
core   0: 0 0x80003e6a (0xfc4b4803) x16 0x00000000 mem 0x80042cb3
core   0: 0x80003e6e (0xfccb0223) sb      a2, -60(s6)
core   0: 0 0x80003e6e (0xfccb0223) mem 0x80042cb3 0x0
core   0: 0x80003e72 (0x0059dfb3) srl     t6, s3, t0
core   0: 0 0x80003e72 (0x0059dfb3) x31 0xffffffff
core   0: 0x80003e76 (0x086b11a3) sh      t1, 131(s6)
core   0: 0 0x80003e76 (0x086b11a3) mem 0x80042d72 0x0000
core   0: 0x80003e7a (0x083b5203) lhu     tp, 131(s6)
core   0: 0 0x80003e7a (0x083b5203) x4  0x00000000 mem 0x80042d72
core   0: 0x80003e7e (0x0002e117) auipc   sp, 0x2e
core   0: 0 0x80003e7e (0x0002e117) x2  0x80031e7e
core   0: 0x80003e82 (0x30a10113) addi    sp, sp, 778
core   0: 0 0x80003e82 (0x30a10113) x2  0x80032188
core   0: 0x80003e86 (0x01b8a833) slt     a6, a7, s11
core   0: 0 0x80003e86 (0x01b8a833) x16 0x00000000
core   0: 0x80003e8a (0x00000812) c.slli  a6, 4
core   0: 0 0x80003e8a (0x0812) x16 0x00000000
core   0: 0x80003e8c (0x03a7d433) divu    s0, a5, s10
core   0: 0 0x80003e8c (0x03a7d433) x8  0x00000000
core   0: 0x80003e90 (0xff610d23) sb      s6, -6(sp)
core   0: 0 0x80003e90 (0xff610d23) mem 0x80032182 0xef
core   0: 0x80003e94 (0xff110803) lb      a6, -15(sp)
core   0: 0 0x80003e94 (0xff110803) x16 0x00000000 mem 0x80032179
core   0: 0x80003e98 (0x02fc9933) mulh    s2, s9, a5
core   0: 0 0x80003e98 (0x02fc9933) x18 0x00000000
core   0: 0x80003e9c (0x03553fb3) mulhu   t6, a0, s5
core   0: 0 0x80003e9c (0x03553fb3) x31 0x00000000
core   0: 0x80003ea0 (0x000097ca) c.add   a5, s2
core   0: 0 0x80003ea0 (0x97ca) x15 0x00000000
core   0: 0x80003ea2 (0x0eb7a313) slti    t1, a5, 235
core   0: 0 0x80003ea2 (0x0eb7a313) x6  0x00000001
core   0: 0x80003ea6 (0x02d9f7b3) remu    a5, s3, a3
core   0: 0 0x80003ea6 (0x02d9f7b3) x15 0x00015cff
core   0: 0x80003eaa (0x00000001) c.nop
core   0: 0 0x80003eaa (0x0001)
core   0: 0x80003eac (0x003f48b3) xor     a7, t5, gp
core   0: 0 0x80003eac (0x003f48b3) x17 0x8004bce4
core   0: 0x80003eb0 (0x01340833) add     a6, s0, s3
core   0: 0 0x80003eb0 (0x01340833) x16 0xffffffff
core   0: 0x80003eb4 (0x523d3513) sltiu   a0, s10, 1315
core   0: 0 0x80003eb4 (0x523d3513) x10 0x00000000
core   0: 0x80003eb8 (0x00000001) c.nop
core   0: 0 0x80003eb8 (0x0001)
core   0: 0x80003eba (0x9ab54a93) xori    s5, a0, -1621
core   0: 0 0x80003eba (0x9ab54a93) x21 0xfffff9ab
core   0: 0x80003ebe (0x00a14b83) lbu     s7, 10(sp)
core   0: 0 0x80003ebe (0x00a14b83) x23 0x00000000 mem 0x80032192
core   0: 0x80003ec2 (0x0202a733) mulhsu  a4, t0, zero
core   0: 0 0x80003ec2 (0x0202a733) x14 0x00000000
core   0: 0x80003ec6 (0x00f14183) lbu     gp, 15(sp)
core   0: 0 0x80003ec6 (0x00f14183) x3  0x00000000 mem 0x80032197
core   0: 0x80003eca (0x00008eb5) c.xor   a3, a3
core   0: 0 0x80003eca (0x8eb5) x13 0x00000000
core   0: 0x80003ecc (0x00a14003) lbu     zero, 10(sp)
core   0: 0 0x80003ecc (0x00a14003) mem 0x80032192
core   0: 0x80003ed0 (0x00114f83) lbu     t6, 1(sp)
core   0: 0 0x80003ed0 (0x00114f83) x31 0x00000000 mem 0x80032189
core   0: 0x80003ed4 (0xd8b07e13) andi    t3, zero, -629
core   0: 0 0x80003ed4 (0xd8b07e13) x28 0x00000000
core   0: 0x80003ed8 (0xfe910f23) sb      s1, -2(sp)
core   0: 0 0x80003ed8 (0xfe910f23) mem 0x80032186 0x64
core   0: 0x80003edc (0x00114b83) lbu     s7, 1(sp)
core   0: 0 0x80003edc (0x00114b83) x23 0x00000000 mem 0x80032189
core   0: 0x80003ee0 (0xffd10283) lb      t0, -3(sp)
core   0: 0 0x80003ee0 (0xffd10283) x5  0x00000000 mem 0x80032185
core   0: 0x80003ee4 (0x00008f25) c.xor   a4, s1
core   0: 0 0x80003ee4 (0x8f25) x14 0x80047e64
core   0: 0x80003ee6 (0x0271a1b3) mulhsu  gp, gp, t2
core   0: 0 0x80003ee6 (0x0271a1b3) x3  0x00000000
core   0: 0x80003eea (0x01c0e533) or      a0, ra, t3
core   0: 0 0x80003eea (0x01c0e533) x10 0x00000000
core   0: 0x80003eee (0x012effb3) and     t6, t4, s2
core   0: 0 0x80003eee (0x012effb3) x31 0x00000000
core   0: 0x80003ef2 (0x00714183) lbu     gp, 7(sp)
core   0: 0 0x80003ef2 (0x00714183) x3  0x00000000 mem 0x8003218f
core   0: 0x80003ef6 (0x01610523) sb      s6, 10(sp)
core   0: 0 0x80003ef6 (0x01610523) mem 0x80032192 0xef
core   0: 0x80003efa (0x01155993) srli    s3, a0, 17
core   0: 0 0x80003efa (0x01155993) x19 0x00000000
core   0: 0x80003efe (0x0372b733) mulhu   a4, t0, s7
core   0: 0 0x80003efe (0x0372b733) x14 0x00000000
core   0: 0x80003f02 (0xbb524417) auipc   s0, 0xbb524
core   0: 0 0x80003f02 (0xbb524417) x8  0x3b527f02
core   0: 0x80003f06 (0x02746633) rem     a2, s0, t2
core   0: 0 0x80003f06 (0x02746633) x12 0x00000002
core   0: 0x80003f0a (0x40aa0233) sub     tp, s4, a0
core   0: 0 0x80003f0a (0x40aa0233) x4  0x00000000
core   0: 0x80003f0e (0x73213993) sltiu   s3, sp, 1842
core   0: 0 0x80003f0e (0x73213993) x19 0x00000000
core   0: 0x80003f12 (0x00009eb6) c.add   t4, a3
core   0: 0 0x80003f12 (0x9eb6) x29 0x00000000
core   0: 0x80003f14 (0xfef109a3) sb      a5, -13(sp)
core   0: 0 0x80003f14 (0xfef109a3) mem 0x8003217b 0xff
core   0: 0x80003f18 (0xff510c03) lb      s8, -11(sp)
core   0: 0 0x80003f18 (0xff510c03) x24 0x00000000 mem 0x8003217d
core   0: 0x80003f1c (0x00510303) lb      t1, 5(sp)
core   0: 0 0x80003f1c (0x00510303) x6  0x00000000 mem 0x8003218d
core   0: 0x80003f20 (0x000041b2) c.lwsp  gp, 12(sp)
core   0: 0 0x80003f20 (0x41b2) x3  0x00000000 mem 0x80032194
core   0: 0x80003f22 (0x0002f117) auipc   sp, 0x2f
core   0: 0 0x80003f22 (0x0002f117) x2  0x80032f22
core   0: 0x80003f26 (0x95610113) addi    sp, sp, -1706
core   0: 0 0x80003f26 (0x95610113) x2  0x80032878
core   0: 0x80003f2a (0x0255b833) mulhu   a6, a1, t0
core   0: 0 0x80003f2a (0x0255b833) x16 0x00000000
core   0: 0x80003f2e (0x0000587d) c.li    a6, -1
core   0: 0 0x80003f2e (0x587d) x16 0xffffffff
core   0: 0x80003f30 (0xff812c23) sw      s8, -8(sp)
core   0: 0 0x80003f30 (0xff812c23) mem 0x80032870 0x00000000
core   0: 0x80003f34 (0x09b14b83) lbu     s7, 155(sp)
core   0: 0 0x80003f34 (0x09b14b83) x23 0x00000000 mem 0x80032913
core   0: 0x80003f38 (0x01d3e533) or      a0, t2, t4
core   0: 0 0x80003f38 (0x01d3e533) x10 0x00000080
core   0: 0x80003f3c (0x0da10803) lb      a6, 218(sp)
core   0: 0 0x80003f3c (0x0da10803) x16 0x00000000 mem 0x80032952
core   0: 0x80003f40 (0x000090de) c.add   ra, s7
core   0: 0 0x80003f40 (0x90de) x1  0x00000000
core   0: 0x80003f42 (0x7421f2b7) lui     t0, 0x7421f
core   0: 0 0x80003f42 (0x7421f2b7) x5  0x7421f000
core   0: 0x80003f46 (0x023690b3) mulh    ra, a3, gp
core   0: 0 0x80003f46 (0x023690b3) x1  0x00000000
core   0: 0x80003f4a (0x0ff0000f) fence   iorw,iorw
core   0: 0 0x80003f4a (0x0ff0000f)
core   0: 0x80003f4e (0x02a74633) div     a2, a4, a0
core   0: 0 0x80003f4e (0x02a74633) x12 0x00000000
core   0: 0x80003f52 (0x0e110d03) lb      s10, 225(sp)
core   0: 0 0x80003f52 (0x0e110d03) x26 0x00000000 mem 0x80032959
core   0: 0x80003f56 (0x03880933) mul     s2, a6, s8
core   0: 0 0x80003f56 (0x03880933) x18 0x00000000
core   0: 0x80003f5a (0x00006679) c.lui   a2, 0x1e
core   0: 0 0x80003f5a (0x6679) x12 0x0001e000
core   0: 0x80003f5c (0x0034d6b3) srl     a3, s1, gp
core   0: 0 0x80003f5c (0x0034d6b3) x13 0x80047e64
core   0: 0x80003f60 (0x000067fd) c.lui   a5, 0x1f
core   0: 0 0x80003f60 (0x67fd) x15 0x0001f000
core   0: 0x80003f62 (0x3e9cfe13) andi    t3, s9, 1001
core   0: 0 0x80003f62 (0x3e9cfe13) x28 0x00000000
core   0: 0x80003f66 (0x41a40033) sub     zero, s0, s10
core   0: 0 0x80003f66 (0x41a40033)
core   0: 0x80003f6a (0xfbd105a3) sb      t4, -85(sp)
core   0: 0 0x80003f6a (0xfbd105a3) mem 0x80032823 0x0
core   0: 0x80003f6e (0x07114803) lbu     a6, 113(sp)
core   0: 0 0x80003f6e (0x07114803) x16 0x00000000 mem 0x800328e9
core   0: 0x80003f72 (0x43d54b13) xori    s6, a0, 1085
core   0: 0 0x80003f72 (0x43d54b13) x22 0x000004bd
core   0: 0x80003f76 (0xf8310083) lb      ra, -125(sp)
core   0: 0 0x80003f76 (0xf8310083) x1  0x00000000 mem 0x800327fb
core   0: 0x80003f7a (0x846b8313) addi    t1, s7, -1978
core   0: 0 0x80003f7a (0x846b8313) x6  0xfffff846
core   0: 0x80003f7e (0xaeaaeb13) ori     s6, s5, -1302
core   0: 0 0x80003f7e (0xaeaaeb13) x22 0xfffffbeb
core   0: 0x80003f82 (0x00008c3d) c.xor   s0, a5
core   0: 0 0x80003f82 (0x8c3d) x8  0x3b538f02
core   0: 0x80003f84 (0x0ad14c83) lbu     s9, 173(sp)
core   0: 0 0x80003f84 (0x0ad14c83) x25 0x00000000 mem 0x80032925
core   0: 0x80003f88 (0x43d80213) addi    tp, a6, 1085
core   0: 0 0x80003f88 (0x43d80213) x4  0x0000043d
core   0: 0x80003f8c (0x03bf0033) mul     zero, t5, s11
core   0: 0 0x80003f8c (0x03bf0033)
core   0: 0x80003f90 (0x01391a33) sll     s4, s2, s3
core   0: 0 0x80003f90 (0x01391a33) x20 0x00000000
core   0: 0x80003f94 (0x0047fb33) and     s6, a5, tp
core   0: 0 0x80003f94 (0x0047fb33) x22 0x00000000
core   0: 0x80003f98 (0xfb312823) sw      s3, -80(sp)
core   0: 0 0x80003f98 (0xfb312823) mem 0x80032828 0x00000000
core   0: 0x80003f9c (0x00d10a83) lb      s5, 13(sp)
core   0: 0 0x80003f9c (0x00d10a83) x21 0x00000000 mem 0x80032885
core   0: 0x80003fa0 (0x0ff0000f) fence   iorw,iorw
core   0: 0 0x80003fa0 (0x0ff0000f)
core   0: 0x80003fa4 (0x0000c946) c.swsp  a7, 144(sp)
core   0: 0 0x80003fa4 (0xc946) mem 0x80032908 0x8004bce4
core   0: 0x80003fa6 (0x00008f99) c.sub   a5, a4
core   0: 0 0x80003fa6 (0x8f99) x15 0x0001f000
core   0: 0x80003fa8 (0x08b10683) lb      a3, 139(sp)
core   0: 0 0x80003fa8 (0x08b10683) x13 0x00000000 mem 0x80032903
core   0: 0x80003fac (0x00008d45) c.or    a0, s1
core   0: 0 0x80003fac (0x8d45) x10 0x80047ee4
core   0: 0x80003fae (0xd991b713) sltiu   a4, gp, -615
core   0: 0 0x80003fae (0xd991b713) x14 0x00000001
core   0: 0x80003fb2 (0x40ce5d33) sra     s10, t3, a2
core   0: 0 0x80003fb2 (0x40ce5d33) x26 0x00000000
core   0: 0x80003fb6 (0x00302033) slt     zero, zero, gp
core   0: 0 0x80003fb6 (0x00302033)
core   0: 0x80003fba (0x00006ee5) c.lui   t4, 0x19
core   0: 0 0x80003fba (0x6ee5) x29 0x00019000
core   0: 0x80003fbc (0x0100d433) srl     s0, ra, a6
core   0: 0 0x80003fbc (0x0100d433) x8  0x00000000
core   0: 0x80003fc0 (0xf1611523) sh      s6, -246(sp)
core   0: 0 0x80003fc0 (0xf1611523) mem 0x80032782 0x0000
core   0: 0x80003fc4 (0x09510d83) lb      s11, 149(sp)
core   0: 0 0x80003fc4 (0x09510d83) x27 0x00000000 mem 0x8003290d
core   0: 0x80003fc8 (0x00038097) auipc   ra, 0x38
core   0: 0 0x80003fc8 (0x00038097) x1  0x8003bfc8
core   0: 0x80003fcc (0x5ad08093) addi    ra, ra, 1453
core   0: 0 0x80003fcc (0x5ad08093) x1  0x8003c575
core   0: 0x80003fd0 (0x0ff0000f) fence   iorw,iorw
core   0: 0 0x80003fd0 (0x0ff0000f)
core   0: 0x80003fd4 (0xf5a0c603) lbu     a2, -166(ra)
core   0: 0 0x80003fd4 (0xf5a0c603) x12 0x00000000 mem 0x8003c4cf
core   0: 0x80003fd8 (0x000066b9) c.lui   a3, 0xe
core   0: 0 0x80003fd8 (0x66b9) x13 0x0000e000
core   0: 0x80003fda (0x0bd0cb83) lbu     s7, 189(ra)
core   0: 0 0x80003fda (0x0bd0cb83) x23 0x00000000 mem 0x8003c632
core   0: 0x80003fde (0x02c0c783) lbu     a5, 44(ra)
core   0: 0 0x80003fde (0x02c0c783) x15 0x00000000 mem 0x8003c5a1
core   0: 0x80003fe2 (0x02c0cf83) lbu     t6, 44(ra)
core   0: 0 0x80003fe2 (0x02c0cf83) x31 0x00000000 mem 0x8003c5a1
core   0: 0x80003fe6 (0x03108623) sb      a7, 44(ra)
core   0: 0 0x80003fe6 (0x03108623) mem 0x8003c5a1 0xe4
core   0: 0x80003fea (0x02c0c103) lbu     sp, 44(ra)
core   0: 0 0x80003fea (0x02c0c103) x2  0x000000e4 mem 0x8003c5a1
core   0: 0x80003fee (0x0149aeb3) slt     t4, s3, s4
core   0: 0 0x80003fee (0x0149aeb3) x29 0x00000000
core   0: 0x80003ff2 (0x02c0cd03) lbu     s10, 44(ra)
core   0: 0 0x80003ff2 (0x02c0cd03) x26 0x000000e4 mem 0x8003c5a1
core   0: 0x80003ff6 (0x010df633) and     a2, s11, a6
core   0: 0 0x80003ff6 (0x010df633) x12 0x00000000
core   0: 0x80003ffa (0x02c08803) lb      a6, 44(ra)
core   0: 0 0x80003ffa (0x02c08803) x16 0xffffffe4 mem 0x8003c5a1
core   0: 0x80003ffe (0x02c0cc03) lbu     s8, 44(ra)
core   0: 0 0x80003ffe (0x02c0cc03) x24 0x000000e4 mem 0x8003c5a1
core   0: 0x80004002 (0x30b0b013) sltiu   zero, ra, 779
core   0: 0 0x80004002 (0x30b0b013)
core   0: 0x80004006 (0x034095a3) sh      s4, 43(ra)
core   0: 0 0x80004006 (0x034095a3) mem 0x8003c5a0 0x0000
core   0: 0x8000400a (0x02b0d783) lhu     a5, 43(ra)
core   0: 0 0x8000400a (0x02b0d783) x15 0x00000000 mem 0x8003c5a0
core   0: 0x8000400e (0x02b08283) lb      t0, 43(ra)
core   0: 0 0x8000400e (0x02b08283) x5  0x00000000 mem 0x8003c5a0
core   0: 0x80004012 (0x02b0d203) lhu     tp, 43(ra)
core   0: 0 0x80004012 (0x02b0d203) x4  0x00000000 mem 0x8003c5a0
core   0: 0x80004016 (0x0070ca83) lbu     s5, 7(ra)
core   0: 0 0x80004016 (0x0070ca83) x21 0x00000000 mem 0x8003c57c
core   0: 0x8000401a (0x00e0c283) lbu     t0, 14(ra)
core   0: 0 0x8000401a (0x00e0c283) x5  0x00000000 mem 0x8003c583
core   0: 0x8000401e (0x00e0cd83) lbu     s11, 14(ra)
core   0: 0 0x8000401e (0x00e0cd83) x27 0x00000000 mem 0x8003c583
core   0: 0x80004022 (0x0002e517) auipc   a0, 0x2e
core   0: 0 0x80004022 (0x0002e517) x10 0x80032022
core   0: 0x80004026 (0x58450513) addi    a0, a0, 1412
core   0: 0 0x80004026 (0x58450513) x10 0x800325a6
core   0: 0x8000402a (0xfeb50ba3) sb      a1, -9(a0)
core   0: 0 0x8000402a (0xfeb50ba3) mem 0x8003259d 0xb4
core   0: 0x8000402e (0x0003c097) auipc   ra, 0x3c
core   0: 0 0x8000402e (0x0003c097) x1  0x8004002e
core   0: 0x80004032 (0xbdf08093) addi    ra, ra, -1057
core   0: 0 0x80004032 (0xbdf08093) x1  0x8003fc0d
core   0: 0x80004036 (0x00a54383) lbu     t2, 10(a0)
core   0: 0 0x80004036 (0x00a54383) x7  0x00000000 mem 0x800325b0
core   0: 0x8000403a (0xff508983) lb      s3, -11(ra)
core   0: 0 0x8000403a (0xff508983) x19 0x00000000 mem 0x8003fc02
core   0: 0x8000403e (0x00750683) lb      a3, 7(a0)
core   0: 0 0x8000403e (0x00750683) x13 0x00000000 mem 0x800325ad
core   0: 0x80004042 (0x00c08803) lb      a6, 12(ra)
core   0: 0 0x80004042 (0x00c08803) x16 0x00000000 mem 0x8003fc19
core   0: 0x80004046 (0x002081a3) sb      sp, 3(ra)
core   0: 0 0x80004046 (0x002081a3) mem 0x8003fc10 0xe4
core   0: 0x8000404a (0x018502a3) sb      s8, 5(a0)
core   0: 0 0x8000404a (0x018502a3) mem 0x800325ab 0xe4
core   0: 0x8000404e (0xff754a03) lbu     s4, -9(a0)
core   0: 0 0x8000404e (0xff754a03) x20 0x000000b4 mem 0x8003259d
core   0: 0x80004052 (0xff40cb83) lbu     s7, -12(ra)
core   0: 0 0x80004052 (0xff40cb83) x23 0x00000000 mem 0x8003fc01
core   0: 0x80004056 (0xff255b83) lhu     s7, -14(a0)
core   0: 0 0x80004056 (0xff255b83) x23 0x00000000 mem 0x80032598
core   0: 0x8000405a (0x00e51703) lh      a4, 14(a0)
core   0: 0 0x8000405a (0x00e51703) x14 0x00000000 mem 0x800325b4
core   0: 0x8000405e (0xff508983) lb      s3, -11(ra)
core   0: 0 0x8000405e (0xff508983) x19 0x00000000 mem 0x8003fc02
core   0: 0x80004062 (0x00d084a3) sb      a3, 9(ra)
core   0: 0 0x80004062 (0x00d084a3) mem 0x8003fc16 0x0
core   0: 0x80004066 (0x0160a3a3) sw      s6, 7(ra)
core   0: 0 0x80004066 (0x0160a3a3) mem 0x8003fc14 0x00000000
core   0: 0x8000406a (0xffb54183) lbu     gp, -5(a0)
core   0: 0 0x8000406a (0xffb54183) x3  0x00000000 mem 0x800325a1
core   0: 0x8000406e (0xff551a23) sh      s5, -12(a0)
core   0: 0 0x8000406e (0xff551a23) mem 0x8003259a 0x0000
core   0: 0x80004072 (0x01b08423) sb      s11, 8(ra)
core   0: 0 0x80004072 (0x01b08423) mem 0x8003fc15 0x0
core   0: 0x80004076 (0x00039d97) auipc   s11, 0x39
core   0: 0 0x80004076 (0x00039d97) x27 0x8003d076
core   0: 0x8000407a (0xf65d8d93) addi    s11, s11, -155
core   0: 0 0x8000407a (0xf65d8d93) x27 0x8003cfdb
core   0: 0x8000407e (0x0002e117) auipc   sp, 0x2e
core   0: 0 0x8000407e (0x0002e117) x2  0x8003207e
core   0: 0x80004082 (0x48a10113) addi    sp, sp, 1162
core   0: 0 0x80004082 (0x48a10113) x2  0x80032508
core   0: 0x80004086 (0xfedd9b03) lh      s6, -19(s11)
core   0: 0 0x80004086 (0xfedd9b03) x22 0x00000000 mem 0x8003cfc8
core   0: 0x8000408a (0xff710c23) sb      s7, -8(sp)
core   0: 0 0x8000408a (0xff710c23) mem 0x80032500 0x0
core   0: 0x8000408e (0x00611183) lh      gp, 6(sp)
core   0: 0 0x8000408e (0x00611183) x3  0x00000000 mem 0x8003250e
core   0: 0x80004092 (0xffa15383) lhu     t2, -6(sp)
core   0: 0 0x80004092 (0xffa15383) x7  0x00000000 mem 0x80032502
core   0: 0x80004096 (0xfb6d8303) lb      t1, -74(s11)
core   0: 0 0x80004096 (0xfb6d8303) x6  0x00000000 mem 0x8003cf91
core   0: 0x8000409a (0xf75d8623) sb      s5, -148(s11)
core   0: 0 0x8000409a (0xf75d8623) mem 0x8003cf47 0x0
core   0: 0x8000409e (0xf51dd203) lhu     tp, -175(s11)
core   0: 0 0x8000409e (0xf51dd203) x4  0x00000000 mem 0x8003cf2c
core   0: 0x800040a2 (0xff615e03) lhu     t3, -10(sp)
core   0: 0 0x800040a2 (0xff615e03) x28 0x00000000 mem 0x800324fe
core   0: 0x800040a6 (0x00004832) c.lwsp  a6, 12(sp)
core   0: 0 0x800040a6 (0x4832) x16 0x00000000 mem 0x80032514
core   0: 0x800040a8 (0x04dd9d03) lh      s10, 77(s11)
core   0: 0 0x800040a8 (0x04dd9d03) x26 0x00000000 mem 0x8003d028
core   0: 0x800040ac (0x00004bb2) c.lwsp  s7, 12(sp)
core   0: 0 0x800040ac (0x4bb2) x23 0x00000000 mem 0x80032514
core   0: 0x800040ae (0xffc109a3) sb      t3, -13(sp)
core   0: 0 0x800040ae (0xffc109a3) mem 0x800324fb 0x0
core   0: 0x800040b2 (0xf1cdc403) lbu     s0, -228(s11)
core   0: 0 0x800040b2 (0xf1cdc403) x8  0x00000000 mem 0x8003cef7
core   0: 0x800040b6 (0x0002f117) auipc   sp, 0x2f
core   0: 0 0x800040b6 (0x0002f117) x2  0x800330b6
core   0: 0x800040ba (0xf9210113) addi    sp, sp, -110
core   0: 0 0x800040ba (0xf9210113) x2  0x80033048
core   0: 0x800040be (0x5be35d37) lui     s10, 0x5be35
core   0: 0 0x800040be (0x5be35d37) x26 0x5be35000
core   0: 0x800040c2 (0x0000916a) c.add   sp, s10
core   0: 0 0x800040c2 (0x916a) x2  0xdbe68048
core   0: 0x800040c4 (0xe0010da3) sb      zero, -485(sp)
core   0: 0 0x800040c4 (0xe0010da3) mem 0xdbe67e63 0x0
core   0: 0x800040c8 (0x3c111e23) sh      ra, 988(sp)
core   0: 0 0x800040c8 (0x3c111e23) mem 0xdbe68424 0xfc0d
core   0: 0x800040cc (0xc62105a3) sb      sp, -917(sp)
core   0: 0 0x800040cc (0xc62105a3) mem 0xdbe67cb3 0x48
core   0: 0x800040d0 (0x3e310723) sb      gp, 1006(sp)
core   0: 0 0x800040d0 (0x3e310723) mem 0xdbe68436 0x0
core   0: 0x800040d4 (0x304105a3) sb      tp, 779(sp)
core   0: 0 0x800040d4 (0x304105a3) mem 0xdbe68353 0x0
core   0: 0x800040d8 (0xa6610fa3) sb      t1, -1409(sp)
core   0: 0 0x800040d8 (0xa6610fa3) mem 0xdbe67ac7 0x0
core   0: 0x800040dc (0x0c710da3) sb      t2, 219(sp)
core   0: 0 0x800040dc (0x0c710da3) mem 0xdbe68123 0x0
core   0: 0x800040e0 (0xa2811123) sh      s0, -1502(sp)
core   0: 0 0x800040e0 (0xa2811123) mem 0xdbe67a6a 0x0000
core   0: 0x800040e4 (0xe1b10c83) lb      s9, -485(sp)
core   0: 0 0x800040e4 (0xe1b10c83) x25 0x00000000 mem 0xdbe67e63
core   0: 0x800040e8 (0x02a403b3) mul     t2, s0, a0
core   0: 0 0x800040e8 (0x02a403b3) x7  0x00000000
core   0: 0x800040ec (0x00008fd1) c.or    a5, a2
core   0: 0 0x800040ec (0x8fd1) x15 0x00000000
core   0: 0x800040ee (0x02811833) mulh    a6, sp, s0
core   0: 0 0x800040ee (0x02811833) x16 0x00000000
core   0: 0x800040f2 (0x3dc15083) lhu     ra, 988(sp)
core   0: 0 0x800040f2 (0x3dc15083) x1  0x0000fc0d mem 0xdbe68424
core   0: 0x800040f6 (0xc6b10b83) lb      s7, -917(sp)
core   0: 0 0x800040f6 (0xc6b10b83) x23 0x00000048 mem 0xdbe67cb3
core   0: 0x800040fa (0x3ee10a83) lb      s5, 1006(sp)
core   0: 0 0x800040fa (0x3ee10a83) x21 0x00000000 mem 0xdbe68436
core   0: 0x800040fe (0x01ed06b3) add     a3, s10, t5
core   0: 0 0x800040fe (0x01ed06b3) x13 0xdbe80ce4
core   0: 0x80004102 (0x30b10003) lb      zero, 779(sp)
core   0: 0 0x80004102 (0x30b10003) mem 0xdbe68353
core   0: 0x80004106 (0x00675513) srli    a0, a4, 6
core   0: 0 0x80004106 (0x00675513) x10 0x00000000
core   0: 0x8000410a (0x86c102a3) sb      a2, -1947(sp)
core   0: 0 0x8000410a (0x86c102a3) mem 0xdbe678ad 0x0
core   0: 0x8000410e (0xa7f10403) lb      s0, -1409(sp)
core   0: 0 0x8000410e (0xa7f10403) x8  0x00000000 mem 0xdbe67ac7
core   0: 0x80004112 (0x0db14203) lbu     tp, 219(sp)
core   0: 0 0x80004112 (0x0db14203) x4  0x00000000 mem 0xdbe68123
core   0: 0x80004116 (0x00008279) c.srli  a2, 30
core   0: 0 0x80004116 (0x8279) x12 0x00000000
core   0: 0x80004118 (0x01378833) add     a6, a5, s3
core   0: 0 0x80004118 (0x01378833) x16 0x00000000
core   0: 0x8000411c (0x0233cb33) div     s6, t2, gp
core   0: 0 0x8000411c (0x0233cb33) x22 0xffffffff
core   0: 0x80004120 (0x00009c1a) c.add   s8, t1
core   0: 0 0x80004120 (0x9c1a) x24 0x000000e4
core   0: 0x80004122 (0x02487cb3) remu    s9, a6, tp
core   0: 0 0x80004122 (0x02487cb3) x25 0x00000000
core   0: 0x80004126 (0xa2215503) lhu     a0, -1502(sp)
core   0: 0 0x80004126 (0xa2215503) x10 0x00000000 mem 0xdbe67a6a
core   0: 0x8000412a (0x0002ea97) auipc   s5, 0x2e
core   0: 0 0x8000412a (0x0002ea97) x21 0x8003212a
core   0: 0x8000412e (0xf55a8a93) addi    s5, s5, -171
core   0: 0 0x8000412e (0xf55a8a93) x21 0x8003207f
core   0: 0x80004132 (0x00001598) c.addi4spn a4, sp, 736
core   0: 0 0x80004132 (0x1598) x14 0xdbe68328
core   0: 0x80004134 (0x00001790) c.addi4spn a2, sp, 992
core   0: 0 0x80004134 (0x1790) x12 0xdbe68428
core   0: 0x80004136 (0x009a8923) sb      s1, 18(s5)
core   0: 0 0x80004136 (0x009a8923) mem 0x80032091 0x64
core   0: 0x8000413a (0x000016fd) c.addi  a3, -1
core   0: 0 0x8000413a (0x16fd) x13 0xdbe80ce3
core   0: 0x8000413c (0x00db9f93) slli    t6, s7, 13
core   0: 0 0x8000413c (0x00db9f93) x31 0x00090000
core   0: 0x80004140 (0x012a8b03) lb      s6, 18(s5)
core   0: 0 0x80004140 (0x012a8b03) x22 0x00000064 mem 0x80032091
core   0: 0x80004144 (0x00628933) add     s2, t0, t1
core   0: 0 0x80004144 (0x00628933) x18 0x00000000
core   0: 0x80004148 (0x012ac883) lbu     a7, 18(s5)
core   0: 0 0x80004148 (0x012ac883) x17 0x00000064 mem 0x80032091
core   0: 0x8000414c (0x05fa81a3) sb      t6, 67(s5)
core   0: 0 0x8000414c (0x05fa81a3) mem 0x800320c2 0x0
core   0: 0x80004150 (0x013546b3) xor     a3, a0, s3
core   0: 0 0x80004150 (0x013546b3) x13 0x00000000
core   0: 0x80004154 (0x0e2ac003) lbu     zero, 226(s5)
core   0: 0 0x80004154 (0x0e2ac003) mem 0x80032161
core   0: 0x80004158 (0x0e2ac783) lbu     a5, 226(s5)
core   0: 0 0x80004158 (0x0e2ac783) x15 0x00000000 mem 0x80032161
core   0: 0x8000415c (0x0e3a8123) sb      gp, 226(s5)
core   0: 0 0x8000415c (0x0e3a8123) mem 0x80032161 0x0
core   0: 0x80004160 (0x0e2ac783) lbu     a5, 226(s5)
core   0: 0 0x80004160 (0x0e2ac783) x15 0x00000000 mem 0x80032161
core   0: 0x80004164 (0x0e2a8e03) lb      t3, 226(s5)
core   0: 0 0x80004164 (0x0e2a8e03) x28 0x00000000 mem 0x80032161
core   0: 0x80004168 (0x0e2a8003) lb      zero, 226(s5)
core   0: 0 0x80004168 (0x0e2a8003) mem 0x80032161
core   0: 0x8000416c (0x0e2a8683) lb      a3, 226(s5)
core   0: 0 0x8000416c (0x0e2a8683) x13 0x00000000 mem 0x80032161
core   0: 0x80004170 (0x0e2a8f83) lb      t6, 226(s5)
core   0: 0 0x80004170 (0x0e2a8f83) x31 0x00000000 mem 0x80032161
core   0: 0x80004174 (0xff2a8803) lb      a6, -14(s5)
core   0: 0 0x80004174 (0xff2a8803) x16 0x00000000 mem 0x80032071
core   0: 0x80004178 (0x0003d797) auipc   a5, 0x3d
core   0: 0 0x80004178 (0x0003d797) x15 0x80041178
core   0: 0x8000417c (0xf8178793) addi    a5, a5, -127
core   0: 0 0x8000417c (0xf8178793) x15 0x800410f9
core   0: 0x80004180 (0xf35784a3) sb      s5, -215(a5)
core   0: 0 0x80004180 (0xf35784a3) mem 0x80041022 0x7f
core   0: 0x80004184 (0x04578703) lb      a4, 69(a5)
core   0: 0 0x80004184 (0x04578703) x14 0x00000000 mem 0x8004113e
core   0: 0x80004188 (0xf9e78183) lb      gp, -98(a5)
core   0: 0 0x80004188 (0xf9e78183) x3  0x00000000 mem 0x80041097
core   0: 0x8000418c (0xf5379883) lh      a7, -173(a5)
core   0: 0 0x8000418c (0xf5379883) x17 0x00000000 mem 0x8004104c
core   0: 0x80004190 (0x026790a3) sh      t1, 33(a5)
core   0: 0 0x80004190 (0x026790a3) mem 0x8004111a 0x0000
core   0: 0x80004194 (0x00e78083) lb      ra, 14(a5)
core   0: 0 0x80004194 (0x00e78083) x1  0x00000000 mem 0x80041107
core   0: 0x80004198 (0x00008d25) c.xor   a0, s1
core   0: 0 0x80004198 (0x8d25) x10 0x80047e64
core   0: 0x8000419a (0x00008121) c.srli  a0, 8
core   0: 0 0x8000419a (0x8121) x10 0x0080047e
core   0: 0x8000419c (0x0e07cd03) lbu     s10, 224(a5)
core   0: 0 0x8000419c (0x0e07cd03) x26 0x00000000 mem 0x800411d9
core   0: 0x800041a0 (0x00005a7d) c.li    s4, -1
core   0: 0 0x800041a0 (0x5a7d) x20 0xffffffff
core   0: 0x800041a2 (0x00009a5e) c.add   s4, s7
core   0: 0 0x800041a2 (0x9a5e) x20 0x00000047
core   0: 0x800041a4 (0x02179a83) lh      s5, 33(a5)
core   0: 0 0x800041a4 (0x02179a83) x21 0x00000000 mem 0x8004111a
core   0: 0x800041a8 (0xf727cd03) lbu     s10, -142(a5)
core   0: 0 0x800041a8 (0xf727cd03) x26 0x00000000 mem 0x8004106b
core   0: 0x800041ac (0xf177ad83) lw      s11, -233(a5)
core   0: 0 0x800041ac (0xf177ad83) x27 0x00000000 mem 0x80041010
core   0: 0x800041b0 (0x00008a4e) c.mv    s4, s3
core   0: 0 0x800041b0 (0x8a4e) x20 0x00000000
core   0: 0x800041b2 (0x37f80d13) addi    s10, a6, 895
core   0: 0 0x800041b2 (0x37f80d13) x26 0x0000037f
core   0: 0x800041b6 (0xfba78823) sb      s10, -80(a5)
core   0: 0 0x800041b6 (0xfba78823) mem 0x800410a9 0x7f
core   0: 0x800041ba (0xfd778883) lb      a7, -41(a5)
core   0: 0 0x800041ba (0xfd778883) x17 0x00000000 mem 0x800410d0
core   0: 0x800041be (0x01599613) slli    a2, s3, 21
core   0: 0 0x800041be (0x01599613) x12 0x00000000
core   0: 0x800041c2 (0x0ac78803) lb      a6, 172(a5)
core   0: 0 0x800041c2 (0x0ac78803) x16 0x00000000 mem 0x800411a5
core   0: 0x800041c6 (0xfdb79983) lh      s3, -37(a5)
core   0: 0 0x800041c6 (0xfdb79983) x19 0x00000000 mem 0x800410d4
core   0: 0x800041ca (0x06278003) lb      zero, 98(a5)
core   0: 0 0x800041ca (0x06278003) mem 0x8004115b
core   0: 0x800041ce (0xffc78f83) lb      t6, -4(a5)
core   0: 0 0x800041ce (0xffc78f83) x31 0x00000000 mem 0x800410f5
core   0: 0x800041d2 (0x002ce233) or      tp, s9, sp
core   0: 0 0x800041d2 (0x002ce233) x4  0xdbe68048
core   0: 0x800041d6 (0x0ed79683) lh      a3, 237(a5)
core   0: 0 0x800041d6 (0x0ed79683) x13 0x00000000 mem 0x800411e6
core   0: 0x800041da (0x41fd0733) sub     a4, s10, t6
core   0: 0 0x800041da (0x41fd0733) x14 0x0000037f
core   0: 0x800041de (0x00008f65) c.and   a4, s1
core   0: 0 0x800041de (0x8f65) x14 0x00000264
core   0: 0x800041e0 (0x09478a03) lb      s4, 148(a5)
core   0: 0 0x800041e0 (0x09478a03) x20 0x00000000 mem 0x8004118d
core   0: 0x800041e4 (0x0e179703) lh      a4, 225(a5)
core   0: 0 0x800041e4 (0x0e179703) x14 0x00000000 mem 0x800411da
core   0: 0x800041e8 (0x04d7c603) lbu     a2, 77(a5)
core   0: 0 0x800041e8 (0x04d7c603) x12 0x00000000 mem 0x80041146
core   0: 0x800041ec (0xf7e78723) sb      t5, -146(a5)
core   0: 0 0x800041ec (0xf7e78723) mem 0x80041067 0xe4
core   0: 0x800041f0 (0xfc57ca03) lbu     s4, -59(a5)
core   0: 0 0x800041f0 (0xfc57ca03) x20 0x00000000 mem 0x800410be
core   0: 0x800041f4 (0xf4b7a003) lw      zero, -181(a5)
core   0: 0 0x800041f4 (0xf4b7a003) mem 0x80041044
core   0: 0x800041f8 (0xf1878203) lb      tp, -232(a5)
core   0: 0 0x800041f8 (0xf1878203) x4  0x00000000 mem 0x80041011
core   0: 0x800041fc (0x0dd78a23) sb      t4, 212(a5)
core   0: 0 0x800041fc (0x0dd78a23) mem 0x800411cd 0x0
core   0: 0x80004200 (0x411bd333) sra     t1, s7, a7
core   0: 0 0x80004200 (0x411bd333) x6  0x00000048
core   0: 0x80004204 (0xf097d103) lhu     sp, -247(a5)
core   0: 0 0x80004204 (0xf097d103) x2  0x00000000 mem 0x80041002
core   0: 0x80004208 (0x5837b917) auipc   s2, 0x5837b
core   0: 0 0x80004208 (0x5837b917) x18 0xd837f208
core   0: 0x8000420c (0xe7416e93) ori     t4, sp, -396
core   0: 0 0x8000420c (0xe7416e93) x29 0xfffffe74
core   0: 0x80004210 (0xfae78a23) sb      a4, -76(a5)
core   0: 0 0x80004210 (0xfae78a23) mem 0x800410ad 0x0
core   0: 0x80004214 (0x0002fb17) auipc   s6, 0x2f
core   0: 0 0x80004214 (0x0002fb17) x22 0x80033214
core   0: 0x80004218 (0xe34b0b13) addi    s6, s6, -460
core   0: 0 0x80004218 (0xe34b0b13) x22 0x80033048
core   0: 0x8000421c (0x211f3637) lui     a2, 0x211f3
core   0: 0 0x8000421c (0x211f3637) x12 0x211f3000
core   0: 0x80004220 (0x00009b32) c.add   s6, a2
core   0: 0 0x80004220 (0x9b32) x22 0xa1226048
core   0: 0x80004222 (0xe00b01a3) sb      zero, -509(s6)
core   0: 0 0x80004222 (0xe00b01a3) mem 0xa1225e4b 0x0
core   0: 0x80004226 (0x961b09a3) sb      ra, -1677(s6)
core   0: 0 0x80004226 (0x961b09a3) mem 0xa12259bb 0x0
core   0: 0x8000422a (0x842b0423) sb      sp, -1976(s6)
core   0: 0 0x8000422a (0x842b0423) mem 0xa1225890 0x0
core   0: 0x8000422e (0x063b0523) sb      gp, 106(s6)
core   0: 0 0x8000422e (0x063b0523) mem 0xa12260b2 0x0
core   0: 0x80004232 (0x684b0623) sb      tp, 1676(s6)
core   0: 0 0x80004232 (0x684b0623) mem 0xa12266d4 0x0
core   0: 0x80004236 (0x065b1f23) sh      t0, 126(s6)
core   0: 0 0x80004236 (0x065b1f23) mem 0xa12260c6 0x0000
core   0: 0x8000423a (0x406b1423) sh      t1, 1032(s6)
core   0: 0 0x8000423a (0x406b1423) mem 0xa1226450 0x0048
core   0: 0x8000423e (0x0169ce33) xor     t3, s3, s6
core   0: 0 0x8000423e (0x0169ce33) x28 0xa1226048
core   0: 0x80004242 (0x000083b9) c.srli  a5, 14
core   0: 0 0x80004242 (0x83b9) x15 0x00020010
core   0: 0x80004244 (0xe03b0603) lb      a2, -509(s6)
core   0: 0 0x80004244 (0xe03b0603) x12 0x00000000 mem 0xa1225e4b
core   0: 0x80004248 (0xdaad4413) xori    s0, s10, -598
core   0: 0 0x80004248 (0xdaad4413) x8  0xfffffed5
core   0: 0x8000424c (0x973b4883) lbu     a7, -1677(s6)
core   0: 0 0x8000424c (0x973b4883) x17 0x00000000 mem 0xa12259bb
core   0: 0x80004250 (0x848b4783) lbu     a5, -1976(s6)
core   0: 0 0x80004250 (0x848b4783) x15 0x00000000 mem 0xa1225890
core   0: 0x80004254 (0x06ab4e03) lbu     t3, 106(s6)
core   0: 0 0x80004254 (0x06ab4e03) x28 0x00000000 mem 0xa12260b2
core   0: 0x80004258 (0x000087d1) c.srai  a5, 20
core   0: 0 0x80004258 (0x87d1) x15 0x00000000
core   0: 0x8000425a (0x016061b3) or      gp, zero, s6
core   0: 0 0x8000425a (0x016061b3) x3  0xa1226048
core   0: 0x8000425e (0x68cb0903) lb      s2, 1676(s6)
core   0: 0 0x8000425e (0x68cb0903) x18 0x00000000 mem 0xa12266d4
core   0: 0x80004262 (0x01619333) sll     t1, gp, s6
core   0: 0 0x80004262 (0x01619333) x6  0x22604800
core   0: 0x80004266 (0x07eb1003) lh      zero, 126(s6)
core   0: 0 0x80004266 (0x07eb1003) mem 0xa12260c6
core   0: 0x8000426a (0x408b1903) lh      s2, 1032(s6)
core   0: 0 0x8000426a (0x408b1903) x18 0x00000048 mem 0xa1226450
core   0: 0x8000426e (0x0002fd17) auipc   s10, 0x2f
core   0: 0 0x8000426e (0x0002fd17) x26 0x8003326e
core   0: 0x80004272 (0x8d8d0d13) addi    s10, s10, -1832
core   0: 0 0x80004272 (0x8d8d0d13) x26 0x80032b46
core   0: 0x80004276 (0xa4907513) andi    a0, zero, -1463
core   0: 0 0x80004276 (0xa4907513) x10 0x00000000
core   0: 0x8000427a (0xe7fd0683) lb      a3, -385(s10)
core   0: 0 0x8000427a (0xe7fd0683) x13 0x00000000 mem 0x800329c5
core   0: 0x8000427e (0xe7fd0803) lb      a6, -385(s10)
core   0: 0 0x8000427e (0xe7fd0803) x16 0x00000000 mem 0x800329c5
core   0: 0x80004282 (0xaa7d03a3) sb      t2, -1369(s10)
core   0: 0 0x80004282 (0xaa7d03a3) mem 0x800325ed 0x0
core   0: 0x80004286 (0xab3d03a3) sb      s3, -1369(s10)
core   0: 0 0x80004286 (0xab3d03a3) mem 0x800325ed 0x0
core   0: 0x8000428a (0xe02d0d23) sb      sp, -486(s10)
core   0: 0 0x8000428a (0xe02d0d23) mem 0x80032960 0x0
core   0: 0x8000428e (0xe10d1803) lh      a6, -496(s10)
core   0: 0 0x8000428e (0xe10d1803) x16 0x00000000 mem 0x80032956
core   0: 0x80004292 (0x000083f9) c.srli  a5, 30
core   0: 0 0x80004292 (0x83f9) x15 0x00000000
core   0: 0x80004294 (0xd59d0823) sb      s9, -688(s10)
core   0: 0 0x80004294 (0xd59d0823) mem 0x80032896 0x0
core   0: 0x80004298 (0xd4cd0823) sb      a2, -688(s10)
core   0: 0 0x80004298 (0xd4cd0823) mem 0x80032896 0x0
core   0: 0x8000429c (0xd50d1903) lh      s2, -688(s10)
core   0: 0 0x8000429c (0xd50d1903) x18 0x00000000 mem 0x80032896
core   0: 0x800042a0 (0x125d1623) sh      t0, 300(s10)
core   0: 0 0x800042a0 (0x125d1623) mem 0x80032c72 0x0000
core   0: 0x800042a4 (0xfb3d4c83) lbu     s9, -77(s10)
core   0: 0 0x800042a4 (0xfb3d4c83) x25 0x00000000 mem 0x80032af9
core   0: 0x800042a8 (0x853d0303) lb      t1, -1965(s10)
core   0: 0 0x800042a8 (0x853d0303) x6  0x00000000 mem 0x80032399
core   0: 0x800042ac (0x853d0503) lb      a0, -1965(s10)
core   0: 0 0x800042ac (0x853d0503) x10 0x00000000 mem 0x80032399
core   0: 0x800042b0 (0x00039517) auipc   a0, 0x39
core   0: 0 0x800042b0 (0x00039517) x10 0x8003d2b0
core   0: 0x800042b4 (0x5f050513) addi    a0, a0, 1520
core   0: 0 0x800042b4 (0x5f050513) x10 0x8003d8a0
core   0: 0x800042b8 (0x07d506a3) sb      t4, 109(a0)
core   0: 0 0x800042b8 (0x07d506a3) mem 0x8003d90d 0x74
core   0: 0x800042bc (0x0c350323) sb      gp, 198(a0)
core   0: 0 0x800042bc (0x0c350323) mem 0x8003d966 0x48
core   0: 0x800042c0 (0xf5b54283) lbu     t0, -165(a0)
core   0: 0 0x800042c0 (0xf5b54283) x5  0x00000000 mem 0x8003d7fb
core   0: 0x800042c4 (0x6ed93313) sltiu   t1, s2, 1773
core   0: 0 0x800042c4 (0x6ed93313) x6  0x00000001
core   0: 0x800042c8 (0xfac55e83) lhu     t4, -84(a0)
core   0: 0 0x800042c8 (0xfac55e83) x29 0x00000000 mem 0x8003d84c
core   0: 0x800042cc (0x00008609) c.srai  a2, 2
core   0: 0 0x800042cc (0x8609) x12 0x00000000
core   0: 0x800042ce (0x0000868a) c.mv    a3, sp
core   0: 0 0x800042ce (0x868a) x13 0x00000000
core   0: 0x800042d0 (0x0c450ca3) sb      tp, 217(a0)
core   0: 0 0x800042d0 (0x0c450ca3) mem 0x8003d979 0x0
core   0: 0x800042d4 (0x0d750703) lb      a4, 215(a0)
core   0: 0 0x800042d4 (0x0d750703) x14 0x00000000 mem 0x8003d977
core   0: 0x800042d8 (0x01650f83) lb      t6, 22(a0)
core   0: 0 0x800042d8 (0x01650f83) x31 0x00000000 mem 0x8003d8b6
core   0: 0x800042dc (0x000ae1b3) or      gp, s5, zero
core   0: 0 0x800042dc (0x000ae1b3) x3  0x00000000
core   0: 0x800042e0 (0xf5f54003) lbu     zero, -161(a0)
core   0: 0 0x800042e0 (0xf5f54003) mem 0x8003d7ff
core   0: 0x800042e4 (0xf5b54c03) lbu     s8, -165(a0)
core   0: 0 0x800042e4 (0xf5b54c03) x24 0x00000000 mem 0x8003d7fb
core   0: 0x800042e8 (0xfbb50fa3) sb      s11, -65(a0)
core   0: 0 0x800042e8 (0xfbb50fa3) mem 0x8003d85f 0x0
core   0: 0x800042ec (0x011506a3) sb      a7, 13(a0)
core   0: 0 0x800042ec (0x011506a3) mem 0x8003d8ad 0x0
core   0: 0x800042f0 (0x0117a9b3) slt     s3, a5, a7
core   0: 0 0x800042f0 (0x0117a9b3) x19 0x00000000
core   0: 0x800042f4 (0x00008e7d) c.and   a2, a5
core   0: 0 0x800042f4 (0x8e7d) x12 0x00000000
core   0: 0x800042f6 (0x00008f85) c.sub   a5, s1
core   0: 0 0x800042f6 (0x8f85) x15 0x7ffb819c
core   0: 0x800042f8 (0x029d2ab3) mulhsu  s5, s10, s1
core   0: 0 0x800042f8 (0x029d2ab3) x21 0xbfff567f
core   0: 0x800042fc (0x0da55e83) lhu     t4, 218(a0)
core   0: 0 0x800042fc (0x0da55e83) x29 0x00000000 mem 0x8003d97a
core   0: 0x80004300 (0x02e50423) sb      a4, 40(a0)
core   0: 0 0x80004300 (0x02e50423) mem 0x8003d8c8 0x0
core   0: 0x80004304 (0x00000001) c.nop
core   0: 0 0x80004304 (0x0001)
core   0: 0x80004306 (0xfa950e83) lb      t4, -87(a0)
core   0: 0 0x80004306 (0xfa950e83) x29 0x00000000 mem 0x8003d849
core   0: 0x8000430a (0x0e450723) sb      tp, 238(a0)
core   0: 0 0x8000430a (0x0e450723) mem 0x8003d98e 0x0
core   0: 0x8000430e (0x04850d23) sb      s0, 90(a0)
core   0: 0 0x8000430e (0x04850d23) mem 0x8003d8fa 0xd5
core   0: 0x80004312 (0xfb550883) lb      a7, -75(a0)
core   0: 0 0x80004312 (0xfb550883) x17 0x00000000 mem 0x8003d855
core   0: 0x80004316 (0x03ec41b3) div     gp, s8, t5
core   0: 0 0x80004316 (0x03ec41b3) x3  0x00000000
core   0: 0x8000431a (0x08050183) lb      gp, 128(a0)
core   0: 0 0x8000431a (0x08050183) x3  0x00000000 mem 0x8003d920
core   0: 0x8000431e (0x01c51783) lh      a5, 28(a0)
core   0: 0 0x8000431e (0x01c51783) x15 0x00000000 mem 0x8003d8bc
core   0: 0x80004322 (0x00008275) c.srli  a2, 29
core   0: 0 0x80004322 (0x8275) x12 0x00000000
core   0: 0x80004324 (0x0e255683) lhu     a3, 226(a0)
core   0: 0 0x80004324 (0x0e255683) x13 0x00000000 mem 0x8003d982
core   0: 0x80004328 (0x857dfd13) andi    s10, s11, -1961
core   0: 0 0x80004328 (0x857dfd13) x26 0x00000000
core   0: 0x8000432c (0x00005530) c.lw    a2, 104(a0)
core   0: 0 0x8000432c (0x5530) x12 0x00000000 mem 0x8003d908
core   0: 0x8000432e (0xf5f54c83) lbu     s9, -161(a0)
core   0: 0 0x8000432e (0xf5f54c83) x25 0x00000000 mem 0x8003d7ff
core   0: 0x80004332 (0xe6e64eb7) lui     t4, 0xe6e64
core   0: 0 0x80004332 (0xe6e64eb7) x29 0xe6e64000
core   0: 0x80004336 (0x029a4733) div     a4, s4, s1
core   0: 0 0x80004336 (0x029a4733) x14 0x00000000
core   0: 0x8000433a (0x00000001) c.nop
core   0: 0 0x8000433a (0x0001)
core   0: 0x8000433c (0xfbd50d83) lb      s11, -67(a0)
core   0: 0 0x8000433c (0xfbd50d83) x27 0x00000000 mem 0x8003d85d
core   0: 0x80004340 (0xf1554983) lbu     s3, -235(a0)
core   0: 0 0x80004340 (0xf1554983) x19 0x00000000 mem 0x8003d7b5
core   0: 0x80004344 (0x076506a3) sb      s6, 109(a0)
core   0: 0 0x80004344 (0x076506a3) mem 0x8003d90d 0x48
core   0: 0x80004348 (0xf4354e03) lbu     t3, -189(a0)
core   0: 0 0x80004348 (0xf4354e03) x28 0x00000000 mem 0x8003d7e3
core   0: 0x8000434c (0x049505a3) sb      s1, 75(a0)
core   0: 0 0x8000434c (0x049505a3) mem 0x8003d8eb 0x64
core   0: 0x80004350 (0xf0354703) lbu     a4, -253(a0)
core   0: 0 0x80004350 (0xf0354703) x14 0x00000000 mem 0x8003d7a3
core   0: 0x80004354 (0xf4750a03) lb      s4, -185(a0)
core   0: 0 0x80004354 (0xf4750a03) x20 0x00000000 mem 0x8003d7e7
core   0: 0x80004358 (0xf7a50da3) sb      s10, -133(a0)
core   0: 0 0x80004358 (0xf7a50da3) mem 0x8003d81b 0x0
core   0: 0x8000435c (0x00030217) auipc   tp, 0x30
core   0: 0 0x8000435c (0x00030217) x4  0x8003435c
core   0: 0x80004360 (0xdc720213) addi    tp, tp, -569
core   0: 0 0x80004360 (0xdc720213) x4  0x80034123
core   0: 0x80004364 (0x024262b3) rem     t0, tp, tp
core   0: 0 0x80004364 (0x024262b3) x5  0x00000000
core   0: 0x80004368 (0x03824403) lbu     s0, 56(tp)
core   0: 0 0x80004368 (0x03824403) x8  0x00000000 mem 0x8003415b
core   0: 0x8000436c (0x000083ed) c.srli  a5, 27
core   0: 0 0x8000436c (0x83ed) x15 0x00000000
core   0: 0x8000436e (0xfe120b83) lb      s7, -31(tp)
core   0: 0 0x8000436e (0xfe120b83) x23 0x00000000 mem 0x80034104
core   0: 0x80004372 (0x03220603) lb      a2, 50(tp)
core   0: 0 0x80004372 (0x03220603) x12 0x00000000 mem 0x80034155
core   0: 0x80004376 (0x01420b03) lb      s6, 20(tp)
core   0: 0 0x80004376 (0x01420b03) x22 0x00000000 mem 0x80034137
core   0: 0x8000437a (0x00001e7d) c.addi  t3, -1
core   0: 0 0x8000437a (0x1e7d) x28 0xffffffff
core   0: 0x8000437c (0x00001808) c.addi4spn a0, sp, 48
core   0: 0 0x8000437c (0x1808) x10 0x00000030
core   0: 0x8000437e (0xfd2200a3) sb      s2, -63(tp)
core   0: 0 0x8000437e (0xfd2200a3) mem 0x800340e4 0x0
core   0: 0x80004382 (0xfe4218a3) sh      tp, -15(tp)
core   0: 0 0x80004382 (0xfe4218a3) mem 0x80034114 0x4123
core   0: 0x80004386 (0xa70d7d93) andi    s11, s10, -1424
core   0: 0 0x80004386 (0xa70d7d93) x27 0x00000000
core   0: 0x8000438a (0x410bdd93) srai    s11, s7, 16
core   0: 0 0x8000438a (0x410bdd93) x27 0x00000000
core   0: 0x8000438e (0x03d009b3) mul     s3, zero, t4
core   0: 0 0x8000438e (0x03d009b3) x19 0x00000000
core   0: 0x80004392 (0x03824283) lbu     t0, 56(tp)
core   0: 0 0x80004392 (0x03824283) x5  0x00000000 mem 0x8003415b
core   0: 0x80004396 (0x02694733) div     a4, s2, t1
core   0: 0 0x80004396 (0x02694733) x14 0x00000000
core   0: 0x8000439a (0xbf356b13) ori     s6, a0, -1037
core   0: 0 0x8000439a (0xbf356b13) x22 0xfffffbf3
core   0: 0x8000439e (0x03024683) lbu     a3, 48(tp)
core   0: 0 0x8000439e (0x03024683) x13 0x00000000 mem 0x80034153
core   0: 0x800043a2 (0x000096fa) c.add   a3, t5
core   0: 0 0x800043a2 (0x96fa) x13 0x8004bce4
core   0: 0x800043a4 (0x04020803) lb      a6, 64(tp)
core   0: 0 0x800043a4 (0x04020803) x16 0x00000000 mem 0x80034163
core   0: 0x800043a8 (0x0000987d) c.andi  s0, -1
core   0: 0 0x800043a8 (0x987d) x8  0x00000000
core   0: 0x800043aa (0x02620983) lb      s3, 38(tp)
core   0: 0 0x800043aa (0x02620983) x19 0x00000000 mem 0x80034149
core   0: 0x800043ae (0x00008c2d) c.xor   s0, a1
core   0: 0 0x800043ae (0x8c2d) x8  0x894eacb4
core   0: 0x800043b0 (0x00921ba3) sh      s1, 23(tp)
core   0: 0 0x800043b0 (0x00921ba3) mem 0x8003413a 0x7e64
core   0: 0x800043b4 (0x00000001) c.nop
core   0: 0 0x800043b4 (0x0001)
core   0: 0x800043b6 (0x01420e83) lb      t4, 20(tp)
core   0: 0 0x800043b6 (0x01420e83) x29 0x00000000 mem 0x80034137
core   0: 0x800043ba (0xffa24603) lbu     a2, -6(tp)
core   0: 0 0x800043ba (0xffa24603) x12 0x00000000 mem 0x8003411d
core   0: 0x800043be (0x029d0cb3) mul     s9, s10, s1
core   0: 0 0x800043be (0x029d0cb3) x25 0x00000000
core   0: 0x800043c2 (0x00edd833) srl     a6, s11, a4
core   0: 0 0x800043c2 (0x00edd833) x16 0x00000000
core   0: 0x800043c6 (0x02230fb3) mul     t6, t1, sp
core   0: 0 0x800043c6 (0x02230fb3) x31 0x00000000
core   0: 0x800043ca (0xfd420403) lb      s0, -44(tp)
core   0: 0 0x800043ca (0xfd420403) x8  0x00000000 mem 0x800340f7
core   0: 0x800043ce (0xfd420e03) lb      t3, -44(tp)
core   0: 0 0x800043ce (0xfd420e03) x28 0x00000000 mem 0x800340f7
core   0: 0x800043d2 (0xfd620b83) lb      s7, -42(tp)
core   0: 0 0x800043d2 (0xfd620b83) x23 0x00000000 mem 0x800340f9
core   0: 0x800043d6 (0x9c290b93) addi    s7, s2, -1598
core   0: 0 0x800043d6 (0x9c290b93) x23 0xfffff9c2
core   0: 0x800043da (0xff324703) lbu     a4, -13(tp)
core   0: 0 0x800043da (0xff324703) x14 0x00000000 mem 0x80034116
core   0: 0x800043de (0x411256b3) sra     a3, tp, a7
core   0: 0 0x800043de (0x411256b3) x13 0x80034123
core   0: 0x800043e2 (0x034d5a33) divu    s4, s10, s4
core   0: 0 0x800043e2 (0x034d5a33) x20 0xffffffff
core   0: 0x800043e6 (0x02d20783) lb      a5, 45(tp)
core   0: 0 0x800043e6 (0x02d20783) x15 0x00000000 mem 0x80034150
core   0: 0x800043ea (0x00f206a3) sb      a5, 13(tp)
core   0: 0 0x800043ea (0x00f206a3) mem 0x80034130 0x0
core   0: 0x800043ee (0xfd620983) lb      s3, -42(tp)
core   0: 0 0x800043ee (0xfd620983) x19 0x00000000 mem 0x800340f9
core   0: 0x800043f2 (0xfe020803) lb      a6, -32(tp)
core   0: 0 0x800043f2 (0xfe020803) x16 0x00000000 mem 0x80034103
core   0: 0x800043f6 (0x0002e117) auipc   sp, 0x2e
core   0: 0 0x800043f6 (0x0002e117) x2  0x800323f6
core   0: 0x800043fa (0xc5a10113) addi    sp, sp, -934
core   0: 0 0x800043fa (0xc5a10113) x2  0x80032050
core   0: 0x800043fe (0xffd14a03) lbu     s4, -3(sp)
core   0: 0 0x800043fe (0xffd14a03) x20 0x00000000 mem 0x8003204d
core   0: 0x80004402 (0x13516213) ori     tp, sp, 309
core   0: 0 0x80004402 (0x13516213) x4  0x80032175
core   0: 0x80004406 (0x00b10a03) lb      s4, 11(sp)
core   0: 0 0x80004406 (0x00b10a03) x20 0x00000000 mem 0x8003205b
core   0: 0x8000440a (0x00b102a3) sb      a1, 5(sp)
core   0: 0 0x8000440a (0x00b102a3) mem 0x80032055 0xb4
core   0: 0x8000440e (0x00710a03) lb      s4, 7(sp)
core   0: 0 0x8000440e (0x00710a03) x20 0x00000000 mem 0x80032057
core   0: 0x80004412 (0x0000100f) fence.i
core   0: 0 0x80004412 (0x0000100f)
core   0: 0x80004416 (0x019103a3) sb      s9, 7(sp)
core   0: 0 0x80004416 (0x019103a3) mem 0x80032057 0x0
core   0: 0x8000441a (0x01511723) sh      s5, 14(sp)
core   0: 0 0x8000441a (0x01511723) mem 0x8003205e 0x567f
core   0: 0x8000441e (0x02f4bcb3) mulhu   s9, s1, a5
core   0: 0 0x8000441e (0x02f4bcb3) x25 0x00000000
core   0: 0x80004422 (0xff911d23) sh      s9, -6(sp)
core   0: 0 0x80004422 (0xff911d23) mem 0x8003204a 0x0000
core   0: 0x80004426 (0x00214683) lbu     a3, 2(sp)
core   0: 0 0x80004426 (0x00214683) x13 0x00000000 mem 0x80032052
core   0: 0x8000442a (0x01e10723) sb      t5, 14(sp)
core   0: 0 0x8000442a (0x01e10723) mem 0x8003205e 0xe4
core   0: 0x8000442e (0x0000c60a) c.swsp  sp, 12(sp)
core   0: 0 0x8000442e (0xc60a) mem 0x8003205c 0x80032050
core   0: 0x80004430 (0x8f3c6b13) ori     s6, s8, -1805
core   0: 0 0x80004430 (0x8f3c6b13) x22 0xfffff8f3
core   0: 0x80004434 (0x030b0d33) mul     s10, s6, a6
core   0: 0 0x80004434 (0x030b0d33) x26 0x00000000
core   0: 0x80004438 (0x0000c416) c.swsp  t0, 8(sp)
core   0: 0 0x80004438 (0xc416) mem 0x80032058 0x00000000
core   0: 0x8000443a (0x00214a03) lbu     s4, 2(sp)
core   0: 0 0x8000443a (0x00214a03) x20 0x00000000 mem 0x80032052
core   0: 0x8000443e (0x0000c056) c.swsp  s5, 0(sp)
core   0: 0 0x8000443e (0xc056) mem 0x80032050 0xbfff567f
core   0: 0x80004440 (0x0000c00a) c.swsp  sp, 0(sp)
core   0: 0 0x80004440 (0xc00a) mem 0x80032050 0x80032050
core   0: 0x80004442 (0x00008355) c.srli  a4, 21
core   0: 0 0x80004442 (0x8355) x14 0x00000000
core   0: 0x80004444 (0x00510c83) lb      s9, 5(sp)
core   0: 0 0x80004444 (0x00510c83) x25 0xffffffb4 mem 0x80032055
core   0: 0x80004448 (0xffd14803) lbu     a6, -3(sp)
core   0: 0 0x80004448 (0xffd14803) x16 0x00000000 mem 0x8003204d
core   0: 0x8000444c (0xffd10803) lb      a6, -3(sp)
core   0: 0 0x8000444c (0xffd10803) x16 0x00000000 mem 0x8003204d
core   0: 0x80004450 (0x0002e117) auipc   sp, 0x2e
core   0: 0 0x80004450 (0x0002e117) x2  0x80032450
core   0: 0x80004454 (0xfc810113) addi    sp, sp, -56
core   0: 0 0x80004454 (0xfc810113) x2  0x80032418
core   0: 0x80004458 (0x00004d42) c.lwsp  s10, 16(sp)
core   0: 0 0x80004458 (0x4d42) x26 0x00000000 mem 0x80032428
core   0: 0x8000445a (0xffb10ba3) sb      s11, -9(sp)
core   0: 0 0x8000445a (0xffb10ba3) mem 0x8003240f 0x0
core   0: 0x8000445e (0xff910d03) lb      s10, -7(sp)
core   0: 0 0x8000445e (0xff910d03) x26 0x00000000 mem 0x80032411
core   0: 0x80004462 (0x0000868a) c.mv    a3, sp
core   0: 0 0x80004462 (0x868a) x13 0x80032418
core   0: 0x80004464 (0xff611d83) lh      s11, -10(sp)
core   0: 0 0x80004464 (0xff611d83) x27 0x00000000 mem 0x8003240e
core   0: 0x80004468 (0x00210a03) lb      s4, 2(sp)
core   0: 0 0x80004468 (0x00210a03) x20 0x00000000 mem 0x8003241a
core   0: 0x8000446c (0x038c88b3) mul     a7, s9, s8
core   0: 0 0x8000446c (0x038c88b3) x17 0x00000000
core   0: 0x80004470 (0x00008e45) c.or    a2, s1
core   0: 0 0x80004470 (0x8e45) x12 0x80047e64
core   0: 0x80004472 (0xffd14e83) lbu     t4, -3(sp)
core   0: 0 0x80004472 (0xffd14e83) x29 0x00000000 mem 0x80032415
core   0: 0x80004476 (0xffa10c23) sb      s10, -8(sp)
core   0: 0 0x80004476 (0xffa10c23) mem 0x80032410 0x0
core   0: 0x8000447a (0x00b14c03) lbu     s8, 11(sp)
core   0: 0 0x8000447a (0x00b14c03) x24 0x00000000 mem 0x80032423
core   0: 0x8000447e (0xff710703) lb      a4, -9(sp)
core   0: 0 0x8000447e (0xff710703) x14 0x00000000 mem 0x8003240f
core   0: 0x80004482 (0x00a10a03) lb      s4, 10(sp)
core   0: 0 0x80004482 (0x00a10a03) x20 0x00000000 mem 0x80032422
core   0: 0x80004486 (0x000086e9) c.srai  a3, 26
core   0: 0 0x80004486 (0x86e9) x13 0xffffffe0
core   0: 0x80004488 (0xa4128293) addi    t0, t0, -1471
core   0: 0 0x80004488 (0xa4128293) x5  0xfffffa41
core   0: 0x8000448c (0x01b104a3) sb      s11, 9(sp)
core   0: 0 0x8000448c (0x01b104a3) mem 0x80032421 0x0
core   0: 0x80004490 (0x00a15403) lhu     s0, 10(sp)
core   0: 0 0x80004490 (0x00a15403) x8  0x00000000 mem 0x80032422
core   0: 0x80004494 (0x0000100f) fence.i
core   0: 0 0x80004494 (0x0000100f)
core   0: 0x80004498 (0x9fbd3d13) sltiu   s10, s10, -1541
core   0: 0 0x80004498 (0x9fbd3d13) x26 0x00000001
core   0: 0x8000449c (0x020d1933) mulh    s2, s10, zero
core   0: 0 0x8000449c (0x020d1933) x18 0x00000000
core   0: 0x800044a0 (0x03c62db3) mulhsu  s11, a2, t3
core   0: 0 0x800044a0 (0x03c62db3) x27 0x00000000
core   0: 0x800044a4 (0x00b14c83) lbu     s9, 11(sp)
core   0: 0 0x800044a4 (0x00b14c83) x25 0x00000000 mem 0x80032423
core   0: 0x800044a8 (0xff814003) lbu     zero, -8(sp)
core   0: 0 0x800044a8 (0xff814003) mem 0x80032410
core   0: 0x800044ac (0x00008ead) c.xor   a3, a1
core   0: 0 0x800044ac (0x8ead) x13 0x76b15354
core   0: 0x800044ae (0xfe5108a3) sb      t0, -15(sp)
core   0: 0 0x800044ae (0xfe5108a3) mem 0x80032409 0x41
core   0: 0x800044b2 (0x0000167d) c.addi  a2, -1
core   0: 0 0x800044b2 (0x167d) x12 0x80047e63
core   0: 0x800044b4 (0x0000100f) fence.i
core   0: 0 0x800044b4 (0x0000100f)
core   0: 0x800044b8 (0x82070e93) addi    t4, a4, -2016
core   0: 0 0x800044b8 (0x82070e93) x29 0xfffff820
core   0: 0x800044bc (0xffa14b83) lbu     s7, -6(sp)
core   0: 0 0x800044bc (0xffa14b83) x23 0x00000000 mem 0x80032412
core   0: 0x800044c0 (0xa9d83993) sltiu   s3, a6, -1379
core   0: 0 0x800044c0 (0xa9d83993) x19 0x00000001
core   0: 0x800044c4 (0x00008d41) c.or    a0, s0
core   0: 0 0x800044c4 (0x8d41) x10 0x00000030
core   0: 0x800044c6 (0xffc15c03) lhu     s8, -4(sp)
core   0: 0 0x800044c6 (0xffc15c03) x24 0x00000000 mem 0x80032414
core   0: 0x800044ca (0xff414683) lbu     a3, -12(sp)
core   0: 0 0x800044ca (0xff414683) x13 0x00000000 mem 0x8003240c
core   0: 0x800044ce (0x00610983) lb      s3, 6(sp)
core   0: 0 0x800044ce (0x00610983) x19 0x00000000 mem 0x8003241e
core   0: 0x800044d2 (0x015999b3) sll     s3, s3, s5
core   0: 0 0x800044d2 (0x015999b3) x19 0x00000000
core   0: 0x800044d6 (0x6219f313) andi    t1, s3, 1569
core   0: 0 0x800044d6 (0x6219f313) x6  0x00000000
core   0: 0x800044da (0x013104a3) sb      s3, 9(sp)
core   0: 0 0x800044da (0x013104a3) mem 0x80032421 0x0
core   0: 0x800044de (0xffb10b03) lb      s6, -5(sp)
core   0: 0 0x800044de (0xffb10b03) x22 0x00000000 mem 0x80032413
core   0: 0x800044e2 (0x01c16d33) or      s10, sp, t3
core   0: 0 0x800044e2 (0x01c16d33) x26 0x80032418
core   0: 0x800044e6 (0x02d2f6b3) remu    a3, t0, a3
core   0: 0 0x800044e6 (0x02d2f6b3) x13 0xfffffa41
core   0: 0x800044ea (0xfd9f7d17) auipc   s10, 0xfd9f7
core   0: 0 0x800044ea (0xfd9f7d17) x26 0x7d9fb4ea
core   0: 0x800044ee (0x00614203) lbu     tp, 6(sp)
core   0: 0 0x800044ee (0x00614203) x4  0x00000000 mem 0x8003241e
core   0: 0x800044f2 (0xffa11c03) lh      s8, -6(sp)
core   0: 0 0x800044f2 (0xffa11c03) x24 0x00000000 mem 0x80032412
core   0: 0x800044f6 (0x00000001) c.nop
core   0: 0 0x800044f6 (0x0001)
core   0: 0x800044f8 (0x00a10e03) lb      t3, 10(sp)
core   0: 0 0x800044f8 (0x00a10e03) x28 0x00000000 mem 0x80032422
core   0: 0x800044fc (0x01b100a3) sb      s11, 1(sp)
core   0: 0 0x800044fc (0x01b100a3) mem 0x80032419 0x0
core   0: 0x80004500 (0x013100a3) sb      s3, 1(sp)
core   0: 0 0x80004500 (0x013100a3) mem 0x80032419 0x0
core   0: 0x80004504 (0x0000918a) c.add   gp, sp
core   0: 0 0x80004504 (0x918a) x3  0x80032418
core   0: 0x80004506 (0xfff10d83) lb      s11, -1(sp)
core   0: 0 0x80004506 (0xfff10d83) x27 0x00000000 mem 0x80032417
core   0: 0x8000450a (0x0000c652) c.swsp  s4, 12(sp)
core   0: 0 0x8000450a (0xc652) mem 0x80032424 0x00000000
core   0: 0x8000450c (0x0002f697) auipc   a3, 0x2f
core   0: 0 0x8000450c (0x0002f697) x13 0x8003350c
core   0: 0x80004510 (0xa0e68693) addi    a3, a3, -1522
core   0: 0 0x80004510 (0xa0e68693) x13 0x80032f1a
core   0: 0x80004514 (0x0276c183) lbu     gp, 39(a3)
core   0: 0 0x80004514 (0x0276c183) x3  0x00000000 mem 0x80032f41
core   0: 0x80004518 (0xf216c283) lbu     t0, -223(a3)
core   0: 0 0x80004518 (0xf216c283) x5  0x00000000 mem 0x80032e3b
core   0: 0x8000451c (0x00f318b3) sll     a7, t1, a5
core   0: 0 0x8000451c (0x00f318b3) x17 0x00000000
core   0: 0x80004520 (0xf2168a83) lb      s5, -223(a3)
core   0: 0 0x80004520 (0xf2168a83) x21 0x00000000 mem 0x80032e3b
core   0: 0x80004524 (0xf38680a3) sb      s8, -223(a3)
core   0: 0 0x80004524 (0xf38680a3) mem 0x80032e3b 0x0
core   0: 0x80004528 (0xf906dd83) lhu     s11, -112(a3)
core   0: 0 0x80004528 (0xf906dd83) x27 0x00000000 mem 0x80032eaa
core   0: 0x8000452c (0xf906c603) lbu     a2, -112(a3)
core   0: 0 0x8000452c (0xf906c603) x12 0x00000000 mem 0x80032eaa
core   0: 0x80004530 (0xf8368823) sb      gp, -112(a3)
core   0: 0 0x80004530 (0xf8368823) mem 0x80032eaa 0x0
core   0: 0x80004534 (0xf906de83) lhu     t4, -112(a3)
core   0: 0 0x80004534 (0xf906de83) x29 0x00000000 mem 0x80032eaa
core   0: 0x80004538 (0x00006e95) c.lui   t4, 0x5
core   0: 0 0x80004538 (0x6e95) x29 0x00005000
core   0: 0x8000453a (0xd9c9fc13) andi    s8, s3, -612
core   0: 0 0x8000453a (0xd9c9fc13) x24 0x00000000
core   0: 0x8000453e (0xd92a3913) sltiu   s2, s4, -622
core   0: 0 0x8000453e (0xd92a3913) x18 0x00000001
core   0: 0x80004542 (0x08e69d83) lh      s11, 142(a3)
core   0: 0 0x80004542 (0x08e69d83) x27 0x00000000 mem 0x80032fa8
core   0: 0x80004546 (0x05e69623) sh      t5, 76(a3)
core   0: 0 0x80004546 (0x05e69623) mem 0x80032f66 0xbce4
core   0: 0x8000454a (0xfbb68c03) lb      s8, -69(a3)
core   0: 0 0x8000454a (0xfbb68c03) x24 0x00000000 mem 0x80032ed5
core   0: 0x8000454e (0xf66689a3) sb      t1, -141(a3)
core   0: 0 0x8000454e (0xf66689a3) mem 0x80032e8d 0x0
core   0: 0x80004552 (0x00000ffa) c.slli  t6, 30
core   0: 0 0x80004552 (0x0ffa) x31 0x00000000
core   0: 0x80004554 (0xf736ca03) lbu     s4, -141(a3)
core   0: 0 0x80004554 (0xf736ca03) x20 0x00000000 mem 0x80032e8d
core   0: 0x80004558 (0x031cf2b3) remu    t0, s9, a7
core   0: 0 0x80004558 (0x031cf2b3) x5  0x00000000
core   0: 0x8000455c (0xfbc69183) lh      gp, -68(a3)
core   0: 0 0x8000455c (0xfbc69183) x3  0x00000000 mem 0x80032ed6
core   0: 0x80004560 (0xfbc6db83) lhu     s7, -68(a3)
core   0: 0 0x80004560 (0xfbc6db83) x23 0x00000000 mem 0x80032ed6
core   0: 0x80004564 (0x02a69e83) lh      t4, 42(a3)
core   0: 0 0x80004564 (0x02a69e83) x29 0x00000000 mem 0x80032f44
core   0: 0x80004568 (0x0002ec17) auipc   s8, 0x2e
core   0: 0 0x80004568 (0x0002ec17) x24 0x80032568
core   0: 0x8000456c (0xc21c0c13) addi    s8, s8, -991
core   0: 0 0x8000456c (0xc21c0c13) x24 0x80032189
core   0: 0x80004570 (0x02ac0123) sb      a0, 34(s8)
core   0: 0 0x80004570 (0x02ac0123) mem 0x800321ab 0x30
core   0: 0x80004574 (0xfcdc4c83) lbu     s9, -51(s8)
core   0: 0 0x80004574 (0xfcdc4c83) x25 0x00000000 mem 0x80032156
core   0: 0x80004578 (0xfcdc4a03) lbu     s4, -51(s8)
core   0: 0 0x80004578 (0xfcdc4a03) x20 0x00000000 mem 0x80032156
core   0: 0x8000457c (0x009933b3) sltu    t2, s2, s1
core   0: 0 0x8000457c (0x009933b3) x7  0x00000001
core   0: 0x80004580 (0xfc1c16a3) sh      ra, -51(s8)
core   0: 0 0x80004580 (0xfc1c16a3) mem 0x80032156 0x0000
core   0: 0x80004584 (0xfcdc4a03) lbu     s4, -51(s8)
core   0: 0 0x80004584 (0xfcdc4a03) x20 0x00000000 mem 0x80032156
core   0: 0x80004588 (0xfc7c5783) lhu     a5, -57(s8)
core   0: 0 0x80004588 (0xfc7c5783) x15 0x00000000 mem 0x80032150
core   0: 0x8000458c (0xfc7c4603) lbu     a2, -57(s8)
core   0: 0 0x8000458c (0xfc7c4603) x12 0x00000000 mem 0x80032150
core   0: 0x80004590 (0xfc7c1103) lh      sp, -57(s8)
core   0: 0 0x80004590 (0xfc7c1103) x2  0x00000000 mem 0x80032150
core   0: 0x80004594 (0xfc7c4f83) lbu     t6, -57(s8)
core   0: 0 0x80004594 (0xfc7c4f83) x31 0x00000000 mem 0x80032150
core   0: 0x80004598 (0xfc5c23a3) sw      t0, -57(s8)
core   0: 0 0x80004598 (0xfc5c23a3) mem 0x80032150 0x00000000
core   0: 0x8000459c (0x0002fe97) auipc   t4, 0x2f
core   0: 0 0x8000459c (0x0002fe97) x29 0x8003359c
core   0: 0x800045a0 (0x9e7e8e93) addi    t4, t4, -1561
core   0: 0 0x800045a0 (0x9e7e8e93) x29 0x80032f83
core   0: 0x800045a4 (0x019ec403) lbu     s0, 25(t4)
core   0: 0 0x800045a4 (0x019ec403) x8  0x00000000 mem 0x80032f9c
core   0: 0x800045a8 (0x002e90a3) sh      sp, 1(t4)
core   0: 0 0x800045a8 (0x002e90a3) mem 0x80032f84 0x0000
core   0: 0x800045ac (0x5a330a17) auipc   s4, 0x5a330
core   0: 0 0x800045ac (0x5a330a17) x20 0xda3345ac
core   0: 0x800045b0 (0x001ed103) lhu     sp, 1(t4)
core   0: 0 0x800045b0 (0x001ed103) x2  0x00000000 mem 0x80032f84
core   0: 0x800045b4 (0x009eab83) lw      s7, 9(t4)
core   0: 0 0x800045b4 (0x009eab83) x23 0x00000000 mem 0x80032f8c
core   0: 0x800045b8 (0x09de9383) lh      t2, 157(t4)
core   0: 0 0x800045b8 (0x09de9383) x7  0x00000000 mem 0x80033020
core   0: 0x800045bc (0x09dead03) lw      s10, 157(t4)
core   0: 0 0x800045bc (0x09dead03) x26 0x00000000 mem 0x80033020
core   0: 0x800045c0 (0xff1ed703) lhu     a4, -15(t4)
core   0: 0 0x800045c0 (0xff1ed703) x14 0x00000000 mem 0x80032f74
core   0: 0x800045c4 (0x00008d19) c.sub   a0, a4
core   0: 0 0x800045c4 (0x8d19) x10 0x00000030
core   0: 0x800045c6 (0xff6e8103) lb      sp, -10(t4)
core   0: 0 0x800045c6 (0xff6e8103) x2  0x00000000 mem 0x80032f79
core   0: 0x800045ca (0xfeae8b23) sb      a0, -10(t4)
core   0: 0 0x800045ca (0xfeae8b23) mem 0x80032f79 0x30
core   0: 0x800045ce (0xffde8b23) sb      t4, -10(t4)
core   0: 0 0x800045ce (0xffde8b23) mem 0x80032f79 0x83
core   0: 0x800045d2 (0xffbe8b23) sb      s11, -10(t4)
core   0: 0 0x800045d2 (0xffbe8b23) mem 0x80032f79 0x0
core   0: 0x800045d6 (0xfefe8b23) sb      a5, -10(t4)
core   0: 0 0x800045d6 (0xfefe8b23) mem 0x80032f79 0x0
core   0: 0x800045da (0x0002e117) auipc   sp, 0x2e
core   0: 0 0x800045da (0x0002e117) x2  0x800325da
core   0: 0x800045de (0xe6910113) addi    sp, sp, -407
core   0: 0 0x800045de (0xe6910113) x2  0x80032443
core   0: 0x800045e2 (0x00d15383) lhu     t2, 13(sp)
core   0: 0 0x800045e2 (0x00d15383) x7  0x00000000 mem 0x80032450
core   0: 0x800045e6 (0xff711003) lh      zero, -9(sp)
core   0: 0 0x800045e6 (0xff711003) mem 0x8003243a
core   0: 0x800045ea (0x00614d83) lbu     s11, 6(sp)
core   0: 0 0x800045ea (0x00614d83) x27 0x00000000 mem 0x80032449
core   0: 0x800045ee (0x40de0cb3) sub     s9, t3, a3
core   0: 0 0x800045ee (0x40de0cb3) x25 0x7ffcd0e6
core   0: 0x800045f2 (0x000060c9) c.lui   ra, 0x12
core   0: 0 0x800045f2 (0x60c9) x1  0x00012000
core   0: 0x800045f4 (0x00710d03) lb      s10, 7(sp)
core   0: 0 0x800045f4 (0x00710d03) x26 0x00000000 mem 0x8003244a
core   0: 0x800045f8 (0x00315b83) lhu     s7, 3(sp)
core   0: 0 0x800045f8 (0x00315b83) x23 0x00000000 mem 0x80032446
core   0: 0x800045fc (0x00614603) lbu     a2, 6(sp)
core   0: 0 0x800045fc (0x00614603) x12 0x00000000 mem 0x80032449
core   0: 0x80004600 (0x01fb1d13) slli    s10, s6, 31
core   0: 0 0x80004600 (0x01fb1d13) x26 0x00000000
core   0: 0x80004604 (0x0147ae33) slt     t3, a5, s4
core   0: 0 0x80004604 (0x0147ae33) x28 0x00000000
core   0: 0x80004608 (0xfa846013) ori     zero, s0, -88
core   0: 0 0x80004608 (0xfa846013)
core   0: 0x8000460c (0x00a10883) lb      a7, 10(sp)
core   0: 0 0x8000460c (0x00a10883) x17 0x00000000 mem 0x8003244d
core   0: 0x80004610 (0x00a10e03) lb      t3, 10(sp)
core   0: 0 0x80004610 (0x00a10e03) x28 0x00000000 mem 0x8003244d
core   0: 0x80004614 (0x01010623) sb      a6, 12(sp)
core   0: 0 0x80004614 (0x01010623) mem 0x8003244f 0x0
core   0: 0x80004618 (0x00715983) lhu     s3, 7(sp)
core   0: 0 0x80004618 (0x00715983) x19 0x00000000 mem 0x8003244a
core   0: 0x8000461c (0xfd3a8893) addi    a7, s5, -45
core   0: 0 0x8000461c (0xfd3a8893) x17 0xffffffd3
core   0: 0x80004620 (0x00711883) lh      a7, 7(sp)
core   0: 0 0x80004620 (0x00711883) x17 0x00000000 mem 0x8003244a
core   0: 0x80004624 (0x00715883) lhu     a7, 7(sp)
core   0: 0 0x80004624 (0x00715883) x17 0x00000000 mem 0x8003244a
core   0: 0x80004628 (0x000087b9) c.srai  a5, 14
core   0: 0 0x80004628 (0x87b9) x15 0x00000000
core   0: 0x8000462a (0xffb12aa3) sw      s11, -11(sp)
core   0: 0 0x8000462a (0xffb12aa3) mem 0x80032438 0x00000000
core   0: 0x8000462e (0xfe410f23) sb      tp, -2(sp)
core   0: 0 0x8000462e (0xfe410f23) mem 0x80032441 0x0
core   0: 0x80004632 (0x0002e117) auipc   sp, 0x2e
core   0: 0 0x80004632 (0x0002e117) x2  0x80032632
core   0: 0x80004636 (0xa1610113) addi    sp, sp, -1514
core   0: 0 0x80004636 (0xa1610113) x2  0x80032048
core   0: 0x8000463a (0x59e03d37) lui     s10, 0x59e03
core   0: 0 0x8000463a (0x59e03d37) x26 0x59e03000
core   0: 0x8000463e (0x0000916a) c.add   sp, s10
core   0: 0 0x8000463e (0x916a) x2  0xd9e35048
core   0: 0x80004640 (0xfe210a23) sb      sp, -12(sp)
core   0: 0 0x80004640 (0xfe210a23) mem 0xd9e3503c 0x48
core   0: 0x80004644 (0xd8510fa3) sb      t0, -609(sp)
core   0: 0 0x80004644 (0xd8510fa3) mem 0xd9e34de7 0x0
core   0: 0x80004648 (0x12611123) sh      t1, 290(sp)
core   0: 0 0x80004648 (0x12611123) mem 0xd9e3516a 0x0000
core   0: 0x8000464c (0x0000061a) c.slli  a2, 6
core   0: 0 0x8000464c (0x061a) x12 0x00000000
core   0: 0x8000464e (0xc6a11a23) sh      a0, -908(sp)
core   0: 0 0x8000464e (0xc6a11a23) mem 0xd9e34cbc 0x0030
core   0: 0x80004652 (0x0361f833) remu    a6, gp, s6
core   0: 0 0x80004652 (0x0361f833) x16 0x00000000
core   0: 0x80004656 (0x40a2d313) srai    t1, t0, 10
core   0: 0 0x80004656 (0x40a2d313) x6  0x00000000
core   0: 0x8000465a (0x41175033) sra     zero, a4, a7
core   0: 0 0x8000465a (0x41175033)
core   0: 0x8000465e (0x03c159b3) divu    s3, sp, t3
core   0: 0 0x8000465e (0x03c159b3) x19 0xffffffff
core   0: 0x80004662 (0x69011e23) sh      a6, 1692(sp)
core   0: 0 0x80004662 (0x69011e23) mem 0xd9e356e4 0x0000
core   0: 0x80004666 (0x00008eed) c.and   a3, a1
core   0: 0 0x80004666 (0x8eed) x13 0x80022c10
core   0: 0x80004668 (0x00008fe5) c.and   a5, s1
core   0: 0 0x80004668 (0x8fe5) x15 0x00000000
core   0: 0x8000466a (0x03828a33) mul     s4, t0, s8
core   0: 0 0x8000466a (0x03828a33) x20 0x00000000
core   0: 0x8000466e (0xff414e83) lbu     t4, -12(sp)
core   0: 0 0x8000466e (0xff414e83) x29 0x00000048 mem 0xd9e3503c
core   0: 0x80004672 (0x016530b3) sltu    ra, a0, s6
core   0: 0 0x80004672 (0x016530b3) x1  0x00000000
core   0: 0x80004676 (0x00008c65) c.and   s0, s1
core   0: 0 0x80004676 (0x8c65) x8  0x00000000
core   0: 0x80004678 (0x6c810223) sb      s0, 1732(sp)
core   0: 0 0x80004678 (0x6c810223) mem 0xd9e3570c 0x0
core   0: 0x8000467c (0xc4e10ba3) sb      a4, -937(sp)
core   0: 0 0x8000467c (0xc4e10ba3) mem 0xd9e34c9f 0x0
core   0: 0x80004680 (0xd9f10803) lb      a6, -609(sp)
core   0: 0 0x80004680 (0xd9f10803) x16 0x00000000 mem 0xd9e34de7
core   0: 0x80004684 (0x12211783) lh      a5, 290(sp)
core   0: 0 0x80004684 (0x12211783) x15 0x00000000 mem 0xd9e3516a
core   0: 0x80004688 (0x0002e117) auipc   sp, 0x2e
core   0: 0 0x80004688 (0x0002e117) x2  0x80032688
core   0: 0x8000468c (0x9c010113) addi    sp, sp, -1600
core   0: 0 0x8000468c (0x9c010113) x2  0x80032048
core   0: 0x80004690 (0x505b1d37) lui     s10, 0x505b1
core   0: 0 0x80004690 (0x505b1d37) x26 0x505b1000
core   0: 0x80004694 (0x0000916a) c.add   sp, s10
core   0: 0 0x80004694 (0x916a) x2  0xd05e3048
core   0: 0x80004696 (0x42010123) sb      zero, 1058(sp)
core   0: 0 0x80004696 (0x42010123) mem 0xd05e346a 0x0
core   0: 0x8000469a (0x66110fa3) sb      ra, 1663(sp)
core   0: 0 0x8000469a (0x66110fa3) mem 0xd05e36c7 0x0
core   0: 0x8000469e (0x62210fa3) sb      sp, 1599(sp)
core   0: 0 0x8000469e (0x62210fa3) mem 0xd05e3687 0x48
core   0: 0x800046a2 (0x22311b23) sh      gp, 566(sp)
core   0: 0 0x800046a2 (0x22311b23) mem 0xd05e327e 0x0000
core   0: 0x800046a6 (0x4e4100a3) sb      tp, 1249(sp)
core   0: 0 0x800046a6 (0x4e4100a3) mem 0xd05e3529 0x0
core   0: 0x800046aa (0xea511323) sh      t0, -346(sp)
core   0: 0 0x800046aa (0xea511323) mem 0xd05e2eee 0x0000
core   0: 0x800046ae (0x16611d23) sh      t1, 378(sp)
core   0: 0 0x800046ae (0x16611d23) mem 0xd05e31c2 0x0000
core   0: 0x800046b2 (0x767100a3) sb      t2, 1889(sp)
core   0: 0 0x800046b2 (0x767100a3) mem 0xd05e37a9 0x0
core   0: 0x800046b6 (0x42214003) lbu     zero, 1058(sp)
core   0: 0 0x800046b6 (0x42214003) mem 0xd05e346a
core   0: 0x800046ba (0x02bfba33) mulhu   s4, t6, a1
core   0: 0 0x800046ba (0x02bfba33) x20 0x00000000
core   0: 0x800046be (0x67f10983) lb      s3, 1663(sp)
core   0: 0 0x800046be (0x67f10983) x19 0x00000000 mem 0xd05e36c7
core   0: 0x800046c2 (0x63f10083) lb      ra, 1599(sp)
core   0: 0 0x800046c2 (0x63f10083) x1  0x00000048 mem 0xd05e3687
core   0: 0x800046c6 (0x6c440193) addi    gp, s0, 1732
core   0: 0 0x800046c6 (0x6c440193) x3  0x000006c4
core   0: 0x800046ca (0x23615203) lhu     tp, 566(sp)
core   0: 0 0x800046ca (0x23615203) x4  0x00000000 mem 0xd05e327e
core   0: 0x800046ce (0x406d5bb3) sra     s7, s10, t1
core   0: 0 0x800046ce (0x406d5bb3) x23 0x505b1000
core   0: 0x800046d2 (0x4e110e83) lb      t4, 1249(sp)
core   0: 0 0x800046d2 (0x4e110e83) x29 0x00000000 mem 0xd05e3529
core   0: 0x800046d6 (0x9f887e13) andi    t3, a6, -1544
core   0: 0 0x800046d6 (0x9f887e13) x28 0x00000000
core   0: 0x800046da (0x00008f61) c.and   a4, s0
core   0: 0 0x800046da (0x8f61) x14 0x00000000
core   0: 0x800046dc (0xea611c03) lh      s8, -346(sp)
core   0: 0 0x800046dc (0xea611c03) x24 0x00000000 mem 0xd05e2eee
core   0: 0x800046e0 (0x17a11b03) lh      s6, 378(sp)
core   0: 0 0x800046e0 (0x17a11b03) x22 0x00000000 mem 0xd05e31c2
core   0: 0x800046e4 (0x76114683) lbu     a3, 1889(sp)
core   0: 0 0x800046e4 (0x76114683) x13 0x00000000 mem 0xd05e37a9
core   0: 0x800046e8 (0x0002e717) auipc   a4, 0x2e
core   0: 0 0x800046e8 (0x0002e717) x14 0x800326e8
core   0: 0x800046ec (0xac370713) addi    a4, a4, -1341
core   0: 0 0x800046ec (0xac370713) x14 0x800321ab
core   0: 0x800046f0 (0x0003f097) auipc   ra, 0x3f
core   0: 0 0x800046f0 (0x0003f097) x1  0x800436f0
core   0: 0x800046f4 (0x82308093) addi    ra, ra, -2013
core   0: 0 0x800046f4 (0x82308093) x1  0x80042f13
core   0: 0x800046f8 (0xf13084a3) sb      s3, -247(ra)
core   0: 0 0x800046f8 (0xf13084a3) mem 0x80042e1c 0x0
core   0: 0x800046fc (0xfb908ca3) sb      s9, -71(ra)
core   0: 0 0x800046fc (0xfb908ca3) mem 0x80042ecc 0xe6
core   0: 0x80004700 (0x0b60c303) lbu     t1, 182(ra)
core   0: 0 0x80004700 (0x0b60c303) x6  0x00000000 mem 0x80042fc9
core   0: 0x80004704 (0x05c0c003) lbu     zero, 92(ra)
core   0: 0 0x80004704 (0x05c0c003) mem 0x80042f6f
core   0: 0x80004708 (0xfa008183) lb      gp, -96(ra)
core   0: 0 0x80004708 (0xfa008183) x3  0x00000000 mem 0x80042eb3
core   0: 0x8000470c (0x04e74a83) lbu     s5, 78(a4)
core   0: 0 0x8000470c (0x04e74a83) x21 0x00000000 mem 0x800321f9
core   0: 0x80004710 (0xff474a03) lbu     s4, -12(a4)
core   0: 0 0x80004710 (0xff474a03) x20 0x00000000 mem 0x8003219f
core   0: 0x80004714 (0x05c08623) sb      t3, 76(ra)
core   0: 0 0x80004714 (0x05c08623) mem 0x80042f5f 0x0
core   0: 0x80004718 (0x0e9713a3) sh      s1, 231(a4)
core   0: 0 0x80004718 (0x0e9713a3) mem 0x80032292 0x7e64
core   0: 0x8000471c (0xf890a2a3) sw      s1, -123(ra)
core   0: 0 0x8000471c (0xf890a2a3) mem 0x80042e98 0x80047e64
core   0: 0x80004720 (0xfbc08303) lb      t1, -68(ra)
core   0: 0 0x80004720 (0xfbc08303) x6  0x00000000 mem 0x80042ecf
core   0: 0x80004724 (0x0f670183) lb      gp, 246(a4)
core   0: 0 0x80004724 (0x0f670183) x3  0x00000000 mem 0x800322a1
core   0: 0x80004728 (0xf0574803) lbu     a6, -251(a4)
core   0: 0 0x80004728 (0xf0574803) x16 0x00000000 mem 0x800320b0
core   0: 0x8000472c (0x00d08c83) lb      s9, 13(ra)
core   0: 0 0x8000472c (0x00d08c83) x25 0x00000000 mem 0x80042f20
core   0: 0x80004730 (0x0fe74e03) lbu     t3, 254(a4)
core   0: 0 0x80004730 (0x0fe74e03) x28 0x00000000 mem 0x800322a9
core   0: 0x80004734 (0x03608d83) lb      s11, 54(ra)
core   0: 0 0x80004734 (0x03608d83) x27 0x00000000 mem 0x80042f49
core   0: 0x80004738 (0x0002e397) auipc   t2, 0x2e
core   0: 0 0x80004738 (0x0002e397) x7  0x80032738
core   0: 0x8000473c (0x91038393) addi    t2, t2, -1776
core   0: 0 0x8000473c (0x91038393) x7  0x80032048
core   0: 0x80004740 (0x37675d37) lui     s10, 0x37675
core   0: 0 0x80004740 (0x37675d37) x26 0x37675000
core   0: 0x80004744 (0x000093ea) c.add   t2, s10
core   0: 0 0x80004744 (0x93ea) x7  0xb76a7048
core   0: 0x80004746 (0xf81385a3) sb      ra, -117(t2)
core   0: 0 0x80004746 (0xf81385a3) mem 0xb76a6fd3 0x13
core   0: 0x8000474a (0xf8338aa3) sb      gp, -107(t2)
core   0: 0 0x8000474a (0xf8338aa3) mem 0xb76a6fdd 0x0
core   0: 0x8000474e (0xd04381a3) sb      tp, -765(t2)
core   0: 0 0x8000474e (0xd04381a3) mem 0xb76a6d4b 0x0
core   0: 0x80004752 (0x705389a3) sb      t0, 1811(t2)
core   0: 0 0x80004752 (0x705389a3) mem 0xb76a775b 0x0
core   0: 0x80004756 (0x3c639523) sh      t1, 970(t2)
core   0: 0 0x80004756 (0x3c639523) mem 0xb76a7412 0x0000
core   0: 0x8000475a (0x1c139723) sh      ra, 462(t2)
core   0: 0 0x8000475a (0x1c139723) mem 0xb76a7216 0x2f13
core   0: 0x8000475e (0xf8b38983) lb      s3, -117(t2)
core   0: 0 0x8000475e (0xf8b38983) x19 0x00000013 mem 0xb76a6fd3
core   0: 0x80004762 (0x2e839623) sh      s0, 748(t2)
core   0: 0 0x80004762 (0x2e839623) mem 0xb76a7334 0x0000
core   0: 0x80004766 (0xf9538603) lb      a2, -107(t2)
core   0: 0 0x80004766 (0xf9538603) x12 0x00000000 mem 0xb76a6fdd
core   0: 0x8000476a (0xd033c283) lbu     t0, -765(t2)
core   0: 0 0x8000476a (0xd033c283) x5  0x00000000 mem 0xb76a6d4b
core   0: 0x8000476e (0x7133cb83) lbu     s7, 1811(t2)
core   0: 0 0x8000476e (0x7133cb83) x23 0x00000000 mem 0xb76a775b
core   0: 0x80004772 (0x034d0eb3) mul     t4, s10, s4
core   0: 0 0x80004772 (0x034d0eb3) x29 0x00000000
core   0: 0x80004776 (0x0000100f) fence.i
core   0: 0 0x80004776 (0x0000100f)
core   0: 0x8000477a (0x00009a7d) c.andi  a2, -1
core   0: 0 0x8000477a (0x9a7d) x12 0x00000000
core   0: 0x8000477c (0x007dd093) srli    ra, s11, 7
core   0: 0 0x8000477c (0x007dd093) x1  0x00000000
core   0: 0x80004780 (0x03406bb3) rem     s7, zero, s4
core   0: 0 0x80004780 (0x03406bb3) x23 0x00000000
core   0: 0x80004784 (0x02cdf0b3) remu    ra, s11, a2
core   0: 0 0x80004784 (0x02cdf0b3) x1  0x00000000
core   0: 0x80004788 (0x3ca3d683) lhu     a3, 970(t2)
core   0: 0 0x80004788 (0x3ca3d683) x13 0x00000000 mem 0xb76a7412
core   0: 0x8000478c (0x00031197) auipc   gp, 0x31
core   0: 0 0x8000478c (0x00031197) x3  0x8003578c
core   0: 0x80004790 (0x3e718193) addi    gp, gp, 999
core   0: 0 0x80004790 (0x3e718193) x3  0x80035b73
core   0: 0x80004794 (0x0002e697) auipc   a3, 0x2e
core   0: 0 0x80004794 (0x0002e697) x13 0x80032794
core   0: 0x80004798 (0xc2668693) addi    a3, a3, -986
core   0: 0 0x80004798 (0xc2668693) x13 0x800323ba
core   0: 0x8000479c (0xffd1d283) lhu     t0, -3(gp)
core   0: 0 0x8000479c (0xffd1d283) x5  0x00000000 mem 0x80035b70
core   0: 0x800047a0 (0xff869b23) sh      s8, -10(a3)
core   0: 0 0x800047a0 (0xff869b23) mem 0x800323b0 0x0000
core   0: 0x800047a4 (0x00069983) lh      s3, 0(a3)
core   0: 0 0x800047a4 (0x00069983) x19 0x00000000 mem 0x800323ba
core   0: 0x800047a8 (0xfea688a3) sb      a0, -15(a3)
core   0: 0 0x800047a8 (0xfea688a3) mem 0x800323ab 0x30
core   0: 0x800047ac (0x00018083) lb      ra, 0(gp)
core   0: 0 0x800047ac (0x00018083) x1  0x00000000 mem 0x80035b73
core   0: 0x800047b0 (0xff41c203) lbu     tp, -12(gp)
core   0: 0 0x800047b0 (0xff41c203) x4  0x00000000 mem 0x80035b67
core   0: 0x800047b4 (0x00719b03) lh      s6, 7(gp)
core   0: 0 0x800047b4 (0x00719b03) x22 0x00000000 mem 0x80035b7a
core   0: 0x800047b8 (0xff418f83) lb      t6, -12(gp)
core   0: 0 0x800047b8 (0xff418f83) x31 0x00000000 mem 0x80035b67
core   0: 0x800047bc (0x00069523) sh      zero, 10(a3)
core   0: 0 0x800047bc (0x00069523) mem 0x800323c4 0x0000
core   0: 0x800047c0 (0xffb68783) lb      a5, -5(a3)
core   0: 0 0x800047c0 (0xffb68783) x15 0x00000000 mem 0x800323b5
core   0: 0x800047c4 (0xffe18203) lb      tp, -2(gp)
core   0: 0 0x800047c4 (0xffe18203) x4  0x00000000 mem 0x80035b71
core   0: 0x800047c8 (0xff66ad03) lw      s10, -10(a3)
core   0: 0 0x800047c8 (0xff66ad03) x26 0x00000000 mem 0x800323b0
core   0: 0x800047cc (0xffb68c83) lb      s9, -5(a3)
core   0: 0 0x800047cc (0xffb68c83) x25 0x00000000 mem 0x800323b5
core   0: 0x800047d0 (0x0002e997) auipc   s3, 0x2e
core   0: 0 0x800047d0 (0x0002e997) x19 0x800327d0
core   0: 0x800047d4 (0x10c98993) addi    s3, s3, 268
core   0: 0 0x800047d4 (0x10c98993) x19 0x800328dc
core   0: 0x800047d8 (0xe2867013) andi    zero, a2, -472
core   0: 0 0x800047d8 (0xe2867013)
core   0: 0x800047dc (0x0369c203) lbu     tp, 54(s3)
core   0: 0 0x800047dc (0x0369c203) x4  0x00000000 mem 0x80032912
core   0: 0x800047e0 (0xfd09ab83) lw      s7, -48(s3)
core   0: 0 0x800047e0 (0xfd09ab83) x23 0x00000000 mem 0x800328ac
core   0: 0x800047e4 (0xff6984a3) sb      s6, -23(s3)
core   0: 0 0x800047e4 (0xff6984a3) mem 0x800328c5 0x0
core   0: 0x800047e8 (0x40d05b93) srai    s7, zero, 13
core   0: 0 0x800047e8 (0x40d05b93) x23 0x00000000
core   0: 0x800047ec (0x40f3d013) srai    zero, t2, 15
core   0: 0 0x800047ec (0x40f3d013)
core   0: 0x800047f0 (0x0219c083) lbu     ra, 33(s3)
core   0: 0 0x800047f0 (0x0219c083) x1  0x00000000 mem 0x800328fd
core   0: 0x800047f4 (0x0219c503) lbu     a0, 33(s3)
core   0: 0 0x800047f4 (0x0219c503) x10 0x00000000 mem 0x800328fd
core   0: 0x800047f8 (0x01798c03) lb      s8, 23(s3)
core   0: 0 0x800047f8 (0x01798c03) x24 0x00000000 mem 0x800328f3
core   0: 0x800047fc (0xfdd98b83) lb      s7, -35(s3)
core   0: 0 0x800047fc (0xfdd98b83) x23 0x00000000 mem 0x800328b9
core   0: 0x80004800 (0xcc56f413) andi    s0, a3, -827
core   0: 0 0x80004800 (0xcc56f413) x8  0x80032080
core   0: 0x80004804 (0xfd298ea3) sb      s2, -35(s3)
core   0: 0 0x80004804 (0xfd298ea3) mem 0x800328b9 0x1
core   0: 0x80004808 (0x00006ef9) c.lui   t4, 0x1e
core   0: 0 0x80004808 (0x6ef9) x29 0x0001e000
core   0: 0x8000480a (0xfcc98ea3) sb      a2, -35(s3)
core   0: 0 0x8000480a (0xfcc98ea3) mem 0x800328b9 0x0
core   0: 0x8000480e (0xfdd98503) lb      a0, -35(s3)
core   0: 0 0x8000480e (0xfdd98503) x10 0x00000000 mem 0x800328b9
core   0: 0x80004812 (0x0002e797) auipc   a5, 0x2e
core   0: 0 0x80004812 (0x0002e797) x15 0x80032812
core   0: 0x80004816 (0x96f78793) addi    a5, a5, -1681
core   0: 0 0x80004816 (0x96f78793) x15 0x80032181
core   0: 0x8000481a (0x00030b97) auipc   s7, 0x30
core   0: 0 0x8000481a (0x00030b97) x23 0x8003481a
core   0: 0x8000481e (0x1a6b8b93) addi    s7, s7, 422
core   0: 0 0x8000481e (0x1a6b8b93) x23 0x800349c0
core   0: 0x80004822 (0x0827ca83) lbu     s5, 130(a5)
core   0: 0 0x80004822 (0x0827ca83) x21 0x00000000 mem 0x80032203
core   0: 0x80004826 (0x010bd603) lhu     a2, 16(s7)
core   0: 0 0x80004826 (0x010bd603) x12 0x00000000 mem 0x800349d0
core   0: 0x8000482a (0xfcc78983) lb      s3, -52(a5)
core   0: 0 0x8000482a (0xfcc78983) x19 0x00000000 mem 0x8003214d
core   0: 0x8000482e (0xfe2b89a3) sb      sp, -13(s7)
core   0: 0 0x8000482e (0xfe2b89a3) mem 0x800349b3 0x48
core   0: 0x80004832 (0x0967c883) lbu     a7, 150(a5)
core   0: 0 0x80004832 (0x0967c883) x17 0x00000000 mem 0x80032217
core   0: 0x80004836 (0x005b8383) lb      t2, 5(s7)
core   0: 0 0x80004836 (0x005b8383) x7  0x00000000 mem 0x800349c5
core   0: 0x8000483a (0xf5c79da3) sh      t3, -165(a5)
core   0: 0 0x8000483a (0xf5c79da3) mem 0x800320dc 0x0000
core   0: 0x8000483e (0x0fc7c183) lbu     gp, 252(a5)
core   0: 0 0x8000483e (0x0fc7c183) x3  0x00000000 mem 0x8003227d
core   0: 0x80004842 (0x05178323) sb      a7, 70(a5)
core   0: 0 0x80004842 (0x05178323) mem 0x800321c7 0x0
core   0: 0x80004846 (0xffbbc603) lbu     a2, -5(s7)
core   0: 0 0x80004846 (0xffbbc603) x12 0x00000000 mem 0x800349bb
core   0: 0x8000484a (0x007b8383) lb      t2, 7(s7)
core   0: 0 0x8000484a (0x007b8383) x7  0x00000000 mem 0x800349c7
core   0: 0x8000484e (0xfc578d23) sb      t0, -38(a5)
core   0: 0 0x8000484e (0xfc578d23) mem 0x8003215b 0x0
core   0: 0x80004852 (0xff8ba203) lw      tp, -8(s7)
core   0: 0 0x80004852 (0xff8ba203) x4  0x00000000 mem 0x800349b8
core   0: 0x80004856 (0xff4bc603) lbu     a2, -12(s7)
core   0: 0 0x80004856 (0xff4bc603) x12 0x00000000 mem 0x800349b4
core   0: 0x8000485a (0xf3478923) sb      s4, -206(a5)
core   0: 0 0x8000485a (0xf3478923) mem 0x800320b3 0x0
core   0: 0x8000485e (0xff5bcc03) lbu     s8, -11(s7)
core   0: 0 0x8000485e (0xff5bcc03) x24 0x00000000 mem 0x800349b5
core   0: 0x80004862 (0x00ab8e83) lb      t4, 10(s7)
core   0: 0 0x80004862 (0x00ab8e83) x29 0x00000000 mem 0x800349ca
core   0: 0x80004866 (0x0002e117) auipc   sp, 0x2e
core   0: 0 0x80004866 (0x0002e117) x2  0x80032866
core   0: 0x8000486a (0xdcc10113) addi    sp, sp, -564
core   0: 0 0x8000486a (0xdcc10113) x2  0x80032632
core   0: 0x8000486e (0xa3214303) lbu     t1, -1486(sp)
core   0: 0 0x8000486e (0xa3214303) x6  0x00000000 mem 0x80032064
core   0: 0x80004872 (0xa3212c03) lw      s8, -1486(sp)
core   0: 0 0x80004872 (0xa3212c03) x24 0x00000000 mem 0x80032064
core   0: 0x80004876 (0xa2f12923) sw      a5, -1486(sp)
core   0: 0 0x80004876 (0xa2f12923) mem 0x80032064 0x80032181
core   0: 0x8000487a (0x10e15a03) lhu     s4, 270(sp)
core   0: 0 0x8000487a (0x10e15a03) x20 0x00000000 mem 0x80032740
core   0: 0x8000487e (0x00d7d3b3) srl     t2, a5, a3
core   0: 0 0x8000487e (0x00d7d3b3) x7  0x00000020
core   0: 0x80004882 (0x10e15283) lhu     t0, 270(sp)
core   0: 0 0x80004882 (0x10e15283) x5  0x00000000 mem 0x80032740
core   0: 0x80004886 (0x4fa15d03) lhu     s10, 1274(sp)
core   0: 0 0x80004886 (0x4fa15d03) x26 0x00000000 mem 0x80032b2c
core   0: 0x8000488a (0x4fa15383) lhu     t2, 1274(sp)
core   0: 0 0x8000488a (0x4fa15383) x7  0x00000000 mem 0x80032b2c
core   0: 0x8000488e (0x4fa11b03) lh      s6, 1274(sp)
core   0: 0 0x8000488e (0x4fa11b03) x22 0x00000000 mem 0x80032b2c
core   0: 0x80004892 (0xd3c103a3) sb      t3, -729(sp)
core   0: 0 0x80004892 (0xd3c103a3) mem 0x80032359 0x0
core   0: 0x80004896 (0x007bf8b3) and     a7, s7, t2
core   0: 0 0x80004896 (0x007bf8b3) x17 0x00000000
core   0: 0x8000489a (0x2b214883) lbu     a7, 690(sp)
core   0: 0 0x8000489a (0x2b214883) x17 0x00000000 mem 0x800328e4
core   0: 0x8000489e (0x2b110923) sb      a7, 690(sp)
core   0: 0 0x8000489e (0x2b110923) mem 0x800328e4 0x0
core   0: 0x800048a2 (0x00009afd) c.andi  a3, -1
core   0: 0 0x800048a2 (0x9afd) x13 0x800323ba
core   0: 0x800048a4 (0x01341433) sll     s0, s0, s3
core   0: 0 0x800048a4 (0x01341433) x8  0x80032080
core   0: 0x800048a8 (0x2b912923) sw      s9, 690(sp)
core   0: 0 0x800048a8 (0x2b912923) mem 0x800328e4 0x00000000
core   0: 0x800048ac (0x2b912923) sw      s9, 690(sp)
core   0: 0 0x800048ac (0x2b912923) mem 0x800328e4 0x00000000
core   0: 0x800048b0 (0x0002e697) auipc   a3, 0x2e
core   0: 0 0x800048b0 (0x0002e697) x13 0x800328b0
core   0: 0x800048b4 (0xa4b68693) addi    a3, a3, -1461
core   0: 0 0x800048b4 (0xa4b68693) x13 0x800322fb
core   0: 0x800048b8 (0x42c6c803) lbu     a6, 1068(a3)
core   0: 0 0x800048b8 (0x42c6c803) x16 0x00000000 mem 0x80032727
core   0: 0x800048bc (0xbfc83013) sltiu   zero, a6, -1028
core   0: 0 0x800048bc (0xbfc83013)
core   0: 0x800048c0 (0x1b96ce83) lbu     t4, 441(a3)
core   0: 0 0x800048c0 (0x1b96ce83) x29 0x00000000 mem 0x800324b4
core   0: 0x800048c4 (0x24d69ca3) sh      a3, 601(a3)
core   0: 0 0x800048c4 (0x24d69ca3) mem 0x80032554 0x22fb
core   0: 0x800048c8 (0x4fa68603) lb      a2, 1274(a3)
core   0: 0 0x800048c8 (0x4fa68603) x12 0x00000000 mem 0x800327f5
core   0: 0x800048cc (0x00009a7d) c.andi  a2, -1
core   0: 0 0x800048cc (0x9a7d) x12 0x00000000
core   0: 0x800048ce (0x40aad313) srai    t1, s5, 10
core   0: 0 0x800048ce (0x40aad313) x6  0x00000000
core   0: 0x800048d2 (0x78569883) lh      a7, 1925(a3)
core   0: 0 0x800048d2 (0x78569883) x17 0x00000000 mem 0x80032a80
core   0: 0x800048d6 (0x0bf68723) sb      t6, 174(a3)
core   0: 0 0x800048d6 (0x0bf68723) mem 0x800323a9 0x0
core   0: 0x800048da (0x00008329) c.srli  a4, 10
core   0: 0 0x800048da (0x8329) x14 0x002000c8
core   0: 0x800048dc (0x25268283) lb      t0, 594(a3)
core   0: 0 0x800048dc (0x25268283) x5  0x00000000 mem 0x8003254d
core   0: 0x800048e0 (0xe9868e83) lb      t4, -360(a3)
core   0: 0 0x800048e0 (0xe9868e83) x29 0x00000000 mem 0x80032193
core   0: 0x800048e4 (0xe1968b83) lb      s7, -487(a3)
core   0: 0 0x800048e4 (0xe1968b83) x23 0x00000000 mem 0x80032114
core   0: 0x800048e8 (0xf5f6c883) lbu     a7, -161(a3)
core   0: 0 0x800048e8 (0xf5f6c883) x17 0x00000000 mem 0x8003225a
core   0: 0x800048ec (0x00008fc1) c.or    a5, s0
core   0: 0 0x800048ec (0x8fc1) x15 0x80032181
core   0: 0x800048ee (0x3a36d603) lhu     a2, 931(a3)
core   0: 0 0x800048ee (0x3a36d603) x12 0x00000000 mem 0x8003269e
core   0: 0x800048f2 (0x33568083) lb      ra, 821(a3)
core   0: 0 0x800048f2 (0x33568083) x1  0x00000000 mem 0x80032630
core   0: 0x800048f6 (0x38868983) lb      s3, 904(a3)
core   0: 0 0x800048f6 (0x38868983) x19 0x00000000 mem 0x80032683
core   0: 0x800048fa (0xd7e68523) sb      t5, -662(a3)
core   0: 0 0x800048fa (0xd7e68523) mem 0x80032065 0xe4
core   0: 0x800048fe (0x00245333) srl     t1, s0, sp
core   0: 0 0x800048fe (0x00245333) x6  0x00002000
core   0: 0x80004902 (0x40868e83) lb      t4, 1032(a3)
core   0: 0 0x80004902 (0x40868e83) x29 0x00000000 mem 0x80032703
core   0: 0x80004906 (0x30f68c23) sb      a5, 792(a3)
core   0: 0 0x80004906 (0x30f68c23) mem 0x80032613 0x81
core   0: 0x8000490a (0x1da68883) lb      a7, 474(a3)
core   0: 0 0x8000490a (0x1da68883) x17 0x00000000 mem 0x800324d5
core   0: 0x8000490e (0x32b6dd03) lhu     s10, 811(a3)
core   0: 0 0x8000490e (0x32b6dd03) x26 0x00000000 mem 0x80032626
core   0: 0x80004912 (0x6bd6c283) lbu     t0, 1725(a3)
core   0: 0 0x80004912 (0x6bd6c283) x5  0x00000000 mem 0x800329b8
core   0: 0x80004916 (0x848ebb13) sltiu   s6, t4, -1976
core   0: 0 0x80004916 (0x848ebb13) x22 0x00000001
core   0: 0x8000491a (0x3a3692a3) sh      gp, 933(a3)
core   0: 0 0x8000491a (0x3a3692a3) mem 0x800326a0 0x0000
core   0: 0x8000491e (0xfa468a03) lb      s4, -92(a3)
core   0: 0 0x8000491e (0xfa468a03) x20 0x00000000 mem 0x8003229f
core   0: 0x80004922 (0x280696a3) sh      zero, 653(a3)
core   0: 0 0x80004922 (0x280696a3) mem 0x80032588 0x0000
core   0: 0x80004926 (0x02904bb3) div     s7, zero, s1
core   0: 0 0x80004926 (0x02904bb3) x23 0x00000000
core   0: 0x8000492a (0x5fc68623) sb      t3, 1516(a3)
core   0: 0 0x8000492a (0x5fc68623) mem 0x800328e7 0x0
core   0: 0x8000492e (0x00008d0d) c.sub   a0, a1
core   0: 0 0x8000492e (0x8d0d) x10 0x76b1534c
core   0: 0x80004930 (0x28568023) sb      t0, 640(a3)
core   0: 0 0x80004930 (0x28568023) mem 0x8003257b 0x0
core   0: 0x80004934 (0x5a369183) lh      gp, 1443(a3)
core   0: 0 0x80004934 (0x5a369183) x3  0x00000000 mem 0x8003289e
core   0: 0x80004938 (0x41bb0633) sub     a2, s6, s11
core   0: 0 0x80004938 (0x41bb0633) x12 0x00000001
core   0: 0x8000493c (0x56b68123) sb      a1, 1378(a3)
core   0: 0 0x8000493c (0x56b68123) mem 0x8003285d 0xb4
core   0: 0x80004940 (0x01195193) srli    gp, s2, 17
core   0: 0 0x80004940 (0x01195193) x3  0x00000000
core   0: 0x80004944 (0x69e68f23) sb      t5, 1694(a3)
core   0: 0 0x80004944 (0x69e68f23) mem 0x80032999 0xe4
core   0: 0x80004948 (0x7db694a3) sh      s11, 1993(a3)
core   0: 0 0x80004948 (0x7db694a3) mem 0x80032ac4 0x0000
core   0: 0x8000494c (0x0002e117) auipc   sp, 0x2e
core   0: 0 0x8000494c (0x0002e117) x2  0x8003294c
core   0: 0x80004950 (0xcd010113) addi    sp, sp, -816
core   0: 0 0x80004950 (0xcd010113) x2  0x8003261c
core   0: 0x80004954 (0x0133d2b3) srl     t0, t2, s3
core   0: 0 0x80004954 (0x0133d2b3) x5  0x00000000
core   0: 0x80004958 (0xfac10403) lb      s0, -84(sp)
core   0: 0 0x80004958 (0xfac10403) x8  0x00000000 mem 0x800325c8
core   0: 0x8000495c (0xb9ecca93) xori    s5, s9, -1122
core   0: 0 0x8000495c (0xb9ecca93) x21 0xfffffb9e
core   0: 0x80004960 (0x00006205) c.lui   tp, 0x1
core   0: 0 0x80004960 (0x6205) x4  0x00001000
core   0: 0x80004962 (0xfac10983) lb      s3, -84(sp)
core   0: 0 0x80004962 (0xfac10983) x19 0x00000000 mem 0x800325c8
core   0: 0x80004966 (0xfa612623) sw      t1, -84(sp)
core   0: 0 0x80004966 (0xfa612623) mem 0x800325c8 0x00002000
core   0: 0x8000496a (0xfc314a83) lbu     s5, -61(sp)
core   0: 0 0x8000496a (0xfc314a83) x21 0x00000000 mem 0x800325df
core   0: 0x8000496e (0x41120c33) sub     s8, tp, a7
core   0: 0 0x8000496e (0x41120c33) x24 0x00001000
core   0: 0x80004972 (0xf7c10323) sb      t3, -154(sp)
core   0: 0 0x80004972 (0xf7c10323) mem 0x80032582 0x0
core   0: 0x80004976 (0x012102a3) sb      s2, 5(sp)
core   0: 0 0x80004976 (0x012102a3) mem 0x80032621 0x1
core   0: 0x8000497a (0x00514c83) lbu     s9, 5(sp)
core   0: 0 0x8000497a (0x00514c83) x25 0x00000001 mem 0x80032621
core   0: 0x8000497e (0xf9b10c03) lb      s8, -101(sp)
core   0: 0 0x8000497e (0xf9b10c03) x24 0x00000000 mem 0x800325b7
core   0: 0x80004982 (0x472dbe93) sltiu   t4, s11, 1138
core   0: 0 0x80004982 (0x472dbe93) x29 0x00000001
core   0: 0x80004986 (0xf9b10003) lb      zero, -101(sp)
core   0: 0 0x80004986 (0xf9b10003) mem 0x800325b7
core   0: 0x8000498a (0x00001efd) c.addi  t4, -1
core   0: 0 0x8000498a (0x1efd) x29 0x00000000
core   0: 0x8000498c (0xf9010da3) sb      a6, -101(sp)
core   0: 0 0x8000498c (0xf9010da3) mem 0x800325b7 0x0
core   0: 0x80004990 (0xf9b14083) lbu     ra, -101(sp)
core   0: 0 0x80004990 (0xf9b14083) x1  0x00000000 mem 0x800325b7
core   0: 0x80004994 (0xf9b10003) lb      zero, -101(sp)
core   0: 0 0x80004994 (0xf9b10003) mem 0x800325b7
core   0: 0x80004998 (0x00c104a3) sb      a2, 9(sp)
core   0: 0 0x80004998 (0x00c104a3) mem 0x80032625 0x1
core   0: 0x8000499c (0x00008219) c.srli  a2, 6
core   0: 0 0x8000499c (0x8219) x12 0x00000000
core   0: 0x8000499e (0x05d10b83) lb      s7, 93(sp)
core   0: 0 0x8000499e (0x05d10b83) x23 0x00000000 mem 0x80032679
core   0: 0x800049a2 (0x05d10783) lb      a5, 93(sp)
core   0: 0 0x800049a2 (0x05d10783) x15 0x00000000 mem 0x80032679
core   0: 0x800049a6 (0x0002e117) auipc   sp, 0x2e
core   0: 0 0x800049a6 (0x0002e117) x2  0x800329a6
core   0: 0x800049aa (0x6a210113) addi    sp, sp, 1698
core   0: 0 0x800049aa (0x6a210113) x2  0x80033048
core   0: 0x800049ae (0x47bcafb7) lui     t6, 0x47bca
core   0: 0 0x800049ae (0x47bcafb7) x31 0x47bca000
core   0: 0x800049b2 (0x0000917e) c.add   sp, t6
core   0: 0 0x800049b2 (0x917e) x2  0xc7bfd048
core   0: 0x800049b4 (0x80010723) sb      zero, -2034(sp)
core   0: 0 0x800049b4 (0x80010723) mem 0xc7bfc856 0x0
core   0: 0x800049b8 (0x381104a3) sb      ra, 905(sp)
core   0: 0 0x800049b8 (0x381104a3) mem 0xc7bfd3d1 0x0
core   0: 0x800049bc (0x46211923) sh      sp, 1138(sp)
core   0: 0 0x800049bc (0x46211923) mem 0xc7bfd4ba 0xd048
core   0: 0x800049c0 (0x58310fa3) sb      gp, 1439(sp)
core   0: 0 0x800049c0 (0x58310fa3) mem 0xc7bfd5e7 0x0
core   0: 0x800049c4 (0xec411923) sh      tp, -302(sp)
core   0: 0 0x800049c4 (0xec411923) mem 0xc7bfcf1a 0x1000
core   0: 0x800049c8 (0xfa510d23) sb      t0, -70(sp)
core   0: 0 0x800049c8 (0xfa510d23) mem 0xc7bfd002 0x0
core   0: 0x800049cc (0x80e14603) lbu     a2, -2034(sp)
core   0: 0 0x800049cc (0x80e14603) x12 0x00000000 mem 0xc7bfc856
core   0: 0x800049d0 (0x00006961) c.lui   s2, 0x18
core   0: 0 0x800049d0 (0x6961) x18 0x00018000
core   0: 0x800049d2 (0x38910403) lb      s0, 905(sp)
core   0: 0 0x800049d2 (0x38910403) x8  0x00000000 mem 0xc7bfd3d1
core   0: 0x800049d6 (0x47211d03) lh      s10, 1138(sp)
core   0: 0 0x800049d6 (0x47211d03) x26 0xffffd048 mem 0xc7bfd4ba
core   0: 0x800049da (0x01f0d793) srli    a5, ra, 31
core   0: 0 0x800049da (0x01f0d793) x15 0x00000000
core   0: 0x800049de (0x00bad193) srli    gp, s5, 11
core   0: 0 0x800049de (0x00bad193) x3  0x00000000
core   0: 0x800049e2 (0x0289e0b3) rem     ra, s3, s0
core   0: 0 0x800049e2 (0x0289e0b3) x1  0x00000000
core   0: 0x800049e6 (0x02eaae33) mulhsu  t3, s5, a4
core   0: 0 0x800049e6 (0x02eaae33) x28 0x00000000
core   0: 0x800049ea (0x419a0fb3) sub     t6, s4, s9
core   0: 0 0x800049ea (0x419a0fb3) x31 0xffffffff
core   0: 0x800049ee (0x0379c833) div     a6, s3, s7
core   0: 0 0x800049ee (0x0379c833) x16 0xffffffff
core   0: 0x800049f2 (0x59f10603) lb      a2, 1439(sp)
core   0: 0 0x800049f2 (0x59f10603) x12 0x00000000 mem 0xc7bfd5e7
core   0: 0x800049f6 (0xed215283) lhu     t0, -302(sp)
core   0: 0 0x800049f6 (0xed215283) x5  0x00001000 mem 0xc7bfcf1a
core   0: 0x800049fa (0xfba14783) lbu     a5, -70(sp)
core   0: 0 0x800049fa (0xfba14783) x15 0x00000000 mem 0xc7bfd002
core   0: 0x800049fe (0x418f0bb3) sub     s7, t5, s8
core   0: 0 0x800049fe (0x418f0bb3) x23 0x8004bce4
core   0: 0x80004a02 (0x0000894a) c.mv    s2, s2
core   0: 0 0x80004a02 (0x894a) x18 0x00018000
core   0: 0x80004a04 (0x2f710ba3) sb      s7, 759(sp)
core   0: 0 0x80004a04 (0x2f710ba3) mem 0xc7bfd33f 0xe4
core   0: 0x80004a08 (0x0003ee17) auipc   t3, 0x3e
core   0: 0 0x80004a08 (0x0003ee17) x28 0x80042a08
core   0: 0x80004a0c (0xaf3e0e13) addi    t3, t3, -1293
core   0: 0 0x80004a0c (0xaf3e0e13) x28 0x800424fb
core   0: 0x80004a10 (0x01bbd0b3) srl     ra, s7, s11
core   0: 0 0x80004a10 (0x01bbd0b3) x1  0x8004bce4
core   0: 0x80004a14 (0x663e4a83) lbu     s5, 1635(t3)
core   0: 0 0x80004a14 (0x663e4a83) x21 0x00000000 mem 0x80042b5e
core   0: 0x80004a18 (0x9b67f993) andi    s3, a5, -1610
core   0: 0 0x80004a18 (0x9b67f993) x19 0x00000000
core   0: 0x80004a1c (0x40568233) sub     tp, a3, t0
core   0: 0 0x80004a1c (0x40568233) x4  0x800312fb
core   0: 0x80004a20 (0x002179b3) and     s3, sp, sp
core   0: 0 0x80004a20 (0x002179b3) x19 0xc7bfd048
core   0: 0x80004a24 (0x67de11a3) sh      t4, 1635(t3)
core   0: 0 0x80004a24 (0x67de11a3) mem 0x80042b5e 0x0000
core   0: 0x80004a28 (0x659e4f83) lbu     t6, 1625(t3)
core   0: 0 0x80004a28 (0x659e4f83) x31 0x00000000 mem 0x80042b54
core   0: 0x80004a2c (0x659e0383) lb      t2, 1625(t3)
core   0: 0 0x80004a2c (0x659e0383) x7  0x00000000 mem 0x80042b54
core   0: 0x80004a30 (0x659e5403) lhu     s0, 1625(t3)
core   0: 0 0x80004a30 (0x659e5403) x8  0x00000000 mem 0x80042b54
core   0: 0x80004a34 (0x64ae0ca3) sb      a0, 1625(t3)
core   0: 0 0x80004a34 (0x64ae0ca3) mem 0x80042b54 0x4c
core   0: 0x80004a38 (0x00009766) c.add   a4, s9
core   0: 0 0x80004a38 (0x9766) x14 0x002000c9
core   0: 0x80004a3a (0x8afe0e83) lb      t4, -1873(t3)
core   0: 0 0x80004a3a (0x8afe0e83) x29 0x00000000 mem 0x80041daa
core   0: 0x80004a3e (0xa11e4903) lbu     s2, -1519(t3)
core   0: 0 0x80004a3e (0xa11e4903) x18 0x00000000 mem 0x80041f0c
core   0: 0x80004a42 (0x0072e2b3) or      t0, t0, t2
core   0: 0 0x80004a42 (0x0072e2b3) x5  0x00001000
core   0: 0x80004a46 (0xa02e18a3) sh      sp, -1519(t3)
core   0: 0 0x80004a46 (0xa02e18a3) mem 0x80041f0c 0xd048
core   0: 0x80004a4a (0xa11e1e83) lh      t4, -1519(t3)
core   0: 0 0x80004a4a (0xa11e1e83) x29 0xffffd048 mem 0x80041f0c
core   0: 0x80004a4e (0x8abe4603) lbu     a2, -1877(t3)
core   0: 0 0x80004a4e (0x8abe4603) x12 0x00000000 mem 0x80041da6
core   0: 0x80004a52 (0x97ce0f83) lb      t6, -1668(t3)
core   0: 0 0x80004a52 (0x97ce0f83) x31 0x00000000 mem 0x80041e77
core   0: 0x80004a56 (0xc83e5283) lhu     t0, -893(t3)
core   0: 0 0x80004a56 (0xc83e5283) x5  0x00000000 mem 0x8004217e
core   0: 0x80004a5a (0x00000eca) c.slli  t4, 18
core   0: 0 0x80004a5a (0x0eca) x29 0x41200000
core   0: 0x80004a5c (0xc83e1783) lh      a5, -893(t3)
core   0: 0 0x80004a5c (0xc83e1783) x15 0x00000000 mem 0x8004217e
core   0: 0x80004a60 (0xc83e1603) lh      a2, -893(t3)
core   0: 0 0x80004a60 (0xc83e1603) x12 0x00000000 mem 0x8004217e
core   0: 0x80004a64 (0xc83e0383) lb      t2, -893(t3)
core   0: 0 0x80004a64 (0xc83e0383) x7  0x00000000 mem 0x8004217e
core   0: 0x80004a68 (0x0003a117) auipc   sp, 0x3a
core   0: 0 0x80004a68 (0x0003a117) x2  0x8003ea68
core   0: 0x80004a6c (0x8b110113) addi    sp, sp, -1871
core   0: 0 0x80004a6c (0x8b110113) x2  0x8003e319
core   0: 0x80004a70 (0x0372bcb3) mulhu   s9, t0, s7
core   0: 0 0x80004a70 (0x0372bcb3) x25 0x00000000
core   0: 0x80004a74 (0x00db8433) add     s0, s7, a3
core   0: 0 0x80004a74 (0x00db8433) x8  0x0007dfdf
core   0: 0x80004a78 (0xff411ca3) sh      s4, -7(sp)
core   0: 0 0x80004a78 (0xff411ca3) mem 0x8003e312 0x0000
core   0: 0x80004a7c (0x00910783) lb      a5, 9(sp)
core   0: 0 0x80004a7c (0x00910783) x15 0x00000000 mem 0x8003e322
core   0: 0x80004a80 (0x00810b83) lb      s7, 8(sp)
core   0: 0 0x80004a80 (0x00810b83) x23 0x00000000 mem 0x8003e321
core   0: 0x80004a84 (0x0000100f) fence.i
core   0: 0 0x80004a84 (0x0000100f)
core   0: 0x80004a88 (0x00810283) lb      t0, 8(sp)
core   0: 0 0x80004a88 (0x00810283) x5  0x00000000 mem 0x8003e321
core   0: 0x80004a8c (0x00510423) sb      t0, 8(sp)
core   0: 0 0x80004a8c (0x00510423) mem 0x8003e321 0x0
core   0: 0x80004a90 (0x00e14a83) lbu     s5, 14(sp)
core   0: 0 0x80004a90 (0x00e14a83) x21 0x00000000 mem 0x8003e327
core   0: 0x80004a94 (0x891b6093) ori     ra, s6, -1903
core   0: 0 0x80004a94 (0x891b6093) x1  0xfffff891
core   0: 0x80004a98 (0x02aa1733) mulh    a4, s4, a0
core   0: 0 0x80004a98 (0x02aa1733) x14 0x00000000
core   0: 0x80004a9c (0x00712183) lw      gp, 7(sp)
core   0: 0 0x80004a9c (0x00712183) x3  0x00000000 mem 0x8003e320
core   0: 0x80004aa0 (0xff310003) lb      zero, -13(sp)
core   0: 0 0x80004aa0 (0xff310003) mem 0x8003e30c
core   0: 0x80004aa4 (0xff315a83) lhu     s5, -13(sp)
core   0: 0 0x80004aa4 (0xff315a83) x21 0x00000000 mem 0x8003e30c
core   0: 0x80004aa8 (0x00410283) lb      t0, 4(sp)
core   0: 0 0x80004aa8 (0x00410283) x5  0x00000000 mem 0x8003e31d
core   0: 0x80004aac (0x00d11f83) lh      t6, 13(sp)
core   0: 0 0x80004aac (0x00d11f83) x31 0x00000000 mem 0x8003e326
core   0: 0x80004ab0 (0x00c10f83) lb      t6, 12(sp)
core   0: 0 0x80004ab0 (0x00c10f83) x31 0x00000000 mem 0x8003e325
core   0: 0x80004ab4 (0x00810623) sb      s0, 12(sp)
core   0: 0 0x80004ab4 (0x00810623) mem 0x8003e325 0xdf
core   0: 0x80004ab8 (0x01a10223) sb      s10, 4(sp)
core   0: 0 0x80004ab8 (0x01a10223) mem 0x8003e31d 0x48
core   0: 0x80004abc (0x00414c03) lbu     s8, 4(sp)
core   0: 0 0x80004abc (0x00414c03) x24 0x00000048 mem 0x8003e31d
core   0: 0x80004ac0 (0x00033e97) auipc   t4, 0x33
core   0: 0 0x80004ac0 (0x00033e97) x29 0x80037ac0
core   0: 0x80004ac4 (0x330e8e93) addi    t4, t4, 816
core   0: 0 0x80004ac4 (0x330e8e93) x29 0x80037df0
core   0: 0x80004ac8 (0x001fae33) slt     t3, t6, ra
core   0: 0 0x80004ac8 (0x001fae33) x28 0x00000000
core   0: 0x80004acc (0x026c4c33) div     s8, s8, t1
core   0: 0 0x80004acc (0x026c4c33) x24 0x00000000
core   0: 0x80004ad0 (0x017b5c33) srl     s8, s6, s7
core   0: 0 0x80004ad0 (0x017b5c33) x24 0x00000001
core   0: 0x80004ad4 (0x02156533) rem     a0, a0, ra
core   0: 0 0x80004ad4 (0x02156533) x10 0x0000046d
core   0: 0x80004ad8 (0x00fe8823) sb      a5, 16(t4)
core   0: 0 0x80004ad8 (0x00fe8823) mem 0x80037e00 0x0
core   0: 0x80004adc (0x0000527d) c.li    tp, -1
core   0: 0 0x80004adc (0x527d) x4  0xffffffff
core   0: 0x80004ade (0xff4ed303) lhu     t1, -12(t4)
core   0: 0 0x80004ade (0xff4ed303) x6  0x00000000 mem 0x80037de4
core   0: 0x80004ae2 (0xffcea823) sw      t3, -16(t4)
core   0: 0 0x80004ae2 (0xffcea823) mem 0x80037de0 0x00000000
core   0: 0x80004ae6 (0xa67bc113) xori    sp, s7, -1433
core   0: 0 0x80004ae6 (0xa67bc113) x2  0xfffffa67
core   0: 0x80004aea (0x9ee98c13) addi    s8, s3, -1554
core   0: 0 0x80004aea (0x9ee98c13) x24 0xc7bfca36
core   0: 0x80004aee (0x09fa3913) sltiu   s2, s4, 159
core   0: 0 0x80004aee (0x09fa3913) x18 0x00000001
core   0: 0x80004af2 (0x001e8a83) lb      s5, 1(t4)
core   0: 0 0x80004af2 (0x001e8a83) x21 0x00000000 mem 0x80037df1
core   0: 0x80004af6 (0x01eee8b3) or      a7, t4, t5
core   0: 0 0x80004af6 (0x01eee8b3) x17 0x8007fdf4
core   0: 0x80004afa (0x0000100f) fence.i
core   0: 0 0x80004afa (0x0000100f)
core   0: 0x80004afe (0xff1e8103) lb      sp, -15(t4)
core   0: 0 0x80004afe (0xff1e8103) x2  0x00000000 mem 0x80037de1
core   0: 0x80004b02 (0x007e9723) sh      t2, 14(t4)
core   0: 0 0x80004b02 (0x007e9723) mem 0x80037dfe 0x0000
core   0: 0x80004b06 (0x000082c1) c.srli  a3, 16
core   0: 0 0x80004b06 (0x82c1) x13 0x00008003
core   0: 0x80004b08 (0xfffe8303) lb      t1, -1(t4)
core   0: 0 0x80004b08 (0xfffe8303) x6  0x00000000 mem 0x80037def
core   0: 0x80004b0c (0xff1ec283) lbu     t0, -15(t4)
core   0: 0 0x80004b0c (0xff1ec283) x5  0x00000000 mem 0x80037de1
core   0: 0x80004b10 (0xff2e8083) lb      ra, -14(t4)
core   0: 0 0x80004b10 (0xff2e8083) x1  0x00000000 mem 0x80037de2
core   0: 0x80004b14 (0xff4eab83) lw      s7, -12(t4)
core   0: 0 0x80004b14 (0xff4eab83) x23 0x00000000 mem 0x80037de4
core   0: 0x80004b18 (0xfffec083) lbu     ra, -1(t4)
core   0: 0 0x80004b18 (0xfffec083) x1  0x00000000 mem 0x80037def
core   0: 0x80004b1c (0x8446b513) sltiu   a0, a3, -1980
core   0: 0 0x80004b1c (0x8446b513) x10 0x00000001
core   0: 0x80004b20 (0x01f387b3) add     a5, t2, t6
core   0: 0 0x80004b20 (0x01f387b3) x15 0x00000000
core   0: 0x80004b24 (0x000013fd) c.addi  t2, -1
core   0: 0 0x80004b24 (0x13fd) x7  0xffffffff
core   0: 0x80004b26 (0x016e8823) sb      s6, 16(t4)
core   0: 0 0x80004b26 (0x016e8823) mem 0x80037e00 0x1
core   0: 0x80004b2a (0xfb64a093) slti    ra, s1, -74
core   0: 0 0x80004b2a (0xfb64a093) x1  0x00000001
core   0: 0x80004b2e (0x00000001) c.nop
core   0: 0 0x80004b2e (0x0001)
core   0: 0x80004b30 (0x00008432) c.mv    s0, a2
core   0: 0 0x80004b30 (0x8432) x8  0x00000000
core   0: 0x80004b32 (0xcc244993) xori    s3, s0, -830
core   0: 0 0x80004b32 (0xcc244993) x19 0xfffffcc2
core   0: 0x80004b36 (0x7c97e813) ori     a6, a5, 1993
core   0: 0 0x80004b36 (0x7c97e813) x16 0x000007c9
core   0: 0x80004b3a (0x00008269) c.srli  a2, 26
core   0: 0 0x80004b3a (0x8269) x12 0x00000000
core   0: 0x80004b3c (0x02f39b33) mulh    s6, t2, a5
core   0: 0 0x80004b3c (0x02f39b33) x22 0x00000000
core   0: 0x80004b40 (0x00000001) c.nop
core   0: 0 0x80004b40 (0x0001)
core   0: 0x80004b42 (0xff7e8aa3) sb      s7, -11(t4)
core   0: 0 0x80004b42 (0xff7e8aa3) mem 0x80037de5 0x0
core   0: 0x80004b46 (0xff1eaa23) sw      a7, -12(t4)
core   0: 0 0x80004b46 (0xff1eaa23) mem 0x80037de4 0x8007fdf4
core   0: 0x80004b4a (0x011e81a3) sb      a7, 3(t4)
core   0: 0 0x80004b4a (0x011e81a3) mem 0x80037df3 0xf4
core   0: 0x80004b4e (0x0000717d) c.addi16sp sp, -16
core   0: 0 0x80004b4e (0x717d) x2  0xfffffff0
core   0: 0x80004b50 (0x00008f45) c.or    a4, s1
core   0: 0 0x80004b50 (0x8f45) x14 0x80047e64
core   0: 0x80004b52 (0x00ae8d83) lb      s11, 10(t4)
core   0: 0 0x80004b52 (0x00ae8d83) x27 0x00000000 mem 0x80037dfa
core   0: 0x80004b56 (0xfffe8d03) lb      s10, -1(t4)
core   0: 0 0x80004b56 (0xfffe8d03) x26 0x00000000 mem 0x80037def
core   0: 0x80004b5a (0xfffec803) lbu     a6, -1(t4)
core   0: 0 0x80004b5a (0xfffec803) x16 0x00000000 mem 0x80037def
core   0: 0x80004b5e (0x007e8503) lb      a0, 7(t4)
core   0: 0 0x80004b5e (0x007e8503) x10 0x00000000 mem 0x80037df7
core   0: 0x80004b62 (0xfcca4c13) xori    s8, s4, -52
core   0: 0 0x80004b62 (0xfcca4c13) x24 0xffffffcc
core   0: 0x80004b66 (0xff1e8d03) lb      s10, -15(t4)
core   0: 0 0x80004b66 (0xff1e8d03) x26 0x00000000 mem 0x80037de1
core   0: 0x80004b6a (0x010d3133) sltu    sp, s10, a6
core   0: 0 0x80004b6a (0x010d3133) x2  0x00000000
core   0: 0x80004b6e (0x00fe8a83) lb      s5, 15(t4)
core   0: 0 0x80004b6e (0x00fe8a83) x21 0x00000000 mem 0x80037dff
core   0: 0x80004b72 (0x006e9323) sh      t1, 6(t4)
core   0: 0 0x80004b72 (0x006e9323) mem 0x80037df6 0x0000
core   0: 0x80004b76 (0x002ec283) lbu     t0, 2(t4)
core   0: 0 0x80004b76 (0x002ec283) x5  0x00000000 mem 0x80037df2
core   0: 0x80004b7a (0x0003d197) auipc   gp, 0x3d
core   0: 0 0x80004b7a (0x0003d197) x3  0x80041b7a
core   0: 0x80004b7e (0x80218193) addi    gp, gp, -2046
core   0: 0 0x80004b7e (0x80218193) x3  0x8004137c
core   0: 0x80004b82 (0xff619d83) lh      s11, -10(gp)
core   0: 0 0x80004b82 (0xff619d83) x27 0x00000000 mem 0x80041372
core   0: 0x80004b86 (0xff219c03) lh      s8, -14(gp)
core   0: 0 0x80004b86 (0xff219c03) x24 0x00000000 mem 0x8004136e
core   0: 0x80004b8a (0xff21c103) lbu     sp, -14(gp)
core   0: 0 0x80004b8a (0xff21c103) x2  0x00000000 mem 0x8004136e
core   0: 0x80004b8e (0xffa19903) lh      s2, -6(gp)
core   0: 0 0x80004b8e (0xffa19903) x18 0x00000000 mem 0x80041376
core   0: 0x80004b92 (0xffb19d23) sh      s11, -6(gp)
core   0: 0 0x80004b92 (0xffb19d23) mem 0x80041376 0x0000
core   0: 0x80004b96 (0x27474313) xori    t1, a4, 628
core   0: 0 0x80004b96 (0x27474313) x6  0x80047c10
core   0: 0x80004b9a (0xffa1c603) lbu     a2, -6(gp)
core   0: 0 0x80004b9a (0xffa1c603) x12 0x00000000 mem 0x80041376
core   0: 0x80004b9e (0x00008a3e) c.mv    s4, a5
core   0: 0 0x80004b9e (0x8a3e) x20 0x00000000
core   0: 0x80004ba0 (0xffa1d203) lhu     tp, -6(gp)
core   0: 0 0x80004ba0 (0xffa1d203) x4  0x00000000 mem 0x80041376
core   0: 0x80004ba4 (0xffa19b03) lh      s6, -6(gp)
core   0: 0 0x80004ba4 (0xffa19b03) x22 0x00000000 mem 0x80041376
core   0: 0x80004ba8 (0xffa1c503) lbu     a0, -6(gp)
core   0: 0 0x80004ba8 (0xffa1c503) x10 0x00000000 mem 0x80041376
core   0: 0x80004bac (0xffa1c503) lbu     a0, -6(gp)
core   0: 0 0x80004bac (0xffa1c503) x10 0x00000000 mem 0x80041376
core   0: 0x80004bb0 (0x00008ec9) c.or    a3, a0
core   0: 0 0x80004bb0 (0x8ec9) x13 0x00008003
core   0: 0x80004bb2 (0xffa1dc83) lhu     s9, -6(gp)
core   0: 0 0x80004bb2 (0xffa1dc83) x25 0x00000000 mem 0x80041376
core   0: 0x80004bb6 (0x00032797) auipc   a5, 0x32
core   0: 0 0x80004bb6 (0x00032797) x15 0x80036bb6
core   0: 0x80004bba (0x54f78793) addi    a5, a5, 1359
core   0: 0 0x80004bba (0x54f78793) x15 0x80037105
core   0: 0x80004bbe (0xe5d79803) lh      a6, -419(a5)
core   0: 0 0x80004bbe (0xe5d79803) x16 0x00000000 mem 0x80036f62
core   0: 0x80004bc2 (0x60578d83) lb      s11, 1541(a5)
core   0: 0 0x80004bc2 (0x60578d83) x27 0x00000000 mem 0x8003770a
core   0: 0x80004bc6 (0x9c178e03) lb      t3, -1599(a5)
core   0: 0 0x80004bc6 (0x9c178e03) x28 0x00000000 mem 0x80036ac6
core   0: 0x80004bca (0x407fd133) sra     sp, t6, t2
core   0: 0 0x80004bca (0x407fd133) x2  0x00000000
core   0: 0x80004bce (0x4135d993) srai    s3, a1, 19
core   0: 0 0x80004bce (0x4135d993) x19 0xfffff129
core   0: 0x80004bd2 (0x318790a3) sh      s8, 769(a5)
core   0: 0 0x80004bd2 (0x318790a3) mem 0x80037406 0x0000
core   0: 0x80004bd6 (0xfee78083) lb      ra, -18(a5)
core   0: 0 0x80004bd6 (0xfee78083) x1  0x00000000 mem 0x800370f3
core   0: 0x80004bda (0x0392d133) divu    sp, t0, s9
core   0: 0 0x80004bda (0x0392d133) x2  0xffffffff
core   0: 0x80004bde (0x71d78923) sb      t4, 1810(a5)
core   0: 0 0x80004bde (0x71d78923) mem 0x80037817 0xf0
core   0: 0x80004be2 (0x4897d103) lhu     sp, 1161(a5)
core   0: 0 0x80004be2 (0x4897d103) x2  0x00000000 mem 0x8003758e
core   0: 0x80004be6 (0x9a278223) sb      sp, -1628(a5)
core   0: 0 0x80004be6 (0x9a278223) mem 0x80036aa9 0x0
core   0: 0x80004bea (0x0000091e) c.slli  s2, 7
core   0: 0 0x80004bea (0x091e) x18 0x00000000
core   0: 0x80004bec (0xfb878223) sb      s8, -92(a5)
core   0: 0 0x80004bec (0xfb878223) mem 0x800370a9 0x0
core   0: 0x80004bf0 (0x41178623) sb      a7, 1036(a5)
core   0: 0 0x80004bf0 (0x41178623) mem 0x80037511 0xf4
core   0: 0x80004bf4 (0x88478c23) sb      tp, -1896(a5)
core   0: 0 0x80004bf4 (0x88478c23) mem 0x8003699d 0x0
core   0: 0x80004bf8 (0x00001c7d) c.addi  s8, -1
core   0: 0 0x80004bf8 (0x1c7d) x24 0xffffffff
core   0: 0x80004bfa (0xcd07c503) lbu     a0, -816(a5)
core   0: 0 0x80004bfa (0xcd07c503) x10 0x00000000 mem 0x80036dd5
core   0: 0x80004bfe (0x0193ffb3) and     t6, t2, s9
core   0: 0 0x80004bfe (0x0193ffb3) x31 0x00000000
core   0: 0x80004c02 (0x0d27cd83) lbu     s11, 210(a5)
core   0: 0 0x80004c02 (0x0d27cd83) x27 0x00000000 mem 0x800371d7
core   0: 0x80004c06 (0x982784a3) sb      sp, -1655(a5)
core   0: 0 0x80004c06 (0x982784a3) mem 0x80036a8e 0x0
core   0: 0x80004c0a (0x4e478e23) sb      tp, 1276(a5)
core   0: 0 0x80004c0a (0x4e478e23) mem 0x80037601 0x0
core   0: 0x80004c0e (0x40d6d613) srai    a2, a3, 13
core   0: 0 0x80004c0e (0x40d6d613) x12 0x00000004
core   0: 0x80004c12 (0x00001318) c.addi4spn a4, sp, 416
core   0: 0 0x80004c12 (0x1318) x14 0x000001a0
core   0: 0x80004c14 (0xf2f78183) lb      gp, -209(a5)
core   0: 0 0x80004c14 (0xf2f78183) x3  0x00000000 mem 0x80037034
core   0: 0x80004c18 (0x5417c183) lbu     gp, 1345(a5)
core   0: 0 0x80004c18 (0x5417c183) x3  0x00000000 mem 0x80037646
core   0: 0x80004c1c (0xf7f793a3) sh      t6, -153(a5)
core   0: 0 0x80004c1c (0xf7f793a3) mem 0x8003706c 0x0000
core   0: 0x80004c20 (0x012d5d93) srli    s11, s10, 18
core   0: 0 0x80004c20 (0x012d5d93) x27 0x00000000
core   0: 0x80004c24 (0x6697cb03) lbu     s6, 1641(a5)
core   0: 0 0x80004c24 (0x6697cb03) x22 0x00000000 mem 0x8003776e
core   0: 0x80004c28 (0x00008111) c.srli  a0, 4
core   0: 0 0x80004c28 (0x8111) x10 0x00000000
core   0: 0x80004c2a (0xafd788a3) sb      t4, -1295(a5)
core   0: 0 0x80004c2a (0xafd788a3) mem 0x80036bf6 0xf0
core   0: 0x80004c2e (0x0002d817) auipc   a6, 0x2d
core   0: 0 0x80004c2e (0x0002d817) x16 0x80031c2e
core   0: 0x80004c32 (0x6f880813) addi    a6, a6, 1784
core   0: 0 0x80004c32 (0x6f880813) x16 0x80032326
core   0: 0x80004c36 (0x00280323) sb      sp, 6(a6)
core   0: 0 0x80004c36 (0x00280323) mem 0x8003232c 0x0
core   0: 0x80004c3a (0x00b84503) lbu     a0, 11(a6)
core   0: 0 0x80004c3a (0x00b84503) x10 0x00000000 mem 0x80032331
core   0: 0x80004c3e (0x01f805a3) sb      t6, 11(a6)
core   0: 0 0x80004c3e (0x01f805a3) mem 0x80032331 0x0
core   0: 0x80004c42 (0x00b80f83) lb      t6, 11(a6)
core   0: 0 0x80004c42 (0x00b80f83) x31 0x00000000 mem 0x80032331
core   0: 0x80004c46 (0x00282503) lw      a0, 2(a6)
core   0: 0 0x80004c46 (0x00282503) x10 0x00000000 mem 0x80032328
core   0: 0x80004c4a (0xfeb80ea3) sb      a1, -3(a6)
core   0: 0 0x80004c4a (0xfeb80ea3) mem 0x80032323 0xb4
core   0: 0x80004c4e (0x0052dd13) srli    s10, t0, 5
core   0: 0 0x80004c4e (0x0052dd13) x26 0x00000000
core   0: 0x80004c52 (0xff881683) lh      a3, -8(a6)
core   0: 0 0x80004c52 (0xff881683) x13 0x00000000 mem 0x8003231e
core   0: 0x80004c56 (0xffa84c83) lbu     s9, -6(a6)
core   0: 0 0x80004c56 (0xffa84c83) x25 0x00000000 mem 0x80032320
core   0: 0x80004c5a (0xffa85e03) lhu     t3, -6(a6)
core   0: 0 0x80004c5a (0xffa85e03) x28 0x00000000 mem 0x80032320
core   0: 0x80004c5e (0xfe581d23) sh      t0, -6(a6)
core   0: 0 0x80004c5e (0xfe581d23) mem 0x80032320 0x0000
core   0: 0x80004c62 (0x00284e03) lbu     t3, 2(a6)
core   0: 0 0x80004c62 (0x00284e03) x28 0x00000000 mem 0x80032328
core   0: 0x80004c66 (0x00282203) lw      tp, 2(a6)
core   0: 0 0x80004c66 (0x00282203) x4  0x00000000 mem 0x80032328
core   0: 0x80004c6a (0x01881523) sh      s8, 10(a6)
core   0: 0 0x80004c6a (0x01881523) mem 0x80032330 0xffff
core   0: 0x80004c6e (0x00b80523) sb      a1, 10(a6)
core   0: 0 0x80004c6e (0x00b80523) mem 0x80032330 0xb4
core   0: 0x80004c72 (0xffe82d83) lw      s11, -2(a6)
core   0: 0 0x80004c72 (0xffe82d83) x27 0x00000000 mem 0x80032324
core   0: 0x80004c76 (0xfe581f23) sh      t0, -2(a6)
core   0: 0 0x80004c76 (0xfe581f23) mem 0x80032324 0x0000
core   0: 0x80004c7a (0xffe80a03) lb      s4, -2(a6)
core   0: 0 0x80004c7a (0xffe80a03) x20 0x00000000 mem 0x80032324
core   0: 0x80004c7e (0x1023f193) andi    gp, t2, 258
core   0: 0 0x80004c7e (0x1023f193) x3  0x00000102
core   0: 0x80004c82 (0x00006b25) c.lui   s6, 0x9
core   0: 0 0x80004c82 (0x6b25) x22 0x00009000
core   0: 0x80004c84 (0xffa84083) lbu     ra, -6(a6)
core   0: 0 0x80004c84 (0xffa84083) x1  0x00000000 mem 0x80032320
core   0: 0x80004c88 (0xfe380a23) sb      gp, -12(a6)
core   0: 0 0x80004c88 (0xfe380a23) mem 0x8003231a 0x2
core   0: 0x80004c8c (0xff481883) lh      a7, -12(a6)
core   0: 0 0x80004c8c (0xff481883) x17 0x00000002 mem 0x8003231a
core   0: 0x80004c90 (0x0002d617) auipc   a2, 0x2d
core   0: 0 0x80004c90 (0x0002d617) x12 0x80031c90
core   0: 0x80004c94 (0x3b860613) addi    a2, a2, 952
core   0: 0 0x80004c94 (0x3b860613) x12 0x80032048
core   0: 0x80004c98 (0x5de8ce37) lui     t3, 0x5de8c
core   0: 0 0x80004c98 (0x5de8ce37) x28 0x5de8c000
core   0: 0x80004c9c (0x00009672) c.add   a2, t3
core   0: 0 0x80004c9c (0x9672) x12 0xddebe048
core   0: 0x80004c9e (0xd22606a3) sb      sp, -723(a2)
core   0: 0 0x80004c9e (0xd22606a3) mem 0xddebdd75 0x0
core   0: 0x80004ca2 (0x0c360aa3) sb      gp, 213(a2)
core   0: 0 0x80004ca2 (0x0c360aa3) mem 0xddebe11d 0x2
core   0: 0x80004ca6 (0x30460923) sb      tp, 786(a2)
core   0: 0 0x80004ca6 (0x30460923) mem 0xddebe35a 0x0
core   0: 0x80004caa (0x4a560223) sb      t0, 1188(a2)
core   0: 0 0x80004caa (0x4a560223) mem 0xddebe4ec 0x0
core   0: 0x80004cae (0xf26602a3) sb      t1, -219(a2)
core   0: 0 0x80004cae (0xf26602a3) mem 0xddebdf6d 0x10
core   0: 0x80004cb2 (0xe8860da3) sb      s0, -357(a2)
core   0: 0 0x80004cb2 (0xe8860da3) mem 0xddebdee3 0x0
core   0: 0x80004cb6 (0x8e960323) sb      s1, -1818(a2)
core   0: 0 0x80004cb6 (0x8e960323) mem 0xddebd92e 0x64
core   0: 0x80004cba (0x80860623) sb      s0, -2036(a2)
core   0: 0 0x80004cba (0x80860623) mem 0xddebd854 0x0
core   0: 0x80004cbe (0xc73609a3) sb      s3, -909(a2)
core   0: 0 0x80004cbe (0xc73609a3) mem 0xddebdcbb 0x29
core   0: 0x80004cc2 (0xd2d64303) lbu     t1, -723(a2)
core   0: 0 0x80004cc2 (0xd2d64303) x6  0x00000000 mem 0xddebdd75
core   0: 0x80004cc6 (0x0d560d03) lb      s10, 213(a2)
core   0: 0 0x80004cc6 (0x0d560d03) x26 0x00000002 mem 0xddebe11d
core   0: 0x80004cca (0x31260e03) lb      t3, 786(a2)
core   0: 0 0x80004cca (0x31260e03) x28 0x00000000 mem 0xddebe35a
core   0: 0x80004cce (0x7576a193) slti    gp, a3, 1879
core   0: 0 0x80004cce (0x7576a193) x3  0x00000001
core   0: 0x80004cd2 (0x000bc9b3) xor     s3, s7, zero
core   0: 0 0x80004cd2 (0x000bc9b3) x19 0x00000000
core   0: 0x80004cd6 (0x4a460983) lb      s3, 1188(a2)
core   0: 0 0x80004cd6 (0x4a460983) x19 0x00000000 mem 0xddebe4ec
core   0: 0x80004cda (0x41d5de13) srai    t3, a1, 29
core   0: 0 0x80004cda (0x41d5de13) x28 0xfffffffc
core   0: 0x80004cde (0xf2564b03) lbu     s6, -219(a2)
core   0: 0 0x80004cde (0xf2564b03) x22 0x00000010 mem 0xddebdf6d
core   0: 0x80004ce2 (0x00008d05) c.sub   a0, s1
core   0: 0 0x80004ce2 (0x8d05) x10 0x7ffb819c
core   0: 0x80004ce4 (0xb1260ba3) sb      s2, -1257(a2)
core   0: 0 0x80004ce4 (0xb1260ba3) mem 0xddebdb5f 0x0
core   0: 0x80004ce8 (0xe9b60303) lb      t1, -357(a2)
core   0: 0 0x80004ce8 (0xe9b60303) x6  0x00000000 mem 0xddebdee3
core   0: 0x80004cec (0x03773033) mulhu   zero, a4, s7
core   0: 0 0x80004cec (0x03773033)
core   0: 0x80004cf0 (0x00008f5d) c.or    a4, a5
core   0: 0 0x80004cf0 (0x8f5d) x14 0x800371a5
core   0: 0x80004cf2 (0x405f58b3) sra     a7, t5, t0
core   0: 0 0x80004cf2 (0x405f58b3) x17 0x8004bce4
core   0: 0x80004cf6 (0xb7dc7f93) andi    t6, s8, -1155
core   0: 0 0x80004cf6 (0xb7dc7f93) x31 0xfffffb7d
core   0: 0x80004cfa (0x8e660a03) lb      s4, -1818(a2)
core   0: 0 0x80004cfa (0x8e660a03) x20 0x00000064 mem 0xddebd92e
core   0: 0x80004cfe (0x0002d817) auipc   a6, 0x2d
core   0: 0 0x80004cfe (0x0002d817) x16 0x80031cfe
core   0: 0x80004d02 (0x34a80813) addi    a6, a6, 842
core   0: 0 0x80004d02 (0x34a80813) x16 0x80032048
core   0: 0x80004d06 (0x27c33d37) lui     s10, 0x27c33
core   0: 0 0x80004d06 (0x27c33d37) x26 0x27c33000
core   0: 0x80004d0a (0x0000986a) c.add   a6, s10
core   0: 0 0x80004d0a (0x986a) x16 0xa7c65048
core   0: 0x80004d0c (0x48180223) sb      ra, 1156(a6)
core   0: 0 0x80004d0c (0x48180223) mem 0xa7c654cc 0x0
core   0: 0x80004d10 (0x542802a3) sb      sp, 1349(a6)
core   0: 0 0x80004d10 (0x542802a3) mem 0xa7c6558d 0x0
core   0: 0x80004d14 (0x01fc6cb3) or      s9, s8, t6
core   0: 0 0x80004d14 (0x01fc6cb3) x25 0xffffffff
core   0: 0x80004d18 (0x770801a3) sb      a6, 1891(a6)
core   0: 0 0x80004d18 (0x770801a3) mem 0xa7c657ab 0x48
core   0: 0x80004d1c (0x31896d93) ori     s11, s2, 792
core   0: 0 0x80004d1c (0x31896d93) x27 0x00000318
core   0: 0x80004d20 (0x6a1f8c13) addi    s8, t6, 1697
core   0: 0 0x80004d20 (0x6a1f8c13) x24 0x0000021e
core   0: 0x80004d24 (0x48480683) lb      a3, 1156(a6)
core   0: 0 0x80004d24 (0x48480683) x13 0x00000000 mem 0xa7c654cc
core   0: 0x80004d28 (0x0265a933) mulhsu  s2, a1, t1
core   0: 0 0x80004d28 (0x0265a933) x18 0x00000000
core   0: 0x80004d2c (0x0ff0000f) fence   iorw,iorw
core   0: 0 0x80004d2c (0x0ff0000f)
core   0: 0x80004d30 (0x00008f91) c.sub   a5, a2
core   0: 0 0x80004d30 (0x8f91) x15 0xa21790bd
core   0: 0x80004d32 (0x54580783) lb      a5, 1349(a6)
core   0: 0 0x80004d32 (0x54580783) x15 0x00000000 mem 0xa7c6558d
core   0: 0x80004d36 (0x09280fa3) sb      s2, 159(a6)
core   0: 0 0x80004d36 (0x09280fa3) mem 0xa7c650e7 0x0
core   0: 0x80004d3a (0x00008e69) c.and   a2, a0
core   0: 0 0x80004d3a (0x8e69) x12 0x5deb8008
core   0: 0x80004d3c (0x00b92a33) slt     s4, s2, a1
core   0: 0 0x80004d3c (0x00b92a33) x20 0x00000000
core   0: 0x80004d40 (0x6ce80b23) sb      a4, 1750(a6)
core   0: 0 0x80004d40 (0x6ce80b23) mem 0xa7c6571e 0xa5
core   0: 0x80004d44 (0x00030617) auipc   a2, 0x30
core   0: 0 0x80004d44 (0x00030617) x12 0x80034d44
core   0: 0x80004d48 (0x74e60613) addi    a2, a2, 1870
core   0: 0 0x80004d48 (0x74e60613) x12 0x80035492
core   0: 0x80004d4c (0xfd564903) lbu     s2, -43(a2)
core   0: 0 0x80004d4c (0xfd564903) x18 0x00000000 mem 0x80035467
core   0: 0x80004d50 (0x02760183) lb      gp, 39(a2)
core   0: 0 0x80004d50 (0x02760183) x3  0x00000000 mem 0x800354b9
core   0: 0x80004d54 (0x00008c61) c.and   s0, s0
core   0: 0 0x80004d54 (0x8c61) x8  0x00000000
core   0: 0x80004d56 (0x02e971b3) remu    gp, s2, a4
core   0: 0 0x80004d56 (0x02e971b3) x3  0x00000000
core   0: 0x80004d5a (0x01c0b8b3) sltu    a7, ra, t3
core   0: 0 0x80004d5a (0x01c0b8b3) x17 0x00000001
core   0: 0x80004d5e (0x00000001) c.nop
core   0: 0 0x80004d5e (0x0001)
core   0: 0x80004d60 (0x00008e89) c.sub   a3, a0
core   0: 0 0x80004d60 (0x8e89) x13 0x80047e64
core   0: 0x80004d62 (0x02cc2533) mulhsu  a0, s8, a2
core   0: 0 0x80004d62 (0x02cc2533) x10 0x0000010f
core   0: 0x80004d66 (0x41e08933) sub     s2, ra, t5
core   0: 0 0x80004d66 (0x41e08933) x18 0x7ffb431c
core   0: 0x80004d6a (0xfc864b03) lbu     s6, -56(a2)
core   0: 0 0x80004d6a (0xfc864b03) x22 0x00000000 mem 0x8003545a
core   0: 0x80004d6e (0x01360b03) lb      s6, 19(a2)
core   0: 0 0x80004d6e (0x01360b03) x22 0x00000000 mem 0x800354a5
core   0: 0x80004d72 (0xfe660fa3) sb      t1, -1(a2)
core   0: 0 0x80004d72 (0xfe660fa3) mem 0x80035491 0x0
core   0: 0x80004d76 (0x02460403) lb      s0, 36(a2)
core   0: 0 0x80004d76 (0x02460403) x8  0x00000000 mem 0x800354b6
core   0: 0x80004d7a (0xfe164e03) lbu     t3, -31(a2)
core   0: 0 0x80004d7a (0xfe164e03) x28 0x00000000 mem 0x80035473
core   0: 0x80004d7e (0xfc262e83) lw      t4, -62(a2)
core   0: 0 0x80004d7e (0xfc262e83) x29 0x00000000 mem 0x80035454
core   0: 0x80004d82 (0xffa60683) lb      a3, -6(a2)
core   0: 0 0x80004d82 (0xffa60683) x13 0x00000000 mem 0x8003548c
core   0: 0x80004d86 (0xff064e83) lbu     t4, -16(a2)
core   0: 0 0x80004d86 (0xff064e83) x29 0x00000000 mem 0x80035482
core   0: 0x80004d8a (0x004e3233) sltu    tp, t3, tp
core   0: 0 0x80004d8a (0x004e3233) x4  0x00000000
core   0: 0x80004d8e (0x04061283) lh      t0, 64(a2)
core   0: 0 0x80004d8e (0x04061283) x5  0x00000000 mem 0x800354d2
core   0: 0x80004d92 (0x00008ec1) c.or    a3, s0
core   0: 0 0x80004d92 (0x8ec1) x13 0x00000000
core   0: 0x80004d94 (0x8f1f8713) addi    a4, t6, -1807
core   0: 0 0x80004d94 (0x8f1f8713) x14 0xfffff46e
core   0: 0x80004d98 (0x00265283) lhu     t0, 2(a2)
core   0: 0 0x80004d98 (0x00265283) x5  0x00000000 mem 0x80035494
core   0: 0x80004d9c (0x00008832) c.mv    a6, a2
core   0: 0 0x80004d9c (0x8832) x16 0x80035492
core   0: 0x80004d9e (0x00008e8d) c.sub   a3, a1
core   0: 0 0x80004d9e (0x8e8d) x13 0x76b1534c
core   0: 0x80004da0 (0x00008fb9) c.xor   a5, a4
core   0: 0 0x80004da0 (0x8fb9) x15 0xfffff46e
core   0: 0x80004da2 (0xfc461303) lh      t1, -60(a2)
core   0: 0 0x80004da2 (0xfc461303) x6  0x00000000 mem 0x80035456
core   0: 0x80004da6 (0xfdda6893) ori     a7, s4, -35
core   0: 0 0x80004da6 (0xfdda6893) x17 0xffffffdd
core   0: 0x80004daa (0x607a8e93) addi    t4, s5, 1543
core   0: 0 0x80004daa (0x607a8e93) x29 0x00000607
core   0: 0x80004dae (0xff564403) lbu     s0, -11(a2)
core   0: 0 0x80004dae (0xff564403) x8  0x00000000 mem 0x80035487
core   0: 0x80004db2 (0x0000100f) fence.i
core   0: 0 0x80004db2 (0x0000100f)
core   0: 0x80004db6 (0x01b60e83) lb      t4, 27(a2)
core   0: 0 0x80004db6 (0x01b60e83) x29 0x00000000 mem 0x800354ad
core   0: 0x80004dba (0x01661b83) lh      s7, 22(a2)
core   0: 0 0x80004dba (0x01661b83) x23 0x00000000 mem 0x800354a8
core   0: 0x80004dbe (0x0ff0000f) fence   iorw,iorw
core   0: 0 0x80004dbe (0x0ff0000f)
core   0: 0x80004dc2 (0x03283933) mulhu   s2, a6, s2
core   0: 0 0x80004dc2 (0x03283933) x18 0x3fff4bc7
core   0: 0x80004dc6 (0x00008f1d) c.sub   a4, a5
core   0: 0 0x80004dc6 (0x8f1d) x14 0x00000000
core   0: 0x80004dc8 (0x00460e03) lb      t3, 4(a2)
core   0: 0 0x80004dc8 (0x00460e03) x28 0x00000000 mem 0x80035496
core   0: 0x80004dcc (0xfeb609a3) sb      a1, -13(a2)
core   0: 0 0x80004dcc (0xfeb609a3) mem 0x80035485 0xb4
core   0: 0x80004dd0 (0xbce09cb7) lui     s9, 0xbce09
core   0: 0 0x80004dd0 (0xbce09cb7) x25 0xbce09000
core   0: 0x80004dd4 (0x0000100f) fence.i
core   0: 0 0x80004dd4 (0x0000100f)
core   0: 0x80004dd8 (0x02a743b3) div     t2, a4, a0
core   0: 0 0x80004dd8 (0x02a743b3) x7  0x00000000
core   0: 0x80004ddc (0xfd860223) sb      s8, -60(a2)
core   0: 0 0x80004ddc (0xfd860223) mem 0x80035456 0x1e
core   0: 0x80004de0 (0xfce61e83) lh      t4, -50(a2)
core   0: 0 0x80004de0 (0xfce61e83) x29 0x00000000 mem 0x80035460
core   0: 0x80004de4 (0x01560203) lb      tp, 21(a2)
core   0: 0 0x80004de4 (0x01560203) x4  0x00000000 mem 0x800354a7
core   0: 0x80004de8 (0x0002e117) auipc   sp, 0x2e
core   0: 0 0x80004de8 (0x0002e117) x2  0x80032de8
core   0: 0x80004dec (0x05010113) addi    sp, sp, 80
core   0: 0 0x80004dec (0x05010113) x2  0x80032e38
core   0: 0x80004df0 (0x00006c59) c.lui   s8, 0x16
core   0: 0 0x80004df0 (0x6c59) x24 0x00016000
core   0: 0x80004df2 (0xb3611b83) lh      s7, -1226(sp)
core   0: 0 0x80004df2 (0xb3611b83) x23 0x00000000 mem 0x8003296e
core   0: 0x80004df6 (0xbcb14f83) lbu     t6, -1077(sp)
core   0: 0 0x80004df6 (0xbcb14f83) x31 0x00000000 mem 0x80032a03
core   0: 0x80004dfa (0x87b14d83) lbu     s11, -1925(sp)
core   0: 0 0x80004dfa (0x87b14d83) x27 0x00000000 mem 0x800326b3
core   0: 0x80004dfe (0x00008f99) c.sub   a5, a4
core   0: 0 0x80004dfe (0x8f99) x15 0xfffff46e
core   0: 0x80004e00 (0x9fe11f83) lh      t6, -1538(sp)
core   0: 0 0x80004e00 (0x9fe11f83) x31 0x00000000 mem 0x80032836
core   0: 0x80004e04 (0x02ce57b3) divu    a5, t3, a2
core   0: 0 0x80004e04 (0x02ce57b3) x15 0x00000000
core   0: 0x80004e08 (0x0000100f) fence.i
core   0: 0 0x80004e08 (0x0000100f)
core   0: 0x80004e0c (0x20611603) lh      a2, 518(sp)
core   0: 0 0x80004e0c (0x20611603) x12 0x00000000 mem 0x8003303e
core   0: 0x80004e10 (0x0369f9b3) remu    s3, s3, s6
core   0: 0 0x80004e10 (0x0369f9b3) x19 0x00000000
core   0: 0x80004e14 (0xb4310183) lb      gp, -1213(sp)
core   0: 0 0x80004e14 (0xb4310183) x3  0x00000000 mem 0x8003297b
core   0: 0x80004e18 (0xd7c10da3) sb      t3, -645(sp)
core   0: 0 0x80004e18 (0xd7c10da3) mem 0x80032bb3 0x0
core   0: 0x80004e1c (0x9b714e03) lbu     t3, -1609(sp)
core   0: 0 0x80004e1c (0x9b714e03) x28 0x00000000 mem 0x800327ef
core   0: 0x80004e20 (0xfc914603) lbu     a2, -55(sp)
core   0: 0 0x80004e20 (0xfc914603) x12 0x00000000 mem 0x80032e01
core   0: 0x80004e24 (0xda614f83) lbu     t6, -602(sp)
core   0: 0 0x80004e24 (0xda614f83) x31 0x00000000 mem 0x80032bde
core   0: 0x80004e28 (0xa4510703) lb      a4, -1467(sp)
core   0: 0 0x80004e28 (0xa4510703) x14 0x00000000 mem 0x8003287d
core   0: 0x80004e2c (0xdef10183) lb      gp, -529(sp)
core   0: 0 0x80004e2c (0xdef10183) x3  0x00000000 mem 0x80032c27
core   0: 0x80004e30 (0xc2710f83) lb      t6, -985(sp)
core   0: 0 0x80004e30 (0xc2710f83) x31 0x00000000 mem 0x80032a5f
core   0: 0x80004e34 (0x91314f83) lbu     t6, -1773(sp)
core   0: 0 0x80004e34 (0x91314f83) x31 0x00000000 mem 0x8003274b
core   0: 0x80004e38 (0xfa815283) lhu     t0, -88(sp)
core   0: 0 0x80004e38 (0xfa815283) x5  0x00000000 mem 0x80032de0
core   0: 0x80004e3c (0x00008f99) c.sub   a5, a4
core   0: 0 0x80004e3c (0x8f99) x15 0x00000000
core   0: 0x80004e3e (0x20d14e03) lbu     t3, 525(sp)
core   0: 0 0x80004e3e (0x20d14e03) x28 0x00000000 mem 0x80033045
core   0: 0x80004e42 (0x80511823) sh      t0, -2032(sp)
core   0: 0 0x80004e42 (0x80511823) mem 0x80032648 0x0000
core   0: 0x80004e46 (0x007630b3) sltu    ra, a2, t2
core   0: 0 0x80004e46 (0x007630b3) x1  0x00000000
core   0: 0x80004e4a (0xd3dbfcb7) lui     s9, 0xd3dbf
core   0: 0 0x80004e4a (0xd3dbfcb7) x25 0xd3dbf000
core   0: 0x80004e4e (0x00000001) c.nop
core   0: 0 0x80004e4e (0x0001)
core   0: 0x80004e50 (0x88c11b03) lh      s6, -1908(sp)
core   0: 0 0x80004e50 (0x88c11b03) x22 0x00000000 mem 0x800326c4
core   0: 0x80004e54 (0x01b19713) slli    a4, gp, 27
core   0: 0 0x80004e54 (0x01b19713) x14 0x00000000
core   0: 0x80004e58 (0x8dd10d83) lb      s11, -1827(sp)
core   0: 0 0x80004e58 (0x8dd10d83) x27 0x00000000 mem 0x80032715
core   0: 0x80004e5c (0x00008d2d) c.xor   a0, a1
core   0: 0 0x80004e5c (0x8d2d) x10 0x894eadbb
core   0: 0x80004e5e (0x0000100f) fence.i
core   0: 0 0x80004e5e (0x0000100f)
core   0: 0x80004e62 (0x97910023) sb      s9, -1696(sp)
core   0: 0 0x80004e62 (0x97910023) mem 0x80032798 0x0
core   0: 0x80004e66 (0x00000cb9) c.addi  s9, 14
core   0: 0 0x80004e66 (0x0cb9) x25 0xd3dbf00e
core   0: 0x80004e68 (0x9e212623) sw      sp, -1556(sp)
core   0: 0 0x80004e68 (0x9e212623) mem 0x80032824 0x80032e38
core   0: 0x80004e6c (0xa3710083) lb      ra, -1481(sp)
core   0: 0 0x80004e6c (0xa3710083) x1  0x00000000 mem 0x8003286f
core   0: 0x80004e70 (0x0ff0000f) fence   iorw,iorw
core   0: 0 0x80004e70 (0x0ff0000f)
core   0: 0x80004e74 (0x9f415883) lhu     a7, -1548(sp)
core   0: 0 0x80004e74 (0x9f415883) x17 0x00000000 mem 0x8003282c
core   0: 0x80004e78 (0xde910203) lb      tp, -535(sp)
core   0: 0 0x80004e78 (0xde910203) x4  0x00000000 mem 0x80032c21
core   0: 0x80004e7c (0xbd814a83) lbu     s5, -1064(sp)
core   0: 0 0x80004e7c (0xbd814a83) x21 0x00000000 mem 0x80032a10
core   0: 0x80004e80 (0xd6314283) lbu     t0, -669(sp)
core   0: 0 0x80004e80 (0xd6314283) x5  0x00000000 mem 0x80032b9b
core   0: 0x80004e84 (0x8b310ca3) sb      s3, -1863(sp)
core   0: 0 0x80004e84 (0x8b310ca3) mem 0x800326f1 0x0
core   0: 0x80004e88 (0xfc110683) lb      a3, -63(sp)
core   0: 0 0x80004e88 (0xfc110683) x13 0x00000000 mem 0x80032df9
core   0: 0x80004e8c (0xbfb10183) lb      gp, -1029(sp)
core   0: 0 0x80004e8c (0xbfb10183) x3  0x00000000 mem 0x80032a33
core   0: 0x80004e90 (0x0002e217) auipc   tp, 0x2e
core   0: 0 0x80004e90 (0x0002e217) x4  0x80032e90
core   0: 0x80004e94 (0xbb720213) addi    tp, tp, -1097
core   0: 0 0x80004e94 (0xbb720213) x4  0x80032a47
core   0: 0x80004e98 (0x00b25683) lhu     a3, 11(tp)
core   0: 0 0x80004e98 (0x00b25683) x13 0x00000000 mem 0x80032a52
core   0: 0x80004e9c (0xff020403) lb      s0, -16(tp)
core   0: 0 0x80004e9c (0xff020403) x8  0x00000000 mem 0x80032a37
core   0: 0x80004ea0 (0x00031097) auipc   ra, 0x31
core   0: 0 0x80004ea0 (0x00031097) x1  0x80035ea0
core   0: 0x80004ea4 (0x0f508093) addi    ra, ra, 245
core   0: 0 0x80004ea4 (0x0f508093) x1  0x80035f95
core   0: 0x80004ea8 (0xfc808183) lb      gp, -56(ra)
core   0: 0 0x80004ea8 (0xfc808183) x3  0x00000000 mem 0x80035f5d
core   0: 0x80004eac (0xff224d03) lbu     s10, -14(tp)
core   0: 0 0x80004eac (0xff224d03) x26 0x00000000 mem 0x80032a39
core   0: 0x80004eb0 (0xff624d83) lbu     s11, -10(tp)
core   0: 0 0x80004eb0 (0xff624d83) x27 0x00000000 mem 0x80032a3d
core   0: 0x80004eb4 (0x00a20383) lb      t2, 10(tp)
core   0: 0 0x80004eb4 (0x00a20383) x7  0x00000000 mem 0x80032a51
core   0: 0x80004eb8 (0xfc709403) lh      s0, -57(ra)
core   0: 0 0x80004eb8 (0xfc709403) x8  0x00000000 mem 0x80035f5c
core   0: 0x80004ebc (0x00e20023) sb      a4, 0(tp)
core   0: 0 0x80004ebc (0x00e20023) mem 0x80032a47 0x0
core   0: 0x80004ec0 (0xffc08783) lb      a5, -4(ra)
core   0: 0 0x80004ec0 (0xffc08783) x15 0x00000000 mem 0x80035f91
core   0: 0x80004ec4 (0xffa08983) lb      s3, -6(ra)
core   0: 0 0x80004ec4 (0xffa08983) x19 0x00000000 mem 0x80035f8f
core   0: 0x80004ec8 (0xff20c103) lbu     sp, -14(ra)
core   0: 0 0x80004ec8 (0xff20c103) x2  0x00000000 mem 0x80035f87
core   0: 0x80004ecc (0xfdd0d303) lhu     t1, -35(ra)
core   0: 0 0x80004ecc (0xfdd0d303) x6  0x00000000 mem 0x80035f72
core   0: 0x80004ed0 (0x01b20623) sb      s11, 12(tp)
core   0: 0 0x80004ed0 (0x01b20623) mem 0x80032a53 0x0
core   0: 0x80004ed4 (0xfef0aba3) sw      a5, -9(ra)
core   0: 0 0x80004ed4 (0xfef0aba3) mem 0x80035f8c 0x00000000
core   0: 0x80004ed8 (0x02b096a3) sh      a1, 45(ra)
core   0: 0 0x80004ed8 (0x02b096a3) mem 0x80035fc2 0xacb4
core   0: 0x80004edc (0x00122c83) lw      s9, 1(tp)
core   0: 0 0x80004edc (0x00122c83) x25 0x00000000 mem 0x80032a48
core   0: 0x80004ee0 (0x00e24403) lbu     s0, 14(tp)
core   0: 0 0x80004ee0 (0x00e24403) x8  0x00000000 mem 0x80032a55
core   0: 0x80004ee4 (0x027092a3) sh      t2, 37(ra)
core   0: 0 0x80004ee4 (0x027092a3) mem 0x80035fba 0x0000
core   0: 0x80004ee8 (0x00c08c03) lb      s8, 12(ra)
core   0: 0 0x80004ee8 (0x00c08c03) x24 0x00000000 mem 0x80035fa1
core   0: 0x80004eec (0x01e215a3) sh      t5, 11(tp)
core   0: 0 0x80004eec (0x01e215a3) mem 0x80032a52 0xbce4
core   0: 0x80004ef0 (0x0003c717) auipc   a4, 0x3c
core   0: 0 0x80004ef0 (0x0003c717) x14 0x80040ef0
core   0: 0x80004ef4 (0x9a370713) addi    a4, a4, -1629
core   0: 0 0x80004ef4 (0x9a370713) x14 0x80040893
core   0: 0x80004ef8 (0x01a74b03) lbu     s6, 26(a4)
core   0: 0 0x80004ef8 (0x01a74b03) x22 0x00000000 mem 0x800408ad
core   0: 0x80004efc (0xfe374903) lbu     s2, -29(a4)
core   0: 0 0x80004efc (0xfe374903) x18 0x00000000 mem 0x80040876
core   0: 0x80004f00 (0xfe375e83) lhu     t4, -29(a4)
core   0: 0 0x80004f00 (0xfe375e83) x29 0x00000000 mem 0x80040876
core   0: 0x80004f04 (0xfe170b23) sb      ra, -10(a4)
core   0: 0 0x80004f04 (0xfe170b23) mem 0x80040889 0x95
core   0: 0x80004f08 (0x03274003) lbu     zero, 50(a4)
core   0: 0 0x80004f08 (0x03274003) mem 0x800408c5
core   0: 0x80004f0c (0x03274803) lbu     a6, 50(a4)
core   0: 0 0x80004f0c (0x03274803) x16 0x00000000 mem 0x800408c5
core   0: 0x80004f10 (0xfe474303) lbu     t1, -28(a4)
core   0: 0 0x80004f10 (0xfe474303) x6  0x00000000 mem 0x80040877
core   0: 0x80004f14 (0xfd270ca3) sb      s2, -39(a4)
core   0: 0 0x80004f14 (0xfd270ca3) mem 0x8004086c 0x0
core   0: 0x80004f18 (0x03c74e03) lbu     t3, 60(a4)
core   0: 0 0x80004f18 (0x03c74e03) x28 0x00000000 mem 0x800408cf
core   0: 0x80004f1c (0x03f70b03) lb      s6, 63(a4)
core   0: 0 0x80004f1c (0x03f70b03) x22 0x00000000 mem 0x800408d2
core   0: 0x80004f20 (0xfc774503) lbu     a0, -57(a4)
core   0: 0 0x80004f20 (0xfc774503) x10 0x00000000 mem 0x8004085a
core   0: 0x80004f24 (0xfc271da3) sh      sp, -37(a4)
core   0: 0 0x80004f24 (0xfc271da3) mem 0x8004086e 0x0000
core   0: 0x80004f28 (0xfdb75c03) lhu     s8, -37(a4)
core   0: 0 0x80004f28 (0xfdb75c03) x24 0x00000000 mem 0x8004086e
core   0: 0x80004f2c (0xfc071da3) sh      zero, -37(a4)
core   0: 0 0x80004f2c (0xfc071da3) mem 0x8004086e 0x0000
core   0: 0x80004f30 (0x020af533) remu    a0, s5, zero
core   0: 0 0x80004f30 (0x020af533) x10 0x00000000
core   0: 0x80004f34 (0xfcb70da3) sb      a1, -37(a4)
core   0: 0 0x80004f34 (0xfcb70da3) mem 0x8004086e 0xb4
core   0: 0x80004f38 (0x01a70803) lb      a6, 26(a4)
core   0: 0 0x80004f38 (0x01a70803) x16 0x00000000 mem 0x800408ad
core   0: 0x80004f3c (0x01a74003) lbu     zero, 26(a4)
core   0: 0 0x80004f3c (0x01a74003) mem 0x800408ad
core   0: 0x80004f40 (0xff9712a3) sh      s9, -27(a4)
core   0: 0 0x80004f40 (0xff9712a3) mem 0x80040878 0x0000
core   0: 0x80004f44 (0xfe574283) lbu     t0, -27(a4)
core   0: 0 0x80004f44 (0xfe574283) x5  0x00000000 mem 0x80040878
core   0: 0x80004f48 (0xfca74f83) lbu     t6, -54(a4)
core   0: 0 0x80004f48 (0xfca74f83) x31 0x00000000 mem 0x8004085d
core   0: 0x80004f4c (0x0002ea97) auipc   s5, 0x2e
core   0: 0 0x80004f4c (0x0002ea97) x21 0x80032f4c
core   0: 0x80004f50 (0x9c4a8a93) addi    s5, s5, -1596
core   0: 0 0x80004f50 (0x9c4a8a93) x21 0x80032910
core   0: 0x80004f54 (0x083ace83) lbu     t4, 131(s5)
core   0: 0 0x80004f54 (0x083ace83) x29 0x00000000 mem 0x80032993
core   0: 0x80004f58 (0xf61a8d23) sb      ra, -134(s5)
core   0: 0 0x80004f58 (0xf61a8d23) mem 0x8003288a 0x95
core   0: 0x80004f5c (0x0003c297) auipc   t0, 0x3c
core   0: 0 0x80004f5c (0x0003c297) x5  0x80040f5c
core   0: 0x80004f60 (0x89428293) addi    t0, t0, -1900
core   0: 0 0x80004f60 (0x89428293) x5  0x800407f0
core   0: 0x80004f64 (0xf1cac403) lbu     s0, -228(s5)
core   0: 0 0x80004f64 (0xf1cac403) x8  0x00000000 mem 0x8003282c
core   0: 0x80004f68 (0xfd12c603) lbu     a2, -47(t0)
core   0: 0 0x80004f68 (0xfd12c603) x12 0x00000000 mem 0x800407c1
core   0: 0x80004f6c (0x01a2c203) lbu     tp, 26(t0)
core   0: 0 0x80004f6c (0x01a2c203) x4  0x00000000 mem 0x8004080a
core   0: 0x80004f70 (0xfd02c403) lbu     s0, -48(t0)
core   0: 0 0x80004f70 (0xfd02c403) x8  0x00000000 mem 0x800407c0
core   0: 0x80004f74 (0xfce2a223) sw      a4, -60(t0)
core   0: 0 0x80004f74 (0xfce2a223) mem 0x800407b4 0x80040893
core   0: 0x80004f78 (0xf3fac103) lbu     sp, -193(s5)
core   0: 0 0x80004f78 (0xf3fac103) x2  0x00000000 mem 0x8003284f
core   0: 0x80004f7c (0x012286a3) sb      s2, 13(t0)
core   0: 0 0x80004f7c (0x012286a3) mem 0x800407fd 0x0
core   0: 0x80004f80 (0x084aa183) lw      gp, 132(s5)
core   0: 0 0x80004f80 (0x084aa183) x3  0x00000000 mem 0x80032994
core   0: 0x80004f84 (0x04dacd83) lbu     s11, 77(s5)
core   0: 0 0x80004f84 (0x04dacd83) x27 0x00000000 mem 0x8003295d
core   0: 0x80004f88 (0xfdd28d83) lb      s11, -35(t0)
core   0: 0 0x80004f88 (0xfdd28d83) x27 0x00000000 mem 0x800407cd
core   0: 0x80004f8c (0x02a287a3) sb      a0, 47(t0)
core   0: 0 0x80004f8c (0x02a287a3) mem 0x8004081f 0x0
core   0: 0x80004f90 (0xff0add83) lhu     s11, -16(s5)
core   0: 0 0x80004f90 (0xff0add83) x27 0x00000000 mem 0x80032900
core   0: 0x80004f94 (0x0022c083) lbu     ra, 2(t0)
core   0: 0 0x80004f94 (0x0022c083) x1  0x00000000 mem 0x800407f2
core   0: 0x80004f98 (0x0dead883) lhu     a7, 222(s5)
core   0: 0 0x80004f98 (0x0dead883) x17 0x00000000 mem 0x800329ee
core   0: 0x80004f9c (0x004aaa03) lw      s4, 4(s5)
core   0: 0 0x80004f9c (0x004aaa03) x20 0x00000000 mem 0x80032914
core   0: 0x80004fa0 (0x0d8aa083) lw      ra, 216(s5)
core   0: 0 0x80004fa0 (0x0d8aa083) x1  0x00000000 mem 0x800329e8
core   0: 0x80004fa4 (0xfeb28b83) lb      s7, -21(t0)
core   0: 0 0x80004fa4 (0xfeb28b83) x23 0x00000000 mem 0x800407db
core   0: 0x80004fa8 (0x0002d117) auipc   sp, 0x2d
core   0: 0 0x80004fa8 (0x0002d117) x2  0x80031fa8
core   0: 0x80004fac (0x0a010113) addi    sp, sp, 160
core   0: 0 0x80004fac (0x0a010113) x2  0x80032048
core   0: 0x80004fb0 (0x2eba9637) lui     a2, 0x2eba9
core   0: 0 0x80004fb0 (0x2eba9637) x12 0x2eba9000
core   0: 0x80004fb4 (0x00009132) c.add   sp, a2
core   0: 0 0x80004fb4 (0x9132) x2  0xaebdb048
core   0: 0x80004fb6 (0x60110ea3) sb      ra, 1565(sp)
core   0: 0 0x80004fb6 (0x60110ea3) mem 0xaebdb665 0x0
core   0: 0x80004fba (0x8a2103a3) sb      sp, -1881(sp)
core   0: 0 0x80004fba (0x8a2103a3) mem 0xaebda8ef 0x48
core   0: 0x80004fbe (0x76411723) sh      tp, 1902(sp)
core   0: 0 0x80004fbe (0x76411723) mem 0xaebdb7b6 0x0000
core   0: 0x80004fc2 (0x20511a23) sh      t0, 532(sp)
core   0: 0 0x80004fc2 (0x20511a23) mem 0xaebdb25c 0x07f0
core   0: 0x80004fc6 (0x1a7100a3) sb      t2, 417(sp)
core   0: 0 0x80004fc6 (0x1a7100a3) mem 0xaebdb1e9 0x0
core   0: 0x80004fca (0x83a11723) sh      s10, -2002(sp)
core   0: 0 0x80004fca (0x83a11723) mem 0xaebda876 0x0000
core   0: 0x80004fce (0x0000100f) fence.i
core   0: 0 0x80004fce (0x0000100f)
core   0: 0x80004fd2 (0x40918e33) sub     t3, gp, s1
core   0: 0 0x80004fd2 (0x40918e33) x28 0x7ffb819c
core   0: 0x80004fd6 (0x027756b3) divu    a3, a4, t2
core   0: 0 0x80004fd6 (0x027756b3) x13 0xffffffff
core   0: 0x80004fda (0x61d10f83) lb      t6, 1565(sp)
core   0: 0 0x80004fda (0x61d10f83) x31 0x00000000 mem 0xaebdb665
core   0: 0x80004fde (0x8a714383) lbu     t2, -1881(sp)
core   0: 0 0x80004fde (0x8a714383) x7  0x00000048 mem 0xaebda8ef
core   0: 0x80004fe2 (0x0d9100a3) sb      s9, 193(sp)
core   0: 0 0x80004fe2 (0x0d9100a3) mem 0xaebdb109 0x0
core   0: 0x80004fe6 (0x00e671b3) and     gp, a2, a4
core   0: 0 0x80004fe6 (0x00e671b3) x3  0x00000000
core   0: 0x80004fea (0x76e15903) lhu     s2, 1902(sp)
core   0: 0 0x80004fea (0x76e15903) x18 0x00000000 mem 0xaebdb7b6
core   0: 0x80004fee (0x21415e03) lhu     t3, 532(sp)
core   0: 0 0x80004fee (0x21415e03) x28 0x000007f0 mem 0xaebdb25c
core   0: 0x80004ff2 (0xfbc12423) sw      t3, -88(sp)
core   0: 0 0x80004ff2 (0xfbc12423) mem 0xaebdaff0 0x000007f0
core   0: 0x80004ff6 (0x1a114603) lbu     a2, 417(sp)
core   0: 0 0x80004ff6 (0x1a114603) x12 0x00000000 mem 0xaebdb1e9
core   0: 0x80004ffa (0xd10d80b7) lui     ra, 0xd10d8
core   0: 0 0x80004ffa (0xd10d80b7) x1  0xd10d8000
core   0: 0x80004ffe (0xa6c11923) sh      a2, -1422(sp)
core   0: 0 0x80004ffe (0xa6c11923) mem 0xaebdaaba 0x0000
core   0: 0x80005002 (0x0002e117) auipc   sp, 0x2e
core   0: 0 0x80005002 (0x0002e117) x2  0x80033002
core   0: 0x80005006 (0x04610113) addi    sp, sp, 70
core   0: 0 0x80005006 (0x04610113) x2  0x80033048
core   0: 0x8000500a (0x79219e37) lui     t3, 0x79219
core   0: 0 0x8000500a (0x79219e37) x28 0x79219000
core   0: 0x8000500e (0x00009172) c.add   sp, t3
core   0: 0 0x8000500e (0x9172) x2  0xf924c048
core   0: 0x80005010 (0x84011d23) sh      zero, -1958(sp)
core   0: exception trap_store_access_fault, epc 0x80005010
core   0:           tval 0xf924b8a2
core   0: 0x80002500 (0x0800006f) j       pc + 0x80
core   0: 3 0x80002500 (0x0800006f)
core   0: 0x80002580 (0x00001f71) c.addi  t5, -4
core   0: 3 0x80002580 (0x1f71) x30 0x8004bce0
core   0: 0x80002582 (0x009f2023) sw      s1, 0(t5)
core   0: 3 0x80002582 (0x009f2023) mem 0x8004bce0 0x80047e64
core   0: 0x80002586 (0x000f04b3) add     s1, t5, zero
core   0: 3 0x80002586 (0x000f04b3) x9  0x8004bce0
core   0: 0x8000258a (0xf8048493) addi    s1, s1, -128
core   0: 3 0x8000258a (0xf8048493) x9  0x8004bc60
core   0: 0x8000258e (0x0014a223) sw      ra, 4(s1)
core   0: 3 0x8000258e (0x0014a223) mem 0x8004bc64 0xd10d8000
core   0: 0x80002592 (0x0024a423) sw      sp, 8(s1)
core   0: 3 0x80002592 (0x0024a423) mem 0x8004bc68 0xf924c048
core   0: 0x80002596 (0x0034a623) sw      gp, 12(s1)
core   0: 3 0x80002596 (0x0034a623) mem 0x8004bc6c 0x00000000
core   0: 0x8000259a (0x0044a823) sw      tp, 16(s1)
core   0: 3 0x8000259a (0x0044a823) mem 0x8004bc70 0x00000000
core   0: 0x8000259e (0x0054aa23) sw      t0, 20(s1)
core   0: 3 0x8000259e (0x0054aa23) mem 0x8004bc74 0x800407f0
core   0: 0x800025a2 (0x0064ac23) sw      t1, 24(s1)
core   0: 3 0x800025a2 (0x0064ac23) mem 0x8004bc78 0x00000000
core   0: 0x800025a6 (0x0074ae23) sw      t2, 28(s1)
core   0: 3 0x800025a6 (0x0074ae23) mem 0x8004bc7c 0x00000048
core   0: 0x800025aa (0x0000d080) c.sw    s0, 32(s1)
core   0: 3 0x800025aa (0xd080) mem 0x8004bc80 0x00000000
core   0: 0x800025ac (0x0000d0c4) c.sw    s1, 36(s1)
core   0: 3 0x800025ac (0xd0c4) mem 0x8004bc84 0x8004bc60
core   0: 0x800025ae (0x0000d488) c.sw    a0, 40(s1)
core   0: 3 0x800025ae (0xd488) mem 0x8004bc88 0x00000000
core   0: 0x800025b0 (0x0000d4cc) c.sw    a1, 44(s1)
core   0: 3 0x800025b0 (0xd4cc) mem 0x8004bc8c 0x894eacb4
core   0: 0x800025b2 (0x0000d890) c.sw    a2, 48(s1)
core   0: 3 0x800025b2 (0xd890) mem 0x8004bc90 0x00000000
core   0: 0x800025b4 (0x0000d8d4) c.sw    a3, 52(s1)
core   0: 3 0x800025b4 (0xd8d4) mem 0x8004bc94 0xffffffff
core   0: 0x800025b6 (0x0000dc98) c.sw    a4, 56(s1)
core   0: 3 0x800025b6 (0xdc98) mem 0x8004bc98 0x80040893
core   0: 0x800025b8 (0x0000dcdc) c.sw    a5, 60(s1)
core   0: 3 0x800025b8 (0xdcdc) mem 0x8004bc9c 0x00000000
core   0: 0x800025ba (0x0504a023) sw      a6, 64(s1)
core   0: 3 0x800025ba (0x0504a023) mem 0x8004bca0 0x00000000
core   0: 0x800025be (0x0514a223) sw      a7, 68(s1)
core   0: 3 0x800025be (0x0514a223) mem 0x8004bca4 0x00000000
core   0: 0x800025c2 (0x0524a423) sw      s2, 72(s1)
core   0: 3 0x800025c2 (0x0524a423) mem 0x8004bca8 0x00000000
core   0: 0x800025c6 (0x0534a623) sw      s3, 76(s1)
core   0: 3 0x800025c6 (0x0534a623) mem 0x8004bcac 0x00000000
core   0: 0x800025ca (0x0544a823) sw      s4, 80(s1)
core   0: 3 0x800025ca (0x0544a823) mem 0x8004bcb0 0x00000000
core   0: 0x800025ce (0x0554aa23) sw      s5, 84(s1)
core   0: 3 0x800025ce (0x0554aa23) mem 0x8004bcb4 0x80032910
core   0: 0x800025d2 (0x0564ac23) sw      s6, 88(s1)
core   0: 3 0x800025d2 (0x0564ac23) mem 0x8004bcb8 0x00000000
core   0: 0x800025d6 (0x0574ae23) sw      s7, 92(s1)
core   0: 3 0x800025d6 (0x0574ae23) mem 0x8004bcbc 0x00000000
core   0: 0x800025da (0x0784a023) sw      s8, 96(s1)
core   0: 3 0x800025da (0x0784a023) mem 0x8004bcc0 0x00000000
core   0: 0x800025de (0x0794a223) sw      s9, 100(s1)
core   0: 3 0x800025de (0x0794a223) mem 0x8004bcc4 0x00000000
core   0: 0x800025e2 (0x07a4a423) sw      s10, 104(s1)
core   0: 3 0x800025e2 (0x07a4a423) mem 0x8004bcc8 0x00000000
core   0: 0x800025e6 (0x07b4a623) sw      s11, 108(s1)
core   0: 3 0x800025e6 (0x07b4a623) mem 0x8004bccc 0x00000000
core   0: 0x800025ea (0x07c4a823) sw      t3, 112(s1)
core   0: 3 0x800025ea (0x07c4a823) mem 0x8004bcd0 0x79219000
core   0: 0x800025ee (0x07d4aa23) sw      t4, 116(s1)
core   0: 3 0x800025ee (0x07d4aa23) mem 0x8004bcd4 0x00000000
core   0: 0x800025f2 (0x07e4ac23) sw      t5, 120(s1)
core   0: 3 0x800025f2 (0x07e4ac23) mem 0x8004bcd8 0x8004bce0
core   0: 0x800025f6 (0x07f4ae23) sw      t6, 124(s1)
core   0: 3 0x800025f6 (0x07f4ae23) mem 0x8004bcdc 0x00000000
core   0: 0x800025fa (0x00048f33) add     t5, s1, zero
core   0: 3 0x800025fa (0x00048f33) x30 0x8004bc60
core   0: 0x800025fe (0x90000d37) lui     s10, 0x90000
core   0: 3 0x800025fe (0x90000d37) x26 0x90000000
core   0: 0x80002602 (0x00001d71) c.addi  s10, -4
core   0: 3 0x80002602 (0x1d71) x26 0x8ffffffc
core   0: 0x80002604 (0x00004621) c.li    a2, 8
core   0: 3 0x80002604 (0x4621) x12 0x00000008
core   0: 0x80002606 (0x00000622) c.slli  a2, 8
core   0: 3 0x80002606 (0x0622) x12 0x00000800
core   0: 0x80002608 (0x00060613) mv      a2, a2
core   0: 3 0x80002608 (0x00060613) x12 0x00000800
core   0: 0x8000260c (0x00cd2023) sw      a2, 0(s10)
core   0: 3 0x8000260c (0x00cd2023) mem 0x8ffffffc 0x00000800
core   0: 0x80002610 (0x34102673) csrr    a2, mepc
core   0: 3 0x80002610 (0x34102673) x12 0x80005010
core   0: 0x80002614 (0x34202673) csrr    a2, mcause
core   0: 3 0x80002614 (0x34202673) x12 0x00000007
core   0: 0x80002618 (0x00004d0d) c.li    s10, 3
core   0: 3 0x80002618 (0x4d0d) x26 0x00000003
core   0: 0x8000261a (0x01a61463) bne     a2, s10, pc + 8
core   0: 3 0x8000261a (0x01a61463)
core   0: 0x80002622 (0x00004d21) c.li    s10, 8
core   0: 3 0x80002622 (0x4d21) x26 0x00000008
core   0: 0x80002624 (0x05a60d63) beq     a2, s10, pc + 90
core   0: 3 0x80002624 (0x05a60d63)
core   0: 0x80002628 (0x00004d25) c.li    s10, 9
core   0: 3 0x80002628 (0x4d25) x26 0x00000009
core   0: 0x8000262a (0x05a60a63) beq     a2, s10, pc + 84
core   0: 3 0x8000262a (0x05a60a63)
core   0: 0x8000262e (0x00004d2d) c.li    s10, 11
core   0: 3 0x8000262e (0x4d2d) x26 0x0000000b
core   0: 0x80002630 (0x05a60763) beq     a2, s10, pc + 78
core   0: 3 0x80002630 (0x05a60763)
core   0: 0x80002634 (0x00004d05) c.li    s10, 1
core   0: 3 0x80002634 (0x4d05) x26 0x00000001
core   0: 0x80002636 (0x33a60b63) beq     a2, s10, pc + 822
core   0: 3 0x80002636 (0x33a60b63)
core   0: 0x8000263a (0x00004d15) c.li    s10, 5
core   0: 3 0x8000263a (0x4d15) x26 0x00000005
core   0: 0x8000263c (0x61a60263) beq     a2, s10, pc + 1540
core   0: 3 0x8000263c (0x61a60263)
core   0: 0x80002640 (0x00004d1d) c.li    s10, 7
core   0: 3 0x80002640 (0x4d1d) x26 0x00000007
core   0: 0x80002642 (0x11a602e3) beq     a2, s10, pc + 2308
core   0: 3 0x80002642 (0x11a602e3)
core   0: 0x80002f46 (0x90000d37) lui     s10, 0x90000
core   0: 3 0x80002f46 (0x90000d37) x26 0x90000000
core   0: 0x80002f4a (0x00001d71) c.addi  s10, -4
core   0: 3 0x80002f4a (0x1d71) x26 0x8ffffffc
core   0: 0x80002f4c (0x00004631) c.li    a2, 12
core   0: 3 0x80002f4c (0x4631) x12 0x0000000c
core   0: 0x80002f4e (0x00000622) c.slli  a2, 8
core   0: 3 0x80002f4e (0x0622) x12 0x00000c00
core   0: 0x80002f50 (0x00060613) mv      a2, a2
core   0: 3 0x80002f50 (0x00060613) x12 0x00000c00
core   0: 0x80002f54 (0x00cd2023) sw      a2, 0(s10)
core   0: 3 0x80002f54 (0x00cd2023) mem 0x8ffffffc 0x00000c00
core   0: 0x80002f58 (0x90000d37) lui     s10, 0x90000
core   0: 3 0x80002f58 (0x90000d37) x26 0x90000000
core   0: 0x80002f5c (0x00001d71) c.addi  s10, -4
core   0: 3 0x80002f5c (0x1d71) x26 0x8ffffffc
core   0: 0x80002f5e (0x34200613) li      a2, 834
core   0: 3 0x80002f5e (0x34200613) x12 0x00000342
core   0: 0x80002f62 (0x00000622) c.slli  a2, 8
core   0: 3 0x80002f62 (0x0622) x12 0x00034200
core   0: 0x80002f64 (0x0000060d) c.addi  a2, 3
core   0: 3 0x80002f64 (0x060d) x12 0x00034203
core   0: 0x80002f66 (0x00cd2023) sw      a2, 0(s10)
core   0: 3 0x80002f66 (0x00cd2023) mem 0x8ffffffc 0x00034203
core   0: 0x80002f6a (0x34202673) csrr    a2, mcause
core   0: 3 0x80002f6a (0x34202673) x12 0x00000007
core   0: 0x80002f6e (0x00cd2023) sw      a2, 0(s10)
core   0: 3 0x80002f6e (0x00cd2023) mem 0x8ffffffc 0x00000007
core   0: 0x80002f72 (0x00004601) c.li    a2, 0
core   0: 3 0x80002f72 (0x4601) x12 0x00000000
core   0: 0x80002f74 (0x00008eb2) c.mv    t4, a2
core   0: 3 0x80002f74 (0x8eb2) x29 0x00000000
core   0: 0x80002f76 (0x00004b01) c.li    s6, 0
core   0: 3 0x80002f76 (0x4b01) x22 0x00000000
core   0: 0x80002f78 (0x00008676) c.mv    a2, t4
core   0: 3 0x80002f78 (0x8676) x12 0x00000000
core   0: 0x80002f7a (0x000085b2) c.mv    a1, a2
core   0: 3 0x80002f7a (0x85b2) x11 0x00000000
core   0: 0x80002f7c (0x00004581) c.li    a1, 0
core   0: 3 0x80002f7c (0x4581) x11 0x00000000
core   0: 0x80002f7e (0x04b60f63) beq     a2, a1, pc + 94
core   0: 3 0x80002f7e (0x04b60f63)
core   0: 0x80002fdc (0x3b002d73) csrr    s10, pmpaddr0
core   0: 3 0x80002fdc (0x3b002d73) x26 0x20000c8d
core   0: 0x80002fe0 (0x3a002ff3) csrr    t6, pmpcfg0
core   0: 3 0x80002fe0 (0x3a002ff3) x31 0x0f0f0f0f
core   0: 0x80002fe4 (0x0000a861) c.j     pc + 152
core   0: 3 0x80002fe4 (0xa861)
core   0: 0x8000307c (0x00004e11) c.li    t3, 4
core   0: 3 0x8000307c (0x4e11) x28 0x00000004
core   0: 0x8000307e (0x01ee9613) slli    a2, t4, 30
core   0: 3 0x8000307e (0x01ee9613) x12 0x00000000
core   0: 0x80003082 (0x00008279) c.srli  a2, 30
core   0: 3 0x80003082 (0x8279) x12 0x00000000
core   0: 0x80003084 (0x40ce05b3) sub     a1, t3, a2
core   0: 3 0x80003084 (0x40ce05b3) x11 0x00000004
core   0: 0x80003088 (0x000015fd) c.addi  a1, -1
core   0: 3 0x80003088 (0x15fd) x11 0x00000003
core   0: 0x8000308a (0x0000058e) c.slli  a1, 3
core   0: 3 0x8000308a (0x058e) x11 0x00000018
core   0: 0x8000308c (0x00bf9e33) sll     t3, t6, a1
core   0: 3 0x8000308c (0x00bf9e33) x28 0x0f000000
core   0: 0x80003090 (0x0000060e) c.slli  a2, 3
core   0: 3 0x80003090 (0x060e) x12 0x00000000
core   0: 0x80003092 (0x000095b2) c.add   a1, a2
core   0: 3 0x80003092 (0x95b2) x11 0x00000018
core   0: 0x80003094 (0x00be5e33) srl     t3, t3, a1
core   0: 3 0x80003094 (0x00be5e33) x28 0x0000000f
core   0: 0x80003098 (0x01be1593) slli    a1, t3, 27
core   0: 3 0x80003098 (0x01be1593) x11 0x78000000
core   0: 0x8000309c (0x000081f9) c.srli  a1, 30
core   0: 3 0x8000309c (0x81f9) x11 0x00000001
core   0: 0x8000309e (0x0000c1b1) c.beqz  a1, pc + 68
core   0: 3 0x8000309e (0xc1b1)
core   0: 0x800030a0 (0x00004605) c.li    a2, 1
core   0: 3 0x800030a0 (0x4605) x12 0x00000001
core   0: 0x800030a2 (0x04c58163) beq     a1, a2, pc + 66
core   0: 3 0x800030a2 (0x04c58163)
core   0: 0x800030e4 (0x00008676) c.mv    a2, t4
core   0: 3 0x800030e4 (0x8676) x12 0x00000000
core   0: 0x800030e6 (0x343025f3) csrr    a1, mtval
core   0: 3 0x800030e6 (0x343025f3) x11 0xf924b8a2
core   0: 0x800030ea (0x00008189) c.srli  a1, 2
core   0: 3 0x800030ea (0x8189) x11 0x3e492e28
core   0: 0x800030ec (0x0000e601) c.bnez  a2, pc + 8
core   0: 3 0x800030ec (0xe601)
core   0: 0x800030ee (0xfc05c8e3) bltz    a1, pc - 48
core   0: 3 0x800030ee (0xfc05c8e3)
core   0: 0x800030f2 (0x0000a019) c.j     pc + 6
core   0: 3 0x800030f2 (0xa019)
core   0: 0x800030f8 (0xfda5f3e3) bgeu    a1, s10, pc - 58
core   0: 3 0x800030f8 (0xfda5f3e3)
core   0: 0x800030be (0x00008676) c.mv    a2, t4
core   0: 3 0x800030be (0x8676) x12 0x00000000
core   0: 0x800030c0 (0x00008b6a) c.mv    s6, s10
core   0: 3 0x800030c0 (0x8b6a) x22 0x20000c8d
core   0: 0x800030c2 (0x00000605) c.addi  a2, 1
core   0: 3 0x800030c2 (0x0605) x12 0x00000001
core   0: 0x800030c4 (0x00008eb2) c.mv    t4, a2
core   0: 3 0x800030c4 (0x8eb2) x29 0x00000001
core   0: 0x800030c6 (0x00004d41) c.li    s10, 16
core   0: 3 0x800030c6 (0x4d41) x26 0x00000010
core   0: 0x800030c8 (0x01a65363) bge     a2, s10, pc + 6
core   0: 3 0x800030c8 (0x01a65363)
core   0: 0x800030cc (0x0000b575) c.j     pc - 340
core   0: 3 0x800030cc (0xb575)
core   0: 0x80002f78 (0x00008676) c.mv    a2, t4
core   0: 3 0x80002f78 (0x8676) x12 0x00000001
core   0: 0x80002f7a (0x000085b2) c.mv    a1, a2
core   0: 3 0x80002f7a (0x85b2) x11 0x00000001
core   0: 0x80002f7c (0x00004581) c.li    a1, 0
core   0: 3 0x80002f7c (0x4581) x11 0x00000000
core   0: 0x80002f7e (0x04b60f63) beq     a2, a1, pc + 94
core   0: 3 0x80002f7e (0x04b60f63)
core   0: 0x80002f82 (0x00004585) c.li    a1, 1
core   0: 3 0x80002f82 (0x4585) x11 0x00000001
core   0: 0x80002f84 (0x06b60163) beq     a2, a1, pc + 98
core   0: 3 0x80002f84 (0x06b60163)
core   0: 0x80002fe6 (0x3b102d73) csrr    s10, pmpaddr1
core   0: 3 0x80002fe6 (0x3b102d73) x26 0x244450d1
core   0: 0x80002fea (0x3a002ff3) csrr    t6, pmpcfg0
core   0: 3 0x80002fea (0x3a002ff3) x31 0x0f0f0f0f
core   0: 0x80002fee (0x0000a079) c.j     pc + 142
core   0: 3 0x80002fee (0xa079)
core   0: 0x8000307c (0x00004e11) c.li    t3, 4
core   0: 3 0x8000307c (0x4e11) x28 0x00000004
core   0: 0x8000307e (0x01ee9613) slli    a2, t4, 30
core   0: 3 0x8000307e (0x01ee9613) x12 0x40000000
core   0: 0x80003082 (0x00008279) c.srli  a2, 30
core   0: 3 0x80003082 (0x8279) x12 0x00000001
core   0: 0x80003084 (0x40ce05b3) sub     a1, t3, a2
core   0: 3 0x80003084 (0x40ce05b3) x11 0x00000003
core   0: 0x80003088 (0x000015fd) c.addi  a1, -1
core   0: 3 0x80003088 (0x15fd) x11 0x00000002
core   0: 0x8000308a (0x0000058e) c.slli  a1, 3
core   0: 3 0x8000308a (0x058e) x11 0x00000010
core   0: 0x8000308c (0x00bf9e33) sll     t3, t6, a1
core   0: 3 0x8000308c (0x00bf9e33) x28 0x0f0f0000
core   0: 0x80003090 (0x0000060e) c.slli  a2, 3
core   0: 3 0x80003090 (0x060e) x12 0x00000008
core   0: 0x80003092 (0x000095b2) c.add   a1, a2
core   0: 3 0x80003092 (0x95b2) x11 0x00000018
core   0: 0x80003094 (0x00be5e33) srl     t3, t3, a1
core   0: 3 0x80003094 (0x00be5e33) x28 0x0000000f
core   0: 0x80003098 (0x01be1593) slli    a1, t3, 27
core   0: 3 0x80003098 (0x01be1593) x11 0x78000000
core   0: 0x8000309c (0x000081f9) c.srli  a1, 30
core   0: 3 0x8000309c (0x81f9) x11 0x00000001
core   0: 0x8000309e (0x0000c1b1) c.beqz  a1, pc + 68
core   0: 3 0x8000309e (0xc1b1)
core   0: 0x800030a0 (0x00004605) c.li    a2, 1
core   0: 3 0x800030a0 (0x4605) x12 0x00000001
core   0: 0x800030a2 (0x04c58163) beq     a1, a2, pc + 66
core   0: 3 0x800030a2 (0x04c58163)
core   0: 0x800030e4 (0x00008676) c.mv    a2, t4
core   0: 3 0x800030e4 (0x8676) x12 0x00000001
core   0: 0x800030e6 (0x343025f3) csrr    a1, mtval
core   0: 3 0x800030e6 (0x343025f3) x11 0xf924b8a2
core   0: 0x800030ea (0x00008189) c.srli  a1, 2
core   0: 3 0x800030ea (0x8189) x11 0x3e492e28
core   0: 0x800030ec (0x0000e601) c.bnez  a2, pc + 8
core   0: 3 0x800030ec (0xe601)
core   0: 0x800030f4 (0xfd65e5e3) bltu    a1, s6, pc - 54
core   0: 3 0x800030f4 (0xfd65e5e3)
core   0: 0x800030f8 (0xfda5f3e3) bgeu    a1, s10, pc - 58
core   0: 3 0x800030f8 (0xfda5f3e3)
core   0: 0x800030be (0x00008676) c.mv    a2, t4
core   0: 3 0x800030be (0x8676) x12 0x00000001
core   0: 0x800030c0 (0x00008b6a) c.mv    s6, s10
core   0: 3 0x800030c0 (0x8b6a) x22 0x244450d1
core   0: 0x800030c2 (0x00000605) c.addi  a2, 1
core   0: 3 0x800030c2 (0x0605) x12 0x00000002
core   0: 0x800030c4 (0x00008eb2) c.mv    t4, a2
core   0: 3 0x800030c4 (0x8eb2) x29 0x00000002
core   0: 0x800030c6 (0x00004d41) c.li    s10, 16
core   0: 3 0x800030c6 (0x4d41) x26 0x00000010
core   0: 0x800030c8 (0x01a65363) bge     a2, s10, pc + 6
core   0: 3 0x800030c8 (0x01a65363)
core   0: 0x800030cc (0x0000b575) c.j     pc - 340
core   0: 3 0x800030cc (0xb575)
core   0: 0x80002f78 (0x00008676) c.mv    a2, t4
core   0: 3 0x80002f78 (0x8676) x12 0x00000002
core   0: 0x80002f7a (0x000085b2) c.mv    a1, a2
core   0: 3 0x80002f7a (0x85b2) x11 0x00000002
core   0: 0x80002f7c (0x00004581) c.li    a1, 0
core   0: 3 0x80002f7c (0x4581) x11 0x00000000
core   0: 0x80002f7e (0x04b60f63) beq     a2, a1, pc + 94
core   0: 3 0x80002f7e (0x04b60f63)
core   0: 0x80002f82 (0x00004585) c.li    a1, 1
core   0: 3 0x80002f82 (0x4585) x11 0x00000001
core   0: 0x80002f84 (0x06b60163) beq     a2, a1, pc + 98
core   0: 3 0x80002f84 (0x06b60163)
core   0: 0x80002f88 (0x00004589) c.li    a1, 2
core   0: 3 0x80002f88 (0x4589) x11 0x00000002
core   0: 0x80002f8a (0x06b60363) beq     a2, a1, pc + 102
core   0: 3 0x80002f8a (0x06b60363)
core   0: 0x80002ff0 (0x3b202d73) csrr    s10, pmpaddr2
core   0: 3 0x80002ff0 (0x3b202d73) x26 0x28889515
core   0: 0x80002ff4 (0x3a002ff3) csrr    t6, pmpcfg0
core   0: 3 0x80002ff4 (0x3a002ff3) x31 0x0f0f0f0f
core   0: 0x80002ff8 (0x0000a051) c.j     pc + 132
core   0: 3 0x80002ff8 (0xa051)
core   0: 0x8000307c (0x00004e11) c.li    t3, 4
core   0: 3 0x8000307c (0x4e11) x28 0x00000004
core   0: 0x8000307e (0x01ee9613) slli    a2, t4, 30
core   0: 3 0x8000307e (0x01ee9613) x12 0x80000000
core   0: 0x80003082 (0x00008279) c.srli  a2, 30
core   0: 3 0x80003082 (0x8279) x12 0x00000002
core   0: 0x80003084 (0x40ce05b3) sub     a1, t3, a2
core   0: 3 0x80003084 (0x40ce05b3) x11 0x00000002
core   0: 0x80003088 (0x000015fd) c.addi  a1, -1
core   0: 3 0x80003088 (0x15fd) x11 0x00000001
core   0: 0x8000308a (0x0000058e) c.slli  a1, 3
core   0: 3 0x8000308a (0x058e) x11 0x00000008
core   0: 0x8000308c (0x00bf9e33) sll     t3, t6, a1
core   0: 3 0x8000308c (0x00bf9e33) x28 0x0f0f0f00
core   0: 0x80003090 (0x0000060e) c.slli  a2, 3
core   0: 3 0x80003090 (0x060e) x12 0x00000010
core   0: 0x80003092 (0x000095b2) c.add   a1, a2
core   0: 3 0x80003092 (0x95b2) x11 0x00000018
core   0: 0x80003094 (0x00be5e33) srl     t3, t3, a1
core   0: 3 0x80003094 (0x00be5e33) x28 0x0000000f
core   0: 0x80003098 (0x01be1593) slli    a1, t3, 27
core   0: 3 0x80003098 (0x01be1593) x11 0x78000000
core   0: 0x8000309c (0x000081f9) c.srli  a1, 30
core   0: 3 0x8000309c (0x81f9) x11 0x00000001
core   0: 0x8000309e (0x0000c1b1) c.beqz  a1, pc + 68
core   0: 3 0x8000309e (0xc1b1)
core   0: 0x800030a0 (0x00004605) c.li    a2, 1
core   0: 3 0x800030a0 (0x4605) x12 0x00000001
core   0: 0x800030a2 (0x04c58163) beq     a1, a2, pc + 66
core   0: 3 0x800030a2 (0x04c58163)
core   0: 0x800030e4 (0x00008676) c.mv    a2, t4
core   0: 3 0x800030e4 (0x8676) x12 0x00000002
core   0: 0x800030e6 (0x343025f3) csrr    a1, mtval
core   0: 3 0x800030e6 (0x343025f3) x11 0xf924b8a2
core   0: 0x800030ea (0x00008189) c.srli  a1, 2
core   0: 3 0x800030ea (0x8189) x11 0x3e492e28
core   0: 0x800030ec (0x0000e601) c.bnez  a2, pc + 8
core   0: 3 0x800030ec (0xe601)
core   0: 0x800030f4 (0xfd65e5e3) bltu    a1, s6, pc - 54
core   0: 3 0x800030f4 (0xfd65e5e3)
core   0: 0x800030f8 (0xfda5f3e3) bgeu    a1, s10, pc - 58
core   0: 3 0x800030f8 (0xfda5f3e3)
core   0: 0x800030be (0x00008676) c.mv    a2, t4
core   0: 3 0x800030be (0x8676) x12 0x00000002
core   0: 0x800030c0 (0x00008b6a) c.mv    s6, s10
core   0: 3 0x800030c0 (0x8b6a) x22 0x28889515
core   0: 0x800030c2 (0x00000605) c.addi  a2, 1
core   0: 3 0x800030c2 (0x0605) x12 0x00000003
core   0: 0x800030c4 (0x00008eb2) c.mv    t4, a2
core   0: 3 0x800030c4 (0x8eb2) x29 0x00000003
core   0: 0x800030c6 (0x00004d41) c.li    s10, 16
core   0: 3 0x800030c6 (0x4d41) x26 0x00000010
core   0: 0x800030c8 (0x01a65363) bge     a2, s10, pc + 6
core   0: 3 0x800030c8 (0x01a65363)
core   0: 0x800030cc (0x0000b575) c.j     pc - 340
core   0: 3 0x800030cc (0xb575)
core   0: 0x80002f78 (0x00008676) c.mv    a2, t4
core   0: 3 0x80002f78 (0x8676) x12 0x00000003
core   0: 0x80002f7a (0x000085b2) c.mv    a1, a2
core   0: 3 0x80002f7a (0x85b2) x11 0x00000003
core   0: 0x80002f7c (0x00004581) c.li    a1, 0
core   0: 3 0x80002f7c (0x4581) x11 0x00000000
core   0: 0x80002f7e (0x04b60f63) beq     a2, a1, pc + 94
core   0: 3 0x80002f7e (0x04b60f63)
core   0: 0x80002f82 (0x00004585) c.li    a1, 1
core   0: 3 0x80002f82 (0x4585) x11 0x00000001
core   0: 0x80002f84 (0x06b60163) beq     a2, a1, pc + 98
core   0: 3 0x80002f84 (0x06b60163)
core   0: 0x80002f88 (0x00004589) c.li    a1, 2
core   0: 3 0x80002f88 (0x4589) x11 0x00000002
core   0: 0x80002f8a (0x06b60363) beq     a2, a1, pc + 102
core   0: 3 0x80002f8a (0x06b60363)
core   0: 0x80002f8e (0x0000458d) c.li    a1, 3
core   0: 3 0x80002f8e (0x458d) x11 0x00000003
core   0: 0x80002f90 (0x06b60563) beq     a2, a1, pc + 106
core   0: 3 0x80002f90 (0x06b60563)
core   0: 0x80002ffa (0x3b302d73) csrr    s10, pmpaddr3
core   0: 3 0x80002ffa (0x3b302d73) x26 0x2cccd959
core   0: 0x80002ffe (0x3a002ff3) csrr    t6, pmpcfg0
core   0: 3 0x80002ffe (0x3a002ff3) x31 0x0f0f0f0f
core   0: 0x80003002 (0x0000a8ad) c.j     pc + 122
core   0: 3 0x80003002 (0xa8ad)
core   0: 0x8000307c (0x00004e11) c.li    t3, 4
core   0: 3 0x8000307c (0x4e11) x28 0x00000004
core   0: 0x8000307e (0x01ee9613) slli    a2, t4, 30
core   0: 3 0x8000307e (0x01ee9613) x12 0xc0000000
core   0: 0x80003082 (0x00008279) c.srli  a2, 30
core   0: 3 0x80003082 (0x8279) x12 0x00000003
core   0: 0x80003084 (0x40ce05b3) sub     a1, t3, a2
core   0: 3 0x80003084 (0x40ce05b3) x11 0x00000001
core   0: 0x80003088 (0x000015fd) c.addi  a1, -1
core   0: 3 0x80003088 (0x15fd) x11 0x00000000
core   0: 0x8000308a (0x0000058e) c.slli  a1, 3
core   0: 3 0x8000308a (0x058e) x11 0x00000000
core   0: 0x8000308c (0x00bf9e33) sll     t3, t6, a1
core   0: 3 0x8000308c (0x00bf9e33) x28 0x0f0f0f0f
core   0: 0x80003090 (0x0000060e) c.slli  a2, 3
core   0: 3 0x80003090 (0x060e) x12 0x00000018
core   0: 0x80003092 (0x000095b2) c.add   a1, a2
core   0: 3 0x80003092 (0x95b2) x11 0x00000018
core   0: 0x80003094 (0x00be5e33) srl     t3, t3, a1
core   0: 3 0x80003094 (0x00be5e33) x28 0x0000000f
core   0: 0x80003098 (0x01be1593) slli    a1, t3, 27
core   0: 3 0x80003098 (0x01be1593) x11 0x78000000
core   0: 0x8000309c (0x000081f9) c.srli  a1, 30
core   0: 3 0x8000309c (0x81f9) x11 0x00000001
core   0: 0x8000309e (0x0000c1b1) c.beqz  a1, pc + 68
core   0: 3 0x8000309e (0xc1b1)
core   0: 0x800030a0 (0x00004605) c.li    a2, 1
core   0: 3 0x800030a0 (0x4605) x12 0x00000001
core   0: 0x800030a2 (0x04c58163) beq     a1, a2, pc + 66
core   0: 3 0x800030a2 (0x04c58163)
core   0: 0x800030e4 (0x00008676) c.mv    a2, t4
core   0: 3 0x800030e4 (0x8676) x12 0x00000003
core   0: 0x800030e6 (0x343025f3) csrr    a1, mtval
core   0: 3 0x800030e6 (0x343025f3) x11 0xf924b8a2
core   0: 0x800030ea (0x00008189) c.srli  a1, 2
core   0: 3 0x800030ea (0x8189) x11 0x3e492e28
core   0: 0x800030ec (0x0000e601) c.bnez  a2, pc + 8
core   0: 3 0x800030ec (0xe601)
core   0: 0x800030f4 (0xfd65e5e3) bltu    a1, s6, pc - 54
core   0: 3 0x800030f4 (0xfd65e5e3)
core   0: 0x800030f8 (0xfda5f3e3) bgeu    a1, s10, pc - 58
core   0: 3 0x800030f8 (0xfda5f3e3)
core   0: 0x800030be (0x00008676) c.mv    a2, t4
core   0: 3 0x800030be (0x8676) x12 0x00000003
core   0: 0x800030c0 (0x00008b6a) c.mv    s6, s10
core   0: 3 0x800030c0 (0x8b6a) x22 0x2cccd959
core   0: 0x800030c2 (0x00000605) c.addi  a2, 1
core   0: 3 0x800030c2 (0x0605) x12 0x00000004
core   0: 0x800030c4 (0x00008eb2) c.mv    t4, a2
core   0: 3 0x800030c4 (0x8eb2) x29 0x00000004
core   0: 0x800030c6 (0x00004d41) c.li    s10, 16
core   0: 3 0x800030c6 (0x4d41) x26 0x00000010
core   0: 0x800030c8 (0x01a65363) bge     a2, s10, pc + 6
core   0: 3 0x800030c8 (0x01a65363)
core   0: 0x800030cc (0x0000b575) c.j     pc - 340
core   0: 3 0x800030cc (0xb575)
core   0: 0x80002f78 (0x00008676) c.mv    a2, t4
core   0: 3 0x80002f78 (0x8676) x12 0x00000004
core   0: 0x80002f7a (0x000085b2) c.mv    a1, a2
core   0: 3 0x80002f7a (0x85b2) x11 0x00000004
core   0: 0x80002f7c (0x00004581) c.li    a1, 0
core   0: 3 0x80002f7c (0x4581) x11 0x00000000
core   0: 0x80002f7e (0x04b60f63) beq     a2, a1, pc + 94
core   0: 3 0x80002f7e (0x04b60f63)
core   0: 0x80002f82 (0x00004585) c.li    a1, 1
core   0: 3 0x80002f82 (0x4585) x11 0x00000001
core   0: 0x80002f84 (0x06b60163) beq     a2, a1, pc + 98
core   0: 3 0x80002f84 (0x06b60163)
core   0: 0x80002f88 (0x00004589) c.li    a1, 2
core   0: 3 0x80002f88 (0x4589) x11 0x00000002
core   0: 0x80002f8a (0x06b60363) beq     a2, a1, pc + 102
core   0: 3 0x80002f8a (0x06b60363)
core   0: 0x80002f8e (0x0000458d) c.li    a1, 3
core   0: 3 0x80002f8e (0x458d) x11 0x00000003
core   0: 0x80002f90 (0x06b60563) beq     a2, a1, pc + 106
core   0: 3 0x80002f90 (0x06b60563)
core   0: 0x80002f94 (0x00004591) c.li    a1, 4
core   0: 3 0x80002f94 (0x4591) x11 0x00000004
core   0: 0x80002f96 (0x06b60763) beq     a2, a1, pc + 110
core   0: 3 0x80002f96 (0x06b60763)
core   0: 0x80003004 (0x3b402d73) csrr    s10, pmpaddr4
core   0: 3 0x80003004 (0x3b402d73) x26 0x31111d9e
core   0: 0x80003008 (0x3a102ff3) csrr    t6, pmpcfg1
core   0: 3 0x80003008 (0x3a102ff3) x31 0x0f0f0f0f
core   0: 0x8000300c (0x0000a885) c.j     pc + 112
core   0: 3 0x8000300c (0xa885)
core   0: 0x8000307c (0x00004e11) c.li    t3, 4
core   0: 3 0x8000307c (0x4e11) x28 0x00000004
core   0: 0x8000307e (0x01ee9613) slli    a2, t4, 30
core   0: 3 0x8000307e (0x01ee9613) x12 0x00000000
core   0: 0x80003082 (0x00008279) c.srli  a2, 30
core   0: 3 0x80003082 (0x8279) x12 0x00000000
core   0: 0x80003084 (0x40ce05b3) sub     a1, t3, a2
core   0: 3 0x80003084 (0x40ce05b3) x11 0x00000004
core   0: 0x80003088 (0x000015fd) c.addi  a1, -1
core   0: 3 0x80003088 (0x15fd) x11 0x00000003
core   0: 0x8000308a (0x0000058e) c.slli  a1, 3
core   0: 3 0x8000308a (0x058e) x11 0x00000018
core   0: 0x8000308c (0x00bf9e33) sll     t3, t6, a1
core   0: 3 0x8000308c (0x00bf9e33) x28 0x0f000000
core   0: 0x80003090 (0x0000060e) c.slli  a2, 3
core   0: 3 0x80003090 (0x060e) x12 0x00000000
core   0: 0x80003092 (0x000095b2) c.add   a1, a2
core   0: 3 0x80003092 (0x95b2) x11 0x00000018
core   0: 0x80003094 (0x00be5e33) srl     t3, t3, a1
core   0: 3 0x80003094 (0x00be5e33) x28 0x0000000f
core   0: 0x80003098 (0x01be1593) slli    a1, t3, 27
core   0: 3 0x80003098 (0x01be1593) x11 0x78000000
core   0: 0x8000309c (0x000081f9) c.srli  a1, 30
core   0: 3 0x8000309c (0x81f9) x11 0x00000001
core   0: 0x8000309e (0x0000c1b1) c.beqz  a1, pc + 68
core   0: 3 0x8000309e (0xc1b1)
core   0: 0x800030a0 (0x00004605) c.li    a2, 1
core   0: 3 0x800030a0 (0x4605) x12 0x00000001
core   0: 0x800030a2 (0x04c58163) beq     a1, a2, pc + 66
core   0: 3 0x800030a2 (0x04c58163)
core   0: 0x800030e4 (0x00008676) c.mv    a2, t4
core   0: 3 0x800030e4 (0x8676) x12 0x00000004
core   0: 0x800030e6 (0x343025f3) csrr    a1, mtval
core   0: 3 0x800030e6 (0x343025f3) x11 0xf924b8a2
core   0: 0x800030ea (0x00008189) c.srli  a1, 2
core   0: 3 0x800030ea (0x8189) x11 0x3e492e28
core   0: 0x800030ec (0x0000e601) c.bnez  a2, pc + 8
core   0: 3 0x800030ec (0xe601)
core   0: 0x800030f4 (0xfd65e5e3) bltu    a1, s6, pc - 54
core   0: 3 0x800030f4 (0xfd65e5e3)
core   0: 0x800030f8 (0xfda5f3e3) bgeu    a1, s10, pc - 58
core   0: 3 0x800030f8 (0xfda5f3e3)
core   0: 0x800030be (0x00008676) c.mv    a2, t4
core   0: 3 0x800030be (0x8676) x12 0x00000004
core   0: 0x800030c0 (0x00008b6a) c.mv    s6, s10
core   0: 3 0x800030c0 (0x8b6a) x22 0x31111d9e
core   0: 0x800030c2 (0x00000605) c.addi  a2, 1
core   0: 3 0x800030c2 (0x0605) x12 0x00000005
core   0: 0x800030c4 (0x00008eb2) c.mv    t4, a2
core   0: 3 0x800030c4 (0x8eb2) x29 0x00000005
core   0: 0x800030c6 (0x00004d41) c.li    s10, 16
core   0: 3 0x800030c6 (0x4d41) x26 0x00000010
core   0: 0x800030c8 (0x01a65363) bge     a2, s10, pc + 6
core   0: 3 0x800030c8 (0x01a65363)
core   0: 0x800030cc (0x0000b575) c.j     pc - 340
core   0: 3 0x800030cc (0xb575)
core   0: 0x80002f78 (0x00008676) c.mv    a2, t4
core   0: 3 0x80002f78 (0x8676) x12 0x00000005
core   0: 0x80002f7a (0x000085b2) c.mv    a1, a2
core   0: 3 0x80002f7a (0x85b2) x11 0x00000005
core   0: 0x80002f7c (0x00004581) c.li    a1, 0
core   0: 3 0x80002f7c (0x4581) x11 0x00000000
core   0: 0x80002f7e (0x04b60f63) beq     a2, a1, pc + 94
core   0: 3 0x80002f7e (0x04b60f63)
core   0: 0x80002f82 (0x00004585) c.li    a1, 1
core   0: 3 0x80002f82 (0x4585) x11 0x00000001
core   0: 0x80002f84 (0x06b60163) beq     a2, a1, pc + 98
core   0: 3 0x80002f84 (0x06b60163)
core   0: 0x80002f88 (0x00004589) c.li    a1, 2
core   0: 3 0x80002f88 (0x4589) x11 0x00000002
core   0: 0x80002f8a (0x06b60363) beq     a2, a1, pc + 102
core   0: 3 0x80002f8a (0x06b60363)
core   0: 0x80002f8e (0x0000458d) c.li    a1, 3
core   0: 3 0x80002f8e (0x458d) x11 0x00000003
core   0: 0x80002f90 (0x06b60563) beq     a2, a1, pc + 106
core   0: 3 0x80002f90 (0x06b60563)
core   0: 0x80002f94 (0x00004591) c.li    a1, 4
core   0: 3 0x80002f94 (0x4591) x11 0x00000004
core   0: 0x80002f96 (0x06b60763) beq     a2, a1, pc + 110
core   0: 3 0x80002f96 (0x06b60763)
core   0: 0x80002f9a (0x00004595) c.li    a1, 5
core   0: 3 0x80002f9a (0x4595) x11 0x00000005
core   0: 0x80002f9c (0x06b60963) beq     a2, a1, pc + 114
core   0: 3 0x80002f9c (0x06b60963)
core   0: 0x8000300e (0x3b502d73) csrr    s10, pmpaddr5
core   0: 3 0x8000300e (0x3b502d73) x26 0x355561e2
core   0: 0x80003012 (0x3a102ff3) csrr    t6, pmpcfg1
core   0: 3 0x80003012 (0x3a102ff3) x31 0x0f0f0f0f
core   0: 0x80003016 (0x0000a09d) c.j     pc + 102
core   0: 3 0x80003016 (0xa09d)
core   0: 0x8000307c (0x00004e11) c.li    t3, 4
core   0: 3 0x8000307c (0x4e11) x28 0x00000004
core   0: 0x8000307e (0x01ee9613) slli    a2, t4, 30
core   0: 3 0x8000307e (0x01ee9613) x12 0x40000000
core   0: 0x80003082 (0x00008279) c.srli  a2, 30
core   0: 3 0x80003082 (0x8279) x12 0x00000001
core   0: 0x80003084 (0x40ce05b3) sub     a1, t3, a2
core   0: 3 0x80003084 (0x40ce05b3) x11 0x00000003
core   0: 0x80003088 (0x000015fd) c.addi  a1, -1
core   0: 3 0x80003088 (0x15fd) x11 0x00000002
core   0: 0x8000308a (0x0000058e) c.slli  a1, 3
core   0: 3 0x8000308a (0x058e) x11 0x00000010
core   0: 0x8000308c (0x00bf9e33) sll     t3, t6, a1
core   0: 3 0x8000308c (0x00bf9e33) x28 0x0f0f0000
core   0: 0x80003090 (0x0000060e) c.slli  a2, 3
core   0: 3 0x80003090 (0x060e) x12 0x00000008
core   0: 0x80003092 (0x000095b2) c.add   a1, a2
core   0: 3 0x80003092 (0x95b2) x11 0x00000018
core   0: 0x80003094 (0x00be5e33) srl     t3, t3, a1
core   0: 3 0x80003094 (0x00be5e33) x28 0x0000000f
core   0: 0x80003098 (0x01be1593) slli    a1, t3, 27
core   0: 3 0x80003098 (0x01be1593) x11 0x78000000
core   0: 0x8000309c (0x000081f9) c.srli  a1, 30
core   0: 3 0x8000309c (0x81f9) x11 0x00000001
core   0: 0x8000309e (0x0000c1b1) c.beqz  a1, pc + 68
core   0: 3 0x8000309e (0xc1b1)
core   0: 0x800030a0 (0x00004605) c.li    a2, 1
core   0: 3 0x800030a0 (0x4605) x12 0x00000001
core   0: 0x800030a2 (0x04c58163) beq     a1, a2, pc + 66
core   0: 3 0x800030a2 (0x04c58163)
core   0: 0x800030e4 (0x00008676) c.mv    a2, t4
core   0: 3 0x800030e4 (0x8676) x12 0x00000005
core   0: 0x800030e6 (0x343025f3) csrr    a1, mtval
core   0: 3 0x800030e6 (0x343025f3) x11 0xf924b8a2
core   0: 0x800030ea (0x00008189) c.srli  a1, 2
core   0: 3 0x800030ea (0x8189) x11 0x3e492e28
core   0: 0x800030ec (0x0000e601) c.bnez  a2, pc + 8
core   0: 3 0x800030ec (0xe601)
core   0: 0x800030f4 (0xfd65e5e3) bltu    a1, s6, pc - 54
core   0: 3 0x800030f4 (0xfd65e5e3)
core   0: 0x800030f8 (0xfda5f3e3) bgeu    a1, s10, pc - 58
core   0: 3 0x800030f8 (0xfda5f3e3)
core   0: 0x800030be (0x00008676) c.mv    a2, t4
core   0: 3 0x800030be (0x8676) x12 0x00000005
core   0: 0x800030c0 (0x00008b6a) c.mv    s6, s10
core   0: 3 0x800030c0 (0x8b6a) x22 0x355561e2
core   0: 0x800030c2 (0x00000605) c.addi  a2, 1
core   0: 3 0x800030c2 (0x0605) x12 0x00000006
core   0: 0x800030c4 (0x00008eb2) c.mv    t4, a2
core   0: 3 0x800030c4 (0x8eb2) x29 0x00000006
core   0: 0x800030c6 (0x00004d41) c.li    s10, 16
core   0: 3 0x800030c6 (0x4d41) x26 0x00000010
core   0: 0x800030c8 (0x01a65363) bge     a2, s10, pc + 6
core   0: 3 0x800030c8 (0x01a65363)
core   0: 0x800030cc (0x0000b575) c.j     pc - 340
core   0: 3 0x800030cc (0xb575)
core   0: 0x80002f78 (0x00008676) c.mv    a2, t4
core   0: 3 0x80002f78 (0x8676) x12 0x00000006
core   0: 0x80002f7a (0x000085b2) c.mv    a1, a2
core   0: 3 0x80002f7a (0x85b2) x11 0x00000006
core   0: 0x80002f7c (0x00004581) c.li    a1, 0
core   0: 3 0x80002f7c (0x4581) x11 0x00000000
core   0: 0x80002f7e (0x04b60f63) beq     a2, a1, pc + 94
core   0: 3 0x80002f7e (0x04b60f63)
core   0: 0x80002f82 (0x00004585) c.li    a1, 1
core   0: 3 0x80002f82 (0x4585) x11 0x00000001
core   0: 0x80002f84 (0x06b60163) beq     a2, a1, pc + 98
core   0: 3 0x80002f84 (0x06b60163)
core   0: 0x80002f88 (0x00004589) c.li    a1, 2
core   0: 3 0x80002f88 (0x4589) x11 0x00000002
core   0: 0x80002f8a (0x06b60363) beq     a2, a1, pc + 102
core   0: 3 0x80002f8a (0x06b60363)
core   0: 0x80002f8e (0x0000458d) c.li    a1, 3
core   0: 3 0x80002f8e (0x458d) x11 0x00000003
core   0: 0x80002f90 (0x06b60563) beq     a2, a1, pc + 106
core   0: 3 0x80002f90 (0x06b60563)
core   0: 0x80002f94 (0x00004591) c.li    a1, 4
core   0: 3 0x80002f94 (0x4591) x11 0x00000004
core   0: 0x80002f96 (0x06b60763) beq     a2, a1, pc + 110
core   0: 3 0x80002f96 (0x06b60763)
core   0: 0x80002f9a (0x00004595) c.li    a1, 5
core   0: 3 0x80002f9a (0x4595) x11 0x00000005
core   0: 0x80002f9c (0x06b60963) beq     a2, a1, pc + 114
core   0: 3 0x80002f9c (0x06b60963)
core   0: 0x80002fa0 (0x00004599) c.li    a1, 6
core   0: 3 0x80002fa0 (0x4599) x11 0x00000006
core   0: 0x80002fa2 (0x06b60b63) beq     a2, a1, pc + 118
core   0: 3 0x80002fa2 (0x06b60b63)
core   0: 0x80003018 (0x3b602d73) csrr    s10, pmpaddr6
core   0: 3 0x80003018 (0x3b602d73) x26 0x3999a626
core   0: 0x8000301c (0x3a102ff3) csrr    t6, pmpcfg1
core   0: 3 0x8000301c (0x3a102ff3) x31 0x0f0f0f0f
core   0: 0x80003020 (0x0000a8b1) c.j     pc + 92
core   0: 3 0x80003020 (0xa8b1)
core   0: 0x8000307c (0x00004e11) c.li    t3, 4
core   0: 3 0x8000307c (0x4e11) x28 0x00000004
core   0: 0x8000307e (0x01ee9613) slli    a2, t4, 30
core   0: 3 0x8000307e (0x01ee9613) x12 0x80000000
core   0: 0x80003082 (0x00008279) c.srli  a2, 30
core   0: 3 0x80003082 (0x8279) x12 0x00000002
core   0: 0x80003084 (0x40ce05b3) sub     a1, t3, a2
core   0: 3 0x80003084 (0x40ce05b3) x11 0x00000002
core   0: 0x80003088 (0x000015fd) c.addi  a1, -1
core   0: 3 0x80003088 (0x15fd) x11 0x00000001
core   0: 0x8000308a (0x0000058e) c.slli  a1, 3
core   0: 3 0x8000308a (0x058e) x11 0x00000008
core   0: 0x8000308c (0x00bf9e33) sll     t3, t6, a1
core   0: 3 0x8000308c (0x00bf9e33) x28 0x0f0f0f00
core   0: 0x80003090 (0x0000060e) c.slli  a2, 3
core   0: 3 0x80003090 (0x060e) x12 0x00000010
core   0: 0x80003092 (0x000095b2) c.add   a1, a2
core   0: 3 0x80003092 (0x95b2) x11 0x00000018
core   0: 0x80003094 (0x00be5e33) srl     t3, t3, a1
core   0: 3 0x80003094 (0x00be5e33) x28 0x0000000f
core   0: 0x80003098 (0x01be1593) slli    a1, t3, 27
core   0: 3 0x80003098 (0x01be1593) x11 0x78000000
core   0: 0x8000309c (0x000081f9) c.srli  a1, 30
core   0: 3 0x8000309c (0x81f9) x11 0x00000001
core   0: 0x8000309e (0x0000c1b1) c.beqz  a1, pc + 68
core   0: 3 0x8000309e (0xc1b1)
core   0: 0x800030a0 (0x00004605) c.li    a2, 1
core   0: 3 0x800030a0 (0x4605) x12 0x00000001
core   0: 0x800030a2 (0x04c58163) beq     a1, a2, pc + 66
core   0: 3 0x800030a2 (0x04c58163)
core   0: 0x800030e4 (0x00008676) c.mv    a2, t4
core   0: 3 0x800030e4 (0x8676) x12 0x00000006
core   0: 0x800030e6 (0x343025f3) csrr    a1, mtval
core   0: 3 0x800030e6 (0x343025f3) x11 0xf924b8a2
core   0: 0x800030ea (0x00008189) c.srli  a1, 2
core   0: 3 0x800030ea (0x8189) x11 0x3e492e28
core   0: 0x800030ec (0x0000e601) c.bnez  a2, pc + 8
core   0: 3 0x800030ec (0xe601)
core   0: 0x800030f4 (0xfd65e5e3) bltu    a1, s6, pc - 54
core   0: 3 0x800030f4 (0xfd65e5e3)
core   0: 0x800030f8 (0xfda5f3e3) bgeu    a1, s10, pc - 58
core   0: 3 0x800030f8 (0xfda5f3e3)
core   0: 0x800030be (0x00008676) c.mv    a2, t4
core   0: 3 0x800030be (0x8676) x12 0x00000006
core   0: 0x800030c0 (0x00008b6a) c.mv    s6, s10
core   0: 3 0x800030c0 (0x8b6a) x22 0x3999a626
core   0: 0x800030c2 (0x00000605) c.addi  a2, 1
core   0: 3 0x800030c2 (0x0605) x12 0x00000007
core   0: 0x800030c4 (0x00008eb2) c.mv    t4, a2
core   0: 3 0x800030c4 (0x8eb2) x29 0x00000007
core   0: 0x800030c6 (0x00004d41) c.li    s10, 16
core   0: 3 0x800030c6 (0x4d41) x26 0x00000010
core   0: 0x800030c8 (0x01a65363) bge     a2, s10, pc + 6
core   0: 3 0x800030c8 (0x01a65363)
core   0: 0x800030cc (0x0000b575) c.j     pc - 340
core   0: 3 0x800030cc (0xb575)
core   0: 0x80002f78 (0x00008676) c.mv    a2, t4
core   0: 3 0x80002f78 (0x8676) x12 0x00000007
core   0: 0x80002f7a (0x000085b2) c.mv    a1, a2
core   0: 3 0x80002f7a (0x85b2) x11 0x00000007
core   0: 0x80002f7c (0x00004581) c.li    a1, 0
core   0: 3 0x80002f7c (0x4581) x11 0x00000000
core   0: 0x80002f7e (0x04b60f63) beq     a2, a1, pc + 94
core   0: 3 0x80002f7e (0x04b60f63)
core   0: 0x80002f82 (0x00004585) c.li    a1, 1
core   0: 3 0x80002f82 (0x4585) x11 0x00000001
core   0: 0x80002f84 (0x06b60163) beq     a2, a1, pc + 98
core   0: 3 0x80002f84 (0x06b60163)
core   0: 0x80002f88 (0x00004589) c.li    a1, 2
core   0: 3 0x80002f88 (0x4589) x11 0x00000002
core   0: 0x80002f8a (0x06b60363) beq     a2, a1, pc + 102
core   0: 3 0x80002f8a (0x06b60363)
core   0: 0x80002f8e (0x0000458d) c.li    a1, 3
core   0: 3 0x80002f8e (0x458d) x11 0x00000003
core   0: 0x80002f90 (0x06b60563) beq     a2, a1, pc + 106
core   0: 3 0x80002f90 (0x06b60563)
core   0: 0x80002f94 (0x00004591) c.li    a1, 4
core   0: 3 0x80002f94 (0x4591) x11 0x00000004
core   0: 0x80002f96 (0x06b60763) beq     a2, a1, pc + 110
core   0: 3 0x80002f96 (0x06b60763)
core   0: 0x80002f9a (0x00004595) c.li    a1, 5
core   0: 3 0x80002f9a (0x4595) x11 0x00000005
core   0: 0x80002f9c (0x06b60963) beq     a2, a1, pc + 114
core   0: 3 0x80002f9c (0x06b60963)
core   0: 0x80002fa0 (0x00004599) c.li    a1, 6
core   0: 3 0x80002fa0 (0x4599) x11 0x00000006
core   0: 0x80002fa2 (0x06b60b63) beq     a2, a1, pc + 118
core   0: 3 0x80002fa2 (0x06b60b63)
core   0: 0x80002fa6 (0x0000459d) c.li    a1, 7
core   0: 3 0x80002fa6 (0x459d) x11 0x00000007
core   0: 0x80002fa8 (0x06b60d63) beq     a2, a1, pc + 122
core   0: 3 0x80002fa8 (0x06b60d63)
core   0: 0x80003022 (0x3b702d73) csrr    s10, pmpaddr7
core   0: 3 0x80003022 (0x3b702d73) x26 0x3dddea6a
core   0: 0x80003026 (0x3a102ff3) csrr    t6, pmpcfg1
core   0: 3 0x80003026 (0x3a102ff3) x31 0x0f0f0f0f
core   0: 0x8000302a (0x0000a889) c.j     pc + 82
core   0: 3 0x8000302a (0xa889)
core   0: 0x8000307c (0x00004e11) c.li    t3, 4
core   0: 3 0x8000307c (0x4e11) x28 0x00000004
core   0: 0x8000307e (0x01ee9613) slli    a2, t4, 30
core   0: 3 0x8000307e (0x01ee9613) x12 0xc0000000
core   0: 0x80003082 (0x00008279) c.srli  a2, 30
core   0: 3 0x80003082 (0x8279) x12 0x00000003
core   0: 0x80003084 (0x40ce05b3) sub     a1, t3, a2
core   0: 3 0x80003084 (0x40ce05b3) x11 0x00000001
core   0: 0x80003088 (0x000015fd) c.addi  a1, -1
core   0: 3 0x80003088 (0x15fd) x11 0x00000000
core   0: 0x8000308a (0x0000058e) c.slli  a1, 3
core   0: 3 0x8000308a (0x058e) x11 0x00000000
core   0: 0x8000308c (0x00bf9e33) sll     t3, t6, a1
core   0: 3 0x8000308c (0x00bf9e33) x28 0x0f0f0f0f
core   0: 0x80003090 (0x0000060e) c.slli  a2, 3
core   0: 3 0x80003090 (0x060e) x12 0x00000018
core   0: 0x80003092 (0x000095b2) c.add   a1, a2
core   0: 3 0x80003092 (0x95b2) x11 0x00000018
core   0: 0x80003094 (0x00be5e33) srl     t3, t3, a1
core   0: 3 0x80003094 (0x00be5e33) x28 0x0000000f
core   0: 0x80003098 (0x01be1593) slli    a1, t3, 27
core   0: 3 0x80003098 (0x01be1593) x11 0x78000000
core   0: 0x8000309c (0x000081f9) c.srli  a1, 30
core   0: 3 0x8000309c (0x81f9) x11 0x00000001
core   0: 0x8000309e (0x0000c1b1) c.beqz  a1, pc + 68
core   0: 3 0x8000309e (0xc1b1)
core   0: 0x800030a0 (0x00004605) c.li    a2, 1
core   0: 3 0x800030a0 (0x4605) x12 0x00000001
core   0: 0x800030a2 (0x04c58163) beq     a1, a2, pc + 66
core   0: 3 0x800030a2 (0x04c58163)
core   0: 0x800030e4 (0x00008676) c.mv    a2, t4
core   0: 3 0x800030e4 (0x8676) x12 0x00000007
core   0: 0x800030e6 (0x343025f3) csrr    a1, mtval
core   0: 3 0x800030e6 (0x343025f3) x11 0xf924b8a2
core   0: 0x800030ea (0x00008189) c.srli  a1, 2
core   0: 3 0x800030ea (0x8189) x11 0x3e492e28
core   0: 0x800030ec (0x0000e601) c.bnez  a2, pc + 8
core   0: 3 0x800030ec (0xe601)
core   0: 0x800030f4 (0xfd65e5e3) bltu    a1, s6, pc - 54
core   0: 3 0x800030f4 (0xfd65e5e3)
core   0: 0x800030f8 (0xfda5f3e3) bgeu    a1, s10, pc - 58
core   0: 3 0x800030f8 (0xfda5f3e3)
core   0: 0x800030be (0x00008676) c.mv    a2, t4
core   0: 3 0x800030be (0x8676) x12 0x00000007
core   0: 0x800030c0 (0x00008b6a) c.mv    s6, s10
core   0: 3 0x800030c0 (0x8b6a) x22 0x3dddea6a
core   0: 0x800030c2 (0x00000605) c.addi  a2, 1
core   0: 3 0x800030c2 (0x0605) x12 0x00000008
core   0: 0x800030c4 (0x00008eb2) c.mv    t4, a2
core   0: 3 0x800030c4 (0x8eb2) x29 0x00000008
core   0: 0x800030c6 (0x00004d41) c.li    s10, 16
core   0: 3 0x800030c6 (0x4d41) x26 0x00000010
core   0: 0x800030c8 (0x01a65363) bge     a2, s10, pc + 6
core   0: 3 0x800030c8 (0x01a65363)
core   0: 0x800030cc (0x0000b575) c.j     pc - 340
core   0: 3 0x800030cc (0xb575)
core   0: 0x80002f78 (0x00008676) c.mv    a2, t4
core   0: 3 0x80002f78 (0x8676) x12 0x00000008
core   0: 0x80002f7a (0x000085b2) c.mv    a1, a2
core   0: 3 0x80002f7a (0x85b2) x11 0x00000008
core   0: 0x80002f7c (0x00004581) c.li    a1, 0
core   0: 3 0x80002f7c (0x4581) x11 0x00000000
core   0: 0x80002f7e (0x04b60f63) beq     a2, a1, pc + 94
core   0: 3 0x80002f7e (0x04b60f63)
core   0: 0x80002f82 (0x00004585) c.li    a1, 1
core   0: 3 0x80002f82 (0x4585) x11 0x00000001
core   0: 0x80002f84 (0x06b60163) beq     a2, a1, pc + 98
core   0: 3 0x80002f84 (0x06b60163)
core   0: 0x80002f88 (0x00004589) c.li    a1, 2
core   0: 3 0x80002f88 (0x4589) x11 0x00000002
core   0: 0x80002f8a (0x06b60363) beq     a2, a1, pc + 102
core   0: 3 0x80002f8a (0x06b60363)
core   0: 0x80002f8e (0x0000458d) c.li    a1, 3
core   0: 3 0x80002f8e (0x458d) x11 0x00000003
core   0: 0x80002f90 (0x06b60563) beq     a2, a1, pc + 106
core   0: 3 0x80002f90 (0x06b60563)
core   0: 0x80002f94 (0x00004591) c.li    a1, 4
core   0: 3 0x80002f94 (0x4591) x11 0x00000004
core   0: 0x80002f96 (0x06b60763) beq     a2, a1, pc + 110
core   0: 3 0x80002f96 (0x06b60763)
core   0: 0x80002f9a (0x00004595) c.li    a1, 5
core   0: 3 0x80002f9a (0x4595) x11 0x00000005
core   0: 0x80002f9c (0x06b60963) beq     a2, a1, pc + 114
core   0: 3 0x80002f9c (0x06b60963)
core   0: 0x80002fa0 (0x00004599) c.li    a1, 6
core   0: 3 0x80002fa0 (0x4599) x11 0x00000006
core   0: 0x80002fa2 (0x06b60b63) beq     a2, a1, pc + 118
core   0: 3 0x80002fa2 (0x06b60b63)
core   0: 0x80002fa6 (0x0000459d) c.li    a1, 7
core   0: 3 0x80002fa6 (0x459d) x11 0x00000007
core   0: 0x80002fa8 (0x06b60d63) beq     a2, a1, pc + 122
core   0: 3 0x80002fa8 (0x06b60d63)
core   0: 0x80002fac (0x000045a1) c.li    a1, 8
core   0: 3 0x80002fac (0x45a1) x11 0x00000008
core   0: 0x80002fae (0x06b60f63) beq     a2, a1, pc + 126
core   0: 3 0x80002fae (0x06b60f63)
core   0: 0x8000302c (0x3b802d73) csrr    s10, pmpaddr8
core   0: 3 0x8000302c (0x3b802d73) x26 0x02222eaf
core   0: 0x80003030 (0x3a202ff3) csrr    t6, pmpcfg2
core   0: 3 0x80003030 (0x3a202ff3) x31 0x0f0f0f0f
core   0: 0x80003034 (0x0000a0a1) c.j     pc + 72
core   0: 3 0x80003034 (0xa0a1)
core   0: 0x8000307c (0x00004e11) c.li    t3, 4
core   0: 3 0x8000307c (0x4e11) x28 0x00000004
core   0: 0x8000307e (0x01ee9613) slli    a2, t4, 30
core   0: 3 0x8000307e (0x01ee9613) x12 0x00000000
core   0: 0x80003082 (0x00008279) c.srli  a2, 30
core   0: 3 0x80003082 (0x8279) x12 0x00000000
core   0: 0x80003084 (0x40ce05b3) sub     a1, t3, a2
core   0: 3 0x80003084 (0x40ce05b3) x11 0x00000004
core   0: 0x80003088 (0x000015fd) c.addi  a1, -1
core   0: 3 0x80003088 (0x15fd) x11 0x00000003
core   0: 0x8000308a (0x0000058e) c.slli  a1, 3
core   0: 3 0x8000308a (0x058e) x11 0x00000018
core   0: 0x8000308c (0x00bf9e33) sll     t3, t6, a1
core   0: 3 0x8000308c (0x00bf9e33) x28 0x0f000000
core   0: 0x80003090 (0x0000060e) c.slli  a2, 3
core   0: 3 0x80003090 (0x060e) x12 0x00000000
core   0: 0x80003092 (0x000095b2) c.add   a1, a2
core   0: 3 0x80003092 (0x95b2) x11 0x00000018
core   0: 0x80003094 (0x00be5e33) srl     t3, t3, a1
core   0: 3 0x80003094 (0x00be5e33) x28 0x0000000f
core   0: 0x80003098 (0x01be1593) slli    a1, t3, 27
core   0: 3 0x80003098 (0x01be1593) x11 0x78000000
core   0: 0x8000309c (0x000081f9) c.srli  a1, 30
core   0: 3 0x8000309c (0x81f9) x11 0x00000001
core   0: 0x8000309e (0x0000c1b1) c.beqz  a1, pc + 68
core   0: 3 0x8000309e (0xc1b1)
core   0: 0x800030a0 (0x00004605) c.li    a2, 1
core   0: 3 0x800030a0 (0x4605) x12 0x00000001
core   0: 0x800030a2 (0x04c58163) beq     a1, a2, pc + 66
core   0: 3 0x800030a2 (0x04c58163)
core   0: 0x800030e4 (0x00008676) c.mv    a2, t4
core   0: 3 0x800030e4 (0x8676) x12 0x00000008
core   0: 0x800030e6 (0x343025f3) csrr    a1, mtval
core   0: 3 0x800030e6 (0x343025f3) x11 0xf924b8a2
core   0: 0x800030ea (0x00008189) c.srli  a1, 2
core   0: 3 0x800030ea (0x8189) x11 0x3e492e28
core   0: 0x800030ec (0x0000e601) c.bnez  a2, pc + 8
core   0: 3 0x800030ec (0xe601)
core   0: 0x800030f4 (0xfd65e5e3) bltu    a1, s6, pc - 54
core   0: 3 0x800030f4 (0xfd65e5e3)
core   0: 0x800030f8 (0xfda5f3e3) bgeu    a1, s10, pc - 58
core   0: 3 0x800030f8 (0xfda5f3e3)
core   0: 0x800030be (0x00008676) c.mv    a2, t4
core   0: 3 0x800030be (0x8676) x12 0x00000008
core   0: 0x800030c0 (0x00008b6a) c.mv    s6, s10
core   0: 3 0x800030c0 (0x8b6a) x22 0x02222eaf
core   0: 0x800030c2 (0x00000605) c.addi  a2, 1
core   0: 3 0x800030c2 (0x0605) x12 0x00000009
core   0: 0x800030c4 (0x00008eb2) c.mv    t4, a2
core   0: 3 0x800030c4 (0x8eb2) x29 0x00000009
core   0: 0x800030c6 (0x00004d41) c.li    s10, 16
core   0: 3 0x800030c6 (0x4d41) x26 0x00000010
core   0: 0x800030c8 (0x01a65363) bge     a2, s10, pc + 6
core   0: 3 0x800030c8 (0x01a65363)
core   0: 0x800030cc (0x0000b575) c.j     pc - 340
core   0: 3 0x800030cc (0xb575)
core   0: 0x80002f78 (0x00008676) c.mv    a2, t4
core   0: 3 0x80002f78 (0x8676) x12 0x00000009
core   0: 0x80002f7a (0x000085b2) c.mv    a1, a2
core   0: 3 0x80002f7a (0x85b2) x11 0x00000009
core   0: 0x80002f7c (0x00004581) c.li    a1, 0
core   0: 3 0x80002f7c (0x4581) x11 0x00000000
core   0: 0x80002f7e (0x04b60f63) beq     a2, a1, pc + 94
core   0: 3 0x80002f7e (0x04b60f63)
core   0: 0x80002f82 (0x00004585) c.li    a1, 1
core   0: 3 0x80002f82 (0x4585) x11 0x00000001
core   0: 0x80002f84 (0x06b60163) beq     a2, a1, pc + 98
core   0: 3 0x80002f84 (0x06b60163)
core   0: 0x80002f88 (0x00004589) c.li    a1, 2
core   0: 3 0x80002f88 (0x4589) x11 0x00000002
core   0: 0x80002f8a (0x06b60363) beq     a2, a1, pc + 102
core   0: 3 0x80002f8a (0x06b60363)
core   0: 0x80002f8e (0x0000458d) c.li    a1, 3
core   0: 3 0x80002f8e (0x458d) x11 0x00000003
core   0: 0x80002f90 (0x06b60563) beq     a2, a1, pc + 106
core   0: 3 0x80002f90 (0x06b60563)
core   0: 0x80002f94 (0x00004591) c.li    a1, 4
core   0: 3 0x80002f94 (0x4591) x11 0x00000004
core   0: 0x80002f96 (0x06b60763) beq     a2, a1, pc + 110
core   0: 3 0x80002f96 (0x06b60763)
core   0: 0x80002f9a (0x00004595) c.li    a1, 5
core   0: 3 0x80002f9a (0x4595) x11 0x00000005
core   0: 0x80002f9c (0x06b60963) beq     a2, a1, pc + 114
core   0: 3 0x80002f9c (0x06b60963)
core   0: 0x80002fa0 (0x00004599) c.li    a1, 6
core   0: 3 0x80002fa0 (0x4599) x11 0x00000006
core   0: 0x80002fa2 (0x06b60b63) beq     a2, a1, pc + 118
core   0: 3 0x80002fa2 (0x06b60b63)
core   0: 0x80002fa6 (0x0000459d) c.li    a1, 7
core   0: 3 0x80002fa6 (0x459d) x11 0x00000007
core   0: 0x80002fa8 (0x06b60d63) beq     a2, a1, pc + 122
core   0: 3 0x80002fa8 (0x06b60d63)
core   0: 0x80002fac (0x000045a1) c.li    a1, 8
core   0: 3 0x80002fac (0x45a1) x11 0x00000008
core   0: 0x80002fae (0x06b60f63) beq     a2, a1, pc + 126
core   0: 3 0x80002fae (0x06b60f63)
core   0: 0x80002fb2 (0x000045a5) c.li    a1, 9
core   0: 3 0x80002fb2 (0x45a5) x11 0x00000009
core   0: 0x80002fb4 (0x08b60163) beq     a2, a1, pc + 130
core   0: 3 0x80002fb4 (0x08b60163)
core   0: 0x80003036 (0x3b902d73) csrr    s10, pmpaddr9
core   0: 3 0x80003036 (0x3b902d73) x26 0x066672f3
core   0: 0x8000303a (0x3a202ff3) csrr    t6, pmpcfg2
core   0: 3 0x8000303a (0x3a202ff3) x31 0x0f0f0f0f
core   0: 0x8000303e (0x0000a83d) c.j     pc + 62
core   0: 3 0x8000303e (0xa83d)
core   0: 0x8000307c (0x00004e11) c.li    t3, 4
core   0: 3 0x8000307c (0x4e11) x28 0x00000004
core   0: 0x8000307e (0x01ee9613) slli    a2, t4, 30
core   0: 3 0x8000307e (0x01ee9613) x12 0x40000000
core   0: 0x80003082 (0x00008279) c.srli  a2, 30
core   0: 3 0x80003082 (0x8279) x12 0x00000001
core   0: 0x80003084 (0x40ce05b3) sub     a1, t3, a2
core   0: 3 0x80003084 (0x40ce05b3) x11 0x00000003
core   0: 0x80003088 (0x000015fd) c.addi  a1, -1
core   0: 3 0x80003088 (0x15fd) x11 0x00000002
core   0: 0x8000308a (0x0000058e) c.slli  a1, 3
core   0: 3 0x8000308a (0x058e) x11 0x00000010
core   0: 0x8000308c (0x00bf9e33) sll     t3, t6, a1
core   0: 3 0x8000308c (0x00bf9e33) x28 0x0f0f0000
core   0: 0x80003090 (0x0000060e) c.slli  a2, 3
core   0: 3 0x80003090 (0x060e) x12 0x00000008
core   0: 0x80003092 (0x000095b2) c.add   a1, a2
core   0: 3 0x80003092 (0x95b2) x11 0x00000018
core   0: 0x80003094 (0x00be5e33) srl     t3, t3, a1
core   0: 3 0x80003094 (0x00be5e33) x28 0x0000000f
core   0: 0x80003098 (0x01be1593) slli    a1, t3, 27
core   0: 3 0x80003098 (0x01be1593) x11 0x78000000
core   0: 0x8000309c (0x000081f9) c.srli  a1, 30
core   0: 3 0x8000309c (0x81f9) x11 0x00000001
core   0: 0x8000309e (0x0000c1b1) c.beqz  a1, pc + 68
core   0: 3 0x8000309e (0xc1b1)
core   0: 0x800030a0 (0x00004605) c.li    a2, 1
core   0: 3 0x800030a0 (0x4605) x12 0x00000001
core   0: 0x800030a2 (0x04c58163) beq     a1, a2, pc + 66
core   0: 3 0x800030a2 (0x04c58163)
core   0: 0x800030e4 (0x00008676) c.mv    a2, t4
core   0: 3 0x800030e4 (0x8676) x12 0x00000009
core   0: 0x800030e6 (0x343025f3) csrr    a1, mtval
core   0: 3 0x800030e6 (0x343025f3) x11 0xf924b8a2
core   0: 0x800030ea (0x00008189) c.srli  a1, 2
core   0: 3 0x800030ea (0x8189) x11 0x3e492e28
core   0: 0x800030ec (0x0000e601) c.bnez  a2, pc + 8
core   0: 3 0x800030ec (0xe601)
core   0: 0x800030f4 (0xfd65e5e3) bltu    a1, s6, pc - 54
core   0: 3 0x800030f4 (0xfd65e5e3)
core   0: 0x800030f8 (0xfda5f3e3) bgeu    a1, s10, pc - 58
core   0: 3 0x800030f8 (0xfda5f3e3)
core   0: 0x800030be (0x00008676) c.mv    a2, t4
core   0: 3 0x800030be (0x8676) x12 0x00000009
core   0: 0x800030c0 (0x00008b6a) c.mv    s6, s10
core   0: 3 0x800030c0 (0x8b6a) x22 0x066672f3
core   0: 0x800030c2 (0x00000605) c.addi  a2, 1
core   0: 3 0x800030c2 (0x0605) x12 0x0000000a
core   0: 0x800030c4 (0x00008eb2) c.mv    t4, a2
core   0: 3 0x800030c4 (0x8eb2) x29 0x0000000a
core   0: 0x800030c6 (0x00004d41) c.li    s10, 16
core   0: 3 0x800030c6 (0x4d41) x26 0x00000010
core   0: 0x800030c8 (0x01a65363) bge     a2, s10, pc + 6
core   0: 3 0x800030c8 (0x01a65363)
core   0: 0x800030cc (0x0000b575) c.j     pc - 340
core   0: 3 0x800030cc (0xb575)
core   0: 0x80002f78 (0x00008676) c.mv    a2, t4
core   0: 3 0x80002f78 (0x8676) x12 0x0000000a
core   0: 0x80002f7a (0x000085b2) c.mv    a1, a2
core   0: 3 0x80002f7a (0x85b2) x11 0x0000000a
core   0: 0x80002f7c (0x00004581) c.li    a1, 0
core   0: 3 0x80002f7c (0x4581) x11 0x00000000
core   0: 0x80002f7e (0x04b60f63) beq     a2, a1, pc + 94
core   0: 3 0x80002f7e (0x04b60f63)
core   0: 0x80002f82 (0x00004585) c.li    a1, 1
core   0: 3 0x80002f82 (0x4585) x11 0x00000001
core   0: 0x80002f84 (0x06b60163) beq     a2, a1, pc + 98
core   0: 3 0x80002f84 (0x06b60163)
core   0: 0x80002f88 (0x00004589) c.li    a1, 2
core   0: 3 0x80002f88 (0x4589) x11 0x00000002
core   0: 0x80002f8a (0x06b60363) beq     a2, a1, pc + 102
core   0: 3 0x80002f8a (0x06b60363)
core   0: 0x80002f8e (0x0000458d) c.li    a1, 3
core   0: 3 0x80002f8e (0x458d) x11 0x00000003
core   0: 0x80002f90 (0x06b60563) beq     a2, a1, pc + 106
core   0: 3 0x80002f90 (0x06b60563)
core   0: 0x80002f94 (0x00004591) c.li    a1, 4
core   0: 3 0x80002f94 (0x4591) x11 0x00000004
core   0: 0x80002f96 (0x06b60763) beq     a2, a1, pc + 110
core   0: 3 0x80002f96 (0x06b60763)
core   0: 0x80002f9a (0x00004595) c.li    a1, 5
core   0: 3 0x80002f9a (0x4595) x11 0x00000005
core   0: 0x80002f9c (0x06b60963) beq     a2, a1, pc + 114
core   0: 3 0x80002f9c (0x06b60963)
core   0: 0x80002fa0 (0x00004599) c.li    a1, 6
core   0: 3 0x80002fa0 (0x4599) x11 0x00000006
core   0: 0x80002fa2 (0x06b60b63) beq     a2, a1, pc + 118
core   0: 3 0x80002fa2 (0x06b60b63)
core   0: 0x80002fa6 (0x0000459d) c.li    a1, 7
core   0: 3 0x80002fa6 (0x459d) x11 0x00000007
core   0: 0x80002fa8 (0x06b60d63) beq     a2, a1, pc + 122
core   0: 3 0x80002fa8 (0x06b60d63)
core   0: 0x80002fac (0x000045a1) c.li    a1, 8
core   0: 3 0x80002fac (0x45a1) x11 0x00000008
core   0: 0x80002fae (0x06b60f63) beq     a2, a1, pc + 126
core   0: 3 0x80002fae (0x06b60f63)
core   0: 0x80002fb2 (0x000045a5) c.li    a1, 9
core   0: 3 0x80002fb2 (0x45a5) x11 0x00000009
core   0: 0x80002fb4 (0x08b60163) beq     a2, a1, pc + 130
core   0: 3 0x80002fb4 (0x08b60163)
core   0: 0x80002fb8 (0x000045a9) c.li    a1, 10
core   0: 3 0x80002fb8 (0x45a9) x11 0x0000000a
core   0: 0x80002fba (0x08b60363) beq     a2, a1, pc + 134
core   0: 3 0x80002fba (0x08b60363)
core   0: 0x80003040 (0x3ba02d73) csrr    s10, pmpaddr10
core   0: 3 0x80003040 (0x3ba02d73) x26 0x0aaab737
core   0: 0x80003044 (0x3a202ff3) csrr    t6, pmpcfg2
core   0: 3 0x80003044 (0x3a202ff3) x31 0x0f0f0f0f
core   0: 0x80003048 (0x0000a815) c.j     pc + 52
core   0: 3 0x80003048 (0xa815)
core   0: 0x8000307c (0x00004e11) c.li    t3, 4
core   0: 3 0x8000307c (0x4e11) x28 0x00000004
core   0: 0x8000307e (0x01ee9613) slli    a2, t4, 30
core   0: 3 0x8000307e (0x01ee9613) x12 0x80000000
core   0: 0x80003082 (0x00008279) c.srli  a2, 30
core   0: 3 0x80003082 (0x8279) x12 0x00000002
core   0: 0x80003084 (0x40ce05b3) sub     a1, t3, a2
core   0: 3 0x80003084 (0x40ce05b3) x11 0x00000002
core   0: 0x80003088 (0x000015fd) c.addi  a1, -1
core   0: 3 0x80003088 (0x15fd) x11 0x00000001
core   0: 0x8000308a (0x0000058e) c.slli  a1, 3
core   0: 3 0x8000308a (0x058e) x11 0x00000008
core   0: 0x8000308c (0x00bf9e33) sll     t3, t6, a1
core   0: 3 0x8000308c (0x00bf9e33) x28 0x0f0f0f00
core   0: 0x80003090 (0x0000060e) c.slli  a2, 3
core   0: 3 0x80003090 (0x060e) x12 0x00000010
core   0: 0x80003092 (0x000095b2) c.add   a1, a2
core   0: 3 0x80003092 (0x95b2) x11 0x00000018
core   0: 0x80003094 (0x00be5e33) srl     t3, t3, a1
core   0: 3 0x80003094 (0x00be5e33) x28 0x0000000f
core   0: 0x80003098 (0x01be1593) slli    a1, t3, 27
core   0: 3 0x80003098 (0x01be1593) x11 0x78000000
core   0: 0x8000309c (0x000081f9) c.srli  a1, 30
core   0: 3 0x8000309c (0x81f9) x11 0x00000001
core   0: 0x8000309e (0x0000c1b1) c.beqz  a1, pc + 68
core   0: 3 0x8000309e (0xc1b1)
core   0: 0x800030a0 (0x00004605) c.li    a2, 1
core   0: 3 0x800030a0 (0x4605) x12 0x00000001
core   0: 0x800030a2 (0x04c58163) beq     a1, a2, pc + 66
core   0: 3 0x800030a2 (0x04c58163)
core   0: 0x800030e4 (0x00008676) c.mv    a2, t4
core   0: 3 0x800030e4 (0x8676) x12 0x0000000a
core   0: 0x800030e6 (0x343025f3) csrr    a1, mtval
core   0: 3 0x800030e6 (0x343025f3) x11 0xf924b8a2
core   0: 0x800030ea (0x00008189) c.srli  a1, 2
core   0: 3 0x800030ea (0x8189) x11 0x3e492e28
core   0: 0x800030ec (0x0000e601) c.bnez  a2, pc + 8
core   0: 3 0x800030ec (0xe601)
core   0: 0x800030f4 (0xfd65e5e3) bltu    a1, s6, pc - 54
core   0: 3 0x800030f4 (0xfd65e5e3)
core   0: 0x800030f8 (0xfda5f3e3) bgeu    a1, s10, pc - 58
core   0: 3 0x800030f8 (0xfda5f3e3)
core   0: 0x800030be (0x00008676) c.mv    a2, t4
core   0: 3 0x800030be (0x8676) x12 0x0000000a
core   0: 0x800030c0 (0x00008b6a) c.mv    s6, s10
core   0: 3 0x800030c0 (0x8b6a) x22 0x0aaab737
core   0: 0x800030c2 (0x00000605) c.addi  a2, 1
core   0: 3 0x800030c2 (0x0605) x12 0x0000000b
core   0: 0x800030c4 (0x00008eb2) c.mv    t4, a2
core   0: 3 0x800030c4 (0x8eb2) x29 0x0000000b
core   0: 0x800030c6 (0x00004d41) c.li    s10, 16
core   0: 3 0x800030c6 (0x4d41) x26 0x00000010
core   0: 0x800030c8 (0x01a65363) bge     a2, s10, pc + 6
core   0: 3 0x800030c8 (0x01a65363)
core   0: 0x800030cc (0x0000b575) c.j     pc - 340
core   0: 3 0x800030cc (0xb575)
core   0: 0x80002f78 (0x00008676) c.mv    a2, t4
core   0: 3 0x80002f78 (0x8676) x12 0x0000000b
core   0: 0x80002f7a (0x000085b2) c.mv    a1, a2
core   0: 3 0x80002f7a (0x85b2) x11 0x0000000b
core   0: 0x80002f7c (0x00004581) c.li    a1, 0
core   0: 3 0x80002f7c (0x4581) x11 0x00000000
core   0: 0x80002f7e (0x04b60f63) beq     a2, a1, pc + 94
core   0: 3 0x80002f7e (0x04b60f63)
core   0: 0x80002f82 (0x00004585) c.li    a1, 1
core   0: 3 0x80002f82 (0x4585) x11 0x00000001
core   0: 0x80002f84 (0x06b60163) beq     a2, a1, pc + 98
core   0: 3 0x80002f84 (0x06b60163)
core   0: 0x80002f88 (0x00004589) c.li    a1, 2
core   0: 3 0x80002f88 (0x4589) x11 0x00000002
core   0: 0x80002f8a (0x06b60363) beq     a2, a1, pc + 102
core   0: 3 0x80002f8a (0x06b60363)
core   0: 0x80002f8e (0x0000458d) c.li    a1, 3
core   0: 3 0x80002f8e (0x458d) x11 0x00000003
core   0: 0x80002f90 (0x06b60563) beq     a2, a1, pc + 106
core   0: 3 0x80002f90 (0x06b60563)
core   0: 0x80002f94 (0x00004591) c.li    a1, 4
core   0: 3 0x80002f94 (0x4591) x11 0x00000004
core   0: 0x80002f96 (0x06b60763) beq     a2, a1, pc + 110
core   0: 3 0x80002f96 (0x06b60763)
core   0: 0x80002f9a (0x00004595) c.li    a1, 5
core   0: 3 0x80002f9a (0x4595) x11 0x00000005
core   0: 0x80002f9c (0x06b60963) beq     a2, a1, pc + 114
core   0: 3 0x80002f9c (0x06b60963)
core   0: 0x80002fa0 (0x00004599) c.li    a1, 6
core   0: 3 0x80002fa0 (0x4599) x11 0x00000006
core   0: 0x80002fa2 (0x06b60b63) beq     a2, a1, pc + 118
core   0: 3 0x80002fa2 (0x06b60b63)
core   0: 0x80002fa6 (0x0000459d) c.li    a1, 7
core   0: 3 0x80002fa6 (0x459d) x11 0x00000007
core   0: 0x80002fa8 (0x06b60d63) beq     a2, a1, pc + 122
core   0: 3 0x80002fa8 (0x06b60d63)
core   0: 0x80002fac (0x000045a1) c.li    a1, 8
core   0: 3 0x80002fac (0x45a1) x11 0x00000008
core   0: 0x80002fae (0x06b60f63) beq     a2, a1, pc + 126
core   0: 3 0x80002fae (0x06b60f63)
core   0: 0x80002fb2 (0x000045a5) c.li    a1, 9
core   0: 3 0x80002fb2 (0x45a5) x11 0x00000009
core   0: 0x80002fb4 (0x08b60163) beq     a2, a1, pc + 130
core   0: 3 0x80002fb4 (0x08b60163)
core   0: 0x80002fb8 (0x000045a9) c.li    a1, 10
core   0: 3 0x80002fb8 (0x45a9) x11 0x0000000a
core   0: 0x80002fba (0x08b60363) beq     a2, a1, pc + 134
core   0: 3 0x80002fba (0x08b60363)
core   0: 0x80002fbe (0x000045ad) c.li    a1, 11
core   0: 3 0x80002fbe (0x45ad) x11 0x0000000b
core   0: 0x80002fc0 (0x08b60563) beq     a2, a1, pc + 138
core   0: 3 0x80002fc0 (0x08b60563)
core   0: 0x8000304a (0x3bb02d73) csrr    s10, pmpaddr11
core   0: 3 0x8000304a (0x3bb02d73) x26 0x0eeefb7b
core   0: 0x8000304e (0x3a202ff3) csrr    t6, pmpcfg2
core   0: 3 0x8000304e (0x3a202ff3) x31 0x0f0f0f0f
core   0: 0x80003052 (0x0000a02d) c.j     pc + 42
core   0: 3 0x80003052 (0xa02d)
core   0: 0x8000307c (0x00004e11) c.li    t3, 4
core   0: 3 0x8000307c (0x4e11) x28 0x00000004
core   0: 0x8000307e (0x01ee9613) slli    a2, t4, 30
core   0: 3 0x8000307e (0x01ee9613) x12 0xc0000000
core   0: 0x80003082 (0x00008279) c.srli  a2, 30
core   0: 3 0x80003082 (0x8279) x12 0x00000003
core   0: 0x80003084 (0x40ce05b3) sub     a1, t3, a2
core   0: 3 0x80003084 (0x40ce05b3) x11 0x00000001
core   0: 0x80003088 (0x000015fd) c.addi  a1, -1
core   0: 3 0x80003088 (0x15fd) x11 0x00000000
core   0: 0x8000308a (0x0000058e) c.slli  a1, 3
core   0: 3 0x8000308a (0x058e) x11 0x00000000
core   0: 0x8000308c (0x00bf9e33) sll     t3, t6, a1
core   0: 3 0x8000308c (0x00bf9e33) x28 0x0f0f0f0f
core   0: 0x80003090 (0x0000060e) c.slli  a2, 3
core   0: 3 0x80003090 (0x060e) x12 0x00000018
core   0: 0x80003092 (0x000095b2) c.add   a1, a2
core   0: 3 0x80003092 (0x95b2) x11 0x00000018
core   0: 0x80003094 (0x00be5e33) srl     t3, t3, a1
core   0: 3 0x80003094 (0x00be5e33) x28 0x0000000f
core   0: 0x80003098 (0x01be1593) slli    a1, t3, 27
core   0: 3 0x80003098 (0x01be1593) x11 0x78000000
core   0: 0x8000309c (0x000081f9) c.srli  a1, 30
core   0: 3 0x8000309c (0x81f9) x11 0x00000001
core   0: 0x8000309e (0x0000c1b1) c.beqz  a1, pc + 68
core   0: 3 0x8000309e (0xc1b1)
core   0: 0x800030a0 (0x00004605) c.li    a2, 1
core   0: 3 0x800030a0 (0x4605) x12 0x00000001
core   0: 0x800030a2 (0x04c58163) beq     a1, a2, pc + 66
core   0: 3 0x800030a2 (0x04c58163)
core   0: 0x800030e4 (0x00008676) c.mv    a2, t4
core   0: 3 0x800030e4 (0x8676) x12 0x0000000b
core   0: 0x800030e6 (0x343025f3) csrr    a1, mtval
core   0: 3 0x800030e6 (0x343025f3) x11 0xf924b8a2
core   0: 0x800030ea (0x00008189) c.srli  a1, 2
core   0: 3 0x800030ea (0x8189) x11 0x3e492e28
core   0: 0x800030ec (0x0000e601) c.bnez  a2, pc + 8
core   0: 3 0x800030ec (0xe601)
core   0: 0x800030f4 (0xfd65e5e3) bltu    a1, s6, pc - 54
core   0: 3 0x800030f4 (0xfd65e5e3)
core   0: 0x800030f8 (0xfda5f3e3) bgeu    a1, s10, pc - 58
core   0: 3 0x800030f8 (0xfda5f3e3)
core   0: 0x800030be (0x00008676) c.mv    a2, t4
core   0: 3 0x800030be (0x8676) x12 0x0000000b
core   0: 0x800030c0 (0x00008b6a) c.mv    s6, s10
core   0: 3 0x800030c0 (0x8b6a) x22 0x0eeefb7b
core   0: 0x800030c2 (0x00000605) c.addi  a2, 1
core   0: 3 0x800030c2 (0x0605) x12 0x0000000c
core   0: 0x800030c4 (0x00008eb2) c.mv    t4, a2
core   0: 3 0x800030c4 (0x8eb2) x29 0x0000000c
core   0: 0x800030c6 (0x00004d41) c.li    s10, 16
core   0: 3 0x800030c6 (0x4d41) x26 0x00000010
core   0: 0x800030c8 (0x01a65363) bge     a2, s10, pc + 6
core   0: 3 0x800030c8 (0x01a65363)
core   0: 0x800030cc (0x0000b575) c.j     pc - 340
core   0: 3 0x800030cc (0xb575)
core   0: 0x80002f78 (0x00008676) c.mv    a2, t4
core   0: 3 0x80002f78 (0x8676) x12 0x0000000c
core   0: 0x80002f7a (0x000085b2) c.mv    a1, a2
core   0: 3 0x80002f7a (0x85b2) x11 0x0000000c
core   0: 0x80002f7c (0x00004581) c.li    a1, 0
core   0: 3 0x80002f7c (0x4581) x11 0x00000000
core   0: 0x80002f7e (0x04b60f63) beq     a2, a1, pc + 94
core   0: 3 0x80002f7e (0x04b60f63)
core   0: 0x80002f82 (0x00004585) c.li    a1, 1
core   0: 3 0x80002f82 (0x4585) x11 0x00000001
core   0: 0x80002f84 (0x06b60163) beq     a2, a1, pc + 98
core   0: 3 0x80002f84 (0x06b60163)
core   0: 0x80002f88 (0x00004589) c.li    a1, 2
core   0: 3 0x80002f88 (0x4589) x11 0x00000002
core   0: 0x80002f8a (0x06b60363) beq     a2, a1, pc + 102
core   0: 3 0x80002f8a (0x06b60363)
core   0: 0x80002f8e (0x0000458d) c.li    a1, 3
core   0: 3 0x80002f8e (0x458d) x11 0x00000003
core   0: 0x80002f90 (0x06b60563) beq     a2, a1, pc + 106
core   0: 3 0x80002f90 (0x06b60563)
core   0: 0x80002f94 (0x00004591) c.li    a1, 4
core   0: 3 0x80002f94 (0x4591) x11 0x00000004
core   0: 0x80002f96 (0x06b60763) beq     a2, a1, pc + 110
core   0: 3 0x80002f96 (0x06b60763)
core   0: 0x80002f9a (0x00004595) c.li    a1, 5
core   0: 3 0x80002f9a (0x4595) x11 0x00000005
core   0: 0x80002f9c (0x06b60963) beq     a2, a1, pc + 114
core   0: 3 0x80002f9c (0x06b60963)
core   0: 0x80002fa0 (0x00004599) c.li    a1, 6
core   0: 3 0x80002fa0 (0x4599) x11 0x00000006
core   0: 0x80002fa2 (0x06b60b63) beq     a2, a1, pc + 118
core   0: 3 0x80002fa2 (0x06b60b63)
core   0: 0x80002fa6 (0x0000459d) c.li    a1, 7
core   0: 3 0x80002fa6 (0x459d) x11 0x00000007
core   0: 0x80002fa8 (0x06b60d63) beq     a2, a1, pc + 122
core   0: 3 0x80002fa8 (0x06b60d63)
core   0: 0x80002fac (0x000045a1) c.li    a1, 8
core   0: 3 0x80002fac (0x45a1) x11 0x00000008
core   0: 0x80002fae (0x06b60f63) beq     a2, a1, pc + 126
core   0: 3 0x80002fae (0x06b60f63)
core   0: 0x80002fb2 (0x000045a5) c.li    a1, 9
core   0: 3 0x80002fb2 (0x45a5) x11 0x00000009
core   0: 0x80002fb4 (0x08b60163) beq     a2, a1, pc + 130
core   0: 3 0x80002fb4 (0x08b60163)
core   0: 0x80002fb8 (0x000045a9) c.li    a1, 10
core   0: 3 0x80002fb8 (0x45a9) x11 0x0000000a
core   0: 0x80002fba (0x08b60363) beq     a2, a1, pc + 134
core   0: 3 0x80002fba (0x08b60363)
core   0: 0x80002fbe (0x000045ad) c.li    a1, 11
core   0: 3 0x80002fbe (0x45ad) x11 0x0000000b
core   0: 0x80002fc0 (0x08b60563) beq     a2, a1, pc + 138
core   0: 3 0x80002fc0 (0x08b60563)
core   0: 0x80002fc4 (0x000045b1) c.li    a1, 12
core   0: 3 0x80002fc4 (0x45b1) x11 0x0000000c
core   0: 0x80002fc6 (0x08b60763) beq     a2, a1, pc + 142
core   0: 3 0x80002fc6 (0x08b60763)
core   0: 0x80003054 (0x3bc02d73) csrr    s10, pmpaddr12
core   0: 3 0x80003054 (0x3bc02d73) x26 0x13333fc0
core   0: 0x80003058 (0x3a302ff3) csrr    t6, pmpcfg3
core   0: 3 0x80003058 (0x3a302ff3) x31 0x0f0f0f0f
core   0: 0x8000305c (0x0000a005) c.j     pc + 32
core   0: 3 0x8000305c (0xa005)
core   0: 0x8000307c (0x00004e11) c.li    t3, 4
core   0: 3 0x8000307c (0x4e11) x28 0x00000004
core   0: 0x8000307e (0x01ee9613) slli    a2, t4, 30
core   0: 3 0x8000307e (0x01ee9613) x12 0x00000000
core   0: 0x80003082 (0x00008279) c.srli  a2, 30
core   0: 3 0x80003082 (0x8279) x12 0x00000000
core   0: 0x80003084 (0x40ce05b3) sub     a1, t3, a2
core   0: 3 0x80003084 (0x40ce05b3) x11 0x00000004
core   0: 0x80003088 (0x000015fd) c.addi  a1, -1
core   0: 3 0x80003088 (0x15fd) x11 0x00000003
core   0: 0x8000308a (0x0000058e) c.slli  a1, 3
core   0: 3 0x8000308a (0x058e) x11 0x00000018
core   0: 0x8000308c (0x00bf9e33) sll     t3, t6, a1
core   0: 3 0x8000308c (0x00bf9e33) x28 0x0f000000
core   0: 0x80003090 (0x0000060e) c.slli  a2, 3
core   0: 3 0x80003090 (0x060e) x12 0x00000000
core   0: 0x80003092 (0x000095b2) c.add   a1, a2
core   0: 3 0x80003092 (0x95b2) x11 0x00000018
core   0: 0x80003094 (0x00be5e33) srl     t3, t3, a1
core   0: 3 0x80003094 (0x00be5e33) x28 0x0000000f
core   0: 0x80003098 (0x01be1593) slli    a1, t3, 27
core   0: 3 0x80003098 (0x01be1593) x11 0x78000000
core   0: 0x8000309c (0x000081f9) c.srli  a1, 30
core   0: 3 0x8000309c (0x81f9) x11 0x00000001
core   0: 0x8000309e (0x0000c1b1) c.beqz  a1, pc + 68
core   0: 3 0x8000309e (0xc1b1)
core   0: 0x800030a0 (0x00004605) c.li    a2, 1
core   0: 3 0x800030a0 (0x4605) x12 0x00000001
core   0: 0x800030a2 (0x04c58163) beq     a1, a2, pc + 66
core   0: 3 0x800030a2 (0x04c58163)
core   0: 0x800030e4 (0x00008676) c.mv    a2, t4
core   0: 3 0x800030e4 (0x8676) x12 0x0000000c
core   0: 0x800030e6 (0x343025f3) csrr    a1, mtval
core   0: 3 0x800030e6 (0x343025f3) x11 0xf924b8a2
core   0: 0x800030ea (0x00008189) c.srli  a1, 2
core   0: 3 0x800030ea (0x8189) x11 0x3e492e28
core   0: 0x800030ec (0x0000e601) c.bnez  a2, pc + 8
core   0: 3 0x800030ec (0xe601)
core   0: 0x800030f4 (0xfd65e5e3) bltu    a1, s6, pc - 54
core   0: 3 0x800030f4 (0xfd65e5e3)
core   0: 0x800030f8 (0xfda5f3e3) bgeu    a1, s10, pc - 58
core   0: 3 0x800030f8 (0xfda5f3e3)
core   0: 0x800030be (0x00008676) c.mv    a2, t4
core   0: 3 0x800030be (0x8676) x12 0x0000000c
core   0: 0x800030c0 (0x00008b6a) c.mv    s6, s10
core   0: 3 0x800030c0 (0x8b6a) x22 0x13333fc0
core   0: 0x800030c2 (0x00000605) c.addi  a2, 1
core   0: 3 0x800030c2 (0x0605) x12 0x0000000d
core   0: 0x800030c4 (0x00008eb2) c.mv    t4, a2
core   0: 3 0x800030c4 (0x8eb2) x29 0x0000000d
core   0: 0x800030c6 (0x00004d41) c.li    s10, 16
core   0: 3 0x800030c6 (0x4d41) x26 0x00000010
core   0: 0x800030c8 (0x01a65363) bge     a2, s10, pc + 6
core   0: 3 0x800030c8 (0x01a65363)
core   0: 0x800030cc (0x0000b575) c.j     pc - 340
core   0: 3 0x800030cc (0xb575)
core   0: 0x80002f78 (0x00008676) c.mv    a2, t4
core   0: 3 0x80002f78 (0x8676) x12 0x0000000d
core   0: 0x80002f7a (0x000085b2) c.mv    a1, a2
core   0: 3 0x80002f7a (0x85b2) x11 0x0000000d
core   0: 0x80002f7c (0x00004581) c.li    a1, 0
core   0: 3 0x80002f7c (0x4581) x11 0x00000000
core   0: 0x80002f7e (0x04b60f63) beq     a2, a1, pc + 94
core   0: 3 0x80002f7e (0x04b60f63)
core   0: 0x80002f82 (0x00004585) c.li    a1, 1
core   0: 3 0x80002f82 (0x4585) x11 0x00000001
core   0: 0x80002f84 (0x06b60163) beq     a2, a1, pc + 98
core   0: 3 0x80002f84 (0x06b60163)
core   0: 0x80002f88 (0x00004589) c.li    a1, 2
core   0: 3 0x80002f88 (0x4589) x11 0x00000002
core   0: 0x80002f8a (0x06b60363) beq     a2, a1, pc + 102
core   0: 3 0x80002f8a (0x06b60363)
core   0: 0x80002f8e (0x0000458d) c.li    a1, 3
core   0: 3 0x80002f8e (0x458d) x11 0x00000003
core   0: 0x80002f90 (0x06b60563) beq     a2, a1, pc + 106
core   0: 3 0x80002f90 (0x06b60563)
core   0: 0x80002f94 (0x00004591) c.li    a1, 4
core   0: 3 0x80002f94 (0x4591) x11 0x00000004
core   0: 0x80002f96 (0x06b60763) beq     a2, a1, pc + 110
core   0: 3 0x80002f96 (0x06b60763)
core   0: 0x80002f9a (0x00004595) c.li    a1, 5
core   0: 3 0x80002f9a (0x4595) x11 0x00000005
core   0: 0x80002f9c (0x06b60963) beq     a2, a1, pc + 114
core   0: 3 0x80002f9c (0x06b60963)
core   0: 0x80002fa0 (0x00004599) c.li    a1, 6
core   0: 3 0x80002fa0 (0x4599) x11 0x00000006
core   0: 0x80002fa2 (0x06b60b63) beq     a2, a1, pc + 118
core   0: 3 0x80002fa2 (0x06b60b63)
core   0: 0x80002fa6 (0x0000459d) c.li    a1, 7
core   0: 3 0x80002fa6 (0x459d) x11 0x00000007
core   0: 0x80002fa8 (0x06b60d63) beq     a2, a1, pc + 122
core   0: 3 0x80002fa8 (0x06b60d63)
core   0: 0x80002fac (0x000045a1) c.li    a1, 8
core   0: 3 0x80002fac (0x45a1) x11 0x00000008
core   0: 0x80002fae (0x06b60f63) beq     a2, a1, pc + 126
core   0: 3 0x80002fae (0x06b60f63)
core   0: 0x80002fb2 (0x000045a5) c.li    a1, 9
core   0: 3 0x80002fb2 (0x45a5) x11 0x00000009
core   0: 0x80002fb4 (0x08b60163) beq     a2, a1, pc + 130
core   0: 3 0x80002fb4 (0x08b60163)
core   0: 0x80002fb8 (0x000045a9) c.li    a1, 10
core   0: 3 0x80002fb8 (0x45a9) x11 0x0000000a
core   0: 0x80002fba (0x08b60363) beq     a2, a1, pc + 134
core   0: 3 0x80002fba (0x08b60363)
core   0: 0x80002fbe (0x000045ad) c.li    a1, 11
core   0: 3 0x80002fbe (0x45ad) x11 0x0000000b
core   0: 0x80002fc0 (0x08b60563) beq     a2, a1, pc + 138
core   0: 3 0x80002fc0 (0x08b60563)
core   0: 0x80002fc4 (0x000045b1) c.li    a1, 12
core   0: 3 0x80002fc4 (0x45b1) x11 0x0000000c
core   0: 0x80002fc6 (0x08b60763) beq     a2, a1, pc + 142
core   0: 3 0x80002fc6 (0x08b60763)
core   0: 0x80002fca (0x000045b5) c.li    a1, 13
core   0: 3 0x80002fca (0x45b5) x11 0x0000000d
core   0: 0x80002fcc (0x08b60963) beq     a2, a1, pc + 146
core   0: 3 0x80002fcc (0x08b60963)
core   0: 0x8000305e (0x3bd02d73) csrr    s10, pmpaddr13
core   0: 3 0x8000305e (0x3bd02d73) x26 0x17778404
core   0: 0x80003062 (0x3a302ff3) csrr    t6, pmpcfg3
core   0: 3 0x80003062 (0x3a302ff3) x31 0x0f0f0f0f
core   0: 0x80003066 (0x0000a819) c.j     pc + 22
core   0: 3 0x80003066 (0xa819)
core   0: 0x8000307c (0x00004e11) c.li    t3, 4
core   0: 3 0x8000307c (0x4e11) x28 0x00000004
core   0: 0x8000307e (0x01ee9613) slli    a2, t4, 30
core   0: 3 0x8000307e (0x01ee9613) x12 0x40000000
core   0: 0x80003082 (0x00008279) c.srli  a2, 30
core   0: 3 0x80003082 (0x8279) x12 0x00000001
core   0: 0x80003084 (0x40ce05b3) sub     a1, t3, a2
core   0: 3 0x80003084 (0x40ce05b3) x11 0x00000003
core   0: 0x80003088 (0x000015fd) c.addi  a1, -1
core   0: 3 0x80003088 (0x15fd) x11 0x00000002
core   0: 0x8000308a (0x0000058e) c.slli  a1, 3
core   0: 3 0x8000308a (0x058e) x11 0x00000010
core   0: 0x8000308c (0x00bf9e33) sll     t3, t6, a1
core   0: 3 0x8000308c (0x00bf9e33) x28 0x0f0f0000
core   0: 0x80003090 (0x0000060e) c.slli  a2, 3
core   0: 3 0x80003090 (0x060e) x12 0x00000008
core   0: 0x80003092 (0x000095b2) c.add   a1, a2
core   0: 3 0x80003092 (0x95b2) x11 0x00000018
core   0: 0x80003094 (0x00be5e33) srl     t3, t3, a1
core   0: 3 0x80003094 (0x00be5e33) x28 0x0000000f
core   0: 0x80003098 (0x01be1593) slli    a1, t3, 27
core   0: 3 0x80003098 (0x01be1593) x11 0x78000000
core   0: 0x8000309c (0x000081f9) c.srli  a1, 30
core   0: 3 0x8000309c (0x81f9) x11 0x00000001
core   0: 0x8000309e (0x0000c1b1) c.beqz  a1, pc + 68
core   0: 3 0x8000309e (0xc1b1)
core   0: 0x800030a0 (0x00004605) c.li    a2, 1
core   0: 3 0x800030a0 (0x4605) x12 0x00000001
core   0: 0x800030a2 (0x04c58163) beq     a1, a2, pc + 66
core   0: 3 0x800030a2 (0x04c58163)
core   0: 0x800030e4 (0x00008676) c.mv    a2, t4
core   0: 3 0x800030e4 (0x8676) x12 0x0000000d
core   0: 0x800030e6 (0x343025f3) csrr    a1, mtval
core   0: 3 0x800030e6 (0x343025f3) x11 0xf924b8a2
core   0: 0x800030ea (0x00008189) c.srli  a1, 2
core   0: 3 0x800030ea (0x8189) x11 0x3e492e28
core   0: 0x800030ec (0x0000e601) c.bnez  a2, pc + 8
core   0: 3 0x800030ec (0xe601)
core   0: 0x800030f4 (0xfd65e5e3) bltu    a1, s6, pc - 54
core   0: 3 0x800030f4 (0xfd65e5e3)
core   0: 0x800030f8 (0xfda5f3e3) bgeu    a1, s10, pc - 58
core   0: 3 0x800030f8 (0xfda5f3e3)
core   0: 0x800030be (0x00008676) c.mv    a2, t4
core   0: 3 0x800030be (0x8676) x12 0x0000000d
core   0: 0x800030c0 (0x00008b6a) c.mv    s6, s10
core   0: 3 0x800030c0 (0x8b6a) x22 0x17778404
core   0: 0x800030c2 (0x00000605) c.addi  a2, 1
core   0: 3 0x800030c2 (0x0605) x12 0x0000000e
core   0: 0x800030c4 (0x00008eb2) c.mv    t4, a2
core   0: 3 0x800030c4 (0x8eb2) x29 0x0000000e
core   0: 0x800030c6 (0x00004d41) c.li    s10, 16
core   0: 3 0x800030c6 (0x4d41) x26 0x00000010
core   0: 0x800030c8 (0x01a65363) bge     a2, s10, pc + 6
core   0: 3 0x800030c8 (0x01a65363)
core   0: 0x800030cc (0x0000b575) c.j     pc - 340
core   0: 3 0x800030cc (0xb575)
core   0: 0x80002f78 (0x00008676) c.mv    a2, t4
core   0: 3 0x80002f78 (0x8676) x12 0x0000000e
core   0: 0x80002f7a (0x000085b2) c.mv    a1, a2
core   0: 3 0x80002f7a (0x85b2) x11 0x0000000e
core   0: 0x80002f7c (0x00004581) c.li    a1, 0
core   0: 3 0x80002f7c (0x4581) x11 0x00000000
core   0: 0x80002f7e (0x04b60f63) beq     a2, a1, pc + 94
core   0: 3 0x80002f7e (0x04b60f63)
core   0: 0x80002f82 (0x00004585) c.li    a1, 1
core   0: 3 0x80002f82 (0x4585) x11 0x00000001
core   0: 0x80002f84 (0x06b60163) beq     a2, a1, pc + 98
core   0: 3 0x80002f84 (0x06b60163)
core   0: 0x80002f88 (0x00004589) c.li    a1, 2
core   0: 3 0x80002f88 (0x4589) x11 0x00000002
core   0: 0x80002f8a (0x06b60363) beq     a2, a1, pc + 102
core   0: 3 0x80002f8a (0x06b60363)
core   0: 0x80002f8e (0x0000458d) c.li    a1, 3
core   0: 3 0x80002f8e (0x458d) x11 0x00000003
core   0: 0x80002f90 (0x06b60563) beq     a2, a1, pc + 106
core   0: 3 0x80002f90 (0x06b60563)
core   0: 0x80002f94 (0x00004591) c.li    a1, 4
core   0: 3 0x80002f94 (0x4591) x11 0x00000004
core   0: 0x80002f96 (0x06b60763) beq     a2, a1, pc + 110
core   0: 3 0x80002f96 (0x06b60763)
core   0: 0x80002f9a (0x00004595) c.li    a1, 5
core   0: 3 0x80002f9a (0x4595) x11 0x00000005
core   0: 0x80002f9c (0x06b60963) beq     a2, a1, pc + 114
core   0: 3 0x80002f9c (0x06b60963)
core   0: 0x80002fa0 (0x00004599) c.li    a1, 6
core   0: 3 0x80002fa0 (0x4599) x11 0x00000006
core   0: 0x80002fa2 (0x06b60b63) beq     a2, a1, pc + 118
core   0: 3 0x80002fa2 (0x06b60b63)
core   0: 0x80002fa6 (0x0000459d) c.li    a1, 7
core   0: 3 0x80002fa6 (0x459d) x11 0x00000007
core   0: 0x80002fa8 (0x06b60d63) beq     a2, a1, pc + 122
core   0: 3 0x80002fa8 (0x06b60d63)
core   0: 0x80002fac (0x000045a1) c.li    a1, 8
core   0: 3 0x80002fac (0x45a1) x11 0x00000008
core   0: 0x80002fae (0x06b60f63) beq     a2, a1, pc + 126
core   0: 3 0x80002fae (0x06b60f63)
core   0: 0x80002fb2 (0x000045a5) c.li    a1, 9
core   0: 3 0x80002fb2 (0x45a5) x11 0x00000009
core   0: 0x80002fb4 (0x08b60163) beq     a2, a1, pc + 130
core   0: 3 0x80002fb4 (0x08b60163)
core   0: 0x80002fb8 (0x000045a9) c.li    a1, 10
core   0: 3 0x80002fb8 (0x45a9) x11 0x0000000a
core   0: 0x80002fba (0x08b60363) beq     a2, a1, pc + 134
core   0: 3 0x80002fba (0x08b60363)
core   0: 0x80002fbe (0x000045ad) c.li    a1, 11
core   0: 3 0x80002fbe (0x45ad) x11 0x0000000b
core   0: 0x80002fc0 (0x08b60563) beq     a2, a1, pc + 138
core   0: 3 0x80002fc0 (0x08b60563)
core   0: 0x80002fc4 (0x000045b1) c.li    a1, 12
core   0: 3 0x80002fc4 (0x45b1) x11 0x0000000c
core   0: 0x80002fc6 (0x08b60763) beq     a2, a1, pc + 142
core   0: 3 0x80002fc6 (0x08b60763)
core   0: 0x80002fca (0x000045b5) c.li    a1, 13
core   0: 3 0x80002fca (0x45b5) x11 0x0000000d
core   0: 0x80002fcc (0x08b60963) beq     a2, a1, pc + 146
core   0: 3 0x80002fcc (0x08b60963)
core   0: 0x80002fd0 (0x000045b9) c.li    a1, 14
core   0: 3 0x80002fd0 (0x45b9) x11 0x0000000e
core   0: 0x80002fd2 (0x08b60b63) beq     a2, a1, pc + 150
core   0: 3 0x80002fd2 (0x08b60b63)
core   0: 0x80003068 (0x3be02d73) csrr    s10, pmpaddr14
core   0: 3 0x80003068 (0x3be02d73) x26 0x1bbbc848
core   0: 0x8000306c (0x3a302ff3) csrr    t6, pmpcfg3
core   0: 3 0x8000306c (0x3a302ff3) x31 0x0f0f0f0f
core   0: 0x80003070 (0x0000a031) c.j     pc + 12
core   0: 3 0x80003070 (0xa031)
core   0: 0x8000307c (0x00004e11) c.li    t3, 4
core   0: 3 0x8000307c (0x4e11) x28 0x00000004
core   0: 0x8000307e (0x01ee9613) slli    a2, t4, 30
core   0: 3 0x8000307e (0x01ee9613) x12 0x80000000
core   0: 0x80003082 (0x00008279) c.srli  a2, 30
core   0: 3 0x80003082 (0x8279) x12 0x00000002
core   0: 0x80003084 (0x40ce05b3) sub     a1, t3, a2
core   0: 3 0x80003084 (0x40ce05b3) x11 0x00000002
core   0: 0x80003088 (0x000015fd) c.addi  a1, -1
core   0: 3 0x80003088 (0x15fd) x11 0x00000001
core   0: 0x8000308a (0x0000058e) c.slli  a1, 3
core   0: 3 0x8000308a (0x058e) x11 0x00000008
core   0: 0x8000308c (0x00bf9e33) sll     t3, t6, a1
core   0: 3 0x8000308c (0x00bf9e33) x28 0x0f0f0f00
core   0: 0x80003090 (0x0000060e) c.slli  a2, 3
core   0: 3 0x80003090 (0x060e) x12 0x00000010
core   0: 0x80003092 (0x000095b2) c.add   a1, a2
core   0: 3 0x80003092 (0x95b2) x11 0x00000018
core   0: 0x80003094 (0x00be5e33) srl     t3, t3, a1
core   0: 3 0x80003094 (0x00be5e33) x28 0x0000000f
core   0: 0x80003098 (0x01be1593) slli    a1, t3, 27
core   0: 3 0x80003098 (0x01be1593) x11 0x78000000
core   0: 0x8000309c (0x000081f9) c.srli  a1, 30
core   0: 3 0x8000309c (0x81f9) x11 0x00000001
core   0: 0x8000309e (0x0000c1b1) c.beqz  a1, pc + 68
core   0: 3 0x8000309e (0xc1b1)
core   0: 0x800030a0 (0x00004605) c.li    a2, 1
core   0: 3 0x800030a0 (0x4605) x12 0x00000001
core   0: 0x800030a2 (0x04c58163) beq     a1, a2, pc + 66
core   0: 3 0x800030a2 (0x04c58163)
core   0: 0x800030e4 (0x00008676) c.mv    a2, t4
core   0: 3 0x800030e4 (0x8676) x12 0x0000000e
core   0: 0x800030e6 (0x343025f3) csrr    a1, mtval
core   0: 3 0x800030e6 (0x343025f3) x11 0xf924b8a2
core   0: 0x800030ea (0x00008189) c.srli  a1, 2
core   0: 3 0x800030ea (0x8189) x11 0x3e492e28
core   0: 0x800030ec (0x0000e601) c.bnez  a2, pc + 8
core   0: 3 0x800030ec (0xe601)
core   0: 0x800030f4 (0xfd65e5e3) bltu    a1, s6, pc - 54
core   0: 3 0x800030f4 (0xfd65e5e3)
core   0: 0x800030f8 (0xfda5f3e3) bgeu    a1, s10, pc - 58
core   0: 3 0x800030f8 (0xfda5f3e3)
core   0: 0x800030be (0x00008676) c.mv    a2, t4
core   0: 3 0x800030be (0x8676) x12 0x0000000e
core   0: 0x800030c0 (0x00008b6a) c.mv    s6, s10
core   0: 3 0x800030c0 (0x8b6a) x22 0x1bbbc848
core   0: 0x800030c2 (0x00000605) c.addi  a2, 1
core   0: 3 0x800030c2 (0x0605) x12 0x0000000f
core   0: 0x800030c4 (0x00008eb2) c.mv    t4, a2
core   0: 3 0x800030c4 (0x8eb2) x29 0x0000000f
core   0: 0x800030c6 (0x00004d41) c.li    s10, 16
core   0: 3 0x800030c6 (0x4d41) x26 0x00000010
core   0: 0x800030c8 (0x01a65363) bge     a2, s10, pc + 6
core   0: 3 0x800030c8 (0x01a65363)
core   0: 0x800030cc (0x0000b575) c.j     pc - 340
core   0: 3 0x800030cc (0xb575)
core   0: 0x80002f78 (0x00008676) c.mv    a2, t4
core   0: 3 0x80002f78 (0x8676) x12 0x0000000f
core   0: 0x80002f7a (0x000085b2) c.mv    a1, a2
core   0: 3 0x80002f7a (0x85b2) x11 0x0000000f
core   0: 0x80002f7c (0x00004581) c.li    a1, 0
core   0: 3 0x80002f7c (0x4581) x11 0x00000000
core   0: 0x80002f7e (0x04b60f63) beq     a2, a1, pc + 94
core   0: 3 0x80002f7e (0x04b60f63)
core   0: 0x80002f82 (0x00004585) c.li    a1, 1
core   0: 3 0x80002f82 (0x4585) x11 0x00000001
core   0: 0x80002f84 (0x06b60163) beq     a2, a1, pc + 98
core   0: 3 0x80002f84 (0x06b60163)
core   0: 0x80002f88 (0x00004589) c.li    a1, 2
core   0: 3 0x80002f88 (0x4589) x11 0x00000002
core   0: 0x80002f8a (0x06b60363) beq     a2, a1, pc + 102
core   0: 3 0x80002f8a (0x06b60363)
core   0: 0x80002f8e (0x0000458d) c.li    a1, 3
core   0: 3 0x80002f8e (0x458d) x11 0x00000003
core   0: 0x80002f90 (0x06b60563) beq     a2, a1, pc + 106
core   0: 3 0x80002f90 (0x06b60563)
core   0: 0x80002f94 (0x00004591) c.li    a1, 4
core   0: 3 0x80002f94 (0x4591) x11 0x00000004
core   0: 0x80002f96 (0x06b60763) beq     a2, a1, pc + 110
core   0: 3 0x80002f96 (0x06b60763)
core   0: 0x80002f9a (0x00004595) c.li    a1, 5
core   0: 3 0x80002f9a (0x4595) x11 0x00000005
core   0: 0x80002f9c (0x06b60963) beq     a2, a1, pc + 114
core   0: 3 0x80002f9c (0x06b60963)
core   0: 0x80002fa0 (0x00004599) c.li    a1, 6
core   0: 3 0x80002fa0 (0x4599) x11 0x00000006
core   0: 0x80002fa2 (0x06b60b63) beq     a2, a1, pc + 118
core   0: 3 0x80002fa2 (0x06b60b63)
core   0: 0x80002fa6 (0x0000459d) c.li    a1, 7
core   0: 3 0x80002fa6 (0x459d) x11 0x00000007
core   0: 0x80002fa8 (0x06b60d63) beq     a2, a1, pc + 122
core   0: 3 0x80002fa8 (0x06b60d63)
core   0: 0x80002fac (0x000045a1) c.li    a1, 8
core   0: 3 0x80002fac (0x45a1) x11 0x00000008
core   0: 0x80002fae (0x06b60f63) beq     a2, a1, pc + 126
core   0: 3 0x80002fae (0x06b60f63)
core   0: 0x80002fb2 (0x000045a5) c.li    a1, 9
core   0: 3 0x80002fb2 (0x45a5) x11 0x00000009
core   0: 0x80002fb4 (0x08b60163) beq     a2, a1, pc + 130
core   0: 3 0x80002fb4 (0x08b60163)
core   0: 0x80002fb8 (0x000045a9) c.li    a1, 10
core   0: 3 0x80002fb8 (0x45a9) x11 0x0000000a
core   0: 0x80002fba (0x08b60363) beq     a2, a1, pc + 134
core   0: 3 0x80002fba (0x08b60363)
core   0: 0x80002fbe (0x000045ad) c.li    a1, 11
core   0: 3 0x80002fbe (0x45ad) x11 0x0000000b
core   0: 0x80002fc0 (0x08b60563) beq     a2, a1, pc + 138
core   0: 3 0x80002fc0 (0x08b60563)
core   0: 0x80002fc4 (0x000045b1) c.li    a1, 12
core   0: 3 0x80002fc4 (0x45b1) x11 0x0000000c
core   0: 0x80002fc6 (0x08b60763) beq     a2, a1, pc + 142
core   0: 3 0x80002fc6 (0x08b60763)
core   0: 0x80002fca (0x000045b5) c.li    a1, 13
core   0: 3 0x80002fca (0x45b5) x11 0x0000000d
core   0: 0x80002fcc (0x08b60963) beq     a2, a1, pc + 146
core   0: 3 0x80002fcc (0x08b60963)
core   0: 0x80002fd0 (0x000045b9) c.li    a1, 14
core   0: 3 0x80002fd0 (0x45b9) x11 0x0000000e
core   0: 0x80002fd2 (0x08b60b63) beq     a2, a1, pc + 150
core   0: 3 0x80002fd2 (0x08b60b63)
core   0: 0x80002fd6 (0x000045bd) c.li    a1, 15
core   0: 3 0x80002fd6 (0x45bd) x11 0x0000000f
core   0: 0x80002fd8 (0x08b60d63) beq     a2, a1, pc + 154
core   0: 3 0x80002fd8 (0x08b60d63)
core   0: 0x80003072 (0x3bf02d73) csrr    s10, pmpaddr15
core   0: 3 0x80003072 (0x3bf02d73) x26 0x20000c8c
core   0: 0x80003076 (0x3a302ff3) csrr    t6, pmpcfg3
core   0: 3 0x80003076 (0x3a302ff3) x31 0x0f0f0f0f
core   0: 0x8000307a (0x0000a009) c.j     pc + 2
core   0: 3 0x8000307a (0xa009)
core   0: 0x8000307c (0x00004e11) c.li    t3, 4
core   0: 3 0x8000307c (0x4e11) x28 0x00000004
core   0: 0x8000307e (0x01ee9613) slli    a2, t4, 30
core   0: 3 0x8000307e (0x01ee9613) x12 0xc0000000
core   0: 0x80003082 (0x00008279) c.srli  a2, 30
core   0: 3 0x80003082 (0x8279) x12 0x00000003
core   0: 0x80003084 (0x40ce05b3) sub     a1, t3, a2
core   0: 3 0x80003084 (0x40ce05b3) x11 0x00000001
core   0: 0x80003088 (0x000015fd) c.addi  a1, -1
core   0: 3 0x80003088 (0x15fd) x11 0x00000000
core   0: 0x8000308a (0x0000058e) c.slli  a1, 3
core   0: 3 0x8000308a (0x058e) x11 0x00000000
core   0: 0x8000308c (0x00bf9e33) sll     t3, t6, a1
core   0: 3 0x8000308c (0x00bf9e33) x28 0x0f0f0f0f
core   0: 0x80003090 (0x0000060e) c.slli  a2, 3
core   0: 3 0x80003090 (0x060e) x12 0x00000018
core   0: 0x80003092 (0x000095b2) c.add   a1, a2
core   0: 3 0x80003092 (0x95b2) x11 0x00000018
core   0: 0x80003094 (0x00be5e33) srl     t3, t3, a1
core   0: 3 0x80003094 (0x00be5e33) x28 0x0000000f
core   0: 0x80003098 (0x01be1593) slli    a1, t3, 27
core   0: 3 0x80003098 (0x01be1593) x11 0x78000000
core   0: 0x8000309c (0x000081f9) c.srli  a1, 30
core   0: 3 0x8000309c (0x81f9) x11 0x00000001
core   0: 0x8000309e (0x0000c1b1) c.beqz  a1, pc + 68
core   0: 3 0x8000309e (0xc1b1)
core   0: 0x800030a0 (0x00004605) c.li    a2, 1
core   0: 3 0x800030a0 (0x4605) x12 0x00000001
core   0: 0x800030a2 (0x04c58163) beq     a1, a2, pc + 66
core   0: 3 0x800030a2 (0x04c58163)
core   0: 0x800030e4 (0x00008676) c.mv    a2, t4
core   0: 3 0x800030e4 (0x8676) x12 0x0000000f
core   0: 0x800030e6 (0x343025f3) csrr    a1, mtval
core   0: 3 0x800030e6 (0x343025f3) x11 0xf924b8a2
core   0: 0x800030ea (0x00008189) c.srli  a1, 2
core   0: 3 0x800030ea (0x8189) x11 0x3e492e28
core   0: 0x800030ec (0x0000e601) c.bnez  a2, pc + 8
core   0: 3 0x800030ec (0xe601)
core   0: 0x800030f4 (0xfd65e5e3) bltu    a1, s6, pc - 54
core   0: 3 0x800030f4 (0xfd65e5e3)
core   0: 0x800030f8 (0xfda5f3e3) bgeu    a1, s10, pc - 58
core   0: 3 0x800030f8 (0xfda5f3e3)
core   0: 0x800030be (0x00008676) c.mv    a2, t4
core   0: 3 0x800030be (0x8676) x12 0x0000000f
core   0: 0x800030c0 (0x00008b6a) c.mv    s6, s10
core   0: 3 0x800030c0 (0x8b6a) x22 0x20000c8c
core   0: 0x800030c2 (0x00000605) c.addi  a2, 1
core   0: 3 0x800030c2 (0x0605) x12 0x00000010
core   0: 0x800030c4 (0x00008eb2) c.mv    t4, a2
core   0: 3 0x800030c4 (0x8eb2) x29 0x00000010
core   0: 0x800030c6 (0x00004d41) c.li    s10, 16
core   0: 3 0x800030c6 (0x4d41) x26 0x00000010
core   0: 0x800030c8 (0x01a65363) bge     a2, s10, pc + 6
core   0: 3 0x800030c8 (0x01a65363)
core   0: 0x800030ce (0x74702673) csrr    a2, mseccfg
core   0: 3 0x800030ce (0x74702673) x12 0x00000004
core   0: 0x800030d2 (0x00008a09) c.andi  a2, 2
core   0: 3 0x800030d2 (0x8a09) x12 0x00000000
core   0: 0x800030d4 (0x0000e63d) c.bnez  a2, pc + 110
core   0: 3 0x800030d4 (0xe63d)
core   0: 0x800030d6 (0xffffd617) auipc   a2, 0xffffd
core   0: 3 0x800030d6 (0xffffd617) x12 0x800000d6
core   0: 0x800030da (0x28860613) addi    a2, a2, 648
core   0: 3 0x800030da (0x28860613) x12 0x8000035e
core   0: 0x800030de (0x00060067) jr      a2
core   0: 3 0x800030de (0x00060067)
core   0: 0x8000035e (0x90000d37) lui     s10, 0x90000
core   0: 3 0x8000035e (0x90000d37) x26 0x90000000
core   0: 0x80000362 (0x00001d61) c.addi  s10, -8
core   0: 3 0x80000362 (0x1d61) x26 0x8ffffff8
core   0: 0x80000364 (0x00004601) c.li    a2, 0
core   0: 3 0x80000364 (0x4601) x12 0x00000000
core   0: 0x80000366 (0x00000622) c.slli  a2, 8
core   0: 3 0x80000366 (0x0622) x12 0x00000000
core   0: 0x80000368 (0x00000605) c.addi  a2, 1
core   0: 3 0x80000368 (0x0605) x12 0x00000001
core   0: 0x8000036a (0x00cd2023) sw      a2, 0(s10)
core   0: 3 0x8000036a (0x00cd2023) mem 0x8ffffff8 0x00000001
core   0: 0x8000036e (0x00000073) ecall
core   0: exception trap_machine_ecall, epc 0x8000036e
core   0: 0x80002500 (0x0800006f) j       pc + 0x80
core   0: 3 0x80002500 (0x0800006f)
core   0: 0x80002580 (0x00001f71) c.addi  t5, -4
core   0: 3 0x80002580 (0x1f71) x30 0x8004bc5c
core   0: 0x80002582 (0x009f2023) sw      s1, 0(t5)
core   0: 3 0x80002582 (0x009f2023) mem 0x8004bc5c 0x8004bc60
core   0: 0x80002586 (0x000f04b3) add     s1, t5, zero
core   0: 3 0x80002586 (0x000f04b3) x9  0x8004bc5c
core   0: 0x8000258a (0xf8048493) addi    s1, s1, -128
core   0: 3 0x8000258a (0xf8048493) x9  0x8004bbdc
core   0: 0x8000258e (0x0014a223) sw      ra, 4(s1)
core   0: 3 0x8000258e (0x0014a223) mem 0x8004bbe0 0xd10d8000
core   0: 0x80002592 (0x0024a423) sw      sp, 8(s1)
core   0: 3 0x80002592 (0x0024a423) mem 0x8004bbe4 0xf924c048
core   0: 0x80002596 (0x0034a623) sw      gp, 12(s1)
core   0: 3 0x80002596 (0x0034a623) mem 0x8004bbe8 0x00000000
core   0: 0x8000259a (0x0044a823) sw      tp, 16(s1)
core   0: 3 0x8000259a (0x0044a823) mem 0x8004bbec 0x00000000
core   0: 0x8000259e (0x0054aa23) sw      t0, 20(s1)
core   0: 3 0x8000259e (0x0054aa23) mem 0x8004bbf0 0x800407f0
core   0: 0x800025a2 (0x0064ac23) sw      t1, 24(s1)
core   0: 3 0x800025a2 (0x0064ac23) mem 0x8004bbf4 0x00000000
core   0: 0x800025a6 (0x0074ae23) sw      t2, 28(s1)
core   0: 3 0x800025a6 (0x0074ae23) mem 0x8004bbf8 0x00000048
core   0: 0x800025aa (0x0000d080) c.sw    s0, 32(s1)
core   0: 3 0x800025aa (0xd080) mem 0x8004bbfc 0x00000000
core   0: 0x800025ac (0x0000d0c4) c.sw    s1, 36(s1)
core   0: 3 0x800025ac (0xd0c4) mem 0x8004bc00 0x8004bbdc
core   0: 0x800025ae (0x0000d488) c.sw    a0, 40(s1)
core   0: 3 0x800025ae (0xd488) mem 0x8004bc04 0x00000000
core   0: 0x800025b0 (0x0000d4cc) c.sw    a1, 44(s1)
core   0: 3 0x800025b0 (0xd4cc) mem 0x8004bc08 0x3e492e28
core   0: 0x800025b2 (0x0000d890) c.sw    a2, 48(s1)
core   0: 3 0x800025b2 (0xd890) mem 0x8004bc0c 0x00000001
core   0: 0x800025b4 (0x0000d8d4) c.sw    a3, 52(s1)
core   0: 3 0x800025b4 (0xd8d4) mem 0x8004bc10 0xffffffff
core   0: 0x800025b6 (0x0000dc98) c.sw    a4, 56(s1)
core   0: 3 0x800025b6 (0xdc98) mem 0x8004bc14 0x80040893
core   0: 0x800025b8 (0x0000dcdc) c.sw    a5, 60(s1)
core   0: 3 0x800025b8 (0xdcdc) mem 0x8004bc18 0x00000000
core   0: 0x800025ba (0x0504a023) sw      a6, 64(s1)
core   0: 3 0x800025ba (0x0504a023) mem 0x8004bc1c 0x00000000
core   0: 0x800025be (0x0514a223) sw      a7, 68(s1)
core   0: 3 0x800025be (0x0514a223) mem 0x8004bc20 0x00000000
core   0: 0x800025c2 (0x0524a423) sw      s2, 72(s1)
core   0: 3 0x800025c2 (0x0524a423) mem 0x8004bc24 0x00000000
core   0: 0x800025c6 (0x0534a623) sw      s3, 76(s1)
core   0: 3 0x800025c6 (0x0534a623) mem 0x8004bc28 0x00000000
core   0: 0x800025ca (0x0544a823) sw      s4, 80(s1)
core   0: 3 0x800025ca (0x0544a823) mem 0x8004bc2c 0x00000000
core   0: 0x800025ce (0x0554aa23) sw      s5, 84(s1)
core   0: 3 0x800025ce (0x0554aa23) mem 0x8004bc30 0x80032910
core   0: 0x800025d2 (0x0564ac23) sw      s6, 88(s1)
core   0: 3 0x800025d2 (0x0564ac23) mem 0x8004bc34 0x20000c8c
core   0: 0x800025d6 (0x0574ae23) sw      s7, 92(s1)
core   0: 3 0x800025d6 (0x0574ae23) mem 0x8004bc38 0x00000000
core   0: 0x800025da (0x0784a023) sw      s8, 96(s1)
core   0: 3 0x800025da (0x0784a023) mem 0x8004bc3c 0x00000000
core   0: 0x800025de (0x0794a223) sw      s9, 100(s1)
core   0: 3 0x800025de (0x0794a223) mem 0x8004bc40 0x00000000
core   0: 0x800025e2 (0x07a4a423) sw      s10, 104(s1)
core   0: 3 0x800025e2 (0x07a4a423) mem 0x8004bc44 0x8ffffff8
core   0: 0x800025e6 (0x07b4a623) sw      s11, 108(s1)
core   0: 3 0x800025e6 (0x07b4a623) mem 0x8004bc48 0x00000000
core   0: 0x800025ea (0x07c4a823) sw      t3, 112(s1)
core   0: 3 0x800025ea (0x07c4a823) mem 0x8004bc4c 0x0000000f
core   0: 0x800025ee (0x07d4aa23) sw      t4, 116(s1)
core   0: 3 0x800025ee (0x07d4aa23) mem 0x8004bc50 0x00000010
core   0: 0x800025f2 (0x07e4ac23) sw      t5, 120(s1)
core   0: 3 0x800025f2 (0x07e4ac23) mem 0x8004bc54 0x8004bc5c
core   0: 0x800025f6 (0x07f4ae23) sw      t6, 124(s1)
core   0: 3 0x800025f6 (0x07f4ae23) mem 0x8004bc58 0x0f0f0f0f
core   0: 0x800025fa (0x00048f33) add     t5, s1, zero
core   0: 3 0x800025fa (0x00048f33) x30 0x8004bbdc
core   0: 0x800025fe (0x90000d37) lui     s10, 0x90000
core   0: 3 0x800025fe (0x90000d37) x26 0x90000000
core   0: 0x80002602 (0x00001d71) c.addi  s10, -4
core   0: 3 0x80002602 (0x1d71) x26 0x8ffffffc
core   0: 0x80002604 (0x00004621) c.li    a2, 8
core   0: 3 0x80002604 (0x4621) x12 0x00000008
core   0: 0x80002606 (0x00000622) c.slli  a2, 8
core   0: 3 0x80002606 (0x0622) x12 0x00000800
core   0: 0x80002608 (0x00060613) mv      a2, a2
core   0: 3 0x80002608 (0x00060613) x12 0x00000800
core   0: 0x8000260c (0x00cd2023) sw      a2, 0(s10)
core   0: 3 0x8000260c (0x00cd2023) mem 0x8ffffffc 0x00000800
core   0: 0x80002610 (0x34102673) csrr    a2, mepc
core   0: 3 0x80002610 (0x34102673) x12 0x8000036e
core   0: 0x80002614 (0x34202673) csrr    a2, mcause
core   0: 3 0x80002614 (0x34202673) x12 0x0000000b
core   0: 0x80002618 (0x00004d0d) c.li    s10, 3
core   0: 3 0x80002618 (0x4d0d) x26 0x00000003
core   0: 0x8000261a (0x01a61463) bne     a2, s10, pc + 8
core   0: 3 0x8000261a (0x01a61463)
core   0: 0x80002622 (0x00004d21) c.li    s10, 8
core   0: 3 0x80002622 (0x4d21) x26 0x00000008
core   0: 0x80002624 (0x05a60d63) beq     a2, s10, pc + 90
core   0: 3 0x80002624 (0x05a60d63)
core   0: 0x80002628 (0x00004d25) c.li    s10, 9
core   0: 3 0x80002628 (0x4d25) x26 0x00000009
core   0: 0x8000262a (0x05a60a63) beq     a2, s10, pc + 84
core   0: 3 0x8000262a (0x05a60a63)
core   0: 0x8000262e (0x00004d2d) c.li    s10, 11
core   0: 3 0x8000262e (0x4d2d) x26 0x0000000b
core   0: 0x80002630 (0x05a60763) beq     a2, s10, pc + 78
core   0: 3 0x80002630 (0x05a60763)
core   0: 0x8000267e (0x90000d37) lui     s10, 0x90000
core   0: 3 0x8000267e (0x90000d37) x26 0x90000000
core   0: 0x80002682 (0x00001d71) c.addi  s10, -4
core   0: 3 0x80002682 (0x1d71) x26 0x8ffffffc
core   0: 0x80002684 (0x00006605) c.lui   a2, 0x1
core   0: 3 0x80002684 (0x6605) x12 0x00001000
core   0: 0x80002686 (0xb0060613) addi    a2, a2, -1280
core   0: 3 0x80002686 (0xb0060613) x12 0x00000b00
core   0: 0x8000268a (0x00000622) c.slli  a2, 8
core   0: 3 0x8000268a (0x0622) x12 0x000b0000
core   0: 0x8000268c (0x0000060d) c.addi  a2, 3
core   0: 3 0x8000268c (0x060d) x12 0x000b0003
core   0: 0x8000268e (0x00cd2023) sw      a2, 0(s10)
core   0: 3 0x8000268e (0x00cd2023) mem 0x8ffffffc 0x000b0003
core   0: 0x80002692 (0xb0002673) csrr    a2, mcycle
core   0: 3 0x80002692 (0xb0002673) x12 0x00005685
core   0: 0x80002696 (0x00cd2023) sw      a2, 0(s10)
core   0: 3 0x80002696 (0x00cd2023) mem 0x8ffffffc 0x00005685
core   0: 0x8000269a (0x90000d37) lui     s10, 0x90000
core   0: 3 0x8000269a (0x90000d37) x26 0x90000000
core   0: 0x8000269e (0x00001d71) c.addi  s10, -4
core   0: 3 0x8000269e (0x1d71) x26 0x8ffffffc
core   0: 0x800026a0 (0x00006605) c.lui   a2, 0x1
core   0: 3 0x800026a0 (0x6605) x12 0x00001000
core   0: 0x800026a2 (0xb8060613) addi    a2, a2, -1152
core   0: 3 0x800026a2 (0xb8060613) x12 0x00000b80
core   0: 0x800026a6 (0x00000622) c.slli  a2, 8
core   0: 3 0x800026a6 (0x0622) x12 0x000b8000
core   0: 0x800026a8 (0x0000060d) c.addi  a2, 3
core   0: 3 0x800026a8 (0x060d) x12 0x000b8003
core   0: 0x800026aa (0x00cd2023) sw      a2, 0(s10)
core   0: 3 0x800026aa (0x00cd2023) mem 0x8ffffffc 0x000b8003
core   0: 0x800026ae (0xb8002673) csrr    a2, mcycleh
core   0: 3 0x800026ae (0xb8002673) x12 0x00000000
core   0: 0x800026b2 (0x00cd2023) sw      a2, 0(s10)
core   0: 3 0x800026b2 (0x00cd2023) mem 0x8ffffffc 0x00000000
core   0: 0x800026b6 (0x90000d37) lui     s10, 0x90000
core   0: 3 0x800026b6 (0x90000d37) x26 0x90000000
core   0: 0x800026ba (0x00001d71) c.addi  s10, -4
core   0: 3 0x800026ba (0x1d71) x26 0x8ffffffc
core   0: 0x800026bc (0x00006605) c.lui   a2, 0x1
core   0: 3 0x800026bc (0x6605) x12 0x00001000
core   0: 0x800026be (0xb0360613) addi    a2, a2, -1277
core   0: 3 0x800026be (0xb0360613) x12 0x00000b03
core   0: 0x800026c2 (0x00000622) c.slli  a2, 8
core   0: 3 0x800026c2 (0x0622) x12 0x000b0300
core   0: 0x800026c4 (0x0000060d) c.addi  a2, 3
core   0: 3 0x800026c4 (0x060d) x12 0x000b0303
core   0: 0x800026c6 (0x00cd2023) sw      a2, 0(s10)
core   0: 3 0x800026c6 (0x00cd2023) mem 0x8ffffffc 0x000b0303
core   0: 0x800026ca (0xb0302673) csrr    a2, mhpmcounter3
core   0: 3 0x800026ca (0xb0302673) x12 0x000015d7
core   0: 0x800026ce (0x00cd2023) sw      a2, 0(s10)
core   0: 3 0x800026ce (0x00cd2023) mem 0x8ffffffc 0x000015d7
core   0: 0x800026d2 (0x90000d37) lui     s10, 0x90000
core   0: 3 0x800026d2 (0x90000d37) x26 0x90000000
core   0: 0x800026d6 (0x00001d71) c.addi  s10, -4
core   0: 3 0x800026d6 (0x1d71) x26 0x8ffffffc
core   0: 0x800026d8 (0x00006605) c.lui   a2, 0x1
core   0: 3 0x800026d8 (0x6605) x12 0x00001000
core   0: 0x800026da (0xb8360613) addi    a2, a2, -1149
core   0: 3 0x800026da (0xb8360613) x12 0x00000b83
core   0: 0x800026de (0x00000622) c.slli  a2, 8
core   0: 3 0x800026de (0x0622) x12 0x000b8300
core   0: 0x800026e0 (0x0000060d) c.addi  a2, 3
core   0: 3 0x800026e0 (0x060d) x12 0x000b8303
core   0: 0x800026e2 (0x00cd2023) sw      a2, 0(s10)
core   0: 3 0x800026e2 (0x00cd2023) mem 0x8ffffffc 0x000b8303
core   0: 0x800026e6 (0xb8302673) csrr    a2, mhpmcounter3h
core   0: 3 0x800026e6 (0xb8302673) x12 0x00000000
core   0: 0x800026ea (0x00cd2023) sw      a2, 0(s10)
core   0: 3 0x800026ea (0x00cd2023) mem 0x8ffffffc 0x00000000
core   0: 0x800026ee (0x90000d37) lui     s10, 0x90000
core   0: 3 0x800026ee (0x90000d37) x26 0x90000000
core   0: 0x800026f2 (0x00001d71) c.addi  s10, -4
core   0: 3 0x800026f2 (0x1d71) x26 0x8ffffffc
core   0: 0x800026f4 (0x00006605) c.lui   a2, 0x1
core   0: 3 0x800026f4 (0x6605) x12 0x00001000
core   0: 0x800026f6 (0xb0460613) addi    a2, a2, -1276
core   0: 3 0x800026f6 (0xb0460613) x12 0x00000b04
core   0: 0x800026fa (0x00000622) c.slli  a2, 8
core   0: 3 0x800026fa (0x0622) x12 0x000b0400
core   0: 0x800026fc (0x0000060d) c.addi  a2, 3
core   0: 3 0x800026fc (0x060d) x12 0x000b0403
core   0: 0x800026fe (0x00cd2023) sw      a2, 0(s10)
core   0: 3 0x800026fe (0x00cd2023) mem 0x8ffffffc 0x000b0403
core   0: 0x80002702 (0xb0402673) csrr    a2, mhpmcounter4
core   0: 3 0x80002702 (0xb0402673) x12 0x00001523
core   0: 0x80002706 (0x00cd2023) sw      a2, 0(s10)
core   0: 3 0x80002706 (0x00cd2023) mem 0x8ffffffc 0x00001523
core   0: 0x8000270a (0x90000d37) lui     s10, 0x90000
core   0: 3 0x8000270a (0x90000d37) x26 0x90000000
core   0: 0x8000270e (0x00001d71) c.addi  s10, -4
core   0: 3 0x8000270e (0x1d71) x26 0x8ffffffc
core   0: 0x80002710 (0x00006605) c.lui   a2, 0x1
core   0: 3 0x80002710 (0x6605) x12 0x00001000
core   0: 0x80002712 (0xb8460613) addi    a2, a2, -1148
core   0: 3 0x80002712 (0xb8460613) x12 0x00000b84
core   0: 0x80002716 (0x00000622) c.slli  a2, 8
core   0: 3 0x80002716 (0x0622) x12 0x000b8400
core   0: 0x80002718 (0x0000060d) c.addi  a2, 3
core   0: 3 0x80002718 (0x060d) x12 0x000b8403
core   0: 0x8000271a (0x00cd2023) sw      a2, 0(s10)
core   0: 3 0x8000271a (0x00cd2023) mem 0x8ffffffc 0x000b8403
core   0: 0x8000271e (0xb8402673) csrr    a2, mhpmcounter4h
core   0: 3 0x8000271e (0xb8402673) x12 0x00000000
core   0: 0x80002722 (0x00cd2023) sw      a2, 0(s10)
core   0: 3 0x80002722 (0x00cd2023) mem 0x8ffffffc 0x00000000
core   0: 0x80002726 (0x90000d37) lui     s10, 0x90000
core   0: 3 0x80002726 (0x90000d37) x26 0x90000000
core   0: 0x8000272a (0x00001d71) c.addi  s10, -4
core   0: 3 0x8000272a (0x1d71) x26 0x8ffffffc
core   0: 0x8000272c (0x00006605) c.lui   a2, 0x1
core   0: 3 0x8000272c (0x6605) x12 0x00001000
core   0: 0x8000272e (0xb0560613) addi    a2, a2, -1275
core   0: 3 0x8000272e (0xb0560613) x12 0x00000b05
core   0: 0x80002732 (0x00000622) c.slli  a2, 8
core   0: 3 0x80002732 (0x0622) x12 0x000b0500
core   0: 0x80002734 (0x0000060d) c.addi  a2, 3
core   0: 3 0x80002734 (0x060d) x12 0x000b0503
core   0: 0x80002736 (0x00cd2023) sw      a2, 0(s10)
core   0: 3 0x80002736 (0x00cd2023) mem 0x8ffffffc 0x000b0503
core   0: 0x8000273a (0xb0502673) csrr    a2, mhpmcounter5
core   0: 3 0x8000273a (0xb0502673) x12 0x000002fd
core   0: 0x8000273e (0x00cd2023) sw      a2, 0(s10)
core   0: 3 0x8000273e (0x00cd2023) mem 0x8ffffffc 0x000002fd
core   0: 0x80002742 (0x90000d37) lui     s10, 0x90000
core   0: 3 0x80002742 (0x90000d37) x26 0x90000000
core   0: 0x80002746 (0x00001d71) c.addi  s10, -4
core   0: 3 0x80002746 (0x1d71) x26 0x8ffffffc
core   0: 0x80002748 (0x00006605) c.lui   a2, 0x1
core   0: 3 0x80002748 (0x6605) x12 0x00001000
core   0: 0x8000274a (0xb8560613) addi    a2, a2, -1147
core   0: 3 0x8000274a (0xb8560613) x12 0x00000b85
core   0: 0x8000274e (0x00000622) c.slli  a2, 8
core   0: 3 0x8000274e (0x0622) x12 0x000b8500
core   0: 0x80002750 (0x0000060d) c.addi  a2, 3
core   0: 3 0x80002750 (0x060d) x12 0x000b8503
core   0: 0x80002752 (0x00cd2023) sw      a2, 0(s10)
core   0: 3 0x80002752 (0x00cd2023) mem 0x8ffffffc 0x000b8503
core   0: 0x80002756 (0xb8502673) csrr    a2, mhpmcounter5h
core   0: 3 0x80002756 (0xb8502673) x12 0x00000000
core   0: 0x8000275a (0x00cd2023) sw      a2, 0(s10)
core   0: 3 0x8000275a (0x00cd2023) mem 0x8ffffffc 0x00000000
core   0: 0x8000275e (0x90000d37) lui     s10, 0x90000
core   0: 3 0x8000275e (0x90000d37) x26 0x90000000
core   0: 0x80002762 (0x00001d71) c.addi  s10, -4
core   0: 3 0x80002762 (0x1d71) x26 0x8ffffffc
core   0: 0x80002764 (0x00006605) c.lui   a2, 0x1
core   0: 3 0x80002764 (0x6605) x12 0x00001000
core   0: 0x80002766 (0xb0660613) addi    a2, a2, -1274
core   0: 3 0x80002766 (0xb0660613) x12 0x00000b06
core   0: 0x8000276a (0x00000622) c.slli  a2, 8
core   0: 3 0x8000276a (0x0622) x12 0x000b0600
core   0: 0x8000276c (0x0000060d) c.addi  a2, 3
core   0: 3 0x8000276c (0x060d) x12 0x000b0603
core   0: 0x8000276e (0x00cd2023) sw      a2, 0(s10)
core   0: 3 0x8000276e (0x00cd2023) mem 0x8ffffffc 0x000b0603
core   0: 0x80002772 (0xb0602673) csrr    a2, mhpmcounter6
core   0: 3 0x80002772 (0xb0602673) x12 0x00000221
core   0: 0x80002776 (0x00cd2023) sw      a2, 0(s10)
core   0: 3 0x80002776 (0x00cd2023) mem 0x8ffffffc 0x00000221
core   0: 0x8000277a (0x90000d37) lui     s10, 0x90000
core   0: 3 0x8000277a (0x90000d37) x26 0x90000000
core   0: 0x8000277e (0x00001d71) c.addi  s10, -4
core   0: 3 0x8000277e (0x1d71) x26 0x8ffffffc
core   0: 0x80002780 (0x00006605) c.lui   a2, 0x1
core   0: 3 0x80002780 (0x6605) x12 0x00001000
core   0: 0x80002782 (0xb8660613) addi    a2, a2, -1146
core   0: 3 0x80002782 (0xb8660613) x12 0x00000b86
core   0: 0x80002786 (0x00000622) c.slli  a2, 8
core   0: 3 0x80002786 (0x0622) x12 0x000b8600
core   0: 0x80002788 (0x0000060d) c.addi  a2, 3
core   0: 3 0x80002788 (0x060d) x12 0x000b8603
core   0: 0x8000278a (0x00cd2023) sw      a2, 0(s10)
core   0: 3 0x8000278a (0x00cd2023) mem 0x8ffffffc 0x000b8603
core   0: 0x8000278e (0xb8602673) csrr    a2, mhpmcounter6h
core   0: 3 0x8000278e (0xb8602673) x12 0x00000000
core   0: 0x80002792 (0x00cd2023) sw      a2, 0(s10)
core   0: 3 0x80002792 (0x00cd2023) mem 0x8ffffffc 0x00000000
core   0: 0x80002796 (0x90000d37) lui     s10, 0x90000
core   0: 3 0x80002796 (0x90000d37) x26 0x90000000
core   0: 0x8000279a (0x00001d71) c.addi  s10, -4
core   0: 3 0x8000279a (0x1d71) x26 0x8ffffffc
core   0: 0x8000279c (0x00006605) c.lui   a2, 0x1
core   0: 3 0x8000279c (0x6605) x12 0x00001000
core   0: 0x8000279e (0xb0760613) addi    a2, a2, -1273
core   0: 3 0x8000279e (0xb0760613) x12 0x00000b07
core   0: 0x800027a2 (0x00000622) c.slli  a2, 8
core   0: 3 0x800027a2 (0x0622) x12 0x000b0700
core   0: 0x800027a4 (0x0000060d) c.addi  a2, 3
core   0: 3 0x800027a4 (0x060d) x12 0x000b0703
core   0: 0x800027a6 (0x00cd2023) sw      a2, 0(s10)
core   0: 3 0x800027a6 (0x00cd2023) mem 0x8ffffffc 0x000b0703
core   0: 0x800027aa (0xb0702673) csrr    a2, mhpmcounter7
core   0: 3 0x800027aa (0xb0702673) x12 0x00000030
core   0: 0x800027ae (0x00cd2023) sw      a2, 0(s10)
core   0: 3 0x800027ae (0x00cd2023) mem 0x8ffffffc 0x00000030
core   0: 0x800027b2 (0x90000d37) lui     s10, 0x90000
core   0: 3 0x800027b2 (0x90000d37) x26 0x90000000
core   0: 0x800027b6 (0x00001d71) c.addi  s10, -4
core   0: 3 0x800027b6 (0x1d71) x26 0x8ffffffc
core   0: 0x800027b8 (0x00006605) c.lui   a2, 0x1
core   0: 3 0x800027b8 (0x6605) x12 0x00001000
core   0: 0x800027ba (0xb8760613) addi    a2, a2, -1145
core   0: 3 0x800027ba (0xb8760613) x12 0x00000b87
core   0: 0x800027be (0x00000622) c.slli  a2, 8
core   0: 3 0x800027be (0x0622) x12 0x000b8700
core   0: 0x800027c0 (0x0000060d) c.addi  a2, 3
core   0: 3 0x800027c0 (0x060d) x12 0x000b8703
core   0: 0x800027c2 (0x00cd2023) sw      a2, 0(s10)
core   0: 3 0x800027c2 (0x00cd2023) mem 0x8ffffffc 0x000b8703
core   0: 0x800027c6 (0xb8702673) csrr    a2, mhpmcounter7h
core   0: 3 0x800027c6 (0xb8702673) x12 0x00000000
core   0: 0x800027ca (0x00cd2023) sw      a2, 0(s10)
core   0: 3 0x800027ca (0x00cd2023) mem 0x8ffffffc 0x00000000
core   0: 0x800027ce (0x90000d37) lui     s10, 0x90000
core   0: 3 0x800027ce (0x90000d37) x26 0x90000000
core   0: 0x800027d2 (0x00001d71) c.addi  s10, -4
core   0: 3 0x800027d2 (0x1d71) x26 0x8ffffffc
core   0: 0x800027d4 (0x00006605) c.lui   a2, 0x1
core   0: 3 0x800027d4 (0x6605) x12 0x00001000
core   0: 0x800027d6 (0xb0860613) addi    a2, a2, -1272
core   0: 3 0x800027d6 (0xb0860613) x12 0x00000b08
core   0: 0x800027da (0x00000622) c.slli  a2, 8
core   0: 3 0x800027da (0x0622) x12 0x000b0800
core   0: 0x800027dc (0x0000060d) c.addi  a2, 3
core   0: 3 0x800027dc (0x060d) x12 0x000b0803
core   0: 0x800027de (0x00cd2023) sw      a2, 0(s10)
core   0: 3 0x800027de (0x00cd2023) mem 0x8ffffffc 0x000b0803
core   0: 0x800027e2 (0xb0802673) csrr    a2, mhpmcounter8
core   0: 3 0x800027e2 (0xb0802673) x12 0x000000f4
core   0: 0x800027e6 (0x00cd2023) sw      a2, 0(s10)
core   0: 3 0x800027e6 (0x00cd2023) mem 0x8ffffffc 0x000000f4
core   0: 0x800027ea (0x90000d37) lui     s10, 0x90000
core   0: 3 0x800027ea (0x90000d37) x26 0x90000000
core   0: 0x800027ee (0x00001d71) c.addi  s10, -4
core   0: 3 0x800027ee (0x1d71) x26 0x8ffffffc
core   0: 0x800027f0 (0x00006605) c.lui   a2, 0x1
core   0: 3 0x800027f0 (0x6605) x12 0x00001000
core   0: 0x800027f2 (0xb8860613) addi    a2, a2, -1144
core   0: 3 0x800027f2 (0xb8860613) x12 0x00000b88
core   0: 0x800027f6 (0x00000622) c.slli  a2, 8
core   0: 3 0x800027f6 (0x0622) x12 0x000b8800
core   0: 0x800027f8 (0x0000060d) c.addi  a2, 3
core   0: 3 0x800027f8 (0x060d) x12 0x000b8803
core   0: 0x800027fa (0x00cd2023) sw      a2, 0(s10)
core   0: 3 0x800027fa (0x00cd2023) mem 0x8ffffffc 0x000b8803
core   0: 0x800027fe (0xb8802673) csrr    a2, mhpmcounter8h
core   0: 3 0x800027fe (0xb8802673) x12 0x00000000
core   0: 0x80002802 (0x00cd2023) sw      a2, 0(s10)
core   0: 3 0x80002802 (0x00cd2023) mem 0x8ffffffc 0x00000000
core   0: 0x80002806 (0x90000d37) lui     s10, 0x90000
core   0: 3 0x80002806 (0x90000d37) x26 0x90000000
core   0: 0x8000280a (0x00001d71) c.addi  s10, -4
core   0: 3 0x8000280a (0x1d71) x26 0x8ffffffc
core   0: 0x8000280c (0x00006605) c.lui   a2, 0x1
core   0: 3 0x8000280c (0x6605) x12 0x00001000
core   0: 0x8000280e (0xb0960613) addi    a2, a2, -1271
core   0: 3 0x8000280e (0xb0960613) x12 0x00000b09
core   0: 0x80002812 (0x00000622) c.slli  a2, 8
core   0: 3 0x80002812 (0x0622) x12 0x000b0900
core   0: 0x80002814 (0x0000060d) c.addi  a2, 3
core   0: 3 0x80002814 (0x060d) x12 0x000b0903
core   0: 0x80002816 (0x00cd2023) sw      a2, 0(s10)
core   0: 3 0x80002816 (0x00cd2023) mem 0x8ffffffc 0x000b0903
core   0: 0x8000281a (0xb0902673) csrr    a2, mhpmcounter9
core   0: 3 0x8000281a (0xb0902673) x12 0x00000044
core   0: 0x8000281e (0x00cd2023) sw      a2, 0(s10)
core   0: 3 0x8000281e (0x00cd2023) mem 0x8ffffffc 0x00000044
core   0: 0x80002822 (0x90000d37) lui     s10, 0x90000
core   0: 3 0x80002822 (0x90000d37) x26 0x90000000
core   0: 0x80002826 (0x00001d71) c.addi  s10, -4
core   0: 3 0x80002826 (0x1d71) x26 0x8ffffffc
core   0: 0x80002828 (0x00006605) c.lui   a2, 0x1
core   0: 3 0x80002828 (0x6605) x12 0x00001000
core   0: 0x8000282a (0xb8960613) addi    a2, a2, -1143
core   0: 3 0x8000282a (0xb8960613) x12 0x00000b89
core   0: 0x8000282e (0x00000622) c.slli  a2, 8
core   0: 3 0x8000282e (0x0622) x12 0x000b8900
core   0: 0x80002830 (0x0000060d) c.addi  a2, 3
core   0: 3 0x80002830 (0x060d) x12 0x000b8903
core   0: 0x80002832 (0x00cd2023) sw      a2, 0(s10)
core   0: 3 0x80002832 (0x00cd2023) mem 0x8ffffffc 0x000b8903
core   0: 0x80002836 (0xb8902673) csrr    a2, mhpmcounter9h
core   0: 3 0x80002836 (0xb8902673) x12 0x00000000
core   0: 0x8000283a (0x00cd2023) sw      a2, 0(s10)
core   0: 3 0x8000283a (0x00cd2023) mem 0x8ffffffc 0x00000000
core   0: 0x8000283e (0x90000d37) lui     s10, 0x90000
core   0: 3 0x8000283e (0x90000d37) x26 0x90000000
core   0: 0x80002842 (0x00001d71) c.addi  s10, -4
core   0: 3 0x80002842 (0x1d71) x26 0x8ffffffc
core   0: 0x80002844 (0x00006605) c.lui   a2, 0x1
core   0: 3 0x80002844 (0x6605) x12 0x00001000
core   0: 0x80002846 (0xb0a60613) addi    a2, a2, -1270
core   0: 3 0x80002846 (0xb0a60613) x12 0x00000b0a
core   0: 0x8000284a (0x00000622) c.slli  a2, 8
core   0: 3 0x8000284a (0x0622) x12 0x000b0a00
core   0: 0x8000284c (0x0000060d) c.addi  a2, 3
core   0: 3 0x8000284c (0x060d) x12 0x000b0a03
core   0: 0x8000284e (0x00cd2023) sw      a2, 0(s10)
core   0: 3 0x8000284e (0x00cd2023) mem 0x8ffffffc 0x000b0a03
core   0: 0x80002852 (0xb0a02673) csrr    a2, mhpmcounter10
core   0: 3 0x80002852 (0xb0a02673) x12 0x0000036d
core   0: 0x80002856 (0x00cd2023) sw      a2, 0(s10)
core   0: 3 0x80002856 (0x00cd2023) mem 0x8ffffffc 0x0000036d
core   0: 0x8000285a (0x90000d37) lui     s10, 0x90000
core   0: 3 0x8000285a (0x90000d37) x26 0x90000000
core   0: 0x8000285e (0x00001d71) c.addi  s10, -4
core   0: 3 0x8000285e (0x1d71) x26 0x8ffffffc
core   0: 0x80002860 (0x00006605) c.lui   a2, 0x1
core   0: 3 0x80002860 (0x6605) x12 0x00001000
core   0: 0x80002862 (0xb8a60613) addi    a2, a2, -1142
core   0: 3 0x80002862 (0xb8a60613) x12 0x00000b8a
core   0: 0x80002866 (0x00000622) c.slli  a2, 8
core   0: 3 0x80002866 (0x0622) x12 0x000b8a00
core   0: 0x80002868 (0x0000060d) c.addi  a2, 3
core   0: 3 0x80002868 (0x060d) x12 0x000b8a03
core   0: 0x8000286a (0x00cd2023) sw      a2, 0(s10)
core   0: 3 0x8000286a (0x00cd2023) mem 0x8ffffffc 0x000b8a03
core   0: 0x8000286e (0xb8a02673) csrr    a2, mhpmcounter10h
core   0: 3 0x8000286e (0xb8a02673) x12 0x00000000
core   0: 0x80002872 (0x00cd2023) sw      a2, 0(s10)
core   0: 3 0x80002872 (0x00cd2023) mem 0x8ffffffc 0x00000000
core   0: 0x80002876 (0x90000d37) lui     s10, 0x90000
core   0: 3 0x80002876 (0x90000d37) x26 0x90000000
core   0: 0x8000287a (0x00001d71) c.addi  s10, -4
core   0: 3 0x8000287a (0x1d71) x26 0x8ffffffc
core   0: 0x8000287c (0x00006605) c.lui   a2, 0x1
core   0: 3 0x8000287c (0x6605) x12 0x00001000
core   0: 0x8000287e (0xb0b60613) addi    a2, a2, -1269
core   0: 3 0x8000287e (0xb0b60613) x12 0x00000b0b
core   0: 0x80002882 (0x00000622) c.slli  a2, 8
core   0: 3 0x80002882 (0x0622) x12 0x000b0b00
core   0: 0x80002884 (0x0000060d) c.addi  a2, 3
core   0: 3 0x80002884 (0x060d) x12 0x000b0b03
core   0: 0x80002886 (0x00cd2023) sw      a2, 0(s10)
core   0: 3 0x80002886 (0x00cd2023) mem 0x8ffffffc 0x000b0b03
core   0: 0x8000288a (0xb0b02673) csrr    a2, mhpmcounter11
core   0: 3 0x8000288a (0xb0b02673) x12 0x00000090
core   0: 0x8000288e (0x00cd2023) sw      a2, 0(s10)
core   0: 3 0x8000288e (0x00cd2023) mem 0x8ffffffc 0x00000090
core   0: 0x80002892 (0x90000d37) lui     s10, 0x90000
core   0: 3 0x80002892 (0x90000d37) x26 0x90000000
core   0: 0x80002896 (0x00001d71) c.addi  s10, -4
core   0: 3 0x80002896 (0x1d71) x26 0x8ffffffc
core   0: 0x80002898 (0x00006605) c.lui   a2, 0x1
core   0: 3 0x80002898 (0x6605) x12 0x00001000
core   0: 0x8000289a (0xb8b60613) addi    a2, a2, -1141
core   0: 3 0x8000289a (0xb8b60613) x12 0x00000b8b
core   0: 0x8000289e (0x00000622) c.slli  a2, 8
core   0: 3 0x8000289e (0x0622) x12 0x000b8b00
core   0: 0x800028a0 (0x0000060d) c.addi  a2, 3
core   0: 3 0x800028a0 (0x060d) x12 0x000b8b03
core   0: 0x800028a2 (0x00cd2023) sw      a2, 0(s10)
core   0: 3 0x800028a2 (0x00cd2023) mem 0x8ffffffc 0x000b8b03
core   0: 0x800028a6 (0xb8b02673) csrr    a2, mhpmcounter11h
core   0: 3 0x800028a6 (0xb8b02673) x12 0x00000000
core   0: 0x800028aa (0x00cd2023) sw      a2, 0(s10)
core   0: 3 0x800028aa (0x00cd2023) mem 0x8ffffffc 0x00000000
core   0: 0x800028ae (0x90000d37) lui     s10, 0x90000
core   0: 3 0x800028ae (0x90000d37) x26 0x90000000
core   0: 0x800028b2 (0x00001d71) c.addi  s10, -4
core   0: 3 0x800028b2 (0x1d71) x26 0x8ffffffc
core   0: 0x800028b4 (0x00006605) c.lui   a2, 0x1
core   0: 3 0x800028b4 (0x6605) x12 0x00001000
core   0: 0x800028b6 (0xb0c60613) addi    a2, a2, -1268
core   0: 3 0x800028b6 (0xb0c60613) x12 0x00000b0c
core   0: 0x800028ba (0x00000622) c.slli  a2, 8
core   0: 3 0x800028ba (0x0622) x12 0x000b0c00
core   0: 0x800028bc (0x0000060d) c.addi  a2, 3
core   0: 3 0x800028bc (0x060d) x12 0x000b0c03
core   0: 0x800028be (0x00cd2023) sw      a2, 0(s10)
core   0: 3 0x800028be (0x00cd2023) mem 0x8ffffffc 0x000b0c03
core   0: 0x800028c2 (0xb0c02673) csrr    a2, mhpmcounter12
core   0: 3 0x800028c2 (0xb0c02673) x12 0x0000037d
core   0: 0x800028c6 (0x00cd2023) sw      a2, 0(s10)
core   0: 3 0x800028c6 (0x00cd2023) mem 0x8ffffffc 0x0000037d
core   0: 0x800028ca (0x90000d37) lui     s10, 0x90000
core   0: 3 0x800028ca (0x90000d37) x26 0x90000000
core   0: 0x800028ce (0x00001d71) c.addi  s10, -4
core   0: 3 0x800028ce (0x1d71) x26 0x8ffffffc
core   0: 0x800028d0 (0x00006605) c.lui   a2, 0x1
core   0: 3 0x800028d0 (0x6605) x12 0x00001000
core   0: 0x800028d2 (0xb8c60613) addi    a2, a2, -1140
core   0: 3 0x800028d2 (0xb8c60613) x12 0x00000b8c
core   0: 0x800028d6 (0x00000622) c.slli  a2, 8
core   0: 3 0x800028d6 (0x0622) x12 0x000b8c00
core   0: 0x800028d8 (0x0000060d) c.addi  a2, 3
core   0: 3 0x800028d8 (0x060d) x12 0x000b8c03
core   0: 0x800028da (0x00cd2023) sw      a2, 0(s10)
core   0: 3 0x800028da (0x00cd2023) mem 0x8ffffffc 0x000b8c03
core   0: 0x800028de (0xb8c02673) csrr    a2, mhpmcounter12h
core   0: 3 0x800028de (0xb8c02673) x12 0x00000000
core   0: 0x800028e2 (0x00cd2023) sw      a2, 0(s10)
core   0: 3 0x800028e2 (0x00cd2023) mem 0x8ffffffc 0x00000000
core   0: 0x800028e6 (0xffffd617) auipc   a2, 0xffffd
core   0: 3 0x800028e6 (0xffffd617) x12 0x7ffff8e6
core   0: 0x800028ea (0x79a60613) addi    a2, a2, 1946
core   0: 3 0x800028ea (0x79a60613) x12 0x80000080
core   0: 0x800028ee (0x00062023) sw      zero, 0(a2)
core   0: 3 0x800028ee (0x00062023) mem 0x80000080 0x00000000
core   0: 0x800028f2 (0x00162223) sw      ra, 4(a2)
core   0: 3 0x800028f2 (0x00162223) mem 0x80000084 0xd10d8000
core   0: 0x800028f6 (0x00262423) sw      sp, 8(a2)
core   0: 3 0x800028f6 (0x00262423) mem 0x80000088 0xf924c048
core   0: 0x800028fa (0x00362623) sw      gp, 12(a2)
core   0: 3 0x800028fa (0x00362623) mem 0x8000008c 0x00000000
core   0: 0x800028fe (0x00462823) sw      tp, 16(a2)
core   0: 3 0x800028fe (0x00462823) mem 0x80000090 0x00000000
core   0: 0x80002902 (0x00562a23) sw      t0, 20(a2)
core   0: 3 0x80002902 (0x00562a23) mem 0x80000094 0x800407f0
core   0: 0x80002906 (0x00662c23) sw      t1, 24(a2)
core   0: 3 0x80002906 (0x00662c23) mem 0x80000098 0x00000000
core   0: 0x8000290a (0x00762e23) sw      t2, 28(a2)
core   0: 3 0x8000290a (0x00762e23) mem 0x8000009c 0x00000048
core   0: 0x8000290e (0x0000d200) c.sw    s0, 32(a2)
core   0: 3 0x8000290e (0xd200) mem 0x800000a0 0x00000000
core   0: 0x80002910 (0x0000d244) c.sw    s1, 36(a2)
core   0: 3 0x80002910 (0xd244) mem 0x800000a4 0x8004bbdc
core   0: 0x80002912 (0x0000d608) c.sw    a0, 40(a2)
core   0: 3 0x80002912 (0xd608) mem 0x800000a8 0x00000000
core   0: 0x80002914 (0x0000d64c) c.sw    a1, 44(a2)
core   0: 3 0x80002914 (0xd64c) mem 0x800000ac 0x3e492e28
core   0: 0x80002916 (0x0000da10) c.sw    a2, 48(a2)
core   0: 3 0x80002916 (0xda10) mem 0x800000b0 0x80000080
core   0: 0x80002918 (0x0000da54) c.sw    a3, 52(a2)
core   0: 3 0x80002918 (0xda54) mem 0x800000b4 0xffffffff
core   0: 0x8000291a (0x0000de18) c.sw    a4, 56(a2)
core   0: 3 0x8000291a (0xde18) mem 0x800000b8 0x80040893
core   0: 0x8000291c (0x0000de5c) c.sw    a5, 60(a2)
core   0: 3 0x8000291c (0xde5c) mem 0x800000bc 0x00000000
core   0: 0x8000291e (0x05062023) sw      a6, 64(a2)
core   0: 3 0x8000291e (0x05062023) mem 0x800000c0 0x00000000
core   0: 0x80002922 (0x05162223) sw      a7, 68(a2)
core   0: 3 0x80002922 (0x05162223) mem 0x800000c4 0x00000000
core   0: 0x80002926 (0x05262423) sw      s2, 72(a2)
core   0: 3 0x80002926 (0x05262423) mem 0x800000c8 0x00000000
core   0: 0x8000292a (0x05362623) sw      s3, 76(a2)
core   0: 3 0x8000292a (0x05362623) mem 0x800000cc 0x00000000
core   0: 0x8000292e (0x05462823) sw      s4, 80(a2)
core   0: 3 0x8000292e (0x05462823) mem 0x800000d0 0x00000000
core   0: 0x80002932 (0x05562a23) sw      s5, 84(a2)
core   0: 3 0x80002932 (0x05562a23) mem 0x800000d4 0x80032910
core   0: 0x80002936 (0x05662c23) sw      s6, 88(a2)
core   0: 3 0x80002936 (0x05662c23) mem 0x800000d8 0x20000c8c
core   0: 0x8000293a (0x05762e23) sw      s7, 92(a2)
core   0: 3 0x8000293a (0x05762e23) mem 0x800000dc 0x00000000
core   0: 0x8000293e (0x07862023) sw      s8, 96(a2)
core   0: 3 0x8000293e (0x07862023) mem 0x800000e0 0x00000000
core   0: 0x80002942 (0x07962223) sw      s9, 100(a2)
core   0: 3 0x80002942 (0x07962223) mem 0x800000e4 0x00000000
core   0: 0x80002946 (0x07a62423) sw      s10, 104(a2)
core   0: 3 0x80002946 (0x07a62423) mem 0x800000e8 0x8ffffffc
core   0: 0x8000294a (0x07b62623) sw      s11, 108(a2)
core   0: 3 0x8000294a (0x07b62623) mem 0x800000ec 0x00000000
core   0: 0x8000294e (0x07c62823) sw      t3, 112(a2)
core   0: 3 0x8000294e (0x07c62823) mem 0x800000f0 0x0000000f
core   0: 0x80002952 (0x07d62a23) sw      t4, 116(a2)
core   0: 3 0x80002952 (0x07d62a23) mem 0x800000f4 0x00000010
core   0: 0x80002956 (0x07e62c23) sw      t5, 120(a2)
core   0: 3 0x80002956 (0x07e62c23) mem 0x800000f8 0x8004bbdc
core   0: 0x8000295a (0x07f62e23) sw      t6, 124(a2)
core   0: 3 0x8000295a (0x07f62e23) mem 0x800000fc 0x0f0f0f0f
core   0: 0x8000295e (0x34102673) csrr    a2, mepc
core   0: 3 0x8000295e (0x34102673) x12 0x8000036e
core   0: 0x80002962 (0x00000611) c.addi  a2, 4
core   0: 3 0x80002962 (0x0611) x12 0x80000372
core   0: 0x80002964 (0x34161073) csrw    mepc, a2
core   0: 3 0x80002964 (0x34161073) c833_mepc 0x80000372
core   0: 0x80002968 (0x30200073) mret
core   0: 3 0x80002968 (0x30200073) c768_mstatus 0x00000080
core   0: 0x80000372 (0x90000d37) lui     s10, 0x90000
core   0: 3 0x80000372 (0x90000d37) x26 0x90000000
core   0: 0x80000376 (0x00001d61) c.addi  s10, -8
core   0: 3 0x80000376 (0x1d61) x26 0x8ffffff8
core   0: 0x80000378 (0x00004605) c.li    a2, 1
core   0: 3 0x80000378 (0x4605) x12 0x00000001
core   0: 0x8000037a (0x00000622) c.slli  a2, 8
core   0: 3 0x8000037a (0x0622) x12 0x00000100
core   0: 0x8000037c (0x00000605) c.addi  a2, 1
core   0: 3 0x8000037c (0x0605) x12 0x00000101
core   0: 0x8000037e (0x00cd2023) sw      a2, 0(s10)
core   0: 3 0x8000037e (0x00cd2023) mem 0x8ffffff8 0x00000101
core   0: 0x80000382 (0x00000073) ecall
core   0: exception trap_machine_ecall, epc 0x80000382
core   0: 0x80002500 (0x0800006f) j       pc + 0x80
core   0: 3 0x80002500 (0x0800006f)
core   0: 0x80002580 (0x00001f71) c.addi  t5, -4
core   0: 3 0x80002580 (0x1f71) x30 0x8004bbd8
core   0: 0x80002582 (0x009f2023) sw      s1, 0(t5)
core   0: 3 0x80002582 (0x009f2023) mem 0x8004bbd8 0x8004bbdc
core   0: 0x80002586 (0x000f04b3) add     s1, t5, zero
core   0: 3 0x80002586 (0x000f04b3) x9  0x8004bbd8
core   0: 0x8000258a (0xf8048493) addi    s1, s1, -128
core   0: 3 0x8000258a (0xf8048493) x9  0x8004bb58
core   0: 0x8000258e (0x0014a223) sw      ra, 4(s1)
core   0: 3 0x8000258e (0x0014a223) mem 0x8004bb5c 0xd10d8000
core   0: 0x80002592 (0x0024a423) sw      sp, 8(s1)
core   0: 3 0x80002592 (0x0024a423) mem 0x8004bb60 0xf924c048
core   0: 0x80002596 (0x0034a623) sw      gp, 12(s1)
core   0: 3 0x80002596 (0x0034a623) mem 0x8004bb64 0x00000000
core   0: 0x8000259a (0x0044a823) sw      tp, 16(s1)
core   0: 3 0x8000259a (0x0044a823) mem 0x8004bb68 0x00000000
core   0: 0x8000259e (0x0054aa23) sw      t0, 20(s1)
core   0: 3 0x8000259e (0x0054aa23) mem 0x8004bb6c 0x800407f0
core   0: 0x800025a2 (0x0064ac23) sw      t1, 24(s1)
core   0: 3 0x800025a2 (0x0064ac23) mem 0x8004bb70 0x00000000
core   0: 0x800025a6 (0x0074ae23) sw      t2, 28(s1)
core   0: 3 0x800025a6 (0x0074ae23) mem 0x8004bb74 0x00000048
