Time	Cycle	PC	Insn	Decoded instruction	Register and memory contents
        1055000	         6	80000080	40001637	lui	x12,0x40001	 x12=0x40001000
        1065000	         7	80000084	10660613	addi	x12,x12,262	 x12:0x40001000 x12=0x40001106
        1075000	         8	80000088	30161073	csrrw	x0,misa,x12	 x12:0x40001106  x0=0x00000000
        1105000	        11	8000008c	0004cf17	auipc	x30,0x4c	 x30=0x8004c08c
        1115000	        12	80000090	c58f0f13	addi	x30,x30,-936	 x30:0x8004c08c x30=0x8004bce4
        1125000	        13	80000094	00002617	auipc	x12,0x2	 x12=0x80002094
        1135000	        14	80000098	46c60613	addi	x12,x12,1132	 x12:0x80002094 x12=0x80002500
        1145000	        15	8000009c	00166613	ori	x12,x12,1	 x12:0x80002500 x12=0x80002501
        1155000	        16	800000a0	30561073	csrrw	x0,mtvec,x12	 x12:0x80002501  x0=0x00000000
        1185000	        19	800000a4	74725073	csrrwi	x0,0x747,4	  x0=0x00000000
        1215000	        22	800000a8	00003597	auipc	x11,0x3	 x11=0x800030a8
        1225000	        23	800000ac	18c58593	addi	x11,x11,396	 x11:0x800030a8 x11=0x80003234
        1235000	        24	800000b0	4601	c.li	x12,0	 x12=0x00000000
        1245000	        25	800000b2	95b2	c.add	x11,x12	 x11:0x80003234 x12:0x00000000 x11=0x80003234
        1255000	        26	800000b4	8189	c.srli	x11,0x2	 x11:0x80003234 x11=0x20000c8d
        1265000	        27	800000b6	3b059073	csrrw	x0,pmpaddr0,x11	 x11:0x20000c8d  x0=0x00000000
        1295000	        30	800000ba	00003597	auipc	x11,0x3	 x11=0x800030ba
        1305000	        31	800000be	17a58593	addi	x11,x11,378	 x11:0x800030ba x11=0x80003234
        1315000	        32	800000c2	11111637	lui	x12,0x11111	 x12=0x11111000
        1325000	        33	800000c6	11160613	addi	x12,x12,273	 x12:0x11111000 x12=0x11111111
        1335000	        34	800000ca	95b2	c.add	x11,x12	 x11:0x80003234 x12:0x11111111 x11=0x91114345
        1345000	        35	800000cc	8189	c.srli	x11,0x2	 x11:0x91114345 x11=0x244450d1
        1355000	        36	800000ce	3b159073	csrrw	x0,pmpaddr1,x11	 x11:0x244450d1  x0=0x00000000
        1385000	        39	800000d2	00003597	auipc	x11,0x3	 x11=0x800030d2
        1395000	        40	800000d6	16258593	addi	x11,x11,354	 x11:0x800030d2 x11=0x80003234
        1405000	        41	800000da	22222637	lui	x12,0x22222	 x12=0x22222000
        1415000	        42	800000de	22260613	addi	x12,x12,546	 x12:0x22222000 x12=0x22222222
        1425000	        43	800000e2	95b2	c.add	x11,x12	 x11:0x80003234 x12:0x22222222 x11=0xa2225456
        1435000	        44	800000e4	8189	c.srli	x11,0x2	 x11:0xa2225456 x11=0x28889515
        1445000	        45	800000e6	3b259073	csrrw	x0,pmpaddr2,x11	 x11:0x28889515  x0=0x00000000
        1475000	        48	800000ea	00003597	auipc	x11,0x3	 x11=0x800030ea
        1485000	        49	800000ee	14a58593	addi	x11,x11,330	 x11:0x800030ea x11=0x80003234
        1495000	        50	800000f2	33333637	lui	x12,0x33333	 x12=0x33333000
        1505000	        51	800000f6	33360613	addi	x12,x12,819	 x12:0x33333000 x12=0x33333333
        1515000	        52	800000fa	95b2	c.add	x11,x12	 x11:0x80003234 x12:0x33333333 x11=0xb3336567
        1525000	        53	800000fc	8189	c.srli	x11,0x2	 x11:0xb3336567 x11=0x2cccd959
        1535000	        54	800000fe	3b359073	csrrw	x0,pmpaddr3,x11	 x11:0x2cccd959  x0=0x00000000
        1565000	        57	80000102	0f0f15b7	lui	x11,0xf0f1	 x11=0x0f0f1000
        1575000	        58	80000106	f0f58593	addi	x11,x11,-241	 x11:0x0f0f1000 x11=0x0f0f0f0f
        1585000	        59	8000010a	3a059073	csrrw	x0,pmpcfg0,x11	 x11:0x0f0f0f0f  x0=0x00000000
        1615000	        62	8000010e	00003597	auipc	x11,0x3	 x11=0x8000310e
        1625000	        63	80000112	12658593	addi	x11,x11,294	 x11:0x8000310e x11=0x80003234
        1635000	        64	80000116	44444637	lui	x12,0x44444	 x12=0x44444000
        1645000	        65	8000011a	44460613	addi	x12,x12,1092	 x12:0x44444000 x12=0x44444444
        1655000	        66	8000011e	95b2	c.add	x11,x12	 x11:0x80003234 x12:0x44444444 x11=0xc4447678
        1665000	        67	80000120	8189	c.srli	x11,0x2	 x11:0xc4447678 x11=0x31111d9e
        1675000	        68	80000122	3b459073	csrrw	x0,pmpaddr4,x11	 x11:0x31111d9e  x0=0x00000000
        1705000	        71	80000126	00003597	auipc	x11,0x3	 x11=0x80003126
        1715000	        72	8000012a	10e58593	addi	x11,x11,270	 x11:0x80003126 x11=0x80003234
        1725000	        73	8000012e	55555637	lui	x12,0x55555	 x12=0x55555000
        1735000	        74	80000132	55560613	addi	x12,x12,1365	 x12:0x55555000 x12=0x55555555
        1745000	        75	80000136	95b2	c.add	x11,x12	 x11:0x80003234 x12:0x55555555 x11=0xd5558789
        1755000	        76	80000138	8189	c.srli	x11,0x2	 x11:0xd5558789 x11=0x355561e2
        1765000	        77	8000013a	3b559073	csrrw	x0,pmpaddr5,x11	 x11:0x355561e2  x0=0x00000000
        1795000	        80	8000013e	00003597	auipc	x11,0x3	 x11=0x8000313e
        1805000	        81	80000142	0f658593	addi	x11,x11,246	 x11:0x8000313e x11=0x80003234
        1815000	        82	80000146	66666637	lui	x12,0x66666	 x12=0x66666000
        1825000	        83	8000014a	66660613	addi	x12,x12,1638	 x12:0x66666000 x12=0x66666666
        1835000	        84	8000014e	95b2	c.add	x11,x12	 x11:0x80003234 x12:0x66666666 x11=0xe666989a
        1845000	        85	80000150	8189	c.srli	x11,0x2	 x11:0xe666989a x11=0x3999a626
        1855000	        86	80000152	3b659073	csrrw	x0,pmpaddr6,x11	 x11:0x3999a626  x0=0x00000000
        1885000	        89	80000156	00003597	auipc	x11,0x3	 x11=0x80003156
        1895000	        90	8000015a	0de58593	addi	x11,x11,222	 x11:0x80003156 x11=0x80003234
        1905000	        91	8000015e	77777637	lui	x12,0x77777	 x12=0x77777000
        1915000	        92	80000162	77760613	addi	x12,x12,1911	 x12:0x77777000 x12=0x77777777
        1925000	        93	80000166	95b2	c.add	x11,x12	 x11:0x80003234 x12:0x77777777 x11=0xf777a9ab
        1935000	        94	80000168	8189	c.srli	x11,0x2	 x11:0xf777a9ab x11=0x3dddea6a
        1945000	        95	8000016a	3b759073	csrrw	x0,pmpaddr7,x11	 x11:0x3dddea6a  x0=0x00000000
        1975000	        98	8000016e	0f0f15b7	lui	x11,0xf0f1	 x11=0x0f0f1000
        1985000	        99	80000172	f0f58593	addi	x11,x11,-241	 x11:0x0f0f1000 x11=0x0f0f0f0f
        1995000	       100	80000176	3a159073	csrrw	x0,pmpcfg1,x11	 x11:0x0f0f0f0f  x0=0x00000000
        2025000	       103	8000017a	00003597	auipc	x11,0x3	 x11=0x8000317a
        2035000	       104	8000017e	0ba58593	addi	x11,x11,186	 x11:0x8000317a x11=0x80003234
        2045000	       105	80000182	88889637	lui	x12,0x88889	 x12=0x88889000
        2055000	       106	80000186	88860613	addi	x12,x12,-1912	 x12:0x88889000 x12=0x88888888
        2065000	       107	8000018a	95b2	c.add	x11,x12	 x11:0x80003234 x12:0x88888888 x11=0x0888babc
        2075000	       108	8000018c	8189	c.srli	x11,0x2	 x11:0x0888babc x11=0x02222eaf
        2085000	       109	8000018e	3b859073	csrrw	x0,pmpaddr8,x11	 x11:0x02222eaf  x0=0x00000000
        2115000	       112	80000192	00003597	auipc	x11,0x3	 x11=0x80003192
        2125000	       113	80000196	0a258593	addi	x11,x11,162	 x11:0x80003192 x11=0x80003234
        2135000	       114	8000019a	9999a637	lui	x12,0x9999a	 x12=0x9999a000
        2145000	       115	8000019e	99960613	addi	x12,x12,-1639	 x12:0x9999a000 x12=0x99999999
        2155000	       116	800001a2	95b2	c.add	x11,x12	 x11:0x80003234 x12:0x99999999 x11=0x1999cbcd
        2165000	       117	800001a4	8189	c.srli	x11,0x2	 x11:0x1999cbcd x11=0x066672f3
        2175000	       118	800001a6	3b959073	csrrw	x0,pmpaddr9,x11	 x11:0x066672f3  x0=0x00000000
        2205000	       121	800001aa	00003597	auipc	x11,0x3	 x11=0x800031aa
        2215000	       122	800001ae	08a58593	addi	x11,x11,138	 x11:0x800031aa x11=0x80003234
        2225000	       123	800001b2	aaaab637	lui	x12,0xaaaab	 x12=0xaaaab000
        2235000	       124	800001b6	aaa60613	addi	x12,x12,-1366	 x12:0xaaaab000 x12=0xaaaaaaaa
        2245000	       125	800001ba	95b2	c.add	x11,x12	 x11:0x80003234 x12:0xaaaaaaaa x11=0x2aaadcde
        2255000	       126	800001bc	8189	c.srli	x11,0x2	 x11:0x2aaadcde x11=0x0aaab737
        2265000	       127	800001be	3ba59073	csrrw	x0,pmpaddr10,x11	 x11:0x0aaab737  x0=0x00000000
        2295000	       130	800001c2	00003597	auipc	x11,0x3	 x11=0x800031c2
        2305000	       131	800001c6	07258593	addi	x11,x11,114	 x11:0x800031c2 x11=0x80003234
        2315000	       132	800001ca	bbbbc637	lui	x12,0xbbbbc	 x12=0xbbbbc000
        2325000	       133	800001ce	bbb60613	addi	x12,x12,-1093	 x12:0xbbbbc000 x12=0xbbbbbbbb
        2335000	       134	800001d2	95b2	c.add	x11,x12	 x11:0x80003234 x12:0xbbbbbbbb x11=0x3bbbedef
        2345000	       135	800001d4	8189	c.srli	x11,0x2	 x11:0x3bbbedef x11=0x0eeefb7b
        2355000	       136	800001d6	3bb59073	csrrw	x0,pmpaddr11,x11	 x11:0x0eeefb7b  x0=0x00000000
        2385000	       139	800001da	0f0f15b7	lui	x11,0xf0f1	 x11=0x0f0f1000
        2395000	       140	800001de	f0f58593	addi	x11,x11,-241	 x11:0x0f0f1000 x11=0x0f0f0f0f
        2405000	       141	800001e2	3a259073	csrrw	x0,pmpcfg2,x11	 x11:0x0f0f0f0f  x0=0x00000000
        2435000	       144	800001e6	00003597	auipc	x11,0x3	 x11=0x800031e6
        2445000	       145	800001ea	04e58593	addi	x11,x11,78	 x11:0x800031e6 x11=0x80003234
        2455000	       146	800001ee	ccccd637	lui	x12,0xccccd	 x12=0xccccd000
        2465000	       147	800001f2	ccc60613	addi	x12,x12,-820	 x12:0xccccd000 x12=0xcccccccc
        2475000	       148	800001f6	95b2	c.add	x11,x12	 x11:0x80003234 x12:0xcccccccc x11=0x4cccff00
        2485000	       149	800001f8	8189	c.srli	x11,0x2	 x11:0x4cccff00 x11=0x13333fc0
        2495000	       150	800001fa	3bc59073	csrrw	x0,pmpaddr12,x11	 x11:0x13333fc0  x0=0x00000000
        2525000	       153	800001fe	00003597	auipc	x11,0x3	 x11=0x800031fe
        2535000	       154	80000202	03658593	addi	x11,x11,54	 x11:0x800031fe x11=0x80003234
        2545000	       155	80000206	dddde637	lui	x12,0xdddde	 x12=0xdddde000
        2555000	       156	8000020a	ddd60613	addi	x12,x12,-547	 x12:0xdddde000 x12=0xdddddddd
        2565000	       157	8000020e	95b2	c.add	x11,x12	 x11:0x80003234 x12:0xdddddddd x11=0x5dde1011
        2575000	       158	80000210	8189	c.srli	x11,0x2	 x11:0x5dde1011 x11=0x17778404
        2585000	       159	80000212	3bd59073	csrrw	x0,pmpaddr13,x11	 x11:0x17778404  x0=0x00000000
        2615000	       162	80000216	00003597	auipc	x11,0x3	 x11=0x80003216
        2625000	       163	8000021a	01e58593	addi	x11,x11,30	 x11:0x80003216 x11=0x80003234
        2635000	       164	8000021e	eeeef637	lui	x12,0xeeeef	 x12=0xeeeef000
        2645000	       165	80000222	eee60613	addi	x12,x12,-274	 x12:0xeeeef000 x12=0xeeeeeeee
        2655000	       166	80000226	95b2	c.add	x11,x12	 x11:0x80003234 x12:0xeeeeeeee x11=0x6eef2122
        2665000	       167	80000228	8189	c.srli	x11,0x2	 x11:0x6eef2122 x11=0x1bbbc848
        2675000	       168	8000022a	3be59073	csrrw	x0,pmpaddr14,x11	 x11:0x1bbbc848  x0=0x00000000
        2705000	       171	8000022e	00003597	auipc	x11,0x3	 x11=0x8000322e
        2715000	       172	80000232	00658593	addi	x11,x11,6	 x11:0x8000322e x11=0x80003234
        2725000	       173	80000236	fff00613	addi	x12,x0,-1	  x0:0x00000000 x12=0xffffffff
        2735000	       174	8000023a	95b2	c.add	x11,x12	 x11:0x80003234 x12:0xffffffff x11=0x80003233
        2745000	       175	8000023c	8189	c.srli	x11,0x2	 x11:0x80003233 x11=0x20000c8c
        2755000	       176	8000023e	3bf59073	csrrw	x0,pmpaddr15,x11	 x11:0x20000c8c  x0=0x00000000
        2785000	       179	80000242	0f0f15b7	lui	x11,0xf0f1	 x11=0x0f0f1000
        2795000	       180	80000246	f0f58593	addi	x11,x11,-241	 x11:0x0f0f1000 x11=0x0f0f0f0f
        2805000	       181	8000024a	3a359073	csrrw	x0,pmpcfg3,x11	 x11:0x0f0f0f0f  x0=0x00000000
        2835000	       184	8000024e	00000617	auipc	x12,0x0	 x12=0x8000024e
        2845000	       185	80000252	06060613	addi	x12,x12,96	 x12:0x8000024e x12=0x800002ae
        2855000	       186	80000256	34161073	csrrw	x0,mepc,x12	 x12:0x800002ae  x0=0x00000000
        2865000	       187	8000025a	7c00d073	csrrwi	x0,0x7c0,1	  x0=0x00000000
        2895000	       190	8000025e	4601	c.li	x12,0	 x12=0x00000000
        2905000	       191	80000260	30061073	csrrw	x0,mstatus,x12	 x12:0x00000000  x0=0x00000000
        2935000	       194	80000264	4601	c.li	x12,0	 x12=0x00000000
        2945000	       195	80000266	30461073	csrrw	x0,mie,x12	 x12:0x00000000  x0=0x00000000
        2975000	       198	8000026a	90000d37	lui	x26,0x90000	 x26=0x90000000
        2985000	       199	8000026e	1d71	c.addi	x26,-4	 x26:0x90000000 x26=0x8ffffffc
        2995000	       200	80000270	90000d37	lui	x26,0x90000	 x26=0x90000000
        3005000	       201	80000274	1d71	c.addi	x26,-4	 x26:0x90000000 x26=0x8ffffffc
        3015000	       202	80000276	90000d37	lui	x26,0x90000	 x26=0x90000000
        3025000	       203	8000027a	1d71	c.addi	x26,-4	 x26:0x90000000 x26=0x8ffffffc
        3035000	       204	8000027c	30000613	addi	x12,x0,768	  x0:0x00000000 x12=0x00000300
        3045000	       205	80000280	0622	c.slli	x12,0x8	 x12:0x00000300 x12=0x00030000
        3055000	       206	80000282	060d	c.addi	x12,3	 x12:0x00030000 x12=0x00030003
        3065000	       207	80000284	00cd2023	sw	x12,0(x26)	 x26:0x8ffffffc x12:0x00030003 PA:0x8ffffffc store:0x00030003 load:0x00000000
        3075000	       208	80000288	30002673	csrrs	x12,mstatus,x0	  x0:0x00000000 x12=0x00000000
        3085000	       209	8000028c	00cd2023	sw	x12,0(x26)	 x26:0x8ffffffc x12:0x00000000 PA:0x8ffffffc store:0x00000000 load:0x00000000
        3095000	       210	80000290	90000d37	lui	x26,0x90000	 x26=0x90000000
        3105000	       211	80000294	1d71	c.addi	x26,-4	 x26:0x90000000 x26=0x8ffffffc
        3115000	       212	80000296	30400613	addi	x12,x0,772	  x0:0x00000000 x12=0x00000304
        3125000	       213	8000029a	0622	c.slli	x12,0x8	 x12:0x00000304 x12=0x00030400
        3135000	       214	8000029c	060d	c.addi	x12,3	 x12:0x00030400 x12=0x00030403
        3145000	       215	8000029e	00cd2023	sw	x12,0(x26)	 x26:0x8ffffffc x12:0x00030403 PA:0x8ffffffc store:0x00030403 load:0x00000000
        3155000	       216	800002a2	30402673	csrrs	x12,mie,x0	  x0:0x00000000 x12=0x00000000
        3165000	       217	800002a6	00cd2023	sw	x12,0(x26)	 x26:0x8ffffffc x12:0x00000000 PA:0x8ffffffc store:0x00000000 load:0x00000000
        3175000	       218	800002aa	30200073	mret	
        3215000	       222	800002ae	00300013	addi	x0,x0,3	  x0:0x00000000  x0=0x00000000
        3225000	       223	800002b2	4099	c.li	x1,6	  x1=0x00000006
        3235000	       224	800002b4	cf4b5137	lui	x2,0xcf4b5	  x2=0xcf4b5000
        3245000	       225	800002b8	e8e10113	addi	x2,x2,-370	  x2:0xcf4b5000  x2=0xcf4b4e8e
        3255000	       226	800002bc	4181	c.li	x3,0	  x3=0x00000000
        3265000	       227	800002be	ed36d237	lui	x4,0xed36d	  x4=0xed36d000
        3275000	       228	800002c2	41220213	addi	x4,x4,1042	  x4:0xed36d000  x4=0xed36d412
        3285000	       229	800002c6	1b5082b7	lui	x5,0x1b508	  x5=0x1b508000
        3295000	       230	800002ca	9c028293	addi	x5,x5,-1600	  x5:0x1b508000  x5=0x1b5079c0
        3305000	       231	800002ce	ff61d337	lui	x6,0xff61d	  x6=0xff61d000
        3315000	       232	800002d2	cf830313	addi	x6,x6,-776	  x6:0xff61d000  x6=0xff61ccf8
        3325000	       233	800002d6	800003b7	lui	x7,0x80000	  x7=0x80000000
        3335000	       234	800002da	f7434437	lui	x8,0xf7434	  x8=0xf7434000
        3345000	       235	800002de	bf540413	addi	x8,x8,-1035	  x8:0xf7434000  x8=0xf7433bf5
        3355000	       236	800002e2	80000537	lui	x10,0x80000	 x10=0x80000000
        3365000	       237	800002e6	894eb5b7	lui	x11,0x894eb	 x11=0x894eb000
        3375000	       238	800002ea	cb458593	addi	x11,x11,-844	 x11:0x894eb000 x11=0x894eacb4
        3385000	       239	800002ee	4615	c.li	x12,5	 x12=0x00000005
        3395000	       240	800002f0	c8c3c6b7	lui	x13,0xc8c3c	 x13=0xc8c3c000
        3405000	       241	800002f4	5f768693	addi	x13,x13,1527	 x13:0xc8c3c000 x13=0xc8c3c5f7
        3415000	       242	800002f8	4739	c.li	x14,14	 x14=0x0000000e
        3425000	       243	800002fa	4795	c.li	x15,5	 x15=0x00000005
        3435000	       244	800002fc	4829	c.li	x16,10	 x16=0x0000000a
        3445000	       245	800002fe	f777f8b7	lui	x17,0xf777f	 x17=0xf777f000
        3455000	       246	80000302	63d88893	addi	x17,x17,1597	 x17:0xf777f000 x17=0xf777f63d
        3465000	       247	80000306	4901	c.li	x18,0	 x18=0x00000000
        3475000	       248	80000308	f7f7a9b7	lui	x19,0xf7f7a	 x19=0xf7f7a000
        3485000	       249	8000030c	0e598993	addi	x19,x19,229	 x19:0xf7f7a000 x19=0xf7f7a0e5
        3495000	       250	80000310	f264ca37	lui	x20,0xf264c	 x20=0xf264c000
        3505000	       251	80000314	ecda0a13	addi	x20,x20,-307	 x20:0xf264c000 x20=0xf264becd
        3515000	       252	80000318	4a81	c.li	x21,0	 x21=0x00000000
        3525000	       253	8000031a	fc680b37	lui	x22,0xfc680	 x22=0xfc680000
        3535000	       254	8000031e	801b0b13	addi	x22,x22,-2047	 x22:0xfc680000 x22=0xfc67f801
        3545000	       255	80000322	4b81	c.li	x23,0	 x23=0x00000000
        3555000	       256	80000324	4c09	c.li	x24,2	 x24=0x00000002
        3565000	       257	80000326	81b7fcb7	lui	x25,0x81b7f	 x25=0x81b7f000
        3575000	       258	8000032a	6bdc8c93	addi	x25,x25,1725	 x25:0x81b7f000 x25=0x81b7f6bd
        3585000	       259	8000032e	80000d37	lui	x26,0x80000	 x26=0x80000000
        3595000	       260	80000332	4da5	c.li	x27,9	 x27=0x00000009
        3605000	       261	80000334	4e01	c.li	x28,0	 x28=0x00000000
        3615000	       262	80000336	4ea9	c.li	x29,10	 x29=0x0000000a
        3625000	       263	80000338	fe7effb7	lui	x31,0xfe7ef	 x31=0xfe7ef000
        3635000	       264	8000033c	8c7f8f93	addi	x31,x31,-1849	 x31:0xfe7ef000 x31=0xfe7ee8c7
        3645000	       265	80000340	00048497	auipc	x9,0x48	  x9=0x80048340
        3655000	       266	80000344	b2448493	addi	x9,x9,-1244	  x9:0x80048340  x9=0x80047e64
        3665000	       267	80000348	90000d37	lui	x26,0x90000	 x26=0x90000000
        3675000	       268	8000034c	1d71	c.addi	x26,-4	 x26:0x90000000 x26=0x8ffffffc
        3685000	       269	8000034e	4601	c.li	x12,0	 x12=0x00000000
        3695000	       270	80000350	0622	c.slli	x12,0x8	 x12:0x00000000 x12=0x00000000
        3705000	       271	80000352	00060613	addi	x12,x12,0	 x12:0x00000000 x12=0x00000000
        3715000	       272	80000356	00cd2023	sw	x12,0(x26)	 x26:0x8ffffffc x12:0x00000000 PA:0x8ffffffc store:0x00000000 load:0x00000000
        3725000	       273	8000035a	6db0206f	jal	x0,80003234	  x0=0x00000000
        3745000	       275	80003234	0002fe97	auipc	x29,0x2f	 x29=0x80032234
        3755000	       276	80003238	e14e8e93	addi	x29,x29,-492	 x29:0x80032234 x29=0x80032048
        3765000	       277	8000323c	34e9ed37	lui	x26,0x34e9e	 x26=0x34e9e000
        3775000	       278	80003240	9eea	c.add	x29,x26	 x29:0x80032048 x26:0x34e9e000 x29=0xb4ed0048
        3785000	       279	80003242	ec1e8fa3	sb	x1,-289(x29)	 x29:0xb4ed0048  x1:0x00000006 PA:0xb4ecff27 store:0x00000006 load:0x00000000
        3795000	       280	80003246	a03e8da3	sb	x3,-1509(x29)	 x29:0xb4ed0048  x3:0x00000000 PA:0xb4ecfa63 store:0x00000000 load:0x00000000
        3805000	       281	8000324a	464e8aa3	sb	x4,1141(x29)	 x29:0xb4ed0048  x4:0xed36d412 PA:0xb4ed04bd store:0xed36d412 load:0x00000000
        3815000	       282	8000324e	205e9923	sh	x5,530(x29)	 x29:0xb4ed0048  x5:0x1b5079c0 PA:0xb4ed025a store:0x1b5079c0 load:0x00000000
        3825000	       283	80003252	b66e8a23	sb	x6,-1164(x29)	 x29:0xb4ed0048  x6:0xff61ccf8 PA:0xb4ecfbbc store:0xff61ccf8 load:0x00000000
        3835000	       284	80003256	974a	c.add	x14,x18	 x14:0x0000000e x18:0x00000000 x14=0x0000000e
        3845000	       285	80003258	e1fe8ea3	sb	x31,-483(x29)	 x29:0xb4ed0048 x31:0xfe7ee8c7 PA:0xb4ecfe65 store:0xfe7ee8c7 load:0x00000000
        3855000	       286	8000325c	98c74193	xori	x3,x14,-1652	 x14:0x0000000e  x3=0xfffff982
        3895000	       290	80003260	03153e33	mulhu	x28,x10,x17	 x10:0x80000000 x17:0xf777f63d x28=0x7bbbfb1e
        3905000	       291	80003264	edfeca83	lbu	x21,-289(x29)	 x29:0xb4ed0048 x21=0x00000006 PA:0xb4ecff27 load:0x00000006
        3915000	       292	80003268	61f3ae13	slti	x28,x7,1567	  x7:0x80000000 x28=0x00000001
        3925000	       293	8000326c	017e8923	sb	x23,18(x29)	 x29:0xb4ed0048 x23:0x00000000 PA:0xb4ed005a store:0x00000000 load:0x00000000
        3935000	       294	80003270	fbed2a13	slti	x20,x26,-66	 x26:0x34e9e000 x20=0x00000000
        3975000	       298	80003274	02602833	mulhsu	x16,x0,x6	  x0:0x00000000  x6:0xff61ccf8 x16=0x00000000
        3985000	       299	80003278	8afe	c.mv	x21,x31	  x0:0x00000000 x31:0xfe7ee8c7 x21=0xfe7ee8c7
        3995000	       300	8000327a	a1bec303	lbu	x6,-1509(x29)	 x29:0xb4ed0048  x6=0x00000000 PA:0xb4ecfa63 load:0x00000000
        4005000	       301	8000327e	b7b8ab13	slti	x22,x17,-1157	 x17:0xf777f63d x22=0x00000001
        4015000	       302	80003282	bae3f837	lui	x16,0xbae3f	 x16=0xbae3f000
        4025000	       303	80003286	475e8783	lb	x15,1141(x29)	 x29:0xb4ed0048 x15=0x00000012 PA:0xb4ed04bd load:0x00000012
        4035000	       304	8000328a	212ed603	lhu	x12,530(x29)	 x29:0xb4ed0048 x12=0x000079c0 PA:0xb4ed025a load:0x000079c0
        4045000	       305	8000328e	b74ec503	lbu	x10,-1164(x29)	 x29:0xb4ed0048 x10=0x000000f8 PA:0xb4ecfbbc load:0x000000f8
        4055000	       306	80003292	00030817	auipc	x16,0x30	 x16=0x80033292
        4065000	       307	80003296	be180813	addi	x16,x16,-1055	 x16:0x80033292 x16=0x80032e73
        4075000	       308	8000329a	03c84003	lbu	x0,60(x16)	 x16:0x80032e73  x0=0x00000000 PA:0x80032eaf load:0x00000000
        4085000	       309	8000329e	00981303	lh	x6,9(x16)	 x16:0x80032e73  x6=0x00000000 PA:0x80032e7c load:0x00000000
        4125000	       313	800032a2	0289b533	mulhu	x10,x19,x8	 x19:0xf7f7a0e5  x8:0xf7433bf5 x10=0xef810c1f
        4135000	       314	800032a6	8e72	c.mv	x28,x28	  x0:0x00000000 x28:0x00000001 x28=0x00000001
        4155000	       316	800032a8	0325e533	rem	x10,x11,x18	 x11:0x894eacb4 x18:0x00000000 x10=0x894eacb4
        4165000	       317	800032ac	fc680003	lb	x0,-58(x16)	 x16:0x80032e73  x0=0x00000000 PA:0x80032e39 load:0x00000000
        4175000	       318	800032b0	01105c13	srli	x24,x0,0x11	  x0:0x00000000 x24=0x00000000
        4185000	       319	800032b4	01385183	lhu	x3,19(x16)	 x16:0x80032e73  x3=0x00000000 PA:0x80032e86 load:0x00000000
        4195000	       320	800032b8	00684383	lbu	x7,6(x16)	 x16:0x80032e73  x7=0x00000000 PA:0x80032e79 load:0x00000000
        4205000	       321	800032bc	03084083	lbu	x1,48(x16)	 x16:0x80032e73  x1=0x00000000 PA:0x80032ea3 load:0x00000000
        4215000	       322	800032c0	fd284203	lbu	x4,-46(x16)	 x16:0x80032e73  x4=0x00000000 PA:0x80032e45 load:0x00000000
        4225000	       323	800032c4	fe985a03	lhu	x20,-23(x16)	 x16:0x80032e73 x20=0x00000000 PA:0x80032e5c load:0x00000000
        4235000	       324	800032c8	9c85a693	slti	x13,x11,-1592	 x11:0x894eacb4 x13=0x00000001
        4245000	       325	800032cc	ffa804a3	sb	x26,-23(x16)	 x16:0x80032e73 x26:0x34e9e000 PA:0x80032e5c store:0x34e9e000 load:0x00000000
        4255000	       326	800032d0	01880203	lb	x4,24(x16)	 x16:0x80032e73  x4=0x00000000 PA:0x80032e8b load:0x00000000
        4265000	       327	800032d4	fdb81403	lh	x8,-37(x16)	 x16:0x80032e73  x8=0x00000000 PA:0x80032e4e load:0x00000000
        4275000	       328	800032d8	41d5da13	srai	x20,x11,0x1d	 x11:0x894eacb4 x20=0xfffffffc
        4285000	       329	800032dc	03080003	lb	x0,48(x16)	 x16:0x80032e73  x0=0x00000000 PA:0x80032ea3 load:0x00000000
        4295000	       330	800032e0	0002fd17	auipc	x26,0x2f	 x26=0x800322e0
        4305000	       331	800032e4	361d0d13	addi	x26,x26,865	 x26:0x800322e0 x26=0x80032641
        4315000	       332	800032e8	9afd	c.andi	x13,-1	 x13:0x00000001 x13=0x00000001
        4325000	       333	800032ea	48f2ab37	lui	x22,0x48f2a	 x22=0x48f2a000
        4335000	       334	800032ee	fe7d0ea3	sb	x7,-3(x26)	 x26:0x80032641  x7:0x00000000 PA:0x8003263e store:0x00000000 load:0x00000000
        4375000	       338	800032f2	022c99b3	mulh	x19,x25,x2	 x25:0x81b7f6bd  x2:0xcf4b4e8e x19=0x1806a3eb
        4385000	       339	800032f6	001d02a3	sb	x1,5(x26)	 x26:0x80032641  x1:0x00000000 PA:0x80032646 store:0x00000000 load:0x00000000
        4395000	       340	800032fa	402bd633	sra	x12,x23,x2	 x23:0x00000000  x2:0xcf4b4e8e x12=0x00000000
        4405000	       341	800032fe	0166c8b3	xor	x17,x13,x22	 x13:0x00000001 x22:0x48f2a000 x17=0x48f2a001
        4415000	       342	80003302	008d0323	sb	x8,6(x26)	 x26:0x80032641  x8:0x00000000 PA:0x80032647 store:0x00000000 load:0x00000000
        4425000	       343	80003306	00fd5e83	lhu	x29,15(x26)	 x26:0x80032641 x29=0x00000000 PA:0x80032650 load:0x00000000
        4455000	       346	8000330a	022586b3	mul	x13,x11,x2	 x11:0x894eacb4  x2:0xcf4b4e8e x13=0x46fea3d8
        4465000	       347	8000330e	00cd0183	lb	x3,12(x26)	 x26:0x80032641  x3=0x00000000 PA:0x8003264d load:0x00000000
        4475000	       348	80003312	007d27a3	sw	x7,15(x26)	 x26:0x80032641  x7:0x00000000 PA:0x80032650 store:0x00000000 load:0x00000000
        4515000	       352	80003316	02a51ab3	mulh	x21,x10,x10	 x10:0x894eacb4 x10:0x894eacb4 x21=0x3707f39e
        4525000	       353	8000331a	8f7d	c.and	x14,x15	 x14:0x0000000e x15:0x00000012 x14=0x00000002
        4535000	       354	8000331c	8c29	c.xor	x8,x10	  x8:0x00000000 x10:0x894eacb4  x8=0x894eacb4
        4545000	       355	8000331e	717d	c.addi16sp	x2,-16	  x2:0xcf4b4e8e  x2=0xcf4b4e7e
        4555000	       356	80003320	40f887b3	sub	x15,x17,x15	 x17:0x48f2a001 x15:0x00000012 x15=0x48f29fef
        4565000	       357	80003324	00f28e33	add	x28,x5,x15	  x5:0x1b5079c0 x15:0x48f29fef x28=0x644319af
        4575000	       358	80003328	0566	c.slli	x10,0x19	 x10:0x894eacb4 x10=0x68000000
        4585000	       359	8000332a	ff7d1a83	lh	x21,-9(x26)	 x26:0x80032641 x21=0x00000000 PA:0x80032638 load:0x00000000
        4595000	       360	8000332e	00331413	slli	x8,x6,0x3	  x6:0x00000000  x8=0x00000000
        4605000	       361	80003332	94f83613	sltiu	x12,x16,-1713	 x16:0x80032e73 x12=0x00000001
        4615000	       362	80003336	00bd4403	lbu	x8,11(x26)	 x26:0x80032641  x8=0x00000000 PA:0x8003264c load:0x00000000
        4625000	       363	8000333a	01619db3	sll	x27,x3,x22	  x3:0x00000000 x22:0x48f2a000 x27=0x00000000
        4635000	       364	8000333e	fe1d0fa3	sb	x1,-1(x26)	 x26:0x80032641  x1:0x00000000 PA:0x80032640 store:0x00000000 load:0x00000000
        4645000	       365	80003342	717d	c.addi16sp	x2,-16	  x2:0xcf4b4e7e  x2=0xcf4b4e6e
        4655000	       366	80003344	801d	c.srli	x8,0x7	  x8:0x00000000  x8=0x00000000
        4665000	       367	80003346	ffed0f83	lb	x31,-2(x26)	 x26:0x80032641 x31=0x00000000 PA:0x8003263f load:0x00000000
        4675000	       368	8000334a	f9a67d93	andi	x27,x12,-102	 x12:0x00000001 x27=0x00000000
        4685000	       369	8000334e	ff2d0503	lb	x10,-14(x26)	 x26:0x80032641 x10=0x00000000 PA:0x80032633 load:0x00000000
        4695000	       370	80003352	8441	c.srai	x8,0x10	  x8:0x00000000  x8=0x00000000
        4705000	       371	80003354	0183cfb3	xor	x31,x7,x24	  x7:0x00000000 x24:0x00000000 x31=0x00000000
        4715000	       372	80003358	002d06a3	sb	x2,13(x26)	 x26:0x80032641  x2:0xcf4b4e6e PA:0x8003264e store:0xcf4b4e6e load:0x00000000
        4735000	       374	8000335c	0238e7b3	rem	x15,x17,x3	 x17:0x48f2a001  x3:0x00000000 x15=0x48f2a001
        4745000	       375	80003360	00fec233	xor	x4,x29,x15	 x29:0x00000000 x15:0x48f2a001  x4=0x48f2a001
        4755000	       376	80003364	01423eb3	sltu	x29,x4,x20	  x4:0x48f2a001 x20:0xfffffffc x29=0x00000001
        4765000	       377	80003368	01ad0423	sb	x26,8(x26)	 x26:0x80032641 x26:0x80032641 PA:0x80032649 store:0x80032641 load:0x00000000
        4785000	       379	8000336c	032edfb3	divu	x31,x29,x18	 x29:0x00000001 x18:0x00000000 x31=0xffffffff
        4795000	       380	80003370	0001	c.addi	x0,0	  x0:0x00000000  x0=0x00000000
        4805000	       381	80003372	8fa9	c.xor	x15,x10	 x15:0x48f2a001 x10:0x00000000 x15=0x48f2a001
        4815000	       382	80003374	007d0b83	lb	x23,7(x26)	 x26:0x80032641 x23=0x00000000 PA:0x80032648 load:0x00000000
        4825000	       383	80003378	00032197	auipc	x3,0x32	  x3=0x80035378
        4835000	       384	8000337c	a9e18193	addi	x3,x3,-1378	  x3:0x80035378  x3=0x80034e16
        4845000	       385	80003380	0026aeb3	slt	x29,x13,x2	 x13:0x46fea3d8  x2:0xcf4b4e6e x29=0x00000000
        4855000	       386	80003384	8c31	c.xor	x8,x12	  x8:0x00000000 x12:0x00000001  x8=0x00000001
        4865000	       387	80003386	ffb1c603	lbu	x12,-5(x3)	  x3:0x80034e16 x12=0x00000000 PA:0x80034e11 load:0x00000000
        4875000	       388	8000338a	4069d8b3	sra	x17,x19,x6	 x19:0x1806a3eb  x6:0x00000000 x17=0x1806a3eb
        4885000	       389	8000338e	00718983	lb	x19,7(x3)	  x3:0x80034e16 x19=0x00000000 PA:0x80034e1d load:0x00000000
        4895000	       390	80003392	fe91ab23	sw	x9,-10(x3)	  x3:0x80034e16  x9:0x80047e64 PA:0x80034e0c store:0x80047e64 load:0x00000000
        4905000	       391	80003396	00c1d603	lhu	x12,12(x3)	  x3:0x80034e16 x12=0x00000000 PA:0x80034e22 load:0x00000000
        4915000	       392	8000339a	982e	c.add	x16,x11	 x16:0x80032e73 x11:0x894eacb4 x16=0x0951db27
        4925000	       393	8000339c	03f2	c.slli	x7,0x1c	  x7:0x00000000  x7=0x00000000
        4935000	       394	8000339e	00f400b3	add	x1,x8,x15	  x8:0x00000001 x15:0x48f2a001  x1=0x48f2a002
        4945000	       395	800033a2	8c31	c.xor	x8,x12	  x8:0x00000001 x12:0x00000000  x8=0x00000001
        5315000	       432	800033a4	02e2f7b3	remu	x15,x5,x14	  x5:0x1b5079c0 x14:0x00000002 x15=0x00000000
        5325000	       433	800033a8	011180a3	sb	x17,1(x3)	  x3:0x80034e16 x17:0x1806a3eb PA:0x80034e17 store:0x1806a3eb load:0x00000000
        5335000	       434	800033ac	ff61c003	lbu	x0,-10(x3)	  x3:0x80034e16  x0=0x00000000 PA:0x80034e0c load:0x00000064
        5345000	       435	800033b0	00e181a3	sb	x14,3(x3)	  x3:0x80034e16 x14:0x00000002 PA:0x80034e19 store:0x00000002 load:0x00000000
        5715000	       472	800033b4	030440b3	div	x1,x8,x16	  x8:0x00000001 x16:0x0951db27  x1=0x00000000
        5725000	       473	800033b8	ff618003	lb	x0,-10(x3)	  x3:0x80034e16  x0=0x00000000 PA:0x80034e0c load:0x00000064
        5735000	       474	800033bc	ff419d23	sh	x20,-6(x3)	  x3:0x80034e16 x20:0xfffffffc PA:0x80034e10 store:0xfffffffc load:0x00000000
        5745000	       475	800033c0	ff41dd03	lhu	x26,-12(x3)	  x3:0x80034e16 x26=0x00000000 PA:0x80034e0a load:0x00000000
        5755000	       476	800033c4	faae2e93	slti	x29,x28,-86	 x28:0x644319af x29=0x00000000
        5765000	       477	800033c8	0091ca83	lbu	x21,9(x3)	  x3:0x80034e16 x21=0x00000000 PA:0x80034e1f load:0x00000000
        5775000	       478	800033cc	ffa1dc83	lhu	x25,-6(x3)	  x3:0x80034e16 x25=0x0000fffc PA:0x80034e10 load:0x0000fffc
        5795000	       480	800033d0	03b05733	divu	x14,x0,x27	  x0:0x00000000 x27:0x00000000 x14=0xffffffff
        5805000	       481	800033d4	ff518da3	sb	x21,-5(x3)	  x3:0x80034e16 x21:0x00000000 PA:0x80034e11 store:0x00000000 load:0x00000000
        5825000	       483	800033d8	03af5933	divu	x18,x30,x26	 x30:0x8004bce4 x26:0x00000000 x18=0xffffffff
        5835000	       484	800033dc	2c890c93	addi	x25,x18,712	 x18:0xffffffff x25=0x000002c7
        5845000	       485	800033e0	00e1aa83	lw	x21,14(x3)	  x3:0x80034e16 x21=0x00000000 PA:0x80034e24 load:0x00000000
        5855000	       486	800033e4	0002f117	auipc	x2,0x2f	  x2=0x800323e4
        5865000	       487	800033e8	17910113	addi	x2,x2,377	  x2:0x800323e4  x2=0x8003255d
        5875000	       488	800033ec	8c3d	c.xor	x8,x15	  x8:0x00000001 x15:0x00000000  x8=0x00000001
        5885000	       489	800033ee	fc914783	lbu	x15,-55(x2)	  x2:0x8003255d x15=0x00000000 PA:0x80032526 load:0x00000000
        5895000	       490	800033f2	026127a3	sw	x6,47(x2)	  x2:0x8003255d  x6:0x00000000 PA:0x8003258c store:0x00000000 load:0x00000000
        5905000	       491	800033f6	02f14003	lbu	x0,47(x2)	  x2:0x8003255d  x0=0x00000000 PA:0x8003258c load:0x00000000
        5915000	       492	800033fa	032107a3	sb	x18,47(x2)	  x2:0x8003255d x18:0xffffffff PA:0x8003258c store:0xffffffff load:0x00000000
        5925000	       493	800033fe	02f10083	lb	x1,47(x2)	  x2:0x8003255d  x1=0xffffffff PA:0x8003258c load:0xffffffff
        5935000	       494	80003402	032107a3	sb	x18,47(x2)	  x2:0x8003255d x18:0xffffffff PA:0x8003258c store:0xffffffff load:0x00000000
        5945000	       495	80003406	8d5d	c.or	x10,x15	 x10:0x00000000 x15:0x00000000 x10=0x00000000
        5955000	       496	80003408	02f11283	lh	x5,47(x2)	  x2:0x8003255d  x5=0x000000ff PA:0x8003258c load:0x000000ff
        5965000	       497	8000340c	0ed5	c.addi	x29,21	 x29:0x00000000 x29=0x00000015
        5975000	       498	8000340e	001f28b3	slt	x17,x30,x1	 x30:0x8004bce4  x1:0xffffffff x17=0x00000001
        5985000	       499	80003412	029117a3	sh	x9,47(x2)	  x2:0x8003255d  x9:0x80047e64 PA:0x8003258c store:0x80047e64 load:0x00000000
        5995000	       500	80003416	56fd	c.li	x13,-1	 x13=0xffffffff
        6005000	       501	80003418	02f14283	lbu	x5,47(x2)	  x2:0x8003255d  x5=0x00000064 PA:0x8003258c load:0x00000064
        6015000	       502	8000341c	0001	c.addi	x0,0	  x0:0x00000000  x0=0x00000000
        6025000	       503	8000341e	02b10723	sb	x11,46(x2)	  x2:0x8003255d x11:0x894eacb4 PA:0x8003258b store:0x894eacb4 load:0x00000000
        6035000	       504	80003422	0002f997	auipc	x19,0x2f	 x19=0x80032422
        6045000	       505	80003426	10d98993	addi	x19,x19,269	 x19:0x80032422 x19=0x8003252f
        6055000	       506	8000342a	ac9b4293	xori	x5,x22,-1335	 x22:0x48f2a000  x5=0xb70d5ac9
        6065000	       507	8000342e	fed99aa3	sh	x13,-11(x19)	 x19:0x8003252f x13:0xffffffff PA:0x80032524 store:0xffffffff load:0x00000000
        6075000	       508	80003432	ff598503	lb	x10,-11(x19)	 x19:0x8003252f x10=0xffffffff PA:0x80032524 load:0xffffffff
        6085000	       509	80003436	01198323	sb	x17,6(x19)	 x19:0x8003252f x17:0x00000001 PA:0x80032535 store:0x00000001 load:0x00000000
        6095000	       510	8000343a	00698803	lb	x16,6(x19)	 x19:0x8003252f x16=0x00000001 PA:0x80032535 load:0x00000001
        6105000	       511	8000343e	00698803	lb	x16,6(x19)	 x19:0x8003252f x16=0x00000001 PA:0x80032535 load:0x00000001
        6115000	       512	80003442	01398323	sb	x19,6(x19)	 x19:0x8003252f x19:0x8003252f PA:0x80032535 store:0x8003252f load:0x00000000
        6125000	       513	80003446	8e61	c.and	x12,x8	 x12:0x00000000  x8:0x00000001 x12=0x00000000
        6135000	       514	80003448	00698683	lb	x13,6(x19)	 x19:0x8003252f x13=0x0000002f PA:0x80032535 load:0x0000002f
        6145000	       515	8000344c	ff49aea3	sw	x20,-3(x19)	 x19:0x8003252f x20:0xfffffffc PA:0x8003252c store:0xfffffffc load:0x00000000
        6155000	       516	80003450	ff198ea3	sb	x17,-3(x19)	 x19:0x8003252f x17:0x00000001 PA:0x8003252c store:0x00000001 load:0x00000000
        6165000	       517	80003454	ffd9a203	lw	x4,-3(x19)	 x19:0x8003252f  x4=0xffffff01 PA:0x8003252c load:0xffffff01
        6175000	       518	80003458	ffd9cb83	lbu	x23,-3(x19)	 x19:0x8003252f x23=0x00000001 PA:0x8003252c load:0x00000001
        6185000	       519	8000345c	ff898ea3	sb	x24,-3(x19)	 x19:0x8003252f x24:0x00000000 PA:0x8003252c store:0x00000000 load:0x00000000
        6195000	       520	80003460	ffd9d283	lhu	x5,-3(x19)	 x19:0x8003252f  x5=0x0000ff00 PA:0x8003252c load:0x0000ff00
        6205000	       521	80003464	ffd9af83	lw	x31,-3(x19)	 x19:0x8003252f x31=0xffffff00 PA:0x8003252c load:0xffffff00
        6215000	       522	80003468	ffd9d183	lhu	x3,-3(x19)	 x19:0x8003252f  x3=0x0000ff00 PA:0x8003252c load:0x0000ff00
        6225000	       523	8000346c	ffd99683	lh	x13,-3(x19)	 x19:0x8003252f x13=0xffffff00 PA:0x8003252c load:0xffffff00
        6235000	       524	80003470	ffd9ce83	lbu	x29,-3(x19)	 x19:0x8003252f x29=0x00000000 PA:0x8003252c load:0x00000000
        6245000	       525	80003474	ff698ea3	sb	x22,-3(x19)	 x19:0x8003252f x22:0x48f2a000 PA:0x8003252c store:0x48f2a000 load:0x00000000
        6255000	       526	80003478	00033197	auipc	x3,0x33	  x3=0x80036478
        6265000	       527	8000347c	10618193	addi	x3,x3,262	  x3:0x80036478  x3=0x8003657e
        6275000	       528	80003480	03f19e23	sh	x31,60(x3)	  x3:0x8003657e x31:0xffffff00 PA:0x800365ba store:0xffffff00 load:0x00000000
        6285000	       529	80003484	03c18903	lb	x18,60(x3)	  x3:0x8003657e x18=0x00000000 PA:0x800365ba load:0x00000000
        6295000	       530	80003488	02418e23	sb	x4,60(x3)	  x3:0x8003657e  x4:0xffffff01 PA:0x800365ba store:0xffffff01 load:0x00000000
        6305000	       531	8000348c	03918883	lb	x17,57(x3)	  x3:0x8003657e x17=0x00000000 PA:0x800365b7 load:0x00000000
        6315000	       532	80003490	02e18ca3	sb	x14,57(x3)	  x3:0x8003657e x14:0xffffffff PA:0x800365b7 store:0xffffffff load:0x00000000
        6325000	       533	80003494	03918983	lb	x19,57(x3)	  x3:0x8003657e x19=0xffffffff PA:0x800365b7 load:0xffffffff
        6335000	       534	80003498	fc41d103	lhu	x2,-60(x3)	  x3:0x8003657e  x2=0x00000000 PA:0x80036542 load:0x00000000
        6385000	       539	8000349c	02d13bb3	mulhu	x23,x2,x13	  x2:0x00000000 x13:0xffffff00 x23=0x00000000
        6395000	       540	800034a0	fc419803	lh	x16,-60(x3)	  x3:0x8003657e x16=0x00000000 PA:0x80036542 load:0x00000000
        6405000	       541	800034a4	fc418a83	lb	x21,-60(x3)	  x3:0x8003657e x21=0x00000000 PA:0x80036542 load:0x00000000
        6415000	       542	800034a8	0001	c.addi	x0,0	  x0:0x00000000  x0=0x00000000
        6425000	       543	800034aa	fd219b83	lh	x23,-46(x3)	  x3:0x8003657e x23=0x00000000 PA:0x80036550 load:0x00000000
        6435000	       544	800034ae	fd419923	sh	x20,-46(x3)	  x3:0x8003657e x20:0xfffffffc PA:0x80036550 store:0xfffffffc load:0x00000000
        6445000	       545	800034b2	1bfd	c.addi	x23,-1	 x23:0x00000000 x23=0xffffffff
        6455000	       546	800034b4	03e18ba3	sb	x30,55(x3)	  x3:0x8003657e x30:0x8004bce4 PA:0x800365b5 store:0x8004bce4 load:0x00000000
        6465000	       547	800034b8	0371cf83	lbu	x31,55(x3)	  x3:0x8003657e x31=0x000000e4 PA:0x800365b5 load:0x000000e4
        6475000	       548	800034bc	03018ba3	sb	x16,55(x3)	  x3:0x8003657e x16:0x00000000 PA:0x800365b5 store:0x00000000 load:0x00000000
        6485000	       549	800034c0	03518ba3	sb	x21,55(x3)	  x3:0x8003657e x21:0x00000000 PA:0x800365b5 store:0x00000000 load:0x00000000
        6495000	       550	800034c4	03718f83	lb	x31,55(x3)	  x3:0x8003657e x31=0x00000000 PA:0x800365b5 load:0x00000000
        6505000	       551	800034c8	010d16b3	sll	x13,x26,x16	 x26:0x00000000 x16:0x00000000 x13=0x00000000
        6515000	       552	800034cc	03618ba3	sb	x22,55(x3)	  x3:0x8003657e x22:0x48f2a000 PA:0x800365b5 store:0x48f2a000 load:0x00000000
        6525000	       553	800034d0	0002fe17	auipc	x28,0x2f	 x28=0x800324d0
        6535000	       554	800034d4	090e0e13	addi	x28,x28,144	 x28:0x800324d0 x28=0x80032560
        6545000	       555	800034d8	817d	c.srli	x10,0x1f	 x10:0xffffffff x10=0x00000001
        6555000	       556	800034da	6ec9f713	andi	x14,x19,1772	 x19:0xffffffff x14=0x000006ec
        6565000	       557	800034de	ff5e4803	lbu	x16,-11(x28)	 x28:0x80032560 x16=0x00000000 PA:0x80032555 load:0x00000000
        6575000	       558	800034e2	ff2e1c03	lh	x24,-14(x28)	 x28:0x80032560 x24=0x00000000 PA:0x80032552 load:0x00000000
        6585000	       559	800034e6	3aebce97	auipc	x29,0x3aebc	 x29=0xbaebf4e6
        6595000	       560	800034ea	003fd0b3	srl	x1,x31,x3	 x31:0x00000000  x3:0x8003657e  x1=0x00000000
        6605000	       561	800034ee	015e1323	sh	x21,6(x28)	 x28:0x80032560 x21:0x00000000 PA:0x80032566 store:0x00000000 load:0x00000000
        6615000	       562	800034f2	015e0423	sb	x21,8(x28)	 x28:0x80032560 x21:0x00000000 PA:0x80032568 store:0x00000000 load:0x00000000
        6625000	       563	800034f6	4a7e2f97	auipc	x31,0x4a7e2	 x31=0xca7e54f6
        6635000	       564	800034fa	005e0823	sb	x5,16(x28)	 x28:0x80032560  x5:0x0000ff00 PA:0x80032570 store:0x0000ff00 load:0x00000000
        6645000	       565	800034fe	019e0323	sb	x25,6(x28)	 x28:0x80032560 x25:0x000002c7 PA:0x80032566 store:0x000002c7 load:0x00000000
        6655000	       566	80003502	ff3e4c83	lbu	x25,-13(x28)	 x28:0x80032560 x25=0x00000000 PA:0x80032553 load:0x00000000
        6665000	       567	80003506	ff3e4603	lbu	x12,-13(x28)	 x28:0x80032560 x12=0x00000000 PA:0x80032553 load:0x00000000
        6675000	       568	8000350a	fffe4983	lbu	x19,-1(x28)	 x28:0x80032560 x19=0x00000000 PA:0x8003255f load:0x00000000
        6685000	       569	8000350e	fffe0003	lb	x0,-1(x28)	 x28:0x80032560  x0=0x00000000 PA:0x8003255f load:0x00000000
        6695000	       570	80003512	ffae1783	lh	x15,-6(x28)	 x28:0x80032560 x15=0x00000000 PA:0x8003255a load:0x00000000
        6705000	       571	80003516	00fe0a03	lb	x20,15(x28)	 x28:0x80032560 x20=0x00000000 PA:0x8003256f load:0x00000000
        6715000	       572	8000351a	0ff0000f	fence	iorw,iorw	
        6725000	       573	8000351e	00fe0503	lb	x10,15(x28)	 x28:0x80032560 x10=0x00000000 PA:0x8003256f load:0x00000000
        6735000	       574	80003522	00fe0383	lb	x7,15(x28)	 x28:0x80032560  x7=0x00000000 PA:0x8003256f load:0x00000000
        6745000	       575	80003526	01ce07a3	sb	x28,15(x28)	 x28:0x80032560 x28:0x80032560 PA:0x8003256f store:0x80032560 load:0x00000000
        6755000	       576	8000352a	01ce07a3	sb	x28,15(x28)	 x28:0x80032560 x28:0x80032560 PA:0x8003256f store:0x80032560 load:0x00000000
        6765000	       577	8000352e	ff6e0203	lb	x4,-10(x28)	 x28:0x80032560  x4=0x00000000 PA:0x80032556 load:0x00000000
        6775000	       578	80003532	0002fa17	auipc	x20,0x2f	 x20=0x80032532
        6785000	       579	80003536	b16a0a13	addi	x20,x20,-1258	 x20:0x80032532 x20=0x80032048
        6795000	       580	8000353a	12108637	lui	x12,0x12108	 x12=0x12108000
        6805000	       581	8000353e	9a32	c.add	x20,x12	 x20:0x80032048 x12:0x12108000 x20=0x9213a048
        6815000	       582	80003540	a20a01a3	sb	x0,-1501(x20)	 x20:0x9213a048  x0:0x00000000 PA:0x92139a6b store:0x00000000 load:0x00000000
        6825000	       583	80003544	e61a03a3	sb	x1,-409(x20)	 x20:0x9213a048  x1:0x00000000 PA:0x92139eaf store:0x00000000 load:0x00000000
        6835000	       584	80003548	be3a06a3	sb	x3,-1043(x20)	 x20:0x9213a048  x3:0x8003657e PA:0x92139c35 store:0x8003657e load:0x00000000
        6845000	       585	8000354c	564a0fa3	sb	x4,1407(x20)	 x20:0x9213a048  x4:0x00000000 PA:0x9213a5c7 store:0x00000000 load:0x00000000
        6855000	       586	80003550	0001	c.addi	x0,0	  x0:0x00000000  x0=0x00000000
        7225000	       623	80003552	029e5433	divu	x8,x28,x9	 x28:0x80032560  x9:0x80047e64  x8=0x00000000
        7265000	       627	80003556	0324abb3	mulhsu	x23,x9,x18	  x9:0x80047e64 x18:0x00000000 x23=0x00000000
        7275000	       628	8000355a	a23a0f83	lb	x31,-1501(x20)	 x20:0x9213a048 x31=0x00000000 PA:0x92139a6b load:0x00000000
        7285000	       629	8000355e	e67a0083	lb	x1,-409(x20)	 x20:0x9213a048  x1=0x00000000 PA:0x92139eaf load:0x00000000
        7295000	       630	80003562	1794	c.addi4spn	x13,x2,992	 x13=0x000003e0
        7305000	       631	80003564	8eaa1723	sh	x10,-1810(x20)	 x20:0x9213a048 x10:0x00000000 PA:0x92139936 store:0x00000000 load:0x00000000
        7315000	       632	80003568	beda0183	lb	x3,-1043(x20)	 x20:0x9213a048  x3=0x0000007e PA:0x92139c35 load:0x0000007e
        7325000	       633	8000356c	98de	c.add	x17,x23	 x17:0x00000000 x23:0x00000000 x17=0x00000000
        7335000	       634	8000356e	00d7c133	xor	x2,x15,x13	 x15:0x00000000 x13:0x000003e0  x2=0x000003e0
        7345000	       635	80003572	57fa4f83	lbu	x31,1407(x20)	 x20:0x9213a048 x31=0x00000000 PA:0x9213a5c7 load:0x00000000
        7355000	       636	80003576	00034697	auipc	x13,0x34	 x13=0x80037576
        7365000	       637	8000357a	83768693	addi	x13,x13,-1993	 x13:0x80037576 x13=0x80036dad
        7375000	       638	8000357e	f776a5a3	sw	x23,-149(x13)	 x13:0x80036dad x23:0x00000000 PA:0x80036d18 store:0x00000000 load:0x00000000
        7385000	       639	80003582	0002fd17	auipc	x26,0x2f	 x26=0x80032582
        7395000	       640	80003586	24fd0d13	addi	x26,x26,591	 x26:0x80032582 x26=0x800327d1
        7405000	       641	8000358a	01dd0923	sb	x29,18(x26)	 x26:0x800327d1 x29:0xbaebf4e6 PA:0x800327e3 store:0xbaebf4e6 load:0x00000000
        7415000	       642	8000358e	f0868783	lb	x15,-248(x13)	 x13:0x80036dad x15=0x00000000 PA:0x80036cb5 load:0x00000000
        7425000	       643	80003592	f736d283	lhu	x5,-141(x13)	 x13:0x80036dad  x5=0x00000000 PA:0x80036d20 load:0x00000000
        7435000	       644	80003596	f2668803	lb	x16,-218(x13)	 x13:0x80036dad x16=0x00000000 PA:0x80036cd3 load:0x00000000
        7445000	       645	8000359a	fe1d0183	lb	x3,-31(x26)	 x26:0x800327d1  x3=0x00000000 PA:0x800327b2 load:0x00000000
        7455000	       646	8000359e	031d4883	lbu	x17,49(x26)	 x26:0x800327d1 x17=0x00000000 PA:0x80032802 load:0x00000000
        7465000	       647	800035a2	039d5f83	lhu	x31,57(x26)	 x26:0x800327d1 x31=0x00000000 PA:0x8003280a load:0x00000000
        7475000	       648	800035a6	0ea6c983	lbu	x19,234(x13)	 x13:0x80036dad x19=0x00000000 PA:0x80036e97 load:0x00000000
        7485000	       649	800035aa	fedd4b83	lbu	x23,-19(x26)	 x26:0x800327d1 x23=0x00000000 PA:0x800327be load:0x00000000
        7495000	       650	800035ae	01968b83	lb	x23,25(x13)	 x13:0x80036dad x23=0x00000000 PA:0x80036dc6 load:0x00000000
        7505000	       651	800035b2	0c569f83	lh	x31,197(x13)	 x13:0x80036dad x31=0x00000000 PA:0x80036e72 load:0x00000000
        7515000	       652	800035b6	02668603	lb	x12,38(x13)	 x13:0x80036dad x12=0x00000000 PA:0x80036dd3 load:0x00000000
        7525000	       653	800035ba	01ad0b83	lb	x23,26(x26)	 x26:0x800327d1 x23=0x00000000 PA:0x800327eb load:0x00000000
        7535000	       654	800035be	fc969c03	lh	x24,-55(x13)	 x13:0x80036dad x24=0x00000000 PA:0x80036d76 load:0x00000000
        7545000	       655	800035c2	fc9d4183	lbu	x3,-55(x26)	 x26:0x800327d1  x3=0x00000000 PA:0x8003279a load:0x00000000
        7555000	       656	800035c6	08f6a383	lw	x7,143(x13)	 x13:0x80036dad  x7=0x00000000 PA:0x80036e3c load:0x00000000
        7565000	       657	800035ca	033d2b83	lw	x23,51(x26)	 x26:0x800327d1 x23=0x00000000 PA:0x80032804 load:0x00000000
        7575000	       658	800035ce	0002f117	auipc	x2,0x2f	  x2=0x800325ce
        7585000	       659	800035d2	a7a10113	addi	x2,x2,-1414	  x2:0x800325ce  x2=0x80032048
        7595000	       660	800035d6	43855d37	lui	x26,0x43855	 x26=0x43855000
        7605000	       661	800035da	916a	c.add	x2,x26	  x2:0x80032048 x26:0x43855000  x2=0xc3887048
        7615000	       662	800035dc	ae111523	sh	x1,-1302(x2)	  x2:0xc3887048  x1:0x00000000 PA:0xc3886b32 store:0x00000000 load:0x00000000
        7625000	       663	800035e0	42311323	sh	x3,1062(x2)	  x2:0xc3887048  x3:0x00000000 PA:0xc388746e store:0x00000000 load:0x00000000
        7635000	       664	800035e4	ca4106a3	sb	x4,-851(x2)	  x2:0xc3887048  x4:0x00000000 PA:0xc3886cf5 store:0x00000000 load:0x00000000
        7645000	       665	800035e8	705106a3	sb	x5,1805(x2)	  x2:0xc3887048  x5:0x00000000 PA:0xc3887755 store:0x00000000 load:0x00000000
        7655000	       666	800035ec	f66100a3	sb	x6,-159(x2)	  x2:0xc3887048  x6:0x00000000 PA:0xc3886fa9 store:0x00000000 load:0x00000000
        7665000	       667	800035f0	019c6633	or	x12,x24,x25	 x24:0x00000000 x25:0x00000000 x12=0x00000000
        7675000	       668	800035f4	01aec433	xor	x8,x29,x26	 x29:0xbaebf4e6 x26:0x43855000  x8=0xf96ea4e6
        7685000	       669	800035f8	a3c11723	sh	x28,-1490(x2)	  x2:0xc3887048 x28:0x80032560 PA:0xc3886a76 store:0x80032560 load:0x00000000
        7695000	       670	800035fc	aea11203	lh	x4,-1302(x2)	  x2:0xc3887048  x4=0x00000000 PA:0xc3886b32 load:0x00000000
        7705000	       671	80003600	a46abd13	sltiu	x26,x21,-1466	 x21:0x00000000 x26=0x00000001
        7715000	       672	80003604	e6410323	sb	x4,-410(x2)	  x2:0xc3887048  x4:0x00000000 PA:0xc3886eae store:0x00000000 load:0x00000000
        7725000	       673	80003608	42611e83	lh	x29,1062(x2)	  x2:0xc3887048 x29=0x00000000 PA:0xc388746e load:0x00000000
        7735000	       674	8000360c	cad10b83	lb	x23,-851(x2)	  x2:0xc3887048 x23=0x00000000 PA:0xc3886cf5 load:0x00000000
        7745000	       675	80003610	00e97bb3	and	x23,x18,x14	 x18:0x00000000 x14:0x000006ec x23=0x00000000
        7755000	       676	80003614	056a	c.slli	x10,0x1a	 x10:0x00000000 x10=0x00000000
        7765000	       677	80003616	70d14683	lbu	x13,1805(x2)	  x2:0xc3887048 x13=0x00000000 PA:0xc3887755 load:0x00000000
        7775000	       678	8000361a	41008433	sub	x8,x1,x16	  x1:0x00000000 x16:0x00000000  x8=0x00000000
        7785000	       679	8000361e	f6114203	lbu	x4,-159(x2)	  x2:0xc3887048  x4=0x00000000 PA:0xc3886fa9 load:0x00000000
        7795000	       680	80003622	0002ff97	auipc	x31,0x2f	 x31=0x80032622
        7805000	       681	80003626	e62f8f93	addi	x31,x31,-414	 x31:0x80032622 x31=0x80032484
        7815000	       682	8000362a	fc0f9d23	sh	x0,-38(x31)	 x31:0x80032484  x0:0x00000000 PA:0x8003245e store:0x00000000 load:0x00000000
        7825000	       683	8000362e	ffff8d83	lb	x27,-1(x31)	 x31:0x80032484 x27=0x00000000 PA:0x80032483 load:0x00000000
        7835000	       684	80003632	00037c17	auipc	x24,0x37	 x24=0x8003a632
        7845000	       685	80003636	868c0c13	addi	x24,x24,-1944	 x24:0x8003a632 x24=0x80039e9a
        7855000	       686	8000363a	fc2f8a03	lb	x20,-62(x31)	 x31:0x80032484 x20=0x00000000 PA:0x80032446 load:0x00000000
        7865000	       687	8000363e	03afaa23	sw	x26,52(x31)	 x31:0x80032484 x26:0x00000001 PA:0x800324b8 store:0x00000001 load:0x00000000
        7875000	       688	80003642	cdcc0703	lb	x14,-804(x24)	 x24:0x80039e9a x14=0x00000000 PA:0x80039b76 load:0x00000000
        7885000	       689	80003646	be2c4203	lbu	x4,-1054(x24)	 x24:0x80039e9a  x4=0x00000000 PA:0x80039a7c load:0x00000000
        7895000	       690	8000364a	fc7f86a3	sb	x7,-51(x31)	 x31:0x80032484  x7:0x00000000 PA:0x80032451 store:0x00000000 load:0x00000000
        7905000	       691	8000364e	28dc4c83	lbu	x25,653(x24)	 x24:0x80039e9a x25=0x00000000 PA:0x8003a127 load:0x00000000
        7915000	       692	80003652	afec1b83	lh	x23,-1282(x24)	 x24:0x80039e9a x23=0x00000000 PA:0x80039998 load:0x00000000
        7925000	       693	80003656	03ef9323	sh	x30,38(x31)	 x31:0x80032484 x30:0x8004bce4 PA:0x800324aa store:0x8004bce4 load:0x00000000
        7935000	       694	8000365a	47cc5183	lhu	x3,1148(x24)	 x24:0x80039e9a  x3=0x00000000 PA:0x8003a316 load:0x00000000
        7945000	       695	8000365e	03df8e03	lb	x28,61(x31)	 x31:0x80032484 x28=0x00000000 PA:0x800324c1 load:0x00000000
        7955000	       696	80003662	ff7fce03	lbu	x28,-9(x31)	 x31:0x80032484 x28=0x00000000 PA:0x8003247b load:0x00000000
        7965000	       697	80003666	0003e117	auipc	x2,0x3e	  x2=0x80041666
        7975000	       698	8000366a	c7710113	addi	x2,x2,-905	  x2:0x80041666  x2=0x800412dd
        7985000	       699	8000366e	8992	c.mv	x19,x4	  x0:0x00000000  x4:0x00000000 x19=0x00000000
        7995000	       700	80003670	ffd11703	lh	x14,-3(x2)	  x2:0x800412dd x14=0x00000000 PA:0x800412da load:0x00000000
        8005000	       701	80003674	ff7109a3	sb	x23,-13(x2)	  x2:0x800412dd x23:0x00000000 PA:0x800412d0 store:0x00000000 load:0x00000000
        8015000	       702	80003678	00911703	lh	x14,9(x2)	  x2:0x800412dd x14=0x00000000 PA:0x800412e6 load:0x00000000
        8025000	       703	8000367c	01d7f8b3	and	x17,x15,x29	 x15:0x00000000 x29:0x00000000 x17=0x00000000
        8035000	       704	80003680	fe211ea3	sh	x2,-3(x2)	  x2:0x800412dd  x2:0x800412dd PA:0x800412da store:0x800412dd load:0x00000000
        8045000	       705	80003684	00d11203	lh	x4,13(x2)	  x2:0x800412dd  x4=0x00000000 PA:0x800412ea load:0x00000000
        8055000	       706	80003688	00312c03	lw	x24,3(x2)	  x2:0x800412dd x24=0x00000000 PA:0x800412e0 load:0x00000000
        8065000	       707	8000368c	fe610da3	sb	x6,-5(x2)	  x2:0x800412dd  x6:0x00000000 PA:0x800412d8 store:0x00000000 load:0x00000000
        8075000	       708	80003690	00f11b83	lh	x23,15(x2)	  x2:0x800412dd x23=0x00000000 PA:0x800412ec load:0x00000000
        8085000	       709	80003694	00515383	lhu	x7,5(x2)	  x2:0x800412dd  x7=0x00000000 PA:0x800412e2 load:0x00000000
        8125000	       713	80003698	02093633	mulhu	x12,x18,x0	 x18:0x00000000  x0:0x00000000 x12=0x00000000
        8135000	       714	8000369c	01269a93	slli	x21,x13,0x12	 x13:0x00000000 x21=0x00000000
        8145000	       715	800036a0	ff414a03	lbu	x20,-12(x2)	  x2:0x800412dd x20=0x00000000 PA:0x800412d1 load:0x00000000
        8155000	       716	800036a4	ff914c83	lbu	x25,-7(x2)	  x2:0x800412dd x25=0x00000000 PA:0x800412d6 load:0x00000000
        8165000	       717	800036a8	ffc11ca3	sh	x28,-7(x2)	  x2:0x800412dd x28:0x00000000 PA:0x800412d6 store:0x00000000 load:0x00000000
        8185000	       719	800036ac	038fc433	div	x8,x31,x24	 x31:0x80032484 x24:0x00000000  x8=0xffffffff
        8195000	       720	800036b0	4128d693	srai	x13,x17,0x12	 x17:0x00000000 x13=0x00000000
        8205000	       721	800036b4	ff915903	lhu	x18,-7(x2)	  x2:0x800412dd x18=0x00000000 PA:0x800412d6 load:0x00000000
        8215000	       722	800036b8	01a10823	sb	x26,16(x2)	  x2:0x800412dd x26:0x00000001 PA:0x800412ed store:0x00000001 load:0x00000000
        8225000	       723	800036bc	ff610b23	sb	x22,-10(x2)	  x2:0x800412dd x22:0x48f2a000 PA:0x800412d3 store:0x48f2a000 load:0x00000000
        8235000	       724	800036c0	40995e13	srai	x28,x18,0x9	 x18:0x00000000 x28=0x00000000
        8245000	       725	800036c4	ff111c03	lh	x24,-15(x2)	  x2:0x800412dd x24=0x00000000 PA:0x800412ce load:0x00000000
        8255000	       726	800036c8	00910683	lb	x13,9(x2)	  x2:0x800412dd x13=0x00000000 PA:0x800412e6 load:0x00000000
        8625000	       763	800036cc	03f970b3	remu	x1,x18,x31	 x18:0x00000000 x31:0x80032484  x1=0x00000000
        8635000	       764	800036d0	00210803	lb	x16,2(x2)	  x2:0x800412dd x16=0x00000000 PA:0x800412df load:0x00000000
        8645000	       765	800036d4	00f10623	sb	x15,12(x2)	  x2:0x800412dd x15:0x00000000 PA:0x800412e9 store:0x00000000 load:0x00000000
        8655000	       766	800036d8	872d	c.srai	x14,0xb	 x14:0x00000000 x14=0x00000000
        8665000	       767	800036da	27fd2c93	slti	x25,x26,639	 x26:0x00000001 x25=0x00000001
        8675000	       768	800036de	fed10c23	sb	x13,-8(x2)	  x2:0x800412dd x13:0x00000000 PA:0x800412d5 store:0x00000000 load:0x00000000
        8685000	       769	800036e2	405e52b3	sra	x5,x28,x5	 x28:0x00000000  x5:0x00000000  x5=0x00000000
        8725000	       773	800036e6	03241933	mulh	x18,x8,x18	  x8:0xffffffff x18:0x00000000 x18=0x00000000
        8735000	       774	800036ea	8fe9	c.and	x15,x10	 x15:0x00000000 x10:0x00000000 x15=0x00000000
        8745000	       775	800036ec	01f116a3	sh	x31,13(x2)	  x2:0x800412dd x31:0x80032484 PA:0x800412ea store:0x80032484 load:0x00000000
        8755000	       776	800036f0	8c51	c.or	x8,x12	  x8:0xffffffff x12:0x00000000  x8=0xffffffff
        8765000	       777	800036f2	01be1833	sll	x16,x28,x27	 x28:0x00000000 x27:0x00000000 x16=0x00000000
        8775000	       778	800036f6	ffa10b03	lb	x22,-6(x2)	  x2:0x800412dd x22=0x00000000 PA:0x800412d7 load:0x00000000
        8785000	       779	800036fa	01b493b3	sll	x7,x9,x27	  x9:0x80047e64 x27:0x00000000  x7=0x80047e64
        8795000	       780	800036fe	ff610f83	lb	x31,-10(x2)	  x2:0x800412dd x31=0x00000000 PA:0x800412d3 load:0x00000000
        8805000	       781	80003702	00915183	lhu	x3,9(x2)	  x2:0x800412dd  x3=0x00000000 PA:0x800412e6 load:0x00000000
        8815000	       782	80003706	ff910e23	sb	x25,-4(x2)	  x2:0x800412dd x25:0x00000001 PA:0x800412d9 store:0x00000001 load:0x00000000
        8825000	       783	8000370a	ff814b03	lbu	x22,-8(x2)	  x2:0x800412dd x22=0x00000000 PA:0x800412d5 load:0x00000000
        8835000	       784	8000370e	ff010283	lb	x5,-16(x2)	  x2:0x800412dd  x5=0x00000000 PA:0x800412cd load:0x00000000
        8845000	       785	80003712	0002f117	auipc	x2,0x2f	  x2=0x80032712
        8855000	       786	80003716	93610113	addi	x2,x2,-1738	  x2:0x80032712  x2=0x80032048
        8865000	       787	8000371a	38e49d37	lui	x26,0x38e49	 x26=0x38e49000
        8875000	       788	8000371e	916a	c.add	x2,x26	  x2:0x80032048 x26:0x38e49000  x2=0xb8e7b048
        8885000	       789	80003720	2e1107a3	sb	x1,751(x2)	  x2:0xb8e7b048  x1:0x00000000 PA:0xb8e7b337 store:0x00000000 load:0x00000000
        8895000	       790	80003724	6e310ea3	sb	x3,1789(x2)	  x2:0xb8e7b048  x3:0x00000000 PA:0xb8e7b745 store:0x00000000 load:0x00000000
        8905000	       791	80003728	bc5103a3	sb	x5,-1081(x2)	  x2:0xb8e7b048  x5:0x00000000 PA:0xb8e7ac0f store:0x00000000 load:0x00000000
        8915000	       792	8000372c	40711223	sh	x7,1028(x2)	  x2:0xb8e7b048  x7:0x80047e64 PA:0xb8e7b44c store:0x80047e64 load:0x00000000
        8925000	       793	80003730	13fd	c.addi	x7,-1	  x7:0x80047e64  x7=0x80047e63
        8935000	       794	80003732	88910da3	sb	x9,-1893(x2)	  x2:0xb8e7b048  x9:0x80047e64 PA:0xb8e7a8e3 store:0x80047e64 load:0x00000000
        8945000	       795	80003736	0ee2f713	andi	x14,x5,238	  x5:0x00000000 x14=0x00000000
        8955000	       796	8000373a	8086	c.mv	x1,x1	  x0:0x00000000  x1:0x00000000  x1=0x00000000
        8965000	       797	8000373c	0c2a	c.slli	x24,0xa	 x24:0x00000000 x24=0x00000000
        8975000	       798	8000373e	2ef14c03	lbu	x24,751(x2)	  x2:0xb8e7b048 x24=0x00000000 PA:0xb8e7b337 load:0x00000000
        8985000	       799	80003742	632105a3	sb	x18,1579(x2)	  x2:0xb8e7b048 x18:0x00000000 PA:0xb8e7b673 store:0x00000000 load:0x00000000
        8995000	       800	80003746	60e1	c.lui	x1,0x18	  x1=0x00018000
        9005000	       801	80003748	6fd14883	lbu	x17,1789(x2)	  x2:0xb8e7b048 x17=0x00000000 PA:0xb8e7b745 load:0x00000000
        9015000	       802	8000374c	0020aeb3	slt	x29,x1,x2	  x1:0x00018000  x2:0xb8e7b048 x29=0x00000000
        9025000	       803	80003750	f7310fa3	sb	x19,-129(x2)	  x2:0xb8e7b048 x19:0x00000000 PA:0xb8e7afc7 store:0x00000000 load:0x00000000
        9035000	       804	80003754	8e39	c.xor	x12,x14	 x12:0x00000000 x14:0x00000000 x12=0x00000000
        9045000	       805	80003756	bc714603	lbu	x12,-1081(x2)	  x2:0xb8e7b048 x12=0x00000000 PA:0xb8e7ac0f load:0x00000000
        9055000	       806	8000375a	44410ea3	sb	x4,1117(x2)	  x2:0xb8e7b048  x4:0x00000000 PA:0xb8e7b4a5 store:0x00000000 load:0x00000000
        9065000	       807	8000375e	40415883	lhu	x17,1028(x2)	  x2:0xb8e7b048 x17=0x00007e64 PA:0xb8e7b44c load:0x00007e64
        9075000	       808	80003762	0003fb17	auipc	x22,0x3f	 x22=0x80042762
        9085000	       809	80003766	059b0b13	addi	x22,x22,89	 x22:0x80042762 x22=0x800427bb
        9095000	       810	8000376a	18bb4883	lbu	x17,395(x22)	 x22:0x800427bb x17=0x00000000 PA:0x80042946 load:0x00000000
        9105000	       811	8000376e	0eeb0003	lb	x0,238(x22)	 x22:0x800427bb  x0=0x00000000 PA:0x800428a9 load:0x00000000
        9125000	       813	80003772	032dddb3	divu	x27,x27,x18	 x27:0x00000000 x18:0x00000000 x27=0xffffffff
        9135000	       814	80003776	0eeb4303	lbu	x6,238(x22)	 x22:0x800427bb  x6=0x00000000 PA:0x800428a9 load:0x00000000
        9145000	       815	8000377a	0efb0723	sb	x15,238(x22)	 x22:0x800427bb x15:0x00000000 PA:0x800428a9 store:0x00000000 load:0x00000000
        9155000	       816	8000377e	3dbb0c23	sb	x27,984(x22)	 x22:0x800427bb x27:0xffffffff PA:0x80042b93 store:0xffffffff load:0x00000000
        9165000	       817	80003782	3d8b4d03	lbu	x26,984(x22)	 x22:0x800427bb x26=0x000000ff PA:0x80042b93 load:0x000000ff
        9175000	       818	80003786	fa0b0723	sb	x0,-82(x22)	 x22:0x800427bb  x0:0x00000000 PA:0x80042769 store:0x00000000 load:0x00000000
        9185000	       819	8000378a	faeb0983	lb	x19,-82(x22)	 x22:0x800427bb x19=0x00000000 PA:0x80042769 load:0x00000000
        9195000	       820	8000378e	faeb4803	lbu	x16,-82(x22)	 x22:0x800427bb x16=0x00000000 PA:0x80042769 load:0x00000000
        9205000	       821	80003792	0b96	c.slli	x23,0x5	 x23:0x00000000 x23=0x00000000
        9215000	       822	80003794	faeb4e03	lbu	x28,-82(x22)	 x22:0x800427bb x28=0x00000000 PA:0x80042769 load:0x00000000
        9225000	       823	80003798	7465f213	andi	x4,x11,1862	 x11:0x894eacb4  x4=0x00000404
        9255000	       826	8000379c	022a8433	mul	x8,x21,x2	 x21:0x00000000  x2:0xb8e7b048  x8=0x00000000
        9265000	       827	800037a0	fb2b0723	sb	x18,-82(x22)	 x22:0x800427bb x18:0x00000000 PA:0x80042769 store:0x00000000 load:0x00000000
        9275000	       828	800037a4	00032c97	auipc	x25,0x32	 x25=0x800357a4
        9285000	       829	800037a8	d5fc8c93	addi	x25,x25,-673	 x25:0x800357a4 x25=0x80035503
        9295000	       830	800037ac	0002f217	auipc	x4,0x2f	  x4=0x800327ac
        9305000	       831	800037b0	a2420213	addi	x4,x4,-1500	  x4:0x800327ac  x4=0x800321d0
        9315000	       832	800037b4	ffac8783	lb	x15,-6(x25)	 x25:0x80035503 x15=0x00000000 PA:0x800354fd load:0x00000000
        9325000	       833	800037b8	ff1caa83	lw	x21,-15(x25)	 x25:0x80035503 x21=0x00000000 PA:0x800354f4 load:0x00000000
        9335000	       834	800037bc	0ae21403	lh	x8,174(x4)	  x4:0x800321d0  x8=0x00000000 PA:0x8003227e load:0x00000000
        9345000	       835	800037c0	fe3c8ea3	sb	x3,-3(x25)	 x25:0x80035503  x3:0x00000000 PA:0x80035500 store:0x00000000 load:0x00000000
        9355000	       836	800037c4	0d120b83	lb	x23,209(x4)	  x4:0x800321d0 x23=0x00000000 PA:0x800322a1 load:0x00000000
        9365000	       837	800037c8	007c87a3	sb	x7,15(x25)	 x25:0x80035503  x7:0x80047e63 PA:0x80035512 store:0x80047e63 load:0x00000000
        9375000	       838	800037cc	06b24883	lbu	x17,107(x4)	  x4:0x800321d0 x17=0x00000000 PA:0x8003223b load:0x00000000
        9385000	       839	800037d0	07720fa3	sb	x23,127(x4)	  x4:0x800321d0 x23:0x00000000 PA:0x8003224f store:0x00000000 load:0x00000000
        9395000	       840	800037d4	f9f20923	sb	x31,-110(x4)	  x4:0x800321d0 x31:0x00000000 PA:0x80032162 store:0x00000000 load:0x00000000
        9405000	       841	800037d8	018c8623	sb	x24,12(x25)	 x25:0x80035503 x24:0x00000000 PA:0x8003550f store:0x00000000 load:0x00000000
        9415000	       842	800037dc	fae20283	lb	x5,-82(x4)	  x4:0x800321d0  x5=0x00000000 PA:0x8003217e load:0x00000000
        9425000	       843	800037e0	01ec8623	sb	x30,12(x25)	 x25:0x80035503 x30:0x8004bce4 PA:0x8003550f store:0x8004bce4 load:0x00000000
        9435000	       844	800037e4	0e824703	lbu	x14,232(x4)	  x4:0x800321d0 x14=0x00000000 PA:0x800322b8 load:0x00000000
        9445000	       845	800037e8	08124f83	lbu	x31,129(x4)	  x4:0x800321d0 x31=0x00000000 PA:0x80032251 load:0x00000000
        9455000	       846	800037ec	00dc83a3	sb	x13,7(x25)	 x25:0x80035503 x13:0x00000000 PA:0x8003550a store:0x00000000 load:0x00000000
        9465000	       847	800037f0	f0e205a3	sb	x14,-245(x4)	  x4:0x800321d0 x14:0x00000000 PA:0x800320db store:0x00000000 load:0x00000000
        9475000	       848	800037f4	0002fc17	auipc	x24,0x2f	 x24=0x800327f4
        9485000	       849	800037f8	a4bc0c13	addi	x24,x24,-1461	 x24:0x800327f4 x24=0x8003223f
        9495000	       850	800037fc	0003bb17	auipc	x22,0x3b	 x22=0x8003e7fc
        9505000	       851	80003800	541b0b13	addi	x22,x22,1345	 x22:0x8003e7fc x22=0x8003ed3d
        9515000	       852	80003804	0afb16a3	sh	x15,173(x22)	 x22:0x8003ed3d x15:0x00000000 PA:0x8003edea store:0x00000000 load:0x00000000
        9525000	       853	80003808	fffc5a03	lhu	x20,-1(x24)	 x24:0x8003223f x20=0x00000000 PA:0x8003223e load:0x00000000
        9535000	       854	8000380c	022b0e03	lb	x28,34(x22)	 x22:0x8003ed3d x28=0x00000000 PA:0x8003ed5f load:0x00000000
        9545000	       855	80003810	ffec0883	lb	x17,-2(x24)	 x24:0x8003223f x17=0x00000000 PA:0x8003223d load:0x00000000
        9555000	       856	80003814	018b0403	lb	x8,24(x22)	 x22:0x8003ed3d  x8=0x00000000 PA:0x8003ed55 load:0x00000000
        9565000	       857	80003818	09ab0e23	sb	x26,156(x22)	 x22:0x8003ed3d x26:0x000000ff PA:0x8003edd9 store:0x000000ff load:0x00000000
        9575000	       858	8000381c	008b06a3	sb	x8,13(x22)	 x22:0x8003ed3d  x8:0x00000000 PA:0x8003ed4a store:0x00000000 load:0x00000000
        9585000	       859	80003820	fe3c0e23	sb	x3,-4(x24)	 x24:0x8003223f  x3:0x00000000 PA:0x8003223b store:0x00000000 load:0x00000000
        9595000	       860	80003824	f64b2da3	sw	x4,-133(x22)	 x22:0x8003ed3d  x4:0x800321d0 PA:0x8003ecb8 store:0x800321d0 load:0x00000000
        9605000	       861	80003828	002c0983	lb	x19,2(x24)	 x24:0x8003223f x19=0x00000000 PA:0x80032241 load:0x00000000
        9615000	       862	8000382c	008c16a3	sh	x8,13(x24)	 x24:0x8003223f  x8:0x00000000 PA:0x8003224c store:0x00000000 load:0x00000000
        9625000	       863	80003830	0d1b0e23	sb	x17,220(x22)	 x22:0x8003ed3d x17:0x00000000 PA:0x8003ee19 store:0x00000000 load:0x00000000
        9635000	       864	80003834	facb09a3	sb	x12,-77(x22)	 x22:0x8003ed3d x12:0x00000000 PA:0x8003ecf0 store:0x00000000 load:0x00000000
        9645000	       865	80003838	ff1c4403	lbu	x8,-15(x24)	 x24:0x8003223f  x8=0x00000000 PA:0x80032230 load:0x00000000
        9655000	       866	8000383c	005c0023	sb	x5,0(x24)	 x24:0x8003223f  x5:0x00000000 PA:0x8003223f store:0x00000000 load:0x00000000
        9665000	       867	80003840	00031117	auipc	x2,0x31	  x2=0x80034840
        9675000	       868	80003844	85710113	addi	x2,x2,-1961	  x2:0x80034840  x2=0x80034097
        9685000	       869	80003848	06c113a3	sh	x12,103(x2)	  x2:0x80034097 x12:0x00000000 PA:0x800340fe store:0x00000000 load:0x00000000
        9695000	       870	8000384c	06710203	lb	x4,103(x2)	  x2:0x80034097  x4=0x00000000 PA:0x800340fe load:0x00000000
        9705000	       871	80003850	068103a3	sb	x8,103(x2)	  x2:0x80034097  x8:0x00000000 PA:0x800340fe store:0x00000000 load:0x00000000
        9715000	       872	80003854	079103a3	sb	x25,103(x2)	  x2:0x80034097 x25:0x80035503 PA:0x800340fe store:0x80035503 load:0x00000000
        9725000	       873	80003858	06715083	lhu	x1,103(x2)	  x2:0x80034097  x1=0x00000003 PA:0x800340fe load:0x00000003
        9735000	       874	8000385c	06710283	lb	x5,103(x2)	  x2:0x80034097  x5=0x00000003 PA:0x800340fe load:0x00000003
        9745000	       875	80003860	06711303	lh	x6,103(x2)	  x2:0x80034097  x6=0x00000003 PA:0x800340fe load:0x00000003
        9755000	       876	80003864	97f10283	lb	x5,-1665(x2)	  x2:0x80034097  x5=0x00000000 PA:0x80033a16 load:0x00000000
        9765000	       877	80003868	97110fa3	sb	x17,-1665(x2)	  x2:0x80034097 x17:0x00000000 PA:0x80033a16 store:0x00000000 load:0x00000000
        9775000	       878	8000386c	01dfc933	xor	x18,x31,x29	 x31:0x00000000 x29:0x00000000 x18=0x00000000
        9785000	       879	80003870	97f15e03	lhu	x28,-1665(x2)	  x2:0x80034097 x28=0x00000000 PA:0x80033a16 load:0x00000000
        9795000	       880	80003874	97011fa3	sh	x16,-1665(x2)	  x2:0x80034097 x16:0x00000000 PA:0x80033a16 store:0x00000000 load:0x00000000
        9805000	       881	80003878	97f14403	lbu	x8,-1665(x2)	  x2:0x80034097  x8=0x00000000 PA:0x80033a16 load:0x00000000
        9815000	       882	8000387c	00035097	auipc	x1,0x35	  x1=0x8003887c
        9825000	       883	80003880	2b508093	addi	x1,x1,693	  x1:0x8003887c  x1=0x80038b31
        9835000	       884	80003884	0001	c.addi	x0,0	  x0:0x00000000  x0=0x00000000
        9845000	       885	80003886	4880cf83	lbu	x31,1160(x1)	  x1:0x80038b31 x31=0x00000000 PA:0x80038fb9 load:0x00000000
        9855000	       886	8000388a	8d7d	c.and	x10,x15	 x10:0x00000000 x15:0x00000000 x10=0x00000000
        9865000	       887	8000388c	ac50a5a3	sw	x5,-1333(x1)	  x1:0x80038b31  x5:0x00000000 PA:0x800385fc store:0x00000000 load:0x00000000
        9875000	       888	80003890	8e89	c.sub	x13,x10	 x13:0x00000000 x10:0x00000000 x13=0x00000000
        9885000	       889	80003892	ad808123	sb	x24,-1342(x1)	  x1:0x80038b31 x24:0x8003223f PA:0x800385f3 store:0x8003223f load:0x00000000
        9895000	       890	80003896	002c1793	slli	x15,x24,0x2	 x24:0x8003223f x15=0x000c88fc
        9905000	       891	8000389a	870d	c.srai	x14,0x3	 x14:0x00000000 x14=0x00000000
        9915000	       892	8000389c	23b0a603	lw	x12,571(x1)	  x1:0x80038b31 x12=0x00000000 PA:0x80038d6c load:0x00000000
        9925000	       893	800038a0	8699	c.srai	x13,0x6	 x13:0x00000000 x13=0x00000000
        9935000	       894	800038a2	56808503	lb	x10,1384(x1)	  x1:0x80038b31 x10=0x00000000 PA:0x80039099 load:0x00000000
        9945000	       895	800038a6	d6e0a1a3	sw	x14,-669(x1)	  x1:0x80038b31 x14:0x00000000 PA:0x80038894 store:0x00000000 load:0x00000000
        9955000	       896	800038aa	a7b1e117	auipc	x2,0xa7b1e	  x2=0x27b218aa
        9965000	       897	800038ae	004e0cb3	add	x25,x28,x4	 x28:0x00000000  x4:0x00000000 x25=0x00000000
        9975000	       898	800038b2	86b0dd83	lhu	x27,-1941(x1)	  x1:0x80038b31 x27=0x00000000 PA:0x8003839c load:0x00000000
        9985000	       899	800038b6	0134f1b3	and	x3,x9,x19	  x9:0x80047e64 x19:0x00000000  x3=0x00000000
        9995000	       900	800038ba	f010cb03	lbu	x22,-255(x1)	  x1:0x80038b31 x22=0x00000000 PA:0x80038a32 load:0x00000000
       10015000	       902	800038be	ed60afa3	sw	x22,-289(x1)	  x1:0x80038b31 x22:0x00000000 PA:0x80038a10 store:0x00000000 load:0x00000000
       10025000	       903	800038c2	f29c2813	slti	x16,x24,-215	 x24:0x8003223f x16=0x00000001
       10035000	       904	800038c6	20a08623	sb	x10,524(x1)	  x1:0x80038b31 x10:0x00000000 PA:0x80038d3d store:0x00000000 load:0x00000000
       10045000	       905	800038ca	b750d203	lhu	x4,-1163(x1)	  x1:0x80038b31  x4=0x00000000 PA:0x800386a6 load:0x00000000
       10055000	       906	800038ce	adf082a3	sb	x31,-1339(x1)	  x1:0x80038b31 x31:0x00000000 PA:0x800385f6 store:0x00000000 load:0x00000000
       10065000	       907	800038d2	8371	c.srli	x14,0x1c	 x14:0x00000000 x14=0x00000000
       10075000	       908	800038d4	4066d033	sra	x0,x13,x6	 x13:0x00000000  x6:0x00000003  x0=0x00000000
       10085000	       909	800038d8	84208023	sb	x2,-1984(x1)	  x1:0x80038b31  x2:0x27b218aa PA:0x80038371 store:0x27b218aa load:0x00000000
       10095000	       910	800038dc	bdc0c283	lbu	x5,-1060(x1)	  x1:0x80038b31  x5=0x00000000 PA:0x8003870d load:0x00000000
       10105000	       911	800038e0	33ca3fb7	lui	x31,0x33ca3	 x31=0x33ca3000
       10115000	       912	800038e4	8745	c.srai	x14,0x11	 x14:0x00000000 x14=0x00000000
       10125000	       913	800038e6	dbe0aba3	sw	x30,-585(x1)	  x1:0x80038b31 x30:0x8004bce4 PA:0x800388e8 store:0x8004bce4 load:0x00000000
       10135000	       914	800038ea	566097a3	sh	x6,1391(x1)	  x1:0x80038b31  x6:0x00000003 PA:0x800390a0 store:0x00000003 load:0x00000000
       10145000	       915	800038ee	0002f117	auipc	x2,0x2f	  x2=0x800328ee
       10155000	       916	800038f2	a9010113	addi	x2,x2,-1392	  x2:0x800328ee  x2=0x8003237e
       10165000	       917	800038f6	de014d03	lbu	x26,-544(x2)	  x2:0x8003237e x26=0x00000000 PA:0x8003215e load:0x00000000
       10175000	       918	800038fa	039d	c.addi	x7,7	  x7:0x80047e63  x7=0x80047e6a
       10185000	       919	800038fc	13411003	lh	x0,308(x2)	  x2:0x8003237e  x0=0x00000000 PA:0x800324b2 load:0x00000000
       10195000	       920	80003900	65114883	lbu	x17,1617(x2)	  x2:0x8003237e x17=0x00000000 PA:0x800329cf load:0x00000000
       10205000	       921	80003904	6e7109a3	sb	x7,1779(x2)	  x2:0x8003237e  x7:0x80047e6a PA:0x80032a71 store:0x80047e6a load:0x00000000
       10215000	       922	80003908	0001	c.addi	x0,0	  x0:0x00000000  x0=0x00000000
       10225000	       923	8000390a	4de15a83	lhu	x21,1246(x2)	  x2:0x8003237e x21=0x00000000 PA:0x8003285c load:0x00000000
       10235000	       924	8000390e	0167f7b3	and	x15,x15,x22	 x15:0x000c88fc x22:0x00000000 x15=0x00000000
       10245000	       925	80003912	8145	c.srli	x10,0x11	 x10:0x00000000 x10=0x00000000
       10255000	       926	80003914	05f11623	sh	x31,76(x2)	  x2:0x8003237e x31:0x33ca3000 PA:0x800323ca store:0x33ca3000 load:0x00000000
       10265000	       927	80003918	5c7106a3	sb	x7,1485(x2)	  x2:0x8003237e  x7:0x80047e6a PA:0x8003294b store:0x80047e6a load:0x00000000
       10275000	       928	8000391c	5cd14b83	lbu	x23,1485(x2)	  x2:0x8003237e x23=0x0000006a PA:0x8003294b load:0x0000006a
       10285000	       929	80003920	12f10c83	lb	x25,303(x2)	  x2:0x8003237e x25=0x00000000 PA:0x800324ad load:0x00000000
       10295000	       930	80003924	013168b3	or	x17,x2,x19	  x2:0x8003237e x19:0x00000000 x17=0x8003237e
       10305000	       931	80003928	139107a3	sb	x25,303(x2)	  x2:0x8003237e x25:0x00000000 PA:0x800324ad store:0x00000000 load:0x00000000
       10315000	       932	8000392c	8825	c.andi	x8,9	  x8:0x00000000  x8=0x00000000
       10325000	       933	8000392e	125107a3	sb	x5,303(x2)	  x2:0x8003237e  x5:0x00000000 PA:0x800324ad store:0x00000000 load:0x00000000
       10335000	       934	80003932	57b10e03	lb	x28,1403(x2)	  x2:0x8003237e x28=0x00000000 PA:0x800328f9 load:0x00000000
       10345000	       935	80003936	010103a3	sb	x16,7(x2)	  x2:0x8003237e x16:0x00000001 PA:0x80032385 store:0x00000001 load:0x00000000
       10355000	       936	8000393a	fed10903	lb	x18,-19(x2)	  x2:0x8003237e x18=0x00000000 PA:0x8003236b load:0x00000000
       10365000	       937	8000393e	6b35	c.lui	x22,0xd	 x22=0x0000d000
       10375000	       938	80003940	7fc15b83	lhu	x23,2044(x2)	  x2:0x8003237e x23=0x00000000 PA:0x80032b7a load:0x00000000
       10385000	       939	80003944	00910d83	lb	x27,9(x2)	  x2:0x8003237e x27=0x00000000 PA:0x80032387 load:0x00000000
       10395000	       940	80003948	0002ee17	auipc	x28,0x2e	 x28=0x80031948
       10405000	       941	8000394c	700e0e13	addi	x28,x28,1792	 x28:0x80031948 x28=0x80032048
       10415000	       942	80003950	6f8d2fb7	lui	x31,0x6f8d2	 x31=0x6f8d2000
       10425000	       943	80003954	9e7e	c.add	x28,x31	 x28:0x80032048 x31:0x6f8d2000 x28=0xef904048
       10435000	       944	80003956	f40e1f23	sh	x0,-162(x28)	 x28:0xef904048  x0:0x00000000 PA:0xef903fa6 store:0x00000000 load:0x00000000
       10445000	       945	8000395a	8e1e1723	sh	x1,-1810(x28)	 x28:0xef904048  x1:0x80038b31 PA:0xef903936 store:0x80038b31 load:0x00000000
       10455000	       946	8000395e	305e2023	sw	x5,768(x28)	 x28:0xef904048  x5:0x00000000 PA:0xef904348 store:0x00000000 load:0x00000000
       10465000	       947	80003962	866e1f23	sh	x6,-1922(x28)	 x28:0xef904048  x6:0x00000003 PA:0xef9038c6 store:0x00000003 load:0x00000000
       10475000	       948	80003966	7369f213	andi	x4,x19,1846	 x19:0x00000000  x4=0x00000000
       10485000	       949	8000396a	f5ee5803	lhu	x16,-162(x28)	 x28:0xef904048 x16=0x00000000 PA:0xef903fa6 load:0x00000000
       10495000	       950	8000396e	8eee1303	lh	x6,-1810(x28)	 x28:0xef904048  x6=0xffff8b31 PA:0xef903936 load:0xffff8b31
       10505000	       951	80003972	7e7e2e23	sw	x7,2044(x28)	 x28:0xef904048  x7:0x80047e6a PA:0xef904844 store:0x80047e6a load:0x00000000
       10515000	       952	80003976	878e0223	sb	x24,-1948(x28)	 x28:0xef904048 x24:0x8003223f PA:0xef9038ac store:0x8003223f load:0x00000000
       10525000	       953	8000397a	b9550893	addi	x17,x10,-1131	 x10:0x00000000 x17=0xfffffb95
       10535000	       954	8000397e	ef8e04a3	sb	x24,-279(x28)	 x28:0xef904048 x24:0x8003223f PA:0xef903f31 store:0x8003223f load:0x00000000
       10565000	       957	80003982	03ec0c33	mul	x24,x24,x30	 x24:0x8003223f x30:0x8004bce4 x24=0x58ecc41c
       10575000	       958	80003986	01c53ab3	sltu	x21,x10,x28	 x10:0x00000000 x28:0xef904048 x21=0x00000001
       10585000	       959	8000398a	59fd	c.li	x19,-1	 x19=0xffffffff
       10595000	       960	8000398c	01b38bb3	add	x23,x7,x27	  x7:0x80047e6a x27:0x00000000 x23=0x80047e6a
       10605000	       961	80003990	300e2203	lw	x4,768(x28)	 x28:0xef904048  x4=0x00000000 PA:0xef904348 load:0x00000000
       10615000	       962	80003994	87ee1303	lh	x6,-1922(x28)	 x28:0xef904048  x6=0x00000003 PA:0xef9038c6 load:0x00000003
       10625000	       963	80003998	0002fe17	auipc	x28,0x2f	 x28=0x80032998
       10635000	       964	8000399c	ba0e0e13	addi	x28,x28,-1120	 x28:0x80032998 x28=0x80032538
       10645000	       965	800039a0	f73e09a3	sb	x19,-141(x28)	 x28:0x80032538 x19:0xffffffff PA:0x800324ab store:0xffffffff load:0x00000000
       10655000	       966	800039a4	f73e4d03	lbu	x26,-141(x28)	 x28:0x80032538 x26=0x000000ff PA:0x800324ab load:0x000000ff
       10665000	       967	800039a8	f86fba13	sltiu	x20,x31,-122	 x31:0x6f8d2000 x20=0x00000001
       10675000	       968	800039ac	f61e09a3	sb	x1,-141(x28)	 x28:0x80032538  x1:0x80038b31 PA:0x800324ab store:0x80038b31 load:0x00000000
       10685000	       969	800039b0	f73e0d03	lb	x26,-141(x28)	 x28:0x80032538 x26=0x00000031 PA:0x800324ab load:0x00000031
       10695000	       970	800039b4	f65e4b83	lbu	x23,-155(x28)	 x28:0x80032538 x23=0x00000000 PA:0x8003249d load:0x00000000
       10705000	       971	800039b8	f65e0c03	lb	x24,-155(x28)	 x28:0x80032538 x24=0x00000000 PA:0x8003249d load:0x00000000
       10715000	       972	800039bc	f01e4f83	lbu	x31,-255(x28)	 x28:0x80032538 x31=0x00000000 PA:0x80032439 load:0x00000000
       10725000	       973	800039c0	f01e4d83	lbu	x27,-255(x28)	 x28:0x80032538 x27=0x00000000 PA:0x80032439 load:0x00000000
       10735000	       974	800039c4	017e4103	lbu	x2,23(x28)	 x28:0x80032538  x2=0x00000000 PA:0x8003254f load:0x00000000
       10745000	       975	800039c8	001e0ba3	sb	x1,23(x28)	 x28:0x80032538  x1:0x80038b31 PA:0x8003254f store:0x80038b31 load:0x00000000
       10755000	       976	800039cc	0002f117	auipc	x2,0x2f	  x2=0x800329cc
       10765000	       977	800039d0	67c10113	addi	x2,x2,1660	  x2:0x800329cc  x2=0x80033048
       10775000	       978	800039d4	3ff1bfb7	lui	x31,0x3ff1b	 x31=0x3ff1b000
       10785000	       979	800039d8	917e	c.add	x2,x31	  x2:0x80033048 x31:0x3ff1b000  x2=0xbff4e048
       10795000	       980	800039da	420104a3	sb	x0,1065(x2)	  x2:0xbff4e048  x0:0x00000000 PA:0xbff4e471 store:0x00000000 load:0x00000000
       10805000	       981	800039de	822107a3	sb	x2,-2001(x2)	  x2:0xbff4e048  x2:0xbff4e048 PA:0xbff4d877 store:0xbff4e048 load:0x00000000
       10815000	       982	800039e2	9a410123	sb	x4,-1630(x2)	  x2:0xbff4e048  x4:0x00000000 PA:0xbff4d9ea store:0x00000000 load:0x00000000
       10825000	       983	800039e6	5a511e23	sh	x5,1468(x2)	  x2:0xbff4e048  x5:0x00000000 PA:0xbff4e604 store:0x00000000 load:0x00000000
       10835000	       984	800039ea	df136c93	ori	x25,x6,-527	  x6:0x00000003 x25=0xfffffdf3
       10845000	       985	800039ee	42914d83	lbu	x27,1065(x2)	  x2:0xbff4e048 x27=0x00000000 PA:0xbff4e471 load:0x00000000
       10855000	       986	800039f2	01f49433	sll	x8,x9,x31	  x9:0x80047e64 x31:0x3ff1b000  x8=0x80047e64
       10865000	       987	800039f6	40eed193	srai	x3,x29,0xe	 x29:0x00000000  x3=0x00000000
       10875000	       988	800039fa	bbd11423	sh	x29,-1112(x2)	  x2:0xbff4e048 x29:0x00000000 PA:0xbff4dbf0 store:0x00000000 load:0x00000000
       10885000	       989	800039fe	82f14e83	lbu	x29,-2001(x2)	  x2:0xbff4e048 x29=0x00000048 PA:0xbff4d877 load:0x00000048
       10895000	       990	80003a02	8f15	c.sub	x14,x13	 x14:0x00000000 x13:0x00000000 x14=0x00000000
       10905000	       991	80003a04	9bba	c.add	x23,x14	 x23:0x00000000 x14:0x00000000 x23=0x00000000
       10915000	       992	80003a06	0036a833	slt	x16,x13,x3	 x13:0x00000000  x3:0x00000000 x16=0x00000000
       10925000	       993	80003a0a	23993993	sltiu	x19,x18,569	 x18:0x00000000 x19=0x00000001
       10935000	       994	80003a0e	00482db3	slt	x27,x16,x4	 x16:0x00000000  x4:0x00000000 x27=0x00000000
       10945000	       995	80003a12	c9811d23	sh	x24,-870(x2)	  x2:0xbff4e048 x24:0x00000000 PA:0xbff4dce2 store:0x00000000 load:0x00000000
       10955000	       996	80003a16	8fa1	c.xor	x15,x8	 x15:0x00000000  x8:0x80047e64 x15=0x80047e64
       10965000	       997	80003a18	9a214e83	lbu	x29,-1630(x2)	  x2:0xbff4e048 x29=0x00000000 PA:0xbff4d9ea load:0x00000000
       10975000	       998	80003a1c	5bc11503	lh	x10,1468(x2)	  x2:0xbff4e048 x10=0x00000000 PA:0xbff4e604 load:0x00000000
       10985000	       999	80003a20	0002f117	auipc	x2,0x2f	  x2=0x80032a20
       10995000	      1000	80003a24	83110113	addi	x2,x2,-1999	  x2:0x80032a20  x2=0x80032251
       11005000	      1001	80003a28	f3d114a3	sh	x29,-215(x2)	  x2:0x80032251 x29:0x00000000 PA:0x8003217a store:0x00000000 load:0x00000000
       11015000	      1002	80003a2c	f23114a3	sh	x3,-215(x2)	  x2:0x80032251  x3:0x00000000 PA:0x8003217a store:0x00000000 load:0x00000000
       11025000	      1003	80003a30	5f712da3	sw	x23,1531(x2)	  x2:0x80032251 x23:0x00000000 PA:0x8003284c store:0x00000000 load:0x00000000
       11035000	      1004	80003a34	5fb12883	lw	x17,1531(x2)	  x2:0x80032251 x17=0x00000000 PA:0x8003284c load:0x00000000
       11045000	      1005	80003a38	5eb12da3	sw	x11,1531(x2)	  x2:0x80032251 x11:0x894eacb4 PA:0x8003284c store:0x894eacb4 load:0x00000000
       11055000	      1006	80003a3c	5f112da3	sw	x17,1531(x2)	  x2:0x80032251 x17:0x00000000 PA:0x8003284c store:0x00000000 load:0x00000000
       11065000	      1007	80003a40	00b90fb3	add	x31,x18,x11	 x18:0x00000000 x11:0x894eacb4 x31=0x894eacb4
       11075000	      1008	80003a44	5fb12e83	lw	x29,1531(x2)	  x2:0x80032251 x29=0x00000000 PA:0x8003284c load:0x00000000
       11085000	      1009	80003a48	5fb15a03	lhu	x20,1531(x2)	  x2:0x80032251 x20=0x00000000 PA:0x8003284c load:0x00000000
       11095000	      1010	80003a4c	5fb11683	lh	x13,1531(x2)	  x2:0x80032251 x13=0x00000000 PA:0x8003284c load:0x00000000
       11105000	      1011	80003a50	5fb15c03	lhu	x24,1531(x2)	  x2:0x80032251 x24=0x00000000 PA:0x8003284c load:0x00000000
       11115000	      1012	80003a54	8e0d	c.sub	x12,x11	 x12:0x00000000 x11:0x894eacb4 x12=0x76b1534c
       11125000	      1013	80003a56	02b15003	lhu	x0,43(x2)	  x2:0x80032251  x0=0x00000000 PA:0x8003227c load:0x00000000
       11135000	      1014	80003a5a	02b12883	lw	x17,43(x2)	  x2:0x80032251 x17=0x00000000 PA:0x8003227c load:0x00000000
       11145000	      1015	80003a5e	ef511e03	lh	x28,-267(x2)	  x2:0x80032251 x28=0x00000000 PA:0x80032146 load:0x00000000
       11185000	      1019	80003a62	02f611b3	mulh	x3,x12,x15	 x12:0x76b1534c x15:0x80047e64  x3=0xc4a96bb8
       11195000	      1020	80003a66	ef510283	lb	x5,-267(x2)	  x2:0x80032251  x5=0x00000000 PA:0x80032146 load:0x00000000
       11205000	      1021	80003a6a	0de11ea3	sh	x30,221(x2)	  x2:0x80032251 x30:0x8004bce4 PA:0x8003232e store:0x8004bce4 load:0x00000000
       11225000	      1023	80003a6e	02535d33	divu	x26,x6,x5	  x6:0x00000003  x5:0x00000000 x26=0xffffffff
       11235000	      1024	80003a72	0c410ea3	sb	x4,221(x2)	  x2:0x80032251  x4:0x00000000 PA:0x8003232e store:0x00000000 load:0x00000000
       11245000	      1025	80003a76	0002f817	auipc	x16,0x2f	 x16=0x80032a76
       11255000	      1026	80003a7a	5d280813	addi	x16,x16,1490	 x16:0x80032a76 x16=0x80033048
       11265000	      1027	80003a7e	00f69e37	lui	x28,0xf69	 x28=0x00f69000
       11275000	      1028	80003a82	9872	c.add	x16,x28	 x16:0x80033048 x28:0x00f69000 x16=0x80f9c048
       11285000	      1029	80003a84	b40803a3	sb	x0,-1209(x16)	 x16:0x80f9c048  x0:0x00000000 PA:0x80f9bb8f store:0x00000000 load:0x00000000
       11295000	      1030	80003a88	18181723	sh	x1,398(x16)	 x16:0x80f9c048  x1:0x80038b31 PA:0x80f9c1d6 store:0x80038b31 load:0x00000000
       11305000	      1031	80003a8c	1e281823	sh	x2,496(x16)	 x16:0x80f9c048  x2:0x80032251 PA:0x80f9c238 store:0x80032251 load:0x00000000
       11315000	      1032	80003a90	08380f23	sb	x3,158(x16)	 x16:0x80f9c048  x3:0xc4a96bb8 PA:0x80f9c0e6 store:0xc4a96bb8 load:0x00000000
       11325000	      1033	80003a94	f84801a3	sb	x4,-125(x16)	 x16:0x80f9c048  x4:0x00000000 PA:0x80f9bfcb store:0x00000000 load:0x00000000
       11335000	      1034	80003a98	74580ba3	sb	x5,1879(x16)	 x16:0x80f9c048  x5:0x00000000 PA:0x80f9c79f store:0x00000000 load:0x00000000
       11345000	      1035	80003a9c	28681a23	sh	x6,660(x16)	 x16:0x80f9c048  x6:0x00000003 PA:0x80f9c2dc store:0x00000003 load:0x00000000
       11355000	      1036	80003aa0	7c7800a3	sb	x7,1985(x16)	 x16:0x80f9c048  x7:0x80047e6a PA:0x80f9c809 store:0x80047e6a load:0x00000000
       11365000	      1037	80003aa4	9b7d	c.andi	x14,-1	 x14:0x00000000 x14=0x00000000
       11375000	      1038	80003aa6	011571b3	and	x3,x10,x17	 x10:0x00000000 x17:0x00000000  x3=0x00000000
       11385000	      1039	80003aaa	b4784503	lbu	x10,-1209(x16)	 x16:0x80f9c048 x10=0x00000000 PA:0x80f9bb8f load:0x00000000
       11395000	      1040	80003aae	18e81983	lh	x19,398(x16)	 x16:0x80f9c048 x19=0xffff8b31 PA:0x80f9c1d6 load:0xffff8b31
       11405000	      1041	80003ab2	1f085983	lhu	x19,496(x16)	 x16:0x80f9c048 x19=0x00002251 PA:0x80f9c238 load:0x00002251
       11415000	      1042	80003ab6	09e84e03	lbu	x28,158(x16)	 x16:0x80f9c048 x28=0x000000b8 PA:0x80f9c0e6 load:0x000000b8
       11425000	      1043	80003aba	8e9d	c.sub	x13,x15	 x13:0x00000000 x15:0x80047e64 x13=0x7ffb819c
       11435000	      1044	80003abc	f8384983	lbu	x19,-125(x16)	 x16:0x80f9c048 x19=0x00000000 PA:0x80f9bfcb load:0x00000000
       11445000	      1045	80003ac0	877d	c.srai	x14,0x1f	 x14:0x00000000 x14=0x00000000
       11815000	      1082	80003ac2	03c573b3	remu	x7,x10,x28	 x10:0x00000000 x28:0x000000b8  x7=0x00000000
       11825000	      1083	80003ac6	00ce	c.slli	x1,0x13	  x1:0x80038b31  x1=0x59880000
       11835000	      1084	80003ac8	75784003	lbu	x0,1879(x16)	 x16:0x80f9c048  x0=0x00000000 PA:0x80f9c79f load:0x00000000
       11845000	      1085	80003acc	29481183	lh	x3,660(x16)	 x16:0x80f9c048  x3=0x00000003 PA:0x80f9c2dc load:0x00000003
       11855000	      1086	80003ad0	7c184983	lbu	x19,1985(x16)	 x16:0x80f9c048 x19=0x0000006a PA:0x80f9c809 load:0x0000006a
       11865000	      1087	80003ad4	0002ff97	auipc	x31,0x2f	 x31=0x80032ad4
       11875000	      1088	80003ad8	334f8f93	addi	x31,x31,820	 x31:0x80032ad4 x31=0x80032e08
       11885000	      1089	80003adc	03af8d03	lb	x26,58(x31)	 x31:0x80032e08 x26=0x00000000 PA:0x80032e42 load:0x00000000
       11895000	      1090	80003ae0	03af9c83	lh	x25,58(x31)	 x31:0x80032e08 x25=0x00000000 PA:0x80032e42 load:0x00000000
       11905000	      1091	80003ae4	01fbca33	xor	x20,x23,x31	 x23:0x00000000 x31:0x80032e08 x20=0x80032e08
       11915000	      1092	80003ae8	036f9d23	sh	x22,58(x31)	 x31:0x80032e08 x22:0x0000d000 PA:0x80032e42 store:0x0000d000 load:0x00000000
       11925000	      1093	80003aec	03cfce03	lbu	x28,60(x31)	 x31:0x80032e08 x28=0x00000000 PA:0x80032e44 load:0x00000000
       11935000	      1094	80003af0	5ef50013	addi	x0,x10,1519	 x10:0x00000000  x0=0x00000000
       11945000	      1095	80003af4	02ef9e23	sh	x14,60(x31)	 x31:0x80032e08 x14:0x00000000 PA:0x80032e44 store:0x00000000 load:0x00000000
       11955000	      1096	80003af8	8665	c.srai	x12,0x19	 x12:0x76b1534c x12=0x0000003b
       11965000	      1097	80003afa	fc0fd203	lhu	x4,-64(x31)	 x31:0x80032e08  x4=0x00000000 PA:0x80032dc8 load:0x00000000
       11975000	      1098	80003afe	049fa023	sw	x9,64(x31)	 x31:0x80032e08  x9:0x80047e64 PA:0x80032e48 store:0x80047e64 load:0x00000000
       11985000	      1099	80003b02	0ff0000f	fence	iorw,iorw	
       11995000	      1100	80003b06	039f8883	lb	x17,57(x31)	 x31:0x80032e08 x17=0x00000000 PA:0x80032e41 load:0x00000000
       12005000	      1101	80003b0a	027f8ca3	sb	x7,57(x31)	 x31:0x80032e08  x7:0x00000000 PA:0x80032e41 store:0x00000000 load:0x00000000
       12015000	      1102	80003b0e	039f8503	lb	x10,57(x31)	 x31:0x80032e08 x10=0x00000000 PA:0x80032e41 load:0x00000000
       12025000	      1103	80003b12	03af8e03	lb	x28,58(x31)	 x31:0x80032e08 x28=0x00000000 PA:0x80032e42 load:0x00000000
       12035000	      1104	80003b16	03afc383	lbu	x7,58(x31)	 x31:0x80032e08  x7=0x00000000 PA:0x80032e42 load:0x00000000
       12045000	      1105	80003b1a	03af9983	lh	x19,58(x31)	 x31:0x80032e08 x19=0xffffd000 PA:0x80032e42 load:0xffffd000
       12055000	      1106	80003b1e	fcdfcc03	lbu	x24,-51(x31)	 x31:0x80032e08 x24=0x00000000 PA:0x80032dd5 load:0x00000000
       12065000	      1107	80003b22	00035117	auipc	x2,0x35	  x2=0x80038b22
       12075000	      1108	80003b26	e8110113	addi	x2,x2,-383	  x2:0x80038b22  x2=0x800389a3
       12085000	      1109	80003b2a	02610783	lb	x15,38(x2)	  x2:0x800389a3 x15=0x00000000 PA:0x800389c9 load:0x00000000
       12095000	      1110	80003b2e	fdb15d83	lhu	x27,-37(x2)	  x2:0x800389a3 x27=0x00000000 PA:0x8003897e load:0x00000000
       12105000	      1111	80003b32	6109f893	andi	x17,x19,1552	 x19:0xffffd000 x17=0x00000000
       12145000	      1115	80003b36	03e92433	mulhsu	x8,x18,x30	 x18:0x00000000 x30:0x8004bce4  x8=0x00000000
       12155000	      1116	80003b3a	00f107a3	sb	x15,15(x2)	  x2:0x800389a3 x15:0x00000000 PA:0x800389b2 store:0x00000000 load:0x00000000
       12165000	      1117	80003b3e	01d15183	lhu	x3,29(x2)	  x2:0x800389a3  x3=0x00000000 PA:0x800389c0 load:0x00000000
       12175000	      1118	80003b42	8c4d	c.or	x8,x11	  x8:0x00000000 x11:0x894eacb4  x8=0x894eacb4
       12185000	      1119	80003b44	fe014203	lbu	x4,-32(x2)	  x2:0x800389a3  x4=0x00000000 PA:0x80038983 load:0x00000000
       12195000	      1120	80003b48	92ba	c.add	x5,x14	  x5:0x00000000 x14:0x00000000  x5=0x00000000
       12205000	      1121	80003b4a	ff010c83	lb	x25,-16(x2)	  x2:0x800389a3 x25=0x00000000 PA:0x80038993 load:0x00000000
       12215000	      1122	80003b4e	ffa109a3	sb	x26,-13(x2)	  x2:0x800389a3 x26:0x00000000 PA:0x80038996 store:0x00000000 load:0x00000000
       12225000	      1123	80003b52	03315a03	lhu	x20,51(x2)	  x2:0x800389a3 x20=0x00000000 PA:0x800389d6 load:0x00000000
       12235000	      1124	80003b56	fe715983	lhu	x19,-25(x2)	  x2:0x800389a3 x19=0x00000000 PA:0x8003898a load:0x00000000
       12245000	      1125	80003b5a	02315d03	lhu	x26,35(x2)	  x2:0x800389a3 x26=0x00000000 PA:0x800389c6 load:0x00000000
       12255000	      1126	80003b5e	df8b3db7	lui	x27,0xdf8b3	 x27=0xdf8b3000
       12265000	      1127	80003b62	00810203	lb	x4,8(x2)	  x2:0x800389a3  x4=0x00000000 PA:0x800389ab load:0x00000000
       12635000	      1164	80003b66	02de4e33	div	x28,x28,x13	 x28:0x00000000 x13:0x7ffb819c x28=0x00000000
       12655000	      1166	80003b6a	03c4fcb3	remu	x25,x9,x28	  x9:0x80047e64 x28:0x00000000 x25=0x80047e64
       12665000	      1167	80003b6e	02914083	lbu	x1,41(x2)	  x2:0x800389a3  x1=0x00000000 PA:0x800389cc load:0x00000000
       12675000	      1168	80003b72	8eba	c.mv	x29,x14	  x0:0x00000000 x14:0x00000000 x29=0x00000000
       12685000	      1169	80003b74	d8f63c93	sltiu	x25,x12,-625	 x12:0x0000003b x25=0x00000001
       12695000	      1170	80003b78	01414a03	lbu	x20,20(x2)	  x2:0x800389a3 x20=0x00000000 PA:0x800389b7 load:0x00000000
       13065000	      1207	80003b7c	039b6033	rem	x0,x22,x25	 x22:0x0000d000 x25:0x00000001  x0=0x00000000
       13075000	      1208	80003b80	17b60813	addi	x16,x12,379	 x12:0x0000003b x16=0x000001b6
       13085000	      1209	80003b84	ff915b03	lhu	x22,-7(x2)	  x2:0x800389a3 x22=0x00000000 PA:0x8003899c load:0x00000000
       13095000	      1210	80003b88	000d5c93	srli	x25,x26,0x0	 x26:0x00000000 x25=0x00000000
       13105000	      1211	80003b8c	03f14883	lbu	x17,63(x2)	  x2:0x800389a3 x17=0x00000000 PA:0x800389e2 load:0x00000000
       13115000	      1212	80003b90	03c14503	lbu	x10,60(x2)	  x2:0x800389a3 x10=0x00000000 PA:0x800389df load:0x00000000
       13125000	      1213	80003b94	662d	c.lui	x12,0xb	 x12=0x0000b000
       13135000	      1214	80003b96	62ce3997	auipc	x19,0x62ce3	 x19=0xe2ce6b96
       13145000	      1215	80003b9a	ffc10c03	lb	x24,-4(x2)	  x2:0x800389a3 x24=0x00000000 PA:0x8003899f load:0x00000000
       13155000	      1216	80003b9e	0002e217	auipc	x4,0x2e	  x4=0x80031b9e
       13165000	      1217	80003ba2	4aa20213	addi	x4,x4,1194	  x4:0x80031b9e  x4=0x80032048
       13175000	      1218	80003ba6	4ed47637	lui	x12,0x4ed47	 x12=0x4ed47000
       13185000	      1219	80003baa	9232	c.add	x4,x12	  x4:0x80032048 x12:0x4ed47000  x4=0xced79048
       13195000	      1220	80003bac	4a021623	sh	x0,1196(x4)	  x4:0xced79048  x0:0x00000000 PA:0xced794f4 store:0x00000000 load:0x00000000
       13205000	      1221	80003bb0	261209a3	sb	x1,627(x4)	  x4:0xced79048  x1:0x00000000 PA:0xced792bb store:0x00000000 load:0x00000000
       13215000	      1222	80003bb4	7e221a23	sh	x2,2036(x4)	  x4:0xced79048  x2:0x800389a3 PA:0xced7983c store:0x800389a3 load:0x00000000
       13225000	      1223	80003bb8	6e4208a3	sb	x4,1777(x4)	  x4:0xced79048  x4:0xced79048 PA:0xced79739 store:0xced79048 load:0x00000000
       13235000	      1224	80003bbc	2c5205a3	sb	x5,715(x4)	  x4:0xced79048  x5:0x00000000 PA:0xced79313 store:0x00000000 load:0x00000000
       13245000	      1225	80003bc0	cac51697	auipc	x13,0xcac51	 x13=0x4ac54bc0
       13255000	      1226	80003bc4	1290	c.addi4spn	x12,x2,352	 x12=0x80038b03
       13265000	      1227	80003bc6	0105c133	xor	x2,x11,x16	 x11:0x894eacb4 x16:0x000001b6  x2=0x894ead02
       13275000	      1228	80003bca	4ac25a83	lhu	x21,1196(x4)	  x4:0xced79048 x21=0x00000000 PA:0xced794f4 load:0x00000000
       13285000	      1229	80003bce	0001	c.addi	x0,0	  x0:0x00000000  x0=0x00000000
       13295000	      1230	80003bd0	27320783	lb	x15,627(x4)	  x4:0xced79048 x15=0x00000000 PA:0xced792bb load:0x00000000
       13305000	      1231	80003bd4	7f425883	lhu	x17,2036(x4)	  x4:0xced79048 x17=0x000089a3 PA:0xced7983c load:0x000089a3
       13315000	      1232	80003bd8	13674d93	xori	x27,x14,310	 x14:0x00000000 x27=0x00000136
       13325000	      1233	80003bdc	c8422e23	sw	x4,-868(x4)	  x4:0xced79048  x4:0xced79048 PA:0xced78ce4 store:0xced79048 load:0x00000000
       13335000	      1234	80003be0	1e98	c.addi4spn	x14,x2,880	 x14=0x894eb072
       13345000	      1235	80003be2	6f120f83	lb	x31,1777(x4)	  x4:0xced79048 x31=0x00000048 PA:0xced79739 load:0x00000048
       13355000	      1236	80003be6	2cb20f83	lb	x31,715(x4)	  x4:0xced79048 x31=0x00000000 PA:0xced79313 load:0x00000000
       13365000	      1237	80003bea	0002e817	auipc	x16,0x2e	 x16=0x80031bea
       13375000	      1238	80003bee	45e80813	addi	x16,x16,1118	 x16:0x80031bea x16=0x80032048
       13385000	      1239	80003bf2	0626e637	lui	x12,0x626e	 x12=0x0626e000
       13395000	      1240	80003bf6	9832	c.add	x16,x12	 x16:0x80032048 x12:0x0626e000 x16=0x862a0048
       13405000	      1241	80003bf8	9c1806a3	sb	x1,-1587(x16)	 x16:0x862a0048  x1:0x00000000 PA:0x8629fa15 store:0x00000000 load:0x00000000
       13415000	      1242	80003bfc	70281323	sh	x2,1798(x16)	 x16:0x862a0048  x2:0x894ead02 PA:0x862a074e store:0x894ead02 load:0x00000000
       13425000	      1243	80003c00	38f83113	sltiu	x2,x16,911	 x16:0x862a0048  x2=0x00000000
       13435000	      1244	80003c04	8d0d	c.sub	x10,x11	 x10:0x00000000 x11:0x894eacb4 x10=0x76b1534c
       13445000	      1245	80003c06	af4803a3	sb	x20,-1305(x16)	 x16:0x862a0048 x20:0x00000000 PA:0x8629fb2f store:0x00000000 load:0x00000000
       13455000	      1246	80003c0a	6349	c.lui	x6,0x12	  x6=0x00012000
       13465000	      1247	80003c0c	98ce	c.add	x17,x19	 x17:0x000089a3 x19:0xe2ce6b96 x17=0xe2cef539
       13475000	      1248	80003c0e	a3cee913	ori	x18,x29,-1476	 x29:0x00000000 x18=0xfffffa3c
       13485000	      1249	80003c12	9cd84e03	lbu	x28,-1587(x16)	 x16:0x862a0048 x28=0x00000000 PA:0x8629fa15 load:0x00000000
       13495000	      1250	80003c16	8ee5	c.and	x13,x9	 x13:0x4ac54bc0  x9:0x80047e64 x13=0x00044a40
       13505000	      1251	80003c18	70681183	lh	x3,1798(x16)	 x16:0x862a0048  x3=0xffffad02 PA:0x862a074e load:0xffffad02
       13515000	      1252	80003c1c	a34809a3	sb	x20,-1485(x16)	 x16:0x862a0048 x20:0x00000000 PA:0x8629fa7b store:0x00000000 load:0x00000000
       13525000	      1253	80003c20	00028bb3	add	x23,x5,x0	  x5:0x00000000  x0:0x00000000 x23=0x00000000
       13535000	      1254	80003c24	8f980ba3	sb	x25,-1801(x16)	 x16:0x862a0048 x25:0x00000000 PA:0x8629f93f store:0x00000000 load:0x00000000
       13545000	      1255	80003c28	0003c717	auipc	x14,0x3c	 x14=0x8003fc28
       13555000	      1256	80003c2c	50270713	addi	x14,x14,1282	 x14:0x8003fc28 x14=0x8004012a
       13565000	      1257	80003c30	0001	c.addi	x0,0	  x0:0x00000000  x0=0x00000000
       13575000	      1258	80003c32	01324ab3	xor	x21,x4,x19	  x4:0xced79048 x19:0xe2ce6b96 x21=0x2c19fbde
       13585000	      1259	80003c36	abfc7617	auipc	x12,0xabfc7	 x12=0x2bfcac36
       13595000	      1260	80003c3a	00171723	sh	x1,14(x14)	 x14:0x8004012a  x1:0x00000000 PA:0x80040138 store:0x00000000 load:0x00000000
       13605000	      1261	80003c3e	66e70803	lb	x16,1646(x14)	 x14:0x8004012a x16=0x00000000 PA:0x80040798 load:0x00000000
       13615000	      1262	80003c42	01c0bfb3	sltu	x31,x1,x28	  x1:0x00000000 x28:0x00000000 x31=0x00000000
       13625000	      1263	80003c46	8129	c.srli	x10,0xa	 x10:0x76b1534c x10=0x001dac54
       13635000	      1264	80003c48	d7771323	sh	x23,-666(x14)	 x14:0x8004012a x23:0x00000000 PA:0x8003fe90 store:0x00000000 load:0x00000000
       14005000	      1301	80003c4c	031e7db3	remu	x27,x28,x17	 x28:0x00000000 x17:0xe2cef539 x27=0x00000000
       14015000	      1302	80003c50	fe075a83	lhu	x21,-32(x14)	 x14:0x8004012a x21=0x00000000 PA:0x8004010a load:0x00000000
       14025000	      1303	80003c54	17c704a3	sb	x28,361(x14)	 x14:0x8004012a x28:0x00000000 PA:0x80040293 store:0x00000000 load:0x00000000
       14035000	      1304	80003c58	7c675a83	lhu	x21,1990(x14)	 x14:0x8004012a x21=0x00000000 PA:0x800408f0 load:0x00000000
       14045000	      1305	80003c5c	b0c706a3	sb	x12,-1267(x14)	 x14:0x8004012a x12:0x2bfcac36 PA:0x8003fc37 store:0x2bfcac36 load:0x00000000
       14055000	      1306	80003c60	c9d74403	lbu	x8,-867(x14)	 x14:0x8004012a  x8=0x00000000 PA:0x8003fdc7 load:0x00000000
       14065000	      1307	80003c64	a6970d03	lb	x26,-1431(x14)	 x14:0x8004012a x26=0x00000000 PA:0x8003fb93 load:0x00000000
       14075000	      1308	80003c68	007b5533	srl	x10,x22,x7	 x22:0x00000000  x7:0x00000000 x10=0x00000000
       14085000	      1309	80003c6c	74d74403	lbu	x8,1869(x14)	 x14:0x8004012a  x8=0x00000000 PA:0x80040877 load:0x00000000
       14105000	      1311	80003c70	ac871a23	sh	x8,-1324(x14)	 x14:0x8004012a  x8:0x00000000 PA:0x8003fbfe store:0x00000000 load:0x00000000
       14115000	      1312	80003c74	a4170223	sb	x1,-1468(x14)	 x14:0x8004012a  x1:0x00000000 PA:0x8003fb6e store:0x00000000 load:0x00000000
       14125000	      1313	80003c78	73171c23	sh	x17,1848(x14)	 x14:0x8004012a x17:0xe2cef539 PA:0x80040862 store:0xe2cef539 load:0x00000000
       14135000	      1314	80003c7c	8c574e03	lbu	x28,-1851(x14)	 x14:0x8004012a x28=0x00000000 PA:0x8003f9ef load:0x00000000
       14145000	      1315	80003c80	02f9	c.addi	x5,30	  x5:0x00000000  x5=0x0000001e
       14155000	      1316	80003c82	717d	c.addi16sp	x2,-16	  x2:0x00000000  x2=0xfffffff0
       14165000	      1317	80003c84	407f5133	sra	x2,x30,x7	 x30:0x8004bce4  x7:0x00000000  x2=0x8004bce4
       14205000	      1321	80003c88	020c1fb3	mulh	x31,x24,x0	 x24:0x00000000  x0:0x00000000 x31=0x00000000
       14215000	      1322	80003c8c	d99700a3	sb	x25,-639(x14)	 x14:0x8004012a x25:0x00000000 PA:0x8003feab store:0x00000000 load:0x00000000
       14225000	      1323	80003c90	6b074603	lbu	x12,1712(x14)	 x14:0x8004012a x12=0x00000000 PA:0x800407da load:0x00000000
       14235000	      1324	80003c94	bd574c83	lbu	x25,-1067(x14)	 x14:0x8004012a x25=0x00000000 PA:0x8003fcff load:0x00000000
       14245000	      1325	80003c98	9bfd	c.andi	x15,-1	 x15:0x00000000 x15=0x00000000
       14255000	      1326	80003c9a	cf170c83	lb	x25,-783(x14)	 x14:0x8004012a x25=0x00000000 PA:0x8003fe1b load:0x00000000
       14265000	      1327	80003c9e	0002e217	auipc	x4,0x2e	  x4=0x80031c9e
       14275000	      1328	80003ca2	3aa20213	addi	x4,x4,938	  x4:0x80031c9e  x4=0x80032048
       14285000	      1329	80003ca6	4a1b9e37	lui	x28,0x4a1b9	 x28=0x4a1b9000
       14295000	      1330	80003caa	9272	c.add	x4,x28	  x4:0x80032048 x28:0x4a1b9000  x4=0xca1eb048
       14305000	      1331	80003cac	38320723	sb	x3,910(x4)	  x4:0xca1eb048  x3:0xffffad02 PA:0xca1eb3d6 store:0xffffad02 load:0x00000000
       14315000	      1332	80003cb0	5b100a37	lui	x20,0x5b100	 x20=0x5b100000
       14325000	      1333	80003cb4	0048ca33	xor	x20,x17,x4	 x17:0xe2cef539  x4:0xca1eb048 x20=0x28d04571
       14335000	      1334	80003cb8	8c19	c.sub	x8,x14	  x8:0x00000000 x14:0x8004012a  x8=0x7ffbfed6
       14345000	      1335	80003cba	000c1293	slli	x5,x24,0x0	 x24:0x00000000  x5=0x00000000
       14355000	      1336	80003cbe	55020d23	sb	x16,1370(x4)	  x4:0xca1eb048 x16:0x00000000 PA:0xca1eb5a2 store:0x00000000 load:0x00000000
       14365000	      1337	80003cc2	fb4208a3	sb	x20,-79(x4)	  x4:0xca1eb048 x20:0x28d04571 PA:0xca1eaff9 store:0x28d04571 load:0x00000000
       14375000	      1338	80003cc6	7e3200a3	sb	x3,2017(x4)	  x4:0xca1eb048  x3:0xffffad02 PA:0xca1eb829 store:0xffffad02 load:0x00000000
       14385000	      1339	80003cca	38e20f83	lb	x31,910(x4)	  x4:0xca1eb048 x31=0x00000002 PA:0xca1eb3d6 load:0x00000002
       14395000	      1340	80003cce	00d52833	slt	x16,x10,x13	 x10:0x00000000 x13:0x00044a40 x16=0x00000001
       14405000	      1341	80003cd2	02420ca3	sb	x4,57(x4)	  x4:0xca1eb048  x4:0xca1eb048 PA:0xca1eb081 store:0xca1eb048 load:0x00000000
       14415000	      1342	80003cd6	00030417	auipc	x8,0x30	  x8=0x80033cd6
       14425000	      1343	80003cda	f1940413	addi	x8,x8,-231	  x8:0x80033cd6  x8=0x80033bef
       14435000	      1344	80003cde	0db41383	lh	x7,219(x8)	  x8:0x80033bef  x7=0x00000000 PA:0x80033cca load:0x00000000
       14445000	      1345	80003ce2	510405a3	sb	x16,1291(x8)	  x8:0x80033bef x16:0x00000001 PA:0x800340fa store:0x00000001 load:0x00000000
       14455000	      1346	80003ce6	0002f997	auipc	x19,0x2f	 x19=0x80032ce6
       14465000	      1347	80003cea	ad398993	addi	x19,x19,-1325	 x19:0x80032ce6 x19=0x800327b9
       14475000	      1348	80003cee	fda44603	lbu	x12,-38(x8)	  x8:0x80033bef x12=0x00000000 PA:0x80033bc9 load:0x00000000
       14485000	      1349	80003cf2	23740303	lb	x6,567(x8)	  x8:0x80033bef  x6=0x00000000 PA:0x80033e26 load:0x00000000
       14495000	      1350	80003cf6	e5098723	sb	x16,-434(x19)	 x19:0x800327b9 x16:0x00000001 PA:0x80032607 store:0x00000001 load:0x00000000
       14505000	      1351	80003cfa	53098503	lb	x10,1328(x19)	 x19:0x800327b9 x10=0x00000000 PA:0x80032ce9 load:0x00000000
       14515000	      1352	80003cfe	52998e83	lb	x29,1321(x19)	 x19:0x800327b9 x29=0x00000000 PA:0x80032ce2 load:0x00000000
       14525000	      1353	80003d02	98640523	sb	x6,-1654(x8)	  x8:0x80033bef  x6:0x00000000 PA:0x80033579 store:0x00000000 load:0x00000000
       14535000	      1354	80003d06	f2c44703	lbu	x14,-212(x8)	  x8:0x80033bef x14=0x00000000 PA:0x80033b1b load:0x00000000
       14545000	      1355	80003d0a	3d89c303	lbu	x6,984(x19)	 x19:0x800327b9  x6=0x00000000 PA:0x80032b91 load:0x00000000
       14555000	      1356	80003d0e	be3995a3	sh	x3,-1045(x19)	 x19:0x800327b9  x3:0xffffad02 PA:0x800323a4 store:0xffffad02 load:0x00000000
       14565000	      1357	80003d12	4ad40903	lb	x18,1197(x8)	  x8:0x80033bef x18=0x00000000 PA:0x8003409c load:0x00000000
       14575000	      1358	80003d16	7ad9ce83	lbu	x29,1965(x19)	 x19:0x800327b9 x29=0x00000000 PA:0x80032f66 load:0x00000000
       14585000	      1359	80003d1a	d3745883	lhu	x17,-713(x8)	  x8:0x80033bef x17=0x00000000 PA:0x80033926 load:0x00000000
       14595000	      1360	80003d1e	92440b83	lb	x23,-1756(x8)	  x8:0x80033bef x23=0x00000000 PA:0x80033513 load:0x00000000
       14605000	      1361	80003d22	e5340a03	lb	x20,-429(x8)	  x8:0x80033bef x20=0x00000000 PA:0x80033a42 load:0x00000000
       14615000	      1362	80003d26	0003ed17	auipc	x26,0x3e	 x26=0x80041d26
       14625000	      1363	80003d2a	73dd0d13	addi	x26,x26,1853	 x26:0x80041d26 x26=0x80042463
       14635000	      1364	80003d2e	fdad4a83	lbu	x21,-38(x26)	 x26:0x80042463 x21=0x00000000 PA:0x8004243d load:0x00000000
       14645000	      1365	80003d32	fdad0e03	lb	x28,-38(x26)	 x26:0x80042463 x28=0x00000000 PA:0x8004243d load:0x00000000
       14655000	      1366	80003d36	00ad0c83	lb	x25,10(x26)	 x26:0x80042463 x25=0x00000000 PA:0x8004246d load:0x00000000
       14665000	      1367	80003d3a	00eae3b3	or	x7,x21,x14	 x21:0x00000000 x14:0x00000000  x7=0x00000000
       14675000	      1368	80003d3e	0000100f	fence.i	
       14705000	      1371	80003d42	407fd513	srai	x10,x31,0x7	 x31:0x00000002 x10=0x00000000
       14715000	      1372	80003d46	ffed4883	lbu	x17,-2(x26)	 x26:0x80042463 x17=0x00000000 PA:0x80042461 load:0x00000000
       14725000	      1373	80003d4a	ffed4b83	lbu	x23,-2(x26)	 x26:0x80042463 x23=0x00000000 PA:0x80042461 load:0x00000000
       14735000	      1374	80003d4e	ffed0e83	lb	x29,-2(x26)	 x26:0x80042463 x29=0x00000000 PA:0x80042461 load:0x00000000
       14745000	      1375	80003d52	fe0d0f23	sb	x0,-2(x26)	 x26:0x80042463  x0:0x00000000 PA:0x80042461 store:0x00000000 load:0x00000000
       14755000	      1376	80003d56	ffed4303	lbu	x6,-2(x26)	 x26:0x80042463  x6=0x00000000 PA:0x80042461 load:0x00000000
       14765000	      1377	80003d5a	030d10a3	sh	x16,33(x26)	 x26:0x80042463 x16:0x00000001 PA:0x80042484 store:0x00000001 load:0x00000000
       14775000	      1378	80003d5e	021d2983	lw	x19,33(x26)	 x26:0x80042463 x19=0x00000001 PA:0x80042484 load:0x00000001
       15145000	      1415	80003d62	023bfeb3	remu	x29,x23,x3	 x23:0x00000000  x3:0xffffad02 x29=0x00000000
       15155000	      1416	80003d66	015d5603	lhu	x12,21(x26)	 x26:0x80042463 x12=0x00000000 PA:0x80042478 load:0x00000000
       15165000	      1417	80003d6a	007d1aa3	sh	x7,21(x26)	 x26:0x80042463  x7:0x00000000 PA:0x80042478 store:0x00000000 load:0x00000000
       15175000	      1418	80003d6e	03bd1003	lh	x0,59(x26)	 x26:0x80042463  x0=0x00000000 PA:0x8004249e load:0x00000000
       15185000	      1419	80003d72	00030417	auipc	x8,0x30	  x8=0x80033d72
       15195000	      1420	80003d76	f4740413	addi	x8,x8,-185	  x8:0x80033d72  x8=0x80033cb9
       15205000	      1421	80003d7a	5cd40703	lb	x14,1485(x8)	  x8:0x80033cb9 x14=0x00000000 PA:0x80034286 load:0x00000000
       15215000	      1422	80003d7e	0001	c.addi	x0,0	  x0:0x00000000  x0=0x00000000
       15225000	      1423	80003d80	7bb40023	sb	x27,1952(x8)	  x8:0x80033cb9 x27:0x00000000 PA:0x80034459 store:0x00000000 load:0x00000000
       15235000	      1424	80003d84	410edb13	srai	x22,x29,0x10	 x29:0x00000000 x22=0x00000000
       15245000	      1425	80003d88	01685a13	srli	x20,x16,0x16	 x16:0x00000001 x20=0x00000000
       15255000	      1426	80003d8c	aac44b83	lbu	x23,-1364(x8)	  x8:0x80033cb9 x23=0x00000000 PA:0x80033765 load:0x00000000
       15265000	      1427	80003d90	56477993	andi	x19,x14,1380	 x14:0x00000000 x19=0x00000000
       15275000	      1428	80003d94	96140ea3	sb	x1,-1667(x8)	  x8:0x80033cb9  x1:0x00000000 PA:0x80033636 store:0x00000000 load:0x00000000
       15285000	      1429	80003d98	39a44303	lbu	x6,922(x8)	  x8:0x80033cb9  x6=0x00000000 PA:0x80034053 load:0x00000000
       15305000	      1431	80003d9c	032b6db3	rem	x27,x22,x18	 x22:0x00000000 x18:0x00000000 x27=0x00000000
       15315000	      1432	80003da0	b6c40ca3	sb	x12,-1159(x8)	  x8:0x80033cb9 x12:0x00000000 PA:0x80033832 store:0x00000000 load:0x00000000
       15325000	      1433	80003da4	87840003	lb	x0,-1928(x8)	  x8:0x80033cb9  x0=0x00000000 PA:0x80033531 load:0x00000000
       15335000	      1434	80003da8	014c8533	add	x10,x25,x20	 x25:0x00000000 x20:0x00000000 x10=0x00000000
       15345000	      1435	80003dac	0d75	c.addi	x26,29	 x26:0x80042463 x26=0x80042480
       15355000	      1436	80003dae	863f7c37	lui	x24,0x863f7	 x24=0x863f7000
       15365000	      1437	80003db2	982421a3	sw	x2,-1661(x8)	  x8:0x80033cb9  x2:0x8004bce4 PA:0x8003363c store:0x8004bce4 load:0x00000000
       15375000	      1438	80003db6	00fcd7b3	srl	x15,x25,x15	 x25:0x00000000 x15:0x00000000 x15=0x00000000
       15385000	      1439	80003dba	0001	c.addi	x0,0	  x0:0x00000000  x0=0x00000000
       15395000	      1440	80003dbc	8f51	c.or	x14,x12	 x14:0x00000000 x12:0x00000000 x14=0x00000000
       15405000	      1441	80003dbe	40180833	sub	x16,x16,x1	 x16:0x00000001  x1:0x00000000 x16=0x00000001
       15415000	      1442	80003dc2	19297993	andi	x19,x18,402	 x18:0x00000000 x19=0x00000000
       15425000	      1443	80003dc6	df244103	lbu	x2,-526(x8)	  x8:0x80033cb9  x2=0x00000000 PA:0x80033aab load:0x00000000
       15435000	      1444	80003dca	026ca213	slti	x4,x25,38	 x25:0x00000000  x4=0x00000001
       15445000	      1445	80003dce	cd540503	lb	x10,-811(x8)	  x8:0x80033cb9 x10=0x00000000 PA:0x8003398e load:0x00000000
       15455000	      1446	80003dd2	e2545183	lhu	x3,-475(x8)	  x8:0x80033cb9  x3=0x00000000 PA:0x80033ade load:0x00000000
       15465000	      1447	80003dd6	97644a83	lbu	x21,-1674(x8)	  x8:0x80033cb9 x21=0x00000000 PA:0x8003362f load:0x00000000
       15475000	      1448	80003dda	0003c117	auipc	x2,0x3c	  x2=0x8003fdda
       15485000	      1449	80003dde	ed710113	addi	x2,x2,-297	  x2:0x8003fdda  x2=0x8003fcb1
       15495000	      1450	80003de2	29e14503	lbu	x10,670(x2)	  x2:0x8003fcb1 x10=0x00000000 PA:0x8003ff4f load:0x00000000
       15505000	      1451	80003de6	30d11083	lh	x1,781(x2)	  x2:0x8003fcb1  x1=0x00000000 PA:0x8003ffbe load:0x00000000
       15515000	      1452	80003dea	f8014803	lbu	x16,-128(x2)	  x2:0x8003fcb1 x16=0x00000000 PA:0x8003fc31 load:0x00000000
       15525000	      1453	80003dee	98f110a3	sh	x15,-1663(x2)	  x2:0x8003fcb1 x15:0x00000000 PA:0x8003f632 store:0x00000000 load:0x00000000
       15535000	      1454	80003df2	41968db3	sub	x27,x13,x25	 x13:0x00044a40 x25:0x00000000 x27=0x00044a40
       15545000	      1455	80003df6	b2d03413	sltiu	x8,x0,-1235	  x0:0x00000000  x8=0x00000001
       15555000	      1456	80003dfa	98b18db7	lui	x27,0x98b18	 x27=0x98b18000
       15565000	      1457	80003dfe	98114f83	lbu	x31,-1663(x2)	  x2:0x8003fcb1 x31=0x00000000 PA:0x8003f632 load:0x00000000
       15575000	      1458	80003e02	c7e14383	lbu	x7,-898(x2)	  x2:0x8003fcb1  x7=0x00000000 PA:0x8003f92f load:0x00000000
       15585000	      1459	80003e06	9e914003	lbu	x0,-1559(x2)	  x2:0x8003fcb1  x0=0x00000000 PA:0x8003f69a load:0x00000000
       15595000	      1460	80003e0a	547d	c.li	x8,-1	  x8=0xffffffff
       15605000	      1461	80003e0c	4178de93	srai	x29,x17,0x17	 x17:0x00000000 x29=0x00000000
       15615000	      1462	80003e10	d3214083	lbu	x1,-718(x2)	  x2:0x8003fcb1  x1=0x00000000 PA:0x8003f9e3 load:0x00000000
       15625000	      1463	80003e14	006409b3	add	x19,x8,x6	  x8:0xffffffff  x6:0x00000000 x19=0xffffffff
       15635000	      1464	80003e18	25d101a3	sb	x29,579(x2)	  x2:0x8003fcb1 x29:0x00000000 PA:0x8003fef4 store:0x00000000 load:0x00000000
       15645000	      1465	80003e1c	25f101a3	sb	x31,579(x2)	  x2:0x8003fcb1 x31:0x00000000 PA:0x8003fef4 store:0x00000000 load:0x00000000
       15655000	      1466	80003e20	8c4d	c.or	x8,x11	  x8:0xffffffff x11:0x894eacb4  x8=0xffffffff
       15665000	      1467	80003e22	01710323	sb	x23,6(x2)	  x2:0x8003fcb1 x23:0x00000000 PA:0x8003fcb7 store:0x00000000 load:0x00000000
       15675000	      1468	80003e26	01310323	sb	x19,6(x2)	  x2:0x8003fcb1 x19:0xffffffff PA:0x8003fcb7 store:0xffffffff load:0x00000000
       15685000	      1469	80003e2a	00d10323	sb	x13,6(x2)	  x2:0x8003fcb1 x13:0x00044a40 PA:0x8003fcb7 store:0x00044a40 load:0x00000000
       15695000	      1470	80003e2e	10214c03	lbu	x24,258(x2)	  x2:0x8003fcb1 x24=0x00000000 PA:0x8003fdb3 load:0x00000000
       15705000	      1471	80003e32	10210003	lb	x0,258(x2)	  x2:0x8003fcb1  x0=0x00000000 PA:0x8003fdb3 load:0x00000000
       15715000	      1472	80003e36	0003fb17	auipc	x22,0x3f	 x22=0x80042e36
       15725000	      1473	80003e3a	eb9b0b13	addi	x22,x22,-327	 x22:0x80042e36 x22=0x80042cef
       15735000	      1474	80003e3e	f25b2083	lw	x1,-219(x22)	 x22:0x80042cef  x1=0x00000000 PA:0x80042c14 load:0x00000000
       15745000	      1475	80003e42	0dab0123	sb	x26,194(x22)	 x22:0x80042cef x26:0x80042480 PA:0x80042db1 store:0x80042480 load:0x00000000
       15775000	      1478	80003e46	03828bb3	mul	x23,x5,x24	  x5:0x00000000 x24:0x00000000 x23=0x00000000
       15785000	      1479	80003e4a	0c2b4383	lbu	x7,194(x22)	 x22:0x80042cef  x7=0x00000080 PA:0x80042db1 load:0x00000080
       15795000	      1480	80003e4e	f87b4a83	lbu	x21,-121(x22)	 x22:0x80042cef x21=0x00000000 PA:0x80042c76 load:0x00000000
       15815000	      1482	80003e52	00cad613	srli	x12,x21,0xc	 x21:0x00000000 x12=0x00000000
       15825000	      1483	80003e56	f87b0603	lb	x12,-121(x22)	 x22:0x80042cef x12=0x00000000 PA:0x80042c76 load:0x00000000
       15835000	      1484	80003e5a	f95b03a3	sb	x21,-121(x22)	 x22:0x80042cef x21:0x00000000 PA:0x80042c76 store:0x00000000 load:0x00000000
       15845000	      1485	80003e5e	fc4b4283	lbu	x5,-60(x22)	 x22:0x80042cef  x5=0x00000000 PA:0x80042cb3 load:0x00000000
       15855000	      1486	80003e62	b484eb93	ori	x23,x9,-1208	  x9:0x80047e64 x23=0xffffff6c
       15865000	      1487	80003e66	fc4b4003	lbu	x0,-60(x22)	 x22:0x80042cef  x0=0x00000000 PA:0x80042cb3 load:0x00000000
       15875000	      1488	80003e6a	fc4b4803	lbu	x16,-60(x22)	 x22:0x80042cef x16=0x00000000 PA:0x80042cb3 load:0x00000000
       15885000	      1489	80003e6e	fccb0223	sb	x12,-60(x22)	 x22:0x80042cef x12:0x00000000 PA:0x80042cb3 store:0x00000000 load:0x00000000
       15895000	      1490	80003e72	0059dfb3	srl	x31,x19,x5	 x19:0xffffffff  x5:0x00000000 x31=0xffffffff
       15905000	      1491	80003e76	086b11a3	sh	x6,131(x22)	 x22:0x80042cef  x6:0x00000000 PA:0x80042d72 store:0x00000000 load:0x00000000
       15915000	      1492	80003e7a	083b5203	lhu	x4,131(x22)	 x22:0x80042cef  x4=0x00000000 PA:0x80042d72 load:0x00000000
       15925000	      1493	80003e7e	0002e117	auipc	x2,0x2e	  x2=0x80031e7e
       15935000	      1494	80003e82	30a10113	addi	x2,x2,778	  x2:0x80031e7e  x2=0x80032188
       15945000	      1495	80003e86	01b8a833	slt	x16,x17,x27	 x17:0x00000000 x27:0x98b18000 x16=0x00000000
       15955000	      1496	80003e8a	0812	c.slli	x16,0x4	 x16:0x00000000 x16=0x00000000
       16325000	      1533	80003e8c	03a7d433	divu	x8,x15,x26	 x15:0x00000000 x26:0x80042480  x8=0x00000000
       16335000	      1534	80003e90	ff610d23	sb	x22,-6(x2)	  x2:0x80032188 x22:0x80042cef PA:0x80032182 store:0x80042cef load:0x00000000
       16345000	      1535	80003e94	ff110803	lb	x16,-15(x2)	  x2:0x80032188 x16=0x00000000 PA:0x80032179 load:0x00000000
       16385000	      1539	80003e98	02fc9933	mulh	x18,x25,x15	 x25:0x00000000 x15:0x00000000 x18=0x00000000
       16425000	      1543	80003e9c	03553fb3	mulhu	x31,x10,x21	 x10:0x00000000 x21:0x00000000 x31=0x00000000
       16435000	      1544	80003ea0	97ca	c.add	x15,x18	 x15:0x00000000 x18:0x00000000 x15=0x00000000
       16445000	      1545	80003ea2	0eb7a313	slti	x6,x15,235	 x15:0x00000000  x6=0x00000001
       16815000	      1582	80003ea6	02d9f7b3	remu	x15,x19,x13	 x19:0xffffffff x13:0x00044a40 x15=0x00015cff
       16825000	      1583	80003eaa	0001	c.addi	x0,0	  x0:0x00000000  x0=0x00000000
       16835000	      1584	80003eac	003f48b3	xor	x17,x30,x3	 x30:0x8004bce4  x3:0x00000000 x17=0x8004bce4
       16845000	      1585	80003eb0	01340833	add	x16,x8,x19	  x8:0x00000000 x19:0xffffffff x16=0xffffffff
       16855000	      1586	80003eb4	523d3513	sltiu	x10,x26,1315	 x26:0x80042480 x10=0x00000000
       16865000	      1587	80003eb8	0001	c.addi	x0,0	  x0:0x00000000  x0=0x00000000
       16875000	      1588	80003eba	9ab54a93	xori	x21,x10,-1621	 x10:0x00000000 x21=0xfffff9ab
       16885000	      1589	80003ebe	00a14b83	lbu	x23,10(x2)	  x2:0x80032188 x23=0x00000000 PA:0x80032192 load:0x00000000
       16925000	      1593	80003ec2	0202a733	mulhsu	x14,x5,x0	  x5:0x00000000  x0:0x00000000 x14=0x00000000
       16935000	      1594	80003ec6	00f14183	lbu	x3,15(x2)	  x2:0x80032188  x3=0x00000000 PA:0x80032197 load:0x00000000
       16945000	      1595	80003eca	8eb5	c.xor	x13,x13	 x13:0x00044a40 x13:0x00044a40 x13=0x00000000
       16955000	      1596	80003ecc	00a14003	lbu	x0,10(x2)	  x2:0x80032188  x0=0x00000000 PA:0x80032192 load:0x00000000
       16965000	      1597	80003ed0	00114f83	lbu	x31,1(x2)	  x2:0x80032188 x31=0x00000000 PA:0x80032189 load:0x00000000
       16975000	      1598	80003ed4	d8b07e13	andi	x28,x0,-629	  x0:0x00000000 x28=0x00000000
       16985000	      1599	80003ed8	fe910f23	sb	x9,-2(x2)	  x2:0x80032188  x9:0x80047e64 PA:0x80032186 store:0x80047e64 load:0x00000000
       16995000	      1600	80003edc	00114b83	lbu	x23,1(x2)	  x2:0x80032188 x23=0x00000000 PA:0x80032189 load:0x00000000
       17005000	      1601	80003ee0	ffd10283	lb	x5,-3(x2)	  x2:0x80032188  x5=0x00000000 PA:0x80032185 load:0x00000000
       17015000	      1602	80003ee4	8f25	c.xor	x14,x9	 x14:0x00000000  x9:0x80047e64 x14=0x80047e64
       17055000	      1606	80003ee6	0271a1b3	mulhsu	x3,x3,x7	  x3:0x00000000  x7:0x00000080  x3=0x00000000
       17065000	      1607	80003eea	01c0e533	or	x10,x1,x28	  x1:0x00000000 x28:0x00000000 x10=0x00000000
       17075000	      1608	80003eee	012effb3	and	x31,x29,x18	 x29:0x00000000 x18:0x00000000 x31=0x00000000
       17085000	      1609	80003ef2	00714183	lbu	x3,7(x2)	  x2:0x80032188  x3=0x00000000 PA:0x8003218f load:0x00000000
       17095000	      1610	80003ef6	01610523	sb	x22,10(x2)	  x2:0x80032188 x22:0x80042cef PA:0x80032192 store:0x80042cef load:0x00000000
       17105000	      1611	80003efa	01155993	srli	x19,x10,0x11	 x10:0x00000000 x19=0x00000000
       17145000	      1615	80003efe	0372b733	mulhu	x14,x5,x23	  x5:0x00000000 x23:0x00000000 x14=0x00000000
       17155000	      1616	80003f02	bb524417	auipc	x8,0xbb524	  x8=0x3b527f02
       17525000	      1653	80003f06	02746633	rem	x12,x8,x7	  x8:0x3b527f02  x7:0x00000080 x12=0x00000002
       17535000	      1654	80003f0a	40aa0233	sub	x4,x20,x10	 x20:0x00000000 x10:0x00000000  x4=0x00000000
       17545000	      1655	80003f0e	73213993	sltiu	x19,x2,1842	  x2:0x80032188 x19=0x00000000
       17555000	      1656	80003f12	9eb6	c.add	x29,x13	 x29:0x00000000 x13:0x00000000 x29=0x00000000
       17565000	      1657	80003f14	fef109a3	sb	x15,-13(x2)	  x2:0x80032188 x15:0x00015cff PA:0x8003217b store:0x00015cff load:0x00000000
       17575000	      1658	80003f18	ff510c03	lb	x24,-11(x2)	  x2:0x80032188 x24=0x00000000 PA:0x8003217d load:0x00000000
       17585000	      1659	80003f1c	00510303	lb	x6,5(x2)	  x2:0x80032188  x6=0x00000000 PA:0x8003218d load:0x00000000
       17595000	      1660	80003f20	41b2	c.lwsp	x3,12(x2)	  x2:0x80032188  x3=0x00000000 PA:0x80032194 load:0x00000000
       17605000	      1661	80003f22	0002f117	auipc	x2,0x2f	  x2=0x80032f22
       17615000	      1662	80003f26	95610113	addi	x2,x2,-1706	  x2:0x80032f22  x2=0x80032878
       17655000	      1666	80003f2a	0255b833	mulhu	x16,x11,x5	 x11:0x894eacb4  x5:0x00000000 x16=0x00000000
       17665000	      1667	80003f2e	587d	c.li	x16,-1	 x16=0xffffffff
       17675000	      1668	80003f30	ff812c23	sw	x24,-8(x2)	  x2:0x80032878 x24:0x00000000 PA:0x80032870 store:0x00000000 load:0x00000000
       17685000	      1669	80003f34	09b14b83	lbu	x23,155(x2)	  x2:0x80032878 x23=0x00000000 PA:0x80032913 load:0x00000000
       17695000	      1670	80003f38	01d3e533	or	x10,x7,x29	  x7:0x00000080 x29:0x00000000 x10=0x00000080
       17705000	      1671	80003f3c	0da10803	lb	x16,218(x2)	  x2:0x80032878 x16=0x00000000 PA:0x80032952 load:0x00000000
       17715000	      1672	80003f40	90de	c.add	x1,x23	  x1:0x00000000 x23:0x00000000  x1=0x00000000
       17725000	      1673	80003f42	7421f2b7	lui	x5,0x7421f	  x5=0x7421f000
       17765000	      1677	80003f46	023690b3	mulh	x1,x13,x3	 x13:0x00000000  x3:0x00000000  x1=0x00000000
       17775000	      1678	80003f4a	0ff0000f	fence	iorw,iorw	
       18145000	      1715	80003f4e	02a74633	div	x12,x14,x10	 x14:0x00000000 x10:0x00000080 x12=0x00000000
       18155000	      1716	80003f52	0e110d03	lb	x26,225(x2)	  x2:0x80032878 x26=0x00000000 PA:0x80032959 load:0x00000000
       18185000	      1719	80003f56	03880933	mul	x18,x16,x24	 x16:0x00000000 x24:0x00000000 x18=0x00000000
       18195000	      1720	80003f5a	6679	c.lui	x12,0x1e	 x12=0x0001e000
       18205000	      1721	80003f5c	0034d6b3	srl	x13,x9,x3	  x9:0x80047e64  x3:0x00000000 x13=0x80047e64
       18215000	      1722	80003f60	67fd	c.lui	x15,0x1f	 x15=0x0001f000
       18225000	      1723	80003f62	3e9cfe13	andi	x28,x25,1001	 x25:0x00000000 x28=0x00000000
       18235000	      1724	80003f66	41a40033	sub	x0,x8,x26	  x8:0x3b527f02 x26:0x00000000  x0=0x00000000
       18245000	      1725	80003f6a	fbd105a3	sb	x29,-85(x2)	  x2:0x80032878 x29:0x00000000 PA:0x80032823 store:0x00000000 load:0x00000000
       18255000	      1726	80003f6e	07114803	lbu	x16,113(x2)	  x2:0x80032878 x16=0x00000000 PA:0x800328e9 load:0x00000000
       18265000	      1727	80003f72	43d54b13	xori	x22,x10,1085	 x10:0x00000080 x22=0x000004bd
       18275000	      1728	80003f76	f8310083	lb	x1,-125(x2)	  x2:0x80032878  x1=0x00000000 PA:0x800327fb load:0x00000000
       18285000	      1729	80003f7a	846b8313	addi	x6,x23,-1978	 x23:0x00000000  x6=0xfffff846
       18295000	      1730	80003f7e	aeaaeb13	ori	x22,x21,-1302	 x21:0xfffff9ab x22=0xfffffbeb
       18305000	      1731	80003f82	8c3d	c.xor	x8,x15	  x8:0x3b527f02 x15:0x0001f000  x8=0x3b538f02
       18315000	      1732	80003f84	0ad14c83	lbu	x25,173(x2)	  x2:0x80032878 x25=0x00000000 PA:0x80032925 load:0x00000000
       18325000	      1733	80003f88	43d80213	addi	x4,x16,1085	 x16:0x00000000  x4=0x0000043d
       18355000	      1736	80003f8c	03bf0033	mul	x0,x30,x27	 x30:0x8004bce4 x27:0x98b18000  x0=0x00000000
       18365000	      1737	80003f90	01391a33	sll	x20,x18,x19	 x18:0x00000000 x19:0x00000000 x20=0x00000000
       18375000	      1738	80003f94	0047fb33	and	x22,x15,x4	 x15:0x0001f000  x4:0x0000043d x22=0x00000000
       18385000	      1739	80003f98	fb312823	sw	x19,-80(x2)	  x2:0x80032878 x19:0x00000000 PA:0x80032828 store:0x00000000 load:0x00000000
       18395000	      1740	80003f9c	00d10a83	lb	x21,13(x2)	  x2:0x80032878 x21=0x00000000 PA:0x80032885 load:0x00000000
       18405000	      1741	80003fa0	0ff0000f	fence	iorw,iorw	
       18415000	      1742	80003fa4	c946	c.swsp	x17,144(x2)	  x2:0x80032878 x17:0x8004bce4 PA:0x80032908 store:0x8004bce4 load:0x00000000
       18425000	      1743	80003fa6	8f99	c.sub	x15,x14	 x15:0x0001f000 x14:0x00000000 x15=0x0001f000
       18435000	      1744	80003fa8	08b10683	lb	x13,139(x2)	  x2:0x80032878 x13=0x00000000 PA:0x80032903 load:0x00000000
       18445000	      1745	80003fac	8d45	c.or	x10,x9	 x10:0x00000080  x9:0x80047e64 x10=0x80047ee4
       18455000	      1746	80003fae	d991b713	sltiu	x14,x3,-615	  x3:0x00000000 x14=0x00000001
       18465000	      1747	80003fb2	40ce5d33	sra	x26,x28,x12	 x28:0x00000000 x12:0x0001e000 x26=0x00000000
       18475000	      1748	80003fb6	00302033	slt	x0,x0,x3	  x0:0x00000000  x3:0x00000000  x0=0x00000000
       18485000	      1749	80003fba	6ee5	c.lui	x29,0x19	 x29=0x00019000
       18495000	      1750	80003fbc	0100d433	srl	x8,x1,x16	  x1:0x00000000 x16:0x00000000  x8=0x00000000
       18505000	      1751	80003fc0	f1611523	sh	x22,-246(x2)	  x2:0x80032878 x22:0x00000000 PA:0x80032782 store:0x00000000 load:0x00000000
       18515000	      1752	80003fc4	09510d83	lb	x27,149(x2)	  x2:0x80032878 x27=0x00000000 PA:0x8003290d load:0x00000000
       18525000	      1753	80003fc8	00038097	auipc	x1,0x38	  x1=0x8003bfc8
       18535000	      1754	80003fcc	5ad08093	addi	x1,x1,1453	  x1:0x8003bfc8  x1=0x8003c575
       18545000	      1755	80003fd0	0ff0000f	fence	iorw,iorw	
       18555000	      1756	80003fd4	f5a0c603	lbu	x12,-166(x1)	  x1:0x8003c575 x12=0x00000000 PA:0x8003c4cf load:0x00000000
       18565000	      1757	80003fd8	66b9	c.lui	x13,0xe	 x13=0x0000e000
       18575000	      1758	80003fda	0bd0cb83	lbu	x23,189(x1)	  x1:0x8003c575 x23=0x00000000 PA:0x8003c632 load:0x00000000
       18585000	      1759	80003fde	02c0c783	lbu	x15,44(x1)	  x1:0x8003c575 x15=0x00000000 PA:0x8003c5a1 load:0x00000000
       18595000	      1760	80003fe2	02c0cf83	lbu	x31,44(x1)	  x1:0x8003c575 x31=0x00000000 PA:0x8003c5a1 load:0x00000000
       18605000	      1761	80003fe6	03108623	sb	x17,44(x1)	  x1:0x8003c575 x17:0x8004bce4 PA:0x8003c5a1 store:0x8004bce4 load:0x00000000
       18615000	      1762	80003fea	02c0c103	lbu	x2,44(x1)	  x1:0x8003c575  x2=0x000000e4 PA:0x8003c5a1 load:0x000000e4
       18625000	      1763	80003fee	0149aeb3	slt	x29,x19,x20	 x19:0x00000000 x20:0x00000000 x29=0x00000000
       18635000	      1764	80003ff2	02c0cd03	lbu	x26,44(x1)	  x1:0x8003c575 x26=0x000000e4 PA:0x8003c5a1 load:0x000000e4
       18645000	      1765	80003ff6	010df633	and	x12,x27,x16	 x27:0x00000000 x16:0x00000000 x12=0x00000000
       18655000	      1766	80003ffa	02c08803	lb	x16,44(x1)	  x1:0x8003c575 x16=0xffffffe4 PA:0x8003c5a1 load:0xffffffe4
       18665000	      1767	80003ffe	02c0cc03	lbu	x24,44(x1)	  x1:0x8003c575 x24=0x000000e4 PA:0x8003c5a1 load:0x000000e4
       18675000	      1768	80004002	30b0b013	sltiu	x0,x1,779	  x1:0x8003c575  x0=0x00000000
       18685000	      1769	80004006	034095a3	sh	x20,43(x1)	  x1:0x8003c575 x20:0x00000000 PA:0x8003c5a0 store:0x00000000 load:0x00000000
       18695000	      1770	8000400a	02b0d783	lhu	x15,43(x1)	  x1:0x8003c575 x15=0x00000000 PA:0x8003c5a0 load:0x00000000
       18705000	      1771	8000400e	02b08283	lb	x5,43(x1)	  x1:0x8003c575  x5=0x00000000 PA:0x8003c5a0 load:0x00000000
       18715000	      1772	80004012	02b0d203	lhu	x4,43(x1)	  x1:0x8003c575  x4=0x00000000 PA:0x8003c5a0 load:0x00000000
       18725000	      1773	80004016	0070ca83	lbu	x21,7(x1)	  x1:0x8003c575 x21=0x00000000 PA:0x8003c57c load:0x00000000
       18735000	      1774	8000401a	00e0c283	lbu	x5,14(x1)	  x1:0x8003c575  x5=0x00000000 PA:0x8003c583 load:0x00000000
       18745000	      1775	8000401e	00e0cd83	lbu	x27,14(x1)	  x1:0x8003c575 x27=0x00000000 PA:0x8003c583 load:0x00000000
       18755000	      1776	80004022	0002e517	auipc	x10,0x2e	 x10=0x80032022
       18765000	      1777	80004026	58450513	addi	x10,x10,1412	 x10:0x80032022 x10=0x800325a6
       18775000	      1778	8000402a	feb50ba3	sb	x11,-9(x10)	 x10:0x800325a6 x11:0x894eacb4 PA:0x8003259d store:0x894eacb4 load:0x00000000
       18785000	      1779	8000402e	0003c097	auipc	x1,0x3c	  x1=0x8004002e
       18795000	      1780	80004032	bdf08093	addi	x1,x1,-1057	  x1:0x8004002e  x1=0x8003fc0d
       18805000	      1781	80004036	00a54383	lbu	x7,10(x10)	 x10:0x800325a6  x7=0x00000000 PA:0x800325b0 load:0x00000000
       18815000	      1782	8000403a	ff508983	lb	x19,-11(x1)	  x1:0x8003fc0d x19=0x00000000 PA:0x8003fc02 load:0x00000000
       18825000	      1783	8000403e	00750683	lb	x13,7(x10)	 x10:0x800325a6 x13=0x00000000 PA:0x800325ad load:0x00000000
       18835000	      1784	80004042	00c08803	lb	x16,12(x1)	  x1:0x8003fc0d x16=0x00000000 PA:0x8003fc19 load:0x00000000
       18845000	      1785	80004046	002081a3	sb	x2,3(x1)	  x1:0x8003fc0d  x2:0x000000e4 PA:0x8003fc10 store:0x000000e4 load:0x00000000
       18855000	      1786	8000404a	018502a3	sb	x24,5(x10)	 x10:0x800325a6 x24:0x000000e4 PA:0x800325ab store:0x000000e4 load:0x00000000
       18865000	      1787	8000404e	ff754a03	lbu	x20,-9(x10)	 x10:0x800325a6 x20=0x000000b4 PA:0x8003259d load:0x000000b4
       18875000	      1788	80004052	ff40cb83	lbu	x23,-12(x1)	  x1:0x8003fc0d x23=0x00000000 PA:0x8003fc01 load:0x00000000
       18885000	      1789	80004056	ff255b83	lhu	x23,-14(x10)	 x10:0x800325a6 x23=0x00000000 PA:0x80032598 load:0x00000000
       18895000	      1790	8000405a	00e51703	lh	x14,14(x10)	 x10:0x800325a6 x14=0x00000000 PA:0x800325b4 load:0x00000000
       18905000	      1791	8000405e	ff508983	lb	x19,-11(x1)	  x1:0x8003fc0d x19=0x00000000 PA:0x8003fc02 load:0x00000000
       18915000	      1792	80004062	00d084a3	sb	x13,9(x1)	  x1:0x8003fc0d x13:0x00000000 PA:0x8003fc16 store:0x00000000 load:0x00000000
       18925000	      1793	80004066	0160a3a3	sw	x22,7(x1)	  x1:0x8003fc0d x22:0x00000000 PA:0x8003fc14 store:0x00000000 load:0x00000000
       18935000	      1794	8000406a	ffb54183	lbu	x3,-5(x10)	 x10:0x800325a6  x3=0x00000000 PA:0x800325a1 load:0x00000000
       18945000	      1795	8000406e	ff551a23	sh	x21,-12(x10)	 x10:0x800325a6 x21:0x00000000 PA:0x8003259a store:0x00000000 load:0x00000000
       18955000	      1796	80004072	01b08423	sb	x27,8(x1)	  x1:0x8003fc0d x27:0x00000000 PA:0x8003fc15 store:0x00000000 load:0x00000000
       18965000	      1797	80004076	00039d97	auipc	x27,0x39	 x27=0x8003d076
       18975000	      1798	8000407a	f65d8d93	addi	x27,x27,-155	 x27:0x8003d076 x27=0x8003cfdb
       18985000	      1799	8000407e	0002e117	auipc	x2,0x2e	  x2=0x8003207e
       18995000	      1800	80004082	48a10113	addi	x2,x2,1162	  x2:0x8003207e  x2=0x80032508
       19005000	      1801	80004086	fedd9b03	lh	x22,-19(x27)	 x27:0x8003cfdb x22=0x00000000 PA:0x8003cfc8 load:0x00000000
       19015000	      1802	8000408a	ff710c23	sb	x23,-8(x2)	  x2:0x80032508 x23:0x00000000 PA:0x80032500 store:0x00000000 load:0x00000000
       19025000	      1803	8000408e	00611183	lh	x3,6(x2)	  x2:0x80032508  x3=0x00000000 PA:0x8003250e load:0x00000000
       19035000	      1804	80004092	ffa15383	lhu	x7,-6(x2)	  x2:0x80032508  x7=0x00000000 PA:0x80032502 load:0x00000000
       19045000	      1805	80004096	fb6d8303	lb	x6,-74(x27)	 x27:0x8003cfdb  x6=0x00000000 PA:0x8003cf91 load:0x00000000
       19055000	      1806	8000409a	f75d8623	sb	x21,-148(x27)	 x27:0x8003cfdb x21:0x00000000 PA:0x8003cf47 store:0x00000000 load:0x00000000
       19065000	      1807	8000409e	f51dd203	lhu	x4,-175(x27)	 x27:0x8003cfdb  x4=0x00000000 PA:0x8003cf2c load:0x00000000
       19075000	      1808	800040a2	ff615e03	lhu	x28,-10(x2)	  x2:0x80032508 x28=0x00000000 PA:0x800324fe load:0x00000000
       19085000	      1809	800040a6	4832	c.lwsp	x16,12(x2)	  x2:0x80032508 x16=0x00000000 PA:0x80032514 load:0x00000000
       19095000	      1810	800040a8	04dd9d03	lh	x26,77(x27)	 x27:0x8003cfdb x26=0x00000000 PA:0x8003d028 load:0x00000000
       19105000	      1811	800040ac	4bb2	c.lwsp	x23,12(x2)	  x2:0x80032508 x23=0x00000000 PA:0x80032514 load:0x00000000
       19115000	      1812	800040ae	ffc109a3	sb	x28,-13(x2)	  x2:0x80032508 x28:0x00000000 PA:0x800324fb store:0x00000000 load:0x00000000
       19125000	      1813	800040b2	f1cdc403	lbu	x8,-228(x27)	 x27:0x8003cfdb  x8=0x00000000 PA:0x8003cef7 load:0x00000000
       19135000	      1814	800040b6	0002f117	auipc	x2,0x2f	  x2=0x800330b6
       19145000	      1815	800040ba	f9210113	addi	x2,x2,-110	  x2:0x800330b6  x2=0x80033048
       19155000	      1816	800040be	5be35d37	lui	x26,0x5be35	 x26=0x5be35000
       19165000	      1817	800040c2	916a	c.add	x2,x26	  x2:0x80033048 x26:0x5be35000  x2=0xdbe68048
       19175000	      1818	800040c4	e0010da3	sb	x0,-485(x2)	  x2:0xdbe68048  x0:0x00000000 PA:0xdbe67e63 store:0x00000000 load:0x00000000
       19185000	      1819	800040c8	3c111e23	sh	x1,988(x2)	  x2:0xdbe68048  x1:0x8003fc0d PA:0xdbe68424 store:0x8003fc0d load:0x00000000
       19195000	      1820	800040cc	c62105a3	sb	x2,-917(x2)	  x2:0xdbe68048  x2:0xdbe68048 PA:0xdbe67cb3 store:0xdbe68048 load:0x00000000
       19205000	      1821	800040d0	3e310723	sb	x3,1006(x2)	  x2:0xdbe68048  x3:0x00000000 PA:0xdbe68436 store:0x00000000 load:0x00000000
       19215000	      1822	800040d4	304105a3	sb	x4,779(x2)	  x2:0xdbe68048  x4:0x00000000 PA:0xdbe68353 store:0x00000000 load:0x00000000
       19225000	      1823	800040d8	a6610fa3	sb	x6,-1409(x2)	  x2:0xdbe68048  x6:0x00000000 PA:0xdbe67ac7 store:0x00000000 load:0x00000000
       19235000	      1824	800040dc	0c710da3	sb	x7,219(x2)	  x2:0xdbe68048  x7:0x00000000 PA:0xdbe68123 store:0x00000000 load:0x00000000
       19245000	      1825	800040e0	a2811123	sh	x8,-1502(x2)	  x2:0xdbe68048  x8:0x00000000 PA:0xdbe67a6a store:0x00000000 load:0x00000000
       19255000	      1826	800040e4	e1b10c83	lb	x25,-485(x2)	  x2:0xdbe68048 x25=0x00000000 PA:0xdbe67e63 load:0x00000000
       19285000	      1829	800040e8	02a403b3	mul	x7,x8,x10	  x8:0x00000000 x10:0x800325a6  x7=0x00000000
       19295000	      1830	800040ec	8fd1	c.or	x15,x12	 x15:0x00000000 x12:0x00000000 x15=0x00000000
       19335000	      1834	800040ee	02811833	mulh	x16,x2,x8	  x2:0xdbe68048  x8:0x00000000 x16=0x00000000
       19345000	      1835	800040f2	3dc15083	lhu	x1,988(x2)	  x2:0xdbe68048  x1=0x0000fc0d PA:0xdbe68424 load:0x0000fc0d
       19355000	      1836	800040f6	c6b10b83	lb	x23,-917(x2)	  x2:0xdbe68048 x23=0x00000048 PA:0xdbe67cb3 load:0x00000048
       19365000	      1837	800040fa	3ee10a83	lb	x21,1006(x2)	  x2:0xdbe68048 x21=0x00000000 PA:0xdbe68436 load:0x00000000
       19375000	      1838	800040fe	01ed06b3	add	x13,x26,x30	 x26:0x5be35000 x30:0x8004bce4 x13=0xdbe80ce4
       19385000	      1839	80004102	30b10003	lb	x0,779(x2)	  x2:0xdbe68048  x0=0x00000000 PA:0xdbe68353 load:0x00000000
       19395000	      1840	80004106	00675513	srli	x10,x14,0x6	 x14:0x00000000 x10=0x00000000
       19405000	      1841	8000410a	86c102a3	sb	x12,-1947(x2)	  x2:0xdbe68048 x12:0x00000000 PA:0xdbe678ad store:0x00000000 load:0x00000000
       19415000	      1842	8000410e	a7f10403	lb	x8,-1409(x2)	  x2:0xdbe68048  x8=0x00000000 PA:0xdbe67ac7 load:0x00000000
       19425000	      1843	80004112	0db14203	lbu	x4,219(x2)	  x2:0xdbe68048  x4=0x00000000 PA:0xdbe68123 load:0x00000000
       19435000	      1844	80004116	8279	c.srli	x12,0x1e	 x12:0x00000000 x12=0x00000000
       19445000	      1845	80004118	01378833	add	x16,x15,x19	 x15:0x00000000 x19:0x00000000 x16=0x00000000
       19465000	      1847	8000411c	0233cb33	div	x22,x7,x3	  x7:0x00000000  x3:0x00000000 x22=0xffffffff
       19475000	      1848	80004120	9c1a	c.add	x24,x6	 x24:0x000000e4  x6:0x00000000 x24=0x000000e4
       19495000	      1850	80004122	02487cb3	remu	x25,x16,x4	 x16:0x00000000  x4:0x00000000 x25=0x00000000
       19505000	      1851	80004126	a2215503	lhu	x10,-1502(x2)	  x2:0xdbe68048 x10=0x00000000 PA:0xdbe67a6a load:0x00000000
       19515000	      1852	8000412a	0002ea97	auipc	x21,0x2e	 x21=0x8003212a
       19525000	      1853	8000412e	f55a8a93	addi	x21,x21,-171	 x21:0x8003212a x21=0x8003207f
       19535000	      1854	80004132	1598	c.addi4spn	x14,x2,736	 x14=0xdbe68328
       19545000	      1855	80004134	1790	c.addi4spn	x12,x2,992	 x12=0xdbe68428
       19555000	      1856	80004136	009a8923	sb	x9,18(x21)	 x21:0x8003207f  x9:0x80047e64 PA:0x80032091 store:0x80047e64 load:0x00000000
       19565000	      1857	8000413a	16fd	c.addi	x13,-1	 x13:0xdbe80ce4 x13=0xdbe80ce3
       19575000	      1858	8000413c	00db9f93	slli	x31,x23,0xd	 x23:0x00000048 x31=0x00090000
       19585000	      1859	80004140	012a8b03	lb	x22,18(x21)	 x21:0x8003207f x22=0x00000064 PA:0x80032091 load:0x00000064
       19595000	      1860	80004144	00628933	add	x18,x5,x6	  x5:0x00000000  x6:0x00000000 x18=0x00000000
       19605000	      1861	80004148	012ac883	lbu	x17,18(x21)	 x21:0x8003207f x17=0x00000064 PA:0x80032091 load:0x00000064
       19615000	      1862	8000414c	05fa81a3	sb	x31,67(x21)	 x21:0x8003207f x31:0x00090000 PA:0x800320c2 store:0x00090000 load:0x00000000
       19625000	      1863	80004150	013546b3	xor	x13,x10,x19	 x10:0x00000000 x19:0x00000000 x13=0x00000000
       19635000	      1864	80004154	0e2ac003	lbu	x0,226(x21)	 x21:0x8003207f  x0=0x00000000 PA:0x80032161 load:0x00000000
       19645000	      1865	80004158	0e2ac783	lbu	x15,226(x21)	 x21:0x8003207f x15=0x00000000 PA:0x80032161 load:0x00000000
       19655000	      1866	8000415c	0e3a8123	sb	x3,226(x21)	 x21:0x8003207f  x3:0x00000000 PA:0x80032161 store:0x00000000 load:0x00000000
       19665000	      1867	80004160	0e2ac783	lbu	x15,226(x21)	 x21:0x8003207f x15=0x00000000 PA:0x80032161 load:0x00000000
       19675000	      1868	80004164	0e2a8e03	lb	x28,226(x21)	 x21:0x8003207f x28=0x00000000 PA:0x80032161 load:0x00000000
       19685000	      1869	80004168	0e2a8003	lb	x0,226(x21)	 x21:0x8003207f  x0=0x00000000 PA:0x80032161 load:0x00000000
       19695000	      1870	8000416c	0e2a8683	lb	x13,226(x21)	 x21:0x8003207f x13=0x00000000 PA:0x80032161 load:0x00000000
       19705000	      1871	80004170	0e2a8f83	lb	x31,226(x21)	 x21:0x8003207f x31=0x00000000 PA:0x80032161 load:0x00000000
       19715000	      1872	80004174	ff2a8803	lb	x16,-14(x21)	 x21:0x8003207f x16=0x00000000 PA:0x80032071 load:0x00000000
       19725000	      1873	80004178	0003d797	auipc	x15,0x3d	 x15=0x80041178
       19735000	      1874	8000417c	f8178793	addi	x15,x15,-127	 x15:0x80041178 x15=0x800410f9
       19745000	      1875	80004180	f35784a3	sb	x21,-215(x15)	 x15:0x800410f9 x21:0x8003207f PA:0x80041022 store:0x8003207f load:0x00000000
       19755000	      1876	80004184	04578703	lb	x14,69(x15)	 x15:0x800410f9 x14=0x00000000 PA:0x8004113e load:0x00000000
       19765000	      1877	80004188	f9e78183	lb	x3,-98(x15)	 x15:0x800410f9  x3=0x00000000 PA:0x80041097 load:0x00000000
       19775000	      1878	8000418c	f5379883	lh	x17,-173(x15)	 x15:0x800410f9 x17=0x00000000 PA:0x8004104c load:0x00000000
       19785000	      1879	80004190	026790a3	sh	x6,33(x15)	 x15:0x800410f9  x6:0x00000000 PA:0x8004111a store:0x00000000 load:0x00000000
       19795000	      1880	80004194	00e78083	lb	x1,14(x15)	 x15:0x800410f9  x1=0x00000000 PA:0x80041107 load:0x00000000
       19805000	      1881	80004198	8d25	c.xor	x10,x9	 x10:0x00000000  x9:0x80047e64 x10=0x80047e64
       19815000	      1882	8000419a	8121	c.srli	x10,0x8	 x10:0x80047e64 x10=0x0080047e
       19825000	      1883	8000419c	0e07cd03	lbu	x26,224(x15)	 x15:0x800410f9 x26=0x00000000 PA:0x800411d9 load:0x00000000
       19835000	      1884	800041a0	5a7d	c.li	x20,-1	 x20=0xffffffff
       19845000	      1885	800041a2	9a5e	c.add	x20,x23	 x20:0xffffffff x23:0x00000048 x20=0x00000047
       19855000	      1886	800041a4	02179a83	lh	x21,33(x15)	 x15:0x800410f9 x21=0x00000000 PA:0x8004111a load:0x00000000
       19865000	      1887	800041a8	f727cd03	lbu	x26,-142(x15)	 x15:0x800410f9 x26=0x00000000 PA:0x8004106b load:0x00000000
       19875000	      1888	800041ac	f177ad83	lw	x27,-233(x15)	 x15:0x800410f9 x27=0x00000000 PA:0x80041010 load:0x00000000
       19885000	      1889	800041b0	8a4e	c.mv	x20,x19	  x0:0x00000000 x19:0x00000000 x20=0x00000000
       19895000	      1890	800041b2	37f80d13	addi	x26,x16,895	 x16:0x00000000 x26=0x0000037f
       19905000	      1891	800041b6	fba78823	sb	x26,-80(x15)	 x15:0x800410f9 x26:0x0000037f PA:0x800410a9 store:0x0000037f load:0x00000000
       19915000	      1892	800041ba	fd778883	lb	x17,-41(x15)	 x15:0x800410f9 x17=0x00000000 PA:0x800410d0 load:0x00000000
       19925000	      1893	800041be	01599613	slli	x12,x19,0x15	 x19:0x00000000 x12=0x00000000
       19935000	      1894	800041c2	0ac78803	lb	x16,172(x15)	 x15:0x800410f9 x16=0x00000000 PA:0x800411a5 load:0x00000000
       19945000	      1895	800041c6	fdb79983	lh	x19,-37(x15)	 x15:0x800410f9 x19=0x00000000 PA:0x800410d4 load:0x00000000
       19955000	      1896	800041ca	06278003	lb	x0,98(x15)	 x15:0x800410f9  x0=0x00000000 PA:0x8004115b load:0x00000000
       19965000	      1897	800041ce	ffc78f83	lb	x31,-4(x15)	 x15:0x800410f9 x31=0x00000000 PA:0x800410f5 load:0x00000000
       19975000	      1898	800041d2	002ce233	or	x4,x25,x2	 x25:0x00000000  x2:0xdbe68048  x4=0xdbe68048
       19985000	      1899	800041d6	0ed79683	lh	x13,237(x15)	 x15:0x800410f9 x13=0x00000000 PA:0x800411e6 load:0x00000000
       19995000	      1900	800041da	41fd0733	sub	x14,x26,x31	 x26:0x0000037f x31:0x00000000 x14=0x0000037f
       20005000	      1901	800041de	8f65	c.and	x14,x9	 x14:0x0000037f  x9:0x80047e64 x14=0x00000264
       20015000	      1902	800041e0	09478a03	lb	x20,148(x15)	 x15:0x800410f9 x20=0x00000000 PA:0x8004118d load:0x00000000
       20025000	      1903	800041e4	0e179703	lh	x14,225(x15)	 x15:0x800410f9 x14=0x00000000 PA:0x800411da load:0x00000000
       20035000	      1904	800041e8	04d7c603	lbu	x12,77(x15)	 x15:0x800410f9 x12=0x00000000 PA:0x80041146 load:0x00000000
       20045000	      1905	800041ec	f7e78723	sb	x30,-146(x15)	 x15:0x800410f9 x30:0x8004bce4 PA:0x80041067 store:0x8004bce4 load:0x00000000
       20055000	      1906	800041f0	fc57ca03	lbu	x20,-59(x15)	 x15:0x800410f9 x20=0x00000000 PA:0x800410be load:0x00000000
       20065000	      1907	800041f4	f4b7a003	lw	x0,-181(x15)	 x15:0x800410f9  x0=0x00000000 PA:0x80041044 load:0x00000000
       20075000	      1908	800041f8	f1878203	lb	x4,-232(x15)	 x15:0x800410f9  x4=0x00000000 PA:0x80041011 load:0x00000000
       20085000	      1909	800041fc	0dd78a23	sb	x29,212(x15)	 x15:0x800410f9 x29:0x00000000 PA:0x800411cd store:0x00000000 load:0x00000000
       20095000	      1910	80004200	411bd333	sra	x6,x23,x17	 x23:0x00000048 x17:0x00000000  x6=0x00000048
       20105000	      1911	80004204	f097d103	lhu	x2,-247(x15)	 x15:0x800410f9  x2=0x00000000 PA:0x80041002 load:0x00000000
       20115000	      1912	80004208	5837b917	auipc	x18,0x5837b	 x18=0xd837f208
       20125000	      1913	8000420c	e7416e93	ori	x29,x2,-396	  x2:0x00000000 x29=0xfffffe74
       20135000	      1914	80004210	fae78a23	sb	x14,-76(x15)	 x15:0x800410f9 x14:0x00000000 PA:0x800410ad store:0x00000000 load:0x00000000
       20145000	      1915	80004214	0002fb17	auipc	x22,0x2f	 x22=0x80033214
       20155000	      1916	80004218	e34b0b13	addi	x22,x22,-460	 x22:0x80033214 x22=0x80033048
       20165000	      1917	8000421c	211f3637	lui	x12,0x211f3	 x12=0x211f3000
       20175000	      1918	80004220	9b32	c.add	x22,x12	 x22:0x80033048 x12:0x211f3000 x22=0xa1226048
       20185000	      1919	80004222	e00b01a3	sb	x0,-509(x22)	 x22:0xa1226048  x0:0x00000000 PA:0xa1225e4b store:0x00000000 load:0x00000000
       20195000	      1920	80004226	961b09a3	sb	x1,-1677(x22)	 x22:0xa1226048  x1:0x00000000 PA:0xa12259bb store:0x00000000 load:0x00000000
       20205000	      1921	8000422a	842b0423	sb	x2,-1976(x22)	 x22:0xa1226048  x2:0x00000000 PA:0xa1225890 store:0x00000000 load:0x00000000
       20215000	      1922	8000422e	063b0523	sb	x3,106(x22)	 x22:0xa1226048  x3:0x00000000 PA:0xa12260b2 store:0x00000000 load:0x00000000
       20225000	      1923	80004232	684b0623	sb	x4,1676(x22)	 x22:0xa1226048  x4:0x00000000 PA:0xa12266d4 store:0x00000000 load:0x00000000
       20235000	      1924	80004236	065b1f23	sh	x5,126(x22)	 x22:0xa1226048  x5:0x00000000 PA:0xa12260c6 store:0x00000000 load:0x00000000
       20245000	      1925	8000423a	406b1423	sh	x6,1032(x22)	 x22:0xa1226048  x6:0x00000048 PA:0xa1226450 store:0x00000048 load:0x00000000
       20255000	      1926	8000423e	0169ce33	xor	x28,x19,x22	 x19:0x00000000 x22:0xa1226048 x28=0xa1226048
       20265000	      1927	80004242	83b9	c.srli	x15,0xe	 x15:0x800410f9 x15=0x00020010
       20275000	      1928	80004244	e03b0603	lb	x12,-509(x22)	 x22:0xa1226048 x12=0x00000000 PA:0xa1225e4b load:0x00000000
       20285000	      1929	80004248	daad4413	xori	x8,x26,-598	 x26:0x0000037f  x8=0xfffffed5
       20295000	      1930	8000424c	973b4883	lbu	x17,-1677(x22)	 x22:0xa1226048 x17=0x00000000 PA:0xa12259bb load:0x00000000
       20305000	      1931	80004250	848b4783	lbu	x15,-1976(x22)	 x22:0xa1226048 x15=0x00000000 PA:0xa1225890 load:0x00000000
       20315000	      1932	80004254	06ab4e03	lbu	x28,106(x22)	 x22:0xa1226048 x28=0x00000000 PA:0xa12260b2 load:0x00000000
       20325000	      1933	80004258	87d1	c.srai	x15,0x14	 x15:0x00000000 x15=0x00000000
       20335000	      1934	8000425a	016061b3	or	x3,x0,x22	  x0:0x00000000 x22:0xa1226048  x3=0xa1226048
       20345000	      1935	8000425e	68cb0903	lb	x18,1676(x22)	 x22:0xa1226048 x18=0x00000000 PA:0xa12266d4 load:0x00000000
       20355000	      1936	80004262	01619333	sll	x6,x3,x22	  x3:0xa1226048 x22:0xa1226048  x6=0x22604800
       20365000	      1937	80004266	07eb1003	lh	x0,126(x22)	 x22:0xa1226048  x0=0x00000000 PA:0xa12260c6 load:0x00000000
       20375000	      1938	8000426a	408b1903	lh	x18,1032(x22)	 x22:0xa1226048 x18=0x00000048 PA:0xa1226450 load:0x00000048
       20385000	      1939	8000426e	0002fd17	auipc	x26,0x2f	 x26=0x8003326e
       20395000	      1940	80004272	8d8d0d13	addi	x26,x26,-1832	 x26:0x8003326e x26=0x80032b46
       20405000	      1941	80004276	a4907513	andi	x10,x0,-1463	  x0:0x00000000 x10=0x00000000
       20415000	      1942	8000427a	e7fd0683	lb	x13,-385(x26)	 x26:0x80032b46 x13=0x00000000 PA:0x800329c5 load:0x00000000
       20425000	      1943	8000427e	e7fd0803	lb	x16,-385(x26)	 x26:0x80032b46 x16=0x00000000 PA:0x800329c5 load:0x00000000
       20435000	      1944	80004282	aa7d03a3	sb	x7,-1369(x26)	 x26:0x80032b46  x7:0x00000000 PA:0x800325ed store:0x00000000 load:0x00000000
       20445000	      1945	80004286	ab3d03a3	sb	x19,-1369(x26)	 x26:0x80032b46 x19:0x00000000 PA:0x800325ed store:0x00000000 load:0x00000000
       20455000	      1946	8000428a	e02d0d23	sb	x2,-486(x26)	 x26:0x80032b46  x2:0x00000000 PA:0x80032960 store:0x00000000 load:0x00000000
       20465000	      1947	8000428e	e10d1803	lh	x16,-496(x26)	 x26:0x80032b46 x16=0x00000000 PA:0x80032956 load:0x00000000
       20475000	      1948	80004292	83f9	c.srli	x15,0x1e	 x15:0x00000000 x15=0x00000000
       20485000	      1949	80004294	d59d0823	sb	x25,-688(x26)	 x26:0x80032b46 x25:0x00000000 PA:0x80032896 store:0x00000000 load:0x00000000
       20495000	      1950	80004298	d4cd0823	sb	x12,-688(x26)	 x26:0x80032b46 x12:0x00000000 PA:0x80032896 store:0x00000000 load:0x00000000
       20505000	      1951	8000429c	d50d1903	lh	x18,-688(x26)	 x26:0x80032b46 x18=0x00000000 PA:0x80032896 load:0x00000000
       20515000	      1952	800042a0	125d1623	sh	x5,300(x26)	 x26:0x80032b46  x5:0x00000000 PA:0x80032c72 store:0x00000000 load:0x00000000
       20525000	      1953	800042a4	fb3d4c83	lbu	x25,-77(x26)	 x26:0x80032b46 x25=0x00000000 PA:0x80032af9 load:0x00000000
       20535000	      1954	800042a8	853d0303	lb	x6,-1965(x26)	 x26:0x80032b46  x6=0x00000000 PA:0x80032399 load:0x00000000
       20545000	      1955	800042ac	853d0503	lb	x10,-1965(x26)	 x26:0x80032b46 x10=0x00000000 PA:0x80032399 load:0x00000000
       20555000	      1956	800042b0	00039517	auipc	x10,0x39	 x10=0x8003d2b0
       20565000	      1957	800042b4	5f050513	addi	x10,x10,1520	 x10:0x8003d2b0 x10=0x8003d8a0
       20575000	      1958	800042b8	07d506a3	sb	x29,109(x10)	 x10:0x8003d8a0 x29:0xfffffe74 PA:0x8003d90d store:0xfffffe74 load:0x00000000
       20585000	      1959	800042bc	0c350323	sb	x3,198(x10)	 x10:0x8003d8a0  x3:0xa1226048 PA:0x8003d966 store:0xa1226048 load:0x00000000
       20595000	      1960	800042c0	f5b54283	lbu	x5,-165(x10)	 x10:0x8003d8a0  x5=0x00000000 PA:0x8003d7fb load:0x00000000
       20605000	      1961	800042c4	6ed93313	sltiu	x6,x18,1773	 x18:0x00000000  x6=0x00000001
       20615000	      1962	800042c8	fac55e83	lhu	x29,-84(x10)	 x10:0x8003d8a0 x29=0x00000000 PA:0x8003d84c load:0x00000000
       20625000	      1963	800042cc	8609	c.srai	x12,0x2	 x12:0x00000000 x12=0x00000000
       20635000	      1964	800042ce	868a	c.mv	x13,x2	  x0:0x00000000  x2:0x00000000 x13=0x00000000
       20645000	      1965	800042d0	0c450ca3	sb	x4,217(x10)	 x10:0x8003d8a0  x4:0x00000000 PA:0x8003d979 store:0x00000000 load:0x00000000
       20655000	      1966	800042d4	0d750703	lb	x14,215(x10)	 x10:0x8003d8a0 x14=0x00000000 PA:0x8003d977 load:0x00000000
       20665000	      1967	800042d8	01650f83	lb	x31,22(x10)	 x10:0x8003d8a0 x31=0x00000000 PA:0x8003d8b6 load:0x00000000
       20675000	      1968	800042dc	000ae1b3	or	x3,x21,x0	 x21:0x00000000  x0:0x00000000  x3=0x00000000
       20685000	      1969	800042e0	f5f54003	lbu	x0,-161(x10)	 x10:0x8003d8a0  x0=0x00000000 PA:0x8003d7ff load:0x00000000
       20695000	      1970	800042e4	f5b54c03	lbu	x24,-165(x10)	 x10:0x8003d8a0 x24=0x00000000 PA:0x8003d7fb load:0x00000000
       20705000	      1971	800042e8	fbb50fa3	sb	x27,-65(x10)	 x10:0x8003d8a0 x27:0x00000000 PA:0x8003d85f store:0x00000000 load:0x00000000
       20715000	      1972	800042ec	011506a3	sb	x17,13(x10)	 x10:0x8003d8a0 x17:0x00000000 PA:0x8003d8ad store:0x00000000 load:0x00000000
       20725000	      1973	800042f0	0117a9b3	slt	x19,x15,x17	 x15:0x00000000 x17:0x00000000 x19=0x00000000
       20735000	      1974	800042f4	8e7d	c.and	x12,x15	 x12:0x00000000 x15:0x00000000 x12=0x00000000
       20745000	      1975	800042f6	8f85	c.sub	x15,x9	 x15:0x00000000  x9:0x80047e64 x15=0x7ffb819c
       20785000	      1979	800042f8	029d2ab3	mulhsu	x21,x26,x9	 x26:0x80032b46  x9:0x80047e64 x21=0xbfff567f
       20795000	      1980	800042fc	0da55e83	lhu	x29,218(x10)	 x10:0x8003d8a0 x29=0x00000000 PA:0x8003d97a load:0x00000000
       20805000	      1981	80004300	02e50423	sb	x14,40(x10)	 x10:0x8003d8a0 x14:0x00000000 PA:0x8003d8c8 store:0x00000000 load:0x00000000
       20815000	      1982	80004304	0001	c.addi	x0,0	  x0:0x00000000  x0=0x00000000
       20825000	      1983	80004306	fa950e83	lb	x29,-87(x10)	 x10:0x8003d8a0 x29=0x00000000 PA:0x8003d849 load:0x00000000
       20835000	      1984	8000430a	0e450723	sb	x4,238(x10)	 x10:0x8003d8a0  x4:0x00000000 PA:0x8003d98e store:0x00000000 load:0x00000000
       20845000	      1985	8000430e	04850d23	sb	x8,90(x10)	 x10:0x8003d8a0  x8:0xfffffed5 PA:0x8003d8fa store:0xfffffed5 load:0x00000000
       20855000	      1986	80004312	fb550883	lb	x17,-75(x10)	 x10:0x8003d8a0 x17=0x00000000 PA:0x8003d855 load:0x00000000
       21225000	      2023	80004316	03ec41b3	div	x3,x24,x30	 x24:0x00000000 x30:0x8004bce4  x3=0x00000000
       21235000	      2024	8000431a	08050183	lb	x3,128(x10)	 x10:0x8003d8a0  x3=0x00000000 PA:0x8003d920 load:0x00000000
       21245000	      2025	8000431e	01c51783	lh	x15,28(x10)	 x10:0x8003d8a0 x15=0x00000000 PA:0x8003d8bc load:0x00000000
       21255000	      2026	80004322	8275	c.srli	x12,0x1d	 x12:0x00000000 x12=0x00000000
       21265000	      2027	80004324	0e255683	lhu	x13,226(x10)	 x10:0x8003d8a0 x13=0x00000000 PA:0x8003d982 load:0x00000000
       21275000	      2028	80004328	857dfd13	andi	x26,x27,-1961	 x27:0x00000000 x26=0x00000000
       21285000	      2029	8000432c	5530	c.lw	x12,104(x10)	 x10:0x8003d8a0 x12=0x00000000 PA:0x8003d908 load:0x00000000
       21295000	      2030	8000432e	f5f54c83	lbu	x25,-161(x10)	 x10:0x8003d8a0 x25=0x00000000 PA:0x8003d7ff load:0x00000000
       21305000	      2031	80004332	e6e64eb7	lui	x29,0xe6e64	 x29=0xe6e64000
       21675000	      2068	80004336	029a4733	div	x14,x20,x9	 x20:0x00000000  x9:0x80047e64 x14=0x00000000
       21685000	      2069	8000433a	0001	c.addi	x0,0	  x0:0x00000000  x0=0x00000000
       21695000	      2070	8000433c	fbd50d83	lb	x27,-67(x10)	 x10:0x8003d8a0 x27=0x00000000 PA:0x8003d85d load:0x00000000
       21705000	      2071	80004340	f1554983	lbu	x19,-235(x10)	 x10:0x8003d8a0 x19=0x00000000 PA:0x8003d7b5 load:0x00000000
       21715000	      2072	80004344	076506a3	sb	x22,109(x10)	 x10:0x8003d8a0 x22:0xa1226048 PA:0x8003d90d store:0xa1226048 load:0x00000000
       21725000	      2073	80004348	f4354e03	lbu	x28,-189(x10)	 x10:0x8003d8a0 x28=0x00000000 PA:0x8003d7e3 load:0x00000000
       21735000	      2074	8000434c	049505a3	sb	x9,75(x10)	 x10:0x8003d8a0  x9:0x80047e64 PA:0x8003d8eb store:0x80047e64 load:0x00000000
       21745000	      2075	80004350	f0354703	lbu	x14,-253(x10)	 x10:0x8003d8a0 x14=0x00000000 PA:0x8003d7a3 load:0x00000000
       21755000	      2076	80004354	f4750a03	lb	x20,-185(x10)	 x10:0x8003d8a0 x20=0x00000000 PA:0x8003d7e7 load:0x00000000
       21765000	      2077	80004358	f7a50da3	sb	x26,-133(x10)	 x10:0x8003d8a0 x26:0x00000000 PA:0x8003d81b store:0x00000000 load:0x00000000
       21775000	      2078	8000435c	00030217	auipc	x4,0x30	  x4=0x8003435c
       21785000	      2079	80004360	dc720213	addi	x4,x4,-569	  x4:0x8003435c  x4=0x80034123
       22155000	      2116	80004364	024262b3	rem	x5,x4,x4	  x4:0x80034123  x4:0x80034123  x5=0x00000000
       22165000	      2117	80004368	03824403	lbu	x8,56(x4)	  x4:0x80034123  x8=0x00000000 PA:0x8003415b load:0x00000000
       22175000	      2118	8000436c	83ed	c.srli	x15,0x1b	 x15:0x00000000 x15=0x00000000
       22185000	      2119	8000436e	fe120b83	lb	x23,-31(x4)	  x4:0x80034123 x23=0x00000000 PA:0x80034104 load:0x00000000
       22195000	      2120	80004372	03220603	lb	x12,50(x4)	  x4:0x80034123 x12=0x00000000 PA:0x80034155 load:0x00000000
       22205000	      2121	80004376	01420b03	lb	x22,20(x4)	  x4:0x80034123 x22=0x00000000 PA:0x80034137 load:0x00000000
       22215000	      2122	8000437a	1e7d	c.addi	x28,-1	 x28:0x00000000 x28=0xffffffff
       22225000	      2123	8000437c	1808	c.addi4spn	x10,x2,48	 x10=0x00000030
       22235000	      2124	8000437e	fd2200a3	sb	x18,-63(x4)	  x4:0x80034123 x18:0x00000000 PA:0x800340e4 store:0x00000000 load:0x00000000
       22245000	      2125	80004382	fe4218a3	sh	x4,-15(x4)	  x4:0x80034123  x4:0x80034123 PA:0x80034114 store:0x80034123 load:0x00000000
       22255000	      2126	80004386	a70d7d93	andi	x27,x26,-1424	 x26:0x00000000 x27=0x00000000
       22265000	      2127	8000438a	410bdd93	srai	x27,x23,0x10	 x23:0x00000000 x27=0x00000000
       22295000	      2130	8000438e	03d009b3	mul	x19,x0,x29	  x0:0x00000000 x29:0xe6e64000 x19=0x00000000
       22305000	      2131	80004392	03824283	lbu	x5,56(x4)	  x4:0x80034123  x5=0x00000000 PA:0x8003415b load:0x00000000
       22675000	      2168	80004396	02694733	div	x14,x18,x6	 x18:0x00000000  x6:0x00000001 x14=0x00000000
       22685000	      2169	8000439a	bf356b13	ori	x22,x10,-1037	 x10:0x00000030 x22=0xfffffbf3
       22695000	      2170	8000439e	03024683	lbu	x13,48(x4)	  x4:0x80034123 x13=0x00000000 PA:0x80034153 load:0x00000000
       22715000	      2172	800043a2	96fa	c.add	x13,x30	 x13:0x00000000 x30:0x8004bce4 x13=0x8004bce4
       22725000	      2173	800043a4	04020803	lb	x16,64(x4)	  x4:0x80034123 x16=0x00000000 PA:0x80034163 load:0x00000000
       22735000	      2174	800043a8	987d	c.andi	x8,-1	  x8:0x00000000  x8=0x00000000
       22745000	      2175	800043aa	02620983	lb	x19,38(x4)	  x4:0x80034123 x19=0x00000000 PA:0x80034149 load:0x00000000
       22755000	      2176	800043ae	8c2d	c.xor	x8,x11	  x8:0x00000000 x11:0x894eacb4  x8=0x894eacb4
       22765000	      2177	800043b0	00921ba3	sh	x9,23(x4)	  x4:0x80034123  x9:0x80047e64 PA:0x8003413a store:0x80047e64 load:0x00000000
       22775000	      2178	800043b4	0001	c.addi	x0,0	  x0:0x00000000  x0=0x00000000
       22785000	      2179	800043b6	01420e83	lb	x29,20(x4)	  x4:0x80034123 x29=0x00000000 PA:0x80034137 load:0x00000000
       22795000	      2180	800043ba	ffa24603	lbu	x12,-6(x4)	  x4:0x80034123 x12=0x00000000 PA:0x8003411d load:0x00000000
       22825000	      2183	800043be	029d0cb3	mul	x25,x26,x9	 x26:0x00000000  x9:0x80047e64 x25=0x00000000
       22835000	      2184	800043c2	00edd833	srl	x16,x27,x14	 x27:0x00000000 x14:0x00000000 x16=0x00000000
       22865000	      2187	800043c6	02230fb3	mul	x31,x6,x2	  x6:0x00000001  x2:0x00000000 x31=0x00000000
       22875000	      2188	800043ca	fd420403	lb	x8,-44(x4)	  x4:0x80034123  x8=0x00000000 PA:0x800340f7 load:0x00000000
       22885000	      2189	800043ce	fd420e03	lb	x28,-44(x4)	  x4:0x80034123 x28=0x00000000 PA:0x800340f7 load:0x00000000
       22895000	      2190	800043d2	fd620b83	lb	x23,-42(x4)	  x4:0x80034123 x23=0x00000000 PA:0x800340f9 load:0x00000000
       22905000	      2191	800043d6	9c290b93	addi	x23,x18,-1598	 x18:0x00000000 x23=0xfffff9c2
       22915000	      2192	800043da	ff324703	lbu	x14,-13(x4)	  x4:0x80034123 x14=0x00000000 PA:0x80034116 load:0x00000000
       22925000	      2193	800043de	411256b3	sra	x13,x4,x17	  x4:0x80034123 x17:0x00000000 x13=0x80034123
       22945000	      2195	800043e2	034d5a33	divu	x20,x26,x20	 x26:0x00000000 x20:0x00000000 x20=0xffffffff
       22955000	      2196	800043e6	02d20783	lb	x15,45(x4)	  x4:0x80034123 x15=0x00000000 PA:0x80034150 load:0x00000000
       22975000	      2198	800043ea	00f206a3	sb	x15,13(x4)	  x4:0x80034123 x15:0x00000000 PA:0x80034130 store:0x00000000 load:0x00000000
       22985000	      2199	800043ee	fd620983	lb	x19,-42(x4)	  x4:0x80034123 x19=0x00000000 PA:0x800340f9 load:0x00000000
       22995000	      2200	800043f2	fe020803	lb	x16,-32(x4)	  x4:0x80034123 x16=0x00000000 PA:0x80034103 load:0x00000000
       23005000	      2201	800043f6	0002e117	auipc	x2,0x2e	  x2=0x800323f6
       23015000	      2202	800043fa	c5a10113	addi	x2,x2,-934	  x2:0x800323f6  x2=0x80032050
       23025000	      2203	800043fe	ffd14a03	lbu	x20,-3(x2)	  x2:0x80032050 x20=0x00000000 PA:0x8003204d load:0x00000000
       23035000	      2204	80004402	13516213	ori	x4,x2,309	  x2:0x80032050  x4=0x80032175
       23045000	      2205	80004406	00b10a03	lb	x20,11(x2)	  x2:0x80032050 x20=0x00000000 PA:0x8003205b load:0x00000000
       23055000	      2206	8000440a	00b102a3	sb	x11,5(x2)	  x2:0x80032050 x11:0x894eacb4 PA:0x80032055 store:0x894eacb4 load:0x00000000
       23065000	      2207	8000440e	00710a03	lb	x20,7(x2)	  x2:0x80032050 x20=0x00000000 PA:0x80032057 load:0x00000000
       23075000	      2208	80004412	0000100f	fence.i	
       23105000	      2211	80004416	019103a3	sb	x25,7(x2)	  x2:0x80032050 x25:0x00000000 PA:0x80032057 store:0x00000000 load:0x00000000
       23115000	      2212	8000441a	01511723	sh	x21,14(x2)	  x2:0x80032050 x21:0xbfff567f PA:0x8003205e store:0xbfff567f load:0x00000000
       23155000	      2216	8000441e	02f4bcb3	mulhu	x25,x9,x15	  x9:0x80047e64 x15:0x00000000 x25=0x00000000
       23165000	      2217	80004422	ff911d23	sh	x25,-6(x2)	  x2:0x80032050 x25:0x00000000 PA:0x8003204a store:0x00000000 load:0x00000000
       23175000	      2218	80004426	00214683	lbu	x13,2(x2)	  x2:0x80032050 x13=0x00000000 PA:0x80032052 load:0x00000000
       23185000	      2219	8000442a	01e10723	sb	x30,14(x2)	  x2:0x80032050 x30:0x8004bce4 PA:0x8003205e store:0x8004bce4 load:0x00000000
       23195000	      2220	8000442e	c60a	c.swsp	x2,12(x2)	  x2:0x80032050  x2:0x80032050 PA:0x8003205c store:0x80032050 load:0x00000000
       23205000	      2221	80004430	8f3c6b13	ori	x22,x24,-1805	 x24:0x00000000 x22=0xfffff8f3
       23235000	      2224	80004434	030b0d33	mul	x26,x22,x16	 x22:0xfffff8f3 x16:0x00000000 x26=0x00000000
       23245000	      2225	80004438	c416	c.swsp	x5,8(x2)	  x2:0x80032050  x5:0x00000000 PA:0x80032058 store:0x00000000 load:0x00000000
       23255000	      2226	8000443a	00214a03	lbu	x20,2(x2)	  x2:0x80032050 x20=0x00000000 PA:0x80032052 load:0x00000000
       23265000	      2227	8000443e	c056	c.swsp	x21,0(x2)	  x2:0x80032050 x21:0xbfff567f PA:0x80032050 store:0xbfff567f load:0x00000000
       23275000	      2228	80004440	c00a	c.swsp	x2,0(x2)	  x2:0x80032050  x2:0x80032050 PA:0x80032050 store:0x80032050 load:0x00000000
       23285000	      2229	80004442	8355	c.srli	x14,0x15	 x14:0x00000000 x14=0x00000000
       23295000	      2230	80004444	00510c83	lb	x25,5(x2)	  x2:0x80032050 x25=0xffffffb4 PA:0x80032055 load:0xffffffb4
       23305000	      2231	80004448	ffd14803	lbu	x16,-3(x2)	  x2:0x80032050 x16=0x00000000 PA:0x8003204d load:0x00000000
       23315000	      2232	8000444c	ffd10803	lb	x16,-3(x2)	  x2:0x80032050 x16=0x00000000 PA:0x8003204d load:0x00000000
       23325000	      2233	80004450	0002e117	auipc	x2,0x2e	  x2=0x80032450
       23335000	      2234	80004454	fc810113	addi	x2,x2,-56	  x2:0x80032450  x2=0x80032418
       23345000	      2235	80004458	4d42	c.lwsp	x26,16(x2)	  x2:0x80032418 x26=0x00000000 PA:0x80032428 load:0x00000000
       23355000	      2236	8000445a	ffb10ba3	sb	x27,-9(x2)	  x2:0x80032418 x27:0x00000000 PA:0x8003240f store:0x00000000 load:0x00000000
       23365000	      2237	8000445e	ff910d03	lb	x26,-7(x2)	  x2:0x80032418 x26=0x00000000 PA:0x80032411 load:0x00000000
       23375000	      2238	80004462	868a	c.mv	x13,x2	  x0:0x00000000  x2:0x80032418 x13=0x80032418
       23385000	      2239	80004464	ff611d83	lh	x27,-10(x2)	  x2:0x80032418 x27=0x00000000 PA:0x8003240e load:0x00000000
       23395000	      2240	80004468	00210a03	lb	x20,2(x2)	  x2:0x80032418 x20=0x00000000 PA:0x8003241a load:0x00000000
       23425000	      2243	8000446c	038c88b3	mul	x17,x25,x24	 x25:0xffffffb4 x24:0x00000000 x17=0x00000000
       23435000	      2244	80004470	8e45	c.or	x12,x9	 x12:0x00000000  x9:0x80047e64 x12=0x80047e64
       23445000	      2245	80004472	ffd14e83	lbu	x29,-3(x2)	  x2:0x80032418 x29=0x00000000 PA:0x80032415 load:0x00000000
       23455000	      2246	80004476	ffa10c23	sb	x26,-8(x2)	  x2:0x80032418 x26:0x00000000 PA:0x80032410 store:0x00000000 load:0x00000000
       23465000	      2247	8000447a	00b14c03	lbu	x24,11(x2)	  x2:0x80032418 x24=0x00000000 PA:0x80032423 load:0x00000000
       23475000	      2248	8000447e	ff710703	lb	x14,-9(x2)	  x2:0x80032418 x14=0x00000000 PA:0x8003240f load:0x00000000
       23485000	      2249	80004482	00a10a03	lb	x20,10(x2)	  x2:0x80032418 x20=0x00000000 PA:0x80032422 load:0x00000000
       23495000	      2250	80004486	86e9	c.srai	x13,0x1a	 x13:0x80032418 x13=0xffffffe0
       23505000	      2251	80004488	a4128293	addi	x5,x5,-1471	  x5:0x00000000  x5=0xfffffa41
       23515000	      2252	8000448c	01b104a3	sb	x27,9(x2)	  x2:0x80032418 x27:0x00000000 PA:0x80032421 store:0x00000000 load:0x00000000
       23525000	      2253	80004490	00a15403	lhu	x8,10(x2)	  x2:0x80032418  x8=0x00000000 PA:0x80032422 load:0x00000000
       23535000	      2254	80004494	0000100f	fence.i	
       23555000	      2256	80004498	9fbd3d13	sltiu	x26,x26,-1541	 x26:0x00000000 x26=0x00000001
       23595000	      2260	8000449c	020d1933	mulh	x18,x26,x0	 x26:0x00000001  x0:0x00000000 x18=0x00000000
       23635000	      2264	800044a0	03c62db3	mulhsu	x27,x12,x28	 x12:0x80047e64 x28:0x00000000 x27=0x00000000
       23645000	      2265	800044a4	00b14c83	lbu	x25,11(x2)	  x2:0x80032418 x25=0x00000000 PA:0x80032423 load:0x00000000
       23655000	      2266	800044a8	ff814003	lbu	x0,-8(x2)	  x2:0x80032418  x0=0x00000000 PA:0x80032410 load:0x00000000
       23665000	      2267	800044ac	8ead	c.xor	x13,x11	 x13:0xffffffe0 x11:0x894eacb4 x13=0x76b15354
       23675000	      2268	800044ae	fe5108a3	sb	x5,-15(x2)	  x2:0x80032418  x5:0xfffffa41 PA:0x80032409 store:0xfffffa41 load:0x00000000
       23685000	      2269	800044b2	167d	c.addi	x12,-1	 x12:0x80047e64 x12=0x80047e63
       23695000	      2270	800044b4	0000100f	fence.i	
       23715000	      2272	800044b8	82070e93	addi	x29,x14,-2016	 x14:0x00000000 x29=0xfffff820
       23725000	      2273	800044bc	ffa14b83	lbu	x23,-6(x2)	  x2:0x80032418 x23=0x00000000 PA:0x80032412 load:0x00000000
       23735000	      2274	800044c0	a9d83993	sltiu	x19,x16,-1379	 x16:0x00000000 x19=0x00000001
       23745000	      2275	800044c4	8d41	c.or	x10,x8	 x10:0x00000030  x8:0x00000000 x10=0x00000030
       23755000	      2276	800044c6	ffc15c03	lhu	x24,-4(x2)	  x2:0x80032418 x24=0x00000000 PA:0x80032414 load:0x00000000
       23765000	      2277	800044ca	ff414683	lbu	x13,-12(x2)	  x2:0x80032418 x13=0x00000000 PA:0x8003240c load:0x00000000
       23775000	      2278	800044ce	00610983	lb	x19,6(x2)	  x2:0x80032418 x19=0x00000000 PA:0x8003241e load:0x00000000
       23795000	      2280	800044d2	015999b3	sll	x19,x19,x21	 x19:0x00000000 x21:0xbfff567f x19=0x00000000
       23805000	      2281	800044d6	6219f313	andi	x6,x19,1569	 x19:0x00000000  x6=0x00000000
       23815000	      2282	800044da	013104a3	sb	x19,9(x2)	  x2:0x80032418 x19:0x00000000 PA:0x80032421 store:0x00000000 load:0x00000000
       23825000	      2283	800044de	ffb10b03	lb	x22,-5(x2)	  x2:0x80032418 x22=0x00000000 PA:0x80032413 load:0x00000000
       23835000	      2284	800044e2	01c16d33	or	x26,x2,x28	  x2:0x80032418 x28:0x00000000 x26=0x80032418
       23855000	      2286	800044e6	02d2f6b3	remu	x13,x5,x13	  x5:0xfffffa41 x13:0x00000000 x13=0xfffffa41
       23865000	      2287	800044ea	fd9f7d17	auipc	x26,0xfd9f7	 x26=0x7d9fb4ea
       23875000	      2288	800044ee	00614203	lbu	x4,6(x2)	  x2:0x80032418  x4=0x00000000 PA:0x8003241e load:0x00000000
       23885000	      2289	800044f2	ffa11c03	lh	x24,-6(x2)	  x2:0x80032418 x24=0x00000000 PA:0x80032412 load:0x00000000
       23895000	      2290	800044f6	0001	c.addi	x0,0	  x0:0x00000000  x0=0x00000000
       23905000	      2291	800044f8	00a10e03	lb	x28,10(x2)	  x2:0x80032418 x28=0x00000000 PA:0x80032422 load:0x00000000
       23915000	      2292	800044fc	01b100a3	sb	x27,1(x2)	  x2:0x80032418 x27:0x00000000 PA:0x80032419 store:0x00000000 load:0x00000000
       23925000	      2293	80004500	013100a3	sb	x19,1(x2)	  x2:0x80032418 x19:0x00000000 PA:0x80032419 store:0x00000000 load:0x00000000
       23935000	      2294	80004504	918a	c.add	x3,x2	  x3:0x00000000  x2:0x80032418  x3=0x80032418
       23945000	      2295	80004506	fff10d83	lb	x27,-1(x2)	  x2:0x80032418 x27=0x00000000 PA:0x80032417 load:0x00000000
       23955000	      2296	8000450a	c652	c.swsp	x20,12(x2)	  x2:0x80032418 x20:0x00000000 PA:0x80032424 store:0x00000000 load:0x00000000
       23965000	      2297	8000450c	0002f697	auipc	x13,0x2f	 x13=0x8003350c
       23975000	      2298	80004510	a0e68693	addi	x13,x13,-1522	 x13:0x8003350c x13=0x80032f1a
       23985000	      2299	80004514	0276c183	lbu	x3,39(x13)	 x13:0x80032f1a  x3=0x00000000 PA:0x80032f41 load:0x00000000
       23995000	      2300	80004518	f216c283	lbu	x5,-223(x13)	 x13:0x80032f1a  x5=0x00000000 PA:0x80032e3b load:0x00000000
       24005000	      2301	8000451c	00f318b3	sll	x17,x6,x15	  x6:0x00000000 x15:0x00000000 x17=0x00000000
       24015000	      2302	80004520	f2168a83	lb	x21,-223(x13)	 x13:0x80032f1a x21=0x00000000 PA:0x80032e3b load:0x00000000
       24025000	      2303	80004524	f38680a3	sb	x24,-223(x13)	 x13:0x80032f1a x24:0x00000000 PA:0x80032e3b store:0x00000000 load:0x00000000
       24035000	      2304	80004528	f906dd83	lhu	x27,-112(x13)	 x13:0x80032f1a x27=0x00000000 PA:0x80032eaa load:0x00000000
       24045000	      2305	8000452c	f906c603	lbu	x12,-112(x13)	 x13:0x80032f1a x12=0x00000000 PA:0x80032eaa load:0x00000000
       24055000	      2306	80004530	f8368823	sb	x3,-112(x13)	 x13:0x80032f1a  x3:0x00000000 PA:0x80032eaa store:0x00000000 load:0x00000000
       24065000	      2307	80004534	f906de83	lhu	x29,-112(x13)	 x13:0x80032f1a x29=0x00000000 PA:0x80032eaa load:0x00000000
       24075000	      2308	80004538	6e95	c.lui	x29,0x5	 x29=0x00005000
       24085000	      2309	8000453a	d9c9fc13	andi	x24,x19,-612	 x19:0x00000000 x24=0x00000000
       24095000	      2310	8000453e	d92a3913	sltiu	x18,x20,-622	 x20:0x00000000 x18=0x00000001
       24105000	      2311	80004542	08e69d83	lh	x27,142(x13)	 x13:0x80032f1a x27=0x00000000 PA:0x80032fa8 load:0x00000000
       24115000	      2312	80004546	05e69623	sh	x30,76(x13)	 x13:0x80032f1a x30:0x8004bce4 PA:0x80032f66 store:0x8004bce4 load:0x00000000
       24125000	      2313	8000454a	fbb68c03	lb	x24,-69(x13)	 x13:0x80032f1a x24=0x00000000 PA:0x80032ed5 load:0x00000000
       24135000	      2314	8000454e	f66689a3	sb	x6,-141(x13)	 x13:0x80032f1a  x6:0x00000000 PA:0x80032e8d store:0x00000000 load:0x00000000
       24145000	      2315	80004552	0ffa	c.slli	x31,0x1e	 x31:0x00000000 x31=0x00000000
       24155000	      2316	80004554	f736ca03	lbu	x20,-141(x13)	 x13:0x80032f1a x20=0x00000000 PA:0x80032e8d load:0x00000000
       24175000	      2318	80004558	031cf2b3	remu	x5,x25,x17	 x25:0x00000000 x17:0x00000000  x5=0x00000000
       24185000	      2319	8000455c	fbc69183	lh	x3,-68(x13)	 x13:0x80032f1a  x3=0x00000000 PA:0x80032ed6 load:0x00000000
       24195000	      2320	80004560	fbc6db83	lhu	x23,-68(x13)	 x13:0x80032f1a x23=0x00000000 PA:0x80032ed6 load:0x00000000
       24205000	      2321	80004564	02a69e83	lh	x29,42(x13)	 x13:0x80032f1a x29=0x00000000 PA:0x80032f44 load:0x00000000
       24215000	      2322	80004568	0002ec17	auipc	x24,0x2e	 x24=0x80032568
       24225000	      2323	8000456c	c21c0c13	addi	x24,x24,-991	 x24:0x80032568 x24=0x80032189
       24235000	      2324	80004570	02ac0123	sb	x10,34(x24)	 x24:0x80032189 x10:0x00000030 PA:0x800321ab store:0x00000030 load:0x00000000
       24245000	      2325	80004574	fcdc4c83	lbu	x25,-51(x24)	 x24:0x80032189 x25=0x00000000 PA:0x80032156 load:0x00000000
       24255000	      2326	80004578	fcdc4a03	lbu	x20,-51(x24)	 x24:0x80032189 x20=0x00000000 PA:0x80032156 load:0x00000000
       24265000	      2327	8000457c	009933b3	sltu	x7,x18,x9	 x18:0x00000001  x9:0x80047e64  x7=0x00000001
       24275000	      2328	80004580	fc1c16a3	sh	x1,-51(x24)	 x24:0x80032189  x1:0x00000000 PA:0x80032156 store:0x00000000 load:0x00000000
       24285000	      2329	80004584	fcdc4a03	lbu	x20,-51(x24)	 x24:0x80032189 x20=0x00000000 PA:0x80032156 load:0x00000000
       24295000	      2330	80004588	fc7c5783	lhu	x15,-57(x24)	 x24:0x80032189 x15=0x00000000 PA:0x80032150 load:0x00000000
       24305000	      2331	8000458c	fc7c4603	lbu	x12,-57(x24)	 x24:0x80032189 x12=0x00000000 PA:0x80032150 load:0x00000000
       24315000	      2332	80004590	fc7c1103	lh	x2,-57(x24)	 x24:0x80032189  x2=0x00000000 PA:0x80032150 load:0x00000000
       24325000	      2333	80004594	fc7c4f83	lbu	x31,-57(x24)	 x24:0x80032189 x31=0x00000000 PA:0x80032150 load:0x00000000
       24335000	      2334	80004598	fc5c23a3	sw	x5,-57(x24)	 x24:0x80032189  x5:0x00000000 PA:0x80032150 store:0x00000000 load:0x00000000
       24345000	      2335	8000459c	0002fe97	auipc	x29,0x2f	 x29=0x8003359c
       24355000	      2336	800045a0	9e7e8e93	addi	x29,x29,-1561	 x29:0x8003359c x29=0x80032f83
       24365000	      2337	800045a4	019ec403	lbu	x8,25(x29)	 x29:0x80032f83  x8=0x00000000 PA:0x80032f9c load:0x00000000
       24375000	      2338	800045a8	002e90a3	sh	x2,1(x29)	 x29:0x80032f83  x2:0x00000000 PA:0x80032f84 store:0x00000000 load:0x00000000
       24385000	      2339	800045ac	5a330a17	auipc	x20,0x5a330	 x20=0xda3345ac
       24395000	      2340	800045b0	001ed103	lhu	x2,1(x29)	 x29:0x80032f83  x2=0x00000000 PA:0x80032f84 load:0x00000000
       24405000	      2341	800045b4	009eab83	lw	x23,9(x29)	 x29:0x80032f83 x23=0x00000000 PA:0x80032f8c load:0x00000000
       24415000	      2342	800045b8	09de9383	lh	x7,157(x29)	 x29:0x80032f83  x7=0x00000000 PA:0x80033020 load:0x00000000
       24425000	      2343	800045bc	09dead03	lw	x26,157(x29)	 x29:0x80032f83 x26=0x00000000 PA:0x80033020 load:0x00000000
       24435000	      2344	800045c0	ff1ed703	lhu	x14,-15(x29)	 x29:0x80032f83 x14=0x00000000 PA:0x80032f74 load:0x00000000
       24455000	      2346	800045c4	8d19	c.sub	x10,x14	 x10:0x00000030 x14:0x00000000 x10=0x00000030
       24465000	      2347	800045c6	ff6e8103	lb	x2,-10(x29)	 x29:0x80032f83  x2=0x00000000 PA:0x80032f79 load:0x00000000
       24475000	      2348	800045ca	feae8b23	sb	x10,-10(x29)	 x29:0x80032f83 x10:0x00000030 PA:0x80032f79 store:0x00000030 load:0x00000000
       24485000	      2349	800045ce	ffde8b23	sb	x29,-10(x29)	 x29:0x80032f83 x29:0x80032f83 PA:0x80032f79 store:0x80032f83 load:0x00000000
       24495000	      2350	800045d2	ffbe8b23	sb	x27,-10(x29)	 x29:0x80032f83 x27:0x00000000 PA:0x80032f79 store:0x00000000 load:0x00000000
       24505000	      2351	800045d6	fefe8b23	sb	x15,-10(x29)	 x29:0x80032f83 x15:0x00000000 PA:0x80032f79 store:0x00000000 load:0x00000000
       24515000	      2352	800045da	0002e117	auipc	x2,0x2e	  x2=0x800325da
       24525000	      2353	800045de	e6910113	addi	x2,x2,-407	  x2:0x800325da  x2=0x80032443
       24535000	      2354	800045e2	00d15383	lhu	x7,13(x2)	  x2:0x80032443  x7=0x00000000 PA:0x80032450 load:0x00000000
       24545000	      2355	800045e6	ff711003	lh	x0,-9(x2)	  x2:0x80032443  x0=0x00000000 PA:0x8003243a load:0x00000000
       24555000	      2356	800045ea	00614d83	lbu	x27,6(x2)	  x2:0x80032443 x27=0x00000000 PA:0x80032449 load:0x00000000
       24565000	      2357	800045ee	40de0cb3	sub	x25,x28,x13	 x28:0x00000000 x13:0x80032f1a x25=0x7ffcd0e6
       24575000	      2358	800045f2	60c9	c.lui	x1,0x12	  x1=0x00012000
       24585000	      2359	800045f4	00710d03	lb	x26,7(x2)	  x2:0x80032443 x26=0x00000000 PA:0x8003244a load:0x00000000
       24595000	      2360	800045f8	00315b83	lhu	x23,3(x2)	  x2:0x80032443 x23=0x00000000 PA:0x80032446 load:0x00000000
       24605000	      2361	800045fc	00614603	lbu	x12,6(x2)	  x2:0x80032443 x12=0x00000000 PA:0x80032449 load:0x00000000
       24615000	      2362	80004600	01fb1d13	slli	x26,x22,0x1f	 x22:0x00000000 x26=0x00000000
       24625000	      2363	80004604	0147ae33	slt	x28,x15,x20	 x15:0x00000000 x20:0xda3345ac x28=0x00000000
       24635000	      2364	80004608	fa846013	ori	x0,x8,-88	  x8:0x00000000  x0=0x00000000
       24645000	      2365	8000460c	00a10883	lb	x17,10(x2)	  x2:0x80032443 x17=0x00000000 PA:0x8003244d load:0x00000000
       24655000	      2366	80004610	00a10e03	lb	x28,10(x2)	  x2:0x80032443 x28=0x00000000 PA:0x8003244d load:0x00000000
       24665000	      2367	80004614	01010623	sb	x16,12(x2)	  x2:0x80032443 x16:0x00000000 PA:0x8003244f store:0x00000000 load:0x00000000
       24675000	      2368	80004618	00715983	lhu	x19,7(x2)	  x2:0x80032443 x19=0x00000000 PA:0x8003244a load:0x00000000
       24685000	      2369	8000461c	fd3a8893	addi	x17,x21,-45	 x21:0x00000000 x17=0xffffffd3
       24695000	      2370	80004620	00711883	lh	x17,7(x2)	  x2:0x80032443 x17=0x00000000 PA:0x8003244a load:0x00000000
       24705000	      2371	80004624	00715883	lhu	x17,7(x2)	  x2:0x80032443 x17=0x00000000 PA:0x8003244a load:0x00000000
       24715000	      2372	80004628	87b9	c.srai	x15,0xe	 x15:0x00000000 x15=0x00000000
       24725000	      2373	8000462a	ffb12aa3	sw	x27,-11(x2)	  x2:0x80032443 x27:0x00000000 PA:0x80032438 store:0x00000000 load:0x00000000
       24735000	      2374	8000462e	fe410f23	sb	x4,-2(x2)	  x2:0x80032443  x4:0x00000000 PA:0x80032441 store:0x00000000 load:0x00000000
       24745000	      2375	80004632	0002e117	auipc	x2,0x2e	  x2=0x80032632
       24755000	      2376	80004636	a1610113	addi	x2,x2,-1514	  x2:0x80032632  x2=0x80032048
       24765000	      2377	8000463a	59e03d37	lui	x26,0x59e03	 x26=0x59e03000
       24775000	      2378	8000463e	916a	c.add	x2,x26	  x2:0x80032048 x26:0x59e03000  x2=0xd9e35048
       24785000	      2379	80004640	fe210a23	sb	x2,-12(x2)	  x2:0xd9e35048  x2:0xd9e35048 PA:0xd9e3503c store:0xd9e35048 load:0x00000000
       24795000	      2380	80004644	d8510fa3	sb	x5,-609(x2)	  x2:0xd9e35048  x5:0x00000000 PA:0xd9e34de7 store:0x00000000 load:0x00000000
       24805000	      2381	80004648	12611123	sh	x6,290(x2)	  x2:0xd9e35048  x6:0x00000000 PA:0xd9e3516a store:0x00000000 load:0x00000000
       24815000	      2382	8000464c	061a	c.slli	x12,0x6	 x12:0x00000000 x12=0x00000000
       24825000	      2383	8000464e	c6a11a23	sh	x10,-908(x2)	  x2:0xd9e35048 x10:0x00000030 PA:0xd9e34cbc store:0x00000030 load:0x00000000
       24845000	      2385	80004652	0361f833	remu	x16,x3,x22	  x3:0x00000000 x22:0x00000000 x16=0x00000000
       24855000	      2386	80004656	40a2d313	srai	x6,x5,0xa	  x5:0x00000000  x6=0x00000000
       24865000	      2387	8000465a	41175033	sra	x0,x14,x17	 x14:0x00000000 x17:0x00000000  x0=0x00000000
       24885000	      2389	8000465e	03c159b3	divu	x19,x2,x28	  x2:0xd9e35048 x28:0x00000000 x19=0xffffffff
       24895000	      2390	80004662	69011e23	sh	x16,1692(x2)	  x2:0xd9e35048 x16:0x00000000 PA:0xd9e356e4 store:0x00000000 load:0x00000000
       24905000	      2391	80004666	8eed	c.and	x13,x11	 x13:0x80032f1a x11:0x894eacb4 x13=0x80022c10
       24915000	      2392	80004668	8fe5	c.and	x15,x9	 x15:0x00000000  x9:0x80047e64 x15=0x00000000
       24945000	      2395	8000466a	03828a33	mul	x20,x5,x24	  x5:0x00000000 x24:0x80032189 x20=0x00000000
       24955000	      2396	8000466e	ff414e83	lbu	x29,-12(x2)	  x2:0xd9e35048 x29=0x00000048 PA:0xd9e3503c load:0x00000048
       24965000	      2397	80004672	016530b3	sltu	x1,x10,x22	 x10:0x00000030 x22:0x00000000  x1=0x00000000
       24975000	      2398	80004676	8c65	c.and	x8,x9	  x8:0x00000000  x9:0x80047e64  x8=0x00000000
       24985000	      2399	80004678	6c810223	sb	x8,1732(x2)	  x2:0xd9e35048  x8:0x00000000 PA:0xd9e3570c store:0x00000000 load:0x00000000
       24995000	      2400	8000467c	c4e10ba3	sb	x14,-937(x2)	  x2:0xd9e35048 x14:0x00000000 PA:0xd9e34c9f store:0x00000000 load:0x00000000
       25005000	      2401	80004680	d9f10803	lb	x16,-609(x2)	  x2:0xd9e35048 x16=0x00000000 PA:0xd9e34de7 load:0x00000000
       25015000	      2402	80004684	12211783	lh	x15,290(x2)	  x2:0xd9e35048 x15=0x00000000 PA:0xd9e3516a load:0x00000000
       25025000	      2403	80004688	0002e117	auipc	x2,0x2e	  x2=0x80032688
       25035000	      2404	8000468c	9c010113	addi	x2,x2,-1600	  x2:0x80032688  x2=0x80032048
       25045000	      2405	80004690	505b1d37	lui	x26,0x505b1	 x26=0x505b1000
       25055000	      2406	80004694	916a	c.add	x2,x26	  x2:0x80032048 x26:0x505b1000  x2=0xd05e3048
       25065000	      2407	80004696	42010123	sb	x0,1058(x2)	  x2:0xd05e3048  x0:0x00000000 PA:0xd05e346a store:0x00000000 load:0x00000000
       25075000	      2408	8000469a	66110fa3	sb	x1,1663(x2)	  x2:0xd05e3048  x1:0x00000000 PA:0xd05e36c7 store:0x00000000 load:0x00000000
       25085000	      2409	8000469e	62210fa3	sb	x2,1599(x2)	  x2:0xd05e3048  x2:0xd05e3048 PA:0xd05e3687 store:0xd05e3048 load:0x00000000
       25095000	      2410	800046a2	22311b23	sh	x3,566(x2)	  x2:0xd05e3048  x3:0x00000000 PA:0xd05e327e store:0x00000000 load:0x00000000
       25105000	      2411	800046a6	4e4100a3	sb	x4,1249(x2)	  x2:0xd05e3048  x4:0x00000000 PA:0xd05e3529 store:0x00000000 load:0x00000000
       25115000	      2412	800046aa	ea511323	sh	x5,-346(x2)	  x2:0xd05e3048  x5:0x00000000 PA:0xd05e2eee store:0x00000000 load:0x00000000
       25125000	      2413	800046ae	16611d23	sh	x6,378(x2)	  x2:0xd05e3048  x6:0x00000000 PA:0xd05e31c2 store:0x00000000 load:0x00000000
       25135000	      2414	800046b2	767100a3	sb	x7,1889(x2)	  x2:0xd05e3048  x7:0x00000000 PA:0xd05e37a9 store:0x00000000 load:0x00000000
       25145000	      2415	800046b6	42214003	lbu	x0,1058(x2)	  x2:0xd05e3048  x0=0x00000000 PA:0xd05e346a load:0x00000000
       25185000	      2419	800046ba	02bfba33	mulhu	x20,x31,x11	 x31:0x00000000 x11:0x894eacb4 x20=0x00000000
       25195000	      2420	800046be	67f10983	lb	x19,1663(x2)	  x2:0xd05e3048 x19=0x00000000 PA:0xd05e36c7 load:0x00000000
       25205000	      2421	800046c2	63f10083	lb	x1,1599(x2)	  x2:0xd05e3048  x1=0x00000048 PA:0xd05e3687 load:0x00000048
       25215000	      2422	800046c6	6c440193	addi	x3,x8,1732	  x8:0x00000000  x3=0x000006c4
       25225000	      2423	800046ca	23615203	lhu	x4,566(x2)	  x2:0xd05e3048  x4=0x00000000 PA:0xd05e327e load:0x00000000
       25235000	      2424	800046ce	406d5bb3	sra	x23,x26,x6	 x26:0x505b1000  x6:0x00000000 x23=0x505b1000
       25245000	      2425	800046d2	4e110e83	lb	x29,1249(x2)	  x2:0xd05e3048 x29=0x00000000 PA:0xd05e3529 load:0x00000000
       25255000	      2426	800046d6	9f887e13	andi	x28,x16,-1544	 x16:0x00000000 x28=0x00000000
       25265000	      2427	800046da	8f61	c.and	x14,x8	 x14:0x00000000  x8:0x00000000 x14=0x00000000
       25275000	      2428	800046dc	ea611c03	lh	x24,-346(x2)	  x2:0xd05e3048 x24=0x00000000 PA:0xd05e2eee load:0x00000000
       25285000	      2429	800046e0	17a11b03	lh	x22,378(x2)	  x2:0xd05e3048 x22=0x00000000 PA:0xd05e31c2 load:0x00000000
       25295000	      2430	800046e4	76114683	lbu	x13,1889(x2)	  x2:0xd05e3048 x13=0x00000000 PA:0xd05e37a9 load:0x00000000
       25305000	      2431	800046e8	0002e717	auipc	x14,0x2e	 x14=0x800326e8
       25315000	      2432	800046ec	ac370713	addi	x14,x14,-1341	 x14:0x800326e8 x14=0x800321ab
       25325000	      2433	800046f0	0003f097	auipc	x1,0x3f	  x1=0x800436f0
       25335000	      2434	800046f4	82308093	addi	x1,x1,-2013	  x1:0x800436f0  x1=0x80042f13
       25345000	      2435	800046f8	f13084a3	sb	x19,-247(x1)	  x1:0x80042f13 x19:0x00000000 PA:0x80042e1c store:0x00000000 load:0x00000000
       25355000	      2436	800046fc	fb908ca3	sb	x25,-71(x1)	  x1:0x80042f13 x25:0x7ffcd0e6 PA:0x80042ecc store:0x7ffcd0e6 load:0x00000000
       25365000	      2437	80004700	0b60c303	lbu	x6,182(x1)	  x1:0x80042f13  x6=0x00000000 PA:0x80042fc9 load:0x00000000
       25375000	      2438	80004704	05c0c003	lbu	x0,92(x1)	  x1:0x80042f13  x0=0x00000000 PA:0x80042f6f load:0x00000000
       25385000	      2439	80004708	fa008183	lb	x3,-96(x1)	  x1:0x80042f13  x3=0x00000000 PA:0x80042eb3 load:0x00000000
       25395000	      2440	8000470c	04e74a83	lbu	x21,78(x14)	 x14:0x800321ab x21=0x00000000 PA:0x800321f9 load:0x00000000
       25405000	      2441	80004710	ff474a03	lbu	x20,-12(x14)	 x14:0x800321ab x20=0x00000000 PA:0x8003219f load:0x00000000
       25415000	      2442	80004714	05c08623	sb	x28,76(x1)	  x1:0x80042f13 x28:0x00000000 PA:0x80042f5f store:0x00000000 load:0x00000000
       25425000	      2443	80004718	0e9713a3	sh	x9,231(x14)	 x14:0x800321ab  x9:0x80047e64 PA:0x80032292 store:0x80047e64 load:0x00000000
       25435000	      2444	8000471c	f890a2a3	sw	x9,-123(x1)	  x1:0x80042f13  x9:0x80047e64 PA:0x80042e98 store:0x80047e64 load:0x00000000
       25445000	      2445	80004720	fbc08303	lb	x6,-68(x1)	  x1:0x80042f13  x6=0x00000000 PA:0x80042ecf load:0x00000000
       25455000	      2446	80004724	0f670183	lb	x3,246(x14)	 x14:0x800321ab  x3=0x00000000 PA:0x800322a1 load:0x00000000
       25465000	      2447	80004728	f0574803	lbu	x16,-251(x14)	 x14:0x800321ab x16=0x00000000 PA:0x800320b0 load:0x00000000
       25475000	      2448	8000472c	00d08c83	lb	x25,13(x1)	  x1:0x80042f13 x25=0x00000000 PA:0x80042f20 load:0x00000000
       25485000	      2449	80004730	0fe74e03	lbu	x28,254(x14)	 x14:0x800321ab x28=0x00000000 PA:0x800322a9 load:0x00000000
       25495000	      2450	80004734	03608d83	lb	x27,54(x1)	  x1:0x80042f13 x27=0x00000000 PA:0x80042f49 load:0x00000000
       25505000	      2451	80004738	0002e397	auipc	x7,0x2e	  x7=0x80032738
       25515000	      2452	8000473c	91038393	addi	x7,x7,-1776	  x7:0x80032738  x7=0x80032048
       25525000	      2453	80004740	37675d37	lui	x26,0x37675	 x26=0x37675000
       25535000	      2454	80004744	93ea	c.add	x7,x26	  x7:0x80032048 x26:0x37675000  x7=0xb76a7048
       25545000	      2455	80004746	f81385a3	sb	x1,-117(x7)	  x7:0xb76a7048  x1:0x80042f13 PA:0xb76a6fd3 store:0x80042f13 load:0x00000000
       25555000	      2456	8000474a	f8338aa3	sb	x3,-107(x7)	  x7:0xb76a7048  x3:0x00000000 PA:0xb76a6fdd store:0x00000000 load:0x00000000
       25565000	      2457	8000474e	d04381a3	sb	x4,-765(x7)	  x7:0xb76a7048  x4:0x00000000 PA:0xb76a6d4b store:0x00000000 load:0x00000000
       25575000	      2458	80004752	705389a3	sb	x5,1811(x7)	  x7:0xb76a7048  x5:0x00000000 PA:0xb76a775b store:0x00000000 load:0x00000000
       25585000	      2459	80004756	3c639523	sh	x6,970(x7)	  x7:0xb76a7048  x6:0x00000000 PA:0xb76a7412 store:0x00000000 load:0x00000000
       25595000	      2460	8000475a	1c139723	sh	x1,462(x7)	  x7:0xb76a7048  x1:0x80042f13 PA:0xb76a7216 store:0x80042f13 load:0x00000000
       25605000	      2461	8000475e	f8b38983	lb	x19,-117(x7)	  x7:0xb76a7048 x19=0x00000013 PA:0xb76a6fd3 load:0x00000013
       25615000	      2462	80004762	2e839623	sh	x8,748(x7)	  x7:0xb76a7048  x8:0x00000000 PA:0xb76a7334 store:0x00000000 load:0x00000000
       25625000	      2463	80004766	f9538603	lb	x12,-107(x7)	  x7:0xb76a7048 x12=0x00000000 PA:0xb76a6fdd load:0x00000000
       25635000	      2464	8000476a	d033c283	lbu	x5,-765(x7)	  x7:0xb76a7048  x5=0x00000000 PA:0xb76a6d4b load:0x00000000
       25645000	      2465	8000476e	7133cb83	lbu	x23,1811(x7)	  x7:0xb76a7048 x23=0x00000000 PA:0xb76a775b load:0x00000000
       25675000	      2468	80004772	034d0eb3	mul	x29,x26,x20	 x26:0x37675000 x20:0x00000000 x29=0x00000000
       25685000	      2469	80004776	0000100f	fence.i	
       25705000	      2471	8000477a	9a7d	c.andi	x12,-1	 x12:0x00000000 x12=0x00000000
       25715000	      2472	8000477c	007dd093	srli	x1,x27,0x7	 x27:0x00000000  x1=0x00000000
       25735000	      2474	80004780	03406bb3	rem	x23,x0,x20	  x0:0x00000000 x20:0x00000000 x23=0x00000000
       25755000	      2476	80004784	02cdf0b3	remu	x1,x27,x12	 x27:0x00000000 x12:0x00000000  x1=0x00000000
       25765000	      2477	80004788	3ca3d683	lhu	x13,970(x7)	  x7:0xb76a7048 x13=0x00000000 PA:0xb76a7412 load:0x00000000
       25775000	      2478	8000478c	00031197	auipc	x3,0x31	  x3=0x8003578c
       25785000	      2479	80004790	3e718193	addi	x3,x3,999	  x3:0x8003578c  x3=0x80035b73
       25795000	      2480	80004794	0002e697	auipc	x13,0x2e	 x13=0x80032794
       25805000	      2481	80004798	c2668693	addi	x13,x13,-986	 x13:0x80032794 x13=0x800323ba
       25815000	      2482	8000479c	ffd1d283	lhu	x5,-3(x3)	  x3:0x80035b73  x5=0x00000000 PA:0x80035b70 load:0x00000000
       25825000	      2483	800047a0	ff869b23	sh	x24,-10(x13)	 x13:0x800323ba x24:0x00000000 PA:0x800323b0 store:0x00000000 load:0x00000000
       25835000	      2484	800047a4	00069983	lh	x19,0(x13)	 x13:0x800323ba x19=0x00000000 PA:0x800323ba load:0x00000000
       25845000	      2485	800047a8	fea688a3	sb	x10,-15(x13)	 x13:0x800323ba x10:0x00000030 PA:0x800323ab store:0x00000030 load:0x00000000
       25855000	      2486	800047ac	00018083	lb	x1,0(x3)	  x3:0x80035b73  x1=0x00000000 PA:0x80035b73 load:0x00000000
       25865000	      2487	800047b0	ff41c203	lbu	x4,-12(x3)	  x3:0x80035b73  x4=0x00000000 PA:0x80035b67 load:0x00000000
       25875000	      2488	800047b4	00719b03	lh	x22,7(x3)	  x3:0x80035b73 x22=0x00000000 PA:0x80035b7a load:0x00000000
       25885000	      2489	800047b8	ff418f83	lb	x31,-12(x3)	  x3:0x80035b73 x31=0x00000000 PA:0x80035b67 load:0x00000000
       25895000	      2490	800047bc	00069523	sh	x0,10(x13)	 x13:0x800323ba  x0:0x00000000 PA:0x800323c4 store:0x00000000 load:0x00000000
       25905000	      2491	800047c0	ffb68783	lb	x15,-5(x13)	 x13:0x800323ba x15=0x00000000 PA:0x800323b5 load:0x00000000
       25915000	      2492	800047c4	ffe18203	lb	x4,-2(x3)	  x3:0x80035b73  x4=0x00000000 PA:0x80035b71 load:0x00000000
       25925000	      2493	800047c8	ff66ad03	lw	x26,-10(x13)	 x13:0x800323ba x26=0x00000000 PA:0x800323b0 load:0x00000000
       25935000	      2494	800047cc	ffb68c83	lb	x25,-5(x13)	 x13:0x800323ba x25=0x00000000 PA:0x800323b5 load:0x00000000
       25945000	      2495	800047d0	0002e997	auipc	x19,0x2e	 x19=0x800327d0
       25955000	      2496	800047d4	10c98993	addi	x19,x19,268	 x19:0x800327d0 x19=0x800328dc
       25965000	      2497	800047d8	e2867013	andi	x0,x12,-472	 x12:0x00000000  x0=0x00000000
       25975000	      2498	800047dc	0369c203	lbu	x4,54(x19)	 x19:0x800328dc  x4=0x00000000 PA:0x80032912 load:0x00000000
       25985000	      2499	800047e0	fd09ab83	lw	x23,-48(x19)	 x19:0x800328dc x23=0x00000000 PA:0x800328ac load:0x00000000
       25995000	      2500	800047e4	ff6984a3	sb	x22,-23(x19)	 x19:0x800328dc x22:0x00000000 PA:0x800328c5 store:0x00000000 load:0x00000000
       26005000	      2501	800047e8	40d05b93	srai	x23,x0,0xd	  x0:0x00000000 x23=0x00000000
       26015000	      2502	800047ec	40f3d013	srai	x0,x7,0xf	  x7:0xb76a7048  x0=0x00000000
       26025000	      2503	800047f0	0219c083	lbu	x1,33(x19)	 x19:0x800328dc  x1=0x00000000 PA:0x800328fd load:0x00000000
       26035000	      2504	800047f4	0219c503	lbu	x10,33(x19)	 x19:0x800328dc x10=0x00000000 PA:0x800328fd load:0x00000000
       26045000	      2505	800047f8	01798c03	lb	x24,23(x19)	 x19:0x800328dc x24=0x00000000 PA:0x800328f3 load:0x00000000
       26055000	      2506	800047fc	fdd98b83	lb	x23,-35(x19)	 x19:0x800328dc x23=0x00000000 PA:0x800328b9 load:0x00000000
       26065000	      2507	80004800	cc56f413	andi	x8,x13,-827	 x13:0x800323ba  x8=0x80032080
       26075000	      2508	80004804	fd298ea3	sb	x18,-35(x19)	 x19:0x800328dc x18:0x00000001 PA:0x800328b9 store:0x00000001 load:0x00000000
       26085000	      2509	80004808	6ef9	c.lui	x29,0x1e	 x29=0x0001e000
       26095000	      2510	8000480a	fcc98ea3	sb	x12,-35(x19)	 x19:0x800328dc x12:0x00000000 PA:0x800328b9 store:0x00000000 load:0x00000000
       26105000	      2511	8000480e	fdd98503	lb	x10,-35(x19)	 x19:0x800328dc x10=0x00000000 PA:0x800328b9 load:0x00000000
       26115000	      2512	80004812	0002e797	auipc	x15,0x2e	 x15=0x80032812
       26125000	      2513	80004816	96f78793	addi	x15,x15,-1681	 x15:0x80032812 x15=0x80032181
       26135000	      2514	8000481a	00030b97	auipc	x23,0x30	 x23=0x8003481a
       26145000	      2515	8000481e	1a6b8b93	addi	x23,x23,422	 x23:0x8003481a x23=0x800349c0
       26155000	      2516	80004822	0827ca83	lbu	x21,130(x15)	 x15:0x80032181 x21=0x00000000 PA:0x80032203 load:0x00000000
       26165000	      2517	80004826	010bd603	lhu	x12,16(x23)	 x23:0x800349c0 x12=0x00000000 PA:0x800349d0 load:0x00000000
       26175000	      2518	8000482a	fcc78983	lb	x19,-52(x15)	 x15:0x80032181 x19=0x00000000 PA:0x8003214d load:0x00000000
       26185000	      2519	8000482e	fe2b89a3	sb	x2,-13(x23)	 x23:0x800349c0  x2:0xd05e3048 PA:0x800349b3 store:0xd05e3048 load:0x00000000
       26195000	      2520	80004832	0967c883	lbu	x17,150(x15)	 x15:0x80032181 x17=0x00000000 PA:0x80032217 load:0x00000000
       26205000	      2521	80004836	005b8383	lb	x7,5(x23)	 x23:0x800349c0  x7=0x00000000 PA:0x800349c5 load:0x00000000
       26215000	      2522	8000483a	f5c79da3	sh	x28,-165(x15)	 x15:0x80032181 x28:0x00000000 PA:0x800320dc store:0x00000000 load:0x00000000
       26225000	      2523	8000483e	0fc7c183	lbu	x3,252(x15)	 x15:0x80032181  x3=0x00000000 PA:0x8003227d load:0x00000000
       26235000	      2524	80004842	05178323	sb	x17,70(x15)	 x15:0x80032181 x17:0x00000000 PA:0x800321c7 store:0x00000000 load:0x00000000
       26245000	      2525	80004846	ffbbc603	lbu	x12,-5(x23)	 x23:0x800349c0 x12=0x00000000 PA:0x800349bb load:0x00000000
       26255000	      2526	8000484a	007b8383	lb	x7,7(x23)	 x23:0x800349c0  x7=0x00000000 PA:0x800349c7 load:0x00000000
       26265000	      2527	8000484e	fc578d23	sb	x5,-38(x15)	 x15:0x80032181  x5:0x00000000 PA:0x8003215b store:0x00000000 load:0x00000000
       26275000	      2528	80004852	ff8ba203	lw	x4,-8(x23)	 x23:0x800349c0  x4=0x00000000 PA:0x800349b8 load:0x00000000
       26285000	      2529	80004856	ff4bc603	lbu	x12,-12(x23)	 x23:0x800349c0 x12=0x00000000 PA:0x800349b4 load:0x00000000
       26295000	      2530	8000485a	f3478923	sb	x20,-206(x15)	 x15:0x80032181 x20:0x00000000 PA:0x800320b3 store:0x00000000 load:0x00000000
       26305000	      2531	8000485e	ff5bcc03	lbu	x24,-11(x23)	 x23:0x800349c0 x24=0x00000000 PA:0x800349b5 load:0x00000000
       26315000	      2532	80004862	00ab8e83	lb	x29,10(x23)	 x23:0x800349c0 x29=0x00000000 PA:0x800349ca load:0x00000000
       26325000	      2533	80004866	0002e117	auipc	x2,0x2e	  x2=0x80032866
       26335000	      2534	8000486a	dcc10113	addi	x2,x2,-564	  x2:0x80032866  x2=0x80032632
       26345000	      2535	8000486e	a3214303	lbu	x6,-1486(x2)	  x2:0x80032632  x6=0x00000000 PA:0x80032064 load:0x00000000
       26355000	      2536	80004872	a3212c03	lw	x24,-1486(x2)	  x2:0x80032632 x24=0x00000000 PA:0x80032064 load:0x00000000
       26365000	      2537	80004876	a2f12923	sw	x15,-1486(x2)	  x2:0x80032632 x15:0x80032181 PA:0x80032064 store:0x80032181 load:0x00000000
       26375000	      2538	8000487a	10e15a03	lhu	x20,270(x2)	  x2:0x80032632 x20=0x00000000 PA:0x80032740 load:0x00000000
       26385000	      2539	8000487e	00d7d3b3	srl	x7,x15,x13	 x15:0x80032181 x13:0x800323ba  x7=0x00000020
       26395000	      2540	80004882	10e15283	lhu	x5,270(x2)	  x2:0x80032632  x5=0x00000000 PA:0x80032740 load:0x00000000
       26405000	      2541	80004886	4fa15d03	lhu	x26,1274(x2)	  x2:0x80032632 x26=0x00000000 PA:0x80032b2c load:0x00000000
       26415000	      2542	8000488a	4fa15383	lhu	x7,1274(x2)	  x2:0x80032632  x7=0x00000000 PA:0x80032b2c load:0x00000000
       26425000	      2543	8000488e	4fa11b03	lh	x22,1274(x2)	  x2:0x80032632 x22=0x00000000 PA:0x80032b2c load:0x00000000
       26435000	      2544	80004892	d3c103a3	sb	x28,-729(x2)	  x2:0x80032632 x28:0x00000000 PA:0x80032359 store:0x00000000 load:0x00000000
       26445000	      2545	80004896	007bf8b3	and	x17,x23,x7	 x23:0x800349c0  x7:0x00000000 x17=0x00000000
       26455000	      2546	8000489a	2b214883	lbu	x17,690(x2)	  x2:0x80032632 x17=0x00000000 PA:0x800328e4 load:0x00000000
       26475000	      2548	8000489e	2b110923	sb	x17,690(x2)	  x2:0x80032632 x17:0x00000000 PA:0x800328e4 store:0x00000000 load:0x00000000
       26485000	      2549	800048a2	9afd	c.andi	x13,-1	 x13:0x800323ba x13=0x800323ba
       26495000	      2550	800048a4	01341433	sll	x8,x8,x19	  x8:0x80032080 x19:0x00000000  x8=0x80032080
       26505000	      2551	800048a8	2b912923	sw	x25,690(x2)	  x2:0x80032632 x25:0x00000000 PA:0x800328e4 store:0x00000000 load:0x00000000
       26515000	      2552	800048ac	2b912923	sw	x25,690(x2)	  x2:0x80032632 x25:0x00000000 PA:0x800328e4 store:0x00000000 load:0x00000000
       26525000	      2553	800048b0	0002e697	auipc	x13,0x2e	 x13=0x800328b0
       26535000	      2554	800048b4	a4b68693	addi	x13,x13,-1461	 x13:0x800328b0 x13=0x800322fb
       26545000	      2555	800048b8	42c6c803	lbu	x16,1068(x13)	 x13:0x800322fb x16=0x00000000 PA:0x80032727 load:0x00000000
       26565000	      2557	800048bc	bfc83013	sltiu	x0,x16,-1028	 x16:0x00000000  x0=0x00000000
       26575000	      2558	800048c0	1b96ce83	lbu	x29,441(x13)	 x13:0x800322fb x29=0x00000000 PA:0x800324b4 load:0x00000000
       26585000	      2559	800048c4	24d69ca3	sh	x13,601(x13)	 x13:0x800322fb x13:0x800322fb PA:0x80032554 store:0x800322fb load:0x00000000
       26595000	      2560	800048c8	4fa68603	lb	x12,1274(x13)	 x13:0x800322fb x12=0x00000000 PA:0x800327f5 load:0x00000000
       26615000	      2562	800048cc	9a7d	c.andi	x12,-1	 x12:0x00000000 x12=0x00000000
       26625000	      2563	800048ce	40aad313	srai	x6,x21,0xa	 x21:0x00000000  x6=0x00000000
       26635000	      2564	800048d2	78569883	lh	x17,1925(x13)	 x13:0x800322fb x17=0x00000000 PA:0x80032a80 load:0x00000000
       26645000	      2565	800048d6	0bf68723	sb	x31,174(x13)	 x13:0x800322fb x31:0x00000000 PA:0x800323a9 store:0x00000000 load:0x00000000
       26655000	      2566	800048da	8329	c.srli	x14,0xa	 x14:0x800321ab x14=0x002000c8
       26665000	      2567	800048dc	25268283	lb	x5,594(x13)	 x13:0x800322fb  x5=0x00000000 PA:0x8003254d load:0x00000000
       26675000	      2568	800048e0	e9868e83	lb	x29,-360(x13)	 x13:0x800322fb x29=0x00000000 PA:0x80032193 load:0x00000000
       26685000	      2569	800048e4	e1968b83	lb	x23,-487(x13)	 x13:0x800322fb x23=0x00000000 PA:0x80032114 load:0x00000000
       26695000	      2570	800048e8	f5f6c883	lbu	x17,-161(x13)	 x13:0x800322fb x17=0x00000000 PA:0x8003225a load:0x00000000
       26705000	      2571	800048ec	8fc1	c.or	x15,x8	 x15:0x80032181  x8:0x80032080 x15=0x80032181
       26715000	      2572	800048ee	3a36d603	lhu	x12,931(x13)	 x13:0x800322fb x12=0x00000000 PA:0x8003269e load:0x00000000
       26725000	      2573	800048f2	33568083	lb	x1,821(x13)	 x13:0x800322fb  x1=0x00000000 PA:0x80032630 load:0x00000000
       26735000	      2574	800048f6	38868983	lb	x19,904(x13)	 x13:0x800322fb x19=0x00000000 PA:0x80032683 load:0x00000000
       26745000	      2575	800048fa	d7e68523	sb	x30,-662(x13)	 x13:0x800322fb x30:0x8004bce4 PA:0x80032065 store:0x8004bce4 load:0x00000000
       26755000	      2576	800048fe	00245333	srl	x6,x8,x2	  x8:0x80032080  x2:0x80032632  x6=0x00002000
       26765000	      2577	80004902	40868e83	lb	x29,1032(x13)	 x13:0x800322fb x29=0x00000000 PA:0x80032703 load:0x00000000
       26775000	      2578	80004906	30f68c23	sb	x15,792(x13)	 x13:0x800322fb x15:0x80032181 PA:0x80032613 store:0x80032181 load:0x00000000
       26785000	      2579	8000490a	1da68883	lb	x17,474(x13)	 x13:0x800322fb x17=0x00000000 PA:0x800324d5 load:0x00000000
       26795000	      2580	8000490e	32b6dd03	lhu	x26,811(x13)	 x13:0x800322fb x26=0x00000000 PA:0x80032626 load:0x00000000
       26805000	      2581	80004912	6bd6c283	lbu	x5,1725(x13)	 x13:0x800322fb  x5=0x00000000 PA:0x800329b8 load:0x00000000
       26815000	      2582	80004916	848ebb13	sltiu	x22,x29,-1976	 x29:0x00000000 x22=0x00000001
       26825000	      2583	8000491a	3a3692a3	sh	x3,933(x13)	 x13:0x800322fb  x3:0x00000000 PA:0x800326a0 store:0x00000000 load:0x00000000
       26835000	      2584	8000491e	fa468a03	lb	x20,-92(x13)	 x13:0x800322fb x20=0x00000000 PA:0x8003229f load:0x00000000
       26845000	      2585	80004922	280696a3	sh	x0,653(x13)	 x13:0x800322fb  x0:0x00000000 PA:0x80032588 store:0x00000000 load:0x00000000
       27215000	      2622	80004926	02904bb3	div	x23,x0,x9	  x0:0x00000000  x9:0x80047e64 x23=0x00000000
       27225000	      2623	8000492a	5fc68623	sb	x28,1516(x13)	 x13:0x800322fb x28:0x00000000 PA:0x800328e7 store:0x00000000 load:0x00000000
       27235000	      2624	8000492e	8d0d	c.sub	x10,x11	 x10:0x00000000 x11:0x894eacb4 x10=0x76b1534c
       27245000	      2625	80004930	28568023	sb	x5,640(x13)	 x13:0x800322fb  x5:0x00000000 PA:0x8003257b store:0x00000000 load:0x00000000
       27255000	      2626	80004934	5a369183	lh	x3,1443(x13)	 x13:0x800322fb  x3=0x00000000 PA:0x8003289e load:0x00000000
       27265000	      2627	80004938	41bb0633	sub	x12,x22,x27	 x22:0x00000001 x27:0x00000000 x12=0x00000001
       27275000	      2628	8000493c	56b68123	sb	x11,1378(x13)	 x13:0x800322fb x11:0x894eacb4 PA:0x8003285d store:0x894eacb4 load:0x00000000
       27285000	      2629	80004940	01195193	srli	x3,x18,0x11	 x18:0x00000001  x3=0x00000000
       27295000	      2630	80004944	69e68f23	sb	x30,1694(x13)	 x13:0x800322fb x30:0x8004bce4 PA:0x80032999 store:0x8004bce4 load:0x00000000
       27305000	      2631	80004948	7db694a3	sh	x27,1993(x13)	 x13:0x800322fb x27:0x00000000 PA:0x80032ac4 store:0x00000000 load:0x00000000
       27315000	      2632	8000494c	0002e117	auipc	x2,0x2e	  x2=0x8003294c
       27325000	      2633	80004950	cd010113	addi	x2,x2,-816	  x2:0x8003294c  x2=0x8003261c
       27335000	      2634	80004954	0133d2b3	srl	x5,x7,x19	  x7:0x00000000 x19:0x00000000  x5=0x00000000
       27345000	      2635	80004958	fac10403	lb	x8,-84(x2)	  x2:0x8003261c  x8=0x00000000 PA:0x800325c8 load:0x00000000
       27355000	      2636	8000495c	b9ecca93	xori	x21,x25,-1122	 x25:0x00000000 x21=0xfffffb9e
       27365000	      2637	80004960	6205	c.lui	x4,0x1	  x4=0x00001000
       27375000	      2638	80004962	fac10983	lb	x19,-84(x2)	  x2:0x8003261c x19=0x00000000 PA:0x800325c8 load:0x00000000
       27385000	      2639	80004966	fa612623	sw	x6,-84(x2)	  x2:0x8003261c  x6:0x00002000 PA:0x800325c8 store:0x00002000 load:0x00000000
       27395000	      2640	8000496a	fc314a83	lbu	x21,-61(x2)	  x2:0x8003261c x21=0x00000000 PA:0x800325df load:0x00000000
       27405000	      2641	8000496e	41120c33	sub	x24,x4,x17	  x4:0x00001000 x17:0x00000000 x24=0x00001000
       27415000	      2642	80004972	f7c10323	sb	x28,-154(x2)	  x2:0x8003261c x28:0x00000000 PA:0x80032582 store:0x00000000 load:0x00000000
       27425000	      2643	80004976	012102a3	sb	x18,5(x2)	  x2:0x8003261c x18:0x00000001 PA:0x80032621 store:0x00000001 load:0x00000000
       27435000	      2644	8000497a	00514c83	lbu	x25,5(x2)	  x2:0x8003261c x25=0x00000001 PA:0x80032621 load:0x00000001
       27445000	      2645	8000497e	f9b10c03	lb	x24,-101(x2)	  x2:0x8003261c x24=0x00000000 PA:0x800325b7 load:0x00000000
       27455000	      2646	80004982	472dbe93	sltiu	x29,x27,1138	 x27:0x00000000 x29=0x00000001
       27465000	      2647	80004986	f9b10003	lb	x0,-101(x2)	  x2:0x8003261c  x0=0x00000000 PA:0x800325b7 load:0x00000000
       27475000	      2648	8000498a	1efd	c.addi	x29,-1	 x29:0x00000001 x29=0x00000000
       27485000	      2649	8000498c	f9010da3	sb	x16,-101(x2)	  x2:0x8003261c x16:0x00000000 PA:0x800325b7 store:0x00000000 load:0x00000000
       27495000	      2650	80004990	f9b14083	lbu	x1,-101(x2)	  x2:0x8003261c  x1=0x00000000 PA:0x800325b7 load:0x00000000
       27505000	      2651	80004994	f9b10003	lb	x0,-101(x2)	  x2:0x8003261c  x0=0x00000000 PA:0x800325b7 load:0x00000000
       27515000	      2652	80004998	00c104a3	sb	x12,9(x2)	  x2:0x8003261c x12:0x00000001 PA:0x80032625 store:0x00000001 load:0x00000000
       27525000	      2653	8000499c	8219	c.srli	x12,0x6	 x12:0x00000001 x12=0x00000000
       27535000	      2654	8000499e	05d10b83	lb	x23,93(x2)	  x2:0x8003261c x23=0x00000000 PA:0x80032679 load:0x00000000
       27545000	      2655	800049a2	05d10783	lb	x15,93(x2)	  x2:0x8003261c x15=0x00000000 PA:0x80032679 load:0x00000000
       27555000	      2656	800049a6	0002e117	auipc	x2,0x2e	  x2=0x800329a6
       27565000	      2657	800049aa	6a210113	addi	x2,x2,1698	  x2:0x800329a6  x2=0x80033048
       27575000	      2658	800049ae	47bcafb7	lui	x31,0x47bca	 x31=0x47bca000
       27585000	      2659	800049b2	917e	c.add	x2,x31	  x2:0x80033048 x31:0x47bca000  x2=0xc7bfd048
       27595000	      2660	800049b4	80010723	sb	x0,-2034(x2)	  x2:0xc7bfd048  x0:0x00000000 PA:0xc7bfc856 store:0x00000000 load:0x00000000
       27605000	      2661	800049b8	381104a3	sb	x1,905(x2)	  x2:0xc7bfd048  x1:0x00000000 PA:0xc7bfd3d1 store:0x00000000 load:0x00000000
       27615000	      2662	800049bc	46211923	sh	x2,1138(x2)	  x2:0xc7bfd048  x2:0xc7bfd048 PA:0xc7bfd4ba store:0xc7bfd048 load:0x00000000
       27625000	      2663	800049c0	58310fa3	sb	x3,1439(x2)	  x2:0xc7bfd048  x3:0x00000000 PA:0xc7bfd5e7 store:0x00000000 load:0x00000000
       27635000	      2664	800049c4	ec411923	sh	x4,-302(x2)	  x2:0xc7bfd048  x4:0x00001000 PA:0xc7bfcf1a store:0x00001000 load:0x00000000
       27645000	      2665	800049c8	fa510d23	sb	x5,-70(x2)	  x2:0xc7bfd048  x5:0x00000000 PA:0xc7bfd002 store:0x00000000 load:0x00000000
       27655000	      2666	800049cc	80e14603	lbu	x12,-2034(x2)	  x2:0xc7bfd048 x12=0x00000000 PA:0xc7bfc856 load:0x00000000
       27665000	      2667	800049d0	6961	c.lui	x18,0x18	 x18=0x00018000
       27675000	      2668	800049d2	38910403	lb	x8,905(x2)	  x2:0xc7bfd048  x8=0x00000000 PA:0xc7bfd3d1 load:0x00000000
       27685000	      2669	800049d6	47211d03	lh	x26,1138(x2)	  x2:0xc7bfd048 x26=0xffffd048 PA:0xc7bfd4ba load:0xffffd048
       27695000	      2670	800049da	01f0d793	srli	x15,x1,0x1f	  x1:0x00000000 x15=0x00000000
       27705000	      2671	800049de	00bad193	srli	x3,x21,0xb	 x21:0x00000000  x3=0x00000000
       27725000	      2673	800049e2	0289e0b3	rem	x1,x19,x8	 x19:0x00000000  x8:0x00000000  x1=0x00000000
       27765000	      2677	800049e6	02eaae33	mulhsu	x28,x21,x14	 x21:0x00000000 x14:0x002000c8 x28=0x00000000
       27775000	      2678	800049ea	419a0fb3	sub	x31,x20,x25	 x20:0x00000000 x25:0x00000001 x31=0xffffffff
       27795000	      2680	800049ee	0379c833	div	x16,x19,x23	 x19:0x00000000 x23:0x00000000 x16=0xffffffff
       27805000	      2681	800049f2	59f10603	lb	x12,1439(x2)	  x2:0xc7bfd048 x12=0x00000000 PA:0xc7bfd5e7 load:0x00000000
       27815000	      2682	800049f6	ed215283	lhu	x5,-302(x2)	  x2:0xc7bfd048  x5=0x00001000 PA:0xc7bfcf1a load:0x00001000
       27825000	      2683	800049fa	fba14783	lbu	x15,-70(x2)	  x2:0xc7bfd048 x15=0x00000000 PA:0xc7bfd002 load:0x00000000
       27835000	      2684	800049fe	418f0bb3	sub	x23,x30,x24	 x30:0x8004bce4 x24:0x00000000 x23=0x8004bce4
       27845000	      2685	80004a02	894a	c.mv	x18,x18	  x0:0x00000000 x18:0x00018000 x18=0x00018000
       27855000	      2686	80004a04	2f710ba3	sb	x23,759(x2)	  x2:0xc7bfd048 x23:0x8004bce4 PA:0xc7bfd33f store:0x8004bce4 load:0x00000000
       27865000	      2687	80004a08	0003ee17	auipc	x28,0x3e	 x28=0x80042a08
       27875000	      2688	80004a0c	af3e0e13	addi	x28,x28,-1293	 x28:0x80042a08 x28=0x800424fb
       27885000	      2689	80004a10	01bbd0b3	srl	x1,x23,x27	 x23:0x8004bce4 x27:0x00000000  x1=0x8004bce4
       27895000	      2690	80004a14	663e4a83	lbu	x21,1635(x28)	 x28:0x800424fb x21=0x00000000 PA:0x80042b5e load:0x00000000
       27905000	      2691	80004a18	9b67f993	andi	x19,x15,-1610	 x15:0x00000000 x19=0x00000000
       27915000	      2692	80004a1c	40568233	sub	x4,x13,x5	 x13:0x800322fb  x5:0x00001000  x4=0x800312fb
       27925000	      2693	80004a20	002179b3	and	x19,x2,x2	  x2:0xc7bfd048  x2:0xc7bfd048 x19=0xc7bfd048
       27935000	      2694	80004a24	67de11a3	sh	x29,1635(x28)	 x28:0x800424fb x29:0x00000000 PA:0x80042b5e store:0x00000000 load:0x00000000
       27945000	      2695	80004a28	659e4f83	lbu	x31,1625(x28)	 x28:0x800424fb x31=0x00000000 PA:0x80042b54 load:0x00000000
       27955000	      2696	80004a2c	659e0383	lb	x7,1625(x28)	 x28:0x800424fb  x7=0x00000000 PA:0x80042b54 load:0x00000000
       27965000	      2697	80004a30	659e5403	lhu	x8,1625(x28)	 x28:0x800424fb  x8=0x00000000 PA:0x80042b54 load:0x00000000
       27975000	      2698	80004a34	64ae0ca3	sb	x10,1625(x28)	 x28:0x800424fb x10:0x76b1534c PA:0x80042b54 store:0x76b1534c load:0x00000000
       27985000	      2699	80004a38	9766	c.add	x14,x25	 x14:0x002000c8 x25:0x00000001 x14=0x002000c9
       27995000	      2700	80004a3a	8afe0e83	lb	x29,-1873(x28)	 x28:0x800424fb x29=0x00000000 PA:0x80041daa load:0x00000000
       28005000	      2701	80004a3e	a11e4903	lbu	x18,-1519(x28)	 x28:0x800424fb x18=0x00000000 PA:0x80041f0c load:0x00000000
       28015000	      2702	80004a42	0072e2b3	or	x5,x5,x7	  x5:0x00001000  x7:0x00000000  x5=0x00001000
       28025000	      2703	80004a46	a02e18a3	sh	x2,-1519(x28)	 x28:0x800424fb  x2:0xc7bfd048 PA:0x80041f0c store:0xc7bfd048 load:0x00000000
       28035000	      2704	80004a4a	a11e1e83	lh	x29,-1519(x28)	 x28:0x800424fb x29=0xffffd048 PA:0x80041f0c load:0xffffd048
       28045000	      2705	80004a4e	8abe4603	lbu	x12,-1877(x28)	 x28:0x800424fb x12=0x00000000 PA:0x80041da6 load:0x00000000
       28055000	      2706	80004a52	97ce0f83	lb	x31,-1668(x28)	 x28:0x800424fb x31=0x00000000 PA:0x80041e77 load:0x00000000
       28065000	      2707	80004a56	c83e5283	lhu	x5,-893(x28)	 x28:0x800424fb  x5=0x00000000 PA:0x8004217e load:0x00000000
       28075000	      2708	80004a5a	0eca	c.slli	x29,0x12	 x29:0xffffd048 x29=0x41200000
       28085000	      2709	80004a5c	c83e1783	lh	x15,-893(x28)	 x28:0x800424fb x15=0x00000000 PA:0x8004217e load:0x00000000
       28095000	      2710	80004a60	c83e1603	lh	x12,-893(x28)	 x28:0x800424fb x12=0x00000000 PA:0x8004217e load:0x00000000
       28105000	      2711	80004a64	c83e0383	lb	x7,-893(x28)	 x28:0x800424fb  x7=0x00000000 PA:0x8004217e load:0x00000000
       28115000	      2712	80004a68	0003a117	auipc	x2,0x3a	  x2=0x8003ea68
       28125000	      2713	80004a6c	8b110113	addi	x2,x2,-1871	  x2:0x8003ea68  x2=0x8003e319
       28165000	      2717	80004a70	0372bcb3	mulhu	x25,x5,x23	  x5:0x00000000 x23:0x8004bce4 x25=0x00000000
       28175000	      2718	80004a74	00db8433	add	x8,x23,x13	 x23:0x8004bce4 x13:0x800322fb  x8=0x0007dfdf
       28185000	      2719	80004a78	ff411ca3	sh	x20,-7(x2)	  x2:0x8003e319 x20:0x00000000 PA:0x8003e312 store:0x00000000 load:0x00000000
       28195000	      2720	80004a7c	00910783	lb	x15,9(x2)	  x2:0x8003e319 x15=0x00000000 PA:0x8003e322 load:0x00000000
       28205000	      2721	80004a80	00810b83	lb	x23,8(x2)	  x2:0x8003e319 x23=0x00000000 PA:0x8003e321 load:0x00000000
       28215000	      2722	80004a84	0000100f	fence.i	
       28235000	      2724	80004a88	00810283	lb	x5,8(x2)	  x2:0x8003e319  x5=0x00000000 PA:0x8003e321 load:0x00000000
       28255000	      2726	80004a8c	00510423	sb	x5,8(x2)	  x2:0x8003e319  x5:0x00000000 PA:0x8003e321 store:0x00000000 load:0x00000000
       28265000	      2727	80004a90	00e14a83	lbu	x21,14(x2)	  x2:0x8003e319 x21=0x00000000 PA:0x8003e327 load:0x00000000
       28275000	      2728	80004a94	891b6093	ori	x1,x22,-1903	 x22:0x00000001  x1=0xfffff891
       28315000	      2732	80004a98	02aa1733	mulh	x14,x20,x10	 x20:0x00000000 x10:0x76b1534c x14=0x00000000
       28325000	      2733	80004a9c	00712183	lw	x3,7(x2)	  x2:0x8003e319  x3=0x00000000 PA:0x8003e320 load:0x00000000
       28335000	      2734	80004aa0	ff310003	lb	x0,-13(x2)	  x2:0x8003e319  x0=0x00000000 PA:0x8003e30c load:0x00000000
       28345000	      2735	80004aa4	ff315a83	lhu	x21,-13(x2)	  x2:0x8003e319 x21=0x00000000 PA:0x8003e30c load:0x00000000
       28355000	      2736	80004aa8	00410283	lb	x5,4(x2)	  x2:0x8003e319  x5=0x00000000 PA:0x8003e31d load:0x00000000
       28365000	      2737	80004aac	00d11f83	lh	x31,13(x2)	  x2:0x8003e319 x31=0x00000000 PA:0x8003e326 load:0x00000000
       28375000	      2738	80004ab0	00c10f83	lb	x31,12(x2)	  x2:0x8003e319 x31=0x00000000 PA:0x8003e325 load:0x00000000
       28385000	      2739	80004ab4	00810623	sb	x8,12(x2)	  x2:0x8003e319  x8:0x0007dfdf PA:0x8003e325 store:0x0007dfdf load:0x00000000
       28395000	      2740	80004ab8	01a10223	sb	x26,4(x2)	  x2:0x8003e319 x26:0xffffd048 PA:0x8003e31d store:0xffffd048 load:0x00000000
       28405000	      2741	80004abc	00414c03	lbu	x24,4(x2)	  x2:0x8003e319 x24=0x00000048 PA:0x8003e31d load:0x00000048
       28415000	      2742	80004ac0	00033e97	auipc	x29,0x33	 x29=0x80037ac0
       28425000	      2743	80004ac4	330e8e93	addi	x29,x29,816	 x29:0x80037ac0 x29=0x80037df0
       28435000	      2744	80004ac8	001fae33	slt	x28,x31,x1	 x31:0x00000000  x1:0xfffff891 x28=0x00000000
       28805000	      2781	80004acc	026c4c33	div	x24,x24,x6	 x24:0x00000048  x6:0x00002000 x24=0x00000000
       28815000	      2782	80004ad0	017b5c33	srl	x24,x22,x23	 x22:0x00000001 x23:0x00000000 x24=0x00000001
       29185000	      2819	80004ad4	02156533	rem	x10,x10,x1	 x10:0x76b1534c  x1:0xfffff891 x10=0x0000046d
       29195000	      2820	80004ad8	00fe8823	sb	x15,16(x29)	 x29:0x80037df0 x15:0x00000000 PA:0x80037e00 store:0x00000000 load:0x00000000
       29205000	      2821	80004adc	527d	c.li	x4,-1	  x4=0xffffffff
       29215000	      2822	80004ade	ff4ed303	lhu	x6,-12(x29)	 x29:0x80037df0  x6=0x00000000 PA:0x80037de4 load:0x00000000
       29225000	      2823	80004ae2	ffcea823	sw	x28,-16(x29)	 x29:0x80037df0 x28:0x00000000 PA:0x80037de0 store:0x00000000 load:0x00000000
       29235000	      2824	80004ae6	a67bc113	xori	x2,x23,-1433	 x23:0x00000000  x2=0xfffffa67
       29245000	      2825	80004aea	9ee98c13	addi	x24,x19,-1554	 x19:0xc7bfd048 x24=0xc7bfca36
       29255000	      2826	80004aee	09fa3913	sltiu	x18,x20,159	 x20:0x00000000 x18=0x00000001
       29265000	      2827	80004af2	001e8a83	lb	x21,1(x29)	 x29:0x80037df0 x21=0x00000000 PA:0x80037df1 load:0x00000000
       29275000	      2828	80004af6	01eee8b3	or	x17,x29,x30	 x29:0x80037df0 x30:0x8004bce4 x17=0x8007fdf4
       29285000	      2829	80004afa	0000100f	fence.i	
       29315000	      2832	80004afe	ff1e8103	lb	x2,-15(x29)	 x29:0x80037df0  x2=0x00000000 PA:0x80037de1 load:0x00000000
       29325000	      2833	80004b02	007e9723	sh	x7,14(x29)	 x29:0x80037df0  x7:0x00000000 PA:0x80037dfe store:0x00000000 load:0x00000000
       29335000	      2834	80004b06	82c1	c.srli	x13,0x10	 x13:0x800322fb x13=0x00008003
       29345000	      2835	80004b08	fffe8303	lb	x6,-1(x29)	 x29:0x80037df0  x6=0x00000000 PA:0x80037def load:0x00000000
       29355000	      2836	80004b0c	ff1ec283	lbu	x5,-15(x29)	 x29:0x80037df0  x5=0x00000000 PA:0x80037de1 load:0x00000000
       29365000	      2837	80004b10	ff2e8083	lb	x1,-14(x29)	 x29:0x80037df0  x1=0x00000000 PA:0x80037de2 load:0x00000000
       29375000	      2838	80004b14	ff4eab83	lw	x23,-12(x29)	 x29:0x80037df0 x23=0x00000000 PA:0x80037de4 load:0x00000000
       29385000	      2839	80004b18	fffec083	lbu	x1,-1(x29)	 x29:0x80037df0  x1=0x00000000 PA:0x80037def load:0x00000000
       29395000	      2840	80004b1c	8446b513	sltiu	x10,x13,-1980	 x13:0x00008003 x10=0x00000001
       29405000	      2841	80004b20	01f387b3	add	x15,x7,x31	  x7:0x00000000 x31:0x00000000 x15=0x00000000
       29415000	      2842	80004b24	13fd	c.addi	x7,-1	  x7:0x00000000  x7=0xffffffff
       29425000	      2843	80004b26	016e8823	sb	x22,16(x29)	 x29:0x80037df0 x22:0x00000001 PA:0x80037e00 store:0x00000001 load:0x00000000
       29435000	      2844	80004b2a	fb64a093	slti	x1,x9,-74	  x9:0x80047e64  x1=0x00000001
       29445000	      2845	80004b2e	0001	c.addi	x0,0	  x0:0x00000000  x0=0x00000000
       29455000	      2846	80004b30	8432	c.mv	x8,x12	  x0:0x00000000 x12:0x00000000  x8=0x00000000
       29465000	      2847	80004b32	cc244993	xori	x19,x8,-830	  x8:0x00000000 x19=0xfffffcc2
       29475000	      2848	80004b36	7c97e813	ori	x16,x15,1993	 x15:0x00000000 x16=0x000007c9
       29485000	      2849	80004b3a	8269	c.srli	x12,0x1a	 x12:0x00000000 x12=0x00000000
       29525000	      2853	80004b3c	02f39b33	mulh	x22,x7,x15	  x7:0xffffffff x15:0x00000000 x22=0x00000000
       29535000	      2854	80004b40	0001	c.addi	x0,0	  x0:0x00000000  x0=0x00000000
       29545000	      2855	80004b42	ff7e8aa3	sb	x23,-11(x29)	 x29:0x80037df0 x23:0x00000000 PA:0x80037de5 store:0x00000000 load:0x00000000
       29555000	      2856	80004b46	ff1eaa23	sw	x17,-12(x29)	 x29:0x80037df0 x17:0x8007fdf4 PA:0x80037de4 store:0x8007fdf4 load:0x00000000
       29565000	      2857	80004b4a	011e81a3	sb	x17,3(x29)	 x29:0x80037df0 x17:0x8007fdf4 PA:0x80037df3 store:0x8007fdf4 load:0x00000000
       29575000	      2858	80004b4e	717d	c.addi16sp	x2,-16	  x2:0x00000000  x2=0xfffffff0
       29585000	      2859	80004b50	8f45	c.or	x14,x9	 x14:0x00000000  x9:0x80047e64 x14=0x80047e64
       29595000	      2860	80004b52	00ae8d83	lb	x27,10(x29)	 x29:0x80037df0 x27=0x00000000 PA:0x80037dfa load:0x00000000
       29605000	      2861	80004b56	fffe8d03	lb	x26,-1(x29)	 x29:0x80037df0 x26=0x00000000 PA:0x80037def load:0x00000000
       29615000	      2862	80004b5a	fffec803	lbu	x16,-1(x29)	 x29:0x80037df0 x16=0x00000000 PA:0x80037def load:0x00000000
       29625000	      2863	80004b5e	007e8503	lb	x10,7(x29)	 x29:0x80037df0 x10=0x00000000 PA:0x80037df7 load:0x00000000
       29635000	      2864	80004b62	fcca4c13	xori	x24,x20,-52	 x20:0x00000000 x24=0xffffffcc
       29645000	      2865	80004b66	ff1e8d03	lb	x26,-15(x29)	 x29:0x80037df0 x26=0x00000000 PA:0x80037de1 load:0x00000000
       29665000	      2867	80004b6a	010d3133	sltu	x2,x26,x16	 x26:0x00000000 x16:0x00000000  x2=0x00000000
       29675000	      2868	80004b6e	00fe8a83	lb	x21,15(x29)	 x29:0x80037df0 x21=0x00000000 PA:0x80037dff load:0x00000000
       29685000	      2869	80004b72	006e9323	sh	x6,6(x29)	 x29:0x80037df0  x6:0x00000000 PA:0x80037df6 store:0x00000000 load:0x00000000
       29695000	      2870	80004b76	002ec283	lbu	x5,2(x29)	 x29:0x80037df0  x5=0x00000000 PA:0x80037df2 load:0x00000000
       29705000	      2871	80004b7a	0003d197	auipc	x3,0x3d	  x3=0x80041b7a
       29715000	      2872	80004b7e	80218193	addi	x3,x3,-2046	  x3:0x80041b7a  x3=0x8004137c
       29725000	      2873	80004b82	ff619d83	lh	x27,-10(x3)	  x3:0x8004137c x27=0x00000000 PA:0x80041372 load:0x00000000
       29735000	      2874	80004b86	ff219c03	lh	x24,-14(x3)	  x3:0x8004137c x24=0x00000000 PA:0x8004136e load:0x00000000
       29745000	      2875	80004b8a	ff21c103	lbu	x2,-14(x3)	  x3:0x8004137c  x2=0x00000000 PA:0x8004136e load:0x00000000
       29755000	      2876	80004b8e	ffa19903	lh	x18,-6(x3)	  x3:0x8004137c x18=0x00000000 PA:0x80041376 load:0x00000000
       29765000	      2877	80004b92	ffb19d23	sh	x27,-6(x3)	  x3:0x8004137c x27:0x00000000 PA:0x80041376 store:0x00000000 load:0x00000000
       29775000	      2878	80004b96	27474313	xori	x6,x14,628	 x14:0x80047e64  x6=0x80047c10
       29785000	      2879	80004b9a	ffa1c603	lbu	x12,-6(x3)	  x3:0x8004137c x12=0x00000000 PA:0x80041376 load:0x00000000
       29795000	      2880	80004b9e	8a3e	c.mv	x20,x15	  x0:0x00000000 x15:0x00000000 x20=0x00000000
       29805000	      2881	80004ba0	ffa1d203	lhu	x4,-6(x3)	  x3:0x8004137c  x4=0x00000000 PA:0x80041376 load:0x00000000
       29815000	      2882	80004ba4	ffa19b03	lh	x22,-6(x3)	  x3:0x8004137c x22=0x00000000 PA:0x80041376 load:0x00000000
       29825000	      2883	80004ba8	ffa1c503	lbu	x10,-6(x3)	  x3:0x8004137c x10=0x00000000 PA:0x80041376 load:0x00000000
       29835000	      2884	80004bac	ffa1c503	lbu	x10,-6(x3)	  x3:0x8004137c x10=0x00000000 PA:0x80041376 load:0x00000000
       29855000	      2886	80004bb0	8ec9	c.or	x13,x10	 x13:0x00008003 x10:0x00000000 x13=0x00008003
       29865000	      2887	80004bb2	ffa1dc83	lhu	x25,-6(x3)	  x3:0x8004137c x25=0x00000000 PA:0x80041376 load:0x00000000
       29875000	      2888	80004bb6	00032797	auipc	x15,0x32	 x15=0x80036bb6
       29885000	      2889	80004bba	54f78793	addi	x15,x15,1359	 x15:0x80036bb6 x15=0x80037105
       29895000	      2890	80004bbe	e5d79803	lh	x16,-419(x15)	 x15:0x80037105 x16=0x00000000 PA:0x80036f62 load:0x00000000
       29905000	      2891	80004bc2	60578d83	lb	x27,1541(x15)	 x15:0x80037105 x27=0x00000000 PA:0x8003770a load:0x00000000
       29915000	      2892	80004bc6	9c178e03	lb	x28,-1599(x15)	 x15:0x80037105 x28=0x00000000 PA:0x80036ac6 load:0x00000000
       29925000	      2893	80004bca	407fd133	sra	x2,x31,x7	 x31:0x00000000  x7:0xffffffff  x2=0x00000000
       29935000	      2894	80004bce	4135d993	srai	x19,x11,0x13	 x11:0x894eacb4 x19=0xfffff129
       29945000	      2895	80004bd2	318790a3	sh	x24,769(x15)	 x15:0x80037105 x24:0x00000000 PA:0x80037406 store:0x00000000 load:0x00000000
       29955000	      2896	80004bd6	fee78083	lb	x1,-18(x15)	 x15:0x80037105  x1=0x00000000 PA:0x800370f3 load:0x00000000
       29975000	      2898	80004bda	0392d133	divu	x2,x5,x25	  x5:0x00000000 x25:0x00000000  x2=0xffffffff
       29985000	      2899	80004bde	71d78923	sb	x29,1810(x15)	 x15:0x80037105 x29:0x80037df0 PA:0x80037817 store:0x80037df0 load:0x00000000
       29995000	      2900	80004be2	4897d103	lhu	x2,1161(x15)	 x15:0x80037105  x2=0x00000000 PA:0x8003758e load:0x00000000
       30015000	      2902	80004be6	9a278223	sb	x2,-1628(x15)	 x15:0x80037105  x2:0x00000000 PA:0x80036aa9 store:0x00000000 load:0x00000000
       30025000	      2903	80004bea	091e	c.slli	x18,0x7	 x18:0x00000000 x18=0x00000000
       30035000	      2904	80004bec	fb878223	sb	x24,-92(x15)	 x15:0x80037105 x24:0x00000000 PA:0x800370a9 store:0x00000000 load:0x00000000
       30045000	      2905	80004bf0	41178623	sb	x17,1036(x15)	 x15:0x80037105 x17:0x8007fdf4 PA:0x80037511 store:0x8007fdf4 load:0x00000000
       30055000	      2906	80004bf4	88478c23	sb	x4,-1896(x15)	 x15:0x80037105  x4:0x00000000 PA:0x8003699d store:0x00000000 load:0x00000000
       30065000	      2907	80004bf8	1c7d	c.addi	x24,-1	 x24:0x00000000 x24=0xffffffff
       30075000	      2908	80004bfa	cd07c503	lbu	x10,-816(x15)	 x15:0x80037105 x10=0x00000000 PA:0x80036dd5 load:0x00000000
       30085000	      2909	80004bfe	0193ffb3	and	x31,x7,x25	  x7:0xffffffff x25:0x00000000 x31=0x00000000
       30095000	      2910	80004c02	0d27cd83	lbu	x27,210(x15)	 x15:0x80037105 x27=0x00000000 PA:0x800371d7 load:0x00000000
       30105000	      2911	80004c06	982784a3	sb	x2,-1655(x15)	 x15:0x80037105  x2:0x00000000 PA:0x80036a8e store:0x00000000 load:0x00000000
       30115000	      2912	80004c0a	4e478e23	sb	x4,1276(x15)	 x15:0x80037105  x4:0x00000000 PA:0x80037601 store:0x00000000 load:0x00000000
       30125000	      2913	80004c0e	40d6d613	srai	x12,x13,0xd	 x13:0x00008003 x12=0x00000004
       30135000	      2914	80004c12	1318	c.addi4spn	x14,x2,416	 x14=0x000001a0
       30145000	      2915	80004c14	f2f78183	lb	x3,-209(x15)	 x15:0x80037105  x3=0x00000000 PA:0x80037034 load:0x00000000
       30155000	      2916	80004c18	5417c183	lbu	x3,1345(x15)	 x15:0x80037105  x3=0x00000000 PA:0x80037646 load:0x00000000
       30165000	      2917	80004c1c	f7f793a3	sh	x31,-153(x15)	 x15:0x80037105 x31:0x00000000 PA:0x8003706c store:0x00000000 load:0x00000000
       30175000	      2918	80004c20	012d5d93	srli	x27,x26,0x12	 x26:0x00000000 x27=0x00000000
       30185000	      2919	80004c24	6697cb03	lbu	x22,1641(x15)	 x15:0x80037105 x22=0x00000000 PA:0x8003776e load:0x00000000
       30195000	      2920	80004c28	8111	c.srli	x10,0x4	 x10:0x00000000 x10=0x00000000
       30205000	      2921	80004c2a	afd788a3	sb	x29,-1295(x15)	 x15:0x80037105 x29:0x80037df0 PA:0x80036bf6 store:0x80037df0 load:0x00000000
       30215000	      2922	80004c2e	0002d817	auipc	x16,0x2d	 x16=0x80031c2e
       30225000	      2923	80004c32	6f880813	addi	x16,x16,1784	 x16:0x80031c2e x16=0x80032326
       30235000	      2924	80004c36	00280323	sb	x2,6(x16)	 x16:0x80032326  x2:0x00000000 PA:0x8003232c store:0x00000000 load:0x00000000
       30245000	      2925	80004c3a	00b84503	lbu	x10,11(x16)	 x16:0x80032326 x10=0x00000000 PA:0x80032331 load:0x00000000
       30255000	      2926	80004c3e	01f805a3	sb	x31,11(x16)	 x16:0x80032326 x31:0x00000000 PA:0x80032331 store:0x00000000 load:0x00000000
       30265000	      2927	80004c42	00b80f83	lb	x31,11(x16)	 x16:0x80032326 x31=0x00000000 PA:0x80032331 load:0x00000000
       30275000	      2928	80004c46	00282503	lw	x10,2(x16)	 x16:0x80032326 x10=0x00000000 PA:0x80032328 load:0x00000000
       30285000	      2929	80004c4a	feb80ea3	sb	x11,-3(x16)	 x16:0x80032326 x11:0x894eacb4 PA:0x80032323 store:0x894eacb4 load:0x00000000
       30295000	      2930	80004c4e	0052dd13	srli	x26,x5,0x5	  x5:0x00000000 x26=0x00000000
       30305000	      2931	80004c52	ff881683	lh	x13,-8(x16)	 x16:0x80032326 x13=0x00000000 PA:0x8003231e load:0x00000000
       30315000	      2932	80004c56	ffa84c83	lbu	x25,-6(x16)	 x16:0x80032326 x25=0x00000000 PA:0x80032320 load:0x00000000
       30325000	      2933	80004c5a	ffa85e03	lhu	x28,-6(x16)	 x16:0x80032326 x28=0x00000000 PA:0x80032320 load:0x00000000
       30335000	      2934	80004c5e	fe581d23	sh	x5,-6(x16)	 x16:0x80032326  x5:0x00000000 PA:0x80032320 store:0x00000000 load:0x00000000
       30345000	      2935	80004c62	00284e03	lbu	x28,2(x16)	 x16:0x80032326 x28=0x00000000 PA:0x80032328 load:0x00000000
       30355000	      2936	80004c66	00282203	lw	x4,2(x16)	 x16:0x80032326  x4=0x00000000 PA:0x80032328 load:0x00000000
       30365000	      2937	80004c6a	01881523	sh	x24,10(x16)	 x16:0x80032326 x24:0xffffffff PA:0x80032330 store:0xffffffff load:0x00000000
       30375000	      2938	80004c6e	00b80523	sb	x11,10(x16)	 x16:0x80032326 x11:0x894eacb4 PA:0x80032330 store:0x894eacb4 load:0x00000000
       30385000	      2939	80004c72	ffe82d83	lw	x27,-2(x16)	 x16:0x80032326 x27=0x00000000 PA:0x80032324 load:0x00000000
       30395000	      2940	80004c76	fe581f23	sh	x5,-2(x16)	 x16:0x80032326  x5:0x00000000 PA:0x80032324 store:0x00000000 load:0x00000000
       30405000	      2941	80004c7a	ffe80a03	lb	x20,-2(x16)	 x16:0x80032326 x20=0x00000000 PA:0x80032324 load:0x00000000
       30415000	      2942	80004c7e	1023f193	andi	x3,x7,258	  x7:0xffffffff  x3=0x00000102
       30425000	      2943	80004c82	6b25	c.lui	x22,0x9	 x22=0x00009000
       30435000	      2944	80004c84	ffa84083	lbu	x1,-6(x16)	 x16:0x80032326  x1=0x00000000 PA:0x80032320 load:0x00000000
       30445000	      2945	80004c88	fe380a23	sb	x3,-12(x16)	 x16:0x80032326  x3:0x00000102 PA:0x8003231a store:0x00000102 load:0x00000000
       30455000	      2946	80004c8c	ff481883	lh	x17,-12(x16)	 x16:0x80032326 x17=0x00000002 PA:0x8003231a load:0x00000002
       30465000	      2947	80004c90	0002d617	auipc	x12,0x2d	 x12=0x80031c90
       30475000	      2948	80004c94	3b860613	addi	x12,x12,952	 x12:0x80031c90 x12=0x80032048
       30485000	      2949	80004c98	5de8ce37	lui	x28,0x5de8c	 x28=0x5de8c000
       30495000	      2950	80004c9c	9672	c.add	x12,x28	 x12:0x80032048 x28:0x5de8c000 x12=0xddebe048
       30505000	      2951	80004c9e	d22606a3	sb	x2,-723(x12)	 x12:0xddebe048  x2:0x00000000 PA:0xddebdd75 store:0x00000000 load:0x00000000
       30515000	      2952	80004ca2	0c360aa3	sb	x3,213(x12)	 x12:0xddebe048  x3:0x00000102 PA:0xddebe11d store:0x00000102 load:0x00000000
       30525000	      2953	80004ca6	30460923	sb	x4,786(x12)	 x12:0xddebe048  x4:0x00000000 PA:0xddebe35a store:0x00000000 load:0x00000000
       30535000	      2954	80004caa	4a560223	sb	x5,1188(x12)	 x12:0xddebe048  x5:0x00000000 PA:0xddebe4ec store:0x00000000 load:0x00000000
       30545000	      2955	80004cae	f26602a3	sb	x6,-219(x12)	 x12:0xddebe048  x6:0x80047c10 PA:0xddebdf6d store:0x80047c10 load:0x00000000
       30555000	      2956	80004cb2	e8860da3	sb	x8,-357(x12)	 x12:0xddebe048  x8:0x00000000 PA:0xddebdee3 store:0x00000000 load:0x00000000
       30565000	      2957	80004cb6	8e960323	sb	x9,-1818(x12)	 x12:0xddebe048  x9:0x80047e64 PA:0xddebd92e store:0x80047e64 load:0x00000000
       30575000	      2958	80004cba	80860623	sb	x8,-2036(x12)	 x12:0xddebe048  x8:0x00000000 PA:0xddebd854 store:0x00000000 load:0x00000000
       30585000	      2959	80004cbe	c73609a3	sb	x19,-909(x12)	 x12:0xddebe048 x19:0xfffff129 PA:0xddebdcbb store:0xfffff129 load:0x00000000
       30595000	      2960	80004cc2	d2d64303	lbu	x6,-723(x12)	 x12:0xddebe048  x6=0x00000000 PA:0xddebdd75 load:0x00000000
       30605000	      2961	80004cc6	0d560d03	lb	x26,213(x12)	 x12:0xddebe048 x26=0x00000002 PA:0xddebe11d load:0x00000002
       30615000	      2962	80004cca	31260e03	lb	x28,786(x12)	 x12:0xddebe048 x28=0x00000000 PA:0xddebe35a load:0x00000000
       30625000	      2963	80004cce	7576a193	slti	x3,x13,1879	 x13:0x00000000  x3=0x00000001
       30635000	      2964	80004cd2	000bc9b3	xor	x19,x23,x0	 x23:0x00000000  x0:0x00000000 x19=0x00000000
       30645000	      2965	80004cd6	4a460983	lb	x19,1188(x12)	 x12:0xddebe048 x19=0x00000000 PA:0xddebe4ec load:0x00000000
       30655000	      2966	80004cda	41d5de13	srai	x28,x11,0x1d	 x11:0x894eacb4 x28=0xfffffffc
       30665000	      2967	80004cde	f2564b03	lbu	x22,-219(x12)	 x12:0xddebe048 x22=0x00000010 PA:0xddebdf6d load:0x00000010
       30675000	      2968	80004ce2	8d05	c.sub	x10,x9	 x10:0x00000000  x9:0x80047e64 x10=0x7ffb819c
       30685000	      2969	80004ce4	b1260ba3	sb	x18,-1257(x12)	 x12:0xddebe048 x18:0x00000000 PA:0xddebdb5f store:0x00000000 load:0x00000000
       30695000	      2970	80004ce8	e9b60303	lb	x6,-357(x12)	 x12:0xddebe048  x6=0x00000000 PA:0xddebdee3 load:0x00000000
       30735000	      2974	80004cec	03773033	mulhu	x0,x14,x23	 x14:0x000001a0 x23:0x00000000  x0=0x00000000
       30745000	      2975	80004cf0	8f5d	c.or	x14,x15	 x14:0x000001a0 x15:0x80037105 x14=0x800371a5
       30755000	      2976	80004cf2	405f58b3	sra	x17,x30,x5	 x30:0x8004bce4  x5:0x00000000 x17=0x8004bce4
       30765000	      2977	80004cf6	b7dc7f93	andi	x31,x24,-1155	 x24:0xffffffff x31=0xfffffb7d
       30775000	      2978	80004cfa	8e660a03	lb	x20,-1818(x12)	 x12:0xddebe048 x20=0x00000064 PA:0xddebd92e load:0x00000064
       30785000	      2979	80004cfe	0002d817	auipc	x16,0x2d	 x16=0x80031cfe
       30795000	      2980	80004d02	34a80813	addi	x16,x16,842	 x16:0x80031cfe x16=0x80032048
       30805000	      2981	80004d06	27c33d37	lui	x26,0x27c33	 x26=0x27c33000
       30815000	      2982	80004d0a	986a	c.add	x16,x26	 x16:0x80032048 x26:0x27c33000 x16=0xa7c65048
       30825000	      2983	80004d0c	48180223	sb	x1,1156(x16)	 x16:0xa7c65048  x1:0x00000000 PA:0xa7c654cc store:0x00000000 load:0x00000000
       30835000	      2984	80004d10	542802a3	sb	x2,1349(x16)	 x16:0xa7c65048  x2:0x00000000 PA:0xa7c6558d store:0x00000000 load:0x00000000
       30845000	      2985	80004d14	01fc6cb3	or	x25,x24,x31	 x24:0xffffffff x31:0xfffffb7d x25=0xffffffff
       30855000	      2986	80004d18	770801a3	sb	x16,1891(x16)	 x16:0xa7c65048 x16:0xa7c65048 PA:0xa7c657ab store:0xa7c65048 load:0x00000000
       30865000	      2987	80004d1c	31896d93	ori	x27,x18,792	 x18:0x00000000 x27=0x00000318
       30875000	      2988	80004d20	6a1f8c13	addi	x24,x31,1697	 x31:0xfffffb7d x24=0x0000021e
       30885000	      2989	80004d24	48480683	lb	x13,1156(x16)	 x16:0xa7c65048 x13=0x00000000 PA:0xa7c654cc load:0x00000000
       30925000	      2993	80004d28	0265a933	mulhsu	x18,x11,x6	 x11:0x894eacb4  x6:0x00000000 x18=0x00000000
       30935000	      2994	80004d2c	0ff0000f	fence	iorw,iorw	
       30945000	      2995	80004d30	8f91	c.sub	x15,x12	 x15:0x80037105 x12:0xddebe048 x15=0xa21790bd
       30955000	      2996	80004d32	54580783	lb	x15,1349(x16)	 x16:0xa7c65048 x15=0x00000000 PA:0xa7c6558d load:0x00000000
       30965000	      2997	80004d36	09280fa3	sb	x18,159(x16)	 x16:0xa7c65048 x18:0x00000000 PA:0xa7c650e7 store:0x00000000 load:0x00000000
       30975000	      2998	80004d3a	8e69	c.and	x12,x10	 x12:0xddebe048 x10:0x7ffb819c x12=0x5deb8008
       30985000	      2999	80004d3c	00b92a33	slt	x20,x18,x11	 x18:0x00000000 x11:0x894eacb4 x20=0x00000000
       30995000	      3000	80004d40	6ce80b23	sb	x14,1750(x16)	 x16:0xa7c65048 x14:0x800371a5 PA:0xa7c6571e store:0x800371a5 load:0x00000000
       31005000	      3001	80004d44	00030617	auipc	x12,0x30	 x12=0x80034d44
       31015000	      3002	80004d48	74e60613	addi	x12,x12,1870	 x12:0x80034d44 x12=0x80035492
       31025000	      3003	80004d4c	fd564903	lbu	x18,-43(x12)	 x12:0x80035492 x18=0x00000000 PA:0x80035467 load:0x00000000
       31035000	      3004	80004d50	02760183	lb	x3,39(x12)	 x12:0x80035492  x3=0x00000000 PA:0x800354b9 load:0x00000000
       31045000	      3005	80004d54	8c61	c.and	x8,x8	  x8:0x00000000  x8:0x00000000  x8=0x00000000
       31415000	      3042	80004d56	02e971b3	remu	x3,x18,x14	 x18:0x00000000 x14:0x800371a5  x3=0x00000000
       31425000	      3043	80004d5a	01c0b8b3	sltu	x17,x1,x28	  x1:0x00000000 x28:0xfffffffc x17=0x00000001
       31435000	      3044	80004d5e	0001	c.addi	x0,0	  x0:0x00000000  x0=0x00000000
       31445000	      3045	80004d60	8e89	c.sub	x13,x10	 x13:0x00000000 x10:0x7ffb819c x13=0x80047e64
       31485000	      3049	80004d62	02cc2533	mulhsu	x10,x24,x12	 x24:0x0000021e x12:0x80035492 x10=0x0000010f
       31495000	      3050	80004d66	41e08933	sub	x18,x1,x30	  x1:0x00000000 x30:0x8004bce4 x18=0x7ffb431c
       31505000	      3051	80004d6a	fc864b03	lbu	x22,-56(x12)	 x12:0x80035492 x22=0x00000000 PA:0x8003545a load:0x00000000
       31515000	      3052	80004d6e	01360b03	lb	x22,19(x12)	 x12:0x80035492 x22=0x00000000 PA:0x800354a5 load:0x00000000
       31525000	      3053	80004d72	fe660fa3	sb	x6,-1(x12)	 x12:0x80035492  x6:0x00000000 PA:0x80035491 store:0x00000000 load:0x00000000
       31535000	      3054	80004d76	02460403	lb	x8,36(x12)	 x12:0x80035492  x8=0x00000000 PA:0x800354b6 load:0x00000000
       31545000	      3055	80004d7a	fe164e03	lbu	x28,-31(x12)	 x12:0x80035492 x28=0x00000000 PA:0x80035473 load:0x00000000
       31555000	      3056	80004d7e	fc262e83	lw	x29,-62(x12)	 x12:0x80035492 x29=0x00000000 PA:0x80035454 load:0x00000000
       31565000	      3057	80004d82	ffa60683	lb	x13,-6(x12)	 x12:0x80035492 x13=0x00000000 PA:0x8003548c load:0x00000000
       31575000	      3058	80004d86	ff064e83	lbu	x29,-16(x12)	 x12:0x80035492 x29=0x00000000 PA:0x80035482 load:0x00000000
       31585000	      3059	80004d8a	004e3233	sltu	x4,x28,x4	 x28:0x00000000  x4:0x00000000  x4=0x00000000
       31595000	      3060	80004d8e	04061283	lh	x5,64(x12)	 x12:0x80035492  x5=0x00000000 PA:0x800354d2 load:0x00000000
       31605000	      3061	80004d92	8ec1	c.or	x13,x8	 x13:0x00000000  x8:0x00000000 x13=0x00000000
       31615000	      3062	80004d94	8f1f8713	addi	x14,x31,-1807	 x31:0xfffffb7d x14=0xfffff46e
       31625000	      3063	80004d98	00265283	lhu	x5,2(x12)	 x12:0x80035492  x5=0x00000000 PA:0x80035494 load:0x00000000
       31635000	      3064	80004d9c	8832	c.mv	x16,x12	  x0:0x00000000 x12:0x80035492 x16=0x80035492
       31645000	      3065	80004d9e	8e8d	c.sub	x13,x11	 x13:0x00000000 x11:0x894eacb4 x13=0x76b1534c
       31655000	      3066	80004da0	8fb9	c.xor	x15,x14	 x15:0x00000000 x14:0xfffff46e x15=0xfffff46e
       31665000	      3067	80004da2	fc461303	lh	x6,-60(x12)	 x12:0x80035492  x6=0x00000000 PA:0x80035456 load:0x00000000
       31675000	      3068	80004da6	fdda6893	ori	x17,x20,-35	 x20:0x00000000 x17=0xffffffdd
       31685000	      3069	80004daa	607a8e93	addi	x29,x21,1543	 x21:0x00000000 x29=0x00000607
       31695000	      3070	80004dae	ff564403	lbu	x8,-11(x12)	 x12:0x80035492  x8=0x00000000 PA:0x80035487 load:0x00000000
       31705000	      3071	80004db2	0000100f	fence.i	
       31735000	      3074	80004db6	01b60e83	lb	x29,27(x12)	 x12:0x80035492 x29=0x00000000 PA:0x800354ad load:0x00000000
       31745000	      3075	80004dba	01661b83	lh	x23,22(x12)	 x12:0x80035492 x23=0x00000000 PA:0x800354a8 load:0x00000000
       31755000	      3076	80004dbe	0ff0000f	fence	iorw,iorw	
       31795000	      3080	80004dc2	03283933	mulhu	x18,x16,x18	 x16:0x80035492 x18:0x7ffb431c x18=0x3fff4bc7
       31805000	      3081	80004dc6	8f1d	c.sub	x14,x15	 x14:0xfffff46e x15:0xfffff46e x14=0x00000000
       31815000	      3082	80004dc8	00460e03	lb	x28,4(x12)	 x12:0x80035492 x28=0x00000000 PA:0x80035496 load:0x00000000
       31825000	      3083	80004dcc	feb609a3	sb	x11,-13(x12)	 x12:0x80035492 x11:0x894eacb4 PA:0x80035485 store:0x894eacb4 load:0x00000000
       31835000	      3084	80004dd0	bce09cb7	lui	x25,0xbce09	 x25=0xbce09000
       31845000	      3085	80004dd4	0000100f	fence.i	
       32225000	      3123	80004dd8	02a743b3	div	x7,x14,x10	 x14:0x00000000 x10:0x0000010f  x7=0x00000000
       32235000	      3124	80004ddc	fd860223	sb	x24,-60(x12)	 x12:0x80035492 x24:0x0000021e PA:0x80035456 store:0x0000021e load:0x00000000
       32245000	      3125	80004de0	fce61e83	lh	x29,-50(x12)	 x12:0x80035492 x29=0x00000000 PA:0x80035460 load:0x00000000
       32255000	      3126	80004de4	01560203	lb	x4,21(x12)	 x12:0x80035492  x4=0x00000000 PA:0x800354a7 load:0x00000000
       32265000	      3127	80004de8	0002e117	auipc	x2,0x2e	  x2=0x80032de8
       32275000	      3128	80004dec	05010113	addi	x2,x2,80	  x2:0x80032de8  x2=0x80032e38
       32285000	      3129	80004df0	6c59	c.lui	x24,0x16	 x24=0x00016000
       32295000	      3130	80004df2	b3611b83	lh	x23,-1226(x2)	  x2:0x80032e38 x23=0x00000000 PA:0x8003296e load:0x00000000
       32305000	      3131	80004df6	bcb14f83	lbu	x31,-1077(x2)	  x2:0x80032e38 x31=0x00000000 PA:0x80032a03 load:0x00000000
       32315000	      3132	80004dfa	87b14d83	lbu	x27,-1925(x2)	  x2:0x80032e38 x27=0x00000000 PA:0x800326b3 load:0x00000000
       32325000	      3133	80004dfe	8f99	c.sub	x15,x14	 x15:0xfffff46e x14:0x00000000 x15=0xfffff46e
       32335000	      3134	80004e00	9fe11f83	lh	x31,-1538(x2)	  x2:0x80032e38 x31=0x00000000 PA:0x80032836 load:0x00000000
       32705000	      3171	80004e04	02ce57b3	divu	x15,x28,x12	 x28:0x00000000 x12:0x80035492 x15=0x00000000
       32715000	      3172	80004e08	0000100f	fence.i	
       32735000	      3174	80004e0c	20611603	lh	x12,518(x2)	  x2:0x80032e38 x12=0x00000000 PA:0x8003303e load:0x00000000
       32755000	      3176	80004e10	0369f9b3	remu	x19,x19,x22	 x19:0x00000000 x22:0x00000000 x19=0x00000000
       32765000	      3177	80004e14	b4310183	lb	x3,-1213(x2)	  x2:0x80032e38  x3=0x00000000 PA:0x8003297b load:0x00000000
       32775000	      3178	80004e18	d7c10da3	sb	x28,-645(x2)	  x2:0x80032e38 x28:0x00000000 PA:0x80032bb3 store:0x00000000 load:0x00000000
       32785000	      3179	80004e1c	9b714e03	lbu	x28,-1609(x2)	  x2:0x80032e38 x28=0x00000000 PA:0x800327ef load:0x00000000
       32795000	      3180	80004e20	fc914603	lbu	x12,-55(x2)	  x2:0x80032e38 x12=0x00000000 PA:0x80032e01 load:0x00000000
       32805000	      3181	80004e24	da614f83	lbu	x31,-602(x2)	  x2:0x80032e38 x31=0x00000000 PA:0x80032bde load:0x00000000
       32815000	      3182	80004e28	a4510703	lb	x14,-1467(x2)	  x2:0x80032e38 x14=0x00000000 PA:0x8003287d load:0x00000000
       32825000	      3183	80004e2c	def10183	lb	x3,-529(x2)	  x2:0x80032e38  x3=0x00000000 PA:0x80032c27 load:0x00000000
       32835000	      3184	80004e30	c2710f83	lb	x31,-985(x2)	  x2:0x80032e38 x31=0x00000000 PA:0x80032a5f load:0x00000000
       32845000	      3185	80004e34	91314f83	lbu	x31,-1773(x2)	  x2:0x80032e38 x31=0x00000000 PA:0x8003274b load:0x00000000
       32855000	      3186	80004e38	fa815283	lhu	x5,-88(x2)	  x2:0x80032e38  x5=0x00000000 PA:0x80032de0 load:0x00000000
       32865000	      3187	80004e3c	8f99	c.sub	x15,x14	 x15:0x00000000 x14:0x00000000 x15=0x00000000
       32875000	      3188	80004e3e	20d14e03	lbu	x28,525(x2)	  x2:0x80032e38 x28=0x00000000 PA:0x80033045 load:0x00000000
       32885000	      3189	80004e42	80511823	sh	x5,-2032(x2)	  x2:0x80032e38  x5:0x00000000 PA:0x80032648 store:0x00000000 load:0x00000000
       32895000	      3190	80004e46	007630b3	sltu	x1,x12,x7	 x12:0x00000000  x7:0x00000000  x1=0x00000000
       32905000	      3191	80004e4a	d3dbfcb7	lui	x25,0xd3dbf	 x25=0xd3dbf000
       32915000	      3192	80004e4e	0001	c.addi	x0,0	  x0:0x00000000  x0=0x00000000
       32925000	      3193	80004e50	88c11b03	lh	x22,-1908(x2)	  x2:0x80032e38 x22=0x00000000 PA:0x800326c4 load:0x00000000
       32935000	      3194	80004e54	01b19713	slli	x14,x3,0x1b	  x3:0x00000000 x14=0x00000000
       32945000	      3195	80004e58	8dd10d83	lb	x27,-1827(x2)	  x2:0x80032e38 x27=0x00000000 PA:0x80032715 load:0x00000000
       32955000	      3196	80004e5c	8d2d	c.xor	x10,x11	 x10:0x0000010f x11:0x894eacb4 x10=0x894eadbb
       32965000	      3197	80004e5e	0000100f	fence.i	
       32995000	      3200	80004e62	97910023	sb	x25,-1696(x2)	  x2:0x80032e38 x25:0xd3dbf000 PA:0x80032798 store:0xd3dbf000 load:0x00000000
       33005000	      3201	80004e66	0cb9	c.addi	x25,14	 x25:0xd3dbf000 x25=0xd3dbf00e
       33015000	      3202	80004e68	9e212623	sw	x2,-1556(x2)	  x2:0x80032e38  x2:0x80032e38 PA:0x80032824 store:0x80032e38 load:0x00000000
       33025000	      3203	80004e6c	a3710083	lb	x1,-1481(x2)	  x2:0x80032e38  x1=0x00000000 PA:0x8003286f load:0x00000000
       33035000	      3204	80004e70	0ff0000f	fence	iorw,iorw	
       33045000	      3205	80004e74	9f415883	lhu	x17,-1548(x2)	  x2:0x80032e38 x17=0x00000000 PA:0x8003282c load:0x00000000
       33055000	      3206	80004e78	de910203	lb	x4,-535(x2)	  x2:0x80032e38  x4=0x00000000 PA:0x80032c21 load:0x00000000
       33065000	      3207	80004e7c	bd814a83	lbu	x21,-1064(x2)	  x2:0x80032e38 x21=0x00000000 PA:0x80032a10 load:0x00000000
       33075000	      3208	80004e80	d6314283	lbu	x5,-669(x2)	  x2:0x80032e38  x5=0x00000000 PA:0x80032b9b load:0x00000000
       33085000	      3209	80004e84	8b310ca3	sb	x19,-1863(x2)	  x2:0x80032e38 x19:0x00000000 PA:0x800326f1 store:0x00000000 load:0x00000000
       33095000	      3210	80004e88	fc110683	lb	x13,-63(x2)	  x2:0x80032e38 x13=0x00000000 PA:0x80032df9 load:0x00000000
       33105000	      3211	80004e8c	bfb10183	lb	x3,-1029(x2)	  x2:0x80032e38  x3=0x00000000 PA:0x80032a33 load:0x00000000
       33115000	      3212	80004e90	0002e217	auipc	x4,0x2e	  x4=0x80032e90
       33125000	      3213	80004e94	bb720213	addi	x4,x4,-1097	  x4:0x80032e90  x4=0x80032a47
       33135000	      3214	80004e98	00b25683	lhu	x13,11(x4)	  x4:0x80032a47 x13=0x00000000 PA:0x80032a52 load:0x00000000
       33145000	      3215	80004e9c	ff020403	lb	x8,-16(x4)	  x4:0x80032a47  x8=0x00000000 PA:0x80032a37 load:0x00000000
       33155000	      3216	80004ea0	00031097	auipc	x1,0x31	  x1=0x80035ea0
       33165000	      3217	80004ea4	0f508093	addi	x1,x1,245	  x1:0x80035ea0  x1=0x80035f95
       33175000	      3218	80004ea8	fc808183	lb	x3,-56(x1)	  x1:0x80035f95  x3=0x00000000 PA:0x80035f5d load:0x00000000
       33185000	      3219	80004eac	ff224d03	lbu	x26,-14(x4)	  x4:0x80032a47 x26=0x00000000 PA:0x80032a39 load:0x00000000
       33195000	      3220	80004eb0	ff624d83	lbu	x27,-10(x4)	  x4:0x80032a47 x27=0x00000000 PA:0x80032a3d load:0x00000000
       33205000	      3221	80004eb4	00a20383	lb	x7,10(x4)	  x4:0x80032a47  x7=0x00000000 PA:0x80032a51 load:0x00000000
       33215000	      3222	80004eb8	fc709403	lh	x8,-57(x1)	  x1:0x80035f95  x8=0x00000000 PA:0x80035f5c load:0x00000000
       33225000	      3223	80004ebc	00e20023	sb	x14,0(x4)	  x4:0x80032a47 x14:0x00000000 PA:0x80032a47 store:0x00000000 load:0x00000000
       33235000	      3224	80004ec0	ffc08783	lb	x15,-4(x1)	  x1:0x80035f95 x15=0x00000000 PA:0x80035f91 load:0x00000000
       33245000	      3225	80004ec4	ffa08983	lb	x19,-6(x1)	  x1:0x80035f95 x19=0x00000000 PA:0x80035f8f load:0x00000000
       33255000	      3226	80004ec8	ff20c103	lbu	x2,-14(x1)	  x1:0x80035f95  x2=0x00000000 PA:0x80035f87 load:0x00000000
       33265000	      3227	80004ecc	fdd0d303	lhu	x6,-35(x1)	  x1:0x80035f95  x6=0x00000000 PA:0x80035f72 load:0x00000000
       33275000	      3228	80004ed0	01b20623	sb	x27,12(x4)	  x4:0x80032a47 x27:0x00000000 PA:0x80032a53 store:0x00000000 load:0x00000000
       33285000	      3229	80004ed4	fef0aba3	sw	x15,-9(x1)	  x1:0x80035f95 x15:0x00000000 PA:0x80035f8c store:0x00000000 load:0x00000000
       33295000	      3230	80004ed8	02b096a3	sh	x11,45(x1)	  x1:0x80035f95 x11:0x894eacb4 PA:0x80035fc2 store:0x894eacb4 load:0x00000000
       33305000	      3231	80004edc	00122c83	lw	x25,1(x4)	  x4:0x80032a47 x25=0x00000000 PA:0x80032a48 load:0x00000000
       33315000	      3232	80004ee0	00e24403	lbu	x8,14(x4)	  x4:0x80032a47  x8=0x00000000 PA:0x80032a55 load:0x00000000
       33325000	      3233	80004ee4	027092a3	sh	x7,37(x1)	  x1:0x80035f95  x7:0x00000000 PA:0x80035fba store:0x00000000 load:0x00000000
       33335000	      3234	80004ee8	00c08c03	lb	x24,12(x1)	  x1:0x80035f95 x24=0x00000000 PA:0x80035fa1 load:0x00000000
       33345000	      3235	80004eec	01e215a3	sh	x30,11(x4)	  x4:0x80032a47 x30:0x8004bce4 PA:0x80032a52 store:0x8004bce4 load:0x00000000
       33355000	      3236	80004ef0	0003c717	auipc	x14,0x3c	 x14=0x80040ef0
       33365000	      3237	80004ef4	9a370713	addi	x14,x14,-1629	 x14:0x80040ef0 x14=0x80040893
       33375000	      3238	80004ef8	01a74b03	lbu	x22,26(x14)	 x14:0x80040893 x22=0x00000000 PA:0x800408ad load:0x00000000
       33385000	      3239	80004efc	fe374903	lbu	x18,-29(x14)	 x14:0x80040893 x18=0x00000000 PA:0x80040876 load:0x00000000
       33395000	      3240	80004f00	fe375e83	lhu	x29,-29(x14)	 x14:0x80040893 x29=0x00000000 PA:0x80040876 load:0x00000000
       33405000	      3241	80004f04	fe170b23	sb	x1,-10(x14)	 x14:0x80040893  x1:0x80035f95 PA:0x80040889 store:0x80035f95 load:0x00000000
       33415000	      3242	80004f08	03274003	lbu	x0,50(x14)	 x14:0x80040893  x0=0x00000000 PA:0x800408c5 load:0x00000000
       33425000	      3243	80004f0c	03274803	lbu	x16,50(x14)	 x14:0x80040893 x16=0x00000000 PA:0x800408c5 load:0x00000000
       33435000	      3244	80004f10	fe474303	lbu	x6,-28(x14)	 x14:0x80040893  x6=0x00000000 PA:0x80040877 load:0x00000000
       33445000	      3245	80004f14	fd270ca3	sb	x18,-39(x14)	 x14:0x80040893 x18:0x00000000 PA:0x8004086c store:0x00000000 load:0x00000000
       33455000	      3246	80004f18	03c74e03	lbu	x28,60(x14)	 x14:0x80040893 x28=0x00000000 PA:0x800408cf load:0x00000000
       33465000	      3247	80004f1c	03f70b03	lb	x22,63(x14)	 x14:0x80040893 x22=0x00000000 PA:0x800408d2 load:0x00000000
       33475000	      3248	80004f20	fc774503	lbu	x10,-57(x14)	 x14:0x80040893 x10=0x00000000 PA:0x8004085a load:0x00000000
       33485000	      3249	80004f24	fc271da3	sh	x2,-37(x14)	 x14:0x80040893  x2:0x00000000 PA:0x8004086e store:0x00000000 load:0x00000000
       33495000	      3250	80004f28	fdb75c03	lhu	x24,-37(x14)	 x14:0x80040893 x24=0x00000000 PA:0x8004086e load:0x00000000
       33505000	      3251	80004f2c	fc071da3	sh	x0,-37(x14)	 x14:0x80040893  x0:0x00000000 PA:0x8004086e store:0x00000000 load:0x00000000
       33525000	      3253	80004f30	020af533	remu	x10,x21,x0	 x21:0x00000000  x0:0x00000000 x10=0x00000000
       33535000	      3254	80004f34	fcb70da3	sb	x11,-37(x14)	 x14:0x80040893 x11:0x894eacb4 PA:0x8004086e store:0x894eacb4 load:0x00000000
       33545000	      3255	80004f38	01a70803	lb	x16,26(x14)	 x14:0x80040893 x16=0x00000000 PA:0x800408ad load:0x00000000
       33555000	      3256	80004f3c	01a74003	lbu	x0,26(x14)	 x14:0x80040893  x0=0x00000000 PA:0x800408ad load:0x00000000
       33565000	      3257	80004f40	ff9712a3	sh	x25,-27(x14)	 x14:0x80040893 x25:0x00000000 PA:0x80040878 store:0x00000000 load:0x00000000
       33575000	      3258	80004f44	fe574283	lbu	x5,-27(x14)	 x14:0x80040893  x5=0x00000000 PA:0x80040878 load:0x00000000
       33585000	      3259	80004f48	fca74f83	lbu	x31,-54(x14)	 x14:0x80040893 x31=0x00000000 PA:0x8004085d load:0x00000000
       33595000	      3260	80004f4c	0002ea97	auipc	x21,0x2e	 x21=0x80032f4c
       33605000	      3261	80004f50	9c4a8a93	addi	x21,x21,-1596	 x21:0x80032f4c x21=0x80032910
       33615000	      3262	80004f54	083ace83	lbu	x29,131(x21)	 x21:0x80032910 x29=0x00000000 PA:0x80032993 load:0x00000000
       33625000	      3263	80004f58	f61a8d23	sb	x1,-134(x21)	 x21:0x80032910  x1:0x80035f95 PA:0x8003288a store:0x80035f95 load:0x00000000
       33635000	      3264	80004f5c	0003c297	auipc	x5,0x3c	  x5=0x80040f5c
       33645000	      3265	80004f60	89428293	addi	x5,x5,-1900	  x5:0x80040f5c  x5=0x800407f0
       33655000	      3266	80004f64	f1cac403	lbu	x8,-228(x21)	 x21:0x80032910  x8=0x00000000 PA:0x8003282c load:0x00000000
       33665000	      3267	80004f68	fd12c603	lbu	x12,-47(x5)	  x5:0x800407f0 x12=0x00000000 PA:0x800407c1 load:0x00000000
       33675000	      3268	80004f6c	01a2c203	lbu	x4,26(x5)	  x5:0x800407f0  x4=0x00000000 PA:0x8004080a load:0x00000000
       33685000	      3269	80004f70	fd02c403	lbu	x8,-48(x5)	  x5:0x800407f0  x8=0x00000000 PA:0x800407c0 load:0x00000000
       33695000	      3270	80004f74	fce2a223	sw	x14,-60(x5)	  x5:0x800407f0 x14:0x80040893 PA:0x800407b4 store:0x80040893 load:0x00000000
       33705000	      3271	80004f78	f3fac103	lbu	x2,-193(x21)	 x21:0x80032910  x2=0x00000000 PA:0x8003284f load:0x00000000
       33715000	      3272	80004f7c	012286a3	sb	x18,13(x5)	  x5:0x800407f0 x18:0x00000000 PA:0x800407fd store:0x00000000 load:0x00000000
       33725000	      3273	80004f80	084aa183	lw	x3,132(x21)	 x21:0x80032910  x3=0x00000000 PA:0x80032994 load:0x00000000
       33735000	      3274	80004f84	04dacd83	lbu	x27,77(x21)	 x21:0x80032910 x27=0x00000000 PA:0x8003295d load:0x00000000
       33745000	      3275	80004f88	fdd28d83	lb	x27,-35(x5)	  x5:0x800407f0 x27=0x00000000 PA:0x800407cd load:0x00000000
       33755000	      3276	80004f8c	02a287a3	sb	x10,47(x5)	  x5:0x800407f0 x10:0x00000000 PA:0x8004081f store:0x00000000 load:0x00000000
       33765000	      3277	80004f90	ff0add83	lhu	x27,-16(x21)	 x21:0x80032910 x27=0x00000000 PA:0x80032900 load:0x00000000
       33775000	      3278	80004f94	0022c083	lbu	x1,2(x5)	  x5:0x800407f0  x1=0x00000000 PA:0x800407f2 load:0x00000000
       33785000	      3279	80004f98	0dead883	lhu	x17,222(x21)	 x21:0x80032910 x17=0x00000000 PA:0x800329ee load:0x00000000
       33795000	      3280	80004f9c	004aaa03	lw	x20,4(x21)	 x21:0x80032910 x20=0x00000000 PA:0x80032914 load:0x00000000
       33805000	      3281	80004fa0	0d8aa083	lw	x1,216(x21)	 x21:0x80032910  x1=0x00000000 PA:0x800329e8 load:0x00000000
       33815000	      3282	80004fa4	feb28b83	lb	x23,-21(x5)	  x5:0x800407f0 x23=0x00000000 PA:0x800407db load:0x00000000
       33825000	      3283	80004fa8	0002d117	auipc	x2,0x2d	  x2=0x80031fa8
       33835000	      3284	80004fac	0a010113	addi	x2,x2,160	  x2:0x80031fa8  x2=0x80032048
       33845000	      3285	80004fb0	2eba9637	lui	x12,0x2eba9	 x12=0x2eba9000
       33855000	      3286	80004fb4	9132	c.add	x2,x12	  x2:0x80032048 x12:0x2eba9000  x2=0xaebdb048
       33865000	      3287	80004fb6	60110ea3	sb	x1,1565(x2)	  x2:0xaebdb048  x1:0x00000000 PA:0xaebdb665 store:0x00000000 load:0x00000000
       33875000	      3288	80004fba	8a2103a3	sb	x2,-1881(x2)	  x2:0xaebdb048  x2:0xaebdb048 PA:0xaebda8ef store:0xaebdb048 load:0x00000000
       33885000	      3289	80004fbe	76411723	sh	x4,1902(x2)	  x2:0xaebdb048  x4:0x00000000 PA:0xaebdb7b6 store:0x00000000 load:0x00000000
       33895000	      3290	80004fc2	20511a23	sh	x5,532(x2)	  x2:0xaebdb048  x5:0x800407f0 PA:0xaebdb25c store:0x800407f0 load:0x00000000
       33905000	      3291	80004fc6	1a7100a3	sb	x7,417(x2)	  x2:0xaebdb048  x7:0x00000000 PA:0xaebdb1e9 store:0x00000000 load:0x00000000
       33915000	      3292	80004fca	83a11723	sh	x26,-2002(x2)	  x2:0xaebdb048 x26:0x00000000 PA:0xaebda876 store:0x00000000 load:0x00000000
       33925000	      3293	80004fce	0000100f	fence.i	
       33955000	      3296	80004fd2	40918e33	sub	x28,x3,x9	  x3:0x00000000  x9:0x80047e64 x28=0x7ffb819c
       33975000	      3298	80004fd6	027756b3	divu	x13,x14,x7	 x14:0x80040893  x7:0x00000000 x13=0xffffffff
       33985000	      3299	80004fda	61d10f83	lb	x31,1565(x2)	  x2:0xaebdb048 x31=0x00000000 PA:0xaebdb665 load:0x00000000
       33995000	      3300	80004fde	8a714383	lbu	x7,-1881(x2)	  x2:0xaebdb048  x7=0x00000048 PA:0xaebda8ef load:0x00000048
       34005000	      3301	80004fe2	0d9100a3	sb	x25,193(x2)	  x2:0xaebdb048 x25:0x00000000 PA:0xaebdb109 store:0x00000000 load:0x00000000
       34015000	      3302	80004fe6	00e671b3	and	x3,x12,x14	 x12:0x2eba9000 x14:0x80040893  x3=0x00000000
       34025000	      3303	80004fea	76e15903	lhu	x18,1902(x2)	  x2:0xaebdb048 x18=0x00000000 PA:0xaebdb7b6 load:0x00000000
       34035000	      3304	80004fee	21415e03	lhu	x28,532(x2)	  x2:0xaebdb048 x28=0x000007f0 PA:0xaebdb25c load:0x000007f0
       34055000	      3306	80004ff2	fbc12423	sw	x28,-88(x2)	  x2:0xaebdb048 x28:0x000007f0 PA:0xaebdaff0 store:0x000007f0 load:0x00000000
       34065000	      3307	80004ff6	1a114603	lbu	x12,417(x2)	  x2:0xaebdb048 x12=0x00000000 PA:0xaebdb1e9 load:0x00000000
       34075000	      3308	80004ffa	d10d80b7	lui	x1,0xd10d8	  x1=0xd10d8000
       34085000	      3309	80004ffe	a6c11923	sh	x12,-1422(x2)	  x2:0xaebdb048 x12:0x00000000 PA:0xaebdaaba store:0x00000000 load:0x00000000
       34095000	      3310	80005002	0002e117	auipc	x2,0x2e	  x2=0x80033002
       34105000	      3311	80005006	04610113	addi	x2,x2,70	  x2:0x80033002  x2=0x80033048
       34115000	      3312	8000500a	79219e37	lui	x28,0x79219	 x28=0x79219000
       34125000	      3313	8000500e	9172	c.add	x2,x28	  x2:0x80033048 x28:0x79219000  x2=0xf924c048
       34145000	      3315	80005010	84011d23	sh	x0,-1958(x2)	  x2:0xf924c048  x0:0x00000000 PA:0xf924b8a2 store:0x00000000 load:0x00000000
       34185000	      3319	80002500	0800006f	jal	x0,80002580	  x0=0x00000000
       34205000	      3321	80002580	1f71	c.addi	x30,-4	 x30:0x8004bce4 x30=0x8004bce0
       34215000	      3322	80002582	009f2023	sw	x9,0(x30)	 x30:0x8004bce0  x9:0x80047e64 PA:0x8004bce0 store:0x80047e64 load:0x00000000
       34225000	      3323	80002586	000f04b3	add	x9,x30,x0	 x30:0x8004bce0  x0:0x00000000  x9=0x8004bce0
       34235000	      3324	8000258a	f8048493	addi	x9,x9,-128	  x9:0x8004bce0  x9=0x8004bc60
       34245000	      3325	8000258e	0014a223	sw	x1,4(x9)	  x9:0x8004bc60  x1:0xd10d8000 PA:0x8004bc64 store:0xd10d8000 load:0x00000000
       34255000	      3326	80002592	0024a423	sw	x2,8(x9)	  x9:0x8004bc60  x2:0xf924c048 PA:0x8004bc68 store:0xf924c048 load:0x00000000
       34265000	      3327	80002596	0034a623	sw	x3,12(x9)	  x9:0x8004bc60  x3:0x00000000 PA:0x8004bc6c store:0x00000000 load:0x00000000
       34275000	      3328	8000259a	0044a823	sw	x4,16(x9)	  x9:0x8004bc60  x4:0x00000000 PA:0x8004bc70 store:0x00000000 load:0x00000000
       34285000	      3329	8000259e	0054aa23	sw	x5,20(x9)	  x9:0x8004bc60  x5:0x800407f0 PA:0x8004bc74 store:0x800407f0 load:0x00000000
       34295000	      3330	800025a2	0064ac23	sw	x6,24(x9)	  x9:0x8004bc60  x6:0x00000000 PA:0x8004bc78 store:0x00000000 load:0x00000000
       34305000	      3331	800025a6	0074ae23	sw	x7,28(x9)	  x9:0x8004bc60  x7:0x00000048 PA:0x8004bc7c store:0x00000048 load:0x00000000
       34315000	      3332	800025aa	d080	c.sw	x8,32(x9)	  x9:0x8004bc60  x8:0x00000000 PA:0x8004bc80 store:0x00000000 load:0x00000000
       34325000	      3333	800025ac	d0c4	c.sw	x9,36(x9)	  x9:0x8004bc60  x9:0x8004bc60 PA:0x8004bc84 store:0x8004bc60 load:0x00000000
       34335000	      3334	800025ae	d488	c.sw	x10,40(x9)	  x9:0x8004bc60 x10:0x00000000 PA:0x8004bc88 store:0x00000000 load:0x00000000
       34345000	      3335	800025b0	d4cc	c.sw	x11,44(x9)	  x9:0x8004bc60 x11:0x894eacb4 PA:0x8004bc8c store:0x894eacb4 load:0x00000000
       34355000	      3336	800025b2	d890	c.sw	x12,48(x9)	  x9:0x8004bc60 x12:0x00000000 PA:0x8004bc90 store:0x00000000 load:0x00000000
       34365000	      3337	800025b4	d8d4	c.sw	x13,52(x9)	  x9:0x8004bc60 x13:0xffffffff PA:0x8004bc94 store:0xffffffff load:0x00000000
       34375000	      3338	800025b6	dc98	c.sw	x14,56(x9)	  x9:0x8004bc60 x14:0x80040893 PA:0x8004bc98 store:0x80040893 load:0x00000000
       34385000	      3339	800025b8	dcdc	c.sw	x15,60(x9)	  x9:0x8004bc60 x15:0x00000000 PA:0x8004bc9c store:0x00000000 load:0x00000000
       34395000	      3340	800025ba	0504a023	sw	x16,64(x9)	  x9:0x8004bc60 x16:0x00000000 PA:0x8004bca0 store:0x00000000 load:0x00000000
       34405000	      3341	800025be	0514a223	sw	x17,68(x9)	  x9:0x8004bc60 x17:0x00000000 PA:0x8004bca4 store:0x00000000 load:0x00000000
       34415000	      3342	800025c2	0524a423	sw	x18,72(x9)	  x9:0x8004bc60 x18:0x00000000 PA:0x8004bca8 store:0x00000000 load:0x00000000
       34425000	      3343	800025c6	0534a623	sw	x19,76(x9)	  x9:0x8004bc60 x19:0x00000000 PA:0x8004bcac store:0x00000000 load:0x00000000
       34435000	      3344	800025ca	0544a823	sw	x20,80(x9)	  x9:0x8004bc60 x20:0x00000000 PA:0x8004bcb0 store:0x00000000 load:0x00000000
       34445000	      3345	800025ce	0554aa23	sw	x21,84(x9)	  x9:0x8004bc60 x21:0x80032910 PA:0x8004bcb4 store:0x80032910 load:0x00000000
       34455000	      3346	800025d2	0564ac23	sw	x22,88(x9)	  x9:0x8004bc60 x22:0x00000000 PA:0x8004bcb8 store:0x00000000 load:0x00000000
       34465000	      3347	800025d6	0574ae23	sw	x23,92(x9)	  x9:0x8004bc60 x23:0x00000000 PA:0x8004bcbc store:0x00000000 load:0x00000000
       34475000	      3348	800025da	0784a023	sw	x24,96(x9)	  x9:0x8004bc60 x24:0x00000000 PA:0x8004bcc0 store:0x00000000 load:0x00000000
       34485000	      3349	800025de	0794a223	sw	x25,100(x9)	  x9:0x8004bc60 x25:0x00000000 PA:0x8004bcc4 store:0x00000000 load:0x00000000
       34495000	      3350	800025e2	07a4a423	sw	x26,104(x9)	  x9:0x8004bc60 x26:0x00000000 PA:0x8004bcc8 store:0x00000000 load:0x00000000
       34505000	      3351	800025e6	07b4a623	sw	x27,108(x9)	  x9:0x8004bc60 x27:0x00000000 PA:0x8004bccc store:0x00000000 load:0x00000000
       34515000	      3352	800025ea	07c4a823	sw	x28,112(x9)	  x9:0x8004bc60 x28:0x79219000 PA:0x8004bcd0 store:0x79219000 load:0x00000000
       34525000	      3353	800025ee	07d4aa23	sw	x29,116(x9)	  x9:0x8004bc60 x29:0x00000000 PA:0x8004bcd4 store:0x00000000 load:0x00000000
       34535000	      3354	800025f2	07e4ac23	sw	x30,120(x9)	  x9:0x8004bc60 x30:0x8004bce0 PA:0x8004bcd8 store:0x8004bce0 load:0x00000000
       34545000	      3355	800025f6	07f4ae23	sw	x31,124(x9)	  x9:0x8004bc60 x31:0x00000000 PA:0x8004bcdc store:0x00000000 load:0x00000000
       34555000	      3356	800025fa	00048f33	add	x30,x9,x0	  x9:0x8004bc60  x0:0x00000000 x30=0x8004bc60
       34565000	      3357	800025fe	90000d37	lui	x26,0x90000	 x26=0x90000000
       34575000	      3358	80002602	1d71	c.addi	x26,-4	 x26:0x90000000 x26=0x8ffffffc
       34585000	      3359	80002604	4621	c.li	x12,8	 x12=0x00000008
       34595000	      3360	80002606	0622	c.slli	x12,0x8	 x12:0x00000008 x12=0x00000800
       34605000	      3361	80002608	00060613	addi	x12,x12,0	 x12:0x00000800 x12=0x00000800
       34615000	      3362	8000260c	00cd2023	sw	x12,0(x26)	 x26:0x8ffffffc x12:0x00000800 PA:0x8ffffffc store:0x00000800 load:0x00000000
       34625000	      3363	80002610	34102673	csrrs	x12,mepc,x0	  x0:0x00000000 x12=0x80005010
       34635000	      3364	80002614	34202673	csrrs	x12,mcause,x0	  x0:0x00000000 x12=0x00000007
       34645000	      3365	80002618	4d0d	c.li	x26,3	 x26=0x00000003
       34655000	      3366	8000261a	01a61463	bne	x12,x26,80002622	 x12:0x00000007 x26:0x00000003
       34675000	      3368	80002622	4d21	c.li	x26,8	 x26=0x00000008
       34685000	      3369	80002624	05a60d63	beq	x12,x26,8000267e	 x12:0x00000007 x26:0x00000008
       34695000	      3370	80002628	4d25	c.li	x26,9	 x26=0x00000009
       34705000	      3371	8000262a	05a60a63	beq	x12,x26,8000267e	 x12:0x00000007 x26:0x00000009
       34715000	      3372	8000262e	4d2d	c.li	x26,11	 x26=0x0000000b
       34725000	      3373	80002630	05a60763	beq	x12,x26,8000267e	 x12:0x00000007 x26:0x0000000b
       34735000	      3374	80002634	4d05	c.li	x26,1	 x26=0x00000001
       34745000	      3375	80002636	33a60b63	beq	x12,x26,8000296c	 x12:0x00000007 x26:0x00000001
       34755000	      3376	8000263a	4d15	c.li	x26,5	 x26=0x00000005
       34765000	      3377	8000263c	61a60263	beq	x12,x26,80002c40	 x12:0x00000007 x26:0x00000005
       34775000	      3378	80002640	4d1d	c.li	x26,7	 x26=0x00000007
       34785000	      3379	80002642	11a602e3	beq	x12,x26,80002f46	 x12:0x00000007 x26:0x00000007
       34815000	      3382	80002f46	90000d37	lui	x26,0x90000	 x26=0x90000000
       34825000	      3383	80002f4a	1d71	c.addi	x26,-4	 x26:0x90000000 x26=0x8ffffffc
       34835000	      3384	80002f4c	4631	c.li	x12,12	 x12=0x0000000c
       34845000	      3385	80002f4e	0622	c.slli	x12,0x8	 x12:0x0000000c x12=0x00000c00
       34855000	      3386	80002f50	00060613	addi	x12,x12,0	 x12:0x00000c00 x12=0x00000c00
       34865000	      3387	80002f54	00cd2023	sw	x12,0(x26)	 x26:0x8ffffffc x12:0x00000c00 PA:0x8ffffffc store:0x00000c00 load:0x00000000
       34875000	      3388	80002f58	90000d37	lui	x26,0x90000	 x26=0x90000000
       34885000	      3389	80002f5c	1d71	c.addi	x26,-4	 x26:0x90000000 x26=0x8ffffffc
       34895000	      3390	80002f5e	34200613	addi	x12,x0,834	  x0:0x00000000 x12=0x00000342
       34905000	      3391	80002f62	0622	c.slli	x12,0x8	 x12:0x00000342 x12=0x00034200
       34915000	      3392	80002f64	060d	c.addi	x12,3	 x12:0x00034200 x12=0x00034203
       34925000	      3393	80002f66	00cd2023	sw	x12,0(x26)	 x26:0x8ffffffc x12:0x00034203 PA:0x8ffffffc store:0x00034203 load:0x00000000
       34935000	      3394	80002f6a	34202673	csrrs	x12,mcause,x0	  x0:0x00000000 x12=0x00000007
       34945000	      3395	80002f6e	00cd2023	sw	x12,0(x26)	 x26:0x8ffffffc x12:0x00000007 PA:0x8ffffffc store:0x00000007 load:0x00000000
       34955000	      3396	80002f72	4601	c.li	x12,0	 x12=0x00000000
       34965000	      3397	80002f74	8eb2	c.mv	x29,x12	  x0:0x00000000 x12:0x00000000 x29=0x00000000
       34975000	      3398	80002f76	4b01	c.li	x22,0	 x22=0x00000000
       34985000	      3399	80002f78	8676	c.mv	x12,x29	  x0:0x00000000 x29:0x00000000 x12=0x00000000
       34995000	      3400	80002f7a	85b2	c.mv	x11,x12	  x0:0x00000000 x12:0x00000000 x11=0x00000000
       35005000	      3401	80002f7c	4581	c.li	x11,0	 x11=0x00000000
       35015000	      3402	80002f7e	04b60f63	beq	x12,x11,80002fdc	 x12:0x00000000 x11:0x00000000
       35035000	      3404	80002fdc	3b002d73	csrrs	x26,pmpaddr0,x0	  x0:0x00000000 x26=0x20000c8d
       35045000	      3405	80002fe0	3a002ff3	csrrs	x31,pmpcfg0,x0	  x0:0x00000000 x31=0x0f0f0f0f
       35055000	      3406	80002fe4	a861	c.j	8000307c	
       35075000	      3408	8000307c	4e11	c.li	x28,4	 x28=0x00000004
       35085000	      3409	8000307e	01ee9613	slli	x12,x29,0x1e	 x29:0x00000000 x12=0x00000000
       35095000	      3410	80003082	8279	c.srli	x12,0x1e	 x12:0x00000000 x12=0x00000000
       35105000	      3411	80003084	40ce05b3	sub	x11,x28,x12	 x28:0x00000004 x12:0x00000000 x11=0x00000004
       35115000	      3412	80003088	15fd	c.addi	x11,-1	 x11:0x00000004 x11=0x00000003
       35125000	      3413	8000308a	058e	c.slli	x11,0x3	 x11:0x00000003 x11=0x00000018
       35135000	      3414	8000308c	00bf9e33	sll	x28,x31,x11	 x31:0x0f0f0f0f x11:0x00000018 x28=0x0f000000
       35145000	      3415	80003090	060e	c.slli	x12,0x3	 x12:0x00000000 x12=0x00000000
       35155000	      3416	80003092	95b2	c.add	x11,x12	 x11:0x00000018 x12:0x00000000 x11=0x00000018
       35165000	      3417	80003094	00be5e33	srl	x28,x28,x11	 x28:0x0f000000 x11:0x00000018 x28=0x0000000f
       35175000	      3418	80003098	01be1593	slli	x11,x28,0x1b	 x28:0x0000000f x11=0x78000000
       35185000	      3419	8000309c	81f9	c.srli	x11,0x1e	 x11:0x78000000 x11=0x00000001
       35195000	      3420	8000309e	c1b1	c.beqz	x11,800030e2	 x11:0x00000001
       35205000	      3421	800030a0	4605	c.li	x12,1	 x12=0x00000001
       35215000	      3422	800030a2	04c58163	beq	x11,x12,800030e4	 x11:0x00000001 x12:0x00000001
       35235000	      3424	800030e4	8676	c.mv	x12,x29	  x0:0x00000000 x29:0x00000000 x12=0x00000000
       35245000	      3425	800030e6	343025f3	csrrs	x11,mtval,x0	  x0:0x00000000 x11=0xf924b8a2
       35255000	      3426	800030ea	8189	c.srli	x11,0x2	 x11:0xf924b8a2 x11=0x3e492e28
       35265000	      3427	800030ec	e601	c.bnez	x12,800030f4	 x12:0x00000000
       35275000	      3428	800030ee	fc05c8e3	blt	x11,x0,800030be	 x11:0x3e492e28  x0:0x00000000
       35285000	      3429	800030f2	a019	c.j	800030f8	
       35305000	      3431	800030f8	fda5f3e3	bgeu	x11,x26,800030be	 x11:0x3e492e28 x26:0x20000c8d
       35325000	      3433	800030be	8676	c.mv	x12,x29	  x0:0x00000000 x29:0x00000000 x12=0x00000000
       35335000	      3434	800030c0	8b6a	c.mv	x22,x26	  x0:0x00000000 x26:0x20000c8d x22=0x20000c8d
       35345000	      3435	800030c2	0605	c.addi	x12,1	 x12:0x00000000 x12=0x00000001
       35355000	      3436	800030c4	8eb2	c.mv	x29,x12	  x0:0x00000000 x12:0x00000001 x29=0x00000001
       35365000	      3437	800030c6	4d41	c.li	x26,16	 x26=0x00000010
       35375000	      3438	800030c8	01a65363	bge	x12,x26,800030ce	 x12:0x00000001 x26:0x00000010
       35385000	      3439	800030cc	b575	c.j	80002f78	
       35405000	      3441	80002f78	8676	c.mv	x12,x29	  x0:0x00000000 x29:0x00000001 x12=0x00000001
       35415000	      3442	80002f7a	85b2	c.mv	x11,x12	  x0:0x00000000 x12:0x00000001 x11=0x00000001
       35425000	      3443	80002f7c	4581	c.li	x11,0	 x11=0x00000000
       35435000	      3444	80002f7e	04b60f63	beq	x12,x11,80002fdc	 x12:0x00000001 x11:0x00000000
       35445000	      3445	80002f82	4585	c.li	x11,1	 x11=0x00000001
       35455000	      3446	80002f84	06b60163	beq	x12,x11,80002fe6	 x12:0x00000001 x11:0x00000001
       35485000	      3449	80002fe6	3b102d73	csrrs	x26,pmpaddr1,x0	  x0:0x00000000 x26=0x244450d1
       35495000	      3450	80002fea	3a002ff3	csrrs	x31,pmpcfg0,x0	  x0:0x00000000 x31=0x0f0f0f0f
       35505000	      3451	80002fee	a079	c.j	8000307c	
       35525000	      3453	8000307c	4e11	c.li	x28,4	 x28=0x00000004
       35535000	      3454	8000307e	01ee9613	slli	x12,x29,0x1e	 x29:0x00000001 x12=0x40000000
       35545000	      3455	80003082	8279	c.srli	x12,0x1e	 x12:0x40000000 x12=0x00000001
       35555000	      3456	80003084	40ce05b3	sub	x11,x28,x12	 x28:0x00000004 x12:0x00000001 x11=0x00000003
       35565000	      3457	80003088	15fd	c.addi	x11,-1	 x11:0x00000003 x11=0x00000002
       35575000	      3458	8000308a	058e	c.slli	x11,0x3	 x11:0x00000002 x11=0x00000010
       35585000	      3459	8000308c	00bf9e33	sll	x28,x31,x11	 x31:0x0f0f0f0f x11:0x00000010 x28=0x0f0f0000
       35595000	      3460	80003090	060e	c.slli	x12,0x3	 x12:0x00000001 x12=0x00000008
       35605000	      3461	80003092	95b2	c.add	x11,x12	 x11:0x00000010 x12:0x00000008 x11=0x00000018
       35615000	      3462	80003094	00be5e33	srl	x28,x28,x11	 x28:0x0f0f0000 x11:0x00000018 x28=0x0000000f
       35625000	      3463	80003098	01be1593	slli	x11,x28,0x1b	 x28:0x0000000f x11=0x78000000
       35635000	      3464	8000309c	81f9	c.srli	x11,0x1e	 x11:0x78000000 x11=0x00000001
       35645000	      3465	8000309e	c1b1	c.beqz	x11,800030e2	 x11:0x00000001
       35655000	      3466	800030a0	4605	c.li	x12,1	 x12=0x00000001
       35665000	      3467	800030a2	04c58163	beq	x11,x12,800030e4	 x11:0x00000001 x12:0x00000001
       35685000	      3469	800030e4	8676	c.mv	x12,x29	  x0:0x00000000 x29:0x00000001 x12=0x00000001
       35695000	      3470	800030e6	343025f3	csrrs	x11,mtval,x0	  x0:0x00000000 x11=0xf924b8a2
       35705000	      3471	800030ea	8189	c.srli	x11,0x2	 x11:0xf924b8a2 x11=0x3e492e28
       35715000	      3472	800030ec	e601	c.bnez	x12,800030f4	 x12:0x00000001
       35735000	      3474	800030f4	fd65e5e3	bltu	x11,x22,800030be	 x11:0x3e492e28 x22:0x20000c8d
       35745000	      3475	800030f8	fda5f3e3	bgeu	x11,x26,800030be	 x11:0x3e492e28 x26:0x244450d1
       35765000	      3477	800030be	8676	c.mv	x12,x29	  x0:0x00000000 x29:0x00000001 x12=0x00000001
       35775000	      3478	800030c0	8b6a	c.mv	x22,x26	  x0:0x00000000 x26:0x244450d1 x22=0x244450d1
       35785000	      3479	800030c2	0605	c.addi	x12,1	 x12:0x00000001 x12=0x00000002
       35795000	      3480	800030c4	8eb2	c.mv	x29,x12	  x0:0x00000000 x12:0x00000002 x29=0x00000002
       35805000	      3481	800030c6	4d41	c.li	x26,16	 x26=0x00000010
       35815000	      3482	800030c8	01a65363	bge	x12,x26,800030ce	 x12:0x00000002 x26:0x00000010
       35825000	      3483	800030cc	b575	c.j	80002f78	
       35845000	      3485	80002f78	8676	c.mv	x12,x29	  x0:0x00000000 x29:0x00000002 x12=0x00000002
       35855000	      3486	80002f7a	85b2	c.mv	x11,x12	  x0:0x00000000 x12:0x00000002 x11=0x00000002
       35865000	      3487	80002f7c	4581	c.li	x11,0	 x11=0x00000000
       35875000	      3488	80002f7e	04b60f63	beq	x12,x11,80002fdc	 x12:0x00000002 x11:0x00000000
       35885000	      3489	80002f82	4585	c.li	x11,1	 x11=0x00000001
       35895000	      3490	80002f84	06b60163	beq	x12,x11,80002fe6	 x12:0x00000002 x11:0x00000001
       35905000	      3491	80002f88	4589	c.li	x11,2	 x11=0x00000002
       35915000	      3492	80002f8a	06b60363	beq	x12,x11,80002ff0	 x12:0x00000002 x11:0x00000002
       35935000	      3494	80002ff0	3b202d73	csrrs	x26,pmpaddr2,x0	  x0:0x00000000 x26=0x28889515
       35945000	      3495	80002ff4	3a002ff3	csrrs	x31,pmpcfg0,x0	  x0:0x00000000 x31=0x0f0f0f0f
       35955000	      3496	80002ff8	a051	c.j	8000307c	
       35975000	      3498	8000307c	4e11	c.li	x28,4	 x28=0x00000004
       35985000	      3499	8000307e	01ee9613	slli	x12,x29,0x1e	 x29:0x00000002 x12=0x80000000
       35995000	      3500	80003082	8279	c.srli	x12,0x1e	 x12:0x80000000 x12=0x00000002
       36005000	      3501	80003084	40ce05b3	sub	x11,x28,x12	 x28:0x00000004 x12:0x00000002 x11=0x00000002
       36015000	      3502	80003088	15fd	c.addi	x11,-1	 x11:0x00000002 x11=0x00000001
       36025000	      3503	8000308a	058e	c.slli	x11,0x3	 x11:0x00000001 x11=0x00000008
       36035000	      3504	8000308c	00bf9e33	sll	x28,x31,x11	 x31:0x0f0f0f0f x11:0x00000008 x28=0x0f0f0f00
       36045000	      3505	80003090	060e	c.slli	x12,0x3	 x12:0x00000002 x12=0x00000010
       36055000	      3506	80003092	95b2	c.add	x11,x12	 x11:0x00000008 x12:0x00000010 x11=0x00000018
       36065000	      3507	80003094	00be5e33	srl	x28,x28,x11	 x28:0x0f0f0f00 x11:0x00000018 x28=0x0000000f
       36075000	      3508	80003098	01be1593	slli	x11,x28,0x1b	 x28:0x0000000f x11=0x78000000
       36085000	      3509	8000309c	81f9	c.srli	x11,0x1e	 x11:0x78000000 x11=0x00000001
       36095000	      3510	8000309e	c1b1	c.beqz	x11,800030e2	 x11:0x00000001
       36105000	      3511	800030a0	4605	c.li	x12,1	 x12=0x00000001
       36115000	      3512	800030a2	04c58163	beq	x11,x12,800030e4	 x11:0x00000001 x12:0x00000001
       36135000	      3514	800030e4	8676	c.mv	x12,x29	  x0:0x00000000 x29:0x00000002 x12=0x00000002
       36145000	      3515	800030e6	343025f3	csrrs	x11,mtval,x0	  x0:0x00000000 x11=0xf924b8a2
       36155000	      3516	800030ea	8189	c.srli	x11,0x2	 x11:0xf924b8a2 x11=0x3e492e28
       36165000	      3517	800030ec	e601	c.bnez	x12,800030f4	 x12:0x00000002
       36185000	      3519	800030f4	fd65e5e3	bltu	x11,x22,800030be	 x11:0x3e492e28 x22:0x244450d1
       36195000	      3520	800030f8	fda5f3e3	bgeu	x11,x26,800030be	 x11:0x3e492e28 x26:0x28889515
       36215000	      3522	800030be	8676	c.mv	x12,x29	  x0:0x00000000 x29:0x00000002 x12=0x00000002
       36225000	      3523	800030c0	8b6a	c.mv	x22,x26	  x0:0x00000000 x26:0x28889515 x22=0x28889515
       36235000	      3524	800030c2	0605	c.addi	x12,1	 x12:0x00000002 x12=0x00000003
       36245000	      3525	800030c4	8eb2	c.mv	x29,x12	  x0:0x00000000 x12:0x00000003 x29=0x00000003
       36255000	      3526	800030c6	4d41	c.li	x26,16	 x26=0x00000010
       36265000	      3527	800030c8	01a65363	bge	x12,x26,800030ce	 x12:0x00000003 x26:0x00000010
       36275000	      3528	800030cc	b575	c.j	80002f78	
       36295000	      3530	80002f78	8676	c.mv	x12,x29	  x0:0x00000000 x29:0x00000003 x12=0x00000003
       36305000	      3531	80002f7a	85b2	c.mv	x11,x12	  x0:0x00000000 x12:0x00000003 x11=0x00000003
       36315000	      3532	80002f7c	4581	c.li	x11,0	 x11=0x00000000
       36325000	      3533	80002f7e	04b60f63	beq	x12,x11,80002fdc	 x12:0x00000003 x11:0x00000000
       36335000	      3534	80002f82	4585	c.li	x11,1	 x11=0x00000001
       36345000	      3535	80002f84	06b60163	beq	x12,x11,80002fe6	 x12:0x00000003 x11:0x00000001
       36355000	      3536	80002f88	4589	c.li	x11,2	 x11=0x00000002
       36365000	      3537	80002f8a	06b60363	beq	x12,x11,80002ff0	 x12:0x00000003 x11:0x00000002
       36375000	      3538	80002f8e	458d	c.li	x11,3	 x11=0x00000003
       36385000	      3539	80002f90	06b60563	beq	x12,x11,80002ffa	 x12:0x00000003 x11:0x00000003
       36415000	      3542	80002ffa	3b302d73	csrrs	x26,pmpaddr3,x0	  x0:0x00000000 x26=0x2cccd959
       36425000	      3543	80002ffe	3a002ff3	csrrs	x31,pmpcfg0,x0	  x0:0x00000000 x31=0x0f0f0f0f
       36435000	      3544	80003002	a8ad	c.j	8000307c	
       36455000	      3546	8000307c	4e11	c.li	x28,4	 x28=0x00000004
       36465000	      3547	8000307e	01ee9613	slli	x12,x29,0x1e	 x29:0x00000003 x12=0xc0000000
       36475000	      3548	80003082	8279	c.srli	x12,0x1e	 x12:0xc0000000 x12=0x00000003
       36485000	      3549	80003084	40ce05b3	sub	x11,x28,x12	 x28:0x00000004 x12:0x00000003 x11=0x00000001
       36495000	      3550	80003088	15fd	c.addi	x11,-1	 x11:0x00000001 x11=0x00000000
       36505000	      3551	8000308a	058e	c.slli	x11,0x3	 x11:0x00000000 x11=0x00000000
       36515000	      3552	8000308c	00bf9e33	sll	x28,x31,x11	 x31:0x0f0f0f0f x11:0x00000000 x28=0x0f0f0f0f
       36525000	      3553	80003090	060e	c.slli	x12,0x3	 x12:0x00000003 x12=0x00000018
       36535000	      3554	80003092	95b2	c.add	x11,x12	 x11:0x00000000 x12:0x00000018 x11=0x00000018
       36545000	      3555	80003094	00be5e33	srl	x28,x28,x11	 x28:0x0f0f0f0f x11:0x00000018 x28=0x0000000f
       36555000	      3556	80003098	01be1593	slli	x11,x28,0x1b	 x28:0x0000000f x11=0x78000000
       36565000	      3557	8000309c	81f9	c.srli	x11,0x1e	 x11:0x78000000 x11=0x00000001
       36575000	      3558	8000309e	c1b1	c.beqz	x11,800030e2	 x11:0x00000001
       36585000	      3559	800030a0	4605	c.li	x12,1	 x12=0x00000001
       36595000	      3560	800030a2	04c58163	beq	x11,x12,800030e4	 x11:0x00000001 x12:0x00000001
       36615000	      3562	800030e4	8676	c.mv	x12,x29	  x0:0x00000000 x29:0x00000003 x12=0x00000003
       36625000	      3563	800030e6	343025f3	csrrs	x11,mtval,x0	  x0:0x00000000 x11=0xf924b8a2
       36635000	      3564	800030ea	8189	c.srli	x11,0x2	 x11:0xf924b8a2 x11=0x3e492e28
       36645000	      3565	800030ec	e601	c.bnez	x12,800030f4	 x12:0x00000003
       36665000	      3567	800030f4	fd65e5e3	bltu	x11,x22,800030be	 x11:0x3e492e28 x22:0x28889515
       36675000	      3568	800030f8	fda5f3e3	bgeu	x11,x26,800030be	 x11:0x3e492e28 x26:0x2cccd959
       36695000	      3570	800030be	8676	c.mv	x12,x29	  x0:0x00000000 x29:0x00000003 x12=0x00000003
       36705000	      3571	800030c0	8b6a	c.mv	x22,x26	  x0:0x00000000 x26:0x2cccd959 x22=0x2cccd959
       36715000	      3572	800030c2	0605	c.addi	x12,1	 x12:0x00000003 x12=0x00000004
       36725000	      3573	800030c4	8eb2	c.mv	x29,x12	  x0:0x00000000 x12:0x00000004 x29=0x00000004
       36735000	      3574	800030c6	4d41	c.li	x26,16	 x26=0x00000010
       36745000	      3575	800030c8	01a65363	bge	x12,x26,800030ce	 x12:0x00000004 x26:0x00000010
       36755000	      3576	800030cc	b575	c.j	80002f78	
       36775000	      3578	80002f78	8676	c.mv	x12,x29	  x0:0x00000000 x29:0x00000004 x12=0x00000004
       36785000	      3579	80002f7a	85b2	c.mv	x11,x12	  x0:0x00000000 x12:0x00000004 x11=0x00000004
       36795000	      3580	80002f7c	4581	c.li	x11,0	 x11=0x00000000
       36805000	      3581	80002f7e	04b60f63	beq	x12,x11,80002fdc	 x12:0x00000004 x11:0x00000000
       36815000	      3582	80002f82	4585	c.li	x11,1	 x11=0x00000001
       36825000	      3583	80002f84	06b60163	beq	x12,x11,80002fe6	 x12:0x00000004 x11:0x00000001
       36835000	      3584	80002f88	4589	c.li	x11,2	 x11=0x00000002
       36845000	      3585	80002f8a	06b60363	beq	x12,x11,80002ff0	 x12:0x00000004 x11:0x00000002
       36855000	      3586	80002f8e	458d	c.li	x11,3	 x11=0x00000003
       36865000	      3587	80002f90	06b60563	beq	x12,x11,80002ffa	 x12:0x00000004 x11:0x00000003
       36875000	      3588	80002f94	4591	c.li	x11,4	 x11=0x00000004
       36885000	      3589	80002f96	06b60763	beq	x12,x11,80003004	 x12:0x00000004 x11:0x00000004
       36905000	      3591	80003004	3b402d73	csrrs	x26,pmpaddr4,x0	  x0:0x00000000 x26=0x31111d9e
       36915000	      3592	80003008	3a102ff3	csrrs	x31,pmpcfg1,x0	  x0:0x00000000 x31=0x0f0f0f0f
       36925000	      3593	8000300c	a885	c.j	8000307c	
       36945000	      3595	8000307c	4e11	c.li	x28,4	 x28=0x00000004
       36955000	      3596	8000307e	01ee9613	slli	x12,x29,0x1e	 x29:0x00000004 x12=0x00000000
       36965000	      3597	80003082	8279	c.srli	x12,0x1e	 x12:0x00000000 x12=0x00000000
       36975000	      3598	80003084	40ce05b3	sub	x11,x28,x12	 x28:0x00000004 x12:0x00000000 x11=0x00000004
       36985000	      3599	80003088	15fd	c.addi	x11,-1	 x11:0x00000004 x11=0x00000003
       36995000	      3600	8000308a	058e	c.slli	x11,0x3	 x11:0x00000003 x11=0x00000018
       37005000	      3601	8000308c	00bf9e33	sll	x28,x31,x11	 x31:0x0f0f0f0f x11:0x00000018 x28=0x0f000000
       37015000	      3602	80003090	060e	c.slli	x12,0x3	 x12:0x00000000 x12=0x00000000
       37025000	      3603	80003092	95b2	c.add	x11,x12	 x11:0x00000018 x12:0x00000000 x11=0x00000018
       37035000	      3604	80003094	00be5e33	srl	x28,x28,x11	 x28:0x0f000000 x11:0x00000018 x28=0x0000000f
       37045000	      3605	80003098	01be1593	slli	x11,x28,0x1b	 x28:0x0000000f x11=0x78000000
       37055000	      3606	8000309c	81f9	c.srli	x11,0x1e	 x11:0x78000000 x11=0x00000001
       37065000	      3607	8000309e	c1b1	c.beqz	x11,800030e2	 x11:0x00000001
       37075000	      3608	800030a0	4605	c.li	x12,1	 x12=0x00000001
       37085000	      3609	800030a2	04c58163	beq	x11,x12,800030e4	 x11:0x00000001 x12:0x00000001
       37105000	      3611	800030e4	8676	c.mv	x12,x29	  x0:0x00000000 x29:0x00000004 x12=0x00000004
       37115000	      3612	800030e6	343025f3	csrrs	x11,mtval,x0	  x0:0x00000000 x11=0xf924b8a2
       37125000	      3613	800030ea	8189	c.srli	x11,0x2	 x11:0xf924b8a2 x11=0x3e492e28
       37135000	      3614	800030ec	e601	c.bnez	x12,800030f4	 x12:0x00000004
       37155000	      3616	800030f4	fd65e5e3	bltu	x11,x22,800030be	 x11:0x3e492e28 x22:0x2cccd959
       37165000	      3617	800030f8	fda5f3e3	bgeu	x11,x26,800030be	 x11:0x3e492e28 x26:0x31111d9e
       37185000	      3619	800030be	8676	c.mv	x12,x29	  x0:0x00000000 x29:0x00000004 x12=0x00000004
       37195000	      3620	800030c0	8b6a	c.mv	x22,x26	  x0:0x00000000 x26:0x31111d9e x22=0x31111d9e
       37205000	      3621	800030c2	0605	c.addi	x12,1	 x12:0x00000004 x12=0x00000005
       37215000	      3622	800030c4	8eb2	c.mv	x29,x12	  x0:0x00000000 x12:0x00000005 x29=0x00000005
       37225000	      3623	800030c6	4d41	c.li	x26,16	 x26=0x00000010
       37235000	      3624	800030c8	01a65363	bge	x12,x26,800030ce	 x12:0x00000005 x26:0x00000010
       37245000	      3625	800030cc	b575	c.j	80002f78	
       37265000	      3627	80002f78	8676	c.mv	x12,x29	  x0:0x00000000 x29:0x00000005 x12=0x00000005
       37275000	      3628	80002f7a	85b2	c.mv	x11,x12	  x0:0x00000000 x12:0x00000005 x11=0x00000005
       37285000	      3629	80002f7c	4581	c.li	x11,0	 x11=0x00000000
       37295000	      3630	80002f7e	04b60f63	beq	x12,x11,80002fdc	 x12:0x00000005 x11:0x00000000
       37305000	      3631	80002f82	4585	c.li	x11,1	 x11=0x00000001
       37315000	      3632	80002f84	06b60163	beq	x12,x11,80002fe6	 x12:0x00000005 x11:0x00000001
       37325000	      3633	80002f88	4589	c.li	x11,2	 x11=0x00000002
       37335000	      3634	80002f8a	06b60363	beq	x12,x11,80002ff0	 x12:0x00000005 x11:0x00000002
       37345000	      3635	80002f8e	458d	c.li	x11,3	 x11=0x00000003
       37355000	      3636	80002f90	06b60563	beq	x12,x11,80002ffa	 x12:0x00000005 x11:0x00000003
       37365000	      3637	80002f94	4591	c.li	x11,4	 x11=0x00000004
       37375000	      3638	80002f96	06b60763	beq	x12,x11,80003004	 x12:0x00000005 x11:0x00000004
       37385000	      3639	80002f9a	4595	c.li	x11,5	 x11=0x00000005
       37395000	      3640	80002f9c	06b60963	beq	x12,x11,8000300e	 x12:0x00000005 x11:0x00000005
       37425000	      3643	8000300e	3b502d73	csrrs	x26,pmpaddr5,x0	  x0:0x00000000 x26=0x355561e2
       37435000	      3644	80003012	3a102ff3	csrrs	x31,pmpcfg1,x0	  x0:0x00000000 x31=0x0f0f0f0f
       37445000	      3645	80003016	a09d	c.j	8000307c	
       37465000	      3647	8000307c	4e11	c.li	x28,4	 x28=0x00000004
       37475000	      3648	8000307e	01ee9613	slli	x12,x29,0x1e	 x29:0x00000005 x12=0x40000000
       37485000	      3649	80003082	8279	c.srli	x12,0x1e	 x12:0x40000000 x12=0x00000001
       37495000	      3650	80003084	40ce05b3	sub	x11,x28,x12	 x28:0x00000004 x12:0x00000001 x11=0x00000003
       37505000	      3651	80003088	15fd	c.addi	x11,-1	 x11:0x00000003 x11=0x00000002
       37515000	      3652	8000308a	058e	c.slli	x11,0x3	 x11:0x00000002 x11=0x00000010
       37525000	      3653	8000308c	00bf9e33	sll	x28,x31,x11	 x31:0x0f0f0f0f x11:0x00000010 x28=0x0f0f0000
       37535000	      3654	80003090	060e	c.slli	x12,0x3	 x12:0x00000001 x12=0x00000008
       37545000	      3655	80003092	95b2	c.add	x11,x12	 x11:0x00000010 x12:0x00000008 x11=0x00000018
       37555000	      3656	80003094	00be5e33	srl	x28,x28,x11	 x28:0x0f0f0000 x11:0x00000018 x28=0x0000000f
       37565000	      3657	80003098	01be1593	slli	x11,x28,0x1b	 x28:0x0000000f x11=0x78000000
       37575000	      3658	8000309c	81f9	c.srli	x11,0x1e	 x11:0x78000000 x11=0x00000001
       37585000	      3659	8000309e	c1b1	c.beqz	x11,800030e2	 x11:0x00000001
       37595000	      3660	800030a0	4605	c.li	x12,1	 x12=0x00000001
       37605000	      3661	800030a2	04c58163	beq	x11,x12,800030e4	 x11:0x00000001 x12:0x00000001
       37625000	      3663	800030e4	8676	c.mv	x12,x29	  x0:0x00000000 x29:0x00000005 x12=0x00000005
       37635000	      3664	800030e6	343025f3	csrrs	x11,mtval,x0	  x0:0x00000000 x11=0xf924b8a2
       37645000	      3665	800030ea	8189	c.srli	x11,0x2	 x11:0xf924b8a2 x11=0x3e492e28
       37655000	      3666	800030ec	e601	c.bnez	x12,800030f4	 x12:0x00000005
       37675000	      3668	800030f4	fd65e5e3	bltu	x11,x22,800030be	 x11:0x3e492e28 x22:0x31111d9e
       37685000	      3669	800030f8	fda5f3e3	bgeu	x11,x26,800030be	 x11:0x3e492e28 x26:0x355561e2
       37705000	      3671	800030be	8676	c.mv	x12,x29	  x0:0x00000000 x29:0x00000005 x12=0x00000005
       37715000	      3672	800030c0	8b6a	c.mv	x22,x26	  x0:0x00000000 x26:0x355561e2 x22=0x355561e2
       37725000	      3673	800030c2	0605	c.addi	x12,1	 x12:0x00000005 x12=0x00000006
       37735000	      3674	800030c4	8eb2	c.mv	x29,x12	  x0:0x00000000 x12:0x00000006 x29=0x00000006
       37745000	      3675	800030c6	4d41	c.li	x26,16	 x26=0x00000010
       37755000	      3676	800030c8	01a65363	bge	x12,x26,800030ce	 x12:0x00000006 x26:0x00000010
       37765000	      3677	800030cc	b575	c.j	80002f78	
       37785000	      3679	80002f78	8676	c.mv	x12,x29	  x0:0x00000000 x29:0x00000006 x12=0x00000006
       37795000	      3680	80002f7a	85b2	c.mv	x11,x12	  x0:0x00000000 x12:0x00000006 x11=0x00000006
       37805000	      3681	80002f7c	4581	c.li	x11,0	 x11=0x00000000
       37815000	      3682	80002f7e	04b60f63	beq	x12,x11,80002fdc	 x12:0x00000006 x11:0x00000000
       37825000	      3683	80002f82	4585	c.li	x11,1	 x11=0x00000001
       37835000	      3684	80002f84	06b60163	beq	x12,x11,80002fe6	 x12:0x00000006 x11:0x00000001
       37845000	      3685	80002f88	4589	c.li	x11,2	 x11=0x00000002
       37855000	      3686	80002f8a	06b60363	beq	x12,x11,80002ff0	 x12:0x00000006 x11:0x00000002
       37865000	      3687	80002f8e	458d	c.li	x11,3	 x11=0x00000003
       37875000	      3688	80002f90	06b60563	beq	x12,x11,80002ffa	 x12:0x00000006 x11:0x00000003
       37885000	      3689	80002f94	4591	c.li	x11,4	 x11=0x00000004
       37895000	      3690	80002f96	06b60763	beq	x12,x11,80003004	 x12:0x00000006 x11:0x00000004
       37905000	      3691	80002f9a	4595	c.li	x11,5	 x11=0x00000005
       37915000	      3692	80002f9c	06b60963	beq	x12,x11,8000300e	 x12:0x00000006 x11:0x00000005
       37925000	      3693	80002fa0	4599	c.li	x11,6	 x11=0x00000006
       37935000	      3694	80002fa2	06b60b63	beq	x12,x11,80003018	 x12:0x00000006 x11:0x00000006
       37955000	      3696	80003018	3b602d73	csrrs	x26,pmpaddr6,x0	  x0:0x00000000 x26=0x3999a626
       37965000	      3697	8000301c	3a102ff3	csrrs	x31,pmpcfg1,x0	  x0:0x00000000 x31=0x0f0f0f0f
       37975000	      3698	80003020	a8b1	c.j	8000307c	
       37995000	      3700	8000307c	4e11	c.li	x28,4	 x28=0x00000004
       38005000	      3701	8000307e	01ee9613	slli	x12,x29,0x1e	 x29:0x00000006 x12=0x80000000
       38015000	      3702	80003082	8279	c.srli	x12,0x1e	 x12:0x80000000 x12=0x00000002
       38025000	      3703	80003084	40ce05b3	sub	x11,x28,x12	 x28:0x00000004 x12:0x00000002 x11=0x00000002
       38035000	      3704	80003088	15fd	c.addi	x11,-1	 x11:0x00000002 x11=0x00000001
       38045000	      3705	8000308a	058e	c.slli	x11,0x3	 x11:0x00000001 x11=0x00000008
       38055000	      3706	8000308c	00bf9e33	sll	x28,x31,x11	 x31:0x0f0f0f0f x11:0x00000008 x28=0x0f0f0f00
       38065000	      3707	80003090	060e	c.slli	x12,0x3	 x12:0x00000002 x12=0x00000010
       38075000	      3708	80003092	95b2	c.add	x11,x12	 x11:0x00000008 x12:0x00000010 x11=0x00000018
       38085000	      3709	80003094	00be5e33	srl	x28,x28,x11	 x28:0x0f0f0f00 x11:0x00000018 x28=0x0000000f
       38095000	      3710	80003098	01be1593	slli	x11,x28,0x1b	 x28:0x0000000f x11=0x78000000
       38105000	      3711	8000309c	81f9	c.srli	x11,0x1e	 x11:0x78000000 x11=0x00000001
       38115000	      3712	8000309e	c1b1	c.beqz	x11,800030e2	 x11:0x00000001
       38125000	      3713	800030a0	4605	c.li	x12,1	 x12=0x00000001
       38135000	      3714	800030a2	04c58163	beq	x11,x12,800030e4	 x11:0x00000001 x12:0x00000001
       38155000	      3716	800030e4	8676	c.mv	x12,x29	  x0:0x00000000 x29:0x00000006 x12=0x00000006
       38165000	      3717	800030e6	343025f3	csrrs	x11,mtval,x0	  x0:0x00000000 x11=0xf924b8a2
       38175000	      3718	800030ea	8189	c.srli	x11,0x2	 x11:0xf924b8a2 x11=0x3e492e28
       38185000	      3719	800030ec	e601	c.bnez	x12,800030f4	 x12:0x00000006
       38205000	      3721	800030f4	fd65e5e3	bltu	x11,x22,800030be	 x11:0x3e492e28 x22:0x355561e2
       38215000	      3722	800030f8	fda5f3e3	bgeu	x11,x26,800030be	 x11:0x3e492e28 x26:0x3999a626
       38235000	      3724	800030be	8676	c.mv	x12,x29	  x0:0x00000000 x29:0x00000006 x12=0x00000006
       38245000	      3725	800030c0	8b6a	c.mv	x22,x26	  x0:0x00000000 x26:0x3999a626 x22=0x3999a626
       38255000	      3726	800030c2	0605	c.addi	x12,1	 x12:0x00000006 x12=0x00000007
       38265000	      3727	800030c4	8eb2	c.mv	x29,x12	  x0:0x00000000 x12:0x00000007 x29=0x00000007
       38275000	      3728	800030c6	4d41	c.li	x26,16	 x26=0x00000010
       38285000	      3729	800030c8	01a65363	bge	x12,x26,800030ce	 x12:0x00000007 x26:0x00000010
       38295000	      3730	800030cc	b575	c.j	80002f78	
       38315000	      3732	80002f78	8676	c.mv	x12,x29	  x0:0x00000000 x29:0x00000007 x12=0x00000007
       38325000	      3733	80002f7a	85b2	c.mv	x11,x12	  x0:0x00000000 x12:0x00000007 x11=0x00000007
       38335000	      3734	80002f7c	4581	c.li	x11,0	 x11=0x00000000
       38345000	      3735	80002f7e	04b60f63	beq	x12,x11,80002fdc	 x12:0x00000007 x11:0x00000000
       38355000	      3736	80002f82	4585	c.li	x11,1	 x11=0x00000001
       38365000	      3737	80002f84	06b60163	beq	x12,x11,80002fe6	 x12:0x00000007 x11:0x00000001
       38375000	      3738	80002f88	4589	c.li	x11,2	 x11=0x00000002
       38385000	      3739	80002f8a	06b60363	beq	x12,x11,80002ff0	 x12:0x00000007 x11:0x00000002
       38395000	      3740	80002f8e	458d	c.li	x11,3	 x11=0x00000003
       38405000	      3741	80002f90	06b60563	beq	x12,x11,80002ffa	 x12:0x00000007 x11:0x00000003
       38415000	      3742	80002f94	4591	c.li	x11,4	 x11=0x00000004
       38425000	      3743	80002f96	06b60763	beq	x12,x11,80003004	 x12:0x00000007 x11:0x00000004
       38435000	      3744	80002f9a	4595	c.li	x11,5	 x11=0x00000005
       38445000	      3745	80002f9c	06b60963	beq	x12,x11,8000300e	 x12:0x00000007 x11:0x00000005
       38455000	      3746	80002fa0	4599	c.li	x11,6	 x11=0x00000006
       38465000	      3747	80002fa2	06b60b63	beq	x12,x11,80003018	 x12:0x00000007 x11:0x00000006
       38475000	      3748	80002fa6	459d	c.li	x11,7	 x11=0x00000007
       38485000	      3749	80002fa8	06b60d63	beq	x12,x11,80003022	 x12:0x00000007 x11:0x00000007
       38515000	      3752	80003022	3b702d73	csrrs	x26,pmpaddr7,x0	  x0:0x00000000 x26=0x3dddea6a
       38525000	      3753	80003026	3a102ff3	csrrs	x31,pmpcfg1,x0	  x0:0x00000000 x31=0x0f0f0f0f
       38535000	      3754	8000302a	a889	c.j	8000307c	
       38555000	      3756	8000307c	4e11	c.li	x28,4	 x28=0x00000004
       38565000	      3757	8000307e	01ee9613	slli	x12,x29,0x1e	 x29:0x00000007 x12=0xc0000000
       38575000	      3758	80003082	8279	c.srli	x12,0x1e	 x12:0xc0000000 x12=0x00000003
       38585000	      3759	80003084	40ce05b3	sub	x11,x28,x12	 x28:0x00000004 x12:0x00000003 x11=0x00000001
       38595000	      3760	80003088	15fd	c.addi	x11,-1	 x11:0x00000001 x11=0x00000000
       38605000	      3761	8000308a	058e	c.slli	x11,0x3	 x11:0x00000000 x11=0x00000000
       38615000	      3762	8000308c	00bf9e33	sll	x28,x31,x11	 x31:0x0f0f0f0f x11:0x00000000 x28=0x0f0f0f0f
       38625000	      3763	80003090	060e	c.slli	x12,0x3	 x12:0x00000003 x12=0x00000018
       38635000	      3764	80003092	95b2	c.add	x11,x12	 x11:0x00000000 x12:0x00000018 x11=0x00000018
       38645000	      3765	80003094	00be5e33	srl	x28,x28,x11	 x28:0x0f0f0f0f x11:0x00000018 x28=0x0000000f
       38655000	      3766	80003098	01be1593	slli	x11,x28,0x1b	 x28:0x0000000f x11=0x78000000
       38665000	      3767	8000309c	81f9	c.srli	x11,0x1e	 x11:0x78000000 x11=0x00000001
       38675000	      3768	8000309e	c1b1	c.beqz	x11,800030e2	 x11:0x00000001
       38685000	      3769	800030a0	4605	c.li	x12,1	 x12=0x00000001
       38695000	      3770	800030a2	04c58163	beq	x11,x12,800030e4	 x11:0x00000001 x12:0x00000001
       38715000	      3772	800030e4	8676	c.mv	x12,x29	  x0:0x00000000 x29:0x00000007 x12=0x00000007
       38725000	      3773	800030e6	343025f3	csrrs	x11,mtval,x0	  x0:0x00000000 x11=0xf924b8a2
       38735000	      3774	800030ea	8189	c.srli	x11,0x2	 x11:0xf924b8a2 x11=0x3e492e28
       38745000	      3775	800030ec	e601	c.bnez	x12,800030f4	 x12:0x00000007
       38765000	      3777	800030f4	fd65e5e3	bltu	x11,x22,800030be	 x11:0x3e492e28 x22:0x3999a626
       38775000	      3778	800030f8	fda5f3e3	bgeu	x11,x26,800030be	 x11:0x3e492e28 x26:0x3dddea6a
       38795000	      3780	800030be	8676	c.mv	x12,x29	  x0:0x00000000 x29:0x00000007 x12=0x00000007
       38805000	      3781	800030c0	8b6a	c.mv	x22,x26	  x0:0x00000000 x26:0x3dddea6a x22=0x3dddea6a
       38815000	      3782	800030c2	0605	c.addi	x12,1	 x12:0x00000007 x12=0x00000008
       38825000	      3783	800030c4	8eb2	c.mv	x29,x12	  x0:0x00000000 x12:0x00000008 x29=0x00000008
       38835000	      3784	800030c6	4d41	c.li	x26,16	 x26=0x00000010
       38845000	      3785	800030c8	01a65363	bge	x12,x26,800030ce	 x12:0x00000008 x26:0x00000010
       38855000	      3786	800030cc	b575	c.j	80002f78	
       38875000	      3788	80002f78	8676	c.mv	x12,x29	  x0:0x00000000 x29:0x00000008 x12=0x00000008
       38885000	      3789	80002f7a	85b2	c.mv	x11,x12	  x0:0x00000000 x12:0x00000008 x11=0x00000008
       38895000	      3790	80002f7c	4581	c.li	x11,0	 x11=0x00000000
       38905000	      3791	80002f7e	04b60f63	beq	x12,x11,80002fdc	 x12:0x00000008 x11:0x00000000
       38915000	      3792	80002f82	4585	c.li	x11,1	 x11=0x00000001
       38925000	      3793	80002f84	06b60163	beq	x12,x11,80002fe6	 x12:0x00000008 x11:0x00000001
       38935000	      3794	80002f88	4589	c.li	x11,2	 x11=0x00000002
       38945000	      3795	80002f8a	06b60363	beq	x12,x11,80002ff0	 x12:0x00000008 x11:0x00000002
       38955000	      3796	80002f8e	458d	c.li	x11,3	 x11=0x00000003
       38965000	      3797	80002f90	06b60563	beq	x12,x11,80002ffa	 x12:0x00000008 x11:0x00000003
       38975000	      3798	80002f94	4591	c.li	x11,4	 x11=0x00000004
       38985000	      3799	80002f96	06b60763	beq	x12,x11,80003004	 x12:0x00000008 x11:0x00000004
       38995000	      3800	80002f9a	4595	c.li	x11,5	 x11=0x00000005
       39005000	      3801	80002f9c	06b60963	beq	x12,x11,8000300e	 x12:0x00000008 x11:0x00000005
       39015000	      3802	80002fa0	4599	c.li	x11,6	 x11=0x00000006
       39025000	      3803	80002fa2	06b60b63	beq	x12,x11,80003018	 x12:0x00000008 x11:0x00000006
       39035000	      3804	80002fa6	459d	c.li	x11,7	 x11=0x00000007
       39045000	      3805	80002fa8	06b60d63	beq	x12,x11,80003022	 x12:0x00000008 x11:0x00000007
       39055000	      3806	80002fac	45a1	c.li	x11,8	 x11=0x00000008
       39065000	      3807	80002fae	06b60f63	beq	x12,x11,8000302c	 x12:0x00000008 x11:0x00000008
       39085000	      3809	8000302c	3b802d73	csrrs	x26,pmpaddr8,x0	  x0:0x00000000 x26=0x02222eaf
       39095000	      3810	80003030	3a202ff3	csrrs	x31,pmpcfg2,x0	  x0:0x00000000 x31=0x0f0f0f0f
       39105000	      3811	80003034	a0a1	c.j	8000307c	
       39125000	      3813	8000307c	4e11	c.li	x28,4	 x28=0x00000004
       39135000	      3814	8000307e	01ee9613	slli	x12,x29,0x1e	 x29:0x00000008 x12=0x00000000
       39145000	      3815	80003082	8279	c.srli	x12,0x1e	 x12:0x00000000 x12=0x00000000
       39155000	      3816	80003084	40ce05b3	sub	x11,x28,x12	 x28:0x00000004 x12:0x00000000 x11=0x00000004
       39165000	      3817	80003088	15fd	c.addi	x11,-1	 x11:0x00000004 x11=0x00000003
       39175000	      3818	8000308a	058e	c.slli	x11,0x3	 x11:0x00000003 x11=0x00000018
       39185000	      3819	8000308c	00bf9e33	sll	x28,x31,x11	 x31:0x0f0f0f0f x11:0x00000018 x28=0x0f000000
       39195000	      3820	80003090	060e	c.slli	x12,0x3	 x12:0x00000000 x12=0x00000000
       39205000	      3821	80003092	95b2	c.add	x11,x12	 x11:0x00000018 x12:0x00000000 x11=0x00000018
       39215000	      3822	80003094	00be5e33	srl	x28,x28,x11	 x28:0x0f000000 x11:0x00000018 x28=0x0000000f
       39225000	      3823	80003098	01be1593	slli	x11,x28,0x1b	 x28:0x0000000f x11=0x78000000
       39235000	      3824	8000309c	81f9	c.srli	x11,0x1e	 x11:0x78000000 x11=0x00000001
       39245000	      3825	8000309e	c1b1	c.beqz	x11,800030e2	 x11:0x00000001
       39255000	      3826	800030a0	4605	c.li	x12,1	 x12=0x00000001
       39265000	      3827	800030a2	04c58163	beq	x11,x12,800030e4	 x11:0x00000001 x12:0x00000001
       39285000	      3829	800030e4	8676	c.mv	x12,x29	  x0:0x00000000 x29:0x00000008 x12=0x00000008
       39295000	      3830	800030e6	343025f3	csrrs	x11,mtval,x0	  x0:0x00000000 x11=0xf924b8a2
       39305000	      3831	800030ea	8189	c.srli	x11,0x2	 x11:0xf924b8a2 x11=0x3e492e28
       39315000	      3832	800030ec	e601	c.bnez	x12,800030f4	 x12:0x00000008
       39335000	      3834	800030f4	fd65e5e3	bltu	x11,x22,800030be	 x11:0x3e492e28 x22:0x3dddea6a
       39345000	      3835	800030f8	fda5f3e3	bgeu	x11,x26,800030be	 x11:0x3e492e28 x26:0x02222eaf
       39365000	      3837	800030be	8676	c.mv	x12,x29	  x0:0x00000000 x29:0x00000008 x12=0x00000008
       39375000	      3838	800030c0	8b6a	c.mv	x22,x26	  x0:0x00000000 x26:0x02222eaf x22=0x02222eaf
       39385000	      3839	800030c2	0605	c.addi	x12,1	 x12:0x00000008 x12=0x00000009
       39395000	      3840	800030c4	8eb2	c.mv	x29,x12	  x0:0x00000000 x12:0x00000009 x29=0x00000009
       39405000	      3841	800030c6	4d41	c.li	x26,16	 x26=0x00000010
       39415000	      3842	800030c8	01a65363	bge	x12,x26,800030ce	 x12:0x00000009 x26:0x00000010
       39425000	      3843	800030cc	b575	c.j	80002f78	
       39445000	      3845	80002f78	8676	c.mv	x12,x29	  x0:0x00000000 x29:0x00000009 x12=0x00000009
       39455000	      3846	80002f7a	85b2	c.mv	x11,x12	  x0:0x00000000 x12:0x00000009 x11=0x00000009
       39465000	      3847	80002f7c	4581	c.li	x11,0	 x11=0x00000000
       39475000	      3848	80002f7e	04b60f63	beq	x12,x11,80002fdc	 x12:0x00000009 x11:0x00000000
       39485000	      3849	80002f82	4585	c.li	x11,1	 x11=0x00000001
       39495000	      3850	80002f84	06b60163	beq	x12,x11,80002fe6	 x12:0x00000009 x11:0x00000001
       39505000	      3851	80002f88	4589	c.li	x11,2	 x11=0x00000002
       39515000	      3852	80002f8a	06b60363	beq	x12,x11,80002ff0	 x12:0x00000009 x11:0x00000002
       39525000	      3853	80002f8e	458d	c.li	x11,3	 x11=0x00000003
       39535000	      3854	80002f90	06b60563	beq	x12,x11,80002ffa	 x12:0x00000009 x11:0x00000003
       39545000	      3855	80002f94	4591	c.li	x11,4	 x11=0x00000004
       39555000	      3856	80002f96	06b60763	beq	x12,x11,80003004	 x12:0x00000009 x11:0x00000004
       39565000	      3857	80002f9a	4595	c.li	x11,5	 x11=0x00000005
       39575000	      3858	80002f9c	06b60963	beq	x12,x11,8000300e	 x12:0x00000009 x11:0x00000005
       39585000	      3859	80002fa0	4599	c.li	x11,6	 x11=0x00000006
       39595000	      3860	80002fa2	06b60b63	beq	x12,x11,80003018	 x12:0x00000009 x11:0x00000006
       39605000	      3861	80002fa6	459d	c.li	x11,7	 x11=0x00000007
       39615000	      3862	80002fa8	06b60d63	beq	x12,x11,80003022	 x12:0x00000009 x11:0x00000007
       39625000	      3863	80002fac	45a1	c.li	x11,8	 x11=0x00000008
       39635000	      3864	80002fae	06b60f63	beq	x12,x11,8000302c	 x12:0x00000009 x11:0x00000008
       39645000	      3865	80002fb2	45a5	c.li	x11,9	 x11=0x00000009
       39655000	      3866	80002fb4	08b60163	beq	x12,x11,80003036	 x12:0x00000009 x11:0x00000009
       39685000	      3869	80003036	3b902d73	csrrs	x26,pmpaddr9,x0	  x0:0x00000000 x26=0x066672f3
       39695000	      3870	8000303a	3a202ff3	csrrs	x31,pmpcfg2,x0	  x0:0x00000000 x31=0x0f0f0f0f
       39705000	      3871	8000303e	a83d	c.j	8000307c	
       39725000	      3873	8000307c	4e11	c.li	x28,4	 x28=0x00000004
       39735000	      3874	8000307e	01ee9613	slli	x12,x29,0x1e	 x29:0x00000009 x12=0x40000000
       39745000	      3875	80003082	8279	c.srli	x12,0x1e	 x12:0x40000000 x12=0x00000001
       39755000	      3876	80003084	40ce05b3	sub	x11,x28,x12	 x28:0x00000004 x12:0x00000001 x11=0x00000003
       39765000	      3877	80003088	15fd	c.addi	x11,-1	 x11:0x00000003 x11=0x00000002
       39775000	      3878	8000308a	058e	c.slli	x11,0x3	 x11:0x00000002 x11=0x00000010
       39785000	      3879	8000308c	00bf9e33	sll	x28,x31,x11	 x31:0x0f0f0f0f x11:0x00000010 x28=0x0f0f0000
       39795000	      3880	80003090	060e	c.slli	x12,0x3	 x12:0x00000001 x12=0x00000008
       39805000	      3881	80003092	95b2	c.add	x11,x12	 x11:0x00000010 x12:0x00000008 x11=0x00000018
       39815000	      3882	80003094	00be5e33	srl	x28,x28,x11	 x28:0x0f0f0000 x11:0x00000018 x28=0x0000000f
       39825000	      3883	80003098	01be1593	slli	x11,x28,0x1b	 x28:0x0000000f x11=0x78000000
       39835000	      3884	8000309c	81f9	c.srli	x11,0x1e	 x11:0x78000000 x11=0x00000001
       39845000	      3885	8000309e	c1b1	c.beqz	x11,800030e2	 x11:0x00000001
       39855000	      3886	800030a0	4605	c.li	x12,1	 x12=0x00000001
       39865000	      3887	800030a2	04c58163	beq	x11,x12,800030e4	 x11:0x00000001 x12:0x00000001
       39885000	      3889	800030e4	8676	c.mv	x12,x29	  x0:0x00000000 x29:0x00000009 x12=0x00000009
       39895000	      3890	800030e6	343025f3	csrrs	x11,mtval,x0	  x0:0x00000000 x11=0xf924b8a2
       39905000	      3891	800030ea	8189	c.srli	x11,0x2	 x11:0xf924b8a2 x11=0x3e492e28
       39915000	      3892	800030ec	e601	c.bnez	x12,800030f4	 x12:0x00000009
       39935000	      3894	800030f4	fd65e5e3	bltu	x11,x22,800030be	 x11:0x3e492e28 x22:0x02222eaf
       39945000	      3895	800030f8	fda5f3e3	bgeu	x11,x26,800030be	 x11:0x3e492e28 x26:0x066672f3
       39965000	      3897	800030be	8676	c.mv	x12,x29	  x0:0x00000000 x29:0x00000009 x12=0x00000009
       39975000	      3898	800030c0	8b6a	c.mv	x22,x26	  x0:0x00000000 x26:0x066672f3 x22=0x066672f3
       39985000	      3899	800030c2	0605	c.addi	x12,1	 x12:0x00000009 x12=0x0000000a
       39995000	      3900	800030c4	8eb2	c.mv	x29,x12	  x0:0x00000000 x12:0x0000000a x29=0x0000000a
       40005000	      3901	800030c6	4d41	c.li	x26,16	 x26=0x00000010
       40015000	      3902	800030c8	01a65363	bge	x12,x26,800030ce	 x12:0x0000000a x26:0x00000010
       40025000	      3903	800030cc	b575	c.j	80002f78	
       40045000	      3905	80002f78	8676	c.mv	x12,x29	  x0:0x00000000 x29:0x0000000a x12=0x0000000a
       40055000	      3906	80002f7a	85b2	c.mv	x11,x12	  x0:0x00000000 x12:0x0000000a x11=0x0000000a
       40065000	      3907	80002f7c	4581	c.li	x11,0	 x11=0x00000000
       40075000	      3908	80002f7e	04b60f63	beq	x12,x11,80002fdc	 x12:0x0000000a x11:0x00000000
       40085000	      3909	80002f82	4585	c.li	x11,1	 x11=0x00000001
       40095000	      3910	80002f84	06b60163	beq	x12,x11,80002fe6	 x12:0x0000000a x11:0x00000001
       40105000	      3911	80002f88	4589	c.li	x11,2	 x11=0x00000002
       40115000	      3912	80002f8a	06b60363	beq	x12,x11,80002ff0	 x12:0x0000000a x11:0x00000002
       40125000	      3913	80002f8e	458d	c.li	x11,3	 x11=0x00000003
       40135000	      3914	80002f90	06b60563	beq	x12,x11,80002ffa	 x12:0x0000000a x11:0x00000003
       40145000	      3915	80002f94	4591	c.li	x11,4	 x11=0x00000004
       40155000	      3916	80002f96	06b60763	beq	x12,x11,80003004	 x12:0x0000000a x11:0x00000004
       40165000	      3917	80002f9a	4595	c.li	x11,5	 x11=0x00000005
       40175000	      3918	80002f9c	06b60963	beq	x12,x11,8000300e	 x12:0x0000000a x11:0x00000005
       40185000	      3919	80002fa0	4599	c.li	x11,6	 x11=0x00000006
       40195000	      3920	80002fa2	06b60b63	beq	x12,x11,80003018	 x12:0x0000000a x11:0x00000006
       40205000	      3921	80002fa6	459d	c.li	x11,7	 x11=0x00000007
       40215000	      3922	80002fa8	06b60d63	beq	x12,x11,80003022	 x12:0x0000000a x11:0x00000007
       40225000	      3923	80002fac	45a1	c.li	x11,8	 x11=0x00000008
       40235000	      3924	80002fae	06b60f63	beq	x12,x11,8000302c	 x12:0x0000000a x11:0x00000008
       40245000	      3925	80002fb2	45a5	c.li	x11,9	 x11=0x00000009
       40255000	      3926	80002fb4	08b60163	beq	x12,x11,80003036	 x12:0x0000000a x11:0x00000009
       40265000	      3927	80002fb8	45a9	c.li	x11,10	 x11=0x0000000a
       40275000	      3928	80002fba	08b60363	beq	x12,x11,80003040	 x12:0x0000000a x11:0x0000000a
       40295000	      3930	80003040	3ba02d73	csrrs	x26,pmpaddr10,x0	  x0:0x00000000 x26=0x0aaab737
       40305000	      3931	80003044	3a202ff3	csrrs	x31,pmpcfg2,x0	  x0:0x00000000 x31=0x0f0f0f0f
       40315000	      3932	80003048	a815	c.j	8000307c	
       40335000	      3934	8000307c	4e11	c.li	x28,4	 x28=0x00000004
       40345000	      3935	8000307e	01ee9613	slli	x12,x29,0x1e	 x29:0x0000000a x12=0x80000000
       40355000	      3936	80003082	8279	c.srli	x12,0x1e	 x12:0x80000000 x12=0x00000002
       40365000	      3937	80003084	40ce05b3	sub	x11,x28,x12	 x28:0x00000004 x12:0x00000002 x11=0x00000002
       40375000	      3938	80003088	15fd	c.addi	x11,-1	 x11:0x00000002 x11=0x00000001
       40385000	      3939	8000308a	058e	c.slli	x11,0x3	 x11:0x00000001 x11=0x00000008
       40395000	      3940	8000308c	00bf9e33	sll	x28,x31,x11	 x31:0x0f0f0f0f x11:0x00000008 x28=0x0f0f0f00
       40405000	      3941	80003090	060e	c.slli	x12,0x3	 x12:0x00000002 x12=0x00000010
       40415000	      3942	80003092	95b2	c.add	x11,x12	 x11:0x00000008 x12:0x00000010 x11=0x00000018
       40425000	      3943	80003094	00be5e33	srl	x28,x28,x11	 x28:0x0f0f0f00 x11:0x00000018 x28=0x0000000f
       40435000	      3944	80003098	01be1593	slli	x11,x28,0x1b	 x28:0x0000000f x11=0x78000000
       40445000	      3945	8000309c	81f9	c.srli	x11,0x1e	 x11:0x78000000 x11=0x00000001
       40455000	      3946	8000309e	c1b1	c.beqz	x11,800030e2	 x11:0x00000001
       40465000	      3947	800030a0	4605	c.li	x12,1	 x12=0x00000001
       40475000	      3948	800030a2	04c58163	beq	x11,x12,800030e4	 x11:0x00000001 x12:0x00000001
       40495000	      3950	800030e4	8676	c.mv	x12,x29	  x0:0x00000000 x29:0x0000000a x12=0x0000000a
       40505000	      3951	800030e6	343025f3	csrrs	x11,mtval,x0	  x0:0x00000000 x11=0xf924b8a2
       40515000	      3952	800030ea	8189	c.srli	x11,0x2	 x11:0xf924b8a2 x11=0x3e492e28
       40525000	      3953	800030ec	e601	c.bnez	x12,800030f4	 x12:0x0000000a
       40545000	      3955	800030f4	fd65e5e3	bltu	x11,x22,800030be	 x11:0x3e492e28 x22:0x066672f3
       40555000	      3956	800030f8	fda5f3e3	bgeu	x11,x26,800030be	 x11:0x3e492e28 x26:0x0aaab737
       40575000	      3958	800030be	8676	c.mv	x12,x29	  x0:0x00000000 x29:0x0000000a x12=0x0000000a
       40585000	      3959	800030c0	8b6a	c.mv	x22,x26	  x0:0x00000000 x26:0x0aaab737 x22=0x0aaab737
       40595000	      3960	800030c2	0605	c.addi	x12,1	 x12:0x0000000a x12=0x0000000b
       40605000	      3961	800030c4	8eb2	c.mv	x29,x12	  x0:0x00000000 x12:0x0000000b x29=0x0000000b
       40615000	      3962	800030c6	4d41	c.li	x26,16	 x26=0x00000010
       40625000	      3963	800030c8	01a65363	bge	x12,x26,800030ce	 x12:0x0000000b x26:0x00000010
       40635000	      3964	800030cc	b575	c.j	80002f78	
       40655000	      3966	80002f78	8676	c.mv	x12,x29	  x0:0x00000000 x29:0x0000000b x12=0x0000000b
       40665000	      3967	80002f7a	85b2	c.mv	x11,x12	  x0:0x00000000 x12:0x0000000b x11=0x0000000b
       40675000	      3968	80002f7c	4581	c.li	x11,0	 x11=0x00000000
       40685000	      3969	80002f7e	04b60f63	beq	x12,x11,80002fdc	 x12:0x0000000b x11:0x00000000
       40695000	      3970	80002f82	4585	c.li	x11,1	 x11=0x00000001
       40705000	      3971	80002f84	06b60163	beq	x12,x11,80002fe6	 x12:0x0000000b x11:0x00000001
       40715000	      3972	80002f88	4589	c.li	x11,2	 x11=0x00000002
       40725000	      3973	80002f8a	06b60363	beq	x12,x11,80002ff0	 x12:0x0000000b x11:0x00000002
       40735000	      3974	80002f8e	458d	c.li	x11,3	 x11=0x00000003
       40745000	      3975	80002f90	06b60563	beq	x12,x11,80002ffa	 x12:0x0000000b x11:0x00000003
       40755000	      3976	80002f94	4591	c.li	x11,4	 x11=0x00000004
       40765000	      3977	80002f96	06b60763	beq	x12,x11,80003004	 x12:0x0000000b x11:0x00000004
       40775000	      3978	80002f9a	4595	c.li	x11,5	 x11=0x00000005
       40785000	      3979	80002f9c	06b60963	beq	x12,x11,8000300e	 x12:0x0000000b x11:0x00000005
       40795000	      3980	80002fa0	4599	c.li	x11,6	 x11=0x00000006
       40805000	      3981	80002fa2	06b60b63	beq	x12,x11,80003018	 x12:0x0000000b x11:0x00000006
       40815000	      3982	80002fa6	459d	c.li	x11,7	 x11=0x00000007
       40825000	      3983	80002fa8	06b60d63	beq	x12,x11,80003022	 x12:0x0000000b x11:0x00000007
       40835000	      3984	80002fac	45a1	c.li	x11,8	 x11=0x00000008
       40845000	      3985	80002fae	06b60f63	beq	x12,x11,8000302c	 x12:0x0000000b x11:0x00000008
       40855000	      3986	80002fb2	45a5	c.li	x11,9	 x11=0x00000009
       40865000	      3987	80002fb4	08b60163	beq	x12,x11,80003036	 x12:0x0000000b x11:0x00000009
       40875000	      3988	80002fb8	45a9	c.li	x11,10	 x11=0x0000000a
       40885000	      3989	80002fba	08b60363	beq	x12,x11,80003040	 x12:0x0000000b x11:0x0000000a
       40895000	      3990	80002fbe	45ad	c.li	x11,11	 x11=0x0000000b
       40905000	      3991	80002fc0	08b60563	beq	x12,x11,8000304a	 x12:0x0000000b x11:0x0000000b
       40935000	      3994	8000304a	3bb02d73	csrrs	x26,pmpaddr11,x0	  x0:0x00000000 x26=0x0eeefb7b
       40945000	      3995	8000304e	3a202ff3	csrrs	x31,pmpcfg2,x0	  x0:0x00000000 x31=0x0f0f0f0f
       40955000	      3996	80003052	a02d	c.j	8000307c	
       40975000	      3998	8000307c	4e11	c.li	x28,4	 x28=0x00000004
       40985000	      3999	8000307e	01ee9613	slli	x12,x29,0x1e	 x29:0x0000000b x12=0xc0000000
       40995000	      4000	80003082	8279	c.srli	x12,0x1e	 x12:0xc0000000 x12=0x00000003
       41005000	      4001	80003084	40ce05b3	sub	x11,x28,x12	 x28:0x00000004 x12:0x00000003 x11=0x00000001
       41015000	      4002	80003088	15fd	c.addi	x11,-1	 x11:0x00000001 x11=0x00000000
       41025000	      4003	8000308a	058e	c.slli	x11,0x3	 x11:0x00000000 x11=0x00000000
       41035000	      4004	8000308c	00bf9e33	sll	x28,x31,x11	 x31:0x0f0f0f0f x11:0x00000000 x28=0x0f0f0f0f
       41045000	      4005	80003090	060e	c.slli	x12,0x3	 x12:0x00000003 x12=0x00000018
       41055000	      4006	80003092	95b2	c.add	x11,x12	 x11:0x00000000 x12:0x00000018 x11=0x00000018
       41065000	      4007	80003094	00be5e33	srl	x28,x28,x11	 x28:0x0f0f0f0f x11:0x00000018 x28=0x0000000f
       41075000	      4008	80003098	01be1593	slli	x11,x28,0x1b	 x28:0x0000000f x11=0x78000000
       41085000	      4009	8000309c	81f9	c.srli	x11,0x1e	 x11:0x78000000 x11=0x00000001
       41095000	      4010	8000309e	c1b1	c.beqz	x11,800030e2	 x11:0x00000001
       41105000	      4011	800030a0	4605	c.li	x12,1	 x12=0x00000001
       41115000	      4012	800030a2	04c58163	beq	x11,x12,800030e4	 x11:0x00000001 x12:0x00000001
       41135000	      4014	800030e4	8676	c.mv	x12,x29	  x0:0x00000000 x29:0x0000000b x12=0x0000000b
       41145000	      4015	800030e6	343025f3	csrrs	x11,mtval,x0	  x0:0x00000000 x11=0xf924b8a2
       41155000	      4016	800030ea	8189	c.srli	x11,0x2	 x11:0xf924b8a2 x11=0x3e492e28
       41165000	      4017	800030ec	e601	c.bnez	x12,800030f4	 x12:0x0000000b
       41185000	      4019	800030f4	fd65e5e3	bltu	x11,x22,800030be	 x11:0x3e492e28 x22:0x0aaab737
       41195000	      4020	800030f8	fda5f3e3	bgeu	x11,x26,800030be	 x11:0x3e492e28 x26:0x0eeefb7b
       41215000	      4022	800030be	8676	c.mv	x12,x29	  x0:0x00000000 x29:0x0000000b x12=0x0000000b
       41225000	      4023	800030c0	8b6a	c.mv	x22,x26	  x0:0x00000000 x26:0x0eeefb7b x22=0x0eeefb7b
       41235000	      4024	800030c2	0605	c.addi	x12,1	 x12:0x0000000b x12=0x0000000c
       41245000	      4025	800030c4	8eb2	c.mv	x29,x12	  x0:0x00000000 x12:0x0000000c x29=0x0000000c
       41255000	      4026	800030c6	4d41	c.li	x26,16	 x26=0x00000010
       41265000	      4027	800030c8	01a65363	bge	x12,x26,800030ce	 x12:0x0000000c x26:0x00000010
       41275000	      4028	800030cc	b575	c.j	80002f78	
       41295000	      4030	80002f78	8676	c.mv	x12,x29	  x0:0x00000000 x29:0x0000000c x12=0x0000000c
       41305000	      4031	80002f7a	85b2	c.mv	x11,x12	  x0:0x00000000 x12:0x0000000c x11=0x0000000c
       41315000	      4032	80002f7c	4581	c.li	x11,0	 x11=0x00000000
       41325000	      4033	80002f7e	04b60f63	beq	x12,x11,80002fdc	 x12:0x0000000c x11:0x00000000
       41335000	      4034	80002f82	4585	c.li	x11,1	 x11=0x00000001
       41345000	      4035	80002f84	06b60163	beq	x12,x11,80002fe6	 x12:0x0000000c x11:0x00000001
       41355000	      4036	80002f88	4589	c.li	x11,2	 x11=0x00000002
       41365000	      4037	80002f8a	06b60363	beq	x12,x11,80002ff0	 x12:0x0000000c x11:0x00000002
       41375000	      4038	80002f8e	458d	c.li	x11,3	 x11=0x00000003
       41385000	      4039	80002f90	06b60563	beq	x12,x11,80002ffa	 x12:0x0000000c x11:0x00000003
       41395000	      4040	80002f94	4591	c.li	x11,4	 x11=0x00000004
       41405000	      4041	80002f96	06b60763	beq	x12,x11,80003004	 x12:0x0000000c x11:0x00000004
       41415000	      4042	80002f9a	4595	c.li	x11,5	 x11=0x00000005
       41425000	      4043	80002f9c	06b60963	beq	x12,x11,8000300e	 x12:0x0000000c x11:0x00000005
       41435000	      4044	80002fa0	4599	c.li	x11,6	 x11=0x00000006
       41445000	      4045	80002fa2	06b60b63	beq	x12,x11,80003018	 x12:0x0000000c x11:0x00000006
       41455000	      4046	80002fa6	459d	c.li	x11,7	 x11=0x00000007
       41465000	      4047	80002fa8	06b60d63	beq	x12,x11,80003022	 x12:0x0000000c x11:0x00000007
       41475000	      4048	80002fac	45a1	c.li	x11,8	 x11=0x00000008
       41485000	      4049	80002fae	06b60f63	beq	x12,x11,8000302c	 x12:0x0000000c x11:0x00000008
       41495000	      4050	80002fb2	45a5	c.li	x11,9	 x11=0x00000009
       41505000	      4051	80002fb4	08b60163	beq	x12,x11,80003036	 x12:0x0000000c x11:0x00000009
       41515000	      4052	80002fb8	45a9	c.li	x11,10	 x11=0x0000000a
       41525000	      4053	80002fba	08b60363	beq	x12,x11,80003040	 x12:0x0000000c x11:0x0000000a
       41535000	      4054	80002fbe	45ad	c.li	x11,11	 x11=0x0000000b
       41545000	      4055	80002fc0	08b60563	beq	x12,x11,8000304a	 x12:0x0000000c x11:0x0000000b
       41555000	      4056	80002fc4	45b1	c.li	x11,12	 x11=0x0000000c
       41565000	      4057	80002fc6	08b60763	beq	x12,x11,80003054	 x12:0x0000000c x11:0x0000000c
       41585000	      4059	80003054	3bc02d73	csrrs	x26,pmpaddr12,x0	  x0:0x00000000 x26=0x13333fc0
       41595000	      4060	80003058	3a302ff3	csrrs	x31,pmpcfg3,x0	  x0:0x00000000 x31=0x0f0f0f0f
       41605000	      4061	8000305c	a005	c.j	8000307c	
       41625000	      4063	8000307c	4e11	c.li	x28,4	 x28=0x00000004
       41635000	      4064	8000307e	01ee9613	slli	x12,x29,0x1e	 x29:0x0000000c x12=0x00000000
       41645000	      4065	80003082	8279	c.srli	x12,0x1e	 x12:0x00000000 x12=0x00000000
       41655000	      4066	80003084	40ce05b3	sub	x11,x28,x12	 x28:0x00000004 x12:0x00000000 x11=0x00000004
       41665000	      4067	80003088	15fd	c.addi	x11,-1	 x11:0x00000004 x11=0x00000003
       41675000	      4068	8000308a	058e	c.slli	x11,0x3	 x11:0x00000003 x11=0x00000018
       41685000	      4069	8000308c	00bf9e33	sll	x28,x31,x11	 x31:0x0f0f0f0f x11:0x00000018 x28=0x0f000000
       41695000	      4070	80003090	060e	c.slli	x12,0x3	 x12:0x00000000 x12=0x00000000
       41705000	      4071	80003092	95b2	c.add	x11,x12	 x11:0x00000018 x12:0x00000000 x11=0x00000018
       41715000	      4072	80003094	00be5e33	srl	x28,x28,x11	 x28:0x0f000000 x11:0x00000018 x28=0x0000000f
       41725000	      4073	80003098	01be1593	slli	x11,x28,0x1b	 x28:0x0000000f x11=0x78000000
       41735000	      4074	8000309c	81f9	c.srli	x11,0x1e	 x11:0x78000000 x11=0x00000001
       41745000	      4075	8000309e	c1b1	c.beqz	x11,800030e2	 x11:0x00000001
       41755000	      4076	800030a0	4605	c.li	x12,1	 x12=0x00000001
       41765000	      4077	800030a2	04c58163	beq	x11,x12,800030e4	 x11:0x00000001 x12:0x00000001
       41785000	      4079	800030e4	8676	c.mv	x12,x29	  x0:0x00000000 x29:0x0000000c x12=0x0000000c
       41795000	      4080	800030e6	343025f3	csrrs	x11,mtval,x0	  x0:0x00000000 x11=0xf924b8a2
       41805000	      4081	800030ea	8189	c.srli	x11,0x2	 x11:0xf924b8a2 x11=0x3e492e28
       41815000	      4082	800030ec	e601	c.bnez	x12,800030f4	 x12:0x0000000c
       41835000	      4084	800030f4	fd65e5e3	bltu	x11,x22,800030be	 x11:0x3e492e28 x22:0x0eeefb7b
       41845000	      4085	800030f8	fda5f3e3	bgeu	x11,x26,800030be	 x11:0x3e492e28 x26:0x13333fc0
       41865000	      4087	800030be	8676	c.mv	x12,x29	  x0:0x00000000 x29:0x0000000c x12=0x0000000c
       41875000	      4088	800030c0	8b6a	c.mv	x22,x26	  x0:0x00000000 x26:0x13333fc0 x22=0x13333fc0
       41885000	      4089	800030c2	0605	c.addi	x12,1	 x12:0x0000000c x12=0x0000000d
       41895000	      4090	800030c4	8eb2	c.mv	x29,x12	  x0:0x00000000 x12:0x0000000d x29=0x0000000d
       41905000	      4091	800030c6	4d41	c.li	x26,16	 x26=0x00000010
       41915000	      4092	800030c8	01a65363	bge	x12,x26,800030ce	 x12:0x0000000d x26:0x00000010
       41925000	      4093	800030cc	b575	c.j	80002f78	
       41945000	      4095	80002f78	8676	c.mv	x12,x29	  x0:0x00000000 x29:0x0000000d x12=0x0000000d
       41955000	      4096	80002f7a	85b2	c.mv	x11,x12	  x0:0x00000000 x12:0x0000000d x11=0x0000000d
       41965000	      4097	80002f7c	4581	c.li	x11,0	 x11=0x00000000
       41975000	      4098	80002f7e	04b60f63	beq	x12,x11,80002fdc	 x12:0x0000000d x11:0x00000000
       41985000	      4099	80002f82	4585	c.li	x11,1	 x11=0x00000001
       41995000	      4100	80002f84	06b60163	beq	x12,x11,80002fe6	 x12:0x0000000d x11:0x00000001
       42005000	      4101	80002f88	4589	c.li	x11,2	 x11=0x00000002
       42015000	      4102	80002f8a	06b60363	beq	x12,x11,80002ff0	 x12:0x0000000d x11:0x00000002
       42025000	      4103	80002f8e	458d	c.li	x11,3	 x11=0x00000003
       42035000	      4104	80002f90	06b60563	beq	x12,x11,80002ffa	 x12:0x0000000d x11:0x00000003
       42045000	      4105	80002f94	4591	c.li	x11,4	 x11=0x00000004
       42055000	      4106	80002f96	06b60763	beq	x12,x11,80003004	 x12:0x0000000d x11:0x00000004
       42065000	      4107	80002f9a	4595	c.li	x11,5	 x11=0x00000005
       42075000	      4108	80002f9c	06b60963	beq	x12,x11,8000300e	 x12:0x0000000d x11:0x00000005
       42085000	      4109	80002fa0	4599	c.li	x11,6	 x11=0x00000006
       42095000	      4110	80002fa2	06b60b63	beq	x12,x11,80003018	 x12:0x0000000d x11:0x00000006
       42105000	      4111	80002fa6	459d	c.li	x11,7	 x11=0x00000007
       42115000	      4112	80002fa8	06b60d63	beq	x12,x11,80003022	 x12:0x0000000d x11:0x00000007
       42125000	      4113	80002fac	45a1	c.li	x11,8	 x11=0x00000008
       42135000	      4114	80002fae	06b60f63	beq	x12,x11,8000302c	 x12:0x0000000d x11:0x00000008
       42145000	      4115	80002fb2	45a5	c.li	x11,9	 x11=0x00000009
       42155000	      4116	80002fb4	08b60163	beq	x12,x11,80003036	 x12:0x0000000d x11:0x00000009
       42165000	      4117	80002fb8	45a9	c.li	x11,10	 x11=0x0000000a
       42175000	      4118	80002fba	08b60363	beq	x12,x11,80003040	 x12:0x0000000d x11:0x0000000a
       42185000	      4119	80002fbe	45ad	c.li	x11,11	 x11=0x0000000b
       42195000	      4120	80002fc0	08b60563	beq	x12,x11,8000304a	 x12:0x0000000d x11:0x0000000b
       42205000	      4121	80002fc4	45b1	c.li	x11,12	 x11=0x0000000c
       42215000	      4122	80002fc6	08b60763	beq	x12,x11,80003054	 x12:0x0000000d x11:0x0000000c
       42225000	      4123	80002fca	45b5	c.li	x11,13	 x11=0x0000000d
       42235000	      4124	80002fcc	08b60963	beq	x12,x11,8000305e	 x12:0x0000000d x11:0x0000000d
       42265000	      4127	8000305e	3bd02d73	csrrs	x26,pmpaddr13,x0	  x0:0x00000000 x26=0x17778404
       42275000	      4128	80003062	3a302ff3	csrrs	x31,pmpcfg3,x0	  x0:0x00000000 x31=0x0f0f0f0f
       42285000	      4129	80003066	a819	c.j	8000307c	
       42305000	      4131	8000307c	4e11	c.li	x28,4	 x28=0x00000004
       42315000	      4132	8000307e	01ee9613	slli	x12,x29,0x1e	 x29:0x0000000d x12=0x40000000
       42325000	      4133	80003082	8279	c.srli	x12,0x1e	 x12:0x40000000 x12=0x00000001
       42335000	      4134	80003084	40ce05b3	sub	x11,x28,x12	 x28:0x00000004 x12:0x00000001 x11=0x00000003
       42345000	      4135	80003088	15fd	c.addi	x11,-1	 x11:0x00000003 x11=0x00000002
       42355000	      4136	8000308a	058e	c.slli	x11,0x3	 x11:0x00000002 x11=0x00000010
       42365000	      4137	8000308c	00bf9e33	sll	x28,x31,x11	 x31:0x0f0f0f0f x11:0x00000010 x28=0x0f0f0000
       42375000	      4138	80003090	060e	c.slli	x12,0x3	 x12:0x00000001 x12=0x00000008
       42385000	      4139	80003092	95b2	c.add	x11,x12	 x11:0x00000010 x12:0x00000008 x11=0x00000018
       42395000	      4140	80003094	00be5e33	srl	x28,x28,x11	 x28:0x0f0f0000 x11:0x00000018 x28=0x0000000f
       42405000	      4141	80003098	01be1593	slli	x11,x28,0x1b	 x28:0x0000000f x11=0x78000000
       42415000	      4142	8000309c	81f9	c.srli	x11,0x1e	 x11:0x78000000 x11=0x00000001
       42425000	      4143	8000309e	c1b1	c.beqz	x11,800030e2	 x11:0x00000001
       42435000	      4144	800030a0	4605	c.li	x12,1	 x12=0x00000001
       42445000	      4145	800030a2	04c58163	beq	x11,x12,800030e4	 x11:0x00000001 x12:0x00000001
       42465000	      4147	800030e4	8676	c.mv	x12,x29	  x0:0x00000000 x29:0x0000000d x12=0x0000000d
       42475000	      4148	800030e6	343025f3	csrrs	x11,mtval,x0	  x0:0x00000000 x11=0xf924b8a2
       42485000	      4149	800030ea	8189	c.srli	x11,0x2	 x11:0xf924b8a2 x11=0x3e492e28
       42495000	      4150	800030ec	e601	c.bnez	x12,800030f4	 x12:0x0000000d
       42515000	      4152	800030f4	fd65e5e3	bltu	x11,x22,800030be	 x11:0x3e492e28 x22:0x13333fc0
       42525000	      4153	800030f8	fda5f3e3	bgeu	x11,x26,800030be	 x11:0x3e492e28 x26:0x17778404
       42545000	      4155	800030be	8676	c.mv	x12,x29	  x0:0x00000000 x29:0x0000000d x12=0x0000000d
       42555000	      4156	800030c0	8b6a	c.mv	x22,x26	  x0:0x00000000 x26:0x17778404 x22=0x17778404
       42565000	      4157	800030c2	0605	c.addi	x12,1	 x12:0x0000000d x12=0x0000000e
       42575000	      4158	800030c4	8eb2	c.mv	x29,x12	  x0:0x00000000 x12:0x0000000e x29=0x0000000e
       42585000	      4159	800030c6	4d41	c.li	x26,16	 x26=0x00000010
       42595000	      4160	800030c8	01a65363	bge	x12,x26,800030ce	 x12:0x0000000e x26:0x00000010
       42605000	      4161	800030cc	b575	c.j	80002f78	
       42625000	      4163	80002f78	8676	c.mv	x12,x29	  x0:0x00000000 x29:0x0000000e x12=0x0000000e
       42635000	      4164	80002f7a	85b2	c.mv	x11,x12	  x0:0x00000000 x12:0x0000000e x11=0x0000000e
       42645000	      4165	80002f7c	4581	c.li	x11,0	 x11=0x00000000
       42655000	      4166	80002f7e	04b60f63	beq	x12,x11,80002fdc	 x12:0x0000000e x11:0x00000000
       42665000	      4167	80002f82	4585	c.li	x11,1	 x11=0x00000001
       42675000	      4168	80002f84	06b60163	beq	x12,x11,80002fe6	 x12:0x0000000e x11:0x00000001
       42685000	      4169	80002f88	4589	c.li	x11,2	 x11=0x00000002
       42695000	      4170	80002f8a	06b60363	beq	x12,x11,80002ff0	 x12:0x0000000e x11:0x00000002
       42705000	      4171	80002f8e	458d	c.li	x11,3	 x11=0x00000003
       42715000	      4172	80002f90	06b60563	beq	x12,x11,80002ffa	 x12:0x0000000e x11:0x00000003
       42725000	      4173	80002f94	4591	c.li	x11,4	 x11=0x00000004
       42735000	      4174	80002f96	06b60763	beq	x12,x11,80003004	 x12:0x0000000e x11:0x00000004
       42745000	      4175	80002f9a	4595	c.li	x11,5	 x11=0x00000005
       42755000	      4176	80002f9c	06b60963	beq	x12,x11,8000300e	 x12:0x0000000e x11:0x00000005
       42765000	      4177	80002fa0	4599	c.li	x11,6	 x11=0x00000006
       42775000	      4178	80002fa2	06b60b63	beq	x12,x11,80003018	 x12:0x0000000e x11:0x00000006
       42785000	      4179	80002fa6	459d	c.li	x11,7	 x11=0x00000007
       42795000	      4180	80002fa8	06b60d63	beq	x12,x11,80003022	 x12:0x0000000e x11:0x00000007
       42805000	      4181	80002fac	45a1	c.li	x11,8	 x11=0x00000008
       42815000	      4182	80002fae	06b60f63	beq	x12,x11,8000302c	 x12:0x0000000e x11:0x00000008
       42825000	      4183	80002fb2	45a5	c.li	x11,9	 x11=0x00000009
       42835000	      4184	80002fb4	08b60163	beq	x12,x11,80003036	 x12:0x0000000e x11:0x00000009
       42845000	      4185	80002fb8	45a9	c.li	x11,10	 x11=0x0000000a
       42855000	      4186	80002fba	08b60363	beq	x12,x11,80003040	 x12:0x0000000e x11:0x0000000a
       42865000	      4187	80002fbe	45ad	c.li	x11,11	 x11=0x0000000b
       42875000	      4188	80002fc0	08b60563	beq	x12,x11,8000304a	 x12:0x0000000e x11:0x0000000b
       42885000	      4189	80002fc4	45b1	c.li	x11,12	 x11=0x0000000c
       42895000	      4190	80002fc6	08b60763	beq	x12,x11,80003054	 x12:0x0000000e x11:0x0000000c
       42905000	      4191	80002fca	45b5	c.li	x11,13	 x11=0x0000000d
       42915000	      4192	80002fcc	08b60963	beq	x12,x11,8000305e	 x12:0x0000000e x11:0x0000000d
       42925000	      4193	80002fd0	45b9	c.li	x11,14	 x11=0x0000000e
       42935000	      4194	80002fd2	08b60b63	beq	x12,x11,80003068	 x12:0x0000000e x11:0x0000000e
       42955000	      4196	80003068	3be02d73	csrrs	x26,pmpaddr14,x0	  x0:0x00000000 x26=0x1bbbc848
       42965000	      4197	8000306c	3a302ff3	csrrs	x31,pmpcfg3,x0	  x0:0x00000000 x31=0x0f0f0f0f
       42975000	      4198	80003070	a031	c.j	8000307c	
       42995000	      4200	8000307c	4e11	c.li	x28,4	 x28=0x00000004
       43005000	      4201	8000307e	01ee9613	slli	x12,x29,0x1e	 x29:0x0000000e x12=0x80000000
       43015000	      4202	80003082	8279	c.srli	x12,0x1e	 x12:0x80000000 x12=0x00000002
       43025000	      4203	80003084	40ce05b3	sub	x11,x28,x12	 x28:0x00000004 x12:0x00000002 x11=0x00000002
       43035000	      4204	80003088	15fd	c.addi	x11,-1	 x11:0x00000002 x11=0x00000001
       43045000	      4205	8000308a	058e	c.slli	x11,0x3	 x11:0x00000001 x11=0x00000008
       43055000	      4206	8000308c	00bf9e33	sll	x28,x31,x11	 x31:0x0f0f0f0f x11:0x00000008 x28=0x0f0f0f00
       43065000	      4207	80003090	060e	c.slli	x12,0x3	 x12:0x00000002 x12=0x00000010
       43075000	      4208	80003092	95b2	c.add	x11,x12	 x11:0x00000008 x12:0x00000010 x11=0x00000018
       43085000	      4209	80003094	00be5e33	srl	x28,x28,x11	 x28:0x0f0f0f00 x11:0x00000018 x28=0x0000000f
       43095000	      4210	80003098	01be1593	slli	x11,x28,0x1b	 x28:0x0000000f x11=0x78000000
       43105000	      4211	8000309c	81f9	c.srli	x11,0x1e	 x11:0x78000000 x11=0x00000001
       43115000	      4212	8000309e	c1b1	c.beqz	x11,800030e2	 x11:0x00000001
       43125000	      4213	800030a0	4605	c.li	x12,1	 x12=0x00000001
       43135000	      4214	800030a2	04c58163	beq	x11,x12,800030e4	 x11:0x00000001 x12:0x00000001
       43155000	      4216	800030e4	8676	c.mv	x12,x29	  x0:0x00000000 x29:0x0000000e x12=0x0000000e
       43165000	      4217	800030e6	343025f3	csrrs	x11,mtval,x0	  x0:0x00000000 x11=0xf924b8a2
       43175000	      4218	800030ea	8189	c.srli	x11,0x2	 x11:0xf924b8a2 x11=0x3e492e28
       43185000	      4219	800030ec	e601	c.bnez	x12,800030f4	 x12:0x0000000e
       43205000	      4221	800030f4	fd65e5e3	bltu	x11,x22,800030be	 x11:0x3e492e28 x22:0x17778404
       43215000	      4222	800030f8	fda5f3e3	bgeu	x11,x26,800030be	 x11:0x3e492e28 x26:0x1bbbc848
       43235000	      4224	800030be	8676	c.mv	x12,x29	  x0:0x00000000 x29:0x0000000e x12=0x0000000e
       43245000	      4225	800030c0	8b6a	c.mv	x22,x26	  x0:0x00000000 x26:0x1bbbc848 x22=0x1bbbc848
       43255000	      4226	800030c2	0605	c.addi	x12,1	 x12:0x0000000e x12=0x0000000f
       43265000	      4227	800030c4	8eb2	c.mv	x29,x12	  x0:0x00000000 x12:0x0000000f x29=0x0000000f
       43275000	      4228	800030c6	4d41	c.li	x26,16	 x26=0x00000010
       43285000	      4229	800030c8	01a65363	bge	x12,x26,800030ce	 x12:0x0000000f x26:0x00000010
       43295000	      4230	800030cc	b575	c.j	80002f78	
       43315000	      4232	80002f78	8676	c.mv	x12,x29	  x0:0x00000000 x29:0x0000000f x12=0x0000000f
       43325000	      4233	80002f7a	85b2	c.mv	x11,x12	  x0:0x00000000 x12:0x0000000f x11=0x0000000f
       43335000	      4234	80002f7c	4581	c.li	x11,0	 x11=0x00000000
       43345000	      4235	80002f7e	04b60f63	beq	x12,x11,80002fdc	 x12:0x0000000f x11:0x00000000
       43355000	      4236	80002f82	4585	c.li	x11,1	 x11=0x00000001
       43365000	      4237	80002f84	06b60163	beq	x12,x11,80002fe6	 x12:0x0000000f x11:0x00000001
       43375000	      4238	80002f88	4589	c.li	x11,2	 x11=0x00000002
       43385000	      4239	80002f8a	06b60363	beq	x12,x11,80002ff0	 x12:0x0000000f x11:0x00000002
       43395000	      4240	80002f8e	458d	c.li	x11,3	 x11=0x00000003
       43405000	      4241	80002f90	06b60563	beq	x12,x11,80002ffa	 x12:0x0000000f x11:0x00000003
       43415000	      4242	80002f94	4591	c.li	x11,4	 x11=0x00000004
       43425000	      4243	80002f96	06b60763	beq	x12,x11,80003004	 x12:0x0000000f x11:0x00000004
       43435000	      4244	80002f9a	4595	c.li	x11,5	 x11=0x00000005
       43445000	      4245	80002f9c	06b60963	beq	x12,x11,8000300e	 x12:0x0000000f x11:0x00000005
       43455000	      4246	80002fa0	4599	c.li	x11,6	 x11=0x00000006
       43465000	      4247	80002fa2	06b60b63	beq	x12,x11,80003018	 x12:0x0000000f x11:0x00000006
       43475000	      4248	80002fa6	459d	c.li	x11,7	 x11=0x00000007
       43485000	      4249	80002fa8	06b60d63	beq	x12,x11,80003022	 x12:0x0000000f x11:0x00000007
       43495000	      4250	80002fac	45a1	c.li	x11,8	 x11=0x00000008
       43505000	      4251	80002fae	06b60f63	beq	x12,x11,8000302c	 x12:0x0000000f x11:0x00000008
       43515000	      4252	80002fb2	45a5	c.li	x11,9	 x11=0x00000009
       43525000	      4253	80002fb4	08b60163	beq	x12,x11,80003036	 x12:0x0000000f x11:0x00000009
       43535000	      4254	80002fb8	45a9	c.li	x11,10	 x11=0x0000000a
       43545000	      4255	80002fba	08b60363	beq	x12,x11,80003040	 x12:0x0000000f x11:0x0000000a
       43555000	      4256	80002fbe	45ad	c.li	x11,11	 x11=0x0000000b
       43565000	      4257	80002fc0	08b60563	beq	x12,x11,8000304a	 x12:0x0000000f x11:0x0000000b
       43575000	      4258	80002fc4	45b1	c.li	x11,12	 x11=0x0000000c
       43585000	      4259	80002fc6	08b60763	beq	x12,x11,80003054	 x12:0x0000000f x11:0x0000000c
       43595000	      4260	80002fca	45b5	c.li	x11,13	 x11=0x0000000d
       43605000	      4261	80002fcc	08b60963	beq	x12,x11,8000305e	 x12:0x0000000f x11:0x0000000d
       43615000	      4262	80002fd0	45b9	c.li	x11,14	 x11=0x0000000e
       43625000	      4263	80002fd2	08b60b63	beq	x12,x11,80003068	 x12:0x0000000f x11:0x0000000e
       43635000	      4264	80002fd6	45bd	c.li	x11,15	 x11=0x0000000f
       43645000	      4265	80002fd8	08b60d63	beq	x12,x11,80003072	 x12:0x0000000f x11:0x0000000f
       43675000	      4268	80003072	3bf02d73	csrrs	x26,pmpaddr15,x0	  x0:0x00000000 x26=0x20000c8c
       43685000	      4269	80003076	3a302ff3	csrrs	x31,pmpcfg3,x0	  x0:0x00000000 x31=0x0f0f0f0f
       43695000	      4270	8000307a	a009	c.j	8000307c	
       43715000	      4272	8000307c	4e11	c.li	x28,4	 x28=0x00000004
       43725000	      4273	8000307e	01ee9613	slli	x12,x29,0x1e	 x29:0x0000000f x12=0xc0000000
       43735000	      4274	80003082	8279	c.srli	x12,0x1e	 x12:0xc0000000 x12=0x00000003
       43745000	      4275	80003084	40ce05b3	sub	x11,x28,x12	 x28:0x00000004 x12:0x00000003 x11=0x00000001
       43755000	      4276	80003088	15fd	c.addi	x11,-1	 x11:0x00000001 x11=0x00000000
       43765000	      4277	8000308a	058e	c.slli	x11,0x3	 x11:0x00000000 x11=0x00000000
       43775000	      4278	8000308c	00bf9e33	sll	x28,x31,x11	 x31:0x0f0f0f0f x11:0x00000000 x28=0x0f0f0f0f
       43785000	      4279	80003090	060e	c.slli	x12,0x3	 x12:0x00000003 x12=0x00000018
       43795000	      4280	80003092	95b2	c.add	x11,x12	 x11:0x00000000 x12:0x00000018 x11=0x00000018
       43805000	      4281	80003094	00be5e33	srl	x28,x28,x11	 x28:0x0f0f0f0f x11:0x00000018 x28=0x0000000f
       43815000	      4282	80003098	01be1593	slli	x11,x28,0x1b	 x28:0x0000000f x11=0x78000000
       43825000	      4283	8000309c	81f9	c.srli	x11,0x1e	 x11:0x78000000 x11=0x00000001
       43835000	      4284	8000309e	c1b1	c.beqz	x11,800030e2	 x11:0x00000001
       43845000	      4285	800030a0	4605	c.li	x12,1	 x12=0x00000001
       43855000	      4286	800030a2	04c58163	beq	x11,x12,800030e4	 x11:0x00000001 x12:0x00000001
       43875000	      4288	800030e4	8676	c.mv	x12,x29	  x0:0x00000000 x29:0x0000000f x12=0x0000000f
       43885000	      4289	800030e6	343025f3	csrrs	x11,mtval,x0	  x0:0x00000000 x11=0xf924b8a2
       43895000	      4290	800030ea	8189	c.srli	x11,0x2	 x11:0xf924b8a2 x11=0x3e492e28
       43905000	      4291	800030ec	e601	c.bnez	x12,800030f4	 x12:0x0000000f
       43925000	      4293	800030f4	fd65e5e3	bltu	x11,x22,800030be	 x11:0x3e492e28 x22:0x1bbbc848
       43935000	      4294	800030f8	fda5f3e3	bgeu	x11,x26,800030be	 x11:0x3e492e28 x26:0x20000c8c
       43955000	      4296	800030be	8676	c.mv	x12,x29	  x0:0x00000000 x29:0x0000000f x12=0x0000000f
       43965000	      4297	800030c0	8b6a	c.mv	x22,x26	  x0:0x00000000 x26:0x20000c8c x22=0x20000c8c
       43975000	      4298	800030c2	0605	c.addi	x12,1	 x12:0x0000000f x12=0x00000010
       43985000	      4299	800030c4	8eb2	c.mv	x29,x12	  x0:0x00000000 x12:0x00000010 x29=0x00000010
       43995000	      4300	800030c6	4d41	c.li	x26,16	 x26=0x00000010
       44005000	      4301	800030c8	01a65363	bge	x12,x26,800030ce	 x12:0x00000010 x26:0x00000010
       44035000	      4304	800030ce	74702673	csrrs	x12,0x747,x0	  x0:0x00000000 x12=0x00000004
       44045000	      4305	800030d2	8a09	c.andi	x12,2	 x12:0x00000004 x12=0x00000000
       44055000	      4306	800030d4	e63d	c.bnez	x12,80003142	 x12:0x00000000
       44065000	      4307	800030d6	ffffd617	auipc	x12,0xffffd	 x12=0x800000d6
       44075000	      4308	800030da	28860613	addi	x12,x12,648	 x12:0x800000d6 x12=0x8000035e
       44085000	      4309	800030de	00060067	jalr	x0,0(x12)	 x12:0x8000035e  x0=0x00000000
       44115000	      4312	8000035e	90000d37	lui	x26,0x90000	 x26=0x90000000
       44125000	      4313	80000362	1d61	c.addi	x26,-8	 x26:0x90000000 x26=0x8ffffff8
       44135000	      4314	80000364	4601	c.li	x12,0	 x12=0x00000000
       44145000	      4315	80000366	0622	c.slli	x12,0x8	 x12:0x00000000 x12=0x00000000
       44155000	      4316	80000368	0605	c.addi	x12,1	 x12:0x00000000 x12=0x00000001
       44165000	      4317	8000036a	00cd2023	sw	x12,0(x26)	 x26:0x8ffffff8 x12:0x00000001 PA:0x8ffffff8 store:0x00000001 load:0x00000000
       44175000	      4318	8000036e	00000073	ecall	
       44205000	      4321	80002500	0800006f	jal	x0,80002580	  x0=0x00000000
       44225000	      4323	80002580	1f71	c.addi	x30,-4	 x30:0x8004bc60 x30=0x8004bc5c
       44235000	      4324	80002582	009f2023	sw	x9,0(x30)	 x30:0x8004bc5c  x9:0x8004bc60 PA:0x8004bc5c store:0x8004bc60 load:0x00000000
