Time	Cycle	PC	Insn	Decoded instruction	Register and memory contents
        2299000	        13	80000080	40001637	lui	x12,0x40001	 x12=0x40001000
        2319000	        14	80000084	10660613	addi	x12,x12,262	 x12:0x40001000 x12=0x40001106
        2759000	        36	80000088	30161073	csrrw	x0,misa,x12	 x12:0x40001106  x0=0x00000000
        2819000	        39	8000008c	0004cf17	auipc	x30,0x4c	 x30=0x8004c08c
        3139000	        55	80000090	c58f0f13	addi	x30,x30,-936	 x30:0x8004c08c x30=0x8004bce4
        3159000	        56	80000094	00002617	auipc	x12,0x2	 x12=0x80002094
        3179000	        57	80000098	46c60613	addi	x12,x12,1132	 x12:0x80002094 x12=0x80002500
        3199000	        58	8000009c	00166613	ori	x12,x12,1	 x12:0x80002500 x12=0x80002501
        3379000	        67	800000a0	30561073	csrrw	x0,mtvec,x12	 x12:0x80002501  x0=0x00000000
        3559000	        76	800000a4	74725073	csrrwi	x0,0x747,4	  x0=0x00000000
        3719000	        84	800000a8	00003597	auipc	x11,0x3	 x11=0x800030a8
        4139000	       105	800000ac	18c58593	addi	x11,x11,396	 x11:0x800030a8 x11=0x80003234
        4419000	       119	800000b0	4601	c.li	x12,0	 x12=0x00000000
        4439000	       120	800000b2	95b2	c.add	x11,x12	 x11:0x80003234 x12:0x00000000 x11=0x80003234
        4459000	       121	800000b4	8189	c.srli	x11,0x2	 x11:0x80003234 x11=0x20000c8d
        4479000	       122	800000b6	3b059073	csrrw	x0,pmpaddr0,x11	 x11:0x20000c8d  x0=0x00000000
        4539000	       125	800000ba	00003597	auipc	x11,0x3	 x11=0x800030ba
        4559000	       126	800000be	17a58593	addi	x11,x11,378	 x11:0x800030ba x11=0x80003234
        4819000	       139	800000c2	11111637	lui	x12,0x11111	 x12=0x11111000
        5239000	       160	800000c6	11160613	addi	x12,x12,273	 x12:0x11111000 x12=0x11111111
        5259000	       161	800000ca	95b2	c.add	x11,x12	 x11:0x80003234 x12:0x11111111 x11=0x91114345
        5659000	       181	800000cc	8189	c.srli	x11,0x2	 x11:0x91114345 x11=0x244450d1
        5679000	       182	800000ce	3b159073	csrrw	x0,pmpaddr1,x11	 x11:0x244450d1  x0=0x00000000
        5799000	       188	800000d2	00003597	auipc	x11,0x3	 x11=0x800030d2
        5819000	       189	800000d6	16258593	addi	x11,x11,354	 x11:0x800030d2 x11=0x80003234
        5839000	       190	800000da	22222637	lui	x12,0x22222	 x12=0x22222000
        5879000	       192	800000de	22260613	addi	x12,x12,546	 x12:0x22222000 x12=0x22222222
        5899000	       193	800000e2	95b2	c.add	x11,x12	 x11:0x80003234 x12:0x22222222 x11=0xa2225456
        6079000	       202	800000e4	8189	c.srli	x11,0x2	 x11:0xa2225456 x11=0x28889515
        6119000	       204	800000e6	3b259073	csrrw	x0,pmpaddr2,x11	 x11:0x28889515  x0=0x00000000
        6179000	       207	800000ea	00003597	auipc	x11,0x3	 x11=0x800030ea
        6199000	       208	800000ee	14a58593	addi	x11,x11,330	 x11:0x800030ea x11=0x80003234
        6359000	       216	800000f2	33333637	lui	x12,0x33333	 x12=0x33333000
        6779000	       237	800000f6	33360613	addi	x12,x12,819	 x12:0x33333000 x12=0x33333333
        6799000	       238	800000fa	95b2	c.add	x11,x12	 x11:0x80003234 x12:0x33333333 x11=0xb3336567
        6819000	       239	800000fc	8189	c.srli	x11,0x2	 x11:0xb3336567 x11=0x2cccd959
        6839000	       240	800000fe	3b359073	csrrw	x0,pmpaddr3,x11	 x11:0x2cccd959  x0=0x00000000
        6899000	       243	80000102	0f0f15b7	lui	x11,0xf0f1	 x11=0x0f0f1000
        6919000	       244	80000106	f0f58593	addi	x11,x11,-241	 x11:0x0f0f1000 x11=0x0f0f0f0f
        7039000	       250	8000010a	3a059073	csrrw	x0,pmpcfg0,x11	 x11:0x0f0f0f0f  x0=0x00000000
        7159000	       256	8000010e	00003597	auipc	x11,0x3	 x11=0x8000310e
        7579000	       277	80000112	12658593	addi	x11,x11,294	 x11:0x8000310e x11=0x80003234
        7679000	       282	80000116	44444637	lui	x12,0x44444	 x12=0x44444000
        7699000	       283	8000011a	44460613	addi	x12,x12,1092	 x12:0x44444000 x12=0x44444444
        7719000	       284	8000011e	95b2	c.add	x11,x12	 x11:0x80003234 x12:0x44444444 x11=0xc4447678
        8079000	       302	80000120	8189	c.srli	x11,0x2	 x11:0xc4447678 x11=0x31111d9e
        8279000	       312	80000122	3b459073	csrrw	x0,pmpaddr4,x11	 x11:0x31111d9e  x0=0x00000000
        8699000	       333	80000126	00003597	auipc	x11,0x3	 x11=0x80003126
        8719000	       334	8000012a	10e58593	addi	x11,x11,270	 x11:0x80003126 x11=0x80003234
        9139000	       355	8000012e	55555637	lui	x12,0x55555	 x12=0x55555000
        9159000	       356	80000132	55560613	addi	x12,x12,1365	 x12:0x55555000 x12=0x55555555
        9179000	       357	80000136	95b2	c.add	x11,x12	 x11:0x80003234 x12:0x55555555 x11=0xd5558789
        9199000	       358	80000138	8189	c.srli	x11,0x2	 x11:0xd5558789 x11=0x355561e2
        9359000	       366	8000013a	3b559073	csrrw	x0,pmpaddr5,x11	 x11:0x355561e2  x0=0x00000000
        9419000	       369	8000013e	00003597	auipc	x11,0x3	 x11=0x8000313e
        9439000	       370	80000142	0f658593	addi	x11,x11,246	 x11:0x8000313e x11=0x80003234
        9539000	       375	80000146	66666637	lui	x12,0x66666	 x12=0x66666000
        9959000	       396	8000014a	66660613	addi	x12,x12,1638	 x12:0x66666000 x12=0x66666666
        9979000	       397	8000014e	95b2	c.add	x11,x12	 x11:0x80003234 x12:0x66666666 x11=0xe666989a
        9999000	       398	80000150	8189	c.srli	x11,0x2	 x11:0xe666989a x11=0x3999a626
       10039000	       400	80000152	3b659073	csrrw	x0,pmpaddr6,x11	 x11:0x3999a626  x0=0x00000000
       10419000	       419	80000156	00003597	auipc	x11,0x3	 x11=0x80003156
       10819000	       439	8000015a	0de58593	addi	x11,x11,222	 x11:0x80003156 x11=0x80003234
       10919000	       444	8000015e	77777637	lui	x12,0x77777	 x12=0x77777000
       11339000	       465	80000162	77760613	addi	x12,x12,1911	 x12:0x77777000 x12=0x77777777
       11359000	       466	80000166	95b2	c.add	x11,x12	 x11:0x80003234 x12:0x77777777 x11=0xf777a9ab
       11379000	       467	80000168	8189	c.srli	x11,0x2	 x11:0xf777a9ab x11=0x3dddea6a
       11399000	       468	8000016a	3b759073	csrrw	x0,pmpaddr7,x11	 x11:0x3dddea6a  x0=0x00000000
       11819000	       489	8000016e	0f0f15b7	lui	x11,0xf0f1	 x11=0x0f0f1000
       11839000	       490	80000172	f0f58593	addi	x11,x11,-241	 x11:0x0f0f1000 x11=0x0f0f0f0f
       11859000	       491	80000176	3a159073	csrrw	x0,pmpcfg1,x11	 x11:0x0f0f0f0f  x0=0x00000000
       11919000	       494	8000017a	00003597	auipc	x11,0x3	 x11=0x8000317a
       11939000	       495	8000017e	0ba58593	addi	x11,x11,186	 x11:0x8000317a x11=0x80003234
       12319000	       514	80000182	88889637	lui	x12,0x88889	 x12=0x88889000
       12419000	       519	80000186	88860613	addi	x12,x12,-1912	 x12:0x88889000 x12=0x88888888
       12439000	       520	8000018a	95b2	c.add	x11,x12	 x11:0x80003234 x12:0x88888888 x11=0x0888babc
       12459000	       521	8000018c	8189	c.srli	x11,0x2	 x11:0x0888babc x11=0x02222eaf
       12559000	       526	8000018e	3b859073	csrrw	x0,pmpaddr8,x11	 x11:0x02222eaf  x0=0x00000000
       12979000	       547	80000192	00003597	auipc	x11,0x3	 x11=0x80003192
       12999000	       548	80000196	0a258593	addi	x11,x11,162	 x11:0x80003192 x11=0x80003234
       13019000	       549	8000019a	9999a637	lui	x12,0x9999a	 x12=0x9999a000
       13119000	       554	8000019e	99960613	addi	x12,x12,-1639	 x12:0x9999a000 x12=0x99999999
       13139000	       555	800001a2	95b2	c.add	x11,x12	 x11:0x80003234 x12:0x99999999 x11=0x1999cbcd
       13159000	       556	800001a4	8189	c.srli	x11,0x2	 x11:0x1999cbcd x11=0x066672f3
       13579000	       577	800001a6	3b959073	csrrw	x0,pmpaddr9,x11	 x11:0x066672f3  x0=0x00000000
       13639000	       580	800001aa	00003597	auipc	x11,0x3	 x11=0x800031aa
       13659000	       581	800001ae	08a58593	addi	x11,x11,138	 x11:0x800031aa x11=0x80003234
       13899000	       593	800001b2	aaaab637	lui	x12,0xaaaab	 x12=0xaaaab000
       13919000	       594	800001b6	aaa60613	addi	x12,x12,-1366	 x12:0xaaaab000 x12=0xaaaaaaaa
       13939000	       595	800001ba	95b2	c.add	x11,x12	 x11:0x80003234 x12:0xaaaaaaaa x11=0x2aaadcde
       13959000	       596	800001bc	8189	c.srli	x11,0x2	 x11:0x2aaadcde x11=0x0aaab737
       13979000	       597	800001be	3ba59073	csrrw	x0,pmpaddr10,x11	 x11:0x0aaab737  x0=0x00000000
       14039000	       600	800001c2	00003597	auipc	x11,0x3	 x11=0x800031c2
       14179000	       607	800001c6	07258593	addi	x11,x11,114	 x11:0x800031c2 x11=0x80003234
       14359000	       616	800001ca	bbbbc637	lui	x12,0xbbbbc	 x12=0xbbbbc000
       14539000	       625	800001ce	bbb60613	addi	x12,x12,-1093	 x12:0xbbbbc000 x12=0xbbbbbbbb
       14559000	       626	800001d2	95b2	c.add	x11,x12	 x11:0x80003234 x12:0xbbbbbbbb x11=0x3bbbedef
       14599000	       628	800001d4	8189	c.srli	x11,0x2	 x11:0x3bbbedef x11=0x0eeefb7b
       14679000	       632	800001d6	3bb59073	csrrw	x0,pmpaddr11,x11	 x11:0x0eeefb7b  x0=0x00000000
       14779000	       637	800001da	0f0f15b7	lui	x11,0xf0f1	 x11=0x0f0f1000
       15079000	       652	800001de	f0f58593	addi	x11,x11,-241	 x11:0x0f0f1000 x11=0x0f0f0f0f
       15319000	       664	800001e2	3a259073	csrrw	x0,pmpcfg2,x11	 x11:0x0f0f0f0f  x0=0x00000000
       15379000	       667	800001e6	00003597	auipc	x11,0x3	 x11=0x800031e6
       15399000	       668	800001ea	04e58593	addi	x11,x11,78	 x11:0x800031e6 x11=0x80003234
       15419000	       669	800001ee	ccccd637	lui	x12,0xccccd	 x12=0xccccd000
       15439000	       670	800001f2	ccc60613	addi	x12,x12,-820	 x12:0xccccd000 x12=0xcccccccc
       15459000	       671	800001f6	95b2	c.add	x11,x12	 x11:0x80003234 x12:0xcccccccc x11=0x4cccff00
       15559000	       676	800001f8	8189	c.srli	x11,0x2	 x11:0x4cccff00 x11=0x13333fc0
       15679000	       682	800001fa	3bc59073	csrrw	x0,pmpaddr12,x11	 x11:0x13333fc0  x0=0x00000000
       15759000	       686	800001fe	00003597	auipc	x11,0x3	 x11=0x800031fe
       15779000	       687	80000202	03658593	addi	x11,x11,54	 x11:0x800031fe x11=0x80003234
       15959000	       696	80000206	dddde637	lui	x12,0xdddde	 x12=0xdddde000
       16019000	       699	8000020a	ddd60613	addi	x12,x12,-547	 x12:0xdddde000 x12=0xdddddddd
       16039000	       700	8000020e	95b2	c.add	x11,x12	 x11:0x80003234 x12:0xdddddddd x11=0x5dde1011
       16059000	       701	80000210	8189	c.srli	x11,0x2	 x11:0x5dde1011 x11=0x17778404
       16079000	       702	80000212	3bd59073	csrrw	x0,pmpaddr13,x11	 x11:0x17778404  x0=0x00000000
       16479000	       722	80000216	00003597	auipc	x11,0x3	 x11=0x80003216
       16619000	       729	8000021a	01e58593	addi	x11,x11,30	 x11:0x80003216 x11=0x80003234
       16979000	       747	8000021e	eeeef637	lui	x12,0xeeeef	 x12=0xeeeef000
       17099000	       753	80000222	eee60613	addi	x12,x12,-274	 x12:0xeeeef000 x12=0xeeeeeeee
       17119000	       754	80000226	95b2	c.add	x11,x12	 x11:0x80003234 x12:0xeeeeeeee x11=0x6eef2122
       17519000	       774	80000228	8189	c.srli	x11,0x2	 x11:0x6eef2122 x11=0x1bbbc848
       17539000	       775	8000022a	3be59073	csrrw	x0,pmpaddr14,x11	 x11:0x1bbbc848  x0=0x00000000
       17899000	       793	8000022e	00003597	auipc	x11,0x3	 x11=0x8000322e
       17919000	       794	80000232	00658593	addi	x11,x11,6	 x11:0x8000322e x11=0x80003234
       18039000	       800	80000236	fff00613	addi	x12,x0,-1	  x0:0x00000000 x12=0xffffffff
       18059000	       801	8000023a	95b2	c.add	x11,x12	 x11:0x80003234 x12:0xffffffff x11=0x80003233
       18079000	       802	8000023c	8189	c.srli	x11,0x2	 x11:0x80003233 x11=0x20000c8c
       18099000	       803	8000023e	3bf59073	csrrw	x0,pmpaddr15,x11	 x11:0x20000c8c  x0=0x00000000
       18159000	       806	80000242	0f0f15b7	lui	x11,0xf0f1	 x11=0x0f0f1000
       18179000	       807	80000246	f0f58593	addi	x11,x11,-241	 x11:0x0f0f1000 x11=0x0f0f0f0f
       18319000	       814	8000024a	3a359073	csrrw	x0,pmpcfg3,x11	 x11:0x0f0f0f0f  x0=0x00000000
       18419000	       819	8000024e	00000617	auipc	x12,0x0	 x12=0x8000024e
       18439000	       820	80000252	06060613	addi	x12,x12,96	 x12:0x8000024e x12=0x800002ae
       18459000	       821	80000256	34161073	csrrw	x0,mepc,x12	 x12:0x800002ae  x0=0x00000000
       18759000	       836	8000025a	7c00d073	csrrwi	x0,0x7c0,1	  x0=0x00000000
       18819000	       839	8000025e	4601	c.li	x12,0	 x12=0x00000000
       19179000	       857	80000260	30061073	csrrw	x0,mstatus,x12	 x12:0x00000000  x0=0x00000000
       19239000	       860	80000264	4601	c.li	x12,0	 x12=0x00000000
       19259000	       861	80000266	30461073	csrrw	x0,mie,x12	 x12:0x00000000  x0=0x00000000
       19319000	       864	8000026a	90000d37	lui	x26,0x90000	 x26=0x90000000
       19339000	       865	8000026e	1d71	c.addi	x26,-4	 x26:0x90000000 x26=0x8ffffffc
       19359000	       866	80000270	90000d37	lui	x26,0x90000	 x26=0x90000000
       19379000	       867	80000274	1d71	c.addi	x26,-4	 x26:0x90000000 x26=0x8ffffffc
       19399000	       868	80000276	90000d37	lui	x26,0x90000	 x26=0x90000000
       19419000	       869	8000027a	1d71	c.addi	x26,-4	 x26:0x90000000 x26=0x8ffffffc
       19499000	       873	8000027c	30000613	addi	x12,x0,768	  x0:0x00000000 x12=0x00000300
       19679000	       882	80000280	0622	c.slli	x12,0x8	 x12:0x00000300 x12=0x00030000
       19699000	       883	80000282	060d	c.addi	x12,3	 x12:0x00030000 x12=0x00030003
       19759000	       886	80000284	00cd2023	sw	x12,0(x26)	 x26:0x8ffffffc x12:0x00030003 PA:0x8ffffffc store:0x00030003 load:0xffffffff
       19779000	       887	80000288	30002673	csrrs	x12,mstatus,x0	  x0:0x00000000 x12=0x00000000
       20159000	       906	8000028c	00cd2023	sw	x12,0(x26)	 x26:0x8ffffffc x12:0x00000000 PA:0x8ffffffc store:0x00000000 load:0xffffffff
       20299000	       913	80000290	90000d37	lui	x26,0x90000	 x26=0x90000000
       20319000	       914	80000294	1d71	c.addi	x26,-4	 x26:0x90000000 x26=0x8ffffffc
       20339000	       915	80000296	30400613	addi	x12,x0,772	  x0:0x00000000 x12=0x00000304
       20359000	       916	8000029a	0622	c.slli	x12,0x8	 x12:0x00000304 x12=0x00030400
       20379000	       917	8000029c	060d	c.addi	x12,3	 x12:0x00030400 x12=0x00030403
       20879000	       942	8000029e	00cd2023	sw	x12,0(x26)	 x26:0x8ffffffc x12:0x00030403 PA:0x8ffffffc store:0x00030403 load:0xffffffff
       20899000	       943	800002a2	30402673	csrrs	x12,mie,x0	  x0:0x00000000 x12=0x00000000
       21099000	       953	800002a6	00cd2023	sw	x12,0(x26)	 x26:0x8ffffffc x12:0x00000000 PA:0x8ffffffc store:0x00000000 load:0xffffffff
       21119000	       954	800002aa	30200073	mret	
       21199000	       958	800002ae	00300013	addi	x0,x0,3	  x0:0x00000000  x0=0x00000000
       21219000	       959	800002b2	4099	c.li	x1,6	  x1=0x00000006
       21239000	       960	800002b4	cf4b5137	lui	x2,0xcf4b5	  x2=0xcf4b5000
       21279000	       962	800002b8	e8e10113	addi	x2,x2,-370	  x2:0xcf4b5000  x2=0xcf4b4e8e
       21299000	       963	800002bc	4181	c.li	x3,0	  x3=0x00000000
       22039000	      1000	800002be	ed36d237	lui	x4,0xed36d	  x4=0xed36d000
       22459000	      1021	800002c2	41220213	addi	x4,x4,1042	  x4:0xed36d000  x4=0xed36d412
       22479000	      1022	800002c6	1b5082b7	lui	x5,0x1b508	  x5=0x1b508000
       22539000	      1025	800002ca	9c028293	addi	x5,x5,-1600	  x5:0x1b508000  x5=0x1b5079c0
       22599000	      1028	800002ce	ff61d337	lui	x6,0xff61d	  x6=0xff61d000
       22619000	      1029	800002d2	cf830313	addi	x6,x6,-776	  x6:0xff61d000  x6=0xff61ccf8
       22679000	      1032	800002d6	800003b7	lui	x7,0x80000	  x7=0x80000000
       22959000	      1046	800002da	f7434437	lui	x8,0xf7434	  x8=0xf7434000
       23099000	      1053	800002de	bf540413	addi	x8,x8,-1035	  x8:0xf7434000  x8=0xf7433bf5
       23419000	      1069	800002e2	80000537	lui	x10,0x80000	 x10=0x80000000
       23439000	      1070	800002e6	894eb5b7	lui	x11,0x894eb	 x11=0x894eb000
       23739000	      1085	800002ea	cb458593	addi	x11,x11,-844	 x11:0x894eb000 x11=0x894eacb4
       23759000	      1086	800002ee	4615	c.li	x12,5	 x12=0x00000005
       23779000	      1087	800002f0	c8c3c6b7	lui	x13,0xc8c3c	 x13=0xc8c3c000
       23819000	      1089	800002f4	5f768693	addi	x13,x13,1527	 x13:0xc8c3c000 x13=0xc8c3c5f7
       31339000	      1465	800002f8	4739	c.li	x14,14	 x14=0x0000000e
       31359000	      1466	800002fa	4795	c.li	x15,5	 x15=0x00000005
       31379000	      1467	800002fc	4829	c.li	x16,10	 x16=0x0000000a
       31399000	      1468	800002fe	f777f8b7	lui	x17,0xf777f	 x17=0xf777f000
       31419000	      1469	80000302	63d88893	addi	x17,x17,1597	 x17:0xf777f000 x17=0xf777f63d
       31439000	      1470	80000306	4901	c.li	x18,0	 x18=0x00000000
       31459000	      1471	80000308	f7f7a9b7	lui	x19,0xf7f7a	 x19=0xf7f7a000
       31699000	      1483	8000030c	0e598993	addi	x19,x19,229	 x19:0xf7f7a000 x19=0xf7f7a0e5
       31819000	      1489	80000310	f264ca37	lui	x20,0xf264c	 x20=0xf264c000
       31939000	      1495	80000314	ecda0a13	addi	x20,x20,-307	 x20:0xf264c000 x20=0xf264becd
       32039000	      1500	80000318	4a81	c.li	x21,0	 x21=0x00000000
       32059000	      1501	8000031a	fc680b37	lui	x22,0xfc680	 x22=0xfc680000
       32479000	      1522	8000031e	801b0b13	addi	x22,x22,-2047	 x22:0xfc680000 x22=0xfc67f801
       32499000	      1523	80000322	4b81	c.li	x23,0	 x23=0x00000000
       32519000	      1524	80000324	4c09	c.li	x24,2	 x24=0x00000002
       32659000	      1531	80000326	81b7fcb7	lui	x25,0x81b7f	 x25=0x81b7f000
       32799000	      1538	8000032a	6bdc8c93	addi	x25,x25,1725	 x25:0x81b7f000 x25=0x81b7f6bd
       32979000	      1547	8000032e	80000d37	lui	x26,0x80000	 x26=0x80000000
       32999000	      1548	80000332	4da5	c.li	x27,9	 x27=0x00000009
       33019000	      1549	80000334	4e01	c.li	x28,0	 x28=0x00000000
       33039000	      1550	80000336	4ea9	c.li	x29,10	 x29=0x0000000a
       33419000	      1569	80000338	fe7effb7	lui	x31,0xfe7ef	 x31=0xfe7ef000
       33459000	      1571	8000033c	8c7f8f93	addi	x31,x31,-1849	 x31:0xfe7ef000 x31=0xfe7ee8c7
       33719000	      1584	80000340	00048497	auipc	x9,0x48	  x9=0x80048340
       34139000	      1605	80000344	b2448493	addi	x9,x9,-1244	  x9:0x80048340  x9=0x80047e64
       34159000	      1606	80000348	90000d37	lui	x26,0x90000	 x26=0x90000000
       34179000	      1607	8000034c	1d71	c.addi	x26,-4	 x26:0x90000000 x26=0x8ffffffc
       34199000	      1608	8000034e	4601	c.li	x12,0	 x12=0x00000000
       34299000	      1613	80000350	0622	c.slli	x12,0x8	 x12:0x00000000 x12=0x00000000
       34639000	      1630	80000352	00060613	addi	x12,x12,0	 x12:0x00000000 x12=0x00000000
       34899000	      1643	80000356	00cd2023	sw	x12,0(x26)	 x26:0x8ffffffc x12:0x00000000 PA:0x8ffffffc store:0x00000000 load:0xffffffff
       34939000	      1645	8000035a	6db0206f	jal	x0,80003234	  x0=0x00000000
       36239000	      1710	80003234	0002fe97	auipc	x29,0x2f	 x29=0x80032234
       36459000	      1721	80003238	e14e8e93	addi	x29,x29,-492	 x29:0x80032234 x29=0x80032048
       36479000	      1722	8000323c	34e9ed37	lui	x26,0x34e9e	 x26=0x34e9e000
       36499000	      1723	80003240	9eea	c.add	x29,x26	 x29:0x80032048 x26:0x34e9e000 x29=0xb4ed0048
       37019000	      1749	80003242	ec1e8fa3	sb	x1,-289(x29)	 x29:0xb4ed0048  x1:0x00000006 PA:0xb4ecff27 store:0x00000006 load:0x000000ff
       37099000	      1753	80003246	a03e8da3	sb	x3,-1509(x29)	 x29:0xb4ed0048  x3:0x00000000 PA:0xb4ecfa63 store:0x00000000 load:0x000000ff
       37119000	      1754	8000324a	464e8aa3	sb	x4,1141(x29)	 x29:0xb4ed0048  x4:0xed36d412 PA:0xb4ed04bd store:0xed36d412 load:0x000000ff
       37159000	      1756	8000324e	205e9923	sh	x5,530(x29)	 x29:0xb4ed0048  x5:0x1b5079c0 PA:0xb4ed025a store:0x1b5079c0 load:0x0000ffff
       37299000	      1763	80003252	b66e8a23	sb	x6,-1164(x29)	 x29:0xb4ed0048  x6:0xff61ccf8 PA:0xb4ecfbbc store:0xff61ccf8 load:0x000000ff
       37319000	      1764	80003256	974a	c.add	x14,x18	 x14:0x0000000e x18:0x00000000 x14=0x0000000e
       37479000	      1772	80003258	e1fe8ea3	sb	x31,-483(x29)	 x29:0xb4ed0048 x31:0xfe7ee8c7 PA:0xb4ecfe65 store:0xfe7ee8c7 load:0x000000ff
       37499000	      1773	8000325c	98c74193	xori	x3,x14,-1652	 x14:0x0000000e  x3=0xfffff982
       37539000	      1775	80003260	03153e33	mulhu	x28,x10,x17	 x10:0x80000000 x17:0xf777f63d x28=0x7bbbfb1e
       37699000	      1783	80003264	edfeca83	lbu	x21,-289(x29)	 x29:0xb4ed0048 x21=0x00000006 PA:0xb4ecff27 load:0x00000006
       37719000	      1784	80003268	61f3ae13	slti	x28,x7,1567	  x7:0x80000000 x28=0x00000001
       38339000	      1815	8000326c	017e8923	sb	x23,18(x29)	 x29:0xb4ed0048 x23:0x00000000 PA:0xb4ed005a store:0x00000000 load:0x000000ff
       38359000	      1816	80003270	fbed2a13	slti	x20,x26,-66	 x26:0x34e9e000 x20=0x00000000
       38399000	      1818	80003274	02602833	mulhsu	x16,x0,x6	  x0:0x00000000  x6:0xff61ccf8 x16=0x00000000
       38459000	      1821	80003278	8afe	c.mv	x21,x31	  x0:0x00000000 x31:0xfe7ee8c7 x21=0xfe7ee8c7
       38839000	      1840	8000327a	a1bec303	lbu	x6,-1509(x29)	 x29:0xb4ed0048  x6=0x00000000 PA:0xb4ecfa63 load:0x00000000
       38859000	      1841	8000327e	b7b8ab13	slti	x22,x17,-1157	 x17:0xf777f63d x22=0x00000001
       38879000	      1842	80003282	bae3f837	lui	x16,0xbae3f	 x16=0xbae3f000
       39279000	      1862	80003286	475e8783	lb	x15,1141(x29)	 x29:0xb4ed0048 x15=0x00000012 PA:0xb4ed04bd load:0x00000012
       39299000	      1863	8000328a	212ed603	lhu	x12,530(x29)	 x29:0xb4ed0048 x12=0x000079c0 PA:0xb4ed025a load:0x000079c0
       39719000	      1884	8000328e	b74ec503	lbu	x10,-1164(x29)	 x29:0xb4ed0048 x10=0x000000f8 PA:0xb4ecfbbc load:0x000000f8
       39739000	      1885	80003292	00030817	auipc	x16,0x30	 x16=0x80033292
       39759000	      1886	80003296	be180813	addi	x16,x16,-1055	 x16:0x80033292 x16=0x80032e73
       39919000	      1894	8000329a	03c84003	lbu	x0,60(x16)	 x16:0x80032e73  x0=0x00000000 PA:0x80032eaf load:0x00000000
       39979000	      1897	8000329e	00981303	lh	x6,9(x16)	 x16:0x80032e73  x6=0x00000000 PA:0x80032e7c load:0x00000000
       40019000	      1899	800032a2	0289b533	mulhu	x10,x19,x8	 x19:0xf7f7a0e5  x8:0xf7433bf5 x10=0xef810c1f
       40039000	      1900	800032a6	8e72	c.mv	x28,x28	  x0:0x00000000 x28:0x00000001 x28=0x00000001
       40079000	      1902	800032a8	0325e533	rem	x10,x11,x18	 x11:0x894eacb4 x18:0x00000000 x10=0x894eacb4
       40339000	      1915	800032ac	fc680003	lb	x0,-58(x16)	 x16:0x80032e73  x0=0x00000000 PA:0x80032e39 load:0x00000000
       40359000	      1916	800032b0	01105c13	srli	x24,x0,0x11	  x0:0x00000000 x24=0x00000000
       40579000	      1927	800032b4	01385183	lhu	x3,19(x16)	 x16:0x80032e73  x3=0x00000000 PA:0x80032e86 load:0x00000000
       40739000	      1935	800032b8	00684383	lbu	x7,6(x16)	 x16:0x80032e73  x7=0x00000000 PA:0x80032e79 load:0x00000000
       40979000	      1947	800032bc	03084083	lbu	x1,48(x16)	 x16:0x80032e73  x1=0x00000000 PA:0x80032ea3 load:0x00000000
       41279000	      1962	800032c0	fd284203	lbu	x4,-46(x16)	 x16:0x80032e73  x4=0x00000000 PA:0x80032e45 load:0x00000000
       41379000	      1967	800032c4	fe985a03	lhu	x20,-23(x16)	 x16:0x80032e73 x20=0x00000000 PA:0x80032e5c load:0x00000000
       41399000	      1968	800032c8	9c85a693	slti	x13,x11,-1592	 x11:0x894eacb4 x13=0x00000001
       41559000	      1976	800032cc	ffa804a3	sb	x26,-23(x16)	 x16:0x80032e73 x26:0x34e9e000 PA:0x80032e5c store:0x34e9e000 load:0x000000ff
       41579000	      1977	800032d0	01880203	lb	x4,24(x16)	 x16:0x80032e73  x4=0x00000000 PA:0x80032e8b load:0x00000000
       41779000	      1987	800032d4	fdb81403	lh	x8,-37(x16)	 x16:0x80032e73  x8=0x00000000 PA:0x80032e4e load:0x00000000
       41799000	      1988	800032d8	41d5da13	srai	x20,x11,0x1d	 x11:0x894eacb4 x20=0xfffffffc
       41999000	      1998	800032dc	03080003	lb	x0,48(x16)	 x16:0x80032e73  x0=0x00000000 PA:0x80032ea3 load:0x00000000
       42019000	      1999	800032e0	0002fd17	auipc	x26,0x2f	 x26=0x800322e0
       42039000	      2000	800032e4	361d0d13	addi	x26,x26,865	 x26:0x800322e0 x26=0x80032641
       42359000	      2016	800032e8	9afd	c.andi	x13,-1	 x13:0x00000001 x13=0x00000001
       42379000	      2017	800032ea	48f2ab37	lui	x22,0x48f2a	 x22=0x48f2a000
       42619000	      2029	800032ee	fe7d0ea3	sb	x7,-3(x26)	 x26:0x80032641  x7:0x00000000 PA:0x8003263e store:0x00000000 load:0x000000ff
       42659000	      2031	800032f2	022c99b3	mulh	x19,x25,x2	 x25:0x81b7f6bd  x2:0xcf4b4e8e x19=0x1806a3eb
       42839000	      2040	800032f6	001d02a3	sb	x1,5(x26)	 x26:0x80032641  x1:0x00000000 PA:0x80032646 store:0x00000000 load:0x000000ff
       42859000	      2041	800032fa	402bd633	sra	x12,x23,x2	 x23:0x00000000  x2:0xcf4b4e8e x12=0x00000000
       43119000	      2054	800032fe	0166c8b3	xor	x17,x13,x22	 x13:0x00000001 x22:0x48f2a000 x17=0x48f2a001
       43239000	      2060	80003302	008d0323	sb	x8,6(x26)	 x26:0x80032641  x8:0x00000000 PA:0x80032647 store:0x00000000 load:0x000000ff
       43759000	      2086	80003306	00fd5e83	lhu	x29,15(x26)	 x26:0x80032641 x29=0x00000000 PA:0x80032650 load:0x00000000
       43779000	      2087	8000330a	022586b3	mul	x13,x11,x2	 x11:0x894eacb4  x2:0xcf4b4e8e x13=0x46fea3d8
       43839000	      2090	8000330e	00cd0183	lb	x3,12(x26)	 x26:0x80032641  x3=0x00000000 PA:0x8003264d load:0x00000000
       43919000	      2094	80003312	007d27a3	sw	x7,15(x26)	 x26:0x80032641  x7:0x00000000 PA:0x80032650 store:0x00000000 load:0xffffffff
       43959000	      2096	80003316	02a51ab3	mulh	x21,x10,x10	 x10:0x894eacb4 x10:0x894eacb4 x21=0x3707f39e
       43979000	      2097	8000331a	8f7d	c.and	x14,x15	 x14:0x0000000e x15:0x00000012 x14=0x00000002
       43999000	      2098	8000331c	8c29	c.xor	x8,x10	  x8:0x00000000 x10:0x894eacb4  x8=0x894eacb4
       44019000	      2099	8000331e	717d	c.addi16sp	x2,-16	  x2:0xcf4b4e8e  x2=0xcf4b4e7e
       44179000	      2107	80003320	40f887b3	sub	x15,x17,x15	 x17:0x48f2a001 x15:0x00000012 x15=0x48f29fef
       44199000	      2108	80003324	00f28e33	add	x28,x5,x15	  x5:0x1b5079c0 x15:0x48f29fef x28=0x644319af
       44219000	      2109	80003328	0566	c.slli	x10,0x19	 x10:0x894eacb4 x10=0x68000000
       44339000	      2115	8000332a	ff7d1a83	lh	x21,-9(x26)	 x26:0x80032641 x21=0x00000000 PA:0x80032638 load:0x00000000
       44359000	      2116	8000332e	00331413	slli	x8,x6,0x3	  x6:0x00000000  x8=0x00000000
       44419000	      2119	80003332	94f83613	sltiu	x12,x16,-1713	 x16:0x80032e73 x12=0x00000001
       44519000	      2124	80003336	00bd4403	lbu	x8,11(x26)	 x26:0x80032641  x8=0x00000000 PA:0x8003264c load:0x00000000
       44539000	      2125	8000333a	01619db3	sll	x27,x3,x22	  x3:0x00000000 x22:0x48f2a000 x27=0x00000000
       44879000	      2142	8000333e	fe1d0fa3	sb	x1,-1(x26)	 x26:0x80032641  x1:0x00000000 PA:0x80032640 store:0x00000000 load:0x000000ff
       44899000	      2143	80003342	717d	c.addi16sp	x2,-16	  x2:0xcf4b4e7e  x2=0xcf4b4e6e
       44919000	      2144	80003344	801d	c.srli	x8,0x7	  x8:0x00000000  x8=0x00000000
       45379000	      2167	80003346	ffed0f83	lb	x31,-2(x26)	 x26:0x80032641 x31=0x00000000 PA:0x8003263f load:0x00000000
       45399000	      2168	8000334a	f9a67d93	andi	x27,x12,-102	 x12:0x00000001 x27=0x00000000
       45459000	      2171	8000334e	ff2d0503	lb	x10,-14(x26)	 x26:0x80032641 x10=0x00000000 PA:0x80032633 load:0x00000000
       45479000	      2172	80003352	8441	c.srai	x8,0x10	  x8:0x00000000  x8=0x00000000
       45499000	      2173	80003354	0183cfb3	xor	x31,x7,x24	  x7:0x00000000 x24:0x00000000 x31=0x00000000
       45559000	      2176	80003358	002d06a3	sb	x2,13(x26)	 x26:0x80032641  x2:0xcf4b4e6e PA:0x8003264e store:0xcf4b4e6e load:0x000000ff
       45719000	      2184	8000335c	0238e7b3	rem	x15,x17,x3	 x17:0x48f2a001  x3:0x00000000 x15=0x48f2a001
       45899000	      2193	80003360	00fec233	xor	x4,x29,x15	 x29:0x00000000 x15:0x48f2a001  x4=0x48f2a001
       45919000	      2194	80003364	01423eb3	sltu	x29,x4,x20	  x4:0x48f2a001 x20:0xfffffffc x29=0x00000001
       45999000	      2198	80003368	01ad0423	sb	x26,8(x26)	 x26:0x80032641 x26:0x80032641 PA:0x80032649 store:0x80032641 load:0x000000ff
       46039000	      2200	8000336c	032edfb3	divu	x31,x29,x18	 x29:0x00000001 x18:0x00000000 x31=0xffffffff
       46359000	      2216	80003370	0001	c.addi	x0,0	  x0:0x00000000  x0=0x00000000
       46379000	      2217	80003372	8fa9	c.xor	x15,x10	 x15:0x48f2a001 x10:0x00000000 x15=0x48f2a001
       46719000	      2234	80003374	007d0b83	lb	x23,7(x26)	 x26:0x80032641 x23=0x00000000 PA:0x80032648 load:0x00000000
       46739000	      2235	80003378	00032197	auipc	x3,0x32	  x3=0x80035378
       46759000	      2236	8000337c	a9e18193	addi	x3,x3,-1378	  x3:0x80035378  x3=0x80034e16
       46839000	      2240	80003380	0026aeb3	slt	x29,x13,x2	 x13:0x46fea3d8  x2:0xcf4b4e6e x29=0x00000000
       47239000	      2260	80003384	8c31	c.xor	x8,x12	  x8:0x00000000 x12:0x00000001  x8=0x00000001
       47459000	      2271	80003386	ffb1c603	lbu	x12,-5(x3)	  x3:0x80034e16 x12=0x00000000 PA:0x80034e11 load:0x00000000
       47479000	      2272	8000338a	4069d8b3	sra	x17,x19,x6	 x19:0x1806a3eb  x6:0x00000000 x17=0x1806a3eb
       47519000	      2274	8000338e	00718983	lb	x19,7(x3)	  x3:0x80034e16 x19=0x00000000 PA:0x80034e1d load:0x00000000
       47539000	      2275	80003392	fe91ab23	sw	x9,-10(x3)	  x3:0x80034e16  x9:0x80047e64 PA:0x80034e0c store:0x80047e64 load:0xffffffff
       47859000	      2291	80003396	00c1d603	lhu	x12,12(x3)	  x3:0x80034e16 x12=0x00000000 PA:0x80034e22 load:0x00000000
       47879000	      2292	8000339a	982e	c.add	x16,x11	 x16:0x80032e73 x11:0x894eacb4 x16=0x0951db27
       47899000	      2293	8000339c	03f2	c.slli	x7,0x1c	  x7:0x00000000  x7=0x00000000
       47919000	      2294	8000339e	00f400b3	add	x1,x8,x15	  x8:0x00000001 x15:0x48f2a001  x1=0x48f2a002
       47939000	      2295	800033a2	8c31	c.xor	x8,x12	  x8:0x00000001 x12:0x00000000  x8=0x00000001
       48779000	      2337	800033a4	02e2f7b3	remu	x15,x5,x14	  x5:0x1b5079c0 x14:0x00000002 x15=0x00000000
       48959000	      2346	800033a8	011180a3	sb	x17,1(x3)	  x3:0x80034e16 x17:0x1806a3eb PA:0x80034e17 store:0x1806a3eb load:0x000000ff
       49359000	      2366	800033ac	ff61c003	lbu	x0,-10(x3)	  x3:0x80034e16  x0=0x00000000 PA:0x80034e0c load:0x00000064
       49619000	      2379	800033b0	00e181a3	sb	x14,3(x3)	  x3:0x80034e16 x14:0x00000002 PA:0x80034e19 store:0x00000002 load:0x000000ff
       50359000	      2416	800033b4	030440b3	div	x1,x8,x16	  x8:0x00000001 x16:0x0951db27  x1=0x00000000
       50519000	      2424	800033b8	ff618003	lb	x0,-10(x3)	  x3:0x80034e16  x0=0x00000000 PA:0x80034e0c load:0x00000064
       50899000	      2443	800033bc	ff419d23	sh	x20,-6(x3)	  x3:0x80034e16 x20:0xfffffffc PA:0x80034e10 store:0xfffffffc load:0x0000ffff
       50959000	      2446	800033c0	ff41dd03	lhu	x26,-12(x3)	  x3:0x80034e16 x26=0x00000000 PA:0x80034e0a load:0x00000000
       50979000	      2447	800033c4	faae2e93	slti	x29,x28,-86	 x28:0x644319af x29=0x00000000
       50999000	      2448	800033c8	0091ca83	lbu	x21,9(x3)	  x3:0x80034e16 x21=0x00000000 PA:0x80034e1f load:0x00000000
       51039000	      2450	800033cc	ffa1dc83	lhu	x25,-6(x3)	  x3:0x80034e16 x25=0x0000fffc PA:0x80034e10 load:0x0000fffc
       51079000	      2452	800033d0	03b05733	divu	x14,x0,x27	  x0:0x00000000 x27:0x00000000 x14=0xffffffff
       51139000	      2455	800033d4	ff518da3	sb	x21,-5(x3)	  x3:0x80034e16 x21:0x00000000 PA:0x80034e11 store:0x00000000 load:0x000000ff
       51259000	      2461	800033d8	03af5933	divu	x18,x30,x26	 x30:0x8004bce4 x26:0x00000000 x18=0xffffffff
       51279000	      2462	800033dc	2c890c93	addi	x25,x18,712	 x18:0xffffffff x25=0x000002c7
       51399000	      2468	800033e0	00e1aa83	lw	x21,14(x3)	  x3:0x80034e16 x21=0x00000000 PA:0x80034e24 load:0x00000000
       51419000	      2469	800033e4	0002f117	auipc	x2,0x2f	  x2=0x800323e4
       51579000	      2477	800033e8	17910113	addi	x2,x2,377	  x2:0x800323e4  x2=0x8003255d
       51759000	      2486	800033ec	8c3d	c.xor	x8,x15	  x8:0x00000001 x15:0x00000000  x8=0x00000001
       52439000	      2520	800033ee	fc914783	lbu	x15,-55(x2)	  x2:0x8003255d x15=0x00000000 PA:0x80032526 load:0x00000000
       52499000	      2523	800033f2	026127a3	sw	x6,47(x2)	  x2:0x8003255d  x6:0x00000000 PA:0x8003258c store:0x00000000 load:0xffffffff
       52599000	      2528	800033f6	02f14003	lbu	x0,47(x2)	  x2:0x8003255d  x0=0x00000000 PA:0x8003258c load:0x00000000
       52759000	      2536	800033fa	032107a3	sb	x18,47(x2)	  x2:0x8003255d x18:0xffffffff PA:0x8003258c store:0xffffffff load:0x000000ff
       52779000	      2537	800033fe	02f10083	lb	x1,47(x2)	  x2:0x8003255d  x1=0xffffffff PA:0x8003258c load:0xffffffff
       52799000	      2538	80003402	032107a3	sb	x18,47(x2)	  x2:0x8003255d x18:0xffffffff PA:0x8003258c store:0xffffffff load:0x000000ff
       52819000	      2539	80003406	8d5d	c.or	x10,x15	 x10:0x00000000 x15:0x00000000 x10=0x00000000
       52999000	      2548	80003408	02f11283	lh	x5,47(x2)	  x2:0x8003255d  x5=0x000000ff PA:0x8003258c load:0x000000ff
       53019000	      2549	8000340c	0ed5	c.addi	x29,21	 x29:0x00000000 x29=0x00000015
       53099000	      2553	8000340e	001f28b3	slt	x17,x30,x1	 x30:0x8004bce4  x1:0xffffffff x17=0x00000001
       53279000	      2562	80003412	029117a3	sh	x9,47(x2)	  x2:0x8003255d  x9:0x80047e64 PA:0x8003258c store:0x80047e64 load:0x0000ffff
       53299000	      2563	80003416	56fd	c.li	x13,-1	 x13=0xffffffff
       53499000	      2573	80003418	02f14283	lbu	x5,47(x2)	  x2:0x8003255d  x5=0x00000064 PA:0x8003258c load:0x00000064
       53519000	      2574	8000341c	0001	c.addi	x0,0	  x0:0x00000000  x0=0x00000000
       53539000	      2575	8000341e	02b10723	sb	x11,46(x2)	  x2:0x8003255d x11:0x894eacb4 PA:0x8003258b store:0x894eacb4 load:0x000000ff
       53559000	      2576	80003422	0002f997	auipc	x19,0x2f	 x19=0x80032422
       53619000	      2579	80003426	10d98993	addi	x19,x19,269	 x19:0x80032422 x19=0x8003252f
       53639000	      2580	8000342a	ac9b4293	xori	x5,x22,-1335	 x22:0x48f2a000  x5=0xb70d5ac9
       53699000	      2583	8000342e	fed99aa3	sh	x13,-11(x19)	 x19:0x8003252f x13:0xffffffff PA:0x80032524 store:0xffffffff load:0x0000ffff
       54199000	      2608	80003432	ff598503	lb	x10,-11(x19)	 x19:0x8003252f x10=0xffffffff PA:0x80032524 load:0xffffffff
       54259000	      2611	80003436	01198323	sb	x17,6(x19)	 x19:0x8003252f x17:0x00000001 PA:0x80032535 store:0x00000001 load:0x000000ff
       54279000	      2612	8000343a	00698803	lb	x16,6(x19)	 x19:0x8003252f x16=0x00000001 PA:0x80032535 load:0x00000001
       54699000	      2633	8000343e	00698803	lb	x16,6(x19)	 x19:0x8003252f x16=0x00000001 PA:0x80032535 load:0x00000001
       54759000	      2636	80003442	01398323	sb	x19,6(x19)	 x19:0x8003252f x19:0x8003252f PA:0x80032535 store:0x8003252f load:0x000000ff
       54779000	      2637	80003446	8e61	c.and	x12,x8	 x12:0x00000000  x8:0x00000001 x12=0x00000000
       54999000	      2648	80003448	00698683	lb	x13,6(x19)	 x19:0x8003252f x13=0x0000002f PA:0x80032535 load:0x0000002f
       55019000	      2649	8000344c	ff49aea3	sw	x20,-3(x19)	 x19:0x8003252f x20:0xfffffffc PA:0x8003252c store:0xfffffffc load:0xffffffff
       55039000	      2650	80003450	ff198ea3	sb	x17,-3(x19)	 x19:0x8003252f x17:0x00000001 PA:0x8003252c store:0x00000001 load:0x000000ff
       55059000	      2651	80003454	ffd9a203	lw	x4,-3(x19)	 x19:0x8003252f  x4=0xffffff01 PA:0x8003252c load:0xffffff01
       55459000	      2671	80003458	ffd9cb83	lbu	x23,-3(x19)	 x19:0x8003252f x23=0x00000001 PA:0x8003252c load:0x00000001
       55839000	      2690	8000345c	ff898ea3	sb	x24,-3(x19)	 x19:0x8003252f x24:0x00000000 PA:0x8003252c store:0x00000000 load:0x000000ff
       55979000	      2697	80003460	ffd9d283	lhu	x5,-3(x19)	 x19:0x8003252f  x5=0x0000ff00 PA:0x8003252c load:0x0000ff00
       56039000	      2700	80003464	ffd9af83	lw	x31,-3(x19)	 x19:0x8003252f x31=0xffffff00 PA:0x8003252c load:0xffffff00
       56059000	      2701	80003468	ffd9d183	lhu	x3,-3(x19)	 x19:0x8003252f  x3=0x0000ff00 PA:0x8003252c load:0x0000ff00
       56479000	      2722	8000346c	ffd99683	lh	x13,-3(x19)	 x19:0x8003252f x13=0xffffff00 PA:0x8003252c load:0xffffff00
       56699000	      2733	80003470	ffd9ce83	lbu	x29,-3(x19)	 x19:0x8003252f x29=0x00000000 PA:0x8003252c load:0x00000000
       56759000	      2736	80003474	ff698ea3	sb	x22,-3(x19)	 x19:0x8003252f x22:0x48f2a000 PA:0x8003252c store:0x48f2a000 load:0x000000ff
       56779000	      2737	80003478	00033197	auipc	x3,0x33	  x3=0x80036478
       56799000	      2738	8000347c	10618193	addi	x3,x3,262	  x3:0x80036478  x3=0x8003657e
       57299000	      2763	80003480	03f19e23	sh	x31,60(x3)	  x3:0x8003657e x31:0xffffff00 PA:0x800365ba store:0xffffff00 load:0x0000ffff
       57359000	      2766	80003484	03c18903	lb	x18,60(x3)	  x3:0x8003657e x18=0x00000000 PA:0x800365ba load:0x00000000
       57759000	      2786	80003488	02418e23	sb	x4,60(x3)	  x3:0x8003657e  x4:0xffffff01 PA:0x800365ba store:0xffffff01 load:0x000000ff
       57959000	      2796	8000348c	03918883	lb	x17,57(x3)	  x3:0x8003657e x17=0x00000000 PA:0x800365b7 load:0x00000000
       58419000	      2819	80003490	02e18ca3	sb	x14,57(x3)	  x3:0x8003657e x14:0xffffffff PA:0x800365b7 store:0xffffffff load:0x000000ff
       58679000	      2832	80003494	03918983	lb	x19,57(x3)	  x3:0x8003657e x19=0xffffffff PA:0x800365b7 load:0xffffffff
       58899000	      2843	80003498	fc41d103	lhu	x2,-60(x3)	  x3:0x8003657e  x2=0x00000000 PA:0x80036542 load:0x00000000
       66619000	      3229	8000349c	02d13bb3	mulhu	x23,x2,x13	  x2:0x00000000 x13:0xffffff00 x23=0x00000000
       66679000	      3232	800034a0	fc419803	lh	x16,-60(x3)	  x3:0x8003657e x16=0x00000000 PA:0x80036542 load:0x00000000
       66699000	      3233	800034a4	fc418a83	lb	x21,-60(x3)	  x3:0x8003657e x21=0x00000000 PA:0x80036542 load:0x00000000
       66719000	      3234	800034a8	0001	c.addi	x0,0	  x0:0x00000000  x0=0x00000000
       66999000	      3248	800034aa	fd219b83	lh	x23,-46(x3)	  x3:0x8003657e x23=0x00000000 PA:0x80036550 load:0x00000000
       67419000	      3269	800034ae	fd419923	sh	x20,-46(x3)	  x3:0x8003657e x20:0xfffffffc PA:0x80036550 store:0xfffffffc load:0x0000ffff
       67439000	      3270	800034b2	1bfd	c.addi	x23,-1	 x23:0x00000000 x23=0xffffffff
       67899000	      3293	800034b4	03e18ba3	sb	x30,55(x3)	  x3:0x8003657e x30:0x8004bce4 PA:0x800365b5 store:0x8004bce4 load:0x000000ff
       67959000	      3296	800034b8	0371cf83	lbu	x31,55(x3)	  x3:0x8003657e x31=0x000000e4 PA:0x800365b5 load:0x000000e4
       67979000	      3297	800034bc	03018ba3	sb	x16,55(x3)	  x3:0x8003657e x16:0x00000000 PA:0x800365b5 store:0x00000000 load:0x000000ff
       68139000	      3305	800034c0	03518ba3	sb	x21,55(x3)	  x3:0x8003657e x21:0x00000000 PA:0x800365b5 store:0x00000000 load:0x000000ff
       68199000	      3308	800034c4	03718f83	lb	x31,55(x3)	  x3:0x8003657e x31=0x00000000 PA:0x800365b5 load:0x00000000
       68219000	      3309	800034c8	010d16b3	sll	x13,x26,x16	 x26:0x00000000 x16:0x00000000 x13=0x00000000
       68239000	      3310	800034cc	03618ba3	sb	x22,55(x3)	  x3:0x8003657e x22:0x48f2a000 PA:0x800365b5 store:0x48f2a000 load:0x000000ff
       68499000	      3323	800034d0	0002fe17	auipc	x28,0x2f	 x28=0x800324d0
       68519000	      3324	800034d4	090e0e13	addi	x28,x28,144	 x28:0x800324d0 x28=0x80032560
       68679000	      3332	800034d8	817d	c.srli	x10,0x1f	 x10:0xffffffff x10=0x00000001
       68699000	      3333	800034da	6ec9f713	andi	x14,x19,1772	 x19:0xffffffff x14=0x000006ec
       68799000	      3338	800034de	ff5e4803	lbu	x16,-11(x28)	 x28:0x80032560 x16=0x00000000 PA:0x80032555 load:0x00000000
       68959000	      3346	800034e2	ff2e1c03	lh	x24,-14(x28)	 x28:0x80032560 x24=0x00000000 PA:0x80032552 load:0x00000000
       68999000	      3348	800034e6	3aebce97	auipc	x29,0x3aebc	 x29=0xbaebf4e6
       69019000	      3349	800034ea	003fd0b3	srl	x1,x31,x3	 x31:0x00000000  x3:0x8003657e  x1=0x00000000
       69179000	      3357	800034ee	015e1323	sh	x21,6(x28)	 x28:0x80032560 x21:0x00000000 PA:0x80032566 store:0x00000000 load:0x0000ffff
       69579000	      3377	800034f2	015e0423	sb	x21,8(x28)	 x28:0x80032560 x21:0x00000000 PA:0x80032568 store:0x00000000 load:0x000000ff
       69599000	      3378	800034f6	4a7e2f97	auipc	x31,0x4a7e2	 x31=0xca7e54f6
       69799000	      3388	800034fa	005e0823	sb	x5,16(x28)	 x28:0x80032560  x5:0x0000ff00 PA:0x80032570 store:0x0000ff00 load:0x000000ff
       70139000	      3405	800034fe	019e0323	sb	x25,6(x28)	 x28:0x80032560 x25:0x000002c7 PA:0x80032566 store:0x000002c7 load:0x000000ff
       70199000	      3408	80003502	ff3e4c83	lbu	x25,-13(x28)	 x28:0x80032560 x25=0x00000000 PA:0x80032553 load:0x00000000
       70619000	      3429	80003506	ff3e4603	lbu	x12,-13(x28)	 x28:0x80032560 x12=0x00000000 PA:0x80032553 load:0x00000000
       70819000	      3439	8000350a	fffe4983	lbu	x19,-1(x28)	 x28:0x80032560 x19=0x00000000 PA:0x8003255f load:0x00000000
       70879000	      3442	8000350e	fffe0003	lb	x0,-1(x28)	 x28:0x80032560  x0=0x00000000 PA:0x8003255f load:0x00000000
       70999000	      3448	80003512	ffae1783	lh	x15,-6(x28)	 x28:0x80032560 x15=0x00000000 PA:0x8003255a load:0x00000000
       71059000	      3451	80003516	00fe0a03	lb	x20,15(x28)	 x28:0x80032560 x20=0x00000000 PA:0x8003256f load:0x00000000
       71079000	      3452	8000351a	0ff0000f	fence	iorw,iorw	
       71279000	      3462	8000351e	00fe0503	lb	x10,15(x28)	 x28:0x80032560 x10=0x00000000 PA:0x8003256f load:0x00000000
       71359000	      3466	80003522	00fe0383	lb	x7,15(x28)	 x28:0x80032560  x7=0x00000000 PA:0x8003256f load:0x00000000
       71379000	      3467	80003526	01ce07a3	sb	x28,15(x28)	 x28:0x80032560 x28:0x80032560 PA:0x8003256f store:0x80032560 load:0x000000ff
       71419000	      3469	8000352a	01ce07a3	sb	x28,15(x28)	 x28:0x80032560 x28:0x80032560 PA:0x8003256f store:0x80032560 load:0x000000ff
       71879000	      3492	8000352e	ff6e0203	lb	x4,-10(x28)	 x28:0x80032560  x4=0x00000000 PA:0x80032556 load:0x00000000
       71899000	      3493	80003532	0002fa17	auipc	x20,0x2f	 x20=0x80032532
       71919000	      3494	80003536	b16a0a13	addi	x20,x20,-1258	 x20:0x80032532 x20=0x80032048
       71939000	      3495	8000353a	12108637	lui	x12,0x12108	 x12=0x12108000
       71959000	      3496	8000353e	9a32	c.add	x20,x12	 x20:0x80032048 x12:0x12108000 x20=0x9213a048
       72339000	      3515	80003540	a20a01a3	sb	x0,-1501(x20)	 x20:0x9213a048  x0:0x00000000 PA:0x92139a6b store:0x00000000 load:0x000000ff
       72359000	      3516	80003544	e61a03a3	sb	x1,-409(x20)	 x20:0x9213a048  x1:0x00000000 PA:0x92139eaf store:0x00000000 load:0x000000ff
       72379000	      3517	80003548	be3a06a3	sb	x3,-1043(x20)	 x20:0x9213a048  x3:0x8003657e PA:0x92139c35 store:0x8003657e load:0x000000ff
       72799000	      3538	8000354c	564a0fa3	sb	x4,1407(x20)	 x20:0x9213a048  x4:0x00000000 PA:0x9213a5c7 store:0x00000000 load:0x000000ff
       72819000	      3539	80003550	0001	c.addi	x0,0	  x0:0x00000000  x0=0x00000000
       73559000	      3576	80003552	029e5433	divu	x8,x28,x9	 x28:0x80032560  x9:0x80047e64  x8=0x00000000
       73599000	      3578	80003556	0324abb3	mulhsu	x23,x9,x18	  x9:0x80047e64 x18:0x00000000 x23=0x00000000
       73659000	      3581	8000355a	a23a0f83	lb	x31,-1501(x20)	 x20:0x9213a048 x31=0x00000000 PA:0x92139a6b load:0x00000000
       74079000	      3602	8000355e	e67a0083	lb	x1,-409(x20)	 x20:0x9213a048  x1=0x00000000 PA:0x92139eaf load:0x00000000
       74099000	      3603	80003562	1794	c.addi4spn	x13,x2,992	 x13=0x000003e0
       74219000	      3609	80003564	8eaa1723	sh	x10,-1810(x20)	 x20:0x9213a048 x10:0x00000000 PA:0x92139936 store:0x00000000 load:0x0000ffff
       74279000	      3612	80003568	beda0183	lb	x3,-1043(x20)	 x20:0x9213a048  x3=0x0000007e PA:0x92139c35 load:0x0000007e
       74299000	      3613	8000356c	98de	c.add	x17,x23	 x17:0x00000000 x23:0x00000000 x17=0x00000000
       74319000	      3614	8000356e	00d7c133	xor	x2,x15,x13	 x15:0x00000000 x13:0x000003e0  x2=0x000003e0
       74779000	      3637	80003572	57fa4f83	lbu	x31,1407(x20)	 x20:0x9213a048 x31=0x00000000 PA:0x9213a5c7 load:0x00000000
       74799000	      3638	80003576	00034697	auipc	x13,0x34	 x13=0x80037576
       74819000	      3639	8000357a	83768693	addi	x13,x13,-1993	 x13:0x80037576 x13=0x80036dad
       75199000	      3658	8000357e	f776a5a3	sw	x23,-149(x13)	 x13:0x80036dad x23:0x00000000 PA:0x80036d18 store:0x00000000 load:0xffffffff
       75219000	      3659	80003582	0002fd17	auipc	x26,0x2f	 x26=0x80032582
       75239000	      3660	80003586	24fd0d13	addi	x26,x26,591	 x26:0x80032582 x26=0x800327d1
       75299000	      3663	8000358a	01dd0923	sb	x29,18(x26)	 x26:0x800327d1 x29:0xbaebf4e6 PA:0x800327e3 store:0xbaebf4e6 load:0x000000ff
       75319000	      3664	8000358e	f0868783	lb	x15,-248(x13)	 x13:0x80036dad x15=0x00000000 PA:0x80036cb5 load:0x00000000
       75699000	      3683	80003592	f736d283	lhu	x5,-141(x13)	 x13:0x80036dad  x5=0x00000000 PA:0x80036d20 load:0x00000000
       76179000	      3707	80003596	f2668803	lb	x16,-218(x13)	 x13:0x80036dad x16=0x00000000 PA:0x80036cd3 load:0x00000000
       76639000	      3730	8000359a	fe1d0183	lb	x3,-31(x26)	 x26:0x800327d1  x3=0x00000000 PA:0x800327b2 load:0x00000000
       76699000	      3733	8000359e	031d4883	lbu	x17,49(x26)	 x26:0x800327d1 x17=0x00000000 PA:0x80032802 load:0x00000000
       76719000	      3734	800035a2	039d5f83	lhu	x31,57(x26)	 x26:0x800327d1 x31=0x00000000 PA:0x8003280a load:0x00000000
       76939000	      3745	800035a6	0ea6c983	lbu	x19,234(x13)	 x13:0x80036dad x19=0x00000000 PA:0x80036e97 load:0x00000000
       77159000	      3756	800035aa	fedd4b83	lbu	x23,-19(x26)	 x26:0x800327d1 x23=0x00000000 PA:0x800327be load:0x00000000
       77439000	      3770	800035ae	01968b83	lb	x23,25(x13)	 x13:0x80036dad x23=0x00000000 PA:0x80036dc6 load:0x00000000
       77499000	      3773	800035b2	0c569f83	lh	x31,197(x13)	 x13:0x80036dad x31=0x00000000 PA:0x80036e72 load:0x00000000
       77519000	      3774	800035b6	02668603	lb	x12,38(x13)	 x13:0x80036dad x12=0x00000000 PA:0x80036dd3 load:0x00000000
       77679000	      3782	800035ba	01ad0b83	lb	x23,26(x26)	 x26:0x800327d1 x23=0x00000000 PA:0x800327eb load:0x00000000
       77699000	      3783	800035be	fc969c03	lh	x24,-55(x13)	 x13:0x80036dad x24=0x00000000 PA:0x80036d76 load:0x00000000
       77939000	      3795	800035c2	fc9d4183	lbu	x3,-55(x26)	 x26:0x800327d1  x3=0x00000000 PA:0x8003279a load:0x00000000
       77959000	      3796	800035c6	08f6a383	lw	x7,143(x13)	 x13:0x80036dad  x7=0x00000000 PA:0x80036e3c load:0x00000000
       77979000	      3797	800035ca	033d2b83	lw	x23,51(x26)	 x26:0x800327d1 x23=0x00000000 PA:0x80032804 load:0x00000000
       77999000	      3798	800035ce	0002f117	auipc	x2,0x2f	  x2=0x800325ce
       78019000	      3799	800035d2	a7a10113	addi	x2,x2,-1414	  x2:0x800325ce  x2=0x80032048
       78039000	      3800	800035d6	43855d37	lui	x26,0x43855	 x26=0x43855000
       78059000	      3801	800035da	916a	c.add	x2,x26	  x2:0x80032048 x26:0x43855000  x2=0xc3887048
       78119000	      3804	800035dc	ae111523	sh	x1,-1302(x2)	  x2:0xc3887048  x1:0x00000000 PA:0xc3886b32 store:0x00000000 load:0x0000ffff
       78139000	      3805	800035e0	42311323	sh	x3,1062(x2)	  x2:0xc3887048  x3:0x00000000 PA:0xc388746e store:0x00000000 load:0x0000ffff
       78159000	      3806	800035e4	ca4106a3	sb	x4,-851(x2)	  x2:0xc3887048  x4:0x00000000 PA:0xc3886cf5 store:0x00000000 load:0x000000ff
       78359000	      3816	800035e8	705106a3	sb	x5,1805(x2)	  x2:0xc3887048  x5:0x00000000 PA:0xc3887755 store:0x00000000 load:0x000000ff
       78379000	      3817	800035ec	f66100a3	sb	x6,-159(x2)	  x2:0xc3887048  x6:0x00000000 PA:0xc3886fa9 store:0x00000000 load:0x000000ff
       78419000	      3819	800035f0	019c6633	or	x12,x24,x25	 x24:0x00000000 x25:0x00000000 x12=0x00000000
       78619000	      3829	800035f4	01aec433	xor	x8,x29,x26	 x29:0xbaebf4e6 x26:0x43855000  x8=0xf96ea4e6
       78679000	      3832	800035f8	a3c11723	sh	x28,-1490(x2)	  x2:0xc3887048 x28:0x80032560 PA:0xc3886a76 store:0x80032560 load:0x0000ffff
       78699000	      3833	800035fc	aea11203	lh	x4,-1302(x2)	  x2:0xc3887048  x4=0x00000000 PA:0xc3886b32 load:0x00000000
       78719000	      3834	80003600	a46abd13	sltiu	x26,x21,-1466	 x21:0x00000000 x26=0x00000001
       79059000	      3851	80003604	e6410323	sb	x4,-410(x2)	  x2:0xc3887048  x4:0x00000000 PA:0xc3886eae store:0x00000000 load:0x000000ff
       79239000	      3860	80003608	42611e83	lh	x29,1062(x2)	  x2:0xc3887048 x29=0x00000000 PA:0xc388746e load:0x00000000
       79339000	      3865	8000360c	cad10b83	lb	x23,-851(x2)	  x2:0xc3887048 x23=0x00000000 PA:0xc3886cf5 load:0x00000000
       79359000	      3866	80003610	00e97bb3	and	x23,x18,x14	 x18:0x00000000 x14:0x000006ec x23=0x00000000
       79379000	      3867	80003614	056a	c.slli	x10,0x1a	 x10:0x00000000 x10=0x00000000
       79779000	      3887	80003616	70d14683	lbu	x13,1805(x2)	  x2:0xc3887048 x13=0x00000000 PA:0xc3887755 load:0x00000000
       79799000	      3888	8000361a	41008433	sub	x8,x1,x16	  x1:0x00000000 x16:0x00000000  x8=0x00000000
       80039000	      3900	8000361e	f6114203	lbu	x4,-159(x2)	  x2:0xc3887048  x4=0x00000000 PA:0xc3886fa9 load:0x00000000
       80059000	      3901	80003622	0002ff97	auipc	x31,0x2f	 x31=0x80032622
       80179000	      3907	80003626	e62f8f93	addi	x31,x31,-414	 x31:0x80032622 x31=0x80032484
       80599000	      3928	8000362a	fc0f9d23	sh	x0,-38(x31)	 x31:0x80032484  x0:0x00000000 PA:0x8003245e store:0x00000000 load:0x0000ffff
       80699000	      3933	8000362e	ffff8d83	lb	x27,-1(x31)	 x31:0x80032484 x27=0x00000000 PA:0x80032483 load:0x00000000
       81079000	      3952	80003632	00037c17	auipc	x24,0x37	 x24=0x8003a632
       81179000	      3957	80003636	868c0c13	addi	x24,x24,-1944	 x24:0x8003a632 x24=0x80039e9a
       81839000	      3990	8000363a	fc2f8a03	lb	x20,-62(x31)	 x31:0x80032484 x20=0x00000000 PA:0x80032446 load:0x00000000
       82119000	      4004	8000363e	03afaa23	sw	x26,52(x31)	 x31:0x80032484 x26:0x00000001 PA:0x800324b8 store:0x00000001 load:0xffffffff
       82259000	      4011	80003642	cdcc0703	lb	x14,-804(x24)	 x24:0x80039e9a x14=0x00000000 PA:0x80039b76 load:0x00000000
       82479000	      4022	80003646	be2c4203	lbu	x4,-1054(x24)	 x24:0x80039e9a  x4=0x00000000 PA:0x80039a7c load:0x00000000
       82539000	      4025	8000364a	fc7f86a3	sb	x7,-51(x31)	 x31:0x80032484  x7:0x00000000 PA:0x80032451 store:0x00000000 load:0x000000ff
       82559000	      4026	8000364e	28dc4c83	lbu	x25,653(x24)	 x24:0x80039e9a x25=0x00000000 PA:0x8003a127 load:0x00000000
       82579000	      4027	80003652	afec1b83	lh	x23,-1282(x24)	 x24:0x80039e9a x23=0x00000000 PA:0x80039998 load:0x00000000
       82599000	      4028	80003656	03ef9323	sh	x30,38(x31)	 x31:0x80032484 x30:0x8004bce4 PA:0x800324aa store:0x8004bce4 load:0x0000ffff
       82859000	      4041	8000365a	47cc5183	lhu	x3,1148(x24)	 x24:0x80039e9a  x3=0x00000000 PA:0x8003a316 load:0x00000000
       83219000	      4059	8000365e	03df8e03	lb	x28,61(x31)	 x31:0x80032484 x28=0x00000000 PA:0x800324c1 load:0x00000000
       83659000	      4081	80003662	ff7fce03	lbu	x28,-9(x31)	 x31:0x80032484 x28=0x00000000 PA:0x8003247b load:0x00000000
       83679000	      4082	80003666	0003e117	auipc	x2,0x3e	  x2=0x80041666
       83699000	      4083	8000366a	c7710113	addi	x2,x2,-905	  x2:0x80041666  x2=0x800412dd
       83719000	      4084	8000366e	8992	c.mv	x19,x4	  x0:0x00000000  x4:0x00000000 x19=0x00000000
       83959000	      4096	80003670	ffd11703	lh	x14,-3(x2)	  x2:0x800412dd x14=0x00000000 PA:0x800412da load:0x00000000
       84019000	      4099	80003674	ff7109a3	sb	x23,-13(x2)	  x2:0x800412dd x23:0x00000000 PA:0x800412d0 store:0x00000000 load:0x000000ff
       84039000	      4100	80003678	00911703	lh	x14,9(x2)	  x2:0x800412dd x14=0x00000000 PA:0x800412e6 load:0x00000000
       84059000	      4101	8000367c	01d7f8b3	and	x17,x15,x29	 x15:0x00000000 x29:0x00000000 x17=0x00000000
       84479000	      4122	80003680	fe211ea3	sh	x2,-3(x2)	  x2:0x800412dd  x2:0x800412dd PA:0x800412da store:0x800412dd load:0x0000ffff
       84799000	      4138	80003684	00d11203	lh	x4,13(x2)	  x2:0x800412dd  x4=0x00000000 PA:0x800412ea load:0x00000000
       84859000	      4141	80003688	00312c03	lw	x24,3(x2)	  x2:0x800412dd x24=0x00000000 PA:0x800412e0 load:0x00000000
       85079000	      4152	8000368c	fe610da3	sb	x6,-5(x2)	  x2:0x800412dd  x6:0x00000000 PA:0x800412d8 store:0x00000000 load:0x000000ff
       85099000	      4153	80003690	00f11b83	lh	x23,15(x2)	  x2:0x800412dd x23=0x00000000 PA:0x800412ec load:0x00000000
       85519000	      4174	80003694	00515383	lhu	x7,5(x2)	  x2:0x800412dd  x7=0x00000000 PA:0x800412e2 load:0x00000000
       85559000	      4176	80003698	02093633	mulhu	x12,x18,x0	 x18:0x00000000  x0:0x00000000 x12=0x00000000
       85579000	      4177	8000369c	01269a93	slli	x21,x13,0x12	 x13:0x00000000 x21=0x00000000
       85639000	      4180	800036a0	ff414a03	lbu	x20,-12(x2)	  x2:0x800412dd x20=0x00000000 PA:0x800412d1 load:0x00000000
       85659000	      4181	800036a4	ff914c83	lbu	x25,-7(x2)	  x2:0x800412dd x25=0x00000000 PA:0x800412d6 load:0x00000000
       85819000	      4189	800036a8	ffc11ca3	sh	x28,-7(x2)	  x2:0x800412dd x28:0x00000000 PA:0x800412d6 store:0x00000000 load:0x0000ffff
       85859000	      4191	800036ac	038fc433	div	x8,x31,x24	 x31:0x80032484 x24:0x00000000  x8=0xffffffff
       86099000	      4203	800036b0	4128d693	srai	x13,x17,0x12	 x17:0x00000000 x13=0x00000000
       86559000	      4226	800036b4	ff915903	lhu	x18,-7(x2)	  x2:0x800412dd x18=0x00000000 PA:0x800412d6 load:0x00000000
       86619000	      4229	800036b8	01a10823	sb	x26,16(x2)	  x2:0x800412dd x26:0x00000001 PA:0x800412ed store:0x00000001 load:0x000000ff
       86659000	      4231	800036bc	ff610b23	sb	x22,-10(x2)	  x2:0x800412dd x22:0x48f2a000 PA:0x800412d3 store:0x48f2a000 load:0x000000ff
       86679000	      4232	800036c0	40995e13	srai	x28,x18,0x9	 x18:0x00000000 x28=0x00000000
       86939000	      4245	800036c4	ff111c03	lh	x24,-15(x2)	  x2:0x800412dd x24=0x00000000 PA:0x800412ce load:0x00000000
       86999000	      4248	800036c8	00910683	lb	x13,9(x2)	  x2:0x800412dd x13=0x00000000 PA:0x800412e6 load:0x00000000
       87739000	      4285	800036cc	03f970b3	remu	x1,x18,x31	 x18:0x00000000 x31:0x80032484  x1=0x00000000
       87799000	      4288	800036d0	00210803	lb	x16,2(x2)	  x2:0x800412dd x16=0x00000000 PA:0x800412df load:0x00000000
       87819000	      4289	800036d4	00f10623	sb	x15,12(x2)	  x2:0x800412dd x15:0x00000000 PA:0x800412e9 store:0x00000000 load:0x000000ff
       87839000	      4290	800036d8	872d	c.srai	x14,0xb	 x14:0x00000000 x14=0x00000000
       87859000	      4291	800036da	27fd2c93	slti	x25,x26,639	 x26:0x00000001 x25=0x00000001
       88319000	      4314	800036de	fed10c23	sb	x13,-8(x2)	  x2:0x800412dd x13:0x00000000 PA:0x800412d5 store:0x00000000 load:0x000000ff
       88339000	      4315	800036e2	405e52b3	sra	x5,x28,x5	 x28:0x00000000  x5:0x00000000  x5=0x00000000
       88379000	      4317	800036e6	03241933	mulh	x18,x8,x18	  x8:0xffffffff x18:0x00000000 x18=0x00000000
       88399000	      4318	800036ea	8fe9	c.and	x15,x10	 x15:0x00000000 x10:0x00000000 x15=0x00000000
       88459000	      4321	800036ec	01f116a3	sh	x31,13(x2)	  x2:0x800412dd x31:0x80032484 PA:0x800412ea store:0x80032484 load:0x0000ffff
       88479000	      4322	800036f0	8c51	c.or	x8,x12	  x8:0xffffffff x12:0x00000000  x8=0xffffffff
       88499000	      4323	800036f2	01be1833	sll	x16,x28,x27	 x28:0x00000000 x27:0x00000000 x16=0x00000000
       88779000	      4337	800036f6	ffa10b03	lb	x22,-6(x2)	  x2:0x800412dd x22=0x00000000 PA:0x800412d7 load:0x00000000
       88799000	      4338	800036fa	01b493b3	sll	x7,x9,x27	  x9:0x80047e64 x27:0x00000000  x7=0x80047e64
       88859000	      4341	800036fe	ff610f83	lb	x31,-10(x2)	  x2:0x800412dd x31=0x00000000 PA:0x800412d3 load:0x00000000
       89279000	      4362	80003702	00915183	lhu	x3,9(x2)	  x2:0x800412dd  x3=0x00000000 PA:0x800412e6 load:0x00000000
       89339000	      4365	80003706	ff910e23	sb	x25,-4(x2)	  x2:0x800412dd x25:0x00000001 PA:0x800412d9 store:0x00000001 load:0x000000ff
       89359000	      4366	8000370a	ff814b03	lbu	x22,-8(x2)	  x2:0x800412dd x22=0x00000000 PA:0x800412d5 load:0x00000000
       89679000	      4382	8000370e	ff010283	lb	x5,-16(x2)	  x2:0x800412dd  x5=0x00000000 PA:0x800412cd load:0x00000000
       89699000	      4383	80003712	0002f117	auipc	x2,0x2f	  x2=0x80032712
       89719000	      4384	80003716	93610113	addi	x2,x2,-1738	  x2:0x80032712  x2=0x80032048
       89739000	      4385	8000371a	38e49d37	lui	x26,0x38e49	 x26=0x38e49000
       89759000	      4386	8000371e	916a	c.add	x2,x26	  x2:0x80032048 x26:0x38e49000  x2=0xb8e7b048
       89899000	      4393	80003720	2e1107a3	sb	x1,751(x2)	  x2:0xb8e7b048  x1:0x00000000 PA:0xb8e7b337 store:0x00000000 load:0x000000ff
       89959000	      4396	80003724	6e310ea3	sb	x3,1789(x2)	  x2:0xb8e7b048  x3:0x00000000 PA:0xb8e7b745 store:0x00000000 load:0x000000ff
       89979000	      4397	80003728	bc5103a3	sb	x5,-1081(x2)	  x2:0xb8e7b048  x5:0x00000000 PA:0xb8e7ac0f store:0x00000000 load:0x000000ff
       90199000	      4408	8000372c	40711223	sh	x7,1028(x2)	  x2:0xb8e7b048  x7:0x80047e64 PA:0xb8e7b44c store:0x80047e64 load:0x0000ffff
       90359000	      4416	80003730	13fd	c.addi	x7,-1	  x7:0x80047e64  x7=0x80047e63
       90599000	      4428	80003732	88910da3	sb	x9,-1893(x2)	  x2:0xb8e7b048  x9:0x80047e64 PA:0xb8e7a8e3 store:0x80047e64 load:0x000000ff
       90619000	      4429	80003736	0ee2f713	andi	x14,x5,238	  x5:0x00000000 x14=0x00000000
       90639000	      4430	8000373a	8086	c.mv	x1,x1	  x0:0x00000000  x1:0x00000000  x1=0x00000000
       90659000	      4431	8000373c	0c2a	c.slli	x24,0xa	 x24:0x00000000 x24=0x00000000
       90859000	      4441	8000373e	2ef14c03	lbu	x24,751(x2)	  x2:0xb8e7b048 x24=0x00000000 PA:0xb8e7b337 load:0x00000000
       90879000	      4442	80003742	632105a3	sb	x18,1579(x2)	  x2:0xb8e7b048 x18:0x00000000 PA:0xb8e7b673 store:0x00000000 load:0x000000ff
       90899000	      4443	80003746	60e1	c.lui	x1,0x18	  x1=0x00018000
       91139000	      4455	80003748	6fd14883	lbu	x17,1789(x2)	  x2:0xb8e7b048 x17=0x00000000 PA:0xb8e7b745 load:0x00000000
       91159000	      4456	8000374c	0020aeb3	slt	x29,x1,x2	  x1:0x00018000  x2:0xb8e7b048 x29=0x00000000
       91259000	      4461	80003750	f7310fa3	sb	x19,-129(x2)	  x2:0xb8e7b048 x19:0x00000000 PA:0xb8e7afc7 store:0x00000000 load:0x000000ff
       91319000	      4464	80003754	8e39	c.xor	x12,x14	 x12:0x00000000 x14:0x00000000 x12=0x00000000
       91379000	      4467	80003756	bc714603	lbu	x12,-1081(x2)	  x2:0xb8e7b048 x12=0x00000000 PA:0xb8e7ac0f load:0x00000000
       91939000	      4495	8000375a	44410ea3	sb	x4,1117(x2)	  x2:0xb8e7b048  x4:0x00000000 PA:0xb8e7b4a5 store:0x00000000 load:0x000000ff
       92059000	      4501	8000375e	40415883	lhu	x17,1028(x2)	  x2:0xb8e7b048 x17=0x00007e64 PA:0xb8e7b44c load:0x00007e64
       92079000	      4502	80003762	0003fb17	auipc	x22,0x3f	 x22=0x80042762
       92099000	      4503	80003766	059b0b13	addi	x22,x22,89	 x22:0x80042762 x22=0x800427bb
       92239000	      4510	8000376a	18bb4883	lbu	x17,395(x22)	 x22:0x800427bb x17=0x00000000 PA:0x80042946 load:0x00000000
       92359000	      4516	8000376e	0eeb0003	lb	x0,238(x22)	 x22:0x800427bb  x0=0x00000000 PA:0x800428a9 load:0x00000000
       92399000	      4518	80003772	032dddb3	divu	x27,x27,x18	 x27:0x00000000 x18:0x00000000 x27=0xffffffff
       93179000	      4557	80003776	0eeb4303	lbu	x6,238(x22)	 x22:0x800427bb  x6=0x00000000 PA:0x800428a9 load:0x00000000
       93239000	      4560	8000377a	0efb0723	sb	x15,238(x22)	 x22:0x800427bb x15:0x00000000 PA:0x800428a9 store:0x00000000 load:0x000000ff
       93559000	      4576	8000377e	3dbb0c23	sb	x27,984(x22)	 x22:0x800427bb x27:0xffffffff PA:0x80042b93 store:0xffffffff load:0x000000ff
       93819000	      4589	80003782	3d8b4d03	lbu	x26,984(x22)	 x22:0x800427bb x26=0x000000ff PA:0x80042b93 load:0x000000ff
       93919000	      4594	80003786	fa0b0723	sb	x0,-82(x22)	 x22:0x800427bb  x0:0x00000000 PA:0x80042769 store:0x00000000 load:0x000000ff
       93939000	      4595	8000378a	faeb0983	lb	x19,-82(x22)	 x22:0x800427bb x19=0x00000000 PA:0x80042769 load:0x00000000
       93979000	      4597	8000378e	faeb4803	lbu	x16,-82(x22)	 x22:0x800427bb x16=0x00000000 PA:0x80042769 load:0x00000000
       93999000	      4598	80003792	0b96	c.slli	x23,0x5	 x23:0x00000000 x23=0x00000000
       94179000	      4607	80003794	faeb4e03	lbu	x28,-82(x22)	 x22:0x800427bb x28=0x00000000 PA:0x80042769 load:0x00000000
       94199000	      4608	80003798	7465f213	andi	x4,x11,1862	 x11:0x894eacb4  x4=0x00000404
       94219000	      4609	8000379c	022a8433	mul	x8,x21,x2	 x21:0x00000000  x2:0xb8e7b048  x8=0x00000000
       94879000	      4642	800037a0	fb2b0723	sb	x18,-82(x22)	 x22:0x800427bb x18:0x00000000 PA:0x80042769 store:0x00000000 load:0x000000ff
       94899000	      4643	800037a4	00032c97	auipc	x25,0x32	 x25=0x800357a4
       94919000	      4644	800037a8	d5fc8c93	addi	x25,x25,-673	 x25:0x800357a4 x25=0x80035503
       95099000	      4653	800037ac	0002f217	auipc	x4,0x2f	  x4=0x800327ac
       95119000	      4654	800037b0	a2420213	addi	x4,x4,-1500	  x4:0x800327ac  x4=0x800321d0
       95179000	      4657	800037b4	ffac8783	lb	x15,-6(x25)	 x25:0x80035503 x15=0x00000000 PA:0x800354fd load:0x00000000
       95239000	      4660	800037b8	ff1caa83	lw	x21,-15(x25)	 x25:0x80035503 x21=0x00000000 PA:0x800354f4 load:0x00000000
       95819000	      4689	800037bc	0ae21403	lh	x8,174(x4)	  x4:0x800321d0  x8=0x00000000 PA:0x8003227e load:0x00000000
       95879000	      4692	800037c0	fe3c8ea3	sb	x3,-3(x25)	 x25:0x80035503  x3:0x00000000 PA:0x80035500 store:0x00000000 load:0x000000ff
       96419000	      4719	800037c4	0d120b83	lb	x23,209(x4)	  x4:0x800321d0 x23=0x00000000 PA:0x800322a1 load:0x00000000
       96479000	      4722	800037c8	007c87a3	sb	x7,15(x25)	 x25:0x80035503  x7:0x80047e63 PA:0x80035512 store:0x80047e63 load:0x000000ff
       96759000	      4736	800037cc	06b24883	lbu	x17,107(x4)	  x4:0x800321d0 x17=0x00000000 PA:0x8003223b load:0x00000000
       96899000	      4743	800037d0	07720fa3	sb	x23,127(x4)	  x4:0x800321d0 x23:0x00000000 PA:0x8003224f store:0x00000000 load:0x000000ff
       97299000	      4763	800037d4	f9f20923	sb	x31,-110(x4)	  x4:0x800321d0 x31:0x00000000 PA:0x80032162 store:0x00000000 load:0x000000ff
       97359000	      4766	800037d8	018c8623	sb	x24,12(x25)	 x25:0x80035503 x24:0x00000000 PA:0x8003550f store:0x00000000 load:0x000000ff
       97719000	      4784	800037dc	fae20283	lb	x5,-82(x4)	  x4:0x800321d0  x5=0x00000000 PA:0x8003217e load:0x00000000
       97899000	      4793	800037e0	01ec8623	sb	x30,12(x25)	 x25:0x80035503 x30:0x8004bce4 PA:0x8003550f store:0x8004bce4 load:0x000000ff
       97959000	      4796	800037e4	0e824703	lbu	x14,232(x4)	  x4:0x800321d0 x14=0x00000000 PA:0x800322b8 load:0x00000000
       98339000	      4815	800037e8	08124f83	lbu	x31,129(x4)	  x4:0x800321d0 x31=0x00000000 PA:0x80032251 load:0x00000000
       98399000	      4818	800037ec	00dc83a3	sb	x13,7(x25)	 x25:0x80035503 x13:0x00000000 PA:0x8003550a store:0x00000000 load:0x000000ff
       98499000	      4823	800037f0	f0e205a3	sb	x14,-245(x4)	  x4:0x800321d0 x14:0x00000000 PA:0x800320db store:0x00000000 load:0x000000ff
       98519000	      4824	800037f4	0002fc17	auipc	x24,0x2f	 x24=0x800327f4
       98539000	      4825	800037f8	a4bc0c13	addi	x24,x24,-1461	 x24:0x800327f4 x24=0x8003223f
       98559000	      4826	800037fc	0003bb17	auipc	x22,0x3b	 x22=0x8003e7fc
       98579000	      4827	80003800	541b0b13	addi	x22,x22,1345	 x22:0x8003e7fc x22=0x8003ed3d
       98719000	      4834	80003804	0afb16a3	sh	x15,173(x22)	 x22:0x8003ed3d x15:0x00000000 PA:0x8003edea store:0x00000000 load:0x0000ffff
       98779000	      4837	80003808	fffc5a03	lhu	x20,-1(x24)	 x24:0x8003223f x20=0x00000000 PA:0x8003223e load:0x00000000
       98799000	      4838	8000380c	022b0e03	lb	x28,34(x22)	 x22:0x8003ed3d x28=0x00000000 PA:0x8003ed5f load:0x00000000
       98819000	      4839	80003810	ffec0883	lb	x17,-2(x24)	 x24:0x8003223f x17=0x00000000 PA:0x8003223d load:0x00000000
       99039000	      4850	80003814	018b0403	lb	x8,24(x22)	 x22:0x8003ed3d  x8=0x00000000 PA:0x8003ed55 load:0x00000000
       99179000	      4857	80003818	09ab0e23	sb	x26,156(x22)	 x22:0x8003ed3d x26:0x000000ff PA:0x8003edd9 store:0x000000ff load:0x000000ff
       99279000	      4862	8000381c	008b06a3	sb	x8,13(x22)	 x22:0x8003ed3d  x8:0x00000000 PA:0x8003ed4a store:0x00000000 load:0x000000ff
       99339000	      4865	80003820	fe3c0e23	sb	x3,-4(x24)	 x24:0x8003223f  x3:0x00000000 PA:0x8003223b store:0x00000000 load:0x000000ff
       99359000	      4866	80003824	f64b2da3	sw	x4,-133(x22)	 x22:0x8003ed3d  x4:0x800321d0 PA:0x8003ecb8 store:0x800321d0 load:0xffffffff
       99739000	      4885	80003828	002c0983	lb	x19,2(x24)	 x24:0x8003223f x19=0x00000000 PA:0x80032241 load:0x00000000
       99859000	      4891	8000382c	008c16a3	sh	x8,13(x24)	 x24:0x8003223f  x8:0x00000000 PA:0x8003224c store:0x00000000 load:0x0000ffff
       99939000	      4895	80003830	0d1b0e23	sb	x17,220(x22)	 x22:0x8003ed3d x17:0x00000000 PA:0x8003ee19 store:0x00000000 load:0x000000ff
       99959000	      4896	80003834	facb09a3	sb	x12,-77(x22)	 x22:0x8003ed3d x12:0x00000000 PA:0x8003ecf0 store:0x00000000 load:0x000000ff
      100099000	      4903	80003838	ff1c4403	lbu	x8,-15(x24)	 x24:0x8003223f  x8=0x00000000 PA:0x80032230 load:0x00000000
      100519000	      4924	8000383c	005c0023	sb	x5,0(x24)	 x24:0x8003223f  x5:0x00000000 PA:0x8003223f store:0x00000000 load:0x000000ff
      100539000	      4925	80003840	00031117	auipc	x2,0x31	  x2=0x80034840
      100559000	      4926	80003844	85710113	addi	x2,x2,-1961	  x2:0x80034840  x2=0x80034097
      100619000	      4929	80003848	06c113a3	sh	x12,103(x2)	  x2:0x80034097 x12:0x00000000 PA:0x800340fe store:0x00000000 load:0x0000ffff
      100639000	      4930	8000384c	06710203	lb	x4,103(x2)	  x2:0x80034097  x4=0x00000000 PA:0x800340fe load:0x00000000
      100659000	      4931	80003850	068103a3	sb	x8,103(x2)	  x2:0x80034097  x8:0x00000000 PA:0x800340fe store:0x00000000 load:0x000000ff
      100879000	      4942	80003854	079103a3	sb	x25,103(x2)	  x2:0x80034097 x25:0x80035503 PA:0x800340fe store:0x80035503 load:0x000000ff
      100899000	      4943	80003858	06715083	lhu	x1,103(x2)	  x2:0x80034097  x1=0x00000003 PA:0x800340fe load:0x00000003
      101279000	      4962	8000385c	06710283	lb	x5,103(x2)	  x2:0x80034097  x5=0x00000003 PA:0x800340fe load:0x00000003
      101339000	      4965	80003860	06711303	lh	x6,103(x2)	  x2:0x80034097  x6=0x00000003 PA:0x800340fe load:0x00000003
      101739000	      4985	80003864	97f10283	lb	x5,-1665(x2)	  x2:0x80034097  x5=0x00000000 PA:0x80033a16 load:0x00000000
      101919000	      4994	80003868	97110fa3	sb	x17,-1665(x2)	  x2:0x80034097 x17:0x00000000 PA:0x80033a16 store:0x00000000 load:0x000000ff
      101939000	      4995	8000386c	01dfc933	xor	x18,x31,x29	 x31:0x00000000 x29:0x00000000 x18=0x00000000
      101999000	      4998	80003870	97f15e03	lhu	x28,-1665(x2)	  x2:0x80034097 x28=0x00000000 PA:0x80033a16 load:0x00000000
      102659000	      5031	80003874	97011fa3	sh	x16,-1665(x2)	  x2:0x80034097 x16:0x00000000 PA:0x80033a16 store:0x00000000 load:0x0000ffff
      102819000	      5039	80003878	97f14403	lbu	x8,-1665(x2)	  x2:0x80034097  x8=0x00000000 PA:0x80033a16 load:0x00000000
      102839000	      5040	8000387c	00035097	auipc	x1,0x35	  x1=0x8003887c
      102879000	      5042	80003880	2b508093	addi	x1,x1,693	  x1:0x8003887c  x1=0x80038b31
      102899000	      5043	80003884	0001	c.addi	x0,0	  x0:0x00000000  x0=0x00000000
      103059000	      5051	80003886	4880cf83	lbu	x31,1160(x1)	  x1:0x80038b31 x31=0x00000000 PA:0x80038fb9 load:0x00000000
      103079000	      5052	8000388a	8d7d	c.and	x10,x15	 x10:0x00000000 x15:0x00000000 x10=0x00000000
      103139000	      5055	8000388c	ac50a5a3	sw	x5,-1333(x1)	  x1:0x80038b31  x5:0x00000000 PA:0x800385fc store:0x00000000 load:0xffffffff
      103159000	      5056	80003890	8e89	c.sub	x13,x10	 x13:0x00000000 x10:0x00000000 x13=0x00000000
      103539000	      5075	80003892	ad808123	sb	x24,-1342(x1)	  x1:0x80038b31 x24:0x8003223f PA:0x800385f3 store:0x8003223f load:0x000000ff
      103639000	      5080	80003896	002c1793	slli	x15,x24,0x2	 x24:0x8003223f x15=0x000c88fc
      103659000	      5081	8000389a	870d	c.srai	x14,0x3	 x14:0x00000000 x14=0x00000000
      104519000	      5124	8000389c	23b0a603	lw	x12,571(x1)	  x1:0x80038b31 x12=0x00000000 PA:0x80038d6c load:0x00000000
      107099000	      5253	800038a0	8699	c.srai	x13,0x6	 x13:0x00000000 x13=0x00000000
      107159000	      5256	800038a2	56808503	lb	x10,1384(x1)	  x1:0x80038b31 x10=0x00000000 PA:0x80039099 load:0x00000000
      107299000	      5263	800038a6	d6e0a1a3	sw	x14,-669(x1)	  x1:0x80038b31 x14:0x00000000 PA:0x80038894 store:0x00000000 load:0xffffffff
      107319000	      5264	800038aa	a7b1e117	auipc	x2,0xa7b1e	  x2=0x27b218aa
      107339000	      5265	800038ae	004e0cb3	add	x25,x28,x4	 x28:0x00000000  x4:0x00000000 x25=0x00000000
      107419000	      5269	800038b2	86b0dd83	lhu	x27,-1941(x1)	  x1:0x80038b31 x27=0x00000000 PA:0x8003839c load:0x00000000
      107439000	      5270	800038b6	0134f1b3	and	x3,x9,x19	  x9:0x80047e64 x19:0x00000000  x3=0x00000000
      107919000	      5294	800038ba	f010cb03	lbu	x22,-255(x1)	  x1:0x80038b31 x22=0x00000000 PA:0x80038a32 load:0x00000000
      108319000	      5314	800038be	ed60afa3	sw	x22,-289(x1)	  x1:0x80038b31 x22:0x00000000 PA:0x80038a10 store:0x00000000 load:0xffffffff
      108359000	      5316	800038c2	f29c2813	slti	x16,x24,-215	 x24:0x8003223f x16=0x00000001
      108539000	      5325	800038c6	20a08623	sb	x10,524(x1)	  x1:0x80038b31 x10:0x00000000 PA:0x80038d3d store:0x00000000 load:0x000000ff
      108899000	      5343	800038ca	b750d203	lhu	x4,-1163(x1)	  x1:0x80038b31  x4=0x00000000 PA:0x800386a6 load:0x00000000
      109659000	      5381	800038ce	adf082a3	sb	x31,-1339(x1)	  x1:0x80038b31 x31:0x00000000 PA:0x800385f6 store:0x00000000 load:0x000000ff
      109679000	      5382	800038d2	8371	c.srli	x14,0x1c	 x14:0x00000000 x14=0x00000000
      109699000	      5383	800038d4	4066d033	sra	x0,x13,x6	 x13:0x00000000  x6:0x00000003  x0=0x00000000
      110139000	      5405	800038d8	84208023	sb	x2,-1984(x1)	  x1:0x80038b31  x2:0x27b218aa PA:0x80038371 store:0x27b218aa load:0x000000ff
      110199000	      5408	800038dc	bdc0c283	lbu	x5,-1060(x1)	  x1:0x80038b31  x5=0x00000000 PA:0x8003870d load:0x00000000
      110219000	      5409	800038e0	33ca3fb7	lui	x31,0x33ca3	 x31=0x33ca3000
      110239000	      5410	800038e4	8745	c.srai	x14,0x11	 x14:0x00000000 x14=0x00000000
      110699000	      5433	800038e6	dbe0aba3	sw	x30,-585(x1)	  x1:0x80038b31 x30:0x8004bce4 PA:0x800388e8 store:0x8004bce4 load:0xffffffff
      111099000	      5453	800038ea	566097a3	sh	x6,1391(x1)	  x1:0x80038b31  x6:0x00000003 PA:0x800390a0 store:0x00000003 load:0x0000ffff
      111119000	      5454	800038ee	0002f117	auipc	x2,0x2f	  x2=0x800328ee
      111139000	      5455	800038f2	a9010113	addi	x2,x2,-1392	  x2:0x800328ee  x2=0x8003237e
      111199000	      5458	800038f6	de014d03	lbu	x26,-544(x2)	  x2:0x8003237e x26=0x00000000 PA:0x8003215e load:0x00000000
      111219000	      5459	800038fa	039d	c.addi	x7,7	  x7:0x80047e63  x7=0x80047e6a
      111559000	      5476	800038fc	13411003	lh	x0,308(x2)	  x2:0x8003237e  x0=0x00000000 PA:0x800324b2 load:0x00000000
      111579000	      5477	80003900	65114883	lbu	x17,1617(x2)	  x2:0x8003237e x17=0x00000000 PA:0x800329cf load:0x00000000
      111839000	      5490	80003904	6e7109a3	sb	x7,1779(x2)	  x2:0x8003237e  x7:0x80047e6a PA:0x80032a71 store:0x80047e6a load:0x000000ff
      112059000	      5501	80003908	0001	c.addi	x0,0	  x0:0x00000000  x0=0x00000000
      112359000	      5516	8000390a	4de15a83	lhu	x21,1246(x2)	  x2:0x8003237e x21=0x00000000 PA:0x8003285c load:0x00000000
      112379000	      5517	8000390e	0167f7b3	and	x15,x15,x22	 x15:0x000c88fc x22:0x00000000 x15=0x00000000
      112399000	      5518	80003912	8145	c.srli	x10,0x11	 x10:0x00000000 x10=0x00000000
      112819000	      5539	80003914	05f11623	sh	x31,76(x2)	  x2:0x8003237e x31:0x33ca3000 PA:0x800323ca store:0x33ca3000 load:0x0000ffff
      113019000	      5549	80003918	5c7106a3	sb	x7,1485(x2)	  x2:0x8003237e  x7:0x80047e6a PA:0x8003294b store:0x80047e6a load:0x000000ff
      113179000	      5557	8000391c	5cd14b83	lbu	x23,1485(x2)	  x2:0x8003237e x23=0x0000006a PA:0x8003294b load:0x0000006a
      113359000	      5566	80003920	12f10c83	lb	x25,303(x2)	  x2:0x8003237e x25=0x00000000 PA:0x800324ad load:0x00000000
      113379000	      5567	80003924	013168b3	or	x17,x2,x19	  x2:0x8003237e x19:0x00000000 x17=0x8003237e
      113399000	      5568	80003928	139107a3	sb	x25,303(x2)	  x2:0x8003237e x25:0x00000000 PA:0x800324ad store:0x00000000 load:0x000000ff
      113419000	      5569	8000392c	8825	c.andi	x8,9	  x8:0x00000000  x8=0x00000000
      113439000	      5570	8000392e	125107a3	sb	x5,303(x2)	  x2:0x8003237e  x5:0x00000000 PA:0x800324ad store:0x00000000 load:0x000000ff
      113479000	      5572	80003932	57b10e03	lb	x28,1403(x2)	  x2:0x8003237e x28=0x00000000 PA:0x800328f9 load:0x00000000
      113519000	      5574	80003936	010103a3	sb	x16,7(x2)	  x2:0x8003237e x16:0x00000001 PA:0x80032385 store:0x00000001 load:0x000000ff
      113659000	      5581	8000393a	fed10903	lb	x18,-19(x2)	  x2:0x8003237e x18=0x00000000 PA:0x8003236b load:0x00000000
      113679000	      5582	8000393e	6b35	c.lui	x22,0xd	 x22=0x0000d000
      113839000	      5590	80003940	7fc15b83	lhu	x23,2044(x2)	  x2:0x8003237e x23=0x00000000 PA:0x80032b7a load:0x00000000
      113999000	      5598	80003944	00910d83	lb	x27,9(x2)	  x2:0x8003237e x27=0x00000000 PA:0x80032387 load:0x00000000
      114019000	      5599	80003948	0002ee17	auipc	x28,0x2e	 x28=0x80031948
      114039000	      5600	8000394c	700e0e13	addi	x28,x28,1792	 x28:0x80031948 x28=0x80032048
      114139000	      5605	80003950	6f8d2fb7	lui	x31,0x6f8d2	 x31=0x6f8d2000
      114259000	      5611	80003954	9e7e	c.add	x28,x31	 x28:0x80032048 x31:0x6f8d2000 x28=0xef904048
      114479000	      5622	80003956	f40e1f23	sh	x0,-162(x28)	 x28:0xef904048  x0:0x00000000 PA:0xef903fa6 store:0x00000000 load:0x0000ffff
      114499000	      5623	8000395a	8e1e1723	sh	x1,-1810(x28)	 x28:0xef904048  x1:0x80038b31 PA:0xef903936 store:0x80038b31 load:0x0000ffff
      114759000	      5636	8000395e	305e2023	sw	x5,768(x28)	 x28:0xef904048  x5:0x00000000 PA:0xef904348 store:0x00000000 load:0xffffffff
      114799000	      5638	80003962	866e1f23	sh	x6,-1922(x28)	 x28:0xef904048  x6:0x00000003 PA:0xef9038c6 store:0x00000003 load:0x0000ffff
      114819000	      5639	80003966	7369f213	andi	x4,x19,1846	 x19:0x00000000  x4=0x00000000
      115179000	      5657	8000396a	f5ee5803	lhu	x16,-162(x28)	 x28:0xef904048 x16=0x00000000 PA:0xef903fa6 load:0x00000000
      115239000	      5660	8000396e	8eee1303	lh	x6,-1810(x28)	 x28:0xef904048  x6=0xffff8b31 PA:0xef903936 load:0xffff8b31
      115259000	      5661	80003972	7e7e2e23	sw	x7,2044(x28)	 x28:0xef904048  x7:0x80047e6a PA:0xef904844 store:0x80047e6a load:0xffffffff
      115279000	      5662	80003976	878e0223	sb	x24,-1948(x28)	 x28:0xef904048 x24:0x8003223f PA:0xef9038ac store:0x8003223f load:0x000000ff
      115299000	      5663	8000397a	b9550893	addi	x17,x10,-1131	 x10:0x00000000 x17=0xfffffb95
      115439000	      5670	8000397e	ef8e04a3	sb	x24,-279(x28)	 x28:0xef904048 x24:0x8003223f PA:0xef903f31 store:0x8003223f load:0x000000ff
      115459000	      5671	80003982	03ec0c33	mul	x24,x24,x30	 x24:0x8003223f x30:0x8004bce4 x24=0x58ecc41c
      115479000	      5672	80003986	01c53ab3	sltu	x21,x10,x28	 x10:0x00000000 x28:0xef904048 x21=0x00000001
      115499000	      5673	8000398a	59fd	c.li	x19,-1	 x19=0xffffffff
      115539000	      5675	8000398c	01b38bb3	add	x23,x7,x27	  x7:0x80047e6a x27:0x00000000 x23=0x80047e6a
      115599000	      5678	80003990	300e2203	lw	x4,768(x28)	 x28:0xef904048  x4=0x00000000 PA:0xef904348 load:0x00000000
      115799000	      5688	80003994	87ee1303	lh	x6,-1922(x28)	 x28:0xef904048  x6=0x00000003 PA:0xef9038c6 load:0x00000003
      116179000	      5707	80003998	0002fe17	auipc	x28,0x2f	 x28=0x80032998
      116339000	      5715	8000399c	ba0e0e13	addi	x28,x28,-1120	 x28:0x80032998 x28=0x80032538
      116779000	      5737	800039a0	f73e09a3	sb	x19,-141(x28)	 x28:0x80032538 x19:0xffffffff PA:0x800324ab store:0xffffffff load:0x000000ff
      117079000	      5752	800039a4	f73e4d03	lbu	x26,-141(x28)	 x28:0x80032538 x26=0x000000ff PA:0x800324ab load:0x000000ff
      117159000	      5756	800039a8	f86fba13	sltiu	x20,x31,-122	 x31:0x6f8d2000 x20=0x00000001
      117219000	      5759	800039ac	f61e09a3	sb	x1,-141(x28)	 x28:0x80032538  x1:0x80038b31 PA:0x800324ab store:0x80038b31 load:0x000000ff
      117459000	      5771	800039b0	f73e0d03	lb	x26,-141(x28)	 x28:0x80032538 x26=0x00000031 PA:0x800324ab load:0x00000031
      117739000	      5785	800039b4	f65e4b83	lbu	x23,-155(x28)	 x28:0x80032538 x23=0x00000000 PA:0x8003249d load:0x00000000
      117859000	      5791	800039b8	f65e0c03	lb	x24,-155(x28)	 x28:0x80032538 x24=0x00000000 PA:0x8003249d load:0x00000000
      117979000	      5797	800039bc	f01e4f83	lbu	x31,-255(x28)	 x28:0x80032538 x31=0x00000000 PA:0x80032439 load:0x00000000
      118359000	      5816	800039c0	f01e4d83	lbu	x27,-255(x28)	 x28:0x80032538 x27=0x00000000 PA:0x80032439 load:0x00000000
      118999000	      5848	800039c4	017e4103	lbu	x2,23(x28)	 x28:0x80032538  x2=0x00000000 PA:0x8003254f load:0x00000000
      119059000	      5851	800039c8	001e0ba3	sb	x1,23(x28)	 x28:0x80032538  x1:0x80038b31 PA:0x8003254f store:0x80038b31 load:0x000000ff
      119079000	      5852	800039cc	0002f117	auipc	x2,0x2f	  x2=0x800329cc
      119099000	      5853	800039d0	67c10113	addi	x2,x2,1660	  x2:0x800329cc  x2=0x80033048
      119119000	      5854	800039d4	3ff1bfb7	lui	x31,0x3ff1b	 x31=0x3ff1b000
      119179000	      5857	800039d8	917e	c.add	x2,x31	  x2:0x80033048 x31:0x3ff1b000  x2=0xbff4e048
      119239000	      5860	800039da	420104a3	sb	x0,1065(x2)	  x2:0xbff4e048  x0:0x00000000 PA:0xbff4e471 store:0x00000000 load:0x000000ff
      119259000	      5861	800039de	822107a3	sb	x2,-2001(x2)	  x2:0xbff4e048  x2:0xbff4e048 PA:0xbff4d877 store:0xbff4e048 load:0x000000ff
      119419000	      5869	800039e2	9a410123	sb	x4,-1630(x2)	  x2:0xbff4e048  x4:0x00000000 PA:0xbff4d9ea store:0x00000000 load:0x000000ff
      119719000	      5884	800039e6	5a511e23	sh	x5,1468(x2)	  x2:0xbff4e048  x5:0x00000000 PA:0xbff4e604 store:0x00000000 load:0x0000ffff
      119739000	      5885	800039ea	df136c93	ori	x25,x6,-527	  x6:0x00000003 x25=0xfffffdf3
      119859000	      5891	800039ee	42914d83	lbu	x27,1065(x2)	  x2:0xbff4e048 x27=0x00000000 PA:0xbff4e471 load:0x00000000
      119879000	      5892	800039f2	01f49433	sll	x8,x9,x31	  x9:0x80047e64 x31:0x3ff1b000  x8=0x80047e64
      119899000	      5893	800039f6	40eed193	srai	x3,x29,0xe	 x29:0x00000000  x3=0x00000000
      120259000	      5911	800039fa	bbd11423	sh	x29,-1112(x2)	  x2:0xbff4e048 x29:0x00000000 PA:0xbff4dbf0 store:0x00000000 load:0x0000ffff
      120439000	      5920	800039fe	82f14e83	lbu	x29,-2001(x2)	  x2:0xbff4e048 x29=0x00000048 PA:0xbff4d877 load:0x00000048
      120459000	      5921	80003a02	8f15	c.sub	x14,x13	 x14:0x00000000 x13:0x00000000 x14=0x00000000
      120479000	      5922	80003a04	9bba	c.add	x23,x14	 x23:0x00000000 x14:0x00000000 x23=0x00000000
      120499000	      5923	80003a06	0036a833	slt	x16,x13,x3	 x13:0x00000000  x3:0x00000000 x16=0x00000000
      120619000	      5929	80003a0a	23993993	sltiu	x19,x18,569	 x18:0x00000000 x19=0x00000001
      120679000	      5932	80003a0e	00482db3	slt	x27,x16,x4	 x16:0x00000000  x4:0x00000000 x27=0x00000000
      121199000	      5958	80003a12	c9811d23	sh	x24,-870(x2)	  x2:0xbff4e048 x24:0x00000000 PA:0xbff4dce2 store:0x00000000 load:0x0000ffff
      121219000	      5959	80003a16	8fa1	c.xor	x15,x8	 x15:0x00000000  x8:0x80047e64 x15=0x80047e64
      121659000	      5981	80003a18	9a214e83	lbu	x29,-1630(x2)	  x2:0xbff4e048 x29=0x00000000 PA:0xbff4d9ea load:0x00000000
      122179000	      6007	80003a1c	5bc11503	lh	x10,1468(x2)	  x2:0xbff4e048 x10=0x00000000 PA:0xbff4e604 load:0x00000000
      122199000	      6008	80003a20	0002f117	auipc	x2,0x2f	  x2=0x80032a20
      122219000	      6009	80003a24	83110113	addi	x2,x2,-1999	  x2:0x80032a20  x2=0x80032251
      122679000	      6032	80003a28	f3d114a3	sh	x29,-215(x2)	  x2:0x80032251 x29:0x00000000 PA:0x8003217a store:0x00000000 load:0x0000ffff
      122799000	      6038	80003a2c	f23114a3	sh	x3,-215(x2)	  x2:0x80032251  x3:0x00000000 PA:0x8003217a store:0x00000000 load:0x0000ffff
      122859000	      6041	80003a30	5f712da3	sw	x23,1531(x2)	  x2:0x80032251 x23:0x00000000 PA:0x8003284c store:0x00000000 load:0xffffffff
      123059000	      6051	80003a34	5fb12883	lw	x17,1531(x2)	  x2:0x80032251 x17=0x00000000 PA:0x8003284c load:0x00000000
      123079000	      6052	80003a38	5eb12da3	sw	x11,1531(x2)	  x2:0x80032251 x11:0x894eacb4 PA:0x8003284c store:0x894eacb4 load:0xffffffff
      123099000	      6053	80003a3c	5f112da3	sw	x17,1531(x2)	  x2:0x80032251 x17:0x00000000 PA:0x8003284c store:0x00000000 load:0xffffffff
      123119000	      6054	80003a40	00b90fb3	add	x31,x18,x11	 x18:0x00000000 x11:0x894eacb4 x31=0x894eacb4
      123319000	      6064	80003a44	5fb12e83	lw	x29,1531(x2)	  x2:0x80032251 x29=0x00000000 PA:0x8003284c load:0x00000000
      123339000	      6065	80003a48	5fb15a03	lhu	x20,1531(x2)	  x2:0x80032251 x20=0x00000000 PA:0x8003284c load:0x00000000
      123479000	      6072	80003a4c	5fb11683	lh	x13,1531(x2)	  x2:0x80032251 x13=0x00000000 PA:0x8003284c load:0x00000000
      123799000	      6088	80003a50	5fb15c03	lhu	x24,1531(x2)	  x2:0x80032251 x24=0x00000000 PA:0x8003284c load:0x00000000
      123819000	      6089	80003a54	8e0d	c.sub	x12,x11	 x12:0x00000000 x11:0x894eacb4 x12=0x76b1534c
      123959000	      6096	80003a56	02b15003	lhu	x0,43(x2)	  x2:0x80032251  x0=0x00000000 PA:0x8003227c load:0x00000000
      124299000	      6113	80003a5a	02b12883	lw	x17,43(x2)	  x2:0x80032251 x17=0x00000000 PA:0x8003227c load:0x00000000
      124439000	      6120	80003a5e	ef511e03	lh	x28,-267(x2)	  x2:0x80032251 x28=0x00000000 PA:0x80032146 load:0x00000000
      124479000	      6122	80003a62	02f611b3	mulh	x3,x12,x15	 x12:0x76b1534c x15:0x80047e64  x3=0xc4a96bb8
      124679000	      6132	80003a66	ef510283	lb	x5,-267(x2)	  x2:0x80032251  x5=0x00000000 PA:0x80032146 load:0x00000000
      124919000	      6144	80003a6a	0de11ea3	sh	x30,221(x2)	  x2:0x80032251 x30:0x8004bce4 PA:0x8003232e store:0x8004bce4 load:0x0000ffff
      124959000	      6146	80003a6e	02535d33	divu	x26,x6,x5	  x6:0x00000003  x5:0x00000000 x26=0xffffffff
      125279000	      6162	80003a72	0c410ea3	sb	x4,221(x2)	  x2:0x80032251  x4:0x00000000 PA:0x8003232e store:0x00000000 load:0x000000ff
      125299000	      6163	80003a76	0002f817	auipc	x16,0x2f	 x16=0x80032a76
      125319000	      6164	80003a7a	5d280813	addi	x16,x16,1490	 x16:0x80032a76 x16=0x80033048
      125359000	      6166	80003a7e	00f69e37	lui	x28,0xf69	 x28=0x00f69000
      125379000	      6167	80003a82	9872	c.add	x16,x28	 x16:0x80033048 x28:0x00f69000 x16=0x80f9c048
      125539000	      6175	80003a84	b40803a3	sb	x0,-1209(x16)	 x16:0x80f9c048  x0:0x00000000 PA:0x80f9bb8f store:0x00000000 load:0x000000ff
      125559000	      6176	80003a88	18181723	sh	x1,398(x16)	 x16:0x80f9c048  x1:0x80038b31 PA:0x80f9c1d6 store:0x80038b31 load:0x0000ffff
      125779000	      6187	80003a8c	1e281823	sh	x2,496(x16)	 x16:0x80f9c048  x2:0x80032251 PA:0x80f9c238 store:0x80032251 load:0x0000ffff
      126199000	      6208	80003a90	08380f23	sb	x3,158(x16)	 x16:0x80f9c048  x3:0xc4a96bb8 PA:0x80f9c0e6 store:0xc4a96bb8 load:0x000000ff
      126259000	      6211	80003a94	f84801a3	sb	x4,-125(x16)	 x16:0x80f9c048  x4:0x00000000 PA:0x80f9bfcb store:0x00000000 load:0x000000ff
      126479000	      6222	80003a98	74580ba3	sb	x5,1879(x16)	 x16:0x80f9c048  x5:0x00000000 PA:0x80f9c79f store:0x00000000 load:0x000000ff
      126499000	      6223	80003a9c	28681a23	sh	x6,660(x16)	 x16:0x80f9c048  x6:0x00000003 PA:0x80f9c2dc store:0x00000003 load:0x0000ffff
      126759000	      6236	80003aa0	7c7800a3	sb	x7,1985(x16)	 x16:0x80f9c048  x7:0x80047e6a PA:0x80f9c809 store:0x80047e6a load:0x000000ff
      126779000	      6237	80003aa4	9b7d	c.andi	x14,-1	 x14:0x00000000 x14=0x00000000
      126799000	      6238	80003aa6	011571b3	and	x3,x10,x17	 x10:0x00000000 x17:0x00000000  x3=0x00000000
      126859000	      6241	80003aaa	b4784503	lbu	x10,-1209(x16)	 x16:0x80f9c048 x10=0x00000000 PA:0x80f9bb8f load:0x00000000
      126959000	      6246	80003aae	18e81983	lh	x19,398(x16)	 x16:0x80f9c048 x19=0xffff8b31 PA:0x80f9c1d6 load:0xffff8b31
      127379000	      6267	80003ab2	1f085983	lhu	x19,496(x16)	 x16:0x80f9c048 x19=0x00002251 PA:0x80f9c238 load:0x00002251
      127459000	      6271	80003ab6	09e84e03	lbu	x28,158(x16)	 x16:0x80f9c048 x28=0x000000b8 PA:0x80f9c0e6 load:0x000000b8
      127479000	      6272	80003aba	8e9d	c.sub	x13,x15	 x13:0x00000000 x15:0x80047e64 x13=0x7ffb819c
      127619000	      6279	80003abc	f8384983	lbu	x19,-125(x16)	 x16:0x80f9c048 x19=0x00000000 PA:0x80f9bfcb load:0x00000000
      127639000	      6280	80003ac0	877d	c.srai	x14,0x1f	 x14:0x00000000 x14=0x00000000
      128499000	      6323	80003ac2	03c573b3	remu	x7,x10,x28	 x10:0x00000000 x28:0x000000b8  x7=0x00000000
      128519000	      6324	80003ac6	00ce	c.slli	x1,0x13	  x1:0x80038b31  x1=0x59880000
      128579000	      6327	80003ac8	75784003	lbu	x0,1879(x16)	 x16:0x80f9c048  x0=0x00000000 PA:0x80f9c79f load:0x00000000
      128599000	      6328	80003acc	29481183	lh	x3,660(x16)	 x16:0x80f9c048  x3=0x00000003 PA:0x80f9c2dc load:0x00000003
      128619000	      6329	80003ad0	7c184983	lbu	x19,1985(x16)	 x16:0x80f9c048 x19=0x0000006a PA:0x80f9c809 load:0x0000006a
      128639000	      6330	80003ad4	0002ff97	auipc	x31,0x2f	 x31=0x80032ad4
      128659000	      6331	80003ad8	334f8f93	addi	x31,x31,820	 x31:0x80032ad4 x31=0x80032e08
      128719000	      6334	80003adc	03af8d03	lb	x26,58(x31)	 x31:0x80032e08 x26=0x00000000 PA:0x80032e42 load:0x00000000
      129139000	      6355	80003ae0	03af9c83	lh	x25,58(x31)	 x31:0x80032e08 x25=0x00000000 PA:0x80032e42 load:0x00000000
      129159000	      6356	80003ae4	01fbca33	xor	x20,x23,x31	 x23:0x00000000 x31:0x80032e08 x20=0x80032e08
      129219000	      6359	80003ae8	036f9d23	sh	x22,58(x31)	 x31:0x80032e08 x22:0x0000d000 PA:0x80032e42 store:0x0000d000 load:0x0000ffff
      129639000	      6380	80003aec	03cfce03	lbu	x28,60(x31)	 x31:0x80032e08 x28=0x00000000 PA:0x80032e44 load:0x00000000
      129659000	      6381	80003af0	5ef50013	addi	x0,x10,1519	 x10:0x00000000  x0=0x00000000
      129779000	      6387	80003af4	02ef9e23	sh	x14,60(x31)	 x31:0x80032e08 x14:0x00000000 PA:0x80032e44 store:0x00000000 load:0x0000ffff
      129799000	      6388	80003af8	8665	c.srai	x12,0x19	 x12:0x76b1534c x12=0x0000003b
      129859000	      6391	80003afa	fc0fd203	lhu	x4,-64(x31)	 x31:0x80032e08  x4=0x00000000 PA:0x80032dc8 load:0x00000000
      130079000	      6402	80003afe	049fa023	sw	x9,64(x31)	 x31:0x80032e08  x9:0x80047e64 PA:0x80032e48 store:0x80047e64 load:0xffffffff
      130099000	      6403	80003b02	0ff0000f	fence	iorw,iorw	
      130439000	      6420	80003b06	039f8883	lb	x17,57(x31)	 x31:0x80032e08 x17=0x00000000 PA:0x80032e41 load:0x00000000
      130779000	      6437	80003b0a	027f8ca3	sb	x7,57(x31)	 x31:0x80032e08  x7:0x00000000 PA:0x80032e41 store:0x00000000 load:0x000000ff
      130839000	      6440	80003b0e	039f8503	lb	x10,57(x31)	 x31:0x80032e08 x10=0x00000000 PA:0x80032e41 load:0x00000000
      130859000	      6441	80003b12	03af8e03	lb	x28,58(x31)	 x31:0x80032e08 x28=0x00000000 PA:0x80032e42 load:0x00000000
      131259000	      6461	80003b16	03afc383	lbu	x7,58(x31)	 x31:0x80032e08  x7=0x00000000 PA:0x80032e42 load:0x00000000
      131439000	      6470	80003b1a	03af9983	lh	x19,58(x31)	 x31:0x80032e08 x19=0xffffd000 PA:0x80032e42 load:0xffffd000
      131879000	      6492	80003b1e	fcdfcc03	lbu	x24,-51(x31)	 x31:0x80032e08 x24=0x00000000 PA:0x80032dd5 load:0x00000000
      131899000	      6493	80003b22	00035117	auipc	x2,0x35	  x2=0x80038b22
      131919000	      6494	80003b26	e8110113	addi	x2,x2,-383	  x2:0x80038b22  x2=0x800389a3
      132019000	      6499	80003b2a	02610783	lb	x15,38(x2)	  x2:0x800389a3 x15=0x00000000 PA:0x800389c9 load:0x00000000
      132279000	      6512	80003b2e	fdb15d83	lhu	x27,-37(x2)	  x2:0x800389a3 x27=0x00000000 PA:0x8003897e load:0x00000000
      132299000	      6513	80003b32	6109f893	andi	x17,x19,1552	 x19:0xffffd000 x17=0x00000000
      132339000	      6515	80003b36	03e92433	mulhsu	x8,x18,x30	 x18:0x00000000 x30:0x8004bce4  x8=0x00000000
      132399000	      6518	80003b3a	00f107a3	sb	x15,15(x2)	  x2:0x800389a3 x15:0x00000000 PA:0x800389b2 store:0x00000000 load:0x000000ff
      132419000	      6519	80003b3e	01d15183	lhu	x3,29(x2)	  x2:0x800389a3  x3=0x00000000 PA:0x800389c0 load:0x00000000
      132439000	      6520	80003b42	8c4d	c.or	x8,x11	  x8:0x00000000 x11:0x894eacb4  x8=0x894eacb4
      132719000	      6534	80003b44	fe014203	lbu	x4,-32(x2)	  x2:0x800389a3  x4=0x00000000 PA:0x80038983 load:0x00000000
      132739000	      6535	80003b48	92ba	c.add	x5,x14	  x5:0x00000000 x14:0x00000000  x5=0x00000000
      132999000	      6548	80003b4a	ff010c83	lb	x25,-16(x2)	  x2:0x800389a3 x25=0x00000000 PA:0x80038993 load:0x00000000
      133079000	      6552	80003b4e	ffa109a3	sb	x26,-13(x2)	  x2:0x800389a3 x26:0x00000000 PA:0x80038996 store:0x00000000 load:0x000000ff
      133099000	      6553	80003b52	03315a03	lhu	x20,51(x2)	  x2:0x800389a3 x20=0x00000000 PA:0x800389d6 load:0x00000000
      133139000	      6555	80003b56	fe715983	lhu	x19,-25(x2)	  x2:0x800389a3 x19=0x00000000 PA:0x8003898a load:0x00000000
      133339000	      6565	80003b5a	02315d03	lhu	x26,35(x2)	  x2:0x800389a3 x26=0x00000000 PA:0x800389c6 load:0x00000000
      133359000	      6566	80003b5e	df8b3db7	lui	x27,0xdf8b3	 x27=0xdf8b3000
      133699000	      6583	80003b62	00810203	lb	x4,8(x2)	  x2:0x800389a3  x4=0x00000000 PA:0x800389ab load:0x00000000
      134439000	      6620	80003b66	02de4e33	div	x28,x28,x13	 x28:0x00000000 x13:0x7ffb819c x28=0x00000000
      134479000	      6622	80003b6a	03c4fcb3	remu	x25,x9,x28	  x9:0x80047e64 x28:0x00000000 x25=0x80047e64
      134559000	      6626	80003b6e	02914083	lbu	x1,41(x2)	  x2:0x800389a3  x1=0x00000000 PA:0x800389cc load:0x00000000
      134579000	      6627	80003b72	8eba	c.mv	x29,x14	  x0:0x00000000 x14:0x00000000 x29=0x00000000
      134599000	      6628	80003b74	d8f63c93	sltiu	x25,x12,-625	 x12:0x0000003b x25=0x00000001
      134659000	      6631	80003b78	01414a03	lbu	x20,20(x2)	  x2:0x800389a3 x20=0x00000000 PA:0x800389b7 load:0x00000000
      135399000	      6668	80003b7c	039b6033	rem	x0,x22,x25	 x22:0x0000d000 x25:0x00000001  x0=0x00000000
      135419000	      6669	80003b80	17b60813	addi	x16,x12,379	 x12:0x0000003b x16=0x000001b6
      135479000	      6672	80003b84	ff915b03	lhu	x22,-7(x2)	  x2:0x800389a3 x22=0x00000000 PA:0x8003899c load:0x00000000
      135619000	      6679	80003b88	000d5c93	srli	x25,x26,0x0	 x26:0x00000000 x25=0x00000000
      135759000	      6686	80003b8c	03f14883	lbu	x17,63(x2)	  x2:0x800389a3 x17=0x00000000 PA:0x800389e2 load:0x00000000
      135899000	      6693	80003b90	03c14503	lbu	x10,60(x2)	  x2:0x800389a3 x10=0x00000000 PA:0x800389df load:0x00000000
      135919000	      6694	80003b94	662d	c.lui	x12,0xb	 x12=0x0000b000
      135959000	      6696	80003b96	62ce3997	auipc	x19,0x62ce3	 x19=0xe2ce6b96
      136259000	      6711	80003b9a	ffc10c03	lb	x24,-4(x2)	  x2:0x800389a3 x24=0x00000000 PA:0x8003899f load:0x00000000
      136279000	      6712	80003b9e	0002e217	auipc	x4,0x2e	  x4=0x80031b9e
      136299000	      6713	80003ba2	4aa20213	addi	x4,x4,1194	  x4:0x80031b9e  x4=0x80032048
      136319000	      6714	80003ba6	4ed47637	lui	x12,0x4ed47	 x12=0x4ed47000
      136339000	      6715	80003baa	9232	c.add	x4,x12	  x4:0x80032048 x12:0x4ed47000  x4=0xced79048
      136399000	      6718	80003bac	4a021623	sh	x0,1196(x4)	  x4:0xced79048  x0:0x00000000 PA:0xced794f4 store:0x00000000 load:0x0000ffff
      136579000	      6727	80003bb0	261209a3	sb	x1,627(x4)	  x4:0xced79048  x1:0x00000000 PA:0xced792bb store:0x00000000 load:0x000000ff
      136639000	      6730	80003bb4	7e221a23	sh	x2,2036(x4)	  x4:0xced79048  x2:0x800389a3 PA:0xced7983c store:0x800389a3 load:0x0000ffff
      136659000	      6731	80003bb8	6e4208a3	sb	x4,1777(x4)	  x4:0xced79048  x4:0xced79048 PA:0xced79739 store:0xced79048 load:0x000000ff
      136839000	      6740	80003bbc	2c5205a3	sb	x5,715(x4)	  x4:0xced79048  x5:0x00000000 PA:0xced79313 store:0x00000000 load:0x000000ff
      136859000	      6741	80003bc0	cac51697	auipc	x13,0xcac51	 x13=0x4ac54bc0
      136879000	      6742	80003bc4	1290	c.addi4spn	x12,x2,352	 x12=0x80038b03
      136899000	      6743	80003bc6	0105c133	xor	x2,x11,x16	 x11:0x894eacb4 x16:0x000001b6  x2=0x894ead02
      137019000	      6749	80003bca	4ac25a83	lhu	x21,1196(x4)	  x4:0xced79048 x21=0x00000000 PA:0xced794f4 load:0x00000000
      137039000	      6750	80003bce	0001	c.addi	x0,0	  x0:0x00000000  x0=0x00000000
      137499000	      6773	80003bd0	27320783	lb	x15,627(x4)	  x4:0xced79048 x15=0x00000000 PA:0xced792bb load:0x00000000
      137959000	      6796	80003bd4	7f425883	lhu	x17,2036(x4)	  x4:0xced79048 x17=0x000089a3 PA:0xced7983c load:0x000089a3
      137979000	      6797	80003bd8	13674d93	xori	x27,x14,310	 x14:0x00000000 x27=0x00000136
      138039000	      6800	80003bdc	c8422e23	sw	x4,-868(x4)	  x4:0xced79048  x4:0xced79048 PA:0xced78ce4 store:0xced79048 load:0xffffffff
      138059000	      6801	80003be0	1e98	c.addi4spn	x14,x2,880	 x14=0x894eb072
      138479000	      6822	80003be2	6f120f83	lb	x31,1777(x4)	  x4:0xced79048 x31=0x00000048 PA:0xced79739 load:0x00000048
      138539000	      6825	80003be6	2cb20f83	lb	x31,715(x4)	  x4:0xced79048 x31=0x00000000 PA:0xced79313 load:0x00000000
      138559000	      6826	80003bea	0002e817	auipc	x16,0x2e	 x16=0x80031bea
      138579000	      6827	80003bee	45e80813	addi	x16,x16,1118	 x16:0x80031bea x16=0x80032048
      138599000	      6828	80003bf2	0626e637	lui	x12,0x626e	 x12=0x0626e000
      138619000	      6829	80003bf6	9832	c.add	x16,x12	 x16:0x80032048 x12:0x0626e000 x16=0x862a0048
      138959000	      6846	80003bf8	9c1806a3	sb	x1,-1587(x16)	 x16:0x862a0048  x1:0x00000000 PA:0x8629fa15 store:0x00000000 load:0x000000ff
      139159000	      6856	80003bfc	70281323	sh	x2,1798(x16)	 x16:0x862a0048  x2:0x894ead02 PA:0x862a074e store:0x894ead02 load:0x0000ffff
      139179000	      6857	80003c00	38f83113	sltiu	x2,x16,911	 x16:0x862a0048  x2=0x00000000
      139199000	      6858	80003c04	8d0d	c.sub	x10,x11	 x10:0x00000000 x11:0x894eacb4 x10=0x76b1534c
      139399000	      6868	80003c06	af4803a3	sb	x20,-1305(x16)	 x16:0x862a0048 x20:0x00000000 PA:0x8629fb2f store:0x00000000 load:0x000000ff
      139419000	      6869	80003c0a	6349	c.lui	x6,0x12	  x6=0x00012000
      139439000	      6870	80003c0c	98ce	c.add	x17,x19	 x17:0x000089a3 x19:0xe2ce6b96 x17=0xe2cef539
      139459000	      6871	80003c0e	a3cee913	ori	x18,x29,-1476	 x29:0x00000000 x18=0xfffffa3c
      139619000	      6879	80003c12	9cd84e03	lbu	x28,-1587(x16)	 x16:0x862a0048 x28=0x00000000 PA:0x8629fa15 load:0x00000000
      139639000	      6880	80003c16	8ee5	c.and	x13,x9	 x13:0x4ac54bc0  x9:0x80047e64 x13=0x00044a40
      139699000	      6883	80003c18	70681183	lh	x3,1798(x16)	 x16:0x862a0048  x3=0xffffad02 PA:0x862a074e load:0xffffad02
      139919000	      6894	80003c1c	a34809a3	sb	x20,-1485(x16)	 x16:0x862a0048 x20:0x00000000 PA:0x8629fa7b store:0x00000000 load:0x000000ff
      139939000	      6895	80003c20	00028bb3	add	x23,x5,x0	  x5:0x00000000  x0:0x00000000 x23=0x00000000
      140059000	      6901	80003c24	8f980ba3	sb	x25,-1801(x16)	 x16:0x862a0048 x25:0x00000000 PA:0x8629f93f store:0x00000000 load:0x000000ff
      140439000	      6920	80003c28	0003c717	auipc	x14,0x3c	 x14=0x8003fc28
      140459000	      6921	80003c2c	50270713	addi	x14,x14,1282	 x14:0x8003fc28 x14=0x8004012a
      140619000	      6929	80003c30	0001	c.addi	x0,0	  x0:0x00000000  x0=0x00000000
      141039000	      6950	80003c32	01324ab3	xor	x21,x4,x19	  x4:0xced79048 x19:0xe2ce6b96 x21=0x2c19fbde
      141119000	      6954	80003c36	abfc7617	auipc	x12,0xabfc7	 x12=0x2bfcac36
      141179000	      6957	80003c3a	00171723	sh	x1,14(x14)	 x14:0x8004012a  x1:0x00000000 PA:0x80040138 store:0x00000000 load:0x0000ffff
      141999000	      6998	80003c3e	66e70803	lb	x16,1646(x14)	 x14:0x8004012a x16=0x00000000 PA:0x80040798 load:0x00000000
      142019000	      6999	80003c42	01c0bfb3	sltu	x31,x1,x28	  x1:0x00000000 x28:0x00000000 x31=0x00000000
      142039000	      7000	80003c46	8129	c.srli	x10,0xa	 x10:0x76b1534c x10=0x001dac54
      142299000	      7013	80003c48	d7771323	sh	x23,-666(x14)	 x14:0x8004012a x23:0x00000000 PA:0x8003fe90 store:0x00000000 load:0x0000ffff
      143039000	      7050	80003c4c	031e7db3	remu	x27,x28,x17	 x28:0x00000000 x17:0xe2cef539 x27=0x00000000
      143099000	      7053	80003c50	fe075a83	lhu	x21,-32(x14)	 x14:0x8004012a x21=0x00000000 PA:0x8004010a load:0x00000000
      143119000	      7054	80003c54	17c704a3	sb	x28,361(x14)	 x14:0x8004012a x28:0x00000000 PA:0x80040293 store:0x00000000 load:0x000000ff
      143139000	      7055	80003c58	7c675a83	lhu	x21,1990(x14)	 x14:0x8004012a x21=0x00000000 PA:0x800408f0 load:0x00000000
      143219000	      7059	80003c5c	b0c706a3	sb	x12,-1267(x14)	 x14:0x8004012a x12:0x2bfcac36 PA:0x8003fc37 store:0x2bfcac36 load:0x000000ff
      143379000	      7067	80003c60	c9d74403	lbu	x8,-867(x14)	 x14:0x8004012a  x8=0x00000000 PA:0x8003fdc7 load:0x00000000
      143799000	      7088	80003c64	a6970d03	lb	x26,-1431(x14)	 x14:0x8004012a x26=0x00000000 PA:0x8003fb93 load:0x00000000
      143819000	      7089	80003c68	007b5533	srl	x10,x22,x7	 x22:0x00000000  x7:0x00000000 x10=0x00000000
      144039000	      7100	80003c6c	74d74403	lbu	x8,1869(x14)	 x14:0x8004012a  x8=0x00000000 PA:0x80040877 load:0x00000000
      144119000	      7104	80003c70	ac871a23	sh	x8,-1324(x14)	 x14:0x8004012a  x8:0x00000000 PA:0x8003fbfe store:0x00000000 load:0x0000ffff
      144219000	      7109	80003c74	a4170223	sb	x1,-1468(x14)	 x14:0x8004012a  x1:0x00000000 PA:0x8003fb6e store:0x00000000 load:0x000000ff
      144539000	      7125	80003c78	73171c23	sh	x17,1848(x14)	 x14:0x8004012a x17:0xe2cef539 PA:0x80040862 store:0xe2cef539 load:0x0000ffff
      144599000	      7128	80003c7c	8c574e03	lbu	x28,-1851(x14)	 x14:0x8004012a x28=0x00000000 PA:0x8003f9ef load:0x00000000
      144619000	      7129	80003c80	02f9	c.addi	x5,30	  x5:0x00000000  x5=0x0000001e
      144639000	      7130	80003c82	717d	c.addi16sp	x2,-16	  x2:0x00000000  x2=0xfffffff0
      144659000	      7131	80003c84	407f5133	sra	x2,x30,x7	 x30:0x8004bce4  x7:0x00000000  x2=0x8004bce4
      144699000	      7133	80003c88	020c1fb3	mulh	x31,x24,x0	 x24:0x00000000  x0:0x00000000 x31=0x00000000
      144819000	      7139	80003c8c	d99700a3	sb	x25,-639(x14)	 x14:0x8004012a x25:0x00000000 PA:0x8003feab store:0x00000000 load:0x000000ff
      144879000	      7142	80003c90	6b074603	lbu	x12,1712(x14)	 x14:0x8004012a x12=0x00000000 PA:0x800407da load:0x00000000
      144939000	      7145	80003c94	bd574c83	lbu	x25,-1067(x14)	 x14:0x8004012a x25=0x00000000 PA:0x8003fcff load:0x00000000
      144959000	      7146	80003c98	9bfd	c.andi	x15,-1	 x15:0x00000000 x15=0x00000000
      145279000	      7162	80003c9a	cf170c83	lb	x25,-783(x14)	 x14:0x8004012a x25=0x00000000 PA:0x8003fe1b load:0x00000000
      148059000	      7301	80003c9e	0002e217	auipc	x4,0x2e	  x4=0x80031c9e
      148079000	      7302	80003ca2	3aa20213	addi	x4,x4,938	  x4:0x80031c9e  x4=0x80032048
      148099000	      7303	80003ca6	4a1b9e37	lui	x28,0x4a1b9	 x28=0x4a1b9000
      148119000	      7304	80003caa	9272	c.add	x4,x28	  x4:0x80032048 x28:0x4a1b9000  x4=0xca1eb048
      148579000	      7327	80003cac	38320723	sb	x3,910(x4)	  x4:0xca1eb048  x3:0xffffad02 PA:0xca1eb3d6 store:0xffffad02 load:0x000000ff
      148599000	      7328	80003cb0	5b100a37	lui	x20,0x5b100	 x20=0x5b100000
      148619000	      7329	80003cb4	0048ca33	xor	x20,x17,x4	 x17:0xe2cef539  x4:0xca1eb048 x20=0x28d04571
      148639000	      7330	80003cb8	8c19	c.sub	x8,x14	  x8:0x00000000 x14:0x8004012a  x8=0x7ffbfed6
      148659000	      7331	80003cba	000c1293	slli	x5,x24,0x0	 x24:0x00000000  x5=0x00000000
      148819000	      7339	80003cbe	55020d23	sb	x16,1370(x4)	  x4:0xca1eb048 x16:0x00000000 PA:0xca1eb5a2 store:0x00000000 load:0x000000ff
      148859000	      7341	80003cc2	fb4208a3	sb	x20,-79(x4)	  x4:0xca1eb048 x20:0x28d04571 PA:0xca1eaff9 store:0x28d04571 load:0x000000ff
      148879000	      7342	80003cc6	7e3200a3	sb	x3,2017(x4)	  x4:0xca1eb048  x3:0xffffad02 PA:0xca1eb829 store:0xffffad02 load:0x000000ff
      149219000	      7359	80003cca	38e20f83	lb	x31,910(x4)	  x4:0xca1eb048 x31=0x00000002 PA:0xca1eb3d6 load:0x00000002
      149239000	      7360	80003cce	00d52833	slt	x16,x10,x13	 x10:0x00000000 x13:0x00044a40 x16=0x00000001
      149699000	      7383	80003cd2	02420ca3	sb	x4,57(x4)	  x4:0xca1eb048  x4:0xca1eb048 PA:0xca1eb081 store:0xca1eb048 load:0x000000ff
      149719000	      7384	80003cd6	00030417	auipc	x8,0x30	  x8=0x80033cd6
      149739000	      7385	80003cda	f1940413	addi	x8,x8,-231	  x8:0x80033cd6  x8=0x80033bef
      149879000	      7392	80003cde	0db41383	lh	x7,219(x8)	  x8:0x80033bef  x7=0x00000000 PA:0x80033cca load:0x00000000
      149919000	      7394	80003ce2	510405a3	sb	x16,1291(x8)	  x8:0x80033bef x16:0x00000001 PA:0x800340fa store:0x00000001 load:0x000000ff
      149939000	      7395	80003ce6	0002f997	auipc	x19,0x2f	 x19=0x80032ce6
      149959000	      7396	80003cea	ad398993	addi	x19,x19,-1325	 x19:0x80032ce6 x19=0x800327b9
      150419000	      7419	80003cee	fda44603	lbu	x12,-38(x8)	  x8:0x80033bef x12=0x00000000 PA:0x80033bc9 load:0x00000000
      150879000	      7442	80003cf2	23740303	lb	x6,567(x8)	  x8:0x80033bef  x6=0x00000000 PA:0x80033e26 load:0x00000000
      151119000	      7454	80003cf6	e5098723	sb	x16,-434(x19)	 x19:0x800327b9 x16:0x00000001 PA:0x80032607 store:0x00000001 load:0x000000ff
      151359000	      7466	80003cfa	53098503	lb	x10,1328(x19)	 x19:0x800327b9 x10=0x00000000 PA:0x80032ce9 load:0x00000000
      151779000	      7487	80003cfe	52998e83	lb	x29,1321(x19)	 x19:0x800327b9 x29=0x00000000 PA:0x80032ce2 load:0x00000000
      151859000	      7491	80003d02	98640523	sb	x6,-1654(x8)	  x8:0x80033bef  x6:0x00000000 PA:0x80033579 store:0x00000000 load:0x000000ff
      152279000	      7512	80003d06	f2c44703	lbu	x14,-212(x8)	  x8:0x80033bef x14=0x00000000 PA:0x80033b1b load:0x00000000
      152539000	      7525	80003d0a	3d89c303	lbu	x6,984(x19)	 x19:0x800327b9  x6=0x00000000 PA:0x80032b91 load:0x00000000
      152559000	      7526	80003d0e	be3995a3	sh	x3,-1045(x19)	 x19:0x800327b9  x3:0xffffad02 PA:0x800323a4 store:0xffffad02 load:0x0000ffff
      152619000	      7529	80003d12	4ad40903	lb	x18,1197(x8)	  x8:0x80033bef x18=0x00000000 PA:0x8003409c load:0x00000000
      152679000	      7532	80003d16	7ad9ce83	lbu	x29,1965(x19)	 x19:0x800327b9 x29=0x00000000 PA:0x80032f66 load:0x00000000
      153099000	      7553	80003d1a	d3745883	lhu	x17,-713(x8)	  x8:0x80033bef x17=0x00000000 PA:0x80033926 load:0x00000000
      153559000	      7576	80003d1e	92440b83	lb	x23,-1756(x8)	  x8:0x80033bef x23=0x00000000 PA:0x80033513 load:0x00000000
      153619000	      7579	80003d22	e5340a03	lb	x20,-429(x8)	  x8:0x80033bef x20=0x00000000 PA:0x80033a42 load:0x00000000
      153639000	      7580	80003d26	0003ed17	auipc	x26,0x3e	 x26=0x80041d26
      153659000	      7581	80003d2a	73dd0d13	addi	x26,x26,1853	 x26:0x80041d26 x26=0x80042463
      154099000	      7603	80003d2e	fdad4a83	lbu	x21,-38(x26)	 x26:0x80042463 x21=0x00000000 PA:0x8004243d load:0x00000000
      154559000	      7626	80003d32	fdad0e03	lb	x28,-38(x26)	 x26:0x80042463 x28=0x00000000 PA:0x8004243d load:0x00000000
      154739000	      7635	80003d36	00ad0c83	lb	x25,10(x26)	 x26:0x80042463 x25=0x00000000 PA:0x8004246d load:0x00000000
      154759000	      7636	80003d3a	00eae3b3	or	x7,x21,x14	 x21:0x00000000 x14:0x00000000  x7=0x00000000
      154779000	      7637	80003d3e	0000100f	fence.i	
      155739000	      7685	80003d42	407fd513	srai	x10,x31,0x7	 x31:0x00000002 x10=0x00000000
      156239000	      7710	80003d46	ffed4883	lbu	x17,-2(x26)	 x26:0x80042463 x17=0x00000000 PA:0x80042461 load:0x00000000
      156259000	      7711	80003d4a	ffed4b83	lbu	x23,-2(x26)	 x26:0x80042463 x23=0x00000000 PA:0x80042461 load:0x00000000
      156459000	      7721	80003d4e	ffed0e83	lb	x29,-2(x26)	 x26:0x80042463 x29=0x00000000 PA:0x80042461 load:0x00000000
      156519000	      7724	80003d52	fe0d0f23	sb	x0,-2(x26)	 x26:0x80042463  x0:0x00000000 PA:0x80042461 store:0x00000000 load:0x000000ff
      156539000	      7725	80003d56	ffed4303	lbu	x6,-2(x26)	 x26:0x80042463  x6=0x00000000 PA:0x80042461 load:0x00000000
      156559000	      7726	80003d5a	030d10a3	sh	x16,33(x26)	 x26:0x80042463 x16:0x00000001 PA:0x80042484 store:0x00000001 load:0x0000ffff
      156579000	      7727	80003d5e	021d2983	lw	x19,33(x26)	 x26:0x80042463 x19=0x00000001 PA:0x80042484 load:0x00000001
      157319000	      7764	80003d62	023bfeb3	remu	x29,x23,x3	 x23:0x00000000  x3:0xffffad02 x29=0x00000000
      157859000	      7791	80003d66	015d5603	lhu	x12,21(x26)	 x26:0x80042463 x12=0x00000000 PA:0x80042478 load:0x00000000
      157919000	      7794	80003d6a	007d1aa3	sh	x7,21(x26)	 x26:0x80042463  x7:0x00000000 PA:0x80042478 store:0x00000000 load:0x0000ffff
      158079000	      7802	80003d6e	03bd1003	lh	x0,59(x26)	 x26:0x80042463  x0=0x00000000 PA:0x8004249e load:0x00000000
      158099000	      7803	80003d72	00030417	auipc	x8,0x30	  x8=0x80033d72
      158119000	      7804	80003d76	f4740413	addi	x8,x8,-185	  x8:0x80033d72  x8=0x80033cb9
      158179000	      7807	80003d7a	5cd40703	lb	x14,1485(x8)	  x8:0x80033cb9 x14=0x00000000 PA:0x80034286 load:0x00000000
      158199000	      7808	80003d7e	0001	c.addi	x0,0	  x0:0x00000000  x0=0x00000000
      158419000	      7819	80003d80	7bb40023	sb	x27,1952(x8)	  x8:0x80033cb9 x27:0x00000000 PA:0x80034459 store:0x00000000 load:0x000000ff
      158439000	      7820	80003d84	410edb13	srai	x22,x29,0x10	 x29:0x00000000 x22=0x00000000
      158459000	      7821	80003d88	01685a13	srli	x20,x16,0x16	 x16:0x00000001 x20=0x00000000
      158579000	      7827	80003d8c	aac44b83	lbu	x23,-1364(x8)	  x8:0x80033cb9 x23=0x00000000 PA:0x80033765 load:0x00000000
      158679000	      7832	80003d90	56477993	andi	x19,x14,1380	 x14:0x00000000 x19=0x00000000
      158939000	      7845	80003d94	96140ea3	sb	x1,-1667(x8)	  x8:0x80033cb9  x1:0x00000000 PA:0x80033636 store:0x00000000 load:0x000000ff
      158959000	      7846	80003d98	39a44303	lbu	x6,922(x8)	  x8:0x80033cb9  x6=0x00000000 PA:0x80034053 load:0x00000000
      158999000	      7848	80003d9c	032b6db3	rem	x27,x22,x18	 x22:0x00000000 x18:0x00000000 x27=0x00000000
      159339000	      7865	80003da0	b6c40ca3	sb	x12,-1159(x8)	  x8:0x80033cb9 x12:0x00000000 PA:0x80033832 store:0x00000000 load:0x000000ff
      159399000	      7868	80003da4	87840003	lb	x0,-1928(x8)	  x8:0x80033cb9  x0=0x00000000 PA:0x80033531 load:0x00000000
      159419000	      7869	80003da8	014c8533	add	x10,x25,x20	 x25:0x00000000 x20:0x00000000 x10=0x00000000
      159439000	      7870	80003dac	0d75	c.addi	x26,29	 x26:0x80042463 x26=0x80042480
      159459000	      7871	80003dae	863f7c37	lui	x24,0x863f7	 x24=0x863f7000
      159779000	      7887	80003db2	982421a3	sw	x2,-1661(x8)	  x8:0x80033cb9  x2:0x8004bce4 PA:0x8003363c store:0x8004bce4 load:0xffffffff
      159799000	      7888	80003db6	00fcd7b3	srl	x15,x25,x15	 x25:0x00000000 x15:0x00000000 x15=0x00000000
      159819000	      7889	80003dba	0001	c.addi	x0,0	  x0:0x00000000  x0=0x00000000
      160139000	      7905	80003dbc	8f51	c.or	x14,x12	 x14:0x00000000 x12:0x00000000 x14=0x00000000
      160159000	      7906	80003dbe	40180833	sub	x16,x16,x1	 x16:0x00000001  x1:0x00000000 x16=0x00000001
      160179000	      7907	80003dc2	19297993	andi	x19,x18,402	 x18:0x00000000 x19=0x00000000
      161039000	      7950	80003dc6	df244103	lbu	x2,-526(x8)	  x8:0x80033cb9  x2=0x00000000 PA:0x80033aab load:0x00000000
      161059000	      7951	80003dca	026ca213	slti	x4,x25,38	 x25:0x00000000  x4=0x00000001
      161399000	      7968	80003dce	cd540503	lb	x10,-811(x8)	  x8:0x80033cb9 x10=0x00000000 PA:0x8003398e load:0x00000000
      161859000	      7991	80003dd2	e2545183	lhu	x3,-475(x8)	  x8:0x80033cb9  x3=0x00000000 PA:0x80033ade load:0x00000000
      161919000	      7994	80003dd6	97644a83	lbu	x21,-1674(x8)	  x8:0x80033cb9 x21=0x00000000 PA:0x8003362f load:0x00000000
      161939000	      7995	80003dda	0003c117	auipc	x2,0x3c	  x2=0x8003fdda
      161959000	      7996	80003dde	ed710113	addi	x2,x2,-297	  x2:0x8003fdda  x2=0x8003fcb1
      162079000	      8002	80003de2	29e14503	lbu	x10,670(x2)	  x2:0x8003fcb1 x10=0x00000000 PA:0x8003ff4f load:0x00000000
      162319000	      8014	80003de6	30d11083	lh	x1,781(x2)	  x2:0x8003fcb1  x1=0x00000000 PA:0x8003ffbe load:0x00000000
      162739000	      8035	80003dea	f8014803	lbu	x16,-128(x2)	  x2:0x8003fcb1 x16=0x00000000 PA:0x8003fc31 load:0x00000000
      162899000	      8043	80003dee	98f110a3	sh	x15,-1663(x2)	  x2:0x8003fcb1 x15:0x00000000 PA:0x8003f632 store:0x00000000 load:0x0000ffff
      162919000	      8044	80003df2	41968db3	sub	x27,x13,x25	 x13:0x00044a40 x25:0x00000000 x27=0x00044a40
      162939000	      8045	80003df6	b2d03413	sltiu	x8,x0,-1235	  x0:0x00000000  x8=0x00000001
      162959000	      8046	80003dfa	98b18db7	lui	x27,0x98b18	 x27=0x98b18000
      163199000	      8058	80003dfe	98114f83	lbu	x31,-1663(x2)	  x2:0x8003fcb1 x31=0x00000000 PA:0x8003f632 load:0x00000000
      163299000	      8063	80003e02	c7e14383	lbu	x7,-898(x2)	  x2:0x8003fcb1  x7=0x00000000 PA:0x8003f92f load:0x00000000
      163499000	      8073	80003e06	9e914003	lbu	x0,-1559(x2)	  x2:0x8003fcb1  x0=0x00000000 PA:0x8003f69a load:0x00000000
      163519000	      8074	80003e0a	547d	c.li	x8,-1	  x8=0xffffffff
      163539000	      8075	80003e0c	4178de93	srai	x29,x17,0x17	 x17:0x00000000 x29=0x00000000
      164039000	      8100	80003e10	d3214083	lbu	x1,-718(x2)	  x2:0x8003fcb1  x1=0x00000000 PA:0x8003f9e3 load:0x00000000
      164059000	      8101	80003e14	006409b3	add	x19,x8,x6	  x8:0xffffffff  x6:0x00000000 x19=0xffffffff
      164439000	      8120	80003e18	25d101a3	sb	x29,579(x2)	  x2:0x8003fcb1 x29:0x00000000 PA:0x8003fef4 store:0x00000000 load:0x000000ff
      164559000	      8126	80003e1c	25f101a3	sb	x31,579(x2)	  x2:0x8003fcb1 x31:0x00000000 PA:0x8003fef4 store:0x00000000 load:0x000000ff
      164579000	      8127	80003e20	8c4d	c.or	x8,x11	  x8:0xffffffff x11:0x894eacb4  x8=0xffffffff
      164599000	      8128	80003e22	01710323	sb	x23,6(x2)	  x2:0x8003fcb1 x23:0x00000000 PA:0x8003fcb7 store:0x00000000 load:0x000000ff
      164639000	      8130	80003e26	01310323	sb	x19,6(x2)	  x2:0x8003fcb1 x19:0xffffffff PA:0x8003fcb7 store:0xffffffff load:0x000000ff
      165119000	      8154	80003e2a	00d10323	sb	x13,6(x2)	  x2:0x8003fcb1 x13:0x00044a40 PA:0x8003fcb7 store:0x00044a40 load:0x000000ff
      165199000	      8158	80003e2e	10214c03	lbu	x24,258(x2)	  x2:0x8003fcb1 x24=0x00000000 PA:0x8003fdb3 load:0x00000000
      165379000	      8167	80003e32	10210003	lb	x0,258(x2)	  x2:0x8003fcb1  x0=0x00000000 PA:0x8003fdb3 load:0x00000000
      165399000	      8168	80003e36	0003fb17	auipc	x22,0x3f	 x22=0x80042e36
      165419000	      8169	80003e3a	eb9b0b13	addi	x22,x22,-327	 x22:0x80042e36 x22=0x80042cef
      165519000	      8174	80003e3e	f25b2083	lw	x1,-219(x22)	 x22:0x80042cef  x1=0x00000000 PA:0x80042c14 load:0x00000000
      165739000	      8185	80003e42	0dab0123	sb	x26,194(x22)	 x22:0x80042cef x26:0x80042480 PA:0x80042db1 store:0x80042480 load:0x000000ff
      165759000	      8186	80003e46	03828bb3	mul	x23,x5,x24	  x5:0x00000000 x24:0x00000000 x23=0x00000000
      165819000	      8189	80003e4a	0c2b4383	lbu	x7,194(x22)	 x22:0x80042cef  x7=0x00000080 PA:0x80042db1 load:0x00000080
      166379000	      8217	80003e4e	f87b4a83	lbu	x21,-121(x22)	 x22:0x80042cef x21=0x00000000 PA:0x80042c76 load:0x00000000
      166419000	      8219	80003e52	00cad613	srli	x12,x21,0xc	 x21:0x00000000 x12=0x00000000
      166659000	      8231	80003e56	f87b0603	lb	x12,-121(x22)	 x22:0x80042cef x12=0x00000000 PA:0x80042c76 load:0x00000000
      166839000	      8240	80003e5a	f95b03a3	sb	x21,-121(x22)	 x22:0x80042cef x21:0x00000000 PA:0x80042c76 store:0x00000000 load:0x000000ff
      167239000	      8260	80003e5e	fc4b4283	lbu	x5,-60(x22)	 x22:0x80042cef  x5=0x00000000 PA:0x80042cb3 load:0x00000000
      167259000	      8261	80003e62	b484eb93	ori	x23,x9,-1208	  x9:0x80047e64 x23=0xffffff6c
      167499000	      8273	80003e66	fc4b4003	lbu	x0,-60(x22)	 x22:0x80042cef  x0=0x00000000 PA:0x80042cb3 load:0x00000000
      167559000	      8276	80003e6a	fc4b4803	lbu	x16,-60(x22)	 x22:0x80042cef x16=0x00000000 PA:0x80042cb3 load:0x00000000
      167579000	      8277	80003e6e	fccb0223	sb	x12,-60(x22)	 x22:0x80042cef x12:0x00000000 PA:0x80042cb3 store:0x00000000 load:0x000000ff
      167599000	      8278	80003e72	0059dfb3	srl	x31,x19,x5	 x19:0xffffffff  x5:0x00000000 x31=0xffffffff
      167799000	      8288	80003e76	086b11a3	sh	x6,131(x22)	 x22:0x80042cef  x6:0x00000000 PA:0x80042d72 store:0x00000000 load:0x0000ffff
      167859000	      8291	80003e7a	083b5203	lhu	x4,131(x22)	 x22:0x80042cef  x4=0x00000000 PA:0x80042d72 load:0x00000000
      167879000	      8292	80003e7e	0002e117	auipc	x2,0x2e	  x2=0x80031e7e
      168039000	      8300	80003e82	30a10113	addi	x2,x2,778	  x2:0x80031e7e  x2=0x80032188
      168459000	      8321	80003e86	01b8a833	slt	x16,x17,x27	 x17:0x00000000 x27:0x98b18000 x16=0x00000000
      168479000	      8322	80003e8a	0812	c.slli	x16,0x4	 x16:0x00000000 x16=0x00000000
      169299000	      8363	80003e8c	03a7d433	divu	x8,x15,x26	 x15:0x00000000 x26:0x80042480  x8=0x00000000
      169519000	      8374	80003e90	ff610d23	sb	x22,-6(x2)	  x2:0x80032188 x22:0x80042cef PA:0x80032182 store:0x80042cef load:0x000000ff
      169759000	      8386	80003e94	ff110803	lb	x16,-15(x2)	  x2:0x80032188 x16=0x00000000 PA:0x80032179 load:0x00000000
      169799000	      8388	80003e98	02fc9933	mulh	x18,x25,x15	 x25:0x00000000 x15:0x00000000 x18=0x00000000
      169839000	      8390	80003e9c	03553fb3	mulhu	x31,x10,x21	 x10:0x00000000 x21:0x00000000 x31=0x00000000
      169859000	      8391	80003ea0	97ca	c.add	x15,x18	 x15:0x00000000 x18:0x00000000 x15=0x00000000
      169879000	      8392	80003ea2	0eb7a313	slti	x6,x15,235	 x15:0x00000000  x6=0x00000001
      170719000	      8434	80003ea6	02d9f7b3	remu	x15,x19,x13	 x19:0xffffffff x13:0x00044a40 x15=0x00015cff
      170739000	      8435	80003eaa	0001	c.addi	x0,0	  x0:0x00000000  x0=0x00000000
      170759000	      8436	80003eac	003f48b3	xor	x17,x30,x3	 x30:0x8004bce4  x3:0x00000000 x17=0x8004bce4
      170779000	      8437	80003eb0	01340833	add	x16,x8,x19	  x8:0x00000000 x19:0xffffffff x16=0xffffffff
      170799000	      8438	80003eb4	523d3513	sltiu	x10,x26,1315	 x26:0x80042480 x10=0x00000000
      170819000	      8439	80003eb8	0001	c.addi	x0,0	  x0:0x00000000  x0=0x00000000
      170839000	      8440	80003eba	9ab54a93	xori	x21,x10,-1621	 x10:0x00000000 x21=0xfffff9ab
      171119000	      8454	80003ebe	00a14b83	lbu	x23,10(x2)	  x2:0x80032188 x23=0x00000000 PA:0x80032192 load:0x00000000
      171159000	      8456	80003ec2	0202a733	mulhsu	x14,x5,x0	  x5:0x00000000  x0:0x00000000 x14=0x00000000
      171259000	      8461	80003ec6	00f14183	lbu	x3,15(x2)	  x2:0x80032188  x3=0x00000000 PA:0x80032197 load:0x00000000
      171279000	      8462	80003eca	8eb5	c.xor	x13,x13	 x13:0x00044a40 x13:0x00044a40 x13=0x00000000
      171559000	      8476	80003ecc	00a14003	lbu	x0,10(x2)	  x2:0x80032188  x0=0x00000000 PA:0x80032192 load:0x00000000
      172359000	      8516	80003ed0	00114f83	lbu	x31,1(x2)	  x2:0x80032188 x31=0x00000000 PA:0x80032189 load:0x00000000
      172379000	      8517	80003ed4	d8b07e13	andi	x28,x0,-629	  x0:0x00000000 x28=0x00000000
      172599000	      8528	80003ed8	fe910f23	sb	x9,-2(x2)	  x2:0x80032188  x9:0x80047e64 PA:0x80032186 store:0x80047e64 load:0x000000ff
      172679000	      8532	80003edc	00114b83	lbu	x23,1(x2)	  x2:0x80032188 x23=0x00000000 PA:0x80032189 load:0x00000000
      172859000	      8541	80003ee0	ffd10283	lb	x5,-3(x2)	  x2:0x80032188  x5=0x00000000 PA:0x80032185 load:0x00000000
      172879000	      8542	80003ee4	8f25	c.xor	x14,x9	 x14:0x00000000  x9:0x80047e64 x14=0x80047e64
      172919000	      8544	80003ee6	0271a1b3	mulhsu	x3,x3,x7	  x3:0x00000000  x7:0x00000080  x3=0x00000000
      172979000	      8547	80003eea	01c0e533	or	x10,x1,x28	  x1:0x00000000 x28:0x00000000 x10=0x00000000
      172999000	      8548	80003eee	012effb3	and	x31,x29,x18	 x29:0x00000000 x18:0x00000000 x31=0x00000000
      173219000	      8559	80003ef2	00714183	lbu	x3,7(x2)	  x2:0x80032188  x3=0x00000000 PA:0x8003218f load:0x00000000
      173279000	      8562	80003ef6	01610523	sb	x22,10(x2)	  x2:0x80032188 x22:0x80042cef PA:0x80032192 store:0x80042cef load:0x000000ff
      173339000	      8565	80003efa	01155993	srli	x19,x10,0x11	 x10:0x00000000 x19=0x00000000
      173499000	      8573	80003efe	0372b733	mulhu	x14,x5,x23	  x5:0x00000000 x23:0x00000000 x14=0x00000000
      173519000	      8574	80003f02	bb524417	auipc	x8,0xbb524	  x8=0x3b527f02
      174299000	      8613	80003f06	02746633	rem	x12,x8,x7	  x8:0x3b527f02  x7:0x00000080 x12=0x00000002
      174319000	      8614	80003f0a	40aa0233	sub	x4,x20,x10	 x20:0x00000000 x10:0x00000000  x4=0x00000000
      174339000	      8615	80003f0e	73213993	sltiu	x19,x2,1842	  x2:0x80032188 x19=0x00000000
      174359000	      8616	80003f12	9eb6	c.add	x29,x13	 x29:0x00000000 x13:0x00000000 x29=0x00000000
      174419000	      8619	80003f14	fef109a3	sb	x15,-13(x2)	  x2:0x80032188 x15:0x00015cff PA:0x8003217b store:0x00015cff load:0x000000ff
      174439000	      8620	80003f18	ff510c03	lb	x24,-11(x2)	  x2:0x80032188 x24=0x00000000 PA:0x8003217d load:0x00000000
      174639000	      8630	80003f1c	00510303	lb	x6,5(x2)	  x2:0x80032188  x6=0x00000000 PA:0x8003218d load:0x00000000
      174699000	      8633	80003f20	41b2	c.lwsp	x3,12(x2)	  x2:0x80032188  x3=0x00000000 PA:0x80032194 load:0x00000000
      174719000	      8634	80003f22	0002f117	auipc	x2,0x2f	  x2=0x80032f22
      174739000	      8635	80003f26	95610113	addi	x2,x2,-1706	  x2:0x80032f22  x2=0x80032878
      174839000	      8640	80003f2a	0255b833	mulhu	x16,x11,x5	 x11:0x894eacb4  x5:0x00000000 x16=0x00000000
      174859000	      8641	80003f2e	587d	c.li	x16,-1	 x16=0xffffffff
      175419000	      8669	80003f30	ff812c23	sw	x24,-8(x2)	  x2:0x80032878 x24:0x00000000 PA:0x80032870 store:0x00000000 load:0xffffffff
      175659000	      8681	80003f34	09b14b83	lbu	x23,155(x2)	  x2:0x80032878 x23=0x00000000 PA:0x80032913 load:0x00000000
      175679000	      8682	80003f38	01d3e533	or	x10,x7,x29	  x7:0x00000080 x29:0x00000000 x10=0x00000080
      175739000	      8685	80003f3c	0da10803	lb	x16,218(x2)	  x2:0x80032878 x16=0x00000000 PA:0x80032952 load:0x00000000
      175759000	      8686	80003f40	90de	c.add	x1,x23	  x1:0x00000000 x23:0x00000000  x1=0x00000000
      175779000	      8687	80003f42	7421f2b7	lui	x5,0x7421f	  x5=0x7421f000
      175939000	      8695	80003f46	023690b3	mulh	x1,x13,x3	 x13:0x00000000  x3:0x00000000  x1=0x00000000
      176139000	      8705	80003f4a	0ff0000f	fence	iorw,iorw	
      177279000	      8762	80003f4e	02a74633	div	x12,x14,x10	 x14:0x00000000 x10:0x00000080 x12=0x00000000
      177699000	      8783	80003f52	0e110d03	lb	x26,225(x2)	  x2:0x80032878 x26=0x00000000 PA:0x80032959 load:0x00000000
      177719000	      8784	80003f56	03880933	mul	x18,x16,x24	 x16:0x00000000 x24:0x00000000 x18=0x00000000
      177739000	      8785	80003f5a	6679	c.lui	x12,0x1e	 x12=0x0001e000
      177759000	      8786	80003f5c	0034d6b3	srl	x13,x9,x3	  x9:0x80047e64  x3:0x00000000 x13=0x80047e64
      177779000	      8787	80003f60	67fd	c.lui	x15,0x1f	 x15=0x0001f000
      177799000	      8788	80003f62	3e9cfe13	andi	x28,x25,1001	 x25:0x00000000 x28=0x00000000
      177819000	      8789	80003f66	41a40033	sub	x0,x8,x26	  x8:0x3b527f02 x26:0x00000000  x0=0x00000000
      177999000	      8798	80003f6a	fbd105a3	sb	x29,-85(x2)	  x2:0x80032878 x29:0x00000000 PA:0x80032823 store:0x00000000 load:0x000000ff
      178479000	      8822	80003f6e	07114803	lbu	x16,113(x2)	  x2:0x80032878 x16=0x00000000 PA:0x800328e9 load:0x00000000
      178499000	      8823	80003f72	43d54b13	xori	x22,x10,1085	 x10:0x00000080 x22=0x000004bd
      178679000	      8832	80003f76	f8310083	lb	x1,-125(x2)	  x2:0x80032878  x1=0x00000000 PA:0x800327fb load:0x00000000
      178699000	      8833	80003f7a	846b8313	addi	x6,x23,-1978	 x23:0x00000000  x6=0xfffff846
      178719000	      8834	80003f7e	aeaaeb13	ori	x22,x21,-1302	 x21:0xfffff9ab x22=0xfffffbeb
      178739000	      8835	80003f82	8c3d	c.xor	x8,x15	  x8:0x3b527f02 x15:0x0001f000  x8=0x3b538f02
      179199000	      8858	80003f84	0ad14c83	lbu	x25,173(x2)	  x2:0x80032878 x25=0x00000000 PA:0x80032925 load:0x00000000
      179219000	      8859	80003f88	43d80213	addi	x4,x16,1085	 x16:0x00000000  x4=0x0000043d
      179239000	      8860	80003f8c	03bf0033	mul	x0,x30,x27	 x30:0x8004bce4 x27:0x98b18000  x0=0x00000000
      179259000	      8861	80003f90	01391a33	sll	x20,x18,x19	 x18:0x00000000 x19:0x00000000 x20=0x00000000
      179279000	      8862	80003f94	0047fb33	and	x22,x15,x4	 x15:0x0001f000  x4:0x0000043d x22=0x00000000
      179939000	      8895	80003f98	fb312823	sw	x19,-80(x2)	  x2:0x80032878 x19:0x00000000 PA:0x80032828 store:0x00000000 load:0xffffffff
      180279000	      8912	80003f9c	00d10a83	lb	x21,13(x2)	  x2:0x80032878 x21=0x00000000 PA:0x80032885 load:0x00000000
      192339000	      9515	80003fa0	0ff0000f	fence	iorw,iorw	
      192799000	      9538	80003fa4	c946	c.swsp	x17,144(x2)	  x2:0x80032878 x17:0x8004bce4 PA:0x80032908 store:0x8004bce4 load:0xffffffff
      192819000	      9539	80003fa6	8f99	c.sub	x15,x14	 x15:0x0001f000 x14:0x00000000 x15=0x0001f000
      192879000	      9542	80003fa8	08b10683	lb	x13,139(x2)	  x2:0x80032878 x13=0x00000000 PA:0x80032903 load:0x00000000
      192899000	      9543	80003fac	8d45	c.or	x10,x9	 x10:0x00000080  x9:0x80047e64 x10=0x80047ee4
      192919000	      9544	80003fae	d991b713	sltiu	x14,x3,-615	  x3:0x00000000 x14=0x00000001
      192939000	      9545	80003fb2	40ce5d33	sra	x26,x28,x12	 x28:0x00000000 x12:0x0001e000 x26=0x00000000
      192959000	      9546	80003fb6	00302033	slt	x0,x0,x3	  x0:0x00000000  x3:0x00000000  x0=0x00000000
      192979000	      9547	80003fba	6ee5	c.lui	x29,0x19	 x29=0x00019000
      192999000	      9548	80003fbc	0100d433	srl	x8,x1,x16	  x1:0x00000000 x16:0x00000000  x8=0x00000000
      193059000	      9551	80003fc0	f1611523	sh	x22,-246(x2)	  x2:0x80032878 x22:0x00000000 PA:0x80032782 store:0x00000000 load:0x0000ffff
      193179000	      9557	80003fc4	09510d83	lb	x27,149(x2)	  x2:0x80032878 x27=0x00000000 PA:0x8003290d load:0x00000000
      193259000	      9561	80003fc8	00038097	auipc	x1,0x38	  x1=0x8003bfc8
      193339000	      9565	80003fcc	5ad08093	addi	x1,x1,1453	  x1:0x8003bfc8  x1=0x8003c575
      193399000	      9568	80003fd0	0ff0000f	fence	iorw,iorw	
      193759000	      9586	80003fd4	f5a0c603	lbu	x12,-166(x1)	  x1:0x8003c575 x12=0x00000000 PA:0x8003c4cf load:0x00000000
      193779000	      9587	80003fd8	66b9	c.lui	x13,0xe	 x13=0x0000e000
      194239000	      9610	80003fda	0bd0cb83	lbu	x23,189(x1)	  x1:0x8003c575 x23=0x00000000 PA:0x8003c632 load:0x00000000
      194299000	      9613	80003fde	02c0c783	lbu	x15,44(x1)	  x1:0x8003c575 x15=0x00000000 PA:0x8003c5a1 load:0x00000000
      194439000	      9620	80003fe2	02c0cf83	lbu	x31,44(x1)	  x1:0x8003c575 x31=0x00000000 PA:0x8003c5a1 load:0x00000000
      194819000	      9639	80003fe6	03108623	sb	x17,44(x1)	  x1:0x8003c575 x17:0x8004bce4 PA:0x8003c5a1 store:0x8004bce4 load:0x000000ff
      195179000	      9657	80003fea	02c0c103	lbu	x2,44(x1)	  x1:0x8003c575  x2=0x000000e4 PA:0x8003c5a1 load:0x000000e4
      195199000	      9658	80003fee	0149aeb3	slt	x29,x19,x20	 x19:0x00000000 x20:0x00000000 x29=0x00000000
      195259000	      9661	80003ff2	02c0cd03	lbu	x26,44(x1)	  x1:0x8003c575 x26=0x000000e4 PA:0x8003c5a1 load:0x000000e4
      195279000	      9662	80003ff6	010df633	and	x12,x27,x16	 x27:0x00000000 x16:0x00000000 x12=0x00000000
      195299000	      9663	80003ffa	02c08803	lb	x16,44(x1)	  x1:0x8003c575 x16=0xffffffe4 PA:0x8003c5a1 load:0xffffffe4
      195379000	      9667	80003ffe	02c0cc03	lbu	x24,44(x1)	  x1:0x8003c575 x24=0x000000e4 PA:0x8003c5a1 load:0x000000e4
      195399000	      9668	80004002	30b0b013	sltiu	x0,x1,779	  x1:0x8003c575  x0=0x00000000
      195939000	      9695	80004006	034095a3	sh	x20,43(x1)	  x1:0x8003c575 x20:0x00000000 PA:0x8003c5a0 store:0x00000000 load:0x0000ffff
      196139000	      9705	8000400a	02b0d783	lhu	x15,43(x1)	  x1:0x8003c575 x15=0x00000000 PA:0x8003c5a0 load:0x00000000
      196599000	      9728	8000400e	02b08283	lb	x5,43(x1)	  x1:0x8003c575  x5=0x00000000 PA:0x8003c5a0 load:0x00000000
      196859000	      9741	80004012	02b0d203	lhu	x4,43(x1)	  x1:0x8003c575  x4=0x00000000 PA:0x8003c5a0 load:0x00000000
      196979000	      9747	80004016	0070ca83	lbu	x21,7(x1)	  x1:0x8003c575 x21=0x00000000 PA:0x8003c57c load:0x00000000
      197039000	      9750	8000401a	00e0c283	lbu	x5,14(x1)	  x1:0x8003c575  x5=0x00000000 PA:0x8003c583 load:0x00000000
      197239000	      9760	8000401e	00e0cd83	lbu	x27,14(x1)	  x1:0x8003c575 x27=0x00000000 PA:0x8003c583 load:0x00000000
      197259000	      9761	80004022	0002e517	auipc	x10,0x2e	 x10=0x80032022
      197279000	      9762	80004026	58450513	addi	x10,x10,1412	 x10:0x80032022 x10=0x800325a6
      197639000	      9780	8000402a	feb50ba3	sb	x11,-9(x10)	 x10:0x800325a6 x11:0x894eacb4 PA:0x8003259d store:0x894eacb4 load:0x000000ff
      197659000	      9781	8000402e	0003c097	auipc	x1,0x3c	  x1=0x8004002e
      197679000	      9782	80004032	bdf08093	addi	x1,x1,-1057	  x1:0x8004002e  x1=0x8003fc0d
      197799000	      9788	80004036	00a54383	lbu	x7,10(x10)	 x10:0x800325a6  x7=0x00000000 PA:0x800325b0 load:0x00000000
      197859000	      9791	8000403a	ff508983	lb	x19,-11(x1)	  x1:0x8003fc0d x19=0x00000000 PA:0x8003fc02 load:0x00000000
      197879000	      9792	8000403e	00750683	lb	x13,7(x10)	 x10:0x800325a6 x13=0x00000000 PA:0x800325ad load:0x00000000
      198379000	      9817	80004042	00c08803	lb	x16,12(x1)	  x1:0x8003fc0d x16=0x00000000 PA:0x8003fc19 load:0x00000000
      198439000	      9820	80004046	002081a3	sb	x2,3(x1)	  x1:0x8003fc0d  x2:0x000000e4 PA:0x8003fc10 store:0x000000e4 load:0x000000ff
      198539000	      9825	8000404a	018502a3	sb	x24,5(x10)	 x10:0x800325a6 x24:0x000000e4 PA:0x800325ab store:0x000000e4 load:0x000000ff
      198699000	      9833	8000404e	ff754a03	lbu	x20,-9(x10)	 x10:0x800325a6 x20=0x000000b4 PA:0x8003259d load:0x000000b4
      198959000	      9846	80004052	ff40cb83	lbu	x23,-12(x1)	  x1:0x8003fc0d x23=0x00000000 PA:0x8003fc01 load:0x00000000
      198979000	      9847	80004056	ff255b83	lhu	x23,-14(x10)	 x10:0x800325a6 x23=0x00000000 PA:0x80032598 load:0x00000000
      199399000	      9868	8000405a	00e51703	lh	x14,14(x10)	 x10:0x800325a6 x14=0x00000000 PA:0x800325b4 load:0x00000000
      199459000	      9871	8000405e	ff508983	lb	x19,-11(x1)	  x1:0x8003fc0d x19=0x00000000 PA:0x8003fc02 load:0x00000000
      199699000	      9883	80004062	00d084a3	sb	x13,9(x1)	  x1:0x8003fc0d x13:0x00000000 PA:0x8003fc16 store:0x00000000 load:0x000000ff
      199779000	      9887	80004066	0160a3a3	sw	x22,7(x1)	  x1:0x8003fc0d x22:0x00000000 PA:0x8003fc14 store:0x00000000 load:0xffffffff
      199819000	      9889	8000406a	ffb54183	lbu	x3,-5(x10)	 x10:0x800325a6  x3=0x00000000 PA:0x800325a1 load:0x00000000
      200139000	      9905	8000406e	ff551a23	sh	x21,-12(x10)	 x10:0x800325a6 x21:0x00000000 PA:0x8003259a store:0x00000000 load:0x0000ffff
      200199000	      9908	80004072	01b08423	sb	x27,8(x1)	  x1:0x8003fc0d x27:0x00000000 PA:0x8003fc15 store:0x00000000 load:0x000000ff
      200219000	      9909	80004076	00039d97	auipc	x27,0x39	 x27=0x8003d076
      200239000	      9910	8000407a	f65d8d93	addi	x27,x27,-155	 x27:0x8003d076 x27=0x8003cfdb
      200259000	      9911	8000407e	0002e117	auipc	x2,0x2e	  x2=0x8003207e
      200279000	      9912	80004082	48a10113	addi	x2,x2,1162	  x2:0x8003207e  x2=0x80032508
      200419000	      9919	80004086	fedd9b03	lh	x22,-19(x27)	 x27:0x8003cfdb x22=0x00000000 PA:0x8003cfc8 load:0x00000000
      200879000	      9942	8000408a	ff710c23	sb	x23,-8(x2)	  x2:0x80032508 x23:0x00000000 PA:0x80032500 store:0x00000000 load:0x000000ff
      201379000	      9967	8000408e	00611183	lh	x3,6(x2)	  x2:0x80032508  x3=0x00000000 PA:0x8003250e load:0x00000000
      201839000	      9990	80004092	ffa15383	lhu	x7,-6(x2)	  x2:0x80032508  x7=0x00000000 PA:0x80032502 load:0x00000000
      202279000	     10012	80004096	fb6d8303	lb	x6,-74(x27)	 x27:0x8003cfdb  x6=0x00000000 PA:0x8003cf91 load:0x00000000
      202579000	     10027	8000409a	f75d8623	sb	x21,-148(x27)	 x27:0x8003cfdb x21:0x00000000 PA:0x8003cf47 store:0x00000000 load:0x000000ff
      202639000	     10030	8000409e	f51dd203	lhu	x4,-175(x27)	 x27:0x8003cfdb  x4=0x00000000 PA:0x8003cf2c load:0x00000000
      202659000	     10031	800040a2	ff615e03	lhu	x28,-10(x2)	  x2:0x80032508 x28=0x00000000 PA:0x800324fe load:0x00000000
      202859000	     10041	800040a6	4832	c.lwsp	x16,12(x2)	  x2:0x80032508 x16=0x00000000 PA:0x80032514 load:0x00000000
      202919000	     10044	800040a8	04dd9d03	lh	x26,77(x27)	 x27:0x8003cfdb x26=0x00000000 PA:0x8003d028 load:0x00000000
      202939000	     10045	800040ac	4bb2	c.lwsp	x23,12(x2)	  x2:0x80032508 x23=0x00000000 PA:0x80032514 load:0x00000000
      202959000	     10046	800040ae	ffc109a3	sb	x28,-13(x2)	  x2:0x80032508 x28:0x00000000 PA:0x800324fb store:0x00000000 load:0x000000ff
      203099000	     10053	800040b2	f1cdc403	lbu	x8,-228(x27)	 x27:0x8003cfdb  x8=0x00000000 PA:0x8003cef7 load:0x00000000
      203119000	     10054	800040b6	0002f117	auipc	x2,0x2f	  x2=0x800330b6
      203139000	     10055	800040ba	f9210113	addi	x2,x2,-110	  x2:0x800330b6  x2=0x80033048
      203279000	     10062	800040be	5be35d37	lui	x26,0x5be35	 x26=0x5be35000
      203299000	     10063	800040c2	916a	c.add	x2,x26	  x2:0x80033048 x26:0x5be35000  x2=0xdbe68048
      203359000	     10066	800040c4	e0010da3	sb	x0,-485(x2)	  x2:0xdbe68048  x0:0x00000000 PA:0xdbe67e63 store:0x00000000 load:0x000000ff
      203579000	     10077	800040c8	3c111e23	sh	x1,988(x2)	  x2:0xdbe68048  x1:0x8003fc0d PA:0xdbe68424 store:0x8003fc0d load:0x0000ffff
      203999000	     10098	800040cc	c62105a3	sb	x2,-917(x2)	  x2:0xdbe68048  x2:0xdbe68048 PA:0xdbe67cb3 store:0xdbe68048 load:0x000000ff
      204379000	     10117	800040d0	3e310723	sb	x3,1006(x2)	  x2:0xdbe68048  x3:0x00000000 PA:0xdbe68436 store:0x00000000 load:0x000000ff
      204839000	     10140	800040d4	304105a3	sb	x4,779(x2)	  x2:0xdbe68048  x4:0x00000000 PA:0xdbe68353 store:0x00000000 load:0x000000ff
      205299000	     10163	800040d8	a6610fa3	sb	x6,-1409(x2)	  x2:0xdbe68048  x6:0x00000000 PA:0xdbe67ac7 store:0x00000000 load:0x000000ff
      205439000	     10170	800040dc	0c710da3	sb	x7,219(x2)	  x2:0xdbe68048  x7:0x00000000 PA:0xdbe68123 store:0x00000000 load:0x000000ff
      205599000	     10178	800040e0	a2811123	sh	x8,-1502(x2)	  x2:0xdbe68048  x8:0x00000000 PA:0xdbe67a6a store:0x00000000 load:0x0000ffff
      205659000	     10181	800040e4	e1b10c83	lb	x25,-485(x2)	  x2:0xdbe68048 x25=0x00000000 PA:0xdbe67e63 load:0x00000000
      205679000	     10182	800040e8	02a403b3	mul	x7,x8,x10	  x8:0x00000000 x10:0x800325a6  x7=0x00000000
      205699000	     10183	800040ec	8fd1	c.or	x15,x12	 x15:0x00000000 x12:0x00000000 x15=0x00000000
      205739000	     10185	800040ee	02811833	mulh	x16,x2,x8	  x2:0xdbe68048  x8:0x00000000 x16=0x00000000
      205899000	     10193	800040f2	3dc15083	lhu	x1,988(x2)	  x2:0xdbe68048  x1=0x0000fc0d PA:0xdbe68424 load:0x0000fc0d
      206019000	     10199	800040f6	c6b10b83	lb	x23,-917(x2)	  x2:0xdbe68048 x23=0x00000048 PA:0xdbe67cb3 load:0x00000048
      206479000	     10222	800040fa	3ee10a83	lb	x21,1006(x2)	  x2:0xdbe68048 x21=0x00000000 PA:0xdbe68436 load:0x00000000
      206499000	     10223	800040fe	01ed06b3	add	x13,x26,x30	 x26:0x5be35000 x30:0x8004bce4 x13=0xdbe80ce4
      206759000	     10236	80004102	30b10003	lb	x0,779(x2)	  x2:0xdbe68048  x0=0x00000000 PA:0xdbe68353 load:0x00000000
      206779000	     10237	80004106	00675513	srli	x10,x14,0x6	 x14:0x00000000 x10=0x00000000
      207039000	     10250	8000410a	86c102a3	sb	x12,-1947(x2)	  x2:0xdbe68048 x12:0x00000000 PA:0xdbe678ad store:0x00000000 load:0x000000ff
      207139000	     10255	8000410e	a7f10403	lb	x8,-1409(x2)	  x2:0xdbe68048  x8=0x00000000 PA:0xdbe67ac7 load:0x00000000
      207199000	     10258	80004112	0db14203	lbu	x4,219(x2)	  x2:0xdbe68048  x4=0x00000000 PA:0xdbe68123 load:0x00000000
      207219000	     10259	80004116	8279	c.srli	x12,0x1e	 x12:0x00000000 x12=0x00000000
      207239000	     10260	80004118	01378833	add	x16,x15,x19	 x15:0x00000000 x19:0x00000000 x16=0x00000000
      207279000	     10262	8000411c	0233cb33	div	x22,x7,x3	  x7:0x00000000  x3:0x00000000 x22=0xffffffff
      207299000	     10263	80004120	9c1a	c.add	x24,x6	 x24:0x000000e4  x6:0x00000000 x24=0x000000e4
      207339000	     10265	80004122	02487cb3	remu	x25,x16,x4	 x16:0x00000000  x4:0x00000000 x25=0x00000000
      207519000	     10274	80004126	a2215503	lhu	x10,-1502(x2)	  x2:0xdbe68048 x10=0x00000000 PA:0xdbe67a6a load:0x00000000
      207539000	     10275	8000412a	0002ea97	auipc	x21,0x2e	 x21=0x8003212a
      207639000	     10280	8000412e	f55a8a93	addi	x21,x21,-171	 x21:0x8003212a x21=0x8003207f
      207659000	     10281	80004132	1598	c.addi4spn	x14,x2,736	 x14=0xdbe68328
      207839000	     10290	80004134	1790	c.addi4spn	x12,x2,992	 x12=0xdbe68428
      207979000	     10297	80004136	009a8923	sb	x9,18(x21)	 x21:0x8003207f  x9:0x80047e64 PA:0x80032091 store:0x80047e64 load:0x000000ff
      207999000	     10298	8000413a	16fd	c.addi	x13,-1	 x13:0xdbe80ce4 x13=0xdbe80ce3
      208039000	     10300	8000413c	00db9f93	slli	x31,x23,0xd	 x23:0x00000048 x31=0x00090000
      208739000	     10335	80004140	012a8b03	lb	x22,18(x21)	 x21:0x8003207f x22=0x00000064 PA:0x80032091 load:0x00000064
      208759000	     10336	80004144	00628933	add	x18,x5,x6	  x5:0x00000000  x6:0x00000000 x18=0x00000000
      208819000	     10339	80004148	012ac883	lbu	x17,18(x21)	 x21:0x8003207f x17=0x00000064 PA:0x80032091 load:0x00000064
      208839000	     10340	8000414c	05fa81a3	sb	x31,67(x21)	 x21:0x8003207f x31:0x00090000 PA:0x800320c2 store:0x00090000 load:0x000000ff
      208939000	     10345	80004150	013546b3	xor	x13,x10,x19	 x10:0x00000000 x19:0x00000000 x13=0x00000000
      209079000	     10352	80004154	0e2ac003	lbu	x0,226(x21)	 x21:0x8003207f  x0=0x00000000 PA:0x80032161 load:0x00000000
      209199000	     10358	80004158	0e2ac783	lbu	x15,226(x21)	 x21:0x8003207f x15=0x00000000 PA:0x80032161 load:0x00000000
      209419000	     10369	8000415c	0e3a8123	sb	x3,226(x21)	 x21:0x8003207f  x3:0x00000000 PA:0x80032161 store:0x00000000 load:0x000000ff
      209559000	     10376	80004160	0e2ac783	lbu	x15,226(x21)	 x21:0x8003207f x15=0x00000000 PA:0x80032161 load:0x00000000
      210119000	     10404	80004164	0e2a8e03	lb	x28,226(x21)	 x21:0x8003207f x28=0x00000000 PA:0x80032161 load:0x00000000
      210379000	     10417	80004168	0e2a8003	lb	x0,226(x21)	 x21:0x8003207f  x0=0x00000000 PA:0x80032161 load:0x00000000
      210419000	     10419	8000416c	0e2a8683	lb	x13,226(x21)	 x21:0x8003207f x13=0x00000000 PA:0x80032161 load:0x00000000
      210719000	     10434	80004170	0e2a8f83	lb	x31,226(x21)	 x21:0x8003207f x31=0x00000000 PA:0x80032161 load:0x00000000
      210879000	     10442	80004174	ff2a8803	lb	x16,-14(x21)	 x21:0x8003207f x16=0x00000000 PA:0x80032071 load:0x00000000
      210899000	     10443	80004178	0003d797	auipc	x15,0x3d	 x15=0x80041178
      210919000	     10444	8000417c	f8178793	addi	x15,x15,-127	 x15:0x80041178 x15=0x800410f9
      211279000	     10462	80004180	f35784a3	sb	x21,-215(x15)	 x15:0x800410f9 x21:0x8003207f PA:0x80041022 store:0x8003207f load:0x000000ff
      211739000	     10485	80004184	04578703	lb	x14,69(x15)	 x15:0x800410f9 x14=0x00000000 PA:0x8004113e load:0x00000000
      212119000	     10504	80004188	f9e78183	lb	x3,-98(x15)	 x15:0x800410f9  x3=0x00000000 PA:0x80041097 load:0x00000000
      212179000	     10507	8000418c	f5379883	lh	x17,-173(x15)	 x15:0x800410f9 x17=0x00000000 PA:0x8004104c load:0x00000000
      212559000	     10526	80004190	026790a3	sh	x6,33(x15)	 x15:0x800410f9  x6:0x00000000 PA:0x8004111a store:0x00000000 load:0x0000ffff
      212619000	     10529	80004194	00e78083	lb	x1,14(x15)	 x15:0x800410f9  x1=0x00000000 PA:0x80041107 load:0x00000000
      212639000	     10530	80004198	8d25	c.xor	x10,x9	 x10:0x00000000  x9:0x80047e64 x10=0x80047e64
      212659000	     10531	8000419a	8121	c.srli	x10,0x8	 x10:0x80047e64 x10=0x0080047e
      212719000	     10534	8000419c	0e07cd03	lbu	x26,224(x15)	 x15:0x800410f9 x26=0x00000000 PA:0x800411d9 load:0x00000000
      212739000	     10535	800041a0	5a7d	c.li	x20,-1	 x20=0xffffffff
      212759000	     10536	800041a2	9a5e	c.add	x20,x23	 x20:0xffffffff x23:0x00000048 x20=0x00000047
      212859000	     10541	800041a4	02179a83	lh	x21,33(x15)	 x15:0x800410f9 x21=0x00000000 PA:0x8004111a load:0x00000000
      212919000	     10544	800041a8	f727cd03	lbu	x26,-142(x15)	 x15:0x800410f9 x26=0x00000000 PA:0x8004106b load:0x00000000
      213019000	     10549	800041ac	f177ad83	lw	x27,-233(x15)	 x15:0x800410f9 x27=0x00000000 PA:0x80041010 load:0x00000000
      213439000	     10570	800041b0	8a4e	c.mv	x20,x19	  x0:0x00000000 x19:0x00000000 x20=0x00000000
      213639000	     10580	800041b2	37f80d13	addi	x26,x16,895	 x16:0x00000000 x26=0x0000037f
      213699000	     10583	800041b6	fba78823	sb	x26,-80(x15)	 x15:0x800410f9 x26:0x0000037f PA:0x800410a9 store:0x0000037f load:0x000000ff
      214319000	     10614	800041ba	fd778883	lb	x17,-41(x15)	 x15:0x800410f9 x17=0x00000000 PA:0x800410d0 load:0x00000000
      214339000	     10615	800041be	01599613	slli	x12,x19,0x15	 x19:0x00000000 x12=0x00000000
      214399000	     10618	800041c2	0ac78803	lb	x16,172(x15)	 x15:0x800410f9 x16=0x00000000 PA:0x800411a5 load:0x00000000
      214719000	     10634	800041c6	fdb79983	lh	x19,-37(x15)	 x15:0x800410f9 x19=0x00000000 PA:0x800410d4 load:0x00000000
      214839000	     10640	800041ca	06278003	lb	x0,98(x15)	 x15:0x800410f9  x0=0x00000000 PA:0x8004115b load:0x00000000
      214859000	     10641	800041ce	ffc78f83	lb	x31,-4(x15)	 x15:0x800410f9 x31=0x00000000 PA:0x800410f5 load:0x00000000
      214879000	     10642	800041d2	002ce233	or	x4,x25,x2	 x25:0x00000000  x2:0xdbe68048  x4=0xdbe68048
      214939000	     10645	800041d6	0ed79683	lh	x13,237(x15)	 x15:0x800410f9 x13=0x00000000 PA:0x800411e6 load:0x00000000
      214959000	     10646	800041da	41fd0733	sub	x14,x26,x31	 x26:0x0000037f x31:0x00000000 x14=0x0000037f
      214979000	     10647	800041de	8f65	c.and	x14,x9	 x14:0x0000037f  x9:0x80047e64 x14=0x00000264
      215239000	     10660	800041e0	09478a03	lb	x20,148(x15)	 x15:0x800410f9 x20=0x00000000 PA:0x8004118d load:0x00000000
      215659000	     10681	800041e4	0e179703	lh	x14,225(x15)	 x15:0x800410f9 x14=0x00000000 PA:0x800411da load:0x00000000
      215719000	     10684	800041e8	04d7c603	lbu	x12,77(x15)	 x15:0x800410f9 x12=0x00000000 PA:0x80041146 load:0x00000000
      215739000	     10685	800041ec	f7e78723	sb	x30,-146(x15)	 x15:0x800410f9 x30:0x8004bce4 PA:0x80041067 store:0x8004bce4 load:0x000000ff
      215839000	     10690	800041f0	fc57ca03	lbu	x20,-59(x15)	 x15:0x800410f9 x20=0x00000000 PA:0x800410be load:0x00000000
      216039000	     10700	800041f4	f4b7a003	lw	x0,-181(x15)	 x15:0x800410f9  x0=0x00000000 PA:0x80041044 load:0x00000000
      216439000	     10720	800041f8	f1878203	lb	x4,-232(x15)	 x15:0x800410f9  x4=0x00000000 PA:0x80041011 load:0x00000000
      216699000	     10733	800041fc	0dd78a23	sb	x29,212(x15)	 x15:0x800410f9 x29:0x00000000 PA:0x800411cd store:0x00000000 load:0x000000ff
      216719000	     10734	80004200	411bd333	sra	x6,x23,x17	 x23:0x00000048 x17:0x00000000  x6=0x00000048
      216779000	     10737	80004204	f097d103	lhu	x2,-247(x15)	 x15:0x800410f9  x2=0x00000000 PA:0x80041002 load:0x00000000
      216799000	     10738	80004208	5837b917	auipc	x18,0x5837b	 x18=0xd837f208
      216859000	     10741	8000420c	e7416e93	ori	x29,x2,-396	  x2:0x00000000 x29=0xfffffe74
      216919000	     10744	80004210	fae78a23	sb	x14,-76(x15)	 x15:0x800410f9 x14:0x00000000 PA:0x800410ad store:0x00000000 load:0x000000ff
      216939000	     10745	80004214	0002fb17	auipc	x22,0x2f	 x22=0x80033214
      216959000	     10746	80004218	e34b0b13	addi	x22,x22,-460	 x22:0x80033214 x22=0x80033048
      216999000	     10748	8000421c	211f3637	lui	x12,0x211f3	 x12=0x211f3000
      217019000	     10749	80004220	9b32	c.add	x22,x12	 x22:0x80033048 x12:0x211f3000 x22=0xa1226048
      217719000	     10784	80004222	e00b01a3	sb	x0,-509(x22)	 x22:0xa1226048  x0:0x00000000 PA:0xa1225e4b store:0x00000000 load:0x000000ff
      217779000	     10787	80004226	961b09a3	sb	x1,-1677(x22)	 x22:0xa1226048  x1:0x00000000 PA:0xa12259bb store:0x00000000 load:0x000000ff
      218199000	     10808	8000422a	842b0423	sb	x2,-1976(x22)	 x22:0xa1226048  x2:0x00000000 PA:0xa1225890 store:0x00000000 load:0x000000ff
      218419000	     10819	8000422e	063b0523	sb	x3,106(x22)	 x22:0xa1226048  x3:0x00000000 PA:0xa12260b2 store:0x00000000 load:0x000000ff
      218659000	     10831	80004232	684b0623	sb	x4,1676(x22)	 x22:0xa1226048  x4:0x00000000 PA:0xa12266d4 store:0x00000000 load:0x000000ff
      218699000	     10833	80004236	065b1f23	sh	x5,126(x22)	 x22:0xa1226048  x5:0x00000000 PA:0xa12260c6 store:0x00000000 load:0x0000ffff
      218939000	     10845	8000423a	406b1423	sh	x6,1032(x22)	 x22:0xa1226048  x6:0x00000048 PA:0xa1226450 store:0x00000048 load:0x0000ffff
      218959000	     10846	8000423e	0169ce33	xor	x28,x19,x22	 x19:0x00000000 x22:0xa1226048 x28=0xa1226048
      218979000	     10847	80004242	83b9	c.srli	x15,0xe	 x15:0x800410f9 x15=0x00020010
      219439000	     10870	80004244	e03b0603	lb	x12,-509(x22)	 x22:0xa1226048 x12=0x00000000 PA:0xa1225e4b load:0x00000000
      219459000	     10871	80004248	daad4413	xori	x8,x26,-598	 x26:0x0000037f  x8=0xfffffed5
      219539000	     10875	8000424c	973b4883	lbu	x17,-1677(x22)	 x22:0xa1226048 x17=0x00000000 PA:0xa12259bb load:0x00000000
      219959000	     10896	80004250	848b4783	lbu	x15,-1976(x22)	 x22:0xa1226048 x15=0x00000000 PA:0xa1225890 load:0x00000000
      220339000	     10915	80004254	06ab4e03	lbu	x28,106(x22)	 x22:0xa1226048 x28=0x00000000 PA:0xa12260b2 load:0x00000000
      220359000	     10916	80004258	87d1	c.srai	x15,0x14	 x15:0x00000000 x15=0x00000000
      220379000	     10917	8000425a	016061b3	or	x3,x0,x22	  x0:0x00000000 x22:0xa1226048  x3=0xa1226048
      220919000	     10944	8000425e	68cb0903	lb	x18,1676(x22)	 x22:0xa1226048 x18=0x00000000 PA:0xa12266d4 load:0x00000000
      220939000	     10945	80004262	01619333	sll	x6,x3,x22	  x3:0xa1226048 x22:0xa1226048  x6=0x22604800
      221059000	     10951	80004266	07eb1003	lh	x0,126(x22)	 x22:0xa1226048  x0=0x00000000 PA:0xa12260c6 load:0x00000000
      221079000	     10952	8000426a	408b1903	lh	x18,1032(x22)	 x22:0xa1226048 x18=0x00000048 PA:0xa1226450 load:0x00000048
      221099000	     10953	8000426e	0002fd17	auipc	x26,0x2f	 x26=0x8003326e
      221119000	     10954	80004272	8d8d0d13	addi	x26,x26,-1832	 x26:0x8003326e x26=0x80032b46
      221139000	     10955	80004276	a4907513	andi	x10,x0,-1463	  x0:0x00000000 x10=0x00000000
      221699000	     10983	8000427a	e7fd0683	lb	x13,-385(x26)	 x26:0x80032b46 x13=0x00000000 PA:0x800329c5 load:0x00000000
      221759000	     10986	8000427e	e7fd0803	lb	x16,-385(x26)	 x26:0x80032b46 x16=0x00000000 PA:0x800329c5 load:0x00000000
      222019000	     10999	80004282	aa7d03a3	sb	x7,-1369(x26)	 x26:0x80032b46  x7:0x00000000 PA:0x800325ed store:0x00000000 load:0x000000ff
      222079000	     11002	80004286	ab3d03a3	sb	x19,-1369(x26)	 x26:0x80032b46 x19:0x00000000 PA:0x800325ed store:0x00000000 load:0x000000ff
      222099000	     11003	8000428a	e02d0d23	sb	x2,-486(x26)	 x26:0x80032b46  x2:0x00000000 PA:0x80032960 store:0x00000000 load:0x000000ff
      222119000	     11004	8000428e	e10d1803	lh	x16,-496(x26)	 x26:0x80032b46 x16=0x00000000 PA:0x80032956 load:0x00000000
      222139000	     11005	80004292	83f9	c.srli	x15,0x1e	 x15:0x00000000 x15=0x00000000
      222419000	     11019	80004294	d59d0823	sb	x25,-688(x26)	 x26:0x80032b46 x25:0x00000000 PA:0x80032896 store:0x00000000 load:0x000000ff
      222479000	     11022	80004298	d4cd0823	sb	x12,-688(x26)	 x26:0x80032b46 x12:0x00000000 PA:0x80032896 store:0x00000000 load:0x000000ff
      222499000	     11023	8000429c	d50d1903	lh	x18,-688(x26)	 x26:0x80032b46 x18=0x00000000 PA:0x80032896 load:0x00000000
      223079000	     11052	800042a0	125d1623	sh	x5,300(x26)	 x26:0x80032b46  x5:0x00000000 PA:0x80032c72 store:0x00000000 load:0x0000ffff
      223219000	     11059	800042a4	fb3d4c83	lbu	x25,-77(x26)	 x26:0x80032b46 x25=0x00000000 PA:0x80032af9 load:0x00000000
      223419000	     11069	800042a8	853d0303	lb	x6,-1965(x26)	 x26:0x80032b46  x6=0x00000000 PA:0x80032399 load:0x00000000
      223659000	     11081	800042ac	853d0503	lb	x10,-1965(x26)	 x26:0x80032b46 x10=0x00000000 PA:0x80032399 load:0x00000000
      223679000	     11082	800042b0	00039517	auipc	x10,0x39	 x10=0x8003d2b0
      223699000	     11083	800042b4	5f050513	addi	x10,x10,1520	 x10:0x8003d2b0 x10=0x8003d8a0
      223719000	     11084	800042b8	07d506a3	sb	x29,109(x10)	 x10:0x8003d8a0 x29:0xfffffe74 PA:0x8003d90d store:0xfffffe74 load:0x000000ff
      224159000	     11106	800042bc	0c350323	sb	x3,198(x10)	 x10:0x8003d8a0  x3:0xa1226048 PA:0x8003d966 store:0xa1226048 load:0x000000ff
      224299000	     11113	800042c0	f5b54283	lbu	x5,-165(x10)	 x10:0x8003d8a0  x5=0x00000000 PA:0x8003d7fb load:0x00000000
      224319000	     11114	800042c4	6ed93313	sltiu	x6,x18,1773	 x18:0x00000000  x6=0x00000001
      224339000	     11115	800042c8	fac55e83	lhu	x29,-84(x10)	 x10:0x8003d8a0 x29=0x00000000 PA:0x8003d84c load:0x00000000
      224359000	     11116	800042cc	8609	c.srai	x12,0x2	 x12:0x00000000 x12=0x00000000
      224379000	     11117	800042ce	868a	c.mv	x13,x2	  x0:0x00000000  x2:0x00000000 x13=0x00000000
      224599000	     11128	800042d0	0c450ca3	sb	x4,217(x10)	 x10:0x8003d8a0  x4:0x00000000 PA:0x8003d979 store:0x00000000 load:0x000000ff
      224659000	     11131	800042d4	0d750703	lb	x14,215(x10)	 x10:0x8003d8a0 x14=0x00000000 PA:0x8003d977 load:0x00000000
      224839000	     11140	800042d8	01650f83	lb	x31,22(x10)	 x10:0x8003d8a0 x31=0x00000000 PA:0x8003d8b6 load:0x00000000
      224859000	     11141	800042dc	000ae1b3	or	x3,x21,x0	 x21:0x00000000  x0:0x00000000  x3=0x00000000
      225319000	     11164	800042e0	f5f54003	lbu	x0,-161(x10)	 x10:0x8003d8a0  x0=0x00000000 PA:0x8003d7ff load:0x00000000
      225979000	     11197	800042e4	f5b54c03	lbu	x24,-165(x10)	 x10:0x8003d8a0 x24=0x00000000 PA:0x8003d7fb load:0x00000000
      226039000	     11200	800042e8	fbb50fa3	sb	x27,-65(x10)	 x10:0x8003d8a0 x27:0x00000000 PA:0x8003d85f store:0x00000000 load:0x000000ff
      226499000	     11223	800042ec	011506a3	sb	x17,13(x10)	 x10:0x8003d8a0 x17:0x00000000 PA:0x8003d8ad store:0x00000000 load:0x000000ff
      226519000	     11224	800042f0	0117a9b3	slt	x19,x15,x17	 x15:0x00000000 x17:0x00000000 x19=0x00000000
      226539000	     11225	800042f4	8e7d	c.and	x12,x15	 x12:0x00000000 x15:0x00000000 x12=0x00000000
      226559000	     11226	800042f6	8f85	c.sub	x15,x9	 x15:0x00000000  x9:0x80047e64 x15=0x7ffb819c
      226599000	     11228	800042f8	029d2ab3	mulhsu	x21,x26,x9	 x26:0x80032b46  x9:0x80047e64 x21=0xbfff567f
      226659000	     11231	800042fc	0da55e83	lhu	x29,218(x10)	 x10:0x8003d8a0 x29=0x00000000 PA:0x8003d97a load:0x00000000
      226839000	     11240	80004300	02e50423	sb	x14,40(x10)	 x10:0x8003d8a0 x14:0x00000000 PA:0x8003d8c8 store:0x00000000 load:0x000000ff
      226859000	     11241	80004304	0001	c.addi	x0,0	  x0:0x00000000  x0=0x00000000
      227139000	     11255	80004306	fa950e83	lb	x29,-87(x10)	 x10:0x8003d8a0 x29=0x00000000 PA:0x8003d849 load:0x00000000
      227299000	     11263	8000430a	0e450723	sb	x4,238(x10)	 x10:0x8003d8a0  x4:0x00000000 PA:0x8003d98e store:0x00000000 load:0x000000ff
      227379000	     11267	8000430e	04850d23	sb	x8,90(x10)	 x10:0x8003d8a0  x8:0xfffffed5 PA:0x8003d8fa store:0xfffffed5 load:0x000000ff
      227399000	     11268	80004312	fb550883	lb	x17,-75(x10)	 x10:0x8003d8a0 x17=0x00000000 PA:0x8003d855 load:0x00000000
      228139000	     11305	80004316	03ec41b3	div	x3,x24,x30	 x24:0x00000000 x30:0x8004bce4  x3=0x00000000
      228459000	     11321	8000431a	08050183	lb	x3,128(x10)	 x10:0x8003d8a0  x3=0x00000000 PA:0x8003d920 load:0x00000000
      228659000	     11331	8000431e	01c51783	lh	x15,28(x10)	 x10:0x8003d8a0 x15=0x00000000 PA:0x8003d8bc load:0x00000000
      228679000	     11332	80004322	8275	c.srli	x12,0x1d	 x12:0x00000000 x12=0x00000000
      228779000	     11337	80004324	0e255683	lhu	x13,226(x10)	 x10:0x8003d8a0 x13=0x00000000 PA:0x8003d982 load:0x00000000
      228799000	     11338	80004328	857dfd13	andi	x26,x27,-1961	 x27:0x00000000 x26=0x00000000
      228879000	     11342	8000432c	5530	c.lw	x12,104(x10)	 x10:0x8003d8a0 x12=0x00000000 PA:0x8003d908 load:0x00000000
      228899000	     11343	8000432e	f5f54c83	lbu	x25,-161(x10)	 x10:0x8003d8a0 x25=0x00000000 PA:0x8003d7ff load:0x00000000
      228919000	     11344	80004332	e6e64eb7	lui	x29,0xe6e64	 x29=0xe6e64000
      229659000	     11381	80004336	029a4733	div	x14,x20,x9	 x20:0x00000000  x9:0x80047e64 x14=0x00000000
      229679000	     11382	8000433a	0001	c.addi	x0,0	  x0:0x00000000  x0=0x00000000
      229799000	     11388	8000433c	fbd50d83	lb	x27,-67(x10)	 x10:0x8003d8a0 x27=0x00000000 PA:0x8003d85d load:0x00000000
      229859000	     11391	80004340	f1554983	lbu	x19,-235(x10)	 x10:0x8003d8a0 x19=0x00000000 PA:0x8003d7b5 load:0x00000000
      229879000	     11392	80004344	076506a3	sb	x22,109(x10)	 x10:0x8003d8a0 x22:0xa1226048 PA:0x8003d90d store:0xa1226048 load:0x000000ff
      229899000	     11393	80004348	f4354e03	lbu	x28,-189(x10)	 x10:0x8003d8a0 x28=0x00000000 PA:0x8003d7e3 load:0x00000000
      229999000	     11398	8000434c	049505a3	sb	x9,75(x10)	 x10:0x8003d8a0  x9:0x80047e64 PA:0x8003d8eb store:0x80047e64 load:0x000000ff
      230039000	     11400	80004350	f0354703	lbu	x14,-253(x10)	 x10:0x8003d8a0 x14=0x00000000 PA:0x8003d7a3 load:0x00000000
      230479000	     11422	80004354	f4750a03	lb	x20,-185(x10)	 x10:0x8003d8a0 x20=0x00000000 PA:0x8003d7e7 load:0x00000000
      230739000	     11435	80004358	f7a50da3	sb	x26,-133(x10)	 x10:0x8003d8a0 x26:0x00000000 PA:0x8003d81b store:0x00000000 load:0x000000ff
      230759000	     11436	8000435c	00030217	auipc	x4,0x30	  x4=0x8003435c
      230879000	     11442	80004360	dc720213	addi	x4,x4,-569	  x4:0x8003435c  x4=0x80034123
      231799000	     11488	80004364	024262b3	rem	x5,x4,x4	  x4:0x80034123  x4:0x80034123  x5=0x00000000
      235959000	     11696	80004368	03824403	lbu	x8,56(x4)	  x4:0x80034123  x8=0x00000000 PA:0x8003415b load:0x00000000
      235979000	     11697	8000436c	83ed	c.srli	x15,0x1b	 x15:0x00000000 x15=0x00000000
      236039000	     11700	8000436e	fe120b83	lb	x23,-31(x4)	  x4:0x80034123 x23=0x00000000 PA:0x80034104 load:0x00000000
      236159000	     11706	80004372	03220603	lb	x12,50(x4)	  x4:0x80034123 x12=0x00000000 PA:0x80034155 load:0x00000000
      236419000	     11719	80004376	01420b03	lb	x22,20(x4)	  x4:0x80034123 x22=0x00000000 PA:0x80034137 load:0x00000000
      236439000	     11720	8000437a	1e7d	c.addi	x28,-1	 x28:0x00000000 x28=0xffffffff
      236459000	     11721	8000437c	1808	c.addi4spn	x10,x2,48	 x10=0x00000030
      236719000	     11734	8000437e	fd2200a3	sb	x18,-63(x4)	  x4:0x80034123 x18:0x00000000 PA:0x800340e4 store:0x00000000 load:0x000000ff
      236859000	     11741	80004382	fe4218a3	sh	x4,-15(x4)	  x4:0x80034123  x4:0x80034123 PA:0x80034114 store:0x80034123 load:0x0000ffff
      236879000	     11742	80004386	a70d7d93	andi	x27,x26,-1424	 x26:0x00000000 x27=0x00000000
      236899000	     11743	8000438a	410bdd93	srai	x27,x23,0x10	 x23:0x00000000 x27=0x00000000
      236979000	     11747	8000438e	03d009b3	mul	x19,x0,x29	  x0:0x00000000 x29:0xe6e64000 x19=0x00000000
      237159000	     11756	80004392	03824283	lbu	x5,56(x4)	  x4:0x80034123  x5=0x00000000 PA:0x8003415b load:0x00000000
      238039000	     11800	80004396	02694733	div	x14,x18,x6	 x18:0x00000000  x6:0x00000001 x14=0x00000000
      238059000	     11801	8000439a	bf356b13	ori	x22,x10,-1037	 x10:0x00000030 x22=0xfffffbf3
      238139000	     11805	8000439e	03024683	lbu	x13,48(x4)	  x4:0x80034123 x13=0x00000000 PA:0x80034153 load:0x00000000
      238179000	     11807	800043a2	96fa	c.add	x13,x30	 x13:0x00000000 x30:0x8004bce4 x13=0x8004bce4
      238219000	     11809	800043a4	04020803	lb	x16,64(x4)	  x4:0x80034123 x16=0x00000000 PA:0x80034163 load:0x00000000
      238239000	     11810	800043a8	987d	c.andi	x8,-1	  x8:0x00000000  x8=0x00000000
      238259000	     11811	800043aa	02620983	lb	x19,38(x4)	  x4:0x80034123 x19=0x00000000 PA:0x80034149 load:0x00000000
      238279000	     11812	800043ae	8c2d	c.xor	x8,x11	  x8:0x00000000 x11:0x894eacb4  x8=0x894eacb4
      238579000	     11827	800043b0	00921ba3	sh	x9,23(x4)	  x4:0x80034123  x9:0x80047e64 PA:0x8003413a store:0x80047e64 load:0x0000ffff
      238719000	     11834	800043b4	0001	c.addi	x0,0	  x0:0x00000000  x0=0x00000000
      239059000	     11851	800043b6	01420e83	lb	x29,20(x4)	  x4:0x80034123 x29=0x00000000 PA:0x80034137 load:0x00000000
      239279000	     11862	800043ba	ffa24603	lbu	x12,-6(x4)	  x4:0x80034123 x12=0x00000000 PA:0x8003411d load:0x00000000
      239339000	     11865	800043be	029d0cb3	mul	x25,x26,x9	 x26:0x00000000  x9:0x80047e64 x25=0x00000000
      239359000	     11866	800043c2	00edd833	srl	x16,x27,x14	 x27:0x00000000 x14:0x00000000 x16=0x00000000
      239779000	     11887	800043c6	02230fb3	mul	x31,x6,x2	  x6:0x00000001  x2:0x00000000 x31=0x00000000
      240239000	     11910	800043ca	fd420403	lb	x8,-44(x4)	  x4:0x80034123  x8=0x00000000 PA:0x800340f7 load:0x00000000
      240299000	     11913	800043ce	fd420e03	lb	x28,-44(x4)	  x4:0x80034123 x28=0x00000000 PA:0x800340f7 load:0x00000000
      240719000	     11934	800043d2	fd620b83	lb	x23,-42(x4)	  x4:0x80034123 x23=0x00000000 PA:0x800340f9 load:0x00000000
      240739000	     11935	800043d6	9c290b93	addi	x23,x18,-1598	 x18:0x00000000 x23=0xfffff9c2
      240799000	     11938	800043da	ff324703	lbu	x14,-13(x4)	  x4:0x80034123 x14=0x00000000 PA:0x80034116 load:0x00000000
      240819000	     11939	800043de	411256b3	sra	x13,x4,x17	  x4:0x80034123 x17:0x00000000 x13=0x80034123
      240859000	     11941	800043e2	034d5a33	divu	x20,x26,x20	 x26:0x00000000 x20:0x00000000 x20=0xffffffff
      240959000	     11946	800043e6	02d20783	lb	x15,45(x4)	  x4:0x80034123 x15=0x00000000 PA:0x80034150 load:0x00000000
      241559000	     11976	800043ea	00f206a3	sb	x15,13(x4)	  x4:0x80034123 x15:0x00000000 PA:0x80034130 store:0x00000000 load:0x000000ff
      241619000	     11979	800043ee	fd620983	lb	x19,-42(x4)	  x4:0x80034123 x19=0x00000000 PA:0x800340f9 load:0x00000000
      241639000	     11980	800043f2	fe020803	lb	x16,-32(x4)	  x4:0x80034123 x16=0x00000000 PA:0x80034103 load:0x00000000
      241659000	     11981	800043f6	0002e117	auipc	x2,0x2e	  x2=0x800323f6
      241679000	     11982	800043fa	c5a10113	addi	x2,x2,-934	  x2:0x800323f6  x2=0x80032050
      241739000	     11985	800043fe	ffd14a03	lbu	x20,-3(x2)	  x2:0x80032050 x20=0x00000000 PA:0x8003204d load:0x00000000
      241759000	     11986	80004402	13516213	ori	x4,x2,309	  x2:0x80032050  x4=0x80032175
      241979000	     11997	80004406	00b10a03	lb	x20,11(x2)	  x2:0x80032050 x20=0x00000000 PA:0x8003205b load:0x00000000
      242379000	     12017	8000440a	00b102a3	sb	x11,5(x2)	  x2:0x80032050 x11:0x894eacb4 PA:0x80032055 store:0x894eacb4 load:0x000000ff
      242519000	     12024	8000440e	00710a03	lb	x20,7(x2)	  x2:0x80032050 x20=0x00000000 PA:0x80032057 load:0x00000000
      242839000	     12040	80004412	0000100f	fence.i	
      243779000	     12087	80004416	019103a3	sb	x25,7(x2)	  x2:0x80032050 x25:0x00000000 PA:0x80032057 store:0x00000000 load:0x000000ff
      244279000	     12112	8000441a	01511723	sh	x21,14(x2)	  x2:0x80032050 x21:0xbfff567f PA:0x8003205e store:0xbfff567f load:0x0000ffff
      244319000	     12114	8000441e	02f4bcb3	mulhu	x25,x9,x15	  x9:0x80047e64 x15:0x00000000 x25=0x00000000
      244579000	     12127	80004422	ff911d23	sh	x25,-6(x2)	  x2:0x80032050 x25:0x00000000 PA:0x8003204a store:0x00000000 load:0x0000ffff
      245199000	     12158	80004426	00214683	lbu	x13,2(x2)	  x2:0x80032050 x13=0x00000000 PA:0x80032052 load:0x00000000
      245419000	     12169	8000442a	01e10723	sb	x30,14(x2)	  x2:0x80032050 x30:0x8004bce4 PA:0x8003205e store:0x8004bce4 load:0x000000ff
      245679000	     12182	8000442e	c60a	c.swsp	x2,12(x2)	  x2:0x80032050  x2:0x80032050 PA:0x8003205c store:0x80032050 load:0xffffffff
      245699000	     12183	80004430	8f3c6b13	ori	x22,x24,-1805	 x24:0x00000000 x22=0xfffff8f3
      245719000	     12184	80004434	030b0d33	mul	x26,x22,x16	 x22:0xfffff8f3 x16:0x00000000 x26=0x00000000
      245779000	     12187	80004438	c416	c.swsp	x5,8(x2)	  x2:0x80032050  x5:0x00000000 PA:0x80032058 store:0x00000000 load:0xffffffff
      245799000	     12188	8000443a	00214a03	lbu	x20,2(x2)	  x2:0x80032050 x20=0x00000000 PA:0x80032052 load:0x00000000
      246019000	     12199	8000443e	c056	c.swsp	x21,0(x2)	  x2:0x80032050 x21:0xbfff567f PA:0x80032050 store:0xbfff567f load:0xffffffff
      246079000	     12202	80004440	c00a	c.swsp	x2,0(x2)	  x2:0x80032050  x2:0x80032050 PA:0x80032050 store:0x80032050 load:0xffffffff
      246099000	     12203	80004442	8355	c.srli	x14,0x15	 x14:0x00000000 x14=0x00000000
      246259000	     12211	80004444	00510c83	lb	x25,5(x2)	  x2:0x80032050 x25=0xffffffb4 PA:0x80032055 load:0xffffffb4
      246619000	     12229	80004448	ffd14803	lbu	x16,-3(x2)	  x2:0x80032050 x16=0x00000000 PA:0x8003204d load:0x00000000
      246959000	     12246	8000444c	ffd10803	lb	x16,-3(x2)	  x2:0x80032050 x16=0x00000000 PA:0x8003204d load:0x00000000
      246979000	     12247	80004450	0002e117	auipc	x2,0x2e	  x2=0x80032450
      246999000	     12248	80004454	fc810113	addi	x2,x2,-56	  x2:0x80032450  x2=0x80032418
      247059000	     12251	80004458	4d42	c.lwsp	x26,16(x2)	  x2:0x80032418 x26=0x00000000 PA:0x80032428 load:0x00000000
      247199000	     12258	8000445a	ffb10ba3	sb	x27,-9(x2)	  x2:0x80032418 x27:0x00000000 PA:0x8003240f store:0x00000000 load:0x000000ff
      247379000	     12267	8000445e	ff910d03	lb	x26,-7(x2)	  x2:0x80032418 x26=0x00000000 PA:0x80032411 load:0x00000000
      247399000	     12268	80004462	868a	c.mv	x13,x2	  x0:0x00000000  x2:0x80032418 x13=0x80032418
      247859000	     12291	80004464	ff611d83	lh	x27,-10(x2)	  x2:0x80032418 x27=0x00000000 PA:0x8003240e load:0x00000000
      247919000	     12294	80004468	00210a03	lb	x20,2(x2)	  x2:0x80032418 x20=0x00000000 PA:0x8003241a load:0x00000000
      247939000	     12295	8000446c	038c88b3	mul	x17,x25,x24	 x25:0xffffffb4 x24:0x00000000 x17=0x00000000
      247959000	     12296	80004470	8e45	c.or	x12,x9	 x12:0x00000000  x9:0x80047e64 x12=0x80047e64
      248019000	     12299	80004472	ffd14e83	lbu	x29,-3(x2)	  x2:0x80032418 x29=0x00000000 PA:0x80032415 load:0x00000000
      248319000	     12314	80004476	ffa10c23	sb	x26,-8(x2)	  x2:0x80032418 x26:0x00000000 PA:0x80032410 store:0x00000000 load:0x000000ff
      248379000	     12317	8000447a	00b14c03	lbu	x24,11(x2)	  x2:0x80032418 x24=0x00000000 PA:0x80032423 load:0x00000000
      248399000	     12318	8000447e	ff710703	lb	x14,-9(x2)	  x2:0x80032418 x14=0x00000000 PA:0x8003240f load:0x00000000
      248419000	     12319	80004482	00a10a03	lb	x20,10(x2)	  x2:0x80032418 x20=0x00000000 PA:0x80032422 load:0x00000000
      248439000	     12320	80004486	86e9	c.srai	x13,0x1a	 x13:0x80032418 x13=0xffffffe0
      248579000	     12327	80004488	a4128293	addi	x5,x5,-1471	  x5:0x00000000  x5=0xfffffa41
      248839000	     12340	8000448c	01b104a3	sb	x27,9(x2)	  x2:0x80032418 x27:0x00000000 PA:0x80032421 store:0x00000000 load:0x000000ff
      249019000	     12349	80004490	00a15403	lhu	x8,10(x2)	  x2:0x80032418  x8=0x00000000 PA:0x80032422 load:0x00000000
      249039000	     12350	80004494	0000100f	fence.i	
      249399000	     12368	80004498	9fbd3d13	sltiu	x26,x26,-1541	 x26:0x00000000 x26=0x00000001
      249439000	     12370	8000449c	020d1933	mulh	x18,x26,x0	 x26:0x00000001  x0:0x00000000 x18=0x00000000
      249479000	     12372	800044a0	03c62db3	mulhsu	x27,x12,x28	 x12:0x80047e64 x28:0x00000000 x27=0x00000000
      249639000	     12380	800044a4	00b14c83	lbu	x25,11(x2)	  x2:0x80032418 x25=0x00000000 PA:0x80032423 load:0x00000000
      249799000	     12388	800044a8	ff814003	lbu	x0,-8(x2)	  x2:0x80032418  x0=0x00000000 PA:0x80032410 load:0x00000000
      249959000	     12396	800044ac	8ead	c.xor	x13,x11	 x13:0xffffffe0 x11:0x894eacb4 x13=0x76b15354
      250219000	     12409	800044ae	fe5108a3	sb	x5,-15(x2)	  x2:0x80032418  x5:0xfffffa41 PA:0x80032409 store:0xfffffa41 load:0x000000ff
      250239000	     12410	800044b2	167d	c.addi	x12,-1	 x12:0x80047e64 x12=0x80047e63
      250399000	     12418	800044b4	0000100f	fence.i	
      251099000	     12453	800044b8	82070e93	addi	x29,x14,-2016	 x14:0x00000000 x29=0xfffff820
      251459000	     12471	800044bc	ffa14b83	lbu	x23,-6(x2)	  x2:0x80032418 x23=0x00000000 PA:0x80032412 load:0x00000000
      251479000	     12472	800044c0	a9d83993	sltiu	x19,x16,-1379	 x16:0x00000000 x19=0x00000001
      251859000	     12491	800044c4	8d41	c.or	x10,x8	 x10:0x00000030  x8:0x00000000 x10=0x00000030
      251919000	     12494	800044c6	ffc15c03	lhu	x24,-4(x2)	  x2:0x80032418 x24=0x00000000 PA:0x80032414 load:0x00000000
      252319000	     12514	800044ca	ff414683	lbu	x13,-12(x2)	  x2:0x80032418 x13=0x00000000 PA:0x8003240c load:0x00000000
      252379000	     12517	800044ce	00610983	lb	x19,6(x2)	  x2:0x80032418 x19=0x00000000 PA:0x8003241e load:0x00000000
      252419000	     12519	800044d2	015999b3	sll	x19,x19,x21	 x19:0x00000000 x21:0xbfff567f x19=0x00000000
      252439000	     12520	800044d6	6219f313	andi	x6,x19,1569	 x19:0x00000000  x6=0x00000000
      252579000	     12527	800044da	013104a3	sb	x19,9(x2)	  x2:0x80032418 x19:0x00000000 PA:0x80032421 store:0x00000000 load:0x000000ff
      252979000	     12547	800044de	ffb10b03	lb	x22,-5(x2)	  x2:0x80032418 x22=0x00000000 PA:0x80032413 load:0x00000000
      252999000	     12548	800044e2	01c16d33	or	x26,x2,x28	  x2:0x80032418 x28:0x00000000 x26=0x80032418
      253039000	     12550	800044e6	02d2f6b3	remu	x13,x5,x13	  x5:0xfffffa41 x13:0x00000000 x13=0xfffffa41
      253059000	     12551	800044ea	fd9f7d17	auipc	x26,0xfd9f7	 x26=0x7d9fb4ea
      253319000	     12564	800044ee	00614203	lbu	x4,6(x2)	  x2:0x80032418  x4=0x00000000 PA:0x8003241e load:0x00000000
      253479000	     12572	800044f2	ffa11c03	lh	x24,-6(x2)	  x2:0x80032418 x24=0x00000000 PA:0x80032412 load:0x00000000
      253499000	     12573	800044f6	0001	c.addi	x0,0	  x0:0x00000000  x0=0x00000000
      253759000	     12586	800044f8	00a10e03	lb	x28,10(x2)	  x2:0x80032418 x28=0x00000000 PA:0x80032422 load:0x00000000
      253839000	     12590	800044fc	01b100a3	sb	x27,1(x2)	  x2:0x80032418 x27:0x00000000 PA:0x80032419 store:0x00000000 load:0x000000ff
      253899000	     12593	80004500	013100a3	sb	x19,1(x2)	  x2:0x80032418 x19:0x00000000 PA:0x80032419 store:0x00000000 load:0x000000ff
      253919000	     12594	80004504	918a	c.add	x3,x2	  x3:0x00000000  x2:0x80032418  x3=0x80032418
      254179000	     12607	80004506	fff10d83	lb	x27,-1(x2)	  x2:0x80032418 x27=0x00000000 PA:0x80032417 load:0x00000000
      254479000	     12622	8000450a	c652	c.swsp	x20,12(x2)	  x2:0x80032418 x20:0x00000000 PA:0x80032424 store:0x00000000 load:0xffffffff
      254499000	     12623	8000450c	0002f697	auipc	x13,0x2f	 x13=0x8003350c
      254519000	     12624	80004510	a0e68693	addi	x13,x13,-1522	 x13:0x8003350c x13=0x80032f1a
      254719000	     12634	80004514	0276c183	lbu	x3,39(x13)	 x13:0x80032f1a  x3=0x00000000 PA:0x80032f41 load:0x00000000
      254899000	     12643	80004518	f216c283	lbu	x5,-223(x13)	 x13:0x80032f1a  x5=0x00000000 PA:0x80032e3b load:0x00000000
      254919000	     12644	8000451c	00f318b3	sll	x17,x6,x15	  x6:0x00000000 x15:0x00000000 x17=0x00000000
      254979000	     12647	80004520	f2168a83	lb	x21,-223(x13)	 x13:0x80032f1a x21=0x00000000 PA:0x80032e3b load:0x00000000
      254999000	     12648	80004524	f38680a3	sb	x24,-223(x13)	 x13:0x80032f1a x24:0x00000000 PA:0x80032e3b store:0x00000000 load:0x000000ff
      255019000	     12649	80004528	f906dd83	lhu	x27,-112(x13)	 x13:0x80032f1a x27=0x00000000 PA:0x80032eaa load:0x00000000
      255039000	     12650	8000452c	f906c603	lbu	x12,-112(x13)	 x13:0x80032f1a x12=0x00000000 PA:0x80032eaa load:0x00000000
      255139000	     12655	80004530	f8368823	sb	x3,-112(x13)	 x13:0x80032f1a  x3:0x00000000 PA:0x80032eaa store:0x00000000 load:0x000000ff
      255259000	     12661	80004534	f906de83	lhu	x29,-112(x13)	 x13:0x80032f1a x29=0x00000000 PA:0x80032eaa load:0x00000000
      255279000	     12662	80004538	6e95	c.lui	x29,0x5	 x29=0x00005000
      255299000	     12663	8000453a	d9c9fc13	andi	x24,x19,-612	 x19:0x00000000 x24=0x00000000
      255319000	     12664	8000453e	d92a3913	sltiu	x18,x20,-622	 x20:0x00000000 x18=0x00000001
      255579000	     12677	80004542	08e69d83	lh	x27,142(x13)	 x13:0x80032f1a x27=0x00000000 PA:0x80032fa8 load:0x00000000
      255639000	     12680	80004546	05e69623	sh	x30,76(x13)	 x13:0x80032f1a x30:0x8004bce4 PA:0x80032f66 store:0x8004bce4 load:0x0000ffff
      256019000	     12699	8000454a	fbb68c03	lb	x24,-69(x13)	 x13:0x80032f1a x24=0x00000000 PA:0x80032ed5 load:0x00000000
      256159000	     12706	8000454e	f66689a3	sb	x6,-141(x13)	 x13:0x80032f1a  x6:0x00000000 PA:0x80032e8d store:0x00000000 load:0x000000ff
      256179000	     12707	80004552	0ffa	c.slli	x31,0x1e	 x31:0x00000000 x31=0x00000000
      256239000	     12710	80004554	f736ca03	lbu	x20,-141(x13)	 x13:0x80032f1a x20=0x00000000 PA:0x80032e8d load:0x00000000
      256299000	     12713	80004558	031cf2b3	remu	x5,x25,x17	 x25:0x00000000 x17:0x00000000  x5=0x00000000
      256479000	     12722	8000455c	fbc69183	lh	x3,-68(x13)	 x13:0x80032f1a  x3=0x00000000 PA:0x80032ed6 load:0x00000000
      256939000	     12745	80004560	fbc6db83	lhu	x23,-68(x13)	 x13:0x80032f1a x23=0x00000000 PA:0x80032ed6 load:0x00000000
      256999000	     12748	80004564	02a69e83	lh	x29,42(x13)	 x13:0x80032f1a x29=0x00000000 PA:0x80032f44 load:0x00000000
      257019000	     12749	80004568	0002ec17	auipc	x24,0x2e	 x24=0x80032568
      257039000	     12750	8000456c	c21c0c13	addi	x24,x24,-991	 x24:0x80032568 x24=0x80032189
      257439000	     12770	80004570	02ac0123	sb	x10,34(x24)	 x24:0x80032189 x10:0x00000030 PA:0x800321ab store:0x00000030 load:0x000000ff
      257939000	     12795	80004574	fcdc4c83	lbu	x25,-51(x24)	 x24:0x80032189 x25=0x00000000 PA:0x80032156 load:0x00000000
      258199000	     12808	80004578	fcdc4a03	lbu	x20,-51(x24)	 x24:0x80032189 x20=0x00000000 PA:0x80032156 load:0x00000000
      258219000	     12809	8000457c	009933b3	sltu	x7,x18,x9	 x18:0x00000001  x9:0x80047e64  x7=0x00000001
      258499000	     12823	80004580	fc1c16a3	sh	x1,-51(x24)	 x24:0x80032189  x1:0x00000000 PA:0x80032156 store:0x00000000 load:0x0000ffff
      258559000	     12826	80004584	fcdc4a03	lbu	x20,-51(x24)	 x24:0x80032189 x20=0x00000000 PA:0x80032156 load:0x00000000
      258999000	     12848	80004588	fc7c5783	lhu	x15,-57(x24)	 x24:0x80032189 x15=0x00000000 PA:0x80032150 load:0x00000000
      259059000	     12851	8000458c	fc7c4603	lbu	x12,-57(x24)	 x24:0x80032189 x12=0x00000000 PA:0x80032150 load:0x00000000
      259079000	     12852	80004590	fc7c1103	lh	x2,-57(x24)	 x24:0x80032189  x2=0x00000000 PA:0x80032150 load:0x00000000
      259099000	     12853	80004594	fc7c4f83	lbu	x31,-57(x24)	 x24:0x80032189 x31=0x00000000 PA:0x80032150 load:0x00000000
      259219000	     12859	80004598	fc5c23a3	sw	x5,-57(x24)	 x24:0x80032189  x5:0x00000000 PA:0x80032150 store:0x00000000 load:0xffffffff
      259239000	     12860	8000459c	0002fe97	auipc	x29,0x2f	 x29=0x8003359c
      259259000	     12861	800045a0	9e7e8e93	addi	x29,x29,-1561	 x29:0x8003359c x29=0x80032f83
      259419000	     12869	800045a4	019ec403	lbu	x8,25(x29)	 x29:0x80032f83  x8=0x00000000 PA:0x80032f9c load:0x00000000
      259479000	     12872	800045a8	002e90a3	sh	x2,1(x29)	 x29:0x80032f83  x2:0x00000000 PA:0x80032f84 store:0x00000000 load:0x0000ffff
      259759000	     12886	800045ac	5a330a17	auipc	x20,0x5a330	 x20=0xda3345ac
      259819000	     12889	800045b0	001ed103	lhu	x2,1(x29)	 x29:0x80032f83  x2=0x00000000 PA:0x80032f84 load:0x00000000
      260239000	     12910	800045b4	009eab83	lw	x23,9(x29)	 x29:0x80032f83 x23=0x00000000 PA:0x80032f8c load:0x00000000
      260479000	     12922	800045b8	09de9383	lh	x7,157(x29)	 x29:0x80032f83  x7=0x00000000 PA:0x80033020 load:0x00000000
      260939000	     12945	800045bc	09dead03	lw	x26,157(x29)	 x29:0x80032f83 x26=0x00000000 PA:0x80033020 load:0x00000000
      261399000	     12968	800045c0	ff1ed703	lhu	x14,-15(x29)	 x29:0x80032f83 x14=0x00000000 PA:0x80032f74 load:0x00000000
      261439000	     12970	800045c4	8d19	c.sub	x10,x14	 x10:0x00000030 x14:0x00000000 x10=0x00000030
      261899000	     12993	800045c6	ff6e8103	lb	x2,-10(x29)	 x29:0x80032f83  x2=0x00000000 PA:0x80032f79 load:0x00000000
      261959000	     12996	800045ca	feae8b23	sb	x10,-10(x29)	 x29:0x80032f83 x10:0x00000030 PA:0x80032f79 store:0x00000030 load:0x000000ff
      262239000	     13010	800045ce	ffde8b23	sb	x29,-10(x29)	 x29:0x80032f83 x29:0x80032f83 PA:0x80032f79 store:0x80032f83 load:0x000000ff
      262299000	     13013	800045d2	ffbe8b23	sb	x27,-10(x29)	 x29:0x80032f83 x27:0x00000000 PA:0x80032f79 store:0x00000000 load:0x000000ff
      262379000	     13017	800045d6	fefe8b23	sb	x15,-10(x29)	 x29:0x80032f83 x15:0x00000000 PA:0x80032f79 store:0x00000000 load:0x000000ff
      262399000	     13018	800045da	0002e117	auipc	x2,0x2e	  x2=0x800325da
      262419000	     13019	800045de	e6910113	addi	x2,x2,-407	  x2:0x800325da  x2=0x80032443
      262559000	     13026	800045e2	00d15383	lhu	x7,13(x2)	  x2:0x80032443  x7=0x00000000 PA:0x80032450 load:0x00000000
      263259000	     13061	800045e6	ff711003	lh	x0,-9(x2)	  x2:0x80032443  x0=0x00000000 PA:0x8003243a load:0x00000000
      263499000	     13073	800045ea	00614d83	lbu	x27,6(x2)	  x2:0x80032443 x27=0x00000000 PA:0x80032449 load:0x00000000
      263519000	     13074	800045ee	40de0cb3	sub	x25,x28,x13	 x28:0x00000000 x13:0x80032f1a x25=0x7ffcd0e6
      263539000	     13075	800045f2	60c9	c.lui	x1,0x12	  x1=0x00012000
      263599000	     13078	800045f4	00710d03	lb	x26,7(x2)	  x2:0x80032443 x26=0x00000000 PA:0x8003244a load:0x00000000
      263799000	     13088	800045f8	00315b83	lhu	x23,3(x2)	  x2:0x80032443 x23=0x00000000 PA:0x80032446 load:0x00000000
      263859000	     13091	800045fc	00614603	lbu	x12,6(x2)	  x2:0x80032443 x12=0x00000000 PA:0x80032449 load:0x00000000
      263879000	     13092	80004600	01fb1d13	slli	x26,x22,0x1f	 x22:0x00000000 x26=0x00000000
      263899000	     13093	80004604	0147ae33	slt	x28,x15,x20	 x15:0x00000000 x20:0xda3345ac x28=0x00000000
      263919000	     13094	80004608	fa846013	ori	x0,x8,-88	  x8:0x00000000  x0=0x00000000
      264059000	     13101	8000460c	00a10883	lb	x17,10(x2)	  x2:0x80032443 x17=0x00000000 PA:0x8003244d load:0x00000000
      264299000	     13113	80004610	00a10e03	lb	x28,10(x2)	  x2:0x80032443 x28=0x00000000 PA:0x8003244d load:0x00000000
      264339000	     13115	80004614	01010623	sb	x16,12(x2)	  x2:0x80032443 x16:0x00000000 PA:0x8003244f store:0x00000000 load:0x000000ff
      264979000	     13147	80004618	00715983	lhu	x19,7(x2)	  x2:0x80032443 x19=0x00000000 PA:0x8003244a load:0x00000000
      264999000	     13148	8000461c	fd3a8893	addi	x17,x21,-45	 x21:0x00000000 x17=0xffffffd3
      265059000	     13151	80004620	00711883	lh	x17,7(x2)	  x2:0x80032443 x17=0x00000000 PA:0x8003244a load:0x00000000
      265239000	     13160	80004624	00715883	lhu	x17,7(x2)	  x2:0x80032443 x17=0x00000000 PA:0x8003244a load:0x00000000
      265259000	     13161	80004628	87b9	c.srai	x15,0xe	 x15:0x00000000 x15=0x00000000
      265319000	     13164	8000462a	ffb12aa3	sw	x27,-11(x2)	  x2:0x80032443 x27:0x00000000 PA:0x80032438 store:0x00000000 load:0xffffffff
      265539000	     13175	8000462e	fe410f23	sb	x4,-2(x2)	  x2:0x80032443  x4:0x00000000 PA:0x80032441 store:0x00000000 load:0x000000ff
      265559000	     13176	80004632	0002e117	auipc	x2,0x2e	  x2=0x80032632
      265579000	     13177	80004636	a1610113	addi	x2,x2,-1514	  x2:0x80032632  x2=0x80032048
      265599000	     13178	8000463a	59e03d37	lui	x26,0x59e03	 x26=0x59e03000
      265619000	     13179	8000463e	916a	c.add	x2,x26	  x2:0x80032048 x26:0x59e03000  x2=0xd9e35048
      265679000	     13182	80004640	fe210a23	sb	x2,-12(x2)	  x2:0xd9e35048  x2:0xd9e35048 PA:0xd9e3503c store:0xd9e35048 load:0x000000ff
      266099000	     13203	80004644	d8510fa3	sb	x5,-609(x2)	  x2:0xd9e35048  x5:0x00000000 PA:0xd9e34de7 store:0x00000000 load:0x000000ff
      266619000	     13229	80004648	12611123	sh	x6,290(x2)	  x2:0xd9e35048  x6:0x00000000 PA:0xd9e3516a store:0x00000000 load:0x0000ffff
      266639000	     13230	8000464c	061a	c.slli	x12,0x6	 x12:0x00000000 x12=0x00000000
      266699000	     13233	8000464e	c6a11a23	sh	x10,-908(x2)	  x2:0xd9e35048 x10:0x00000030 PA:0xd9e34cbc store:0x00000030 load:0x0000ffff
      266879000	     13242	80004652	0361f833	remu	x16,x3,x22	  x3:0x00000000 x22:0x00000000 x16=0x00000000
      267219000	     13259	80004656	40a2d313	srai	x6,x5,0xa	  x5:0x00000000  x6=0x00000000
      267379000	     13267	8000465a	41175033	sra	x0,x14,x17	 x14:0x00000000 x17:0x00000000  x0=0x00000000
      267419000	     13269	8000465e	03c159b3	divu	x19,x2,x28	  x2:0xd9e35048 x28:0x00000000 x19=0xffffffff
      267679000	     13282	80004662	69011e23	sh	x16,1692(x2)	  x2:0xd9e35048 x16:0x00000000 PA:0xd9e356e4 store:0x00000000 load:0x0000ffff
      267699000	     13283	80004666	8eed	c.and	x13,x11	 x13:0x80032f1a x11:0x894eacb4 x13=0x80022c10
      267719000	     13284	80004668	8fe5	c.and	x15,x9	 x15:0x00000000  x9:0x80047e64 x15=0x00000000
      267739000	     13285	8000466a	03828a33	mul	x20,x5,x24	  x5:0x00000000 x24:0x80032189 x20=0x00000000
      267959000	     13296	8000466e	ff414e83	lbu	x29,-12(x2)	  x2:0xd9e35048 x29=0x00000048 PA:0xd9e3503c load:0x00000048
      268079000	     13302	80004672	016530b3	sltu	x1,x10,x22	 x10:0x00000030 x22:0x00000000  x1=0x00000000
      268099000	     13303	80004676	8c65	c.and	x8,x9	  x8:0x00000000  x9:0x80047e64  x8=0x00000000
      268319000	     13314	80004678	6c810223	sb	x8,1732(x2)	  x2:0xd9e35048  x8:0x00000000 PA:0xd9e3570c store:0x00000000 load:0x000000ff
      268379000	     13317	8000467c	c4e10ba3	sb	x14,-937(x2)	  x2:0xd9e35048 x14:0x00000000 PA:0xd9e34c9f store:0x00000000 load:0x000000ff
      268599000	     13328	80004680	d9f10803	lb	x16,-609(x2)	  x2:0xd9e35048 x16=0x00000000 PA:0xd9e34de7 load:0x00000000
      268719000	     13334	80004684	12211783	lh	x15,290(x2)	  x2:0xd9e35048 x15=0x00000000 PA:0xd9e3516a load:0x00000000
      268739000	     13335	80004688	0002e117	auipc	x2,0x2e	  x2=0x80032688
      268759000	     13336	8000468c	9c010113	addi	x2,x2,-1600	  x2:0x80032688  x2=0x80032048
      268779000	     13337	80004690	505b1d37	lui	x26,0x505b1	 x26=0x505b1000
      268799000	     13338	80004694	916a	c.add	x2,x26	  x2:0x80032048 x26:0x505b1000  x2=0xd05e3048
      269259000	     13361	80004696	42010123	sb	x0,1058(x2)	  x2:0xd05e3048  x0:0x00000000 PA:0xd05e346a store:0x00000000 load:0x000000ff
      269319000	     13364	8000469a	66110fa3	sb	x1,1663(x2)	  x2:0xd05e3048  x1:0x00000000 PA:0xd05e36c7 store:0x00000000 load:0x000000ff
      269339000	     13365	8000469e	62210fa3	sb	x2,1599(x2)	  x2:0xd05e3048  x2:0xd05e3048 PA:0xd05e3687 store:0xd05e3048 load:0x000000ff
      269499000	     13373	800046a2	22311b23	sh	x3,566(x2)	  x2:0xd05e3048  x3:0x00000000 PA:0xd05e327e store:0x00000000 load:0x0000ffff
      269899000	     13393	800046a6	4e4100a3	sb	x4,1249(x2)	  x2:0xd05e3048  x4:0x00000000 PA:0xd05e3529 store:0x00000000 load:0x000000ff
      270039000	     13400	800046aa	ea511323	sh	x5,-346(x2)	  x2:0xd05e3048  x5:0x00000000 PA:0xd05e2eee store:0x00000000 load:0x0000ffff
      270099000	     13403	800046ae	16611d23	sh	x6,378(x2)	  x2:0xd05e3048  x6:0x00000000 PA:0xd05e31c2 store:0x00000000 load:0x0000ffff
      270139000	     13405	800046b2	767100a3	sb	x7,1889(x2)	  x2:0xd05e3048  x7:0x00000000 PA:0xd05e37a9 store:0x00000000 load:0x000000ff
      270159000	     13406	800046b6	42214003	lbu	x0,1058(x2)	  x2:0xd05e3048  x0=0x00000000 PA:0xd05e346a load:0x00000000
      270199000	     13408	800046ba	02bfba33	mulhu	x20,x31,x11	 x31:0x00000000 x11:0x894eacb4 x20=0x00000000
      270459000	     13421	800046be	67f10983	lb	x19,1663(x2)	  x2:0xd05e3048 x19=0x00000000 PA:0xd05e36c7 load:0x00000000
      270479000	     13422	800046c2	63f10083	lb	x1,1599(x2)	  x2:0xd05e3048  x1=0x00000048 PA:0xd05e3687 load:0x00000048
      270499000	     13423	800046c6	6c440193	addi	x3,x8,1732	  x8:0x00000000  x3=0x000006c4
      270559000	     13426	800046ca	23615203	lhu	x4,566(x2)	  x2:0xd05e3048  x4=0x00000000 PA:0xd05e327e load:0x00000000
      270579000	     13427	800046ce	406d5bb3	sra	x23,x26,x6	 x26:0x505b1000  x6:0x00000000 x23=0x505b1000
      270799000	     13438	800046d2	4e110e83	lb	x29,1249(x2)	  x2:0xd05e3048 x29=0x00000000 PA:0xd05e3529 load:0x00000000
      270819000	     13439	800046d6	9f887e13	andi	x28,x16,-1544	 x16:0x00000000 x28=0x00000000
      270839000	     13440	800046da	8f61	c.and	x14,x8	 x14:0x00000000  x8:0x00000000 x14=0x00000000
      270899000	     13443	800046dc	ea611c03	lh	x24,-346(x2)	  x2:0xd05e3048 x24=0x00000000 PA:0xd05e2eee load:0x00000000
      270919000	     13444	800046e0	17a11b03	lh	x22,378(x2)	  x2:0xd05e3048 x22=0x00000000 PA:0xd05e31c2 load:0x00000000
      270939000	     13445	800046e4	76114683	lbu	x13,1889(x2)	  x2:0xd05e3048 x13=0x00000000 PA:0xd05e37a9 load:0x00000000
      271239000	     13460	800046e8	0002e717	auipc	x14,0x2e	 x14=0x800326e8
      271259000	     13461	800046ec	ac370713	addi	x14,x14,-1341	 x14:0x800326e8 x14=0x800321ab
      271279000	     13462	800046f0	0003f097	auipc	x1,0x3f	  x1=0x800436f0
      271299000	     13463	800046f4	82308093	addi	x1,x1,-2013	  x1:0x800436f0  x1=0x80042f13
      271879000	     13492	800046f8	f13084a3	sb	x19,-247(x1)	  x1:0x80042f13 x19:0x00000000 PA:0x80042e1c store:0x00000000 load:0x000000ff
      272219000	     13509	800046fc	fb908ca3	sb	x25,-71(x1)	  x1:0x80042f13 x25:0x7ffcd0e6 PA:0x80042ecc store:0x7ffcd0e6 load:0x000000ff
      272519000	     13524	80004700	0b60c303	lbu	x6,182(x1)	  x1:0x80042f13  x6=0x00000000 PA:0x80042fc9 load:0x00000000
      272559000	     13526	80004704	05c0c003	lbu	x0,92(x1)	  x1:0x80042f13  x0=0x00000000 PA:0x80042f6f load:0x00000000
      272579000	     13527	80004708	fa008183	lb	x3,-96(x1)	  x1:0x80042f13  x3=0x00000000 PA:0x80042eb3 load:0x00000000
      272719000	     13534	8000470c	04e74a83	lbu	x21,78(x14)	 x14:0x800321ab x21=0x00000000 PA:0x800321f9 load:0x00000000
      273139000	     13555	80004710	ff474a03	lbu	x20,-12(x14)	 x14:0x800321ab x20=0x00000000 PA:0x8003219f load:0x00000000
      273199000	     13558	80004714	05c08623	sb	x28,76(x1)	  x1:0x80042f13 x28:0x00000000 PA:0x80042f5f store:0x00000000 load:0x000000ff
      273779000	     13587	80004718	0e9713a3	sh	x9,231(x14)	 x14:0x800321ab  x9:0x80047e64 PA:0x80032292 store:0x80047e64 load:0x0000ffff
      273839000	     13590	8000471c	f890a2a3	sw	x9,-123(x1)	  x1:0x80042f13  x9:0x80047e64 PA:0x80042e98 store:0x80047e64 load:0xffffffff
      273859000	     13591	80004720	fbc08303	lb	x6,-68(x1)	  x1:0x80042f13  x6=0x00000000 PA:0x80042ecf load:0x00000000
      273999000	     13598	80004724	0f670183	lb	x3,246(x14)	 x14:0x800321ab  x3=0x00000000 PA:0x800322a1 load:0x00000000
      274019000	     13599	80004728	f0574803	lbu	x16,-251(x14)	 x14:0x800321ab x16=0x00000000 PA:0x800320b0 load:0x00000000
      274439000	     13620	8000472c	00d08c83	lb	x25,13(x1)	  x1:0x80042f13 x25=0x00000000 PA:0x80042f20 load:0x00000000
      274599000	     13628	80004730	0fe74e03	lbu	x28,254(x14)	 x14:0x800321ab x28=0x00000000 PA:0x800322a9 load:0x00000000
      274699000	     13633	80004734	03608d83	lb	x27,54(x1)	  x1:0x80042f13 x27=0x00000000 PA:0x80042f49 load:0x00000000
      274719000	     13634	80004738	0002e397	auipc	x7,0x2e	  x7=0x80032738
      274739000	     13635	8000473c	91038393	addi	x7,x7,-1776	  x7:0x80032738  x7=0x80032048
      274759000	     13636	80004740	37675d37	lui	x26,0x37675	 x26=0x37675000
      274779000	     13637	80004744	93ea	c.add	x7,x26	  x7:0x80032048 x26:0x37675000  x7=0xb76a7048
      275019000	     13649	80004746	f81385a3	sb	x1,-117(x7)	  x7:0xb76a7048  x1:0x80042f13 PA:0xb76a6fd3 store:0x80042f13 load:0x000000ff
      275099000	     13653	8000474a	f8338aa3	sb	x3,-107(x7)	  x7:0xb76a7048  x3:0x00000000 PA:0xb76a6fdd store:0x00000000 load:0x000000ff
      275119000	     13654	8000474e	d04381a3	sb	x4,-765(x7)	  x7:0xb76a7048  x4:0x00000000 PA:0xb76a6d4b store:0x00000000 load:0x000000ff
      275239000	     13660	80004752	705389a3	sb	x5,1811(x7)	  x7:0xb76a7048  x5:0x00000000 PA:0xb76a775b store:0x00000000 load:0x000000ff
      275299000	     13663	80004756	3c639523	sh	x6,970(x7)	  x7:0xb76a7048  x6:0x00000000 PA:0xb76a7412 store:0x00000000 load:0x0000ffff
      278099000	     13803	8000475a	1c139723	sh	x1,462(x7)	  x7:0xb76a7048  x1:0x80042f13 PA:0xb76a7216 store:0x80042f13 load:0x0000ffff
      278259000	     13811	8000475e	f8b38983	lb	x19,-117(x7)	  x7:0xb76a7048 x19=0x00000013 PA:0xb76a6fd3 load:0x00000013
      278499000	     13823	80004762	2e839623	sh	x8,748(x7)	  x7:0xb76a7048  x8:0x00000000 PA:0xb76a7334 store:0x00000000 load:0x0000ffff
      278559000	     13826	80004766	f9538603	lb	x12,-107(x7)	  x7:0xb76a7048 x12=0x00000000 PA:0xb76a6fdd load:0x00000000
      278699000	     13833	8000476a	d033c283	lbu	x5,-765(x7)	  x7:0xb76a7048  x5=0x00000000 PA:0xb76a6d4b load:0x00000000
      278759000	     13836	8000476e	7133cb83	lbu	x23,1811(x7)	  x7:0xb76a7048 x23=0x00000000 PA:0xb76a775b load:0x00000000
      278779000	     13837	80004772	034d0eb3	mul	x29,x26,x20	 x26:0x37675000 x20:0x00000000 x29=0x00000000
      278799000	     13838	80004776	0000100f	fence.i	
      278879000	     13842	8000477a	9a7d	c.andi	x12,-1	 x12:0x00000000 x12=0x00000000
      279059000	     13851	8000477c	007dd093	srli	x1,x27,0x7	 x27:0x00000000  x1=0x00000000
      279179000	     13857	80004780	03406bb3	rem	x23,x0,x20	  x0:0x00000000 x20:0x00000000 x23=0x00000000
      279219000	     13859	80004784	02cdf0b3	remu	x1,x27,x12	 x27:0x00000000 x12:0x00000000  x1=0x00000000
      279779000	     13887	80004788	3ca3d683	lhu	x13,970(x7)	  x7:0xb76a7048 x13=0x00000000 PA:0xb76a7412 load:0x00000000
      279799000	     13888	8000478c	00031197	auipc	x3,0x31	  x3=0x8003578c
      279819000	     13889	80004790	3e718193	addi	x3,x3,999	  x3:0x8003578c  x3=0x80035b73
      279839000	     13890	80004794	0002e697	auipc	x13,0x2e	 x13=0x80032794
      279859000	     13891	80004798	c2668693	addi	x13,x13,-986	 x13:0x80032794 x13=0x800323ba
      279959000	     13896	8000479c	ffd1d283	lhu	x5,-3(x3)	  x3:0x80035b73  x5=0x00000000 PA:0x80035b70 load:0x00000000
      280359000	     13916	800047a0	ff869b23	sh	x24,-10(x13)	 x13:0x800323ba x24:0x00000000 PA:0x800323b0 store:0x00000000 load:0x0000ffff
      280579000	     13927	800047a4	00069983	lh	x19,0(x13)	 x13:0x800323ba x19=0x00000000 PA:0x800323ba load:0x00000000
      280599000	     13928	800047a8	fea688a3	sb	x10,-15(x13)	 x13:0x800323ba x10:0x00000030 PA:0x800323ab store:0x00000030 load:0x000000ff
      281019000	     13949	800047ac	00018083	lb	x1,0(x3)	  x3:0x80035b73  x1=0x00000000 PA:0x80035b73 load:0x00000000
      281459000	     13971	800047b0	ff41c203	lbu	x4,-12(x3)	  x3:0x80035b73  x4=0x00000000 PA:0x80035b67 load:0x00000000
      281519000	     13974	800047b4	00719b03	lh	x22,7(x3)	  x3:0x80035b73 x22=0x00000000 PA:0x80035b7a load:0x00000000
      281539000	     13975	800047b8	ff418f83	lb	x31,-12(x3)	  x3:0x80035b73 x31=0x00000000 PA:0x80035b67 load:0x00000000
      281559000	     13976	800047bc	00069523	sh	x0,10(x13)	 x13:0x800323ba  x0:0x00000000 PA:0x800323c4 store:0x00000000 load:0x0000ffff
      281819000	     13989	800047c0	ffb68783	lb	x15,-5(x13)	 x13:0x800323ba x15=0x00000000 PA:0x800323b5 load:0x00000000
      281879000	     13992	800047c4	ffe18203	lb	x4,-2(x3)	  x3:0x80035b73  x4=0x00000000 PA:0x80035b71 load:0x00000000
      281899000	     13993	800047c8	ff66ad03	lw	x26,-10(x13)	 x13:0x800323ba x26=0x00000000 PA:0x800323b0 load:0x00000000
      281919000	     13994	800047cc	ffb68c83	lb	x25,-5(x13)	 x13:0x800323ba x25=0x00000000 PA:0x800323b5 load:0x00000000
      281939000	     13995	800047d0	0002e997	auipc	x19,0x2e	 x19=0x800327d0
      282019000	     13999	800047d4	10c98993	addi	x19,x19,268	 x19:0x800327d0 x19=0x800328dc
      282039000	     14000	800047d8	e2867013	andi	x0,x12,-472	 x12:0x00000000  x0=0x00000000
      282499000	     14023	800047dc	0369c203	lbu	x4,54(x19)	 x19:0x800328dc  x4=0x00000000 PA:0x80032912 load:0x00000000
      282519000	     14024	800047e0	fd09ab83	lw	x23,-48(x19)	 x19:0x800328dc x23=0x00000000 PA:0x800328ac load:0x00000000
      282819000	     14039	800047e4	ff6984a3	sb	x22,-23(x19)	 x19:0x800328dc x22:0x00000000 PA:0x800328c5 store:0x00000000 load:0x000000ff
      282939000	     14045	800047e8	40d05b93	srai	x23,x0,0xd	  x0:0x00000000 x23=0x00000000
      283139000	     14055	800047ec	40f3d013	srai	x0,x7,0xf	  x7:0xb76a7048  x0=0x00000000
      283659000	     14081	800047f0	0219c083	lbu	x1,33(x19)	 x19:0x800328dc  x1=0x00000000 PA:0x800328fd load:0x00000000
      283919000	     14094	800047f4	0219c503	lbu	x10,33(x19)	 x19:0x800328dc x10=0x00000000 PA:0x800328fd load:0x00000000
      283939000	     14095	800047f8	01798c03	lb	x24,23(x19)	 x19:0x800328dc x24=0x00000000 PA:0x800328f3 load:0x00000000
      283959000	     14096	800047fc	fdd98b83	lb	x23,-35(x19)	 x19:0x800328dc x23=0x00000000 PA:0x800328b9 load:0x00000000
      283979000	     14097	80004800	cc56f413	andi	x8,x13,-827	 x13:0x800323ba  x8=0x80032080
      284179000	     14107	80004804	fd298ea3	sb	x18,-35(x19)	 x19:0x800328dc x18:0x00000001 PA:0x800328b9 store:0x00000001 load:0x000000ff
      284199000	     14108	80004808	6ef9	c.lui	x29,0x1e	 x29=0x0001e000
      284259000	     14111	8000480a	fcc98ea3	sb	x12,-35(x19)	 x19:0x800328dc x12:0x00000000 PA:0x800328b9 store:0x00000000 load:0x000000ff
      284399000	     14118	8000480e	fdd98503	lb	x10,-35(x19)	 x19:0x800328dc x10=0x00000000 PA:0x800328b9 load:0x00000000
      284419000	     14119	80004812	0002e797	auipc	x15,0x2e	 x15=0x80032812
      284459000	     14121	80004816	96f78793	addi	x15,x15,-1681	 x15:0x80032812 x15=0x80032181
      284479000	     14122	8000481a	00030b97	auipc	x23,0x30	 x23=0x8003481a
      284499000	     14123	8000481e	1a6b8b93	addi	x23,x23,422	 x23:0x8003481a x23=0x800349c0
      285059000	     14151	80004822	0827ca83	lbu	x21,130(x15)	 x15:0x80032181 x21=0x00000000 PA:0x80032203 load:0x00000000
      285279000	     14162	80004826	010bd603	lhu	x12,16(x23)	 x23:0x800349c0 x12=0x00000000 PA:0x800349d0 load:0x00000000
      285299000	     14163	8000482a	fcc78983	lb	x19,-52(x15)	 x15:0x80032181 x19=0x00000000 PA:0x8003214d load:0x00000000
      285359000	     14166	8000482e	fe2b89a3	sb	x2,-13(x23)	 x23:0x800349c0  x2:0xd05e3048 PA:0x800349b3 store:0xd05e3048 load:0x000000ff
      285419000	     14169	80004832	0967c883	lbu	x17,150(x15)	 x15:0x80032181 x17=0x00000000 PA:0x80032217 load:0x00000000
      285439000	     14170	80004836	005b8383	lb	x7,5(x23)	 x23:0x800349c0  x7=0x00000000 PA:0x800349c5 load:0x00000000
      285859000	     14191	8000483a	f5c79da3	sh	x28,-165(x15)	 x15:0x80032181 x28:0x00000000 PA:0x800320dc store:0x00000000 load:0x0000ffff
      285919000	     14194	8000483e	0fc7c183	lbu	x3,252(x15)	 x15:0x80032181  x3=0x00000000 PA:0x8003227d load:0x00000000
      286259000	     14211	80004842	05178323	sb	x17,70(x15)	 x15:0x80032181 x17:0x00000000 PA:0x800321c7 store:0x00000000 load:0x000000ff
      286479000	     14222	80004846	ffbbc603	lbu	x12,-5(x23)	 x23:0x800349c0 x12=0x00000000 PA:0x800349bb load:0x00000000
      286499000	     14223	8000484a	007b8383	lb	x7,7(x23)	 x23:0x800349c0  x7=0x00000000 PA:0x800349c7 load:0x00000000
      286559000	     14226	8000484e	fc578d23	sb	x5,-38(x15)	 x15:0x80032181  x5:0x00000000 PA:0x8003215b store:0x00000000 load:0x000000ff
      286579000	     14227	80004852	ff8ba203	lw	x4,-8(x23)	 x23:0x800349c0  x4=0x00000000 PA:0x800349b8 load:0x00000000
      286839000	     14240	80004856	ff4bc603	lbu	x12,-12(x23)	 x23:0x800349c0 x12=0x00000000 PA:0x800349b4 load:0x00000000
      287259000	     14261	8000485a	f3478923	sb	x20,-206(x15)	 x15:0x80032181 x20:0x00000000 PA:0x800320b3 store:0x00000000 load:0x000000ff
      287659000	     14281	8000485e	ff5bcc03	lbu	x24,-11(x23)	 x23:0x800349c0 x24=0x00000000 PA:0x800349b5 load:0x00000000
      288119000	     14304	80004862	00ab8e83	lb	x29,10(x23)	 x23:0x800349c0 x29=0x00000000 PA:0x800349ca load:0x00000000
      288139000	     14305	80004866	0002e117	auipc	x2,0x2e	  x2=0x80032866
      288159000	     14306	8000486a	dcc10113	addi	x2,x2,-564	  x2:0x80032866  x2=0x80032632
      288219000	     14309	8000486e	a3214303	lbu	x6,-1486(x2)	  x2:0x80032632  x6=0x00000000 PA:0x80032064 load:0x00000000
      288239000	     14310	80004872	a3212c03	lw	x24,-1486(x2)	  x2:0x80032632 x24=0x00000000 PA:0x80032064 load:0x00000000
      288259000	     14311	80004876	a2f12923	sw	x15,-1486(x2)	  x2:0x80032632 x15:0x80032181 PA:0x80032064 store:0x80032181 load:0xffffffff
      288279000	     14312	8000487a	10e15a03	lhu	x20,270(x2)	  x2:0x80032632 x20=0x00000000 PA:0x80032740 load:0x00000000
      288879000	     14342	8000487e	00d7d3b3	srl	x7,x15,x13	 x15:0x80032181 x13:0x800323ba  x7=0x00000020
      289339000	     14365	80004882	10e15283	lhu	x5,270(x2)	  x2:0x80032632  x5=0x00000000 PA:0x80032740 load:0x00000000
      289399000	     14368	80004886	4fa15d03	lhu	x26,1274(x2)	  x2:0x80032632 x26=0x00000000 PA:0x80032b2c load:0x00000000
      289559000	     14376	8000488a	4fa15383	lhu	x7,1274(x2)	  x2:0x80032632  x7=0x00000000 PA:0x80032b2c load:0x00000000
      289619000	     14379	8000488e	4fa11b03	lh	x22,1274(x2)	  x2:0x80032632 x22=0x00000000 PA:0x80032b2c load:0x00000000
      289639000	     14380	80004892	d3c103a3	sb	x28,-729(x2)	  x2:0x80032632 x28:0x00000000 PA:0x80032359 store:0x00000000 load:0x000000ff
      289659000	     14381	80004896	007bf8b3	and	x17,x23,x7	 x23:0x800349c0  x7:0x00000000 x17=0x00000000
      289899000	     14393	8000489a	2b214883	lbu	x17,690(x2)	  x2:0x80032632 x17=0x00000000 PA:0x800328e4 load:0x00000000
      290179000	     14407	8000489e	2b110923	sb	x17,690(x2)	  x2:0x80032632 x17:0x00000000 PA:0x800328e4 store:0x00000000 load:0x000000ff
      290199000	     14408	800048a2	9afd	c.andi	x13,-1	 x13:0x800323ba x13=0x800323ba
      290219000	     14409	800048a4	01341433	sll	x8,x8,x19	  x8:0x80032080 x19:0x00000000  x8=0x80032080
      290399000	     14418	800048a8	2b912923	sw	x25,690(x2)	  x2:0x80032632 x25:0x00000000 PA:0x800328e4 store:0x00000000 load:0xffffffff
      290519000	     14424	800048ac	2b912923	sw	x25,690(x2)	  x2:0x80032632 x25:0x00000000 PA:0x800328e4 store:0x00000000 load:0xffffffff
      290559000	     14426	800048b0	0002e697	auipc	x13,0x2e	 x13=0x800328b0
      290579000	     14427	800048b4	a4b68693	addi	x13,x13,-1461	 x13:0x800328b0 x13=0x800322fb
      291019000	     14449	800048b8	42c6c803	lbu	x16,1068(x13)	 x13:0x800322fb x16=0x00000000 PA:0x80032727 load:0x00000000
      291059000	     14451	800048bc	bfc83013	sltiu	x0,x16,-1028	 x16:0x00000000  x0=0x00000000
      291179000	     14457	800048c0	1b96ce83	lbu	x29,441(x13)	 x13:0x800322fb x29=0x00000000 PA:0x800324b4 load:0x00000000
      291239000	     14460	800048c4	24d69ca3	sh	x13,601(x13)	 x13:0x800322fb x13:0x800322fb PA:0x80032554 store:0x800322fb load:0x0000ffff
      291259000	     14461	800048c8	4fa68603	lb	x12,1274(x13)	 x13:0x800322fb x12=0x00000000 PA:0x800327f5 load:0x00000000
      291299000	     14463	800048cc	9a7d	c.andi	x12,-1	 x12:0x00000000 x12=0x00000000
      291319000	     14464	800048ce	40aad313	srai	x6,x21,0xa	 x21:0x00000000  x6=0x00000000
      291379000	     14467	800048d2	78569883	lh	x17,1925(x13)	 x13:0x800322fb x17=0x00000000 PA:0x80032a80 load:0x00000000
      291959000	     14496	800048d6	0bf68723	sb	x31,174(x13)	 x13:0x800322fb x31:0x00000000 PA:0x800323a9 store:0x00000000 load:0x000000ff
      291979000	     14497	800048da	8329	c.srli	x14,0xa	 x14:0x800321ab x14=0x002000c8
      292039000	     14500	800048dc	25268283	lb	x5,594(x13)	 x13:0x800322fb  x5=0x00000000 PA:0x8003254d load:0x00000000
      292099000	     14503	800048e0	e9868e83	lb	x29,-360(x13)	 x13:0x800322fb x29=0x00000000 PA:0x80032193 load:0x00000000
      292159000	     14506	800048e4	e1968b83	lb	x23,-487(x13)	 x13:0x800322fb x23=0x00000000 PA:0x80032114 load:0x00000000
      292179000	     14507	800048e8	f5f6c883	lbu	x17,-161(x13)	 x13:0x800322fb x17=0x00000000 PA:0x8003225a load:0x00000000
      292199000	     14508	800048ec	8fc1	c.or	x15,x8	 x15:0x80032181  x8:0x80032080 x15=0x80032181
      292719000	     14534	800048ee	3a36d603	lhu	x12,931(x13)	 x13:0x800322fb x12=0x00000000 PA:0x8003269e load:0x00000000
      292779000	     14537	800048f2	33568083	lb	x1,821(x13)	 x13:0x800322fb  x1=0x00000000 PA:0x80032630 load:0x00000000
      292799000	     14538	800048f6	38868983	lb	x19,904(x13)	 x13:0x800322fb x19=0x00000000 PA:0x80032683 load:0x00000000
      293159000	     14556	800048fa	d7e68523	sb	x30,-662(x13)	 x13:0x800322fb x30:0x8004bce4 PA:0x80032065 store:0x8004bce4 load:0x000000ff
      293179000	     14557	800048fe	00245333	srl	x6,x8,x2	  x8:0x80032080  x2:0x80032632  x6=0x00002000
      293639000	     14580	80004902	40868e83	lb	x29,1032(x13)	 x13:0x800322fb x29=0x00000000 PA:0x80032703 load:0x00000000
      293699000	     14583	80004906	30f68c23	sb	x15,792(x13)	 x13:0x800322fb x15:0x80032181 PA:0x80032613 store:0x80032181 load:0x000000ff
      294019000	     14599	8000490a	1da68883	lb	x17,474(x13)	 x13:0x800322fb x17=0x00000000 PA:0x800324d5 load:0x00000000
      294079000	     14602	8000490e	32b6dd03	lhu	x26,811(x13)	 x13:0x800322fb x26=0x00000000 PA:0x80032626 load:0x00000000
      294239000	     14610	80004912	6bd6c283	lbu	x5,1725(x13)	 x13:0x800322fb  x5=0x00000000 PA:0x800329b8 load:0x00000000
      294259000	     14611	80004916	848ebb13	sltiu	x22,x29,-1976	 x29:0x00000000 x22=0x00000001
      294679000	     14632	8000491a	3a3692a3	sh	x3,933(x13)	 x13:0x800322fb  x3:0x00000000 PA:0x800326a0 store:0x00000000 load:0x0000ffff
      294859000	     14641	8000491e	fa468a03	lb	x20,-92(x13)	 x13:0x800322fb x20=0x00000000 PA:0x8003229f load:0x00000000
      295039000	     14650	80004922	280696a3	sh	x0,653(x13)	 x13:0x800322fb  x0:0x00000000 PA:0x80032588 store:0x00000000 load:0x0000ffff
      295779000	     14687	80004926	02904bb3	div	x23,x0,x9	  x0:0x00000000  x9:0x80047e64 x23=0x00000000
      296019000	     14699	8000492a	5fc68623	sb	x28,1516(x13)	 x13:0x800322fb x28:0x00000000 PA:0x800328e7 store:0x00000000 load:0x000000ff
      296039000	     14700	8000492e	8d0d	c.sub	x10,x11	 x10:0x00000000 x11:0x894eacb4 x10=0x76b1534c
      296379000	     14717	80004930	28568023	sb	x5,640(x13)	 x13:0x800322fb  x5:0x00000000 PA:0x8003257b store:0x00000000 load:0x000000ff
      296519000	     14724	80004934	5a369183	lh	x3,1443(x13)	 x13:0x800322fb  x3=0x00000000 PA:0x8003289e load:0x00000000
      296539000	     14725	80004938	41bb0633	sub	x12,x22,x27	 x22:0x00000001 x27:0x00000000 x12=0x00000001
      296699000	     14733	8000493c	56b68123	sb	x11,1378(x13)	 x13:0x800322fb x11:0x894eacb4 PA:0x8003285d store:0x894eacb4 load:0x000000ff
      296719000	     14734	80004940	01195193	srli	x3,x18,0x11	 x18:0x00000001  x3=0x00000000
      296779000	     14737	80004944	69e68f23	sb	x30,1694(x13)	 x13:0x800322fb x30:0x8004bce4 PA:0x80032999 store:0x8004bce4 load:0x000000ff
      297319000	     14764	80004948	7db694a3	sh	x27,1993(x13)	 x13:0x800322fb x27:0x00000000 PA:0x80032ac4 store:0x00000000 load:0x0000ffff
      297339000	     14765	8000494c	0002e117	auipc	x2,0x2e	  x2=0x8003294c
      297359000	     14766	80004950	cd010113	addi	x2,x2,-816	  x2:0x8003294c  x2=0x8003261c
      297379000	     14767	80004954	0133d2b3	srl	x5,x7,x19	  x7:0x00000000 x19:0x00000000  x5=0x00000000
      297639000	     14780	80004958	fac10403	lb	x8,-84(x2)	  x2:0x8003261c  x8=0x00000000 PA:0x800325c8 load:0x00000000
      297659000	     14781	8000495c	b9ecca93	xori	x21,x25,-1122	 x25:0x00000000 x21=0xfffffb9e
      297679000	     14782	80004960	6205	c.lui	x4,0x1	  x4=0x00001000
      297979000	     14797	80004962	fac10983	lb	x19,-84(x2)	  x2:0x8003261c x19=0x00000000 PA:0x800325c8 load:0x00000000
      298439000	     14820	80004966	fa612623	sw	x6,-84(x2)	  x2:0x8003261c  x6:0x00002000 PA:0x800325c8 store:0x00002000 load:0xffffffff
      298499000	     14823	8000496a	fc314a83	lbu	x21,-61(x2)	  x2:0x8003261c x21=0x00000000 PA:0x800325df load:0x00000000
      298519000	     14824	8000496e	41120c33	sub	x24,x4,x17	  x4:0x00001000 x17:0x00000000 x24=0x00001000
      298539000	     14825	80004972	f7c10323	sb	x28,-154(x2)	  x2:0x8003261c x28:0x00000000 PA:0x80032582 store:0x00000000 load:0x000000ff
      298579000	     14827	80004976	012102a3	sb	x18,5(x2)	  x2:0x8003261c x18:0x00000001 PA:0x80032621 store:0x00000001 load:0x000000ff
      298759000	     14836	8000497a	00514c83	lbu	x25,5(x2)	  x2:0x8003261c x25=0x00000001 PA:0x80032621 load:0x00000001
      298839000	     14840	8000497e	f9b10c03	lb	x24,-101(x2)	  x2:0x8003261c x24=0x00000000 PA:0x800325b7 load:0x00000000
      298859000	     14841	80004982	472dbe93	sltiu	x29,x27,1138	 x27:0x00000000 x29=0x00000001
      299019000	     14849	80004986	f9b10003	lb	x0,-101(x2)	  x2:0x8003261c  x0=0x00000000 PA:0x800325b7 load:0x00000000
      299039000	     14850	8000498a	1efd	c.addi	x29,-1	 x29:0x00000001 x29=0x00000000
      299499000	     14873	8000498c	f9010da3	sb	x16,-101(x2)	  x2:0x8003261c x16:0x00000000 PA:0x800325b7 store:0x00000000 load:0x000000ff
      299599000	     14878	80004990	f9b14083	lbu	x1,-101(x2)	  x2:0x8003261c  x1=0x00000000 PA:0x800325b7 load:0x00000000
      300059000	     14901	80004994	f9b10003	lb	x0,-101(x2)	  x2:0x8003261c  x0=0x00000000 PA:0x800325b7 load:0x00000000
      300259000	     14911	80004998	00c104a3	sb	x12,9(x2)	  x2:0x8003261c x12:0x00000001 PA:0x80032625 store:0x00000001 load:0x000000ff
      300279000	     14912	8000499c	8219	c.srli	x12,0x6	 x12:0x00000001 x12=0x00000000
      300759000	     14936	8000499e	05d10b83	lb	x23,93(x2)	  x2:0x8003261c x23=0x00000000 PA:0x80032679 load:0x00000000
      300859000	     14941	800049a2	05d10783	lb	x15,93(x2)	  x2:0x8003261c x15=0x00000000 PA:0x80032679 load:0x00000000
      300879000	     14942	800049a6	0002e117	auipc	x2,0x2e	  x2=0x800329a6
      300899000	     14943	800049aa	6a210113	addi	x2,x2,1698	  x2:0x800329a6  x2=0x80033048
      300919000	     14944	800049ae	47bcafb7	lui	x31,0x47bca	 x31=0x47bca000
      300939000	     14945	800049b2	917e	c.add	x2,x31	  x2:0x80033048 x31:0x47bca000  x2=0xc7bfd048
      301319000	     14964	800049b4	80010723	sb	x0,-2034(x2)	  x2:0xc7bfd048  x0:0x00000000 PA:0xc7bfc856 store:0x00000000 load:0x000000ff
      301399000	     14968	800049b8	381104a3	sb	x1,905(x2)	  x2:0xc7bfd048  x1:0x00000000 PA:0xc7bfd3d1 store:0x00000000 load:0x000000ff
      301539000	     14975	800049bc	46211923	sh	x2,1138(x2)	  x2:0xc7bfd048  x2:0xc7bfd048 PA:0xc7bfd4ba store:0xc7bfd048 load:0x0000ffff
      301799000	     14988	800049c0	58310fa3	sb	x3,1439(x2)	  x2:0xc7bfd048  x3:0x00000000 PA:0xc7bfd5e7 store:0x00000000 load:0x000000ff
      302199000	     15008	800049c4	ec411923	sh	x4,-302(x2)	  x2:0xc7bfd048  x4:0x00001000 PA:0xc7bfcf1a store:0x00001000 load:0x0000ffff
      302259000	     15011	800049c8	fa510d23	sb	x5,-70(x2)	  x2:0xc7bfd048  x5:0x00000000 PA:0xc7bfd002 store:0x00000000 load:0x000000ff
      302279000	     15012	800049cc	80e14603	lbu	x12,-2034(x2)	  x2:0xc7bfd048 x12=0x00000000 PA:0xc7bfc856 load:0x00000000
      302299000	     15013	800049d0	6961	c.lui	x18,0x18	 x18=0x00018000
      302699000	     15033	800049d2	38910403	lb	x8,905(x2)	  x2:0xc7bfd048  x8=0x00000000 PA:0xc7bfd3d1 load:0x00000000
      302759000	     15036	800049d6	47211d03	lh	x26,1138(x2)	  x2:0xc7bfd048 x26=0xffffd048 PA:0xc7bfd4ba load:0xffffd048
      302779000	     15037	800049da	01f0d793	srli	x15,x1,0x1f	  x1:0x00000000 x15=0x00000000
      302799000	     15038	800049de	00bad193	srli	x3,x21,0xb	 x21:0x00000000  x3=0x00000000
      302859000	     15041	800049e2	0289e0b3	rem	x1,x19,x8	 x19:0x00000000  x8:0x00000000  x1=0x00000000
      302899000	     15043	800049e6	02eaae33	mulhsu	x28,x21,x14	 x21:0x00000000 x14:0x002000c8 x28=0x00000000
      302919000	     15044	800049ea	419a0fb3	sub	x31,x20,x25	 x20:0x00000000 x25:0x00000001 x31=0xffffffff
      303119000	     15054	800049ee	0379c833	div	x16,x19,x23	 x19:0x00000000 x23:0x00000000 x16=0xffffffff
      303379000	     15067	800049f2	59f10603	lb	x12,1439(x2)	  x2:0xc7bfd048 x12=0x00000000 PA:0xc7bfd5e7 load:0x00000000
      303479000	     15072	800049f6	ed215283	lhu	x5,-302(x2)	  x2:0xc7bfd048  x5=0x00001000 PA:0xc7bfcf1a load:0x00001000
      303999000	     15098	800049fa	fba14783	lbu	x15,-70(x2)	  x2:0xc7bfd048 x15=0x00000000 PA:0xc7bfd002 load:0x00000000
      304019000	     15099	800049fe	418f0bb3	sub	x23,x30,x24	 x30:0x8004bce4 x24:0x00000000 x23=0x8004bce4
      304039000	     15100	80004a02	894a	c.mv	x18,x18	  x0:0x00000000 x18:0x00018000 x18=0x00018000
      304099000	     15103	80004a04	2f710ba3	sb	x23,759(x2)	  x2:0xc7bfd048 x23:0x8004bce4 PA:0xc7bfd33f store:0x8004bce4 load:0x000000ff
      304119000	     15104	80004a08	0003ee17	auipc	x28,0x3e	 x28=0x80042a08
      304139000	     15105	80004a0c	af3e0e13	addi	x28,x28,-1293	 x28:0x80042a08 x28=0x800424fb
      304159000	     15106	80004a10	01bbd0b3	srl	x1,x23,x27	 x23:0x8004bce4 x27:0x00000000  x1=0x8004bce4
      304219000	     15109	80004a14	663e4a83	lbu	x21,1635(x28)	 x28:0x800424fb x21=0x00000000 PA:0x80042b5e load:0x00000000
      304239000	     15110	80004a18	9b67f993	andi	x19,x15,-1610	 x15:0x00000000 x19=0x00000000
      304259000	     15111	80004a1c	40568233	sub	x4,x13,x5	 x13:0x800322fb  x5:0x00001000  x4=0x800312fb
      304419000	     15119	80004a20	002179b3	and	x19,x2,x2	  x2:0xc7bfd048  x2:0xc7bfd048 x19=0xc7bfd048
      304879000	     15142	80004a24	67de11a3	sh	x29,1635(x28)	 x28:0x800424fb x29:0x00000000 PA:0x80042b5e store:0x00000000 load:0x0000ffff
      305479000	     15172	80004a28	659e4f83	lbu	x31,1625(x28)	 x28:0x800424fb x31=0x00000000 PA:0x80042b54 load:0x00000000
      305939000	     15195	80004a2c	659e0383	lb	x7,1625(x28)	 x28:0x800424fb  x7=0x00000000 PA:0x80042b54 load:0x00000000
      306019000	     15199	80004a30	659e5403	lhu	x8,1625(x28)	 x28:0x800424fb  x8=0x00000000 PA:0x80042b54 load:0x00000000
      306039000	     15200	80004a34	64ae0ca3	sb	x10,1625(x28)	 x28:0x800424fb x10:0x76b1534c PA:0x80042b54 store:0x76b1534c load:0x000000ff
      306059000	     15201	80004a38	9766	c.add	x14,x25	 x14:0x002000c8 x25:0x00000001 x14=0x002000c9
      306399000	     15218	80004a3a	8afe0e83	lb	x29,-1873(x28)	 x28:0x800424fb x29=0x00000000 PA:0x80041daa load:0x00000000
      306419000	     15219	80004a3e	a11e4903	lbu	x18,-1519(x28)	 x28:0x800424fb x18=0x00000000 PA:0x80041f0c load:0x00000000
      306639000	     15230	80004a42	0072e2b3	or	x5,x5,x7	  x5:0x00001000  x7:0x00000000  x5=0x00001000
      306759000	     15236	80004a46	a02e18a3	sh	x2,-1519(x28)	 x28:0x800424fb  x2:0xc7bfd048 PA:0x80041f0c store:0xc7bfd048 load:0x0000ffff
      307319000	     15264	80004a4a	a11e1e83	lh	x29,-1519(x28)	 x28:0x800424fb x29=0xffffd048 PA:0x80041f0c load:0xffffd048
      307779000	     15287	80004a4e	8abe4603	lbu	x12,-1877(x28)	 x28:0x800424fb x12=0x00000000 PA:0x80041da6 load:0x00000000
      307939000	     15295	80004a52	97ce0f83	lb	x31,-1668(x28)	 x28:0x800424fb x31=0x00000000 PA:0x80041e77 load:0x00000000
      307999000	     15298	80004a56	c83e5283	lhu	x5,-893(x28)	 x28:0x800424fb  x5=0x00000000 PA:0x8004217e load:0x00000000
      308019000	     15299	80004a5a	0eca	c.slli	x29,0x12	 x29:0xffffd048 x29=0x41200000
      308039000	     15300	80004a5c	c83e1783	lh	x15,-893(x28)	 x28:0x800424fb x15=0x00000000 PA:0x8004217e load:0x00000000
      308079000	     15302	80004a60	c83e1603	lh	x12,-893(x28)	 x28:0x800424fb x12=0x00000000 PA:0x8004217e load:0x00000000
      308099000	     15303	80004a64	c83e0383	lb	x7,-893(x28)	 x28:0x800424fb  x7=0x00000000 PA:0x8004217e load:0x00000000
      308119000	     15304	80004a68	0003a117	auipc	x2,0x3a	  x2=0x8003ea68
      308139000	     15305	80004a6c	8b110113	addi	x2,x2,-1871	  x2:0x8003ea68  x2=0x8003e319
      308179000	     15307	80004a70	0372bcb3	mulhu	x25,x5,x23	  x5:0x00000000 x23:0x8004bce4 x25=0x00000000
      308199000	     15308	80004a74	00db8433	add	x8,x23,x13	 x23:0x8004bce4 x13:0x800322fb  x8=0x0007dfdf
      309239000	     15360	80004a78	ff411ca3	sh	x20,-7(x2)	  x2:0x8003e319 x20:0x00000000 PA:0x8003e312 store:0x00000000 load:0x0000ffff
      309299000	     15363	80004a7c	00910783	lb	x15,9(x2)	  x2:0x8003e319 x15=0x00000000 PA:0x8003e322 load:0x00000000
      309319000	     15364	80004a80	00810b83	lb	x23,8(x2)	  x2:0x8003e319 x23=0x00000000 PA:0x8003e321 load:0x00000000
      309339000	     15365	80004a84	0000100f	fence.i	
      309919000	     15394	80004a88	00810283	lb	x5,8(x2)	  x2:0x8003e319  x5=0x00000000 PA:0x8003e321 load:0x00000000
      309959000	     15396	80004a8c	00510423	sb	x5,8(x2)	  x2:0x8003e319  x5:0x00000000 PA:0x8003e321 store:0x00000000 load:0x000000ff
      310059000	     15401	80004a90	00e14a83	lbu	x21,14(x2)	  x2:0x8003e319 x21=0x00000000 PA:0x8003e327 load:0x00000000
      310359000	     15416	80004a94	891b6093	ori	x1,x22,-1903	 x22:0x00000001  x1=0xfffff891
      310399000	     15418	80004a98	02aa1733	mulh	x14,x20,x10	 x20:0x00000000 x10:0x76b1534c x14=0x00000000
      310999000	     15448	80004a9c	00712183	lw	x3,7(x2)	  x2:0x8003e319  x3=0x00000000 PA:0x8003e320 load:0x00000000
      311059000	     15451	80004aa0	ff310003	lb	x0,-13(x2)	  x2:0x8003e319  x0=0x00000000 PA:0x8003e30c load:0x00000000
      311079000	     15452	80004aa4	ff315a83	lhu	x21,-13(x2)	  x2:0x8003e319 x21=0x00000000 PA:0x8003e30c load:0x00000000
      311099000	     15453	80004aa8	00410283	lb	x5,4(x2)	  x2:0x8003e319  x5=0x00000000 PA:0x8003e31d load:0x00000000
      311119000	     15454	80004aac	00d11f83	lh	x31,13(x2)	  x2:0x8003e319 x31=0x00000000 PA:0x8003e326 load:0x00000000
      311539000	     15475	80004ab0	00c10f83	lb	x31,12(x2)	  x2:0x8003e319 x31=0x00000000 PA:0x8003e325 load:0x00000000
      311639000	     15480	80004ab4	00810623	sb	x8,12(x2)	  x2:0x8003e319  x8:0x0007dfdf PA:0x8003e325 store:0x0007dfdf load:0x000000ff
      311659000	     15481	80004ab8	01a10223	sb	x26,4(x2)	  x2:0x8003e319 x26:0xffffd048 PA:0x8003e31d store:0xffffd048 load:0x000000ff
      311899000	     15493	80004abc	00414c03	lbu	x24,4(x2)	  x2:0x8003e319 x24=0x00000048 PA:0x8003e31d load:0x00000048
      312059000	     15501	80004ac0	00033e97	auipc	x29,0x33	 x29=0x80037ac0
      312079000	     15502	80004ac4	330e8e93	addi	x29,x29,816	 x29:0x80037ac0 x29=0x80037df0
      312439000	     15520	80004ac8	001fae33	slt	x28,x31,x1	 x31:0x00000000  x1:0xfffff891 x28=0x00000000
      313179000	     15557	80004acc	026c4c33	div	x24,x24,x6	 x24:0x00000048  x6:0x00002000 x24=0x00000000
      313199000	     15558	80004ad0	017b5c33	srl	x24,x22,x23	 x22:0x00000001 x23:0x00000000 x24=0x00000001
      313939000	     15595	80004ad4	02156533	rem	x10,x10,x1	 x10:0x76b1534c  x1:0xfffff891 x10=0x0000046d
      314079000	     15602	80004ad8	00fe8823	sb	x15,16(x29)	 x29:0x80037df0 x15:0x00000000 PA:0x80037e00 store:0x00000000 load:0x000000ff
      314099000	     15603	80004adc	527d	c.li	x4,-1	  x4=0xffffffff
      314359000	     15616	80004ade	ff4ed303	lhu	x6,-12(x29)	 x29:0x80037df0  x6=0x00000000 PA:0x80037de4 load:0x00000000
      321819000	     15989	80004ae2	ffcea823	sw	x28,-16(x29)	 x29:0x80037df0 x28:0x00000000 PA:0x80037de0 store:0x00000000 load:0xffffffff
      321839000	     15990	80004ae6	a67bc113	xori	x2,x23,-1433	 x23:0x00000000  x2=0xfffffa67
      321859000	     15991	80004aea	9ee98c13	addi	x24,x19,-1554	 x19:0xc7bfd048 x24=0xc7bfca36
      321879000	     15992	80004aee	09fa3913	sltiu	x18,x20,159	 x20:0x00000000 x18=0x00000001
      321939000	     15995	80004af2	001e8a83	lb	x21,1(x29)	 x29:0x80037df0 x21=0x00000000 PA:0x80037df1 load:0x00000000
      322299000	     16013	80004af6	01eee8b3	or	x17,x29,x30	 x29:0x80037df0 x30:0x8004bce4 x17=0x8007fdf4
      322319000	     16014	80004afa	0000100f	fence.i	
      323279000	     16062	80004afe	ff1e8103	lb	x2,-15(x29)	 x29:0x80037df0  x2=0x00000000 PA:0x80037de1 load:0x00000000
      323539000	     16075	80004b02	007e9723	sh	x7,14(x29)	 x29:0x80037df0  x7:0x00000000 PA:0x80037dfe store:0x00000000 load:0x0000ffff
      323559000	     16076	80004b06	82c1	c.srli	x13,0x10	 x13:0x800322fb x13=0x00008003
      323779000	     16087	80004b08	fffe8303	lb	x6,-1(x29)	 x29:0x80037df0  x6=0x00000000 PA:0x80037def load:0x00000000
      323999000	     16098	80004b0c	ff1ec283	lbu	x5,-15(x29)	 x29:0x80037df0  x5=0x00000000 PA:0x80037de1 load:0x00000000
      324059000	     16101	80004b10	ff2e8083	lb	x1,-14(x29)	 x29:0x80037df0  x1=0x00000000 PA:0x80037de2 load:0x00000000
      324239000	     16110	80004b14	ff4eab83	lw	x23,-12(x29)	 x29:0x80037df0 x23=0x00000000 PA:0x80037de4 load:0x00000000
      324299000	     16113	80004b18	fffec083	lbu	x1,-1(x29)	 x29:0x80037df0  x1=0x00000000 PA:0x80037def load:0x00000000
      324319000	     16114	80004b1c	8446b513	sltiu	x10,x13,-1980	 x13:0x00008003 x10=0x00000001
      324439000	     16120	80004b20	01f387b3	add	x15,x7,x31	  x7:0x00000000 x31:0x00000000 x15=0x00000000
      324559000	     16126	80004b24	13fd	c.addi	x7,-1	  x7:0x00000000  x7=0xffffffff
      324699000	     16133	80004b26	016e8823	sb	x22,16(x29)	 x29:0x80037df0 x22:0x00000001 PA:0x80037e00 store:0x00000001 load:0x000000ff
      324719000	     16134	80004b2a	fb64a093	slti	x1,x9,-74	  x9:0x80047e64  x1=0x00000001
      324739000	     16135	80004b2e	0001	c.addi	x0,0	  x0:0x00000000  x0=0x00000000
      324759000	     16136	80004b30	8432	c.mv	x8,x12	  x0:0x00000000 x12:0x00000000  x8=0x00000000
      324859000	     16141	80004b32	cc244993	xori	x19,x8,-830	  x8:0x00000000 x19=0xfffffcc2
      324939000	     16145	80004b36	7c97e813	ori	x16,x15,1993	 x15:0x00000000 x16=0x000007c9
      324959000	     16146	80004b3a	8269	c.srli	x12,0x1a	 x12:0x00000000 x12=0x00000000
      325019000	     16149	80004b3c	02f39b33	mulh	x22,x7,x15	  x7:0xffffffff x15:0x00000000 x22=0x00000000
      325039000	     16150	80004b40	0001	c.addi	x0,0	  x0:0x00000000  x0=0x00000000
      325159000	     16156	80004b42	ff7e8aa3	sb	x23,-11(x29)	 x29:0x80037df0 x23:0x00000000 PA:0x80037de5 store:0x00000000 load:0x000000ff
      325279000	     16162	80004b46	ff1eaa23	sw	x17,-12(x29)	 x29:0x80037df0 x17:0x8007fdf4 PA:0x80037de4 store:0x8007fdf4 load:0xffffffff
      325639000	     16180	80004b4a	011e81a3	sb	x17,3(x29)	 x29:0x80037df0 x17:0x8007fdf4 PA:0x80037df3 store:0x8007fdf4 load:0x000000ff
      325659000	     16181	80004b4e	717d	c.addi16sp	x2,-16	  x2:0x00000000  x2=0xfffffff0
      325699000	     16183	80004b50	8f45	c.or	x14,x9	 x14:0x00000000  x9:0x80047e64 x14=0x80047e64
      326359000	     16216	80004b52	00ae8d83	lb	x27,10(x29)	 x29:0x80037df0 x27=0x00000000 PA:0x80037dfa load:0x00000000
      326379000	     16217	80004b56	fffe8d03	lb	x26,-1(x29)	 x29:0x80037df0 x26=0x00000000 PA:0x80037def load:0x00000000
      326799000	     16238	80004b5a	fffec803	lbu	x16,-1(x29)	 x29:0x80037df0 x16=0x00000000 PA:0x80037def load:0x00000000
      326859000	     16241	80004b5e	007e8503	lb	x10,7(x29)	 x29:0x80037df0 x10=0x00000000 PA:0x80037df7 load:0x00000000
      326879000	     16242	80004b62	fcca4c13	xori	x24,x20,-52	 x20:0x00000000 x24=0xffffffcc
      327099000	     16253	80004b66	ff1e8d03	lb	x26,-15(x29)	 x29:0x80037df0 x26=0x00000000 PA:0x80037de1 load:0x00000000
      327139000	     16255	80004b6a	010d3133	sltu	x2,x26,x16	 x26:0x00000000 x16:0x00000000  x2=0x00000000
      327199000	     16258	80004b6e	00fe8a83	lb	x21,15(x29)	 x29:0x80037df0 x21=0x00000000 PA:0x80037dff load:0x00000000
      327219000	     16259	80004b72	006e9323	sh	x6,6(x29)	 x29:0x80037df0  x6:0x00000000 PA:0x80037df6 store:0x00000000 load:0x0000ffff
      327239000	     16260	80004b76	002ec283	lbu	x5,2(x29)	 x29:0x80037df0  x5=0x00000000 PA:0x80037df2 load:0x00000000
      327259000	     16261	80004b7a	0003d197	auipc	x3,0x3d	  x3=0x80041b7a
      327659000	     16281	80004b7e	80218193	addi	x3,x3,-2046	  x3:0x80041b7a  x3=0x8004137c
      327979000	     16297	80004b82	ff619d83	lh	x27,-10(x3)	  x3:0x8004137c x27=0x00000000 PA:0x80041372 load:0x00000000
      328159000	     16306	80004b86	ff219c03	lh	x24,-14(x3)	  x3:0x8004137c x24=0x00000000 PA:0x8004136e load:0x00000000
      328219000	     16309	80004b8a	ff21c103	lbu	x2,-14(x3)	  x3:0x8004137c  x2=0x00000000 PA:0x8004136e load:0x00000000
      328399000	     16318	80004b8e	ffa19903	lh	x18,-6(x3)	  x3:0x8004137c x18=0x00000000 PA:0x80041376 load:0x00000000
      328599000	     16328	80004b92	ffb19d23	sh	x27,-6(x3)	  x3:0x8004137c x27:0x00000000 PA:0x80041376 store:0x00000000 load:0x0000ffff
      328619000	     16329	80004b96	27474313	xori	x6,x14,628	 x14:0x80047e64  x6=0x80047c10
      328679000	     16332	80004b9a	ffa1c603	lbu	x12,-6(x3)	  x3:0x8004137c x12=0x00000000 PA:0x80041376 load:0x00000000
      328699000	     16333	80004b9e	8a3e	c.mv	x20,x15	  x0:0x00000000 x15:0x00000000 x20=0x00000000
      328719000	     16334	80004ba0	ffa1d203	lhu	x4,-6(x3)	  x3:0x8004137c  x4=0x00000000 PA:0x80041376 load:0x00000000
      328759000	     16336	80004ba4	ffa19b03	lh	x22,-6(x3)	  x3:0x8004137c x22=0x00000000 PA:0x80041376 load:0x00000000
      328779000	     16337	80004ba8	ffa1c503	lbu	x10,-6(x3)	  x3:0x8004137c x10=0x00000000 PA:0x80041376 load:0x00000000
      328839000	     16340	80004bac	ffa1c503	lbu	x10,-6(x3)	  x3:0x8004137c x10=0x00000000 PA:0x80041376 load:0x00000000
      328899000	     16343	80004bb0	8ec9	c.or	x13,x10	 x13:0x00008003 x10:0x00000000 x13=0x00008003
      328959000	     16346	80004bb2	ffa1dc83	lhu	x25,-6(x3)	  x3:0x8004137c x25=0x00000000 PA:0x80041376 load:0x00000000
      329059000	     16351	80004bb6	00032797	auipc	x15,0x32	 x15=0x80036bb6
      329159000	     16356	80004bba	54f78793	addi	x15,x15,1359	 x15:0x80036bb6 x15=0x80037105
      329579000	     16377	80004bbe	e5d79803	lh	x16,-419(x15)	 x15:0x80037105 x16=0x00000000 PA:0x80036f62 load:0x00000000
      329719000	     16384	80004bc2	60578d83	lb	x27,1541(x15)	 x15:0x80037105 x27=0x00000000 PA:0x8003770a load:0x00000000
      330159000	     16406	80004bc6	9c178e03	lb	x28,-1599(x15)	 x15:0x80037105 x28=0x00000000 PA:0x80036ac6 load:0x00000000
      330179000	     16407	80004bca	407fd133	sra	x2,x31,x7	 x31:0x00000000  x7:0xffffffff  x2=0x00000000
      330199000	     16408	80004bce	4135d993	srai	x19,x11,0x13	 x11:0x894eacb4 x19=0xfffff129
      330259000	     16411	80004bd2	318790a3	sh	x24,769(x15)	 x15:0x80037105 x24:0x00000000 PA:0x80037406 store:0x00000000 load:0x0000ffff
      330439000	     16420	80004bd6	fee78083	lb	x1,-18(x15)	 x15:0x80037105  x1=0x00000000 PA:0x800370f3 load:0x00000000
      330479000	     16422	80004bda	0392d133	divu	x2,x5,x25	  x5:0x00000000 x25:0x00000000  x2=0xffffffff
      330599000	     16428	80004bde	71d78923	sb	x29,1810(x15)	 x15:0x80037105 x29:0x80037df0 PA:0x80037817 store:0x80037df0 load:0x000000ff
      330939000	     16445	80004be2	4897d103	lhu	x2,1161(x15)	 x15:0x80037105  x2=0x00000000 PA:0x8003758e load:0x00000000
      331159000	     16456	80004be6	9a278223	sb	x2,-1628(x15)	 x15:0x80037105  x2:0x00000000 PA:0x80036aa9 store:0x00000000 load:0x000000ff
      331179000	     16457	80004bea	091e	c.slli	x18,0x7	 x18:0x00000000 x18=0x00000000
      331239000	     16460	80004bec	fb878223	sb	x24,-92(x15)	 x15:0x80037105 x24:0x00000000 PA:0x800370a9 store:0x00000000 load:0x000000ff
      331259000	     16461	80004bf0	41178623	sb	x17,1036(x15)	 x15:0x80037105 x17:0x8007fdf4 PA:0x80037511 store:0x8007fdf4 load:0x000000ff
      331279000	     16462	80004bf4	88478c23	sb	x4,-1896(x15)	 x15:0x80037105  x4:0x00000000 PA:0x8003699d store:0x00000000 load:0x000000ff
      331299000	     16463	80004bf8	1c7d	c.addi	x24,-1	 x24:0x00000000 x24=0xffffffff
      331379000	     16467	80004bfa	cd07c503	lbu	x10,-816(x15)	 x15:0x80037105 x10=0x00000000 PA:0x80036dd5 load:0x00000000
      331519000	     16474	80004bfe	0193ffb3	and	x31,x7,x25	  x7:0xffffffff x25:0x00000000 x31=0x00000000
      331599000	     16478	80004c02	0d27cd83	lbu	x27,210(x15)	 x15:0x80037105 x27=0x00000000 PA:0x800371d7 load:0x00000000
      331619000	     16479	80004c06	982784a3	sb	x2,-1655(x15)	 x15:0x80037105  x2:0x00000000 PA:0x80036a8e store:0x00000000 load:0x000000ff
      331659000	     16481	80004c0a	4e478e23	sb	x4,1276(x15)	 x15:0x80037105  x4:0x00000000 PA:0x80037601 store:0x00000000 load:0x000000ff
      331679000	     16482	80004c0e	40d6d613	srai	x12,x13,0xd	 x13:0x00008003 x12=0x00000004
      331699000	     16483	80004c12	1318	c.addi4spn	x14,x2,416	 x14=0x000001a0
      332059000	     16501	80004c14	f2f78183	lb	x3,-209(x15)	 x15:0x80037105  x3=0x00000000 PA:0x80037034 load:0x00000000
      332279000	     16512	80004c18	5417c183	lbu	x3,1345(x15)	 x15:0x80037105  x3=0x00000000 PA:0x80037646 load:0x00000000
      332459000	     16521	80004c1c	f7f793a3	sh	x31,-153(x15)	 x15:0x80037105 x31:0x00000000 PA:0x8003706c store:0x00000000 load:0x0000ffff
      332739000	     16535	80004c20	012d5d93	srli	x27,x26,0x12	 x26:0x00000000 x27=0x00000000
      333199000	     16558	80004c24	6697cb03	lbu	x22,1641(x15)	 x15:0x80037105 x22=0x00000000 PA:0x8003776e load:0x00000000
      333219000	     16559	80004c28	8111	c.srli	x10,0x4	 x10:0x00000000 x10=0x00000000
      333299000	     16563	80004c2a	afd788a3	sb	x29,-1295(x15)	 x15:0x80037105 x29:0x80037df0 PA:0x80036bf6 store:0x80037df0 load:0x000000ff
      333319000	     16564	80004c2e	0002d817	auipc	x16,0x2d	 x16=0x80031c2e
      333339000	     16565	80004c32	6f880813	addi	x16,x16,1784	 x16:0x80031c2e x16=0x80032326
      333459000	     16571	80004c36	00280323	sb	x2,6(x16)	 x16:0x80032326  x2:0x00000000 PA:0x8003232c store:0x00000000 load:0x000000ff
      333519000	     16574	80004c3a	00b84503	lbu	x10,11(x16)	 x16:0x80032326 x10=0x00000000 PA:0x80032331 load:0x00000000
      333579000	     16577	80004c3e	01f805a3	sb	x31,11(x16)	 x16:0x80032326 x31:0x00000000 PA:0x80032331 store:0x00000000 load:0x000000ff
      333979000	     16597	80004c42	00b80f83	lb	x31,11(x16)	 x16:0x80032326 x31=0x00000000 PA:0x80032331 load:0x00000000
      334039000	     16600	80004c46	00282503	lw	x10,2(x16)	 x16:0x80032326 x10=0x00000000 PA:0x80032328 load:0x00000000
      334059000	     16601	80004c4a	feb80ea3	sb	x11,-3(x16)	 x16:0x80032326 x11:0x894eacb4 PA:0x80032323 store:0x894eacb4 load:0x000000ff
      334079000	     16602	80004c4e	0052dd13	srli	x26,x5,0x5	  x5:0x00000000 x26=0x00000000
      334619000	     16629	80004c52	ff881683	lh	x13,-8(x16)	 x16:0x80032326 x13=0x00000000 PA:0x8003231e load:0x00000000
      334679000	     16632	80004c56	ffa84c83	lbu	x25,-6(x16)	 x16:0x80032326 x25=0x00000000 PA:0x80032320 load:0x00000000
      334699000	     16633	80004c5a	ffa85e03	lhu	x28,-6(x16)	 x16:0x80032326 x28=0x00000000 PA:0x80032320 load:0x00000000
      334719000	     16634	80004c5e	fe581d23	sh	x5,-6(x16)	 x16:0x80032326  x5:0x00000000 PA:0x80032320 store:0x00000000 load:0x0000ffff
      334939000	     16645	80004c62	00284e03	lbu	x28,2(x16)	 x16:0x80032326 x28=0x00000000 PA:0x80032328 load:0x00000000
      334959000	     16646	80004c66	00282203	lw	x4,2(x16)	 x16:0x80032326  x4=0x00000000 PA:0x80032328 load:0x00000000
      335379000	     16667	80004c6a	01881523	sh	x24,10(x16)	 x16:0x80032326 x24:0xffffffff PA:0x80032330 store:0xffffffff load:0x0000ffff
      335459000	     16671	80004c6e	00b80523	sb	x11,10(x16)	 x16:0x80032326 x11:0x894eacb4 PA:0x80032330 store:0x894eacb4 load:0x000000ff
      335679000	     16682	80004c72	ffe82d83	lw	x27,-2(x16)	 x16:0x80032326 x27=0x00000000 PA:0x80032324 load:0x00000000
      336099000	     16703	80004c76	fe581f23	sh	x5,-2(x16)	 x16:0x80032326  x5:0x00000000 PA:0x80032324 store:0x00000000 load:0x0000ffff
      336159000	     16706	80004c7a	ffe80a03	lb	x20,-2(x16)	 x16:0x80032326 x20=0x00000000 PA:0x80032324 load:0x00000000
      336179000	     16707	80004c7e	1023f193	andi	x3,x7,258	  x7:0xffffffff  x3=0x00000102
      336199000	     16708	80004c82	6b25	c.lui	x22,0x9	 x22=0x00009000
      336339000	     16715	80004c84	ffa84083	lbu	x1,-6(x16)	 x16:0x80032326  x1=0x00000000 PA:0x80032320 load:0x00000000
      336699000	     16733	80004c88	fe380a23	sb	x3,-12(x16)	 x16:0x80032326  x3:0x00000102 PA:0x8003231a store:0x00000102 load:0x000000ff
      336759000	     16736	80004c8c	ff481883	lh	x17,-12(x16)	 x16:0x80032326 x17=0x00000002 PA:0x8003231a load:0x00000002
      336779000	     16737	80004c90	0002d617	auipc	x12,0x2d	 x12=0x80031c90
      336799000	     16738	80004c94	3b860613	addi	x12,x12,952	 x12:0x80031c90 x12=0x80032048
      336819000	     16739	80004c98	5de8ce37	lui	x28,0x5de8c	 x28=0x5de8c000
      336839000	     16740	80004c9c	9672	c.add	x12,x28	 x12:0x80032048 x28:0x5de8c000 x12=0xddebe048
      336879000	     16742	80004c9e	d22606a3	sb	x2,-723(x12)	 x12:0xddebe048  x2:0x00000000 PA:0xddebdd75 store:0x00000000 load:0x000000ff
      336899000	     16743	80004ca2	0c360aa3	sb	x3,213(x12)	 x12:0xddebe048  x3:0x00000102 PA:0xddebe11d store:0x00000102 load:0x000000ff
      336919000	     16744	80004ca6	30460923	sb	x4,786(x12)	 x12:0xddebe048  x4:0x00000000 PA:0xddebe35a store:0x00000000 load:0x000000ff
      337119000	     16754	80004caa	4a560223	sb	x5,1188(x12)	 x12:0xddebe048  x5:0x00000000 PA:0xddebe4ec store:0x00000000 load:0x000000ff
      337419000	     16769	80004cae	f26602a3	sb	x6,-219(x12)	 x12:0xddebe048  x6:0x80047c10 PA:0xddebdf6d store:0x80047c10 load:0x000000ff
      337779000	     16787	80004cb2	e8860da3	sb	x8,-357(x12)	 x12:0xddebe048  x8:0x00000000 PA:0xddebdee3 store:0x00000000 load:0x000000ff
      338059000	     16801	80004cb6	8e960323	sb	x9,-1818(x12)	 x12:0xddebe048  x9:0x80047e64 PA:0xddebd92e store:0x80047e64 load:0x000000ff
      338279000	     16812	80004cba	80860623	sb	x8,-2036(x12)	 x12:0xddebe048  x8:0x00000000 PA:0xddebd854 store:0x00000000 load:0x000000ff
      338339000	     16815	80004cbe	c73609a3	sb	x19,-909(x12)	 x12:0xddebe048 x19:0xfffff129 PA:0xddebdcbb store:0xfffff129 load:0x000000ff
      338359000	     16816	80004cc2	d2d64303	lbu	x6,-723(x12)	 x12:0xddebe048  x6=0x00000000 PA:0xddebdd75 load:0x00000000
      338699000	     16833	80004cc6	0d560d03	lb	x26,213(x12)	 x12:0xddebe048 x26=0x00000002 PA:0xddebe11d load:0x00000002
      338759000	     16836	80004cca	31260e03	lb	x28,786(x12)	 x12:0xddebe048 x28=0x00000000 PA:0xddebe35a load:0x00000000
      338779000	     16837	80004cce	7576a193	slti	x3,x13,1879	 x13:0x00000000  x3=0x00000001
      338799000	     16838	80004cd2	000bc9b3	xor	x19,x23,x0	 x23:0x00000000  x0:0x00000000 x19=0x00000000
      338939000	     16845	80004cd6	4a460983	lb	x19,1188(x12)	 x12:0xddebe048 x19=0x00000000 PA:0xddebe4ec load:0x00000000
      338959000	     16846	80004cda	41d5de13	srai	x28,x11,0x1d	 x11:0x894eacb4 x28=0xfffffffc
      338979000	     16847	80004cde	f2564b03	lbu	x22,-219(x12)	 x12:0xddebe048 x22=0x00000010 PA:0xddebdf6d load:0x00000010
      338999000	     16848	80004ce2	8d05	c.sub	x10,x9	 x10:0x00000000  x9:0x80047e64 x10=0x7ffb819c
      339139000	     16855	80004ce4	b1260ba3	sb	x18,-1257(x12)	 x12:0xddebe048 x18:0x00000000 PA:0xddebdb5f store:0x00000000 load:0x000000ff
      339199000	     16858	80004ce8	e9b60303	lb	x6,-357(x12)	 x12:0xddebe048  x6=0x00000000 PA:0xddebdee3 load:0x00000000
      339239000	     16860	80004cec	03773033	mulhu	x0,x14,x23	 x14:0x000001a0 x23:0x00000000  x0=0x00000000
      339259000	     16861	80004cf0	8f5d	c.or	x14,x15	 x14:0x000001a0 x15:0x80037105 x14=0x800371a5
      339279000	     16862	80004cf2	405f58b3	sra	x17,x30,x5	 x30:0x8004bce4  x5:0x00000000 x17=0x8004bce4
      339299000	     16863	80004cf6	b7dc7f93	andi	x31,x24,-1155	 x24:0xffffffff x31=0xfffffb7d
      339599000	     16878	80004cfa	8e660a03	lb	x20,-1818(x12)	 x12:0xddebe048 x20=0x00000064 PA:0xddebd92e load:0x00000064
      339619000	     16879	80004cfe	0002d817	auipc	x16,0x2d	 x16=0x80031cfe
      339639000	     16880	80004d02	34a80813	addi	x16,x16,842	 x16:0x80031cfe x16=0x80032048
      339779000	     16887	80004d06	27c33d37	lui	x26,0x27c33	 x26=0x27c33000
      339799000	     16888	80004d0a	986a	c.add	x16,x26	 x16:0x80032048 x26:0x27c33000 x16=0xa7c65048
      340039000	     16900	80004d0c	48180223	sb	x1,1156(x16)	 x16:0xa7c65048  x1:0x00000000 PA:0xa7c654cc store:0x00000000 load:0x000000ff
      340239000	     16910	80004d10	542802a3	sb	x2,1349(x16)	 x16:0xa7c65048  x2:0x00000000 PA:0xa7c6558d store:0x00000000 load:0x000000ff
      340259000	     16911	80004d14	01fc6cb3	or	x25,x24,x31	 x24:0xffffffff x31:0xfffffb7d x25=0xffffffff
      340599000	     16928	80004d18	770801a3	sb	x16,1891(x16)	 x16:0xa7c65048 x16:0xa7c65048 PA:0xa7c657ab store:0xa7c65048 load:0x000000ff
      340619000	     16929	80004d1c	31896d93	ori	x27,x18,792	 x18:0x00000000 x27=0x00000318
      340639000	     16930	80004d20	6a1f8c13	addi	x24,x31,1697	 x31:0xfffffb7d x24=0x0000021e
      341179000	     16957	80004d24	48480683	lb	x13,1156(x16)	 x16:0xa7c65048 x13=0x00000000 PA:0xa7c654cc load:0x00000000
      341219000	     16959	80004d28	0265a933	mulhsu	x18,x11,x6	 x11:0x894eacb4  x6:0x00000000 x18=0x00000000
      341239000	     16960	80004d2c	0ff0000f	fence	iorw,iorw	
      341259000	     16961	80004d30	8f91	c.sub	x15,x12	 x15:0x80037105 x12:0xddebe048 x15=0xa21790bd
      341679000	     16982	80004d32	54580783	lb	x15,1349(x16)	 x16:0xa7c65048 x15=0x00000000 PA:0xa7c6558d load:0x00000000
      341739000	     16985	80004d36	09280fa3	sb	x18,159(x16)	 x16:0xa7c65048 x18:0x00000000 PA:0xa7c650e7 store:0x00000000 load:0x000000ff
      341759000	     16986	80004d3a	8e69	c.and	x12,x10	 x12:0xddebe048 x10:0x7ffb819c x12=0x5deb8008
      341779000	     16987	80004d3c	00b92a33	slt	x20,x18,x11	 x18:0x00000000 x11:0x894eacb4 x20=0x00000000
      341839000	     16990	80004d40	6ce80b23	sb	x14,1750(x16)	 x16:0xa7c65048 x14:0x800371a5 PA:0xa7c6571e store:0x800371a5 load:0x000000ff
      341939000	     16995	80004d44	00030617	auipc	x12,0x30	 x12=0x80034d44
      341979000	     16997	80004d48	74e60613	addi	x12,x12,1870	 x12:0x80034d44 x12=0x80035492
      342239000	     17010	80004d4c	fd564903	lbu	x18,-43(x12)	 x12:0x80035492 x18=0x00000000 PA:0x80035467 load:0x00000000
      342479000	     17022	80004d50	02760183	lb	x3,39(x12)	 x12:0x80035492  x3=0x00000000 PA:0x800354b9 load:0x00000000
      342499000	     17023	80004d54	8c61	c.and	x8,x8	  x8:0x00000000  x8:0x00000000  x8=0x00000000
      343239000	     17060	80004d56	02e971b3	remu	x3,x18,x14	 x18:0x00000000 x14:0x800371a5  x3=0x00000000
      343259000	     17061	80004d5a	01c0b8b3	sltu	x17,x1,x28	  x1:0x00000000 x28:0xfffffffc x17=0x00000001
      343279000	     17062	80004d5e	0001	c.addi	x0,0	  x0:0x00000000  x0=0x00000000
      343299000	     17063	80004d60	8e89	c.sub	x13,x10	 x13:0x00000000 x10:0x7ffb819c x13=0x80047e64
      343339000	     17065	80004d62	02cc2533	mulhsu	x10,x24,x12	 x24:0x0000021e x12:0x80035492 x10=0x0000010f
      343359000	     17066	80004d66	41e08933	sub	x18,x1,x30	  x1:0x00000000 x30:0x8004bce4 x18=0x7ffb431c
      343699000	     17083	80004d6a	fc864b03	lbu	x22,-56(x12)	 x12:0x80035492 x22=0x00000000 PA:0x8003545a load:0x00000000
      343899000	     17093	80004d6e	01360b03	lb	x22,19(x12)	 x12:0x80035492 x22=0x00000000 PA:0x800354a5 load:0x00000000
      344279000	     17112	80004d72	fe660fa3	sb	x6,-1(x12)	 x12:0x80035492  x6:0x00000000 PA:0x80035491 store:0x00000000 load:0x000000ff
      344959000	     17146	80004d76	02460403	lb	x8,36(x12)	 x12:0x80035492  x8=0x00000000 PA:0x800354b6 load:0x00000000
      345019000	     17149	80004d7a	fe164e03	lbu	x28,-31(x12)	 x12:0x80035492 x28=0x00000000 PA:0x80035473 load:0x00000000
      345119000	     17154	80004d7e	fc262e83	lw	x29,-62(x12)	 x12:0x80035492 x29=0x00000000 PA:0x80035454 load:0x00000000
      345159000	     17156	80004d82	ffa60683	lb	x13,-6(x12)	 x12:0x80035492 x13=0x00000000 PA:0x8003548c load:0x00000000
      345419000	     17169	80004d86	ff064e83	lbu	x29,-16(x12)	 x12:0x80035492 x29=0x00000000 PA:0x80035482 load:0x00000000
      345439000	     17170	80004d8a	004e3233	sltu	x4,x28,x4	 x28:0x00000000  x4:0x00000000  x4=0x00000000
      346259000	     17211	80004d8e	04061283	lh	x5,64(x12)	 x12:0x80035492  x5=0x00000000 PA:0x800354d2 load:0x00000000
      346279000	     17212	80004d92	8ec1	c.or	x13,x8	 x13:0x00000000  x8:0x00000000 x13=0x00000000
      346299000	     17213	80004d94	8f1f8713	addi	x14,x31,-1807	 x31:0xfffffb7d x14=0xfffff46e
      346819000	     17239	80004d98	00265283	lhu	x5,2(x12)	 x12:0x80035492  x5=0x00000000 PA:0x80035494 load:0x00000000
      346839000	     17240	80004d9c	8832	c.mv	x16,x12	  x0:0x00000000 x12:0x80035492 x16=0x80035492
      346859000	     17241	80004d9e	8e8d	c.sub	x13,x11	 x13:0x00000000 x11:0x894eacb4 x13=0x76b1534c
      346879000	     17242	80004da0	8fb9	c.xor	x15,x14	 x15:0x00000000 x14:0xfffff46e x15=0xfffff46e
      347139000	     17255	80004da2	fc461303	lh	x6,-60(x12)	 x12:0x80035492  x6=0x00000000 PA:0x80035456 load:0x00000000
      347159000	     17256	80004da6	fdda6893	ori	x17,x20,-35	 x20:0x00000000 x17=0xffffffdd
      347179000	     17257	80004daa	607a8e93	addi	x29,x21,1543	 x21:0x00000000 x29=0x00000607
      347239000	     17260	80004dae	ff564403	lbu	x8,-11(x12)	 x12:0x80035492  x8=0x00000000 PA:0x80035487 load:0x00000000
      347279000	     17262	80004db2	0000100f	fence.i	
      348259000	     17311	80004db6	01b60e83	lb	x29,27(x12)	 x12:0x80035492 x29=0x00000000 PA:0x800354ad load:0x00000000
      348379000	     17317	80004dba	01661b83	lh	x23,22(x12)	 x12:0x80035492 x23=0x00000000 PA:0x800354a8 load:0x00000000
      348399000	     17318	80004dbe	0ff0000f	fence	iorw,iorw	
      348499000	     17323	80004dc2	03283933	mulhu	x18,x16,x18	 x16:0x80035492 x18:0x7ffb431c x18=0x3fff4bc7
      348519000	     17324	80004dc6	8f1d	c.sub	x14,x15	 x14:0xfffff46e x15:0xfffff46e x14=0x00000000
      348999000	     17348	80004dc8	00460e03	lb	x28,4(x12)	 x12:0x80035492 x28=0x00000000 PA:0x80035496 load:0x00000000
      349059000	     17351	80004dcc	feb609a3	sb	x11,-13(x12)	 x12:0x80035492 x11:0x894eacb4 PA:0x80035485 store:0x894eacb4 load:0x000000ff
      349079000	     17352	80004dd0	bce09cb7	lui	x25,0xbce09	 x25=0xbce09000
      349099000	     17353	80004dd4	0000100f	fence.i	
      350639000	     17430	80004dd8	02a743b3	div	x7,x14,x10	 x14:0x00000000 x10:0x0000010f  x7=0x00000000
      350979000	     17447	80004ddc	fd860223	sb	x24,-60(x12)	 x12:0x80035492 x24:0x0000021e PA:0x80035456 store:0x0000021e load:0x000000ff
      351039000	     17450	80004de0	fce61e83	lh	x29,-50(x12)	 x12:0x80035492 x29=0x00000000 PA:0x80035460 load:0x00000000
      351459000	     17471	80004de4	01560203	lb	x4,21(x12)	 x12:0x80035492  x4=0x00000000 PA:0x800354a7 load:0x00000000
      351479000	     17472	80004de8	0002e117	auipc	x2,0x2e	  x2=0x80032de8
      351499000	     17473	80004dec	05010113	addi	x2,x2,80	  x2:0x80032de8  x2=0x80032e38
      351519000	     17474	80004df0	6c59	c.lui	x24,0x16	 x24=0x00016000
      351679000	     17482	80004df2	b3611b83	lh	x23,-1226(x2)	  x2:0x80032e38 x23=0x00000000 PA:0x8003296e load:0x00000000
      351699000	     17483	80004df6	bcb14f83	lbu	x31,-1077(x2)	  x2:0x80032e38 x31=0x00000000 PA:0x80032a03 load:0x00000000
      351759000	     17486	80004dfa	87b14d83	lbu	x27,-1925(x2)	  x2:0x80032e38 x27=0x00000000 PA:0x800326b3 load:0x00000000
      351779000	     17487	80004dfe	8f99	c.sub	x15,x14	 x15:0xfffff46e x14:0x00000000 x15=0xfffff46e
      351799000	     17488	80004e00	9fe11f83	lh	x31,-1538(x2)	  x2:0x80032e38 x31=0x00000000 PA:0x80032836 load:0x00000000
      352559000	     17526	80004e04	02ce57b3	divu	x15,x28,x12	 x28:0x00000000 x12:0x80035492 x15=0x00000000
      352579000	     17527	80004e08	0000100f	fence.i	
      352899000	     17543	80004e0c	20611603	lh	x12,518(x2)	  x2:0x80032e38 x12=0x00000000 PA:0x8003303e load:0x00000000
      352939000	     17545	80004e10	0369f9b3	remu	x19,x19,x22	 x19:0x00000000 x22:0x00000000 x19=0x00000000
      352999000	     17548	80004e14	b4310183	lb	x3,-1213(x2)	  x2:0x80032e38  x3=0x00000000 PA:0x8003297b load:0x00000000
      353019000	     17549	80004e18	d7c10da3	sb	x28,-645(x2)	  x2:0x80032e38 x28:0x00000000 PA:0x80032bb3 store:0x00000000 load:0x000000ff
      353039000	     17550	80004e1c	9b714e03	lbu	x28,-1609(x2)	  x2:0x80032e38 x28=0x00000000 PA:0x800327ef load:0x00000000
      353619000	     17579	80004e20	fc914603	lbu	x12,-55(x2)	  x2:0x80032e38 x12=0x00000000 PA:0x80032e01 load:0x00000000
      353699000	     17583	80004e24	da614f83	lbu	x31,-602(x2)	  x2:0x80032e38 x31=0x00000000 PA:0x80032bde load:0x00000000
      353819000	     17589	80004e28	a4510703	lb	x14,-1467(x2)	  x2:0x80032e38 x14=0x00000000 PA:0x8003287d load:0x00000000
      353959000	     17596	80004e2c	def10183	lb	x3,-529(x2)	  x2:0x80032e38  x3=0x00000000 PA:0x80032c27 load:0x00000000
      353979000	     17597	80004e30	c2710f83	lb	x31,-985(x2)	  x2:0x80032e38 x31=0x00000000 PA:0x80032a5f load:0x00000000
      354119000	     17604	80004e34	91314f83	lbu	x31,-1773(x2)	  x2:0x80032e38 x31=0x00000000 PA:0x8003274b load:0x00000000
      354519000	     17624	80004e38	fa815283	lhu	x5,-88(x2)	  x2:0x80032e38  x5=0x00000000 PA:0x80032de0 load:0x00000000
      354539000	     17625	80004e3c	8f99	c.sub	x15,x14	 x15:0x00000000 x14:0x00000000 x15=0x00000000
      354559000	     17626	80004e3e	20d14e03	lbu	x28,525(x2)	  x2:0x80032e38 x28=0x00000000 PA:0x80033045 load:0x00000000
      354679000	     17632	80004e42	80511823	sh	x5,-2032(x2)	  x2:0x80032e38  x5:0x00000000 PA:0x80032648 store:0x00000000 load:0x0000ffff
      354699000	     17633	80004e46	007630b3	sltu	x1,x12,x7	 x12:0x00000000  x7:0x00000000  x1=0x00000000
      354839000	     17640	80004e4a	d3dbfcb7	lui	x25,0xd3dbf	 x25=0xd3dbf000
      354859000	     17641	80004e4e	0001	c.addi	x0,0	  x0:0x00000000  x0=0x00000000
      355539000	     17675	80004e50	88c11b03	lh	x22,-1908(x2)	  x2:0x80032e38 x22=0x00000000 PA:0x800326c4 load:0x00000000
      355559000	     17676	80004e54	01b19713	slli	x14,x3,0x1b	  x3:0x00000000 x14=0x00000000
      355719000	     17684	80004e58	8dd10d83	lb	x27,-1827(x2)	  x2:0x80032e38 x27=0x00000000 PA:0x80032715 load:0x00000000
      355739000	     17685	80004e5c	8d2d	c.xor	x10,x11	 x10:0x0000010f x11:0x894eacb4 x10=0x894eadbb
      355759000	     17686	80004e5e	0000100f	fence.i	
      357239000	     17760	80004e62	97910023	sb	x25,-1696(x2)	  x2:0x80032e38 x25:0xd3dbf000 PA:0x80032798 store:0xd3dbf000 load:0x000000ff
      357259000	     17761	80004e66	0cb9	c.addi	x25,14	 x25:0xd3dbf000 x25=0xd3dbf00e
      357659000	     17781	80004e68	9e212623	sw	x2,-1556(x2)	  x2:0x80032e38  x2:0x80032e38 PA:0x80032824 store:0x80032e38 load:0xffffffff
      358119000	     17804	80004e6c	a3710083	lb	x1,-1481(x2)	  x2:0x80032e38  x1=0x00000000 PA:0x8003286f load:0x00000000
      358139000	     17805	80004e70	0ff0000f	fence	iorw,iorw	
      358239000	     17810	80004e74	9f415883	lhu	x17,-1548(x2)	  x2:0x80032e38 x17=0x00000000 PA:0x8003282c load:0x00000000
      358299000	     17813	80004e78	de910203	lb	x4,-535(x2)	  x2:0x80032e38  x4=0x00000000 PA:0x80032c21 load:0x00000000
      358319000	     17814	80004e7c	bd814a83	lbu	x21,-1064(x2)	  x2:0x80032e38 x21=0x00000000 PA:0x80032a10 load:0x00000000
      358339000	     17815	80004e80	d6314283	lbu	x5,-669(x2)	  x2:0x80032e38  x5=0x00000000 PA:0x80032b9b load:0x00000000
      358639000	     17830	80004e84	8b310ca3	sb	x19,-1863(x2)	  x2:0x80032e38 x19:0x00000000 PA:0x800326f1 store:0x00000000 load:0x000000ff
      358739000	     17835	80004e88	fc110683	lb	x13,-63(x2)	  x2:0x80032e38 x13=0x00000000 PA:0x80032df9 load:0x00000000
      359159000	     17856	80004e8c	bfb10183	lb	x3,-1029(x2)	  x2:0x80032e38  x3=0x00000000 PA:0x80032a33 load:0x00000000
      359179000	     17857	80004e90	0002e217	auipc	x4,0x2e	  x4=0x80032e90
      359199000	     17858	80004e94	bb720213	addi	x4,x4,-1097	  x4:0x80032e90  x4=0x80032a47
      359259000	     17861	80004e98	00b25683	lhu	x13,11(x4)	  x4:0x80032a47 x13=0x00000000 PA:0x80032a52 load:0x00000000
      359679000	     17882	80004e9c	ff020403	lb	x8,-16(x4)	  x4:0x80032a47  x8=0x00000000 PA:0x80032a37 load:0x00000000
      359699000	     17883	80004ea0	00031097	auipc	x1,0x31	  x1=0x80035ea0
      359719000	     17884	80004ea4	0f508093	addi	x1,x1,245	  x1:0x80035ea0  x1=0x80035f95
      359779000	     17887	80004ea8	fc808183	lb	x3,-56(x1)	  x1:0x80035f95  x3=0x00000000 PA:0x80035f5d load:0x00000000
      359999000	     17898	80004eac	ff224d03	lbu	x26,-14(x4)	  x4:0x80032a47 x26=0x00000000 PA:0x80032a39 load:0x00000000
      360399000	     17918	80004eb0	ff624d83	lbu	x27,-10(x4)	  x4:0x80032a47 x27=0x00000000 PA:0x80032a3d load:0x00000000
      360559000	     17926	80004eb4	00a20383	lb	x7,10(x4)	  x4:0x80032a47  x7=0x00000000 PA:0x80032a51 load:0x00000000
      360739000	     17935	80004eb8	fc709403	lh	x8,-57(x1)	  x1:0x80035f95  x8=0x00000000 PA:0x80035f5c load:0x00000000
      360759000	     17936	80004ebc	00e20023	sb	x14,0(x4)	  x4:0x80032a47 x14:0x00000000 PA:0x80032a47 store:0x00000000 load:0x000000ff
      364979000	     18147	80004ec0	ffc08783	lb	x15,-4(x1)	  x1:0x80035f95 x15=0x00000000 PA:0x80035f91 load:0x00000000
      365199000	     18158	80004ec4	ffa08983	lb	x19,-6(x1)	  x1:0x80035f95 x19=0x00000000 PA:0x80035f8f load:0x00000000
      365339000	     18165	80004ec8	ff20c103	lbu	x2,-14(x1)	  x1:0x80035f95  x2=0x00000000 PA:0x80035f87 load:0x00000000
      365479000	     18172	80004ecc	fdd0d303	lhu	x6,-35(x1)	  x1:0x80035f95  x6=0x00000000 PA:0x80035f72 load:0x00000000
      365499000	     18173	80004ed0	01b20623	sb	x27,12(x4)	  x4:0x80032a47 x27:0x00000000 PA:0x80032a53 store:0x00000000 load:0x000000ff
      365539000	     18175	80004ed4	fef0aba3	sw	x15,-9(x1)	  x1:0x80035f95 x15:0x00000000 PA:0x80035f8c store:0x00000000 load:0xffffffff
      365559000	     18176	80004ed8	02b096a3	sh	x11,45(x1)	  x1:0x80035f95 x11:0x894eacb4 PA:0x80035fc2 store:0x894eacb4 load:0x0000ffff
      365799000	     18188	80004edc	00122c83	lw	x25,1(x4)	  x4:0x80032a47 x25=0x00000000 PA:0x80032a48 load:0x00000000
      365819000	     18189	80004ee0	00e24403	lbu	x8,14(x4)	  x4:0x80032a47  x8=0x00000000 PA:0x80032a55 load:0x00000000
      365839000	     18190	80004ee4	027092a3	sh	x7,37(x1)	  x1:0x80035f95  x7:0x00000000 PA:0x80035fba store:0x00000000 load:0x0000ffff
      365859000	     18191	80004ee8	00c08c03	lb	x24,12(x1)	  x1:0x80035f95 x24=0x00000000 PA:0x80035fa1 load:0x00000000
      365919000	     18194	80004eec	01e215a3	sh	x30,11(x4)	  x4:0x80032a47 x30:0x8004bce4 PA:0x80032a52 store:0x8004bce4 load:0x0000ffff
      365939000	     18195	80004ef0	0003c717	auipc	x14,0x3c	 x14=0x80040ef0
      365959000	     18196	80004ef4	9a370713	addi	x14,x14,-1629	 x14:0x80040ef0 x14=0x80040893
      366019000	     18199	80004ef8	01a74b03	lbu	x22,26(x14)	 x14:0x80040893 x22=0x00000000 PA:0x800408ad load:0x00000000
      366599000	     18228	80004efc	fe374903	lbu	x18,-29(x14)	 x14:0x80040893 x18=0x00000000 PA:0x80040876 load:0x00000000
      366859000	     18241	80004f00	fe375e83	lhu	x29,-29(x14)	 x14:0x80040893 x29=0x00000000 PA:0x80040876 load:0x00000000
      366919000	     18244	80004f04	fe170b23	sb	x1,-10(x14)	 x14:0x80040893  x1:0x80035f95 PA:0x80040889 store:0x80035f95 load:0x000000ff
      367339000	     18265	80004f08	03274003	lbu	x0,50(x14)	 x14:0x80040893  x0=0x00000000 PA:0x800408c5 load:0x00000000
      367439000	     18270	80004f0c	03274803	lbu	x16,50(x14)	 x14:0x80040893 x16=0x00000000 PA:0x800408c5 load:0x00000000
      367519000	     18274	80004f10	fe474303	lbu	x6,-28(x14)	 x14:0x80040893  x6=0x00000000 PA:0x80040877 load:0x00000000
      367539000	     18275	80004f14	fd270ca3	sb	x18,-39(x14)	 x14:0x80040893 x18:0x00000000 PA:0x8004086c store:0x00000000 load:0x000000ff
      367579000	     18277	80004f18	03c74e03	lbu	x28,60(x14)	 x14:0x80040893 x28=0x00000000 PA:0x800408cf load:0x00000000
      367599000	     18278	80004f1c	03f70b03	lb	x22,63(x14)	 x14:0x80040893 x22=0x00000000 PA:0x800408d2 load:0x00000000
      367639000	     18280	80004f20	fc774503	lbu	x10,-57(x14)	 x14:0x80040893 x10=0x00000000 PA:0x8004085a load:0x00000000
      367839000	     18290	80004f24	fc271da3	sh	x2,-37(x14)	 x14:0x80040893  x2:0x00000000 PA:0x8004086e store:0x00000000 load:0x0000ffff
      368499000	     18323	80004f28	fdb75c03	lhu	x24,-37(x14)	 x14:0x80040893 x24=0x00000000 PA:0x8004086e load:0x00000000
      368759000	     18336	80004f2c	fc071da3	sh	x0,-37(x14)	 x14:0x80040893  x0:0x00000000 PA:0x8004086e store:0x00000000 load:0x0000ffff
      368799000	     18338	80004f30	020af533	remu	x10,x21,x0	 x21:0x00000000  x0:0x00000000 x10=0x00000000
      368919000	     18344	80004f34	fcb70da3	sb	x11,-37(x14)	 x14:0x80040893 x11:0x894eacb4 PA:0x8004086e store:0x894eacb4 load:0x000000ff
      368979000	     18347	80004f38	01a70803	lb	x16,26(x14)	 x14:0x80040893 x16=0x00000000 PA:0x800408ad load:0x00000000
      368999000	     18348	80004f3c	01a74003	lbu	x0,26(x14)	 x14:0x80040893  x0=0x00000000 PA:0x800408ad load:0x00000000
      369019000	     18349	80004f40	ff9712a3	sh	x25,-27(x14)	 x14:0x80040893 x25:0x00000000 PA:0x80040878 store:0x00000000 load:0x0000ffff
      369159000	     18356	80004f44	fe574283	lbu	x5,-27(x14)	 x14:0x80040893  x5=0x00000000 PA:0x80040878 load:0x00000000
      369299000	     18363	80004f48	fca74f83	lbu	x31,-54(x14)	 x14:0x80040893 x31=0x00000000 PA:0x8004085d load:0x00000000
      369319000	     18364	80004f4c	0002ea97	auipc	x21,0x2e	 x21=0x80032f4c
      369519000	     18374	80004f50	9c4a8a93	addi	x21,x21,-1596	 x21:0x80032f4c x21=0x80032910
      370119000	     18404	80004f54	083ace83	lbu	x29,131(x21)	 x21:0x80032910 x29=0x00000000 PA:0x80032993 load:0x00000000
      370339000	     18415	80004f58	f61a8d23	sb	x1,-134(x21)	 x21:0x80032910  x1:0x80035f95 PA:0x8003288a store:0x80035f95 load:0x000000ff
      370359000	     18416	80004f5c	0003c297	auipc	x5,0x3c	  x5=0x80040f5c
      370379000	     18417	80004f60	89428293	addi	x5,x5,-1900	  x5:0x80040f5c  x5=0x800407f0
      370739000	     18435	80004f64	f1cac403	lbu	x8,-228(x21)	 x21:0x80032910  x8=0x00000000 PA:0x8003282c load:0x00000000
      371339000	     18465	80004f68	fd12c603	lbu	x12,-47(x5)	  x5:0x800407f0 x12=0x00000000 PA:0x800407c1 load:0x00000000
      371399000	     18468	80004f6c	01a2c203	lbu	x4,26(x5)	  x5:0x800407f0  x4=0x00000000 PA:0x8004080a load:0x00000000
      371479000	     18472	80004f70	fd02c403	lbu	x8,-48(x5)	  x5:0x800407f0  x8=0x00000000 PA:0x800407c0 load:0x00000000
      371719000	     18484	80004f74	fce2a223	sw	x14,-60(x5)	  x5:0x800407f0 x14:0x80040893 PA:0x800407b4 store:0x80040893 load:0xffffffff
      371779000	     18487	80004f78	f3fac103	lbu	x2,-193(x21)	 x21:0x80032910  x2=0x00000000 PA:0x8003284f load:0x00000000
      371799000	     18488	80004f7c	012286a3	sb	x18,13(x5)	  x5:0x800407f0 x18:0x00000000 PA:0x800407fd store:0x00000000 load:0x000000ff
      372019000	     18499	80004f80	084aa183	lw	x3,132(x21)	 x21:0x80032910  x3=0x00000000 PA:0x80032994 load:0x00000000
      372139000	     18505	80004f84	04dacd83	lbu	x27,77(x21)	 x21:0x80032910 x27=0x00000000 PA:0x8003295d load:0x00000000
      372499000	     18523	80004f88	fdd28d83	lb	x27,-35(x5)	  x5:0x800407f0 x27=0x00000000 PA:0x800407cd load:0x00000000
      372599000	     18528	80004f8c	02a287a3	sb	x10,47(x5)	  x5:0x800407f0 x10:0x00000000 PA:0x8004081f store:0x00000000 load:0x000000ff
      372619000	     18529	80004f90	ff0add83	lhu	x27,-16(x21)	 x21:0x80032910 x27=0x00000000 PA:0x80032900 load:0x00000000
      372759000	     18536	80004f94	0022c083	lbu	x1,2(x5)	  x5:0x800407f0  x1=0x00000000 PA:0x800407f2 load:0x00000000
      372919000	     18544	80004f98	0dead883	lhu	x17,222(x21)	 x21:0x80032910 x17=0x00000000 PA:0x800329ee load:0x00000000
      373379000	     18567	80004f9c	004aaa03	lw	x20,4(x21)	 x21:0x80032910 x20=0x00000000 PA:0x80032914 load:0x00000000
      373439000	     18570	80004fa0	0d8aa083	lw	x1,216(x21)	 x21:0x80032910  x1=0x00000000 PA:0x800329e8 load:0x00000000
      373859000	     18591	80004fa4	feb28b83	lb	x23,-21(x5)	  x5:0x800407f0 x23=0x00000000 PA:0x800407db load:0x00000000
      373879000	     18592	80004fa8	0002d117	auipc	x2,0x2d	  x2=0x80031fa8
      373899000	     18593	80004fac	0a010113	addi	x2,x2,160	  x2:0x80031fa8  x2=0x80032048
      373919000	     18594	80004fb0	2eba9637	lui	x12,0x2eba9	 x12=0x2eba9000
      373939000	     18595	80004fb4	9132	c.add	x2,x12	  x2:0x80032048 x12:0x2eba9000  x2=0xaebdb048
      374399000	     18618	80004fb6	60110ea3	sb	x1,1565(x2)	  x2:0xaebdb048  x1:0x00000000 PA:0xaebdb665 store:0x00000000 load:0x000000ff
      374539000	     18625	80004fba	8a2103a3	sb	x2,-1881(x2)	  x2:0xaebdb048  x2:0xaebdb048 PA:0xaebda8ef store:0xaebdb048 load:0x000000ff
      374719000	     18634	80004fbe	76411723	sh	x4,1902(x2)	  x2:0xaebdb048  x4:0x00000000 PA:0xaebdb7b6 store:0x00000000 load:0x0000ffff
      374939000	     18645	80004fc2	20511a23	sh	x5,532(x2)	  x2:0xaebdb048  x5:0x800407f0 PA:0xaebdb25c store:0x800407f0 load:0x0000ffff
      375119000	     18654	80004fc6	1a7100a3	sb	x7,417(x2)	  x2:0xaebdb048  x7:0x00000000 PA:0xaebdb1e9 store:0x00000000 load:0x000000ff
      375179000	     18657	80004fca	83a11723	sh	x26,-2002(x2)	  x2:0xaebdb048 x26:0x00000000 PA:0xaebda876 store:0x00000000 load:0x0000ffff
      375199000	     18658	80004fce	0000100f	fence.i	
      376059000	     18701	80004fd2	40918e33	sub	x28,x3,x9	  x3:0x00000000  x9:0x80047e64 x28=0x7ffb819c
      376099000	     18703	80004fd6	027756b3	divu	x13,x14,x7	 x14:0x80040893  x7:0x00000000 x13=0xffffffff
      376419000	     18719	80004fda	61d10f83	lb	x31,1565(x2)	  x2:0xaebdb048 x31=0x00000000 PA:0xaebdb665 load:0x00000000
      376599000	     18728	80004fde	8a714383	lbu	x7,-1881(x2)	  x2:0xaebdb048  x7=0x00000048 PA:0xaebda8ef load:0x00000048
      377019000	     18749	80004fe2	0d9100a3	sb	x25,193(x2)	  x2:0xaebdb048 x25:0x00000000 PA:0xaebdb109 store:0x00000000 load:0x000000ff
      377039000	     18750	80004fe6	00e671b3	and	x3,x12,x14	 x12:0x2eba9000 x14:0x80040893  x3=0x00000000
      377159000	     18756	80004fea	76e15903	lhu	x18,1902(x2)	  x2:0xaebdb048 x18=0x00000000 PA:0xaebdb7b6 load:0x00000000
      377319000	     18764	80004fee	21415e03	lhu	x28,532(x2)	  x2:0xaebdb048 x28=0x000007f0 PA:0xaebdb25c load:0x000007f0
      377399000	     18768	80004ff2	fbc12423	sw	x28,-88(x2)	  x2:0xaebdb048 x28:0x000007f0 PA:0xaebdaff0 store:0x000007f0 load:0xffffffff
      377619000	     18779	80004ff6	1a114603	lbu	x12,417(x2)	  x2:0xaebdb048 x12=0x00000000 PA:0xaebdb1e9 load:0x00000000
      377639000	     18780	80004ffa	d10d80b7	lui	x1,0xd10d8	  x1=0xd10d8000
      377819000	     18789	80004ffe	a6c11923	sh	x12,-1422(x2)	  x2:0xaebdb048 x12:0x00000000 PA:0xaebdaaba store:0x00000000 load:0x0000ffff
      377839000	     18790	80005002	0002e117	auipc	x2,0x2e	  x2=0x80033002
      377859000	     18791	80005006	04610113	addi	x2,x2,70	  x2:0x80033002  x2=0x80033048
      377879000	     18792	8000500a	79219e37	lui	x28,0x79219	 x28=0x79219000
      377899000	     18793	8000500e	9172	c.add	x2,x28	  x2:0x80033048 x28:0x79219000  x2=0xf924c048
      377939000	     18795	80005010	84011d23	sh	x0,-1958(x2)	  x2:0xf924c048  x0:0x00000000 PA:0xf924b8a2 store:0x00000000 load:0x0000xxxx
      378639000	     18830	80002500	0800006f	jal	x0,80002580	  x0=0x00000000
      379599000	     18878	80002580	1f71	c.addi	x30,-4	 x30:0x8004bce4 x30=0x8004bce0
      379959000	     18896	80002582	009f2023	sw	x9,0(x30)	 x30:0x8004bce0  x9:0x80047e64 PA:0x8004bce0 store:0x80047e64 load:0xffffffff
      380159000	     18906	80002586	000f04b3	add	x9,x30,x0	 x30:0x8004bce0  x0:0x00000000  x9=0x8004bce0
      380179000	     18907	8000258a	f8048493	addi	x9,x9,-128	  x9:0x8004bce0  x9=0x8004bc60
      380339000	     18915	8000258e	0014a223	sw	x1,4(x9)	  x9:0x8004bc60  x1:0xd10d8000 PA:0x8004bc64 store:0xd10d8000 load:0xffffffff
      380359000	     18916	80002592	0024a423	sw	x2,8(x9)	  x9:0x8004bc60  x2:0xf924c048 PA:0x8004bc68 store:0xf924c048 load:0xffffffff
      380379000	     18917	80002596	0034a623	sw	x3,12(x9)	  x9:0x8004bc60  x3:0x00000000 PA:0x8004bc6c store:0x00000000 load:0xffffffff
      380599000	     18928	8000259a	0044a823	sw	x4,16(x9)	  x9:0x8004bc60  x4:0x00000000 PA:0x8004bc70 store:0x00000000 load:0xffffffff
      380799000	     18938	8000259e	0054aa23	sw	x5,20(x9)	  x9:0x8004bc60  x5:0x800407f0 PA:0x8004bc74 store:0x800407f0 load:0xffffffff
      380859000	     18941	800025a2	0064ac23	sw	x6,24(x9)	  x9:0x8004bc60  x6:0x00000000 PA:0x8004bc78 store:0x00000000 load:0xffffffff
      381099000	     18953	800025a6	0074ae23	sw	x7,28(x9)	  x9:0x8004bc60  x7:0x00000048 PA:0x8004bc7c store:0x00000048 load:0xffffffff
      381119000	     18954	800025aa	d080	c.sw	x8,32(x9)	  x9:0x8004bc60  x8:0x00000000 PA:0x8004bc80 store:0x00000000 load:0xffffffff
      381159000	     18956	800025ac	d0c4	c.sw	x9,36(x9)	  x9:0x8004bc60  x9:0x8004bc60 PA:0x8004bc84 store:0x8004bc60 load:0xffffffff
      381179000	     18957	800025ae	d488	c.sw	x10,40(x9)	  x9:0x8004bc60 x10:0x00000000 PA:0x8004bc88 store:0x00000000 load:0xffffffff
      381259000	     18961	800025b0	d4cc	c.sw	x11,44(x9)	  x9:0x8004bc60 x11:0x894eacb4 PA:0x8004bc8c store:0x894eacb4 load:0xffffffff
      381479000	     18972	800025b2	d890	c.sw	x12,48(x9)	  x9:0x8004bc60 x12:0x00000000 PA:0x8004bc90 store:0x00000000 load:0xffffffff
      381919000	     18994	800025b4	d8d4	c.sw	x13,52(x9)	  x9:0x8004bc60 x13:0xffffffff PA:0x8004bc94 store:0xffffffff load:0xffffffff
      381979000	     18997	800025b6	dc98	c.sw	x14,56(x9)	  x9:0x8004bc60 x14:0x80040893 PA:0x8004bc98 store:0x80040893 load:0xffffffff
      381999000	     18998	800025b8	dcdc	c.sw	x15,60(x9)	  x9:0x8004bc60 x15:0x00000000 PA:0x8004bc9c store:0x00000000 load:0xffffffff
      382019000	     18999	800025ba	0504a023	sw	x16,64(x9)	  x9:0x8004bc60 x16:0x00000000 PA:0x8004bca0 store:0x00000000 load:0xffffffff
      382039000	     19000	800025be	0514a223	sw	x17,68(x9)	  x9:0x8004bc60 x17:0x00000000 PA:0x8004bca4 store:0x00000000 load:0xffffffff
      382179000	     19007	800025c2	0524a423	sw	x18,72(x9)	  x9:0x8004bc60 x18:0x00000000 PA:0x8004bca8 store:0x00000000 load:0xffffffff
      382239000	     19010	800025c6	0534a623	sw	x19,76(x9)	  x9:0x8004bc60 x19:0x00000000 PA:0x8004bcac store:0x00000000 load:0xffffffff
      382259000	     19011	800025ca	0544a823	sw	x20,80(x9)	  x9:0x8004bc60 x20:0x00000000 PA:0x8004bcb0 store:0x00000000 load:0xffffffff
      382279000	     19012	800025ce	0554aa23	sw	x21,84(x9)	  x9:0x8004bc60 x21:0x80032910 PA:0x8004bcb4 store:0x80032910 load:0xffffffff
      382459000	     19021	800025d2	0564ac23	sw	x22,88(x9)	  x9:0x8004bc60 x22:0x00000000 PA:0x8004bcb8 store:0x00000000 load:0xffffffff
      382539000	     19025	800025d6	0574ae23	sw	x23,92(x9)	  x9:0x8004bc60 x23:0x00000000 PA:0x8004bcbc store:0x00000000 load:0xffffffff
      382719000	     19034	800025da	0784a023	sw	x24,96(x9)	  x9:0x8004bc60 x24:0x00000000 PA:0x8004bcc0 store:0x00000000 load:0xffffffff
      383019000	     19049	800025de	0794a223	sw	x25,100(x9)	  x9:0x8004bc60 x25:0x00000000 PA:0x8004bcc4 store:0x00000000 load:0xffffffff
      383639000	     19080	800025e2	07a4a423	sw	x26,104(x9)	  x9:0x8004bc60 x26:0x00000000 PA:0x8004bcc8 store:0x00000000 load:0xffffffff
      383739000	     19085	800025e6	07b4a623	sw	x27,108(x9)	  x9:0x8004bc60 x27:0x00000000 PA:0x8004bccc store:0x00000000 load:0xffffffff
      383939000	     19095	800025ea	07c4a823	sw	x28,112(x9)	  x9:0x8004bc60 x28:0x79219000 PA:0x8004bcd0 store:0x79219000 load:0xffffffff
      383959000	     19096	800025ee	07d4aa23	sw	x29,116(x9)	  x9:0x8004bc60 x29:0x00000000 PA:0x8004bcd4 store:0x00000000 load:0xffffffff
      383979000	     19097	800025f2	07e4ac23	sw	x30,120(x9)	  x9:0x8004bc60 x30:0x8004bce0 PA:0x8004bcd8 store:0x8004bce0 load:0xffffffff
      384199000	     19108	800025f6	07f4ae23	sw	x31,124(x9)	  x9:0x8004bc60 x31:0x00000000 PA:0x8004bcdc store:0x00000000 load:0xffffffff
      384219000	     19109	800025fa	00048f33	add	x30,x9,x0	  x9:0x8004bc60  x0:0x00000000 x30=0x8004bc60
      384239000	     19110	800025fe	90000d37	lui	x26,0x90000	 x26=0x90000000
      384259000	     19111	80002602	1d71	c.addi	x26,-4	 x26:0x90000000 x26=0x8ffffffc
      384279000	     19112	80002604	4621	c.li	x12,8	 x12=0x00000008
      384299000	     19113	80002606	0622	c.slli	x12,0x8	 x12:0x00000008 x12=0x00000800
      384499000	     19123	80002608	00060613	addi	x12,x12,0	 x12:0x00000800 x12=0x00000800
      384619000	     19129	8000260c	00cd2023	sw	x12,0(x26)	 x26:0x8ffffffc x12:0x00000800 PA:0x8ffffffc store:0x00000800 load:0xffffffff
      384639000	     19130	80002610	34102673	csrrs	x12,mepc,x0	  x0:0x00000000 x12=0x80005010
      384659000	     19131	80002614	34202673	csrrs	x12,mcause,x0	  x0:0x00000000 x12=0x00000007
      384739000	     19135	80002618	4d0d	c.li	x26,3	 x26=0x00000003
      384879000	     19142	8000261a	01a61463	bne	x12,x26,80002622	 x12:0x00000007 x26:0x00000003
      385239000	     19160	80002622	4d21	c.li	x26,8	 x26=0x00000008
      385259000	     19161	80002624	05a60d63	beq	x12,x26,8000267e	 x12:0x00000007 x26:0x00000008
      385479000	     19172	80002628	4d25	c.li	x26,9	 x26=0x00000009
      385499000	     19173	8000262a	05a60a63	beq	x12,x26,8000267e	 x12:0x00000007 x26:0x00000009
      385519000	     19174	8000262e	4d2d	c.li	x26,11	 x26=0x0000000b
      385539000	     19175	80002630	05a60763	beq	x12,x26,8000267e	 x12:0x00000007 x26:0x0000000b
      385559000	     19176	80002634	4d05	c.li	x26,1	 x26=0x00000001
      385959000	     19196	80002636	33a60b63	beq	x12,x26,8000296c	 x12:0x00000007 x26:0x00000001
      385979000	     19197	8000263a	4d15	c.li	x26,5	 x26=0x00000005
      385999000	     19198	8000263c	61a60263	beq	x12,x26,80002c40	 x12:0x00000007 x26:0x00000005
      386059000	     19201	80002640	4d1d	c.li	x26,7	 x26=0x00000007
      386079000	     19202	80002642	11a602e3	beq	x12,x26,80002f46	 x12:0x00000007 x26:0x00000007
      386959000	     19246	80002f46	90000d37	lui	x26,0x90000	 x26=0x90000000
      386979000	     19247	80002f4a	1d71	c.addi	x26,-4	 x26:0x90000000 x26=0x8ffffffc
      386999000	     19248	80002f4c	4631	c.li	x12,12	 x12=0x0000000c
      391839000	     19490	80002f4e	0622	c.slli	x12,0x8	 x12:0x0000000c x12=0x00000c00
      391859000	     19491	80002f50	00060613	addi	x12,x12,0	 x12:0x00000c00 x12=0x00000c00
      391939000	     19495	80002f54	00cd2023	sw	x12,0(x26)	 x26:0x8ffffffc x12:0x00000c00 PA:0x8ffffffc store:0x00000c00 load:0xffffffff
      391959000	     19496	80002f58	90000d37	lui	x26,0x90000	 x26=0x90000000
      391979000	     19497	80002f5c	1d71	c.addi	x26,-4	 x26:0x90000000 x26=0x8ffffffc
      391999000	     19498	80002f5e	34200613	addi	x12,x0,834	  x0:0x00000000 x12=0x00000342
      392019000	     19499	80002f62	0622	c.slli	x12,0x8	 x12:0x00000342 x12=0x00034200
      392319000	     19514	80002f64	060d	c.addi	x12,3	 x12:0x00034200 x12=0x00034203
      392479000	     19522	80002f66	00cd2023	sw	x12,0(x26)	 x26:0x8ffffffc x12:0x00034203 PA:0x8ffffffc store:0x00034203 load:0xffffffff
      392499000	     19523	80002f6a	34202673	csrrs	x12,mcause,x0	  x0:0x00000000 x12=0x00000007
      392659000	     19531	80002f6e	00cd2023	sw	x12,0(x26)	 x26:0x8ffffffc x12:0x00000007 PA:0x8ffffffc store:0x00000007 load:0xffffffff
      392679000	     19532	80002f72	4601	c.li	x12,0	 x12=0x00000000
      392699000	     19533	80002f74	8eb2	c.mv	x29,x12	  x0:0x00000000 x12:0x00000000 x29=0x00000000
      392719000	     19534	80002f76	4b01	c.li	x22,0	 x22=0x00000000
      392739000	     19535	80002f78	8676	c.mv	x12,x29	  x0:0x00000000 x29:0x00000000 x12=0x00000000
      392759000	     19536	80002f7a	85b2	c.mv	x11,x12	  x0:0x00000000 x12:0x00000000 x11=0x00000000
      392859000	     19541	80002f7c	4581	c.li	x11,0	 x11=0x00000000
      393219000	     19559	80002f7e	04b60f63	beq	x12,x11,80002fdc	 x12:0x00000000 x11:0x00000000
      393959000	     19596	80002fdc	3b002d73	csrrs	x26,pmpaddr0,x0	  x0:0x00000000 x26=0x20000c8d
      394279000	     19612	80002fe0	3a002ff3	csrrs	x31,pmpcfg0,x0	  x0:0x00000000 x31=0x0f0f0f0f
      394659000	     19631	80002fe4	a861	c.j	8000307c	
      395419000	     19669	8000307c	4e11	c.li	x28,4	 x28=0x00000004
      395859000	     19691	8000307e	01ee9613	slli	x12,x29,0x1e	 x29:0x00000000 x12=0x00000000
      395879000	     19692	80003082	8279	c.srli	x12,0x1e	 x12:0x00000000 x12=0x00000000
      395899000	     19693	80003084	40ce05b3	sub	x11,x28,x12	 x28:0x00000004 x12:0x00000000 x11=0x00000004
      396039000	     19700	80003088	15fd	c.addi	x11,-1	 x11:0x00000004 x11=0x00000003
      396059000	     19701	8000308a	058e	c.slli	x11,0x3	 x11:0x00000003 x11=0x00000018
      396079000	     19702	8000308c	00bf9e33	sll	x28,x31,x11	 x31:0x0f0f0f0f x11:0x00000018 x28=0x0f000000
      396479000	     19722	80003090	060e	c.slli	x12,0x3	 x12:0x00000000 x12=0x00000000
      396499000	     19723	80003092	95b2	c.add	x11,x12	 x11:0x00000018 x12:0x00000000 x11=0x00000018
      396519000	     19724	80003094	00be5e33	srl	x28,x28,x11	 x28:0x0f000000 x11:0x00000018 x28=0x0000000f
      396539000	     19725	80003098	01be1593	slli	x11,x28,0x1b	 x28:0x0000000f x11=0x78000000
      396559000	     19726	8000309c	81f9	c.srli	x11,0x1e	 x11:0x78000000 x11=0x00000001
      396579000	     19727	8000309e	c1b1	c.beqz	x11,800030e2	 x11:0x00000001
      396599000	     19728	800030a0	4605	c.li	x12,1	 x12=0x00000001
      396979000	     19747	800030a2	04c58163	beq	x11,x12,800030e4	 x11:0x00000001 x12:0x00000001
      397479000	     19772	800030e4	8676	c.mv	x12,x29	  x0:0x00000000 x29:0x00000000 x12=0x00000000
      397539000	     19775	800030e6	343025f3	csrrs	x11,mtval,x0	  x0:0x00000000 x11=0xf924b8a2
      397559000	     19776	800030ea	8189	c.srli	x11,0x2	 x11:0xf924b8a2 x11=0x3e492e28
      397579000	     19777	800030ec	e601	c.bnez	x12,800030f4	 x12:0x00000000
      397939000	     19795	800030ee	fc05c8e3	blt	x11,x0,800030be	 x11:0x3e492e28  x0:0x00000000
      397959000	     19796	800030f2	a019	c.j	800030f8	
      398179000	     19807	800030f8	fda5f3e3	bgeu	x11,x26,800030be	 x11:0x3e492e28 x26:0x20000c8d
      398779000	     19837	800030be	8676	c.mv	x12,x29	  x0:0x00000000 x29:0x00000000 x12=0x00000000
      398819000	     19839	800030c0	8b6a	c.mv	x22,x26	  x0:0x00000000 x26:0x20000c8d x22=0x20000c8d
      398839000	     19840	800030c2	0605	c.addi	x12,1	 x12:0x00000000 x12=0x00000001
      398859000	     19841	800030c4	8eb2	c.mv	x29,x12	  x0:0x00000000 x12:0x00000001 x29=0x00000001
      398879000	     19842	800030c6	4d41	c.li	x26,16	 x26=0x00000010
      398939000	     19845	800030c8	01a65363	bge	x12,x26,800030ce	 x12:0x00000001 x26:0x00000010
      398959000	     19846	800030cc	b575	c.j	80002f78	
      398999000	     19848	80002f78	8676	c.mv	x12,x29	  x0:0x00000000 x29:0x00000001 x12=0x00000001
      399019000	     19849	80002f7a	85b2	c.mv	x11,x12	  x0:0x00000000 x12:0x00000001 x11=0x00000001
      399039000	     19850	80002f7c	4581	c.li	x11,0	 x11=0x00000000
      399059000	     19851	80002f7e	04b60f63	beq	x12,x11,80002fdc	 x12:0x00000001 x11:0x00000000
      399079000	     19852	80002f82	4585	c.li	x11,1	 x11=0x00000001
      399099000	     19853	80002f84	06b60163	beq	x12,x11,80002fe6	 x12:0x00000001 x11:0x00000001
      399179000	     19857	80002fe6	3b102d73	csrrs	x26,pmpaddr1,x0	  x0:0x00000000 x26=0x244450d1
      399199000	     19858	80002fea	3a002ff3	csrrs	x31,pmpcfg0,x0	  x0:0x00000000 x31=0x0f0f0f0f
      399219000	     19859	80002fee	a079	c.j	8000307c	
      399259000	     19861	8000307c	4e11	c.li	x28,4	 x28=0x00000004
      399279000	     19862	8000307e	01ee9613	slli	x12,x29,0x1e	 x29:0x00000001 x12=0x40000000
      399299000	     19863	80003082	8279	c.srli	x12,0x1e	 x12:0x40000000 x12=0x00000001
      399319000	     19864	80003084	40ce05b3	sub	x11,x28,x12	 x28:0x00000004 x12:0x00000001 x11=0x00000003
      399339000	     19865	80003088	15fd	c.addi	x11,-1	 x11:0x00000003 x11=0x00000002
      399359000	     19866	8000308a	058e	c.slli	x11,0x3	 x11:0x00000002 x11=0x00000010
      399379000	     19867	8000308c	00bf9e33	sll	x28,x31,x11	 x31:0x0f0f0f0f x11:0x00000010 x28=0x0f0f0000
      399399000	     19868	80003090	060e	c.slli	x12,0x3	 x12:0x00000001 x12=0x00000008
      399419000	     19869	80003092	95b2	c.add	x11,x12	 x11:0x00000010 x12:0x00000008 x11=0x00000018
      399439000	     19870	80003094	00be5e33	srl	x28,x28,x11	 x28:0x0f0f0000 x11:0x00000018 x28=0x0000000f
      399459000	     19871	80003098	01be1593	slli	x11,x28,0x1b	 x28:0x0000000f x11=0x78000000
      399479000	     19872	8000309c	81f9	c.srli	x11,0x1e	 x11:0x78000000 x11=0x00000001
      399499000	     19873	8000309e	c1b1	c.beqz	x11,800030e2	 x11:0x00000001
      399519000	     19874	800030a0	4605	c.li	x12,1	 x12=0x00000001
      399539000	     19875	800030a2	04c58163	beq	x11,x12,800030e4	 x11:0x00000001 x12:0x00000001
      399599000	     19878	800030e4	8676	c.mv	x12,x29	  x0:0x00000000 x29:0x00000001 x12=0x00000001
      399619000	     19879	800030e6	343025f3	csrrs	x11,mtval,x0	  x0:0x00000000 x11=0xf924b8a2
      399639000	     19880	800030ea	8189	c.srli	x11,0x2	 x11:0xf924b8a2 x11=0x3e492e28
      399659000	     19881	800030ec	e601	c.bnez	x12,800030f4	 x12:0x00000001
      399719000	     19884	800030f4	fd65e5e3	bltu	x11,x22,800030be	 x11:0x3e492e28 x22:0x20000c8d
      399739000	     19885	800030f8	fda5f3e3	bgeu	x11,x26,800030be	 x11:0x3e492e28 x26:0x244450d1
      399779000	     19887	800030be	8676	c.mv	x12,x29	  x0:0x00000000 x29:0x00000001 x12=0x00000001
      399799000	     19888	800030c0	8b6a	c.mv	x22,x26	  x0:0x00000000 x26:0x244450d1 x22=0x244450d1
      399819000	     19889	800030c2	0605	c.addi	x12,1	 x12:0x00000001 x12=0x00000002
      399839000	     19890	800030c4	8eb2	c.mv	x29,x12	  x0:0x00000000 x12:0x00000002 x29=0x00000002
      399859000	     19891	800030c6	4d41	c.li	x26,16	 x26=0x00000010
      399879000	     19892	800030c8	01a65363	bge	x12,x26,800030ce	 x12:0x00000002 x26:0x00000010
      399899000	     19893	800030cc	b575	c.j	80002f78	
      399959000	     19896	80002f78	8676	c.mv	x12,x29	  x0:0x00000000 x29:0x00000002 x12=0x00000002
      399979000	     19897	80002f7a	85b2	c.mv	x11,x12	  x0:0x00000000 x12:0x00000002 x11=0x00000002
      399999000	     19898	80002f7c	4581	c.li	x11,0	 x11=0x00000000
      400019000	     19899	80002f7e	04b60f63	beq	x12,x11,80002fdc	 x12:0x00000002 x11:0x00000000
      400039000	     19900	80002f82	4585	c.li	x11,1	 x11=0x00000001
      400059000	     19901	80002f84	06b60163	beq	x12,x11,80002fe6	 x12:0x00000002 x11:0x00000001
      400079000	     19902	80002f88	4589	c.li	x11,2	 x11=0x00000002
      400099000	     19903	80002f8a	06b60363	beq	x12,x11,80002ff0	 x12:0x00000002 x11:0x00000002
      400159000	     19906	80002ff0	3b202d73	csrrs	x26,pmpaddr2,x0	  x0:0x00000000 x26=0x28889515
      400179000	     19907	80002ff4	3a002ff3	csrrs	x31,pmpcfg0,x0	  x0:0x00000000 x31=0x0f0f0f0f
      400239000	     19910	80002ff8	a051	c.j	8000307c	
      400279000	     19912	8000307c	4e11	c.li	x28,4	 x28=0x00000004
      400299000	     19913	8000307e	01ee9613	slli	x12,x29,0x1e	 x29:0x00000002 x12=0x80000000
      400319000	     19914	80003082	8279	c.srli	x12,0x1e	 x12:0x80000000 x12=0x00000002
      400339000	     19915	80003084	40ce05b3	sub	x11,x28,x12	 x28:0x00000004 x12:0x00000002 x11=0x00000002
      400359000	     19916	80003088	15fd	c.addi	x11,-1	 x11:0x00000002 x11=0x00000001
      400379000	     19917	8000308a	058e	c.slli	x11,0x3	 x11:0x00000001 x11=0x00000008
      400399000	     19918	8000308c	00bf9e33	sll	x28,x31,x11	 x31:0x0f0f0f0f x11:0x00000008 x28=0x0f0f0f00
      400419000	     19919	80003090	060e	c.slli	x12,0x3	 x12:0x00000002 x12=0x00000010
      400439000	     19920	80003092	95b2	c.add	x11,x12	 x11:0x00000008 x12:0x00000010 x11=0x00000018
      400459000	     19921	80003094	00be5e33	srl	x28,x28,x11	 x28:0x0f0f0f00 x11:0x00000018 x28=0x0000000f
      400479000	     19922	80003098	01be1593	slli	x11,x28,0x1b	 x28:0x0000000f x11=0x78000000
      400499000	     19923	8000309c	81f9	c.srli	x11,0x1e	 x11:0x78000000 x11=0x00000001
      400519000	     19924	8000309e	c1b1	c.beqz	x11,800030e2	 x11:0x00000001
      400539000	     19925	800030a0	4605	c.li	x12,1	 x12=0x00000001
      400559000	     19926	800030a2	04c58163	beq	x11,x12,800030e4	 x11:0x00000001 x12:0x00000001
      400619000	     19929	800030e4	8676	c.mv	x12,x29	  x0:0x00000000 x29:0x00000002 x12=0x00000002
      400639000	     19930	800030e6	343025f3	csrrs	x11,mtval,x0	  x0:0x00000000 x11=0xf924b8a2
      400659000	     19931	800030ea	8189	c.srli	x11,0x2	 x11:0xf924b8a2 x11=0x3e492e28
      400679000	     19932	800030ec	e601	c.bnez	x12,800030f4	 x12:0x00000002
      400739000	     19935	800030f4	fd65e5e3	bltu	x11,x22,800030be	 x11:0x3e492e28 x22:0x244450d1
      400759000	     19936	800030f8	fda5f3e3	bgeu	x11,x26,800030be	 x11:0x3e492e28 x26:0x28889515
      400799000	     19938	800030be	8676	c.mv	x12,x29	  x0:0x00000000 x29:0x00000002 x12=0x00000002
      400819000	     19939	800030c0	8b6a	c.mv	x22,x26	  x0:0x00000000 x26:0x28889515 x22=0x28889515
      400839000	     19940	800030c2	0605	c.addi	x12,1	 x12:0x00000002 x12=0x00000003
      400859000	     19941	800030c4	8eb2	c.mv	x29,x12	  x0:0x00000000 x12:0x00000003 x29=0x00000003
      400879000	     19942	800030c6	4d41	c.li	x26,16	 x26=0x00000010
      400899000	     19943	800030c8	01a65363	bge	x12,x26,800030ce	 x12:0x00000003 x26:0x00000010
      400919000	     19944	800030cc	b575	c.j	80002f78	
      400959000	     19946	80002f78	8676	c.mv	x12,x29	  x0:0x00000000 x29:0x00000003 x12=0x00000003
      400979000	     19947	80002f7a	85b2	c.mv	x11,x12	  x0:0x00000000 x12:0x00000003 x11=0x00000003
      400999000	     19948	80002f7c	4581	c.li	x11,0	 x11=0x00000000
      401019000	     19949	80002f7e	04b60f63	beq	x12,x11,80002fdc	 x12:0x00000003 x11:0x00000000
      401039000	     19950	80002f82	4585	c.li	x11,1	 x11=0x00000001
      401059000	     19951	80002f84	06b60163	beq	x12,x11,80002fe6	 x12:0x00000003 x11:0x00000001
      401079000	     19952	80002f88	4589	c.li	x11,2	 x11=0x00000002
      401099000	     19953	80002f8a	06b60363	beq	x12,x11,80002ff0	 x12:0x00000003 x11:0x00000002
      401119000	     19954	80002f8e	458d	c.li	x11,3	 x11=0x00000003
      401139000	     19955	80002f90	06b60563	beq	x12,x11,80002ffa	 x12:0x00000003 x11:0x00000003
      401199000	     19958	80002ffa	3b302d73	csrrs	x26,pmpaddr3,x0	  x0:0x00000000 x26=0x2cccd959
      401219000	     19959	80002ffe	3a002ff3	csrrs	x31,pmpcfg0,x0	  x0:0x00000000 x31=0x0f0f0f0f
      401239000	     19960	80003002	a8ad	c.j	8000307c	
      401299000	     19963	8000307c	4e11	c.li	x28,4	 x28=0x00000004
      401359000	     19966	8000307e	01ee9613	slli	x12,x29,0x1e	 x29:0x00000003 x12=0xc0000000
      401379000	     19967	80003082	8279	c.srli	x12,0x1e	 x12:0xc0000000 x12=0x00000003
      401399000	     19968	80003084	40ce05b3	sub	x11,x28,x12	 x28:0x00000004 x12:0x00000003 x11=0x00000001
      401459000	     19971	80003088	15fd	c.addi	x11,-1	 x11:0x00000001 x11=0x00000000
      401479000	     19972	8000308a	058e	c.slli	x11,0x3	 x11:0x00000000 x11=0x00000000
      401499000	     19973	8000308c	00bf9e33	sll	x28,x31,x11	 x31:0x0f0f0f0f x11:0x00000000 x28=0x0f0f0f0f
      401559000	     19976	80003090	060e	c.slli	x12,0x3	 x12:0x00000003 x12=0x00000018
      401579000	     19977	80003092	95b2	c.add	x11,x12	 x11:0x00000000 x12:0x00000018 x11=0x00000018
      401599000	     19978	80003094	00be5e33	srl	x28,x28,x11	 x28:0x0f0f0f0f x11:0x00000018 x28=0x0000000f
      401659000	     19981	80003098	01be1593	slli	x11,x28,0x1b	 x28:0x0000000f x11=0x78000000
      401679000	     19982	8000309c	81f9	c.srli	x11,0x1e	 x11:0x78000000 x11=0x00000001
      401699000	     19983	8000309e	c1b1	c.beqz	x11,800030e2	 x11:0x00000001
      401719000	     19984	800030a0	4605	c.li	x12,1	 x12=0x00000001
      401739000	     19985	800030a2	04c58163	beq	x11,x12,800030e4	 x11:0x00000001 x12:0x00000001
      401799000	     19988	800030e4	8676	c.mv	x12,x29	  x0:0x00000000 x29:0x00000003 x12=0x00000003
      401819000	     19989	800030e6	343025f3	csrrs	x11,mtval,x0	  x0:0x00000000 x11=0xf924b8a2
      401839000	     19990	800030ea	8189	c.srli	x11,0x2	 x11:0xf924b8a2 x11=0x3e492e28
      401859000	     19991	800030ec	e601	c.bnez	x12,800030f4	 x12:0x00000003
      401919000	     19994	800030f4	fd65e5e3	bltu	x11,x22,800030be	 x11:0x3e492e28 x22:0x28889515
      401939000	     19995	800030f8	fda5f3e3	bgeu	x11,x26,800030be	 x11:0x3e492e28 x26:0x2cccd959
      401979000	     19997	800030be	8676	c.mv	x12,x29	  x0:0x00000000 x29:0x00000003 x12=0x00000003
      401999000	     19998	800030c0	8b6a	c.mv	x22,x26	  x0:0x00000000 x26:0x2cccd959 x22=0x2cccd959
      402019000	     19999	800030c2	0605	c.addi	x12,1	 x12:0x00000003 x12=0x00000004
      402039000	     20000	800030c4	8eb2	c.mv	x29,x12	  x0:0x00000000 x12:0x00000004 x29=0x00000004
      402059000	     20001	800030c6	4d41	c.li	x26,16	 x26=0x00000010
      402079000	     20002	800030c8	01a65363	bge	x12,x26,800030ce	 x12:0x00000004 x26:0x00000010
      402099000	     20003	800030cc	b575	c.j	80002f78	
      402139000	     20005	80002f78	8676	c.mv	x12,x29	  x0:0x00000000 x29:0x00000004 x12=0x00000004
      402159000	     20006	80002f7a	85b2	c.mv	x11,x12	  x0:0x00000000 x12:0x00000004 x11=0x00000004
      402179000	     20007	80002f7c	4581	c.li	x11,0	 x11=0x00000000
      402199000	     20008	80002f7e	04b60f63	beq	x12,x11,80002fdc	 x12:0x00000004 x11:0x00000000
      402219000	     20009	80002f82	4585	c.li	x11,1	 x11=0x00000001
      402239000	     20010	80002f84	06b60163	beq	x12,x11,80002fe6	 x12:0x00000004 x11:0x00000001
      402259000	     20011	80002f88	4589	c.li	x11,2	 x11=0x00000002
      402279000	     20012	80002f8a	06b60363	beq	x12,x11,80002ff0	 x12:0x00000004 x11:0x00000002
      402299000	     20013	80002f8e	458d	c.li	x11,3	 x11=0x00000003
      402319000	     20014	80002f90	06b60563	beq	x12,x11,80002ffa	 x12:0x00000004 x11:0x00000003
      402339000	     20015	80002f94	4591	c.li	x11,4	 x11=0x00000004
      402359000	     20016	80002f96	06b60763	beq	x12,x11,80003004	 x12:0x00000004 x11:0x00000004
      402399000	     20018	80003004	3b402d73	csrrs	x26,pmpaddr4,x0	  x0:0x00000000 x26=0x31111d9e
      402419000	     20019	80003008	3a102ff3	csrrs	x31,pmpcfg1,x0	  x0:0x00000000 x31=0x0f0f0f0f
      402439000	     20020	8000300c	a885	c.j	8000307c	
      402499000	     20023	8000307c	4e11	c.li	x28,4	 x28=0x00000004
      402559000	     20026	8000307e	01ee9613	slli	x12,x29,0x1e	 x29:0x00000004 x12=0x00000000
      402579000	     20027	80003082	8279	c.srli	x12,0x1e	 x12:0x00000000 x12=0x00000000
      402599000	     20028	80003084	40ce05b3	sub	x11,x28,x12	 x28:0x00000004 x12:0x00000000 x11=0x00000004
      402659000	     20031	80003088	15fd	c.addi	x11,-1	 x11:0x00000004 x11=0x00000003
      402679000	     20032	8000308a	058e	c.slli	x11,0x3	 x11:0x00000003 x11=0x00000018
      402699000	     20033	8000308c	00bf9e33	sll	x28,x31,x11	 x31:0x0f0f0f0f x11:0x00000018 x28=0x0f000000
      402719000	     20034	80003090	060e	c.slli	x12,0x3	 x12:0x00000000 x12=0x00000000
      402739000	     20035	80003092	95b2	c.add	x11,x12	 x11:0x00000018 x12:0x00000000 x11=0x00000018
      402759000	     20036	80003094	00be5e33	srl	x28,x28,x11	 x28:0x0f000000 x11:0x00000018 x28=0x0000000f
      402779000	     20037	80003098	01be1593	slli	x11,x28,0x1b	 x28:0x0000000f x11=0x78000000
      402799000	     20038	8000309c	81f9	c.srli	x11,0x1e	 x11:0x78000000 x11=0x00000001
      402819000	     20039	8000309e	c1b1	c.beqz	x11,800030e2	 x11:0x00000001
      402839000	     20040	800030a0	4605	c.li	x12,1	 x12=0x00000001
      402859000	     20041	800030a2	04c58163	beq	x11,x12,800030e4	 x11:0x00000001 x12:0x00000001
      402919000	     20044	800030e4	8676	c.mv	x12,x29	  x0:0x00000000 x29:0x00000004 x12=0x00000004
      402939000	     20045	800030e6	343025f3	csrrs	x11,mtval,x0	  x0:0x00000000 x11=0xf924b8a2
      402959000	     20046	800030ea	8189	c.srli	x11,0x2	 x11:0xf924b8a2 x11=0x3e492e28
      402979000	     20047	800030ec	e601	c.bnez	x12,800030f4	 x12:0x00000004
      403039000	     20050	800030f4	fd65e5e3	bltu	x11,x22,800030be	 x11:0x3e492e28 x22:0x2cccd959
      403059000	     20051	800030f8	fda5f3e3	bgeu	x11,x26,800030be	 x11:0x3e492e28 x26:0x31111d9e
      403099000	     20053	800030be	8676	c.mv	x12,x29	  x0:0x00000000 x29:0x00000004 x12=0x00000004
      403119000	     20054	800030c0	8b6a	c.mv	x22,x26	  x0:0x00000000 x26:0x31111d9e x22=0x31111d9e
      403139000	     20055	800030c2	0605	c.addi	x12,1	 x12:0x00000004 x12=0x00000005
      403159000	     20056	800030c4	8eb2	c.mv	x29,x12	  x0:0x00000000 x12:0x00000005 x29=0x00000005
      403179000	     20057	800030c6	4d41	c.li	x26,16	 x26=0x00000010
      403199000	     20058	800030c8	01a65363	bge	x12,x26,800030ce	 x12:0x00000005 x26:0x00000010
      403219000	     20059	800030cc	b575	c.j	80002f78	
      403259000	     20061	80002f78	8676	c.mv	x12,x29	  x0:0x00000000 x29:0x00000005 x12=0x00000005
      403279000	     20062	80002f7a	85b2	c.mv	x11,x12	  x0:0x00000000 x12:0x00000005 x11=0x00000005
      403299000	     20063	80002f7c	4581	c.li	x11,0	 x11=0x00000000
      403319000	     20064	80002f7e	04b60f63	beq	x12,x11,80002fdc	 x12:0x00000005 x11:0x00000000
      403339000	     20065	80002f82	4585	c.li	x11,1	 x11=0x00000001
      403359000	     20066	80002f84	06b60163	beq	x12,x11,80002fe6	 x12:0x00000005 x11:0x00000001
      403379000	     20067	80002f88	4589	c.li	x11,2	 x11=0x00000002
      403399000	     20068	80002f8a	06b60363	beq	x12,x11,80002ff0	 x12:0x00000005 x11:0x00000002
      403419000	     20069	80002f8e	458d	c.li	x11,3	 x11=0x00000003
      403439000	     20070	80002f90	06b60563	beq	x12,x11,80002ffa	 x12:0x00000005 x11:0x00000003
      403459000	     20071	80002f94	4591	c.li	x11,4	 x11=0x00000004
      403479000	     20072	80002f96	06b60763	beq	x12,x11,80003004	 x12:0x00000005 x11:0x00000004
      403499000	     20073	80002f9a	4595	c.li	x11,5	 x11=0x00000005
      403519000	     20074	80002f9c	06b60963	beq	x12,x11,8000300e	 x12:0x00000005 x11:0x00000005
      403579000	     20077	8000300e	3b502d73	csrrs	x26,pmpaddr5,x0	  x0:0x00000000 x26=0x355561e2
      403599000	     20078	80003012	3a102ff3	csrrs	x31,pmpcfg1,x0	  x0:0x00000000 x31=0x0f0f0f0f
      403619000	     20079	80003016	a09d	c.j	8000307c	
      403659000	     20081	8000307c	4e11	c.li	x28,4	 x28=0x00000004
      403679000	     20082	8000307e	01ee9613	slli	x12,x29,0x1e	 x29:0x00000005 x12=0x40000000
      403699000	     20083	80003082	8279	c.srli	x12,0x1e	 x12:0x40000000 x12=0x00000001
      403719000	     20084	80003084	40ce05b3	sub	x11,x28,x12	 x28:0x00000004 x12:0x00000001 x11=0x00000003
      403779000	     20087	80003088	15fd	c.addi	x11,-1	 x11:0x00000003 x11=0x00000002
      403799000	     20088	8000308a	058e	c.slli	x11,0x3	 x11:0x00000002 x11=0x00000010
      403819000	     20089	8000308c	00bf9e33	sll	x28,x31,x11	 x31:0x0f0f0f0f x11:0x00000010 x28=0x0f0f0000
      403879000	     20092	80003090	060e	c.slli	x12,0x3	 x12:0x00000001 x12=0x00000008
      403899000	     20093	80003092	95b2	c.add	x11,x12	 x11:0x00000010 x12:0x00000008 x11=0x00000018
      403919000	     20094	80003094	00be5e33	srl	x28,x28,x11	 x28:0x0f0f0000 x11:0x00000018 x28=0x0000000f
      403959000	     20096	80003098	01be1593	slli	x11,x28,0x1b	 x28:0x0000000f x11=0x78000000
      403979000	     20097	8000309c	81f9	c.srli	x11,0x1e	 x11:0x78000000 x11=0x00000001
      403999000	     20098	8000309e	c1b1	c.beqz	x11,800030e2	 x11:0x00000001
      404019000	     20099	800030a0	4605	c.li	x12,1	 x12=0x00000001
      404039000	     20100	800030a2	04c58163	beq	x11,x12,800030e4	 x11:0x00000001 x12:0x00000001
      404099000	     20103	800030e4	8676	c.mv	x12,x29	  x0:0x00000000 x29:0x00000005 x12=0x00000005
      404119000	     20104	800030e6	343025f3	csrrs	x11,mtval,x0	  x0:0x00000000 x11=0xf924b8a2
      404139000	     20105	800030ea	8189	c.srli	x11,0x2	 x11:0xf924b8a2 x11=0x3e492e28
      404159000	     20106	800030ec	e601	c.bnez	x12,800030f4	 x12:0x00000005
      404219000	     20109	800030f4	fd65e5e3	bltu	x11,x22,800030be	 x11:0x3e492e28 x22:0x31111d9e
      404239000	     20110	800030f8	fda5f3e3	bgeu	x11,x26,800030be	 x11:0x3e492e28 x26:0x355561e2
      404279000	     20112	800030be	8676	c.mv	x12,x29	  x0:0x00000000 x29:0x00000005 x12=0x00000005
      404299000	     20113	800030c0	8b6a	c.mv	x22,x26	  x0:0x00000000 x26:0x355561e2 x22=0x355561e2
      404319000	     20114	800030c2	0605	c.addi	x12,1	 x12:0x00000005 x12=0x00000006
      404339000	     20115	800030c4	8eb2	c.mv	x29,x12	  x0:0x00000000 x12:0x00000006 x29=0x00000006
      404359000	     20116	800030c6	4d41	c.li	x26,16	 x26=0x00000010
      404399000	     20118	800030c8	01a65363	bge	x12,x26,800030ce	 x12:0x00000006 x26:0x00000010
      404419000	     20119	800030cc	b575	c.j	80002f78	
      404479000	     20122	80002f78	8676	c.mv	x12,x29	  x0:0x00000000 x29:0x00000006 x12=0x00000006
      404499000	     20123	80002f7a	85b2	c.mv	x11,x12	  x0:0x00000000 x12:0x00000006 x11=0x00000006
      404519000	     20124	80002f7c	4581	c.li	x11,0	 x11=0x00000000
      404579000	     20127	80002f7e	04b60f63	beq	x12,x11,80002fdc	 x12:0x00000006 x11:0x00000000
      404599000	     20128	80002f82	4585	c.li	x11,1	 x11=0x00000001
      404619000	     20129	80002f84	06b60163	beq	x12,x11,80002fe6	 x12:0x00000006 x11:0x00000001
      404639000	     20130	80002f88	4589	c.li	x11,2	 x11=0x00000002
      404659000	     20131	80002f8a	06b60363	beq	x12,x11,80002ff0	 x12:0x00000006 x11:0x00000002
      404679000	     20132	80002f8e	458d	c.li	x11,3	 x11=0x00000003
      404699000	     20133	80002f90	06b60563	beq	x12,x11,80002ffa	 x12:0x00000006 x11:0x00000003
      404719000	     20134	80002f94	4591	c.li	x11,4	 x11=0x00000004
      404739000	     20135	80002f96	06b60763	beq	x12,x11,80003004	 x12:0x00000006 x11:0x00000004
      404759000	     20136	80002f9a	4595	c.li	x11,5	 x11=0x00000005
      404779000	     20137	80002f9c	06b60963	beq	x12,x11,8000300e	 x12:0x00000006 x11:0x00000005
      404799000	     20138	80002fa0	4599	c.li	x11,6	 x11=0x00000006
      404819000	     20139	80002fa2	06b60b63	beq	x12,x11,80003018	 x12:0x00000006 x11:0x00000006
      404859000	     20141	80003018	3b602d73	csrrs	x26,pmpaddr6,x0	  x0:0x00000000 x26=0x3999a626
      404879000	     20142	8000301c	3a102ff3	csrrs	x31,pmpcfg1,x0	  x0:0x00000000 x31=0x0f0f0f0f
      405659000	     20181	80003020	a8b1	c.j	8000307c	
      405719000	     20184	8000307c	4e11	c.li	x28,4	 x28=0x00000004
      405779000	     20187	8000307e	01ee9613	slli	x12,x29,0x1e	 x29:0x00000006 x12=0x80000000
      405799000	     20188	80003082	8279	c.srli	x12,0x1e	 x12:0x80000000 x12=0x00000002
      405819000	     20189	80003084	40ce05b3	sub	x11,x28,x12	 x28:0x00000004 x12:0x00000002 x11=0x00000002
      405859000	     20191	80003088	15fd	c.addi	x11,-1	 x11:0x00000002 x11=0x00000001
      405879000	     20192	8000308a	058e	c.slli	x11,0x3	 x11:0x00000001 x11=0x00000008
      405899000	     20193	8000308c	00bf9e33	sll	x28,x31,x11	 x31:0x0f0f0f0f x11:0x00000008 x28=0x0f0f0f00
      405919000	     20194	80003090	060e	c.slli	x12,0x3	 x12:0x00000002 x12=0x00000010
      405939000	     20195	80003092	95b2	c.add	x11,x12	 x11:0x00000008 x12:0x00000010 x11=0x00000018
      405959000	     20196	80003094	00be5e33	srl	x28,x28,x11	 x28:0x0f0f0f00 x11:0x00000018 x28=0x0000000f
      405979000	     20197	80003098	01be1593	slli	x11,x28,0x1b	 x28:0x0000000f x11=0x78000000
      405999000	     20198	8000309c	81f9	c.srli	x11,0x1e	 x11:0x78000000 x11=0x00000001
      406019000	     20199	8000309e	c1b1	c.beqz	x11,800030e2	 x11:0x00000001
      406039000	     20200	800030a0	4605	c.li	x12,1	 x12=0x00000001
      406059000	     20201	800030a2	04c58163	beq	x11,x12,800030e4	 x11:0x00000001 x12:0x00000001
      406099000	     20203	800030e4	8676	c.mv	x12,x29	  x0:0x00000000 x29:0x00000006 x12=0x00000006
      406119000	     20204	800030e6	343025f3	csrrs	x11,mtval,x0	  x0:0x00000000 x11=0xf924b8a2
      406139000	     20205	800030ea	8189	c.srli	x11,0x2	 x11:0xf924b8a2 x11=0x3e492e28
      406159000	     20206	800030ec	e601	c.bnez	x12,800030f4	 x12:0x00000006
      406199000	     20208	800030f4	fd65e5e3	bltu	x11,x22,800030be	 x11:0x3e492e28 x22:0x355561e2
      406219000	     20209	800030f8	fda5f3e3	bgeu	x11,x26,800030be	 x11:0x3e492e28 x26:0x3999a626
      406259000	     20211	800030be	8676	c.mv	x12,x29	  x0:0x00000000 x29:0x00000006 x12=0x00000006
      406279000	     20212	800030c0	8b6a	c.mv	x22,x26	  x0:0x00000000 x26:0x3999a626 x22=0x3999a626
      406299000	     20213	800030c2	0605	c.addi	x12,1	 x12:0x00000006 x12=0x00000007
      406319000	     20214	800030c4	8eb2	c.mv	x29,x12	  x0:0x00000000 x12:0x00000007 x29=0x00000007
      406339000	     20215	800030c6	4d41	c.li	x26,16	 x26=0x00000010
      406359000	     20216	800030c8	01a65363	bge	x12,x26,800030ce	 x12:0x00000007 x26:0x00000010
      406379000	     20217	800030cc	b575	c.j	80002f78	
      406439000	     20220	80002f78	8676	c.mv	x12,x29	  x0:0x00000000 x29:0x00000007 x12=0x00000007
      406459000	     20221	80002f7a	85b2	c.mv	x11,x12	  x0:0x00000000 x12:0x00000007 x11=0x00000007
      406479000	     20222	80002f7c	4581	c.li	x11,0	 x11=0x00000000
      406499000	     20223	80002f7e	04b60f63	beq	x12,x11,80002fdc	 x12:0x00000007 x11:0x00000000
      406519000	     20224	80002f82	4585	c.li	x11,1	 x11=0x00000001
      406539000	     20225	80002f84	06b60163	beq	x12,x11,80002fe6	 x12:0x00000007 x11:0x00000001
      406559000	     20226	80002f88	4589	c.li	x11,2	 x11=0x00000002
      406579000	     20227	80002f8a	06b60363	beq	x12,x11,80002ff0	 x12:0x00000007 x11:0x00000002
      406599000	     20228	80002f8e	458d	c.li	x11,3	 x11=0x00000003
      406619000	     20229	80002f90	06b60563	beq	x12,x11,80002ffa	 x12:0x00000007 x11:0x00000003
      406639000	     20230	80002f94	4591	c.li	x11,4	 x11=0x00000004
      406659000	     20231	80002f96	06b60763	beq	x12,x11,80003004	 x12:0x00000007 x11:0x00000004
      406679000	     20232	80002f9a	4595	c.li	x11,5	 x11=0x00000005
      406699000	     20233	80002f9c	06b60963	beq	x12,x11,8000300e	 x12:0x00000007 x11:0x00000005
      406719000	     20234	80002fa0	4599	c.li	x11,6	 x11=0x00000006
      406739000	     20235	80002fa2	06b60b63	beq	x12,x11,80003018	 x12:0x00000007 x11:0x00000006
      406759000	     20236	80002fa6	459d	c.li	x11,7	 x11=0x00000007
      406779000	     20237	80002fa8	06b60d63	beq	x12,x11,80003022	 x12:0x00000007 x11:0x00000007
      406839000	     20240	80003022	3b702d73	csrrs	x26,pmpaddr7,x0	  x0:0x00000000 x26=0x3dddea6a
      406859000	     20241	80003026	3a102ff3	csrrs	x31,pmpcfg1,x0	  x0:0x00000000 x31=0x0f0f0f0f
      406879000	     20242	8000302a	a889	c.j	8000307c	
      406939000	     20245	8000307c	4e11	c.li	x28,4	 x28=0x00000004
      406959000	     20246	8000307e	01ee9613	slli	x12,x29,0x1e	 x29:0x00000007 x12=0xc0000000
      406979000	     20247	80003082	8279	c.srli	x12,0x1e	 x12:0xc0000000 x12=0x00000003
      406999000	     20248	80003084	40ce05b3	sub	x11,x28,x12	 x28:0x00000004 x12:0x00000003 x11=0x00000001
      407019000	     20249	80003088	15fd	c.addi	x11,-1	 x11:0x00000001 x11=0x00000000
      407039000	     20250	8000308a	058e	c.slli	x11,0x3	 x11:0x00000000 x11=0x00000000
      407059000	     20251	8000308c	00bf9e33	sll	x28,x31,x11	 x31:0x0f0f0f0f x11:0x00000000 x28=0x0f0f0f0f
      407079000	     20252	80003090	060e	c.slli	x12,0x3	 x12:0x00000003 x12=0x00000018
      407099000	     20253	80003092	95b2	c.add	x11,x12	 x11:0x00000000 x12:0x00000018 x11=0x00000018
      407119000	     20254	80003094	00be5e33	srl	x28,x28,x11	 x28:0x0f0f0f0f x11:0x00000018 x28=0x0000000f
      407139000	     20255	80003098	01be1593	slli	x11,x28,0x1b	 x28:0x0000000f x11=0x78000000
      407159000	     20256	8000309c	81f9	c.srli	x11,0x1e	 x11:0x78000000 x11=0x00000001
      407179000	     20257	8000309e	c1b1	c.beqz	x11,800030e2	 x11:0x00000001
      407199000	     20258	800030a0	4605	c.li	x12,1	 x12=0x00000001
      407219000	     20259	800030a2	04c58163	beq	x11,x12,800030e4	 x11:0x00000001 x12:0x00000001
      407279000	     20262	800030e4	8676	c.mv	x12,x29	  x0:0x00000000 x29:0x00000007 x12=0x00000007
      407299000	     20263	800030e6	343025f3	csrrs	x11,mtval,x0	  x0:0x00000000 x11=0xf924b8a2
      407319000	     20264	800030ea	8189	c.srli	x11,0x2	 x11:0xf924b8a2 x11=0x3e492e28
      407339000	     20265	800030ec	e601	c.bnez	x12,800030f4	 x12:0x00000007
      407399000	     20268	800030f4	fd65e5e3	bltu	x11,x22,800030be	 x11:0x3e492e28 x22:0x3999a626
      407419000	     20269	800030f8	fda5f3e3	bgeu	x11,x26,800030be	 x11:0x3e492e28 x26:0x3dddea6a
      407459000	     20271	800030be	8676	c.mv	x12,x29	  x0:0x00000000 x29:0x00000007 x12=0x00000007
      407479000	     20272	800030c0	8b6a	c.mv	x22,x26	  x0:0x00000000 x26:0x3dddea6a x22=0x3dddea6a
      407499000	     20273	800030c2	0605	c.addi	x12,1	 x12:0x00000007 x12=0x00000008
      407519000	     20274	800030c4	8eb2	c.mv	x29,x12	  x0:0x00000000 x12:0x00000008 x29=0x00000008
      407539000	     20275	800030c6	4d41	c.li	x26,16	 x26=0x00000010
      407559000	     20276	800030c8	01a65363	bge	x12,x26,800030ce	 x12:0x00000008 x26:0x00000010
      407579000	     20277	800030cc	b575	c.j	80002f78	
      407619000	     20279	80002f78	8676	c.mv	x12,x29	  x0:0x00000000 x29:0x00000008 x12=0x00000008
      407639000	     20280	80002f7a	85b2	c.mv	x11,x12	  x0:0x00000000 x12:0x00000008 x11=0x00000008
      407659000	     20281	80002f7c	4581	c.li	x11,0	 x11=0x00000000
      407679000	     20282	80002f7e	04b60f63	beq	x12,x11,80002fdc	 x12:0x00000008 x11:0x00000000
      407699000	     20283	80002f82	4585	c.li	x11,1	 x11=0x00000001
      407719000	     20284	80002f84	06b60163	beq	x12,x11,80002fe6	 x12:0x00000008 x11:0x00000001
      407739000	     20285	80002f88	4589	c.li	x11,2	 x11=0x00000002
      407759000	     20286	80002f8a	06b60363	beq	x12,x11,80002ff0	 x12:0x00000008 x11:0x00000002
      407779000	     20287	80002f8e	458d	c.li	x11,3	 x11=0x00000003
      407799000	     20288	80002f90	06b60563	beq	x12,x11,80002ffa	 x12:0x00000008 x11:0x00000003
      407819000	     20289	80002f94	4591	c.li	x11,4	 x11=0x00000004
      407839000	     20290	80002f96	06b60763	beq	x12,x11,80003004	 x12:0x00000008 x11:0x00000004
      407859000	     20291	80002f9a	4595	c.li	x11,5	 x11=0x00000005
      407879000	     20292	80002f9c	06b60963	beq	x12,x11,8000300e	 x12:0x00000008 x11:0x00000005
      407899000	     20293	80002fa0	4599	c.li	x11,6	 x11=0x00000006
      407919000	     20294	80002fa2	06b60b63	beq	x12,x11,80003018	 x12:0x00000008 x11:0x00000006
      407939000	     20295	80002fa6	459d	c.li	x11,7	 x11=0x00000007
      407959000	     20296	80002fa8	06b60d63	beq	x12,x11,80003022	 x12:0x00000008 x11:0x00000007
      407979000	     20297	80002fac	45a1	c.li	x11,8	 x11=0x00000008
      407999000	     20298	80002fae	06b60f63	beq	x12,x11,8000302c	 x12:0x00000008 x11:0x00000008
      408039000	     20300	8000302c	3b802d73	csrrs	x26,pmpaddr8,x0	  x0:0x00000000 x26=0x02222eaf
      408059000	     20301	80003030	3a202ff3	csrrs	x31,pmpcfg2,x0	  x0:0x00000000 x31=0x0f0f0f0f
      408079000	     20302	80003034	a0a1	c.j	8000307c	
      408119000	     20304	8000307c	4e11	c.li	x28,4	 x28=0x00000004
      408139000	     20305	8000307e	01ee9613	slli	x12,x29,0x1e	 x29:0x00000008 x12=0x00000000
      408159000	     20306	80003082	8279	c.srli	x12,0x1e	 x12:0x00000000 x12=0x00000000
      408179000	     20307	80003084	40ce05b3	sub	x11,x28,x12	 x28:0x00000004 x12:0x00000000 x11=0x00000004
      408199000	     20308	80003088	15fd	c.addi	x11,-1	 x11:0x00000004 x11=0x00000003
      408219000	     20309	8000308a	058e	c.slli	x11,0x3	 x11:0x00000003 x11=0x00000018
      408239000	     20310	8000308c	00bf9e33	sll	x28,x31,x11	 x31:0x0f0f0f0f x11:0x00000018 x28=0x0f000000
      408259000	     20311	80003090	060e	c.slli	x12,0x3	 x12:0x00000000 x12=0x00000000
      408279000	     20312	80003092	95b2	c.add	x11,x12	 x11:0x00000018 x12:0x00000000 x11=0x00000018
      408299000	     20313	80003094	00be5e33	srl	x28,x28,x11	 x28:0x0f000000 x11:0x00000018 x28=0x0000000f
      408319000	     20314	80003098	01be1593	slli	x11,x28,0x1b	 x28:0x0000000f x11=0x78000000
      408339000	     20315	8000309c	81f9	c.srli	x11,0x1e	 x11:0x78000000 x11=0x00000001
      408359000	     20316	8000309e	c1b1	c.beqz	x11,800030e2	 x11:0x00000001
      408379000	     20317	800030a0	4605	c.li	x12,1	 x12=0x00000001
      408399000	     20318	800030a2	04c58163	beq	x11,x12,800030e4	 x11:0x00000001 x12:0x00000001
      408439000	     20320	800030e4	8676	c.mv	x12,x29	  x0:0x00000000 x29:0x00000008 x12=0x00000008
      408459000	     20321	800030e6	343025f3	csrrs	x11,mtval,x0	  x0:0x00000000 x11=0xf924b8a2
      408479000	     20322	800030ea	8189	c.srli	x11,0x2	 x11:0xf924b8a2 x11=0x3e492e28
      408499000	     20323	800030ec	e601	c.bnez	x12,800030f4	 x12:0x00000008
      408539000	     20325	800030f4	fd65e5e3	bltu	x11,x22,800030be	 x11:0x3e492e28 x22:0x3dddea6a
      408559000	     20326	800030f8	fda5f3e3	bgeu	x11,x26,800030be	 x11:0x3e492e28 x26:0x02222eaf
      408619000	     20329	800030be	8676	c.mv	x12,x29	  x0:0x00000000 x29:0x00000008 x12=0x00000008
      408639000	     20330	800030c0	8b6a	c.mv	x22,x26	  x0:0x00000000 x26:0x02222eaf x22=0x02222eaf
      408659000	     20331	800030c2	0605	c.addi	x12,1	 x12:0x00000008 x12=0x00000009
      408679000	     20332	800030c4	8eb2	c.mv	x29,x12	  x0:0x00000000 x12:0x00000009 x29=0x00000009
      408699000	     20333	800030c6	4d41	c.li	x26,16	 x26=0x00000010
      408719000	     20334	800030c8	01a65363	bge	x12,x26,800030ce	 x12:0x00000009 x26:0x00000010
      408739000	     20335	800030cc	b575	c.j	80002f78	
      408799000	     20338	80002f78	8676	c.mv	x12,x29	  x0:0x00000000 x29:0x00000009 x12=0x00000009
      408819000	     20339	80002f7a	85b2	c.mv	x11,x12	  x0:0x00000000 x12:0x00000009 x11=0x00000009
      408839000	     20340	80002f7c	4581	c.li	x11,0	 x11=0x00000000
      408859000	     20341	80002f7e	04b60f63	beq	x12,x11,80002fdc	 x12:0x00000009 x11:0x00000000
      408879000	     20342	80002f82	4585	c.li	x11,1	 x11=0x00000001
      408899000	     20343	80002f84	06b60163	beq	x12,x11,80002fe6	 x12:0x00000009 x11:0x00000001
      408919000	     20344	80002f88	4589	c.li	x11,2	 x11=0x00000002
      408939000	     20345	80002f8a	06b60363	beq	x12,x11,80002ff0	 x12:0x00000009 x11:0x00000002
      408959000	     20346	80002f8e	458d	c.li	x11,3	 x11=0x00000003
      408979000	     20347	80002f90	06b60563	beq	x12,x11,80002ffa	 x12:0x00000009 x11:0x00000003
      408999000	     20348	80002f94	4591	c.li	x11,4	 x11=0x00000004
      409019000	     20349	80002f96	06b60763	beq	x12,x11,80003004	 x12:0x00000009 x11:0x00000004
      409039000	     20350	80002f9a	4595	c.li	x11,5	 x11=0x00000005
      409059000	     20351	80002f9c	06b60963	beq	x12,x11,8000300e	 x12:0x00000009 x11:0x00000005
      409079000	     20352	80002fa0	4599	c.li	x11,6	 x11=0x00000006
      409099000	     20353	80002fa2	06b60b63	beq	x12,x11,80003018	 x12:0x00000009 x11:0x00000006
      409119000	     20354	80002fa6	459d	c.li	x11,7	 x11=0x00000007
      409139000	     20355	80002fa8	06b60d63	beq	x12,x11,80003022	 x12:0x00000009 x11:0x00000007
      409159000	     20356	80002fac	45a1	c.li	x11,8	 x11=0x00000008
      409179000	     20357	80002fae	06b60f63	beq	x12,x11,8000302c	 x12:0x00000009 x11:0x00000008
      409199000	     20358	80002fb2	45a5	c.li	x11,9	 x11=0x00000009
      409219000	     20359	80002fb4	08b60163	beq	x12,x11,80003036	 x12:0x00000009 x11:0x00000009
      409279000	     20362	80003036	3b902d73	csrrs	x26,pmpaddr9,x0	  x0:0x00000000 x26=0x066672f3
      409299000	     20363	8000303a	3a202ff3	csrrs	x31,pmpcfg2,x0	  x0:0x00000000 x31=0x0f0f0f0f
      409319000	     20364	8000303e	a83d	c.j	8000307c	
      409359000	     20366	8000307c	4e11	c.li	x28,4	 x28=0x00000004
      409419000	     20369	8000307e	01ee9613	slli	x12,x29,0x1e	 x29:0x00000009 x12=0x40000000
      409439000	     20370	80003082	8279	c.srli	x12,0x1e	 x12:0x40000000 x12=0x00000001
      409459000	     20371	80003084	40ce05b3	sub	x11,x28,x12	 x28:0x00000004 x12:0x00000001 x11=0x00000003
      409519000	     20374	80003088	15fd	c.addi	x11,-1	 x11:0x00000003 x11=0x00000002
      409539000	     20375	8000308a	058e	c.slli	x11,0x3	 x11:0x00000002 x11=0x00000010
      409559000	     20376	8000308c	00bf9e33	sll	x28,x31,x11	 x31:0x0f0f0f0f x11:0x00000010 x28=0x0f0f0000
      409579000	     20377	80003090	060e	c.slli	x12,0x3	 x12:0x00000001 x12=0x00000008
      409599000	     20378	80003092	95b2	c.add	x11,x12	 x11:0x00000010 x12:0x00000008 x11=0x00000018
      409619000	     20379	80003094	00be5e33	srl	x28,x28,x11	 x28:0x0f0f0000 x11:0x00000018 x28=0x0000000f
      409639000	     20380	80003098	01be1593	slli	x11,x28,0x1b	 x28:0x0000000f x11=0x78000000
      409659000	     20381	8000309c	81f9	c.srli	x11,0x1e	 x11:0x78000000 x11=0x00000001
      409679000	     20382	8000309e	c1b1	c.beqz	x11,800030e2	 x11:0x00000001
      409699000	     20383	800030a0	4605	c.li	x12,1	 x12=0x00000001
      409719000	     20384	800030a2	04c58163	beq	x11,x12,800030e4	 x11:0x00000001 x12:0x00000001
      409779000	     20387	800030e4	8676	c.mv	x12,x29	  x0:0x00000000 x29:0x00000009 x12=0x00000009
      409799000	     20388	800030e6	343025f3	csrrs	x11,mtval,x0	  x0:0x00000000 x11=0xf924b8a2
      409819000	     20389	800030ea	8189	c.srli	x11,0x2	 x11:0xf924b8a2 x11=0x3e492e28
      409839000	     20390	800030ec	e601	c.bnez	x12,800030f4	 x12:0x00000009
      409899000	     20393	800030f4	fd65e5e3	bltu	x11,x22,800030be	 x11:0x3e492e28 x22:0x02222eaf
      409919000	     20394	800030f8	fda5f3e3	bgeu	x11,x26,800030be	 x11:0x3e492e28 x26:0x066672f3
      409959000	     20396	800030be	8676	c.mv	x12,x29	  x0:0x00000000 x29:0x00000009 x12=0x00000009
      409979000	     20397	800030c0	8b6a	c.mv	x22,x26	  x0:0x00000000 x26:0x066672f3 x22=0x066672f3
      409999000	     20398	800030c2	0605	c.addi	x12,1	 x12:0x00000009 x12=0x0000000a
      410019000	     20399	800030c4	8eb2	c.mv	x29,x12	  x0:0x00000000 x12:0x0000000a x29=0x0000000a
      410039000	     20400	800030c6	4d41	c.li	x26,16	 x26=0x00000010
      410059000	     20401	800030c8	01a65363	bge	x12,x26,800030ce	 x12:0x0000000a x26:0x00000010
      410079000	     20402	800030cc	b575	c.j	80002f78	
      410139000	     20405	80002f78	8676	c.mv	x12,x29	  x0:0x00000000 x29:0x0000000a x12=0x0000000a
      410159000	     20406	80002f7a	85b2	c.mv	x11,x12	  x0:0x00000000 x12:0x0000000a x11=0x0000000a
      410179000	     20407	80002f7c	4581	c.li	x11,0	 x11=0x00000000
      410199000	     20408	80002f7e	04b60f63	beq	x12,x11,80002fdc	 x12:0x0000000a x11:0x00000000
      410219000	     20409	80002f82	4585	c.li	x11,1	 x11=0x00000001
      410239000	     20410	80002f84	06b60163	beq	x12,x11,80002fe6	 x12:0x0000000a x11:0x00000001
      410259000	     20411	80002f88	4589	c.li	x11,2	 x11=0x00000002
      410279000	     20412	80002f8a	06b60363	beq	x12,x11,80002ff0	 x12:0x0000000a x11:0x00000002
      410299000	     20413	80002f8e	458d	c.li	x11,3	 x11=0x00000003
      410319000	     20414	80002f90	06b60563	beq	x12,x11,80002ffa	 x12:0x0000000a x11:0x00000003
      410339000	     20415	80002f94	4591	c.li	x11,4	 x11=0x00000004
      410359000	     20416	80002f96	06b60763	beq	x12,x11,80003004	 x12:0x0000000a x11:0x00000004
      410379000	     20417	80002f9a	4595	c.li	x11,5	 x11=0x00000005
      410399000	     20418	80002f9c	06b60963	beq	x12,x11,8000300e	 x12:0x0000000a x11:0x00000005
      410419000	     20419	80002fa0	4599	c.li	x11,6	 x11=0x00000006
      410439000	     20420	80002fa2	06b60b63	beq	x12,x11,80003018	 x12:0x0000000a x11:0x00000006
      410459000	     20421	80002fa6	459d	c.li	x11,7	 x11=0x00000007
      410479000	     20422	80002fa8	06b60d63	beq	x12,x11,80003022	 x12:0x0000000a x11:0x00000007
      410499000	     20423	80002fac	45a1	c.li	x11,8	 x11=0x00000008
      410519000	     20424	80002fae	06b60f63	beq	x12,x11,8000302c	 x12:0x0000000a x11:0x00000008
      410539000	     20425	80002fb2	45a5	c.li	x11,9	 x11=0x00000009
      410559000	     20426	80002fb4	08b60163	beq	x12,x11,80003036	 x12:0x0000000a x11:0x00000009
      410579000	     20427	80002fb8	45a9	c.li	x11,10	 x11=0x0000000a
      410599000	     20428	80002fba	08b60363	beq	x12,x11,80003040	 x12:0x0000000a x11:0x0000000a
      410639000	     20430	80003040	3ba02d73	csrrs	x26,pmpaddr10,x0	  x0:0x00000000 x26=0x0aaab737
      410659000	     20431	80003044	3a202ff3	csrrs	x31,pmpcfg2,x0	  x0:0x00000000 x31=0x0f0f0f0f
      410679000	     20432	80003048	a815	c.j	8000307c	
      410719000	     20434	8000307c	4e11	c.li	x28,4	 x28=0x00000004
      410739000	     20435	8000307e	01ee9613	slli	x12,x29,0x1e	 x29:0x0000000a x12=0x80000000
      410759000	     20436	80003082	8279	c.srli	x12,0x1e	 x12:0x80000000 x12=0x00000002
      410779000	     20437	80003084	40ce05b3	sub	x11,x28,x12	 x28:0x00000004 x12:0x00000002 x11=0x00000002
      410799000	     20438	80003088	15fd	c.addi	x11,-1	 x11:0x00000002 x11=0x00000001
      410819000	     20439	8000308a	058e	c.slli	x11,0x3	 x11:0x00000001 x11=0x00000008
      410839000	     20440	8000308c	00bf9e33	sll	x28,x31,x11	 x31:0x0f0f0f0f x11:0x00000008 x28=0x0f0f0f00
      410859000	     20441	80003090	060e	c.slli	x12,0x3	 x12:0x00000002 x12=0x00000010
      410879000	     20442	80003092	95b2	c.add	x11,x12	 x11:0x00000008 x12:0x00000010 x11=0x00000018
      410899000	     20443	80003094	00be5e33	srl	x28,x28,x11	 x28:0x0f0f0f00 x11:0x00000018 x28=0x0000000f
      410919000	     20444	80003098	01be1593	slli	x11,x28,0x1b	 x28:0x0000000f x11=0x78000000
      410939000	     20445	8000309c	81f9	c.srli	x11,0x1e	 x11:0x78000000 x11=0x00000001
      410959000	     20446	8000309e	c1b1	c.beqz	x11,800030e2	 x11:0x00000001
      410979000	     20447	800030a0	4605	c.li	x12,1	 x12=0x00000001
      410999000	     20448	800030a2	04c58163	beq	x11,x12,800030e4	 x11:0x00000001 x12:0x00000001
      411059000	     20451	800030e4	8676	c.mv	x12,x29	  x0:0x00000000 x29:0x0000000a x12=0x0000000a
      411079000	     20452	800030e6	343025f3	csrrs	x11,mtval,x0	  x0:0x00000000 x11=0xf924b8a2
      411099000	     20453	800030ea	8189	c.srli	x11,0x2	 x11:0xf924b8a2 x11=0x3e492e28
      411119000	     20454	800030ec	e601	c.bnez	x12,800030f4	 x12:0x0000000a
      411159000	     20456	800030f4	fd65e5e3	bltu	x11,x22,800030be	 x11:0x3e492e28 x22:0x066672f3
      411179000	     20457	800030f8	fda5f3e3	bgeu	x11,x26,800030be	 x11:0x3e492e28 x26:0x0aaab737
      411219000	     20459	800030be	8676	c.mv	x12,x29	  x0:0x00000000 x29:0x0000000a x12=0x0000000a
      411239000	     20460	800030c0	8b6a	c.mv	x22,x26	  x0:0x00000000 x26:0x0aaab737 x22=0x0aaab737
      411259000	     20461	800030c2	0605	c.addi	x12,1	 x12:0x0000000a x12=0x0000000b
      411279000	     20462	800030c4	8eb2	c.mv	x29,x12	  x0:0x00000000 x12:0x0000000b x29=0x0000000b
      411299000	     20463	800030c6	4d41	c.li	x26,16	 x26=0x00000010
      411319000	     20464	800030c8	01a65363	bge	x12,x26,800030ce	 x12:0x0000000b x26:0x00000010
      411339000	     20465	800030cc	b575	c.j	80002f78	
      411379000	     20467	80002f78	8676	c.mv	x12,x29	  x0:0x00000000 x29:0x0000000b x12=0x0000000b
      411399000	     20468	80002f7a	85b2	c.mv	x11,x12	  x0:0x00000000 x12:0x0000000b x11=0x0000000b
      411419000	     20469	80002f7c	4581	c.li	x11,0	 x11=0x00000000
      411439000	     20470	80002f7e	04b60f63	beq	x12,x11,80002fdc	 x12:0x0000000b x11:0x00000000
      411459000	     20471	80002f82	4585	c.li	x11,1	 x11=0x00000001
      411479000	     20472	80002f84	06b60163	beq	x12,x11,80002fe6	 x12:0x0000000b x11:0x00000001
      411499000	     20473	80002f88	4589	c.li	x11,2	 x11=0x00000002
      411519000	     20474	80002f8a	06b60363	beq	x12,x11,80002ff0	 x12:0x0000000b x11:0x00000002
      411539000	     20475	80002f8e	458d	c.li	x11,3	 x11=0x00000003
      411559000	     20476	80002f90	06b60563	beq	x12,x11,80002ffa	 x12:0x0000000b x11:0x00000003
      411579000	     20477	80002f94	4591	c.li	x11,4	 x11=0x00000004
      411599000	     20478	80002f96	06b60763	beq	x12,x11,80003004	 x12:0x0000000b x11:0x00000004
      411619000	     20479	80002f9a	4595	c.li	x11,5	 x11=0x00000005
      411639000	     20480	80002f9c	06b60963	beq	x12,x11,8000300e	 x12:0x0000000b x11:0x00000005
      411659000	     20481	80002fa0	4599	c.li	x11,6	 x11=0x00000006
      411679000	     20482	80002fa2	06b60b63	beq	x12,x11,80003018	 x12:0x0000000b x11:0x00000006
      411699000	     20483	80002fa6	459d	c.li	x11,7	 x11=0x00000007
      411719000	     20484	80002fa8	06b60d63	beq	x12,x11,80003022	 x12:0x0000000b x11:0x00000007
      411739000	     20485	80002fac	45a1	c.li	x11,8	 x11=0x00000008
      411759000	     20486	80002fae	06b60f63	beq	x12,x11,8000302c	 x12:0x0000000b x11:0x00000008
      411779000	     20487	80002fb2	45a5	c.li	x11,9	 x11=0x00000009
      411799000	     20488	80002fb4	08b60163	beq	x12,x11,80003036	 x12:0x0000000b x11:0x00000009
      411819000	     20489	80002fb8	45a9	c.li	x11,10	 x11=0x0000000a
      411839000	     20490	80002fba	08b60363	beq	x12,x11,80003040	 x12:0x0000000b x11:0x0000000a
      411859000	     20491	80002fbe	45ad	c.li	x11,11	 x11=0x0000000b
      411879000	     20492	80002fc0	08b60563	beq	x12,x11,8000304a	 x12:0x0000000b x11:0x0000000b
      411939000	     20495	8000304a	3bb02d73	csrrs	x26,pmpaddr11,x0	  x0:0x00000000 x26=0x0eeefb7b
      411959000	     20496	8000304e	3a202ff3	csrrs	x31,pmpcfg2,x0	  x0:0x00000000 x31=0x0f0f0f0f
      411979000	     20497	80003052	a02d	c.j	8000307c	
      412039000	     20500	8000307c	4e11	c.li	x28,4	 x28=0x00000004
      412099000	     20503	8000307e	01ee9613	slli	x12,x29,0x1e	 x29:0x0000000b x12=0xc0000000
      412119000	     20504	80003082	8279	c.srli	x12,0x1e	 x12:0xc0000000 x12=0x00000003
      412139000	     20505	80003084	40ce05b3	sub	x11,x28,x12	 x28:0x00000004 x12:0x00000003 x11=0x00000001
      412159000	     20506	80003088	15fd	c.addi	x11,-1	 x11:0x00000001 x11=0x00000000
      412179000	     20507	8000308a	058e	c.slli	x11,0x3	 x11:0x00000000 x11=0x00000000
      412199000	     20508	8000308c	00bf9e33	sll	x28,x31,x11	 x31:0x0f0f0f0f x11:0x00000000 x28=0x0f0f0f0f
      412219000	     20509	80003090	060e	c.slli	x12,0x3	 x12:0x00000003 x12=0x00000018
      412239000	     20510	80003092	95b2	c.add	x11,x12	 x11:0x00000000 x12:0x00000018 x11=0x00000018
      412259000	     20511	80003094	00be5e33	srl	x28,x28,x11	 x28:0x0f0f0f0f x11:0x00000018 x28=0x0000000f
      412279000	     20512	80003098	01be1593	slli	x11,x28,0x1b	 x28:0x0000000f x11=0x78000000
      412299000	     20513	8000309c	81f9	c.srli	x11,0x1e	 x11:0x78000000 x11=0x00000001
      412319000	     20514	8000309e	c1b1	c.beqz	x11,800030e2	 x11:0x00000001
      412339000	     20515	800030a0	4605	c.li	x12,1	 x12=0x00000001
      412359000	     20516	800030a2	04c58163	beq	x11,x12,800030e4	 x11:0x00000001 x12:0x00000001
      412419000	     20519	800030e4	8676	c.mv	x12,x29	  x0:0x00000000 x29:0x0000000b x12=0x0000000b
      412439000	     20520	800030e6	343025f3	csrrs	x11,mtval,x0	  x0:0x00000000 x11=0xf924b8a2
      412459000	     20521	800030ea	8189	c.srli	x11,0x2	 x11:0xf924b8a2 x11=0x3e492e28
      412479000	     20522	800030ec	e601	c.bnez	x12,800030f4	 x12:0x0000000b
      412539000	     20525	800030f4	fd65e5e3	bltu	x11,x22,800030be	 x11:0x3e492e28 x22:0x0aaab737
      412559000	     20526	800030f8	fda5f3e3	bgeu	x11,x26,800030be	 x11:0x3e492e28 x26:0x0eeefb7b
      412599000	     20528	800030be	8676	c.mv	x12,x29	  x0:0x00000000 x29:0x0000000b x12=0x0000000b
      412619000	     20529	800030c0	8b6a	c.mv	x22,x26	  x0:0x00000000 x26:0x0eeefb7b x22=0x0eeefb7b
      412639000	     20530	800030c2	0605	c.addi	x12,1	 x12:0x0000000b x12=0x0000000c
      412659000	     20531	800030c4	8eb2	c.mv	x29,x12	  x0:0x00000000 x12:0x0000000c x29=0x0000000c
      412679000	     20532	800030c6	4d41	c.li	x26,16	 x26=0x00000010
      412699000	     20533	800030c8	01a65363	bge	x12,x26,800030ce	 x12:0x0000000c x26:0x00000010
      412719000	     20534	800030cc	b575	c.j	80002f78	
      412759000	     20536	80002f78	8676	c.mv	x12,x29	  x0:0x00000000 x29:0x0000000c x12=0x0000000c
      412779000	     20537	80002f7a	85b2	c.mv	x11,x12	  x0:0x00000000 x12:0x0000000c x11=0x0000000c
      412799000	     20538	80002f7c	4581	c.li	x11,0	 x11=0x00000000
      412819000	     20539	80002f7e	04b60f63	beq	x12,x11,80002fdc	 x12:0x0000000c x11:0x00000000
      412839000	     20540	80002f82	4585	c.li	x11,1	 x11=0x00000001
      412859000	     20541	80002f84	06b60163	beq	x12,x11,80002fe6	 x12:0x0000000c x11:0x00000001
      412879000	     20542	80002f88	4589	c.li	x11,2	 x11=0x00000002
      412899000	     20543	80002f8a	06b60363	beq	x12,x11,80002ff0	 x12:0x0000000c x11:0x00000002
      412919000	     20544	80002f8e	458d	c.li	x11,3	 x11=0x00000003
      412939000	     20545	80002f90	06b60563	beq	x12,x11,80002ffa	 x12:0x0000000c x11:0x00000003
      412959000	     20546	80002f94	4591	c.li	x11,4	 x11=0x00000004
      412979000	     20547	80002f96	06b60763	beq	x12,x11,80003004	 x12:0x0000000c x11:0x00000004
      412999000	     20548	80002f9a	4595	c.li	x11,5	 x11=0x00000005
      413019000	     20549	80002f9c	06b60963	beq	x12,x11,8000300e	 x12:0x0000000c x11:0x00000005
      413039000	     20550	80002fa0	4599	c.li	x11,6	 x11=0x00000006
      413059000	     20551	80002fa2	06b60b63	beq	x12,x11,80003018	 x12:0x0000000c x11:0x00000006
      413079000	     20552	80002fa6	459d	c.li	x11,7	 x11=0x00000007
      413099000	     20553	80002fa8	06b60d63	beq	x12,x11,80003022	 x12:0x0000000c x11:0x00000007
      413119000	     20554	80002fac	45a1	c.li	x11,8	 x11=0x00000008
      413139000	     20555	80002fae	06b60f63	beq	x12,x11,8000302c	 x12:0x0000000c x11:0x00000008
      413159000	     20556	80002fb2	45a5	c.li	x11,9	 x11=0x00000009
      413179000	     20557	80002fb4	08b60163	beq	x12,x11,80003036	 x12:0x0000000c x11:0x00000009
      413199000	     20558	80002fb8	45a9	c.li	x11,10	 x11=0x0000000a
      413219000	     20559	80002fba	08b60363	beq	x12,x11,80003040	 x12:0x0000000c x11:0x0000000a
      413239000	     20560	80002fbe	45ad	c.li	x11,11	 x11=0x0000000b
      413259000	     20561	80002fc0	08b60563	beq	x12,x11,8000304a	 x12:0x0000000c x11:0x0000000b
      413279000	     20562	80002fc4	45b1	c.li	x11,12	 x11=0x0000000c
      413299000	     20563	80002fc6	08b60763	beq	x12,x11,80003054	 x12:0x0000000c x11:0x0000000c
      413339000	     20565	80003054	3bc02d73	csrrs	x26,pmpaddr12,x0	  x0:0x00000000 x26=0x13333fc0
      413359000	     20566	80003058	3a302ff3	csrrs	x31,pmpcfg3,x0	  x0:0x00000000 x31=0x0f0f0f0f
      413379000	     20567	8000305c	a005	c.j	8000307c	
      413419000	     20569	8000307c	4e11	c.li	x28,4	 x28=0x00000004
      413439000	     20570	8000307e	01ee9613	slli	x12,x29,0x1e	 x29:0x0000000c x12=0x00000000
      413459000	     20571	80003082	8279	c.srli	x12,0x1e	 x12:0x00000000 x12=0x00000000
      413479000	     20572	80003084	40ce05b3	sub	x11,x28,x12	 x28:0x00000004 x12:0x00000000 x11=0x00000004
      413499000	     20573	80003088	15fd	c.addi	x11,-1	 x11:0x00000004 x11=0x00000003
      413519000	     20574	8000308a	058e	c.slli	x11,0x3	 x11:0x00000003 x11=0x00000018
      413539000	     20575	8000308c	00bf9e33	sll	x28,x31,x11	 x31:0x0f0f0f0f x11:0x00000018 x28=0x0f000000
      413559000	     20576	80003090	060e	c.slli	x12,0x3	 x12:0x00000000 x12=0x00000000
      413579000	     20577	80003092	95b2	c.add	x11,x12	 x11:0x00000018 x12:0x00000000 x11=0x00000018
      413599000	     20578	80003094	00be5e33	srl	x28,x28,x11	 x28:0x0f000000 x11:0x00000018 x28=0x0000000f
      413619000	     20579	80003098	01be1593	slli	x11,x28,0x1b	 x28:0x0000000f x11=0x78000000
      413639000	     20580	8000309c	81f9	c.srli	x11,0x1e	 x11:0x78000000 x11=0x00000001
      413659000	     20581	8000309e	c1b1	c.beqz	x11,800030e2	 x11:0x00000001
      413679000	     20582	800030a0	4605	c.li	x12,1	 x12=0x00000001
      413699000	     20583	800030a2	04c58163	beq	x11,x12,800030e4	 x11:0x00000001 x12:0x00000001
      413739000	     20585	800030e4	8676	c.mv	x12,x29	  x0:0x00000000 x29:0x0000000c x12=0x0000000c
      413759000	     20586	800030e6	343025f3	csrrs	x11,mtval,x0	  x0:0x00000000 x11=0xf924b8a2
      413779000	     20587	800030ea	8189	c.srli	x11,0x2	 x11:0xf924b8a2 x11=0x3e492e28
      413799000	     20588	800030ec	e601	c.bnez	x12,800030f4	 x12:0x0000000c
      413839000	     20590	800030f4	fd65e5e3	bltu	x11,x22,800030be	 x11:0x3e492e28 x22:0x0eeefb7b
      413859000	     20591	800030f8	fda5f3e3	bgeu	x11,x26,800030be	 x11:0x3e492e28 x26:0x13333fc0
      413899000	     20593	800030be	8676	c.mv	x12,x29	  x0:0x00000000 x29:0x0000000c x12=0x0000000c
      413919000	     20594	800030c0	8b6a	c.mv	x22,x26	  x0:0x00000000 x26:0x13333fc0 x22=0x13333fc0
      413939000	     20595	800030c2	0605	c.addi	x12,1	 x12:0x0000000c x12=0x0000000d
      413959000	     20596	800030c4	8eb2	c.mv	x29,x12	  x0:0x00000000 x12:0x0000000d x29=0x0000000d
      413979000	     20597	800030c6	4d41	c.li	x26,16	 x26=0x00000010
      413999000	     20598	800030c8	01a65363	bge	x12,x26,800030ce	 x12:0x0000000d x26:0x00000010
      414019000	     20599	800030cc	b575	c.j	80002f78	
      414059000	     20601	80002f78	8676	c.mv	x12,x29	  x0:0x00000000 x29:0x0000000d x12=0x0000000d
      414079000	     20602	80002f7a	85b2	c.mv	x11,x12	  x0:0x00000000 x12:0x0000000d x11=0x0000000d
      414099000	     20603	80002f7c	4581	c.li	x11,0	 x11=0x00000000
      414119000	     20604	80002f7e	04b60f63	beq	x12,x11,80002fdc	 x12:0x0000000d x11:0x00000000
      414139000	     20605	80002f82	4585	c.li	x11,1	 x11=0x00000001
      414159000	     20606	80002f84	06b60163	beq	x12,x11,80002fe6	 x12:0x0000000d x11:0x00000001
      414179000	     20607	80002f88	4589	c.li	x11,2	 x11=0x00000002
      414199000	     20608	80002f8a	06b60363	beq	x12,x11,80002ff0	 x12:0x0000000d x11:0x00000002
      414219000	     20609	80002f8e	458d	c.li	x11,3	 x11=0x00000003
      414239000	     20610	80002f90	06b60563	beq	x12,x11,80002ffa	 x12:0x0000000d x11:0x00000003
      414259000	     20611	80002f94	4591	c.li	x11,4	 x11=0x00000004
      414279000	     20612	80002f96	06b60763	beq	x12,x11,80003004	 x12:0x0000000d x11:0x00000004
      414299000	     20613	80002f9a	4595	c.li	x11,5	 x11=0x00000005
      414319000	     20614	80002f9c	06b60963	beq	x12,x11,8000300e	 x12:0x0000000d x11:0x00000005
      414339000	     20615	80002fa0	4599	c.li	x11,6	 x11=0x00000006
      414359000	     20616	80002fa2	06b60b63	beq	x12,x11,80003018	 x12:0x0000000d x11:0x00000006
      414379000	     20617	80002fa6	459d	c.li	x11,7	 x11=0x00000007
      414399000	     20618	80002fa8	06b60d63	beq	x12,x11,80003022	 x12:0x0000000d x11:0x00000007
      414419000	     20619	80002fac	45a1	c.li	x11,8	 x11=0x00000008
      414439000	     20620	80002fae	06b60f63	beq	x12,x11,8000302c	 x12:0x0000000d x11:0x00000008
      414459000	     20621	80002fb2	45a5	c.li	x11,9	 x11=0x00000009
      414479000	     20622	80002fb4	08b60163	beq	x12,x11,80003036	 x12:0x0000000d x11:0x00000009
      414499000	     20623	80002fb8	45a9	c.li	x11,10	 x11=0x0000000a
      414519000	     20624	80002fba	08b60363	beq	x12,x11,80003040	 x12:0x0000000d x11:0x0000000a
      414539000	     20625	80002fbe	45ad	c.li	x11,11	 x11=0x0000000b
      414559000	     20626	80002fc0	08b60563	beq	x12,x11,8000304a	 x12:0x0000000d x11:0x0000000b
      414579000	     20627	80002fc4	45b1	c.li	x11,12	 x11=0x0000000c
      414599000	     20628	80002fc6	08b60763	beq	x12,x11,80003054	 x12:0x0000000d x11:0x0000000c
      414619000	     20629	80002fca	45b5	c.li	x11,13	 x11=0x0000000d
      414639000	     20630	80002fcc	08b60963	beq	x12,x11,8000305e	 x12:0x0000000d x11:0x0000000d
      414699000	     20633	8000305e	3bd02d73	csrrs	x26,pmpaddr13,x0	  x0:0x00000000 x26=0x17778404
      414719000	     20634	80003062	3a302ff3	csrrs	x31,pmpcfg3,x0	  x0:0x00000000 x31=0x0f0f0f0f
      414739000	     20635	80003066	a819	c.j	8000307c	
      414779000	     20637	8000307c	4e11	c.li	x28,4	 x28=0x00000004
      414799000	     20638	8000307e	01ee9613	slli	x12,x29,0x1e	 x29:0x0000000d x12=0x40000000
      414819000	     20639	80003082	8279	c.srli	x12,0x1e	 x12:0x40000000 x12=0x00000001
      414839000	     20640	80003084	40ce05b3	sub	x11,x28,x12	 x28:0x00000004 x12:0x00000001 x11=0x00000003
      414859000	     20641	80003088	15fd	c.addi	x11,-1	 x11:0x00000003 x11=0x00000002
      414879000	     20642	8000308a	058e	c.slli	x11,0x3	 x11:0x00000002 x11=0x00000010
      414899000	     20643	8000308c	00bf9e33	sll	x28,x31,x11	 x31:0x0f0f0f0f x11:0x00000010 x28=0x0f0f0000
      414919000	     20644	80003090	060e	c.slli	x12,0x3	 x12:0x00000001 x12=0x00000008
      414939000	     20645	80003092	95b2	c.add	x11,x12	 x11:0x00000010 x12:0x00000008 x11=0x00000018
      414959000	     20646	80003094	00be5e33	srl	x28,x28,x11	 x28:0x0f0f0000 x11:0x00000018 x28=0x0000000f
      414979000	     20647	80003098	01be1593	slli	x11,x28,0x1b	 x28:0x0000000f x11=0x78000000
      414999000	     20648	8000309c	81f9	c.srli	x11,0x1e	 x11:0x78000000 x11=0x00000001
      415019000	     20649	8000309e	c1b1	c.beqz	x11,800030e2	 x11:0x00000001
      415039000	     20650	800030a0	4605	c.li	x12,1	 x12=0x00000001
      415059000	     20651	800030a2	04c58163	beq	x11,x12,800030e4	 x11:0x00000001 x12:0x00000001
      415119000	     20654	800030e4	8676	c.mv	x12,x29	  x0:0x00000000 x29:0x0000000d x12=0x0000000d
      415139000	     20655	800030e6	343025f3	csrrs	x11,mtval,x0	  x0:0x00000000 x11=0xf924b8a2
      415159000	     20656	800030ea	8189	c.srli	x11,0x2	 x11:0xf924b8a2 x11=0x3e492e28
      415179000	     20657	800030ec	e601	c.bnez	x12,800030f4	 x12:0x0000000d
      415219000	     20659	800030f4	fd65e5e3	bltu	x11,x22,800030be	 x11:0x3e492e28 x22:0x13333fc0
      415239000	     20660	800030f8	fda5f3e3	bgeu	x11,x26,800030be	 x11:0x3e492e28 x26:0x17778404
      415279000	     20662	800030be	8676	c.mv	x12,x29	  x0:0x00000000 x29:0x0000000d x12=0x0000000d
      415299000	     20663	800030c0	8b6a	c.mv	x22,x26	  x0:0x00000000 x26:0x17778404 x22=0x17778404
      415319000	     20664	800030c2	0605	c.addi	x12,1	 x12:0x0000000d x12=0x0000000e
      415339000	     20665	800030c4	8eb2	c.mv	x29,x12	  x0:0x00000000 x12:0x0000000e x29=0x0000000e
      415359000	     20666	800030c6	4d41	c.li	x26,16	 x26=0x00000010
      415379000	     20667	800030c8	01a65363	bge	x12,x26,800030ce	 x12:0x0000000e x26:0x00000010
      415399000	     20668	800030cc	b575	c.j	80002f78	
      415459000	     20671	80002f78	8676	c.mv	x12,x29	  x0:0x00000000 x29:0x0000000e x12=0x0000000e
      415479000	     20672	80002f7a	85b2	c.mv	x11,x12	  x0:0x00000000 x12:0x0000000e x11=0x0000000e
      415499000	     20673	80002f7c	4581	c.li	x11,0	 x11=0x00000000
      415519000	     20674	80002f7e	04b60f63	beq	x12,x11,80002fdc	 x12:0x0000000e x11:0x00000000
      415539000	     20675	80002f82	4585	c.li	x11,1	 x11=0x00000001
      415559000	     20676	80002f84	06b60163	beq	x12,x11,80002fe6	 x12:0x0000000e x11:0x00000001
      415579000	     20677	80002f88	4589	c.li	x11,2	 x11=0x00000002
      415599000	     20678	80002f8a	06b60363	beq	x12,x11,80002ff0	 x12:0x0000000e x11:0x00000002
      415619000	     20679	80002f8e	458d	c.li	x11,3	 x11=0x00000003
      415639000	     20680	80002f90	06b60563	beq	x12,x11,80002ffa	 x12:0x0000000e x11:0x00000003
      415659000	     20681	80002f94	4591	c.li	x11,4	 x11=0x00000004
      415679000	     20682	80002f96	06b60763	beq	x12,x11,80003004	 x12:0x0000000e x11:0x00000004
      415699000	     20683	80002f9a	4595	c.li	x11,5	 x11=0x00000005
      415719000	     20684	80002f9c	06b60963	beq	x12,x11,8000300e	 x12:0x0000000e x11:0x00000005
      415739000	     20685	80002fa0	4599	c.li	x11,6	 x11=0x00000006
      415759000	     20686	80002fa2	06b60b63	beq	x12,x11,80003018	 x12:0x0000000e x11:0x00000006
      415779000	     20687	80002fa6	459d	c.li	x11,7	 x11=0x00000007
      415799000	     20688	80002fa8	06b60d63	beq	x12,x11,80003022	 x12:0x0000000e x11:0x00000007
      415819000	     20689	80002fac	45a1	c.li	x11,8	 x11=0x00000008
      415839000	     20690	80002fae	06b60f63	beq	x12,x11,8000302c	 x12:0x0000000e x11:0x00000008
      415859000	     20691	80002fb2	45a5	c.li	x11,9	 x11=0x00000009
      415879000	     20692	80002fb4	08b60163	beq	x12,x11,80003036	 x12:0x0000000e x11:0x00000009
      415899000	     20693	80002fb8	45a9	c.li	x11,10	 x11=0x0000000a
      415919000	     20694	80002fba	08b60363	beq	x12,x11,80003040	 x12:0x0000000e x11:0x0000000a
      415939000	     20695	80002fbe	45ad	c.li	x11,11	 x11=0x0000000b
      415959000	     20696	80002fc0	08b60563	beq	x12,x11,8000304a	 x12:0x0000000e x11:0x0000000b
      415979000	     20697	80002fc4	45b1	c.li	x11,12	 x11=0x0000000c
      415999000	     20698	80002fc6	08b60763	beq	x12,x11,80003054	 x12:0x0000000e x11:0x0000000c
      416019000	     20699	80002fca	45b5	c.li	x11,13	 x11=0x0000000d
      416039000	     20700	80002fcc	08b60963	beq	x12,x11,8000305e	 x12:0x0000000e x11:0x0000000d
      416059000	     20701	80002fd0	45b9	c.li	x11,14	 x11=0x0000000e
      416079000	     20702	80002fd2	08b60b63	beq	x12,x11,80003068	 x12:0x0000000e x11:0x0000000e
      416119000	     20704	80003068	3be02d73	csrrs	x26,pmpaddr14,x0	  x0:0x00000000 x26=0x1bbbc848
      416139000	     20705	8000306c	3a302ff3	csrrs	x31,pmpcfg3,x0	  x0:0x00000000 x31=0x0f0f0f0f
      416939000	     20745	80003070	a031	c.j	8000307c	
      416979000	     20747	8000307c	4e11	c.li	x28,4	 x28=0x00000004
      416999000	     20748	8000307e	01ee9613	slli	x12,x29,0x1e	 x29:0x0000000e x12=0x80000000
      417019000	     20749	80003082	8279	c.srli	x12,0x1e	 x12:0x80000000 x12=0x00000002
      417039000	     20750	80003084	40ce05b3	sub	x11,x28,x12	 x28:0x00000004 x12:0x00000002 x11=0x00000002
      417059000	     20751	80003088	15fd	c.addi	x11,-1	 x11:0x00000002 x11=0x00000001
      417079000	     20752	8000308a	058e	c.slli	x11,0x3	 x11:0x00000001 x11=0x00000008
      417099000	     20753	8000308c	00bf9e33	sll	x28,x31,x11	 x31:0x0f0f0f0f x11:0x00000008 x28=0x0f0f0f00
      417119000	     20754	80003090	060e	c.slli	x12,0x3	 x12:0x00000002 x12=0x00000010
      417139000	     20755	80003092	95b2	c.add	x11,x12	 x11:0x00000008 x12:0x00000010 x11=0x00000018
      417159000	     20756	80003094	00be5e33	srl	x28,x28,x11	 x28:0x0f0f0f00 x11:0x00000018 x28=0x0000000f
      417179000	     20757	80003098	01be1593	slli	x11,x28,0x1b	 x28:0x0000000f x11=0x78000000
      417199000	     20758	8000309c	81f9	c.srli	x11,0x1e	 x11:0x78000000 x11=0x00000001
      417219000	     20759	8000309e	c1b1	c.beqz	x11,800030e2	 x11:0x00000001
      417239000	     20760	800030a0	4605	c.li	x12,1	 x12=0x00000001
      417259000	     20761	800030a2	04c58163	beq	x11,x12,800030e4	 x11:0x00000001 x12:0x00000001
      417319000	     20764	800030e4	8676	c.mv	x12,x29	  x0:0x00000000 x29:0x0000000e x12=0x0000000e
      417339000	     20765	800030e6	343025f3	csrrs	x11,mtval,x0	  x0:0x00000000 x11=0xf924b8a2
      417359000	     20766	800030ea	8189	c.srli	x11,0x2	 x11:0xf924b8a2 x11=0x3e492e28
      417379000	     20767	800030ec	e601	c.bnez	x12,800030f4	 x12:0x0000000e
      417439000	     20770	800030f4	fd65e5e3	bltu	x11,x22,800030be	 x11:0x3e492e28 x22:0x17778404
      417459000	     20771	800030f8	fda5f3e3	bgeu	x11,x26,800030be	 x11:0x3e492e28 x26:0x1bbbc848
      417499000	     20773	800030be	8676	c.mv	x12,x29	  x0:0x00000000 x29:0x0000000e x12=0x0000000e
      417519000	     20774	800030c0	8b6a	c.mv	x22,x26	  x0:0x00000000 x26:0x1bbbc848 x22=0x1bbbc848
      417539000	     20775	800030c2	0605	c.addi	x12,1	 x12:0x0000000e x12=0x0000000f
      417559000	     20776	800030c4	8eb2	c.mv	x29,x12	  x0:0x00000000 x12:0x0000000f x29=0x0000000f
      417579000	     20777	800030c6	4d41	c.li	x26,16	 x26=0x00000010
      417599000	     20778	800030c8	01a65363	bge	x12,x26,800030ce	 x12:0x0000000f x26:0x00000010
      417619000	     20779	800030cc	b575	c.j	80002f78	
      417659000	     20781	80002f78	8676	c.mv	x12,x29	  x0:0x00000000 x29:0x0000000f x12=0x0000000f
      417679000	     20782	80002f7a	85b2	c.mv	x11,x12	  x0:0x00000000 x12:0x0000000f x11=0x0000000f
      417699000	     20783	80002f7c	4581	c.li	x11,0	 x11=0x00000000
      417719000	     20784	80002f7e	04b60f63	beq	x12,x11,80002fdc	 x12:0x0000000f x11:0x00000000
      417739000	     20785	80002f82	4585	c.li	x11,1	 x11=0x00000001
      417759000	     20786	80002f84	06b60163	beq	x12,x11,80002fe6	 x12:0x0000000f x11:0x00000001
      417779000	     20787	80002f88	4589	c.li	x11,2	 x11=0x00000002
      417799000	     20788	80002f8a	06b60363	beq	x12,x11,80002ff0	 x12:0x0000000f x11:0x00000002
      417819000	     20789	80002f8e	458d	c.li	x11,3	 x11=0x00000003
      417839000	     20790	80002f90	06b60563	beq	x12,x11,80002ffa	 x12:0x0000000f x11:0x00000003
      417859000	     20791	80002f94	4591	c.li	x11,4	 x11=0x00000004
      417879000	     20792	80002f96	06b60763	beq	x12,x11,80003004	 x12:0x0000000f x11:0x00000004
      417899000	     20793	80002f9a	4595	c.li	x11,5	 x11=0x00000005
      417919000	     20794	80002f9c	06b60963	beq	x12,x11,8000300e	 x12:0x0000000f x11:0x00000005
      417939000	     20795	80002fa0	4599	c.li	x11,6	 x11=0x00000006
      417959000	     20796	80002fa2	06b60b63	beq	x12,x11,80003018	 x12:0x0000000f x11:0x00000006
      417979000	     20797	80002fa6	459d	c.li	x11,7	 x11=0x00000007
      417999000	     20798	80002fa8	06b60d63	beq	x12,x11,80003022	 x12:0x0000000f x11:0x00000007
      418019000	     20799	80002fac	45a1	c.li	x11,8	 x11=0x00000008
      418039000	     20800	80002fae	06b60f63	beq	x12,x11,8000302c	 x12:0x0000000f x11:0x00000008
      418059000	     20801	80002fb2	45a5	c.li	x11,9	 x11=0x00000009
      418079000	     20802	80002fb4	08b60163	beq	x12,x11,80003036	 x12:0x0000000f x11:0x00000009
      418099000	     20803	80002fb8	45a9	c.li	x11,10	 x11=0x0000000a
      418119000	     20804	80002fba	08b60363	beq	x12,x11,80003040	 x12:0x0000000f x11:0x0000000a
      418139000	     20805	80002fbe	45ad	c.li	x11,11	 x11=0x0000000b
      418159000	     20806	80002fc0	08b60563	beq	x12,x11,8000304a	 x12:0x0000000f x11:0x0000000b
      418179000	     20807	80002fc4	45b1	c.li	x11,12	 x11=0x0000000c
      418199000	     20808	80002fc6	08b60763	beq	x12,x11,80003054	 x12:0x0000000f x11:0x0000000c
      418219000	     20809	80002fca	45b5	c.li	x11,13	 x11=0x0000000d
      418239000	     20810	80002fcc	08b60963	beq	x12,x11,8000305e	 x12:0x0000000f x11:0x0000000d
      418259000	     20811	80002fd0	45b9	c.li	x11,14	 x11=0x0000000e
      418279000	     20812	80002fd2	08b60b63	beq	x12,x11,80003068	 x12:0x0000000f x11:0x0000000e
      418299000	     20813	80002fd6	45bd	c.li	x11,15	 x11=0x0000000f
      418319000	     20814	80002fd8	08b60d63	beq	x12,x11,80003072	 x12:0x0000000f x11:0x0000000f
      418379000	     20817	80003072	3bf02d73	csrrs	x26,pmpaddr15,x0	  x0:0x00000000 x26=0x20000c8c
      418399000	     20818	80003076	3a302ff3	csrrs	x31,pmpcfg3,x0	  x0:0x00000000 x31=0x0f0f0f0f
      418419000	     20819	8000307a	a009	c.j	8000307c	
      418459000	     20821	8000307c	4e11	c.li	x28,4	 x28=0x00000004
      418479000	     20822	8000307e	01ee9613	slli	x12,x29,0x1e	 x29:0x0000000f x12=0xc0000000
      418499000	     20823	80003082	8279	c.srli	x12,0x1e	 x12:0xc0000000 x12=0x00000003
      418519000	     20824	80003084	40ce05b3	sub	x11,x28,x12	 x28:0x00000004 x12:0x00000003 x11=0x00000001
      418539000	     20825	80003088	15fd	c.addi	x11,-1	 x11:0x00000001 x11=0x00000000
      418559000	     20826	8000308a	058e	c.slli	x11,0x3	 x11:0x00000000 x11=0x00000000
      418579000	     20827	8000308c	00bf9e33	sll	x28,x31,x11	 x31:0x0f0f0f0f x11:0x00000000 x28=0x0f0f0f0f
      418599000	     20828	80003090	060e	c.slli	x12,0x3	 x12:0x00000003 x12=0x00000018
      418619000	     20829	80003092	95b2	c.add	x11,x12	 x11:0x00000000 x12:0x00000018 x11=0x00000018
      418639000	     20830	80003094	00be5e33	srl	x28,x28,x11	 x28:0x0f0f0f0f x11:0x00000018 x28=0x0000000f
      418659000	     20831	80003098	01be1593	slli	x11,x28,0x1b	 x28:0x0000000f x11=0x78000000
      418679000	     20832	8000309c	81f9	c.srli	x11,0x1e	 x11:0x78000000 x11=0x00000001
      418699000	     20833	8000309e	c1b1	c.beqz	x11,800030e2	 x11:0x00000001
      418719000	     20834	800030a0	4605	c.li	x12,1	 x12=0x00000001
      418739000	     20835	800030a2	04c58163	beq	x11,x12,800030e4	 x11:0x00000001 x12:0x00000001
      418799000	     20838	800030e4	8676	c.mv	x12,x29	  x0:0x00000000 x29:0x0000000f x12=0x0000000f
      418819000	     20839	800030e6	343025f3	csrrs	x11,mtval,x0	  x0:0x00000000 x11=0xf924b8a2
      418839000	     20840	800030ea	8189	c.srli	x11,0x2	 x11:0xf924b8a2 x11=0x3e492e28
      418859000	     20841	800030ec	e601	c.bnez	x12,800030f4	 x12:0x0000000f
      418919000	     20844	800030f4	fd65e5e3	bltu	x11,x22,800030be	 x11:0x3e492e28 x22:0x1bbbc848
      418939000	     20845	800030f8	fda5f3e3	bgeu	x11,x26,800030be	 x11:0x3e492e28 x26:0x20000c8c
      418979000	     20847	800030be	8676	c.mv	x12,x29	  x0:0x00000000 x29:0x0000000f x12=0x0000000f
      418999000	     20848	800030c0	8b6a	c.mv	x22,x26	  x0:0x00000000 x26:0x20000c8c x22=0x20000c8c
      419019000	     20849	800030c2	0605	c.addi	x12,1	 x12:0x0000000f x12=0x00000010
      419039000	     20850	800030c4	8eb2	c.mv	x29,x12	  x0:0x00000000 x12:0x00000010 x29=0x00000010
      419059000	     20851	800030c6	4d41	c.li	x26,16	 x26=0x00000010
      419079000	     20852	800030c8	01a65363	bge	x12,x26,800030ce	 x12:0x00000010 x26:0x00000010
      419139000	     20855	800030ce	74702673	csrrs	x12,0x747,x0	  x0:0x00000000 x12=0x00000004
      419159000	     20856	800030d2	8a09	c.andi	x12,2	 x12:0x00000004 x12=0x00000000
      419179000	     20857	800030d4	e63d	c.bnez	x12,80003142	 x12:0x00000000
      419199000	     20858	800030d6	ffffd617	auipc	x12,0xffffd	 x12=0x800000d6
      419219000	     20859	800030da	28860613	addi	x12,x12,648	 x12:0x800000d6 x12=0x8000035e
      419239000	     20860	800030de	00060067	jalr	x0,0(x12)	 x12:0x8000035e  x0=0x00000000
      420239000	     20910	8000035e	90000d37	lui	x26,0x90000	 x26=0x90000000
      420259000	     20911	80000362	1d61	c.addi	x26,-8	 x26:0x90000000 x26=0x8ffffff8
      420359000	     20916	80000364	4601	c.li	x12,0	 x12=0x00000000
      420379000	     20917	80000366	0622	c.slli	x12,0x8	 x12:0x00000000 x12=0x00000000
      420739000	     20935	80000368	0605	c.addi	x12,1	 x12:0x00000000 x12=0x00000001
      420839000	     20940	8000036a	00cd2023	sw	x12,0(x26)	 x26:0x8ffffff8 x12:0x00000001 PA:0x8ffffff8 store:0x00000001 load:0xffffffff
      420859000	     20941	8000036e	00000073	ecall	
      421019000	     20949	80002500	0800006f	jal	x0,80002580	  x0=0x00000000
      438439000	     21820	80002580	1f71	c.addi	x30,-4	 x30:0x8004bc60 x30=0x8004bc5c
      438499000	     21823	80002582	009f2023	sw	x9,0(x30)	 x30:0x8004bc5c  x9:0x8004bc60 PA:0x8004bc5c store:0x8004bc60 load:0xffffffff
      438519000	     21824	80002586	000f04b3	add	x9,x30,x0	 x30:0x8004bc5c  x0:0x00000000  x9=0x8004bc5c
      438539000	     21825	8000258a	f8048493	addi	x9,x9,-128	  x9:0x8004bc5c  x9=0x8004bbdc
      438619000	     21829	8000258e	0014a223	sw	x1,4(x9)	  x9:0x8004bbdc  x1:0xd10d8000 PA:0x8004bbe0 store:0xd10d8000 load:0xffffffff
      439019000	     21849	80002592	0024a423	sw	x2,8(x9)	  x9:0x8004bbdc  x2:0xf924c048 PA:0x8004bbe4 store:0xf924c048 load:0xffffffff
      439099000	     21853	80002596	0034a623	sw	x3,12(x9)	  x9:0x8004bbdc  x3:0x00000000 PA:0x8004bbe8 store:0x00000000 load:0xffffffff
      439159000	     21856	8000259a	0044a823	sw	x4,16(x9)	  x9:0x8004bbdc  x4:0x00000000 PA:0x8004bbec store:0x00000000 load:0xffffffff
      439179000	     21857	8000259e	0054aa23	sw	x5,20(x9)	  x9:0x8004bbdc  x5:0x800407f0 PA:0x8004bbf0 store:0x800407f0 load:0xffffffff
      439359000	     21866	800025a2	0064ac23	sw	x6,24(x9)	  x9:0x8004bbdc  x6:0x00000000 PA:0x8004bbf4 store:0x00000000 load:0xffffffff
      439479000	     21872	800025a6	0074ae23	sw	x7,28(x9)	  x9:0x8004bbdc  x7:0x00000048 PA:0x8004bbf8 store:0x00000048 load:0xffffffff
      439499000	     21873	800025aa	d080	c.sw	x8,32(x9)	  x9:0x8004bbdc  x8:0x00000000 PA:0x8004bbfc store:0x00000000 load:0xffffffff
      439939000	     21895	800025ac	d0c4	c.sw	x9,36(x9)	  x9:0x8004bbdc  x9:0x8004bbdc PA:0x8004bc00 store:0x8004bbdc load:0xffffffff
      440019000	     21899	800025ae	d488	c.sw	x10,40(x9)	  x9:0x8004bbdc x10:0x00000000 PA:0x8004bc04 store:0x00000000 load:0xffffffff
      440039000	     21900	800025b0	d4cc	c.sw	x11,44(x9)	  x9:0x8004bbdc x11:0x3e492e28 PA:0x8004bc08 store:0x3e492e28 load:0xffffffff
      440439000	     21920	800025b2	d890	c.sw	x12,48(x9)	  x9:0x8004bbdc x12:0x00000001 PA:0x8004bc0c store:0x00000001 load:0xffffffff
      440659000	     21931	800025b4	d8d4	c.sw	x13,52(x9)	  x9:0x8004bbdc x13:0xffffffff PA:0x8004bc10 store:0xffffffff load:0xffffffff
      440759000	     21936	800025b6	dc98	c.sw	x14,56(x9)	  x9:0x8004bbdc x14:0x80040893 PA:0x8004bc14 store:0x80040893 load:0xffffffff
      440799000	     21938	800025b8	dcdc	c.sw	x15,60(x9)	  x9:0x8004bbdc x15:0x00000000 PA:0x8004bc18 store:0x00000000 load:0xffffffff
      441219000	     21959	800025ba	0504a023	sw	x16,64(x9)	  x9:0x8004bbdc x16:0x00000000 PA:0x8004bc1c store:0x00000000 load:0xffffffff
      441299000	     21963	800025be	0514a223	sw	x17,68(x9)	  x9:0x8004bbdc x17:0x00000000 PA:0x8004bc20 store:0x00000000 load:0xffffffff
      441319000	     21964	800025c2	0524a423	sw	x18,72(x9)	  x9:0x8004bbdc x18:0x00000000 PA:0x8004bc24 store:0x00000000 load:0xffffffff
      441459000	     21971	800025c6	0534a623	sw	x19,76(x9)	  x9:0x8004bbdc x19:0x00000000 PA:0x8004bc28 store:0x00000000 load:0xffffffff
      441579000	     21977	800025ca	0544a823	sw	x20,80(x9)	  x9:0x8004bbdc x20:0x00000000 PA:0x8004bc2c store:0x00000000 load:0xffffffff
      441999000	     21998	800025ce	0554aa23	sw	x21,84(x9)	  x9:0x8004bbdc x21:0x80032910 PA:0x8004bc30 store:0x80032910 load:0xffffffff
      442059000	     22001	800025d2	0564ac23	sw	x22,88(x9)	  x9:0x8004bbdc x22:0x20000c8c PA:0x8004bc34 store:0x20000c8c load:0xffffffff
      442279000	     22012	800025d6	0574ae23	sw	x23,92(x9)	  x9:0x8004bbdc x23:0x00000000 PA:0x8004bc38 store:0x00000000 load:0xffffffff
      442339000	     22015	800025da	0784a023	sw	x24,96(x9)	  x9:0x8004bbdc x24:0x00000000 PA:0x8004bc3c store:0x00000000 load:0xffffffff
      442699000	     22033	800025de	0794a223	sw	x25,100(x9)	  x9:0x8004bbdc x25:0x00000000 PA:0x8004bc40 store:0x00000000 load:0xffffffff
      443159000	     22056	800025e2	07a4a423	sw	x26,104(x9)	  x9:0x8004bbdc x26:0x8ffffff8 PA:0x8004bc44 store:0x8ffffff8 load:0xffffffff
      443219000	     22059	800025e6	07b4a623	sw	x27,108(x9)	  x9:0x8004bbdc x27:0x00000000 PA:0x8004bc48 store:0x00000000 load:0xffffffff
      443239000	     22060	800025ea	07c4a823	sw	x28,112(x9)	  x9:0x8004bbdc x28:0x0000000f PA:0x8004bc4c store:0x0000000f load:0xffffffff
      443439000	     22070	800025ee	07d4aa23	sw	x29,116(x9)	  x9:0x8004bbdc x29:0x00000010 PA:0x8004bc50 store:0x00000010 load:0xffffffff
      443499000	     22073	800025f2	07e4ac23	sw	x30,120(x9)	  x9:0x8004bbdc x30:0x8004bc5c PA:0x8004bc54 store:0x8004bc5c load:0xffffffff
      443519000	     22074	800025f6	07f4ae23	sw	x31,124(x9)	  x9:0x8004bbdc x31:0x0f0f0f0f PA:0x8004bc58 store:0x0f0f0f0f load:0xffffffff
      443539000	     22075	800025fa	00048f33	add	x30,x9,x0	  x9:0x8004bbdc  x0:0x00000000 x30=0x8004bbdc
      443559000	     22076	800025fe	90000d37	lui	x26,0x90000	 x26=0x90000000
      443579000	     22077	80002602	1d71	c.addi	x26,-4	 x26:0x90000000 x26=0x8ffffffc
      443599000	     22078	80002604	4621	c.li	x12,8	 x12=0x00000008
      443619000	     22079	80002606	0622	c.slli	x12,0x8	 x12:0x00000008 x12=0x00000800
      443639000	     22080	80002608	00060613	addi	x12,x12,0	 x12:0x00000800 x12=0x00000800
      443959000	     22096	8000260c	00cd2023	sw	x12,0(x26)	 x26:0x8ffffffc x12:0x00000800 PA:0x8ffffffc store:0x00000800 load:0xffffffff
      443979000	     22097	80002610	34102673	csrrs	x12,mepc,x0	  x0:0x00000000 x12=0x8000036e
      443999000	     22098	80002614	34202673	csrrs	x12,mcause,x0	  x0:0x00000000 x12=0x0000000b
      444019000	     22099	80002618	4d0d	c.li	x26,3	 x26=0x00000003
      444039000	     22100	8000261a	01a61463	bne	x12,x26,80002622	 x12:0x0000000b x26:0x00000003
      444079000	     22102	80002622	4d21	c.li	x26,8	 x26=0x00000008
      444099000	     22103	80002624	05a60d63	beq	x12,x26,8000267e	 x12:0x0000000b x26:0x00000008
      444119000	     22104	80002628	4d25	c.li	x26,9	 x26=0x00000009
      444139000	     22105	8000262a	05a60a63	beq	x12,x26,8000267e	 x12:0x0000000b x26:0x00000009
      444159000	     22106	8000262e	4d2d	c.li	x26,11	 x26=0x0000000b
      444179000	     22107	80002630	05a60763	beq	x12,x26,8000267e	 x12:0x0000000b x26:0x0000000b
      444699000	     22133	8000267e	90000d37	lui	x26,0x90000	 x26=0x90000000
      444719000	     22134	80002682	1d71	c.addi	x26,-4	 x26:0x90000000 x26=0x8ffffffc
      444879000	     22142	80002684	6605	c.lui	x12,0x1	 x12=0x00001000
      444899000	     22143	80002686	b0060613	addi	x12,x12,-1280	 x12:0x00001000 x12=0x00000b00
      444919000	     22144	8000268a	0622	c.slli	x12,0x8	 x12:0x00000b00 x12=0x000b0000
      444939000	     22145	8000268c	060d	c.addi	x12,3	 x12:0x000b0000 x12=0x000b0003
      445059000	     22151	8000268e	00cd2023	sw	x12,0(x26)	 x26:0x8ffffffc x12:0x000b0003 PA:0x8ffffffc store:0x000b0003 load:0xffffffff
      445079000	     22152	80002692	b0002673	csrrs	x12,mcycle,x0	  x0:0x00000000 x12=0x00005685
      445319000	     22164	80002696	00cd2023	sw	x12,0(x26)	 x26:0x8ffffffc x12:0x00005685 PA:0x8ffffffc store:0x00005685 load:0xffffffff
      445339000	     22165	8000269a	90000d37	lui	x26,0x90000	 x26=0x90000000
      445359000	     22166	8000269e	1d71	c.addi	x26,-4	 x26:0x90000000 x26=0x8ffffffc
      445379000	     22167	800026a0	6605	c.lui	x12,0x1	 x12=0x00001000
      445399000	     22168	800026a2	b8060613	addi	x12,x12,-1152	 x12:0x00001000 x12=0x00000b80
      445419000	     22169	800026a6	0622	c.slli	x12,0x8	 x12:0x00000b80 x12=0x000b8000
      445439000	     22170	800026a8	060d	c.addi	x12,3	 x12:0x000b8000 x12=0x000b8003
      445799000	     22188	800026aa	00cd2023	sw	x12,0(x26)	 x26:0x8ffffffc x12:0x000b8003 PA:0x8ffffffc store:0x000b8003 load:0xffffffff
      445819000	     22189	800026ae	b8002673	csrrs	x12,mcycleh,x0	  x0:0x00000000 x12=0x00000000
      446379000	     22217	800026b2	00cd2023	sw	x12,0(x26)	 x26:0x8ffffffc x12:0x00000000 PA:0x8ffffffc store:0x00000000 load:0xffffffff
      446399000	     22218	800026b6	90000d37	lui	x26,0x90000	 x26=0x90000000
      446419000	     22219	800026ba	1d71	c.addi	x26,-4	 x26:0x90000000 x26=0x8ffffffc
      446439000	     22220	800026bc	6605	c.lui	x12,0x1	 x12=0x00001000
      446559000	     22226	800026be	b0360613	addi	x12,x12,-1277	 x12:0x00001000 x12=0x00000b03
      446579000	     22227	800026c2	0622	c.slli	x12,0x8	 x12:0x00000b03 x12=0x000b0300
      446599000	     22228	800026c4	060d	c.addi	x12,3	 x12:0x000b0300 x12=0x000b0303
      446719000	     22234	800026c6	00cd2023	sw	x12,0(x26)	 x26:0x8ffffffc x12:0x000b0303 PA:0x8ffffffc store:0x000b0303 load:0xffffffff
      446739000	     22235	800026ca	b0302673	csrrs	x12,mhpmcounter3,x0	  x0:0x00000000 x12=0x000015d7
      446939000	     22245	800026ce	00cd2023	sw	x12,0(x26)	 x26:0x8ffffffc x12:0x000015d7 PA:0x8ffffffc store:0x000015d7 load:0xffffffff
      446959000	     22246	800026d2	90000d37	lui	x26,0x90000	 x26=0x90000000
      446979000	     22247	800026d6	1d71	c.addi	x26,-4	 x26:0x90000000 x26=0x8ffffffc
      446999000	     22248	800026d8	6605	c.lui	x12,0x1	 x12=0x00001000
      447019000	     22249	800026da	b8360613	addi	x12,x12,-1149	 x12:0x00001000 x12=0x00000b83
      447039000	     22250	800026de	0622	c.slli	x12,0x8	 x12:0x00000b83 x12=0x000b8300
      447059000	     22251	800026e0	060d	c.addi	x12,3	 x12:0x000b8300 x12=0x000b8303
      447299000	     22263	800026e2	00cd2023	sw	x12,0(x26)	 x26:0x8ffffffc x12:0x000b8303 PA:0x8ffffffc store:0x000b8303 load:0xffffffff
      447319000	     22264	800026e6	b8302673	csrrs	x12,mhpmcounter3h,x0	  x0:0x00000000 x12=0x00000000
      447779000	     22287	800026ea	00cd2023	sw	x12,0(x26)	 x26:0x8ffffffc x12:0x00000000 PA:0x8ffffffc store:0x00000000 load:0xffffffff
      447799000	     22288	800026ee	90000d37	lui	x26,0x90000	 x26=0x90000000
      447819000	     22289	800026f2	1d71	c.addi	x26,-4	 x26:0x90000000 x26=0x8ffffffc
      447839000	     22290	800026f4	6605	c.lui	x12,0x1	 x12=0x00001000
      447859000	     22291	800026f6	b0460613	addi	x12,x12,-1276	 x12:0x00001000 x12=0x00000b04
      447879000	     22292	800026fa	0622	c.slli	x12,0x8	 x12:0x00000b04 x12=0x000b0400
      447899000	     22293	800026fc	060d	c.addi	x12,3	 x12:0x000b0400 x12=0x000b0403
      448239000	     22310	800026fe	00cd2023	sw	x12,0(x26)	 x26:0x8ffffffc x12:0x000b0403 PA:0x8ffffffc store:0x000b0403 load:0xffffffff
      448399000	     22318	80002702	b0402673	csrrs	x12,mhpmcounter4,x0	  x0:0x00000000 x12=0x00001523
      448859000	     22341	80002706	00cd2023	sw	x12,0(x26)	 x26:0x8ffffffc x12:0x00001523 PA:0x8ffffffc store:0x00001523 load:0xffffffff
      449159000	     22356	8000270a	90000d37	lui	x26,0x90000	 x26=0x90000000
      449179000	     22357	8000270e	1d71	c.addi	x26,-4	 x26:0x90000000 x26=0x8ffffffc
      449199000	     22358	80002710	6605	c.lui	x12,0x1	 x12=0x00001000
      449599000	     22378	80002712	b8460613	addi	x12,x12,-1148	 x12:0x00001000 x12=0x00000b84
      449619000	     22379	80002716	0622	c.slli	x12,0x8	 x12:0x00000b84 x12=0x000b8400
      449699000	     22383	80002718	060d	c.addi	x12,3	 x12:0x000b8400 x12=0x000b8403
      449759000	     22386	8000271a	00cd2023	sw	x12,0(x26)	 x26:0x8ffffffc x12:0x000b8403 PA:0x8ffffffc store:0x000b8403 load:0xffffffff
      449779000	     22387	8000271e	b8402673	csrrs	x12,mhpmcounter4h,x0	  x0:0x00000000 x12=0x00000000
      450319000	     22414	80002722	00cd2023	sw	x12,0(x26)	 x26:0x8ffffffc x12:0x00000000 PA:0x8ffffffc store:0x00000000 load:0xffffffff
      450339000	     22415	80002726	90000d37	lui	x26,0x90000	 x26=0x90000000
      450359000	     22416	8000272a	1d71	c.addi	x26,-4	 x26:0x90000000 x26=0x8ffffffc
      450379000	     22417	8000272c	6605	c.lui	x12,0x1	 x12=0x00001000
      450399000	     22418	8000272e	b0560613	addi	x12,x12,-1275	 x12:0x00001000 x12=0x00000b05
      450419000	     22419	80002732	0622	c.slli	x12,0x8	 x12:0x00000b05 x12=0x000b0500
      450499000	     22423	80002734	060d	c.addi	x12,3	 x12:0x000b0500 x12=0x000b0503
      450679000	     22432	80002736	00cd2023	sw	x12,0(x26)	 x26:0x8ffffffc x12:0x000b0503 PA:0x8ffffffc store:0x000b0503 load:0xffffffff
      450699000	     22433	8000273a	b0502673	csrrs	x12,mhpmcounter5,x0	  x0:0x00000000 x12=0x000002fd
      450859000	     22441	8000273e	00cd2023	sw	x12,0(x26)	 x26:0x8ffffffc x12:0x000002fd PA:0x8ffffffc store:0x000002fd load:0xffffffff
      451119000	     22454	80002742	90000d37	lui	x26,0x90000	 x26=0x90000000
      451139000	     22455	80002746	1d71	c.addi	x26,-4	 x26:0x90000000 x26=0x8ffffffc
      451159000	     22456	80002748	6605	c.lui	x12,0x1	 x12=0x00001000
      451179000	     22457	8000274a	b8560613	addi	x12,x12,-1147	 x12:0x00001000 x12=0x00000b85
      451199000	     22458	8000274e	0622	c.slli	x12,0x8	 x12:0x00000b85 x12=0x000b8500
      451219000	     22459	80002750	060d	c.addi	x12,3	 x12:0x000b8500 x12=0x000b8503
      451379000	     22467	80002752	00cd2023	sw	x12,0(x26)	 x26:0x8ffffffc x12:0x000b8503 PA:0x8ffffffc store:0x000b8503 load:0xffffffff
      451539000	     22475	80002756	b8502673	csrrs	x12,mhpmcounter5h,x0	  x0:0x00000000 x12=0x00000000
      451639000	     22480	8000275a	00cd2023	sw	x12,0(x26)	 x26:0x8ffffffc x12:0x00000000 PA:0x8ffffffc store:0x00000000 load:0xffffffff
      451659000	     22481	8000275e	90000d37	lui	x26,0x90000	 x26=0x90000000
      451679000	     22482	80002762	1d71	c.addi	x26,-4	 x26:0x90000000 x26=0x8ffffffc
      452159000	     22506	80002764	6605	c.lui	x12,0x1	 x12=0x00001000
      452279000	     22512	80002766	b0660613	addi	x12,x12,-1274	 x12:0x00001000 x12=0x00000b06
      452299000	     22513	8000276a	0622	c.slli	x12,0x8	 x12:0x00000b06 x12=0x000b0600
      452319000	     22514	8000276c	060d	c.addi	x12,3	 x12:0x000b0600 x12=0x000b0603
      452379000	     22517	8000276e	00cd2023	sw	x12,0(x26)	 x26:0x8ffffffc x12:0x000b0603 PA:0x8ffffffc store:0x000b0603 load:0xffffffff
      452399000	     22518	80002772	b0602673	csrrs	x12,mhpmcounter6,x0	  x0:0x00000000 x12=0x00000221
      452699000	     22533	80002776	00cd2023	sw	x12,0(x26)	 x26:0x8ffffffc x12:0x00000221 PA:0x8ffffffc store:0x00000221 load:0xffffffff
      452719000	     22534	8000277a	90000d37	lui	x26,0x90000	 x26=0x90000000
      452739000	     22535	8000277e	1d71	c.addi	x26,-4	 x26:0x90000000 x26=0x8ffffffc
      452759000	     22536	80002780	6605	c.lui	x12,0x1	 x12=0x00001000
      452779000	     22537	80002782	b8660613	addi	x12,x12,-1146	 x12:0x00001000 x12=0x00000b86
      452799000	     22538	80002786	0622	c.slli	x12,0x8	 x12:0x00000b86 x12=0x000b8600
      452819000	     22539	80002788	060d	c.addi	x12,3	 x12:0x000b8600 x12=0x000b8603
      452879000	     22542	8000278a	00cd2023	sw	x12,0(x26)	 x26:0x8ffffffc x12:0x000b8603 PA:0x8ffffffc store:0x000b8603 load:0xffffffff
      452899000	     22543	8000278e	b8602673	csrrs	x12,mhpmcounter6h,x0	  x0:0x00000000 x12=0x00000000
      453019000	     22549	80002792	00cd2023	sw	x12,0(x26)	 x26:0x8ffffffc x12:0x00000000 PA:0x8ffffffc store:0x00000000 load:0xffffffff
      453099000	     22553	80002796	90000d37	lui	x26,0x90000	 x26=0x90000000
      453119000	     22554	8000279a	1d71	c.addi	x26,-4	 x26:0x90000000 x26=0x8ffffffc
      453239000	     22560	8000279c	6605	c.lui	x12,0x1	 x12=0x00001000
      453339000	     22565	8000279e	b0760613	addi	x12,x12,-1273	 x12:0x00001000 x12=0x00000b07
      453359000	     22566	800027a2	0622	c.slli	x12,0x8	 x12:0x00000b07 x12=0x000b0700
      453379000	     22567	800027a4	060d	c.addi	x12,3	 x12:0x000b0700 x12=0x000b0703
      454019000	     22599	800027a6	00cd2023	sw	x12,0(x26)	 x26:0x8ffffffc x12:0x000b0703 PA:0x8ffffffc store:0x000b0703 load:0xffffffff
      454039000	     22600	800027aa	b0702673	csrrs	x12,mhpmcounter7,x0	  x0:0x00000000 x12=0x00000030
      454099000	     22603	800027ae	00cd2023	sw	x12,0(x26)	 x26:0x8ffffffc x12:0x00000030 PA:0x8ffffffc store:0x00000030 load:0xffffffff
      454119000	     22604	800027b2	90000d37	lui	x26,0x90000	 x26=0x90000000
      454139000	     22605	800027b6	1d71	c.addi	x26,-4	 x26:0x90000000 x26=0x8ffffffc
      454159000	     22606	800027b8	6605	c.lui	x12,0x1	 x12=0x00001000
      454179000	     22607	800027ba	b8760613	addi	x12,x12,-1145	 x12:0x00001000 x12=0x00000b87
      454199000	     22608	800027be	0622	c.slli	x12,0x8	 x12:0x00000b87 x12=0x000b8700
      454279000	     22612	800027c0	060d	c.addi	x12,3	 x12:0x000b8700 x12=0x000b8703
      454339000	     22615	800027c2	00cd2023	sw	x12,0(x26)	 x26:0x8ffffffc x12:0x000b8703 PA:0x8ffffffc store:0x000b8703 load:0xffffffff
      454359000	     22616	800027c6	b8702673	csrrs	x12,mhpmcounter7h,x0	  x0:0x00000000 x12=0x00000000
      454559000	     22626	800027ca	00cd2023	sw	x12,0(x26)	 x26:0x8ffffffc x12:0x00000000 PA:0x8ffffffc store:0x00000000 load:0xffffffff
      454579000	     22627	800027ce	90000d37	lui	x26,0x90000	 x26=0x90000000
      454599000	     22628	800027d2	1d71	c.addi	x26,-4	 x26:0x90000000 x26=0x8ffffffc
      454619000	     22629	800027d4	6605	c.lui	x12,0x1	 x12=0x00001000
      454899000	     22643	800027d6	b0860613	addi	x12,x12,-1272	 x12:0x00001000 x12=0x00000b08
      454919000	     22644	800027da	0622	c.slli	x12,0x8	 x12:0x00000b08 x12=0x000b0800
      454959000	     22646	800027dc	060d	c.addi	x12,3	 x12:0x000b0800 x12=0x000b0803
      455539000	     22675	800027de	00cd2023	sw	x12,0(x26)	 x26:0x8ffffffc x12:0x000b0803 PA:0x8ffffffc store:0x000b0803 load:0xffffffff
      455559000	     22676	800027e2	b0802673	csrrs	x12,mhpmcounter8,x0	  x0:0x00000000 x12=0x000000f4
      455999000	     22698	800027e6	00cd2023	sw	x12,0(x26)	 x26:0x8ffffffc x12:0x000000f4 PA:0x8ffffffc store:0x000000f4 load:0xffffffff
      456019000	     22699	800027ea	90000d37	lui	x26,0x90000	 x26=0x90000000
      456039000	     22700	800027ee	1d71	c.addi	x26,-4	 x26:0x90000000 x26=0x8ffffffc
      456059000	     22701	800027f0	6605	c.lui	x12,0x1	 x12=0x00001000
      456079000	     22702	800027f2	b8860613	addi	x12,x12,-1144	 x12:0x00001000 x12=0x00000b88
      456099000	     22703	800027f6	0622	c.slli	x12,0x8	 x12:0x00000b88 x12=0x000b8800
      456119000	     22704	800027f8	060d	c.addi	x12,3	 x12:0x000b8800 x12=0x000b8803
      456579000	     22727	800027fa	00cd2023	sw	x12,0(x26)	 x26:0x8ffffffc x12:0x000b8803 PA:0x8ffffffc store:0x000b8803 load:0xffffffff
      456599000	     22728	800027fe	b8802673	csrrs	x12,mhpmcounter8h,x0	  x0:0x00000000 x12=0x00000000
      456659000	     22731	80002802	00cd2023	sw	x12,0(x26)	 x26:0x8ffffffc x12:0x00000000 PA:0x8ffffffc store:0x00000000 load:0xffffffff
      456679000	     22732	80002806	90000d37	lui	x26,0x90000	 x26=0x90000000
      456699000	     22733	8000280a	1d71	c.addi	x26,-4	 x26:0x90000000 x26=0x8ffffffc
      456719000	     22734	8000280c	6605	c.lui	x12,0x1	 x12=0x00001000
      456739000	     22735	8000280e	b0960613	addi	x12,x12,-1271	 x12:0x00001000 x12=0x00000b09
      456759000	     22736	80002812	0622	c.slli	x12,0x8	 x12:0x00000b09 x12=0x000b0900
      456779000	     22737	80002814	060d	c.addi	x12,3	 x12:0x000b0900 x12=0x000b0903
      457159000	     22756	80002816	00cd2023	sw	x12,0(x26)	 x26:0x8ffffffc x12:0x000b0903 PA:0x8ffffffc store:0x000b0903 load:0xffffffff
      457179000	     22757	8000281a	b0902673	csrrs	x12,mhpmcounter9,x0	  x0:0x00000000 x12=0x00000044
      457279000	     22762	8000281e	00cd2023	sw	x12,0(x26)	 x26:0x8ffffffc x12:0x00000044 PA:0x8ffffffc store:0x00000044 load:0xffffffff
      457299000	     22763	80002822	90000d37	lui	x26,0x90000	 x26=0x90000000
      457319000	     22764	80002826	1d71	c.addi	x26,-4	 x26:0x90000000 x26=0x8ffffffc
      457339000	     22765	80002828	6605	c.lui	x12,0x1	 x12=0x00001000
      457359000	     22766	8000282a	b8960613	addi	x12,x12,-1143	 x12:0x00001000 x12=0x00000b89
      457379000	     22767	8000282e	0622	c.slli	x12,0x8	 x12:0x00000b89 x12=0x000b8900
      457399000	     22768	80002830	060d	c.addi	x12,3	 x12:0x000b8900 x12=0x000b8903
      457459000	     22771	80002832	00cd2023	sw	x12,0(x26)	 x26:0x8ffffffc x12:0x000b8903 PA:0x8ffffffc store:0x000b8903 load:0xffffffff
      457479000	     22772	80002836	b8902673	csrrs	x12,mhpmcounter9h,x0	  x0:0x00000000 x12=0x00000000
      457579000	     22777	8000283a	00cd2023	sw	x12,0(x26)	 x26:0x8ffffffc x12:0x00000000 PA:0x8ffffffc store:0x00000000 load:0xffffffff
      457639000	     22780	8000283e	90000d37	lui	x26,0x90000	 x26=0x90000000
      457659000	     22781	80002842	1d71	c.addi	x26,-4	 x26:0x90000000 x26=0x8ffffffc
      457679000	     22782	80002844	6605	c.lui	x12,0x1	 x12=0x00001000
      458079000	     22802	80002846	b0a60613	addi	x12,x12,-1270	 x12:0x00001000 x12=0x00000b0a
      458099000	     22803	8000284a	0622	c.slli	x12,0x8	 x12:0x00000b0a x12=0x000b0a00
      458359000	     22816	8000284c	060d	c.addi	x12,3	 x12:0x000b0a00 x12=0x000b0a03
      459039000	     22850	8000284e	00cd2023	sw	x12,0(x26)	 x26:0x8ffffffc x12:0x000b0a03 PA:0x8ffffffc store:0x000b0a03 load:0xffffffff
      459059000	     22851	80002852	b0a02673	csrrs	x12,mhpmcounter10,x0	  x0:0x00000000 x12=0x0000036d
      459259000	     22861	80002856	00cd2023	sw	x12,0(x26)	 x26:0x8ffffffc x12:0x0000036d PA:0x8ffffffc store:0x0000036d load:0xffffffff
      459639000	     22880	8000285a	90000d37	lui	x26,0x90000	 x26=0x90000000
      459659000	     22881	8000285e	1d71	c.addi	x26,-4	 x26:0x90000000 x26=0x8ffffffc
      459779000	     22887	80002860	6605	c.lui	x12,0x1	 x12=0x00001000
      460099000	     22903	80002862	b8a60613	addi	x12,x12,-1142	 x12:0x00001000 x12=0x00000b8a
      460119000	     22904	80002866	0622	c.slli	x12,0x8	 x12:0x00000b8a x12=0x000b8a00
      460139000	     22905	80002868	060d	c.addi	x12,3	 x12:0x000b8a00 x12=0x000b8a03
      460319000	     22914	8000286a	00cd2023	sw	x12,0(x26)	 x26:0x8ffffffc x12:0x000b8a03 PA:0x8ffffffc store:0x000b8a03 load:0xffffffff
      460339000	     22915	8000286e	b8a02673	csrrs	x12,mhpmcounter10h,x0	  x0:0x00000000 x12=0x00000000
      460439000	     22920	80002872	00cd2023	sw	x12,0(x26)	 x26:0x8ffffffc x12:0x00000000 PA:0x8ffffffc store:0x00000000 load:0xffffffff
      460459000	     22921	80002876	90000d37	lui	x26,0x90000	 x26=0x90000000
      460479000	     22922	8000287a	1d71	c.addi	x26,-4	 x26:0x90000000 x26=0x8ffffffc
      460539000	     22925	8000287c	6605	c.lui	x12,0x1	 x12=0x00001000
      460959000	     22946	8000287e	b0b60613	addi	x12,x12,-1269	 x12:0x00001000 x12=0x00000b0b
      460979000	     22947	80002882	0622	c.slli	x12,0x8	 x12:0x00000b0b x12=0x000b0b00
      461379000	     22967	80002884	060d	c.addi	x12,3	 x12:0x000b0b00 x12=0x000b0b03
      461519000	     22974	80002886	00cd2023	sw	x12,0(x26)	 x26:0x8ffffffc x12:0x000b0b03 PA:0x8ffffffc store:0x000b0b03 load:0xffffffff
      461899000	     22993	8000288a	b0b02673	csrrs	x12,mhpmcounter11,x0	  x0:0x00000000 x12=0x00000090
      462399000	     23018	8000288e	00cd2023	sw	x12,0(x26)	 x26:0x8ffffffc x12:0x00000090 PA:0x8ffffffc store:0x00000090 load:0xffffffff
      462419000	     23019	80002892	90000d37	lui	x26,0x90000	 x26=0x90000000
      462439000	     23020	80002896	1d71	c.addi	x26,-4	 x26:0x90000000 x26=0x8ffffffc
      462639000	     23030	80002898	6605	c.lui	x12,0x1	 x12=0x00001000
      462659000	     23031	8000289a	b8b60613	addi	x12,x12,-1141	 x12:0x00001000 x12=0x00000b8b
      462679000	     23032	8000289e	0622	c.slli	x12,0x8	 x12:0x00000b8b x12=0x000b8b00
      462699000	     23033	800028a0	060d	c.addi	x12,3	 x12:0x000b8b00 x12=0x000b8b03
      462959000	     23046	800028a2	00cd2023	sw	x12,0(x26)	 x26:0x8ffffffc x12:0x000b8b03 PA:0x8ffffffc store:0x000b8b03 load:0xffffffff
      462979000	     23047	800028a6	b8b02673	csrrs	x12,mhpmcounter11h,x0	  x0:0x00000000 x12=0x00000000
      463199000	     23058	800028aa	00cd2023	sw	x12,0(x26)	 x26:0x8ffffffc x12:0x00000000 PA:0x8ffffffc store:0x00000000 load:0xffffffff
      463219000	     23059	800028ae	90000d37	lui	x26,0x90000	 x26=0x90000000
      463239000	     23060	800028b2	1d71	c.addi	x26,-4	 x26:0x90000000 x26=0x8ffffffc
      463259000	     23061	800028b4	6605	c.lui	x12,0x1	 x12=0x00001000
      463279000	     23062	800028b6	b0c60613	addi	x12,x12,-1268	 x12:0x00001000 x12=0x00000b0c
      463299000	     23063	800028ba	0622	c.slli	x12,0x8	 x12:0x00000b0c x12=0x000b0c00
      463319000	     23064	800028bc	060d	c.addi	x12,3	 x12:0x000b0c00 x12=0x000b0c03
      463699000	     23083	800028be	00cd2023	sw	x12,0(x26)	 x26:0x8ffffffc x12:0x000b0c03 PA:0x8ffffffc store:0x000b0c03 load:0xffffffff
      463719000	     23084	800028c2	b0c02673	csrrs	x12,mhpmcounter12,x0	  x0:0x00000000 x12=0x0000037d
      463899000	     23093	800028c6	00cd2023	sw	x12,0(x26)	 x26:0x8ffffffc x12:0x0000037d PA:0x8ffffffc store:0x0000037d load:0xffffffff
      464179000	     23107	800028ca	90000d37	lui	x26,0x90000	 x26=0x90000000
      464199000	     23108	800028ce	1d71	c.addi	x26,-4	 x26:0x90000000 x26=0x8ffffffc
      464359000	     23116	800028d0	6605	c.lui	x12,0x1	 x12=0x00001000
      464759000	     23136	800028d2	b8c60613	addi	x12,x12,-1140	 x12:0x00001000 x12=0x00000b8c
      464779000	     23137	800028d6	0622	c.slli	x12,0x8	 x12:0x00000b8c x12=0x000b8c00
      464799000	     23138	800028d8	060d	c.addi	x12,3	 x12:0x000b8c00 x12=0x000b8c03
      464939000	     23145	800028da	00cd2023	sw	x12,0(x26)	 x26:0x8ffffffc x12:0x000b8c03 PA:0x8ffffffc store:0x000b8c03 load:0xffffffff
      464959000	     23146	800028de	b8c02673	csrrs	x12,mhpmcounter12h,x0	  x0:0x00000000 x12=0x00000000
      465119000	     23154	800028e2	00cd2023	sw	x12,0(x26)	 x26:0x8ffffffc x12:0x00000000 PA:0x8ffffffc store:0x00000000 load:0xffffffff
      465139000	     23155	800028e6	ffffd617	auipc	x12,0xffffd	 x12=0x7ffff8e6
      465239000	     23160	800028ea	79a60613	addi	x12,x12,1946	 x12:0x7ffff8e6 x12=0x80000080
      465819000	     23189	800028ee	00062023	sw	x0,0(x12)	 x12:0x80000080  x0:0x00000000 PA:0x80000080 store:0x00000000 load:0xffffffff
      465879000	     23192	800028f2	00162223	sw	x1,4(x12)	 x12:0x80000080  x1:0xd10d8000 PA:0x80000084 store:0xd10d8000 load:0xffffffff
      465919000	     23194	800028f6	00262423	sw	x2,8(x12)	 x12:0x80000080  x2:0xf924c048 PA:0x80000088 store:0xf924c048 load:0xffffffff
      465939000	     23195	800028fa	00362623	sw	x3,12(x12)	 x12:0x80000080  x3:0x00000000 PA:0x8000008c store:0x00000000 load:0xffffffff
      465979000	     23197	800028fe	00462823	sw	x4,16(x12)	 x12:0x80000080  x4:0x00000000 PA:0x80000090 store:0x00000000 load:0xffffffff
      466079000	     23202	80002902	00562a23	sw	x5,20(x12)	 x12:0x80000080  x5:0x800407f0 PA:0x80000094 store:0x800407f0 load:0xffffffff
      466199000	     23208	80002906	00662c23	sw	x6,24(x12)	 x12:0x80000080  x6:0x00000000 PA:0x80000098 store:0x00000000 load:0xffffffff
      466219000	     23209	8000290a	00762e23	sw	x7,28(x12)	 x12:0x80000080  x7:0x00000048 PA:0x8000009c store:0x00000048 load:0xffffffff
      466239000	     23210	8000290e	d200	c.sw	x8,32(x12)	 x12:0x80000080  x8:0x00000000 PA:0x800000a0 store:0x00000000 load:0xffffffff
      466839000	     23240	80002910	d244	c.sw	x9,36(x12)	 x12:0x80000080  x9:0x8004bbdc PA:0x800000a4 store:0x8004bbdc load:0xffffffff
      466979000	     23247	80002912	d608	c.sw	x10,40(x12)	 x12:0x80000080 x10:0x00000000 PA:0x800000a8 store:0x00000000 load:0xffffffff
      467039000	     23250	80002914	d64c	c.sw	x11,44(x12)	 x12:0x80000080 x11:0x3e492e28 PA:0x800000ac store:0x3e492e28 load:0xffffffff
      467219000	     23259	80002916	da10	c.sw	x12,48(x12)	 x12:0x80000080 x12:0x80000080 PA:0x800000b0 store:0x80000080 load:0xffffffff
      467379000	     23267	80002918	da54	c.sw	x13,52(x12)	 x12:0x80000080 x13:0xffffffff PA:0x800000b4 store:0xffffffff load:0xffffffff
      467399000	     23268	8000291a	de18	c.sw	x14,56(x12)	 x12:0x80000080 x14:0x80040893 PA:0x800000b8 store:0x80040893 load:0xffffffff
      467419000	     23269	8000291c	de5c	c.sw	x15,60(x12)	 x12:0x80000080 x15:0x00000000 PA:0x800000bc store:0x00000000 load:0xffffffff
      467439000	     23270	8000291e	05062023	sw	x16,64(x12)	 x12:0x80000080 x16:0x00000000 PA:0x800000c0 store:0x00000000 load:0xffffffff
      467499000	     23273	80002922	05162223	sw	x17,68(x12)	 x12:0x80000080 x17:0x00000000 PA:0x800000c4 store:0x00000000 load:0xffffffff
      467559000	     23276	80002926	05262423	sw	x18,72(x12)	 x12:0x80000080 x18:0x00000000 PA:0x800000c8 store:0x00000000 load:0xffffffff
      467579000	     23277	8000292a	05362623	sw	x19,76(x12)	 x12:0x80000080 x19:0x00000000 PA:0x800000cc store:0x00000000 load:0xffffffff
      467599000	     23278	8000292e	05462823	sw	x20,80(x12)	 x12:0x80000080 x20:0x00000000 PA:0x800000d0 store:0x00000000 load:0xffffffff
      468039000	     23300	80002932	05562a23	sw	x21,84(x12)	 x12:0x80000080 x21:0x80032910 PA:0x800000d4 store:0x80032910 load:0xffffffff
      468399000	     23318	80002936	05662c23	sw	x22,88(x12)	 x12:0x80000080 x22:0x20000c8c PA:0x800000d8 store:0x20000c8c load:0xffffffff
      468419000	     23319	8000293a	05762e23	sw	x23,92(x12)	 x12:0x80000080 x23:0x00000000 PA:0x800000dc store:0x00000000 load:0xffffffff
      468839000	     23340	8000293e	07862023	sw	x24,96(x12)	 x12:0x80000080 x24:0x00000000 PA:0x800000e0 store:0x00000000 load:0xffffffff
      468959000	     23346	80002942	07962223	sw	x25,100(x12)	 x12:0x80000080 x25:0x00000000 PA:0x800000e4 store:0x00000000 load:0xffffffff
      469239000	     23360	80002946	07a62423	sw	x26,104(x12)	 x12:0x80000080 x26:0x8ffffffc PA:0x800000e8 store:0x8ffffffc load:0xffffffff
      469299000	     23363	8000294a	07b62623	sw	x27,108(x12)	 x12:0x80000080 x27:0x00000000 PA:0x800000ec store:0x00000000 load:0xffffffff
      469519000	     23374	8000294e	07c62823	sw	x28,112(x12)	 x12:0x80000080 x28:0x0000000f PA:0x800000f0 store:0x0000000f load:0xffffffff
      469939000	     23395	80002952	07d62a23	sw	x29,116(x12)	 x12:0x80000080 x29:0x00000010 PA:0x800000f4 store:0x00000010 load:0xffffffff
      470099000	     23403	80002956	07e62c23	sw	x30,120(x12)	 x12:0x80000080 x30:0x8004bbdc PA:0x800000f8 store:0x8004bbdc load:0xffffffff
      470499000	     23423	8000295a	07f62e23	sw	x31,124(x12)	 x12:0x80000080 x31:0x0f0f0f0f PA:0x800000fc store:0x0f0f0f0f load:0xffffffff
      470519000	     23424	8000295e	34102673	csrrs	x12,mepc,x0	  x0:0x00000000 x12=0x8000036e
      470539000	     23425	80002962	0611	c.addi	x12,4	 x12:0x8000036e x12=0x80000372
      470559000	     23426	80002964	34161073	csrrw	x0,mepc,x12	 x12:0x80000372  x0=0x00000000
      470579000	     23427	80002968	30200073	mret	
      470659000	     23431	80000372	90000d37	lui	x26,0x90000	 x26=0x90000000
      470679000	     23432	80000376	1d61	c.addi	x26,-8	 x26:0x90000000 x26=0x8ffffff8
      470699000	     23433	80000378	4605	c.li	x12,1	 x12=0x00000001
      470719000	     23434	8000037a	0622	c.slli	x12,0x8	 x12:0x00000001 x12=0x00000100
      470739000	     23435	8000037c	0605	c.addi	x12,1	 x12:0x00000100 x12=0x00000101
      470799000	     23438	8000037e	00cd2023	sw	x12,0(x26)	 x26:0x8ffffff8 x12:0x00000101 PA:0x8ffffff8 store:0x00000101 load:0xffffffff
      470819000	     23439	80000382	00000073	ecall	
      470879000	     23442	80002500	0800006f	jal	x0,80002580	  x0=0x00000000
      470959000	     23446	80002580	1f71	c.addi	x30,-4	 x30:0x8004bbdc x30=0x8004bbd8
      471019000	     23449	80002582	009f2023	sw	x9,0(x30)	 x30:0x8004bbd8  x9:0x8004bbdc PA:0x8004bbd8 store:0x8004bbdc load:0xffffffff
      471039000	     23450	80002586	000f04b3	add	x9,x30,x0	 x30:0x8004bbd8  x0:0x00000000  x9=0x8004bbd8
      471059000	     23451	8000258a	f8048493	addi	x9,x9,-128	  x9:0x8004bbd8  x9=0x8004bb58
      471159000	     23456	8000258e	0014a223	sw	x1,4(x9)	  x9:0x8004bb58  x1:0xd10d8000 PA:0x8004bb5c store:0xd10d8000 load:0xffffffff
      471279000	     23462	80002592	0024a423	sw	x2,8(x9)	  x9:0x8004bb58  x2:0xf924c048 PA:0x8004bb60 store:0xf924c048 load:0xffffffff
      471739000	     23485	80002596	0034a623	sw	x3,12(x9)	  x9:0x8004bb58  x3:0x00000000 PA:0x8004bb64 store:0x00000000 load:0xffffffff
      471799000	     23488	8000259a	0044a823	sw	x4,16(x9)	  x9:0x8004bb58  x4:0x00000000 PA:0x8004bb68 store:0x00000000 load:0xffffffff
      472079000	     23502	8000259e	0054aa23	sw	x5,20(x9)	  x9:0x8004bb58  x5:0x800407f0 PA:0x8004bb6c store:0x800407f0 load:0xffffffff
      472539000	     23525	800025a2	0064ac23	sw	x6,24(x9)	  x9:0x8004bb58  x6:0x00000000 PA:0x8004bb70 store:0x00000000 load:0xffffffff
      472599000	     23528	800025a6	0074ae23	sw	x7,28(x9)	  x9:0x8004bb58  x7:0x00000048 PA:0x8004bb74 store:0x00000048 load:0xffffffff
