Time	Cycle	PC	Insn	Decoded instruction	Register and memory contents
        1055000	         6	80000080	40001337	lui	x6,0x40001	  x6=0x40001000
        1065000	         7	80000084	10630313	addi	x6,x6,262	  x6:0x40001000  x6=0x40001106
        1075000	         8	80000088	30131073	csrrw	x0,misa,x6	  x6:0x40001106  x0=0x00000000
        1105000	        11	8000008c	00026717	auipc	x14,0x26	 x14=0x8002608c
        1115000	        12	80000090	c5870713	addi	x14,x14,-936	 x14:0x8002608c x14=0x80025ce4
        1125000	        13	80000094	00002317	auipc	x6,0x2	  x6=0x80002094
        1135000	        14	80000098	46c30313	addi	x6,x6,1132	  x6:0x80002094  x6=0x80002500
        1145000	        15	8000009c	00136313	ori	x6,x6,1	  x6:0x80002500  x6=0x80002501
        1155000	        16	800000a0	30531073	csrrw	x0,mtvec,x6	  x6:0x80002501  x0=0x00000000
        1185000	        19	800000a4	74725073	csrrwi	x0,0x747,4	  x0=0x00000000
        1215000	        22	800000a8	00003117	auipc	x2,0x3	  x2=0x800030a8
        1225000	        23	800000ac	1fc10113	addi	x2,x2,508	  x2:0x800030a8  x2=0x800032a4
        1235000	        24	800000b0	4301	c.li	x6,0	  x6=0x00000000
        1245000	        25	800000b2	911a	c.add	x2,x6	  x2:0x800032a4  x6:0x00000000  x2=0x800032a4
        1255000	        26	800000b4	00215113	srli	x2,x2,0x2	  x2:0x800032a4  x2=0x20000ca9
        1265000	        27	800000b8	3b011073	csrrw	x0,pmpaddr0,x2	  x2:0x20000ca9  x0=0x00000000
        1295000	        30	800000bc	00003117	auipc	x2,0x3	  x2=0x800030bc
        1305000	        31	800000c0	1e810113	addi	x2,x2,488	  x2:0x800030bc  x2=0x800032a4
        1315000	        32	800000c4	11111337	lui	x6,0x11111	  x6=0x11111000
        1325000	        33	800000c8	11130313	addi	x6,x6,273	  x6:0x11111000  x6=0x11111111
        1335000	        34	800000cc	911a	c.add	x2,x6	  x2:0x800032a4  x6:0x11111111  x2=0x911143b5
        1345000	        35	800000ce	00215113	srli	x2,x2,0x2	  x2:0x911143b5  x2=0x244450ed
        1355000	        36	800000d2	3b111073	csrrw	x0,pmpaddr1,x2	  x2:0x244450ed  x0=0x00000000
        1385000	        39	800000d6	00003117	auipc	x2,0x3	  x2=0x800030d6
        1395000	        40	800000da	1ce10113	addi	x2,x2,462	  x2:0x800030d6  x2=0x800032a4
        1405000	        41	800000de	22222337	lui	x6,0x22222	  x6=0x22222000
        1415000	        42	800000e2	22230313	addi	x6,x6,546	  x6:0x22222000  x6=0x22222222
        1425000	        43	800000e6	911a	c.add	x2,x6	  x2:0x800032a4  x6:0x22222222  x2=0xa22254c6
        1435000	        44	800000e8	00215113	srli	x2,x2,0x2	  x2:0xa22254c6  x2=0x28889531
        1445000	        45	800000ec	3b211073	csrrw	x0,pmpaddr2,x2	  x2:0x28889531  x0=0x00000000
        1475000	        48	800000f0	00003117	auipc	x2,0x3	  x2=0x800030f0
        1485000	        49	800000f4	1b410113	addi	x2,x2,436	  x2:0x800030f0  x2=0x800032a4
        1495000	        50	800000f8	33333337	lui	x6,0x33333	  x6=0x33333000
        1505000	        51	800000fc	33330313	addi	x6,x6,819	  x6:0x33333000  x6=0x33333333
        1515000	        52	80000100	911a	c.add	x2,x6	  x2:0x800032a4  x6:0x33333333  x2=0xb33365d7
        1525000	        53	80000102	00215113	srli	x2,x2,0x2	  x2:0xb33365d7  x2=0x2cccd975
        1535000	        54	80000106	3b311073	csrrw	x0,pmpaddr3,x2	  x2:0x2cccd975  x0=0x00000000
        1565000	        57	8000010a	0f0f1137	lui	x2,0xf0f1	  x2=0x0f0f1000
        1575000	        58	8000010e	f0f10113	addi	x2,x2,-241	  x2:0x0f0f1000  x2=0x0f0f0f0f
        1585000	        59	80000112	3a011073	csrrw	x0,pmpcfg0,x2	  x2:0x0f0f0f0f  x0=0x00000000
        1615000	        62	80000116	00003117	auipc	x2,0x3	  x2=0x80003116
        1625000	        63	8000011a	18e10113	addi	x2,x2,398	  x2:0x80003116  x2=0x800032a4
        1635000	        64	8000011e	44444337	lui	x6,0x44444	  x6=0x44444000
        1645000	        65	80000122	44430313	addi	x6,x6,1092	  x6:0x44444000  x6=0x44444444
        1655000	        66	80000126	911a	c.add	x2,x6	  x2:0x800032a4  x6:0x44444444  x2=0xc44476e8
        1665000	        67	80000128	00215113	srli	x2,x2,0x2	  x2:0xc44476e8  x2=0x31111dba
        1675000	        68	8000012c	3b411073	csrrw	x0,pmpaddr4,x2	  x2:0x31111dba  x0=0x00000000
        1705000	        71	80000130	00003117	auipc	x2,0x3	  x2=0x80003130
        1715000	        72	80000134	17410113	addi	x2,x2,372	  x2:0x80003130  x2=0x800032a4
        1725000	        73	80000138	55555337	lui	x6,0x55555	  x6=0x55555000
        1735000	        74	8000013c	55530313	addi	x6,x6,1365	  x6:0x55555000  x6=0x55555555
        1745000	        75	80000140	911a	c.add	x2,x6	  x2:0x800032a4  x6:0x55555555  x2=0xd55587f9
        1755000	        76	80000142	00215113	srli	x2,x2,0x2	  x2:0xd55587f9  x2=0x355561fe
        1765000	        77	80000146	3b511073	csrrw	x0,pmpaddr5,x2	  x2:0x355561fe  x0=0x00000000
        1795000	        80	8000014a	00003117	auipc	x2,0x3	  x2=0x8000314a
        1805000	        81	8000014e	15a10113	addi	x2,x2,346	  x2:0x8000314a  x2=0x800032a4
        1815000	        82	80000152	66666337	lui	x6,0x66666	  x6=0x66666000
        1825000	        83	80000156	66630313	addi	x6,x6,1638	  x6:0x66666000  x6=0x66666666
        1835000	        84	8000015a	911a	c.add	x2,x6	  x2:0x800032a4  x6:0x66666666  x2=0xe666990a
        1845000	        85	8000015c	00215113	srli	x2,x2,0x2	  x2:0xe666990a  x2=0x3999a642
        1855000	        86	80000160	3b611073	csrrw	x0,pmpaddr6,x2	  x2:0x3999a642  x0=0x00000000
        1885000	        89	80000164	00003117	auipc	x2,0x3	  x2=0x80003164
        1895000	        90	80000168	14010113	addi	x2,x2,320	  x2:0x80003164  x2=0x800032a4
        1905000	        91	8000016c	77777337	lui	x6,0x77777	  x6=0x77777000
        1915000	        92	80000170	77730313	addi	x6,x6,1911	  x6:0x77777000  x6=0x77777777
        1925000	        93	80000174	911a	c.add	x2,x6	  x2:0x800032a4  x6:0x77777777  x2=0xf777aa1b
        1935000	        94	80000176	00215113	srli	x2,x2,0x2	  x2:0xf777aa1b  x2=0x3dddea86
        1945000	        95	8000017a	3b711073	csrrw	x0,pmpaddr7,x2	  x2:0x3dddea86  x0=0x00000000
        1975000	        98	8000017e	0f0f1137	lui	x2,0xf0f1	  x2=0x0f0f1000
        1985000	        99	80000182	f0f10113	addi	x2,x2,-241	  x2:0x0f0f1000  x2=0x0f0f0f0f
        1995000	       100	80000186	3a111073	csrrw	x0,pmpcfg1,x2	  x2:0x0f0f0f0f  x0=0x00000000
        2025000	       103	8000018a	00003117	auipc	x2,0x3	  x2=0x8000318a
        2035000	       104	8000018e	11a10113	addi	x2,x2,282	  x2:0x8000318a  x2=0x800032a4
        2045000	       105	80000192	88889337	lui	x6,0x88889	  x6=0x88889000
        2055000	       106	80000196	88830313	addi	x6,x6,-1912	  x6:0x88889000  x6=0x88888888
        2065000	       107	8000019a	911a	c.add	x2,x6	  x2:0x800032a4  x6:0x88888888  x2=0x0888bb2c
        2075000	       108	8000019c	00215113	srli	x2,x2,0x2	  x2:0x0888bb2c  x2=0x02222ecb
        2085000	       109	800001a0	3b811073	csrrw	x0,pmpaddr8,x2	  x2:0x02222ecb  x0=0x00000000
        2115000	       112	800001a4	00003117	auipc	x2,0x3	  x2=0x800031a4
        2125000	       113	800001a8	10010113	addi	x2,x2,256	  x2:0x800031a4  x2=0x800032a4
        2135000	       114	800001ac	9999a337	lui	x6,0x9999a	  x6=0x9999a000
        2145000	       115	800001b0	99930313	addi	x6,x6,-1639	  x6:0x9999a000  x6=0x99999999
        2155000	       116	800001b4	911a	c.add	x2,x6	  x2:0x800032a4  x6:0x99999999  x2=0x1999cc3d
        2165000	       117	800001b6	00215113	srli	x2,x2,0x2	  x2:0x1999cc3d  x2=0x0666730f
        2175000	       118	800001ba	3b911073	csrrw	x0,pmpaddr9,x2	  x2:0x0666730f  x0=0x00000000
        2205000	       121	800001be	00003117	auipc	x2,0x3	  x2=0x800031be
        2215000	       122	800001c2	0e610113	addi	x2,x2,230	  x2:0x800031be  x2=0x800032a4
        2225000	       123	800001c6	aaaab337	lui	x6,0xaaaab	  x6=0xaaaab000
        2235000	       124	800001ca	aaa30313	addi	x6,x6,-1366	  x6:0xaaaab000  x6=0xaaaaaaaa
        2245000	       125	800001ce	911a	c.add	x2,x6	  x2:0x800032a4  x6:0xaaaaaaaa  x2=0x2aaadd4e
        2255000	       126	800001d0	00215113	srli	x2,x2,0x2	  x2:0x2aaadd4e  x2=0x0aaab753
        2265000	       127	800001d4	3ba11073	csrrw	x0,pmpaddr10,x2	  x2:0x0aaab753  x0=0x00000000
        2295000	       130	800001d8	00003117	auipc	x2,0x3	  x2=0x800031d8
        2305000	       131	800001dc	0cc10113	addi	x2,x2,204	  x2:0x800031d8  x2=0x800032a4
        2315000	       132	800001e0	bbbbc337	lui	x6,0xbbbbc	  x6=0xbbbbc000
        2325000	       133	800001e4	bbb30313	addi	x6,x6,-1093	  x6:0xbbbbc000  x6=0xbbbbbbbb
        2335000	       134	800001e8	911a	c.add	x2,x6	  x2:0x800032a4  x6:0xbbbbbbbb  x2=0x3bbbee5f
        2345000	       135	800001ea	00215113	srli	x2,x2,0x2	  x2:0x3bbbee5f  x2=0x0eeefb97
        2355000	       136	800001ee	3bb11073	csrrw	x0,pmpaddr11,x2	  x2:0x0eeefb97  x0=0x00000000
        2385000	       139	800001f2	0f0f1137	lui	x2,0xf0f1	  x2=0x0f0f1000
        2395000	       140	800001f6	f0f10113	addi	x2,x2,-241	  x2:0x0f0f1000  x2=0x0f0f0f0f
        2405000	       141	800001fa	3a211073	csrrw	x0,pmpcfg2,x2	  x2:0x0f0f0f0f  x0=0x00000000
        2435000	       144	800001fe	00003117	auipc	x2,0x3	  x2=0x800031fe
        2445000	       145	80000202	0a610113	addi	x2,x2,166	  x2:0x800031fe  x2=0x800032a4
        2455000	       146	80000206	ccccd337	lui	x6,0xccccd	  x6=0xccccd000
        2465000	       147	8000020a	ccc30313	addi	x6,x6,-820	  x6:0xccccd000  x6=0xcccccccc
        2475000	       148	8000020e	911a	c.add	x2,x6	  x2:0x800032a4  x6:0xcccccccc  x2=0x4cccff70
        2485000	       149	80000210	00215113	srli	x2,x2,0x2	  x2:0x4cccff70  x2=0x13333fdc
        2495000	       150	80000214	3bc11073	csrrw	x0,pmpaddr12,x2	  x2:0x13333fdc  x0=0x00000000
        2525000	       153	80000218	00003117	auipc	x2,0x3	  x2=0x80003218
        2535000	       154	8000021c	08c10113	addi	x2,x2,140	  x2:0x80003218  x2=0x800032a4
        2545000	       155	80000220	dddde337	lui	x6,0xdddde	  x6=0xdddde000
        2555000	       156	80000224	ddd30313	addi	x6,x6,-547	  x6:0xdddde000  x6=0xdddddddd
        2565000	       157	80000228	911a	c.add	x2,x6	  x2:0x800032a4  x6:0xdddddddd  x2=0x5dde1081
        2575000	       158	8000022a	00215113	srli	x2,x2,0x2	  x2:0x5dde1081  x2=0x17778420
        2585000	       159	8000022e	3bd11073	csrrw	x0,pmpaddr13,x2	  x2:0x17778420  x0=0x00000000
        2615000	       162	80000232	00003117	auipc	x2,0x3	  x2=0x80003232
        2625000	       163	80000236	07210113	addi	x2,x2,114	  x2:0x80003232  x2=0x800032a4
        2635000	       164	8000023a	eeeef337	lui	x6,0xeeeef	  x6=0xeeeef000
        2645000	       165	8000023e	eee30313	addi	x6,x6,-274	  x6:0xeeeef000  x6=0xeeeeeeee
        2655000	       166	80000242	911a	c.add	x2,x6	  x2:0x800032a4  x6:0xeeeeeeee  x2=0x6eef2192
        2665000	       167	80000244	00215113	srli	x2,x2,0x2	  x2:0x6eef2192  x2=0x1bbbc864
        2675000	       168	80000248	3be11073	csrrw	x0,pmpaddr14,x2	  x2:0x1bbbc864  x0=0x00000000
        2705000	       171	8000024c	00003117	auipc	x2,0x3	  x2=0x8000324c
        2715000	       172	80000250	05810113	addi	x2,x2,88	  x2:0x8000324c  x2=0x800032a4
        2725000	       173	80000254	fff00313	addi	x6,x0,-1	  x0:0x00000000  x6=0xffffffff
        2735000	       174	80000258	911a	c.add	x2,x6	  x2:0x800032a4  x6:0xffffffff  x2=0x800032a3
        2745000	       175	8000025a	00215113	srli	x2,x2,0x2	  x2:0x800032a3  x2=0x20000ca8
        2755000	       176	8000025e	3bf11073	csrrw	x0,pmpaddr15,x2	  x2:0x20000ca8  x0=0x00000000
        2785000	       179	80000262	0f0f1137	lui	x2,0xf0f1	  x2=0x0f0f1000
        2795000	       180	80000266	f0f10113	addi	x2,x2,-241	  x2:0x0f0f1000  x2=0x0f0f0f0f
        2805000	       181	8000026a	3a311073	csrrw	x0,pmpcfg3,x2	  x2:0x0f0f0f0f  x0=0x00000000
        2835000	       184	8000026e	00000317	auipc	x6,0x0	  x6=0x8000026e
        2845000	       185	80000272	06030313	addi	x6,x6,96	  x6:0x8000026e  x6=0x800002ce
        2855000	       186	80000276	34131073	csrrw	x0,mepc,x6	  x6:0x800002ce  x0=0x00000000
        2865000	       187	8000027a	7c00d073	csrrwi	x0,0x7c0,1	  x0=0x00000000
        2895000	       190	8000027e	4301	c.li	x6,0	  x6=0x00000000
        2905000	       191	80000280	30031073	csrrw	x0,mstatus,x6	  x6:0x00000000  x0=0x00000000
        2935000	       194	80000284	4301	c.li	x6,0	  x6=0x00000000
        2945000	       195	80000286	30431073	csrrw	x0,mie,x6	  x6:0x00000000  x0=0x00000000
        2975000	       198	8000028a	90000a37	lui	x20,0x90000	 x20=0x90000000
        2985000	       199	8000028e	1a71	c.addi	x20,-4	 x20:0x90000000 x20=0x8ffffffc
        2995000	       200	80000290	90000a37	lui	x20,0x90000	 x20=0x90000000
        3005000	       201	80000294	1a71	c.addi	x20,-4	 x20:0x90000000 x20=0x8ffffffc
        3015000	       202	80000296	90000a37	lui	x20,0x90000	 x20=0x90000000
        3025000	       203	8000029a	1a71	c.addi	x20,-4	 x20:0x90000000 x20=0x8ffffffc
        3035000	       204	8000029c	30000313	addi	x6,x0,768	  x0:0x00000000  x6=0x00000300
        3045000	       205	800002a0	0322	c.slli	x6,0x8	  x6:0x00000300  x6=0x00030000
        3055000	       206	800002a2	030d	c.addi	x6,3	  x6:0x00030000  x6=0x00030003
        3065000	       207	800002a4	006a2023	sw	x6,0(x20)	 x20:0x8ffffffc  x6:0x00030003 PA:0x8ffffffc store:0x00030003 load:0x00000000
        3075000	       208	800002a8	30002373	csrrs	x6,mstatus,x0	  x0:0x00000000  x6=0x00000000
        3085000	       209	800002ac	006a2023	sw	x6,0(x20)	 x20:0x8ffffffc  x6:0x00000000 PA:0x8ffffffc store:0x00000000 load:0x00000000
        3095000	       210	800002b0	90000a37	lui	x20,0x90000	 x20=0x90000000
        3105000	       211	800002b4	1a71	c.addi	x20,-4	 x20:0x90000000 x20=0x8ffffffc
        3115000	       212	800002b6	30400313	addi	x6,x0,772	  x0:0x00000000  x6=0x00000304
        3125000	       213	800002ba	0322	c.slli	x6,0x8	  x6:0x00000304  x6=0x00030400
        3135000	       214	800002bc	030d	c.addi	x6,3	  x6:0x00030400  x6=0x00030403
        3145000	       215	800002be	006a2023	sw	x6,0(x20)	 x20:0x8ffffffc  x6:0x00030403 PA:0x8ffffffc store:0x00030403 load:0x00000000
        3155000	       216	800002c2	30402373	csrrs	x6,mie,x0	  x0:0x00000000  x6=0x00000000
        3165000	       217	800002c6	006a2023	sw	x6,0(x20)	 x20:0x8ffffffc  x6:0x00000000 PA:0x8ffffffc store:0x00000000 load:0x00000000
        3175000	       218	800002ca	30200073	mret	
        3215000	       222	800002ce	ff8b8037	lui	x0,0xff8b8	  x0=0x00000000
        3225000	       223	800002d2	10e00013	addi	x0,x0,270	  x0:0x00000000  x0=0x00000000
        3235000	       224	800002d6	7327d0b7	lui	x1,0x7327d	  x1=0x7327d000
        3245000	       225	800002da	ba008093	addi	x1,x1,-1120	  x1:0x7327d000  x1=0x7327cba0
        3255000	       226	800002de	f5e3a137	lui	x2,0xf5e3a	  x2=0xf5e3a000
        3265000	       227	800002e2	89510113	addi	x2,x2,-1899	  x2:0xf5e3a000  x2=0xf5e39895
        3275000	       228	800002e6	4181	c.li	x3,0	  x3=0x00000000
        3285000	       229	800002e8	6511b237	lui	x4,0x6511b	  x4=0x6511b000
        3295000	       230	800002ec	bba20213	addi	x4,x4,-1094	  x4:0x6511b000  x4=0x6511abba
        3305000	       231	800002f0	e2e872b7	lui	x5,0xe2e87	  x5=0xe2e87000
        3315000	       232	800002f4	5c428293	addi	x5,x5,1476	  x5:0xe2e87000  x5=0xe2e875c4
        3325000	       233	800002f8	4301	c.li	x6,0	  x6=0x00000000
        3335000	       234	800002fa	43a5	c.li	x7,9	  x7=0x00000009
        3345000	       235	800002fc	80000437	lui	x8,0x80000	  x8=0x80000000
        3355000	       236	80000300	f944e4b7	lui	x9,0xf944e	  x9=0xf944e000
        3365000	       237	80000304	20f48493	addi	x9,x9,527	  x9:0xf944e000  x9=0xf944e20f
        3375000	       238	80000308	4501	c.li	x10,0	 x10=0x00000000
        3385000	       239	8000030a	45a5	c.li	x11,9	 x11=0x00000009
        3395000	       240	8000030c	f0c556b7	lui	x13,0xf0c55	 x13=0xf0c55000
        3405000	       241	80000310	da468693	addi	x13,x13,-604	 x13:0xf0c55000 x13=0xf0c54da4
        3415000	       242	80000314	fd8fc7b7	lui	x15,0xfd8fc	 x15=0xfd8fc000
        3425000	       243	80000318	e7e78793	addi	x15,x15,-386	 x15:0xfd8fc000 x15=0xfd8fbe7e
        3435000	       244	8000031c	4801	c.li	x16,0	 x16=0x00000000
        3445000	       245	8000031e	651938b7	lui	x17,0x65193	 x17=0x65193000
        3455000	       246	80000322	5eb88893	addi	x17,x17,1515	 x17:0x65193000 x17=0x651935eb
        3465000	       247	80000326	4911	c.li	x18,4	 x18=0x00000004
        3475000	       248	80000328	800009b7	lui	x19,0x80000	 x19=0x80000000
        3485000	       249	8000032c	4a29	c.li	x20,10	 x20=0x0000000a
        3495000	       250	8000032e	ff2dfab7	lui	x21,0xff2df	 x21=0xff2df000
        3505000	       251	80000332	586a8a93	addi	x21,x21,1414	 x21:0xff2df000 x21=0xff2df586
        3515000	       252	80000336	80000b37	lui	x22,0x80000	 x22=0x80000000
        3525000	       253	8000033a	fa72bbb7	lui	x23,0xfa72b	 x23=0xfa72b000
        3535000	       254	8000033e	098b8b93	addi	x23,x23,152	 x23:0xfa72b000 x23=0xfa72b098
        3545000	       255	80000342	4c09	c.li	x24,2	 x24=0x00000002
        3555000	       256	80000344	4cb9	c.li	x25,14	 x25=0x0000000e
        3565000	       257	80000346	4d01	c.li	x26,0	 x26=0x00000000
        3575000	       258	80000348	4d81	c.li	x27,0	 x27=0x00000000
        3585000	       259	8000034a	4e35	c.li	x28,13	 x28=0x0000000d
        3595000	       260	8000034c	82ec1eb7	lui	x29,0x82ec1	 x29=0x82ec1000
        3605000	       261	80000350	cb0e8e93	addi	x29,x29,-848	 x29:0x82ec1000 x29=0x82ec0cb0
        3615000	       262	80000354	cac09f37	lui	x30,0xcac09	 x30=0xcac09000
        3625000	       263	80000358	9bdf0f13	addi	x30,x30,-1603	 x30:0xcac09000 x30=0xcac089bd
        3635000	       264	8000035c	80000fb7	lui	x31,0x80000	 x31=0x80000000
        3645000	       265	80000360	00022617	auipc	x12,0x22	 x12=0x80022360
        3655000	       266	80000364	b0460613	addi	x12,x12,-1276	 x12:0x80022360 x12=0x80021e64
        3665000	       267	80000368	90000a37	lui	x20,0x90000	 x20=0x90000000
        3675000	       268	8000036c	1a71	c.addi	x20,-4	 x20:0x90000000 x20=0x8ffffffc
        3685000	       269	8000036e	4301	c.li	x6,0	  x6=0x00000000
        3695000	       270	80000370	0322	c.slli	x6,0x8	  x6:0x00000000  x6=0x00000000
        3705000	       271	80000372	00030313	addi	x6,x6,0	  x6:0x00000000  x6=0x00000000
        3715000	       272	80000376	006a2023	sw	x6,0(x20)	 x20:0x8ffffffc  x6:0x00000000 PA:0x8ffffffc store:0x00000000 load:0x00000000
        3725000	       273	8000037a	72b0206f	jal	x0,800032a4	  x0=0x00000000
        3775000	       278	800032a4	02011b33	mulh	x22,x2,x0	  x2:0xf5e39895  x0:0x00000000 x22=0x00000000
        3785000	       279	800032a8	04df5063	bge	x30,x13,800032e8	 x30:0xcac089bd x13:0xf0c54da4
        3795000	       280	800032ac	8019	c.srli	x8,0x6	  x8:0x80000000  x8=0x02000000
        3805000	       281	800032ae	8468a993	slti	x19,x17,-1978	 x17:0x651935eb x19=0x00000000
        3815000	       282	800032b2	40865593	srai	x11,x12,0x8	 x12:0x80021e64 x11=0xff80021e
        4185000	       319	800032b6	03edfb33	remu	x22,x27,x30	 x27:0x00000000 x30:0xcac089bd x22=0x00000000
        4195000	       320	800032ba	814b0a13	addi	x20,x22,-2028	 x22:0x00000000 x20=0xfffff814
        4205000	       321	800032be	04818163	beq	x3,x8,80003300	  x3:0x00000000  x8:0x02000000
        4215000	       322	800032c2	6df5	c.lui	x27,0x1d	 x27=0x0001d000
        4225000	       323	800032c4	0e1a	c.slli	x28,0x6	 x28:0x0000000d x28=0x00000340
        4265000	       327	800032c6	02de23b3	mulhsu	x7,x28,x13	 x28:0x00000340 x13:0xf0c54da4  x7=0x0000030e
        4275000	       328	800032ca	0001	c.addi	x0,0	  x0:0x00000000  x0=0x00000000
        4285000	       329	800032cc	04a48163	beq	x9,x10,8000330e	  x9:0xf944e20f x10:0x00000000
        4295000	       330	800032d0	0001	c.addi	x0,0	  x0:0x00000000  x0=0x00000000
        4335000	       334	800032d2	02bb3c33	mulhu	x24,x22,x11	 x22:0x00000000 x11:0xff80021e x24=0x00000000
        4345000	       335	800032d6	9ace6393	ori	x7,x28,-1620	 x28:0x00000340  x7=0xfffffbec
        4355000	       336	800032da	00d8ea63	bltu	x17,x13,800032ee	 x17:0x651935eb x13:0xf0c54da4
        4385000	       339	800032ee	002a66b3	or	x13,x20,x2	 x20:0xfffff814  x2:0xf5e39895 x13=0xfffff895
        4395000	       340	800032f2	011f3ab3	sltu	x21,x30,x17	 x30:0xcac089bd x17:0x651935eb x21=0x00000000
        4405000	       341	800032f6	8ed9	c.or	x13,x14	 x13:0xfffff895 x14:0x80025ce4 x13=0xfffffcf5
        4415000	       342	800032f8	46af6e93	ori	x29,x30,1130	 x30:0xcac089bd x29=0xcac08dff
        4425000	       343	800032fc	05b3c163	blt	x7,x27,8000333e	  x7:0xfffffbec x27:0x0001d000
        4445000	       345	8000333e	8839	c.andi	x8,14	  x8:0x02000000  x8=0x00000000
        4455000	       346	80003340	942a	c.add	x8,x10	  x8:0x00000000 x10:0x00000000  x8=0x00000000
        4465000	       347	80003342	417e57b3	sra	x15,x28,x23	 x28:0x00000340 x23:0xfa72b098 x15=0x00000000
        4475000	       348	80003346	02544563	blt	x8,x5,80003370	  x8:0x00000000  x5:0xe2e875c4
        4515000	       352	8000334a	02313933	mulhu	x18,x2,x3	  x2:0xf5e39895  x3:0x00000000 x18=0x00000000
        4525000	       353	8000334e	8d1d	c.sub	x10,x15	 x10:0x00000000 x15:0x00000000 x10=0x00000000
        4535000	       354	80003350	9b728a13	addi	x20,x5,-1609	  x5:0xe2e875c4 x20=0xe2e86f7b
        4545000	       355	80003354	057b1163	bne	x22,x23,80003396	 x22:0x00000000 x23:0xfa72b098
        4565000	       357	80003396	8fc1	c.or	x15,x8	 x15:0x00000000  x8:0x00000000 x15=0x00000000
        4575000	       358	80003398	80bd	c.srli	x9,0xf	  x9:0xf944e20f  x9=0x0001f289
        4585000	       359	8000339a	03f58f63	beq	x11,x31,800033d8	 x11:0xff80021e x31:0x80000000
        4595000	       360	8000339e	84d1	c.srai	x9,0x14	  x9:0x0001f289  x9=0x00000000
        4605000	       361	800033a0	01eda5b3	slt	x11,x27,x30	 x27:0x0001d000 x30:0xcac089bd x11=0x00000000
        4615000	       362	800033a4	00250263	beq	x10,x2,800033a8	 x10:0x00000000  x2:0xf5e39895
        4625000	       363	800033a8	4181d693	srai	x13,x3,0x18	  x3:0x00000000 x13=0x00000000
        4635000	       364	800033ac	03928463	beq	x5,x25,800033d4	  x5:0xe2e875c4 x25:0x0000000e
        4645000	       365	800033b0	010a9493	slli	x9,x21,0x10	 x21:0x00000000  x9=0x00000000
        4655000	       366	800033b4	6341	c.lui	x6,0x10	  x6=0x00010000
        4665000	       367	800033b6	005509b3	add	x19,x10,x5	 x10:0x00000000  x5:0xe2e875c4 x19=0xe2e875c4
        4695000	       370	800033ba	02898233	mul	x4,x19,x8	 x19:0xe2e875c4  x8:0x00000000  x4=0x00000000
        4705000	       371	800033be	70e50b13	addi	x22,x10,1806	 x10:0x00000000 x22=0x0000070e
        4715000	       372	800033c2	9e2157b7	lui	x15,0x9e215	 x15=0x9e215000
        4725000	       373	800033c6	004eda13	srli	x20,x29,0x4	 x29:0xcac08dff x20=0x0cac08df
        4735000	       374	800033ca	414bc493	xori	x9,x23,1044	 x23:0xfa72b098  x9=0xfa72b48c
        4745000	       375	800033ce	8c11	c.sub	x8,x12	  x8:0x00000000 x12:0x80021e64  x8=0x7ffde19c
        4755000	       376	800033d0	184b3993	sltiu	x19,x22,388	 x22:0x0000070e x19=0x00000000
        4765000	       377	800033d4	01963eb3	sltu	x29,x12,x25	 x12:0x80021e64 x25:0x0000000e x29=0x00000000
        4775000	       378	800033d8	5f642a13	slti	x20,x8,1526	  x8:0x7ffde19c x20=0x00000000
        4785000	       379	800033dc	5c7d	c.li	x24,-1	 x24=0xffffffff
        4795000	       380	800033de	b6f9ba13	sltiu	x20,x19,-1169	 x19:0x00000000 x20=0x00000001
        4805000	       381	800033e2	00000c97	auipc	x25,0x0	 x25=0x800033e2
        4815000	       382	800033e6	0cec8c93	addi	x25,x25,206	 x25:0x800033e2 x25=0x800034b0
        5185000	       419	800033ea	0362f5b3	remu	x11,x5,x22	  x5:0xe2e875c4 x22:0x0000070e x11=0x0000067e
        5225000	       423	800033ee	02cd9433	mulh	x8,x27,x12	 x27:0x0001d000 x12:0x80021e64  x8=0xffff1803
        5235000	       424	800033f2	1ce1	c.addi	x25,-8	 x25:0x800034b0 x25=0x800034a8
        5255000	       426	800033f4	0247d533	divu	x10,x15,x4	 x15:0x9e215000  x4:0x00000000 x10=0xffffffff
        5265000	       427	800033f8	00c27c33	and	x24,x4,x12	  x4:0x00000000 x12:0x80021e64 x24=0x00000000
        5275000	       428	800033fc	00531363	bne	x6,x5,80003402	  x6:0x00010000  x5:0xe2e875c4
        5305000	       431	80003402	009c80e7	jalr	x1,9(x25)	 x25:0x800034a8  x1=0x80003406
        5325000	       433	800034b0	e681	c.bnez	x13,800034b8	 x13:0x00000000
        5335000	       434	800034b2	8fd5	c.or	x15,x13	 x15:0x9e215000 x13:0x00000000 x15=0x9e215000
        5375000	       438	800034b4	03a93a33	mulhu	x20,x18,x26	 x18:0x00000000 x26:0x00000000 x20=0x00000000
        5385000	       439	800034b8	fc060613	addi	x12,x12,-64	 x12:0x80021e64 x12=0x80021e24
        5395000	       440	800034bc	00162223	sw	x1,4(x12)	 x12:0x80021e24  x1:0x80003406 PA:0x80021e28 store:0x80003406 load:0x00000000
        5405000	       441	800034c0	81cd	c.srli	x11,0x13	 x11:0x0000067e x11=0x00000000
        5415000	       442	800034c2	00000697	auipc	x13,0x0	 x13=0x800034c2
        5425000	       443	800034c6	44868693	addi	x13,x13,1096	 x13:0x800034c2 x13=0x8000390a
        5435000	       444	800034ca	0ff0000f	fence	iorw,iorw	
        5445000	       445	800034ce	004485b3	add	x11,x9,x4	  x9:0xfa72b48c  x4:0x00000000 x11=0xfa72b48c
        5475000	       448	800034d2	031b00b3	mul	x1,x22,x17	 x22:0x0000070e x17:0x651935eb  x1=0x37da5fda
        5485000	       449	800034d6	02b9	c.addi	x5,14	  x5:0xe2e875c4  x5=0xe2e875d2
        5495000	       450	800034d8	7fab9997	auipc	x19,0x7fab9	 x19=0xffabc4d8
        5505000	       451	800034dc	6ebbed93	ori	x27,x23,1771	 x23:0xfa72b098 x27=0xfa72b6fb
        5515000	       452	800034e0	f7288793	addi	x15,x17,-142	 x17:0x651935eb x15=0x6519355d
        5535000	       454	800034e4	02454fb3	div	x31,x10,x4	 x10:0xffffffff  x4:0x00000000 x31=0xffffffff
        5575000	       458	800034e8	02c0b1b3	mulhu	x3,x1,x12	  x1:0x37da5fda x12:0x80021e24  x3=0x1beda635
        5585000	       459	800034ec	3b168693	addi	x13,x13,945	 x13:0x8000390a x13=0x80003cbb
        5595000	       460	800034f0	011372b3	and	x5,x6,x17	  x6:0x00010000 x17:0x651935eb  x5=0x00010000
        5605000	       461	800034f4	c4f680e7	jalr	x1,-945(x13)	 x13:0x80003cbb  x1=0x800034f8
        5635000	       464	8000390a	6cab0293	addi	x5,x22,1738	 x22:0x0000070e  x5=0x00000dd8
        5645000	       465	8000390e	1601	c.addi	x12,-32	 x12:0x80021e24 x12=0x80021e04
        5655000	       466	80003910	8df9	c.and	x11,x14	 x11:0xfa72b48c x14:0x80025ce4 x11=0x80021484
        5665000	       467	80003912	0001	c.addi	x0,0	  x0:0x00000000  x0=0x00000000
        5675000	       468	80003914	0001	c.addi	x0,0	  x0:0x00000000  x0=0x00000000
        5685000	       469	80003916	00162223	sw	x1,4(x12)	 x12:0x80021e04  x1:0x800034f8 PA:0x80021e08 store:0x800034f8 load:0x00000000
        5695000	       470	8000391a	41fa8533	sub	x10,x21,x31	 x21:0x00000000 x31:0xffffffff x10=0x00000001
        5705000	       471	8000391e	53fd	c.li	x7,-1	  x7=0xffffffff
        5715000	       472	80003920	0001	c.addi	x0,0	  x0:0x00000000  x0=0x00000000
        5725000	       473	80003922	00da4c63	blt	x20,x13,8000393a	 x20:0x00000000 x13:0x80003cbb
        5735000	       474	80003926	0000100f	fence.i	
        5765000	       477	8000392a	01c142b3	xor	x5,x2,x28	  x2:0xf5e39895 x28:0x00000340  x5=0xf5e39bd5
        5775000	       478	8000392e	8dad	c.xor	x11,x11	 x11:0x80021484 x11:0x80021484 x11=0x00000000
        5785000	       479	80003930	0001	c.addi	x0,0	  x0:0x00000000  x0=0x00000000
        5795000	       480	80003932	00f7cb33	xor	x22,x15,x15	 x15:0x6519355d x15:0x6519355d x22=0x00000000
        5805000	       481	80003936	418709b3	sub	x19,x14,x24	 x14:0x80025ce4 x24:0x00000000 x19=0x80025ce4
        5815000	       482	8000393a	016fca33	xor	x20,x31,x22	 x31:0xffffffff x22:0x00000000 x20=0xffffffff
        5825000	       483	8000393e	016620b3	slt	x1,x12,x22	 x12:0x80021e04 x22:0x00000000  x1=0x00000001
        5835000	       484	80003942	978a	c.add	x15,x2	 x15:0x6519355d  x2:0xf5e39895 x15=0x5afccdf2
        5845000	       485	80003944	4090da33	sra	x20,x1,x9	  x1:0x00000001  x9:0xfa72b48c x20=0x00000000
        5855000	       486	80003948	0095dc63	bge	x11,x9,80003960	 x11:0x00000000  x9:0xfa72b48c
        5875000	       488	80003960	8de1	c.and	x11,x8	 x11:0x00000000  x8:0xffff1803 x11=0x00000000
        5885000	       489	80003962	002d8e63	beq	x27,x2,8000397e	 x27:0xfa72b6fb  x2:0xf5e39895
        5895000	       490	80003966	63d9	c.lui	x7,0x16	  x7=0x00016000
        5905000	       491	80003968	65d9	c.lui	x11,0x16	 x11=0x00016000
        5935000	       494	8000396a	033181b3	mul	x3,x3,x19	  x3:0x1beda635 x19:0x80025ce4  x3=0x13cd1334
        5945000	       495	8000396e	8d35	c.xor	x10,x13	 x10:0x00000001 x13:0x80003cbb x10=0x80003cba
        5955000	       496	80003970	e96a3bb7	lui	x23,0xe96a3	 x23=0xe96a3000
        5965000	       497	80003974	008d5433	srl	x8,x26,x8	 x26:0x00000000  x8:0xffff1803  x8=0x00000000
        5975000	       498	80003978	03e20763	beq	x4,x30,800039a6	  x4:0x00000000 x30:0xcac089bd
        5985000	       499	8000397c	68a5	c.lui	x17,0x9	 x17=0x00009000
        5995000	       500	8000397e	9e47efb7	lui	x31,0x9e47e	 x31=0x9e47e000
        6005000	       501	80003982	8185	c.srli	x11,0x1	 x11:0x00016000 x11=0x0000b000
        6015000	       502	80003984	6b19	c.lui	x22,0x6	 x22=0x00006000
        6025000	       503	80003986	6085	c.lui	x1,0x1	  x1=0x00001000
        6035000	       504	80003988	8d49	c.or	x10,x10	 x10:0x80003cba x10:0x80003cba x10=0x80003cba
        6045000	       505	8000398a	012694b3	sll	x9,x13,x18	 x13:0x80003cbb x18:0x00000000  x9=0x80003cbb
        6055000	       506	8000398e	41f2d813	srai	x16,x5,0x1f	  x5:0xf5e39bd5 x16=0xffffffff
        6065000	       507	80003992	90e1e693	ori	x13,x3,-1778	  x3:0x13cd1334 x13=0xfffffb3e
        6075000	       508	80003996	007235b3	sltu	x11,x4,x7	  x4:0x00000000  x7:0x00016000 x11=0x00000001
        6085000	       509	8000399a	016bed63	bltu	x23,x22,800039b4	 x23:0xe96a3000 x22:0x00006000
        6095000	       510	8000399e	0ff0000f	fence	iorw,iorw	
        6105000	       511	800039a2	2812a893	slti	x17,x5,641	  x5:0xf5e39bd5 x17=0x00000001
        6115000	       512	800039a6	8ee1	c.and	x13,x8	 x13:0xfffffb3e  x8:0x00000000 x13=0x00000000
        6155000	       516	800039a8	032838b3	mulhu	x17,x16,x18	 x16:0xffffffff x18:0x00000000 x17=0x00000000
        6165000	       517	800039ac	c995	c.beqz	x11,800039e0	 x11:0x00000001
        6175000	       518	800039ae	cae1ad13	slti	x26,x3,-850	  x3:0x13cd1334 x26=0x00000000
        6185000	       519	800039b2	6ced	c.lui	x25,0x1b	 x25=0x0001b000
        6195000	       520	800039b4	00eb48b3	xor	x17,x22,x14	 x22:0x00006000 x14:0x80025ce4 x17=0x80023ce4
        6205000	       521	800039b8	8cc5	c.or	x9,x9	  x9:0x80003cbb  x9:0x80003cbb  x9=0x80003cbb
        6215000	       522	800039ba	2ade8893	addi	x17,x29,685	 x29:0x00000000 x17=0x000002ad
        6235000	       524	800039be	020f63b3	rem	x7,x30,x0	 x30:0xcac089bd  x0:0x00000000  x7=0xcac089bd
        6245000	       525	800039c2	4131da33	sra	x20,x3,x19	  x3:0x13cd1334 x19:0x80025ce4 x20=0x013cd133
        6265000	       527	800039c6	020edcb3	divu	x25,x29,x0	 x29:0x00000000  x0:0x00000000 x25=0xffffffff
        6275000	       528	800039ca	cc3fca93	xori	x21,x31,-829	 x31:0x9e47e000 x21=0x61b81cc3
        6285000	       529	800039ce	62cd	c.lui	x5,0x13	  x5=0x00013000
        6295000	       530	800039d0	e089	c.bnez	x9,800039d2	  x9:0x80003cbb
        6325000	       533	800039d2	7b45a513	slti	x10,x11,1972	 x11:0x00000001 x10=0x00000001
        6335000	       534	800039d6	0be5	c.addi	x23,25	 x23:0xe96a3000 x23=0xe96a3019
        6345000	       535	800039d8	2adcbf13	sltiu	x30,x25,685	 x25:0xffffffff x30=0x00000000
        6355000	       536	800039dc	404c85b3	sub	x11,x25,x4	 x25:0xffffffff  x4:0x00000000 x11=0xffffffff
        6365000	       537	800039e0	01fa6e63	bltu	x20,x31,800039fc	 x20:0x013cd133 x31:0x9e47e000
        6385000	       539	800039fc	98d2	c.add	x17,x20	 x17:0x000002ad x20:0x013cd133 x17=0x013cd3e0
        6395000	       540	800039fe	80a5	c.srli	x9,0x9	  x9:0x80003cbb  x9=0x0040001e
        6405000	       541	80003a00	483daf93	slti	x31,x27,1155	 x27:0xfa72b6fb x31=0x00000001
        6415000	       542	80003a04	9c46	c.add	x24,x17	 x24:0x00000000 x17:0x013cd3e0 x24=0x013cd3e0
        6425000	       543	80003a06	d954fd13	andi	x26,x9,-619	  x9:0x0040001e x26=0x00400014
        6435000	       544	80003a0a	9afd	c.andi	x13,-1	 x13:0x00000000 x13=0x00000000
        6445000	       545	80003a0c	027e5263	bge	x28,x7,80003a30	 x28:0x00000340  x7:0xcac089bd
        6465000	       547	80003a30	8ea1	c.xor	x13,x8	 x13:0x00000000  x8:0x00000000 x13=0x00000000
        6475000	       548	80003a32	0146be33	sltu	x28,x13,x20	 x13:0x00000000 x20:0x013cd133 x28=0x00000001
        6485000	       549	80003a36	6921	c.lui	x18,0x8	 x18=0x00008000
        6495000	       550	80003a38	6c5c7517	auipc	x10,0x6c5c7	 x10=0xec5caa38
        6505000	       551	80003a3c	fa151517	auipc	x10,0xfa151	 x10=0x7a154a3c
        6515000	       552	80003a40	8d39	c.xor	x10,x14	 x10:0x7a154a3c x14:0x80025ce4 x10=0xfa1716d8
        6525000	       553	80003a42	997d	c.andi	x10,-1	 x10:0xfa1716d8 x10=0xfa1716d8
        6895000	       590	80003a44	027178b3	remu	x17,x2,x7	  x2:0xf5e39895  x7:0xcac089bd x17=0x2b230ed8
        6905000	       591	80003a48	64b9	c.lui	x9,0xe	  x9=0x0000e000
        6915000	       592	80003a4a	01ac20b3	slt	x1,x24,x26	 x24:0x013cd3e0 x26:0x00400014  x1=0x00000000
        6925000	       593	80003a4e	01384f63	blt	x16,x19,80003a6c	 x16:0xffffffff x19:0x80025ce4
        6935000	       594	80003a52	04554563	blt	x10,x5,80003a9c	 x10:0xfa1716d8  x5:0x00013000
        6955000	       596	80003a9c	555e0e93	addi	x29,x28,1365	 x28:0x00000001 x29=0x00000556
        6965000	       597	80003aa0	01f85893	srli	x17,x16,0x1f	 x16:0xffffffff x17=0x00000001
        6975000	       598	80003aa4	0001	c.addi	x0,0	  x0:0x00000000  x0=0x00000000
        7345000	       635	80003aa6	03c7f6b3	remu	x13,x15,x28	 x15:0x5afccdf2 x28:0x00000001 x13=0x00000000
        7355000	       636	80003aaa	002c5413	srli	x8,x24,0x2	 x24:0x013cd3e0  x8=0x004f34f8
        7395000	       640	80003aae	02b4beb3	mulhu	x29,x9,x11	  x9:0x0000e000 x11:0xffffffff x29=0x0000dfff
        7405000	       641	80003ab2	01ec4fb3	xor	x31,x24,x30	 x24:0x013cd3e0 x30:0x00000000 x31=0x013cd3e0
        7415000	       642	80003ab6	0f76	c.slli	x30,0x1d	 x30:0x00000000 x30=0x00000000
        7425000	       643	80003ab8	0ff0000f	fence	iorw,iorw	
        7435000	       644	80003abc	004f4f33	xor	x30,x30,x4	 x30:0x00000000  x4:0x00000000 x30=0x00000000
        7445000	       645	80003ac0	3f2a3213	sltiu	x4,x20,1010	 x20:0x013cd133  x4=0x00000000
        7475000	       648	80003ac4	03f60333	mul	x6,x12,x31	 x12:0x80021e04 x31:0x013cd3e0  x6=0xcd878f80
        7845000	       685	80003ac8	03c6c233	div	x4,x13,x28	 x13:0x00000000 x28:0x00000001  x4=0x00000000
        7855000	       686	80003acc	02177363	bgeu	x14,x1,80003af2	 x14:0x80025ce4  x1:0x00000000
        7885000	       689	80003af2	000a7463	bgeu	x20,x0,80003afa	 x20:0x013cd133  x0:0x00000000
        7945000	       695	80003afa	03d610b3	mulh	x1,x12,x29	 x12:0x80021e04 x29:0x0000dfff  x1=0xffff9002
        7955000	       696	80003afe	003893b3	sll	x7,x17,x3	 x17:0x00000001  x3:0x13cd1334  x7=0x00100000
        7965000	       697	80003b02	8d4d	c.or	x10,x11	 x10:0xfa1716d8 x11:0xffffffff x10=0xffffffff
        7975000	       698	80003b04	016464b3	or	x9,x8,x22	  x8:0x004f34f8 x22:0x00006000  x9=0x004f74f8
        7985000	       699	80003b08	a3028393	addi	x7,x5,-1488	  x5:0x00013000  x7=0x00012a30
        7995000	       700	80003b0c	807d	c.srli	x8,0x1f	  x8:0x004f34f8  x8=0x00000000
        8005000	       701	80003b0e	24a47013	andi	x0,x8,586	  x8:0x00000000  x0=0x00000000
        8015000	       702	80003b12	411154b3	sra	x9,x2,x17	  x2:0xf5e39895 x17:0x00000001  x9=0xfaf1cc4a
        8025000	       703	80003b16	86c9	c.srai	x13,0x12	 x13:0x00000000 x13=0x00000000
        8035000	       704	80003b18	3fc23e93	sltiu	x29,x4,1020	  x4:0x00000000 x29=0x00000001
        8045000	       705	80003b1c	01df5e33	srl	x28,x30,x29	 x30:0x00000000 x29:0x00000001 x28=0x00000000
        8055000	       706	80003b20	8cad	c.xor	x9,x11	  x9:0xfaf1cc4a x11:0xffffffff  x9=0x050e33b5
        8065000	       707	80003b22	4057d8b3	sra	x17,x15,x5	 x15:0x5afccdf2  x5:0x00013000 x17=0x5afccdf2
        8075000	       708	80003b26	01b81393	slli	x7,x16,0x1b	 x16:0xffffffff  x7=0xf8000000
        8085000	       709	80003b2a	8ce9	c.and	x9,x10	  x9:0x050e33b5 x10:0xffffffff  x9=0x050e33b5
        8095000	       710	80003b2c	0001	c.addi	x0,0	  x0:0x00000000  x0=0x00000000
        8105000	       711	80003b2e	0b59	c.addi	x22,22	 x22:0x00006000 x22=0x00006016
        8115000	       712	80003b30	c1b9	c.beqz	x11,80003b76	 x11:0xffffffff
        8155000	       716	80003b32	0317af33	mulhsu	x30,x15,x17	 x15:0x5afccdf2 x17:0x5afccdf2 x30=0x2056ba74
        8525000	       753	80003b36	026e64b3	rem	x9,x28,x6	 x28:0x00000000  x6:0xcd878f80  x9=0x00000000
        8535000	       754	80003b3a	084d	c.addi	x16,19	 x16:0xffffffff x16=0x00000012
        8545000	       755	80003b3c	00394ab3	xor	x21,x18,x3	 x18:0x00008000  x3:0x13cd1334 x21=0x13cd9334
        8555000	       756	80003b40	8d52	c.mv	x26,x20	  x0:0x00000000 x20:0x013cd133 x26=0x013cd133
        8565000	       757	80003b42	9afbc913	xori	x18,x23,-1617	 x23:0xe96a3019 x18=0x1695c9b6
        8575000	       758	80003b46	891d	c.andi	x10,7	 x10:0xffffffff x10=0x00000007
        8585000	       759	80003b48	00436f63	bltu	x6,x4,80003b66	  x6:0xcd878f80  x4:0x00000000
        8595000	       760	80003b4c	1f7d	c.addi	x30,-1	 x30:0x2056ba74 x30=0x2056ba73
        8605000	       761	80003b4e	0152a2b3	slt	x5,x5,x21	  x5:0x00013000 x21:0x13cd9334  x5=0x00000001
        8615000	       762	80003b52	3b2b0c13	addi	x24,x22,946	 x22:0x00006016 x24=0x000063c8
        8625000	       763	80003b56	01bd83b3	add	x7,x27,x27	 x27:0xfa72b6fb x27:0xfa72b6fb  x7=0xf4e56df6
        8635000	       764	80003b5a	01c31263	bne	x6,x28,80003b5e	  x6:0xcd878f80 x28:0x00000000
        9025000	       803	80003b5e	030e40b3	div	x1,x28,x16	 x28:0x00000000 x16:0x00000012  x1=0x00000000
        9035000	       804	80003b62	00330433	add	x8,x6,x3	  x6:0xcd878f80  x3:0x13cd1334  x8=0xe154a2b4
        9045000	       805	80003b66	01eb5533	srl	x10,x22,x30	 x22:0x00006016 x30:0x2056ba73 x10=0x00000000
        9055000	       806	80003b6a	01001c63	bne	x0,x16,80003b82	  x0:0x00000000 x16:0x00000012
        9075000	       808	80003b82	c885	c.beqz	x9,80003bb2	  x9:0x00000000
        9135000	       814	80003bb2	02d7a2b3	mulhsu	x5,x15,x13	 x15:0x5afccdf2 x13:0x00000000  x5=0x00000000
        9175000	       818	80003bb6	03129fb3	mulh	x31,x5,x17	  x5:0x00000000 x17:0x5afccdf2 x31=0x00000000
        9185000	       819	80003bba	01aede93	srli	x29,x29,0x1a	 x29:0x00000001 x29=0x00000000
        9195000	       820	80003bbe	00e373b3	and	x7,x6,x14	  x6:0xcd878f80 x14:0x80025ce4  x7=0x80020c80
        9235000	       824	80003bc2	032e2db3	mulhsu	x27,x28,x18	 x28:0x00000000 x18:0x1695c9b6 x27=0x00000000
        9245000	       825	80003bc6	00fcfd63	bgeu	x25,x15,80003be0	 x25:0xffffffff x15:0x5afccdf2
        9265000	       827	80003be0	03025763	bge	x4,x16,80003c0e	  x4:0x00000000 x16:0x00000012
        9635000	       864	80003be4	0380d7b3	divu	x15,x1,x24	  x1:0x00000000 x24:0x000063c8 x15=0x00000000
        9645000	       865	80003be8	ed19	c.bnez	x10,80003c06	 x10:0x00000000
        9655000	       866	80003bea	0000100f	fence.i	
        9685000	       869	80003bee	b823bf93	sltiu	x31,x7,-1150	  x7:0x80020c80 x31=0x00000001
        9695000	       870	80003bf2	0000100f	fence.i	
        9725000	       873	80003bf6	00ce1f63	bne	x28,x12,80003c14	 x28:0x00000000 x12:0x80021e04
        9745000	       875	80003c14	12fd	c.addi	x5,-1	  x5:0x00000000  x5=0xffffffff
        9755000	       876	80003c16	8d15	c.sub	x10,x13	 x10:0x00000000 x13:0x00000000 x10=0x00000000
        9765000	       877	80003c18	019e9a33	sll	x20,x29,x25	 x29:0x00000000 x25:0xffffffff x20=0x00000000
        9775000	       878	80003c1c	aae3b893	sltiu	x17,x7,-1362	  x7:0x80020c80 x17=0x00000001
        9785000	       879	80003c20	00fddf13	srli	x30,x27,0xf	 x27:0x00000000 x30=0x00000000
        9815000	       882	80003c24	02bd8c33	mul	x24,x27,x11	 x27:0x00000000 x11:0xffffffff x24=0x00000000
        9825000	       883	80003c28	0ff0000f	fence	iorw,iorw	
        9835000	       884	80003c2c	01b72017	auipc	x0,0x1b72	  x0=0x00000000
        9845000	       885	80003c30	daad2013	slti	x0,x26,-598	 x26:0x013cd133  x0=0x00000000
        9855000	       886	80003c34	4097dfb3	sra	x31,x15,x9	 x15:0x00000000  x9:0x00000000 x31=0x00000000
        9865000	       887	80003c38	c805	c.beqz	x8,80003c68	  x8:0xe154a2b4
        9875000	       888	80003c3a	003498b3	sll	x17,x9,x3	  x9:0x00000000  x3:0x13cd1334 x17=0x00000000
        9885000	       889	80003c3e	557d	c.li	x10,-1	 x10=0xffffffff
        9895000	       890	80003c40	8dc9	c.or	x11,x10	 x11:0xffffffff x10:0xffffffff x11=0xffffffff
        9905000	       891	80003c42	00548fb3	add	x31,x9,x5	  x9:0x00000000  x5:0xffffffff x31=0xffffffff
        9915000	       892	80003c46	e795	c.bnez	x15,80003c72	 x15:0x00000000
        9925000	       893	80003c48	0001	c.addi	x0,0	  x0:0x00000000  x0=0x00000000
        9935000	       894	80003c4a	0c4e	c.slli	x24,0x13	 x24:0x00000000 x24=0x00000000
        9945000	       895	80003c4c	01de4263	blt	x28,x29,80003c50	 x28:0x00000000 x29:0x00000000
        9955000	       896	80003c50	01145a93	srli	x21,x8,0x11	  x8:0xe154a2b4 x21=0x000070aa
        9965000	       897	80003c54	a9786f93	ori	x31,x16,-1385	 x16:0x00000012 x31=0xfffffa97
        9975000	       898	80003c58	01b89d63	bne	x17,x27,80003c72	 x17:0x00000000 x27:0x00000000
        9985000	       899	80003c5c	dde04413	xori	x8,x0,-546	  x0:0x00000000  x8=0xfffffdde
       10025000	       903	80003c60	02f52db3	mulhsu	x27,x10,x15	 x10:0xffffffff x15:0x00000000 x27=0x00000000
       10035000	       904	80003c64	0ff0000f	fence	iorw,iorw	
       10045000	       905	80003c68	40285a93	srai	x21,x16,0x2	 x16:0x00000012 x21=0x00000004
       10055000	       906	80003c6c	82bd	c.srli	x13,0xf	 x13:0x00000000 x13=0x00000000
       10065000	       907	80003c6e	016ddbb3	srl	x23,x27,x22	 x27:0x00000000 x22:0x00006016 x23=0x00000000
       10075000	       908	80003c72	0126d7b3	srl	x15,x13,x18	 x13:0x00000000 x18:0x1695c9b6 x15=0x00000000
       10085000	       909	80003c76	01828eb3	add	x29,x5,x24	  x5:0xffffffff x24:0x00000000 x29=0xffffffff
       10125000	       913	80003c7a	021b3933	mulhu	x18,x22,x1	 x22:0x00006016  x1:0x00000000 x18=0x00000000
       10135000	       914	80003c7e	0b65	c.addi	x22,25	 x22:0x00006016 x22=0x0000602f
       10145000	       915	80003c80	8ff1	c.and	x15,x12	 x15:0x00000000 x12:0x80021e04 x15=0x00000000
       10155000	       916	80003c82	fe656693	ori	x13,x10,-26	 x10:0xffffffff x13=0xffffffff
       10165000	       917	80003c86	b0beac13	slti	x24,x29,-1269	 x29:0xffffffff x24=0x00000000
       10175000	       918	80003c8a	05630363	beq	x6,x22,80003cd0	  x6:0xcd878f80 x22:0x0000602f
       10185000	       919	80003c8e	00a15b63	bge	x2,x10,80003ca4	  x2:0xf5e39895 x10:0xffffffff
       10195000	       920	80003c92	00072cb3	slt	x25,x14,x0	 x14:0x80025ce4  x0:0x00000000 x25=0x00000001
       10205000	       921	80003c96	997d	c.andi	x10,-1	 x10:0xffffffff x10=0xffffffff
       10215000	       922	80003c98	0ff0000f	fence	iorw,iorw	
       10225000	       923	80003c9c	adc64f13	xori	x30,x12,-1316	 x12:0x80021e04 x30=0x7ffde4d8
       10255000	       926	80003ca0	03d30833	mul	x16,x6,x29	  x6:0xcd878f80 x29:0xffffffff x16=0x32787080
       10265000	       927	80003ca4	017f9863	bne	x31,x23,80003cb4	 x31:0xfffffa97 x23:0x00000000
       10285000	       929	80003cb4	403c5f33	sra	x30,x24,x3	 x24:0x00000000  x3:0x13cd1334 x30=0x00000000
       10655000	       966	80003cb8	039d6b33	rem	x22,x26,x25	 x26:0x013cd133 x25:0x00000001 x22=0x00000000
       10665000	       967	80003cbc	007955b3	srl	x11,x18,x7	 x18:0x00000000  x7:0x80020c80 x11=0x00000000
       10675000	       968	80003cc0	82c1	c.srli	x13,0x10	 x13:0xffffffff x13=0x0000ffff
       10715000	       972	80003cc2	022f35b3	mulhu	x11,x30,x2	 x30:0x00000000  x2:0xf5e39895 x11=0x00000000
       11085000	      1009	80003cc6	02e17433	remu	x8,x2,x14	  x2:0xf5e39895 x14:0x80025ce4  x8=0x75e13bb1
       11095000	      1010	80003cca	8435	c.srai	x8,0xd	  x8:0x75e13bb1  x8=0x0003af09
       11105000	      1011	80003ccc	0479c163	blt	x19,x7,80003d0e	 x19:0x80025ce4  x7:0x80020c80
       11115000	      1012	80003cd0	949a	c.add	x9,x6	  x9:0x00000000  x6:0xcd878f80  x9=0xcd878f80
       11125000	      1013	80003cd2	0ff0000f	fence	iorw,iorw	
       11155000	      1016	80003cd6	03e10233	mul	x4,x2,x30	  x2:0xf5e39895 x30:0x00000000  x4=0x00000000
       11165000	      1017	80003cda	40bf54b3	sra	x9,x30,x11	 x30:0x00000000 x11:0x00000000  x9=0x00000000
       11175000	      1018	80003cde	02925063	bge	x4,x9,80003cfe	  x4:0x00000000  x9:0x00000000
       11205000	      1021	80003cfe	0000100f	fence.i	
       11235000	      1024	80003d02	41730eb3	sub	x29,x6,x23	  x6:0xcd878f80 x23:0x00000000 x29=0xcd878f80
       11245000	      1025	80003d06	8071	c.srli	x8,0x1c	  x8:0x0003af09  x8=0x00000000
       11255000	      1026	80003d08	ffa22513	slti	x10,x4,-6	  x4:0x00000000 x10=0x00000000
       11265000	      1027	80003d0c	9ada	c.add	x21,x22	 x21:0x00000004 x22:0x00000000 x21=0x00000004
       11275000	      1028	80003d0e	0158f9b3	and	x19,x17,x21	 x17:0x00000000 x21:0x00000004 x19=0x00000000
       11285000	      1029	80003d12	8cfd	c.and	x9,x15	  x9:0x00000000 x15:0x00000000  x9=0x00000000
       11295000	      1030	80003d14	41785b33	sra	x22,x16,x23	 x16:0x32787080 x23:0x00000000 x22=0x32787080
       11305000	      1031	80003d18	00eec0b3	xor	x1,x29,x14	 x29:0xcd878f80 x14:0x80025ce4  x1=0x4d85d364
       11315000	      1032	80003d1c	0001	c.addi	x0,0	  x0:0x00000000  x0=0x00000000
       11325000	      1033	80003d1e	0ef6	c.slli	x29,0x1d	 x29:0xcd878f80 x29=0x00000000
       11335000	      1034	80003d20	8c65	c.and	x8,x9	  x8:0x00000000  x9:0x00000000  x8=0x00000000
       11345000	      1035	80003d22	00b85533	srl	x10,x16,x11	 x16:0x32787080 x11:0x00000000 x10=0x32787080
       11355000	      1036	80003d26	4019d513	srai	x10,x19,0x1	 x19:0x00000000 x10=0x00000000
       11725000	      1073	80003d2a	02c671b3	remu	x3,x12,x12	 x12:0x80021e04 x12:0x80021e04  x3=0x00000000
       11735000	      1074	80003d2e	cb99	c.beqz	x15,80003d44	 x15:0x00000000
       11755000	      1076	80003d44	1c7d	c.addi	x24,-1	 x24:0x00000000 x24=0xffffffff
       11765000	      1077	80003d46	023c1563	bne	x24,x3,80003d70	 x24:0xffffffff  x3:0x00000000
       11785000	      1079	80003d70	83ad	c.srli	x15,0xb	 x15:0x00000000 x15=0x00000000
       11795000	      1080	80003d72	8206	c.mv	x4,x1	  x0:0x00000000  x1:0x4d85d364  x4=0x4d85d364
       11805000	      1081	80003d74	01292c33	slt	x24,x18,x18	 x18:0x00000000 x18:0x00000000 x24=0x00000000
       11815000	      1082	80003d78	93ae	c.add	x7,x11	  x7:0x80020c80 x11:0x00000000  x7=0x80020c80
       11825000	      1083	80003d7a	87b5	c.srai	x15,0xd	 x15:0x00000000 x15=0x00000000
       11835000	      1084	80003d7c	0000100f	fence.i	
       11855000	      1086	80003d80	52fd	c.li	x5,-1	  x5=0xffffffff
       11865000	      1087	80003d82	8bd1	c.andi	x15,20	 x15:0x00000000 x15=0x00000000
       11875000	      1088	80003d84	8079	c.srli	x8,0x1e	  x8:0x00000000  x8=0x00000000
       11885000	      1089	80003d86	0ff0000f	fence	iorw,iorw	
       11895000	      1090	80003d8a	02ff6663	bltu	x30,x15,80003db6	 x30:0x00000000 x15:0x00000000
       11905000	      1091	80003d8e	f6782393	slti	x7,x16,-153	 x16:0x32787080  x7=0x00000000
       11915000	      1092	80003d92	0ff0000f	fence	iorw,iorw	
       11945000	      1095	80003d96	032d8a33	mul	x20,x27,x18	 x27:0x00000000 x18:0x00000000 x20=0x00000000
       11955000	      1096	80003d9a	8dd5	c.or	x11,x13	 x11:0x00000000 x13:0x0000ffff x11=0x0000ffff
       11965000	      1097	80003d9c	4309	c.li	x6,2	  x6=0x00000002
       11975000	      1098	80003d9e	9286	c.add	x5,x1	  x5:0xffffffff  x1:0x4d85d364  x5=0x4d85d363
       11985000	      1099	80003da0	039ed463	bge	x29,x25,80003dc8	 x29:0x00000000 x25:0x00000001
       11995000	      1100	80003da4	8bb6	c.mv	x23,x13	  x0:0x00000000 x13:0x0000ffff x23=0x0000ffff
       12005000	      1101	80003da6	0862	c.slli	x16,0x18	 x16:0x32787080 x16=0x80000000
       12015000	      1102	80003da8	86d2	c.mv	x13,x20	  x0:0x00000000 x20:0x00000000 x13=0x00000000
       12025000	      1103	80003daa	0001	c.addi	x0,0	  x0:0x00000000  x0=0x00000000
       12035000	      1104	80003dac	46e5	c.li	x13,25	 x13=0x00000019
       12075000	      1108	80003dae	02bc9533	mulh	x10,x25,x11	 x25:0x00000001 x11:0x0000ffff x10=0x00000000
       12115000	      1112	80003db2	02753033	mulhu	x0,x10,x7	 x10:0x00000000  x7:0x00000000  x0=0x00000000
       12125000	      1113	80003db6	4164d393	srai	x7,x9,0x16	  x9:0x00000000  x7=0x00000000
       12135000	      1114	80003dba	0000100f	fence.i	
       12155000	      1116	80003dbe	e419	c.bnez	x8,80003dcc	  x8:0x00000000
       12165000	      1117	80003dc0	0001	c.addi	x0,0	  x0:0x00000000  x0=0x00000000
       12175000	      1118	80003dc2	803d	c.srli	x8,0xf	  x8:0x00000000  x8=0x00000000
       12185000	      1119	80003dc4	6225	c.lui	x4,0x9	  x4=0x00009000
       12195000	      1120	80003dc6	8c91	c.sub	x9,x12	  x9:0x00000000 x12:0x80021e04  x9=0x7ffde1fc
       12205000	      1121	80003dc8	0000100f	fence.i	
       12225000	      1123	80003dcc	01b1b6b3	sltu	x13,x3,x27	  x3:0x00000000 x27:0x00000000 x13=0x00000000
       12235000	      1124	80003dd0	0ff0000f	fence	iorw,iorw	
       12245000	      1125	80003dd4	016082b3	add	x5,x1,x22	  x1:0x4d85d364 x22:0x32787080  x5=0x7ffe43e4
       12255000	      1126	80003dd8	41f3d433	sra	x8,x7,x31	  x7:0x00000000 x31:0xfffffa97  x8=0x00000000
       12265000	      1127	80003ddc	0175d263	bge	x11,x23,80003de0	 x11:0x0000ffff x23:0x0000ffff
       12285000	      1129	80003de0	23634693	xori	x13,x6,566	  x6:0x00000002 x13=0x00000234
       12655000	      1166	80003de4	02bcea33	rem	x20,x25,x11	 x25:0x00000001 x11:0x0000ffff x20=0x00000001
       12665000	      1167	80003de8	9f9fe193	ori	x3,x31,-1543	 x31:0xfffffa97  x3=0xfffffbff
       12675000	      1168	80003dec	8c2d	c.xor	x8,x11	  x8:0x00000000 x11:0x0000ffff  x8=0x0000ffff
       12685000	      1169	80003dee	d48c0313	addi	x6,x24,-696	 x24:0x00000000  x6=0xfffffd48
       12695000	      1170	80003df2	81bd	c.srli	x11,0xf	 x11:0x0000ffff x11=0x00000001
       12705000	      1171	80003df4	00ff7d63	bgeu	x30,x15,80003e0e	 x30:0x00000000 x15:0x00000000
       12735000	      1174	80003e0e	62ad8797	auipc	x15,0x62ad8	 x15=0xe2adbe0e
       12745000	      1175	80003e12	001f9b13	slli	x22,x31,0x1	 x31:0xfffffa97 x22=0xfffff52e
       12755000	      1176	80003e16	0193a533	slt	x10,x7,x25	  x7:0x00000000 x25:0x00000001 x10=0x00000001
       12765000	      1177	80003e1a	0ff0000f	fence	iorw,iorw	
       12775000	      1178	80003e1e	0056fbb3	and	x23,x13,x5	 x13:0x00000234  x5:0x7ffe43e4 x23=0x00000224
       12785000	      1179	80003e22	040a	c.slli	x8,0x2	  x8:0x0000ffff  x8=0x0003fffc
       12795000	      1180	80003e24	31b7a913	slti	x18,x15,795	 x15:0xe2adbe0e x18=0x00000001
       12835000	      1184	80003e28	02492bb3	mulhsu	x23,x18,x4	 x18:0x00000001  x4:0x00009000 x23=0x00000000
       12875000	      1188	80003e2c	03e81a33	mulh	x20,x16,x30	 x16:0x80000000 x30:0x00000000 x20=0x00000000
       12885000	      1189	80003e30	d1977f93	andi	x31,x14,-743	 x14:0x80025ce4 x31=0x80025c00
       12895000	      1190	80003e34	8799	c.srai	x15,0x6	 x15:0xe2adbe0e x15=0xff8ab6f8
       12905000	      1191	80003e36	02f97463	bgeu	x18,x15,80003e5e	 x18:0x00000001 x15:0xff8ab6f8
       12915000	      1192	80003e3a	01789f63	bne	x17,x23,80003e58	 x17:0x00000000 x23:0x00000000
       12925000	      1193	80003e3e	4153da13	srai	x20,x7,0x15	  x7:0x00000000 x20=0x00000000
       12935000	      1194	80003e42	4248ff13	andi	x30,x17,1060	 x17:0x00000000 x30=0x00000000
       12945000	      1195	80003e46	e51d	c.bnez	x10,80003e74	 x10:0x00000001
       12965000	      1197	80003e74	e76b1f17	auipc	x30,0xe76b1	 x30=0x676b4e74
       12975000	      1198	80003e78	02434c63	blt	x6,x4,80003eb0	  x6:0xfffffd48  x4:0x00009000
       12995000	      1200	80003eb0	0ff0000f	fence	iorw,iorw	
       13005000	      1201	80003eb4	8cb5	c.xor	x9,x13	  x9:0x7ffde1fc x13:0x00000234  x9=0x7ffde3c8
       13015000	      1202	80003eb6	401fd793	srai	x15,x31,0x1	 x31:0x80025c00 x15=0xc0012e00
       13025000	      1203	80003eba	002b10b3	sll	x1,x22,x2	 x22:0xfffff52e  x2:0xf5e39895  x1=0xa5c00000
       13035000	      1204	80003ebe	057e6193	ori	x3,x28,87	 x28:0x00000000  x3=0x00000057
       13045000	      1205	80003ec2	03561863	bne	x12,x21,80003ef2	 x12:0x80021e04 x21:0x00000004
       13075000	      1208	80003ef2	01d641b3	xor	x3,x12,x29	 x12:0x80021e04 x29:0x00000000  x3=0x80021e04
       13085000	      1209	80003ef6	8005	c.srli	x8,0x1	  x8:0x0003fffc  x8=0x0001fffe
       13095000	      1210	80003ef8	8435	c.srai	x8,0xd	  x8:0x0001fffe  x8=0x0000000f
       13105000	      1211	80003efa	6275	c.lui	x4,0x1d	  x4=0x0001d000
       13115000	      1212	80003efc	6961	c.lui	x18,0x18	 x18=0x00018000
       13125000	      1213	80003efe	59fd	c.li	x19,-1	 x19=0xffffffff
       13165000	      1217	80003f00	03cc19b3	mulh	x19,x24,x28	 x24:0x00000000 x28:0x00000000 x19=0x00000000
       13175000	      1218	80003f04	001266b3	or	x13,x4,x1	  x4:0x0001d000  x1:0xa5c00000 x13=0xa5c1d000
       13185000	      1219	80003f08	e7c00313	addi	x6,x0,-388	  x0:0x00000000  x6=0xfffffe7c
       13195000	      1220	80003f0c	002e40b7	lui	x1,0x2e4	  x1=0x002e4000
       13205000	      1221	80003f10	85c9	c.srai	x11,0x12	 x11:0x00000001 x11=0x00000000
       13215000	      1222	80003f12	6299	c.lui	x5,0x6	  x5=0x00006000
       13225000	      1223	80003f14	01e0fe63	bgeu	x1,x30,80003f30	  x1:0x002e4000 x30:0x676b4e74
       13235000	      1224	80003f18	6325	c.lui	x6,0x9	  x6=0x00009000
       13245000	      1225	80003f1a	8ddd	c.or	x11,x15	 x11:0x00000000 x15:0xc0012e00 x11=0xc0012e00
       13255000	      1226	80003f1c	4519	c.li	x10,6	 x10=0x00000006
       13265000	      1227	80003f1e	9cc6	c.add	x25,x17	 x25:0x00000001 x17:0x00000000 x25=0x00000001
       13275000	      1228	80003f20	41a20f33	sub	x30,x4,x26	  x4:0x0001d000 x26:0x013cd133 x30=0xfec4fecd
       13285000	      1229	80003f24	0048d993	srli	x19,x17,0x4	 x17:0x00000000 x19=0x00000000
       13295000	      1230	80003f28	82c9	c.srli	x13,0x12	 x13:0xa5c1d000 x13=0x00002970
       13315000	      1232	80003f2a	03d4cd33	div	x26,x9,x29	  x9:0x7ffde3c8 x29:0x00000000 x26=0xffffffff
       13325000	      1233	80003f2e	e51d	c.bnez	x10,80003f5c	 x10:0x00000006
       13345000	      1235	80003f5c	8da1	c.xor	x11,x8	 x11:0xc0012e00  x8:0x0000000f x11=0xc0012e0f
       13355000	      1236	80003f5e	01ed1a93	slli	x21,x26,0x1e	 x26:0xffffffff x21=0xc0000000
       13365000	      1237	80003f62	0ff0000f	fence	iorw,iorw	
       13375000	      1238	80003f66	00b58933	add	x18,x11,x11	 x11:0xc0012e0f x11:0xc0012e0f x18=0x80025c1e
       13385000	      1239	80003f6a	8105	c.srli	x10,0x1	 x10:0x00000006 x10=0x00000003
       13395000	      1240	80003f6c	cb85	c.beqz	x15,80003f9c	 x15:0xc0012e00
       13405000	      1241	80003f6e	d0c63f37	lui	x30,0xd0c63	 x30=0xd0c63000
       13415000	      1242	80003f72	0000100f	fence.i	
       13445000	      1245	80003f76	014f3db3	sltu	x27,x30,x20	 x30:0xd0c63000 x20:0x00000000 x27=0x00000000
       13815000	      1282	80003f7a	0351d033	divu	x0,x3,x21	  x3:0x80021e04 x21:0xc0000000  x0=0x00000000
       13825000	      1283	80003f7e	8821	c.andi	x8,8	  x8:0x0000000f  x8=0x00000008
       13835000	      1284	80003f80	6839	c.lui	x16,0xe	 x16=0x0000e000
       13845000	      1285	80003f82	419287b3	sub	x15,x5,x25	  x5:0x00006000 x25:0x00000001 x15=0x00005fff
       13855000	      1286	80003f86	40e75993	srai	x19,x14,0xe	 x14:0x80025ce4 x19=0xfffe0009
       14225000	      1323	80003f8a	0331c4b3	div	x9,x3,x19	  x3:0x80021e04 x19:0xfffe0009  x9=0x00004000
       14235000	      1324	80003f8e	95a4e293	ori	x5,x9,-1702	  x9:0x00004000  x5=0xfffff95a
       14245000	      1325	80003f92	00ef1e63	bne	x30,x14,80003fae	 x30:0xd0c63000 x14:0x80025ce4
       14275000	      1328	80003fae	41bb5413	srai	x8,x22,0x1b	 x22:0xfffff52e  x8=0xffffffff
       14285000	      1329	80003fb2	01087363	bgeu	x16,x16,80003fb8	 x16:0x0000e000 x16:0x0000e000
       14305000	      1331	80003fb8	40970a33	sub	x20,x14,x9	 x14:0x80025ce4  x9:0x00004000 x20=0x80021ce4
       14315000	      1332	80003fbc	e911	c.bnez	x10,80003fd0	 x10:0x00000003
       14335000	      1334	80003fd0	01721263	bne	x4,x23,80003fd4	  x4:0x0001d000 x23:0x00000000
       14355000	      1336	80003fd4	03028b63	beq	x5,x16,8000400a	  x5:0xfffff95a x16:0x0000e000
       14365000	      1337	80003fd8	0166d3b3	srl	x7,x13,x22	 x13:0x00002970 x22:0xfffff52e  x7=0x00000000
       14375000	      1338	80003fdc	706ca193	slti	x3,x25,1798	 x25:0x00000001  x3=0x00000001
       14385000	      1339	80003fe0	03e85063	bge	x16,x30,80004000	 x16:0x0000e000 x30:0xd0c63000
       14405000	      1341	80004000	0000100f	fence.i	
       14425000	      1343	80004004	0144fdb3	and	x27,x9,x20	  x9:0x00004000 x20:0x80021ce4 x27=0x00000000
       14435000	      1344	80004008	0001	c.addi	x0,0	  x0:0x00000000  x0=0x00000000
       14445000	      1345	8000400a	8d65	c.and	x10,x9	 x10:0x00000003  x9:0x00004000 x10=0x00000000
       14455000	      1346	8000400c	004d2333	slt	x6,x26,x4	 x26:0xffffffff  x4:0x0001d000  x6=0x00000001
       14465000	      1347	80004010	d2b94e93	xori	x29,x18,-725	 x18:0x80025c1e x29=0x7ffda135
       14475000	      1348	80004014	e189	c.bnez	x11,80004016	 x11:0xc0012e0f
       14495000	      1350	80004016	66e1	c.lui	x13,0x18	 x13=0x00018000
       14505000	      1351	80004018	41e250b3	sra	x1,x4,x30	  x4:0x0001d000 x30:0xd0c63000  x1=0x0001d000
       14515000	      1352	8000401c	01615e13	srli	x28,x2,0x16	  x2:0xf5e39895 x28=0x000003d7
       14555000	      1356	80004020	02989233	mulh	x4,x17,x9	 x17:0x00000000  x9:0x00004000  x4=0x00000000
       14565000	      1357	80004024	c90d	c.beqz	x10,80004056	 x10:0x00000000
       14595000	      1360	80004056	0ff0000f	fence	iorw,iorw	
       14605000	      1361	8000405a	022e8363	beq	x29,x2,80004080	 x29:0x7ffda135  x2:0xf5e39895
       14615000	      1362	8000405e	00658d63	beq	x11,x6,80004078	 x11:0xc0012e0f  x6:0x00000001
       14625000	      1363	80004062	0ff0000f	fence	iorw,iorw	
       14995000	      1400	80004066	03004fb3	div	x31,x0,x16	  x0:0x00000000 x16:0x0000e000 x31=0x00000000
       15005000	      1401	8000406a	417cd5b3	sra	x11,x25,x23	 x25:0x00000001 x23:0x00000000 x11=0x00000001
       15015000	      1402	8000406e	00792833	slt	x16,x18,x7	 x18:0x80025c1e  x7:0x00000000 x16=0x00000001
       15025000	      1403	80004072	e0a1	c.bnez	x9,800040b2	  x9:0x00004000
       15075000	      1408	800040b2	023a07b3	mul	x15,x20,x3	 x20:0x80021ce4  x3:0x00000001 x15=0x80021ce4
       15085000	      1409	800040b6	4e43ec13	ori	x24,x7,1252	  x7:0x00000000 x24=0x000004e4
       15095000	      1410	800040ba	17fd	c.addi	x15,-1	 x15:0x80021ce4 x15=0x80021ce3
       15105000	      1411	800040bc	800d	c.srli	x8,0x3	  x8:0xffffffff  x8=0x1fffffff
       15115000	      1412	800040be	022b6263	bltu	x22,x2,800040e2	 x22:0xfffff52e  x2:0xf5e39895
       15125000	      1413	800040c2	9afd	c.andi	x13,-1	 x13:0x00018000 x13=0x00018000
       15135000	      1414	800040c4	40ed5eb3	sra	x29,x26,x14	 x26:0xffffffff x14:0x80025ce4 x29=0xffffffff
       15145000	      1415	800040c8	00975e93	srli	x29,x14,0x9	 x14:0x80025ce4 x29=0x0040012e
       15155000	      1416	800040cc	02f75863	bge	x14,x15,800040fc	 x14:0x80025ce4 x15:0x80021ce3
       15535000	      1454	800040fc	03c041b3	div	x3,x0,x28	  x0:0x00000000 x28:0x000003d7  x3=0x00000000
       15575000	      1458	80004100	0334a933	mulhsu	x18,x9,x19	  x9:0x00004000 x19:0xfffe0009 x18=0x00003fff
       15585000	      1459	80004104	0001	c.addi	x0,0	  x0:0x00000000  x0=0x00000000
       15595000	      1460	80004106	911b8793	addi	x15,x23,-1775	 x23:0x00000000 x15=0xfffff911
       15605000	      1461	8000410a	013d39b3	sltu	x19,x26,x19	 x26:0xffffffff x19:0xfffe0009 x19=0x00000000
       15615000	      1462	8000410e	1e7d	c.addi	x28,-1	 x28:0x000003d7 x28=0x000003d6
       15625000	      1463	80004110	fe132893	slti	x17,x6,-31	  x6:0x00000001 x17=0x00000000
       15635000	      1464	80004114	a0f60697	auipc	x13,0xa0f60	 x13=0x20f64114
       15645000	      1465	80004118	8cfe	c.mv	x25,x31	  x0:0x00000000 x31:0x00000000 x25=0x00000000
       15655000	      1466	8000411a	00beda93	srli	x21,x29,0xb	 x29:0x0040012e x21=0x00000800
       15665000	      1467	8000411e	00270263	beq	x14,x2,80004122	 x14:0x80025ce4  x2:0xf5e39895
       15675000	      1468	80004122	00cfd513	srli	x10,x31,0xc	 x31:0x00000000 x10=0x00000000
       15715000	      1472	80004126	0356a2b3	mulhsu	x5,x13,x21	 x13:0x20f64114 x21:0x00000800  x5=0x00000107
       15725000	      1473	8000412a	4a5d7093	andi	x1,x26,1189	 x26:0xffffffff  x1=0x000004a5
       15735000	      1474	8000412e	0001	c.addi	x0,0	  x0:0x00000000  x0=0x00000000
       15755000	      1476	80004130	03335b33	divu	x22,x6,x19	  x6:0x00000001 x19:0x00000000 x22=0xffffffff
       15765000	      1477	80004134	8eed	c.and	x13,x11	 x13:0x20f64114 x11:0x00000001 x13=0x00000000
       15775000	      1478	80004136	9d26	c.add	x26,x9	 x26:0xffffffff  x9:0x00004000 x26=0x00003fff
       15795000	      1480	80004138	033bd933	divu	x18,x23,x19	 x23:0x00000000 x19:0x00000000 x18=0xffffffff
       15805000	      1481	8000413c	e815	c.bnez	x8,80004170	  x8:0x1fffffff
       15825000	      1483	80004170	8d61	c.and	x10,x8	 x10:0x00000000  x8:0x1fffffff x10=0x00000000
       15835000	      1484	80004172	4ae1	c.li	x21,24	 x21=0x00000018
       15845000	      1485	80004174	022b6763	bltu	x22,x2,800041a2	 x22:0xffffffff  x2:0xf5e39895
       15855000	      1486	80004178	9bfd	c.andi	x15,-1	 x15:0xfffff911 x15=0xfffff911
       15865000	      1487	8000417a	0992	c.slli	x19,0x4	 x19:0x00000000 x19=0x00000000
       15875000	      1488	8000417c	00271033	sll	x0,x14,x2	 x14:0x80025ce4  x2:0xf5e39895  x0=0x00000000
       15885000	      1489	80004180	8fa5	c.xor	x15,x9	 x15:0xfffff911  x9:0x00004000 x15=0xffffb911
       15895000	      1490	80004182	41be8c33	sub	x24,x29,x27	 x29:0x0040012e x27:0x00000000 x24=0x0040012e
       15905000	      1491	80004186	00eed963	bge	x29,x14,80004198	 x29:0x0040012e x14:0x80025ce4
       15925000	      1493	80004198	01c385b3	add	x11,x7,x28	  x7:0x00000000 x28:0x000003d6 x11=0x000003d6
       15935000	      1494	8000419c	c0437513	andi	x10,x6,-1020	  x6:0x00000001 x10=0x00000000
       15945000	      1495	800041a0	0001	c.addi	x0,0	  x0:0x00000000  x0=0x00000000
       15955000	      1496	800041a2	81b5	c.srli	x11,0xd	 x11:0x000003d6 x11=0x00000000
       15965000	      1497	800041a4	01532333	slt	x6,x6,x21	  x6:0x00000001 x21:0x00000018  x6=0x00000001
       16335000	      1534	800041a8	03a1f6b3	remu	x13,x3,x26	  x3:0x00000000 x26:0x00003fff x13=0x00000000
       16345000	      1535	800041ac	8c55	c.or	x8,x13	  x8:0x1fffffff x13:0x00000000  x8=0x1fffffff
       16355000	      1536	800041ae	00718f33	add	x30,x3,x7	  x3:0x00000000  x7:0x00000000 x30=0x00000000
       16365000	      1537	800041b2	53fd	c.li	x7,-1	  x7=0xffffffff
       16375000	      1538	800041b4	849a	c.mv	x9,x6	  x0:0x00000000  x6:0x00000001  x9=0x00000001
       16385000	      1539	800041b6	a9d1be93	sltiu	x29,x3,-1379	  x3:0x00000000 x29=0x00000001
       16395000	      1540	800041ba	edb04493	xori	x9,x0,-293	  x0:0x00000000  x9=0xfffffedb
       16405000	      1541	800041be	8c15	c.sub	x8,x13	  x8:0x1fffffff x13:0x00000000  x8=0x1fffffff
       16415000	      1542	800041c0	70aeb513	sltiu	x10,x29,1802	 x29:0x00000001 x10=0x00000001
       16425000	      1543	800041c4	e785	c.bnez	x15,800041ec	 x15:0xffffb911
       16445000	      1545	800041ec	0001	c.addi	x0,0	  x0:0x00000000  x0=0x00000000
       16455000	      1546	800041ee	01df2433	slt	x8,x30,x29	 x30:0x00000000 x29:0x00000001  x8=0x00000001
       16465000	      1547	800041f2	03765363	bge	x12,x23,80004218	 x12:0x80021e04 x23:0x00000000
       16475000	      1548	800041f6	40fc02b3	sub	x5,x24,x15	 x24:0x0040012e x15:0xffffb911  x5=0x0040481d
       16485000	      1549	800041fa	005c6f63	bltu	x24,x5,80004218	 x24:0x0040012e  x5:0x0040481d
       16505000	      1551	80004218	01c03ab3	sltu	x21,x0,x28	  x0:0x00000000 x28:0x000003d6 x21=0x00000001
       16515000	      1552	8000421c	9dba	c.add	x27,x14	 x27:0x00000000 x14:0x80025ce4 x27=0x80025ce4
       16525000	      1553	8000421e	00d5b8b3	sltu	x17,x11,x13	 x11:0x00000000 x13:0x00000000 x17=0x00000000
       16895000	      1590	80004222	03d4ee33	rem	x28,x9,x29	  x9:0xfffffedb x29:0x00000001 x28=0x00000000
       16905000	      1591	80004226	0001	c.addi	x0,0	  x0:0x00000000  x0=0x00000000
       16915000	      1592	80004228	032e	c.slli	x6,0xb	  x6:0x00000001  x6=0x00000800
       16925000	      1593	8000422a	45582a13	slti	x20,x16,1109	 x16:0x00000001 x20=0x00000001
       16935000	      1594	8000422e	00a14bb3	xor	x23,x2,x10	  x2:0xf5e39895 x10:0x00000001 x23=0xf5e39894
       16945000	      1595	80004232	010b9d13	slli	x26,x23,0x10	 x23:0xf5e39894 x26=0x98940000
       16955000	      1596	80004236	0118b7b3	sltu	x15,x17,x17	 x17:0x00000000 x17:0x00000000 x15=0x00000000
       17325000	      1633	8000423a	02a47233	remu	x4,x8,x10	  x8:0x00000001 x10:0x00000001  x4=0x00000000
       17335000	      1634	8000423e	859d	c.srai	x11,0x7	 x11:0x00000000 x11=0x00000000
       17345000	      1635	80004240	406a8333	sub	x6,x21,x6	 x21:0x00000001  x6:0x00000800  x6=0xfffff801
       17355000	      1636	80004244	8c69	c.and	x8,x10	  x8:0x00000001 x10:0x00000001  x8=0x00000001
       17365000	      1637	80004246	85a5	c.srai	x11,0x9	 x11:0x00000000 x11=0x00000000
       17375000	      1638	80004248	00a4d693	srli	x13,x9,0xa	  x9:0xfffffedb x13=0x003fffff
       17385000	      1639	8000424c	58d03c13	sltiu	x24,x0,1421	  x0:0x00000000 x24=0x00000001
       17395000	      1640	80004250	01f11f33	sll	x30,x2,x31	  x2:0xf5e39895 x31:0x00000000 x30=0xf5e39895
       17405000	      1641	80004254	0ff0000f	fence	iorw,iorw	
       17415000	      1642	80004258	4c9f7013	andi	x0,x30,1225	 x30:0xf5e39895  x0=0x00000000
       17425000	      1643	8000425c	41945eb3	sra	x29,x8,x25	  x8:0x00000001 x25:0x00000000 x29=0x00000001
       17435000	      1644	80004260	017e2bb3	slt	x23,x28,x23	 x28:0x00000000 x23:0xf5e39894 x23=0x00000000
       17445000	      1645	80004264	ee81	c.bnez	x13,8000427c	 x13:0x003fffff
       17465000	      1647	8000427c	9afd	c.andi	x13,-1	 x13:0x003fffff x13=0x003fffff
       17505000	      1651	8000427e	02f29cb3	mulh	x25,x5,x15	  x5:0x0040481d x15:0x00000000 x25=0x00000000
       17515000	      1652	80004282	197d	c.addi	x18,-1	 x18:0xffffffff x18=0xfffffffe
       17525000	      1653	80004284	4f11	c.li	x30,4	 x30=0x00000004
       17535000	      1654	80004286	003a7263	bgeu	x20,x3,8000428a	 x20:0x00000001  x3:0x00000000
       17925000	      1693	8000428a	03466eb3	rem	x29,x12,x20	 x12:0x80021e04 x20:0x00000001 x29=0x00000000
       17935000	      1694	8000428e	86e1	c.srai	x13,0x18	 x13:0x003fffff x13=0x00000000
       17945000	      1695	80004290	8fa5	c.xor	x15,x9	 x15:0x00000000  x9:0xfffffedb x15=0xfffffedb
       17955000	      1696	80004292	03da	c.slli	x7,0x16	  x7:0xffffffff  x7=0xffc00000
       18325000	      1733	80004294	021b6b33	rem	x22,x22,x1	 x22:0xffffffff  x1:0x000004a5 x22=0xffffffff
       18335000	      1734	80004298	90da	c.add	x1,x22	  x1:0x000004a5 x22:0xffffffff  x1=0x000004a4
       18345000	      1735	8000429a	002fd993	srli	x19,x31,0x2	 x31:0x00000000 x19=0x00000000
       18355000	      1736	8000429e	8c31	c.xor	x8,x12	  x8:0x00000001 x12:0x80021e04  x8=0x80021e05
       18375000	      1738	800042a0	039cee33	rem	x28,x25,x25	 x25:0x00000000 x25:0x00000000 x28=0x00000000
       18385000	      1739	800042a4	847d	c.srai	x8,0x1f	  x8:0x80021e05  x8=0xffffffff
       18395000	      1740	800042a6	8fa5	c.xor	x15,x9	 x15:0xfffffedb  x9:0xfffffedb x15=0x00000000
       18405000	      1741	800042a8	8ea5	c.xor	x13,x9	 x13:0x00000000  x9:0xfffffedb x13=0xfffffedb
       18425000	      1743	800042aa	02087233	remu	x4,x16,x0	 x16:0x00000001  x0:0x00000000  x4=0x00000001
       18435000	      1744	800042ae	b7294e93	xori	x29,x18,-1166	 x18:0xfffffffe x29=0x0000048c
       18445000	      1745	800042b2	8c39	c.xor	x8,x14	  x8:0xffffffff x14:0x80025ce4  x8=0x7ffda31b
       18455000	      1746	800042b4	41155213	srai	x4,x10,0x11	 x10:0x00000001  x4=0x00000000
       18465000	      1747	800042b8	8e95	c.sub	x13,x13	 x13:0xfffffedb x13:0xfffffedb x13=0x00000000
       18475000	      1748	800042ba	ce81	c.beqz	x13,800042d2	 x13:0x00000000
       18505000	      1751	800042d2	03c1d263	bge	x3,x28,800042f6	  x3:0x00000000 x28:0x00000000
       18535000	      1754	800042f6	03e08763	beq	x1,x30,80004324	  x1:0x000004a4 x30:0x00000004
       18545000	      1755	800042fa	037fd963	bge	x31,x23,8000432c	 x31:0x00000000 x23:0x00000000
       18565000	      1757	8000432c	00221413	slli	x8,x4,0x2	  x4:0x00000000  x8=0x00000000
       18575000	      1758	80004330	f4db4193	xori	x3,x22,-179	 x22:0xffffffff  x3=0x000000b2
       18585000	      1759	80004334	40c355b3	sra	x11,x6,x12	  x6:0xfffff801 x12:0x80021e04 x11=0xffffff80
       18595000	      1760	80004338	44ed	c.li	x9,27	  x9=0x0000001b
       18605000	      1761	8000433a	0ff0000f	fence	iorw,iorw	
       18615000	      1762	8000433e	40065db3	sra	x27,x12,x0	 x12:0x80021e04  x0:0x00000000 x27=0x80021e04
       18625000	      1763	80004342	8ea93693	sltiu	x13,x18,-1814	 x18:0xfffffffe x13=0x00000000
       18635000	      1764	80004346	98fd	c.andi	x9,-1	  x9:0x0000001b  x9=0x0000001b
       18665000	      1767	80004348	03020933	mul	x18,x4,x16	  x4:0x00000000 x16:0x00000001 x18=0x00000000
       18675000	      1768	8000434c	0000100f	fence.i	
       18725000	      1773	80004350	03e9b4b3	mulhu	x9,x19,x30	 x19:0x00000000 x30:0x00000004  x9=0x00000000
       18735000	      1774	80004354	02be	c.slli	x5,0xf	  x5:0x0040481d  x5=0x240e8000
       18745000	      1775	80004356	11fd	c.addi	x3,-1	  x3:0x000000b2  x3=0x000000b1
       18755000	      1776	80004358	2290b213	sltiu	x4,x1,553	  x1:0x000004a4  x4=0x00000000
       18765000	      1777	8000435c	00755413	srli	x8,x10,0x7	 x10:0x00000001  x8=0x00000000
       18775000	      1778	80004360	00179b33	sll	x22,x15,x1	 x15:0x00000000  x1:0x000004a4 x22=0x00000000
       18785000	      1779	80004364	1c178f13	addi	x30,x15,449	 x15:0x00000000 x30=0x000001c1
       19155000	      1816	80004368	02c8dcb3	divu	x25,x17,x12	 x17:0x00000000 x12:0x80021e04 x25=0x00000000
       19165000	      1817	8000436c	35a62e13	slti	x28,x12,858	 x12:0x80021e04 x28=0x00000001
       19175000	      1818	80004370	01020c63	beq	x4,x16,80004388	  x4:0x00000000 x16:0x00000001
       19185000	      1819	80004374	01efc6b3	xor	x13,x31,x30	 x31:0x00000000 x30:0x000001c1 x13=0x000001c1
       19195000	      1820	80004378	8d91	c.sub	x11,x12	 x11:0xffffff80 x12:0x80021e04 x11=0x7ffde17c
       19205000	      1821	8000437a	ff38dd37	lui	x26,0xff38d	 x26=0xff38d000
       19215000	      1822	8000437e	addc4213	xori	x4,x24,-1315	 x24:0x00000001  x4=0xfffffadc
       19585000	      1859	80004382	03465433	divu	x8,x12,x20	 x12:0x80021e04 x20:0x00000001  x8=0x80021e04
       19595000	      1860	80004386	0fe5	c.addi	x31,25	 x31:0x00000000 x31=0x00000019
       19605000	      1861	80004388	5a7d	c.li	x20,-1	 x20=0xffffffff
       19615000	      1862	8000438a	0001	c.addi	x0,0	  x0:0x00000000  x0=0x00000000
       19625000	      1863	8000438c	02978c63	beq	x15,x9,800043c4	 x15:0x00000000  x9:0x00000000
       19645000	      1865	800043c4	8ca5	c.xor	x9,x9	  x9:0x00000000  x9:0x00000000  x9=0x00000000
       19655000	      1866	800043c6	858e	c.mv	x11,x3	  x0:0x00000000  x3:0x000000b1 x11=0x000000b1
       19695000	      1870	800043c8	021eb033	mulhu	x0,x29,x1	 x29:0x0000048c  x1:0x000004a4  x0=0x00000000
       19705000	      1871	800043cc	0113ce63	blt	x7,x17,800043e8	  x7:0xffc00000 x17:0x00000000
       19725000	      1873	800043e8	00871d93	slli	x27,x14,0x8	 x14:0x80025ce4 x27=0x025ce400
       19735000	      1874	800043ec	015d7d33	and	x26,x26,x21	 x26:0xff38d000 x21:0x00000001 x26=0x00000000
       19745000	      1875	800043f0	8b85	c.andi	x15,1	 x15:0x00000000 x15=0x00000000
       19755000	      1876	800043f2	8a81	c.andi	x13,0	 x13:0x000001c1 x13=0x00000000
       19765000	      1877	800043f4	496d	c.li	x18,27	 x18=0x0000001b
       19775000	      1878	800043f6	8d75	c.and	x10,x13	 x10:0x00000001 x13:0x00000000 x10=0x00000000
       19785000	      1879	800043f8	8ed1	c.or	x13,x12	 x13:0x00000000 x12:0x80021e04 x13=0x80021e04
       19795000	      1880	800043fa	86c61317	auipc	x6,0x86c61	  x6=0x06c653fa
       19805000	      1881	800043fe	40fa5c33	sra	x24,x20,x15	 x20:0xffffffff x15:0x00000000 x24=0xffffffff
       19815000	      1882	80004402	019d93b3	sll	x7,x27,x25	 x27:0x025ce400 x25:0x00000000  x7=0x025ce400
       19825000	      1883	80004406	03208263	beq	x1,x18,8000442a	  x1:0x000004a4 x18:0x0000001b
       19835000	      1884	8000440a	02e1e263	bltu	x3,x14,8000442e	  x3:0x000000b1 x14:0x80025ce4
       19855000	      1886	8000442e	8cc9	c.or	x9,x10	  x9:0x00000000 x10:0x00000000  x9=0x00000000
       19865000	      1887	80004430	99fd	c.andi	x11,-1	 x11:0x000000b1 x11=0x000000b1
       19875000	      1888	80004432	41578ab3	sub	x21,x15,x21	 x15:0x00000000 x21:0x00000001 x21=0xffffffff
       19915000	      1892	80004436	0267a2b3	mulhsu	x5,x15,x6	 x15:0x00000000  x6:0x06c653fa  x5=0x00000000
       19925000	      1893	8000443a	8c45	c.or	x8,x9	  x8:0x80021e04  x9:0x00000000  x8=0x80021e04
       19935000	      1894	8000443c	810d	c.srli	x10,0x3	 x10:0x00000000 x10=0x00000000
       19945000	      1895	8000443e	01228b63	beq	x5,x18,80004454	  x5:0x00000000 x18:0x0000001b
       19955000	      1896	80004442	7c294813	xori	x16,x18,1986	 x18:0x0000001b x16=0x000007d9
       19965000	      1897	80004446	0e7bcc13	xori	x24,x23,231	 x23:0x00000000 x24=0x000000e7
       19975000	      1898	8000444a	00e93d33	sltu	x26,x18,x14	 x18:0x0000001b x14:0x80025ce4 x26=0x00000001
       19985000	      1899	8000444e	0001	c.addi	x0,0	  x0:0x00000000  x0=0x00000000
       20005000	      1901	80004450	02f8e333	rem	x6,x17,x15	 x17:0x00000000 x15:0x00000000  x6=0x00000000
       20015000	      1902	80004454	03da	c.slli	x7,0x16	  x7:0x025ce400  x7=0x00000000
       20035000	      1904	80004456	0367ce33	div	x28,x15,x22	 x15:0x00000000 x22:0x00000000 x28=0xffffffff
       20045000	      1905	8000445a	00ddc233	xor	x4,x27,x13	 x27:0x025ce400 x13:0x80021e04  x4=0x825efa04
       20055000	      1906	8000445e	73956797	auipc	x15,0x73956	 x15=0xf395a45e
       20065000	      1907	80004462	79023893	sltiu	x17,x4,1936	  x4:0x825efa04 x17=0x00000000
       20075000	      1908	80004466	01e58b63	beq	x11,x30,8000447c	 x11:0x000000b1 x30:0x000001c1
       20085000	      1909	8000446a	00866d63	bltu	x12,x8,80004484	 x12:0x80021e04  x8:0x80021e04
       20095000	      1910	8000446e	0f52	c.slli	x30,0x14	 x30:0x000001c1 x30=0x1c100000
       20105000	      1911	80004470	042fc093	xori	x1,x31,66	 x31:0x00000019  x1=0x0000005b
       20115000	      1912	80004474	8035	c.srli	x8,0xd	  x8:0x80021e04  x8=0x00040010
       20125000	      1913	80004476	46c9	c.li	x13,18	 x13=0x00000012
       20135000	      1914	80004478	045cef93	ori	x31,x25,69	 x25:0x00000000 x31=0x00000045
       20505000	      1951	8000447c	02b1f833	remu	x16,x3,x11	  x3:0x000000b1 x11:0x000000b1 x16=0x00000000
       20515000	      1952	80004480	fc36b513	sltiu	x10,x13,-61	 x13:0x00000012 x10=0x00000001
       20525000	      1953	80004484	0000100f	fence.i	
       20575000	      1958	80004488	020732b3	mulhu	x5,x14,x0	 x14:0x80025ce4  x0:0x00000000  x5=0x00000000
       20585000	      1959	8000448c	00cf5c13	srli	x24,x30,0xc	 x30:0x1c100000 x24=0x0001c100
       20595000	      1960	80004490	400456b3	sra	x13,x8,x0	  x8:0x00040010  x0:0x00000000 x13=0x00040010
       20605000	      1961	80004494	f8254593	xori	x11,x10,-126	 x10:0x00000001 x11=0xffffff83
       20615000	      1962	80004498	01b8ce63	blt	x17,x27,800044b4	 x17:0x00000000 x27:0x025ce400
       20635000	      1964	800044b4	41c7dfb3	sra	x31,x15,x28	 x15:0xf395a45e x28:0xffffffff x31=0xffffffff
       20645000	      1965	800044b8	00a28463	beq	x5,x10,800044c0	  x5:0x00000000 x10:0x00000001
       20655000	      1966	800044bc	7dac7c93	andi	x25,x24,2010	 x24:0x0001c100 x25=0x00000100
       20665000	      1967	800044c0	0f6def93	ori	x31,x27,246	 x27:0x025ce400 x31=0x025ce4f6
       20675000	      1968	800044c4	002cf7b3	and	x15,x25,x2	 x25:0x00000100  x2:0xf5e39895 x15=0x00000000
       20685000	      1969	800044c8	01358263	beq	x11,x19,800044cc	 x11:0xffffff83 x19:0x00000000
       20695000	      1970	800044cc	8111	c.srli	x10,0x4	 x10:0x00000001 x10=0x00000000
       20705000	      1971	800044ce	f9fb4193	xori	x3,x22,-97	 x22:0x00000000  x3=0xffffff9f
       20715000	      1972	800044d2	6eb1	c.lui	x29,0xc	 x29=0x0000c000
       20725000	      1973	800044d4	0ff0000f	fence	iorw,iorw	
       20735000	      1974	800044d8	85e9	c.srai	x11,0x1a	 x11:0xffffff83 x11=0xffffffff
       20745000	      1975	800044da	00bd9413	slli	x8,x27,0xb	 x27:0x025ce400  x8=0xe7200000
       20755000	      1976	800044de	01221093	slli	x1,x4,0x12	  x4:0x825efa04  x1=0xe8100000
       20775000	      1978	800044e2	02786e33	rem	x28,x16,x7	 x16:0x00000000  x7:0x00000000 x28=0x00000000
       20785000	      1979	800044e6	01f249b3	xor	x19,x4,x31	  x4:0x825efa04 x31:0x025ce4f6 x19=0x80021ef2
       20795000	      1980	800044ea	00c49c93	slli	x25,x9,0xc	  x9:0x00000000 x25=0x00000000
       20805000	      1981	800044ee	41388b33	sub	x22,x17,x19	 x17:0x00000000 x19:0x80021ef2 x22=0x7ffde10e
       20815000	      1982	800044f2	8d8d	c.sub	x11,x11	 x11:0xffffffff x11:0xffffffff x11=0x00000000
       20825000	      1983	800044f4	0521e363	bltu	x3,x18,8000453a	  x3:0xffffff9f x18:0x0000001b
       20835000	      1984	800044f8	0001	c.addi	x0,0	  x0:0x00000000  x0=0x00000000
       20845000	      1985	800044fa	402ed933	sra	x18,x29,x2	 x29:0x0000c000  x2:0xf5e39895 x18=0x00000000
       20855000	      1986	800044fe	c0840513	addi	x10,x8,-1016	  x8:0xe7200000 x10=0xe71ffc08
       20865000	      1987	80004502	00341a63	bne	x8,x3,80004516	  x8:0xe7200000  x3:0xffffff9f
       21255000	      2026	80004516	022e4033	div	x0,x28,x2	 x28:0x00000000  x2:0xf5e39895  x0=0x00000000
       21265000	      2027	8000451a	01904f63	blt	x0,x25,80004538	  x0:0x00000000 x25:0x00000000
       21275000	      2028	8000451e	038cdc63	bge	x25,x24,80004556	 x25:0x00000000 x24:0x0001c100
       21285000	      2029	80004522	0072c2b3	xor	x5,x5,x7	  x5:0x00000000  x7:0x00000000  x5=0x00000000
       21295000	      2030	80004526	00df29b3	slt	x19,x30,x13	 x30:0x1c100000 x13:0x00040010 x19=0x00000000
       21305000	      2031	8000452a	271fe693	ori	x13,x31,625	 x31:0x025ce4f6 x13=0x025ce6f7
       21345000	      2035	8000452e	02b09fb3	mulh	x31,x1,x11	  x1:0xe8100000 x11:0x00000000 x31=0x00000000
       21355000	      2036	80004532	01c59cb3	sll	x25,x11,x28	 x11:0x00000000 x28:0x00000000 x25=0x00000000
       21365000	      2037	80004536	88b1	c.andi	x9,12	  x9:0x00000000  x9=0x00000000
       21375000	      2038	80004538	0222	c.slli	x4,0x8	  x4:0x825efa04  x4=0x5efa0400
       21385000	      2039	8000453a	d378ce93	xori	x29,x17,-713	 x17:0x00000000 x29=0xfffffd37
       21395000	      2040	8000453e	649d	c.lui	x9,0x7	  x9=0x00007000
       21405000	      2041	80004540	0000100f	fence.i	
       21425000	      2043	80004544	a88e4593	xori	x11,x28,-1400	 x28:0x00000000 x11=0xfffffa88
       21435000	      2044	80004548	36b86093	ori	x1,x16,875	 x16:0x00000000  x1=0x0000036b
       21445000	      2045	8000454c	0000100f	fence.i	
       21465000	      2047	80004550	138a7b93	andi	x23,x20,312	 x20:0xffffffff x23=0x00000138
       21475000	      2048	80004554	8179	c.srli	x10,0x1e	 x10:0xe71ffc08 x10=0x00000003
       21495000	      2050	80004556	026174b3	remu	x9,x2,x6	  x2:0xf5e39895  x6:0x00000000  x9=0xf5e39895
       21505000	      2051	8000455a	a0dcab13	slti	x22,x25,-1523	 x25:0x00000000 x22=0x00000000
       21545000	      2055	8000455e	02459533	mulh	x10,x11,x4	 x11:0xfffffa88  x4:0x5efa0400 x10=0xfffffdf8
       21585000	      2059	80004562	029c2833	mulhsu	x16,x24,x9	 x24:0x0001c100  x9:0xf5e39895 x16=0x0001af44
       21595000	      2060	80004566	00c3e8b3	or	x17,x7,x12	  x7:0x00000000 x12:0x80021e04 x17=0x80021e04
       21625000	      2063	8000456a	032e84b3	mul	x9,x29,x18	 x29:0xfffffd37 x18:0x00000000  x9=0x00000000
       21635000	      2064	8000456e	da6ceb13	ori	x22,x25,-602	 x25:0x00000000 x22=0xfffffda6
       21645000	      2065	80004572	e7928097	auipc	x1,0xe7928	  x1=0x6792c572
       21655000	      2066	80004576	987d	c.andi	x8,-1	  x8:0xe7200000  x8=0xe7200000
       21665000	      2067	80004578	00b48833	add	x16,x9,x11	  x9:0x00000000 x11:0xfffffa88 x16=0xfffffa88
       21675000	      2068	8000457c	9f7e	c.add	x30,x31	 x30:0x1c100000 x31:0x00000000 x30=0x1c100000
       21715000	      2072	8000457e	029532b3	mulhu	x5,x10,x9	 x10:0xfffffdf8  x9:0x00000000  x5=0x00000000
       21745000	      2075	80004582	025807b3	mul	x15,x16,x5	 x16:0xfffffa88  x5:0x00000000 x15=0x00000000
       21755000	      2076	80004586	01539033	sll	x0,x7,x21	  x7:0x00000000 x21:0xffffffff  x0=0x00000000
       21765000	      2077	8000458a	00da5e63	bge	x20,x13,800045a6	 x20:0xffffffff x13:0x025ce6f7
       21775000	      2078	8000458e	013697b3	sll	x15,x13,x19	 x13:0x025ce6f7 x19:0x00000000 x15=0x025ce6f7
       21785000	      2079	80004592	0001	c.addi	x0,0	  x0:0x00000000  x0=0x00000000
       21795000	      2080	80004594	40b45c33	sra	x24,x8,x11	  x8:0xe7200000 x11:0xfffffa88 x24=0xffe72000
       21805000	      2081	80004598	8fca	c.mv	x31,x18	  x0:0x00000000 x18:0x00000000 x31=0x00000000
       21815000	      2082	8000459a	81c9	c.srli	x11,0x12	 x11:0xfffffa88 x11=0x00003fff
       21825000	      2083	8000459c	8abe	c.mv	x21,x15	  x0:0x00000000 x15:0x025ce6f7 x21=0x025ce6f7
       21835000	      2084	8000459e	00399cb3	sll	x25,x19,x3	 x19:0x00000000  x3:0xffffff9f x25=0x00000000
       21845000	      2085	800045a2	8569	c.srai	x10,0x1a	 x10:0xfffffdf8 x10=0xffffffff
       21855000	      2086	800045a4	0001	c.addi	x0,0	  x0:0x00000000  x0=0x00000000
       21865000	      2087	800045a6	0001	c.addi	x0,0	  x0:0x00000000  x0=0x00000000
       21875000	      2088	800045a8	40e98533	sub	x10,x19,x14	 x19:0x00000000 x14:0x80025ce4 x10=0x7ffda31c
       21885000	      2089	800045ac	0001	c.addi	x0,0	  x0:0x00000000  x0=0x00000000
       21895000	      2090	800045ae	d0107e93	andi	x29,x0,-767	  x0:0x00000000 x29=0x00000000
       21905000	      2091	800045b2	ea95	c.bnez	x13,800045e6	 x13:0x025ce6f7
       21935000	      2094	800045e6	ad8a7693	andi	x13,x20,-1320	 x20:0xffffffff x13=0xfffffad8
       21945000	      2095	800045ea	01e74963	blt	x14,x30,800045fc	 x14:0x80025ce4 x30:0x1c100000
       21985000	      2099	800045fc	026f0e33	mul	x28,x30,x6	 x30:0x1c100000  x6:0x00000000 x28=0x00000000
       21995000	      2100	80004600	41d956b3	sra	x13,x18,x29	 x18:0x00000000 x29:0x00000000 x13=0x00000000
       22005000	      2101	80004604	19c93013	sltiu	x0,x18,412	 x18:0x00000000  x0=0x00000000
       22375000	      2138	80004608	0219e7b3	rem	x15,x19,x1	 x19:0x00000000  x1:0x6792c572 x15=0x00000000
       22385000	      2139	8000460c	8cbd	c.xor	x9,x15	  x9:0x00000000 x15:0x00000000  x9=0x00000000
       22395000	      2140	8000460e	720f6c93	ori	x25,x30,1824	 x30:0x1c100000 x25=0x1c100720
       22405000	      2141	80004612	8c79	c.and	x8,x14	  x8:0xe7200000 x14:0x80025ce4  x8=0x80000000
       22415000	      2142	80004614	0000100f	fence.i	
       22435000	      2144	80004618	c80d	c.beqz	x8,8000464a	  x8:0x80000000
       22475000	      2148	8000461a	027b36b3	mulhu	x13,x22,x7	 x22:0xfffffda6  x7:0x00000000 x13=0x00000000
       22485000	      2149	8000461e	01f867b3	or	x15,x16,x31	 x16:0xfffffa88 x31:0x00000000 x15=0xfffffa88
       22495000	      2150	80004622	027cc263	blt	x25,x7,80004646	 x25:0x1c100720  x7:0x00000000
       22535000	      2154	80004626	034d35b3	mulhu	x11,x26,x20	 x26:0x00000001 x20:0xffffffff x11=0x00000000
       22545000	      2155	8000462a	8c95	c.sub	x9,x13	  x9:0x00000000 x13:0x00000000  x9=0x00000000
       22555000	      2156	8000462c	ce2fba13	sltiu	x20,x31,-798	 x31:0x00000000 x20=0x00000001
       22565000	      2157	80004630	955e	c.add	x10,x23	 x10:0x7ffda31c x23:0x00000138 x10=0x7ffda454
       22585000	      2159	80004632	027561b3	rem	x3,x10,x7	 x10:0x7ffda454  x7:0x00000000  x3=0x7ffda454
       22595000	      2160	80004636	3a2beab7	lui	x21,0x3a2be	 x21=0x3a2be000
       22605000	      2161	8000463a	01ccfb63	bgeu	x25,x28,80004650	 x25:0x1c100720 x28:0x00000000
       22625000	      2163	80004650	078cce13	xori	x28,x25,120	 x25:0x1c100720 x28=0x1c100758
       22635000	      2164	80004654	8ec1	c.or	x13,x8	 x13:0x00000000  x8:0x80000000 x13=0x80000000
       22645000	      2165	80004656	8fa9	c.xor	x15,x10	 x15:0xfffffa88 x10:0x7ffda454 x15=0x80025edc
       22655000	      2166	80004658	9e16	c.add	x28,x5	 x28:0x1c100758  x5:0x00000000 x28=0x1c100758
       22665000	      2167	8000465a	8289	c.srli	x13,0x2	 x13:0x80000000 x13=0x20000000
       22695000	      2170	8000465c	02d68eb3	mul	x29,x13,x13	 x13:0x20000000 x13:0x20000000 x29=0x00000000
       23065000	      2207	80004660	034bf9b3	remu	x19,x23,x20	 x23:0x00000138 x20:0x00000001 x19=0x00000000
       23075000	      2208	80004664	0001	c.addi	x0,0	  x0:0x00000000  x0=0x00000000
       23085000	      2209	80004666	0001	c.addi	x0,0	  x0:0x00000000  x0=0x00000000
       23455000	      2246	80004668	0349f6b3	remu	x13,x19,x20	 x19:0x00000000 x20:0x00000001 x13=0x00000000
       23465000	      2247	8000466c	44b5	c.li	x9,13	  x9=0x0000000d
       23475000	      2248	8000466e	c295	c.beqz	x13,80004692	 x13:0x00000000
       23505000	      2251	80004692	0003d833	srl	x16,x7,x0	  x7:0x00000000  x0:0x00000000 x16=0x00000000
       23515000	      2252	80004696	01a8fc33	and	x24,x17,x26	 x17:0x80021e04 x26:0x00000001 x24=0x00000000
       23525000	      2253	8000469a	8f91	c.sub	x15,x12	 x15:0x80025edc x12:0x80021e04 x15=0x000040d8
       23895000	      2290	8000469c	03be5333	divu	x6,x28,x27	 x28:0x1c100758 x27:0x025ce400  x6=0x0000000b
       23905000	      2291	800046a0	0001	c.addi	x0,0	  x0:0x00000000  x0=0x00000000
       23925000	      2293	800046a2	02744c33	div	x24,x8,x7	  x8:0x80000000  x7:0x00000000 x24=0xffffffff
       23965000	      2297	800046a6	03453533	mulhu	x10,x10,x20	 x10:0x7ffda454 x20:0x00000001 x10=0x00000000
       23975000	      2298	800046aa	103ebe93	sltiu	x29,x29,259	 x29:0x00000000 x29=0x00000001
       23985000	      2299	800046ae	0284dd63	bge	x9,x8,800046e8	  x9:0x0000000d  x8:0x80000000
       24005000	      2301	800046e8	400a53b3	sra	x7,x20,x0	 x20:0x00000001  x0:0x00000000  x7=0x00000001
       24015000	      2302	800046ec	004f1c93	slli	x25,x30,0x4	 x30:0x1c100000 x25=0xc1000000
       24025000	      2303	800046f0	0046cc63	blt	x13,x4,80004708	 x13:0x00000000  x4:0x5efa0400
       24045000	      2305	80004708	01d50c63	beq	x10,x29,80004720	 x10:0x00000000 x29:0x00000001
       24055000	      2306	8000470c	997d	c.andi	x10,-1	 x10:0x00000000 x10=0x00000000
       24065000	      2307	8000470e	f85c6c13	ori	x24,x24,-123	 x24:0xffffffff x24=0xffffffff
       24075000	      2308	80004712	537d	c.li	x6,-1	  x6=0xffffffff
       24085000	      2309	80004714	02de5b63	bge	x28,x13,8000474a	 x28:0x1c100758 x13:0x00000000
       24115000	      2312	8000474a	456b8397	auipc	x7,0x456b8	  x7=0xc56bc74a
       24125000	      2313	8000474e	1eb53193	sltiu	x3,x10,491	 x10:0x00000000  x3=0x00000001
       24135000	      2314	80004752	8b1e	c.mv	x22,x7	  x0:0x00000000  x7:0xc56bc74a x22=0xc56bc74a
       24145000	      2315	80004754	06a2	c.slli	x13,0x8	 x13:0x00000000 x13=0x00000000
       24155000	      2316	80004756	40dd82b3	sub	x5,x27,x13	 x27:0x025ce400 x13:0x00000000  x5=0x025ce400
       24175000	      2318	8000475a	030356b3	divu	x13,x6,x16	  x6:0xffffffff x16:0x00000000 x13=0xffffffff
       24185000	      2319	8000475e	0ff0000f	fence	iorw,iorw	
       24195000	      2320	80004762	01245c63	bge	x8,x18,8000477a	  x8:0x80000000 x18:0x00000000
       24235000	      2324	80004766	0236a333	mulhsu	x6,x13,x3	 x13:0xffffffff  x3:0x00000001  x6=0xffffffff
       24245000	      2325	8000476a	00327eb3	and	x29,x4,x3	  x4:0x5efa0400  x3:0x00000001 x29=0x00000000
       24255000	      2326	8000476e	933e	c.add	x6,x15	  x6:0xffffffff x15:0x000040d8  x6=0x000040d7
       24265000	      2327	80004770	ec89	c.bnez	x9,8000478a	  x9:0x0000000d
       24325000	      2333	8000478a	0266b3b3	mulhu	x7,x13,x6	 x13:0xffffffff  x6:0x000040d7  x7=0x000040d6
       24335000	      2334	8000478e	c799	c.beqz	x15,8000479c	 x15:0x000040d8
       24345000	      2335	80004790	858d	c.srai	x11,0x3	 x11:0x00000000 x11=0x00000000
       24355000	      2336	80004792	404b0b33	sub	x22,x22,x4	 x22:0xc56bc74a  x4:0x5efa0400 x22=0x6671c34a
       24365000	      2337	80004796	8f85	c.sub	x15,x9	 x15:0x000040d8  x9:0x0000000d x15=0x000040cb
       24405000	      2341	80004798	026cb0b3	mulhu	x1,x25,x6	 x25:0xc1000000  x6:0x000040d7  x1=0x000030e2
       24415000	      2342	8000479c	410684b3	sub	x9,x13,x16	 x13:0xffffffff x16:0x00000000  x9=0xffffffff
       24435000	      2344	800047a0	0330da33	divu	x20,x1,x19	  x1:0x000030e2 x19:0x00000000 x20=0xffffffff
       24445000	      2345	800047a4	0ff0000f	fence	iorw,iorw	
       24455000	      2346	800047a8	006a41b3	xor	x3,x20,x6	 x20:0xffffffff  x6:0x000040d7  x3=0xffffbf28
       24465000	      2347	800047ac	00016d63	bltu	x2,x0,800047c6	  x2:0xf5e39895  x0:0x00000000
       24835000	      2384	800047b0	02d8ca33	div	x20,x17,x13	 x17:0x80021e04 x13:0xffffffff x20=0x7ffde1fc
       24845000	      2385	800047b4	00d6bfb3	sltu	x31,x13,x13	 x13:0xffffffff x13:0xffffffff x31=0x00000000
       24865000	      2387	800047b8	02b754b3	divu	x9,x14,x11	 x14:0x80025ce4 x11:0x00000000  x9=0xffffffff
       24875000	      2388	800047bc	0ff0000f	fence	iorw,iorw	
       24885000	      2389	800047c0	001b0863	beq	x22,x1,800047d0	 x22:0x6671c34a  x1:0x000030e2
       24895000	      2390	800047c4	0001	c.addi	x0,0	  x0:0x00000000  x0=0x00000000
       24905000	      2391	800047c6	00f2	c.slli	x1,0x1c	  x1:0x000030e2  x1=0x20000000
       24915000	      2392	800047c8	0178d8b3	srl	x17,x17,x23	 x17:0x80021e04 x23:0x00000138 x17=0x00000080
       24925000	      2393	800047cc	0001	c.addi	x0,0	  x0:0x00000000  x0=0x00000000
       24935000	      2394	800047ce	8c9d	c.sub	x9,x15	  x9:0xffffffff x15:0x000040cb  x9=0xffffbf34
       24945000	      2395	800047d0	004952b3	srl	x5,x18,x4	 x18:0x00000000  x4:0x5efa0400  x5=0x00000000
       24955000	      2396	800047d4	0145a833	slt	x16,x11,x20	 x11:0x00000000 x20:0x7ffde1fc x16=0x00000001
       24965000	      2397	800047d8	8ee5	c.and	x13,x9	 x13:0xffffffff  x9:0xffffbf34 x13=0xffffbf34
       24975000	      2398	800047da	414bde13	srai	x28,x23,0x14	 x23:0x00000138 x28=0x00000000
       24995000	      2400	800047de	03255a33	divu	x20,x10,x18	 x10:0x00000000 x18:0x00000000 x20=0xffffffff
       25005000	      2401	800047e2	11178293	addi	x5,x15,273	 x15:0x000040cb  x5=0x000041dc
       25375000	      2438	800047e6	03ef5333	divu	x6,x30,x30	 x30:0x1c100000 x30:0x1c100000  x6=0x00000001
       25385000	      2439	800047ea	55ca2993	slti	x19,x20,1372	 x20:0xffffffff x19=0x00000001
       25395000	      2440	800047ee	8d15	c.sub	x10,x13	 x10:0x00000000 x13:0xffffbf34 x10=0x000040cc
       25405000	      2441	800047f0	01d35b63	bge	x6,x29,80004806	  x6:0x00000001 x29:0x00000000
       25435000	      2444	80004806	03d6da63	bge	x13,x29,8000483a	 x13:0xffffbf34 x29:0x00000000
       25445000	      2445	8000480a	0001	c.addi	x0,0	  x0:0x00000000  x0=0x00000000
       25455000	      2446	8000480c	0145ad33	slt	x26,x11,x20	 x11:0x00000000 x20:0xffffffff x26=0x00000000
       25465000	      2447	80004810	41b456b3	sra	x13,x8,x27	  x8:0x80000000 x27:0x025ce400 x13=0x80000000
       25475000	      2448	80004814	28ba7593	andi	x11,x20,651	 x20:0xffffffff x11=0x0000028b
       25845000	      2485	80004818	03b37b33	remu	x22,x6,x27	  x6:0x00000001 x27:0x025ce400 x22=0x00000001
       25855000	      2486	8000481c	8e95	c.sub	x13,x13	 x13:0x80000000 x13:0x80000000 x13=0x00000000
       25865000	      2487	8000481e	e289	c.bnez	x13,80004820	 x13:0x00000000
       25875000	      2488	80004820	0000100f	fence.i	
       25895000	      2490	80004824	016b6e33	or	x28,x22,x22	 x22:0x00000001 x22:0x00000001 x28=0x00000001
       25915000	      2492	80004828	0328dab3	divu	x21,x17,x18	 x17:0x00000080 x18:0x00000000 x21=0xffffffff
       25925000	      2493	8000482c	039d1463	bne	x26,x25,80004854	 x26:0x00000000 x25:0xc1000000
       25945000	      2495	80004854	c48d	c.beqz	x9,8000487e	  x9:0xffffbf34
       25955000	      2496	80004856	f8796593	ori	x11,x18,-121	 x18:0x00000000 x11=0xffffff87
       25965000	      2497	8000485a	0ff0000f	fence	iorw,iorw	
       25975000	      2498	8000485e	848d	c.srai	x9,0x3	  x9:0xffffbf34  x9=0xfffff7e6
       25985000	      2499	80004860	056d2593	slti	x11,x26,86	 x26:0x00000000 x11=0x00000001
       25995000	      2500	80004864	41b7d833	sra	x16,x15,x27	 x15:0x000040cb x27:0x025ce400 x16=0x000040cb
       26005000	      2501	80004868	0001	c.addi	x0,0	  x0:0x00000000  x0=0x00000000
       26045000	      2505	8000486a	03f512b3	mulh	x5,x10,x31	 x10:0x000040cc x31:0x00000000  x5=0x00000000
       26055000	      2506	8000486e	8971	c.andi	x10,28	 x10:0x000040cc x10=0x0000000c
       26065000	      2507	80004870	8689	c.srai	x13,0x2	 x13:0x00000000 x13=0x00000000
       26075000	      2508	80004872	3f9b42b7	lui	x5,0x3f9b4	  x5=0x3f9b4000
       26085000	      2509	80004876	3411f693	andi	x13,x3,833	  x3:0xffffbf28 x13=0x00000300
       26095000	      2510	8000487a	40c5df33	sra	x30,x11,x12	 x11:0x00000001 x12:0x80021e04 x30=0x00000000
       26105000	      2511	8000487e	b7757337	lui	x6,0xb7757	  x6=0xb7757000
       26145000	      2515	80004882	023b3433	mulhu	x8,x22,x3	 x22:0x00000001  x3:0xffffbf28  x8=0x00000000
       26155000	      2516	80004886	024ff063	bgeu	x31,x4,800048a6	 x31:0x00000000  x4:0x5efa0400
       26165000	      2517	8000488a	007330b3	sltu	x1,x6,x7	  x6:0xb7757000  x7:0x000040d6  x1=0x00000000
       26175000	      2518	8000488e	9aaa	c.add	x21,x10	 x21:0xffffffff x10:0x0000000c x21=0x0000000b
       26185000	      2519	80004890	82b9	c.srli	x13,0xe	 x13:0x00000300 x13=0x00000000
       26225000	      2523	80004892	02813fb3	mulhu	x31,x2,x8	  x2:0xf5e39895  x8:0x00000000 x31=0x00000000
       26595000	      2560	80004896	030e69b3	rem	x19,x28,x16	 x28:0x00000001 x16:0x000040cb x19=0x00000001
       26605000	      2561	8000489a	006f9b33	sll	x22,x31,x6	 x31:0x00000000  x6:0xb7757000 x22=0x00000000
       26615000	      2562	8000489e	c40d	c.beqz	x8,800048c8	  x8:0x00000000
       26635000	      2564	800048c8	41f8d293	srai	x5,x17,0x1f	 x17:0x00000080  x5=0x00000000
       26645000	      2565	800048cc	8fb1	c.xor	x15,x12	 x15:0x000040cb x12:0x80021e04 x15=0x80025ecf
       26655000	      2566	800048ce	00641fb3	sll	x31,x8,x6	  x8:0x00000000  x6:0xb7757000 x31=0x00000000
       26665000	      2567	800048d2	017ed813	srli	x16,x29,0x17	 x29:0x00000000 x16=0x00000000
       26675000	      2568	800048d6	1b7d	c.addi	x22,-1	 x22:0x00000000 x22=0xffffffff
       26685000	      2569	800048d8	02259263	bne	x11,x2,800048fc	 x11:0x00000001  x2:0xf5e39895
       26705000	      2571	800048fc	8a7f7593	andi	x11,x30,-1881	 x30:0x00000000 x11=0x00000000
       26745000	      2575	80004900	021a1c33	mulh	x24,x20,x1	 x20:0xffffffff  x1:0x00000000 x24=0x00000000
       26785000	      2579	80004904	02b329b3	mulhsu	x19,x6,x11	  x6:0xb7757000 x11:0x00000000 x19=0x00000000
       26795000	      2580	80004908	013df863	bgeu	x27,x19,80004918	 x27:0x025ce400 x19:0x00000000
       26815000	      2582	80004918	00eb9c33	sll	x24,x23,x14	 x23:0x00000138 x14:0x80025ce4 x24=0x00001380
       26825000	      2583	8000491c	4aaf1017	auipc	x0,0x4aaf1	  x0=0x00000000
       26835000	      2584	80004920	00fb6d63	bltu	x22,x15,8000493a	 x22:0xffffffff x15:0x80025ecf
       26845000	      2585	80004924	fdcf2c13	slti	x24,x30,-36	 x30:0x00000000 x24=0x00000000
       26855000	      2586	80004928	00d21b93	slli	x23,x4,0xd	  x4:0x5efa0400 x23=0x40800000
       26865000	      2587	8000492c	99fd	c.andi	x11,-1	 x11:0x00000000 x11=0x00000000
       26905000	      2591	8000492e	03473533	mulhu	x10,x14,x20	 x14:0x80025ce4 x20:0xffffffff x10=0x80025ce3
       26915000	      2592	80004932	019a73b3	and	x7,x20,x25	 x20:0xffffffff x25:0xc1000000  x7=0xc1000000
       26925000	      2593	80004936	00981693	slli	x13,x16,0x9	 x16:0x00000000 x13=0x00000000
       26935000	      2594	8000493a	0198b433	sltu	x8,x17,x25	 x17:0x00000080 x25:0xc1000000  x8=0x00000001
       26945000	      2595	8000493e	41968bb3	sub	x23,x13,x25	 x13:0x00000000 x25:0xc1000000 x23=0x3f000000
       27315000	      2632	80004942	02907bb3	remu	x23,x0,x9	  x0:0x00000000  x9:0xfffff7e6 x23=0x00000000
       27325000	      2633	80004946	0a1a	c.slli	x20,0x6	 x20:0xffffffff x20=0xffffffc0
       27365000	      2637	80004948	02f03033	mulhu	x0,x0,x15	  x0:0x00000000 x15:0x80025ecf  x0=0x00000000
       27375000	      2638	8000494c	8da1	c.xor	x11,x8	 x11:0x00000000  x8:0x00000001 x11=0x00000001
       27385000	      2639	8000494e	98fd	c.andi	x9,-1	  x9:0xfffff7e6  x9=0xfffff7e6
       27395000	      2640	80004950	80f1	c.srli	x9,0x1c	  x9:0xfffff7e6  x9=0x0000000f
       27405000	      2641	80004952	8cca	c.mv	x25,x18	  x0:0x00000000 x18:0x00000000 x25=0x00000000
       27415000	      2642	80004954	012bcc63	blt	x23,x18,8000496c	 x23:0x00000000 x18:0x00000000
       27425000	      2643	80004958	e499	c.bnez	x9,80004966	  x9:0x0000000f
       27455000	      2646	80004966	0ac8bc13	sltiu	x24,x17,172	 x17:0x00000080 x24=0x00000001
       27465000	      2647	8000496a	8e7a	c.mv	x28,x30	  x0:0x00000000 x30:0x00000000 x28=0x00000000
       27475000	      2648	8000496c	8cf6	c.mv	x25,x29	  x0:0x00000000 x29:0x00000000 x25=0x00000000
       27485000	      2649	8000496e	0180da63	bge	x1,x24,80004982	  x1:0x00000000 x24:0x00000001
       27495000	      2650	80004972	0195d8b3	srl	x17,x11,x25	 x11:0x00000001 x25:0x00000000 x17=0x00000001
       27505000	      2651	80004976	5cfd	c.li	x25,-1	 x25=0xffffffff
       27515000	      2652	80004978	e889	c.bnez	x9,8000498a	  x9:0x0000000f
       27535000	      2654	8000498a	8d39	c.xor	x10,x14	 x10:0x80025ce3 x14:0x80025ce4 x10=0x00000007
       27545000	      2655	8000498c	54fd	c.li	x9,-1	  x9=0xffffffff
       27555000	      2656	8000498e	0023e3b3	or	x7,x7,x2	  x7:0xc1000000  x2:0xf5e39895  x7=0xf5e39895
       27565000	      2657	80004992	6aad	c.lui	x21,0xb	 x21=0x0000b000
       27935000	      2694	80004994	02a84eb3	div	x29,x16,x10	 x16:0x00000000 x10:0x00000007 x29=0x00000000
       27975000	      2698	80004998	0396a2b3	mulhsu	x5,x13,x25	 x13:0x00000000 x25:0xffffffff  x5=0x00000000
       27985000	      2699	8000499c	80c5	c.srli	x9,0x11	  x9:0xffffffff  x9=0x00007fff
       27995000	      2700	8000499e	1f7d	c.addi	x30,-1	 x30:0x00000000 x30=0xffffffff
       28005000	      2701	800049a0	3c346e13	ori	x28,x8,963	  x8:0x00000001 x28=0x000003c3
       28015000	      2702	800049a4	01c6ed63	bltu	x13,x28,800049be	 x13:0x00000000 x28:0x000003c3
       28045000	      2705	800049be	002a74b3	and	x9,x20,x2	 x20:0xffffffc0  x2:0xf5e39895  x9=0xf5e39880
       28055000	      2706	800049c2	8d85	c.sub	x11,x9	 x11:0x00000001  x9:0xf5e39880 x11=0x0a1c6781
       28065000	      2707	800049c4	537d	c.li	x6,-1	  x6=0xffffffff
       28075000	      2708	800049c6	03e3f963	bgeu	x7,x30,800049f8	  x7:0xf5e39895 x30:0xffffffff
       28085000	      2709	800049ca	6be9	c.lui	x23,0x1a	 x23=0x0001a000
       28095000	      2710	800049cc	897e	c.mv	x18,x31	  x0:0x00000000 x31:0x00000000 x18=0x00000000
       28105000	      2711	800049ce	d5878893	addi	x17,x15,-680	 x15:0x80025ecf x17=0x80025c27
       28115000	      2712	800049d2	8ffd	c.and	x15,x15	 x15:0x80025ecf x15:0x80025ecf x15=0x80025ecf
       28125000	      2713	800049d4	26cd3493	sltiu	x9,x26,620	 x26:0x00000000  x9=0x00000001
       28135000	      2714	800049d8	036f7063	bgeu	x30,x22,800049f8	 x30:0xffffffff x22:0xffffffff
       28155000	      2716	800049f8	009d2cb3	slt	x25,x26,x9	 x26:0x00000000  x9:0x00000001 x25=0x00000001
       28165000	      2717	800049fc	81e1	c.srli	x11,0x18	 x11:0x0a1c6781 x11=0x0000000a
       28175000	      2718	800049fe	97602817	auipc	x16,0x97602	 x16=0x176069fe
       28185000	      2719	80004a02	41b501b3	sub	x3,x10,x27	 x10:0x00000007 x27:0x025ce400  x3=0xfda31c07
       28195000	      2720	80004a06	8945	c.andi	x10,17	 x10:0x00000007 x10=0x00000001
       28205000	      2721	80004a08	00a037b3	sltu	x15,x0,x10	  x0:0x00000000 x10:0x00000001 x15=0x00000001
       28215000	      2722	80004a0c	382b7093	andi	x1,x22,898	 x22:0xffffffff  x1=0x00000382
       28225000	      2723	80004a10	01aa60b3	or	x1,x20,x26	 x20:0xffffffc0 x26:0x00000000  x1=0xffffffc0
       28235000	      2724	80004a14	68c53d13	sltiu	x26,x10,1676	 x10:0x00000001 x26=0x00000001
       28245000	      2725	80004a18	0000100f	fence.i	
       28265000	      2727	80004a1c	40c15193	srai	x3,x2,0xc	  x2:0xf5e39895  x3=0xffff5e39
       28275000	      2728	80004a20	6ccffa93	andi	x21,x31,1740	 x31:0x00000000 x21=0x00000000
       28285000	      2729	80004a24	0102ee33	or	x28,x5,x16	  x5:0x00000000 x16:0x176069fe x28=0x176069fe
       28295000	      2730	80004a28	7d1dc393	xori	x7,x27,2001	 x27:0x025ce400  x7=0x025ce3d1
       28305000	      2731	80004a2c	987d	c.andi	x8,-1	  x8:0x00000001  x8=0x00000001
       28315000	      2732	80004a2e	d60efa37	lui	x20,0xd60ef	 x20=0xd60ef000
       28325000	      2733	80004a32	01b362b3	or	x5,x6,x27	  x6:0xffffffff x27:0x025ce400  x5=0xffffffff
       28335000	      2734	80004a36	932c8493	addi	x9,x25,-1742	 x25:0x00000001  x9=0xfffff933
       28345000	      2735	80004a3a	8770de97	auipc	x29,0x8770d	 x29=0x07711a3a
       28355000	      2736	80004a3e	05706363	bltu	x0,x23,80004a84	  x0:0x00000000 x23:0x0001a000
       28375000	      2738	80004a84	9e6e6e93	ori	x29,x28,-1562	 x28:0x176069fe x29=0xfffff9fe
       28405000	      2741	80004a88	022688b3	mul	x17,x13,x2	 x13:0x00000000  x2:0xf5e39895 x17=0x00000000
       28415000	      2742	80004a8c	00a3cc63	blt	x7,x10,80004aa4	  x7:0x025ce3d1 x10:0x00000001
       28425000	      2743	80004a90	00eb9c33	sll	x24,x23,x14	 x23:0x0001a000 x14:0x80025ce4 x24=0x001a0000
       28435000	      2744	80004a94	01539993	slli	x19,x7,0x15	  x7:0x025ce3d1 x19=0x7a200000
       28445000	      2745	80004a98	00690cb3	add	x25,x18,x6	 x18:0x00000000  x6:0xffffffff x25=0xffffffff
       28455000	      2746	80004a9c	00a70db3	add	x27,x14,x10	 x14:0x80025ce4 x10:0x00000001 x27=0x80025ce5
       28485000	      2749	80004aa0	020f03b3	mul	x7,x30,x0	 x30:0xffffffff  x0:0x00000000  x7=0x00000000
       28495000	      2750	80004aa4	62d9	c.lui	x5,0x16	  x5=0x00016000
       28505000	      2751	80004aa6	001f1513	slli	x10,x30,0x1	 x30:0xffffffff x10=0xfffffffe
       28515000	      2752	80004aaa	4541	c.li	x10,16	 x10=0x00000010
       28525000	      2753	80004aac	0073da63	bge	x7,x7,80004ac0	  x7:0x00000000  x7:0x00000000
       28545000	      2755	80004ac0	ef81	c.bnez	x15,80004ad8	 x15:0x00000001
       28595000	      2760	80004ad8	02a435b3	mulhu	x11,x8,x10	  x8:0x00000001 x10:0x00000010 x11=0x00000000
       28605000	      2761	80004adc	4181db13	srai	x22,x3,0x18	  x3:0xffff5e39 x22=0xffffffff
       28615000	      2762	80004ae0	e98d	c.bnez	x11,80004b12	 x11:0x00000000
       28625000	      2763	80004ae2	0000100f	fence.i	
       28645000	      2765	80004ae6	8d91	c.sub	x11,x12	 x11:0x00000000 x12:0x80021e04 x11=0x7ffde1fc
       28655000	      2766	80004ae8	013ad813	srli	x16,x21,0x13	 x21:0x00000000 x16=0x00000000
       28665000	      2767	80004aec	01aa6d63	bltu	x20,x26,80004b06	 x20:0xd60ef000 x26:0x00000001
       28675000	      2768	80004af0	415f06b3	sub	x13,x30,x21	 x30:0xffffffff x21:0x00000000 x13=0xffffffff
       28685000	      2769	80004af4	0001	c.addi	x0,0	  x0:0x00000000  x0=0x00000000
       28715000	      2772	80004af6	033b8a33	mul	x20,x23,x19	 x23:0x0001a000 x19:0x7a200000 x20=0x00000000
       28725000	      2773	80004afa	00f31a33	sll	x20,x6,x15	  x6:0xffffffff x15:0x00000001 x20=0xfffffffe
       29095000	      2810	80004afe	037447b3	div	x15,x8,x23	  x8:0x00000001 x23:0x0001a000 x15=0x00000000
       29105000	      2811	80004b02	86096a13	ori	x20,x18,-1952	 x18:0x00000000 x20=0xfffff860
       29115000	      2812	80004b06	8cfd	c.and	x9,x15	  x9:0xfffff933 x15:0x00000000  x9=0x00000000
       29125000	      2813	80004b08	0001	c.addi	x0,0	  x0:0x00000000  x0=0x00000000
       29495000	      2850	80004b0a	036acbb3	div	x23,x21,x22	 x21:0x00000000 x22:0xffffffff x23=0x00000000
       29505000	      2851	80004b0e	0163d263	bge	x7,x22,80004b12	  x7:0x00000000 x22:0xffffffff
       29545000	      2855	80004b12	030dc8b3	div	x17,x27,x16	 x27:0x80025ce5 x16:0x00000000 x17=0xffffffff
       29555000	      2856	80004b16	0ff0000f	fence	iorw,iorw	
       29925000	      2893	80004b1a	039dec33	rem	x24,x27,x25	 x27:0x80025ce5 x25:0xffffffff x24=0x00000000
       29945000	      2895	80004b1e	0203edb3	rem	x27,x7,x0	  x7:0x00000000  x0:0x00000000 x27=0x00000000
       29955000	      2896	80004b22	6e99	c.lui	x29,0x6	 x29=0x00006000
       29965000	      2897	80004b24	40c80233	sub	x4,x16,x12	 x16:0x00000000 x12:0x80021e04  x4=0x7ffde1fc
       29975000	      2898	80004b28	009c80b3	add	x1,x25,x9	 x25:0xffffffff  x9:0x00000000  x1=0xffffffff
       29985000	      2899	80004b2c	87b1	c.srai	x15,0xc	 x15:0x00000000 x15=0x00000000
       29995000	      2900	80004b2e	60fd	c.lui	x1,0x1f	  x1=0x0001f000
       30005000	      2901	80004b30	01022fb3	slt	x31,x4,x16	  x4:0x7ffde1fc x16:0x00000000 x31=0x00000000
       30015000	      2902	80004b34	00fe84b3	add	x9,x29,x15	 x29:0x00006000 x15:0x00000000  x9=0x00006000
       30025000	      2903	80004b38	0001	c.addi	x0,0	  x0:0x00000000  x0=0x00000000
       30035000	      2904	80004b3a	8ced	c.and	x9,x11	  x9:0x00006000 x11:0x7ffde1fc  x9=0x00006000
       30045000	      2905	80004b3c	0001	c.addi	x0,0	  x0:0x00000000  x0=0x00000000
       30055000	      2906	80004b3e	8c12	c.mv	x24,x4	  x0:0x00000000  x4:0x7ffde1fc x24=0x7ffde1fc
       30065000	      2907	80004b40	8549	c.srai	x10,0x12	 x10:0x00000010 x10=0x00000000
       30075000	      2908	80004b42	ca81	c.beqz	x13,80004b52	 x13:0xffffffff
       30085000	      2909	80004b44	8131	c.srli	x10,0xc	 x10:0x00000000 x10=0x00000000
       30095000	      2910	80004b46	217c8937	lui	x18,0x217c8	 x18=0x217c8000
       30105000	      2911	80004b4a	7d32cd93	xori	x27,x5,2003	  x5:0x00016000 x27=0x000167d3
       30115000	      2912	80004b4e	0100cf63	blt	x1,x16,80004b6c	  x1:0x0001f000 x16:0x00000000
       30125000	      2913	80004b52	6a99	c.lui	x21,0x6	 x21=0x00006000
       30135000	      2914	80004b54	84cd	c.srai	x9,0x13	  x9:0x00006000  x9=0x00000000
       30145000	      2915	80004b56	0082dd93	srli	x27,x5,0x8	  x5:0x00016000 x27=0x00000160
       30155000	      2916	80004b5a	8405	c.srai	x8,0x1	  x8:0x00000001  x8=0x00000000
       30165000	      2917	80004b5c	024d0463	beq	x26,x4,80004b84	 x26:0x00000001  x4:0x7ffde1fc
       30175000	      2918	80004b60	7a3a2a93	slti	x21,x20,1955	 x20:0xfffff860 x21=0x00000001
       30185000	      2919	80004b64	2b24ca93	xori	x21,x9,690	  x9:0x00000000 x21=0x000002b2
       30195000	      2920	80004b68	01de5bb3	srl	x23,x28,x29	 x28:0x176069fe x29:0x00006000 x23=0x176069fe
       30205000	      2921	80004b6c	8d49	c.or	x10,x10	 x10:0x00000000 x10:0x00000000 x10=0x00000000
       30215000	      2922	80004b6e	8fe9	c.and	x15,x10	 x15:0x00000000 x10:0x00000000 x15=0x00000000
       30225000	      2923	80004b70	a2ab0237	lui	x4,0xa2ab0	  x4=0xa2ab0000
       30235000	      2924	80004b74	0001	c.addi	x0,0	  x0:0x00000000  x0=0x00000000
       30265000	      2927	80004b76	02ff02b3	mul	x5,x30,x15	 x30:0xffffffff x15:0x00000000  x5=0x00000000
       30275000	      2928	80004b7a	cf89	c.beqz	x15,80004b94	 x15:0x00000000
       30295000	      2930	80004b94	30b9ec93	ori	x25,x19,779	 x19:0x7a200000 x25=0x7a20030b
       30305000	      2931	80004b98	0001	c.addi	x0,0	  x0:0x00000000  x0=0x00000000
       30315000	      2932	80004b9a	00ecbcb3	sltu	x25,x25,x14	 x25:0x7a20030b x14:0x80025ce4 x25=0x00000001
       30355000	      2936	80004b9e	03002fb3	mulhsu	x31,x0,x16	  x0:0x00000000 x16:0x00000000 x31=0x00000000
       30365000	      2937	80004ba2	18f0f513	andi	x10,x1,399	  x1:0x0001f000 x10=0x00000000
       30375000	      2938	80004ba6	015bdeb3	srl	x29,x23,x21	 x23:0x176069fe x21:0x000002b2 x29=0x000005d8
       30385000	      2939	80004baa	04b1c263	blt	x3,x11,80004bee	  x3:0xffff5e39 x11:0x7ffde1fc
       30775000	      2978	80004bee	021c5eb3	divu	x29,x24,x1	 x24:0x7ffde1fc  x1:0x0001f000 x29=0x0000420f
       30785000	      2979	80004bf2	404804b3	sub	x9,x16,x4	 x16:0x00000000  x4:0xa2ab0000  x9=0x5d550000
       30795000	      2980	80004bf6	000e15b3	sll	x11,x28,x0	 x28:0x176069fe  x0:0x00000000 x11=0x176069fe
       31165000	      3017	80004bfa	03e3eeb3	rem	x29,x7,x30	  x7:0x00000000 x30:0xffffffff x29=0x00000000
       31175000	      3018	80004bfe	0001	c.addi	x0,0	  x0:0x00000000  x0=0x00000000
       31185000	      3019	80004c00	41060333	sub	x6,x12,x16	 x12:0x80021e04 x16:0x00000000  x6=0x80021e04
       31195000	      3020	80004c04	8d79	c.and	x10,x14	 x10:0x00000000 x14:0x80025ce4 x10=0x00000000
       31225000	      3023	80004c06	02880e33	mul	x28,x16,x8	 x16:0x00000000  x8:0x00000000 x28=0x00000000
       31235000	      3024	80004c0a	e985	c.bnez	x11,80004c3a	 x11:0x176069fe
       31265000	      3027	80004c3a	40d6dc13	srai	x24,x13,0xd	 x13:0xffffffff x24=0xffffffff
       31275000	      3028	80004c3e	4c69	c.li	x24,26	 x24=0x0000001a
       31285000	      3029	80004c40	f16bb393	sltiu	x7,x23,-234	 x23:0x176069fe  x7=0x00000001
       31295000	      3030	80004c44	00e41c63	bne	x8,x14,80004c5c	  x8:0x00000000 x14:0x80025ce4
       31675000	      3068	80004c5c	039647b3	div	x15,x12,x25	 x12:0x80021e04 x25:0x00000001 x15=0x80021e04
       31685000	      3069	80004c60	0001	c.addi	x0,0	  x0:0x00000000  x0=0x00000000
       32055000	      3106	80004c62	023d7533	remu	x10,x26,x3	 x26:0x00000001  x3:0xffff5e39 x10=0x00000001
       32425000	      3143	80004c66	021a48b3	div	x17,x20,x1	 x20:0xfffff860  x1:0x0001f000 x17=0x00000000
       32435000	      3144	80004c6a	054a	c.slli	x10,0x12	 x10:0x00000001 x10=0x00040000
       32445000	      3145	80004c6c	1a7d	c.addi	x20,-1	 x20:0xfffff860 x20=0xfffff85f
       32815000	      3182	80004c6e	024ddb33	divu	x22,x27,x4	 x27:0x00000160  x4:0xa2ab0000 x22=0x00000000
       32825000	      3183	80004c72	41dcd533	sra	x10,x25,x29	 x25:0x00000001 x29:0x00000000 x10=0x00000001
       32865000	      3187	80004c76	033811b3	mulh	x3,x16,x19	 x16:0x00000000 x19:0x7a200000  x3=0x00000000
       32875000	      3188	80004c7a	97be	c.add	x15,x15	 x15:0x80021e04 x15:0x80021e04 x15=0x00043c08
       32885000	      3189	80004c7c	40a053b3	sra	x7,x0,x10	  x0:0x00000000 x10:0x00000001  x7=0x00000000
       32895000	      3190	80004c80	01999d63	bne	x19,x25,80004c9a	 x19:0x7a200000 x25:0x00000001
       32925000	      3193	80004c9a	03ef1063	bne	x30,x30,80004cba	 x30:0xffffffff x30:0xffffffff
       32935000	      3194	80004c9e	c28d	c.beqz	x13,80004cc0	 x13:0xffffffff
       32945000	      3195	80004ca0	cf89	c.beqz	x15,80004cba	 x15:0x00043c08
       32955000	      3196	80004ca2	419c5ab3	sra	x21,x24,x25	 x24:0x0000001a x25:0x00000001 x21=0x0000000d
       32965000	      3197	80004ca6	d22cfb97	auipc	x23,0xd22cf	 x23=0x522d3ca6
       32975000	      3198	80004caa	8fa9	c.xor	x15,x10	 x15:0x00043c08 x10:0x00000001 x15=0x00043c09
       32985000	      3199	80004cac	2da5a213	slti	x4,x11,730	 x11:0x176069fe  x4=0x00000000
       32995000	      3200	80004cb0	03678c63	beq	x15,x22,80004ce8	 x15:0x00043c09 x22:0x00000000
       33005000	      3201	80004cb4	48264837	lui	x16,0x48264	 x16=0x48264000
       33015000	      3202	80004cb8	81b1	c.srli	x11,0xc	 x11:0x176069fe x11=0x00017606
       33025000	      3203	80004cba	029f5563	bge	x30,x9,80004ce4	 x30:0xffffffff  x9:0x5d550000
       33035000	      3204	80004cbe	052e	c.slli	x10,0xb	 x10:0x00000001 x10=0x00000800
       33045000	      3205	80004cc0	8405	c.srai	x8,0x1	  x8:0x00000000  x8=0x00000000
       33055000	      3206	80004cc2	8cad	c.xor	x9,x11	  x9:0x5d550000 x11:0x00017606  x9=0x5d547606
       33065000	      3207	80004cc4	823dbc93	sltiu	x25,x27,-2013	 x27:0x00000160 x25=0x00000001
       33075000	      3208	80004cc8	8459	c.srai	x8,0x16	  x8:0x00000000  x8=0x00000000
       33085000	      3209	80004cca	bbf72e17	auipc	x28,0xbbf72	 x28=0x3bf76cca
       33095000	      3210	80004cce	ed99	c.bnez	x11,80004cec	 x11:0x00017606
       33115000	      3212	80004cec	8f99	c.sub	x15,x14	 x15:0x00043c09 x14:0x80025ce4 x15=0x8001df25
       33125000	      3213	80004cee	414056b3	sra	x13,x0,x20	  x0:0x00000000 x20:0xfffff85f x13=0x00000000
       33135000	      3214	80004cf2	78cec993	xori	x19,x29,1932	 x29:0x00000000 x19=0x0000078c
       33145000	      3215	80004cf6	013233b3	sltu	x7,x4,x19	  x4:0x00000000 x19:0x0000078c  x7=0x00000001
       33155000	      3216	80004cfa	0ff0000f	fence	iorw,iorw	
       33165000	      3217	80004cfe	03a75063	bge	x14,x26,80004d1e	 x14:0x80025ce4 x26:0x00000001
       33535000	      3254	80004d02	03ebd533	divu	x10,x23,x30	 x23:0x522d3ca6 x30:0xffffffff x10=0x00000000
       33905000	      3291	80004d06	02bbc333	div	x6,x23,x11	 x23:0x522d3ca6 x11:0x00017606  x6=0x0000383e
       33915000	      3292	80004d0a	ec01	c.bnez	x8,80004d22	  x8:0x00000000
       33925000	      3293	80004d0c	09a6	c.slli	x19,0x9	 x19:0x0000078c x19=0x000f1800
       34295000	      3330	80004d0e	0392de33	divu	x28,x5,x25	  x5:0x00000000 x25:0x00000001 x28=0x00000000
       34305000	      3331	80004d12	e6212013	slti	x0,x2,-414	  x2:0xf5e39895  x0=0x00000000
       34345000	      3335	80004d16	03ca22b3	mulhsu	x5,x20,x28	 x20:0xfffff85f x28:0x00000000  x5=0x00000000
       34355000	      3336	80004d1a	00dcce63	blt	x25,x13,80004d36	 x25:0x00000001 x13:0x00000000
       34365000	      3337	80004d1e	0000100f	fence.i	
       34395000	      3340	80004d22	ed91f593	andi	x11,x3,-295	  x3:0x00000000 x11=0x00000000
       34405000	      3341	80004d26	00d17a33	and	x20,x2,x13	  x2:0xf5e39895 x13:0x00000000 x20=0x00000000
       34415000	      3342	80004d2a	0001	c.addi	x0,0	  x0:0x00000000  x0=0x00000000
       34435000	      3344	80004d2c	03196eb3	rem	x29,x18,x17	 x18:0x217c8000 x17:0x00000000 x29=0x217c8000
       34445000	      3345	80004d30	ef89	c.bnez	x15,80004d4a	 x15:0x8001df25
       34835000	      3384	80004d4a	0271f3b3	remu	x7,x3,x7	  x3:0x00000000  x7:0x00000001  x7=0x00000000
       34845000	      3385	80004d4e	01949f93	slli	x31,x9,0x19	  x9:0x5d547606 x31=0x0c000000
       34855000	      3386	80004d52	6efd	c.lui	x29,0x1f	 x29=0x0001f000
       34865000	      3387	80004d54	79108293	addi	x5,x1,1937	  x1:0x0001f000  x5=0x0001f791
       34875000	      3388	80004d58	841d	c.srai	x8,0x7	  x8:0x00000000  x8=0x00000000
       34885000	      3389	80004d5a	0001	c.addi	x0,0	  x0:0x00000000  x0=0x00000000
       34895000	      3390	80004d5c	87f6	c.mv	x15,x29	  x0:0x00000000 x29:0x0001f000 x15=0x0001f000
       34905000	      3391	80004d5e	03960f63	beq	x12,x25,80004d9c	 x12:0x80021e04 x25:0x00000001
       34945000	      3395	80004d62	02783bb3	mulhu	x23,x16,x7	 x16:0x48264000  x7:0x00000000 x23=0x00000000
       34955000	      3396	80004d66	41cd	c.li	x3,19	  x3=0x00000013
       34965000	      3397	80004d68	8eb1	c.xor	x13,x12	 x13:0x00000000 x12:0x80021e04 x13=0x80021e04
       34975000	      3398	80004d6a	8089	c.srli	x9,0x2	  x9:0x5d547606  x9=0x17551d81
       34985000	      3399	80004d6c	8d65	c.and	x10,x9	 x10:0x00000000  x9:0x17551d81 x10=0x00000000
       34995000	      3400	80004d6e	016554b3	srl	x9,x10,x22	 x10:0x00000000 x22:0x00000000  x9=0x00000000
       35005000	      3401	80004d72	0001	c.addi	x0,0	  x0:0x00000000  x0=0x00000000
       35015000	      3402	80004d74	0017d993	srli	x19,x15,0x1	 x15:0x0001f000 x19=0x0000f800
       35025000	      3403	80004d78	01b291b3	sll	x3,x5,x27	  x5:0x0001f791 x27:0x00000160  x3=0x0001f791
       35035000	      3404	80004d7c	014952b3	srl	x5,x18,x20	 x18:0x217c8000 x20:0x00000000  x5=0x217c8000
       35045000	      3405	80004d80	9342	c.add	x6,x16	  x6:0x0000383e x16:0x48264000  x6=0x4826783e
       35055000	      3406	80004d82	026e7263	bgeu	x28,x6,80004da6	 x28:0x00000000  x6:0x4826783e
       35065000	      3407	80004d86	89e9	c.andi	x11,26	 x11:0x00000000 x11=0x00000000
       35075000	      3408	80004d88	00600e63	beq	x0,x6,80004da4	  x0:0x00000000  x6:0x4826783e
       35085000	      3409	80004d8c	8e8d	c.sub	x13,x11	 x13:0x80021e04 x11:0x00000000 x13=0x80021e04
       35105000	      3411	80004d8e	024974b3	remu	x9,x18,x4	 x18:0x217c8000  x4:0x00000000  x9=0x217c8000
       35115000	      3412	80004d92	0fa4c893	xori	x17,x9,250	  x9:0x217c8000 x17=0x217c80fa
       35125000	      3413	80004d96	4017d0b3	sra	x1,x15,x1	 x15:0x0001f000  x1:0x0001f000  x1=0x0001f000
       35135000	      3414	80004d9a	0799	c.addi	x15,6	 x15:0x0001f000 x15=0x0001f006
       35145000	      3415	80004d9c	411ed533	sra	x10,x29,x17	 x29:0x0001f000 x17:0x217c80fa x10=0x00000000
       35155000	      3416	80004da0	03797163	bgeu	x18,x23,80004dc2	 x18:0x217c8000 x23:0x00000000
       35185000	      3419	80004dc2	090e7e13	andi	x28,x28,144	 x28:0x00000000 x28=0x00000000
       35195000	      3420	80004dc6	86b1	c.srai	x13,0xc	 x13:0x80021e04 x13=0xfff80021
       35205000	      3421	80004dc8	1bfd	c.addi	x23,-1	 x23:0x00000000 x23=0xffffffff
       35215000	      3422	80004dca	40d750b3	sra	x1,x14,x13	 x14:0x80025ce4 x13:0xfff80021  x1=0xc0012e72
       35225000	      3423	80004dce	00488463	beq	x17,x4,80004dd6	 x17:0x217c80fa  x4:0x00000000
       35235000	      3424	80004dd2	40de5593	srai	x11,x28,0xd	 x28:0x00000000 x11=0x00000000
       35245000	      3425	80004dd6	e81d	c.bnez	x8,80004e0c	  x8:0x00000000
       35255000	      3426	80004dd8	06c1	c.addi	x13,16	 x13:0xfff80021 x13=0xfff80031
       35265000	      3427	80004dda	011c9f93	slli	x31,x25,0x11	 x25:0x00000001 x31=0x00020000
       35305000	      3431	80004dde	02a19eb3	mulh	x29,x3,x10	  x3:0x0001f791 x10:0x00000000 x29=0x00000000
       35315000	      3432	80004de2	02a3ca63	blt	x7,x10,80004e16	  x7:0x00000000 x10:0x00000000
       35325000	      3433	80004de6	2cf48e93	addi	x29,x9,719	  x9:0x217c8000 x29=0x217c82cf
       35335000	      3434	80004dea	03125163	bge	x4,x17,80004e0c	  x4:0x00000000 x17:0x217c80fa
       35345000	      3435	80004dee	2d4eea13	ori	x20,x29,724	 x29:0x217c82cf x20=0x217c82df
       35355000	      3436	80004df2	002a9c33	sll	x24,x21,x2	 x21:0x0000000d  x2:0xf5e39895 x24=0x01a00000
       35395000	      3440	80004df6	02b830b3	mulhu	x1,x16,x11	 x16:0x48264000 x11:0x00000000  x1=0x00000000
       35405000	      3441	80004dfa	8d8a	c.mv	x27,x2	  x0:0x00000000  x2:0xf5e39895 x27=0xf5e39895
       35415000	      3442	80004dfc	921c2c93	slti	x25,x24,-1759	 x24:0x01a00000 x25=0x00000000
       35425000	      3443	80004e00	01fe84b3	add	x9,x29,x31	 x29:0x217c82cf x31:0x00020000  x9=0x217e82cf
       35435000	      3444	80004e04	01969533	sll	x10,x13,x25	 x13:0xfff80031 x25:0x00000000 x10=0xfff80031
       35445000	      3445	80004e08	038d7363	bgeu	x26,x24,80004e2e	 x26:0x00000001 x24:0x01a00000
       35455000	      3446	80004e0c	01746b33	or	x22,x8,x23	  x8:0x00000000 x23:0xffffffff x22=0xffffffff
       35465000	      3447	80004e10	c905	c.beqz	x10,80004e40	 x10:0xfff80031
       35475000	      3448	80004e12	ebd9a197	auipc	x3,0xebd9a	  x3=0x6bd9ee12
       35845000	      3485	80004e16	0269f533	remu	x10,x19,x6	 x19:0x0000f800  x6:0x4826783e x10=0x0000f800
       35855000	      3486	80004e1a	01d15593	srli	x11,x2,0x1d	  x2:0xf5e39895 x11=0x00000007
       36225000	      3523	80004e1e	037bf533	remu	x10,x23,x23	 x23:0xffffffff x23:0xffffffff x10=0x00000000
       36235000	      3524	80004e22	01505993	srli	x19,x0,0x15	  x0:0x00000000 x19=0x00000000
       36245000	      3525	80004e26	01889b63	bne	x17,x24,80004e3c	 x17:0x217c80fa x24:0x01a00000
       36265000	      3527	80004e3c	40f05a33	sra	x20,x0,x15	  x0:0x00000000 x15:0x0001f006 x20=0x00000000
       36275000	      3528	80004e40	01d74433	xor	x8,x14,x29	 x14:0x80025ce4 x29:0x217c82cf  x8=0xa17ede2b
       36285000	      3529	80004e44	8edd	c.or	x13,x15	 x13:0xfff80031 x15:0x0001f006 x13=0xfff9f037
       36295000	      3530	80004e46	00b090b3	sll	x1,x1,x11	  x1:0x00000000 x11:0x00000007  x1=0x00000000
       36305000	      3531	80004e4a	e29d	c.bnez	x13,80004e70	 x13:0xfff9f037
       36325000	      3533	80004e70	015d6933	or	x18,x26,x21	 x26:0x00000001 x21:0x0000000d x18=0x0000000d
       36335000	      3534	80004e74	e69b7893	andi	x17,x22,-407	 x22:0xffffffff x17=0xfffffe69
       36705000	      3571	80004e78	025342b3	div	x5,x6,x5	  x6:0x4826783e  x5:0x217c8000  x5=0x00000002
       36715000	      3572	80004e7c	010193b3	sll	x7,x3,x16	  x3:0x6bd9ee12 x16:0x48264000  x7=0x6bd9ee12
       36725000	      3573	80004e80	8dd9	c.or	x11,x14	 x11:0x00000007 x14:0x80025ce4 x11=0x80025ce7
       36735000	      3574	80004e82	006accb3	xor	x25,x21,x6	 x21:0x0000000d  x6:0x4826783e x25=0x48267833
       36775000	      3578	80004e86	03c1b233	mulhu	x4,x3,x28	  x3:0x6bd9ee12 x28:0x00000000  x4=0x00000000
       36785000	      3579	80004e8a	bacfaf97	auipc	x31,0xbacfa	 x31=0x3acfee8a
       36795000	      3580	80004e8e	c2a1	c.beqz	x13,80004ece	 x13:0xfff9f037
       36805000	      3581	80004e90	0000100f	fence.i	
       36825000	      3583	80004e94	4107deb3	sra	x29,x15,x16	 x15:0x0001f006 x16:0x48264000 x29=0x0001f006
       36835000	      3584	80004e98	0001	c.addi	x0,0	  x0:0x00000000  x0=0x00000000
       37205000	      3621	80004e9a	0392ddb3	divu	x27,x5,x25	  x5:0x00000002 x25:0x48267833 x27=0x00000000
       37215000	      3622	80004e9e	00381263	bne	x16,x3,80004ea2	 x16:0x48264000  x3:0x6bd9ee12
       37235000	      3624	80004ea2	8185	c.srli	x11,0x1	 x11:0x80025ce7 x11=0x40012e73
       37245000	      3625	80004ea4	0001	c.addi	x0,0	  x0:0x00000000  x0=0x00000000
       37255000	      3626	80004ea6	d697ce13	xori	x28,x15,-663	 x15:0x0001f006 x28=0xfffe0d6f
       37265000	      3627	80004eaa	00a2eb63	bltu	x5,x10,80004ec0	  x5:0x00000002 x10:0x00000000
       37275000	      3628	80004eae	00281fb3	sll	x31,x16,x2	 x16:0x48264000  x2:0xf5e39895 x31=0x00000000
       37285000	      3629	80004eb2	8cbd	c.xor	x9,x15	  x9:0x217e82cf x15:0x0001f006  x9=0x217f72c9
       37295000	      3630	80004eb4	8389	c.srli	x15,0x2	 x15:0x0001f006 x15=0x00007c01
       37305000	      3631	80004eb6	00c66cb3	or	x25,x12,x12	 x12:0x80021e04 x12:0x80021e04 x25=0x80021e04
       37315000	      3632	80004eba	17fd	c.addi	x15,-1	 x15:0x00007c01 x15=0x00007c00
       37325000	      3633	80004ebc	01e16b63	bltu	x2,x30,80004ed2	  x2:0xf5e39895 x30:0xffffffff
       37355000	      3636	80004ed2	4003d9b3	sra	x19,x7,x0	  x7:0x6bd9ee12  x0:0x00000000 x19=0x6bd9ee12
       37365000	      3637	80004ed6	0a9e	c.slli	x21,0x7	 x21:0x0000000d x21=0x00000680
       37375000	      3638	80004ed8	0065f1b3	and	x3,x11,x6	 x11:0x40012e73  x6:0x4826783e  x3=0x40002832
       37385000	      3639	80004edc	8fb1	c.xor	x15,x12	 x15:0x00007c00 x12:0x80021e04 x15=0x80026204
       37395000	      3640	80004ede	004c7033	and	x0,x24,x4	 x24:0x01a00000  x4:0x00000000  x0=0x00000000
       37405000	      3641	80004ee2	0144bc33	sltu	x24,x9,x20	  x9:0x217f72c9 x20:0x00000000 x24=0x00000000
       37415000	      3642	80004ee6	02d7dc63	bge	x15,x13,80004f1e	 x15:0x80026204 x13:0xfff9f037
       37425000	      3643	80004eea	02685b63	bge	x16,x6,80004f20	 x16:0x48264000  x6:0x4826783e
       37435000	      3644	80004eee	8c71	c.and	x8,x12	  x8:0xa17ede2b x12:0x80021e04  x8=0x80021e00
       37805000	      3681	80004ef0	022263b3	rem	x7,x4,x2	  x4:0x00000000  x2:0xf5e39895  x7=0x00000000
       37815000	      3682	80004ef4	cd89	c.beqz	x11,80004f0e	 x11:0x40012e73
       38185000	      3719	80004ef6	0283edb3	rem	x27,x7,x8	  x7:0x00000000  x8:0x80021e00 x27=0x00000000
       38195000	      3720	80004efa	951b0593	addi	x11,x22,-1711	 x22:0xffffffff x11=0xfffff950
       38205000	      3721	80004efe	02971c63	bne	x14,x9,80004f36	 x14:0x80025ce4  x9:0x217f72c9
       38235000	      3724	80004f36	018f48b3	xor	x17,x30,x24	 x30:0xffffffff x24:0x00000000 x17=0xffffffff
       38245000	      3725	80004f3a	c019	c.beqz	x8,80004f40	  x8:0x80021e00
       38255000	      3726	80004f3c	9b663a17	auipc	x20,0x9b663	 x20=0x1b667f3c
       38265000	      3727	80004f40	0126fd63	bgeu	x13,x18,80004f5a	 x13:0xfff9f037 x18:0x0000000d
       38295000	      3730	80004f5a	a4a6d097	auipc	x1,0xa4a6d	  x1=0x24a71f5a
       38305000	      3731	80004f5e	5a893a13	sltiu	x20,x18,1448	 x18:0x0000000d x20=0x00000001
       38315000	      3732	80004f62	02ea	c.slli	x5,0x1a	  x5:0x00000002  x5=0x08000000
       38325000	      3733	80004f64	0001	c.addi	x0,0	  x0:0x00000000  x0=0x00000000
       38335000	      3734	80004f66	187d	c.addi	x16,-1	 x16:0x48264000 x16=0x48263fff
       38345000	      3735	80004f68	409005b3	sub	x11,x0,x9	  x0:0x00000000  x9:0x217f72c9 x11=0xde808d37
       38355000	      3736	80004f6c	9bfd	c.andi	x15,-1	 x15:0x80026204 x15=0x80026204
       38385000	      3739	80004f6e	026989b3	mul	x19,x19,x6	 x19:0x6bd9ee12  x6:0x4826783e x19=0xad0c185c
       38425000	      3743	80004f72	033438b3	mulhu	x17,x8,x19	  x8:0x80021e00 x19:0xad0c185c x17=0x56877a8d
       38795000	      3780	80004f76	02ca5db3	divu	x27,x20,x12	 x20:0x00000001 x12:0x80021e04 x27=0x00000000
       38805000	      3781	80004f7a	0001	c.addi	x0,0	  x0:0x00000000  x0=0x00000000
       38815000	      3782	80004f7c	01dfec63	bltu	x31,x29,80004f94	 x31:0x00000000 x29:0x0001f006
       38835000	      3784	80004f94	0406	c.slli	x8,0x1	  x8:0x80021e00  x8=0x00043c00
       38845000	      3785	80004f96	a8c3ba93	sltiu	x21,x7,-1396	  x7:0x00000000 x21=0x00000001
       38855000	      3786	80004f9a	cb89	c.beqz	x15,80004fac	 x15:0x80026204
       38865000	      3787	80004f9c	c881	c.beqz	x9,80004fac	  x9:0x217f72c9
       38875000	      3788	80004f9e	8fdd	c.or	x15,x15	 x15:0x80026204 x15:0x80026204 x15=0x80026204
       38885000	      3789	80004fa0	3bae6597	auipc	x11,0x3bae6	 x11=0xbbaeafa0
       38895000	      3790	80004fa4	8dd5	c.or	x11,x13	 x11:0xbbaeafa0 x13:0xfff9f037 x11=0xffffffb7
       38905000	      3791	80004fa6	83bd	c.srli	x15,0xf	 x15:0x80026204 x15=0x00010004
       38915000	      3792	80004fa8	413cd013	srai	x0,x25,0x13	 x25:0x80021e04  x0=0x00000000
       38925000	      3793	80004fac	9eb18013	addi	x0,x3,-1557	  x3:0x40002832  x0=0x00000000
       38935000	      3794	80004fb0	0000100f	fence.i	
       38955000	      3796	80004fb4	cd91	c.beqz	x11,80004fd0	 x11:0xffffffb7
       38975000	      3798	80004fb6	02a4ddb3	divu	x27,x9,x10	  x9:0x217f72c9 x10:0x00000000 x27=0xffffffff
       38985000	      3799	80004fba	01fb6b63	bltu	x22,x31,80004fd0	 x22:0xffffffff x31:0x00000000
       38995000	      3800	80004fbe	40335413	srai	x8,x6,0x3	  x6:0x4826783e  x8=0x0904cf07
       39005000	      3801	80004fc2	0001	c.addi	x0,0	  x0:0x00000000  x0=0x00000000
       39015000	      3802	80004fc4	014617b3	sll	x15,x12,x20	 x12:0x80021e04 x20:0x00000001 x15=0x00043c08
       39025000	      3803	80004fc8	0293f263	bgeu	x7,x9,80004fec	  x7:0x00000000  x9:0x217f72c9
       39035000	      3804	80004fcc	01a4b933	sltu	x18,x9,x26	  x9:0x217f72c9 x26:0x00000001 x18=0x00000000
       39045000	      3805	80004fd0	9ea2f293	andi	x5,x5,-1558	  x5:0x08000000  x5=0x08000000
       39055000	      3806	80004fd4	014d1e63	bne	x26,x20,80004ff0	 x26:0x00000001 x20:0x00000001
       39085000	      3809	80004fd8	03e904b3	mul	x9,x18,x30	 x18:0x00000000 x30:0xffffffff  x9=0x00000000
       39095000	      3810	80004fdc	0785	c.addi	x15,1	 x15:0x00043c08 x15=0x00043c09
       39105000	      3811	80004fde	0000100f	fence.i	
       39135000	      3814	80004fe2	00af3e33	sltu	x28,x30,x10	 x30:0xffffffff x10:0x00000000 x28=0x00000000
       39175000	      3818	80004fe6	037f1a33	mulh	x20,x30,x23	 x30:0xffffffff x23:0xffffffff x20=0x00000000
       39185000	      3819	80004fea	0f26	c.slli	x30,0x9	 x30:0xffffffff x30=0xfffffe00
       39195000	      3820	80004fec	0000100f	fence.i	
       39215000	      3822	80004ff0	8c25	c.xor	x8,x9	  x8:0x0904cf07  x9:0x00000000  x8=0x0904cf07
       39225000	      3823	80004ff2	0ff0000f	fence	iorw,iorw	
       39235000	      3824	80004ff6	02f7e763	bltu	x15,x15,80005024	 x15:0x00043c09 x15:0x00043c09
       39245000	      3825	80004ffa	99fd	c.andi	x11,-1	 x11:0xffffffb7 x11=0xffffffb7
       39255000	      3826	80004ffc	8da5	c.xor	x11,x9	 x11:0xffffffb7  x9:0x00000000 x11=0xffffffb7
       39265000	      3827	80004ffe	6a3d	c.lui	x20,0xf	 x20=0x0000f000
       39275000	      3828	80005000	63c9ef13	ori	x30,x19,1596	 x19:0xad0c185c x30=0xad0c1e7c
       39285000	      3829	80005004	8a96	c.mv	x21,x5	  x0:0x00000000  x5:0x08000000 x21=0x08000000
       39295000	      3830	80005006	8799	c.srai	x15,0x6	 x15:0x00043c09 x15=0x000010f0
       39305000	      3831	80005008	00b8dcb3	srl	x25,x17,x11	 x17:0x56877a8d x11:0xffffffb7 x25=0x000000ad
       39335000	      3834	8000500c	031f0233	mul	x4,x30,x17	 x30:0xad0c1e7c x17:0x56877a8d  x4=0xd197e24c
       39345000	      3835	80005010	01005093	srli	x1,x0,0x10	  x0:0x00000000  x1=0x00000000
       39355000	      3836	80005014	85d6	c.mv	x11,x21	  x0:0x00000000 x21:0x08000000 x11=0x08000000
       39375000	      3838	80005016	03cb66b3	rem	x13,x22,x28	 x22:0xffffffff x28:0x00000000 x13=0xffffffff
       39385000	      3839	8000501a	00b41db3	sll	x27,x8,x11	  x8:0x0904cf07 x11:0x08000000 x27=0x0904cf07
       39395000	      3840	8000501e	4fd1	c.li	x31,20	 x31=0x00000014
       39405000	      3841	80005020	01fa63b3	or	x7,x20,x31	 x20:0x0000f000 x31:0x00000014  x7=0x0000f014
       39415000	      3842	80005024	597d	c.li	x18,-1	 x18=0xffffffff
       39455000	      3846	80005026	03f29cb3	mulh	x25,x5,x31	  x5:0x08000000 x31:0x00000014 x25=0x00000000
       39465000	      3847	8000502a	8b81	c.andi	x15,0	 x15:0x000010f0 x15=0x00000000
       39475000	      3848	8000502c	127d	c.addi	x4,-1	  x4:0xd197e24c  x4=0xd197e24b
       39485000	      3849	8000502e	8de1	c.and	x11,x8	 x11:0x08000000  x8:0x0904cf07 x11=0x08000000
       39495000	      3850	80005030	006214b3	sll	x9,x4,x6	  x4:0xd197e24b  x6:0x4826783e  x9=0xc0000000
       39535000	      3854	80005034	02b898b3	mulh	x17,x17,x11	 x17:0x56877a8d x11:0x08000000 x17=0x02b43bd4
       39545000	      3855	80005038	00025833	srl	x16,x4,x0	  x4:0xd197e24b  x0:0x00000000 x16=0xd197e24b
       39915000	      3892	8000503c	02b96cb3	rem	x25,x18,x11	 x18:0xffffffff x11:0x08000000 x25=0xffffffff
       39925000	      3893	80005040	41f5d833	sra	x16,x11,x31	 x11:0x08000000 x31:0x00000014 x16=0x00000080
       39935000	      3894	80005044	f453ce13	xori	x28,x7,-187	  x7:0x0000f014 x28=0xffff0f51
       39945000	      3895	80005048	84ed	c.srai	x9,0x1b	  x9:0xc0000000  x9=0xfffffff8
       39955000	      3896	8000504a	0001	c.addi	x0,0	  x0:0x00000000  x0=0x00000000
       39965000	      3897	8000504c	c495	c.beqz	x9,80005078	  x9:0xfffffff8
       39975000	      3898	8000504e	003a1d13	slli	x26,x20,0x3	 x20:0x0000f000 x26=0x00078000
       39985000	      3899	80005052	004bf433	and	x8,x23,x4	 x23:0xffffffff  x4:0xd197e24b  x8=0xd197e24b
       39995000	      3900	80005056	4c15	c.li	x24,5	 x24=0x00000005
       40035000	      3904	80005058	0331abb3	mulhsu	x23,x3,x19	  x3:0x40002832 x19:0xad0c185c x23=0x2b432142
       40045000	      3905	8000505c	005caab3	slt	x21,x25,x5	 x25:0xffffffff  x5:0x08000000 x21=0x00000001
       40055000	      3906	80005060	3ec1bd13	sltiu	x26,x3,1004	  x3:0x40002832 x26=0x00000000
       40065000	      3907	80005064	00faf1b3	and	x3,x21,x15	 x21:0x00000001 x15:0x00000000  x3=0x00000000
       40075000	      3908	80005068	878d	c.srai	x15,0x3	 x15:0x00000000 x15=0x00000000
       40085000	      3909	8000506a	cc99	c.beqz	x9,80005088	  x9:0xfffffff8
       40125000	      3913	8000506c	03471c33	mulh	x24,x14,x20	 x14:0x80025ce4 x20:0x0000f000 x24=0xffff8802
       40135000	      3914	80005070	0248f563	bgeu	x17,x4,8000509a	 x17:0x02b43bd4  x4:0xd197e24b
       40145000	      3915	80005074	00eb8e33	add	x28,x23,x14	 x23:0x2b432142 x14:0x80025ce4 x28=0xab457e26
       40155000	      3916	80005078	0200dd63	bge	x1,x0,800050b2	  x1:0x00000000  x0:0x00000000
       40175000	      3918	800050b2	8d8d	c.sub	x11,x11	 x11:0x08000000 x11:0x08000000 x11=0x00000000
       40545000	      3955	800050b4	0248cab3	div	x21,x17,x4	 x17:0x02b43bd4  x4:0xd197e24b x21=0x00000000
       40555000	      3956	800050b8	9bfd	c.andi	x15,-1	 x15:0x00000000 x15=0x00000000
       40565000	      3957	800050ba	ea85	c.bnez	x13,800050ea	 x13:0xffffffff
       40595000	      3960	800050ea	00307cb3	and	x25,x0,x3	  x0:0x00000000  x3:0x00000000 x25=0x00000000
       40605000	      3961	800050ee	8c29	c.xor	x8,x10	  x8:0xd197e24b x10:0x00000000  x8=0xd197e24b
       40615000	      3962	800050f0	8c69	c.and	x8,x10	  x8:0xd197e24b x10:0x00000000  x8=0x00000000
       40655000	      3966	800050f2	02ad1533	mulh	x10,x26,x10	 x26:0x00000000 x10:0x00000000 x10=0x00000000
       40675000	      3968	800050f6	02ac5cb3	divu	x25,x24,x10	 x24:0xffff8802 x10:0x00000000 x25=0xffffffff
       40685000	      3969	800050fa	8061	c.srli	x8,0x18	  x8:0x00000000  x8=0x00000000
       40695000	      3970	800050fc	4a1d	c.li	x20,7	 x20=0x00000007
       40705000	      3971	800050fe	f2f7c7b7	lui	x15,0xf2f7c	 x15=0xf2f7c000
       40725000	      3973	80005102	020bdd33	divu	x26,x23,x0	 x23:0x2b432142  x0:0x00000000 x26=0xffffffff
       40735000	      3974	80005106	004cce33	xor	x28,x25,x4	 x25:0xffffffff  x4:0xd197e24b x28=0x2e681db4
       40745000	      3975	8000510a	0ff0000f	fence	iorw,iorw	
       40755000	      3976	8000510e	81d9	c.srli	x11,0x16	 x11:0x00000000 x11=0x00000000
       40765000	      3977	80005110	8795	c.srai	x15,0x5	 x15:0xf2f7c000 x15=0xff97be00
       40775000	      3978	80005112	03774463	blt	x14,x23,8000513a	 x14:0x80025ce4 x23:0x2b432142
       40805000	      3981	8000513a	013312b3	sll	x5,x6,x19	  x6:0x4826783e x19:0xad0c185c  x5=0xe0000000
       40845000	      3985	8000513e	034c9233	mulh	x4,x25,x20	 x25:0xffffffff x20:0x00000007  x4=0xffffffff
       40855000	      3986	80005142	dbb14e97	auipc	x29,0xdbb14	 x29=0x5bb19142
       40865000	      3987	80005146	8ec5	c.or	x13,x9	 x13:0xffffffff  x9:0xfffffff8 x13=0xffffffff
       40875000	      3988	80005148	8dfd	c.and	x11,x15	 x11:0x00000000 x15:0xff97be00 x11=0x00000000
       40885000	      3989	8000514a	025fe863	bltu	x31,x5,8000517a	 x31:0x00000014  x5:0xe0000000
       40915000	      3992	8000517a	407cd6b3	sra	x13,x25,x7	 x25:0xffffffff  x7:0x0000f014 x13=0xffffffff
       40925000	      3993	8000517e	004c1c63	bne	x24,x4,80005196	 x24:0xffff8802  x4:0xffffffff
       40945000	      3995	80005196	0001	c.addi	x0,0	  x0:0x00000000  x0=0x00000000
       40985000	      3999	80005198	03772333	mulhsu	x6,x14,x23	 x14:0x80025ce4 x23:0x2b432142  x6=0xea5ed597
       40995000	      4000	8000519c	4060d233	sra	x4,x1,x6	  x1:0x00000000  x6:0xea5ed597  x4=0x00000000
       41365000	      4037	800051a0	036adeb3	divu	x29,x21,x22	 x21:0x00000000 x22:0xffffffff x29=0x00000000
       41385000	      4039	800051a4	03d9cbb3	div	x23,x19,x29	 x19:0xad0c185c x29:0x00000000 x23=0xffffffff
       41395000	      4040	800051a8	204b0213	addi	x4,x22,516	 x22:0xffffffff  x4=0x00000203
       41405000	      4041	800051ac	9a96	c.add	x21,x5	 x21:0x00000000  x5:0xe0000000 x21=0xe0000000
       41415000	      4042	800051ae	00c8d213	srli	x4,x17,0xc	 x17:0x02b43bd4  x4=0x00002b43
       41445000	      4045	800051b2	03a88cb3	mul	x25,x17,x26	 x17:0x02b43bd4 x26:0xffffffff x25=0xfd4bc42c
       41455000	      4046	800051b6	051d5463	bge	x26,x17,800051fe	 x26:0xffffffff x17:0x02b43bd4
       41465000	      4047	800051ba	c0d02893	slti	x17,x0,-1011	  x0:0x00000000 x17=0x00000000
       41475000	      4048	800051be	03c78463	beq	x15,x28,800051e6	 x15:0xff97be00 x28:0x2e681db4
       41485000	      4049	800051c2	a8844293	xori	x5,x8,-1400	  x8:0x00000000  x5=0xfffffa88
       41495000	      4050	800051c6	9bfd	c.andi	x15,-1	 x15:0xff97be00 x15=0xff97be00
       41505000	      4051	800051c8	5d2a5c37	lui	x24,0x5d2a5	 x24=0x5d2a5000
       41515000	      4052	800051cc	8fe1	c.and	x15,x8	 x15:0xff97be00  x8:0x00000000 x15=0x00000000
       41525000	      4053	800051ce	51ed7b13	andi	x22,x26,1310	 x26:0xffffffff x22=0x0000051e
       41535000	      4054	800051d2	cfb16a13	ori	x20,x2,-773	  x2:0xf5e39895 x20=0xfffffcff
       41905000	      4091	800051d6	03c1f4b3	remu	x9,x3,x28	  x3:0x00000000 x28:0x2e681db4  x9=0x00000000
       41915000	      4092	800051da	21ad2a93	slti	x21,x26,538	 x26:0xffffffff x21=0x00000001
       41925000	      4093	800051de	05bc7563	bgeu	x24,x27,80005228	 x24:0x5d2a5000 x27:0x0904cf07
       41945000	      4095	80005228	c389	c.beqz	x15,8000522a	 x15:0x00000000
       41975000	      4098	8000522a	01225c33	srl	x24,x4,x18	  x4:0x00002b43 x18:0xffffffff x24=0x00000000
       41985000	      4099	8000522e	96de	c.add	x13,x23	 x13:0xffffffff x23:0xffffffff x13=0xfffffffe
       41995000	      4100	80005230	00acc9b3	xor	x19,x25,x10	 x25:0xfd4bc42c x10:0x00000000 x19=0xfd4bc42c
       42005000	      4101	80005234	00edc9b3	xor	x19,x27,x14	 x27:0x0904cf07 x14:0x80025ce4 x19=0x890693e3
       42015000	      4102	80005238	8a81	c.andi	x13,0	 x13:0xfffffffe x13=0x00000000
       42025000	      4103	8000523a	ca85	c.beqz	x13,8000526a	 x13:0x00000000
       42075000	      4108	8000526a	035c8933	mul	x18,x25,x21	 x25:0xfd4bc42c x21:0x00000001 x18=0xfd4bc42c
       42085000	      4109	8000526e	0d96	c.slli	x27,0x5	 x27:0x0904cf07 x27=0x2099e0e0
       42095000	      4110	80005270	987d	c.andi	x8,-1	  x8:0x00000000  x8=0x00000000
       42105000	      4111	80005272	8bb5	c.andi	x15,13	 x15:0x00000000 x15=0x00000000
       42115000	      4112	80005274	8ead	c.xor	x13,x11	 x13:0x00000000 x11:0x00000000 x13=0x00000000
       42125000	      4113	80005276	e989	c.bnez	x11,80005288	 x11:0x00000000
       42135000	      4114	80005278	8299	c.srli	x13,0x6	 x13:0x00000000 x13=0x00000000
       42145000	      4115	8000527a	81c1	c.srli	x11,0x10	 x11:0x00000000 x11=0x00000000
       42155000	      4116	8000527c	41f60a33	sub	x20,x12,x31	 x12:0x80021e04 x31:0x00000014 x20=0x80021df0
       42165000	      4117	80005280	403485b3	sub	x11,x9,x3	  x9:0x00000000  x3:0x00000000 x11=0x00000000
       42175000	      4118	80005284	84ad	c.srai	x9,0xb	  x9:0x00000000  x9=0x00000000
       42185000	      4119	80005286	13fd	c.addi	x7,-1	  x7:0x0000f014  x7=0x0000f013
       42205000	      4121	80005288	03804a33	div	x20,x0,x24	  x0:0x00000000 x24:0x00000000 x20=0xffffffff
       42225000	      4123	8000528c	02865833	divu	x16,x12,x8	 x12:0x80021e04  x8:0x00000000 x16=0xffffffff
       42595000	      4160	80005290	03eec8b3	div	x17,x29,x30	 x29:0x00000000 x30:0xad0c1e7c x17=0x00000000
       42605000	      4161	80005294	030f4d63	blt	x30,x16,800052ce	 x30:0xad0c1e7c x16:0xffffffff
       42635000	      4164	800052ce	7d880193	addi	x3,x16,2008	 x16:0xffffffff  x3=0x000007d7
       42645000	      4165	800052d2	8cb5	c.xor	x9,x13	  x9:0x00000000 x13:0x00000000  x9=0x00000000
       42655000	      4166	800052d4	8db9	c.xor	x11,x14	 x11:0x00000000 x14:0x80025ce4 x11=0x80025ce4
       42665000	      4167	800052d6	818d	c.srli	x11,0x3	 x11:0x80025ce4 x11=0x10004b9c
       42675000	      4168	800052d8	006ef6b3	and	x13,x29,x6	 x29:0x00000000  x6:0xea5ed597 x13=0x00000000
       42685000	      4169	800052dc	004d0033	add	x0,x26,x4	 x26:0xffffffff  x4:0x00002b43  x0=0x00000000
       43055000	      4206	800052e0	03684233	div	x4,x16,x22	 x16:0xffffffff x22:0x0000051e  x4=0x00000000
       43065000	      4207	800052e4	40605933	sra	x18,x0,x6	  x0:0x00000000  x6:0xea5ed597 x18=0x00000000
       43105000	      4211	800052e8	0338b7b3	mulhu	x15,x17,x19	 x17:0x00000000 x19:0x890693e3 x15=0x00000000
       43115000	      4212	800052ec	935e	c.add	x6,x23	  x6:0xea5ed597 x23:0xffffffff  x6=0xea5ed596
       43125000	      4213	800052ee	05619563	bne	x3,x22,80005338	  x3:0x000007d7 x22:0x0000051e
       43145000	      4215	80005338	00689a13	slli	x20,x17,0x6	 x17:0x00000000 x20=0x00000000
       43155000	      4216	8000533c	8cbd	c.xor	x9,x15	  x9:0x00000000 x15:0x00000000  x9=0x00000000
       43165000	      4217	8000533e	84dd	c.srai	x9,0x17	  x9:0x00000000  x9=0x00000000
       43175000	      4218	80005340	1f318293	addi	x5,x3,499	  x3:0x000007d7  x5=0x000009ca
       43545000	      4255	80005344	025e75b3	remu	x11,x28,x5	 x28:0x2e681db4  x5:0x000009ca x11=0x0000049c
       43555000	      4256	80005348	00616eb3	or	x29,x2,x6	  x2:0xf5e39895  x6:0xea5ed596 x29=0xffffdd97
       43565000	      4257	8000534c	8fa9	c.xor	x15,x10	 x15:0x00000000 x10:0x00000000 x15=0x00000000
       43575000	      4258	8000534e	021cf063	bgeu	x25,x1,8000536e	 x25:0xfd4bc42c  x1:0x00000000
       43605000	      4261	8000536e	b4bf2b93	slti	x23,x30,-1205	 x30:0xad0c1e7c x23=0x00000001
       43615000	      4262	80005372	8015f093	andi	x1,x11,-2047	 x11:0x0000049c  x1=0x00000000
       43625000	      4263	80005376	8a858693	addi	x13,x11,-1880	 x11:0x0000049c x13=0xfffffd44
       43665000	      4267	8000537a	03e81f33	mulh	x30,x16,x30	 x16:0xffffffff x30:0xad0c1e7c x30=0x00000000
       43675000	      4268	8000537e	87f2	c.mv	x15,x28	  x0:0x00000000 x28:0x2e681db4 x15=0x2e681db4
       44045000	      4305	80005380	02ddebb3	rem	x23,x27,x13	 x27:0x2099e0e0 x13:0xfffffd44 x23=0x000002b0
       44055000	      4306	80005384	33f54593	xori	x11,x10,831	 x10:0x00000000 x11=0x0000033f
       44065000	      4307	80005388	0183edb3	or	x27,x7,x24	  x7:0x0000f013 x24:0x00000000 x27=0x0000f013
       44075000	      4308	8000538c	69e5	c.lui	x19,0x19	 x19=0x00019000
       44085000	      4309	8000538e	013bfb63	bgeu	x23,x19,800053a4	 x23:0x000002b0 x19:0x00019000
       44095000	      4310	80005392	14fd	c.addi	x9,-1	  x9:0x00000000  x9=0xffffffff
       44105000	      4311	80005394	01060d63	beq	x12,x16,800053ae	 x12:0x80021e04 x16:0xffffffff
       44115000	      4312	80005398	40a9da93	srai	x21,x19,0xa	 x19:0x00019000 x21=0x00000064
       44125000	      4313	8000539c	8551	c.srai	x10,0x14	 x10:0x00000000 x10=0x00000000
       44135000	      4314	8000539e	0000100f	fence.i	
       44155000	      4316	800053a2	8d19	c.sub	x10,x14	 x10:0x00000000 x14:0x80025ce4 x10=0x7ffda31c
       44165000	      4317	800053a4	54656093	ori	x1,x10,1350	 x10:0x7ffda31c  x1=0x7ffda75e
       44175000	      4318	800053a8	f19ccc37	lui	x24,0xf19cc	 x24=0xf19cc000
       44185000	      4319	800053ac	8ded	c.and	x11,x11	 x11:0x0000033f x11:0x0000033f x11=0x0000033f
       44195000	      4320	800053ae	997d	c.andi	x10,-1	 x10:0x7ffda31c x10=0x7ffda31c
       44235000	      4324	800053b0	038d93b3	mulh	x7,x27,x24	 x27:0x0000f013 x24:0xf19cc000  x7=0xfffff281
       44245000	      4325	800053b4	0001	c.addi	x0,0	  x0:0x00000000  x0=0x00000000
       44615000	      4362	800053b6	02bbc5b3	div	x11,x23,x11	 x23:0x000002b0 x11:0x0000033f x11=0x00000000
       44625000	      4363	800053ba	4090de93	srai	x29,x1,0x9	  x1:0x7ffda75e x29=0x003ffed3
       44635000	      4364	800053be	eab3ec93	ori	x25,x7,-341	  x7:0xfffff281 x25=0xfffffeab
       44645000	      4365	800053c2	411dd193	srai	x3,x27,0x11	 x27:0x0000f013  x3=0x00000000
       44655000	      4366	800053c6	00e60c33	add	x24,x12,x14	 x12:0x80021e04 x14:0x80025ce4 x24=0x00047ae8
       44665000	      4367	800053ca	cc99	c.beqz	x9,800053e8	  x9:0xffffffff
       44675000	      4368	800053cc	00074e33	xor	x28,x14,x0	 x14:0x80025ce4  x0:0x00000000 x28=0x80025ce4
       44685000	      4369	800053d0	e295	c.bnez	x13,800053f4	 x13:0xfffffd44
       44705000	      4371	800053f4	5b91cd37	lui	x26,0x5b91c	 x26=0x5b91c000
       44715000	      4372	800053f8	00cd47b3	xor	x15,x26,x12	 x26:0x5b91c000 x12:0x80021e04 x15=0xdb93de04
       44755000	      4376	800053fc	03023c33	mulhu	x24,x4,x16	  x4:0x00000000 x16:0xffffffff x24=0x00000000
       44765000	      4377	80005400	87a6	c.mv	x15,x9	  x0:0x00000000  x9:0xffffffff x15=0xffffffff
       44775000	      4378	80005402	0000100f	fence.i	
       45165000	      4417	80005406	02f8eeb3	rem	x29,x17,x15	 x17:0x00000000 x15:0xffffffff x29=0x00000000
       45175000	      4418	8000540a	1c73e413	ori	x8,x7,455	  x7:0xfffff281  x8=0xfffff3c7
       45185000	      4419	8000540e	0145ae33	slt	x28,x11,x20	 x11:0x00000000 x20:0x00000000 x28=0x00000000
       45205000	      4421	80005412	03e0f433	remu	x8,x1,x30	  x1:0x7ffda75e x30:0x00000000  x8=0x7ffda75e
       45215000	      4422	80005416	009e9933	sll	x18,x29,x9	 x29:0x00000000  x9:0xffffffff x18=0x00000000
       45225000	      4423	8000541a	01d0db33	srl	x22,x1,x29	  x1:0x7ffda75e x29:0x00000000 x22=0x7ffda75e
       45265000	      4427	8000541e	035eb933	mulhu	x18,x29,x21	 x29:0x00000000 x21:0x00000064 x18=0x00000000
       45275000	      4428	80005422	0ff0000f	fence	iorw,iorw	
       45285000	      4429	80005426	406b8433	sub	x8,x23,x6	 x23:0x000002b0  x6:0xea5ed596  x8=0x15a12d1a
       45295000	      4430	8000542a	01be4533	xor	x10,x28,x27	 x28:0x00000000 x27:0x0000f013 x10=0x0000f013
       45305000	      4431	8000542e	8da1	c.xor	x11,x8	 x11:0x00000000  x8:0x15a12d1a x11=0x15a12d1a
       45315000	      4432	80005430	01ec6b63	bltu	x24,x30,80005446	 x24:0x00000000 x30:0x00000000
       45325000	      4433	80005434	00556433	or	x8,x10,x5	 x10:0x0000f013  x5:0x000009ca  x8=0x0000f9db
       45335000	      4434	80005438	0001	c.addi	x0,0	  x0:0x00000000  x0=0x00000000
       45345000	      4435	8000543a	03ff4013	xori	x0,x30,63	 x30:0x00000000  x0=0x00000000
       45715000	      4472	8000543e	028462b3	rem	x5,x8,x8	  x8:0x0000f9db  x8:0x0000f9db  x5=0x00000000
       45725000	      4473	80005442	03c54663	blt	x10,x28,8000546e	 x10:0x0000f013 x28:0x00000000
       45735000	      4474	80005446	0031e4b3	or	x9,x3,x3	  x3:0x00000000  x3:0x00000000  x9=0x00000000
       45745000	      4475	8000544a	0016de13	srli	x28,x13,0x1	 x13:0xfffffd44 x28=0x7ffffea2
       46115000	      4512	8000544e	02fd5d33	divu	x26,x26,x15	 x26:0x5b91c000 x15:0xffffffff x26=0x00000000
       46125000	      4513	80005452	05d6d363	bge	x13,x29,80005498	 x13:0xfffffd44 x29:0x00000000
       46135000	      4514	80005456	41addb33	sra	x22,x27,x26	 x27:0x0000f013 x26:0x00000000 x22=0x0000f013
       46145000	      4515	8000545a	b0114213	xori	x4,x2,-1279	  x2:0xf5e39895  x4=0x0a1c6394
       46155000	      4516	8000545e	cdd36513	ori	x10,x6,-803	  x6:0xea5ed596 x10=0xfffffddf
       46165000	      4517	80005462	41d5da93	srai	x21,x11,0x1d	 x11:0x15a12d1a x21=0x00000000
       46175000	      4518	80005466	ccf50293	addi	x5,x10,-817	 x10:0xfffffddf  x5=0xfffffaae
       46185000	      4519	8000546a	405c81b3	sub	x3,x25,x5	 x25:0xfffffeab  x5:0xfffffaae  x3=0x000003fd
       46195000	      4520	8000546e	0ff0000f	fence	iorw,iorw	
       46205000	      4521	80005472	40d255b3	sra	x11,x4,x13	  x4:0x0a1c6394 x13:0xfffffd44 x11=0x00a1c639
       46215000	      4522	80005476	6d4d	c.lui	x26,0x13	 x26=0x00013000
       46225000	      4523	80005478	84c5	c.srai	x9,0x11	  x9:0x00000000  x9=0x00000000
       46235000	      4524	8000547a	8d91	c.sub	x11,x12	 x11:0x00a1c639 x12:0x80021e04 x11=0x809fa835
       46245000	      4525	8000547c	41c7d693	srai	x13,x15,0x1c	 x15:0xffffffff x13=0xffffffff
       46255000	      4526	80005480	0153fa63	bgeu	x7,x21,80005494	  x7:0xfffff281 x21:0x00000000
       46275000	      4528	80005494	0000100f	fence.i	
       46295000	      4530	80005498	0001	c.addi	x0,0	  x0:0x00000000  x0=0x00000000
       46305000	      4531	8000549a	83e5	c.srli	x15,0x19	 x15:0xffffffff x15=0x0000007f
       46315000	      4532	8000549c	0ff0000f	fence	iorw,iorw	
       46325000	      4533	800054a0	013e0a63	beq	x28,x19,800054b4	 x28:0x7ffffea2 x19:0x00019000
       46335000	      4534	800054a4	00532bb3	slt	x23,x6,x5	  x6:0xea5ed596  x5:0xfffffaae x23=0x00000001
       46365000	      4537	800054a8	02d18033	mul	x0,x3,x13	  x3:0x000003fd x13:0xffffffff  x0=0x00000000
       46375000	      4538	800054ac	84c5	c.srai	x9,0x11	  x9:0x00000000  x9=0x00000000
       46385000	      4539	800054ae	0001	c.addi	x0,0	  x0:0x00000000  x0=0x00000000
       46395000	      4540	800054b0	ae79a513	slti	x10,x19,-1305	 x19:0x00019000 x10=0x00000000
       46405000	      4541	800054b4	9112a913	slti	x18,x5,-1775	  x5:0xfffffaae x18=0x00000000
       46415000	      4542	800054b8	015513b3	sll	x7,x10,x21	 x10:0x00000000 x21:0x00000000  x7=0x00000000
       46425000	      4543	800054bc	6b88e793	ori	x15,x17,1720	 x17:0x00000000 x15=0x000006b8
       46435000	      4544	800054c0	8da9	c.xor	x11,x10	 x11:0x809fa835 x10:0x00000000 x11=0x809fa835
       46445000	      4545	800054c2	0001	c.addi	x0,0	  x0:0x00000000  x0=0x00000000
       46815000	      4582	800054c4	024bda33	divu	x20,x23,x4	 x23:0x00000001  x4:0x0a1c6394 x20=0x00000000
       46825000	      4583	800054c8	01901a13	slli	x20,x0,0x19	  x0:0x00000000 x20=0x00000000
       46835000	      4584	800054cc	8d9a	c.mv	x27,x6	  x0:0x00000000  x6:0xea5ed596 x27=0xea5ed596
       46845000	      4585	800054ce	80d5	c.srli	x9,0x15	  x9:0x00000000  x9=0x00000000
       46855000	      4586	800054d0	187cc213	xori	x4,x25,391	 x25:0xfffffeab  x4=0xffffff2c
       46865000	      4587	800054d4	8bd5	c.andi	x15,21	 x15:0x000006b8 x15=0x00000010
       46875000	      4588	800054d6	440a7693	andi	x13,x20,1088	 x20:0x00000000 x13=0x00000000
       46885000	      4589	800054da	00ab66b3	or	x13,x22,x10	 x22:0x0000f013 x10:0x00000000 x13=0x0000f013
       46895000	      4590	800054de	0190d093	srli	x1,x1,0x19	  x1:0x7ffda75e  x1=0x0000003f
       46905000	      4591	800054e2	00abe0b3	or	x1,x23,x10	 x23:0x00000001 x10:0x00000000  x1=0x00000001
       46915000	      4592	800054e6	ce89	c.beqz	x13,80005500	 x13:0x0000f013
       46925000	      4593	800054e8	0129a333	slt	x6,x19,x18	 x19:0x00019000 x18:0x00000000  x6=0x00000000
       46935000	      4594	800054ec	0ff0000f	fence	iorw,iorw	
       46975000	      4598	800054f0	03d0a533	mulhsu	x10,x1,x29	  x1:0x00000001 x29:0x00000000 x10=0x00000000
       46985000	      4599	800054f4	9a967f13	andi	x30,x12,-1623	 x12:0x80021e04 x30=0x80021800
       46995000	      4600	800054f8	40f15c13	srai	x24,x2,0xf	  x2:0xf5e39895 x24=0xffffebc7
       47005000	      4601	800054fc	03106063	bltu	x0,x17,8000551c	  x0:0x00000000 x17:0x00000000
       47045000	      4605	80005500	027ba8b3	mulhsu	x17,x23,x7	 x23:0x00000001  x7:0x00000000 x17=0x00000000
       47055000	      4606	80005504	009cd933	srl	x18,x25,x9	 x25:0xfffffeab  x9:0x00000000 x18=0xfffffeab
       47065000	      4607	80005508	01a936b3	sltu	x13,x18,x26	 x18:0xfffffeab x26:0x00013000 x13=0x00000000
       47095000	      4610	8000550c	02490533	mul	x10,x18,x4	 x18:0xfffffeab  x4:0xffffff2c x10=0x00011a64
       47105000	      4611	80005510	039f8163	beq	x31,x25,80005532	 x31:0x00000014 x25:0xfffffeab
       47115000	      4612	80005514	024d1263	bne	x26,x4,80005538	 x26:0x00013000  x4:0xffffff2c
       47135000	      4614	80005538	009d9b33	sll	x22,x27,x9	 x27:0xea5ed596  x9:0x00000000 x22=0xea5ed596
       47145000	      4615	8000553c	2164ad93	slti	x27,x9,534	  x9:0x00000000 x27=0x00000001
       47165000	      4617	80005540	02715c33	divu	x24,x2,x7	  x2:0xf5e39895  x7:0x00000000 x24=0xffffffff
       47175000	      4618	80005544	01d2db33	srl	x22,x5,x29	  x5:0xfffffaae x29:0x00000000 x22=0xfffffaae
       47185000	      4619	80005548	0001	c.addi	x0,0	  x0:0x00000000  x0=0x00000000
       47195000	      4620	8000554a	0001	c.addi	x0,0	  x0:0x00000000  x0=0x00000000
       47235000	      4624	8000554c	036b20b3	mulhsu	x1,x22,x22	 x22:0xfffffaae x22:0xfffffaae  x1=0xfffffaae
       47245000	      4625	80005550	01735c13	srli	x24,x6,0x17	  x6:0x00000000 x24=0x00000000
       47255000	      4626	80005554	00502033	slt	x0,x0,x5	  x0:0x00000000  x5:0xfffffaae  x0=0x00000000
       47265000	      4627	80005558	00370e63	beq	x14,x3,80005574	 x14:0x80025ce4  x3:0x000003fd
       47275000	      4628	8000555c	aa7df493	andi	x9,x27,-1369	 x27:0x00000001  x9=0x00000001
       47285000	      4629	80005560	0044d233	srl	x4,x9,x4	  x9:0x00000001  x4:0xffffff2c  x4=0x00000000
       47295000	      4630	80005564	01e20463	beq	x4,x30,8000556c	  x4:0x00000000 x30:0x80021800
       47335000	      4634	80005568	02ba3433	mulhu	x8,x20,x11	 x20:0x00000000 x11:0x809fa835  x8=0x00000000
       47375000	      4638	8000556c	02b93e33	mulhu	x28,x18,x11	 x18:0xfffffeab x11:0x809fa835 x28=0x809fa789
       47385000	      4639	80005570	0001	c.addi	x0,0	  x0:0x00000000  x0=0x00000000
       47395000	      4640	80005572	0e29	c.addi	x28,10	 x28:0x809fa789 x28=0x809fa793
       47405000	      4641	80005574	00c27b63	bgeu	x4,x12,8000558a	  x4:0x00000000 x12:0x80021e04
       47415000	      4642	80005578	00665d33	srl	x26,x12,x6	 x12:0x80021e04  x6:0x00000000 x26=0x80021e04
       47425000	      4643	8000557c	96c2	c.add	x13,x16	 x13:0x00000000 x16:0xffffffff x13=0xffffffff
       47435000	      4644	8000557e	031ad963	bge	x21,x17,800055b0	 x21:0x00000000 x17:0x00000000
       47455000	      4646	800055b0	8f9d	c.sub	x15,x15	 x15:0x00000010 x15:0x00000010 x15=0x00000000
       47465000	      4647	800055b2	80d1	c.srli	x9,0x14	  x9:0x00000001  x9=0x00000000
       47475000	      4648	800055b4	0ff0000f	fence	iorw,iorw	
       47485000	      4649	800055b8	40205a13	srai	x20,x0,0x2	  x0:0x00000000 x20=0x00000000
       47495000	      4650	800055bc	009a0933	add	x18,x20,x9	 x20:0x00000000  x9:0x00000000 x18=0x00000000
       47505000	      4651	800055c0	8df5	c.and	x11,x13	 x11:0x809fa835 x13:0xffffffff x11=0x809fa835
       47515000	      4652	800055c2	8d31	c.xor	x10,x12	 x10:0x00011a64 x12:0x80021e04 x10=0x80030460
       47525000	      4653	800055c4	01e07a63	bgeu	x0,x30,800055d8	  x0:0x00000000 x30:0x80021800
       47535000	      4654	800055c8	80d1	c.srli	x9,0x14	  x9:0x00000000  x9=0x00000000
       47545000	      4655	800055ca	c899	c.beqz	x9,800055e0	  x9:0x00000000
       47565000	      4657	800055e0	0ff0000f	fence	iorw,iorw	
       47575000	      4658	800055e4	4f443813	sltiu	x16,x8,1268	  x8:0x00000000 x16=0x00000001
       47585000	      4659	800055e8	008685b3	add	x11,x13,x8	 x13:0xffffffff  x8:0x00000000 x11=0xffffffff
       47595000	      4660	800055ec	0039fbb3	and	x23,x19,x3	 x19:0x00019000  x3:0x000003fd x23=0x00000000
       47605000	      4661	800055f0	9d16	c.add	x26,x5	 x26:0x80021e04  x5:0xfffffaae x26=0x800218b2
       47615000	      4662	800055f2	5362e313	ori	x6,x5,1334	  x5:0xfffffaae  x6=0xffffffbe
       47625000	      4663	800055f6	60f8ff13	andi	x30,x17,1551	 x17:0x00000000 x30=0x00000000
       47995000	      4700	800055fa	0304eeb3	rem	x29,x9,x16	  x9:0x00000000 x16:0x00000001 x29=0x00000000
       48005000	      4701	800055fe	01e407b3	add	x15,x8,x30	  x8:0x00000000 x30:0x00000000 x15=0x00000000
       48015000	      4702	80005602	01f68f63	beq	x13,x31,80005620	 x13:0xffffffff x31:0x00000014
       48025000	      4703	80005606	40df5a33	sra	x20,x30,x13	 x30:0x00000000 x13:0xffffffff x20=0x00000000
       48035000	      4704	8000560a	0000100f	fence.i	
       48065000	      4707	8000560e	04427463	bgeu	x4,x4,80005656	  x4:0x00000000  x4:0x00000000
       48095000	      4710	80005656	00dc50b3	srl	x1,x24,x13	 x24:0x00000000 x13:0xffffffff  x1=0x00000000
       48105000	      4711	8000565a	01939a33	sll	x20,x7,x25	  x7:0x00000000 x25:0xfffffeab x20=0x00000000
       48115000	      4712	8000565e	433a3697	auipc	x13,0x433a3	 x13=0xc33a865e
       48125000	      4713	80005662	ed2ae813	ori	x16,x21,-302	 x21:0x00000000 x16=0xfffffed2
       48135000	      4714	80005666	8cc5	c.or	x9,x9	  x9:0x00000000  x9:0x00000000  x9=0x00000000
       48145000	      4715	80005668	00fcd933	srl	x18,x25,x15	 x25:0xfffffeab x15:0x00000000 x18=0xfffffeab
       48185000	      4719	8000566c	038919b3	mulh	x19,x18,x24	 x18:0xfffffeab x24:0x00000000 x19=0x00000000
       48195000	      4720	80005670	8c8d	c.sub	x9,x11	  x9:0x00000000 x11:0xffffffff  x9=0x00000001
       48235000	      4724	80005672	03b03eb3	mulhu	x29,x0,x27	  x0:0x00000000 x27:0x00000001 x29=0x00000000
       48245000	      4725	80005676	bbbc6213	ori	x4,x24,-1093	 x24:0x00000000  x4=0xfffffbbb
       48255000	      4726	8000567a	9ec6eb93	ori	x23,x13,-1556	 x13:0xc33a865e x23=0xfffffffe
       48265000	      4727	8000567e	00a55a63	bge	x10,x10,80005692	 x10:0x80030460 x10:0x80030460
       48295000	      4730	80005692	003c05b3	add	x11,x24,x3	 x24:0x00000000  x3:0x000003fd x11=0x000003fd
       48335000	      4734	80005696	03b090b3	mulh	x1,x1,x27	  x1:0x00000000 x27:0x00000001  x1=0x00000000
       48345000	      4735	8000569a	e005	c.bnez	x8,800056ba	  x8:0x00000000
       48355000	      4736	8000569c	841d	c.srai	x8,0x7	  x8:0x00000000  x8=0x00000000
       48365000	      4737	8000569e	4a59	c.li	x20,22	 x20=0x00000016
       48375000	      4738	800056a0	9bfd	c.andi	x15,-1	 x15:0x00000000 x15=0x00000000
       48385000	      4739	800056a2	a933a693	slti	x13,x7,-1389	  x7:0x00000000 x13=0x00000000
       48395000	      4740	800056a6	417fdb93	srai	x23,x31,0x17	 x31:0x00000014 x23=0x00000000
       48765000	      4777	800056aa	032969b3	rem	x19,x18,x18	 x18:0xfffffeab x18:0xfffffeab x19=0x00000000
       48775000	      4778	800056ae	401f86b3	sub	x13,x31,x1	 x31:0x00000014  x1:0x00000000 x13=0x00000014
       48785000	      4779	800056b2	587d	c.li	x16,-1	 x16=0xffffffff
       48795000	      4780	800056b4	80d2	c.mv	x1,x20	  x0:0x00000000 x20:0x00000016  x1=0x00000016
       48805000	      4781	800056b6	e53c4d93	xori	x27,x24,-429	 x24:0x00000000 x27=0xfffffe53
       48815000	      4782	800056ba	02956963	bltu	x10,x9,800056ec	 x10:0x80030460  x9:0x00000001
       48825000	      4783	800056be	8ca1	c.xor	x9,x8	  x9:0x00000001  x8:0x00000000  x9=0x00000001
       48835000	      4784	800056c0	1e7d	c.addi	x28,-1	 x28:0x809fa793 x28=0x809fa792
       48875000	      4788	800056c2	024391b3	mulh	x3,x7,x4	  x7:0x00000000  x4:0xfffffbbb  x3=0x00000000
       48885000	      4789	800056c6	defd5897	auipc	x17,0xdefd5	 x17=0x5efda6c6
       48895000	      4790	800056ca	8fa9	c.xor	x15,x10	 x15:0x00000000 x10:0x80030460 x15=0x80030460
       48905000	      4791	800056cc	c495	c.beqz	x9,800056f8	  x9:0x00000001
       49275000	      4828	800056ce	02c777b3	remu	x15,x14,x12	 x14:0x80025ce4 x12:0x80021e04 x15=0x00003ee0
       49645000	      4865	800056d2	03a36ab3	rem	x21,x6,x26	  x6:0xffffffbe x26:0x800218b2 x21=0xffffffbe
       49655000	      4866	800056d6	9a16	c.add	x20,x5	 x20:0x00000016  x5:0xfffffaae x20=0xfffffac4
       49665000	      4867	800056d8	01a0cc63	blt	x1,x26,800056f0	  x1:0x00000016 x26:0x800218b2
       49675000	      4868	800056dc	40abd6b3	sra	x13,x23,x10	 x23:0x00000000 x10:0x80030460 x13=0x00000000
       49685000	      4869	800056e0	9796	c.add	x15,x5	 x15:0x00003ee0  x5:0xfffffaae x15=0x0000398e
       49695000	      4870	800056e2	83b6	c.mv	x7,x13	  x0:0x00000000 x13:0x00000000  x7=0x00000000
       49705000	      4871	800056e4	00005db3	srl	x27,x0,x0	  x0:0x00000000  x0:0x00000000 x27=0x00000000
       49715000	      4872	800056e8	01de4e63	blt	x28,x29,80005704	 x28:0x809fa792 x29:0x00000000
       49735000	      4874	80005704	ae752013	slti	x0,x10,-1305	 x10:0x80030460  x0=0x00000000
       49745000	      4875	80005708	a7893693	sltiu	x13,x18,-1416	 x18:0xfffffeab x13=0x00000000
       49755000	      4876	8000570c	00df1d93	slli	x27,x30,0xd	 x30:0x00000000 x27=0x00000000
       49765000	      4877	80005710	bd269c97	auipc	x25,0xbd269	 x25=0x3d26e710
       49775000	      4878	80005714	6f05	c.lui	x30,0x1	 x30=0x00001000
       49785000	      4879	80005716	822a	c.mv	x4,x10	  x0:0x00000000 x10:0x80030460  x4=0x80030460
       49795000	      4880	80005718	02c1c763	blt	x3,x12,80005746	  x3:0x00000000 x12:0x80021e04
       49805000	      4881	8000571c	8cc5	c.or	x9,x9	  x9:0x00000001  x9:0x00000001  x9=0x00000001
       49815000	      4882	8000571e	0000100f	fence.i	
       49845000	      4885	80005722	b959e597	auipc	x11,0xb959e	 x11=0x395a3722
       49855000	      4886	80005726	0001	c.addi	x0,0	  x0:0x00000000  x0=0x00000000
       49865000	      4887	80005728	02237e63	bgeu	x6,x2,80005764	  x6:0xffffffbe  x2:0xf5e39895
       49885000	      4889	80005764	8115	c.srli	x10,0x5	 x10:0x80030460 x10=0x04001823
       49895000	      4890	80005766	8d25	c.xor	x10,x9	 x10:0x04001823  x9:0x00000001 x10=0x04001822
       49905000	      4891	80005768	0001	c.addi	x0,0	  x0:0x00000000  x0=0x00000000
       49945000	      4895	8000576a	03d996b3	mulh	x13,x19,x29	 x19:0x00000000 x29:0x00000000 x13=0x00000000
       49955000	      4896	8000576e	00ce4a63	blt	x28,x12,80005782	 x28:0x809fa792 x12:0x80021e04
       49965000	      4897	80005772	412cd3b3	sra	x7,x25,x18	 x25:0x3d26e710 x18:0xfffffeab  x7=0x0007a4dc
       49975000	      4898	80005776	014aee63	bltu	x21,x20,80005792	 x21:0xffffffbe x20:0xfffffac4
       49985000	      4899	8000577a	017dca63	blt	x27,x23,8000578e	 x27:0x00000000 x23:0x00000000
       49995000	      4900	8000577e	02980863	beq	x16,x9,800057ae	 x16:0xffffffff  x9:0x00000001
       50005000	      4901	80005782	8b7e	c.mv	x22,x31	  x0:0x00000000 x31:0x00000014 x22=0x00000014
       50015000	      4902	80005784	8efd	c.and	x13,x15	 x13:0x00000000 x15:0x0000398e x13=0x00000000
       50025000	      4903	80005786	88cd	c.andi	x9,19	  x9:0x00000001  x9=0x00000001
       50035000	      4904	80005788	00df2033	slt	x0,x30,x13	 x30:0x00001000 x13:0x00000000  x0=0x00000000
       50045000	      4905	8000578c	4921	c.li	x18,8	 x18=0x00000008
       50055000	      4906	8000578e	e23c2913	slti	x18,x24,-477	 x24:0x00000000 x18=0x00000000
       50065000	      4907	80005792	00ad1793	slli	x15,x26,0xa	 x26:0x800218b2 x15=0x0862c800
       50075000	      4908	80005796	f2497a13	andi	x20,x18,-220	 x18:0x00000000 x20=0x00000000
       50085000	      4909	8000579a	32965317	auipc	x6,0x32965	  x6=0xb296a79a
       50095000	      4910	8000579e	0112fe63	bgeu	x5,x17,800057ba	  x5:0xfffffaae x17:0x5efda6c6
       50125000	      4913	800057ba	0000100f	fence.i	
       50145000	      4915	800057be	8c39	c.xor	x8,x14	  x8:0x00000000 x14:0x80025ce4  x8=0x80025ce4
       50185000	      4919	800057c0	03813fb3	mulhu	x31,x2,x24	  x2:0xf5e39895 x24:0x00000000 x31=0x00000000
       50195000	      4920	800057c4	01843eb3	sltu	x29,x8,x24	  x8:0x80025ce4 x24:0x00000000 x29=0x00000000
       50205000	      4921	800057c8	431d	c.li	x6,7	  x6=0x00000007
       50215000	      4922	800057ca	03225b63	bge	x4,x18,80005800	  x4:0x80030460 x18:0x00000000
       50225000	      4923	800057ce	017e3933	sltu	x18,x28,x23	 x28:0x809fa792 x23:0x00000000 x18=0x00000000
       50265000	      4927	800057d2	03939933	mulh	x18,x7,x25	  x7:0x0007a4dc x25:0x3d26e710 x18=0x0001d371
       50275000	      4928	800057d6	ba6a5ab7	lui	x21,0xba6a5	 x21=0xba6a5000
       50285000	      4929	800057da	019c5013	srli	x0,x24,0x19	 x24:0x00000000  x0=0x00000000
       50295000	      4930	800057de	199ded13	ori	x26,x27,409	 x27:0x00000000 x26=0x00000199
       50305000	      4931	800057e2	44e2fa93	andi	x21,x5,1102	  x5:0xfffffaae x21=0x0000000e
       50315000	      4932	800057e6	5f7d	c.li	x30,-1	 x30=0xffffffff
       50325000	      4933	800057e8	0000100f	fence.i	
       50345000	      4935	800057ec	6081c293	xori	x5,x3,1544	  x3:0x00000000  x5=0x00000608
       50355000	      4936	800057f0	91c6	c.add	x3,x17	  x3:0x00000000 x17:0x5efda6c6  x3=0x5efda6c6
       50365000	      4937	800057f2	8109	c.srli	x10,0x2	 x10:0x04001822 x10=0x01000608
       50375000	      4938	800057f4	01cd9463	bne	x27,x28,800057fc	 x27:0x00000000 x28:0x809fa792
       50395000	      4940	800057fc	0000100f	fence.i	
       50415000	      4942	80005800	82a5	c.srli	x13,0x9	 x13:0x00000000 x13=0x00000000
       50425000	      4943	80005802	00251333	sll	x6,x10,x2	 x10:0x01000608  x2:0xf5e39895  x6=0xc1000000
       50435000	      4944	80005806	8471	c.srai	x8,0x1c	  x8:0x80025ce4  x8=0xfffffff8
       50455000	      4946	80005808	02d575b3	remu	x11,x10,x13	 x10:0x01000608 x13:0x00000000 x11=0x01000608
       50465000	      4947	8000580c	1635cc93	xori	x25,x11,355	 x11:0x01000608 x25=0x0100076b
       50505000	      4951	80005810	02752e33	mulhsu	x28,x10,x7	 x10:0x01000608  x7:0x0007a4dc x28=0x000007a5
       50515000	      4952	80005814	0096d893	srli	x17,x13,0x9	 x13:0x00000000 x17=0x00000000
       50525000	      4953	80005818	0ff0000f	fence	iorw,iorw	
       50535000	      4954	8000581c	03d2e763	bltu	x5,x29,8000584a	  x5:0x00000608 x29:0x00000000
       50545000	      4955	80005820	43ca8e13	addi	x28,x21,1084	 x21:0x0000000e x28=0x0000044a
       50555000	      4956	80005824	e3ac8313	addi	x6,x25,-454	 x25:0x0100076b  x6=0x010005a5
       50565000	      4957	80005828	9e36	c.add	x28,x13	 x28:0x0000044a x13:0x00000000 x28=0x0000044a
       50575000	      4958	8000582a	2373e513	ori	x10,x7,567	  x7:0x0007a4dc x10=0x0007a6ff
       50595000	      4960	8000582e	0318d8b3	divu	x17,x17,x17	 x17:0x00000000 x17:0x00000000 x17=0xffffffff
       50605000	      4961	80005832	00745bb3	srl	x23,x8,x7	  x8:0xfffffff8  x7:0x0007a4dc x23=0x0000000f
       50975000	      4998	80005836	02fb47b3	div	x15,x22,x15	 x22:0x00000014 x15:0x0862c800 x15=0x00000000
       50985000	      4999	8000583a	0111b233	sltu	x4,x3,x17	  x3:0x5efda6c6 x17:0xffffffff  x4=0x00000001
       50995000	      5000	8000583e	0001	c.addi	x0,0	  x0:0x00000000  x0=0x00000000
       51005000	      5001	80005840	6cbc8093	addi	x1,x25,1739	 x25:0x0100076b  x1=0x01000e36
       51015000	      5002	80005844	00dcd3b3	srl	x7,x25,x13	 x25:0x0100076b x13:0x00000000  x7=0x0100076b
       51025000	      5003	80005848	8fc5	c.or	x15,x9	 x15:0x00000000  x9:0x00000001 x15=0x00000001
       51035000	      5004	8000584a	0001	c.addi	x0,0	  x0:0x00000000  x0=0x00000000
       51045000	      5005	8000584c	03e79f63	bne	x15,x30,8000588a	 x15:0x00000001 x30:0xffffffff
       51435000	      5044	8000588a	03017933	remu	x18,x2,x16	  x2:0xf5e39895 x16:0xffffffff x18=0xf5e39895
       51805000	      5081	8000588e	037cce33	div	x28,x25,x23	 x25:0x0100076b x23:0x0000000f x28=0x0011118f
       52175000	      5118	80005892	0293f1b3	remu	x3,x7,x9	  x7:0x0100076b  x9:0x00000001  x3=0x00000000
       52215000	      5122	80005896	03bc3333	mulhu	x6,x24,x27	 x24:0x00000000 x27:0x00000000  x6=0x00000000
       52225000	      5123	8000589a	836a	c.mv	x6,x26	  x0:0x00000000 x26:0x00000199  x6=0x00000199
       52245000	      5125	8000589c	034a4833	div	x16,x20,x20	 x20:0x00000000 x20:0x00000000 x16=0xffffffff
       52615000	      5162	800058a0	0309f1b3	remu	x3,x19,x16	 x19:0x00000000 x16:0xffffffff  x3=0x00000000
       52625000	      5163	800058a4	00f97b33	and	x22,x18,x15	 x18:0xf5e39895 x15:0x00000001 x22=0x00000001
       52635000	      5164	800058a8	8ead	c.xor	x13,x11	 x13:0x00000000 x11:0x01000608 x13=0x01000608
       52645000	      5165	800058aa	d3de7817	auipc	x16,0xd3de7	 x16=0x53dec8aa
       52655000	      5166	800058ae	00431c63	bne	x6,x4,800058c6	  x6:0x00000199  x4:0x00000001
       52685000	      5169	800058c6	01ee5a13	srli	x20,x28,0x1e	 x28:0x0011118f x20=0x00000000
       52695000	      5170	800058ca	573c4a13	xori	x20,x24,1395	 x24:0x00000000 x20=0x00000573
       52705000	      5171	800058ce	021ae363	bltu	x21,x1,800058f4	 x21:0x0000000e  x1:0x01000e36
       52725000	      5173	800058f4	1fc64c13	xori	x24,x12,508	 x12:0x80021e04 x24=0x80021ff8
       52735000	      5174	800058f8	03a6d363	bge	x13,x26,8000591e	 x13:0x01000608 x26:0x00000199
       52755000	      5176	8000591e	8cd6	c.mv	x25,x21	  x0:0x00000000 x21:0x0000000e x25=0x0000000e
       52765000	      5177	80005920	e795	c.bnez	x15,8000594c	 x15:0x00000001
       52785000	      5179	8000594c	ea91	c.bnez	x13,80005960	 x13:0x01000608
       52805000	      5181	80005960	01b71413	slli	x8,x14,0x1b	 x14:0x80025ce4  x8=0x20000000
       52815000	      5182	80005964	6ec1	c.lui	x29,0x10	 x29=0x00010000
       52825000	      5183	80005966	01c5c1b3	xor	x3,x11,x28	 x11:0x01000608 x28:0x0011118f  x3=0x01111787
       52855000	      5186	8000596a	03d10d33	mul	x26,x2,x29	  x2:0xf5e39895 x29:0x00010000 x26=0x98950000
       53225000	      5223	8000596e	02294eb3	div	x29,x18,x2	 x18:0xf5e39895  x2:0xf5e39895 x29=0x00000001
       53235000	      5224	80005972	1b76e293	ori	x5,x13,439	 x13:0x01000608  x5=0x010007bf
       53245000	      5225	80005976	038d4863	blt	x26,x24,800059a6	 x26:0x98950000 x24:0x80021ff8
       53255000	      5226	8000597a	8efd	c.and	x13,x15	 x13:0x01000608 x15:0x00000001 x13=0x00000000
       53265000	      5227	8000597c	9b36	c.add	x22,x13	 x22:0x00000001 x13:0x00000000 x22=0x00000001
       53275000	      5228	8000597e	005c8eb3	add	x29,x25,x5	 x25:0x0000000e  x5:0x010007bf x29=0x010007cd
       53285000	      5229	80005982	8d71	c.and	x10,x12	 x10:0x0007a6ff x12:0x80021e04 x10=0x00020604
       53295000	      5230	80005984	0f9ea193	slti	x3,x29,249	 x29:0x010007cd  x3=0x00000000
       53305000	      5231	80005988	41a7d4b3	sra	x9,x15,x26	 x15:0x00000001 x26:0x98950000  x9=0x00000001
       53315000	      5232	8000598c	8cb9	c.xor	x9,x14	  x9:0x00000001 x14:0x80025ce4  x9=0x80025ce5
       53325000	      5233	8000598e	18fd	c.addi	x17,-1	 x17:0xffffffff x17=0xfffffffe
       53335000	      5234	80005990	40ef08b3	sub	x17,x30,x14	 x30:0xffffffff x14:0x80025ce4 x17=0x7ffda31b
       53375000	      5238	80005994	02901fb3	mulh	x31,x0,x9	  x0:0x00000000  x9:0x80025ce5 x31=0x00000000
       53385000	      5239	80005998	ad40bf93	sltiu	x31,x1,-1324	  x1:0x01000e36 x31=0x00000001
       53395000	      5240	8000599c	01ba9cb3	sll	x25,x21,x27	 x21:0x0000000e x27:0x00000000 x25=0x0000000e
       53405000	      5241	800059a0	88dd	c.andi	x9,23	  x9:0x80025ce5  x9=0x00000005
       53435000	      5244	800059a2	02d18a33	mul	x20,x3,x13	  x3:0x00000000 x13:0x00000000 x20=0x00000000
       53445000	      5245	800059a6	02455263	bge	x10,x4,800059ca	 x10:0x00020604  x4:0x00000001
       53835000	      5284	800059ca	03a27a33	remu	x20,x4,x26	  x4:0x00000001 x26:0x98950000 x20=0x00000001
       53845000	      5285	800059ce	00fe1893	slli	x17,x28,0xf	 x28:0x0011118f x17=0x88c78000
       53855000	      5286	800059d2	0000100f	fence.i	
       53875000	      5288	800059d6	8c65	c.and	x8,x9	  x8:0x20000000  x9:0x00000005  x8=0x00000000
       53885000	      5289	800059d8	00e16433	or	x8,x2,x14	  x2:0xf5e39895 x14:0x80025ce4  x8=0xf5e3dcf5
       53895000	      5290	800059dc	016b9893	slli	x17,x23,0x16	 x23:0x0000000f x17=0x03c00000
       53905000	      5291	800059e0	01f32a33	slt	x20,x6,x31	  x6:0x00000199 x31:0x00000001 x20=0x00000000
       53915000	      5292	800059e4	6bad	c.lui	x23,0xb	 x23=0x0000b000
       53925000	      5293	800059e6	8eed	c.and	x13,x11	 x13:0x00000000 x11:0x01000608 x13=0x00000000
       53935000	      5294	800059e8	5bbc8e13	addi	x28,x25,1467	 x25:0x0000000e x28=0x000005c9
       53945000	      5295	800059ec	88ea	c.mv	x17,x26	  x0:0x00000000 x26:0x98950000 x17=0x98950000
       53955000	      5296	800059ee	01199b63	bne	x19,x17,80005a04	 x19:0x00000000 x17:0x98950000
       53975000	      5298	80005a04	07fa	c.slli	x15,0x1e	 x15:0x00000001 x15=0x40000000
       53985000	      5299	80005a06	8b86	c.mv	x23,x1	  x0:0x00000000  x1:0x01000e36 x23=0x01000e36
       53995000	      5300	80005a08	8fa9	c.xor	x15,x10	 x15:0x40000000 x10:0x00020604 x15=0x40020604
       54005000	      5301	80005a0a	01355263	bge	x10,x19,80005a0e	 x10:0x00020604 x19:0x00000000
       54025000	      5303	80005a0e	6795	c.lui	x15,0x5	 x15=0x00005000
       54035000	      5304	80005a10	01c966b3	or	x13,x18,x28	 x18:0xf5e39895 x28:0x000005c9 x13=0xf5e39ddd
       54045000	      5305	80005a14	00fe8e63	beq	x29,x15,80005a30	 x29:0x010007cd x15:0x00005000
       54055000	      5306	80005a18	6d1eec93	ori	x25,x29,1745	 x29:0x010007cd x25=0x010007dd
       54425000	      5343	80005a1c	02c76bb3	rem	x23,x14,x12	 x14:0x80025ce4 x12:0x80021e04 x23=0x80025ce4
       54435000	      5344	80005a20	8ecd	c.or	x13,x11	 x13:0xf5e39ddd x11:0x01000608 x13=0xf5e39fdd
       54445000	      5345	80005a22	05155363	bge	x10,x17,80005a68	 x10:0x00020604 x17:0x98950000
       54465000	      5347	80005a68	0124e9b3	or	x19,x9,x18	  x9:0x00000005 x18:0xf5e39895 x19=0xf5e39895
       54475000	      5348	80005a6c	0fca	c.slli	x31,0x12	 x31:0x00000001 x31=0x00040000
       54485000	      5349	80005a6e	0ff0000f	fence	iorw,iorw	
       54495000	      5350	80005a72	00076a63	bltu	x14,x0,80005a86	 x14:0x80025ce4  x0:0x00000000
       54505000	      5351	80005a76	011c94b3	sll	x9,x25,x17	 x25:0x010007dd x17:0x98950000  x9=0x010007dd
       54515000	      5352	80005a7a	44642493	slti	x9,x8,1094	  x8:0xf5e3dcf5  x9=0x00000001
       54525000	      5353	80005a7e	01bf5d93	srli	x27,x30,0x1b	 x30:0xffffffff x27=0x0000001f
       54535000	      5354	80005a82	52894e97	auipc	x29,0x52894	 x29=0xd2899a82
       54545000	      5355	80005a86	cd89	c.beqz	x11,80005aa0	 x11:0x01000608
       54555000	      5356	80005a88	0352cc63	blt	x5,x21,80005ac0	  x5:0x010007bf x21:0x0000000e
       54595000	      5360	80005a8c	020f1833	mulh	x16,x30,x0	 x30:0xffffffff  x0:0x00000000 x16=0x00000000
       54605000	      5361	80005a90	029c7e63	bgeu	x24,x9,80005acc	 x24:0x80021ff8  x9:0x00000001
       54625000	      5363	80005acc	40800d33	sub	x26,x0,x8	  x0:0x00000000  x8:0xf5e3dcf5 x26=0x0a1c230b
       54665000	      5367	80005ad0	024c27b3	mulhsu	x15,x24,x4	 x24:0x80021ff8  x4:0x00000001 x15=0xffffffff
       55035000	      5404	80005ad4	027877b3	remu	x15,x16,x7	 x16:0x00000000  x7:0x0100076b x15=0x00000000
       55045000	      5405	80005ad8	7be8e413	ori	x8,x17,1982	 x17:0x98950000  x8=0x989507be
       55055000	      5406	80005adc	011a80b3	add	x1,x21,x17	 x21:0x0000000e x17:0x98950000  x1=0x9895000e
       55065000	      5407	80005ae0	e991	c.bnez	x11,80005af4	 x11:0x01000608
       55085000	      5409	80005af4	4164db93	srai	x23,x9,0x16	  x9:0x00000001 x23=0x00000000
       55095000	      5410	80005af8	0f96	c.slli	x31,0x5	 x31:0x00040000 x31=0x00800000
       55105000	      5411	80005afa	3c48c997	auipc	x19,0x3c48c	 x19=0xbc491afa
       55115000	      5412	80005afe	00abd913	srli	x18,x23,0xa	 x23:0x00000000 x18=0x00000000
       55125000	      5413	80005b02	0000100f	fence.i	
       55155000	      5416	80005b06	b56dbe93	sltiu	x29,x27,-1194	 x27:0x0000001f x29=0x00000001
       55165000	      5417	80005b0a	009bdb63	bge	x23,x9,80005b20	 x23:0x00000000  x9:0x00000001
       55205000	      5421	80005b0e	03e1a433	mulhsu	x8,x3,x30	  x3:0x00000000 x30:0xffffffff  x8=0x00000000
       55245000	      5425	80005b12	02e837b3	mulhu	x15,x16,x14	 x16:0x00000000 x14:0x80025ce4 x15=0x00000000
       55255000	      5426	80005b16	0a22	c.slli	x20,0x8	 x20:0x00000000 x20=0x00000000
       55265000	      5427	80005b18	4915b893	sltiu	x17,x11,1169	 x11:0x01000608 x17=0x00000000
       55275000	      5428	80005b1c	015f7bb3	and	x23,x30,x21	 x30:0xffffffff x21:0x0000000e x23=0x0000000e
       55285000	      5429	80005b20	012482b3	add	x5,x9,x18	  x9:0x00000001 x18:0x00000000  x5=0x00000001
       55655000	      5466	80005b24	02b3de33	divu	x28,x7,x11	  x7:0x0100076b x11:0x01000608 x28=0x00000001
       55665000	      5467	80005b28	9532	c.add	x10,x12	 x10:0x00020604 x12:0x80021e04 x10=0x80042408
       55675000	      5468	80005b2a	581c0a13	addi	x20,x24,1409	 x24:0x80021ff8 x20=0x80022579
       55685000	      5469	80005b2e	4f7d	c.li	x30,31	 x30=0x0000001f
       55695000	      5470	80005b30	00d10fb3	add	x31,x2,x13	  x2:0xf5e39895 x13:0xf5e39fdd x31=0xebc73872
       55705000	      5471	80005b34	018d	c.addi	x3,3	  x3:0x00000000  x3=0x00000003
       55715000	      5472	80005b36	01ba9e33	sll	x28,x21,x27	 x21:0x0000000e x27:0x0000001f x28=0x00000000
       55725000	      5473	80005b3a	0001	c.addi	x0,0	  x0:0x00000000  x0=0x00000000
       55735000	      5474	80005b3c	8de1	c.and	x11,x8	 x11:0x01000608  x8:0x00000000 x11=0x00000000
       55745000	      5475	80005b3e	004d0463	beq	x26,x4,80005b46	 x26:0x0a1c230b  x4:0x00000001
       55755000	      5476	80005b42	40ec5213	srai	x4,x24,0xe	 x24:0x80021ff8  x4=0xfffe0008
       55765000	      5477	80005b46	41f8deb3	sra	x29,x17,x31	 x17:0x00000000 x31:0xebc73872 x29=0x00000000
       55775000	      5478	80005b4a	8ff5	c.and	x15,x13	 x15:0x00000000 x13:0xf5e39fdd x15=0x00000000
       55785000	      5479	80005b4c	8d81	c.sub	x11,x8	 x11:0x00000000  x8:0x00000000 x11=0x00000000
       55795000	      5480	80005b4e	01a10533	add	x10,x2,x26	  x2:0xf5e39895 x26:0x0a1c230b x10=0xffffbba0
       55835000	      5484	80005b52	026fb2b3	mulhu	x5,x31,x6	 x31:0xebc73872  x6:0x00000199  x5=0x00000178
       55845000	      5485	80005b56	018a6f63	bltu	x20,x24,80005b74	 x20:0x80022579 x24:0x80021ff8
       55855000	      5486	80005b5a	05aaf163	bgeu	x21,x26,80005b9c	 x21:0x0000000e x26:0x0a1c230b
       55865000	      5487	80005b5e	843d	c.srai	x8,0xf	  x8:0x00000000  x8=0x00000000
       56235000	      5524	80005b60	03b374b3	remu	x9,x6,x27	  x6:0x00000199 x27:0x0000001f  x9=0x00000006
       56605000	      5561	80005b64	037f78b3	remu	x17,x30,x23	 x30:0x0000001f x23:0x0000000e x17=0x00000003
       56615000	      5562	80005b68	96c6	c.add	x13,x17	 x13:0xf5e39fdd x17:0x00000003 x13=0xf5e39fe0
       56625000	      5563	80005b6a	8c81	c.sub	x9,x8	  x9:0x00000006  x8:0x00000000  x9=0x00000006
       56655000	      5566	80005b6c	030c84b3	mul	x9,x25,x16	 x25:0x010007dd x16:0x00000000  x9=0x00000000
       56665000	      5567	80005b70	3b507fb7	lui	x31,0x3b507	 x31=0x3b507000
       56675000	      5568	80005b74	001361b3	or	x3,x6,x1	  x6:0x00000199  x1:0x9895000e  x3=0x9895019f
       56685000	      5569	80005b78	8c01	c.sub	x8,x8	  x8:0x00000000  x8:0x00000000  x8=0x00000000
       56695000	      5570	80005b7a	51fd	c.li	x3,-1	  x3=0xffffffff
       56705000	      5571	80005b7c	2ee93193	sltiu	x3,x18,750	 x18:0x00000000  x3=0x00000001
       56715000	      5572	80005b80	00255a33	srl	x20,x10,x2	 x10:0xffffbba0  x2:0xf5e39895 x20=0x000007ff
       56725000	      5573	80005b84	00797f33	and	x30,x18,x7	 x18:0x00000000  x7:0x0100076b x30=0x00000000
       56735000	      5574	80005b88	020a9a63	bne	x21,x0,80005bbc	 x21:0x0000000e  x0:0x00000000
       56755000	      5576	80005bbc	0000100f	fence.i	
       56775000	      5578	80005bc0	8c31	c.xor	x8,x12	  x8:0x00000000 x12:0x80021e04  x8=0x80021e04
       56785000	      5579	80005bc2	0206	c.slli	x4,0x1	  x4:0xfffe0008  x4=0xfffc0010
       56795000	      5580	80005bc4	01d4beb3	sltu	x29,x9,x29	  x9:0x00000000 x29:0x00000000 x29=0x00000000
       56805000	      5581	80005bc8	0ff0000f	fence	iorw,iorw	
       56815000	      5582	80005bcc	006fb1b3	sltu	x3,x31,x6	 x31:0x3b507000  x6:0x00000199  x3=0x00000000
       56825000	      5583	80005bd0	029f4863	blt	x30,x9,80005c00	 x30:0x00000000  x9:0x00000000
       56835000	      5584	80005bd4	68da4213	xori	x4,x20,1677	 x20:0x000007ff  x4=0x00000172
       56845000	      5585	80005bd8	0000100f	fence.i	
       57225000	      5623	80005bdc	0395c333	div	x6,x11,x25	 x11:0x00000000 x25:0x010007dd  x6=0x00000000
       57235000	      5624	80005be0	80d9	c.srli	x9,0x16	  x9:0x00000000  x9=0x00000000
       57245000	      5625	80005be2	41f55013	srai	x0,x10,0x1f	 x10:0xffffbba0  x0=0x00000000
       57255000	      5626	80005be6	91ca	c.add	x3,x18	  x3:0x00000000 x18:0x00000000  x3=0x00000000
       57265000	      5627	80005be8	00c5d7b3	srl	x15,x11,x12	 x11:0x00000000 x12:0x80021e04 x15=0x00000000
       57275000	      5628	80005bec	019eb433	sltu	x8,x29,x25	 x29:0x00000000 x25:0x010007dd  x8=0x00000001
       57285000	      5629	80005bf0	00c0fb63	bgeu	x1,x12,80005c06	  x1:0x9895000e x12:0x80021e04
       57315000	      5632	80005c06	009f9d93	slli	x27,x31,0x9	 x31:0x3b507000 x27=0xa0e00000
       57325000	      5633	80005c0a	00f9ad33	slt	x26,x19,x15	 x19:0xbc491afa x15:0x00000000 x26=0x00000001
       57335000	      5634	80005c0e	0001	c.addi	x0,0	  x0:0x00000000  x0=0x00000000
       57345000	      5635	80005c10	01addb63	bge	x27,x26,80005c26	 x27:0xa0e00000 x26:0x00000001
       57355000	      5636	80005c14	5ea83997	auipc	x19,0x5ea83	 x19=0xdea88c14
       57365000	      5637	80005c18	ed19	c.bnez	x10,80005c36	 x10:0xffffbba0
       57395000	      5640	80005c36	052cf163	bgeu	x25,x18,80005c78	 x25:0x010007dd x18:0x00000000
       57445000	      5645	80005c78	03ac95b3	mulh	x11,x25,x26	 x25:0x010007dd x26:0x00000001 x11=0x00000000
       57815000	      5682	80005c7c	037c4433	div	x8,x24,x23	 x24:0x80021ff8 x23:0x0000000e  x8=0xf6db9492
       57825000	      5683	80005c80	00091b13	slli	x22,x18,0x0	 x18:0x00000000 x22=0x00000000
       58195000	      5720	80005c84	0399dc33	divu	x24,x19,x25	 x19:0xdea88c14 x25:0x010007dd x24=0x000000de
       58205000	      5721	80005c88	01d99863	bne	x19,x29,80005c98	 x19:0xdea88c14 x29:0x00000000
       58225000	      5723	80005c98	8cc9	c.or	x9,x10	  x9:0x00000000 x10:0xffffbba0  x9=0xffffbba0
       58235000	      5724	80005c9a	0000100f	fence.i	
       58275000	      5728	80005c9e	023cd233	divu	x4,x25,x3	 x25:0x010007dd  x3:0x00000000  x4=0xffffffff
       58285000	      5729	80005ca2	0001	c.addi	x0,0	  x0:0x00000000  x0=0x00000000
       58295000	      5730	80005ca4	024bc763	blt	x23,x4,80005cd2	 x23:0x0000000e  x4:0xffffffff
       58305000	      5731	80005ca8	9e36	c.add	x28,x13	 x28:0x00000000 x13:0xf5e39fe0 x28=0xf5e39fe0
       58315000	      5732	80005caa	01ca7433	and	x8,x20,x28	 x20:0x000007ff x28:0xf5e39fe0  x8=0x000007e0
       58335000	      5734	80005cae	026143b3	div	x7,x2,x6	  x2:0xf5e39895  x6:0x00000000  x7=0xffffffff
       58705000	      5771	80005cb2	027b6f33	rem	x30,x22,x7	 x22:0x00000000  x7:0xffffffff x30=0x00000000
       58715000	      5772	80005cb6	86e2	c.mv	x13,x24	  x0:0x00000000 x24:0x000000de x13=0x000000de
       58725000	      5773	80005cb8	0076a7b3	slt	x15,x13,x7	 x13:0x000000de  x7:0xffffffff x15=0x00000000
       58735000	      5774	80005cbc	6911	c.lui	x18,0x4	 x18=0x00004000
       58745000	      5775	80005cbe	003da2b3	slt	x5,x27,x3	 x27:0xa0e00000  x3:0x00000000  x5=0x00000001
       58755000	      5776	80005cc2	1829ce97	auipc	x29,0x1829c	 x29=0x982a1cc2
       58765000	      5777	80005cc6	007e5d63	bge	x28,x7,80005ce0	 x28:0xf5e39fe0  x7:0xffffffff
       58775000	      5778	80005cca	00fddd13	srli	x26,x27,0xf	 x27:0xa0e00000 x26=0x000141c0
       58785000	      5779	80005cce	0184c8b3	xor	x17,x9,x24	  x9:0xffffbba0 x24:0x000000de x17=0xffffbb7e
       58795000	      5780	80005cd2	849d	c.srai	x9,0x7	  x9:0xffffbba0  x9=0xffffff77
       58835000	      5784	80005cd4	02bf2c33	mulhsu	x24,x30,x11	 x30:0x00000000 x11:0x00000000 x24=0x00000000
       58845000	      5785	80005cd8	1e7d	c.addi	x28,-1	 x28:0xf5e39fe0 x28=0xf5e39fdf
       58855000	      5786	80005cda	0000100f	fence.i	
       58875000	      5788	80005cde	e999	c.bnez	x11,80005cf4	 x11:0x00000000
       58885000	      5789	80005ce0	003357b3	srl	x15,x6,x3	  x6:0x00000000  x3:0x00000000 x15=0x00000000
       58895000	      5790	80005ce4	00c11d13	slli	x26,x2,0xc	  x2:0xf5e39895 x26=0x39895000
       59265000	      5827	80005ce8	02e24cb3	div	x25,x4,x14	  x4:0xffffffff x14:0x80025ce4 x25=0x00000000
       59275000	      5828	80005cec	01047333	and	x6,x8,x16	  x8:0x000007e0 x16:0x00000000  x6=0x00000000
       59305000	      5831	80005cf0	021c8233	mul	x4,x25,x1	 x25:0x00000000  x1:0x9895000e  x4=0x00000000
       59315000	      5832	80005cf4	89e5	c.andi	x11,25	 x11:0x00000000 x11=0x00000000
       59325000	      5833	80005cf6	020ce663	bltu	x25,x0,80005d22	 x25:0x00000000  x0:0x00000000
       59335000	      5834	80005cfa	0831	c.addi	x16,12	 x16:0x00000000 x16=0x0000000c
       59345000	      5835	80005cfc	80e5	c.srli	x9,0x19	  x9:0xffffff77  x9=0x0000007f
       59355000	      5836	80005cfe	01117233	and	x4,x2,x17	  x2:0xf5e39895 x17:0xffffbb7e  x4=0xf5e39814
       59365000	      5837	80005d02	8f1a	c.mv	x30,x6	  x0:0x00000000  x6:0x00000000 x30=0x00000000
       59375000	      5838	80005d04	00686a33	or	x20,x16,x6	 x16:0x0000000c  x6:0x00000000 x20=0x0000000c
       59385000	      5839	80005d08	60ad	c.lui	x1,0xb	  x1=0x0000b000
       59395000	      5840	80005d0a	00cb17b3	sll	x15,x22,x12	 x22:0x00000000 x12:0x80021e04 x15=0x00000000
       59415000	      5842	80005d0e	023af533	remu	x10,x21,x3	 x21:0x0000000e  x3:0x00000000 x10=0x0000000e
       59425000	      5843	80005d12	00749893	slli	x17,x9,0x7	  x9:0x0000007f x17=0x00003f80
       59435000	      5844	80005d16	01eb8833	add	x16,x23,x30	 x23:0x0000000e x30:0x00000000 x16=0x0000000e
       59805000	      5881	80005d1a	0310c0b3	div	x1,x1,x17	  x1:0x0000b000 x17:0x00003f80  x1=0x00000002
       59845000	      5885	80005d1e	025dbd33	mulhu	x26,x27,x5	 x27:0xa0e00000  x5:0x00000001 x26=0x00000000
       59855000	      5886	80005d22	46f496b7	lui	x13,0x46f49	 x13=0x46f49000
       59865000	      5887	80005d26	0055cb33	xor	x22,x11,x5	 x11:0x00000000  x5:0x00000001 x22=0x00000001
       59875000	      5888	80005d2a	b9908d93	addi	x27,x1,-1127	  x1:0x00000002 x27=0xfffffb9b
       59885000	      5889	80005d2e	00075d63	bge	x14,x0,80005d48	 x14:0x80025ce4  x0:0x00000000
       59895000	      5890	80005d32	011e7833	and	x16,x28,x17	 x28:0xf5e39fdf x17:0x00003f80 x16=0x00001f80
       59905000	      5891	80005d36	8019	c.srli	x8,0x6	  x8:0x000007e0  x8=0x0000001f
       59915000	      5892	80005d38	5b7d	c.li	x22,-1	 x22=0xffffffff
       59925000	      5893	80005d3a	019f5f63	bge	x30,x25,80005d58	 x30:0x00000000 x25:0x00000000
       59945000	      5895	80005d58	0001	c.addi	x0,0	  x0:0x00000000  x0=0x00000000
       59955000	      5896	80005d5a	62b1	c.lui	x5,0xc	  x5=0x0000c000
       59965000	      5897	80005d5c	018dcf33	xor	x30,x27,x24	 x27:0xfffffb9b x24:0x00000000 x30=0xfffffb9b
       59975000	      5898	80005d60	02608a63	beq	x1,x6,80005d94	  x1:0x00000002  x6:0x00000000
       59985000	      5899	80005d64	033e0463	beq	x28,x19,80005d8c	 x28:0xf5e39fdf x19:0xdea88c14
       59995000	      5900	80005d68	a35dc997	auipc	x19,0xa35dc	 x19=0x235e1d68
       60005000	      5901	80005d6c	025f6e63	bltu	x30,x5,80005da8	 x30:0xfffffb9b  x5:0x0000c000
       60045000	      5905	80005d70	03b4b0b3	mulhu	x1,x9,x27	  x9:0x0000007f x27:0xfffffb9b  x1=0x0000007e
       60055000	      5906	80005d74	cbe1c293	xori	x5,x3,-834	  x3:0x00000000  x5=0xfffffcbe
       60065000	      5907	80005d78	405b5cb3	sra	x25,x22,x5	 x22:0xffffffff  x5:0xfffffcbe x25=0xffffffff
       60105000	      5911	80005d7c	037c3a33	mulhu	x20,x24,x23	 x24:0x00000000 x23:0x0000000e x20=0x00000000
       60115000	      5912	80005d80	8da1	c.xor	x11,x8	 x11:0x00000000  x8:0x0000001f x11=0x0000001f
       60485000	      5949	80005d82	03f7d2b3	divu	x5,x15,x31	 x15:0x00000000 x31:0x3b507000  x5=0x00000000
       60495000	      5950	80005d86	03fa	c.slli	x7,0x1e	  x7:0xffffffff  x7=0xc0000000
       60515000	      5952	80005d88	0382e8b3	rem	x17,x5,x24	  x5:0x00000000 x24:0x00000000 x17=0x00000000
       60525000	      5953	80005d8c	0259db63	bge	x19,x5,80005dc2	 x19:0x235e1d68  x5:0x00000000
       60545000	      5955	80005dc2	8d99	c.sub	x11,x14	 x11:0x0000001f x14:0x80025ce4 x11=0x7ffda33b
       60555000	      5956	80005dc4	01d599b3	sll	x19,x11,x29	 x11:0x7ffda33b x29:0x982a1cc2 x19=0xfff68cec
       60565000	      5957	80005dc8	0ff0000f	fence	iorw,iorw	
       60575000	      5958	80005dcc	0146feb3	and	x29,x13,x20	 x13:0x46f49000 x20:0x00000000 x29=0x00000000
       60585000	      5959	80005dd0	6d4a8793	addi	x15,x21,1748	 x21:0x0000000e x15=0x000006e2
       60595000	      5960	80005dd4	03f2	c.slli	x7,0x1c	  x7:0xc0000000  x7=0x00000000
       60635000	      5964	80005dd6	02e51233	mulh	x4,x10,x14	 x10:0x0000000e x14:0x80025ce4  x4=0xfffffff9
       60675000	      5968	80005dda	02b894b3	mulh	x9,x17,x11	 x17:0x00000000 x11:0x7ffda33b  x9=0x00000000
       60685000	      5969	80005dde	00b2d433	srl	x8,x5,x11	  x5:0x00000000 x11:0x7ffda33b  x8=0x00000000
       60695000	      5970	80005de2	8ddd	c.or	x11,x15	 x11:0x7ffda33b x15:0x000006e2 x11=0x7ffda7fb
       60705000	      5971	80005de4	035e9e63	bne	x29,x21,80005e20	 x29:0x00000000 x21:0x0000000e
       60725000	      5973	80005e20	0001	c.addi	x0,0	  x0:0x00000000  x0=0x00000000
       60735000	      5974	80005e22	9299a313	slti	x6,x19,-1751	 x19:0xfff68cec  x6=0x00000001
       60745000	      5975	80005e26	009f9b63	bne	x31,x9,80005e3c	 x31:0x3b507000  x9:0x00000000
       60765000	      5977	80005e3c	00d89593	slli	x11,x17,0xd	 x17:0x00000000 x11=0x00000000
       60775000	      5978	80005e40	f8946937	lui	x18,0xf8946	 x18=0xf8946000
       60785000	      5979	80005e44	0001	c.addi	x0,0	  x0:0x00000000  x0=0x00000000
       60815000	      5982	80005e46	031d0933	mul	x18,x26,x17	 x26:0x00000000 x17:0x00000000 x18=0x00000000
       60825000	      5983	80005e4a	920a	c.add	x4,x2	  x4:0xfffffff9  x2:0xf5e39895  x4=0xf5e3988e
       60865000	      5987	80005e4c	03842933	mulhsu	x18,x8,x24	  x8:0x00000000 x24:0x00000000 x18=0x00000000
       60875000	      5988	80005e50	86ad	c.srai	x13,0xb	 x13:0x46f49000 x13=0x0008de92
       60885000	      5989	80005e52	aac4cb93	xori	x23,x9,-1364	  x9:0x00000000 x23=0xfffffaac
       60895000	      5990	80005e56	01cdeb33	or	x22,x27,x28	 x27:0xfffffb9b x28:0xf5e39fdf x22=0xffffffdf
       60905000	      5991	80005e5a	05b2	c.slli	x11,0xc	 x11:0x00000000 x11=0x00000000
       60915000	      5992	80005e5c	87c1	c.srai	x15,0x10	 x15:0x000006e2 x15=0x00000000
       60925000	      5993	80005e5e	9b46	c.add	x22,x17	 x22:0xffffffdf x17:0x00000000 x22=0xffffffdf
       60935000	      5994	80005e60	40125c13	srai	x24,x4,0x1	  x4:0xf5e3988e x24=0xfaf1cc47
       60945000	      5995	80005e64	0ff0000f	fence	iorw,iorw	
       60955000	      5996	80005e68	13287d93	andi	x27,x16,306	 x16:0x00001f80 x27=0x00000100
       60965000	      5997	80005e6c	adb03a13	sltiu	x20,x0,-1317	  x0:0x00000000 x20=0x00000001
       60975000	      5998	80005e70	8fa1	c.xor	x15,x8	 x15:0x00000000  x8:0x00000000 x15=0x00000000
       60985000	      5999	80005e72	cc91	c.beqz	x9,80005e8e	  x9:0x00000000
       61015000	      6002	80005e8e	2797fd93	andi	x27,x15,633	 x15:0x00000000 x27=0x00000000
       61385000	      6039	80005e92	02c2fcb3	remu	x25,x5,x12	  x5:0x00000000 x12:0x80021e04 x25=0x00000000
       61425000	      6043	80005e96	03f7b533	mulhu	x10,x15,x31	 x15:0x00000000 x31:0x3b507000 x10=0x00000000
       61435000	      6044	80005e9a	1afd	c.addi	x21,-1	 x21:0x0000000e x21=0x0000000d
       61445000	      6045	80005e9c	11fd	c.addi	x3,-1	  x3:0x00000000  x3=0xffffffff
       61455000	      6046	80005e9e	0215cb63	blt	x11,x1,80005ed4	 x11:0x00000000  x1:0x0000007e
       61475000	      6048	80005ed4	0001	c.addi	x0,0	  x0:0x00000000  x0=0x00000000
       61485000	      6049	80005ed6	4cfd	c.li	x25,31	 x25=0x0000001f
       61495000	      6050	80005ed8	8d15	c.sub	x10,x13	 x10:0x00000000 x13:0x0008de92 x10=0xfff7216e
       61505000	      6051	80005eda	33c40e93	addi	x29,x8,828	  x8:0x00000000 x29=0x0000033c
       61515000	      6052	80005ede	09aa	c.slli	x19,0xa	 x19:0xfff68cec x19=0xda33b000
       61525000	      6053	80005ee0	6e91	c.lui	x29,0x4	 x29=0x00004000
       61535000	      6054	80005ee2	009469b3	or	x19,x8,x9	  x8:0x00000000  x9:0x00000000 x19=0x00000000
       61545000	      6055	80005ee6	012cfdb3	and	x27,x25,x18	 x25:0x0000001f x18:0x00000000 x27=0x00000000
       61555000	      6056	80005eea	01aed033	srl	x0,x29,x26	 x29:0x00004000 x26:0x00000000  x0=0x00000000
       61565000	      6057	80005eee	0e49	c.addi	x28,18	 x28:0xf5e39fdf x28=0xf5e39ff1
       61935000	      6094	80005ef0	03945033	divu	x0,x8,x25	  x8:0x00000000 x25:0x0000001f  x0=0x00000000
       61945000	      6095	80005ef4	414b8d33	sub	x26,x23,x20	 x23:0xfffffaac x20:0x00000001 x26=0xfffffaab
       61955000	      6096	80005ef8	ec583693	sltiu	x13,x16,-315	 x16:0x00001f80 x13=0x00000001
       61965000	      6097	80005efc	037d9163	bne	x27,x23,80005f1e	 x27:0x00000000 x23:0xfffffaac
       61995000	      6100	80005f1e	01b50263	beq	x10,x27,80005f22	 x10:0xfff7216e x27:0x00000000
       62005000	      6101	80005f22	0001	c.addi	x0,0	  x0:0x00000000  x0=0x00000000
       62015000	      6102	80005f24	0001	c.addi	x0,0	  x0:0x00000000  x0=0x00000000
       62025000	      6103	80005f26	03a0c163	blt	x1,x26,80005f48	  x1:0x0000007e x26:0xfffffaab
       62045000	      6105	80005f2a	0209edb3	rem	x27,x19,x0	 x19:0x00000000  x0:0x00000000 x27=0x00000000
       62055000	      6106	80005f2e	8fdd	c.or	x15,x15	 x15:0x00000000 x15:0x00000000 x15=0x00000000
       62065000	      6107	80005f30	00875513	srli	x10,x14,0x8	 x14:0x80025ce4 x10=0x0080025c
       62075000	      6108	80005f34	8ff9	c.and	x15,x14	 x15:0x00000000 x14:0x80025ce4 x15=0x00000000
       62085000	      6109	80005f36	0ff0000f	fence	iorw,iorw	
       62095000	      6110	80005f3a	82c16893	ori	x17,x2,-2004	  x2:0xf5e39895 x17=0xfffff8bd
       62105000	      6111	80005f3e	4038d0b3	sra	x1,x17,x3	 x17:0xfffff8bd  x3:0xffffffff  x1=0xffffffff
       62115000	      6112	80005f42	02017963	bgeu	x2,x0,80005f74	  x2:0xf5e39895  x0:0x00000000
       62135000	      6114	80005f74	004fd993	srli	x19,x31,0x4	 x31:0x3b507000 x19=0x03b50700
       62145000	      6115	80005f78	9906	c.add	x18,x1	 x18:0x00000000  x1:0xffffffff x18=0xffffffff
       62155000	      6116	80005f7a	4174d4b3	sra	x9,x9,x23	  x9:0x00000000 x23:0xfffffaac  x9=0x00000000
       62165000	      6117	80005f7e	20ba7c17	auipc	x24,0x20ba7	 x24=0xa0bacf7e
       62205000	      6121	80005f82	02912233	mulhsu	x4,x2,x9	  x2:0xf5e39895  x9:0x00000000  x4=0x00000000
       62215000	      6122	80005f86	00890d63	beq	x18,x8,80005fa0	 x18:0xffffffff  x8:0x00000000
       62225000	      6123	80005f8a	01965d93	srli	x27,x12,0x19	 x12:0x80021e04 x27=0x00000040
       62235000	      6124	80005f8e	e4bc3393	sltiu	x7,x24,-437	 x24:0xa0bacf7e  x7=0x00000001
       62245000	      6125	80005f92	ec09	c.bnez	x8,80005fac	  x8:0x00000000
       62255000	      6126	80005f94	4509a513	slti	x10,x19,1104	 x19:0x03b50700 x10=0x00000000
       62265000	      6127	80005f98	8c7e7593	andi	x11,x28,-1849	 x28:0xf5e39ff1 x11=0xf5e398c1
       62275000	      6128	80005f9c	659a47b7	lui	x15,0x659a4	 x15=0x659a4000
       62285000	      6129	80005fa0	9afd	c.andi	x13,-1	 x13:0x00000001 x13=0x00000001
       62295000	      6130	80005fa2	01771413	slli	x8,x14,0x17	 x14:0x80025ce4  x8=0x72000000
       62305000	      6131	80005fa6	417ed793	srai	x15,x29,0x17	 x29:0x00004000 x15=0x00000000
       62315000	      6132	80005faa	6331	c.lui	x6,0xc	  x6=0x0000c000
       62325000	      6133	80005fac	7f3b3d93	sltiu	x27,x22,2035	 x22:0xffffffdf x27=0x00000000
       62335000	      6134	80005fb0	40f288b3	sub	x17,x5,x15	  x5:0x00000000 x15:0x00000000 x17=0x00000000
       62345000	      6135	80005fb4	0dce	c.slli	x27,0x13	 x27:0x00000000 x27=0x00000000
       62355000	      6136	80005fb6	01517ab3	and	x21,x2,x21	  x2:0xf5e39895 x21:0x0000000d x21=0x00000005
       62365000	      6137	80005fba	997d	c.andi	x10,-1	 x10:0x00000000 x10=0x00000000
       62375000	      6138	80005fbc	01e47e33	and	x28,x8,x30	  x8:0x72000000 x30:0xfffffb9b x28=0x72000000
       62745000	      6175	80005fc0	039af533	remu	x10,x21,x25	 x21:0x00000005 x25:0x0000001f x10=0x00000005
       62755000	      6176	80005fc4	02167c63	bgeu	x12,x1,80005ffc	 x12:0x80021e04  x1:0xffffffff
       62785000	      6179	80005fc8	03ef0eb3	mul	x29,x30,x30	 x30:0xfffffb9b x30:0xfffffb9b x29=0x00134fd9
       62795000	      6180	80005fcc	68b5	c.lui	x17,0xd	 x17=0x0000d000
       62805000	      6181	80005fce	0000100f	fence.i	
       62825000	      6183	80005fd2	197d	c.addi	x18,-1	 x18:0xffffffff x18=0xfffffffe
       62835000	      6184	80005fd4	02fa4463	blt	x20,x15,80005ffc	 x20:0x00000001 x15:0x00000000
       62845000	      6185	80005fd8	0ff0000f	fence	iorw,iorw	
       62855000	      6186	80005fdc	fd52fb93	andi	x23,x5,-43	  x5:0x00000000 x23=0x00000000
       62865000	      6187	80005fe0	038b7763	bgeu	x22,x24,8000600e	 x22:0xffffffdf x24:0xa0bacf7e
       62895000	      6190	8000600e	0095ca63	blt	x11,x9,80006022	 x11:0xf5e398c1  x9:0x00000000
       62915000	      6192	80006022	6251	c.lui	x4,0x14	  x4=0x00014000
       62945000	      6195	80006024	027009b3	mul	x19,x0,x7	  x0:0x00000000  x7:0x00000001 x19=0x00000000
       62955000	      6196	80006028	8c39	c.xor	x8,x14	  x8:0x72000000 x14:0x80025ce4  x8=0xf2025ce4
       62965000	      6197	8000602a	82d5	c.srli	x13,0x15	 x13:0x00000001 x13=0x00000000
       62975000	      6198	8000602c	0164df33	srl	x30,x9,x22	  x9:0x00000000 x22:0xffffffdf x30=0x00000000
       62985000	      6199	80006030	40e1d333	sra	x6,x3,x14	  x3:0xffffffff x14:0x80025ce4  x6=0xffffffff
       62995000	      6200	80006034	01c75eb3	srl	x29,x14,x28	 x14:0x80025ce4 x28:0x72000000 x29=0x80025ce4
       63005000	      6201	80006038	81b6	c.mv	x3,x13	  x0:0x00000000 x13:0x00000000  x3=0x00000000
       63015000	      6202	8000603a	8fb1	c.xor	x15,x12	 x15:0x00000000 x12:0x80021e04 x15=0x80021e04
       63025000	      6203	8000603c	40ad5393	srai	x7,x26,0xa	 x26:0xfffffaab  x7=0xfffffffe
       63045000	      6205	80006040	023ccd33	div	x26,x25,x3	 x25:0x0000001f  x3:0x00000000 x26=0xffffffff
       63055000	      6206	80006044	01ed1013	slli	x0,x26,0x1e	 x26:0xffffffff  x0=0x00000000
       63065000	      6207	80006048	36a7f393	andi	x7,x15,874	 x15:0x80021e04  x7=0x00000200
       63075000	      6208	8000604c	012ce833	or	x16,x25,x18	 x25:0x0000001f x18:0xfffffffe x16=0xffffffff
       63085000	      6209	80006050	00230d33	add	x26,x6,x2	  x6:0xffffffff  x2:0xf5e39895 x26=0xf5e39894
       63095000	      6210	80006054	9bfd	c.andi	x15,-1	 x15:0x80021e04 x15=0x80021e04
       63105000	      6211	80006056	0ff0000f	fence	iorw,iorw	
       63115000	      6212	8000605a	0351f163	bgeu	x3,x21,8000607c	  x3:0x00000000 x21:0x00000005
       63125000	      6213	8000605e	4b6d	c.li	x22,27	 x22=0x0000001b
       63135000	      6214	80006060	012cee33	or	x28,x25,x18	 x25:0x0000001f x18:0xfffffffe x28=0xffffffff
       63145000	      6215	80006064	0001	c.addi	x0,0	  x0:0x00000000  x0=0x00000000
       63155000	      6216	80006066	8d15	c.sub	x10,x13	 x10:0x00000005 x13:0x00000000 x10=0x00000005
       63165000	      6217	80006068	6569	c.lui	x10,0x1a	 x10=0x0001a000
       63175000	      6218	8000606a	0001	c.addi	x0,0	  x0:0x00000000  x0=0x00000000
       63185000	      6219	8000606c	9141fd13	andi	x26,x3,-1772	  x3:0x00000000 x26=0x00000000
       63195000	      6220	80006070	0001	c.addi	x0,0	  x0:0x00000000  x0=0x00000000
       63205000	      6221	80006072	00923933	sltu	x18,x4,x9	  x4:0x00014000  x9:0x00000000 x18=0x00000000
       63215000	      6222	80006076	80ba	c.mv	x1,x14	  x0:0x00000000 x14:0x80025ce4  x1=0x80025ce4
       63225000	      6223	80006078	0001	c.addi	x0,0	  x0:0x00000000  x0=0x00000000
       63235000	      6224	8000607a	655d	c.lui	x10,0x17	 x10=0x00017000
       63245000	      6225	8000607c	0a06	c.slli	x20,0x1	 x20:0x00000001 x20=0x00000002
       63255000	      6226	8000607e	6ba5	c.lui	x23,0x9	 x23=0x00009000
       63265000	      6227	80006080	4148de33	sra	x28,x17,x20	 x17:0x0000d000 x20:0x00000002 x28=0x00003400
       63635000	      6264	80006084	02be6833	rem	x16,x28,x11	 x28:0x00003400 x11:0xf5e398c1 x16=0x00003400
       63645000	      6265	80006088	006b1263	bne	x22,x6,8000608c	 x22:0x0000001b  x6:0xffffffff
       63695000	      6270	8000608c	02761933	mulh	x18,x12,x7	 x12:0x80021e04  x7:0x00000200 x18=0xffffff00
       63705000	      6271	80006090	403657b3	sra	x15,x12,x3	 x12:0x80021e04  x3:0x00000000 x15=0x80021e04
       64075000	      6308	80006094	031774b3	remu	x9,x14,x17	 x14:0x80025ce4 x17:0x0000d000  x9=0x00009ce4
       64085000	      6309	80006098	8a5ca693	slti	x13,x25,-1883	 x25:0x0000001f x13=0x00000000
       64095000	      6310	8000609c	cb85	c.beqz	x15,800060cc	 x15:0x80021e04
       64105000	      6311	8000609e	00704b33	xor	x22,x0,x7	  x0:0x00000000  x7:0x00000200 x22=0x00000200
       64115000	      6312	800060a2	4f404b93	xori	x23,x0,1268	  x0:0x00000000 x23=0x000004f4
       64125000	      6313	800060a6	1b0daf93	slti	x31,x27,432	 x27:0x00000000 x31=0x00000001
       64135000	      6314	800060aa	a9971097	auipc	x1,0xa9971	  x1=0x299770aa
       64145000	      6315	800060ae	004f2f33	slt	x30,x30,x4	 x30:0x00000000  x4:0x00014000 x30=0x00000001
       64155000	      6316	800060b2	8aafb513	sltiu	x10,x31,-1878	 x31:0x00000001 x10=0x00000001
       64165000	      6317	800060b6	00204f63	blt	x0,x2,800060d4	  x0:0x00000000  x2:0xf5e39895
       64205000	      6321	800060ba	02a63eb3	mulhu	x29,x12,x10	 x12:0x80021e04 x10:0x00000001 x29=0x00000000
       64235000	      6324	800060be	022d8bb3	mul	x23,x27,x2	 x27:0x00000000  x2:0xf5e39895 x23=0x00000000
       64245000	      6325	800060c2	8cad	c.xor	x9,x11	  x9:0x00009ce4 x11:0xf5e398c1  x9=0xf5e30425
       64255000	      6326	800060c4	527d	c.li	x4,-1	  x4=0xffffffff
       64265000	      6327	800060c6	00181793	slli	x15,x16,0x1	 x16:0x00003400 x15=0x00006800
       64275000	      6328	800060ca	8c31	c.xor	x8,x12	  x8:0xf2025ce4 x12:0x80021e04  x8=0x720042e0
       64285000	      6329	800060cc	035e8263	beq	x29,x21,800060f0	 x29:0x00000000 x21:0x00000005
       64295000	      6330	800060d0	01dfc463	blt	x31,x29,800060d8	 x31:0x00000001 x29:0x00000000
       64305000	      6331	800060d4	03097863	bgeu	x18,x16,80006104	 x18:0xffffff00 x16:0x00003400
       64325000	      6333	80006104	00adb2b3	sltu	x5,x27,x10	 x27:0x00000000 x10:0x00000001  x5=0x00000001
       64335000	      6334	80006108	8885c593	xori	x11,x11,-1912	 x11:0xf5e398c1 x11=0x0a1c6049
       64705000	      6371	8000610c	035ccdb3	div	x27,x25,x21	 x25:0x0000001f x21:0x00000005 x27=0x00000006
       65075000	      6408	80006110	024af5b3	remu	x11,x21,x4	 x21:0x00000005  x4:0xffffffff x11=0x00000005
       65085000	      6409	80006114	03fa	c.slli	x7,0x1e	  x7:0x00000200  x7=0x00000000
       65095000	      6410	80006116	64b1	c.lui	x9,0xc	  x9=0x0000c000
       65105000	      6411	80006118	03b94463	blt	x18,x27,80006140	 x18:0xffffff00 x27:0x00000006
       65125000	      6413	80006140	05a2	c.slli	x11,0x8	 x11:0x00000005 x11=0x00000500
       65135000	      6414	80006142	0d9d	c.addi	x27,7	 x27:0x00000006 x27=0x0000000d
       65145000	      6415	80006144	41cdda33	sra	x20,x27,x28	 x27:0x0000000d x28:0x00003400 x20=0x0000000d
       65155000	      6416	80006148	6cd1	c.lui	x25,0x14	 x25=0x00014000
       65185000	      6419	8000614a	02a48233	mul	x4,x9,x10	  x9:0x0000c000 x10:0x00000001  x4=0x0000c000
       65195000	      6420	8000614e	40845813	srai	x16,x8,0x8	  x8:0x720042e0 x16=0x00720042
       65205000	      6421	80006152	014e0433	add	x8,x28,x20	 x28:0x00003400 x20:0x0000000d  x8=0x0000340d
       65235000	      6424	80006156	02d80233	mul	x4,x16,x13	 x16:0x00720042 x13:0x00000000  x4=0x00000000
       65245000	      6425	8000615a	e6bc2d93	slti	x27,x24,-405	 x24:0xa0bacf7e x27=0x00000001
       65265000	      6427	8000615e	0335d3b3	divu	x7,x11,x19	 x11:0x00000500 x19:0x00000000  x7=0xffffffff
       65275000	      6428	80006162	8565	c.srai	x10,0x19	 x10:0x00000001 x10=0x00000000
       65315000	      6432	80006164	0226a0b3	mulhsu	x1,x13,x2	 x13:0x00000000  x2:0xf5e39895  x1=0x00000000
       65325000	      6433	80006168	1c7d	c.addi	x24,-1	 x24:0xa0bacf7e x24=0xa0bacf7d
       65335000	      6434	8000616a	01b79c63	bne	x15,x27,80006182	 x15:0x00006800 x27:0x00000001
       65365000	      6437	80006182	3b278917	auipc	x18,0x3b278	 x18=0xbb27e182
       65375000	      6438	80006186	9cae	c.add	x25,x11	 x25:0x00014000 x11:0x00000500 x25=0x00014500
       65385000	      6439	80006188	e095	c.bnez	x9,800061ac	  x9:0x0000c000
       65405000	      6441	800061ac	59fd	c.li	x19,-1	 x19=0xffffffff
       65415000	      6442	800061ae	41d704b3	sub	x9,x14,x29	 x14:0x80025ce4 x29:0x00000000  x9=0x80025ce4
       65425000	      6443	800061b2	01df4bb3	xor	x23,x30,x29	 x30:0x00000001 x29:0x00000000 x23=0x00000001
       65435000	      6444	800061b6	00110e33	add	x28,x2,x1	  x2:0xf5e39895  x1:0x00000000 x28=0xf5e39895
       65445000	      6445	800061ba	ed9d	c.bnez	x11,800061f8	 x11:0x00000500
       65465000	      6447	800061f8	003a11b3	sll	x3,x20,x3	 x20:0x0000000d  x3:0x00000000  x3=0x0000000d
       65475000	      6448	800061fc	557d	c.li	x10,-1	 x10=0xffffffff
       65485000	      6449	800061fe	0198dc33	srl	x24,x17,x25	 x17:0x0000d000 x25:0x00014500 x24=0x0000d000
       65495000	      6450	80006202	c78d	c.beqz	x15,8000622c	 x15:0x00006800
       65505000	      6451	80006204	01c8d433	srl	x8,x17,x28	 x17:0x0000d000 x28:0xf5e39895  x8=0x00000000
       65515000	      6452	80006208	6e05	c.lui	x28,0x1	 x28=0x00001000
       65525000	      6453	8000620a	b7888413	addi	x8,x17,-1160	 x17:0x0000d000  x8=0x0000cb78
       65535000	      6454	8000620e	8c7e	c.mv	x24,x31	  x0:0x00000000 x31:0x00000001 x24=0x00000001
       65545000	      6455	80006210	ee024a93	xori	x21,x4,-288	  x4:0x00000000 x21=0xfffffee0
       65585000	      6459	80006214	03fca833	mulhsu	x16,x25,x31	 x25:0x00014500 x31:0x00000001 x16=0x00000000
       65595000	      6460	80006218	0167fa63	bgeu	x15,x22,8000622c	 x15:0x00006800 x22:0x00000200
       65615000	      6462	8000622c	6279	c.lui	x4,0x1e	  x4=0x0001e000
       65625000	      6463	8000622e	00675cb3	srl	x25,x14,x6	 x14:0x80025ce4  x6:0xffffffff x25=0x00000001
       65635000	      6464	80006232	8ef1	c.and	x13,x12	 x13:0x00000000 x12:0x80021e04 x13=0x00000000
       65645000	      6465	80006234	97b6	c.add	x15,x13	 x15:0x00006800 x13:0x00000000 x15=0x00006800
       65655000	      6466	80006236	c7564797	auipc	x15,0xc7564	 x15=0x4756a236
       65665000	      6467	8000623a	0167c9b3	xor	x19,x15,x22	 x15:0x4756a236 x22:0x00000200 x19=0x4756a036
       65675000	      6468	8000623e	cc91	c.beqz	x9,8000625a	  x9:0x80025ce4
       65715000	      6472	80006240	03819cb3	mulh	x25,x3,x24	  x3:0x0000000d x24:0x00000001 x25=0x00000000
       65725000	      6473	80006244	00a070b3	and	x1,x0,x10	  x0:0x00000000 x10:0xffffffff  x1=0x00000000
       65735000	      6474	80006248	11fd	c.addi	x3,-1	  x3:0x0000000d  x3=0x0000000c
       65745000	      6475	8000624a	974b2417	auipc	x8,0x974b2	  x8=0x174b824a
       65755000	      6476	8000624e	22047413	andi	x8,x8,544	  x8:0x174b824a  x8=0x00000200
       65765000	      6477	80006252	01a27d63	bgeu	x4,x26,8000626c	  x4:0x0001e000 x26:0x00000000
       65785000	      6479	8000626c	016d33b3	sltu	x7,x26,x22	 x26:0x00000000 x22:0x00000200  x7=0x00000001
       65795000	      6480	80006270	0047f333	and	x6,x15,x4	 x15:0x4756a236  x4:0x0001e000  x6=0x0000a000
       65805000	      6481	80006274	6fed	c.lui	x31,0x1b	 x31=0x0001b000
       65815000	      6482	80006276	019e4463	blt	x28,x25,8000627e	 x28:0x00001000 x25:0x00000000
       65825000	      6483	8000627a	00c389b3	add	x19,x7,x12	  x7:0x00000001 x12:0x80021e04 x19=0x80021e05
       65835000	      6484	8000627e	475d9897	auipc	x17,0x475d9	 x17=0xc75df27e
       65845000	      6485	80006282	c0a1	c.beqz	x9,800062c2	  x9:0x80025ce4
       65855000	      6486	80006284	40a6d493	srai	x9,x13,0xa	 x13:0x00000000  x9=0x00000000
       65865000	      6487	80006288	0ff0000f	fence	iorw,iorw	
       65875000	      6488	8000628c	01bc64b3	or	x9,x24,x27	 x24:0x00000001 x27:0x00000001  x9=0x00000001
       65885000	      6489	80006290	52fd	c.li	x5,-1	  x5=0xffffffff
       66255000	      6526	80006292	03fb41b3	div	x3,x22,x31	 x22:0x00000200 x31:0x0001b000  x3=0x00000000
       66265000	      6527	80006296	0133ecb3	or	x25,x7,x19	  x7:0x00000001 x19:0x80021e05 x25=0x80021e05
       66635000	      6564	8000629a	028e4333	div	x6,x28,x8	 x28:0x00001000  x8:0x00000200  x6=0x00000008
       66645000	      6565	8000629e	0000100f	fence.i	
       66665000	      6567	800062a2	8d4d	c.or	x10,x11	 x10:0xffffffff x11:0x00000500 x10=0xffffffff
       66675000	      6568	800062a4	8469	c.srai	x8,0x1a	  x8:0x00000200  x8=0x00000000
       66685000	      6569	800062a6	02ad8463	beq	x27,x10,800062ce	 x27:0x00000001 x10:0xffffffff
       66695000	      6570	800062aa	e685	c.bnez	x13,800062d2	 x13:0x00000000
       66705000	      6571	800062ac	4b95	c.li	x23,5	 x23=0x00000005
       66715000	      6572	800062ae	0856	c.slli	x16,0x15	 x16:0x00000000 x16=0x00000000
       66725000	      6573	800062b0	c919	c.beqz	x10,800062c6	 x10:0xffffffff
       66745000	      6575	800062b2	02824933	div	x18,x4,x8	  x4:0x0001e000  x8:0x00000000 x18=0xffffffff
       66755000	      6576	800062b6	a91bf513	andi	x10,x23,-1391	 x23:0x00000005 x10=0x00000001
       66765000	      6577	800062ba	016ab1b3	sltu	x3,x21,x22	 x21:0xfffffee0 x22:0x00000200  x3=0x00000000
       66775000	      6578	800062be	e8b04bb7	lui	x23,0xe8b04	 x23=0xe8b04000
       66785000	      6579	800062c2	c805	c.beqz	x8,800062f2	  x8:0x00000000
       66815000	      6582	800062f2	0234f863	bgeu	x9,x3,80006322	  x9:0x00000001  x3:0x00000000
       67205000	      6621	80006322	0314f833	remu	x16,x9,x17	  x9:0x00000001 x17:0xc75df27e x16=0x00000001
       67215000	      6622	80006326	00ee0033	add	x0,x28,x14	 x28:0x00001000 x14:0x80025ce4  x0=0x00000000
       67225000	      6623	8000632a	01069fb3	sll	x31,x13,x16	 x13:0x00000000 x16:0x00000001 x31=0x00000000
       67235000	      6624	8000632e	0001	c.addi	x0,0	  x0:0x00000000  x0=0x00000000
       67245000	      6625	80006330	41050a33	sub	x20,x10,x16	 x10:0x00000001 x16:0x00000001 x20=0x00000000
       67255000	      6626	80006334	b1a83b13	sltiu	x22,x16,-1254	 x16:0x00000001 x22=0x00000001
       67265000	      6627	80006338	0475	c.addi	x8,29	  x8:0x00000000  x8=0x0000001d
       67275000	      6628	8000633a	9e443c13	sltiu	x24,x8,-1564	  x8:0x0000001d x24=0x00000001
       67305000	      6631	8000633e	028002b3	mul	x5,x0,x8	  x0:0x00000000  x8:0x0000001d  x5=0x00000000
       67315000	      6632	80006342	8ab5ed93	ori	x27,x11,-1877	 x11:0x00000500 x27=0xfffffdab
       67325000	      6633	80006346	0167dd33	srl	x26,x15,x22	 x15:0x4756a236 x22:0x00000001 x26=0x23ab511b
       67335000	      6634	8000634a	e085	c.bnez	x9,8000636a	  x9:0x00000001
       67365000	      6637	8000636a	b7f9ce17	auipc	x28,0xb7f9c	 x28=0x37fa236a
       67375000	      6638	8000636e	18fd	c.addi	x17,-1	 x17:0xc75df27e x17=0xc75df27d
       67385000	      6639	80006370	8eed	c.and	x13,x11	 x13:0x00000000 x11:0x00000500 x13=0x00000000
       67395000	      6640	80006372	0cc6	c.slli	x25,0x11	 x25:0x80021e05 x25=0x3c0a0000
       67405000	      6641	80006374	86a2	c.mv	x13,x8	  x0:0x00000000  x8:0x0000001d x13=0x0000001d
       67415000	      6642	80006376	00651b33	sll	x22,x10,x6	 x10:0x00000001  x6:0x00000008 x22=0x00000100
       67425000	      6643	8000637a	601ec193	xori	x3,x29,1537	 x29:0x00000000  x3=0x00000601
       67435000	      6644	8000637e	41995913	srai	x18,x18,0x19	 x18:0xffffffff x18=0xffffffff
       67445000	      6645	80006382	d9b16993	ori	x19,x2,-613	  x2:0xf5e39895 x19=0xfffffd9f
       67455000	      6646	80006386	40025333	sra	x6,x4,x0	  x4:0x0001e000  x0:0x00000000  x6=0x0001e000
       67465000	      6647	8000638a	884d	c.andi	x8,19	  x8:0x0000001d  x8=0x00000011
       67475000	      6648	8000638c	0191fcb3	and	x25,x3,x25	  x3:0x00000601 x25:0x3c0a0000 x25=0x00000000
       67485000	      6649	80006390	c009	c.beqz	x8,80006392	  x8:0x00000011
       67525000	      6653	80006392	026b9833	mulh	x16,x23,x6	 x23:0xe8b04000  x6:0x0001e000 x16=0xffffd44a
       67545000	      6655	80006396	0349e4b3	rem	x9,x19,x20	 x19:0xfffffd9f x20:0x00000000  x9=0xfffffd9f
       67555000	      6656	8000639a	8cb9	c.xor	x9,x14	  x9:0xfffffd9f x14:0x80025ce4  x9=0x7ffda17b
       67565000	      6657	8000639c	8afd1597	auipc	x11,0x8afd1	 x11=0x0afd739c
       67575000	      6658	800063a0	0001	c.addi	x0,0	  x0:0x00000000  x0=0x00000000
       67585000	      6659	800063a2	6638ee13	ori	x28,x17,1635	 x17:0xc75df27d x28=0xc75df67f
       67595000	      6660	800063a6	00b817b3	sll	x15,x16,x11	 x16:0xffffd44a x11:0x0afd739c x15=0xa0000000
       67965000	      6697	800063aa	0356deb3	divu	x29,x13,x21	 x13:0x0000001d x21:0xfffffee0 x29=0x00000000
       67975000	      6698	800063ae	80f2	c.mv	x1,x28	  x0:0x00000000 x28:0xc75df67f  x1=0xc75df67f
       67985000	      6699	800063b0	0069e9b3	or	x19,x19,x6	 x19:0xfffffd9f  x6:0x0001e000 x19=0xfffffd9f
       68005000	      6701	800063b4	025ac2b3	div	x5,x21,x5	 x21:0xfffffee0  x5:0x00000000  x5=0xffffffff
       68015000	      6702	800063b8	00d79b63	bne	x15,x13,800063ce	 x15:0xa0000000 x13:0x0000001d
       68035000	      6704	800063ce	8469	c.srai	x8,0x1a	  x8:0x00000011  x8=0x00000000
       68045000	      6705	800063d0	038be563	bltu	x23,x24,800063fa	 x23:0xe8b04000 x24:0x00000001
       68055000	      6706	800063d4	ffe23193	sltiu	x3,x4,-2	  x4:0x0001e000  x3=0x00000001
       68065000	      6707	800063d8	039fc163	blt	x31,x25,800063fa	 x31:0x00000000 x25:0x00000000
       68075000	      6708	800063dc	0000100f	fence.i	
       68095000	      6710	800063e0	010ff897	auipc	x17,0x10ff	 x17=0x811053e0
       68105000	      6711	800063e4	afca6f13	ori	x30,x20,-1284	 x20:0x00000000 x30=0xfffffafc
       68115000	      6712	800063e8	eb2d6793	ori	x15,x26,-334	 x26:0x23ab511b x15=0xffffffbb
       68125000	      6713	800063ec	0333f063	bgeu	x7,x19,8000640c	  x7:0x00000001 x19:0xfffffd9f
       68135000	      6714	800063f0	e811	c.bnez	x8,80006404	  x8:0x00000000
       68145000	      6715	800063f2	4acf7513	andi	x10,x30,1196	 x30:0xfffffafc x10=0x000000ac
       68155000	      6716	800063f6	be226c17	auipc	x24,0xbe226	 x24=0x3e22c3f6
       68165000	      6717	800063fa	82b9	c.srli	x13,0xe	 x13:0x0000001d x13=0x00000000
       68175000	      6718	800063fc	2a218513	addi	x10,x3,674	  x3:0x00000001 x10=0x000002a3
       68185000	      6719	80006400	ea85	c.bnez	x13,80006430	 x13:0x00000000
       68195000	      6720	80006402	98da	c.add	x17,x22	 x17:0x811053e0 x22:0x00000100 x17=0x811054e0
       68205000	      6721	80006404	44260193	addi	x3,x12,1090	 x12:0x80021e04  x3=0x80022246
       68215000	      6722	80006408	69dd	c.lui	x19,0x17	 x19=0x00017000
       68225000	      6723	8000640a	0001	c.addi	x0,0	  x0:0x00000000  x0=0x00000000
       68595000	      6760	8000640c	03b3d2b3	divu	x5,x7,x27	  x7:0x00000001 x27:0xfffffdab  x5=0x00000000
       68965000	      6797	80006410	0308fbb3	remu	x23,x17,x16	 x17:0x811054e0 x16:0xffffd44a x23=0x811054e0
       68975000	      6798	80006414	40c706b3	sub	x13,x14,x12	 x14:0x80025ce4 x12:0x80021e04 x13=0x00003ee0
       68985000	      6799	80006418	8c31	c.xor	x8,x12	  x8:0x00000000 x12:0x80021e04  x8=0x80021e04
       69025000	      6803	8000641a	02013933	mulhu	x18,x2,x0	  x2:0xf5e39895  x0:0x00000000 x18=0x00000000
       69035000	      6804	8000641e	046a5363	bge	x20,x6,80006464	 x20:0x00000000  x6:0x0001e000
       69045000	      6805	80006422	03581c63	bne	x16,x21,8000645a	 x16:0xffffd44a x21:0xfffffee0
       69075000	      6808	8000645a	013adc63	bge	x21,x19,80006472	 x21:0xfffffee0 x19:0x00017000
       69085000	      6809	8000645e	0a32	c.slli	x20,0xc	 x20:0x00000000 x20=0x00000000
       69095000	      6810	80006460	005b5fb3	srl	x31,x22,x5	 x22:0x00000100  x5:0x00000000 x31=0x00000100
       69105000	      6811	80006464	8869	c.andi	x8,26	  x8:0x80021e04  x8=0x00000000
       69115000	      6812	80006466	00237263	bgeu	x6,x2,8000646a	  x6:0x0001e000  x2:0xf5e39895
       69125000	      6813	8000646a	0173cb33	xor	x22,x7,x23	  x7:0x00000001 x23:0x811054e0 x22=0x811054e1
       69135000	      6814	8000646e	01051537	lui	x10,0x1051	 x10=0x01051000
       69145000	      6815	80006472	01594eb3	xor	x29,x18,x21	 x18:0x00000000 x21:0xfffffee0 x29=0xfffffee0
       69155000	      6816	80006476	d93bb213	sltiu	x4,x23,-621	 x23:0x811054e0  x4=0x00000001
       69165000	      6817	8000647a	41eadbb3	sra	x23,x21,x30	 x21:0xfffffee0 x30:0xfffffafc x23=0xffffffff
       69185000	      6819	8000647e	028879b3	remu	x19,x16,x8	 x16:0xffffd44a  x8:0x00000000 x19=0xffffd44a
       69195000	      6820	80006482	4116d333	sra	x6,x13,x17	 x13:0x00003ee0 x17:0x811054e0  x6=0x00003ee0
       69205000	      6821	80006486	005bc0b3	xor	x1,x23,x5	 x23:0xffffffff  x5:0x00000000  x1=0xffffffff
       69215000	      6822	8000648a	0001	c.addi	x0,0	  x0:0x00000000  x0=0x00000000
       69585000	      6859	8000648c	031ccc33	div	x24,x25,x17	 x25:0x00000000 x17:0x811054e0 x24=0x00000000
       69595000	      6860	80006490	99ea	c.add	x19,x26	 x19:0xffffd44a x26:0x23ab511b x19=0x23ab2565
       69605000	      6861	80006492	c8e03093	sltiu	x1,x0,-882	  x0:0x00000000  x1=0x00000001
       69615000	      6862	80006496	d12f6917	auipc	x18,0xd12f6	 x18=0x512fc496
       69625000	      6863	8000649a	11c4e517	auipc	x10,0x11c4e	 x10=0x91c5449a
       69635000	      6864	8000649e	8fa9	c.xor	x15,x10	 x15:0xffffffbb x10:0x91c5449a x15=0x6e3abb21
       69645000	      6865	800064a0	38e52b93	slti	x23,x10,910	 x10:0x91c5449a x23=0x00000001
       69655000	      6866	800064a4	8fd9	c.or	x15,x14	 x15:0x6e3abb21 x14:0x80025ce4 x15=0xee3affe5
       69665000	      6867	800064a6	8cc1	c.or	x9,x8	  x9:0x7ffda17b  x8:0x00000000  x9=0x7ffda17b
       69675000	      6868	800064a8	039ce663	bltu	x25,x25,800064d4	 x25:0x00000000 x25:0x00000000
       69685000	      6869	800064ac	03247f63	bgeu	x8,x18,800064ea	  x8:0x00000000 x18:0x512fc496
       69695000	      6870	800064b0	03574963	blt	x14,x21,800064e2	 x14:0x80025ce4 x21:0xfffffee0
       69715000	      6872	800064e2	8409	c.srai	x8,0x2	  x8:0x00000000  x8=0x00000000
       69725000	      6873	800064e4	8c8d	c.sub	x9,x11	  x9:0x7ffda17b x11:0x0afd739c  x9=0x75002ddf
       69735000	      6874	800064e6	6886fe93	andi	x29,x13,1672	 x13:0x00003ee0 x29=0x00000680
       69755000	      6876	800064ea	02077eb3	remu	x29,x14,x0	 x14:0x80025ce4  x0:0x00000000 x29=0x80025ce4
       69765000	      6877	800064ee	99fd	c.andi	x11,-1	 x11:0x0afd739c x11=0x0afd739c
       69795000	      6880	800064f0	03cf8e33	mul	x28,x31,x28	 x31:0x00000100 x28:0xc75df67f x28=0x5df67f00
       70165000	      6917	800064f4	03287d33	remu	x26,x16,x18	 x16:0xffffd44a x18:0x512fc496 x26=0x0c708688
       70175000	      6918	800064f8	2135b593	sltiu	x11,x11,531	 x11:0x0afd739c x11=0x00000000
       70185000	      6919	800064fc	00edf0b3	and	x1,x27,x14	 x27:0xfffffdab x14:0x80025ce4  x1=0x80025ca0
       70195000	      6920	80006500	01012533	slt	x10,x2,x16	  x2:0xf5e39895 x16:0xffffd44a x10=0x00000001
       70205000	      6921	80006504	84ea	c.mv	x9,x26	  x0:0x00000000 x26:0x0c708688  x9=0x0c708688
       70215000	      6922	80006506	01ec25b3	slt	x11,x24,x30	 x24:0x00000000 x30:0xfffffafc x11=0x00000000
       70225000	      6923	8000650a	55fd	c.li	x11,-1	 x11=0xffffffff
       70235000	      6924	8000650c	01dadbb3	srl	x23,x21,x29	 x21:0xfffffee0 x29:0x80025ce4 x23=0x0fffffee
       70605000	      6961	80006510	02bbe233	rem	x4,x23,x11	 x23:0x0fffffee x11:0xffffffff  x4=0x00000000
       70615000	      6962	80006514	98ca	c.add	x17,x18	 x17:0x811054e0 x18:0x512fc496 x17=0xd2401976
       70625000	      6963	80006516	0001	c.addi	x0,0	  x0:0x00000000  x0=0x00000000
       70635000	      6964	80006518	40038433	sub	x8,x7,x0	  x7:0x00000001  x0:0x00000000  x8=0x00000001
       70645000	      6965	8000651c	9ff23f93	sltiu	x31,x4,-1537	  x4:0x00000000 x31=0x00000001
       70685000	      6969	80006520	026f1fb3	mulh	x31,x30,x6	 x30:0xfffffafc  x6:0x00003ee0 x31=0xffffffff
       70695000	      6970	80006524	83bd	c.srli	x15,0xf	 x15:0xee3affe5 x15=0x0001dc75
       70705000	      6971	80006526	41375cb3	sra	x25,x14,x19	 x14:0x80025ce4 x19:0x23ab2565 x25=0xfc0012e7
       71075000	      7008	8000652a	028b55b3	divu	x11,x22,x8	 x22:0x811054e1  x8:0x00000001 x11=0x811054e1
       71085000	      7009	8000652e	042ce363	bltu	x25,x2,80006574	 x25:0xfc0012e7  x2:0xf5e39895
       71455000	      7046	80006532	0232d933	divu	x18,x5,x3	  x5:0x00000000  x3:0x80022246 x18=0x00000000
       71475000	      7048	80006536	020b59b3	divu	x19,x22,x0	 x22:0x811054e1  x0:0x00000000 x19=0xffffffff
       71485000	      7049	8000653a	8109	c.srli	x10,0x2	 x10:0x00000001 x10=0x00000000
       71495000	      7050	8000653c	0000100f	fence.i	
       71515000	      7052	80006540	4f002593	slti	x11,x0,1264	  x0:0x00000000 x11=0x00000001
       71525000	      7053	80006544	41680db3	sub	x27,x16,x22	 x16:0xffffd44a x22:0x811054e1 x27=0x7eef7f69
       71535000	      7054	80006548	4036dc93	srai	x25,x13,0x3	 x13:0x00003ee0 x25=0x000007dc
       71545000	      7055	8000654c	0065ceb3	xor	x29,x11,x6	 x11:0x00000001  x6:0x00003ee0 x29=0x00003ee1
       71555000	      7056	80006550	002809b3	add	x19,x16,x2	 x16:0xffffd44a  x2:0xf5e39895 x19=0xf5e36cdf
       71565000	      7057	80006554	8c2d	c.xor	x8,x11	  x8:0x00000001 x11:0x00000001  x8=0x00000000
       71575000	      7058	80006556	0198dd63	bge	x17,x25,80006570	 x17:0xd2401976 x25:0x000007dc
       71585000	      7059	8000655a	0a61	c.addi	x20,24	 x20:0x00000000 x20=0x00000018
       71625000	      7063	8000655c	03aa18b3	mulh	x17,x20,x26	 x20:0x00000018 x26:0x0c708688 x17=0x00000001
       71655000	      7066	80006560	039f0533	mul	x10,x30,x25	 x30:0xfffffafc x25:0x000007dc x10=0xffd89490
       71665000	      7067	80006564	00b8f7b3	and	x15,x17,x11	 x17:0x00000001 x11:0x00000001 x15=0x00000001
       71675000	      7068	80006568	01769533	sll	x10,x13,x23	 x13:0x00003ee0 x23:0x0fffffee x10=0x0fb80000
       71685000	      7069	8000656c	00e6c4b3	xor	x9,x13,x14	 x13:0x00003ee0 x14:0x80025ce4  x9=0x80026204
       71695000	      7070	80006570	945a	c.add	x8,x22	  x8:0x00000000 x22:0x811054e1  x8=0x811054e1
       71705000	      7071	80006572	0001	c.addi	x0,0	  x0:0x00000000  x0=0x00000000
       71715000	      7072	80006574	40c30033	sub	x0,x6,x12	  x6:0x00003ee0 x12:0x80021e04  x0=0x00000000
       71725000	      7073	80006578	00e81b63	bne	x16,x14,8000658e	 x16:0xffffd44a x14:0x80025ce4
       71745000	      7075	8000658e	859a	c.mv	x11,x6	  x0:0x00000000  x6:0x00003ee0 x11=0x00003ee0
       71775000	      7078	80006590	02f805b3	mul	x11,x16,x15	 x16:0xffffd44a x15:0x00000001 x11=0xffffd44a
       71785000	      7079	80006594	019a9993	slli	x19,x21,0x19	 x21:0xfffffee0 x19=0xc0000000
       71795000	      7080	80006598	0ab52813	slti	x16,x10,171	 x10:0x0fb80000 x16=0x00000000
       71805000	      7081	8000659c	00159c93	slli	x25,x11,0x1	 x11:0xffffd44a x25=0xffffa894
       71815000	      7082	800065a0	8462	c.mv	x8,x24	  x0:0x00000000 x24:0x00000000  x8=0x00000000
       71825000	      7083	800065a2	e915	c.bnez	x10,800065d6	 x10:0x0fb80000
       72215000	      7122	800065d6	02f76033	rem	x0,x14,x15	 x14:0x80025ce4 x15:0x00000001  x0=0x00000000
       72225000	      7123	800065da	0001	c.addi	x0,0	  x0:0x00000000  x0=0x00000000
       72235000	      7124	800065dc	80e6	c.mv	x1,x25	  x0:0x00000000 x25:0xffffa894  x1=0xffffa894
       72245000	      7125	800065de	c2278b13	addi	x22,x15,-990	 x15:0x00000001 x22=0xfffffc23
       72255000	      7126	800065e2	01a51863	bne	x10,x26,800065f2	 x10:0x0fb80000 x26:0x0c708688
       72285000	      7129	800065f2	03378063	beq	x15,x19,80006612	 x15:0x00000001 x19:0xc0000000
       72295000	      7130	800065f6	0319c363	blt	x19,x17,8000661c	 x19:0xc0000000 x17:0x00000001
       72315000	      7132	8000661c	00727963	bgeu	x4,x7,8000662e	  x4:0x00000000  x7:0x00000001
       72325000	      7133	80006620	e599	c.bnez	x11,8000662e	 x11:0xffffd44a
       72355000	      7136	8000662e	06ac1d97	auipc	x27,0x6ac1	 x27=0x86ac762e
       72365000	      7137	80006632	8ef5	c.and	x13,x13	 x13:0x00003ee0 x13:0x00003ee0 x13=0x00003ee0
       72375000	      7138	80006634	09c9	c.addi	x19,18	 x19:0xc0000000 x19=0xc0000012
       72385000	      7139	80006636	093fe593	ori	x11,x31,147	 x31:0xffffffff x11=0xffffffff
       72395000	      7140	8000663a	017b1833	sll	x16,x22,x23	 x22:0xfffffc23 x23:0x0fffffee x16=0xff08c000
       72405000	      7141	8000663e	529f0393	addi	x7,x30,1321	 x30:0xfffffafc  x7=0x00000025
       72415000	      7142	80006642	14fd	c.addi	x9,-1	  x9:0x80026204  x9=0x80026203
       72425000	      7143	80006644	016b5cb3	srl	x25,x22,x22	 x22:0xfffffc23 x22:0xfffffc23 x25=0x1fffff84
       72435000	      7144	80006648	5ffd	c.li	x31,-1	 x31=0xffffffff
       72805000	      7181	8000664a	035175b3	remu	x11,x2,x21	  x2:0xf5e39895 x21:0xfffffee0 x11=0xf5e39895
       72815000	      7182	8000664e	00d94263	blt	x18,x13,80006652	 x18:0x00000000 x13:0x00003ee0
       73205000	      7221	80006652	02b5ceb3	div	x29,x11,x11	 x11:0xf5e39895 x11:0xf5e39895 x29=0x00000001
       73215000	      7222	80006656	8ccd	c.or	x9,x11	  x9:0x80026203 x11:0xf5e39895  x9=0xf5e3fa97
       73225000	      7223	80006658	0ff0000f	fence	iorw,iorw	
       73235000	      7224	8000665c	81fe3413	sltiu	x8,x28,-2017	 x28:0x5df67f00  x8=0x00000001
       73245000	      7225	80006660	8fe1	c.and	x15,x8	 x15:0x00000001  x8:0x00000001 x15=0x00000001
       73255000	      7226	80006662	aaf30513	addi	x10,x6,-1361	  x6:0x00003ee0 x10=0x0000398f
       73265000	      7227	80006666	c9b7ef97	auipc	x31,0xc9b7e	 x31=0x49b84666
       73635000	      7264	8000666a	039e6433	rem	x8,x28,x25	 x28:0x5df67f00 x25:0x1fffff84  x8=0x1df67ff8
       73645000	      7265	8000666e	02999a63	bne	x19,x9,800066a2	 x19:0xc0000012  x9:0xf5e3fa97
       73675000	      7268	800066a2	03db6763	bltu	x22,x29,800066d0	 x22:0xfffffc23 x29:0x00000001
       73685000	      7269	800066a6	9954bf93	sltiu	x31,x9,-1643	  x9:0xf5e3fa97 x31=0x00000001
       73695000	      7270	800066aa	9c64c413	xori	x8,x9,-1594	  x9:0xf5e3fa97  x8=0x0a1c0351
       73705000	      7271	800066ae	0001	c.addi	x0,0	  x0:0x00000000  x0=0x00000000
       73715000	      7272	800066b0	0000100f	fence.i	
       73735000	      7274	800066b4	83f5	c.srli	x15,0x1d	 x15:0x00000001 x15=0x00000000
       73745000	      7275	800066b6	8c3d	c.xor	x8,x15	  x8:0x0a1c0351 x15:0x00000000  x8=0x0a1c0351
       73755000	      7276	800066b8	8695	c.srai	x13,0x5	 x13:0x00003ee0 x13=0x000001f7
       73765000	      7277	800066ba	0132fd63	bgeu	x5,x19,800066d4	  x5:0x00000000 x19:0xc0000012
       73805000	      7281	800066be	0322aeb3	mulhsu	x29,x5,x18	  x5:0x00000000 x18:0x00000000 x29=0x00000000
       73815000	      7282	800066c2	64d5	c.lui	x9,0x15	  x9=0x00015000
       73825000	      7283	800066c4	01d8f2b3	and	x5,x17,x29	 x17:0x00000001 x29:0x00000000  x5=0x00000000
       73835000	      7284	800066c8	8fd1	c.or	x15,x12	 x15:0x00000000 x12:0x80021e04 x15=0x80021e04
       73845000	      7285	800066ca	0556	c.slli	x10,0x15	 x10:0x0000398f x10=0x31e00000
       73855000	      7286	800066cc	0000100f	fence.i	
       73875000	      7288	800066d0	00e1d013	srli	x0,x3,0xe	  x3:0x80022246  x0=0x00000000
       73885000	      7289	800066d4	f0ae7413	andi	x8,x28,-246	 x28:0x5df67f00  x8=0x5df67f00
       74255000	      7326	800066d8	02ac47b3	div	x15,x24,x10	 x24:0x00000000 x10:0x31e00000 x15=0x00000000
       74265000	      7327	800066dc	8e8d	c.sub	x13,x11	 x13:0x000001f7 x11:0xf5e39895 x13=0x0a1c6962
       74275000	      7328	800066de	8969	c.andi	x10,26	 x10:0x31e00000 x10=0x00000000
       74285000	      7329	800066e0	9afd	c.andi	x13,-1	 x13:0x0a1c6962 x13=0x0a1c6962
       74295000	      7330	800066e2	85ca	c.mv	x11,x18	  x0:0x00000000 x18:0x00000000 x11=0x00000000
       74305000	      7331	800066e4	8e85	c.sub	x13,x9	 x13:0x0a1c6962  x9:0x00015000 x13=0x0a1b1962
       74315000	      7332	800066e6	40b681b3	sub	x3,x13,x11	 x13:0x0a1b1962 x11:0x00000000  x3=0x0a1b1962
       74325000	      7333	800066ea	0001	c.addi	x0,0	  x0:0x00000000  x0=0x00000000
       74335000	      7334	800066ec	6e05	c.lui	x28,0x1	 x28=0x00001000
       74345000	      7335	800066ee	8c6d	c.and	x8,x11	  x8:0x5df67f00 x11:0x00000000  x8=0x00000000
       74355000	      7336	800066f0	157d	c.addi	x10,-1	 x10:0x00000000 x10=0xffffffff
       74365000	      7337	800066f2	8cd1	c.or	x9,x12	  x9:0x00015000 x12:0x80021e04  x9=0x80035e04
       74375000	      7338	800066f4	0261d163	bge	x3,x6,80006716	  x3:0x0a1b1962  x6:0x00003ee0
       74405000	      7341	80006716	2f280e93	addi	x29,x16,754	 x16:0xff08c000 x29=0xff08c2f2
       74415000	      7342	8000671a	41aa81b3	sub	x3,x21,x26	 x21:0xfffffee0 x26:0x0c708688  x3=0xf38f7858
       74425000	      7343	8000671e	de4aa317	auipc	x6,0xde4aa	  x6=0x5e4b071e
       74465000	      7347	80006722	03183db3	mulhu	x27,x16,x17	 x16:0xff08c000 x17:0x00000001 x27=0x00000000
       74475000	      7348	80006726	01e3a2b3	slt	x5,x7,x30	  x7:0x00000025 x30:0xfffffafc  x5=0x00000000
       74485000	      7349	8000672a	4ae9	c.li	x21,26	 x21=0x0000001a
       74855000	      7386	8000672c	03436db3	rem	x27,x6,x20	  x6:0x5e4b071e x20:0x00000018 x27=0x0000000e
       74865000	      7387	80006730	03514063	blt	x2,x21,80006750	  x2:0xf5e39895 x21:0x0000001a
       74885000	      7389	80006750	e0eeb593	sltiu	x11,x29,-498	 x29:0xff08c2f2 x11=0x00000001
       74895000	      7390	80006754	40d75793	srai	x15,x14,0xd	 x14:0x80025ce4 x15=0xfffc0012
       74905000	      7391	80006758	89f5	c.andi	x11,29	 x11:0x00000001 x11=0x00000001
       74915000	      7392	8000675a	8d0d	c.sub	x10,x11	 x10:0xffffffff x11:0x00000001 x10=0xfffffffe
       74925000	      7393	8000675c	8d054313	xori	x6,x10,-1840	 x10:0xfffffffe  x6=0x0000072e
       74935000	      7394	80006760	010b3eb3	sltu	x29,x22,x16	 x22:0xfffffc23 x16:0xff08c000 x29=0x00000000
       74945000	      7395	80006764	41df57b3	sra	x15,x30,x29	 x30:0xfffffafc x29:0x00000000 x15=0xfffffafc
       74955000	      7396	80006768	01b79393	slli	x7,x15,0x1b	 x15:0xfffffafc  x7=0xe0000000
       74965000	      7397	8000676c	a9ca6693	ori	x13,x20,-1380	 x20:0x00000018 x13=0xfffffa9c
       74975000	      7398	80006770	8049	c.srli	x8,0x12	  x8:0x00000000  x8=0x00000000
       74985000	      7399	80006772	8fa5	c.xor	x15,x9	 x15:0xfffffafc  x9:0x80035e04 x15=0x7ffca4f8
       74995000	      7400	80006774	bc1cdcb7	lui	x25,0xbc1cd	 x25=0xbc1cd000
       75005000	      7401	80006778	0089d493	srli	x9,x19,0x8	 x19:0xc0000012  x9=0x00c00000
       75015000	      7402	8000677c	0139f3b3	and	x7,x19,x19	 x19:0xc0000012 x19:0xc0000012  x7=0xc0000012
       75025000	      7403	80006780	01261c93	slli	x25,x12,0x12	 x12:0x80021e04 x25=0x78100000
       75035000	      7404	80006784	00cd1eb3	sll	x29,x26,x12	 x26:0x0c708688 x12:0x80021e04 x29=0xc7086880
       75045000	      7405	80006788	00784233	xor	x4,x16,x7	 x16:0xff08c000  x7:0xc0000012  x4=0x3f08c012
       75055000	      7406	8000678c	017a5c63	bge	x20,x23,800067a4	 x20:0x00000018 x23:0x0fffffee
       75065000	      7407	80006790	0000100f	fence.i	
       75085000	      7409	80006794	0ff0000f	fence	iorw,iorw	
       75095000	      7410	80006798	00ed	c.addi	x1,27	  x1:0xffffa894  x1=0xffffa8af
       75105000	      7411	8000679a	8e7e	c.mv	x28,x31	  x0:0x00000000 x31:0x00000001 x28=0x00000001
       75115000	      7412	8000679c	c18d	c.beqz	x11,800067be	 x11:0x00000001
       75125000	      7413	8000679e	8c45	c.or	x8,x9	  x8:0x00000000  x9:0x00c00000  x8=0x00c00000
       75135000	      7414	800067a0	8c541217	auipc	x4,0x8c541	  x4=0x0c5477a0
       75145000	      7415	800067a4	8d59	c.or	x10,x14	 x10:0xfffffffe x14:0x80025ce4 x10=0xfffffffe
       75155000	      7416	800067a6	001f2a33	slt	x20,x30,x1	 x30:0xfffffafc  x1:0xffffa8af x20=0x00000000
       75165000	      7417	800067aa	0107fe33	and	x28,x15,x16	 x15:0x7ffca4f8 x16:0xff08c000 x28=0x7f088000
       75175000	      7418	800067ae	8055	c.srli	x8,0x15	  x8:0x00c00000  x8=0x00000006
       75185000	      7419	800067b0	00fb8cb3	add	x25,x23,x15	 x23:0x0fffffee x15:0x7ffca4f8 x25=0x8ffca4e6
       75195000	      7420	800067b4	d8567217	auipc	x4,0xd8567	  x4=0x5856d7b4
       75205000	      7421	800067b8	0001	c.addi	x0,0	  x0:0x00000000  x0=0x00000000
       75575000	      7458	800067ba	02e7d7b3	divu	x15,x15,x14	 x15:0x7ffca4f8 x14:0x80025ce4 x15=0x00000000
       75585000	      7459	800067be	0f61	c.addi	x30,24	 x30:0xfffffafc x30=0xfffffb14
       75595000	      7460	800067c0	65a5	c.lui	x11,0x9	 x11=0x00009000
       75605000	      7461	800067c2	01060333	add	x6,x12,x16	 x12:0x80021e04 x16:0xff08c000  x6=0x7f0ade04
       75615000	      7462	800067c6	ec81	c.bnez	x9,800067de	  x9:0x00c00000
       75645000	      7465	800067de	00c035b3	sltu	x11,x0,x12	  x0:0x00000000 x12:0x80021e04 x11=0x00000001
       75665000	      7467	800067e2	03274933	div	x18,x14,x18	 x14:0x80025ce4 x18:0x00000000 x18=0xffffffff
       75675000	      7468	800067e6	0ff0000f	fence	iorw,iorw	
       75685000	      7469	800067ea	987d	c.andi	x8,-1	  x8:0x00000006  x8=0x00000006
       75695000	      7470	800067ec	e419	c.bnez	x8,800067fa	  x8:0x00000006
       75725000	      7473	800067fa	06ae6563	bltu	x28,x10,80006864	 x28:0x7f088000 x10:0xfffffffe
       75745000	      7475	80006864	8f81	c.sub	x15,x8	 x15:0x00000000  x8:0x00000006 x15=0xfffffffa
       76115000	      7512	80006866	028a78b3	remu	x17,x20,x8	 x20:0x00000000  x8:0x00000006 x17=0x00000000
       76125000	      7513	8000686a	03c3fc63	bgeu	x7,x28,800068a2	  x7:0xc0000012 x28:0x7f088000
       76145000	      7515	800068a2	8c5d	c.or	x8,x15	  x8:0x00000006 x15:0xfffffffa  x8=0xfffffffe
       76155000	      7516	800068a4	01685b93	srli	x23,x16,0x16	 x16:0xff08c000 x23=0x000003fc
       76165000	      7517	800068a8	0001	c.addi	x0,0	  x0:0x00000000  x0=0x00000000
       76175000	      7518	800068aa	4be10493	addi	x9,x2,1214	  x2:0xf5e39895  x9=0xf5e39d53
       76545000	      7555	800068ae	03df7f33	remu	x30,x30,x29	 x30:0xfffffb14 x29:0xc7086880 x30=0x38f79294
       76555000	      7556	800068b2	8916	c.mv	x18,x5	  x0:0x00000000  x5:0x00000000 x18=0x00000000
       76565000	      7557	800068b4	8ebe	c.mv	x29,x15	  x0:0x00000000 x15:0xfffffffa x29=0xfffffffa
       76575000	      7558	800068b6	03208763	beq	x1,x18,800068e4	  x1:0xffffa8af x18:0x00000000
       76595000	      7560	800068ba	0204cc33	div	x24,x9,x0	  x9:0xf5e39d53  x0:0x00000000 x24=0xffffffff
       76605000	      7561	800068be	9b6f3013	sltiu	x0,x30,-1610	 x30:0x38f79294  x0=0x00000000
       76645000	      7565	800068c2	03f01033	mulh	x0,x0,x31	  x0:0x00000000 x31:0x00000001  x0=0x00000000
       76655000	      7566	800068c6	8e89	c.sub	x13,x10	 x13:0xfffffa9c x10:0xfffffffe x13=0xfffffa9e
       76665000	      7567	800068c8	eaab4b13	xori	x22,x22,-342	 x22:0xfffffc23 x22=0x00000289
       76675000	      7568	800068cc	00b79db3	sll	x27,x15,x11	 x15:0xfffffffa x11:0x00000001 x27=0xfffffff4
       76685000	      7569	800068d0	03f96863	bltu	x18,x31,80006900	 x18:0x00000000 x31:0x00000001
       76735000	      7574	80006900	03d22e33	mulhsu	x28,x4,x29	  x4:0x5856d7b4 x29:0xfffffffa x28=0x5856d7b1
       76745000	      7575	80006904	03ec5563	bge	x24,x30,8000692e	 x24:0xffffffff x30:0x38f79294
       76755000	      7576	80006908	01401963	bne	x0,x20,8000691a	  x0:0x00000000 x20:0x00000000
       76765000	      7577	8000690c	0001	c.addi	x0,0	  x0:0x00000000  x0=0x00000000
       76775000	      7578	8000690e	022ec463	blt	x29,x2,80006936	 x29:0xfffffffa  x2:0xf5e39895
       76785000	      7579	80006912	8c2d	c.xor	x8,x11	  x8:0xfffffffe x11:0x00000001  x8=0xffffffff
       76795000	      7580	80006914	99fd	c.andi	x11,-1	 x11:0x00000001 x11=0x00000001
       76815000	      7582	80006916	034fc9b3	div	x19,x31,x20	 x31:0x00000001 x20:0x00000000 x19=0xffffffff
       76825000	      7583	8000691a	011215b3	sll	x11,x4,x17	  x4:0x5856d7b4 x17:0x00000000 x11=0x5856d7b4
       76835000	      7584	8000691e	99fd	c.andi	x11,-1	 x11:0x5856d7b4 x11=0x5856d7b4
       76845000	      7585	80006920	01707c63	bgeu	x0,x23,80006938	  x0:0x00000000 x23:0x000003fc
       76855000	      7586	80006924	51290313	addi	x6,x18,1298	 x18:0x00000000  x6=0x00000512
       76865000	      7587	80006928	0cae	c.slli	x25,0xb	 x25:0x8ffca4e6 x25=0xe5273000
       76875000	      7588	8000692a	01588763	beq	x17,x21,80006938	 x17:0x00000000 x21:0x0000001a
       76885000	      7589	8000692e	0001	c.addi	x0,0	  x0:0x00000000  x0=0x00000000
       76895000	      7590	80006930	c111	c.beqz	x10,80006934	 x10:0xfffffffe
       76905000	      7591	80006932	e1a1	c.bnez	x11,80006972	 x11:0x5856d7b4
       76935000	      7594	80006972	010885b3	add	x11,x17,x16	 x17:0x00000000 x16:0xff08c000 x11=0xff08c000
       76945000	      7595	80006976	013f8e63	beq	x31,x19,80006992	 x31:0x00000001 x19:0xffffffff
       76985000	      7599	8000697a	02272ab3	mulhsu	x21,x14,x2	 x14:0x80025ce4  x2:0xf5e39895 x21=0x851078b5
       76995000	      7600	8000697e	02678863	beq	x15,x6,800069ae	 x15:0xfffffffa  x6:0x00000512
       77005000	      7601	80006982	01705d33	srl	x26,x0,x23	  x0:0x00000000 x23:0x000003fc x26=0x00000000
       77015000	      7602	80006986	0ff0000f	fence	iorw,iorw	
       77385000	      7639	8000698a	02e4cab3	div	x21,x9,x14	  x9:0xf5e39d53 x14:0x80025ce4 x21=0x00000000
       77395000	      7640	8000698e	40eb5d93	srai	x27,x22,0xe	 x22:0x00000289 x27=0x00000000
       77405000	      7641	80006992	8d1d	c.sub	x10,x15	 x10:0xfffffffe x15:0xfffffffa x10=0x00000004
       77415000	      7642	80006994	6189	c.lui	x3,0x2	  x3=0x00002000
       77425000	      7643	80006996	0169aa33	slt	x20,x19,x22	 x19:0xffffffff x22:0x00000289 x20=0x00000001
       77435000	      7644	8000699a	99e6	c.add	x19,x25	 x19:0xffffffff x25:0xe5273000 x19=0xe5272fff
       77475000	      7648	8000699c	02f2bcb3	mulhu	x25,x5,x15	  x5:0x00000000 x15:0xfffffffa x25=0x00000000
       77485000	      7649	800069a0	57fd	c.li	x15,-1	 x15=0xffffffff
       77495000	      7650	800069a2	0034da13	srli	x20,x9,0x3	  x9:0xf5e39d53 x20=0x1ebc73aa
       77535000	      7654	800069a6	022e2e33	mulhsu	x28,x28,x2	 x28:0x5856d7b1  x2:0xf5e39895 x28=0x54d9a614
       77545000	      7655	800069aa	c0e3ca93	xori	x21,x7,-1010	  x7:0xc0000012 x21=0x3ffffc1c
       77555000	      7656	800069ae	0000100f	fence.i	
       77575000	      7658	800069b2	0aed	c.addi	x21,27	 x21:0x3ffffc1c x21=0x3ffffc37
       77585000	      7659	800069b4	4f31	c.li	x30,12	 x30=0x0000000c
       77595000	      7660	800069b6	0001	c.addi	x0,0	  x0:0x00000000  x0=0x00000000
       77605000	      7661	800069b8	01c29813	slli	x16,x5,0x1c	  x5:0x00000000 x16=0x00000000
       77615000	      7662	800069bc	1592fd93	andi	x27,x5,345	  x5:0x00000000 x27=0x00000000
       77625000	      7663	800069c0	e991	c.bnez	x11,800069d4	 x11:0xff08c000
       77645000	      7665	800069d4	8189	c.srli	x11,0x2	 x11:0xff08c000 x11=0x3fc23000
       77655000	      7666	800069d6	0899f493	andi	x9,x19,137	 x19:0xe5272fff  x9=0x00000089
       77665000	      7667	800069da	0000100f	fence.i	
       77695000	      7670	800069de	038c6163	bltu	x24,x24,80006a00	 x24:0xffffffff x24:0xffffffff
       77705000	      7671	800069e2	004cfcb3	and	x25,x25,x4	 x25:0x00000000  x4:0x5856d7b4 x25=0x00000000
       77715000	      7672	800069e6	01bc5033	srl	x0,x24,x27	 x24:0xffffffff x27:0x00000000  x0=0x00000000
       77725000	      7673	800069ea	02a75163	bge	x14,x10,80006a0c	 x14:0x80025ce4 x10:0x00000004
       77735000	      7674	800069ee	02f76c63	bltu	x14,x15,80006a26	 x14:0x80025ce4 x15:0xffffffff
       77755000	      7676	80006a26	0001	c.addi	x0,0	  x0:0x00000000  x0=0x00000000
       77765000	      7677	80006a28	0001	c.addi	x0,0	  x0:0x00000000  x0=0x00000000
       77785000	      7679	80006a2a	03bf6433	rem	x8,x30,x27	 x30:0x0000000c x27:0x00000000  x8=0x0000000c
       77795000	      7680	80006a2e	0001	c.addi	x0,0	  x0:0x00000000  x0=0x00000000
       77805000	      7681	80006a30	8ddd	c.or	x11,x15	 x11:0x3fc23000 x15:0xffffffff x11=0xffffffff
       77815000	      7682	80006a32	3d867993	andi	x19,x12,984	 x12:0x80021e04 x19=0x00000200
       77825000	      7683	80006a36	17fd	c.addi	x15,-1	 x15:0xffffffff x15=0xfffffffe
       77865000	      7687	80006a38	03d63d33	mulhu	x26,x12,x29	 x12:0x80021e04 x29:0xfffffffa x26=0x80021e00
       77875000	      7688	80006a3c	5d86f937	lui	x18,0x5d86f	 x18=0x5d86f000
       77885000	      7689	80006a40	00ee1813	slli	x16,x28,0xe	 x28:0x54d9a614 x16=0x69850000
       77895000	      7690	80006a44	d0c66b37	lui	x22,0xd0c66	 x22=0xd0c66000
       77925000	      7693	80006a48	022585b3	mul	x11,x11,x2	 x11:0xffffffff  x2:0xf5e39895 x11=0x0a1c676b
       77935000	      7694	80006a4c	81ca	c.mv	x3,x18	  x0:0x00000000 x18:0x5d86f000  x3=0x5d86f000
       77945000	      7695	80006a4e	0001	c.addi	x0,0	  x0:0x00000000  x0=0x00000000
       77955000	      7696	80006a50	0001	c.addi	x0,0	  x0:0x00000000  x0=0x00000000
       77965000	      7697	80006a52	00bfdd63	bge	x31,x11,80006a6c	 x31:0x00000001 x11:0x0a1c676b
       77975000	      7698	80006a56	8aa9	c.andi	x13,10	 x13:0xfffffa9e x13=0x0000000a
       77985000	      7699	80006a58	8d2e0093	addi	x1,x28,-1838	 x28:0x54d9a614  x1=0x54d99ee6
       77995000	      7700	80006a5c	bf1a8193	addi	x3,x21,-1039	 x21:0x3ffffc37  x3=0x3ffff828
       78005000	      7701	80006a60	d61a0e93	addi	x29,x20,-671	 x20:0x1ebc73aa x29=0x1ebc710b
       78015000	      7702	80006a64	4655b793	sltiu	x15,x11,1125	 x11:0x0a1c676b x15=0x00000000
       78025000	      7703	80006a68	014063b3	or	x7,x0,x20	  x0:0x00000000 x20:0x1ebc73aa  x7=0x1ebc73aa
       78035000	      7704	80006a6c	0153b4b3	sltu	x9,x7,x21	  x7:0x1ebc73aa x21:0x3ffffc37  x9=0x00000001
       78045000	      7705	80006a70	0ff0000f	fence	iorw,iorw	
       78055000	      7706	80006a74	981a	c.add	x16,x6	 x16:0x69850000  x6:0x00000512 x16=0x69850512
       78065000	      7707	80006a76	8a81	c.andi	x13,0	 x13:0x0000000a x13=0x00000000
       78075000	      7708	80006a78	00b7abb3	slt	x23,x15,x11	 x15:0x00000000 x11:0x0a1c676b x23=0x00000001
       78085000	      7709	80006a7c	06c6	c.slli	x13,0x11	 x13:0x00000000 x13=0x00000000
       78095000	      7710	80006a7e	ec284093	xori	x1,x16,-318	 x16:0x69850512  x1=0x967afbd0
       78105000	      7711	80006a82	01f88e63	beq	x17,x31,80006a9e	 x17:0x00000000 x31:0x00000001
       78115000	      7712	80006a86	00109c33	sll	x24,x1,x1	  x1:0x967afbd0  x1:0x967afbd0 x24=0xfbd00000
       78155000	      7716	80006a8a	03229fb3	mulh	x31,x5,x18	  x5:0x00000000 x18:0x5d86f000 x31=0x00000000
       78165000	      7717	80006a8e	84f2	c.mv	x9,x28	  x0:0x00000000 x28:0x54d9a614  x9=0x54d9a614
       78175000	      7718	80006a90	fc4dd337	lui	x6,0xfc4dd	  x6=0xfc4dd000
       78185000	      7719	80006a94	03885a63	bge	x16,x24,80006ac8	 x16:0x69850512 x24:0xfbd00000
       78205000	      7721	80006ac8	0000100f	fence.i	
       78225000	      7723	80006acc	03f10a63	beq	x2,x31,80006b00	  x2:0xf5e39895 x31:0x00000000
       78235000	      7724	80006ad0	00f266b3	or	x13,x4,x15	  x4:0x5856d7b4 x15:0x00000000 x13=0x5856d7b4
       78245000	      7725	80006ad4	13a86437	lui	x8,0x13a86	  x8=0x13a86000
       78255000	      7726	80006ad8	6e256793	ori	x15,x10,1762	 x10:0x00000004 x15=0x000006e6
       78265000	      7727	80006adc	86e1	c.srai	x13,0x18	 x13:0x5856d7b4 x13=0x00000058
       78275000	      7728	80006ade	013d5c33	srl	x24,x26,x19	 x26:0x80021e00 x19:0x00000200 x24=0x80021e00
       78645000	      7765	80006ae2	03db77b3	remu	x15,x22,x29	 x22:0xd0c66000 x29:0x1ebc710b x15=0x185bb9be
       79015000	      7802	80006ae6	028a7bb3	remu	x23,x20,x8	 x20:0x1ebc73aa  x8:0x13a86000 x23=0x0b1413aa
       79025000	      7803	80006aea	01895593	srli	x11,x18,0x18	 x18:0x5d86f000 x11=0x0000005d
       79035000	      7804	80006aee	8fed	c.and	x15,x11	 x15:0x185bb9be x11:0x0000005d x15=0x0000001c
       79045000	      7805	80006af0	00d2bab3	sltu	x21,x5,x13	  x5:0x00000000 x13:0x00000058 x21=0x00000001
       79055000	      7806	80006af4	00b69833	sll	x16,x13,x11	 x13:0x00000058 x11:0x0000005d x16=0x00000000
       79065000	      7807	80006af8	04de	c.slli	x9,0x17	  x9:0x54d9a614  x9=0x0a000000
       79075000	      7808	80006afa	0035cbb3	xor	x23,x11,x3	 x11:0x0000005d  x3:0x3ffff828 x23=0x3ffff875
       79085000	      7809	80006afe	8d29	c.xor	x10,x10	 x10:0x00000004 x10:0x00000004 x10=0x00000000
       79125000	      7813	80006b00	02271d33	mulh	x26,x14,x2	 x14:0x80025ce4  x2:0xf5e39895 x26=0x050e1bd1
       79135000	      7814	80006b04	41d85b33	sra	x22,x16,x29	 x16:0x00000000 x29:0x1ebc710b x22=0x00000000
       79145000	      7815	80006b08	06ca2793	slti	x15,x20,108	 x20:0x1ebc73aa x15=0x00000000
       79155000	      7816	80006b0c	018605b3	add	x11,x12,x24	 x12:0x80021e04 x24:0x80021e00 x11=0x00043c04
       79525000	      7853	80006b10	028e7033	remu	x0,x28,x8	 x28:0x54d9a614  x8:0x13a86000  x0=0x00000000
       79535000	      7854	80006b14	00461963	bne	x12,x4,80006b26	 x12:0x80021e04  x4:0x5856d7b4
       79565000	      7857	80006b26	01c07cb3	and	x25,x0,x28	  x0:0x00000000 x28:0x54d9a614 x25=0x00000000
       79575000	      7858	80006b2a	0255fe63	bgeu	x11,x5,80006b66	 x11:0x00043c04  x5:0x00000000
       79605000	      7861	80006b66	02aa0263	beq	x20,x10,80006b8a	 x20:0x1ebc73aa x10:0x00000000
       79615000	      7862	80006b6a	01fedb63	bge	x29,x31,80006b80	 x29:0x1ebc710b x31:0x00000000
       79635000	      7864	80006b80	c819	c.beqz	x8,80006b96	  x8:0x13a86000
       79645000	      7865	80006b82	01c9d8b3	srl	x17,x19,x28	 x19:0x00000200 x28:0x54d9a614 x17=0x00000000
       79655000	      7866	80006b86	011eb433	sltu	x8,x29,x17	 x29:0x1ebc710b x17:0x00000000  x8=0x00000000
       79665000	      7867	80006b8a	8d2ab413	sltiu	x8,x21,-1838	 x21:0x00000001  x8=0x00000001
       79705000	      7871	80006b8e	026a2a33	mulhsu	x20,x20,x6	 x20:0x1ebc73aa  x6:0xfc4dd000 x20=0x1e4ad983
       79715000	      7872	80006b92	8419	c.srai	x8,0x6	  x8:0x00000001  x8=0x00000000
       79725000	      7873	80006b94	54fd	c.li	x9,-1	  x9=0xffffffff
       79735000	      7874	80006b96	01e939b3	sltu	x19,x18,x30	 x18:0x5d86f000 x30:0x0000000c x19=0x00000000
       79745000	      7875	80006b9a	02424463	blt	x4,x4,80006bc2	  x4:0x5856d7b4  x4:0x5856d7b4
       79755000	      7876	80006b9e	015e6f63	bltu	x28,x21,80006bbc	 x28:0x54d9a614 x21:0x00000001
       79765000	      7877	80006ba2	00817fb3	and	x31,x2,x8	  x2:0xf5e39895  x8:0x00000000 x31=0x00000000
       79775000	      7878	80006ba6	00a1df33	srl	x30,x3,x10	  x3:0x3ffff828 x10:0x00000000 x30=0x3ffff828
       79785000	      7879	80006baa	0058fc33	and	x24,x17,x5	 x17:0x00000000  x5:0x00000000 x24=0x00000000
       79795000	      7880	80006bae	8c65	c.and	x8,x9	  x8:0x00000000  x9:0xffffffff  x8=0x00000000
       79805000	      7881	80006bb0	eb2834b7	lui	x9,0xeb283	  x9=0xeb283000
       79825000	      7883	80006bb4	031a6833	rem	x16,x20,x17	 x20:0x1e4ad983 x17:0x00000000 x16=0x1e4ad983
       79835000	      7884	80006bb8	009e2bb3	slt	x23,x28,x9	 x28:0x54d9a614  x9:0xeb283000 x23=0x00000000
       79845000	      7885	80006bbc	0294f663	bgeu	x9,x9,80006be8	  x9:0xeb283000  x9:0xeb283000
       79865000	      7887	80006be8	010a2933	slt	x18,x20,x16	 x20:0x1e4ad983 x16:0x1e4ad983 x18=0x00000000
       79875000	      7888	80006bec	40865cb3	sra	x25,x12,x8	 x12:0x80021e04  x8:0x00000000 x25=0x80021e04
       79885000	      7889	80006bf0	884d	c.andi	x8,19	  x8:0x00000000  x8=0x00000000
       79895000	      7890	80006bf2	7072a437	lui	x8,0x7072a	  x8=0x7072a000
       79905000	      7891	80006bf6	41f1db33	sra	x22,x3,x31	  x3:0x3ffff828 x31:0x00000000 x22=0x3ffff828
       79915000	      7892	80006bfa	8c19	c.sub	x8,x14	  x8:0x7072a000 x14:0x80025ce4  x8=0xf070431c
       79925000	      7893	80006bfc	0001	c.addi	x0,0	  x0:0x00000000  x0=0x00000000
       79935000	      7894	80006bfe	00769233	sll	x4,x13,x7	 x13:0x00000058  x7:0x1ebc73aa  x4=0x00016000
       79945000	      7895	80006c02	3917cbb7	lui	x23,0x3917c	 x23=0x3917c000
       79955000	      7896	80006c06	b2a1a293	slti	x5,x3,-1238	  x3:0x3ffff828  x5=0x00000000
       79995000	      7900	80006c0a	032a31b3	mulhu	x3,x20,x18	 x20:0x1e4ad983 x18:0x00000000  x3=0x00000000
       80005000	      7901	80006c0e	6a49	c.lui	x20,0x12	 x20=0x00012000
       80045000	      7905	80006c10	0323b7b3	mulhu	x15,x7,x18	  x7:0x1ebc73aa x18:0x00000000 x15=0x00000000
       80055000	      7906	80006c14	8831	c.andi	x8,12	  x8:0xf070431c  x8=0x0000000c
       80065000	      7907	80006c16	e405	c.bnez	x8,80006c3e	  x8:0x0000000c
       80095000	      7910	80006c3e	41c985b3	sub	x11,x19,x28	 x19:0x00000000 x28:0x54d9a614 x11=0xab2659ec
       80105000	      7911	80006c42	0001	c.addi	x0,0	  x0:0x00000000  x0=0x00000000
       80115000	      7912	80006c44	00c35463	bge	x6,x12,80006c4c	  x6:0xfc4dd000 x12:0x80021e04
       80145000	      7915	80006c4c	02f240b3	div	x1,x4,x15	  x4:0x00016000 x15:0x00000000  x1=0xffffffff
       80155000	      7916	80006c50	416bd013	srai	x0,x23,0x16	 x23:0x3917c000  x0=0x00000000
       80165000	      7917	80006c54	8dfd	c.and	x11,x15	 x11:0xab2659ec x15:0x00000000 x11=0x00000000
       80175000	      7918	80006c56	8c85	c.sub	x9,x9	  x9:0xeb283000  x9:0xeb283000  x9=0x00000000
       80185000	      7919	80006c58	cb89	c.beqz	x15,80006c6a	 x15:0x00000000
       80245000	      7925	80006c6a	023f95b3	mulh	x11,x31,x3	 x31:0x00000000  x3:0x00000000 x11=0x00000000
       80255000	      7926	80006c6e	8c8d	c.sub	x9,x11	  x9:0x00000000 x11:0x00000000  x9=0x00000000
       80265000	      7927	80006c70	0000100f	fence.i	
       80285000	      7929	80006c74	e495	c.bnez	x9,80006ca0	  x9:0x00000000
       80295000	      7930	80006c76	8d19	c.sub	x10,x14	 x10:0x00000000 x14:0x80025ce4 x10=0x7ffda31c
       80305000	      7931	80006c78	329d8a13	addi	x20,x27,809	 x27:0x00000000 x20=0x00000329
       80315000	      7932	80006c7c	6695	c.lui	x13,0x5	 x13=0x00005000
       80325000	      7933	80006c7e	87b9	c.srai	x15,0xe	 x15:0x00000000 x15=0x00000000
       80695000	      7970	80006c80	034de9b3	rem	x19,x27,x20	 x27:0x00000000 x20:0x00000329 x19=0x00000000
       80705000	      7971	80006c84	8ed1	c.or	x13,x12	 x13:0x00005000 x12:0x80021e04 x13=0x80025e04
       80715000	      7972	80006c86	fab42193	slti	x3,x8,-85	  x8:0x0000000c  x3=0x00000000
       80725000	      7973	80006c8a	0001	c.addi	x0,0	  x0:0x00000000  x0=0x00000000
       80765000	      7977	80006c8c	02511b33	mulh	x22,x2,x5	  x2:0xf5e39895  x5:0x00000000 x22=0x00000000
       80775000	      7978	80006c90	01bcdd33	srl	x26,x25,x27	 x25:0x80021e04 x27:0x00000000 x26=0x80021e04
       80785000	      7979	80006c94	02411863	bne	x2,x4,80006cc4	  x2:0xf5e39895  x4:0x00016000
       80815000	      7982	80006cc4	02f47033	remu	x0,x8,x15	  x8:0x0000000c x15:0x00000000  x0=0x00000000
       80825000	      7983	80006cc8	e809	c.bnez	x8,80006cda	  x8:0x0000000c
       80855000	      7986	80006cda	02e85863	bge	x16,x14,80006d0a	 x16:0x1e4ad983 x14:0x80025ce4
       80885000	      7989	80006d0a	41d80d33	sub	x26,x16,x29	 x16:0x1e4ad983 x29:0x1ebc710b x26=0xff8e6878
       81255000	      8026	80006d0e	03cedab3	divu	x21,x29,x28	 x29:0x1ebc710b x28:0x54d9a614 x21=0x00000000
       81295000	      8030	80006d12	02f53f33	mulhu	x30,x10,x15	 x10:0x7ffda31c x15:0x00000000 x30=0x00000000
       81305000	      8031	80006d16	0175bd33	sltu	x26,x11,x23	 x11:0x00000000 x23:0x3917c000 x26=0x00000001
       81315000	      8032	80006d1a	8d65	c.and	x10,x9	 x10:0x7ffda31c  x9:0x00000000 x10=0x00000000
       81325000	      8033	80006d1c	0139f033	and	x0,x19,x19	 x19:0x00000000 x19:0x00000000  x0=0x00000000
       81335000	      8034	80006d20	2ecaea93	ori	x21,x21,748	 x21:0x00000000 x21=0x000002ec
       81375000	      8038	80006d24	030d9933	mulh	x18,x27,x16	 x27:0x00000000 x16:0x1e4ad983 x18=0x00000000
       81385000	      8039	80006d28	00879b33	sll	x22,x15,x8	 x15:0x00000000  x8:0x0000000c x22=0x00000000
       81395000	      8040	80006d2c	41b4d813	srai	x16,x9,0x1b	  x9:0x00000000 x16=0x00000000
       81405000	      8041	80006d30	8ff1	c.and	x15,x12	 x15:0x00000000 x12:0x80021e04 x15=0x00000000
       81415000	      8042	80006d32	8c81	c.sub	x9,x8	  x9:0x00000000  x8:0x0000000c  x9=0xfffffff4
       81425000	      8043	80006d34	40a68ab3	sub	x21,x13,x10	 x13:0x80025e04 x10:0x00000000 x21=0x80025e04
       81465000	      8047	80006d38	030fa533	mulhsu	x10,x31,x16	 x31:0x00000000 x16:0x00000000 x10=0x00000000
       81475000	      8048	80006d3c	002cfa63	bgeu	x25,x2,80006d50	 x25:0x80021e04  x2:0xf5e39895
       81515000	      8052	80006d40	02e230b3	mulhu	x1,x4,x14	  x4:0x00016000 x14:0x80025ce4  x1=0x0000b003
       81525000	      8053	80006d44	8f9d	c.sub	x15,x15	 x15:0x00000000 x15:0x00000000 x15=0x00000000
       81535000	      8054	80006d46	e50d	c.bnez	x10,80006d70	 x10:0x00000000
       81545000	      8055	80006d48	99fd	c.andi	x11,-1	 x11:0x00000000 x11=0x00000000
       81575000	      8058	80006d4a	03d683b3	mul	x7,x13,x29	 x13:0x80025e04 x29:0x1ebc710b  x7=0x0e89ce2c
       81585000	      8059	80006d4e	8499	c.srai	x9,0x6	  x9:0xfffffff4  x9=0xffffffff
       81595000	      8060	80006d50	0047cd63	blt	x15,x4,80006d6a	 x15:0x00000000  x4:0x00016000
       81625000	      8063	80006d6a	baad7197	auipc	x3,0xbaad7	  x3=0x3aaddd6a
       81635000	      8064	80006d6e	84e5	c.srai	x9,0x19	  x9:0xffffffff  x9=0xffffffff
       81645000	      8065	80006d70	8d71	c.and	x10,x12	 x10:0x00000000 x12:0x80021e04 x10=0x00000000
       81655000	      8066	80006d72	8cd9	c.or	x9,x14	  x9:0xffffffff x14:0x80025ce4  x9=0xffffffff
       81665000	      8067	80006d74	c49d	c.beqz	x9,80006da2	  x9:0xffffffff
       81675000	      8068	80006d76	01130533	add	x10,x6,x17	  x6:0xfc4dd000 x17:0x00000000 x10=0xfc4dd000
       81685000	      8069	80006d7a	e039	c.bnez	x8,80006dc0	  x8:0x0000000c
       81705000	      8071	80006dc0	010afa63	bgeu	x21,x16,80006dd4	 x21:0x80025e04 x16:0x00000000
       81725000	      8073	80006dd4	00f7c263	blt	x15,x15,80006dd8	 x15:0x00000000 x15:0x00000000
       81735000	      8074	80006dd8	6688c093	xori	x1,x17,1640	 x17:0x00000000  x1=0x00000668
       81745000	      8075	80006ddc	001ac0b3	xor	x1,x21,x1	 x21:0x80025e04  x1:0x00000668  x1=0x8002586c
       81755000	      8076	80006de0	0ff0000f	fence	iorw,iorw	
       81765000	      8077	80006de4	003c5993	srli	x19,x24,0x3	 x24:0x00000000 x19=0x00000000
       81775000	      8078	80006de8	9f1e	c.add	x30,x7	 x30:0x00000000  x7:0x0e89ce2c x30=0x0e89ce2c
       81785000	      8079	80006dea	c11d	c.beqz	x10,80006e10	 x10:0xfc4dd000
       81795000	      8080	80006dec	000ac933	xor	x18,x21,x0	 x21:0x80025e04  x0:0x00000000 x18=0x80025e04
       82165000	      8117	80006df0	03c04b33	div	x22,x0,x28	  x0:0x00000000 x28:0x54d9a614 x22=0x00000000
       82175000	      8118	80006df4	01581cb3	sll	x25,x16,x21	 x16:0x00000000 x21:0x80025e04 x25=0x00000000
       82185000	      8119	80006df8	0001	c.addi	x0,0	  x0:0x00000000  x0=0x00000000
       82195000	      8120	80006dfa	01ea7263	bgeu	x20,x30,80006dfe	 x20:0x00000329 x30:0x0e89ce2c
       82205000	      8121	80006dfe	8d55	c.or	x10,x13	 x10:0xfc4dd000 x13:0x80025e04 x10=0xfc4fde04
       82215000	      8122	80006e00	0001	c.addi	x0,0	  x0:0x00000000  x0=0x00000000
       82225000	      8123	80006e02	a19d0313	addi	x6,x26,-1511	 x26:0x00000001  x6=0xfffffa1a
       82235000	      8124	80006e06	027a8063	beq	x21,x7,80006e26	 x21:0x80025e04  x7:0x0e89ce2c
       82245000	      8125	80006e0a	40c9	c.li	x1,18	  x1=0x00000012
       82255000	      8126	80006e0c	cd89	c.beqz	x11,80006e26	 x11:0x00000000
       82275000	      8128	80006e26	6ac5	c.lui	x21,0x11	 x21=0x00011000
       82285000	      8129	80006e28	cf81	c.beqz	x15,80006e40	 x15:0x00000000
       82335000	      8134	80006e40	02581e33	mulh	x28,x16,x5	 x16:0x00000000  x5:0x00000000 x28=0x00000000
       82365000	      8137	80006e44	027005b3	mul	x11,x0,x7	  x0:0x00000000  x7:0x0e89ce2c x11=0x00000000
       82375000	      8138	80006e48	40e601b3	sub	x3,x12,x14	 x12:0x80021e04 x14:0x80025ce4  x3=0xffffc120
       82385000	      8139	80006e4c	37903a13	sltiu	x20,x0,889	  x0:0x00000000 x20=0x00000001
       82395000	      8140	80006e50	417183b3	sub	x7,x3,x23	  x3:0xffffc120 x23:0x3917c000  x7=0xc6e80120
       82405000	      8141	80006e54	137d	c.addi	x6,-1	  x6:0xfffffa1a  x6=0xfffffa19
       82415000	      8142	80006e56	002766b3	or	x13,x14,x2	 x14:0x80025ce4  x2:0xf5e39895 x13=0xf5e3dcf5
       82425000	      8143	80006e5a	02731963	bne	x6,x7,80006e8c	  x6:0xfffffa19  x7:0xc6e80120
       82445000	      8145	80006e8c	0975	c.addi	x18,29	 x18:0x80025e04 x18=0x80025e21
       82455000	      8146	80006e8e	8d4d	c.or	x10,x11	 x10:0xfc4fde04 x11:0x00000000 x10=0xfc4fde04
       82465000	      8147	80006e90	8c85	c.sub	x9,x9	  x9:0xffffffff  x9:0xffffffff  x9=0x00000000
       82475000	      8148	80006e92	ce89	c.beqz	x13,80006eac	 x13:0xf5e3dcf5
       82485000	      8149	80006e94	0160bbb3	sltu	x23,x1,x22	  x1:0x00000012 x22:0x00000000 x23=0x00000000
       82495000	      8150	80006e98	8791	c.srai	x15,0x4	 x15:0x00000000 x15=0x00000000
       82535000	      8154	80006e9a	03639ab3	mulh	x21,x7,x22	  x7:0xc6e80120 x22:0x00000000 x21=0x00000000
       82545000	      8155	80006e9e	c18d	c.beqz	x11,80006ec0	 x11:0x00000000
       82565000	      8157	80006ec0	0d0d	c.addi	x26,3	 x26:0x00000001 x26=0x00000004
       82935000	      8194	80006ec2	02a6d8b3	divu	x17,x13,x10	 x13:0xf5e3dcf5 x10:0xfc4fde04 x17=0x00000000
       82945000	      8195	80006ec6	03887c63	bgeu	x16,x24,80006efe	 x16:0x00000000 x24:0x00000000
       82975000	      8198	80006efe	022a9363	bne	x21,x2,80006f24	 x21:0x00000000  x2:0xf5e39895
       82995000	      8200	80006f24	019cab13	slti	x22,x25,25	 x25:0x00000000 x22=0x00000001
       83035000	      8204	80006f28	033a17b3	mulh	x15,x20,x19	 x20:0x00000001 x19:0x00000000 x15=0x00000000
       83045000	      8205	80006f2c	008b0233	add	x4,x22,x8	 x22:0x00000001  x8:0x0000000c  x4=0x0000000d
       83055000	      8206	80006f30	32154c93	xori	x25,x10,801	 x10:0xfc4fde04 x25=0xfc4fdd25
       83065000	      8207	80006f34	01c89f93	slli	x31,x17,0x1c	 x17:0x00000000 x31=0x00000000
       83435000	      8244	80006f38	03a5d933	divu	x18,x11,x26	 x11:0x00000000 x26:0x00000004 x18=0x00000000
       83445000	      8245	80006f3c	40c682b3	sub	x5,x13,x12	 x13:0xf5e3dcf5 x12:0x80021e04  x5=0x75e1bef1
       83455000	      8246	80006f40	0001	c.addi	x0,0	  x0:0x00000000  x0=0x00000000
       83465000	      8247	80006f42	887a	c.mv	x16,x30	  x0:0x00000000 x30:0x0e89ce2c x16=0x0e89ce2c
       83475000	      8248	80006f44	0070e5b3	or	x11,x1,x7	  x1:0x00000012  x7:0xc6e80120 x11=0xc6e80132
       83485000	      8249	80006f48	1ebe0a93	addi	x21,x28,491	 x28:0x00000000 x21=0x000001eb
       83515000	      8252	80006f4c	024c04b3	mul	x9,x24,x4	 x24:0x00000000  x4:0x0000000d  x9=0x00000000
       83525000	      8253	80006f50	80712193	slti	x3,x2,-2041	  x2:0xf5e39895  x3=0x00000001
       83535000	      8254	80006f54	0001	c.addi	x0,0	  x0:0x00000000  x0=0x00000000
       83545000	      8255	80006f56	0d71	c.addi	x26,28	 x26:0x00000004 x26=0x00000020
       83555000	      8256	80006f58	40ab0f33	sub	x30,x22,x10	 x22:0x00000001 x10:0xfc4fde04 x30=0x03b021fd
       83595000	      8260	80006f5c	02913233	mulhu	x4,x2,x9	  x2:0xf5e39895  x9:0x00000000  x4=0x00000000
       83605000	      8261	80006f60	ffde2293	slti	x5,x28,-3	 x28:0x00000000  x5=0x00000000
       83645000	      8265	80006f64	025da6b3	mulhsu	x13,x27,x5	 x27:0x00000000  x5:0x00000000 x13=0x00000000
       83655000	      8266	80006f68	0001	c.addi	x0,0	  x0:0x00000000  x0=0x00000000
       83665000	      8267	80006f6a	0000100f	fence.i	
       83685000	      8269	80006f6e	6691	c.lui	x13,0x4	 x13=0x00004000
       83695000	      8270	80006f70	e0bc8093	addi	x1,x25,-501	 x25:0xfc4fdd25  x1=0xfc4fdb30
       83705000	      8271	80006f74	029a	c.slli	x5,0x6	  x5:0x00000000  x5=0x00000000
       83745000	      8275	80006f76	02902b33	mulhsu	x22,x0,x9	  x0:0x00000000  x9:0x00000000 x22=0x00000000
       83755000	      8276	80006f7a	137d	c.addi	x6,-1	  x6:0xfffffa19  x6=0xfffffa18
       83765000	      8277	80006f7c	ea85	c.bnez	x13,80006fac	 x13:0x00004000
       83785000	      8279	80006fac	00cddcb3	srl	x25,x27,x12	 x27:0x00000000 x12:0x80021e04 x25=0x00000000
       83795000	      8280	80006fb0	0022fc63	bgeu	x5,x2,80006fc8	  x5:0x00000000  x2:0xf5e39895
       83805000	      8281	80006fb4	01de7c63	bgeu	x28,x29,80006fcc	 x28:0x00000000 x29:0x1ebc710b
       83815000	      8282	80006fb8	01bc60b3	or	x1,x24,x27	 x24:0x00000000 x27:0x00000000  x1=0x00000000
       83835000	      8284	80006fbc	020d6233	rem	x4,x26,x0	 x26:0x00000020  x0:0x00000000  x4=0x00000020
       83845000	      8285	80006fc0	8db1	c.xor	x11,x12	 x11:0xc6e80132 x12:0x80021e04 x11=0x46ea1f36
       83855000	      8286	80006fc2	0000100f	fence.i	
       83875000	      8288	80006fc6	9186	c.add	x3,x1	  x3:0x00000001  x1:0x00000000  x3=0x00000001
       83915000	      8292	80006fc8	03632533	mulhsu	x10,x6,x22	  x6:0xfffffa18 x22:0x00000000 x10=0x00000000
       83925000	      8293	80006fcc	8cc9	c.or	x9,x10	  x9:0x00000000 x10:0x00000000  x9=0x00000000
       83945000	      8295	80006fce	025aed33	rem	x26,x21,x5	 x21:0x000001eb  x5:0x00000000 x26=0x000001eb
       83965000	      8297	80006fd2	038cce33	div	x28,x25,x24	 x25:0x00000000 x24:0x00000000 x28=0xffffffff
       83975000	      8298	80006fd6	557d	c.li	x10,-1	 x10=0xffffffff
       83985000	      8299	80006fd8	aaf9b993	sltiu	x19,x19,-1361	 x19:0x00000000 x19=0x00000001
       84025000	      8303	80006fdc	034f3333	mulhu	x6,x30,x20	 x30:0x03b021fd x20:0x00000001  x6=0x00000000
       84035000	      8304	80006fe0	08b1	c.addi	x17,12	 x17:0x00000000 x17=0x0000000c
       84045000	      8305	80006fe2	cc81	c.beqz	x9,80006ffa	  x9:0x00000000
       84105000	      8311	80006ffa	021c98b3	mulh	x17,x25,x1	 x25:0x00000000  x1:0x00000000 x17=0x00000000
       84115000	      8312	80006ffe	85b58b17	auipc	x22,0x85b58	 x22=0x05b5effe
       84485000	      8349	80007002	0235e033	rem	x0,x11,x3	 x11:0x46ea1f36  x3:0x00000001  x0=0x00000000
       84495000	      8350	80007006	0017acb3	slt	x25,x15,x1	 x15:0x00000000  x1:0x00000000 x25=0x00000000
       84505000	      8351	8000700a	002d0c63	beq	x26,x2,80007022	 x26:0x000001eb  x2:0xf5e39895
       84515000	      8352	8000700e	0115b4b3	sltu	x9,x11,x17	 x11:0x46ea1f36 x17:0x00000000  x9=0x00000000
       84525000	      8353	80007012	01dc3f33	sltu	x30,x24,x29	 x24:0x00000000 x29:0x1ebc710b x30=0x00000001
       84535000	      8354	80007016	00bb1a13	slli	x20,x22,0xb	 x22:0x05b5effe x20=0xaf7ff000
       84545000	      8355	8000701a	01c35e63	bge	x6,x28,80007036	  x6:0x00000000 x28:0xffffffff
       84575000	      8358	80007036	01646263	bltu	x8,x22,8000703a	  x8:0x0000000c x22:0x05b5effe
       84605000	      8361	8000703a	92175497	auipc	x9,0x92175	  x9=0x1217c03a
       84615000	      8362	8000703e	4e75	c.li	x28,29	 x28=0x0000001d
       84625000	      8363	80007040	01f09833	sll	x16,x1,x31	  x1:0x00000000 x31:0x00000000 x16=0x00000000
       84635000	      8364	80007044	8c65	c.and	x8,x9	  x8:0x0000000c  x9:0x1217c03a  x8=0x00000008
       84645000	      8365	80007046	8da1	c.xor	x11,x8	 x11:0x46ea1f36  x8:0x00000008 x11=0x46ea1f3e
       84655000	      8366	80007048	00cbfc63	bgeu	x23,x12,80007060	 x23:0x00000000 x12:0x80021e04
       84665000	      8367	8000704c	40b9d4b3	sra	x9,x19,x11	 x19:0x00000001 x11:0x46ea1f3e  x9=0x00000000
       84675000	      8368	80007050	8dc9	c.or	x11,x10	 x11:0x46ea1f3e x10:0xffffffff x11=0xffffffff
       84685000	      8369	80007052	587d	c.li	x16,-1	 x16=0xffffffff
       84695000	      8370	80007054	012ce333	or	x6,x25,x18	 x25:0x00000000 x18:0x00000000  x6=0x00000000
       84705000	      8371	80007058	01389f93	slli	x31,x17,0x13	 x17:0x00000000 x31=0x00000000
       84715000	      8372	8000705c	0000100f	fence.i	
       84735000	      8374	80007060	01d89d63	bne	x17,x29,8000707a	 x17:0x00000000 x29:0x1ebc710b
       84755000	      8376	8000707a	849d	c.srai	x9,0x7	  x9:0x00000000  x9=0x00000000
       84765000	      8377	8000707c	004f01b3	add	x3,x30,x4	 x30:0x00000001  x4:0x00000020  x3=0x00000021
       84775000	      8378	80007080	5ffd	c.li	x31,-1	 x31=0xffffffff
       84785000	      8379	80007082	66f5	c.lui	x13,0x1d	 x13=0x0001d000
       84795000	      8380	80007084	0ff0000f	fence	iorw,iorw	
       84805000	      8381	80007088	0332d363	bge	x5,x19,800070ae	  x5:0x00000000 x19:0x00000001
       84815000	      8382	8000708c	05412f93	slti	x31,x2,84	  x2:0xf5e39895 x31=0x00000001
       84855000	      8386	80007090	038f18b3	mulh	x17,x30,x24	 x30:0x00000001 x24:0x00000000 x17=0x00000000
       84865000	      8387	80007094	03c55a63	bge	x10,x28,800070c8	 x10:0xffffffff x28:0x0000001d
       84875000	      8388	80007098	0041aab3	slt	x21,x3,x4	  x3:0x00000021  x4:0x00000020 x21=0x00000000
       84885000	      8389	8000709c	4a812b13	slti	x22,x2,1192	  x2:0xf5e39895 x22=0x00000001
       84925000	      8393	800070a0	027994b3	mulh	x9,x19,x7	 x19:0x00000001  x7:0xc6e80120  x9=0xffffffff
       84935000	      8394	800070a4	00d57d33	and	x26,x10,x13	 x10:0xffffffff x13:0x0001d000 x26=0x0001d000
       84945000	      8395	800070a8	8ff1	c.and	x15,x12	 x15:0x00000000 x12:0x80021e04 x15=0x00000000
       84955000	      8396	800070aa	0ff0000f	fence	iorw,iorw	
       84965000	      8397	800070ae	cbbff413	andi	x8,x31,-837	 x31:0x00000001  x8=0x00000001
       84975000	      8398	800070b2	3461ec13	ori	x24,x3,838	  x3:0x00000021 x24=0x00000367
       84985000	      8399	800070b6	8d19	c.sub	x10,x14	 x10:0xffffffff x14:0x80025ce4 x10=0x7ffda31b
       84995000	      8400	800070b8	82fa	c.mv	x5,x30	  x0:0x00000000 x30:0x00000001  x5=0x00000001
       85005000	      8401	800070ba	424f3513	sltiu	x10,x30,1060	 x30:0x00000001 x10=0x00000001
       85375000	      8438	800070be	0235fe33	remu	x28,x11,x3	 x11:0xffffffff  x3:0x00000021 x28=0x00000003
       85385000	      8439	800070c2	e915	c.bnez	x10,800070f6	 x10:0x00000001
       85415000	      8442	800070f6	02b68363	beq	x13,x11,8000711c	 x13:0x0001d000 x11:0xffffffff
       85455000	      8446	800070fa	02159bb3	mulh	x23,x11,x1	 x11:0xffffffff  x1:0x00000000 x23=0x00000000
       85465000	      8447	800070fe	64fd	c.lui	x9,0x1f	  x9=0x0001f000
       85475000	      8448	80007100	8c91	c.sub	x9,x12	  x9:0x0001f000 x12:0x80021e04  x9=0x7fffd1fc
       85485000	      8449	80007102	03d1cb63	blt	x3,x29,80007138	  x3:0x00000021 x29:0x1ebc710b
       85505000	      8451	80007138	557d	c.li	x10,-1	 x10=0xffffffff
       85515000	      8452	8000713a	1adabfb7	lui	x31,0x1adab	 x31=0x1adab000
       85525000	      8453	8000713e	99fd	c.andi	x11,-1	 x11:0xffffffff x11=0xffffffff
       85535000	      8454	80007140	09fe	c.slli	x19,0x1f	 x19:0x00000001 x19=0x80000000
       85545000	      8455	80007142	0111b333	sltu	x6,x3,x17	  x3:0x00000021 x17:0x00000000  x6=0x00000000
       85555000	      8456	80007146	8571	c.srai	x10,0x1c	 x10:0xffffffff x10=0xffffffff
       85565000	      8457	80007148	c485	c.beqz	x9,80007170	  x9:0x7fffd1fc
       85575000	      8458	8000714a	6b7d	c.lui	x22,0x1f	 x22=0x0001f000
       85585000	      8459	8000714c	01ea9c63	bne	x21,x30,80007164	 x21:0x00000000 x30:0x00000001
       85605000	      8461	80007164	41288bb3	sub	x23,x17,x18	 x17:0x00000000 x18:0x00000000 x23=0x00000000
       85615000	      8462	80007168	013d9513	slli	x10,x27,0x13	 x27:0x00000000 x10=0x00000000
       85625000	      8463	8000716c	0ff0000f	fence	iorw,iorw	
       85635000	      8464	80007170	060a0a13	addi	x20,x20,96	 x20:0xaf7ff000 x20=0xaf7ff060
       85645000	      8465	80007174	5ba58493	addi	x9,x11,1466	 x11:0xffffffff  x9=0x000005b9
       85685000	      8469	80007178	025e9fb3	mulh	x31,x29,x5	 x29:0x1ebc710b  x5:0x00000001 x31=0x00000000
       85695000	      8470	8000717c	01061893	slli	x17,x12,0x10	 x12:0x80021e04 x17=0x1e040000
       85705000	      8471	80007180	00229f63	bne	x5,x2,8000719e	  x5:0x00000001  x2:0xf5e39895
       85735000	      8474	8000719e	4190d3b3	sra	x7,x1,x25	  x1:0x00000000 x25:0x00000000  x7=0x00000000
       85745000	      8475	800071a2	8961	c.andi	x10,24	 x10:0x00000000 x10=0x00000000
       85755000	      8476	800071a4	19fd	c.addi	x19,-1	 x19:0x80000000 x19=0x7fffffff
       85765000	      8477	800071a6	01f86ab3	or	x21,x16,x31	 x16:0xffffffff x31:0x00000000 x21=0xffffffff
       85775000	      8478	800071aa	01e75533	srl	x10,x14,x30	 x14:0x80025ce4 x30:0x00000001 x10=0x40012e72
       85785000	      8479	800071ae	019dc233	xor	x4,x27,x25	 x27:0x00000000 x25:0x00000000  x4=0x00000000
       86155000	      8516	800071b2	0256eb33	rem	x22,x13,x5	 x13:0x0001d000  x5:0x00000001 x22=0x00000000
       86165000	      8517	800071b6	00e25593	srli	x11,x4,0xe	  x4:0x00000000 x11=0x00000000
       86175000	      8518	800071ba	40ab0fb3	sub	x31,x22,x10	 x22:0x00000000 x10:0x40012e72 x31=0xbffed18e
       86185000	      8519	800071be	064e8bb7	lui	x23,0x64e8	 x23=0x064e8000
       86195000	      8520	800071c2	cd09	c.beqz	x10,800071dc	 x10:0x40012e72
       86205000	      8521	800071c4	8c29	c.xor	x8,x10	  x8:0x00000001 x10:0x40012e72  x8=0x40012e73
       86215000	      8522	800071c6	0ff0000f	fence	iorw,iorw	
       86225000	      8523	800071ca	8a8d	c.andi	x13,3	 x13:0x0001d000 x13=0x00000000
       86235000	      8524	800071cc	ddfa3c13	sltiu	x24,x20,-545	 x20:0xaf7ff060 x24=0x00000001
       86245000	      8525	800071d0	01e05e33	srl	x28,x0,x30	  x0:0x00000000 x30:0x00000001 x28=0x00000000
       86255000	      8526	800071d4	68252d93	slti	x27,x10,1666	 x10:0x40012e72 x27=0x00000000
       86265000	      8527	800071d8	0ff0000f	fence	iorw,iorw	
       86275000	      8528	800071dc	973f4d13	xori	x26,x30,-1677	 x30:0x00000001 x26=0xfffff972
       86285000	      8529	800071e0	8dfd	c.and	x11,x15	 x11:0x00000000 x15:0x00000000 x11=0x00000000
       86295000	      8530	800071e2	8839	c.andi	x8,14	  x8:0x40012e73  x8=0x00000002
       86305000	      8531	800071e4	01efbdb3	sltu	x27,x31,x30	 x31:0xbffed18e x30:0x00000001 x27=0x00000000
       86315000	      8532	800071e8	137d	c.addi	x6,-1	  x6:0x00000000  x6=0xffffffff
       86325000	      8533	800071ea	0015e5b3	or	x11,x11,x1	 x11:0x00000000  x1:0x00000000 x11=0x00000000
       86335000	      8534	800071ee	01933933	sltu	x18,x6,x25	  x6:0xffffffff x25:0x00000000 x18=0x00000000
       86345000	      8535	800071f2	40c25ab3	sra	x21,x4,x12	  x4:0x00000000 x12:0x80021e04 x21=0x00000000
       86355000	      8536	800071f6	63c1	c.lui	x7,0x10	  x7=0x00010000
       86725000	      8573	800071f8	03d06833	rem	x16,x0,x29	  x0:0x00000000 x29:0x1ebc710b x16=0x00000000
       86735000	      8574	800071fc	013a7e33	and	x28,x20,x19	 x20:0xaf7ff060 x19:0x7fffffff x28=0x2f7ff060
       86745000	      8575	80007200	85a1	c.srai	x11,0x8	 x11:0x00000000 x11=0x00000000
       86755000	      8576	80007202	81e9	c.srli	x11,0x1a	 x11:0x00000000 x11=0x00000000
       86765000	      8577	80007204	8fd5	c.or	x15,x13	 x15:0x00000000 x13:0x00000000 x15=0x00000000
       86775000	      8578	80007206	01579e13	slli	x28,x15,0x15	 x15:0x00000000 x28=0x00000000
       86785000	      8579	8000720a	933fff13	andi	x30,x31,-1741	 x31:0xbffed18e x30=0xbffed102
       86795000	      8580	8000720e	04e1c163	blt	x3,x14,80007250	  x3:0x00000021 x14:0x80025ce4
       86825000	      8583	80007212	024606b3	mul	x13,x12,x4	 x12:0x80021e04  x4:0x00000000 x13=0x00000000
       86835000	      8584	80007216	03021963	bne	x4,x16,80007248	  x4:0x00000000 x16:0x00000000
       86845000	      8585	8000721a	03944063	blt	x8,x25,8000723a	  x8:0x00000002 x25:0x00000000
       86855000	      8586	8000721e	010d5e63	bge	x26,x16,8000723a	 x26:0xfffff972 x16:0x00000000
       86865000	      8587	80007222	8d81	c.sub	x11,x8	 x11:0x00000000  x8:0x00000002 x11=0xfffffffe
       86875000	      8588	80007224	ba637d13	andi	x26,x6,-1114	  x6:0xffffffff x26=0xfffffba6
       86885000	      8589	80007228	40f90db3	sub	x27,x18,x15	 x18:0x00000000 x15:0x00000000 x27=0x00000000
       86895000	      8590	8000722c	8c19	c.sub	x8,x14	  x8:0x00000002 x14:0x80025ce4  x8=0x7ffda31e
       86905000	      8591	8000722e	4121da93	srai	x21,x3,0x12	  x3:0x00000021 x21=0x00000000
       86915000	      8592	80007232	77d7ae13	slti	x28,x15,1917	 x15:0x00000000 x28=0x00000001
       86945000	      8595	80007236	025e8b33	mul	x22,x29,x5	 x29:0x1ebc710b  x5:0x00000001 x22=0x1ebc710b
       86955000	      8596	8000723a	896d	c.andi	x10,27	 x10:0x40012e72 x10=0x00000012
       86965000	      8597	8000723c	8c29	c.xor	x8,x10	  x8:0x7ffda31e x10:0x00000012  x8=0x7ffda30c
       86975000	      8598	8000723e	82f5	c.srli	x13,0x1d	 x13:0x00000000 x13=0x00000000
       86985000	      8599	80007240	4ff1	c.li	x31,28	 x31=0x0000001c
       87025000	      8603	80007242	021923b3	mulhsu	x7,x18,x1	 x18:0x00000000  x1:0x00000000  x7=0x00000000
       87035000	      8604	80007246	127d	c.addi	x4,-1	  x4:0x00000000  x4=0xffffffff
       87075000	      8608	80007248	0276beb3	mulhu	x29,x13,x7	 x13:0x00000000  x7:0x00000000 x29=0x00000000
       87095000	      8610	8000724c	02f7ef33	rem	x30,x15,x15	 x15:0x00000000 x15:0x00000000 x30=0x00000000
       87105000	      8611	80007250	d5ac2ab7	lui	x21,0xd5ac2	 x21=0xd5ac2000
       87115000	      8612	80007254	4a440913	addi	x18,x8,1188	  x8:0x7ffda30c x18=0x7ffda7b0
       87125000	      8613	80007258	8c1d	c.sub	x8,x15	  x8:0x7ffda30c x15:0x00000000  x8=0x7ffda30c
       87135000	      8614	8000725a	8c15	c.sub	x8,x13	  x8:0x7ffda30c x13:0x00000000  x8=0x7ffda30c
       87145000	      8615	8000725c	8541	c.srai	x10,0x10	 x10:0x00000012 x10=0x00000000
       87155000	      8616	8000725e	0137b333	sltu	x6,x15,x19	 x15:0x00000000 x19:0x7fffffff  x6=0x00000001
       87165000	      8617	80007262	021e5263	bge	x28,x1,80007286	 x28:0x00000001  x1:0x00000000
       87195000	      8620	80007286	01e66933	or	x18,x12,x30	 x12:0x80021e04 x30:0x00000000 x18=0x80021e04
       87205000	      8621	8000728a	8d15	c.sub	x10,x13	 x10:0x00000000 x13:0x00000000 x10=0x00000000
       87215000	      8622	8000728c	0001	c.addi	x0,0	  x0:0x00000000  x0=0x00000000
       87225000	      8623	8000728e	44a5	c.li	x9,9	  x9=0x00000009
       87235000	      8624	80007290	006776b3	and	x13,x14,x6	 x14:0x80025ce4  x6:0x00000001 x13=0x00000000
       87245000	      8625	80007294	882d	c.andi	x8,11	  x8:0x7ffda30c  x8=0x00000008
       87255000	      8626	80007296	0a86	c.slli	x21,0x1	 x21:0xd5ac2000 x21=0xab584000
       87265000	      8627	80007298	70eb6d93	ori	x27,x22,1806	 x22:0x1ebc710b x27=0x1ebc770f
       87275000	      8628	8000729c	ff546813	ori	x16,x8,-11	  x8:0x00000008 x16=0xfffffffd
       87285000	      8629	800072a0	1d7d	c.addi	x26,-1	 x26:0xfffffba6 x26=0xfffffba5
       87295000	      8630	800072a2	0001	c.addi	x0,0	  x0:0x00000000  x0=0x00000000
       87315000	      8632	800072a4	039c7d33	remu	x26,x24,x25	 x24:0x00000001 x25:0x00000000 x26=0x00000001
       87355000	      8636	800072a8	0347b9b3	mulhu	x19,x15,x20	 x15:0x00000000 x20:0xaf7ff060 x19=0x00000000
       87365000	      8637	800072ac	01c75cb3	srl	x25,x14,x28	 x14:0x80025ce4 x28:0x00000001 x25=0x40012e72
       87375000	      8638	800072b0	87d9	c.srai	x15,0x16	 x15:0x00000000 x15=0x00000000
       87385000	      8639	800072b2	0127dcb3	srl	x25,x15,x18	 x15:0x00000000 x18:0x80021e04 x25=0x00000000
       87395000	      8640	800072b6	01d29a13	slli	x20,x5,0x1d	  x5:0x00000001 x20=0x20000000
       87405000	      8641	800072ba	00da7033	and	x0,x20,x13	 x20:0x20000000 x13:0x00000000  x0=0x00000000
       87415000	      8642	800072be	ee99	c.bnez	x13,800072dc	 x13:0x00000000
       87425000	      8643	800072c0	03651a63	bne	x10,x22,800072f4	 x10:0x00000000 x22:0x1ebc710b
       87445000	      8645	800072f4	404e5693	srai	x13,x28,0x4	 x28:0x00000001 x13=0x00000000
       87455000	      8646	800072f8	010fc963	blt	x31,x16,8000730a	 x31:0x0000001c x16:0xfffffffd
       87465000	      8647	800072fc	63b9	c.lui	x7,0xe	  x7=0x0000e000
       87475000	      8648	800072fe	016e1493	slli	x9,x28,0x16	 x28:0x00000001  x9=0x00400000
       87485000	      8649	80007302	940e	c.add	x8,x3	  x8:0x00000008  x3:0x00000021  x8=0x00000029
       87495000	      8650	80007304	5afd	c.li	x21,-1	 x21=0xffffffff
       87535000	      8654	80007306	021f2bb3	mulhsu	x23,x30,x1	 x30:0x00000000  x1:0x00000000 x23=0x00000000
       87575000	      8658	8000730a	038c18b3	mulh	x17,x24,x24	 x24:0x00000001 x24:0x00000001 x17=0x00000000
       87585000	      8659	8000730e	01c80963	beq	x16,x28,80007320	 x16:0xfffffffd x28:0x00000001
       87625000	      8663	80007312	03503fb3	mulhu	x31,x0,x21	  x0:0x00000000 x21:0xffffffff x31=0x00000000
       87635000	      8664	80007316	015d9493	slli	x9,x27,0x15	 x27:0x1ebc770f  x9=0xe1e00000
       87645000	      8665	8000731a	0185a933	slt	x18,x11,x24	 x11:0xfffffffe x24:0x00000001 x18=0x00000001
       87655000	      8666	8000731e	9bfd	c.andi	x15,-1	 x15:0x00000000 x15=0x00000000
       87665000	      8667	80007320	0509e763	bltu	x19,x16,8000736e	 x19:0x00000000 x16:0xfffffffd
       87685000	      8669	8000736e	c505	c.beqz	x10,80007396	 x10:0x00000000
       88075000	      8708	80007396	02b764b3	rem	x9,x14,x11	 x14:0x80025ce4 x11:0xfffffffe  x9=0x00000000
       88085000	      8709	8000739a	b7fba217	auipc	x4,0xb7fba	  x4=0x37fc139a
       88095000	      8710	8000739e	0555	c.addi	x10,21	 x10:0x00000000 x10=0x00000015
       88105000	      8711	800073a0	010ce533	or	x10,x25,x16	 x25:0x00000000 x16:0xfffffffd x10=0xfffffffd
       88115000	      8712	800073a4	408ed093	srai	x1,x29,0x8	 x29:0x00000000  x1=0x00000000
       88125000	      8713	800073a8	8d1d	c.sub	x10,x15	 x10:0xfffffffd x15:0x00000000 x10=0xfffffffd
       88135000	      8714	800073aa	0253e763	bltu	x7,x5,800073d8	  x7:0x0000e000  x5:0x00000001
       88145000	      8715	800073ae	00640b63	beq	x8,x6,800073c4	  x8:0x00000029  x6:0x00000001
       88155000	      8716	800073b2	8e89	c.sub	x13,x10	 x13:0x00000000 x10:0xfffffffd x13=0x00000003
       88165000	      8717	800073b4	01884a63	blt	x16,x24,800073c8	 x16:0xfffffffd x24:0x00000001
       88185000	      8719	800073c8	949e	c.add	x9,x7	  x9:0x00000000  x7:0x0000e000  x9=0x0000e000
       88195000	      8720	800073ca	00a0fa33	and	x20,x1,x10	  x1:0x00000000 x10:0xfffffffd x20=0x00000000
       88205000	      8721	800073ce	02d1ec63	bltu	x3,x13,80007406	  x3:0x00000021 x13:0x00000003
       88215000	      8722	800073d2	0ff0000f	fence	iorw,iorw	
       88225000	      8723	800073d6	44f5	c.li	x9,29	  x9=0x0000001d
       88235000	      8724	800073d8	30df0493	addi	x9,x30,781	 x30:0x00000000  x9=0x0000030d
       88245000	      8725	800073dc	0069cab3	xor	x21,x19,x6	 x19:0x00000000  x6:0x00000001 x21=0x00000001
       88255000	      8726	800073e0	01e55193	srli	x3,x10,0x1e	 x10:0xfffffffd  x3=0x00000003
       88265000	      8727	800073e4	6e781f17	auipc	x30,0x6e781	 x30=0xee7883e4
       88275000	      8728	800073e8	01929f33	sll	x30,x5,x25	  x5:0x00000001 x25:0x00000000 x30=0x00000001
       88315000	      8732	800073ec	03299db3	mulh	x27,x19,x18	 x19:0x00000000 x18:0x00000001 x27=0x00000000
       88685000	      8769	800073f0	0309d933	divu	x18,x19,x16	 x19:0x00000000 x16:0xfffffffd x18=0x00000000
       88705000	      8771	800073f4	0392ff33	remu	x30,x5,x25	  x5:0x00000001 x25:0x00000000 x30=0x00000001
       88715000	      8772	800073f8	8071	c.srli	x8,0x1c	  x8:0x00000029  x8=0x00000000
       88725000	      8773	800073fa	0132ae33	slt	x28,x5,x19	  x5:0x00000001 x19:0x00000000 x28=0x00000000
       88735000	      8774	800073fe	0000100f	fence.i	
       88765000	      8777	80007402	018a1e93	slli	x29,x20,0x18	 x20:0x00000000 x29=0x00000000
       88775000	      8778	80007406	9fb48237	lui	x4,0x9fb48	  x4=0x9fb48000
       88785000	      8779	8000740a	6efd	c.lui	x29,0x1f	 x29=0x0001f000
       88825000	      8783	8000740c	02b23ab3	mulhu	x21,x4,x11	  x4:0x9fb48000 x11:0xfffffffe x21=0x9fb47ffe
       88835000	      8784	80007410	1e72aa13	slti	x20,x5,487	  x5:0x00000001 x20=0x00000001
       88845000	      8785	80007414	003d67b3	or	x15,x26,x3	 x26:0x00000001  x3:0x00000003 x15=0x00000003
       88855000	      8786	80007418	c9dbf193	andi	x3,x23,-867	 x23:0x00000000  x3=0x00000000
       88865000	      8787	8000741c	007f01b3	add	x3,x30,x7	 x30:0x00000001  x7:0x0000e000  x3=0x0000e001
       88875000	      8788	80007420	8fe1	c.and	x15,x8	 x15:0x00000003  x8:0x00000000 x15=0x00000000
       88885000	      8789	80007422	134c3e93	sltiu	x29,x24,308	 x24:0x00000001 x29=0x00000001
       88895000	      8790	80007426	0b7c7a13	andi	x20,x24,183	 x24:0x00000001 x20=0x00000001
       88905000	      8791	8000742a	018c8bb3	add	x23,x25,x24	 x25:0x00000000 x24:0x00000001 x23=0x00000001
       88915000	      8792	8000742e	01154433	xor	x8,x10,x17	 x10:0xfffffffd x17:0x00000000  x8=0xfffffffd
       89285000	      8829	80007432	0384c5b3	div	x11,x9,x24	  x9:0x0000030d x24:0x00000001 x11=0x0000030d
       89295000	      8830	80007436	00ededb3	or	x27,x27,x14	 x27:0x00000000 x14:0x80025ce4 x27=0x80025ce4
       89305000	      8831	8000743a	023e9a63	bne	x29,x3,8000746e	 x29:0x00000001  x3:0x0000e001
       89335000	      8834	8000746e	8303cf93	xori	x31,x7,-2000	  x7:0x0000e000 x31=0xffff1830
       89345000	      8835	80007472	036e8463	beq	x29,x22,8000749a	 x29:0x00000001 x22:0x1ebc710b
       89355000	      8836	80007476	05eee993	ori	x19,x29,94	 x29:0x00000001 x19=0x0000005f
       89385000	      8839	8000747a	02588ab3	mul	x21,x17,x5	 x17:0x00000000  x5:0x00000001 x21=0x00000000
       89395000	      8840	8000747e	820e9c97	auipc	x25,0x820e9	 x25=0x020f047e
       89435000	      8844	80007482	03d8aab3	mulhsu	x21,x17,x29	 x17:0x00000000 x29:0x00000001 x21=0x00000000
       89445000	      8845	80007486	ac26f313	andi	x6,x13,-1342	 x13:0x00000003  x6=0x00000002
       89455000	      8846	8000748a	0000100f	fence.i	
       89515000	      8852	8000748e	0308ba33	mulhu	x20,x17,x16	 x17:0x00000000 x16:0xfffffffd x20=0x00000000
       89525000	      8853	80007492	8dd5	c.or	x11,x13	 x11:0x0000030d x13:0x00000003 x11=0x0000030f
       89535000	      8854	80007494	8fdd	c.or	x15,x15	 x15:0x00000000 x15:0x00000000 x15=0x00000000
       89545000	      8855	80007496	01a483b3	add	x7,x9,x26	  x9:0x0000030d x26:0x00000001  x7=0x0000030e
       89555000	      8856	8000749a	0000100f	fence.i	
       89575000	      8858	8000749e	5cfd	c.li	x25,-1	 x25=0xffffffff
       89945000	      8895	800074a0	02e053b3	divu	x7,x0,x14	  x0:0x00000000 x14:0x80025ce4  x7=0x00000000
       89955000	      8896	800074a4	00fa3f33	sltu	x30,x20,x15	 x20:0x00000000 x15:0x00000000 x30=0x00000000
       89965000	      8897	800074a8	8065	c.srli	x8,0x19	  x8:0xfffffffd  x8=0x0000007f
       89975000	      8898	800074aa	010971b3	and	x3,x18,x16	 x18:0x00000000 x16:0xfffffffd  x3=0x00000000
       90005000	      8901	800074ae	02138833	mul	x16,x7,x1	  x7:0x00000000  x1:0x00000000 x16=0x00000000
       90015000	      8902	800074b2	007e53b3	srl	x7,x28,x7	 x28:0x00000000  x7:0x00000000  x7=0x00000000
       90025000	      8903	800074b6	8ec9	c.or	x13,x10	 x13:0x00000003 x10:0xfffffffd x13=0xffffffff
       90035000	      8904	800074b8	8d8d	c.sub	x11,x11	 x11:0x0000030f x11:0x0000030f x11=0x00000000
       90045000	      8905	800074ba	01661293	slli	x5,x12,0x16	 x12:0x80021e04  x5=0x81000000
       90055000	      8906	800074be	e989	c.bnez	x11,800074d0	 x11:0x00000000
       90065000	      8907	800074c0	b3b38a93	addi	x21,x7,-1221	  x7:0x00000000 x21=0xfffffb3b
       90075000	      8908	800074c4	99fd	c.andi	x11,-1	 x11:0x00000000 x11=0x00000000
       90085000	      8909	800074c6	012cbfb3	sltu	x31,x25,x18	 x25:0xffffffff x18:0x00000000 x31=0x00000000
       90095000	      8910	800074ca	01df08b3	add	x17,x30,x29	 x30:0x00000000 x29:0x00000001 x17=0x00000001
       90105000	      8911	800074ce	997d	c.andi	x10,-1	 x10:0xfffffffd x10=0xfffffffd
       90115000	      8912	800074d0	00755893	srli	x17,x10,0x7	 x10:0xfffffffd x17=0x01ffffff
       90125000	      8913	800074d4	03755a63	bge	x10,x23,80007508	 x10:0xfffffffd x23:0x00000001
       90135000	      8914	800074d8	40b2d413	srai	x8,x5,0xb	  x5:0x81000000  x8=0xfff02000
       90145000	      8915	800074dc	0001	c.addi	x0,0	  x0:0x00000000  x0=0x00000000
       90155000	      8916	800074de	89f03893	sltiu	x17,x0,-1889	  x0:0x00000000 x17=0x00000001
       90165000	      8917	800074e2	91da	c.add	x3,x22	  x3:0x00000000 x22:0x1ebc710b  x3=0x1ebc710b
       90175000	      8918	800074e4	e8098db7	lui	x27,0xe8098	 x27=0xe8098000
       90185000	      8919	800074e8	75327393	andi	x7,x4,1875	  x4:0x9fb48000  x7=0x00000000
       90195000	      8920	800074ec	6d51	c.lui	x26,0x14	 x26=0x00014000
       90565000	      8957	800074ee	03d1d9b3	divu	x19,x3,x29	  x3:0x1ebc710b x29:0x00000001 x19=0x1ebc710b
       90585000	      8959	800074f2	027cc4b3	div	x9,x25,x7	 x25:0xffffffff  x7:0x00000000  x9=0xffffffff
       90595000	      8960	800074f6	59fd	c.li	x19,-1	 x19=0xffffffff
       90605000	      8961	800074f8	41c1da13	srai	x20,x3,0x1c	  x3:0x1ebc710b x20=0x00000001
       90615000	      8962	800074fc	01ef3233	sltu	x4,x30,x30	 x30:0x00000000 x30:0x00000000  x4=0x00000000
       90625000	      8963	80007500	0000100f	fence.i	
       90645000	      8965	80007504	a3bc3e97	auipc	x29,0xa3bc3	 x29=0x23bca504
       90685000	      8969	80007508	039922b3	mulhsu	x5,x18,x25	 x18:0x00000000 x25:0xffffffff  x5=0x00000000
       90715000	      8972	8000750c	02078cb3	mul	x25,x15,x0	 x15:0x00000000  x0:0x00000000 x25=0x00000000
       90725000	      8973	80007510	214e6c13	ori	x24,x28,532	 x28:0x00000000 x24=0x00000214
       90735000	      8974	80007514	8fb5	c.xor	x15,x13	 x15:0x00000000 x13:0xffffffff x15=0xffffffff
       90745000	      8975	80007516	015929b3	slt	x19,x18,x21	 x18:0x00000000 x21:0xfffffb3b x19=0x00000000
       90755000	      8976	8000751a	40f5dd93	srai	x27,x11,0xf	 x11:0x00000000 x27=0x00000000
       90765000	      8977	8000751e	0025e4b3	or	x9,x11,x2	 x11:0x00000000  x2:0xf5e39895  x9=0xf5e39895
       90775000	      8978	80007522	015942b3	xor	x5,x18,x21	 x18:0x00000000 x21:0xfffffb3b  x5=0xfffffb3b
       90785000	      8979	80007526	6165e593	ori	x11,x11,1558	 x11:0x00000000 x11=0x00000616
       90795000	      8980	8000752a	0002c263	blt	x5,x0,8000752e	  x5:0xfffffb3b  x0:0x00000000
       90815000	      8982	8000752e	0d89	c.addi	x27,2	 x27:0x00000000 x27=0x00000002
       90845000	      8985	80007530	02cb0b33	mul	x22,x22,x12	 x22:0x1ebc710b x12:0x80021e04 x22=0xf2470e2c
       90855000	      8986	80007534	8ca5	c.xor	x9,x9	  x9:0xf5e39895  x9:0xf5e39895  x9=0x00000000
       90865000	      8987	80007536	01a05f13	srli	x30,x0,0x1a	  x0:0x00000000 x30=0x00000000
       90875000	      8988	8000753a	0001	c.addi	x0,0	  x0:0x00000000  x0=0x00000000
       90895000	      8990	8000753c	03c940b3	div	x1,x18,x28	 x18:0x00000000 x28:0x00000000  x1=0xffffffff
       90905000	      8991	80007540	015477b3	and	x15,x8,x21	  x8:0xfff02000 x21:0xfffffb3b x15=0xfff02000
       90915000	      8992	80007544	0001	c.addi	x0,0	  x0:0x00000000  x0=0x00000000
       90925000	      8993	80007546	937b8793	addi	x15,x23,-1737	 x23:0x00000001 x15=0xfffff938
       90935000	      8994	8000754a	40428c33	sub	x24,x5,x4	  x5:0xfffffb3b  x4:0x00000000 x24=0xfffffb3b
       90945000	      8995	8000754e	c185	c.beqz	x11,8000756e	 x11:0x00000616
       90955000	      8996	80007550	c00d	c.beqz	x8,80007572	  x8:0xfff02000
       90975000	      8998	80007552	03336233	rem	x4,x6,x19	  x6:0x00000002 x19:0x00000000  x4=0x00000002
       90985000	      8999	80007556	e7b7e893	ori	x17,x15,-389	 x15:0xfffff938 x17=0xffffff7b
       91355000	      9036	8000755a	0353c1b3	div	x3,x7,x21	  x7:0x00000000 x21:0xfffffb3b  x3=0x00000000
       91365000	      9037	8000755e	f6b67693	andi	x13,x12,-149	 x12:0x80021e04 x13=0x80021e00
       91375000	      9038	80007562	23854c13	xori	x24,x10,568	 x10:0xfffffffd x24=0xfffffdc5
       91415000	      9042	80007566	03503bb3	mulhu	x23,x0,x21	  x0:0x00000000 x21:0xfffffb3b x23=0x00000000
       91425000	      9043	8000756a	01014a63	blt	x2,x16,8000757e	  x2:0xf5e39895 x16:0x00000000
       91455000	      9046	8000757e	02706863	bltu	x0,x7,800075ae	  x0:0x00000000  x7:0x00000000
       91825000	      9083	80007582	02fc5eb3	divu	x29,x24,x15	 x24:0xfffffdc5 x15:0xfffff938 x29=0x00000001
       91835000	      9084	80007586	c415	c.beqz	x8,800075b2	  x8:0xfff02000
       91845000	      9085	80007588	016d27b3	slt	x15,x26,x22	 x26:0x00014000 x22:0xf2470e2c x15=0x00000000
       91885000	      9089	8000758c	035e11b3	mulh	x3,x28,x21	 x28:0x00000000 x21:0xfffffb3b  x3=0x00000000
       91895000	      9090	80007590	93770ab7	lui	x21,0x93770	 x21=0x93770000
       91905000	      9091	80007594	8e327e97	auipc	x29,0x8e327	 x29=0x0e32e594
       91915000	      9092	80007598	016a0ab3	add	x21,x20,x22	 x20:0x00000001 x22:0xf2470e2c x21=0xf2470e2d
       91925000	      9093	8000759c	4131de13	srai	x28,x3,0x13	  x3:0x00000000 x28=0x00000000
       91935000	      9094	800075a0	e109	c.bnez	x10,800075a2	 x10:0xfffffffd
       91965000	      9097	800075a2	01c49d33	sll	x26,x9,x28	  x9:0x00000000 x28:0x00000000 x26=0x00000000
       91975000	      9098	800075a6	9086	c.add	x1,x1	  x1:0xffffffff  x1:0xffffffff  x1=0xfffffffe
       91985000	      9099	800075a8	0001	c.addi	x0,0	  x0:0x00000000  x0=0x00000000
       91995000	      9100	800075aa	02b71463	bne	x14,x11,800075d2	 x14:0x80025ce4 x11:0x00000616
       92015000	      9102	800075d2	99fd	c.andi	x11,-1	 x11:0x00000616 x11=0x00000616
       92025000	      9103	800075d4	01569193	slli	x3,x13,0x15	 x13:0x80021e00  x3=0xc0000000
       92035000	      9104	800075d8	0001	c.addi	x0,0	  x0:0x00000000  x0=0x00000000
       92045000	      9105	800075da	292a8893	addi	x17,x21,658	 x21:0xf2470e2d x17=0xf24710bf
       92055000	      9106	800075de	71698e13	addi	x28,x19,1814	 x19:0x00000000 x28=0x00000716
       92065000	      9107	800075e2	63ed9c17	auipc	x24,0x63ed9	 x24=0xe3ee05e2
       92075000	      9108	800075e6	01212333	slt	x6,x2,x18	  x2:0xf5e39895 x18:0x00000000  x6=0x00000001
       92085000	      9109	800075ea	64ad7f13	andi	x30,x26,1610	 x26:0x00000000 x30=0x00000000
       92095000	      9110	800075ee	02de8863	beq	x29,x13,8000761e	 x29:0x0e32e594 x13:0x80021e00
       92105000	      9111	800075f2	1a73fc93	andi	x25,x7,423	  x7:0x00000000 x25=0x00000000
       92115000	      9112	800075f6	ce89	c.beqz	x13,80007610	 x13:0x80021e00
       92125000	      9113	800075f8	8f85	c.sub	x15,x9	 x15:0x00000000  x9:0x00000000 x15=0x00000000
       92135000	      9114	800075fa	6fd5	c.lui	x31,0x15	 x31=0x00015000
       92155000	      9116	800075fc	02095c33	divu	x24,x18,x0	 x18:0x00000000  x0:0x00000000 x24=0xffffffff
       92165000	      9117	80007600	0150e433	or	x8,x1,x21	  x1:0xfffffffe x21:0xf2470e2d  x8=0xffffffff
       92175000	      9118	80007604	2c6fa313	slti	x6,x31,710	 x31:0x00015000  x6=0x00000000
       92185000	      9119	80007608	40e55cb3	sra	x25,x10,x14	 x10:0xfffffffd x14:0x80025ce4 x25=0xffffffff
       92215000	      9122	8000760c	025e0833	mul	x16,x28,x5	 x28:0x00000716  x5:0xfffffb3b x16=0xffde3412
       92225000	      9123	80007610	0001	c.addi	x0,0	  x0:0x00000000  x0=0x00000000
       92235000	      9124	80007612	70beb697	auipc	x13,0x70beb	 x13=0xf0bf2612
       92245000	      9125	80007616	02815b63	bge	x2,x8,8000764c	  x2:0xf5e39895  x8:0xffffffff
       92255000	      9126	8000761a	7ac2ba97	auipc	x21,0x7ac2b	 x21=0xfac3261a
       92265000	      9127	8000761e	8cdd	c.or	x9,x15	  x9:0x00000000 x15:0x00000000  x9=0x00000000
       92275000	      9128	80007620	0000100f	fence.i	
       92295000	      9130	80007624	01350963	beq	x10,x19,80007636	 x10:0xfffffffd x19:0x00000000
       92665000	      9167	80007628	030cf2b3	remu	x5,x25,x16	 x25:0xffffffff x16:0xffde3412  x5=0x0021cbed
       92675000	      9168	8000762c	0001	c.addi	x0,0	  x0:0x00000000  x0=0x00000000
       92715000	      9172	8000762e	02fa13b3	mulh	x7,x20,x15	 x20:0x00000001 x15:0x00000000  x7=0x00000000
       92725000	      9173	80007632	b985bb93	sltiu	x23,x11,-1128	 x11:0x00000616 x23=0x00000001
       93095000	      9210	80007636	02a46333	rem	x6,x8,x10	  x8:0xffffffff x10:0xfffffffd  x6=0xffffffff
       93105000	      9211	8000763a	00799a33	sll	x20,x19,x7	 x19:0x00000000  x7:0x00000000 x20=0x00000000
       93115000	      9212	8000763e	00dde5b3	or	x11,x27,x13	 x27:0x00000002 x13:0xf0bf2612 x11=0xf0bf2612
       93485000	      9249	80007642	022ef933	remu	x18,x29,x2	 x29:0x0e32e594  x2:0xf5e39895 x18=0x0e32e594
       93495000	      9250	80007646	8dad	c.xor	x11,x11	 x11:0xf0bf2612 x11:0xf0bf2612 x11=0x00000000
       93505000	      9251	80007648	00fc37b3	sltu	x15,x24,x15	 x24:0xffffffff x15:0x00000000 x15=0x00000000
       93535000	      9254	8000764c	02e508b3	mul	x17,x10,x14	 x10:0xfffffffd x14:0x80025ce4 x17=0x7ff8e954
       93545000	      9255	80007650	00751c33	sll	x24,x10,x7	 x10:0xfffffffd  x7:0x00000000 x24=0xfffffffd
       93555000	      9256	80007654	8b9a	c.mv	x23,x6	  x0:0x00000000  x6:0xffffffff x23=0xffffffff
       93595000	      9260	80007656	021719b3	mulh	x19,x14,x1	 x14:0x80025ce4  x1:0xfffffffe x19=0x00000000
       93605000	      9261	8000765a	03bf0063	beq	x30,x27,8000767a	 x30:0x00000000 x27:0x00000002
       93615000	      9262	8000765e	00b70a63	beq	x14,x11,80007672	 x14:0x80025ce4 x11:0x00000000
       93625000	      9263	80007662	83a1	c.srli	x15,0x8	 x15:0x00000000 x15=0x00000000
       93635000	      9264	80007664	01869ab3	sll	x21,x13,x24	 x13:0xf0bf2612 x24:0xfffffffd x21=0x40000000
       93645000	      9265	80007668	0156cdb3	xor	x27,x13,x21	 x13:0xf0bf2612 x21:0x40000000 x27=0xb0bf2612
       93655000	      9266	8000766c	9342	c.add	x6,x16	  x6:0xffffffff x16:0xffde3412  x6=0xffde3411
       93665000	      9267	8000766e	01308b63	beq	x1,x19,80007684	  x1:0xfffffffe x19:0x00000000
       93675000	      9268	80007672	007eba33	sltu	x20,x29,x7	 x29:0x0e32e594  x7:0x00000000 x20=0x00000000
       93685000	      9269	80007676	c111	c.beqz	x10,8000767a	 x10:0xfffffffd
       93695000	      9270	80007678	8c5d	c.or	x8,x15	  x8:0xffffffff x15:0x00000000  x8=0xffffffff
       93705000	      9271	8000767a	c49d	c.beqz	x9,800076a8	  x9:0x00000000
       93755000	      9276	800076a8	02d89bb3	mulh	x23,x17,x13	 x17:0x7ff8e954 x13:0xf0bf2612 x23=0xf85fff28
       93765000	      9277	800076ac	003ecf63	blt	x29,x3,800076ca	 x29:0x0e32e594  x3:0xc0000000
       93775000	      9278	800076b0	01a35c33	srl	x24,x6,x26	  x6:0xffde3411 x26:0x00000000 x24=0xffde3411
       93785000	      9279	800076b4	a3900837	lui	x16,0xa3900	 x16=0xa3900000
       93795000	      9280	800076b8	05ae	c.slli	x11,0xb	 x11:0x00000000 x11=0x00000000
       93805000	      9281	800076ba	0393f563	bgeu	x7,x25,800076e4	  x7:0x00000000 x25:0xffffffff
       93845000	      9285	800076be	0260bab3	mulhu	x21,x1,x6	  x1:0xfffffffe  x6:0xffde3411 x21=0xffde340f
       93855000	      9286	800076c2	41c7d4b3	sra	x9,x15,x28	 x15:0x00000000 x28:0x00000716  x9=0x00000000
       94225000	      9323	800076c6	02a9edb3	rem	x27,x19,x10	 x19:0x00000000 x10:0xfffffffd x27=0x00000000
       94235000	      9324	800076ca	fd10a393	slti	x7,x1,-47	  x1:0xfffffffe  x7=0x00000000
       94245000	      9325	800076ce	03094c63	blt	x18,x16,80007706	 x18:0x0e32e594 x16:0xa3900000
       94255000	      9326	800076d2	0001	c.addi	x0,0	  x0:0x00000000  x0=0x00000000
       94265000	      9327	800076d4	00a76433	or	x8,x14,x10	 x14:0x80025ce4 x10:0xfffffffd  x8=0xfffffffd
       94275000	      9328	800076d8	00dfad33	slt	x26,x31,x13	 x31:0x00015000 x13:0xf0bf2612 x26=0x00000000
       94285000	      9329	800076dc	05171563	bne	x14,x17,80007726	 x14:0x80025ce4 x17:0x7ff8e954
       94315000	      9332	80007726	9f3ceb93	ori	x23,x25,-1549	 x25:0xffffffff x23=0xffffffff
       94325000	      9333	8000772a	025b6863	bltu	x22,x5,8000775a	 x22:0xf2470e2c  x5:0x0021cbed
       94335000	      9334	8000772e	0d06	c.slli	x26,0x1	 x26:0x00000000 x26=0x00000000
       94345000	      9335	80007730	000f1f63	bne	x30,x0,8000774e	 x30:0x00000000  x0:0x00000000
       94355000	      9336	80007734	056e	c.slli	x10,0x1b	 x10:0xfffffffd x10=0xe8000000
       94365000	      9337	80007736	c109	c.beqz	x10,80007738	 x10:0xe8000000
       94375000	      9338	80007738	a9926c13	ori	x24,x4,-1383	  x4:0x00000002 x24=0xfffffa9b
       94395000	      9340	8000773c	02005433	divu	x8,x0,x0	  x0:0x00000000  x0:0x00000000  x8=0xffffffff
       94405000	      9341	80007740	9488b813	sltiu	x16,x17,-1720	 x17:0x7ff8e954 x16=0x00000001
       94415000	      9342	80007744	9926	c.add	x18,x9	 x18:0x0e32e594  x9:0x00000000 x18=0x0e32e594
       94425000	      9343	80007746	8aa24097	auipc	x1,0x8aa24	  x1=0x0aa2b746
       94445000	      9345	8000774a	02f075b3	remu	x11,x0,x15	  x0:0x00000000 x15:0x00000000 x11=0x00000000
       94455000	      9346	8000774e	00aa3ab3	sltu	x21,x20,x10	 x20:0x00000000 x10:0xe8000000 x21=0x00000001
       94465000	      9347	80007752	40795933	sra	x18,x18,x7	 x18:0x0e32e594  x7:0x00000000 x18=0x0e32e594
       94475000	      9348	80007756	9416	c.add	x8,x5	  x8:0xffffffff  x5:0x0021cbed  x8=0x0021cbec
       94485000	      9349	80007758	0001	c.addi	x0,0	  x0:0x00000000  x0=0x00000000
       94495000	      9350	8000775a	40dddb33	sra	x22,x27,x13	 x27:0x00000000 x13:0xf0bf2612 x22=0x00000000
       94505000	      9351	8000775e	0001	c.addi	x0,0	  x0:0x00000000  x0=0x00000000
       94515000	      9352	80007760	02ca7163	bgeu	x20,x12,80007782	 x20:0x00000000 x12:0x80021e04
       94525000	      9353	80007764	40515b33	sra	x22,x2,x5	  x2:0xf5e39895  x5:0x0021cbed x22=0xffffaf1c
       94535000	      9354	80007768	01b1a4b3	slt	x9,x3,x27	  x3:0xc0000000 x27:0x00000000  x9=0x00000001
       94545000	      9355	8000776c	00d25d33	srl	x26,x4,x13	  x4:0x00000002 x13:0xf0bf2612 x26=0x00000000
       94575000	      9358	80007770	02c90c33	mul	x24,x18,x12	 x18:0x0e32e594 x12:0x80021e04 x24=0xfadaee50
       94585000	      9359	80007774	8eed	c.and	x13,x11	 x13:0xf0bf2612 x11:0x00000000 x13=0x00000000
       94595000	      9360	80007776	00ca1913	slli	x18,x20,0xc	 x20:0x00000000 x18=0x00000000
       94635000	      9364	8000777a	034e1833	mulh	x16,x28,x20	 x28:0x00000716 x20:0x00000000 x16=0x00000000
       94645000	      9365	8000777e	0001	c.addi	x0,0	  x0:0x00000000  x0=0x00000000
       94655000	      9366	80007780	995a	c.add	x18,x22	 x18:0x00000000 x22:0xffffaf1c x18=0xffffaf1c
       94665000	      9367	80007782	025d7d63	bgeu	x26,x5,800077bc	 x26:0x00000000  x5:0x0021cbed
       94675000	      9368	80007786	0298ee63	bltu	x17,x9,800077c2	 x17:0x7ff8e954  x9:0x00000001
       95045000	      9405	8000778a	03fa4cb3	div	x25,x20,x31	 x20:0x00000000 x31:0x00015000 x25=0x00000000
       95055000	      9406	8000778e	01a00033	add	x0,x0,x26	  x0:0x00000000 x26:0x00000000  x0=0x00000000
       95065000	      9407	80007792	02f1ca63	blt	x3,x15,800077c6	  x3:0xc0000000 x15:0x00000000
       95095000	      9410	800077c6	4191deb3	sra	x29,x3,x25	  x3:0xc0000000 x25:0x00000000 x29=0xc0000000
       95105000	      9411	800077ca	51d06b93	ori	x23,x0,1309	  x0:0x00000000 x23=0x0000051d
       95115000	      9412	800077ce	00688f33	add	x30,x17,x6	 x17:0x7ff8e954  x6:0xffde3411 x30=0x7fd71d65
       95125000	      9413	800077d2	0f92	c.slli	x31,0x4	 x31:0x00015000 x31=0x00150000
       95135000	      9414	800077d4	0001	c.addi	x0,0	  x0:0x00000000  x0=0x00000000
       95145000	      9415	800077d6	ce81	c.beqz	x13,800077ee	 x13:0x00000000
       95175000	      9418	800077ee	4066ddb3	sra	x27,x13,x6	 x13:0x00000000  x6:0xffde3411 x27=0x00000000
       95215000	      9422	800077f2	0233bf33	mulhu	x30,x7,x3	  x7:0x00000000  x3:0xc0000000 x30=0x00000000
       95225000	      9423	800077f6	01121193	slli	x3,x4,0x11	  x4:0x00000002  x3=0x00040000
       95235000	      9424	800077fa	01cae5b3	or	x11,x21,x28	 x21:0x00000001 x28:0x00000716 x11=0x00000717
       95245000	      9425	800077fe	01d5d4b3	srl	x9,x11,x29	 x11:0x00000717 x29:0xc0000000  x9=0x00000717
       95255000	      9426	80007802	01763833	sltu	x16,x12,x23	 x12:0x80021e04 x23:0x0000051d x16=0x00000000
       95265000	      9427	80007806	0001	c.addi	x0,0	  x0:0x00000000  x0=0x00000000
       95275000	      9428	80007808	8425	c.srai	x8,0x9	  x8:0x0021cbec  x8=0x000010e5
       95285000	      9429	8000780a	0001	c.addi	x0,0	  x0:0x00000000  x0=0x00000000
       95295000	      9430	8000780c	8ad2	c.mv	x21,x20	  x0:0x00000000 x20:0x00000000 x21=0x00000000
       95325000	      9433	8000780e	02b28c33	mul	x24,x5,x11	  x5:0x0021cbed x11:0x00000717 x24=0xef9ccd4b
       95365000	      9437	80007812	02fdb6b3	mulhu	x13,x27,x15	 x27:0x00000000 x15:0x00000000 x13=0x00000000
       95375000	      9438	80007816	032ae963	bltu	x21,x18,80007848	 x21:0x00000000 x18:0xffffaf1c
       95395000	      9440	80007848	0001	c.addi	x0,0	  x0:0x00000000  x0=0x00000000
       95405000	      9441	8000784a	02c11463	bne	x2,x12,80007872	  x2:0xf5e39895 x12:0x80021e04
       95435000	      9444	80007872	088b2513	slti	x10,x22,136	 x22:0xffffaf1c x10=0x00000001
       95445000	      9445	80007876	01c44363	blt	x8,x28,8000787c	  x8:0x000010e5 x28:0x00000716
       95455000	      9446	8000787a	623d	c.lui	x4,0xf	  x4=0x0000f000
       95465000	      9447	8000787c	5db0e793	ori	x15,x1,1499	  x1:0x0aa2b746 x15=0x0aa2b7df
       95475000	      9448	80007880	87e5	c.srai	x15,0x19	 x15:0x0aa2b7df x15=0x00000005
       95485000	      9449	80007882	0190dc33	srl	x24,x1,x25	  x1:0x0aa2b746 x25:0x00000000 x24=0x0aa2b746
       95505000	      9451	80007886	03eceb33	rem	x22,x25,x30	 x25:0x00000000 x30:0x00000000 x22=0x00000000
       95515000	      9452	8000788a	8cad	c.xor	x9,x11	  x9:0x00000717 x11:0x00000717  x9=0x00000000
       95525000	      9453	8000788c	9d16	c.add	x26,x5	 x26:0x00000000  x5:0x0021cbed x26=0x0021cbed
       95535000	      9454	8000788e	00f61313	slli	x6,x12,0xf	 x12:0x80021e04  x6=0x0f020000
       95545000	      9455	80007892	22590593	addi	x11,x18,549	 x18:0xffffaf1c x11=0xffffb141
       95555000	      9456	80007896	0000100f	fence.i	
       95585000	      9459	8000789a	005a6933	or	x18,x20,x5	 x20:0x00000000  x5:0x0021cbed x18=0x0021cbed
       95595000	      9460	8000789e	06ef2f13	slti	x30,x30,110	 x30:0x00000000 x30=0x00000001
       95605000	      9461	800078a2	8395	c.srli	x15,0x5	 x15:0x00000005 x15=0x00000000
       95615000	      9462	800078a4	b6a6fb93	andi	x23,x13,-1174	 x13:0x00000000 x23=0x00000000
       95625000	      9463	800078a8	62d2c413	xori	x8,x5,1581	  x5:0x0021cbed  x8=0x0021cdc0
       95635000	      9464	800078ac	8fb5	c.xor	x15,x13	 x15:0x00000000 x13:0x00000000 x15=0x00000000
       95645000	      9465	800078ae	004074b3	and	x9,x0,x4	  x0:0x00000000  x4:0x0000f000  x9=0x00000000
       95655000	      9466	800078b2	8c45	c.or	x8,x9	  x8:0x0021cdc0  x9:0x00000000  x8=0x0021cdc0
       95665000	      9467	800078b4	019b8a33	add	x20,x23,x25	 x23:0x00000000 x25:0x00000000 x20=0x00000000
       95675000	      9468	800078b8	0000100f	fence.i	
       95695000	      9470	800078bc	8e95	c.sub	x13,x13	 x13:0x00000000 x13:0x00000000 x13=0x00000000
       95705000	      9471	800078be	0001	c.addi	x0,0	  x0:0x00000000  x0=0x00000000
       96075000	      9508	800078c0	03c373b3	remu	x7,x6,x28	  x6:0x0f020000 x28:0x00000716  x7=0x0000029e
       96085000	      9509	800078c4	0ff0000f	fence	iorw,iorw	
       96095000	      9510	800078c8	9f7e	c.add	x30,x31	 x30:0x00000001 x31:0x00150000 x30=0x00150001
       96105000	      9511	800078ca	9b12	c.add	x22,x4	 x22:0x00000000  x4:0x0000f000 x22=0x0000f000
       96115000	      9512	800078cc	8222	c.mv	x4,x8	  x0:0x00000000  x8:0x0021cdc0  x4=0x0021cdc0
       96125000	      9513	800078ce	8ba9	c.andi	x15,10	 x15:0x00000000 x15=0x00000000
       96135000	      9514	800078d0	0215da63	bge	x11,x1,80007904	 x11:0xffffb141  x1:0x0aa2b746
       96145000	      9515	800078d4	a2b60e13	addi	x28,x12,-1493	 x12:0x80021e04 x28=0x8002182f
       96155000	      9516	800078d8	01c1f2b3	and	x5,x3,x28	  x3:0x00040000 x28:0x8002182f  x5=0x00000000
       96165000	      9517	800078dc	41255d93	srai	x27,x10,0x12	 x10:0x00000001 x27=0x00000000
       96175000	      9518	800078e0	c809	c.beqz	x8,800078f2	  x8:0x0021cdc0
       96185000	      9519	800078e2	0056b033	sltu	x0,x13,x5	 x13:0x00000000  x5:0x00000000  x0=0x00000000
       96195000	      9520	800078e6	011a9193	slli	x3,x21,0x11	 x21:0x00000000  x3=0x00000000
       96205000	      9521	800078ea	b103e693	ori	x13,x7,-1264	  x7:0x0000029e x13=0xfffffb9e
       96215000	      9522	800078ee	53993813	sltiu	x16,x18,1337	 x18:0x0021cbed x16=0x00000000
       96225000	      9523	800078f2	00c18433	add	x8,x3,x12	  x3:0x00000000 x12:0x80021e04  x8=0x80021e04
       96235000	      9524	800078f6	04c91363	bne	x18,x12,8000793c	 x18:0x0021cbed x12:0x80021e04
       96255000	      9526	8000793c	013cc533	xor	x10,x25,x19	 x25:0x00000000 x19:0x00000000 x10=0x00000000
       96265000	      9527	80007940	a3803593	sltiu	x11,x0,-1480	  x0:0x00000000 x11=0x00000001
       96275000	      9528	80007944	0002e2b3	or	x5,x5,x0	  x5:0x00000000  x0:0x00000000  x5=0x00000000
       96285000	      9529	80007948	e36f1397	auipc	x7,0xe36f1	  x7=0x636f8948
       96325000	      9533	8000794c	03f99cb3	mulh	x25,x19,x31	 x19:0x00000000 x31:0x00150000 x25=0x00000000
       96335000	      9534	80007950	01e79d93	slli	x27,x15,0x1e	 x15:0x00000000 x27=0x00000000
       96345000	      9535	80007954	43b14813	xori	x16,x2,1083	  x2:0xf5e39895 x16=0xf5e39cae
       96355000	      9536	80007958	0001	c.addi	x0,0	  x0:0x00000000  x0=0x00000000
       96365000	      9537	8000795a	197d	c.addi	x18,-1	 x18:0x0021cbed x18=0x0021cbec
       96735000	      9574	8000795c	0224ddb3	divu	x27,x9,x2	  x9:0x00000000  x2:0xf5e39895 x27=0x00000000
       96745000	      9575	80007960	00959c63	bne	x11,x9,80007978	 x11:0x00000001  x9:0x00000000
       96765000	      9577	80007978	8ea9	c.xor	x13,x10	 x13:0xfffffb9e x10:0x00000000 x13=0xfffffb9e
       96775000	      9578	8000797a	033df563	bgeu	x27,x19,800079a4	 x27:0x00000000 x19:0x00000000
       96795000	      9580	800079a4	634d	c.lui	x6,0x13	  x6=0x00013000
       96805000	      9581	800079a6	997d	c.andi	x10,-1	 x10:0x00000000 x10=0x00000000
       96815000	      9582	800079a8	01f6aa33	slt	x20,x13,x31	 x13:0xfffffb9e x31:0x00150000 x20=0x00000001
       96825000	      9583	800079ac	4869	c.li	x16,26	 x16=0x0000001a
       96835000	      9584	800079ae	0041ce63	blt	x3,x4,800079ca	  x3:0x00000000  x4:0x0021cdc0
       96865000	      9587	800079ca	009eebb3	or	x23,x29,x9	 x29:0xc0000000  x9:0x00000000 x23=0xc0000000
       96875000	      9588	800079ce	cf81	c.beqz	x15,800079e6	 x15:0x00000000
       96905000	      9591	800079e6	60613bb7	lui	x23,0x60613	 x23=0x60613000
       96925000	      9593	800079ea	03b064b3	rem	x9,x0,x27	  x0:0x00000000 x27:0x00000000  x9=0x00000000
       96935000	      9594	800079ee	010ef433	and	x8,x29,x16	 x29:0xc0000000 x16:0x0000001a  x8=0x00000000
       96955000	      9596	800079f2	035f5ab3	divu	x21,x30,x21	 x30:0x00150001 x21:0x00000000 x21=0xffffffff
       96965000	      9597	800079f6	0000100f	fence.i	
       97355000	      9636	800079fa	0225f833	remu	x16,x11,x2	 x11:0x00000001  x2:0xf5e39895 x16=0x00000001
       97365000	      9637	800079fe	00315213	srli	x4,x2,0x3	  x2:0xf5e39895  x4=0x1ebc7312
       97375000	      9638	80007a02	01fdfe63	bgeu	x27,x31,80007a1e	 x27:0x00000000 x31:0x00150000
       97385000	      9639	80007a06	00a49c63	bne	x9,x10,80007a1e	  x9:0x00000000 x10:0x00000000
       97395000	      9640	80007a0a	cf9d	c.beqz	x15,80007a48	 x15:0x00000000
       97445000	      9645	80007a48	03faa0b3	mulhsu	x1,x21,x31	 x21:0xffffffff x31:0x00150000  x1=0xffffffff
       97455000	      9646	80007a4c	882a	c.mv	x16,x10	  x0:0x00000000 x10:0x00000000 x16=0x00000000
       97465000	      9647	80007a4e	8cb5	c.xor	x9,x13	  x9:0x00000000 x13:0xfffffb9e  x9=0xfffffb9e
       97475000	      9648	80007a50	4bc9	c.li	x23,18	 x23=0x00000012
       97485000	      9649	80007a52	01b51c93	slli	x25,x10,0x1b	 x10:0x00000000 x25=0x00000000
       97495000	      9650	80007a56	409cd213	srai	x4,x25,0x9	 x25:0x00000000  x4=0x00000000
       97505000	      9651	80007a5a	00cd7f63	bgeu	x26,x12,80007a78	 x26:0x0021cbed x12:0x80021e04
       97515000	      9652	80007a5e	6e75	c.lui	x28,0x1d	 x28=0x0001d000
       97525000	      9653	80007a60	858d	c.srai	x11,0x3	 x11:0x00000001 x11=0x00000000
       97545000	      9655	80007a62	02b3ea33	rem	x20,x7,x11	  x7:0x636f8948 x11:0x00000000 x20=0x636f8948
       97555000	      9656	80007a66	009205b3	add	x11,x4,x9	  x4:0x00000000  x9:0xfffffb9e x11=0xfffffb9e
       97565000	      9657	80007a6a	fa2f4e13	xori	x28,x30,-94	 x30:0x00150001 x28=0xffeaffa3
       97575000	      9658	80007a6e	1e7d	c.addi	x28,-1	 x28:0xffeaffa3 x28=0xffeaffa2
       97585000	      9659	80007a70	03ee7b63	bgeu	x28,x30,80007aa6	 x28:0xffeaffa2 x30:0x00150001
       97605000	      9661	80007aa6	61ed	c.lui	x3,0x1b	  x3=0x0001b000
       97615000	      9662	80007aa8	0000100f	fence.i	
       97635000	      9664	80007aac	ca91	c.beqz	x13,80007ac0	 x13:0xfffffb9e
       97675000	      9668	80007aae	03c438b3	mulhu	x17,x8,x28	  x8:0x00000000 x28:0xffeaffa2 x17=0x00000000
       98045000	      9705	80007ab2	03e9c833	div	x16,x19,x30	 x19:0x00000000 x30:0x00150001 x16=0x00000000
       98055000	      9706	80007ab6	45956813	ori	x16,x10,1113	 x10:0x00000000 x16=0x00000459
       98065000	      9707	80007aba	8c46	c.mv	x24,x17	  x0:0x00000000 x17:0x00000000 x24=0x00000000
       98075000	      9708	80007abc	013437b3	sltu	x15,x8,x19	  x8:0x00000000 x19:0x00000000 x15=0x00000000
       98085000	      9709	80007ac0	008f82b3	add	x5,x31,x8	 x31:0x00150000  x8:0x00000000  x5=0x00150000
       98095000	      9710	80007ac4	8951	c.andi	x10,20	 x10:0x00000000 x10=0x00000000
       98105000	      9711	80007ac6	8035	c.srli	x8,0xd	  x8:0x00000000  x8=0x00000000
       98115000	      9712	80007ac8	8352	c.mv	x6,x20	  x0:0x00000000 x20:0x636f8948  x6=0x636f8948
       98125000	      9713	80007aca	8d7d	c.and	x10,x15	 x10:0x00000000 x15:0x00000000 x10=0x00000000
       98165000	      9717	80007acc	020031b3	mulhu	x3,x0,x0	  x0:0x00000000  x0:0x00000000  x3=0x00000000
       98205000	      9721	80007ad0	03ca31b3	mulhu	x3,x20,x28	 x20:0x636f8948 x28:0xffeaffa2  x3=0x636760fd
       98215000	      9722	80007ad4	8c69	c.and	x8,x10	  x8:0x00000000 x10:0x00000000  x8=0x00000000
       98225000	      9723	80007ad6	00f345b3	xor	x11,x6,x15	  x6:0x636f8948 x15:0x00000000 x11=0x636f8948
       98235000	      9724	80007ada	4162d493	srai	x9,x5,0x16	  x5:0x00150000  x9=0x00000000
       98245000	      9725	80007ade	018966b3	or	x13,x18,x24	 x18:0x0021cbec x24:0x00000000 x13=0x0021cbec
       98255000	      9726	80007ae2	7e09eb93	ori	x23,x19,2016	 x19:0x00000000 x23=0x000007e0
       98265000	      9727	80007ae6	096a	c.slli	x18,0x1a	 x18:0x0021cbec x18=0xb0000000
       98275000	      9728	80007ae8	99fd	c.andi	x11,-1	 x11:0x636f8948 x11=0x636f8948
       98285000	      9729	80007aea	01dfebb3	or	x23,x31,x29	 x31:0x00150000 x29:0xc0000000 x23=0xc0150000
       98295000	      9730	80007aee	eb85	c.bnez	x15,80007b1e	 x15:0x00000000
       98305000	      9731	80007af0	0010d413	srli	x8,x1,0x1	  x1:0xffffffff  x8=0x7fffffff
       98675000	      9768	80007af4	03596333	rem	x6,x18,x21	 x18:0xb0000000 x21:0xffffffff  x6=0x00000000
       99045000	      9805	80007af8	0232d333	divu	x6,x5,x3	  x5:0x00150000  x3:0x636760fd  x6=0x00000000
       99055000	      9806	80007afc	8159	c.srli	x10,0x16	 x10:0x00000000 x10=0x00000000
       99065000	      9807	80007afe	8fd5	c.or	x15,x13	 x15:0x00000000 x13:0x0021cbec x15=0x0021cbec
       99075000	      9808	80007b00	c911	c.beqz	x10,80007b14	 x10:0x00000000
       99095000	      9810	80007b14	16fd	c.addi	x13,-1	 x13:0x0021cbec x13=0x0021cbeb
       99105000	      9811	80007b16	01579263	bne	x15,x21,80007b1a	 x15:0x0021cbec x21:0xffffffff
       99135000	      9814	80007b1a	dcc90c13	addi	x24,x18,-564	 x18:0xb0000000 x24=0xaffffdcc
       99145000	      9815	80007b1e	01515033	srl	x0,x2,x21	  x2:0xf5e39895 x21:0xffffffff  x0=0x00000000
       99155000	      9816	80007b22	00cd0f33	add	x30,x26,x12	 x26:0x0021cbed x12:0x80021e04 x30=0x8023e9f1
       99165000	      9817	80007b26	40218a13	addi	x20,x3,1026	  x3:0x636760fd x20=0x636764ff
       99175000	      9818	80007b2a	0001	c.addi	x0,0	  x0:0x00000000  x0=0x00000000
       99545000	      9855	80007b2c	02527eb3	remu	x29,x4,x5	  x4:0x00000000  x5:0x00150000 x29=0x00000000
       99555000	      9856	80007b30	36380093	addi	x1,x16,867	 x16:0x00000459  x1=0x000007bc
       99565000	      9857	80007b34	2c430193	addi	x3,x6,708	  x6:0x00000000  x3=0x000002c4
       99575000	      9858	80007b38	78ea4413	xori	x8,x20,1934	 x20:0x636764ff  x8=0x63676371
       99585000	      9859	80007b3c	8c19	c.sub	x8,x14	  x8:0x63676371 x14:0x80025ce4  x8=0xe365068d
       99625000	      9863	80007b3e	02851833	mulh	x16,x10,x8	 x10:0x00000000  x8:0xe365068d x16=0x00000000
       99645000	      9865	80007b42	039fdbb3	divu	x23,x31,x25	 x31:0x00150000 x25:0x00000000 x23=0xffffffff
       99655000	      9866	80007b46	8d0d	c.sub	x10,x11	 x10:0x00000000 x11:0x636f8948 x10=0x9c9076b8
       99665000	      9867	80007b48	006e1693	slli	x13,x28,0x6	 x28:0xffeaffa2 x13=0xfabfe880
       99675000	      9868	80007b4c	691d	c.lui	x18,0x7	 x18=0x00007000
       99685000	      9869	80007b4e	00de2533	slt	x10,x28,x13	 x28:0xffeaffa2 x13:0xfabfe880 x10=0x00000000
       99695000	      9870	80007b52	9aa2	c.add	x21,x8	 x21:0xffffffff  x8:0xe365068d x21=0xe365068c
       99705000	      9871	80007b54	8c55	c.or	x8,x13	  x8:0xe365068d x13:0xfabfe880  x8=0xfbffee8d
       99715000	      9872	80007b56	0023cb63	blt	x7,x2,80007b6c	  x7:0x636f8948  x2:0xf5e39895
       99725000	      9873	80007b5a	0000100f	fence.i	
       99745000	      9875	80007b5e	8ead	c.xor	x13,x11	 x13:0xfabfe880 x11:0x636f8948 x13=0x99d061c8
       99755000	      9876	80007b60	ca9d	c.beqz	x13,80007b96	 x13:0x99d061c8
       99765000	      9877	80007b62	0ff0000f	fence	iorw,iorw	
       99775000	      9878	80007b66	1e303917	auipc	x18,0x1e303	 x18=0x9e30ab66
       99785000	      9879	80007b6a	8e5e	c.mv	x28,x23	  x0:0x00000000 x23:0xffffffff x28=0xffffffff
       99825000	      9883	80007b6c	03a8ae33	mulhsu	x28,x17,x26	 x17:0x00000000 x26:0x0021cbed x28=0x00000000
       99835000	      9884	80007b70	8ccd	c.or	x9,x11	  x9:0x00000000 x11:0x636f8948  x9=0x636f8948
       99845000	      9885	80007b72	02509463	bne	x1,x5,80007b9a	  x1:0x000007bc  x5:0x00150000
      100235000	      9924	80007b9a	03aa70b3	remu	x1,x20,x26	 x20:0x636764ff x26:0x0021cbed  x1=0x00205ccf
      100245000	      9925	80007b9e	0ff0000f	fence	iorw,iorw	
      100255000	      9926	80007ba2	6ff1	c.lui	x31,0x1c	 x31=0x0001c000
      100265000	      9927	80007ba4	00615eb3	srl	x29,x2,x6	  x2:0xf5e39895  x6:0x00000000 x29=0xf5e39895
      100635000	      9964	80007ba8	02c64b33	div	x22,x12,x12	 x12:0x80021e04 x12:0x80021e04 x22=0x00000001
      100645000	      9965	80007bac	927a	c.add	x4,x30	  x4:0x00000000 x30:0x8023e9f1  x4=0x8023e9f1
      101015000	     10002	80007bae	02787f33	remu	x30,x16,x7	 x16:0x00000000  x7:0x636f8948 x30=0x00000000
      101385000	     10039	80007bb2	02ce7eb3	remu	x29,x28,x12	 x28:0x00000000 x12:0x80021e04 x29=0x00000000
      101395000	     10040	80007bb6	80d9	c.srli	x9,0x16	  x9:0x636f8948  x9=0x0000018d
      101405000	     10041	80007bb8	41d2de13	srai	x28,x5,0x1d	  x5:0x00150000 x28=0x00000000
      101415000	     10042	80007bbc	8bdd	c.andi	x15,23	 x15:0x0021cbec x15=0x00000004
      101425000	     10043	80007bbe	1efd	c.addi	x29,-1	 x29:0x00000000 x29=0xffffffff
      101435000	     10044	80007bc0	000c9993	slli	x19,x25,0x0	 x25:0x00000000 x19=0x00000000
      101445000	     10045	80007bc4	8d71	c.and	x10,x12	 x10:0x00000000 x12:0x80021e04 x10=0x00000000
      101455000	     10046	80007bc6	869d	c.srai	x13,0x7	 x13:0x99d061c8 x13=0xff33a0c3
      101495000	     10050	80007bc8	0397b333	mulhu	x6,x15,x25	 x15:0x00000004 x25:0x00000000  x6=0x00000000
      101865000	     10087	80007bcc	025cd5b3	divu	x11,x25,x5	 x25:0x00000000  x5:0x00150000 x11=0x00000000
      101875000	     10088	80007bd0	00cedd33	srl	x26,x29,x12	 x29:0xffffffff x12:0x80021e04 x26=0x0fffffff
      101885000	     10089	80007bd4	8535	c.srai	x10,0xd	 x10:0x00000000 x10=0x00000000
      102255000	     10126	80007bd6	02e641b3	div	x3,x12,x14	 x12:0x80021e04 x14:0x80025ce4  x3=0x00000001
      102265000	     10127	80007bda	1cfd	c.addi	x25,-1	 x25:0x00000000 x25=0xffffffff
      102275000	     10128	80007bdc	02728a63	beq	x5,x7,80007c10	  x5:0x00150000  x7:0x636f8948
      102315000	     10132	80007be0	02bc1fb3	mulh	x31,x24,x11	 x24:0xaffffdcc x11:0x00000000 x31=0x00000000
      102325000	     10133	80007be4	00029c13	slli	x24,x5,0x0	  x5:0x00150000 x24=0x00150000
      102335000	     10134	80007be8	812d	c.srli	x10,0xb	 x10:0x00000000 x10=0x00000000
      102345000	     10135	80007bea	622bf093	andi	x1,x23,1570	 x23:0xffffffff  x1=0x00000622
      102355000	     10136	80007bee	01e02333	slt	x6,x0,x30	  x0:0x00000000 x30:0x00000000  x6=0x00000000
      102365000	     10137	80007bf2	23a30b13	addi	x22,x6,570	  x6:0x00000000 x22=0x0000023a
      102375000	     10138	80007bf6	c3bdbd17	auipc	x26,0xc3bdb	 x26=0x43be2bf6
      102415000	     10142	80007bfa	020b32b3	mulhu	x5,x22,x0	 x22:0x0000023a  x0:0x00000000  x5=0x00000000
      102425000	     10143	80007bfe	8366	c.mv	x6,x25	  x0:0x00000000 x25:0xffffffff  x6=0xffffffff
      102435000	     10144	80007c00	03cd6063	bltu	x26,x28,80007c20	 x26:0x43be2bf6 x28:0x00000000
      102445000	     10145	80007c04	01bab7b3	sltu	x15,x21,x27	 x21:0xe365068c x27:0x00000000 x15=0x00000000
      102455000	     10146	80007c08	868a	c.mv	x13,x2	  x0:0x00000000  x2:0xf5e39895 x13=0xf5e39895
      102465000	     10147	80007c0a	6ba02293	slti	x5,x0,1722	  x0:0x00000000  x5=0x00000001
      102475000	     10148	80007c0e	8fdd	c.or	x15,x15	 x15:0x00000000 x15:0x00000000 x15=0x00000000
      102485000	     10149	80007c10	40c60833	sub	x16,x12,x12	 x12:0x80021e04 x12:0x80021e04 x16=0x00000000
      102495000	     10150	80007c14	aaa40c13	addi	x24,x8,-1366	  x8:0xfbffee8d x24=0xfbffe937
      102505000	     10151	80007c18	40f7dc33	sra	x24,x15,x15	 x15:0x00000000 x15:0x00000000 x24=0x00000000
      102545000	     10155	80007c1c	039f2cb3	mulhsu	x25,x30,x25	 x30:0x00000000 x25:0xffffffff x25=0x00000000
      102555000	     10156	80007c20	00c85e13	srli	x28,x16,0xc	 x16:0x00000000 x28=0x00000000
      102595000	     10160	80007c24	0343b533	mulhu	x10,x7,x20	  x7:0x636f8948 x20:0x636764ff x10=0x269c4b31
      102635000	     10164	80007c28	036e29b3	mulhsu	x19,x28,x22	 x28:0x00000000 x22:0x0000023a x19=0x00000000
      102645000	     10165	80007c2c	02330163	beq	x6,x3,80007c4e	  x6:0xffffffff  x3:0x00000001
      102655000	     10166	80007c30	0ff0000f	fence	iorw,iorw	
      102665000	     10167	80007c34	02659763	bne	x11,x6,80007c62	 x11:0x00000000  x6:0xffffffff
      102695000	     10170	80007c62	00e70833	add	x16,x14,x14	 x14:0x80025ce4 x14:0x80025ce4 x16=0x0004b9c8
      102705000	     10171	80007c66	01c551b3	srl	x3,x10,x28	 x10:0x269c4b31 x28:0x00000000  x3=0x269c4b31
      102715000	     10172	80007c6a	0ff0000f	fence	iorw,iorw	
      102725000	     10173	80007c6e	89c5	c.andi	x11,17	 x11:0x00000000 x11=0x00000000
      102735000	     10174	80007c70	4126d233	sra	x4,x13,x18	 x13:0xf5e39895 x18:0x9e30ab66  x4=0xffd78e62
      102745000	     10175	80007c74	40c27893	andi	x17,x4,1036	  x4:0xffd78e62 x17=0x00000400
      102755000	     10176	80007c78	00a24d63	blt	x4,x10,80007c92	  x4:0xffd78e62 x10:0x269c4b31
      102785000	     10179	80007c92	b2097e13	andi	x28,x18,-1248	 x18:0x9e30ab66 x28=0x9e30ab20
      102795000	     10180	80007c96	07c9f937	lui	x18,0x7c9f	 x18=0x07c9f000
      102805000	     10181	80007c9a	01f682b3	add	x5,x13,x31	 x13:0xf5e39895 x31:0x00000000  x5=0xf5e39895
      102815000	     10182	80007c9e	0001	c.addi	x0,0	  x0:0x00000000  x0=0x00000000
      103185000	     10219	80007ca0	02c2f833	remu	x16,x5,x12	  x5:0xf5e39895 x12:0x80021e04 x16=0x75e17a91
      103195000	     10220	80007ca4	987d	c.andi	x8,-1	  x8:0xfbffee8d  x8=0xfbffee8d
      103205000	     10221	80007ca6	829d	c.srli	x13,0x7	 x13:0xf5e39895 x13=0x01ebc731
      103215000	     10222	80007ca8	59896b93	ori	x23,x18,1432	 x18:0x07c9f000 x23=0x07c9f598
      103225000	     10223	80007cac	c019	c.beqz	x8,80007cb2	  x8:0xfbffee8d
      103245000	     10225	80007cae	02b0de33	divu	x28,x1,x11	  x1:0x00000622 x11:0x00000000 x28=0xffffffff
      103255000	     10226	80007cb2	01bf9e13	slli	x28,x31,0x1b	 x31:0x00000000 x28=0x00000000
      103625000	     10263	80007cb6	02e45bb3	divu	x23,x8,x14	  x8:0xfbffee8d x14:0x80025ce4 x23=0x00000001
      103635000	     10264	80007cba	3bdebf93	sltiu	x31,x29,957	 x29:0xffffffff x31=0x00000000
      103645000	     10265	80007cbe	3c52bd13	sltiu	x26,x5,965	  x5:0xf5e39895 x26=0x00000000
      103655000	     10266	80007cc2	8222	c.mv	x4,x8	  x0:0x00000000  x8:0xfbffee8d  x4=0xfbffee8d
      104025000	     10303	80007cc4	03dfdcb3	divu	x25,x31,x29	 x31:0x00000000 x29:0xffffffff x25=0x00000000
      104035000	     10304	80007cc8	517cc917	auipc	x18,0x517cc	 x18=0xd17d3cc8
      104045000	     10305	80007ccc	0084c963	blt	x9,x8,80007cde	  x9:0x0000018d  x8:0xfbffee8d
      104055000	     10306	80007cd0	00879913	slli	x18,x15,0x8	 x15:0x00000000 x18=0x00000000
      104065000	     10307	80007cd4	01a55a93	srli	x21,x10,0x1a	 x10:0x269c4b31 x21=0x00000009
      104075000	     10308	80007cd8	01c12333	slt	x6,x2,x28	  x2:0xf5e39895 x28:0x00000000  x6=0x00000001
      104085000	     10309	80007cdc	9e7a	c.add	x28,x30	 x28:0x00000000 x30:0x00000000 x28=0x00000000
      104095000	     10310	80007cde	8d4d	c.or	x10,x11	 x10:0x269c4b31 x11:0x00000000 x10=0x269c4b31
      104105000	     10311	80007ce0	987d	c.andi	x8,-1	  x8:0xfbffee8d  x8=0xfbffee8d
      104115000	     10312	80007ce2	0a4e	c.slli	x20,0x13	 x20:0x636764ff x20=0x27f80000
      104125000	     10313	80007ce4	51fd	c.li	x3,-1	  x3=0xffffffff
      104155000	     10316	80007ce6	02098fb3	mul	x31,x19,x0	 x19:0x00000000  x0:0x00000000 x31=0x00000000
      104165000	     10317	80007cea	e189	c.bnez	x11,80007cec	 x11:0x00000000
      104175000	     10318	80007cec	0ff0000f	fence	iorw,iorw	
      104185000	     10319	80007cf0	006154b3	srl	x9,x2,x6	  x2:0xf5e39895  x6:0x00000001  x9=0x7af1cc4a
      104225000	     10323	80007cf4	0218b933	mulhu	x18,x17,x1	 x17:0x00000400  x1:0x00000622 x18=0x00000000
      104235000	     10324	80007cf8	03ba7263	bgeu	x20,x27,80007d1c	 x20:0x27f80000 x27:0x00000000
      104255000	     10326	80007d1c	01522033	slt	x0,x4,x21	  x4:0xfbffee8d x21:0x00000009  x0=0x00000000
      104285000	     10329	80007d20	02e78a33	mul	x20,x15,x14	 x15:0x00000000 x14:0x80025ce4 x20=0x00000000
      104295000	     10330	80007d24	8d95	c.sub	x11,x13	 x11:0x00000000 x13:0x01ebc731 x11=0xfe1438cf
      104305000	     10331	80007d26	0000100f	fence.i	
      104335000	     10334	80007d2a	0000100f	fence.i	
      104365000	     10337	80007d2e	017293b3	sll	x7,x5,x23	  x5:0xf5e39895 x23:0x00000001  x7=0xebc7312a
      104375000	     10338	80007d32	00d38693	addi	x13,x7,13	  x7:0xebc7312a x13=0xebc73137
      104385000	     10339	80007d36	011cd3b3	srl	x7,x25,x17	 x25:0x00000000 x17:0x00000400  x7=0x00000000
      104395000	     10340	80007d3a	40285d33	sra	x26,x16,x2	 x16:0x75e17a91  x2:0xf5e39895 x26=0x000003af
      104405000	     10341	80007d3e	c6c2c893	xori	x17,x5,-916	  x5:0xf5e39895 x17=0x0a1c64f9
      104415000	     10342	80007d42	01f76b63	bltu	x14,x31,80007d58	 x14:0x80025ce4 x31:0x00000000
      104455000	     10346	80007d46	037f1fb3	mulh	x31,x30,x23	 x30:0x00000000 x23:0x00000001 x31=0x00000000
      104465000	     10347	80007d4a	0153d433	srl	x8,x7,x21	  x7:0x00000000 x21:0x00000009  x8=0x00000000
      104475000	     10348	80007d4e	75aa4593	xori	x11,x20,1882	 x20:0x00000000 x11=0x0000075a
      104485000	     10349	80007d52	0001	c.addi	x0,0	  x0:0x00000000  x0=0x00000000
      104495000	     10350	80007d54	00605cb3	srl	x25,x0,x6	  x0:0x00000000  x6:0x00000001 x25=0x00000000
      104505000	     10351	80007d58	8cd9	c.or	x9,x14	  x9:0x7af1cc4a x14:0x80025ce4  x9=0xfaf3dcee
      104515000	     10352	80007d5a	0113bb33	sltu	x22,x7,x17	  x7:0x00000000 x17:0x0a1c64f9 x22=0x00000001
      104525000	     10353	80007d5e	027d4a63	blt	x26,x7,80007d92	 x26:0x000003af  x7:0x00000000
      104545000	     10355	80007d62	02fdd033	divu	x0,x27,x15	 x27:0x00000000 x15:0x00000000  x0=0x00000000
      104555000	     10356	80007d66	8ed5	c.or	x13,x13	 x13:0xebc73137 x13:0xebc73137 x13=0xebc73137
      104565000	     10357	80007d68	8e91	c.sub	x13,x12	 x13:0xebc73137 x12:0x80021e04 x13=0x6bc51333
      104575000	     10358	80007d6a	00a78eb3	add	x29,x15,x10	 x15:0x00000000 x10:0x269c4b31 x29=0x269c4b31
      104945000	     10395	80007d6e	03117e33	remu	x28,x2,x17	  x2:0xf5e39895 x17:0x0a1c64f9 x28=0x033a213d
      104955000	     10396	80007d72	8c11	c.sub	x8,x12	  x8:0x00000000 x12:0x80021e04  x8=0x7ffde1fc
      104965000	     10397	80007d74	01c511b3	sll	x3,x10,x28	 x10:0x269c4b31 x28:0x033a213d  x3=0x20000000
      104975000	     10398	80007d78	002763b3	or	x7,x14,x2	 x14:0x80025ce4  x2:0xf5e39895  x7=0xf5e3dcf5
      104985000	     10399	80007d7c	00c22417	auipc	x8,0xc22	  x8=0x80c29d7c
      104995000	     10400	80007d80	21a8e817	auipc	x16,0x21a8e	 x16=0xa1a95d80
      105005000	     10401	80007d84	3dd46213	ori	x4,x8,989	  x8:0x80c29d7c  x4=0x80c29ffd
      105015000	     10402	80007d88	03200c63	beq	x0,x18,80007dc0	  x0:0x00000000 x18:0x00000000
      105035000	     10404	80007dc0	8d41	c.or	x10,x8	 x10:0x269c4b31  x8:0x80c29d7c x10=0xa6dedf7d
      105045000	     10405	80007dc2	017c9293	slli	x5,x25,0x17	 x25:0x00000000  x5=0x00000000
      105055000	     10406	80007dc6	0088c333	xor	x6,x17,x8	 x17:0x0a1c64f9  x8:0x80c29d7c  x6=0x8adef985
      105065000	     10407	80007dca	402fda93	srai	x21,x31,0x2	 x31:0x00000000 x21=0x00000000
      105075000	     10408	80007dce	0001	c.addi	x0,0	  x0:0x00000000  x0=0x00000000
      105085000	     10409	80007dd0	03bc7363	bgeu	x24,x27,80007df6	 x24:0x00000000 x27:0x00000000
      105105000	     10411	80007df6	ed8d	c.bnez	x11,80007e30	 x11:0x0000075a
      105125000	     10413	80007e30	0143bf33	sltu	x30,x7,x20	  x7:0xf5e3dcf5 x20:0x00000000 x30=0x00000000
      105135000	     10414	80007e34	01816f63	bltu	x2,x24,80007e52	  x2:0xf5e39895 x24:0x00000000
      105145000	     10415	80007e38	67b1	c.lui	x15,0xc	 x15=0x0000c000
      105155000	     10416	80007e3a	00abd263	bge	x23,x10,80007e3e	 x23:0x00000001 x10:0xa6dedf7d
      105185000	     10419	80007e3e	0097d933	srl	x18,x15,x9	 x15:0x0000c000  x9:0xfaf3dcee x18=0x00000003
      105195000	     10420	80007e42	2a6a0693	addi	x13,x20,678	 x20:0x00000000 x13=0x000002a6
      105205000	     10421	80007e46	01c9a033	slt	x0,x19,x28	 x19:0x00000000 x28:0x033a213d  x0=0x00000000
      105215000	     10422	80007e4a	00691d63	bne	x18,x6,80007e64	 x18:0x00000003  x6:0x8adef985
      105595000	     10460	80007e64	0214ebb3	rem	x23,x9,x1	  x9:0xfaf3dcee  x1:0x00000622 x23=0xfffffe70
      105605000	     10461	80007e68	01ffecb3	or	x25,x31,x31	 x31:0x00000000 x31:0x00000000 x25=0x00000000
      105615000	     10462	80007e6c	01046033	or	x0,x8,x16	  x8:0x80c29d7c x16:0xa1a95d80  x0=0x00000000
      105655000	     10466	80007e70	03d03533	mulhu	x10,x0,x29	  x0:0x00000000 x29:0x269c4b31 x10=0x00000000
      105665000	     10467	80007e74	0000100f	fence.i	
      105685000	     10469	80007e78	018154b3	srl	x9,x2,x24	  x2:0xf5e39895 x24:0x00000000  x9=0xf5e39895
      106055000	     10506	80007e7c	032547b3	div	x15,x10,x18	 x10:0x00000000 x18:0x00000003 x15=0x00000000
      106065000	     10507	80007e80	00e7ce63	blt	x15,x14,80007e9c	 x15:0x00000000 x14:0x80025ce4
      106075000	     10508	80007e84	127d	c.addi	x4,-1	  x4:0x80c29ffd  x4=0x80c29ffc
      106085000	     10509	80007e86	016ee333	or	x6,x29,x22	 x29:0x269c4b31 x22:0x00000001  x6=0x269c4b31
      106095000	     10510	80007e8a	836e	c.mv	x6,x27	  x0:0x00000000 x27:0x00000000  x6=0x00000000
      106135000	     10514	80007e8c	038c1a33	mulh	x20,x24,x24	 x24:0x00000000 x24:0x00000000 x20=0x00000000
      106175000	     10518	80007e90	02693cb3	mulhu	x25,x18,x6	 x18:0x00000003  x6:0x00000000 x25=0x00000000
      106185000	     10519	80007e94	014cf6b3	and	x13,x25,x20	 x25:0x00000000 x20:0x00000000 x13=0x00000000
      106195000	     10520	80007e98	000407b3	add	x15,x8,x0	  x8:0x80c29d7c  x0:0x00000000 x15=0x80c29d7c
      106565000	     10557	80007e9c	031279b3	remu	x19,x4,x17	  x4:0x80c29ffc x17:0x0a1c64f9 x19=0x076de450
      106575000	     10558	80007ea0	06b2	c.slli	x13,0xc	 x13:0x00000000 x13=0x00000000
      106585000	     10559	80007ea2	00c2cf63	blt	x5,x12,80007ec0	  x5:0x00000000 x12:0x80021e04
      106595000	     10560	80007ea6	10226a93	ori	x21,x4,258	  x4:0x80c29ffc x21=0x80c29ffe
      106605000	     10561	80007eaa	f3e20213	addi	x4,x4,-194	  x4:0x80c29ffc  x4=0x80c29f3a
      106615000	     10562	80007eae	05c51363	bne	x10,x28,80007ef4	 x10:0x00000000 x28:0x033a213d
      106635000	     10564	80007ef4	0115cf63	blt	x11,x17,80007f12	 x11:0x0000075a x17:0x0a1c64f9
      106675000	     10568	80007f12	03befcb3	remu	x25,x29,x27	 x29:0x269c4b31 x27:0x00000000 x25=0x269c4b31
      106685000	     10569	80007f16	84b9	c.srai	x9,0xe	  x9:0xf5e39895  x9=0xffffd78e
      106695000	     10570	80007f18	0278c163	blt	x17,x7,80007f3a	 x17:0x0a1c64f9  x7:0xf5e3dcf5
      107065000	     10607	80007f1c	035ad033	divu	x0,x21,x21	 x21:0x80c29ffe x21:0x80c29ffe  x0=0x00000000
      107075000	     10608	80007f20	8025	c.srli	x8,0x9	  x8:0x80c29d7c  x8=0x0040614e
      107085000	     10609	80007f22	12fd	c.addi	x5,-1	  x5:0x00000000  x5=0xffffffff
      107455000	     10646	80007f24	0275e2b3	rem	x5,x11,x7	 x11:0x0000075a  x7:0xf5e3dcf5  x5=0x0000075a
      107465000	     10647	80007f28	41e6dd13	srai	x26,x13,0x1e	 x13:0x00000000 x26=0x00000000
      107835000	     10684	80007f2c	0295d9b3	divu	x19,x11,x9	 x11:0x0000075a  x9:0xffffd78e x19=0x00000000
      107845000	     10685	80007f30	00c01a93	slli	x21,x0,0xc	  x0:0x00000000 x21=0x00000000
      107855000	     10686	80007f34	4ab5	c.li	x21,13	 x21=0x0000000d
      107865000	     10687	80007f36	01af2cb3	slt	x25,x30,x26	 x30:0x00000000 x26:0x00000000 x25=0x00000000
      107875000	     10688	80007f3a	00de7963	bgeu	x28,x13,80007f4c	 x28:0x033a213d x13:0x00000000
      107895000	     10690	80007f4c	0b0a	c.slli	x22,0x2	 x22:0x00000001 x22=0x00000004
      107905000	     10691	80007f4e	84234b13	xori	x22,x6,-1982	  x6:0x00000000 x22=0xfffff842
      107915000	     10692	80007f52	8e95	c.sub	x13,x13	 x13:0x00000000 x13:0x00000000 x13=0x00000000
      107925000	     10693	80007f54	01071d93	slli	x27,x14,0x10	 x14:0x80025ce4 x27=0x5ce40000
      107935000	     10694	80007f58	8f66	c.mv	x30,x25	  x0:0x00000000 x25:0x00000000 x30=0x00000000
      107945000	     10695	80007f5a	00729d33	sll	x26,x5,x7	  x5:0x0000075a  x7:0xf5e3dcf5 x26=0xeb400000
      107955000	     10696	80007f5e	00266263	bltu	x12,x2,80007f62	 x12:0x80021e04  x2:0xf5e39895
      107975000	     10698	80007f62	8c6d	c.and	x8,x11	  x8:0x0040614e x11:0x0000075a  x8=0x0000014a
      107985000	     10699	80007f64	8cc9	c.or	x9,x10	  x9:0xffffd78e x10:0x00000000  x9=0xffffd78e
      107995000	     10700	80007f66	01499463	bne	x19,x20,80007f6e	 x19:0x00000000 x20:0x00000000
      108005000	     10701	80007f6a	01280c63	beq	x16,x18,80007f82	 x16:0xa1a95d80 x18:0x00000003
      108015000	     10702	80007f6e	3ca3a793	slti	x15,x7,970	  x7:0xf5e3dcf5 x15=0x00000001
      108035000	     10704	80007f72	039a6033	rem	x0,x20,x25	 x20:0x00000000 x25:0x00000000  x0=0x00000000
      108045000	     10705	80007f76	74c7f513	andi	x10,x15,1868	 x15:0x00000001 x10=0x00000000
      108055000	     10706	80007f7a	03da1863	bne	x20,x29,80007faa	 x20:0x00000000 x29:0x269c4b31
      108085000	     10709	80007faa	0309d863	bge	x19,x16,80007fda	 x19:0x00000000 x16:0xa1a95d80
      108105000	     10711	80007fda	18fd	c.addi	x17,-1	 x17:0x0a1c64f9 x17=0x0a1c64f8
      108115000	     10712	80007fdc	01167e63	bgeu	x12,x17,80007ff8	 x12:0x80021e04 x17:0x0a1c64f8
      108135000	     10714	80007ff8	00c96433	or	x8,x18,x12	 x18:0x00000003 x12:0x80021e04  x8=0x80021e07
      108145000	     10715	80007ffc	af0864b7	lui	x9,0xaf086	  x9=0xaf086000
      108155000	     10716	80008000	5a746593	ori	x11,x8,1447	  x8:0x80021e07 x11=0x80021fa7
      108165000	     10717	80008004	014b6933	or	x18,x22,x20	 x22:0xfffff842 x20:0x00000000 x18=0xfffff842
      108175000	     10718	80008008	409c5213	srai	x4,x24,0x9	 x24:0x00000000  x4=0x00000000
      108185000	     10719	8000800c	012d06b3	add	x13,x26,x18	 x26:0xeb400000 x18:0xfffff842 x13=0xeb3ff842
      108555000	     10756	80008010	0236e833	rem	x16,x13,x3	 x13:0xeb3ff842  x3:0x20000000 x16=0xeb3ff842
      108585000	     10759	80008014	02530a33	mul	x20,x6,x5	  x6:0x00000000  x5:0x0000075a x20=0x00000000
      108595000	     10760	80008018	00812ab3	slt	x21,x2,x8	  x2:0xf5e39895  x8:0x80021e07 x21=0x00000000
      108605000	     10761	8000801c	009a0d63	beq	x20,x9,80008036	 x20:0x00000000  x9:0xaf086000
      108615000	     10762	80008020	0ff0000f	fence	iorw,iorw	
      108625000	     10763	80008024	79f5e293	ori	x5,x11,1951	 x11:0x80021fa7  x5=0x80021fbf
      108635000	     10764	80008028	e905	c.bnez	x10,80008058	 x10:0x00000000
      108645000	     10765	8000802a	01944333	xor	x6,x8,x25	  x8:0x80021e07 x25:0x00000000  x6=0x80021e07
      108655000	     10766	8000802e	839d1c17	auipc	x24,0x839d1	 x24=0x039d902e
      108665000	     10767	80008032	0016fb63	bgeu	x13,x1,80008048	 x13:0xeb3ff842  x1:0x00000622
      108685000	     10769	80008048	8d55	c.or	x10,x13	 x10:0x00000000 x13:0xeb3ff842 x10=0xeb3ff842
      108695000	     10770	8000804a	1cfd	c.addi	x25,-1	 x25:0x00000000 x25=0xffffffff
      108705000	     10771	8000804c	02461163	bne	x12,x4,8000806e	 x12:0x80021e04  x4:0x00000000
      108725000	     10773	8000806e	0cf6	c.slli	x25,0x1d	 x25:0xffffffff x25=0xe0000000
      109095000	     10810	80008070	03114433	div	x8,x2,x17	  x2:0xf5e39895 x17:0x0a1c64f8  x8=0xffffffff
      109105000	     10811	80008074	012bd933	srl	x18,x23,x18	 x23:0xfffffe70 x18:0xfffff842 x18=0x3fffff9c
      109115000	     10812	80008078	8dd5	c.or	x11,x13	 x11:0x80021fa7 x13:0xeb3ff842 x11=0xeb3fffe7
      109125000	     10813	8000807a	0035de33	srl	x28,x11,x3	 x11:0xeb3fffe7  x3:0x20000000 x28=0xeb3fffe7
      109135000	     10814	8000807e	00a85d63	bge	x16,x10,80008098	 x16:0xeb3ff842 x10:0xeb3ff842
      109165000	     10817	80008098	02466833	rem	x16,x12,x4	 x12:0x80021e04  x4:0x00000000 x16=0x80021e04
      109175000	     10818	8000809c	6885	c.lui	x17,0x1	 x17=0x00001000
      109185000	     10819	8000809e	0ff0000f	fence	iorw,iorw	
      109195000	     10820	800080a2	8845	c.andi	x8,17	  x8:0xffffffff  x8=0x00000011
      109205000	     10821	800080a4	005edf33	srl	x30,x29,x5	 x29:0x269c4b31  x5:0x80021fbf x30=0x00000000
      109215000	     10822	800080a8	007c53b3	srl	x7,x24,x7	 x24:0x039d902e  x7:0xf5e3dcf5  x7=0x0000001c
      109225000	     10823	800080ac	01dcebb3	or	x23,x25,x29	 x25:0xe0000000 x29:0x269c4b31 x23=0xe69c4b31
      109235000	     10824	800080b0	01896db3	or	x27,x18,x24	 x18:0x3fffff9c x24:0x039d902e x27=0x3fffffbe
      109245000	     10825	800080b4	01d65eb3	srl	x29,x12,x29	 x12:0x80021e04 x29:0x269c4b31 x29=0x00004001
      109255000	     10826	800080b8	82b1	c.srli	x13,0xc	 x13:0xeb3ff842 x13=0x000eb3ff
      109625000	     10863	800080ba	037760b3	rem	x1,x14,x23	 x14:0x80025ce4 x23:0xe69c4b31  x1=0xfef4e4ef
      109635000	     10864	800080be	02504413	xori	x8,x0,37	  x0:0x00000000  x8=0x00000025
      109645000	     10865	800080c2	03f4f263	bgeu	x9,x31,800080e6	  x9:0xaf086000 x31:0x00000000
      109665000	     10867	800080e6	0449	c.addi	x8,18	  x8:0x00000025  x8=0x00000037
      109675000	     10868	800080e8	841d	c.srai	x8,0x7	  x8:0x00000037  x8=0x00000000
      109685000	     10869	800080ea	00e8f263	bgeu	x17,x14,800080ee	 x17:0x00001000 x14:0x80025ce4
      109695000	     10870	800080ee	41850433	sub	x8,x10,x24	 x10:0xeb3ff842 x24:0x039d902e  x8=0xe7a26814
      109705000	     10871	800080f2	64006593	ori	x11,x0,1600	  x0:0x00000000 x11=0x00000640
      109715000	     10872	800080f6	05b9f163	bgeu	x19,x27,80008138	 x19:0x00000000 x27:0x3fffffbe
      109725000	     10873	800080fa	0260c663	blt	x1,x6,80008126	  x1:0xfef4e4ef  x6:0x80021e07
      109735000	     10874	800080fe	8edd	c.or	x13,x15	 x13:0x000eb3ff x15:0x00000001 x13=0x000eb3ff
      109775000	     10878	80008100	02fc9433	mulh	x8,x25,x15	 x25:0xe0000000 x15:0x00000001  x8=0xffffffff
      109785000	     10879	80008104	00fe3333	sltu	x6,x28,x15	 x28:0xeb3fffe7 x15:0x00000001  x6=0x00000000
      109795000	     10880	80008108	009c3eb3	sltu	x29,x24,x9	 x24:0x039d902e  x9:0xaf086000 x29=0x00000001
      109805000	     10881	8000810c	8151	c.srli	x10,0x14	 x10:0xeb3ff842 x10=0x00000eb3
      109815000	     10882	8000810e	8695	c.srai	x13,0x5	 x13:0x000eb3ff x13=0x0000759f
      109825000	     10883	80008110	000e6263	bltu	x28,x0,80008114	 x28:0xeb3fffe7  x0:0x00000000
      109835000	     10884	80008114	8c41	c.or	x8,x8	  x8:0xffffffff  x8:0xffffffff  x8=0xffffffff
      109845000	     10885	80008116	5c7d	c.li	x24,-1	 x24=0xffffffff
      109875000	     10888	80008118	02290e33	mul	x28,x18,x2	 x18:0x3fffff9c  x2:0xf5e39895 x28=0x331865cc
      109885000	     10889	8000811c	8ec5	c.or	x13,x9	 x13:0x0000759f  x9:0xaf086000 x13=0xaf08759f
      109895000	     10890	8000811e	02d00763	beq	x0,x13,8000814c	  x0:0x00000000 x13:0xaf08759f
      109905000	     10891	80008122	db683293	sltiu	x5,x16,-586	 x16:0x80021e04  x5=0x00000001
      109945000	     10895	80008126	02179bb3	mulh	x23,x15,x1	 x15:0x00000001  x1:0xfef4e4ef x23=0xffffffff
      109955000	     10896	8000812a	0001	c.addi	x0,0	  x0:0x00000000  x0=0x00000000
      109965000	     10897	8000812c	03814063	blt	x2,x24,8000814c	  x2:0xf5e39895 x24:0xffffffff
      109985000	     10899	8000814c	85b6	c.mv	x11,x13	  x0:0x00000000 x13:0xaf08759f x11=0xaf08759f
      109995000	     10900	8000814e	464c8213	addi	x4,x25,1124	 x25:0xe0000000  x4=0xe0000464
      110365000	     10937	80008152	02d9d8b3	divu	x17,x19,x13	 x19:0x00000000 x13:0xaf08759f x17=0x00000000
      110375000	     10938	80008156	01caf9b3	and	x19,x21,x28	 x21:0x00000000 x28:0x331865cc x19=0x00000000
      110385000	     10939	8000815a	c42bb213	sltiu	x4,x23,-958	 x23:0xffffffff  x4=0x00000000
      110395000	     10940	8000815e	0000100f	fence.i	
      110425000	     10943	80008162	05af4363	blt	x30,x26,800081a8	 x30:0x00000000 x26:0xeb400000
      110435000	     10944	80008166	00ee88b3	add	x17,x29,x14	 x29:0x00000001 x14:0x80025ce4 x17=0x80025ce5
      110445000	     10945	8000816a	0188dd33	srl	x26,x17,x24	 x17:0x80025ce5 x24:0xffffffff x26=0x00000001
      110815000	     10982	8000816e	03d1d8b3	divu	x17,x3,x29	  x3:0x20000000 x29:0x00000001 x17=0x20000000
      110825000	     10983	80008172	00bd9833	sll	x16,x27,x11	 x27:0x3fffffbe x11:0xaf08759f x16=0x00000000
      110835000	     10984	80008176	0001	c.addi	x0,0	  x0:0x00000000  x0=0x00000000
      110845000	     10985	80008178	018b60b3	or	x1,x22,x24	 x22:0xfffff842 x24:0xffffffff  x1=0xffffffff
      110855000	     10986	8000817c	0ff0000f	fence	iorw,iorw	
      110865000	     10987	80008180	01089c33	sll	x24,x17,x16	 x17:0x20000000 x16:0x00000000 x24=0x20000000
      110875000	     10988	80008184	55cdd8b7	lui	x17,0x55cdd	 x17=0x55cdd000
      110885000	     10989	80008188	003050b3	srl	x1,x0,x3	  x0:0x00000000  x3:0x20000000  x1=0x00000000
      110895000	     10990	8000818c	8e81	c.sub	x13,x8	 x13:0xaf08759f  x8:0xffffffff x13=0xaf0875a0
      110905000	     10991	8000818e	d5858c93	addi	x25,x11,-680	 x11:0xaf08759f x25=0xaf0872f7
      110915000	     10992	80008192	00705313	srli	x6,x0,0x7	  x0:0x00000000  x6=0x00000000
      110925000	     10993	80008196	01151533	sll	x10,x10,x17	 x10:0x00000eb3 x17:0x55cdd000 x10=0x00000eb3
      110935000	     10994	8000819a	00d16b63	bltu	x2,x13,800081b0	  x2:0xf5e39895 x13:0xaf0875a0
      110945000	     10995	8000819e	845a	c.mv	x8,x22	  x0:0x00000000 x22:0xfffff842  x8=0xfffff842
      110955000	     10996	800081a0	9bfd	c.andi	x15,-1	 x15:0x00000001 x15=0x00000001
      110965000	     10997	800081a2	8fed	c.and	x15,x11	 x15:0x00000001 x11:0xaf08759f x15=0x00000001
      110975000	     10998	800081a4	0ff0000f	fence	iorw,iorw	
      110985000	     10999	800081a8	01dbe433	or	x8,x23,x29	 x23:0xffffffff x29:0x00000001  x8=0xffffffff
      110995000	     11000	800081ac	51cf69b7	lui	x19,0x51cf6	 x19=0x51cf6000
      111005000	     11001	800081b0	003c5513	srli	x10,x24,0x3	 x24:0x20000000 x10=0x04000000
      111015000	     11002	800081b4	3cb0fa13	andi	x20,x1,971	  x1:0x00000000 x20=0x00000000
      111025000	     11003	800081b8	013c1533	sll	x10,x24,x19	 x24:0x20000000 x19:0x51cf6000 x10=0x20000000
      111035000	     11004	800081bc	7c754697	auipc	x13,0x7c754	 x13=0xfc75c1bc
      111045000	     11005	800081c0	00c235b3	sltu	x11,x4,x12	  x4:0x00000000 x12:0x80021e04 x11=0x00000001
      111055000	     11006	800081c4	859d	c.srai	x11,0x7	 x11:0x00000001 x11=0x00000000
      111085000	     11009	800081c6	02f10eb3	mul	x29,x2,x15	  x2:0xf5e39895 x15:0x00000001 x29=0xf5e39895
      111125000	     11013	800081ca	03d8bbb3	mulhu	x23,x17,x29	 x17:0x55cdd000 x29:0xf5e39895 x23=0x526a40b3
      111495000	     11050	800081ce	0380f833	remu	x16,x1,x24	  x1:0x00000000 x24:0x20000000 x16=0x00000000
      111505000	     11051	800081d2	012b2193	slti	x3,x22,18	 x22:0xfffff842  x3=0x00000001
      111515000	     11052	800081d6	01d04463	blt	x0,x29,800081de	  x0:0x00000000 x29:0xf5e39895
      111525000	     11053	800081da	41c88833	sub	x16,x17,x28	 x17:0x55cdd000 x28:0x331865cc x16=0x22b56a34
      111565000	     11057	800081de	03733c33	mulhu	x24,x6,x23	  x6:0x00000000 x23:0x526a40b3 x24=0x00000000
      111575000	     11058	800081e2	0108ea63	bltu	x17,x16,800081f6	 x17:0x55cdd000 x16:0x22b56a34
      111585000	     11059	800081e6	8de9	c.and	x11,x10	 x11:0x00000000 x10:0x20000000 x11=0x00000000
      111595000	     11060	800081e8	17950193	addi	x3,x10,377	 x10:0x20000000  x3=0x20000179
      111605000	     11061	800081ec	8da9	c.xor	x11,x10	 x11:0x00000000 x10:0x20000000 x11=0x20000000
      111615000	     11062	800081ee	41518f33	sub	x30,x3,x21	  x3:0x20000179 x21:0x00000000 x30=0x20000179
      111985000	     11099	800081f2	033c65b3	rem	x11,x24,x19	 x24:0x00000000 x19:0x51cf6000 x11=0x00000000
      112355000	     11136	800081f6	0396c433	div	x8,x13,x25	 x13:0xfc75c1bc x25:0xaf0872f7  x8=0x00000000
      112365000	     11137	800081fa	8925	c.andi	x10,9	 x10:0x20000000 x10=0x00000000
      112735000	     11174	800081fc	02c25533	divu	x10,x4,x12	  x4:0x00000000 x12:0x80021e04 x10=0x00000000
      112755000	     11176	80008200	02a97d33	remu	x26,x18,x10	 x18:0x3fffff9c x10:0x00000000 x26=0x3fffff9c
      112765000	     11177	80008204	013b5c93	srli	x25,x22,0x13	 x22:0xfffff842 x25=0x00001fff
      112795000	     11180	80008208	03ea88b3	mul	x17,x21,x30	 x21:0x00000000 x30:0x20000179 x17=0x00000000
      112805000	     11181	8000820c	0c4e9337	lui	x6,0xc4e9	  x6=0x0c4e9000
      112815000	     11182	80008210	0001	c.addi	x0,0	  x0:0x00000000  x0=0x00000000
      112825000	     11183	80008212	00776b63	bltu	x14,x7,80008228	 x14:0x80025ce4  x7:0x0000001c
      112835000	     11184	80008216	7799ee13	ori	x28,x19,1913	 x19:0x51cf6000 x28=0x51cf6779
      112845000	     11185	8000821a	01770863	beq	x14,x23,8000822a	 x14:0x80025ce4 x23:0x526a40b3
      112855000	     11186	8000821e	00794b33	xor	x22,x18,x7	 x18:0x3fffff9c  x7:0x0000001c x22=0x3fffff80
      112865000	     11187	80008222	c51af893	andi	x17,x21,-943	 x21:0x00000000 x17=0x00000000
      112875000	     11188	80008226	9ab6	c.add	x21,x13	 x21:0x00000000 x13:0xfc75c1bc x21=0xfc75c1bc
      112885000	     11189	80008228	8885	c.andi	x9,1	  x9:0xaf086000  x9=0x00000000
      112895000	     11190	8000822a	54ad7d93	andi	x27,x26,1354	 x26:0x3fffff9c x27=0x00000508
      112905000	     11191	8000822e	418ede33	sra	x28,x29,x24	 x29:0xf5e39895 x24:0x00000000 x28=0xf5e39895
      112915000	     11192	80008232	0153f2b3	and	x5,x7,x21	  x7:0x0000001c x21:0xfc75c1bc  x5=0x0000001c
      112955000	     11196	80008236	03e12233	mulhsu	x4,x2,x30	  x2:0xf5e39895 x30:0x20000179  x4=0xfebc7303
      112965000	     11197	8000823a	0ff0000f	fence	iorw,iorw	
      112975000	     11198	8000823e	0194fbb3	and	x23,x9,x25	  x9:0x00000000 x25:0x00001fff x23=0x00000000
      113345000	     11235	80008242	039d4bb3	div	x23,x26,x25	 x26:0x3fffff9c x25:0x00001fff x23=0x0002000f
      113355000	     11236	80008246	8c19	c.sub	x8,x14	  x8:0x00000000 x14:0x80025ce4  x8=0x7ffda31c
      113365000	     11237	80008248	01c76b63	bltu	x14,x28,8000825e	 x14:0x80025ce4 x28:0xf5e39895
      113755000	     11276	8000825e	02d4db33	divu	x22,x9,x13	  x9:0x00000000 x13:0xfc75c1bc x22=0x00000000
      113765000	     11277	80008262	01747b33	and	x22,x8,x23	  x8:0x7ffda31c x23:0x0002000f x22=0x0000000c
      113805000	     11281	80008266	038fa9b3	mulhsu	x19,x31,x24	 x31:0x00000000 x24:0x00000000 x19=0x00000000
      113815000	     11282	8000826a	41e5	c.li	x3,25	  x3=0x00000019
      114185000	     11319	8000826c	02c3c6b3	div	x13,x7,x12	  x7:0x0000001c x12:0x80021e04 x13=0x00000000
      114225000	     11323	80008270	02b83c33	mulhu	x24,x16,x11	 x16:0x22b56a34 x11:0x00000000 x24=0x00000000
      114235000	     11324	80008274	02d85c63	bge	x16,x13,800082ac	 x16:0x22b56a34 x13:0x00000000
      114255000	     11326	800082ac	6955	c.lui	x18,0x15	 x18=0x00015000
      114285000	     11329	800082ae	02c181b3	mul	x3,x3,x12	  x3:0x00000019 x12:0x80021e04  x3=0x8034ee64
      114295000	     11330	800082b2	004a6d63	bltu	x20,x4,800082cc	 x20:0x00000000  x4:0xfebc7303
      114315000	     11332	800082cc	e495	c.bnez	x9,800082f8	  x9:0x00000000
      114325000	     11333	800082ce	003b7b63	bgeu	x22,x3,800082e4	 x22:0x0000000c  x3:0x8034ee64
      114335000	     11334	800082d2	00274e33	xor	x28,x14,x2	 x14:0x80025ce4  x2:0xf5e39895 x28=0x75e1c471
      114345000	     11335	800082d6	0001	c.addi	x0,0	  x0:0x00000000  x0=0x00000000
      114355000	     11336	800082d8	00199693	slli	x13,x19,0x1	 x19:0x00000000 x13=0x00000000
      114365000	     11337	800082dc	53d53693	sltiu	x13,x10,1341	 x10:0x00000000 x13=0x00000001
      114375000	     11338	800082e0	8395	c.srli	x15,0x5	 x15:0x00000001 x15=0x00000000
      114385000	     11339	800082e2	8442	c.mv	x8,x16	  x0:0x00000000 x16:0x22b56a34  x8=0x22b56a34
      114395000	     11340	800082e4	69e9	c.lui	x19,0x1a	 x19=0x0001a000
      114405000	     11341	800082e6	6dad	c.lui	x27,0xb	 x27=0x0000b000
      114415000	     11342	800082e8	c59e2c37	lui	x24,0xc59e2	 x24=0xc59e2000
      114425000	     11343	800082ec	8c39	c.xor	x8,x14	  x8:0x22b56a34 x14:0x80025ce4  x8=0xa2b736d0
      114435000	     11344	800082ee	4e6d9ab7	lui	x21,0x4e6d9	 x21=0x4e6d9000
      114445000	     11345	800082f2	008498b3	sll	x17,x9,x8	  x9:0x00000000  x8:0xa2b736d0 x17=0x00000000
      114455000	     11346	800082f6	8d59	c.or	x10,x14	 x10:0x00000000 x14:0x80025ce4 x10=0x80025ce4
      114495000	     11350	800082f8	022f9bb3	mulh	x23,x31,x2	 x31:0x00000000  x2:0xf5e39895 x23=0x00000000
      114505000	     11351	800082fc	0001	c.addi	x0,0	  x0:0x00000000  x0=0x00000000
      114545000	     11355	800082fe	024013b3	mulh	x7,x0,x4	  x0:0x00000000  x4:0xfebc7303  x7=0x00000000
      114555000	     11356	80008302	1b7d	c.addi	x22,-1	 x22:0x0000000c x22=0x0000000b
      114925000	     11393	80008304	03a345b3	div	x11,x6,x26	  x6:0x0c4e9000 x26:0x3fffff9c x11=0x00000000
      114935000	     11394	80008308	002d5a63	bge	x26,x2,8000831c	 x26:0x3fffff9c  x2:0xf5e39895
      114955000	     11396	8000831c	014ef263	bgeu	x29,x20,80008320	 x29:0xf5e39895 x20:0x00000000
      114975000	     11398	80008320	8d8d	c.sub	x11,x11	 x11:0x00000000 x11:0x00000000 x11=0x00000000
      114985000	     11399	80008322	019cb933	sltu	x18,x25,x25	 x25:0x00001fff x25:0x00001fff x18=0x00000000
      114995000	     11400	80008326	00df6463	bltu	x30,x13,8000832e	 x30:0x20000179 x13:0x00000001
      115005000	     11401	8000832a	9b9e	c.add	x23,x7	 x23:0x00000000  x7:0x00000000 x23=0x00000000
      115015000	     11402	8000832c	c109	c.beqz	x10,8000832e	 x10:0x80025ce4
      115025000	     11403	8000832e	0102c833	xor	x16,x5,x16	  x5:0x0000001c x16:0x22b56a34 x16=0x22b56a28
      115395000	     11440	80008332	025a7f33	remu	x30,x20,x5	 x20:0x00000000  x5:0x0000001c x30=0x00000000
      115405000	     11441	80008336	00462083	lw	x1,4(x12)	 x12:0x80021e04  x1=0x800034f8 PA:0x80021e08 load:0x800034f8
      115415000	     11442	8000833a	6467b393	sltiu	x7,x15,1606	 x15:0x00000000  x7=0x00000001
      115425000	     11443	8000833e	413cdb93	srai	x23,x25,0x13	 x25:0x00001fff x23=0x00000000
      115435000	     11444	80008342	02060613	addi	x12,x12,32	 x12:0x80021e04 x12=0x80021e24
      115445000	     11445	80008346	0001	c.addi	x0,0	  x0:0x00000000  x0=0x00000000
      115455000	     11446	80008348	00108b93	addi	x23,x1,1	  x1:0x800034f8 x23=0x800034f9
      115465000	     11447	8000834c	000b8be7	jalr	x23,0(x23)	 x23:0x800034f9 x23=0x80008350
      115485000	     11449	800034f8	01671f13	slli	x30,x14,0x16	 x14:0x80025ce4 x30=0x39000000
      115495000	     11450	800034fc	845d	c.srai	x8,0x17	  x8:0xa2b736d0  x8=0xffffff45
      115505000	     11451	800034fe	0ff0000f	fence	iorw,iorw	
      115515000	     11452	80003502	403dd413	srai	x8,x27,0x3	 x27:0x0000b000  x8=0x00001600
      115525000	     11453	80003506	8911	c.andi	x10,4	 x10:0x80025ce4 x10=0x00000004
      115895000	     11490	80003508	02414033	div	x0,x2,x4	  x2:0xf5e39895  x4:0xfebc7303  x0=0x00000000
      115905000	     11491	8000350c	013d8463	beq	x27,x19,80003514	 x27:0x0000b000 x19:0x0001a000
      115915000	     11492	80003510	0233db63	bge	x7,x3,80003546	  x7:0x00000001  x3:0x8034ee64
      115945000	     11495	80003546	0086dfb3	srl	x31,x13,x8	 x13:0x00000001  x8:0x00001600 x31=0x00000001
      115955000	     11496	8000354a	8ddd	c.or	x11,x15	 x11:0x00000000 x15:0x00000000 x11=0x00000000
      115965000	     11497	8000354c	ea7d3213	sltiu	x4,x26,-345	 x26:0x3fffff9c  x4=0x00000001
      115975000	     11498	80003550	05b80263	beq	x16,x27,80003594	 x16:0x22b56a28 x27:0x0000b000
      115985000	     11499	80003554	015a6bb3	or	x23,x20,x21	 x20:0x00000000 x21:0x4e6d9000 x23=0x4e6d9000
      116355000	     11536	80003558	03f447b3	div	x15,x8,x31	  x8:0x00001600 x31:0x00000001 x15=0x00001600
      116365000	     11537	8000355c	005c8833	add	x16,x25,x5	 x25:0x00001fff  x5:0x0000001c x16=0x0000201b
      116375000	     11538	80003560	00c81f63	bne	x16,x12,8000357e	 x16:0x0000201b x12:0x80021e24
      116405000	     11541	8000357e	40900833	sub	x16,x0,x9	  x0:0x00000000  x9:0x00000000 x16=0x00000000
      116415000	     11542	80003582	41390a33	sub	x20,x18,x19	 x18:0x00000000 x19:0x0001a000 x20=0xfffe6000
      116425000	     11543	80003586	03f90963	beq	x18,x31,800035b8	 x18:0x00000000 x31:0x00000001
      116435000	     11544	8000358a	0001	c.addi	x0,0	  x0:0x00000000  x0=0x00000000
      116445000	     11545	8000358c	0ff0000f	fence	iorw,iorw	
      116455000	     11546	80003590	0001	c.addi	x0,0	  x0:0x00000000  x0=0x00000000
      116465000	     11547	80003592	8129	c.srli	x10,0xa	 x10:0x00000004 x10=0x00000000
      116505000	     11551	80003594	02c11033	mulh	x0,x2,x12	  x2:0xf5e39895 x12:0x80021e24  x0=0x00000000
      116515000	     11552	80003598	12fd	c.addi	x5,-1	  x5:0x0000001c  x5=0x0000001b
      116555000	     11556	8000359a	0207a433	mulhsu	x8,x15,x0	 x15:0x00001600  x0:0x00000000  x8=0x00000000
      116565000	     11557	8000359e	8c79	c.and	x8,x14	  x8:0x00000000 x14:0x80025ce4  x8=0x00000000
      116575000	     11558	800035a0	03725963	bge	x4,x23,800035d2	  x4:0x00000001 x23:0x4e6d9000
      116585000	     11559	800035a4	8cd9	c.or	x9,x14	  x9:0x00000000 x14:0x80025ce4  x9=0x80025ce4
      116595000	     11560	800035a6	0000100f	fence.i	
      116615000	     11562	800035aa	9c56	c.add	x24,x21	 x24:0xc59e2000 x21:0x4e6d9000 x24=0x140bb000
      116625000	     11563	800035ac	6a85	c.lui	x21,0x1	 x21=0x00001000
      116635000	     11564	800035ae	00e0dfb3	srl	x31,x1,x14	  x1:0x800034f8 x14:0x80025ce4 x31=0x0800034f
      116645000	     11565	800035b2	67b6ff13	andi	x30,x13,1659	 x13:0x00000001 x30=0x00000001
      116655000	     11566	800035b6	9aba	c.add	x21,x14	 x21:0x00001000 x14:0x80025ce4 x21=0x80026ce4
      117025000	     11603	800035b8	027ae6b3	rem	x13,x21,x7	 x21:0x80026ce4  x7:0x00000001 x13=0x00000000
      117035000	     11604	800035bc	8d31	c.xor	x10,x12	 x10:0x00000000 x12:0x80021e24 x10=0x80021e24
      117045000	     11605	800035be	9bfd	c.andi	x15,-1	 x15:0x00001600 x15=0x00001600
      117055000	     11606	800035c0	66563d13	sltiu	x26,x12,1637	 x12:0x80021e24 x26=0x00000000
      117065000	     11607	800035c4	00c99e33	sll	x28,x19,x12	 x19:0x0001a000 x12:0x80021e24 x28=0x001a0000
      117075000	     11608	800035c8	496c4a13	xori	x20,x24,1174	 x24:0x140bb000 x20=0x140bb496
      117085000	     11609	800035cc	03d2	c.slli	x7,0x14	  x7:0x00000001  x7=0x00100000
      117455000	     11646	800035ce	02107b33	remu	x22,x0,x1	  x0:0x00000000  x1:0x800034f8 x22=0x00000000
      117465000	     11647	800035d2	41735a13	srai	x20,x6,0x17	  x6:0x0c4e9000 x20=0x00000018
      117475000	     11648	800035d6	013e9c93	slli	x25,x29,0x13	 x29:0xf5e39895 x25=0xc4a80000
      117485000	     11649	800035da	0000100f	fence.i	
      117505000	     11651	800035de	c01d	c.beqz	x8,80003604	  x8:0x00000000
      117885000	     11689	80003604	0234fcb3	remu	x25,x9,x3	  x9:0x80025ce4  x3:0x8034ee64 x25=0x80025ce4
      117895000	     11690	80003608	80ee	c.mv	x1,x27	  x0:0x00000000 x27:0x0000b000  x1=0x0000b000
      117905000	     11691	8000360a	01518233	add	x4,x3,x21	  x3:0x8034ee64 x21:0x80026ce4  x4=0x00375b48
      117915000	     11692	8000360e	5af66b93	ori	x23,x12,1455	 x12:0x80021e24 x23=0x80021faf
      117955000	     11696	80003612	02d23ab3	mulhu	x21,x4,x13	  x4:0x00375b48 x13:0x00000000 x21=0x00000000
      117965000	     11697	80003616	280cf693	andi	x13,x25,640	 x25:0x80025ce4 x13=0x00000080
      117975000	     11698	8000361a	406858b3	sra	x17,x16,x6	 x16:0x00000000  x6:0x0c4e9000 x17=0x00000000
      118015000	     11702	8000361e	03b9af33	mulhsu	x30,x19,x27	 x19:0x0001a000 x27:0x0000b000 x30=0x00000001
      118035000	     11704	80003622	02b47833	remu	x16,x8,x11	  x8:0x00000000 x11:0x00000000 x16=0x00000000
      118045000	     11705	80003626	015562b3	or	x5,x10,x21	 x10:0x80021e24 x21:0x00000000  x5=0x80021e24
      118065000	     11707	8000362a	020de2b3	rem	x5,x27,x0	 x27:0x0000b000  x0:0x00000000  x5=0x0000b000
      118075000	     11708	8000362e	634d	c.lui	x6,0x13	  x6=0x00013000
      118085000	     11709	80003630	0ff0000f	fence	iorw,iorw	
      118095000	     11710	80003634	8ef1	c.and	x13,x12	 x13:0x00000080 x12:0x80021e24 x13=0x00000000
      118105000	     11711	80003636	85d653b7	lui	x7,0x85d65	  x7=0x85d65000
      118115000	     11712	8000363a	010e2d33	slt	x26,x28,x16	 x28:0x001a0000 x16:0x00000000 x26=0x00000000
      118125000	     11713	8000363e	c111	c.beqz	x10,80003642	 x10:0x80021e24
      118135000	     11714	80003640	8e81	c.sub	x13,x8	 x13:0x00000000  x8:0x00000000 x13=0x00000000
      118145000	     11715	80003642	03cfc663	blt	x31,x28,8000366e	 x31:0x0800034f x28:0x001a0000
      118155000	     11716	80003646	855d	c.srai	x10,0x17	 x10:0x80021e24 x10=0xffffff00
      118165000	     11717	80003648	4f857f93	andi	x31,x10,1272	 x10:0xffffff00 x31=0x00000400
      118175000	     11718	8000364c	8785	c.srai	x15,0x1	 x15:0x00001600 x15=0x00000b00
      118185000	     11719	8000364e	01c43533	sltu	x10,x8,x28	  x8:0x00000000 x28:0x001a0000 x10=0x00000001
      118195000	     11720	80003652	03eb4163	blt	x22,x30,80003674	 x22:0x00000000 x30:0x00000001
      118215000	     11722	80003674	03246163	bltu	x8,x18,80003696	  x8:0x00000000 x18:0x00000000
      118225000	     11723	80003678	00c542b3	xor	x5,x10,x12	 x10:0x00000001 x12:0x80021e24  x5=0x80021e25
      118235000	     11724	8000367c	f16471b7	lui	x3,0xf1647	  x3=0xf1647000
      118245000	     11725	80003680	0001	c.addi	x0,0	  x0:0x00000000  x0=0x00000000
      118255000	     11726	80003682	9322	c.add	x6,x8	  x6:0x00013000  x8:0x00000000  x6=0x00013000
      118265000	     11727	80003684	017e1a13	slli	x20,x28,0x17	 x28:0x001a0000 x20=0x00000000
      118635000	     11764	80003688	0292e0b3	rem	x1,x5,x9	  x5:0x80021e25  x9:0x80025ce4  x1=0xffffc141
      118645000	     11765	8000368c	8fb1	c.xor	x15,x12	 x15:0x00000b00 x12:0x80021e24 x15=0x80021524
      118655000	     11766	8000368e	afa4e417	auipc	x8,0xafa4e	  x8=0x2fa5168e
      118665000	     11767	80003692	81dd	c.srli	x11,0x17	 x11:0x00000000 x11=0x00000000
      118675000	     11768	80003694	11fd	c.addi	x3,-1	  x3:0xf1647000  x3=0xf1646fff
      118685000	     11769	80003696	03680e63	beq	x16,x22,800036d2	 x16:0x00000000 x22:0x00000000
      118715000	     11772	800036d2	0ff0000f	fence	iorw,iorw	
      119085000	     11809	800036d6	0254dbb3	divu	x23,x9,x5	  x9:0x80025ce4  x5:0x80021e25 x23=0x00000001
      119095000	     11810	800036da	83ed	c.srli	x15,0x1b	 x15:0x80021524 x15=0x00000010
      119105000	     11811	800036dc	407f83b3	sub	x7,x31,x7	 x31:0x00000400  x7:0x85d65000  x7=0x7a29b400
      119145000	     11815	800036e0	02a9a6b3	mulhsu	x13,x19,x10	 x19:0x0001a000 x10:0x00000001 x13=0x00000000
      119155000	     11816	800036e4	ed01	c.bnez	x10,800036fc	 x10:0x00000001
      119175000	     11818	800036fc	03916463	bltu	x2,x25,80003724	  x2:0xf5e39895 x25:0x80025ce4
      119185000	     11819	80003700	93433997	auipc	x19,0x93433	 x19=0x13436700
      119195000	     11820	80003704	00885f13	srli	x30,x16,0x8	 x16:0x00000000 x30=0x00000000
      119205000	     11821	80003708	80bd	c.srli	x9,0xf	  x9:0x80025ce4  x9=0x00010004
      119215000	     11822	8000370a	0521f163	bgeu	x3,x18,8000374c	  x3:0xf1646fff x18:0x00000000
      119265000	     11827	8000374c	02091b33	mulh	x22,x18,x0	 x18:0x00000000  x0:0x00000000 x22=0x00000000
      119275000	     11828	80003750	5a7d	c.li	x20,-1	 x20=0xffffffff
      119285000	     11829	80003752	015b7533	and	x10,x22,x21	 x22:0x00000000 x21:0x00000000 x10=0x00000000
      119325000	     11833	80003756	0355ad33	mulhsu	x26,x11,x21	 x11:0x00000000 x21:0x00000000 x26=0x00000000
      119355000	     11836	8000375a	038f8433	mul	x8,x31,x24	 x31:0x00000400 x24:0x140bb000  x8=0x2ec00000
      119375000	     11838	8000375e	03aa7fb3	remu	x31,x20,x26	 x20:0xffffffff x26:0x00000000 x31=0xffffffff
      119385000	     11839	80003762	004b7db3	and	x27,x22,x4	 x22:0x00000000  x4:0x00375b48 x27=0x00000000
      119395000	     11840	80003766	0091e5b3	or	x11,x3,x9	  x3:0xf1646fff  x9:0x00010004 x11=0xf1656fff
      119405000	     11841	8000376a	6580bb13	sltiu	x22,x1,1624	  x1:0xffffc141 x22=0x00000000
      119415000	     11842	8000376e	0177cf63	blt	x15,x23,8000378c	 x15:0x00000010 x23:0x00000001
      119425000	     11843	80003772	0131be33	sltu	x28,x3,x19	  x3:0xf1646fff x19:0x13436700 x28=0x00000000
      119435000	     11844	80003776	0689	c.addi	x13,2	 x13:0x00000000 x13=0x00000002
      119445000	     11845	80003778	00cc9393	slli	x7,x25,0xc	 x25:0x80025ce4  x7=0x25ce4000
      119455000	     11846	8000377c	0084e7b3	or	x15,x9,x8	  x9:0x00010004  x8:0x2ec00000 x15=0x2ec10004
      119465000	     11847	80003780	006e3b33	sltu	x22,x28,x6	 x28:0x00000000  x6:0x00013000 x22=0x00000001
      119505000	     11851	80003784	036c32b3	mulhu	x5,x24,x22	 x24:0x140bb000 x22:0x00000001  x5=0x00000000
      119515000	     11852	80003788	0001	c.addi	x0,0	  x0:0x00000000  x0=0x00000000
      119525000	     11853	8000378a	e915	c.bnez	x10,800037be	 x10:0x00000000
      119535000	     11854	8000378c	1cfd	c.addi	x25,-1	 x25:0x80025ce4 x25=0x80025ce3
      119545000	     11855	8000378e	15fd	c.addi	x11,-1	 x11:0xf1656fff x11=0xf1656ffe
      119555000	     11856	80003790	7fabce13	xori	x28,x23,2042	 x23:0x00000001 x28=0x000007fb
      119565000	     11857	80003794	d2e18193	addi	x3,x3,-722	  x3:0xf1646fff  x3=0xf1646d2d
      119575000	     11858	80003798	8a7a	c.mv	x20,x30	  x0:0x00000000 x30:0x00000000 x20=0x00000000
      119585000	     11859	8000379a	001a5e93	srli	x29,x20,0x1	 x20:0x00000000 x29=0x00000000
      119595000	     11860	8000379e	01f5fc33	and	x24,x11,x31	 x11:0xf1656ffe x31:0xffffffff x24=0xf1656ffe
      119605000	     11861	800037a2	0023f5b3	and	x11,x7,x2	  x7:0x25ce4000  x2:0xf5e39895 x11=0x25c20000
      119615000	     11862	800037a6	1bfd	c.addi	x23,-1	 x23:0x00000001 x23=0x00000000
      119625000	     11863	800037a8	9afd	c.andi	x13,-1	 x13:0x00000002 x13=0x00000002
      119635000	     11864	800037aa	8d2d	c.xor	x10,x11	 x10:0x00000000 x11:0x25c20000 x10=0x25c20000
      119675000	     11868	800037ac	0276aab3	mulhsu	x21,x13,x7	 x13:0x00000002  x7:0x25ce4000 x21=0x00000000
      119685000	     11869	800037b0	8f85	c.sub	x15,x9	 x15:0x2ec10004  x9:0x00010004 x15=0x2ec00000
      119695000	     11870	800037b2	933a	c.add	x6,x14	  x6:0x00013000 x14:0x80025ce4  x6=0x80038ce4
      119705000	     11871	800037b4	0008d393	srli	x7,x17,0x0	 x17:0x00000000  x7=0x00000000
      119715000	     11872	800037b8	00984933	xor	x18,x16,x9	 x16:0x00000000  x9:0x00010004 x18=0x00010004
      119725000	     11873	800037bc	8da9	c.xor	x11,x10	 x11:0x25c20000 x10:0x25c20000 x11=0x00000000
      119735000	     11874	800037be	0c1a	c.slli	x24,0x6	 x24:0xf1656ffe x24=0x595bff80
      119745000	     11875	800037c0	b59bcf93	xori	x31,x23,-1191	 x23:0x00000000 x31=0xfffffb59
      119765000	     11877	800037c4	03ba5db3	divu	x27,x20,x27	 x20:0x00000000 x27:0x00000000 x27=0xffffffff
      119775000	     11878	800037c8	0030d3b3	srl	x7,x1,x3	  x1:0xffffc141  x3:0xf1646d2d  x7=0x0007fffe
      119785000	     11879	800037cc	88f5	c.andi	x9,29	  x9:0x00010004  x9=0x00000004
      119795000	     11880	800037ce	8d89	c.sub	x11,x10	 x11:0x00000000 x10:0x25c20000 x11=0xda3e0000
      119805000	     11881	800037d0	0001	c.addi	x0,0	  x0:0x00000000  x0=0x00000000
      119815000	     11882	800037d2	00db96b3	sll	x13,x23,x13	 x23:0x00000000 x13:0x00000002 x13=0x00000000
      119825000	     11883	800037d6	8dfd	c.and	x11,x15	 x11:0xda3e0000 x15:0x2ec00000 x11=0x0a000000
      119835000	     11884	800037d8	0203f463	bgeu	x7,x0,80003800	  x7:0x0007fffe  x0:0x00000000
      119855000	     11886	80003800	00bf8963	beq	x31,x11,80003812	 x31:0xfffffb59 x11:0x0a000000
      119865000	     11887	80003804	e395	c.bnez	x15,80003828	 x15:0x2ec00000
      119885000	     11889	80003828	c801	c.beqz	x8,80003838	  x8:0x2ec00000
      119925000	     11893	8000382a	02ba1d33	mulh	x26,x20,x11	 x20:0x00000000 x11:0x0a000000 x26=0x00000000
      119935000	     11894	8000382e	00870f63	beq	x14,x8,8000384c	 x14:0x80025ce4  x8:0x2ec00000
      119945000	     11895	80003832	0034fb33	and	x22,x9,x3	  x9:0x00000004  x3:0xf1646d2d x22=0x00000004
      119955000	     11896	80003836	8baa	c.mv	x23,x10	  x0:0x00000000 x10:0x25c20000 x23=0x25c20000
      119975000	     11898	80003838	03af47b3	div	x15,x30,x26	 x30:0x00000000 x26:0x00000000 x15=0xffffffff
      119985000	     11899	8000383c	404285b3	sub	x11,x5,x4	  x5:0x00000000  x4:0x00375b48 x11=0xffc8a4b8
      119995000	     11900	80003840	ec85	c.bnez	x9,80003878	  x9:0x00000004
      120015000	     11902	80003878	5b427d93	andi	x27,x4,1460	  x4:0x00375b48 x27=0x00000100
      120025000	     11903	8000387c	00d95f13	srli	x30,x18,0xd	 x18:0x00010004 x30=0x00000008
      120395000	     11940	80003880	032261b3	rem	x3,x4,x18	  x4:0x00375b48 x18:0x00010004  x3=0x00005a6c
      120405000	     11941	80003884	006133b3	sltu	x7,x2,x6	  x2:0xf5e39895  x6:0x80038ce4  x7=0x00000000
      120415000	     11942	80003888	024d	c.addi	x4,19	  x4:0x00375b48  x4=0x00375b5b
      120425000	     11943	8000388a	0198e663	bltu	x17,x25,80003896	 x17:0x00000000 x25:0x80025ce3
      120455000	     11946	80003896	45cc7c93	andi	x25,x24,1116	 x24:0x595bff80 x25=0x00000400
      120465000	     11947	8000389a	011b9eb3	sll	x29,x23,x17	 x23:0x25c20000 x17:0x00000000 x29=0x25c20000
      120835000	     11984	8000389e	038ac4b3	div	x9,x21,x24	 x21:0x00000000 x24:0x595bff80  x9=0x00000000
      120845000	     11985	800038a2	005483b3	add	x7,x9,x5	  x9:0x00000000  x5:0x00000000  x7=0x00000000
      120855000	     11986	800038a6	404bd893	srai	x17,x23,0x4	 x23:0x25c20000 x17=0x025c2000
      120865000	     11987	800038aa	0015fa33	and	x20,x11,x1	 x11:0xffc8a4b8  x1:0xffffc141 x20=0xffc88000
      120875000	     11988	800038ae	ef99	c.bnez	x15,800038cc	 x15:0xffffffff
      120895000	     11990	800038cc	8d3d	c.xor	x10,x15	 x10:0x25c20000 x15:0xffffffff x10=0xda3dffff
      120905000	     11991	800038ce	155b4313	xori	x6,x22,341	 x22:0x00000004  x6=0x00000151
      120915000	     11992	800038d2	36d74293	xori	x5,x14,877	 x14:0x80025ce4  x5=0x80025f89
      120925000	     11993	800038d6	8386	c.mv	x7,x1	  x0:0x00000000  x1:0xffffc141  x7=0xffffc141
      120935000	     11994	800038d8	4105db13	srai	x22,x11,0x10	 x11:0xffc8a4b8 x22=0xffffffc8
      120945000	     11995	800038dc	003b1763	bne	x22,x3,800038ea	 x22:0xffffffc8  x3:0x00005a6c
      120975000	     11998	800038ea	0010ad33	slt	x26,x1,x1	  x1:0xffffc141  x1:0xffffc141 x26=0x00000000
      120985000	     11999	800038ee	00462083	lw	x1,4(x12)	 x12:0x80021e24  x1=0x80003406 PA:0x80021e28 load:0x80003406
      120995000	     12000	800038f2	41245a33	sra	x20,x8,x18	  x8:0x2ec00000 x18:0x00010004 x20=0x02ec0000
      121005000	     12001	800038f6	6195	c.lui	x3,0x5	  x3=0x00005000
      121015000	     12002	800038f8	04060613	addi	x12,x12,64	 x12:0x80021e24 x12=0x80021e64
      121055000	     12006	800038fc	03052ab3	mulhsu	x21,x10,x16	 x10:0xda3dffff x16:0x00000000 x21=0x00000000
      121065000	     12007	80003900	d76b35b7	lui	x11,0xd76b3	 x11=0xd76b3000
      121075000	     12008	80003904	00008e13	addi	x28,x1,0	  x1:0x80003406 x28=0x80003406
      121085000	     12009	80003908	9e02	c.jalr	x28	 x28:0x80003406  x1=0x8000390a
      121105000	     12011	80003406	8d51	c.or	x10,x12	 x10:0xda3dffff x12:0x80021e64 x10=0xda3fffff
      121115000	     12012	80003408	000a5893	srli	x17,x20,0x0	 x20:0x02ec0000 x17=0x02ec0000
      121125000	     12013	8000340c	00005497	auipc	x9,0x5	  x9=0x8000840c
      121135000	     12014	80003410	fb848493	addi	x9,x9,-72	  x9:0x8000840c  x9=0x800083c4
      121145000	     12015	80003414	0021c1b3	xor	x3,x3,x2	  x3:0x00005000  x2:0xf5e39895  x3=0xf5e3c895
      121155000	     12016	80003418	7c4b5597	auipc	x11,0x7c4b5	 x11=0xfc4b8418
      121165000	     12017	8000341c	41a055b3	sra	x11,x0,x26	  x0:0x00000000 x26:0x00000000 x11=0x00000000
      121175000	     12018	80003420	00ce8333	add	x6,x29,x12	 x29:0x25c20000 x12:0x80021e64  x6=0xa5c41e64
      121185000	     12019	80003424	017cd833	srl	x16,x25,x23	 x25:0x00000400 x23:0x25c20000 x16=0x00000400
      121195000	     12020	80003428	01a9f2b3	and	x5,x19,x26	 x19:0x13436700 x26:0x00000000  x5=0x00000000
      121565000	     12057	8000342c	0230dc33	divu	x24,x1,x3	  x1:0x8000390a  x3:0xf5e3c895 x24=0x00000000
      121575000	     12058	80003430	9832	c.add	x16,x12	 x16:0x00000400 x12:0x80021e64 x16=0x80022264
      121585000	     12059	80003432	8815	c.andi	x8,5	  x8:0x2ec00000  x8=0x00000000
      121595000	     12060	80003434	c0d48493	addi	x9,x9,-1011	  x9:0x800083c4  x9=0x80007fd1
      121605000	     12061	80003438	00551363	bne	x10,x5,8000343e	 x10:0xda3fffff  x5:0x00000000
      121635000	     12064	8000343e	3f3480e7	jalr	x1,1011(x9)	  x9:0x80007fd1  x1=0x80003442
      121655000	     12066	800083c4	8c4d	c.or	x8,x11	  x8:0x00000000 x11:0x00000000  x8=0x00000000
      121665000	     12067	800083c6	0131f5b3	and	x11,x3,x19	  x3:0xf5e3c895 x19:0x13436700 x11=0x11434000
      121675000	     12068	800083ca	0ff0000f	fence	iorw,iorw	
      121685000	     12069	800083ce	0172edb3	or	x27,x5,x23	  x5:0x00000000 x23:0x25c20000 x27=0x25c20000
      121695000	     12070	800083d2	87f5	c.srai	x15,0x1d	 x15:0xffffffff x15=0xffffffff
      121705000	     12071	800083d4	01848563	beq	x9,x24,800083de	  x9:0x80007fd1 x24:0x00000000
      121715000	     12072	800083d8	87a9	c.srai	x15,0xa	 x15:0xffffffff x15=0xffffffff
      122085000	     12109	800083da	036dd9b3	divu	x19,x27,x22	 x27:0x25c20000 x22:0xffffffc8 x19=0x00000000
      122095000	     12110	800083de	1651	c.addi	x12,-12	 x12:0x80021e64 x12=0x80021e58
      122105000	     12111	800083e0	01245d33	srl	x26,x8,x18	  x8:0x00000000 x18:0x00010004 x26=0x00000000
      122115000	     12112	800083e4	00162223	sw	x1,4(x12)	 x12:0x80021e58  x1:0x80003442 PA:0x80021e5c store:0x80003442 load:0x00000000
      122125000	     12113	800083e8	915e9297	auipc	x5,0x915e9	  x5=0x115f13e8
      122135000	     12114	800083ec	67d1	c.lui	x15,0x14	 x15=0x00014000
      122145000	     12115	800083ee	01839513	slli	x10,x7,0x18	  x7:0xffffc141 x10=0x41000000
      122155000	     12116	800083f2	01804263	blt	x0,x24,800083f6	  x0:0x00000000 x24:0x00000000
      122165000	     12117	800083f6	008daeb3	slt	x29,x27,x8	 x27:0x25c20000  x8:0x00000000 x29=0x00000000
      122175000	     12118	800083fa	c401	c.beqz	x8,80008402	  x8:0x00000000
      122205000	     12121	80008402	0000100f	fence.i	
      122265000	     12127	80008406	02d4be33	mulhu	x28,x9,x13	  x9:0x80007fd1 x13:0x00000000 x28=0x00000000
      122275000	     12128	8000840a	00077363	bgeu	x14,x0,80008410	 x14:0x80025ce4  x0:0x00000000
      122295000	     12130	80008410	04eae363	bltu	x21,x14,80008456	 x21:0x00000000 x14:0x80025ce4
      122325000	     12133	80008456	3a360b13	addi	x22,x12,931	 x12:0x80021e58 x22=0x800221fb
      122335000	     12134	8000845a	93b6	c.add	x7,x13	  x7:0xffffc141 x13:0x00000000  x7=0xffffc141
      122355000	     12136	8000845c	020077b3	remu	x15,x0,x0	  x0:0x00000000  x0:0x00000000 x15=0x00000000
      122365000	     12137	80008460	8295	c.srli	x13,0x5	 x13:0x00000000 x13=0x00000000
      122405000	     12141	80008462	02472233	mulhsu	x4,x14,x4	 x14:0x80025ce4  x4:0x00375b5b  x4=0xffe452d5
      122415000	     12142	80008466	0128ff33	and	x30,x17,x18	 x17:0x02ec0000 x18:0x00010004 x30=0x00000000
      122425000	     12143	8000846a	4167d333	sra	x6,x15,x22	 x15:0x00000000 x22:0x800221fb  x6=0x00000000
      122435000	     12144	8000846e	82bd	c.srli	x13,0xf	 x13:0x00000000 x13=0x00000000
      122445000	     12145	80008470	e909	c.bnez	x10,80008482	 x10:0x41000000
      122475000	     12148	80008482	abf66d93	ori	x27,x12,-1345	 x12:0x80021e58 x27=0xfffffeff
      122485000	     12149	80008486	01ca1233	sll	x4,x20,x28	 x20:0x02ec0000 x28:0x00000000  x4=0x02ec0000
      122495000	     12150	8000848a	85a1	c.srai	x11,0x8	 x11:0x11434000 x11=0x00114340
      122505000	     12151	8000848c	01c2d263	bge	x5,x28,80008490	  x5:0x115f13e8 x28:0x00000000
      122525000	     12153	80008490	00328333	add	x6,x5,x3	  x5:0x115f13e8  x3:0xf5e3c895  x6=0x0742dc7d
      122545000	     12155	80008494	03ab44b3	div	x9,x22,x26	 x22:0x800221fb x26:0x00000000  x9=0xffffffff
      122555000	     12156	80008498	00446333	or	x6,x8,x4	  x8:0x00000000  x4:0x02ec0000  x6=0x02ec0000
      122565000	     12157	8000849c	008c5c33	srl	x24,x24,x8	 x24:0x00000000  x8:0x00000000 x24=0x00000000
      122935000	     12194	800084a0	03f95a33	divu	x20,x18,x31	 x18:0x00010004 x31:0xfffffb59 x20=0x00000000
      122945000	     12195	800084a4	0ff0000f	fence	iorw,iorw	
      122975000	     12198	800084a8	024a81b3	mul	x3,x21,x4	 x21:0x00000000  x4:0x02ec0000  x3=0x00000000
      122985000	     12199	800084ac	0001	c.addi	x0,0	  x0:0x00000000  x0=0x00000000
      122995000	     12200	800084ae	029ecd63	blt	x29,x9,800084e8	 x29:0x00000000  x9:0xffffffff
      123005000	     12201	800084b2	8d2a	c.mv	x26,x10	  x0:0x00000000 x10:0x41000000 x26=0x41000000
      123015000	     12202	800084b4	0001	c.addi	x0,0	  x0:0x00000000  x0=0x00000000
      123025000	     12203	800084b6	0b7e	c.slli	x22,0x1f	 x22:0x800221fb x22=0x80000000
      123065000	     12207	800084b8	02641333	mulh	x6,x8,x6	  x8:0x00000000  x6:0x02ec0000  x6=0x00000000
      123075000	     12208	800084bc	0001	c.addi	x0,0	  x0:0x00000000  x0=0x00000000
      123085000	     12209	800084be	91f6	c.add	x3,x29	  x3:0x00000000 x29:0x00000000  x3=0x00000000
      123455000	     12246	800084c0	031fcbb3	div	x23,x31,x17	 x31:0xfffffb59 x17:0x02ec0000 x23=0x00000000
      123465000	     12247	800084c4	841d	c.srai	x8,0x7	  x8:0x00000000  x8=0x00000000
      123475000	     12248	800084c6	a1f68993	addi	x19,x13,-1505	 x13:0x00000000 x19=0xfffffa1f
      123485000	     12249	800084ca	4afded93	ori	x27,x27,1199	 x27:0xfffffeff x27=0xfffffeff
      123495000	     12250	800084ce	40ba59b3	sra	x19,x20,x11	 x20:0x00000000 x11:0x00114340 x19=0x00000000
      123535000	     12254	800084d2	028c1433	mulh	x8,x24,x8	 x24:0x00000000  x8:0x00000000  x8=0x00000000
      123545000	     12255	800084d6	8ba1	c.andi	x15,8	 x15:0x00000000 x15=0x00000000
      123555000	     12256	800084d8	026f5563	bge	x30,x6,80008502	 x30:0x00000000  x6:0x00000000
      123585000	     12259	80008502	406ede33	sra	x28,x29,x6	 x29:0x00000000  x6:0x00000000 x28=0x00000000
      123595000	     12260	80008506	0000100f	fence.i	
      123625000	     12263	8000850a	5ec24e93	xori	x29,x4,1516	  x4:0x02ec0000 x29=0x02ec05ec
      123635000	     12264	8000850e	005bc033	xor	x0,x23,x5	 x23:0x00000000  x5:0x115f13e8  x0=0x00000000
      123645000	     12265	80008512	0001	c.addi	x0,0	  x0:0x00000000  x0=0x00000000
      123655000	     12266	80008514	cd57b913	sltiu	x18,x15,-811	 x15:0x00000000 x18=0x00000001
      123665000	     12267	80008518	41a1d013	srai	x0,x3,0x1a	  x3:0x00000000  x0=0x00000000
      123675000	     12268	8000851c	6e298c93	addi	x25,x19,1762	 x19:0x00000000 x25=0x000006e2
      124045000	     12305	80008520	02c7d833	divu	x16,x15,x12	 x15:0x00000000 x12:0x80021e58 x16=0x00000000
      124055000	     12306	80008524	8d59	c.or	x10,x14	 x10:0x41000000 x14:0x80025ce4 x10=0xc1025ce4
      124065000	     12307	80008526	019b5493	srli	x9,x22,0x19	 x22:0x80000000  x9=0x00000040
      124085000	     12309	8000852a	034bd2b3	divu	x5,x23,x20	 x23:0x00000000 x20:0x00000000  x5=0xffffffff
      124095000	     12310	8000852e	035bc763	blt	x23,x21,8000855c	 x23:0x00000000 x21:0x00000000
      124105000	     12311	80008532	0ff0000f	fence	iorw,iorw	
      124115000	     12312	80008536	0ff0000f	fence	iorw,iorw	
      124125000	     12313	8000853a	019970b3	and	x1,x18,x25	 x18:0x00000001 x25:0x000006e2  x1=0x00000000
      124135000	     12314	8000853e	0000100f	fence.i	
      124155000	     12316	80008542	6925	c.lui	x18,0x9	 x18=0x00009000
      124165000	     12317	80008544	6b79	c.lui	x22,0x1e	 x22=0x0001e000
      124205000	     12321	80008546	03679233	mulh	x4,x15,x22	 x15:0x00000000 x22:0x0001e000  x4=0x00000000
      124215000	     12322	8000854a	8d55	c.or	x10,x13	 x10:0xc1025ce4 x13:0x00000000 x10=0xc1025ce4
      124235000	     12324	8000854c	03465933	divu	x18,x12,x20	 x12:0x80021e58 x20:0x00000000 x18=0xffffffff
      124245000	     12325	80008550	4c01	c.li	x24,0	 x24=0x00000000
      124255000	     12326	80008552	147d	c.addi	x8,-1	  x8:0x00000000  x8=0xffffffff
      124265000	     12327	80008554	007391b3	sll	x3,x7,x7	  x7:0xffffc141  x7:0xffffc141  x3=0xffff8282
      124635000	     12364	80008558	02addfb3	divu	x31,x27,x10	 x27:0xfffffeff x10:0xc1025ce4 x31=0x00000001
      124645000	     12365	8000855c	0000100f	fence.i	
      125025000	     12403	80008560	03b24333	div	x6,x4,x27	  x4:0x00000000 x27:0xfffffeff  x6=0x00000000
      125035000	     12404	80008564	ff31a793	slti	x15,x3,-13	  x3:0xffff8282 x15=0x00000001
      125045000	     12405	80008568	6bd32337	lui	x6,0x6bd32	  x6=0x6bd32000
      125055000	     12406	8000856c	dc6d4c93	xori	x25,x26,-570	 x26:0x41000000 x25=0xbefffdc6
      125065000	     12407	80008570	00d9e763	bltu	x19,x13,8000857e	 x19:0x00000000 x13:0x00000000
      125075000	     12408	80008574	8fe5	c.and	x15,x9	 x15:0x00000001  x9:0x00000040 x15=0x00000000
      125085000	     12409	80008576	8695	c.srai	x13,0x5	 x13:0x00000000 x13=0x00000000
      125095000	     12410	80008578	e399	c.bnez	x15,8000857e	 x15:0x00000000
      125105000	     12411	8000857a	032dc663	blt	x27,x18,800085a6	 x27:0xfffffeff x18:0xffffffff
      125135000	     12414	800085a6	0009de13	srli	x28,x19,0x0	 x19:0x00000000 x28=0x00000000
      125145000	     12415	800085aa	4771c513	xori	x10,x3,1143	  x3:0xffff8282 x10=0xffff86f5
      125155000	     12416	800085ae	0001	c.addi	x0,0	  x0:0x00000000  x0=0x00000000
      125165000	     12417	800085b0	0179e263	bltu	x19,x23,800085b4	 x19:0x00000000 x23:0x00000000
      125175000	     12418	800085b4	3e208c93	addi	x25,x1,994	  x1:0x00000000 x25=0x000003e2
      125185000	     12419	800085b8	0001	c.addi	x0,0	  x0:0x00000000  x0=0x00000000
      125195000	     12420	800085ba	63ed	c.lui	x7,0x1b	  x7=0x0001b000
      125205000	     12421	800085bc	237e8693	addi	x13,x29,567	 x29:0x02ec05ec x13=0x02ec0823
      125215000	     12422	800085c0	402fd533	sra	x10,x31,x2	 x31:0x00000001  x2:0xf5e39895 x10=0x00000000
      125225000	     12423	800085c4	4092d2b3	sra	x5,x5,x9	  x5:0xffffffff  x9:0x00000040  x5=0xffffffff
      125235000	     12424	800085c8	5d66b513	sltiu	x10,x13,1494	 x13:0x02ec0823 x10=0x00000000
      125245000	     12425	800085cc	01face33	xor	x28,x21,x31	 x21:0x00000000 x31:0x00000001 x28=0x00000001
      125255000	     12426	800085d0	01c29f93	slli	x31,x5,0x1c	  x5:0xffffffff x31=0xf0000000
      125265000	     12427	800085d4	8d45	c.or	x10,x9	 x10:0x00000000  x9:0x00000040 x10=0x00000040
      125275000	     12428	800085d6	8c21	c.xor	x8,x8	  x8:0xffffffff  x8:0xffffffff  x8=0x00000000
      125295000	     12430	800085d8	034c6e33	rem	x28,x24,x20	 x24:0x00000000 x20:0x00000000 x28=0x00000000
      125305000	     12431	800085dc	c399	c.beqz	x15,800085e2	 x15:0x00000000
      125695000	     12470	800085e2	025e6f33	rem	x30,x28,x5	 x28:0x00000000  x5:0xffffffff x30=0x00000000
      125715000	     12472	800085e6	02f3f233	remu	x4,x7,x15	  x7:0x0001b000 x15:0x00000000  x4=0x0001b000
      125725000	     12473	800085ea	f18ae513	ori	x10,x21,-232	 x21:0x00000000 x10=0xffffff18
      125735000	     12474	800085ee	8ea1	c.xor	x13,x8	 x13:0x02ec0823  x8:0x00000000 x13=0x02ec0823
      125745000	     12475	800085f0	0972	c.slli	x18,0x1c	 x18:0xffffffff x18=0xf0000000
      125755000	     12476	800085f2	b3c56a13	ori	x20,x10,-1220	 x10:0xffffff18 x20=0xffffff3c
      125765000	     12477	800085f6	0001	c.addi	x0,0	  x0:0x00000000  x0=0x00000000
      125795000	     12480	800085f8	02a30ab3	mul	x21,x6,x10	  x6:0x6bd32000 x10:0xffffff18 x21=0x48ab0000
      125805000	     12481	800085fc	00cd7cb3	and	x25,x26,x12	 x26:0x41000000 x12:0x80021e58 x25=0x00000000
      125815000	     12482	80008600	bbb6c993	xori	x19,x13,-1093	 x13:0x02ec0823 x19=0xfd13f398
      125825000	     12483	80008604	2926f593	andi	x11,x13,658	 x13:0x02ec0823 x11=0x00000002
      125835000	     12484	80008608	140c2b93	slti	x23,x24,320	 x24:0x00000000 x23=0x00000001
      125875000	     12488	8000860c	03b991b3	mulh	x3,x19,x27	 x19:0xfd13f398 x27:0xfffffeff  x3=0x00000002
      125885000	     12489	80008610	00c9c5b3	xor	x11,x19,x12	 x19:0xfd13f398 x12:0x80021e58 x11=0x7d11edc0
      125895000	     12490	80008614	02026963	bltu	x4,x0,80008646	  x4:0x0001b000  x0:0x00000000
      125905000	     12491	80008618	dbe77997	auipc	x19,0xdbe77	 x19=0x5be7f618
      125915000	     12492	8000861c	008ccf63	blt	x25,x8,8000863a	 x25:0x00000000  x8:0x00000000
      125955000	     12496	80008620	028b2db3	mulhsu	x27,x22,x8	 x22:0x0001e000  x8:0x00000000 x27=0x00000000
      125965000	     12497	80008624	6f55	c.lui	x30,0x15	 x30=0x00015000
      125975000	     12498	80008626	00f66eb3	or	x29,x12,x15	 x12:0x80021e58 x15:0x00000000 x29=0x80021e58
      125985000	     12499	8000862a	63fd6293	ori	x5,x26,1599	 x26:0x41000000  x5=0x4100063f
      125995000	     12500	8000862e	0ff0000f	fence	iorw,iorw	
      126005000	     12501	80008632	0049d533	srl	x10,x19,x4	 x19:0x5be7f618  x4:0x0001b000 x10=0x5be7f618
      126025000	     12503	80008636	039af8b3	remu	x17,x21,x25	 x21:0x48ab0000 x25:0x00000000 x17=0x48ab0000
      126035000	     12504	8000863a	00ec7e63	bgeu	x24,x14,80008656	 x24:0x00000000 x14:0x80025ce4
      126045000	     12505	8000863e	01239013	slli	x0,x7,0x12	  x7:0x0001b000  x0=0x00000000
      126055000	     12506	80008642	0001	c.addi	x0,0	  x0:0x00000000  x0=0x00000000
      126065000	     12507	80008644	89a5	c.andi	x11,9	 x11:0x7d11edc0 x11=0x00000000
      126075000	     12508	80008646	417a0d33	sub	x26,x20,x23	 x20:0xffffff3c x23:0x00000001 x26=0xffffff3b
      126085000	     12509	8000864a	0001	c.addi	x0,0	  x0:0x00000000  x0=0x00000000
      126095000	     12510	8000864c	1e7d	c.addi	x28,-1	 x28:0x00000000 x28=0xffffffff
      126465000	     12547	8000864e	03fc5f33	divu	x30,x24,x31	 x24:0x00000000 x31:0xf0000000 x30=0x00000000
      126475000	     12548	80008652	01583a33	sltu	x20,x16,x21	 x16:0x00000000 x21:0x48ab0000 x20=0x00000001
      126485000	     12549	80008656	03728263	beq	x5,x23,8000867a	  x5:0x4100063f x23:0x00000001
      126495000	     12550	8000865a	fc38ed93	ori	x27,x17,-61	 x17:0x48ab0000 x27=0xffffffc3
      126535000	     12554	8000865e	020099b3	mulh	x19,x1,x0	  x1:0x00000000  x0:0x00000000 x19=0x00000000
      126545000	     12555	80008662	0353f263	bgeu	x7,x21,80008686	  x7:0x0001b000 x21:0x48ab0000
      126555000	     12556	80008666	c564dc37	lui	x24,0xc564d	 x24=0xc564d000
      126565000	     12557	8000866a	d122c913	xori	x18,x5,-750	  x5:0x4100063f x18=0xbefffb2d
      126575000	     12558	8000866e	41158f33	sub	x30,x11,x17	 x11:0x00000000 x17:0x48ab0000 x30=0xb7550000
      126585000	     12559	80008672	8c01	c.sub	x8,x8	  x8:0x00000000  x8:0x00000000  x8=0x00000000
      126595000	     12560	80008674	8d8d	c.sub	x11,x11	 x11:0x00000000 x11:0x00000000 x11=0x00000000
      126605000	     12561	80008676	02bc6763	bltu	x24,x11,800086a4	 x24:0xc564d000 x11:0x00000000
      126615000	     12562	8000867a	00cd7eb3	and	x29,x26,x12	 x26:0xffffff3b x12:0x80021e58 x29=0x80021e18
      126625000	     12563	8000867e	028dd563	bge	x27,x8,800086a8	 x27:0xffffffc3  x8:0x00000000
      126635000	     12564	80008682	a0f37097	auipc	x1,0xa0f37	  x1=0x20f3f682
      126675000	     12568	80008686	03311f33	mulh	x30,x2,x19	  x2:0xf5e39895 x19:0x00000000 x30=0x00000000
      126685000	     12569	8000868a	46173e13	sltiu	x28,x14,1121	 x14:0x80025ce4 x28=0x00000000
      126695000	     12570	8000868e	00614bb3	xor	x23,x2,x6	  x2:0xf5e39895  x6:0x6bd32000 x23=0x9e30b895
      126705000	     12571	80008692	8c55	c.or	x8,x13	  x8:0x00000000 x13:0x02ec0823  x8=0x02ec0823
      126715000	     12572	80008694	00a31463	bne	x6,x10,8000869c	  x6:0x6bd32000 x10:0x5be7f618
      127095000	     12610	8000869c	03fbdb33	divu	x22,x23,x31	 x23:0x9e30b895 x31:0xf0000000 x22=0x00000000
      127115000	     12612	800086a0	02076fb3	rem	x31,x14,x0	 x14:0x80025ce4  x0:0x00000000 x31=0x80025ce4
      127125000	     12613	800086a4	402f0233	sub	x4,x30,x2	 x30:0x00000000  x2:0xf5e39895  x4=0x0a1c676b
      127145000	     12615	800086a8	0203da33	divu	x20,x7,x0	  x7:0x0001b000  x0:0x00000000 x20=0xffffffff
      127155000	     12616	800086ac	8cd1	c.or	x9,x12	  x9:0x00000040 x12:0x80021e58  x9=0x80021e58
      127165000	     12617	800086ae	0028d1b3	srl	x3,x17,x2	 x17:0x48ab0000  x2:0xf5e39895  x3=0x00000245
      127175000	     12618	800086b2	8ead	c.xor	x13,x11	 x13:0x02ec0823 x11:0x00000000 x13=0x02ec0823
      127185000	     12619	800086b4	01b826b3	slt	x13,x16,x27	 x16:0x00000000 x27:0xffffffc3 x13=0x00000000
      127195000	     12620	800086b8	8fb1	c.xor	x15,x12	 x15:0x00000000 x12:0x80021e58 x15=0x80021e58
      127225000	     12623	800086ba	030f0db3	mul	x27,x30,x16	 x30:0x00000000 x16:0x00000000 x27=0x00000000
      127235000	     12624	800086be	ed0d	c.bnez	x10,800086f8	 x10:0x5be7f618
      127255000	     12626	800086f8	8dc9	c.or	x11,x10	 x11:0x00000000 x10:0x5be7f618 x11=0x5be7f618
      127265000	     12627	800086fa	8d41	c.or	x10,x8	 x10:0x5be7f618  x8:0x02ec0823 x10=0x5beffe3b
      127275000	     12628	800086fc	0001	c.addi	x0,0	  x0:0x00000000  x0=0x00000000
      127285000	     12629	800086fe	fcd9ab93	slti	x23,x19,-51	 x19:0x00000000 x23=0x00000000
      127325000	     12633	80008702	02d11ab3	mulh	x21,x2,x13	  x2:0xf5e39895 x13:0x00000000 x21=0x00000000
      127355000	     12636	80008706	033a8ab3	mul	x21,x21,x19	 x21:0x00000000 x19:0x00000000 x21=0x00000000
      127365000	     12637	8000870a	9a3a	c.add	x20,x14	 x20:0xffffffff x14:0x80025ce4 x20=0x80025ce3
      127385000	     12639	8000870c	035a6fb3	rem	x31,x20,x21	 x20:0x80025ce3 x21:0x00000000 x31=0x80025ce3
      127755000	     12676	80008710	032be5b3	rem	x11,x23,x18	 x23:0x00000000 x18:0xbefffb2d x11=0x00000000
      127765000	     12677	80008714	8db1	c.xor	x11,x12	 x11:0x00000000 x12:0x80021e58 x11=0x80021e58
      127775000	     12678	80008716	01449f63	bne	x9,x20,80008734	  x9:0x80021e58 x20:0x80025ce3
      127795000	     12680	80008734	01b2	c.slli	x3,0xc	  x3:0x00000245  x3=0x00245000
      127805000	     12681	80008736	8d65	c.and	x10,x9	 x10:0x5beffe3b  x9:0x80021e58 x10=0x00021e18
      127815000	     12682	80008738	0151b2b3	sltu	x5,x3,x21	  x3:0x00245000 x21:0x00000000  x5=0x00000000
      127825000	     12683	8000873c	929e	c.add	x5,x7	  x5:0x00000000  x7:0x0001b000  x5=0x0001b000
      127835000	     12684	8000873e	41d6d033	sra	x0,x13,x29	 x13:0x00000000 x29:0x80021e18  x0=0x00000000
      127845000	     12685	80008742	012b6263	bltu	x22,x18,80008746	 x22:0x00000000 x18:0xbefffb2d
      127905000	     12691	80008746	03cc3233	mulhu	x4,x24,x28	 x24:0xc564d000 x28:0x00000000  x4=0x00000000
      127915000	     12692	8000874a	0022f933	and	x18,x5,x2	  x5:0x0001b000  x2:0xf5e39895 x18=0x00019000
      127925000	     12693	8000874e	002df333	and	x6,x27,x2	 x27:0x00000000  x2:0xf5e39895  x6=0x00000000
      127935000	     12694	80008752	ce81	c.beqz	x13,8000876a	 x13:0x00000000
      127965000	     12697	8000876a	019a7933	and	x18,x20,x25	 x20:0x80025ce3 x25:0x00000000 x18=0x00000000
      127975000	     12698	8000876e	1e01ea13	ori	x20,x3,480	  x3:0x00245000 x20=0x002451e0
      127985000	     12699	80008772	1afd	c.addi	x21,-1	 x21:0x00000000 x21=0xffffffff
      127995000	     12700	80008774	41ccdfb3	sra	x31,x25,x28	 x25:0x00000000 x28:0x00000000 x31=0x00000000
      128005000	     12701	80008778	0000100f	fence.i	
      128385000	     12739	8000877c	03456f33	rem	x30,x10,x20	 x10:0x00021e18 x20:0x002451e0 x30=0x00021e18
      128405000	     12741	80008780	039f56b3	divu	x13,x30,x25	 x30:0x00021e18 x25:0x00000000 x13=0xffffffff
      128415000	     12742	80008784	0070d263	bge	x1,x7,80008788	  x1:0x20f3f682  x7:0x0001b000
      128435000	     12744	80008788	003a8cb3	add	x25,x21,x3	 x21:0xffffffff  x3:0x00245000 x25=0x00244fff
      128445000	     12745	8000878c	0ff0000f	fence	iorw,iorw	
      128455000	     12746	80008790	8c71	c.and	x8,x12	  x8:0x02ec0823 x12:0x80021e58  x8=0x00000800
      128465000	     12747	80008792	006da433	slt	x8,x27,x6	 x27:0x00000000  x6:0x00000000  x8=0x00000000
      128475000	     12748	80008796	007ef0b3	and	x1,x29,x7	 x29:0x80021e18  x7:0x0001b000  x1=0x00001000
      128485000	     12749	8000879a	06f9	c.addi	x13,30	 x13:0xffffffff x13=0x0000001d
      128525000	     12753	8000879c	031396b3	mulh	x13,x7,x17	  x7:0x0001b000 x17:0x48ab0000 x13=0x00007aa0
      128535000	     12754	800087a0	001c5eb3	srl	x29,x24,x1	 x24:0xc564d000  x1:0x00001000 x29=0xc564d000
      128545000	     12755	800087a4	000aefb3	or	x31,x21,x0	 x21:0xffffffff  x0:0x00000000 x31=0xffffffff
      128585000	     12759	800087a8	02d6ae33	mulhsu	x28,x13,x13	 x13:0x00007aa0 x13:0x00007aa0 x28=0x00000000
      128595000	     12760	800087ac	8d69	c.and	x10,x10	 x10:0x00021e18 x10:0x00021e18 x10=0x00021e18
      128635000	     12764	800087ae	02fa39b3	mulhu	x19,x20,x15	 x20:0x002451e0 x15:0x80021e58 x19=0x0012293c
      128645000	     12765	800087b2	84ca	c.mv	x9,x18	  x0:0x00000000 x18:0x00000000  x9=0x00000000
      128675000	     12768	800087b4	02b50bb3	mul	x23,x10,x11	 x10:0x00021e18 x11:0x80021e58 x23=0x7c712840
      128685000	     12769	800087b8	e795	c.bnez	x15,800087e4	 x15:0x80021e58
      128705000	     12771	800087e4	01cbe1b3	or	x3,x23,x28	 x23:0x7c712840 x28:0x00000000  x3=0x7c712840
      128715000	     12772	800087e8	016bd3b3	srl	x7,x23,x22	 x23:0x7c712840 x22:0x00000000  x7=0x7c712840
      128725000	     12773	800087ec	e119	c.bnez	x10,800087f2	 x10:0x00021e18
      128755000	     12776	800087f2	02a80263	beq	x16,x10,80008816	 x16:0x00000000 x10:0x00021e18
      128765000	     12777	800087f6	8bf28a13	addi	x20,x5,-1857	  x5:0x0001b000 x20=0x0001a8bf
      129135000	     12814	800087fa	03e15333	divu	x6,x2,x30	  x2:0xf5e39895 x30:0x00021e18  x6=0x0000741e
      129175000	     12818	800087fe	021b17b3	mulh	x15,x22,x1	 x22:0x00000000  x1:0x00001000 x15=0x00000000
      129185000	     12819	80008802	8189	c.srli	x11,0x2	 x11:0x80021e58 x11=0x20008796
      129195000	     12820	80008804	00f36363	bltu	x6,x15,8000880a	  x6:0x0000741e x15:0x00000000
      129205000	     12821	80008808	99fd	c.andi	x11,-1	 x11:0x20008796 x11=0x20008796
      129215000	     12822	8000880a	e919	c.bnez	x10,80008820	 x10:0x00021e18
      129235000	     12824	80008820	02544363	blt	x8,x5,80008846	  x8:0x00000000  x5:0x0001b000
      129265000	     12827	80008846	0017e033	or	x0,x15,x1	 x15:0x00000000  x1:0x00001000  x0=0x00000000
      129275000	     12828	8000884a	409a5c33	sra	x24,x20,x9	 x20:0x0001a8bf  x9:0x00000000 x24=0x0001a8bf
      129285000	     12829	8000884e	00513833	sltu	x16,x2,x5	  x2:0xf5e39895  x5:0x0001b000 x16=0x00000000
      129295000	     12830	80008852	00f47563	bgeu	x8,x15,8000885c	  x8:0x00000000 x15:0x00000000
      129315000	     12832	8000885c	7fd02b93	slti	x23,x0,2045	  x0:0x00000000 x23=0x00000001
      129325000	     12833	80008860	01cb7463	bgeu	x22,x28,80008868	 x22:0x00000000 x28:0x00000000
      129345000	     12835	80008868	f77c4493	xori	x9,x24,-137	 x24:0x0001a8bf  x9=0xfffe57c8
      129355000	     12836	8000886c	0070e4b3	or	x9,x1,x7	  x1:0x00001000  x7:0x7c712840  x9=0x7c713840
      129365000	     12837	80008870	015676b3	and	x13,x12,x21	 x12:0x80021e58 x21:0xffffffff x13=0x80021e58
      129395000	     12840	80008874	021803b3	mul	x7,x16,x1	 x16:0x00000000  x1:0x00001000  x7=0x00000000
      129435000	     12844	80008878	023e9fb3	mulh	x31,x29,x3	 x29:0xc564d000  x3:0x7c712840 x31=0xe382ed08
      129465000	     12847	8000887c	03a68eb3	mul	x29,x13,x26	 x13:0x80021e58 x26:0xffffff3b x29=0x7e5ea648
      129475000	     12848	80008880	9f62ca93	xori	x21,x5,-1546	  x5:0x0001b000 x21=0xfffe49f6
      129485000	     12849	80008884	0001	c.addi	x0,0	  x0:0x00000000  x0=0x00000000
      129495000	     12850	80008886	e419	c.bnez	x8,80008894	  x8:0x00000000
      129505000	     12851	80008888	e9584813	xori	x16,x16,-363	 x16:0x00000000 x16=0xfffffe95
      129515000	     12852	8000888c	8c65	c.and	x8,x9	  x8:0x00000000  x9:0x7c713840  x8=0x00000000
      129525000	     12853	8000888e	0086cfb3	xor	x31,x13,x8	 x13:0x80021e58  x8:0x00000000 x31=0x80021e58
      129535000	     12854	80008892	c29d	c.beqz	x13,800088b8	 x13:0x80021e58
      129545000	     12855	80008894	00edb2b3	sltu	x5,x27,x14	 x27:0x00000000 x14:0x80025ce4  x5=0x00000001
      129555000	     12856	80008898	8529	c.srai	x10,0xa	 x10:0x00021e18 x10=0x00000087
      129565000	     12857	8000889a	01ee21b3	slt	x3,x28,x30	 x28:0x00000000 x30:0x00021e18  x3=0x00000001
      129605000	     12861	8000889e	02a328b3	mulhsu	x17,x6,x10	  x6:0x0000741e x10:0x00000087 x17=0x00000000
      129615000	     12862	800088a2	8ead	c.xor	x13,x11	 x13:0x80021e58 x11:0x20008796 x13=0xa00299ce
      129655000	     12866	800088a4	03f41a33	mulh	x20,x8,x31	  x8:0x00000000 x31:0x80021e58 x20=0x00000000
      129665000	     12867	800088a8	01f11463	bne	x2,x31,800088b0	  x2:0xf5e39895 x31:0x80021e58
      129685000	     12869	800088b0	00b67263	bgeu	x12,x11,800088b4	 x12:0x80021e58 x11:0x20008796
      129705000	     12871	800088b4	c295	c.beqz	x13,800088d8	 x13:0xa00299ce
      129715000	     12872	800088b6	0001	c.addi	x0,0	  x0:0x00000000  x0=0x00000000
      129725000	     12873	800088b8	005c7333	and	x6,x24,x5	 x24:0x0001a8bf  x5:0x00000001  x6=0x00000001
      129735000	     12874	800088bc	00f34b33	xor	x22,x6,x15	  x6:0x00000001 x15:0x00000000 x22=0x00000001
      129745000	     12875	800088c0	b2aa1537	lui	x10,0xb2aa1	 x10=0xb2aa1000
      130115000	     12912	800088c4	03dc5233	divu	x4,x24,x29	 x24:0x0001a8bf x29:0x7e5ea648  x4=0x00000000
      130125000	     12913	800088c8	8d95	c.sub	x11,x13	 x11:0x20008796 x13:0xa00299ce x11=0x7ffdedc8
      130135000	     12914	800088ca	c67f7893	andi	x17,x30,-921	 x30:0x00021e18 x17=0x00021c00
      130145000	     12915	800088ce	9192	c.add	x3,x4	  x3:0x00000001  x4:0x00000000  x3=0x00000001
      130155000	     12916	800088d0	c095	c.beqz	x9,800088f4	  x9:0x7c713840
      130165000	     12917	800088d2	86e5	c.srai	x13,0x19	 x13:0xa00299ce x13=0xffffffd0
      130195000	     12920	800088d4	03150c33	mul	x24,x10,x17	 x10:0xb2aa1000 x17:0x00021c00 x24=0xb9c00000
      130205000	     12921	800088d8	8d01	c.sub	x10,x8	 x10:0xb2aa1000  x8:0x00000000 x10=0xb2aa1000
      130235000	     12924	800088da	03830f33	mul	x30,x6,x24	  x6:0x00000001 x24:0xb9c00000 x30=0xb9c00000
      130245000	     12925	800088de	03b36e63	bltu	x6,x27,8000891a	  x6:0x00000001 x27:0x00000000
      130285000	     12929	800088e2	021b3ab3	mulhu	x21,x22,x1	 x22:0x00000001  x1:0x00001000 x21=0x00000000
      130295000	     12930	800088e6	c10f7393	andi	x7,x30,-1008	 x30:0xb9c00000  x7=0xb9c00000
      130305000	     12931	800088ea	0001	c.addi	x0,0	  x0:0x00000000  x0=0x00000000
      130315000	     12932	800088ec	01273d33	sltu	x26,x14,x18	 x14:0x80025ce4 x18:0x00000000 x26=0x00000000
      130345000	     12935	800088f0	03408933	mul	x18,x1,x20	  x1:0x00001000 x20:0x00000000 x18=0x00000000
      130355000	     12936	800088f4	89ee	c.mv	x19,x27	  x0:0x00000000 x27:0x00000000 x19=0x00000000
      130365000	     12937	800088f6	8d69	c.and	x10,x10	 x10:0xb2aa1000 x10:0xb2aa1000 x10=0xb2aa1000
      130375000	     12938	800088f8	6dc5	c.lui	x27,0x11	 x27=0x00011000
      130385000	     12939	800088fa	031e	c.slli	x6,0x7	  x6:0x00000001  x6=0x00000080
      130395000	     12940	800088fc	0038ce33	xor	x28,x17,x3	 x17:0x00021c00  x3:0x00000001 x28=0x00021c01
      130405000	     12941	80008900	409b5e93	srai	x29,x22,0x9	 x22:0x00000001 x29=0x00000000
      130415000	     12942	80008904	023f4b63	blt	x30,x3,8000893a	 x30:0xb9c00000  x3:0x00000001
      130445000	     12945	8000893a	0ff0000f	fence	iorw,iorw	
      130455000	     12946	8000893e	003c52b3	srl	x5,x24,x3	 x24:0xb9c00000  x3:0x00000001  x5=0x5ce00000
      130495000	     12950	80008942	032cb4b3	mulhu	x9,x25,x18	 x25:0x00244fff x18:0x00000000  x9=0x00000000
      130505000	     12951	80008946	ef9d	c.bnez	x15,80008984	 x15:0x00000000
      130515000	     12952	80008948	cc99	c.beqz	x9,80008966	  x9:0x00000000
      130555000	     12956	80008966	032767b3	rem	x15,x14,x18	 x14:0x80025ce4 x18:0x00000000 x15=0x80025ce4
      130585000	     12959	8000896a	039e0433	mul	x8,x28,x25	 x28:0x00021c01 x25:0x00244fff  x8=0x98e233ff
      130595000	     12960	8000896e	8e81	c.sub	x13,x8	 x13:0xffffffd0  x8:0x98e233ff x13=0x671dcbd1
      130635000	     12964	80008970	028919b3	mulh	x19,x18,x8	 x18:0x00000000  x8:0x98e233ff x19=0x00000000
      130645000	     12965	80008974	e6612a93	slti	x21,x2,-410	  x2:0xf5e39895 x21=0x00000001
      130655000	     12966	80008978	83c9	c.srli	x15,0x12	 x15:0x80025ce4 x15=0x00002000
      130665000	     12967	8000897a	014ad3b3	srl	x7,x21,x20	 x21:0x00000001 x20:0x00000000  x7=0x00000001
      130675000	     12968	8000897e	8dd9	c.or	x11,x14	 x11:0x7ffdedc8 x14:0x80025ce4 x11=0xfffffdec
      130685000	     12969	80008980	ccaef913	andi	x18,x29,-822	 x29:0x00000000 x18=0x00000000
      130695000	     12970	80008984	6889	c.lui	x17,0x2	 x17=0x00002000
      130705000	     12971	80008986	63d9	c.lui	x7,0x16	  x7=0x00016000
      130745000	     12975	80008988	0364b7b3	mulhu	x15,x9,x22	  x9:0x00000000 x22:0x00000001 x15=0x00000000
      130755000	     12976	8000898c	0ff0000f	fence	iorw,iorw	
      130765000	     12977	80008990	8db1	c.xor	x11,x12	 x11:0xfffffdec x12:0x80021e58 x11=0x7ffde3b4
      131135000	     13014	80008992	03f245b3	div	x11,x4,x31	  x4:0x00000000 x31:0x80021e58 x11=0x00000000
      131145000	     13015	80008996	8ca5	c.xor	x9,x9	  x9:0x00000000  x9:0x00000000  x9=0x00000000
      131155000	     13016	80008998	40fbd913	srai	x18,x23,0xf	 x23:0x00000001 x18=0x00000000
      131165000	     13017	8000899c	3ac86c93	ori	x25,x16,940	 x16:0xfffffe95 x25=0xffffffbd
      131175000	     13018	800089a0	953c8e13	addi	x28,x25,-1709	 x25:0xffffffbd x28=0xfffff910
      131185000	     13019	800089a4	03ac1f63	bne	x24,x26,800089e2	 x24:0xb9c00000 x26:0x00000000
      131215000	     13022	800089e2	010ac363	blt	x21,x16,800089e8	 x21:0x00000001 x16:0xfffffe95
      131225000	     13023	800089e6	8996	c.mv	x19,x5	  x0:0x00000000  x5:0x5ce00000 x19=0x5ce00000
      131265000	     13027	800089e8	03d73e33	mulhu	x28,x14,x29	 x14:0x80025ce4 x29:0x00000000 x28=0x00000000
      131275000	     13028	800089ec	00c55263	bge	x10,x12,800089f0	 x10:0xb2aa1000 x12:0x80021e58
      131295000	     13030	800089f0	37c57593	andi	x11,x10,892	 x10:0xb2aa1000 x11=0x00000000
      131305000	     13031	800089f4	0001	c.addi	x0,0	  x0:0x00000000  x0=0x00000000
      131315000	     13032	800089f6	7ef8ca13	xori	x20,x17,2031	 x17:0x00002000 x20=0x000027ef
      131325000	     13033	800089fa	899a	c.mv	x19,x6	  x0:0x00000000  x6:0x00000080 x19=0x00000080
      131335000	     13034	800089fc	005696b3	sll	x13,x13,x5	 x13:0x671dcbd1  x5:0x5ce00000 x13=0x671dcbd1
      131345000	     13035	80008a00	039bf563	bgeu	x23,x25,80008a2a	 x23:0x00000001 x25:0xffffffbd
      131715000	     13072	80008a04	035344b3	div	x9,x6,x21	  x6:0x00000080 x21:0x00000001  x9=0x00000080
      132085000	     13109	80008a08	03fec333	div	x6,x29,x31	 x29:0x00000000 x31:0x80021e58  x6=0x00000000
      132095000	     13110	80008a0c	fbd0a093	slti	x1,x1,-67	  x1:0x00001000  x1=0x00000000
      132105000	     13111	80008a10	84da	c.mv	x9,x22	  x0:0x00000000 x22:0x00000001  x9=0x00000001
      132115000	     13112	80008a12	6e9d	c.lui	x29,0x7	 x29=0x00007000
      132125000	     13113	80008a14	0186acb3	slt	x25,x13,x24	 x13:0x671dcbd1 x24:0xb9c00000 x25=0x00000000
      132495000	     13150	80008a18	03e3cbb3	div	x23,x7,x30	  x7:0x00016000 x30:0xb9c00000 x23=0x00000000
      132505000	     13151	80008a1c	0001	c.addi	x0,0	  x0:0x00000000  x0=0x00000000
      132515000	     13152	80008a1e	4101d193	srai	x3,x3,0x10	  x3:0x00000001  x3=0x00000000
      132525000	     13153	80008a22	01cb1413	slli	x8,x22,0x1c	 x22:0x00000001  x8=0x10000000
      132535000	     13154	80008a26	41a05e13	srai	x28,x0,0x1a	  x0:0x00000000 x28=0x00000000
      132545000	     13155	80008a2a	537d	c.li	x6,-1	  x6=0xffffffff
      132555000	     13156	80008a2c	1ba6b537	lui	x10,0x1ba6b	 x10=0x1ba6b000
      132565000	     13157	80008a30	40b20933	sub	x18,x4,x11	  x4:0x00000000 x11:0x00000000 x18=0x00000000
      132575000	     13158	80008a34	0080f263	bgeu	x1,x8,80008a38	  x1:0x00000000  x8:0x10000000
      132585000	     13159	80008a38	8d39	c.xor	x10,x14	 x10:0x1ba6b000 x14:0x80025ce4 x10=0x9ba4ece4
      132595000	     13160	80008a3a	0001	c.addi	x0,0	  x0:0x00000000  x0=0x00000000
      132615000	     13162	80008a3c	03265f33	divu	x30,x12,x18	 x12:0x80021e58 x18:0x00000000 x30=0xffffffff
      132625000	     13163	80008a40	1dfd	c.addi	x27,-1	 x27:0x00011000 x27=0x00010fff
      132635000	     13164	80008a42	8051	c.srli	x8,0x14	  x8:0x10000000  x8=0x00000100
      132645000	     13165	80008a44	858e	c.mv	x11,x3	  x0:0x00000000  x3:0x00000000 x11=0x00000000
      132655000	     13166	80008a46	00a89a63	bne	x17,x10,80008a5a	 x17:0x00002000 x10:0x9ba4ece4
      132685000	     13169	80008a5a	40e10833	sub	x16,x2,x14	  x2:0xf5e39895 x14:0x80025ce4 x16=0x75e13bb1
      132695000	     13170	80008a5e	4f2d	c.li	x30,11	 x30=0x0000000b
      132705000	     13171	80008a60	780f0017	auipc	x0,0x780f0	  x0=0x00000000
      132715000	     13172	80008a64	01e76eb3	or	x29,x14,x30	 x14:0x80025ce4 x30:0x0000000b x29=0x80025cef
      132725000	     13173	80008a68	023bc163	blt	x23,x3,80008a8a	 x23:0x00000000  x3:0x00000000
      132735000	     13174	80008a6c	80c9	c.srli	x9,0x12	  x9:0x00000001  x9=0x00000000
      133105000	     13211	80008a6e	02546933	rem	x18,x8,x5	  x8:0x00000100  x5:0x5ce00000 x18=0x00000100
      133115000	     13212	80008a72	008365b3	or	x11,x6,x8	  x6:0xffffffff  x8:0x00000100 x11=0xffffffff
      133125000	     13213	80008a76	0087a5b3	slt	x11,x15,x8	 x15:0x00000000  x8:0x00000100 x11=0x00000001
      133135000	     13214	80008a7a	9b52	c.add	x22,x20	 x22:0x00000001 x20:0x000027ef x22=0x000027f0
      133505000	     13251	80008a7c	02c15db3	divu	x27,x2,x12	  x2:0xf5e39895 x12:0x80021e58 x27=0x00000001
      133515000	     13252	80008a80	9236	c.add	x4,x13	  x4:0x00000000 x13:0x671dcbd1  x4=0x671dcbd1
      133525000	     13253	80008a82	008997b3	sll	x15,x19,x8	 x19:0x00000080  x8:0x00000100 x15=0x00000080
      133535000	     13254	80008a86	0ff0000f	fence	iorw,iorw	
      133545000	     13255	80008a8a	e0750317	auipc	x6,0xe0750	  x6=0x60758a8a
      133555000	     13256	80008a8e	e38d	c.bnez	x15,80008ab0	 x15:0x00000080
      133575000	     13258	80008ab0	6da9	c.lui	x27,0xa	 x27=0x0000a000
      133585000	     13259	80008ab2	8cf1	c.and	x9,x12	  x9:0x00000000 x12:0x80021e58  x9=0x00000000
      133595000	     13260	80008ab4	004d8e33	add	x28,x27,x4	 x27:0x0000a000  x4:0x671dcbd1 x28=0x671e6bd1
      133605000	     13261	80008ab8	8c05	c.sub	x8,x9	  x8:0x00000100  x9:0x00000000  x8=0x00000100
      133615000	     13262	80008aba	187d	c.addi	x16,-1	 x16:0x75e13bb1 x16=0x75e13bb0
      133625000	     13263	80008abc	41e68ab3	sub	x21,x13,x30	 x13:0x671dcbd1 x30:0x0000000b x21=0x671dcbc6
      133995000	     13300	80008ac0	0367d533	divu	x10,x15,x22	 x15:0x00000080 x22:0x000027f0 x10=0x00000000
      134005000	     13301	80008ac4	41c508b3	sub	x17,x10,x28	 x10:0x00000000 x28:0x671e6bd1 x17=0x98e1942f
      134015000	     13302	80008ac8	41cf5493	srai	x9,x30,0x1c	 x30:0x0000000b  x9=0x00000000
      134025000	     13303	80008acc	8c81	c.sub	x9,x8	  x9:0x00000000  x8:0x00000100  x9=0xffffff00
      134035000	     13304	80008ace	02709263	bne	x1,x7,80008af2	  x1:0x00000000  x7:0x00016000
      134065000	     13307	80008af2	ca500f93	addi	x31,x0,-859	  x0:0x00000000 x31=0xfffffca5
      134075000	     13308	80008af6	998e	c.add	x19,x3	 x19:0x00000080  x3:0x00000000 x19=0x00000080
      134085000	     13309	80008af8	006dd533	srl	x10,x27,x6	 x27:0x0000a000  x6:0x60758a8a x10=0x00000028
      134095000	     13310	80008afc	8e2e7d13	andi	x26,x28,-1822	 x28:0x671e6bd1 x26=0x671e68c0
      134105000	     13311	80008b00	01f85193	srli	x3,x16,0x1f	 x16:0x75e13bb0  x3=0x00000000
      134115000	     13312	80008b04	8cd9	c.or	x9,x14	  x9:0xffffff00 x14:0x80025ce4  x9=0xffffffe4
      134485000	     13349	80008b06	036fca33	div	x20,x31,x22	 x31:0xfffffca5 x22:0x000027f0 x20=0x00000000
      134495000	     13350	80008b0a	018f3d33	sltu	x26,x30,x24	 x30:0x0000000b x24:0xb9c00000 x26=0x00000001
      134505000	     13351	80008b0e	00bc2fb3	slt	x31,x24,x11	 x24:0xb9c00000 x11:0x00000001 x31=0x00000001
      134515000	     13352	80008b12	547d	c.li	x8,-1	  x8=0xffffffff
      134525000	     13353	80008b14	0f09	c.addi	x30,2	 x30:0x0000000b x30=0x0000000d
      134535000	     13354	80008b16	00150263	beq	x10,x1,80008b1a	 x10:0x00000028  x1:0x00000000
      134545000	     13355	80008b1a	0183eb33	or	x22,x7,x24	  x7:0x00016000 x24:0xb9c00000 x22=0xb9c16000
      134915000	     13392	80008b1e	036de833	rem	x16,x27,x22	 x27:0x0000a000 x22:0xb9c16000 x16=0x0000a000
      134945000	     13395	80008b22	02300bb3	mul	x23,x0,x3	  x0:0x00000000  x3:0x00000000 x23=0x00000000
      134955000	     13396	80008b26	0001	c.addi	x0,0	  x0:0x00000000  x0=0x00000000
      134965000	     13397	80008b28	094e	c.slli	x18,0x13	 x18:0x00000100 x18=0x08000000
      134975000	     13398	80008b2a	41dd	c.li	x3,23	  x3=0x00000017
      134985000	     13399	80008b2c	0001	c.addi	x0,0	  x0:0x00000000  x0=0x00000000
      134995000	     13400	80008b2e	41a30333	sub	x6,x6,x26	  x6:0x60758a8a x26:0x00000001  x6=0x60758a89
      135005000	     13401	80008b32	ca89	c.beqz	x13,80008b44	 x13:0x671dcbd1
      135015000	     13402	80008b34	0daa	c.slli	x27,0xa	 x27:0x0000a000 x27=0x02800000
      135025000	     13403	80008b36	4104d013	srai	x0,x9,0x10	  x9:0xffffffe4  x0=0x00000000
      135035000	     13404	80008b3a	8fb9	c.xor	x15,x14	 x15:0x00000080 x14:0x80025ce4 x15=0x80025c64
      135045000	     13405	80008b3c	6899	c.lui	x17,0x6	 x17=0x00006000
      135055000	     13406	80008b3e	0e67bd93	sltiu	x27,x15,230	 x15:0x80025c64 x27=0x00000000
      135065000	     13407	80008b42	c785	c.beqz	x15,80008b6a	 x15:0x80025c64
      135075000	     13408	80008b44	89d72097	auipc	x1,0x89d72	  x1=0x09d7ab44
      135085000	     13409	80008b48	8d0d	c.sub	x10,x11	 x10:0x00000028 x11:0x00000001 x10=0x00000027
      135095000	     13410	80008b4a	e119	c.bnez	x10,80008b50	 x10:0x00000027
      135115000	     13412	80008b50	4096da13	srai	x20,x13,0x9	 x13:0x671dcbd1 x20=0x00338ee5
      135125000	     13413	80008b54	8699	c.srai	x13,0x6	 x13:0x671dcbd1 x13=0x019c772f
      135135000	     13414	80008b56	01b5e8b3	or	x17,x11,x27	 x11:0x00000001 x27:0x00000000 x17=0x00000001
      135145000	     13415	80008b5a	0001	c.addi	x0,0	  x0:0x00000000  x0=0x00000000
      135155000	     13416	80008b5c	01f9	c.addi	x3,30	  x3:0x00000017  x3=0x00000035
      135195000	     13420	80008b5e	03489e33	mulh	x28,x17,x20	 x17:0x00000001 x20:0x00338ee5 x28=0x00000000
      135205000	     13421	80008b62	01771a13	slli	x20,x14,0x17	 x14:0x80025ce4 x20=0x72000000
      135245000	     13425	80008b66	03e73033	mulhu	x0,x14,x30	 x14:0x80025ce4 x30:0x0000000d  x0=0x00000000
      135255000	     13426	80008b6a	06a5a517	auipc	x10,0x6a5a	 x10=0x86a62b6a
      135285000	     13429	80008b6e	038b89b3	mul	x19,x23,x24	 x23:0x00000000 x24:0xb9c00000 x19=0x00000000
      135295000	     13430	80008b72	01b3dbb3	srl	x23,x7,x27	  x7:0x00016000 x27:0x00000000 x23=0x00016000
      135305000	     13431	80008b76	90ca	c.add	x1,x18	  x1:0x09d7ab44 x18:0x08000000  x1=0x11d7ab44
      135315000	     13432	80008b78	0001	c.addi	x0,0	  x0:0x00000000  x0=0x00000000
      135355000	     13436	80008b7a	02d29db3	mulh	x27,x5,x13	  x5:0x5ce00000 x13:0x019c772f x27=0x0095a3bd
      135365000	     13437	80008b7e	aa8fb193	sltiu	x3,x31,-1368	 x31:0x00000001  x3=0x00000001
      135375000	     13438	80008b82	86d9	c.srai	x13,0x16	 x13:0x019c772f x13=0x00000006
      135385000	     13439	80008b84	00ca12b3	sll	x5,x20,x12	 x20:0x72000000 x12:0x80021e58  x5=0x00000000
      135395000	     13440	80008b88	8db5	c.xor	x11,x13	 x11:0x00000001 x13:0x00000006 x11=0x00000007
      135405000	     13441	80008b8a	00f2ef33	or	x30,x5,x15	  x5:0x00000000 x15:0x80025c64 x30=0x80025c64
      135415000	     13442	80008b8e	1d7d	c.addi	x26,-1	 x26:0x00000001 x26=0x00000000
      135425000	     13443	80008b90	c415	c.beqz	x8,80008bbc	  x8:0xffffffff
      135435000	     13444	80008b92	0ff0000f	fence	iorw,iorw	
      135445000	     13445	80008b96	4edf3f93	sltiu	x31,x30,1261	 x30:0x80025c64 x31=0x00000000
      135455000	     13446	80008b9a	0ff0000f	fence	iorw,iorw	
      135495000	     13450	80008b9e	02a59eb3	mulh	x29,x11,x10	 x11:0x00000007 x10:0x86a62b6a x29=0xfffffffc
      135865000	     13487	80008ba2	0218c8b3	div	x17,x17,x1	 x17:0x00000001  x1:0x11d7ab44 x17=0x00000000
      135875000	     13488	80008ba6	0001	c.addi	x0,0	  x0:0x00000000  x0=0x00000000
      135885000	     13489	80008ba8	a8ba0f97	auipc	x31,0xa8ba0	 x31=0x28ba8ba8
      135895000	     13490	80008bac	ec1d	c.bnez	x8,80008bea	  x8:0xffffffff
      136285000	     13529	80008bea	030de933	rem	x18,x27,x16	 x27:0x0095a3bd x16:0x0000a000 x18=0x000043bd
      136295000	     13530	80008bee	a7ea8313	addi	x6,x21,-1410	 x21:0x671dcbc6  x6=0x671dc644
      136305000	     13531	80008bf2	401cd7b3	sra	x15,x25,x1	 x25:0x00000000  x1:0x11d7ab44 x15=0x00000000
      136315000	     13532	80008bf6	def0b293	sltiu	x5,x1,-529	  x1:0x11d7ab44  x5=0x00000001
      136325000	     13533	80008bfa	01396333	or	x6,x18,x19	 x18:0x000043bd x19:0x00000000  x6=0x000043bd
      136335000	     13534	80008bfe	03aac263	blt	x21,x26,80008c22	 x21:0x671dcbc6 x26:0x00000000
      136345000	     13535	80008c02	0e91f093	andi	x1,x3,233	  x3:0x00000001  x1=0x00000001
      136355000	     13536	80008c06	00fc2bb3	slt	x23,x24,x15	 x24:0xb9c00000 x15:0x00000000 x23=0x00000001
      136365000	     13537	80008c0a	8fd1	c.or	x15,x12	 x15:0x00000000 x12:0x80021e58 x15=0x80021e58
      136375000	     13538	80008c0c	68b1	c.lui	x17,0xc	 x17=0x0000c000
      136385000	     13539	80008c0e	00748363	beq	x9,x7,80008c14	  x9:0xffffffe4  x7:0x00016000
      136395000	     13540	80008c12	0001	c.addi	x0,0	  x0:0x00000000  x0=0x00000000
      136405000	     13541	80008c14	8029	c.srli	x8,0xa	  x8:0xffffffff  x8=0x003fffff
      136415000	     13542	80008c16	b459a513	slti	x10,x19,-1211	 x19:0x00000000 x10=0x00000000
      136425000	     13543	80008c1a	8ca9	c.xor	x9,x10	  x9:0xffffffe4 x10:0x00000000  x9=0xffffffe4
      136435000	     13544	80008c1c	9bfd	c.andi	x15,-1	 x15:0x80021e58 x15=0x80021e58
      136445000	     13545	80008c1e	a2edf013	andi	x0,x27,-1490	 x27:0x0095a3bd  x0=0x00000000
      136455000	     13546	80008c22	034c5863	bge	x24,x20,80008c52	 x24:0xb9c00000 x20:0x72000000
      136485000	     13549	80008c26	03a20cb3	mul	x25,x4,x26	  x4:0x671dcbd1 x26:0x00000000 x25=0x00000000
      136515000	     13552	80008c2a	031983b3	mul	x7,x19,x17	 x19:0x00000000 x17:0x0000c000  x7=0x00000000
      136525000	     13553	80008c2e	03747863	bgeu	x8,x23,80008c5e	  x8:0x003fffff x23:0x00000001
      136545000	     13555	80008c5e	c51d	c.beqz	x10,80008c8c	 x10:0x00000000
      136565000	     13557	80008c8c	ae944e93	xori	x29,x8,-1303	  x8:0x003fffff x29=0xffc00516
      136575000	     13558	80008c90	a7b7c513	xori	x10,x15,-1413	 x15:0x80021e58 x10=0x7ffde423
      136585000	     13559	80008c94	0000100f	fence.i	
      136605000	     13561	80008c98	8472	c.mv	x8,x28	  x0:0x00000000 x28:0x00000000  x8=0x00000000
      136615000	     13562	80008c9a	025b1163	bne	x22,x5,80008cbc	 x22:0xb9c16000  x5:0x00000001
      136665000	     13567	80008cbc	02fb38b3	mulhu	x17,x22,x15	 x22:0xb9c16000 x15:0x80021e58 x17=0x5ce23987
      136675000	     13568	80008cc0	0001	c.addi	x0,0	  x0:0x00000000  x0=0x00000000
      136715000	     13572	80008cc2	037119b3	mulh	x19,x2,x23	  x2:0xf5e39895 x23:0x00000001 x19=0xffffffff
      136725000	     13573	80008cc6	98fd	c.andi	x9,-1	  x9:0xffffffe4  x9=0xffffffe4
      136735000	     13574	80008cc8	01d0bc33	sltu	x24,x1,x29	  x1:0x00000001 x29:0xffc00516 x24=0x00000001
      136745000	     13575	80008ccc	034b6f63	bltu	x22,x20,80008d0a	 x22:0xb9c16000 x20:0x72000000
      136755000	     13576	80008cd0	018f1f63	bne	x30,x24,80008cee	 x30:0x80025c64 x24:0x00000001
      136775000	     13578	80008cee	0256	c.slli	x4,0x15	  x4:0x671dcbd1  x4=0x7a200000
      136785000	     13579	80008cf0	9cca	c.add	x25,x18	 x25:0x00000000 x18:0x000043bd x25=0x000043bd
      136795000	     13580	80008cf2	98c6	c.add	x17,x17	 x17:0x5ce23987 x17:0x5ce23987 x17=0xb9c4730e
      136805000	     13581	80008cf4	8929	c.andi	x10,10	 x10:0x7ffde423 x10=0x00000002
      136815000	     13582	80008cf6	8ffd	c.and	x15,x15	 x15:0x80021e58 x15:0x80021e58 x15=0x80021e58
      136855000	     13586	80008cf8	028d1cb3	mulh	x25,x26,x8	 x26:0x00000000  x8:0x00000000 x25=0x00000000
      136865000	     13587	80008cfc	da10e213	ori	x4,x1,-607	  x1:0x00000001  x4=0xfffffda1
      136875000	     13588	80008d00	8c1d	c.sub	x8,x15	  x8:0x00000000 x15:0x80021e58  x8=0x7ffde1a8
      136885000	     13589	80008d02	4195d293	srai	x5,x11,0x19	 x11:0x00000007  x5=0x00000000
      136905000	     13591	80008d06	02044433	div	x8,x8,x0	  x8:0x7ffde1a8  x0:0x00000000  x8=0xffffffff
      136915000	     13592	80008d0a	b34a8013	addi	x0,x21,-1228	 x21:0x671dcbc6  x0=0x00000000
      136925000	     13593	80008d0e	b9ad4693	xori	x13,x26,-1126	 x26:0x00000000 x13=0xfffffb9a
      136935000	     13594	80008d12	9a1e	c.add	x20,x7	 x20:0x72000000  x7:0x00000000 x20=0x72000000
      136945000	     13595	80008d14	003742b3	xor	x5,x14,x3	 x14:0x80025ce4  x3:0x00000001  x5=0x80025ce5
      136955000	     13596	80008d18	01ac79b3	and	x19,x24,x26	 x24:0x00000001 x26:0x00000000 x19=0x00000000
      136965000	     13597	80008d1c	8c95	c.sub	x9,x13	  x9:0xffffffe4 x13:0xfffffb9a  x9=0x0000044a
      137005000	     13601	80008d1e	02f2a033	mulhsu	x0,x5,x15	  x5:0x80025ce5 x15:0x80021e58  x0=0x00000000
      137015000	     13602	80008d22	6e15	c.lui	x28,0x5	 x28=0x00005000
      137025000	     13603	80008d24	11fd	c.addi	x3,-1	  x3:0x00000001  x3=0x00000000
      137035000	     13604	80008d26	e485	c.bnez	x9,80008d4e	  x9:0x0000044a
      137055000	     13606	80008d4e	8e2a	c.mv	x28,x10	  x0:0x00000000 x10:0x00000002 x28=0x00000002
      137065000	     13607	80008d50	00b51363	bne	x10,x11,80008d56	 x10:0x00000002 x11:0x00000007
      137095000	     13610	80008d56	01525363	bge	x4,x21,80008d5c	  x4:0xfffffda1 x21:0x671dcbc6
      137105000	     13611	80008d5a	8ff9	c.and	x15,x14	 x15:0x80021e58 x14:0x80025ce4 x15=0x80021c40
      137115000	     13612	80008d5c	527d	c.li	x4,-1	  x4=0xffffffff
      137485000	     13649	80008d5e	03efdbb3	divu	x23,x31,x30	 x31:0x28ba8ba8 x30:0x80025c64 x23=0x00000000
      137495000	     13650	80008d62	410e5313	srai	x6,x28,0x10	 x28:0x00000002  x6=0x00000000
      137505000	     13651	80008d66	00a10963	beq	x2,x10,80008d78	  x2:0xf5e39895 x10:0x00000002
      137515000	     13652	80008d6a	0001	c.addi	x0,0	  x0:0x00000000  x0=0x00000000
      137525000	     13653	80008d6c	01415cb3	srl	x25,x2,x20	  x2:0xf5e39895 x20:0x72000000 x25=0xf5e39895
      137535000	     13654	80008d70	015f46b3	xor	x13,x30,x21	 x30:0x80025c64 x21:0x671dcbc6 x13=0xe71f97a2
      137545000	     13655	80008d74	018a82b3	add	x5,x21,x24	 x21:0x671dcbc6 x24:0x00000001  x5=0x671dcbc7
      137555000	     13656	80008d78	724e1d37	lui	x26,0x724e1	 x26=0x724e1000
      137565000	     13657	80008d7c	0001	c.addi	x0,0	  x0:0x00000000  x0=0x00000000
      137575000	     13658	80008d7e	80bac413	xori	x8,x21,-2037	 x21:0x671dcbc6  x8=0x98e233cd
      137585000	     13659	80008d82	4080d193	srai	x3,x1,0x8	  x1:0x00000001  x3=0x00000000
      137595000	     13660	80008d86	0001	c.addi	x0,0	  x0:0x00000000  x0=0x00000000
      137605000	     13661	80008d88	07ce	c.slli	x15,0x13	 x15:0x80021c40 x15=0xe2000000
      137645000	     13665	80008d8a	03f039b3	mulhu	x19,x0,x31	  x0:0x00000000 x31:0x28ba8ba8 x19=0x00000000
      137655000	     13666	80008d8e	0695	c.addi	x13,5	 x13:0xe71f97a2 x13=0xe71f97a7
      137665000	     13667	80008d90	0035fc33	and	x24,x11,x3	 x11:0x00000007  x3:0x00000000 x24=0x00000000
      137705000	     13671	80008d94	03679433	mulh	x8,x15,x22	 x15:0xe2000000 x22:0xb9c16000  x8=0x083b56c0
      137715000	     13672	80008d98	f4d97593	andi	x11,x18,-179	 x18:0x000043bd x11=0x0000430d
      137725000	     13673	80008d9c	0001	c.addi	x0,0	  x0:0x00000000  x0=0x00000000
      137735000	     13674	80008d9e	0112db13	srli	x22,x5,0x11	  x5:0x671dcbc7 x22=0x0000338e
      138105000	     13711	80008da2	03a97e33	remu	x28,x18,x26	 x18:0x000043bd x26:0x724e1000 x28=0x000043bd
      138115000	     13712	80008da6	ef1d9d37	lui	x26,0xef1d9	 x26=0xef1d9000
      138125000	     13713	80008daa	004c1bb3	sll	x23,x24,x4	 x24:0x00000000  x4:0xffffffff x23=0x00000000
      138135000	     13714	80008dae	4e7ff793	andi	x15,x31,1255	 x31:0x28ba8ba8 x15=0x000000a0
      138145000	     13715	80008db2	0008f463	bgeu	x17,x0,80008dba	 x17:0xb9c4730e  x0:0x00000000
      138165000	     13717	80008dba	527d	c.li	x4,-1	  x4=0xffffffff
      138175000	     13718	80008dbc	51068513	addi	x10,x13,1296	 x13:0xe71f97a7 x10=0xe71f9cb7
      138185000	     13719	80008dc0	57393813	sltiu	x16,x18,1395	 x18:0x000043bd x16=0x00000000
      138195000	     13720	80008dc4	00cd41b3	xor	x3,x26,x12	 x26:0xef1d9000 x12:0x80021e58  x3=0x6f1f8e58
      138205000	     13721	80008dc8	e19d	c.bnez	x11,80008dee	 x11:0x0000430d
      138225000	     13723	80008dee	62c5	c.lui	x5,0x11	  x5=0x00011000
      138595000	     13760	80008df0	021167b3	rem	x15,x2,x1	  x2:0xf5e39895  x1:0x00000001 x15=0x00000000
      138605000	     13761	80008df4	0124db63	bge	x9,x18,80008e0a	  x9:0x0000044a x18:0x000043bd
      138615000	     13762	80008df8	8c29	c.xor	x8,x10	  x8:0x083b56c0 x10:0xe71f9cb7  x8=0xef24ca77
      138625000	     13763	80008dfa	8c21	c.xor	x8,x8	  x8:0xef24ca77  x8:0xef24ca77  x8=0x00000000
      138635000	     13764	80008dfc	6a9c0293	addi	x5,x24,1705	 x24:0x00000000  x5=0x000006a9
      138645000	     13765	80008e00	e6428813	addi	x16,x5,-412	  x5:0x000006a9 x16=0x0000050d
      138655000	     13766	80008e04	0001	c.addi	x0,0	  x0:0x00000000  x0=0x00000000
      138665000	     13767	80008e06	ed239d17	auipc	x26,0xed239	 x26=0x6d241e06
      138675000	     13768	80008e0a	03e70663	beq	x14,x30,80008e36	 x14:0x80025ce4 x30:0x80025c64
      138685000	     13769	80008e0e	0074f2b3	and	x5,x9,x7	  x9:0x0000044a  x7:0x00000000  x5=0x00000000
      138695000	     13770	80008e12	00f89bb3	sll	x23,x17,x15	 x17:0xb9c4730e x15:0x00000000 x23=0xb9c4730e
      138705000	     13771	80008e16	0001	c.addi	x0,0	  x0:0x00000000  x0=0x00000000
      138715000	     13772	80008e18	e015	c.bnez	x8,80008e3c	  x8:0x00000000
      138725000	     13773	80008e1a	4db1c893	xori	x17,x3,1243	  x3:0x6f1f8e58 x17=0x6f1f8a83
      138735000	     13774	80008e1e	75f92093	slti	x1,x18,1887	 x18:0x000043bd  x1=0x00000000
      138765000	     13777	80008e22	03c28c33	mul	x24,x5,x28	  x5:0x00000000 x28:0x000043bd x24=0x00000000
      138775000	     13778	80008e26	002bcfb3	xor	x31,x23,x2	 x23:0xb9c4730e  x2:0xf5e39895 x31=0x4c27eb9b
      138785000	     13779	80008e2a	37f6d397	auipc	x7,0x37f6d	  x7=0xb7f75e2a
      138825000	     13783	80008e2e	027f9db3	mulh	x27,x31,x7	 x31:0x4c27eb9b  x7:0xb7f75e2a x27=0xea923458
      138835000	     13784	80008e32	00b85b13	srli	x22,x16,0xb	 x16:0x0000050d x22=0x00000000
      138845000	     13785	80008e36	0178adb3	slt	x27,x17,x23	 x17:0x6f1f8a83 x23:0xb9c4730e x27=0x00000000
      138855000	     13786	80008e3a	c009	c.beqz	x8,80008e3c	  x8:0x00000000
      138875000	     13788	80008e3c	6fa1	c.lui	x31,0x8	 x31=0x00008000
      138885000	     13789	80008e3e	0072e4b3	or	x9,x5,x7	  x5:0x00000000  x7:0xb7f75e2a  x9=0xb7f75e2a
      138895000	     13790	80008e42	41df03b3	sub	x7,x30,x29	 x30:0x80025c64 x29:0xffc00516  x7=0x8042574e
      138905000	     13791	80008e46	523e4893	xori	x17,x28,1315	 x28:0x000043bd x17=0x0000469e
      138915000	     13792	80008e4a	0030ab33	slt	x22,x1,x3	  x1:0x00000000  x3:0x6f1f8e58 x22=0x00000001
      138925000	     13793	80008e4e	009b8933	add	x18,x23,x9	 x23:0xb9c4730e  x9:0xb7f75e2a x18=0x71bbd138
      138935000	     13794	80008e52	8ff1	c.and	x15,x12	 x15:0x00000000 x12:0x80021e58 x15=0x00000000
      138945000	     13795	80008e54	02994763	blt	x18,x9,80008e82	 x18:0x71bbd138  x9:0xb7f75e2a
      138955000	     13796	80008e58	03e81663	bne	x16,x30,80008e84	 x16:0x0000050d x30:0x80025c64
      138975000	     13798	80008e84	02087e63	bgeu	x16,x0,80008ec0	 x16:0x0000050d  x0:0x00000000
      138995000	     13800	80008ec0	47117d13	andi	x26,x2,1137	  x2:0xf5e39895 x26=0x00000011
      139005000	     13801	80008ec4	4147de93	srai	x29,x15,0x14	 x15:0x00000000 x29=0x00000000
      139015000	     13802	80008ec8	02cc90b7	lui	x1,0x2cc9	  x1=0x02cc9000
      139055000	     13806	80008ecc	03b83fb3	mulhu	x31,x16,x27	 x16:0x0000050d x27:0x00000000 x31=0x00000000
      139065000	     13807	80008ed0	00441033	sll	x0,x8,x4	  x8:0x00000000  x4:0xffffffff  x0=0x00000000
      139075000	     13808	80008ed4	01c0dbb3	srl	x23,x1,x28	  x1:0x02cc9000 x28:0x000043bd x23=0x00000000
      139085000	     13809	80008ed8	014a9893	slli	x17,x21,0x14	 x21:0x671dcbc6 x17=0xbc600000
      139455000	     13846	80008edc	03acd6b3	divu	x13,x25,x26	 x25:0xf5e39895 x26:0x00000011 x13=0x0e76ccbd
      139465000	     13847	80008ee0	0165f963	bgeu	x11,x22,80008ef2	 x11:0x0000430d x22:0x00000001
      139495000	     13850	80008ef2	00d28e63	beq	x5,x13,80008f0e	  x5:0x00000000 x13:0x0e76ccbd
      139505000	     13851	80008ef6	bc03cb37	lui	x22,0xbc03c	 x22=0xbc03c000
      139515000	     13852	80008efa	00809f93	slli	x31,x1,0x8	  x1:0x02cc9000 x31=0xcc900000
      139525000	     13853	80008efe	0000100f	fence.i	
      139565000	     13857	80008f02	037168b3	rem	x17,x2,x23	  x2:0xf5e39895 x23:0x00000000 x17=0xf5e39895
      139575000	     13858	80008f06	05005463	bge	x0,x16,80008f4e	  x0:0x00000000 x16:0x0000050d
      139585000	     13859	80008f0a	d4a1c497	auipc	x9,0xd4a1c	  x9=0x54a24f0a
      139595000	     13860	80008f0e	27038213	addi	x4,x7,624	  x7:0x8042574e  x4=0x804259be
      139605000	     13861	80008f12	0001	c.addi	x0,0	  x0:0x00000000  x0=0x00000000
      139615000	     13862	80008f14	04b28263	beq	x5,x11,80008f58	  x5:0x00000000 x11:0x0000430d
      139625000	     13863	80008f18	011d2c33	slt	x24,x26,x17	 x26:0x00000011 x17:0xf5e39895 x24=0x00000000
      139635000	     13864	80008f1c	0ff0000f	fence	iorw,iorw	
      139645000	     13865	80008f20	030cd563	bge	x25,x16,80008f4a	 x25:0xf5e39895 x16:0x0000050d
      139655000	     13866	80008f24	a8622b13	slti	x22,x4,-1402	  x4:0x804259be x22=0x00000001
      139665000	     13867	80008f28	01e1e833	or	x16,x3,x30	  x3:0x6f1f8e58 x30:0x80025c64 x16=0xef1fde7c
      139675000	     13868	80008f2c	c2804793	xori	x15,x0,-984	  x0:0x00000000 x15=0xfffffc28
      139685000	     13869	80008f30	015de363	bltu	x27,x21,80008f36	 x27:0x00000000 x21:0x671dcbc6
      139715000	     13872	80008f36	01c05513	srli	x10,x0,0x1c	  x0:0x00000000 x10=0x00000000
      139725000	     13873	80008f3a	65f23513	sltiu	x10,x4,1631	  x4:0x804259be x10=0x00000000
      139735000	     13874	80008f3e	fd776c17	auipc	x24,0xfd776	 x24=0x7d77ef3e
      139745000	     13875	80008f42	007c1263	bne	x24,x7,80008f46	 x24:0x7d77ef3e  x7:0x8042574e
      139775000	     13878	80008f46	01f3d993	srli	x19,x7,0x1f	  x7:0x8042574e x19=0x00000001
      139785000	     13879	80008f4a	5b8db993	sltiu	x19,x27,1464	 x27:0x00000000 x19=0x00000001
      139795000	     13880	80008f4e	402fd533	sra	x10,x31,x2	 x31:0xcc900000  x2:0xf5e39895 x10=0xfffffe64
      139805000	     13881	80008f52	0001	c.addi	x0,0	  x0:0x00000000  x0=0x00000000
      139815000	     13882	80008f54	007146b3	xor	x13,x2,x7	  x2:0xf5e39895  x7:0x8042574e x13=0x75a1cfdb
      139835000	     13884	80008f58	03d75433	divu	x8,x14,x29	 x14:0x80025ce4 x29:0x00000000  x8=0xffffffff
      139845000	     13885	80008f5c	8cc5	c.or	x9,x9	  x9:0x54a24f0a  x9:0x54a24f0a  x9=0x54a24f0a
      139855000	     13886	80008f5e	0ba12693	slti	x13,x2,186	  x2:0xf5e39895 x13=0x00000001
      139865000	     13887	80008f62	8fad	c.xor	x15,x11	 x15:0xfffffc28 x11:0x0000430d x15=0xffffbf25
      139875000	     13888	80008f64	0001	c.addi	x0,0	  x0:0x00000000  x0=0x00000000
      139885000	     13889	80008f66	66c1	c.lui	x13,0x10	 x13=0x00010000
      139925000	     13893	80008f68	03053833	mulhu	x16,x10,x16	 x10:0xfffffe64 x16:0xef1fde7c x16=0xef1fdcfb
      139935000	     13894	80008f6c	c62abd97	auipc	x27,0xc62ab	 x27=0x462b3f6c
      139945000	     13895	80008f70	00429c33	sll	x24,x5,x4	  x5:0x00000000  x4:0x804259be x24=0x00000000
      139955000	     13896	80008f74	10fd	c.addi	x1,-1	  x1:0x02cc9000  x1=0x02cc8fff
      139965000	     13897	80008f76	0001	c.addi	x0,0	  x0:0x00000000  x0=0x00000000
      139975000	     13898	80008f78	00121cb3	sll	x25,x4,x1	  x4:0x804259be  x1:0x02cc8fff x25=0x00000000
      139985000	     13899	80008f7c	41e85a33	sra	x20,x16,x30	 x16:0xef1fdcfb x30:0x80025c64 x20=0xfef1fdcf
      139995000	     13900	80008f80	01e41e13	slli	x28,x8,0x1e	  x8:0xffffffff x28=0xc0000000
      140005000	     13901	80008f84	01c2e833	or	x16,x5,x28	  x5:0x00000000 x28:0xc0000000 x16=0xc0000000
      140015000	     13902	80008f88	6ee5	c.lui	x29,0x19	 x29=0x00019000
      140045000	     13905	80008f8a	027f0eb3	mul	x29,x30,x7	 x30:0x80025c64  x7:0x8042574e x29=0x9fe62278
      140055000	     13906	80008f8e	224c3fb7	lui	x31,0x224c3	 x31=0x224c3000
      140085000	     13909	80008f92	032781b3	mul	x3,x15,x18	 x15:0xffffbf25 x18:0x71bbd138  x3=0xc0060518
      140095000	     13910	80008f96	99176797	auipc	x15,0x99176	 x15=0x1917ef96
      140105000	     13911	80008f9a	4165dfb3	sra	x31,x11,x22	 x11:0x0000430d x22:0x00000001 x31=0x00002186
      140475000	     13948	80008f9e	02704433	div	x8,x0,x7	  x0:0x00000000  x7:0x8042574e  x8=0x00000000
      140485000	     13949	80008fa2	0013ecb3	or	x25,x7,x1	  x7:0x8042574e  x1:0x02cc8fff x25=0x82cedfff
      140855000	     13986	80008fa6	027c59b3	divu	x19,x24,x7	 x24:0x00000000  x7:0x8042574e x19=0x00000000
      140865000	     13987	80008faa	039e5763	bge	x28,x25,80008fd8	 x28:0xc0000000 x25:0x82cedfff
      140885000	     13989	80008fd8	996a	c.add	x18,x26	 x18:0x71bbd138 x26:0x00000011 x18=0x71bbd149
      140895000	     13990	80008fda	015648b3	xor	x17,x12,x21	 x12:0x80021e58 x21:0x671dcbc6 x17=0xe71fd59e
      140905000	     13991	80008fde	83ea	c.mv	x7,x26	  x0:0x00000000 x26:0x00000011  x7=0x00000011
      140915000	     13992	80008fe0	10286693	ori	x13,x16,258	 x16:0xc0000000 x13=0xc0000102
      140925000	     13993	80008fe4	13604093	xori	x1,x0,310	  x0:0x00000000  x1=0x00000136
      141295000	     14030	80008fe8	02b45833	divu	x16,x8,x11	  x8:0x00000000 x11:0x0000430d x16=0x00000000
      141305000	     14031	80008fec	8c29	c.xor	x8,x10	  x8:0x00000000 x10:0xfffffe64  x8=0xfffffe64
      141315000	     14032	80008fee	0001	c.addi	x0,0	  x0:0x00000000  x0=0x00000000
      141685000	     14069	80008ff0	02f1d4b3	divu	x9,x3,x15	  x3:0xc0060518 x15:0x1917ef96  x9=0x00000007
      141695000	     14070	80008ff4	01760463	beq	x12,x23,80008ffc	 x12:0x80021e58 x23:0x00000000
      141705000	     14071	80008ff8	0083bf33	sltu	x30,x7,x8	  x7:0x00000011  x8:0xfffffe64 x30=0x00000001
      141715000	     14072	80008ffc	00feaeb3	slt	x29,x29,x15	 x29:0x9fe62278 x15:0x1917ef96 x29=0x00000001
      141745000	     14075	80009000	02b20ab3	mul	x21,x4,x11	  x4:0x804259be x11:0x0000430d x21=0xe0db48a6
      141755000	     14076	80009004	02b06463	bltu	x0,x11,8000902c	  x0:0x00000000 x11:0x0000430d
      141775000	     14078	8000902c	8ec1	c.or	x13,x8	 x13:0xc0000102  x8:0xfffffe64 x13=0xffffff66
      141785000	     14079	8000902e	00b39263	bne	x7,x11,80009032	  x7:0x00000011 x11:0x0000430d
      141805000	     14081	80009032	85e1	c.srai	x11,0x18	 x11:0x0000430d x11=0x00000000
      141815000	     14082	80009034	85cd	c.srai	x11,0x13	 x11:0x00000000 x11=0x00000000
      141825000	     14083	80009036	007dedb3	or	x27,x27,x7	 x27:0x462b3f6c  x7:0x00000011 x27=0x462b3f7d
      141835000	     14084	8000903a	01629263	bne	x5,x22,8000903e	  x5:0x00000000 x22:0x00000001
      141855000	     14086	8000903e	0001	c.addi	x0,0	  x0:0x00000000  x0=0x00000000
      142225000	     14123	80009040	03a8ef33	rem	x30,x17,x26	 x17:0xe71fd59e x26:0x00000011 x30=0xfffffff2
      142235000	     14124	80009044	0000100f	fence.i	
      142255000	     14126	80009048	8c7d	c.and	x8,x15	  x8:0xfffffe64 x15:0x1917ef96  x8=0x1917ee04
      142265000	     14127	8000904a	40cf56b3	sra	x13,x30,x12	 x30:0xfffffff2 x12:0x80021e58 x13=0xffffffff
      142275000	     14128	8000904e	01d92533	slt	x10,x18,x29	 x18:0x71bbd149 x29:0x00000001 x10=0x00000000
      142285000	     14129	80009052	00079693	slli	x13,x15,0x0	 x15:0x1917ef96 x13=0x1917ef96
      142295000	     14130	80009056	19d94d13	xori	x26,x18,413	 x18:0x71bbd149 x26=0x71bbd0d4
      142305000	     14131	8000905a	405b0c33	sub	x24,x22,x5	 x22:0x00000001  x5:0x00000000 x24=0x00000001
      142315000	     14132	8000905e	0ff0000f	fence	iorw,iorw	
      142685000	     14169	80009062	03d24a33	div	x20,x4,x29	  x4:0x804259be x29:0x00000001 x20=0x804259be
      142695000	     14170	80009066	415055b3	sra	x11,x0,x21	  x0:0x00000000 x21:0xe0db48a6 x11=0x00000000
      142705000	     14171	8000906a	41ed	c.li	x3,27	  x3=0x0000001b
      142745000	     14175	8000906c	028b9cb3	mulh	x25,x23,x8	 x23:0x00000000  x8:0x1917ee04 x25=0x00000000
      142755000	     14176	80009070	f49cdb17	auipc	x22,0xf49cd	 x22=0x749d6070
      142765000	     14177	80009074	0001	c.addi	x0,0	  x0:0x00000000  x0=0x00000000
      142775000	     14178	80009076	44684c93	xori	x25,x16,1094	 x16:0x00000000 x25=0x00000446
      142785000	     14179	8000907a	e2269417	auipc	x8,0xe2269	  x8=0x6227207a
      142795000	     14180	8000907e	6261	c.lui	x4,0x18	  x4=0x00018000
      142805000	     14181	80009080	0157bd33	sltu	x26,x15,x21	 x15:0x1917ef96 x21:0xe0db48a6 x26=0x00000001
      142815000	     14182	80009084	e785	c.bnez	x15,800090ac	 x15:0x1917ef96
      142845000	     14185	800090ac	0252d333	divu	x6,x5,x5	  x5:0x00000000  x5:0x00000000  x6=0xffffffff
      142855000	     14186	800090b0	8855	c.andi	x8,21	  x8:0x6227207a  x8=0x00000010
      142865000	     14187	800090b2	059d	c.addi	x11,7	 x11:0x00000000 x11=0x00000007
      142875000	     14188	800090b4	0194feb3	and	x29,x9,x25	  x9:0x00000007 x25:0x00000446 x29=0x00000006
      142885000	     14189	800090b8	001b23b3	slt	x7,x22,x1	 x22:0x749d6070  x1:0x00000136  x7=0x00000000
      142895000	     14190	800090bc	99fd	c.andi	x11,-1	 x11:0x00000007 x11=0x00000007
      142905000	     14191	800090be	0d66	c.slli	x26,0x19	 x26:0x00000001 x26=0x02000000
      142915000	     14192	800090c0	3a92f013	andi	x0,x5,937	  x5:0x00000000  x0=0x00000000
      142925000	     14193	800090c4	010b9513	slli	x10,x23,0x10	 x23:0x00000000 x10=0x00000000
      142935000	     14194	800090c8	0001	c.addi	x0,0	  x0:0x00000000  x0=0x00000000
      142945000	     14195	800090ca	413bd033	sra	x0,x23,x19	 x23:0x00000000 x19:0x00000000  x0=0x00000000
      142955000	     14196	800090ce	033c1463	bne	x24,x19,800090f6	 x24:0x00000001 x19:0x00000000
      142985000	     14199	800090f6	003e1463	bne	x28,x3,800090fe	 x28:0xc0000000  x3:0x0000001b
      143005000	     14201	800090fe	0f5e	c.slli	x30,0x17	 x30:0xfffffff2 x30=0xf9000000
      143045000	     14205	80009100	026631b3	mulhu	x3,x12,x6	 x12:0x80021e58  x6:0xffffffff  x3=0x80021e57
      143055000	     14206	80009104	0a16	c.slli	x20,0x5	 x20:0x804259be x20=0x084b37c0
      143065000	     14207	80009106	9fa2	c.add	x31,x8	 x31:0x00002186  x8:0x00000010 x31=0x00002196
      143435000	     14244	80009108	0241f233	remu	x4,x3,x4	  x3:0x80021e57  x4:0x00018000  x4=0x00011e57
      143445000	     14245	8000910c	5bfd	c.li	x23,-1	 x23=0xffffffff
      143455000	     14246	8000910e	8d2d	c.xor	x10,x11	 x10:0x00000000 x11:0x00000007 x10=0x00000007
      143465000	     14247	80009110	187d	c.addi	x16,-1	 x16:0x00000000 x16=0xffffffff
      143475000	     14248	80009112	868d	c.srai	x13,0x3	 x13:0x1917ef96 x13=0x0322fdf2
      143485000	     14249	80009114	67f9	c.lui	x15,0x1e	 x15=0x0001e000
      143495000	     14250	80009116	a504f193	andi	x3,x9,-1456	  x9:0x00000007  x3=0x00000000
      143505000	     14251	8000911a	821a	c.mv	x4,x6	  x0:0x00000000  x6:0xffffffff  x4=0xffffffff
      143515000	     14252	8000911c	01931e93	slli	x29,x6,0x19	  x6:0xffffffff x29=0xfe000000
      143525000	     14253	80009120	00f855b3	srl	x11,x16,x15	 x16:0xffffffff x15:0x0001e000 x11=0xffffffff
      143535000	     14254	80009124	8ed9	c.or	x13,x14	 x13:0x0322fdf2 x14:0x80025ce4 x13=0x8322fdf6
      143545000	     14255	80009126	c39d	c.beqz	x15,8000914c	 x15:0x0001e000
      143555000	     14256	80009128	01a739b3	sltu	x19,x14,x26	 x14:0x80025ce4 x26:0x02000000 x19=0x00000000
      143565000	     14257	8000912c	5dfd	c.li	x27,-1	 x27=0xffffffff
      143575000	     14258	8000912e	b6673a93	sltiu	x21,x14,-1178	 x14:0x80025ce4 x21=0x00000001
      143585000	     14259	80009132	8ef5	c.and	x13,x13	 x13:0x8322fdf6 x13:0x8322fdf6 x13=0x8322fdf6
      143595000	     14260	80009134	c6af7037	lui	x0,0xc6af7	  x0=0x00000000
      143605000	     14261	80009138	dabfb993	sltiu	x19,x31,-597	 x31:0x00002196 x19=0x00000001
      143615000	     14262	8000913c	8d25	c.xor	x10,x9	 x10:0x00000007  x9:0x00000007 x10=0x00000000
      143625000	     14263	8000913e	011f4463	blt	x30,x17,80009146	 x30:0xf9000000 x17:0xe71fd59e
      143635000	     14264	80009142	00a11c33	sll	x24,x2,x10	  x2:0xf5e39895 x10:0x00000000 x24=0xf5e39895
      143645000	     14265	80009146	92e2	c.add	x5,x24	  x5:0x00000000 x24:0xf5e39895  x5=0xf5e39895
      143655000	     14266	80009148	8420e097	auipc	x1,0x8420e	  x1=0x04217148
      143665000	     14267	8000914c	66bdc5b7	lui	x11,0x66bdc	 x11=0x66bdc000
      143675000	     14268	80009150	001907b3	add	x15,x18,x1	 x18:0x71bbd149  x1:0x04217148 x15=0x75dd4291
      143685000	     14269	80009154	407f51b3	sra	x3,x30,x7	 x30:0xf9000000  x7:0x00000000  x3=0xf9000000
      143695000	     14270	80009158	8549	c.srai	x10,0x12	 x10:0x00000000 x10=0x00000000
      143735000	     14274	8000915a	021c34b3	mulhu	x9,x24,x1	 x24:0xf5e39895  x1:0x04217148  x9=0x03f7ad87
      143745000	     14275	8000915e	c095	c.beqz	x9,80009182	  x9:0x03f7ad87
      143755000	     14276	80009160	81c5	c.srli	x11,0x11	 x11:0x66bdc000 x11=0x0000335e
      143765000	     14277	80009162	3755b213	sltiu	x4,x11,885	 x11:0x0000335e  x4=0x00000000
      143775000	     14278	80009166	884d	c.andi	x8,19	  x8:0x00000010  x8=0x00000010
      143785000	     14279	80009168	0001	c.addi	x0,0	  x0:0x00000000  x0=0x00000000
      143795000	     14280	8000916a	014dfbb3	and	x23,x27,x20	 x27:0xffffffff x20:0x084b37c0 x23=0x084b37c0
      143805000	     14281	8000916e	006f5a63	bge	x30,x6,80009182	 x30:0xf9000000  x6:0xffffffff
      143815000	     14282	80009172	19fd	c.addi	x19,-1	 x19:0x00000001 x19=0x00000000
      143825000	     14283	80009174	8c8d	c.sub	x9,x11	  x9:0x03f7ad87 x11:0x0000335e  x9=0x03f77a29
      143835000	     14284	80009176	0000100f	fence.i	
      143865000	     14287	8000917a	b8081c37	lui	x24,0xb8081	 x24=0xb8081000
      143875000	     14288	8000917e	023b8463	beq	x23,x3,800091a6	 x23:0x084b37c0  x3:0xf9000000
      143885000	     14289	80009182	0001	c.addi	x0,0	  x0:0x00000000  x0=0x00000000
      143895000	     14290	80009184	0895	c.addi	x17,5	 x17:0xe71fd59e x17=0xe71fd5a3
      143905000	     14291	80009186	01ecdd33	srl	x26,x25,x30	 x25:0x00000446 x30:0xf9000000 x26=0x00000446
      143925000	     14293	8000918a	024372b3	remu	x5,x6,x4	  x6:0xffffffff  x4:0x00000000  x5=0xffffffff
      143935000	     14294	8000918e	011cef63	bltu	x25,x17,800091ac	 x25:0x00000446 x17:0xe71fd5a3
      144315000	     14332	800091ac	02de4433	div	x8,x28,x13	 x28:0xc0000000 x13:0x8322fdf6  x8=0x00000000
      144325000	     14333	800091b0	02c7c863	blt	x15,x12,800091e0	 x15:0x75dd4291 x12:0x80021e58
      144335000	     14334	800091b4	404685b3	sub	x11,x13,x4	 x13:0x8322fdf6  x4:0x00000000 x11=0x8322fdf6
      144345000	     14335	800091b8	00e81263	bne	x16,x14,800091bc	 x16:0xffffffff x14:0x80025ce4
      144365000	     14337	800091bc	09be5517	auipc	x10,0x9be5	 x10=0x89bee1bc
      144375000	     14338	800091c0	40a0d593	srai	x11,x1,0xa	  x1:0x04217148 x11=0x0001085c
      144385000	     14339	800091c4	04fd6363	bltu	x26,x15,8000920a	 x26:0x00000446 x15:0x75dd4291
      144415000	     14342	8000920a	4f9ffa17	auipc	x20,0x4f9ff	 x20=0xcfa0820a
      144425000	     14343	8000920e	8795	c.srai	x15,0x5	 x15:0x75dd4291 x15=0x03aeea14
      144435000	     14344	80009210	e485	c.bnez	x9,80009238	  x9:0x03f77a29
      144455000	     14346	80009238	87b3ac13	slti	x24,x7,-1925	  x7:0x00000000 x24=0x00000000
      144465000	     14347	8000923c	413b84b3	sub	x9,x23,x19	 x23:0x084b37c0 x19:0x00000000  x9=0x084b37c0
      144835000	     14384	80009240	029aec33	rem	x24,x21,x9	 x21:0x00000001  x9:0x084b37c0 x24=0x00000001
      144845000	     14385	80009244	2fc66d13	ori	x26,x12,764	 x12:0x80021e58 x26=0x80021efc
      144855000	     14386	80009248	01d6dc93	srli	x25,x13,0x1d	 x13:0x8322fdf6 x25=0x00000004
      144865000	     14387	8000924c	0154dbb3	srl	x23,x9,x21	  x9:0x084b37c0 x21:0x00000001 x23=0x04259be0
      144905000	     14391	80009250	027e2db3	mulhsu	x27,x28,x7	 x28:0xc0000000  x7:0x00000000 x27=0x00000000
      144945000	     14395	80009254	03dea033	mulhsu	x0,x29,x29	 x29:0xfe000000 x29:0xfe000000  x0=0x00000000
      144955000	     14396	80009258	5d4c6e13	ori	x28,x24,1492	 x24:0x00000001 x28=0x000005d5
      144995000	     14400	8000925c	021711b3	mulh	x3,x14,x1	 x14:0x80025ce4  x1:0x04217148  x3=0xfdef511e
      145005000	     14401	80009260	ef9baf13	slti	x30,x23,-263	 x23:0x04259be0 x30=0x00000000
      145015000	     14402	80009264	010e60b3	or	x1,x28,x16	 x28:0x000005d5 x16:0xffffffff  x1=0xffffffff
      145025000	     14403	80009268	6e343393	sltiu	x7,x8,1763	  x8:0x00000000  x7=0x00000001
      145035000	     14404	8000926c	0000100f	fence.i	
      145055000	     14406	80009270	013a1963	bne	x20,x19,80009282	 x20:0xcfa0820a x19:0x00000000
      145085000	     14409	80009282	009c1263	bne	x24,x9,80009286	 x24:0x00000001  x9:0x084b37c0
      145105000	     14411	80009286	8ed9	c.or	x13,x14	 x13:0x8322fdf6 x14:0x80025ce4 x13=0x8322fdf6
      145115000	     14412	80009288	012afb63	bgeu	x21,x18,8000929e	 x21:0x00000001 x18:0x71bbd149
      145125000	     14413	8000928c	93d2	c.add	x7,x20	  x7:0x00000001 x20:0xcfa0820a  x7=0xcfa0820b
      145135000	     14414	8000928e	0001	c.addi	x0,0	  x0:0x00000000  x0=0x00000000
      145145000	     14415	80009290	00d8e463	bltu	x17,x13,80009298	 x17:0xe71fd5a3 x13:0x8322fdf6
      145155000	     14416	80009294	4010d533	sra	x10,x1,x1	  x1:0xffffffff  x1:0xffffffff x10=0xffffffff
      145165000	     14417	80009298	09be	c.slli	x19,0xf	 x19:0x00000000 x19=0x00000000
      145535000	     14454	8000929a	02e5d5b3	divu	x11,x11,x14	 x11:0x0001085c x14:0x80025ce4 x11=0x00000000
      145545000	     14455	8000929e	410788b3	sub	x17,x15,x16	 x15:0x03aeea14 x16:0xffffffff x17=0x03aeea15
      145555000	     14456	800092a2	886d	c.andi	x8,27	  x8:0x00000000  x8=0x00000000
      145565000	     14457	800092a4	922f6e13	ori	x28,x30,-1758	 x30:0x00000000 x28=0xfffff922
      145575000	     14458	800092a8	8edd	c.or	x13,x15	 x13:0x8322fdf6 x15:0x03aeea14 x13=0x83aefff6
      145585000	     14459	800092aa	008114b3	sll	x9,x2,x8	  x2:0xf5e39895  x8:0x00000000  x9=0xf5e39895
      145595000	     14460	800092ae	82aa	c.mv	x5,x10	  x0:0x00000000 x10:0xffffffff  x5=0xffffffff
      145605000	     14461	800092b0	0cc5	c.addi	x25,17	 x25:0x00000004 x25=0x00000015
      145615000	     14462	800092b2	00f05f93	srli	x31,x0,0xf	  x0:0x00000000 x31=0x00000000
      145625000	     14463	800092b6	000d1f93	slli	x31,x26,0x0	 x26:0x80021efc x31=0x80021efc
      145645000	     14465	800092ba	028e5ab3	divu	x21,x28,x8	 x28:0xfffff922  x8:0x00000000 x21=0xffffffff
      146015000	     14502	800092be	03024fb3	div	x31,x4,x16	  x4:0x00000000 x16:0xffffffff x31=0x00000000
      146025000	     14503	800092c2	015b77b3	and	x15,x22,x21	 x22:0x749d6070 x21:0xffffffff x15=0x749d6070
      146035000	     14504	800092c6	03444663	blt	x8,x20,800092f2	  x8:0x00000000 x20:0xcfa0820a
      146045000	     14505	800092ca	8db1	c.xor	x11,x12	 x11:0x00000000 x12:0x80021e58 x11=0x80021e58
      146065000	     14507	800092cc	020cd4b3	divu	x9,x25,x0	 x25:0x00000015  x0:0x00000000  x9=0xffffffff
      146105000	     14511	800092d0	03393433	mulhu	x8,x18,x19	 x18:0x71bbd149 x19:0x00000000  x8=0x00000000
      146115000	     14512	800092d4	013c06b3	add	x13,x24,x19	 x24:0x00000001 x19:0x00000000 x13=0x00000001
      146125000	     14513	800092d8	02c06263	bltu	x0,x12,800092fc	  x0:0x00000000 x12:0x80021e58
      146175000	     14518	800092fc	03759eb3	mulh	x29,x11,x23	 x11:0x80021e58 x23:0x04259be0 x29=0xfded3ad9
      146205000	     14521	80009300	034002b3	mul	x5,x0,x20	  x0:0x00000000 x20:0xcfa0820a  x5=0x00000000
      146215000	     14522	80009304	01c6a4b3	slt	x9,x13,x28	 x13:0x00000001 x28:0xfffff922  x9=0x00000000
      146225000	     14523	80009308	01a98e63	beq	x19,x26,80009324	 x19:0x00000000 x26:0x80021efc
      146235000	     14524	8000930c	8cb5	c.xor	x9,x13	  x9:0x00000000 x13:0x00000001  x9=0x00000001
      146245000	     14525	8000930e	34048413	addi	x8,x9,832	  x9:0x00000001  x8=0x00000341
      146255000	     14526	80009312	1cfd	c.addi	x25,-1	 x25:0x00000015 x25=0x00000014
      146295000	     14530	80009314	0221aa33	mulhsu	x20,x3,x2	  x3:0xfdef511e  x2:0xf5e39895 x20=0xfe04329b
      146305000	     14531	80009318	01207463	bgeu	x0,x18,80009320	  x0:0x00000000 x18:0x71bbd149
      146315000	     14532	8000931c	a7133193	sltiu	x3,x6,-1423	  x6:0xffffffff  x3=0x00000000
      146685000	     14569	80009320	0273f233	remu	x4,x7,x7	  x7:0xcfa0820b  x7:0xcfa0820b  x4=0x00000000
      146695000	     14570	80009324	00b0d793	srli	x15,x1,0xb	  x1:0xffffffff x15=0x001fffff
      146735000	     14574	80009328	02b63ab3	mulhu	x21,x12,x11	 x12:0x80021e58 x11:0x80021e58 x21=0x40021e5c
      146745000	     14575	8000932c	0002ef63	bltu	x5,x0,8000934a	  x5:0x00000000  x0:0x00000000
      146755000	     14576	80009330	597d	c.li	x18,-1	 x18=0xffffffff
      146765000	     14577	80009332	41200a33	sub	x20,x0,x18	  x0:0x00000000 x18:0xffffffff x20=0x00000001
      146775000	     14578	80009336	8d41	c.or	x10,x8	 x10:0xffffffff  x8:0x00000341 x10=0xffffffff
      146815000	     14582	80009338	032923b3	mulhsu	x7,x18,x18	 x18:0xffffffff x18:0xffffffff  x7=0xffffffff
      146825000	     14583	8000933c	03920663	beq	x4,x25,80009368	  x4:0x00000000 x25:0x00000014
      146835000	     14584	80009340	8d15	c.sub	x10,x13	 x10:0xffffffff x13:0x00000001 x10=0xfffffffe
      146875000	     14588	80009342	0346b6b3	mulhu	x13,x13,x20	 x13:0x00000001 x20:0x00000001 x13=0x00000000
      146885000	     14589	80009346	41605793	srai	x15,x0,0x16	  x0:0x00000000 x15=0x00000000
      146895000	     14590	8000934a	0441	c.addi	x8,16	  x8:0x00000341  x8=0x00000351
      146935000	     14594	8000934c	03022933	mulhsu	x18,x4,x16	  x4:0x00000000 x16:0xffffffff x18=0x00000000
      146945000	     14595	80009350	8e99	c.sub	x13,x14	 x13:0x00000000 x14:0x80025ce4 x13=0x7ffda31c
      146955000	     14596	80009352	2a1daa93	slti	x21,x27,673	 x27:0x00000000 x21=0x00000001
      146965000	     14597	80009356	c021	c.beqz	x8,80009396	  x8:0x00000351
      146975000	     14598	80009358	e801	c.bnez	x8,80009368	  x8:0x00000351
      146995000	     14600	80009368	01f4fdb3	and	x27,x9,x31	  x9:0x00000001 x31:0x00000000 x27=0x00000000
      147005000	     14601	8000936c	8f85	c.sub	x15,x9	 x15:0x00000000  x9:0x00000001 x15=0xffffffff
      147015000	     14602	8000936e	00fbe1b3	or	x3,x23,x15	 x23:0x04259be0 x15:0xffffffff  x3=0xffffffff
      147025000	     14603	80009372	8506	c.mv	x10,x1	  x0:0x00000000  x1:0xffffffff x10=0xffffffff
      147065000	     14607	80009374	035fbeb3	mulhu	x29,x31,x21	 x31:0x00000000 x21:0x00000001 x29=0x00000000
      147075000	     14608	80009378	4499	c.li	x9,6	  x9=0x00000006
      147085000	     14609	8000937a	e795	c.bnez	x15,800093a6	 x15:0xffffffff
      147105000	     14611	800093a6	858d	c.srai	x11,0x3	 x11:0x80021e58 x11=0xf00043cb
      147145000	     14615	800093a8	03a5b333	mulhu	x6,x11,x26	 x11:0xf00043cb x26:0x80021efc  x6=0x78021ef2
      147155000	     14616	800093ac	8ef5	c.and	x13,x13	 x13:0x7ffda31c x13:0x7ffda31c x13=0x7ffda31c
      147165000	     14617	800093ae	3ccaed13	ori	x26,x21,972	 x21:0x00000001 x26=0x000003cd
      147175000	     14618	800093b2	77f97313	andi	x6,x18,1919	 x18:0x00000000  x6=0x00000000
      147185000	     14619	800093b6	41b30ab3	sub	x21,x6,x27	  x6:0x00000000 x27:0x00000000 x21=0x00000000
      147195000	     14620	800093ba	8fa5	c.xor	x15,x9	 x15:0xffffffff  x9:0x00000006 x15=0xfffffff9
      147205000	     14621	800093bc	40ad8833	sub	x16,x27,x10	 x27:0x00000000 x10:0xffffffff x16=0x00000001
      147215000	     14622	800093c0	03700463	beq	x0,x23,800093e8	  x0:0x00000000 x23:0x04259be0
      147225000	     14623	800093c4	c109	c.beqz	x10,800093c6	 x10:0xffffffff
      147235000	     14624	800093c6	01769093	slli	x1,x13,0x17	 x13:0x7ffda31c  x1=0x8e000000
      147265000	     14627	800093ca	03a603b3	mul	x7,x12,x26	 x12:0x80021e58 x26:0x000003cd  x7=0x880d5478
      147275000	     14628	800093ce	0000100f	fence.i	
      147305000	     14631	800093d2	01a53233	sltu	x4,x10,x26	 x10:0xffffffff x26:0x000003cd  x4=0x00000000
      147315000	     14632	800093d6	02077463	bgeu	x14,x0,800093fe	 x14:0x80025ce4  x0:0x00000000
      147345000	     14635	800093fe	0000100f	fence.i	
      147375000	     14638	80009402	00a5ca33	xor	x20,x11,x10	 x11:0xf00043cb x10:0xffffffff x20=0x0fffbc34
      147385000	     14639	80009406	1f3e1e17	auipc	x28,0x1f3e1	 x28=0x9f3ea406
      147395000	     14640	8000940a	00e69993	slli	x19,x13,0xe	 x13:0x7ffda31c x19=0x68c70000
      147405000	     14641	8000940e	f5da2893	slti	x17,x20,-163	 x20:0x0fffbc34 x17=0x00000000
      147415000	     14642	80009412	010e4363	blt	x28,x16,80009418	 x28:0x9f3ea406 x16:0x00000001
      147435000	     14644	80009418	0144fbb3	and	x23,x9,x20	  x9:0x00000006 x20:0x0fffbc34 x23=0x00000004
      147445000	     14645	8000941c	c811	c.beqz	x8,80009430	  x8:0x00000351
      147455000	     14646	8000941e	00735fb3	srl	x31,x6,x7	  x6:0x00000000  x7:0x880d5478 x31=0x00000000
      147465000	     14647	80009422	9e46	c.add	x28,x17	 x28:0x9f3ea406 x17:0x00000000 x28=0x9f3ea406
      147475000	     14648	80009424	03d16f63	bltu	x2,x29,80009462	  x2:0xf5e39895 x29:0x00000000
      147515000	     14652	80009428	033c2433	mulhsu	x8,x24,x19	 x24:0x00000001 x19:0x68c70000  x8=0x00000000
      147525000	     14653	8000942c	008e1513	slli	x10,x28,0x8	 x28:0x9f3ea406 x10=0x3ea40600
      147535000	     14654	80009430	639d	c.lui	x7,0x7	  x7=0x00007000
      147545000	     14655	80009432	804f8e37	lui	x28,0x804f8	 x28=0x804f8000
      147555000	     14656	80009436	cc61e993	ori	x19,x3,-826	  x3:0xffffffff x19=0xffffffff
      147565000	     14657	8000943a	01cd9db3	sll	x27,x27,x28	 x27:0x00000000 x28:0x804f8000 x27=0x00000000
      147575000	     14658	8000943e	010fee33	or	x28,x31,x16	 x31:0x00000000 x16:0x00000001 x28=0x00000001
      147585000	     14659	80009442	100eb413	sltiu	x8,x29,256	 x29:0x00000000  x8=0x00000001
      147595000	     14660	80009446	4b19	c.li	x22,6	 x22=0x00000006
      147605000	     14661	80009448	0ba6	c.slli	x23,0x9	 x23:0x00000004 x23=0x00000800
      147615000	     14662	8000944a	0001	c.addi	x0,0	  x0:0x00000000  x0=0x00000000
      147625000	     14663	8000944c	55fd	c.li	x11,-1	 x11=0xffffffff
      147645000	     14665	8000944e	03f96c33	rem	x24,x18,x31	 x18:0x00000000 x31:0x00000000 x24=0x00000000
      147655000	     14666	80009452	023e	c.slli	x4,0xf	  x4:0x00000000  x4=0x00000000
      148025000	     14703	80009454	023143b3	div	x7,x2,x3	  x2:0xf5e39895  x3:0xffffffff  x7=0x0a1c676b
      148035000	     14704	80009458	01f0f4b3	and	x9,x1,x31	  x1:0x8e000000 x31:0x00000000  x9=0x00000000
      148045000	     14705	8000945c	0001	c.addi	x0,0	  x0:0x00000000  x0=0x00000000
      148055000	     14706	8000945e	76e8aa93	slti	x21,x17,1902	 x17:0x00000000 x21=0x00000001
      148065000	     14707	80009462	00167933	and	x18,x12,x1	 x12:0x80021e58  x1:0x8e000000 x18=0x80000000
      148075000	     14708	80009466	0329	c.addi	x6,10	  x6:0x00000000  x6=0x0000000a
      148085000	     14709	80009468	015d1993	slli	x19,x26,0x15	 x26:0x000003cd x19=0x79a00000
      148095000	     14710	8000946c	0350f763	bgeu	x1,x21,8000949a	  x1:0x8e000000 x21:0x00000001
      148125000	     14713	8000949a	7d3d6e13	ori	x28,x26,2003	 x26:0x000003cd x28=0x000007df
      148135000	     14714	8000949e	f2ef2293	slti	x5,x30,-210	 x30:0x00000000  x5=0x00000000
      148145000	     14715	800094a2	01701e33	sll	x28,x0,x23	  x0:0x00000000 x23:0x00000800 x28=0x00000000
      148155000	     14716	800094a6	6341	c.lui	x6,0x10	  x6=0x00010000
      148165000	     14717	800094a8	02519263	bne	x3,x5,800094cc	  x3:0xffffffff  x5:0x00000000
      148215000	     14722	800094cc	0216ad33	mulhsu	x26,x13,x1	 x13:0x7ffda31c  x1:0x8e000000 x26=0x46feb079
      148225000	     14723	800094d0	8ea6	c.mv	x29,x9	  x0:0x00000000  x9:0x00000000 x29=0x00000000
      148235000	     14724	800094d2	016c6bb3	or	x23,x24,x22	 x24:0x00000000 x22:0x00000006 x23=0x00000006
      148245000	     14725	800094d6	0ff0000f	fence	iorw,iorw	
      148255000	     14726	800094da	018fdd33	srl	x26,x31,x24	 x31:0x00000000 x24:0x00000000 x26=0x00000000
      148265000	     14727	800094de	6f69	c.lui	x30,0x1a	 x30=0x0001a000
      148275000	     14728	800094e0	8fe5	c.and	x15,x9	 x15:0xfffffff9  x9:0x00000000 x15=0x00000000
      148285000	     14729	800094e2	8e9e	c.mv	x29,x7	  x0:0x00000000  x7:0x0a1c676b x29=0x0a1c676b
      148295000	     14730	800094e4	1b7d	c.addi	x22,-1	 x22:0x00000006 x22=0x00000005
      148305000	     14731	800094e6	017a1d33	sll	x26,x20,x23	 x20:0x0fffbc34 x23:0x00000006 x26=0xffef0d00
      148315000	     14732	800094ea	e85ac093	xori	x1,x21,-379	 x21:0x00000001  x1=0xfffffe84
      148325000	     14733	800094ee	01ef5193	srli	x3,x30,0x1e	 x30:0x0001a000  x3=0x00000000
      148695000	     14770	800094f2	02b9f333	remu	x6,x19,x11	 x19:0x79a00000 x11:0xffffffff  x6=0x79a00000
      148705000	     14771	800094f6	00022a13	slti	x20,x4,0	  x4:0x00000000 x20=0x00000000
      148745000	     14775	800094fa	02c62fb3	mulhsu	x31,x12,x12	 x12:0x80021e58 x12:0x80021e58 x31=0xc0000004
      148755000	     14776	800094fe	8dfd	c.and	x11,x15	 x11:0xffffffff x15:0x00000000 x11=0x00000000
      148765000	     14777	80009500	8ea9	c.xor	x13,x10	 x13:0x7ffda31c x10:0x3ea40600 x13=0x4159a51c
      148775000	     14778	80009502	0001	c.addi	x0,0	  x0:0x00000000  x0=0x00000000
      148815000	     14782	80009504	038a38b3	mulhu	x17,x20,x24	 x20:0x00000000 x24:0x00000000 x17=0x00000000
      148825000	     14783	80009508	0001	c.addi	x0,0	  x0:0x00000000  x0=0x00000000
      148835000	     14784	8000950a	784fbb93	sltiu	x23,x31,1924	 x31:0xc0000004 x23=0x00000000
      148845000	     14785	8000950e	0ff0000f	fence	iorw,iorw	
      148855000	     14786	80009512	f31d2897	auipc	x17,0xf31d2	 x17=0x731db512
      148865000	     14787	80009516	02ae5f63	bge	x28,x10,80009554	 x28:0x00000000 x10:0x3ea40600
      148875000	     14788	8000951a	8189	c.srli	x11,0x2	 x11:0x00000000 x11=0x00000000
      148895000	     14790	8000951c	024c6a33	rem	x20,x24,x4	 x24:0x00000000  x4:0x00000000 x20=0x00000000
      148905000	     14791	80009520	0d52	c.slli	x26,0x14	 x26:0xffef0d00 x26=0xd0000000
      148915000	     14792	80009522	67900f17	auipc	x30,0x67900	 x30=0xe7909522
      148925000	     14793	80009526	00757d33	and	x26,x10,x7	 x10:0x3ea40600  x7:0x0a1c676b x26=0x0a040600
      148935000	     14794	8000952a	01155493	srli	x9,x10,0x11	 x10:0x3ea40600  x9=0x00001f52
      148945000	     14795	8000952e	6bf9	c.lui	x23,0x1e	 x23=0x0001e000
      148955000	     14796	80009530	ed7cfe93	andi	x29,x25,-297	 x25:0x00000014 x29=0x00000014
      148965000	     14797	80009534	034a	c.slli	x6,0x12	  x6:0x79a00000  x6=0x00000000
      148975000	     14798	80009536	0153c463	blt	x7,x21,8000953e	  x7:0x0a1c676b x21:0x00000001
      148985000	     14799	8000953a	000e4433	xor	x8,x28,x0	 x28:0x00000000  x0:0x00000000  x8=0x00000000
      148995000	     14800	8000953e	8f5a4393	xori	x7,x20,-1803	 x20:0x00000000  x7=0xfffff8f5
      149005000	     14801	80009542	00ef1563	bne	x30,x14,8000954c	 x30:0xe7909522 x14:0x80025ce4
      149055000	     14806	8000954c	03579fb3	mulh	x31,x15,x21	 x15:0x00000000 x21:0x00000001 x31=0x00000000
      149095000	     14810	80009550	03a022b3	mulhsu	x5,x0,x26	  x0:0x00000000 x26:0x0a040600  x5=0x00000000
      149105000	     14811	80009554	00e0b533	sltu	x10,x1,x14	  x1:0xfffffe84 x14:0x80025ce4 x10=0x00000000
      149115000	     14812	80009558	1d7d	c.addi	x26,-1	 x26:0x0a040600 x26=0x0a0405ff
      149125000	     14813	8000955a	8f9d	c.sub	x15,x15	 x15:0x00000000 x15:0x00000000 x15=0x00000000
      149135000	     14814	8000955c	0ff0000f	fence	iorw,iorw	
      149145000	     14815	80009560	c291	c.beqz	x13,80009564	 x13:0x4159a51c
      149155000	     14816	80009562	8c3d	c.xor	x8,x15	  x8:0x00000000 x15:0x00000000  x8=0x00000000
      149165000	     14817	80009564	01e226b3	slt	x13,x4,x30	  x4:0x00000000 x30:0xe7909522 x13=0x00000000
      149175000	     14818	80009568	fb40cc93	xori	x25,x1,-76	  x1:0xfffffe84 x25=0x00000130
      149185000	     14819	8000956c	8d39	c.xor	x10,x14	 x10:0x00000000 x14:0x80025ce4 x10=0x80025ce4
      149195000	     14820	8000956e	88d6	c.mv	x17,x21	  x0:0x00000000 x21:0x00000001 x17=0x00000001
      149205000	     14821	80009570	00d435b3	sltu	x11,x8,x13	  x8:0x00000000 x13:0x00000000 x11=0x00000000
      149215000	     14822	80009574	6f739eb7	lui	x29,0x6f739	 x29=0x6f739000
      149225000	     14823	80009578	00d5a933	slt	x18,x11,x13	 x11:0x00000000 x13:0x00000000 x18=0x00000000
      149235000	     14824	8000957c	80b9	c.srli	x9,0xe	  x9:0x00001f52  x9=0x00000000
      149245000	     14825	8000957e	006a8e63	beq	x21,x6,8000959a	 x21:0x00000001  x6:0x00000000
      149255000	     14826	80009582	4e8d6013	ori	x0,x26,1256	 x26:0x0a0405ff  x0=0x00000000
      149265000	     14827	80009586	1b7d	c.addi	x22,-1	 x22:0x00000005 x22=0x00000004
      149275000	     14828	80009588	0eb1	c.addi	x29,12	 x29:0x6f739000 x29=0x6f73900c
      149285000	     14829	8000958a	01b45993	srli	x19,x8,0x1b	  x8:0x00000000 x19=0x00000000
      149295000	     14830	8000958e	00ce4b63	blt	x28,x12,800095a4	 x28:0x00000000 x12:0x80021e58
      149305000	     14831	80009592	8fd9	c.or	x15,x14	 x15:0x00000000 x14:0x80025ce4 x15=0x80025ce4
      149315000	     14832	80009594	8cd1	c.or	x9,x12	  x9:0x00000000 x12:0x80021e58  x9=0x80021e58
      149325000	     14833	80009596	02591463	bne	x18,x5,800095be	 x18:0x00000000  x5:0x00000000
      149335000	     14834	8000959a	0001	c.addi	x0,0	  x0:0x00000000  x0=0x00000000
      149345000	     14835	8000959c	40b75eb3	sra	x29,x14,x11	 x14:0x80025ce4 x11:0x00000000 x29=0x80025ce4
      149355000	     14836	800095a0	01ba7263	bgeu	x20,x27,800095a4	 x20:0x00000000 x27:0x00000000
      149375000	     14838	800095a4	01fb8d63	beq	x23,x31,800095be	 x23:0x0001e000 x31:0x00000000
      149385000	     14839	800095a8	e3489f97	auipc	x31,0xe3489	 x31=0x634925a8
      149405000	     14841	800095ac	026872b3	remu	x5,x16,x6	 x16:0x00000001  x6:0x00000000  x5=0x00000001
      149425000	     14843	800095b0	0332c333	div	x6,x5,x19	  x5:0x00000001 x19:0x00000000  x6=0xffffffff
      149435000	     14844	800095b4	8cd1	c.or	x9,x12	  x9:0x80021e58 x12:0x80021e58  x9=0x80021e58
      149445000	     14845	800095b6	8c2d	c.xor	x8,x11	  x8:0x00000000 x11:0x00000000  x8=0x00000000
      149455000	     14846	800095b8	004ee833	or	x16,x29,x4	 x29:0x80025ce4  x4:0x00000000 x16=0x80025ce4
      149465000	     14847	800095bc	8816	c.mv	x16,x5	  x0:0x00000000  x5:0x00000001 x16=0x00000001
      149475000	     14848	800095be	997d	c.andi	x10,-1	 x10:0x80025ce4 x10=0x80025ce4
      149485000	     14849	800095c0	4174d513	srai	x10,x9,0x17	  x9:0x80021e58 x10=0xffffff00
      149495000	     14850	800095c4	8d25	c.xor	x10,x9	 x10:0xffffff00  x9:0x80021e58 x10=0x7ffde158
      149505000	     14851	800095c6	8c95	c.sub	x9,x13	  x9:0x80021e58 x13:0x00000000  x9=0x80021e58
      149515000	     14852	800095c8	0ff0000f	fence	iorw,iorw	
      149525000	     14853	800095cc	0fa84593	xori	x11,x16,250	 x16:0x00000001 x11=0x000000fb
      149535000	     14854	800095d0	04e20363	beq	x4,x14,80009616	  x4:0x00000000 x14:0x80025ce4
      149545000	     14855	800095d4	03c30963	beq	x6,x28,80009606	  x6:0xffffffff x28:0x00000000
      149915000	     14892	800095d8	02a8c5b3	div	x11,x17,x10	 x17:0x00000001 x10:0x7ffde158 x11=0x00000000
      149925000	     14893	800095dc	fdb30693	addi	x13,x6,-37	  x6:0xffffffff x13=0xffffffda
      149935000	     14894	800095e0	9b116593	ori	x11,x2,-1615	  x2:0xf5e39895 x11=0xfffff9b5
      149945000	     14895	800095e4	1afd	c.addi	x21,-1	 x21:0x00000001 x21=0x00000000
      150315000	     14932	800095e6	02705033	divu	x0,x0,x7	  x0:0x00000000  x7:0xfffff8f5  x0=0x00000000
      150325000	     14933	800095ea	03030463	beq	x6,x16,80009612	  x6:0xffffffff x16:0x00000001
      150335000	     14934	800095ee	8e9d	c.sub	x13,x15	 x13:0xffffffda x15:0x80025ce4 x13=0x7ffda2f6
      150345000	     14935	800095f0	f2366213	ori	x4,x12,-221	 x12:0x80021e58  x4=0xffffff7b
      150355000	     14936	800095f4	d4765a37	lui	x20,0xd4765	 x20=0xd4765000
      150365000	     14937	800095f8	7e5a5917	auipc	x18,0x7e5a5	 x18=0xfe5ae5f8
      150375000	     14938	800095fc	01970233	add	x4,x14,x25	 x14:0x80025ce4 x25:0x00000130  x4=0x80025e14
      150385000	     14939	80009600	4fa9	c.li	x31,10	 x31=0x0000000a
      150395000	     14940	80009602	0000100f	fence.i	
      150425000	     14943	80009606	004138b3	sltu	x17,x2,x4	  x2:0xf5e39895  x4:0x80025e14 x17=0x00000000
      150435000	     14944	8000960a	8c59	c.or	x8,x14	  x8:0x00000000 x14:0x80025ce4  x8=0x80025ce4
      150445000	     14945	8000960c	86e5	c.srai	x13,0x19	 x13:0x7ffda2f6 x13=0x0000003f
      150455000	     14946	8000960e	0ff0000f	fence	iorw,iorw	
      150465000	     14947	80009612	005b13b3	sll	x7,x22,x5	 x22:0x00000004  x5:0x00000001  x7=0x00000008
      150475000	     14948	80009616	b6fa8913	addi	x18,x21,-1169	 x21:0x00000000 x18=0xfffffb6f
      150485000	     14949	8000961a	aabd0a93	addi	x21,x26,-1365	 x26:0x0a0405ff x21=0x0a0400aa
      150525000	     14953	8000961e	03ca2f33	mulhsu	x30,x20,x28	 x20:0xd4765000 x28:0x00000000 x30=0x00000000
      150535000	     14954	80009622	50bcf893	andi	x17,x25,1291	 x25:0x00000130 x17=0x00000100
      150575000	     14958	80009626	035f2333	mulhsu	x6,x30,x21	 x30:0x00000000 x21:0x0a0400aa  x6=0x00000000
      150585000	     14959	8000962a	8aa2	c.mv	x21,x8	  x0:0x00000000  x8:0x80025ce4 x21=0x80025ce4
      150595000	     14960	8000962c	01fc9c13	slli	x24,x25,0x1f	 x25:0x00000130 x24=0x00000000
      150605000	     14961	80009630	012c4533	xor	x10,x24,x18	 x24:0x00000000 x18:0xfffffb6f x10=0xfffffb6f
      150615000	     14962	80009634	40ec5d33	sra	x26,x24,x14	 x24:0x00000000 x14:0x80025ce4 x26=0x00000000
      150655000	     14966	80009638	03b79e33	mulh	x28,x15,x27	 x15:0x80025ce4 x27:0x00000000 x28=0x00000000
      150665000	     14967	8000963c	0234e363	bltu	x9,x3,80009662	  x9:0x80021e58  x3:0x00000000
      150675000	     14968	80009640	03c40363	beq	x8,x28,80009666	  x8:0x80025ce4 x28:0x00000000
      150685000	     14969	80009644	0001	c.addi	x0,0	  x0:0x00000000  x0=0x00000000
      150695000	     14970	80009646	f01a5297	auipc	x5,0xf01a5	  x5=0x701ae646
      150705000	     14971	8000964a	8ed5	c.or	x13,x13	 x13:0x0000003f x13:0x0000003f x13=0x0000003f
      151075000	     15008	8000964c	034bdcb3	divu	x25,x23,x20	 x23:0x0001e000 x20:0xd4765000 x25=0x00000000
      151085000	     15009	80009650	01e10863	beq	x2,x30,80009660	  x2:0xf5e39895 x30:0x00000000
      151095000	     15010	80009654	00f2e363	bltu	x5,x15,8000965a	  x5:0x701ae646 x15:0x80025ce4
      151125000	     15013	8000965a	54b0e813	ori	x16,x1,1355	  x1:0xfffffe84 x16=0xffffffcf
      151135000	     15014	8000965e	0001	c.addi	x0,0	  x0:0x00000000  x0=0x00000000
      151145000	     15015	80009660	14fd	c.addi	x9,-1	  x9:0x80021e58  x9=0x80021e57
      151155000	     15016	80009662	00b42ab3	slt	x21,x8,x11	  x8:0x80025ce4 x11:0xfffff9b5 x21=0x00000001
      151165000	     15017	80009666	416a5213	srai	x4,x20,0x16	 x20:0xd4765000  x4=0xffffff51
      151175000	     15018	8000966a	01ba5263	bge	x20,x27,8000966e	 x20:0xd4765000 x27:0x00000000
      151185000	     15019	8000966e	00509cb3	sll	x25,x1,x5	  x1:0xfffffe84  x5:0x701ae646 x25=0xffffa100
      151195000	     15020	80009672	011f66b3	or	x13,x30,x17	 x30:0x00000000 x17:0x00000100 x13=0x00000100
      151205000	     15021	80009676	04981063	bne	x16,x9,800096b6	 x16:0xffffffcf  x9:0x80021e57
      151235000	     15024	800096b6	0ff0000f	fence	iorw,iorw	
      151245000	     15025	800096ba	019f0e33	add	x28,x30,x25	 x30:0x00000000 x25:0xffffa100 x28=0xffffa100
      151255000	     15026	800096be	cdd0b193	sltiu	x3,x1,-803	  x1:0xfffffe84  x3=0x00000000
      151265000	     15027	800096c2	40e7ddb3	sra	x27,x15,x14	 x15:0x80025ce4 x14:0x80025ce4 x27=0xf80025ce
      151275000	     15028	800096c6	d3e4f793	andi	x15,x9,-706	  x9:0x80021e57 x15=0x80021c16
      151285000	     15029	800096ca	6f31	c.lui	x30,0xc	 x30=0x0000c000
      151295000	     15030	800096cc	db1f8f17	auipc	x30,0xdb1f8	 x30=0x5b2016cc
      151305000	     15031	800096d0	8546	c.mv	x10,x17	  x0:0x00000000 x17:0x00000100 x10=0x00000100
      151315000	     15032	800096d2	b3e3c893	xori	x17,x7,-1218	  x7:0x00000008 x17=0xfffffb36
      151325000	     15033	800096d6	8c52	c.mv	x24,x20	  x0:0x00000000 x20:0xd4765000 x24=0xd4765000
      151355000	     15036	800096d8	023309b3	mul	x19,x6,x3	  x6:0x00000000  x3:0x00000000 x19=0x00000000
      151365000	     15037	800096dc	0dfe	c.slli	x27,0x1f	 x27:0xf80025ce x27=0x00000000
      151375000	     15038	800096de	0001	c.addi	x0,0	  x0:0x00000000  x0=0x00000000
      151385000	     15039	800096e0	001a4463	blt	x20,x1,800096e8	 x20:0xd4765000  x1:0xfffffe84
      151405000	     15041	800096e8	6c053e13	sltiu	x28,x10,1728	 x10:0x00000100 x28=0x00000001
      151415000	     15042	800096ec	010bbf33	sltu	x30,x23,x16	 x23:0x0001e000 x16:0xffffffcf x30=0x00000001
      151425000	     15043	800096f0	8d65	c.and	x10,x9	 x10:0x00000100  x9:0x80021e57 x10=0x00000000
      151435000	     15044	800096f2	01295833	srl	x16,x18,x18	 x18:0xfffffb6f x18:0xfffffb6f x16=0x0001ffff
      151445000	     15045	800096f6	8c05	c.sub	x8,x9	  x8:0x80025ce4  x9:0x80021e57  x8=0x00003e8d
      151455000	     15046	800096f8	8fdd	c.or	x15,x15	 x15:0x80021c16 x15:0x80021c16 x15=0x80021c16
      151465000	     15047	800096fa	00e66463	bltu	x12,x14,80009702	 x12:0x80021e58 x14:0x80025ce4
      151495000	     15050	80009702	ed4d6c93	ori	x25,x26,-300	 x26:0x00000000 x25=0xfffffed4
      151505000	     15051	80009706	01c546b3	xor	x13,x10,x28	 x10:0x00000000 x28:0x00000001 x13=0x00000001
      151515000	     15052	8000970a	0ff0000f	fence	iorw,iorw	
      151525000	     15053	8000970e	8b4f4413	xori	x8,x30,-1868	 x30:0x00000001  x8=0xfffff8b5
      151535000	     15054	80009712	0000100f	fence.i	
      151565000	     15057	80009716	03a7d163	bge	x15,x26,80009738	 x15:0x80021c16 x26:0x00000000
      151575000	     15058	8000971a	01804263	blt	x0,x24,8000971e	  x0:0x00000000 x24:0xd4765000
      151585000	     15059	8000971e	013b29b3	slt	x19,x22,x19	 x22:0x00000004 x19:0x00000000 x19=0x00000000
      151595000	     15060	80009722	41e308b3	sub	x17,x6,x30	  x6:0x00000000 x30:0x00000001 x17=0xffffffff
      151605000	     15061	80009726	8da1	c.xor	x11,x8	 x11:0xfffff9b5  x8:0xfffff8b5 x11=0x00000100
      151615000	     15062	80009728	41ff8533	sub	x10,x31,x31	 x31:0x0000000a x31:0x0000000a x10=0x00000000
      151625000	     15063	8000972c	01e0a3b3	slt	x7,x1,x30	  x1:0xfffffe84 x30:0x00000001  x7=0x00000001
      151635000	     15064	80009730	0000100f	fence.i	
      151655000	     15066	80009734	00c6d533	srl	x10,x13,x12	 x13:0x00000001 x12:0x80021e58 x10=0x00000000
      151665000	     15067	80009738	41a6dab3	sra	x21,x13,x26	 x13:0x00000001 x26:0x00000000 x21=0x00000001
      151675000	     15068	8000973c	40a2d193	srai	x3,x5,0xa	  x5:0x701ae646  x3=0x001c06b9
      151685000	     15069	80009740	0e62	c.slli	x28,0x18	 x28:0x00000001 x28=0x01000000
      152055000	     15106	80009742	028676b3	remu	x13,x12,x8	 x12:0x80021e58  x8:0xfffff8b5 x13=0x80021e58
      152065000	     15107	80009746	8291	c.srli	x13,0x4	 x13:0x80021e58 x13=0x080021e5
      152075000	     15108	80009748	e945ae93	slti	x29,x11,-364	 x11:0x00000100 x29=0x00000000
      152085000	     15109	8000974c	00594563	blt	x18,x5,80009756	 x18:0xfffffb6f  x5:0x701ae646
      152115000	     15112	80009756	033dc563	blt	x27,x19,80009780	 x27:0x00000000 x19:0x00000000
      152125000	     15113	8000975a	03eae663	bltu	x21,x30,80009786	 x21:0x00000001 x30:0x00000001
      152495000	     15150	8000975e	025a61b3	rem	x3,x20,x5	 x20:0xd4765000  x5:0x701ae646  x3=0xd4765000
      152505000	     15151	80009762	17fd	c.addi	x15,-1	 x15:0x80021c16 x15=0x80021c15
      152515000	     15152	80009764	05279263	bne	x15,x18,800097a8	 x15:0x80021c15 x18:0xfffffb6f
      152565000	     15157	800097a8	03b23533	mulhu	x10,x4,x27	  x4:0xffffff51 x27:0x00000000 x10=0x00000000
      152935000	     15194	800097ac	024ff9b3	remu	x19,x31,x4	 x31:0x0000000a  x4:0xffffff51 x19=0x0000000a
      153305000	     15231	800097b0	03ebc233	div	x4,x23,x30	 x23:0x0001e000 x30:0x00000001  x4=0x0001e000
      153315000	     15232	800097b4	042a	c.slli	x8,0xa	  x8:0xfffff8b5  x8=0xffe2d400
      153325000	     15233	800097b6	01e41e93	slli	x29,x8,0x1e	  x8:0xffe2d400 x29=0x00000000
      153335000	     15234	800097ba	cbe7aa13	slti	x20,x15,-834	 x15:0x80021c15 x20=0x00000001
      153375000	     15238	800097be	029223b3	mulhsu	x7,x4,x9	  x4:0x0001e000  x9:0x80021e57  x7=0x0000f003
      153385000	     15239	800097c2	ecc67c37	lui	x24,0xecc67	 x24=0xecc67000
      153395000	     15240	800097c6	1a7d	c.addi	x20,-1	 x20:0x00000001 x20=0x00000000
      153405000	     15241	800097c8	89d5	c.andi	x11,21	 x11:0x00000100 x11=0x00000000
      153445000	     15245	800097ca	02113f33	mulhu	x30,x2,x1	  x2:0xf5e39895  x1:0xfffffe84 x30=0xf5e39728
      153455000	     15246	800097ce	00c0d7b3	srl	x15,x1,x12	  x1:0xfffffe84 x12:0x80021e58 x15=0x000000ff
      153465000	     15247	800097d2	ed99	c.bnez	x11,800097f0	 x11:0x00000000
      153475000	     15248	800097d4	0000100f	fence.i	
      153495000	     15250	800097d8	0309fd63	bgeu	x19,x16,80009812	 x19:0x0000000a x16:0x0001ffff
      153505000	     15251	800097dc	7a08ca13	xori	x20,x17,1952	 x17:0xffffffff x20=0xfffff85f
      153515000	     15252	800097e0	0ff0000f	fence	iorw,iorw	
      153525000	     15253	800097e4	0c26	c.slli	x24,0x9	 x24:0xecc67000 x24=0x8ce00000
      153535000	     15254	800097e6	00df02b3	add	x5,x30,x13	 x30:0xf5e39728 x13:0x080021e5  x5=0xfde3b90d
      153545000	     15255	800097ea	8c59	c.or	x8,x14	  x8:0xffe2d400 x14:0x80025ce4  x8=0xffe2dce4
      153555000	     15256	800097ec	695d	c.lui	x18,0x17	 x18=0x00017000
      153565000	     15257	800097ee	4d21	c.li	x26,8	 x26=0x00000008
      153575000	     15258	800097f0	4183d013	srai	x0,x7,0x18	  x7:0x0000f003  x0=0x00000000
      153585000	     15259	800097f4	012296b3	sll	x13,x5,x18	  x5:0xfde3b90d x18:0x00017000 x13=0xfde3b90d
      153595000	     15260	800097f8	012de933	or	x18,x27,x18	 x27:0x00000000 x18:0x00017000 x18=0x00017000
      153605000	     15261	800097fc	e891	c.bnez	x9,80009810	  x9:0x80021e57
      153625000	     15263	80009810	c011	c.beqz	x8,80009814	  x8:0xffe2dce4
      153635000	     15264	80009812	157d	c.addi	x10,-1	 x10:0x00000000 x10=0xffffffff
      153645000	     15265	80009814	1d57cd13	xori	x26,x15,469	 x15:0x000000ff x26=0x0000012a
      153655000	     15266	80009818	01638e63	beq	x7,x22,80009834	  x7:0x0000f003 x22:0x00000004
      153665000	     15267	8000981c	007f9093	slli	x1,x31,0x7	 x31:0x0000000a  x1=0x00000500
      153675000	     15268	80009820	829d	c.srli	x13,0x7	 x13:0xfde3b90d x13=0x01fbc772
      153685000	     15269	80009822	00e50263	beq	x10,x14,80009826	 x10:0xffffffff x14:0x80025ce4
      153695000	     15270	80009826	6c51	c.lui	x24,0x14	 x24=0x00014000
      153705000	     15271	80009828	2d907193	andi	x3,x0,729	  x0:0x00000000  x3=0x00000000
      153715000	     15272	8000982c	afc46313	ori	x6,x8,-1284	  x8:0xffe2dce4  x6=0xfffffefc
      153725000	     15273	80009830	4160d433	sra	x8,x1,x22	  x1:0x00000500 x22:0x00000004  x8=0x00000050
      153735000	     15274	80009834	8091	c.srli	x9,0x4	  x9:0x80021e57  x9=0x080021e5
      153745000	     15275	80009836	f6208913	addi	x18,x1,-158	  x1:0x00000500 x18=0x00000462
      154115000	     15312	8000983a	034cd4b3	divu	x9,x25,x20	 x25:0xfffffed4 x20:0xfffff85f  x9=0x00000001
      154125000	     15313	8000983e	02dd8163	beq	x27,x13,80009860	 x27:0x00000000 x13:0x01fbc772
      154135000	     15314	80009842	63ad	c.lui	x7,0xb	  x7=0x0000b000
      154145000	     15315	80009844	f481bd13	sltiu	x26,x3,-184	  x3:0x00000000 x26=0x00000001
      154155000	     15316	80009848	0086	c.slli	x1,0x1	  x1:0x00000500  x1=0x00000a00
      154165000	     15317	8000984a	ef91	c.bnez	x15,80009866	 x15:0x000000ff
      154185000	     15319	80009866	8dba	c.mv	x27,x14	  x0:0x00000000 x14:0x80025ce4 x27=0x80025ce4
      154195000	     15320	80009868	011cf263	bgeu	x25,x17,8000986c	 x25:0xfffffed4 x17:0xffffffff
      154205000	     15321	8000986c	03c3d863	bge	x7,x28,8000989c	  x7:0x0000b000 x28:0x01000000
      154245000	     15325	80009870	022c94b3	mulh	x9,x25,x2	 x25:0xfffffed4  x2:0xf5e39895  x9=0x0000000b
      154255000	     15326	80009874	000f6c63	bltu	x30,x0,8000988c	 x30:0xf5e39728  x0:0x00000000
      154265000	     15327	80009878	4083dbb3	sra	x23,x7,x8	  x7:0x0000b000  x8:0x00000050 x23=0x00000000
      154275000	     15328	8000987c	01c61293	slli	x5,x12,0x1c	 x12:0x80021e58  x5=0x80000000
      154645000	     15365	80009880	03985833	divu	x16,x16,x25	 x16:0x0001ffff x25:0xfffffed4 x16=0x00000000
      154655000	     15366	80009884	03375563	bge	x14,x19,800098ae	 x14:0x80025ce4 x19:0x0000000a
      154665000	     15367	80009888	0000100f	fence.i	
      154685000	     15369	8000988c	0000100f	fence.i	
      154705000	     15371	80009890	8c25	c.xor	x8,x9	  x8:0x00000050  x9:0x0000000b  x8=0x0000005b
      154715000	     15372	80009892	00622a33	slt	x20,x4,x6	  x4:0x0001e000  x6:0xfffffefc x20=0x00000000
      154725000	     15373	80009896	02d47563	bgeu	x8,x13,800098c0	  x8:0x0000005b x13:0x01fbc772
      154735000	     15374	8000989a	0001	c.addi	x0,0	  x0:0x00000000  x0=0x00000000
      154745000	     15375	8000989c	8d55	c.or	x10,x13	 x10:0xffffffff x13:0x01fbc772 x10=0xffffffff
      154755000	     15376	8000989e	0092b933	sltu	x18,x5,x9	  x5:0x80000000  x9:0x0000000b x18=0x00000000
      154765000	     15377	800098a2	1a61c213	xori	x4,x3,422	  x3:0x00000000  x4=0x000001a6
      154775000	     15378	800098a6	40335a33	sra	x20,x6,x3	  x6:0xfffffefc  x3:0x00000000 x20=0xfffffefc
      154785000	     15379	800098aa	01dc6d33	or	x26,x24,x29	 x24:0x00014000 x29:0x00000000 x26=0x00014000
      154795000	     15380	800098ae	8f99	c.sub	x15,x14	 x15:0x000000ff x14:0x80025ce4 x15=0x7ffda41b
      154805000	     15381	800098b0	0ff0000f	fence	iorw,iorw	
      154815000	     15382	800098b4	77284813	xori	x16,x16,1906	 x16:0x00000000 x16=0x00000772
      154835000	     15384	800098b8	020f5a33	divu	x20,x30,x0	 x30:0xf5e39728  x0:0x00000000 x20=0xffffffff
      154845000	     15385	800098bc	27b0e393	ori	x7,x1,635	  x1:0x00000a00  x7=0x00000a7b
      154855000	     15386	800098c0	fc9f4d93	xori	x27,x30,-55	 x30:0xf5e39728 x27=0x0a1c68e1
      154865000	     15387	800098c4	40f3d793	srai	x15,x7,0xf	  x7:0x00000a7b x15=0x00000000
      154875000	     15388	800098c8	00c66eb3	or	x29,x12,x12	 x12:0x80021e58 x12:0x80021e58 x29=0x80021e58
      154885000	     15389	800098cc	56fd	c.li	x13,-1	 x13=0xffffffff
      154895000	     15390	800098ce	8db5	c.xor	x11,x13	 x11:0x00000000 x13:0xffffffff x11=0xffffffff
      154905000	     15391	800098d0	86bd	c.srai	x13,0xf	 x13:0xffffffff x13=0xffffffff
      154915000	     15392	800098d2	0001	c.addi	x0,0	  x0:0x00000000  x0=0x00000000
      154925000	     15393	800098d4	41935a93	srai	x21,x6,0x19	  x6:0xfffffefc x21=0xffffffff
      154935000	     15394	800098d8	0137aa33	slt	x20,x15,x19	 x15:0x00000000 x19:0x0000000a x20=0x00000001
      154945000	     15395	800098dc	0ff0000f	fence	iorw,iorw	
      154955000	     15396	800098e0	c389	c.beqz	x15,800098e2	 x15:0x00000000
      154975000	     15398	800098e2	0001	c.addi	x0,0	  x0:0x00000000  x0=0x00000000
      154985000	     15399	800098e4	00c322b3	slt	x5,x6,x12	  x6:0xfffffefc x12:0x80021e58  x5=0x00000000
      154995000	     15400	800098e8	82c5	c.srli	x13,0x11	 x13:0xffffffff x13=0x00007fff
      155005000	     15401	800098ea	8fe5	c.and	x15,x9	 x15:0x00000000  x9:0x0000000b x15=0x00000000
      155015000	     15402	800098ec	98fd	c.andi	x9,-1	  x9:0x0000000b  x9=0x0000000b
      155025000	     15403	800098ee	010dca33	xor	x20,x27,x16	 x27:0x0a1c68e1 x16:0x00000772 x20=0x0a1c6f93
      155035000	     15404	800098f2	012d2c33	slt	x24,x26,x18	 x26:0x00014000 x18:0x00000000 x24=0x00000000
      155045000	     15405	800098f6	3b084e13	xori	x28,x16,944	 x16:0x00000772 x28=0x000004c2
      155415000	     15442	800098fa	03fc46b3	div	x13,x24,x31	 x24:0x00000000 x31:0x0000000a x13=0x00000000
      155425000	     15443	800098fe	6f5d	c.lui	x30,0x17	 x30=0x00017000
      155465000	     15447	80009900	0380a4b3	mulhsu	x9,x1,x24	  x1:0x00000a00 x24:0x00000000  x9=0x00000000
      155475000	     15448	80009904	4821	c.li	x16,8	 x16=0x00000008
      155845000	     15485	80009906	027c66b3	rem	x13,x24,x7	 x24:0x00000000  x7:0x00000a7b x13=0x00000000
      156215000	     15522	8000990a	026ac533	div	x10,x21,x6	 x21:0xffffffff  x6:0xfffffefc x10=0x00000000
      156225000	     15523	8000990e	41e85a13	srai	x20,x16,0x1e	 x16:0x00000008 x20=0x00000000
      156595000	     15560	80009912	033e6c33	rem	x24,x28,x19	 x28:0x000004c2 x19:0x0000000a x24=0x00000008
      156605000	     15561	80009916	01821e33	sll	x28,x4,x24	  x4:0x000001a6 x24:0x00000008 x28=0x0001a600
      156615000	     15562	8000991a	b2de7997	auipc	x19,0xb2de7	 x19=0x32df091a
      156625000	     15563	8000991e	5cfd	c.li	x25,-1	 x25=0xffffffff
      156635000	     15564	80009920	4a398e13	addi	x28,x19,1187	 x19:0x32df091a x28=0x32df0dbd
      156645000	     15565	80009924	00e313b3	sll	x7,x6,x14	  x6:0xfffffefc x14:0x80025ce4  x7=0xffffefc0
      156655000	     15566	80009928	0148deb3	srl	x29,x17,x20	 x17:0xffffffff x20:0x00000000 x29=0xffffffff
      156665000	     15567	8000992c	806d	c.srli	x8,0x1b	  x8:0x0000005b  x8=0x00000000
      156675000	     15568	8000992e	000535b3	sltu	x11,x10,x0	 x10:0x00000000  x0:0x00000000 x11=0x00000000
      156685000	     15569	80009932	01bb7963	bgeu	x22,x27,80009944	 x22:0x00000004 x27:0x0a1c68e1
      156695000	     15570	80009936	8575	c.srai	x10,0x1d	 x10:0x00000000 x10=0x00000000
      156705000	     15571	80009938	00a15bb3	srl	x23,x2,x10	  x2:0xf5e39895 x10:0x00000000 x23=0xf5e39895
      156715000	     15572	8000993c	0356f763	bgeu	x13,x21,8000996a	 x13:0x00000000 x21:0xffffffff
      156725000	     15573	80009940	008f8f33	add	x30,x31,x8	 x31:0x0000000a  x8:0x00000000 x30=0x0000000a
      156735000	     15574	80009944	9842	c.add	x16,x16	 x16:0x00000008 x16:0x00000008 x16=0x00000010
      156745000	     15575	80009946	0001	c.addi	x0,0	  x0:0x00000000  x0=0x00000000
      156755000	     15576	80009948	0001	c.addi	x0,0	  x0:0x00000000  x0=0x00000000
      156765000	     15577	8000994a	008c24b3	slt	x9,x24,x8	 x24:0x00000008  x8:0x00000000  x9=0x00000000
      157135000	     15614	8000994e	03e8cbb3	div	x23,x17,x30	 x17:0xffffffff x30:0x0000000a x23=0x00000000
      157145000	     15615	80009952	0247f263	bgeu	x15,x4,80009976	 x15:0x00000000  x4:0x000001a6
      157155000	     15616	80009956	8dd1	c.or	x11,x12	 x11:0x00000000 x12:0x80021e58 x11=0x80021e58
      157165000	     15617	80009958	9fce	c.add	x31,x19	 x31:0x0000000a x19:0x32df091a x31=0x32df0924
      157175000	     15618	8000995a	017b1ab3	sll	x21,x22,x23	 x22:0x00000004 x23:0x00000000 x21=0x00000004
      157185000	     15619	8000995e	00831013	slli	x0,x6,0x8	  x6:0xfffffefc  x0=0x00000000
      157195000	     15620	80009962	0ff0000f	fence	iorw,iorw	
      157205000	     15621	80009966	0040a533	slt	x10,x1,x4	  x1:0x00000a00  x4:0x000001a6 x10=0x00000000
      157215000	     15622	8000996a	0001	c.addi	x0,0	  x0:0x00000000  x0=0x00000000
      157225000	     15623	8000996c	00ce5913	srli	x18,x28,0xc	 x28:0x32df0dbd x18=0x00032df0
      157235000	     15624	80009970	e1b9	c.bnez	x11,800099b6	 x11:0x80021e58
      157255000	     15626	800099b6	8e8d	c.sub	x13,x11	 x13:0x00000000 x11:0x80021e58 x13=0x7ffde1a8
      157265000	     15627	800099b8	c405	c.beqz	x8,800099e0	  x8:0x00000000
      157285000	     15629	800099e0	98fd	c.andi	x9,-1	  x9:0x00000000  x9=0x00000000
      157295000	     15630	800099e2	00658693	addi	x13,x11,6	 x11:0x80021e58 x13=0x80021e5e
      157305000	     15631	800099e6	26e42b13	slti	x22,x8,622	  x8:0x00000000 x22=0x00000001
      157315000	     15632	800099ea	01401cb3	sll	x25,x0,x20	  x0:0x00000000 x20:0x00000000 x25=0x00000000
      157325000	     15633	800099ee	9801c493	xori	x9,x3,-1664	  x3:0x00000000  x9=0xfffff980
      157335000	     15634	800099f2	0006cf63	blt	x13,x0,80009a10	 x13:0x80021e5e  x0:0x00000000
      157355000	     15636	80009a10	010371b3	and	x3,x6,x16	  x6:0xfffffefc x16:0x00000010  x3=0x00000010
      157365000	     15637	80009a14	00126f33	or	x30,x4,x1	  x4:0x000001a6  x1:0x00000a00 x30=0x00000ba6
      157375000	     15638	80009a18	8cc9	c.or	x9,x10	  x9:0xfffff980 x10:0x00000000  x9=0xfffff980
      157385000	     15639	80009a1a	e681	c.bnez	x13,80009a22	 x13:0x80021e5e
      157405000	     15641	80009a22	c399	c.beqz	x15,80009a28	 x15:0x00000000
      157425000	     15643	80009a28	01cf4d63	blt	x30,x28,80009a42	 x30:0x00000ba6 x28:0x32df0dbd
      157445000	     15645	80009a42	0001	c.addi	x0,0	  x0:0x00000000  x0=0x00000000
      157455000	     15646	80009a44	80dbf897	auipc	x17,0x80dbf	 x17=0x00dc8a44
      157825000	     15683	80009a48	027646b3	div	x13,x12,x7	 x12:0x80021e58  x7:0xffffefc0 x13=0x0007e05c
      157835000	     15684	80009a4c	41385f33	sra	x30,x16,x19	 x16:0x00000010 x19:0x32df091a x30=0x00000000
      157845000	     15685	80009a50	d0853913	sltiu	x18,x10,-760	 x10:0x00000000 x18=0x00000001
      157855000	     15686	80009a54	8252	c.mv	x4,x20	  x0:0x00000000 x20:0x00000000  x4=0x00000000
      157865000	     15687	80009a56	0001	c.addi	x0,0	  x0:0x00000000  x0=0x00000000
      157885000	     15689	80009a58	0342cbb3	div	x23,x5,x20	  x5:0x00000000 x20:0x00000000 x23=0xffffffff
      157895000	     15690	80009a5c	01cf9b93	slli	x23,x31,0x1c	 x31:0x32df0924 x23=0x40000000
      157905000	     15691	80009a60	8459	c.srai	x8,0x16	  x8:0x00000000  x8=0x00000000
      157915000	     15692	80009a62	8d1d	c.sub	x10,x15	 x10:0x00000000 x15:0x00000000 x10=0x00000000
      157925000	     15693	80009a64	8b95	c.andi	x15,5	 x15:0x00000000 x15=0x00000000
      157935000	     15694	80009a66	0239d563	bge	x19,x3,80009a90	 x19:0x32df091a  x3:0x00000010
      157955000	     15696	80009a90	05e6	c.slli	x11,0x19	 x11:0x80021e58 x11=0xb0000000
      157965000	     15697	80009a92	0ff0000f	fence	iorw,iorw	
      158005000	     15701	80009a96	0293b9b3	mulhu	x19,x7,x9	  x7:0xffffefc0  x9:0xfffff980 x19=0xffffe940
      158015000	     15702	80009a9a	052cc063	blt	x25,x18,80009ada	 x25:0x00000000 x18:0x00000001
      158035000	     15704	80009ada	ef9d	c.bnez	x15,80009b18	 x15:0x00000000
      158405000	     15741	80009adc	033fef33	rem	x30,x31,x19	 x31:0x32df0924 x19:0xffffe940 x30=0x00001524
      158415000	     15742	80009ae0	0ff0000f	fence	iorw,iorw	
      158425000	     15743	80009ae4	816d	c.srli	x10,0x1b	 x10:0x00000000 x10=0x00000000
      158435000	     15744	80009ae6	02fe9e63	bne	x29,x15,80009b22	 x29:0xffffffff x15:0x00000000
      158465000	     15747	80009b22	01133c33	sltu	x24,x6,x17	  x6:0xfffffefc x17:0x00dc8a44 x24=0x00000000
      158475000	     15748	80009b26	011adab3	srl	x21,x21,x17	 x21:0x00000004 x17:0x00dc8a44 x21=0x00000000
      158495000	     15750	80009b2a	03836933	rem	x18,x6,x24	  x6:0xfffffefc x24:0x00000000 x18=0xfffffefc
      158505000	     15751	80009b2e	01e3dbb3	srl	x23,x7,x30	  x7:0xffffefc0 x30:0x00001524 x23=0x0ffffefc
      158875000	     15788	80009b32	03384933	div	x18,x16,x19	 x16:0x00000010 x19:0xffffe940 x18=0x00000000
      158885000	     15789	80009b36	8c91	c.sub	x9,x12	  x9:0xfffff980 x12:0x80021e58  x9=0x7ffddb28
      158895000	     15790	80009b38	00d7ceb3	xor	x29,x15,x13	 x15:0x00000000 x13:0x0007e05c x29=0x0007e05c
      158905000	     15791	80009b3c	8c15	c.sub	x8,x13	  x8:0x00000000 x13:0x0007e05c  x8=0xfff81fa4
      158915000	     15792	80009b3e	006581b3	add	x3,x11,x6	 x11:0xb0000000  x6:0xfffffefc  x3=0xaffffefc
      158925000	     15793	80009b42	039df863	bgeu	x27,x25,80009b72	 x27:0x0a1c68e1 x25:0x00000000
      158955000	     15796	80009b72	0116ebb3	or	x23,x13,x17	 x13:0x0007e05c x17:0x00dc8a44 x23=0x00dfea5c
      158985000	     15799	80009b76	02c504b3	mul	x9,x10,x12	 x10:0x00000000 x12:0x80021e58  x9=0x00000000
      158995000	     15800	80009b7a	8fc1	c.or	x15,x8	 x15:0x00000000  x8:0xfff81fa4 x15=0xfff81fa4
      159005000	     15801	80009b7c	4042dbb3	sra	x23,x5,x4	  x5:0x00000000  x4:0x00000000 x23=0x00000000
      159015000	     15802	80009b80	407bd6b3	sra	x13,x23,x7	 x23:0x00000000  x7:0xffffefc0 x13=0x00000000
      159035000	     15804	80009b84	0355ff33	remu	x30,x11,x21	 x11:0xb0000000 x21:0x00000000 x30=0xb0000000
      159045000	     15805	80009b88	002bdc33	srl	x24,x23,x2	 x23:0x00000000  x2:0xf5e39895 x24=0x00000000
      159055000	     15806	80009b8c	0ff0000f	fence	iorw,iorw	
      159065000	     15807	80009b90	8b6e	c.mv	x22,x27	  x0:0x00000000 x27:0x0a1c68e1 x22=0x0a1c68e1
      159105000	     15811	80009b92	026694b3	mulh	x9,x13,x6	 x13:0x00000000  x6:0xfffffefc  x9=0x00000000
      159115000	     15812	80009b96	0123ad33	slt	x26,x7,x18	  x7:0xffffefc0 x18:0x00000000 x26=0x00000001
      159125000	     15813	80009b9a	0000100f	fence.i	
      159145000	     15815	80009b9e	8fbd	c.xor	x15,x15	 x15:0xfff81fa4 x15:0xfff81fa4 x15=0x00000000
      159155000	     15816	80009ba0	41695a13	srai	x20,x18,0x16	 x18:0x00000000 x20=0x00000000
      159165000	     15817	80009ba4	0009c2b3	xor	x5,x19,x0	 x19:0xffffe940  x0:0x00000000  x5=0xffffe940
      159175000	     15818	80009ba8	0137b833	sltu	x16,x15,x19	 x15:0x00000000 x19:0xffffe940 x16=0x00000001
      159185000	     15819	80009bac	87e5	c.srai	x15,0x19	 x15:0x00000000 x15=0x00000000
      159195000	     15820	80009bae	0000100f	fence.i	
      159225000	     15823	80009bb2	00b70bb3	add	x23,x14,x11	 x14:0x80025ce4 x11:0xb0000000 x23=0x30025ce4
      159595000	     15860	80009bb6	02727d33	remu	x26,x4,x7	  x4:0x00000000  x7:0xffffefc0 x26=0x00000000
      159605000	     15861	80009bba	4db818b7	lui	x17,0x4db81	 x17=0x4db81000
      159975000	     15898	80009bbe	02c762b3	rem	x5,x14,x12	 x14:0x80025ce4 x12:0x80021e58  x5=0x80025ce4
      159985000	     15899	80009bc2	01fd8363	beq	x27,x31,80009bc8	 x27:0x0a1c68e1 x31:0x32df0924
      159995000	     15900	80009bc6	e095	c.bnez	x9,80009bea	  x9:0x00000000
      160005000	     15901	80009bc8	0267c663	blt	x15,x6,80009bf4	 x15:0x00000000  x6:0xfffffefc
      160015000	     15902	80009bcc	f291f793	andi	x15,x3,-215	  x3:0xaffffefc x15=0xaffffe28
      160025000	     15903	80009bd0	005ed233	srl	x4,x29,x5	 x29:0x0007e05c  x5:0x80025ce4  x4=0x00007e05
      160035000	     15904	80009bd4	038d7463	bgeu	x26,x24,80009bfc	 x26:0x00000000 x24:0x00000000
      160085000	     15909	80009bfc	02091533	mulh	x10,x18,x0	 x18:0x00000000  x0:0x00000000 x10=0x00000000
      160095000	     15910	80009c00	00d624b3	slt	x9,x12,x13	 x12:0x80021e58 x13:0x00000000  x9=0x00000001
      160105000	     15911	80009c04	8d19	c.sub	x10,x14	 x10:0x00000000 x14:0x80025ce4 x10=0x7ffda31c
      160115000	     15912	80009c06	00f7c463	blt	x15,x15,80009c0e	 x15:0xaffffe28 x15:0xaffffe28
      160155000	     15916	80009c0a	031cba33	mulhu	x20,x25,x17	 x25:0x00000000 x17:0x4db81000 x20=0x00000000
      160165000	     15917	80009c0e	0116dcb3	srl	x25,x13,x17	 x13:0x00000000 x17:0x4db81000 x25=0x00000000
      160175000	     15918	80009c12	02f80463	beq	x16,x15,80009c3a	 x16:0x00000001 x15:0xaffffe28
      160215000	     15922	80009c16	037e2f33	mulhsu	x30,x28,x23	 x28:0x32df0dbd x23:0x30025ce4 x30=0x098a4ac7
      160225000	     15923	80009c1a	c1fb6b13	ori	x22,x22,-993	 x22:0x0a1c68e1 x22=0xfffffcff
      160235000	     15924	80009c1e	d5f28b13	addi	x22,x5,-673	  x5:0x80025ce4 x22=0x80025a43
      160245000	     15925	80009c22	86e1	c.srai	x13,0x18	 x13:0x00000000 x13=0x00000000
      160255000	     15926	80009c24	00b69093	slli	x1,x13,0xb	 x13:0x00000000  x1=0x00000000
      160265000	     15927	80009c28	41e809b3	sub	x19,x16,x30	 x16:0x00000001 x30:0x098a4ac7 x19=0xf675b53a
      160275000	     15928	80009c2c	00645893	srli	x17,x8,0x6	  x8:0xfff81fa4 x17=0x03ffe07e
      160285000	     15929	80009c30	5bfd	c.li	x23,-1	 x23=0xffffffff
      160295000	     15930	80009c32	00fa1033	sll	x0,x20,x15	 x20:0x00000000 x15:0xaffffe28  x0=0x00000000
      160305000	     15931	80009c36	11fd	c.addi	x3,-1	  x3:0xaffffefc  x3=0xaffffefb
      160315000	     15932	80009c38	8109	c.srli	x10,0x2	 x10:0x7ffda31c x10=0x1fff68c7
      160325000	     15933	80009c3a	0000100f	fence.i	
      160345000	     15935	80009c3e	587d	c.li	x16,-1	 x16=0xffffffff
      160355000	     15936	80009c40	9cce	c.add	x25,x19	 x25:0x00000000 x19:0xf675b53a x25=0xf675b53a
      160365000	     15937	80009c42	0ff0000f	fence	iorw,iorw	
      160375000	     15938	80009c46	8e99	c.sub	x13,x14	 x13:0x00000000 x14:0x80025ce4 x13=0x7ffda31c
      160745000	     15975	80009c48	026b42b3	div	x5,x22,x6	 x22:0x80025a43  x6:0xfffffefc  x5=0x007e058f
      160755000	     15976	80009c4c	02baf463	bgeu	x21,x11,80009c74	 x21:0x00000000 x11:0xb0000000
      160765000	     15977	80009c50	01d73c33	sltu	x24,x14,x29	 x14:0x80025ce4 x29:0x0007e05c x24=0x00000000
      160775000	     15978	80009c54	008dd263	bge	x27,x8,80009c58	 x27:0x0a1c68e1  x8:0xfff81fa4
      160795000	     15980	80009c58	47b5	c.li	x15,13	 x15=0x0000000d
      160805000	     15981	80009c5a	0d2f8a17	auipc	x20,0xd2f8	 x20=0x8d301c5a
      160815000	     15982	80009c5e	0097b933	sltu	x18,x15,x9	 x15:0x0000000d  x9:0x00000001 x18=0x00000000
      160825000	     15983	80009c62	805d	c.srli	x8,0x17	  x8:0xfff81fa4  x8=0x000001ff
      160845000	     15985	80009c64	038c7d33	remu	x26,x24,x24	 x24:0x00000000 x24:0x00000000 x26=0x00000000
      160855000	     15986	80009c68	03366663	bltu	x12,x19,80009c94	 x12:0x80021e58 x19:0xf675b53a
      160875000	     15988	80009c94	8d1d	c.sub	x10,x15	 x10:0x1fff68c7 x15:0x0000000d x10=0x1fff68ba
      160885000	     15989	80009c96	02e67463	bgeu	x12,x14,80009cbe	 x12:0x80021e58 x14:0x80025ce4
      160895000	     15990	80009c9a	441d	c.li	x8,7	  x8=0x00000007
      160935000	     15994	80009c9c	03e2beb3	mulhu	x29,x5,x30	  x5:0x007e058f x30:0x098a4ac7 x29=0x0004b245
      160945000	     15995	80009ca0	8ca9	c.xor	x9,x10	  x9:0x00000001 x10:0x1fff68ba  x9=0x1fff68bb
      160955000	     15996	80009ca2	00551663	bne	x10,x5,80009cae	 x10:0x1fff68ba  x5:0x007e058f
      161015000	     16002	80009cae	03f63fb3	mulhu	x31,x12,x31	 x12:0x80021e58 x31:0x32df0924 x31=0x196ff057
      161025000	     16003	80009cb2	0087d193	srli	x3,x15,0x8	 x15:0x0000000d  x3=0x00000000
      161035000	     16004	80009cb6	68ad	c.lui	x17,0xb	 x17=0x0000b000
      161045000	     16005	80009cb8	11fd	c.addi	x3,-1	  x3:0x00000000  x3=0xffffffff
      161055000	     16006	80009cba	f3a56b13	ori	x22,x10,-198	 x10:0x1fff68ba x22=0xffffffba
      161065000	     16007	80009cbe	4191d393	srai	x7,x3,0x19	  x3:0xffffffff  x7=0xffffffff
      161075000	     16008	80009cc2	a2b7ca93	xori	x21,x15,-1493	 x15:0x0000000d x21=0xfffffa26
      161115000	     16012	80009cc6	0294b7b3	mulhu	x15,x9,x9	  x9:0x1fff68bb  x9:0x1fff68bb x15=0x03ffda2f
      161125000	     16013	80009cca	8de5	c.and	x11,x9	 x11:0xb0000000  x9:0x1fff68bb x11=0x10000000
      161135000	     16014	80009ccc	00bf2db3	slt	x27,x30,x11	 x30:0x098a4ac7 x11:0x10000000 x27=0x00000001
      161145000	     16015	80009cd0	40b9d413	srai	x8,x19,0xb	 x19:0xf675b53a  x8=0xfffeceb6
      161155000	     16016	80009cd4	0332c163	blt	x5,x19,80009cf6	  x5:0x007e058f x19:0xf675b53a
      161165000	     16017	80009cd8	011d5013	srli	x0,x26,0x11	 x26:0x00000000  x0=0x00000000
      161175000	     16018	80009cdc	00bda033	slt	x0,x27,x11	 x27:0x00000001 x11:0x10000000  x0=0x00000000
      161185000	     16019	80009ce0	00b670b3	and	x1,x12,x11	 x12:0x80021e58 x11:0x10000000  x1=0x00000000
      161555000	     16056	80009ce4	02456b33	rem	x22,x10,x4	 x10:0x1fff68ba  x4:0x00007e05 x22=0x000023ba
      161565000	     16057	80009ce8	8c29	c.xor	x8,x10	  x8:0xfffeceb6 x10:0x1fff68ba  x8=0xe001a60c
      161575000	     16058	80009cea	29cb7f93	andi	x31,x22,668	 x22:0x000023ba x31=0x00000298
      161585000	     16059	80009cee	01d81e93	slli	x29,x16,0x1d	 x16:0xffffffff x29=0xe0000000
      161595000	     16060	80009cf2	00052fb3	slt	x31,x10,x0	 x10:0x1fff68ba  x0:0x00000000 x31=0x00000000
      161605000	     16061	80009cf6	07de	c.slli	x15,0x17	 x15:0x03ffda2f x15=0x17800000
      161645000	     16065	80009cf8	02bea433	mulhsu	x8,x29,x11	 x29:0xe0000000 x11:0x10000000  x8=0xfe000000
      161655000	     16066	80009cfc	fd07e913	ori	x18,x15,-48	 x15:0x17800000 x18=0xffffffd0
      161675000	     16068	80009d00	020477b3	remu	x15,x8,x0	  x8:0xfe000000  x0:0x00000000 x15=0xfe000000
      161685000	     16069	80009d04	96a2	c.add	x13,x8	 x13:0x7ffda31c  x8:0xfe000000 x13=0x7dfda31c
      162055000	     16106	80009d06	03bd7e33	remu	x28,x26,x27	 x26:0x00000000 x27:0x00000001 x28=0x00000000
      162065000	     16107	80009d0a	0128df93	srli	x31,x17,0x12	 x17:0x0000b000 x31=0x00000000
      162075000	     16108	80009d0e	8f91	c.sub	x15,x12	 x15:0xfe000000 x12:0x80021e58 x15=0x7dfde1a8
      162115000	     16112	80009d10	02893033	mulhu	x0,x18,x8	 x18:0xffffffd0  x8:0xfe000000  x0=0x00000000
      162125000	     16113	80009d14	41c901b3	sub	x3,x18,x28	 x18:0xffffffd0 x28:0x00000000  x3=0xffffffd0
      162135000	     16114	80009d18	015ce263	bltu	x25,x21,80009d1c	 x25:0xf675b53a x21:0xfffffa26
      162155000	     16116	80009d1c	2340c393	xori	x7,x1,564	  x1:0x00000000  x7=0x00000234
      162165000	     16117	80009d20	01daf833	and	x16,x21,x29	 x21:0xfffffa26 x29:0xe0000000 x16=0xe0000000
      162175000	     16118	80009d24	0043e1b3	or	x3,x7,x4	  x7:0x00000234  x4:0x00007e05  x3=0x00007e35
      162185000	     16119	80009d28	8c85	c.sub	x9,x9	  x9:0x1fff68bb  x9:0x1fff68bb  x9=0x00000000
      162195000	     16120	80009d2a	12fd	c.addi	x5,-1	  x5:0x007e058f  x5=0x007e058e
      162235000	     16124	80009d2c	036fb233	mulhu	x4,x31,x22	 x31:0x00000000 x22:0x000023ba  x4=0x00000000
      162245000	     16125	80009d30	8d81	c.sub	x11,x8	 x11:0x10000000  x8:0xfe000000 x11=0x12000000
      162265000	     16127	80009d32	020077b3	remu	x15,x0,x0	  x0:0x00000000  x0:0x00000000 x15=0x00000000
      162305000	     16131	80009d36	02581bb3	mulh	x23,x16,x5	 x16:0xe0000000  x5:0x007e058e x23=0xfff03f4e
      162315000	     16132	80009d3a	8c11	c.sub	x8,x12	  x8:0xfe000000 x12:0x80021e58  x8=0x7dfde1a8
      162325000	     16133	80009d3c	a2ca7937	lui	x18,0xa2ca7	 x18=0xa2ca7000
      162335000	     16134	80009d40	002a76b3	and	x13,x20,x2	 x20:0x8d301c5a  x2:0xf5e39895 x13=0x85201810
      162345000	     16135	80009d44	018aebb3	or	x23,x21,x24	 x21:0xfffffa26 x24:0x00000000 x23=0xfffffa26
      162365000	     16137	80009d48	02f4f8b3	remu	x17,x9,x15	  x9:0x00000000 x15:0x00000000 x17=0x00000000
      162375000	     16138	80009d4c	00beda63	bge	x29,x11,80009d60	 x29:0xe0000000 x11:0x12000000
      162415000	     16142	80009d50	03aaacb3	mulhsu	x25,x21,x26	 x21:0xfffffa26 x26:0x00000000 x25=0x00000000
      162425000	     16143	80009d54	00587263	bgeu	x16,x5,80009d58	 x16:0xe0000000  x5:0x007e058e
      162445000	     16145	80009d58	6c35	c.lui	x24,0xd	 x24=0x0000d000
      162455000	     16146	80009d5a	e78d	c.bnez	x15,80009d84	 x15:0x00000000
      162465000	     16147	80009d5c	03bd9a63	bne	x27,x27,80009d90	 x27:0x00000001 x27:0x00000001
      162475000	     16148	80009d60	0000100f	fence.i	
      162495000	     16150	80009d64	019cd563	bge	x25,x25,80009d6e	 x25:0x00000000 x25:0x00000000
      162515000	     16152	80009d6e	8cad	c.xor	x9,x11	  x9:0x00000000 x11:0x12000000  x9=0x12000000
      162525000	     16153	80009d70	01723eb3	sltu	x29,x4,x23	  x4:0x00000000 x23:0xfffffa26 x29=0x00000001
      162535000	     16154	80009d74	038d5763	bge	x26,x24,80009da2	 x26:0x00000000 x24:0x0000d000
      162545000	     16155	80009d78	4065d3b3	sra	x7,x11,x6	 x11:0x12000000  x6:0xfffffefc  x7=0x00000001
      162555000	     16156	80009d7c	a9ac3393	sltiu	x7,x24,-1382	 x24:0x0000d000  x7=0x00000001
      162565000	     16157	80009d80	0048ec33	or	x24,x17,x4	 x17:0x00000000  x4:0x00000000 x24=0x00000000
      162575000	     16158	80009d84	0125aa33	slt	x20,x11,x18	 x11:0x12000000 x18:0xa2ca7000 x20=0x00000000
      162585000	     16159	80009d88	01715c93	srli	x25,x2,0x17	  x2:0xf5e39895 x25=0x000001eb
      162595000	     16160	80009d8c	f5478c13	addi	x24,x15,-172	 x15:0x00000000 x24=0xffffff54
      162605000	     16161	80009d90	01e64833	xor	x16,x12,x30	 x12:0x80021e58 x30:0x098a4ac7 x16=0x8988549f
      162615000	     16162	80009d94	01133ab3	sltu	x21,x6,x17	  x6:0xfffffefc x17:0x00000000 x21=0x00000000
      162625000	     16163	80009d98	00ee9db3	sll	x27,x29,x14	 x29:0x00000001 x14:0x80025ce4 x27=0x00000010
      162635000	     16164	80009d9c	01c681b3	add	x3,x13,x28	 x13:0x85201810 x28:0x00000000  x3=0x85201810
      162645000	     16165	80009da0	8d51	c.or	x10,x12	 x10:0x1fff68ba x12:0x80021e58 x10=0x9fff7efa
      162655000	     16166	80009da2	011f9e13	slli	x28,x31,0x11	 x31:0x00000000 x28=0x00000000
      162665000	     16167	80009da6	02896d63	bltu	x18,x8,80009de0	 x18:0xa2ca7000  x8:0x7dfde1a8
      162675000	     16168	80009daa	ca8d	c.beqz	x13,80009ddc	 x13:0x85201810
      162685000	     16169	80009dac	02e3d863	bge	x7,x14,80009ddc	  x7:0x00000001 x14:0x80025ce4
      162705000	     16171	80009ddc	017af263	bgeu	x21,x23,80009de0	 x21:0x00000000 x23:0xfffffa26
      162715000	     16172	80009de0	98fd	c.andi	x9,-1	  x9:0x12000000  x9=0x12000000
      162725000	     16173	80009de2	fa370293	addi	x5,x14,-93	 x14:0x80025ce4  x5=0x80025c87
      162735000	     16174	80009de6	e20af913	andi	x18,x21,-480	 x21:0x00000000 x18=0x00000000
      162745000	     16175	80009dea	4014df33	sra	x30,x9,x1	  x9:0x12000000  x1:0x00000000 x30=0x12000000
      162755000	     16176	80009dee	0139e8b3	or	x17,x19,x19	 x19:0xf675b53a x19:0xf675b53a x17=0xf675b53a
      162765000	     16177	80009df2	0001	c.addi	x0,0	  x0:0x00000000  x0=0x00000000
      162775000	     16178	80009df4	005b12b3	sll	x5,x22,x5	 x22:0x000023ba  x5:0x80025c87  x5=0x0011dd00
      162785000	     16179	80009df8	44b23813	sltiu	x16,x4,1099	  x4:0x00000000 x16=0x00000001
      162795000	     16180	80009dfc	b5eaa313	slti	x6,x21,-1186	 x21:0x00000000  x6=0x00000000
      162805000	     16181	80009e00	52fd	c.li	x5,-1	  x5=0xffffffff
      162815000	     16182	80009e02	008abdb3	sltu	x27,x21,x8	 x21:0x00000000  x8:0x7dfde1a8 x27=0x00000001
      162825000	     16183	80009e06	058e5463	bge	x28,x24,80009e4e	 x28:0x00000000 x24:0xffffff54
      162845000	     16185	80009e4e	0e5e	c.slli	x28,0x17	 x28:0x00000000 x28=0x00000000
      162855000	     16186	80009e50	8fed	c.and	x15,x11	 x15:0x00000000 x11:0x12000000 x15=0x00000000
      162865000	     16187	80009e52	010d9333	sll	x6,x27,x16	 x27:0x00000001 x16:0x00000001  x6=0x00000002
      162895000	     16190	80009e56	02d105b3	mul	x11,x2,x13	  x2:0xf5e39895 x13:0x85201810 x11=0x30278150
      162925000	     16193	80009e5a	02f08e33	mul	x28,x1,x15	  x1:0x00000000 x15:0x00000000 x28=0x00000000
      163295000	     16230	80009e5e	036f5433	divu	x8,x30,x22	 x30:0x12000000 x22:0x000023ba  x8=0x000080fa
      163305000	     16231	80009e62	f33c6e37	lui	x28,0xf33c6	 x28=0xf33c6000
      163315000	     16232	80009e66	00858ab3	add	x21,x11,x8	 x11:0x30278150  x8:0x000080fa x21=0x3028024a
      163325000	     16233	80009e6a	0d12	c.slli	x26,0x4	 x26:0x00000000 x26=0x00000000
      163335000	     16234	80009e6c	019d	c.addi	x3,7	  x3:0x85201810  x3=0x85201817
      163345000	     16235	80009e6e	013074b3	and	x9,x0,x19	  x0:0x00000000 x19:0xf675b53a  x9=0x00000000
      163355000	     16236	80009e72	012dd9b3	srl	x19,x27,x18	 x27:0x00000001 x18:0x00000000 x19=0x00000001
      163365000	     16237	80009e76	6b75	c.lui	x22,0x1d	 x22=0x0001d000
      163375000	     16238	80009e78	9fb3b693	sltiu	x13,x7,-1541	  x7:0x00000001 x13=0x00000001
      163385000	     16239	80009e7c	41a7d3b3	sra	x7,x15,x26	 x15:0x00000000 x26:0x00000000  x7=0x00000000
      163395000	     16240	80009e80	8d32	c.mv	x26,x12	  x0:0x00000000 x12:0x80021e58 x26=0x80021e58
      163405000	     16241	80009e82	044a	c.slli	x8,0x12	  x8:0x000080fa  x8=0x03e80000
      163415000	     16242	80009e84	00f81913	slli	x18,x16,0xf	 x16:0x00000001 x18=0x00008000
      163425000	     16243	80009e88	9028e593	ori	x11,x17,-1790	 x17:0xf675b53a x11=0xfffffd3a
      163435000	     16244	80009e8c	63d9	c.lui	x7,0x16	  x7=0x00016000
      163445000	     16245	80009e8e	031ec663	blt	x29,x17,80009eba	 x29:0x00000001 x17:0xf675b53a
      163455000	     16246	80009e92	01fb34b3	sltu	x9,x22,x31	 x22:0x0001d000 x31:0x00000000  x9=0x00000000
      163465000	     16247	80009e96	aa62a213	slti	x4,x5,-1370	  x5:0xffffffff  x4=0x00000000
      163475000	     16248	80009e9a	8211fe93	andi	x29,x3,-2015	  x3:0x85201817 x29=0x85201801
      163485000	     16249	80009e9e	00310cb3	add	x25,x2,x3	  x2:0xf5e39895  x3:0x85201817 x25=0x7b03b0ac
      163495000	     16250	80009ea2	b2dead97	auipc	x27,0xb2dea	 x27=0x32df3ea2
      163865000	     16287	80009ea6	02b64c33	div	x24,x12,x11	 x12:0x80021e58 x11:0xfffffd3a x24=0x002e262d
      163875000	     16288	80009eaa	82e9	c.srli	x13,0x1a	 x13:0x00000001 x13=0x00000000
      163885000	     16289	80009eac	e6356a93	ori	x21,x10,-413	 x10:0x9fff7efa x21=0xfffffefb
      163895000	     16290	80009eb0	02874463	blt	x14,x8,80009ed8	 x14:0x80025ce4  x8:0x03e80000
      164275000	     16328	80009ed8	0276fc33	remu	x24,x13,x7	 x13:0x00000000  x7:0x00016000 x24=0x00000000
      164315000	     16332	80009edc	03c19233	mulh	x4,x3,x28	  x3:0x85201817 x28:0xf33c6000  x4=0x06206438
      164325000	     16333	80009ee0	0001	c.addi	x0,0	  x0:0x00000000  x0=0x00000000
      164365000	     16337	80009ee2	03aa9cb3	mulh	x25,x21,x26	 x21:0xfffffefb x26:0x80021e58 x25=0x00000082
      164375000	     16338	80009ee6	006b7533	and	x10,x22,x6	 x22:0x0001d000  x6:0x00000002 x10=0x00000000
      164745000	     16375	80009eea	03d85033	divu	x0,x16,x29	 x16:0x00000001 x29:0x85201801  x0=0x00000000
      164755000	     16376	80009eee	00cf2f33	slt	x30,x30,x12	 x30:0x12000000 x12:0x80021e58 x30=0x00000000
      164765000	     16377	80009ef2	00677d33	and	x26,x14,x6	 x14:0x80025ce4  x6:0x00000002 x26=0x00000000
      164775000	     16378	80009ef6	0169f263	bgeu	x19,x22,80009efa	 x19:0x00000001 x22:0x0001d000
      164785000	     16379	80009efa	028e6f17	auipc	x30,0x28e6	 x30=0x828efefa
      164795000	     16380	80009efe	008e	c.slli	x1,0x3	  x1:0x00000000  x1=0x00000000
      164805000	     16381	80009f00	01625b33	srl	x22,x4,x22	  x4:0x06206438 x22:0x0001d000 x22=0x06206438
      164815000	     16382	80009f04	01a21413	slli	x8,x4,0x1a	  x4:0x06206438  x8=0xe0000000
      164825000	     16383	80009f08	8139	c.srli	x10,0xe	 x10:0x00000000 x10=0x00000000
      164835000	     16384	80009f0a	00def333	and	x6,x29,x13	 x29:0x85201801 x13:0x00000000  x6=0x00000000
      164845000	     16385	80009f0e	1b7d	c.addi	x22,-1	 x22:0x06206438 x22=0x06206437
      164855000	     16386	80009f10	41878933	sub	x18,x15,x24	 x15:0x00000000 x24:0x00000000 x18=0x00000000
      164865000	     16387	80009f14	018707b3	add	x15,x14,x24	 x14:0x80025ce4 x24:0x00000000 x15=0x80025ce4
      164875000	     16388	80009f18	8d7d	c.and	x10,x15	 x10:0x00000000 x15:0x80025ce4 x10=0x00000000
      164895000	     16390	80009f1a	03fe5c33	divu	x24,x28,x31	 x28:0xf33c6000 x31:0x00000000 x24=0xffffffff
      164905000	     16391	80009f1e	5cfd	c.li	x25,-1	 x25=0xffffffff
      164915000	     16392	80009f20	bfa34337	lui	x6,0xbfa34	  x6=0xbfa34000
      164925000	     16393	80009f24	000b4a63	blt	x22,x0,80009f38	 x22:0x06206437  x0:0x00000000
      164935000	     16394	80009f28	dc03a193	slti	x3,x7,-576	  x7:0x00016000  x3=0x00000000
      164975000	     16398	80009f2c	032529b3	mulhsu	x19,x10,x18	 x10:0x00000000 x18:0x00000000 x19=0x00000000
      164985000	     16399	80009f30	0552b593	sltiu	x11,x5,85	  x5:0xffffffff x11=0x00000000
      164995000	     16400	80009f34	65f42293	slti	x5,x8,1631	  x8:0xe0000000  x5=0x00000001
      165005000	     16401	80009f38	03c21063	bne	x4,x28,80009f58	  x4:0x06206438 x28:0xf33c6000
      165025000	     16403	80009f58	bc1b7513	andi	x10,x22,-1087	 x22:0x06206437 x10=0x06206001
      165035000	     16404	80009f5c	057c0163	beq	x24,x23,80009f9e	 x24:0xffffffff x23:0xfffffa26
      165045000	     16405	80009f60	412807b3	sub	x15,x16,x18	 x16:0x00000001 x18:0x00000000 x15=0x00000001
      165055000	     16406	80009f64	0001	c.addi	x0,0	  x0:0x00000000  x0=0x00000000
      165075000	     16408	80009f66	032dc533	div	x10,x27,x18	 x27:0x32df3ea2 x18:0x00000000 x10=0xffffffff
      165085000	     16409	80009f6a	86e2	c.mv	x13,x24	  x0:0x00000000 x24:0xffffffff x13=0xffffffff
      165095000	     16410	80009f6c	019d4db3	xor	x27,x26,x25	 x26:0x00000000 x25:0xffffffff x27=0xffffffff
      165105000	     16411	80009f70	0ff0000f	fence	iorw,iorw	
      165115000	     16412	80009f74	8175	c.srli	x10,0x1d	 x10:0xffffffff x10=0x00000007
      165125000	     16413	80009f76	0000100f	fence.i	
      165165000	     16417	80009f7a	029a51b3	divu	x3,x20,x9	 x20:0x00000000  x9:0x00000000  x3=0xffffffff
      165175000	     16418	80009f7e	8cd5	c.or	x9,x13	  x9:0x00000000 x13:0xffffffff  x9=0xffffffff
      165185000	     16419	80009f80	00ceeb63	bltu	x29,x12,80009f96	 x29:0x85201801 x12:0x80021e58
      165195000	     16420	80009f84	01589433	sll	x8,x17,x21	 x17:0xf675b53a x21:0xfffffefb  x8=0xd0000000
      165205000	     16421	80009f88	0165b033	sltu	x0,x11,x22	 x11:0x00000000 x22:0x06206437  x0=0x00000000
      165215000	     16422	80009f8c	0000100f	fence.i	
      165235000	     16424	80009f90	0ff0000f	fence	iorw,iorw	
      165245000	     16425	80009f94	81c5	c.srli	x11,0x11	 x11:0x00000000 x11=0x00000000
      165255000	     16426	80009f96	02b69163	bne	x13,x11,80009fb8	 x13:0xffffffff x11:0x00000000
      165275000	     16428	80009fb8	4b0bfd13	andi	x26,x23,1200	 x23:0xfffffa26 x26=0x00000020
      165645000	     16465	80009fbc	02d65533	divu	x10,x12,x13	 x12:0x80021e58 x13:0xffffffff x10=0x00000000
      165655000	     16466	80009fc0	8d5d	c.or	x10,x15	 x10:0x00000000 x15:0x00000001 x10=0x00000001
      165665000	     16467	80009fc2	001e0463	beq	x28,x1,80009fca	 x28:0xf33c6000  x1:0x00000000
      166035000	     16504	80009fc6	025cdd33	divu	x26,x25,x5	 x25:0xffffffff  x5:0x00000001 x26=0xffffffff
      166045000	     16505	80009fca	936e	c.add	x6,x27	  x6:0xbfa34000 x27:0xffffffff  x6=0xbfa33fff
      166085000	     16509	80009fcc	025195b3	mulh	x11,x3,x5	  x3:0xffffffff  x5:0x00000001 x11=0xffffffff
      166095000	     16510	80009fd0	01081463	bne	x16,x16,80009fd8	 x16:0x00000001 x16:0x00000001
      166135000	     16514	80009fd4	03b527b3	mulhsu	x15,x10,x27	 x10:0x00000001 x27:0xffffffff x15=0x00000000
      166145000	     16515	80009fd8	03201d63	bne	x0,x18,8000a012	  x0:0x00000000 x18:0x00000000
      166155000	     16516	80009fdc	e389	c.bnez	x15,80009fde	 x15:0x00000000
      166165000	     16517	80009fde	01eab8b3	sltu	x17,x21,x30	 x21:0xfffffefb x30:0x828efefa x17=0x00000000
      166175000	     16518	80009fe2	6241	c.lui	x4,0x10	  x4=0x00010000
      166545000	     16555	80009fe4	029ce833	rem	x16,x25,x9	 x25:0xffffffff  x9:0xffffffff x16=0x00000000
      166555000	     16556	80009fe8	4dd1	c.li	x27,20	 x27=0x00000014
      166565000	     16557	80009fea	81c9	c.srli	x11,0x12	 x11:0xffffffff x11=0x00003fff
      166575000	     16558	80009fec	0000100f	fence.i	
      166595000	     16560	80009ff0	619d	c.lui	x3,0x7	  x3=0x00007000
      166605000	     16561	80009ff2	00dfdd63	bge	x31,x13,8000a00c	 x31:0x00000000 x13:0xffffffff
      166625000	     16563	8000a00c	86e5	c.srai	x13,0x19	 x13:0xffffffff x13=0xffffffff
      166635000	     16564	8000a00e	5d6bddb7	lui	x27,0x5d6bd	 x27=0x5d6bd000
      166645000	     16565	8000a012	98b6	c.add	x17,x13	 x17:0x00000000 x13:0xffffffff x17=0xffffffff
      166655000	     16566	8000a014	8cbd	c.xor	x9,x15	  x9:0xffffffff x15:0x00000000  x9=0xffffffff
      166665000	     16567	8000a016	01f41d93	slli	x27,x8,0x1f	  x8:0xd0000000 x27=0x00000000
      167035000	     16604	8000a01a	023662b3	rem	x5,x12,x3	 x12:0x80021e58  x3:0x00007000  x5=0xffffce58
      167045000	     16605	8000a01e	010387b3	add	x15,x7,x16	  x7:0x00016000 x16:0x00000000 x15=0x00016000
      167055000	     16606	8000a022	472dfc93	andi	x25,x27,1138	 x27:0x00000000 x25=0x00000000
      167075000	     16608	8000a026	02124fb3	div	x31,x4,x1	  x4:0x00010000  x1:0x00000000 x31=0xffffffff
      167085000	     16609	8000a02a	85fd0513	addi	x10,x26,-1953	 x26:0xffffffff x10=0xfffff85e
      167095000	     16610	8000a02e	c521	c.beqz	x10,8000a076	 x10:0xfffff85e
      167105000	     16611	8000a030	0ff0000f	fence	iorw,iorw	
      167115000	     16612	8000a034	b0566017	auipc	x0,0xb0566	  x0=0x00000000
      167125000	     16613	8000a038	5e392193	slti	x3,x18,1507	 x18:0x00000000  x3=0x00000001
      167135000	     16614	8000a03c	05434363	blt	x6,x20,8000a082	  x6:0xbfa33fff x20:0x00000000
      167195000	     16620	8000a082	02e1aeb3	mulhsu	x29,x3,x14	  x3:0x00000001 x14:0x80025ce4 x29=0x00000000
      167205000	     16621	8000a086	893d	c.andi	x10,15	 x10:0xfffff85e x10=0x0000000e
      167215000	     16622	8000a088	8cd3efb7	lui	x31,0x8cd3e	 x31=0x8cd3e000
      167225000	     16623	8000a08c	e089	c.bnez	x9,8000a08e	  x9:0xffffffff
      167245000	     16625	8000a08e	e58d	c.bnez	x11,8000a0b8	 x11:0x00003fff
      167265000	     16627	8000a0b8	e005	c.bnez	x8,8000a0d8	  x8:0xd0000000
      167285000	     16629	8000a0d8	0001	c.addi	x0,0	  x0:0x00000000  x0=0x00000000
      167295000	     16630	8000a0da	00ea25b3	slt	x11,x20,x14	 x20:0x00000000 x14:0x80025ce4 x11=0x00000000
      167305000	     16631	8000a0de	14fd	c.addi	x9,-1	  x9:0xffffffff  x9=0xfffffffe
      167315000	     16632	8000a0e0	185c7c93	andi	x25,x24,389	 x24:0xffffffff x25=0x00000185
      167685000	     16669	8000a0e4	03117fb3	remu	x31,x2,x17	  x2:0xf5e39895 x17:0xffffffff x31=0xf5e39895
      167695000	     16670	8000a0e8	01d7d433	srl	x8,x15,x29	 x15:0x00016000 x29:0x00000000  x8=0x00016000
      167705000	     16671	8000a0ec	01e49563	bne	x9,x30,8000a0f6	  x9:0xfffffffe x30:0x828efefa
      167725000	     16673	8000a0f6	439d	c.li	x7,7	  x7=0x00000007
      167735000	     16674	8000a0f8	a7372bb7	lui	x23,0xa7372	 x23=0xa7372000
      167745000	     16675	8000a0fc	01841c33	sll	x24,x8,x24	  x8:0x00016000 x24:0xffffffff x24=0x00000000
      167755000	     16676	8000a100	ce81	c.beqz	x13,8000a118	 x13:0xffffffff
      167765000	     16677	8000a102	4085dc33	sra	x24,x11,x8	 x11:0x00000000  x8:0x00016000 x24=0x00000000
      167805000	     16681	8000a106	0316bcb3	mulhu	x25,x13,x17	 x13:0xffffffff x17:0xffffffff x25=0xfffffffe
      167815000	     16682	8000a10a	4299	c.li	x5,6	  x5=0x00000006
      167825000	     16683	8000a10c	8d2a	c.mv	x26,x10	  x0:0x00000000 x10:0x0000000e x26=0x0000000e
      167865000	     16687	8000a10e	03ddbc33	mulhu	x24,x27,x29	 x27:0x00000000 x29:0x00000000 x24=0x00000000
      167875000	     16688	8000a112	40ad	c.li	x1,11	  x1=0x0000000b
      167915000	     16692	8000a114	03179333	mulh	x6,x15,x17	 x15:0x00016000 x17:0xffffffff  x6=0xffffffff
      167925000	     16693	8000a118	8fa9	c.xor	x15,x10	 x15:0x00016000 x10:0x0000000e x15=0x0001600e
      167935000	     16694	8000a11a	0f71	c.addi	x30,28	 x30:0x828efefa x30=0x828eff16
      167945000	     16695	8000a11c	00df4d33	xor	x26,x30,x13	 x30:0x828eff16 x13:0xffffffff x26=0x7d7100e9
      167955000	     16696	8000a120	cf91	c.beqz	x15,8000a13c	 x15:0x0001600e
      168325000	     16733	8000a122	023952b3	divu	x5,x18,x3	 x18:0x00000000  x3:0x00000001  x5=0x00000000
      168335000	     16734	8000a126	8025	c.srli	x8,0x9	  x8:0x00016000  x8=0x000000b0
      168345000	     16735	8000a128	e585	c.bnez	x11,8000a150	 x11:0x00000000
      168355000	     16736	8000a12a	21dfcf93	xori	x31,x31,541	 x31:0xf5e39895 x31=0xf5e39a88
      168365000	     16737	8000a12e	0001	c.addi	x0,0	  x0:0x00000000  x0=0x00000000
      168375000	     16738	8000a130	007964b3	or	x9,x18,x7	 x18:0x00000000  x7:0x00000007  x9=0x00000007
      168385000	     16739	8000a134	f98fb693	sltiu	x13,x31,-104	 x31:0xf5e39a88 x13=0x00000001
      168755000	     16776	8000a138	02786b33	rem	x22,x16,x7	 x16:0x00000000  x7:0x00000007 x22=0x00000000
      168765000	     16777	8000a13c	4f0d6a93	ori	x21,x26,1264	 x26:0x7d7100e9 x21=0x7d7104f9
      168775000	     16778	8000a140	11ac8a13	addi	x20,x25,282	 x25:0xfffffffe x20=0x00000118
      168785000	     16779	8000a144	8c35	c.xor	x8,x13	  x8:0x000000b0 x13:0x00000001  x8=0x000000b1
      168795000	     16780	8000a146	8c41	c.or	x8,x8	  x8:0x000000b1  x8:0x000000b1  x8=0x000000b1
      168825000	     16783	8000a148	022c8e33	mul	x28,x25,x2	 x25:0xfffffffe  x2:0xf5e39895 x28=0x1438ced6
      168835000	     16784	8000a14c	3e06bf93	sltiu	x31,x13,992	 x13:0x00000001 x31=0x00000001
      168845000	     16785	8000a150	82a1	c.srli	x13,0x8	 x13:0x00000001 x13=0x00000000
      168855000	     16786	8000a152	0ff0000f	fence	iorw,iorw	
      168865000	     16787	8000a156	01fb5593	srli	x11,x22,0x1f	 x22:0x00000000 x11=0x00000000
      168875000	     16788	8000a15a	c199	c.beqz	x11,8000a160	 x11:0x00000000
      168925000	     16793	8000a160	0249a233	mulhsu	x4,x19,x4	 x19:0x00000000  x4:0x00010000  x4=0x00000000
      168935000	     16794	8000a164	02150963	beq	x10,x1,8000a196	 x10:0x0000000e  x1:0x0000000b
      168945000	     16795	8000a168	008ad213	srli	x4,x21,0x8	 x21:0x7d7104f9  x4=0x007d7104
      168975000	     16798	8000a16c	030d8c33	mul	x24,x27,x16	 x27:0x00000000 x16:0x00000000 x24=0x00000000
      168985000	     16799	8000a170	8fd9	c.or	x15,x14	 x15:0x0001600e x14:0x80025ce4 x15=0x80037cee
      168995000	     16800	8000a172	00476433	or	x8,x14,x4	 x14:0x80025ce4  x4:0x007d7104  x8=0x807f7de4
      169005000	     16801	8000a176	0a29	c.addi	x20,10	 x20:0x00000118 x20=0x00000122
      169015000	     16802	8000a178	019df333	and	x6,x27,x25	 x27:0x00000000 x25:0xfffffffe  x6=0x00000000
      169035000	     16804	8000a17c	03dd51b3	divu	x3,x26,x29	 x26:0x7d7100e9 x29:0x00000000  x3=0xffffffff
      169045000	     16805	8000a180	0108da33	srl	x20,x17,x16	 x17:0xffffffff x16:0x00000000 x20=0xffffffff
      169055000	     16806	8000a184	038e8363	beq	x29,x24,8000a1aa	 x29:0x00000000 x24:0x00000000
      169085000	     16809	8000a1aa	02c0d663	bge	x1,x12,8000a1d6	  x1:0x0000000b x12:0x80021e58
      169145000	     16815	8000a1d6	0351af33	mulhsu	x30,x3,x21	  x3:0xffffffff x21:0x7d7104f9 x30=0xffffffff
      169185000	     16819	8000a1da	025f20b3	mulhsu	x1,x30,x5	 x30:0xffffffff  x5:0x00000000  x1=0x00000000
      169195000	     16820	8000a1de	01ab7533	and	x10,x22,x26	 x22:0x00000000 x26:0x7d7100e9 x10=0x00000000
      169205000	     16821	8000a1e2	01d88233	add	x4,x17,x29	 x17:0xffffffff x29:0x00000000  x4=0xffffffff
      169215000	     16822	8000a1e6	8185	c.srli	x11,0x1	 x11:0x00000000 x11=0x00000000
      169245000	     16825	8000a1e8	02c40833	mul	x16,x8,x12	  x8:0x807f7de4 x12:0x80021e58 x16=0x185bfe60
      169255000	     16826	8000a1ec	447e3593	sltiu	x11,x28,1095	 x28:0x1438ced6 x11=0x00000000
      169265000	     16827	8000a1f0	41c4d393	srai	x7,x9,0x1c	  x9:0x00000007  x7=0x00000000
      169275000	     16828	8000a1f4	00646e63	bltu	x8,x6,8000a210	  x8:0x807f7de4  x6:0x00000000
      169295000	     16830	8000a1f8	0333fc33	remu	x24,x7,x19	  x7:0x00000000 x19:0x00000000 x24=0x00000000
      169305000	     16831	8000a1fc	e005	c.bnez	x8,8000a21c	  x8:0x807f7de4
      169325000	     16833	8000a21c	00e0c0b3	xor	x1,x1,x14	  x1:0x00000000 x14:0x80025ce4  x1=0x80025ce4
      169335000	     16834	8000a220	85d1	c.srai	x11,0x14	 x11:0x00000000 x11=0x00000000
      169705000	     16871	8000a222	02196333	rem	x6,x18,x1	 x18:0x00000000  x1:0x80025ce4  x6=0x00000000
      169715000	     16872	8000a226	6c998893	addi	x17,x19,1737	 x19:0x00000000 x17=0x000006c9
      169725000	     16873	8000a22a	0001	c.addi	x0,0	  x0:0x00000000  x0=0x00000000
      169735000	     16874	8000a22c	6c51	c.lui	x24,0x14	 x24=0x00014000
      169745000	     16875	8000a22e	02da7f63	bgeu	x20,x13,8000a26c	 x20:0xffffffff x13:0x00000000
      169765000	     16877	8000a26c	e94fae37	lui	x28,0xe94fa	 x28=0xe94fa000
      169775000	     16878	8000a270	01bbf033	and	x0,x23,x27	 x23:0xa7372000 x27:0x00000000  x0=0x00000000
      169785000	     16879	8000a274	00614bb3	xor	x23,x2,x6	  x2:0xf5e39895  x6:0x00000000 x23=0xf5e39895
      169795000	     16880	8000a278	0001	c.addi	x0,0	  x0:0x00000000  x0=0x00000000
      169805000	     16881	8000a27a	03fff663	bgeu	x31,x31,8000a2a6	 x31:0x00000001 x31:0x00000001
      169835000	     16884	8000a2a6	0ff0000f	fence	iorw,iorw	
      170205000	     16921	8000a2aa	03a449b3	div	x19,x8,x26	  x8:0x807f7de4 x26:0x7d7100e9 x19=0xffffffff
      170215000	     16922	8000a2ae	36d1a993	slti	x19,x3,877	  x3:0xffffffff x19=0x00000001
      170225000	     16923	8000a2b2	695d	c.lui	x18,0x17	 x18=0x00017000
      170235000	     16924	8000a2b4	018f9d13	slli	x26,x31,0x18	 x31:0x00000001 x26=0x01000000
      170605000	     16961	8000a2b8	02c24ab3	div	x21,x4,x12	  x4:0xffffffff x12:0x80021e58 x21=0x00000000
      170615000	     16962	8000a2bc	01290d33	add	x26,x18,x18	 x18:0x00017000 x18:0x00017000 x26=0x0002e000
      170985000	     16999	8000a2c0	03f0f1b3	remu	x3,x1,x31	  x1:0x80025ce4 x31:0x00000001  x3=0x00000000
      170995000	     17000	8000a2c4	00c55a63	bge	x10,x12,8000a2d8	 x10:0x00000000 x12:0x80021e58
      171015000	     17002	8000a2d8	81be	c.mv	x3,x15	  x0:0x00000000 x15:0x80037cee  x3=0x80037cee
      171025000	     17003	8000a2da	0689	c.addi	x13,2	 x13:0x00000000 x13=0x00000002
      171035000	     17004	8000a2dc	00e992b3	sll	x5,x19,x14	 x19:0x00000001 x14:0x80025ce4  x5=0x00000010
      171045000	     17005	8000a2e0	40e1dfb3	sra	x31,x3,x14	  x3:0x80037cee x14:0x80025ce4 x31=0xf80037ce
      171055000	     17006	8000a2e4	018c1db3	sll	x27,x24,x24	 x24:0x00014000 x24:0x00014000 x27=0x00014000
      171065000	     17007	8000a2e8	0134d313	srli	x6,x9,0x13	  x9:0x00000007  x6=0x00000000
      171075000	     17008	8000a2ec	8ded	c.and	x11,x11	 x11:0x00000000 x11:0x00000000 x11=0x00000000
      171085000	     17009	8000a2ee	0001	c.addi	x0,0	  x0:0x00000000  x0=0x00000000
      171095000	     17010	8000a2f0	8c8d	c.sub	x9,x11	  x9:0x00000007 x11:0x00000000  x9=0x00000007
      171105000	     17011	8000a2f2	40975b33	sra	x22,x14,x9	 x14:0x80025ce4  x9:0x00000007 x22=0xff0004b9
      171115000	     17012	8000a2f6	0000100f	fence.i	
      171135000	     17014	8000a2fa	8fc5	c.or	x15,x9	 x15:0x80037cee  x9:0x00000007 x15=0x80037cef
      171175000	     17018	8000a2fc	02502c33	mulhsu	x24,x0,x5	  x0:0x00000000  x5:0x00000010 x24=0x00000000
      171185000	     17019	8000a300	01541933	sll	x18,x8,x21	  x8:0x807f7de4 x21:0x00000000 x18=0x807f7de4
      171225000	     17023	8000a304	024da7b3	mulhsu	x15,x27,x4	 x27:0x00014000  x4:0xffffffff x15=0x00013fff
      171235000	     17024	8000a308	02c55463	bge	x10,x12,8000a330	 x10:0x00000000 x12:0x80021e58
      171285000	     17029	8000a330	03cbabb3	mulhsu	x23,x23,x28	 x23:0xf5e39895 x28:0xe94fa000 x23=0xf6c900c9
      171295000	     17030	8000a334	62f9	c.lui	x5,0x1e	  x5=0x0001e000
      171305000	     17031	8000a336	ed15	c.bnez	x10,8000a372	 x10:0x00000000
      171315000	     17032	8000a338	8f81	c.sub	x15,x8	 x15:0x00013fff  x8:0x807f7de4 x15=0x7f81c21b
      171325000	     17033	8000a33a	002ace63	blt	x21,x2,8000a356	 x21:0x00000000  x2:0xf5e39895
      171335000	     17034	8000a33e	83253793	sltiu	x15,x10,-1998	 x10:0x00000000 x15=0x00000001
      171345000	     17035	8000a342	0258c463	blt	x17,x5,8000a36a	 x17:0x000006c9  x5:0x0001e000
      171385000	     17039	8000a36a	038becb3	rem	x25,x23,x24	 x23:0xf6c900c9 x24:0x00000000 x25=0xf6c900c9
      171395000	     17040	8000a36e	0079b9b3	sltu	x19,x19,x7	 x19:0x00000001  x7:0x00000000 x19=0x00000000
      171405000	     17041	8000a372	8ee5	c.and	x13,x9	 x13:0x00000002  x9:0x00000007 x13=0x00000002
      171415000	     17042	8000a374	0001	c.addi	x0,0	  x0:0x00000000  x0=0x00000000
      171785000	     17079	8000a376	0235ceb3	div	x29,x11,x3	 x11:0x00000000  x3:0x80037cee x29=0x00000000
      171795000	     17080	8000a37a	0ff0000f	fence	iorw,iorw	
      171835000	     17084	8000a37e	02a31e33	mulh	x28,x6,x10	  x6:0x00000000 x10:0x00000000 x28=0x00000000
      171845000	     17085	8000a382	4ce1	c.li	x25,24	 x25=0x00000018
      171855000	     17086	8000a384	03940063	beq	x8,x25,8000a3a4	  x8:0x807f7de4 x25:0x00000018
      171865000	     17087	8000a388	019745b3	xor	x11,x14,x25	 x14:0x80025ce4 x25:0x00000018 x11=0x80025cfc
      171875000	     17088	8000a38c	41250db3	sub	x27,x10,x18	 x10:0x00000000 x18:0x807f7de4 x27=0x7f80821c
      171885000	     17089	8000a390	414ad293	srai	x5,x21,0x14	 x21:0x00000000  x5=0x00000000
      171895000	     17090	8000a394	4264e693	ori	x13,x9,1062	  x9:0x00000007 x13=0x00000427
      171905000	     17091	8000a398	0112f263	bgeu	x5,x17,8000a39c	  x5:0x00000000 x17:0x000006c9
      171915000	     17092	8000a39c	64b9	c.lui	x9,0xe	  x9=0x0000e000
      171925000	     17093	8000a39e	b2bd0c93	addi	x25,x26,-1237	 x26:0x0002e000 x25=0x0002db2b
      171935000	     17094	8000a3a2	8e8d	c.sub	x13,x11	 x13:0x00000427 x11:0x80025cfc x13=0x7ffda72b
      171945000	     17095	8000a3a4	c919	c.beqz	x10,8000a3ba	 x10:0x00000000
      171965000	     17097	8000a3ba	8045	c.srli	x8,0x11	  x8:0x807f7de4  x8=0x0000403f
      171975000	     17098	8000a3bc	80dd	c.srli	x9,0x17	  x9:0x0000e000  x9=0x00000000
      171985000	     17099	8000a3be	69ad	c.lui	x19,0xb	 x19=0x0000b000
      171995000	     17100	8000a3c0	00e29b13	slli	x22,x5,0xe	  x5:0x00000000 x22=0x00000000
      172005000	     17101	8000a3c4	00108eb3	add	x29,x1,x1	  x1:0x80025ce4  x1:0x80025ce4 x29=0x0004b9c8
      172045000	     17105	8000a3c8	035a37b3	mulhu	x15,x20,x21	 x20:0xffffffff x21:0x00000000 x15=0x00000000
      172085000	     17109	8000a3cc	02f5ae33	mulhsu	x28,x11,x15	 x11:0x80025cfc x15:0x00000000 x28=0x00000000
      172095000	     17110	8000a3d0	002018b3	sll	x17,x0,x2	  x0:0x00000000  x2:0xf5e39895 x17=0x00000000
      172105000	     17111	8000a3d4	971c2193	slti	x3,x24,-1679	 x24:0x00000000  x3=0x00000000
      172115000	     17112	8000a3d8	8b1b7013	andi	x0,x22,-1871	 x22:0x00000000  x0=0x00000000
      172125000	     17113	8000a3dc	12166393	ori	x7,x12,289	 x12:0x80021e58  x7=0x80021f79
      172135000	     17114	8000a3e0	02046763	bltu	x8,x0,8000a40e	  x8:0x0000403f  x0:0x00000000
      172145000	     17115	8000a3e4	011427b3	slt	x15,x8,x17	  x8:0x0000403f x17:0x00000000 x15=0x00000000
      172155000	     17116	8000a3e8	1c7376b7	lui	x13,0x1c737	 x13=0x1c737000
      172195000	     17120	8000a3ec	023b1fb3	mulh	x31,x22,x3	 x22:0x00000000  x3:0x00000000 x31=0x00000000
      172205000	     17121	8000a3f0	2fdd4693	xori	x13,x26,765	 x26:0x0002e000 x13=0x0002e2fd
      172215000	     17122	8000a3f4	89bd	c.andi	x11,15	 x11:0x80025cfc x11=0x0000000c
      172255000	     17126	8000a3f6	02fb9fb3	mulh	x31,x23,x15	 x23:0xf6c900c9 x15:0x00000000 x31=0x00000000
      172265000	     17127	8000a3fa	c964cd13	xori	x26,x9,-874	  x9:0x00000000 x26=0xfffffc96
      172275000	     17128	8000a3fe	027f4463	blt	x30,x7,8000a426	 x30:0xffffffff  x7:0x80021f79
      172285000	     17129	8000a402	00d67463	bgeu	x12,x13,8000a40a	 x12:0x80021e58 x13:0x0002e2fd
      172315000	     17132	8000a40a	00db5963	bge	x22,x13,8000a41c	 x22:0x00000000 x13:0x0002e2fd
      172325000	     17133	8000a40e	0170b533	sltu	x10,x1,x23	  x1:0x80025ce4 x23:0xf6c900c9 x10=0x00000001
      172335000	     17134	8000a412	01824f33	xor	x30,x4,x24	  x4:0xffffffff x24:0x00000000 x30=0xffffffff
      172345000	     17135	8000a416	8449	c.srai	x8,0x12	  x8:0x0000403f  x8=0x00000000
      172355000	     17136	8000a418	0191ecb3	or	x25,x3,x25	  x3:0x00000000 x25:0x0002db2b x25=0x0002db2b
      172395000	     17140	8000a41c	03923fb3	mulhu	x31,x4,x25	  x4:0xffffffff x25:0x0002db2b x31=0x0002db2a
      172405000	     17141	8000a420	0e9a	c.slli	x29,0x6	 x29:0x0004b9c8 x29=0x012e7200
      172415000	     17142	8000a422	0ff0000f	fence	iorw,iorw	
      172425000	     17143	8000a426	87d5	c.srai	x15,0x15	 x15:0x00000000 x15=0x00000000
      172435000	     17144	8000a428	38b23c13	sltiu	x24,x4,907	  x4:0xffffffff x24=0x00000000
      172445000	     17145	8000a42c	00985413	srli	x8,x16,0x9	 x16:0x185bfe60  x8=0x000c2dff
      172815000	     17182	8000a430	03a279b3	remu	x19,x4,x26	  x4:0xffffffff x26:0xfffffc96 x19=0x00000369
      172825000	     17183	8000a434	41b90cb3	sub	x25,x18,x27	 x18:0x807f7de4 x27:0x7f80821c x25=0x00fefbc8
      172835000	     17184	8000a438	83f6	c.mv	x7,x29	  x0:0x00000000 x29:0x012e7200  x7=0x012e7200
      172845000	     17185	8000a43a	611a4c93	xori	x25,x20,1553	 x20:0xffffffff x25=0xfffff9ee
      172855000	     17186	8000a43e	df418f93	addi	x31,x3,-524	  x3:0x00000000 x31=0xfffffdf4
      172865000	     17187	8000a442	0e95	c.addi	x29,5	 x29:0x012e7200 x29=0x012e7205
      172875000	     17188	8000a444	8c93bc37	lui	x24,0x8c93b	 x24=0x8c93b000
      172885000	     17189	8000a448	03b88a17	auipc	x20,0x3b88	 x20=0x83b92448
      172895000	     17190	8000a44c	cc698093	addi	x1,x19,-826	 x19:0x00000369  x1=0x0000002f
      172905000	     17191	8000a450	0ff0000f	fence	iorw,iorw	
      172915000	     17192	8000a454	01882833	slt	x16,x16,x24	 x16:0x185bfe60 x24:0x8c93b000 x16=0x00000000
      172925000	     17193	8000a458	0463c163	blt	x7,x6,8000a49a	  x7:0x012e7200  x6:0x00000000
      172935000	     17194	8000a45c	6edd	c.lui	x29,0x17	 x29=0x00017000
      172945000	     17195	8000a45e	018507b3	add	x15,x10,x24	 x10:0x00000001 x24:0x8c93b000 x15=0x8c93b001
      172955000	     17196	8000a462	01590833	add	x16,x18,x21	 x18:0x807f7de4 x21:0x00000000 x16=0x807f7de4
      172965000	     17197	8000a466	6929	c.lui	x18,0xa	 x18=0x0000a000
      172975000	     17198	8000a468	98fd	c.andi	x9,-1	  x9:0x00000000  x9=0x00000000
      172985000	     17199	8000a46a	8dd9	c.or	x11,x14	 x11:0x0000000c x14:0x80025ce4 x11=0x80025cec
      172995000	     17200	8000a46c	0001	c.addi	x0,0	  x0:0x00000000  x0=0x00000000
      173005000	     17201	8000a46e	019edf93	srli	x31,x29,0x19	 x29:0x00017000 x31=0x00000000
      173015000	     17202	8000a472	01172233	slt	x4,x14,x17	 x14:0x80025ce4 x17:0x00000000  x4=0x00000001
      173025000	     17203	8000a476	01d3c463	blt	x7,x29,8000a47e	  x7:0x012e7200 x29:0x00017000
      173035000	     17204	8000a47a	0127b033	sltu	x0,x15,x18	 x15:0x8c93b001 x18:0x0000a000  x0=0x00000000
      173045000	     17205	8000a47e	0ff0000f	fence	iorw,iorw	
      173055000	     17206	8000a482	18fd	c.addi	x17,-1	 x17:0x00000000 x17=0xffffffff
      173065000	     17207	8000a484	4de1	c.li	x27,24	 x27=0x00000018
      173105000	     17211	8000a486	039e27b3	mulhsu	x15,x28,x25	 x28:0x00000000 x25:0xfffff9ee x15=0x00000000
      173115000	     17212	8000a48a	407c0333	sub	x6,x24,x7	 x24:0x8c93b000  x7:0x012e7200  x6=0x8b653e00
      173135000	     17214	8000a48e	023779b3	remu	x19,x14,x3	 x14:0x80025ce4  x3:0x00000000 x19=0x80025ce4
      173145000	     17215	8000a492	000eb4b3	sltu	x9,x29,x0	 x29:0x00017000  x0:0x00000000  x9=0x00000000
      173165000	     17217	8000a496	02fa4a33	div	x20,x20,x15	 x20:0x83b92448 x15:0x00000000 x20=0xffffffff
      173175000	     17218	8000a49a	0001	c.addi	x0,0	  x0:0x00000000  x0=0x00000000
      173185000	     17219	8000a49c	41e08233	sub	x4,x1,x30	  x1:0x0000002f x30:0xffffffff  x4=0x00000030
      173195000	     17220	8000a4a0	0e6fb317	auipc	x6,0xe6fb	  x6=0x8e7054a0
      173235000	     17224	8000a4a4	02dc1533	mulh	x10,x24,x13	 x24:0x8c93b000 x13:0x0002e2fd x10=0xfffeb2cf
      173245000	     17225	8000a4a8	01e0d4b3	srl	x9,x1,x30	  x1:0x0000002f x30:0xffffffff  x9=0x00000000
      173255000	     17226	8000a4ac	e10d	c.bnez	x10,8000a4ce	 x10:0xfffeb2cf
      173275000	     17228	8000a4ce	98fd	c.andi	x9,-1	  x9:0x00000000  x9=0x00000000
      173285000	     17229	8000a4d0	032a7c63	bgeu	x20,x18,8000a508	 x20:0xffffffff x18:0x0000a000
      173305000	     17231	8000a508	0000100f	fence.i	
      173325000	     17233	8000a50c	8fc1	c.or	x15,x8	 x15:0x00000000  x8:0x000c2dff x15=0x000c2dff
      173335000	     17234	8000a50e	03fe0263	beq	x28,x31,8000a532	 x28:0x00000000 x31:0x00000000
      173365000	     17237	8000a532	005277b3	and	x15,x4,x5	  x4:0x00000030  x5:0x00000000 x15=0x00000000
      173375000	     17238	8000a536	01846db3	or	x27,x8,x24	  x8:0x000c2dff x24:0x8c93b000 x27=0x8c9fbdff
      173385000	     17239	8000a53a	ecd346b7	lui	x13,0xecd34	 x13=0xecd34000
      173395000	     17240	8000a53e	0077d013	srli	x0,x15,0x7	 x15:0x00000000  x0=0x00000000
      173405000	     17241	8000a542	97eb0793	addi	x15,x22,-1666	 x22:0x00000000 x15=0xfffff97e
      173415000	     17242	8000a546	00f2fe33	and	x28,x5,x15	  x5:0x00000000 x15:0xfffff97e x28=0x00000000
      173425000	     17243	8000a54a	7e8b6813	ori	x16,x22,2024	 x22:0x00000000 x16=0x000007e8
      173435000	     17244	8000a54e	858d	c.srai	x11,0x3	 x11:0x80025cec x11=0xf0004b9d
      173445000	     17245	8000a550	0e2e	c.slli	x28,0xb	 x28:0x00000000 x28=0x00000000
      173455000	     17246	8000a552	02125563	bge	x4,x1,8000a57c	  x4:0x00000030  x1:0x0000002f
      173475000	     17248	8000a57c	01c79363	bne	x15,x28,8000a582	 x15:0xfffff97e x28:0x00000000
      173495000	     17250	8000a582	5f7d	c.li	x30,-1	 x30=0xffffffff
      173505000	     17251	8000a584	987d	c.andi	x8,-1	  x8:0x000c2dff  x8=0x000c2dff
      173515000	     17252	8000a586	80e9	c.srli	x9,0x1a	  x9:0x00000000  x9=0x00000000
      173525000	     17253	8000a588	0dee	c.slli	x27,0x1b	 x27:0x8c9fbdff x27=0xf8000000
      173535000	     17254	8000a58a	6f71	c.lui	x30,0x1c	 x30=0x0001c000
      173545000	     17255	8000a58c	0ff0000f	fence	iorw,iorw	
      173555000	     17256	8000a590	00787433	and	x8,x16,x7	 x16:0x000007e8  x7:0x012e7200  x8=0x00000200
      173565000	     17257	8000a594	cec9c913	xori	x18,x19,-788	 x19:0x80025ce4 x18=0x7ffda008
      173585000	     17259	8000a598	025ffeb3	remu	x29,x31,x5	 x31:0x00000000  x5:0x00000000 x29=0x00000000
      173595000	     17260	8000a59c	00dc8533	add	x10,x25,x13	 x25:0xfffff9ee x13:0xecd34000 x10=0xecd339ee
      173635000	     17264	8000a5a0	037b2a33	mulhsu	x20,x22,x23	 x22:0x00000000 x23:0xf6c900c9 x20=0x00000000
      173645000	     17265	8000a5a4	c19d	c.beqz	x11,8000a5ca	 x11:0xf0004b9d
      173655000	     17266	8000a5a6	013a7433	and	x8,x20,x19	 x20:0x00000000 x19:0x80025ce4  x8=0x00000000
      173665000	     17267	8000a5aa	4209fc97	auipc	x25,0x4209f	 x25=0xc20a95aa
      173675000	     17268	8000a5ae	0046d813	srli	x16,x13,0x4	 x13:0xecd34000 x16=0x0ecd3400
      173685000	     17269	8000a5b2	6f395217	auipc	x4,0x6f395	  x4=0xef39f5b2
      173695000	     17270	8000a5b6	c599	c.beqz	x11,8000a5c4	 x11:0xf0004b9d
      173705000	     17271	8000a5b8	032e	c.slli	x6,0xb	  x6:0x8e7054a0  x6=0x82a50000
      173715000	     17272	8000a5ba	0000100f	fence.i	
      173775000	     17278	8000a5be	03bd37b3	mulhu	x15,x26,x27	 x26:0xfffffc96 x27:0xf8000000 x15=0xf7fffcb1
      173785000	     17279	8000a5c2	82b2	c.mv	x5,x12	  x0:0x00000000 x12:0x80021e58  x5=0x80021e58
      174155000	     17316	8000a5c4	0220ff33	remu	x30,x1,x2	  x1:0x0000002f  x2:0xf5e39895 x30=0x0000002f
      174165000	     17317	8000a5c8	e011	c.bnez	x8,8000a5cc	  x8:0x00000000
      174175000	     17318	8000a5ca	8fdd	c.or	x15,x15	 x15:0xf7fffcb1 x15:0xf7fffcb1 x15=0xf7fffcb1
      174185000	     17319	8000a5cc	00a5b7b3	sltu	x15,x11,x10	 x11:0xf0004b9d x10:0xecd339ee x15=0x00000000
      174195000	     17320	8000a5d0	0432	c.slli	x8,0xc	  x8:0x00000000  x8=0x00000000
      174205000	     17321	8000a5d2	45a1cd13	xori	x26,x3,1114	  x3:0x00000000 x26=0x0000045a
      174215000	     17322	8000a5d6	41bc08b3	sub	x17,x24,x27	 x24:0x8c93b000 x27:0xf8000000 x17=0x9493b000
      174225000	     17323	8000a5da	13a5c513	xori	x10,x11,314	 x11:0xf0004b9d x10=0xf0004aa7
      174235000	     17324	8000a5de	01f5d2b3	srl	x5,x11,x31	 x11:0xf0004b9d x31:0x00000000  x5=0xf0004b9d
      174245000	     17325	8000a5e2	0164e6b3	or	x13,x9,x22	  x9:0x00000000 x22:0x00000000 x13=0x00000000
      174255000	     17326	8000a5e6	8e89	c.sub	x13,x10	 x13:0x00000000 x10:0xf0004aa7 x13=0x0fffb559
      174265000	     17327	8000a5e8	023ded63	bltu	x27,x3,8000a622	 x27:0xf8000000  x3:0x00000000
      174275000	     17328	8000a5ec	49c9	c.li	x19,18	 x19=0x00000012
      174285000	     17329	8000a5ee	8fd5	c.or	x15,x13	 x15:0x00000000 x13:0x0fffb559 x15=0x0fffb559
      174295000	     17330	8000a5f0	4cd09917	auipc	x18,0x4cd09	 x18=0xccd135f0
      174305000	     17331	8000a5f4	1b140b13	addi	x22,x8,433	  x8:0x00000000 x22=0x000001b1
      174315000	     17332	8000a5f8	00ee4233	xor	x4,x28,x14	 x28:0x00000000 x14:0x80025ce4  x4=0x80025ce4
      174345000	     17335	8000a5fc	02a00f33	mul	x30,x0,x10	  x0:0x00000000 x10:0xf0004aa7 x30=0x00000000
      174355000	     17336	8000a600	405883b3	sub	x7,x17,x5	 x17:0x9493b000  x5:0xf0004b9d  x7=0xa4936463
      174365000	     17337	8000a604	01f8fc33	and	x24,x17,x31	 x17:0x9493b000 x31:0x00000000 x24=0x00000000
      174375000	     17338	8000a608	89c5	c.andi	x11,17	 x11:0xf0004b9d x11=0x00000011
      174385000	     17339	8000a60a	7f2fc513	xori	x10,x31,2034	 x31:0x00000000 x10=0x000007f2
      174755000	     17376	8000a60e	02c5e8b3	rem	x17,x11,x12	 x11:0x00000011 x12:0x80021e58 x17=0x00000011
      174765000	     17377	8000a612	4148dab3	sra	x21,x17,x20	 x17:0x00000011 x20:0x00000000 x21=0x00000011
      174775000	     17378	8000a616	a54fb193	sltiu	x3,x31,-1452	 x31:0x00000000  x3=0x00000001
      174785000	     17379	8000a61a	01a7d5b3	srl	x11,x15,x26	 x15:0x0fffb559 x26:0x0000045a x11=0x00000003
      175155000	     17416	8000a61e	0210c3b3	div	x7,x1,x1	  x1:0x0000002f  x1:0x0000002f  x7=0x00000001
      175165000	     17417	8000a622	82d5	c.srli	x13,0x15	 x13:0x0fffb559 x13=0x0000007f
      175175000	     17418	8000a624	007830b3	sltu	x1,x16,x7	 x16:0x0ecd3400  x7:0x00000001  x1=0x00000000
      175185000	     17419	8000a628	6f198393	addi	x7,x19,1777	 x19:0x00000012  x7=0x00000703
      175195000	     17420	8000a62c	01a81533	sll	x10,x16,x26	 x16:0x0ecd3400 x26:0x0000045a x10=0x00000000
      175205000	     17421	8000a630	6fe1	c.lui	x31,0x18	 x31=0x00018000
      175215000	     17422	8000a632	cb8d	c.beqz	x15,8000a664	 x15:0x0fffb559
      175255000	     17426	8000a634	027f90b3	mulh	x1,x31,x7	 x31:0x00018000  x7:0x00000703  x1=0x00000000
      175265000	     17427	8000a638	03ea6493	ori	x9,x20,62	 x20:0x00000000  x9=0x0000003e
      175275000	     17428	8000a63c	d36ec313	xori	x6,x29,-714	 x29:0x00000000  x6=0xfffffd36
      175645000	     17465	8000a640	0235e7b3	rem	x15,x11,x3	 x11:0x00000003  x3:0x00000001 x15=0x00000000
      175655000	     17466	8000a644	8de9	c.and	x11,x10	 x11:0x00000003 x10:0x00000000 x11=0x00000000
      175665000	     17467	8000a646	5a7d	c.li	x20,-1	 x20=0xffffffff
      175675000	     17468	8000a648	03388f63	beq	x17,x19,8000a686	 x17:0x00000011 x19:0x00000012
      175715000	     17472	8000a64c	039b2233	mulhsu	x4,x22,x25	 x22:0x000001b1 x25:0xc20a95aa  x4=0x00000148
      175725000	     17473	8000a650	17f84213	xori	x4,x16,383	 x16:0x0ecd3400  x4=0x0ecd357f
      176095000	     17510	8000a654	022df3b3	remu	x7,x27,x2	 x27:0xf8000000  x2:0xf5e39895  x7=0x021c676b
      176105000	     17511	8000a658	41aad5b3	sra	x11,x21,x26	 x21:0x00000011 x26:0x0000045a x11=0x00000000
      176115000	     17512	8000a65c	02896263	bltu	x18,x8,8000a680	 x18:0xccd135f0  x8:0x00000000
      176125000	     17513	8000a660	02ca6363	bltu	x20,x12,8000a686	 x20:0xffffffff x12:0x80021e58
      176135000	     17514	8000a664	99fd	c.andi	x11,-1	 x11:0x00000000 x11=0x00000000
      176145000	     17515	8000a666	00c108b3	add	x17,x2,x12	  x2:0xf5e39895 x12:0x80021e58 x17=0x75e5b6ed
      176155000	     17516	8000a66a	8a12	c.mv	x20,x4	  x0:0x00000000  x4:0x0ecd357f x20=0x0ecd357f
      176165000	     17517	8000a66c	94c6	c.add	x9,x17	  x9:0x0000003e x17:0x75e5b6ed  x9=0x75e5b72b
      176175000	     17518	8000a66e	0ff0000f	fence	iorw,iorw	
      176185000	     17519	8000a672	81cd	c.srli	x11,0x13	 x11:0x00000000 x11=0x00000000
      176195000	     17520	8000a674	6c11	c.lui	x24,0x4	 x24=0x00004000
      176205000	     17521	8000a676	428d	c.li	x5,3	  x5=0x00000003
      176215000	     17522	8000a678	00ebfeb3	and	x29,x23,x14	 x23:0xf6c900c9 x14:0x80025ce4 x29=0x800000c0
      176225000	     17523	8000a67c	7794ba93	sltiu	x21,x9,1913	  x9:0x75e5b72b x21=0x00000000
      176235000	     17524	8000a680	f50268b7	lui	x17,0xf5026	 x17=0xf5026000
      176245000	     17525	8000a684	8466	c.mv	x8,x25	  x0:0x00000000 x25:0xc20a95aa  x8=0xc20a95aa
      176255000	     17526	8000a686	885a	c.mv	x16,x22	  x0:0x00000000 x22:0x000001b1 x16=0x000001b1
      176265000	     17527	8000a688	0028aa33	slt	x20,x17,x2	 x17:0xf5026000  x2:0xf5e39895 x20=0x00000001
      176275000	     17528	8000a68c	0001	c.addi	x0,0	  x0:0x00000000  x0=0x00000000
      176285000	     17529	8000a68e	86b5	c.srai	x13,0xd	 x13:0x0000007f x13=0x00000000
      176295000	     17530	8000a690	85ed	c.srai	x11,0x1b	 x11:0x00000000 x11=0x00000000
      176305000	     17531	8000a692	00ddb0b3	sltu	x1,x27,x13	 x27:0xf8000000 x13:0x00000000  x1=0x00000000
      176335000	     17534	8000a696	038e05b3	mul	x11,x28,x24	 x28:0x00000000 x24:0x00004000 x11=0x00000000
      176375000	     17538	8000a69a	03551fb3	mulh	x31,x10,x21	 x10:0x00000000 x21:0x00000000 x31=0x00000000
      176385000	     17539	8000a69e	03c78263	beq	x15,x28,8000a6c2	 x15:0x00000000 x28:0x00000000
      176405000	     17541	8000a6c2	8de5	c.and	x11,x9	 x11:0x00000000  x9:0x75e5b72b x11=0x00000000
      176415000	     17542	8000a6c4	8cd2	c.mv	x25,x20	  x0:0x00000000 x20:0x00000001 x25=0x00000001
      176425000	     17543	8000a6c6	8f36	c.mv	x30,x13	  x0:0x00000000 x13:0x00000000 x30=0x00000000
      176455000	     17546	8000a6c8	02540d33	mul	x26,x8,x5	  x8:0xc20a95aa  x5:0x00000003 x26=0x461fc0fe
      176465000	     17547	8000a6cc	80b9	c.srli	x9,0xe	  x9:0x75e5b72b  x9=0x0001d796
      176475000	     17548	8000a6ce	84dd	c.srai	x9,0x17	  x9:0x0001d796  x9=0x00000000
      176485000	     17549	8000a6d0	235fa293	slti	x5,x31,565	 x31:0x00000000  x5=0x00000001
      176495000	     17550	8000a6d4	6835	c.lui	x16,0xd	 x16=0x0000d000
      176505000	     17551	8000a6d6	01a3a933	slt	x18,x7,x26	  x7:0x021c676b x26:0x461fc0fe x18=0x00000001
      176515000	     17552	8000a6da	8c49	c.or	x8,x10	  x8:0xc20a95aa x10:0x00000000  x8=0xc20a95aa
      176525000	     17553	8000a6dc	40b2d333	sra	x6,x5,x11	  x5:0x00000001 x11:0x00000000  x6=0x00000001
      176565000	     17557	8000a6e0	031db833	mulhu	x16,x27,x17	 x27:0xf8000000 x17:0xf5026000 x16=0xed5a4d00
      176575000	     17558	8000a6e4	e115	c.bnez	x10,8000a708	 x10:0x00000000
      176585000	     17559	8000a6e6	84e6	c.mv	x9,x25	  x0:0x00000000 x25:0x00000001  x9=0x00000001
      176595000	     17560	8000a6e8	02254063	blt	x10,x2,8000a708	 x10:0x00000000  x2:0xf5e39895
      176635000	     17564	8000a6ec	02281bb3	mulh	x23,x16,x2	 x16:0xed5a4d00  x2:0xf5e39895 x23=0x00bc8aa6
      176645000	     17565	8000a6f0	00aa4263	blt	x20,x10,8000a6f4	 x20:0x00000001 x10:0x00000000
      176655000	     17566	8000a6f4	8cad	c.xor	x9,x11	  x9:0x00000001 x11:0x00000000  x9=0x00000001
      176665000	     17567	8000a6f6	ce89	c.beqz	x13,8000a710	 x13:0x00000000
      176685000	     17569	8000a710	41e40e33	sub	x28,x8,x30	  x8:0xc20a95aa x30:0x00000000 x28=0xc20a95aa
      176695000	     17570	8000a714	6e35	c.lui	x28,0xd	 x28=0x0000d000
      176735000	     17574	8000a716	02bf37b3	mulhu	x15,x30,x11	 x30:0x00000000 x11:0x00000000 x15=0x00000000
      176745000	     17575	8000a71a	0133bbb3	sltu	x23,x7,x19	  x7:0x021c676b x19:0x00000012 x23=0x00000000
      176755000	     17576	8000a71e	01ea	c.slli	x3,0x1a	  x3:0x00000001  x3=0x04000000
      176765000	     17577	8000a720	c595	c.beqz	x11,8000a74c	 x11:0x00000000
      176785000	     17579	8000a74c	01b0db63	bge	x1,x27,8000a762	  x1:0x00000000 x27:0xf8000000
      176815000	     17582	8000a762	40415e33	sra	x28,x2,x4	  x2:0xf5e39895  x4:0x0ecd357f x28=0xffffffff
      176835000	     17584	8000a766	0358c0b3	div	x1,x17,x21	 x17:0xf5026000 x21:0x00000000  x1=0xffffffff
      176845000	     17585	8000a76a	0000100f	fence.i	
      176865000	     17587	8000a76e	84da	c.mv	x9,x22	  x0:0x00000000 x22:0x000001b1  x9=0x000001b1
      176875000	     17588	8000a770	306ec993	xori	x19,x29,774	 x29:0x800000c0 x19=0x800003c6
      176885000	     17589	8000a774	02585663	bge	x16,x5,8000a7a0	 x16:0xed5a4d00  x5:0x00000001
      176895000	     17590	8000a778	0ff0000f	fence	iorw,iorw	
      176935000	     17594	8000a77c	02839d33	mulh	x26,x7,x8	  x7:0x021c676b  x8:0xc20a95aa x26=0xff7d354c
      176945000	     17595	8000a780	009515b3	sll	x11,x10,x9	 x10:0x00000000  x9:0x000001b1 x11=0x00000000
      177315000	     17632	8000a784	027bda33	divu	x20,x23,x7	 x23:0x00000000  x7:0x021c676b x20=0x00000000
      177325000	     17633	8000a788	08145917	auipc	x18,0x8145	 x18=0x8814f788
      177335000	     17634	8000a78c	c950c293	xori	x5,x1,-875	  x1:0xffffffff  x5=0x0000036a
      177345000	     17635	8000a790	46099197	auipc	x3,0x46099	  x3=0xc60a3790
      177355000	     17636	8000a794	8061	c.srli	x8,0x18	  x8:0xc20a95aa  x8=0x000000c2
      177365000	     17637	8000a796	684b8d93	addi	x27,x23,1668	 x23:0x00000000 x27=0x00000684
      177375000	     17638	8000a79a	0ff0000f	fence	iorw,iorw	
      177385000	     17639	8000a79e	8555	c.srai	x10,0x15	 x10:0x00000000 x10=0x00000000
      177395000	     17640	8000a7a0	c2b7ea93	ori	x21,x15,-981	 x15:0x00000000 x21=0xfffffc2b
      177405000	     17641	8000a7a4	00217263	bgeu	x2,x2,8000a7a8	  x2:0xf5e39895  x2:0xf5e39895
      177425000	     17643	8000a7a8	03c6	c.slli	x7,0x11	  x7:0x021c676b  x7=0xced60000
      177465000	     17647	8000a7aa	033dbe33	mulhu	x28,x27,x19	 x27:0x00000684 x19:0x800003c6 x28=0x00000342
      177475000	     17648	8000a7ae	00815293	srli	x5,x2,0x8	  x2:0xf5e39895  x5=0x00f5e398
      177485000	     17649	8000a7b2	0132d213	srli	x4,x5,0x13	  x5:0x00f5e398  x4=0x0000001e
      177495000	     17650	8000a7b6	0b7e	c.slli	x22,0x1f	 x22:0x000001b1 x22=0x80000000
      177505000	     17651	8000a7b8	0000100f	fence.i	
      177525000	     17653	8000a7bc	97db6a13	ori	x20,x22,-1667	 x22:0x80000000 x20=0xfffff97d
      177535000	     17654	8000a7c0	50642d13	slti	x26,x8,1286	  x8:0x000000c2 x26=0x00000001
      177545000	     17655	8000a7c4	03a2f263	bgeu	x5,x26,8000a7e8	  x5:0x00f5e398 x26:0x00000001
      177565000	     17657	8000a7e8	408756b3	sra	x13,x14,x8	 x14:0x80025ce4  x8:0x000000c2 x13=0xe0009739
      177605000	     17661	8000a7ec	033b2eb3	mulhsu	x29,x22,x19	 x22:0x80000000 x19:0x800003c6 x29=0xbffffe1d
      177615000	     17662	8000a7f0	0176d893	srli	x17,x13,0x17	 x13:0xe0009739 x17=0x000001c0
      177625000	     17663	8000a7f4	007c86b3	add	x13,x25,x7	 x25:0x00000001  x7:0xced60000 x13=0xced60001
      177635000	     17664	8000a7f8	81b5	c.srli	x11,0xd	 x11:0x00000000 x11=0x00000000
      177675000	     17668	8000a7fa	024f1933	mulh	x18,x30,x4	 x30:0x00000000  x4:0x0000001e x18=0x00000000
      177685000	     17669	8000a7fe	8d01	c.sub	x10,x8	 x10:0x00000000  x8:0x000000c2 x10=0xffffff3e
      177695000	     17670	8000a800	1d7d	c.addi	x26,-1	 x26:0x00000001 x26=0x00000000
      177705000	     17671	8000a802	99fd	c.andi	x11,-1	 x11:0x00000000 x11=0x00000000
      177715000	     17672	8000a804	01e35d93	srli	x27,x6,0x1e	  x6:0x00000001 x27=0x00000000
      177725000	     17673	8000a808	0055c463	blt	x11,x5,8000a810	 x11:0x00000000  x5:0x00f5e398
      177755000	     17676	8000a810	03e14c33	div	x24,x2,x30	  x2:0xf5e39895 x30:0x00000000 x24=0xffffffff
      177775000	     17678	8000a814	03ecc1b3	div	x3,x25,x30	 x25:0x00000001 x30:0x00000000  x3=0xffffffff
      177785000	     17679	8000a818	9c76	c.add	x24,x29	 x24:0xffffffff x29:0xbffffe1d x24=0xbffffe1c
      177795000	     17680	8000a81a	0046f5b3	and	x11,x13,x4	 x13:0xced60001  x4:0x0000001e x11=0x00000000
      177805000	     17681	8000a81e	41eb0933	sub	x18,x22,x30	 x22:0x80000000 x30:0x00000000 x18=0x80000000
      177815000	     17682	8000a822	fa57f813	andi	x16,x15,-91	 x15:0x00000000 x16=0x00000000
      177825000	     17683	8000a826	9ae6	c.add	x21,x25	 x21:0xfffffc2b x25:0x00000001 x21=0xfffffc2c
      177865000	     17687	8000a828	02791db3	mulh	x27,x18,x7	 x18:0x80000000  x7:0xced60000 x27=0x18950000
      177875000	     17688	8000a82c	2e9f3917	auipc	x18,0x2e9f3	 x18=0xae9fd82c
      177885000	     17689	8000a830	a0af1017	auipc	x0,0xa0af1	  x0=0x00000000
      177895000	     17690	8000a834	01b80d33	add	x26,x16,x27	 x16:0x00000000 x27:0x18950000 x26=0x18950000
      177905000	     17691	8000a838	8d61	c.and	x10,x8	 x10:0xffffff3e  x8:0x000000c2 x10=0x00000002
      178275000	     17728	8000a83a	0276f1b3	remu	x3,x13,x7	 x13:0xced60001  x7:0xced60000  x3=0x00000001
      178285000	     17729	8000a83e	047a	c.slli	x8,0x1e	  x8:0x000000c2  x8=0x80000000
      178295000	     17730	8000a840	8cd2	c.mv	x25,x20	  x0:0x00000000 x20:0xfffff97d x25=0xfffff97d
      178325000	     17733	8000a842	037604b3	mul	x9,x12,x23	 x12:0x80021e58 x23:0x00000000  x9=0x00000000
      178335000	     17734	8000a846	00d55b93	srli	x23,x10,0xd	 x10:0x00000002 x23=0x00000000
      178345000	     17735	8000a84a	00849933	sll	x18,x9,x8	  x9:0x00000000  x8:0x80000000 x18=0x00000000
      178355000	     17736	8000a84e	00595563	bge	x18,x5,8000a858	 x18:0x00000000  x5:0x00f5e398
      178365000	     17737	8000a852	8df9	c.and	x11,x14	 x11:0x00000000 x14:0x80025ce4 x11=0x00000000
      178375000	     17738	8000a854	013147b3	xor	x15,x2,x19	  x2:0xf5e39895 x19:0x800003c6 x15=0x75e39b53
      178385000	     17739	8000a858	01794f33	xor	x30,x18,x23	 x18:0x00000000 x23:0x00000000 x30=0x00000000
      178755000	     17776	8000a85c	02a94d33	div	x26,x18,x10	 x18:0x00000000 x10:0x00000002 x26=0x00000000
      178775000	     17778	8000a860	0379c5b3	div	x11,x19,x23	 x19:0x800003c6 x23:0x00000000 x11=0xffffffff
      178785000	     17779	8000a864	e911	c.bnez	x10,8000a878	 x10:0x00000002
      178805000	     17781	8000a878	004b1463	bne	x22,x4,8000a880	 x22:0x80000000  x4:0x0000001e
      178825000	     17783	8000a880	c085	c.beqz	x9,8000a8a0	  x9:0x00000000
      178845000	     17785	8000a8a0	c009	c.beqz	x8,8000a8a2	  x8:0x80000000
      178855000	     17786	8000a8a2	764b4f93	xori	x31,x22,1892	 x22:0x80000000 x31=0x80000764
      178865000	     17787	8000a8a6	8cfd	c.and	x9,x15	  x9:0x00000000 x15:0x75e39b53  x9=0x00000000
      178875000	     17788	8000a8a8	01d01fb3	sll	x31,x0,x29	  x0:0x00000000 x29:0xbffffe1d x31=0x00000000
      178885000	     17789	8000a8ac	026cd563	bge	x25,x6,8000a8d6	 x25:0xfffff97d  x6:0x00000001
      178895000	     17790	8000a8b0	8025	c.srli	x8,0x9	  x8:0x80000000  x8=0x00400000
      178905000	     17791	8000a8b2	69b1	c.lui	x19,0xc	 x19=0x0000c000
      179275000	     17828	8000a8b4	02585233	divu	x4,x16,x5	 x16:0x00000000  x5:0x00f5e398  x4=0x00000000
      179285000	     17829	8000a8b8	015f9533	sll	x10,x31,x21	 x31:0x00000000 x21:0xfffffc2c x10=0x00000000
      179655000	     17866	8000a8bc	0344d9b3	divu	x19,x9,x20	  x9:0x00000000 x20:0xfffff97d x19=0x00000000
      179665000	     17867	8000a8c0	e8932837	lui	x16,0xe8932	 x16=0xe8932000
      179675000	     17868	8000a8c4	41ccdbb3	sra	x23,x25,x28	 x25:0xfffff97d x28:0x00000342 x23=0xfffffe5f
      179685000	     17869	8000a8c8	0234e363	bltu	x9,x3,8000a8ee	  x9:0x00000000  x3:0x00000001
      179715000	     17872	8000a8ee	00815263	bge	x2,x8,8000a8f2	  x2:0xf5e39895  x8:0x00400000
      179755000	     17876	8000a8f2	03e2aeb3	mulhsu	x29,x5,x30	  x5:0x00f5e398 x30:0x00000000 x29=0x00000000
      179795000	     17880	8000a8f6	021120b3	mulhsu	x1,x2,x1	  x2:0xf5e39895  x1:0xffffffff  x1=0xf5e39895
      179835000	     17884	8000a8fa	02dfabb3	mulhsu	x23,x31,x13	 x31:0x00000000 x13:0xced60001 x23=0x00000000
      179845000	     17885	8000a8fe	537d	c.li	x6,-1	  x6=0xffffffff
      179855000	     17886	8000a900	006a14b3	sll	x9,x20,x6	 x20:0xfffff97d  x6:0xffffffff  x9=0x80000000
      179865000	     17887	8000a904	4f102013	slti	x0,x0,1265	  x0:0x00000000  x0=0x00000000
      179895000	     17890	8000a908	038982b3	mul	x5,x19,x24	 x19:0x00000000 x24:0xbffffe1c  x5=0x00000000
      179905000	     17891	8000a90c	0159cf63	blt	x19,x21,8000a92a	 x19:0x00000000 x21:0xfffffc2c
      179915000	     17892	8000a910	9d72	c.add	x26,x28	 x26:0x00000000 x28:0x00000342 x26=0x00000342
      179955000	     17896	8000a912	027c96b3	mulh	x13,x25,x7	 x25:0xfffff97d  x7:0xced60000 x13=0x00000140
      179965000	     17897	8000a916	016220b3	slt	x1,x4,x22	  x4:0x00000000 x22:0x80000000  x1=0x00000000
      179975000	     17898	8000a91a	8df1	c.and	x11,x12	 x11:0xffffffff x12:0x80021e58 x11=0x80021e58
      179985000	     17899	8000a91c	02ef7063	bgeu	x30,x14,8000a93c	 x30:0x00000000 x14:0x80025ce4
      179995000	     17900	8000a920	01c139b3	sltu	x19,x2,x28	  x2:0xf5e39895 x28:0x00000342 x19=0x00000000
      180365000	     17937	8000a924	02b1e4b3	rem	x9,x3,x11	  x3:0x00000001 x11:0x80021e58  x9=0x00000001
      180375000	     17938	8000a928	80f1	c.srli	x9,0x1c	  x9:0x00000001  x9=0x00000000
      180385000	     17939	8000a92a	46f07d93	andi	x27,x0,1135	  x0:0x00000000 x27=0x00000000
      180395000	     17940	8000a92e	0000100f	fence.i	
      180415000	     17942	8000a932	e495	c.bnez	x9,8000a95e	  x9:0x00000000
      180425000	     17943	8000a934	00d3dfb3	srl	x31,x7,x13	  x7:0xced60000 x13:0x00000140 x31=0xced60000
      180435000	     17944	8000a938	91bd4e93	xori	x29,x26,-1765	 x26:0x00000342 x29=0xfffffa59
      180445000	     17945	8000a93c	8ac1	c.andi	x13,16	 x13:0x00000140 x13=0x00000000
      180485000	     17949	8000a93e	026a9a33	mulh	x20,x21,x6	 x21:0xfffffc2c  x6:0xffffffff x20=0x00000000
      180495000	     17950	8000a942	01775463	bge	x14,x23,8000a94a	 x14:0x80025ce4 x23:0x00000000
      180505000	     17951	8000a946	019d0f63	beq	x26,x25,8000a964	 x26:0x00000342 x25:0xfffff97d
      180515000	     17952	8000a94a	0aa2	c.slli	x21,0x8	 x21:0xfffffc2c x21=0xfffc2c00
      180525000	     17953	8000a94c	00278433	add	x8,x15,x2	 x15:0x75e39b53  x2:0xf5e39895  x8=0x6bc733e8
      180535000	     17954	8000a950	4ca1	c.li	x25,8	 x25=0x00000008
      180545000	     17955	8000a952	01b5cc33	xor	x24,x11,x27	 x11:0x80021e58 x27:0x00000000 x24=0x80021e58
      180915000	     17992	8000a956	02857933	remu	x18,x10,x8	 x10:0x00000000  x8:0x6bc733e8 x18=0x00000000
      180925000	     17993	8000a95a	8389	c.srli	x15,0x2	 x15:0x75e39b53 x15=0x1d78e6d4
      180935000	     17994	8000a95c	0001	c.addi	x0,0	  x0:0x00000000  x0=0x00000000
      180945000	     17995	8000a95e	8815	c.andi	x8,5	  x8:0x6bc733e8  x8=0x00000000
      180985000	     17999	8000a960	03e7a233	mulhsu	x4,x15,x30	 x15:0x1d78e6d4 x30:0x00000000  x4=0x00000000
      180995000	     18000	8000a964	d8854b13	xori	x22,x10,-632	 x10:0x00000000 x22=0xfffffd88
      181005000	     18001	8000a968	00487463	bgeu	x16,x4,8000a970	 x16:0xe8932000  x4:0x00000000
      181025000	     18003	8000a970	00dd7ab3	and	x21,x26,x13	 x26:0x00000342 x13:0x00000000 x21=0x00000000
      181035000	     18004	8000a974	01ca6bb3	or	x23,x20,x28	 x20:0x00000000 x28:0x00000342 x23=0x00000342
      181045000	     18005	8000a978	8819	c.andi	x8,6	  x8:0x00000000  x8=0x00000000
      181085000	     18009	8000a97a	028c31b3	mulhu	x3,x24,x8	 x24:0x80021e58  x8:0x00000000  x3=0x00000000
      181095000	     18010	8000a97e	01990463	beq	x18,x25,8000a986	 x18:0x00000000 x25:0x00000008
      181105000	     18011	8000a982	46e5	c.li	x13,25	 x13=0x00000019
      181115000	     18012	8000a984	9afa	c.add	x21,x30	 x21:0x00000000 x30:0x00000000 x21=0x00000000
      181125000	     18013	8000a986	587d	c.li	x16,-1	 x16=0xffffffff
      181495000	     18050	8000a988	02cd4f33	div	x30,x26,x12	 x26:0x00000342 x12:0x80021e58 x30=0x00000000
      181505000	     18051	8000a98c	02ca7363	bgeu	x20,x12,8000a9b2	 x20:0x00000000 x12:0x80021e58
      181515000	     18052	8000a990	0001	c.addi	x0,0	  x0:0x00000000  x0=0x00000000
      181525000	     18053	8000a992	82f5	c.srli	x13,0x1d	 x13:0x00000019 x13=0x00000000
      181535000	     18054	8000a994	8eb5	c.xor	x13,x13	 x13:0x00000000 x13:0x00000000 x13=0x00000000
      181545000	     18055	8000a996	8c31	c.xor	x8,x12	  x8:0x00000000 x12:0x80021e58  x8=0x80021e58
      181555000	     18056	8000a998	030c7a63	bgeu	x24,x16,8000a9cc	 x24:0x80021e58 x16:0xffffffff
      181565000	     18057	8000a99c	0ff0000f	fence	iorw,iorw	
      181575000	     18058	8000a9a0	01a0b333	sltu	x6,x1,x26	  x1:0x00000000 x26:0x00000342  x6=0x00000001
      181585000	     18059	8000a9a4	cc69ec13	ori	x24,x19,-826	 x19:0x00000000 x24=0xfffffcc6
      181595000	     18060	8000a9a8	0001	c.addi	x0,0	  x0:0x00000000  x0=0x00000000
      181605000	     18061	8000a9aa	40a85513	srai	x10,x16,0xa	 x16:0xffffffff x10=0xffffffff
      181615000	     18062	8000a9ae	013bda93	srli	x21,x23,0x13	 x23:0x00000342 x21=0x00000000
      181625000	     18063	8000a9b2	02a06763	bltu	x0,x10,8000a9e0	  x0:0x00000000 x10:0xffffffff
      181645000	     18065	8000a9e0	9bfd	c.andi	x15,-1	 x15:0x1d78e6d4 x15=0x1d78e6d4
      181665000	     18067	8000a9e2	02587033	remu	x0,x16,x5	 x16:0xffffffff  x5:0x00000000  x0=0x00000000
      181675000	     18068	8000a9e6	4124df13	srai	x30,x9,0x12	  x9:0x00000000 x30=0x00000000
      181685000	     18069	8000a9ea	412f52b3	sra	x5,x30,x18	 x30:0x00000000 x18:0x00000000  x5=0x00000000
      181695000	     18070	8000a9ee	049d	c.addi	x9,7	  x9:0x00000000  x9=0x00000007
      181705000	     18071	8000a9f0	27597f13	andi	x30,x18,629	 x18:0x00000000 x30=0x00000000
      181715000	     18072	8000a9f4	8474c093	xori	x1,x9,-1977	  x9:0x00000007  x1=0xfffff840
      181735000	     18074	8000a9f8	03294433	div	x8,x18,x18	 x18:0x00000000 x18:0x00000000  x8=0xffffffff
      181745000	     18075	8000a9fc	00b31e93	slli	x29,x6,0xb	  x6:0x00000001 x29=0x00000800
      181755000	     18076	8000aa00	020c6863	bltu	x24,x0,8000aa30	 x24:0xfffffcc6  x0:0x00000000
      181765000	     18077	8000aa04	87f9	c.srai	x15,0x1e	 x15:0x1d78e6d4 x15=0x00000000
      181775000	     18078	8000aa06	c3a9	c.beqz	x15,8000aa48	 x15:0x00000000
      181795000	     18080	8000aa48	00e8ae33	slt	x28,x17,x14	 x17:0x000001c0 x14:0x80025ce4 x28=0x00000000
      181805000	     18081	8000aa4c	8d1d	c.sub	x10,x15	 x10:0xffffffff x15:0x00000000 x10=0xffffffff
      181815000	     18082	8000aa4e	e09d	c.bnez	x9,8000aa74	  x9:0x00000007
      181835000	     18084	8000aa74	01eea0b3	slt	x1,x29,x30	 x29:0x00000800 x30:0x00000000  x1=0x00000000
      181845000	     18085	8000aa78	b9dd8d13	addi	x26,x27,-1123	 x27:0x00000000 x26=0xfffffb9d
      181855000	     18086	8000aa7c	02919363	bne	x3,x9,8000aaa2	  x3:0x00000000  x9:0x00000007
      181875000	     18088	8000aaa2	99fd	c.andi	x11,-1	 x11:0x80021e58 x11=0x80021e58
      181885000	     18089	8000aaa4	0000100f	fence.i	
      181905000	     18091	8000aaa8	0001	c.addi	x0,0	  x0:0x00000000  x0=0x00000000
      181925000	     18093	8000aaaa	03596833	rem	x16,x18,x21	 x18:0x00000000 x21:0x00000000 x16=0x00000000
      181935000	     18094	8000aaae	4189db13	srai	x22,x19,0x18	 x19:0x00000000 x22=0x00000000
      181945000	     18095	8000aab2	0ff0000f	fence	iorw,iorw	
      181955000	     18096	8000aab6	007b0bb3	add	x23,x22,x7	 x22:0x00000000  x7:0xced60000 x23=0xced60000
      181995000	     18100	8000aaba	021214b3	mulh	x9,x4,x1	  x4:0x00000000  x1:0x00000000  x9=0x00000000
      182005000	     18101	8000aabe	0000100f	fence.i	
      182025000	     18103	8000aac2	80f6	c.mv	x1,x29	  x0:0x00000000 x29:0x00000800  x1=0x00000800
      182065000	     18107	8000aac4	03c11033	mulh	x0,x2,x28	  x2:0xf5e39895 x28:0x00000000  x0=0x00000000
      182075000	     18108	8000aac8	0001	c.addi	x0,0	  x0:0x00000000  x0=0x00000000
      182085000	     18109	8000aaca	01e69833	sll	x16,x13,x30	 x13:0x00000000 x30:0x00000000 x16=0x00000000
      182095000	     18110	8000aace	0076d463	bge	x13,x7,8000aad6	 x13:0x00000000  x7:0xced60000
      182125000	     18113	8000aad6	004017b3	sll	x15,x0,x4	  x0:0x00000000  x4:0x00000000 x15=0x00000000
      182135000	     18114	8000aada	00461313	slli	x6,x12,0x4	 x12:0x80021e58  x6=0x0021e580
      182145000	     18115	8000aade	9e8e	c.add	x29,x3	 x29:0x00000800  x3:0x00000000 x29=0x00000800
      182155000	     18116	8000aae0	01ecd0b3	srl	x1,x25,x30	 x25:0x00000008 x30:0x00000000  x1=0x00000008
      182175000	     18118	8000aae4	035cc6b3	div	x13,x25,x21	 x25:0x00000008 x21:0x00000000 x13=0xffffffff
      182185000	     18119	8000aae8	02736263	bltu	x6,x7,8000ab0c	  x6:0x0021e580  x7:0xced60000
      182235000	     18124	8000ab0c	02b33033	mulhu	x0,x6,x11	  x6:0x0021e580 x11:0x80021e58  x0=0x00000000
      182255000	     18126	8000ab10	02f4ecb3	rem	x25,x9,x15	  x9:0x00000000 x15:0x00000000 x25=0x00000000
      182265000	     18127	8000ab14	01759c13	slli	x24,x11,0x17	 x11:0x80021e58 x24=0x2c000000
      182275000	     18128	8000ab18	015fa333	slt	x6,x31,x21	 x31:0xced60000 x21:0x00000000  x6=0x00000001
      182285000	     18129	8000ab1c	0075f963	bgeu	x11,x7,8000ab2e	 x11:0x80021e58  x7:0xced60000
      182295000	     18130	8000ab20	2aac4237	lui	x4,0x2aac4	  x4=0x2aac4000
      182305000	     18131	8000ab24	0001	c.addi	x0,0	  x0:0x00000000  x0=0x00000000
      182675000	     18168	8000ab26	02abd7b3	divu	x15,x23,x10	 x23:0xced60000 x10:0xffffffff x15=0x00000000
      182685000	     18169	8000ab2a	008dc363	blt	x27,x8,8000ab30	 x27:0x00000000  x8:0xffffffff
      182695000	     18170	8000ab2e	8ee9	c.and	x13,x10	 x13:0xffffffff x10:0xffffffff x13=0xffffffff
      182705000	     18171	8000ab30	9c476693	ori	x13,x14,-1596	 x14:0x80025ce4 x13=0xfffffde4
      183075000	     18208	8000ab34	03dcd333	divu	x6,x25,x29	 x25:0x00000000 x29:0x00000800  x6=0x00000000
      183085000	     18209	8000ab38	03ff7463	bgeu	x30,x31,8000ab60	 x30:0x00000000 x31:0xced60000
      183095000	     18210	8000ab3c	c5300793	addi	x15,x0,-941	  x0:0x00000000 x15=0xfffffc53
      183105000	     18211	8000ab40	01b14033	xor	x0,x2,x27	  x2:0xf5e39895 x27:0x00000000  x0=0x00000000
      183115000	     18212	8000ab44	0001	c.addi	x0,0	  x0:0x00000000  x0=0x00000000
      183485000	     18249	8000ab46	03f066b3	rem	x13,x0,x31	  x0:0x00000000 x31:0xced60000 x13=0x00000000
      183495000	     18250	8000ab4a	48eee213	ori	x4,x29,1166	 x29:0x00000800  x4=0x00000c8e
      183505000	     18251	8000ab4e	87ad	c.srai	x15,0xb	 x15:0xfffffc53 x15=0xffffffff
      183515000	     18252	8000ab50	8d65	c.and	x10,x9	 x10:0xffffffff  x9:0x00000000 x10=0x00000000
      183525000	     18253	8000ab52	8fa9	c.xor	x15,x10	 x15:0xffffffff x10:0x00000000 x15=0xffffffff
      183535000	     18254	8000ab54	412d80b3	sub	x1,x27,x18	 x27:0x00000000 x18:0x00000000  x1=0x00000000
      183545000	     18255	8000ab58	e1714993	xori	x19,x2,-489	  x2:0xf5e39895 x19=0x0a1c6682
      183555000	     18256	8000ab5c	0ff0000f	fence	iorw,iorw	
      183565000	     18257	8000ab60	0001	c.addi	x0,0	  x0:0x00000000  x0=0x00000000
      183935000	     18294	8000ab62	02f27d33	remu	x26,x4,x15	  x4:0x00000c8e x15:0xffffffff x26=0x00000c8e
      183945000	     18295	8000ab66	8de9	c.and	x11,x10	 x11:0x80021e58 x10:0x00000000 x11=0x00000000
      183955000	     18296	8000ab68	00b120b3	slt	x1,x2,x11	  x2:0xf5e39895 x11:0x00000000  x1=0x00000001
      183965000	     18297	8000ab6c	0038d413	srli	x8,x17,0x3	 x17:0x000001c0  x8=0x00000038
      183975000	     18298	8000ab70	69cd	c.lui	x19,0x13	 x19=0x00013000
      183985000	     18299	8000ab72	197d	c.addi	x18,-1	 x18:0x00000000 x18=0xffffffff
      183995000	     18300	8000ab74	0aea	c.slli	x21,0x1a	 x21:0x00000000 x21=0x00000000
      184005000	     18301	8000ab76	0067d913	srli	x18,x15,0x6	 x15:0xffffffff x18=0x03ffffff
      184015000	     18302	8000ab7a	01bb0fb3	add	x31,x22,x27	 x22:0x00000000 x27:0x00000000 x31=0x00000000
      184035000	     18304	8000ab7e	02d1dc33	divu	x24,x3,x13	  x3:0x00000000 x13:0x00000000 x24=0xffffffff
      184045000	     18305	8000ab82	8eb9	c.xor	x13,x14	 x13:0x00000000 x14:0x80025ce4 x13=0x80025ce4
      184055000	     18306	8000ab84	03167463	bgeu	x12,x17,8000abac	 x12:0x80021e58 x17:0x000001c0
      184075000	     18308	8000abac	91fc8593	addi	x11,x25,-1761	 x25:0x00000000 x11=0xfffff91f
      184085000	     18309	8000abb0	8dd5	c.or	x11,x13	 x11:0xfffff91f x13:0x80025ce4 x11=0xfffffdff
      184095000	     18310	8000abb2	4409	c.li	x8,2	  x8=0x00000002
      184105000	     18311	8000abb4	019b4db3	xor	x27,x22,x25	 x22:0x00000000 x25:0x00000000 x27=0x00000000
      184145000	     18315	8000abb8	02ed1b33	mulh	x22,x26,x14	 x26:0x00000c8e x14:0x80025ce4 x22=0xfffff9b9
      184515000	     18352	8000abbc	02cf7233	remu	x4,x30,x12	 x30:0x00000000 x12:0x80021e58  x4=0x00000000
      184525000	     18353	8000abc0	92ba	c.add	x5,x14	  x5:0x00000000 x14:0x80025ce4  x5=0x80025ce4
      184535000	     18354	8000abc2	027d4263	blt	x26,x7,8000abe6	 x26:0x00000c8e  x7:0xced60000
      184545000	     18355	8000abc6	3002bd97	auipc	x27,0x3002b	 x27=0xb0035bc6
      184555000	     18356	8000abca	00457d33	and	x26,x10,x4	 x10:0x00000000  x4:0x00000000 x26=0x00000000
      184565000	     18357	8000abce	0001	c.addi	x0,0	  x0:0x00000000  x0=0x00000000
      184575000	     18358	8000abd0	0000100f	fence.i	
      184595000	     18360	8000abd4	c019	c.beqz	x8,8000abda	  x8:0x00000002
      184605000	     18361	8000abd6	3667cd93	xori	x27,x15,870	 x15:0xffffffff x27=0xfffffc99
      184615000	     18362	8000abda	01530f63	beq	x6,x21,8000abf8	  x6:0x00000000 x21:0x00000000
      184635000	     18364	8000abf8	803d	c.srli	x8,0xf	  x8:0x00000002  x8=0x00000000
      184645000	     18365	8000abfa	03979463	bne	x15,x25,8000ac22	 x15:0xffffffff x25:0x00000000
      184675000	     18368	8000ac22	afa82817	auipc	x16,0xafa82	 x16=0x2fa8cc22
      184685000	     18369	8000ac26	9b5a	c.add	x22,x22	 x22:0xfffff9b9 x22:0xfffff9b9 x22=0xfffff372
      184695000	     18370	8000ac28	08a5	c.addi	x17,9	 x17:0x000001c0 x17=0x000001c9
      184735000	     18374	8000ac2a	0343b5b3	mulhu	x11,x7,x20	  x7:0xced60000 x20:0x00000000 x11=0x00000000
      184745000	     18375	8000ac2e	81ed	c.srli	x11,0x1b	 x11:0x00000000 x11=0x00000000
      185115000	     18412	8000ac30	032f4333	div	x6,x30,x18	 x30:0x00000000 x18:0x03ffffff  x6=0x00000000
      185135000	     18414	8000ac34	03a4f933	remu	x18,x9,x26	  x9:0x00000000 x26:0x00000000 x18=0x00000000
      185155000	     18416	8000ac38	03f7eb33	rem	x22,x15,x31	 x15:0xffffffff x31:0x00000000 x22=0xffffffff
      185525000	     18453	8000ac3c	02fb60b3	rem	x1,x22,x15	 x22:0xffffffff x15:0xffffffff  x1=0x00000000
      185535000	     18454	8000ac40	0000100f	fence.i	
      185555000	     18456	8000ac44	850d	c.srai	x10,0x3	 x10:0x00000000 x10=0x00000000
      185565000	     18457	8000ac46	01385893	srli	x17,x16,0x13	 x16:0x2fa8cc22 x17=0x000005f5
      185575000	     18458	8000ac4a	45f1	c.li	x11,28	 x11=0x0000001c
      185585000	     18459	8000ac4c	44caac13	slti	x24,x21,1100	 x21:0x00000000 x24=0x00000001
      185955000	     18496	8000ac50	036d7333	remu	x6,x26,x22	 x26:0x00000000 x22:0xffffffff  x6=0x00000000
      185965000	     18497	8000ac54	087d	c.addi	x16,31	 x16:0x2fa8cc22 x16=0x2fa8cc41
      185985000	     18499	8000ac56	03fe50b3	divu	x1,x28,x31	 x28:0x00000000 x31:0x00000000  x1=0xffffffff
      185995000	     18500	8000ac5a	a9543c93	sltiu	x25,x8,-1387	  x8:0x00000000 x25=0x00000001
      186005000	     18501	8000ac5e	007a5b13	srli	x22,x20,0x7	 x20:0x00000000 x22=0x00000000
      186015000	     18502	8000ac62	8415	c.srai	x8,0x5	  x8:0x00000000  x8=0x00000000
      186025000	     18503	8000ac64	e7844913	xori	x18,x8,-392	  x8:0x00000000 x18=0xfffffe78
      186035000	     18504	8000ac68	02fc1363	bne	x24,x15,8000ac8e	 x24:0x00000001 x15:0xffffffff
      186065000	     18507	8000ac8e	0080dbb3	srl	x23,x1,x8	  x1:0xffffffff  x8:0x00000000 x23=0xffffffff
      186075000	     18508	8000ac92	0ff0000f	fence	iorw,iorw	
      186085000	     18509	8000ac96	01bacb63	blt	x21,x27,8000acac	 x21:0x00000000 x27:0xfffffc99
      186095000	     18510	8000ac9a	85b9	c.srai	x11,0xe	 x11:0x0000001c x11=0x00000000
      186105000	     18511	8000ac9c	7226ef93	ori	x31,x13,1826	 x13:0x80025ce4 x31=0x80025fe6
      186115000	     18512	8000aca0	e991	c.bnez	x11,8000acb4	 x11:0x00000000
      186125000	     18513	8000aca2	0001	c.addi	x0,0	  x0:0x00000000  x0=0x00000000
      186135000	     18514	8000aca4	c59d	c.beqz	x11,8000acd2	 x11:0x00000000
      186165000	     18517	8000acd2	31c0bd13	sltiu	x26,x1,796	  x1:0xffffffff x26=0x00000000
      186175000	     18518	8000acd6	4078d1b3	sra	x3,x17,x7	 x17:0x000005f5  x7:0xced60000  x3=0x000005f5
      186185000	     18519	8000acda	b4baad93	slti	x27,x21,-1205	 x21:0x00000000 x27=0x00000000
      186195000	     18520	8000acde	41100533	sub	x10,x0,x17	  x0:0x00000000 x17:0x000005f5 x10=0xfffffa0b
      186205000	     18521	8000ace2	7ea1e6b7	lui	x13,0x7ea1e	 x13=0x7ea1e000
      186215000	     18522	8000ace6	00c79d13	slli	x26,x15,0xc	 x15:0xffffffff x26=0xfffff000
      186225000	     18523	8000acea	00badc33	srl	x24,x21,x11	 x21:0x00000000 x11:0x00000000 x24=0x00000000
      186265000	     18527	8000acee	029e3a33	mulhu	x20,x28,x9	 x28:0x00000000  x9:0x00000000 x20=0x00000000
      186275000	     18528	8000acf2	00d48b63	beq	x9,x13,8000ad08	  x9:0x00000000 x13:0x7ea1e000
      186285000	     18529	8000acf6	402a8fb3	sub	x31,x21,x2	 x21:0x00000000  x2:0xf5e39895 x31=0x0a1c676b
      186295000	     18530	8000acfa	01ea1433	sll	x8,x20,x30	 x20:0x00000000 x30:0x00000000  x8=0x00000000
      186305000	     18531	8000acfe	0ff0000f	fence	iorw,iorw	
      186325000	     18533	8000ad02	020deeb3	rem	x29,x27,x0	 x27:0x00000000  x0:0x00000000 x29=0x00000000
      186335000	     18534	8000ad06	83ad	c.srli	x15,0xb	 x15:0xffffffff x15=0x001fffff
      186375000	     18538	8000ad08	03411433	mulh	x8,x2,x20	  x2:0xf5e39895 x20:0x00000000  x8=0x00000000
      186385000	     18539	8000ad0c	017a64b3	or	x9,x20,x23	 x20:0x00000000 x23:0xffffffff  x9=0xffffffff
      186395000	     18540	8000ad10	00fae5b3	or	x11,x21,x15	 x21:0x00000000 x15:0x001fffff x11=0x001fffff
      186405000	     18541	8000ad14	008936b3	sltu	x13,x18,x8	 x18:0xfffffe78  x8:0x00000000 x13=0x00000000
      186415000	     18542	8000ad18	8ef5	c.and	x13,x13	 x13:0x00000000 x13:0x00000000 x13=0x00000000
      186425000	     18543	8000ad1a	0083bbb3	sltu	x23,x7,x8	  x7:0xced60000  x8:0x00000000 x23=0x00000000
      186435000	     18544	8000ad1e	008584b3	add	x9,x11,x8	 x11:0x001fffff  x8:0x00000000  x9=0x001fffff
      186445000	     18545	8000ad22	00af6eb3	or	x29,x30,x10	 x30:0x00000000 x10:0xfffffa0b x29=0xfffffa0b
      186455000	     18546	8000ad26	8dd5	c.or	x11,x13	 x11:0x001fffff x13:0x00000000 x11=0x001fffff
      186465000	     18547	8000ad28	0f8a	c.slli	x31,0x2	 x31:0x0a1c676b x31=0x28719dac
      186475000	     18548	8000ad2a	00bf1263	bne	x30,x11,8000ad2e	 x30:0x00000000 x11:0x001fffff
      186495000	     18550	8000ad2e	98fd	c.andi	x9,-1	  x9:0x001fffff  x9=0x001fffff
      186505000	     18551	8000ad30	5f7d	c.li	x30,-1	 x30=0xffffffff
      186515000	     18552	8000ad32	00e210b3	sll	x1,x4,x14	  x4:0x00000000 x14:0x80025ce4  x1=0x00000000
      186555000	     18556	8000ad36	03b99333	mulh	x6,x19,x27	 x19:0x00013000 x27:0x00000000  x6=0x00000000
      186565000	     18557	8000ad3a	0001	c.addi	x0,0	  x0:0x00000000  x0=0x00000000
      186575000	     18558	8000ad3c	9972	c.add	x18,x28	 x18:0xfffffe78 x28:0x00000000 x18=0xfffffe78
      186585000	     18559	8000ad3e	0000100f	fence.i	
      186635000	     18564	8000ad42	026a89b3	mul	x19,x21,x6	 x21:0x00000000  x6:0x00000000 x19=0x00000000
      186645000	     18565	8000ad46	01a694b3	sll	x9,x13,x26	 x13:0x00000000 x26:0xfffff000  x9=0x00000000
      186655000	     18566	8000ad4a	41e289b3	sub	x19,x5,x30	  x5:0x80025ce4 x30:0xffffffff x19=0x80025ce5
      186665000	     18567	8000ad4e	c00d	c.beqz	x8,8000ad70	  x8:0x00000000
      186685000	     18569	8000ad70	0273fa63	bgeu	x7,x7,8000ada4	  x7:0xced60000  x7:0xced60000
      186705000	     18571	8000ada4	025dcd63	blt	x27,x5,8000adde	 x27:0x00000000  x5:0x80025ce4
      186745000	     18575	8000ada8	02b6bd33	mulhu	x26,x13,x11	 x13:0x00000000 x11:0x001fffff x26=0x00000000
      186755000	     18576	8000adac	00f731b3	sltu	x3,x14,x15	 x14:0x80025ce4 x15:0x001fffff  x3=0x00000000
      186785000	     18579	8000adb0	03ba88b3	mul	x17,x21,x27	 x21:0x00000000 x27:0x00000000 x17=0x00000000
      186795000	     18580	8000adb4	00764663	blt	x12,x7,8000adc0	 x12:0x80021e58  x7:0xced60000
      186815000	     18582	8000adc0	0b1e	c.slli	x22,0x7	 x22:0x00000000 x22=0x00000000
      186855000	     18586	8000adc2	02da23b3	mulhsu	x7,x20,x13	 x20:0x00000000 x13:0x00000000  x7=0x00000000
      186895000	     18590	8000adc6	027fba33	mulhu	x20,x31,x7	 x31:0x28719dac  x7:0x00000000 x20=0x00000000
      186905000	     18591	8000adca	590dc437	lui	x8,0x590dc	  x8=0x590dc000
      186915000	     18592	8000adce	f9416493	ori	x9,x2,-108	  x2:0xf5e39895  x9=0xffffff95
      187285000	     18629	8000add2	025558b3	divu	x17,x10,x5	 x10:0xfffffa0b  x5:0x80025ce4 x17=0x00000001
      187295000	     18630	8000add6	8fd1	c.or	x15,x12	 x15:0x001fffff x12:0x80021e58 x15=0x801fffff
      187305000	     18631	8000add8	c189	c.beqz	x11,8000adda	 x11:0x001fffff
      187315000	     18632	8000adda	00ee9293	slli	x5,x29,0xe	 x29:0xfffffa0b  x5=0xfe82c000
      187325000	     18633	8000adde	8fc1	c.or	x15,x8	 x15:0x801fffff  x8:0x590dc000 x15=0xd91fffff
      187335000	     18634	8000ade0	13fd	c.addi	x7,-1	  x7:0x00000000  x7=0xffffffff
      187375000	     18638	8000ade2	023db0b3	mulhu	x1,x27,x3	 x27:0x00000000  x3:0x00000000  x1=0x00000000
      187385000	     18639	8000ade6	0ff0000f	fence	iorw,iorw	
      187395000	     18640	8000adea	0132a4b3	slt	x9,x5,x19	  x5:0xfe82c000 x19:0x80025ce5  x9=0x00000000
      187405000	     18641	8000adee	41c708b3	sub	x17,x14,x28	 x14:0x80025ce4 x28:0x00000000 x17=0x80025ce4
      187415000	     18642	8000adf2	011c6f63	bltu	x24,x17,8000ae10	 x24:0x00000000 x17:0x80025ce4
      187435000	     18644	8000ae10	6bf9	c.lui	x23,0x1e	 x23=0x0001e000
      187445000	     18645	8000ae12	012ceeb3	or	x29,x25,x18	 x25:0x00000001 x18:0xfffffe78 x29=0xfffffe79
      187455000	     18646	8000ae16	13087e93	andi	x29,x16,304	 x16:0x2fa8cc41 x29=0x00000000
      187465000	     18647	8000ae1a	81f1	c.srli	x11,0x1c	 x11:0x001fffff x11=0x00000000
      187475000	     18648	8000ae1c	05778263	beq	x15,x23,8000ae60	 x15:0xd91fffff x23:0x0001e000
      187485000	     18649	8000ae20	01d8a433	slt	x8,x17,x29	 x17:0x80025ce4 x29:0x00000000  x8=0x00000001
      187495000	     18650	8000ae24	005ca533	slt	x10,x25,x5	 x25:0x00000001  x5:0xfe82c000 x10=0x00000000
      187505000	     18651	8000ae28	0ff0000f	fence	iorw,iorw	
      187515000	     18652	8000ae2c	012bd5b3	srl	x11,x23,x18	 x23:0x0001e000 x18:0xfffffe78 x11=0x00000000
      187525000	     18653	8000ae30	8db5	c.xor	x11,x13	 x11:0x00000000 x13:0x00000000 x11=0x00000000
      187535000	     18654	8000ae32	8d51	c.or	x10,x12	 x10:0x00000000 x12:0x80021e58 x10=0x80021e58
      187545000	     18655	8000ae34	a42afbb7	lui	x23,0xa42af	 x23=0xa42af000
      187555000	     18656	8000ae38	d42e2f93	slti	x31,x28,-702	 x28:0x00000000 x31=0x00000000
      187565000	     18657	8000ae3c	00c3f0b3	and	x1,x7,x12	  x7:0xffffffff x12:0x80021e58  x1=0x80021e58
      187605000	     18661	8000ae40	03fd26b3	mulhsu	x13,x26,x31	 x26:0x00000000 x31:0x00000000 x13=0x00000000
      187615000	     18662	8000ae44	a1694e93	xori	x29,x18,-1514	 x18:0xfffffe78 x29=0x0000046e
      187655000	     18666	8000ae48	03c39233	mulh	x4,x7,x28	  x7:0xffffffff x28:0x00000000  x4=0x00000000
      187665000	     18667	8000ae4c	8eed	c.and	x13,x11	 x13:0x00000000 x11:0x00000000 x13=0x00000000
      187675000	     18668	8000ae4e	8e85	c.sub	x13,x9	 x13:0x00000000  x9:0x00000000 x13=0x00000000
      187685000	     18669	8000ae50	8ef9	c.and	x13,x14	 x13:0x00000000 x14:0x80025ce4 x13=0x00000000
      187695000	     18670	8000ae52	40e905b3	sub	x11,x18,x14	 x18:0xfffffe78 x14:0x80025ce4 x11=0x7ffda194
      187705000	     18671	8000ae56	8d79	c.and	x10,x14	 x10:0x80021e58 x14:0x80025ce4 x10=0x80021c40
      187715000	     18672	8000ae58	00c438b3	sltu	x17,x8,x12	  x8:0x00000001 x12:0x80021e58 x17=0x00000001
      187745000	     18675	8000ae5c	02270fb3	mul	x31,x14,x2	 x14:0x80025ce4  x2:0xf5e39895 x31=0x7ab370b4
      187755000	     18676	8000ae60	8edd	c.or	x13,x15	 x13:0x00000000 x15:0xd91fffff x13=0xd91fffff
      187765000	     18677	8000ae62	0063f2b3	and	x5,x7,x6	  x7:0xffffffff  x6:0x00000000  x5=0x00000000
      187805000	     18681	8000ae66	03b01233	mulh	x4,x0,x27	  x0:0x00000000 x27:0x00000000  x4=0x00000000
      187815000	     18682	8000ae6a	960c6813	ori	x16,x24,-1696	 x24:0x00000000 x16=0xfffff960
      187825000	     18683	8000ae6e	0001	c.addi	x0,0	  x0:0x00000000  x0=0x00000000
      187835000	     18684	8000ae70	01b353b3	srl	x7,x6,x27	  x6:0x00000000 x27:0x00000000  x7=0x00000000
      187845000	     18685	8000ae74	1ef14c93	xori	x25,x2,495	  x2:0xf5e39895 x25=0xf5e3997a
      187855000	     18686	8000ae78	8c0d	c.sub	x8,x11	  x8:0x00000001 x11:0x7ffda194  x8=0x80025e6d
      187865000	     18687	8000ae7a	01a5f463	bgeu	x11,x26,8000ae82	 x11:0x7ffda194 x26:0x00000000
      187895000	     18690	8000ae82	0000100f	fence.i	
      187915000	     18692	8000ae86	e18d	c.bnez	x11,8000aea8	 x11:0x7ffda194
      187935000	     18694	8000aea8	83540c13	addi	x24,x8,-1995	  x8:0x80025e6d x24=0x800256a2
      187945000	     18695	8000aeac	0101c6b3	xor	x13,x3,x16	  x3:0x00000000 x16:0xfffff960 x13=0xfffff960
      187955000	     18696	8000aeb0	019b65b3	or	x11,x22,x25	 x22:0x00000000 x25:0xf5e3997a x11=0xf5e3997a
      187965000	     18697	8000aeb4	c11de793	ori	x15,x27,-1007	 x27:0x00000000 x15=0xfffffc11
      187975000	     18698	8000aeb8	00ac9b63	bne	x25,x10,8000aece	 x25:0xf5e3997a x10:0x80021c40
      187995000	     18700	8000aece	69e1	c.lui	x19,0x18	 x19=0x00018000
      188005000	     18701	8000aed0	00199263	bne	x19,x1,8000aed4	 x19:0x00018000  x1:0x80021e58
      188025000	     18703	8000aed4	01ec86b3	add	x13,x25,x30	 x25:0xf5e3997a x30:0xffffffff x13=0xf5e39979
      188035000	     18704	8000aed8	004e6933	or	x18,x28,x4	 x28:0x00000000  x4:0x00000000 x18=0x00000000
      188045000	     18705	8000aedc	10fd	c.addi	x1,-1	  x1:0x80021e58  x1=0x80021e57
      188055000	     18706	8000aede	8c51	c.or	x8,x12	  x8:0x80025e6d x12:0x80021e58  x8=0x80025e7d
      188065000	     18707	8000aee0	01018263	beq	x3,x16,8000aee4	  x3:0x00000000 x16:0xfffff960
      188075000	     18708	8000aee4	008d11b3	sll	x3,x26,x8	 x26:0x00000000  x8:0x80025e7d  x3=0x00000000
      188085000	     18709	8000aee8	68402413	slti	x8,x0,1668	  x0:0x00000000  x8=0x00000001
      188455000	     18746	8000aeec	037d7eb3	remu	x29,x26,x23	 x26:0x00000000 x23:0xa42af000 x29=0x00000000
      188465000	     18747	8000aef0	c115	c.beqz	x10,8000af14	 x10:0x80021c40
      188475000	     18748	8000aef2	88f5	c.andi	x9,29	  x9:0x00000000  x9=0x00000000
      188485000	     18749	8000aef4	955e	c.add	x10,x23	 x10:0x80021c40 x23:0xa42af000 x10=0x242d0c40
      188855000	     18786	8000aef6	0289c1b3	div	x3,x19,x8	 x19:0x00018000  x8:0x00000001  x3=0x00018000
      188895000	     18790	8000aefa	03fb20b3	mulhsu	x1,x22,x31	 x22:0x00000000 x31:0x7ab370b4  x1=0x00000000
      188905000	     18791	8000aefe	ec09	c.bnez	x8,8000af18	  x8:0x00000001
      188925000	     18793	8000af18	008378b3	and	x17,x6,x8	  x6:0x00000000  x8:0x00000001 x17=0x00000000
      188935000	     18794	8000af1c	8ac5	c.andi	x13,17	 x13:0xf5e39979 x13=0x00000011
      188945000	     18795	8000af1e	9bfd	c.andi	x15,-1	 x15:0xfffffc11 x15=0xfffffc11
      188955000	     18796	8000af20	019f9db3	sll	x27,x31,x25	 x31:0x7ab370b4 x25:0xf5e3997a x27=0xd0000000
      189325000	     18833	8000af24	039451b3	divu	x3,x8,x25	  x8:0x00000001 x25:0xf5e3997a  x3=0x00000000
      189335000	     18834	8000af28	0e45	c.addi	x28,17	 x28:0x00000000 x28=0x00000011
      189345000	     18835	8000af2a	8eb5	c.xor	x13,x13	 x13:0x00000011 x13:0x00000011 x13=0x00000000
      189365000	     18837	8000af2c	0322f6b3	remu	x13,x5,x18	  x5:0x00000000 x18:0x00000000 x13=0x00000000
      189375000	     18838	8000af30	5ffd	c.li	x31,-1	 x31=0xffffffff
      189385000	     18839	8000af32	01ba4263	blt	x20,x27,8000af36	 x20:0x00000000 x27:0xd0000000
      189395000	     18840	8000af36	0af7d937	lui	x18,0xaf7d	 x18=0x0af7d000
      189405000	     18841	8000af3a	029d6063	bltu	x26,x9,8000af5a	 x26:0x00000000  x9:0x00000000
      189415000	     18842	8000af3e	01f77cb3	and	x25,x14,x31	 x14:0x80025ce4 x31:0xffffffff x25=0x80025ce4
      189425000	     18843	8000af42	0100edb3	or	x27,x1,x16	  x1:0x00000000 x16:0xfffff960 x27=0xfffff960
      189435000	     18844	8000af46	01c16a33	or	x20,x2,x28	  x2:0xf5e39895 x28:0x00000011 x20=0xf5e39895
      189445000	     18845	8000af4a	04fd3c13	sltiu	x24,x26,79	 x26:0x00000000 x24=0x00000001
      189455000	     18846	8000af4e	8fc1	c.or	x15,x8	 x15:0xfffffc11  x8:0x00000001 x15=0xfffffc11
      189465000	     18847	8000af50	8fdd	c.or	x15,x15	 x15:0xfffffc11 x15:0xfffffc11 x15=0xfffffc11
      189475000	     18848	8000af52	014d4a33	xor	x20,x26,x20	 x26:0x00000000 x20:0xf5e39895 x20=0xf5e39895
      189485000	     18849	8000af56	030a6363	bltu	x20,x16,8000af7c	 x20:0xf5e39895 x16:0xfffff960
      189505000	     18851	8000af7c	0000100f	fence.i	
      189525000	     18853	8000af80	8a792c13	slti	x24,x18,-1881	 x18:0x0af7d000 x24=0x00000000
      189535000	     18854	8000af84	0094d593	srli	x11,x9,0x9	  x9:0x00000000 x11=0x00000000
      189545000	     18855	8000af88	009cca33	xor	x20,x25,x9	 x25:0x80025ce4  x9:0x00000000 x20=0x80025ce4
      189915000	     18892	8000af8c	028e74b3	remu	x9,x28,x8	 x28:0x00000011  x8:0x00000001  x9=0x00000000
      189925000	     18893	8000af90	20bd3413	sltiu	x8,x26,523	 x26:0x00000000  x8=0x00000001
      189935000	     18894	8000af94	6305ae13	slti	x28,x11,1584	 x11:0x00000000 x28=0x00000001
      189945000	     18895	8000af98	00f7d363	bge	x15,x15,8000af9e	 x15:0xfffffc11 x15:0xfffffc11
      189965000	     18897	8000af9e	e785	c.bnez	x15,8000afc6	 x15:0xfffffc11
      190025000	     18903	8000afc6	034a1533	mulh	x10,x20,x20	 x20:0x80025ce4 x20:0x80025ce4 x10=0x3ffda321
      190395000	     18940	8000afca	03797bb3	remu	x23,x18,x23	 x18:0x0af7d000 x23:0xa42af000 x23=0x0af7d000
      190405000	     18941	8000afce	0ff2	c.slli	x31,0x1c	 x31:0xffffffff x31=0xf0000000
      190415000	     18942	8000afd0	99fd	c.andi	x11,-1	 x11:0x00000000 x11=0x00000000
      190425000	     18943	8000afd2	84c9	c.srai	x9,0x12	  x9:0x00000000  x9=0x00000000
      190435000	     18944	8000afd4	00e091b3	sll	x3,x1,x14	  x1:0x00000000 x14:0x80025ce4  x3=0x00000000
      190445000	     18945	8000afd8	ea0b8693	addi	x13,x23,-352	 x23:0x0af7d000 x13=0x0af7cea0
      190455000	     18946	8000afdc	0000100f	fence.i	
      190475000	     18948	8000afe0	0255c763	blt	x11,x5,8000b00e	 x11:0x00000000  x5:0x00000000
      190485000	     18949	8000afe4	02650563	beq	x10,x6,8000b00e	 x10:0x3ffda321  x6:0x00000000
      190495000	     18950	8000afe8	0001	c.addi	x0,0	  x0:0x00000000  x0=0x00000000
      190505000	     18951	8000afea	05704063	blt	x0,x23,8000b02a	  x0:0x00000000 x23:0x0af7d000
      190565000	     18957	8000b02a	025eb433	mulhu	x8,x29,x5	 x29:0x00000000  x5:0x00000000  x8=0x00000000
      190575000	     18958	8000b02e	ca81	c.beqz	x13,8000b03e	 x13:0x0af7cea0
      190585000	     18959	8000b030	0c3a	c.slli	x24,0xe	 x24:0x00000000 x24=0x00000000
      190595000	     18960	8000b032	ebb34693	xori	x13,x6,-325	  x6:0x00000000 x13=0xfffffebb
      190605000	     18961	8000b036	02275d63	bge	x14,x2,8000b070	 x14:0x80025ce4  x2:0xf5e39895
      190645000	     18965	8000b03a	0337ad33	mulhsu	x26,x15,x19	 x15:0xfffffc11 x19:0x00018000 x26=0xffffffff
      190655000	     18966	8000b03e	c2d38193	addi	x3,x7,-979	  x7:0x00000000  x3=0xfffffc2d
      190665000	     18967	8000b042	00738ab3	add	x21,x7,x7	  x7:0x00000000  x7:0x00000000 x21=0x00000000
      190675000	     18968	8000b046	0ff0000f	fence	iorw,iorw	
      190685000	     18969	8000b04a	595ba393	slti	x7,x23,1429	 x23:0x0af7d000  x7=0x00000000
      190725000	     18973	8000b04e	02433333	mulhu	x6,x6,x4	  x6:0x00000000  x4:0x00000000  x6=0x00000000
      190735000	     18974	8000b052	8b6a9817	auipc	x16,0x8b6a9	 x16=0x0b6b4052
      190745000	     18975	8000b056	db010693	addi	x13,x2,-592	  x2:0xf5e39895 x13=0xf5e39645
      190755000	     18976	8000b05a	c39d	c.beqz	x15,8000b080	 x15:0xfffffc11
      190765000	     18977	8000b05c	9790af93	slti	x31,x1,-1671	  x1:0x00000000 x31=0x00000000
      190775000	     18978	8000b060	4089df93	srai	x31,x19,0x8	 x19:0x00018000 x31=0x00000180
      190785000	     18979	8000b064	8d11	c.sub	x10,x12	 x10:0x3ffda321 x12:0x80021e58 x10=0xbffb84c9
      190795000	     18980	8000b066	00661bb3	sll	x23,x12,x6	 x12:0x80021e58  x6:0x00000000 x23=0x80021e58
      190805000	     18981	8000b06a	03781363	bne	x16,x23,8000b090	 x16:0x0b6b4052 x23:0x80021e58
      190825000	     18983	8000b090	00e162b3	or	x5,x2,x14	  x2:0xf5e39895 x14:0x80025ce4  x5=0xf5e3dcf5
      190835000	     18984	8000b094	c695	c.beqz	x13,8000b0c0	 x13:0xf5e39645
      190845000	     18985	8000b096	8ff5	c.and	x15,x13	 x15:0xfffffc11 x13:0xf5e39645 x15=0xf5e39401
      190855000	     18986	8000b098	01b2f033	and	x0,x5,x27	  x5:0xf5e3dcf5 x27:0xfffff960  x0=0x00000000
      190865000	     18987	8000b09c	0001	c.addi	x0,0	  x0:0x00000000  x0=0x00000000
      190875000	     18988	8000b09e	01108233	add	x4,x1,x17	  x1:0x00000000 x17:0x00000000  x4=0x00000000
      190885000	     18989	8000b0a2	0001	c.addi	x0,0	  x0:0x00000000  x0=0x00000000
      190895000	     18990	8000b0a4	6eb5	c.lui	x29,0xd	 x29=0x0000d000
      190905000	     18991	8000b0a6	0ff0000f	fence	iorw,iorw	
      190915000	     18992	8000b0aa	7a9b0b17	auipc	x22,0x7a9b0	 x22=0xfa9bb0aa
      190925000	     18993	8000b0ae	407883b3	sub	x7,x17,x7	 x17:0x00000000  x7:0x00000000  x7=0x00000000
      190935000	     18994	8000b0b2	04f78893	addi	x17,x15,79	 x15:0xf5e39401 x17=0xf5e39450
      190945000	     18995	8000b0b6	798d2f17	auipc	x30,0x798d2	 x30=0xf98dd0b6
      190955000	     18996	8000b0ba	91c6	c.add	x3,x17	  x3:0xfffffc2d x17:0xf5e39450  x3=0xf5e3907d
      190965000	     18997	8000b0bc	00505033	srl	x0,x0,x5	  x0:0x00000000  x5:0xf5e3dcf5  x0=0x00000000
      190975000	     18998	8000b0c0	df70c393	xori	x7,x1,-521	  x1:0x00000000  x7=0xfffffdf7
      190985000	     18999	8000b0c4	cdaef493	andi	x9,x29,-806	 x29:0x0000d000  x9=0x0000d000
      190995000	     19000	8000b0c8	0000100f	fence.i	
      191015000	     19002	8000b0cc	8ac9	c.andi	x13,18	 x13:0xf5e39645 x13=0x00000000
      191025000	     19003	8000b0ce	00e86e63	bltu	x16,x14,8000b0ea	 x16:0x0b6b4052 x14:0x80025ce4
      191045000	     19005	8000b0ea	c38d	c.beqz	x15,8000b10c	 x15:0xf5e39401
      191055000	     19006	8000b0ec	01de60b3	or	x1,x28,x29	 x28:0x00000001 x29:0x0000d000  x1=0x0000d001
      191065000	     19007	8000b0f0	99fd	c.andi	x11,-1	 x11:0x00000000 x11=0x00000000
      191075000	     19008	8000b0f2	b0da4b97	auipc	x23,0xb0da4	 x23=0x30daf0f2
      191085000	     19009	8000b0f6	0c8e6d97	auipc	x27,0xc8e6	 x27=0x8c8f10f6
      191095000	     19010	8000b0fa	015155b3	srl	x11,x2,x21	  x2:0xf5e39895 x21:0x00000000 x11=0xf5e39895
      191135000	     19014	8000b0fe	03dfac33	mulhsu	x24,x31,x29	 x31:0x00000180 x29:0x0000d000 x24=0x00000000
      191145000	     19015	8000b102	01cb56b3	srl	x13,x22,x28	 x22:0xfa9bb0aa x28:0x00000001 x13=0x7d4dd855
      191155000	     19016	8000b106	0a1e	c.slli	x20,0x7	 x20:0x80025ce4 x20=0x012e7200
      191165000	     19017	8000b108	a6c63893	sltiu	x17,x12,-1428	 x12:0x80021e58 x17=0x00000001
      191175000	     19018	8000b10c	00253433	sltu	x8,x10,x2	 x10:0xbffb84c9  x2:0xf5e39895  x8=0x00000001
      191185000	     19019	8000b110	012d1c63	bne	x26,x18,8000b128	 x26:0xffffffff x18:0x0af7d000
      191205000	     19021	8000b128	546a2693	slti	x13,x20,1350	 x20:0x012e7200 x13=0x00000000
      191215000	     19022	8000b12c	987d	c.andi	x8,-1	  x8:0x00000001  x8=0x00000001
      191225000	     19023	8000b12e	01723833	sltu	x16,x4,x23	  x4:0x00000000 x23:0x30daf0f2 x16=0x00000001
      191235000	     19024	8000b132	0000100f	fence.i	
      191265000	     19027	8000b136	00931893	slli	x17,x6,0x9	  x6:0x00000000 x17=0x00000000
      191275000	     19028	8000b13a	3588fc13	andi	x24,x17,856	 x17:0x00000000 x24=0x00000000
      191285000	     19029	8000b13e	0248f163	bgeu	x17,x4,8000b160	 x17:0x00000000  x4:0x00000000
      191325000	     19033	8000b160	030b0333	mul	x6,x22,x16	 x22:0xfa9bb0aa x16:0x00000001  x6=0xfa9bb0aa
      191335000	     19034	8000b164	8fe9	c.and	x15,x10	 x15:0xf5e39401 x10:0xbffb84c9 x15=0xb5e38401
      191345000	     19035	8000b166	298cb293	sltiu	x5,x25,664	 x25:0x80025ce4  x5=0x00000000
      191355000	     19036	8000b16a	cb412693	slti	x13,x2,-844	  x2:0xf5e39895 x13=0x00000001
      191365000	     19037	8000b16e	c28d	c.beqz	x13,8000b190	 x13:0x00000001
      191375000	     19038	8000b170	9d4a	c.add	x26,x18	 x26:0xffffffff x18:0x0af7d000 x26=0x0af7cfff
      191385000	     19039	8000b172	435d	c.li	x6,23	  x6=0x00000017
      191755000	     19076	8000b174	03004533	div	x10,x0,x16	  x0:0x00000000 x16:0x00000001 x10=0x00000000
      191765000	     19077	8000b178	8d8d	c.sub	x11,x11	 x11:0xf5e39895 x11:0xf5e39895 x11=0x00000000
      191775000	     19078	8000b17a	009886b3	add	x13,x17,x9	 x17:0x00000000  x9:0x0000d000 x13=0x0000d000
      191785000	     19079	8000b17e	036a	c.slli	x6,0x1a	  x6:0x00000017  x6=0x5c000000
      191795000	     19080	8000b180	b466e293	ori	x5,x13,-1210	 x13:0x0000d000  x5=0xfffffb46
      191805000	     19081	8000b184	8afe	c.mv	x21,x31	  x0:0x00000000 x31:0x00000180 x21=0x00000180
      191815000	     19082	8000b186	8115	c.srli	x10,0x5	 x10:0x00000000 x10=0x00000000
      191825000	     19083	8000b188	000ffdb3	and	x27,x31,x0	 x31:0x00000180  x0:0x00000000 x27=0x00000000
      191835000	     19084	8000b18c	af443593	sltiu	x11,x8,-1292	  x8:0x00000001 x11=0x00000001
      191845000	     19085	8000b190	8a4a	c.mv	x20,x18	  x0:0x00000000 x18:0x0af7d000 x20=0x0af7d000
      191875000	     19088	8000b192	034901b3	mul	x3,x18,x20	 x18:0x0af7d000 x20:0x0af7d000  x3=0x09000000
      191905000	     19091	8000b196	02958d33	mul	x26,x11,x9	 x11:0x00000001  x9:0x0000d000 x26=0x0000d000
      191945000	     19095	8000b19a	033a17b3	mulh	x15,x20,x19	 x20:0x0af7d000 x19:0x00018000 x15=0x00001073
      191955000	     19096	8000b19e	409ed513	srai	x10,x29,0x9	 x29:0x0000d000 x10=0x00000068
      191965000	     19097	8000b1a2	00e221b3	slt	x3,x4,x14	  x4:0x00000000 x14:0x80025ce4  x3=0x00000000
      191975000	     19098	8000b1a6	1e7d	c.addi	x28,-1	 x28:0x00000001 x28=0x00000000
      191985000	     19099	8000b1a8	001d9b93	slli	x23,x27,0x1	 x27:0x00000000 x23=0x00000000
      191995000	     19100	8000b1ac	00aff363	bgeu	x31,x10,8000b1b2	 x31:0x00000180 x10:0x00000068
      192015000	     19102	8000b1b2	6599	c.lui	x11,0x6	 x11=0x00006000
      192025000	     19103	8000b1b4	003e7fb3	and	x31,x28,x3	 x28:0x00000000  x3:0x00000000 x31=0x00000000
      192035000	     19104	8000b1b8	e236a313	slti	x6,x13,-477	 x13:0x0000d000  x6=0x00000000
      192045000	     19105	8000b1bc	15676593	ori	x11,x14,342	 x14:0x80025ce4 x11=0x80025df6
      192055000	     19106	8000b1c0	e415	c.bnez	x8,8000b1ec	  x8:0x00000001
      192075000	     19108	8000b1ec	00854c63	blt	x10,x8,8000b204	 x10:0x00000068  x8:0x00000001
      192085000	     19109	8000b1f0	b68eab93	slti	x23,x29,-1176	 x29:0x0000d000 x23=0x00000000
      192095000	     19110	8000b1f4	0001	c.addi	x0,0	  x0:0x00000000  x0=0x00000000
      192105000	     19111	8000b1f6	8b26	c.mv	x22,x9	  x0:0x00000000  x9:0x0000d000 x22=0x0000d000
      192115000	     19112	8000b1f8	8f3e	c.mv	x30,x15	  x0:0x00000000 x15:0x00001073 x30=0x00001073
      192125000	     19113	8000b1fa	017a4833	xor	x16,x20,x23	 x20:0x0af7d000 x23:0x00000000 x16=0x0af7d000
      192495000	     19150	8000b1fe	022d6333	rem	x6,x26,x2	 x26:0x0000d000  x2:0xf5e39895  x6=0x0000d000
      192505000	     19151	8000b202	8d0d	c.sub	x10,x11	 x10:0x00000068 x11:0x80025df6 x10=0x7ffda272
      192515000	     19152	8000b204	8d51	c.or	x10,x12	 x10:0x7ffda272 x12:0x80021e58 x10=0xffffbe7a
      192525000	     19153	8000b206	026a9663	bne	x21,x6,8000b232	 x21:0x00000180  x6:0x0000d000
      192585000	     19159	8000b232	035518b3	mulh	x17,x10,x21	 x10:0xffffbe7a x21:0x00000180 x17=0xffffffff
      192595000	     19160	8000b236	01aec333	xor	x6,x29,x26	 x29:0x0000d000 x26:0x0000d000  x6=0x00000000
      192965000	     19197	8000b23a	02b16db3	rem	x27,x2,x11	  x2:0xf5e39895 x11:0x80025df6 x27=0xf5e39895
      192975000	     19198	8000b23e	01615263	bge	x2,x22,8000b242	  x2:0xf5e39895 x22:0x0000d000
      192985000	     19199	8000b242	030e5f63	bge	x28,x16,8000b280	 x28:0x00000000 x16:0x0af7d000
      192995000	     19200	8000b246	1bc846b7	lui	x13,0x1bc84	 x13=0x1bc84000
      193005000	     19201	8000b24a	47e52013	slti	x0,x10,1150	 x10:0xffffbe7a  x0=0x00000000
      193015000	     19202	8000b24e	4bb9	c.li	x23,14	 x23=0x0000000e
      193025000	     19203	8000b250	8f5e	c.mv	x30,x23	  x0:0x00000000 x23:0x0000000e x30=0x0000000e
      193035000	     19204	8000b252	03f27563	bgeu	x4,x31,8000b27c	  x4:0x00000000 x31:0x00000000
      193055000	     19206	8000b27c	40ff8233	sub	x4,x31,x15	 x31:0x00000000 x15:0x00001073  x4=0xffffef8d
      193075000	     19208	8000b280	038ee533	rem	x10,x29,x24	 x29:0x0000d000 x24:0x00000000 x10=0x0000d000
      193085000	     19209	8000b284	99fd	c.andi	x11,-1	 x11:0x80025df6 x11=0x80025df6
      193095000	     19210	8000b286	e189	c.bnez	x11,8000b288	 x11:0x80025df6
      193115000	     19212	8000b288	40b1d693	srai	x13,x3,0xb	  x3:0x00000000 x13=0x00000000
      193125000	     19213	8000b28c	00b4e233	or	x4,x9,x11	  x9:0x0000d000 x11:0x80025df6  x4=0x8002ddf6
      193135000	     19214	8000b290	00278263	beq	x15,x2,8000b294	 x15:0x00001073  x2:0xf5e39895
      193145000	     19215	8000b294	40830e33	sub	x28,x6,x8	  x6:0x00000000  x8:0x00000001 x28=0xffffffff
      193155000	     19216	8000b298	a69eeb93	ori	x23,x29,-1431	 x29:0x0000d000 x23=0xfffffa69
      193185000	     19219	8000b29c	02298833	mul	x16,x19,x2	 x19:0x00018000  x2:0xf5e39895 x16=0x64df8000
      193195000	     19220	8000b2a0	21748a13	addi	x20,x9,535	  x9:0x0000d000 x20=0x0000d217
      193205000	     19221	8000b2a4	1773e993	ori	x19,x7,375	  x7:0xfffffdf7 x19=0xfffffdf7
      193215000	     19222	8000b2a8	00a8ea33	or	x20,x17,x10	 x17:0xffffffff x10:0x0000d000 x20=0xffffffff
      193245000	     19225	8000b2ac	021185b3	mul	x11,x3,x1	  x3:0x00000000  x1:0x0000d001 x11=0x00000000
      193255000	     19226	8000b2b0	8ce9	c.and	x9,x10	  x9:0x0000d000 x10:0x0000d000  x9=0x0000d000
      193265000	     19227	8000b2b2	005a0d63	beq	x20,x5,8000b2cc	 x20:0xffffffff  x5:0xfffffb46
      193275000	     19228	8000b2b6	d0f90693	addi	x13,x18,-753	 x18:0x0af7d000 x13=0x0af7cd0f
      193645000	     19265	8000b2ba	02fa6ab3	rem	x21,x20,x15	 x20:0xffffffff x15:0x00001073 x21=0xffffffff
      193655000	     19266	8000b2be	8c95	c.sub	x9,x13	  x9:0x0000d000 x13:0x0af7cd0f  x9=0xf50902f1
      193665000	     19267	8000b2c0	405a5db3	sra	x27,x20,x5	 x20:0xffffffff  x5:0xfffffb46 x27=0xffffffff
      193675000	     19268	8000b2c4	8ddd	c.or	x11,x15	 x11:0x00000000 x15:0x00001073 x11=0x00001073
      193685000	     19269	8000b2c6	896d	c.andi	x10,27	 x10:0x0000d000 x10=0x00000000
      193695000	     19270	8000b2c8	c095	c.beqz	x9,8000b2ec	  x9:0xf50902f1
      193705000	     19271	8000b2ca	e115	c.bnez	x10,8000b2ee	 x10:0x00000000
      193735000	     19274	8000b2cc	03fc8cb3	mul	x25,x25,x31	 x25:0x80025ce4 x31:0x00000000 x25=0x00000000
      193745000	     19275	8000b2d0	010b1193	slli	x3,x22,0x10	 x22:0x0000d000  x3=0xd0000000
      193755000	     19276	8000b2d4	8cf1	c.and	x9,x12	  x9:0xf50902f1 x12:0x80021e58  x9=0x80000250
      193765000	     19277	8000b2d6	8de1	c.and	x11,x8	 x11:0x00001073  x8:0x00000001 x11=0x00000001
      193775000	     19278	8000b2d8	8195	c.srli	x11,0x5	 x11:0x00000001 x11=0x00000000
      193785000	     19279	8000b2da	415ad393	srai	x7,x21,0x15	 x21:0xffffffff  x7=0xffffffff
      193795000	     19280	8000b2de	0ff0000f	fence	iorw,iorw	
      193805000	     19281	8000b2e2	0000100f	fence.i	
      194195000	     19320	8000b2e6	023ce6b3	rem	x13,x25,x3	 x25:0x00000000  x3:0xd0000000 x13=0x00000000
      194205000	     19321	8000b2ea	99ce	c.add	x19,x19	 x19:0xfffffdf7 x19:0xfffffdf7 x19=0xfffffbee
      194215000	     19322	8000b2ec	87d9	c.srai	x15,0x16	 x15:0x00001073 x15=0x00000000
      194225000	     19323	8000b2ee	6f55	c.lui	x30,0x15	 x30=0x00015000
      194265000	     19327	8000b2f0	03ce3933	mulhu	x18,x28,x28	 x28:0xffffffff x28:0xffffffff x18=0xfffffffe
      194275000	     19328	8000b2f4	a5e90793	addi	x15,x18,-1442	 x18:0xfffffffe x15=0xfffffa5c
      194285000	     19329	8000b2f8	408ac193	xori	x3,x21,1032	 x21:0xffffffff  x3=0xfffffbf7
      194295000	     19330	8000b2fc	8021	c.srli	x8,0x8	  x8:0x00000001  x8=0x00000000
      194305000	     19331	8000b2fe	8fd2	c.mv	x31,x20	  x0:0x00000000 x20:0xffffffff x31=0xffffffff
      194315000	     19332	8000b300	8dc1	c.or	x11,x8	 x11:0x00000000  x8:0x00000000 x11=0x00000000
      194325000	     19333	8000b302	858e	c.mv	x11,x3	  x0:0x00000000  x3:0xfffffbf7 x11=0xfffffbf7
      194335000	     19334	8000b304	0001	c.addi	x0,0	  x0:0x00000000  x0=0x00000000
      194345000	     19335	8000b306	8fc5	c.or	x15,x9	 x15:0xfffffa5c  x9:0x80000250 x15=0xfffffa5c
      194355000	     19336	8000b308	49c44013	xori	x0,x8,1180	  x8:0x00000000  x0=0x00000000
      194365000	     19337	8000b30c	00c13a33	sltu	x20,x2,x12	  x2:0xf5e39895 x12:0x80021e58 x20=0x00000000
      194735000	     19374	8000b310	02bb4033	div	x0,x22,x11	 x22:0x0000d000 x11:0xfffffbf7  x0=0x00000000
      194755000	     19376	8000b314	02076533	rem	x10,x14,x0	 x14:0x80025ce4  x0:0x00000000 x10=0x80025ce4
      194765000	     19377	8000b318	015bbbb3	sltu	x23,x23,x21	 x23:0xfffffa69 x21:0xffffffff x23=0x00000001
      195135000	     19414	8000b31c	029c6233	rem	x4,x24,x9	 x24:0x00000000  x9:0x80000250  x4=0x00000000
      195175000	     19418	8000b320	0327be33	mulhu	x28,x15,x18	 x15:0xfffffa5c x18:0xfffffffe x28=0xfffffa5a
      195185000	     19419	8000b324	82c9	c.srli	x13,0x12	 x13:0x00000000 x13=0x00000000
      195195000	     19420	8000b326	4085db13	srai	x22,x11,0x8	 x11:0xfffffbf7 x22=0xfffffffb
      195205000	     19421	8000b32a	01259f33	sll	x30,x11,x18	 x11:0xfffffbf7 x18:0xfffffffe x30=0xc0000000
      195215000	     19422	8000b32e	0ff0000f	fence	iorw,iorw	
      195225000	     19423	8000b332	01ba1813	slli	x16,x20,0x1b	 x20:0x00000000 x16=0x00000000
      195235000	     19424	8000b336	5e48d2b7	lui	x5,0x5e48d	  x5=0x5e48d000
      195245000	     19425	8000b33a	01532433	slt	x8,x6,x21	  x6:0x00000000 x21:0xffffffff  x8=0x00000000
      195255000	     19426	8000b33e	40965213	srai	x4,x12,0x9	 x12:0x80021e58  x4=0xffc0010f
      195265000	     19427	8000b342	6ac9	c.lui	x21,0x12	 x21=0x00012000
      195275000	     19428	8000b344	0f75	c.addi	x30,29	 x30:0xc0000000 x30=0xc000001d
      195285000	     19429	8000b346	0001	c.addi	x0,0	  x0:0x00000000  x0=0x00000000
      195295000	     19430	8000b348	ca998793	addi	x15,x19,-855	 x19:0xfffffbee x15=0xfffff897
      195305000	     19431	8000b34c	00d7a693	slti	x13,x15,13	 x15:0xfffff897 x13=0x00000001
      195315000	     19432	8000b350	04717563	bgeu	x2,x7,8000b39a	  x2:0xf5e39895  x7:0xffffffff
      195325000	     19433	8000b354	0001	c.addi	x0,0	  x0:0x00000000  x0=0x00000000
      195335000	     19434	8000b356	01358463	beq	x11,x19,8000b35e	 x11:0xfffffbf7 x19:0xfffffbee
      195345000	     19435	8000b35a	01ed5463	bge	x26,x30,8000b362	 x26:0x0000d000 x30:0xc000001d
      195375000	     19438	8000b362	03f47863	bgeu	x8,x31,8000b392	  x8:0x00000000 x31:0xffffffff
      195745000	     19475	8000b366	02ef5b33	divu	x22,x30,x14	 x30:0xc000001d x14:0x80025ce4 x22=0x00000001
      195755000	     19476	8000b36a	8fd1	c.or	x15,x12	 x15:0xfffff897 x12:0x80021e58 x15=0xfffffedf
      195765000	     19477	8000b36c	02ce0c63	beq	x28,x12,8000b3a4	 x28:0xfffffa5a x12:0x80021e58
      195775000	     19478	8000b370	008f8db3	add	x27,x31,x8	 x31:0xffffffff  x8:0x00000000 x27=0xffffffff
      195785000	     19479	8000b374	00f99593	slli	x11,x19,0xf	 x19:0xfffffbee x11=0xfdf70000
      195795000	     19480	8000b378	00ce5fb3	srl	x31,x28,x12	 x28:0xfffffa5a x12:0x80021e58 x31=0x000000ff
      196165000	     19517	8000b37c	02325533	divu	x10,x4,x3	  x4:0xffc0010f  x3:0xfffffbf7 x10=0x00000000
      196175000	     19518	8000b380	8fcd	c.or	x15,x11	 x15:0xfffffedf x11:0xfdf70000 x15=0xfffffedf
      196195000	     19520	8000b382	0302fe33	remu	x28,x5,x16	  x5:0x5e48d000 x16:0x00000000 x28=0x5e48d000
      196205000	     19521	8000b386	007b94b3	sll	x9,x23,x7	 x23:0x00000001  x7:0xffffffff  x9=0x80000000
      196215000	     19522	8000b38a	e835a093	slti	x1,x11,-381	 x11:0xfdf70000  x1=0x00000001
      196225000	     19523	8000b38e	01b0d493	srli	x9,x1,0x1b	  x1:0x00000001  x9=0x00000000
      196235000	     19524	8000b392	8686e313	ori	x6,x13,-1944	 x13:0x00000001  x6=0xfffff869
      196255000	     19526	8000b396	038eeb33	rem	x22,x29,x24	 x29:0x0000d000 x24:0x00000000 x22=0x0000d000
      196265000	     19527	8000b39a	9bea	c.add	x23,x26	 x23:0x00000001 x26:0x0000d000 x23=0x0000d001
      196275000	     19528	8000b39c	6c41	c.lui	x24,0x10	 x24=0x00010000
      196285000	     19529	8000b39e	0409	c.addi	x8,2	  x8:0x00000000  x8=0x00000002
      196295000	     19530	8000b3a0	400986b3	sub	x13,x19,x0	 x19:0xfffffbee  x0:0x00000000 x13=0xfffffbee
      196305000	     19531	8000b3a4	0001	c.addi	x0,0	  x0:0x00000000  x0=0x00000000
      196315000	     19532	8000b3a6	8f89	c.sub	x15,x10	 x15:0xfffffedf x10:0x00000000 x15=0xfffffedf
      196325000	     19533	8000b3a8	00bc3033	sltu	x0,x24,x11	 x24:0x00010000 x11:0xfdf70000  x0=0x00000000
      196335000	     19534	8000b3ac	0001	c.addi	x0,0	  x0:0x00000000  x0=0x00000000
      196345000	     19535	8000b3ae	3c26a337	lui	x6,0x3c26a	  x6=0x3c26a000
      196355000	     19536	8000b3b2	2e497c13	andi	x24,x18,740	 x18:0xfffffffe x24=0x000002e4
      196365000	     19537	8000b3b6	e809	c.bnez	x8,8000b3c8	  x8:0x00000002
      196385000	     19539	8000b3c8	00e01413	slli	x8,x0,0xe	  x0:0x00000000  x8=0x00000000
      196395000	     19540	8000b3cc	0286e563	bltu	x13,x8,8000b3f6	 x13:0xfffffbee  x8:0x00000000
      196405000	     19541	8000b3d0	2ec50217	auipc	x4,0x2ec50	  x4=0xaec5b3d0
      196415000	     19542	8000b3d4	0186d193	srli	x3,x13,0x18	 x13:0xfffffbee  x3=0x000000ff
      196425000	     19543	8000b3d8	419c5833	sra	x16,x24,x25	 x24:0x000002e4 x25:0x00000000 x16=0x000002e4
      196445000	     19545	8000b3dc	020e5033	divu	x0,x28,x0	 x28:0x5e48d000  x0:0x00000000  x0=0x00000000
      196815000	     19582	8000b3e0	03f068b3	rem	x17,x0,x31	  x0:0x00000000 x31:0x000000ff x17=0x00000000
      196825000	     19583	8000b3e4	41c30433	sub	x8,x6,x28	  x6:0x3c26a000 x28:0x5e48d000  x8=0xddddd000
      196835000	     19584	8000b3e8	8df1	c.and	x11,x12	 x11:0xfdf70000 x12:0x80021e58 x11=0x80020000
      196845000	     19585	8000b3ea	01259e13	slli	x28,x11,0x12	 x11:0x80020000 x28=0x00000000
      196855000	     19586	8000b3ee	2cfe4313	xori	x6,x28,719	 x28:0x00000000  x6=0x000002cf
      196865000	     19587	8000b3f2	014c33b3	sltu	x7,x24,x20	 x24:0x000002e4 x20:0x00000000  x7=0x00000000
      196875000	     19588	8000b3f6	349707b7	lui	x15,0x34970	 x15=0x34970000
      196885000	     19589	8000b3fa	8fad	c.xor	x15,x11	 x15:0x34970000 x11:0x80020000 x15=0xb4950000
      196895000	     19590	8000b3fc	0001	c.addi	x0,0	  x0:0x00000000  x0=0x00000000
      196905000	     19591	8000b3fe	014dc9b3	xor	x19,x27,x20	 x27:0xffffffff x20:0x00000000 x19=0xffffffff
      196925000	     19593	8000b402	02ab72b3	remu	x5,x22,x10	 x22:0x0000d000 x10:0x00000000  x5=0x0000d000
      196935000	     19594	8000b406	ca99	c.beqz	x13,8000b41c	 x13:0xfffffbee
      196945000	     19595	8000b408	926a	c.add	x4,x26	  x4:0xaec5b3d0 x26:0x0000d000  x4=0xaec683d0
      196955000	     19596	8000b40a	6cd9	c.lui	x25,0x16	 x25=0x00016000
      196965000	     19597	8000b40c	8ca5	c.xor	x9,x9	  x9:0x00000000  x9:0x00000000  x9=0x00000000
      196975000	     19598	8000b40e	85ad	c.srai	x11,0xb	 x11:0x80020000 x11=0xfff00040
      196985000	     19599	8000b410	02955063	bge	x10,x9,8000b430	 x10:0x00000000  x9:0x00000000
      197005000	     19601	8000b430	039f5463	bge	x30,x25,8000b458	 x30:0xc000001d x25:0x00016000
      197015000	     19602	8000b434	03bf4563	blt	x30,x27,8000b45e	 x30:0xc000001d x27:0xffffffff
      197075000	     19608	8000b45e	0209b233	mulhu	x4,x19,x0	 x19:0xffffffff  x0:0x00000000  x4=0x00000000
      197085000	     19609	8000b462	ef80e493	ori	x9,x1,-264	  x1:0x00000001  x9=0xfffffef9
      197095000	     19610	8000b466	34c9a693	slti	x13,x19,844	 x19:0xffffffff x13=0x00000001
      197105000	     19611	8000b46a	00b216b3	sll	x13,x4,x11	  x4:0x00000000 x11:0xfff00040 x13=0x00000000
      197115000	     19612	8000b46e	8f9d	c.sub	x15,x15	 x15:0xb4950000 x15:0xb4950000 x15=0x00000000
      197125000	     19613	8000b470	1bfd	c.addi	x23,-1	 x23:0x0000d001 x23=0x0000d000
      197135000	     19614	8000b472	40e801b3	sub	x3,x16,x14	 x16:0x000002e4 x14:0x80025ce4  x3=0x7ffda600
      197145000	     19615	8000b476	6c99	c.lui	x25,0x6	 x25=0x00006000
      197155000	     19616	8000b478	9b12	c.add	x22,x4	 x22:0x0000d000  x4:0x00000000 x22=0x0000d000
      197165000	     19617	8000b47a	052fe363	bltu	x31,x18,8000b4c0	 x31:0x000000ff x18:0xfffffffe
      197185000	     19619	8000b4c0	4a8ab237	lui	x4,0x4a8ab	  x4=0x4a8ab000
      197195000	     19620	8000b4c4	41f10f33	sub	x30,x2,x31	  x2:0xf5e39895 x31:0x000000ff x30=0xf5e39796
      197205000	     19621	8000b4c8	c585a513	slti	x10,x11,-936	 x11:0xfff00040 x10=0x00000001
      197215000	     19622	8000b4cc	03190963	beq	x18,x17,8000b4fe	 x18:0xfffffffe x17:0x00000000
      197255000	     19626	8000b4d0	0316afb3	mulhsu	x31,x13,x17	 x13:0x00000000 x17:0x00000000 x31=0x00000000
      197265000	     19627	8000b4d4	00d05b93	srli	x23,x0,0xd	  x0:0x00000000 x23=0x00000000
      197275000	     19628	8000b4d8	013fd463	bge	x31,x19,8000b4e0	 x31:0x00000000 x19:0xffffffff
      197295000	     19630	8000b4e0	015c1193	slli	x3,x24,0x15	 x24:0x000002e4  x3=0x5c800000
      197305000	     19631	8000b4e4	01015b13	srli	x22,x2,0x10	  x2:0xf5e39895 x22=0x0000f5e3
      197315000	     19632	8000b4e8	0efd	c.addi	x29,31	 x29:0x0000d000 x29=0x0000d01f
      197685000	     19669	8000b4ea	02337333	remu	x6,x6,x3	  x6:0x000002cf  x3:0x5c800000  x6=0x000002cf
      197695000	     19670	8000b4ee	832e	c.mv	x6,x11	  x0:0x00000000 x11:0xfff00040  x6=0xfff00040
      198065000	     19707	8000b4f0	033acb33	div	x22,x21,x19	 x21:0x00012000 x19:0xffffffff x22=0xfffee000
      198075000	     19708	8000b4f4	0000100f	fence.i	
      198095000	     19710	8000b4f8	0064cc33	xor	x24,x9,x6	  x9:0xfffffef9  x6:0xfff00040 x24=0x000ffeb9
      198105000	     19711	8000b4fc	8c9d	c.sub	x9,x15	  x9:0xfffffef9 x15:0x00000000  x9=0xfffffef9
      198115000	     19712	8000b4fe	0000100f	fence.i	
      198135000	     19714	8000b502	8fe9	c.and	x15,x10	 x15:0x00000000 x10:0x00000001 x15=0x00000000
      198175000	     19718	8000b504	02819bb3	mulh	x23,x3,x8	  x3:0x5c800000  x8:0xddddd000 x23=0xf3aaa5a8
      198185000	     19719	8000b508	6be18193	addi	x3,x3,1726	  x3:0x5c800000  x3=0x5c8006be
      198195000	     19720	8000b50c	408608b3	sub	x17,x12,x8	 x12:0x80021e58  x8:0xddddd000 x17=0xa2244e58
      198235000	     19724	8000b510	03269433	mulh	x8,x13,x18	 x13:0x00000000 x18:0xfffffffe  x8=0x00000000
      198245000	     19725	8000b514	9d42	c.add	x26,x16	 x26:0x0000d000 x16:0x000002e4 x26=0x0000d2e4
      198255000	     19726	8000b516	86c5	c.srai	x13,0x11	 x13:0x00000000 x13=0x00000000
      198265000	     19727	8000b518	008da3b3	slt	x7,x27,x8	 x27:0xffffffff  x8:0x00000000  x7=0x00000001
      198275000	     19728	8000b51c	8c49	c.or	x8,x10	  x8:0x00000000 x10:0x00000001  x8=0x00000001
      198285000	     19729	8000b51e	a010af93	slti	x31,x1,-1535	  x1:0x00000001 x31=0x00000000
      198295000	     19730	8000b522	0352	c.slli	x6,0x14	  x6:0xfff00040  x6=0x04000000
      198335000	     19734	8000b524	03a83db3	mulhu	x27,x16,x26	 x16:0x000002e4 x26:0x0000d2e4 x27=0x00000000
      198375000	     19738	8000b528	02ae2f33	mulhsu	x30,x28,x10	 x28:0x00000000 x10:0x00000001 x30=0x00000000
      198385000	     19739	8000b52c	009f9593	slli	x11,x31,0x9	 x31:0x00000000 x11=0x00000000
      198395000	     19740	8000b530	01cf5a13	srli	x20,x30,0x1c	 x30:0x00000000 x20=0x00000000
      198405000	     19741	8000b534	65c66093	ori	x1,x12,1628	 x12:0x80021e58  x1=0x80021e5c
      198415000	     19742	8000b538	0001	c.addi	x0,0	  x0:0x00000000  x0=0x00000000
      198425000	     19743	8000b53a	02134163	blt	x6,x1,8000b55c	  x6:0x04000000  x1:0x80021e5c
      198435000	     19744	8000b53e	416b5333	sra	x6,x22,x22	 x22:0xfffee000 x22:0xfffee000  x6=0xfffee000
      198445000	     19745	8000b542	8021	c.srli	x8,0x8	  x8:0x00000001  x8=0x00000000
      198475000	     19748	8000b544	03680d33	mul	x26,x16,x22	 x16:0x000002e4 x22:0xfffee000 x26=0xfcbf8000
      198505000	     19751	8000b548	028a0e33	mul	x28,x20,x8	 x20:0x00000000  x8:0x00000000 x28=0x00000000
      198515000	     19752	8000b54c	8da2	c.mv	x27,x8	  x0:0x00000000  x8:0x00000000 x27=0x00000000
      198545000	     19755	8000b54e	02e10e33	mul	x28,x2,x14	  x2:0xf5e39895 x14:0x80025ce4 x28=0x7ab370b4
      198555000	     19756	8000b552	137d	c.addi	x6,-1	  x6:0xfffee000  x6=0xfffedfff
      198565000	     19757	8000b554	838c2a93	slti	x21,x24,-1992	 x24:0x000ffeb9 x21=0x00000000
      198575000	     19758	8000b558	02f21663	bne	x4,x15,8000b584	  x4:0x4a8ab000 x15:0x00000000
      198595000	     19760	8000b584	0133a3b3	slt	x7,x7,x19	  x7:0x00000001 x19:0xffffffff  x7=0x00000000
      198605000	     19761	8000b588	8fad	c.xor	x15,x11	 x15:0x00000000 x11:0x00000000 x15=0x00000000
      198615000	     19762	8000b58a	41705813	srai	x16,x0,0x17	  x0:0x00000000 x16=0x00000000
      198625000	     19763	8000b58e	1ffd	c.addi	x31,-1	 x31:0x00000000 x31=0xffffffff
      198635000	     19764	8000b590	40e75b33	sra	x22,x14,x14	 x14:0x80025ce4 x14:0x80025ce4 x22=0xf80025ce
      198645000	     19765	8000b594	6d224093	xori	x1,x4,1746	  x4:0x4a8ab000  x1=0x4a8ab6d2
      198655000	     19766	8000b598	034b7563	bgeu	x22,x20,8000b5c2	 x22:0xf80025ce x20:0x00000000
      198675000	     19768	8000b5c2	86d9	c.srai	x13,0x16	 x13:0x00000000 x13=0x00000000
      198715000	     19772	8000b5c4	034b21b3	mulhsu	x3,x22,x20	 x22:0xf80025ce x20:0x00000000  x3=0x00000000
      199085000	     19809	8000b5c8	03d55833	divu	x16,x10,x29	 x10:0x00000001 x29:0x0000d01f x16=0x00000000
      199095000	     19810	8000b5cc	e395	c.bnez	x15,8000b5f0	 x15:0x00000000
      199105000	     19811	8000b5ce	89f1	c.andi	x11,28	 x11:0x00000000 x11=0x00000000
      199115000	     19812	8000b5d0	02bcdb63	bge	x25,x11,8000b606	 x25:0x00006000 x11:0x00000000
      199135000	     19814	8000b606	e109	c.bnez	x10,8000b608	 x10:0x00000001
      199155000	     19816	8000b608	003fc4b3	xor	x9,x31,x3	 x31:0xffffffff  x3:0x00000000  x9=0xffffffff
      199165000	     19817	8000b60c	6cd33693	sltiu	x13,x6,1741	  x6:0xfffedfff x13=0x00000000
      199175000	     19818	8000b610	08854397	auipc	x7,0x8854	  x7=0x8885f610
      199185000	     19819	8000b614	dcb22337	lui	x6,0xdcb22	  x6=0xdcb22000
      199195000	     19820	8000b618	c119	c.beqz	x10,8000b61e	 x10:0x00000001
      199205000	     19821	8000b61a	0149a333	slt	x6,x19,x20	 x19:0xffffffff x20:0x00000000  x6=0x00000001
      199215000	     19822	8000b61e	9afd	c.andi	x13,-1	 x13:0x00000000 x13=0x00000000
      199225000	     19823	8000b620	01a5de33	srl	x28,x11,x26	 x11:0x00000000 x26:0xfcbf8000 x28=0x00000000
      199235000	     19824	8000b624	6d4a4893	xori	x17,x20,1748	 x20:0x00000000 x17=0x000006d4
      199245000	     19825	8000b628	00d9bcb3	sltu	x25,x19,x13	 x19:0xffffffff x13:0x00000000 x25=0x00000000
      199255000	     19826	8000b62c	e501	c.bnez	x10,8000b634	 x10:0x00000001
      199275000	     19828	8000b634	0001	c.addi	x0,0	  x0:0x00000000  x0=0x00000000
      199285000	     19829	8000b636	01164e33	xor	x28,x12,x17	 x12:0x80021e58 x17:0x000006d4 x28=0x8002188c
      199295000	     19830	8000b63a	82ad	c.srli	x13,0xb	 x13:0x00000000 x13=0x00000000
      199305000	     19831	8000b63c	0131ca33	xor	x20,x3,x19	  x3:0x00000000 x19:0xffffffff x20=0xffffffff
      199675000	     19868	8000b640	038ddbb3	divu	x23,x27,x24	 x27:0x00000000 x24:0x000ffeb9 x23=0x00000000
      199705000	     19871	8000b644	02fd08b3	mul	x17,x26,x15	 x26:0xfcbf8000 x15:0x00000000 x17=0x00000000
      199715000	     19872	8000b648	008ebf13	sltiu	x30,x29,8	 x29:0x0000d01f x30=0x00000000
      199725000	     19873	8000b64c	326acd93	xori	x27,x21,806	 x21:0x00000000 x27=0x00000326
      199735000	     19874	8000b650	009b94b3	sll	x9,x23,x9	 x23:0x00000000  x9:0xffffffff  x9=0x00000000
      199745000	     19875	8000b654	975bb813	sltiu	x16,x23,-1675	 x23:0x00000000 x16=0x00000001
      199755000	     19876	8000b658	4186d193	srai	x3,x13,0x18	 x13:0x00000000  x3=0x00000000
      199765000	     19877	8000b65c	0000d893	srli	x17,x1,0x0	  x1:0x4a8ab6d2 x17=0x4a8ab6d2
      199775000	     19878	8000b660	40325533	sra	x10,x4,x3	  x4:0x4a8ab000  x3:0x00000000 x10=0x4a8ab000
      199805000	     19881	8000b664	03b40fb3	mul	x31,x8,x27	  x8:0x00000000 x27:0x00000326 x31=0x00000000
      199815000	     19882	8000b668	0f86	c.slli	x31,0x1	 x31:0x00000000 x31=0x00000000
      199825000	     19883	8000b66a	0350d063	bge	x1,x21,8000b68a	  x1:0x4a8ab6d2 x21:0x00000000
      199845000	     19885	8000b68a	0449	c.addi	x8,18	  x8:0x00000000  x8=0x00000012
      199855000	     19886	8000b68c	81ed	c.srli	x11,0x1b	 x11:0x00000000 x11=0x00000000
      199865000	     19887	8000b68e	41980233	sub	x4,x16,x25	 x16:0x00000001 x25:0x00000000  x4=0x00000001
      199875000	     19888	8000b692	8c8d	c.sub	x9,x11	  x9:0x00000000 x11:0x00000000  x9=0x00000000
      199885000	     19889	8000b694	8d39	c.xor	x10,x14	 x10:0x4a8ab000 x14:0x80025ce4 x10=0xca88ece4
      199915000	     19892	8000b696	02338c33	mul	x24,x7,x3	  x7:0x8885f610  x3:0x00000000 x24=0x00000000
      199925000	     19893	8000b69a	0e71	c.addi	x28,28	 x28:0x8002188c x28=0x800218a8
      199935000	     19894	8000b69c	00fa5e63	bge	x20,x15,8000b6b8	 x20:0xffffffff x15:0x00000000
      199945000	     19895	8000b6a0	25d5ec13	ori	x24,x11,605	 x11:0x00000000 x24=0x0000025d
      199955000	     19896	8000b6a4	056f5363	bge	x30,x22,8000b6ea	 x30:0x00000000 x22:0xf80025ce
      199985000	     19899	8000b6ea	5199fa13	andi	x20,x19,1305	 x19:0xffffffff x20=0x00000519
      199995000	     19900	8000b6ee	011a5833	srl	x16,x20,x17	 x20:0x00000519 x17:0x4a8ab6d2 x16=0x00000000
      200005000	     19901	8000b6f2	00c49533	sll	x10,x9,x12	  x9:0x00000000 x12:0x80021e58 x10=0x00000000
      200015000	     19902	8000b6f6	01231d33	sll	x26,x6,x18	  x6:0x00000001 x18:0xfffffffe x26=0x40000000
      200025000	     19903	8000b6fa	7dba6a93	ori	x21,x20,2011	 x20:0x00000519 x21=0x000007db
      200035000	     19904	8000b6fe	81a1	c.srli	x11,0x8	 x11:0x00000000 x11=0x00000000
      200045000	     19905	8000b700	01957363	bgeu	x10,x25,8000b706	 x10:0x00000000 x25:0x00000000
      200065000	     19907	8000b706	0001	c.addi	x0,0	  x0:0x00000000  x0=0x00000000
      200075000	     19908	8000b708	da1c0313	addi	x6,x24,-607	 x24:0x0000025d  x6=0xfffffffe
      200085000	     19909	8000b70c	00b34833	xor	x16,x6,x11	  x6:0xfffffffe x11:0x00000000 x16=0xfffffffe
      200455000	     19946	8000b710	03bcce33	div	x28,x25,x27	 x25:0x00000000 x27:0x00000326 x28=0x00000000
      200465000	     19947	8000b714	407e5e33	sra	x28,x28,x7	 x28:0x00000000  x7:0x8885f610 x28=0x00000000
      200475000	     19948	8000b718	8d4d	c.or	x10,x11	 x10:0x00000000 x11:0x00000000 x10=0x00000000
      200485000	     19949	8000b71a	66e5c793	xori	x15,x11,1646	 x11:0x00000000 x15=0x0000066e
      200495000	     19950	8000b71e	e8386013	ori	x0,x16,-381	 x16:0xfffffffe  x0=0x00000000
      200505000	     19951	8000b722	c019	c.beqz	x8,8000b728	  x8:0x00000012
      200515000	     19952	8000b724	7bc22a13	slti	x20,x4,1980	  x4:0x00000001 x20=0x00000001
      200525000	     19953	8000b728	411f5a93	srai	x21,x30,0x11	 x30:0x00000000 x21=0x00000000
      200535000	     19954	8000b72c	40618233	sub	x4,x3,x6	  x3:0x00000000  x6:0xfffffffe  x4=0x00000002
      200545000	     19955	8000b730	0000100f	fence.i	
      200565000	     19957	8000b734	2fc44e13	xori	x28,x8,764	  x8:0x00000012 x28=0x000002ee
      200575000	     19958	8000b738	003b6eb3	or	x29,x22,x3	 x22:0xf80025ce  x3:0x00000000 x29=0xf80025ce
      200585000	     19959	8000b73c	585328b7	lui	x17,0x58532	 x17=0x58532000
      200595000	     19960	8000b740	9f3301b7	lui	x3,0x9f330	  x3=0x9f330000
      200635000	     19964	8000b744	03362bb3	mulhsu	x23,x12,x19	 x12:0x80021e58 x19:0xffffffff x23=0x80021e58
      200645000	     19965	8000b748	00462083	lw	x1,4(x12)	 x12:0x80021e58  x1=0x80003442 PA:0x80021e5c load:0x80003442
      200655000	     19966	8000b74c	0631	c.addi	x12,12	 x12:0x80021e58 x12=0x80021e64
      200665000	     19967	8000b74e	0124f6b3	and	x13,x9,x18	  x9:0x00000000 x18:0xfffffffe x13=0x00000000
      200675000	     19968	8000b752	01fe8233	add	x4,x29,x31	 x29:0xf80025ce x31:0x00000000  x4=0xf80025ce
      200685000	     19969	8000b756	48f1	c.li	x17,28	 x17=0x0000001c
      200695000	     19970	8000b758	00108293	addi	x5,x1,1	  x1:0x80003442  x5=0x80003443
      200705000	     19971	8000b75c	9282	c.jalr	x5	  x5:0x80003443  x1=0x8000b75e
      200765000	     19977	80003442	03f2bfb3	mulhu	x31,x5,x31	  x5:0x80003443 x31:0x00000000 x31=0x00000000
      201135000	     20014	80003446	023b76b3	remu	x13,x22,x3	 x22:0xf80025ce  x3:0x9f330000 x13=0x58cd25ce
      201505000	     20051	8000344a	03667ab3	remu	x21,x12,x22	 x12:0x80021e64 x22:0xf80025ce x21=0x80021e64
      201515000	     20052	8000344e	04afc363	blt	x31,x10,80003494	 x31:0x00000000 x10:0x00000000
      201525000	     20053	80003452	80118593	addi	x11,x3,-2047	  x3:0x9f330000 x11=0x9f32f801
      201895000	     20090	80003456	0279d233	divu	x4,x19,x7	 x19:0xffffffff  x7:0x8885f610  x4=0x00000001
      201905000	     20091	8000345a	01436463	bltu	x6,x20,80003462	  x6:0xfffffffe x20:0x00000001
      202275000	     20128	8000345e	0351df33	divu	x30,x3,x21	  x3:0x9f330000 x21:0x80021e64 x30=0x00000001
      202285000	     20129	80003462	02355063	bge	x10,x3,80003482	 x10:0x00000000  x3:0x9f330000
      202315000	     20132	80003482	d157ee93	ori	x29,x15,-747	 x15:0x0000066e x29=0xffffff7f
      202325000	     20133	80003486	f3d63013	sltiu	x0,x12,-195	 x12:0x80021e64  x0=0x00000000
      202335000	     20134	8000348a	81a2	c.mv	x3,x8	  x0:0x00000000  x8:0x00000012  x3=0x00000012
      202345000	     20135	8000348c	00b3e263	bltu	x7,x11,80003490	  x7:0x8885f610 x11:0x9f32f801
      202365000	     20137	80003490	01bcc533	xor	x10,x25,x27	 x25:0x00000000 x27:0x00000326 x10=0x00000326
      202405000	     20141	80003494	039c95b3	mulh	x11,x25,x25	 x25:0x00000000 x25:0x00000000 x11=0x00000000
      202445000	     20145	80003498	02adadb3	mulhsu	x27,x27,x10	 x27:0x00000326 x10:0x00000326 x27=0x00000000
      202455000	     20146	8000349c	76e04937	lui	x18,0x76e04	 x18=0x76e04000
      202465000	     20147	800034a0	01089c33	sll	x24,x17,x16	 x17:0x0000001c x16:0xfffffffe x24=0x00000000
      202475000	     20148	800034a4	ffffd117	auipc	x2,0xffffd	  x2=0x800004a4
      202485000	     20149	800034a8	eda10113	addi	x2,x2,-294	  x2:0x800004a4  x2=0x8000037e
      202495000	     20150	800034ac	00010067	jalr	x0,0(x2)	  x2:0x8000037e  x0=0x00000000
      202525000	     20153	8000037e	90000a37	lui	x20,0x90000	 x20=0x90000000
      202535000	     20154	80000382	1a61	c.addi	x20,-8	 x20:0x90000000 x20=0x8ffffff8
      202545000	     20155	80000384	4301	c.li	x6,0	  x6=0x00000000
      202555000	     20156	80000386	0322	c.slli	x6,0x8	  x6:0x00000000  x6=0x00000000
      202565000	     20157	80000388	0305	c.addi	x6,1	  x6:0x00000000  x6=0x00000001
      202575000	     20158	8000038a	006a2023	sw	x6,0(x20)	 x20:0x8ffffff8  x6:0x00000001 PA:0x8ffffff8 store:0x00000001 load:0x00000000
      202585000	     20159	8000038e	00000073	ecall	
      202615000	     20162	80002500	0800006f	jal	x0,80002580	  x0=0x00000000
      202635000	     20164	80002580	1771	c.addi	x14,-4	 x14:0x80025ce4 x14=0x80025ce0
      202645000	     20165	80002582	c310	c.sw	x12,0(x14)	 x14:0x80025ce0 x12:0x80021e64 PA:0x80025ce0 store:0x80021e64 load:0x00000000
