Time	Cycle	PC	Insn	Decoded instruction	Register and memory contents
        1055000	         6	80000080	40001db7	lui	x27,0x40001	 x27=0x40001000
        1065000	         7	80000084	106d8d93	addi	x27,x27,262	 x27:0x40001000 x27=0x40001106
        1075000	         8	80000088	301d9073	csrrw	x0,misa,x27	 x27:0x40001106  x0=0x00000000
        1105000	        11	8000008c	0002d697	auipc	x13,0x2d	 x13=0x8002d08c
        1115000	        12	80000090	c5868693	addi	x13,x13,-936	 x13:0x8002d08c x13=0x8002cce4
        1125000	        13	80000094	00002d97	auipc	x27,0x2	 x27=0x80002094
        1135000	        14	80000098	66cd8d93	addi	x27,x27,1644	 x27:0x80002094 x27=0x80002700
        1145000	        15	8000009c	001ded93	ori	x27,x27,1	 x27:0x80002700 x27=0x80002701
        1155000	        16	800000a0	305d9073	csrrw	x0,mtvec,x27	 x27:0x80002701  x0=0x00000000
        1185000	        19	800000a4	74725073	csrrwi	x0,0x747,4	  x0=0x00000000
        1215000	        22	800000a8	00003597	auipc	x11,0x3	 x11=0x800030a8
        1225000	        23	800000ac	41458593	addi	x11,x11,1044	 x11:0x800030a8 x11=0x800034bc
        1235000	        24	800000b0	4d81	c.li	x27,0	 x27=0x00000000
        1245000	        25	800000b2	95ee	c.add	x11,x27	 x11:0x800034bc x27:0x00000000 x11=0x800034bc
        1255000	        26	800000b4	8189	c.srli	x11,0x2	 x11:0x800034bc x11=0x20000d2f
        1265000	        27	800000b6	3b059073	csrrw	x0,pmpaddr0,x11	 x11:0x20000d2f  x0=0x00000000
        1295000	        30	800000ba	00003597	auipc	x11,0x3	 x11=0x800030ba
        1305000	        31	800000be	40258593	addi	x11,x11,1026	 x11:0x800030ba x11=0x800034bc
        1315000	        32	800000c2	11111db7	lui	x27,0x11111	 x27=0x11111000
        1325000	        33	800000c6	111d8d93	addi	x27,x27,273	 x27:0x11111000 x27=0x11111111
        1335000	        34	800000ca	95ee	c.add	x11,x27	 x11:0x800034bc x27:0x11111111 x11=0x911145cd
        1345000	        35	800000cc	8189	c.srli	x11,0x2	 x11:0x911145cd x11=0x24445173
        1355000	        36	800000ce	3b159073	csrrw	x0,pmpaddr1,x11	 x11:0x24445173  x0=0x00000000
        1385000	        39	800000d2	00003597	auipc	x11,0x3	 x11=0x800030d2
        1395000	        40	800000d6	3ea58593	addi	x11,x11,1002	 x11:0x800030d2 x11=0x800034bc
        1405000	        41	800000da	22222db7	lui	x27,0x22222	 x27=0x22222000
        1415000	        42	800000de	222d8d93	addi	x27,x27,546	 x27:0x22222000 x27=0x22222222
        1425000	        43	800000e2	95ee	c.add	x11,x27	 x11:0x800034bc x27:0x22222222 x11=0xa22256de
        1435000	        44	800000e4	8189	c.srli	x11,0x2	 x11:0xa22256de x11=0x288895b7
        1445000	        45	800000e6	3b259073	csrrw	x0,pmpaddr2,x11	 x11:0x288895b7  x0=0x00000000
        1475000	        48	800000ea	00003597	auipc	x11,0x3	 x11=0x800030ea
        1485000	        49	800000ee	3d258593	addi	x11,x11,978	 x11:0x800030ea x11=0x800034bc
        1495000	        50	800000f2	33333db7	lui	x27,0x33333	 x27=0x33333000
        1505000	        51	800000f6	333d8d93	addi	x27,x27,819	 x27:0x33333000 x27=0x33333333
        1515000	        52	800000fa	95ee	c.add	x11,x27	 x11:0x800034bc x27:0x33333333 x11=0xb33367ef
        1525000	        53	800000fc	8189	c.srli	x11,0x2	 x11:0xb33367ef x11=0x2cccd9fb
        1535000	        54	800000fe	3b359073	csrrw	x0,pmpaddr3,x11	 x11:0x2cccd9fb  x0=0x00000000
        1565000	        57	80000102	0f0f15b7	lui	x11,0xf0f1	 x11=0x0f0f1000
        1575000	        58	80000106	f0f58593	addi	x11,x11,-241	 x11:0x0f0f1000 x11=0x0f0f0f0f
        1585000	        59	8000010a	3a059073	csrrw	x0,pmpcfg0,x11	 x11:0x0f0f0f0f  x0=0x00000000
        1615000	        62	8000010e	00003597	auipc	x11,0x3	 x11=0x8000310e
        1625000	        63	80000112	3ae58593	addi	x11,x11,942	 x11:0x8000310e x11=0x800034bc
        1635000	        64	80000116	44444db7	lui	x27,0x44444	 x27=0x44444000
        1645000	        65	8000011a	444d8d93	addi	x27,x27,1092	 x27:0x44444000 x27=0x44444444
        1655000	        66	8000011e	95ee	c.add	x11,x27	 x11:0x800034bc x27:0x44444444 x11=0xc4447900
        1665000	        67	80000120	8189	c.srli	x11,0x2	 x11:0xc4447900 x11=0x31111e40
        1675000	        68	80000122	3b459073	csrrw	x0,pmpaddr4,x11	 x11:0x31111e40  x0=0x00000000
        1705000	        71	80000126	00003597	auipc	x11,0x3	 x11=0x80003126
        1715000	        72	8000012a	39658593	addi	x11,x11,918	 x11:0x80003126 x11=0x800034bc
        1725000	        73	8000012e	55555db7	lui	x27,0x55555	 x27=0x55555000
        1735000	        74	80000132	555d8d93	addi	x27,x27,1365	 x27:0x55555000 x27=0x55555555
        1745000	        75	80000136	95ee	c.add	x11,x27	 x11:0x800034bc x27:0x55555555 x11=0xd5558a11
        1755000	        76	80000138	8189	c.srli	x11,0x2	 x11:0xd5558a11 x11=0x35556284
        1765000	        77	8000013a	3b559073	csrrw	x0,pmpaddr5,x11	 x11:0x35556284  x0=0x00000000
        1795000	        80	8000013e	00003597	auipc	x11,0x3	 x11=0x8000313e
        1805000	        81	80000142	37e58593	addi	x11,x11,894	 x11:0x8000313e x11=0x800034bc
        1815000	        82	80000146	66666db7	lui	x27,0x66666	 x27=0x66666000
        1825000	        83	8000014a	666d8d93	addi	x27,x27,1638	 x27:0x66666000 x27=0x66666666
        1835000	        84	8000014e	95ee	c.add	x11,x27	 x11:0x800034bc x27:0x66666666 x11=0xe6669b22
        1845000	        85	80000150	8189	c.srli	x11,0x2	 x11:0xe6669b22 x11=0x3999a6c8
        1855000	        86	80000152	3b659073	csrrw	x0,pmpaddr6,x11	 x11:0x3999a6c8  x0=0x00000000
        1885000	        89	80000156	00003597	auipc	x11,0x3	 x11=0x80003156
        1895000	        90	8000015a	36658593	addi	x11,x11,870	 x11:0x80003156 x11=0x800034bc
        1905000	        91	8000015e	77777db7	lui	x27,0x77777	 x27=0x77777000
        1915000	        92	80000162	777d8d93	addi	x27,x27,1911	 x27:0x77777000 x27=0x77777777
        1925000	        93	80000166	95ee	c.add	x11,x27	 x11:0x800034bc x27:0x77777777 x11=0xf777ac33
        1935000	        94	80000168	8189	c.srli	x11,0x2	 x11:0xf777ac33 x11=0x3dddeb0c
        1945000	        95	8000016a	3b759073	csrrw	x0,pmpaddr7,x11	 x11:0x3dddeb0c  x0=0x00000000
        1975000	        98	8000016e	0f0f15b7	lui	x11,0xf0f1	 x11=0x0f0f1000
        1985000	        99	80000172	f0f58593	addi	x11,x11,-241	 x11:0x0f0f1000 x11=0x0f0f0f0f
        1995000	       100	80000176	3a159073	csrrw	x0,pmpcfg1,x11	 x11:0x0f0f0f0f  x0=0x00000000
        2025000	       103	8000017a	00003597	auipc	x11,0x3	 x11=0x8000317a
        2035000	       104	8000017e	34258593	addi	x11,x11,834	 x11:0x8000317a x11=0x800034bc
        2045000	       105	80000182	88889db7	lui	x27,0x88889	 x27=0x88889000
        2055000	       106	80000186	888d8d93	addi	x27,x27,-1912	 x27:0x88889000 x27=0x88888888
        2065000	       107	8000018a	95ee	c.add	x11,x27	 x11:0x800034bc x27:0x88888888 x11=0x0888bd44
        2075000	       108	8000018c	8189	c.srli	x11,0x2	 x11:0x0888bd44 x11=0x02222f51
        2085000	       109	8000018e	3b859073	csrrw	x0,pmpaddr8,x11	 x11:0x02222f51  x0=0x00000000
        2115000	       112	80000192	00003597	auipc	x11,0x3	 x11=0x80003192
        2125000	       113	80000196	32a58593	addi	x11,x11,810	 x11:0x80003192 x11=0x800034bc
        2135000	       114	8000019a	9999adb7	lui	x27,0x9999a	 x27=0x9999a000
        2145000	       115	8000019e	999d8d93	addi	x27,x27,-1639	 x27:0x9999a000 x27=0x99999999
        2155000	       116	800001a2	95ee	c.add	x11,x27	 x11:0x800034bc x27:0x99999999 x11=0x1999ce55
        2165000	       117	800001a4	8189	c.srli	x11,0x2	 x11:0x1999ce55 x11=0x06667395
        2175000	       118	800001a6	3b959073	csrrw	x0,pmpaddr9,x11	 x11:0x06667395  x0=0x00000000
        2205000	       121	800001aa	00003597	auipc	x11,0x3	 x11=0x800031aa
        2215000	       122	800001ae	31258593	addi	x11,x11,786	 x11:0x800031aa x11=0x800034bc
        2225000	       123	800001b2	aaaabdb7	lui	x27,0xaaaab	 x27=0xaaaab000
        2235000	       124	800001b6	aaad8d93	addi	x27,x27,-1366	 x27:0xaaaab000 x27=0xaaaaaaaa
        2245000	       125	800001ba	95ee	c.add	x11,x27	 x11:0x800034bc x27:0xaaaaaaaa x11=0x2aaadf66
        2255000	       126	800001bc	8189	c.srli	x11,0x2	 x11:0x2aaadf66 x11=0x0aaab7d9
        2265000	       127	800001be	3ba59073	csrrw	x0,pmpaddr10,x11	 x11:0x0aaab7d9  x0=0x00000000
        2295000	       130	800001c2	00003597	auipc	x11,0x3	 x11=0x800031c2
        2305000	       131	800001c6	2fa58593	addi	x11,x11,762	 x11:0x800031c2 x11=0x800034bc
        2315000	       132	800001ca	bbbbcdb7	lui	x27,0xbbbbc	 x27=0xbbbbc000
        2325000	       133	800001ce	bbbd8d93	addi	x27,x27,-1093	 x27:0xbbbbc000 x27=0xbbbbbbbb
        2335000	       134	800001d2	95ee	c.add	x11,x27	 x11:0x800034bc x27:0xbbbbbbbb x11=0x3bbbf077
        2345000	       135	800001d4	8189	c.srli	x11,0x2	 x11:0x3bbbf077 x11=0x0eeefc1d
        2355000	       136	800001d6	3bb59073	csrrw	x0,pmpaddr11,x11	 x11:0x0eeefc1d  x0=0x00000000
        2385000	       139	800001da	0f0f15b7	lui	x11,0xf0f1	 x11=0x0f0f1000
        2395000	       140	800001de	f0f58593	addi	x11,x11,-241	 x11:0x0f0f1000 x11=0x0f0f0f0f
        2405000	       141	800001e2	3a259073	csrrw	x0,pmpcfg2,x11	 x11:0x0f0f0f0f  x0=0x00000000
        2435000	       144	800001e6	00003597	auipc	x11,0x3	 x11=0x800031e6
        2445000	       145	800001ea	2d658593	addi	x11,x11,726	 x11:0x800031e6 x11=0x800034bc
        2455000	       146	800001ee	ccccddb7	lui	x27,0xccccd	 x27=0xccccd000
        2465000	       147	800001f2	cccd8d93	addi	x27,x27,-820	 x27:0xccccd000 x27=0xcccccccc
        2475000	       148	800001f6	95ee	c.add	x11,x27	 x11:0x800034bc x27:0xcccccccc x11=0x4ccd0188
        2485000	       149	800001f8	8189	c.srli	x11,0x2	 x11:0x4ccd0188 x11=0x13334062
        2495000	       150	800001fa	3bc59073	csrrw	x0,pmpaddr12,x11	 x11:0x13334062  x0=0x00000000
        2525000	       153	800001fe	00003597	auipc	x11,0x3	 x11=0x800031fe
        2535000	       154	80000202	2be58593	addi	x11,x11,702	 x11:0x800031fe x11=0x800034bc
        2545000	       155	80000206	ddddedb7	lui	x27,0xdddde	 x27=0xdddde000
        2555000	       156	8000020a	dddd8d93	addi	x27,x27,-547	 x27:0xdddde000 x27=0xdddddddd
        2565000	       157	8000020e	95ee	c.add	x11,x27	 x11:0x800034bc x27:0xdddddddd x11=0x5dde1299
        2575000	       158	80000210	8189	c.srli	x11,0x2	 x11:0x5dde1299 x11=0x177784a6
        2585000	       159	80000212	3bd59073	csrrw	x0,pmpaddr13,x11	 x11:0x177784a6  x0=0x00000000
        2615000	       162	80000216	00003597	auipc	x11,0x3	 x11=0x80003216
        2625000	       163	8000021a	2a658593	addi	x11,x11,678	 x11:0x80003216 x11=0x800034bc
        2635000	       164	8000021e	eeeefdb7	lui	x27,0xeeeef	 x27=0xeeeef000
        2645000	       165	80000222	eeed8d93	addi	x27,x27,-274	 x27:0xeeeef000 x27=0xeeeeeeee
        2655000	       166	80000226	95ee	c.add	x11,x27	 x11:0x800034bc x27:0xeeeeeeee x11=0x6eef23aa
        2665000	       167	80000228	8189	c.srli	x11,0x2	 x11:0x6eef23aa x11=0x1bbbc8ea
        2675000	       168	8000022a	3be59073	csrrw	x0,pmpaddr14,x11	 x11:0x1bbbc8ea  x0=0x00000000
        2705000	       171	8000022e	00003597	auipc	x11,0x3	 x11=0x8000322e
        2715000	       172	80000232	28e58593	addi	x11,x11,654	 x11:0x8000322e x11=0x800034bc
        2725000	       173	80000236	fff00d93	addi	x27,x0,-1	  x0:0x00000000 x27=0xffffffff
        2735000	       174	8000023a	95ee	c.add	x11,x27	 x11:0x800034bc x27:0xffffffff x11=0x800034bb
        2745000	       175	8000023c	8189	c.srli	x11,0x2	 x11:0x800034bb x11=0x20000d2e
        2755000	       176	8000023e	3bf59073	csrrw	x0,pmpaddr15,x11	 x11:0x20000d2e  x0=0x00000000
        2785000	       179	80000242	0f0f15b7	lui	x11,0xf0f1	 x11=0x0f0f1000
        2795000	       180	80000246	f0f58593	addi	x11,x11,-241	 x11:0x0f0f1000 x11=0x0f0f0f0f
        2805000	       181	8000024a	3a359073	csrrw	x0,pmpcfg3,x11	 x11:0x0f0f0f0f  x0=0x00000000
        2835000	       184	8000024e	00000d97	auipc	x27,0x0	 x27=0x8000024e
        2845000	       185	80000252	060d8d93	addi	x27,x27,96	 x27:0x8000024e x27=0x800002ae
        2855000	       186	80000256	341d9073	csrrw	x0,mepc,x27	 x27:0x800002ae  x0=0x00000000
        2865000	       187	8000025a	7c00d073	csrrwi	x0,0x7c0,1	  x0=0x00000000
        2895000	       190	8000025e	4d81	c.li	x27,0	 x27=0x00000000
        2905000	       191	80000260	300d9073	csrrw	x0,mstatus,x27	 x27:0x00000000  x0=0x00000000
        2935000	       194	80000264	4d81	c.li	x27,0	 x27=0x00000000
        2945000	       195	80000266	304d9073	csrrw	x0,mie,x27	 x27:0x00000000  x0=0x00000000
        2975000	       198	8000026a	90000d37	lui	x26,0x90000	 x26=0x90000000
        2985000	       199	8000026e	1d71	c.addi	x26,-4	 x26:0x90000000 x26=0x8ffffffc
        2995000	       200	80000270	90000d37	lui	x26,0x90000	 x26=0x90000000
        3005000	       201	80000274	1d71	c.addi	x26,-4	 x26:0x90000000 x26=0x8ffffffc
        3015000	       202	80000276	90000d37	lui	x26,0x90000	 x26=0x90000000
        3025000	       203	8000027a	1d71	c.addi	x26,-4	 x26:0x90000000 x26=0x8ffffffc
        3035000	       204	8000027c	30000d93	addi	x27,x0,768	  x0:0x00000000 x27=0x00000300
        3045000	       205	80000280	0da2	c.slli	x27,0x8	 x27:0x00000300 x27=0x00030000
        3055000	       206	80000282	0d8d	c.addi	x27,3	 x27:0x00030000 x27=0x00030003
        3065000	       207	80000284	01bd2023	sw	x27,0(x26)	 x26:0x8ffffffc x27:0x00030003 PA:0x8ffffffc store:0x00030003 load:0x00000000
        3075000	       208	80000288	30002df3	csrrs	x27,mstatus,x0	  x0:0x00000000 x27=0x00000000
        3085000	       209	8000028c	01bd2023	sw	x27,0(x26)	 x26:0x8ffffffc x27:0x00000000 PA:0x8ffffffc store:0x00000000 load:0x00000000
        3095000	       210	80000290	90000d37	lui	x26,0x90000	 x26=0x90000000
        3105000	       211	80000294	1d71	c.addi	x26,-4	 x26:0x90000000 x26=0x8ffffffc
        3115000	       212	80000296	30400d93	addi	x27,x0,772	  x0:0x00000000 x27=0x00000304
        3125000	       213	8000029a	0da2	c.slli	x27,0x8	 x27:0x00000304 x27=0x00030400
        3135000	       214	8000029c	0d8d	c.addi	x27,3	 x27:0x00030400 x27=0x00030403
        3145000	       215	8000029e	01bd2023	sw	x27,0(x26)	 x26:0x8ffffffc x27:0x00030403 PA:0x8ffffffc store:0x00030403 load:0x00000000
        3155000	       216	800002a2	30402df3	csrrs	x27,mie,x0	  x0:0x00000000 x27=0x00000000
        3165000	       217	800002a6	01bd2023	sw	x27,0(x26)	 x26:0x8ffffffc x27:0x00000000 PA:0x8ffffffc store:0x00000000 load:0x00000000
        3175000	       218	800002aa	30200073	mret	
        3215000	       222	800002ae	00100013	addi	x0,x0,1	  x0:0x00000000  x0=0x00000000
        3225000	       223	800002b2	49ecc0b7	lui	x1,0x49ecc	  x1=0x49ecc000
        3235000	       224	800002b6	08708093	addi	x1,x1,135	  x1:0x49ecc000  x1=0x49ecc087
        3245000	       225	800002ba	4101	c.li	x2,0	  x2=0x00000000
        3255000	       226	800002bc	800001b7	lui	x3,0x80000	  x3=0x80000000
        3265000	       227	800002c0	80000237	lui	x4,0x80000	  x4=0x80000000
        3275000	       228	800002c4	4281	c.li	x5,0	  x5=0x00000000
        3285000	       229	800002c6	80000337	lui	x6,0x80000	  x6=0x80000000
        3295000	       230	800002ca	800003b7	lui	x7,0x80000	  x7=0x80000000
        3305000	       231	800002ce	4435	c.li	x8,13	  x8=0x0000000d
        3315000	       232	800002d0	f3c464b7	lui	x9,0xf3c46	  x9=0xf3c46000
        3325000	       233	800002d4	49248493	addi	x9,x9,1170	  x9:0xf3c46000  x9=0xf3c46492
        3335000	       234	800002d8	7db24537	lui	x10,0x7db24	 x10=0x7db24000
        3345000	       235	800002dc	02d50513	addi	x10,x10,45	 x10:0x7db24000 x10=0x7db2402d
        3355000	       236	800002e0	f1e8b5b7	lui	x11,0xf1e8b	 x11=0xf1e8b000
        3365000	       237	800002e4	1fd58593	addi	x11,x11,509	 x11:0xf1e8b000 x11=0xf1e8b1fd
        3375000	       238	800002e8	ea41f637	lui	x12,0xea41f	 x12=0xea41f000
        3385000	       239	800002ec	80f60613	addi	x12,x12,-2033	 x12:0xea41f000 x12=0xea41e80f
        3395000	       240	800002f0	4715	c.li	x14,5	 x14=0x00000005
        3405000	       241	800002f2	4781	c.li	x15,0	 x15=0x00000000
        3415000	       242	800002f4	80000837	lui	x16,0x80000	 x16=0x80000000
        3425000	       243	800002f8	800008b7	lui	x17,0x80000	 x17=0x80000000
        3435000	       244	800002fc	80000937	lui	x18,0x80000	 x18=0x80000000
        3445000	       245	80000300	247fa9b7	lui	x19,0x247fa	 x19=0x247fa000
        3455000	       246	80000304	13498993	addi	x19,x19,308	 x19:0x247fa000 x19=0x247fa134
        3465000	       247	80000308	80000a37	lui	x20,0x80000	 x20=0x80000000
        3475000	       248	8000030c	3377aab7	lui	x21,0x3377a	 x21=0x3377a000
        3485000	       249	80000310	6b3a8a93	addi	x21,x21,1715	 x21:0x3377a000 x21=0x3377a6b3
        3495000	       250	80000314	4b39	c.li	x22,14	 x22=0x0000000e
        3505000	       251	80000316	80000c37	lui	x24,0x80000	 x24=0x80000000
        3515000	       252	8000031a	e4118cb7	lui	x25,0xe4118	 x25=0xe4118000
        3525000	       253	8000031e	4b0c8c93	addi	x25,x25,1200	 x25:0xe4118000 x25=0xe41184b0
        3535000	       254	80000322	ff8e3d37	lui	x26,0xff8e3	 x26=0xff8e3000
        3545000	       255	80000326	42dd0d13	addi	x26,x26,1069	 x26:0xff8e3000 x26=0xff8e342d
        3555000	       256	8000032a	4d81	c.li	x27,0	 x27=0x00000000
        3565000	       257	8000032c	f756ee37	lui	x28,0xf756e	 x28=0xf756e000
        3575000	       258	80000330	58be0e13	addi	x28,x28,1419	 x28:0xf756e000 x28=0xf756e58b
        3585000	       259	80000334	b0c56eb7	lui	x29,0xb0c56	 x29=0xb0c56000
        3595000	       260	80000338	673e8e93	addi	x29,x29,1651	 x29:0xb0c56000 x29=0xb0c56673
        3605000	       261	8000033c	f208df37	lui	x30,0xf208d	 x30=0xf208d000
        3615000	       262	80000340	d6cf0f13	addi	x30,x30,-660	 x30:0xf208d000 x30=0xf208cd6c
        3625000	       263	80000344	09249fb7	lui	x31,0x9249	 x31=0x09249000
        3635000	       264	80000348	2b6f8f93	addi	x31,x31,694	 x31:0x09249000 x31=0x092492b6
        3645000	       265	8000034c	00029b97	auipc	x23,0x29	 x23=0x8002934c
        3655000	       266	80000350	b18b8b93	addi	x23,x23,-1256	 x23:0x8002934c x23=0x80028e64
        3665000	       267	80000354	90000d37	lui	x26,0x90000	 x26=0x90000000
        3675000	       268	80000358	1d71	c.addi	x26,-4	 x26:0x90000000 x26=0x8ffffffc
        3685000	       269	8000035a	4d81	c.li	x27,0	 x27=0x00000000
        3695000	       270	8000035c	0da2	c.slli	x27,0x8	 x27:0x00000000 x27=0x00000000
        3705000	       271	8000035e	000d8d93	addi	x27,x27,0	 x27:0x00000000 x27=0x00000000
        3715000	       272	80000362	01bd2023	sw	x27,0(x26)	 x26:0x8ffffffc x27:0x00000000 PA:0x8ffffffc store:0x00000000 load:0x00000000
        3725000	       273	80000366	1560306f	jal	x0,800034bc	  x0=0x00000000
        3745000	       275	800034bc	00010297	auipc	x5,0x10	  x5=0x800134bc
        3755000	       276	800034c0	52728293	addi	x5,x5,1319	  x5:0x800134bc  x5=0x800139e3
        3765000	       277	800034c4	008a1433	sll	x8,x20,x8	 x20:0x80000000  x8:0x0000000d  x8=0x00000000
        3775000	       278	800034c8	0a92aa03	lw	x20,169(x5)	  x5:0x800139e3 x20=0x31dc3660 PA:0x80013a8c load:0x31dc3660
        3785000	       279	800034cc	0a92d883	lhu	x17,169(x5)	  x5:0x800139e3 x17=0x00003660 PA:0x80013a8c load:0x00003660
        3795000	       280	800034d0	0a32a4a3	sw	x3,169(x5)	  x5:0x800139e3  x3:0x80000000 PA:0x80013a8c store:0x80000000 load:0x00000000
        3805000	       281	800034d4	0a92a103	lw	x2,169(x5)	  x5:0x800139e3  x2=0x80000000 PA:0x80013a8c load:0x80000000
        3815000	       282	800034d8	0a92aa03	lw	x20,169(x5)	  x5:0x800139e3 x20=0x80000000 PA:0x80013a8c load:0x80000000
        3825000	       283	800034dc	0b3284a3	sb	x19,169(x5)	  x5:0x800139e3 x19:0x247fa134 PA:0x80013a8c store:0x247fa134 load:0x00000000
        3835000	       284	800034e0	0a92d783	lhu	x15,169(x5)	  x5:0x800139e3 x15=0x00000034 PA:0x80013a8c load:0x00000034
        3845000	       285	800034e4	0001	c.addi	x0,0	  x0:0x00000000  x0=0x00000000
        3855000	       286	800034e6	57fd	c.li	x15,-1	 x15=0xffffffff
        3865000	       287	800034e8	0a929c83	lh	x25,169(x5)	  x5:0x800139e3 x25=0x00000034 PA:0x80013a8c load:0x00000034
        3875000	       288	800034ec	015f0533	add	x10,x30,x21	 x30:0xf208cd6c x21:0x3377a6b3 x10=0x2580741f
        3885000	       289	800034f0	0be294a3	sh	x30,169(x5)	  x5:0x800139e3 x30:0xf208cd6c PA:0x80013a8c store:0xf208cd6c load:0x00000000
        3895000	       290	800034f4	6439	c.lui	x8,0xe	  x8=0x0000e000
        3905000	       291	800034f6	f372dd03	lhu	x26,-201(x5)	  x5:0x800139e3 x26=0x000088ce PA:0x8001391a load:0x000088ce
        3915000	       292	800034fa	f3729383	lh	x7,-201(x5)	  x5:0x800139e3  x7=0xffff88ce PA:0x8001391a load:0xffff88ce
        3925000	       293	800034fe	0000100f	fence.i	
        3955000	       296	80003502	f3c29ba3	sh	x28,-201(x5)	  x5:0x800139e3 x28:0xf756e58b PA:0x8001391a store:0xf756e58b load:0x00000000
        3965000	       297	80003506	f2d29ba3	sh	x13,-201(x5)	  x5:0x800139e3 x13:0x8002cce4 PA:0x8001391a store:0x8002cce4 load:0x00000000
        3975000	       298	8000350a	0c1292a3	sh	x1,197(x5)	  x5:0x800139e3  x1:0x49ecc087 PA:0x80013aa8 store:0x49ecc087 load:0x00000000
        3985000	       299	8000350e	0d5282a3	sb	x21,197(x5)	  x5:0x800139e3 x21:0x3377a6b3 PA:0x80013aa8 store:0x3377a6b3 load:0x00000000
        3995000	       300	80003512	0c528e03	lb	x28,197(x5)	  x5:0x800139e3 x28=0xffffffb3 PA:0x80013aa8 load:0xffffffb3
        4005000	       301	80003516	0da292a3	sh	x26,197(x5)	  x5:0x800139e3 x26:0x000088ce PA:0x80013aa8 store:0x000088ce load:0x00000000
        4015000	       302	8000351a	00010117	auipc	x2,0x10	  x2=0x8001351a
        4025000	       303	8000351e	0ab10113	addi	x2,x2,171	  x2:0x8001351a  x2=0x800135c5
        4035000	       304	80003522	1303a393	slti	x7,x7,304	  x7:0xffff88ce  x7=0x00000001
        4045000	       305	80003526	997d	c.andi	x10,-1	 x10:0x2580741f x10=0x2580741f
        4055000	       306	80003528	01614503	lbu	x10,22(x2)	  x2:0x800135c5 x10=0x00000060 PA:0x800135db load:0x00000060
        4065000	       307	8000352c	24a241b7	lui	x3,0x24a24	  x3=0x24a24000
        4075000	       308	80003530	00191193	slli	x3,x18,0x1	 x18:0x80000000  x3=0x00000000
        4085000	       309	80003534	01010383	lb	x7,16(x2)	  x2:0x800135c5  x7=0x0000003b PA:0x800135d5 load:0x0000003b
        4095000	       310	80003538	00a1d733	srl	x14,x3,x10	  x3:0x00000000 x10:0x00000060 x14=0x00000000
        4105000	       311	8000353c	02f14703	lbu	x14,47(x2)	  x2:0x800135c5 x14=0x000000a2 PA:0x800135f4 load:0x000000a2
        4115000	       312	80003540	00e89913	slli	x18,x17,0xe	 x17:0x00003660 x18=0x0d980000
        4125000	       313	80003544	01110923	sb	x17,18(x2)	  x2:0x800135c5 x17:0x00003660 PA:0x800135d7 store:0x00003660 load:0x00000000
        4135000	       314	80003548	8769	c.srai	x14,0x1a	 x14:0x000000a2 x14=0x00000000
        4145000	       315	8000354a	0ff0000f	fence	iorw,iorw	
        4155000	       316	8000354e	18fd	c.addi	x17,-1	 x17:0x00003660 x17=0x0000365f
        4165000	       317	80003550	ff211ea3	sh	x18,-3(x2)	  x2:0x800135c5 x18:0x0d980000 PA:0x800135c2 store:0x0d980000 load:0x00000000
        4175000	       318	80003554	df257537	lui	x10,0xdf257	 x10=0xdf257000
        4185000	       319	80003558	fed11883	lh	x17,-19(x2)	  x2:0x800135c5 x17=0xffff9bf4 PA:0x800135b2 load:0xffff9bf4
        4195000	       320	8000355c	fc111883	lh	x17,-63(x2)	  x2:0x800135c5 x17=0xffffd08a PA:0x80013586 load:0xffffd08a
        4205000	       321	80003560	01210023	sb	x18,0(x2)	  x2:0x800135c5 x18:0x0d980000 PA:0x800135c5 store:0x0d980000 load:0x00000000
        4215000	       322	80003564	8779	c.srai	x14,0x1e	 x14:0x00000000 x14=0x00000000
        4225000	       323	80003566	01014183	lbu	x3,16(x2)	  x2:0x800135c5  x3=0x0000003b PA:0x800135d5 load:0x0000003b
        4235000	       324	8000356a	834d	c.srli	x14,0x13	 x14:0x00000000 x14=0x00000000
        4245000	       325	8000356c	d0bc6517	auipc	x10,0xd0bc6	 x10=0x50bc956c
        4255000	       326	80003570	03210523	sb	x18,42(x2)	  x2:0x800135c5 x18:0x0d980000 PA:0x800135ef store:0x0d980000 load:0x00000000
        4265000	       327	80003574	8d09	c.sub	x10,x10	 x10:0x50bc956c x10:0x50bc956c x10=0x00000000
        4275000	       328	80003576	40a95533	sra	x10,x18,x10	 x18:0x0d980000 x10:0x00000000 x10=0x0d980000
        4285000	       329	8000357a	fee10623	sb	x14,-20(x2)	  x2:0x800135c5 x14:0x00000000 PA:0x800135b1 store:0x00000000 load:0x00000000
        4295000	       330	8000357e	871d	c.srai	x14,0x7	 x14:0x00000000 x14=0x00000000
        4305000	       331	80003580	0073a8b3	slt	x17,x7,x7	  x7:0x0000003b  x7:0x0000003b x17=0x00000000
        4315000	       332	80003584	01e14383	lbu	x7,30(x2)	  x2:0x800135c5  x7=0x00000058 PA:0x800135e3 load:0x00000058
        4325000	       333	80003588	01190733	add	x14,x18,x17	 x18:0x0d980000 x17:0x00000000 x14=0x0d980000
        4335000	       334	8000358c	a7d1e513	ori	x10,x3,-1411	  x3:0x0000003b x10=0xfffffa7f
        4345000	       335	80003590	0000100f	fence.i	
        4365000	       337	80003594	68d5	c.lui	x17,0x15	 x17=0x00015000
        4375000	       338	80003596	01914383	lbu	x7,25(x2)	  x2:0x800135c5  x7=0x00000076 PA:0x800135de load:0x00000076
        4745000	       375	8000359a	02374533	div	x10,x14,x3	 x14:0x0d980000  x3:0x0000003b x10=0x003afba9
        4755000	       376	8000359e	fd1104a3	sb	x17,-55(x2)	  x2:0x800135c5 x17:0x00015000 PA:0x8001358e store:0x00015000 load:0x00000000
        4765000	       377	800035a2	fd114503	lbu	x10,-47(x2)	  x2:0x800135c5 x10=0x000000fe PA:0x80013596 load:0x000000fe
        4775000	       378	800035a6	8b55	c.andi	x14,21	 x14:0x0d980000 x14=0x00000000
        4785000	       379	800035a8	b4d56917	auipc	x18,0xb4d56	 x18=0x34d595a8
        4795000	       380	800035ac	01d5	c.addi	x3,21	  x3:0x0000003b  x3=0x00000050
        4805000	       381	800035ae	40a95533	sra	x10,x18,x10	 x18:0x34d595a8 x10:0x000000fe x10=0x00000000
        4825000	       383	800035b2	02a3e8b3	rem	x17,x7,x10	  x7:0x00000076 x10:0x00000000 x17=0x00000076
        4835000	       384	800035b6	003123a3	sw	x3,7(x2)	  x2:0x800135c5  x3:0x00000050 PA:0x800135cc store:0x00000050 load:0x00000000
        4845000	       385	800035ba	42a1	c.li	x5,8	  x5=0x00000008
        4865000	       387	800035bc	020d7333	remu	x6,x26,x0	 x26:0x000088ce  x0:0x00000000  x6=0x000088ce
        4875000	       388	800035c0	0001	c.addi	x0,0	  x0:0x00000000  x0=0x00000000
        4885000	       389	800035c2	0680	c.addi4spn	x8,x2,832	  x8=0x80013905
        4895000	       390	800035c4	01ec17b3	sll	x15,x24,x30	 x24:0x80000000 x30:0xf208cd6c x15=0x00000000
        4905000	       391	800035c8	01eddc93	srli	x25,x27,0x1e	 x27:0x00000000 x25=0x00000000
        4915000	       392	800035cc	0012b1b3	sltu	x3,x5,x1	  x5:0x00000008  x1:0x49ecc087  x3=0x00000001
        4925000	       393	800035d0	e2638493	addi	x9,x7,-474	  x7:0x00000076  x9=0xfffffe9c
        4935000	       394	800035d4	997d	c.andi	x10,-1	 x10:0x00000000 x10=0x00000000
        4945000	       395	800035d6	4c5c0e13	addi	x28,x24,1221	 x24:0x80000000 x28=0x800004c5
        4955000	       396	800035da	0096a833	slt	x16,x13,x9	 x13:0x8002cce4  x9:0xfffffe9c x16=0x00000001
        4965000	       397	800035de	409d	c.li	x1,7	  x1=0x00000007
        4975000	       398	800035e0	00e277b3	and	x15,x4,x14	  x4:0x80000000 x14:0x00000000 x15=0x00000000
        4985000	       399	800035e4	010a1893	slli	x17,x20,0x10	 x20:0x80000000 x17=0x00000000
        4995000	       400	800035e8	0a25	c.addi	x20,9	 x20:0x80000000 x20=0x80000009
        5005000	       401	800035ea	729df493	andi	x9,x27,1833	 x27:0x00000000  x9=0x00000000
        5015000	       402	800035ee	12ed	c.addi	x5,-5	  x5:0x00000008  x5=0x00000003
        5025000	       403	800035f0	fe1bc413	xori	x8,x23,-31	 x23:0x80028e64  x8=0x7ffd7185
        5035000	       404	800035f4	9c177f13	andi	x30,x14,-1599	 x14:0x00000000 x30=0x00000000
        5045000	       405	800035f8	416d0433	sub	x8,x26,x22	 x26:0x000088ce x22:0x0000000e  x8=0x000088c0
        5055000	       406	800035fc	fe12f6e3	bgeu	x5,x1,800035e8	  x5:0x00000003  x1:0x00000007
        5065000	       407	80003600	00b41893	slli	x17,x8,0xb	  x8:0x000088c0 x17=0x04460000
        5075000	       408	80003604	01c000ef	jal	x1,80003620	  x1=0x80003608
        5095000	       410	80003620	ff1ff36f	jal	x6,80003610	  x6=0x80003624
        5115000	       412	80003610	a00d	c.j	80003632	
        5135000	       414	80003632	bff5	c.j	8000362e	
        5155000	       416	8000362e	b7f5	c.j	8000361a	
        5185000	       419	8000361a	ff9ff8ef	jal	x17,80003612	 x17=0x8000361e
        5205000	       421	80003612	3fdd	c.jal	80003608	  x1=0x80003614
        5225000	       423	80003608	02c000ef	jal	x1,80003634	  x1=0x8000360c
        5245000	       425	80003634	fe1ff0ef	jal	x1,80003614	  x1=0x80003638
        5265000	       427	80003614	2811	c.jal	80003628	  x1=0x80003616
        5285000	       429	80003628	2811	c.jal	8000363c	  x1=0x8000362a
        5305000	       431	8000363c	fdbff0ef	jal	x1,80003616	  x1=0x80003640
        5335000	       434	80003616	008004ef	jal	x9,8000361e	  x9=0x8000361a
        5355000	       436	8000361e	a031	c.j	8000362a	
        5385000	       439	8000362a	006007ef	jal	x15,80003630	 x15=0x8000362e
        5405000	       441	80003630	a029	c.j	8000363a	
        5425000	       443	8000363a	bffd	c.j	80003638	
        5445000	       445	80003638	37f5	c.jal	80003624	  x1=0x8000363a
        5465000	       447	80003624	fe9ff36f	jal	x6,8000360c	  x6=0x80003628
        5485000	       449	8000360c	0340036f	jal	x6,80003640	  x6=0x80003610
        5505000	       451	80003640	f63e5197	auipc	x3,0xf63e5	  x3=0x763e8640
        5515000	       452	80003644	00018d17	auipc	x26,0x18	 x26=0x8001b644
        5525000	       453	80003648	be5d0d13	addi	x26,x26,-1051	 x26:0x8001b644 x26=0x8001b229
        5535000	       454	8000364c	f62d4c83	lbu	x25,-158(x26)	 x26:0x8001b229 x25=0x000000bb PA:0x8001b18b load:0x000000bb
        5545000	       455	80003650	8e59	c.or	x12,x14	 x12:0xea41e80f x14:0x00000000 x12=0xea41e80f
        5555000	       456	80003652	207c4f93	xori	x31,x24,519	 x24:0x80000000 x31=0x80000207
        5565000	       457	80003656	64b9	c.lui	x9,0xe	  x9=0x0000e000
        5575000	       458	80003658	fa7d0da3	sb	x7,-69(x26)	 x26:0x8001b229  x7:0x00000076 PA:0x8001b1e4 store:0x00000076 load:0x00000000
        5585000	       459	8000365c	0001	c.addi	x0,0	  x0:0x00000000  x0=0x00000000
        5595000	       460	8000365e	01e18b33	add	x22,x3,x30	  x3:0x763e8640 x30:0x00000000 x22=0x763e8640
        5965000	       497	80003662	03c9e3b3	rem	x7,x19,x28	 x19:0x247fa134 x28:0x800004c5  x7=0x247fa134
        5975000	       498	80003666	0d6d0b03	lb	x22,214(x26)	 x26:0x8001b229 x22=0x0000001c PA:0x8001b2ff load:0x0000001c
        5985000	       499	8000366a	717d	c.addi16sp	x2,-16	  x2:0x800135c5  x2=0x800135b5
        5995000	       500	8000366c	010d0f83	lb	x31,16(x26)	 x26:0x8001b229 x31=0x00000078 PA:0x8001b239 load:0x00000078
        6005000	       501	80003670	50cf6a93	ori	x21,x30,1292	 x30:0x00000000 x21=0x0000050c
        6015000	       502	80003674	83d9	c.srli	x15,0x16	 x15:0x8000362e x15=0x00000200
        6025000	       503	80003676	0001	c.addi	x0,0	  x0:0x00000000  x0=0x00000000
        6035000	       504	80003678	87fd	c.srai	x15,0x1f	 x15:0x00000200 x15=0x00000000
        6045000	       505	8000367a	fa3d0023	sb	x3,-96(x26)	 x26:0x8001b229  x3:0x763e8640 PA:0x8001b1c9 store:0x763e8640 load:0x00000000
        6055000	       506	8000367e	1db02013	slti	x0,x0,475	  x0:0x00000000  x0=0x00000000
        6065000	       507	80003682	002ed413	srli	x8,x29,0x2	 x29:0xb0c56673  x8=0x2c31599c
        6075000	       508	80003686	0002bf33	sltu	x30,x5,x0	  x5:0x00000003  x0:0x00000000 x30=0x00000000
        6085000	       509	8000368a	19fd	c.addi	x19,-1	 x19:0x247fa134 x19=0x247fa133
        6095000	       510	8000368c	8956	c.mv	x18,x21	  x0:0x00000000 x21:0x0000050c x18=0x0000050c
        6105000	       511	8000368e	f54d4f03	lbu	x30,-172(x26)	 x26:0x8001b229 x30=0x00000020 PA:0x8001b17d load:0x00000020
        6115000	       512	80003692	87d9	c.srai	x15,0x16	 x15:0x00000000 x15=0x00000000
        6125000	       513	80003694	01351833	sll	x16,x10,x19	 x10:0x00000000 x19:0x247fa133 x16=0x00000000
        6135000	       514	80003698	0d10	c.addi4spn	x12,x2,656	 x12=0x80013845
        6145000	       515	8000369a	98b2ec13	ori	x24,x5,-1653	  x5:0x00000003 x24=0xfffff98b
        6155000	       516	8000369e	023d0ca3	sb	x3,57(x26)	 x26:0x8001b229  x3:0x763e8640 PA:0x8001b262 store:0x763e8640 load:0x00000000
        6165000	       517	800036a2	0f8d0203	lb	x4,248(x26)	 x26:0x8001b229  x4=0xffffffab PA:0x8001b321 load:0xffffffab
        6175000	       518	800036a6	1d852093	slti	x1,x10,472	 x10:0x00000000  x1=0x00000001
        6185000	       519	800036aa	fa6d11a3	sh	x6,-93(x26)	 x26:0x8001b229  x6:0x80003610 PA:0x8001b1cc store:0x80003610 load:0x00000000
        6195000	       520	800036ae	06ed0283	lb	x5,110(x26)	 x26:0x8001b229  x5=0xffffffd7 PA:0x8001b297 load:0xffffffd7
        6205000	       521	800036b2	0ff0000f	fence	iorw,iorw	
        6215000	       522	800036b6	f72d4003	lbu	x0,-142(x26)	 x26:0x8001b229  x0=0x00000000 PA:0x8001b19b load:0x00000092
        6225000	       523	800036ba	08ad4703	lbu	x14,138(x26)	 x26:0x8001b229 x14=0x00000036 PA:0x8001b2b3 load:0x00000036
        6235000	       524	800036be	ffcd0b23	sb	x28,-10(x26)	 x26:0x8001b229 x28:0x800004c5 PA:0x8001b21f store:0x800004c5 load:0x00000000
        6245000	       525	800036c2	8e45	c.or	x12,x9	 x12:0x80013845  x9:0x0000e000 x12=0x8001f845
        6255000	       526	800036c4	4062dfb3	sra	x31,x5,x6	  x5:0xffffffd7  x6:0x80003610 x31=0xffffffff
        6265000	       527	800036c8	0918	c.addi4spn	x14,x2,144	 x14=0x80013645
        6275000	       528	800036ca	01704733	xor	x14,x0,x23	  x0:0x00000000 x23:0x80028e64 x14=0x80028e64
        6285000	       529	800036ce	0fed0303	lb	x6,254(x26)	 x26:0x8001b229  x6=0x00000058 PA:0x8001b327 load:0x00000058
        6295000	       530	800036d2	0105a033	slt	x0,x11,x16	 x11:0xf1e8b1fd x16:0x00000000  x0=0x00000000
        6305000	       531	800036d6	f30d0323	sb	x16,-218(x26)	 x26:0x8001b229 x16:0x00000000 PA:0x8001b14f store:0x00000000 load:0x00000000
        6315000	       532	800036da	01cd0a23	sb	x28,20(x26)	 x26:0x8001b229 x28:0x800004c5 PA:0x8001b23d store:0x800004c5 load:0x00000000
        6325000	       533	800036de	03ad0a83	lb	x21,58(x26)	 x26:0x8001b229 x21=0x0000007a PA:0x8001b263 load:0x0000007a
        6335000	       534	800036e2	0001	c.addi	x0,0	  x0:0x00000000  x0=0x00000000
        6345000	       535	800036e4	a2256017	auipc	x0,0xa2256	  x0=0x00000000
        6355000	       536	800036e8	f8ad0803	lb	x16,-118(x26)	 x26:0x8001b229 x16=0xffffffab PA:0x8001b1b3 load:0xffffffab
        6365000	       537	800036ec	0001df17	auipc	x30,0x1d	 x30=0x800206ec
        6375000	       538	800036f0	e21f0f13	addi	x30,x30,-479	 x30:0x800206ec x30=0x8002050d
        6385000	       539	800036f4	00010617	auipc	x12,0x10	 x12=0x800136f4
        6395000	       540	800036f8	e4d60613	addi	x12,x12,-435	 x12:0x800136f4 x12=0x80013541
        6405000	       541	800036fc	774f27a3	sw	x20,1903(x30)	 x30:0x8002050d x20:0x80000009 PA:0x80020c7c store:0x80000009 load:0x00000000
        6415000	       542	80003700	02c64003	lbu	x0,44(x12)	 x12:0x80013541  x0=0x00000000 PA:0x8001356d load:0x00000018
        6425000	       543	80003704	6b1f0a23	sb	x17,1716(x30)	 x30:0x8002050d x17:0x8000361e PA:0x80020bc1 store:0x8000361e load:0x00000000
        6435000	       544	80003708	820f2ba3	sw	x0,-1993(x30)	 x30:0x8002050d  x0:0x00000000 PA:0x8001fd44 store:0x00000000 load:0x00000000
        6445000	       545	8000370c	01564303	lbu	x6,21(x12)	 x12:0x80013541  x6=0x000000fd PA:0x80013556 load:0x000000fd
        6455000	       546	80003710	17cf0903	lb	x18,380(x30)	 x30:0x8002050d x18=0x00000058 PA:0x80020689 load:0x00000058
        6465000	       547	80003714	fe761883	lh	x17,-25(x12)	 x12:0x80013541 x17=0xffffee42 PA:0x80013528 load:0xffffee42
        6475000	       548	80003718	746f10a3	sh	x6,1857(x30)	 x30:0x8002050d  x6:0x000000fd PA:0x80020c4e store:0x000000fd load:0x00000000
        6485000	       549	8000371c	03e60403	lb	x8,62(x12)	 x12:0x80013541  x8=0x00000006 PA:0x8001357f load:0x00000006
        6495000	       550	80003720	fca60423	sb	x10,-56(x12)	 x12:0x80013541 x10:0x00000000 PA:0x80013509 store:0x00000000 load:0x00000000
        6505000	       551	80003724	61cf0e83	lb	x29,1564(x30)	 x30:0x8002050d x29=0x00000059 PA:0x80020b29 load:0x00000059
        6515000	       552	80003728	ccef18a3	sh	x14,-815(x30)	 x30:0x8002050d x14:0x80028e64 PA:0x800201de store:0x80028e64 load:0x00000000
        6525000	       553	8000372c	fdb64b03	lbu	x22,-37(x12)	 x12:0x80013541 x22=0x000000f9 PA:0x8001351c load:0x000000f9
        6535000	       554	80003730	ab7f0023	sb	x23,-1376(x30)	 x30:0x8002050d x23:0x80028e64 PA:0x8001ffad store:0x80028e64 load:0x00000000
        6545000	       555	80003734	fd761ca3	sh	x23,-39(x12)	 x12:0x80013541 x23:0x80028e64 PA:0x8001351a store:0x80028e64 load:0x00000000
        6555000	       556	80003738	0241	c.addi	x4,16	  x4:0xffffffab  x4=0xffffffbb
        6565000	       557	8000373a	510c71b7	lui	x3,0x510c7	  x3=0x510c7000
        6935000	       594	8000373e	03824833	div	x16,x4,x24	  x4:0xffffffbb x24:0xfffff98b x16=0x00000000
        6945000	       595	80003742	4815	c.li	x16,5	 x16=0x00000005
        6955000	       596	80003744	01710733	add	x14,x2,x23	  x2:0x800135b5 x23:0x80028e64 x14=0x0003c419
        6965000	       597	80003748	012a5e13	srli	x28,x20,0x12	 x20:0x80000009 x28=0x00002000
        6975000	       598	8000374c	9b0e	c.add	x22,x3	 x22:0x000000f9  x3:0x510c7000 x22=0x510c70f9
        6985000	       599	8000374e	03f40a63	beq	x8,x31,80003782	  x8:0x00000006 x31:0xffffffff
        7025000	       603	80003752	021a1333	mulh	x6,x20,x1	 x20:0x80000009  x1:0x00000001  x6=0xffffffff
        7395000	       640	80003756	0396c2b3	div	x5,x13,x25	 x13:0x8002cce4 x25:0x000000bb  x5=0xff50c8f8
        7405000	       641	8000375a	0013ea33	or	x20,x7,x1	  x7:0x247fa134  x1:0x00000001 x20=0x247fa135
        7415000	       642	8000375e	8f75	c.and	x14,x13	 x14:0x0003c419 x13:0x8002cce4 x14=0x0002c400
        7425000	       643	80003760	023e	c.slli	x4,0xf	  x4:0xffffffbb  x4=0xffdd8000
        7435000	       644	80003762	9ee16313	ori	x6,x2,-1554	  x2:0x800135b5  x6=0xfffffdff
        7445000	       645	80003766	537d	c.li	x6,-1	  x6=0xffffffff
        7455000	       646	80003768	009631b3	sltu	x3,x12,x9	 x12:0x80013541  x9:0x0000e000  x3=0x00000000
        7475000	       648	8000376c	020ad1b3	divu	x3,x21,x0	 x21:0x0000007a  x0:0x00000000  x3=0xffffffff
        7485000	       649	80003770	1f7d	c.addi	x30,-1	 x30:0x8002050d x30=0x8002050c
        7495000	       650	80003772	8e09	c.sub	x12,x10	 x12:0x80013541 x10:0x00000000 x12=0x80013541
        7505000	       651	80003774	00484cb3	xor	x25,x16,x4	 x16:0x00000005  x4:0xffdd8000 x25=0xffdd8005
        7515000	       652	80003778	191c	c.addi4spn	x15,x2,176	 x15=0x80013665
        7525000	       653	8000377a	cd05	c.beqz	x10,800037b2	 x10:0x00000000
        7555000	       656	800037b2	41b2d433	sra	x8,x5,x27	  x5:0xff50c8f8 x27:0x00000000  x8=0xff50c8f8
        7565000	       657	800037b6	e431c993	xori	x19,x3,-445	  x3:0xffffffff x19=0x000001bc
        7575000	       658	800037ba	3f9e7e97	auipc	x29,0x3f9e7	 x29=0xbf9ea7ba
        7585000	       659	800037be	84f9	c.srai	x9,0x1e	  x9:0x0000e000  x9=0x00000000
        7595000	       660	800037c0	411a5813	srai	x16,x20,0x11	 x20:0x247fa135 x16=0x0000123f
        7605000	       661	800037c4	00f2	c.slli	x1,0x1c	  x1:0x00000001  x1=0x10000000
        7615000	       662	800037c6	003cbe33	sltu	x28,x25,x3	 x25:0xffdd8005  x3:0xffffffff x28=0x00000001
        7625000	       663	800037ca	8cf5	c.and	x9,x13	  x9:0x00000000 x13:0x8002cce4  x9=0x00000000
        7635000	       664	800037cc	850a	c.mv	x10,x2	  x0:0x00000000  x2:0x800135b5 x10=0x800135b5
        7655000	       666	800037ce	029751b3	divu	x3,x14,x9	 x14:0x0002c400  x9:0x00000000  x3=0xffffffff
        7665000	       667	800037d2	01de1c33	sll	x24,x28,x29	 x28:0x00000001 x29:0xbf9ea7ba x24=0x04000000
        7675000	       668	800037d6	03d8d263	bge	x17,x29,800037fa	 x17:0xffffee42 x29:0xbf9ea7ba
        7735000	       674	800037fa	03f72233	mulhsu	x4,x14,x31	 x14:0x0002c400 x31:0xffffffff  x4=0x0002c3ff
        7745000	       675	800037fe	01f4e2b3	or	x5,x9,x31	  x9:0x00000000 x31:0xffffffff  x5=0xffffffff
        7755000	       676	80003802	9792	c.add	x15,x4	 x15:0x80013665  x4:0x0002c3ff x15=0x8003fa64
        7765000	       677	80003804	cd09	c.beqz	x10,8000381e	 x10:0x800135b5
        7775000	       678	80003806	0efa4e13	xori	x28,x20,239	 x20:0x247fa135 x28=0x247fa1da
        7785000	       679	8000380a	01dcd4b3	srl	x9,x25,x29	 x25:0xffdd8005 x29:0xbf9ea7ba  x9=0x0000003f
        7795000	       680	8000380e	40348fb3	sub	x31,x9,x3	  x9:0x0000003f  x3:0xffffffff x31=0x00000040
        7805000	       681	80003812	9cfb4613	xori	x12,x22,-1585	 x22:0x510c70f9 x12=0xaef38936
        7815000	       682	80003816	4109de33	sra	x28,x19,x16	 x19:0x000001bc x16:0x0000123f x28=0x00000000
        7825000	       683	8000381a	41eddeb3	sra	x29,x27,x30	 x27:0x00000000 x30:0x8002050c x29=0x00000000
        7835000	       684	8000381e	0a84	c.addi4spn	x9,x2,336	  x9=0x80013705
        7845000	       685	80003820	019fba33	sltu	x20,x31,x25	 x31:0x00000040 x25:0xffdd8005 x20=0x00000001
        8215000	       722	80003824	0238deb3	divu	x29,x17,x3	 x17:0xffffee42  x3:0xffffffff x29=0x00000000
        8225000	       723	80003828	8f6d	c.and	x14,x11	 x14:0x0002c400 x11:0xf1e8b1fd x14=0x00008000
        8235000	       724	8000382a	01889213	slli	x4,x17,0x18	 x17:0xffffee42  x4=0x42000000
        8245000	       725	8000382e	8fac	INVALID	
        8275000	       728	80002700	0800006f	jal	x0,80002780	  x0=0x00000000
        8295000	       730	80002780	16f1	c.addi	x13,-4	 x13:0x8002cce4 x13=0x8002cce0
        8305000	       731	80002782	0176a023	sw	x23,0(x13)	 x13:0x8002cce0 x23:0x80028e64 PA:0x8002cce0 store:0x80028e64 load:0x00000000
        8315000	       732	80002786	00068bb3	add	x23,x13,x0	 x13:0x8002cce0  x0:0x00000000 x23=0x8002cce0
        8325000	       733	8000278a	f80b8b93	addi	x23,x23,-128	 x23:0x8002cce0 x23=0x8002cc60
        8335000	       734	8000278e	001ba223	sw	x1,4(x23)	 x23:0x8002cc60  x1:0x10000000 PA:0x8002cc64 store:0x10000000 load:0x00000000
        8345000	       735	80002792	002ba423	sw	x2,8(x23)	 x23:0x8002cc60  x2:0x800135b5 PA:0x8002cc68 store:0x800135b5 load:0x00000000
        8355000	       736	80002796	003ba623	sw	x3,12(x23)	 x23:0x8002cc60  x3:0xffffffff PA:0x8002cc6c store:0xffffffff load:0x00000000
        8365000	       737	8000279a	004ba823	sw	x4,16(x23)	 x23:0x8002cc60  x4:0x42000000 PA:0x8002cc70 store:0x42000000 load:0x00000000
        8375000	       738	8000279e	005baa23	sw	x5,20(x23)	 x23:0x8002cc60  x5:0xffffffff PA:0x8002cc74 store:0xffffffff load:0x00000000
        8385000	       739	800027a2	006bac23	sw	x6,24(x23)	 x23:0x8002cc60  x6:0xffffffff PA:0x8002cc78 store:0xffffffff load:0x00000000
        8395000	       740	800027a6	007bae23	sw	x7,28(x23)	 x23:0x8002cc60  x7:0x247fa134 PA:0x8002cc7c store:0x247fa134 load:0x00000000
        8405000	       741	800027aa	028ba023	sw	x8,32(x23)	 x23:0x8002cc60  x8:0xff50c8f8 PA:0x8002cc80 store:0xff50c8f8 load:0x00000000
        8415000	       742	800027ae	029ba223	sw	x9,36(x23)	 x23:0x8002cc60  x9:0x80013705 PA:0x8002cc84 store:0x80013705 load:0x00000000
        8425000	       743	800027b2	02aba423	sw	x10,40(x23)	 x23:0x8002cc60 x10:0x800135b5 PA:0x8002cc88 store:0x800135b5 load:0x00000000
        8435000	       744	800027b6	02bba623	sw	x11,44(x23)	 x23:0x8002cc60 x11:0xf1e8b1fd PA:0x8002cc8c store:0xf1e8b1fd load:0x00000000
        8445000	       745	800027ba	02cba823	sw	x12,48(x23)	 x23:0x8002cc60 x12:0xaef38936 PA:0x8002cc90 store:0xaef38936 load:0x00000000
        8455000	       746	800027be	02dbaa23	sw	x13,52(x23)	 x23:0x8002cc60 x13:0x8002cce0 PA:0x8002cc94 store:0x8002cce0 load:0x00000000
        8465000	       747	800027c2	02ebac23	sw	x14,56(x23)	 x23:0x8002cc60 x14:0x00008000 PA:0x8002cc98 store:0x00008000 load:0x00000000
        8475000	       748	800027c6	02fbae23	sw	x15,60(x23)	 x23:0x8002cc60 x15:0x8003fa64 PA:0x8002cc9c store:0x8003fa64 load:0x00000000
        8485000	       749	800027ca	050ba023	sw	x16,64(x23)	 x23:0x8002cc60 x16:0x0000123f PA:0x8002cca0 store:0x0000123f load:0x00000000
        8495000	       750	800027ce	051ba223	sw	x17,68(x23)	 x23:0x8002cc60 x17:0xffffee42 PA:0x8002cca4 store:0xffffee42 load:0x00000000
        8505000	       751	800027d2	052ba423	sw	x18,72(x23)	 x23:0x8002cc60 x18:0x00000058 PA:0x8002cca8 store:0x00000058 load:0x00000000
        8515000	       752	800027d6	053ba623	sw	x19,76(x23)	 x23:0x8002cc60 x19:0x000001bc PA:0x8002ccac store:0x000001bc load:0x00000000
        8525000	       753	800027da	054ba823	sw	x20,80(x23)	 x23:0x8002cc60 x20:0x00000001 PA:0x8002ccb0 store:0x00000001 load:0x00000000
        8535000	       754	800027de	055baa23	sw	x21,84(x23)	 x23:0x8002cc60 x21:0x0000007a PA:0x8002ccb4 store:0x0000007a load:0x00000000
        8545000	       755	800027e2	056bac23	sw	x22,88(x23)	 x23:0x8002cc60 x22:0x510c70f9 PA:0x8002ccb8 store:0x510c70f9 load:0x00000000
        8555000	       756	800027e6	057bae23	sw	x23,92(x23)	 x23:0x8002cc60 x23:0x8002cc60 PA:0x8002ccbc store:0x8002cc60 load:0x00000000
        8565000	       757	800027ea	078ba023	sw	x24,96(x23)	 x23:0x8002cc60 x24:0x04000000 PA:0x8002ccc0 store:0x04000000 load:0x00000000
        8575000	       758	800027ee	079ba223	sw	x25,100(x23)	 x23:0x8002cc60 x25:0xffdd8005 PA:0x8002ccc4 store:0xffdd8005 load:0x00000000
        8585000	       759	800027f2	07aba423	sw	x26,104(x23)	 x23:0x8002cc60 x26:0x8001b229 PA:0x8002ccc8 store:0x8001b229 load:0x00000000
        8595000	       760	800027f6	07bba623	sw	x27,108(x23)	 x23:0x8002cc60 x27:0x00000000 PA:0x8002cccc store:0x00000000 load:0x00000000
        8605000	       761	800027fa	07cba823	sw	x28,112(x23)	 x23:0x8002cc60 x28:0x00000000 PA:0x8002ccd0 store:0x00000000 load:0x00000000
        8615000	       762	800027fe	07dbaa23	sw	x29,116(x23)	 x23:0x8002cc60 x29:0x00000000 PA:0x8002ccd4 store:0x00000000 load:0x00000000
        8625000	       763	80002802	07ebac23	sw	x30,120(x23)	 x23:0x8002cc60 x30:0x8002050c PA:0x8002ccd8 store:0x8002050c load:0x00000000
        8635000	       764	80002806	07fbae23	sw	x31,124(x23)	 x23:0x8002cc60 x31:0x00000040 PA:0x8002ccdc store:0x00000040 load:0x00000000
        8645000	       765	8000280a	000b86b3	add	x13,x23,x0	 x23:0x8002cc60  x0:0x00000000 x13=0x8002cc60
        8655000	       766	8000280e	90000d37	lui	x26,0x90000	 x26=0x90000000
        8665000	       767	80002812	1d71	c.addi	x26,-4	 x26:0x90000000 x26=0x8ffffffc
        8675000	       768	80002814	4da1	c.li	x27,8	 x27=0x00000008
        8685000	       769	80002816	0da2	c.slli	x27,0x8	 x27:0x00000008 x27=0x00000800
        8695000	       770	80002818	000d8d93	addi	x27,x27,0	 x27:0x00000800 x27=0x00000800
        8705000	       771	8000281c	01bd2023	sw	x27,0(x26)	 x26:0x8ffffffc x27:0x00000800 PA:0x8ffffffc store:0x00000800 load:0x00000000
        8715000	       772	80002820	34102df3	csrrs	x27,mepc,x0	  x0:0x00000000 x27=0x8000382e
        8725000	       773	80002824	34202df3	csrrs	x27,mcause,x0	  x0:0x00000000 x27=0x00000002
        8735000	       774	80002828	4d0d	c.li	x26,3	 x26=0x00000003
        8745000	       775	8000282a	01ad9463	bne	x27,x26,80002832	 x27:0x00000002 x26:0x00000003
        8765000	       777	80002832	4d21	c.li	x26,8	 x26=0x00000008
        8775000	       778	80002834	05ad8d63	beq	x27,x26,8000288e	 x27:0x00000002 x26:0x00000008
        8785000	       779	80002838	4d25	c.li	x26,9	 x26=0x00000009
        8795000	       780	8000283a	05ad8a63	beq	x27,x26,8000288e	 x27:0x00000002 x26:0x00000009
        8805000	       781	8000283e	4d2d	c.li	x26,11	 x26=0x0000000b
        8815000	       782	80002840	05ad8763	beq	x27,x26,8000288e	 x27:0x00000002 x26:0x0000000b
        8825000	       783	80002844	4d05	c.li	x26,1	 x26=0x00000001
        8835000	       784	80002846	35ad8363	beq	x27,x26,80002b8c	 x27:0x00000002 x26:0x00000001
        8845000	       785	8000284a	4d15	c.li	x26,5	 x26=0x00000005
        8855000	       786	8000284c	63ad8a63	beq	x27,x26,80002e80	 x27:0x00000002 x26:0x00000005
        8865000	       787	80002850	4d1d	c.li	x26,7	 x26=0x00000007
        8875000	       788	80002852	15ad8ce3	beq	x27,x26,800031aa	 x27:0x00000002 x26:0x00000007
        8885000	       789	80002856	4d31	c.li	x26,12	 x26=0x0000000c
        8895000	       790	80002858	01ad9463	bne	x27,x26,80002860	 x27:0x00000002 x26:0x0000000c
        8915000	       792	80002860	4d35	c.li	x26,13	 x26=0x0000000d
        8925000	       793	80002862	01ad9463	bne	x27,x26,8000286a	 x27:0x00000002 x26:0x0000000d
        8945000	       795	8000286a	4d3d	c.li	x26,15	 x26=0x0000000f
        8955000	       796	8000286c	01ad9463	bne	x27,x26,80002874	 x27:0x00000002 x26:0x0000000f
        8975000	       798	80002874	4d09	c.li	x26,2	 x26=0x00000002
        8985000	       799	80002876	01ad9463	bne	x27,x26,8000287e	 x27:0x00000002 x26:0x00000002
        8995000	       800	8000287a	54f0f06f	jal	x0,800125c8	  x0=0x00000000
        9015000	       802	800125c8	90000d37	lui	x26,0x90000	 x26=0x90000000
        9025000	       803	800125cc	1d71	c.addi	x26,-4	 x26:0x90000000 x26=0x8ffffffc
        9035000	       804	800125ce	4da9	c.li	x27,10	 x27=0x0000000a
        9045000	       805	800125d0	0da2	c.slli	x27,0x8	 x27:0x0000000a x27=0x00000a00
        9055000	       806	800125d2	000d8d93	addi	x27,x27,0	 x27:0x00000a00 x27=0x00000a00
        9065000	       807	800125d6	01bd2023	sw	x27,0(x26)	 x26:0x8ffffffc x27:0x00000a00 PA:0x8ffffffc store:0x00000a00 load:0x00000000
        9075000	       808	800125da	90000d37	lui	x26,0x90000	 x26=0x90000000
        9085000	       809	800125de	1d71	c.addi	x26,-4	 x26:0x90000000 x26=0x8ffffffc
        9095000	       810	800125e0	34200d93	addi	x27,x0,834	  x0:0x00000000 x27=0x00000342
        9105000	       811	800125e4	0da2	c.slli	x27,0x8	 x27:0x00000342 x27=0x00034200
        9115000	       812	800125e6	0d8d	c.addi	x27,3	 x27:0x00034200 x27=0x00034203
        9125000	       813	800125e8	01bd2023	sw	x27,0(x26)	 x26:0x8ffffffc x27:0x00034203 PA:0x8ffffffc store:0x00034203 load:0x00000000
        9135000	       814	800125ec	34202df3	csrrs	x27,mcause,x0	  x0:0x00000000 x27=0x00000002
        9145000	       815	800125f0	01bd2023	sw	x27,0(x26)	 x26:0x8ffffffc x27:0x00000002 PA:0x8ffffffc store:0x00000002 load:0x00000000
        9155000	       816	800125f4	34102df3	csrrs	x27,mepc,x0	  x0:0x00000000 x27=0x8000382e
        9165000	       817	800125f8	0d91	c.addi	x27,4	 x27:0x8000382e x27=0x80003832
        9175000	       818	800125fa	341d9073	csrrw	x0,mepc,x27	 x27:0x80003832  x0=0x00000000
        9185000	       819	800125fe	00068bb3	add	x23,x13,x0	 x13:0x8002cc60  x0:0x00000000 x23=0x8002cc60
        9195000	       820	80012602	004ba083	lw	x1,4(x23)	 x23:0x8002cc60  x1=0x10000000 PA:0x8002cc64 load:0x10000000
        9205000	       821	80012606	008ba103	lw	x2,8(x23)	 x23:0x8002cc60  x2=0x800135b5 PA:0x8002cc68 load:0x800135b5
        9215000	       822	8001260a	00cba183	lw	x3,12(x23)	 x23:0x8002cc60  x3=0xffffffff PA:0x8002cc6c load:0xffffffff
        9225000	       823	8001260e	010ba203	lw	x4,16(x23)	 x23:0x8002cc60  x4=0x42000000 PA:0x8002cc70 load:0x42000000
        9235000	       824	80012612	014ba283	lw	x5,20(x23)	 x23:0x8002cc60  x5=0xffffffff PA:0x8002cc74 load:0xffffffff
        9245000	       825	80012616	018ba303	lw	x6,24(x23)	 x23:0x8002cc60  x6=0xffffffff PA:0x8002cc78 load:0xffffffff
        9255000	       826	8001261a	01cba383	lw	x7,28(x23)	 x23:0x8002cc60  x7=0x247fa134 PA:0x8002cc7c load:0x247fa134
        9265000	       827	8001261e	020ba403	lw	x8,32(x23)	 x23:0x8002cc60  x8=0xff50c8f8 PA:0x8002cc80 load:0xff50c8f8
        9275000	       828	80012622	024ba483	lw	x9,36(x23)	 x23:0x8002cc60  x9=0x80013705 PA:0x8002cc84 load:0x80013705
        9285000	       829	80012626	028ba503	lw	x10,40(x23)	 x23:0x8002cc60 x10=0x800135b5 PA:0x8002cc88 load:0x800135b5
        9295000	       830	8001262a	02cba583	lw	x11,44(x23)	 x23:0x8002cc60 x11=0xf1e8b1fd PA:0x8002cc8c load:0xf1e8b1fd
        9305000	       831	8001262e	030ba603	lw	x12,48(x23)	 x23:0x8002cc60 x12=0xaef38936 PA:0x8002cc90 load:0xaef38936
        9315000	       832	80012632	034ba683	lw	x13,52(x23)	 x23:0x8002cc60 x13=0x8002cce0 PA:0x8002cc94 load:0x8002cce0
        9325000	       833	80012636	038ba703	lw	x14,56(x23)	 x23:0x8002cc60 x14=0x00008000 PA:0x8002cc98 load:0x00008000
        9335000	       834	8001263a	03cba783	lw	x15,60(x23)	 x23:0x8002cc60 x15=0x8003fa64 PA:0x8002cc9c load:0x8003fa64
        9345000	       835	8001263e	040ba803	lw	x16,64(x23)	 x23:0x8002cc60 x16=0x0000123f PA:0x8002cca0 load:0x0000123f
        9355000	       836	80012642	044ba883	lw	x17,68(x23)	 x23:0x8002cc60 x17=0xffffee42 PA:0x8002cca4 load:0xffffee42
        9365000	       837	80012646	048ba903	lw	x18,72(x23)	 x23:0x8002cc60 x18=0x00000058 PA:0x8002cca8 load:0x00000058
        9375000	       838	8001264a	04cba983	lw	x19,76(x23)	 x23:0x8002cc60 x19=0x000001bc PA:0x8002ccac load:0x000001bc
        9385000	       839	8001264e	050baa03	lw	x20,80(x23)	 x23:0x8002cc60 x20=0x00000001 PA:0x8002ccb0 load:0x00000001
        9395000	       840	80012652	054baa83	lw	x21,84(x23)	 x23:0x8002cc60 x21=0x0000007a PA:0x8002ccb4 load:0x0000007a
        9405000	       841	80012656	058bab03	lw	x22,88(x23)	 x23:0x8002cc60 x22=0x510c70f9 PA:0x8002ccb8 load:0x510c70f9
        9415000	       842	8001265a	05cbab83	lw	x23,92(x23)	 x23:0x8002cc60 x23=0x8002cc60 PA:0x8002ccbc load:0x8002cc60
        9435000	       844	8001265e	060bac03	lw	x24,96(x23)	 x23:0x8002cc60 x24=0x04000000 PA:0x8002ccc0 load:0x04000000
        9445000	       845	80012662	064bac83	lw	x25,100(x23)	 x23:0x8002cc60 x25=0xffdd8005 PA:0x8002ccc4 load:0xffdd8005
        9455000	       846	80012666	068bad03	lw	x26,104(x23)	 x23:0x8002cc60 x26=0x8001b229 PA:0x8002ccc8 load:0x8001b229
        9465000	       847	8001266a	06cbad83	lw	x27,108(x23)	 x23:0x8002cc60 x27=0x00000000 PA:0x8002cccc load:0x00000000
        9475000	       848	8001266e	070bae03	lw	x28,112(x23)	 x23:0x8002cc60 x28=0x00000000 PA:0x8002ccd0 load:0x00000000
        9485000	       849	80012672	074bae83	lw	x29,116(x23)	 x23:0x8002cc60 x29=0x00000000 PA:0x8002ccd4 load:0x00000000
        9495000	       850	80012676	078baf03	lw	x30,120(x23)	 x23:0x8002cc60 x30=0x8002050c PA:0x8002ccd8 load:0x8002050c
        9505000	       851	8001267a	07cbaf83	lw	x31,124(x23)	 x23:0x8002cc60 x31=0x00000040 PA:0x8002ccdc load:0x00000040
        9515000	       852	8001267e	080b8b93	addi	x23,x23,128	 x23:0x8002cc60 x23=0x8002cce0
        9525000	       853	80012682	000b86b3	add	x13,x23,x0	 x23:0x8002cce0  x0:0x00000000 x13=0x8002cce0
        9535000	       854	80012686	0006ab83	lw	x23,0(x13)	 x13:0x8002cce0 x23=0x80028e64 PA:0x8002cce0 load:0x80028e64
        9545000	       855	8001268a	0691	c.addi	x13,4	 x13:0x8002cce0 x13=0x8002cce4
        9555000	       856	8001268c	30200073	mret	
        9585000	       859	80003832	1608	c.addi4spn	x10,x2,800	 x10=0x800138d5
        9955000	       896	80003834	0295f0b3	remu	x1,x11,x9	 x11:0xf1e8b1fd  x9:0x80013705  x1=0x71e77af8
       10325000	       933	80003838	03a56033	rem	x0,x10,x26	 x10:0x800138d5 x26:0x8001b229  x0=0x00000000
       10335000	       934	8000383c	fd850113	addi	x2,x10,-40	 x10:0x800138d5  x2=0x800138ad
       10345000	       935	80003840	005f34b3	sltu	x9,x30,x5	 x30:0x8002050c  x5:0xffffffff  x9=0x00000001
       10355000	       936	80003844	07319a63	bne	x3,x19,800038b8	  x3:0xffffffff x19:0x000001bc
       10375000	       938	800038b8	005a1a93	slli	x21,x20,0x5	 x20:0x00000001 x21=0x00000020
       10385000	       939	800038bc	8f75	c.and	x14,x13	 x14:0x00008000 x13:0x8002cce4 x14=0x00008000
       10395000	       940	800038be	58282e13	slti	x28,x16,1410	 x16:0x0000123f x28=0x00000000
       10405000	       941	800038c2	01c8bf33	sltu	x30,x17,x28	 x17:0xffffee42 x28:0x00000000 x30=0x00000000
       10415000	       942	800038c6	c831f513	andi	x10,x3,-893	  x3:0xffffffff x10=0xfffffc83
       10425000	       943	800038ca	827d	c.srli	x12,0x1f	 x12:0xaef38936 x12=0x00000001
       10435000	       944	800038cc	617d	c.addi16sp	x2,496	  x2:0x800138ad  x2=0x80013a9d
       10445000	       945	800038ce	020d6463	bltu	x26,x0,800038f6	 x26:0x8001b229  x0:0x00000000
       10455000	       946	800038d2	40095133	sra	x2,x18,x0	 x18:0x00000058  x0:0x00000000  x2=0x00000058
       10465000	       947	800038d6	0177f1b3	and	x3,x15,x23	 x15:0x8003fa64 x23:0x80028e64  x3=0x80028a64
       10475000	       948	800038da	eb85	c.bnez	x15,8000390a	 x15:0x8003fa64
       10535000	       954	8000390a	02da9d33	mulh	x26,x21,x13	 x21:0x00000020 x13:0x8002cce4 x26=0xfffffff0
       10545000	       955	8000390e	01eb9933	sll	x18,x23,x30	 x23:0x80028e64 x30:0x00000000 x18=0x80028e64
       10555000	       956	80003912	00012997	auipc	x19,0x12	 x19=0x80015912
       10565000	       957	80003916	dc898993	addi	x19,x19,-568	 x19:0x80015912 x19=0x800156da
       10575000	       958	8000391a	0001a897	auipc	x17,0x1a	 x17=0x8001d91a
       10585000	       959	8000391e	b4288893	addi	x17,x17,-1214	 x17:0x8001d91a x17=0x8001d45c
       10595000	       960	80003922	00988003	lb	x0,9(x17)	 x17:0x8001d45c  x0=0x00000000 PA:0x8001d465 load:0x0000000e
       10605000	       961	80003926	fc48cf83	lbu	x31,-60(x17)	 x17:0x8001d45c x31=0x0000007e PA:0x8001d420 load:0x0000007e
       10615000	       962	8000392a	ff29de83	lhu	x29,-14(x19)	 x19:0x800156da x29=0x0000a148 PA:0x800156cc load:0x0000a148
       10625000	       963	8000392e	ff88db03	lhu	x22,-8(x17)	 x17:0x8001d45c x22=0x0000ebc1 PA:0x8001d454 load:0x0000ebc1
       10635000	       964	80003932	ff0880a3	sb	x16,-31(x17)	 x17:0x8001d45c x16:0x0000123f PA:0x8001d43d store:0x0000123f load:0x00000000
       10645000	       965	80003936	0188d303	lhu	x6,24(x17)	 x17:0x8001d45c  x6=0x000052e7 PA:0x8001d474 load:0x000052e7
       10655000	       966	8000393a	0069ad83	lw	x27,6(x19)	 x19:0x800156da x27=0x38eec512 PA:0x800156e0 load:0x38eec512
       10665000	       967	8000393e	03e89083	lh	x1,62(x17)	 x17:0x8001d45c  x1=0xffffe1fc PA:0x8001d49a load:0xffffe1fc
       10675000	       968	80003942	00898003	lb	x0,8(x19)	 x19:0x800156da  x0=0x00000000 PA:0x800156e2 load:0xffffffee
       10685000	       969	80003946	0049c303	lbu	x6,4(x19)	 x19:0x800156da  x6=0x0000007d PA:0x800156de load:0x0000007d
       10695000	       970	8000394a	0398c303	lbu	x6,57(x17)	 x17:0x8001d45c  x6=0x0000001c PA:0x8001d495 load:0x0000001c
       10705000	       971	8000394e	fed8c183	lbu	x3,-19(x17)	 x17:0x8001d45c  x3=0x0000006a PA:0x8001d449 load:0x0000006a
       10715000	       972	80003952	fed89523	sh	x13,-22(x17)	 x17:0x8001d45c x13:0x8002cce4 PA:0x8001d446 store:0x8002cce4 load:0x00000000
       10725000	       973	80003956	ffa9dc03	lhu	x24,-6(x19)	 x19:0x800156da x24=0x0000cf93 PA:0x800156d4 load:0x0000cf93
       10735000	       974	8000395a	ff498f03	lb	x30,-12(x19)	 x19:0x800156da x30=0xffffff8c PA:0x800156ce load:0xffffff8c
       10745000	       975	8000395e	03f89e23	sh	x31,60(x17)	 x17:0x8001d45c x31:0x0000007e PA:0x8001d498 store:0x0000007e load:0x00000000
       10755000	       976	80003962	0ff0000f	fence	iorw,iorw	
       10765000	       977	80003966	ffffd597	auipc	x11,0xffffd	 x11=0x80000966
       10775000	       978	8000396a	a0458593	addi	x11,x11,-1532	 x11:0x80000966 x11=0x8000036a
       10785000	       979	8000396e	00058067	jalr	x0,0(x11)	 x11:0x8000036a  x0=0x00000000
       10815000	       982	8000036a	90000d37	lui	x26,0x90000	 x26=0x90000000
       10825000	       983	8000036e	1d61	c.addi	x26,-8	 x26:0x90000000 x26=0x8ffffff8
       10835000	       984	80000370	4d81	c.li	x27,0	 x27=0x00000000
       10845000	       985	80000372	0da2	c.slli	x27,0x8	 x27:0x00000000 x27=0x00000000
       10855000	       986	80000374	0d85	c.addi	x27,1	 x27:0x00000000 x27=0x00000001
       10865000	       987	80000376	01bd2023	sw	x27,0(x26)	 x26:0x8ffffff8 x27:0x00000001 PA:0x8ffffff8 store:0x00000001 load:0x00000000
       10875000	       988	8000037a	00000073	ecall	
       10905000	       991	80002700	0800006f	jal	x0,80002780	  x0=0x00000000
       10925000	       993	80002780	16f1	c.addi	x13,-4	 x13:0x8002cce4 x13=0x8002cce0
       10935000	       994	80002782	0176a023	sw	x23,0(x13)	 x13:0x8002cce0 x23:0x80028e64 PA:0x8002cce0 store:0x80028e64 load:0x00000000
