core   0: 0x80000080 (0x40001db7) lui     s11, 0x40001
core   0: 3 0x80000080 (0x40001db7) x27 0x40001000
core   0: 0x80000084 (0x106d8d93) addi    s11, s11, 262
core   0: 3 0x80000084 (0x106d8d93) x27 0x40001106
core   0: 0x80000088 (0x301d9073) csrw    misa, s11
core   0: 3 0x80000088 (0x301d9073) c769_misa 0x40901104
core   0: 0x8000008c (0x00026f97) auipc   t6, 0x26
core   0: 3 0x8000008c (0x00026f97) x31 0x8002608c
core   0: 0x80000090 (0xc58f8f93) addi    t6, t6, -936
core   0: 3 0x80000090 (0xc58f8f93) x31 0x80025ce4
core   0: 0x80000094 (0x00002d97) auipc   s11, 0x2
core   0: 3 0x80000094 (0x00002d97) x27 0x80002094
core   0: 0x80000098 (0x56cd8d93) addi    s11, s11, 1388
core   0: 3 0x80000098 (0x56cd8d93) x27 0x80002600
core   0: 0x8000009c (0x001ded93) ori     s11, s11, 1
core   0: 3 0x8000009c (0x001ded93) x27 0x80002601
core   0: 0x800000a0 (0x305d9073) csrw    mtvec, s11
core   0: 3 0x800000a0 (0x305d9073) c773_mtvec 0x80002601
core   0: 0x800000a4 (0x74725073) csrwi   mseccfg, 4
core   0: 3 0x800000a4 (0x74725073) c1863_mseccfg 0x00000004
core   0: 0x800000a8 (0x00003317) auipc   t1, 0x3
core   0: 3 0x800000a8 (0x00003317) x6  0x800030a8
core   0: 0x800000ac (0x30430313) addi    t1, t1, 772
core   0: 3 0x800000ac (0x30430313) x6  0x800033ac
core   0: 0x800000b0 (0x00004d81) c.li    s11, 0
core   0: 3 0x800000b0 (0x4d81) x27 0x00000000
core   0: 0x800000b2 (0x0000936e) c.add   t1, s11
core   0: 3 0x800000b2 (0x936e) x6  0x800033ac
core   0: 0x800000b4 (0x00235313) srli    t1, t1, 2
core   0: 3 0x800000b4 (0x00235313) x6  0x20000ceb
core   0: 0x800000b8 (0x3b031073) csrw    pmpaddr0, t1
core   0: 3 0x800000b8 (0x3b031073) c944_pmpaddr0 0x20000ceb
core   0: 0x800000bc (0x00003317) auipc   t1, 0x3
core   0: 3 0x800000bc (0x00003317) x6  0x800030bc
core   0: 0x800000c0 (0x2f030313) addi    t1, t1, 752
core   0: 3 0x800000c0 (0x2f030313) x6  0x800033ac
core   0: 0x800000c4 (0x11111db7) lui     s11, 0x11111
core   0: 3 0x800000c4 (0x11111db7) x27 0x11111000
core   0: 0x800000c8 (0x111d8d93) addi    s11, s11, 273
core   0: 3 0x800000c8 (0x111d8d93) x27 0x11111111
core   0: 0x800000cc (0x0000936e) c.add   t1, s11
core   0: 3 0x800000cc (0x936e) x6  0x911144bd
core   0: 0x800000ce (0x00235313) srli    t1, t1, 2
core   0: 3 0x800000ce (0x00235313) x6  0x2444512f
core   0: 0x800000d2 (0x3b131073) csrw    pmpaddr1, t1
core   0: 3 0x800000d2 (0x3b131073) c945_pmpaddr1 0x2444512f
core   0: 0x800000d6 (0x00003317) auipc   t1, 0x3
core   0: 3 0x800000d6 (0x00003317) x6  0x800030d6
core   0: 0x800000da (0x2d630313) addi    t1, t1, 726
core   0: 3 0x800000da (0x2d630313) x6  0x800033ac
core   0: 0x800000de (0x22222db7) lui     s11, 0x22222
core   0: 3 0x800000de (0x22222db7) x27 0x22222000
core   0: 0x800000e2 (0x222d8d93) addi    s11, s11, 546
core   0: 3 0x800000e2 (0x222d8d93) x27 0x22222222
core   0: 0x800000e6 (0x0000936e) c.add   t1, s11
core   0: 3 0x800000e6 (0x936e) x6  0xa22255ce
core   0: 0x800000e8 (0x00235313) srli    t1, t1, 2
core   0: 3 0x800000e8 (0x00235313) x6  0x28889573
core   0: 0x800000ec (0x3b231073) csrw    pmpaddr2, t1
core   0: 3 0x800000ec (0x3b231073) c946_pmpaddr2 0x28889573
core   0: 0x800000f0 (0x00003317) auipc   t1, 0x3
core   0: 3 0x800000f0 (0x00003317) x6  0x800030f0
core   0: 0x800000f4 (0x2bc30313) addi    t1, t1, 700
core   0: 3 0x800000f4 (0x2bc30313) x6  0x800033ac
core   0: 0x800000f8 (0x33333db7) lui     s11, 0x33333
core   0: 3 0x800000f8 (0x33333db7) x27 0x33333000
core   0: 0x800000fc (0x333d8d93) addi    s11, s11, 819
core   0: 3 0x800000fc (0x333d8d93) x27 0x33333333
core   0: 0x80000100 (0x0000936e) c.add   t1, s11
core   0: 3 0x80000100 (0x936e) x6  0xb33366df
core   0: 0x80000102 (0x00235313) srli    t1, t1, 2
core   0: 3 0x80000102 (0x00235313) x6  0x2cccd9b7
core   0: 0x80000106 (0x3b331073) csrw    pmpaddr3, t1
core   0: 3 0x80000106 (0x3b331073) c947_pmpaddr3 0x2cccd9b7
core   0: 0x8000010a (0x0f0f1337) lui     t1, 0xf0f1
core   0: 3 0x8000010a (0x0f0f1337) x6  0x0f0f1000
core   0: 0x8000010e (0xf0f30313) addi    t1, t1, -241
core   0: 3 0x8000010e (0xf0f30313) x6  0x0f0f0f0f
core   0: 0x80000112 (0x3a031073) csrw    pmpcfg0, t1
core   0: 3 0x80000112 (0x3a031073) c928_pmpcfg0 0x0f0f0f0f
core   0: 0x80000116 (0x00003317) auipc   t1, 0x3
core   0: 3 0x80000116 (0x00003317) x6  0x80003116
core   0: 0x8000011a (0x29630313) addi    t1, t1, 662
core   0: 3 0x8000011a (0x29630313) x6  0x800033ac
core   0: 0x8000011e (0x44444db7) lui     s11, 0x44444
core   0: 3 0x8000011e (0x44444db7) x27 0x44444000
core   0: 0x80000122 (0x444d8d93) addi    s11, s11, 1092
core   0: 3 0x80000122 (0x444d8d93) x27 0x44444444
core   0: 0x80000126 (0x0000936e) c.add   t1, s11
core   0: 3 0x80000126 (0x936e) x6  0xc44477f0
core   0: 0x80000128 (0x00235313) srli    t1, t1, 2
core   0: 3 0x80000128 (0x00235313) x6  0x31111dfc
core   0: 0x8000012c (0x3b431073) csrw    pmpaddr4, t1
core   0: 3 0x8000012c (0x3b431073) c948_pmpaddr4 0x31111dfc
core   0: 0x80000130 (0x00003317) auipc   t1, 0x3
core   0: 3 0x80000130 (0x00003317) x6  0x80003130
core   0: 0x80000134 (0x27c30313) addi    t1, t1, 636
core   0: 3 0x80000134 (0x27c30313) x6  0x800033ac
core   0: 0x80000138 (0x55555db7) lui     s11, 0x55555
core   0: 3 0x80000138 (0x55555db7) x27 0x55555000
core   0: 0x8000013c (0x555d8d93) addi    s11, s11, 1365
core   0: 3 0x8000013c (0x555d8d93) x27 0x55555555
core   0: 0x80000140 (0x0000936e) c.add   t1, s11
core   0: 3 0x80000140 (0x936e) x6  0xd5558901
core   0: 0x80000142 (0x00235313) srli    t1, t1, 2
core   0: 3 0x80000142 (0x00235313) x6  0x35556240
core   0: 0x80000146 (0x3b531073) csrw    pmpaddr5, t1
core   0: 3 0x80000146 (0x3b531073) c949_pmpaddr5 0x35556240
core   0: 0x8000014a (0x00003317) auipc   t1, 0x3
core   0: 3 0x8000014a (0x00003317) x6  0x8000314a
core   0: 0x8000014e (0x26230313) addi    t1, t1, 610
core   0: 3 0x8000014e (0x26230313) x6  0x800033ac
core   0: 0x80000152 (0x66666db7) lui     s11, 0x66666
core   0: 3 0x80000152 (0x66666db7) x27 0x66666000
core   0: 0x80000156 (0x666d8d93) addi    s11, s11, 1638
core   0: 3 0x80000156 (0x666d8d93) x27 0x66666666
core   0: 0x8000015a (0x0000936e) c.add   t1, s11
core   0: 3 0x8000015a (0x936e) x6  0xe6669a12
core   0: 0x8000015c (0x00235313) srli    t1, t1, 2
core   0: 3 0x8000015c (0x00235313) x6  0x3999a684
core   0: 0x80000160 (0x3b631073) csrw    pmpaddr6, t1
core   0: 3 0x80000160 (0x3b631073) c950_pmpaddr6 0x3999a684
core   0: 0x80000164 (0x00003317) auipc   t1, 0x3
core   0: 3 0x80000164 (0x00003317) x6  0x80003164
core   0: 0x80000168 (0x24830313) addi    t1, t1, 584
core   0: 3 0x80000168 (0x24830313) x6  0x800033ac
core   0: 0x8000016c (0x77777db7) lui     s11, 0x77777
core   0: 3 0x8000016c (0x77777db7) x27 0x77777000
core   0: 0x80000170 (0x777d8d93) addi    s11, s11, 1911
core   0: 3 0x80000170 (0x777d8d93) x27 0x77777777
core   0: 0x80000174 (0x0000936e) c.add   t1, s11
core   0: 3 0x80000174 (0x936e) x6  0xf777ab23
core   0: 0x80000176 (0x00235313) srli    t1, t1, 2
core   0: 3 0x80000176 (0x00235313) x6  0x3dddeac8
core   0: 0x8000017a (0x3b731073) csrw    pmpaddr7, t1
core   0: 3 0x8000017a (0x3b731073) c951_pmpaddr7 0x3dddeac8
core   0: 0x8000017e (0x0f0f1337) lui     t1, 0xf0f1
core   0: 3 0x8000017e (0x0f0f1337) x6  0x0f0f1000
core   0: 0x80000182 (0xf0f30313) addi    t1, t1, -241
core   0: 3 0x80000182 (0xf0f30313) x6  0x0f0f0f0f
core   0: 0x80000186 (0x3a131073) csrw    pmpcfg1, t1
core   0: 3 0x80000186 (0x3a131073) c929_pmpcfg1 0x0f0f0f0f
core   0: 0x8000018a (0x00003317) auipc   t1, 0x3
core   0: 3 0x8000018a (0x00003317) x6  0x8000318a
core   0: 0x8000018e (0x22230313) addi    t1, t1, 546
core   0: 3 0x8000018e (0x22230313) x6  0x800033ac
core   0: 0x80000192 (0x88889db7) lui     s11, 0x88889
core   0: 3 0x80000192 (0x88889db7) x27 0x88889000
core   0: 0x80000196 (0x888d8d93) addi    s11, s11, -1912
core   0: 3 0x80000196 (0x888d8d93) x27 0x88888888
core   0: 0x8000019a (0x0000936e) c.add   t1, s11
core   0: 3 0x8000019a (0x936e) x6  0x0888bc34
core   0: 0x8000019c (0x00235313) srli    t1, t1, 2
core   0: 3 0x8000019c (0x00235313) x6  0x02222f0d
core   0: 0x800001a0 (0x3b831073) csrw    pmpaddr8, t1
core   0: 3 0x800001a0 (0x3b831073) c952_pmpaddr8 0x02222f0d
core   0: 0x800001a4 (0x00003317) auipc   t1, 0x3
core   0: 3 0x800001a4 (0x00003317) x6  0x800031a4
core   0: 0x800001a8 (0x20830313) addi    t1, t1, 520
core   0: 3 0x800001a8 (0x20830313) x6  0x800033ac
core   0: 0x800001ac (0x9999adb7) lui     s11, 0x9999a
core   0: 3 0x800001ac (0x9999adb7) x27 0x9999a000
core   0: 0x800001b0 (0x999d8d93) addi    s11, s11, -1639
core   0: 3 0x800001b0 (0x999d8d93) x27 0x99999999
core   0: 0x800001b4 (0x0000936e) c.add   t1, s11
core   0: 3 0x800001b4 (0x936e) x6  0x1999cd45
core   0: 0x800001b6 (0x00235313) srli    t1, t1, 2
core   0: 3 0x800001b6 (0x00235313) x6  0x06667351
core   0: 0x800001ba (0x3b931073) csrw    pmpaddr9, t1
core   0: 3 0x800001ba (0x3b931073) c953_pmpaddr9 0x06667351
core   0: 0x800001be (0x00003317) auipc   t1, 0x3
core   0: 3 0x800001be (0x00003317) x6  0x800031be
core   0: 0x800001c2 (0x1ee30313) addi    t1, t1, 494
core   0: 3 0x800001c2 (0x1ee30313) x6  0x800033ac
core   0: 0x800001c6 (0xaaaabdb7) lui     s11, 0xaaaab
core   0: 3 0x800001c6 (0xaaaabdb7) x27 0xaaaab000
core   0: 0x800001ca (0xaaad8d93) addi    s11, s11, -1366
core   0: 3 0x800001ca (0xaaad8d93) x27 0xaaaaaaaa
core   0: 0x800001ce (0x0000936e) c.add   t1, s11
core   0: 3 0x800001ce (0x936e) x6  0x2aaade56
core   0: 0x800001d0 (0x00235313) srli    t1, t1, 2
core   0: 3 0x800001d0 (0x00235313) x6  0x0aaab795
core   0: 0x800001d4 (0x3ba31073) csrw    pmpaddr10, t1
core   0: 3 0x800001d4 (0x3ba31073) c954_pmpaddr10 0x0aaab795
core   0: 0x800001d8 (0x00003317) auipc   t1, 0x3
core   0: 3 0x800001d8 (0x00003317) x6  0x800031d8
core   0: 0x800001dc (0x1d430313) addi    t1, t1, 468
core   0: 3 0x800001dc (0x1d430313) x6  0x800033ac
core   0: 0x800001e0 (0xbbbbcdb7) lui     s11, 0xbbbbc
core   0: 3 0x800001e0 (0xbbbbcdb7) x27 0xbbbbc000
core   0: 0x800001e4 (0xbbbd8d93) addi    s11, s11, -1093
core   0: 3 0x800001e4 (0xbbbd8d93) x27 0xbbbbbbbb
core   0: 0x800001e8 (0x0000936e) c.add   t1, s11
core   0: 3 0x800001e8 (0x936e) x6  0x3bbbef67
core   0: 0x800001ea (0x00235313) srli    t1, t1, 2
core   0: 3 0x800001ea (0x00235313) x6  0x0eeefbd9
core   0: 0x800001ee (0x3bb31073) csrw    pmpaddr11, t1
core   0: 3 0x800001ee (0x3bb31073) c955_pmpaddr11 0x0eeefbd9
core   0: 0x800001f2 (0x0f0f1337) lui     t1, 0xf0f1
core   0: 3 0x800001f2 (0x0f0f1337) x6  0x0f0f1000
core   0: 0x800001f6 (0xf0f30313) addi    t1, t1, -241
core   0: 3 0x800001f6 (0xf0f30313) x6  0x0f0f0f0f
core   0: 0x800001fa (0x3a231073) csrw    pmpcfg2, t1
core   0: 3 0x800001fa (0x3a231073) c930_pmpcfg2 0x0f0f0f0f
core   0: 0x800001fe (0x00003317) auipc   t1, 0x3
core   0: 3 0x800001fe (0x00003317) x6  0x800031fe
core   0: 0x80000202 (0x1ae30313) addi    t1, t1, 430
core   0: 3 0x80000202 (0x1ae30313) x6  0x800033ac
core   0: 0x80000206 (0xccccddb7) lui     s11, 0xccccd
core   0: 3 0x80000206 (0xccccddb7) x27 0xccccd000
core   0: 0x8000020a (0xcccd8d93) addi    s11, s11, -820
core   0: 3 0x8000020a (0xcccd8d93) x27 0xcccccccc
core   0: 0x8000020e (0x0000936e) c.add   t1, s11
core   0: 3 0x8000020e (0x936e) x6  0x4ccd0078
core   0: 0x80000210 (0x00235313) srli    t1, t1, 2
core   0: 3 0x80000210 (0x00235313) x6  0x1333401e
core   0: 0x80000214 (0x3bc31073) csrw    pmpaddr12, t1
core   0: 3 0x80000214 (0x3bc31073) c956_pmpaddr12 0x1333401e
core   0: 0x80000218 (0x00003317) auipc   t1, 0x3
core   0: 3 0x80000218 (0x00003317) x6  0x80003218
core   0: 0x8000021c (0x19430313) addi    t1, t1, 404
core   0: 3 0x8000021c (0x19430313) x6  0x800033ac
core   0: 0x80000220 (0xddddedb7) lui     s11, 0xdddde
core   0: 3 0x80000220 (0xddddedb7) x27 0xdddde000
core   0: 0x80000224 (0xdddd8d93) addi    s11, s11, -547
core   0: 3 0x80000224 (0xdddd8d93) x27 0xdddddddd
core   0: 0x80000228 (0x0000936e) c.add   t1, s11
core   0: 3 0x80000228 (0x936e) x6  0x5dde1189
core   0: 0x8000022a (0x00235313) srli    t1, t1, 2
core   0: 3 0x8000022a (0x00235313) x6  0x17778462
core   0: 0x8000022e (0x3bd31073) csrw    pmpaddr13, t1
core   0: 3 0x8000022e (0x3bd31073) c957_pmpaddr13 0x17778462
core   0: 0x80000232 (0x00003317) auipc   t1, 0x3
core   0: 3 0x80000232 (0x00003317) x6  0x80003232
core   0: 0x80000236 (0x17a30313) addi    t1, t1, 378
core   0: 3 0x80000236 (0x17a30313) x6  0x800033ac
core   0: 0x8000023a (0xeeeefdb7) lui     s11, 0xeeeef
core   0: 3 0x8000023a (0xeeeefdb7) x27 0xeeeef000
core   0: 0x8000023e (0xeeed8d93) addi    s11, s11, -274
core   0: 3 0x8000023e (0xeeed8d93) x27 0xeeeeeeee
core   0: 0x80000242 (0x0000936e) c.add   t1, s11
core   0: 3 0x80000242 (0x936e) x6  0x6eef229a
core   0: 0x80000244 (0x00235313) srli    t1, t1, 2
core   0: 3 0x80000244 (0x00235313) x6  0x1bbbc8a6
core   0: 0x80000248 (0x3be31073) csrw    pmpaddr14, t1
core   0: 3 0x80000248 (0x3be31073) c958_pmpaddr14 0x1bbbc8a6
core   0: 0x8000024c (0x00003317) auipc   t1, 0x3
core   0: 3 0x8000024c (0x00003317) x6  0x8000324c
core   0: 0x80000250 (0x16030313) addi    t1, t1, 352
core   0: 3 0x80000250 (0x16030313) x6  0x800033ac
core   0: 0x80000254 (0xfff00d93) li      s11, -1
core   0: 3 0x80000254 (0xfff00d93) x27 0xffffffff
core   0: 0x80000258 (0x0000936e) c.add   t1, s11
core   0: 3 0x80000258 (0x936e) x6  0x800033ab
core   0: 0x8000025a (0x00235313) srli    t1, t1, 2
core   0: 3 0x8000025a (0x00235313) x6  0x20000cea
core   0: 0x8000025e (0x3bf31073) csrw    pmpaddr15, t1
core   0: 3 0x8000025e (0x3bf31073) c959_pmpaddr15 0x20000cea
core   0: 0x80000262 (0x0f0f1337) lui     t1, 0xf0f1
core   0: 3 0x80000262 (0x0f0f1337) x6  0x0f0f1000
core   0: 0x80000266 (0xf0f30313) addi    t1, t1, -241
core   0: 3 0x80000266 (0xf0f30313) x6  0x0f0f0f0f
core   0: 0x8000026a (0x3a331073) csrw    pmpcfg3, t1
core   0: 3 0x8000026a (0x3a331073) c931_pmpcfg3 0x0f0f0f0f
core   0: 0x8000026e (0x00000d97) auipc   s11, 0x0
core   0: 3 0x8000026e (0x00000d97) x27 0x8000026e
core   0: 0x80000272 (0x058d8d93) addi    s11, s11, 88
core   0: 3 0x80000272 (0x058d8d93) x27 0x800002c6
core   0: 0x80000276 (0x341d9073) csrw    mepc, s11
core   0: 3 0x80000276 (0x341d9073) c833_mepc 0x800002c6
core   0: 0x8000027a (0x7c00d073) csrwi   cpuctrlsts, 1
core   0: 3 0x8000027a (0x7c00d073) c1984_cpuctrlsts 0x00000101
core   0: 0x8000027e (0x00006d89) c.lui   s11, 0x2
core   0: 3 0x8000027e (0x6d89) x27 0x00002000
core   0: 0x80000280 (0x800d8d93) addi    s11, s11, -2048
core   0: 3 0x80000280 (0x800d8d93) x27 0x00001800
core   0: 0x80000284 (0x300d9073) csrw    mstatus, s11
core   0: 3 0x80000284 (0x300d9073) c768_mstatus 0x00001800
core   0: 0x80000288 (0x00004d81) c.li    s11, 0
core   0: 3 0x80000288 (0x4d81) x27 0x00000000
core   0: 0x8000028a (0x304d9073) csrw    mie, s11
core   0: 3 0x8000028a (0x304d9073) c772_mie 0x00000000
core   0: 0x8000028e (0x90000537) lui     a0, 0x90000
core   0: 3 0x8000028e (0x90000537) x10 0x90000000
core   0: 0x80000292 (0x00001571) c.addi  a0, -4
core   0: 3 0x80000292 (0x1571) x10 0x8ffffffc
core   0: 0x80000294 (0x30000d93) li      s11, 768
core   0: 3 0x80000294 (0x30000d93) x27 0x00000300
core   0: 0x80000298 (0x00000da2) c.slli  s11, 8
core   0: 3 0x80000298 (0x0da2) x27 0x00030000
core   0: 0x8000029a (0x00000d8d) c.addi  s11, 3
core   0: 3 0x8000029a (0x0d8d) x27 0x00030003
core   0: 0x8000029c (0x01b52023) sw      s11, 0(a0)
core   0: 3 0x8000029c (0x01b52023) mem 0x8ffffffc 0x00030003
core   0: 0x800002a0 (0x30002df3) csrr    s11, mstatus
core   0: 3 0x800002a0 (0x30002df3) x27 0x00001800
core   0: 0x800002a4 (0x01b52023) sw      s11, 0(a0)
core   0: 3 0x800002a4 (0x01b52023) mem 0x8ffffffc 0x00001800
core   0: 0x800002a8 (0x90000537) lui     a0, 0x90000
core   0: 3 0x800002a8 (0x90000537) x10 0x90000000
core   0: 0x800002ac (0x00001571) c.addi  a0, -4
core   0: 3 0x800002ac (0x1571) x10 0x8ffffffc
core   0: 0x800002ae (0x30400d93) li      s11, 772
core   0: 3 0x800002ae (0x30400d93) x27 0x00000304
core   0: 0x800002b2 (0x00000da2) c.slli  s11, 8
core   0: 3 0x800002b2 (0x0da2) x27 0x00030400
core   0: 0x800002b4 (0x00000d8d) c.addi  s11, 3
core   0: 3 0x800002b4 (0x0d8d) x27 0x00030403
core   0: 0x800002b6 (0x01b52023) sw      s11, 0(a0)
core   0: 3 0x800002b6 (0x01b52023) mem 0x8ffffffc 0x00030403
core   0: 0x800002ba (0x30402df3) csrr    s11, mie
core   0: 3 0x800002ba (0x30402df3) x27 0x00000000
core   0: 0x800002be (0x01b52023) sw      s11, 0(a0)
core   0: 3 0x800002be (0x01b52023) mem 0x8ffffffc 0x00000000
core   0: 0x800002c2 (0x30200073) mret
core   0: 3 0x800002c2 (0x30200073) c768_mstatus 0x00000080
core   0: 0x800002c6 (0xff8b8037) lui     zero, 0xff8b8
core   0: 3 0x800002c6 (0xff8b8037)
core   0: 0x800002ca (0x10e00013) li      zero, 270
core   0: 3 0x800002ca (0x10e00013)
core   0: 0x800002ce (0x7327d0b7) lui     ra, 0x7327d
core   0: 3 0x800002ce (0x7327d0b7) x1  0x7327d000
core   0: 0x800002d2 (0xba008093) addi    ra, ra, -1120
core   0: 3 0x800002d2 (0xba008093) x1  0x7327cba0
core   0: 0x800002d6 (0xf5e3a137) lui     sp, 0xf5e3a
core   0: 3 0x800002d6 (0xf5e3a137) x2  0xf5e3a000
core   0: 0x800002da (0x89510113) addi    sp, sp, -1899
core   0: 3 0x800002da (0x89510113) x2  0xf5e39895
core   0: 0x800002de (0x00004181) c.li    gp, 0
core   0: 3 0x800002de (0x4181) x3  0x00000000
core   0: 0x800002e0 (0x6511b237) lui     tp, 0x6511b
core   0: 3 0x800002e0 (0x6511b237) x4  0x6511b000
core   0: 0x800002e4 (0xbba20213) addi    tp, tp, -1094
core   0: 3 0x800002e4 (0xbba20213) x4  0x6511abba
core   0: 0x800002e8 (0xe2e872b7) lui     t0, 0xe2e87
core   0: 3 0x800002e8 (0xe2e872b7) x5  0xe2e87000
core   0: 0x800002ec (0x5c428293) addi    t0, t0, 1476
core   0: 3 0x800002ec (0x5c428293) x5  0xe2e875c4
core   0: 0x800002f0 (0x00004301) c.li    t1, 0
core   0: 3 0x800002f0 (0x4301) x6  0x00000000
core   0: 0x800002f2 (0x000043a5) c.li    t2, 9
core   0: 3 0x800002f2 (0x43a5) x7  0x00000009
core   0: 0x800002f4 (0x80000437) lui     s0, 0x80000
core   0: 3 0x800002f4 (0x80000437) x8  0x80000000
core   0: 0x800002f8 (0xf944e4b7) lui     s1, 0xf944e
core   0: 3 0x800002f8 (0xf944e4b7) x9  0xf944e000
core   0: 0x800002fc (0x20f48493) addi    s1, s1, 527
core   0: 3 0x800002fc (0x20f48493) x9  0xf944e20f
core   0: 0x80000300 (0x00004501) c.li    a0, 0
core   0: 3 0x80000300 (0x4501) x10 0x00000000
core   0: 0x80000302 (0x00004625) c.li    a2, 9
core   0: 3 0x80000302 (0x4625) x12 0x00000009
core   0: 0x80000304 (0xf0c556b7) lui     a3, 0xf0c55
core   0: 3 0x80000304 (0xf0c556b7) x13 0xf0c55000
core   0: 0x80000308 (0xda468693) addi    a3, a3, -604
core   0: 3 0x80000308 (0xda468693) x13 0xf0c54da4
core   0: 0x8000030c (0xfd8fc737) lui     a4, 0xfd8fc
core   0: 3 0x8000030c (0xfd8fc737) x14 0xfd8fc000
core   0: 0x80000310 (0xe7e70713) addi    a4, a4, -386
core   0: 3 0x80000310 (0xe7e70713) x14 0xfd8fbe7e
core   0: 0x80000314 (0x00004781) c.li    a5, 0
core   0: 3 0x80000314 (0x4781) x15 0x00000000
core   0: 0x80000316 (0x65193837) lui     a6, 0x65193
core   0: 3 0x80000316 (0x65193837) x16 0x65193000
core   0: 0x8000031a (0x5eb80813) addi    a6, a6, 1515
core   0: 3 0x8000031a (0x5eb80813) x16 0x651935eb
core   0: 0x8000031e (0x00004891) c.li    a7, 4
core   0: 3 0x8000031e (0x4891) x17 0x00000004
core   0: 0x80000320 (0x80000937) lui     s2, 0x80000
core   0: 3 0x80000320 (0x80000937) x18 0x80000000
core   0: 0x80000324 (0x000049a9) c.li    s3, 10
core   0: 3 0x80000324 (0x49a9) x19 0x0000000a
core   0: 0x80000326 (0xff2dfa37) lui     s4, 0xff2df
core   0: 3 0x80000326 (0xff2dfa37) x20 0xff2df000
core   0: 0x8000032a (0x586a0a13) addi    s4, s4, 1414
core   0: 3 0x8000032a (0x586a0a13) x20 0xff2df586
core   0: 0x8000032e (0x80000ab7) lui     s5, 0x80000
core   0: 3 0x8000032e (0x80000ab7) x21 0x80000000
core   0: 0x80000332 (0xfa72bb37) lui     s6, 0xfa72b
core   0: 3 0x80000332 (0xfa72bb37) x22 0xfa72b000
core   0: 0x80000336 (0x098b0b13) addi    s6, s6, 152
core   0: 3 0x80000336 (0x098b0b13) x22 0xfa72b098
core   0: 0x8000033a (0x00004b89) c.li    s7, 2
core   0: 3 0x8000033a (0x4b89) x23 0x00000002
core   0: 0x8000033c (0x00004c39) c.li    s8, 14
core   0: 3 0x8000033c (0x4c39) x24 0x0000000e
core   0: 0x8000033e (0x00004c81) c.li    s9, 0
core   0: 3 0x8000033e (0x4c81) x25 0x00000000
core   0: 0x80000340 (0x00004d01) c.li    s10, 0
core   0: 3 0x80000340 (0x4d01) x26 0x00000000
core   0: 0x80000342 (0x00004db5) c.li    s11, 13
core   0: 3 0x80000342 (0x4db5) x27 0x0000000d
core   0: 0x80000344 (0x82ec1e37) lui     t3, 0x82ec1
core   0: 3 0x80000344 (0x82ec1e37) x28 0x82ec1000
core   0: 0x80000348 (0xcb0e0e13) addi    t3, t3, -848
core   0: 3 0x80000348 (0xcb0e0e13) x28 0x82ec0cb0
core   0: 0x8000034c (0xcac09eb7) lui     t4, 0xcac09
core   0: 3 0x8000034c (0xcac09eb7) x29 0xcac09000
core   0: 0x80000350 (0x9bde8e93) addi    t4, t4, -1603
core   0: 3 0x80000350 (0x9bde8e93) x29 0xcac089bd
core   0: 0x80000354 (0x80000f37) lui     t5, 0x80000
core   0: 3 0x80000354 (0x80000f37) x30 0x80000000
core   0: 0x80000358 (0x00022597) auipc   a1, 0x22
core   0: 3 0x80000358 (0x00022597) x11 0x80022358
core   0: 0x8000035c (0xb0c58593) addi    a1, a1, -1268
core   0: 3 0x8000035c (0xb0c58593) x11 0x80021e64
core   0: 0x80000360 (0x90000537) lui     a0, 0x90000
core   0: 3 0x80000360 (0x90000537) x10 0x90000000
core   0: 0x80000364 (0x00001571) c.addi  a0, -4
core   0: 3 0x80000364 (0x1571) x10 0x8ffffffc
core   0: 0x80000366 (0x00004d81) c.li    s11, 0
core   0: 3 0x80000366 (0x4d81) x27 0x00000000
core   0: 0x80000368 (0x00000da2) c.slli  s11, 8
core   0: 3 0x80000368 (0x0da2) x27 0x00000000
core   0: 0x8000036a (0x000d8d93) mv      s11, s11
core   0: 3 0x8000036a (0x000d8d93) x27 0x00000000
core   0: 0x8000036e (0x01b52023) sw      s11, 0(a0)
core   0: 3 0x8000036e (0x01b52023) mem 0x8ffffffc 0x00000000
core   0: 0x80000372 (0x03a0306f) j       pc + 0x303a
core   0: 3 0x80000372 (0x03a0306f)
core   0: 0x800033ac (0x03797733) remu    a4, s2, s7
core   0: 3 0x800033ac (0x03797733) x14 0x00000000
core   0: 0x800033b0 (0x410e07b3) sub     a5, t3, a6
core   0: 3 0x800033b0 (0x410e07b3) x15 0x1dd2d6c5
core   0: 0x800033b4 (0x340b5cf3) csrrwi  s9, mscratch, 22
core   0: 3 0x800033b4 (0x340b5cf3) x25 0x00000000 c832_mscratch 0x00000016
core   0: 0x800033b8 (0x011a8833) add     a6, s5, a7
core   0: 3 0x800033b8 (0x011a8833) x16 0x80000004
core   0: 0x800033bc (0x6c6ea793) slti    a5, t4, 1734
core   0: 3 0x800033bc (0x6c6ea793) x15 0x00000001
core   0: 0x800033c0 (0x34003073) csrc    mscratch, zero
core   0: 3 0x800033c0 (0x34003073)
core   0: 0x800033c4 (0x05a4d263) bge     s1, s10, pc + 68
core   0: 3 0x800033c4 (0x05a4d263)
core   0: 0x800033c8 (0x03779ab3) mulh    s5, a5, s7
core   0: 3 0x800033c8 (0x03779ab3) x21 0x00000000
core   0: 0x800033cc (0x3406baf3) csrrc   s5, mscratch, a3
core   0: 3 0x800033cc (0x3406baf3) x21 0x00000016 c832_mscratch 0x00000012
core   0: 0x800033d0 (0x03068bb3) mul     s7, a3, a6
core   0: 3 0x800033d0 (0x03068bb3) x23 0xc3153690
core   0: 0x800033d4 (0x0ff0000f) fence   iorw,iorw
core   0: 3 0x800033d4 (0x0ff0000f)
core   0: 0x800033d8 (0x00008cf5) c.and   s1, a3
core   0: 3 0x800033d8 (0x8cf5) x9  0xf0444004
core   0: 0x800033da (0x00037463) bgeu    t1, zero, pc + 8
core   0: 3 0x800033da (0x00037463)
core   0: 0x800033e2 (0x34002273) csrr    tp, mscratch
core   0: 3 0x800033e2 (0x34002273) x4  0x00000012
core   0: 0x800033e6 (0x01ab9033) sll     zero, s7, s10
core   0: 3 0x800033e6 (0x01ab9033)
core   0: 0x800033ea (0x0000cb15) c.beqz  a4, pc + 52
core   0: 3 0x800033ea (0xcb15)
core   0: 0x8000341e (0x40dc0bb3) sub     s7, s8, a3
core   0: 3 0x8000341e (0x40dc0bb3) x23 0x0f3ab26a
core   0: 0x80003422 (0x34003173) csrrc   sp, mscratch, zero
core   0: 3 0x80003422 (0x34003173) x2  0x00000012
core   0: 0x80003426 (0x010f7233) and     tp, t5, a6
core   0: 3 0x80003426 (0x010f7233) x4  0x80000000
core   0: 0x8000342a (0x02e38963) beq     t2, a4, pc + 50
core   0: 3 0x8000342a (0x02e38963)
core   0: 0x8000342e (0x0000808e) c.mv    ra, gp
core   0: 3 0x8000342e (0x808e) x1  0x00000000
core   0: 0x80003430 (0x0000691d) c.lui   s2, 0x7
core   0: 3 0x80003430 (0x691d) x18 0x00007000
core   0: 0x80003432 (0x00000001) c.nop
core   0: 3 0x80003432 (0x0001)
core   0: 0x80003434 (0x00597ab3) and     s5, s2, t0
core   0: 3 0x80003434 (0x00597ab3) x21 0x00007000
core   0: 0x80003438 (0x7ca9a993) slti    s3, s3, 1994
core   0: 3 0x80003438 (0x7ca9a993) x19 0x00000001
core   0: 0x8000343c (0x0000717d) c.addi16sp sp, -16
core   0: 3 0x8000343c (0x717d) x2  0x00000002
core   0: 0x8000343e (0x0ff0000f) fence   iorw,iorw
core   0: 3 0x8000343e (0x0ff0000f)
core   0: 0x80003442 (0x340918f3) csrrw   a7, mscratch, s2
core   0: 3 0x80003442 (0x340918f3) x17 0x00000012 c832_mscratch 0x00007000
core   0: 0x80003446 (0x00008fe5) c.and   a5, s1
core   0: 3 0x80003446 (0x8fe5) x15 0x00000000
core   0: 0x80003448 (0x536b3e13) sltiu   t3, s6, 1334
core   0: 3 0x80003448 (0x536b3e13) x28 0x00000000
core   0: 0x8000344c (0x016550b3) srl     ra, a0, s6
core   0: 3 0x8000344c (0x016550b3) x1  0x0000008f
core   0: 0x80003450 (0x413959b3) sra     s3, s2, s3
core   0: 3 0x80003450 (0x413959b3) x19 0x00003800
core   0: 0x80003454 (0x0312d063) bge     t0, a7, pc + 32
core   0: 3 0x80003454 (0x0312d063)
core   0: 0x80003458 (0x02dc2cb3) mulhsu  s9, s8, a3
core   0: 3 0x80003458 (0x02dc2cb3) x25 0x0000000d
core   0: 0x8000345c (0x1dcc8713) addi    a4, s9, 476
core   0: 3 0x8000345c (0x1dcc8713) x14 0x000001e9
core   0: 0x80003460 (0x4076d813) srai    a6, a3, 7
core   0: 3 0x80003460 (0x4076d813) x16 0xffe18a9b
core   0: 0x80003464 (0x03c38eb3) mul     t4, t2, t3
core   0: 3 0x80003464 (0x03c38eb3) x29 0x00000000
core   0: 0x80003468 (0x00008f21) c.xor   a4, s0
core   0: 3 0x80003468 (0x8f21) x14 0x800001e9
core   0: 0x8000346a (0x05ffd563) bge     t6, t6, pc + 74
core   0: 3 0x8000346a (0x05ffd563)
core   0: 0x800034b4 (0x01fbb1b3) sltu    gp, s7, t6
core   0: 3 0x800034b4 (0x01fbb1b3) x3  0x00000001
core   0: 0x800034b8 (0x03bbdcb3) divu    s9, s7, s11
core   0: 3 0x800034b8 (0x03bbdcb3) x25 0xffffffff
core   0: 0x800034bc (0x00008d21) c.xor   a0, s0
core   0: 3 0x800034bc (0x8d21) x10 0x0ffffffc
core   0: 0x800034be (0x000003d6) c.slli  t2, 21
core   0: 3 0x800034be (0x03d6) x7  0x01200000
core   0: 0x800034c0 (0x6581ec97) auipc   s9, 0x6581e
core   0: 3 0x800034c0 (0x6581ec97) x25 0xe58214c0
core   0: 0x800034c4 (0x00005297) auipc   t0, 0x5
core   0: 3 0x800034c4 (0x00005297) x5  0x800084c4
core   0: 0x800034c8 (0x0ca28293) addi    t0, t0, 202
core   0: 3 0x800034c8 (0x0ca28293) x5  0x8000858e
core   0: 0x800034cc (0x0207d6b3) divu    a3, a5, zero
core   0: 3 0x800034cc (0x0207d6b3) x13 0xffffffff
core   0: 0x800034d0 (0x00008c25) c.xor   s0, s1
core   0: 3 0x800034d0 (0x8c25) x8  0x70444004
core   0: 0x800034d2 (0xf8928293) addi    t0, t0, -119
core   0: 3 0x800034d2 (0xf8928293) x5  0x80008517
core   0: 0x800034d6 (0x00000d98) c.addi4spn a4, sp, 720
core   0: 3 0x800034d6 (0x0d98) x14 0x000002d2
core   0: 0x800034d8 (0x00009c86) c.add   s9, ra
core   0: 3 0x800034d8 (0x9c86) x25 0xe582154f
core   0: 0x800034da (0x033e30b3) mulhu   ra, t3, s3
core   0: 3 0x800034da (0x033e30b3) x1  0x00000000
core   0: 0x800034de (0x00000001) c.nop
core   0: 3 0x800034de (0x0001)
core   0: 0x800034e0 (0x7da12913) slti    s2, sp, 2010
core   0: 3 0x800034e0 (0x7da12913) x18 0x00000001
core   0: 0x800034e4 (0x078286e7) jalr    a3, t0, 120
core   0: 3 0x800034e4 (0x078286e7) x13 0x800034e8
core   0: 0x8000858e (0x0000e119) c.bnez  a0, pc + 6
core   0: 3 0x8000858e (0xe119)
core   0: 0x80008594 (0x000015d1) c.addi  a1, -12
core   0: 3 0x80008594 (0x15d1) x11 0x80021e58
core   0: 0x80008596 (0x34007273) csrrci  tp, mscratch, 0
core   0: 3 0x80008596 (0x34007273) x4  0x00007000
core   0: 0x8000859a (0x0000084e) c.slli  a6, 19
core   0: 3 0x8000859a (0x084e) x16 0x54d80000
core   0: 0x8000859c (0x0000c1d4) c.sw    a3, 4(a1)
core   0: 3 0x8000859c (0xc1d4) mem 0x80021e5c 0x800034e8
core   0: 0x8000859e (0x03164233) div     tp, a2, a7
core   0: 3 0x8000859e (0x03164233) x4  0x00000000
core   0: 0x800085a2 (0x02c42133) mulhsu  sp, s0, a2
core   0: 3 0x800085a2 (0x02c42133) x2  0x00000003
core   0: 0x800085a6 (0x41568c33) sub     s8, a3, s5
core   0: 3 0x800085a6 (0x41568c33) x24 0x7fffc4e8
core   0: 0x800085aa (0x046bc413) xori    s0, s7, 70
core   0: 3 0x800085aa (0x046bc413) x8  0x0f3ab22c
core   0: 0x800085ae (0x022e9663) bne     t4, sp, pc + 44
core   0: 3 0x800085ae (0x022e9663)
core   0: 0x800085da (0x0000832d) c.srli  a4, 11
core   0: 3 0x800085da (0x832d) x14 0x00000000
core   0: 0x800085dc (0x03ca8db3) mul     s11, s5, t3
core   0: 3 0x800085dc (0x03ca8db3) x27 0x00000000
core   0: 0x800085e0 (0x00a70d63) beq     a4, a0, pc + 26
core   0: 3 0x800085e0 (0x00a70d63)
core   0: 0x800085e4 (0x012553b3) srl     t2, a0, s2
core   0: 3 0x800085e4 (0x012553b3) x7  0x07fffffe
core   0: 0x800085e8 (0x0ff0000f) fence   iorw,iorw
core   0: 3 0x800085e8 (0x0ff0000f)
core   0: 0x800085ec (0x01ba3a33) sltu    s4, s4, s11
core   0: 3 0x800085ec (0x01ba3a33) x20 0x00000000
core   0: 0x800085f0 (0x0000100f) fence.i
core   0: 3 0x800085f0 (0x0000100f)
core   0: 0x800085f4 (0x00000f29) c.addi  t5, 10
core   0: 3 0x800085f4 (0x0f29) x30 0x8000000a
core   0: 0x800085f6 (0x340c18f3) csrrw   a7, mscratch, s8
core   0: 3 0x800085f6 (0x340c18f3) x17 0x00007000 c832_mscratch 0x7fffc4e8
core   0: 0x800085fa (0x20ed2413) slti    s0, s10, 526
core   0: 3 0x800085fa (0x20ed2413) x8  0x00000001
core   0: 0x800085fe (0x02b1d863) bge     gp, a1, pc + 48
core   0: 3 0x800085fe (0x02b1d863)
core   0: 0x8000862e (0x0000197d) c.addi  s2, -1
core   0: 3 0x8000862e (0x197d) x18 0x00000000
core   0: 0x80008630 (0x00000001) c.nop
core   0: 3 0x80008630 (0x0001)
core   0: 0x80008632 (0x051b4063) blt     s6, a7, pc + 64
core   0: 3 0x80008632 (0x051b4063)
core   0: 0x80008672 (0x008a40b3) xor     ra, s4, s0
core   0: 3 0x80008672 (0x008a40b3) x1  0x00000001
core   0: 0x80008676 (0x0ff0000f) fence   iorw,iorw
core   0: 3 0x80008676 (0x0ff0000f)
core   0: 0x8000867a (0x00000096) c.slli  ra, 5
core   0: 3 0x8000867a (0x0096) x1  0x00000020
core   0: 0x8000867c (0x01c35837) lui     a6, 0x1c35
core   0: 3 0x8000867c (0x01c35837) x16 0x01c35000
core   0: 0x80008680 (0x01f2cbb3) xor     s7, t0, t6
core   0: 3 0x80008680 (0x01f2cbb3) x23 0x0002d9f3
core   0: 0x80008684 (0x00301413) slli    s0, zero, 3
core   0: 3 0x80008684 (0x00301413) x8  0x00000000
core   0: 0x80008688 (0x00008972) c.mv    s2, t3
core   0: 3 0x80008688 (0x8972) x18 0x00000000
core   0: 0x8000868a (0xf2816993) ori     s3, sp, -216
core   0: 3 0x8000868a (0xf2816993) x19 0xffffff2b
core   0: 0x8000868e (0x0000c139) c.beqz  a0, pc + 70
core   0: 3 0x8000868e (0xc139)
core   0: 0x80008690 (0x0000611d) c.addi16sp sp, 416
core   0: 3 0x80008690 (0x611d) x2  0x000001a3
core   0: 0x80008692 (0x02246c33) rem     s8, s0, sp
core   0: 3 0x80008692 (0x02246c33) x24 0x00000000
core   0: 0x80008696 (0x34007273) csrrci  tp, mscratch, 0
core   0: 3 0x80008696 (0x34007273) x4  0x7fffc4e8
core   0: 0x8000869a (0x0000cf09) c.beqz  a4, pc + 26
core   0: 3 0x8000869a (0xcf09)
core   0: 0x800086b4 (0x00000001) c.nop
core   0: 3 0x800086b4 (0x0001)
core   0: 0x800086b6 (0x0145de13) srli    t3, a1, 20
core   0: 3 0x800086b6 (0x0145de13) x28 0x00000800
core   0: 0x800086ba (0x340ba0f3) csrrs   ra, mscratch, s7
core   0: 3 0x800086ba (0x340ba0f3) x1  0x7fffc4e8 c832_mscratch 0x7fffddfb
core   0: 0x800086be (0x01245213) srli    tp, s0, 18
core   0: 3 0x800086be (0x01245213) x4  0x00000000
core   0: 0x800086c2 (0x00e9d893) srli    a7, s3, 14
core   0: 3 0x800086c2 (0x00e9d893) x17 0x0003ffff
core   0: 0x800086c6 (0x0da1cc93) xori    s9, gp, 218
core   0: 3 0x800086c6 (0x0da1cc93) x25 0x000000db
core   0: 0x800086ca (0x03febe33) mulhu   t3, t4, t6
core   0: 3 0x800086ca (0x03febe33) x28 0x00000000
core   0: 0x800086ce (0x0ff0000f) fence   iorw,iorw
core   0: 3 0x800086ce (0x0ff0000f)
core   0: 0x800086d2 (0x00001b08) c.addi4spn a0, sp, 432
core   0: 3 0x800086d2 (0x1b08) x10 0x00000353
core   0: 0x800086d4 (0x00de6f63) bltu    t3, a3, pc + 30
core   0: 3 0x800086d4 (0x00de6f63)
core   0: 0x800086f2 (0x015310b3) sll     ra, t1, s5
core   0: 3 0x800086f2 (0x015310b3) x1  0x00000000
core   0: 0x800086f6 (0xb161a917) auipc   s2, 0xb161a
core   0: 3 0x800086f6 (0xb161a917) x18 0x316226f6
core   0: 0x800086fa (0x01434bb3) xor     s7, t1, s4
core   0: 3 0x800086fa (0x01434bb3) x23 0x00000000
core   0: 0x800086fe (0x000092a6) c.add   t0, s1
core   0: 3 0x800086fe (0x92a6) x5  0x7044c51b
core   0: 0x80008700 (0x0000717d) c.addi16sp sp, -16
core   0: 3 0x80008700 (0x717d) x2  0x00000193
core   0: 0x80008702 (0x02d89db3) mulh    s11, a7, a3
core   0: 3 0x80008702 (0x02d89db3) x27 0xfffe0001
core   0: 0x80008706 (0x03089a63) bne     a7, a6, pc + 52
core   0: 3 0x80008706 (0x03089a63)
core   0: 0x8000873a (0x00000514) c.addi4spn a3, sp, 640
core   0: 3 0x8000873a (0x0514) x13 0x00000413
core   0: 0x8000873c (0x00000001) c.nop
core   0: 3 0x8000873c (0x0001)
core   0: 0x8000873e (0x00008069) c.srli  s0, 26
core   0: 3 0x8000873e (0x8069) x8  0x00000000
core   0: 0x80008740 (0x0000e389) c.bnez  a5, pc + 2
core   0: 3 0x80008740 (0xe389)
core   0: 0x80008742 (0x340bdf73) csrrwi  t5, mscratch, 23
core   0: 3 0x80008742 (0x340bdf73) x30 0x7fffddfb c832_mscratch 0x00000017
core   0: 0x80008746 (0x340020f3) csrr    ra, mscratch
core   0: 3 0x80008746 (0x340020f3) x1  0x00000017
core   0: 0x8000874a (0x00000a72) c.slli  s4, 28
core   0: 3 0x8000874a (0x0a72) x20 0x00000000
core   0: 0x8000874c (0x340ef9f3) csrrci  s3, mscratch, 29
core   0: 3 0x8000874c (0x340ef9f3) x19 0x00000017 c832_mscratch 0x00000002
core   0: 0x80008750 (0x00000ccd) c.addi  s9, 19
core   0: 3 0x80008750 (0x0ccd) x25 0x000000ee
core   0: 0x80008752 (0x00c28533) add     a0, t0, a2
core   0: 3 0x80008752 (0x00c28533) x10 0x7044c524
core   0: 0x80008756 (0xc27b5f37) lui     t5, 0xc27b5
core   0: 3 0x80008756 (0xc27b5f37) x30 0xc27b5000
core   0: 0x8000875a (0x00001014) c.addi4spn a3, sp, 32
core   0: 3 0x8000875a (0x1014) x13 0x000001b3
core   0: 0x8000875c (0x340670f3) csrrci  ra, mscratch, 12
core   0: 3 0x8000875c (0x340670f3) x1  0x00000002 c832_mscratch 0x00000002
core   0: 0x80008760 (0xb9bc7913) andi    s2, s8, -1125
core   0: 3 0x80008760 (0xb9bc7913) x18 0x00000000
core   0: 0x80008764 (0x01ac51b3) srl     gp, s8, s10
core   0: 3 0x80008764 (0x01ac51b3) x3  0x00000000
core   0: 0x80008768 (0x0000802d) c.srli  s0, 11
core   0: 3 0x80008768 (0x802d) x8  0x00000000
core   0: 0x8000876a (0x02bd8533) mul     a0, s11, a1
core   0: 3 0x8000876a (0x02bd8533) x10 0x43521e58
core   0: 0x8000876e (0x006b91b3) sll     gp, s7, t1
core   0: 3 0x8000876e (0x006b91b3) x3  0x00000000
core   0: 0x80008772 (0x0236ba33) mulhu   s4, a3, gp
core   0: 3 0x80008772 (0x0236ba33) x20 0x00000000
core   0: 0x80008776 (0x0067d113) srli    sp, a5, 6
core   0: 3 0x80008776 (0x0067d113) x2  0x00000000
core   0: 0x8000877a (0x00a1b133) sltu    sp, gp, a0
core   0: 3 0x8000877a (0x00a1b133) x2  0x00000001
core   0: 0x8000877e (0x00008c31) c.xor   s0, a2
core   0: 3 0x8000877e (0x8c31) x8  0x00000009
core   0: 0x80008780 (0x34007b73) csrrci  s6, mscratch, 0
core   0: 3 0x80008780 (0x34007b73) x22 0x00000002
core   0: 0x80008784 (0x006f1ab3) sll     s5, t5, t1
core   0: 3 0x80008784 (0x006f1ab3) x21 0xc27b5000
core   0: 0x80008788 (0x00000310) c.addi4spn a2, sp, 384
core   0: 3 0x80008788 (0x0310) x12 0x00000181
core   0: 0x8000878a (0x00000731) c.addi  a4, 12
core   0: 3 0x8000878a (0x0731) x14 0x0000000c
core   0: 0x8000878c (0xff228493) addi    s1, t0, -14
core   0: 3 0x8000878c (0xff228493) x9  0x7044c50d
core   0: 0x80008790 (0x00000001) c.nop
core   0: 3 0x80008790 (0x0001)
core   0: 0x80008792 (0x340d6773) csrrsi  a4, mscratch, 26
core   0: 3 0x80008792 (0x340d6773) x14 0x00000002 c832_mscratch 0x0000001a
core   0: 0x80008796 (0x41a55793) srai    a5, a0, 26
core   0: 3 0x80008796 (0x41a55793) x15 0x00000010
core   0: 0x8000879a (0x0ff0000f) fence   iorw,iorw
core   0: 3 0x8000879a (0x0ff0000f)
core   0: 0x8000879e (0x00008fa9) c.xor   a5, a0
core   0: 3 0x8000879e (0x8fa9) x15 0x43521e48
core   0: 0x800087a0 (0x00008565) c.srai  a0, 25
core   0: 3 0x800087a0 (0x8565) x10 0x00000021
core   0: 0x800087a2 (0x01d32e13) slti    t3, t1, 29
core   0: 3 0x800087a2 (0x01d32e13) x28 0x00000001
core   0: 0x800087a6 (0xaa373a93) sltiu   s5, a4, -1373
core   0: 3 0x800087a6 (0xaa373a93) x21 0x00000001
core   0: 0x800087aa (0x00008fa5) c.xor   a5, s1
core   0: 3 0x800087aa (0x8fa5) x15 0x3316db45
core   0: 0x800087ac (0x3403dcf3) csrrwi  s9, mscratch, 7
core   0: 3 0x800087ac (0x3403dcf3) x25 0x0000001a c832_mscratch 0x00000007
core   0: 0x800087b0 (0x00001afd) c.addi  s5, -1
core   0: 3 0x800087b0 (0x1afd) x21 0x00000000
core   0: 0x800087b2 (0x00000001) c.nop
core   0: 3 0x800087b2 (0x0001)
core   0: 0x800087b4 (0xe1a93813) sltiu   a6, s2, -486
core   0: 3 0x800087b4 (0xe1a93813) x16 0x00000001
core   0: 0x800087b8 (0x960b1a97) auipc   s5, 0x960b1
core   0: 3 0x800087b8 (0x960b1a97) x21 0x160b97b8
core   0: 0x800087bc (0x01744263) blt     s0, s7, pc + 4
core   0: 3 0x800087bc (0x01744263)
core   0: 0x800087c0 (0x01f823b3) slt     t2, a6, t6
core   0: 3 0x800087c0 (0x01f823b3) x7  0x00000000
core   0: 0x800087c4 (0x001b8763) beq     s7, ra, pc + 14
core   0: 3 0x800087c4 (0x001b8763)
core   0: 0x800087c8 (0x01629433) sll     s0, t0, s6
core   0: 3 0x800087c8 (0x01629433) x8  0xc113146c
core   0: 0x800087cc (0x017582b3) add     t0, a1, s7
core   0: 3 0x800087cc (0x017582b3) x5  0x80021e58
core   0: 0x800087d0 (0x00009142) c.add   sp, a6
core   0: 3 0x800087d0 (0x9142) x2  0x00000002
core   0: 0x800087d2 (0x340034f3) csrrc   s1, mscratch, zero
core   0: 3 0x800087d2 (0x340034f3) x9  0x00000007
core   0: 0x800087d6 (0xb05c0413) addi    s0, s8, -1275
core   0: 3 0x800087d6 (0xb05c0413) x8  0xfffffb05
core   0: 0x800087da (0x41b78833) sub     a6, a5, s11
core   0: 3 0x800087da (0x41b78833) x16 0x3318db44
core   0: 0x800087de (0x340076f3) csrrci  a3, mscratch, 0
core   0: 3 0x800087de (0x340076f3) x13 0x00000007
core   0: 0x800087e2 (0x0000c311) c.beqz  a4, pc + 4
core   0: 3 0x800087e2 (0xc311)
core   0: 0x800087e4 (0x00000e56) c.slli  t3, 21
core   0: 3 0x800087e4 (0x0e56) x28 0x00200000
core   0: 0x800087e6 (0x0000100f) fence.i
core   0: 3 0x800087e6 (0x0000100f)
core   0: 0x800087ea (0x0264fc63) bgeu    s1, t1, pc + 56
core   0: 3 0x800087ea (0x0264fc63)
core   0: 0x80008822 (0x0f865717) auipc   a4, 0xf865
core   0: 3 0x80008822 (0x0f865717) x14 0x8f86d822
core   0: 0x80008826 (0x0000e705) c.bnez  a4, pc + 40
core   0: 3 0x80008826 (0xe705)
core   0: 0x8000884e (0x02343833) mulhu   a6, s0, gp
core   0: 3 0x8000884e (0x02343833) x16 0x00000000
core   0: 0x80008852 (0x025ae033) rem     zero, s5, t0
core   0: 3 0x80008852 (0x025ae033)
core   0: 0x80008856 (0x0019f533) and     a0, s3, ra
core   0: 3 0x80008856 (0x0019f533) x10 0x00000002
core   0: 0x8000885a (0x0000ef01) c.bnez  a4, pc + 24
core   0: 3 0x8000885a (0xef01)
core   0: 0x80008872 (0x00008b2e) c.mv    s6, a1
core   0: 3 0x80008872 (0x8b2e) x22 0x80021e58
core   0: 0x80008874 (0x00708263) beq     ra, t2, pc + 4
core   0: 3 0x80008874 (0x00708263)
core   0: 0x80008878 (0x0011fd63) bgeu    gp, ra, pc + 26
core   0: 3 0x80008878 (0x0011fd63)
core   0: 0x8000887c (0x0000100f) fence.i
core   0: 3 0x8000887c (0x0000100f)
core   0: 0x80008880 (0x00c0b8b3) sltu    a7, ra, a2
core   0: 3 0x80008880 (0x00c0b8b3) x17 0x00000001
core   0: 0x80008884 (0x00008b4a) c.mv    s6, s2
core   0: 3 0x80008884 (0x8b4a) x22 0x00000000
core   0: 0x80008886 (0x01135c93) srli    s9, t1, 17
core   0: 3 0x80008886 (0x01135c93) x25 0x00000000
core   0: 0x8000888a (0x01dada93) srli    s5, s5, 29
core   0: 3 0x8000888a (0x01dada93) x21 0x00000000
core   0: 0x8000888e (0x03deb233) mulhu   tp, t4, t4
core   0: 3 0x8000888e (0x03deb233) x4  0x00000000
core   0: 0x80008892 (0x00008c05) c.sub   s0, s1
core   0: 3 0x80008892 (0x8c05) x8  0xfffffafe
core   0: 0x80008894 (0x72600613) li      a2, 1830
core   0: 3 0x80008894 (0x72600613) x12 0x00000726
core   0: 0x80008898 (0x0000977a) c.add   a4, t5
core   0: 3 0x80008898 (0x977a) x14 0x52022822
core   0: 0x8000889a (0x01eede93) srli    t4, t4, 30
core   0: 3 0x8000889a (0x01eede93) x29 0x00000000
core   0: 0x8000889e (0x0ff0000f) fence   iorw,iorw
core   0: 3 0x8000889e (0x0ff0000f)
core   0: 0x800088a2 (0x000089fa) c.mv    s3, t5
core   0: 3 0x800088a2 (0x89fa) x19 0xc27b5000
core   0: 0x800088a4 (0x4068d633) sra     a2, a7, t1
core   0: 3 0x800088a4 (0x4068d633) x12 0x00000001
core   0: 0x800088a8 (0x0000e3a1) c.bnez  a5, pc + 64
core   0: 3 0x800088a8 (0xe3a1)
core   0: 0x800088e8 (0x00008c61) c.and   s0, s0
core   0: 3 0x800088e8 (0x8c61) x8  0xfffffafe
core   0: 0x800088ea (0x03a3dc63) bge     t2, s10, pc + 56
core   0: 3 0x800088ea (0x03a3dc63)
core   0: 0x80008922 (0x00009a7d) c.andi  a2, -1
core   0: 3 0x80008922 (0x9a7d) x12 0x00000001
core   0: 0x80008924 (0x01bae663) bltu    s5, s11, pc + 12
core   0: 3 0x80008924 (0x01bae663)
core   0: 0x80008930 (0x00008e99) c.sub   a3, a4
core   0: 3 0x80008930 (0x8e99) x13 0xadfdd7e5
core   0: 0x80008932 (0x0247ef33) rem     t5, a5, tp
core   0: 3 0x80008932 (0x0247ef33) x30 0x3316db45
core   0: 0x80008936 (0x0000ef01) c.bnez  a4, pc + 24
core   0: 3 0x80008936 (0xef01)
core   0: 0x8000894e (0x00d9c9b3) xor     s3, s3, a3
core   0: 3 0x8000894e (0x00d9c9b3) x19 0x6f8687e5
core   0: 0x80008952 (0x00008785) c.srai  a5, 1
core   0: 3 0x80008952 (0x8785) x15 0x198b6da2
core   0: 0x80008954 (0xa1f7e913) ori     s2, a5, -1505
core   0: 3 0x80008954 (0xa1f7e913) x18 0xffffffbf
core   0: 0x80008958 (0x01ea2b33) slt     s6, s4, t5
core   0: 3 0x80008958 (0x01ea2b33) x22 0x00000001
core   0: 0x8000895c (0x02994363) blt     s2, s1, pc + 38
core   0: 3 0x8000895c (0x02994363)
core   0: 0x80008982 (0x0ff0000f) fence   iorw,iorw
core   0: 3 0x80008982 (0x0ff0000f)
core   0: 0x80008986 (0x0000ce81) c.beqz  a3, pc + 24
core   0: 3 0x80008986 (0xce81)
core   0: 0x80008988 (0x00629533) sll     a0, t0, t1
core   0: 3 0x80008988 (0x00629533) x10 0x80021e58
core   0: 0x8000898c (0x03ee0563) beq     t3, t5, pc + 42
core   0: 3 0x8000898c (0x03ee0563)
core   0: 0x80008990 (0x00008fa1) c.xor   a5, s0
core   0: 3 0x80008990 (0x8fa1) x15 0xe674975c
core   0: 0x80008992 (0x0333e763) bltu    t2, s3, pc + 46
core   0: 3 0x80008992 (0x0333e763)
core   0: 0x800089c0 (0x00719833) sll     a6, gp, t2
core   0: 3 0x800089c0 (0x00719833) x16 0x00000000
core   0: 0x800089c4 (0x01f87bb3) and     s7, a6, t6
core   0: 3 0x800089c4 (0x01f87bb3) x23 0x00000000
core   0: 0x800089c8 (0x00009b7d) c.andi  a4, -1
core   0: 3 0x800089c8 (0x9b7d) x14 0x52022822
core   0: 0x800089ca (0x3400d173) csrrwi  sp, mscratch, 1
core   0: 3 0x800089ca (0x3400d173) x2  0x00000007 c832_mscratch 0x00000001
core   0: 0x800089ce (0x34081b73) csrrw   s6, mscratch, a6
core   0: 3 0x800089ce (0x34081b73) x22 0x00000001 c832_mscratch 0x00000000
core   0: 0x800089d2 (0x00008f72) c.mv    t5, t3
core   0: 3 0x800089d2 (0x8f72) x30 0x00200000
core   0: 0x800089d4 (0xa84e0493) addi    s1, t3, -1404
core   0: 3 0x800089d4 (0xa84e0493) x9  0x001ffa84
core   0: 0x800089d8 (0x44dc0713) addi    a4, s8, 1101
core   0: 3 0x800089d8 (0x44dc0713) x14 0x0000044d
core   0: 0x800089dc (0xf236c513) xori    a0, a3, -221
core   0: 3 0x800089dc (0xf236c513) x10 0x520228c6
core   0: 0x800089e0 (0x00005e7d) c.li    t3, -1
core   0: 3 0x800089e0 (0x5e7d) x28 0xffffffff
core   0: 0x800089e2 (0x006cab33) slt     s6, s9, t1
core   0: 3 0x800089e2 (0x006cab33) x22 0x00000000
core   0: 0x800089e6 (0x00c34863) blt     t1, a2, pc + 16
core   0: 3 0x800089e6 (0x00c34863)
core   0: 0x800089f6 (0x03010533) mul     a0, sp, a6
core   0: 3 0x800089f6 (0x03010533) x10 0x00000000
core   0: 0x800089fa (0x005a2233) slt     tp, s4, t0
core   0: 3 0x800089fa (0x005a2233) x4  0x00000000
core   0: 0x800089fe (0x00008c8d) c.sub   s1, a1
core   0: 3 0x800089fe (0x8c8d) x9  0x801ddc2c
core   0: 0x80008a00 (0x02dcc263) blt     s9, a3, pc + 36
core   0: 3 0x80008a00 (0x02dcc263)
core   0: 0x80008a04 (0x02d5edb3) rem     s11, a1, a3
core   0: 3 0x80008a04 (0x02d5edb3) x27 0xd2044673
core   0: 0x80008a08 (0x34002773) csrr    a4, mscratch
core   0: 3 0x80008a08 (0x34002773) x14 0x00000000
core   0: 0x80008a0c (0x01e4c663) blt     s1, t5, pc + 12
core   0: 3 0x80008a0c (0x01e4c663)
core   0: 0x80008a18 (0x4b5e7393) andi    t2, t3, 1205
core   0: 3 0x80008a18 (0x4b5e7393) x7  0x000004b5
core   0: 0x80008a1c (0x00afddb3) srl     s11, t6, a0
core   0: 3 0x80008a1c (0x00afddb3) x27 0x80025ce4
core   0: 0x80008a20 (0x03b584b3) mul     s1, a1, s11
core   0: 3 0x80008a20 (0x03b584b3) x9  0x017aa660
core   0: 0x80008a24 (0x00001b94) c.addi4spn a3, sp, 496
core   0: 3 0x80008a24 (0x1b94) x13 0x000001f7
core   0: 0x80008a26 (0x3d826993) ori     s3, tp, 984
core   0: 3 0x80008a26 (0x3d826993) x19 0x000003d8
core   0: 0x80008a2a (0x0000c089) c.beqz  s1, pc + 2
core   0: 3 0x80008a2a (0xc089)
core   0: 0x80008a2c (0x01018463) beq     gp, a6, pc + 8
core   0: 3 0x80008a2c (0x01018463)
core   0: 0x80008a34 (0x0fb80013) addi    zero, a6, 251
core   0: 3 0x80008a34 (0x0fb80013)
core   0: 0x80008a38 (0x000084ad) c.srai  s1, 11
core   0: 3 0x80008a38 (0x84ad) x9  0x00002f54
core   0: 0x80008a3a (0x016bce33) xor     t3, s7, s6
core   0: 3 0x80008a3a (0x016bce33) x28 0x00000000
core   0: 0x80008a3e (0x0296f033) remu    zero, a3, s1
core   0: 3 0x80008a3e (0x0296f033)
core   0: 0x80008a42 (0x03573633) mulhu   a2, a4, s5
core   0: 3 0x80008a42 (0x03573633) x12 0x00000000
core   0: 0x80008a46 (0x00000d49) c.addi  s10, 18
core   0: 3 0x80008a46 (0x0d49) x26 0x00000012
core   0: 0x80008a48 (0x005f7363) bgeu    t5, t0, pc + 6
core   0: 3 0x80008a48 (0x005f7363)
core   0: 0x80008a4c (0x00008e99) c.sub   a3, a4
core   0: 3 0x80008a4c (0x8e99) x13 0x000001f7
core   0: 0x80008a4e (0x027b3ab3) mulhu   s5, s6, t2
core   0: 3 0x80008a4e (0x027b3ab3) x21 0x00000000
core   0: 0x80008a52 (0x00000001) c.nop
core   0: 3 0x80008a52 (0x0001)
core   0: 0x80008a54 (0x027cbb33) mulhu   s6, s9, t2
core   0: 3 0x80008a54 (0x027cbb33) x22 0x00000000
core   0: 0x80008a58 (0x00fb6133) or      sp, s6, a5
core   0: 3 0x80008a58 (0x00fb6133) x2  0xe674975c
core   0: 0x80008a5c (0x0397feb3) remu    t4, a5, s9
core   0: 3 0x80008a5c (0x0397feb3) x29 0xe674975c
core   0: 0x80008a60 (0x00009afd) c.andi  a3, -1
core   0: 3 0x80008a60 (0x9afd) x13 0x000001f7
core   0: 0x80008a62 (0x40a15813) srai    a6, sp, 10
core   0: 3 0x80008a62 (0x40a15813) x16 0xfff99d25
core   0: 0x80008a66 (0xd6b0b013) sltiu   zero, ra, -661
core   0: 3 0x80008a66 (0xd6b0b013)
core   0: 0x80008a6a (0x000501b3) add     gp, a0, zero
core   0: 3 0x80008a6a (0x000501b3) x3  0x00000000
core   0: 0x80008a6e (0x04f77063) bgeu    a4, a5, pc + 64
core   0: 3 0x80008a6e (0x04f77063)
core   0: 0x80008a72 (0x0000e239) c.bnez  a2, pc + 70
core   0: 3 0x80008a72 (0xe239)
core   0: 0x80008a74 (0x036bc233) div     tp, s7, s6
core   0: 3 0x80008a74 (0x036bc233) x4  0xffffffff
core   0: 0x80008a78 (0xde652413) slti    s0, a0, -538
core   0: 3 0x80008a78 (0xde652413) x8  0x00000000
core   0: 0x80008a7c (0x004d1013) slli    zero, s10, 4
core   0: 3 0x80008a7c (0x004d1013)
core   0: 0x80008a80 (0x01d01663) bne     zero, t4, pc + 12
core   0: 3 0x80008a80 (0x01d01663)
core   0: 0x80008a8c (0x02dd3eb3) mulhu   t4, s10, a3
core   0: 3 0x80008a8c (0x02dd3eb3) x29 0x00000000
core   0: 0x80008a90 (0x00000001) c.nop
core   0: 3 0x80008a90 (0x0001)
core   0: 0x80008a92 (0x270ba713) slti    a4, s7, 624
core   0: 3 0x80008a92 (0x270ba713) x14 0x00000001
core   0: 0x80008a96 (0x05db7363) bgeu    s6, t4, pc + 70
core   0: 3 0x80008a96 (0x05db7363)
core   0: 0x80008adc (0x01d15413) srli    s0, sp, 29
core   0: 3 0x80008adc (0x01d15413) x8  0x00000007
core   0: 0x80008ae0 (0x000086c2) c.mv    a3, a6
core   0: 3 0x80008ae0 (0x86c2) x13 0xfff99d25
core   0: 0x80008ae2 (0x023eddb3) divu    s11, t4, gp
core   0: 3 0x80008ae2 (0x023eddb3) x27 0xffffffff
core   0: 0x80008ae6 (0x02789d33) mulh    s10, a7, t2
core   0: 3 0x80008ae6 (0x02789d33) x26 0x00000000
core   0: 0x80008aea (0x011e1233) sll     tp, t3, a7
core   0: 3 0x80008aea (0x011e1233) x4  0x00000000
core   0: 0x80008aee (0x030421b3) mulhsu  gp, s0, a6
core   0: 3 0x80008aee (0x030421b3) x3  0x00000006
core   0: 0x80008af2 (0x030250b3) divu    ra, tp, a6
core   0: 3 0x80008af2 (0x030250b3) x1  0x00000000
core   0: 0x80008af6 (0x116c6e93) ori     t4, s8, 278
core   0: 3 0x80008af6 (0x116c6e93) x29 0x00000116
core   0: 0x80008afa (0x00000c4a) c.slli  s8, 18
core   0: 3 0x80008afa (0x0c4a) x24 0x00000000
core   0: 0x80008afc (0x0000823d) c.srli  a2, 15
core   0: 3 0x80008afc (0x823d) x12 0x00000000
core   0: 0x80008afe (0x01971833) sll     a6, a4, s9
core   0: 3 0x80008afe (0x01971833) x16 0x00000001
core   0: 0x80008b02 (0x00b37933) and     s2, t1, a1
core   0: 3 0x80008b02 (0x00b37933) x18 0x00000000
core   0: 0x80008b06 (0x00000001) c.nop
core   0: 3 0x80008b06 (0x0001)
core   0: 0x80008b08 (0x00004d1d) c.li    s10, 7
core   0: 3 0x80008b08 (0x4d1d) x26 0x00000007
core   0: 0x80008b0a (0x039c53b3) divu    t2, s8, s9
core   0: 3 0x80008b0a (0x039c53b3) x7  0xffffffff
core   0: 0x80008b0e (0x41b2dbb3) sra     s7, t0, s11
core   0: 3 0x80008b0e (0x41b2dbb3) x23 0xffffffff
core   0: 0x80008b12 (0x0049dd63) bge     s3, tp, pc + 26
core   0: 3 0x80008b12 (0x0049dd63)
core   0: 0x80008b2c (0x00000001) c.nop
core   0: 3 0x80008b2c (0x0001)
core   0: 0x80008b2e (0x00001cfd) c.addi  s9, -1
core   0: 3 0x80008b2e (0x1cfd) x25 0xffffffff
core   0: 0x80008b30 (0x0000695d) c.lui   s2, 0x17
core   0: 3 0x80008b30 (0x695d) x18 0x00017000
core   0: 0x80008b32 (0xfc036917) auipc   s2, 0xfc036
core   0: 3 0x80008b32 (0xfc036917) x18 0x7c03eb32
core   0: 0x80008b36 (0x010a6d63) bltu    s4, a6, pc + 26
core   0: 3 0x80008b36 (0x010a6d63)
core   0: 0x80008b50 (0x03c52733) mulhsu  a4, a0, t3
core   0: 3 0x80008b50 (0x03c52733) x14 0x00000000
core   0: 0x80008b54 (0x00239933) sll     s2, t2, sp
core   0: 3 0x80008b54 (0x00239933) x18 0xf0000000
core   0: 0x80008b58 (0x0000e231) c.bnez  a2, pc + 68
core   0: 3 0x80008b58 (0xe231)
core   0: 0x80008b5a (0x000083e5) c.srli  a5, 25
core   0: 3 0x80008b5a (0x83e5) x15 0x00000073
core   0: 0x80008b5c (0x030a6b63) bltu    s4, a6, pc + 54
core   0: 3 0x80008b5c (0x030a6b63)
core   0: 0x80008b92 (0x00631f13) slli    t5, t1, 6
core   0: 3 0x80008b92 (0x00631f13) x30 0x00000000
core   0: 0x80008b96 (0x2ce6af17) auipc   t5, 0x2ce6a
core   0: 3 0x80008b96 (0x2ce6af17) x30 0xace72b96
core   0: 0x80008b9a (0x0000c209) c.beqz  a2, pc + 2
core   0: 3 0x80008b9a (0xc209)
core   0: 0x80008b9c (0x34007573) csrrci  a0, mscratch, 0
core   0: 3 0x80008b9c (0x34007573) x10 0x00000000
core   0: 0x80008ba0 (0xf0d1a113) slti    sp, gp, -243
core   0: 3 0x80008ba0 (0xf0d1a113) x2  0x00000000
core   0: 0x80008ba4 (0x00009b7d) c.andi  a4, -1
core   0: 3 0x80008ba4 (0x9b7d) x14 0x00000000
core   0: 0x80008ba6 (0x0382c833) div     a6, t0, s8
core   0: 3 0x80008ba6 (0x0382c833) x16 0xffffffff
core   0: 0x80008baa (0x0000100f) fence.i
core   0: 3 0x80008baa (0x0000100f)
core   0: 0x80008bae (0x02909363) bne     ra, s1, pc + 38
core   0: 3 0x80008bae (0x02909363)
core   0: 0x80008bd4 (0x411d5a93) srai    s5, s10, 17
core   0: 3 0x80008bd4 (0x411d5a93) x21 0x00000000
core   0: 0x80008bd8 (0x001f9e93) slli    t4, t6, 1
core   0: 3 0x80008bd8 (0x001f9e93) x29 0x0004b9c8
core   0: 0x80008bdc (0x03d15ab3) divu    s5, sp, t4
core   0: 3 0x80008bdc (0x03d15ab3) x21 0x00000000
core   0: 0x80008be0 (0x0267cb63) blt     a5, t1, pc + 54
core   0: 3 0x80008be0 (0x0267cb63)
core   0: 0x80008be4 (0x00008f85) c.sub   a5, s1
core   0: 3 0x80008be4 (0x8f85) x15 0xffffd11f
core   0: 0x80008be6 (0x40fcdab3) sra     s5, s9, a5
core   0: 3 0x80008be6 (0x40fcdab3) x21 0xffffffff
core   0: 0x80008bea (0x00000001) c.nop
core   0: 3 0x80008bea (0x0001)
core   0: 0x80008bec (0x00000a88) c.addi4spn a0, sp, 336
core   0: 3 0x80008bec (0x0a88) x10 0x00000150
core   0: 0x80008bee (0x00769363) bne     a3, t2, pc + 6
core   0: 3 0x80008bee (0x00769363)
core   0: 0x80008bf4 (0x020761b3) rem     gp, a4, zero
core   0: 3 0x80008bf4 (0x020761b3) x3  0x00000000
core   0: 0x80008bf8 (0x035160b3) rem     ra, sp, s5
core   0: 3 0x80008bf8 (0x035160b3) x1  0x00000000
core   0: 0x80008bfc (0x00008c85) c.sub   s1, s1
core   0: 3 0x80008bfc (0x8c85) x9  0x00000000
core   0: 0x80008bfe (0x000084b1) c.srai  s1, 12
core   0: 3 0x80008bfe (0x84b1) x9  0x00000000
core   0: 0x80008c00 (0x00008621) c.srai  a2, 8
core   0: 3 0x80008c00 (0x8621) x12 0x00000000
core   0: 0x80008c02 (0x766df093) andi    ra, s11, 1894
core   0: 3 0x80008c02 (0x766df093) x1  0x00000766
core   0: 0x80008c06 (0x00000001) c.nop
core   0: 3 0x80008c06 (0x0001)
core   0: 0x80008c08 (0x14677693) andi    a3, a4, 326
core   0: 3 0x80008c08 (0x14677693) x13 0x00000000
core   0: 0x80008c0c (0x00008549) c.srai  a0, 18
core   0: 3 0x80008c0c (0x8549) x10 0x00000000
core   0: 0x80008c0e (0x08dd2693) slti    a3, s10, 141
core   0: 3 0x80008c0e (0x08dd2693) x13 0x00000001
core   0: 0x80008c12 (0x410d0833) sub     a6, s10, a6
core   0: 3 0x80008c12 (0x410d0833) x16 0x00000008
core   0: 0x80008c16 (0x000092ae) c.add   t0, a1
core   0: 3 0x80008c16 (0x92ae) x5  0x00043cb0
core   0: 0x80008c18 (0x00001b7d) c.addi  s6, -1
core   0: 3 0x80008c18 (0x1b7d) x22 0xffffffff
core   0: 0x80008c1a (0x0000892e) c.mv    s2, a1
core   0: 3 0x80008c1a (0x892e) x18 0x80021e58
core   0: 0x80008c1c (0x00008c55) c.or    s0, a3
core   0: 3 0x80008c1c (0x8c55) x8  0x00000007
core   0: 0x80008c1e (0x0000100f) fence.i
core   0: 3 0x80008c1e (0x0000100f)
core   0: 0x80008c22 (0x1a697917) auipc   s2, 0x1a697
core   0: 3 0x80008c22 (0x1a697917) x18 0x9a69fc22
core   0: 0x80008c26 (0x340023f3) csrr    t2, mscratch
core   0: 3 0x80008c26 (0x340023f3) x7  0x00000000
core   0: 0x80008c2a (0x000011fd) c.addi  gp, -1
core   0: 3 0x80008c2a (0x11fd) x3  0xffffffff
core   0: 0x80008c2c (0xbb622f13) slti    t5, tp, -1098
core   0: 3 0x80008c2c (0xbb622f13) x30 0x00000000
core   0: 0x80008c30 (0x00008cf9) c.and   s1, a4
core   0: 3 0x80008c30 (0x8cf9) x9  0x00000000
core   0: 0x80008c32 (0xd56961b7) lui     gp, 0xd5696
core   0: 3 0x80008c32 (0xd56961b7) x3  0xd5696000
core   0: 0x80008c36 (0x03088cb3) mul     s9, a7, a6
core   0: 3 0x80008c36 (0x03088cb3) x25 0x00000008
core   0: 0x80008c3a (0x000064d9) c.lui   s1, 0x16
core   0: 3 0x80008c3a (0x64d9) x9  0x00016000
core   0: 0x80008c3c (0x41100cb3) sub     s9, zero, a7
core   0: 3 0x80008c3c (0x41100cb3) x25 0xffffffff
core   0: 0x80008c40 (0x01e1e1b3) or      gp, gp, t5
core   0: 3 0x80008c40 (0x01e1e1b3) x3  0xd5696000
core   0: 0x80008c44 (0x34006273) csrrsi  tp, mscratch, 0
core   0: 3 0x80008c44 (0x34006273) x4  0x00000000
core   0: 0x80008c48 (0x03880163) beq     a6, s8, pc + 34
core   0: 3 0x80008c48 (0x03880163)
core   0: 0x80008c4c (0x001a9d93) slli    s11, s5, 1
core   0: 3 0x80008c4c (0x001a9d93) x27 0xfffffffe
core   0: 0x80008c50 (0x01b1d933) srl     s2, gp, s11
core   0: 3 0x80008c50 (0x01b1d933) x18 0x00000003
core   0: 0x80008c54 (0x0000cb19) c.beqz  a4, pc + 22
core   0: 3 0x80008c54 (0xcb19)
core   0: 0x80008c6a (0x2eee8893) addi    a7, t4, 750
core   0: 3 0x80008c6a (0x2eee8893) x17 0x0004bcb6
core   0: 0x80008c6e (0x0205c733) div     a4, a1, zero
core   0: 3 0x80008c6e (0x0205c733) x14 0xffffffff
core   0: 0x80008c72 (0x00008911) c.andi  a0, 4
core   0: 3 0x80008c72 (0x8911) x10 0x00000000
core   0: 0x80008c74 (0x018dae33) slt     t3, s11, s8
core   0: 3 0x80008c74 (0x018dae33) x28 0x00000001
core   0: 0x80008c78 (0x0000ee85) c.bnez  a3, pc + 56
core   0: 3 0x80008c78 (0xee85)
core   0: 0x80008cb0 (0x00f58433) add     s0, a1, a5
core   0: 3 0x80008cb0 (0x00f58433) x8  0x8001ef77
core   0: 0x80008cb4 (0x01c5c1b3) xor     gp, a1, t3
core   0: 3 0x80008cb4 (0x01c5c1b3) x3  0x80021e59
core   0: 0x80008cb8 (0x0000717d) c.addi16sp sp, -16
core   0: 3 0x80008cb8 (0x717d) x2  0xfffffff0
core   0: 0x80008cba (0x0ff0000f) fence   iorw,iorw
core   0: 3 0x80008cba (0x0ff0000f)
core   0: 0x80008cbe (0x080f8793) addi    a5, t6, 128
core   0: 3 0x80008cbe (0x080f8793) x15 0x80025d64
core   0: 0x80008cc2 (0xa5a5c017) auipc   zero, 0xa5a5c
core   0: 3 0x80008cc2 (0xa5a5c017)
core   0: 0x80008cc6 (0x34003a73) csrrc   s4, mscratch, zero
core   0: 3 0x80008cc6 (0x34003a73) x20 0x00000000
core   0: 0x80008cca (0x00000194) c.addi4spn a3, sp, 192
core   0: 3 0x80008cca (0x0194) x13 0x000000b0
core   0: 0x80008ccc (0x0100a1b3) slt     gp, ra, a6
core   0: 3 0x80008ccc (0x0100a1b3) x3  0x00000000
core   0: 0x80008cd0 (0x00001480) c.addi4spn s0, sp, 608
core   0: 3 0x80008cd0 (0x1480) x8  0x00000250
core   0: 0x80008cd2 (0x40870a33) sub     s4, a4, s0
core   0: 3 0x80008cd2 (0x40870a33) x20 0xfffffdaf
core   0: 0x80008cd6 (0x00001d08) c.addi4spn a0, sp, 688
core   0: 3 0x80008cd6 (0x1d08) x10 0x000002a0
core   0: 0x80008cd8 (0x0000c789) c.beqz  a5, pc + 10
core   0: 3 0x80008cd8 (0xc789)
core   0: 0x80008cda (0x0359b7b3) mulhu   a5, s3, s5
core   0: 3 0x80008cda (0x0359b7b3) x15 0x000003d7
core   0: 0x80008cde (0x34006ef3) csrrsi  t4, mscratch, 0
core   0: 3 0x80008cde (0x34006ef3) x29 0x00000000
core   0: 0x80008ce2 (0x00008926) c.mv    s2, s1
core   0: 3 0x80008ce2 (0x8926) x18 0x00016000
core   0: 0x80008ce4 (0x00000001) c.nop
core   0: 3 0x80008ce4 (0x0001)
core   0: 0x80008ce6 (0x40518a33) sub     s4, gp, t0
core   0: 3 0x80008ce6 (0x40518a33) x20 0xfffbc350
core   0: 0x80008cea (0x03ddea33) rem     s4, s11, t4
core   0: 3 0x80008cea (0x03ddea33) x20 0xfffffffe
core   0: 0x80008cee (0x005e4933) xor     s2, t3, t0
core   0: 3 0x80008cee (0x005e4933) x18 0x00043cb1
core   0: 0x80008cf2 (0x0171b3b3) sltu    t2, gp, s7
core   0: 3 0x80008cf2 (0x0171b3b3) x7  0x00000001
core   0: 0x80008cf6 (0x60f60a13) addi    s4, a2, 1551
core   0: 3 0x80008cf6 (0x60f60a13) x20 0x0000060f
core   0: 0x80008cfa (0x00f8e463) bltu    a7, a5, pc + 8
core   0: 3 0x80008cfa (0x00f8e463)
core   0: 0x80008cfe (0x404a5833) sra     a6, s4, tp
core   0: 3 0x80008cfe (0x404a5833) x16 0x0000060f
core   0: 0x80008d02 (0x02999563) bne     s3, s1, pc + 42
core   0: 3 0x80008d02 (0x02999563)
core   0: 0x80008d2c (0xfcc49517) auipc   a0, 0xfcc49
core   0: 3 0x80008d2c (0xfcc49517) x10 0x7cc51d2c
core   0: 0x80008d30 (0x000081f6) c.mv    gp, t4
core   0: 3 0x80008d30 (0x81f6) x3  0x00000000
core   0: 0x80008d32 (0x01468663) beq     a3, s4, pc + 12
core   0: 3 0x80008d32 (0x01468663)
core   0: 0x80008d36 (0x00008ca5) c.xor   s1, s1
core   0: 3 0x80008d36 (0x8ca5) x9  0x00000000
core   0: 0x80008d38 (0x00008851) c.andi  s0, 20
core   0: 3 0x80008d38 (0x8851) x8  0x00000010
core   0: 0x80008d3a (0x00789713) slli    a4, a7, 7
core   0: 3 0x80008d3a (0x00789713) x14 0x025e5b00
core   0: 0x80008d3e (0x00006b15) c.lui   s6, 0x5
core   0: 3 0x80008d3e (0x6b15) x22 0x00005000
core   0: 0x80008d40 (0x0000597d) c.li    s2, -1
core   0: 3 0x80008d40 (0x597d) x18 0xffffffff
core   0: 0x80008d42 (0x02149f33) mulh    t5, s1, ra
core   0: 3 0x80008d42 (0x02149f33) x30 0x00000000
core   0: 0x80008d46 (0x02f10963) beq     sp, a5, pc + 50
core   0: 3 0x80008d46 (0x02f10963)
core   0: 0x80008d4a (0x0000815d) c.srli  a0, 23
core   0: 3 0x80008d4a (0x815d) x10 0x000000f9
core   0: 0x80008d4c (0x13012693) slti    a3, sp, 304
core   0: 3 0x80008d4c (0x13012693) x13 0x00000001
core   0: 0x80008d50 (0x0639be93) sltiu   t4, s3, 99
core   0: 3 0x80008d50 (0x0639be93) x29 0x00000000
core   0: 0x80008d54 (0x01f98463) beq     s3, t6, pc + 8
core   0: 3 0x80008d54 (0x01f98463)
core   0: 0x80008d58 (0x012323b3) slt     t2, t1, s2
core   0: 3 0x80008d58 (0x012323b3) x7  0x00000000
core   0: 0x80008d5c (0x00005c7d) c.li    s8, -1
core   0: 3 0x80008d5c (0x5c7d) x24 0xffffffff
core   0: 0x80008d5e (0x00008531) c.srai  a0, 12
core   0: 3 0x80008d5e (0x8531) x10 0x00000000
core   0: 0x80008d60 (0xcffae113) ori     sp, s5, -769
core   0: 3 0x80008d60 (0xcffae113) x2  0xffffffff
core   0: 0x80008d64 (0x6d9c8193) addi    gp, s9, 1753
core   0: 3 0x80008d64 (0x6d9c8193) x3  0x000006d8
core   0: 0x80008d68 (0x07589363) bne     a7, s5, pc + 102
core   0: 3 0x80008d68 (0x07589363)
core   0: 0x80008dce (0x004feb33) or      s6, t6, tp
core   0: 3 0x80008dce (0x004feb33) x22 0x80025ce4
core   0: 0x80008dd2 (0x01c444b3) xor     s1, s0, t3
core   0: 3 0x80008dd2 (0x01c444b3) x9  0x00000011
core   0: 0x80008dd6 (0x0000cc81) c.beqz  s1, pc + 24
core   0: 3 0x80008dd6 (0xcc81)
core   0: 0x80008dd8 (0x73ae54b7) lui     s1, 0x73ae5
core   0: 3 0x80008dd8 (0x73ae54b7) x9  0x73ae5000
core   0: 0x80008ddc (0x020c0bb3) mul     s7, s8, zero
core   0: 3 0x80008ddc (0x020c0bb3) x23 0x00000000
core   0: 0x80008de0 (0x00001a10) c.addi4spn a2, sp, 304
core   0: 3 0x80008de0 (0x1a10) x12 0x0000012f
core   0: 0x80008de2 (0x0078b3b3) sltu    t2, a7, t2
core   0: 3 0x80008de2 (0x0078b3b3) x7  0x00000000
core   0: 0x80008de6 (0x0271d733) divu    a4, gp, t2
core   0: 3 0x80008de6 (0x0271d733) x14 0xffffffff
core   0: 0x80008dea (0x0ff0000f) fence   iorw,iorw
core   0: 3 0x80008dea (0x0ff0000f)
core   0: 0x80008dee (0x34043f73) csrrc   t5, mscratch, s0
core   0: 3 0x80008dee (0x34043f73) x30 0x00000000 c832_mscratch 0x00000000
core   0: 0x80008df2 (0x0000717d) c.addi16sp sp, -16
core   0: 3 0x80008df2 (0x717d) x2  0xffffffef
core   0: 0x80008df4 (0xcc18e213) ori     tp, a7, -831
core   0: 3 0x80008df4 (0xcc18e213) x4  0xfffffcf7
core   0: 0x80008df8 (0xfa92a513) slti    a0, t0, -87
core   0: 3 0x80008df8 (0xfa92a513) x10 0x00000000
core   0: 0x80008dfc (0x40c952b3) sra     t0, s2, a2
core   0: 3 0x80008dfc (0x40c952b3) x5  0xffffffff
core   0: 0x80008e00 (0x0000c39d) c.beqz  a5, pc + 38
core   0: 3 0x80008e00 (0xc39d)
core   0: 0x80008e02 (0x00008aad) c.andi  a3, 11
core   0: 3 0x80008e02 (0x8aad) x13 0x00000001
core   0: 0x80008e04 (0x00008715) c.srai  a4, 5
core   0: 3 0x80008e04 (0x8715) x14 0xffffffff
core   0: 0x80008e06 (0x0000717d) c.addi16sp sp, -16
core   0: 3 0x80008e06 (0x717d) x2  0xffffffdf
core   0: 0x80008e08 (0x039ce1b3) rem     gp, s9, s9
core   0: 3 0x80008e08 (0x039ce1b3) x3  0x00000000
core   0: 0x80008e0c (0x019a9b93) slli    s7, s5, 25
core   0: 3 0x80008e0c (0x019a9b93) x23 0xfe000000
core   0: 0x80008e10 (0x340f9773) csrrw   a4, mscratch, t6
core   0: 3 0x80008e10 (0x340f9773) x14 0x00000000 c832_mscratch 0x80025ce4
core   0: 0x80008e14 (0x00008c6d) c.and   s0, a1
core   0: 3 0x80008e14 (0x8c6d) x8  0x00000010
core   0: 0x80008e16 (0x035f8e33) mul     t3, t6, s5
core   0: 3 0x80008e16 (0x035f8e33) x28 0x7ffda31c
core   0: 0x80008e1a (0x0000e681) c.bnez  a3, pc + 8
core   0: 3 0x80008e1a (0xe681)
core   0: 0x80008e22 (0x0aad2b93) slti    s7, s10, 170
core   0: 3 0x80008e22 (0x0aad2b93) x23 0x00000001
core   0: 0x80008e26 (0x01a75033) srl     zero, a4, s10
core   0: 3 0x80008e26 (0x01a75033)
core   0: 0x80008e2a (0x02b4f433) remu    s0, s1, a1
core   0: 3 0x80008e2a (0x02b4f433) x8  0x73ae5000
core   0: 0x80008e2e (0x01f8da13) srli    s4, a7, 31
core   0: 3 0x80008e2e (0x01f8da13) x20 0x00000000
core   0: 0x80008e32 (0x825db493) sltiu   s1, s11, -2011
core   0: 3 0x80008e32 (0x825db493) x9  0x00000000
core   0: 0x80008e36 (0x405603b3) sub     t2, a2, t0
core   0: 3 0x80008e36 (0x405603b3) x7  0x00000130
core   0: 0x80008e3a (0x00008f9d) c.sub   a5, a5
core   0: 3 0x80008e3a (0x8f9d) x15 0x00000000
core   0: 0x80008e3c (0x0288ad33) mulhsu  s10, a7, s0
core   0: 3 0x80008e3c (0x0288ad33) x26 0x000223ff
core   0: 0x80008e40 (0x340a28f3) csrrs   a7, mscratch, s4
core   0: 3 0x80008e40 (0x340a28f3) x17 0x80025ce4 c832_mscratch 0x80025ce4
core   0: 0x80008e44 (0x0000527d) c.li    tp, -1
core   0: 3 0x80008e44 (0x527d) x4  0xffffffff
core   0: 0x80008e46 (0x034e6463) bltu    t3, s4, pc + 40
core   0: 3 0x80008e46 (0x034e6463)
core   0: 0x80008e4a (0x00008e25) c.xor   a2, s1
core   0: 3 0x80008e4a (0x8e25) x12 0x0000012f
core   0: 0x80008e4c (0x00000480) c.addi4spn s0, sp, 576
core   0: 3 0x80008e4c (0x0480) x8  0x0000021f
core   0: 0x80008e4e (0x40f49c37) lui     s8, 0x40f49
core   0: 3 0x80008e4e (0x40f49c37) x24 0x40f49000
core   0: 0x80008e52 (0x000084b6) c.mv    s1, a3
core   0: 3 0x80008e52 (0x84b6) x9  0x00000001
core   0: 0x80008e54 (0x02a55d33) divu    s10, a0, a0
core   0: 3 0x80008e54 (0x02a55d33) x26 0xffffffff
core   0: 0x80008e58 (0x0058d563) bge     a7, t0, pc + 10
core   0: 3 0x80008e58 (0x0058d563)
core   0: 0x80008e5c (0x0000717d) c.addi16sp sp, -16
core   0: 3 0x80008e5c (0x717d) x2  0xffffffcf
core   0: 0x80008e5e (0x0000577d) c.li    a4, -1
core   0: 3 0x80008e5e (0x577d) x14 0xffffffff
core   0: 0x80008e60 (0x000088f5) c.andi  s1, 29
core   0: 3 0x80008e60 (0x88f5) x9  0x00000001
core   0: 0x80008e62 (0x340078f3) csrrci  a7, mscratch, 0
core   0: 3 0x80008e62 (0x340078f3) x17 0x80025ce4
core   0: 0x80008e66 (0x0000717d) c.addi16sp sp, -16
core   0: 3 0x80008e66 (0x717d) x2  0xffffffbf
core   0: 0x80008e68 (0x00008f59) c.or    a4, a4
core   0: 3 0x80008e68 (0x8f59) x14 0xffffffff
core   0: 0x80008e6a (0x340f7c73) csrrci  s8, mscratch, 30
core   0: 3 0x80008e6a (0x340f7c73) x24 0x80025ce4 c832_mscratch 0x80025ce0
core   0: 0x80008e6e (0x02d419b3) mulh    s3, s0, a3
core   0: 3 0x80008e6e (0x02d419b3) x19 0x00000000
core   0: 0x80008e72 (0x00000001) c.nop
core   0: 3 0x80008e72 (0x0001)
core   0: 0x80008e74 (0x00000001) c.nop
core   0: 3 0x80008e74 (0x0001)
core   0: 0x80008e76 (0x3aa3b513) sltiu   a0, t2, 938
core   0: 3 0x80008e76 (0x3aa3b513) x10 0x00000001
core   0: 0x80008e7a (0x54a942b7) lui     t0, 0x54a94
core   0: 3 0x80008e7a (0x54a942b7) x5  0x54a94000
core   0: 0x80008e7e (0x0ff0000f) fence   iorw,iorw
core   0: 3 0x80008e7e (0x0ff0000f)
core   0: 0x80008e82 (0x02c29263) bne     t0, a2, pc + 36
core   0: 3 0x80008e82 (0x02c29263)
core   0: 0x80008ea6 (0x00000001) c.nop
core   0: 3 0x80008ea6 (0x0001)
core   0: 0x80008ea8 (0x01806933) or      s2, zero, s8
core   0: 3 0x80008ea8 (0x01806933) x18 0x80025ce4
core   0: 0x80008eac (0x00009a3e) c.add   s4, a5
core   0: 3 0x80008eac (0x9a3e) x20 0x00000000
core   0: 0x80008eae (0x3f3f6813) ori     a6, t5, 1011
core   0: 3 0x80008eae (0x3f3f6813) x16 0x000003f3
core   0: 0x80008eb2 (0x3401d6f3) csrrwi  a3, mscratch, 3
core   0: 3 0x80008eb2 (0x3401d6f3) x13 0x80025ce0 c832_mscratch 0x00000003
core   0: 0x80008eb6 (0x02cfdd63) bge     t6, a2, pc + 58
core   0: 3 0x80008eb6 (0x02cfdd63)
core   0: 0x80008eba (0x00000001) c.nop
core   0: 3 0x80008eba (0x0001)
core   0: 0x80008ebc (0x7591e813) ori     a6, gp, 1881
core   0: 3 0x80008ebc (0x7591e813) x16 0x00000759
core   0: 0x80008ec0 (0x340bd3f3) csrrwi  t2, mscratch, 23
core   0: 3 0x80008ec0 (0x340bd3f3) x7  0x00000003 c832_mscratch 0x00000017
core   0: 0x80008ec4 (0x4e4afe93) andi    t4, s5, 1252
core   0: 3 0x80008ec4 (0x4e4afe93) x29 0x000004e4
core   0: 0x80008ec8 (0x00000b00) c.addi4spn s0, sp, 400
core   0: 3 0x80008ec8 (0x0b00) x8  0x0000014f
core   0: 0x80008eca (0x039e71b3) remu    gp, t3, s9
core   0: 3 0x80008eca (0x039e71b3) x3  0x7ffda31c
core   0: 0x80008ece (0x0000cb19) c.beqz  a4, pc + 22
core   0: 3 0x80008ece (0xcb19)
core   0: 0x80008ed0 (0x00ae0c63) beq     t3, a0, pc + 24
core   0: 3 0x80008ed0 (0x00ae0c63)
core   0: 0x80008ed4 (0x034db233) mulhu   tp, s11, s4
core   0: 3 0x80008ed4 (0x034db233) x4  0x00000000
core   0: 0x80008ed8 (0x0000e399) c.bnez  a5, pc + 6
core   0: 3 0x80008ed8 (0xe399)
core   0: 0x80008eda (0x41d5d793) srai    a5, a1, 29
core   0: 3 0x80008eda (0x41d5d793) x15 0xfffffffc
core   0: 0x80008ede (0x00001dfd) c.addi  s11, -1
core   0: 3 0x80008ede (0x1dfd) x27 0xfffffffd
core   0: 0x80008ee0 (0x34069273) csrrw   tp, mscratch, a3
core   0: 3 0x80008ee0 (0x34069273) x4  0x00000017 c832_mscratch 0x80025ce0
core   0: 0x80008ee4 (0x020c7833) remu    a6, s8, zero
core   0: 3 0x80008ee4 (0x020c7833) x16 0x80025ce4
core   0: 0x80008ee8 (0x00001bfd) c.addi  s7, -1
core   0: 3 0x80008ee8 (0x1bfd) x23 0x00000000
core   0: 0x80008eea (0x00000001) c.nop
core   0: 3 0x80008eea (0x0001)
core   0: 0x80008eec (0x00c21293) slli    t0, tp, 12
core   0: 3 0x80008eec (0x00c21293) x5  0x00017000
core   0: 0x80008ef0 (0x00008e51) c.or    a2, a2
core   0: 3 0x80008ef0 (0x8e51) x12 0x0000012f
core   0: 0x80008ef2 (0x0ff0000f) fence   iorw,iorw
core   0: 3 0x80008ef2 (0x0ff0000f)
core   0: 0x80008ef6 (0x0000867d) c.srai  a2, 31
core   0: 3 0x80008ef6 (0x867d) x12 0x00000000
core   0: 0x80008ef8 (0x00006169) c.addi16sp sp, 208
core   0: 3 0x80008ef8 (0x6169) x2  0x0000008f
core   0: 0x80008efa (0x000060a5) c.lui   ra, 0x9
core   0: 3 0x80008efa (0x60a5) x1  0x00009000
core   0: 0x80008efc (0x340cd573) csrrwi  a0, mscratch, 25
core   0: 3 0x80008efc (0x340cd573) x10 0x80025ce0 c832_mscratch 0x00000019
core   0: 0x80008f00 (0x0000527d) c.li    tp, -1
core   0: 3 0x80008f00 (0x527d) x4  0xffffffff
core   0: 0x80008f02 (0x00478d33) add     s10, a5, tp
core   0: 3 0x80008f02 (0x00478d33) x26 0xfffffffb
core   0: 0x80008f06 (0x00009f3e) c.add   t5, a5
core   0: 3 0x80008f06 (0x9f3e) x30 0xfffffffc
core   0: 0x80008f08 (0x41a80033) sub     zero, a6, s10
core   0: 3 0x80008f08 (0x41a80033)
core   0: 0x80008f0c (0x45306213) ori     tp, zero, 1107
core   0: 3 0x80008f0c (0x45306213) x4  0x00000453
core   0: 0x80008f10 (0x00006e55) c.lui   t3, 0x15
core   0: 3 0x80008f10 (0x6e55) x28 0x00015000
core   0: 0x80008f12 (0x03324433) div     s0, tp, s3
core   0: 3 0x80008f12 (0x03324433) x8  0xffffffff
core   0: 0x80008f16 (0x00008299) c.srli  a3, 6
core   0: 3 0x80008f16 (0x8299) x13 0x02000973
core   0: 0x80008f18 (0x00c997b3) sll     a5, s3, a2
core   0: 3 0x80008f18 (0x00c997b3) x15 0x00000000
core   0: 0x80008f1c (0x0000100f) fence.i
core   0: 3 0x80008f1c (0x0000100f)
core   0: 0x80008f20 (0x010492b3) sll     t0, s1, a6
core   0: 3 0x80008f20 (0x010492b3) x5  0x00000010
core   0: 0x80008f24 (0x418c84b3) sub     s1, s9, s8
core   0: 3 0x80008f24 (0x418c84b3) x9  0x7ffda31b
core   0: 0x80008f28 (0x010a6263) bltu    s4, a6, pc + 4
core   0: 3 0x80008f28 (0x010a6263)
core   0: 0x80008f2c (0x01af32b3) sltu    t0, t5, s10
core   0: 3 0x80008f2c (0x01af32b3) x5  0x00000000
core   0: 0x80008f30 (0x40985ab3) sra     s5, a6, s1
core   0: 3 0x80008f30 (0x40985ab3) x21 0xfffffff0
core   0: 0x80008f34 (0x0000c209) c.beqz  a2, pc + 2
core   0: 3 0x80008f34 (0xc209)
core   0: 0x80008f36 (0x02bcf563) bgeu    s9, a1, pc + 42
core   0: 3 0x80008f36 (0x02bcf563)
core   0: 0x80008f60 (0x00008f6d) c.and   a4, a1
core   0: 3 0x80008f60 (0x8f6d) x14 0x80021e58
core   0: 0x80008f62 (0x017136b3) sltu    a3, sp, s7
core   0: 3 0x80008f62 (0x017136b3) x13 0x00000000
core   0: 0x80008f66 (0x03408933) mul     s2, ra, s4
core   0: 3 0x80008f66 (0x03408933) x18 0x00000000
core   0: 0x80008f6a (0x0ff0000f) fence   iorw,iorw
core   0: 3 0x80008f6a (0x0ff0000f)
core   0: 0x80008f6e (0x03fb4033) div     zero, s6, t6
core   0: 3 0x80008f6e (0x03fb4033)
core   0: 0x80008f72 (0xf8c1d1b7) lui     gp, 0xf8c1d
core   0: 3 0x80008f72 (0xf8c1d1b7) x3  0xf8c1d000
core   0: 0x80008f76 (0x14bbe393) ori     t2, s7, 331
core   0: 3 0x80008f76 (0x14bbe393) x7  0x0000014b
core   0: 0x80008f7a (0x000050fd) c.li    ra, -1
core   0: 3 0x80008f7a (0x50fd) x1  0xffffffff
core   0: 0x80008f7c (0x41010d33) sub     s10, sp, a6
core   0: 3 0x80008f7c (0x41010d33) x26 0x7ffda3ab
core   0: 0x80008f80 (0x00000a75) c.addi  s4, 29
core   0: 3 0x80008f80 (0x0a75) x20 0x0000001d
core   0: 0x80008f82 (0x5fce0c93) addi    s9, t3, 1532
core   0: 3 0x80008f82 (0x5fce0c93) x25 0x000155fc
core   0: 0x80008f86 (0x03625e63) bge     tp, s6, pc + 60
core   0: 3 0x80008f86 (0x03625e63)
core   0: 0x80008fc2 (0x75a0fb93) andi    s7, ra, 1882
core   0: 3 0x80008fc2 (0x75a0fb93) x23 0x0000075a
core   0: 0x80008fc6 (0x0184dcb3) srl     s9, s1, s8
core   0: 3 0x80008fc6 (0x0184dcb3) x25 0x07ffda31
core   0: 0x80008fca (0x0000840d) c.srai  s0, 3
core   0: 3 0x80008fca (0x840d) x8  0xffffffff
core   0: 0x80008fcc (0x03d614b3) mulh    s1, a2, t4
core   0: 3 0x80008fcc (0x03d614b3) x9  0x00000000
core   0: 0x80008fd0 (0x41bad493) srai    s1, s5, 27
core   0: 3 0x80008fd0 (0x41bad493) x9  0xffffffff
core   0: 0x80008fd4 (0x004be9b3) or      s3, s7, tp
core   0: 3 0x80008fd4 (0x004be9b3) x19 0x0000075b
core   0: 0x80008fd8 (0x00335013) srli    zero, t1, 3
core   0: 3 0x80008fd8 (0x00335013)
core   0: 0x80008fdc (0x41f88033) sub     zero, a7, t6
core   0: 3 0x80008fdc (0x41f88033)
core   0: 0x80008fe0 (0x020b43b3) div     t2, s6, zero
core   0: 3 0x80008fe0 (0x020b43b3) x7  0xffffffff
core   0: 0x80008fe4 (0x0000100f) fence.i
core   0: 3 0x80008fe4 (0x0000100f)
core   0: 0x80008fe8 (0x3407a973) csrrs   s2, mscratch, a5
core   0: 3 0x80008fe8 (0x3407a973) x18 0x00000019 c832_mscratch 0x00000019
core   0: 0x80008fec (0x0000c79d) c.beqz  a5, pc + 46
core   0: 3 0x80008fec (0xc79d)
core   0: 0x8000901a (0x03d5deb3) divu    t4, a1, t4
core   0: 3 0x8000901a (0x03d5deb3) x29 0x001a2c99
core   0: 0x8000901e (0xe955bf13) sltiu   t5, a1, -363
core   0: 3 0x8000901e (0xe955bf13) x30 0x00000001
core   0: 0x80009022 (0x01df1513) slli    a0, t5, 29
core   0: 3 0x80009022 (0x01df1513) x10 0x20000000
core   0: 0x80009026 (0x00291663) bne     s2, sp, pc + 12
core   0: 3 0x80009026 (0x00291663)
core   0: 0x80009032 (0x00008e11) c.sub   a2, a2
core   0: 3 0x80009032 (0x8e11) x12 0x00000000
core   0: 0x80009034 (0x01b9f563) bgeu    s3, s11, pc + 10
core   0: 3 0x80009034 (0x01b9f563)
core   0: 0x80009038 (0x00000b62) c.slli  s6, 24
core   0: 3 0x80009038 (0x0b62) x22 0xe4000000
core   0: 0x8000903a (0x0000100f) fence.i
core   0: 3 0x8000903a (0x0000100f)
core   0: 0x8000903e (0x023ed733) divu    a4, t4, gp
core   0: 3 0x8000903e (0x023ed733) x14 0x00000000
core   0: 0x80009042 (0x340fb1f3) csrrc   gp, mscratch, t6
core   0: 3 0x80009042 (0x340fb1f3) x3  0x00000019 c832_mscratch 0x00000019
core   0: 0x80009046 (0x00000e8e) c.slli  t4, 3
core   0: 3 0x80009046 (0x0e8e) x29 0x00d164c8
core   0: 0x80009048 (0x013fbdb3) sltu    s11, t6, s3
core   0: 3 0x80009048 (0x013fbdb3) x27 0x00000000
core   0: 0x8000904c (0x03a91433) mulh    s0, s2, s10
core   0: 3 0x8000904c (0x03a91433) x8  0x0000000c
core   0: 0x80009050 (0xc9a0b693) sltiu   a3, ra, -870
core   0: 3 0x80009050 (0xc9a0b693) x13 0x00000000
core   0: 0x80009054 (0x0000c489) c.beqz  s1, pc + 10
core   0: 3 0x80009054 (0xc489)
core   0: 0x80009056 (0x4175d093) srai    ra, a1, 23
core   0: 3 0x80009056 (0x4175d093) x1  0xffffff00
core   0: 0x8000905a (0x34006773) csrrsi  a4, mscratch, 0
core   0: 3 0x8000905a (0x34006773) x14 0x00000019
core   0: 0x8000905e (0x029b67b3) rem     a5, s6, s1
core   0: 3 0x8000905e (0x029b67b3) x15 0x00000000
core   0: 0x80009062 (0x6316c113) xori    sp, a3, 1585
core   0: 3 0x80009062 (0x6316c113) x2  0x00000631
core   0: 0x80009066 (0x0243d6b3) divu    a3, t2, tp
core   0: 3 0x80009066 (0x0243d6b3) x13 0x003b3391
core   0: 0x8000906a (0x01805113) srli    sp, zero, 24
core   0: 3 0x8000906a (0x01805113) x2  0x00000000
core   0: 0x8000906e (0x000069b1) c.lui   s3, 0xc
core   0: 3 0x8000906e (0x69b1) x19 0x0000c000
core   0: 0x80009070 (0x025e7833) remu    a6, t3, t0
core   0: 3 0x80009070 (0x025e7833) x16 0x00015000
core   0: 0x80009074 (0x00008b01) c.andi  a4, 0
core   0: 3 0x80009074 (0x8b01) x14 0x00000000
core   0: 0x80009076 (0x01d134b3) sltu    s1, sp, t4
core   0: 3 0x80009076 (0x01d134b3) x9  0x00000001
core   0: 0x8000907a (0x0000717d) c.addi16sp sp, -16
core   0: 3 0x8000907a (0x717d) x2  0xfffffff0
core   0: 0x8000907c (0x00008ef5) c.and   a3, a3
core   0: 3 0x8000907c (0x8ef5) x13 0x003b3391
core   0: 0x8000907e (0x002b9b13) slli    s6, s7, 2
core   0: 3 0x8000907e (0x002b9b13) x22 0x00001d68
core   0: 0x80009082 (0x0000ee1d) c.bnez  a2, pc + 62
core   0: 3 0x80009082 (0xee1d)
core   0: 0x80009084 (0x010dd433) srl     s0, s11, a6
core   0: 3 0x80009084 (0x010dd433) x8  0x00000000
core   0: 0x80009088 (0x023f0933) mul     s2, t5, gp
core   0: 3 0x80009088 (0x023f0933) x18 0x00000019
core   0: 0x8000908c (0x340adcf3) csrrwi  s9, mscratch, 21
core   0: 3 0x8000908c (0x340adcf3) x25 0x00000019 c832_mscratch 0x00000015
core   0: 0x80009090 (0x02b38663) beq     t2, a1, pc + 44
core   0: 3 0x80009090 (0x02b38663)
core   0: 0x80009094 (0x0000855d) c.srai  a0, 23
core   0: 3 0x80009094 (0x855d) x10 0x00000040
core   0: 0x80009096 (0x00823eb3) sltu    t4, tp, s0
core   0: 3 0x80009096 (0x00823eb3) x29 0x00000000
core   0: 0x8000909a (0x9f58e193) ori     gp, a7, -1547
core   0: 3 0x8000909a (0x9f58e193) x3  0xfffffdf5
core   0: 0x8000909e (0x00008ade) c.mv    s5, s7
core   0: 3 0x8000909e (0x8ade) x21 0x0000075a
core   0: 0x800090a0 (0x00008489) c.srai  s1, 2
core   0: 3 0x800090a0 (0x8489) x9  0x00000000
core   0: 0x800090a2 (0x02234633) div     a2, t1, sp
core   0: 3 0x800090a2 (0x02234633) x12 0x00000000
core   0: 0x800090a6 (0x406d0033) sub     zero, s10, t1
core   0: 3 0x800090a6 (0x406d0033)
core   0: 0x800090aa (0x0bfaa413) slti    s0, s5, 191
core   0: 3 0x800090aa (0x0bfaa413) x8  0x00000000
core   0: 0x800090ae (0x00000001) c.nop
core   0: 3 0x800090ae (0x0001)
core   0: 0x800090b0 (0x00afe633) or      a2, t6, a0
core   0: 3 0x800090b0 (0x00afe633) x12 0x80025ce4
core   0: 0x800090b4 (0xf3462793) slti    a5, a2, -204
core   0: 3 0x800090b4 (0xf3462793) x15 0x00000001
core   0: 0x800090b8 (0x046c8263) beq     s9, t1, pc + 68
core   0: 3 0x800090b8 (0x046c8263)
core   0: 0x800090bc (0x3400a573) csrrs   a0, mscratch, ra
core   0: 3 0x800090bc (0x3400a573) x10 0x00000015 c832_mscratch 0xffffff15
core   0: 0x800090c0 (0x41acd893) srai    a7, s9, 26
core   0: 3 0x800090c0 (0x41acd893) x17 0x00000000
core   0: 0x800090c4 (0x02f43133) mulhu   sp, s0, a5
core   0: 3 0x800090c4 (0x02f43133) x2  0x00000000
core   0: 0x800090c8 (0x00008742) c.mv    a4, a6
core   0: 3 0x800090c8 (0x8742) x14 0x00015000
core   0: 0x800090ca (0x00008f39) c.xor   a4, a4
core   0: 3 0x800090ca (0x8f39) x14 0x00000000
core   0: 0x800090cc (0x43918893) addi    a7, gp, 1081
core   0: 3 0x800090cc (0x43918893) x17 0x0000022e
core   0: 0x800090d0 (0x00008d51) c.or    a0, a2
core   0: 3 0x800090d0 (0x8d51) x10 0x80025cf5
core   0: 0x800090d2 (0x007a1693) slli    a3, s4, 7
core   0: 3 0x800090d2 (0x007a1693) x13 0x00000e80
core   0: 0x800090d6 (0x340391f3) csrrw   gp, mscratch, t2
core   0: 3 0x800090d6 (0x340391f3) x3  0xffffff15 c832_mscratch 0xffffffff
core   0: 0x800090da (0x020076b3) remu    a3, zero, zero
core   0: 3 0x800090da (0x020076b3) x13 0x00000000
core   0: 0x800090de (0x00000a56) c.slli  s4, 21
core   0: 3 0x800090de (0x0a56) x20 0x03a00000
core   0: 0x800090e0 (0x340021f3) csrr    gp, mscratch
core   0: 3 0x800090e0 (0x340021f3) x3  0xffffffff
core   0: 0x800090e4 (0x3406a8f3) csrrs   a7, mscratch, a3
core   0: 3 0x800090e4 (0x3406a8f3) x17 0xffffffff c832_mscratch 0xffffffff
core   0: 0x800090e8 (0x79410913) addi    s2, sp, 1940
core   0: 3 0x800090e8 (0x79410913) x18 0x00000794
core   0: 0x800090ec (0x41d4d733) sra     a4, s1, t4
core   0: 3 0x800090ec (0x41d4d733) x14 0x00000000
core   0: 0x800090f0 (0x340fadf3) csrrs   s11, mscratch, t6
core   0: 3 0x800090f0 (0x340fadf3) x27 0xffffffff c832_mscratch 0xffffffff
core   0: 0x800090f4 (0x00008529) c.srai  a0, 10
core   0: 3 0x800090f4 (0x8529) x10 0xffe00097
core   0: 0x800090f6 (0x402f3b93) sltiu   s7, t5, 1026
core   0: 3 0x800090f6 (0x402f3b93) x23 0x00000001
core   0: 0x800090fa (0x000088fa) c.mv    a7, t5
core   0: 3 0x800090fa (0x88fa) x17 0x00000001
core   0: 0x800090fc (0x40845b13) srai    s6, s0, 8
core   0: 3 0x800090fc (0x40845b13) x22 0x00000000
core   0: 0x80009100 (0x41fa00b3) sub     ra, s4, t6
core   0: 3 0x80009100 (0x41fa00b3) x1  0x839da31c
core   0: 0x80009104 (0x40785933) sra     s2, a6, t2
core   0: 3 0x80009104 (0x40785933) x18 0x00000000
core   0: 0x80009108 (0x34051a73) csrrw   s4, mscratch, a0
core   0: 3 0x80009108 (0x34051a73) x20 0xffffffff c832_mscratch 0xffe00097
core   0: 0x8000910c (0x0ac8e617) auipc   a2, 0xac8e
core   0: 3 0x8000910c (0x0ac8e617) x12 0x8ac9710c
core   0: 0x80009110 (0x035e4563) blt     t3, s5, pc + 42
core   0: 3 0x80009110 (0x035e4563)
core   0: 0x80009114 (0x6db90f13) addi    t5, s2, 1755
core   0: 3 0x80009114 (0x6db90f13) x30 0x000006db
core   0: 0x80009118 (0x41525133) sra     sp, tp, s5
core   0: 3 0x80009118 (0x41525133) x2  0x00000000
core   0: 0x8000911c (0x00000001) c.nop
core   0: 3 0x8000911c (0x0001)
core   0: 0x8000911e (0x00009b7d) c.andi  a4, -1
core   0: 3 0x8000911e (0x9b7d) x14 0x00000000
core   0: 0x80009120 (0x00000001) c.nop
core   0: 3 0x80009120 (0x0001)
core   0: 0x80009122 (0x017483b3) add     t2, s1, s7
core   0: 3 0x80009122 (0x017483b3) x7  0x00000001
core   0: 0x80009126 (0x340039f3) csrrc   s3, mscratch, zero
core   0: 3 0x80009126 (0x340039f3) x19 0xffe00097
core   0: 0x8000912a (0x0000100f) fence.i
core   0: 3 0x8000912a (0x0000100f)
core   0: 0x8000912e (0x00006dad) c.lui   s11, 0xb
core   0: 3 0x8000912e (0x6dad) x27 0x0000b000
core   0: 0x80009130 (0x40b68633) sub     a2, a3, a1
core   0: 3 0x80009130 (0x40b68633) x12 0x7ffde1a8
core   0: 0x80009134 (0x01acdd93) srli    s11, s9, 26
core   0: 3 0x80009134 (0x01acdd93) x27 0x00000000
core   0: 0x80009138 (0x00000001) c.nop
core   0: 3 0x80009138 (0x0001)
core   0: 0x8000913a (0x007956b3) srl     a3, s2, t2
core   0: 3 0x8000913a (0x007956b3) x13 0x00000000
core   0: 0x8000913e (0xcc123f13) sltiu   t5, tp, -831
core   0: 3 0x8000913e (0xcc123f13) x30 0x00000001
core   0: 0x80009142 (0x02409cb3) mulh    s9, ra, tp
core   0: 3 0x80009142 (0x02409cb3) x25 0xfffffde6
core   0: 0x80009146 (0x029f9563) bne     t6, s1, pc + 42
core   0: 3 0x80009146 (0x029f9563)
core   0: 0x80009170 (0x41608633) sub     a2, ra, s6
core   0: 3 0x80009170 (0x41608633) x12 0x839da31c
core   0: 0x80009174 (0x013d6233) or      tp, s10, s3
core   0: 3 0x80009174 (0x013d6233) x4  0xfffda3bf
core   0: 0x80009178 (0x0ff0000f) fence   iorw,iorw
core   0: 3 0x80009178 (0x0ff0000f)
core   0: 0x8000917c (0x00d28f63) beq     t0, a3, pc + 30
core   0: 3 0x8000917c (0x00d28f63)
core   0: 0x8000919a (0x4077d613) srai    a2, a5, 7
core   0: 3 0x8000919a (0x4077d613) x12 0x00000000
core   0: 0x8000919e (0x011eaa33) slt     s4, t4, a7
core   0: 3 0x8000919e (0x011eaa33) x20 0x00000001
core   0: 0x800091a2 (0x03318433) mul     s0, gp, s3
core   0: 3 0x800091a2 (0x03318433) x8  0x001fff69
core   0: 0x800091a6 (0x00349c33) sll     s8, s1, gp
core   0: 3 0x800091a6 (0x00349c33) x24 0x00000000
core   0: 0x800091aa (0x00001180) c.addi4spn s0, sp, 224
core   0: 3 0x800091aa (0x1180) x8  0x000000e0
core   0: 0x800091ac (0x030c6bb3) rem     s7, s8, a6
core   0: 3 0x800091ac (0x030c6bb3) x23 0x00000000
core   0: 0x800091b0 (0x40ee56b3) sra     a3, t3, a4
core   0: 3 0x800091b0 (0x40ee56b3) x13 0x00015000
core   0: 0x800091b4 (0x031298b3) mulh    a7, t0, a7
core   0: 3 0x800091b4 (0x031298b3) x17 0x00000000
core   0: 0x800091b8 (0x340e56f3) csrrwi  a3, mscratch, 28
core   0: 3 0x800091b8 (0x340e56f3) x13 0xffe00097 c832_mscratch 0x0000001c
core   0: 0x800091bc (0x00a98463) beq     s3, a0, pc + 8
core   0: 3 0x800091bc (0x00a98463)
core   0: 0x800091c4 (0x03806cb3) rem     s9, zero, s8
core   0: 3 0x800091c4 (0x03806cb3) x25 0x00000000
core   0: 0x800091c8 (0x000004d2) c.slli  s1, 20
core   0: 3 0x800091c8 (0x04d2) x9  0x00000000
core   0: 0x800091ca (0x00000f61) c.addi  t5, 24
core   0: 3 0x800091ca (0x0f61) x30 0x00000019
core   0: 0x800091cc (0x015b5d63) bge     s6, s5, pc + 26
core   0: 3 0x800091cc (0x015b5d63)
core   0: 0x800091d0 (0x00008e05) c.sub   a2, s1
core   0: 3 0x800091d0 (0x8e05) x12 0x00000000
core   0: 0x800091d2 (0x01dccb33) xor     s6, s9, t4
core   0: 3 0x800091d2 (0x01dccb33) x22 0x00000000
core   0: 0x800091d6 (0x004e8c33) add     s8, t4, tp
core   0: 3 0x800091d6 (0x004e8c33) x24 0xfffda3bf
core   0: 0x800091da (0x340b9173) csrrw   sp, mscratch, s7
core   0: 3 0x800091da (0x340b9173) x2  0x0000001c c832_mscratch 0x00000000
core   0: 0x800091de (0x00d6b133) sltu    sp, a3, a3
core   0: 3 0x800091de (0x00d6b133) x2  0x00000000
core   0: 0x800091e2 (0x93ad2413) slti    s0, s10, -1734
core   0: 3 0x800091e2 (0x93ad2413) x8  0x00000000
core   0: 0x800091e6 (0x00008fd1) c.or    a5, a2
core   0: 3 0x800091e6 (0x8fd1) x15 0x00000001
core   0: 0x800091e8 (0x00000001) c.nop
core   0: 3 0x800091e8 (0x0001)
core   0: 0x800091ea (0x02966b63) bltu    a2, s1, pc + 54
core   0: 3 0x800091ea (0x02966b63)
core   0: 0x800091ee (0x00cb49b3) xor     s3, s6, a2
core   0: 3 0x800091ee (0x00cb49b3) x19 0x00000000
core   0: 0x800091f2 (0x02fae0b3) rem     ra, s5, a5
core   0: 3 0x800091f2 (0x02fae0b3) x1  0x00000000
core   0: 0x800091f6 (0x03b583b3) mul     t2, a1, s11
core   0: 3 0x800091f6 (0x03b583b3) x7  0x00000000
core   0: 0x800091fa (0x00009962) c.add   s2, s8
core   0: 3 0x800091fa (0x9962) x18 0xfffda3bf
core   0: 0x800091fc (0x023ae6b3) rem     a3, s5, gp
core   0: 3 0x800091fc (0x023ae6b3) x13 0x00000000
core   0: 0x80009200 (0x00580263) beq     a6, t0, pc + 4
core   0: 3 0x80009200 (0x00580263)
core   0: 0x80009204 (0x02c284b3) mul     s1, t0, a2
core   0: 3 0x80009204 (0x02c284b3) x9  0x00000000
core   0: 0x80009208 (0x443ba793) slti    a5, s7, 1091
core   0: 3 0x80009208 (0x443ba793) x15 0x00000001
core   0: 0x8000920c (0x011a5263) bge     s4, a7, pc + 4
core   0: 3 0x8000920c (0x011a5263)
core   0: 0x80009210 (0x0345fe63) bgeu    a1, s4, pc + 60
core   0: 3 0x80009210 (0x0345fe63)
core   0: 0x8000924c (0x00c81833) sll     a6, a6, a2
core   0: 3 0x8000924c (0x00c81833) x16 0x00015000
core   0: 0x80009250 (0x34003f73) csrrc   t5, mscratch, zero
core   0: 3 0x80009250 (0x34003f73) x30 0x00000000
core   0: 0x80009254 (0x0031fc33) and     s8, gp, gp
core   0: 3 0x80009254 (0x0031fc33) x24 0xffffffff
core   0: 0x80009258 (0x000087ad) c.srai  a5, 11
core   0: 3 0x80009258 (0x87ad) x15 0x00000000
core   0: 0x8000925a (0x01ac2c33) slt     s8, s8, s10
core   0: 3 0x8000925a (0x01ac2c33) x24 0x00000001
core   0: 0x8000925e (0x00000001) c.nop
core   0: 3 0x8000925e (0x0001)
core   0: 0x80009260 (0x0000e489) c.bnez  s1, pc + 10
core   0: 3 0x80009260 (0xe489)
core   0: 0x80009262 (0x00008fa5) c.xor   a5, s1
core   0: 3 0x80009262 (0x8fa5) x15 0x00000000
core   0: 0x80009264 (0x01dbdb63) bge     s7, t4, pc + 22
core   0: 3 0x80009264 (0x01dbdb63)
core   0: 0x8000927a (0x0338e833) rem     a6, a7, s3
core   0: 3 0x8000927a (0x0338e833) x16 0x00000000
core   0: 0x8000927e (0x01abd1b3) srl     gp, s7, s10
core   0: 3 0x8000927e (0x01abd1b3) x3  0x00000000
core   0: 0x80009282 (0x0000100f) fence.i
core   0: 3 0x80009282 (0x0000100f)
core   0: 0x80009286 (0x012dc9b3) xor     s3, s11, s2
core   0: 3 0x80009286 (0x012dc9b3) x19 0xfffda3bf
core   0: 0x8000928a (0x340fa1f3) csrrs   gp, mscratch, t6
core   0: 3 0x8000928a (0x340fa1f3) x3  0x00000000 c832_mscratch 0x80025ce4
core   0: 0x8000928e (0x02409eb3) mulh    t4, ra, tp
core   0: 3 0x8000928e (0x02409eb3) x29 0x00000000
core   0: 0x80009292 (0x00008969) c.andi  a0, 26
core   0: 3 0x80009292 (0x8969) x10 0x00000012
core   0: 0x80009294 (0x00000001) c.nop
core   0: 3 0x80009294 (0x0001)
core   0: 0x80009296 (0x00000aba) c.slli  s5, 14
core   0: 3 0x80009296 (0x0aba) x21 0x01d68000
core   0: 0x80009298 (0x004e6b33) or      s6, t3, tp
core   0: 3 0x80009298 (0x004e6b33) x22 0xfffdf3bf
core   0: 0x8000929c (0x03e00db3) mul     s11, zero, t5
core   0: 3 0x8000929c (0x03e00db3) x27 0x00000000
core   0: 0x800092a0 (0x00008d79) c.and   a0, a4
core   0: 3 0x800092a0 (0x8d79) x10 0x00000000
core   0: 0x800092a2 (0x03e3c533) div     a0, t2, t5
core   0: 3 0x800092a2 (0x03e3c533) x10 0xffffffff
core   0: 0x800092a6 (0x00008c9d) c.sub   s1, a5
core   0: 3 0x800092a6 (0x8c9d) x9  0x00000000
core   0: 0x800092a8 (0x01d61463) bne     a2, t4, pc + 8
core   0: 3 0x800092a8 (0x01d61463)
core   0: 0x800092ac (0x415b5193) srai    gp, s6, 21
core   0: 3 0x800092ac (0x415b5193) x3  0xffffffff
core   0: 0x800092b0 (0x00000498) c.addi4spn a4, sp, 576
core   0: 3 0x800092b0 (0x0498) x14 0x00000240
core   0: 0x800092b2 (0x014c2933) slt     s2, s8, s4
core   0: 3 0x800092b2 (0x014c2933) x18 0x00000000
core   0: 0x800092b6 (0xdefd7393) andi    t2, s10, -529
core   0: 3 0x800092b6 (0xdefd7393) x7  0x7ffda1ab
core   0: 0x800092ba (0x0ff0000f) fence   iorw,iorw
core   0: 3 0x800092ba (0x0ff0000f)
core   0: 0x800092be (0x00000001) c.nop
core   0: 3 0x800092be (0x0001)
core   0: 0x800092c0 (0x5c7e2793) slti    a5, t3, 1479
core   0: 3 0x800092c0 (0x5c7e2793) x15 0x00000000
core   0: 0x800092c4 (0x01f1ec63) bltu    gp, t6, pc + 24
core   0: 3 0x800092c4 (0x01f1ec63)
core   0: 0x800092c8 (0x340069f3) csrrsi  s3, mscratch, 0
core   0: 3 0x800092c8 (0x340069f3) x19 0x80025ce4
core   0: 0x800092cc (0x3400a7f3) csrrs   a5, mscratch, ra
core   0: 3 0x800092cc (0x3400a7f3) x15 0x80025ce4 c832_mscratch 0x80025ce4
core   0: 0x800092d0 (0x00008c8d) c.sub   s1, a1
core   0: 3 0x800092d0 (0x8c8d) x9  0x7ffde1a8
core   0: 0x800092d2 (0xc1c00793) li      a5, -996
core   0: 3 0x800092d2 (0xc1c00793) x15 0xfffffc1c
core   0: 0x800092d6 (0xcaae0f17) auipc   t5, 0xcaae0
core   0: 3 0x800092d6 (0xcaae0f17) x30 0x4aae92d6
core   0: 0x800092da (0x00008cd9) c.or    s1, a4
core   0: 3 0x800092da (0x8cd9) x9  0x7ffde3e8
core   0: 0x800092dc (0x00000c0a) c.slli  s8, 2
core   0: 3 0x800092dc (0x0c0a) x24 0x00000004
core   0: 0x800092de (0x00006155) c.addi16sp sp, 304
core   0: 3 0x800092de (0x6155) x2  0x00000130
core   0: 0x800092e0 (0x036447b3) div     a5, s0, s6
core   0: 3 0x800092e0 (0x036447b3) x15 0x00000000
core   0: 0x800092e4 (0x032114b3) mulh    s1, sp, s2
core   0: 3 0x800092e4 (0x032114b3) x9  0x00000000
core   0: 0x800092e8 (0x001b31b3) sltu    gp, s6, ra
core   0: 3 0x800092e8 (0x001b31b3) x3  0x00000000
core   0: 0x800092ec (0x0000089c) c.addi4spn a5, sp, 80
core   0: 3 0x800092ec (0x089c) x15 0x00000180
core   0: 0x800092ee (0x02bb78b3) remu    a7, s6, a1
core   0: 3 0x800092ee (0x02bb78b3) x17 0x7ffbd567
core   0: 0x800092f2 (0x0000c891) c.beqz  s1, pc + 20
core   0: 3 0x800092f2 (0xc891)
core   0: 0x80009306 (0x00008b79) c.andi  a4, 30
core   0: 3 0x80009306 (0x8b79) x14 0x00000000
core   0: 0x80009308 (0x00008051) c.srli  s0, 20
core   0: 3 0x80009308 (0x8051) x8  0x00000000
core   0: 0x8000930a (0x8e3e7113) andi    sp, t3, -1821
core   0: 3 0x8000930a (0x8e3e7113) x2  0x00015000
core   0: 0x8000930e (0x023c6663) bltu    s8, gp, pc + 44
core   0: 3 0x8000930e (0x023c6663)
core   0: 0x80009312 (0x007e2ab3) slt     s5, t3, t2
core   0: 3 0x80009312 (0x007e2ab3) x21 0x00000001
core   0: 0x80009316 (0x0ff0000f) fence   iorw,iorw
core   0: 3 0x80009316 (0x0ff0000f)
core   0: 0x8000931a (0x024eeeb3) rem     t4, t4, tp
core   0: 3 0x8000931a (0x024eeeb3) x29 0x00000000
core   0: 0x8000931e (0x0125b133) sltu    sp, a1, s2
core   0: 3 0x8000931e (0x0125b133) x2  0x00000000
core   0: 0x80009322 (0x02be5d33) divu    s10, t3, a1
core   0: 3 0x80009322 (0x02be5d33) x26 0x00000000
core   0: 0x80009326 (0x022af863) bgeu    s5, sp, pc + 48
core   0: 3 0x80009326 (0x022af863)
core   0: 0x80009356 (0x00009a7d) c.andi  a2, -1
core   0: 3 0x80009356 (0x9a7d) x12 0x00000000
core   0: 0x80009358 (0x000080c1) c.srli  s1, 16
core   0: 3 0x80009358 (0x80c1) x9  0x00000000
core   0: 0x8000935a (0x014d6c63) bltu    s10, s4, pc + 24
core   0: 3 0x8000935a (0x014d6c63)
core   0: 0x80009372 (0x01e3acb3) slt     s9, t2, t5
core   0: 3 0x80009372 (0x01e3acb3) x25 0x00000000
core   0: 0x80009376 (0x0104d763) bge     s1, a6, pc + 14
core   0: 3 0x80009376 (0x0104d763)
core   0: 0x80009384 (0x0000c285) c.beqz  a3, pc + 32
core   0: 3 0x80009384 (0xc285)
core   0: 0x800093a4 (0x43192237) lui     tp, 0x43192
core   0: 3 0x800093a4 (0x43192237) x4  0x43192000
core   0: 0x800093a8 (0x00008d11) c.sub   a0, a2
core   0: 3 0x800093a8 (0x8d11) x10 0xffffffff
core   0: 0x800093aa (0x01af9263) bne     t6, s10, pc + 4
core   0: 3 0x800093aa (0x01af9263)
core   0: 0x800093ae (0x0000e219) c.bnez  a2, pc + 6
core   0: 3 0x800093ae (0xe219)
core   0: 0x800093b0 (0x0ff0000f) fence   iorw,iorw
core   0: 3 0x800093b0 (0x0ff0000f)
core   0: 0x800093b4 (0x00a4be33) sltu    t3, s1, a0
core   0: 3 0x800093b4 (0x00a4be33) x28 0x00000001
core   0: 0x800093b8 (0x00000762) c.slli  a4, 24
core   0: 3 0x800093b8 (0x0762) x14 0x00000000
core   0: 0x800093ba (0x0393f833) remu    a6, t2, s9
core   0: 3 0x800093ba (0x0393f833) x16 0x7ffda1ab
core   0: 0x800093be (0x02d87db3) remu    s11, a6, a3
core   0: 3 0x800093be (0x02d87db3) x27 0x7ffda1ab
core   0: 0x800093c2 (0x04b50063) beq     a0, a1, pc + 64
core   0: 3 0x800093c2 (0x04b50063)
core   0: 0x800093c6 (0x34006a73) csrrsi  s4, mscratch, 0
core   0: 3 0x800093c6 (0x34006a73) x20 0x80025ce4
core   0: 0x800093ca (0x41ec0eb3) sub     t4, s8, t5
core   0: 3 0x800093ca (0x41ec0eb3) x29 0xb5516d2e
core   0: 0x800093ce (0x01151013) slli    zero, a0, 17
core   0: 3 0x800093ce (0x01151013)
core   0: 0x800093d2 (0x00520c63) beq     tp, t0, pc + 24
core   0: 3 0x800093d2 (0x00520c63)
core   0: 0x800093d6 (0x00000504) c.addi4spn s1, sp, 640
core   0: 3 0x800093d6 (0x0504) x9  0x00000280
core   0: 0x800093d8 (0x0393c0b3) div     ra, t2, s9
core   0: 3 0x800093d8 (0x0393c0b3) x1  0xffffffff
core   0: 0x800093dc (0xf5d3e493) ori     s1, t2, -163
core   0: 3 0x800093dc (0xf5d3e493) x9  0xffffffff
core   0: 0x800093e0 (0x000048e1) c.li    a7, 24
core   0: 3 0x800093e0 (0x48e1) x17 0x00000018
core   0: 0x800093e2 (0xac307513) andi    a0, zero, -1341
core   0: 3 0x800093e2 (0xac307513) x10 0x00000000
core   0: 0x800093e6 (0x001f60b3) or      ra, t5, ra
core   0: 3 0x800093e6 (0x001f60b3) x1  0xffffffff
core   0: 0x800093ea (0x34046e73) csrrsi  t3, mscratch, 8
core   0: 3 0x800093ea (0x34046e73) x28 0x80025ce4 c832_mscratch 0x80025cec
core   0: 0x800093ee (0x0000ca15) c.beqz  a2, pc + 52
core   0: 3 0x800093ee (0xca15)
core   0: 0x80009422 (0x39878c93) addi    s9, a5, 920
core   0: 3 0x80009422 (0x39878c93) x25 0x00000518
core   0: 0x80009426 (0x02ccb4b3) mulhu   s1, s9, a2
core   0: 3 0x80009426 (0x02ccb4b3) x9  0x00000000
core   0: 0x8000942a (0x02ecaf33) mulhsu  t5, s9, a4
core   0: 3 0x8000942a (0x02ecaf33) x30 0x00000000
core   0: 0x8000942e (0x03f24563) blt     tp, t6, pc + 42
core   0: 3 0x8000942e (0x03f24563)
core   0: 0x80009432 (0x0000012d) c.addi  sp, 11
core   0: 3 0x80009432 (0x012d) x2  0x0000000b
core   0: 0x80009434 (0x02dc1563) bne     s8, a3, pc + 42
core   0: 3 0x80009434 (0x02dc1563)
core   0: 0x8000945e (0x00008071) c.srli  s0, 28
core   0: 3 0x8000945e (0x8071) x8  0x00000000
core   0: 0x80009460 (0x37840517) auipc   a0, 0x37840
core   0: 3 0x80009460 (0x37840517) x10 0xb7849460
core   0: 0x80009464 (0x02ef3eb3) mulhu   t4, t5, a4
core   0: 3 0x80009464 (0x02ef3eb3) x29 0x00000000
core   0: 0x80009468 (0x3407ae73) csrrs   t3, mscratch, a5
core   0: 3 0x80009468 (0x3407ae73) x28 0x80025cec c832_mscratch 0x80025dec
core   0: 0x8000946c (0x00008e15) c.sub   a2, a3
core   0: 3 0x8000946c (0x8e15) x12 0x00000000
core   0: 0x8000946e (0x00008d1d) c.sub   a0, a5
core   0: 3 0x8000946e (0x8d1d) x10 0xb78492e0
core   0: 0x80009470 (0x0000eb1d) c.bnez  a4, pc + 54
core   0: 3 0x80009470 (0xeb1d)
core   0: 0x80009472 (0x030699b3) mulh    s3, a3, a6
core   0: 3 0x80009472 (0x030699b3) x19 0x00000000
core   0: 0x80009476 (0x0000848d) c.srai  s1, 3
core   0: 3 0x80009476 (0x848d) x9  0x00000000
core   0: 0x80009478 (0x0000100f) fence.i
core   0: 3 0x80009478 (0x0000100f)
core   0: 0x8000947c (0x00aa1693) slli    a3, s4, 10
core   0: 3 0x8000947c (0x00aa1693) x13 0x09739000
core   0: 0x80009480 (0x54d50093) addi    ra, a0, 1357
core   0: 3 0x80009480 (0x54d50093) x1  0xb784982d
core   0: 0x80009484 (0x00008f1d) c.sub   a4, a5
core   0: 3 0x80009484 (0x8f1d) x14 0xfffffe80
core   0: 0x80009486 (0xc5e10b13) addi    s6, sp, -930
core   0: 3 0x80009486 (0xc5e10b13) x22 0xfffffc69
core   0: 0x8000948a (0x0378ce63) blt     a7, s7, pc + 60
core   0: 3 0x8000948a (0x0378ce63)
core   0: 0x8000948e (0x00006175) c.addi16sp sp, 368
core   0: 3 0x8000948e (0x6175) x2  0x0000017b
core   0: 0x80009490 (0x037f71b3) remu    gp, t5, s7
core   0: 3 0x80009490 (0x037f71b3) x3  0x00000000
core   0: 0x80009494 (0x000004ba) c.slli  s1, 14
core   0: 3 0x80009494 (0x04ba) x9  0x00000000
core   0: 0x80009496 (0x009c7b63) bgeu    s8, s1, pc + 22
core   0: 3 0x80009496 (0x009c7b63)
core   0: 0x800094ac (0x0284a033) mulhsu  zero, s1, s0
core   0: 3 0x800094ac (0x0284a033)
core   0: 0x800094b0 (0x01a81e63) bne     a6, s10, pc + 28
core   0: 3 0x800094b0 (0x01a81e63)
core   0: 0x800094cc (0x000092da) c.add   t0, s6
core   0: 3 0x800094cc (0x92da) x5  0xfffffc69
core   0: 0x800094ce (0x01ef7a33) and     s4, t5, t5
core   0: 3 0x800094ce (0x01ef7a33) x20 0x00000000
core   0: 0x800094d2 (0x000066c1) c.lui   a3, 0x10
core   0: 3 0x800094d2 (0x66c1) x13 0x00010000
core   0: 0x800094d4 (0x000000b2) c.slli  ra, 12
core   0: 3 0x800094d4 (0x00b2) x1  0x4982d000
core   0: 0x800094d6 (0x02118663) beq     gp, ra, pc + 44
core   0: 3 0x800094d6 (0x02118663)
core   0: 0x800094da (0xe92eae93) slti    t4, t4, -366
core   0: 3 0x800094da (0xe92eae93) x29 0x00000000
core   0: 0x800094de (0x018d1e63) bne     s10, s8, pc + 28
core   0: 3 0x800094de (0x018d1e63)
core   0: 0x800094fa (0x00008f29) c.xor   a4, a0
core   0: 3 0x800094fa (0x8f29) x14 0x487b6c60
core   0: 0x800094fc (0x34039273) csrrw   tp, mscratch, t2
core   0: 3 0x800094fc (0x34039273) x4  0x80025dec c832_mscratch 0x7ffda1ab
core   0: 0x80009500 (0x00006a15) c.lui   s4, 0x5
core   0: 3 0x80009500 (0x6a15) x20 0x00005000
core   0: 0x80009502 (0x34026df3) csrrsi  s11, mscratch, 4
core   0: 3 0x80009502 (0x34026df3) x27 0x7ffda1ab c832_mscratch 0x7ffda1af
core   0: 0x80009506 (0x0000c109) c.beqz  a0, pc + 2
core   0: 3 0x80009506 (0xc109)
core   0: 0x80009508 (0x0ff0000f) fence   iorw,iorw
core   0: 3 0x80009508 (0x0ff0000f)
core   0: 0x8000950c (0x00000684) c.addi4spn s1, sp, 832
core   0: 3 0x8000950c (0x0684) x9  0x000004bb
core   0: 0x8000950e (0x340076f3) csrrci  a3, mscratch, 0
core   0: 3 0x8000950e (0x340076f3) x13 0x7ffda1af
core   0: 0x80009512 (0xe3bdf393) andi    t2, s11, -453
core   0: 3 0x80009512 (0xe3bdf393) x7  0x7ffda02b
core   0: 0x80009516 (0x006e1e93) slli    t4, t3, 6
core   0: 3 0x80009516 (0x006e1e93) x29 0x00973b00
core   0: 0x8000951a (0x027e2833) mulhsu  a6, t3, t2
core   0: 3 0x8000951a (0x027e2833) x16 0xc0025e5a
core   0: 0x8000951e (0x0ff0000f) fence   iorw,iorw
core   0: 3 0x8000951e (0x0ff0000f)
core   0: 0x80009522 (0x03dee733) rem     a4, t4, t4
core   0: 3 0x80009522 (0x03dee733) x14 0x00000000
core   0: 0x80009526 (0x00006159) c.addi16sp sp, 400
core   0: 3 0x80009526 (0x6159) x2  0x0000030b
core   0: 0x80009528 (0x00a2f663) bgeu    t0, a0, pc + 12
core   0: 3 0x80009528 (0x00a2f663)
core   0: 0x80009534 (0x03680a33) mul     s4, a6, s6
core   0: 3 0x80009534 (0x03680a33) x20 0xb77f4aea
core   0: 0x80009538 (0xdc864013) xori    zero, a2, -568
core   0: 3 0x80009538 (0xdc864013)
core   0: 0x8000953c (0x34007f73) csrrci  t5, mscratch, 0
core   0: 3 0x8000953c (0x34007f73) x30 0x7ffda1af
core   0: 0x80009540 (0x000086a9) c.srai  a3, 10
core   0: 3 0x80009540 (0x86a9) x13 0x001fff68
core   0: 0x80009542 (0x036e7233) remu    tp, t3, s6
core   0: 3 0x80009542 (0x036e7233) x4  0x80025cec
core   0: 0x80009546 (0x005240b3) xor     ra, tp, t0
core   0: 3 0x80009546 (0x005240b3) x1  0x7ffda085
core   0: 0x8000954a (0x00691db3) sll     s11, s2, t1
core   0: 3 0x8000954a (0x00691db3) x27 0x00000000
core   0: 0x8000954e (0x03630ab3) mul     s5, t1, s6
core   0: 3 0x8000954e (0x03630ab3) x21 0x00000000
core   0: 0x80009552 (0x00976833) or      a6, a4, s1
core   0: 3 0x80009552 (0x00976833) x16 0x000004bb
core   0: 0x80009556 (0x00009dd6) c.add   s11, s5
core   0: 3 0x80009556 (0x9dd6) x27 0x00000000
core   0: 0x80009558 (0x0000c819) c.beqz  s0, pc + 22
core   0: 3 0x80009558 (0xc819)
core   0: 0x8000956e (0x00001988) c.addi4spn a0, sp, 240
core   0: 3 0x8000956e (0x1988) x10 0x000003fb
core   0: 0x80009570 (0x01a11c63) bne     sp, s10, pc + 24
core   0: 3 0x80009570 (0x01a11c63)
core   0: 0x80009588 (0x96787813) andi    a6, a6, -1689
core   0: 3 0x80009588 (0x96787813) x16 0x00000023
core   0: 0x8000958c (0x00001a7d) c.addi  s4, -1
core   0: 3 0x8000958c (0x1a7d) x20 0xb77f4ae9
core   0: 0x8000958e (0x340e1cf3) csrrw   s9, mscratch, t3
core   0: 3 0x8000958e (0x340e1cf3) x25 0x7ffda1af c832_mscratch 0x80025cec
core   0: 0x80009592 (0x05936693) ori     a3, t1, 89
core   0: 3 0x80009592 (0x05936693) x13 0x00000059
core   0: 0x80009596 (0xf2ac3093) sltiu   ra, s8, -214
core   0: 3 0x80009596 (0xf2ac3093) x1  0x00000001
core   0: 0x8000959a (0x3408e9f3) csrrsi  s3, mscratch, 17
core   0: 3 0x8000959a (0x3408e9f3) x19 0x80025cec c832_mscratch 0x80025cfd
core   0: 0x8000959e (0x01c5a033) slt     zero, a1, t3
core   0: 3 0x8000959e (0x01c5a033)
core   0: 0x800095a2 (0x00000dc1) c.addi  s11, 16
core   0: 3 0x800095a2 (0x0dc1) x27 0x00000010
core   0: 0x800095a4 (0x0177dcb3) srl     s9, a5, s7
core   0: 3 0x800095a4 (0x0177dcb3) x25 0x00000180
core   0: 0x800095a8 (0x01068eb3) add     t4, a3, a6
core   0: 3 0x800095a8 (0x01068eb3) x29 0x0000007c
core   0: 0x800095ac (0x0000c69d) c.beqz  a3, pc + 46
core   0: 3 0x800095ac (0xc69d)
core   0: 0x800095ae (0x02464963) blt     a2, tp, pc + 50
core   0: 3 0x800095ae (0x02464963)
core   0: 0x800095b2 (0x01a75f33) srl     t5, a4, s10
core   0: 3 0x800095b2 (0x01a75f33) x30 0x00000000
core   0: 0x800095b6 (0x1b49b793) sltiu   a5, s3, 436
core   0: 3 0x800095b6 (0x1b49b793) x15 0x00000000
core   0: 0x800095ba (0xe040f797) auipc   a5, 0xe040f
core   0: 3 0x800095ba (0xe040f797) x15 0x604185ba
core   0: 0x800095be (0x02a09433) mulh    s0, ra, a0
core   0: 3 0x800095be (0x02a09433) x8  0x00000000
core   0: 0x800095c2 (0xe3d8ac97) auipc   s9, 0xe3d8a
core   0: 3 0x800095c2 (0xe3d8ac97) x25 0x63d935c2
core   0: 0x800095c6 (0x03dc61b3) rem     gp, s8, t4
core   0: 3 0x800095c6 (0x03dc61b3) x3  0x00000004
core   0: 0x800095ca (0xd0dc7093) andi    ra, s8, -755
core   0: 3 0x800095ca (0xd0dc7093) x1  0x00000004
core   0: 0x800095ce (0x340030f3) csrrc   ra, mscratch, zero
core   0: 3 0x800095ce (0x340030f3) x1  0x80025cfd
core   0: 0x800095d2 (0x00000001) c.nop
core   0: 3 0x800095d2 (0x0001)
core   0: 0x800095d4 (0x00008e66) c.mv    t3, s9
core   0: 3 0x800095d4 (0x8e66) x28 0x63d935c2
core   0: 0x800095d6 (0x340074f3) csrrci  s1, mscratch, 0
core   0: 3 0x800095d6 (0x340074f3) x9  0x80025cfd
core   0: 0x800095da (0x03538763) beq     t2, s5, pc + 46
core   0: 3 0x800095da (0x03538763)
core   0: 0x800095de (0x00008c25) c.xor   s0, s1
core   0: 3 0x800095de (0x8c25) x8  0x80025cfd
core   0: 0x800095e0 (0x34041df3) csrrw   s11, mscratch, s0
core   0: 3 0x800095e0 (0x34041df3) x27 0x80025cfd c832_mscratch 0x80025cfd
core   0: 0x800095e4 (0x0374fbb3) remu    s7, s1, s7
core   0: 3 0x800095e4 (0x0374fbb3) x23 0x80025cfd
core   0: 0x800095e8 (0x02b0d1b3) divu    gp, ra, a1
core   0: 3 0x800095e8 (0x02b0d1b3) x3  0x00000001
core   0: 0x800095ec (0x019eccb3) xor     s9, t4, s9
core   0: 3 0x800095ec (0x019eccb3) x25 0x63d935be
core   0: 0x800095f0 (0x00008c31) c.xor   s0, a2
core   0: 3 0x800095f0 (0x8c31) x8  0x80025cfd
core   0: 0x800095f2 (0x0000717d) c.addi16sp sp, -16
core   0: 3 0x800095f2 (0x717d) x2  0x000002fb
core   0: 0x800095f4 (0x00008f39) c.xor   a4, a4
core   0: 3 0x800095f4 (0x8f39) x14 0x00000000
core   0: 0x800095f6 (0x0341ed33) rem     s10, gp, s4
core   0: 3 0x800095f6 (0x0341ed33) x26 0x00000001
core   0: 0x800095fa (0x0000100f) fence.i
core   0: 3 0x800095fa (0x0000100f)
core   0: 0x800095fe (0x016bb0b3) sltu    ra, s7, s6
core   0: 3 0x800095fe (0x016bb0b3) x1  0x00000001
core   0: 0x80009602 (0x7c683893) sltiu   a7, a6, 1990
core   0: 3 0x80009602 (0x7c683893) x17 0x00000001
core   0: 0x80009606 (0x00008452) c.mv    s0, s4
core   0: 3 0x80009606 (0x8452) x8  0xb77f4ae9
core   0: 0x80009608 (0x41f053b3) sra     t2, zero, t6
core   0: 3 0x80009608 (0x41f053b3) x7  0x00000000
core   0: 0x8000960c (0x0ff0000f) fence   iorw,iorw
core   0: 3 0x8000960c (0x0ff0000f)
core   0: 0x80009610 (0x001b5463) bge     s6, ra, pc + 8
core   0: 3 0x80009610 (0x001b5463)
core   0: 0x80009614 (0x011d8e33) add     t3, s11, a7
core   0: 3 0x80009614 (0x011d8e33) x28 0x80025cfe
core   0: 0x80009618 (0x6ba47693) andi    a3, s0, 1722
core   0: 3 0x80009618 (0x6ba47693) x13 0x000002a8
core   0: 0x8000961c (0xd0d47a13) andi    s4, s0, -755
core   0: 3 0x8000961c (0xd0d47a13) x20 0xb77f4809
core   0: 0x80009620 (0x01415713) srli    a4, sp, 20
core   0: 3 0x80009620 (0x01415713) x14 0x00000000
core   0: 0x80009624 (0x0143bbb3) sltu    s7, t2, s4
core   0: 3 0x80009624 (0x0143bbb3) x23 0x00000001
core   0: 0x80009628 (0x340d2ef3) csrrs   t4, mscratch, s10
core   0: 3 0x80009628 (0x340d2ef3) x29 0x80025cfd c832_mscratch 0x80025cfd
core   0: 0x8000962c (0x000067cd) c.lui   a5, 0x13
core   0: 3 0x8000962c (0x67cd) x15 0x00013000
core   0: 0x8000962e (0x004900b3) add     ra, s2, tp
core   0: 3 0x8000962e (0x004900b3) x1  0x80025cec
core   0: 0x80009632 (0x01c29db3) sll     s11, t0, t3
core   0: 3 0x80009632 (0x01c29db3) x27 0x40000000
core   0: 0x80009636 (0x00008041) c.srli  s0, 16
core   0: 3 0x80009636 (0x8041) x8  0x0000b77f
core   0: 0x80009638 (0x01171633) sll     a2, a4, a7
core   0: 3 0x80009638 (0x01171633) x12 0x00000000
core   0: 0x8000963c (0x000066bd) c.lui   a3, 0xf
core   0: 3 0x8000963c (0x66bd) x13 0x0000f000
core   0: 0x8000963e (0x035fbbb3) mulhu   s7, t6, s5
core   0: 3 0x8000963e (0x035fbbb3) x23 0x00000000
core   0: 0x80009642 (0x01d4ae33) slt     t3, s1, t4
core   0: 3 0x80009642 (0x01d4ae33) x28 0x00000000
core   0: 0x80009646 (0x000e76b3) and     a3, t3, zero
core   0: 3 0x80009646 (0x000e76b3) x13 0x00000000
core   0: 0x8000964a (0x0000997d) c.andi  a0, -1
core   0: 3 0x8000964a (0x997d) x10 0x000003fb
core   0: 0x8000964c (0x00000694) c.addi4spn a3, sp, 832
core   0: 3 0x8000964c (0x0694) x13 0x0000063b
core   0: 0x8000964e (0x00009542) c.add   a0, a6
core   0: 3 0x8000964e (0x9542) x10 0x0000041e
core   0: 0x80009650 (0x9d0af493) andi    s1, s5, -1584
core   0: 3 0x80009650 (0x9d0af493) x9  0x00000000
core   0: 0x80009654 (0x00008f9d) c.sub   a5, a5
core   0: 3 0x80009654 (0x8f9d) x15 0x00000000
core   0: 0x80009656 (0xad7fe6ef) jal     a3, pc - 0x152a
core   0: 3 0x80009656 (0xad7fe6ef) x13 0x8000965a
core   0: 0x8000812c (0xa313f913) andi    s2, t2, -1487
core   0: 3 0x8000812c (0xa313f913) x18 0x00000000
core   0: 0x80008130 (0x000082f2) c.mv    t0, t3
core   0: 3 0x80008130 (0x82f2) x5  0x00000000
core   0: 0x80008132 (0x40fd8b33) sub     s6, s11, a5
core   0: 3 0x80008132 (0x40fd8b33) x22 0x40000000
core   0: 0x80008136 (0x01d39663) bne     t2, t4, pc + 12
core   0: 3 0x80008136 (0x01d39663)
core   0: 0x80008142 (0xfd458593) addi    a1, a1, -44
core   0: 3 0x80008142 (0xfd458593) x11 0x80021e2c
core   0: 0x80008146 (0x0000c1d4) c.sw    a3, 4(a1)
core   0: 3 0x80008146 (0xc1d4) mem 0x80021e30 0x8000965a
core   0: 0x80008148 (0x00000001) c.nop
core   0: 3 0x80008148 (0x0001)
core   0: 0x8000814a (0x340198f3) csrrw   a7, mscratch, gp
core   0: 3 0x8000814a (0x340198f3) x17 0x80025cfd c832_mscratch 0x00000001
core   0: 0x8000814e (0x03f14933) div     s2, sp, t6
core   0: 3 0x8000814e (0x03f14933) x18 0x00000000
core   0: 0x80008152 (0x0000c221) c.beqz  a2, pc + 64
core   0: 3 0x80008152 (0xc221)
core   0: 0x80008192 (0x032e9363) bne     t4, s2, pc + 38
core   0: 3 0x80008192 (0x032e9363)
core   0: 0x800081b8 (0x40e48c33) sub     s8, s1, a4
core   0: 3 0x800081b8 (0x40e48c33) x24 0x00000000
core   0: 0x800081bc (0x00dd5b93) srli    s7, s10, 13
core   0: 3 0x800081bc (0x00dd5b93) x23 0x00000000
core   0: 0x800081c0 (0x03b4cb63) blt     s1, s11, pc + 54
core   0: 3 0x800081c0 (0x03b4cb63)
core   0: 0x800081f6 (0x032997b3) mulh    a5, s3, s2
core   0: 3 0x800081f6 (0x032997b3) x15 0x00000000
core   0: 0x800081fa (0x000086f1) c.srai  a3, 28
core   0: 3 0x800081fa (0x86f1) x13 0xfffffff8
core   0: 0x800081fc (0x03609233) mulh    tp, ra, s6
core   0: 3 0x800081fc (0x03609233) x4  0xe000973b
core   0: 0x80008200 (0x00000798) c.addi4spn a4, sp, 960
core   0: 3 0x80008200 (0x0798) x14 0x000006bb
core   0: 0x80008202 (0x00000001) c.nop
core   0: 3 0x80008202 (0x0001)
core   0: 0x80008204 (0x340060f3) csrrsi  ra, mscratch, 0
core   0: 3 0x80008204 (0x340060f3) x1  0x00000001
core   0: 0x80008208 (0x3402d1f3) csrrwi  gp, mscratch, 5
core   0: 3 0x80008208 (0x3402d1f3) x3  0x00000001 c832_mscratch 0x00000005
core   0: 0x8000820c (0xfa292f13) slti    t5, s2, -94
core   0: 3 0x8000820c (0xfa292f13) x30 0x00000000
core   0: 0x80008210 (0x41bad533) sra     a0, s5, s11
core   0: 3 0x80008210 (0x41bad533) x10 0x00000000
core   0: 0x80008214 (0x029ce233) rem     tp, s9, s1
core   0: 3 0x80008214 (0x029ce233) x4  0x63d935be
core   0: 0x80008218 (0x340677f3) csrrci  a5, mscratch, 12
core   0: 3 0x80008218 (0x340677f3) x15 0x00000005 c832_mscratch 0x00000001
core   0: 0x8000821c (0x00151663) bne     a0, ra, pc + 12
core   0: 3 0x8000821c (0x00151663)
core   0: 0x80008228 (0x0000e2b9) c.bnez  a3, pc + 70
core   0: 3 0x80008228 (0xe2b9)
core   0: 0x8000826e (0x34003973) csrrc   s2, mscratch, zero
core   0: 3 0x8000826e (0x34003973) x18 0x00000001
core   0: 0x80008272 (0x5a0f0813) addi    a6, t5, 1440
core   0: 3 0x80008272 (0x5a0f0813) x16 0x000005a0
core   0: 0x80008276 (0x340dd1f3) csrrwi  gp, mscratch, 27
core   0: 3 0x80008276 (0x340dd1f3) x3  0x00000001 c832_mscratch 0x0000001b
core   0: 0x8000827a (0x02b98133) mul     sp, s3, a1
core   0: 3 0x8000827a (0x02b98133) x2  0x0123a090
core   0: 0x8000827e (0xa82aea93) ori     s5, s5, -1406
core   0: 3 0x8000827e (0xa82aea93) x21 0xfffffa82
core   0: 0x80008282 (0xd6cfbc97) auipc   s9, 0xd6cfb
core   0: 3 0x80008282 (0xd6cfbc97) x25 0x56d03282
core   0: 0x80008286 (0x00008efd) c.and   a3, a5
core   0: 3 0x80008286 (0x8efd) x13 0x00000000
core   0: 0x80008288 (0x000087f2) c.mv    a5, t3
core   0: 3 0x80008288 (0x87f2) x15 0x00000000
core   0: 0x8000828a (0x03a466b3) rem     a3, s0, s10
core   0: 3 0x8000828a (0x03a466b3) x13 0x00000000
core   0: 0x8000828e (0x0087c3b3) xor     t2, a5, s0
core   0: 3 0x8000828e (0x0087c3b3) x7  0x0000b77f
core   0: 0x80008292 (0xf9011e37) lui     t3, 0xf9011
core   0: 3 0x80008292 (0xf9011e37) x28 0xf9011000
core   0: 0x80008296 (0x00107133) and     sp, zero, ra
core   0: 3 0x80008296 (0x00107133) x2  0x00000000
core   0: 0x8000829a (0x0000e115) c.bnez  a0, pc + 36
core   0: 3 0x8000829a (0xe115)
core   0: 0x8000829c (0x004fbb33) sltu    s6, t6, tp
core   0: 3 0x8000829c (0x004fbb33) x22 0x00000000
core   0: 0x800082a0 (0x00000001) c.nop
core   0: 3 0x800082a0 (0x0001)
core   0: 0x800082a2 (0xc4c56e13) ori     t3, a0, -948
core   0: 3 0x800082a2 (0xc4c56e13) x28 0xfffffc4c
core   0: 0x800082a6 (0x020190b3) mulh    ra, gp, zero
core   0: 3 0x800082a6 (0x020190b3) x1  0x00000000
core   0: 0x800082aa (0x01d19133) sll     sp, gp, t4
core   0: 3 0x800082aa (0x01d19133) x2  0x20000000
core   0: 0x800082ae (0x0000ef91) c.bnez  a5, pc + 28
core   0: 3 0x800082ae (0xef91)
core   0: 0x800082b0 (0x01dbceb3) xor     t4, s7, t4
core   0: 3 0x800082b0 (0x01dbceb3) x29 0x80025cfd
core   0: 0x800082b4 (0xb55f7e97) auipc   t4, 0xb55f7
core   0: 3 0x800082b4 (0xb55f7e97) x29 0x355ff2b4
core   0: 0x800082b8 (0x00009ebe) c.add   t4, a5
core   0: 3 0x800082b8 (0x9ebe) x29 0x355ff2b4
core   0: 0x800082ba (0xc022a693) slti    a3, t0, -1022
core   0: 3 0x800082ba (0xc022a693) x13 0x00000000
core   0: 0x800082be (0x01386a33) or      s4, a6, s3
core   0: 3 0x800082be (0x01386a33) x20 0x80025dec
core   0: 0x800082c2 (0x00006131) c.addi16sp sp, 320
core   0: 3 0x800082c2 (0x6131) x2  0x20000140
core   0: 0x800082c4 (0x02027d63) bgeu    tp, zero, pc + 58
core   0: 3 0x800082c4 (0x02027d63)
core   0: 0x800082fe (0x021b4a33) div     s4, s6, ra
core   0: 3 0x800082fe (0x021b4a33) x20 0xffffffff
core   0: 0x80008302 (0x00d130b3) sltu    ra, sp, a3
core   0: 3 0x80008302 (0x00d130b3) x1  0x00000000
core   0: 0x80008306 (0x03046ab3) rem     s5, s0, a6
core   0: 3 0x80008306 (0x03046ab3) x21 0x0000037f
core   0: 0x8000830a (0xa26dc217) auipc   tp, 0xa26dc
core   0: 3 0x8000830a (0xa26dc217) x4  0x226e430a
core   0: 0x8000830e (0x00989393) slli    t2, a7, 9
core   0: 3 0x8000830e (0x00989393) x7  0x04b9fa00
core   0: 0x80008312 (0x00000446) c.slli  s0, 17
core   0: 3 0x80008312 (0x0446) x8  0x6efe0000
core   0: 0x80008314 (0x0000e295) c.bnez  a3, pc + 36
core   0: 3 0x80008314 (0xe295)
core   0: 0x80008316 (0x00d822b3) slt     t0, a6, a3
core   0: 3 0x80008316 (0x00d822b3) x5  0x00000000
core   0: 0x8000831a (0x027833b3) mulhu   t2, a6, t2
core   0: 3 0x8000831a (0x027833b3) x7  0x0000001a
core   0: 0x8000831e (0x340358f3) csrrwi  a7, mscratch, 6
core   0: 3 0x8000831e (0x340358f3) x17 0x0000001b c832_mscratch 0x00000006
core   0: 0x80008322 (0x00000b59) c.addi  s6, 22
core   0: 3 0x80008322 (0x0b59) x22 0x00000016
core   0: 0x80008324 (0x03f5b933) mulhu   s2, a1, t6
core   0: 3 0x80008324 (0x03f5b933) x18 0x40023d8d
core   0: 0x80008328 (0x000068fd) c.lui   a7, 0x1f
core   0: 3 0x80008328 (0x68fd) x17 0x0001f000
core   0: 0x8000832a (0x340cb873) csrrc   a6, mscratch, s9
core   0: 3 0x8000832a (0x340cb873) x16 0x00000006 c832_mscratch 0x00000004
core   0: 0x8000832e (0x006a8e63) beq     s5, t1, pc + 28
core   0: 3 0x8000832e (0x006a8e63)
core   0: 0x80008332 (0xa7b7ae37) lui     t3, 0xa7b7a
core   0: 3 0x80008332 (0xa7b7ae37) x28 0xa7b7a000
core   0: 0x80008336 (0x0000890d) c.andi  a0, 3
core   0: 3 0x80008336 (0x890d) x10 0x00000000
core   0: 0x80008338 (0x00d29533) sll     a0, t0, a3
core   0: 3 0x80008338 (0x00d29533) x10 0x00000000
core   0: 0x8000833c (0x018b02b3) add     t0, s6, s8
core   0: 3 0x8000833c (0x018b02b3) x5  0x00000016
core   0: 0x80008340 (0x3407f4f3) csrrci  s1, mscratch, 15
core   0: 3 0x80008340 (0x3407f4f3) x9  0x00000004 c832_mscratch 0x00000000
core   0: 0x80008344 (0x41ecd913) srai    s2, s9, 30
core   0: 3 0x80008344 (0x41ecd913) x18 0x00000001
core   0: 0x80008348 (0x0000717d) c.addi16sp sp, -16
core   0: 3 0x80008348 (0x717d) x2  0x20000130
core   0: 0x8000834a (0x34081ef3) csrrw   t4, mscratch, a6
core   0: 3 0x8000834a (0x34081ef3) x29 0x00000000 c832_mscratch 0x00000006
core   0: 0x8000834e (0x03dcbdb3) mulhu   s11, s9, t4
core   0: 3 0x8000834e (0x03dcbdb3) x27 0x00000000
core   0: 0x80008352 (0x0000e01d) c.bnez  s0, pc + 38
core   0: 3 0x80008352 (0xe01d)
core   0: 0x80008378 (0x0337e733) rem     a4, a5, s3
core   0: 3 0x80008378 (0x0337e733) x14 0x00000000
core   0: 0x8000837c (0x00009e1a) c.add   t3, t1
core   0: 3 0x8000837c (0x9e1a) x28 0xa7b7a000
core   0: 0x8000837e (0x34003073) csrc    mscratch, zero
core   0: 3 0x8000837e (0x34003073)
core   0: 0x80008382 (0x00e7d4b3) srl     s1, a5, a4
core   0: 3 0x80008382 (0x00e7d4b3) x9  0x00000000
core   0: 0x80008386 (0x340072f3) csrrci  t0, mscratch, 0
core   0: 3 0x80008386 (0x340072f3) x5  0x00000006
core   0: 0x8000838a (0x022813b3) mulh    t2, a6, sp
core   0: 3 0x8000838a (0x022813b3) x7  0x00000000
core   0: 0x8000838e (0x0000059c) c.addi4spn a5, sp, 704
core   0: 3 0x8000838e (0x059c) x15 0x200003f0
core   0: 0x80008390 (0x00e341b3) xor     gp, t1, a4
core   0: 3 0x80008390 (0x00e341b3) x3  0x00000000
core   0: 0x80008394 (0x00006205) c.lui   tp, 0x1
core   0: 3 0x80008394 (0x6205) x4  0x00001000
core   0: 0x80008396 (0x00006111) c.addi16sp sp, 256
core   0: 3 0x80008396 (0x6111) x2  0x20000230
core   0: 0x80008398 (0x03be18b3) mulh    a7, t3, s11
core   0: 3 0x80008398 (0x03be18b3) x17 0x00000000
core   0: 0x8000839c (0x0000ee1d) c.bnez  a2, pc + 62
core   0: 3 0x8000839c (0xee1d)
core   0: 0x8000839e (0x340b7c73) csrrci  s8, mscratch, 22
core   0: 3 0x8000839e (0x340b7c73) x24 0x00000006 c832_mscratch 0x00000000
core   0: 0x800083a2 (0x00c9d093) srli    ra, s3, 12
core   0: 3 0x800083a2 (0x00c9d093) x1  0x00080025
core   0: 0x800083a6 (0x006d9817) auipc   a6, 0x6d9
core   0: 3 0x800083a6 (0x006d9817) x16 0x806e13a6
core   0: 0x800083aa (0x869f4b93) xori    s7, t5, -1943
core   0: 3 0x800083aa (0x869f4b93) x23 0xfffff869
core   0: 0x800083ae (0xc84ba897) auipc   a7, 0xc84ba
core   0: 3 0x800083ae (0xc84ba897) x17 0x484c23ae
core   0: 0x800083b2 (0xceccdb17) auipc   s6, 0xceccd
core   0: 3 0x800083b2 (0xceccdb17) x22 0x4ecd53b2
core   0: 0x800083b6 (0x000097de) c.add   a5, s7
core   0: 3 0x800083b6 (0x97de) x15 0x1ffffc59
core   0: 0x800083b8 (0x34003573) csrrc   a0, mscratch, zero
core   0: 3 0x800083b8 (0x34003573) x10 0x00000000
core   0: 0x800083bc (0x3405dd73) csrrwi  s10, mscratch, 11
core   0: 3 0x800083bc (0x3405dd73) x26 0x00000000 c832_mscratch 0x0000000b
core   0: 0x800083c0 (0x000082ad) c.srli  a3, 11
core   0: 3 0x800083c0 (0x82ad) x13 0x00000000
core   0: 0x800083c2 (0x00008799) c.srai  a5, 6
core   0: 3 0x800083c2 (0x8799) x15 0x007ffff1
core   0: 0x800083c4 (0x044bc463) blt     s7, tp, pc + 72
core   0: 3 0x800083c4 (0x044bc463)
core   0: 0x8000840c (0x00008c5d) c.or    s0, a5
core   0: 3 0x8000840c (0x8c5d) x8  0x6efffff1
core   0: 0x8000840e (0x037767b3) rem     a5, a4, s7
core   0: 3 0x8000840e (0x037767b3) x15 0x00000000
core   0: 0x80008412 (0x0362b7b3) mulhu   a5, t0, s6
core   0: 3 0x80008412 (0x0362b7b3) x15 0x00000001
core   0: 0x80008416 (0x41d7d913) srai    s2, a5, 29
core   0: 3 0x80008416 (0x41d7d913) x18 0x00000000
core   0: 0x8000841a (0x00510033) add     zero, sp, t0
core   0: 3 0x8000841a (0x00510033)
core   0: 0x8000841e (0x0258e863) bltu    a7, t0, pc + 48
core   0: 3 0x8000841e (0x0258e863)
core   0: 0x80008422 (0x0000987d) c.andi  s0, -1
core   0: 3 0x80008422 (0x987d) x8  0x6efffff1
core   0: 0x80008424 (0x005baab3) slt     s5, s7, t0
core   0: 3 0x80008424 (0x005baab3) x21 0x00000001
core   0: 0x80008428 (0x70953e13) sltiu   t3, a0, 1801
core   0: 3 0x80008428 (0x70953e13) x28 0x00000001
core   0: 0x8000842c (0x00008b56) c.mv    s6, s5
core   0: 3 0x8000842c (0x8b56) x22 0x00000001
core   0: 0x8000842e (0x000084a1) c.srai  s1, 8
core   0: 3 0x8000842e (0x84a1) x9  0x00000000
core   0: 0x80008430 (0x01731893) slli    a7, t1, 23
core   0: 3 0x80008430 (0x01731893) x17 0x00000000
core   0: 0x80008434 (0x02f10e63) beq     sp, a5, pc + 60
core   0: 3 0x80008434 (0x02f10e63)
core   0: 0x80008438 (0x1e53cc17) auipc   s8, 0x1e53c
core   0: 3 0x80008438 (0x1e53cc17) x24 0x9e544438
core   0: 0x8000843c (0x000084cd) c.srai  s1, 19
core   0: 3 0x8000843c (0x84cd) x9  0x00000000
core   0: 0x8000843e (0x00cfd113) srli    sp, t6, 12
core   0: 3 0x8000843e (0x00cfd113) x2  0x00080025
core   0: 0x80008442 (0x02e0a933) mulhsu  s2, ra, a4
core   0: 3 0x80008442 (0x02e0a933) x18 0x00000000
core   0: 0x80008446 (0x03d7f033) remu    zero, a5, t4
core   0: 3 0x80008446 (0x03d7f033)
core   0: 0x8000844a (0x00008399) c.srli  a5, 6
core   0: 3 0x8000844a (0x8399) x15 0x00000000
core   0: 0x8000844c (0x00009eea) c.add   t4, s10
core   0: 3 0x8000844c (0x9eea) x29 0x00000000
core   0: 0x8000844e (0x01889ab3) sll     s5, a7, s8
core   0: 3 0x8000844e (0x01889ab3) x21 0x00000000
core   0: 0x80008452 (0x340db7f3) csrrc   a5, mscratch, s11
core   0: 3 0x80008452 (0x340db7f3) x15 0x0000000b c832_mscratch 0x0000000b
core   0: 0x80008456 (0x0000089a) c.slli  a7, 6
core   0: 3 0x80008456 (0x089a) x17 0x00000000
core   0: 0x80008458 (0x00006111) c.addi16sp sp, 256
core   0: 3 0x80008458 (0x6111) x2  0x00080125
core   0: 0x8000845a (0x039110b3) mulh    ra, sp, s9
core   0: 3 0x8000845a (0x039110b3) x1  0x0002b6e4
core   0: 0x8000845e (0x00008f31) c.xor   a4, a2
core   0: 3 0x8000845e (0x8f31) x14 0x00000000
core   0: 0x80008460 (0x03f2a133) mulhsu  sp, t0, t6
core   0: 3 0x80008460 (0x03f2a133) x2  0x00000003
core   0: 0x80008464 (0x01d01f13) slli    t5, zero, 29
core   0: 3 0x80008464 (0x01d01f13) x30 0x00000000
core   0: 0x80008468 (0x000044e1) c.li    s1, 24
core   0: 3 0x80008468 (0x44e1) x9  0x00000018
core   0: 0x8000846a (0x007631b3) sltu    gp, a2, t2
core   0: 3 0x8000846a (0x007631b3) x3  0x00000000
core   0: 0x8000846e (0x00008ec5) c.or    a3, s1
core   0: 3 0x8000846e (0x8ec5) x13 0x00000018
core   0: 0x80008470 (0x419451b3) sra     gp, s0, s9
core   0: 3 0x80008470 (0x419451b3) x3  0x1bbffffc
core   0: 0x80008474 (0x00001490) c.addi4spn a2, sp, 608
core   0: 3 0x80008474 (0x1490) x12 0x00000263
core   0: 0x80008476 (0x00000001) c.nop
core   0: 3 0x80008476 (0x0001)
core   0: 0x80008478 (0x3403dcf3) csrrwi  s9, mscratch, 7
core   0: 3 0x80008478 (0x3403dcf3) x25 0x0000000b c832_mscratch 0x00000007
core   0: 0x8000847c (0x8c624c93) xori    s9, tp, -1850
core   0: 3 0x8000847c (0x8c624c93) x25 0xffffe8c6
core   0: 0x80008480 (0x00c67eb3) and     t4, a2, a2
core   0: 3 0x80008480 (0x00c67eb3) x29 0x00000263
core   0: 0x80008484 (0x00000819) c.addi  a6, 6
core   0: 3 0x80008484 (0x0819) x16 0x806e13ac
core   0: 0x80008486 (0x02824233) div     tp, tp, s0
core   0: 3 0x80008486 (0x02824233) x4  0x00000000
core   0: 0x8000848a (0x00008259) c.srli  a2, 22
core   0: 3 0x8000848a (0x8259) x12 0x00000000
core   0: 0x8000848c (0x02a20eb3) mul     t4, tp, a0
core   0: 3 0x8000848c (0x02a20eb3) x29 0x00000000
core   0: 0x80008490 (0x3407b0f3) csrrc   ra, mscratch, a5
core   0: 3 0x80008490 (0x3407b0f3) x1  0x00000007 c832_mscratch 0x00000004
core   0: 0x80008494 (0x0000100f) fence.i
core   0: 3 0x80008494 (0x0000100f)
core   0: 0x80008498 (0x0162cab3) xor     s5, t0, s6
core   0: 3 0x80008498 (0x0162cab3) x21 0x00000007
core   0: 0x8000849c (0x00008259) c.srli  a2, 22
core   0: 3 0x8000849c (0x8259) x12 0x00000000
core   0: 0x8000849e (0x00543933) sltu    s2, s0, t0
core   0: 3 0x8000849e (0x00543933) x18 0x00000000
core   0: 0x800084a2 (0x00008859) c.andi  s0, 22
core   0: 3 0x800084a2 (0x8859) x8  0x00000010
core   0: 0x800084a4 (0x020e7b33) remu    s6, t3, zero
core   0: 3 0x800084a4 (0x020e7b33) x22 0x00000001
core   0: 0x800084a8 (0x410ddcb3) sra     s9, s11, a6
core   0: 3 0x800084a8 (0x410ddcb3) x25 0x00000000
core   0: 0x800084ac (0x0231cf33) div     t5, gp, gp
core   0: 3 0x800084ac (0x0231cf33) x30 0x00000001
core   0: 0x800084b0 (0x01621d63) bne     tp, s6, pc + 26
core   0: 3 0x800084b0 (0x01621d63)
core   0: 0x800084ca (0x340038f3) csrrc   a7, mscratch, zero
core   0: 3 0x800084ca (0x340038f3) x17 0x00000004
core   0: 0x800084ce (0x340eab73) csrrs   s6, mscratch, t4
core   0: 3 0x800084ce (0x340eab73) x22 0x00000004 c832_mscratch 0x00000004
core   0: 0x800084d2 (0x79647e13) andi    t3, s0, 1942
core   0: 3 0x800084d2 (0x79647e13) x28 0x00000010
core   0: 0x800084d6 (0x41eed293) srai    t0, t4, 30
core   0: 3 0x800084d6 (0x41eed293) x5  0x00000000
core   0: 0x800084da (0x03da5b63) bge     s4, t4, pc + 54
core   0: 3 0x800084da (0x03da5b63)
core   0: 0x800084de (0x34006d73) csrrsi  s10, mscratch, 0
core   0: 3 0x800084de (0x34006d73) x26 0x00000004
core   0: 0x800084e2 (0x86c67213) andi    tp, a2, -1940
core   0: 3 0x800084e2 (0x86c67213) x4  0x00000000
core   0: 0x800084e6 (0x01dcd563) bge     s9, t4, pc + 10
core   0: 3 0x800084e6 (0x01dcd563)
core   0: 0x800084f0 (0x3409f7f3) csrrci  a5, mscratch, 19
core   0: 3 0x800084f0 (0x3409f7f3) x15 0x00000004 c832_mscratch 0x00000004
core   0: 0x800084f4 (0x41848133) sub     sp, s1, s8
core   0: 3 0x800084f4 (0x41848133) x2  0x61abbbe0
core   0: 0x800084f8 (0x34002173) csrr    sp, mscratch
core   0: 3 0x800084f8 (0x34002173) x2  0x00000004
core   0: 0x800084fc (0x40508f33) sub     t5, ra, t0
core   0: 3 0x800084fc (0x40508f33) x30 0x00000007
core   0: 0x80008500 (0x00008c25) c.xor   s0, s1
core   0: 3 0x80008500 (0x8c25) x8  0x00000008
core   0: 0x80008502 (0x00000001) c.nop
core   0: 3 0x80008502 (0x0001)
core   0: 0x80008504 (0x00008f45) c.or    a4, s1
core   0: 3 0x80008504 (0x8f45) x14 0x00000018
core   0: 0x80008506 (0x00009c06) c.add   s8, ra
core   0: 3 0x80008506 (0x9c06) x24 0x9e54443f
core   0: 0x80008508 (0xd1f8c893) xori    a7, a7, -737
core   0: 3 0x80008508 (0xd1f8c893) x17 0xfffffd1b
core   0: 0x8000850c (0xdd14e4b7) lui     s1, 0xdd14e
core   0: 3 0x8000850c (0xdd14e4b7) x9  0xdd14e000
core   0: 0x80008510 (0x032794b3) mulh    s1, a5, s2
core   0: 3 0x80008510 (0x032794b3) x9  0x00000000
core   0: 0x80008514 (0x0000100f) fence.i
core   0: 3 0x80008514 (0x0000100f)
core   0: 0x80008518 (0x509efa13) andi    s4, t4, 1289
core   0: 3 0x80008518 (0x509efa13) x20 0x00000000
core   0: 0x8000851c (0x036332b3) mulhu   t0, t1, s6
core   0: 3 0x8000851c (0x036332b3) x5  0x00000000
core   0: 0x80008520 (0x02dcc233) div     tp, s9, a3
core   0: 3 0x80008520 (0x02dcc233) x4  0x00000000
core   0: 0x80008524 (0x0103f233) and     tp, t2, a6
core   0: 3 0x80008524 (0x0103f233) x4  0x00000000
core   0: 0x80008528 (0x00006c9d) c.lui   s9, 0x7
core   0: 3 0x80008528 (0x6c9d) x25 0x00007000
core   0: 0x8000852a (0x340a5df3) csrrwi  s11, mscratch, 20
core   0: 3 0x8000852a (0x340a5df3) x27 0x00000004 c832_mscratch 0x00000014
core   0: 0x8000852e (0x34077e73) csrrci  t3, mscratch, 14
core   0: 3 0x8000852e (0x34077e73) x28 0x00000014 c832_mscratch 0x00000010
core   0: 0x80008532 (0x006bc8b3) xor     a7, s7, t1
core   0: 3 0x80008532 (0x006bc8b3) x17 0xfffff869
core   0: 0x80008536 (0x340267f3) csrrsi  a5, mscratch, 4
core   0: 3 0x80008536 (0x340267f3) x15 0x00000010 c832_mscratch 0x00000014
core   0: 0x8000853a (0x029ed363) bge     t4, s1, pc + 38
core   0: 3 0x8000853a (0x029ed363)
core   0: 0x80008560 (0x34006673) csrrsi  a2, mscratch, 0
core   0: 3 0x80008560 (0x34006673) x12 0x00000014
core   0: 0x80008564 (0x02d869b3) rem     s3, a6, a3
core   0: 3 0x80008564 (0x02d869b3) x19 0xfffffffc
core   0: 0x80008568 (0xb9154b93) xori    s7, a0, -1135
core   0: 3 0x80008568 (0xb9154b93) x23 0xfffffb91
core   0: 0x8000856c (0x00008bfa) c.mv    s7, t5
core   0: 3 0x8000856c (0x8bfa) x23 0x00000007
core   0: 0x8000856e (0x0000717d) c.addi16sp sp, -16
core   0: 3 0x8000856e (0x717d) x2  0xfffffff4
core   0: 0x80008570 (0x000041d4) c.lw    a3, 4(a1)
core   0: 3 0x80008570 (0x41d4) x13 0x8000965a mem 0x80021e30
core   0: 0x80008572 (0x3404df73) csrrwi  t5, mscratch, 9
core   0: 3 0x80008572 (0x3404df73) x30 0x00000014 c832_mscratch 0x00000009
core   0: 0x80008576 (0x29597f13) andi    t5, s2, 661
core   0: 3 0x80008576 (0x29597f13) x30 0x00000000
core   0: 0x8000857a (0x00008415) c.srai  s0, 5
core   0: 3 0x8000857a (0x8415) x8  0x00000000
core   0: 0x8000857c (0x0048c733) xor     a4, a7, tp
core   0: 3 0x8000857c (0x0048c733) x14 0xfffff869
core   0: 0x80008580 (0x02c58593) addi    a1, a1, 44
core   0: 3 0x80008580 (0x02c58593) x11 0x80021e58
core   0: 0x80008584 (0x03e163b3) rem     t2, sp, t5
core   0: 3 0x80008584 (0x03e163b3) x7  0xfffffff4
core   0: 0x80008588 (0x00168a93) addi    s5, a3, 1
core   0: 3 0x80008588 (0x00168a93) x21 0x8000965b
core   0: 0x8000858c (0x00008a82) c.jr    s5
core   0: 3 0x8000858c (0x8a82)
core   0: 0x8000965a (0x000009c6) c.slli  s3, 17
core   0: 3 0x8000965a (0x09c6) x19 0xfff80000
core   0: 0x8000965c (0x0000613d) c.addi16sp sp, 480
core   0: 3 0x8000965c (0x613d) x2  0x000001d4
core   0: 0x8000965e (0x01ff9c13) slli    s8, t6, 31
core   0: 3 0x8000965e (0x01ff9c13) x24 0x00000000
core   0: 0x80009662 (0xf22e4f13) xori    t5, t3, -222
core   0: 3 0x80009662 (0xf22e4f13) x30 0xffffff36
core   0: 0x80009666 (0x4061d733) sra     a4, gp, t1
core   0: 3 0x80009666 (0x4061d733) x14 0x1bbffffc
core   0: 0x8000966a (0x00006dc5) c.lui   s11, 0x11
core   0: 3 0x8000966a (0x6dc5) x27 0x00011000
core   0: 0x8000966c (0x00008869) c.andi  s0, 26
core   0: 3 0x8000966c (0x8869) x8  0x00000000
core   0: 0x8000966e (0x7e532997) auipc   s3, 0x7e532
core   0: 3 0x8000966e (0x7e532997) x19 0xfe53b66e
core   0: 0x80009672 (0x00a5dd63) bge     a1, a0, pc + 26
core   0: 3 0x80009672 (0x00a5dd63)
core   0: 0x80009676 (0x036dd563) bge     s11, s6, pc + 42
core   0: 3 0x80009676 (0x036dd563)
core   0: 0x800096a0 (0x34003673) csrrc   a2, mscratch, zero
core   0: 3 0x800096a0 (0x34003673) x12 0x00000009
core   0: 0x800096a4 (0x02f57bb3) remu    s7, a0, a5
core   0: 3 0x800096a4 (0x02f57bb3) x23 0x00000000
core   0: 0x800096a8 (0x000082b9) c.srli  a3, 14
core   0: 3 0x800096a8 (0x82b9) x13 0x00020002
core   0: 0x800096aa (0x03293633) mulhu   a2, s2, s2
core   0: 3 0x800096aa (0x03293633) x12 0x00000000
core   0: 0x800096ae (0x00004f01) c.li    t5, 0
core   0: 3 0x800096ae (0x4f01) x30 0x00000000
core   0: 0x800096b0 (0xe0ad8297) auipc   t0, 0xe0ad8
core   0: 3 0x800096b0 (0xe0ad8297) x5  0x60ae16b0
core   0: 0x800096b4 (0xf39cfa13) andi    s4, s9, -199
core   0: 3 0x800096b4 (0xf39cfa13) x20 0x00007000
core   0: 0x800096b8 (0x340070f3) csrrci  ra, mscratch, 0
core   0: 3 0x800096b8 (0x340070f3) x1  0x00000009
core   0: 0x800096bc (0x00009bfd) c.andi  a5, -1
core   0: 3 0x800096bc (0x9bfd) x15 0x00000010
core   0: 0x800096be (0x340829f3) csrrs   s3, mscratch, a6
core   0: 3 0x800096be (0x340829f3) x19 0x00000009 c832_mscratch 0x806e13ad
core   0: 0x800096c2 (0x01d9da33) srl     s4, s3, t4
core   0: 3 0x800096c2 (0x01d9da33) x20 0x00000009
core   0: 0x800096c6 (0x84d84213) xori    tp, a6, -1971
core   0: 3 0x800096c6 (0x84d84213) x4  0x7f91ebe1
core   0: 0x800096ca (0xd036ae13) slti    t3, a3, -765
core   0: 3 0x800096ca (0xd036ae13) x28 0x00000000
core   0: 0x800096ce (0x3633b997) auipc   s3, 0x3633b
core   0: 3 0x800096ce (0x3633b997) x19 0xb63446ce
core   0: 0x800096d2 (0x025a6963) bltu    s4, t0, pc + 50
core   0: 3 0x800096d2 (0x025a6963)
core   0: 0x80009704 (0x03b67c93) andi    s9, a2, 59
core   0: 3 0x80009704 (0x03b67c93) x25 0x00000000
core   0: 0x80009708 (0x0000717d) c.addi16sp sp, -16
core   0: 3 0x80009708 (0x717d) x2  0x000001c4
core   0: 0x8000970a (0x89b06413) ori     s0, zero, -1893
core   0: 3 0x8000970a (0x89b06413) x8  0xfffff89b
core   0: 0x8000970e (0x00008ca1) c.xor   s1, s0
core   0: 3 0x8000970e (0x8ca1) x9  0xfffff89b
core   0: 0x80009710 (0x34017473) csrrci  s0, mscratch, 2
core   0: 3 0x80009710 (0x34017473) x8  0x806e13ad c832_mscratch 0x806e13ad
core   0: 0x80009714 (0x0226bb33) mulhu   s6, a3, sp
core   0: 3 0x80009714 (0x0226bb33) x22 0x00000000
core   0: 0x80009718 (0x3249fb93) andi    s7, s3, 804
core   0: 3 0x80009718 (0x3249fb93) x23 0x00000204
core   0: 0x8000971c (0x0ff0000f) fence   iorw,iorw
core   0: 3 0x8000971c (0x0ff0000f)
core   0: 0x80009720 (0x1f84bf17) auipc   t5, 0x1f84b
core   0: 3 0x80009720 (0x1f84bf17) x30 0x9f854720
core   0: 0x80009724 (0x4386e613) ori     a2, a3, 1080
core   0: 3 0x80009724 (0x4386e613) x12 0x0002043a
core   0: 0x80009728 (0x3403d9f3) csrrwi  s3, mscratch, 7
core   0: 3 0x80009728 (0x3403d9f3) x19 0x806e13ad c832_mscratch 0x00000007
core   0: 0x8000972c (0x45312613) slti    a2, sp, 1107
core   0: 3 0x8000972c (0x45312613) x12 0x00000001
core   0: 0x80009730 (0x41910233) sub     tp, sp, s9
core   0: 3 0x80009730 (0x41910233) x4  0x000001c4
core   0: 0x80009734 (0x021bb233) mulhu   tp, s7, ra
core   0: 3 0x80009734 (0x021bb233) x4  0x00000000
core   0: 0x80009738 (0x340c1af3) csrrw   s5, mscratch, s8
core   0: 3 0x80009738 (0x340c1af3) x21 0x00000007 c832_mscratch 0x00000000
core   0: 0x8000973c (0x34095773) csrrwi  a4, mscratch, 18
core   0: 3 0x8000973c (0x34095773) x14 0x00000000 c832_mscratch 0x00000012
core   0: 0x80009740 (0x0000e499) c.bnez  s1, pc + 14
core   0: 3 0x80009740 (0xe499)
core   0: 0x8000974e (0x00de7e33) and     t3, t3, a3
core   0: 3 0x8000974e (0x00de7e33) x28 0x00000000
core   0: 0x80009752 (0xd8cdfb97) auipc   s7, 0xd8cdf
core   0: 3 0x80009752 (0xd8cdfb97) x23 0x58ce8752
core   0: 0x80009756 (0x00008e7d) c.and   a2, a5
core   0: 3 0x80009756 (0x8e7d) x12 0x00000000
core   0: 0x80009758 (0x00008e11) c.sub   a2, a2
core   0: 3 0x80009758 (0x8e11) x12 0x00000000
core   0: 0x8000975a (0x038be033) rem     zero, s7, s8
core   0: 3 0x8000975a (0x038be033)
core   0: 0x8000975e (0x05cbc193) xori    gp, s7, 92
core   0: 3 0x8000975e (0x05cbc193) x3  0x58ce870e
core   0: 0x80009762 (0x03dc5733) divu    a4, s8, t4
core   0: 3 0x80009762 (0x03dc5733) x14 0xffffffff
core   0: 0x80009766 (0x030dc7b3) div     a5, s11, a6
core   0: 3 0x80009766 (0x030dc7b3) x15 0x00000000
core   0: 0x8000976a (0x02d860b3) rem     ra, a6, a3
core   0: 3 0x8000976a (0x02d860b3) x1  0xfffe933c
core   0: 0x8000976e (0x0284aeb3) mulhsu  t4, s1, s0
core   0: 3 0x8000976e (0x0284aeb3) x29 0xfffffc4a
core   0: 0x80009772 (0x02e490b3) mulh    ra, s1, a4
core   0: 3 0x80009772 (0x02e490b3) x1  0x00000000
core   0: 0x80009776 (0x037b24b3) mulhsu  s1, s6, s7
core   0: 3 0x80009776 (0x037b24b3) x9  0x00000000
core   0: 0x8000977a (0x0068f6b3) and     a3, a7, t1
core   0: 3 0x8000977a (0x0068f6b3) x13 0x00000000
core   0: 0x8000977e (0x34003673) csrrc   a2, mscratch, zero
core   0: 3 0x8000977e (0x34003673) x12 0x00000012
core   0: 0x80009782 (0x482ba493) slti    s1, s7, 1154
core   0: 3 0x80009782 (0x482ba493) x9  0x00000000
core   0: 0x80009786 (0x03910233) mul     tp, sp, s9
core   0: 3 0x80009786 (0x03910233) x4  0x00000000
core   0: 0x8000978a (0x1378ac13) slti    s8, a7, 311
core   0: 3 0x8000978a (0x1378ac13) x24 0x00000001
core   0: 0x8000978e (0x02a94363) blt     s2, a0, pc + 38
core   0: 3 0x8000978e (0x02a94363)
core   0: 0x80009792 (0x9a828737) lui     a4, 0x9a828
core   0: 3 0x80009792 (0x9a828737) x14 0x9a828000
core   0: 0x80009796 (0x0ff0000f) fence   iorw,iorw
core   0: 3 0x80009796 (0x0ff0000f)
core   0: 0x8000979a (0x0367dc63) bge     a5, s6, pc + 56
core   0: 3 0x8000979a (0x0367dc63)
core   0: 0x800097d2 (0x0237c8b3) div     a7, a5, gp
core   0: 3 0x800097d2 (0x0237c8b3) x17 0x00000000
core   0: 0x800097d6 (0x7143a413) slti    s0, t2, 1812
core   0: 3 0x800097d6 (0x7143a413) x8  0x00000001
core   0: 0x800097da (0x0000029c) c.addi4spn a5, sp, 320
core   0: 3 0x800097da (0x029c) x15 0x00000304
core   0: 0x800097dc (0x0000e019) c.bnez  s0, pc + 6
core   0: 3 0x800097dc (0xe019)
core   0: 0x800097e2 (0x0000098e) c.slli  s3, 3
core   0: 3 0x800097e2 (0x098e) x19 0x03709d68
core   0: 0x800097e4 (0x02fb5db3) divu    s11, s6, a5
core   0: 3 0x800097e4 (0x02fb5db3) x27 0x00000000
core   0: 0x800097e8 (0x3401daf3) csrrwi  s5, mscratch, 3
core   0: 3 0x800097e8 (0x3401daf3) x21 0x00000012 c832_mscratch 0x00000003
core   0: 0x800097ec (0x340c9873) csrrw   a6, mscratch, s9
core   0: 3 0x800097ec (0x340c9873) x16 0x00000003 c832_mscratch 0x00000000
core   0: 0x800097f0 (0x00000e14) c.addi4spn a3, sp, 784
core   0: 3 0x800097f0 (0x0e14) x13 0x000004d4
core   0: 0x800097f2 (0x00008ef5) c.and   a3, a3
core   0: 3 0x800097f2 (0x8ef5) x13 0x000004d4
core   0: 0x800097f4 (0x034a6763) bltu    s4, s4, pc + 46
core   0: 3 0x800097f4 (0x034a6763)
core   0: 0x800097f8 (0x3404b0f3) csrrc   ra, mscratch, s1
core   0: 3 0x800097f8 (0x3404b0f3) x1  0x00000000 c832_mscratch 0x00000000
core   0: 0x800097fc (0x0230e533) rem     a0, ra, gp
core   0: 3 0x800097fc (0x0230e533) x10 0x00000000
core   0: 0x80009800 (0x00000001) c.nop
core   0: 3 0x80009800 (0x0001)
core   0: 0x80009802 (0x0ff0000f) fence   iorw,iorw
core   0: 3 0x80009802 (0x0ff0000f)
core   0: 0x80009806 (0x03a37233) remu    tp, t1, s10
core   0: 3 0x80009806 (0x03a37233) x4  0x00000000
core   0: 0x8000980a (0x01ce2033) slt     zero, t3, t3
core   0: 3 0x8000980a (0x01ce2033)
core   0: 0x8000980e (0x03c13db3) mulhu   s11, sp, t3
core   0: 3 0x8000980e (0x03c13db3) x27 0x00000000
core   0: 0x80009812 (0x02a67a33) remu    s4, a2, a0
core   0: 3 0x80009812 (0x02a67a33) x20 0x00000012
core   0: 0x80009816 (0x00008512) c.mv    a0, tp
core   0: 3 0x80009816 (0x8512) x10 0x00000000
core   0: 0x80009818 (0x03b7d433) divu    s0, a5, s11
core   0: 3 0x80009818 (0x03b7d433) x8  0xffffffff
core   0: 0x8000981c (0x006742b3) xor     t0, a4, t1
core   0: 3 0x8000981c (0x006742b3) x5  0x9a828000
core   0: 0x80009820 (0x00006249) c.lui   tp, 0x12
core   0: 3 0x80009820 (0x6249) x4  0x00012000
core   0: 0x80009822 (0x0ff0000f) fence   iorw,iorw
core   0: 3 0x80009822 (0x0ff0000f)
core   0: 0x80009826 (0x0280f233) remu    tp, ra, s0
core   0: 3 0x80009826 (0x0280f233) x4  0x00000000
core   0: 0x8000982a (0x03571163) bne     a4, s5, pc + 34
core   0: 3 0x8000982a (0x03571163)
core   0: 0x8000984c (0x0000717d) c.addi16sp sp, -16
core   0: 3 0x8000984c (0x717d) x2  0x000001b4
core   0: 0x8000984e (0x000092da) c.add   t0, s6
core   0: 3 0x8000984e (0x92da) x5  0x9a828000
core   0: 0x80009850 (0x02b7fcb3) remu    s9, a5, a1
core   0: 3 0x80009850 (0x02b7fcb3) x25 0x00000304
core   0: 0x80009854 (0x00009806) c.add   a6, ra
core   0: 3 0x80009854 (0x9806) x16 0x00000003
core   0: 0x80009856 (0x0063ff63) bgeu    t2, t1, pc + 30
core   0: 3 0x80009856 (0x0063ff63)
core   0: 0x80009874 (0x01725c33) srl     s8, tp, s7
core   0: 3 0x80009874 (0x01725c33) x24 0x00000000
core   0: 0x80009878 (0x0394ba33) mulhu   s4, s1, s9
core   0: 3 0x80009878 (0x0394ba33) x20 0x00000000
core   0: 0x8000987c (0x00008c0d) c.sub   s0, a1
core   0: 3 0x8000987c (0x8c0d) x8  0x7ffde1a7
core   0: 0x8000987e (0x00008d01) c.sub   a0, s0
core   0: 3 0x8000987e (0x8d01) x10 0x80021e59
core   0: 0x80009880 (0x00ee93b3) sll     t2, t4, a4
core   0: 3 0x80009880 (0x00ee93b3) x7  0xfffffc4a
core   0: 0x80009884 (0x40af5993) srai    s3, t5, 10
core   0: 3 0x80009884 (0x40af5993) x19 0xffe7e151
core   0: 0x80009888 (0x00008c12) c.mv    s8, tp
core   0: 3 0x80009888 (0x8c12) x24 0x00000000
core   0: 0x8000988a (0x0000092a) c.slli  s2, 10
core   0: 3 0x8000988a (0x092a) x18 0x00000000
core   0: 0x8000988c (0x252aa013) slti    zero, s5, 594
core   0: 3 0x8000988c (0x252aa013)
core   0: 0x80009890 (0x015aba33) sltu    s4, s5, s5
core   0: 3 0x80009890 (0x015aba33) x20 0x00000000
core   0: 0x80009894 (0x8ce7cf17) auipc   t5, 0x8ce7c
core   0: 3 0x80009894 (0x8ce7cf17) x30 0x0ce85894
core   0: 0x80009898 (0x00008555) c.srai  a0, 21
core   0: 3 0x80009898 (0x8555) x10 0xfffffc00
core   0: 0x8000989a (0x00000c08) c.addi4spn a0, sp, 528
core   0: 3 0x8000989a (0x0c08) x10 0x000003c4
core   0: 0x8000989c (0x000058fd) c.li    a7, -1
core   0: 3 0x8000989c (0x58fd) x17 0xffffffff
core   0: 0x8000989e (0x00009bfd) c.andi  a5, -1
core   0: 3 0x8000989e (0x9bfd) x15 0x00000304
core   0: 0x800098a0 (0xfd824893) xori    a7, tp, -40
core   0: 3 0x800098a0 (0xfd824893) x17 0xffffffd8
core   0: 0x800098a4 (0x000080d9) c.srli  s1, 22
core   0: 3 0x800098a4 (0x80d9) x9  0x00000000
core   0: 0x800098a6 (0x27dfb697) auipc   a3, 0x27dfb
core   0: 3 0x800098a6 (0x27dfb697) x13 0xa7e048a6
core   0: 0x800098aa (0x00000c08) c.addi4spn a0, sp, 528
core   0: 3 0x800098aa (0x0c08) x10 0x000003c4
core   0: 0x800098ac (0x000006f6) c.slli  a3, 29
core   0: 3 0x800098ac (0x06f6) x13 0xc0000000
core   0: 0x800098ae (0x0000717d) c.addi16sp sp, -16
core   0: 3 0x800098ae (0x717d) x2  0x000001a4
core   0: 0x800098b0 (0xf5e5ab13) slti    s6, a1, -162
core   0: 3 0x800098b0 (0xf5e5ab13) x22 0x00000001
core   0: 0x800098b4 (0x3401d4f3) csrrwi  s1, mscratch, 3
core   0: 3 0x800098b4 (0x3401d4f3) x9  0x00000000 c832_mscratch 0x00000003
core   0: 0x800098b8 (0x41728f33) sub     t5, t0, s7
core   0: 3 0x800098b8 (0x41728f33) x30 0x41b3f8ae
core   0: 0x800098bc (0x34041e73) csrrw   t3, mscratch, s0
core   0: 3 0x800098bc (0x34041e73) x28 0x00000003 c832_mscratch 0x7ffde1a7
core   0: 0x800098c0 (0x15014813) xori    a6, sp, 336
core   0: 3 0x800098c0 (0x15014813) x16 0x000000f4
core   0: 0x800098c4 (0x00001dfd) c.addi  s11, -1
core   0: 3 0x800098c4 (0x1dfd) x27 0xffffffff
core   0: 0x800098c6 (0x00000001) c.nop
core   0: 3 0x800098c6 (0x0001)
core   0: 0x800098c8 (0x039940b3) div     ra, s2, s9
core   0: 3 0x800098c8 (0x039940b3) x1  0x00000000
core   0: 0x800098cc (0x00008d55) c.or    a0, a3
core   0: 3 0x800098cc (0x8d55) x10 0xc00003c4
core   0: 0x800098ce (0x00008d3d) c.xor   a0, a5
core   0: 3 0x800098ce (0x8d3d) x10 0xc00000c0
core   0: 0x800098d0 (0x037e9b63) bne     t4, s7, pc + 54
core   0: 3 0x800098d0 (0x037e9b63)
core   0: 0x80009906 (0x340a1273) csrrw   tp, mscratch, s4
core   0: 3 0x80009906 (0x340a1273) x4  0x7ffde1a7 c832_mscratch 0x00000000
core   0: 0x8000990a (0x00009b6a) c.add   s6, s10
core   0: 3 0x8000990a (0x9b6a) x22 0x00000005
core   0: 0x8000990c (0x0000997d) c.andi  a0, -1
core   0: 3 0x8000990c (0x997d) x10 0xc00000c0
core   0: 0x8000990e (0x00f44033) xor     zero, s0, a5
core   0: 3 0x8000990e (0x00f44033)
core   0: 0x80009912 (0x009f76b3) and     a3, t5, s1
core   0: 3 0x80009912 (0x009f76b3) x13 0x00000000
core   0: 0x80009916 (0x00006b41) c.lui   s6, 0x10
core   0: 3 0x80009916 (0x6b41) x22 0x00010000
core   0: 0x80009918 (0x00000300) c.addi4spn s0, sp, 384
core   0: 3 0x80009918 (0x0300) x8  0x00000324
core   0: 0x8000991a (0x3c757017) auipc   zero, 0x3c757
core   0: 3 0x8000991a (0x3c757017)
core   0: 0x8000991e (0xad00b893) sltiu   a7, ra, -1328
core   0: 3 0x8000991e (0xad00b893) x17 0x00000001
core   0: 0x80009922 (0x0ff0000f) fence   iorw,iorw
core   0: 3 0x80009922 (0x0ff0000f)
core   0: 0x80009926 (0x00008605) c.srai  a2, 1
core   0: 3 0x80009926 (0x8605) x12 0x00000009
core   0: 0x80009928 (0x00b5a833) slt     a6, a1, a1
core   0: 3 0x80009928 (0x00b5a833) x16 0x00000000
core   0: 0x8000992c (0x340032f3) csrrc   t0, mscratch, zero
core   0: 3 0x8000992c (0x340032f3) x5  0x00000000
core   0: 0x80009930 (0x008fa033) slt     zero, t6, s0
core   0: 3 0x80009930 (0x008fa033)
core   0: 0x80009934 (0x13470e93) addi    t4, a4, 308
core   0: 3 0x80009934 (0x13470e93) x29 0x9a828134
core   0: 0x80009938 (0x34039ef3) csrrw   t4, mscratch, t2
core   0: 3 0x80009938 (0x34039ef3) x29 0x00000000 c832_mscratch 0xfffffc4a
core   0: 0x8000993c (0x41185a13) srai    s4, a6, 17
core   0: 3 0x8000993c (0x41185a13) x20 0x00000000
core   0: 0x80009940 (0x032cc0b3) div     ra, s9, s2
core   0: 3 0x80009940 (0x032cc0b3) x1  0xffffffff
core   0: 0x80009944 (0x03d9cab3) div     s5, s3, t4
core   0: 3 0x80009944 (0x03d9cab3) x21 0xffffffff
core   0: 0x80009948 (0x00008d7a) c.mv    s10, t5
core   0: 3 0x80009948 (0x8d7a) x26 0x41b3f8ae
core   0: 0x8000994a (0x00dcef63) bltu    s9, a3, pc + 30
core   0: 3 0x8000994a (0x00dcef63)
core   0: 0x8000994e (0x03326033) rem     zero, tp, s3
core   0: 3 0x8000994e (0x03326033)
core   0: 0x80009952 (0x000090c2) c.add   ra, a6
core   0: 3 0x80009952 (0x90c2) x1  0xffffffff
core   0: 0x80009954 (0x0000c111) c.beqz  a0, pc + 4
core   0: 3 0x80009954 (0xc111)
core   0: 0x80009956 (0x0000676d) c.lui   a4, 0x1b
core   0: 3 0x80009956 (0x676d) x14 0x0001b000
core   0: 0x80009958 (0x02bdb6b3) mulhu   a3, s11, a1
core   0: 3 0x80009958 (0x02bdb6b3) x13 0x80021e57
core   0: 0x8000995c (0x00000a80) c.addi4spn s0, sp, 336
core   0: 3 0x8000995c (0x0a80) x8  0x000002f4
core   0: 0x8000995e (0x00000580) c.addi4spn s0, sp, 704
core   0: 3 0x8000995e (0x0580) x8  0x00000464
core   0: 0x80009960 (0x00000001) c.nop
core   0: 3 0x80009960 (0x0001)
core   0: 0x80009962 (0x340354f3) csrrwi  s1, mscratch, 6
core   0: 3 0x80009962 (0x340354f3) x9  0xfffffc4a c832_mscratch 0x00000006
core   0: 0x80009966 (0x0000717d) c.addi16sp sp, -16
core   0: 3 0x80009966 (0x717d) x2  0x00000194
core   0: 0x80009968 (0x00008059) c.srli  s0, 22
core   0: 3 0x80009968 (0x8059) x8  0x00000000
core   0: 0x8000996a (0x00009b0e) c.add   s6, gp
core   0: 3 0x8000996a (0x9b0e) x22 0x58cf870e
core   0: 0x8000996c (0x0ff0000f) fence   iorw,iorw
core   0: 3 0x8000996c (0x0ff0000f)
core   0: 0x80009970 (0x02592ab3) mulhsu  s5, s2, t0
core   0: 3 0x80009970 (0x02592ab3) x21 0x00000000
core   0: 0x80009974 (0x00006139) c.addi16sp sp, 448
core   0: 3 0x80009974 (0x6139) x2  0x00000354
core   0: 0x80009976 (0x0303fb33) remu    s6, t2, a6
core   0: 3 0x80009976 (0x0303fb33) x22 0xfffffc4a
core   0: 0x8000997a (0x00008d6d) c.and   a0, a1
core   0: 3 0x8000997a (0x8d6d) x10 0x80000040
core   0: 0x8000997c (0x0ff0000f) fence   iorw,iorw
core   0: 3 0x8000997c (0x0ff0000f)
core   0: 0x80009980 (0x029f0433) mul     s0, t5, s1
core   0: 3 0x80009980 (0x029f0433) x8  0x2e232a4c
core   0: 0x80009984 (0x0000823a) c.mv    tp, a4
core   0: 3 0x80009984 (0x823a) x4  0x0001b000
core   0: 0x80009986 (0x024a84b3) mul     s1, s5, tp
core   0: 3 0x80009986 (0x024a84b3) x9  0x00000000
core   0: 0x8000998a (0x00008ea5) c.xor   a3, s1
core   0: 3 0x8000998a (0x8ea5) x13 0x80021e57
core   0: 0x8000998c (0x00000998) c.addi4spn a4, sp, 208
core   0: 3 0x8000998c (0x0998) x14 0x00000424
core   0: 0x8000998e (0x0183fd63) bgeu    t2, s8, pc + 26
core   0: 3 0x8000998e (0x0183fd63)
core   0: 0x800099a8 (0x033de0b3) rem     ra, s11, s3
core   0: 3 0x800099a8 (0x033de0b3) x1  0xffffffff
core   0: 0x800099ac (0x0000889d) c.andi  s1, 7
core   0: 3 0x800099ac (0x889d) x9  0x00000000
core   0: 0x800099ae (0x0000100f) fence.i
core   0: 3 0x800099ae (0x0000100f)
core   0: 0x800099b2 (0x48a3cd17) auipc   s10, 0x48a3c
core   0: 3 0x800099b2 (0x48a3cd17) x26 0xc8a459b2
core   0: 0x800099b6 (0x03e09f33) mulh    t5, ra, t5
core   0: 3 0x800099b6 (0x03e09f33) x30 0xffffffff
core   0: 0x800099ba (0x340a1673) csrrw   a2, mscratch, s4
core   0: 3 0x800099ba (0x340a1673) x12 0x00000006 c832_mscratch 0x00000000
core   0: 0x800099be (0x0000878d) c.srai  a5, 3
core   0: 3 0x800099be (0x878d) x15 0x00000060
core   0: 0x800099c0 (0x5abb0913) addi    s2, s6, 1451
core   0: 3 0x800099c0 (0x5abb0913) x18 0x000001f5
core   0: 0x800099c4 (0x029cc963) blt     s9, s1, pc + 50
core   0: 3 0x800099c4 (0x029cc963)
core   0: 0x800099c8 (0x000094e6) c.add   s1, s9
core   0: 3 0x800099c8 (0x94e6) x9  0x00000304
core   0: 0x800099ca (0x41a55733) sra     a4, a0, s10
core   0: 3 0x800099ca (0x41a55733) x14 0xffffe000
core   0: 0x800099ce (0x00008fb1) c.xor   a5, a2
core   0: 3 0x800099ce (0x8fb1) x15 0x00000066
core   0: 0x800099d0 (0x01c457b3) srl     a5, s0, t3
core   0: 3 0x800099d0 (0x01c457b3) x15 0x05c46549
core   0: 0x800099d4 (0x419b5733) sra     a4, s6, s9
core   0: 3 0x800099d4 (0x419b5733) x14 0xffffffc4
core   0: 0x800099d8 (0x01249d63) bne     s1, s2, pc + 26
core   0: 3 0x800099d8 (0x01249d63)
core   0: 0x800099f2 (0x00506433) or      s0, zero, t0
core   0: 3 0x800099f2 (0x00506433) x8  0x00000000
core   0: 0x800099f6 (0xe9d8f613) andi    a2, a7, -355
core   0: 3 0x800099f6 (0xe9d8f613) x12 0x00000001
core   0: 0x800099fa (0x34037073) csrci   mscratch, 6
core   0: 3 0x800099fa (0x34037073) c832_mscratch 0x00000000
core   0: 0x800099fe (0x34003b73) csrrc   s6, mscratch, zero
core   0: 3 0x800099fe (0x34003b73) x22 0x00000000
core   0: 0x80009a02 (0x00006939) c.lui   s2, 0xe
core   0: 3 0x80009a02 (0x6939) x18 0x0000e000
core   0: 0x80009a04 (0x00006245) c.lui   tp, 0x11
core   0: 3 0x80009a04 (0x6245) x4  0x00011000
core   0: 0x80009a06 (0x1c7c1537) lui     a0, 0x1c7c1
core   0: 3 0x80009a06 (0x1c7c1537) x10 0x1c7c1000
core   0: 0x80009a0a (0x00008f0d) c.sub   a4, a1
core   0: 3 0x80009a0a (0x8f0d) x14 0x7ffde16c
core   0: 0x80009a0c (0xab91f893) andi    a7, gp, -1351
core   0: 3 0x80009a0c (0xab91f893) x17 0x58ce8208
core   0: 0x80009a10 (0x01647833) and     a6, s0, s6
core   0: 3 0x80009a10 (0x01647833) x16 0x00000000
core   0: 0x80009a14 (0x03ef8d63) beq     t6, t5, pc + 58
core   0: 3 0x80009a14 (0x03ef8d63)
core   0: 0x80009a18 (0x05e67263) bgeu    a2, t5, pc + 68
core   0: 3 0x80009a18 (0x05e67263)
core   0: 0x80009a1c (0x00000001) c.nop
core   0: 3 0x80009a1c (0x0001)
core   0: 0x80009a1e (0x0000822d) c.srli  a2, 11
core   0: 3 0x80009a1e (0x822d) x12 0x00000000
core   0: 0x80009a20 (0x012edd93) srli    s11, t4, 18
core   0: 3 0x80009a20 (0x012edd93) x27 0x00000000
core   0: 0x80009a24 (0x0290b3b3) mulhu   t2, ra, s1
core   0: 3 0x80009a24 (0x0290b3b3) x7  0x00000303
core   0: 0x80009a28 (0x01da8b63) beq     s5, t4, pc + 22
core   0: 3 0x80009a28 (0x01da8b63)
core   0: 0x80009a3e (0x7c21c513) xori    a0, gp, 1986
core   0: 3 0x80009a3e (0x7c21c513) x10 0x58ce80cc
core   0: 0x80009a42 (0x0000100f) fence.i
core   0: 3 0x80009a42 (0x0000100f)
core   0: 0x80009a46 (0x0ff0000f) fence   iorw,iorw
core   0: 3 0x80009a46 (0x0ff0000f)
core   0: 0x80009a4a (0x02f04933) div     s2, zero, a5
core   0: 3 0x80009a4a (0x02f04933) x18 0x00000000
core   0: 0x80009a4e (0x01874e33) xor     t3, a4, s8
core   0: 3 0x80009a4e (0x01874e33) x28 0x7ffde16c
core   0: 0x80009a52 (0x02672ab3) mulhsu  s5, a4, t1
core   0: 3 0x80009a52 (0x02672ab3) x21 0x00000000
core   0: 0x80009a56 (0x00000ed2) c.slli  t4, 20
core   0: 3 0x80009a56 (0x0ed2) x29 0x00000000
core   0: 0x80009a58 (0x00a6fb63) bgeu    a3, a0, pc + 22
core   0: 3 0x80009a58 (0x00a6fb63)
core   0: 0x80009a6e (0x340927f3) csrrs   a5, mscratch, s2
core   0: 3 0x80009a6e (0x340927f3) x15 0x00000000 c832_mscratch 0x00000000
core   0: 0x80009a72 (0x00000001) c.nop
core   0: 3 0x80009a72 (0x0001)
core   0: 0x80009a74 (0x340c3e73) csrrc   t3, mscratch, s8
core   0: 3 0x80009a74 (0x340c3e73) x28 0x00000000 c832_mscratch 0x00000000
core   0: 0x80009a78 (0x3401e473) csrrsi  s0, mscratch, 3
core   0: 3 0x80009a78 (0x3401e473) x8  0x00000000 c832_mscratch 0x00000003
core   0: 0x80009a7c (0x3404d073) csrwi   mscratch, 9
core   0: 3 0x80009a7c (0x3404d073) c832_mscratch 0x00000009
core   0: 0x80009a80 (0x00008c89) c.sub   s1, a0
core   0: 3 0x80009a80 (0x8c89) x9  0xa7318238
core   0: 0x80009a82 (0x00000001) c.nop
core   0: 3 0x80009a82 (0x0001)
core   0: 0x80009a84 (0x033062b3) rem     t0, zero, s3
core   0: 3 0x80009a84 (0x033062b3) x5  0x00000000
core   0: 0x80009a88 (0x028aae33) mulhsu  t3, s5, s0
core   0: 3 0x80009a88 (0x028aae33) x28 0x00000000
core   0: 0x80009a8c (0x3403f0f3) csrrci  ra, mscratch, 7
core   0: 3 0x80009a8c (0x3403f0f3) x1  0x00000009 c832_mscratch 0x00000008
core   0: 0x80009a90 (0x0000177d) c.addi  a4, -1
core   0: 3 0x80009a90 (0x177d) x14 0x7ffde16b
core   0: 0x80009a92 (0x02a73bb3) mulhu   s7, a4, a0
core   0: 3 0x80009a92 (0x02a73bb3) x23 0x2c66842d
core   0: 0x80009a96 (0x02a25233) divu    tp, tp, a0
core   0: 3 0x80009a96 (0x02a25233) x4  0x00000000
core   0: 0x80009a9a (0x00000001) c.nop
core   0: 3 0x80009a9a (0x0001)
core   0: 0x80009a9c (0x00000001) c.nop
core   0: 3 0x80009a9c (0x0001)
core   0: 0x80009a9e (0xb880f513) andi    a0, ra, -1144
core   0: 3 0x80009a9e (0xb880f513) x10 0x00000008
core   0: 0x80009aa2 (0x8ca7ad93) slti    s11, a5, -1846
core   0: 3 0x80009aa2 (0x8ca7ad93) x27 0x00000000
core   0: 0x80009aa6 (0x01d91e93) slli    t4, s2, 29
core   0: 3 0x80009aa6 (0x01d91e93) x29 0x00000000
core   0: 0x80009aaa (0x035bfd33) remu    s10, s7, s5
core   0: 3 0x80009aaa (0x035bfd33) x26 0x2c66842d
core   0: 0x80009aae (0x023ef063) bgeu    t4, gp, pc + 32
core   0: 3 0x80009aae (0x023ef063)
core   0: 0x80009ab2 (0x000087d9) c.srai  a5, 22
core   0: 3 0x80009ab2 (0x87d9) x15 0x00000000
core   0: 0x80009ab4 (0x34002473) csrr    s0, mscratch
core   0: 3 0x80009ab4 (0x34002473) x8  0x00000008
core   0: 0x80009ab8 (0x00edc9b3) xor     s3, s11, a4
core   0: 3 0x80009ab8 (0x00edc9b3) x19 0x7ffde16b
core   0: 0x80009abc (0x34017273) csrrci  tp, mscratch, 2
core   0: 3 0x80009abc (0x34017273) x4  0x00000008 c832_mscratch 0x00000008
core   0: 0x80009ac0 (0x023819b3) mulh    s3, a6, gp
core   0: 3 0x80009ac0 (0x023819b3) x19 0x00000000
core   0: 0x80009ac4 (0x4116d493) srai    s1, a3, 17
core   0: 3 0x80009ac4 (0x4116d493) x9  0xffffc001
core   0: 0x80009ac8 (0xee25a213) slti    tp, a1, -286
core   0: 3 0x80009ac8 (0xee25a213) x4  0x00000001
core   0: 0x80009acc (0x00001490) c.addi4spn a2, sp, 608
core   0: 3 0x80009acc (0x1490) x12 0x000005b4
core   0: 0x80009ace (0x01846533) or      a0, s0, s8
core   0: 3 0x80009ace (0x01846533) x10 0x00000008
core   0: 0x80009ad2 (0x340256f3) csrrwi  a3, mscratch, 4
core   0: 3 0x80009ad2 (0x340256f3) x13 0x00000008 c832_mscratch 0x00000004
core   0: 0x80009ad6 (0x00008cdd) c.or    s1, a5
core   0: 3 0x80009ad6 (0x8cdd) x9  0xffffc001
core   0: 0x80009ad8 (0x41d35113) srai    sp, t1, 29
core   0: 3 0x80009ad8 (0x41d35113) x2  0x00000000
core   0: 0x80009adc (0x03b3ba33) mulhu   s4, t2, s11
core   0: 3 0x80009adc (0x03b3ba33) x20 0x00000000
core   0: 0x80009ae0 (0x6f04ec93) ori     s9, s1, 1776
core   0: 3 0x80009ae0 (0x6f04ec93) x25 0xffffc6f1
core   0: 0x80009ae4 (0x00008ca9) c.xor   s1, a0
core   0: 3 0x80009ae4 (0x8ca9) x9  0xffffc009
core   0: 0x80009ae6 (0x00008f19) c.sub   a4, a4
core   0: 3 0x80009ae6 (0x8f19) x14 0x00000000
core   0: 0x80009ae8 (0x34002ef3) csrr    t4, mscratch
core   0: 3 0x80009ae8 (0x34002ef3) x29 0x00000004
core   0: 0x80009aec (0x00001b7d) c.addi  s6, -1
core   0: 3 0x80009aec (0x1b7d) x22 0xffffffff
core   0: 0x80009aee (0x0000876d) c.srai  a4, 27
core   0: 3 0x80009aee (0x876d) x14 0x00000000
core   0: 0x80009af0 (0x16467c93) andi    s9, a2, 356
core   0: 3 0x80009af0 (0x16467c93) x25 0x00000124
core   0: 0x80009af4 (0x02b51563) bne     a0, a1, pc + 42
core   0: 3 0x80009af4 (0x02b51563)
core   0: 0x80009b1e (0x00009afd) c.andi  a3, -1
core   0: 3 0x80009b1e (0x9afd) x13 0x00000008
core   0: 0x80009b20 (0xbf7e8097) auipc   ra, 0xbf7e8
core   0: 3 0x80009b20 (0xbf7e8097) x1  0x3f7f1b20
core   0: 0x80009b24 (0x00000001) c.nop
core   0: 3 0x80009b24 (0x0001)
core   0: 0x80009b26 (0x00008d01) c.sub   a0, s0
core   0: 3 0x80009b26 (0x8d01) x10 0x00000000
core   0: 0x80009b28 (0x02d1a133) mulhsu  sp, gp, a3
core   0: 3 0x80009b28 (0x02d1a133) x2  0x00000002
core   0: 0x80009b2c (0xbd92c193) xori    gp, t0, -1063
core   0: 3 0x80009b2c (0xbd92c193) x3  0xfffffbd9
core   0: 0x80009b30 (0x03c05133) divu    sp, zero, t3
core   0: 3 0x80009b30 (0x03c05133) x2  0xffffffff
core   0: 0x80009b34 (0x01bb5cb3) srl     s9, s6, s11
core   0: 3 0x80009b34 (0x01bb5cb3) x25 0xffffffff
core   0: 0x80009b38 (0x34003ef3) csrrc   t4, mscratch, zero
core   0: 3 0x80009b38 (0x34003ef3) x29 0x00000004
core   0: 0x80009b3c (0x00008ba9) c.andi  a5, 10
core   0: 3 0x80009b3c (0x8ba9) x15 0x00000000
core   0: 0x80009b3e (0x03cc7163) bgeu    s8, t3, pc + 34
core   0: 3 0x80009b3e (0x03cc7163)
core   0: 0x80009b60 (0x0000c0a9) c.beqz  s1, pc + 66
core   0: 3 0x80009b60 (0xc0a9)
core   0: 0x80009b62 (0x01654d33) xor     s10, a0, s6
core   0: 3 0x80009b62 (0x01654d33) x26 0xffffffff
core   0: 0x80009b66 (0x032c9833) mulh    a6, s9, s2
core   0: 3 0x80009b66 (0x032c9833) x16 0x00000000
core   0: 0x80009b6a (0x00000001) c.nop
core   0: 3 0x80009b6a (0x0001)
core   0: 0x80009b6c (0x005ba533) slt     a0, s7, t0
core   0: 3 0x80009b6c (0x005ba533) x10 0x00000000
core   0: 0x80009b70 (0x00008289) c.srli  a3, 2
core   0: 3 0x80009b70 (0x8289) x13 0x00000002
core   0: 0x80009b72 (0x017bec33) or      s8, s7, s7
core   0: 3 0x80009b72 (0x017bec33) x24 0x2c66842d
core   0: 0x80009b76 (0x00008ffd) c.and   a5, a5
core   0: 3 0x80009b76 (0x8ffd) x15 0x00000000
core   0: 0x80009b78 (0x005a1663) bne     s4, t0, pc + 12
core   0: 3 0x80009b78 (0x005a1663)
core   0: 0x80009b7c (0x03326133) rem     sp, tp, s3
core   0: 3 0x80009b7c (0x03326133) x2  0x00000001
core   0: 0x80009b80 (0x03688cb3) mul     s9, a7, s6
core   0: 3 0x80009b80 (0x03688cb3) x25 0xa7317df8
core   0: 0x80009b84 (0x000080b9) c.srli  s1, 14
core   0: 3 0x80009b84 (0x80b9) x9  0x0003ffff
core   0: 0x80009b86 (0x00a4d613) srli    a2, s1, 10
core   0: 3 0x80009b86 (0x00a4d613) x12 0x000000ff
core   0: 0x80009b8a (0x02570d33) mul     s10, a4, t0
core   0: 3 0x80009b8a (0x02570d33) x26 0x00000000
core   0: 0x80009b8e (0x0000e515) c.bnez  a0, pc + 44
core   0: 3 0x80009b8e (0xe515)
core   0: 0x80009b90 (0x02b96733) rem     a4, s2, a1
core   0: 3 0x80009b90 (0x02b96733) x14 0x00000000
core   0: 0x80009b94 (0x22d6c513) xori    a0, a3, 557
core   0: 3 0x80009b94 (0x22d6c513) x10 0x0000022f
core   0: 0x80009b98 (0x00008e35) c.xor   a2, a3
core   0: 3 0x80009b98 (0x8e35) x12 0x000000fd
core   0: 0x80009b9a (0x02567633) remu    a2, a2, t0
core   0: 3 0x80009b9a (0x02567633) x12 0x000000fd
core   0: 0x80009b9e (0x03c70763) beq     a4, t3, pc + 46
core   0: 3 0x80009b9e (0x03c70763)
core   0: 0x80009bcc (0x03796d33) rem     s10, s2, s7
core   0: 3 0x80009bcc (0x03796d33) x26 0x00000000
core   0: 0x80009bd0 (0x0000e309) c.bnez  a4, pc + 2
core   0: 3 0x80009bd0 (0xe309)
core   0: 0x80009bd2 (0x340026f3) csrr    a3, mscratch
core   0: 3 0x80009bd2 (0x340026f3) x13 0x00000004
core   0: 0x80009bd6 (0x340912f3) csrrw   t0, mscratch, s2
core   0: 3 0x80009bd6 (0x340912f3) x5  0x00000004 c832_mscratch 0x00000000
core   0: 0x80009bda (0x0000979e) c.add   a5, t2
core   0: 3 0x80009bda (0x979e) x15 0x00000303
core   0: 0x80009bdc (0x0131e0b3) or      ra, gp, s3
core   0: 3 0x80009bdc (0x0131e0b3) x1  0xfffffbd9
core   0: 0x80009be0 (0x02cc0eb3) mul     t4, s8, a2
core   0: 3 0x80009be0 (0x02cc0eb3) x29 0xe150a079
core   0: 0x80009be4 (0x02d84463) blt     a6, a3, pc + 40
core   0: 3 0x80009be4 (0x02d84463)
core   0: 0x80009c0c (0x04af5363) bge     t5, a0, pc + 70
core   0: 3 0x80009c0c (0x04af5363)
core   0: 0x80009c10 (0x00008e49) c.or    a2, a0
core   0: 3 0x80009c10 (0x8e49) x12 0x000002ff
core   0: 0x80009c12 (0x01b64463) blt     a2, s11, pc + 8
core   0: 3 0x80009c12 (0x01b64463)
core   0: 0x80009c16 (0x01ead833) srl     a6, s5, t5
core   0: 3 0x80009c16 (0x01ead833) x16 0x00000000
core   0: 0x80009c1a (0xfb4c7f13) andi    t5, s8, -76
core   0: 3 0x80009c1a (0xfb4c7f13) x30 0x2c668424
core   0: 0x80009c1e (0x0ff0000f) fence   iorw,iorw
core   0: 3 0x80009c1e (0x0ff0000f)
core   0: 0x80009c22 (0x0000c0a1) c.beqz  s1, pc + 64
core   0: 3 0x80009c22 (0xc0a1)
core   0: 0x80009c24 (0x00066a33) or      s4, a2, zero
core   0: 3 0x80009c24 (0x00066a33) x20 0x000002ff
core   0: 0x80009c28 (0x020d9533) mulh    a0, s11, zero
core   0: 3 0x80009c28 (0x020d9533) x10 0x00000000
core   0: 0x80009c2c (0x4002db93) srai    s7, t0, 0
core   0: 3 0x80009c2c (0x4002db93) x23 0x00000004
core   0: 0x80009c30 (0xda9e4117) auipc   sp, 0xda9e4
core   0: 3 0x80009c30 (0xda9e4117) x2  0x5a9edc30
core   0: 0x80009c34 (0x3401d8f3) csrrwi  a7, mscratch, 3
core   0: 3 0x80009c34 (0x3401d8f3) x17 0x00000000 c832_mscratch 0x00000003
core   0: 0x80009c38 (0x01af1d63) bne     t5, s10, pc + 26
core   0: 3 0x80009c38 (0x01af1d63)
core   0: 0x80009c52 (0x00008675) c.srai  a2, 29
core   0: 3 0x80009c52 (0x8675) x12 0x00000000
core   0: 0x80009c54 (0x340031f3) csrrc   gp, mscratch, zero
core   0: 3 0x80009c54 (0x340031f3) x3  0x00000003
core   0: 0x80009c58 (0x0193d213) srli    tp, t2, 25
core   0: 3 0x80009c58 (0x0193d213) x4  0x00000000
core   0: 0x80009c5c (0x340cb473) csrrc   s0, mscratch, s9
core   0: 3 0x80009c5c (0x340cb473) x8  0x00000003 c832_mscratch 0x00000003
core   0: 0x80009c60 (0x00008c1d) c.sub   s0, a5
core   0: 3 0x80009c60 (0x8c1d) x8  0xfffffd00
core   0: 0x80009c62 (0x00008c05) c.sub   s0, s1
core   0: 3 0x80009c62 (0x8c05) x8  0xfffbfd01
core   0: 0x80009c64 (0x028406b3) mul     a3, s0, s0
core   0: 3 0x80009c64 (0x028406b3) x13 0x1800fa01
core   0: 0x80009c68 (0x0096fe33) and     t3, a3, s1
core   0: 3 0x80009c68 (0x0096fe33) x28 0x0000fa01
core   0: 0x80009c6c (0x41188db3) sub     s11, a7, a7
core   0: 3 0x80009c6c (0x41188db3) x27 0x00000000
core   0: 0x80009c70 (0xd00dfd13) andi    s10, s11, -768
core   0: 3 0x80009c70 (0xd00dfd13) x26 0x00000000
core   0: 0x80009c74 (0x0179f663) bgeu    s3, s7, pc + 12
core   0: 3 0x80009c74 (0x0179f663)
core   0: 0x80009c78 (0x0000e899) c.bnez  s1, pc + 22
core   0: 3 0x80009c78 (0xe899)
core   0: 0x80009c8e (0x400fdc93) srai    s9, t6, 0
core   0: 3 0x80009c8e (0x400fdc93) x25 0x80025ce4
core   0: 0x80009c92 (0x02cf5033) divu    zero, t5, a2
core   0: 3 0x80009c92 (0x02cf5033)
core   0: 0x80009c96 (0x0000717d) c.addi16sp sp, -16
core   0: 3 0x80009c96 (0x717d) x2  0x5a9edc20
core   0: 0x80009c98 (0x0000ea9d) c.bnez  a3, pc + 54
core   0: 3 0x80009c98 (0xea9d)
core   0: 0x80009cce (0x0000100f) fence.i
core   0: 3 0x80009cce (0x0000100f)
core   0: 0x80009cd2 (0x039b9033) mulh    zero, s7, s9
core   0: 3 0x80009cd2 (0x039b9033)
core   0: 0x80009cd6 (0x00000649) c.addi  a2, 18
core   0: 3 0x80009cd6 (0x0649) x12 0x00000012
core   0: 0x80009cd8 (0x6c96ab93) slti    s7, a3, 1737
core   0: 3 0x80009cd8 (0x6c96ab93) x23 0x00000000
core   0: 0x80009cdc (0x01ad22b3) slt     t0, s10, s10
core   0: 3 0x80009cdc (0x01ad22b3) x5  0x00000000
core   0: 0x80009ce0 (0x0000e40d) c.bnez  s0, pc + 42
core   0: 3 0x80009ce0 (0xe40d)
core   0: 0x80009d0a (0x0060a8b3) slt     a7, ra, t1
core   0: 3 0x80009d0a (0x0060a8b3) x17 0x00000001
core   0: 0x80009d0e (0x340ea673) csrrs   a2, mscratch, t4
core   0: 3 0x80009d0e (0x340ea673) x12 0x00000003 c832_mscratch 0xe150a07b
core   0: 0x80009d12 (0x031cedb3) rem     s11, s9, a7
core   0: 3 0x80009d12 (0x031cedb3) x27 0x00000000
core   0: 0x80009d16 (0x00008ce5) c.and   s1, s1
core   0: 3 0x80009d16 (0x8ce5) x9  0x0003ffff
core   0: 0x80009d18 (0x340221f3) csrrs   gp, mscratch, tp
core   0: 3 0x80009d18 (0x340221f3) x3  0xe150a07b c832_mscratch 0xe150a07b
core   0: 0x80009d1c (0x03bc5863) bge     s8, s11, pc + 48
core   0: 3 0x80009d1c (0x03bc5863)
core   0: 0x80009d4c (0x340023f3) csrr    t2, mscratch
core   0: 3 0x80009d4c (0x340023f3) x7  0xe150a07b
core   0: 0x80009d50 (0x06391163) bne     s2, gp, pc + 98
core   0: 3 0x80009d50 (0x06391163)
core   0: 0x80009db2 (0x003037b3) snez    a5, gp
core   0: 3 0x80009db2 (0x003037b3) x15 0x00000001
core   0: 0x80009db6 (0x0000ce05) c.beqz  a2, pc + 56
core   0: 3 0x80009db6 (0xce05)
core   0: 0x80009db8 (0x0000c005) c.beqz  s0, pc + 32
core   0: 3 0x80009db8 (0xc005)
core   0: 0x80009dba (0x0000e209) c.bnez  a2, pc + 2
core   0: 3 0x80009dba (0xe209)
core   0: 0x80009dbc (0x00000001) c.nop
core   0: 3 0x80009dbc (0x0001)
core   0: 0x80009dbe (0x149aa493) slti    s1, s5, 329
core   0: 3 0x80009dbe (0x149aa493) x9  0x00000001
core   0: 0x80009dc2 (0x0000499d) c.li    s3, 7
core   0: 3 0x80009dc2 (0x499d) x19 0x00000007
core   0: 0x80009dc4 (0x028d1a33) mulh    s4, s10, s0
core   0: 3 0x80009dc4 (0x028d1a33) x20 0x00000000
core   0: 0x80009dc8 (0x340028f3) csrr    a7, mscratch
core   0: 3 0x80009dc8 (0x340028f3) x17 0xe150a07b
core   0: 0x80009dcc (0x00000001) c.nop
core   0: 3 0x80009dcc (0x0001)
core   0: 0x80009dce (0x0000100f) fence.i
core   0: 3 0x80009dce (0x0000100f)
core   0: 0x80009dd2 (0x02c711b3) mulh    gp, a4, a2
core   0: 3 0x80009dd2 (0x02c711b3) x3  0x00000000
core   0: 0x80009dd6 (0x00001510) c.addi4spn a2, sp, 672
core   0: 3 0x80009dd6 (0x1510) x12 0x5a9edec0
core   0: 0x80009dd8 (0x408c5f33) sra     t5, s8, s0
core   0: 3 0x80009dd8 (0x408c5f33) x30 0x16334216
core   0: 0x80009ddc (0x01ee6833) or      a6, t3, t5
core   0: 3 0x80009ddc (0x01ee6833) x16 0x1633fa17
core   0: 0x80009de0 (0x0000cd1d) c.beqz  a0, pc + 62
core   0: 3 0x80009de0 (0xcd1d)
core   0: 0x80009e1e (0x0000018e) c.slli  gp, 3
core   0: 3 0x80009e1e (0x018e) x3  0x00000000
core   0: 0x80009e20 (0x005f1cb3) sll     s9, t5, t0
core   0: 3 0x80009e20 (0x005f1cb3) x25 0x16334216
core   0: 0x80009e24 (0x34003773) csrrc   a4, mscratch, zero
core   0: 3 0x80009e24 (0x34003773) x14 0xe150a07b
core   0: 0x80009e28 (0x006f8663) beq     t6, t1, pc + 12
core   0: 3 0x80009e28 (0x006f8663)
core   0: 0x80009e2c (0x02c88db3) mul     s11, a7, a2
core   0: 3 0x80009e2c (0x02c88db3) x27 0x318d0640
core   0: 0x80009e30 (0x34003f73) csrrc   t5, mscratch, zero
core   0: 3 0x80009e30 (0x34003f73) x30 0xe150a07b
core   0: 0x80009e34 (0x000080dd) c.srli  s1, 23
core   0: 3 0x80009e34 (0x80dd) x9  0x00000000
core   0: 0x80009e36 (0x00008245) c.srli  a2, 17
core   0: 3 0x80009e36 (0x8245) x12 0x00002d4f
core   0: 0x80009e38 (0xa9e3a293) slti    t0, t2, -1378
core   0: 3 0x80009e38 (0xa9e3a293) x5  0x00000001
core   0: 0x80009e3c (0x000082b9) c.srli  a3, 14
core   0: 3 0x80009e3c (0x82b9) x13 0x00006003
core   0: 0x80009e3e (0x34003cf3) csrrc   s9, mscratch, zero
core   0: 3 0x80009e3e (0x34003cf3) x25 0xe150a07b
core   0: 0x80009e42 (0x00001c84) c.addi4spn s1, sp, 624
core   0: 3 0x80009e42 (0x1c84) x9  0x5a9ede90
core   0: 0x80009e44 (0x0100bd33) sltu    s10, ra, a6
core   0: 3 0x80009e44 (0x0100bd33) x26 0x00000000
core   0: 0x80009e48 (0x024d87b3) mul     a5, s11, tp
core   0: 3 0x80009e48 (0x024d87b3) x15 0x00000000
core   0: 0x80009e4c (0x01877eb3) and     t4, a4, s8
core   0: 3 0x80009e4c (0x01877eb3) x29 0x20408029
core   0: 0x80009e50 (0x01216463) bltu    sp, s2, pc + 8
core   0: 3 0x80009e50 (0x01216463)
core   0: 0x80009e54 (0x00008116) c.mv    sp, t0
core   0: 3 0x80009e54 (0x8116) x2  0x00000001
core   0: 0x80009e56 (0x0000cb85) c.beqz  a5, pc + 48
core   0: 3 0x80009e56 (0xcb85)
core   0: 0x80009e86 (0x00008f8d) c.sub   a5, a1
core   0: 3 0x80009e86 (0x8f8d) x15 0x7ffde1a8
core   0: 0x80009e88 (0x00ca9c13) slli    s8, s5, 12
core   0: 3 0x80009e88 (0x00ca9c13) x24 0x00000000
core   0: 0x80009e8c (0x0182ebb3) or      s7, t0, s8
core   0: 3 0x80009e8c (0x0182ebb3) x23 0x00000001
core   0: 0x80009e90 (0x00004da5) c.li    s11, 9
core   0: 3 0x80009e90 (0x4da5) x27 0x00000009
core   0: 0x80009e92 (0x00de4bb3) xor     s7, t3, a3
core   0: 3 0x80009e92 (0x00de4bb3) x23 0x00009a02
core   0: 0x80009e96 (0x83d00d13) li      s10, -1987
core   0: 3 0x80009e96 (0x83d00d13) x26 0xfffff83d
core   0: 0x80009e9a (0x34045c73) csrrwi  s8, mscratch, 8
core   0: 3 0x80009e9a (0x34045c73) x24 0xe150a07b c832_mscratch 0x00000008
core   0: 0x80009e9e (0xcb002193) slti    gp, zero, -848
core   0: 3 0x80009e9e (0xcb002193) x3  0x00000000
core   0: 0x80009ea2 (0x6e8f7613) andi    a2, t5, 1768
core   0: 3 0x80009ea2 (0x6e8f7613) x12 0x00000068
core   0: 0x80009ea6 (0x0242ee33) rem     t3, t0, tp
core   0: 3 0x80009ea6 (0x0242ee33) x28 0x00000001
core   0: 0x80009eaa (0x021ff663) bgeu    t6, ra, pc + 44
core   0: 3 0x80009eaa (0x021ff663)
core   0: 0x80009eae (0x00008c2d) c.xor   s0, a1
core   0: 3 0x80009eae (0x8c2d) x8  0x7ff9e359
core   0: 0x80009eb0 (0x00006141) c.addi16sp sp, 16
core   0: 3 0x80009eb0 (0x6141) x2  0x00000011
core   0: 0x80009eb2 (0x31238b93) addi    s7, t2, 786
core   0: 3 0x80009eb2 (0x31238b93) x23 0xe150a38d
core   0: 0x80009eb6 (0x0ff0000f) fence   iorw,iorw
core   0: 3 0x80009eb6 (0x0ff0000f)
core   0: 0x80009eba (0x0050e763) bltu    ra, t0, pc + 14
core   0: 3 0x80009eba (0x0050e763)
core   0: 0x80009ebe (0x00009252) c.add   tp, s4
core   0: 3 0x80009ebe (0x9252) x4  0x00000000
core   0: 0x80009ec0 (0x34003bf3) csrrc   s7, mscratch, zero
core   0: 3 0x80009ec0 (0x34003bf3) x23 0x00000008
core   0: 0x80009ec4 (0x019e0b33) add     s6, t3, s9
core   0: 3 0x80009ec4 (0x019e0b33) x22 0xe150a07c
core   0: 0x80009ec8 (0x00006155) c.addi16sp sp, 304
core   0: 3 0x80009ec8 (0x6155) x2  0x00000141
core   0: 0x80009eca (0x002146b3) xor     a3, sp, sp
core   0: 3 0x80009eca (0x002146b3) x13 0x00000000
core   0: 0x80009ece (0x0000100f) fence.i
core   0: 3 0x80009ece (0x0000100f)
core   0: 0x80009ed2 (0x000bd713) srli    a4, s7, 0
core   0: 3 0x80009ed2 (0x000bd713) x14 0x00000008
core   0: 0x80009ed6 (0xb97223b7) lui     t2, 0xb9722
core   0: 3 0x80009ed6 (0xb97223b7) x7  0xb9722000
core   0: 0x80009eda (0x0000e681) c.bnez  a3, pc + 8
core   0: 3 0x80009eda (0xe681)
core   0: 0x80009edc (0x34002d73) csrr    s10, mscratch
core   0: 3 0x80009edc (0x34002d73) x26 0x00000008
core   0: 0x80009ee0 (0x00001508) c.addi4spn a0, sp, 672
core   0: 3 0x80009ee0 (0x1508) x10 0x000003e1
core   0: 0x80009ee2 (0x008b4863) blt     s6, s0, pc + 16
core   0: 3 0x80009ee2 (0x008b4863)
core   0: 0x80009ef2 (0x00000001) c.nop
core   0: 3 0x80009ef2 (0x0001)
core   0: 0x80009ef4 (0x03fb1db3) mulh    s11, s6, t6
core   0: 3 0x80009ef4 (0x03fb1db3) x27 0x0f576740
core   0: 0x80009ef8 (0x0386c663) blt     a3, s8, pc + 44
core   0: 3 0x80009ef8 (0x0386c663)
core   0: 0x80009efc (0x037877b3) remu    a5, a6, s7
core   0: 3 0x80009efc (0x037877b3) x15 0x00000007
core   0: 0x80009f00 (0x00008c99) c.sub   s1, a4
core   0: 3 0x80009f00 (0x8c99) x9  0x5a9ede88
core   0: 0x80009f02 (0x340f3073) csrc    mscratch, t5
core   0: 3 0x80009f02 (0x340f3073) c832_mscratch 0x00000000
core   0: 0x80009f06 (0x340069f3) csrrsi  s3, mscratch, 0
core   0: 3 0x80009f06 (0x340069f3) x19 0x00000000
core   0: 0x80009f0a (0x34053873) csrrc   a6, mscratch, a0
core   0: 3 0x80009f0a (0x34053873) x16 0x00000000 c832_mscratch 0x00000000
core   0: 0x80009f0e (0x68529097) auipc   ra, 0x68529
core   0: 3 0x80009f0e (0x68529097) x1  0xe8532f0e
core   0: 0x80009f12 (0x017ee6b3) or      a3, t4, s7
core   0: 3 0x80009f12 (0x017ee6b3) x13 0x20408029
core   0: 0x80009f16 (0x00008e91) c.sub   a3, a2
core   0: 3 0x80009f16 (0x8e91) x13 0x20407fc1
core   0: 0x80009f18 (0xf9073c93) sltiu   s9, a4, -112
core   0: 3 0x80009f18 (0xf9073c93) x25 0x00000001
core   0: 0x80009f1c (0x03822c33) mulhsu  s8, tp, s8
core   0: 3 0x80009f1c (0x03822c33) x24 0x00000000
core   0: 0x80009f20 (0x4168d293) srai    t0, a7, 22
core   0: 3 0x80009f20 (0x4168d293) x5  0xffffff85
core   0: 0x80009f24 (0x0000100f) fence.i
core   0: 3 0x80009f24 (0x0000100f)
core   0: 0x80009f28 (0x79190b93) addi    s7, s2, 1937
core   0: 3 0x80009f28 (0x79190b93) x23 0x00000791
core   0: 0x80009f2c (0x0000100f) fence.i
core   0: 3 0x80009f2c (0x0000100f)
core   0: 0x80009f30 (0x340234f3) csrrc   s1, mscratch, tp
core   0: 3 0x80009f30 (0x340234f3) x9  0x00000000 c832_mscratch 0x00000000
core   0: 0x80009f34 (0x00000001) c.nop
core   0: 3 0x80009f34 (0x0001)
core   0: 0x80009f36 (0x0369d1b3) divu    gp, s3, s6
core   0: 3 0x80009f36 (0x0369d1b3) x3  0x00000000
core   0: 0x80009f3a (0x340991f3) csrrw   gp, mscratch, s3
core   0: 3 0x80009f3a (0x340991f3) x3  0x00000000 c832_mscratch 0x00000000
core   0: 0x80009f3e (0x0003dd93) srli    s11, t2, 0
core   0: 3 0x80009f3e (0x0003dd93) x27 0xb9722000
core   0: 0x80009f42 (0x03831933) mulh    s2, t1, s8
core   0: 3 0x80009f42 (0x03831933) x18 0x00000000
core   0: 0x80009f46 (0xc4ec4397) auipc   t2, 0xc4ec4
core   0: 3 0x80009f46 (0xc4ec4397) x7  0x44ecdf46
core   0: 0x80009f4a (0x0000ed15) c.bnez  a0, pc + 60
core   0: 3 0x80009f4a (0xed15)
core   0: 0x80009f86 (0x34035df3) csrrwi  s11, mscratch, 6
core   0: 3 0x80009f86 (0x34035df3) x27 0x00000000 c832_mscratch 0x00000006
core   0: 0x80009f8a (0x00009a16) c.add   s4, t0
core   0: 3 0x80009f8a (0x9a16) x20 0xffffff85
core   0: 0x80009f8c (0x01f61e63) bne     a2, t6, pc + 28
core   0: 3 0x80009f8c (0x01f61e63)
core   0: 0x80009fa8 (0x00000561) c.addi  a0, 24
core   0: 3 0x80009fa8 (0x0561) x10 0x000003f9
core   0: 0x80009faa (0x00ac17b3) sll     a5, s8, a0
core   0: 3 0x80009faa (0x00ac17b3) x15 0x00000000
core   0: 0x80009fae (0x00008c0d) c.sub   s0, a1
core   0: 3 0x80009fae (0x8c0d) x8  0xfff7c501
core   0: 0x80009fb0 (0x027d71b3) remu    gp, s10, t2
core   0: 3 0x80009fb0 (0x027d71b3) x3  0x00000008
core   0: 0x80009fb4 (0x011786b3) add     a3, a5, a7
core   0: 3 0x80009fb4 (0x011786b3) x13 0xe150a07b
core   0: 0x80009fb8 (0x0000cf01) c.beqz  a4, pc + 24
core   0: 3 0x80009fb8 (0xcf01)
core   0: 0x80009fba (0x016d52b3) srl     t0, s10, s6
core   0: 3 0x80009fba (0x016d52b3) x5  0x00000000
core   0: 0x80009fbe (0x009a4c63) blt     s4, s1, pc + 24
core   0: 3 0x80009fbe (0x009a4c63)
core   0: 0x80009fd6 (0x34003cf3) csrrc   s9, mscratch, zero
core   0: 3 0x80009fd6 (0x34003cf3) x25 0x00000006
core   0: 0x80009fda (0x00f71263) bne     a4, a5, pc + 4
core   0: 3 0x80009fda (0x00f71263)
core   0: 0x80009fde (0x01539213) slli    tp, t2, 21
core   0: 3 0x80009fde (0x01539213) x4  0xe8c00000
core   0: 0x80009fe2 (0x034e69b3) rem     s3, t3, s4
core   0: 3 0x80009fe2 (0x034e69b3) x19 0x00000001
core   0: 0x80009fe6 (0x00008719) c.srai  a4, 6
core   0: 3 0x80009fe6 (0x8719) x14 0x00000000
core   0: 0x80009fe8 (0x00009afd) c.andi  a3, -1
core   0: 3 0x80009fe8 (0x9afd) x13 0xe150a07b
core   0: 0x80009fea (0x000057fd) c.li    a5, -1
core   0: 3 0x80009fea (0x57fd) x15 0xffffffff
core   0: 0x80009fec (0x02175cb3) divu    s9, a4, ra
core   0: 3 0x80009fec (0x02175cb3) x25 0x00000000
core   0: 0x80009ff0 (0x00e103b3) add     t2, sp, a4
core   0: 3 0x80009ff0 (0x00e103b3) x7  0x00000141
core   0: 0x80009ff4 (0x0000100f) fence.i
core   0: 3 0x80009ff4 (0x0000100f)
core   0: 0x80009ff8 (0x00001888) c.addi4spn a0, sp, 112
core   0: 3 0x80009ff8 (0x1888) x10 0x000001b1
core   0: 0x80009ffa (0x03837233) remu    tp, t1, s8
core   0: 3 0x80009ffa (0x03837233) x4  0x00000000
core   0: 0x80009ffe (0x033bd233) divu    tp, s7, s3
core   0: 3 0x80009ffe (0x033bd233) x4  0x00000791
core   0: 0x8000a002 (0x03f93d33) mulhu   s10, s2, t6
core   0: 3 0x8000a002 (0x03f93d33) x26 0x00000000
core   0: 0x8000a006 (0x02b412b3) mulh    t0, s0, a1
core   0: 3 0x8000a006 (0x02b412b3) x5  0x00041d6e
core   0: 0x8000a00a (0x0000088a) c.slli  a7, 2
core   0: 3 0x8000a00a (0x088a) x17 0x854281ec
core   0: 0x8000a00c (0x02767ab3) remu    s5, a2, t2
core   0: 3 0x8000a00c (0x02767ab3) x21 0x00000068
core   0: 0x8000a010 (0x000011fd) c.addi  gp, -1
core   0: 3 0x8000a010 (0x11fd) x3  0x00000007
core   0: 0x8000a012 (0x172d7213) andi    tp, s10, 370
core   0: 3 0x8000a012 (0x172d7213) x4  0x00000000
core   0: 0x8000a016 (0x010fc033) xor     zero, t6, a6
core   0: 3 0x8000a016 (0x010fc033)
core   0: 0x8000a01a (0x00005afd) c.li    s5, -1
core   0: 3 0x8000a01a (0x5afd) x21 0xffffffff
core   0: 0x8000a01c (0x3401bc73) csrrc   s8, mscratch, gp
core   0: 3 0x8000a01c (0x3401bc73) x24 0x00000006 c832_mscratch 0x00000000
core   0: 0x8000a020 (0x01f5e633) or      a2, a1, t6
core   0: 3 0x8000a020 (0x01f5e633) x12 0x80025efc
core   0: 0x8000a024 (0x022f0e33) mul     t3, t5, sp
core   0: 3 0x8000a024 (0x022f0e33) x28 0x86193a3b
core   0: 0x8000a028 (0x0ff0000f) fence   iorw,iorw
core   0: 3 0x8000a028 (0x0ff0000f)
core   0: 0x8000a02c (0xeed06513) ori     a0, zero, -275
core   0: 3 0x8000a02c (0xeed06513) x10 0xfffffeed
core   0: 0x8000a030 (0x03d816b3) mulh    a3, a6, t4
core   0: 3 0x8000a030 (0x03d816b3) x13 0x00000000
core   0: 0x8000a034 (0x34007c73) csrrci  s8, mscratch, 0
core   0: 3 0x8000a034 (0x34007c73) x24 0x00000000
core   0: 0x8000a038 (0x00008f9d) c.sub   a5, a5
core   0: 3 0x8000a038 (0x8f9d) x15 0x00000000
core   0: 0x8000a03a (0x00006179) c.addi16sp sp, 464
core   0: 3 0x8000a03a (0x6179) x2  0x00000311
core   0: 0x8000a03c (0x01585133) srl     sp, a6, s5
core   0: 3 0x8000a03c (0x01585133) x2  0x00000000
core   0: 0x8000a040 (0x01ca68b3) or      a7, s4, t3
core   0: 3 0x8000a040 (0x01ca68b3) x17 0xffffffbf
core   0: 0x8000a044 (0x01fba633) slt     a2, s7, t6
core   0: 3 0x8000a044 (0x01fba633) x12 0x00000000
core   0: 0x8000a048 (0x017cfbb3) and     s7, s9, s7
core   0: 3 0x8000a048 (0x017cfbb3) x23 0x00000000
core   0: 0x8000a04c (0x00005d7d) c.li    s10, -1
core   0: 3 0x8000a04c (0x5d7d) x26 0xffffffff
core   0: 0x8000a04e (0x00008175) c.srli  a0, 29
core   0: 3 0x8000a04e (0x8175) x10 0x00000007
core   0: 0x8000a050 (0x311a2913) slti    s2, s4, 785
core   0: 3 0x8000a050 (0x311a2913) x18 0x00000001
core   0: 0x8000a054 (0x021ada33) divu    s4, s5, ra
core   0: 3 0x8000a054 (0x021ada33) x20 0x00000001
core   0: 0x8000a058 (0x00004bd5) c.li    s7, 21
core   0: 3 0x8000a058 (0x4bd5) x23 0x00000015
core   0: 0x8000a05a (0x000086d5) c.srai  a3, 21
core   0: 3 0x8000a05a (0x86d5) x13 0x00000000
core   0: 0x8000a05c (0x0000717d) c.addi16sp sp, -16
core   0: 3 0x8000a05c (0x717d) x2  0xfffffff0
core   0: 0x8000a05e (0x5ece6b93) ori     s7, t3, 1516
core   0: 3 0x8000a05e (0x5ece6b93) x23 0x86193fff
core   0: 0x8000a062 (0x9def6193) ori     gp, t5, -1570
core   0: 3 0x8000a062 (0x9def6193) x3  0xfffff9ff
core   0: 0x8000a066 (0x00008c11) c.sub   s0, a2
core   0: 3 0x8000a066 (0x8c11) x8  0xfff7c501
core   0: 0x8000a068 (0x02bb6833) rem     a6, s6, a1
core   0: 3 0x8000a068 (0x02bb6833) x16 0xe150a07c
core   0: 0x8000a06c (0x0ff0000f) fence   iorw,iorw
core   0: 3 0x8000a06c (0x0ff0000f)
core   0: 0x8000a070 (0x00001a14) c.addi4spn a3, sp, 304
core   0: 3 0x8000a070 (0x1a14) x13 0x00000120
core   0: 0x8000a072 (0x00008489) c.srai  s1, 2
core   0: 3 0x8000a072 (0x8489) x9  0x00000000
core   0: 0x8000a074 (0x3409f6f3) csrrci  a3, mscratch, 19
core   0: 3 0x8000a074 (0x3409f6f3) x13 0x00000000 c832_mscratch 0x00000000
core   0: 0x8000a078 (0xc5def013) andi    zero, t4, -931
core   0: 3 0x8000a078 (0xc5def013)
core   0: 0x8000a07c (0x001bfe63) bgeu    s7, ra, pc + 28
core   0: 3 0x8000a07c (0x001bfe63)
core   0: 0x8000a080 (0x034278b3) remu    a7, tp, s4
core   0: 3 0x8000a080 (0x034278b3) x17 0x00000000
core   0: 0x8000a084 (0x340b1a73) csrrw   s4, mscratch, s6
core   0: 3 0x8000a084 (0x340b1a73) x20 0x00000000 c832_mscratch 0xe150a07c
core   0: 0x8000a088 (0x3409d073) csrwi   mscratch, 19
core   0: 3 0x8000a088 (0x3409d073) c832_mscratch 0x00000013
core   0: 0x8000a08c (0x031b4763) blt     s6, a7, pc + 46
core   0: 3 0x8000a08c (0x031b4763)
core   0: 0x8000a0ba (0x021a30b3) mulhu   ra, s4, ra
core   0: 3 0x8000a0ba (0x021a30b3) x1  0x00000000
core   0: 0x8000a0be (0x0000100f) fence.i
core   0: 3 0x8000a0be (0x0000100f)
core   0: 0x8000a0c2 (0x00008ee1) c.and   a3, s0
core   0: 3 0x8000a0c2 (0x8ee1) x13 0x00000000
core   0: 0x8000a0c4 (0x000083a9) c.srli  a5, 10
core   0: 3 0x8000a0c4 (0x83a9) x15 0x00000000
core   0: 0x8000a0c6 (0x03ad0863) beq     s10, s10, pc + 48
core   0: 3 0x8000a0c6 (0x03ad0863)
core   0: 0x8000a0f6 (0x41215eb3) sra     t4, sp, s2
core   0: 3 0x8000a0f6 (0x41215eb3) x29 0xfffffff8
core   0: 0x8000a0fa (0x0ff0000f) fence   iorw,iorw
core   0: 3 0x8000a0fa (0x0ff0000f)
core   0: 0x8000a0fe (0x034fed33) rem     s10, t6, s4
core   0: 3 0x8000a0fe (0x034fed33) x26 0x80025ce4
core   0: 0x8000a102 (0x00049893) slli    a7, s1, 0
core   0: 3 0x8000a102 (0x00049893) x17 0x00000000
core   0: 0x8000a106 (0x0ff0000f) fence   iorw,iorw
core   0: 3 0x8000a106 (0x0ff0000f)
core   0: 0x8000a10a (0x004ec533) xor     a0, t4, tp
core   0: 3 0x8000a10a (0x004ec533) x10 0xfffffff8
core   0: 0x8000a10e (0x3401fc73) csrrci  s8, mscratch, 3
core   0: 3 0x8000a10e (0x3401fc73) x24 0x00000013 c832_mscratch 0x00000010
core   0: 0x8000a112 (0x00008eb2) c.mv    t4, a2
core   0: 3 0x8000a112 (0x8eb2) x29 0x00000000
core   0: 0x8000a114 (0x34002e73) csrr    t3, mscratch
core   0: 3 0x8000a114 (0x34002e73) x28 0x00000010
core   0: 0x8000a118 (0x02faf833) remu    a6, s5, a5
core   0: 3 0x8000a118 (0x02faf833) x16 0xffffffff
core   0: 0x8000a11c (0x9e70e1b7) lui     gp, 0x9e70e
core   0: 3 0x8000a11c (0x9e70e1b7) x3  0x9e70e000
core   0: 0x8000a120 (0x01893f33) sltu    t5, s2, s8
core   0: 3 0x8000a120 (0x01893f33) x30 0x00000001
core   0: 0x8000a124 (0x0000987d) c.andi  s0, -1
core   0: 3 0x8000a124 (0x987d) x8  0xfff7c501
core   0: 0x8000a126 (0x00008fd1) c.or    a5, a2
core   0: 3 0x8000a126 (0x8fd1) x15 0x00000000
core   0: 0x8000a128 (0x00df5263) bge     t5, a3, pc + 4
core   0: 3 0x8000a128 (0x00df5263)
core   0: 0x8000a12c (0x00b580b3) add     ra, a1, a1
core   0: 3 0x8000a12c (0x00b580b3) x1  0x00043cb0
core   0: 0x8000a130 (0x0000177d) c.addi  a4, -1
core   0: 3 0x8000a130 (0x177d) x14 0xffffffff
core   0: 0x8000a132 (0x01769663) bne     a3, s7, pc + 12
core   0: 3 0x8000a132 (0x01769663)
core   0: 0x8000a13e (0x03c4a933) mulhsu  s2, s1, t3
core   0: 3 0x8000a13e (0x03c4a933) x18 0x00000000
core   0: 0x8000a142 (0x01ec80b3) add     ra, s9, t5
core   0: 3 0x8000a142 (0x01ec80b3) x1  0x00000001
core   0: 0x8000a146 (0x340b91f3) csrrw   gp, mscratch, s7
core   0: 3 0x8000a146 (0x340b91f3) x3  0x00000010 c832_mscratch 0x86193fff
core   0: 0x8000a14a (0x02139163) bne     t2, ra, pc + 34
core   0: 3 0x8000a14a (0x02139163)
core   0: 0x8000a16c (0x03909e63) bne     ra, s9, pc + 60
core   0: 3 0x8000a16c (0x03909e63)
core   0: 0x8000a1a8 (0x001a9a13) slli    s4, s5, 1
core   0: 3 0x8000a1a8 (0x001a9a13) x20 0xfffffffe
core   0: 0x8000a1ac (0x039eef33) rem     t5, t4, s9
core   0: 3 0x8000a1ac (0x039eef33) x30 0x00000000
core   0: 0x8000a1b0 (0x00d39e93) slli    t4, t2, 13
core   0: 3 0x8000a1b0 (0x00d39e93) x29 0x00282000
core   0: 0x8000a1b4 (0x34007c73) csrrci  s8, mscratch, 0
core   0: 3 0x8000a1b4 (0x34007c73) x24 0x86193fff
core   0: 0x8000a1b8 (0x0ff0000f) fence   iorw,iorw
core   0: 3 0x8000a1b8 (0x0ff0000f)
core   0: 0x8000a1bc (0x00419993) slli    s3, gp, 4
core   0: 3 0x8000a1bc (0x00419993) x19 0x00000100
core   0: 0x8000a1c0 (0x00004131) c.li    sp, 12
core   0: 3 0x8000a1c0 (0x4131) x2  0x0000000c
core   0: 0x8000a1c2 (0x40e15d33) sra     s10, sp, a4
core   0: 3 0x8000a1c2 (0x40e15d33) x26 0x00000000
core   0: 0x8000a1c6 (0xdeff7d93) andi    s11, t5, -529
core   0: 3 0x8000a1c6 (0xdeff7d93) x27 0x00000000
core   0: 0x8000a1ca (0x0000868a) c.mv    a3, sp
core   0: 3 0x8000a1ca (0x868a) x13 0x0000000c
core   0: 0x8000a1cc (0x01a9d6b3) srl     a3, s3, s10
core   0: 3 0x8000a1cc (0x01a9d6b3) x13 0x00000100
core   0: 0x8000a1d0 (0x20a33193) sltiu   gp, t1, 522
core   0: 3 0x8000a1d0 (0x20a33193) x3  0x00000001
core   0: 0x8000a1d4 (0x0116e6b3) or      a3, a3, a7
core   0: 3 0x8000a1d4 (0x0116e6b3) x13 0x00000100
core   0: 0x8000a1d8 (0x34006a73) csrrsi  s4, mscratch, 0
core   0: 3 0x8000a1d8 (0x34006a73) x20 0x86193fff
core   0: 0x8000a1dc (0x00be1db3) sll     s11, t3, a1
core   0: 3 0x8000a1dc (0x00be1db3) x27 0x10000000
core   0: 0x8000a1e0 (0x00000001) c.nop
core   0: 3 0x8000a1e0 (0x0001)
core   0: 0x8000a1e2 (0x012bb233) sltu    tp, s7, s2
core   0: 3 0x8000a1e2 (0x012bb233) x4  0x00000000
core   0: 0x8000a1e6 (0x0000597d) c.li    s2, -1
core   0: 3 0x8000a1e6 (0x597d) x18 0xffffffff
core   0: 0x8000a1e8 (0x00ea33b3) sltu    t2, s4, a4
core   0: 3 0x8000a1e8 (0x00ea33b3) x7  0x00000001
core   0: 0x8000a1ec (0x00008fad) c.xor   a5, a1
core   0: 3 0x8000a1ec (0x8fad) x15 0x80021e58
core   0: 0x8000a1ee (0x00d25233) srl     tp, tp, a3
core   0: 3 0x8000a1ee (0x00d25233) x4  0x00000000
core   0: 0x8000a1f2 (0x0000612d) c.addi16sp sp, 224
core   0: 3 0x8000a1f2 (0x612d) x2  0x000000ec
core   0: 0x8000a1f4 (0x0000611d) c.addi16sp sp, 416
core   0: 3 0x8000a1f4 (0x611d) x2  0x0000028c
core   0: 0x8000a1f6 (0x03f5a033) mulhsu  zero, a1, t6
core   0: 3 0x8000a1f6 (0x03f5a033)
core   0: 0x8000a1fa (0x004aec63) bltu    s5, tp, pc + 24
core   0: 3 0x8000a1fa (0x004aec63)
core   0: 0x8000a1fe (0x00000001) c.nop
core   0: 3 0x8000a1fe (0x0001)
core   0: 0x8000a200 (0x09ada693) slti    a3, s11, 154
core   0: 3 0x8000a200 (0x09ada693) x13 0x00000000
core   0: 0x8000a204 (0x00008e4d) c.or    a2, a1
core   0: 3 0x8000a204 (0x8e4d) x12 0x80021e58
core   0: 0x8000a206 (0x03118c63) beq     gp, a7, pc + 56
core   0: 3 0x8000a206 (0x03118c63)
core   0: 0x8000a20a (0x41d40833) sub     a6, s0, t4
core   0: 3 0x8000a20a (0x41d40833) x16 0xffcfa501
core   0: 0x8000a20e (0xd6a74c93) xori    s9, a4, -662
core   0: 3 0x8000a20e (0xd6a74c93) x25 0x00000295
core   0: 0x8000a212 (0x00008c9d) c.sub   s1, a5
core   0: 3 0x8000a212 (0x8c9d) x9  0x7ffde1a8
core   0: 0x8000a214 (0x00008f89) c.sub   a5, a0
core   0: 3 0x8000a214 (0x8f89) x15 0x80021e60
core   0: 0x8000a216 (0x8489bc93) sltiu   s9, s3, -1976
core   0: 3 0x8000a216 (0x8489bc93) x25 0x00000001
core   0: 0x8000a21a (0x05ece463) bltu    s9, t5, pc + 72
core   0: 3 0x8000a21a (0x05ece463)
core   0: 0x8000a21e (0x3406e4f3) csrrsi  s1, mscratch, 13
core   0: 3 0x8000a21e (0x3406e4f3) x9  0x86193fff c832_mscratch 0x86193fff
core   0: 0x8000a222 (0x3400d3f3) csrrwi  t2, mscratch, 1
core   0: 3 0x8000a222 (0x3400d3f3) x7  0x86193fff c832_mscratch 0x00000001
core   0: 0x8000a226 (0x0071df13) srli    t5, gp, 7
core   0: 3 0x8000a226 (0x0071df13) x30 0x00000000
core   0: 0x8000a22a (0x05145063) bge     s0, a7, pc + 64
core   0: 3 0x8000a22a (0x05145063)
core   0: 0x8000a22e (0x21a9b713) sltiu   a4, s3, 538
core   0: 3 0x8000a22e (0x21a9b713) x14 0x00000001
core   0: 0x8000a232 (0x03709e63) bne     ra, s7, pc + 60
core   0: 3 0x8000a232 (0x03709e63)
core   0: 0x8000a26e (0x00008ec6) c.mv    t4, a7
core   0: 3 0x8000a26e (0x8ec6) x29 0x00000000
core   0: 0x8000a270 (0x00c5d6b3) srl     a3, a1, a2
core   0: 3 0x8000a270 (0x00c5d6b3) x13 0x00000080
core   0: 0x8000a274 (0x03f15933) divu    s2, sp, t6
core   0: 3 0x8000a274 (0x03f15933) x18 0x00000000
core   0: 0x8000a278 (0x03331563) bne     t1, s3, pc + 42
core   0: 3 0x8000a278 (0x03331563)
core   0: 0x8000a2a2 (0x00008e71) c.and   a2, a2
core   0: 3 0x8000a2a2 (0x8e71) x12 0x80021e58
core   0: 0x8000a2a4 (0x006bcc63) blt     s7, t1, pc + 24
core   0: 3 0x8000a2a4 (0x006bcc63)
core   0: 0x8000a2bc (0x000011fd) c.addi  gp, -1
core   0: 3 0x8000a2bc (0x11fd) x3  0x00000000
core   0: 0x8000a2be (0x00a5db63) bge     a1, a0, pc + 22
core   0: 3 0x8000a2be (0x00a5db63)
core   0: 0x8000a2c2 (0x000080e1) c.srli  s1, 24
core   0: 3 0x8000a2c2 (0x80e1) x9  0x00000086
core   0: 0x8000a2c4 (0x00b95813) srli    a6, s2, 11
core   0: 3 0x8000a2c4 (0x00b95813) x16 0x00000000
core   0: 0x8000a2c8 (0x00006829) c.lui   a6, 0xa
core   0: 3 0x8000a2c8 (0x6829) x16 0x0000a000
core   0: 0x8000a2ca (0x20276713) ori     a4, a4, 514
core   0: 3 0x8000a2ca (0x20276713) x14 0x00000203
core   0: 0x8000a2ce (0xbc1c3ab7) lui     s5, 0xbc1c3
core   0: 3 0x8000a2ce (0xbc1c3ab7) x21 0xbc1c3000
core   0: 0x8000a2d2 (0x00008479) c.srai  s0, 30
core   0: 3 0x8000a2d2 (0x8479) x8  0xffffffff
core   0: 0x8000a2d4 (0x03a289b3) mul     s3, t0, s10
core   0: 3 0x8000a2d4 (0x03a289b3) x19 0x00000000
core   0: 0x8000a2d8 (0x35422913) slti    s2, tp, 852
core   0: 3 0x8000a2d8 (0x35422913) x18 0x00000001
core   0: 0x8000a2dc (0x0005e363) bltu    a1, zero, pc + 6
core   0: 3 0x8000a2dc (0x0005e363)
core   0: 0x8000a2e0 (0x0000ce15) c.beqz  a2, pc + 60
core   0: 3 0x8000a2e0 (0xce15)
core   0: 0x8000a2e2 (0x340b9473) csrrw   s0, mscratch, s7
core   0: 3 0x8000a2e2 (0x340b9473) x8  0x00000001 c832_mscratch 0x86193fff
core   0: 0x8000a2e6 (0x0000678d) c.lui   a5, 0x3
core   0: 3 0x8000a2e6 (0x678d) x15 0x00003000
core   0: 0x8000a2e8 (0x402e5433) sra     s0, t3, sp
core   0: 3 0x8000a2e8 (0x402e5433) x8  0x00000000
core   0: 0x8000a2ec (0x796db493) sltiu   s1, s11, 1942
core   0: 3 0x8000a2ec (0x796db493) x9  0x00000000
core   0: 0x8000a2f0 (0x00008d0d) c.sub   a0, a1
core   0: 3 0x8000a2f0 (0x8d0d) x10 0x7ffde1a0
core   0: 0x8000a2f2 (0x00000001) c.nop
core   0: 3 0x8000a2f2 (0x0001)
core   0: 0x8000a2f4 (0x024740b3) div     ra, a4, tp
core   0: 3 0x8000a2f4 (0x024740b3) x1  0xffffffff
core   0: 0x8000a2f8 (0x340022f3) csrr    t0, mscratch
core   0: 3 0x8000a2f8 (0x340022f3) x5  0x86193fff
core   0: 0x8000a2fc (0x008bd8b3) srl     a7, s7, s0
core   0: 3 0x8000a2fc (0x008bd8b3) x17 0x86193fff
core   0: 0x8000a300 (0x03f1c3b3) div     t2, gp, t6
core   0: 3 0x8000a300 (0x03f1c3b3) x7  0x00000000
core   0: 0x8000a304 (0x0000ce01) c.beqz  a2, pc + 24
core   0: 3 0x8000a304 (0xce01)
core   0: 0x8000a306 (0x40fa5a93) srai    s5, s4, 15
core   0: 3 0x8000a306 (0x40fa5a93) x21 0xffff0c32
core   0: 0x8000a30a (0x20cfca13) xori    s4, t6, 524
core   0: 3 0x8000a30a (0x20cfca13) x20 0x80025ee8
core   0: 0x8000a30e (0x00006c95) c.lui   s9, 0x5
core   0: 3 0x8000a30e (0x6c95) x25 0x00005000
core   0: 0x8000a310 (0x340e68f3) csrrsi  a7, mscratch, 28
core   0: 3 0x8000a310 (0x340e68f3) x17 0x86193fff c832_mscratch 0x86193fff
core   0: 0x8000a314 (0x3407f673) csrrci  a2, mscratch, 15
core   0: 3 0x8000a314 (0x3407f673) x12 0x86193fff c832_mscratch 0x86193ff0
core   0: 0x8000a318 (0x01edd113) srli    sp, s11, 30
core   0: 3 0x8000a318 (0x01edd113) x2  0x00000000
core   0: 0x8000a31c (0x01e89133) sll     sp, a7, t5
core   0: 3 0x8000a31c (0x01e89133) x2  0x86193fff
core   0: 0x8000a320 (0xbd9d4e13) xori    t3, s10, -1063
core   0: 3 0x8000a320 (0xbd9d4e13) x28 0xfffffbd9
core   0: 0x8000a324 (0x872ead93) slti    s11, t4, -1934
core   0: 3 0x8000a324 (0x872ead93) x27 0x00000000
core   0: 0x8000a328 (0x3408eb73) csrrsi  s6, mscratch, 17
core   0: 3 0x8000a328 (0x3408eb73) x22 0x86193ff0 c832_mscratch 0x86193ff1
core   0: 0x8000a32c (0x1fe1fa13) andi    s4, gp, 510
core   0: 3 0x8000a32c (0x1fe1fa13) x20 0x00000000
core   0: 0x8000a330 (0x00006da5) c.lui   s11, 0x9
core   0: 3 0x8000a330 (0x6da5) x27 0x00009000
core   0: 0x8000a332 (0x00ae5a13) srli    s4, t3, 10
core   0: 3 0x8000a332 (0x00ae5a13) x20 0x003ffffe
core   0: 0x8000a336 (0x01f9bb33) sltu    s6, s3, t6
core   0: 3 0x8000a336 (0x01f9bb33) x22 0x00000001
core   0: 0x8000a33a (0x0000083e) c.slli  a6, 15
core   0: 3 0x8000a33a (0x083e) x16 0x50000000
core   0: 0x8000a33c (0x03685e33) divu    t3, a6, s6
core   0: 3 0x8000a33c (0x03685e33) x28 0x50000000
core   0: 0x8000a340 (0x03d5c233) div     tp, a1, t4
core   0: 3 0x8000a340 (0x03d5c233) x4  0xffffffff
core   0: 0x8000a344 (0x340edaf3) csrrwi  s5, mscratch, 29
core   0: 3 0x8000a344 (0x340edaf3) x21 0x86193ff1 c832_mscratch 0x0000001d
core   0: 0x8000a348 (0x03cbda33) divu    s4, s7, t3
core   0: 3 0x8000a348 (0x03cbda33) x20 0x00000001
core   0: 0x8000a34c (0x024340b3) div     ra, t1, tp
core   0: 3 0x8000a34c (0x024340b3) x1  0x00000000
core   0: 0x8000a350 (0x00008162) c.mv    sp, s8
core   0: 3 0x8000a350 (0x8162) x2  0x86193fff
core   0: 0x8000a352 (0x035279b3) remu    s3, tp, s5
core   0: 3 0x8000a352 (0x035279b3) x19 0x79e6c00e
core   0: 0x8000a356 (0x006a51b3) srl     gp, s4, t1
core   0: 3 0x8000a356 (0x006a51b3) x3  0x00000001
core   0: 0x8000a35a (0x01a26eb3) or      t4, tp, s10
core   0: 3 0x8000a35a (0x01a26eb3) x29 0xffffffff
core   0: 0x8000a35e (0x718d8d93) addi    s11, s11, 1816
core   0: 3 0x8000a35e (0x718d8d93) x27 0x00009718
core   0: 0x8000a362 (0x356fac93) slti    s9, t6, 854
core   0: 3 0x8000a362 (0x356fac93) x25 0x00000001
core   0: 0x8000a366 (0x018c57b3) srl     a5, s8, s8
core   0: 3 0x8000a366 (0x018c57b3) x15 0x00000001
core   0: 0x8000a36a (0x0ff0000f) fence   iorw,iorw
core   0: 3 0x8000a36a (0x0ff0000f)
core   0: 0x8000a36e (0x00180133) add     sp, a6, ra
core   0: 3 0x8000a36e (0x00180133) x2  0x50000000
core   0: 0x8000a372 (0x9219c093) xori    ra, s3, -1759
core   0: 3 0x8000a372 (0x9219c093) x1  0x8619392f
core   0: 0x8000a376 (0xbfcd3993) sltiu   s3, s10, -1028
core   0: 3 0x8000a376 (0xbfcd3993) x19 0x00000001
core   0: 0x8000a37a (0x404f0533) sub     a0, t5, tp
core   0: 3 0x8000a37a (0x404f0533) x10 0x00000001
core   0: 0x8000a37e (0x03f9f463) bgeu    s3, t6, pc + 40
core   0: 3 0x8000a37e (0x03f9f463)
core   0: 0x8000a382 (0x0000093a) c.slli  s2, 14
core   0: 3 0x8000a382 (0x093a) x18 0x00004000
core   0: 0x8000a384 (0x00000222) c.slli  tp, 8
core   0: 3 0x8000a384 (0x0222) x4  0xffffff00
core   0: 0x8000a386 (0x00006105) c.addi16sp sp, 32
core   0: 3 0x8000a386 (0x6105) x2  0x50000020
core   0: 0x8000a388 (0x0204c133) div     sp, s1, zero
core   0: 3 0x8000a388 (0x0204c133) x2  0xffffffff
core   0: 0x8000a38c (0x6d9fcb93) xori    s7, t6, 1753
core   0: 3 0x8000a38c (0x6d9fcb93) x23 0x80025a3d
core   0: 0x8000a390 (0x0ff0000f) fence   iorw,iorw
core   0: 3 0x8000a390 (0x0ff0000f)
core   0: 0x8000a394 (0x03c3a633) mulhsu  a2, t2, t3
core   0: 3 0x8000a394 (0x03c3a633) x12 0x00000000
core   0: 0x8000a398 (0x0000807d) c.srli  s0, 31
core   0: 3 0x8000a398 (0x807d) x8  0x00000000
core   0: 0x8000a39a (0x34095173) csrrwi  sp, mscratch, 18
core   0: 3 0x8000a39a (0x34095173) x2  0x0000001d c832_mscratch 0x00000012
core   0: 0x8000a39e (0x00378233) add     tp, a5, gp
core   0: 3 0x8000a39e (0x00378233) x4  0x00000002
core   0: 0x8000a3a2 (0x02ca9163) bne     s5, a2, pc + 34
core   0: 3 0x8000a3a2 (0x02ca9163)
core   0: 0x8000a3c4 (0x000067ed) c.lui   a5, 0x1b
core   0: 3 0x8000a3c4 (0x67ed) x15 0x0001b000
core   0: 0x8000a3c6 (0x0000c81d) c.beqz  s0, pc + 54
core   0: 3 0x8000a3c6 (0xc81d)
core   0: 0x8000a3fc (0x340038f3) csrrc   a7, mscratch, zero
core   0: 3 0x8000a3fc (0x340038f3) x17 0x00000012
core   0: 0x8000a400 (0x34007d73) csrrci  s10, mscratch, 0
core   0: 3 0x8000a400 (0x34007d73) x26 0x00000012
core   0: 0x8000a404 (0x405e5033) sra     zero, t3, t0
core   0: 3 0x8000a404 (0x405e5033)
core   0: 0x8000a408 (0x03943833) mulhu   a6, s0, s9
core   0: 3 0x8000a408 (0x03943833) x16 0x00000000
core   0: 0x8000a40c (0x000068f9) c.lui   a7, 0x1e
core   0: 3 0x8000a40c (0x68f9) x17 0x0001e000
core   0: 0x8000a40e (0x34003973) csrrc   s2, mscratch, zero
core   0: 3 0x8000a40e (0x34003973) x18 0x00000012
core   0: 0x8000a412 (0x93448a17) auipc   s4, 0x93448
core   0: 3 0x8000a412 (0x93448a17) x20 0x13452412
core   0: 0x8000a416 (0x34075973) csrrwi  s2, mscratch, 14
core   0: 3 0x8000a416 (0x34075973) x18 0x00000012 c832_mscratch 0x0000000e
core   0: 0x8000a41a (0x01a862b3) or      t0, a6, s10
core   0: 3 0x8000a41a (0x01a862b3) x5  0x00000012
core   0: 0x8000a41e (0x3409dbf3) csrrwi  s7, mscratch, 19
core   0: 3 0x8000a41e (0x3409dbf3) x23 0x0000000e c832_mscratch 0x00000013
core   0: 0x8000a422 (0x4e190d13) addi    s10, s2, 1249
core   0: 3 0x8000a422 (0x4e190d13) x26 0x000004f3
core   0: 0x8000a426 (0x026e9a63) bne     t4, t1, pc + 52
core   0: 3 0x8000a426 (0x026e9a63)
core   0: 0x8000a45a (0x018a9d93) slli    s11, s5, 24
core   0: 3 0x8000a45a (0x018a9d93) x27 0xf1000000
core   0: 0x8000a45e (0x00fe0233) add     tp, t3, a5
core   0: 3 0x8000a45e (0x00fe0233) x4  0x5001b000
core   0: 0x8000a462 (0x00008c59) c.or    s0, a4
core   0: 3 0x8000a462 (0x8c59) x8  0x00000203
core   0: 0x8000a464 (0x000054fd) c.li    s1, -1
core   0: 3 0x8000a464 (0x54fd) x9  0xffffffff
core   0: 0x8000a466 (0x010548b3) xor     a7, a0, a6
core   0: 3 0x8000a466 (0x010548b3) x17 0x00000001
core   0: 0x8000a46a (0x00512db3) slt     s11, sp, t0
core   0: 3 0x8000a46a (0x00512db3) x27 0x00000000
core   0: 0x8000a46e (0x5bd90193) addi    gp, s2, 1469
core   0: 3 0x8000a46e (0x5bd90193) x3  0x000005cf
core   0: 0x8000a472 (0x0000717d) c.addi16sp sp, -16
core   0: 3 0x8000a472 (0x717d) x2  0x0000000d
core   0: 0x8000a474 (0x010d67b3) or      a5, s10, a6
core   0: 3 0x8000a474 (0x010d67b3) x15 0x000004f3
core   0: 0x8000a478 (0x00009a7d) c.andi  a2, -1
core   0: 3 0x8000a478 (0x9a7d) x12 0x00000000
core   0: 0x8000a47a (0x00008029) c.srli  s0, 10
core   0: 3 0x8000a47a (0x8029) x8  0x00000000
core   0: 0x8000a47c (0xc8675637) lui     a2, 0xc8675
core   0: 3 0x8000a47c (0xc8675637) x12 0xc8675000
core   0: 0x8000a480 (0x0374ed33) rem     s10, s1, s7
core   0: 3 0x8000a480 (0x0374ed33) x26 0xffffffff
core   0: 0x8000a484 (0x028c6363) bltu    s8, s0, pc + 38
core   0: 3 0x8000a484 (0x028c6363)
core   0: 0x8000a488 (0x0000609d) c.lui   ra, 0x7
core   0: 3 0x8000a488 (0x609d) x1  0x00007000
core   0: 0x8000a48a (0x03b997b3) mulh    a5, s3, s11
core   0: 3 0x8000a48a (0x03b997b3) x15 0x00000000
core   0: 0x8000a48e (0x018c1363) bne     s8, s8, pc + 6
core   0: 3 0x8000a48e (0x018c1363)
core   0: 0x8000a492 (0x00000001) c.nop
core   0: 3 0x8000a492 (0x0001)
core   0: 0x8000a494 (0x000091e6) c.add   gp, s9
core   0: 3 0x8000a494 (0x91e6) x3  0x000005d0
core   0: 0x8000a496 (0x34061e73) csrrw   t3, mscratch, a2
core   0: 3 0x8000a496 (0x34061e73) x28 0x00000013 c832_mscratch 0xc8675000
core   0: 0x8000a49a (0x00008156) c.mv    sp, s5
core   0: 3 0x8000a49a (0x8156) x2  0x86193ff1
core   0: 0x8000a49c (0x92fda613) slti    a2, s11, -1745
core   0: 3 0x8000a49c (0x92fda613) x12 0x00000000
core   0: 0x8000a4a0 (0x0000c481) c.beqz  s1, pc + 8
core   0: 3 0x8000a4a0 (0xc481)
core   0: 0x8000a4a2 (0x000063a9) c.lui   t2, 0xa
core   0: 3 0x8000a4a2 (0x63a9) x7  0x0000a000
core   0: 0x8000a4a4 (0x34033673) csrrc   a2, mscratch, t1
core   0: 3 0x8000a4a4 (0x34033673) x12 0xc8675000 c832_mscratch 0xc8675000
core   0: 0x8000a4a8 (0x00008625) c.srai  a2, 9
core   0: 3 0x8000a4a8 (0x8625) x12 0xffe433a8
core   0: 0x8000a4aa (0x00761db3) sll     s11, a2, t2
core   0: 3 0x8000a4aa (0x00761db3) x27 0xffe433a8
core   0: 0x8000a4ae (0x000049ed) c.li    s3, 27
core   0: 3 0x8000a4ae (0x49ed) x19 0x0000001b
core   0: 0x8000a4b0 (0x00080bb3) add     s7, a6, zero
core   0: 3 0x8000a4b0 (0x00080bb3) x23 0x00000000
core   0: 0x8000a4b4 (0xb8031197) auipc   gp, 0xb8031
core   0: 3 0x8000a4b4 (0xb8031197) x3  0x3803b4b4
core   0: 0x8000a4b8 (0x00000001) c.nop
core   0: 3 0x8000a4b8 (0x0001)
core   0: 0x8000a4ba (0x0000ea0d) c.bnez  a2, pc + 50
core   0: 3 0x8000a4ba (0xea0d)
core   0: 0x8000a4ec (0x34081a73) csrrw   s4, mscratch, a6
core   0: 3 0x8000a4ec (0x34081a73) x20 0xc8675000 c832_mscratch 0x00000000
core   0: 0x8000a4f0 (0x00008055) c.srli  s0, 21
core   0: 3 0x8000a4f0 (0x8055) x8  0x00000000
core   0: 0x8000a4f2 (0x001f09b3) add     s3, t5, ra
core   0: 3 0x8000a4f2 (0x001f09b3) x19 0x00007000
core   0: 0x8000a4f6 (0x008652b3) srl     t0, a2, s0
core   0: 3 0x8000a4f6 (0x008652b3) x5  0xffe433a8
core   0: 0x8000a4fa (0x340161f3) csrrsi  gp, mscratch, 2
core   0: 3 0x8000a4fa (0x340161f3) x3  0x00000000 c832_mscratch 0x00000002
core   0: 0x8000a4fe (0xc545e113) ori     sp, a1, -940
core   0: 3 0x8000a4fe (0xc545e113) x2  0xfffffe5c
core   0: 0x8000a502 (0x00e4d513) srli    a0, s1, 14
core   0: 3 0x8000a502 (0x00e4d513) x10 0x0003ffff
core   0: 0x8000a506 (0x4096dd93) srai    s11, a3, 9
core   0: 3 0x8000a506 (0x4096dd93) x27 0x00000000
core   0: 0x8000a50a (0x0000567d) c.li    a2, -1
core   0: 3 0x8000a50a (0x567d) x12 0xffffffff
core   0: 0x8000a50c (0x000006fe) c.slli  a3, 31
core   0: 3 0x8000a50c (0x06fe) x13 0x00000000
core   0: 0x8000a50e (0x9c308c93) addi    s9, ra, -1597
core   0: 3 0x8000a50e (0x9c308c93) x25 0x000069c3
core   0: 0x8000a512 (0x000067e9) c.lui   a5, 0x1a
core   0: 3 0x8000a512 (0x67e9) x15 0x0001a000
core   0: 0x8000a514 (0x00259713) slli    a4, a1, 2
core   0: 3 0x8000a514 (0x00259713) x14 0x00087960
core   0: 0x8000a518 (0x00d3ef33) or      t5, t2, a3
core   0: 3 0x8000a518 (0x00d3ef33) x30 0x0000a000
core   0: 0x8000a51c (0x0000069c) c.addi4spn a5, sp, 832
core   0: 3 0x8000a51c (0x069c) x15 0x0000019c
core   0: 0x8000a51e (0x00006171) c.addi16sp sp, 336
core   0: 3 0x8000a51e (0x6171) x2  0xffffffac
core   0: 0x8000a520 (0x0302ee33) rem     t3, t0, a6
core   0: 3 0x8000a520 (0x0302ee33) x28 0xffe433a8
core   0: 0x8000a524 (0x40738ab3) sub     s5, t2, t2
core   0: 3 0x8000a524 (0x40738ab3) x21 0x00000000
core   0: 0x8000a528 (0x34002073) csrr    zero, mscratch
core   0: 3 0x8000a528 (0x34002073)
core   0: 0x8000a52c (0x340dd3f3) csrrwi  t2, mscratch, 27
core   0: 3 0x8000a52c (0x340dd3f3) x7  0x00000002 c832_mscratch 0x0000001b
core   0: 0x8000a530 (0x6ddf7b93) andi    s7, t5, 1757
core   0: 3 0x8000a530 (0x6ddf7b93) x23 0x00000000
core   0: 0x8000a534 (0x01389763) bne     a7, s3, pc + 14
core   0: 3 0x8000a534 (0x01389763)
core   0: 0x8000a542 (0x00755f33) srl     t5, a0, t2
core   0: 3 0x8000a542 (0x00755f33) x30 0x0000ffff
core   0: 0x8000a546 (0x984f8bb7) lui     s7, 0x984f8
core   0: 3 0x8000a546 (0x984f8bb7) x23 0x984f8000
core   0: 0x8000a54a (0x6fee3c93) sltiu   s9, t3, 1790
core   0: 3 0x8000a54a (0x6fee3c93) x25 0x00000000
core   0: 0x8000a54e (0x0273b8b3) mulhu   a7, t2, t2
core   0: 3 0x8000a54e (0x0273b8b3) x17 0x00000000
core   0: 0x8000a552 (0x02d406b3) mul     a3, s0, a3
core   0: 3 0x8000a552 (0x02d406b3) x13 0x00000000
core   0: 0x8000a556 (0x4097d0b3) sra     ra, a5, s1
core   0: 3 0x8000a556 (0x4097d0b3) x1  0x00000000
core   0: 0x8000a55a (0x0000c39d) c.beqz  a5, pc + 38
core   0: 3 0x8000a55a (0xc39d)
core   0: 0x8000a55c (0x00000001) c.nop
core   0: 3 0x8000a55c (0x0001)
core   0: 0x8000a55e (0x01881b13) slli    s6, a6, 24
core   0: 3 0x8000a55e (0x01881b13) x22 0x00000000
core   0: 0x8000a562 (0x00008cc1) c.or    s1, s0
core   0: 3 0x8000a562 (0x8cc1) x9  0xffffffff
core   0: 0x8000a564 (0x02258db3) mul     s11, a1, sp
core   0: 3 0x8000a564 (0x02258db3) x27 0xff4e0b20
core   0: 0x8000a568 (0x21e2c913) xori    s2, t0, 542
core   0: 3 0x8000a568 (0x21e2c913) x18 0xffe431b6
core   0: 0x8000a56c (0xbd730e93) addi    t4, t1, -1065
core   0: 3 0x8000a56c (0xbd730e93) x29 0xfffffbd7
core   0: 0x8000a570 (0x409c5293) srai    t0, s8, 9
core   0: 3 0x8000a570 (0x409c5293) x5  0xffc30c9f
core   0: 0x8000a574 (0x0000ce15) c.beqz  a2, pc + 60
core   0: 3 0x8000a574 (0xce15)
core   0: 0x8000a576 (0x002e0633) add     a2, t3, sp
core   0: 3 0x8000a576 (0x002e0633) x12 0xffe43354
core   0: 0x8000a57a (0x00008f05) c.sub   a4, s1
core   0: 3 0x8000a57a (0x8f05) x14 0x00087961
core   0: 0x8000a57c (0x01b6c733) xor     a4, a3, s11
core   0: 3 0x8000a57c (0x01b6c733) x14 0xff4e0b20
core   0: 0x8000a580 (0x004b9eb3) sll     t4, s7, tp
core   0: 3 0x8000a580 (0x004b9eb3) x29 0x984f8000
core   0: 0x8000a584 (0x41fe5d13) srai    s10, t3, 31
core   0: 3 0x8000a584 (0x41fe5d13) x26 0xffffffff
core   0: 0x8000a588 (0x53baae97) auipc   t4, 0x53baa
core   0: 3 0x8000a588 (0x53baae97) x29 0xd3bb4588
core   0: 0x8000a58c (0x00008cc9) c.or    s1, a0
core   0: 3 0x8000a58c (0x8cc9) x9  0xffffffff
core   0: 0x8000a58e (0x011f7cb3) and     s9, t5, a7
core   0: 3 0x8000a58e (0x011f7cb3) x25 0x00000000
core   0: 0x8000a592 (0x00006655) c.lui   a2, 0x15
core   0: 3 0x8000a592 (0x6655) x12 0x00015000
core   0: 0x8000a594 (0x03c86b33) rem     s6, a6, t3
core   0: 3 0x8000a594 (0x03c86b33) x22 0x00000000
core   0: 0x8000a598 (0x41d8db13) srai    s6, a7, 29
core   0: 3 0x8000a598 (0x41d8db13) x22 0x00000000
core   0: 0x8000a59c (0x0ff0000f) fence   iorw,iorw
core   0: 3 0x8000a59c (0x0ff0000f)
core   0: 0x8000a5a0 (0x00000001) c.nop
core   0: 3 0x8000a5a0 (0x0001)
core   0: 0x8000a5a2 (0x2709f793) andi    a5, s3, 624
core   0: 3 0x8000a5a2 (0x2709f793) x15 0x00000000
core   0: 0x8000a5a6 (0x00008d29) c.xor   a0, a0
core   0: 3 0x8000a5a6 (0x8d29) x10 0x00000000
core   0: 0x8000a5a8 (0x00653d33) sltu    s10, a0, t1
core   0: 3 0x8000a5a8 (0x00653d33) x26 0x00000000
core   0: 0x8000a5ac (0x000009aa) c.slli  s3, 10
core   0: 3 0x8000a5ac (0x09aa) x19 0x01c00000
core   0: 0x8000a5ae (0x00000001) c.nop
core   0: 3 0x8000a5ae (0x0001)
core   0: 0x8000a5b0 (0x00000001) c.nop
core   0: 3 0x8000a5b0 (0x0001)
core   0: 0x8000a5b2 (0x000000fa) c.slli  ra, 30
core   0: 3 0x8000a5b2 (0x00fa) x1  0x00000000
core   0: 0x8000a5b4 (0x00008425) c.srai  s0, 9
core   0: 3 0x8000a5b4 (0x8425) x8  0x00000000
core   0: 0x8000a5b6 (0x00008ab5) c.andi  a3, 13
core   0: 3 0x8000a5b6 (0x8ab5) x13 0x00000000
core   0: 0x8000a5b8 (0x00005d7d) c.li    s10, -1
core   0: 3 0x8000a5b8 (0x5d7d) x26 0xffffffff
core   0: 0x8000a5ba (0x01611d63) bne     sp, s6, pc + 26
core   0: 3 0x8000a5ba (0x01611d63)
core   0: 0x8000a5d4 (0x01ec5663) bge     s8, t5, pc + 12
core   0: 3 0x8000a5d4 (0x01ec5663)
core   0: 0x8000a5d8 (0x0579c563) blt     s3, s7, pc + 74
core   0: 3 0x8000a5d8 (0x0579c563)
core   0: 0x8000a5dc (0x000e8663) beqz    t4, pc + 12
core   0: 3 0x8000a5dc (0x000e8663)
core   0: 0x8000a5e0 (0x0112b033) sltu    zero, t0, a7
core   0: 3 0x8000a5e0 (0x0112b033)
core   0: 0x8000a5e4 (0x2e547c13) andi    s8, s0, 741
core   0: 3 0x8000a5e4 (0x2e547c13) x24 0x00000000
core   0: 0x8000a5e8 (0x02995bb3) divu    s7, s2, s1
core   0: 3 0x8000a5e8 (0x02995bb3) x23 0x00000000
core   0: 0x8000a5ec (0x0112bd33) sltu    s10, t0, a7
core   0: 3 0x8000a5ec (0x0112bd33) x26 0x00000000
core   0: 0x8000a5f0 (0x03ce83b3) mul     t2, t4, t3
core   0: 3 0x8000a5f0 (0x03ce83b3) x7  0xa6dfb940
core   0: 0x8000a5f4 (0x00008735) c.srai  a4, 13
core   0: 3 0x8000a5f4 (0x8735) x14 0xfffffa70
core   0: 0x8000a5f6 (0x005a4463) blt     s4, t0, pc + 8
core   0: 3 0x8000a5f6 (0x005a4463)
core   0: 0x8000a5fe (0x02bb8633) mul     a2, s7, a1
core   0: 3 0x8000a5fe (0x02bb8633) x12 0x00000000
core   0: 0x8000a602 (0x00008d1d) c.sub   a0, a5
core   0: 3 0x8000a602 (0x8d1d) x10 0x00000000
core   0: 0x8000a604 (0x4075dc13) srai    s8, a1, 7
core   0: 3 0x8000a604 (0x4075dc13) x24 0xff00043c
core   0: 0x8000a608 (0x34087673) csrrci  a2, mscratch, 16
core   0: 3 0x8000a608 (0x34087673) x12 0x0000001b c832_mscratch 0x0000000b
core   0: 0x8000a60c (0xf1600213) li      tp, -234
core   0: 3 0x8000a60c (0xf1600213) x4  0xffffff16
core   0: 0x8000a610 (0x00000001) c.nop
core   0: 3 0x8000a610 (0x0001)
core   0: 0x8000a612 (0x02ca86b3) mul     a3, s5, a2
core   0: 3 0x8000a612 (0x02ca86b3) x13 0x00000000
core   0: 0x8000a616 (0x04911063) bne     sp, s1, pc + 64
core   0: 3 0x8000a616 (0x04911063)
core   0: 0x8000a656 (0x00268833) add     a6, a3, sp
core   0: 3 0x8000a656 (0x00268833) x16 0xffffffac
core   0: 0x8000a65a (0x0000613d) c.addi16sp sp, 480
core   0: 3 0x8000a65a (0x613d) x2  0x0000018c
core   0: 0x8000a65c (0x020c4733) div     a4, s8, zero
core   0: 3 0x8000a65c (0x020c4733) x14 0xffffffff
core   0: 0x8000a660 (0x34007273) csrrci  tp, mscratch, 0
core   0: 3 0x8000a660 (0x34007273) x4  0x0000000b
core   0: 0x8000a664 (0x16a76793) ori     a5, a4, 362
core   0: 3 0x8000a664 (0x16a76793) x15 0xffffffff
core   0: 0x8000a668 (0x3405d173) csrrwi  sp, mscratch, 11
core   0: 3 0x8000a668 (0x3405d173) x2  0x0000000b c832_mscratch 0x0000000b
core   0: 0x8000a66c (0x0375c163) blt     a1, s7, pc + 34
core   0: 3 0x8000a66c (0x0375c163)
core   0: 0x8000a68e (0x731e8213) addi    tp, t4, 1841
core   0: 3 0x8000a68e (0x731e8213) x4  0xd3bb4cb9
core   0: 0x8000a692 (0x0284c933) div     s2, s1, s0
core   0: 3 0x8000a692 (0x0284c933) x18 0xffffffff
core   0: 0x8000a696 (0x0169d263) bge     s3, s6, pc + 4
core   0: 3 0x8000a696 (0x0169d263)
core   0: 0x8000a69a (0x3405aaf3) csrrs   s5, mscratch, a1
core   0: 3 0x8000a69a (0x3405aaf3) x21 0x0000000b c832_mscratch 0x80021e5b
core   0: 0x8000a69e (0x01abf933) and     s2, s7, s10
core   0: 3 0x8000a69e (0x01abf933) x18 0x00000000
core   0: 0x8000a6a2 (0x002ecc63) blt     t4, sp, pc + 24
core   0: 3 0x8000a6a2 (0x002ecc63)
core   0: 0x8000a6ba (0x03f3f3b3) remu    t2, t2, t6
core   0: 3 0x8000a6ba (0x03f3f3b3) x7  0x26dd5c5c
core   0: 0x8000a6be (0x038434b3) mulhu   s1, s0, s8
core   0: 3 0x8000a6be (0x038434b3) x9  0x00000000
core   0: 0x8000a6c2 (0x402b5c13) srai    s8, s6, 2
core   0: 3 0x8000a6c2 (0x402b5c13) x24 0x00000000
core   0: 0x8000a6c6 (0x00000e62) c.slli  t3, 24
core   0: 3 0x8000a6c6 (0x0e62) x28 0xa8000000
core   0: 0x8000a6c8 (0x01f47463) bgeu    s0, t6, pc + 8
core   0: 3 0x8000a6c8 (0x01f47463)
core   0: 0x8000a6cc (0x340f6173) csrrsi  sp, mscratch, 30
core   0: 3 0x8000a6cc (0x340f6173) x2  0x80021e5b c832_mscratch 0x80021e5f
core   0: 0x8000a6d0 (0x000013fd) c.addi  t2, -1
core   0: 3 0x8000a6d0 (0x13fd) x7  0x26dd5c5b
core   0: 0x8000a6d2 (0x00008cda) c.mv    s9, s6
core   0: 3 0x8000a6d2 (0x8cda) x25 0x00000000
core   0: 0x8000a6d4 (0x04b14163) blt     sp, a1, pc + 66
core   0: 3 0x8000a6d4 (0x04b14163)
core   0: 0x8000a6d8 (0x01eb6d63) bltu    s6, t5, pc + 26
core   0: 3 0x8000a6d8 (0x01eb6d63)
core   0: 0x8000a6f2 (0x01a4d413) srli    s0, s1, 26
core   0: 3 0x8000a6f2 (0x01a4d413) x8  0x00000000
core   0: 0x8000a6f6 (0x0000ee01) c.bnez  a2, pc + 24
core   0: 3 0x8000a6f6 (0xee01)
core   0: 0x8000a70e (0x01744263) blt     s0, s7, pc + 4
core   0: 3 0x8000a70e (0x01744263)
core   0: 0x8000a712 (0x8f264793) xori    a5, a2, -1806
core   0: 3 0x8000a712 (0x8f264793) x15 0xfffff8e9
core   0: 0x8000a716 (0xa00a0813) addi    a6, s4, -1536
core   0: 3 0x8000a716 (0xa00a0813) x16 0xc8674a00
core   0: 0x8000a71a (0x00e85eb3) srl     t4, a6, a4
core   0: 3 0x8000a71a (0x00e85eb3) x29 0x00000001
core   0: 0x8000a71e (0xf60ca693) slti    a3, s9, -160
core   0: 3 0x8000a71e (0xf60ca693) x13 0x00000000
core   0: 0x8000a722 (0x0089b3b3) sltu    t2, s3, s0
core   0: 3 0x8000a722 (0x0089b3b3) x7  0x00000000
core   0: 0x8000a726 (0x000084a5) c.srai  s1, 9
core   0: 3 0x8000a726 (0x84a5) x9  0x00000000
core   0: 0x8000a728 (0x02ec4863) blt     s8, a4, pc + 48
core   0: 3 0x8000a728 (0x02ec4863)
core   0: 0x8000a72c (0x0000c011) c.beqz  s0, pc + 4
core   0: 3 0x8000a72c (0xc011)
core   0: 0x8000a730 (0x0294f133) remu    sp, s1, s1
core   0: 3 0x8000a730 (0x0294f133) x2  0x00000000
core   0: 0x8000a734 (0x01ca0933) add     s2, s4, t3
core   0: 3 0x8000a734 (0x01ca0933) x18 0x70675000
core   0: 0x8000a738 (0x02e46033) rem     zero, s0, a4
core   0: 3 0x8000a738 (0x02e46033)
core   0: 0x8000a73c (0x3406d173) csrrwi  sp, mscratch, 13
core   0: 3 0x8000a73c (0x3406d173) x2  0x80021e5f c832_mscratch 0x0000000d
core   0: 0x8000a740 (0x029ec833) div     a6, t4, s1
core   0: 3 0x8000a740 (0x029ec833) x16 0xffffffff
core   0: 0x8000a744 (0x0234b433) mulhu   s0, s1, gp
core   0: 3 0x8000a744 (0x0234b433) x8  0x00000000
core   0: 0x8000a748 (0x6c14f517) auipc   a0, 0x6c14f
core   0: 3 0x8000a748 (0x6c14f517) x10 0xec159748
core   0: 0x8000a74c (0x00e84733) xor     a4, a6, a4
core   0: 3 0x8000a74c (0x00e84733) x14 0x00000000
core   0: 0x8000a750 (0x24378d13) addi    s10, a5, 579
core   0: 3 0x8000a750 (0x24378d13) x26 0xfffffb2c
core   0: 0x8000a754 (0x029afdb3) remu    s11, s5, s1
core   0: 3 0x8000a754 (0x029afdb3) x27 0x0000000b
core   0: 0x8000a758 (0x033086b3) mul     a3, ra, s3
core   0: 3 0x8000a758 (0x033086b3) x13 0x00000000
core   0: 0x8000a75c (0x00009bfd) c.andi  a5, -1
core   0: 3 0x8000a75c (0x9bfd) x15 0xfffff8e9
core   0: 0x8000a75e (0x010853b3) srl     t2, a6, a6
core   0: 3 0x8000a75e (0x010853b3) x7  0x00000001
core   0: 0x8000a762 (0x41d35c33) sra     s8, t1, t4
core   0: 3 0x8000a762 (0x41d35c33) x24 0x00000000
core   0: 0x8000a766 (0x000082ad) c.srli  a3, 11
core   0: 3 0x8000a766 (0x82ad) x13 0x00000000
core   0: 0x8000a768 (0x0ff0000f) fence   iorw,iorw
core   0: 3 0x8000a768 (0x0ff0000f)
core   0: 0x8000a76c (0xca030697) auipc   a3, 0xca030
core   0: 3 0x8000a76c (0xca030697) x13 0x4a03a76c
core   0: 0x8000a770 (0x40a45c93) srai    s9, s0, 10
core   0: 3 0x8000a770 (0x40a45c93) x25 0x00000000
core   0: 0x8000a774 (0x00000001) c.nop
core   0: 3 0x8000a774 (0x0001)
core   0: 0x8000a776 (0x00000001) c.nop
core   0: 3 0x8000a776 (0x0001)
core   0: 0x8000a778 (0x01590a33) add     s4, s2, s5
core   0: 3 0x8000a778 (0x01590a33) x20 0x7067500b
core   0: 0x8000a77c (0x00004cc9) c.li    s9, 18
core   0: 3 0x8000a77c (0x4cc9) x25 0x00000012
core   0: 0x8000a77e (0x018f9d93) slli    s11, t6, 24
core   0: 3 0x8000a77e (0x018f9d93) x27 0xe4000000
core   0: 0x8000a782 (0x03aca533) mulhsu  a0, s9, s10
core   0: 3 0x8000a782 (0x03aca533) x10 0x00000011
core   0: 0x8000a786 (0x00008f79) c.and   a4, a4
core   0: 3 0x8000a786 (0x8f79) x14 0x00000000
core   0: 0x8000a788 (0x00008ef9) c.and   a3, a4
core   0: 3 0x8000a788 (0x8ef9) x13 0x00000000
core   0: 0x8000a78a (0x0442c163) blt     t0, tp, pc + 66
core   0: 3 0x8000a78a (0x0442c163)
core   0: 0x8000a78e (0x00000cda) c.slli  s9, 22
core   0: 3 0x8000a78e (0x0cda) x25 0x04800000
core   0: 0x8000a790 (0x00000dca) c.slli  s11, 18
core   0: 3 0x8000a790 (0x0dca) x27 0x00000000
core   0: 0x8000a792 (0xd88e5237) lui     tp, 0xd88e5
core   0: 3 0x8000a792 (0xd88e5237) x4  0xd88e5000
core   0: 0x8000a796 (0x0024bd33) sltu    s10, s1, sp
core   0: 3 0x8000a796 (0x0024bd33) x26 0x00000001
core   0: 0x8000a79a (0xd6a8e293) ori     t0, a7, -662
core   0: 3 0x8000a79a (0xd6a8e293) x5  0xfffffd6a
core   0: 0x8000a79e (0x0129e3b3) or      t2, s3, s2
core   0: 3 0x8000a79e (0x0129e3b3) x7  0x71e75000
core   0: 0x8000a7a2 (0x01e3dc33) srl     s8, t2, t5
core   0: 3 0x8000a7a2 (0x01e3dc33) x24 0x00000000
core   0: 0x8000a7a6 (0x3409dc73) csrrwi  s8, mscratch, 19
core   0: 3 0x8000a7a6 (0x3409dc73) x24 0x0000000d c832_mscratch 0x00000013
core   0: 0x8000a7aa (0x00000001) c.nop
core   0: 3 0x8000a7aa (0x0001)
core   0: 0x8000a7ac (0x01c87533) and     a0, a6, t3
core   0: 3 0x8000a7ac (0x01c87533) x10 0xa8000000
core   0: 0x8000a7b0 (0x305aca13) xori    s4, s5, 773
core   0: 3 0x8000a7b0 (0x305aca13) x20 0x0000030e
core   0: 0x8000a7b4 (0x01ad12b3) sll     t0, s10, s10
core   0: 3 0x8000a7b4 (0x01ad12b3) x5  0x00000002
core   0: 0x8000a7b8 (0x00cc5513) srli    a0, s8, 12
core   0: 3 0x8000a7b8 (0x00cc5513) x10 0x00000000
core   0: 0x8000a7bc (0x000086dd) c.srai  a3, 23
core   0: 3 0x8000a7bc (0x86dd) x13 0x00000000
core   0: 0x8000a7be (0x34007773) csrrci  a4, mscratch, 0
core   0: 3 0x8000a7be (0x34007773) x14 0x00000013
core   0: 0x8000a7c2 (0x00009a7d) c.andi  a2, -1
core   0: 3 0x8000a7c2 (0x9a7d) x12 0x0000001b
core   0: 0x8000a7c4 (0x00009a32) c.add   s4, a2
core   0: 3 0x8000a7c4 (0x9a32) x20 0x00000329
core   0: 0x8000a7c6 (0x0000e29d) c.bnez  a3, pc + 38
core   0: 3 0x8000a7c6 (0xe29d)
core   0: 0x8000a7c8 (0x00a45d93) srli    s11, s0, 10
core   0: 3 0x8000a7c8 (0x00a45d93) x27 0x00000000
core   0: 0x8000a7cc (0x02448db3) mul     s11, s1, tp
core   0: 3 0x8000a7cc (0x02448db3) x27 0x00000000
core   0: 0x8000a7d0 (0x006d8863) beq     s11, t1, pc + 16
core   0: 3 0x8000a7d0 (0x006d8863)
core   0: 0x8000a7e0 (0x00008891) c.andi  s1, 4
core   0: 3 0x8000a7e0 (0x8891) x9  0x00000000
core   0: 0x8000a7e2 (0x00006bed) c.lui   s7, 0x1b
core   0: 3 0x8000a7e2 (0x6bed) x23 0x0001b000
core   0: 0x8000a7e4 (0x00008a22) c.mv    s4, s0
core   0: 3 0x8000a7e4 (0x8a22) x20 0x00000000
core   0: 0x8000a7e6 (0x0000c911) c.beqz  a0, pc + 20
core   0: 3 0x8000a7e6 (0xc911)
core   0: 0x8000a7fa (0x000080bd) c.srli  s1, 15
core   0: 3 0x8000a7fa (0x80bd) x9  0x00000000
core   0: 0x8000a7fc (0x01a54263) blt     a0, s10, pc + 4
core   0: 3 0x8000a7fc (0x01a54263)
core   0: 0x8000a800 (0x00008e91) c.sub   a3, a2
core   0: 3 0x8000a800 (0x8e91) x13 0xffffffe5
core   0: 0x8000a802 (0x02ddf233) remu    tp, s11, a3
core   0: 3 0x8000a802 (0x02ddf233) x4  0x00000000
core   0: 0x8000a806 (0x340ed3f3) csrrwi  t2, mscratch, 29
core   0: 3 0x8000a806 (0x340ed3f3) x7  0x00000013 c832_mscratch 0x0000001d
core   0: 0x8000a80a (0x035f7033) remu    zero, t5, s5
core   0: 3 0x8000a80a (0x035f7033)
core   0: 0x8000a80e (0x00009b7d) c.andi  a4, -1
core   0: 3 0x8000a80e (0x9b7d) x14 0x00000013
core   0: 0x8000a810 (0x00531663) bne     t1, t0, pc + 12
core   0: 3 0x8000a810 (0x00531663)
core   0: 0x8000a81c (0x0072f733) and     a4, t0, t2
core   0: 3 0x8000a81c (0x0072f733) x14 0x00000002
core   0: 0x8000a820 (0x3405d873) csrrwi  a6, mscratch, 11
core   0: 3 0x8000a820 (0x3405d873) x16 0x0000001d c832_mscratch 0x0000000b
core   0: 0x8000a824 (0x01614233) xor     tp, sp, s6
core   0: 3 0x8000a824 (0x01614233) x4  0x80021e5f
core   0: 0x8000a828 (0x0000717d) c.addi16sp sp, -16
core   0: 3 0x8000a828 (0x717d) x2  0x80021e4f
core   0: 0x8000a82a (0x34091af3) csrrw   s5, mscratch, s2
core   0: 3 0x8000a82a (0x34091af3) x21 0x0000000b c832_mscratch 0x70675000
core   0: 0x8000a82e (0x019ffe63) bgeu    t6, s9, pc + 28
core   0: 3 0x8000a82e (0x019ffe63)
core   0: 0x8000a84a (0x00008daa) c.mv    s11, a0
core   0: 3 0x8000a84a (0x8daa) x27 0x00000000
core   0: 0x8000a84c (0x0314d033) divu    zero, s1, a7
core   0: 3 0x8000a84c (0x0314d033)
core   0: 0x8000a850 (0x037daeb3) mulhsu  t4, s11, s7
core   0: 3 0x8000a850 (0x037daeb3) x29 0x00000000
core   0: 0x8000a854 (0x000082c9) c.srli  a3, 18
core   0: 3 0x8000a854 (0x82c9) x13 0x00003fff
core   0: 0x8000a856 (0x46a00c13) li      s8, 1130
core   0: 3 0x8000a856 (0x46a00c13) x24 0x0000046a
core   0: 0x8000a85a (0x022ad163) bge     s5, sp, pc + 34
core   0: 3 0x8000a85a (0x022ad163)
core   0: 0x8000a87c (0xbb551197) auipc   gp, 0xbb551
core   0: 3 0x8000a87c (0xbb551197) x3  0x3b55b87c
core   0: 0x8000a880 (0x00004e45) c.li    t3, 17
core   0: 3 0x8000a880 (0x4e45) x28 0x00000011
core   0: 0x8000a882 (0x03ec8833) mul     a6, s9, t5
core   0: 3 0x8000a882 (0x03ec8833) x16 0xfb800000
core   0: 0x8000a886 (0x0e5a3417) auipc   s0, 0xe5a3
core   0: 3 0x8000a886 (0x0e5a3417) x8  0x8e5ad886
core   0: 0x8000a88a (0x340070f3) csrrci  ra, mscratch, 0
core   0: 3 0x8000a88a (0x340070f3) x1  0x70675000
core   0: 0x8000a88e (0x03527133) remu    sp, tp, s5
core   0: 3 0x8000a88e (0x03527133) x2  0x00000007
core   0: 0x8000a892 (0x3400f6f3) csrrci  a3, mscratch, 1
core   0: 3 0x8000a892 (0x3400f6f3) x13 0x70675000 c832_mscratch 0x70675000
core   0: 0x8000a896 (0x0088ef33) or      t5, a7, s0
core   0: 3 0x8000a896 (0x0088ef33) x30 0x8e5ad886
core   0: 0x8000a89a (0x00000001) c.nop
core   0: 3 0x8000a89a (0x0001)
core   0: 0x8000a89c (0x031e92b3) mulh    t0, t4, a7
core   0: 3 0x8000a89c (0x031e92b3) x5  0x00000000
core   0: 0x8000a8a0 (0x0204c163) bltz    s1, pc + 34
core   0: 3 0x8000a8a0 (0x0204c163)
core   0: 0x8000a8a4 (0x02141b33) mulh    s6, s0, ra
core   0: 3 0x8000a8a4 (0x02141b33) x22 0xce19e1c4
core   0: 0x8000a8a8 (0x403bd6b3) sra     a3, s7, gp
core   0: 3 0x8000a8a8 (0x403bd6b3) x13 0x00000000
core   0: 0x8000a8ac (0x413e01b3) sub     gp, t3, s3
core   0: 3 0x8000a8ac (0x413e01b3) x3  0xfe400011
core   0: 0x8000a8b0 (0x01f2fe33) and     t3, t0, t6
core   0: 3 0x8000a8b0 (0x01f2fe33) x28 0x00000000
core   0: 0x8000a8b4 (0x02a30bb3) mul     s7, t1, a0
core   0: 3 0x8000a8b4 (0x02a30bb3) x23 0x00000000
core   0: 0x8000a8b8 (0x34007d73) csrrci  s10, mscratch, 0
core   0: 3 0x8000a8b8 (0x34007d73) x26 0x70675000
core   0: 0x8000a8bc (0x000098fd) c.andi  s1, -1
core   0: 3 0x8000a8bc (0x98fd) x9  0x00000000
core   0: 0x8000a8be (0x00008c8d) c.sub   s1, a1
core   0: 3 0x8000a8be (0x8c8d) x9  0x7ffde1a8
core   0: 0x8000a8c0 (0x00000001) c.nop
core   0: 3 0x8000a8c0 (0x0001)
core   0: 0x8000a8c2 (0x02155db3) divu    s11, a0, ra
core   0: 3 0x8000a8c2 (0x02155db3) x27 0x00000000
core   0: 0x8000a8c6 (0x0041ab33) slt     s6, gp, tp
core   0: 3 0x8000a8c6 (0x0041ab33) x22 0x00000000
core   0: 0x8000a8ca (0x41850933) sub     s2, a0, s8
core   0: 3 0x8000a8ca (0x41850933) x18 0xfffffb96
core   0: 0x8000a8ce (0x41fa8633) sub     a2, s5, t6
core   0: 3 0x8000a8ce (0x41fa8633) x12 0x7ffda327
core   0: 0x8000a8d2 (0x031eb2b3) mulhu   t0, t4, a7
core   0: 3 0x8000a8d2 (0x031eb2b3) x5  0x00000000
core   0: 0x8000a8d6 (0x40e2dd93) srai    s11, t0, 14
core   0: 3 0x8000a8d6 (0x40e2dd93) x27 0x00000000
core   0: 0x8000a8da (0x00000532) c.slli  a0, 12
core   0: 3 0x8000a8da (0x0532) x10 0x00000000
core   0: 0x8000a8dc (0xe7c80413) addi    s0, a6, -388
core   0: 3 0x8000a8dc (0xe7c80413) x8  0xfb7ffe7c
core   0: 0x8000a8e0 (0x03e1abb3) mulhsu  s7, gp, t5
core   0: 3 0x8000a8e0 (0x03e1abb3) x23 0xff06e10e
core   0: 0x8000a8e4 (0xc7b6a813) slti    a6, a3, -901
core   0: 3 0x8000a8e4 (0xc7b6a813) x16 0x00000000
core   0: 0x8000a8e8 (0x000054fd) c.li    s1, -1
core   0: 3 0x8000a8e8 (0x54fd) x9  0xffffffff
core   0: 0x8000a8ea (0xa9a28913) addi    s2, t0, -1382
core   0: 3 0x8000a8ea (0xa9a28913) x18 0xfffffa9a
core   0: 0x8000a8ee (0xfee4a193) slti    gp, s1, -18
core   0: 3 0x8000a8ee (0xfee4a193) x3  0x00000000
core   0: 0x8000a8f2 (0x01326933) or      s2, tp, s3
core   0: 3 0x8000a8f2 (0x01326933) x18 0x81c21e5f
core   0: 0x8000a8f6 (0xa9772293) slti    t0, a4, -1385
core   0: 3 0x8000a8f6 (0xa9772293) x5  0x00000000
core   0: 0x8000a8fa (0x02137663) bgeu    t1, ra, pc + 44
core   0: 3 0x8000a8fa (0x02137663)
core   0: 0x8000a8fe (0x00000001) c.nop
core   0: 3 0x8000a8fe (0x0001)
core   0: 0x8000a900 (0x0000100f) fence.i
core   0: 3 0x8000a900 (0x0000100f)
core   0: 0x8000a904 (0x3409a973) csrrs   s2, mscratch, s3
core   0: 3 0x8000a904 (0x3409a973) x18 0x70675000 c832_mscratch 0x71e75000
core   0: 0x8000a908 (0x01d38533) add     a0, t2, t4
core   0: 3 0x8000a908 (0x01d38533) x10 0x00000013
core   0: 0x8000a90c (0x00008d51) c.or    a0, a2
core   0: 3 0x8000a90c (0x8d51) x10 0x7ffda337
core   0: 0x8000a90e (0x00008d05) c.sub   a0, s1
core   0: 3 0x8000a90e (0x8d05) x10 0x7ffda338
core   0: 0x8000a910 (0x03cf89b3) mul     s3, t6, t3
core   0: 3 0x8000a910 (0x03cf89b3) x19 0x00000000
core   0: 0x8000a914 (0x02ea9933) mulh    s2, s5, a4
core   0: 3 0x8000a914 (0x02ea9933) x18 0x00000000
core   0: 0x8000a918 (0x038a6363) bltu    s4, s8, pc + 38
core   0: 3 0x8000a918 (0x038a6363)
core   0: 0x8000a93e (0x03b73bb3) mulhu   s7, a4, s11
core   0: 3 0x8000a93e (0x03b73bb3) x23 0x00000000
core   0: 0x8000a942 (0x00008465) c.srai  s0, 25
core   0: 3 0x8000a942 (0x8465) x8  0xfffffffd
core   0: 0x8000a944 (0xbe94e013) ori     zero, s1, -1047
core   0: 3 0x8000a944 (0xbe94e013)
core   0: 0x8000a948 (0x01b0bcb3) sltu    s9, ra, s11
core   0: 3 0x8000a948 (0x01b0bcb3) x25 0x00000000
core   0: 0x8000a94c (0x02c59c33) mulh    s8, a1, a2
core   0: 3 0x8000a94c (0x02c59c33) x24 0xc0023d93
core   0: 0x8000a950 (0x34006073) csrsi   mscratch, 0
core   0: 3 0x8000a950 (0x34006073)
core   0: 0x8000a954 (0x0301af33) mulhsu  t5, gp, a6
core   0: 3 0x8000a954 (0x0301af33) x30 0x00000000
core   0: 0x8000a958 (0x0115cc63) blt     a1, a7, pc + 24
core   0: 3 0x8000a958 (0x0115cc63)
core   0: 0x8000a970 (0x00000001) c.nop
core   0: 3 0x8000a970 (0x0001)
core   0: 0x8000a972 (0x01a5c0b3) xor     ra, a1, s10
core   0: 3 0x8000a972 (0x01a5c0b3) x1  0xf0654e58
core   0: 0x8000a976 (0x34003873) csrrc   a6, mscratch, zero
core   0: 3 0x8000a976 (0x34003873) x16 0x71e75000
core   0: 0x8000a97a (0x6e623713) sltiu   a4, tp, 1766
core   0: 3 0x8000a97a (0x6e623713) x14 0x00000000
core   0: 0x8000a97e (0x0000c389) c.beqz  a5, pc + 2
core   0: 3 0x8000a97e (0xc389)
core   0: 0x8000a980 (0x03bb58b3) divu    a7, s6, s11
core   0: 3 0x8000a980 (0x03bb58b3) x17 0xffffffff
core   0: 0x8000a984 (0x00009afd) c.andi  a3, -1
core   0: 3 0x8000a984 (0x9afd) x13 0x00000000
core   0: 0x8000a986 (0x00000910) c.addi4spn a2, sp, 144
core   0: 3 0x8000a986 (0x0910) x12 0x00000097
core   0: 0x8000a988 (0x0045ba33) sltu    s4, a1, tp
core   0: 3 0x8000a988 (0x0045ba33) x20 0x00000001
core   0: 0x8000a98c (0x0ff0000f) fence   iorw,iorw
core   0: 3 0x8000a98c (0x0ff0000f)
core   0: 0x8000a990 (0x340f1bf3) csrrw   s7, mscratch, t5
core   0: 3 0x8000a990 (0x340f1bf3) x23 0x71e75000 c832_mscratch 0x00000000
core   0: 0x8000a994 (0x404bd213) srai    tp, s7, 4
core   0: 3 0x8000a994 (0x404bd213) x4  0x071e7500
core   0: 0x8000a998 (0x00000a08) c.addi4spn a0, sp, 272
core   0: 3 0x8000a998 (0x0a08) x10 0x00000117
core   0: 0x8000a99a (0x0000827d) c.srli  a2, 31
core   0: 3 0x8000a99a (0x827d) x12 0x00000000
core   0: 0x8000a99c (0x00396c63) bltu    s2, gp, pc + 24
core   0: 3 0x8000a99c (0x00396c63)
core   0: 0x8000a9a0 (0x01749563) bne     s1, s7, pc + 10
core   0: 3 0x8000a9a0 (0x01749563)
core   0: 0x8000a9aa (0x00c09463) bne     ra, a2, pc + 8
core   0: 3 0x8000a9aa (0x00c09463)
core   0: 0x8000a9b2 (0x00009afa) c.add   s5, t5
core   0: 3 0x8000a9b2 (0x9afa) x21 0x0000000b
core   0: 0x8000a9b4 (0x0000e609) c.bnez  a2, pc + 10
core   0: 3 0x8000a9b4 (0xe609)
core   0: 0x8000a9b6 (0x9e9bf113) andi    sp, s7, -1559
core   0: 3 0x8000a9b6 (0x9e9bf113) x2  0x71e75000
core   0: 0x8000a9ba (0x0000e291) c.bnez  a3, pc + 4
core   0: 3 0x8000a9ba (0xe291)
core   0: 0x8000a9bc (0x00008e5d) c.or    a2, a5
core   0: 3 0x8000a9bc (0x8e5d) x12 0xfffff8e9
core   0: 0x8000a9be (0x3407a1f3) csrrs   gp, mscratch, a5
core   0: 3 0x8000a9be (0x3407a1f3) x3  0x00000000 c832_mscratch 0xfffff8e9
core   0: 0x8000a9c2 (0x00ad99b3) sll     s3, s11, a0
core   0: 3 0x8000a9c2 (0x00ad99b3) x19 0x00000000
core   0: 0x8000a9c6 (0x001de1b3) or      gp, s11, ra
core   0: 3 0x8000a9c6 (0x001de1b3) x3  0xf0654e58
core   0: 0x8000a9ca (0x00008f99) c.sub   a5, a4
core   0: 3 0x8000a9ca (0x8f99) x15 0xfffff8e9
core   0: 0x8000a9cc (0x34042e73) csrrs   t3, mscratch, s0
core   0: 3 0x8000a9cc (0x34042e73) x28 0xfffff8e9 c832_mscratch 0xfffffffd
core   0: 0x8000a9d0 (0x3406b7f3) csrrc   a5, mscratch, a3
core   0: 3 0x8000a9d0 (0x3406b7f3) x15 0xfffffffd c832_mscratch 0xfffffffd
core   0: 0x8000a9d4 (0x0ff0000f) fence   iorw,iorw
core   0: 3 0x8000a9d4 (0x0ff0000f)
core   0: 0x8000a9d8 (0x0000e795) c.bnez  a5, pc + 44
core   0: 3 0x8000a9d8 (0xe795)
core   0: 0x8000aa04 (0x00008f71) c.and   a4, a2
core   0: 3 0x8000aa04 (0x8f71) x14 0x00000000
core   0: 0x8000aa06 (0x40805433) sra     s0, zero, s0
core   0: 3 0x8000aa06 (0x40805433) x8  0x00000000
core   0: 0x8000aa0a (0x34062d73) csrrs   s10, mscratch, a2
core   0: 3 0x8000aa0a (0x34062d73) x26 0xfffffffd c832_mscratch 0xfffffffd
core   0: 0x8000aa0e (0x04b79063) bne     a5, a1, pc + 64
core   0: 3 0x8000aa0e (0x04b79063)
core   0: 0x8000aa4e (0x02142f33) mulhsu  t5, s0, ra
core   0: 3 0x8000aa4e (0x02142f33) x30 0x00000000
core   0: 0x8000aa52 (0x004a1033) sll     zero, s4, tp
core   0: 3 0x8000aa52 (0x004a1033)
core   0: 0x8000aa56 (0x0000899e) c.mv    s3, t2
core   0: 3 0x8000aa56 (0x899e) x19 0x00000013
core   0: 0x8000aa58 (0x009400b3) add     ra, s0, s1
core   0: 3 0x8000aa58 (0x009400b3) x1  0xffffffff
core   0: 0x8000aa5c (0x00000001) c.nop
core   0: 3 0x8000aa5c (0x0001)
core   0: 0x8000aa5e (0x01cb2d33) slt     s10, s6, t3
core   0: 3 0x8000aa5e (0x01cb2d33) x26 0x00000000
core   0: 0x8000aa62 (0x01db0d63) beq     s6, t4, pc + 26
core   0: 3 0x8000aa62 (0x01db0d63)
core   0: 0x8000aa7c (0x013be2b3) or      t0, s7, s3
core   0: 3 0x8000aa7c (0x013be2b3) x5  0x71e75013
core   0: 0x8000aa80 (0x01cffb63) bgeu    t6, t3, pc + 22
core   0: 3 0x8000aa80 (0x01cffb63)
core   0: 0x8000aa84 (0x00008d21) c.xor   a0, s0
core   0: 3 0x8000aa84 (0x8d21) x10 0x00000117
core   0: 0x8000aa86 (0x00009e66) c.add   t3, s9
core   0: 3 0x8000aa86 (0x9e66) x28 0xfffff8e9
core   0: 0x8000aa88 (0x0124c533) xor     a0, s1, s2
core   0: 3 0x8000aa88 (0x0124c533) x10 0xffffffff
core   0: 0x8000aa8c (0x034d8863) beq     s11, s4, pc + 48
core   0: 3 0x8000aa8c (0x034d8863)
core   0: 0x8000aa90 (0x402f5413) srai    s0, t5, 2
core   0: 3 0x8000aa90 (0x402f5413) x8  0x00000000
core   0: 0x8000aa94 (0x00000001) c.nop
core   0: 3 0x8000aa94 (0x0001)
core   0: 0x8000aa96 (0x340e7af3) csrrci  s5, mscratch, 28
core   0: 3 0x8000aa96 (0x340e7af3) x21 0xfffffffd c832_mscratch 0xffffffe1
core   0: 0x8000aa9a (0x02303433) mulhu   s0, zero, gp
core   0: 3 0x8000aa9a (0x02303433) x8  0x00000000
core   0: 0x8000aa9e (0x0119ac33) slt     s8, s3, a7
core   0: 3 0x8000aa9e (0x0119ac33) x24 0x00000000
core   0: 0x8000aaa2 (0x8f95a993) slti    s3, a1, -1799
core   0: 3 0x8000aaa2 (0x8f95a993) x19 0x00000001
core   0: 0x8000aaa6 (0x039529b3) mulhsu  s3, a0, s9
core   0: 3 0x8000aaa6 (0x039529b3) x19 0x00000000
core   0: 0x8000aaaa (0x340e7473) csrrci  s0, mscratch, 28
core   0: 3 0x8000aaaa (0x340e7473) x8  0xffffffe1 c832_mscratch 0xffffffe1
core   0: 0x8000aaae (0x03ad4cb3) div     s9, s10, s10
core   0: 3 0x8000aaae (0x03ad4cb3) x25 0xffffffff
core   0: 0x8000aab2 (0x5dad88b7) lui     a7, 0x5dad8
core   0: 3 0x8000aab2 (0x5dad88b7) x17 0x5dad8000
core   0: 0x8000aab6 (0x01965763) bge     a2, s9, pc + 14
core   0: 3 0x8000aab6 (0x01965763)
core   0: 0x8000aaba (0x00000f84) c.addi4spn s1, sp, 976
core   0: 3 0x8000aaba (0x0f84) x9  0x71e753d0
core   0: 0x8000aabc (0x02c1ee33) rem     t3, gp, a2
core   0: 3 0x8000aabc (0x02c1ee33) x28 0xfffffd68
core   0: 0x8000aac0 (0x00ede033) or      zero, s11, a4
core   0: 3 0x8000aac0 (0x00ede033)
core   0: 0x8000aac4 (0x340eb273) csrrc   tp, mscratch, t4
core   0: 3 0x8000aac4 (0x340eb273) x4  0xffffffe1 c832_mscratch 0xffffffe1
core   0: 0x8000aac8 (0x00008212) c.mv    tp, tp
core   0: 3 0x8000aac8 (0x8212) x4  0xffffffe1
core   0: 0x8000aaca (0x55b719b7) lui     s3, 0x55b71
core   0: 3 0x8000aaca (0x55b719b7) x19 0x55b71000
core   0: 0x8000aace (0x035ba0b3) mulhsu  ra, s7, s5
core   0: 3 0x8000aace (0x035ba0b3) x1  0x71e74ffe
core   0: 0x8000aad2 (0x00000001) c.nop
core   0: 3 0x8000aad2 (0x0001)
core   0: 0x8000aad4 (0x3408b7f3) csrrc   a5, mscratch, a7
core   0: 3 0x8000aad4 (0x3408b7f3) x15 0xffffffe1 c832_mscratch 0xa2527fe1
core   0: 0x8000aad8 (0x02bd1a63) bne     s10, a1, pc + 52
core   0: 3 0x8000aad8 (0x02bd1a63)
core   0: 0x8000ab0c (0x00000001) c.nop
core   0: 3 0x8000ab0c (0x0001)
core   0: 0x8000ab0e (0x000009c5) c.addi  s3, 17
core   0: 3 0x8000ab0e (0x09c5) x19 0x55b71011
core   0: 0x8000ab10 (0x00006bf1) c.lui   s7, 0x1c
core   0: 3 0x8000ab10 (0x6bf1) x23 0x0001c000
core   0: 0x8000ab12 (0x0000e129) c.bnez  a0, pc + 66
core   0: 3 0x8000ab12 (0xe129)
core   0: 0x8000ab54 (0x00ae1e93) slli    t4, t3, 10
core   0: 3 0x8000ab54 (0x00ae1e93) x29 0xfff5a000
core   0: 0x8000ab58 (0x34056bf3) csrrsi  s7, mscratch, 10
core   0: 3 0x8000ab58 (0x34056bf3) x23 0xa2527fe1 c832_mscratch 0xa2527feb
core   0: 0x8000ab5c (0xf3eac993) xori    s3, s5, -194
core   0: 3 0x8000ab5c (0xf3eac993) x19 0x000000c3
core   0: 0x8000ab60 (0x02176e33) rem     t3, a4, ra
core   0: 3 0x8000ab60 (0x02176e33) x28 0x00000000
core   0: 0x8000ab64 (0xe988f737) lui     a4, 0xe988f
core   0: 3 0x8000ab64 (0xe988f737) x14 0xe988f000
core   0: 0x8000ab68 (0x0222ce33) div     t3, t0, sp
core   0: 3 0x8000ab68 (0x0222ce33) x28 0x00000001
core   0: 0x8000ab6c (0x0000c509) c.beqz  a0, pc + 10
core   0: 3 0x8000ab6c (0xc509)
core   0: 0x8000ab6e (0x340a21f3) csrrs   gp, mscratch, s4
core   0: 3 0x8000ab6e (0x340a21f3) x3  0xa2527feb c832_mscratch 0xa2527feb
core   0: 0x8000ab72 (0x0291d733) divu    a4, gp, s1
core   0: 3 0x8000ab72 (0x0291d733) x14 0x00000001
core   0: 0x8000ab76 (0x0000100f) fence.i
core   0: 3 0x8000ab76 (0x0000100f)
core   0: 0x8000ab7a (0x02756ab3) rem     s5, a0, t2
core   0: 3 0x8000ab7a (0x02756ab3) x21 0xffffffff
core   0: 0x8000ab7e (0x04d47463) bgeu    s0, a3, pc + 72
core   0: 3 0x8000ab7e (0x04d47463)
core   0: 0x8000abc6 (0x02f7ccb3) div     s9, a5, a5
core   0: 3 0x8000abc6 (0x02f7ccb3) x25 0x00000001
core   0: 0x8000abca (0x01fb1e93) slli    t4, s6, 31
core   0: 3 0x8000abca (0x01fb1e93) x29 0x00000000
core   0: 0x8000abce (0x34043bf3) csrrc   s7, mscratch, s0
core   0: 3 0x8000abce (0x34043bf3) x23 0xa2527feb c832_mscratch 0x0000000a
core   0: 0x8000abd2 (0x036a0163) beq     s4, s6, pc + 34
core   0: 3 0x8000abd2 (0x036a0163)
core   0: 0x8000abd6 (0x00004d15) c.li    s10, 5
core   0: 3 0x8000abd6 (0x4d15) x26 0x00000005
core   0: 0x8000abd8 (0x34007cf3) csrrci  s9, mscratch, 0
core   0: 3 0x8000abd8 (0x34007cf3) x25 0x0000000a
core   0: 0x8000abdc (0x01a85c63) bge     a6, s10, pc + 24
core   0: 3 0x8000abdc (0x01a85c63)
core   0: 0x8000abf4 (0x014f63b3) or      t2, t5, s4
core   0: 3 0x8000abf4 (0x014f63b3) x7  0x00000001
core   0: 0x8000abf8 (0x02d306b3) mul     a3, t1, a3
core   0: 3 0x8000abf8 (0x02d306b3) x13 0x00000000
core   0: 0x8000abfc (0x00000d06) c.slli  s10, 1
core   0: 3 0x8000abfc (0x0d06) x26 0x0000000a
core   0: 0x8000abfe (0x03cf5963) bge     t5, t3, pc + 50
core   0: 3 0x8000abfe (0x03cf5963)
core   0: 0x8000ac02 (0x00a05363) bge     zero, a0, pc + 6
core   0: 3 0x8000ac02 (0x00a05363)
core   0: 0x8000ac08 (0xf8bc4013) xori    zero, s8, -117
core   0: 3 0x8000ac08 (0xf8bc4013)
core   0: 0x8000ac0c (0x41290b33) sub     s6, s2, s2
core   0: 3 0x8000ac0c (0x41290b33) x22 0x00000000
core   0: 0x8000ac10 (0x0344f533) remu    a0, s1, s4
core   0: 3 0x8000ac10 (0x0344f533) x10 0x00000000
core   0: 0x8000ac14 (0x016e1113) slli    sp, t3, 22
core   0: 3 0x8000ac14 (0x016e1113) x2  0x00400000
core   0: 0x8000ac18 (0x01b90e33) add     t3, s2, s11
core   0: 3 0x8000ac18 (0x01b90e33) x28 0x00000000
core   0: 0x8000ac1c (0x34087e73) csrrci  t3, mscratch, 16
core   0: 3 0x8000ac1c (0x34087e73) x28 0x0000000a c832_mscratch 0x0000000a
core   0: 0x8000ac20 (0x0021ed63) bltu    gp, sp, pc + 26
core   0: 3 0x8000ac20 (0x0021ed63)
core   0: 0x8000ac24 (0x00008c55) c.or    s0, a3
core   0: 3 0x8000ac24 (0x8c55) x8  0xffffffe1
core   0: 0x8000ac26 (0x0000e01d) c.bnez  s0, pc + 38
core   0: 3 0x8000ac26 (0xe01d)
core   0: 0x8000ac4c (0x0a1f6b13) ori     s6, t5, 161
core   0: 3 0x8000ac4c (0x0a1f6b13) x22 0x000000a1
core   0: 0x8000ac50 (0x012dc233) xor     tp, s11, s2
core   0: 3 0x8000ac50 (0x012dc233) x4  0x00000000
core   0: 0x8000ac54 (0x00e2b433) sltu    s0, t0, a4
core   0: 3 0x8000ac54 (0x00e2b433) x8  0x00000000
core   0: 0x8000ac58 (0x00b190b3) sll     ra, gp, a1
core   0: 3 0x8000ac58 (0x00b190b3) x1  0xeb000000
core   0: 0x8000ac5c (0x62a9e637) lui     a2, 0x62a9e
core   0: 3 0x8000ac5c (0x62a9e637) x12 0x62a9e000
core   0: 0x8000ac60 (0x34069df3) csrrw   s11, mscratch, a3
core   0: 3 0x8000ac60 (0x34069df3) x27 0x0000000a c832_mscratch 0x00000000
core   0: 0x8000ac64 (0x01809e13) slli    t3, ra, 24
core   0: 3 0x8000ac64 (0x01809e13) x28 0x00000000
core   0: 0x8000ac68 (0x01693113) sltiu   sp, s2, 22
core   0: 3 0x8000ac68 (0x01693113) x2  0x00000001
core   0: 0x8000ac6c (0x0000eb91) c.bnez  a5, pc + 20
core   0: 3 0x8000ac6c (0xeb91)
core   0: 0x8000ac80 (0x03195663) bge     s2, a7, pc + 44
core   0: 3 0x8000ac80 (0x03195663)
core   0: 0x8000ac84 (0x00008ced) c.and   s1, a1
core   0: 3 0x8000ac84 (0x8ced) x9  0x00021250
core   0: 0x8000ac86 (0x000000ed) c.addi  ra, 27
core   0: 3 0x8000ac86 (0x00ed) x1  0xeb00001b
core   0: 0x8000ac88 (0x00b57633) and     a2, a0, a1
core   0: 3 0x8000ac88 (0x00b57633) x12 0x00000000
core   0: 0x8000ac8c (0x00008b41) c.andi  a4, 16
core   0: 3 0x8000ac8c (0x8b41) x14 0x00000000
core   0: 0x8000ac8e (0x01854c33) xor     s8, a0, s8
core   0: 3 0x8000ac8e (0x01854c33) x24 0x00000000
core   0: 0x8000ac92 (0x02375033) divu    zero, a4, gp
core   0: 3 0x8000ac92 (0x02375033)
core   0: 0x8000ac96 (0x00cd9433) sll     s0, s11, a2
core   0: 3 0x8000ac96 (0x00cd9433) x8  0x0000000a
core   0: 0x8000ac9a (0x000051fd) c.li    gp, -1
core   0: 3 0x8000ac9a (0x51fd) x3  0xffffffff
core   0: 0x8000ac9c (0x0052d433) srl     s0, t0, t0
core   0: 3 0x8000ac9c (0x0052d433) x8  0x00000e3c
core   0: 0x8000aca0 (0x340038f3) csrrc   a7, mscratch, zero
core   0: 3 0x8000aca0 (0x340038f3) x17 0x00000000
core   0: 0x8000aca4 (0x1df2bf13) sltiu   t5, t0, 479
core   0: 3 0x8000aca4 (0x1df2bf13) x30 0x00000000
core   0: 0x8000aca8 (0x03e0cd33) div     s10, ra, t5
core   0: 3 0x8000aca8 (0x03e0cd33) x26 0xffffffff
core   0: 0x8000acac (0xffc73193) sltiu   gp, a4, -4
core   0: 3 0x8000acac (0xffc73193) x3  0x00000001
core   0: 0x8000acb0 (0x0145ad33) slt     s10, a1, s4
core   0: 3 0x8000acb0 (0x0145ad33) x26 0x00000001
core   0: 0x8000acb4 (0x05ae4063) blt     t3, s10, pc + 64
core   0: 3 0x8000acb4 (0x05ae4063)
core   0: 0x8000acf4 (0x0000ea15) c.bnez  a2, pc + 52
core   0: 3 0x8000acf4 (0xea15)
core   0: 0x8000acf6 (0x0ff0000f) fence   iorw,iorw
core   0: 3 0x8000acf6 (0x0ff0000f)
core   0: 0x8000acfa (0x000067a1) c.lui   a5, 0x8
core   0: 3 0x8000acfa (0x67a1) x15 0x00008000
core   0: 0x8000acfc (0x04308363) beq     ra, gp, pc + 70
core   0: 3 0x8000acfc (0x04308363)
core   0: 0x8000ad00 (0x9a92df37) lui     t5, 0x9a92d
core   0: 3 0x8000ad00 (0x9a92df37) x30 0x9a92d000
core   0: 0x8000ad04 (0x81ab0393) addi    t2, s6, -2022
core   0: 3 0x8000ad04 (0x81ab0393) x7  0xfffff8bb
core   0: 0x8000ad08 (0x032b4863) blt     s6, s2, pc + 48
core   0: 3 0x8000ad08 (0x032b4863)
core   0: 0x8000ad0c (0x340cda73) csrrwi  s4, mscratch, 25
core   0: 3 0x8000ad0c (0x340cda73) x20 0x00000000 c832_mscratch 0x00000019
core   0: 0x8000ad10 (0x611d4813) xori    a6, s10, 1553
core   0: 3 0x8000ad10 (0x611d4813) x16 0x00000610
core   0: 0x8000ad14 (0x007bd433) srl     s0, s7, t2
core   0: 3 0x8000ad14 (0x007bd433) x8  0x00000014
core   0: 0x8000ad18 (0x018c18b3) sll     a7, s8, s8
core   0: 3 0x8000ad18 (0x018c18b3) x17 0x00000000
core   0: 0x8000ad1c (0x00c69463) bne     a3, a2, pc + 8
core   0: 3 0x8000ad1c (0x00c69463)
core   0: 0x8000ad20 (0xa4e6b917) auipc   s2, 0xa4e6b
core   0: 3 0x8000ad20 (0xa4e6b917) x18 0x24e75d20
core   0: 0x8000ad24 (0x945bf013) andi    zero, s7, -1723
core   0: 3 0x8000ad24 (0x945bf013)
core   0: 0x8000ad28 (0x00bfbe33) sltu    t3, t6, a1
core   0: 3 0x8000ad28 (0x00bfbe33) x28 0x00000000
core   0: 0x8000ad2c (0x02413633) mulhu   a2, sp, tp
core   0: 3 0x8000ad2c (0x02413633) x12 0x00000000
core   0: 0x8000ad30 (0x015123b3) slt     t2, sp, s5
core   0: 3 0x8000ad30 (0x015123b3) x7  0x00000000
core   0: 0x8000ad34 (0x00f411b3) sll     gp, s0, a5
core   0: 3 0x8000ad34 (0x00f411b3) x3  0x00000014
core   0: 0x8000ad38 (0x00005afd) c.li    s5, -1
core   0: 3 0x8000ad38 (0x5afd) x21 0xffffffff
core   0: 0x8000ad3a (0x4161d4b3) sra     s1, gp, s6
core   0: 3 0x8000ad3a (0x4161d4b3) x9  0x0000000a
core   0: 0x8000ad3e (0x01fc0663) beq     s8, t6, pc + 12
core   0: 3 0x8000ad3e (0x01fc0663)
core   0: 0x8000ad42 (0x01f1ce33) xor     t3, gp, t6
core   0: 3 0x8000ad42 (0x01f1ce33) x28 0x80025cf0
core   0: 0x8000ad46 (0x0181d213) srli    tp, gp, 24
core   0: 3 0x8000ad46 (0x0181d213) x4  0x00000000
core   0: 0x8000ad4a (0x00915463) bge     sp, s1, pc + 8
core   0: 3 0x8000ad4a (0x00915463)
core   0: 0x8000ad4e (0xac58a437) lui     s0, 0xac58a
core   0: 3 0x8000ad4e (0xac58a437) x8  0xac58a000
core   0: 0x8000ad52 (0x00008941) c.andi  a0, 16
core   0: 3 0x8000ad52 (0x8941) x10 0x00000000
core   0: 0x8000ad54 (0x93da8493) addi    s1, s5, -1731
core   0: 3 0x8000ad54 (0x93da8493) x9  0xfffff93c
core   0: 0x8000ad58 (0x00df2eb3) slt     t4, t5, a3
core   0: 3 0x8000ad58 (0x00df2eb3) x29 0x00000001
core   0: 0x8000ad5c (0x0219ccb3) div     s9, s3, ra
core   0: 3 0x8000ad5c (0x0219ccb3) x25 0x00000000
core   0: 0x8000ad60 (0x00c7e533) or      a0, a5, a2
core   0: 3 0x8000ad60 (0x00c7e533) x10 0x00008000
core   0: 0x8000ad64 (0x00000001) c.nop
core   0: 3 0x8000ad64 (0x0001)
core   0: 0x8000ad66 (0x00008719) c.srai  a4, 6
core   0: 3 0x8000ad66 (0x8719) x14 0x00000000
core   0: 0x8000ad68 (0x99194813) xori    a6, s2, -1647
core   0: 3 0x8000ad68 (0x99194813) x16 0xdb18a4b1
core   0: 0x8000ad6c (0x00419793) slli    a5, gp, 4
core   0: 3 0x8000ad6c (0x00419793) x15 0x00000140
core   0: 0x8000ad70 (0x00008ea5) c.xor   a3, s1
core   0: 3 0x8000ad70 (0x8ea5) x13 0xfffff93c
core   0: 0x8000ad72 (0x0000ea19) c.bnez  a2, pc + 22
core   0: 3 0x8000ad72 (0xea19)
core   0: 0x8000ad74 (0x00000001) c.nop
core   0: 3 0x8000ad74 (0x0001)
core   0: 0x8000ad76 (0xbeb56b93) ori     s7, a0, -1045
core   0: 3 0x8000ad76 (0xbeb56b93) x23 0xfffffbeb
core   0: 0x8000ad7a (0x0ff0000f) fence   iorw,iorw
core   0: 3 0x8000ad7a (0x0ff0000f)
core   0: 0x8000ad7e (0x038089b3) mul     s3, ra, s8
core   0: 3 0x8000ad7e (0x038089b3) x19 0x00000000
core   0: 0x8000ad82 (0x01085663) bge     a6, a6, pc + 12
core   0: 3 0x8000ad82 (0x01085663)
core   0: 0x8000ad8e (0x010d08b3) add     a7, s10, a6
core   0: 3 0x8000ad8e (0x010d08b3) x17 0xdb18a4b2
core   0: 0x8000ad92 (0x00000001) c.nop
core   0: 3 0x8000ad92 (0x0001)
core   0: 0x8000ad94 (0x00009ad6) c.add   s5, s5
core   0: 3 0x8000ad94 (0x9ad6) x21 0xfffffffe
core   0: 0x8000ad96 (0x0000100f) fence.i
core   0: 3 0x8000ad96 (0x0000100f)
core   0: 0x8000ad9a (0x03f55d33) divu    s10, a0, t6
core   0: 3 0x8000ad9a (0x03f55d33) x26 0x00000000
core   0: 0x8000ad9e (0xa819b217) auipc   tp, 0xa819b
core   0: 3 0x8000ad9e (0xa819b217) x4  0x281a5d9e
core   0: 0x8000ada2 (0x40395913) srai    s2, s2, 3
core   0: 3 0x8000ada2 (0x40395913) x18 0x049ceba4
core   0: 0x8000ada6 (0x0000c495) c.beqz  s1, pc + 44
core   0: 3 0x8000ada6 (0xc495)
core   0: 0x8000ada8 (0x00000001) c.nop
core   0: 3 0x8000ada8 (0x0001)
core   0: 0x8000adaa (0x340e1a73) csrrw   s4, mscratch, t3
core   0: 3 0x8000adaa (0x340e1a73) x20 0x00000019 c832_mscratch 0x80025cf0
core   0: 0x8000adae (0x00004265) c.li    tp, 25
core   0: 3 0x8000adae (0x4265) x4  0x00000019
core   0: 0x8000adb0 (0x00005afd) c.li    s5, -1
core   0: 3 0x8000adb0 (0x5afd) x21 0xffffffff
core   0: 0x8000adb2 (0x00008f71) c.and   a4, a2
core   0: 3 0x8000adb2 (0x8f71) x14 0x00000000
core   0: 0x8000adb4 (0x00008ead) c.xor   a3, a1
core   0: 3 0x8000adb4 (0x8ead) x13 0x7ffde764
core   0: 0x8000adb6 (0x70de0013) addi    zero, t3, 1805
core   0: 3 0x8000adb6 (0x70de0013)
core   0: 0x8000adba (0x03b5c733) div     a4, a1, s11
core   0: 3 0x8000adba (0x03b5c733) x14 0xf3336970
core   0: 0x8000adbe (0x0188e863) bltu    a7, s8, pc + 16
core   0: 3 0x8000adbe (0x0188e863)
core   0: 0x8000adc2 (0xdac25a97) auipc   s5, 0xdac25
core   0: 3 0x8000adc2 (0xdac25a97) x21 0x5ac2fdc2
core   0: 0x8000adc6 (0x33645637) lui     a2, 0x33645
core   0: 3 0x8000adc6 (0x33645637) x12 0x33645000
core   0: 0x8000adca (0x05cc7263) bgeu    s8, t3, pc + 68
core   0: 3 0x8000adca (0x05cc7263)
core   0: 0x8000adce (0x023f6ab3) rem     s5, t5, gp
core   0: 3 0x8000adce (0x023f6ab3) x21 0xfffffff8
core   0: 0x8000add2 (0x340f3273) csrrc   tp, mscratch, t5
core   0: 3 0x8000add2 (0x340f3273) x4  0x80025cf0 c832_mscratch 0x00000cf0
core   0: 0x8000add6 (0x0000100f) fence.i
core   0: 3 0x8000add6 (0x0000100f)
core   0: 0x8000adda (0x0000493d) c.li    s2, 15
core   0: 3 0x8000adda (0x493d) x18 0x0000000f
core   0: 0x8000addc (0x0000c919) c.beqz  a0, pc + 22
core   0: 3 0x8000addc (0xc919)
core   0: 0x8000adde (0x0000805d) c.srli  s0, 23
core   0: 3 0x8000adde (0x805d) x8  0x00000158
core   0: 0x8000ade0 (0x00000001) c.nop
core   0: 3 0x8000ade0 (0x0001)
core   0: 0x8000ade2 (0x03a47e33) remu    t3, s0, s10
core   0: 3 0x8000ade2 (0x03a47e33) x28 0x00000158
core   0: 0x8000ade6 (0x4094dc33) sra     s8, s1, s1
core   0: 3 0x8000ade6 (0x4094dc33) x24 0xffffffff
core   0: 0x8000adea (0x01cd4a33) xor     s4, s10, t3
core   0: 3 0x8000adea (0x01cd4a33) x20 0x00000158
core   0: 0x8000adee (0x0267bd33) mulhu   s10, a5, t1
core   0: 3 0x8000adee (0x0267bd33) x26 0x00000000
core   0: 0x8000adf2 (0x0000e3b1) c.bnez  a5, pc + 68
core   0: 3 0x8000adf2 (0xe3b1)
core   0: 0x8000ae36 (0x0ff0000f) fence   iorw,iorw
core   0: 3 0x8000ae36 (0x0ff0000f)
core   0: 0x8000ae3a (0x01b73c33) sltu    s8, a4, s11
core   0: 3 0x8000ae3a (0x01b73c33) x24 0x00000000
core   0: 0x8000ae3e (0x0000614d) c.addi16sp sp, 176
core   0: 3 0x8000ae3e (0x614d) x2  0x000000b1
core   0: 0x8000ae40 (0x026bf033) remu    zero, s7, t1
core   0: 3 0x8000ae40 (0x026bf033)
core   0: 0x8000ae44 (0x3405f1f3) csrrci  gp, mscratch, 11
core   0: 3 0x8000ae44 (0x3405f1f3) x3  0x00000cf0 c832_mscratch 0x00000cf0
core   0: 0x8000ae48 (0x3407f073) csrci   mscratch, 15
core   0: 3 0x8000ae48 (0x3407f073) c832_mscratch 0x00000cf0
core   0: 0x8000ae4c (0xb85b3a93) sltiu   s5, s6, -1147
core   0: 3 0x8000ae4c (0xb85b3a93) x21 0x00000001
core   0: 0x8000ae50 (0x00008f2d) c.xor   a4, a1
core   0: 3 0x8000ae50 (0x8f2d) x14 0x73317728
core   0: 0x8000ae52 (0xfc4d2193) slti    gp, s10, -60
core   0: 3 0x8000ae52 (0xfc4d2193) x3  0x00000000
core   0: 0x8000ae56 (0x21286393) ori     t2, a6, 530
core   0: 3 0x8000ae56 (0x21286393) x7  0xdb18a6b3
core   0: 0x8000ae5a (0x00a8d893) srli    a7, a7, 10
core   0: 3 0x8000ae5a (0x00a8d893) x17 0x0036c629
core   0: 0x8000ae5e (0x41edd113) srai    sp, s11, 30
core   0: 3 0x8000ae5e (0x41edd113) x2  0x00000000
core   0: 0x8000ae62 (0xc10b4b93) xori    s7, s6, -1008
core   0: 3 0x8000ae62 (0xc10b4b93) x23 0xfffffcb1
core   0: 0x8000ae66 (0x0000915e) c.add   sp, s7
core   0: 3 0x8000ae66 (0x915e) x2  0xfffffcb1
core   0: 0x8000ae68 (0x000092f2) c.add   t0, t3
core   0: 3 0x8000ae68 (0x92f2) x5  0x71e7516b
core   0: 0x8000ae6a (0x00008f15) c.sub   a4, a3
core   0: 3 0x8000ae6a (0x8f15) x14 0xf3338fc4
core   0: 0x8000ae6c (0x0000181c) c.addi4spn a5, sp, 48
core   0: 3 0x8000ae6c (0x181c) x15 0xfffffce1
core   0: 0x8000ae6e (0x8d2b4813) xori    a6, s6, -1838
core   0: 3 0x8000ae6e (0x8d2b4813) x16 0xfffff873
core   0: 0x8000ae72 (0x6e84a2b7) lui     t0, 0x6e84a
core   0: 3 0x8000ae72 (0x6e84a2b7) x5  0x6e84a000
core   0: 0x8000ae76 (0x02bcf263) bgeu    s9, a1, pc + 36
core   0: 3 0x8000ae76 (0x02bcf263)
core   0: 0x8000ae7a (0x00000001) c.nop
core   0: 3 0x8000ae7a (0x0001)
core   0: 0x8000ae7c (0x000096e2) c.add   a3, s8
core   0: 3 0x8000ae7c (0x96e2) x13 0x7ffde764
core   0: 0x8000ae7e (0x0000717d) c.addi16sp sp, -16
core   0: 3 0x8000ae7e (0x717d) x2  0xfffffca1
core   0: 0x8000ae80 (0x00000810) c.addi4spn a2, sp, 16
core   0: 3 0x8000ae80 (0x0810) x12 0xfffffcb1
core   0: 0x8000ae82 (0x407a5493) srai    s1, s4, 7
core   0: 3 0x8000ae82 (0x407a5493) x9  0x00000002
core   0: 0x8000ae86 (0xce193ab7) lui     s5, 0xce193
core   0: 3 0x8000ae86 (0xce193ab7) x21 0xce193000
core   0: 0x8000ae8a (0x00000eaa) c.slli  t4, 10
core   0: 3 0x8000ae8a (0x0eaa) x29 0x00000400
core   0: 0x8000ae8c (0x01244533) xor     a0, s0, s2
core   0: 3 0x8000ae8c (0x01244533) x10 0x00000157
core   0: 0x8000ae90 (0x00006109) c.addi16sp sp, 128
core   0: 3 0x8000ae90 (0x6109) x2  0xfffffd21
core   0: 0x8000ae92 (0x34092d73) csrrs   s10, mscratch, s2
core   0: 3 0x8000ae92 (0x34092d73) x26 0x00000cf0 c832_mscratch 0x00000cff
core   0: 0x8000ae96 (0x0ff0000f) fence   iorw,iorw
core   0: 3 0x8000ae96 (0x0ff0000f)
core   0: 0x8000ae9a (0x75f53f17) auipc   t5, 0x75f53
core   0: 3 0x8000ae9a (0x75f53f17) x30 0xf5f5de9a
core   0: 0x8000ae9e (0x3409d2f3) csrrwi  t0, mscratch, 19
core   0: 3 0x8000ae9e (0x3409d2f3) x5  0x00000cff c832_mscratch 0x00000013
core   0: 0x8000aea2 (0x41368833) sub     a6, a3, s3
core   0: 3 0x8000aea2 (0x41368833) x16 0x7ffde764
core   0: 0x8000aea6 (0x00006161) c.addi16sp sp, 80
core   0: 3 0x8000aea6 (0x6161) x2  0xfffffd71
core   0: 0x8000aea8 (0xc1634a13) xori    s4, t1, -1002
core   0: 3 0x8000aea8 (0xc1634a13) x20 0xfffffc16
core   0: 0x8000aeac (0x016b62b3) or      t0, s6, s6
core   0: 3 0x8000aeac (0x016b62b3) x5  0x000000a1
core   0: 0x8000aeb0 (0x0000ce11) c.beqz  a2, pc + 28
core   0: 3 0x8000aeb0 (0xce11)
core   0: 0x8000aeb2 (0x02864263) blt     a2, s0, pc + 36
core   0: 3 0x8000aeb2 (0x02864263)
core   0: 0x8000aed6 (0x03b897b3) mulh    a5, a7, s11
core   0: 3 0x8000aed6 (0x03b897b3) x15 0x00000000
core   0: 0x8000aeda (0x34002673) csrr    a2, mscratch
core   0: 3 0x8000aeda (0x34002673) x12 0x00000013
core   0: 0x8000aede (0x01757263) bgeu    a0, s7, pc + 4
core   0: 3 0x8000aede (0x01757263)
core   0: 0x8000aee2 (0x024248b3) div     a7, tp, tp
core   0: 3 0x8000aee2 (0x024248b3) x17 0x00000001
core   0: 0x8000aee6 (0x01dff663) bgeu    t6, t4, pc + 12
core   0: 3 0x8000aee6 (0x01dff663)
core   0: 0x8000aef2 (0x0000c209) c.beqz  a2, pc + 2
core   0: 3 0x8000aef2 (0xc209)
core   0: 0x8000aef4 (0x0ff0000f) fence   iorw,iorw
core   0: 3 0x8000aef4 (0x0ff0000f)
core   0: 0x8000aef8 (0x0ff0000f) fence   iorw,iorw
core   0: 3 0x8000aef8 (0x0ff0000f)
core   0: 0x8000aefc (0x00679e63) bne     a5, t1, pc + 28
core   0: 3 0x8000aefc (0x00679e63)
core   0: 0x8000af00 (0x02db16b3) mulh    a3, s6, a3
core   0: 3 0x8000af00 (0x02db16b3) x13 0x00000050
core   0: 0x8000af04 (0x02a5e963) bltu    a1, a0, pc + 50
core   0: 3 0x8000af04 (0x02a5e963)
core   0: 0x8000af08 (0x0000100f) fence.i
core   0: 3 0x8000af08 (0x0000100f)
core   0: 0x8000af0c (0x02b7d0b3) divu    ra, a5, a1
core   0: 3 0x8000af0c (0x02b7d0b3) x1  0x00000000
core   0: 0x8000af10 (0x34007e73) csrrci  t3, mscratch, 0
core   0: 3 0x8000af10 (0x34007e73) x28 0x00000013
core   0: 0x8000af14 (0x03759533) mulh    a0, a1, s7
core   0: 3 0x8000af14 (0x03759533) x10 0x000001a7
core   0: 0x8000af18 (0x40d25b33) sra     s6, tp, a3
core   0: 3 0x8000af18 (0x40d25b33) x22 0xffff8002
core   0: 0x8000af1c (0x03826533) rem     a0, tp, s8
core   0: 3 0x8000af1c (0x03826533) x10 0x80025cf0
core   0: 0x8000af20 (0x00000001) c.nop
core   0: 3 0x8000af20 (0x0001)
core   0: 0x8000af22 (0x02fedc33) divu    s8, t4, a5
core   0: 3 0x8000af22 (0x02fedc33) x24 0xffffffff
core   0: 0x8000af26 (0x340fa8f3) csrrs   a7, mscratch, t6
core   0: 3 0x8000af26 (0x340fa8f3) x17 0x00000013 c832_mscratch 0x80025cf7
core   0: 0x8000af2a (0x0294b033) mulhu   zero, s1, s1
core   0: 3 0x8000af2a (0x0294b033)
core   0: 0x8000af2e (0x02531b33) mulh    s6, t1, t0
core   0: 3 0x8000af2e (0x02531b33) x22 0x00000000
core   0: 0x8000af32 (0x01d8a8b3) slt     a7, a7, t4
core   0: 3 0x8000af32 (0x01d8a8b3) x17 0x00000001
core   0: 0x8000af36 (0x00008d29) c.xor   a0, a0
core   0: 3 0x8000af36 (0x8d29) x10 0x00000000
core   0: 0x8000af38 (0x03b9cf33) div     t5, s3, s11
core   0: 3 0x8000af38 (0x03b9cf33) x30 0x00000000
core   0: 0x8000af3c (0x000088ae) c.mv    a7, a1
core   0: 3 0x8000af3c (0x88ae) x17 0x80021e58
core   0: 0x8000af3e (0x00452e33) slt     t3, a0, tp
core   0: 3 0x8000af3e (0x00452e33) x28 0x00000000
core   0: 0x8000af42 (0x3401dcf3) csrrwi  s9, mscratch, 3
core   0: 3 0x8000af42 (0x3401dcf3) x25 0x80025cf7 c832_mscratch 0x00000003
core   0: 0x8000af46 (0x038bd4b3) divu    s1, s7, s8
core   0: 3 0x8000af46 (0x038bd4b3) x9  0x00000000
core   0: 0x8000af4a (0x34002ef3) csrr    t4, mscratch
core   0: 3 0x8000af4a (0x34002ef3) x29 0x00000003
core   0: 0x8000af4e (0x02a79e33) mulh    t3, a5, a0
core   0: 3 0x8000af4e (0x02a79e33) x28 0x00000000
core   0: 0x8000af52 (0x03470f33) mul     t5, a4, s4
core   0: 3 0x8000af52 (0x03470f33) x30 0x182f4ad8
core   0: 0x8000af56 (0x80c97693) andi    a3, s2, -2036
core   0: 3 0x8000af56 (0x80c97693) x13 0x0000000c
core   0: 0x8000af5a (0x34007773) csrrci  a4, mscratch, 0
core   0: 3 0x8000af5a (0x34007773) x14 0x00000003
core   0: 0x8000af5e (0x00008e0d) c.sub   a2, a1
core   0: 3 0x8000af5e (0x8e0d) x12 0x7ffde1bb
core   0: 0x8000af60 (0x02efc533) div     a0, t6, a4
core   0: 3 0x8000af60 (0x02efc533) x10 0xd5561ef7
core   0: 0x8000af64 (0x000091f2) c.add   gp, t3
core   0: 3 0x8000af64 (0x91f2) x3  0x00000000
core   0: 0x8000af66 (0x00000001) c.nop
core   0: 3 0x8000af66 (0x0001)
core   0: 0x8000af68 (0x000042a9) c.li    t0, 10
core   0: 3 0x8000af68 (0x42a9) x5  0x0000000a
core   0: 0x8000af6a (0x41cc5513) srai    a0, s8, 28
core   0: 3 0x8000af6a (0x41cc5513) x10 0xffffffff
core   0: 0x8000af6e (0x002e0f33) add     t5, t3, sp
core   0: 3 0x8000af6e (0x002e0f33) x30 0xfffffd71
core   0: 0x8000af72 (0x021989b3) mul     s3, s3, ra
core   0: 3 0x8000af72 (0x021989b3) x19 0x00000000
core   0: 0x8000af76 (0x51612b13) slti    s6, sp, 1302
core   0: 3 0x8000af76 (0x51612b13) x22 0x00000001
core   0: 0x8000af7a (0x34006df3) csrrsi  s11, mscratch, 0
core   0: 3 0x8000af7a (0x34006df3) x27 0x00000003
core   0: 0x8000af7e (0x02ade1b3) rem     gp, s11, a0
core   0: 3 0x8000af7e (0x02ade1b3) x3  0x00000000
core   0: 0x8000af82 (0x0017b833) sltu    a6, a5, ra
core   0: 3 0x8000af82 (0x0017b833) x16 0x00000000
core   0: 0x8000af86 (0x004b51b3) srl     gp, s6, tp
core   0: 3 0x8000af86 (0x004b51b3) x3  0x00000000
core   0: 0x8000af8a (0x000063cd) c.lui   t2, 0x13
core   0: 3 0x8000af8a (0x63cd) x7  0x00013000
core   0: 0x8000af8c (0x032beab3) rem     s5, s7, s2
core   0: 3 0x8000af8c (0x032beab3) x21 0xfffffff9
core   0: 0x8000af90 (0x0ff0000f) fence   iorw,iorw
core   0: 3 0x8000af90 (0x0ff0000f)
core   0: 0x8000af94 (0x02e5a8b3) mulhsu  a7, a1, a4
core   0: 3 0x8000af94 (0x02e5a8b3) x17 0xfffffffe
core   0: 0x8000af98 (0x02822933) mulhsu  s2, tp, s0
core   0: 3 0x8000af98 (0x02822933) x18 0xffffff54
core   0: 0x8000af9c (0x00008f35) c.xor   a4, a3
core   0: 3 0x8000af9c (0x8f35) x14 0x0000000f
core   0: 0x8000af9e (0x419652b3) sra     t0, a2, s9
core   0: 3 0x8000af9e (0x419652b3) x5  0x000000ff
core   0: 0x8000afa2 (0x009e4233) xor     tp, t3, s1
core   0: 3 0x8000afa2 (0x009e4233) x4  0x00000000
core   0: 0x8000afa6 (0x01c804b3) add     s1, a6, t3
core   0: 3 0x8000afa6 (0x01c804b3) x9  0x00000000
core   0: 0x8000afaa (0x340454f3) csrrwi  s1, mscratch, 8
core   0: 3 0x8000afaa (0x340454f3) x9  0x00000003 c832_mscratch 0x00000008
core   0: 0x8000afae (0x3403dbf3) csrrwi  s7, mscratch, 7
core   0: 3 0x8000afae (0x3403dbf3) x23 0x00000008 c832_mscratch 0x00000007
core   0: 0x8000afb2 (0x340e3973) csrrc   s2, mscratch, t3
core   0: 3 0x8000afb2 (0x340e3973) x18 0x00000007 c832_mscratch 0x00000007
core   0: 0x8000afb6 (0x40a35cb3) sra     s9, t1, a0
core   0: 3 0x8000afb6 (0x40a35cb3) x25 0x00000000
core   0: 0x8000afba (0x0000100f) fence.i
core   0: 3 0x8000afba (0x0000100f)
core   0: 0x8000afbe (0x0187ebb3) or      s7, a5, s8
core   0: 3 0x8000afbe (0x0187ebb3) x23 0xffffffff
core   0: 0x8000afc2 (0x02630e63) beq     t1, t1, pc + 60
core   0: 3 0x8000afc2 (0x02630e63)
core   0: 0x8000affe (0x004c8d33) add     s10, s9, tp
core   0: 3 0x8000affe (0x004c8d33) x26 0x00000000
core   0: 0x8000b002 (0x023497b3) mulh    a5, s1, gp
core   0: 3 0x8000b002 (0x023497b3) x15 0x00000000
core   0: 0x8000b006 (0x03dbbd33) mulhu   s10, s7, t4
core   0: 3 0x8000b006 (0x03dbbd33) x26 0x00000002
core   0: 0x8000b00a (0x00008b8d) c.andi  a5, 3
core   0: 3 0x8000b00a (0x8b8d) x15 0x00000000
core   0: 0x8000b00c (0x000068d1) c.lui   a7, 0x14
core   0: 3 0x8000b00c (0x68d1) x17 0x00014000
core   0: 0x8000b00e (0x00afbc33) sltu    s8, t6, a0
core   0: 3 0x8000b00e (0x00afbc33) x24 0x00000001
core   0: 0x8000b012 (0x026850b3) divu    ra, a6, t1
core   0: 3 0x8000b012 (0x026850b3) x1  0xffffffff
core   0: 0x8000b016 (0x00000001) c.nop
core   0: 3 0x8000b016 (0x0001)
core   0: 0x8000b018 (0x00008561) c.srai  a0, 24
core   0: 3 0x8000b018 (0x8561) x10 0xffffffff
core   0: 0x8000b01a (0x340651f3) csrrwi  gp, mscratch, 12
core   0: 3 0x8000b01a (0x340651f3) x3  0x00000007 c832_mscratch 0x0000000c
core   0: 0x8000b01e (0x03333cb3) mulhu   s9, t1, s3
core   0: 3 0x8000b01e (0x03333cb3) x25 0x00000000
core   0: 0x8000b022 (0x340e18f3) csrrw   a7, mscratch, t3
core   0: 3 0x8000b022 (0x340e18f3) x17 0x0000000c c832_mscratch 0x00000000
core   0: 0x8000b026 (0x72d13117) auipc   sp, 0x72d13
core   0: 3 0x8000b026 (0x72d13117) x2  0xf2d1e026
core   0: 0x8000b02a (0x0116d133) srl     sp, a3, a7
core   0: 3 0x8000b02a (0x0116d133) x2  0x00000000
core   0: 0x8000b02e (0x00006add) c.lui   s5, 0x17
core   0: 3 0x8000b02e (0x6add) x21 0x00017000
core   0: 0x8000b030 (0x000082c2) c.mv    t0, a6
core   0: 3 0x8000b030 (0x82c2) x5  0x00000000
core   0: 0x8000b032 (0x03166a63) bltu    a2, a7, pc + 52
core   0: 3 0x8000b032 (0x03166a63)
core   0: 0x8000b036 (0x01d2feb3) and     t4, t0, t4
core   0: 3 0x8000b036 (0x01d2feb3) x29 0x00000000
core   0: 0x8000b03a (0x000004c5) c.addi  s1, 17
core   0: 3 0x8000b03a (0x04c5) x9  0x00000014
core   0: 0x8000b03c (0xfeb9bf13) sltiu   t5, s3, -21
core   0: 3 0x8000b03c (0xfeb9bf13) x30 0x00000001
core   0: 0x8000b040 (0xa751b0b7) lui     ra, 0xa751b
core   0: 3 0x8000b040 (0xa751b0b7) x1  0xa751b000
core   0: 0x8000b044 (0x40850233) sub     tp, a0, s0
core   0: 3 0x8000b044 (0x40850233) x4  0xfffffea7
core   0: 0x8000b048 (0x027b69b3) rem     s3, s6, t2
core   0: 3 0x8000b048 (0x027b69b3) x19 0x00000001
core   0: 0x8000b04c (0x010acab3) xor     s5, s5, a6
core   0: 3 0x8000b04c (0x010acab3) x21 0x00017000
core   0: 0x8000b050 (0x00008715) c.srai  a4, 5
core   0: 3 0x8000b050 (0x8715) x14 0x00000000
core   0: 0x8000b052 (0x02a664b3) rem     s1, a2, a0
core   0: 3 0x8000b052 (0x02a664b3) x9  0x00000000
core   0: 0x8000b056 (0x00008fad) c.xor   a5, a1
core   0: 3 0x8000b056 (0x8fad) x15 0x80021e58
core   0: 0x8000b058 (0x024309b3) mul     s3, t1, tp
core   0: 3 0x8000b058 (0x024309b3) x19 0x00000000
core   0: 0x8000b05c (0x34002f73) csrr    t5, mscratch
core   0: 3 0x8000b05c (0x34002f73) x30 0x00000000
core   0: 0x8000b060 (0x00161093) slli    ra, a2, 1
core   0: 3 0x8000b060 (0x00161093) x1  0xfffbc376
core   0: 0x8000b064 (0x00008ef6) c.mv    t4, t4
core   0: 3 0x8000b064 (0x8ef6) x29 0x00000000
core   0: 0x8000b066 (0x00009bfd) c.andi  a5, -1
core   0: 3 0x8000b066 (0x9bfd) x15 0x80021e58
core   0: 0x8000b068 (0x2f189717) auipc   a4, 0x2f189
core   0: 3 0x8000b068 (0x2f189717) x14 0xaf194068
core   0: 0x8000b06c (0x00008ac9) c.andi  a3, 18
core   0: 3 0x8000b06c (0x8ac9) x13 0x00000000
core   0: 0x8000b06e (0x0000884e) c.mv    a6, s3
core   0: 3 0x8000b06e (0x884e) x16 0x00000000
core   0: 0x8000b070 (0x01baae33) slt     t3, s5, s11
core   0: 3 0x8000b070 (0x01baae33) x28 0x00000000
core   0: 0x8000b074 (0x40e88a33) sub     s4, a7, a4
core   0: 3 0x8000b074 (0x40e88a33) x20 0x50e6bfa4
core   0: 0x8000b078 (0x029a1233) mulh    tp, s4, s1
core   0: 3 0x8000b078 (0x029a1233) x4  0x00000000
core   0: 0x8000b07c (0x033a73b3) remu    t2, s4, s3
core   0: 3 0x8000b07c (0x033a73b3) x7  0x50e6bfa4
core   0: 0x8000b080 (0x40c58eb3) sub     t4, a1, a2
core   0: 3 0x8000b080 (0x40c58eb3) x29 0x00043c9d
core   0: 0x8000b084 (0x41775f13) srai    t5, a4, 23
core   0: 3 0x8000b084 (0x41775f13) x30 0xffffff5e
core   0: 0x8000b088 (0x00006145) c.addi16sp sp, 48
core   0: 3 0x8000b088 (0x6145) x2  0x00000030
core   0: 0x8000b08a (0x00008e91) c.sub   a3, a2
core   0: 3 0x8000b08a (0x8e91) x13 0x80021e45
core   0: 0x8000b08c (0x00006cb9) c.lui   s9, 0xe
core   0: 3 0x8000b08c (0x6cb9) x25 0x0000e000
core   0: 0x8000b08e (0x340ea7f3) csrrs   a5, mscratch, t4
core   0: 3 0x8000b08e (0x340ea7f3) x15 0x00000000 c832_mscratch 0x00043c9d
core   0: 0x8000b092 (0x000083b5) c.srli  a5, 13
core   0: 3 0x8000b092 (0x83b5) x15 0x00000000
core   0: 0x8000b094 (0x001f9013) slli    zero, t6, 1
core   0: 3 0x8000b094 (0x001f9013)
core   0: 0x8000b098 (0x43c1da97) auipc   s5, 0x43c1d
core   0: 3 0x8000b098 (0x43c1da97) x21 0xc3c28098
core   0: 0x8000b09c (0x7a974293) xori    t0, a4, 1961
core   0: 3 0x8000b09c (0x7a974293) x5  0xaf1947c1
core   0: 0x8000b0a0 (0x000008f1) c.addi  a7, 28
core   0: 3 0x8000b0a0 (0x08f1) x17 0x00000028
core   0: 0x8000b0a2 (0x34005cf3) csrrwi  s9, mscratch, 0
core   0: 3 0x8000b0a2 (0x34005cf3) x25 0x00043c9d c832_mscratch 0x00000000
core   0: 0x8000b0a6 (0x032321b3) mulhsu  gp, t1, s2
core   0: 3 0x8000b0a6 (0x032321b3) x3  0x00000000
core   0: 0x8000b0aa (0x00ed9613) slli    a2, s11, 14
core   0: 3 0x8000b0aa (0x00ed9613) x12 0x0000c000
core   0: 0x8000b0ae (0x0388a433) mulhsu  s0, a7, s8
core   0: 3 0x8000b0ae (0x0388a433) x8  0x00000000
core   0: 0x8000b0b2 (0x02737f63) bgeu    t1, t2, pc + 62
core   0: 3 0x8000b0b2 (0x02737f63)
core   0: 0x8000b0b6 (0x00bd61b3) or      gp, s10, a1
core   0: 3 0x8000b0b6 (0x00bd61b3) x3  0x80021e5a
core   0: 0x8000b0ba (0x0025dbb3) srl     s7, a1, sp
core   0: 3 0x8000b0ba (0x0025dbb3) x23 0x00008002
core   0: 0x8000b0be (0x0157b3b3) sltu    t2, a5, s5
core   0: 3 0x8000b0be (0x0157b3b3) x7  0x00000001
core   0: 0x8000b0c2 (0x22321d97) auipc   s11, 0x22321
core   0: 3 0x8000b0c2 (0x22321d97) x27 0xa232c0c2
core   0: 0x8000b0c6 (0x01b21913) slli    s2, tp, 27
core   0: 3 0x8000b0c6 (0x01b21913) x18 0x00000000
core   0: 0x8000b0ca (0x0000838d) c.srli  a5, 3
core   0: 3 0x8000b0ca (0x838d) x15 0x00000000
core   0: 0x8000b0cc (0x0128d2b3) srl     t0, a7, s2
core   0: 3 0x8000b0cc (0x0128d2b3) x5  0x00000028
core   0: 0x8000b0d0 (0x02e74bb3) div     s7, a4, a4
core   0: 3 0x8000b0d0 (0x02e74bb3) x23 0x00000001
core   0: 0x8000b0d4 (0x017ac863) blt     s5, s7, pc + 16
core   0: 3 0x8000b0d4 (0x017ac863)
core   0: 0x8000b0e4 (0x00000816) c.slli  a6, 5
core   0: 3 0x8000b0e4 (0x0816) x16 0x00000000
core   0: 0x8000b0e6 (0x035837b3) mulhu   a5, a6, s5
core   0: 3 0x8000b0e6 (0x035837b3) x15 0x00000000
core   0: 0x8000b0ea (0x053d9263) bne     s11, s3, pc + 68
core   0: 3 0x8000b0ea (0x053d9263)
core   0: 0x8000b12e (0x34003273) csrrc   tp, mscratch, zero
core   0: 3 0x8000b12e (0x34003273) x4  0x00000000
core   0: 0x8000b132 (0x00000afe) c.slli  s5, 31
core   0: 3 0x8000b132 (0x0afe) x21 0x00000000
core   0: 0x8000b134 (0x0ff0000f) fence   iorw,iorw
core   0: 3 0x8000b134 (0x0ff0000f)
core   0: 0x8000b138 (0x020f46b3) div     a3, t5, zero
core   0: 3 0x8000b138 (0x020f46b3) x13 0xffffffff
core   0: 0x8000b13c (0x00000001) c.nop
core   0: 3 0x8000b13c (0x0001)
core   0: 0x8000b13e (0x340a21f3) csrrs   gp, mscratch, s4
core   0: 3 0x8000b13e (0x340a21f3) x3  0x00000000 c832_mscratch 0x50e6bfa4
core   0: 0x8000b142 (0x41ddd433) sra     s0, s11, t4
core   0: 3 0x8000b142 (0x41ddd433) x8  0xfffffffd
core   0: 0x8000b146 (0x003fdb33) srl     s6, t6, gp
core   0: 3 0x8000b146 (0x003fdb33) x22 0x80025ce4
core   0: 0x8000b14a (0x0399b8b3) mulhu   a7, s3, s9
core   0: 3 0x8000b14a (0x0399b8b3) x17 0x00000000
core   0: 0x8000b14e (0x00000001) c.nop
core   0: 3 0x8000b14e (0x0001)
core   0: 0x8000b150 (0x00008d49) c.or    a0, a0
core   0: 3 0x8000b150 (0x8d49) x10 0xffffffff
core   0: 0x8000b152 (0x340023f3) csrr    t2, mscratch
core   0: 3 0x8000b152 (0x340023f3) x7  0x50e6bfa4
core   0: 0x8000b156 (0x4061dbb3) sra     s7, gp, t1
core   0: 3 0x8000b156 (0x4061dbb3) x23 0x00000000
core   0: 0x8000b15a (0x03b52d33) mulhsu  s10, a0, s11
core   0: 3 0x8000b15a (0x03b52d33) x26 0xffffffff
core   0: 0x8000b15e (0x03f65e63) bge     a2, t6, pc + 60
core   0: 3 0x8000b15e (0x03f65e63)
core   0: 0x8000b19a (0xae438413) addi    s0, t2, -1308
core   0: 3 0x8000b19a (0xae438413) x8  0x50e6ba88
core   0: 0x8000b19e (0x03ec0933) mul     s2, s8, t5
core   0: 3 0x8000b19e (0x03ec0933) x18 0xffffff5e
core   0: 0x8000b1a2 (0x00008009) c.srli  s0, 2
core   0: 3 0x8000b1a2 (0x8009) x8  0x1439aea2
core   0: 0x8000b1a4 (0x02d52533) mulhsu  a0, a0, a3
core   0: 3 0x8000b1a4 (0x02d52533) x10 0xffffffff
core   0: 0x8000b1a8 (0x00000001) c.nop
core   0: 3 0x8000b1a8 (0x0001)
core   0: 0x8000b1aa (0x00000c1c) c.addi4spn a5, sp, 528
core   0: 3 0x8000b1aa (0x0c1c) x15 0x00000240
core   0: 0x8000b1ac (0x00000572) c.slli  a0, 28
core   0: 3 0x8000b1ac (0x0572) x10 0xf0000000
core   0: 0x8000b1ae (0x00000001) c.nop
core   0: 3 0x8000b1ae (0x0001)
core   0: 0x8000b1b0 (0x0ff0000f) fence   iorw,iorw
core   0: 3 0x8000b1b0 (0x0ff0000f)
core   0: 0x8000b1b4 (0x05596713) ori     a4, s2, 85
core   0: 3 0x8000b1b4 (0x05596713) x14 0xffffff5f
core   0: 0x8000b1b8 (0x00008b3d) c.andi  a4, 15
core   0: 3 0x8000b1b8 (0x8b3d) x14 0x0000000f
core   0: 0x8000b1ba (0x000002be) c.slli  t0, 15
core   0: 3 0x8000b1ba (0x02be) x5  0x00140000
core   0: 0x8000b1bc (0x34015473) csrrwi  s0, mscratch, 2
core   0: 3 0x8000b1bc (0x34015473) x8  0x50e6bfa4 c832_mscratch 0x00000002
core   0: 0x8000b1c0 (0x00008f0d) c.sub   a4, a1
core   0: 3 0x8000b1c0 (0x8f0d) x14 0x7ffde1b7
core   0: 0x8000b1c2 (0x0000e695) c.bnez  a3, pc + 44
core   0: 3 0x8000b1c2 (0xe695)
core   0: 0x8000b1ee (0x620b2f13) slti    t5, s6, 1568
core   0: 3 0x8000b1ee (0x620b2f13) x30 0x00000001
core   0: 0x8000b1f2 (0x00008e25) c.xor   a2, s1
core   0: 3 0x8000b1f2 (0x8e25) x12 0x0000c000
core   0: 0x8000b1f4 (0x000009aa) c.slli  s3, 10
core   0: 3 0x8000b1f4 (0x09aa) x19 0x00000000
core   0: 0x8000b1f6 (0x0000100f) fence.i
core   0: 3 0x8000b1f6 (0x0000100f)
core   0: 0x8000b1fa (0x00008129) c.srli  a0, 10
core   0: 3 0x8000b1fa (0x8129) x10 0x003c0000
core   0: 0x8000b1fc (0xa9af0213) addi    tp, t5, -1382
core   0: 3 0x8000b1fc (0xa9af0213) x4  0xfffffa9b
core   0: 0x8000b200 (0x40485213) srai    tp, a6, 4
core   0: 3 0x8000b200 (0x40485213) x4  0x00000000
core   0: 0x8000b204 (0x41845c33) sra     s8, s0, s8
core   0: 3 0x8000b204 (0x41845c33) x24 0x28735fd2
core   0: 0x8000b208 (0x00009afd) c.andi  a3, -1
core   0: 3 0x8000b208 (0x9afd) x13 0xffffffff
core   0: 0x8000b20a (0x00008c71) c.and   s0, a2
core   0: 3 0x8000b20a (0x8c71) x8  0x00008000
core   0: 0x8000b20c (0x10b0bb13) sltiu   s6, ra, 267
core   0: 3 0x8000b20c (0x10b0bb13) x22 0x00000000
core   0: 0x8000b210 (0x02d20533) mul     a0, tp, a3
core   0: 3 0x8000b210 (0x02d20533) x10 0x00000000
core   0: 0x8000b214 (0x00008305) c.srli  a4, 1
core   0: 3 0x8000b214 (0x8305) x14 0x3ffef0db
core   0: 0x8000b216 (0x00b0ae33) slt     t3, ra, a1
core   0: 3 0x8000b216 (0x00b0ae33) x28 0x00000000
core   0: 0x8000b21a (0x00006f4d) c.lui   t5, 0x13
core   0: 3 0x8000b21a (0x6f4d) x30 0x00013000
core   0: 0x8000b21c (0x0044b633) sltu    a2, s1, tp
core   0: 3 0x8000b21c (0x0044b633) x12 0x00000000
core   0: 0x8000b220 (0x01949363) bne     s1, s9, pc + 6
core   0: 3 0x8000b220 (0x01949363)
core   0: 0x8000b226 (0x0000983a) c.add   a6, a4
core   0: 3 0x8000b226 (0x983a) x16 0x3ffef0db
core   0: 0x8000b228 (0x340d6e73) csrrsi  t3, mscratch, 26
core   0: 3 0x8000b228 (0x340d6e73) x28 0x00000002 c832_mscratch 0x0000001a
core   0: 0x8000b22c (0x34006273) csrrsi  tp, mscratch, 0
core   0: 3 0x8000b22c (0x34006273) x4  0x0000001a
core   0: 0x8000b230 (0x00000419) c.addi  s0, 6
core   0: 3 0x8000b230 (0x0419) x8  0x00008006
core   0: 0x8000b232 (0x00008e69) c.and   a2, a0
core   0: 3 0x8000b232 (0x8e69) x12 0x00000000
core   0: 0x8000b234 (0x000082c9) c.srli  a3, 18
core   0: 3 0x8000b234 (0x82c9) x13 0x00003fff
core   0: 0x8000b236 (0x000d3e33) sltu    t3, s10, zero
core   0: 3 0x8000b236 (0x000d3e33) x28 0x00000000
core   0: 0x8000b23a (0x00009bfd) c.andi  a5, -1
core   0: 3 0x8000b23a (0x9bfd) x15 0x00000240
core   0: 0x8000b23c (0x00009916) c.add   s2, t0
core   0: 3 0x8000b23c (0x9916) x18 0x0013ff5e
core   0: 0x8000b23e (0x01488533) add     a0, a7, s4
core   0: 3 0x8000b23e (0x01488533) x10 0x50e6bfa4
core   0: 0x8000b242 (0x000059fd) c.li    s3, -1
core   0: 3 0x8000b242 (0x59fd) x19 0xffffffff
core   0: 0x8000b244 (0x000006b6) c.slli  a3, 13
core   0: 3 0x8000b244 (0x06b6) x13 0x07ffe000
core   0: 0x8000b246 (0x00001f08) c.addi4spn a0, sp, 944
core   0: 3 0x8000b246 (0x1f08) x10 0x000003e0
core   0: 0x8000b248 (0x00008b79) c.andi  a4, 30
core   0: 3 0x8000b248 (0x8b79) x14 0x0000001a
core   0: 0x8000b24a (0x00006929) c.lui   s2, 0xa
core   0: 3 0x8000b24a (0x6929) x18 0x0000a000
core   0: 0x8000b24c (0x00d6f933) and     s2, a3, a3
core   0: 3 0x8000b24c (0x00d6f933) x18 0x07ffe000
core   0: 0x8000b250 (0x000d9d13) slli    s10, s11, 0
core   0: 3 0x8000b250 (0x000d9d13) x26 0xa232c0c2
core   0: 0x8000b254 (0x00000001) c.nop
core   0: 3 0x8000b254 (0x0001)
core   0: 0x8000b256 (0x00006179) c.addi16sp sp, 464
core   0: 3 0x8000b256 (0x6179) x2  0x00000200
core   0: 0x8000b258 (0x03c5bab3) mulhu   s5, a1, t3
core   0: 3 0x8000b258 (0x03c5bab3) x21 0x00000000
core   0: 0x8000b25c (0x00004b05) c.li    s6, 1
core   0: 3 0x8000b25c (0x4b05) x22 0x00000001
core   0: 0x8000b25e (0xd75ed217) auipc   tp, 0xd75ed
core   0: 3 0x8000b25e (0xd75ed217) x4  0x575f825e
core   0: 0x8000b262 (0x1ed8f413) andi    s0, a7, 493
core   0: 3 0x8000b262 (0x1ed8f413) x8  0x00000000
core   0: 0x8000b266 (0x00000996) c.slli  s3, 5
core   0: 3 0x8000b266 (0x0996) x19 0xffffffe0
core   0: 0x8000b268 (0x02036bb3) rem     s7, t1, zero
core   0: 3 0x8000b268 (0x02036bb3) x23 0x00000000
core   0: 0x8000b26c (0x34002873) csrr    a6, mscratch
core   0: 3 0x8000b26c (0x34002873) x16 0x0000001a
core   0: 0x8000b270 (0x0ff0000f) fence   iorw,iorw
core   0: 3 0x8000b270 (0x0ff0000f)
core   0: 0x8000b274 (0x03f561b3) rem     gp, a0, t6
core   0: 3 0x8000b274 (0x03f561b3) x3  0x000003e0
core   0: 0x8000b278 (0x00000001) c.nop
core   0: 3 0x8000b278 (0x0001)
core   0: 0x8000b27a (0x03a64933) div     s2, a2, s10
core   0: 3 0x8000b27a (0x03a64933) x18 0x00000000
core   0: 0x8000b27e (0x009e5463) bge     t3, s1, pc + 8
core   0: 3 0x8000b27e (0x009e5463)
core   0: 0x8000b286 (0x00000a3a) c.slli  s4, 14
core   0: 3 0x8000b286 (0x0a3a) x20 0xafe90000
core   0: 0x8000b288 (0x614ba813) slti    a6, s7, 1556
core   0: 3 0x8000b288 (0x614ba813) x16 0x00000001
core   0: 0x8000b28c (0x02656d63) bltu    a0, t1, pc + 58
core   0: 3 0x8000b28c (0x02656d63)
core   0: 0x8000b290 (0x00627933) and     s2, tp, t1
core   0: 3 0x8000b290 (0x00627933) x18 0x00000000
core   0: 0x8000b294 (0x000066b9) c.lui   a3, 0xe
core   0: 3 0x8000b294 (0x66b9) x13 0x0000e000
core   0: 0x8000b296 (0x00006135) c.addi16sp sp, 352
core   0: 3 0x8000b296 (0x6135) x2  0x00000360
core   0: 0x8000b298 (0x0000e109) c.bnez  a0, pc + 2
core   0: 3 0x8000b298 (0xe109)
core   0: 0x8000b29a (0x0000ea05) c.bnez  a2, pc + 48
core   0: 3 0x8000b29a (0xea05)
core   0: 0x8000b29c (0x00001510) c.addi4spn a2, sp, 672
core   0: 3 0x8000b29c (0x1510) x12 0x00000600
core   0: 0x8000b29e (0x340c3573) csrrc   a0, mscratch, s8
core   0: 3 0x8000b29e (0x340c3573) x10 0x0000001a c832_mscratch 0x00000008
core   0: 0x8000b2a2 (0xac843997) auipc   s3, 0xac843
core   0: 3 0x8000b2a2 (0xac843997) x19 0x2c84e2a2
core   0: 0x8000b2a6 (0x00006249) c.lui   tp, 0x12
core   0: 3 0x8000b2a6 (0x6249) x4  0x00012000
core   0: 0x8000b2a8 (0x035d3533) mulhu   a0, s10, s5
core   0: 3 0x8000b2a8 (0x035d3533) x10 0x00000000
core   0: 0x8000b2ac (0x020523b3) mulhsu  t2, a0, zero
core   0: 3 0x8000b2ac (0x020523b3) x7  0x00000000
core   0: 0x8000b2b0 (0x34002773) csrr    a4, mscratch
core   0: 3 0x8000b2b0 (0x34002773) x14 0x00000008
core   0: 0x8000b2b4 (0x000089c6) c.mv    s3, a7
core   0: 3 0x8000b2b4 (0x89c6) x19 0x00000000
core   0: 0x8000b2b6 (0x0ff0000f) fence   iorw,iorw
core   0: 3 0x8000b2b6 (0x0ff0000f)
core   0: 0x8000b2ba (0x03d807b3) mul     a5, a6, t4
core   0: 3 0x8000b2ba (0x03d807b3) x15 0x00043c9d
core   0: 0x8000b2be (0x010cd033) srl     zero, s9, a6
core   0: 3 0x8000b2be (0x010cd033)
core   0: 0x8000b2c2 (0x4087dd33) sra     s10, a5, s0
core   0: 3 0x8000b2c2 (0x4087dd33) x26 0x00043c9d
core   0: 0x8000b2c6 (0x40d15c33) sra     s8, sp, a3
core   0: 3 0x8000b2c6 (0x40d15c33) x24 0x00000360
core   0: 0x8000b2ca (0x01d6d413) srli    s0, a3, 29
core   0: 3 0x8000b2ca (0x01d6d413) x8  0x00000000
core   0: 0x8000b2ce (0x00008e2d) c.xor   a2, a1
core   0: 3 0x8000b2ce (0x8e2d) x12 0x80021858
core   0: 0x8000b2d0 (0x313b3293) sltiu   t0, s6, 787
core   0: 3 0x8000b2d0 (0x313b3293) x5  0x00000001
core   0: 0x8000b2d4 (0x23183113) sltiu   sp, a6, 561
core   0: 3 0x8000b2d4 (0x23183113) x2  0x00000001
core   0: 0x8000b2d8 (0x02a62eb3) mulhsu  t4, a2, a0
core   0: 3 0x8000b2d8 (0x02a62eb3) x29 0x00000000
core   0: 0x8000b2dc (0x0000717d) c.addi16sp sp, -16
core   0: 3 0x8000b2dc (0x717d) x2  0xfffffff1
core   0: 0x8000b2de (0x00d79263) bne     a5, a3, pc + 4
core   0: 3 0x8000b2de (0x00d79263)
core   0: 0x8000b2e2 (0x00008e65) c.and   a2, s1
core   0: 3 0x8000b2e2 (0x8e65) x12 0x00000000
core   0: 0x8000b2e4 (0x00008165) c.srli  a0, 25
core   0: 3 0x8000b2e4 (0x8165) x10 0x00000000
core   0: 0x8000b2e6 (0x00027133) and     sp, tp, zero
core   0: 3 0x8000b2e6 (0x00027133) x2  0x00000000
core   0: 0x8000b2ea (0x02d8d3b3) divu    t2, a7, a3
core   0: 3 0x8000b2ea (0x02d8d3b3) x7  0x00000000
core   0: 0x8000b2ee (0x024c81b3) mul     gp, s9, tp
core   0: 3 0x8000b2ee (0x024c81b3) x3  0xc430a000
core   0: 0x8000b2f2 (0x000066a5) c.lui   a3, 0x9
core   0: 3 0x8000b2f2 (0x66a5) x13 0x00009000
core   0: 0x8000b2f4 (0x00f54ab3) xor     s5, a0, a5
core   0: 3 0x8000b2f4 (0x00f54ab3) x21 0x00043c9d
core   0: 0x8000b2f8 (0x3fa00b13) li      s6, 1018
core   0: 3 0x8000b2f8 (0x3fa00b13) x22 0x000003fa
core   0: 0x8000b2fc (0x007cd763) bge     s9, t2, pc + 14
core   0: 3 0x8000b2fc (0x007cd763)
core   0: 0x8000b30a (0x41a6d7b3) sra     a5, a3, s10
core   0: 3 0x8000b30a (0x41a6d7b3) x15 0x00000000
core   0: 0x8000b30e (0x0000ee11) c.bnez  a2, pc + 28
core   0: 3 0x8000b30e (0xee11)
core   0: 0x8000b310 (0x0000717d) c.addi16sp sp, -16
core   0: 3 0x8000b310 (0x717d) x2  0xfffffff0
core   0: 0x8000b312 (0x00008c6d) c.and   s0, a1
core   0: 3 0x8000b312 (0x8c6d) x8  0x00000000
core   0: 0x8000b314 (0x56cabb13) sltiu   s6, s5, 1388
core   0: 3 0x8000b314 (0x56cabb13) x22 0x00000000
core   0: 0x8000b318 (0x0000717d) c.addi16sp sp, -16
core   0: 3 0x8000b318 (0x717d) x2  0xffffffe0
core   0: 0x8000b31a (0x404453b3) sra     t2, s0, tp
core   0: 3 0x8000b31a (0x404453b3) x7  0x00000000
core   0: 0x8000b31e (0x41c35d93) srai    s11, t1, 28
core   0: 3 0x8000b31e (0x41c35d93) x27 0x00000000
core   0: 0x8000b322 (0x340251f3) csrrwi  gp, mscratch, 4
core   0: 3 0x8000b322 (0x340251f3) x3  0x00000008 c832_mscratch 0x00000004
core   0: 0x8000b326 (0x01619393) slli    t2, gp, 22
core   0: 3 0x8000b326 (0x01619393) x7  0x02000000
core   0: 0x8000b32a (0x002a2833) slt     a6, s4, sp
core   0: 3 0x8000b32a (0x002a2833) x16 0x00000001
core   0: 0x8000b32e (0x0000c89d) c.beqz  s1, pc + 54
core   0: 3 0x8000b32e (0xc89d)
core   0: 0x8000b364 (0x0000cf05) c.beqz  a4, pc + 56
core   0: 3 0x8000b364 (0xcf05)
core   0: 0x8000b366 (0x0068ef33) or      t5, a7, t1
core   0: 3 0x8000b366 (0x0068ef33) x30 0x00000000
core   0: 0x8000b36a (0x01e6e733) or      a4, a3, t5
core   0: 3 0x8000b36a (0x01e6e733) x14 0x00009000
core   0: 0x8000b36e (0x00004815) c.li    a6, 5
core   0: 3 0x8000b36e (0x4815) x16 0x00000005
core   0: 0x8000b370 (0x00146a33) or      s4, s0, ra
core   0: 3 0x8000b370 (0x00146a33) x20 0xfffbc376
core   0: 0x8000b374 (0x00000001) c.nop
core   0: 3 0x8000b374 (0x0001)
core   0: 0x8000b376 (0x00009afd) c.andi  a3, -1
core   0: 3 0x8000b376 (0x9afd) x13 0x00009000
core   0: 0x8000b378 (0x0000c891) c.beqz  s1, pc + 20
core   0: 3 0x8000b378 (0xc891)
core   0: 0x8000b38c (0x0000ca19) c.beqz  a2, pc + 22
core   0: 3 0x8000b38c (0xca19)
core   0: 0x8000b3a2 (0x01b60f33) add     t5, a2, s11
core   0: 3 0x8000b3a2 (0x01b60f33) x30 0x00000000
core   0: 0x8000b3a6 (0x00000001) c.nop
core   0: 3 0x8000b3a6 (0x0001)
core   0: 0x8000b3a8 (0x0393c563) blt     t2, s9, pc + 42
core   0: 3 0x8000b3a8 (0x0393c563)
core   0: 0x8000b3ac (0x00000001) c.nop
core   0: 3 0x8000b3ac (0x0001)
core   0: 0x8000b3ae (0x02faf233) remu    tp, s5, a5
core   0: 3 0x8000b3ae (0x02faf233) x4  0x00043c9d
core   0: 0x8000b3b2 (0x014c9c13) slli    s8, s9, 20
core   0: 3 0x8000b3b2 (0x014c9c13) x24 0xc9d00000
core   0: 0x8000b3b6 (0x00000001) c.nop
core   0: 3 0x8000b3b6 (0x0001)
core   0: 0x8000b3b8 (0x34052673) csrrs   a2, mscratch, a0
core   0: 3 0x8000b3b8 (0x34052673) x12 0x00000004 c832_mscratch 0x00000004
core   0: 0x8000b3bc (0x037a7cb3) remu    s9, s4, s7
core   0: 3 0x8000b3bc (0x037a7cb3) x25 0xfffbc376
core   0: 0x8000b3c0 (0x018374b3) and     s1, t1, s8
core   0: 3 0x8000b3c0 (0x018374b3) x9  0x00000000
core   0: 0x8000b3c4 (0x03f28cb3) mul     s9, t0, t6
core   0: 3 0x8000b3c4 (0x03f28cb3) x25 0x80025ce4
core   0: 0x8000b3c8 (0x0000100f) fence.i
core   0: 3 0x8000b3c8 (0x0000100f)
core   0: 0x8000b3cc (0x00000001) c.nop
core   0: 3 0x8000b3cc (0x0001)
core   0: 0x8000b3ce (0x005176b3) and     a3, sp, t0
core   0: 3 0x8000b3ce (0x005176b3) x13 0x00000000
core   0: 0x8000b3d2 (0x17edfc13) andi    s8, s11, 382
core   0: 3 0x8000b3d2 (0x17edfc13) x24 0x00000000
core   0: 0x8000b3d6 (0x0313e533) rem     a0, t2, a7
core   0: 3 0x8000b3d6 (0x0313e533) x10 0x02000000
core   0: 0x8000b3da (0xc02cc713) xori    a4, s9, -1022
core   0: 3 0x8000b3da (0xc02cc713) x14 0x7ffda0e6
core   0: 0x8000b3de (0x03e6c663) blt     a3, t5, pc + 44
core   0: 3 0x8000b3de (0x03e6c663)
core   0: 0x8000b3e2 (0x0060db63) bge     ra, t1, pc + 22
core   0: 3 0x8000b3e2 (0x0060db63)
core   0: 0x8000b3e6 (0x00008ed5) c.or    a3, a3
core   0: 3 0x8000b3e6 (0x8ed5) x13 0x00000000
core   0: 0x8000b3e8 (0x02fe3533) mulhu   a0, t3, a5
core   0: 3 0x8000b3e8 (0x02fe3533) x10 0x00000000
core   0: 0x8000b3ec (0x00000001) c.nop
core   0: 3 0x8000b3ec (0x0001)
core   0: 0x8000b3ee (0xa1a87193) andi    gp, a6, -1510
core   0: 3 0x8000b3ee (0xa1a87193) x3  0x00000000
core   0: 0x8000b3f2 (0x3408a0f3) csrrs   ra, mscratch, a7
core   0: 3 0x8000b3f2 (0x3408a0f3) x1  0x00000004 c832_mscratch 0x00000004
core   0: 0x8000b3f6 (0x000068dd) c.lui   a7, 0x17
core   0: 3 0x8000b3f6 (0x68dd) x17 0x00017000
core   0: 0x8000b3f8 (0x00771d93) slli    s11, a4, 7
core   0: 3 0x8000b3f8 (0x00771d93) x27 0xfed07300
core   0: 0x8000b3fc (0x0000c509) c.beqz  a0, pc + 10
core   0: 3 0x8000b3fc (0xc509)
core   0: 0x8000b406 (0x01755c63) bge     a0, s7, pc + 24
core   0: 3 0x8000b406 (0x01755c63)
core   0: 0x8000b41e (0x9e56c913) xori    s2, a3, -1563
core   0: 3 0x8000b41e (0x9e56c913) x18 0xfffff9e5
core   0: 0x8000b422 (0x008f2833) slt     a6, t5, s0
core   0: 3 0x8000b422 (0x008f2833) x16 0x00000000
core   0: 0x8000b426 (0x00008095) c.srli  s1, 5
core   0: 3 0x8000b426 (0x8095) x9  0x00000000
core   0: 0x8000b428 (0x34002273) csrr    tp, mscratch
core   0: 3 0x8000b428 (0x34002273) x4  0x00000004
core   0: 0x8000b42c (0x01da6ab3) or      s5, s4, t4
core   0: 3 0x8000b42c (0x01da6ab3) x21 0xfffbc376
core   0: 0x8000b430 (0x000080ce) c.mv    ra, s3
core   0: 3 0x8000b430 (0x80ce) x1  0x00000000
core   0: 0x8000b432 (0x028f8833) mul     a6, t6, s0
core   0: 3 0x8000b432 (0x028f8833) x16 0x00000000
core   0: 0x8000b436 (0x044a4263) blt     s4, tp, pc + 68
core   0: 3 0x8000b436 (0x044a4263)
core   0: 0x8000b47a (0x010ab0b3) sltu    ra, s5, a6
core   0: 3 0x8000b47a (0x010ab0b3) x1  0x00000000
core   0: 0x8000b47e (0x02517733) remu    a4, sp, t0
core   0: 3 0x8000b47e (0x02517733) x14 0x00000000
core   0: 0x8000b482 (0x0128d193) srli    gp, a7, 18
core   0: 3 0x8000b482 (0x0128d193) x3  0x00000000
core   0: 0x8000b486 (0x028de063) bltu    s11, s0, pc + 32
core   0: 3 0x8000b486 (0x028de063)
core   0: 0x8000b48a (0x00008cfd) c.and   s1, a5
core   0: 3 0x8000b48a (0x8cfd) x9  0x00000000
core   0: 0x8000b48c (0xf1dfaf13) slti    t5, t6, -227
core   0: 3 0x8000b48c (0xf1dfaf13) x30 0x00000001
core   0: 0x8000b490 (0x340a1a73) csrrw   s4, mscratch, s4
core   0: 3 0x8000b490 (0x340a1a73) x20 0x00000004 c832_mscratch 0xfffbc376
core   0: 0x8000b494 (0x3b53f393) andi    t2, t2, 949
core   0: 3 0x8000b494 (0x3b53f393) x7  0x00000000
core   0: 0x8000b498 (0x803922b7) lui     t0, 0x80392
core   0: 3 0x8000b498 (0x803922b7) x5  0x80392000
core   0: 0x8000b49c (0x00006129) c.addi16sp sp, 192
core   0: 3 0x8000b49c (0x6129) x2  0x000000a0
core   0: 0x8000b49e (0x01bc1993) slli    s3, s8, 27
core   0: 3 0x8000b49e (0x01bc1993) x19 0x00000000
core   0: 0x8000b4a2 (0x03b81533) mulh    a0, a6, s11
core   0: 3 0x8000b4a2 (0x03b81533) x10 0x00000000
core   0: 0x8000b4a6 (0x00008e85) c.sub   a3, s1
core   0: 3 0x8000b4a6 (0x8e85) x13 0x00000000
core   0: 0x8000b4a8 (0x00008491) c.srai  s1, 4
core   0: 3 0x8000b4a8 (0x8491) x9  0x00000000
core   0: 0x8000b4aa (0x20fda093) slti    ra, s11, 527
core   0: 3 0x8000b4aa (0x20fda093) x1  0x00000001
core   0: 0x8000b4ae (0x731f7113) andi    sp, t5, 1841
core   0: 3 0x8000b4ae (0x731f7113) x2  0x00000001
core   0: 0x8000b4b2 (0x34003973) csrrc   s2, mscratch, zero
core   0: 3 0x8000b4b2 (0x34003973) x18 0xfffbc376
core   0: 0x8000b4b6 (0x02f72a33) mulhsu  s4, a4, a5
core   0: 3 0x8000b4b6 (0x02f72a33) x20 0x00000000
core   0: 0x8000b4ba (0x01d5ec33) or      s8, a1, t4
core   0: 3 0x8000b4ba (0x01d5ec33) x24 0x80021e58
core   0: 0x8000b4be (0x00009b7d) c.andi  a4, -1
core   0: 3 0x8000b4be (0x9b7d) x14 0x00000000
core   0: 0x8000b4c0 (0x00009b4a) c.add   s6, s2
core   0: 3 0x8000b4c0 (0x9b4a) x22 0xfffbc376
core   0: 0x8000b4c2 (0x02814933) div     s2, sp, s0
core   0: 3 0x8000b4c2 (0x02814933) x18 0xffffffff
core   0: 0x8000b4c6 (0xf32c3093) sltiu   ra, s8, -206
core   0: 3 0x8000b4c6 (0xf32c3093) x1  0x00000001
core   0: 0x8000b4ca (0x010a34b3) sltu    s1, s4, a6
core   0: 3 0x8000b4ca (0x010a34b3) x9  0x00000000
core   0: 0x8000b4ce (0x01cc5813) srli    a6, s8, 28
core   0: 3 0x8000b4ce (0x01cc5813) x16 0x00000008
core   0: 0x8000b4d2 (0x00008515) c.srai  a0, 5
core   0: 3 0x8000b4d2 (0x8515) x10 0x00000000
core   0: 0x8000b4d4 (0x340b28f3) csrrs   a7, mscratch, s6
core   0: 3 0x8000b4d4 (0x340b28f3) x17 0xfffbc376 c832_mscratch 0xfffbc376
core   0: 0x8000b4d8 (0x340296f3) csrrw   a3, mscratch, t0
core   0: 3 0x8000b4d8 (0x340296f3) x13 0xfffbc376 c832_mscratch 0x80392000
core   0: 0x8000b4dc (0x000086fd) c.srai  a3, 31
core   0: 3 0x8000b4dc (0x86fd) x13 0xffffffff
core   0: 0x8000b4de (0x00008ef9) c.and   a3, a4
core   0: 3 0x8000b4de (0x8ef9) x13 0x00000000
core   0: 0x8000b4e0 (0x0039fa63) bgeu    s3, gp, pc + 20
core   0: 3 0x8000b4e0 (0x0039fa63)
core   0: 0x8000b4f4 (0x000050fd) c.li    ra, -1
core   0: 3 0x8000b4f4 (0x50fd) x1  0xffffffff
core   0: 0x8000b4f6 (0x34002973) csrr    s2, mscratch
core   0: 3 0x8000b4f6 (0x34002973) x18 0x80392000
core   0: 0x8000b4fa (0x00dcd463) bge     s9, a3, pc + 8
core   0: 3 0x8000b4fa (0x00dcd463)
core   0: 0x8000b4fe (0x010f6eb3) or      t4, t5, a6
core   0: 3 0x8000b4fe (0x010f6eb3) x29 0x00000009
core   0: 0x8000b502 (0x000080b5) c.srli  s1, 13
core   0: 3 0x8000b502 (0x80b5) x9  0x00000000
core   0: 0x8000b504 (0xc401be93) sltiu   t4, gp, -960
core   0: 3 0x8000b504 (0xc401be93) x29 0x00000001
core   0: 0x8000b508 (0x4154d893) srai    a7, s1, 21
core   0: 3 0x8000b508 (0x4154d893) x17 0x00000000
core   0: 0x8000b50c (0x01568b33) add     s6, a3, s5
core   0: 3 0x8000b50c (0x01568b33) x22 0xfffbc376
core   0: 0x8000b510 (0x16806c13) ori     s8, zero, 360
core   0: 3 0x8000b510 (0x16806c13) x24 0x00000168
core   0: 0x8000b514 (0xc2a5bd13) sltiu   s10, a1, -982
core   0: 3 0x8000b514 (0xc2a5bd13) x26 0x00000001
core   0: 0x8000b518 (0x0000895d) c.andi  a0, 23
core   0: 3 0x8000b518 (0x895d) x10 0x00000000
core   0: 0x8000b51a (0x56123793) sltiu   a5, tp, 1377
core   0: 3 0x8000b51a (0x56123793) x15 0x00000001
core   0: 0x8000b51e (0x00008561) c.srai  a0, 24
core   0: 3 0x8000b51e (0x8561) x10 0x00000000
core   0: 0x8000b520 (0x00000a2e) c.slli  s4, 11
core   0: 3 0x8000b520 (0x0a2e) x20 0x00000000
core   0: 0x8000b522 (0x03a167b3) rem     a5, sp, s10
core   0: 3 0x8000b522 (0x03a167b3) x15 0x00000000
core   0: 0x8000b526 (0x91fcec93) ori     s9, s9, -1761
core   0: 3 0x8000b526 (0x91fcec93) x25 0xfffffdff
core   0: 0x8000b52a (0x00000f26) c.slli  t5, 9
core   0: 3 0x8000b52a (0x0f26) x30 0x00000200
core   0: 0x8000b52c (0x0000ef01) c.bnez  a4, pc + 24
core   0: 3 0x8000b52c (0xef01)
core   0: 0x8000b52e (0x00008f35) c.xor   a4, a3
core   0: 3 0x8000b52e (0x8f35) x14 0x00000000
core   0: 0x8000b530 (0x049f0063) beq     t5, s1, pc + 64
core   0: 3 0x8000b530 (0x049f0063)
core   0: 0x8000b534 (0x0124ea33) or      s4, s1, s2
core   0: 3 0x8000b534 (0x0124ea33) x20 0x80392000
core   0: 0x8000b538 (0x00326533) or      a0, tp, gp
core   0: 3 0x8000b538 (0x00326533) x10 0x00000004
core   0: 0x8000b53c (0x340b92f3) csrrw   t0, mscratch, s7
core   0: 3 0x8000b53c (0x340b92f3) x5  0x80392000 c832_mscratch 0x00000000
core   0: 0x8000b540 (0x871deab7) lui     s5, 0x871de
core   0: 3 0x8000b540 (0x871deab7) x21 0x871de000
core   0: 0x8000b544 (0xab3af493) andi    s1, s5, -1357
core   0: 3 0x8000b544 (0xab3af493) x9  0x871de000
core   0: 0x8000b548 (0x340023f3) csrr    t2, mscratch
core   0: 3 0x8000b548 (0x340023f3) x7  0x00000000
core   0: 0x8000b54c (0x00004a01) c.li    s4, 0
core   0: 3 0x8000b54c (0x4a01) x20 0x00000000
core   0: 0x8000b54e (0x00006189) c.lui   gp, 0x2
core   0: 3 0x8000b54e (0x6189) x3  0x00002000
core   0: 0x8000b550 (0xfedee613) ori     a2, t4, -19
core   0: 3 0x8000b550 (0xfedee613) x12 0xffffffed
core   0: 0x8000b554 (0x0003b933) sltu    s2, t2, zero
core   0: 3 0x8000b554 (0x0003b933) x18 0x00000000
core   0: 0x8000b558 (0x00f95213) srli    tp, s2, 15
core   0: 3 0x8000b558 (0x00f95213) x4  0x00000000
core   0: 0x8000b55c (0x00008009) c.srli  s0, 2
core   0: 3 0x8000b55c (0x8009) x8  0x00000000
core   0: 0x8000b55e (0x0000c29d) c.beqz  a3, pc + 38
core   0: 3 0x8000b55e (0xc29d)
core   0: 0x8000b584 (0x7dde12b7) lui     t0, 0x7dde1
core   0: 3 0x8000b584 (0x7dde12b7) x5  0x7dde1000
core   0: 0x8000b588 (0x00000894) c.addi4spn a3, sp, 80
core   0: 3 0x8000b588 (0x0894) x13 0x00000051
core   0: 0x8000b58a (0x16a8a413) slti    s0, a7, 362
core   0: 3 0x8000b58a (0x16a8a413) x8  0x00000001
core   0: 0x8000b58e (0x0016dc13) srli    s8, a3, 1
core   0: 3 0x8000b58e (0x0016dc13) x24 0x00000028
core   0: 0x8000b592 (0x007b5493) srli    s1, s6, 7
core   0: 3 0x8000b592 (0x007b5493) x9  0x01fff786
core   0: 0x8000b596 (0x0000567d) c.li    a2, -1
core   0: 3 0x8000b596 (0x567d) x12 0xffffffff
core   0: 0x8000b598 (0x021503b3) mul     t2, a0, ra
core   0: 3 0x8000b598 (0x021503b3) x7  0xfffffffc
core   0: 0x8000b59c (0x00008d0d) c.sub   a0, a1
core   0: 3 0x8000b59c (0x8d0d) x10 0x7ffde1ac
core   0: 0x8000b59e (0x340458f3) csrrwi  a7, mscratch, 8
core   0: 3 0x8000b59e (0x340458f3) x17 0x00000000 c832_mscratch 0x00000008
core   0: 0x8000b5a2 (0x01001613) slli    a2, zero, 16
core   0: 3 0x8000b5a2 (0x01001613) x12 0x00000000
core   0: 0x8000b5a6 (0x0000100f) fence.i
core   0: 3 0x8000b5a6 (0x0000100f)
core   0: 0x8000b5aa (0x0000064d) c.addi  a2, 19
core   0: 3 0x8000b5aa (0x064d) x12 0x00000013
core   0: 0x8000b5ac (0x03a4c9b3) div     s3, s1, s10
core   0: 3 0x8000b5ac (0x03a4c9b3) x19 0x01fff786
core   0: 0x8000b5b0 (0x00246ab3) or      s5, s0, sp
core   0: 3 0x8000b5b0 (0x00246ab3) x21 0x00000001
core   0: 0x8000b5b4 (0x40a85d93) srai    s11, a6, 10
core   0: 3 0x8000b5b4 (0x40a85d93) x27 0x00000000
core   0: 0x8000b5b8 (0x03efdf33) divu    t5, t6, t5
core   0: 3 0x8000b5b8 (0x03efdf33) x30 0x0040012e
core   0: 0x8000b5bc (0x0000c699) c.beqz  a3, pc + 14
core   0: 3 0x8000b5bc (0xc699)
core   0: 0x8000b5be (0x076e1063) bne     t3, s6, pc + 96
core   0: 3 0x8000b5be (0x076e1063)
core   0: 0x8000b61e (0x0000100f) fence.i
core   0: 3 0x8000b61e (0x0000100f)
core   0: 0x8000b622 (0x0000069c) c.addi4spn a5, sp, 832
core   0: 3 0x8000b622 (0x069c) x15 0x00000341
core   0: 0x8000b624 (0x059e8f13) addi    t5, t4, 89
core   0: 3 0x8000b624 (0x059e8f13) x30 0x0000005a
core   0: 0x8000b628 (0x00008ff9) c.and   a5, a4
core   0: 3 0x8000b628 (0x8ff9) x15 0x00000000
core   0: 0x8000b62a (0x02939763) bne     t2, s1, pc + 46
core   0: 3 0x8000b62a (0x02939763)
core   0: 0x8000b658 (0x00000194) c.addi4spn a3, sp, 192
core   0: 3 0x8000b658 (0x0194) x13 0x000000c1
core   0: 0x8000b65a (0x00000001) c.nop
core   0: 3 0x8000b65a (0x0001)
core   0: 0x8000b65c (0x01087a13) andi    s4, a6, 16
core   0: 3 0x8000b65c (0x01087a13) x20 0x00000000
core   0: 0x8000b660 (0x000009e6) c.slli  s3, 25
core   0: 3 0x8000b660 (0x09e6) x19 0x0c000000
core   0: 0x8000b662 (0x00008f41) c.or    a4, s0
core   0: 3 0x8000b662 (0x8f41) x14 0x00000001
core   0: 0x8000b664 (0x340cdc73) csrrwi  s8, mscratch, 25
core   0: 3 0x8000b664 (0x340cdc73) x24 0x00000008 c832_mscratch 0x00000019
core   0: 0x8000b668 (0x000062f1) c.lui   t0, 0x1c
core   0: 3 0x8000b668 (0x62f1) x5  0x0001c000
core   0: 0x8000b66a (0x0000615d) c.addi16sp sp, 432
core   0: 3 0x8000b66a (0x615d) x2  0x000001b1
core   0: 0x8000b66c (0x0000e009) c.bnez  s0, pc + 2
core   0: 3 0x8000b66c (0xe009)
core   0: 0x8000b66e (0x0000c031) c.beqz  s0, pc + 68
core   0: 3 0x8000b66e (0xc031)
core   0: 0x8000b670 (0x03e639b3) mulhu   s3, a2, t5
core   0: 3 0x8000b670 (0x03e639b3) x19 0x00000000
core   0: 0x8000b674 (0x6b734613) xori    a2, t1, 1719
core   0: 3 0x8000b674 (0x6b734613) x12 0x000006b7
core   0: 0x8000b678 (0x0014d013) srli    zero, s1, 1
core   0: 3 0x8000b678 (0x0014d013)
core   0: 0x8000b67c (0x01437bb3) and     s7, t1, s4
core   0: 3 0x8000b67c (0x01437bb3) x23 0x00000000
core   0: 0x8000b680 (0x000087cd) c.srai  a5, 19
core   0: 3 0x8000b680 (0x87cd) x15 0x00000000
core   0: 0x8000b682 (0xf3f44137) lui     sp, 0xf3f44
core   0: 3 0x8000b682 (0xf3f44137) x2  0xf3f44000
core   0: 0x8000b686 (0x41845db3) sra     s11, s0, s8
core   0: 3 0x8000b686 (0x41845db3) x27 0x00000000
core   0: 0x8000b68a (0x03271cb3) mulh    s9, a4, s2
core   0: 3 0x8000b68a (0x03271cb3) x25 0x00000000
core   0: 0x8000b68e (0x01120e33) add     t3, tp, a7
core   0: 3 0x8000b68e (0x01120e33) x28 0x00000000
core   0: 0x8000b692 (0x0155fe33) and     t3, a1, s5
core   0: 3 0x8000b692 (0x0155fe33) x28 0x00000000
core   0: 0x8000b696 (0xfdd88c13) addi    s8, a7, -35
core   0: 3 0x8000b696 (0xfdd88c13) x24 0xffffffdd
core   0: 0x8000b69a (0x00328f33) add     t5, t0, gp
core   0: 3 0x8000b69a (0x00328f33) x30 0x0001e000
core   0: 0x8000b69e (0x004128b3) slt     a7, sp, tp
core   0: 3 0x8000b69e (0x004128b3) x17 0x00000001
core   0: 0x8000b6a2 (0x012a4a33) xor     s4, s4, s2
core   0: 3 0x8000b6a2 (0x012a4a33) x20 0x00000000
core   0: 0x8000b6a6 (0x0226c8b3) div     a7, a3, sp
core   0: 3 0x8000b6a6 (0x0226c8b3) x17 0x00000000
core   0: 0x8000b6aa (0x406f01b3) sub     gp, t5, t1
core   0: 3 0x8000b6aa (0x406f01b3) x3  0x0001e000
core   0: 0x8000b6ae (0x34002bf3) csrr    s7, mscratch
core   0: 3 0x8000b6ae (0x34002bf3) x23 0x00000019
core   0: 0x8000b6b2 (0x7df06513) ori     a0, zero, 2015
core   0: 3 0x8000b6b2 (0x7df06513) x10 0x000007df
core   0: 0x8000b6b6 (0x004e5663) bge     t3, tp, pc + 12
core   0: 3 0x8000b6b6 (0x004e5663)
core   0: 0x8000b6c2 (0x40b806b3) sub     a3, a6, a1
core   0: 3 0x8000b6c2 (0x40b806b3) x13 0x7ffde1b0
core   0: 0x8000b6c6 (0x03f74263) blt     a4, t6, pc + 36
core   0: 3 0x8000b6c6 (0x03f74263)
core   0: 0x8000b6ca (0x02d36433) rem     s0, t1, a3
core   0: 3 0x8000b6ca (0x02d36433) x8  0x00000000
core   0: 0x8000b6ce (0x340033f3) csrrc   t2, mscratch, zero
core   0: 3 0x8000b6ce (0x340033f3) x7  0x00000019
core   0: 0x8000b6d2 (0x01365793) srli    a5, a2, 19
core   0: 3 0x8000b6d2 (0x01365793) x15 0x00000000
core   0: 0x8000b6d6 (0x055ab613) sltiu   a2, s5, 85
core   0: 3 0x8000b6d6 (0x055ab613) x12 0x00000001
core   0: 0x8000b6da (0x03f89cb3) mulh    s9, a7, t6
core   0: 3 0x8000b6da (0x03f89cb3) x25 0x00000000
core   0: 0x8000b6de (0x0000c329) c.beqz  a4, pc + 66
core   0: 3 0x8000b6de (0xc329)
core   0: 0x8000b6e0 (0x340b1b73) csrrw   s6, mscratch, s6
core   0: 3 0x8000b6e0 (0x340b1b73) x22 0x00000019 c832_mscratch 0xfffbc376
core   0: 0x8000b6e4 (0x340aeaf3) csrrsi  s5, mscratch, 21
core   0: 3 0x8000b6e4 (0x340aeaf3) x21 0xfffbc376 c832_mscratch 0xfffbc377
core   0: 0x8000b6e8 (0x00008c41) c.or    s0, s0
core   0: 3 0x8000b6e8 (0x8c41) x8  0x00000000
core   0: 0x8000b6ea (0x9601f7b7) lui     a5, 0x9601f
core   0: 3 0x8000b6ea (0x9601f7b7) x15 0x9601f000
core   0: 0x8000b6ee (0x024eeeb3) rem     t4, t4, tp
core   0: 3 0x8000b6ee (0x024eeeb3) x29 0x00000001
core   0: 0x8000b6f2 (0x340ed0f3) csrrwi  ra, mscratch, 29
core   0: 3 0x8000b6f2 (0x340ed0f3) x1  0xfffbc377 c832_mscratch 0x0000001d
core   0: 0x8000b6f6 (0x34051273) csrrw   tp, mscratch, a0
core   0: 3 0x8000b6f6 (0x34051273) x4  0x0000001d c832_mscratch 0x000007df
core   0: 0x8000b6fa (0x340ffc73) csrrci  s8, mscratch, 31
core   0: 3 0x8000b6fa (0x340ffc73) x24 0x000007df c832_mscratch 0x000007c0
core   0: 0x8000b6fe (0x0000c039) c.beqz  s0, pc + 70
core   0: 3 0x8000b6fe (0xc039)
core   0: 0x8000b744 (0x4057d833) sra     a6, a5, t0
core   0: 3 0x8000b744 (0x4057d833) x16 0x9601f000
core   0: 0x8000b748 (0x00000001) c.nop
core   0: 3 0x8000b748 (0x0001)
core   0: 0x8000b74a (0x40f85db3) sra     s11, a6, a5
core   0: 3 0x8000b74a (0x40f85db3) x27 0x9601f000
core   0: 0x8000b74e (0x010543b3) xor     t2, a0, a6
core   0: 3 0x8000b74e (0x010543b3) x7  0x9601f7df
core   0: 0x8000b752 (0x01c18d33) add     s10, gp, t3
core   0: 3 0x8000b752 (0x01c18d33) x26 0x0001e000
core   0: 0x8000b756 (0x0000024d) c.addi  tp, 19
core   0: 3 0x8000b756 (0x024d) x4  0x00000030
core   0: 0x8000b758 (0x034830b3) mulhu   ra, a6, s4
core   0: 3 0x8000b758 (0x034830b3) x1  0x00000000
core   0: 0x8000b75c (0x340039f3) csrrc   s3, mscratch, zero
core   0: 3 0x8000b75c (0x340039f3) x19 0x000007c0
core   0: 0x8000b760 (0x00006791) c.lui   a5, 0x4
core   0: 3 0x8000b760 (0x6791) x15 0x00004000
core   0: 0x8000b762 (0x41b9dcb3) sra     s9, s3, s11
core   0: 3 0x8000b762 (0x41b9dcb3) x25 0x000007c0
core   0: 0x8000b766 (0x00008439) c.srai  s0, 14
core   0: 3 0x8000b766 (0x8439) x8  0x00000000
core   0: 0x8000b768 (0x00008325) c.srli  a4, 9
core   0: 3 0x8000b768 (0x8325) x14 0x00000000
core   0: 0x8000b76a (0x03786033) rem     zero, a6, s7
core   0: 3 0x8000b76a (0x03786033)
core   0: 0x8000b76e (0x000052fd) c.li    t0, -1
core   0: 3 0x8000b76e (0x52fd) x5  0xffffffff
core   0: 0x8000b770 (0x00008d05) c.sub   a0, s1
core   0: 3 0x8000b770 (0x8d05) x10 0xfe001059
core   0: 0x8000b772 (0x018ed0b3) srl     ra, t4, s8
core   0: 3 0x8000b772 (0x018ed0b3) x1  0x00000000
core   0: 0x8000b776 (0x34069cf3) csrrw   s9, mscratch, a3
core   0: 3 0x8000b776 (0x34069cf3) x25 0x000007c0 c832_mscratch 0x7ffde1b0
core   0: 0x8000b77a (0xff746d93) ori     s11, s0, -9
core   0: 3 0x8000b77a (0xff746d93) x27 0xfffffff7
core   0: 0x8000b77e (0x00000571) c.addi  a0, 28
core   0: 3 0x8000b77e (0x0571) x10 0xfe001075
core   0: 0x8000b780 (0xa0ae2793) slti    a5, t3, -1526
core   0: 3 0x8000b780 (0xa0ae2793) x15 0x00000000
core   0: 0x8000b784 (0x0000852d) c.srai  a0, 11
core   0: 3 0x8000b784 (0x852d) x10 0xffffc002
core   0: 0x8000b786 (0x000008fd) c.addi  a7, 31
core   0: 3 0x8000b786 (0x08fd) x17 0x0000001f
core   0: 0x8000b788 (0x003550b3) srl     ra, a0, gp
core   0: 3 0x8000b788 (0x003550b3) x1  0xffffc002
core   0: 0x8000b78c (0x01329463) bne     t0, s3, pc + 8
core   0: 3 0x8000b78c (0x01329463)
core   0: 0x8000b794 (0x00454033) xor     zero, a0, tp
core   0: 3 0x8000b794 (0x00454033)
core   0: 0x8000b798 (0x00008f19) c.sub   a4, a4
core   0: 3 0x8000b798 (0x8f19) x14 0x00000000
core   0: 0x8000b79a (0x01245813) srli    a6, s0, 18
core   0: 3 0x8000b79a (0x01245813) x16 0x00000000
core   0: 0x8000b79e (0x340d96f3) csrrw   a3, mscratch, s11
core   0: 3 0x8000b79e (0x340d96f3) x13 0x7ffde1b0 c832_mscratch 0xfffffff7
core   0: 0x8000b7a2 (0x340073f3) csrrci  t2, mscratch, 0
core   0: 3 0x8000b7a2 (0x340073f3) x7  0xfffffff7
core   0: 0x8000b7a6 (0x340f5073) csrwi   mscratch, 30
core   0: 3 0x8000b7a6 (0x340f5073) c832_mscratch 0x0000001e
core   0: 0x8000b7aa (0x00008fa9) c.xor   a5, a0
core   0: 3 0x8000b7aa (0x8fa9) x15 0xffffc002
core   0: 0x8000b7ac (0x03fa5933) divu    s2, s4, t6
core   0: 3 0x8000b7ac (0x03fa5933) x18 0x00000000
core   0: 0x8000b7b0 (0x00008c95) c.sub   s1, a3
core   0: 3 0x8000b7b0 (0x8c95) x9  0x820215d6
core   0: 0x8000b7b2 (0x16197a13) andi    s4, s2, 353
core   0: 3 0x8000b7b2 (0x16197a13) x20 0x00000000
core   0: 0x8000b7b6 (0x01ba0533) add     a0, s4, s11
core   0: 3 0x8000b7b6 (0x01ba0533) x10 0xfffffff7
core   0: 0x8000b7ba (0x0158b833) sltu    a6, a7, s5
core   0: 3 0x8000b7ba (0x0158b833) x16 0x00000001
core   0: 0x8000b7be (0x010f44b3) xor     s1, t5, a6
core   0: 3 0x8000b7be (0x010f44b3) x9  0x0001e001
core   0: 0x8000b7c2 (0x0195e263) bltu    a1, s9, pc + 4
core   0: 3 0x8000b7c2 (0x0195e263)
core   0: 0x8000b7c6 (0x03f89433) mulh    s0, a7, t6
core   0: 3 0x8000b7c6 (0x03f89433) x8  0xfffffff0
core   0: 0x8000b7ca (0x0000100f) fence.i
core   0: 3 0x8000b7ca (0x0000100f)
core   0: 0x8000b7ce (0x00e1ad33) slt     s10, gp, a4
core   0: 3 0x8000b7ce (0x00e1ad33) x26 0x00000000
core   0: 0x8000b7d2 (0x0000e711) c.bnez  a4, pc + 12
core   0: 3 0x8000b7d2 (0xe711)
core   0: 0x8000b7d4 (0x9d57b413) sltiu   s0, a5, -1579
core   0: 3 0x8000b7d4 (0x9d57b413) x8  0x00000001
core   0: 0x8000b7d8 (0x6b461237) lui     tp, 0x6b461
core   0: 3 0x8000b7d8 (0x6b461237) x4  0x6b461000
core   0: 0x8000b7dc (0x0000717d) c.addi16sp sp, -16
core   0: 3 0x8000b7dc (0x717d) x2  0xf3f43ff0
core   0: 0x8000b7de (0x00008d75) c.and   a0, a3
core   0: 3 0x8000b7de (0x8d75) x10 0x7ffde1b0
core   0: 0x8000b7e0 (0x340022f3) csrr    t0, mscratch
core   0: 3 0x8000b7e0 (0x340022f3) x5  0x0000001e
core   0: 0x8000b7e4 (0x00000001) c.nop
core   0: 3 0x8000b7e4 (0x0001)
core   0: 0x8000b7e6 (0x34032cf3) csrrs   s9, mscratch, t1
core   0: 3 0x8000b7e6 (0x34032cf3) x25 0x0000001e c832_mscratch 0x0000001e
core   0: 0x8000b7ea (0x031770b3) remu    ra, a4, a7
core   0: 3 0x8000b7ea (0x031770b3) x1  0x00000000
core   0: 0x8000b7ee (0x34027d73) csrrci  s10, mscratch, 4
core   0: 3 0x8000b7ee (0x34027d73) x26 0x0000001e c832_mscratch 0x0000001a
core   0: 0x8000b7f2 (0xfbeb0413) addi    s0, s6, -66
core   0: 3 0x8000b7f2 (0xfbeb0413) x8  0xffffffd7
core   0: 0x8000b7f6 (0x0000872e) c.mv    a4, a1
core   0: 3 0x8000b7f6 (0x872e) x14 0x80021e58
core   0: 0x8000b7f8 (0x000009ad) c.addi  s3, 11
core   0: 3 0x8000b7f8 (0x09ad) x19 0x000007cb
core   0: 0x8000b7fa (0x00009bfd) c.andi  a5, -1
core   0: 3 0x8000b7fa (0x9bfd) x15 0xffffc002
core   0: 0x8000b7fc (0x00aedeb3) srl     t4, t4, a0
core   0: 3 0x8000b7fc (0x00aedeb3) x29 0x00000000
core   0: 0x8000b800 (0x71cf0b97) auipc   s7, 0x71cf0
core   0: 3 0x8000b800 (0x71cf0b97) x23 0xf1cfb800
core   0: 0x8000b804 (0x0f0dfc13) andi    s8, s11, 240
core   0: 3 0x8000b804 (0x0f0dfc13) x24 0x000000f0
core   0: 0x8000b808 (0x02d3b833) mulhu   a6, t2, a3
core   0: 3 0x8000b808 (0x02d3b833) x16 0x7ffde1ab
core   0: 0x8000b80c (0x00009ab2) c.add   s5, a2
core   0: 3 0x8000b80c (0x9ab2) x21 0xfffbc377
core   0: 0x8000b80e (0x03c44863) blt     s0, t3, pc + 48
core   0: 3 0x8000b80e (0x03c44863)
core   0: 0x8000b83e (0x416efc93) andi    s9, t4, 1046
core   0: 3 0x8000b83e (0x416efc93) x25 0x00000000
core   0: 0x8000b842 (0x00000d80) c.addi4spn s0, sp, 720
core   0: 3 0x8000b842 (0x0d80) x8  0xf3f442c0
core   0: 0x8000b844 (0x340899f3) csrrw   s3, mscratch, a7
core   0: 3 0x8000b844 (0x340899f3) x19 0x0000001a c832_mscratch 0x0000001f
core   0: 0x8000b848 (0x02d44f63) blt     s0, a3, pc + 62
core   0: 3 0x8000b848 (0x02d44f63)
core   0: 0x8000b886 (0x00000001) c.nop
core   0: 3 0x8000b886 (0x0001)
core   0: 0x8000b888 (0x00009bfd) c.andi  a5, -1
core   0: 3 0x8000b888 (0x9bfd) x15 0xffffc002
core   0: 0x8000b88a (0x0ff0000f) fence   iorw,iorw
core   0: 3 0x8000b88a (0x0ff0000f)
core   0: 0x8000b88e (0x00b84933) xor     s2, a6, a1
core   0: 3 0x8000b88e (0x00b84933) x18 0xfffffff3
core   0: 0x8000b892 (0x010fce63) blt     t6, a6, pc + 28
core   0: 3 0x8000b892 (0x010fce63)
core   0: 0x8000b8ae (0x022806b3) mul     a3, a6, sp
core   0: 3 0x8000b8ae (0x022806b3) x13 0xe088a550
core   0: 0x8000b8b2 (0x40940233) sub     tp, s0, s1
core   0: 3 0x8000b8b2 (0x40940233) x4  0xf3f262bf
core   0: 0x8000b8b6 (0x00009b16) c.add   s6, t0
core   0: 3 0x8000b8b6 (0x9b16) x22 0x00000037
core   0: 0x8000b8b8 (0x00006d65) c.lui   s10, 0x19
core   0: 3 0x8000b8b8 (0x6d65) x26 0x00019000
core   0: 0x8000b8ba (0x00001318) c.addi4spn a4, sp, 416
core   0: 3 0x8000b8ba (0x1318) x14 0xf3f44190
core   0: 0x8000b8bc (0x000088d9) c.andi  s1, 22
core   0: 3 0x8000b8bc (0x88d9) x9  0x00000000
core   0: 0x8000b8be (0x405c5833) sra     a6, s8, t0
core   0: 3 0x8000b8be (0x405c5833) x16 0x00000000
core   0: 0x8000b8c2 (0x4080db33) sra     s6, ra, s0
core   0: 3 0x8000b8c2 (0x4080db33) x22 0x00000000
core   0: 0x8000b8c6 (0x01d40463) beq     s0, t4, pc + 8
core   0: 3 0x8000b8c6 (0x01d40463)
core   0: 0x8000b8ca (0x8798b793) sltiu   a5, a7, -1927
core   0: 3 0x8000b8ca (0x8798b793) x15 0x00000001
core   0: 0x8000b8ce (0x05545463) bge     s0, s5, pc + 72
core   0: 3 0x8000b8ce (0x05545463)
core   0: 0x8000b8d2 (0x01f38eb3) add     t4, t2, t6
core   0: 3 0x8000b8d2 (0x01f38eb3) x29 0x80025cdb
core   0: 0x8000b8d6 (0x01f9dbb3) srl     s7, s3, t6
core   0: 3 0x8000b8d6 (0x01f9dbb3) x23 0x00000001
core   0: 0x8000b8da (0x022a44b3) div     s1, s4, sp
core   0: 3 0x8000b8da (0x022a44b3) x9  0x00000000
core   0: 0x8000b8de (0xef8789b7) lui     s3, 0xef878
core   0: 3 0x8000b8de (0xef8789b7) x19 0xef878000
core   0: 0x8000b8e2 (0x00dabc33) sltu    s8, s5, a3
core   0: 3 0x8000b8e2 (0x00dabc33) x24 0x00000000
core   0: 0x8000b8e6 (0x0000100f) fence.i
core   0: 3 0x8000b8e6 (0x0000100f)
core   0: 0x8000b8ea (0x6de5a437) lui     s0, 0x6de5a
core   0: 3 0x8000b8ea (0x6de5a437) x8  0x6de5a000
core   0: 0x8000b8ee (0xf6697e13) andi    t3, s2, -154
core   0: 3 0x8000b8ee (0xf6697e13) x28 0xffffff62
core   0: 0x8000b8f2 (0x02ed5663) bge     s10, a4, pc + 44
core   0: 3 0x8000b8f2 (0x02ed5663)
core   0: 0x8000b91e (0x4a4f2197) auipc   gp, 0x4a4f2
core   0: 3 0x8000b91e (0x4a4f2197) x3  0xca4fd91e
core   0: 0x8000b922 (0x058f7d13) andi    s10, t5, 88
core   0: 3 0x8000b922 (0x058f7d13) x26 0x00000000
core   0: 0x8000b926 (0x00919b33) sll     s6, gp, s1
core   0: 3 0x8000b926 (0x00919b33) x22 0xca4fd91e
core   0: 0x8000b92a (0x019cd613) srli    a2, s9, 25
core   0: 3 0x8000b92a (0x019cd613) x12 0x00000000
core   0: 0x8000b92e (0x00c2d633) srl     a2, t0, a2
core   0: 3 0x8000b92e (0x00c2d633) x12 0x0000001e
core   0: 0x8000b932 (0xeb4e8917) auipc   s2, 0xeb4e8
core   0: 3 0x8000b932 (0xeb4e8917) x18 0x6b4f3932
core   0: 0x8000b936 (0x001c8f33) add     t5, s9, ra
core   0: 3 0x8000b936 (0x001c8f33) x30 0x00000000
core   0: 0x8000b93a (0x033a43b3) div     t2, s4, s3
core   0: 3 0x8000b93a (0x033a43b3) x7  0x00000000
core   0: 0x8000b93e (0x340310f3) csrrw   ra, mscratch, t1
core   0: 3 0x8000b93e (0x340310f3) x1  0x0000001f c832_mscratch 0x00000000
core   0: 0x8000b942 (0x59a7f693) andi    a3, a5, 1434
core   0: 3 0x8000b942 (0x59a7f693) x13 0x00000000
core   0: 0x8000b946 (0x004de033) or      zero, s11, tp
core   0: 3 0x8000b946 (0x004de033)
core   0: 0x8000b94a (0x9c6d4513) xori    a0, s10, -1594
core   0: 3 0x8000b94a (0x9c6d4513) x10 0xfffff9c6
core   0: 0x8000b94e (0x34007473) csrrci  s0, mscratch, 0
core   0: 3 0x8000b94e (0x34007473) x8  0x00000000
core   0: 0x8000b952 (0x63d92d13) slti    s10, s2, 1597
core   0: 3 0x8000b952 (0x63d92d13) x26 0x00000000
core   0: 0x8000b956 (0x0000100f) fence.i
core   0: 3 0x8000b956 (0x0000100f)
core   0: 0x8000b95a (0x03760033) mul     zero, a2, s7
core   0: 3 0x8000b95a (0x03760033)
core   0: 0x8000b95e (0x02f0c763) blt     ra, a5, pc + 46
core   0: 3 0x8000b95e (0x02f0c763)
core   0: 0x8000b962 (0x00f69b93) slli    s7, a3, 15
core   0: 3 0x8000b962 (0x00f69b93) x23 0x00000000
core   0: 0x8000b966 (0x5ae38893) addi    a7, t2, 1454
core   0: 3 0x8000b966 (0x5ae38893) x17 0x000005ae
core   0: 0x8000b96a (0x03496d33) rem     s10, s2, s4
core   0: 3 0x8000b96a (0x03496d33) x26 0x6b4f3932
core   0: 0x8000b96e (0x02b3e363) bltu    t2, a1, pc + 38
core   0: 3 0x8000b96e (0x02b3e363)
core   0: 0x8000b994 (0x010c1e93) slli    t4, s8, 16
core   0: 3 0x8000b994 (0x010c1e93) x29 0x00000000
core   0: 0x8000b998 (0x01e9e033) or      zero, s3, t5
core   0: 3 0x8000b998 (0x01e9e033)
core   0: 0x8000b99c (0x01a11493) slli    s1, sp, 26
core   0: 3 0x8000b99c (0x01a11493) x9  0xc0000000
core   0: 0x8000b9a0 (0x00008f35) c.xor   a4, a3
core   0: 3 0x8000b9a0 (0x8f35) x14 0xf3f44190
core   0: 0x8000b9a2 (0x0000e619) c.bnez  a2, pc + 14
core   0: 3 0x8000b9a2 (0xe619)
core   0: 0x8000b9b0 (0x01911813) slli    a6, sp, 25
core   0: 3 0x8000b9b0 (0x01911813) x16 0xe0000000
core   0: 0x8000b9b4 (0x41298933) sub     s2, s3, s2
core   0: 3 0x8000b9b4 (0x41298933) x18 0x843846ce
core   0: 0x8000b9b8 (0x0000100f) fence.i
core   0: 3 0x8000b9b8 (0x0000100f)
core   0: 0x8000b9bc (0x000041d4) c.lw    a3, 4(a1)
core   0: 3 0x8000b9bc (0x41d4) x13 0x800034e8 mem 0x80021e5c
core   0: 0x8000b9be (0xeab7aa93) slti    s5, a5, -341
core   0: 3 0x8000b9be (0xeab7aa93) x21 0x00000000
core   0: 0x8000b9c2 (0x000005b1) c.addi  a1, 12
core   0: 3 0x8000b9c2 (0x05b1) x11 0x80021e64
core   0: 0x8000b9c4 (0x000001cd) c.addi  gp, 19
core   0: 3 0x8000b9c4 (0x01cd) x3  0xca4fd931
core   0: 0x8000b9c6 (0xcfe43b93) sltiu   s7, s0, -770
core   0: 3 0x8000b9c6 (0xcfe43b93) x23 0x00000001
core   0: 0x8000b9ca (0x00168a13) addi    s4, a3, 1
core   0: 3 0x8000b9ca (0x00168a13) x20 0x800034e9
core   0: 0x8000b9ce (0x00009a02) c.jalr  s4
core   0: 3 0x8000b9ce (0x9a02) x1  0x8000b9d0
core   0: 0x800034e8 (0x34052b73) csrrs   s6, mscratch, a0
core   0: 3 0x800034e8 (0x34052b73) x22 0x00000000 c832_mscratch 0xfffff9c6
core   0: 0x800034ec (0x03517bb3) remu    s7, sp, s5
core   0: 3 0x800034ec (0x03517bb3) x23 0xf3f43ff0
core   0: 0x800034f0 (0x34039bf3) csrrw   s7, mscratch, t2
core   0: 3 0x800034f0 (0x34039bf3) x23 0xfffff9c6 c832_mscratch 0x00000000
core   0: 0x800034f4 (0x000090b6) c.add   ra, a3
core   0: 3 0x800034f4 (0x90b6) x1  0x0000eeb8
core   0: 0x800034f6 (0x016ade63) bge     s5, s6, pc + 28
core   0: 3 0x800034f6 (0x016ade63)
core   0: 0x80003512 (0xc2467e13) andi    t3, a2, -988
core   0: 3 0x80003512 (0xc2467e13) x28 0x00000004
core   0: 0x80003516 (0x4c103393) sltiu   t2, zero, 1217
core   0: 3 0x80003516 (0x4c103393) x7  0x00000001
core   0: 0x8000351a (0x0000eb35) c.bnez  a4, pc + 116
core   0: 3 0x8000351a (0xeb35)
core   0: 0x8000358e (0x0ff0000f) fence   iorw,iorw
core   0: 3 0x8000358e (0x0ff0000f)
core   0: 0x80003592 (0x0033a033) slt     zero, t2, gp
core   0: 3 0x80003592 (0x0033a033)
core   0: 0x80003596 (0x03c8f7b3) remu    a5, a7, t3
core   0: 3 0x80003596 (0x03c8f7b3) x15 0x00000002
core   0: 0x8000359a (0x0000e309) c.bnez  a4, pc + 2
core   0: 3 0x8000359a (0xe309)
core   0: 0x8000359c (0x00009bfd) c.andi  a5, -1
core   0: 3 0x8000359c (0x9bfd) x15 0x00000002
core   0: 0x8000359e (0x00fa1b63) bne     s4, a5, pc + 22
core   0: 3 0x8000359e (0x00fa1b63)
core   0: 0x800035b4 (0x011b9433) sll     s0, s7, a7
core   0: 3 0x800035b4 (0x011b9433) x8  0xfe718000
core   0: 0x800035b8 (0x019380b3) add     ra, t2, s9
core   0: 3 0x800035b8 (0x019380b3) x1  0x00000001
core   0: 0x800035bc (0x62ca2513) slti    a0, s4, 1580
core   0: 3 0x800035bc (0x62ca2513) x10 0x00000001
core   0: 0x800035c0 (0x02bfdf33) divu    t5, t6, a1
core   0: 3 0x800035c0 (0x02bfdf33) x30 0x00000001
core   0: 0x800035c4 (0xffffd317) auipc   t1, 0xffffd
core   0: 3 0x800035c4 (0xffffd317) x6  0x800005c4
core   0: 0x800035c8 (0xdb230313) addi    t1, t1, -590
core   0: 3 0x800035c8 (0xdb230313) x6  0x80000376
core   0: 0x800035cc (0x00030067) jr      t1
core   0: 3 0x800035cc (0x00030067)
core   0: 0x80000376 (0x90000537) lui     a0, 0x90000
core   0: 3 0x80000376 (0x90000537) x10 0x90000000
core   0: 0x8000037a (0x00001561) c.addi  a0, -8
core   0: 3 0x8000037a (0x1561) x10 0x8ffffff8
core   0: 0x8000037c (0x00004d81) c.li    s11, 0
core   0: 3 0x8000037c (0x4d81) x27 0x00000000
core   0: 0x8000037e (0x00000da2) c.slli  s11, 8
core   0: 3 0x8000037e (0x0da2) x27 0x00000000
core   0: 0x80000380 (0x00000d85) c.addi  s11, 1
core   0: 3 0x80000380 (0x0d85) x27 0x00000001
core   0: 0x80000382 (0x01b52023) sw      s11, 0(a0)
core   0: 3 0x80000382 (0x01b52023) mem 0x8ffffff8 0x00000001
core   0: 0x80000386 (0x00000073) ecall
core   0: exception trap_machine_ecall, epc 0x80000386
core   0: 0x80002600 (0x0800006f) j       pc + 0x80
core   0: 3 0x80002600 (0x0800006f)
core   0: 0x80002680 (0x00001ff1) c.addi  t6, -4
core   0: 3 0x80002680 (0x1ff1) x31 0x80025ce0
core   0: 0x80002682 (0x00bfa023) sw      a1, 0(t6)
core   0: 3 0x80002682 (0x00bfa023) mem 0x80025ce0 0x80021e64
core   0: 0x80002686 (0x000f85b3) add     a1, t6, zero
core   0: 3 0x80002686 (0x000f85b3) x11 0x80025ce0
core   0: 0x8000268a (0xf8058593) addi    a1, a1, -128
core   0: 3 0x8000268a (0xf8058593) x11 0x80025c60
core   0: 0x8000268e (0x0015a223) sw      ra, 4(a1)
core   0: 3 0x8000268e (0x0015a223) mem 0x80025c64 0x00000001
core   0: 0x80002692 (0x0025a423) sw      sp, 8(a1)
core   0: 3 0x80002692 (0x0025a423) mem 0x80025c68 0xf3f43ff0
core   0: 0x80002696 (0x0035a623) sw      gp, 12(a1)
core   0: 3 0x80002696 (0x0035a623) mem 0x80025c6c 0xca4fd931
core   0: 0x8000269a (0x0045a823) sw      tp, 16(a1)
core   0: 3 0x8000269a (0x0045a823) mem 0x80025c70 0xf3f262bf
core   0: 0x8000269e (0x0055aa23) sw      t0, 20(a1)
core   0: 3 0x8000269e (0x0055aa23) mem 0x80025c74 0x0000001e
core   0: 0x800026a2 (0x0065ac23) sw      t1, 24(a1)
core   0: 3 0x800026a2 (0x0065ac23) mem 0x80025c78 0x80000376
core   0: 0x800026a6 (0x0075ae23) sw      t2, 28(a1)
core   0: 3 0x800026a6 (0x0075ae23) mem 0x80025c7c 0x00000001
core   0: 0x800026aa (0x0000d180) c.sw    s0, 32(a1)
core   0: 3 0x800026aa (0xd180) mem 0x80025c80 0xfe718000
core   0: 0x800026ac (0x0000d1c4) c.sw    s1, 36(a1)
core   0: 3 0x800026ac (0xd1c4) mem 0x80025c84 0xc0000000
core   0: 0x800026ae (0x0000d588) c.sw    a0, 40(a1)
core   0: 3 0x800026ae (0xd588) mem 0x80025c88 0x8ffffff8
core   0: 0x800026b0 (0x0000d5cc) c.sw    a1, 44(a1)
core   0: 3 0x800026b0 (0xd5cc) mem 0x80025c8c 0x80025c60
core   0: 0x800026b2 (0x0000d990) c.sw    a2, 48(a1)
core   0: 3 0x800026b2 (0xd990) mem 0x80025c90 0x0000001e
core   0: 0x800026b4 (0x0000d9d4) c.sw    a3, 52(a1)
core   0: 3 0x800026b4 (0xd9d4) mem 0x80025c94 0x800034e8
core   0: 0x800026b6 (0x0000dd98) c.sw    a4, 56(a1)
core   0: 3 0x800026b6 (0xdd98) mem 0x80025c98 0xf3f44190
core   0: 0x800026b8 (0x0000dddc) c.sw    a5, 60(a1)
core   0: 3 0x800026b8 (0xdddc) mem 0x80025c9c 0x00000002
core   0: 0x800026ba (0x0505a023) sw      a6, 64(a1)
core   0: 3 0x800026ba (0x0505a023) mem 0x80025ca0 0xe0000000
core   0: 0x800026be (0x0515a223) sw      a7, 68(a1)
core   0: 3 0x800026be (0x0515a223) mem 0x80025ca4 0x000005ae
core   0: 0x800026c2 (0x0525a423) sw      s2, 72(a1)
core   0: 3 0x800026c2 (0x0525a423) mem 0x80025ca8 0x843846ce
core   0: 0x800026c6 (0x0535a623) sw      s3, 76(a1)
core   0: 3 0x800026c6 (0x0535a623) mem 0x80025cac 0xef878000
core   0: 0x800026ca (0x0545a823) sw      s4, 80(a1)
core   0: 3 0x800026ca (0x0545a823) mem 0x80025cb0 0x800034e9
core   0: 0x800026ce (0x0555aa23) sw      s5, 84(a1)
core   0: 3 0x800026ce (0x0555aa23) mem 0x80025cb4 0x00000000
core   0: 0x800026d2 (0x0565ac23) sw      s6, 88(a1)
core   0: 3 0x800026d2 (0x0565ac23) mem 0x80025cb8 0x00000000
core   0: 0x800026d6 (0x0575ae23) sw      s7, 92(a1)
core   0: 3 0x800026d6 (0x0575ae23) mem 0x80025cbc 0xfffff9c6
core   0: 0x800026da (0x0785a023) sw      s8, 96(a1)
core   0: 3 0x800026da (0x0785a023) mem 0x80025cc0 0x00000000
core   0: 0x800026de (0x0795a223) sw      s9, 100(a1)
core   0: 3 0x800026de (0x0795a223) mem 0x80025cc4 0x00000000
core   0: 0x800026e2 (0x07a5a423) sw      s10, 104(a1)
core   0: 3 0x800026e2 (0x07a5a423) mem 0x80025cc8 0x6b4f3932
core   0: 0x800026e6 (0x07b5a623) sw      s11, 108(a1)
core   0: 3 0x800026e6 (0x07b5a623) mem 0x80025ccc 0x00000001
core   0: 0x800026ea (0x07c5a823) sw      t3, 112(a1)
core   0: 3 0x800026ea (0x07c5a823) mem 0x80025cd0 0x00000004
core   0: 0x800026ee (0x07d5aa23) sw      t4, 116(a1)
core   0: 3 0x800026ee (0x07d5aa23) mem 0x80025cd4 0x00000000
core   0: 0x800026f2 (0x07e5ac23) sw      t5, 120(a1)
core   0: 3 0x800026f2 (0x07e5ac23) mem 0x80025cd8 0x00000001
core   0: 0x800026f6 (0x07f5ae23) sw      t6, 124(a1)
core   0: 3 0x800026f6 (0x07f5ae23) mem 0x80025cdc 0x80025ce0
core   0: 0x800026fa (0x00058fb3) add     t6, a1, zero
core   0: 3 0x800026fa (0x00058fb3) x31 0x80025c60
core   0: 0x800026fe (0x90000537) lui     a0, 0x90000
core   0: 3 0x800026fe (0x90000537) x10 0x90000000
core   0: 0x80002702 (0x00001571) c.addi  a0, -4
core   0: 3 0x80002702 (0x1571) x10 0x8ffffffc
core   0: 0x80002704 (0x00004da1) c.li    s11, 8
core   0: 3 0x80002704 (0x4da1) x27 0x00000008
core   0: 0x80002706 (0x00000da2) c.slli  s11, 8
core   0: 3 0x80002706 (0x0da2) x27 0x00000800
core   0: 0x80002708 (0x000d8d93) mv      s11, s11
core   0: 3 0x80002708 (0x000d8d93) x27 0x00000800
core   0: 0x8000270c (0x01b52023) sw      s11, 0(a0)
core   0: 3 0x8000270c (0x01b52023) mem 0x8ffffffc 0x00000800
core   0: 0x80002710 (0x34102df3) csrr    s11, mepc
core   0: 3 0x80002710 (0x34102df3) x27 0x80000386
core   0: 0x80002714 (0x34202df3) csrr    s11, mcause
core   0: 3 0x80002714 (0x34202df3) x27 0x0000000b
core   0: 0x80002718 (0x0000450d) c.li    a0, 3
core   0: 3 0x80002718 (0x450d) x10 0x00000003
core   0: 0x8000271a (0x00ad9463) bne     s11, a0, pc + 8
core   0: 3 0x8000271a (0x00ad9463)
core   0: 0x80002722 (0x00004521) c.li    a0, 8
core   0: 3 0x80002722 (0x4521) x10 0x00000008
core   0: 0x80002724 (0x04ad8d63) beq     s11, a0, pc + 90
core   0: 3 0x80002724 (0x04ad8d63)
core   0: 0x80002728 (0x00004525) c.li    a0, 9
core   0: 3 0x80002728 (0x4525) x10 0x00000009
core   0: 0x8000272a (0x04ad8a63) beq     s11, a0, pc + 84
core   0: 3 0x8000272a (0x04ad8a63)
core   0: 0x8000272e (0x0000452d) c.li    a0, 11
core   0: 3 0x8000272e (0x452d) x10 0x0000000b
core   0: 0x80002730 (0x04ad8763) beq     s11, a0, pc + 78
core   0: 3 0x80002730 (0x04ad8763)
core   0: 0x8000277e (0x90000537) lui     a0, 0x90000
core   0: 3 0x8000277e (0x90000537) x10 0x90000000
core   0: 0x80002782 (0x00001571) c.addi  a0, -4
core   0: 3 0x80002782 (0x1571) x10 0x8ffffffc
core   0: 0x80002784 (0x00006d85) c.lui   s11, 0x1
core   0: 3 0x80002784 (0x6d85) x27 0x00001000
core   0: 0x80002786 (0xb00d8d93) addi    s11, s11, -1280
core   0: 3 0x80002786 (0xb00d8d93) x27 0x00000b00
core   0: 0x8000278a (0x00000da2) c.slli  s11, 8
core   0: 3 0x8000278a (0x0da2) x27 0x000b0000
core   0: 0x8000278c (0x00000d8d) c.addi  s11, 3
core   0: 3 0x8000278c (0x0d8d) x27 0x000b0003
core   0: 0x8000278e (0x01b52023) sw      s11, 0(a0)
core   0: 3 0x8000278e (0x01b52023) mem 0x8ffffffc 0x000b0003
core   0: 0x80002792 (0xb0002df3) csrr    s11, mcycle
core   0: 3 0x80002792 (0xb0002df3) x27 0x00007dd8
core   0: 0x80002796 (0x01b52023) sw      s11, 0(a0)
core   0: 3 0x80002796 (0x01b52023) mem 0x8ffffffc 0x00007dd8
core   0: 0x8000279a (0x90000537) lui     a0, 0x90000
core   0: 3 0x8000279a (0x90000537) x10 0x90000000
core   0: 0x8000279e (0x00001571) c.addi  a0, -4
core   0: 3 0x8000279e (0x1571) x10 0x8ffffffc
core   0: 0x800027a0 (0x00006d85) c.lui   s11, 0x1
core   0: 3 0x800027a0 (0x6d85) x27 0x00001000
core   0: 0x800027a2 (0xb80d8d93) addi    s11, s11, -1152
core   0: 3 0x800027a2 (0xb80d8d93) x27 0x00000b80
core   0: 0x800027a6 (0x00000da2) c.slli  s11, 8
core   0: 3 0x800027a6 (0x0da2) x27 0x000b8000
core   0: 0x800027a8 (0x00000d8d) c.addi  s11, 3
core   0: 3 0x800027a8 (0x0d8d) x27 0x000b8003
core   0: 0x800027aa (0x01b52023) sw      s11, 0(a0)
core   0: 3 0x800027aa (0x01b52023) mem 0x8ffffffc 0x000b8003
core   0: 0x800027ae (0xb8002df3) csrr    s11, mcycleh
core   0: 3 0x800027ae (0xb8002df3) x27 0x00000000
core   0: 0x800027b2 (0x01b52023) sw      s11, 0(a0)
core   0: 3 0x800027b2 (0x01b52023) mem 0x8ffffffc 0x00000000
core   0: 0x800027b6 (0x90000537) lui     a0, 0x90000
core   0: 3 0x800027b6 (0x90000537) x10 0x90000000
core   0: 0x800027ba (0x00001571) c.addi  a0, -4
core   0: 3 0x800027ba (0x1571) x10 0x8ffffffc
core   0: 0x800027bc (0x00006d85) c.lui   s11, 0x1
core   0: 3 0x800027bc (0x6d85) x27 0x00001000
core   0: 0x800027be (0xb03d8d93) addi    s11, s11, -1277
core   0: 3 0x800027be (0xb03d8d93) x27 0x00000b03
core   0: 0x800027c2 (0x00000da2) c.slli  s11, 8
core   0: 3 0x800027c2 (0x0da2) x27 0x000b0300
core   0: 0x800027c4 (0x00000d8d) c.addi  s11, 3
core   0: 3 0x800027c4 (0x0d8d) x27 0x000b0303
core   0: 0x800027c6 (0x01b52023) sw      s11, 0(a0)
core   0: 3 0x800027c6 (0x01b52023) mem 0x8ffffffc 0x000b0303
core   0: 0x800027ca (0xb0302df3) csrr    s11, mhpmcounter3
core   0: 3 0x800027ca (0xb0302df3) x27 0x000000d1
core   0: 0x800027ce (0x01b52023) sw      s11, 0(a0)
core   0: 3 0x800027ce (0x01b52023) mem 0x8ffffffc 0x000000d1
core   0: 0x800027d2 (0x90000537) lui     a0, 0x90000
core   0: 3 0x800027d2 (0x90000537) x10 0x90000000
core   0: 0x800027d6 (0x00001571) c.addi  a0, -4
core   0: 3 0x800027d6 (0x1571) x10 0x8ffffffc
core   0: 0x800027d8 (0x00006d85) c.lui   s11, 0x1
core   0: 3 0x800027d8 (0x6d85) x27 0x00001000
core   0: 0x800027da (0xb83d8d93) addi    s11, s11, -1149
core   0: 3 0x800027da (0xb83d8d93) x27 0x00000b83
core   0: 0x800027de (0x00000da2) c.slli  s11, 8
core   0: 3 0x800027de (0x0da2) x27 0x000b8300
core   0: 0x800027e0 (0x00000d8d) c.addi  s11, 3
core   0: 3 0x800027e0 (0x0d8d) x27 0x000b8303
core   0: 0x800027e2 (0x01b52023) sw      s11, 0(a0)
core   0: 3 0x800027e2 (0x01b52023) mem 0x8ffffffc 0x000b8303
core   0: 0x800027e6 (0xb8302df3) csrr    s11, mhpmcounter3h
core   0: 3 0x800027e6 (0xb8302df3) x27 0x00000000
core   0: 0x800027ea (0x01b52023) sw      s11, 0(a0)
core   0: 3 0x800027ea (0x01b52023) mem 0x8ffffffc 0x00000000
core   0: 0x800027ee (0x90000537) lui     a0, 0x90000
core   0: 3 0x800027ee (0x90000537) x10 0x90000000
core   0: 0x800027f2 (0x00001571) c.addi  a0, -4
core   0: 3 0x800027f2 (0x1571) x10 0x8ffffffc
core   0: 0x800027f4 (0x00006d85) c.lui   s11, 0x1
core   0: 3 0x800027f4 (0x6d85) x27 0x00001000
core   0: 0x800027f6 (0xb04d8d93) addi    s11, s11, -1276
core   0: 3 0x800027f6 (0xb04d8d93) x27 0x00000b04
core   0: 0x800027fa (0x00000da2) c.slli  s11, 8
core   0: 3 0x800027fa (0x0da2) x27 0x000b0400
core   0: 0x800027fc (0x00000d8d) c.addi  s11, 3
core   0: 3 0x800027fc (0x0d8d) x27 0x000b0403
core   0: 0x800027fe (0x01b52023) sw      s11, 0(a0)
core   0: 3 0x800027fe (0x01b52023) mem 0x8ffffffc 0x000b0403
core   0: 0x80002802 (0xb0402df3) csrr    s11, mhpmcounter4
core   0: 3 0x80002802 (0xb0402df3) x27 0x00003deb
core   0: 0x80002806 (0x01b52023) sw      s11, 0(a0)
core   0: 3 0x80002806 (0x01b52023) mem 0x8ffffffc 0x00003deb
core   0: 0x8000280a (0x90000537) lui     a0, 0x90000
core   0: 3 0x8000280a (0x90000537) x10 0x90000000
core   0: 0x8000280e (0x00001571) c.addi  a0, -4
core   0: 3 0x8000280e (0x1571) x10 0x8ffffffc
core   0: 0x80002810 (0x00006d85) c.lui   s11, 0x1
core   0: 3 0x80002810 (0x6d85) x27 0x00001000
core   0: 0x80002812 (0xb84d8d93) addi    s11, s11, -1148
core   0: 3 0x80002812 (0xb84d8d93) x27 0x00000b84
core   0: 0x80002816 (0x00000da2) c.slli  s11, 8
core   0: 3 0x80002816 (0x0da2) x27 0x000b8400
core   0: 0x80002818 (0x00000d8d) c.addi  s11, 3
core   0: 3 0x80002818 (0x0d8d) x27 0x000b8403
core   0: 0x8000281a (0x01b52023) sw      s11, 0(a0)
core   0: 3 0x8000281a (0x01b52023) mem 0x8ffffffc 0x000b8403
core   0: 0x8000281e (0xb8402df3) csrr    s11, mhpmcounter4h
core   0: 3 0x8000281e (0xb8402df3) x27 0x00000000
core   0: 0x80002822 (0x01b52023) sw      s11, 0(a0)
core   0: 3 0x80002822 (0x01b52023) mem 0x8ffffffc 0x00000000
core   0: 0x80002826 (0x90000537) lui     a0, 0x90000
core   0: 3 0x80002826 (0x90000537) x10 0x90000000
core   0: 0x8000282a (0x00001571) c.addi  a0, -4
core   0: 3 0x8000282a (0x1571) x10 0x8ffffffc
core   0: 0x8000282c (0x00006d85) c.lui   s11, 0x1
core   0: 3 0x8000282c (0x6d85) x27 0x00001000
core   0: 0x8000282e (0xb05d8d93) addi    s11, s11, -1275
core   0: 3 0x8000282e (0xb05d8d93) x27 0x00000b05
core   0: 0x80002832 (0x00000da2) c.slli  s11, 8
core   0: 3 0x80002832 (0x0da2) x27 0x000b0500
core   0: 0x80002834 (0x00000d8d) c.addi  s11, 3
core   0: 3 0x80002834 (0x0d8d) x27 0x000b0503
core   0: 0x80002836 (0x01b52023) sw      s11, 0(a0)
core   0: 3 0x80002836 (0x01b52023) mem 0x8ffffffc 0x000b0503
core   0: 0x8000283a (0xb0502df3) csrr    s11, mhpmcounter5
core   0: 3 0x8000283a (0xb0502df3) x27 0x00000002
core   0: 0x8000283e (0x01b52023) sw      s11, 0(a0)
core   0: 3 0x8000283e (0x01b52023) mem 0x8ffffffc 0x00000002
core   0: 0x80002842 (0x90000537) lui     a0, 0x90000
core   0: 3 0x80002842 (0x90000537) x10 0x90000000
core   0: 0x80002846 (0x00001571) c.addi  a0, -4
core   0: 3 0x80002846 (0x1571) x10 0x8ffffffc
core   0: 0x80002848 (0x00006d85) c.lui   s11, 0x1
core   0: 3 0x80002848 (0x6d85) x27 0x00001000
core   0: 0x8000284a (0xb85d8d93) addi    s11, s11, -1147
core   0: 3 0x8000284a (0xb85d8d93) x27 0x00000b85
core   0: 0x8000284e (0x00000da2) c.slli  s11, 8
core   0: 3 0x8000284e (0x0da2) x27 0x000b8500
core   0: 0x80002850 (0x00000d8d) c.addi  s11, 3
core   0: 3 0x80002850 (0x0d8d) x27 0x000b8503
core   0: 0x80002852 (0x01b52023) sw      s11, 0(a0)
core   0: 3 0x80002852 (0x01b52023) mem 0x8ffffffc 0x000b8503
core   0: 0x80002856 (0xb8502df3) csrr    s11, mhpmcounter5h
core   0: 3 0x80002856 (0xb8502df3) x27 0x00000000
core   0: 0x8000285a (0x01b52023) sw      s11, 0(a0)
core   0: 3 0x8000285a (0x01b52023) mem 0x8ffffffc 0x00000000
core   0: 0x8000285e (0x90000537) lui     a0, 0x90000
core   0: 3 0x8000285e (0x90000537) x10 0x90000000
core   0: 0x80002862 (0x00001571) c.addi  a0, -4
core   0: 3 0x80002862 (0x1571) x10 0x8ffffffc
core   0: 0x80002864 (0x00006d85) c.lui   s11, 0x1
core   0: 3 0x80002864 (0x6d85) x27 0x00001000
core   0: 0x80002866 (0xb06d8d93) addi    s11, s11, -1274
core   0: 3 0x80002866 (0xb06d8d93) x27 0x00000b06
core   0: 0x8000286a (0x00000da2) c.slli  s11, 8
core   0: 3 0x8000286a (0x0da2) x27 0x000b0600
core   0: 0x8000286c (0x00000d8d) c.addi  s11, 3
core   0: 3 0x8000286c (0x0d8d) x27 0x000b0603
core   0: 0x8000286e (0x01b52023) sw      s11, 0(a0)
core   0: 3 0x8000286e (0x01b52023) mem 0x8ffffffc 0x000b0603
core   0: 0x80002872 (0xb0602df3) csrr    s11, mhpmcounter6
core   0: 3 0x80002872 (0xb0602df3) x27 0x0000003a
core   0: 0x80002876 (0x01b52023) sw      s11, 0(a0)
core   0: 3 0x80002876 (0x01b52023) mem 0x8ffffffc 0x0000003a
core   0: 0x8000287a (0x90000537) lui     a0, 0x90000
core   0: 3 0x8000287a (0x90000537) x10 0x90000000
core   0: 0x8000287e (0x00001571) c.addi  a0, -4
core   0: 3 0x8000287e (0x1571) x10 0x8ffffffc
core   0: 0x80002880 (0x00006d85) c.lui   s11, 0x1
core   0: 3 0x80002880 (0x6d85) x27 0x00001000
core   0: 0x80002882 (0xb86d8d93) addi    s11, s11, -1146
core   0: 3 0x80002882 (0xb86d8d93) x27 0x00000b86
core   0: 0x80002886 (0x00000da2) c.slli  s11, 8
core   0: 3 0x80002886 (0x0da2) x27 0x000b8600
core   0: 0x80002888 (0x00000d8d) c.addi  s11, 3
core   0: 3 0x80002888 (0x0d8d) x27 0x000b8603
core   0: 0x8000288a (0x01b52023) sw      s11, 0(a0)
core   0: 3 0x8000288a (0x01b52023) mem 0x8ffffffc 0x000b8603
core   0: 0x8000288e (0xb8602df3) csrr    s11, mhpmcounter6h
core   0: 3 0x8000288e (0xb8602df3) x27 0x00000000
core   0: 0x80002892 (0x01b52023) sw      s11, 0(a0)
core   0: 3 0x80002892 (0x01b52023) mem 0x8ffffffc 0x00000000
core   0: 0x80002896 (0x90000537) lui     a0, 0x90000
core   0: 3 0x80002896 (0x90000537) x10 0x90000000
core   0: 0x8000289a (0x00001571) c.addi  a0, -4
core   0: 3 0x8000289a (0x1571) x10 0x8ffffffc
core   0: 0x8000289c (0x00006d85) c.lui   s11, 0x1
core   0: 3 0x8000289c (0x6d85) x27 0x00001000
core   0: 0x8000289e (0xb07d8d93) addi    s11, s11, -1273
core   0: 3 0x8000289e (0xb07d8d93) x27 0x00000b07
core   0: 0x800028a2 (0x00000da2) c.slli  s11, 8
core   0: 3 0x800028a2 (0x0da2) x27 0x000b0700
core   0: 0x800028a4 (0x00000d8d) c.addi  s11, 3
core   0: 3 0x800028a4 (0x0d8d) x27 0x000b0703
core   0: 0x800028a6 (0x01b52023) sw      s11, 0(a0)
core   0: 3 0x800028a6 (0x01b52023) mem 0x8ffffffc 0x000b0703
core   0: 0x800028aa (0xb0702df3) csrr    s11, mhpmcounter7
core   0: 3 0x800028aa (0xb0702df3) x27 0x0000002c
core   0: 0x800028ae (0x01b52023) sw      s11, 0(a0)
core   0: 3 0x800028ae (0x01b52023) mem 0x8ffffffc 0x0000002c
core   0: 0x800028b2 (0x90000537) lui     a0, 0x90000
core   0: 3 0x800028b2 (0x90000537) x10 0x90000000
core   0: 0x800028b6 (0x00001571) c.addi  a0, -4
core   0: 3 0x800028b6 (0x1571) x10 0x8ffffffc
core   0: 0x800028b8 (0x00006d85) c.lui   s11, 0x1
core   0: 3 0x800028b8 (0x6d85) x27 0x00001000
core   0: 0x800028ba (0xb87d8d93) addi    s11, s11, -1145
core   0: 3 0x800028ba (0xb87d8d93) x27 0x00000b87
core   0: 0x800028be (0x00000da2) c.slli  s11, 8
core   0: 3 0x800028be (0x0da2) x27 0x000b8700
core   0: 0x800028c0 (0x00000d8d) c.addi  s11, 3
core   0: 3 0x800028c0 (0x0d8d) x27 0x000b8703
core   0: 0x800028c2 (0x01b52023) sw      s11, 0(a0)
core   0: 3 0x800028c2 (0x01b52023) mem 0x8ffffffc 0x000b8703
core   0: 0x800028c6 (0xb8702df3) csrr    s11, mhpmcounter7h
core   0: 3 0x800028c6 (0xb8702df3) x27 0x00000000
core   0: 0x800028ca (0x01b52023) sw      s11, 0(a0)
core   0: 3 0x800028ca (0x01b52023) mem 0x8ffffffc 0x00000000
core   0: 0x800028ce (0x90000537) lui     a0, 0x90000
core   0: 3 0x800028ce (0x90000537) x10 0x90000000
core   0: 0x800028d2 (0x00001571) c.addi  a0, -4
core   0: 3 0x800028d2 (0x1571) x10 0x8ffffffc
core   0: 0x800028d4 (0x00006d85) c.lui   s11, 0x1
core   0: 3 0x800028d4 (0x6d85) x27 0x00001000
core   0: 0x800028d6 (0xb08d8d93) addi    s11, s11, -1272
core   0: 3 0x800028d6 (0xb08d8d93) x27 0x00000b08
core   0: 0x800028da (0x00000da2) c.slli  s11, 8
core   0: 3 0x800028da (0x0da2) x27 0x000b0800
core   0: 0x800028dc (0x00000d8d) c.addi  s11, 3
core   0: 3 0x800028dc (0x0d8d) x27 0x000b0803
core   0: 0x800028de (0x01b52023) sw      s11, 0(a0)
core   0: 3 0x800028de (0x01b52023) mem 0x8ffffffc 0x000b0803
core   0: 0x800028e2 (0xb0802df3) csrr    s11, mhpmcounter8
core   0: 3 0x800028e2 (0xb0802df3) x27 0x00000168
core   0: 0x800028e6 (0x01b52023) sw      s11, 0(a0)
core   0: 3 0x800028e6 (0x01b52023) mem 0x8ffffffc 0x00000168
core   0: 0x800028ea (0x90000537) lui     a0, 0x90000
core   0: 3 0x800028ea (0x90000537) x10 0x90000000
core   0: 0x800028ee (0x00001571) c.addi  a0, -4
core   0: 3 0x800028ee (0x1571) x10 0x8ffffffc
core   0: 0x800028f0 (0x00006d85) c.lui   s11, 0x1
core   0: 3 0x800028f0 (0x6d85) x27 0x00001000
core   0: 0x800028f2 (0xb88d8d93) addi    s11, s11, -1144
core   0: 3 0x800028f2 (0xb88d8d93) x27 0x00000b88
core   0: 0x800028f6 (0x00000da2) c.slli  s11, 8
core   0: 3 0x800028f6 (0x0da2) x27 0x000b8800
core   0: 0x800028f8 (0x00000d8d) c.addi  s11, 3
core   0: 3 0x800028f8 (0x0d8d) x27 0x000b8803
core   0: 0x800028fa (0x01b52023) sw      s11, 0(a0)
core   0: 3 0x800028fa (0x01b52023) mem 0x8ffffffc 0x000b8803
core   0: 0x800028fe (0xb8802df3) csrr    s11, mhpmcounter8h
core   0: 3 0x800028fe (0xb8802df3) x27 0x00000000
core   0: 0x80002902 (0x01b52023) sw      s11, 0(a0)
core   0: 3 0x80002902 (0x01b52023) mem 0x8ffffffc 0x00000000
core   0: 0x80002906 (0x90000537) lui     a0, 0x90000
core   0: 3 0x80002906 (0x90000537) x10 0x90000000
core   0: 0x8000290a (0x00001571) c.addi  a0, -4
core   0: 3 0x8000290a (0x1571) x10 0x8ffffffc
core   0: 0x8000290c (0x00006d85) c.lui   s11, 0x1
core   0: 3 0x8000290c (0x6d85) x27 0x00001000
core   0: 0x8000290e (0xb09d8d93) addi    s11, s11, -1271
core   0: 3 0x8000290e (0xb09d8d93) x27 0x00000b09
core   0: 0x80002912 (0x00000da2) c.slli  s11, 8
core   0: 3 0x80002912 (0x0da2) x27 0x000b0900
core   0: 0x80002914 (0x00000d8d) c.addi  s11, 3
core   0: 3 0x80002914 (0x0d8d) x27 0x000b0903
core   0: 0x80002916 (0x01b52023) sw      s11, 0(a0)
core   0: 3 0x80002916 (0x01b52023) mem 0x8ffffffc 0x000b0903
core   0: 0x8000291a (0xb0902df3) csrr    s11, mhpmcounter9
core   0: 3 0x8000291a (0xb0902df3) x27 0x000000bc
core   0: 0x8000291e (0x01b52023) sw      s11, 0(a0)
core   0: 3 0x8000291e (0x01b52023) mem 0x8ffffffc 0x000000bc
core   0: 0x80002922 (0x90000537) lui     a0, 0x90000
core   0: 3 0x80002922 (0x90000537) x10 0x90000000
core   0: 0x80002926 (0x00001571) c.addi  a0, -4
core   0: 3 0x80002926 (0x1571) x10 0x8ffffffc
