Time	Cycle	PC	Insn	Decoded instruction	Register and memory contents
        5169000	       156	80000080	40001db7	lui	x27,0x40001	 x27=0x40001000
        5189000	       157	80000084	106d8d93	addi	x27,x27,262	 x27:0x40001000 x27=0x40001106
        5209000	       158	80000088	301d9073	csrrw	x0,misa,x27	 x27:0x40001106  x0=0x00000000
        5269000	       161	8000008c	00026f97	auipc	x31,0x26	 x31=0x8002608c
        5409000	       168	80000090	c58f8f93	addi	x31,x31,-936	 x31:0x8002608c x31=0x80025ce4
        5509000	       173	80000094	00002d97	auipc	x27,0x2	 x27=0x80002094
        5529000	       174	80000098	56cd8d93	addi	x27,x27,1388	 x27:0x80002094 x27=0x80002600
        5549000	       175	8000009c	001ded93	ori	x27,x27,1	 x27:0x80002600 x27=0x80002601
        5569000	       176	800000a0	305d9073	csrrw	x0,mtvec,x27	 x27:0x80002601  x0=0x00000000
        5709000	       183	800000a4	74725073	csrrwi	x0,0x747,4	  x0=0x00000000
        5769000	       186	800000a8	00003317	auipc	x6,0x3	  x6=0x800030a8
        5789000	       187	800000ac	30430313	addi	x6,x6,772	  x6:0x800030a8  x6=0x800033ac
        5809000	       188	800000b0	4d81	c.li	x27,0	 x27=0x00000000
        5829000	       189	800000b2	936e	c.add	x6,x27	  x6:0x800033ac x27:0x00000000  x6=0x800033ac
        5849000	       190	800000b4	00235313	srli	x6,x6,0x2	  x6:0x800033ac  x6=0x20000ceb
        5889000	       192	800000b8	3b031073	csrrw	x0,pmpaddr0,x6	  x6:0x20000ceb  x0=0x00000000
        5949000	       195	800000bc	00003317	auipc	x6,0x3	  x6=0x800030bc
        6209000	       208	800000c0	2f030313	addi	x6,x6,752	  x6:0x800030bc  x6=0x800033ac
        6229000	       209	800000c4	11111db7	lui	x27,0x11111	 x27=0x11111000
        6589000	       227	800000c8	111d8d93	addi	x27,x27,273	 x27:0x11111000 x27=0x11111111
        6609000	       228	800000cc	936e	c.add	x6,x27	  x6:0x800033ac x27:0x11111111  x6=0x911144bd
        6629000	       229	800000ce	00235313	srli	x6,x6,0x2	  x6:0x911144bd  x6=0x2444512f
        6649000	       230	800000d2	3b131073	csrrw	x0,pmpaddr1,x6	  x6:0x2444512f  x0=0x00000000
        6709000	       233	800000d6	00003317	auipc	x6,0x3	  x6=0x800030d6
        7089000	       252	800000da	2d630313	addi	x6,x6,726	  x6:0x800030d6  x6=0x800033ac
        7109000	       253	800000de	22222db7	lui	x27,0x22222	 x27=0x22222000
        7129000	       254	800000e2	222d8d93	addi	x27,x27,546	 x27:0x22222000 x27=0x22222222
        7149000	       255	800000e6	936e	c.add	x6,x27	  x6:0x800033ac x27:0x22222222  x6=0xa22255ce
        7169000	       256	800000e8	00235313	srli	x6,x6,0x2	  x6:0xa22255ce  x6=0x28889573
        7269000	       261	800000ec	3b231073	csrrw	x0,pmpaddr2,x6	  x6:0x28889573  x0=0x00000000
        7329000	       264	800000f0	00003317	auipc	x6,0x3	  x6=0x800030f0
        7409000	       268	800000f4	2bc30313	addi	x6,x6,700	  x6:0x800030f0  x6=0x800033ac
        7429000	       269	800000f8	33333db7	lui	x27,0x33333	 x27=0x33333000
        7449000	       270	800000fc	333d8d93	addi	x27,x27,819	 x27:0x33333000 x27=0x33333333
        7789000	       287	80000100	936e	c.add	x6,x27	  x6:0x800033ac x27:0x33333333  x6=0xb33366df
        7809000	       288	80000102	00235313	srli	x6,x6,0x2	  x6:0xb33366df  x6=0x2cccd9b7
        7829000	       289	80000106	3b331073	csrrw	x0,pmpaddr3,x6	  x6:0x2cccd9b7  x0=0x00000000
        7889000	       292	8000010a	0f0f1337	lui	x6,0xf0f1	  x6=0x0f0f1000
        7909000	       293	8000010e	f0f30313	addi	x6,x6,-241	  x6:0x0f0f1000  x6=0x0f0f0f0f
        7969000	       296	80000112	3a031073	csrrw	x0,pmpcfg0,x6	  x6:0x0f0f0f0f  x0=0x00000000
        8029000	       299	80000116	00003317	auipc	x6,0x3	  x6=0x80003116
        8049000	       300	8000011a	29630313	addi	x6,x6,662	  x6:0x80003116  x6=0x800033ac
        8369000	       316	8000011e	44444db7	lui	x27,0x44444	 x27=0x44444000
        8649000	       330	80000122	444d8d93	addi	x27,x27,1092	 x27:0x44444000 x27=0x44444444
        8669000	       331	80000126	936e	c.add	x6,x27	  x6:0x800033ac x27:0x44444444  x6=0xc44477f0
        8689000	       332	80000128	00235313	srli	x6,x6,0x2	  x6:0xc44477f0  x6=0x31111dfc
        8709000	       333	8000012c	3b431073	csrrw	x0,pmpaddr4,x6	  x6:0x31111dfc  x0=0x00000000
        8769000	       336	80000130	00003317	auipc	x6,0x3	  x6=0x80003130
        8789000	       337	80000134	27c30313	addi	x6,x6,636	  x6:0x80003130  x6=0x800033ac
        9009000	       348	80000138	55555db7	lui	x27,0x55555	 x27=0x55555000
        9329000	       364	8000013c	555d8d93	addi	x27,x27,1365	 x27:0x55555000 x27=0x55555555
        9349000	       365	80000140	936e	c.add	x6,x27	  x6:0x800033ac x27:0x55555555  x6=0xd5558901
        9369000	       366	80000142	00235313	srli	x6,x6,0x2	  x6:0xd5558901  x6=0x35556240
        9429000	       369	80000146	3b531073	csrrw	x0,pmpaddr5,x6	  x6:0x35556240  x0=0x00000000
        9489000	       372	8000014a	00003317	auipc	x6,0x3	  x6=0x8000314a
        9509000	       373	8000014e	26230313	addi	x6,x6,610	  x6:0x8000314a  x6=0x800033ac
        9629000	       379	80000152	66666db7	lui	x27,0x66666	 x27=0x66666000
       10029000	       399	80000156	666d8d93	addi	x27,x27,1638	 x27:0x66666000 x27=0x66666666
       10049000	       400	8000015a	936e	c.add	x6,x27	  x6:0x800033ac x27:0x66666666  x6=0xe6669a12
       10069000	       401	8000015c	00235313	srli	x6,x6,0x2	  x6:0xe6669a12  x6=0x3999a684
       10149000	       405	80000160	3b631073	csrrw	x0,pmpaddr6,x6	  x6:0x3999a684  x0=0x00000000
       10209000	       408	80000164	00003317	auipc	x6,0x3	  x6=0x80003164
       10229000	       409	80000168	24830313	addi	x6,x6,584	  x6:0x80003164  x6=0x800033ac
       10249000	       410	8000016c	77777db7	lui	x27,0x77777	 x27=0x77777000
       10309000	       413	80000170	777d8d93	addi	x27,x27,1911	 x27:0x77777000 x27=0x77777777
       10429000	       419	80000174	936e	c.add	x6,x27	  x6:0x800033ac x27:0x77777777  x6=0xf777ab23
       10449000	       420	80000176	00235313	srli	x6,x6,0x2	  x6:0xf777ab23  x6=0x3dddeac8
       10529000	       424	8000017a	3b731073	csrrw	x0,pmpaddr7,x6	  x6:0x3dddeac8  x0=0x00000000
       10589000	       427	8000017e	0f0f1337	lui	x6,0xf0f1	  x6=0x0f0f1000
       10609000	       428	80000182	f0f30313	addi	x6,x6,-241	  x6:0x0f0f1000  x6=0x0f0f0f0f
       10629000	       429	80000186	3a131073	csrrw	x0,pmpcfg1,x6	  x6:0x0f0f0f0f  x0=0x00000000
       10689000	       432	8000018a	00003317	auipc	x6,0x3	  x6=0x8000318a
       10909000	       443	8000018e	22230313	addi	x6,x6,546	  x6:0x8000318a  x6=0x800033ac
       10929000	       444	80000192	88889db7	lui	x27,0x88889	 x27=0x88889000
       11089000	       452	80000196	888d8d93	addi	x27,x27,-1912	 x27:0x88889000 x27=0x88888888
       11109000	       453	8000019a	936e	c.add	x6,x27	  x6:0x800033ac x27:0x88888888  x6=0x0888bc34
       11149000	       455	8000019c	00235313	srli	x6,x6,0x2	  x6:0x0888bc34  x6=0x02222f0d
       11569000	       476	800001a0	3b831073	csrrw	x0,pmpaddr8,x6	  x6:0x02222f0d  x0=0x00000000
       11989000	       497	800001a4	00003317	auipc	x6,0x3	  x6=0x800031a4
       12009000	       498	800001a8	20830313	addi	x6,x6,520	  x6:0x800031a4  x6=0x800033ac
       12429000	       519	800001ac	9999adb7	lui	x27,0x9999a	 x27=0x9999a000
       12449000	       520	800001b0	999d8d93	addi	x27,x27,-1639	 x27:0x9999a000 x27=0x99999999
       12469000	       521	800001b4	936e	c.add	x6,x27	  x6:0x800033ac x27:0x99999999  x6=0x1999cd45
       12889000	       542	800001b6	00235313	srli	x6,x6,0x2	  x6:0x1999cd45  x6=0x06667351
       12929000	       544	800001ba	3b931073	csrrw	x0,pmpaddr9,x6	  x6:0x06667351  x0=0x00000000
       12989000	       547	800001be	00003317	auipc	x6,0x3	  x6=0x800031be
       13009000	       548	800001c2	1ee30313	addi	x6,x6,494	  x6:0x800031be  x6=0x800033ac
       13029000	       549	800001c6	aaaabdb7	lui	x27,0xaaaab	 x27=0xaaaab000
       13169000	       556	800001ca	aaad8d93	addi	x27,x27,-1366	 x27:0xaaaab000 x27=0xaaaaaaaa
       13189000	       557	800001ce	936e	c.add	x6,x27	  x6:0x800033ac x27:0xaaaaaaaa  x6=0x2aaade56
       13589000	       577	800001d0	00235313	srli	x6,x6,0x2	  x6:0x2aaade56  x6=0x0aaab795
       13669000	       581	800001d4	3ba31073	csrrw	x0,pmpaddr10,x6	  x6:0x0aaab795  x0=0x00000000
       14069000	       601	800001d8	00003317	auipc	x6,0x3	  x6=0x800031d8
       14089000	       602	800001dc	1d430313	addi	x6,x6,468	  x6:0x800031d8  x6=0x800033ac
       14109000	       603	800001e0	bbbbcdb7	lui	x27,0xbbbbc	 x27=0xbbbbc000
       14129000	       604	800001e4	bbbd8d93	addi	x27,x27,-1093	 x27:0xbbbbc000 x27=0xbbbbbbbb
       14549000	       625	800001e8	936e	c.add	x6,x27	  x6:0x800033ac x27:0xbbbbbbbb  x6=0x3bbbef67
       14569000	       626	800001ea	00235313	srli	x6,x6,0x2	  x6:0x3bbbef67  x6=0x0eeefbd9
       14989000	       647	800001ee	3bb31073	csrrw	x0,pmpaddr11,x6	  x6:0x0eeefbd9  x0=0x00000000
       15049000	       650	800001f2	0f0f1337	lui	x6,0xf0f1	  x6=0x0f0f1000
       15069000	       651	800001f6	f0f30313	addi	x6,x6,-241	  x6:0x0f0f1000  x6=0x0f0f0f0f
       15089000	       652	800001fa	3a231073	csrrw	x0,pmpcfg2,x6	  x6:0x0f0f0f0f  x0=0x00000000
       15209000	       658	800001fe	00003317	auipc	x6,0x3	  x6=0x800031fe
       15229000	       659	80000202	1ae30313	addi	x6,x6,430	  x6:0x800031fe  x6=0x800033ac
       15549000	       675	80000206	ccccddb7	lui	x27,0xccccd	 x27=0xccccd000
       15569000	       676	8000020a	cccd8d93	addi	x27,x27,-820	 x27:0xccccd000 x27=0xcccccccc
       15589000	       677	8000020e	936e	c.add	x6,x27	  x6:0x800033ac x27:0xcccccccc  x6=0x4ccd0078
       15689000	       682	80000210	00235313	srli	x6,x6,0x2	  x6:0x4ccd0078  x6=0x1333401e
       15949000	       695	80000214	3bc31073	csrrw	x0,pmpaddr12,x6	  x6:0x1333401e  x0=0x00000000
       16009000	       698	80000218	00003317	auipc	x6,0x3	  x6=0x80003218
       16149000	       705	8000021c	19430313	addi	x6,x6,404	  x6:0x80003218  x6=0x800033ac
       16569000	       726	80000220	ddddedb7	lui	x27,0xdddde	 x27=0xdddde000
       16669000	       731	80000224	dddd8d93	addi	x27,x27,-547	 x27:0xdddde000 x27=0xdddddddd
       16689000	       732	80000228	936e	c.add	x6,x27	  x6:0x800033ac x27:0xdddddddd  x6=0x5dde1189
       16709000	       733	8000022a	00235313	srli	x6,x6,0x2	  x6:0x5dde1189  x6=0x17778462
       16729000	       734	8000022e	3bd31073	csrrw	x0,pmpaddr13,x6	  x6:0x17778462  x0=0x00000000
       16889000	       742	80000232	00003317	auipc	x6,0x3	  x6=0x80003232
       16909000	       743	80000236	17a30313	addi	x6,x6,378	  x6:0x80003232  x6=0x800033ac
       16969000	       746	8000023a	eeeefdb7	lui	x27,0xeeeef	 x27=0xeeeef000
       16989000	       747	8000023e	eeed8d93	addi	x27,x27,-274	 x27:0xeeeef000 x27=0xeeeeeeee
       17009000	       748	80000242	936e	c.add	x6,x27	  x6:0x800033ac x27:0xeeeeeeee  x6=0x6eef229a
       17029000	       749	80000244	00235313	srli	x6,x6,0x2	  x6:0x6eef229a  x6=0x1bbbc8a6
       17049000	       750	80000248	3be31073	csrrw	x0,pmpaddr14,x6	  x6:0x1bbbc8a6  x0=0x00000000
       17269000	       761	8000024c	00003317	auipc	x6,0x3	  x6=0x8000324c
       17289000	       762	80000250	16030313	addi	x6,x6,352	  x6:0x8000324c  x6=0x800033ac
       17309000	       763	80000254	fff00d93	addi	x27,x0,-1	  x0:0x00000000 x27=0xffffffff
       17329000	       764	80000258	936e	c.add	x6,x27	  x6:0x800033ac x27:0xffffffff  x6=0x800033ab
       17349000	       765	8000025a	00235313	srli	x6,x6,0x2	  x6:0x800033ab  x6=0x20000cea
       17389000	       767	8000025e	3bf31073	csrrw	x0,pmpaddr15,x6	  x6:0x20000cea  x0=0x00000000
       17449000	       770	80000262	0f0f1337	lui	x6,0xf0f1	  x6=0x0f0f1000
       17689000	       782	80000266	f0f30313	addi	x6,x6,-241	  x6:0x0f0f1000  x6=0x0f0f0f0f
       18089000	       802	8000026a	3a331073	csrrw	x0,pmpcfg3,x6	  x6:0x0f0f0f0f  x0=0x00000000
       18149000	       805	8000026e	00000d97	auipc	x27,0x0	 x27=0x8000026e
       18529000	       824	80000272	058d8d93	addi	x27,x27,88	 x27:0x8000026e x27=0x800002c6
       18549000	       825	80000276	341d9073	csrrw	x0,mepc,x27	 x27:0x800002c6  x0=0x00000000
       18589000	       827	8000027a	7c00d073	csrrwi	x0,0x7c0,1	  x0=0x00000000
       18649000	       830	8000027e	6d89	c.lui	x27,0x2	 x27=0x00002000
       18669000	       831	80000280	800d8d93	addi	x27,x27,-2048	 x27:0x00002000 x27=0x00001800
       18969000	       846	80000284	300d9073	csrrw	x0,mstatus,x27	 x27:0x00001800  x0=0x00000000
       19089000	       852	80000288	4d81	c.li	x27,0	 x27=0x00000000
       19109000	       853	8000028a	304d9073	csrrw	x0,mie,x27	 x27:0x00000000  x0=0x00000000
       19169000	       856	8000028e	90000537	lui	x10,0x90000	 x10=0x90000000
       19189000	       857	80000292	1571	c.addi	x10,-4	 x10:0x90000000 x10=0x8ffffffc
       19209000	       858	80000294	30000d93	addi	x27,x0,768	  x0:0x00000000 x27=0x00000300
       19329000	       864	80000298	0da2	c.slli	x27,0x8	 x27:0x00000300 x27=0x00030000
       19349000	       865	8000029a	0d8d	c.addi	x27,3	 x27:0x00030000 x27=0x00030003
       19429000	       869	8000029c	01b52023	sw	x27,0(x10)	 x10:0x8ffffffc x27:0x00030003 PA:0x8ffffffc store:0x00030003 load:0xffffffff
       19489000	       872	800002a0	30002df3	csrrs	x27,mstatus,x0	  x0:0x00000000 x27=0x00001800
       19549000	       875	800002a4	01b52023	sw	x27,0(x10)	 x10:0x8ffffffc x27:0x00001800 PA:0x8ffffffc store:0x00001800 load:0xffffffff
       19569000	       876	800002a8	90000537	lui	x10,0x90000	 x10=0x90000000
       19669000	       881	800002ac	1571	c.addi	x10,-4	 x10:0x90000000 x10=0x8ffffffc
       19689000	       882	800002ae	30400d93	addi	x27,x0,772	  x0:0x00000000 x27=0x00000304
       19709000	       883	800002b2	0da2	c.slli	x27,0x8	 x27:0x00000304 x27=0x00030400
       19729000	       884	800002b4	0d8d	c.addi	x27,3	 x27:0x00030400 x27=0x00030403
       20169000	       906	800002b6	01b52023	sw	x27,0(x10)	 x10:0x8ffffffc x27:0x00030403 PA:0x8ffffffc store:0x00030403 load:0xffffffff
       20189000	       907	800002ba	30402df3	csrrs	x27,mie,x0	  x0:0x00000000 x27=0x00000000
       20209000	       908	800002be	01b52023	sw	x27,0(x10)	 x10:0x8ffffffc x27:0x00000000 PA:0x8ffffffc store:0x00000000 load:0xffffffff
       20229000	       909	800002c2	30200073	mret	
       20309000	       913	800002c6	ff8b8037	lui	x0,0xff8b8	  x0=0x00000000
       20329000	       914	800002ca	10e00013	addi	x0,x0,270	  x0:0x00000000  x0=0x00000000
       20529000	       924	800002ce	7327d0b7	lui	x1,0x7327d	  x1=0x7327d000
       20549000	       925	800002d2	ba008093	addi	x1,x1,-1120	  x1:0x7327d000  x1=0x7327cba0
       20589000	       927	800002d6	f5e3a137	lui	x2,0xf5e3a	  x2=0xf5e3a000
       21009000	       948	800002da	89510113	addi	x2,x2,-1899	  x2:0xf5e3a000  x2=0xf5e39895
       21029000	       949	800002de	4181	c.li	x3,0	  x3=0x00000000
       21169000	       956	800002e0	6511b237	lui	x4,0x6511b	  x4=0x6511b000
       21249000	       960	800002e4	bba20213	addi	x4,x4,-1094	  x4:0x6511b000  x4=0x6511abba
       21269000	       961	800002e8	e2e872b7	lui	x5,0xe2e87	  x5=0xe2e87000
       21689000	       982	800002ec	5c428293	addi	x5,x5,1476	  x5:0xe2e87000  x5=0xe2e875c4
       21709000	       983	800002f0	4301	c.li	x6,0	  x6=0x00000000
       21729000	       984	800002f2	43a5	c.li	x7,9	  x7=0x00000009
       21749000	       985	800002f4	80000437	lui	x8,0x80000	  x8=0x80000000
       21769000	       986	800002f8	f944e4b7	lui	x9,0xf944e	  x9=0xf944e000
       21869000	       991	800002fc	20f48493	addi	x9,x9,527	  x9:0xf944e000  x9=0xf944e20f
       21929000	       994	80000300	4501	c.li	x10,0	 x10=0x00000000
       21949000	       995	80000302	4625	c.li	x12,9	 x12=0x00000009
       21969000	       996	80000304	f0c556b7	lui	x13,0xf0c55	 x13=0xf0c55000
       22249000	      1010	80000308	da468693	addi	x13,x13,-604	 x13:0xf0c55000 x13=0xf0c54da4
       22269000	      1011	8000030c	fd8fc737	lui	x14,0xfd8fc	 x14=0xfd8fc000
       22689000	      1032	80000310	e7e70713	addi	x14,x14,-386	 x14:0xfd8fc000 x14=0xfd8fbe7e
       22869000	      1041	80000314	4781	c.li	x15,0	 x15=0x00000000
       23049000	      1050	80000316	65193837	lui	x16,0x65193	 x16=0x65193000
       23129000	      1054	8000031a	5eb80813	addi	x16,x16,1515	 x16:0x65193000 x16=0x651935eb
       23149000	      1055	8000031e	4891	c.li	x17,4	 x17=0x00000004
       23169000	      1056	80000320	80000937	lui	x18,0x80000	 x18=0x80000000
       23189000	      1057	80000324	49a9	c.li	x19,10	 x19=0x0000000a
       23209000	      1058	80000326	ff2dfa37	lui	x20,0xff2df	 x20=0xff2df000
       23229000	      1059	8000032a	586a0a13	addi	x20,x20,1414	 x20:0xff2df000 x20=0xff2df586
       23309000	      1063	8000032e	80000ab7	lui	x21,0x80000	 x21=0x80000000
       23329000	      1064	80000332	fa72bb37	lui	x22,0xfa72b	 x22=0xfa72b000
       23949000	      1095	80000336	098b0b13	addi	x22,x22,152	 x22:0xfa72b000 x22=0xfa72b098
       23969000	      1096	8000033a	4b89	c.li	x23,2	 x23=0x00000002
       23989000	      1097	8000033c	4c39	c.li	x24,14	 x24=0x0000000e
       24009000	      1098	8000033e	4c81	c.li	x25,0	 x25=0x00000000
       24069000	      1101	80000340	4d01	c.li	x26,0	 x26=0x00000000
       24089000	      1102	80000342	4db5	c.li	x27,13	 x27=0x0000000d
       24109000	      1103	80000344	82ec1e37	lui	x28,0x82ec1	 x28=0x82ec1000
       24129000	      1104	80000348	cb0e0e13	addi	x28,x28,-848	 x28:0x82ec1000 x28=0x82ec0cb0
       24149000	      1105	8000034c	cac09eb7	lui	x29,0xcac09	 x29=0xcac09000
       24209000	      1108	80000350	9bde8e93	addi	x29,x29,-1603	 x29:0xcac09000 x29=0xcac089bd
       24289000	      1112	80000354	80000f37	lui	x30,0x80000	 x30=0x80000000
       24369000	      1116	80000358	00022597	auipc	x11,0x22	 x11=0x80022358
       24769000	      1136	8000035c	b0c58593	addi	x11,x11,-1268	 x11:0x80022358 x11=0x80021e64
       24809000	      1138	80000360	90000537	lui	x10,0x90000	 x10=0x90000000
       24829000	      1139	80000364	1571	c.addi	x10,-4	 x10:0x90000000 x10=0x8ffffffc
       24849000	      1140	80000366	4d81	c.li	x27,0	 x27=0x00000000
       25249000	      1160	80000368	0da2	c.slli	x27,0x8	 x27:0x00000000 x27=0x00000000
       25329000	      1164	8000036a	000d8d93	addi	x27,x27,0	 x27:0x00000000 x27=0x00000000
       25629000	      1179	8000036e	01b52023	sw	x27,0(x10)	 x10:0x8ffffffc x27:0x00000000 PA:0x8ffffffc store:0x00000000 load:0xffffffff
       25649000	      1180	80000372	03a0306f	jal	x0,800033ac	  x0=0x00000000
       26909000	      1243	800033ac	03797733	remu	x14,x18,x23	 x18:0x80000000 x23:0x00000002 x14=0x00000000
       26929000	      1244	800033b0	410e07b3	sub	x15,x28,x16	 x28:0x82ec0cb0 x16:0x651935eb x15=0x1dd2d6c5
       26949000	      1245	800033b4	340b5cf3	csrrwi	x25,mscratch,22	 x25=0x00000000
       27229000	      1259	800033b8	011a8833	add	x16,x21,x17	 x21:0x80000000 x17:0x00000004 x16=0x80000004
       27269000	      1261	800033bc	6c6ea793	slti	x15,x29,1734	 x29:0xcac089bd x15=0x00000001
       27289000	      1262	800033c0	34003073	csrrc	x0,mscratch,x0	  x0:0x00000000  x0=0x00000000
       27489000	      1272	800033c4	05a4d263	bge	x9,x26,80003408	  x9:0xf944e20f x26:0x00000000
       27529000	      1274	800033c8	03779ab3	mulh	x21,x15,x23	 x15:0x00000001 x23:0x00000002 x21=0x00000000
       27929000	      1294	800033cc	3406baf3	csrrc	x21,mscratch,x13	 x13:0xf0c54da4 x21=0x00000016
       27949000	      1295	800033d0	03068bb3	mul	x23,x13,x16	 x13:0xf0c54da4 x16:0x80000004 x23=0xc3153690
       27969000	      1296	800033d4	0ff0000f	fence	iorw,iorw	
       28149000	      1305	800033d8	8cf5	c.and	x9,x13	  x9:0xf944e20f x13:0xf0c54da4  x9=0xf0444004
       28489000	      1322	800033da	00037463	bgeu	x6,x0,800033e2	  x6:0x00000000  x0:0x00000000
       29389000	      1367	800033e2	34002273	csrrs	x4,mscratch,x0	  x0:0x00000000  x4=0x00000012
       29709000	      1383	800033e6	01ab9033	sll	x0,x23,x26	 x23:0xc3153690 x26:0x00000000  x0=0x00000000
       29729000	      1384	800033ea	cb15	c.beqz	x14,8000341e	 x14:0x00000000
       30189000	      1407	8000341e	40dc0bb3	sub	x23,x24,x13	 x24:0x0000000e x13:0xf0c54da4 x23=0x0f3ab26a
       30349000	      1415	80003422	34003173	csrrc	x2,mscratch,x0	  x0:0x00000000  x2=0x00000012
       30449000	      1420	80003426	010f7233	and	x4,x30,x16	 x30:0x80000000 x16:0x80000004  x4=0x80000000
       30609000	      1428	8000342a	02e38963	beq	x7,x14,8000345c	  x7:0x00000009 x14:0x00000000
       30629000	      1429	8000342e	808e	c.mv	x1,x3	  x0:0x00000000  x3:0x00000000  x1=0x00000000
       30649000	      1430	80003430	691d	c.lui	x18,0x7	 x18=0x00007000
       30669000	      1431	80003432	0001	c.addi	x0,0	  x0:0x00000000  x0=0x00000000
       30689000	      1432	80003434	00597ab3	and	x21,x18,x5	 x18:0x00007000  x5:0xe2e875c4 x21=0x00007000
       30709000	      1433	80003438	7ca9a993	slti	x19,x19,1994	 x19:0x0000000a x19=0x00000001
       30729000	      1434	8000343c	717d	c.addi16sp	x2,-16	  x2:0x00000012  x2=0x00000002
       31149000	      1455	8000343e	0ff0000f	fence	iorw,iorw	
       31169000	      1456	80003442	340918f3	csrrw	x17,mscratch,x18	 x18:0x00007000 x17=0x00000012
       31189000	      1457	80003446	8fe5	c.and	x15,x9	 x15:0x00000001  x9:0xf0444004 x15=0x00000000
       31229000	      1459	80003448	536b3e13	sltiu	x28,x22,1334	 x22:0xfa72b098 x28=0x00000000
       31249000	      1460	8000344c	016550b3	srl	x1,x10,x22	 x10:0x8ffffffc x22:0xfa72b098  x1=0x0000008f
       31269000	      1461	80003450	413959b3	sra	x19,x18,x19	 x18:0x00007000 x19:0x00000001 x19=0x00003800
       31689000	      1482	80003454	0312d063	bge	x5,x17,80003474	  x5:0xe2e875c4 x17:0x00000012
       32009000	      1498	80003458	02dc2cb3	mulhsu	x25,x24,x13	 x24:0x0000000e x13:0xf0c54da4 x25=0x0000000d
       32029000	      1499	8000345c	1dcc8713	addi	x14,x25,476	 x25:0x0000000d x14=0x000001e9
       32049000	      1500	80003460	4076d813	srai	x16,x13,0x7	 x13:0xf0c54da4 x16=0xffe18a9b
       32129000	      1504	80003464	03c38eb3	mul	x29,x7,x28	  x7:0x00000009 x28:0x00000000 x29=0x00000000
       32149000	      1505	80003468	8f21	c.xor	x14,x8	 x14:0x000001e9  x8:0x80000000 x14=0x800001e9
       32169000	      1506	8000346a	05ffd563	bge	x31,x31,800034b4	 x31:0x80025ce4 x31:0x80025ce4
       32969000	      1546	800034b4	01fbb1b3	sltu	x3,x23,x31	 x23:0x0f3ab26a x31:0x80025ce4  x3=0x00000001
       33429000	      1569	800034b8	03bbdcb3	divu	x25,x23,x27	 x23:0x0f3ab26a x27:0x00000000 x25=0xffffffff
       33469000	      1571	800034bc	8d21	c.xor	x10,x8	 x10:0x8ffffffc  x8:0x80000000 x10=0x0ffffffc
       33489000	      1572	800034be	03d6	c.slli	x7,0x15	  x7:0x00000009  x7=0x01200000
       33869000	      1591	800034c0	6581ec97	auipc	x25,0x6581e	 x25=0xe58214c0
       34049000	      1600	800034c4	00005297	auipc	x5,0x5	  x5=0x800084c4
       34169000	      1606	800034c8	0ca28293	addi	x5,x5,202	  x5:0x800084c4  x5=0x8000858e
       34209000	      1608	800034cc	0207d6b3	divu	x13,x15,x0	 x15:0x00000000  x0:0x00000000 x13=0xffffffff
       34229000	      1609	800034d0	8c25	c.xor	x8,x9	  x8:0x80000000  x9:0xf0444004  x8=0x70444004
       34629000	      1629	800034d2	f8928293	addi	x5,x5,-119	  x5:0x8000858e  x5=0x80008517
       34649000	      1630	800034d6	0d98	c.addi4spn	x14,x2,720	 x14=0x000002d2
       34829000	      1639	800034d8	9c86	c.add	x25,x1	 x25:0xe58214c0  x1:0x0000008f x25=0xe582154f
       35009000	      1648	800034da	033e30b3	mulhu	x1,x28,x19	 x28:0x00000000 x19:0x00003800  x1=0x00000000
       35029000	      1649	800034de	0001	c.addi	x0,0	  x0:0x00000000  x0=0x00000000
       35049000	      1650	800034e0	7da12913	slti	x18,x2,2010	  x2:0x00000002 x18=0x00000001
       35069000	      1651	800034e4	078286e7	jalr	x13,120(x5)	  x5:0x80008517 x13=0x800034e8
       35609000	      1678	8000858e	e119	c.bnez	x10,80008594	 x10:0x0ffffffc
       36389000	      1717	80008594	15d1	c.addi	x11,-12	 x11:0x80021e64 x11=0x80021e58
       36469000	      1721	80008596	34007273	csrrci	x4,mscratch,0	  x4=0x00007000
       36489000	      1722	8000859a	084e	c.slli	x16,0x13	 x16:0xffe18a9b x16=0x54d80000
       36549000	      1725	8000859c	c1d4	c.sw	x13,4(x11)	 x11:0x80021e58 x13:0x800034e8 PA:0x80021e5c store:0x800034e8 load:0xffffffff
       37289000	      1762	8000859e	03164233	div	x4,x12,x17	 x12:0x00000009 x17:0x00000012  x4=0x00000000
       37329000	      1764	800085a2	02c42133	mulhsu	x2,x8,x12	  x8:0x70444004 x12:0x00000009  x2=0x00000003
       37349000	      1765	800085a6	41568c33	sub	x24,x13,x21	 x13:0x800034e8 x21:0x00007000 x24=0x7fffc4e8
       37369000	      1766	800085aa	046bc413	xori	x8,x23,70	 x23:0x0f3ab26a  x8=0x0f3ab22c
       37389000	      1767	800085ae	022e9663	bne	x29,x2,800085da	 x29:0x00000000  x2:0x00000003
       37669000	      1781	800085da	832d	c.srli	x14,0xb	 x14:0x000002d2 x14=0x00000000
       37869000	      1791	800085dc	03ca8db3	mul	x27,x21,x28	 x21:0x00007000 x28:0x00000000 x27=0x00000000
       37889000	      1792	800085e0	00a70d63	beq	x14,x10,800085fa	 x14:0x00000000 x10:0x0ffffffc
       38249000	      1810	800085e4	012553b3	srl	x7,x10,x18	 x10:0x0ffffffc x18:0x00000001  x7=0x07fffffe
       38669000	      1831	800085e8	0ff0000f	fence	iorw,iorw	
       39009000	      1848	800085ec	01ba3a33	sltu	x20,x20,x27	 x20:0xff2df586 x27:0x00000000 x20=0x00000000
       39029000	      1849	800085f0	0000100f	fence.i	
       41809000	      1988	800085f4	0f29	c.addi	x30,10	 x30:0x80000000 x30=0x8000000a
       41829000	      1989	800085f6	340c18f3	csrrw	x17,mscratch,x24	 x24:0x7fffc4e8 x17=0x00007000
       41849000	      1990	800085fa	20ed2413	slti	x8,x26,526	 x26:0x00000000  x8=0x00000001
       42169000	      2006	800085fe	02b1d863	bge	x3,x11,8000862e	  x3:0x00000001 x11:0x80021e58
       43289000	      2062	8000862e	197d	c.addi	x18,-1	 x18:0x00000001 x18=0x00000000
       43389000	      2067	80008630	0001	c.addi	x0,0	  x0:0x00000000  x0=0x00000000
       43449000	      2070	80008632	051b4063	blt	x22,x17,80008672	 x22:0xfa72b098 x17:0x00007000
       43949000	      2095	80008672	008a40b3	xor	x1,x20,x8	 x20:0x00000000  x8:0x00000001  x1=0x00000001
       44129000	      2104	80008676	0ff0000f	fence	iorw,iorw	
       44149000	      2105	8000867a	0096	c.slli	x1,0x5	  x1:0x00000001  x1=0x00000020
       44169000	      2106	8000867c	01c35837	lui	x16,0x1c35	 x16=0x01c35000
       44429000	      2119	80008680	01f2cbb3	xor	x23,x5,x31	  x5:0x80008517 x31:0x80025ce4 x23=0x0002d9f3
       44449000	      2120	80008684	00301413	slli	x8,x0,0x3	  x0:0x00000000  x8=0x00000000
       44469000	      2121	80008688	8972	c.mv	x18,x28	  x0:0x00000000 x28:0x00000000 x18=0x00000000
       44769000	      2136	8000868a	f2816993	ori	x19,x2,-216	  x2:0x00000003 x19=0xffffff2b
       44789000	      2137	8000868e	c139	c.beqz	x10,800086d4	 x10:0x0ffffffc
       45029000	      2149	80008690	611d	c.addi16sp	x2,416	  x2:0x00000003  x2=0x000001a3
       45769000	      2186	80008692	02246c33	rem	x24,x8,x2	  x8:0x00000000  x2:0x000001a3 x24=0x00000000
       45789000	      2187	80008696	34007273	csrrci	x4,mscratch,0	  x4=0x7fffc4e8
       45809000	      2188	8000869a	cf09	c.beqz	x14,800086b4	 x14:0x00000000
       45969000	      2196	800086b4	0001	c.addi	x0,0	  x0:0x00000000  x0=0x00000000
       46089000	      2202	800086b6	0145de13	srli	x28,x11,0x14	 x11:0x80021e58 x28=0x00000800
       46109000	      2203	800086ba	340ba0f3	csrrs	x1,mscratch,x23	 x23:0x0002d9f3  x1=0x7fffc4e8
       46309000	      2213	800086be	01245213	srli	x4,x8,0x12	  x8:0x00000000  x4=0x00000000
       46329000	      2214	800086c2	00e9d893	srli	x17,x19,0xe	 x19:0xffffff2b x17=0x0003ffff
       46349000	      2215	800086c6	0da1cc93	xori	x25,x3,218	  x3:0x00000001 x25=0x000000db
       46449000	      2220	800086ca	03febe33	mulhu	x28,x29,x31	 x29:0x00000000 x31:0x80025ce4 x28=0x00000000
       46469000	      2221	800086ce	0ff0000f	fence	iorw,iorw	
       46489000	      2222	800086d2	1b08	c.addi4spn	x10,x2,432	 x10=0x00000353
       46749000	      2235	800086d4	00de6f63	bltu	x28,x13,800086f2	 x28:0x00000000 x13:0x800034e8
       46869000	      2241	800086f2	015310b3	sll	x1,x6,x21	  x6:0x00000000 x21:0x00007000  x1=0x00000000
       47069000	      2251	800086f6	b161a917	auipc	x18,0xb161a	 x18=0x316226f6
       47089000	      2252	800086fa	01434bb3	xor	x23,x6,x20	  x6:0x00000000 x20:0x00000000 x23=0x00000000
       47109000	      2253	800086fe	92a6	c.add	x5,x9	  x5:0x80008517  x9:0xf0444004  x5=0x7044c51b
       47509000	      2273	80008700	717d	c.addi16sp	x2,-16	  x2:0x000001a3  x2=0x00000193
       47569000	      2276	80008702	02d89db3	mulh	x27,x17,x13	 x17:0x0003ffff x13:0x800034e8 x27=0xfffe0001
       47589000	      2277	80008706	03089a63	bne	x17,x16,8000873a	 x17:0x0003ffff x16:0x01c35000
       48449000	      2320	8000873a	0514	c.addi4spn	x13,x2,640	 x13=0x00000413
       48669000	      2331	8000873c	0001	c.addi	x0,0	  x0:0x00000000  x0=0x00000000
       48689000	      2332	8000873e	8069	c.srli	x8,0x1a	  x8:0x00000000  x8=0x00000000
       49049000	      2350	80008740	e389	c.bnez	x15,80008742	 x15:0x00000000
       49069000	      2351	80008742	340bdf73	csrrwi	x30,mscratch,23	 x30=0x7fffddfb
       49089000	      2352	80008746	340020f3	csrrs	x1,mscratch,x0	  x0:0x00000000  x1=0x00000017
       49109000	      2353	8000874a	0a72	c.slli	x20,0x1c	 x20:0x00000000 x20=0x00000000
       49129000	      2354	8000874c	340ef9f3	csrrci	x19,mscratch,29	 x19=0x00000017
       49149000	      2355	80008750	0ccd	c.addi	x25,19	 x25:0x000000db x25=0x000000ee
       49249000	      2360	80008752	00c28533	add	x10,x5,x12	  x5:0x7044c51b x12:0x00000009 x10=0x7044c524
       49269000	      2361	80008756	c27b5f37	lui	x30,0xc27b5	 x30=0xc27b5000
       49289000	      2362	8000875a	1014	c.addi4spn	x13,x2,32	 x13=0x000001b3
       49549000	      2375	8000875c	340670f3	csrrci	x1,mscratch,12	  x1=0x00000002
       49569000	      2376	80008760	b9bc7913	andi	x18,x24,-1125	 x24:0x00000000 x18=0x00000000
       49629000	      2379	80008764	01ac51b3	srl	x3,x24,x26	 x24:0x00000000 x26:0x00000000  x3=0x00000000
       49809000	      2388	80008768	802d	c.srli	x8,0xb	  x8:0x00000000  x8=0x00000000
       49829000	      2389	8000876a	02bd8533	mul	x10,x27,x11	 x27:0xfffe0001 x11:0x80021e58 x10=0x43521e58
       49849000	      2390	8000876e	006b91b3	sll	x3,x23,x6	 x23:0x00000000  x6:0x00000000  x3=0x00000000
       49989000	      2397	80008772	0236ba33	mulhu	x20,x13,x3	 x13:0x000001b3  x3:0x00000000 x20=0x00000000
       50009000	      2398	80008776	0067d113	srli	x2,x15,0x6	 x15:0x00000000  x2=0x00000000
       50029000	      2399	8000877a	00a1b133	sltu	x2,x3,x10	  x3:0x00000000 x10:0x43521e58  x2=0x00000001
       50049000	      2400	8000877e	8c31	c.xor	x8,x12	  x8:0x00000000 x12:0x00000009  x8=0x00000009
       50069000	      2401	80008780	34007b73	csrrci	x22,mscratch,0	 x22=0x00000002
       50089000	      2402	80008784	006f1ab3	sll	x21,x30,x6	 x30:0xc27b5000  x6:0x00000000 x21=0xc27b5000
       50289000	      2412	80008788	0310	c.addi4spn	x12,x2,384	 x12=0x00000181
       50309000	      2413	8000878a	0731	c.addi	x14,12	 x14:0x00000000 x14=0x0000000c
       50469000	      2421	8000878c	ff228493	addi	x9,x5,-14	  x5:0x7044c51b  x9=0x7044c50d
       50489000	      2422	80008790	0001	c.addi	x0,0	  x0:0x00000000  x0=0x00000000
       50509000	      2423	80008792	340d6773	csrrsi	x14,mscratch,26	 x14=0x00000002
       50669000	      2431	80008796	41a55793	srai	x15,x10,0x1a	 x10:0x43521e58 x15=0x00000010
       50689000	      2432	8000879a	0ff0000f	fence	iorw,iorw	
       50709000	      2433	8000879e	8fa9	c.xor	x15,x10	 x15:0x00000010 x10:0x43521e58 x15=0x43521e48
       50729000	      2434	800087a0	8565	c.srai	x10,0x19	 x10:0x43521e58 x10=0x00000021
       50749000	      2435	800087a2	01d32e13	slti	x28,x6,29	  x6:0x00000000 x28=0x00000001
       50789000	      2437	800087a6	aa373a93	sltiu	x21,x14,-1373	 x14:0x00000002 x21=0x00000001
       50809000	      2438	800087aa	8fa5	c.xor	x15,x9	 x15:0x43521e48  x9:0x7044c50d x15=0x3316db45
       51209000	      2458	800087ac	3403dcf3	csrrwi	x25,mscratch,7	 x25=0x0000001a
       51229000	      2459	800087b0	1afd	c.addi	x21,-1	 x21:0x00000001 x21=0x00000000
       51249000	      2460	800087b2	0001	c.addi	x0,0	  x0:0x00000000  x0=0x00000000
       51269000	      2461	800087b4	e1a93813	sltiu	x16,x18,-486	 x18:0x00000000 x16=0x00000001
       51289000	      2462	800087b8	960b1a97	auipc	x21,0x960b1	 x21=0x160b97b8
       51469000	      2471	800087bc	01744263	blt	x8,x23,800087c0	  x8:0x00000009 x23:0x00000000
       51589000	      2477	800087c0	01f823b3	slt	x7,x16,x31	 x16:0x00000001 x31:0x80025ce4  x7=0x00000000
       51609000	      2478	800087c4	001b8763	beq	x23,x1,800087d2	 x23:0x00000000  x1:0x00000002
       51729000	      2484	800087c8	01629433	sll	x8,x5,x22	  x5:0x7044c51b x22:0x00000002  x8=0xc113146c
       51749000	      2485	800087cc	017582b3	add	x5,x11,x23	 x11:0x80021e58 x23:0x00000000  x5=0x80021e58
       51929000	      2494	800087d0	9142	c.add	x2,x16	  x2:0x00000001 x16:0x00000001  x2=0x00000002
       52249000	      2510	800087d2	340034f3	csrrc	x9,mscratch,x0	  x0:0x00000000  x9=0x00000007
       52269000	      2511	800087d6	b05c0413	addi	x8,x24,-1275	 x24:0x00000000  x8=0xfffffb05
       52289000	      2512	800087da	41b78833	sub	x16,x15,x27	 x15:0x3316db45 x27:0xfffe0001 x16=0x3318db44
       52429000	      2519	800087de	340076f3	csrrci	x13,mscratch,0	 x13=0x00000007
       52449000	      2520	800087e2	c311	c.beqz	x14,800087e6	 x14:0x00000002
       52629000	      2529	800087e4	0e56	c.slli	x28,0x15	 x28:0x00000001 x28=0x00200000
       52689000	      2532	800087e6	0000100f	fence.i	
       53029000	      2549	800087ea	0264fc63	bgeu	x9,x6,80008822	  x9:0x00000007  x6:0x00000000
       53369000	      2566	80008822	0f865717	auipc	x14,0xf865	 x14=0x8f86d822
       53389000	      2567	80008826	e705	c.bnez	x14,8000884e	 x14:0x8f86d822
       54069000	      2601	8000884e	02343833	mulhu	x16,x8,x3	  x8:0xfffffb05  x3:0x00000000 x16=0x00000000
       54809000	      2638	80008852	025ae033	rem	x0,x21,x5	 x21:0x160b97b8  x5:0x80021e58  x0=0x00000000
       54829000	      2639	80008856	0019f533	and	x10,x19,x1	 x19:0x00000017  x1:0x00000002 x10=0x00000002
       54849000	      2640	8000885a	ef01	c.bnez	x14,80008872	 x14:0x8f86d822
       55149000	      2655	80008872	8b2e	c.mv	x22,x11	  x0:0x00000000 x11:0x80021e58 x22=0x80021e58
       55209000	      2658	80008874	00708263	beq	x1,x7,80008878	  x1:0x00000002  x7:0x00000000
       55389000	      2667	80008878	0011fd63	bgeu	x3,x1,80008892	  x3:0x00000000  x1:0x00000002
       55409000	      2668	8000887c	0000100f	fence.i	
       56209000	      2708	80008880	00c0b8b3	sltu	x17,x1,x12	  x1:0x00000002 x12:0x00000181 x17=0x00000001
       56289000	      2712	80008884	8b4a	c.mv	x22,x18	  x0:0x00000000 x18:0x00000000 x22=0x00000000
       56709000	      2733	80008886	01135c93	srli	x25,x6,0x11	  x6:0x00000000 x25=0x00000000
       57029000	      2749	8000888a	01dada93	srli	x21,x21,0x1d	 x21:0x160b97b8 x21=0x00000000
       57109000	      2753	8000888e	03deb233	mulhu	x4,x29,x29	 x29:0x00000000 x29:0x00000000  x4=0x00000000
       57129000	      2754	80008892	8c05	c.sub	x8,x9	  x8:0xfffffb05  x9:0x00000007  x8=0xfffffafe
       57169000	      2756	80008894	72600613	addi	x12,x0,1830	  x0:0x00000000 x12=0x00000726
       57349000	      2765	80008898	977a	c.add	x14,x30	 x14:0x8f86d822 x30:0xc27b5000 x14=0x52022822
       57369000	      2766	8000889a	01eede93	srli	x29,x29,0x1e	 x29:0x00000000 x29=0x00000000
       57569000	      2776	8000889e	0ff0000f	fence	iorw,iorw	
       57589000	      2777	800088a2	89fa	c.mv	x19,x30	  x0:0x00000000 x30:0xc27b5000 x19=0xc27b5000
       57609000	      2778	800088a4	4068d633	sra	x12,x17,x6	 x17:0x00000001  x6:0x00000000 x12=0x00000001
       57629000	      2779	800088a8	e3a1	c.bnez	x15,800088e8	 x15:0x3316db45
       58289000	      2812	800088e8	8c61	c.and	x8,x8	  x8:0xfffffafe  x8:0xfffffafe  x8=0xfffffafe
       58309000	      2813	800088ea	03a3dc63	bge	x7,x26,80008922	  x7:0x00000000 x26:0x00000000
       59009000	      2848	80008922	9a7d	c.andi	x12,-1	 x12:0x00000001 x12=0x00000001
       59209000	      2858	80008924	01bae663	bltu	x21,x27,80008930	 x21:0x00000000 x27:0xfffe0001
       60269000	      2911	80008930	8e99	c.sub	x13,x14	 x13:0x00000007 x14:0x52022822 x13=0xadfdd7e5
       60309000	      2913	80008932	0247ef33	rem	x30,x15,x4	 x15:0x3316db45  x4:0x00000000 x30=0x3316db45
       60329000	      2914	80008936	ef01	c.bnez	x14,8000894e	 x14:0x52022822
       60969000	      2946	8000894e	00d9c9b3	xor	x19,x19,x13	 x19:0xc27b5000 x13:0xadfdd7e5 x19=0x6f8687e5
       60989000	      2947	80008952	8785	c.srai	x15,0x1	 x15:0x3316db45 x15=0x198b6da2
       61149000	      2955	80008954	a1f7e913	ori	x18,x15,-1505	 x15:0x198b6da2 x18=0xffffffbf
       61169000	      2956	80008958	01ea2b33	slt	x22,x20,x30	 x20:0x00000000 x30:0x3316db45 x22=0x00000001
       61189000	      2957	8000895c	02994363	blt	x18,x9,80008982	 x18:0xffffffbf  x9:0x00000007
       61669000	      2981	80008982	0ff0000f	fence	iorw,iorw	
       61689000	      2982	80008986	ce81	c.beqz	x13,8000899e	 x13:0xadfdd7e5
       61809000	      2988	80008988	00629533	sll	x10,x5,x6	  x5:0x80021e58  x6:0x00000000 x10=0x80021e58
       61969000	      2996	8000898c	03ee0563	beq	x28,x30,800089b6	 x28:0x00200000 x30:0x3316db45
       61989000	      2997	80008990	8fa1	c.xor	x15,x8	 x15:0x198b6da2  x8:0xfffffafe x15=0xe674975c
       62409000	      3018	80008992	0333e763	bltu	x7,x19,800089c0	  x7:0x00000000 x19:0x6f8687e5
       62689000	      3032	800089c0	00719833	sll	x16,x3,x7	  x3:0x00000000  x7:0x00000000 x16=0x00000000
       62709000	      3033	800089c4	01f87bb3	and	x23,x16,x31	 x16:0x00000000 x31:0x80025ce4 x23=0x00000000
       62789000	      3037	800089c8	9b7d	c.andi	x14,-1	 x14:0x52022822 x14=0x52022822
       62809000	      3038	800089ca	3400d173	csrrwi	x2,mscratch,1	  x2=0x00000007
       62909000	      3043	800089ce	34081b73	csrrw	x22,mscratch,x16	 x16:0x00000000 x22=0x00000001
       62929000	      3044	800089d2	8f72	c.mv	x30,x28	  x0:0x00000000 x28:0x00200000 x30=0x00200000
       62949000	      3045	800089d4	a84e0493	addi	x9,x28,-1404	 x28:0x00200000  x9=0x001ffa84
       62969000	      3046	800089d8	44dc0713	addi	x14,x24,1101	 x24:0x00000000 x14=0x0000044d
       62989000	      3047	800089dc	f236c513	xori	x10,x13,-221	 x13:0xadfdd7e5 x10=0x520228c6
       63009000	      3048	800089e0	5e7d	c.li	x28,-1	 x28=0xffffffff
       63109000	      3053	800089e2	006cab33	slt	x22,x25,x6	 x25:0x00000000  x6:0x00000000 x22=0x00000000
       63129000	      3054	800089e6	00c34863	blt	x6,x12,800089f6	  x6:0x00000000 x12:0x00000001
       63969000	      3096	800089f6	03010533	mul	x10,x2,x16	  x2:0x00000007 x16:0x00000000 x10=0x00000000
       63989000	      3097	800089fa	005a2233	slt	x4,x20,x5	 x20:0x00000000  x5:0x80021e58  x4=0x00000000
       64009000	      3098	800089fe	8c8d	c.sub	x9,x11	  x9:0x001ffa84 x11:0x80021e58  x9=0x801ddc2c
       64109000	      3103	80008a00	02dcc263	blt	x25,x13,80008a24	 x25:0x00000000 x13:0xadfdd7e5
       64849000	      3140	80008a04	02d5edb3	rem	x27,x11,x13	 x11:0x80021e58 x13:0xadfdd7e5 x27=0xd2044673
       64869000	      3141	80008a08	34002773	csrrs	x14,mscratch,x0	  x0:0x00000000 x14=0x00000000
       64889000	      3142	80008a0c	01e4c663	blt	x9,x30,80008a18	  x9:0x801ddc2c x30:0x00200000
       65089000	      3152	80008a18	4b5e7393	andi	x7,x28,1205	 x28:0xffffffff  x7=0x000004b5
       65109000	      3153	80008a1c	00afddb3	srl	x27,x31,x10	 x31:0x80025ce4 x10:0x00000000 x27=0x80025ce4
       65269000	      3161	80008a20	03b584b3	mul	x9,x11,x27	 x11:0x80021e58 x27:0x80025ce4  x9=0x017aa660
       65369000	      3166	80008a24	1b94	c.addi4spn	x13,x2,496	 x13=0x000001f7
       65789000	      3187	80008a26	3d826993	ori	x19,x4,984	  x4:0x00000000 x19=0x000003d8
       65809000	      3188	80008a2a	c089	c.beqz	x9,80008a2c	  x9:0x017aa660
       65829000	      3189	80008a2c	01018463	beq	x3,x16,80008a34	  x3:0x00000000 x16:0x00000000
       65909000	      3193	80008a34	0fb80013	addi	x0,x16,251	 x16:0x00000000  x0=0x00000000
       66209000	      3208	80008a38	84ad	c.srai	x9,0xb	  x9:0x017aa660  x9=0x00002f54
       66629000	      3229	80008a3a	016bce33	xor	x28,x23,x22	 x23:0x00000000 x22:0x00000000 x28=0x00000000
       67509000	      3273	80008a3e	0296f033	remu	x0,x13,x9	 x13:0x000001f7  x9:0x00002f54  x0=0x00000000
       67549000	      3275	80008a42	03573633	mulhu	x12,x14,x21	 x14:0x00000000 x21:0x00000000 x12=0x00000000
       67569000	      3276	80008a46	0d49	c.addi	x26,18	 x26:0x00000000 x26=0x00000012
       67589000	      3277	80008a48	005f7363	bgeu	x30,x5,80008a4e	 x30:0x00200000  x5:0x80021e58
       67609000	      3278	80008a4c	8e99	c.sub	x13,x14	 x13:0x000001f7 x14:0x00000000 x13=0x000001f7
       67649000	      3280	80008a4e	027b3ab3	mulhu	x21,x22,x7	 x22:0x00000000  x7:0x000004b5 x21=0x00000000
       67669000	      3281	80008a52	0001	c.addi	x0,0	  x0:0x00000000  x0=0x00000000
       67709000	      3283	80008a54	027cbb33	mulhu	x22,x25,x7	 x25:0x00000000  x7:0x000004b5 x22=0x00000000
       68249000	      3310	80008a58	00fb6133	or	x2,x22,x15	 x22:0x00000000 x15:0xe674975c  x2=0xe674975c
       68289000	      3312	80008a5c	0397feb3	remu	x29,x15,x25	 x15:0xe674975c x25:0x00000000 x29=0xe674975c
       68309000	      3313	80008a60	9afd	c.andi	x13,-1	 x13:0x000001f7 x13=0x000001f7
       68389000	      3317	80008a62	40a15813	srai	x16,x2,0xa	  x2:0xe674975c x16=0xfff99d25
       68409000	      3318	80008a66	d6b0b013	sltiu	x0,x1,-661	  x1:0x00000002  x0=0x00000000
       68429000	      3319	80008a6a	000501b3	add	x3,x10,x0	 x10:0x00000000  x0:0x00000000  x3=0x00000000
       68449000	      3320	80008a6e	04f77063	bgeu	x14,x15,80008aae	 x14:0x00000000 x15:0xe674975c
       68469000	      3321	80008a72	e239	c.bnez	x12,80008ab8	 x12:0x00000000
       68889000	      3342	80008a74	036bc233	div	x4,x23,x22	 x23:0x00000000 x22:0x00000000  x4=0xffffffff
       69009000	      3348	80008a78	de652413	slti	x8,x10,-538	 x10:0x00000000  x8=0x00000000
       69229000	      3359	80008a7c	004d1013	slli	x0,x26,0x4	 x26:0x00000012  x0=0x00000000
       69249000	      3360	80008a80	01d01663	bne	x0,x29,80008a8c	  x0:0x00000000 x29:0xe674975c
       69529000	      3374	80008a8c	02dd3eb3	mulhu	x29,x26,x13	 x26:0x00000012 x13:0x000001f7 x29=0x00000000
       69549000	      3375	80008a90	0001	c.addi	x0,0	  x0:0x00000000  x0=0x00000000
       69729000	      3384	80008a92	270ba713	slti	x14,x23,624	 x23:0x00000000 x14=0x00000001
       70069000	      3401	80008a96	05db7363	bgeu	x22,x29,80008adc	 x22:0x00000000 x29:0x00000000
       70909000	      3443	80008adc	01d15413	srli	x8,x2,0x1d	  x2:0xe674975c  x8=0x00000007
       70949000	      3445	80008ae0	86c2	c.mv	x13,x16	  x0:0x00000000 x16:0xfff99d25 x13=0xfff99d25
       71029000	      3449	80008ae2	023eddb3	divu	x27,x29,x3	 x29:0x00000000  x3:0x00000000 x27=0xffffffff
       71069000	      3451	80008ae6	02789d33	mulh	x26,x17,x7	 x17:0x00000001  x7:0x000004b5 x26=0x00000000
       71089000	      3452	80008aea	011e1233	sll	x4,x28,x17	 x28:0x00000000 x17:0x00000001  x4=0x00000000
       71389000	      3467	80008aee	030421b3	mulhsu	x3,x8,x16	  x8:0x00000007 x16:0xfff99d25  x3=0x00000006
       81569000	      3976	80008af2	030250b3	divu	x1,x4,x16	  x4:0x00000000 x16:0xfff99d25  x1=0x00000000
       81589000	      3977	80008af6	116c6e93	ori	x29,x24,278	 x24:0x00000000 x29=0x00000116
       81609000	      3978	80008afa	0c4a	c.slli	x24,0x12	 x24:0x00000000 x24=0x00000000
       81629000	      3979	80008afc	823d	c.srli	x12,0xf	 x12:0x00000000 x12=0x00000000
       81649000	      3980	80008afe	01971833	sll	x16,x14,x25	 x14:0x00000001 x25:0x00000000 x16=0x00000001
       81669000	      3981	80008b02	00b37933	and	x18,x6,x11	  x6:0x00000000 x11:0x80021e58 x18=0x00000000
       81689000	      3982	80008b06	0001	c.addi	x0,0	  x0:0x00000000  x0=0x00000000
       81709000	      3983	80008b08	4d1d	c.li	x26,7	 x26=0x00000007
       81749000	      3985	80008b0a	039c53b3	divu	x7,x24,x25	 x24:0x00000000 x25:0x00000000  x7=0xffffffff
       81769000	      3986	80008b0e	41b2dbb3	sra	x23,x5,x27	  x5:0x80021e58 x27:0xffffffff x23=0xffffffff
       81789000	      3987	80008b12	0049dd63	bge	x19,x4,80008b2c	 x19:0x000003d8  x4:0x00000000
       82209000	      4008	80008b2c	0001	c.addi	x0,0	  x0:0x00000000  x0=0x00000000
       82229000	      4009	80008b2e	1cfd	c.addi	x25,-1	 x25:0x00000000 x25=0xffffffff
       82649000	      4030	80008b30	695d	c.lui	x18,0x17	 x18=0x00017000
       82669000	      4031	80008b32	fc036917	auipc	x18,0xfc036	 x18=0x7c03eb32
       82849000	      4040	80008b36	010a6d63	bltu	x20,x16,80008b50	 x20:0x00000000 x16:0x00000001
       83329000	      4064	80008b50	03c52733	mulhsu	x14,x10,x28	 x10:0x00000000 x28:0x00000000 x14=0x00000000
       83349000	      4065	80008b54	00239933	sll	x18,x7,x2	  x7:0xffffffff  x2:0xe674975c x18=0xf0000000
       83369000	      4066	80008b58	e231	c.bnez	x12,80008b9c	 x12:0x00000000
       83389000	      4067	80008b5a	83e5	c.srli	x15,0x19	 x15:0xe674975c x15=0x00000073
       83409000	      4068	80008b5c	030a6b63	bltu	x20,x16,80008b92	 x20:0x00000000 x16:0x00000001
       84049000	      4100	80008b92	00631f13	slli	x30,x6,0x6	  x6:0x00000000 x30=0x00000000
       84209000	      4108	80008b96	2ce6af17	auipc	x30,0x2ce6a	 x30=0xace72b96
       84229000	      4109	80008b9a	c209	c.beqz	x12,80008b9c	 x12:0x00000000
       85169000	      4156	80008b9c	34007573	csrrci	x10,mscratch,0	 x10=0x00000000
       85449000	      4170	80008ba0	f0d1a113	slti	x2,x3,-243	  x3:0x00000006  x2=0x00000000
       85669000	      4181	80008ba4	9b7d	c.andi	x14,-1	 x14:0x00000000 x14=0x00000000
       85709000	      4183	80008ba6	0382c833	div	x16,x5,x24	  x5:0x80021e58 x24:0x00000000 x16=0xffffffff
       85769000	      4186	80008baa	0000100f	fence.i	
       86309000	      4213	80008bae	02909363	bne	x1,x9,80008bd4	  x1:0x00000000  x9:0x00002f54
       86829000	      4239	80008bd4	411d5a93	srai	x21,x26,0x11	 x26:0x00000007 x21=0x00000000
       87029000	      4249	80008bd8	001f9e93	slli	x29,x31,0x1	 x31:0x80025ce4 x29=0x0004b9c8
       87909000	      4293	80008bdc	03d15ab3	divu	x21,x2,x29	  x2:0x00000000 x29:0x0004b9c8 x21=0x00000000
       87929000	      4294	80008be0	0267cb63	blt	x15,x6,80008c16	 x15:0x00000073  x6:0x00000000
       87949000	      4295	80008be4	8f85	c.sub	x15,x9	 x15:0x00000073  x9:0x00002f54 x15=0xffffd11f
       87969000	      4296	80008be6	40fcdab3	sra	x21,x25,x15	 x25:0xffffffff x15:0xffffd11f x21=0xffffffff
       87989000	      4297	80008bea	0001	c.addi	x0,0	  x0:0x00000000  x0=0x00000000
       88009000	      4298	80008bec	0a88	c.addi4spn	x10,x2,336	 x10=0x00000150
       88029000	      4299	80008bee	00769363	bne	x13,x7,80008bf4	 x13:0xfff99d25  x7:0xffffffff
       88209000	      4308	80008bf4	020761b3	rem	x3,x14,x0	 x14:0x00000000  x0:0x00000000  x3=0x00000000
       89089000	      4352	80008bf8	035160b3	rem	x1,x2,x21	  x2:0x00000000 x21:0xffffffff  x1=0x00000000
       89109000	      4353	80008bfc	8c85	c.sub	x9,x9	  x9:0x00002f54  x9:0x00002f54  x9=0x00000000
       89129000	      4354	80008bfe	84b1	c.srai	x9,0xc	  x9:0x00000000  x9=0x00000000
       89149000	      4355	80008c00	8621	c.srai	x12,0x8	 x12:0x00000000 x12=0x00000000
       89169000	      4356	80008c02	766df093	andi	x1,x27,1894	 x27:0xffffffff  x1=0x00000766
       89189000	      4357	80008c06	0001	c.addi	x0,0	  x0:0x00000000  x0=0x00000000
       89209000	      4358	80008c08	14677693	andi	x13,x14,326	 x14:0x00000000 x13=0x00000000
       89229000	      4359	80008c0c	8549	c.srai	x10,0x12	 x10:0x00000150 x10=0x00000000
       89529000	      4374	80008c0e	08dd2693	slti	x13,x26,141	 x26:0x00000007 x13=0x00000001
       89569000	      4376	80008c12	410d0833	sub	x16,x26,x16	 x26:0x00000007 x16:0xffffffff x16=0x00000008
       89589000	      4377	80008c16	92ae	c.add	x5,x11	  x5:0x80021e58 x11:0x80021e58  x5=0x00043cb0
       89629000	      4379	80008c18	1b7d	c.addi	x22,-1	 x22:0x00000000 x22=0xffffffff
       89649000	      4380	80008c1a	892e	c.mv	x18,x11	  x0:0x00000000 x11:0x80021e58 x18=0x80021e58
       89689000	      4382	80008c1c	8c55	c.or	x8,x13	  x8:0x00000007 x13:0x00000001  x8=0x00000007
       90009000	      4398	80008c1e	0000100f	fence.i	
       91089000	      4452	80008c22	1a697917	auipc	x18,0x1a697	 x18=0x9a69fc22
       91209000	      4458	80008c26	340023f3	csrrs	x7,mscratch,x0	  x0:0x00000000  x7=0x00000000
       91229000	      4459	80008c2a	11fd	c.addi	x3,-1	  x3:0x00000000  x3=0xffffffff
       91389000	      4467	80008c2c	bb622f13	slti	x30,x4,-1098	  x4:0x00000000 x30=0x00000000
       91809000	      4488	80008c30	8cf9	c.and	x9,x14	  x9:0x00000000 x14:0x00000000  x9=0x00000000
       92229000	      4509	80008c32	d56961b7	lui	x3,0xd5696	  x3=0xd5696000
       92489000	      4522	80008c36	03088cb3	mul	x25,x17,x16	 x17:0x00000001 x16:0x00000008 x25=0x00000008
       92509000	      4523	80008c3a	64d9	c.lui	x9,0x16	  x9=0x00016000
       92529000	      4524	80008c3c	41100cb3	sub	x25,x0,x17	  x0:0x00000000 x17:0x00000001 x25=0xffffffff
       92749000	      4535	80008c40	01e1e1b3	or	x3,x3,x30	  x3:0xd5696000 x30:0x00000000  x3=0xd5696000
       93169000	      4556	80008c44	34006273	csrrsi	x4,mscratch,0	  x4=0x00000000
       93189000	      4557	80008c48	03880163	beq	x16,x24,80008c6a	 x16:0x00000008 x24:0x00000000
       93229000	      4559	80008c4c	001a9d93	slli	x27,x21,0x1	 x21:0xffffffff x27=0xfffffffe
       93289000	      4562	80008c50	01b1d933	srl	x18,x3,x27	  x3:0xd5696000 x27:0xfffffffe x18=0x00000003
       93309000	      4563	80008c54	cb19	c.beqz	x14,80008c6a	 x14:0x00000000
       94189000	      4607	80008c6a	2eee8893	addi	x17,x29,750	 x29:0x0004b9c8 x17=0x0004bcb6
       94309000	      4613	80008c6e	0205c733	div	x14,x11,x0	 x11:0x80021e58  x0:0x00000000 x14=0xffffffff
       94329000	      4614	80008c72	8911	c.andi	x10,4	 x10:0x00000000 x10=0x00000000
       94429000	      4619	80008c74	018dae33	slt	x28,x27,x24	 x27:0xfffffffe x24:0x00000000 x28=0x00000001
       94449000	      4620	80008c78	ee85	c.bnez	x13,80008cb0	 x13:0x00000001
       94789000	      4637	80008cb0	00f58433	add	x8,x11,x15	 x11:0x80021e58 x15:0xffffd11f  x8=0x8001ef77
       95209000	      4658	80008cb4	01c5c1b3	xor	x3,x11,x28	 x11:0x80021e58 x28:0x00000001  x3=0x80021e59
       95229000	      4659	80008cb8	717d	c.addi16sp	x2,-16	  x2:0x00000000  x2=0xfffffff0
       95249000	      4660	80008cba	0ff0000f	fence	iorw,iorw	
       95269000	      4661	80008cbe	080f8793	addi	x15,x31,128	 x31:0x80025ce4 x15=0x80025d64
       95289000	      4662	80008cc2	a5a5c017	auipc	x0,0xa5a5c	  x0=0x00000000
       95429000	      4669	80008cc6	34003a73	csrrc	x20,mscratch,x0	  x0:0x00000000 x20=0x00000000
       95449000	      4670	80008cca	0194	c.addi4spn	x13,x2,192	 x13=0x000000b0
       95469000	      4671	80008ccc	0100a1b3	slt	x3,x1,x16	  x1:0x00000766 x16:0x00000008  x3=0x00000000
       95489000	      4672	80008cd0	1480	c.addi4spn	x8,x2,608	  x8=0x00000250
       95509000	      4673	80008cd2	40870a33	sub	x20,x14,x8	 x14:0xffffffff  x8:0x00000250 x20=0xfffffdaf
       95529000	      4674	80008cd6	1d08	c.addi4spn	x10,x2,688	 x10=0x000002a0
       95549000	      4675	80008cd8	c789	c.beqz	x15,80008ce2	 x15:0x80025d64
       95589000	      4677	80008cda	0359b7b3	mulhu	x15,x19,x21	 x19:0x000003d8 x21:0xffffffff x15=0x000003d7
       95609000	      4678	80008cde	34006ef3	csrrsi	x29,mscratch,0	 x29=0x00000000
       95629000	      4679	80008ce2	8926	c.mv	x18,x9	  x0:0x00000000  x9:0x00016000 x18=0x00016000
       95649000	      4680	80008ce4	0001	c.addi	x0,0	  x0:0x00000000  x0=0x00000000
       95669000	      4681	80008ce6	40518a33	sub	x20,x3,x5	  x3:0x00000000  x5:0x00043cb0 x20=0xfffbc350
       95709000	      4683	80008cea	03ddea33	rem	x20,x27,x29	 x27:0xfffffffe x29:0x00000000 x20=0xfffffffe
       95949000	      4695	80008cee	005e4933	xor	x18,x28,x5	 x28:0x00000001  x5:0x00043cb0 x18=0x00043cb1
       95969000	      4696	80008cf2	0171b3b3	sltu	x7,x3,x23	  x3:0x00000000 x23:0xffffffff  x7=0x00000001
       95989000	      4697	80008cf6	60f60a13	addi	x20,x12,1551	 x12:0x00000000 x20=0x0000060f
       96009000	      4698	80008cfa	00f8e463	bltu	x17,x15,80008d02	 x17:0x0004bcb6 x15:0x000003d7
       96029000	      4699	80008cfe	404a5833	sra	x16,x20,x4	 x20:0x0000060f  x4:0x00000000 x16=0x0000060f
       96509000	      4723	80008d02	02999563	bne	x19,x9,80008d2c	 x19:0x000003d8  x9:0x00016000
       97549000	      4775	80008d2c	fcc49517	auipc	x10,0xfcc49	 x10=0x7cc51d2c
       97989000	      4797	80008d30	81f6	c.mv	x3,x29	  x0:0x00000000 x29:0x00000000  x3=0x00000000
       98349000	      4815	80008d32	01468663	beq	x13,x20,80008d3e	 x13:0x000000b0 x20:0x0000060f
       98369000	      4816	80008d36	8ca5	c.xor	x9,x9	  x9:0x00016000  x9:0x00016000  x9=0x00000000
       98709000	      4833	80008d38	8851	c.andi	x8,20	  x8:0x00000250  x8=0x00000010
       98729000	      4834	80008d3a	00789713	slli	x14,x17,0x7	 x17:0x0004bcb6 x14=0x025e5b00
       98749000	      4835	80008d3e	6b15	c.lui	x22,0x5	 x22=0x00005000
       98769000	      4836	80008d40	597d	c.li	x18,-1	 x18=0xffffffff
       98809000	      4838	80008d42	02149f33	mulh	x30,x9,x1	  x9:0x00000000  x1:0x00000766 x30=0x00000000
       98909000	      4843	80008d46	02f10963	beq	x2,x15,80008d78	  x2:0xfffffff0 x15:0x000003d7
       98929000	      4844	80008d4a	815d	c.srli	x10,0x17	 x10:0x7cc51d2c x10=0x000000f9
       99029000	      4849	80008d4c	13012693	slti	x13,x2,304	  x2:0xfffffff0 x13=0x00000001
       99049000	      4850	80008d50	0639be93	sltiu	x29,x19,99	 x19:0x000003d8 x29=0x00000000
       99069000	      4851	80008d54	01f98463	beq	x19,x31,80008d5c	 x19:0x000003d8 x31:0x80025ce4
       99089000	      4852	80008d58	012323b3	slt	x7,x6,x18	  x6:0x00000000 x18:0xffffffff  x7=0x00000000
       99109000	      4853	80008d5c	5c7d	c.li	x24,-1	 x24=0xffffffff
       99129000	      4854	80008d5e	8531	c.srai	x10,0xc	 x10:0x000000f9 x10=0x00000000
       99169000	      4856	80008d60	cffae113	ori	x2,x21,-769	 x21:0xffffffff  x2=0xffffffff
       99589000	      4877	80008d64	6d9c8193	addi	x3,x25,1753	 x25:0xffffffff  x3=0x000006d8
       99609000	      4878	80008d68	07589363	bne	x17,x21,80008dce	 x17:0x0004bcb6 x21:0xffffffff
      100049000	      4900	80008dce	004feb33	or	x22,x31,x4	 x31:0x80025ce4  x4:0x00000000 x22=0x80025ce4
      100249000	      4910	80008dd2	01c444b3	xor	x9,x8,x28	  x8:0x00000010 x28:0x00000001  x9=0x00000011
      100269000	      4911	80008dd6	cc81	c.beqz	x9,80008dee	  x9:0x00000011
      100289000	      4912	80008dd8	73ae54b7	lui	x9,0x73ae5	  x9=0x73ae5000
      100309000	      4913	80008ddc	020c0bb3	mul	x23,x24,x0	 x24:0xffffffff  x0:0x00000000 x23=0x00000000
      100329000	      4914	80008de0	1a10	c.addi4spn	x12,x2,304	 x12=0x0000012f
      100569000	      4926	80008de2	0078b3b3	sltu	x7,x17,x7	 x17:0x0004bcb6  x7:0x00000000  x7=0x00000000
      100609000	      4928	80008de6	0271d733	divu	x14,x3,x7	  x3:0x000006d8  x7:0x00000000 x14=0xffffffff
      100629000	      4929	80008dea	0ff0000f	fence	iorw,iorw	
      100909000	      4943	80008dee	34043f73	csrrc	x30,mscratch,x8	  x8:0x00000010 x30=0x00000000
      100929000	      4944	80008df2	717d	c.addi16sp	x2,-16	  x2:0xffffffff  x2=0xffffffef
      100989000	      4947	80008df4	cc18e213	ori	x4,x17,-831	 x17:0x0004bcb6  x4=0xfffffcf7
      101009000	      4948	80008df8	fa92a513	slti	x10,x5,-87	  x5:0x00043cb0 x10=0x00000000
      101109000	      4953	80008dfc	40c952b3	sra	x5,x18,x12	 x18:0xffffffff x12:0x0000012f  x5=0xffffffff
      101309000	      4963	80008e00	c39d	c.beqz	x15,80008e26	 x15:0x000003d7
      101329000	      4964	80008e02	8aad	c.andi	x13,11	 x13:0x00000001 x13=0x00000001
      101489000	      4972	80008e04	8715	c.srai	x14,0x5	 x14:0xffffffff x14=0xffffffff
      101509000	      4973	80008e06	717d	c.addi16sp	x2,-16	  x2:0xffffffef  x2=0xffffffdf
      102249000	      5010	80008e08	039ce1b3	rem	x3,x25,x25	 x25:0xffffffff x25:0xffffffff  x3=0x00000000
      102269000	      5011	80008e0c	019a9b93	slli	x23,x21,0x19	 x21:0xffffffff x23=0xfe000000
      102289000	      5012	80008e10	340f9773	csrrw	x14,mscratch,x31	 x31:0x80025ce4 x14=0x00000000
      102309000	      5013	80008e14	8c6d	c.and	x8,x11	  x8:0x00000010 x11:0x80021e58  x8=0x00000010
      102329000	      5014	80008e16	035f8e33	mul	x28,x31,x21	 x31:0x80025ce4 x21:0xffffffff x28=0x7ffda31c
      102349000	      5015	80008e1a	e681	c.bnez	x13,80008e22	 x13:0x00000001
      102849000	      5040	80008e22	0aad2b93	slti	x23,x26,170	 x26:0x00000007 x23=0x00000001
      103269000	      5061	80008e26	01a75033	srl	x0,x14,x26	 x14:0x00000000 x26:0x00000007  x0=0x00000000
      104009000	      5098	80008e2a	02b4f433	remu	x8,x9,x11	  x9:0x73ae5000 x11:0x80021e58  x8=0x73ae5000
      104029000	      5099	80008e2e	01f8da13	srli	x20,x17,0x1f	 x17:0x0004bcb6 x20=0x00000000
      104049000	      5100	80008e32	825db493	sltiu	x9,x27,-2011	 x27:0xfffffffe  x9=0x00000000
      104069000	      5101	80008e36	405603b3	sub	x7,x12,x5	 x12:0x0000012f  x5:0xffffffff  x7=0x00000130
      104089000	      5102	80008e3a	8f9d	c.sub	x15,x15	 x15:0x000003d7 x15:0x000003d7 x15=0x00000000
      104129000	      5104	80008e3c	0288ad33	mulhsu	x26,x17,x8	 x17:0x0004bcb6  x8:0x73ae5000 x26=0x000223ff
      104149000	      5105	80008e40	340a28f3	csrrs	x17,mscratch,x20	 x20:0x00000000 x17=0x80025ce4
      104289000	      5112	80008e44	527d	c.li	x4,-1	  x4=0xffffffff
      104469000	      5121	80008e46	034e6463	bltu	x28,x20,80008e6e	 x28:0x7ffda31c x20:0x00000000
      104489000	      5122	80008e4a	8e25	c.xor	x12,x9	 x12:0x0000012f  x9:0x00000000 x12=0x0000012f
      104509000	      5123	80008e4c	0480	c.addi4spn	x8,x2,576	  x8=0x0000021f
      104529000	      5124	80008e4e	40f49c37	lui	x24,0x40f49	 x24=0x40f49000
      104549000	      5125	80008e52	84b6	c.mv	x9,x13	  x0:0x00000000 x13:0x00000001  x9=0x00000001
      104589000	      5127	80008e54	02a55d33	divu	x26,x10,x10	 x10:0x00000000 x10:0x00000000 x26=0xffffffff
      104609000	      5128	80008e58	0058d563	bge	x17,x5,80008e62	 x17:0x80025ce4  x5:0xffffffff
      104629000	      5129	80008e5c	717d	c.addi16sp	x2,-16	  x2:0xffffffdf  x2=0xffffffcf
      104649000	      5130	80008e5e	577d	c.li	x14,-1	 x14=0xffffffff
      104669000	      5131	80008e60	88f5	c.andi	x9,29	  x9:0x00000001  x9=0x00000001
      104749000	      5135	80008e62	340078f3	csrrci	x17,mscratch,0	 x17=0x80025ce4
      104769000	      5136	80008e66	717d	c.addi16sp	x2,-16	  x2:0xffffffcf  x2=0xffffffbf
      104789000	      5137	80008e68	8f59	c.or	x14,x14	 x14:0xffffffff x14:0xffffffff x14=0xffffffff
      105049000	      5150	80008e6a	340f7c73	csrrci	x24,mscratch,30	 x24=0x80025ce4
      105169000	      5156	80008e6e	02d419b3	mulh	x19,x8,x13	  x8:0x0000021f x13:0x00000001 x19=0x00000000
      105189000	      5157	80008e72	0001	c.addi	x0,0	  x0:0x00000000  x0=0x00000000
      105569000	      5176	80008e74	0001	c.addi	x0,0	  x0:0x00000000  x0=0x00000000
      105589000	      5177	80008e76	3aa3b513	sltiu	x10,x7,938	  x7:0x00000130 x10=0x00000001
      105949000	      5195	80008e7a	54a942b7	lui	x5,0x54a94	  x5=0x54a94000
      106349000	      5215	80008e7e	0ff0000f	fence	iorw,iorw	
      106369000	      5216	80008e82	02c29263	bne	x5,x12,80008ea6	  x5:0x54a94000 x12:0x0000012f
      107249000	      5260	80008ea6	0001	c.addi	x0,0	  x0:0x00000000  x0=0x00000000
      107289000	      5262	80008ea8	01806933	or	x18,x0,x24	  x0:0x00000000 x24:0x80025ce4 x18=0x80025ce4
      107309000	      5263	80008eac	9a3e	c.add	x20,x15	 x20:0x00000000 x15:0x00000000 x20=0x00000000
      107489000	      5272	80008eae	3f3f6813	ori	x16,x30,1011	 x30:0x00000000 x16=0x000003f3
      108649000	      5330	80008eb2	3401d6f3	csrrwi	x13,mscratch,3	 x13=0x80025ce0
      108669000	      5331	80008eb6	02cfdd63	bge	x31,x12,80008ef0	 x31:0x80025ce4 x12:0x0000012f
      108689000	      5332	80008eba	0001	c.addi	x0,0	  x0:0x00000000  x0=0x00000000
      108709000	      5333	80008ebc	7591e813	ori	x16,x3,1881	  x3:0x00000000 x16=0x00000759
      108729000	      5334	80008ec0	340bd3f3	csrrwi	x7,mscratch,23	  x7=0x00000003
      108749000	      5335	80008ec4	4e4afe93	andi	x29,x21,1252	 x21:0xffffffff x29=0x000004e4
      108869000	      5341	80008ec8	0b00	c.addi4spn	x8,x2,400	  x8=0x0000014f
      109609000	      5378	80008eca	039e71b3	remu	x3,x28,x25	 x28:0x7ffda31c x25:0xffffffff  x3=0x7ffda31c
      109629000	      5379	80008ece	cb19	c.beqz	x14,80008ee4	 x14:0xffffffff
      109649000	      5380	80008ed0	00ae0c63	beq	x28,x10,80008ee8	 x28:0x7ffda31c x10:0x00000001
      109689000	      5382	80008ed4	034db233	mulhu	x4,x27,x20	 x27:0xfffffffe x20:0x00000000  x4=0x00000000
      109709000	      5383	80008ed8	e399	c.bnez	x15,80008ede	 x15:0x00000000
      109729000	      5384	80008eda	41d5d793	srai	x15,x11,0x1d	 x11:0x80021e58 x15=0xfffffffc
      109749000	      5385	80008ede	1dfd	c.addi	x27,-1	 x27:0xfffffffe x27=0xfffffffd
      109769000	      5386	80008ee0	34069273	csrrw	x4,mscratch,x13	 x13:0x80025ce0  x4=0x00000017
      109809000	      5388	80008ee4	020c7833	remu	x16,x24,x0	 x24:0x80025ce4  x0:0x00000000 x16=0x80025ce4
      109829000	      5389	80008ee8	1bfd	c.addi	x23,-1	 x23:0x00000001 x23=0x00000000
      109849000	      5390	80008eea	0001	c.addi	x0,0	  x0:0x00000000  x0=0x00000000
      110009000	      5398	80008eec	00c21293	slli	x5,x4,0xc	  x4:0x00000017  x5=0x00017000
      110029000	      5399	80008ef0	8e51	c.or	x12,x12	 x12:0x0000012f x12:0x0000012f x12=0x0000012f
      110109000	      5403	80008ef2	0ff0000f	fence	iorw,iorw	
      110129000	      5404	80008ef6	867d	c.srai	x12,0x1f	 x12:0x0000012f x12=0x00000000
      110149000	      5405	80008ef8	6169	c.addi16sp	x2,208	  x2:0xffffffbf  x2=0x0000008f
      110169000	      5406	80008efa	60a5	c.lui	x1,0x9	  x1=0x00009000
      110549000	      5425	80008efc	340cd573	csrrwi	x10,mscratch,25	 x10=0x80025ce0
      110629000	      5429	80008f00	527d	c.li	x4,-1	  x4=0xffffffff
      110769000	      5436	80008f02	00478d33	add	x26,x15,x4	 x15:0xfffffffc  x4:0xffffffff x26=0xfffffffb
      110789000	      5437	80008f06	9f3e	c.add	x30,x15	 x30:0x00000000 x15:0xfffffffc x30=0xfffffffc
      110809000	      5438	80008f08	41a80033	sub	x0,x16,x26	 x16:0x80025ce4 x26:0xfffffffb  x0=0x00000000
      110969000	      5446	80008f0c	45306213	ori	x4,x0,1107	  x0:0x00000000  x4=0x00000453
      110989000	      5447	80008f10	6e55	c.lui	x28,0x15	 x28=0x00015000
      111029000	      5449	80008f12	03324433	div	x8,x4,x19	  x4:0x00000453 x19:0x00000000  x8=0xffffffff
      111049000	      5450	80008f16	8299	c.srli	x13,0x6	 x13:0x80025ce0 x13=0x02000973
      111069000	      5451	80008f18	00c997b3	sll	x15,x19,x12	 x19:0x00000000 x12:0x00000000 x15=0x00000000
      111089000	      5452	80008f1c	0000100f	fence.i	
      111449000	      5470	80008f20	010492b3	sll	x5,x9,x16	  x9:0x00000001 x16:0x80025ce4  x5=0x00000010
      111589000	      5477	80008f24	418c84b3	sub	x9,x25,x24	 x25:0xffffffff x24:0x80025ce4  x9=0x7ffda31b
      112009000	      5498	80008f28	010a6263	bltu	x20,x16,80008f2c	 x20:0x00000000 x16:0x80025ce4
      112889000	      5542	80008f2c	01af32b3	sltu	x5,x30,x26	 x30:0xfffffffc x26:0xfffffffb  x5=0x00000000
      112989000	      5547	80008f30	40985ab3	sra	x21,x16,x9	 x16:0x80025ce4  x9:0x7ffda31b x21=0xfffffff0
      113009000	      5548	80008f34	c209	c.beqz	x12,80008f36	 x12:0x00000000
      113929000	      5594	80008f36	02bcf563	bgeu	x25,x11,80008f60	 x25:0xffffffff x11:0x80021e58
      114489000	      5622	80008f60	8f6d	c.and	x14,x11	 x14:0xffffffff x11:0x80021e58 x14=0x80021e58
      114509000	      5623	80008f62	017136b3	sltu	x13,x2,x23	  x2:0x0000008f x23:0x00000000 x13=0x00000000
      114609000	      5628	80008f66	03408933	mul	x18,x1,x20	  x1:0x00009000 x20:0x00000000 x18=0x00000000
      115029000	      5649	80008f6a	0ff0000f	fence	iorw,iorw	
      115769000	      5686	80008f6e	03fb4033	div	x0,x22,x31	 x22:0x80025ce4 x31:0x80025ce4  x0=0x00000000
      115789000	      5687	80008f72	f8c1d1b7	lui	x3,0xf8c1d	  x3=0xf8c1d000
      115809000	      5688	80008f76	14bbe393	ori	x7,x23,331	 x23:0x00000000  x7=0x0000014b
      115829000	      5689	80008f7a	50fd	c.li	x1,-1	  x1=0xffffffff
      115849000	      5690	80008f7c	41010d33	sub	x26,x2,x16	  x2:0x0000008f x16:0x80025ce4 x26=0x7ffda3ab
      115869000	      5691	80008f80	0a75	c.addi	x20,29	 x20:0x00000000 x20=0x0000001d
      116009000	      5698	80008f82	5fce0c93	addi	x25,x28,1532	 x28:0x00015000 x25=0x000155fc
      116429000	      5719	80008f86	03625e63	bge	x4,x22,80008fc2	  x4:0x00000453 x22:0x80025ce4
      117569000	      5776	80008fc2	75a0fb93	andi	x23,x1,1882	  x1:0xffffffff x23=0x0000075a
      117989000	      5797	80008fc6	0184dcb3	srl	x25,x9,x24	  x9:0x7ffda31b x24:0x80025ce4 x25=0x07ffda31
      118009000	      5798	80008fca	840d	c.srai	x8,0x3	  x8:0xffffffff  x8=0xffffffff
      118049000	      5800	80008fcc	03d614b3	mulh	x9,x12,x29	 x12:0x00000000 x29:0x000004e4  x9=0x00000000
      118209000	      5808	80008fd0	41bad493	srai	x9,x21,0x1b	 x21:0xfffffff0  x9=0xffffffff
      118229000	      5809	80008fd4	004be9b3	or	x19,x23,x4	 x23:0x0000075a  x4:0x00000453 x19=0x0000075b
      118389000	      5817	80008fd8	00335013	srli	x0,x6,0x3	  x6:0x00000000  x0=0x00000000
      118589000	      5827	80008fdc	41f88033	sub	x0,x17,x31	 x17:0x80025ce4 x31:0x80025ce4  x0=0x00000000
      118629000	      5829	80008fe0	020b43b3	div	x7,x22,x0	 x22:0x80025ce4  x0:0x00000000  x7=0xffffffff
      118689000	      5832	80008fe4	0000100f	fence.i	
      119109000	      5853	80008fe8	3407a973	csrrs	x18,mscratch,x15	 x15:0x00000000 x18=0x00000019
      119269000	      5861	80008fec	c79d	c.beqz	x15,8000901a	 x15:0x00000000
      120249000	      5910	8000901a	03d5deb3	divu	x29,x11,x29	 x11:0x80021e58 x29:0x000004e4 x29=0x001a2c99
      120269000	      5911	8000901e	e955bf13	sltiu	x30,x11,-363	 x11:0x80021e58 x30=0x00000001
      120289000	      5912	80009022	01df1513	slli	x10,x30,0x1d	 x30:0x00000001 x10=0x20000000
      120309000	      5913	80009026	00291663	bne	x18,x2,80009032	 x18:0x00000019  x2:0x0000008f
      120529000	      5924	80009032	8e11	c.sub	x12,x12	 x12:0x00000000 x12:0x00000000 x12=0x00000000
      120949000	      5945	80009034	01b9f563	bgeu	x19,x27,8000903e	 x19:0x0000075b x27:0xfffffffd
      120969000	      5946	80009038	0b62	c.slli	x22,0x18	 x22:0x80025ce4 x22=0xe4000000
      120989000	      5947	8000903a	0000100f	fence.i	
      121809000	      5988	8000903e	023ed733	divu	x14,x29,x3	 x29:0x001a2c99  x3:0xf8c1d000 x14=0x00000000
      121829000	      5989	80009042	340fb1f3	csrrc	x3,mscratch,x31	 x31:0x80025ce4  x3=0x00000019
      121849000	      5990	80009046	0e8e	c.slli	x29,0x3	 x29:0x001a2c99 x29=0x00d164c8
      121869000	      5991	80009048	013fbdb3	sltu	x27,x31,x19	 x31:0x80025ce4 x19:0x0000075b x27=0x00000000
      121909000	      5993	8000904c	03a91433	mulh	x8,x18,x26	 x18:0x00000019 x26:0x7ffda3ab  x8=0x0000000c
      121929000	      5994	80009050	c9a0b693	sltiu	x13,x1,-870	  x1:0xffffffff x13=0x00000000
      121949000	      5995	80009054	c489	c.beqz	x9,8000905e	  x9:0xffffffff
      122029000	      5999	80009056	4175d093	srai	x1,x11,0x17	 x11:0x80021e58  x1=0xffffff00
      122049000	      6000	8000905a	34006773	csrrsi	x14,mscratch,0	 x14=0x00000019
      123169000	      6056	8000905e	029b67b3	rem	x15,x22,x9	 x22:0xe4000000  x9:0xffffffff x15=0x00000000
      123189000	      6057	80009062	6316c113	xori	x2,x13,1585	 x13:0x00000000  x2=0x00000631
      123929000	      6094	80009066	0243d6b3	divu	x13,x7,x4	  x7:0xffffffff  x4:0x00000453 x13=0x003b3391
      123949000	      6095	8000906a	01805113	srli	x2,x0,0x18	  x0:0x00000000  x2=0x00000000
      123969000	      6096	8000906e	69b1	c.lui	x19,0xc	 x19=0x0000c000
      124009000	      6098	80009070	025e7833	remu	x16,x28,x5	 x28:0x00015000  x5:0x00000000 x16=0x00015000
      124029000	      6099	80009074	8b01	c.andi	x14,0	 x14:0x00000019 x14=0x00000000
      124049000	      6100	80009076	01d134b3	sltu	x9,x2,x29	  x2:0x00000000 x29:0x00d164c8  x9=0x00000001
      124069000	      6101	8000907a	717d	c.addi16sp	x2,-16	  x2:0x00000000  x2=0xfffffff0
      124089000	      6102	8000907c	8ef5	c.and	x13,x13	 x13:0x003b3391 x13:0x003b3391 x13=0x003b3391
      124109000	      6103	8000907e	002b9b13	slli	x22,x23,0x2	 x23:0x0000075a x22=0x00001d68
      124129000	      6104	80009082	ee1d	c.bnez	x12,800090c0	 x12:0x00000000
      124149000	      6105	80009084	010dd433	srl	x8,x27,x16	 x27:0x00000000 x16:0x00015000  x8=0x00000000
      124169000	      6106	80009088	023f0933	mul	x18,x30,x3	 x30:0x00000001  x3:0x00000019 x18=0x00000019
      124189000	      6107	8000908c	340adcf3	csrrwi	x25,mscratch,21	 x25=0x00000019
      124209000	      6108	80009090	02b38663	beq	x7,x11,800090bc	  x7:0xffffffff x11:0x80021e58
      124229000	      6109	80009094	855d	c.srai	x10,0x17	 x10:0x20000000 x10=0x00000040
      124389000	      6117	80009096	00823eb3	sltu	x29,x4,x8	  x4:0x00000453  x8:0x00000000 x29=0x00000000
      124409000	      6118	8000909a	9f58e193	ori	x3,x17,-1547	 x17:0x80025ce4  x3=0xfffffdf5
      124429000	      6119	8000909e	8ade	c.mv	x21,x23	  x0:0x00000000 x23:0x0000075a x21=0x0000075a
      124449000	      6120	800090a0	8489	c.srai	x9,0x2	  x9:0x00000001  x9=0x00000000
      125209000	      6158	800090a2	02234633	div	x12,x6,x2	  x6:0x00000000  x2:0xfffffff0 x12=0x00000000
      125229000	      6159	800090a6	406d0033	sub	x0,x26,x6	 x26:0x7ffda3ab  x6:0x00000000  x0=0x00000000
      125249000	      6160	800090aa	0bfaa413	slti	x8,x21,191	 x21:0x0000075a  x8=0x00000000
      125269000	      6161	800090ae	0001	c.addi	x0,0	  x0:0x00000000  x0=0x00000000
      125289000	      6162	800090b0	00afe633	or	x12,x31,x10	 x31:0x80025ce4 x10:0x00000040 x12=0x80025ce4
      125309000	      6163	800090b4	f3462793	slti	x15,x12,-204	 x12:0x80025ce4 x15=0x00000001
      125329000	      6164	800090b8	046c8263	beq	x25,x6,800090fc	 x25:0x00000019  x6:0x00000000
      125349000	      6165	800090bc	3400a573	csrrs	x10,mscratch,x1	  x1:0xffffff00 x10=0x00000015
      125569000	      6176	800090c0	41acd893	srai	x17,x25,0x1a	 x25:0x00000019 x17=0x00000000
      126009000	      6198	800090c4	02f43133	mulhu	x2,x8,x15	  x8:0x00000000 x15:0x00000001  x2=0x00000000
      126049000	      6200	800090c8	8742	c.mv	x14,x16	  x0:0x00000000 x16:0x00015000 x14=0x00015000
      126069000	      6201	800090ca	8f39	c.xor	x14,x14	 x14:0x00015000 x14:0x00015000 x14=0x00000000
      126129000	      6204	800090cc	43918893	addi	x17,x3,1081	  x3:0xfffffdf5 x17=0x0000022e
      126149000	      6205	800090d0	8d51	c.or	x10,x12	 x10:0x00000015 x12:0x80025ce4 x10=0x80025cf5
      126569000	      6226	800090d2	007a1693	slli	x13,x20,0x7	 x20:0x0000001d x13=0x00000e80
      126589000	      6227	800090d6	340391f3	csrrw	x3,mscratch,x7	  x7:0xffffffff  x3=0xffffff15
      126749000	      6235	800090da	020076b3	remu	x13,x0,x0	  x0:0x00000000  x0:0x00000000 x13=0x00000000
      126769000	      6236	800090de	0a56	c.slli	x20,0x15	 x20:0x0000001d x20=0x03a00000
      126789000	      6237	800090e0	340021f3	csrrs	x3,mscratch,x0	  x0:0x00000000  x3=0xffffffff
      126809000	      6238	800090e4	3406a8f3	csrrs	x17,mscratch,x13	 x13:0x00000000 x17=0xffffffff
      127209000	      6258	800090e8	79410913	addi	x18,x2,1940	  x2:0x00000000 x18=0x00000794
      127229000	      6259	800090ec	41d4d733	sra	x14,x9,x29	  x9:0x00000000 x29:0x00000000 x14=0x00000000
      127389000	      6267	800090f0	340fadf3	csrrs	x27,mscratch,x31	 x31:0x80025ce4 x27=0xffffffff
      127489000	      6272	800090f4	8529	c.srai	x10,0xa	 x10:0x80025cf5 x10=0xffe00097
      127509000	      6273	800090f6	402f3b93	sltiu	x23,x30,1026	 x30:0x00000001 x23=0x00000001
      127529000	      6274	800090fa	88fa	c.mv	x17,x30	  x0:0x00000000 x30:0x00000001 x17=0x00000001
      127549000	      6275	800090fc	40845b13	srai	x22,x8,0x8	  x8:0x00000000 x22=0x00000000
      127569000	      6276	80009100	41fa00b3	sub	x1,x20,x31	 x20:0x03a00000 x31:0x80025ce4  x1=0x839da31c
      127609000	      6278	80009104	40785933	sra	x18,x16,x7	 x16:0x00015000  x7:0xffffffff x18=0x00000000
      127629000	      6279	80009108	34051a73	csrrw	x20,mscratch,x10	 x10:0xffe00097 x20=0xffffffff
      127669000	      6281	8000910c	0ac8e617	auipc	x12,0xac8e	 x12=0x8ac9710c
      127769000	      6286	80009110	035e4563	blt	x28,x21,8000913a	 x28:0x00015000 x21:0x0000075a
      127789000	      6287	80009114	6db90f13	addi	x30,x18,1755	 x18:0x00000000 x30=0x000006db
      127929000	      6294	80009118	41525133	sra	x2,x4,x21	  x4:0x00000453 x21:0x0000075a  x2=0x00000000
      128049000	      6300	8000911c	0001	c.addi	x0,0	  x0:0x00000000  x0=0x00000000
      128069000	      6301	8000911e	9b7d	c.andi	x14,-1	 x14:0x00000000 x14=0x00000000
      128209000	      6308	80009120	0001	c.addi	x0,0	  x0:0x00000000  x0=0x00000000
      128229000	      6309	80009122	017483b3	add	x7,x9,x23	  x9:0x00000000 x23:0x00000001  x7=0x00000001
      128589000	      6327	80009126	340039f3	csrrc	x19,mscratch,x0	  x0:0x00000000 x19=0xffe00097
      128609000	      6328	8000912a	0000100f	fence.i	
      128869000	      6341	8000912e	6dad	c.lui	x27,0xb	 x27=0x0000b000
      128909000	      6343	80009130	40b68633	sub	x12,x13,x11	 x13:0x00000000 x11:0x80021e58 x12=0x7ffde1a8
      128929000	      6344	80009134	01acdd93	srli	x27,x25,0x1a	 x25:0x00000019 x27=0x00000000
      129349000	      6365	80009138	0001	c.addi	x0,0	  x0:0x00000000  x0=0x00000000
      129469000	      6371	8000913a	007956b3	srl	x13,x18,x7	 x18:0x00000000  x7:0x00000001 x13=0x00000000
      129749000	      6385	8000913e	cc123f13	sltiu	x30,x4,-831	  x4:0x00000453 x30=0x00000001
      129949000	      6395	80009142	02409cb3	mulh	x25,x1,x4	  x1:0x839da31c  x4:0x00000453 x25=0xfffffde6
      130349000	      6415	80009146	029f9563	bne	x31,x9,80009170	 x31:0x80025ce4  x9:0x00000000
      130629000	      6429	80009170	41608633	sub	x12,x1,x22	  x1:0x839da31c x22:0x00000000 x12=0x839da31c
      131049000	      6450	80009174	013d6233	or	x4,x26,x19	 x26:0x7ffda3ab x19:0xffe00097  x4=0xfffda3bf
      131069000	      6451	80009178	0ff0000f	fence	iorw,iorw	
      131089000	      6452	8000917c	00d28f63	beq	x5,x13,8000919a	  x5:0x00000000 x13:0x00000000
      131349000	      6465	8000919a	4077d613	srai	x12,x15,0x7	 x15:0x00000001 x12=0x00000000
      131369000	      6466	8000919e	011eaa33	slt	x20,x29,x17	 x29:0x00000000 x17:0x00000001 x20=0x00000001
      131449000	      6470	800091a2	03318433	mul	x8,x3,x19	  x3:0xffffffff x19:0xffe00097  x8=0x001fff69
      131469000	      6471	800091a6	00349c33	sll	x24,x9,x3	  x9:0x00000000  x3:0xffffffff x24=0x00000000
      131489000	      6472	800091aa	1180	c.addi4spn	x8,x2,224	  x8=0x000000e0
      132649000	      6530	800091ac	030c6bb3	rem	x23,x24,x16	 x24:0x00000000 x16:0x00015000 x23=0x00000000
      132669000	      6531	800091b0	40ee56b3	sra	x13,x28,x14	 x28:0x00015000 x14:0x00000000 x13=0x00015000
      132709000	      6533	800091b4	031298b3	mulh	x17,x5,x17	  x5:0x00000000 x17:0x00000001 x17=0x00000000
      132729000	      6534	800091b8	340e56f3	csrrwi	x13,mscratch,28	 x13=0xffe00097
      132749000	      6535	800091bc	00a98463	beq	x19,x10,800091c4	 x19:0xffe00097 x10:0xffe00097
      133249000	      6560	800091c4	03806cb3	rem	x25,x0,x24	  x0:0x00000000 x24:0x00000000 x25=0x00000000
      133269000	      6561	800091c8	04d2	c.slli	x9,0x14	  x9:0x00000000  x9=0x00000000
      133289000	      6562	800091ca	0f61	c.addi	x30,24	 x30:0x00000001 x30=0x00000019
      133349000	      6565	800091cc	015b5d63	bge	x22,x21,800091e6	 x22:0x00000000 x21:0x0000075a
      133369000	      6566	800091d0	8e05	c.sub	x12,x9	 x12:0x00000000  x9:0x00000000 x12=0x00000000
      133729000	      6584	800091d2	01dccb33	xor	x22,x25,x29	 x25:0x00000000 x29:0x00000000 x22=0x00000000
      133749000	      6585	800091d6	004e8c33	add	x24,x29,x4	 x29:0x00000000  x4:0xfffda3bf x24=0xfffda3bf
      133889000	      6592	800091da	340b9173	csrrw	x2,mscratch,x23	 x23:0x00000000  x2=0x0000001c
      133909000	      6593	800091de	00d6b133	sltu	x2,x13,x13	 x13:0xffe00097 x13:0xffe00097  x2=0x00000000
      133929000	      6594	800091e2	93ad2413	slti	x8,x26,-1734	 x26:0x7ffda3ab  x8=0x00000000
      133949000	      6595	800091e6	8fd1	c.or	x15,x12	 x15:0x00000001 x12:0x00000000 x15=0x00000001
      134289000	      6612	800091e8	0001	c.addi	x0,0	  x0:0x00000000  x0=0x00000000
      134409000	      6618	800091ea	02966b63	bltu	x12,x9,80009220	 x12:0x00000000  x9:0x00000000
      134429000	      6619	800091ee	00cb49b3	xor	x19,x22,x12	 x22:0x00000000 x12:0x00000000 x19=0x00000000
      135169000	      6656	800091f2	02fae0b3	rem	x1,x21,x15	 x21:0x0000075a x15:0x00000001  x1=0x00000000
      135189000	      6657	800091f6	03b583b3	mul	x7,x11,x27	 x11:0x80021e58 x27:0x00000000  x7=0x00000000
      135209000	      6658	800091fa	9962	c.add	x18,x24	 x18:0x00000000 x24:0xfffda3bf x18=0xfffda3bf
      135949000	      6695	800091fc	023ae6b3	rem	x13,x21,x3	 x21:0x0000075a  x3:0xffffffff x13=0x00000000
      135969000	      6696	80009200	00580263	beq	x16,x5,80009204	 x16:0x00015000  x5:0x00000000
      135989000	      6697	80009204	02c284b3	mul	x9,x5,x12	  x5:0x00000000 x12:0x00000000  x9=0x00000000
      136009000	      6698	80009208	443ba793	slti	x15,x23,1091	 x23:0x00000000 x15=0x00000001
      136029000	      6699	8000920c	011a5263	bge	x20,x17,80009210	 x20:0x00000001 x17:0x00000000
      136349000	      6715	80009210	0345fe63	bgeu	x11,x20,8000924c	 x11:0x80021e58 x20:0x00000001
      136989000	      6747	8000924c	00c81833	sll	x16,x16,x12	 x16:0x00015000 x12:0x00000000 x16=0x00015000
      137029000	      6749	80009250	34003f73	csrrc	x30,mscratch,x0	  x0:0x00000000 x30=0x00000000
      137049000	      6750	80009254	0031fc33	and	x24,x3,x3	  x3:0xffffffff  x3:0xffffffff x24=0xffffffff
      137069000	      6751	80009258	87ad	c.srai	x15,0xb	 x15:0x00000001 x15=0x00000000
      137089000	      6752	8000925a	01ac2c33	slt	x24,x24,x26	 x24:0xffffffff x26:0x7ffda3ab x24=0x00000001
      137109000	      6753	8000925e	0001	c.addi	x0,0	  x0:0x00000000  x0=0x00000000
      137409000	      6768	80009260	e489	c.bnez	x9,8000926a	  x9:0x00000000
      137429000	      6769	80009262	8fa5	c.xor	x15,x9	 x15:0x00000000  x9:0x00000000 x15=0x00000000
      137449000	      6770	80009264	01dbdb63	bge	x23,x29,8000927a	 x23:0x00000000 x29:0x00000000
      137609000	      6778	8000927a	0338e833	rem	x16,x17,x19	 x17:0x00000000 x19:0x00000000 x16=0x00000000
      137629000	      6779	8000927e	01abd1b3	srl	x3,x23,x26	 x23:0x00000000 x26:0x7ffda3ab  x3=0x00000000
      137649000	      6780	80009282	0000100f	fence.i	
      143149000	      7055	80009286	012dc9b3	xor	x19,x27,x18	 x27:0x00000000 x18:0xfffda3bf x19=0xfffda3bf
      143169000	      7056	8000928a	340fa1f3	csrrs	x3,mscratch,x31	 x31:0x80025ce4  x3=0x00000000
      143309000	      7063	8000928e	02409eb3	mulh	x29,x1,x4	  x1:0x00000000  x4:0xfffda3bf x29=0x00000000
      143329000	      7064	80009292	8969	c.andi	x10,26	 x10:0xffe00097 x10=0x00000012
      143349000	      7065	80009294	0001	c.addi	x0,0	  x0:0x00000000  x0=0x00000000
      143369000	      7066	80009296	0aba	c.slli	x21,0xe	 x21:0x0000075a x21=0x01d68000
      143389000	      7067	80009298	004e6b33	or	x22,x28,x4	 x28:0x00015000  x4:0xfffda3bf x22=0xfffdf3bf
      143409000	      7068	8000929c	03e00db3	mul	x27,x0,x30	  x0:0x00000000 x30:0x00000000 x27=0x00000000
      143549000	      7075	800092a0	8d79	c.and	x10,x14	 x10:0x00000012 x14:0x00000000 x10=0x00000000
      143629000	      7079	800092a2	03e3c533	div	x10,x7,x30	  x7:0x00000000 x30:0x00000000 x10=0xffffffff
      143649000	      7080	800092a6	8c9d	c.sub	x9,x15	  x9:0x00000000 x15:0x00000000  x9=0x00000000
      143669000	      7081	800092a8	01d61463	bne	x12,x29,800092b0	 x12:0x00000000 x29:0x00000000
      144089000	      7102	800092ac	415b5193	srai	x3,x22,0x15	 x22:0xfffdf3bf  x3=0xffffffff
      144109000	      7103	800092b0	0498	c.addi4spn	x14,x2,576	 x14=0x00000240
      144189000	      7107	800092b2	014c2933	slt	x18,x24,x20	 x24:0x00000001 x20:0x00000001 x18=0x00000000
      144209000	      7108	800092b6	defd7393	andi	x7,x26,-529	 x26:0x7ffda3ab  x7=0x7ffda1ab
      144229000	      7109	800092ba	0ff0000f	fence	iorw,iorw	
      144249000	      7110	800092be	0001	c.addi	x0,0	  x0:0x00000000  x0=0x00000000
      144269000	      7111	800092c0	5c7e2793	slti	x15,x28,1479	 x28:0x00015000 x15=0x00000000
      144289000	      7112	800092c4	01f1ec63	bltu	x3,x31,800092dc	  x3:0xffffffff x31:0x80025ce4
      144309000	      7113	800092c8	340069f3	csrrsi	x19,mscratch,0	 x19=0x80025ce4
      144329000	      7114	800092cc	3400a7f3	csrrs	x15,mscratch,x1	  x1:0x00000000 x15=0x80025ce4
      144749000	      7135	800092d0	8c8d	c.sub	x9,x11	  x9:0x00000000 x11:0x80021e58  x9=0x7ffde1a8
      144769000	      7136	800092d2	c1c00793	addi	x15,x0,-996	  x0:0x00000000 x15=0xfffffc1c
      145189000	      7157	800092d6	caae0f17	auipc	x30,0xcaae0	 x30=0x4aae92d6
      145209000	      7158	800092da	8cd9	c.or	x9,x14	  x9:0x7ffde1a8 x14:0x00000240  x9=0x7ffde3e8
      145549000	      7175	800092dc	0c0a	c.slli	x24,0x2	 x24:0x00000001 x24=0x00000004
      145569000	      7176	800092de	6155	c.addi16sp	x2,304	  x2:0x00000000  x2=0x00000130
      146309000	      7213	800092e0	036447b3	div	x15,x8,x22	  x8:0x00000000 x22:0xfffdf3bf x15=0x00000000
      146349000	      7215	800092e4	032114b3	mulh	x9,x2,x18	  x2:0x00000130 x18:0x00000000  x9=0x00000000
      146369000	      7216	800092e8	001b31b3	sltu	x3,x22,x1	 x22:0xfffdf3bf  x1:0x00000000  x3=0x00000000
      146389000	      7217	800092ec	089c	c.addi4spn	x15,x2,80	 x15=0x00000180
      147129000	      7254	800092ee	02bb78b3	remu	x17,x22,x11	 x22:0xfffdf3bf x11:0x80021e58 x17=0x7ffbd567
      147149000	      7255	800092f2	c891	c.beqz	x9,80009306	  x9:0x00000000
      147189000	      7257	80009306	8b79	c.andi	x14,30	 x14:0x00000240 x14=0x00000000
      147609000	      7278	80009308	8051	c.srli	x8,0x14	  x8:0x00000000  x8=0x00000000
      148029000	      7299	8000930a	8e3e7113	andi	x2,x28,-1821	 x28:0x00015000  x2=0x00015000
      148049000	      7300	8000930e	023c6663	bltu	x24,x3,8000933a	 x24:0x00000004  x3:0x00000000
      148069000	      7301	80009312	007e2ab3	slt	x21,x28,x7	 x28:0x00015000  x7:0x7ffda1ab x21=0x00000001
      148309000	      7313	80009316	0ff0000f	fence	iorw,iorw	
      149049000	      7350	8000931a	024eeeb3	rem	x29,x29,x4	 x29:0x00000000  x4:0xfffda3bf x29=0x00000000
      149069000	      7351	8000931e	0125b133	sltu	x2,x11,x18	 x11:0x80021e58 x18:0x00000000  x2=0x00000000
      149809000	      7388	80009322	02be5d33	divu	x26,x28,x11	 x28:0x00015000 x11:0x80021e58 x26=0x00000000
      149829000	      7389	80009326	022af863	bgeu	x21,x2,80009356	 x21:0x00000001  x2:0x00000000
      149909000	      7393	80009356	9a7d	c.andi	x12,-1	 x12:0x00000000 x12=0x00000000
      150349000	      7415	80009358	80c1	c.srli	x9,0x10	  x9:0x00000000  x9=0x00000000
      150369000	      7416	8000935a	014d6c63	bltu	x26,x20,80009372	 x26:0x00000000 x20:0x00000001
      150469000	      7421	80009372	01e3acb3	slt	x25,x7,x30	  x7:0x7ffda1ab x30:0x4aae92d6 x25=0x00000000
      150489000	      7422	80009376	0104d763	bge	x9,x16,80009384	  x9:0x00000000 x16:0x00000000
      151769000	      7486	80009384	c285	c.beqz	x13,800093a4	 x13:0x00000000
      152469000	      7521	800093a4	43192237	lui	x4,0x43192	  x4=0x43192000
      152809000	      7538	800093a8	8d11	c.sub	x10,x12	 x10:0xffffffff x12:0x00000000 x10=0xffffffff
      152829000	      7539	800093aa	01af9263	bne	x31,x26,800093ae	 x31:0x80025ce4 x26:0x00000000
      152909000	      7543	800093ae	e219	c.bnez	x12,800093b4	 x12:0x00000000
      153329000	      7564	800093b0	0ff0000f	fence	iorw,iorw	
      153549000	      7575	800093b4	00a4be33	sltu	x28,x9,x10	  x9:0x00000000 x10:0xffffffff x28=0x00000001
      153569000	      7576	800093b8	0762	c.slli	x14,0x18	 x14:0x00000000 x14=0x00000000
      153609000	      7578	800093ba	0393f833	remu	x16,x7,x25	  x7:0x7ffda1ab x25:0x00000000 x16=0x7ffda1ab
      153649000	      7580	800093be	02d87db3	remu	x27,x16,x13	 x16:0x7ffda1ab x13:0x00000000 x27=0x7ffda1ab
      153669000	      7581	800093c2	04b50063	beq	x10,x11,80009402	 x10:0xffffffff x11:0x80021e58
      154089000	      7602	800093c6	34006a73	csrrsi	x20,mscratch,0	 x20=0x80025ce4
      154109000	      7603	800093ca	41ec0eb3	sub	x29,x24,x30	 x24:0x00000004 x30:0x4aae92d6 x29=0xb5516d2e
      154389000	      7617	800093ce	01151013	slli	x0,x10,0x11	 x10:0xffffffff  x0=0x00000000
      154809000	      7638	800093d2	00520c63	beq	x4,x5,800093ea	  x4:0x43192000  x5:0x00000000
      154829000	      7639	800093d6	0504	c.addi4spn	x9,x2,640	  x9=0x00000280
      154869000	      7641	800093d8	0393c0b3	div	x1,x7,x25	  x7:0x7ffda1ab x25:0x00000000  x1=0xffffffff
      154889000	      7642	800093dc	f5d3e493	ori	x9,x7,-163	  x7:0x7ffda1ab  x9=0xffffffff
      155009000	      7648	800093e0	48e1	c.li	x17,24	 x17=0x00000018
      155029000	      7649	800093e2	ac307513	andi	x10,x0,-1341	  x0:0x00000000 x10=0x00000000
      155049000	      7650	800093e6	001f60b3	or	x1,x30,x1	 x30:0x4aae92d6  x1:0xffffffff  x1=0xffffffff
      155069000	      7651	800093ea	34046e73	csrrsi	x28,mscratch,8	 x28=0x80025ce4
      155089000	      7652	800093ee	ca15	c.beqz	x12,80009422	 x12:0x00000000
      156189000	      7707	80009422	39878c93	addi	x25,x15,920	 x15:0x00000180 x25=0x00000518
      156229000	      7709	80009426	02ccb4b3	mulhu	x9,x25,x12	 x25:0x00000518 x12:0x00000000  x9=0x00000000
      156269000	      7711	8000942a	02ecaf33	mulhsu	x30,x25,x14	 x25:0x00000518 x14:0x00000000 x30=0x00000000
      156349000	      7715	8000942e	03f24563	blt	x4,x31,80009458	  x4:0x43192000 x31:0x80025ce4
      156369000	      7716	80009432	012d	c.addi	x2,11	  x2:0x00000000  x2=0x0000000b
      156389000	      7717	80009434	02dc1563	bne	x24,x13,8000945e	 x24:0x00000004 x13:0x00000000
      156909000	      7743	8000945e	8071	c.srli	x8,0x1c	  x8:0x00000000  x8=0x00000000
      157169000	      7756	80009460	37840517	auipc	x10,0x37840	 x10=0xb7849460
      157209000	      7758	80009464	02ef3eb3	mulhu	x29,x30,x14	 x30:0x00000000 x14:0x00000000 x29=0x00000000
      157569000	      7776	80009468	3407ae73	csrrs	x28,mscratch,x15	 x15:0x00000180 x28=0x80025cec
      157589000	      7777	8000946c	8e15	c.sub	x12,x13	 x12:0x00000000 x13:0x00000000 x12=0x00000000
      157609000	      7778	8000946e	8d1d	c.sub	x10,x15	 x10:0xb7849460 x15:0x00000180 x10=0xb78492e0
      157629000	      7779	80009470	eb1d	c.bnez	x14,800094a6	 x14:0x00000000
      157669000	      7781	80009472	030699b3	mulh	x19,x13,x16	 x13:0x00000000 x16:0x7ffda1ab x19=0x00000000
      157689000	      7782	80009476	848d	c.srai	x9,0x3	  x9:0x00000000  x9=0x00000000
      157709000	      7783	80009478	0000100f	fence.i	
      157969000	      7796	8000947c	00aa1693	slli	x13,x20,0xa	 x20:0x80025ce4 x13=0x09739000
      157989000	      7797	80009480	54d50093	addi	x1,x10,1357	 x10:0xb78492e0  x1=0xb784982d
      158009000	      7798	80009484	8f1d	c.sub	x14,x15	 x14:0x00000000 x15:0x00000180 x14=0xfffffe80
      158329000	      7814	80009486	c5e10b13	addi	x22,x2,-930	  x2:0x0000000b x22=0xfffffc69
      158369000	      7816	8000948a	0378ce63	blt	x17,x23,800094c6	 x17:0x00000018 x23:0x00000000
      158389000	      7817	8000948e	6175	c.addi16sp	x2,368	  x2:0x0000000b  x2=0x0000017b
      158489000	      7822	80009490	037f71b3	remu	x3,x30,x23	 x30:0x00000000 x23:0x00000000  x3=0x00000000
      158529000	      7824	80009494	04ba	c.slli	x9,0xe	  x9:0x00000000  x9=0x00000000
      158789000	      7837	80009496	009c7b63	bgeu	x24,x9,800094ac	 x24:0x00000004  x9:0x00000000
      159069000	      7851	800094ac	0284a033	mulhsu	x0,x9,x8	  x9:0x00000000  x8:0x00000000  x0=0x00000000
      159089000	      7852	800094b0	01a81e63	bne	x16,x26,800094cc	 x16:0x7ffda1ab x26:0x00000000
      159549000	      7875	800094cc	92da	c.add	x5,x22	  x5:0x00000000 x22:0xfffffc69  x5=0xfffffc69
      159609000	      7878	800094ce	01ef7a33	and	x20,x30,x30	 x30:0x00000000 x30:0x00000000 x20=0x00000000
      159629000	      7879	800094d2	66c1	c.lui	x13,0x10	 x13=0x00010000
      159789000	      7887	800094d4	00b2	c.slli	x1,0xc	  x1:0xb784982d  x1=0x4982d000
      159809000	      7888	800094d6	02118663	beq	x3,x1,80009502	  x3:0x00000000  x1:0x4982d000
      159829000	      7889	800094da	e92eae93	slti	x29,x29,-366	 x29:0x00000000 x29=0x00000000
      159889000	      7892	800094de	018d1e63	bne	x26,x24,800094fa	 x26:0x00000000 x24:0x00000004
      159969000	      7896	800094fa	8f29	c.xor	x14,x10	 x14:0xfffffe80 x10:0xb78492e0 x14=0x487b6c60
      160229000	      7909	800094fc	34039273	csrrw	x4,mscratch,x7	  x7:0x7ffda1ab  x4=0x80025dec
      160249000	      7910	80009500	6a15	c.lui	x20,0x5	 x20=0x00005000
      160269000	      7911	80009502	34026df3	csrrsi	x27,mscratch,4	 x27=0x7ffda1ab
      160289000	      7912	80009506	c109	c.beqz	x10,80009508	 x10:0xb78492e0
      160309000	      7913	80009508	0ff0000f	fence	iorw,iorw	
      160329000	      7914	8000950c	0684	c.addi4spn	x9,x2,832	  x9=0x000004bb
      160729000	      7934	8000950e	340076f3	csrrci	x13,mscratch,0	 x13=0x7ffda1af
      160749000	      7935	80009512	e3bdf393	andi	x7,x27,-453	 x27:0x7ffda1ab  x7=0x7ffda02b
      160769000	      7936	80009516	006e1e93	slli	x29,x28,0x6	 x28:0x80025cec x29=0x00973b00
      161069000	      7951	8000951a	027e2833	mulhsu	x16,x28,x7	 x28:0x80025cec  x7:0x7ffda02b x16=0xc0025e5a
      161089000	      7952	8000951e	0ff0000f	fence	iorw,iorw	
      161829000	      7989	80009522	03dee733	rem	x14,x29,x29	 x29:0x00973b00 x29:0x00973b00 x14=0x00000000
      161849000	      7990	80009526	6159	c.addi16sp	x2,400	  x2:0x0000017b  x2=0x0000030b
      161869000	      7991	80009528	00a2f663	bgeu	x5,x10,80009534	  x5:0xfffffc69 x10:0xb78492e0
      162069000	      8001	80009534	03680a33	mul	x20,x16,x22	 x16:0xc0025e5a x22:0xfffffc69 x20=0xb77f4aea
      162089000	      8002	80009538	dc864013	xori	x0,x12,-568	 x12:0x00000000  x0=0x00000000
      162109000	      8003	8000953c	34007f73	csrrci	x30,mscratch,0	 x30=0x7ffda1af
      162529000	      8024	80009540	86a9	c.srai	x13,0xa	 x13:0x7ffda1af x13=0x001fff68
      163669000	      8081	80009542	036e7233	remu	x4,x28,x22	 x28:0x80025cec x22:0xfffffc69  x4=0x80025cec
      163689000	      8082	80009546	005240b3	xor	x1,x4,x5	  x4:0x80025cec  x5:0xfffffc69  x1=0x7ffda085
      163709000	      8083	8000954a	00691db3	sll	x27,x18,x6	 x18:0x00000000  x6:0x00000000 x27=0x00000000
      163729000	      8084	8000954e	03630ab3	mul	x21,x6,x22	  x6:0x00000000 x22:0xfffffc69 x21=0x00000000
      163749000	      8085	80009552	00976833	or	x16,x14,x9	 x14:0x00000000  x9:0x000004bb x16=0x000004bb
      163769000	      8086	80009556	9dd6	c.add	x27,x21	 x27:0x00000000 x21:0x00000000 x27=0x00000000
      163789000	      8087	80009558	c819	c.beqz	x8,8000956e	  x8:0x00000000
      164529000	      8124	8000956e	1988	c.addi4spn	x10,x2,240	 x10=0x000003fb
      164889000	      8142	80009570	01a11c63	bne	x2,x26,80009588	  x2:0x0000030b x26:0x00000000
      165429000	      8169	80009588	96787813	andi	x16,x16,-1689	 x16:0x000004bb x16=0x00000023
      165449000	      8170	8000958c	1a7d	c.addi	x20,-1	 x20:0xb77f4aea x20=0xb77f4ae9
      165569000	      8176	8000958e	340e1cf3	csrrw	x25,mscratch,x28	 x28:0x80025cec x25=0x7ffda1af
      165589000	      8177	80009592	05936693	ori	x13,x6,89	  x6:0x00000000 x13=0x00000059
      165609000	      8178	80009596	f2ac3093	sltiu	x1,x24,-214	 x24:0x00000004  x1=0x00000001
      165849000	      8190	8000959a	3408e9f3	csrrsi	x19,mscratch,17	 x19=0x80025cec
      166009000	      8198	8000959e	01c5a033	slt	x0,x11,x28	 x11:0x80021e58 x28:0x80025cec  x0=0x00000000
      166029000	      8199	800095a2	0dc1	c.addi	x27,16	 x27:0x00000000 x27=0x00000010
      166049000	      8200	800095a4	0177dcb3	srl	x25,x15,x23	 x15:0x00000180 x23:0x00000000 x25=0x00000180
      166069000	      8201	800095a8	01068eb3	add	x29,x13,x16	 x13:0x00000059 x16:0x00000023 x29=0x0000007c
      166089000	      8202	800095ac	c69d	c.beqz	x13,800095da	 x13:0x00000059
      166109000	      8203	800095ae	02464963	blt	x12,x4,800095e0	 x12:0x00000000  x4:0x80025cec
      166229000	      8209	800095b2	01a75f33	srl	x30,x14,x26	 x14:0x00000000 x26:0x00000000 x30=0x00000000
      166449000	      8220	800095b6	1b49b793	sltiu	x15,x19,436	 x19:0x80025cec x15=0x00000000
      166469000	      8221	800095ba	e040f797	auipc	x15,0xe040f	 x15=0x604185ba
      166529000	      8224	800095be	02a09433	mulh	x8,x1,x10	  x1:0x00000001 x10:0x000003fb  x8=0x00000000
      166629000	      8229	800095c2	e3d8ac97	auipc	x25,0xe3d8a	 x25=0x63d935c2
      167369000	      8266	800095c6	03dc61b3	rem	x3,x24,x29	 x24:0x00000004 x29:0x0000007c  x3=0x00000004
      167389000	      8267	800095ca	d0dc7093	andi	x1,x24,-755	 x24:0x00000004  x1=0x00000004
      167409000	      8268	800095ce	340030f3	csrrc	x1,mscratch,x0	  x0:0x00000000  x1=0x80025cfd
      167429000	      8269	800095d2	0001	c.addi	x0,0	  x0:0x00000000  x0=0x00000000
      167509000	      8273	800095d4	8e66	c.mv	x28,x25	  x0:0x00000000 x25:0x63d935c2 x28=0x63d935c2
      167609000	      8278	800095d6	340074f3	csrrci	x9,mscratch,0	  x9=0x80025cfd
      167629000	      8279	800095da	03538763	beq	x7,x21,80009608	  x7:0x7ffda02b x21:0x00000000
      167649000	      8280	800095de	8c25	c.xor	x8,x9	  x8:0x00000000  x9:0x80025cfd  x8=0x80025cfd
      167769000	      8286	800095e0	34041df3	csrrw	x27,mscratch,x8	  x8:0x80025cfd x27=0x80025cfd
      167989000	      8297	800095e4	0374fbb3	remu	x23,x9,x23	  x9:0x80025cfd x23:0x00000000 x23=0x80025cfd
      168729000	      8334	800095e8	02b0d1b3	divu	x3,x1,x11	  x1:0x80025cfd x11:0x80021e58  x3=0x00000001
      168749000	      8335	800095ec	019eccb3	xor	x25,x29,x25	 x29:0x0000007c x25:0x63d935c2 x25=0x63d935be
      168769000	      8336	800095f0	8c31	c.xor	x8,x12	  x8:0x80025cfd x12:0x00000000  x8=0x80025cfd
      168789000	      8337	800095f2	717d	c.addi16sp	x2,-16	  x2:0x0000030b  x2=0x000002fb
      168809000	      8338	800095f4	8f39	c.xor	x14,x14	 x14:0x00000000 x14:0x00000000 x14=0x00000000
      169549000	      8375	800095f6	0341ed33	rem	x26,x3,x20	  x3:0x00000001 x20:0xb77f4ae9 x26=0x00000001
      169569000	      8376	800095fa	0000100f	fence.i	
      169669000	      8381	800095fe	016bb0b3	sltu	x1,x23,x22	 x23:0x80025cfd x22:0xfffffc69  x1=0x00000001
      169869000	      8391	80009602	7c683893	sltiu	x17,x16,1990	 x16:0x00000023 x17=0x00000001
      169889000	      8392	80009606	8452	c.mv	x8,x20	  x0:0x00000000 x20:0xb77f4ae9  x8=0xb77f4ae9
      169929000	      8394	80009608	41f053b3	sra	x7,x0,x31	  x0:0x00000000 x31:0x80025ce4  x7=0x00000000
      170289000	      8412	8000960c	0ff0000f	fence	iorw,iorw	
      170309000	      8413	80009610	001b5463	bge	x22,x1,80009618	 x22:0xfffffc69  x1:0x00000001
      170369000	      8416	80009614	011d8e33	add	x28,x27,x17	 x27:0x80025cfd x17:0x00000001 x28=0x80025cfe
      170389000	      8417	80009618	6ba47693	andi	x13,x8,1722	  x8:0xb77f4ae9 x13=0x000002a8
      170549000	      8425	8000961c	d0d47a13	andi	x20,x8,-755	  x8:0xb77f4ae9 x20=0xb77f4809
      170569000	      8426	80009620	01415713	srli	x14,x2,0x14	  x2:0x000002fb x14=0x00000000
      170989000	      8447	80009624	0143bbb3	sltu	x23,x7,x20	  x7:0x00000000 x20:0xb77f4809 x23=0x00000001
      171229000	      8459	80009628	340d2ef3	csrrs	x29,mscratch,x26	 x26:0x00000001 x29=0x80025cfd
      184029000	      9099	8000962c	67cd	c.lui	x15,0x13	 x15=0x00013000
      184049000	      9100	8000962e	004900b3	add	x1,x18,x4	 x18:0x00000000  x4:0x80025cec  x1=0x80025cec
      184069000	      9101	80009632	01c29db3	sll	x27,x5,x28	  x5:0xfffffc69 x28:0x80025cfe x27=0x40000000
      184089000	      9102	80009636	8041	c.srli	x8,0x10	  x8:0xb77f4ae9  x8=0x0000b77f
      184109000	      9103	80009638	01171633	sll	x12,x14,x17	 x14:0x00000000 x17:0x00000001 x12=0x00000000
      184129000	      9104	8000963c	66bd	c.lui	x13,0xf	 x13=0x0000f000
      184169000	      9106	8000963e	035fbbb3	mulhu	x23,x31,x21	 x31:0x80025ce4 x21:0x00000000 x23=0x00000000
      184189000	      9107	80009642	01d4ae33	slt	x28,x9,x29	  x9:0x80025cfd x29:0x80025cfd x28=0x00000000
      184209000	      9108	80009646	000e76b3	and	x13,x28,x0	 x28:0x00000000  x0:0x00000000 x13=0x00000000
      184229000	      9109	8000964a	997d	c.andi	x10,-1	 x10:0x000003fb x10=0x000003fb
      184249000	      9110	8000964c	0694	c.addi4spn	x13,x2,832	 x13=0x0000063b
      184269000	      9111	8000964e	9542	c.add	x10,x16	 x10:0x000003fb x16:0x00000023 x10=0x0000041e
      184289000	      9112	80009650	9d0af493	andi	x9,x21,-1584	 x21:0x00000000  x9=0x00000000
      184309000	      9113	80009654	8f9d	c.sub	x15,x15	 x15:0x00013000 x15:0x00013000 x15=0x00000000
      184429000	      9119	80009656	ad7fe6ef	jal	x13,8000812c	 x13=0x8000965a
      184649000	      9130	8000812c	a313f913	andi	x18,x7,-1487	  x7:0x00000000 x18=0x00000000
      184769000	      9136	80008130	82f2	c.mv	x5,x28	  x0:0x00000000 x28:0x00000000  x5=0x00000000
      184869000	      9141	80008132	40fd8b33	sub	x22,x27,x15	 x27:0x40000000 x15:0x00000000 x22=0x40000000
      184889000	      9142	80008136	01d39663	bne	x7,x29,80008142	  x7:0x00000000 x29:0x80025cfd
      185369000	      9166	80008142	fd458593	addi	x11,x11,-44	 x11:0x80021e58 x11=0x80021e2c
      185529000	      9174	80008146	c1d4	c.sw	x13,4(x11)	 x11:0x80021e2c x13:0x8000965a PA:0x80021e30 store:0x8000965a load:0xffffffff
      185549000	      9175	80008148	0001	c.addi	x0,0	  x0:0x00000000  x0=0x00000000
      185569000	      9176	8000814a	340198f3	csrrw	x17,mscratch,x3	  x3:0x00000001 x17=0x80025cfd
      186309000	      9213	8000814e	03f14933	div	x18,x2,x31	  x2:0x000002fb x31:0x80025ce4 x18=0x00000000
      186329000	      9214	80008152	c221	c.beqz	x12,80008192	 x12:0x00000000
      186889000	      9242	80008192	032e9363	bne	x29,x18,800081b8	 x29:0x80025cfd x18:0x00000000
      187969000	      9296	800081b8	40e48c33	sub	x24,x9,x14	  x9:0x00000000 x14:0x00000000 x24=0x00000000
      187989000	      9297	800081bc	00dd5b93	srli	x23,x26,0xd	 x26:0x00000001 x23=0x00000000
      188169000	      9306	800081c0	03b4cb63	blt	x9,x27,800081f6	  x9:0x00000000 x27:0x40000000
      189049000	      9350	800081f6	032997b3	mulh	x15,x19,x18	 x19:0x80025cec x18:0x00000000 x15=0x00000000
      189069000	      9351	800081fa	86f1	c.srai	x13,0x1c	 x13:0x8000965a x13=0xfffffff8
      189109000	      9353	800081fc	03609233	mulh	x4,x1,x22	  x1:0x80025cec x22:0x40000000  x4=0xe000973b
      189129000	      9354	80008200	0798	c.addi4spn	x14,x2,960	 x14=0x000006bb
      189149000	      9355	80008202	0001	c.addi	x0,0	  x0:0x00000000  x0=0x00000000
      189389000	      9367	80008204	340060f3	csrrsi	x1,mscratch,0	  x1=0x00000001
      189509000	      9373	80008208	3402d1f3	csrrwi	x3,mscratch,5	  x3=0x00000001
      189529000	      9374	8000820c	fa292f13	slti	x30,x18,-94	 x18:0x00000000 x30=0x00000000
      189649000	      9380	80008210	41bad533	sra	x10,x21,x27	 x21:0x00000000 x27:0x40000000 x10=0x00000000
      189829000	      9389	80008214	029ce233	rem	x4,x25,x9	 x25:0x63d935be  x9:0x00000000  x4=0x63d935be
      189849000	      9390	80008218	340677f3	csrrci	x15,mscratch,12	 x15=0x00000005
      189869000	      9391	8000821c	00151663	bne	x10,x1,80008228	 x10:0x00000000  x1:0x00000001
      190469000	      9421	80008228	e2b9	c.bnez	x13,8000826e	 x13:0xfffffff8
      191089000	      9452	8000826e	34003973	csrrc	x18,mscratch,x0	  x0:0x00000000 x18=0x00000001
      191129000	      9454	80008272	5a0f0813	addi	x16,x30,1440	 x30:0x00000000 x16=0x000005a0
      191549000	      9475	80008276	340dd1f3	csrrwi	x3,mscratch,27	  x3=0x00000001
      191629000	      9479	8000827a	02b98133	mul	x2,x19,x11	 x19:0x80025cec x11:0x80021e2c  x2=0x0123a090
      192049000	      9500	8000827e	a82aea93	ori	x21,x21,-1406	 x21:0x00000000 x21=0xfffffa82
      192069000	      9501	80008282	d6cfbc97	auipc	x25,0xd6cfb	 x25=0x56d03282
      192089000	      9502	80008286	8efd	c.and	x13,x15	 x13:0xfffffff8 x15:0x00000005 x13=0x00000000
      192189000	      9507	80008288	87f2	c.mv	x15,x28	  x0:0x00000000 x28:0x00000000 x15=0x00000000
      192929000	      9544	8000828a	03a466b3	rem	x13,x8,x26	  x8:0x0000b77f x26:0x00000001 x13=0x00000000
      192949000	      9545	8000828e	0087c3b3	xor	x7,x15,x8	 x15:0x00000000  x8:0x0000b77f  x7=0x0000b77f
      192969000	      9546	80008292	f9011e37	lui	x28,0xf9011	 x28=0xf9011000
      192989000	      9547	80008296	00107133	and	x2,x0,x1	  x0:0x00000000  x1:0x00000001  x2=0x00000000
      193009000	      9548	8000829a	e115	c.bnez	x10,800082be	 x10:0x00000000
      193029000	      9549	8000829c	004fbb33	sltu	x22,x31,x4	 x31:0x80025ce4  x4:0x63d935be x22=0x00000000
      193269000	      9561	800082a0	0001	c.addi	x0,0	  x0:0x00000000  x0=0x00000000
      193289000	      9562	800082a2	c4c56e13	ori	x28,x10,-948	 x10:0x00000000 x28=0xfffffc4c
      193329000	      9564	800082a6	020190b3	mulh	x1,x3,x0	  x3:0x00000001  x0:0x00000000  x1=0x00000000
      193489000	      9572	800082aa	01d19133	sll	x2,x3,x29	  x3:0x00000001 x29:0x80025cfd  x2=0x20000000
      193509000	      9573	800082ae	ef91	c.bnez	x15,800082ca	 x15:0x00000000
      193909000	      9593	800082b0	01dbceb3	xor	x29,x23,x29	 x23:0x00000000 x29:0x80025cfd x29=0x80025cfd
      194189000	      9607	800082b4	b55f7e97	auipc	x29,0xb55f7	 x29=0x355ff2b4
      194609000	      9628	800082b8	9ebe	c.add	x29,x15	 x29:0x355ff2b4 x15:0x00000000 x29=0x355ff2b4
      195029000	      9649	800082ba	c022a693	slti	x13,x5,-1022	  x5:0x00000000 x13=0x00000000
      195129000	      9654	800082be	01386a33	or	x20,x16,x19	 x16:0x000005a0 x19:0x80025cec x20=0x80025dec
      195149000	      9655	800082c2	6131	c.addi16sp	x2,320	  x2:0x20000000  x2=0x20000140
      195269000	      9661	800082c4	02027d63	bgeu	x4,x0,800082fe	  x4:0x63d935be  x0:0x00000000
      195629000	      9679	800082fe	021b4a33	div	x20,x22,x1	 x22:0x00000000  x1:0x00000000 x20=0xffffffff
      195649000	      9680	80008302	00d130b3	sltu	x1,x2,x13	  x2:0x20000140 x13:0x00000000  x1=0x00000000
      196389000	      9717	80008306	03046ab3	rem	x21,x8,x16	  x8:0x0000b77f x16:0x000005a0 x21=0x0000037f
      196409000	      9718	8000830a	a26dc217	auipc	x4,0xa26dc	  x4=0x226e430a
      196429000	      9719	8000830e	00989393	slli	x7,x17,0x9	 x17:0x80025cfd  x7=0x04b9fa00
      196449000	      9720	80008312	0446	c.slli	x8,0x11	  x8:0x0000b77f  x8=0x6efe0000
      196469000	      9721	80008314	e295	c.bnez	x13,80008338	 x13:0x00000000
      196489000	      9722	80008316	00d822b3	slt	x5,x16,x13	 x16:0x000005a0 x13:0x00000000  x5=0x00000000
      196529000	      9724	8000831a	027833b3	mulhu	x7,x16,x7	 x16:0x000005a0  x7:0x04b9fa00  x7=0x0000001a
      196629000	      9729	8000831e	340358f3	csrrwi	x17,mscratch,6	 x17=0x0000001b
      196649000	      9730	80008322	0b59	c.addi	x22,22	 x22:0x00000000 x22=0x00000016
      196849000	      9740	80008324	03f5b933	mulhu	x18,x11,x31	 x11:0x80021e2c x31:0x80025ce4 x18=0x40023d8d
      196869000	      9741	80008328	68fd	c.lui	x17,0x1f	 x17=0x0001f000
      197189000	      9757	8000832a	340cb873	csrrc	x16,mscratch,x25	 x25:0x56d03282 x16=0x00000006
      197209000	      9758	8000832e	006a8e63	beq	x21,x6,8000834a	 x21:0x0000037f  x6:0x00000000
      197229000	      9759	80008332	a7b7ae37	lui	x28,0xa7b7a	 x28=0xa7b7a000
      197249000	      9760	80008336	890d	c.andi	x10,3	 x10:0x00000000 x10=0x00000000
      197329000	      9764	80008338	00d29533	sll	x10,x5,x13	  x5:0x00000000 x13:0x00000000 x10=0x00000000
      197469000	      9771	8000833c	018b02b3	add	x5,x22,x24	 x22:0x00000016 x24:0x00000000  x5=0x00000016
      197489000	      9772	80008340	3407f4f3	csrrci	x9,mscratch,15	  x9=0x00000004
      197509000	      9773	80008344	41ecd913	srai	x18,x25,0x1e	 x25:0x56d03282 x18=0x00000001
      197529000	      9774	80008348	717d	c.addi16sp	x2,-16	  x2:0x20000140  x2=0x20000130
      197709000	      9783	8000834a	34081ef3	csrrw	x29,mscratch,x16	 x16:0x00000006 x29=0x00000000
      197749000	      9785	8000834e	03dcbdb3	mulhu	x27,x25,x29	 x25:0x56d03282 x29:0x00000000 x27=0x00000000
      197769000	      9786	80008352	e01d	c.bnez	x8,80008378	  x8:0x6efe0000
      199549000	      9875	80008378	0337e733	rem	x14,x15,x19	 x15:0x00000000 x19:0x80025cec x14=0x00000000
      199569000	      9876	8000837c	9e1a	c.add	x28,x6	 x28:0xa7b7a000  x6:0x00000000 x28=0xa7b7a000
      199589000	      9877	8000837e	34003073	csrrc	x0,mscratch,x0	  x0:0x00000000  x0=0x00000000
      199609000	      9878	80008382	00e7d4b3	srl	x9,x15,x14	 x15:0x00000000 x14:0x00000000  x9=0x00000000
      199629000	      9879	80008386	340072f3	csrrci	x5,mscratch,0	  x5=0x00000006
      199669000	      9881	8000838a	022813b3	mulh	x7,x16,x2	 x16:0x00000006  x2:0x20000130  x7=0x00000000
      199689000	      9882	8000838e	059c	c.addi4spn	x15,x2,704	 x15=0x200003f0
      199869000	      9891	80008390	00e341b3	xor	x3,x6,x14	  x6:0x00000000 x14:0x00000000  x3=0x00000000
      199889000	      9892	80008394	6205	c.lui	x4,0x1	  x4=0x00001000
      199909000	      9893	80008396	6111	c.addi16sp	x2,256	  x2:0x20000130  x2=0x20000230
      200329000	      9914	80008398	03be18b3	mulh	x17,x28,x27	 x28:0xa7b7a000 x27:0x00000000 x17=0x00000000
      200349000	      9915	8000839c	ee1d	c.bnez	x12,800083da	 x12:0x00000000
      200369000	      9916	8000839e	340b7c73	csrrci	x24,mscratch,22	 x24=0x00000006
      200389000	      9917	800083a2	00c9d093	srli	x1,x19,0xc	 x19:0x80025cec  x1=0x00080025
      200489000	      9922	800083a6	006d9817	auipc	x16,0x6d9	 x16=0x806e13a6
      200529000	      9924	800083aa	869f4b93	xori	x23,x30,-1943	 x30:0x00000000 x23=0xfffff869
      200669000	      9931	800083ae	c84ba897	auipc	x17,0xc84ba	 x17=0x484c23ae
      200689000	      9932	800083b2	ceccdb17	auipc	x22,0xceccd	 x22=0x4ecd53b2
      200709000	      9933	800083b6	97de	c.add	x15,x23	 x15:0x200003f0 x23:0xfffff869 x15=0x1ffffc59
      200889000	      9942	800083b8	34003573	csrrc	x10,mscratch,x0	  x0:0x00000000 x10=0x00000000
      201189000	      9957	800083bc	3405dd73	csrrwi	x26,mscratch,11	 x26=0x00000000
      201609000	      9978	800083c0	82ad	c.srli	x13,0xb	 x13:0x00000000 x13=0x00000000
      201629000	      9979	800083c2	8799	c.srai	x15,0x6	 x15:0x1ffffc59 x15=0x007ffff1
      201649000	      9980	800083c4	044bc463	blt	x23,x4,8000840c	 x23:0xfffff869  x4:0x00001000
      201869000	      9991	8000840c	8c5d	c.or	x8,x15	  x8:0x6efe0000 x15:0x007ffff1  x8=0x6efffff1
      202949000	     10045	8000840e	037767b3	rem	x15,x14,x23	 x14:0x00000000 x23:0xfffff869 x15=0x00000000
      202989000	     10047	80008412	0362b7b3	mulhu	x15,x5,x22	  x5:0x00000006 x22:0x4ecd53b2 x15=0x00000001
      203009000	     10048	80008416	41d7d913	srai	x18,x15,0x1d	 x15:0x00000001 x18=0x00000000
      203029000	     10049	8000841a	00510033	add	x0,x2,x5	  x2:0x20000230  x5:0x00000006  x0=0x00000000
      203049000	     10050	8000841e	0258e863	bltu	x17,x5,8000844e	 x17:0x484c23ae  x5:0x00000006
      203069000	     10051	80008422	987d	c.andi	x8,-1	  x8:0x6efffff1  x8=0x6efffff1
      203089000	     10052	80008424	005baab3	slt	x21,x23,x5	 x23:0xfffff869  x5:0x00000006 x21=0x00000001
      203389000	     10067	80008428	70953e13	sltiu	x28,x10,1801	 x10:0x00000000 x28=0x00000001
      203409000	     10068	8000842c	8b56	c.mv	x22,x21	  x0:0x00000000 x21:0x00000001 x22=0x00000001
      203429000	     10069	8000842e	84a1	c.srai	x9,0x8	  x9:0x00000000  x9=0x00000000
      203589000	     10077	80008430	01731893	slli	x17,x6,0x17	  x6:0x00000000 x17=0x00000000
      203789000	     10087	80008434	02f10e63	beq	x2,x15,80008470	  x2:0x20000230 x15:0x00000001
      203909000	     10093	80008438	1e53cc17	auipc	x24,0x1e53c	 x24=0x9e544438
      204009000	     10098	8000843c	84cd	c.srai	x9,0x13	  x9:0x00000000  x9=0x00000000
      204029000	     10099	8000843e	00cfd113	srli	x2,x31,0xc	 x31:0x80025ce4  x2=0x00080025
      204389000	     10117	80008442	02e0a933	mulhsu	x18,x1,x14	  x1:0x00080025 x14:0x00000000 x18=0x00000000
      204489000	     10122	80008446	03d7f033	remu	x0,x15,x29	 x15:0x00000001 x29:0x00000000  x0=0x00000000
      204509000	     10123	8000844a	8399	c.srli	x15,0x6	 x15:0x00000001 x15=0x00000000
      204529000	     10124	8000844c	9eea	c.add	x29,x26	 x29:0x00000000 x26:0x00000000 x29=0x00000000
      204549000	     10125	8000844e	01889ab3	sll	x21,x17,x24	 x17:0x00000000 x24:0x9e544438 x21=0x00000000
      204669000	     10131	80008452	340db7f3	csrrc	x15,mscratch,x27	 x27:0x00000000 x15=0x0000000b
      204689000	     10132	80008456	089a	c.slli	x17,0x6	 x17:0x00000000 x17=0x00000000
      204709000	     10133	80008458	6111	c.addi16sp	x2,256	  x2:0x00080025  x2=0x00080125
      204749000	     10135	8000845a	039110b3	mulh	x1,x2,x25	  x2:0x00080125 x25:0x56d03282  x1=0x0002b6e4
      204769000	     10136	8000845e	8f31	c.xor	x14,x12	 x14:0x00000000 x12:0x00000000 x14=0x00000000
      204849000	     10140	80008460	03f2a133	mulhsu	x2,x5,x31	  x5:0x00000006 x31:0x80025ce4  x2=0x00000003
      204869000	     10141	80008464	01d01f13	slli	x30,x0,0x1d	  x0:0x00000000 x30=0x00000000
      204929000	     10144	80008468	44e1	c.li	x9,24	  x9=0x00000018
      205189000	     10157	8000846a	007631b3	sltu	x3,x12,x7	 x12:0x00000000  x7:0x00000000  x3=0x00000000
      205209000	     10158	8000846e	8ec5	c.or	x13,x9	 x13:0x00000000  x9:0x00000018 x13=0x00000018
      205229000	     10159	80008470	419451b3	sra	x3,x8,x25	  x8:0x6efffff1 x25:0x56d03282  x3=0x1bbffffc
      205249000	     10160	80008474	1490	c.addi4spn	x12,x2,608	 x12=0x00000263
      205269000	     10161	80008476	0001	c.addi	x0,0	  x0:0x00000000  x0=0x00000000
      205429000	     10169	80008478	3403dcf3	csrrwi	x25,mscratch,7	 x25=0x0000000b
      205849000	     10190	8000847c	8c624c93	xori	x25,x4,-1850	  x4:0x00001000 x25=0xffffe8c6
      205869000	     10191	80008480	00c67eb3	and	x29,x12,x12	 x12:0x00000263 x12:0x00000263 x29=0x00000263
      205969000	     10196	80008484	0819	c.addi	x16,6	 x16:0x806e13a6 x16=0x806e13ac
      206989000	     10247	80008486	02824233	div	x4,x4,x8	  x4:0x00001000  x8:0x6efffff1  x4=0x00000000
      207009000	     10248	8000848a	8259	c.srli	x12,0x16	 x12:0x00000263 x12=0x00000000
      207029000	     10249	8000848c	02a20eb3	mul	x29,x4,x10	  x4:0x00000000 x10:0x00000000 x29=0x00000000
      207049000	     10250	80008490	3407b0f3	csrrc	x1,mscratch,x15	 x15:0x0000000b  x1=0x00000007
      207069000	     10251	80008494	0000100f	fence.i	
      207309000	     10263	80008498	0162cab3	xor	x21,x5,x22	  x5:0x00000006 x22:0x00000001 x21=0x00000007
      207329000	     10264	8000849c	8259	c.srli	x12,0x16	 x12:0x00000000 x12=0x00000000
      207349000	     10265	8000849e	00543933	sltu	x18,x8,x5	  x8:0x6efffff1  x5:0x00000006 x18=0x00000000
      207369000	     10266	800084a2	8859	c.andi	x8,22	  x8:0x6efffff1  x8=0x00000010
      207709000	     10283	800084a4	020e7b33	remu	x22,x28,x0	 x28:0x00000001  x0:0x00000000 x22=0x00000001
      207729000	     10284	800084a8	410ddcb3	sra	x25,x27,x16	 x27:0x00000000 x16:0x806e13ac x25=0x00000000
      208469000	     10321	800084ac	0231cf33	div	x30,x3,x3	  x3:0x1bbffffc  x3:0x1bbffffc x30=0x00000001
      208489000	     10322	800084b0	01621d63	bne	x4,x22,800084ca	  x4:0x00000000 x22:0x00000001
      209509000	     10373	800084ca	340038f3	csrrc	x17,mscratch,x0	  x0:0x00000000 x17=0x00000004
      209609000	     10378	800084ce	340eab73	csrrs	x22,mscratch,x29	 x29:0x00000000 x22=0x00000004
      209809000	     10388	800084d2	79647e13	andi	x28,x8,1942	  x8:0x00000010 x28=0x00000010
      209829000	     10389	800084d6	41eed293	srai	x5,x29,0x1e	 x29:0x00000000  x5=0x00000000
      210049000	     10400	800084da	03da5b63	bge	x20,x29,80008510	 x20:0xffffffff x29:0x00000000
      210189000	     10407	800084de	34006d73	csrrsi	x26,mscratch,0	 x26=0x00000004
      210209000	     10408	800084e2	86c67213	andi	x4,x12,-1940	 x12:0x00000000  x4=0x00000000
      210229000	     10409	800084e6	01dcd563	bge	x25,x29,800084f0	 x25:0x00000000 x29:0x00000000
      211109000	     10453	800084f0	3409f7f3	csrrci	x15,mscratch,19	 x15=0x00000004
      212649000	     10530	800084f4	41848133	sub	x2,x9,x24	  x9:0x00000018 x24:0x9e544438  x2=0x61abbbe0
      212669000	     10531	800084f8	34002173	csrrs	x2,mscratch,x0	  x0:0x00000000  x2=0x00000004
      212689000	     10532	800084fc	40508f33	sub	x30,x1,x5	  x1:0x00000007  x5:0x00000000 x30=0x00000007
      212709000	     10533	80008500	8c25	c.xor	x8,x9	  x8:0x00000010  x9:0x00000018  x8=0x00000008
      212729000	     10534	80008502	0001	c.addi	x0,0	  x0:0x00000000  x0=0x00000000
      212749000	     10535	80008504	8f45	c.or	x14,x9	 x14:0x00000000  x9:0x00000018 x14=0x00000018
      212769000	     10536	80008506	9c06	c.add	x24,x1	 x24:0x9e544438  x1:0x00000007 x24=0x9e54443f
      212789000	     10537	80008508	d1f8c893	xori	x17,x17,-737	 x17:0x00000004 x17=0xfffffd1b
      212809000	     10538	8000850c	dd14e4b7	lui	x9,0xdd14e	  x9=0xdd14e000
      213229000	     10559	80008510	032794b3	mulh	x9,x15,x18	 x15:0x00000004 x18:0x00000000  x9=0x00000000
      213249000	     10560	80008514	0000100f	fence.i	
      213349000	     10565	80008518	509efa13	andi	x20,x29,1289	 x29:0x00000000 x20=0x00000000
      213609000	     10578	8000851c	036332b3	mulhu	x5,x6,x22	  x6:0x00000000 x22:0x00000004  x5=0x00000000
      214729000	     10634	80008520	02dcc233	div	x4,x25,x13	 x25:0x00000000 x13:0x00000018  x4=0x00000000
      214749000	     10635	80008524	0103f233	and	x4,x7,x16	  x7:0x00000000 x16:0x806e13ac  x4=0x00000000
      214769000	     10636	80008528	6c9d	c.lui	x25,0x7	 x25=0x00007000
      214789000	     10637	8000852a	340a5df3	csrrwi	x27,mscratch,20	 x27=0x00000004
      214809000	     10638	8000852e	34077e73	csrrci	x28,mscratch,14	 x28=0x00000014
      214829000	     10639	80008532	006bc8b3	xor	x17,x23,x6	 x23:0xfffff869  x6:0x00000000 x17=0xfffff869
      215369000	     10666	80008536	340267f3	csrrsi	x15,mscratch,4	 x15=0x00000010
      215389000	     10667	8000853a	029ed363	bge	x29,x9,80008560	 x29:0x00000000  x9:0x00000000
      216069000	     10701	80008560	34006673	csrrsi	x12,mscratch,0	 x12=0x00000014
      216809000	     10738	80008564	02d869b3	rem	x19,x16,x13	 x16:0x806e13ac x13:0x00000018 x19=0xfffffffc
      216829000	     10739	80008568	b9154b93	xori	x23,x10,-1135	 x10:0x00000000 x23=0xfffffb91
      216849000	     10740	8000856c	8bfa	c.mv	x23,x30	  x0:0x00000000 x30:0x00000007 x23=0x00000007
      216869000	     10741	8000856e	717d	c.addi16sp	x2,-16	  x2:0x00000004  x2=0xfffffff4
      217329000	     10764	80008570	41d4	c.lw	x13,4(x11)	 x11:0x80021e2c x13=0x8000965a PA:0x80021e30 load:0x8000965a
      217349000	     10765	80008572	3404df73	csrrwi	x30,mscratch,9	 x30=0x00000014
      217369000	     10766	80008576	29597f13	andi	x30,x18,661	 x18:0x00000000 x30=0x00000000
      217389000	     10767	8000857a	8415	c.srai	x8,0x5	  x8:0x00000008  x8=0x00000000
      217409000	     10768	8000857c	0048c733	xor	x14,x17,x4	 x17:0xfffff869  x4:0x00000000 x14=0xfffff869
      217429000	     10769	80008580	02c58593	addi	x11,x11,44	 x11:0x80021e2c x11=0x80021e58
      217469000	     10771	80008584	03e163b3	rem	x7,x2,x30	  x2:0xfffffff4 x30:0x00000000  x7=0xfffffff4
      217489000	     10772	80008588	00168a93	addi	x21,x13,1	 x13:0x8000965a x21=0x8000965b
      217829000	     10789	8000858c	8a82	c.jr	x21	 x21:0x8000965b
      217909000	     10793	8000965a	09c6	c.slli	x19,0x11	 x19:0xfffffffc x19=0xfff80000
      217929000	     10794	8000965c	613d	c.addi16sp	x2,480	  x2:0xfffffff4  x2=0x000001d4
      218049000	     10800	8000965e	01ff9c13	slli	x24,x31,0x1f	 x31:0x80025ce4 x24=0x00000000
      218189000	     10807	80009662	f22e4f13	xori	x30,x28,-222	 x28:0x00000014 x30=0xffffff36
      218289000	     10812	80009666	4061d733	sra	x14,x3,x6	  x3:0x1bbffffc  x6:0x00000000 x14=0x1bbffffc
      218309000	     10813	8000966a	6dc5	c.lui	x27,0x11	 x27=0x00011000
      218389000	     10817	8000966c	8869	c.andi	x8,26	  x8:0x00000000  x8=0x00000000
      218709000	     10833	8000966e	7e532997	auipc	x19,0x7e532	 x19=0xfe53b66e
      218769000	     10836	80009672	00a5dd63	bge	x11,x10,8000968c	 x11:0x80021e58 x10:0x00000000
      218929000	     10844	80009676	036dd563	bge	x27,x22,800096a0	 x27:0x00011000 x22:0x00000004
      219249000	     10860	800096a0	34003673	csrrc	x12,mscratch,x0	  x0:0x00000000 x12=0x00000009
      220249000	     10910	800096a4	02f57bb3	remu	x23,x10,x15	 x10:0x00000000 x15:0x00000010 x23=0x00000000
      220269000	     10911	800096a8	82b9	c.srli	x13,0xe	 x13:0x8000965a x13=0x00020002
      220309000	     10913	800096aa	03293633	mulhu	x12,x18,x18	 x18:0x00000000 x18:0x00000000 x12=0x00000000
      220329000	     10914	800096ae	4f01	c.li	x30,0	 x30=0x00000000
      220349000	     10915	800096b0	e0ad8297	auipc	x5,0xe0ad8	  x5=0x60ae16b0
      220369000	     10916	800096b4	f39cfa13	andi	x20,x25,-199	 x25:0x00007000 x20=0x00007000
      220389000	     10917	800096b8	340070f3	csrrci	x1,mscratch,0	  x1=0x00000009
      220709000	     10933	800096bc	9bfd	c.andi	x15,-1	 x15:0x00000010 x15=0x00000010
      220889000	     10942	800096be	340829f3	csrrs	x19,mscratch,x16	 x16:0x806e13ac x19=0x00000009
      220989000	     10947	800096c2	01d9da33	srl	x20,x19,x29	 x19:0x00000009 x29:0x00000000 x20=0x00000009
      221069000	     10951	800096c6	84d84213	xori	x4,x16,-1971	 x16:0x806e13ac  x4=0x7f91ebe1
      221089000	     10952	800096ca	d036ae13	slti	x28,x13,-765	 x13:0x00020002 x28=0x00000000
      221249000	     10960	800096ce	3633b997	auipc	x19,0x3633b	 x19=0xb63446ce
      221269000	     10961	800096d2	025a6963	bltu	x20,x5,80009704	 x20:0x00000009  x5:0x60ae16b0
      222269000	     11011	80009704	03b67c93	andi	x25,x12,59	 x12:0x00000000 x25=0x00000000
      222469000	     11021	80009708	717d	c.addi16sp	x2,-16	  x2:0x000001d4  x2=0x000001c4
      222489000	     11022	8000970a	89b06413	ori	x8,x0,-1893	  x0:0x00000000  x8=0xfffff89b
      222509000	     11023	8000970e	8ca1	c.xor	x9,x8	  x9:0x00000000  x8:0xfffff89b  x9=0xfffff89b
      222529000	     11024	80009710	34017473	csrrci	x8,mscratch,2	  x8=0x806e13ad
      222609000	     11028	80009714	0226bb33	mulhu	x22,x13,x2	 x13:0x00020002  x2:0x000001c4 x22=0x00000000
      222629000	     11029	80009718	3249fb93	andi	x23,x19,804	 x19:0xb63446ce x23=0x00000204
      223009000	     11048	8000971c	0ff0000f	fence	iorw,iorw	
      223209000	     11058	80009720	1f84bf17	auipc	x30,0x1f84b	 x30=0x9f854720
      223229000	     11059	80009724	4386e613	ori	x12,x13,1080	 x13:0x00020002 x12=0x0002043a
      223249000	     11060	80009728	3403d9f3	csrrwi	x19,mscratch,7	 x19=0x806e13ad
      223269000	     11061	8000972c	45312613	slti	x12,x2,1107	  x2:0x000001c4 x12=0x00000001
      223289000	     11062	80009730	41910233	sub	x4,x2,x25	  x2:0x000001c4 x25:0x00000000  x4=0x000001c4
      223489000	     11072	80009734	021bb233	mulhu	x4,x23,x1	 x23:0x00000204  x1:0x00000009  x4=0x00000000
      223789000	     11087	80009738	340c1af3	csrrw	x21,mscratch,x24	 x24:0x00000000 x21=0x00000007
      223809000	     11088	8000973c	34095773	csrrwi	x14,mscratch,18	 x14=0x00000000
      223829000	     11089	80009740	e499	c.bnez	x9,8000974e	  x9:0xfffff89b
      225049000	     11150	8000974e	00de7e33	and	x28,x28,x13	 x28:0x00000000 x13:0x00020002 x28=0x00000000
      225069000	     11151	80009752	d8cdfb97	auipc	x23,0xd8cdf	 x23=0x58ce8752
      225089000	     11152	80009756	8e7d	c.and	x12,x15	 x12:0x00000001 x15:0x00000010 x12=0x00000000
      225109000	     11153	80009758	8e11	c.sub	x12,x12	 x12:0x00000000 x12:0x00000000 x12=0x00000000
      225209000	     11158	8000975a	038be033	rem	x0,x23,x24	 x23:0x58ce8752 x24:0x00000000  x0=0x00000000
      225609000	     11178	8000975e	05cbc193	xori	x3,x23,92	 x23:0x58ce8752  x3=0x58ce870e
      226049000	     11200	80009762	03dc5733	divu	x14,x24,x29	 x24:0x00000000 x29:0x00000000 x14=0xffffffff
      226789000	     11237	80009766	030dc7b3	div	x15,x27,x16	 x27:0x00011000 x16:0x806e13ac x15=0x00000000
      227529000	     11274	8000976a	02d860b3	rem	x1,x16,x13	 x16:0x806e13ac x13:0x00020002  x1=0xfffe933c
      227569000	     11276	8000976e	0284aeb3	mulhsu	x29,x9,x8	  x9:0xfffff89b  x8:0x806e13ad x29=0xfffffc4a
      227609000	     11278	80009772	02e490b3	mulh	x1,x9,x14	  x9:0xfffff89b x14:0xffffffff  x1=0x00000000
      227649000	     11280	80009776	037b24b3	mulhsu	x9,x22,x23	 x22:0x00000000 x23:0x58ce8752  x9=0x00000000
      227669000	     11281	8000977a	0068f6b3	and	x13,x17,x6	 x17:0xfffff869  x6:0x00000000 x13=0x00000000
      227689000	     11282	8000977e	34003673	csrrc	x12,mscratch,x0	  x0:0x00000000 x12=0x00000012
      227709000	     11283	80009782	482ba493	slti	x9,x23,1154	 x23:0x58ce8752  x9=0x00000000
      227749000	     11285	80009786	03910233	mul	x4,x2,x25	  x2:0x000001c4 x25:0x00000000  x4=0x00000000
      228089000	     11302	8000978a	1378ac13	slti	x24,x17,311	 x17:0xfffff869 x24=0x00000001
      228109000	     11303	8000978e	02a94363	blt	x18,x10,800097b4	 x18:0x00000000 x10:0x00000000
      228229000	     11309	80009792	9a828737	lui	x14,0x9a828	 x14=0x9a828000
      228349000	     11315	80009796	0ff0000f	fence	iorw,iorw	
      228369000	     11316	8000979a	0367dc63	bge	x15,x22,800097d2	 x15:0x00000000 x22:0x00000000
      229409000	     11368	800097d2	0237c8b3	div	x17,x15,x3	 x15:0x00000000  x3:0x58ce870e x17=0x00000000
      229429000	     11369	800097d6	7143a413	slti	x8,x7,1812	  x7:0xfffffff4  x8=0x00000001
      229449000	     11370	800097da	029c	c.addi4spn	x15,x2,320	 x15=0x00000304
      229469000	     11371	800097dc	e019	c.bnez	x8,800097e2	  x8:0x00000001
      230189000	     11407	800097e2	098e	c.slli	x19,0x3	 x19:0x806e13ad x19=0x03709d68
      231049000	     11450	800097e4	02fb5db3	divu	x27,x22,x15	 x22:0x00000000 x15:0x00000304 x27=0x00000000
      231069000	     11451	800097e8	3401daf3	csrrwi	x21,mscratch,3	 x21=0x00000012
      231089000	     11452	800097ec	340c9873	csrrw	x16,mscratch,x25	 x25:0x00000000 x16=0x00000003
      231109000	     11453	800097f0	0e14	c.addi4spn	x13,x2,784	 x13=0x000004d4
      231129000	     11454	800097f2	8ef5	c.and	x13,x13	 x13:0x000004d4 x13:0x000004d4 x13=0x000004d4
      231149000	     11455	800097f4	034a6763	bltu	x20,x20,80009822	 x20:0x00000009 x20:0x00000009
      231169000	     11456	800097f8	3404b0f3	csrrc	x1,mscratch,x9	  x9:0x00000000  x1=0x00000000
      231909000	     11493	800097fc	0230e533	rem	x10,x1,x3	  x1:0x00000000  x3:0x58ce870e x10=0x00000000
      231929000	     11494	80009800	0001	c.addi	x0,0	  x0:0x00000000  x0=0x00000000
      231949000	     11495	80009802	0ff0000f	fence	iorw,iorw	
      232689000	     11532	80009806	03a37233	remu	x4,x6,x26	  x6:0x00000000 x26:0x00000004  x4=0x00000000
      232709000	     11533	8000980a	01ce2033	slt	x0,x28,x28	 x28:0x00000000 x28:0x00000000  x0=0x00000000
      232749000	     11535	8000980e	03c13db3	mulhu	x27,x2,x28	  x2:0x000001c4 x28:0x00000000 x27=0x00000000
      232789000	     11537	80009812	02a67a33	remu	x20,x12,x10	 x12:0x00000012 x10:0x00000000 x20=0x00000012
      232809000	     11538	80009816	8512	c.mv	x10,x4	  x0:0x00000000  x4:0x00000000 x10=0x00000000
      232849000	     11540	80009818	03b7d433	divu	x8,x15,x27	 x15:0x00000304 x27:0x00000000  x8=0xffffffff
      232869000	     11541	8000981c	006742b3	xor	x5,x14,x6	 x14:0x9a828000  x6:0x00000000  x5=0x9a828000
      232889000	     11542	80009820	6249	c.lui	x4,0x12	  x4=0x00012000
      233029000	     11549	80009822	0ff0000f	fence	iorw,iorw	
      233769000	     11586	80009826	0280f233	remu	x4,x1,x8	  x1:0x00000000  x8:0xffffffff  x4=0x00000000
      233789000	     11587	8000982a	03571163	bne	x14,x21,8000984c	 x14:0x9a828000 x21:0x00000012
      234069000	     11601	8000984c	717d	c.addi16sp	x2,-16	  x2:0x000001c4  x2=0x000001b4
      234089000	     11602	8000984e	92da	c.add	x5,x22	  x5:0x9a828000 x22:0x00000000  x5=0x9a828000
      235329000	     11664	80009850	02b7fcb3	remu	x25,x15,x11	 x15:0x00000304 x11:0x80021e58 x25=0x00000304
      235349000	     11665	80009854	9806	c.add	x16,x1	 x16:0x00000003  x1:0x00000000 x16=0x00000003
      235369000	     11666	80009856	0063ff63	bgeu	x7,x6,80009874	  x7:0xfffffff4  x6:0x00000000
      235449000	     11670	80009874	01725c33	srl	x24,x4,x23	  x4:0x00000000 x23:0x58ce8752 x24=0x00000000
      235909000	     11693	80009878	0394ba33	mulhu	x20,x9,x25	  x9:0x00000000 x25:0x00000304 x20=0x00000000
      236009000	     11698	8000987c	8c0d	c.sub	x8,x11	  x8:0xffffffff x11:0x80021e58  x8=0x7ffde1a7
      236029000	     11699	8000987e	8d01	c.sub	x10,x8	 x10:0x00000000  x8:0x7ffde1a7 x10=0x80021e59
      236049000	     11700	80009880	00ee93b3	sll	x7,x29,x14	 x29:0xfffffc4a x14:0x9a828000  x7=0xfffffc4a
      236069000	     11701	80009884	40af5993	srai	x19,x30,0xa	 x30:0x9f854720 x19=0xffe7e151
      236229000	     11709	80009888	8c12	c.mv	x24,x4	  x0:0x00000000  x4:0x00000000 x24=0x00000000
      236249000	     11710	8000988a	092a	c.slli	x18,0xa	 x18:0x00000000 x18=0x00000000
      236269000	     11711	8000988c	252aa013	slti	x0,x21,594	 x21:0x00000012  x0=0x00000000
      236389000	     11717	80009890	015aba33	sltu	x20,x21,x21	 x21:0x00000012 x21:0x00000012 x20=0x00000000
      236409000	     11718	80009894	8ce7cf17	auipc	x30,0x8ce7c	 x30=0x0ce85894
      236829000	     11739	80009898	8555	c.srai	x10,0x15	 x10:0x80021e59 x10=0xfffffc00
      236849000	     11740	8000989a	0c08	c.addi4spn	x10,x2,528	 x10=0x000003c4
      237109000	     11753	8000989c	58fd	c.li	x17,-1	 x17=0xffffffff
      237129000	     11754	8000989e	9bfd	c.andi	x15,-1	 x15:0x00000304 x15=0x00000304
      237189000	     11757	800098a0	fd824893	xori	x17,x4,-40	  x4:0x00000000 x17=0xffffffd8
      237209000	     11758	800098a4	80d9	c.srli	x9,0x16	  x9:0x00000000  x9=0x00000000
      237229000	     11759	800098a6	27dfb697	auipc	x13,0x27dfb	 x13=0xa7e048a6
      237249000	     11760	800098aa	0c08	c.addi4spn	x10,x2,528	 x10=0x000003c4
      237309000	     11763	800098ac	06f6	c.slli	x13,0x1d	 x13:0xa7e048a6 x13=0xc0000000
      237329000	     11764	800098ae	717d	c.addi16sp	x2,-16	  x2:0x000001b4  x2=0x000001a4
      237349000	     11765	800098b0	f5e5ab13	slti	x22,x11,-162	 x11:0x80021e58 x22=0x00000001
      237369000	     11766	800098b4	3401d4f3	csrrwi	x9,mscratch,3	  x9=0x00000000
      237589000	     11777	800098b8	41728f33	sub	x30,x5,x23	  x5:0x9a828000 x23:0x58ce8752 x30=0x41b3f8ae
      237609000	     11778	800098bc	34041e73	csrrw	x28,mscratch,x8	  x8:0x7ffde1a7 x28=0x00000003
      237629000	     11779	800098c0	15014813	xori	x16,x2,336	  x2:0x000001a4 x16=0x000000f4
      237649000	     11780	800098c4	1dfd	c.addi	x27,-1	 x27:0x00000000 x27=0xffffffff
      246769000	     12236	800098c6	0001	c.addi	x0,0	  x0:0x00000000  x0=0x00000000
      247509000	     12273	800098c8	039940b3	div	x1,x18,x25	 x18:0x00000000 x25:0x00000304  x1=0x00000000
      247529000	     12274	800098cc	8d55	c.or	x10,x13	 x10:0x000003c4 x13:0xc0000000 x10=0xc00003c4
      247549000	     12275	800098ce	8d3d	c.xor	x10,x15	 x10:0xc00003c4 x15:0x00000304 x10=0xc00000c0
      247569000	     12276	800098d0	037e9b63	bne	x29,x23,80009906	 x29:0xfffffc4a x23:0x58ce8752
      248389000	     12317	80009906	340a1273	csrrw	x4,mscratch,x20	 x20:0x00000000  x4=0x7ffde1a7
      248409000	     12318	8000990a	9b6a	c.add	x22,x26	 x22:0x00000001 x26:0x00000004 x22=0x00000005
      248429000	     12319	8000990c	997d	c.andi	x10,-1	 x10:0xc00000c0 x10=0xc00000c0
      248449000	     12320	8000990e	00f44033	xor	x0,x8,x15	  x8:0x7ffde1a7 x15:0x00000304  x0=0x00000000
      248469000	     12321	80009912	009f76b3	and	x13,x30,x9	 x30:0x41b3f8ae  x9:0x00000000 x13=0x00000000
      248489000	     12322	80009916	6b41	c.lui	x22,0x10	 x22=0x00010000
      248709000	     12333	80009918	0300	c.addi4spn	x8,x2,384	  x8=0x00000324
      248829000	     12339	8000991a	3c757017	auipc	x0,0x3c757	  x0=0x00000000
      248849000	     12340	8000991e	ad00b893	sltiu	x17,x1,-1328	  x1:0x00000000 x17=0x00000001
      248869000	     12341	80009922	0ff0000f	fence	iorw,iorw	
      248889000	     12342	80009926	8605	c.srai	x12,0x1	 x12:0x00000012 x12=0x00000009
      248989000	     12347	80009928	00b5a833	slt	x16,x11,x11	 x11:0x80021e58 x11:0x80021e58 x16=0x00000000
      249269000	     12361	8000992c	340032f3	csrrc	x5,mscratch,x0	  x0:0x00000000  x5=0x00000000
      249309000	     12363	80009930	008fa033	slt	x0,x31,x8	 x31:0x80025ce4  x8:0x00000324  x0=0x00000000
      249509000	     12373	80009934	13470e93	addi	x29,x14,308	 x14:0x9a828000 x29=0x9a828134
      249529000	     12374	80009938	34039ef3	csrrw	x29,mscratch,x7	  x7:0xfffffc4a x29=0x00000000
      249589000	     12377	8000993c	41185a13	srai	x20,x16,0x11	 x16:0x00000000 x20=0x00000000
      249829000	     12389	80009940	032cc0b3	div	x1,x25,x18	 x25:0x00000304 x18:0x00000000  x1=0xffffffff
      250069000	     12401	80009944	03d9cab3	div	x21,x19,x29	 x19:0xffe7e151 x29:0x00000000 x21=0xffffffff
      250089000	     12402	80009948	8d7a	c.mv	x26,x30	  x0:0x00000000 x30:0x41b3f8ae x26=0x41b3f8ae
      250109000	     12403	8000994a	00dcef63	bltu	x25,x13,80009968	 x25:0x00000304 x13:0x00000000
      251229000	     12459	8000994e	03326033	rem	x0,x4,x19	  x4:0x7ffde1a7 x19:0xffe7e151  x0=0x00000000
      251249000	     12460	80009952	90c2	c.add	x1,x16	  x1:0xffffffff x16:0x00000000  x1=0xffffffff
      251269000	     12461	80009954	c111	c.beqz	x10,80009958	 x10:0xc00000c0
      251289000	     12462	80009956	676d	c.lui	x14,0x1b	 x14=0x0001b000
      251329000	     12464	80009958	02bdb6b3	mulhu	x13,x27,x11	 x27:0xffffffff x11:0x80021e58 x13=0x80021e57
      251349000	     12465	8000995c	0a80	c.addi4spn	x8,x2,336	  x8=0x000002f4
      251369000	     12466	8000995e	0580	c.addi4spn	x8,x2,704	  x8=0x00000464
      251389000	     12467	80009960	0001	c.addi	x0,0	  x0:0x00000000  x0=0x00000000
      251409000	     12468	80009962	340354f3	csrrwi	x9,mscratch,6	  x9=0xfffffc4a
      251429000	     12469	80009966	717d	c.addi16sp	x2,-16	  x2:0x000001a4  x2=0x00000194
      251589000	     12477	80009968	8059	c.srli	x8,0x16	  x8:0x00000464  x8=0x00000000
      251609000	     12478	8000996a	9b0e	c.add	x22,x3	 x22:0x00010000  x3:0x58ce870e x22=0x58cf870e
      251629000	     12479	8000996c	0ff0000f	fence	iorw,iorw	
      251669000	     12481	80009970	02592ab3	mulhsu	x21,x18,x5	 x18:0x00000000  x5:0x00000000 x21=0x00000000
      251929000	     12494	80009974	6139	c.addi16sp	x2,448	  x2:0x00000194  x2=0x00000354
      252229000	     12509	80009976	0303fb33	remu	x22,x7,x16	  x7:0xfffffc4a x16:0x00000000 x22=0xfffffc4a
      252249000	     12510	8000997a	8d6d	c.and	x10,x11	 x10:0xc00000c0 x11:0x80021e58 x10=0x80000040
      252549000	     12525	8000997c	0ff0000f	fence	iorw,iorw	
      252569000	     12526	80009980	029f0433	mul	x8,x30,x9	 x30:0x41b3f8ae  x9:0xfffffc4a  x8=0x2e232a4c
      252729000	     12534	80009984	823a	c.mv	x4,x14	  x0:0x00000000 x14:0x0001b000  x4=0x0001b000
      252749000	     12535	80009986	024a84b3	mul	x9,x21,x4	 x21:0x00000000  x4:0x0001b000  x9=0x00000000
      252769000	     12536	8000998a	8ea5	c.xor	x13,x9	 x13:0x80021e57  x9:0x00000000 x13=0x80021e57
      253109000	     12553	8000998c	0998	c.addi4spn	x14,x2,208	 x14=0x00000424
      253169000	     12556	8000998e	0183fd63	bgeu	x7,x24,800099a8	  x7:0xfffffc4a x24:0x00000000
      254329000	     12614	800099a8	033de0b3	rem	x1,x27,x19	 x27:0xffffffff x19:0xffe7e151  x1=0xffffffff
      254349000	     12615	800099ac	889d	c.andi	x9,7	  x9:0x00000000  x9=0x00000000
      254369000	     12616	800099ae	0000100f	fence.i	
      254629000	     12629	800099b2	48a3cd17	auipc	x26,0x48a3c	 x26=0xc8a459b2
      255069000	     12651	800099b6	03e09f33	mulh	x30,x1,x30	  x1:0xffffffff x30:0x41b3f8ae x30=0xffffffff
      255249000	     12660	800099ba	340a1673	csrrw	x12,mscratch,x20	 x20:0x00000000 x12=0x00000006
      255269000	     12661	800099be	878d	c.srai	x15,0x3	 x15:0x00000304 x15=0x00000060
      255409000	     12668	800099c0	5abb0913	addi	x18,x22,1451	 x22:0xfffffc4a x18=0x000001f5
      255749000	     12685	800099c4	029cc963	blt	x25,x9,800099f6	 x25:0x00000304  x9:0x00000000
      256169000	     12706	800099c8	94e6	c.add	x9,x25	  x9:0x00000000 x25:0x00000304  x9=0x00000304
      256589000	     12727	800099ca	41a55733	sra	x14,x10,x26	 x10:0x80000040 x26:0xc8a459b2 x14=0xffffe000
      256609000	     12728	800099ce	8fb1	c.xor	x15,x12	 x15:0x00000060 x12:0x00000006 x15=0x00000066
      256769000	     12736	800099d0	01c457b3	srl	x15,x8,x28	  x8:0x2e232a4c x28:0x00000003 x15=0x05c46549
      256789000	     12737	800099d4	419b5733	sra	x14,x22,x25	 x22:0xfffffc4a x25:0x00000304 x14=0xffffffc4
      256909000	     12743	800099d8	01249d63	bne	x9,x18,800099f2	  x9:0x00000304 x18:0x000001f5
      257609000	     12778	800099f2	00506433	or	x8,x0,x5	  x0:0x00000000  x5:0x00000000  x8=0x00000000
      257669000	     12781	800099f6	e9d8f613	andi	x12,x17,-355	 x17:0x00000001 x12=0x00000001
      257889000	     12792	800099fa	34037073	csrrci	x0,mscratch,6	  x0=0x00000000
      257909000	     12793	800099fe	34003b73	csrrc	x22,mscratch,x0	  x0:0x00000000 x22=0x00000000
      257929000	     12794	80009a02	6939	c.lui	x18,0xe	 x18=0x0000e000
      257949000	     12795	80009a04	6245	c.lui	x4,0x11	  x4=0x00011000
      257969000	     12796	80009a06	1c7c1537	lui	x10,0x1c7c1	 x10=0x1c7c1000
      257989000	     12797	80009a0a	8f0d	c.sub	x14,x11	 x14:0xffffffc4 x11:0x80021e58 x14=0x7ffde16c
      258009000	     12798	80009a0c	ab91f893	andi	x17,x3,-1351	  x3:0x58ce870e x17=0x58ce8208
      258029000	     12799	80009a10	01647833	and	x16,x8,x22	  x8:0x00000000 x22:0x00000000 x16=0x00000000
      258049000	     12800	80009a14	03ef8d63	beq	x31,x30,80009a4e	 x31:0x80025ce4 x30:0xffffffff
      258069000	     12801	80009a18	05e67263	bgeu	x12,x30,80009a5c	 x12:0x00000001 x30:0xffffffff
      258089000	     12802	80009a1c	0001	c.addi	x0,0	  x0:0x00000000  x0=0x00000000
      258109000	     12803	80009a1e	822d	c.srli	x12,0xb	 x12:0x00000001 x12=0x00000000
      258349000	     12815	80009a20	012edd93	srli	x27,x29,0x12	 x29:0x00000000 x27=0x00000000
      258569000	     12826	80009a24	0290b3b3	mulhu	x7,x1,x9	  x1:0xffffffff  x9:0x00000304  x7=0x00000303
      258589000	     12827	80009a28	01da8b63	beq	x21,x29,80009a3e	 x21:0x00000000 x29:0x00000000
      258789000	     12837	80009a3e	7c21c513	xori	x10,x3,1986	  x3:0x58ce870e x10=0x58ce80cc
      258809000	     12838	80009a42	0000100f	fence.i	
      258889000	     12842	80009a46	0ff0000f	fence	iorw,iorw	
      259689000	     12882	80009a4a	02f04933	div	x18,x0,x15	  x0:0x00000000 x15:0x05c46549 x18=0x00000000
      259709000	     12883	80009a4e	01874e33	xor	x28,x14,x24	 x14:0x7ffde16c x24:0x00000000 x28=0x7ffde16c
      259749000	     12885	80009a52	02672ab3	mulhsu	x21,x14,x6	 x14:0x7ffde16c  x6:0x00000000 x21=0x00000000
      259769000	     12886	80009a56	0ed2	c.slli	x29,0x14	 x29:0x00000000 x29=0x00000000
      259789000	     12887	80009a58	00a6fb63	bgeu	x13,x10,80009a6e	 x13:0x80021e57 x10:0x58ce80cc
      261129000	     12954	80009a6e	340927f3	csrrs	x15,mscratch,x18	 x18:0x00000000 x15=0x00000000
      261149000	     12955	80009a72	0001	c.addi	x0,0	  x0:0x00000000  x0=0x00000000
      261169000	     12956	80009a74	340c3e73	csrrc	x28,mscratch,x24	 x24:0x00000000 x28=0x00000000
      261189000	     12957	80009a78	3401e473	csrrsi	x8,mscratch,3	  x8=0x00000000
      261209000	     12958	80009a7c	3404d073	csrrwi	x0,mscratch,9	  x0=0x00000000
      261229000	     12959	80009a80	8c89	c.sub	x9,x10	  x9:0x00000304 x10:0x58ce80cc  x9=0xa7318238
      261249000	     12960	80009a82	0001	c.addi	x0,0	  x0:0x00000000  x0=0x00000000
      262129000	     13004	80009a84	033062b3	rem	x5,x0,x19	  x0:0x00000000 x19:0xffe7e151  x5=0x00000000
      262169000	     13006	80009a88	028aae33	mulhsu	x28,x21,x8	 x21:0x00000000  x8:0x00000000 x28=0x00000000
      262189000	     13007	80009a8c	3403f0f3	csrrci	x1,mscratch,7	  x1=0x00000009
      262209000	     13008	80009a90	177d	c.addi	x14,-1	 x14:0x7ffde16c x14=0x7ffde16b
      262249000	     13010	80009a92	02a73bb3	mulhu	x23,x14,x10	 x14:0x7ffde16b x10:0x58ce80cc x23=0x2c66842d
      262989000	     13047	80009a96	02a25233	divu	x4,x4,x10	  x4:0x00011000 x10:0x58ce80cc  x4=0x00000000
      263009000	     13048	80009a9a	0001	c.addi	x0,0	  x0:0x00000000  x0=0x00000000
      263029000	     13049	80009a9c	0001	c.addi	x0,0	  x0:0x00000000  x0=0x00000000
      263049000	     13050	80009a9e	b880f513	andi	x10,x1,-1144	  x1:0x00000009 x10=0x00000008
      263069000	     13051	80009aa2	8ca7ad93	slti	x27,x15,-1846	 x15:0x00000000 x27=0x00000000
      263089000	     13052	80009aa6	01d91e93	slli	x29,x18,0x1d	 x18:0x00000000 x29=0x00000000
      263129000	     13054	80009aaa	035bfd33	remu	x26,x23,x21	 x23:0x2c66842d x21:0x00000000 x26=0x2c66842d
      263209000	     13058	80009aae	023ef063	bgeu	x29,x3,80009ace	 x29:0x00000000  x3:0x58ce870e
      263229000	     13059	80009ab2	87d9	c.srai	x15,0x16	 x15:0x00000000 x15=0x00000000
      263249000	     13060	80009ab4	34002473	csrrs	x8,mscratch,x0	  x0:0x00000000  x8=0x00000008
      263469000	     13071	80009ab8	00edc9b3	xor	x19,x27,x14	 x27:0x00000000 x14:0x7ffde16b x19=0x7ffde16b
      263489000	     13072	80009abc	34017273	csrrci	x4,mscratch,2	  x4=0x00000008
      263929000	     13094	80009ac0	023819b3	mulh	x19,x16,x3	 x16:0x00000000  x3:0x58ce870e x19=0x00000000
      264089000	     13102	80009ac4	4116d493	srai	x9,x13,0x11	 x13:0x80021e57  x9=0xffffc001
      264269000	     13111	80009ac8	ee25a213	slti	x4,x11,-286	 x11:0x80021e58  x4=0x00000001
      264689000	     13132	80009acc	1490	c.addi4spn	x12,x2,608	 x12=0x000005b4
      264749000	     13135	80009ace	01846533	or	x10,x8,x24	  x8:0x00000008 x24:0x00000000 x10=0x00000008
      264869000	     13141	80009ad2	340256f3	csrrwi	x13,mscratch,4	 x13=0x00000008
      264889000	     13142	80009ad6	8cdd	c.or	x9,x15	  x9:0xffffc001 x15:0x00000000  x9=0xffffc001
      264969000	     13146	80009ad8	41d35113	srai	x2,x6,0x1d	  x6:0x00000000  x2=0x00000000
      265089000	     13152	80009adc	03b3ba33	mulhu	x20,x7,x27	  x7:0x00000303 x27:0x00000000 x20=0x00000000
      265109000	     13153	80009ae0	6f04ec93	ori	x25,x9,1776	  x9:0xffffc001 x25=0xffffc6f1
      265169000	     13156	80009ae4	8ca9	c.xor	x9,x10	  x9:0xffffc001 x10:0x00000008  x9=0xffffc009
      265189000	     13157	80009ae6	8f19	c.sub	x14,x14	 x14:0x7ffde16b x14:0x7ffde16b x14=0x00000000
      265209000	     13158	80009ae8	34002ef3	csrrs	x29,mscratch,x0	  x0:0x00000000 x29=0x00000004
      265229000	     13159	80009aec	1b7d	c.addi	x22,-1	 x22:0x00000000 x22=0xffffffff
      265249000	     13160	80009aee	876d	c.srai	x14,0x1b	 x14:0x00000000 x14=0x00000000
      265269000	     13161	80009af0	16467c93	andi	x25,x12,356	 x12:0x000005b4 x25=0x00000124
      265609000	     13178	80009af4	02b51563	bne	x10,x11,80009b1e	 x10:0x00000008 x11:0x80021e58
      265869000	     13191	80009b1e	9afd	c.andi	x13,-1	 x13:0x00000008 x13=0x00000008
      266309000	     13213	80009b20	bf7e8097	auipc	x1,0xbf7e8	  x1=0x3f7f1b20
      266329000	     13214	80009b24	0001	c.addi	x0,0	  x0:0x00000000  x0=0x00000000
      266349000	     13215	80009b26	8d01	c.sub	x10,x8	 x10:0x00000008  x8:0x00000008 x10=0x00000000
      266529000	     13224	80009b28	02d1a133	mulhsu	x2,x3,x13	  x3:0x58ce870e x13:0x00000008  x2=0x00000002
      266549000	     13225	80009b2c	bd92c193	xori	x3,x5,-1063	  x5:0x00000000  x3=0xfffffbd9
      266589000	     13227	80009b30	03c05133	divu	x2,x0,x28	  x0:0x00000000 x28:0x00000000  x2=0xffffffff
      266909000	     13243	80009b34	01bb5cb3	srl	x25,x22,x27	 x22:0xffffffff x27:0x00000000 x25=0xffffffff
      267109000	     13253	80009b38	34003ef3	csrrc	x29,mscratch,x0	  x0:0x00000000 x29=0x00000004
      267129000	     13254	80009b3c	8ba9	c.andi	x15,10	 x15:0x00000000 x15=0x00000000
      267509000	     13273	80009b3e	03cc7163	bgeu	x24,x28,80009b60	 x24:0x00000000 x28:0x00000000
      268469000	     13321	80009b60	c0a9	c.beqz	x9,80009ba2	  x9:0xffffc009
      268489000	     13322	80009b62	01654d33	xor	x26,x10,x22	 x10:0x00000000 x22:0xffffffff x26=0xffffffff
      268529000	     13324	80009b66	032c9833	mulh	x16,x25,x18	 x25:0xffffffff x18:0x00000000 x16=0x00000000
      268549000	     13325	80009b6a	0001	c.addi	x0,0	  x0:0x00000000  x0=0x00000000
      268569000	     13326	80009b6c	005ba533	slt	x10,x23,x5	 x23:0x2c66842d  x5:0x00000000 x10=0x00000000
      268949000	     13345	80009b70	8289	c.srli	x13,0x2	 x13:0x00000008 x13=0x00000002
      269369000	     13366	80009b72	017bec33	or	x24,x23,x23	 x23:0x2c66842d x23:0x2c66842d x24=0x2c66842d
      269389000	     13367	80009b76	8ffd	c.and	x15,x15	 x15:0x00000000 x15:0x00000000 x15=0x00000000
      269789000	     13387	80009b78	005a1663	bne	x20,x5,80009b84	 x20:0x00000000  x5:0x00000000
      270229000	     13409	80009b7c	03326133	rem	x2,x4,x19	  x4:0x00000001 x19:0x00000000  x2=0x00000001
      270309000	     13413	80009b80	03688cb3	mul	x25,x17,x22	 x17:0x58ce8208 x22:0xffffffff x25=0xa7317df8
      270329000	     13414	80009b84	80b9	c.srli	x9,0xe	  x9:0xffffc009  x9=0x0003ffff
      270349000	     13415	80009b86	00a4d613	srli	x12,x9,0xa	  x9:0x0003ffff x12=0x000000ff
      270369000	     13416	80009b8a	02570d33	mul	x26,x14,x5	 x14:0x00000000  x5:0x00000000 x26=0x00000000
      270389000	     13417	80009b8e	e515	c.bnez	x10,80009bba	 x10:0x00000000
      271129000	     13454	80009b90	02b96733	rem	x14,x18,x11	 x18:0x00000000 x11:0x80021e58 x14=0x00000000
      271149000	     13455	80009b94	22d6c513	xori	x10,x13,557	 x13:0x00000002 x10=0x0000022f
      271169000	     13456	80009b98	8e35	c.xor	x12,x13	 x12:0x000000ff x13:0x00000002 x12=0x000000fd
      271209000	     13458	80009b9a	02567633	remu	x12,x12,x5	 x12:0x000000fd  x5:0x00000000 x12=0x000000fd
      271229000	     13459	80009b9e	03c70763	beq	x14,x28,80009bcc	 x14:0x00000000 x28:0x00000000
      272669000	     13531	80009bcc	03796d33	rem	x26,x18,x23	 x18:0x00000000 x23:0x2c66842d x26=0x00000000
      272689000	     13532	80009bd0	e309	c.bnez	x14,80009bd2	 x14:0x00000000
      272709000	     13533	80009bd2	340026f3	csrrs	x13,mscratch,x0	  x0:0x00000000 x13=0x00000004
      272729000	     13534	80009bd6	340912f3	csrrw	x5,mscratch,x18	 x18:0x00000000  x5=0x00000004
      272749000	     13535	80009bda	979e	c.add	x15,x7	 x15:0x00000000  x7:0x00000303 x15=0x00000303
      272769000	     13536	80009bdc	0131e0b3	or	x1,x3,x19	  x3:0xfffffbd9 x19:0x00000000  x1=0xfffffbd9
      272789000	     13537	80009be0	02cc0eb3	mul	x29,x24,x12	 x24:0x2c66842d x12:0x000000fd x29=0xe150a079
      272809000	     13538	80009be4	02d84463	blt	x16,x13,80009c0c	 x16:0x00000000 x13:0x00000004
      276669000	     13731	80009c0c	04af5363	bge	x30,x10,80009c52	 x30:0xffffffff x10:0x0000022f
      276689000	     13732	80009c10	8e49	c.or	x12,x10	 x12:0x000000fd x10:0x0000022f x12=0x000002ff
      276709000	     13733	80009c12	01b64463	blt	x12,x27,80009c1a	 x12:0x000002ff x27:0x00000000
      276729000	     13734	80009c16	01ead833	srl	x16,x21,x30	 x21:0x00000000 x30:0xffffffff x16=0x00000000
      276749000	     13735	80009c1a	fb4c7f13	andi	x30,x24,-76	 x24:0x2c66842d x30=0x2c668424
      277189000	     13757	80009c1e	0ff0000f	fence	iorw,iorw	
      277209000	     13758	80009c22	c0a1	c.beqz	x9,80009c62	  x9:0x0003ffff
      277609000	     13778	80009c24	00066a33	or	x20,x12,x0	 x12:0x000002ff  x0:0x00000000 x20=0x000002ff
      277809000	     13788	80009c28	020d9533	mulh	x10,x27,x0	 x27:0x00000000  x0:0x00000000 x10=0x00000000
      277829000	     13789	80009c2c	4002db93	srai	x23,x5,0x0	  x5:0x00000004 x23=0x00000004
      278089000	     13802	80009c30	da9e4117	auipc	x2,0xda9e4	  x2=0x5a9edc30
      278109000	     13803	80009c34	3401d8f3	csrrwi	x17,mscratch,3	 x17=0x00000000
      278229000	     13809	80009c38	01af1d63	bne	x30,x26,80009c52	 x30:0x2c668424 x26:0x00000000
      278629000	     13829	80009c52	8675	c.srai	x12,0x1d	 x12:0x000002ff x12=0x00000000
      278649000	     13830	80009c54	340031f3	csrrc	x3,mscratch,x0	  x0:0x00000000  x3=0x00000003
      278669000	     13831	80009c58	0193d213	srli	x4,x7,0x19	  x7:0x00000303  x4=0x00000000
      278689000	     13832	80009c5c	340cb473	csrrc	x8,mscratch,x25	 x25:0xa7317df8  x8=0x00000003
      278849000	     13840	80009c60	8c1d	c.sub	x8,x15	  x8:0x00000003 x15:0x00000303  x8=0xfffffd00
      278869000	     13841	80009c62	8c05	c.sub	x8,x9	  x8:0xfffffd00  x9:0x0003ffff  x8=0xfffbfd01
      279269000	     13861	80009c64	028406b3	mul	x13,x8,x8	  x8:0xfffbfd01  x8:0xfffbfd01 x13=0x1800fa01
      279349000	     13865	80009c68	0096fe33	and	x28,x13,x9	 x13:0x1800fa01  x9:0x0003ffff x28=0x0000fa01
      279369000	     13866	80009c6c	41188db3	sub	x27,x17,x17	 x17:0x00000000 x17:0x00000000 x27=0x00000000
      279389000	     13867	80009c70	d00dfd13	andi	x26,x27,-768	 x27:0x00000000 x26=0x00000000
      279409000	     13868	80009c74	0179f663	bgeu	x19,x23,80009c80	 x19:0x00000000 x23:0x00000004
      279589000	     13877	80009c78	e899	c.bnez	x9,80009c8e	  x9:0x0003ffff
      280409000	     13918	80009c8e	400fdc93	srai	x25,x31,0x0	 x31:0x80025ce4 x25=0x80025ce4
      280449000	     13920	80009c92	02cf5033	divu	x0,x30,x12	 x30:0x2c668424 x12:0x00000000  x0=0x00000000
      280469000	     13921	80009c96	717d	c.addi16sp	x2,-16	  x2:0x5a9edc30  x2=0x5a9edc20
      280489000	     13922	80009c98	ea9d	c.bnez	x13,80009cce	 x13:0x1800fa01
      281809000	     13988	80009cce	0000100f	fence.i	
      283089000	     14052	80009cd2	039b9033	mulh	x0,x23,x25	 x23:0x00000004 x25:0x80025ce4  x0=0x00000000
      283109000	     14053	80009cd6	0649	c.addi	x12,18	 x12:0x00000000 x12=0x00000012
      283189000	     14057	80009cd8	6c96ab93	slti	x23,x13,1737	 x13:0x1800fa01 x23=0x00000000
      283209000	     14058	80009cdc	01ad22b3	slt	x5,x26,x26	 x26:0x00000000 x26:0x00000000  x5=0x00000000
      283349000	     14065	80009ce0	e40d	c.bnez	x8,80009d0a	  x8:0xfffbfd01
      284129000	     14104	80009d0a	0060a8b3	slt	x17,x1,x6	  x1:0xfffffbd9  x6:0x00000000 x17=0x00000001
      284149000	     14105	80009d0e	340ea673	csrrs	x12,mscratch,x29	 x29:0xe150a079 x12=0x00000003
      284909000	     14143	80009d12	031cedb3	rem	x27,x25,x17	 x25:0x80025ce4 x17:0x00000001 x27=0x00000000
      284929000	     14144	80009d16	8ce5	c.and	x9,x9	  x9:0x0003ffff  x9:0x0003ffff  x9=0x0003ffff
      284949000	     14145	80009d18	340221f3	csrrs	x3,mscratch,x4	  x4:0x00000000  x3=0xe150a07b
      284969000	     14146	80009d1c	03bc5863	bge	x24,x27,80009d4c	 x24:0x2c66842d x27:0x00000000
      285229000	     14159	80009d4c	340023f3	csrrs	x7,mscratch,x0	  x0:0x00000000  x7=0xe150a07b
      285369000	     14166	80009d50	06391163	bne	x18,x3,80009db2	 x18:0x00000000  x3:0xe150a07b
      286229000	     14209	80009db2	003037b3	sltu	x15,x0,x3	  x0:0x00000000  x3:0xe150a07b x15=0x00000001
      286249000	     14210	80009db6	ce05	c.beqz	x12,80009dee	 x12:0x00000003
      286649000	     14230	80009db8	c005	c.beqz	x8,80009dd8	  x8:0xfffbfd01
      286669000	     14231	80009dba	e209	c.bnez	x12,80009dbc	 x12:0x00000003
      287369000	     14266	80009dbc	0001	c.addi	x0,0	  x0:0x00000000  x0=0x00000000
      287389000	     14267	80009dbe	149aa493	slti	x9,x21,329	 x21:0x00000000  x9=0x00000001
      287409000	     14268	80009dc2	499d	c.li	x19,7	 x19=0x00000007
      287449000	     14270	80009dc4	028d1a33	mulh	x20,x26,x8	 x26:0x00000000  x8:0xfffbfd01 x20=0x00000000
      287469000	     14271	80009dc8	340028f3	csrrs	x17,mscratch,x0	  x0:0x00000000 x17=0xe150a07b
      287489000	     14272	80009dcc	0001	c.addi	x0,0	  x0:0x00000000  x0=0x00000000
      287509000	     14273	80009dce	0000100f	fence.i	
      287749000	     14285	80009dd2	02c711b3	mulh	x3,x14,x12	 x14:0x00000000 x12:0x00000003  x3=0x00000000
      287769000	     14286	80009dd6	1510	c.addi4spn	x12,x2,672	 x12=0x5a9edec0
      287829000	     14289	80009dd8	408c5f33	sra	x30,x24,x8	 x24:0x2c66842d  x8:0xfffbfd01 x30=0x16334216
      287849000	     14290	80009ddc	01ee6833	or	x16,x28,x30	 x28:0x0000fa01 x30:0x16334216 x16=0x1633fa17
      287869000	     14291	80009de0	cd1d	c.beqz	x10,80009e1e	 x10:0x00000000
      288309000	     14313	80009e1e	018e	c.slli	x3,0x3	  x3:0x00000000  x3=0x00000000
      288329000	     14314	80009e20	005f1cb3	sll	x25,x30,x5	 x30:0x16334216  x5:0x00000000 x25=0x16334216
      288389000	     14317	80009e24	34003773	csrrc	x14,mscratch,x0	  x0:0x00000000 x14=0xe150a07b
      288509000	     14323	80009e28	006f8663	beq	x31,x6,80009e34	 x31:0x80025ce4  x6:0x00000000
      288689000	     14332	80009e2c	02c88db3	mul	x27,x17,x12	 x17:0xe150a07b x12:0x5a9edec0 x27=0x318d0640
      288709000	     14333	80009e30	34003f73	csrrc	x30,mscratch,x0	  x0:0x00000000 x30=0xe150a07b
      288729000	     14334	80009e34	80dd	c.srli	x9,0x17	  x9:0x00000001  x9=0x00000000
      288749000	     14335	80009e36	8245	c.srli	x12,0x11	 x12:0x5a9edec0 x12=0x00002d4f
      289149000	     14355	80009e38	a9e3a293	slti	x5,x7,-1378	  x7:0xe150a07b  x5=0x00000001
      289169000	     14356	80009e3c	82b9	c.srli	x13,0xe	 x13:0x1800fa01 x13=0x00006003
      289189000	     14357	80009e3e	34003cf3	csrrc	x25,mscratch,x0	  x0:0x00000000 x25=0xe150a07b
      289209000	     14358	80009e42	1c84	c.addi4spn	x9,x2,624	  x9=0x5a9ede90
      289389000	     14367	80009e44	0100bd33	sltu	x26,x1,x16	  x1:0xfffffbd9 x16:0x1633fa17 x26=0x00000000
      289409000	     14368	80009e48	024d87b3	mul	x15,x27,x4	 x27:0x318d0640  x4:0x00000000 x15=0x00000000
      289829000	     14389	80009e4c	01877eb3	and	x29,x14,x24	 x14:0xe150a07b x24:0x2c66842d x29=0x20408029
      290069000	     14401	80009e50	01216463	bltu	x2,x18,80009e58	  x2:0x5a9edc20 x18:0x00000000
      290089000	     14402	80009e54	8116	c.mv	x2,x5	  x0:0x00000000  x5:0x00000001  x2=0x00000001
      290109000	     14403	80009e56	cb85	c.beqz	x15,80009e86	 x15:0x00000000
      290349000	     14415	80009e86	8f8d	c.sub	x15,x11	 x15:0x00000000 x11:0x80021e58 x15=0x7ffde1a8
      290769000	     14436	80009e88	00ca9c13	slli	x24,x21,0xc	 x21:0x00000000 x24=0x00000000
      291109000	     14453	80009e8c	0182ebb3	or	x23,x5,x24	  x5:0x00000001 x24:0x00000000 x23=0x00000001
      291529000	     14474	80009e90	4da5	c.li	x27,9	 x27=0x00000009
      291549000	     14475	80009e92	00de4bb3	xor	x23,x28,x13	 x28:0x0000fa01 x13:0x00006003 x23=0x00009a02
      291949000	     14495	80009e96	83d00d13	addi	x26,x0,-1987	  x0:0x00000000 x26=0xfffff83d
      292229000	     14509	80009e9a	34045c73	csrrwi	x24,mscratch,8	 x24=0xe150a07b
      292249000	     14510	80009e9e	cb002193	slti	x3,x0,-848	  x0:0x00000000  x3=0x00000000
      292269000	     14511	80009ea2	6e8f7613	andi	x12,x30,1768	 x30:0xe150a07b x12=0x00000068
      292309000	     14513	80009ea6	0242ee33	rem	x28,x5,x4	  x5:0x00000001  x4:0x00000000 x28=0x00000001
      292329000	     14514	80009eaa	021ff663	bgeu	x31,x1,80009ed6	 x31:0x80025ce4  x1:0xfffffbd9
      292349000	     14515	80009eae	8c2d	c.xor	x8,x11	  x8:0xfffbfd01 x11:0x80021e58  x8=0x7ff9e359
      292369000	     14516	80009eb0	6141	c.addi16sp	x2,16	  x2:0x00000001  x2=0x00000011
      292509000	     14523	80009eb2	31238b93	addi	x23,x7,786	  x7:0xe150a07b x23=0xe150a38d
      292649000	     14530	80009eb6	0ff0000f	fence	iorw,iorw	
      293049000	     14550	80009eba	0050e763	bltu	x1,x5,80009ec8	  x1:0xfffffbd9  x5:0x00000001
      293069000	     14551	80009ebe	9252	c.add	x4,x20	  x4:0x00000000 x20:0x00000000  x4=0x00000000
      293089000	     14552	80009ec0	34003bf3	csrrc	x23,mscratch,x0	  x0:0x00000000 x23=0x00000008
      293329000	     14564	80009ec4	019e0b33	add	x22,x28,x25	 x28:0x00000001 x25:0xe150a07b x22=0xe150a07c
      293389000	     14567	80009ec8	6155	c.addi16sp	x2,304	  x2:0x00000011  x2=0x00000141
      293409000	     14568	80009eca	002146b3	xor	x13,x2,x2	  x2:0x00000141  x2:0x00000141 x13=0x00000000
      293429000	     14569	80009ece	0000100f	fence.i	
      294369000	     14616	80009ed2	000bd713	srli	x14,x23,0x0	 x23:0x00000008 x14=0x00000008
      294389000	     14617	80009ed6	b97223b7	lui	x7,0xb9722	  x7=0xb9722000
      294409000	     14618	80009eda	e681	c.bnez	x13,80009ee2	 x13:0x00000000
      294809000	     14638	80009edc	34002d73	csrrs	x26,mscratch,x0	  x0:0x00000000 x26=0x00000008
      294969000	     14646	80009ee0	1508	c.addi4spn	x10,x2,672	 x10=0x000003e1
      294989000	     14647	80009ee2	008b4863	blt	x22,x8,80009ef2	 x22:0xe150a07c  x8:0x7ff9e359
      295949000	     14695	80009ef2	0001	c.addi	x0,0	  x0:0x00000000  x0=0x00000000
      295989000	     14697	80009ef4	03fb1db3	mulh	x27,x22,x31	 x22:0xe150a07c x31:0x80025ce4 x27=0x0f576740
      296009000	     14698	80009ef8	0386c663	blt	x13,x24,80009f24	 x13:0x00000000 x24:0xe150a07b
      296829000	     14739	80009efc	037877b3	remu	x15,x16,x23	 x16:0x1633fa17 x23:0x00000008 x15=0x00000007
      296849000	     14740	80009f00	8c99	c.sub	x9,x14	  x9:0x5a9ede90 x14:0x00000008  x9=0x5a9ede88
      296869000	     14741	80009f02	340f3073	csrrc	x0,mscratch,x30	 x30:0xe150a07b  x0=0x00000000
      296889000	     14742	80009f06	340069f3	csrrsi	x19,mscratch,0	 x19=0x00000000
      296909000	     14743	80009f0a	34053873	csrrc	x16,mscratch,x10	 x10:0x000003e1 x16=0x00000000
      296929000	     14744	80009f0e	68529097	auipc	x1,0x68529	  x1=0xe8532f0e
      296949000	     14745	80009f12	017ee6b3	or	x13,x29,x23	 x29:0x20408029 x23:0x00000008 x13=0x20408029
      296969000	     14746	80009f16	8e91	c.sub	x13,x12	 x13:0x20408029 x12:0x00000068 x13=0x20407fc1
      296989000	     14747	80009f18	f9073c93	sltiu	x25,x14,-112	 x14:0x00000008 x25=0x00000001
      297029000	     14749	80009f1c	03822c33	mulhsu	x24,x4,x24	  x4:0x00000000 x24:0xe150a07b x24=0x00000000
      297089000	     14752	80009f20	4168d293	srai	x5,x17,0x16	 x17:0xe150a07b  x5=0xffffff85
      297249000	     14760	80009f24	0000100f	fence.i	
      297809000	     14788	80009f28	79190b93	addi	x23,x18,1937	 x18:0x00000000 x23=0x00000791
      298169000	     14806	80009f2c	0000100f	fence.i	
      298489000	     14822	80009f30	340234f3	csrrc	x9,mscratch,x4	  x4:0x00000000  x9=0x00000000
      298629000	     14829	80009f34	0001	c.addi	x0,0	  x0:0x00000000  x0=0x00000000
      299369000	     14866	80009f36	0369d1b3	divu	x3,x19,x22	 x19:0x00000000 x22:0xe150a07c  x3=0x00000000
      299389000	     14867	80009f3a	340991f3	csrrw	x3,mscratch,x19	 x19:0x00000000  x3=0x00000000
      299409000	     14868	80009f3e	0003dd93	srli	x27,x7,0x0	  x7:0xb9722000 x27=0xb9722000
      299449000	     14870	80009f42	03831933	mulh	x18,x6,x24	  x6:0x00000000 x24:0x00000000 x18=0x00000000
      299469000	     14871	80009f46	c4ec4397	auipc	x7,0xc4ec4	  x7=0x44ecdf46
      299489000	     14872	80009f4a	ed15	c.bnez	x10,80009f86	 x10:0x000003e1
      299609000	     14878	80009f86	34035df3	csrrwi	x27,mscratch,6	 x27=0x00000000
      299629000	     14879	80009f8a	9a16	c.add	x20,x5	 x20:0x00000000  x5:0xffffff85 x20=0xffffff85
      299649000	     14880	80009f8c	01f61e63	bne	x12,x31,80009fa8	 x12:0x00000068 x31:0x80025ce4
      300289000	     14912	80009fa8	0561	c.addi	x10,24	 x10:0x000003e1 x10=0x000003f9
      300309000	     14913	80009faa	00ac17b3	sll	x15,x24,x10	 x24:0x00000000 x10:0x000003f9 x15=0x00000000
      300329000	     14914	80009fae	8c0d	c.sub	x8,x11	  x8:0x7ff9e359 x11:0x80021e58  x8=0xfff7c501
      301129000	     14954	80009fb0	027d71b3	remu	x3,x26,x7	 x26:0x00000008  x7:0x44ecdf46  x3=0x00000008
      301149000	     14955	80009fb4	011786b3	add	x13,x15,x17	 x15:0x00000000 x17:0xe150a07b x13=0xe150a07b
      301169000	     14956	80009fb8	cf01	c.beqz	x14,80009fd0	 x14:0x00000008
      301189000	     14957	80009fba	016d52b3	srl	x5,x26,x22	 x26:0x00000008 x22:0xe150a07c  x5=0x00000000
      301209000	     14958	80009fbe	009a4c63	blt	x20,x9,80009fd6	 x20:0xffffff85  x9:0x00000000
      302109000	     15003	80009fd6	34003cf3	csrrc	x25,mscratch,x0	  x0:0x00000000 x25=0x00000006
      302229000	     15009	80009fda	00f71263	bne	x14,x15,80009fde	 x14:0x00000008 x15:0x00000000
      302849000	     15040	80009fde	01539213	slli	x4,x7,0x15	  x7:0x44ecdf46  x4=0xe8c00000
      303709000	     15083	80009fe2	034e69b3	rem	x19,x28,x20	 x28:0x00000001 x20:0xffffff85 x19=0x00000001
      303729000	     15084	80009fe6	8719	c.srai	x14,0x6	 x14:0x00000008 x14=0x00000000
      303749000	     15085	80009fe8	9afd	c.andi	x13,-1	 x13:0xe150a07b x13=0xe150a07b
      303769000	     15086	80009fea	57fd	c.li	x15,-1	 x15=0xffffffff
      304509000	     15123	80009fec	02175cb3	divu	x25,x14,x1	 x14:0x00000000  x1:0xe8532f0e x25=0x00000000
      304529000	     15124	80009ff0	00e103b3	add	x7,x2,x14	  x2:0x00000141 x14:0x00000000  x7=0x00000141
      304549000	     15125	80009ff4	0000100f	fence.i	
      304709000	     15133	80009ff8	1888	c.addi4spn	x10,x2,112	 x10=0x000001b1
      304749000	     15135	80009ffa	03837233	remu	x4,x6,x24	  x6:0x00000000 x24:0x00000000  x4=0x00000000
      305489000	     15172	80009ffe	033bd233	divu	x4,x23,x19	 x23:0x00000791 x19:0x00000001  x4=0x00000791
      305529000	     15174	8000a002	03f93d33	mulhu	x26,x18,x31	 x18:0x00000000 x31:0x80025ce4 x26=0x00000000
      305569000	     15176	8000a006	02b412b3	mulh	x5,x8,x11	  x8:0xfff7c501 x11:0x80021e58  x5=0x00041d6e
      305589000	     15177	8000a00a	088a	c.slli	x17,0x2	 x17:0xe150a07b x17=0x854281ec
      306329000	     15214	8000a00c	02767ab3	remu	x21,x12,x7	 x12:0x00000068  x7:0x00000141 x21=0x00000068
      306349000	     15215	8000a010	11fd	c.addi	x3,-1	  x3:0x00000008  x3=0x00000007
      306369000	     15216	8000a012	172d7213	andi	x4,x26,370	 x26:0x00000000  x4=0x00000000
      306389000	     15217	8000a016	010fc033	xor	x0,x31,x16	 x31:0x80025ce4 x16:0x00000000  x0=0x00000000
      306409000	     15218	8000a01a	5afd	c.li	x21,-1	 x21=0xffffffff
      306429000	     15219	8000a01c	3401bc73	csrrc	x24,mscratch,x3	  x3:0x00000007 x24=0x00000006
      306449000	     15220	8000a020	01f5e633	or	x12,x11,x31	 x11:0x80021e58 x31:0x80025ce4 x12=0x80025efc
      306469000	     15221	8000a024	022f0e33	mul	x28,x30,x2	 x30:0xe150a07b  x2:0x00000141 x28=0x86193a3b
      306489000	     15222	8000a028	0ff0000f	fence	iorw,iorw	
      306549000	     15225	8000a02c	eed06513	ori	x10,x0,-275	  x0:0x00000000 x10=0xfffffeed
      306989000	     15247	8000a030	03d816b3	mulh	x13,x16,x29	 x16:0x00000000 x29:0x20408029 x13=0x00000000
      307009000	     15248	8000a034	34007c73	csrrci	x24,mscratch,0	 x24=0x00000000
      307029000	     15249	8000a038	8f9d	c.sub	x15,x15	 x15:0xffffffff x15:0xffffffff x15=0x00000000
      307049000	     15250	8000a03a	6179	c.addi16sp	x2,464	  x2:0x00000141  x2=0x00000311
      307069000	     15251	8000a03c	01585133	srl	x2,x16,x21	 x16:0x00000000 x21:0xffffffff  x2=0x00000000
      307369000	     15266	8000a040	01ca68b3	or	x17,x20,x28	 x20:0xffffff85 x28:0x86193a3b x17=0xffffffbf
      307389000	     15267	8000a044	01fba633	slt	x12,x23,x31	 x23:0x00000791 x31:0x80025ce4 x12=0x00000000
      307409000	     15268	8000a048	017cfbb3	and	x23,x25,x23	 x25:0x00000000 x23:0x00000791 x23=0x00000000
      307829000	     15289	8000a04c	5d7d	c.li	x26,-1	 x26=0xffffffff
      307849000	     15290	8000a04e	8175	c.srli	x10,0x1d	 x10:0xfffffeed x10=0x00000007
      308249000	     15310	8000a050	311a2913	slti	x18,x20,785	 x20:0xffffff85 x18=0x00000001
      308989000	     15347	8000a054	021ada33	divu	x20,x21,x1	 x21:0xffffffff  x1:0xe8532f0e x20=0x00000001
      309009000	     15348	8000a058	4bd5	c.li	x23,21	 x23=0x00000015
      309029000	     15349	8000a05a	86d5	c.srai	x13,0x15	 x13:0x00000000 x13=0x00000000
      309049000	     15350	8000a05c	717d	c.addi16sp	x2,-16	  x2:0x00000000  x2=0xfffffff0
      309069000	     15351	8000a05e	5ece6b93	ori	x23,x28,1516	 x28:0x86193a3b x23=0x86193fff
      309089000	     15352	8000a062	9def6193	ori	x3,x30,-1570	 x30:0xe150a07b  x3=0xfffff9ff
      309109000	     15353	8000a066	8c11	c.sub	x8,x12	  x8:0xfff7c501 x12:0x00000000  x8=0xfff7c501
      309849000	     15390	8000a068	02bb6833	rem	x16,x22,x11	 x22:0xe150a07c x11:0x80021e58 x16=0xe150a07c
      309869000	     15391	8000a06c	0ff0000f	fence	iorw,iorw	
      309889000	     15392	8000a070	1a14	c.addi4spn	x13,x2,304	 x13=0x00000120
      309909000	     15393	8000a072	8489	c.srai	x9,0x2	  x9:0x00000000  x9=0x00000000
      309929000	     15394	8000a074	3409f6f3	csrrci	x13,mscratch,19	 x13=0x00000000
      309949000	     15395	8000a078	c5def013	andi	x0,x29,-931	 x29:0x20408029  x0=0x00000000
      309969000	     15396	8000a07c	001bfe63	bgeu	x23,x1,8000a098	 x23:0x86193fff  x1:0xe8532f0e
      310709000	     15433	8000a080	034278b3	remu	x17,x4,x20	  x4:0x00000000 x20:0x00000001 x17=0x00000000
      310729000	     15434	8000a084	340b1a73	csrrw	x20,mscratch,x22	 x22:0xe150a07c x20=0x00000000
      310749000	     15435	8000a088	3409d073	csrrwi	x0,mscratch,19	  x0=0x00000000
      310769000	     15436	8000a08c	031b4763	blt	x22,x17,8000a0ba	 x22:0xe150a07c x17:0x00000000
      311469000	     15471	8000a0ba	021a30b3	mulhu	x1,x20,x1	 x20:0x00000000  x1:0xe8532f0e  x1=0x00000000
      311489000	     15472	8000a0be	0000100f	fence.i	
      311929000	     15494	8000a0c2	8ee1	c.and	x13,x8	 x13:0x00000000  x8:0xfff7c501 x13=0x00000000
      311949000	     15495	8000a0c4	83a9	c.srli	x15,0xa	 x15:0x00000000 x15=0x00000000
      311989000	     15497	8000a0c6	03ad0863	beq	x26,x26,8000a0f6	 x26:0xffffffff x26:0xffffffff
      312649000	     15530	8000a0f6	41215eb3	sra	x29,x2,x18	  x2:0xfffffff0 x18:0x00000001 x29=0xfffffff8
      312809000	     15538	8000a0fa	0ff0000f	fence	iorw,iorw	
      312849000	     15540	8000a0fe	034fed33	rem	x26,x31,x20	 x31:0x80025ce4 x20:0x00000000 x26=0x80025ce4
      312869000	     15541	8000a102	00049893	slli	x17,x9,0x0	  x9:0x00000000 x17=0x00000000
      312889000	     15542	8000a106	0ff0000f	fence	iorw,iorw	
      312989000	     15547	8000a10a	004ec533	xor	x10,x29,x4	 x29:0xfffffff8  x4:0x00000000 x10=0xfffffff8
      313009000	     15548	8000a10e	3401fc73	csrrci	x24,mscratch,3	 x24=0x00000013
      313029000	     15549	8000a112	8eb2	c.mv	x29,x12	  x0:0x00000000 x12:0x00000000 x29=0x00000000
      313129000	     15554	8000a114	34002e73	csrrs	x28,mscratch,x0	  x0:0x00000000 x28=0x00000010
      313289000	     15562	8000a118	02faf833	remu	x16,x21,x15	 x21:0xffffffff x15:0x00000000 x16=0xffffffff
      313389000	     15567	8000a11c	9e70e1b7	lui	x3,0x9e70e	  x3=0x9e70e000
      313729000	     15584	8000a120	01893f33	sltu	x30,x18,x24	 x18:0x00000001 x24:0x00000013 x30=0x00000001
      313749000	     15585	8000a124	987d	c.andi	x8,-1	  x8:0xfff7c501  x8=0xfff7c501
      313769000	     15586	8000a126	8fd1	c.or	x15,x12	 x15:0x00000000 x12:0x00000000 x15=0x00000000
      313989000	     15597	8000a128	00df5263	bge	x30,x13,8000a12c	 x30:0x00000001 x13:0x00000000
      314989000	     15647	8000a12c	00b580b3	add	x1,x11,x11	 x11:0x80021e58 x11:0x80021e58  x1=0x00043cb0
      315009000	     15648	8000a130	177d	c.addi	x14,-1	 x14:0x00000000 x14=0xffffffff
      315129000	     15654	8000a132	01769663	bne	x13,x23,8000a13e	 x13:0x00000000 x23:0x86193fff
      315529000	     15674	8000a13e	03c4a933	mulhsu	x18,x9,x28	  x9:0x00000000 x28:0x00000010 x18=0x00000000
      315569000	     15676	8000a142	01ec80b3	add	x1,x25,x30	 x25:0x00000000 x30:0x00000001  x1=0x00000001
      315589000	     15677	8000a146	340b91f3	csrrw	x3,mscratch,x23	 x23:0x86193fff  x3=0x00000010
      315609000	     15678	8000a14a	02139163	bne	x7,x1,8000a16c	  x7:0x00000141  x1:0x00000001
      315969000	     15696	8000a16c	03909e63	bne	x1,x25,8000a1a8	  x1:0x00000001 x25:0x00000000
      316609000	     15728	8000a1a8	001a9a13	slli	x20,x21,0x1	 x21:0xffffffff x20=0xfffffffe
      316769000	     15736	8000a1ac	039eef33	rem	x30,x29,x25	 x29:0x00000000 x25:0x00000000 x30=0x00000000
      317169000	     15756	8000a1b0	00d39e93	slli	x29,x7,0xd	  x7:0x00000141 x29=0x00282000
      317189000	     15757	8000a1b4	34007c73	csrrci	x24,mscratch,0	 x24=0x86193fff
      317349000	     15765	8000a1b8	0ff0000f	fence	iorw,iorw	
      317369000	     15766	8000a1bc	00419993	slli	x19,x3,0x4	  x3:0x00000010 x19=0x00000100
      317389000	     15767	8000a1c0	4131	c.li	x2,12	  x2=0x0000000c
      317409000	     15768	8000a1c2	40e15d33	sra	x26,x2,x14	  x2:0x0000000c x14:0xffffffff x26=0x00000000
      317649000	     15780	8000a1c6	deff7d93	andi	x27,x30,-529	 x30:0x00000000 x27=0x00000000
      317669000	     15781	8000a1ca	868a	c.mv	x13,x2	  x0:0x00000000  x2:0x0000000c x13=0x0000000c
      317869000	     15791	8000a1cc	01a9d6b3	srl	x13,x19,x26	 x19:0x00000100 x26:0x00000000 x13=0x00000100
      317889000	     15792	8000a1d0	20a33193	sltiu	x3,x6,522	  x6:0x00000000  x3=0x00000001
      318309000	     15813	8000a1d4	0116e6b3	or	x13,x13,x17	 x13:0x00000100 x17:0x00000000 x13=0x00000100
      318329000	     15814	8000a1d8	34006a73	csrrsi	x20,mscratch,0	 x20=0x86193fff
      318409000	     15818	8000a1dc	00be1db3	sll	x27,x28,x11	 x28:0x00000010 x11:0x80021e58 x27=0x10000000
      318829000	     15839	8000a1e0	0001	c.addi	x0,0	  x0:0x00000000  x0=0x00000000
      319189000	     15857	8000a1e2	012bb233	sltu	x4,x23,x18	 x23:0x86193fff x18:0x00000000  x4=0x00000000
      319209000	     15858	8000a1e6	597d	c.li	x18,-1	 x18=0xffffffff
      319469000	     15871	8000a1e8	00ea33b3	sltu	x7,x20,x14	 x20:0x86193fff x14:0xffffffff  x7=0x00000001
      319489000	     15872	8000a1ec	8fad	c.xor	x15,x11	 x15:0x00000000 x11:0x80021e58 x15=0x80021e58
      319509000	     15873	8000a1ee	00d25233	srl	x4,x4,x13	  x4:0x00000000 x13:0x00000100  x4=0x00000000
      319529000	     15874	8000a1f2	612d	c.addi16sp	x2,224	  x2:0x0000000c  x2=0x000000ec
      319549000	     15875	8000a1f4	611d	c.addi16sp	x2,416	  x2:0x000000ec  x2=0x0000028c
      319589000	     15877	8000a1f6	03f5a033	mulhsu	x0,x11,x31	 x11:0x80021e58 x31:0x80025ce4  x0=0x00000000
      319609000	     15878	8000a1fa	004aec63	bltu	x21,x4,8000a212	 x21:0xffffffff  x4:0x00000000
      319629000	     15879	8000a1fe	0001	c.addi	x0,0	  x0:0x00000000  x0=0x00000000
      319889000	     15892	8000a200	09ada693	slti	x13,x27,154	 x27:0x10000000 x13=0x00000000
      320309000	     15913	8000a204	8e4d	c.or	x12,x11	 x12:0x00000000 x11:0x80021e58 x12=0x80021e58
      320329000	     15914	8000a206	03118c63	beq	x3,x17,8000a23e	  x3:0x00000001 x17:0x00000000
      320349000	     15915	8000a20a	41d40833	sub	x16,x8,x29	  x8:0xfff7c501 x29:0x00282000 x16=0xffcfa501
      320369000	     15916	8000a20e	d6a74c93	xori	x25,x14,-662	 x14:0xffffffff x25=0x00000295
      320389000	     15917	8000a212	8c9d	c.sub	x9,x15	  x9:0x00000000 x15:0x80021e58  x9=0x7ffde1a8
      320789000	     15937	8000a214	8f89	c.sub	x15,x10	 x15:0x80021e58 x10:0xfffffff8 x15=0x80021e60
      320809000	     15938	8000a216	8489bc93	sltiu	x25,x19,-1976	 x19:0x00000100 x25=0x00000001
      320829000	     15939	8000a21a	05ece463	bltu	x25,x30,8000a262	 x25:0x00000001 x30:0x00000000
      320849000	     15940	8000a21e	3406e4f3	csrrsi	x9,mscratch,13	  x9=0x86193fff
      320869000	     15941	8000a222	3400d3f3	csrrwi	x7,mscratch,1	  x7=0x86193fff
      321489000	     15972	8000a226	0071df13	srli	x30,x3,0x7	  x3:0x00000001 x30=0x00000000
      321609000	     15978	8000a22a	05145063	bge	x8,x17,8000a26a	  x8:0xfff7c501 x17:0x00000000
      321789000	     15987	8000a22e	21a9b713	sltiu	x14,x19,538	 x19:0x00000100 x14=0x00000001
      321809000	     15988	8000a232	03709e63	bne	x1,x23,8000a26e	  x1:0x00000001 x23:0x86193fff
      322069000	     16001	8000a26e	8ec6	c.mv	x29,x17	  x0:0x00000000 x17:0x00000000 x29=0x00000000
      322229000	     16009	8000a270	00c5d6b3	srl	x13,x11,x12	 x11:0x80021e58 x12:0x80021e58 x13=0x00000080
      323069000	     16051	8000a274	03f15933	divu	x18,x2,x31	  x2:0x0000028c x31:0x80025ce4 x18=0x00000000
      323089000	     16052	8000a278	03331563	bne	x6,x19,8000a2a2	  x6:0x00000000 x19:0x00000100
      323169000	     16056	8000a2a2	8e71	c.and	x12,x12	 x12:0x80021e58 x12:0x80021e58 x12=0x80021e58
      323549000	     16075	8000a2a4	006bcc63	blt	x23,x6,8000a2bc	 x23:0x86193fff  x6:0x00000000
      324449000	     16120	8000a2bc	11fd	c.addi	x3,-1	  x3:0x00000001  x3=0x00000000
      324649000	     16130	8000a2be	00a5db63	bge	x11,x10,8000a2d4	 x11:0x80021e58 x10:0xfffffff8
      324669000	     16131	8000a2c2	80e1	c.srli	x9,0x18	  x9:0x86193fff  x9=0x00000086
      324809000	     16138	8000a2c4	00b95813	srli	x16,x18,0xb	 x18:0x00000000 x16=0x00000000
      325229000	     16159	8000a2c8	6829	c.lui	x16,0xa	 x16=0x0000a000
      325349000	     16165	8000a2ca	20276713	ori	x14,x14,514	 x14:0x00000001 x14=0x00000203
      325669000	     16181	8000a2ce	bc1c3ab7	lui	x21,0xbc1c3	 x21=0xbc1c3000
      325689000	     16182	8000a2d2	8479	c.srai	x8,0x1e	  x8:0xfff7c501  x8=0xffffffff
      325709000	     16183	8000a2d4	03a289b3	mul	x19,x5,x26	  x5:0x00041d6e x26:0x00000000 x19=0x00000000
      326109000	     16203	8000a2d8	35422913	slti	x18,x4,852	  x4:0x00000000 x18=0x00000001
      326449000	     16220	8000a2dc	0005e363	bltu	x11,x0,8000a2e2	 x11:0x80021e58  x0:0x00000000
      326469000	     16221	8000a2e0	ce15	c.beqz	x12,8000a31c	 x12:0x80021e58
      326489000	     16222	8000a2e2	340b9473	csrrw	x8,mscratch,x23	 x23:0x86193fff  x8=0x00000001
      326509000	     16223	8000a2e6	678d	c.lui	x15,0x3	 x15=0x00003000
      326589000	     16227	8000a2e8	402e5433	sra	x8,x28,x2	 x28:0x00000010  x2:0x0000028c  x8=0x00000000
      326669000	     16231	8000a2ec	796db493	sltiu	x9,x27,1942	 x27:0x10000000  x9=0x00000000
      326969000	     16246	8000a2f0	8d0d	c.sub	x10,x11	 x10:0xfffffff8 x11:0x80021e58 x10=0x7ffde1a0
      326989000	     16247	8000a2f2	0001	c.addi	x0,0	  x0:0x00000000  x0=0x00000000
      327029000	     16249	8000a2f4	024740b3	div	x1,x14,x4	 x14:0x00000203  x4:0x00000000  x1=0xffffffff
      327049000	     16250	8000a2f8	340022f3	csrrs	x5,mscratch,x0	  x0:0x00000000  x5=0x86193fff
      327329000	     16264	8000a2fc	008bd8b3	srl	x17,x23,x8	 x23:0x86193fff  x8:0x00000000 x17=0x86193fff
      328069000	     16301	8000a300	03f1c3b3	div	x7,x3,x31	  x3:0x00000000 x31:0x80025ce4  x7=0x00000000
      328089000	     16302	8000a304	ce01	c.beqz	x12,8000a31c	 x12:0x80021e58
      328109000	     16303	8000a306	40fa5a93	srai	x21,x20,0xf	 x20:0x86193fff x21=0xffff0c32
      328129000	     16304	8000a30a	20cfca13	xori	x20,x31,524	 x31:0x80025ce4 x20=0x80025ee8
      328149000	     16305	8000a30e	6c95	c.lui	x25,0x5	 x25=0x00005000
      328169000	     16306	8000a310	340e68f3	csrrsi	x17,mscratch,28	 x17=0x86193fff
      328189000	     16307	8000a314	3407f673	csrrci	x12,mscratch,15	 x12=0x86193fff
      328209000	     16308	8000a318	01edd113	srli	x2,x27,0x1e	 x27:0x10000000  x2=0x00000000
      328269000	     16311	8000a31c	01e89133	sll	x2,x17,x30	 x17:0x86193fff x30:0x00000000  x2=0x86193fff
      328329000	     16314	8000a320	bd9d4e13	xori	x28,x26,-1063	 x26:0x00000000 x28=0xfffffbd9
      328349000	     16315	8000a324	872ead93	slti	x27,x29,-1934	 x29:0x00000000 x27=0x00000000
      328769000	     16336	8000a328	3408eb73	csrrsi	x22,mscratch,17	 x22=0x86193ff0
      328789000	     16337	8000a32c	1fe1fa13	andi	x20,x3,510	  x3:0x00000000 x20=0x00000000
      328869000	     16341	8000a330	6da5	c.lui	x27,0x9	 x27=0x00009000
      328949000	     16345	8000a332	00ae5a13	srli	x20,x28,0xa	 x28:0xfffffbd9 x20=0x003ffffe
      328969000	     16346	8000a336	01f9bb33	sltu	x22,x19,x31	 x19:0x00000000 x31:0x80025ce4 x22=0x00000001
      328989000	     16347	8000a33a	083e	c.slli	x16,0xf	 x16:0x0000a000 x16=0x50000000
      329729000	     16384	8000a33c	03685e33	divu	x28,x16,x22	 x16:0x50000000 x22:0x00000001 x28=0x50000000
      329769000	     16386	8000a340	03d5c233	div	x4,x11,x29	 x11:0x80021e58 x29:0x00000000  x4=0xffffffff
      329789000	     16387	8000a344	340edaf3	csrrwi	x21,mscratch,29	 x21=0x86193ff1
      330529000	     16424	8000a348	03cbda33	divu	x20,x23,x28	 x23:0x86193fff x28:0x50000000 x20=0x00000001
      331269000	     16461	8000a34c	024340b3	div	x1,x6,x4	  x6:0x00000000  x4:0xffffffff  x1=0x00000000
      332909000	     16543	8000a350	8162	c.mv	x2,x24	  x0:0x00000000 x24:0x86193fff  x2=0x86193fff
      333649000	     16580	8000a352	035279b3	remu	x19,x4,x21	  x4:0xffffffff x21:0x86193ff1 x19=0x79e6c00e
      333669000	     16581	8000a356	006a51b3	srl	x3,x20,x6	 x20:0x00000001  x6:0x00000000  x3=0x00000001
      333689000	     16582	8000a35a	01a26eb3	or	x29,x4,x26	  x4:0xffffffff x26:0x00000000 x29=0xffffffff
      333709000	     16583	8000a35e	718d8d93	addi	x27,x27,1816	 x27:0x00009000 x27=0x00009718
      333729000	     16584	8000a362	356fac93	slti	x25,x31,854	 x31:0x80025ce4 x25=0x00000001
      333749000	     16585	8000a366	018c57b3	srl	x15,x24,x24	 x24:0x86193fff x24:0x86193fff x15=0x00000001
      333769000	     16586	8000a36a	0ff0000f	fence	iorw,iorw	
      333809000	     16588	8000a36e	00180133	add	x2,x16,x1	 x16:0x50000000  x1:0x00000000  x2=0x50000000
      333829000	     16589	8000a372	9219c093	xori	x1,x19,-1759	 x19:0x79e6c00e  x1=0x8619392f
      333849000	     16590	8000a376	bfcd3993	sltiu	x19,x26,-1028	 x26:0x00000000 x19=0x00000001
      333949000	     16595	8000a37a	404f0533	sub	x10,x30,x4	 x30:0x00000000  x4:0xffffffff x10=0x00000001
      334209000	     16608	8000a37e	03f9f463	bgeu	x19,x31,8000a3a6	 x19:0x00000001 x31:0x80025ce4
      334229000	     16609	8000a382	093a	c.slli	x18,0xe	 x18:0x00000001 x18=0x00004000
      334249000	     16610	8000a384	0222	c.slli	x4,0x8	  x4:0xffffffff  x4=0xffffff00
      334269000	     16611	8000a386	6105	c.addi16sp	x2,32	  x2:0x50000000  x2=0x50000020
      334389000	     16617	8000a388	0204c133	div	x2,x9,x0	  x9:0x00000000  x0:0x00000000  x2=0xffffffff
      334729000	     16634	8000a38c	6d9fcb93	xori	x23,x31,1753	 x31:0x80025ce4 x23=0x80025a3d
      334829000	     16639	8000a390	0ff0000f	fence	iorw,iorw	
      334869000	     16641	8000a394	03c3a633	mulhsu	x12,x7,x28	  x7:0x00000000 x28:0x50000000 x12=0x00000000
      335269000	     16661	8000a398	807d	c.srli	x8,0x1f	  x8:0x00000000  x8=0x00000000
      335289000	     16662	8000a39a	34095173	csrrwi	x2,mscratch,18	  x2=0x0000001d
      335489000	     16672	8000a39e	00378233	add	x4,x15,x3	 x15:0x00000001  x3:0x00000001  x4=0x00000002
      335509000	     16673	8000a3a2	02ca9163	bne	x21,x12,8000a3c4	 x21:0x86193ff1 x12:0x00000000
      335849000	     16690	8000a3c4	67ed	c.lui	x15,0x1b	 x15=0x0001b000
      335869000	     16691	8000a3c6	c81d	c.beqz	x8,8000a3fc	  x8:0x00000000
      336269000	     16711	8000a3fc	340038f3	csrrc	x17,mscratch,x0	  x0:0x00000000 x17=0x00000012
      336309000	     16713	8000a400	34007d73	csrrci	x26,mscratch,0	 x26=0x00000012
      336369000	     16716	8000a404	405e5033	sra	x0,x28,x5	 x28:0x50000000  x5:0x86193fff  x0=0x00000000
      336569000	     16726	8000a408	03943833	mulhu	x16,x8,x25	  x8:0x00000000 x25:0x00000001 x16=0x00000000
      336589000	     16727	8000a40c	68f9	c.lui	x17,0x1e	 x17=0x0001e000
      336609000	     16728	8000a40e	34003973	csrrc	x18,mscratch,x0	  x0:0x00000000 x18=0x00000012
      336629000	     16729	8000a412	93448a17	auipc	x20,0x93448	 x20=0x13452412
      336809000	     16738	8000a416	34075973	csrrwi	x18,mscratch,14	 x18=0x00000012
      336829000	     16739	8000a41a	01a862b3	or	x5,x16,x26	 x16:0x00000000 x26:0x00000012  x5=0x00000012
      336929000	     16744	8000a41e	3409dbf3	csrrwi	x23,mscratch,19	 x23=0x0000000e
      336949000	     16745	8000a422	4e190d13	addi	x26,x18,1249	 x18:0x00000012 x26=0x000004f3
      336969000	     16746	8000a426	026e9a63	bne	x29,x6,8000a45a	 x29:0xffffffff  x6:0x00000000
      337329000	     16764	8000a45a	018a9d93	slli	x27,x21,0x18	 x21:0x86193ff1 x27=0xf1000000
      337349000	     16765	8000a45e	00fe0233	add	x4,x28,x15	 x28:0x50000000 x15:0x0001b000  x4=0x5001b000
      337369000	     16766	8000a462	8c59	c.or	x8,x14	  x8:0x00000000 x14:0x00000203  x8=0x00000203
      337709000	     16783	8000a464	54fd	c.li	x9,-1	  x9=0xffffffff
      337729000	     16784	8000a466	010548b3	xor	x17,x10,x16	 x10:0x00000001 x16:0x00000000 x17=0x00000001
      337969000	     16796	8000a46a	00512db3	slt	x27,x2,x5	  x2:0x0000001d  x5:0x00000012 x27=0x00000000
      337989000	     16797	8000a46e	5bd90193	addi	x3,x18,1469	 x18:0x00000012  x3=0x000005cf
      338009000	     16798	8000a472	717d	c.addi16sp	x2,-16	  x2:0x0000001d  x2=0x0000000d
      338029000	     16799	8000a474	010d67b3	or	x15,x26,x16	 x26:0x000004f3 x16:0x00000000 x15=0x000004f3
      338149000	     16805	8000a478	9a7d	c.andi	x12,-1	 x12:0x00000000 x12=0x00000000
      338169000	     16806	8000a47a	8029	c.srli	x8,0xa	  x8:0x00000203  x8=0x00000000
      338189000	     16807	8000a47c	c8675637	lui	x12,0xc8675	 x12=0xc8675000
      339309000	     16863	8000a480	0374ed33	rem	x26,x9,x23	  x9:0xffffffff x23:0x0000000e x26=0xffffffff
      339329000	     16864	8000a484	028c6363	bltu	x24,x8,8000a4aa	 x24:0x86193fff  x8:0x00000000
      339349000	     16865	8000a488	609d	c.lui	x1,0x7	  x1=0x00007000
      339389000	     16867	8000a48a	03b997b3	mulh	x15,x19,x27	 x19:0x00000001 x27:0x00000000 x15=0x00000000
      339409000	     16868	8000a48e	018c1363	bne	x24,x24,8000a494	 x24:0x86193fff x24:0x86193fff
      339429000	     16869	8000a492	0001	c.addi	x0,0	  x0:0x00000000  x0=0x00000000
      339449000	     16870	8000a494	91e6	c.add	x3,x25	  x3:0x000005cf x25:0x00000001  x3=0x000005d0
      339469000	     16871	8000a496	34061e73	csrrw	x28,mscratch,x12	 x12:0xc8675000 x28=0x00000013
      339489000	     16872	8000a49a	8156	c.mv	x2,x21	  x0:0x00000000 x21:0x86193ff1  x2=0x86193ff1
      339789000	     16887	8000a49c	92fda613	slti	x12,x27,-1745	 x27:0x00000000 x12=0x00000000
      339809000	     16888	8000a4a0	c481	c.beqz	x9,8000a4a8	  x9:0xffffffff
      339829000	     16889	8000a4a2	63a9	c.lui	x7,0xa	  x7=0x0000a000
      339849000	     16890	8000a4a4	34033673	csrrc	x12,mscratch,x6	  x6:0x00000000 x12=0xc8675000
      339989000	     16897	8000a4a8	8625	c.srai	x12,0x9	 x12:0xc8675000 x12=0xffe433a8
      340329000	     16914	8000a4aa	00761db3	sll	x27,x12,x7	 x12:0xffe433a8  x7:0x0000a000 x27=0xffe433a8
      340349000	     16915	8000a4ae	49ed	c.li	x19,27	 x19=0x0000001b
      340749000	     16935	8000a4b0	00080bb3	add	x23,x16,x0	 x16:0x00000000  x0:0x00000000 x23=0x00000000
      340829000	     16939	8000a4b4	b8031197	auipc	x3,0xb8031	  x3=0x3803b4b4
      340849000	     16940	8000a4b8	0001	c.addi	x0,0	  x0:0x00000000  x0=0x00000000
      340869000	     16941	8000a4ba	ea0d	c.bnez	x12,8000a4ec	 x12:0xffe433a8
      341329000	     16964	8000a4ec	34081a73	csrrw	x20,mscratch,x16	 x16:0x00000000 x20=0xc8675000
      341369000	     16966	8000a4f0	8055	c.srli	x8,0x15	  x8:0x00000000  x8=0x00000000
      341409000	     16968	8000a4f2	001f09b3	add	x19,x30,x1	 x30:0x00000000  x1:0x00007000 x19=0x00007000
      341549000	     16975	8000a4f6	008652b3	srl	x5,x12,x8	 x12:0xffe433a8  x8:0x00000000  x5=0xffe433a8
      341569000	     16976	8000a4fa	340161f3	csrrsi	x3,mscratch,2	  x3=0x00000000
      341769000	     16986	8000a4fe	c545e113	ori	x2,x11,-940	 x11:0x80021e58  x2=0xfffffe5c
      342189000	     17007	8000a502	00e4d513	srli	x10,x9,0xe	  x9:0xffffffff x10=0x0003ffff
      342569000	     17026	8000a506	4096dd93	srai	x27,x13,0x9	 x13:0x00000080 x27=0x00000000
      342589000	     17027	8000a50a	567d	c.li	x12,-1	 x12=0xffffffff
      342649000	     17030	8000a50c	06fe	c.slli	x13,0x1f	 x13:0x00000080 x13=0x00000000
      342669000	     17031	8000a50e	9c308c93	addi	x25,x1,-1597	  x1:0x00007000 x25=0x000069c3
      342689000	     17032	8000a512	67e9	c.lui	x15,0x1a	 x15=0x0001a000
      342709000	     17033	8000a514	00259713	slli	x14,x11,0x2	 x11:0x80021e58 x14=0x00087960
      342729000	     17034	8000a518	00d3ef33	or	x30,x7,x13	  x7:0x0000a000 x13:0x00000000 x30=0x0000a000
      342749000	     17035	8000a51c	069c	c.addi4spn	x15,x2,832	 x15=0x0000019c
      342769000	     17036	8000a51e	6171	c.addi16sp	x2,336	  x2:0xfffffe5c  x2=0xffffffac
      342809000	     17038	8000a520	0302ee33	rem	x28,x5,x16	  x5:0xffe433a8 x16:0x00000000 x28=0xffe433a8
      342849000	     17040	8000a524	40738ab3	sub	x21,x7,x7	  x7:0x0000a000  x7:0x0000a000 x21=0x00000000
      342869000	     17041	8000a528	34002073	csrrs	x0,mscratch,x0	  x0:0x00000000  x0=0x00000000
      342889000	     17042	8000a52c	340dd3f3	csrrwi	x7,mscratch,27	  x7=0x00000002
      342909000	     17043	8000a530	6ddf7b93	andi	x23,x30,1757	 x30:0x0000a000 x23=0x00000000
      342949000	     17045	8000a534	01389763	bne	x17,x19,8000a542	 x17:0x00000001 x19:0x00007000
      343229000	     17059	8000a542	00755f33	srl	x30,x10,x7	 x10:0x0003ffff  x7:0x00000002 x30=0x0000ffff
      343249000	     17060	8000a546	984f8bb7	lui	x23,0x984f8	 x23=0x984f8000
      343269000	     17061	8000a54a	6fee3c93	sltiu	x25,x28,1790	 x28:0xffe433a8 x25=0x00000000
      343709000	     17083	8000a54e	0273b8b3	mulhu	x17,x7,x7	  x7:0x00000002  x7:0x00000002 x17=0x00000000
      343889000	     17092	8000a552	02d406b3	mul	x13,x8,x13	  x8:0x00000000 x13:0x00000000 x13=0x00000000
      343909000	     17093	8000a556	4097d0b3	sra	x1,x15,x9	 x15:0x0000019c  x9:0xffffffff  x1=0x00000000
      343929000	     17094	8000a55a	c39d	c.beqz	x15,8000a580	 x15:0x0000019c
      343949000	     17095	8000a55c	0001	c.addi	x0,0	  x0:0x00000000  x0=0x00000000
      343969000	     17096	8000a55e	01881b13	slli	x22,x16,0x18	 x16:0x00000000 x22=0x00000000
      343989000	     17097	8000a562	8cc1	c.or	x9,x8	  x9:0xffffffff  x8:0x00000000  x9=0xffffffff
      344009000	     17098	8000a564	02258db3	mul	x27,x11,x2	 x11:0x80021e58  x2:0xffffffac x27=0xff4e0b20
      344229000	     17109	8000a568	21e2c913	xori	x18,x5,542	  x5:0xffe433a8 x18=0xffe431b6
      344509000	     17123	8000a56c	bd730e93	addi	x29,x6,-1065	  x6:0x00000000 x29=0xfffffbd7
      344549000	     17125	8000a570	409c5293	srai	x5,x24,0x9	 x24:0x86193fff  x5=0xffc30c9f
      344569000	     17126	8000a574	ce15	c.beqz	x12,8000a5b0	 x12:0xffffffff
      344709000	     17133	8000a576	002e0633	add	x12,x28,x2	 x28:0xffe433a8  x2:0xffffffac x12=0xffe43354
      344729000	     17134	8000a57a	8f05	c.sub	x14,x9	 x14:0x00087960  x9:0xffffffff x14=0x00087961
      344869000	     17141	8000a57c	01b6c733	xor	x14,x13,x27	 x13:0x00000000 x27:0xff4e0b20 x14=0xff4e0b20
      345069000	     17151	8000a580	004b9eb3	sll	x29,x23,x4	 x23:0x984f8000  x4:0x5001b000 x29=0x984f8000
      345089000	     17152	8000a584	41fe5d13	srai	x26,x28,0x1f	 x28:0xffe433a8 x26=0xffffffff
      345109000	     17153	8000a588	53baae97	auipc	x29,0x53baa	 x29=0xd3bb4588
      345229000	     17159	8000a58c	8cc9	c.or	x9,x10	  x9:0xffffffff x10:0x0003ffff  x9=0xffffffff
      345629000	     17179	8000a58e	011f7cb3	and	x25,x30,x17	 x30:0x0000ffff x17:0x00000000 x25=0x00000000
      345649000	     17180	8000a592	6655	c.lui	x12,0x15	 x12=0x00015000
      346389000	     17217	8000a594	03c86b33	rem	x22,x16,x28	 x16:0x00000000 x28:0xffe433a8 x22=0x00000000
      346409000	     17218	8000a598	41d8db13	srai	x22,x17,0x1d	 x17:0x00000000 x22=0x00000000
      346429000	     17219	8000a59c	0ff0000f	fence	iorw,iorw	
      346449000	     17220	8000a5a0	0001	c.addi	x0,0	  x0:0x00000000  x0=0x00000000
      346469000	     17221	8000a5a2	2709f793	andi	x15,x19,624	 x19:0x00007000 x15=0x00000000
      346489000	     17222	8000a5a6	8d29	c.xor	x10,x10	 x10:0x0003ffff x10:0x0003ffff x10=0x00000000
      346509000	     17223	8000a5a8	00653d33	sltu	x26,x10,x6	 x10:0x00000000  x6:0x00000000 x26=0x00000000
      346529000	     17224	8000a5ac	09aa	c.slli	x19,0xa	 x19:0x00007000 x19=0x01c00000
      346549000	     17225	8000a5ae	0001	c.addi	x0,0	  x0:0x00000000  x0=0x00000000
      346669000	     17231	8000a5b0	0001	c.addi	x0,0	  x0:0x00000000  x0=0x00000000
      346689000	     17232	8000a5b2	00fa	c.slli	x1,0x1e	  x1:0x00000000  x1=0x00000000
      347089000	     17252	8000a5b4	8425	c.srai	x8,0x9	  x8:0x00000000  x8=0x00000000
      347109000	     17253	8000a5b6	8ab5	c.andi	x13,13	 x13:0x00000000 x13=0x00000000
      347129000	     17254	8000a5b8	5d7d	c.li	x26,-1	 x26=0xffffffff
      347149000	     17255	8000a5ba	01611d63	bne	x2,x22,8000a5d4	  x2:0xffffffac x22:0x00000000
      347629000	     17279	8000a5d4	01ec5663	bge	x24,x30,8000a5e0	 x24:0x86193fff x30:0x0000ffff
      347869000	     17291	8000a5d8	0579c563	blt	x19,x23,8000a622	 x19:0x01c00000 x23:0x984f8000
      348389000	     17317	8000a5dc	000e8663	beq	x29,x0,8000a5e8	 x29:0xd3bb4588  x0:0x00000000
      348429000	     17319	8000a5e0	0112b033	sltu	x0,x5,x17	  x5:0xffc30c9f x17:0x00000000  x0=0x00000000
      348449000	     17320	8000a5e4	2e547c13	andi	x24,x8,741	  x8:0x00000000 x24=0x00000000
      349309000	     17363	8000a5e8	02995bb3	divu	x23,x18,x9	 x18:0xffe431b6  x9:0xffffffff x23=0x00000000
      349329000	     17364	8000a5ec	0112bd33	sltu	x26,x5,x17	  x5:0xffc30c9f x17:0x00000000 x26=0x00000000
      349349000	     17365	8000a5f0	03ce83b3	mul	x7,x29,x28	 x29:0xd3bb4588 x28:0xffe433a8  x7=0xa6dfb940
      349369000	     17366	8000a5f4	8735	c.srai	x14,0xd	 x14:0xff4e0b20 x14=0xfffffa70
      349389000	     17367	8000a5f6	005a4463	blt	x20,x5,8000a5fe	 x20:0xc8675000  x5:0xffc30c9f
      349929000	     17394	8000a5fe	02bb8633	mul	x12,x23,x11	 x23:0x00000000 x11:0x80021e58 x12=0x00000000
      349949000	     17395	8000a602	8d1d	c.sub	x10,x15	 x10:0x00000000 x15:0x00000000 x10=0x00000000
      349969000	     17396	8000a604	4075dc13	srai	x24,x11,0x7	 x11:0x80021e58 x24=0xff00043c
      349989000	     17397	8000a608	34087673	csrrci	x12,mscratch,16	 x12=0x0000001b
      350009000	     17398	8000a60c	f1600213	addi	x4,x0,-234	  x0:0x00000000  x4=0xffffff16
      350029000	     17399	8000a610	0001	c.addi	x0,0	  x0:0x00000000  x0=0x00000000
      350189000	     17407	8000a612	02ca86b3	mul	x13,x21,x12	 x21:0x00000000 x12:0x0000001b x13=0x00000000
      350209000	     17408	8000a616	04911063	bne	x2,x9,8000a656	  x2:0xffffffac  x9:0xffffffff
      350789000	     17437	8000a656	00268833	add	x16,x13,x2	 x13:0x00000000  x2:0xffffffac x16=0xffffffac
      350809000	     17438	8000a65a	613d	c.addi16sp	x2,480	  x2:0xffffffac  x2=0x0000018c
      350849000	     17440	8000a65c	020c4733	div	x14,x24,x0	 x24:0xff00043c  x0:0x00000000 x14=0xffffffff
      351189000	     17457	8000a660	34007273	csrrci	x4,mscratch,0	  x4=0x0000000b
      351209000	     17458	8000a664	16a76793	ori	x15,x14,362	 x14:0xffffffff x15=0xffffffff
      351329000	     17464	8000a668	3405d173	csrrwi	x2,mscratch,11	  x2=0x0000000b
      351489000	     17472	8000a66c	0375c163	blt	x11,x23,8000a68e	 x11:0x80021e58 x23:0x00000000
      352069000	     17501	8000a68e	731e8213	addi	x4,x29,1841	 x29:0xd3bb4588  x4=0xd3bb4cb9
      352109000	     17503	8000a692	0284c933	div	x18,x9,x8	  x9:0xffffffff  x8:0x00000000 x18=0xffffffff
      352509000	     17523	8000a696	0169d263	bge	x19,x22,8000a69a	 x19:0x01c00000 x22:0x00000000
      353789000	     17587	8000a69a	3405aaf3	csrrs	x21,mscratch,x11	 x11:0x80021e58 x21=0x0000000b
      353989000	     17597	8000a69e	01abf933	and	x18,x23,x26	 x23:0x00000000 x26:0x00000000 x18=0x00000000
      354069000	     17601	8000a6a2	002ecc63	blt	x29,x2,8000a6ba	 x29:0xd3bb4588  x2:0x0000000b
      355129000	     17654	8000a6ba	03f3f3b3	remu	x7,x7,x31	  x7:0xa6dfb940 x31:0x80025ce4  x7=0x26dd5c5c
      355169000	     17656	8000a6be	038434b3	mulhu	x9,x8,x24	  x8:0x00000000 x24:0xff00043c  x9=0x00000000
      355189000	     17657	8000a6c2	402b5c13	srai	x24,x22,0x2	 x22:0x00000000 x24=0x00000000
      355209000	     17658	8000a6c6	0e62	c.slli	x28,0x18	 x28:0xffe433a8 x28=0xa8000000
      355229000	     17659	8000a6c8	01f47463	bgeu	x8,x31,8000a6d0	  x8:0x00000000 x31:0x80025ce4
      355249000	     17660	8000a6cc	340f6173	csrrsi	x2,mscratch,30	  x2=0x80021e5b
      355269000	     17661	8000a6d0	13fd	c.addi	x7,-1	  x7:0x26dd5c5c  x7=0x26dd5c5b
      355289000	     17662	8000a6d2	8cda	c.mv	x25,x22	  x0:0x00000000 x22:0x00000000 x25=0x00000000
      355309000	     17663	8000a6d4	04b14163	blt	x2,x11,8000a716	  x2:0x80021e5b x11:0x80021e58
      355389000	     17667	8000a6d8	01eb6d63	bltu	x22,x30,8000a6f2	 x22:0x00000000 x30:0x0000ffff
      356909000	     17743	8000a6f2	01a4d413	srli	x8,x9,0x1a	  x9:0x00000000  x8=0x00000000
      356929000	     17744	8000a6f6	ee01	c.bnez	x12,8000a70e	 x12:0x0000001b
      357689000	     17782	8000a70e	01744263	blt	x8,x23,8000a712	  x8:0x00000000 x23:0x00000000
      357709000	     17783	8000a712	8f264793	xori	x15,x12,-1806	 x12:0x0000001b x15=0xfffff8e9
      357729000	     17784	8000a716	a00a0813	addi	x16,x20,-1536	 x20:0xc8675000 x16=0xc8674a00
      357749000	     17785	8000a71a	00e85eb3	srl	x29,x16,x14	 x16:0xc8674a00 x14:0xffffffff x29=0x00000001
      357929000	     17794	8000a71e	f60ca693	slti	x13,x25,-160	 x25:0x00000000 x13=0x00000000
      358129000	     17804	8000a722	0089b3b3	sltu	x7,x19,x8	 x19:0x01c00000  x8:0x00000000  x7=0x00000000
      358149000	     17805	8000a726	84a5	c.srai	x9,0x9	  x9:0x00000000  x9=0x00000000
      358169000	     17806	8000a728	02ec4863	blt	x24,x14,8000a758	 x24:0x00000000 x14:0xffffffff
      358349000	     17815	8000a72c	c011	c.beqz	x8,8000a730	  x8:0x00000000
      359529000	     17874	8000a730	0294f133	remu	x2,x9,x9	  x9:0x00000000  x9:0x00000000  x2=0x00000000
      359809000	     17888	8000a734	01ca0933	add	x18,x20,x28	 x20:0xc8675000 x28:0xa8000000 x18=0x70675000
      360629000	     17929	8000a738	02e46033	rem	x0,x8,x14	  x8:0x00000000 x14:0xffffffff  x0=0x00000000
      360649000	     17930	8000a73c	3406d173	csrrwi	x2,mscratch,13	  x2=0x80021e5f
      360689000	     17932	8000a740	029ec833	div	x16,x29,x9	 x29:0x00000001  x9:0x00000000 x16=0xffffffff
      360729000	     17934	8000a744	0234b433	mulhu	x8,x9,x3	  x9:0x00000000  x3:0x00000000  x8=0x00000000
      360749000	     17935	8000a748	6c14f517	auipc	x10,0x6c14f	 x10=0xec159748
      360769000	     17936	8000a74c	00e84733	xor	x14,x16,x14	 x16:0xffffffff x14:0xffffffff x14=0x00000000
      360789000	     17937	8000a750	24378d13	addi	x26,x15,579	 x15:0xfffff8e9 x26=0xfffffb2c
      360889000	     17942	8000a754	029afdb3	remu	x27,x21,x9	 x21:0x0000000b  x9:0x00000000 x27=0x0000000b
      361009000	     17948	8000a758	033086b3	mul	x13,x1,x19	  x1:0x00000000 x19:0x01c00000 x13=0x00000000
      361329000	     17964	8000a75c	9bfd	c.andi	x15,-1	 x15:0xfffff8e9 x15=0xfffff8e9
      361349000	     17965	8000a75e	010853b3	srl	x7,x16,x16	 x16:0xffffffff x16:0xffffffff  x7=0x00000001
      361429000	     17969	8000a762	41d35c33	sra	x24,x6,x29	  x6:0x00000000 x29:0x00000001 x24=0x00000000
      361449000	     17970	8000a766	82ad	c.srli	x13,0xb	 x13:0x00000000 x13=0x00000000
      361469000	     17971	8000a768	0ff0000f	fence	iorw,iorw	
      361489000	     17972	8000a76c	ca030697	auipc	x13,0xca030	 x13=0x4a03a76c
      361549000	     17975	8000a770	40a45c93	srai	x25,x8,0xa	  x8:0x00000000 x25=0x00000000
      361969000	     17996	8000a774	0001	c.addi	x0,0	  x0:0x00000000  x0=0x00000000
      361989000	     17997	8000a776	0001	c.addi	x0,0	  x0:0x00000000  x0=0x00000000
      362009000	     17998	8000a778	01590a33	add	x20,x18,x21	 x18:0x70675000 x21:0x0000000b x20=0x7067500b
      362029000	     17999	8000a77c	4cc9	c.li	x25,18	 x25=0x00000012
      362049000	     18000	8000a77e	018f9d93	slli	x27,x31,0x18	 x31:0x80025ce4 x27=0xe4000000
      370429000	     18419	8000a782	03aca533	mulhsu	x10,x25,x26	 x25:0x00000012 x26:0xfffffb2c x10=0x00000011
      370449000	     18420	8000a786	8f79	c.and	x14,x14	 x14:0x00000000 x14:0x00000000 x14=0x00000000
      370469000	     18421	8000a788	8ef9	c.and	x13,x14	 x13:0x4a03a76c x14:0x00000000 x13=0x00000000
      370489000	     18422	8000a78a	0442c163	blt	x5,x4,8000a7cc	  x5:0xffc30c9f  x4:0xd3bb4cb9
      370509000	     18423	8000a78e	0cda	c.slli	x25,0x16	 x25:0x00000012 x25=0x04800000
      370529000	     18424	8000a790	0dca	c.slli	x27,0x12	 x27:0xe4000000 x27=0x00000000
      370909000	     18443	8000a792	d88e5237	lui	x4,0xd88e5	  x4=0xd88e5000
      370929000	     18444	8000a796	0024bd33	sltu	x26,x9,x2	  x9:0x00000000  x2:0x80021e5f x26=0x00000001
      370949000	     18445	8000a79a	d6a8e293	ori	x5,x17,-662	 x17:0x00000000  x5=0xfffffd6a
      371369000	     18466	8000a79e	0129e3b3	or	x7,x19,x18	 x19:0x01c00000 x18:0x70675000  x7=0x71e75000
      371389000	     18467	8000a7a2	01e3dc33	srl	x24,x7,x30	  x7:0x71e75000 x30:0x0000ffff x24=0x00000000
      371809000	     18488	8000a7a6	3409dc73	csrrwi	x24,mscratch,19	 x24=0x0000000d
      371829000	     18489	8000a7aa	0001	c.addi	x0,0	  x0:0x00000000  x0=0x00000000
      371909000	     18493	8000a7ac	01c87533	and	x10,x16,x28	 x16:0xffffffff x28:0xa8000000 x10=0xa8000000
      371969000	     18496	8000a7b0	305aca13	xori	x20,x21,773	 x21:0x0000000b x20=0x0000030e
      371989000	     18497	8000a7b4	01ad12b3	sll	x5,x26,x26	 x26:0x00000001 x26:0x00000001  x5=0x00000002
      372009000	     18498	8000a7b8	00cc5513	srli	x10,x24,0xc	 x24:0x0000000d x10=0x00000000
      372029000	     18499	8000a7bc	86dd	c.srai	x13,0x17	 x13:0x00000000 x13=0x00000000
      372569000	     18526	8000a7be	34007773	csrrci	x14,mscratch,0	 x14=0x00000013
      372589000	     18527	8000a7c2	9a7d	c.andi	x12,-1	 x12:0x0000001b x12=0x0000001b
      372609000	     18528	8000a7c4	9a32	c.add	x20,x12	 x20:0x0000030e x12:0x0000001b x20=0x00000329
      372629000	     18529	8000a7c6	e29d	c.bnez	x13,8000a7ec	 x13:0x00000000
      373009000	     18548	8000a7c8	00a45d93	srli	x27,x8,0xa	  x8:0x00000000 x27=0x00000000
      373269000	     18561	8000a7cc	02448db3	mul	x27,x9,x4	  x9:0x00000000  x4:0xd88e5000 x27=0x00000000
      373289000	     18562	8000a7d0	006d8863	beq	x27,x6,8000a7e0	 x27:0x00000000  x6:0x00000000
      374329000	     18614	8000a7e0	8891	c.andi	x9,4	  x9:0x00000000  x9=0x00000000
      374349000	     18615	8000a7e2	6bed	c.lui	x23,0x1b	 x23=0x0001b000
      374369000	     18616	8000a7e4	8a22	c.mv	x20,x8	  x0:0x00000000  x8:0x00000000 x20=0x00000000
      374389000	     18617	8000a7e6	c911	c.beqz	x10,8000a7fa	 x10:0x00000000
      374929000	     18644	8000a7fa	80bd	c.srli	x9,0xf	  x9:0x00000000  x9=0x00000000
      375329000	     18664	8000a7fc	01a54263	blt	x10,x26,8000a800	 x10:0x00000000 x26:0x00000001
      376129000	     18704	8000a800	8e91	c.sub	x13,x12	 x13:0x00000000 x12:0x0000001b x13=0xffffffe5
      376869000	     18741	8000a802	02ddf233	remu	x4,x27,x13	 x27:0x00000000 x13:0xffffffe5  x4=0x00000000
      376889000	     18742	8000a806	340ed3f3	csrrwi	x7,mscratch,29	  x7=0x00000013
      377629000	     18779	8000a80a	035f7033	remu	x0,x30,x21	 x30:0x0000ffff x21:0x0000000b  x0=0x00000000
      377649000	     18780	8000a80e	9b7d	c.andi	x14,-1	 x14:0x00000013 x14=0x00000013
      377669000	     18781	8000a810	00531663	bne	x6,x5,8000a81c	  x6:0x00000000  x5:0x00000002
      377709000	     18783	8000a81c	0072f733	and	x14,x5,x7	  x5:0x00000002  x7:0x00000013 x14=0x00000002
      377729000	     18784	8000a820	3405d873	csrrwi	x16,mscratch,11	 x16=0x0000001d
      377749000	     18785	8000a824	01614233	xor	x4,x2,x22	  x2:0x80021e5f x22:0x00000000  x4=0x80021e5f
      378109000	     18803	8000a828	717d	c.addi16sp	x2,-16	  x2:0x80021e5f  x2=0x80021e4f
      378129000	     18804	8000a82a	34091af3	csrrw	x21,mscratch,x18	 x18:0x70675000 x21=0x0000000b
      378189000	     18807	8000a82e	019ffe63	bgeu	x31,x25,8000a84a	 x31:0x80025ce4 x25:0x04800000
      378629000	     18829	8000a84a	8daa	c.mv	x27,x10	  x0:0x00000000 x10:0x00000000 x27=0x00000000
      378829000	     18839	8000a84c	0314d033	divu	x0,x9,x17	  x9:0x00000000 x17:0x00000000  x0=0x00000000
      378869000	     18841	8000a850	037daeb3	mulhsu	x29,x27,x23	 x27:0x00000000 x23:0x0001b000 x29=0x00000000
      378889000	     18842	8000a854	82c9	c.srli	x13,0x12	 x13:0xffffffe5 x13=0x00003fff
      378949000	     18845	8000a856	46a00c13	addi	x24,x0,1130	  x0:0x00000000 x24=0x0000046a
      378969000	     18846	8000a85a	022ad163	bge	x21,x2,8000a87c	 x21:0x0000000b  x2:0x80021e4f
      379669000	     18881	8000a87c	bb551197	auipc	x3,0xbb551	  x3=0x3b55b87c
      379769000	     18886	8000a880	4e45	c.li	x28,17	 x28=0x00000011
      379909000	     18893	8000a882	03ec8833	mul	x16,x25,x30	 x25:0x04800000 x30:0x0000ffff x16=0xfb800000
      379929000	     18894	8000a886	0e5a3417	auipc	x8,0xe5a3	  x8=0x8e5ad886
      379949000	     18895	8000a88a	340070f3	csrrci	x1,mscratch,0	  x1=0x70675000
      381089000	     18952	8000a88e	03527133	remu	x2,x4,x21	  x4:0x80021e5f x21:0x0000000b  x2=0x00000007
      381109000	     18953	8000a892	3400f6f3	csrrci	x13,mscratch,1	 x13=0x70675000
      381129000	     18954	8000a896	0088ef33	or	x30,x17,x8	 x17:0x00000000  x8:0x8e5ad886 x30=0x8e5ad886
      381149000	     18955	8000a89a	0001	c.addi	x0,0	  x0:0x00000000  x0=0x00000000
      381189000	     18957	8000a89c	031e92b3	mulh	x5,x29,x17	 x29:0x00000000 x17:0x00000000  x5=0x00000000
      381289000	     18962	8000a8a0	0204c163	blt	x9,x0,8000a8c2	  x9:0x00000000  x0:0x00000000
      381329000	     18964	8000a8a4	02141b33	mulh	x22,x8,x1	  x8:0x8e5ad886  x1:0x70675000 x22=0xce19e1c4
      381429000	     18969	8000a8a8	403bd6b3	sra	x13,x23,x3	 x23:0x0001b000  x3:0x3b55b87c x13=0x00000000
      381589000	     18977	8000a8ac	413e01b3	sub	x3,x28,x19	 x28:0x00000011 x19:0x01c00000  x3=0xfe400011
      382009000	     18998	8000a8b0	01f2fe33	and	x28,x5,x31	  x5:0x00000000 x31:0x80025ce4 x28=0x00000000
      382029000	     18999	8000a8b4	02a30bb3	mul	x23,x6,x10	  x6:0x00000000 x10:0x00000000 x23=0x00000000
      382449000	     19020	8000a8b8	34007d73	csrrci	x26,mscratch,0	 x26=0x70675000
      382629000	     19029	8000a8bc	98fd	c.andi	x9,-1	  x9:0x00000000  x9=0x00000000
      382649000	     19030	8000a8be	8c8d	c.sub	x9,x11	  x9:0x00000000 x11:0x80021e58  x9=0x7ffde1a8
      383049000	     19050	8000a8c0	0001	c.addi	x0,0	  x0:0x00000000  x0=0x00000000
      383849000	     19090	8000a8c2	02155db3	divu	x27,x10,x1	 x10:0x00000000  x1:0x70675000 x27=0x00000000
      383869000	     19091	8000a8c6	0041ab33	slt	x22,x3,x4	  x3:0xfe400011  x4:0x80021e5f x22=0x00000000
      383889000	     19092	8000a8ca	41850933	sub	x18,x10,x24	 x10:0x00000000 x24:0x0000046a x18=0xfffffb96
      383909000	     19093	8000a8ce	41fa8633	sub	x12,x21,x31	 x21:0x0000000b x31:0x80025ce4 x12=0x7ffda327
      383949000	     19095	8000a8d2	031eb2b3	mulhu	x5,x29,x17	 x29:0x00000000 x17:0x00000000  x5=0x00000000
      383969000	     19096	8000a8d6	40e2dd93	srai	x27,x5,0xe	  x5:0x00000000 x27=0x00000000
      383989000	     19097	8000a8da	0532	c.slli	x10,0xc	 x10:0x00000000 x10=0x00000000
      384069000	     19101	8000a8dc	e7c80413	addi	x8,x16,-388	 x16:0xfb800000  x8=0xfb7ffe7c
      384129000	     19104	8000a8e0	03e1abb3	mulhsu	x23,x3,x30	  x3:0xfe400011 x30:0x8e5ad886 x23=0xff06e10e
      384469000	     19121	8000a8e4	c7b6a813	slti	x16,x13,-901	 x13:0x00000000 x16=0x00000000
      384489000	     19122	8000a8e8	54fd	c.li	x9,-1	  x9=0xffffffff
      384529000	     19124	8000a8ea	a9a28913	addi	x18,x5,-1382	  x5:0x00000000 x18=0xfffffa9a
      384549000	     19125	8000a8ee	fee4a193	slti	x3,x9,-18	  x9:0xffffffff  x3=0x00000000
      384609000	     19128	8000a8f2	01326933	or	x18,x4,x19	  x4:0x80021e5f x19:0x01c00000 x18=0x81c21e5f
      384629000	     19129	8000a8f6	a9772293	slti	x5,x14,-1385	 x14:0x00000002  x5=0x00000000
      384649000	     19130	8000a8fa	02137663	bgeu	x6,x1,8000a926	  x6:0x00000000  x1:0x70675000
      384669000	     19131	8000a8fe	0001	c.addi	x0,0	  x0:0x00000000  x0=0x00000000
      384729000	     19134	8000a900	0000100f	fence.i	
      386129000	     19204	8000a904	3409a973	csrrs	x18,mscratch,x19	 x19:0x01c00000 x18=0x70675000
      386189000	     19207	8000a908	01d38533	add	x10,x7,x29	  x7:0x00000013 x29:0x00000000 x10=0x00000013
      386249000	     19210	8000a90c	8d51	c.or	x10,x12	 x10:0x00000013 x12:0x7ffda327 x10=0x7ffda337
      386269000	     19211	8000a90e	8d05	c.sub	x10,x9	 x10:0x7ffda337  x9:0xffffffff x10=0x7ffda338
      386289000	     19212	8000a910	03cf89b3	mul	x19,x31,x28	 x31:0x80025ce4 x28:0x00000000 x19=0x00000000
      386449000	     19220	8000a914	02ea9933	mulh	x18,x21,x14	 x21:0x0000000b x14:0x00000002 x18=0x00000000
      386469000	     19221	8000a918	038a6363	bltu	x20,x24,8000a93e	 x20:0x00000000 x24:0x0000046a
      386769000	     19236	8000a93e	03b73bb3	mulhu	x23,x14,x27	 x14:0x00000002 x27:0x00000000 x23=0x00000000
      386789000	     19237	8000a942	8465	c.srai	x8,0x19	  x8:0xfb7ffe7c  x8=0xfffffffd
      386809000	     19238	8000a944	be94e013	ori	x0,x9,-1047	  x9:0xffffffff  x0=0x00000000
      386889000	     19242	8000a948	01b0bcb3	sltu	x25,x1,x27	  x1:0x70675000 x27:0x00000000 x25=0x00000000
      386929000	     19244	8000a94c	02c59c33	mulh	x24,x11,x12	 x11:0x80021e58 x12:0x7ffda327 x24=0xc0023d93
      386949000	     19245	8000a950	34006073	csrrsi	x0,mscratch,0	  x0=0x00000000
      386989000	     19247	8000a954	0301af33	mulhsu	x30,x3,x16	  x3:0x00000000 x16:0x00000000 x30=0x00000000
      387009000	     19248	8000a958	0115cc63	blt	x11,x17,8000a970	 x11:0x80021e58 x17:0x00000000
      387369000	     19266	8000a970	0001	c.addi	x0,0	  x0:0x00000000  x0=0x00000000
      387389000	     19267	8000a972	01a5c0b3	xor	x1,x11,x26	 x11:0x80021e58 x26:0x70675000  x1=0xf0654e58
      387809000	     19288	8000a976	34003873	csrrc	x16,mscratch,x0	  x0:0x00000000 x16=0x71e75000
      388009000	     19298	8000a97a	6e623713	sltiu	x14,x4,1766	  x4:0x80021e5f x14=0x00000000
      388029000	     19299	8000a97e	c389	c.beqz	x15,8000a980	 x15:0xfffff8e9
      388169000	     19306	8000a980	03bb58b3	divu	x17,x22,x27	 x22:0x00000000 x27:0x00000000 x17=0xffffffff
      388189000	     19307	8000a984	9afd	c.andi	x13,-1	 x13:0x00000000 x13=0x00000000
      388209000	     19308	8000a986	0910	c.addi4spn	x12,x2,144	 x12=0x00000097
      388509000	     19323	8000a988	0045ba33	sltu	x20,x11,x4	 x11:0x80021e58  x4:0x80021e5f x20=0x00000001
      388529000	     19324	8000a98c	0ff0000f	fence	iorw,iorw	
      388549000	     19325	8000a990	340f1bf3	csrrw	x23,mscratch,x30	 x30:0x00000000 x23=0x71e75000
      388569000	     19326	8000a994	404bd213	srai	x4,x23,0x4	 x23:0x71e75000  x4=0x071e7500
      388589000	     19327	8000a998	0a08	c.addi4spn	x10,x2,272	 x10=0x00000117
      388609000	     19328	8000a99a	827d	c.srli	x12,0x1f	 x12:0x00000097 x12=0x00000000
      388629000	     19329	8000a99c	00396c63	bltu	x18,x3,8000a9b4	 x18:0x00000000  x3:0x00000000
      388809000	     19338	8000a9a0	01749563	bne	x9,x23,8000a9aa	  x9:0xffffffff x23:0x71e75000
      389269000	     19361	8000a9aa	00c09463	bne	x1,x12,8000a9b2	  x1:0xf0654e58 x12:0x00000000
      389629000	     19379	8000a9b2	9afa	c.add	x21,x30	 x21:0x0000000b x30:0x00000000 x21=0x0000000b
      389649000	     19380	8000a9b4	e609	c.bnez	x12,8000a9be	 x12:0x00000000
      389669000	     19381	8000a9b6	9e9bf113	andi	x2,x23,-1559	 x23:0x71e75000  x2=0x71e75000
      389689000	     19382	8000a9ba	e291	c.bnez	x13,8000a9be	 x13:0x00000000
      389949000	     19395	8000a9bc	8e5d	c.or	x12,x15	 x12:0x00000000 x15:0xfffff8e9 x12=0xfffff8e9
      390029000	     19399	8000a9be	3407a1f3	csrrs	x3,mscratch,x15	 x15:0xfffff8e9  x3=0x00000000
      390049000	     19400	8000a9c2	00ad99b3	sll	x19,x27,x10	 x27:0x00000000 x10:0x00000117 x19=0x00000000
      390069000	     19401	8000a9c6	001de1b3	or	x3,x27,x1	 x27:0x00000000  x1:0xf0654e58  x3=0xf0654e58
      390089000	     19402	8000a9ca	8f99	c.sub	x15,x14	 x15:0xfffff8e9 x14:0x00000000 x15=0xfffff8e9
      390309000	     19413	8000a9cc	34042e73	csrrs	x28,mscratch,x8	  x8:0xfffffffd x28=0xfffff8e9
      390469000	     19421	8000a9d0	3406b7f3	csrrc	x15,mscratch,x13	 x13:0x00000000 x15=0xfffffffd
      390649000	     19430	8000a9d4	0ff0000f	fence	iorw,iorw	
      390669000	     19431	8000a9d8	e795	c.bnez	x15,8000aa04	 x15:0xfffffffd
      391069000	     19451	8000aa04	8f71	c.and	x14,x12	 x14:0x00000000 x12:0xfffff8e9 x14=0x00000000
      391109000	     19453	8000aa06	40805433	sra	x8,x0,x8	  x0:0x00000000  x8:0xfffffffd  x8=0x00000000
      391189000	     19457	8000aa0a	34062d73	csrrs	x26,mscratch,x12	 x12:0xfffff8e9 x26=0xfffffffd
      391209000	     19458	8000aa0e	04b79063	bne	x15,x11,8000aa4e	 x15:0xfffffffd x11:0x80021e58
      391629000	     19479	8000aa4e	02142f33	mulhsu	x30,x8,x1	  x8:0x00000000  x1:0xf0654e58 x30=0x00000000
      391649000	     19480	8000aa52	004a1033	sll	x0,x20,x4	 x20:0x00000001  x4:0x071e7500  x0=0x00000000
      391669000	     19481	8000aa56	899e	c.mv	x19,x7	  x0:0x00000000  x7:0x00000013 x19=0x00000013
      391689000	     19482	8000aa58	009400b3	add	x1,x8,x9	  x8:0x00000000  x9:0xffffffff  x1=0xffffffff
      391829000	     19489	8000aa5c	0001	c.addi	x0,0	  x0:0x00000000  x0=0x00000000
      391849000	     19490	8000aa5e	01cb2d33	slt	x26,x22,x28	 x22:0x00000000 x28:0xfffff8e9 x26=0x00000000
      391989000	     19497	8000aa62	01db0d63	beq	x22,x29,8000aa7c	 x22:0x00000000 x29:0x00000000
      393029000	     19549	8000aa7c	013be2b3	or	x5,x23,x19	 x23:0x71e75000 x19:0x00000013  x5=0x71e75013
      393409000	     19568	8000aa80	01cffb63	bgeu	x31,x28,8000aa96	 x31:0x80025ce4 x28:0xfffff8e9
      393829000	     19589	8000aa84	8d21	c.xor	x10,x8	 x10:0x00000117  x8:0x00000000 x10=0x00000117
      393849000	     19590	8000aa86	9e66	c.add	x28,x25	 x28:0xfffff8e9 x25:0x00000000 x28=0xfffff8e9
      393869000	     19591	8000aa88	0124c533	xor	x10,x9,x18	  x9:0xffffffff x18:0x00000000 x10=0xffffffff
      393889000	     19592	8000aa8c	034d8863	beq	x27,x20,8000aabc	 x27:0x00000000 x20:0x00000001
      393909000	     19593	8000aa90	402f5413	srai	x8,x30,0x2	 x30:0x00000000  x8=0x00000000
      393929000	     19594	8000aa94	0001	c.addi	x0,0	  x0:0x00000000  x0=0x00000000
      393969000	     19596	8000aa96	340e7af3	csrrci	x21,mscratch,28	 x21=0xfffffffd
      394009000	     19598	8000aa9a	02303433	mulhu	x8,x0,x3	  x0:0x00000000  x3:0xf0654e58  x8=0x00000000
      394209000	     19608	8000aa9e	0119ac33	slt	x24,x19,x17	 x19:0x00000013 x17:0xffffffff x24=0x00000000
      394769000	     19636	8000aaa2	8f95a993	slti	x19,x11,-1799	 x11:0x80021e58 x19=0x00000001
      394809000	     19638	8000aaa6	039529b3	mulhsu	x19,x10,x25	 x10:0xffffffff x25:0x00000000 x19=0x00000000
      394829000	     19639	8000aaaa	340e7473	csrrci	x8,mscratch,28	  x8=0xffffffe1
      394869000	     19641	8000aaae	03ad4cb3	div	x25,x26,x26	 x26:0x00000000 x26:0x00000000 x25=0xffffffff
      395189000	     19657	8000aab2	5dad88b7	lui	x17,0x5dad8	 x17=0x5dad8000
      395289000	     19662	8000aab6	01965763	bge	x12,x25,8000aac4	 x12:0xfffff8e9 x25:0xffffffff
      395309000	     19663	8000aaba	0f84	c.addi4spn	x9,x2,976	  x9=0x71e753d0
      396209000	     19708	8000aabc	02c1ee33	rem	x28,x3,x12	  x3:0xf0654e58 x12:0xfffff8e9 x28=0xfffffd68
      396229000	     19709	8000aac0	00ede033	or	x0,x27,x14	 x27:0x00000000 x14:0x00000000  x0=0x00000000
      396249000	     19710	8000aac4	340eb273	csrrc	x4,mscratch,x29	 x29:0x00000000  x4=0xffffffe1
      396269000	     19711	8000aac8	8212	c.mv	x4,x4	  x0:0x00000000  x4:0xffffffe1  x4=0xffffffe1
      396289000	     19712	8000aaca	55b719b7	lui	x19,0x55b71	 x19=0x55b71000
      396329000	     19714	8000aace	035ba0b3	mulhsu	x1,x23,x21	 x23:0x71e75000 x21:0xfffffffd  x1=0x71e74ffe
      396349000	     19715	8000aad2	0001	c.addi	x0,0	  x0:0x00000000  x0=0x00000000
      396369000	     19716	8000aad4	3408b7f3	csrrc	x15,mscratch,x17	 x17:0x5dad8000 x15=0xffffffe1
      396769000	     19736	8000aad8	02bd1a63	bne	x26,x11,8000ab0c	 x26:0x00000000 x11:0x80021e58
      397989000	     19797	8000ab0c	0001	c.addi	x0,0	  x0:0x00000000  x0=0x00000000
      398009000	     19798	8000ab0e	09c5	c.addi	x19,17	 x19:0x55b71000 x19=0x55b71011
      398029000	     19799	8000ab10	6bf1	c.lui	x23,0x1c	 x23=0x0001c000
      398049000	     19800	8000ab12	e129	c.bnez	x10,8000ab54	 x10:0xffffffff
      398949000	     19845	8000ab54	00ae1e93	slli	x29,x28,0xa	 x28:0xfffffd68 x29=0xfff5a000
      399369000	     19866	8000ab58	34056bf3	csrrsi	x23,mscratch,10	 x23=0xa2527fe1
      399389000	     19867	8000ab5c	f3eac993	xori	x19,x21,-194	 x21:0xfffffffd x19=0x000000c3
      400129000	     19904	8000ab60	02176e33	rem	x28,x14,x1	 x14:0x00000000  x1:0x71e74ffe x28=0x00000000
      400149000	     19905	8000ab64	e988f737	lui	x14,0xe988f	 x14=0xe988f000
      400889000	     19942	8000ab68	0222ce33	div	x28,x5,x2	  x5:0x71e75013  x2:0x71e75000 x28=0x00000001
      400909000	     19943	8000ab6c	c509	c.beqz	x10,8000ab76	 x10:0xffffffff
      400929000	     19944	8000ab6e	340a21f3	csrrs	x3,mscratch,x20	 x20:0x00000001  x3=0xa2527feb
      401669000	     19981	8000ab72	0291d733	divu	x14,x3,x9	  x3:0xa2527feb  x9:0x71e753d0 x14=0x00000001
      401689000	     19982	8000ab76	0000100f	fence.i	
      402909000	     20043	8000ab7a	02756ab3	rem	x21,x10,x7	 x10:0xffffffff  x7:0x00000013 x21=0xffffffff
      402929000	     20044	8000ab7e	04d47463	bgeu	x8,x13,8000abc6	  x8:0xffffffe1 x13:0x00000000
      403909000	     20093	8000abc6	02f7ccb3	div	x25,x15,x15	 x15:0xffffffe1 x15:0xffffffe1 x25=0x00000001
      403929000	     20094	8000abca	01fb1e93	slli	x29,x22,0x1f	 x22:0x00000000 x29=0x00000000
      403949000	     20095	8000abce	34043bf3	csrrc	x23,mscratch,x8	  x8:0xffffffe1 x23=0xa2527feb
      403969000	     20096	8000abd2	036a0163	beq	x20,x22,8000abf4	 x20:0x00000001 x22:0x00000000
      403989000	     20097	8000abd6	4d15	c.li	x26,5	 x26=0x00000005
      404009000	     20098	8000abd8	34007cf3	csrrci	x25,mscratch,0	 x25=0x0000000a
      404029000	     20099	8000abdc	01a85c63	bge	x16,x26,8000abf4	 x16:0x71e75000 x26:0x00000005
      404249000	     20110	8000abf4	014f63b3	or	x7,x30,x20	 x30:0x00000000 x20:0x00000001  x7=0x00000001
      404649000	     20130	8000abf8	02d306b3	mul	x13,x6,x13	  x6:0x00000000 x13:0x00000000 x13=0x00000000
      404849000	     20140	8000abfc	0d06	c.slli	x26,0x1	 x26:0x00000005 x26=0x0000000a
      404869000	     20141	8000abfe	03cf5963	bge	x30,x28,8000ac30	 x30:0x00000000 x28:0x00000001
      404929000	     20144	8000ac02	00a05363	bge	x0,x10,8000ac08	  x0:0x00000000 x10:0xffffffff
      409189000	     20357	8000ac08	f8bc4013	xori	x0,x24,-117	 x24:0x00000000  x0=0x00000000
      409209000	     20358	8000ac0c	41290b33	sub	x22,x18,x18	 x18:0x00000000 x18:0x00000000 x22=0x00000000
      409949000	     20395	8000ac10	0344f533	remu	x10,x9,x20	  x9:0x71e753d0 x20:0x00000001 x10=0x00000000
      409969000	     20396	8000ac14	016e1113	slli	x2,x28,0x16	 x28:0x00000001  x2=0x00400000
      409989000	     20397	8000ac18	01b90e33	add	x28,x18,x27	 x18:0x00000000 x27:0x00000000 x28=0x00000000
      410009000	     20398	8000ac1c	34087e73	csrrci	x28,mscratch,16	 x28=0x0000000a
      410029000	     20399	8000ac20	0021ed63	bltu	x3,x2,8000ac3a	  x3:0xa2527feb  x2:0x00400000
      410049000	     20400	8000ac24	8c55	c.or	x8,x13	  x8:0xffffffe1 x13:0x00000000  x8=0xffffffe1
      410069000	     20401	8000ac26	e01d	c.bnez	x8,8000ac4c	  x8:0xffffffe1
      410869000	     20441	8000ac4c	0a1f6b13	ori	x22,x30,161	 x30:0x00000000 x22=0x000000a1
      411309000	     20463	8000ac50	012dc233	xor	x4,x27,x18	 x27:0x00000000 x18:0x00000000  x4=0x00000000
      411329000	     20464	8000ac54	00e2b433	sltu	x8,x5,x14	  x5:0x71e75013 x14:0x00000001  x8=0x00000000
      411349000	     20465	8000ac58	00b190b3	sll	x1,x3,x11	  x3:0xa2527feb x11:0x80021e58  x1=0xeb000000
      411369000	     20466	8000ac5c	62a9e637	lui	x12,0x62a9e	 x12=0x62a9e000
      411389000	     20467	8000ac60	34069df3	csrrw	x27,mscratch,x13	 x13:0x00000000 x27=0x0000000a
      411709000	     20483	8000ac64	01809e13	slli	x28,x1,0x18	  x1:0xeb000000 x28=0x00000000
      411729000	     20484	8000ac68	01693113	sltiu	x2,x18,22	 x18:0x00000000  x2=0x00000001
      411869000	     20491	8000ac6c	eb91	c.bnez	x15,8000ac80	 x15:0xffffffe1
      412529000	     20524	8000ac80	03195663	bge	x18,x17,8000acac	 x18:0x00000000 x17:0x5dad8000
      412669000	     20531	8000ac84	8ced	c.and	x9,x11	  x9:0x71e753d0 x11:0x80021e58  x9=0x00021250
      412689000	     20532	8000ac86	00ed	c.addi	x1,27	  x1:0xeb000000  x1=0xeb00001b
      412709000	     20533	8000ac88	00b57633	and	x12,x10,x11	 x10:0x00000000 x11:0x80021e58 x12=0x00000000
      412729000	     20534	8000ac8c	8b41	c.andi	x14,16	 x14:0x00000001 x14=0x00000000
      412749000	     20535	8000ac8e	01854c33	xor	x24,x10,x24	 x10:0x00000000 x24:0x00000000 x24=0x00000000
      413829000	     20589	8000ac92	02375033	divu	x0,x14,x3	 x14:0x00000000  x3:0xa2527feb  x0=0x00000000
      413849000	     20590	8000ac96	00cd9433	sll	x8,x27,x12	 x27:0x0000000a x12:0x00000000  x8=0x0000000a
      413869000	     20591	8000ac9a	51fd	c.li	x3,-1	  x3=0xffffffff
      413889000	     20592	8000ac9c	0052d433	srl	x8,x5,x5	  x5:0x71e75013  x5:0x71e75013  x8=0x00000e3c
      413909000	     20593	8000aca0	340038f3	csrrc	x17,mscratch,x0	  x0:0x00000000 x17=0x00000000
      413929000	     20594	8000aca4	1df2bf13	sltiu	x30,x5,479	  x5:0x71e75013 x30=0x00000000
      413969000	     20596	8000aca8	03e0cd33	div	x26,x1,x30	  x1:0xeb00001b x30:0x00000000 x26=0xffffffff
      413989000	     20597	8000acac	ffc73193	sltiu	x3,x14,-4	 x14:0x00000000  x3=0x00000001
      414169000	     20606	8000acb0	0145ad33	slt	x26,x11,x20	 x11:0x80021e58 x20:0x00000001 x26=0x00000001
      414189000	     20607	8000acb4	05ae4063	blt	x28,x26,8000acf4	 x28:0x00000000 x26:0x00000001
      415229000	     20659	8000acf4	ea15	c.bnez	x12,8000ad28	 x12:0x00000000
      415309000	     20663	8000acf6	0ff0000f	fence	iorw,iorw	
      415329000	     20664	8000acfa	67a1	c.lui	x15,0x8	 x15=0x00008000
      415349000	     20665	8000acfc	04308363	beq	x1,x3,8000ad42	  x1:0xeb00001b  x3:0x00000001
      415469000	     20671	8000ad00	9a92df37	lui	x30,0x9a92d	 x30=0x9a92d000
      415489000	     20672	8000ad04	81ab0393	addi	x7,x22,-2022	 x22:0x000000a1  x7=0xfffff8bb
      415629000	     20679	8000ad08	032b4863	blt	x22,x18,8000ad38	 x22:0x000000a1 x18:0x00000000
      415769000	     20686	8000ad0c	340cda73	csrrwi	x20,mscratch,25	 x20=0x00000000
      416189000	     20707	8000ad10	611d4813	xori	x16,x26,1553	 x26:0x00000001 x16=0x00000610
      416369000	     20716	8000ad14	007bd433	srl	x8,x23,x7	 x23:0xa2527feb  x7:0xfffff8bb  x8=0x00000014
      416409000	     20718	8000ad18	018c18b3	sll	x17,x24,x24	 x24:0x00000000 x24:0x00000000 x17=0x00000000
      416449000	     20720	8000ad1c	00c69463	bne	x13,x12,8000ad24	 x13:0x00000000 x12:0x00000000
      416489000	     20722	8000ad20	a4e6b917	auipc	x18,0xa4e6b	 x18=0x24e75d20
      416509000	     20723	8000ad24	945bf013	andi	x0,x23,-1723	 x23:0xa2527feb  x0=0x00000000
      416529000	     20724	8000ad28	00bfbe33	sltu	x28,x31,x11	 x31:0x80025ce4 x11:0x80021e58 x28=0x00000000
      416689000	     20732	8000ad2c	02413633	mulhu	x12,x2,x4	  x2:0x00000001  x4:0x00000000 x12=0x00000000
      416749000	     20735	8000ad30	015123b3	slt	x7,x2,x21	  x2:0x00000001 x21:0xffffffff  x7=0x00000000
      416769000	     20736	8000ad34	00f411b3	sll	x3,x8,x15	  x8:0x00000014 x15:0x00008000  x3=0x00000014
      416789000	     20737	8000ad38	5afd	c.li	x21,-1	 x21=0xffffffff
      416809000	     20738	8000ad3a	4161d4b3	sra	x9,x3,x22	  x3:0x00000014 x22:0x000000a1  x9=0x0000000a
      417349000	     20765	8000ad3e	01fc0663	beq	x24,x31,8000ad4a	 x24:0x00000000 x31:0x80025ce4
      417369000	     20766	8000ad42	01f1ce33	xor	x28,x3,x31	  x3:0x00000014 x31:0x80025ce4 x28=0x80025cf0
      417509000	     20773	8000ad46	0181d213	srli	x4,x3,0x18	  x3:0x00000014  x4=0x00000000
      417529000	     20774	8000ad4a	00915463	bge	x2,x9,8000ad52	  x2:0x00000001  x9:0x0000000a
      417549000	     20775	8000ad4e	ac58a437	lui	x8,0xac58a	  x8=0xac58a000
      417569000	     20776	8000ad52	8941	c.andi	x10,16	 x10:0x00000000 x10=0x00000000
      417649000	     20780	8000ad54	93da8493	addi	x9,x21,-1731	 x21:0xffffffff  x9=0xfffff93c
      417669000	     20781	8000ad58	00df2eb3	slt	x29,x30,x13	 x30:0x9a92d000 x13:0x00000000 x29=0x00000001
      418609000	     20828	8000ad5c	0219ccb3	div	x25,x19,x1	 x19:0x000000c3  x1:0xeb00001b x25=0x00000000
      418629000	     20829	8000ad60	00c7e533	or	x10,x15,x12	 x15:0x00008000 x12:0x00000000 x10=0x00008000
      418649000	     20830	8000ad64	0001	c.addi	x0,0	  x0:0x00000000  x0=0x00000000
      418669000	     20831	8000ad66	8719	c.srai	x14,0x6	 x14:0x00000000 x14=0x00000000
      418689000	     20832	8000ad68	99194813	xori	x16,x18,-1647	 x18:0x24e75d20 x16=0xdb18a4b1
      418709000	     20833	8000ad6c	00419793	slli	x15,x3,0x4	  x3:0x00000014 x15=0x00000140
      418889000	     20842	8000ad70	8ea5	c.xor	x13,x9	 x13:0x00000000  x9:0xfffff93c x13=0xfffff93c
      418909000	     20843	8000ad72	ea19	c.bnez	x12,8000ad88	 x12:0x00000000
      419049000	     20850	8000ad74	0001	c.addi	x0,0	  x0:0x00000000  x0=0x00000000
      419249000	     20860	8000ad76	beb56b93	ori	x23,x10,-1045	 x10:0x00008000 x23=0xfffffbeb
      419269000	     20861	8000ad7a	0ff0000f	fence	iorw,iorw	
      419289000	     20862	8000ad7e	038089b3	mul	x19,x1,x24	  x1:0xeb00001b x24:0x00000000 x19=0x00000000
      419669000	     20881	8000ad82	01085663	bge	x16,x16,8000ad8e	 x16:0xdb18a4b1 x16:0xdb18a4b1
      421189000	     20957	8000ad8e	010d08b3	add	x17,x26,x16	 x26:0x00000001 x16:0xdb18a4b1 x17=0xdb18a4b2
      421209000	     20958	8000ad92	0001	c.addi	x0,0	  x0:0x00000000  x0=0x00000000
      421229000	     20959	8000ad94	9ad6	c.add	x21,x21	 x21:0xffffffff x21:0xffffffff x21=0xfffffffe
      421249000	     20960	8000ad96	0000100f	fence.i	
      422469000	     21021	8000ad9a	03f55d33	divu	x26,x10,x31	 x10:0x00008000 x31:0x80025ce4 x26=0x00000000
      422489000	     21022	8000ad9e	a819b217	auipc	x4,0xa819b	  x4=0x281a5d9e
      422509000	     21023	8000ada2	40395913	srai	x18,x18,0x3	 x18:0x24e75d20 x18=0x049ceba4
      422529000	     21024	8000ada6	c495	c.beqz	x9,8000add2	  x9:0xfffff93c
      422549000	     21025	8000ada8	0001	c.addi	x0,0	  x0:0x00000000  x0=0x00000000
      422569000	     21026	8000adaa	340e1a73	csrrw	x20,mscratch,x28	 x28:0x80025cf0 x20=0x00000019
      422589000	     21027	8000adae	4265	c.li	x4,25	  x4=0x00000019
      422609000	     21028	8000adb0	5afd	c.li	x21,-1	 x21=0xffffffff
      422629000	     21029	8000adb2	8f71	c.and	x14,x12	 x14:0x00000000 x12:0x00000000 x14=0x00000000
      422889000	     21042	8000adb4	8ead	c.xor	x13,x11	 x13:0xfffff93c x11:0x80021e58 x13=0x7ffde764
      422909000	     21043	8000adb6	70de0013	addi	x0,x28,1805	 x28:0x80025cf0  x0=0x00000000
      424049000	     21100	8000adba	03b5c733	div	x14,x11,x27	 x11:0x80021e58 x27:0x0000000a x14=0xf3336970
      424069000	     21101	8000adbe	0188e863	bltu	x17,x24,8000adce	 x17:0xdb18a4b2 x24:0x00000000
      424089000	     21102	8000adc2	dac25a97	auipc	x21,0xdac25	 x21=0x5ac2fdc2
      424109000	     21103	8000adc6	33645637	lui	x12,0x33645	 x12=0x33645000
      424129000	     21104	8000adca	05cc7263	bgeu	x24,x28,8000ae0e	 x24:0x00000000 x28:0x80025cf0
      424869000	     21141	8000adce	023f6ab3	rem	x21,x30,x3	 x30:0x9a92d000  x3:0x00000014 x21=0xfffffff8
      424889000	     21142	8000add2	340f3273	csrrc	x4,mscratch,x30	 x30:0x9a92d000  x4=0x80025cf0
      424909000	     21143	8000add6	0000100f	fence.i	
      425389000	     21167	8000adda	493d	c.li	x18,15	 x18=0x0000000f
      425469000	     21171	8000addc	c919	c.beqz	x10,8000adf2	 x10:0x00008000
      425489000	     21172	8000adde	805d	c.srli	x8,0x17	  x8:0xac58a000  x8=0x00000158
      425769000	     21186	8000ade0	0001	c.addi	x0,0	  x0:0x00000000  x0=0x00000000
      425809000	     21188	8000ade2	03a47e33	remu	x28,x8,x26	  x8:0x00000158 x26:0x00000000 x28=0x00000158
      425829000	     21189	8000ade6	4094dc33	sra	x24,x9,x9	  x9:0xfffff93c  x9:0xfffff93c x24=0xffffffff
      425849000	     21190	8000adea	01cd4a33	xor	x20,x26,x28	 x26:0x00000000 x28:0x00000158 x20=0x00000158
      426109000	     21203	8000adee	0267bd33	mulhu	x26,x15,x6	 x15:0x00000140  x6:0x00000000 x26=0x00000000
      426129000	     21204	8000adf2	e3b1	c.bnez	x15,8000ae36	 x15:0x00000140
      426649000	     21230	8000ae36	0ff0000f	fence	iorw,iorw	
      426749000	     21235	8000ae3a	01b73c33	sltu	x24,x14,x27	 x14:0xf3336970 x27:0x0000000a x24=0x00000000
      426769000	     21236	8000ae3e	614d	c.addi16sp	x2,176	  x2:0x00000001  x2=0x000000b1
      426909000	     21243	8000ae40	026bf033	remu	x0,x23,x6	 x23:0xfffffbeb  x6:0x00000000  x0=0x00000000
      426929000	     21244	8000ae44	3405f1f3	csrrci	x3,mscratch,11	  x3=0x00000cf0
      427329000	     21264	8000ae48	3407f073	csrrci	x0,mscratch,15	  x0=0x00000000
      427349000	     21265	8000ae4c	b85b3a93	sltiu	x21,x22,-1147	 x22:0x000000a1 x21=0x00000001
      427369000	     21266	8000ae50	8f2d	c.xor	x14,x11	 x14:0xf3336970 x11:0x80021e58 x14=0x73317728
      427389000	     21267	8000ae52	fc4d2193	slti	x3,x26,-60	 x26:0x00000000  x3=0x00000000
      427509000	     21273	8000ae56	21286393	ori	x7,x16,530	 x16:0xdb18a4b1  x7=0xdb18a6b3
      427529000	     21274	8000ae5a	00a8d893	srli	x17,x17,0xa	 x17:0xdb18a4b2 x17=0x0036c629
      427629000	     21279	8000ae5e	41edd113	srai	x2,x27,0x1e	 x27:0x0000000a  x2=0x00000000
      427649000	     21280	8000ae62	c10b4b93	xori	x23,x22,-1008	 x22:0x000000a1 x23=0xfffffcb1
      427669000	     21281	8000ae66	915e	c.add	x2,x23	  x2:0x00000000 x23:0xfffffcb1  x2=0xfffffcb1
      428069000	     21301	8000ae68	92f2	c.add	x5,x28	  x5:0x71e75013 x28:0x00000158  x5=0x71e7516b
      428089000	     21302	8000ae6a	8f15	c.sub	x14,x13	 x14:0x73317728 x13:0x7ffde764 x14=0xf3338fc4
      428169000	     21306	8000ae6c	181c	c.addi4spn	x15,x2,48	 x15=0xfffffce1
      428589000	     21327	8000ae6e	8d2b4813	xori	x16,x22,-1838	 x22:0x000000a1 x16=0xfffff873
      428749000	     21335	8000ae72	6e84a2b7	lui	x5,0x6e84a	  x5=0x6e84a000
      429029000	     21349	8000ae76	02bcf263	bgeu	x25,x11,8000ae9a	 x25:0x00000000 x11:0x80021e58
      429049000	     21350	8000ae7a	0001	c.addi	x0,0	  x0:0x00000000  x0=0x00000000
      429069000	     21351	8000ae7c	96e2	c.add	x13,x24	 x13:0x7ffde764 x24:0x00000000 x13=0x7ffde764
      429089000	     21352	8000ae7e	717d	c.addi16sp	x2,-16	  x2:0xfffffcb1  x2=0xfffffca1
      429109000	     21353	8000ae80	0810	c.addi4spn	x12,x2,16	 x12=0xfffffcb1
      429489000	     21372	8000ae82	407a5493	srai	x9,x20,0x7	 x20:0x00000158  x9=0x00000002
      429509000	     21373	8000ae86	ce193ab7	lui	x21,0xce193	 x21=0xce193000
      429529000	     21374	8000ae8a	0eaa	c.slli	x29,0xa	 x29:0x00000001 x29=0x00000400
      429929000	     21394	8000ae8c	01244533	xor	x10,x8,x18	  x8:0x00000158 x18:0x0000000f x10=0x00000157
      429989000	     21397	8000ae90	6109	c.addi16sp	x2,128	  x2:0xfffffca1  x2=0xfffffd21
      430029000	     21399	8000ae92	34092d73	csrrs	x26,mscratch,x18	 x18:0x0000000f x26=0x00000cf0
      430309000	     21413	8000ae96	0ff0000f	fence	iorw,iorw	
      430729000	     21434	8000ae9a	75f53f17	auipc	x30,0x75f53	 x30=0xf5f5de9a
      430849000	     21440	8000ae9e	3409d2f3	csrrwi	x5,mscratch,19	  x5=0x00000cff
      430969000	     21446	8000aea2	41368833	sub	x16,x13,x19	 x13:0x7ffde764 x19:0x00000000 x16=0x7ffde764
      430989000	     21447	8000aea6	6161	c.addi16sp	x2,80	  x2:0xfffffd21  x2=0xfffffd71
      431009000	     21448	8000aea8	c1634a13	xori	x20,x6,-1002	  x6:0x00000000 x20=0xfffffc16
      431029000	     21449	8000aeac	016b62b3	or	x5,x22,x22	 x22:0x000000a1 x22:0x000000a1  x5=0x000000a1
      431049000	     21450	8000aeb0	ce11	c.beqz	x12,8000aecc	 x12:0xfffffcb1
      431069000	     21451	8000aeb2	02864263	blt	x12,x8,8000aed6	 x12:0xfffffcb1  x8:0x00000158
      432429000	     21519	8000aed6	03b897b3	mulh	x15,x17,x27	 x17:0x0036c629 x27:0x0000000a x15=0x00000000
      432449000	     21520	8000aeda	34002673	csrrs	x12,mscratch,x0	  x0:0x00000000 x12=0x00000013
      432469000	     21521	8000aede	01757263	bgeu	x10,x23,8000aee2	 x10:0x00000157 x23:0xfffffcb1
      433209000	     21558	8000aee2	024248b3	div	x17,x4,x4	  x4:0x80025cf0  x4:0x80025cf0 x17=0x00000001
      433229000	     21559	8000aee6	01dff663	bgeu	x31,x29,8000aef2	 x31:0x80025ce4 x29:0x00000400
      433269000	     21561	8000aef2	c209	c.beqz	x12,8000aef4	 x12:0x00000013
      433289000	     21562	8000aef4	0ff0000f	fence	iorw,iorw	
      433929000	     21594	8000aef8	0ff0000f	fence	iorw,iorw	
      433949000	     21595	8000aefc	00679e63	bne	x15,x6,8000af18	 x15:0x00000000  x6:0x00000000
      433989000	     21597	8000af00	02db16b3	mulh	x13,x22,x13	 x22:0x000000a1 x13:0x7ffde764 x13=0x00000050
      434009000	     21598	8000af04	02a5e963	bltu	x11,x10,8000af36	 x11:0x80021e58 x10:0x00000157
      434029000	     21599	8000af08	0000100f	fence.i	
      435389000	     21667	8000af0c	02b7d0b3	divu	x1,x15,x11	 x15:0x00000000 x11:0x80021e58  x1=0x00000000
      435409000	     21668	8000af10	34007e73	csrrci	x28,mscratch,0	 x28=0x00000013
      435449000	     21670	8000af14	03759533	mulh	x10,x11,x23	 x11:0x80021e58 x23:0xfffffcb1 x10=0x000001a7
      435469000	     21671	8000af18	40d25b33	sra	x22,x4,x13	  x4:0x80025cf0 x13:0x00000050 x22=0xffff8002
      435509000	     21673	8000af1c	03826533	rem	x10,x4,x24	  x4:0x80025cf0 x24:0x00000000 x10=0x80025cf0
      435529000	     21674	8000af20	0001	c.addi	x0,0	  x0:0x00000000  x0=0x00000000
      435569000	     21676	8000af22	02fedc33	divu	x24,x29,x15	 x29:0x00000400 x15:0x00000000 x24=0xffffffff
      435829000	     21689	8000af26	340fa8f3	csrrs	x17,mscratch,x31	 x31:0x80025ce4 x17=0x00000013
      436269000	     21711	8000af2a	0294b033	mulhu	x0,x9,x9	  x9:0x00000002  x9:0x00000002  x0=0x00000000
      436389000	     21717	8000af2e	02531b33	mulh	x22,x6,x5	  x6:0x00000000  x5:0x000000a1 x22=0x00000000
      436789000	     21737	8000af32	01d8a8b3	slt	x17,x17,x29	 x17:0x00000013 x29:0x00000400 x17=0x00000001
      436809000	     21738	8000af36	8d29	c.xor	x10,x10	 x10:0x80025cf0 x10:0x80025cf0 x10=0x00000000
      437889000	     21792	8000af38	03b9cf33	div	x30,x19,x27	 x19:0x00000000 x27:0x0000000a x30=0x00000000
      437909000	     21793	8000af3c	88ae	c.mv	x17,x11	  x0:0x00000000 x11:0x80021e58 x17=0x80021e58
      437929000	     21794	8000af3e	00452e33	slt	x28,x10,x4	 x10:0x00000000  x4:0x80025cf0 x28=0x00000000
      437949000	     21795	8000af42	3401dcf3	csrrwi	x25,mscratch,3	 x25=0x80025cf7
      438689000	     21832	8000af46	038bd4b3	divu	x9,x23,x24	 x23:0xfffffcb1 x24:0xffffffff  x9=0x00000000
      466289000	     23212	8000af4a	34002ef3	csrrs	x29,mscratch,x0	  x0:0x00000000 x29=0x00000003
      466329000	     23214	8000af4e	02a79e33	mulh	x28,x15,x10	 x15:0x00000000 x10:0x00000000 x28=0x00000000
      466349000	     23215	8000af52	03470f33	mul	x30,x14,x20	 x14:0xf3338fc4 x20:0xfffffc16 x30=0x182f4ad8
      466369000	     23216	8000af56	80c97693	andi	x13,x18,-2036	 x18:0x0000000f x13=0x0000000c
      466389000	     23217	8000af5a	34007773	csrrci	x14,mscratch,0	 x14=0x00000003
      466409000	     23218	8000af5e	8e0d	c.sub	x12,x11	 x12:0x00000013 x11:0x80021e58 x12=0x7ffde1bb
      467149000	     23255	8000af60	02efc533	div	x10,x31,x14	 x31:0x80025ce4 x14:0x00000003 x10=0xd5561ef7
      467169000	     23256	8000af64	91f2	c.add	x3,x28	  x3:0x00000000 x28:0x00000000  x3=0x00000000
      467189000	     23257	8000af66	0001	c.addi	x0,0	  x0:0x00000000  x0=0x00000000
      467209000	     23258	8000af68	42a9	c.li	x5,10	  x5=0x0000000a
      467229000	     23259	8000af6a	41cc5513	srai	x10,x24,0x1c	 x24:0xffffffff x10=0xffffffff
      467249000	     23260	8000af6e	002e0f33	add	x30,x28,x2	 x28:0x00000000  x2:0xfffffd71 x30=0xfffffd71
      467589000	     23277	8000af72	021989b3	mul	x19,x19,x1	 x19:0x00000000  x1:0x00000000 x19=0x00000000
      467929000	     23294	8000af76	51612b13	slti	x22,x2,1302	  x2:0xfffffd71 x22=0x00000001
      467949000	     23295	8000af7a	34006df3	csrrsi	x27,mscratch,0	 x27=0x00000003
      468769000	     23336	8000af7e	02ade1b3	rem	x3,x27,x10	 x27:0x00000003 x10:0xffffffff  x3=0x00000000
      468789000	     23337	8000af82	0017b833	sltu	x16,x15,x1	 x15:0x00000000  x1:0x00000000 x16=0x00000000
      468809000	     23338	8000af86	004b51b3	srl	x3,x22,x4	 x22:0x00000001  x4:0x80025cf0  x3=0x00000000
      468829000	     23339	8000af8a	63cd	c.lui	x7,0x13	  x7=0x00013000
      469569000	     23376	8000af8c	032beab3	rem	x21,x23,x18	 x23:0xfffffcb1 x18:0x0000000f x21=0xfffffff9
      469589000	     23377	8000af90	0ff0000f	fence	iorw,iorw	
      469629000	     23379	8000af94	02e5a8b3	mulhsu	x17,x11,x14	 x11:0x80021e58 x14:0x00000003 x17=0xfffffffe
      469669000	     23381	8000af98	02822933	mulhsu	x18,x4,x8	  x4:0x80025cf0  x8:0x00000158 x18=0xffffff54
      469689000	     23382	8000af9c	8f35	c.xor	x14,x13	 x14:0x00000003 x13:0x0000000c x14=0x0000000f
      469709000	     23383	8000af9e	419652b3	sra	x5,x12,x25	 x12:0x7ffde1bb x25:0x80025cf7  x5=0x000000ff
      469729000	     23384	8000afa2	009e4233	xor	x4,x28,x9	 x28:0x00000000  x9:0x00000000  x4=0x00000000
      469749000	     23385	8000afa6	01c804b3	add	x9,x16,x28	 x16:0x00000000 x28:0x00000000  x9=0x00000000
      469949000	     23395	8000afaa	340454f3	csrrwi	x9,mscratch,8	  x9=0x00000003
      469969000	     23396	8000afae	3403dbf3	csrrwi	x23,mscratch,7	 x23=0x00000008
      470389000	     23417	8000afb2	340e3973	csrrc	x18,mscratch,x28	 x28:0x00000000 x18=0x00000007
      470589000	     23427	8000afb6	40a35cb3	sra	x25,x6,x10	  x6:0x00000000 x10:0xffffffff x25=0x00000000
      470989000	     23447	8000afba	0000100f	fence.i	
      471909000	     23493	8000afbe	0187ebb3	or	x23,x15,x24	 x15:0x00000000 x24:0xffffffff x23=0xffffffff
      471929000	     23494	8000afc2	02630e63	beq	x6,x6,8000affe	  x6:0x00000000  x6:0x00000000
      472509000	     23523	8000affe	004c8d33	add	x26,x25,x4	 x25:0x00000000  x4:0x00000000 x26=0x00000000
      472629000	     23529	8000b002	023497b3	mulh	x15,x9,x3	  x9:0x00000003  x3:0x00000000 x15=0x00000000
      472669000	     23531	8000b006	03dbbd33	mulhu	x26,x23,x29	 x23:0xffffffff x29:0x00000003 x26=0x00000002
      472689000	     23532	8000b00a	8b8d	c.andi	x15,3	 x15:0x00000000 x15=0x00000000
      472709000	     23533	8000b00c	68d1	c.lui	x17,0x14	 x17=0x00014000
      472729000	     23534	8000b00e	00afbc33	sltu	x24,x31,x10	 x31:0x80025ce4 x10:0xffffffff x24=0x00000001
      473169000	     23556	8000b012	026850b3	divu	x1,x16,x6	 x16:0x00000000  x6:0x00000000  x1=0xffffffff
      473189000	     23557	8000b016	0001	c.addi	x0,0	  x0:0x00000000  x0=0x00000000
      473209000	     23558	8000b018	8561	c.srai	x10,0x18	 x10:0xffffffff x10=0xffffffff
      473229000	     23559	8000b01a	340651f3	csrrwi	x3,mscratch,12	  x3=0x00000007
      473669000	     23581	8000b01e	03333cb3	mulhu	x25,x6,x19	  x6:0x00000000 x19:0x00000000 x25=0x00000000
      473689000	     23582	8000b022	340e18f3	csrrw	x17,mscratch,x28	 x28:0x00000000 x17=0x0000000c
      474089000	     23602	8000b026	72d13117	auipc	x2,0x72d13	  x2=0xf2d1e026
      474109000	     23603	8000b02a	0116d133	srl	x2,x13,x17	 x13:0x0000000c x17:0x0000000c  x2=0x00000000
      474129000	     23604	8000b02e	6add	c.lui	x21,0x17	 x21=0x00017000
      474189000	     23607	8000b030	82c2	c.mv	x5,x16	  x0:0x00000000 x16:0x00000000  x5=0x00000000
      474309000	     23613	8000b032	03166a63	bltu	x12,x17,8000b066	 x12:0x7ffde1bb x17:0x0000000c
      474449000	     23620	8000b036	01d2feb3	and	x29,x5,x29	  x5:0x00000000 x29:0x00000003 x29=0x00000000
      474469000	     23621	8000b03a	04c5	c.addi	x9,17	  x9:0x00000003  x9=0x00000014
      474869000	     23641	8000b03c	feb9bf13	sltiu	x30,x19,-21	 x19:0x00000000 x30=0x00000001
      474889000	     23642	8000b040	a751b0b7	lui	x1,0xa751b	  x1=0xa751b000
      474909000	     23643	8000b044	40850233	sub	x4,x10,x8	 x10:0xffffffff  x8:0x00000158  x4=0xfffffea7
      475869000	     23691	8000b048	027b69b3	rem	x19,x22,x7	 x22:0x00000001  x7:0x00013000 x19=0x00000001
      475889000	     23692	8000b04c	010acab3	xor	x21,x21,x16	 x21:0x00017000 x16:0x00000000 x21=0x00017000
      475909000	     23693	8000b050	8715	c.srai	x14,0x5	 x14:0x0000000f x14=0x00000000
      476649000	     23730	8000b052	02a664b3	rem	x9,x12,x10	 x12:0x7ffde1bb x10:0xffffffff  x9=0x00000000
      476669000	     23731	8000b056	8fad	c.xor	x15,x11	 x15:0x00000000 x11:0x80021e58 x15=0x80021e58
      476689000	     23732	8000b058	024309b3	mul	x19,x6,x4	  x6:0x00000000  x4:0xfffffea7 x19=0x00000000
      476709000	     23733	8000b05c	34002f73	csrrs	x30,mscratch,x0	  x0:0x00000000 x30=0x00000000
      476729000	     23734	8000b060	00161093	slli	x1,x12,0x1	 x12:0x7ffde1bb  x1=0xfffbc376
      476749000	     23735	8000b064	8ef6	c.mv	x29,x29	  x0:0x00000000 x29:0x00000000 x29=0x00000000
      476769000	     23736	8000b066	9bfd	c.andi	x15,-1	 x15:0x80021e58 x15=0x80021e58
      476789000	     23737	8000b068	2f189717	auipc	x14,0x2f189	 x14=0xaf194068
      476909000	     23743	8000b06c	8ac9	c.andi	x13,18	 x13:0x0000000c x13=0x00000000
      476929000	     23744	8000b06e	884e	c.mv	x16,x19	  x0:0x00000000 x19:0x00000000 x16=0x00000000
      476949000	     23745	8000b070	01baae33	slt	x28,x21,x27	 x21:0x00017000 x27:0x00000003 x28=0x00000000
      476969000	     23746	8000b074	40e88a33	sub	x20,x17,x14	 x17:0x0000000c x14:0xaf194068 x20=0x50e6bfa4
      477149000	     23755	8000b078	029a1233	mulh	x4,x20,x9	 x20:0x50e6bfa4  x9:0x00000000  x4=0x00000000
      477549000	     23775	8000b07c	033a73b3	remu	x7,x20,x19	 x20:0x50e6bfa4 x19:0x00000000  x7=0x50e6bfa4
      477569000	     23776	8000b080	40c58eb3	sub	x29,x11,x12	 x11:0x80021e58 x12:0x7ffde1bb x29=0x00043c9d
      477589000	     23777	8000b084	41775f13	srai	x30,x14,0x17	 x14:0xaf194068 x30=0xffffff5e
      477609000	     23778	8000b088	6145	c.addi16sp	x2,48	  x2:0x00000000  x2=0x00000030
      477629000	     23779	8000b08a	8e91	c.sub	x13,x12	 x13:0x00000000 x12:0x7ffde1bb x13=0x80021e45
      477749000	     23785	8000b08c	6cb9	c.lui	x25,0xe	 x25=0x0000e000
      478169000	     23806	8000b08e	340ea7f3	csrrs	x15,mscratch,x29	 x29:0x00043c9d x15=0x00000000
      478189000	     23807	8000b092	83b5	c.srli	x15,0xd	 x15:0x00000000 x15=0x00000000
      478209000	     23808	8000b094	001f9013	slli	x0,x31,0x1	 x31:0x80025ce4  x0=0x00000000
      478229000	     23809	8000b098	43c1da97	auipc	x21,0x43c1d	 x21=0xc3c28098
      478249000	     23810	8000b09c	7a974293	xori	x5,x14,1961	 x14:0xaf194068  x5=0xaf1947c1
      478269000	     23811	8000b0a0	08f1	c.addi	x17,28	 x17:0x0000000c x17=0x00000028
      478289000	     23812	8000b0a2	34005cf3	csrrwi	x25,mscratch,0	 x25=0x00043c9d
      478349000	     23815	8000b0a6	032321b3	mulhsu	x3,x6,x18	  x6:0x00000000 x18:0x00000007  x3=0x00000000
      478549000	     23825	8000b0aa	00ed9613	slli	x12,x27,0xe	 x27:0x00000003 x12=0x0000c000
      478589000	     23827	8000b0ae	0388a433	mulhsu	x8,x17,x24	 x17:0x00000028 x24:0x00000001  x8=0x00000000
      478969000	     23846	8000b0b2	02737f63	bgeu	x6,x7,8000b0f0	  x6:0x00000000  x7:0x50e6bfa4
      479329000	     23864	8000b0b6	00bd61b3	or	x3,x26,x11	 x26:0x00000002 x11:0x80021e58  x3=0x80021e5a
      479349000	     23865	8000b0ba	0025dbb3	srl	x23,x11,x2	 x11:0x80021e58  x2:0x00000030 x23=0x00008002
      479369000	     23866	8000b0be	0157b3b3	sltu	x7,x15,x21	 x15:0x00000000 x21:0xc3c28098  x7=0x00000001
      479769000	     23886	8000b0c2	22321d97	auipc	x27,0x22321	 x27=0xa232c0c2
      479789000	     23887	8000b0c6	01b21913	slli	x18,x4,0x1b	  x4:0x00000000 x18=0x00000000
      479809000	     23888	8000b0ca	838d	c.srli	x15,0x3	 x15:0x00000000 x15=0x00000000
      479829000	     23889	8000b0cc	0128d2b3	srl	x5,x17,x18	 x17:0x00000028 x18:0x00000000  x5=0x00000028
      480569000	     23926	8000b0d0	02e74bb3	div	x23,x14,x14	 x14:0xaf194068 x14:0xaf194068 x23=0x00000001
      480589000	     23927	8000b0d4	017ac863	blt	x21,x23,8000b0e4	 x21:0xc3c28098 x23:0x00000001
      480629000	     23929	8000b0e4	0816	c.slli	x16,0x5	 x16:0x00000000 x16=0x00000000
      480729000	     23934	8000b0e6	035837b3	mulhu	x15,x16,x21	 x16:0x00000000 x21:0xc3c28098 x15=0x00000000
      480909000	     23943	8000b0ea	053d9263	bne	x27,x19,8000b12e	 x27:0xa232c0c2 x19:0x00000000
      481209000	     23958	8000b12e	34003273	csrrc	x4,mscratch,x0	  x0:0x00000000  x4=0x00000000
      481229000	     23959	8000b132	0afe	c.slli	x21,0x1f	 x21:0xc3c28098 x21=0x00000000
      481249000	     23960	8000b134	0ff0000f	fence	iorw,iorw	
      481289000	     23962	8000b138	020f46b3	div	x13,x30,x0	 x30:0xffffff5e  x0:0x00000000 x13=0xffffffff
      481669000	     23981	8000b13c	0001	c.addi	x0,0	  x0:0x00000000  x0=0x00000000
      481689000	     23982	8000b13e	340a21f3	csrrs	x3,mscratch,x20	 x20:0x50e6bfa4  x3=0x00000000
      481709000	     23983	8000b142	41ddd433	sra	x8,x27,x29	 x27:0xa232c0c2 x29:0x00043c9d  x8=0xfffffffd
      481729000	     23984	8000b146	003fdb33	srl	x22,x31,x3	 x31:0x80025ce4  x3:0x00000000 x22=0x80025ce4
      481769000	     23986	8000b14a	0399b8b3	mulhu	x17,x19,x25	 x19:0x00000000 x25:0x00043c9d x17=0x00000000
      481789000	     23987	8000b14e	0001	c.addi	x0,0	  x0:0x00000000  x0=0x00000000
      482209000	     24008	8000b150	8d49	c.or	x10,x10	 x10:0xffffffff x10:0xffffffff x10=0xffffffff
      482229000	     24009	8000b152	340023f3	csrrs	x7,mscratch,x0	  x0:0x00000000  x7=0x50e6bfa4
      482429000	     24019	8000b156	4061dbb3	sra	x23,x3,x6	  x3:0x00000000  x6:0x00000000 x23=0x00000000
      482549000	     24025	8000b15a	03b52d33	mulhsu	x26,x10,x27	 x10:0xffffffff x27:0xa232c0c2 x26=0xffffffff
      482569000	     24026	8000b15e	03f65e63	bge	x12,x31,8000b19a	 x12:0x0000c000 x31:0x80025ce4
      483389000	     24067	8000b19a	ae438413	addi	x8,x7,-1308	  x7:0x50e6bfa4  x8=0x50e6ba88
      483409000	     24068	8000b19e	03ec0933	mul	x18,x24,x30	 x24:0x00000001 x30:0xffffff5e x18=0xffffff5e
      483429000	     24069	8000b1a2	8009	c.srli	x8,0x2	  x8:0x50e6ba88  x8=0x1439aea2
      483469000	     24071	8000b1a4	02d52533	mulhsu	x10,x10,x13	 x10:0xffffffff x13:0xffffffff x10=0xffffffff
      483609000	     24078	8000b1a8	0001	c.addi	x0,0	  x0:0x00000000  x0=0x00000000
      483629000	     24079	8000b1aa	0c1c	c.addi4spn	x15,x2,528	 x15=0x00000240
      483649000	     24080	8000b1ac	0572	c.slli	x10,0x1c	 x10:0xffffffff x10=0xf0000000
      483669000	     24081	8000b1ae	0001	c.addi	x0,0	  x0:0x00000000  x0=0x00000000
      483729000	     24084	8000b1b0	0ff0000f	fence	iorw,iorw	
      483749000	     24085	8000b1b4	05596713	ori	x14,x18,85	 x18:0xffffff5e x14=0xffffff5f
      483869000	     24091	8000b1b8	8b3d	c.andi	x14,15	 x14:0xffffff5f x14=0x0000000f
      483889000	     24092	8000b1ba	02be	c.slli	x5,0xf	  x5:0x00000028  x5=0x00140000
      484049000	     24100	8000b1bc	34015473	csrrwi	x8,mscratch,2	  x8=0x50e6bfa4
      484089000	     24102	8000b1c0	8f0d	c.sub	x14,x11	 x14:0x0000000f x11:0x80021e58 x14=0x7ffde1b7
      484109000	     24103	8000b1c2	e695	c.bnez	x13,8000b1ee	 x13:0xffffffff
      485329000	     24164	8000b1ee	620b2f13	slti	x30,x22,1568	 x22:0x80025ce4 x30=0x00000001
      485349000	     24165	8000b1f2	8e25	c.xor	x12,x9	 x12:0x0000c000  x9:0x00000000 x12=0x0000c000
      485429000	     24169	8000b1f4	09aa	c.slli	x19,0xa	 x19:0x00000000 x19=0x00000000
      485589000	     24177	8000b1f6	0000100f	fence.i	
      486109000	     24203	8000b1fa	8129	c.srli	x10,0xa	 x10:0xf0000000 x10=0x003c0000
      486129000	     24204	8000b1fc	a9af0213	addi	x4,x30,-1382	 x30:0x00000001  x4=0xfffffa9b
      486329000	     24214	8000b200	40485213	srai	x4,x16,0x4	 x16:0x00000000  x4=0x00000000
      486349000	     24215	8000b204	41845c33	sra	x24,x8,x24	  x8:0x50e6bfa4 x24:0x00000001 x24=0x28735fd2
      486709000	     24233	8000b208	9afd	c.andi	x13,-1	 x13:0xffffffff x13=0xffffffff
      486729000	     24234	8000b20a	8c71	c.and	x8,x12	  x8:0x50e6bfa4 x12:0x0000c000  x8=0x00008000
      486749000	     24235	8000b20c	10b0bb13	sltiu	x22,x1,267	  x1:0xfffbc376 x22=0x00000000
      486769000	     24236	8000b210	02d20533	mul	x10,x4,x13	  x4:0x00000000 x13:0xffffffff x10=0x00000000
      486789000	     24237	8000b214	8305	c.srli	x14,0x1	 x14:0x7ffde1b7 x14=0x3ffef0db
      487189000	     24257	8000b216	00b0ae33	slt	x28,x1,x11	  x1:0xfffbc376 x11:0x80021e58 x28=0x00000000
      487209000	     24258	8000b21a	6f4d	c.lui	x30,0x13	 x30=0x00013000
      487229000	     24259	8000b21c	0044b633	sltu	x12,x9,x4	  x9:0x00000000  x4:0x00000000 x12=0x00000000
      487249000	     24260	8000b220	01949363	bne	x9,x25,8000b226	  x9:0x00000000 x25:0x00043c9d
      487609000	     24278	8000b226	983a	c.add	x16,x14	 x16:0x00000000 x14:0x3ffef0db x16=0x3ffef0db
      487629000	     24279	8000b228	340d6e73	csrrsi	x28,mscratch,26	 x28=0x00000002
      487649000	     24280	8000b22c	34006273	csrrsi	x4,mscratch,0	  x4=0x0000001a
      487729000	     24284	8000b230	0419	c.addi	x8,6	  x8:0x00008000  x8=0x00008006
      487749000	     24285	8000b232	8e69	c.and	x12,x10	 x12:0x00000000 x10:0x00000000 x12=0x00000000
      487789000	     24287	8000b234	82c9	c.srli	x13,0x12	 x13:0xffffffff x13=0x00003fff
      487809000	     24288	8000b236	000d3e33	sltu	x28,x26,x0	 x26:0xffffffff  x0:0x00000000 x28=0x00000000
      487829000	     24289	8000b23a	9bfd	c.andi	x15,-1	 x15:0x00000240 x15=0x00000240
      488009000	     24298	8000b23c	9916	c.add	x18,x5	 x18:0xffffff5e  x5:0x00140000 x18=0x0013ff5e
      488069000	     24301	8000b23e	01488533	add	x10,x17,x20	 x17:0x00000000 x20:0x50e6bfa4 x10=0x50e6bfa4
      488089000	     24302	8000b242	59fd	c.li	x19,-1	 x19=0xffffffff
      488169000	     24306	8000b244	06b6	c.slli	x13,0xd	 x13:0x00003fff x13=0x07ffe000
      488189000	     24307	8000b246	1f08	c.addi4spn	x10,x2,944	 x10=0x000003e0
      488209000	     24308	8000b248	8b79	c.andi	x14,30	 x14:0x3ffef0db x14=0x0000001a
      488229000	     24309	8000b24a	6929	c.lui	x18,0xa	 x18=0x0000a000
      488249000	     24310	8000b24c	00d6f933	and	x18,x13,x13	 x13:0x07ffe000 x13:0x07ffe000 x18=0x07ffe000
      488629000	     24329	8000b250	000d9d13	slli	x26,x27,0x0	 x27:0xa232c0c2 x26=0xa232c0c2
      488889000	     24342	8000b254	0001	c.addi	x0,0	  x0:0x00000000  x0=0x00000000
      488909000	     24343	8000b256	6179	c.addi16sp	x2,464	  x2:0x00000030  x2=0x00000200
      489229000	     24359	8000b258	03c5bab3	mulhu	x21,x11,x28	 x11:0x80021e58 x28:0x00000000 x21=0x00000000
      489249000	     24360	8000b25c	4b05	c.li	x22,1	 x22=0x00000001
      489269000	     24361	8000b25e	d75ed217	auipc	x4,0xd75ed	  x4=0x575f825e
      489429000	     24369	8000b262	1ed8f413	andi	x8,x17,493	 x17:0x00000000  x8=0x00000000
      489449000	     24370	8000b266	0996	c.slli	x19,0x5	 x19:0xffffffff x19=0xffffffe0
      489489000	     24372	8000b268	02036bb3	rem	x23,x6,x0	  x6:0x00000000  x0:0x00000000 x23=0x00000000
      489589000	     24377	8000b26c	34002873	csrrs	x16,mscratch,x0	  x0:0x00000000 x16=0x0000001a
      489609000	     24378	8000b270	0ff0000f	fence	iorw,iorw	
      490349000	     24415	8000b274	03f561b3	rem	x3,x10,x31	 x10:0x000003e0 x31:0x80025ce4  x3=0x000003e0
      490369000	     24416	8000b278	0001	c.addi	x0,0	  x0:0x00000000  x0=0x00000000
      491109000	     24453	8000b27a	03a64933	div	x18,x12,x26	 x12:0x00000000 x26:0xa232c0c2 x18=0x00000000
      491129000	     24454	8000b27e	009e5463	bge	x28,x9,8000b286	 x28:0x00000000  x9:0x00000000
      491329000	     24464	8000b286	0a3a	c.slli	x20,0xe	 x20:0x50e6bfa4 x20=0xafe90000
      491549000	     24475	8000b288	614ba813	slti	x16,x23,1556	 x23:0x00000000 x16=0x00000001
      491569000	     24476	8000b28c	02656d63	bltu	x10,x6,8000b2c6	 x10:0x000003e0  x6:0x00000000
      491709000	     24483	8000b290	00627933	and	x18,x4,x6	  x4:0x575f825e  x6:0x00000000 x18=0x00000000
      492129000	     24504	8000b294	66b9	c.lui	x13,0xe	 x13=0x0000e000
      492149000	     24505	8000b296	6135	c.addi16sp	x2,352	  x2:0x00000200  x2=0x00000360
      492329000	     24514	8000b298	e109	c.bnez	x10,8000b29a	 x10:0x000003e0
      492509000	     24523	8000b29a	ea05	c.bnez	x12,8000b2ca	 x12:0x00000000
      492529000	     24524	8000b29c	1510	c.addi4spn	x12,x2,672	 x12=0x00000600
      492549000	     24525	8000b29e	340c3573	csrrc	x10,mscratch,x24	 x24:0x28735fd2 x10=0x0000001a
      492709000	     24533	8000b2a2	ac843997	auipc	x19,0xac843	 x19=0x2c84e2a2
      492729000	     24534	8000b2a6	6249	c.lui	x4,0x12	  x4=0x00012000
      492849000	     24540	8000b2a8	035d3533	mulhu	x10,x26,x21	 x26:0xa232c0c2 x21:0x00000000 x10=0x00000000
      492949000	     24545	8000b2ac	020523b3	mulhsu	x7,x10,x0	 x10:0x00000000  x0:0x00000000  x7=0x00000000
      493089000	     24552	8000b2b0	34002773	csrrs	x14,mscratch,x0	  x0:0x00000000 x14=0x00000008
      493109000	     24553	8000b2b4	89c6	c.mv	x19,x17	  x0:0x00000000 x17:0x00000000 x19=0x00000000
      493129000	     24554	8000b2b6	0ff0000f	fence	iorw,iorw	
      493489000	     24572	8000b2ba	03d807b3	mul	x15,x16,x29	 x16:0x00000001 x29:0x00043c9d x15=0x00043c9d
      493509000	     24573	8000b2be	010cd033	srl	x0,x25,x16	 x25:0x00043c9d x16:0x00000001  x0=0x00000000
      493729000	     24584	8000b2c2	4087dd33	sra	x26,x15,x8	 x15:0x00043c9d  x8:0x00000000 x26=0x00043c9d
      493929000	     24594	8000b2c6	40d15c33	sra	x24,x2,x13	  x2:0x00000360 x13:0x0000e000 x24=0x00000360
      494349000	     24615	8000b2ca	01d6d413	srli	x8,x13,0x1d	 x13:0x0000e000  x8=0x00000000
      494369000	     24616	8000b2ce	8e2d	c.xor	x12,x11	 x12:0x00000600 x11:0x80021e58 x12=0x80021858
      494509000	     24623	8000b2d0	313b3293	sltiu	x5,x22,787	 x22:0x00000001  x5=0x00000001
      494629000	     24629	8000b2d4	23183113	sltiu	x2,x16,561	 x16:0x00000001  x2=0x00000001
      494669000	     24631	8000b2d8	02a62eb3	mulhsu	x29,x12,x10	 x12:0x80021858 x10:0x00000000 x29=0x00000000
      495069000	     24651	8000b2dc	717d	c.addi16sp	x2,-16	  x2:0x00000001  x2=0xfffffff1
      495089000	     24652	8000b2de	00d79263	bne	x15,x13,8000b2e2	 x15:0x00043c9d x13:0x0000e000
      495369000	     24666	8000b2e2	8e65	c.and	x12,x9	 x12:0x80021858  x9:0x00000000 x12=0x00000000
      495769000	     24686	8000b2e4	8165	c.srli	x10,0x19	 x10:0x00000000 x10=0x00000000
      495789000	     24687	8000b2e6	00027133	and	x2,x4,x0	  x4:0x00012000  x0:0x00000000  x2=0x00000000
      496529000	     24724	8000b2ea	02d8d3b3	divu	x7,x17,x13	 x17:0x00000000 x13:0x0000e000  x7=0x00000000
      496549000	     24725	8000b2ee	024c81b3	mul	x3,x25,x4	 x25:0x00043c9d  x4:0x00012000  x3=0xc430a000
      496569000	     24726	8000b2f2	66a5	c.lui	x13,0x9	 x13=0x00009000
      496589000	     24727	8000b2f4	00f54ab3	xor	x21,x10,x15	 x10:0x00000000 x15:0x00043c9d x21=0x00043c9d
      496609000	     24728	8000b2f8	3fa00b13	addi	x22,x0,1018	  x0:0x00000000 x22=0x000003fa
      496629000	     24729	8000b2fc	007cd763	bge	x25,x7,8000b30a	 x25:0x00043c9d  x7:0x00000000
      497169000	     24756	8000b30a	41a6d7b3	sra	x15,x13,x26	 x13:0x00009000 x26:0x00043c9d x15=0x00000000
      497189000	     24757	8000b30e	ee11	c.bnez	x12,8000b32a	 x12:0x00000000
      497209000	     24758	8000b310	717d	c.addi16sp	x2,-16	  x2:0x00000000  x2=0xfffffff0
      497229000	     24759	8000b312	8c6d	c.and	x8,x11	  x8:0x00000000 x11:0x80021e58  x8=0x00000000
      497369000	     24766	8000b314	56cabb13	sltiu	x22,x21,1388	 x21:0x00043c9d x22=0x00000000
      527629000	     26279	8000b318	717d	c.addi16sp	x2,-16	  x2:0xfffffff0  x2=0xffffffe0
      527649000	     26280	8000b31a	404453b3	sra	x7,x8,x4	  x8:0x00000000  x4:0x00012000  x7=0x00000000
      527669000	     26281	8000b31e	41c35d93	srai	x27,x6,0x1c	  x6:0x00000000 x27=0x00000000
      527689000	     26282	8000b322	340251f3	csrrwi	x3,mscratch,4	  x3=0x00000008
      527709000	     26283	8000b326	01619393	slli	x7,x3,0x16	  x3:0x00000008  x7=0x02000000
      527729000	     26284	8000b32a	002a2833	slt	x16,x20,x2	 x20:0xafe90000  x2:0xffffffe0 x16=0x00000001
      527749000	     26285	8000b32e	c89d	c.beqz	x9,8000b364	  x9:0x00000000
      528109000	     26303	8000b364	cf05	c.beqz	x14,8000b39c	 x14:0x00000008
      528489000	     26322	8000b366	0068ef33	or	x30,x17,x6	 x17:0x00000000  x6:0x00000000 x30=0x00000000
      528849000	     26340	8000b36a	01e6e733	or	x14,x13,x30	 x13:0x00009000 x30:0x00000000 x14=0x00009000
      528869000	     26341	8000b36e	4815	c.li	x16,5	 x16=0x00000005
      529269000	     26361	8000b370	00146a33	or	x20,x8,x1	  x8:0x00000000  x1:0xfffbc376 x20=0xfffbc376
      529389000	     26367	8000b374	0001	c.addi	x0,0	  x0:0x00000000  x0=0x00000000
      529409000	     26368	8000b376	9afd	c.andi	x13,-1	 x13:0x00009000 x13=0x00009000
      529529000	     26374	8000b378	c891	c.beqz	x9,8000b38c	  x9:0x00000000
      530549000	     26425	8000b38c	ca19	c.beqz	x12,8000b3a2	 x12:0x00000000
      530929000	     26444	8000b3a2	01b60f33	add	x30,x12,x27	 x12:0x00000000 x27:0x00000000 x30=0x00000000
      530949000	     26445	8000b3a6	0001	c.addi	x0,0	  x0:0x00000000  x0=0x00000000
      530969000	     26446	8000b3a8	0393c563	blt	x7,x25,8000b3d2	  x7:0x02000000 x25:0x00043c9d
      531369000	     26466	8000b3ac	0001	c.addi	x0,0	  x0:0x00000000  x0=0x00000000
      531409000	     26468	8000b3ae	02faf233	remu	x4,x21,x15	 x21:0x00043c9d x15:0x00000000  x4=0x00043c9d
      531429000	     26469	8000b3b2	014c9c13	slli	x24,x25,0x14	 x25:0x00043c9d x24=0xc9d00000
      531449000	     26470	8000b3b6	0001	c.addi	x0,0	  x0:0x00000000  x0=0x00000000
      531469000	     26471	8000b3b8	34052673	csrrs	x12,mscratch,x10	 x10:0x00000000 x12=0x00000004
      531529000	     26474	8000b3bc	037a7cb3	remu	x25,x20,x23	 x20:0xfffbc376 x23:0x00000000 x25=0xfffbc376
      531549000	     26475	8000b3c0	018374b3	and	x9,x6,x24	  x6:0x00000000 x24:0xc9d00000  x9=0x00000000
      531689000	     26482	8000b3c4	03f28cb3	mul	x25,x5,x31	  x5:0x00000001 x31:0x80025ce4 x25=0x80025ce4
      531829000	     26489	8000b3c8	0000100f	fence.i	
      532389000	     26517	8000b3cc	0001	c.addi	x0,0	  x0:0x00000000  x0=0x00000000
      532409000	     26518	8000b3ce	005176b3	and	x13,x2,x5	  x2:0xffffffe0  x5:0x00000001 x13=0x00000000
      532809000	     26538	8000b3d2	17edfc13	andi	x24,x27,382	 x27:0x00000000 x24=0x00000000
      533209000	     26558	8000b3d6	0313e533	rem	x10,x7,x17	  x7:0x02000000 x17:0x00000000 x10=0x02000000
      533409000	     26568	8000b3da	c02cc713	xori	x14,x25,-1022	 x25:0x80025ce4 x14=0x7ffda0e6
      533429000	     26569	8000b3de	03e6c663	blt	x13,x30,8000b40a	 x13:0x00000000 x30:0x00000000
      533449000	     26570	8000b3e2	0060db63	bge	x1,x6,8000b3f8	  x1:0xfffbc376  x6:0x00000000
      533469000	     26571	8000b3e6	8ed5	c.or	x13,x13	 x13:0x00000000 x13:0x00000000 x13=0x00000000
      533509000	     26573	8000b3e8	02fe3533	mulhu	x10,x28,x15	 x28:0x00000000 x15:0x00000000 x10=0x00000000
      533889000	     26592	8000b3ec	0001	c.addi	x0,0	  x0:0x00000000  x0=0x00000000
      534029000	     26599	8000b3ee	a1a87193	andi	x3,x16,-1510	 x16:0x00000005  x3=0x00000000
      534149000	     26605	8000b3f2	3408a0f3	csrrs	x1,mscratch,x17	 x17:0x00000000  x1=0x00000004
      534169000	     26606	8000b3f6	68dd	c.lui	x17,0x17	 x17=0x00017000
      534549000	     26625	8000b3f8	00771d93	slli	x27,x14,0x7	 x14:0x7ffda0e6 x27=0xfed07300
      534629000	     26629	8000b3fc	c509	c.beqz	x10,8000b406	 x10:0x00000000
      535189000	     26657	8000b406	01755c63	bge	x10,x23,8000b41e	 x10:0x00000000 x23:0x00000000
      535729000	     26684	8000b41e	9e56c913	xori	x18,x13,-1563	 x13:0x00000000 x18=0xfffff9e5
      535749000	     26685	8000b422	008f2833	slt	x16,x30,x8	 x30:0x00000000  x8:0x00000000 x16=0x00000000
      535769000	     26686	8000b426	8095	c.srli	x9,0x5	  x9:0x00000000  x9=0x00000000
      536029000	     26699	8000b428	34002273	csrrs	x4,mscratch,x0	  x0:0x00000000  x4=0x00000004
      536149000	     26705	8000b42c	01da6ab3	or	x21,x20,x29	 x20:0xfffbc376 x29:0x00000000 x21=0xfffbc376
      536509000	     26723	8000b430	80ce	c.mv	x1,x19	  x0:0x00000000 x19:0x00000000  x1=0x00000000
      536529000	     26724	8000b432	028f8833	mul	x16,x31,x8	 x31:0x80025ce4  x8:0x00000000 x16=0x00000000
      536789000	     26737	8000b436	044a4263	blt	x20,x4,8000b47a	 x20:0xfffbc376  x4:0x00000004
      537729000	     26784	8000b47a	010ab0b3	sltu	x1,x21,x16	 x21:0xfffbc376 x16:0x00000000  x1=0x00000000
      538469000	     26821	8000b47e	02517733	remu	x14,x2,x5	  x2:0xffffffe0  x5:0x00000001 x14=0x00000000
      538489000	     26822	8000b482	0128d193	srli	x3,x17,0x12	 x17:0x00017000  x3=0x00000000
      538509000	     26823	8000b486	028de063	bltu	x27,x8,8000b4a6	 x27:0xfed07300  x8:0x00000000
      538529000	     26824	8000b48a	8cfd	c.and	x9,x15	  x9:0x00000000 x15:0x00000000  x9=0x00000000
      538549000	     26825	8000b48c	f1dfaf13	slti	x30,x31,-227	 x31:0x80025ce4 x30=0x00000001
      538569000	     26826	8000b490	340a1a73	csrrw	x20,mscratch,x20	 x20:0xfffbc376 x20=0x00000004
      538589000	     26827	8000b494	3b53f393	andi	x7,x7,949	  x7:0x02000000  x7=0x00000000
      539009000	     26848	8000b498	803922b7	lui	x5,0x80392	  x5=0x80392000
      539429000	     26869	8000b49c	6129	c.addi16sp	x2,192	  x2:0xffffffe0  x2=0x000000a0
      539449000	     26870	8000b49e	01bc1993	slli	x19,x24,0x1b	 x24:0x00000000 x19=0x00000000
      539769000	     26886	8000b4a2	03b81533	mulh	x10,x16,x27	 x16:0x00000000 x27:0xfed07300 x10=0x00000000
      539789000	     26887	8000b4a6	8e85	c.sub	x13,x9	 x13:0x00000000  x9:0x00000000 x13=0x00000000
      539809000	     26888	8000b4a8	8491	c.srai	x9,0x4	  x9:0x00000000  x9=0x00000000
      539829000	     26889	8000b4aa	20fda093	slti	x1,x27,527	 x27:0xfed07300  x1=0x00000001
      539849000	     26890	8000b4ae	731f7113	andi	x2,x30,1841	 x30:0x00000001  x2=0x00000001
      539869000	     26891	8000b4b2	34003973	csrrc	x18,mscratch,x0	  x0:0x00000000 x18=0xfffbc376
      539909000	     26893	8000b4b6	02f72a33	mulhsu	x20,x14,x15	 x14:0x00000000 x15:0x00000000 x20=0x00000000
      539929000	     26894	8000b4ba	01d5ec33	or	x24,x11,x29	 x11:0x80021e58 x29:0x00000000 x24=0x80021e58
      539949000	     26895	8000b4be	9b7d	c.andi	x14,-1	 x14:0x00000000 x14=0x00000000
      539969000	     26896	8000b4c0	9b4a	c.add	x22,x18	 x22:0x00000000 x18:0xfffbc376 x22=0xfffbc376
      540009000	     26898	8000b4c2	02814933	div	x18,x2,x8	  x2:0x00000001  x8:0x00000000 x18=0xffffffff
      540029000	     26899	8000b4c6	f32c3093	sltiu	x1,x24,-206	 x24:0x80021e58  x1=0x00000001
      540109000	     26903	8000b4ca	010a34b3	sltu	x9,x20,x16	 x20:0x00000000 x16:0x00000000  x9=0x00000000
      540129000	     26904	8000b4ce	01cc5813	srli	x16,x24,0x1c	 x24:0x80021e58 x16=0x00000008
      540149000	     26905	8000b4d2	8515	c.srai	x10,0x5	 x10:0x00000000 x10=0x00000000
      540169000	     26906	8000b4d4	340b28f3	csrrs	x17,mscratch,x22	 x22:0xfffbc376 x17=0xfffbc376
      540569000	     26926	8000b4d8	340296f3	csrrw	x13,mscratch,x5	  x5:0x80392000 x13=0xfffbc376
      540629000	     26929	8000b4dc	86fd	c.srai	x13,0x1f	 x13:0xfffbc376 x13=0xffffffff
      540649000	     26930	8000b4de	8ef9	c.and	x13,x14	 x13:0xffffffff x14:0x00000000 x13=0x00000000
      540669000	     26931	8000b4e0	0039fa63	bgeu	x19,x3,8000b4f4	 x19:0x00000000  x3:0x00000000
      541129000	     26954	8000b4f4	50fd	c.li	x1,-1	  x1=0xffffffff
      541189000	     26957	8000b4f6	34002973	csrrs	x18,mscratch,x0	  x0:0x00000000 x18=0x80392000
      541389000	     26967	8000b4fa	00dcd463	bge	x25,x13,8000b502	 x25:0x80025ce4 x13:0x00000000
      541489000	     26972	8000b4fe	010f6eb3	or	x29,x30,x16	 x30:0x00000001 x16:0x00000008 x29=0x00000009
      541509000	     26973	8000b502	80b5	c.srli	x9,0xd	  x9:0x00000000  x9=0x00000000
      541589000	     26977	8000b504	c401be93	sltiu	x29,x3,-960	  x3:0x00000000 x29=0x00000001
      541609000	     26978	8000b508	4154d893	srai	x17,x9,0x15	  x9:0x00000000 x17=0x00000000
      541629000	     26979	8000b50c	01568b33	add	x22,x13,x21	 x13:0x00000000 x21:0xfffbc376 x22=0xfffbc376
      541669000	     26981	8000b510	16806c13	ori	x24,x0,360	  x0:0x00000000 x24=0x00000168
      542069000	     27001	8000b514	c2a5bd13	sltiu	x26,x11,-982	 x11:0x80021e58 x26=0x00000001
      542209000	     27008	8000b518	895d	c.andi	x10,23	 x10:0x00000000 x10=0x00000000
      542229000	     27009	8000b51a	56123793	sltiu	x15,x4,1377	  x4:0x00000004 x15=0x00000001
      542249000	     27010	8000b51e	8561	c.srai	x10,0x18	 x10:0x00000000 x10=0x00000000
      542269000	     27011	8000b520	0a2e	c.slli	x20,0xb	 x20:0x00000000 x20=0x00000000
      543009000	     27048	8000b522	03a167b3	rem	x15,x2,x26	  x2:0x00000001 x26:0x00000001 x15=0x00000000
      543029000	     27049	8000b526	91fcec93	ori	x25,x25,-1761	 x25:0x80025ce4 x25=0xfffffdff
      543049000	     27050	8000b52a	0f26	c.slli	x30,0x9	 x30:0x00000001 x30=0x00000200
      543069000	     27051	8000b52c	ef01	c.bnez	x14,8000b544	 x14:0x00000000
      543089000	     27052	8000b52e	8f35	c.xor	x14,x13	 x14:0x00000000 x13:0x00000000 x14=0x00000000
      543109000	     27053	8000b530	049f0063	beq	x30,x9,8000b570	 x30:0x00000200  x9:0x00000000
      543129000	     27054	8000b534	0124ea33	or	x20,x9,x18	  x9:0x00000000 x18:0x80392000 x20=0x80392000
      543149000	     27055	8000b538	00326533	or	x10,x4,x3	  x4:0x00000004  x3:0x00000000 x10=0x00000004
      543169000	     27056	8000b53c	340b92f3	csrrw	x5,mscratch,x23	 x23:0x00000000  x5=0x80392000
      543349000	     27065	8000b540	871deab7	lui	x21,0x871de	 x21=0x871de000
      543369000	     27066	8000b544	ab3af493	andi	x9,x21,-1357	 x21:0x871de000  x9=0x871de000
      543789000	     27087	8000b548	340023f3	csrrs	x7,mscratch,x0	  x0:0x00000000  x7=0x00000000
      543809000	     27088	8000b54c	4a01	c.li	x20,0	 x20=0x00000000
      543829000	     27089	8000b54e	6189	c.lui	x3,0x2	  x3=0x00002000
      543849000	     27090	8000b550	fedee613	ori	x12,x29,-19	 x29:0x00000001 x12=0xffffffed
      543869000	     27091	8000b554	0003b933	sltu	x18,x7,x0	  x7:0x00000000  x0:0x00000000 x18=0x00000000
      543909000	     27093	8000b558	00f95213	srli	x4,x18,0xf	 x18:0x00000000  x4=0x00000000
      543929000	     27094	8000b55c	8009	c.srli	x8,0x2	  x8:0x00000000  x8=0x00000000
      543949000	     27095	8000b55e	c29d	c.beqz	x13,8000b584	 x13:0x00000000
      544789000	     27137	8000b584	7dde12b7	lui	x5,0x7dde1	  x5=0x7dde1000
      545229000	     27159	8000b588	0894	c.addi4spn	x13,x2,80	 x13=0x00000051
      545329000	     27164	8000b58a	16a8a413	slti	x8,x17,362	 x17:0x00000000  x8=0x00000001
      545709000	     27183	8000b58e	0016dc13	srli	x24,x13,0x1	 x13:0x00000051 x24=0x00000028
      545809000	     27188	8000b592	007b5493	srli	x9,x22,0x7	 x22:0xfffbc376  x9=0x01fff786
      545829000	     27189	8000b596	567d	c.li	x12,-1	 x12=0xffffffff
      545849000	     27190	8000b598	021503b3	mul	x7,x10,x1	 x10:0x00000004  x1:0xffffffff  x7=0xfffffffc
      545929000	     27194	8000b59c	8d0d	c.sub	x10,x11	 x10:0x00000004 x11:0x80021e58 x10=0x7ffde1ac
      545949000	     27195	8000b59e	340458f3	csrrwi	x17,mscratch,8	 x17=0x00000000
      546149000	     27205	8000b5a2	01001613	slli	x12,x0,0x10	  x0:0x00000000 x12=0x00000000
      546229000	     27209	8000b5a6	0000100f	fence.i	
      547149000	     27255	8000b5aa	064d	c.addi	x12,19	 x12:0x00000000 x12=0x00000013
      547889000	     27292	8000b5ac	03a4c9b3	div	x19,x9,x26	  x9:0x01fff786 x26:0x00000001 x19=0x01fff786
      547909000	     27293	8000b5b0	00246ab3	or	x21,x8,x2	  x8:0x00000001  x2:0x00000001 x21=0x00000001
      547929000	     27294	8000b5b4	40a85d93	srai	x27,x16,0xa	 x16:0x00000008 x27=0x00000000
      548669000	     27331	8000b5b8	03efdf33	divu	x30,x31,x30	 x31:0x80025ce4 x30:0x00000200 x30=0x0040012e
      548689000	     27332	8000b5bc	c699	c.beqz	x13,8000b5ca	 x13:0x00000051
      548709000	     27333	8000b5be	076e1063	bne	x28,x22,8000b61e	 x28:0x00000000 x22:0xfffbc376
      548909000	     27343	8000b61e	0000100f	fence.i	
      549229000	     27359	8000b622	069c	c.addi4spn	x15,x2,832	 x15=0x00000341
      549249000	     27360	8000b624	059e8f13	addi	x30,x29,89	 x29:0x00000001 x30=0x0000005a
      549269000	     27361	8000b628	8ff9	c.and	x15,x14	 x15:0x00000341 x14:0x00000000 x15=0x00000000
      549289000	     27362	8000b62a	02939763	bne	x7,x9,8000b658	  x7:0xfffffffc  x9:0x01fff786
      551329000	     27464	8000b658	0194	c.addi4spn	x13,x2,192	 x13=0x000000c1
      551349000	     27465	8000b65a	0001	c.addi	x0,0	  x0:0x00000000  x0=0x00000000
      551369000	     27466	8000b65c	01087a13	andi	x20,x16,16	 x16:0x00000008 x20=0x00000000
      551389000	     27467	8000b660	09e6	c.slli	x19,0x19	 x19:0x01fff786 x19=0x0c000000
      551409000	     27468	8000b662	8f41	c.or	x14,x8	 x14:0x00000000  x8:0x00000001 x14=0x00000001
      551429000	     27469	8000b664	340cdc73	csrrwi	x24,mscratch,25	 x24=0x00000008
      551449000	     27470	8000b668	62f1	c.lui	x5,0x1c	  x5=0x0001c000
      551469000	     27471	8000b66a	615d	c.addi16sp	x2,432	  x2:0x00000001  x2=0x000001b1
      551489000	     27472	8000b66c	e009	c.bnez	x8,8000b66e	  x8:0x00000001
      551969000	     27496	8000b66e	c031	c.beqz	x8,8000b6b2	  x8:0x00000001
      552009000	     27498	8000b670	03e639b3	mulhu	x19,x12,x30	 x12:0x00000013 x30:0x0000005a x19=0x00000000
      552329000	     27514	8000b674	6b734613	xori	x12,x6,1719	  x6:0x00000000 x12=0x000006b7
      552369000	     27516	8000b678	0014d013	srli	x0,x9,0x1	  x9:0x01fff786  x0=0x00000000
      552789000	     27537	8000b67c	01437bb3	and	x23,x6,x20	  x6:0x00000000 x20:0x00000000 x23=0x00000000
      552809000	     27538	8000b680	87cd	c.srai	x15,0x13	 x15:0x00000000 x15=0x00000000
      552969000	     27546	8000b682	f3f44137	lui	x2,0xf3f44	  x2=0xf3f44000
      553389000	     27567	8000b686	41845db3	sra	x27,x8,x24	  x8:0x00000001 x24:0x00000008 x27=0x00000000
      553429000	     27569	8000b68a	03271cb3	mulh	x25,x14,x18	 x14:0x00000001 x18:0x00000000 x25=0x00000000
      553449000	     27570	8000b68e	01120e33	add	x28,x4,x17	  x4:0x00000000 x17:0x00000000 x28=0x00000000
      553469000	     27571	8000b692	0155fe33	and	x28,x11,x21	 x11:0x80021e58 x21:0x00000001 x28=0x00000000
      553529000	     27574	8000b696	fdd88c13	addi	x24,x17,-35	 x17:0x00000000 x24=0xffffffdd
      553549000	     27575	8000b69a	00328f33	add	x30,x5,x3	  x5:0x0001c000  x3:0x00002000 x30=0x0001e000
      553609000	     27578	8000b69e	004128b3	slt	x17,x2,x4	  x2:0xf3f44000  x4:0x00000000 x17=0x00000001
      553709000	     27583	8000b6a2	012a4a33	xor	x20,x20,x18	 x20:0x00000000 x18:0x00000000 x20=0x00000000
      554569000	     27626	8000b6a6	0226c8b3	div	x17,x13,x2	 x13:0x000000c1  x2:0xf3f44000 x17=0x00000000
      554589000	     27627	8000b6aa	406f01b3	sub	x3,x30,x6	 x30:0x0001e000  x6:0x00000000  x3=0x0001e000
      554609000	     27628	8000b6ae	34002bf3	csrrs	x23,mscratch,x0	  x0:0x00000000 x23=0x00000019
      554629000	     27629	8000b6b2	7df06513	ori	x10,x0,2015	  x0:0x00000000 x10=0x000007df
      554649000	     27630	8000b6b6	004e5663	bge	x28,x4,8000b6c2	 x28:0x00000000  x4:0x00000000
      555529000	     27674	8000b6c2	40b806b3	sub	x13,x16,x11	 x16:0x00000008 x11:0x80021e58 x13=0x7ffde1b0
      555549000	     27675	8000b6c6	03f74263	blt	x14,x31,8000b6ea	 x14:0x00000001 x31:0x80025ce4
      556689000	     27732	8000b6ca	02d36433	rem	x8,x6,x13	  x6:0x00000000 x13:0x7ffde1b0  x8=0x00000000
      556709000	     27733	8000b6ce	340033f3	csrrc	x7,mscratch,x0	  x0:0x00000000  x7=0x00000019
      556729000	     27734	8000b6d2	01365793	srli	x15,x12,0x13	 x12:0x000006b7 x15=0x00000000
      556749000	     27735	8000b6d6	055ab613	sltiu	x12,x21,85	 x21:0x00000001 x12=0x00000001
      556789000	     27737	8000b6da	03f89cb3	mulh	x25,x17,x31	 x17:0x00000000 x31:0x80025ce4 x25=0x00000000
      556809000	     27738	8000b6de	c329	c.beqz	x14,8000b720	 x14:0x00000001
      556829000	     27739	8000b6e0	340b1b73	csrrw	x22,mscratch,x22	 x22:0xfffbc376 x22=0x00000019
      556849000	     27740	8000b6e4	340aeaf3	csrrsi	x21,mscratch,21	 x21=0xfffbc376
      556869000	     27741	8000b6e8	8c41	c.or	x8,x8	  x8:0x00000000  x8:0x00000000  x8=0x00000000
      556889000	     27742	8000b6ea	9601f7b7	lui	x15,0x9601f	 x15=0x9601f000
      557069000	     27751	8000b6ee	024eeeb3	rem	x29,x29,x4	 x29:0x00000001  x4:0x00000000 x29=0x00000001
      557509000	     27773	8000b6f2	340ed0f3	csrrwi	x1,mscratch,29	  x1=0xfffbc377
      557529000	     27774	8000b6f6	34051273	csrrw	x4,mscratch,x10	 x10:0x000007df  x4=0x0000001d
      557549000	     27775	8000b6fa	340ffc73	csrrci	x24,mscratch,31	 x24=0x000007df
      557569000	     27776	8000b6fe	c039	c.beqz	x8,8000b744	  x8:0x00000000
      558229000	     27809	8000b744	4057d833	sra	x16,x15,x5	 x15:0x9601f000  x5:0x0001c000 x16=0x9601f000
      558309000	     27813	8000b748	0001	c.addi	x0,0	  x0:0x00000000  x0=0x00000000
      558329000	     27814	8000b74a	40f85db3	sra	x27,x16,x15	 x16:0x9601f000 x15:0x9601f000 x27=0x9601f000
      558349000	     27815	8000b74e	010543b3	xor	x7,x10,x16	 x10:0x000007df x16:0x9601f000  x7=0x9601f7df
      558369000	     27816	8000b752	01c18d33	add	x26,x3,x28	  x3:0x0001e000 x28:0x00000000 x26=0x0001e000
      558389000	     27817	8000b756	024d	c.addi	x4,19	  x4:0x0000001d  x4=0x00000030
      558529000	     27824	8000b758	034830b3	mulhu	x1,x16,x20	 x16:0x9601f000 x20:0x00000000  x1=0x00000000
      558549000	     27825	8000b75c	340039f3	csrrc	x19,mscratch,x0	  x0:0x00000000 x19=0x000007c0
      558569000	     27826	8000b760	6791	c.lui	x15,0x4	 x15=0x00004000
      558589000	     27827	8000b762	41b9dcb3	sra	x25,x19,x27	 x19:0x000007c0 x27:0x9601f000 x25=0x000007c0
      558609000	     27828	8000b766	8439	c.srai	x8,0xe	  x8:0x00000000  x8=0x00000000
      559009000	     27848	8000b768	8325	c.srli	x14,0x9	 x14:0x00000001 x14=0x00000000
      559749000	     27885	8000b76a	03786033	rem	x0,x16,x23	 x16:0x9601f000 x23:0x00000019  x0=0x00000000
      559769000	     27886	8000b76e	52fd	c.li	x5,-1	  x5=0xffffffff
      559789000	     27887	8000b770	8d05	c.sub	x10,x9	 x10:0x000007df  x9:0x01fff786 x10=0xfe001059
      559809000	     27888	8000b772	018ed0b3	srl	x1,x29,x24	 x29:0x00000001 x24:0x000007df  x1=0x00000000
      559829000	     27889	8000b776	34069cf3	csrrw	x25,mscratch,x13	 x13:0x7ffde1b0 x25=0x000007c0
      559849000	     27890	8000b77a	ff746d93	ori	x27,x8,-9	  x8:0x00000000 x27=0xfffffff7
      559869000	     27891	8000b77e	0571	c.addi	x10,28	 x10:0xfe001059 x10=0xfe001075
      559889000	     27892	8000b780	a0ae2793	slti	x15,x28,-1526	 x28:0x00000000 x15=0x00000000
      560129000	     27904	8000b784	852d	c.srai	x10,0xb	 x10:0xfe001075 x10=0xffffc002
      560149000	     27905	8000b786	08fd	c.addi	x17,31	 x17:0x00000000 x17=0x0000001f
      560189000	     27907	8000b788	003550b3	srl	x1,x10,x3	 x10:0xffffc002  x3:0x0001e000  x1=0xffffc002
      560209000	     27908	8000b78c	01329463	bne	x5,x19,8000b794	  x5:0xffffffff x19:0x000007c0
      561109000	     27953	8000b794	00454033	xor	x0,x10,x4	 x10:0xffffc002  x4:0x00000030  x0=0x00000000
      561149000	     27955	8000b798	8f19	c.sub	x14,x14	 x14:0x00000000 x14:0x00000000 x14=0x00000000
      561169000	     27956	8000b79a	01245813	srli	x16,x8,0x12	  x8:0x00000000 x16=0x00000000
      561589000	     27977	8000b79e	340d96f3	csrrw	x13,mscratch,x27	 x27:0xfffffff7 x13=0x7ffde1b0
      561609000	     27978	8000b7a2	340073f3	csrrci	x7,mscratch,0	  x7=0xfffffff7
      562029000	     27999	8000b7a6	340f5073	csrrwi	x0,mscratch,30	  x0=0x00000000
      562049000	     28000	8000b7aa	8fa9	c.xor	x15,x10	 x15:0x00000000 x10:0xffffc002 x15=0xffffc002
      562789000	     28037	8000b7ac	03fa5933	divu	x18,x20,x31	 x20:0x00000000 x31:0x80025ce4 x18=0x00000000
      562809000	     28038	8000b7b0	8c95	c.sub	x9,x13	  x9:0x01fff786 x13:0x7ffde1b0  x9=0x820215d6
      562829000	     28039	8000b7b2	16197a13	andi	x20,x18,353	 x18:0x00000000 x20=0x00000000
      562849000	     28040	8000b7b6	01ba0533	add	x10,x20,x27	 x20:0x00000000 x27:0xfffffff7 x10=0xfffffff7
      562869000	     28041	8000b7ba	0158b833	sltu	x16,x17,x21	 x17:0x0000001f x21:0xfffbc376 x16=0x00000001
      562889000	     28042	8000b7be	010f44b3	xor	x9,x30,x16	 x30:0x0001e000 x16:0x00000001  x9=0x0001e001
      562909000	     28043	8000b7c2	0195e263	bltu	x11,x25,8000b7c6	 x11:0x80021e58 x25:0x000007c0
      562989000	     28047	8000b7c6	03f89433	mulh	x8,x17,x31	 x17:0x0000001f x31:0x80025ce4  x8=0xfffffff0
      563169000	     28056	8000b7ca	0000100f	fence.i	
      563809000	     28088	8000b7ce	00e1ad33	slt	x26,x3,x14	  x3:0x0001e000 x14:0x00000000 x26=0x00000000
      563829000	     28089	8000b7d2	e711	c.bnez	x14,8000b7de	 x14:0x00000000
      564049000	     28100	8000b7d4	9d57b413	sltiu	x8,x15,-1579	 x15:0xffffc002  x8=0x00000001
      564189000	     28107	8000b7d8	6b461237	lui	x4,0x6b461	  x4=0x6b461000
      564609000	     28128	8000b7dc	717d	c.addi16sp	x2,-16	  x2:0xf3f44000  x2=0xf3f43ff0
      564629000	     28129	8000b7de	8d75	c.and	x10,x13	 x10:0xfffffff7 x13:0x7ffde1b0 x10=0x7ffde1b0
      564749000	     28135	8000b7e0	340022f3	csrrs	x5,mscratch,x0	  x0:0x00000000  x5=0x0000001e
      564909000	     28143	8000b7e4	0001	c.addi	x0,0	  x0:0x00000000  x0=0x00000000
      564929000	     28144	8000b7e6	34032cf3	csrrs	x25,mscratch,x6	  x6:0x00000000 x25=0x0000001e
      565749000	     28185	8000b7ea	031770b3	remu	x1,x14,x17	 x14:0x00000000 x17:0x0000001f  x1=0x00000000
      565769000	     28186	8000b7ee	34027d73	csrrci	x26,mscratch,4	 x26=0x0000001e
      565789000	     28187	8000b7f2	fbeb0413	addi	x8,x22,-66	 x22:0x00000019  x8=0xffffffd7
      565809000	     28188	8000b7f6	872e	c.mv	x14,x11	  x0:0x00000000 x11:0x80021e58 x14=0x80021e58
      566189000	     28207	8000b7f8	09ad	c.addi	x19,11	 x19:0x000007c0 x19=0x000007cb
      566209000	     28208	8000b7fa	9bfd	c.andi	x15,-1	 x15:0xffffc002 x15=0xffffc002
      566229000	     28209	8000b7fc	00aedeb3	srl	x29,x29,x10	 x29:0x00000001 x10:0x7ffde1b0 x29=0x00000000
      566309000	     28213	8000b800	71cf0b97	auipc	x23,0x71cf0	 x23=0xf1cfb800
      566329000	     28214	8000b804	0f0dfc13	andi	x24,x27,240	 x27:0xfffffff7 x24=0x000000f0
      566369000	     28216	8000b808	02d3b833	mulhu	x16,x7,x13	  x7:0xfffffff7 x13:0x7ffde1b0 x16=0x7ffde1ab
      566749000	     28235	8000b80c	9ab2	c.add	x21,x12	 x21:0xfffbc376 x12:0x00000001 x21=0xfffbc377
      566769000	     28236	8000b80e	03c44863	blt	x8,x28,8000b83e	  x8:0xffffffd7 x28:0x00000000
      567469000	     28271	8000b83e	416efc93	andi	x25,x29,1046	 x29:0x00000000 x25=0x00000000
      567489000	     28272	8000b842	0d80	c.addi4spn	x8,x2,720	  x8=0xf3f442c0
      567509000	     28273	8000b844	340899f3	csrrw	x19,mscratch,x17	 x17:0x0000001f x19=0x0000001a
      567529000	     28274	8000b848	02d44f63	blt	x8,x13,8000b886	  x8:0xf3f442c0 x13:0x7ffde1b0
      567949000	     28295	8000b886	0001	c.addi	x0,0	  x0:0x00000000  x0=0x00000000
      567989000	     28297	8000b888	9bfd	c.andi	x15,-1	 x15:0xffffc002 x15=0xffffc002
      568129000	     28304	8000b88a	0ff0000f	fence	iorw,iorw	
      568149000	     28305	8000b88e	00b84933	xor	x18,x16,x11	 x16:0x7ffde1ab x11:0x80021e58 x18=0xfffffff3
      568489000	     28322	8000b892	010fce63	blt	x31,x16,8000b8ae	 x31:0x80025ce4 x16:0x7ffde1ab
      569029000	     28349	8000b8ae	022806b3	mul	x13,x16,x2	 x16:0x7ffde1ab  x2:0xf3f43ff0 x13=0xe088a550
      569049000	     28350	8000b8b2	40940233	sub	x4,x8,x9	  x8:0xf3f442c0  x9:0x0001e001  x4=0xf3f262bf
      569069000	     28351	8000b8b6	9b16	c.add	x22,x5	 x22:0x00000019  x5:0x0000001e x22=0x00000037
      569149000	     28355	8000b8b8	6d65	c.lui	x26,0x19	 x26=0x00019000
      569169000	     28356	8000b8ba	1318	c.addi4spn	x14,x2,416	 x14=0xf3f44190
      569249000	     28360	8000b8bc	88d9	c.andi	x9,22	  x9:0x0001e001  x9=0x00000000
      569449000	     28370	8000b8be	405c5833	sra	x16,x24,x5	 x24:0x000000f0  x5:0x0000001e x16=0x00000000
      569869000	     28391	8000b8c2	4080db33	sra	x22,x1,x8	  x1:0x00000000  x8:0xf3f442c0 x22=0x00000000
      570269000	     28411	8000b8c6	01d40463	beq	x8,x29,8000b8ce	  x8:0xf3f442c0 x29:0x00000000
      570429000	     28419	8000b8ca	8798b793	sltiu	x15,x17,-1927	 x17:0x0000001f x15=0x00000001
      570449000	     28420	8000b8ce	05545463	bge	x8,x21,8000b916	  x8:0xf3f442c0 x21:0xfffbc377
      570469000	     28421	8000b8d2	01f38eb3	add	x29,x7,x31	  x7:0xfffffff7 x31:0x80025ce4 x29=0x80025cdb
      570889000	     28442	8000b8d6	01f9dbb3	srl	x23,x19,x31	 x19:0x0000001a x31:0x80025ce4 x23=0x00000001
      572029000	     28499	8000b8da	022a44b3	div	x9,x20,x2	 x20:0x00000000  x2:0xf3f43ff0  x9=0x00000000
      572049000	     28500	8000b8de	ef8789b7	lui	x19,0xef878	 x19=0xef878000
      572069000	     28501	8000b8e2	00dabc33	sltu	x24,x21,x13	 x21:0xfffbc377 x13:0xe088a550 x24=0x00000000
      572089000	     28502	8000b8e6	0000100f	fence.i	
      572889000	     28542	8000b8ea	6de5a437	lui	x8,0x6de5a	  x8=0x6de5a000
      573309000	     28563	8000b8ee	f6697e13	andi	x28,x18,-154	 x18:0xfffffff3 x28=0xffffff62
      573329000	     28564	8000b8f2	02ed5663	bge	x26,x14,8000b91e	 x26:0x00019000 x14:0xf3f44190
      573529000	     28574	8000b91e	4a4f2197	auipc	x3,0x4a4f2	  x3=0xca4fd91e
      573549000	     28575	8000b922	058f7d13	andi	x26,x30,88	 x30:0x0001e000 x26=0x00000000
      573569000	     28576	8000b926	00919b33	sll	x22,x3,x9	  x3:0xca4fd91e  x9:0x00000000 x22=0xca4fd91e
      573749000	     28585	8000b92a	019cd613	srli	x12,x25,0x19	 x25:0x00000000 x12=0x00000000
      574169000	     28606	8000b92e	00c2d633	srl	x12,x5,x12	  x5:0x0000001e x12:0x00000000 x12=0x0000001e
      574189000	     28607	8000b932	eb4e8917	auipc	x18,0xeb4e8	 x18=0x6b4f3932
      574209000	     28608	8000b936	001c8f33	add	x30,x25,x1	 x25:0x00000000  x1:0x00000000 x30=0x00000000
      575129000	     28654	8000b93a	033a43b3	div	x7,x20,x19	 x20:0x00000000 x19:0xef878000  x7=0x00000000
      575149000	     28655	8000b93e	340310f3	csrrw	x1,mscratch,x6	  x6:0x00000000  x1=0x0000001f
      575169000	     28656	8000b942	59a7f693	andi	x13,x15,1434	 x15:0x00000001 x13=0x00000000
      575189000	     28657	8000b946	004de033	or	x0,x27,x4	 x27:0xfffffff7  x4:0xf3f262bf  x0=0x00000000
      575209000	     28658	8000b94a	9c6d4513	xori	x10,x26,-1594	 x26:0x00000000 x10=0xfffff9c6
      575229000	     28659	8000b94e	34007473	csrrci	x8,mscratch,0	  x8=0x00000000
      575249000	     28660	8000b952	63d92d13	slti	x26,x18,1597	 x18:0x6b4f3932 x26=0x00000000
      575669000	     28681	8000b956	0000100f	fence.i	
      576869000	     28741	8000b95a	03760033	mul	x0,x12,x23	 x12:0x0000001e x23:0x00000001  x0=0x00000000
      577009000	     28748	8000b95e	02f0c763	blt	x1,x15,8000b98c	  x1:0x0000001f x15:0x00000001
      577029000	     28749	8000b962	00f69b93	slli	x23,x13,0xf	 x13:0x00000000 x23=0x00000000
      577049000	     28750	8000b966	5ae38893	addi	x17,x7,1454	  x7:0x00000000 x17=0x000005ae
      577269000	     28761	8000b96a	03496d33	rem	x26,x18,x20	 x18:0x6b4f3932 x20:0x00000000 x26=0x6b4f3932
      577289000	     28762	8000b96e	02b3e363	bltu	x7,x11,8000b994	  x7:0x00000000 x11:0x80021e58
      577749000	     28785	8000b994	010c1e93	slli	x29,x24,0x10	 x24:0x00000000 x29=0x00000000
      577769000	     28786	8000b998	01e9e033	or	x0,x19,x30	 x19:0xef878000 x30:0x00000000  x0=0x00000000
      577789000	     28787	8000b99c	01a11493	slli	x9,x2,0x1a	  x2:0xf3f43ff0  x9=0xc0000000
      577809000	     28788	8000b9a0	8f35	c.xor	x14,x13	 x14:0xf3f44190 x13:0x00000000 x14=0xf3f44190
      577829000	     28789	8000b9a2	e619	c.bnez	x12,8000b9b0	 x12:0x0000001e
      578289000	     28812	8000b9b0	01911813	slli	x16,x2,0x19	  x2:0xf3f43ff0 x16=0xe0000000
      578309000	     28813	8000b9b4	41298933	sub	x18,x19,x18	 x19:0xef878000 x18:0x6b4f3932 x18=0x843846ce
      578729000	     28834	8000b9b8	0000100f	fence.i	
      580269000	     28911	8000b9bc	41d4	c.lw	x13,4(x11)	 x11:0x80021e58 x13=0x800034e8 PA:0x80021e5c load:0x800034e8
      580289000	     28912	8000b9be	eab7aa93	slti	x21,x15,-341	 x15:0x00000001 x21=0x00000000
      580309000	     28913	8000b9c2	05b1	c.addi	x11,12	 x11:0x80021e58 x11=0x80021e64
      580329000	     28914	8000b9c4	01cd	c.addi	x3,19	  x3:0xca4fd91e  x3=0xca4fd931
      580349000	     28915	8000b9c6	cfe43b93	sltiu	x23,x8,-770	  x8:0x00000000 x23=0x00000001
      580449000	     28920	8000b9ca	00168a13	addi	x20,x13,1	 x13:0x800034e8 x20=0x800034e9
      580469000	     28921	8000b9ce	9a02	c.jalr	x20	 x20:0x800034e9  x1=0x8000b9d0
      581249000	     28960	800034e8	34052b73	csrrs	x22,mscratch,x10	 x10:0xfffff9c6 x22=0x00000000
      581289000	     28962	800034ec	03517bb3	remu	x23,x2,x21	  x2:0xf3f43ff0 x21:0x00000000 x23=0xf3f43ff0
      581549000	     28975	800034f0	34039bf3	csrrw	x23,mscratch,x7	  x7:0x00000000 x23=0xfffff9c6
      581569000	     28976	800034f4	90b6	c.add	x1,x13	  x1:0x8000b9d0 x13:0x800034e8  x1=0x0000eeb8
      581589000	     28977	800034f6	016ade63	bge	x21,x22,80003512	 x21:0x00000000 x22:0x00000000
      582209000	     29008	80003512	c2467e13	andi	x28,x12,-988	 x12:0x0000001e x28=0x00000004
      582609000	     29028	80003516	4c103393	sltiu	x7,x0,1217	  x0:0x00000000  x7=0x00000001
      582629000	     29029	8000351a	eb35	c.bnez	x14,8000358e	 x14:0xf3f44190
      583469000	     29071	8000358e	0ff0000f	fence	iorw,iorw	
      583889000	     29092	80003592	0033a033	slt	x0,x7,x3	  x7:0x00000001  x3:0xca4fd931  x0=0x00000000
      584729000	     29134	80003596	03c8f7b3	remu	x15,x17,x28	 x17:0x000005ae x28:0x00000004 x15=0x00000002
      584749000	     29135	8000359a	e309	c.bnez	x14,8000359c	 x14:0xf3f44190
      584829000	     29139	8000359c	9bfd	c.andi	x15,-1	 x15:0x00000002 x15=0x00000002
      585269000	     29161	8000359e	00fa1b63	bne	x20,x15,800035b4	 x20:0x800034e9 x15:0x00000002
      585889000	     29192	800035b4	011b9433	sll	x8,x23,x17	 x23:0xfffff9c6 x17:0x000005ae  x8=0xfe718000
      585929000	     29194	800035b8	019380b3	add	x1,x7,x25	  x7:0x00000001 x25:0x00000000  x1=0x00000001
      585949000	     29195	800035bc	62ca2513	slti	x10,x20,1580	 x20:0x800034e9 x10=0x00000001
      586829000	     29239	800035c0	02bfdf33	divu	x30,x31,x11	 x31:0x80025ce4 x11:0x80021e64 x30=0x00000001
      586849000	     29240	800035c4	ffffd317	auipc	x6,0xffffd	  x6=0x800005c4
      586869000	     29241	800035c8	db230313	addi	x6,x6,-590	  x6:0x800005c4  x6=0x80000376
      586889000	     29242	800035cc	00030067	jalr	x0,0(x6)	  x6:0x80000376  x0=0x00000000
      587209000	     29258	80000376	90000537	lui	x10,0x90000	 x10=0x90000000
      598809000	     29838	8000037a	1561	c.addi	x10,-8	 x10:0x90000000 x10=0x8ffffff8
      598829000	     29839	8000037c	4d81	c.li	x27,0	 x27=0x00000000
      598849000	     29840	8000037e	0da2	c.slli	x27,0x8	 x27:0x00000000 x27=0x00000000
      598869000	     29841	80000380	0d85	c.addi	x27,1	 x27:0x00000000 x27=0x00000001
      598929000	     29844	80000382	01b52023	sw	x27,0(x10)	 x10:0x8ffffff8 x27:0x00000001 PA:0x8ffffff8 store:0x00000001 load:0xffffffff
      598949000	     29845	80000386	00000073	ecall	
      637809000	     31788	80002600	0800006f	jal	x0,80002680	  x0=0x00000000
      637889000	     31792	80002680	1ff1	c.addi	x31,-4	 x31:0x80025ce4 x31=0x80025ce0
      638349000	     31815	80002682	00bfa023	sw	x11,0(x31)	 x31:0x80025ce0 x11:0x80021e64 PA:0x80025ce0 store:0x80021e64 load:0xffffffff
      638369000	     31816	80002686	000f85b3	add	x11,x31,x0	 x31:0x80025ce0  x0:0x00000000 x11=0x80025ce0
      638389000	     31817	8000268a	f8058593	addi	x11,x11,-128	 x11:0x80025ce0 x11=0x80025c60
      638449000	     31820	8000268e	0015a223	sw	x1,4(x11)	 x11:0x80025c60  x1:0x00000001 PA:0x80025c64 store:0x00000001 load:0xffffffff
      638649000	     31830	80002692	0025a423	sw	x2,8(x11)	 x11:0x80025c60  x2:0xf3f43ff0 PA:0x80025c68 store:0xf3f43ff0 load:0xffffffff
      638889000	     31842	80002696	0035a623	sw	x3,12(x11)	 x11:0x80025c60  x3:0xca4fd931 PA:0x80025c6c store:0xca4fd931 load:0xffffffff
      639109000	     31853	8000269a	0045a823	sw	x4,16(x11)	 x11:0x80025c60  x4:0xf3f262bf PA:0x80025c70 store:0xf3f262bf load:0xffffffff
      639249000	     31860	8000269e	0055aa23	sw	x5,20(x11)	 x11:0x80025c60  x5:0x0000001e PA:0x80025c74 store:0x0000001e load:0xffffffff
      639309000	     31863	800026a2	0065ac23	sw	x6,24(x11)	 x11:0x80025c60  x6:0x80000376 PA:0x80025c78 store:0x80000376 load:0xffffffff
      639369000	     31866	800026a6	0075ae23	sw	x7,28(x11)	 x11:0x80025c60  x7:0x00000001 PA:0x80025c7c store:0x00000001 load:0xffffffff
      639469000	     31871	800026aa	d180	c.sw	x8,32(x11)	 x11:0x80025c60  x8:0xfe718000 PA:0x80025c80 store:0xfe718000 load:0xffffffff
      639489000	     31872	800026ac	d1c4	c.sw	x9,36(x11)	 x11:0x80025c60  x9:0xc0000000 PA:0x80025c84 store:0xc0000000 load:0xffffffff
      639649000	     31880	800026ae	d588	c.sw	x10,40(x11)	 x11:0x80025c60 x10:0x8ffffff8 PA:0x80025c88 store:0x8ffffff8 load:0xffffffff
      639709000	     31883	800026b0	d5cc	c.sw	x11,44(x11)	 x11:0x80025c60 x11:0x80025c60 PA:0x80025c8c store:0x80025c60 load:0xffffffff
      639749000	     31885	800026b2	d990	c.sw	x12,48(x11)	 x11:0x80025c60 x12:0x0000001e PA:0x80025c90 store:0x0000001e load:0xffffffff
      639949000	     31895	800026b4	d9d4	c.sw	x13,52(x11)	 x11:0x80025c60 x13:0x800034e8 PA:0x80025c94 store:0x800034e8 load:0xffffffff
      639969000	     31896	800026b6	dd98	c.sw	x14,56(x11)	 x11:0x80025c60 x14:0xf3f44190 PA:0x80025c98 store:0xf3f44190 load:0xffffffff
      639989000	     31897	800026b8	dddc	c.sw	x15,60(x11)	 x11:0x80025c60 x15:0x00000002 PA:0x80025c9c store:0x00000002 load:0xffffffff
      640089000	     31902	800026ba	0505a023	sw	x16,64(x11)	 x11:0x80025c60 x16:0xe0000000 PA:0x80025ca0 store:0xe0000000 load:0xffffffff
      640349000	     31915	800026be	0515a223	sw	x17,68(x11)	 x11:0x80025c60 x17:0x000005ae PA:0x80025ca4 store:0x000005ae load:0xffffffff
      640589000	     31927	800026c2	0525a423	sw	x18,72(x11)	 x11:0x80025c60 x18:0x843846ce PA:0x80025ca8 store:0x843846ce load:0xffffffff
      640969000	     31946	800026c6	0535a623	sw	x19,76(x11)	 x11:0x80025c60 x19:0xef878000 PA:0x80025cac store:0xef878000 load:0xffffffff
      641109000	     31953	800026ca	0545a823	sw	x20,80(x11)	 x11:0x80025c60 x20:0x800034e9 PA:0x80025cb0 store:0x800034e9 load:0xffffffff
      641269000	     31961	800026ce	0555aa23	sw	x21,84(x11)	 x11:0x80025c60 x21:0x00000000 PA:0x80025cb4 store:0x00000000 load:0xffffffff
      641329000	     31964	800026d2	0565ac23	sw	x22,88(x11)	 x11:0x80025c60 x22:0x00000000 PA:0x80025cb8 store:0x00000000 load:0xffffffff
      641749000	     31985	800026d6	0575ae23	sw	x23,92(x11)	 x11:0x80025c60 x23:0xfffff9c6 PA:0x80025cbc store:0xfffff9c6 load:0xffffffff
      641809000	     31988	800026da	0785a023	sw	x24,96(x11)	 x11:0x80025c60 x24:0x00000000 PA:0x80025cc0 store:0x00000000 load:0xffffffff
      641869000	     31991	800026de	0795a223	sw	x25,100(x11)	 x11:0x80025c60 x25:0x00000000 PA:0x80025cc4 store:0x00000000 load:0xffffffff
      642309000	     32013	800026e2	07a5a423	sw	x26,104(x11)	 x11:0x80025c60 x26:0x6b4f3932 PA:0x80025cc8 store:0x6b4f3932 load:0xffffffff
      642369000	     32016	800026e6	07b5a623	sw	x27,108(x11)	 x11:0x80025c60 x27:0x00000001 PA:0x80025ccc store:0x00000001 load:0xffffffff
      642389000	     32017	800026ea	07c5a823	sw	x28,112(x11)	 x11:0x80025c60 x28:0x00000004 PA:0x80025cd0 store:0x00000004 load:0xffffffff
      642809000	     32038	800026ee	07d5aa23	sw	x29,116(x11)	 x11:0x80025c60 x29:0x00000000 PA:0x80025cd4 store:0x00000000 load:0xffffffff
      642869000	     32041	800026f2	07e5ac23	sw	x30,120(x11)	 x11:0x80025c60 x30:0x00000001 PA:0x80025cd8 store:0x00000001 load:0xffffffff
      642889000	     32042	800026f6	07f5ae23	sw	x31,124(x11)	 x11:0x80025c60 x31:0x80025ce0 PA:0x80025cdc store:0x80025ce0 load:0xffffffff
      642909000	     32043	800026fa	00058fb3	add	x31,x11,x0	 x11:0x80025c60  x0:0x00000000 x31=0x80025c60
      642929000	     32044	800026fe	90000537	lui	x10,0x90000	 x10=0x90000000
      642949000	     32045	80002702	1571	c.addi	x10,-4	 x10:0x90000000 x10=0x8ffffffc
      642989000	     32047	80002704	4da1	c.li	x27,8	 x27=0x00000008
      643009000	     32048	80002706	0da2	c.slli	x27,0x8	 x27:0x00000008 x27=0x00000800
      643029000	     32049	80002708	000d8d93	addi	x27,x27,0	 x27:0x00000800 x27=0x00000800
      643089000	     32052	8000270c	01b52023	sw	x27,0(x10)	 x10:0x8ffffffc x27:0x00000800 PA:0x8ffffffc store:0x00000800 load:0xffffffff
      643229000	     32059	80002710	34102df3	csrrs	x27,mepc,x0	  x0:0x00000000 x27=0x80000386
      643289000	     32062	80002714	34202df3	csrrs	x27,mcause,x0	  x0:0x00000000 x27=0x0000000b
      643449000	     32070	80002718	450d	c.li	x10,3	 x10=0x00000003
      643469000	     32071	8000271a	00ad9463	bne	x27,x10,80002722	 x27:0x0000000b x10:0x00000003
      643769000	     32086	80002722	4521	c.li	x10,8	 x10=0x00000008
      643809000	     32088	80002724	04ad8d63	beq	x27,x10,8000277e	 x27:0x0000000b x10:0x00000008
      643829000	     32089	80002728	4525	c.li	x10,9	 x10=0x00000009
      643929000	     32094	8000272a	04ad8a63	beq	x27,x10,8000277e	 x27:0x0000000b x10:0x00000009
      643949000	     32095	8000272e	452d	c.li	x10,11	 x10=0x0000000b
      643989000	     32097	80002730	04ad8763	beq	x27,x10,8000277e	 x27:0x0000000b x10:0x0000000b
      645549000	     32175	8000277e	90000537	lui	x10,0x90000	 x10=0x90000000
      645569000	     32176	80002782	1571	c.addi	x10,-4	 x10:0x90000000 x10=0x8ffffffc
      645649000	     32180	80002784	6d85	c.lui	x27,0x1	 x27=0x00001000
      645669000	     32181	80002786	b00d8d93	addi	x27,x27,-1280	 x27:0x00001000 x27=0x00000b00
      645689000	     32182	8000278a	0da2	c.slli	x27,0x8	 x27:0x00000b00 x27=0x000b0000
      646089000	     32202	8000278c	0d8d	c.addi	x27,3	 x27:0x000b0000 x27=0x000b0003
      646189000	     32207	8000278e	01b52023	sw	x27,0(x10)	 x10:0x8ffffffc x27:0x000b0003 PA:0x8ffffffc store:0x000b0003 load:0xffffffff
      646429000	     32219	80002792	b0002df3	csrrs	x27,mcycle,x0	  x0:0x00000000 x27=0x00007dd8
      646729000	     32234	80002796	01b52023	sw	x27,0(x10)	 x10:0x8ffffffc x27:0x00007dd8 PA:0x8ffffffc store:0x00007dd8 load:0xffffffff
      646749000	     32235	8000279a	90000537	lui	x10,0x90000	 x10=0x90000000
      646769000	     32236	8000279e	1571	c.addi	x10,-4	 x10:0x90000000 x10=0x8ffffffc
      647129000	     32254	800027a0	6d85	c.lui	x27,0x1	 x27=0x00001000
      647149000	     32255	800027a2	b80d8d93	addi	x27,x27,-1152	 x27:0x00001000 x27=0x00000b80
      647169000	     32256	800027a6	0da2	c.slli	x27,0x8	 x27:0x00000b80 x27=0x000b8000
      647569000	     32276	800027a8	0d8d	c.addi	x27,3	 x27:0x000b8000 x27=0x000b8003
      647829000	     32289	800027aa	01b52023	sw	x27,0(x10)	 x10:0x8ffffffc x27:0x000b8003 PA:0x8ffffffc store:0x000b8003 load:0xffffffff
      647849000	     32290	800027ae	b8002df3	csrrs	x27,mcycleh,x0	  x0:0x00000000 x27=0x00000000
      648049000	     32300	800027b2	01b52023	sw	x27,0(x10)	 x10:0x8ffffffc x27:0x00000000 PA:0x8ffffffc store:0x00000000 load:0xffffffff
      648069000	     32301	800027b6	90000537	lui	x10,0x90000	 x10=0x90000000
      648089000	     32302	800027ba	1571	c.addi	x10,-4	 x10:0x90000000 x10=0x8ffffffc
      648109000	     32303	800027bc	6d85	c.lui	x27,0x1	 x27=0x00001000
      648249000	     32310	800027be	b03d8d93	addi	x27,x27,-1277	 x27:0x00001000 x27=0x00000b03
      648269000	     32311	800027c2	0da2	c.slli	x27,0x8	 x27:0x00000b03 x27=0x000b0300
      648289000	     32312	800027c4	0d8d	c.addi	x27,3	 x27:0x000b0300 x27=0x000b0303
      648349000	     32315	800027c6	01b52023	sw	x27,0(x10)	 x10:0x8ffffffc x27:0x000b0303 PA:0x8ffffffc store:0x000b0303 load:0xffffffff
      648369000	     32316	800027ca	b0302df3	csrrs	x27,mhpmcounter3,x0	  x0:0x00000000 x27=0x000000d1
      648469000	     32321	800027ce	01b52023	sw	x27,0(x10)	 x10:0x8ffffffc x27:0x000000d1 PA:0x8ffffffc store:0x000000d1 load:0xffffffff
      648489000	     32322	800027d2	90000537	lui	x10,0x90000	 x10=0x90000000
      648509000	     32323	800027d6	1571	c.addi	x10,-4	 x10:0x90000000 x10=0x8ffffffc
      648609000	     32328	800027d8	6d85	c.lui	x27,0x1	 x27=0x00001000
      649229000	     32359	800027da	b83d8d93	addi	x27,x27,-1149	 x27:0x00001000 x27=0x00000b83
      649249000	     32360	800027de	0da2	c.slli	x27,0x8	 x27:0x00000b83 x27=0x000b8300
      649269000	     32361	800027e0	0d8d	c.addi	x27,3	 x27:0x000b8300 x27=0x000b8303
      649629000	     32379	800027e2	01b52023	sw	x27,0(x10)	 x10:0x8ffffffc x27:0x000b8303 PA:0x8ffffffc store:0x000b8303 load:0xffffffff
      649689000	     32382	800027e6	b8302df3	csrrs	x27,mhpmcounter3h,x0	  x0:0x00000000 x27=0x00000000
      649909000	     32393	800027ea	01b52023	sw	x27,0(x10)	 x10:0x8ffffffc x27:0x00000000 PA:0x8ffffffc store:0x00000000 load:0xffffffff
      649929000	     32394	800027ee	90000537	lui	x10,0x90000	 x10=0x90000000
      649949000	     32395	800027f2	1571	c.addi	x10,-4	 x10:0x90000000 x10=0x8ffffffc
      649969000	     32396	800027f4	6d85	c.lui	x27,0x1	 x27=0x00001000
      649989000	     32397	800027f6	b04d8d93	addi	x27,x27,-1276	 x27:0x00001000 x27=0x00000b04
      650009000	     32398	800027fa	0da2	c.slli	x27,0x8	 x27:0x00000b04 x27=0x000b0400
      650029000	     32399	800027fc	0d8d	c.addi	x27,3	 x27:0x000b0400 x27=0x000b0403
      650549000	     32425	800027fe	01b52023	sw	x27,0(x10)	 x10:0x8ffffffc x27:0x000b0403 PA:0x8ffffffc store:0x000b0403 load:0xffffffff
      650569000	     32426	80002802	b0402df3	csrrs	x27,mhpmcounter4,x0	  x0:0x00000000 x27=0x00003deb
      650789000	     32437	80002806	01b52023	sw	x27,0(x10)	 x10:0x8ffffffc x27:0x00003deb PA:0x8ffffffc store:0x00003deb load:0xffffffff
      650809000	     32438	8000280a	90000537	lui	x10,0x90000	 x10=0x90000000
      650829000	     32439	8000280e	1571	c.addi	x10,-4	 x10:0x90000000 x10=0x8ffffffc
      650849000	     32440	80002810	6d85	c.lui	x27,0x1	 x27=0x00001000
      650869000	     32441	80002812	b84d8d93	addi	x27,x27,-1148	 x27:0x00001000 x27=0x00000b84
      650889000	     32442	80002816	0da2	c.slli	x27,0x8	 x27:0x00000b84 x27=0x000b8400
      650909000	     32443	80002818	0d8d	c.addi	x27,3	 x27:0x000b8400 x27=0x000b8403
      650969000	     32446	8000281a	01b52023	sw	x27,0(x10)	 x10:0x8ffffffc x27:0x000b8403 PA:0x8ffffffc store:0x000b8403 load:0xffffffff
      651309000	     32463	8000281e	b8402df3	csrrs	x27,mhpmcounter4h,x0	  x0:0x00000000 x27=0x00000000
      651549000	     32475	80002822	01b52023	sw	x27,0(x10)	 x10:0x8ffffffc x27:0x00000000 PA:0x8ffffffc store:0x00000000 load:0xffffffff
      651569000	     32476	80002826	90000537	lui	x10,0x90000	 x10=0x90000000
      651589000	     32477	8000282a	1571	c.addi	x10,-4	 x10:0x90000000 x10=0x8ffffffc
      651609000	     32478	8000282c	6d85	c.lui	x27,0x1	 x27=0x00001000
      651709000	     32483	8000282e	b05d8d93	addi	x27,x27,-1275	 x27:0x00001000 x27=0x00000b05
      651729000	     32484	80002832	0da2	c.slli	x27,0x8	 x27:0x00000b05 x27=0x000b0500
      651749000	     32485	80002834	0d8d	c.addi	x27,3	 x27:0x000b0500 x27=0x000b0503
      652209000	     32508	80002836	01b52023	sw	x27,0(x10)	 x10:0x8ffffffc x27:0x000b0503 PA:0x8ffffffc store:0x000b0503 load:0xffffffff
      652229000	     32509	8000283a	b0502df3	csrrs	x27,mhpmcounter5,x0	  x0:0x00000000 x27=0x00000002
      652309000	     32513	8000283e	01b52023	sw	x27,0(x10)	 x10:0x8ffffffc x27:0x00000002 PA:0x8ffffffc store:0x00000002 load:0xffffffff
      652369000	     32516	80002842	90000537	lui	x10,0x90000	 x10=0x90000000
      652389000	     32517	80002846	1571	c.addi	x10,-4	 x10:0x90000000 x10=0x8ffffffc
      652409000	     32518	80002848	6d85	c.lui	x27,0x1	 x27=0x00001000
      652429000	     32519	8000284a	b85d8d93	addi	x27,x27,-1147	 x27:0x00001000 x27=0x00000b85
      652449000	     32520	8000284e	0da2	c.slli	x27,0x8	 x27:0x00000b85 x27=0x000b8500
      652469000	     32521	80002850	0d8d	c.addi	x27,3	 x27:0x000b8500 x27=0x000b8503
      652649000	     32530	80002852	01b52023	sw	x27,0(x10)	 x10:0x8ffffffc x27:0x000b8503 PA:0x8ffffffc store:0x000b8503 load:0xffffffff
      652669000	     32531	80002856	b8502df3	csrrs	x27,mhpmcounter5h,x0	  x0:0x00000000 x27=0x00000000
      652929000	     32544	8000285a	01b52023	sw	x27,0(x10)	 x10:0x8ffffffc x27:0x00000000 PA:0x8ffffffc store:0x00000000 load:0xffffffff
      652949000	     32545	8000285e	90000537	lui	x10,0x90000	 x10=0x90000000
      652969000	     32546	80002862	1571	c.addi	x10,-4	 x10:0x90000000 x10=0x8ffffffc
      652989000	     32547	80002864	6d85	c.lui	x27,0x1	 x27=0x00001000
      653009000	     32548	80002866	b06d8d93	addi	x27,x27,-1274	 x27:0x00001000 x27=0x00000b06
      653029000	     32549	8000286a	0da2	c.slli	x27,0x8	 x27:0x00000b06 x27=0x000b0600
      653169000	     32556	8000286c	0d8d	c.addi	x27,3	 x27:0x000b0600 x27=0x000b0603
      653329000	     32564	8000286e	01b52023	sw	x27,0(x10)	 x10:0x8ffffffc x27:0x000b0603 PA:0x8ffffffc store:0x000b0603 load:0xffffffff
      653349000	     32565	80002872	b0602df3	csrrs	x27,mhpmcounter6,x0	  x0:0x00000000 x27=0x0000003a
      653409000	     32568	80002876	01b52023	sw	x27,0(x10)	 x10:0x8ffffffc x27:0x0000003a PA:0x8ffffffc store:0x0000003a load:0xffffffff
      653429000	     32569	8000287a	90000537	lui	x10,0x90000	 x10=0x90000000
      653449000	     32570	8000287e	1571	c.addi	x10,-4	 x10:0x90000000 x10=0x8ffffffc
      653469000	     32571	80002880	6d85	c.lui	x27,0x1	 x27=0x00001000
      653489000	     32572	80002882	b86d8d93	addi	x27,x27,-1146	 x27:0x00001000 x27=0x00000b86
      653509000	     32573	80002886	0da2	c.slli	x27,0x8	 x27:0x00000b86 x27=0x000b8600
      653689000	     32582	80002888	0d8d	c.addi	x27,3	 x27:0x000b8600 x27=0x000b8603
      653849000	     32590	8000288a	01b52023	sw	x27,0(x10)	 x10:0x8ffffffc x27:0x000b8603 PA:0x8ffffffc store:0x000b8603 load:0xffffffff
      654149000	     32605	8000288e	b8602df3	csrrs	x27,mhpmcounter6h,x0	  x0:0x00000000 x27=0x00000000
      654609000	     32628	80002892	01b52023	sw	x27,0(x10)	 x10:0x8ffffffc x27:0x00000000 PA:0x8ffffffc store:0x00000000 load:0xffffffff
      654629000	     32629	80002896	90000537	lui	x10,0x90000	 x10=0x90000000
      654649000	     32630	8000289a	1571	c.addi	x10,-4	 x10:0x90000000 x10=0x8ffffffc
      654669000	     32631	8000289c	6d85	c.lui	x27,0x1	 x27=0x00001000
      654689000	     32632	8000289e	b07d8d93	addi	x27,x27,-1273	 x27:0x00001000 x27=0x00000b07
      654709000	     32633	800028a2	0da2	c.slli	x27,0x8	 x27:0x00000b07 x27=0x000b0700
      654729000	     32634	800028a4	0d8d	c.addi	x27,3	 x27:0x000b0700 x27=0x000b0703
      654789000	     32637	800028a6	01b52023	sw	x27,0(x10)	 x10:0x8ffffffc x27:0x000b0703 PA:0x8ffffffc store:0x000b0703 load:0xffffffff
      655129000	     32654	800028aa	b0702df3	csrrs	x27,mhpmcounter7,x0	  x0:0x00000000 x27=0x0000002c
      655229000	     32659	800028ae	01b52023	sw	x27,0(x10)	 x10:0x8ffffffc x27:0x0000002c PA:0x8ffffffc store:0x0000002c load:0xffffffff
      655249000	     32660	800028b2	90000537	lui	x10,0x90000	 x10=0x90000000
      655269000	     32661	800028b6	1571	c.addi	x10,-4	 x10:0x90000000 x10=0x8ffffffc
      655289000	     32662	800028b8	6d85	c.lui	x27,0x1	 x27=0x00001000
      655309000	     32663	800028ba	b87d8d93	addi	x27,x27,-1145	 x27:0x00001000 x27=0x00000b87
      655329000	     32664	800028be	0da2	c.slli	x27,0x8	 x27:0x00000b87 x27=0x000b8700
      655669000	     32681	800028c0	0d8d	c.addi	x27,3	 x27:0x000b8700 x27=0x000b8703
      656249000	     32710	800028c2	01b52023	sw	x27,0(x10)	 x10:0x8ffffffc x27:0x000b8703 PA:0x8ffffffc store:0x000b8703 load:0xffffffff
      656269000	     32711	800028c6	b8702df3	csrrs	x27,mhpmcounter7h,x0	  x0:0x00000000 x27=0x00000000
      656549000	     32725	800028ca	01b52023	sw	x27,0(x10)	 x10:0x8ffffffc x27:0x00000000 PA:0x8ffffffc store:0x00000000 load:0xffffffff
      656889000	     32742	800028ce	90000537	lui	x10,0x90000	 x10=0x90000000
      656909000	     32743	800028d2	1571	c.addi	x10,-4	 x10:0x90000000 x10=0x8ffffffc
      657069000	     32751	800028d4	6d85	c.lui	x27,0x1	 x27=0x00001000
      657089000	     32752	800028d6	b08d8d93	addi	x27,x27,-1272	 x27:0x00001000 x27=0x00000b08
      657109000	     32753	800028da	0da2	c.slli	x27,0x8	 x27:0x00000b08 x27=0x000b0800
      657129000	     32754	800028dc	0d8d	c.addi	x27,3	 x27:0x000b0800 x27=0x000b0803
      657329000	     32764	800028de	01b52023	sw	x27,0(x10)	 x10:0x8ffffffc x27:0x000b0803 PA:0x8ffffffc store:0x000b0803 load:0xffffffff
      657449000	     32770	800028e2	b0802df3	csrrs	x27,mhpmcounter8,x0	  x0:0x00000000 x27=0x00000168
      658329000	     32814	800028e6	01b52023	sw	x27,0(x10)	 x10:0x8ffffffc x27:0x00000168 PA:0x8ffffffc store:0x00000168 load:0xffffffff
      658349000	     32815	800028ea	90000537	lui	x10,0x90000	 x10=0x90000000
      658369000	     32816	800028ee	1571	c.addi	x10,-4	 x10:0x90000000 x10=0x8ffffffc
      658389000	     32817	800028f0	6d85	c.lui	x27,0x1	 x27=0x00001000
      658409000	     32818	800028f2	b88d8d93	addi	x27,x27,-1144	 x27:0x00001000 x27=0x00000b88
      658429000	     32819	800028f6	0da2	c.slli	x27,0x8	 x27:0x00000b88 x27=0x000b8800
      658449000	     32820	800028f8	0d8d	c.addi	x27,3	 x27:0x000b8800 x27=0x000b8803
      658509000	     32823	800028fa	01b52023	sw	x27,0(x10)	 x10:0x8ffffffc x27:0x000b8803 PA:0x8ffffffc store:0x000b8803 load:0xffffffff
      658569000	     32826	800028fe	b8802df3	csrrs	x27,mhpmcounter8h,x0	  x0:0x00000000 x27=0x00000000
      658709000	     32833	80002902	01b52023	sw	x27,0(x10)	 x10:0x8ffffffc x27:0x00000000 PA:0x8ffffffc store:0x00000000 load:0xffffffff
      658729000	     32834	80002906	90000537	lui	x10,0x90000	 x10=0x90000000
      658749000	     32835	8000290a	1571	c.addi	x10,-4	 x10:0x90000000 x10=0x8ffffffc
      658769000	     32836	8000290c	6d85	c.lui	x27,0x1	 x27=0x00001000
      658929000	     32844	8000290e	b09d8d93	addi	x27,x27,-1271	 x27:0x00001000 x27=0x00000b09
      658949000	     32845	80002912	0da2	c.slli	x27,0x8	 x27:0x00000b09 x27=0x000b0900
      659029000	     32849	80002914	0d8d	c.addi	x27,3	 x27:0x000b0900 x27=0x000b0903
      659249000	     32860	80002916	01b52023	sw	x27,0(x10)	 x10:0x8ffffffc x27:0x000b0903 PA:0x8ffffffc store:0x000b0903 load:0xffffffff
      659529000	     32874	8000291a	b0902df3	csrrs	x27,mhpmcounter9,x0	  x0:0x00000000 x27=0x000000bc
      659589000	     32877	8000291e	01b52023	sw	x27,0(x10)	 x10:0x8ffffffc x27:0x000000bc PA:0x8ffffffc store:0x000000bc load:0xffffffff
      659729000	     32884	80002922	90000537	lui	x10,0x90000	 x10=0x90000000
      659749000	     32885	80002926	1571	c.addi	x10,-4	 x10:0x90000000 x10=0x8ffffffc
