Time	Cycle	PC	Insn	Decoded instruction	Register and memory contents
        1055000	         6	80000080	40001db7	lui	x27,0x40001	 x27=0x40001000
        1065000	         7	80000084	106d8d93	addi	x27,x27,262	 x27:0x40001000 x27=0x40001106
        1075000	         8	80000088	301d9073	csrrw	x0,misa,x27	 x27:0x40001106  x0=0x00000000
        1105000	        11	8000008c	00026f97	auipc	x31,0x26	 x31=0x8002608c
        1115000	        12	80000090	c58f8f93	addi	x31,x31,-936	 x31:0x8002608c x31=0x80025ce4
        1125000	        13	80000094	00002d97	auipc	x27,0x2	 x27=0x80002094
        1135000	        14	80000098	56cd8d93	addi	x27,x27,1388	 x27:0x80002094 x27=0x80002600
        1145000	        15	8000009c	001ded93	ori	x27,x27,1	 x27:0x80002600 x27=0x80002601
        1155000	        16	800000a0	305d9073	csrrw	x0,mtvec,x27	 x27:0x80002601  x0=0x00000000
        1185000	        19	800000a4	74725073	csrrwi	x0,0x747,4	  x0=0x00000000
        1215000	        22	800000a8	00003317	auipc	x6,0x3	  x6=0x800030a8
        1225000	        23	800000ac	30430313	addi	x6,x6,772	  x6:0x800030a8  x6=0x800033ac
        1235000	        24	800000b0	4d81	c.li	x27,0	 x27=0x00000000
        1245000	        25	800000b2	936e	c.add	x6,x27	  x6:0x800033ac x27:0x00000000  x6=0x800033ac
        1255000	        26	800000b4	00235313	srli	x6,x6,0x2	  x6:0x800033ac  x6=0x20000ceb
        1265000	        27	800000b8	3b031073	csrrw	x0,pmpaddr0,x6	  x6:0x20000ceb  x0=0x00000000
        1295000	        30	800000bc	00003317	auipc	x6,0x3	  x6=0x800030bc
        1305000	        31	800000c0	2f030313	addi	x6,x6,752	  x6:0x800030bc  x6=0x800033ac
        1315000	        32	800000c4	11111db7	lui	x27,0x11111	 x27=0x11111000
        1325000	        33	800000c8	111d8d93	addi	x27,x27,273	 x27:0x11111000 x27=0x11111111
        1335000	        34	800000cc	936e	c.add	x6,x27	  x6:0x800033ac x27:0x11111111  x6=0x911144bd
        1345000	        35	800000ce	00235313	srli	x6,x6,0x2	  x6:0x911144bd  x6=0x2444512f
        1355000	        36	800000d2	3b131073	csrrw	x0,pmpaddr1,x6	  x6:0x2444512f  x0=0x00000000
        1385000	        39	800000d6	00003317	auipc	x6,0x3	  x6=0x800030d6
        1395000	        40	800000da	2d630313	addi	x6,x6,726	  x6:0x800030d6  x6=0x800033ac
        1405000	        41	800000de	22222db7	lui	x27,0x22222	 x27=0x22222000
        1415000	        42	800000e2	222d8d93	addi	x27,x27,546	 x27:0x22222000 x27=0x22222222
        1425000	        43	800000e6	936e	c.add	x6,x27	  x6:0x800033ac x27:0x22222222  x6=0xa22255ce
        1435000	        44	800000e8	00235313	srli	x6,x6,0x2	  x6:0xa22255ce  x6=0x28889573
        1445000	        45	800000ec	3b231073	csrrw	x0,pmpaddr2,x6	  x6:0x28889573  x0=0x00000000
        1475000	        48	800000f0	00003317	auipc	x6,0x3	  x6=0x800030f0
        1485000	        49	800000f4	2bc30313	addi	x6,x6,700	  x6:0x800030f0  x6=0x800033ac
        1495000	        50	800000f8	33333db7	lui	x27,0x33333	 x27=0x33333000
        1505000	        51	800000fc	333d8d93	addi	x27,x27,819	 x27:0x33333000 x27=0x33333333
        1515000	        52	80000100	936e	c.add	x6,x27	  x6:0x800033ac x27:0x33333333  x6=0xb33366df
        1525000	        53	80000102	00235313	srli	x6,x6,0x2	  x6:0xb33366df  x6=0x2cccd9b7
        1535000	        54	80000106	3b331073	csrrw	x0,pmpaddr3,x6	  x6:0x2cccd9b7  x0=0x00000000
        1565000	        57	8000010a	0f0f1337	lui	x6,0xf0f1	  x6=0x0f0f1000
        1575000	        58	8000010e	f0f30313	addi	x6,x6,-241	  x6:0x0f0f1000  x6=0x0f0f0f0f
        1585000	        59	80000112	3a031073	csrrw	x0,pmpcfg0,x6	  x6:0x0f0f0f0f  x0=0x00000000
        1615000	        62	80000116	00003317	auipc	x6,0x3	  x6=0x80003116
        1625000	        63	8000011a	29630313	addi	x6,x6,662	  x6:0x80003116  x6=0x800033ac
        1635000	        64	8000011e	44444db7	lui	x27,0x44444	 x27=0x44444000
        1645000	        65	80000122	444d8d93	addi	x27,x27,1092	 x27:0x44444000 x27=0x44444444
        1655000	        66	80000126	936e	c.add	x6,x27	  x6:0x800033ac x27:0x44444444  x6=0xc44477f0
        1665000	        67	80000128	00235313	srli	x6,x6,0x2	  x6:0xc44477f0  x6=0x31111dfc
        1675000	        68	8000012c	3b431073	csrrw	x0,pmpaddr4,x6	  x6:0x31111dfc  x0=0x00000000
        1705000	        71	80000130	00003317	auipc	x6,0x3	  x6=0x80003130
        1715000	        72	80000134	27c30313	addi	x6,x6,636	  x6:0x80003130  x6=0x800033ac
        1725000	        73	80000138	55555db7	lui	x27,0x55555	 x27=0x55555000
        1735000	        74	8000013c	555d8d93	addi	x27,x27,1365	 x27:0x55555000 x27=0x55555555
        1745000	        75	80000140	936e	c.add	x6,x27	  x6:0x800033ac x27:0x55555555  x6=0xd5558901
        1755000	        76	80000142	00235313	srli	x6,x6,0x2	  x6:0xd5558901  x6=0x35556240
        1765000	        77	80000146	3b531073	csrrw	x0,pmpaddr5,x6	  x6:0x35556240  x0=0x00000000
        1795000	        80	8000014a	00003317	auipc	x6,0x3	  x6=0x8000314a
        1805000	        81	8000014e	26230313	addi	x6,x6,610	  x6:0x8000314a  x6=0x800033ac
        1815000	        82	80000152	66666db7	lui	x27,0x66666	 x27=0x66666000
        1825000	        83	80000156	666d8d93	addi	x27,x27,1638	 x27:0x66666000 x27=0x66666666
        1835000	        84	8000015a	936e	c.add	x6,x27	  x6:0x800033ac x27:0x66666666  x6=0xe6669a12
        1845000	        85	8000015c	00235313	srli	x6,x6,0x2	  x6:0xe6669a12  x6=0x3999a684
        1855000	        86	80000160	3b631073	csrrw	x0,pmpaddr6,x6	  x6:0x3999a684  x0=0x00000000
        1885000	        89	80000164	00003317	auipc	x6,0x3	  x6=0x80003164
        1895000	        90	80000168	24830313	addi	x6,x6,584	  x6:0x80003164  x6=0x800033ac
        1905000	        91	8000016c	77777db7	lui	x27,0x77777	 x27=0x77777000
        1915000	        92	80000170	777d8d93	addi	x27,x27,1911	 x27:0x77777000 x27=0x77777777
        1925000	        93	80000174	936e	c.add	x6,x27	  x6:0x800033ac x27:0x77777777  x6=0xf777ab23
        1935000	        94	80000176	00235313	srli	x6,x6,0x2	  x6:0xf777ab23  x6=0x3dddeac8
        1945000	        95	8000017a	3b731073	csrrw	x0,pmpaddr7,x6	  x6:0x3dddeac8  x0=0x00000000
        1975000	        98	8000017e	0f0f1337	lui	x6,0xf0f1	  x6=0x0f0f1000
        1985000	        99	80000182	f0f30313	addi	x6,x6,-241	  x6:0x0f0f1000  x6=0x0f0f0f0f
        1995000	       100	80000186	3a131073	csrrw	x0,pmpcfg1,x6	  x6:0x0f0f0f0f  x0=0x00000000
        2025000	       103	8000018a	00003317	auipc	x6,0x3	  x6=0x8000318a
        2035000	       104	8000018e	22230313	addi	x6,x6,546	  x6:0x8000318a  x6=0x800033ac
        2045000	       105	80000192	88889db7	lui	x27,0x88889	 x27=0x88889000
        2055000	       106	80000196	888d8d93	addi	x27,x27,-1912	 x27:0x88889000 x27=0x88888888
        2065000	       107	8000019a	936e	c.add	x6,x27	  x6:0x800033ac x27:0x88888888  x6=0x0888bc34
        2075000	       108	8000019c	00235313	srli	x6,x6,0x2	  x6:0x0888bc34  x6=0x02222f0d
        2085000	       109	800001a0	3b831073	csrrw	x0,pmpaddr8,x6	  x6:0x02222f0d  x0=0x00000000
        2115000	       112	800001a4	00003317	auipc	x6,0x3	  x6=0x800031a4
        2125000	       113	800001a8	20830313	addi	x6,x6,520	  x6:0x800031a4  x6=0x800033ac
        2135000	       114	800001ac	9999adb7	lui	x27,0x9999a	 x27=0x9999a000
        2145000	       115	800001b0	999d8d93	addi	x27,x27,-1639	 x27:0x9999a000 x27=0x99999999
        2155000	       116	800001b4	936e	c.add	x6,x27	  x6:0x800033ac x27:0x99999999  x6=0x1999cd45
        2165000	       117	800001b6	00235313	srli	x6,x6,0x2	  x6:0x1999cd45  x6=0x06667351
        2175000	       118	800001ba	3b931073	csrrw	x0,pmpaddr9,x6	  x6:0x06667351  x0=0x00000000
        2205000	       121	800001be	00003317	auipc	x6,0x3	  x6=0x800031be
        2215000	       122	800001c2	1ee30313	addi	x6,x6,494	  x6:0x800031be  x6=0x800033ac
        2225000	       123	800001c6	aaaabdb7	lui	x27,0xaaaab	 x27=0xaaaab000
        2235000	       124	800001ca	aaad8d93	addi	x27,x27,-1366	 x27:0xaaaab000 x27=0xaaaaaaaa
        2245000	       125	800001ce	936e	c.add	x6,x27	  x6:0x800033ac x27:0xaaaaaaaa  x6=0x2aaade56
        2255000	       126	800001d0	00235313	srli	x6,x6,0x2	  x6:0x2aaade56  x6=0x0aaab795
        2265000	       127	800001d4	3ba31073	csrrw	x0,pmpaddr10,x6	  x6:0x0aaab795  x0=0x00000000
        2295000	       130	800001d8	00003317	auipc	x6,0x3	  x6=0x800031d8
        2305000	       131	800001dc	1d430313	addi	x6,x6,468	  x6:0x800031d8  x6=0x800033ac
        2315000	       132	800001e0	bbbbcdb7	lui	x27,0xbbbbc	 x27=0xbbbbc000
        2325000	       133	800001e4	bbbd8d93	addi	x27,x27,-1093	 x27:0xbbbbc000 x27=0xbbbbbbbb
        2335000	       134	800001e8	936e	c.add	x6,x27	  x6:0x800033ac x27:0xbbbbbbbb  x6=0x3bbbef67
        2345000	       135	800001ea	00235313	srli	x6,x6,0x2	  x6:0x3bbbef67  x6=0x0eeefbd9
        2355000	       136	800001ee	3bb31073	csrrw	x0,pmpaddr11,x6	  x6:0x0eeefbd9  x0=0x00000000
        2385000	       139	800001f2	0f0f1337	lui	x6,0xf0f1	  x6=0x0f0f1000
        2395000	       140	800001f6	f0f30313	addi	x6,x6,-241	  x6:0x0f0f1000  x6=0x0f0f0f0f
        2405000	       141	800001fa	3a231073	csrrw	x0,pmpcfg2,x6	  x6:0x0f0f0f0f  x0=0x00000000
        2435000	       144	800001fe	00003317	auipc	x6,0x3	  x6=0x800031fe
        2445000	       145	80000202	1ae30313	addi	x6,x6,430	  x6:0x800031fe  x6=0x800033ac
        2455000	       146	80000206	ccccddb7	lui	x27,0xccccd	 x27=0xccccd000
        2465000	       147	8000020a	cccd8d93	addi	x27,x27,-820	 x27:0xccccd000 x27=0xcccccccc
        2475000	       148	8000020e	936e	c.add	x6,x27	  x6:0x800033ac x27:0xcccccccc  x6=0x4ccd0078
        2485000	       149	80000210	00235313	srli	x6,x6,0x2	  x6:0x4ccd0078  x6=0x1333401e
        2495000	       150	80000214	3bc31073	csrrw	x0,pmpaddr12,x6	  x6:0x1333401e  x0=0x00000000
        2525000	       153	80000218	00003317	auipc	x6,0x3	  x6=0x80003218
        2535000	       154	8000021c	19430313	addi	x6,x6,404	  x6:0x80003218  x6=0x800033ac
        2545000	       155	80000220	ddddedb7	lui	x27,0xdddde	 x27=0xdddde000
        2555000	       156	80000224	dddd8d93	addi	x27,x27,-547	 x27:0xdddde000 x27=0xdddddddd
        2565000	       157	80000228	936e	c.add	x6,x27	  x6:0x800033ac x27:0xdddddddd  x6=0x5dde1189
        2575000	       158	8000022a	00235313	srli	x6,x6,0x2	  x6:0x5dde1189  x6=0x17778462
        2585000	       159	8000022e	3bd31073	csrrw	x0,pmpaddr13,x6	  x6:0x17778462  x0=0x00000000
        2615000	       162	80000232	00003317	auipc	x6,0x3	  x6=0x80003232
        2625000	       163	80000236	17a30313	addi	x6,x6,378	  x6:0x80003232  x6=0x800033ac
        2635000	       164	8000023a	eeeefdb7	lui	x27,0xeeeef	 x27=0xeeeef000
        2645000	       165	8000023e	eeed8d93	addi	x27,x27,-274	 x27:0xeeeef000 x27=0xeeeeeeee
        2655000	       166	80000242	936e	c.add	x6,x27	  x6:0x800033ac x27:0xeeeeeeee  x6=0x6eef229a
        2665000	       167	80000244	00235313	srli	x6,x6,0x2	  x6:0x6eef229a  x6=0x1bbbc8a6
        2675000	       168	80000248	3be31073	csrrw	x0,pmpaddr14,x6	  x6:0x1bbbc8a6  x0=0x00000000
        2705000	       171	8000024c	00003317	auipc	x6,0x3	  x6=0x8000324c
        2715000	       172	80000250	16030313	addi	x6,x6,352	  x6:0x8000324c  x6=0x800033ac
        2725000	       173	80000254	fff00d93	addi	x27,x0,-1	  x0:0x00000000 x27=0xffffffff
        2735000	       174	80000258	936e	c.add	x6,x27	  x6:0x800033ac x27:0xffffffff  x6=0x800033ab
        2745000	       175	8000025a	00235313	srli	x6,x6,0x2	  x6:0x800033ab  x6=0x20000cea
        2755000	       176	8000025e	3bf31073	csrrw	x0,pmpaddr15,x6	  x6:0x20000cea  x0=0x00000000
        2785000	       179	80000262	0f0f1337	lui	x6,0xf0f1	  x6=0x0f0f1000
        2795000	       180	80000266	f0f30313	addi	x6,x6,-241	  x6:0x0f0f1000  x6=0x0f0f0f0f
        2805000	       181	8000026a	3a331073	csrrw	x0,pmpcfg3,x6	  x6:0x0f0f0f0f  x0=0x00000000
        2835000	       184	8000026e	00000d97	auipc	x27,0x0	 x27=0x8000026e
        2845000	       185	80000272	058d8d93	addi	x27,x27,88	 x27:0x8000026e x27=0x800002c6
        2855000	       186	80000276	341d9073	csrrw	x0,mepc,x27	 x27:0x800002c6  x0=0x00000000
        2865000	       187	8000027a	7c00d073	csrrwi	x0,0x7c0,1	  x0=0x00000000
        2895000	       190	8000027e	6d89	c.lui	x27,0x2	 x27=0x00002000
        2905000	       191	80000280	800d8d93	addi	x27,x27,-2048	 x27:0x00002000 x27=0x00001800
        2915000	       192	80000284	300d9073	csrrw	x0,mstatus,x27	 x27:0x00001800  x0=0x00000000
        2945000	       195	80000288	4d81	c.li	x27,0	 x27=0x00000000
        2955000	       196	8000028a	304d9073	csrrw	x0,mie,x27	 x27:0x00000000  x0=0x00000000
        2985000	       199	8000028e	90000537	lui	x10,0x90000	 x10=0x90000000
        2995000	       200	80000292	1571	c.addi	x10,-4	 x10:0x90000000 x10=0x8ffffffc
        3005000	       201	80000294	30000d93	addi	x27,x0,768	  x0:0x00000000 x27=0x00000300
        3015000	       202	80000298	0da2	c.slli	x27,0x8	 x27:0x00000300 x27=0x00030000
        3025000	       203	8000029a	0d8d	c.addi	x27,3	 x27:0x00030000 x27=0x00030003
        3035000	       204	8000029c	01b52023	sw	x27,0(x10)	 x10:0x8ffffffc x27:0x00030003 PA:0x8ffffffc store:0x00030003 load:0x00000000
        3045000	       205	800002a0	30002df3	csrrs	x27,mstatus,x0	  x0:0x00000000 x27=0x00001800
        3055000	       206	800002a4	01b52023	sw	x27,0(x10)	 x10:0x8ffffffc x27:0x00001800 PA:0x8ffffffc store:0x00001800 load:0x00000000
        3065000	       207	800002a8	90000537	lui	x10,0x90000	 x10=0x90000000
        3075000	       208	800002ac	1571	c.addi	x10,-4	 x10:0x90000000 x10=0x8ffffffc
        3085000	       209	800002ae	30400d93	addi	x27,x0,772	  x0:0x00000000 x27=0x00000304
        3095000	       210	800002b2	0da2	c.slli	x27,0x8	 x27:0x00000304 x27=0x00030400
        3105000	       211	800002b4	0d8d	c.addi	x27,3	 x27:0x00030400 x27=0x00030403
        3115000	       212	800002b6	01b52023	sw	x27,0(x10)	 x10:0x8ffffffc x27:0x00030403 PA:0x8ffffffc store:0x00030403 load:0x00000000
        3125000	       213	800002ba	30402df3	csrrs	x27,mie,x0	  x0:0x00000000 x27=0x00000000
        3135000	       214	800002be	01b52023	sw	x27,0(x10)	 x10:0x8ffffffc x27:0x00000000 PA:0x8ffffffc store:0x00000000 load:0x00000000
        3145000	       215	800002c2	30200073	mret	
        3185000	       219	800002c6	ff8b8037	lui	x0,0xff8b8	  x0=0x00000000
        3195000	       220	800002ca	10e00013	addi	x0,x0,270	  x0:0x00000000  x0=0x00000000
        3205000	       221	800002ce	7327d0b7	lui	x1,0x7327d	  x1=0x7327d000
        3215000	       222	800002d2	ba008093	addi	x1,x1,-1120	  x1:0x7327d000  x1=0x7327cba0
        3225000	       223	800002d6	f5e3a137	lui	x2,0xf5e3a	  x2=0xf5e3a000
        3235000	       224	800002da	89510113	addi	x2,x2,-1899	  x2:0xf5e3a000  x2=0xf5e39895
        3245000	       225	800002de	4181	c.li	x3,0	  x3=0x00000000
        3255000	       226	800002e0	6511b237	lui	x4,0x6511b	  x4=0x6511b000
        3265000	       227	800002e4	bba20213	addi	x4,x4,-1094	  x4:0x6511b000  x4=0x6511abba
        3275000	       228	800002e8	e2e872b7	lui	x5,0xe2e87	  x5=0xe2e87000
        3285000	       229	800002ec	5c428293	addi	x5,x5,1476	  x5:0xe2e87000  x5=0xe2e875c4
        3295000	       230	800002f0	4301	c.li	x6,0	  x6=0x00000000
        3305000	       231	800002f2	43a5	c.li	x7,9	  x7=0x00000009
        3315000	       232	800002f4	80000437	lui	x8,0x80000	  x8=0x80000000
        3325000	       233	800002f8	f944e4b7	lui	x9,0xf944e	  x9=0xf944e000
        3335000	       234	800002fc	20f48493	addi	x9,x9,527	  x9:0xf944e000  x9=0xf944e20f
        3345000	       235	80000300	4501	c.li	x10,0	 x10=0x00000000
        3355000	       236	80000302	4625	c.li	x12,9	 x12=0x00000009
        3365000	       237	80000304	f0c556b7	lui	x13,0xf0c55	 x13=0xf0c55000
        3375000	       238	80000308	da468693	addi	x13,x13,-604	 x13:0xf0c55000 x13=0xf0c54da4
        3385000	       239	8000030c	fd8fc737	lui	x14,0xfd8fc	 x14=0xfd8fc000
        3395000	       240	80000310	e7e70713	addi	x14,x14,-386	 x14:0xfd8fc000 x14=0xfd8fbe7e
        3405000	       241	80000314	4781	c.li	x15,0	 x15=0x00000000
        3415000	       242	80000316	65193837	lui	x16,0x65193	 x16=0x65193000
        3425000	       243	8000031a	5eb80813	addi	x16,x16,1515	 x16:0x65193000 x16=0x651935eb
        3435000	       244	8000031e	4891	c.li	x17,4	 x17=0x00000004
        3445000	       245	80000320	80000937	lui	x18,0x80000	 x18=0x80000000
        3455000	       246	80000324	49a9	c.li	x19,10	 x19=0x0000000a
        3465000	       247	80000326	ff2dfa37	lui	x20,0xff2df	 x20=0xff2df000
        3475000	       248	8000032a	586a0a13	addi	x20,x20,1414	 x20:0xff2df000 x20=0xff2df586
        3485000	       249	8000032e	80000ab7	lui	x21,0x80000	 x21=0x80000000
        3495000	       250	80000332	fa72bb37	lui	x22,0xfa72b	 x22=0xfa72b000
        3505000	       251	80000336	098b0b13	addi	x22,x22,152	 x22:0xfa72b000 x22=0xfa72b098
        3515000	       252	8000033a	4b89	c.li	x23,2	 x23=0x00000002
        3525000	       253	8000033c	4c39	c.li	x24,14	 x24=0x0000000e
        3535000	       254	8000033e	4c81	c.li	x25,0	 x25=0x00000000
        3545000	       255	80000340	4d01	c.li	x26,0	 x26=0x00000000
        3555000	       256	80000342	4db5	c.li	x27,13	 x27=0x0000000d
        3565000	       257	80000344	82ec1e37	lui	x28,0x82ec1	 x28=0x82ec1000
        3575000	       258	80000348	cb0e0e13	addi	x28,x28,-848	 x28:0x82ec1000 x28=0x82ec0cb0
        3585000	       259	8000034c	cac09eb7	lui	x29,0xcac09	 x29=0xcac09000
        3595000	       260	80000350	9bde8e93	addi	x29,x29,-1603	 x29:0xcac09000 x29=0xcac089bd
        3605000	       261	80000354	80000f37	lui	x30,0x80000	 x30=0x80000000
        3615000	       262	80000358	00022597	auipc	x11,0x22	 x11=0x80022358
        3625000	       263	8000035c	b0c58593	addi	x11,x11,-1268	 x11:0x80022358 x11=0x80021e64
        3635000	       264	80000360	90000537	lui	x10,0x90000	 x10=0x90000000
        3645000	       265	80000364	1571	c.addi	x10,-4	 x10:0x90000000 x10=0x8ffffffc
        3655000	       266	80000366	4d81	c.li	x27,0	 x27=0x00000000
        3665000	       267	80000368	0da2	c.slli	x27,0x8	 x27:0x00000000 x27=0x00000000
        3675000	       268	8000036a	000d8d93	addi	x27,x27,0	 x27:0x00000000 x27=0x00000000
        3685000	       269	8000036e	01b52023	sw	x27,0(x10)	 x10:0x8ffffffc x27:0x00000000 PA:0x8ffffffc store:0x00000000 load:0x00000000
        3695000	       270	80000372	03a0306f	jal	x0,800033ac	  x0=0x00000000
        4075000	       308	800033ac	03797733	remu	x14,x18,x23	 x18:0x80000000 x23:0x00000002 x14=0x00000000
        4085000	       309	800033b0	410e07b3	sub	x15,x28,x16	 x28:0x82ec0cb0 x16:0x651935eb x15=0x1dd2d6c5
        4095000	       310	800033b4	340b5cf3	csrrwi	x25,mscratch,22	 x25=0x00000000
        4105000	       311	800033b8	011a8833	add	x16,x21,x17	 x21:0x80000000 x17:0x00000004 x16=0x80000004
        4115000	       312	800033bc	6c6ea793	slti	x15,x29,1734	 x29:0xcac089bd x15=0x00000001
        4125000	       313	800033c0	34003073	csrrc	x0,mscratch,x0	  x0:0x00000000  x0=0x00000000
        4135000	       314	800033c4	05a4d263	bge	x9,x26,80003408	  x9:0xf944e20f x26:0x00000000
        4175000	       318	800033c8	03779ab3	mulh	x21,x15,x23	 x15:0x00000001 x23:0x00000002 x21=0x00000000
        4185000	       319	800033cc	3406baf3	csrrc	x21,mscratch,x13	 x13:0xf0c54da4 x21=0x00000016
        4215000	       322	800033d0	03068bb3	mul	x23,x13,x16	 x13:0xf0c54da4 x16:0x80000004 x23=0xc3153690
        4225000	       323	800033d4	0ff0000f	fence	iorw,iorw	
        4235000	       324	800033d8	8cf5	c.and	x9,x13	  x9:0xf944e20f x13:0xf0c54da4  x9=0xf0444004
        4245000	       325	800033da	00037463	bgeu	x6,x0,800033e2	  x6:0x00000000  x0:0x00000000
        4275000	       328	800033e2	34002273	csrrs	x4,mscratch,x0	  x0:0x00000000  x4=0x00000012
        4285000	       329	800033e6	01ab9033	sll	x0,x23,x26	 x23:0xc3153690 x26:0x00000000  x0=0x00000000
        4295000	       330	800033ea	cb15	c.beqz	x14,8000341e	 x14:0x00000000
        4325000	       333	8000341e	40dc0bb3	sub	x23,x24,x13	 x24:0x0000000e x13:0xf0c54da4 x23=0x0f3ab26a
        4335000	       334	80003422	34003173	csrrc	x2,mscratch,x0	  x0:0x00000000  x2=0x00000012
        4345000	       335	80003426	010f7233	and	x4,x30,x16	 x30:0x80000000 x16:0x80000004  x4=0x80000000
        4355000	       336	8000342a	02e38963	beq	x7,x14,8000345c	  x7:0x00000009 x14:0x00000000
        4365000	       337	8000342e	808e	c.mv	x1,x3	  x0:0x00000000  x3:0x00000000  x1=0x00000000
        4375000	       338	80003430	691d	c.lui	x18,0x7	 x18=0x00007000
        4385000	       339	80003432	0001	c.addi	x0,0	  x0:0x00000000  x0=0x00000000
        4395000	       340	80003434	00597ab3	and	x21,x18,x5	 x18:0x00007000  x5:0xe2e875c4 x21=0x00007000
        4405000	       341	80003438	7ca9a993	slti	x19,x19,1994	 x19:0x0000000a x19=0x00000001
        4415000	       342	8000343c	717d	c.addi16sp	x2,-16	  x2:0x00000012  x2=0x00000002
        4425000	       343	8000343e	0ff0000f	fence	iorw,iorw	
        4435000	       344	80003442	340918f3	csrrw	x17,mscratch,x18	 x18:0x00007000 x17=0x00000012
        4445000	       345	80003446	8fe5	c.and	x15,x9	 x15:0x00000001  x9:0xf0444004 x15=0x00000000
        4455000	       346	80003448	536b3e13	sltiu	x28,x22,1334	 x22:0xfa72b098 x28=0x00000000
        4465000	       347	8000344c	016550b3	srl	x1,x10,x22	 x10:0x8ffffffc x22:0xfa72b098  x1=0x0000008f
        4475000	       348	80003450	413959b3	sra	x19,x18,x19	 x18:0x00007000 x19:0x00000001 x19=0x00003800
        4485000	       349	80003454	0312d063	bge	x5,x17,80003474	  x5:0xe2e875c4 x17:0x00000012
        4525000	       353	80003458	02dc2cb3	mulhsu	x25,x24,x13	 x24:0x0000000e x13:0xf0c54da4 x25=0x0000000d
        4535000	       354	8000345c	1dcc8713	addi	x14,x25,476	 x25:0x0000000d x14=0x000001e9
        4545000	       355	80003460	4076d813	srai	x16,x13,0x7	 x13:0xf0c54da4 x16=0xffe18a9b
        4575000	       358	80003464	03c38eb3	mul	x29,x7,x28	  x7:0x00000009 x28:0x00000000 x29=0x00000000
        4585000	       359	80003468	8f21	c.xor	x14,x8	 x14:0x000001e9  x8:0x80000000 x14=0x800001e9
        4595000	       360	8000346a	05ffd563	bge	x31,x31,800034b4	 x31:0x80025ce4 x31:0x80025ce4
        4615000	       362	800034b4	01fbb1b3	sltu	x3,x23,x31	 x23:0x0f3ab26a x31:0x80025ce4  x3=0x00000001
        4635000	       364	800034b8	03bbdcb3	divu	x25,x23,x27	 x23:0x0f3ab26a x27:0x00000000 x25=0xffffffff
        4645000	       365	800034bc	8d21	c.xor	x10,x8	 x10:0x8ffffffc  x8:0x80000000 x10=0x0ffffffc
        4655000	       366	800034be	03d6	c.slli	x7,0x15	  x7:0x00000009  x7=0x01200000
        4665000	       367	800034c0	6581ec97	auipc	x25,0x6581e	 x25=0xe58214c0
        4675000	       368	800034c4	00005297	auipc	x5,0x5	  x5=0x800084c4
        4685000	       369	800034c8	0ca28293	addi	x5,x5,202	  x5:0x800084c4  x5=0x8000858e
        4705000	       371	800034cc	0207d6b3	divu	x13,x15,x0	 x15:0x00000000  x0:0x00000000 x13=0xffffffff
        4715000	       372	800034d0	8c25	c.xor	x8,x9	  x8:0x80000000  x9:0xf0444004  x8=0x70444004
        4725000	       373	800034d2	f8928293	addi	x5,x5,-119	  x5:0x8000858e  x5=0x80008517
        4735000	       374	800034d6	0d98	c.addi4spn	x14,x2,720	 x14=0x000002d2
        4745000	       375	800034d8	9c86	c.add	x25,x1	 x25:0xe58214c0  x1:0x0000008f x25=0xe582154f
        4785000	       379	800034da	033e30b3	mulhu	x1,x28,x19	 x28:0x00000000 x19:0x00003800  x1=0x00000000
        4795000	       380	800034de	0001	c.addi	x0,0	  x0:0x00000000  x0=0x00000000
        4805000	       381	800034e0	7da12913	slti	x18,x2,2010	  x2:0x00000002 x18=0x00000001
        4815000	       382	800034e4	078286e7	jalr	x13,120(x5)	  x5:0x80008517 x13=0x800034e8
        4835000	       384	8000858e	e119	c.bnez	x10,80008594	 x10:0x0ffffffc
        4855000	       386	80008594	15d1	c.addi	x11,-12	 x11:0x80021e64 x11=0x80021e58
        4865000	       387	80008596	34007273	csrrci	x4,mscratch,0	  x4=0x00007000
        4875000	       388	8000859a	084e	c.slli	x16,0x13	 x16:0xffe18a9b x16=0x54d80000
        4885000	       389	8000859c	c1d4	c.sw	x13,4(x11)	 x11:0x80021e58 x13:0x800034e8 PA:0x80021e5c store:0x800034e8 load:0x00000000
        5255000	       426	8000859e	03164233	div	x4,x12,x17	 x12:0x00000009 x17:0x00000012  x4=0x00000000
        5295000	       430	800085a2	02c42133	mulhsu	x2,x8,x12	  x8:0x70444004 x12:0x00000009  x2=0x00000003
        5305000	       431	800085a6	41568c33	sub	x24,x13,x21	 x13:0x800034e8 x21:0x00007000 x24=0x7fffc4e8
        5315000	       432	800085aa	046bc413	xori	x8,x23,70	 x23:0x0f3ab26a  x8=0x0f3ab22c
        5325000	       433	800085ae	022e9663	bne	x29,x2,800085da	 x29:0x00000000  x2:0x00000003
        5345000	       435	800085da	832d	c.srli	x14,0xb	 x14:0x000002d2 x14=0x00000000
        5375000	       438	800085dc	03ca8db3	mul	x27,x21,x28	 x21:0x00007000 x28:0x00000000 x27=0x00000000
        5385000	       439	800085e0	00a70d63	beq	x14,x10,800085fa	 x14:0x00000000 x10:0x0ffffffc
        5395000	       440	800085e4	012553b3	srl	x7,x10,x18	 x10:0x0ffffffc x18:0x00000001  x7=0x07fffffe
        5405000	       441	800085e8	0ff0000f	fence	iorw,iorw	
        5415000	       442	800085ec	01ba3a33	sltu	x20,x20,x27	 x20:0xff2df586 x27:0x00000000 x20=0x00000000
        5425000	       443	800085f0	0000100f	fence.i	
        5445000	       445	800085f4	0f29	c.addi	x30,10	 x30:0x80000000 x30=0x8000000a
        5455000	       446	800085f6	340c18f3	csrrw	x17,mscratch,x24	 x24:0x7fffc4e8 x17=0x00007000
        5465000	       447	800085fa	20ed2413	slti	x8,x26,526	 x26:0x00000000  x8=0x00000001
        5475000	       448	800085fe	02b1d863	bge	x3,x11,8000862e	  x3:0x00000001 x11:0x80021e58
        5495000	       450	8000862e	197d	c.addi	x18,-1	 x18:0x00000001 x18=0x00000000
        5505000	       451	80008630	0001	c.addi	x0,0	  x0:0x00000000  x0=0x00000000
        5515000	       452	80008632	051b4063	blt	x22,x17,80008672	 x22:0xfa72b098 x17:0x00007000
        5545000	       455	80008672	008a40b3	xor	x1,x20,x8	 x20:0x00000000  x8:0x00000001  x1=0x00000001
        5555000	       456	80008676	0ff0000f	fence	iorw,iorw	
        5565000	       457	8000867a	0096	c.slli	x1,0x5	  x1:0x00000001  x1=0x00000020
        5575000	       458	8000867c	01c35837	lui	x16,0x1c35	 x16=0x01c35000
        5585000	       459	80008680	01f2cbb3	xor	x23,x5,x31	  x5:0x80008517 x31:0x80025ce4 x23=0x0002d9f3
        5595000	       460	80008684	00301413	slli	x8,x0,0x3	  x0:0x00000000  x8=0x00000000
        5605000	       461	80008688	8972	c.mv	x18,x28	  x0:0x00000000 x28:0x00000000 x18=0x00000000
        5615000	       462	8000868a	f2816993	ori	x19,x2,-216	  x2:0x00000003 x19=0xffffff2b
        5625000	       463	8000868e	c139	c.beqz	x10,800086d4	 x10:0x0ffffffc
        5635000	       464	80008690	611d	c.addi16sp	x2,416	  x2:0x00000003  x2=0x000001a3
        6005000	       501	80008692	02246c33	rem	x24,x8,x2	  x8:0x00000000  x2:0x000001a3 x24=0x00000000
        6015000	       502	80008696	34007273	csrrci	x4,mscratch,0	  x4=0x7fffc4e8
        6025000	       503	8000869a	cf09	c.beqz	x14,800086b4	 x14:0x00000000
        6045000	       505	800086b4	0001	c.addi	x0,0	  x0:0x00000000  x0=0x00000000
        6055000	       506	800086b6	0145de13	srli	x28,x11,0x14	 x11:0x80021e58 x28=0x00000800
        6065000	       507	800086ba	340ba0f3	csrrs	x1,mscratch,x23	 x23:0x0002d9f3  x1=0x7fffc4e8
        6075000	       508	800086be	01245213	srli	x4,x8,0x12	  x8:0x00000000  x4=0x00000000
        6085000	       509	800086c2	00e9d893	srli	x17,x19,0xe	 x19:0xffffff2b x17=0x0003ffff
        6095000	       510	800086c6	0da1cc93	xori	x25,x3,218	  x3:0x00000001 x25=0x000000db
        6135000	       514	800086ca	03febe33	mulhu	x28,x29,x31	 x29:0x00000000 x31:0x80025ce4 x28=0x00000000
        6145000	       515	800086ce	0ff0000f	fence	iorw,iorw	
        6155000	       516	800086d2	1b08	c.addi4spn	x10,x2,432	 x10=0x00000353
        6165000	       517	800086d4	00de6f63	bltu	x28,x13,800086f2	 x28:0x00000000 x13:0x800034e8
        6195000	       520	800086f2	015310b3	sll	x1,x6,x21	  x6:0x00000000 x21:0x00007000  x1=0x00000000
        6205000	       521	800086f6	b161a917	auipc	x18,0xb161a	 x18=0x316226f6
        6215000	       522	800086fa	01434bb3	xor	x23,x6,x20	  x6:0x00000000 x20:0x00000000 x23=0x00000000
        6225000	       523	800086fe	92a6	c.add	x5,x9	  x5:0x80008517  x9:0xf0444004  x5=0x7044c51b
        6235000	       524	80008700	717d	c.addi16sp	x2,-16	  x2:0x000001a3  x2=0x00000193
        6275000	       528	80008702	02d89db3	mulh	x27,x17,x13	 x17:0x0003ffff x13:0x800034e8 x27=0xfffe0001
        6285000	       529	80008706	03089a63	bne	x17,x16,8000873a	 x17:0x0003ffff x16:0x01c35000
        6305000	       531	8000873a	0514	c.addi4spn	x13,x2,640	 x13=0x00000413
        6315000	       532	8000873c	0001	c.addi	x0,0	  x0:0x00000000  x0=0x00000000
        6325000	       533	8000873e	8069	c.srli	x8,0x1a	  x8:0x00000000  x8=0x00000000
        6335000	       534	80008740	e389	c.bnez	x15,80008742	 x15:0x00000000
        6345000	       535	80008742	340bdf73	csrrwi	x30,mscratch,23	 x30=0x7fffddfb
        6355000	       536	80008746	340020f3	csrrs	x1,mscratch,x0	  x0:0x00000000  x1=0x00000017
        6365000	       537	8000874a	0a72	c.slli	x20,0x1c	 x20:0x00000000 x20=0x00000000
        6375000	       538	8000874c	340ef9f3	csrrci	x19,mscratch,29	 x19=0x00000017
        6385000	       539	80008750	0ccd	c.addi	x25,19	 x25:0x000000db x25=0x000000ee
        6395000	       540	80008752	00c28533	add	x10,x5,x12	  x5:0x7044c51b x12:0x00000009 x10=0x7044c524
        6405000	       541	80008756	c27b5f37	lui	x30,0xc27b5	 x30=0xc27b5000
        6415000	       542	8000875a	1014	c.addi4spn	x13,x2,32	 x13=0x000001b3
        6425000	       543	8000875c	340670f3	csrrci	x1,mscratch,12	  x1=0x00000002
        6435000	       544	80008760	b9bc7913	andi	x18,x24,-1125	 x24:0x00000000 x18=0x00000000
        6445000	       545	80008764	01ac51b3	srl	x3,x24,x26	 x24:0x00000000 x26:0x00000000  x3=0x00000000
        6455000	       546	80008768	802d	c.srli	x8,0xb	  x8:0x00000000  x8=0x00000000
        6485000	       549	8000876a	02bd8533	mul	x10,x27,x11	 x27:0xfffe0001 x11:0x80021e58 x10=0x43521e58
        6495000	       550	8000876e	006b91b3	sll	x3,x23,x6	 x23:0x00000000  x6:0x00000000  x3=0x00000000
        6535000	       554	80008772	0236ba33	mulhu	x20,x13,x3	 x13:0x000001b3  x3:0x00000000 x20=0x00000000
        6545000	       555	80008776	0067d113	srli	x2,x15,0x6	 x15:0x00000000  x2=0x00000000
        6555000	       556	8000877a	00a1b133	sltu	x2,x3,x10	  x3:0x00000000 x10:0x43521e58  x2=0x00000001
        6565000	       557	8000877e	8c31	c.xor	x8,x12	  x8:0x00000000 x12:0x00000009  x8=0x00000009
        6575000	       558	80008780	34007b73	csrrci	x22,mscratch,0	 x22=0x00000002
        6585000	       559	80008784	006f1ab3	sll	x21,x30,x6	 x30:0xc27b5000  x6:0x00000000 x21=0xc27b5000
        6595000	       560	80008788	0310	c.addi4spn	x12,x2,384	 x12=0x00000181
        6605000	       561	8000878a	0731	c.addi	x14,12	 x14:0x00000000 x14=0x0000000c
        6615000	       562	8000878c	ff228493	addi	x9,x5,-14	  x5:0x7044c51b  x9=0x7044c50d
        6625000	       563	80008790	0001	c.addi	x0,0	  x0:0x00000000  x0=0x00000000
        6635000	       564	80008792	340d6773	csrrsi	x14,mscratch,26	 x14=0x00000002
        6645000	       565	80008796	41a55793	srai	x15,x10,0x1a	 x10:0x43521e58 x15=0x00000010
        6655000	       566	8000879a	0ff0000f	fence	iorw,iorw	
        6665000	       567	8000879e	8fa9	c.xor	x15,x10	 x15:0x00000010 x10:0x43521e58 x15=0x43521e48
        6675000	       568	800087a0	8565	c.srai	x10,0x19	 x10:0x43521e58 x10=0x00000021
        6685000	       569	800087a2	01d32e13	slti	x28,x6,29	  x6:0x00000000 x28=0x00000001
        6695000	       570	800087a6	aa373a93	sltiu	x21,x14,-1373	 x14:0x00000002 x21=0x00000001
        6705000	       571	800087aa	8fa5	c.xor	x15,x9	 x15:0x43521e48  x9:0x7044c50d x15=0x3316db45
        6715000	       572	800087ac	3403dcf3	csrrwi	x25,mscratch,7	 x25=0x0000001a
        6725000	       573	800087b0	1afd	c.addi	x21,-1	 x21:0x00000001 x21=0x00000000
        6735000	       574	800087b2	0001	c.addi	x0,0	  x0:0x00000000  x0=0x00000000
        6745000	       575	800087b4	e1a93813	sltiu	x16,x18,-486	 x18:0x00000000 x16=0x00000001
        6755000	       576	800087b8	960b1a97	auipc	x21,0x960b1	 x21=0x160b97b8
        6765000	       577	800087bc	01744263	blt	x8,x23,800087c0	  x8:0x00000009 x23:0x00000000
        6775000	       578	800087c0	01f823b3	slt	x7,x16,x31	 x16:0x00000001 x31:0x80025ce4  x7=0x00000000
        6785000	       579	800087c4	001b8763	beq	x23,x1,800087d2	 x23:0x00000000  x1:0x00000002
        6795000	       580	800087c8	01629433	sll	x8,x5,x22	  x5:0x7044c51b x22:0x00000002  x8=0xc113146c
        6805000	       581	800087cc	017582b3	add	x5,x11,x23	 x11:0x80021e58 x23:0x00000000  x5=0x80021e58
        6815000	       582	800087d0	9142	c.add	x2,x16	  x2:0x00000001 x16:0x00000001  x2=0x00000002
        6825000	       583	800087d2	340034f3	csrrc	x9,mscratch,x0	  x0:0x00000000  x9=0x00000007
        6835000	       584	800087d6	b05c0413	addi	x8,x24,-1275	 x24:0x00000000  x8=0xfffffb05
        6845000	       585	800087da	41b78833	sub	x16,x15,x27	 x15:0x3316db45 x27:0xfffe0001 x16=0x3318db44
        6855000	       586	800087de	340076f3	csrrci	x13,mscratch,0	 x13=0x00000007
        6865000	       587	800087e2	c311	c.beqz	x14,800087e6	 x14:0x00000002
        6875000	       588	800087e4	0e56	c.slli	x28,0x15	 x28:0x00000001 x28=0x00200000
        6885000	       589	800087e6	0000100f	fence.i	
        6915000	       592	800087ea	0264fc63	bgeu	x9,x6,80008822	  x9:0x00000007  x6:0x00000000
        6945000	       595	80008822	0f865717	auipc	x14,0xf865	 x14=0x8f86d822
        6955000	       596	80008826	e705	c.bnez	x14,8000884e	 x14:0x8f86d822
        7015000	       602	8000884e	02343833	mulhu	x16,x8,x3	  x8:0xfffffb05  x3:0x00000000 x16=0x00000000
        7385000	       639	80008852	025ae033	rem	x0,x21,x5	 x21:0x160b97b8  x5:0x80021e58  x0=0x00000000
        7395000	       640	80008856	0019f533	and	x10,x19,x1	 x19:0x00000017  x1:0x00000002 x10=0x00000002
        7405000	       641	8000885a	ef01	c.bnez	x14,80008872	 x14:0x8f86d822
        7425000	       643	80008872	8b2e	c.mv	x22,x11	  x0:0x00000000 x11:0x80021e58 x22=0x80021e58
        7435000	       644	80008874	00708263	beq	x1,x7,80008878	  x1:0x00000002  x7:0x00000000
        7445000	       645	80008878	0011fd63	bgeu	x3,x1,80008892	  x3:0x00000000  x1:0x00000002
        7455000	       646	8000887c	0000100f	fence.i	
        7475000	       648	80008880	00c0b8b3	sltu	x17,x1,x12	  x1:0x00000002 x12:0x00000181 x17=0x00000001
        7485000	       649	80008884	8b4a	c.mv	x22,x18	  x0:0x00000000 x18:0x00000000 x22=0x00000000
        7495000	       650	80008886	01135c93	srli	x25,x6,0x11	  x6:0x00000000 x25=0x00000000
        7505000	       651	8000888a	01dada93	srli	x21,x21,0x1d	 x21:0x160b97b8 x21=0x00000000
        7545000	       655	8000888e	03deb233	mulhu	x4,x29,x29	 x29:0x00000000 x29:0x00000000  x4=0x00000000
        7555000	       656	80008892	8c05	c.sub	x8,x9	  x8:0xfffffb05  x9:0x00000007  x8=0xfffffafe
        7565000	       657	80008894	72600613	addi	x12,x0,1830	  x0:0x00000000 x12=0x00000726
        7575000	       658	80008898	977a	c.add	x14,x30	 x14:0x8f86d822 x30:0xc27b5000 x14=0x52022822
        7585000	       659	8000889a	01eede93	srli	x29,x29,0x1e	 x29:0x00000000 x29=0x00000000
        7595000	       660	8000889e	0ff0000f	fence	iorw,iorw	
        7605000	       661	800088a2	89fa	c.mv	x19,x30	  x0:0x00000000 x30:0xc27b5000 x19=0xc27b5000
        7615000	       662	800088a4	4068d633	sra	x12,x17,x6	 x17:0x00000001  x6:0x00000000 x12=0x00000001
        7625000	       663	800088a8	e3a1	c.bnez	x15,800088e8	 x15:0x3316db45
        7645000	       665	800088e8	8c61	c.and	x8,x8	  x8:0xfffffafe  x8:0xfffffafe  x8=0xfffffafe
        7655000	       666	800088ea	03a3dc63	bge	x7,x26,80008922	  x7:0x00000000 x26:0x00000000
        7675000	       668	80008922	9a7d	c.andi	x12,-1	 x12:0x00000001 x12=0x00000001
        7685000	       669	80008924	01bae663	bltu	x21,x27,80008930	 x21:0x00000000 x27:0xfffe0001
        7705000	       671	80008930	8e99	c.sub	x13,x14	 x13:0x00000007 x14:0x52022822 x13=0xadfdd7e5
        7725000	       673	80008932	0247ef33	rem	x30,x15,x4	 x15:0x3316db45  x4:0x00000000 x30=0x3316db45
        7735000	       674	80008936	ef01	c.bnez	x14,8000894e	 x14:0x52022822
        7765000	       677	8000894e	00d9c9b3	xor	x19,x19,x13	 x19:0xc27b5000 x13:0xadfdd7e5 x19=0x6f8687e5
        7775000	       678	80008952	8785	c.srai	x15,0x1	 x15:0x3316db45 x15=0x198b6da2
        7785000	       679	80008954	a1f7e913	ori	x18,x15,-1505	 x15:0x198b6da2 x18=0xffffffbf
        7795000	       680	80008958	01ea2b33	slt	x22,x20,x30	 x20:0x00000000 x30:0x3316db45 x22=0x00000001
        7805000	       681	8000895c	02994363	blt	x18,x9,80008982	 x18:0xffffffbf  x9:0x00000007
        7835000	       684	80008982	0ff0000f	fence	iorw,iorw	
        7845000	       685	80008986	ce81	c.beqz	x13,8000899e	 x13:0xadfdd7e5
        7855000	       686	80008988	00629533	sll	x10,x5,x6	  x5:0x80021e58  x6:0x00000000 x10=0x80021e58
        7865000	       687	8000898c	03ee0563	beq	x28,x30,800089b6	 x28:0x00200000 x30:0x3316db45
        7875000	       688	80008990	8fa1	c.xor	x15,x8	 x15:0x198b6da2  x8:0xfffffafe x15=0xe674975c
        7885000	       689	80008992	0333e763	bltu	x7,x19,800089c0	  x7:0x00000000 x19:0x6f8687e5
        7905000	       691	800089c0	00719833	sll	x16,x3,x7	  x3:0x00000000  x7:0x00000000 x16=0x00000000
        7915000	       692	800089c4	01f87bb3	and	x23,x16,x31	 x16:0x00000000 x31:0x80025ce4 x23=0x00000000
        7925000	       693	800089c8	9b7d	c.andi	x14,-1	 x14:0x52022822 x14=0x52022822
        7935000	       694	800089ca	3400d173	csrrwi	x2,mscratch,1	  x2=0x00000007
        7945000	       695	800089ce	34081b73	csrrw	x22,mscratch,x16	 x16:0x00000000 x22=0x00000001
        7955000	       696	800089d2	8f72	c.mv	x30,x28	  x0:0x00000000 x28:0x00200000 x30=0x00200000
        7965000	       697	800089d4	a84e0493	addi	x9,x28,-1404	 x28:0x00200000  x9=0x001ffa84
        7975000	       698	800089d8	44dc0713	addi	x14,x24,1101	 x24:0x00000000 x14=0x0000044d
        7985000	       699	800089dc	f236c513	xori	x10,x13,-221	 x13:0xadfdd7e5 x10=0x520228c6
        7995000	       700	800089e0	5e7d	c.li	x28,-1	 x28=0xffffffff
        8005000	       701	800089e2	006cab33	slt	x22,x25,x6	 x25:0x00000000  x6:0x00000000 x22=0x00000000
        8015000	       702	800089e6	00c34863	blt	x6,x12,800089f6	  x6:0x00000000 x12:0x00000001
        8065000	       707	800089f6	03010533	mul	x10,x2,x16	  x2:0x00000007 x16:0x00000000 x10=0x00000000
        8075000	       708	800089fa	005a2233	slt	x4,x20,x5	 x20:0x00000000  x5:0x80021e58  x4=0x00000000
        8085000	       709	800089fe	8c8d	c.sub	x9,x11	  x9:0x001ffa84 x11:0x80021e58  x9=0x801ddc2c
        8095000	       710	80008a00	02dcc263	blt	x25,x13,80008a24	 x25:0x00000000 x13:0xadfdd7e5
        8465000	       747	80008a04	02d5edb3	rem	x27,x11,x13	 x11:0x80021e58 x13:0xadfdd7e5 x27=0xd2044673
        8475000	       748	80008a08	34002773	csrrs	x14,mscratch,x0	  x0:0x00000000 x14=0x00000000
        8485000	       749	80008a0c	01e4c663	blt	x9,x30,80008a18	  x9:0x801ddc2c x30:0x00200000
        8505000	       751	80008a18	4b5e7393	andi	x7,x28,1205	 x28:0xffffffff  x7=0x000004b5
        8515000	       752	80008a1c	00afddb3	srl	x27,x31,x10	 x31:0x80025ce4 x10:0x00000000 x27=0x80025ce4
        8545000	       755	80008a20	03b584b3	mul	x9,x11,x27	 x11:0x80021e58 x27:0x80025ce4  x9=0x017aa660
        8555000	       756	80008a24	1b94	c.addi4spn	x13,x2,496	 x13=0x000001f7
        8565000	       757	80008a26	3d826993	ori	x19,x4,984	  x4:0x00000000 x19=0x000003d8
        8575000	       758	80008a2a	c089	c.beqz	x9,80008a2c	  x9:0x017aa660
        8585000	       759	80008a2c	01018463	beq	x3,x16,80008a34	  x3:0x00000000 x16:0x00000000
        8605000	       761	80008a34	0fb80013	addi	x0,x16,251	 x16:0x00000000  x0=0x00000000
        8615000	       762	80008a38	84ad	c.srai	x9,0xb	  x9:0x017aa660  x9=0x00002f54
        8625000	       763	80008a3a	016bce33	xor	x28,x23,x22	 x23:0x00000000 x22:0x00000000 x28=0x00000000
        8995000	       800	80008a3e	0296f033	remu	x0,x13,x9	 x13:0x000001f7  x9:0x00002f54  x0=0x00000000
        9035000	       804	80008a42	03573633	mulhu	x12,x14,x21	 x14:0x00000000 x21:0x00000000 x12=0x00000000
        9045000	       805	80008a46	0d49	c.addi	x26,18	 x26:0x00000000 x26=0x00000012
        9055000	       806	80008a48	005f7363	bgeu	x30,x5,80008a4e	 x30:0x00200000  x5:0x80021e58
        9065000	       807	80008a4c	8e99	c.sub	x13,x14	 x13:0x000001f7 x14:0x00000000 x13=0x000001f7
        9105000	       811	80008a4e	027b3ab3	mulhu	x21,x22,x7	 x22:0x00000000  x7:0x000004b5 x21=0x00000000
        9115000	       812	80008a52	0001	c.addi	x0,0	  x0:0x00000000  x0=0x00000000
        9155000	       816	80008a54	027cbb33	mulhu	x22,x25,x7	 x25:0x00000000  x7:0x000004b5 x22=0x00000000
        9165000	       817	80008a58	00fb6133	or	x2,x22,x15	 x22:0x00000000 x15:0xe674975c  x2=0xe674975c
        9185000	       819	80008a5c	0397feb3	remu	x29,x15,x25	 x15:0xe674975c x25:0x00000000 x29=0xe674975c
        9195000	       820	80008a60	9afd	c.andi	x13,-1	 x13:0x000001f7 x13=0x000001f7
        9205000	       821	80008a62	40a15813	srai	x16,x2,0xa	  x2:0xe674975c x16=0xfff99d25
        9215000	       822	80008a66	d6b0b013	sltiu	x0,x1,-661	  x1:0x00000002  x0=0x00000000
        9225000	       823	80008a6a	000501b3	add	x3,x10,x0	 x10:0x00000000  x0:0x00000000  x3=0x00000000
        9235000	       824	80008a6e	04f77063	bgeu	x14,x15,80008aae	 x14:0x00000000 x15:0xe674975c
        9245000	       825	80008a72	e239	c.bnez	x12,80008ab8	 x12:0x00000000
        9265000	       827	80008a74	036bc233	div	x4,x23,x22	 x23:0x00000000 x22:0x00000000  x4=0xffffffff
        9275000	       828	80008a78	de652413	slti	x8,x10,-538	 x10:0x00000000  x8=0x00000000
        9285000	       829	80008a7c	004d1013	slli	x0,x26,0x4	 x26:0x00000012  x0=0x00000000
        9295000	       830	80008a80	01d01663	bne	x0,x29,80008a8c	  x0:0x00000000 x29:0xe674975c
        9345000	       835	80008a8c	02dd3eb3	mulhu	x29,x26,x13	 x26:0x00000012 x13:0x000001f7 x29=0x00000000
        9355000	       836	80008a90	0001	c.addi	x0,0	  x0:0x00000000  x0=0x00000000
        9365000	       837	80008a92	270ba713	slti	x14,x23,624	 x23:0x00000000 x14=0x00000001
        9375000	       838	80008a96	05db7363	bgeu	x22,x29,80008adc	 x22:0x00000000 x29:0x00000000
        9395000	       840	80008adc	01d15413	srli	x8,x2,0x1d	  x2:0xe674975c  x8=0x00000007
        9405000	       841	80008ae0	86c2	c.mv	x13,x16	  x0:0x00000000 x16:0xfff99d25 x13=0xfff99d25
        9425000	       843	80008ae2	023eddb3	divu	x27,x29,x3	 x29:0x00000000  x3:0x00000000 x27=0xffffffff
        9465000	       847	80008ae6	02789d33	mulh	x26,x17,x7	 x17:0x00000001  x7:0x000004b5 x26=0x00000000
        9475000	       848	80008aea	011e1233	sll	x4,x28,x17	 x28:0x00000000 x17:0x00000001  x4=0x00000000
        9515000	       852	80008aee	030421b3	mulhsu	x3,x8,x16	  x8:0x00000007 x16:0xfff99d25  x3=0x00000006
        9885000	       889	80008af2	030250b3	divu	x1,x4,x16	  x4:0x00000000 x16:0xfff99d25  x1=0x00000000
        9895000	       890	80008af6	116c6e93	ori	x29,x24,278	 x24:0x00000000 x29=0x00000116
        9905000	       891	80008afa	0c4a	c.slli	x24,0x12	 x24:0x00000000 x24=0x00000000
        9915000	       892	80008afc	823d	c.srli	x12,0xf	 x12:0x00000000 x12=0x00000000
        9925000	       893	80008afe	01971833	sll	x16,x14,x25	 x14:0x00000001 x25:0x00000000 x16=0x00000001
        9935000	       894	80008b02	00b37933	and	x18,x6,x11	  x6:0x00000000 x11:0x80021e58 x18=0x00000000
        9945000	       895	80008b06	0001	c.addi	x0,0	  x0:0x00000000  x0=0x00000000
        9955000	       896	80008b08	4d1d	c.li	x26,7	 x26=0x00000007
        9975000	       898	80008b0a	039c53b3	divu	x7,x24,x25	 x24:0x00000000 x25:0x00000000  x7=0xffffffff
        9985000	       899	80008b0e	41b2dbb3	sra	x23,x5,x27	  x5:0x80021e58 x27:0xffffffff x23=0xffffffff
        9995000	       900	80008b12	0049dd63	bge	x19,x4,80008b2c	 x19:0x000003d8  x4:0x00000000
       10015000	       902	80008b2c	0001	c.addi	x0,0	  x0:0x00000000  x0=0x00000000
       10025000	       903	80008b2e	1cfd	c.addi	x25,-1	 x25:0x00000000 x25=0xffffffff
       10035000	       904	80008b30	695d	c.lui	x18,0x17	 x18=0x00017000
       10045000	       905	80008b32	fc036917	auipc	x18,0xfc036	 x18=0x7c03eb32
       10055000	       906	80008b36	010a6d63	bltu	x20,x16,80008b50	 x20:0x00000000 x16:0x00000001
       10105000	       911	80008b50	03c52733	mulhsu	x14,x10,x28	 x10:0x00000000 x28:0x00000000 x14=0x00000000
       10115000	       912	80008b54	00239933	sll	x18,x7,x2	  x7:0xffffffff  x2:0xe674975c x18=0xf0000000
       10125000	       913	80008b58	e231	c.bnez	x12,80008b9c	 x12:0x00000000
       10135000	       914	80008b5a	83e5	c.srli	x15,0x19	 x15:0xe674975c x15=0x00000073
       10145000	       915	80008b5c	030a6b63	bltu	x20,x16,80008b92	 x20:0x00000000 x16:0x00000001
       10175000	       918	80008b92	00631f13	slli	x30,x6,0x6	  x6:0x00000000 x30=0x00000000
       10185000	       919	80008b96	2ce6af17	auipc	x30,0x2ce6a	 x30=0xace72b96
       10195000	       920	80008b9a	c209	c.beqz	x12,80008b9c	 x12:0x00000000
       10215000	       922	80008b9c	34007573	csrrci	x10,mscratch,0	 x10=0x00000000
       10225000	       923	80008ba0	f0d1a113	slti	x2,x3,-243	  x3:0x00000006  x2=0x00000000
       10235000	       924	80008ba4	9b7d	c.andi	x14,-1	 x14:0x00000000 x14=0x00000000
       10255000	       926	80008ba6	0382c833	div	x16,x5,x24	  x5:0x80021e58 x24:0x00000000 x16=0xffffffff
       10265000	       927	80008baa	0000100f	fence.i	
       10295000	       930	80008bae	02909363	bne	x1,x9,80008bd4	  x1:0x00000000  x9:0x00002f54
       10315000	       932	80008bd4	411d5a93	srai	x21,x26,0x11	 x26:0x00000007 x21=0x00000000
       10325000	       933	80008bd8	001f9e93	slli	x29,x31,0x1	 x31:0x80025ce4 x29=0x0004b9c8
       10695000	       970	80008bdc	03d15ab3	divu	x21,x2,x29	  x2:0x00000000 x29:0x0004b9c8 x21=0x00000000
       10705000	       971	80008be0	0267cb63	blt	x15,x6,80008c16	 x15:0x00000073  x6:0x00000000
       10715000	       972	80008be4	8f85	c.sub	x15,x9	 x15:0x00000073  x9:0x00002f54 x15=0xffffd11f
       10725000	       973	80008be6	40fcdab3	sra	x21,x25,x15	 x25:0xffffffff x15:0xffffd11f x21=0xffffffff
       10735000	       974	80008bea	0001	c.addi	x0,0	  x0:0x00000000  x0=0x00000000
       10745000	       975	80008bec	0a88	c.addi4spn	x10,x2,336	 x10=0x00000150
       10755000	       976	80008bee	00769363	bne	x13,x7,80008bf4	 x13:0xfff99d25  x7:0xffffffff
       10785000	       979	80008bf4	020761b3	rem	x3,x14,x0	 x14:0x00000000  x0:0x00000000  x3=0x00000000
       11155000	      1016	80008bf8	035160b3	rem	x1,x2,x21	  x2:0x00000000 x21:0xffffffff  x1=0x00000000
       11165000	      1017	80008bfc	8c85	c.sub	x9,x9	  x9:0x00002f54  x9:0x00002f54  x9=0x00000000
       11175000	      1018	80008bfe	84b1	c.srai	x9,0xc	  x9:0x00000000  x9=0x00000000
       11185000	      1019	80008c00	8621	c.srai	x12,0x8	 x12:0x00000000 x12=0x00000000
       11195000	      1020	80008c02	766df093	andi	x1,x27,1894	 x27:0xffffffff  x1=0x00000766
       11205000	      1021	80008c06	0001	c.addi	x0,0	  x0:0x00000000  x0=0x00000000
       11215000	      1022	80008c08	14677693	andi	x13,x14,326	 x14:0x00000000 x13=0x00000000
       11225000	      1023	80008c0c	8549	c.srai	x10,0x12	 x10:0x00000150 x10=0x00000000
       11235000	      1024	80008c0e	08dd2693	slti	x13,x26,141	 x26:0x00000007 x13=0x00000001
       11245000	      1025	80008c12	410d0833	sub	x16,x26,x16	 x26:0x00000007 x16:0xffffffff x16=0x00000008
       11255000	      1026	80008c16	92ae	c.add	x5,x11	  x5:0x80021e58 x11:0x80021e58  x5=0x00043cb0
       11265000	      1027	80008c18	1b7d	c.addi	x22,-1	 x22:0x00000000 x22=0xffffffff
       11275000	      1028	80008c1a	892e	c.mv	x18,x11	  x0:0x00000000 x11:0x80021e58 x18=0x80021e58
       11285000	      1029	80008c1c	8c55	c.or	x8,x13	  x8:0x00000007 x13:0x00000001  x8=0x00000007
       11295000	      1030	80008c1e	0000100f	fence.i	
       11325000	      1033	80008c22	1a697917	auipc	x18,0x1a697	 x18=0x9a69fc22
       11335000	      1034	80008c26	340023f3	csrrs	x7,mscratch,x0	  x0:0x00000000  x7=0x00000000
       11345000	      1035	80008c2a	11fd	c.addi	x3,-1	  x3:0x00000000  x3=0xffffffff
       11355000	      1036	80008c2c	bb622f13	slti	x30,x4,-1098	  x4:0x00000000 x30=0x00000000
       11365000	      1037	80008c30	8cf9	c.and	x9,x14	  x9:0x00000000 x14:0x00000000  x9=0x00000000
       11375000	      1038	80008c32	d56961b7	lui	x3,0xd5696	  x3=0xd5696000
       11405000	      1041	80008c36	03088cb3	mul	x25,x17,x16	 x17:0x00000001 x16:0x00000008 x25=0x00000008
       11415000	      1042	80008c3a	64d9	c.lui	x9,0x16	  x9=0x00016000
       11425000	      1043	80008c3c	41100cb3	sub	x25,x0,x17	  x0:0x00000000 x17:0x00000001 x25=0xffffffff
       11435000	      1044	80008c40	01e1e1b3	or	x3,x3,x30	  x3:0xd5696000 x30:0x00000000  x3=0xd5696000
       11445000	      1045	80008c44	34006273	csrrsi	x4,mscratch,0	  x4=0x00000000
       11455000	      1046	80008c48	03880163	beq	x16,x24,80008c6a	 x16:0x00000008 x24:0x00000000
       11465000	      1047	80008c4c	001a9d93	slli	x27,x21,0x1	 x21:0xffffffff x27=0xfffffffe
       11475000	      1048	80008c50	01b1d933	srl	x18,x3,x27	  x3:0xd5696000 x27:0xfffffffe x18=0x00000003
       11485000	      1049	80008c54	cb19	c.beqz	x14,80008c6a	 x14:0x00000000
       11515000	      1052	80008c6a	2eee8893	addi	x17,x29,750	 x29:0x0004b9c8 x17=0x0004bcb6
       11535000	      1054	80008c6e	0205c733	div	x14,x11,x0	 x11:0x80021e58  x0:0x00000000 x14=0xffffffff
       11545000	      1055	80008c72	8911	c.andi	x10,4	 x10:0x00000000 x10=0x00000000
       11555000	      1056	80008c74	018dae33	slt	x28,x27,x24	 x27:0xfffffffe x24:0x00000000 x28=0x00000001
       11565000	      1057	80008c78	ee85	c.bnez	x13,80008cb0	 x13:0x00000001
       11585000	      1059	80008cb0	00f58433	add	x8,x11,x15	 x11:0x80021e58 x15:0xffffd11f  x8=0x8001ef77
       11595000	      1060	80008cb4	01c5c1b3	xor	x3,x11,x28	 x11:0x80021e58 x28:0x00000001  x3=0x80021e59
       11605000	      1061	80008cb8	717d	c.addi16sp	x2,-16	  x2:0x00000000  x2=0xfffffff0
       11615000	      1062	80008cba	0ff0000f	fence	iorw,iorw	
       11625000	      1063	80008cbe	080f8793	addi	x15,x31,128	 x31:0x80025ce4 x15=0x80025d64
       11635000	      1064	80008cc2	a5a5c017	auipc	x0,0xa5a5c	  x0=0x00000000
       11645000	      1065	80008cc6	34003a73	csrrc	x20,mscratch,x0	  x0:0x00000000 x20=0x00000000
       11655000	      1066	80008cca	0194	c.addi4spn	x13,x2,192	 x13=0x000000b0
       11665000	      1067	80008ccc	0100a1b3	slt	x3,x1,x16	  x1:0x00000766 x16:0x00000008  x3=0x00000000
       11675000	      1068	80008cd0	1480	c.addi4spn	x8,x2,608	  x8=0x00000250
       11685000	      1069	80008cd2	40870a33	sub	x20,x14,x8	 x14:0xffffffff  x8:0x00000250 x20=0xfffffdaf
       11695000	      1070	80008cd6	1d08	c.addi4spn	x10,x2,688	 x10=0x000002a0
       11705000	      1071	80008cd8	c789	c.beqz	x15,80008ce2	 x15:0x80025d64
       11745000	      1075	80008cda	0359b7b3	mulhu	x15,x19,x21	 x19:0x000003d8 x21:0xffffffff x15=0x000003d7
       11755000	      1076	80008cde	34006ef3	csrrsi	x29,mscratch,0	 x29=0x00000000
       11765000	      1077	80008ce2	8926	c.mv	x18,x9	  x0:0x00000000  x9:0x00016000 x18=0x00016000
       11775000	      1078	80008ce4	0001	c.addi	x0,0	  x0:0x00000000  x0=0x00000000
       11785000	      1079	80008ce6	40518a33	sub	x20,x3,x5	  x3:0x00000000  x5:0x00043cb0 x20=0xfffbc350
       11805000	      1081	80008cea	03ddea33	rem	x20,x27,x29	 x27:0xfffffffe x29:0x00000000 x20=0xfffffffe
       11815000	      1082	80008cee	005e4933	xor	x18,x28,x5	 x28:0x00000001  x5:0x00043cb0 x18=0x00043cb1
       11825000	      1083	80008cf2	0171b3b3	sltu	x7,x3,x23	  x3:0x00000000 x23:0xffffffff  x7=0x00000001
       11835000	      1084	80008cf6	60f60a13	addi	x20,x12,1551	 x12:0x00000000 x20=0x0000060f
       11845000	      1085	80008cfa	00f8e463	bltu	x17,x15,80008d02	 x17:0x0004bcb6 x15:0x000003d7
       11855000	      1086	80008cfe	404a5833	sra	x16,x20,x4	 x20:0x0000060f  x4:0x00000000 x16=0x0000060f
       11865000	      1087	80008d02	02999563	bne	x19,x9,80008d2c	 x19:0x000003d8  x9:0x00016000
       11885000	      1089	80008d2c	fcc49517	auipc	x10,0xfcc49	 x10=0x7cc51d2c
       11895000	      1090	80008d30	81f6	c.mv	x3,x29	  x0:0x00000000 x29:0x00000000  x3=0x00000000
       11905000	      1091	80008d32	01468663	beq	x13,x20,80008d3e	 x13:0x000000b0 x20:0x0000060f
       11915000	      1092	80008d36	8ca5	c.xor	x9,x9	  x9:0x00016000  x9:0x00016000  x9=0x00000000
       11925000	      1093	80008d38	8851	c.andi	x8,20	  x8:0x00000250  x8=0x00000010
       11935000	      1094	80008d3a	00789713	slli	x14,x17,0x7	 x17:0x0004bcb6 x14=0x025e5b00
       11945000	      1095	80008d3e	6b15	c.lui	x22,0x5	 x22=0x00005000
       11955000	      1096	80008d40	597d	c.li	x18,-1	 x18=0xffffffff
       11995000	      1100	80008d42	02149f33	mulh	x30,x9,x1	  x9:0x00000000  x1:0x00000766 x30=0x00000000
       12005000	      1101	80008d46	02f10963	beq	x2,x15,80008d78	  x2:0xfffffff0 x15:0x000003d7
       12015000	      1102	80008d4a	815d	c.srli	x10,0x17	 x10:0x7cc51d2c x10=0x000000f9
       12025000	      1103	80008d4c	13012693	slti	x13,x2,304	  x2:0xfffffff0 x13=0x00000001
       12035000	      1104	80008d50	0639be93	sltiu	x29,x19,99	 x19:0x000003d8 x29=0x00000000
       12045000	      1105	80008d54	01f98463	beq	x19,x31,80008d5c	 x19:0x000003d8 x31:0x80025ce4
       12055000	      1106	80008d58	012323b3	slt	x7,x6,x18	  x6:0x00000000 x18:0xffffffff  x7=0x00000000
       12065000	      1107	80008d5c	5c7d	c.li	x24,-1	 x24=0xffffffff
       12075000	      1108	80008d5e	8531	c.srai	x10,0xc	 x10:0x000000f9 x10=0x00000000
       12085000	      1109	80008d60	cffae113	ori	x2,x21,-769	 x21:0xffffffff  x2=0xffffffff
       12095000	      1110	80008d64	6d9c8193	addi	x3,x25,1753	 x25:0xffffffff  x3=0x000006d8
       12105000	      1111	80008d68	07589363	bne	x17,x21,80008dce	 x17:0x0004bcb6 x21:0xffffffff
       12135000	      1114	80008dce	004feb33	or	x22,x31,x4	 x31:0x80025ce4  x4:0x00000000 x22=0x80025ce4
       12145000	      1115	80008dd2	01c444b3	xor	x9,x8,x28	  x8:0x00000010 x28:0x00000001  x9=0x00000011
       12155000	      1116	80008dd6	cc81	c.beqz	x9,80008dee	  x9:0x00000011
       12165000	      1117	80008dd8	73ae54b7	lui	x9,0x73ae5	  x9=0x73ae5000
       12195000	      1120	80008ddc	020c0bb3	mul	x23,x24,x0	 x24:0xffffffff  x0:0x00000000 x23=0x00000000
       12205000	      1121	80008de0	1a10	c.addi4spn	x12,x2,304	 x12=0x0000012f
       12215000	      1122	80008de2	0078b3b3	sltu	x7,x17,x7	 x17:0x0004bcb6  x7:0x00000000  x7=0x00000000
       12235000	      1124	80008de6	0271d733	divu	x14,x3,x7	  x3:0x000006d8  x7:0x00000000 x14=0xffffffff
       12245000	      1125	80008dea	0ff0000f	fence	iorw,iorw	
       12255000	      1126	80008dee	34043f73	csrrc	x30,mscratch,x8	  x8:0x00000010 x30=0x00000000
       12265000	      1127	80008df2	717d	c.addi16sp	x2,-16	  x2:0xffffffff  x2=0xffffffef
       12275000	      1128	80008df4	cc18e213	ori	x4,x17,-831	 x17:0x0004bcb6  x4=0xfffffcf7
       12285000	      1129	80008df8	fa92a513	slti	x10,x5,-87	  x5:0x00043cb0 x10=0x00000000
       12295000	      1130	80008dfc	40c952b3	sra	x5,x18,x12	 x18:0xffffffff x12:0x0000012f  x5=0xffffffff
       12305000	      1131	80008e00	c39d	c.beqz	x15,80008e26	 x15:0x000003d7
       12315000	      1132	80008e02	8aad	c.andi	x13,11	 x13:0x00000001 x13=0x00000001
       12325000	      1133	80008e04	8715	c.srai	x14,0x5	 x14:0xffffffff x14=0xffffffff
       12335000	      1134	80008e06	717d	c.addi16sp	x2,-16	  x2:0xffffffef  x2=0xffffffdf
       12705000	      1171	80008e08	039ce1b3	rem	x3,x25,x25	 x25:0xffffffff x25:0xffffffff  x3=0x00000000
       12715000	      1172	80008e0c	019a9b93	slli	x23,x21,0x19	 x21:0xffffffff x23=0xfe000000
       12725000	      1173	80008e10	340f9773	csrrw	x14,mscratch,x31	 x31:0x80025ce4 x14=0x00000000
       12735000	      1174	80008e14	8c6d	c.and	x8,x11	  x8:0x00000010 x11:0x80021e58  x8=0x00000010
       12765000	      1177	80008e16	035f8e33	mul	x28,x31,x21	 x31:0x80025ce4 x21:0xffffffff x28=0x7ffda31c
       12775000	      1178	80008e1a	e681	c.bnez	x13,80008e22	 x13:0x00000001
       12805000	      1181	80008e22	0aad2b93	slti	x23,x26,170	 x26:0x00000007 x23=0x00000001
       12815000	      1182	80008e26	01a75033	srl	x0,x14,x26	 x14:0x00000000 x26:0x00000007  x0=0x00000000
       13185000	      1219	80008e2a	02b4f433	remu	x8,x9,x11	  x9:0x73ae5000 x11:0x80021e58  x8=0x73ae5000
       13195000	      1220	80008e2e	01f8da13	srli	x20,x17,0x1f	 x17:0x0004bcb6 x20=0x00000000
       13205000	      1221	80008e32	825db493	sltiu	x9,x27,-2011	 x27:0xfffffffe  x9=0x00000000
       13215000	      1222	80008e36	405603b3	sub	x7,x12,x5	 x12:0x0000012f  x5:0xffffffff  x7=0x00000130
       13225000	      1223	80008e3a	8f9d	c.sub	x15,x15	 x15:0x000003d7 x15:0x000003d7 x15=0x00000000
       13265000	      1227	80008e3c	0288ad33	mulhsu	x26,x17,x8	 x17:0x0004bcb6  x8:0x73ae5000 x26=0x000223ff
       13275000	      1228	80008e40	340a28f3	csrrs	x17,mscratch,x20	 x20:0x00000000 x17=0x80025ce4
       13285000	      1229	80008e44	527d	c.li	x4,-1	  x4=0xffffffff
       13295000	      1230	80008e46	034e6463	bltu	x28,x20,80008e6e	 x28:0x7ffda31c x20:0x00000000
       13305000	      1231	80008e4a	8e25	c.xor	x12,x9	 x12:0x0000012f  x9:0x00000000 x12=0x0000012f
       13315000	      1232	80008e4c	0480	c.addi4spn	x8,x2,576	  x8=0x0000021f
       13325000	      1233	80008e4e	40f49c37	lui	x24,0x40f49	 x24=0x40f49000
       13335000	      1234	80008e52	84b6	c.mv	x9,x13	  x0:0x00000000 x13:0x00000001  x9=0x00000001
       13355000	      1236	80008e54	02a55d33	divu	x26,x10,x10	 x10:0x00000000 x10:0x00000000 x26=0xffffffff
       13365000	      1237	80008e58	0058d563	bge	x17,x5,80008e62	 x17:0x80025ce4  x5:0xffffffff
       13375000	      1238	80008e5c	717d	c.addi16sp	x2,-16	  x2:0xffffffdf  x2=0xffffffcf
       13385000	      1239	80008e5e	577d	c.li	x14,-1	 x14=0xffffffff
       13395000	      1240	80008e60	88f5	c.andi	x9,29	  x9:0x00000001  x9=0x00000001
       13405000	      1241	80008e62	340078f3	csrrci	x17,mscratch,0	 x17=0x80025ce4
       13415000	      1242	80008e66	717d	c.addi16sp	x2,-16	  x2:0xffffffcf  x2=0xffffffbf
       13425000	      1243	80008e68	8f59	c.or	x14,x14	 x14:0xffffffff x14:0xffffffff x14=0xffffffff
       13435000	      1244	80008e6a	340f7c73	csrrci	x24,mscratch,30	 x24=0x80025ce4
       13475000	      1248	80008e6e	02d419b3	mulh	x19,x8,x13	  x8:0x0000021f x13:0x00000001 x19=0x00000000
       13485000	      1249	80008e72	0001	c.addi	x0,0	  x0:0x00000000  x0=0x00000000
       13495000	      1250	80008e74	0001	c.addi	x0,0	  x0:0x00000000  x0=0x00000000
       13505000	      1251	80008e76	3aa3b513	sltiu	x10,x7,938	  x7:0x00000130 x10=0x00000001
       13515000	      1252	80008e7a	54a942b7	lui	x5,0x54a94	  x5=0x54a94000
       13525000	      1253	80008e7e	0ff0000f	fence	iorw,iorw	
       13535000	      1254	80008e82	02c29263	bne	x5,x12,80008ea6	  x5:0x54a94000 x12:0x0000012f
       13555000	      1256	80008ea6	0001	c.addi	x0,0	  x0:0x00000000  x0=0x00000000
       13565000	      1257	80008ea8	01806933	or	x18,x0,x24	  x0:0x00000000 x24:0x80025ce4 x18=0x80025ce4
       13575000	      1258	80008eac	9a3e	c.add	x20,x15	 x20:0x00000000 x15:0x00000000 x20=0x00000000
       13585000	      1259	80008eae	3f3f6813	ori	x16,x30,1011	 x30:0x00000000 x16=0x000003f3
       13595000	      1260	80008eb2	3401d6f3	csrrwi	x13,mscratch,3	 x13=0x80025ce0
       13605000	      1261	80008eb6	02cfdd63	bge	x31,x12,80008ef0	 x31:0x80025ce4 x12:0x0000012f
       13615000	      1262	80008eba	0001	c.addi	x0,0	  x0:0x00000000  x0=0x00000000
       13625000	      1263	80008ebc	7591e813	ori	x16,x3,1881	  x3:0x00000000 x16=0x00000759
       13635000	      1264	80008ec0	340bd3f3	csrrwi	x7,mscratch,23	  x7=0x00000003
       13645000	      1265	80008ec4	4e4afe93	andi	x29,x21,1252	 x21:0xffffffff x29=0x000004e4
       13655000	      1266	80008ec8	0b00	c.addi4spn	x8,x2,400	  x8=0x0000014f
       14025000	      1303	80008eca	039e71b3	remu	x3,x28,x25	 x28:0x7ffda31c x25:0xffffffff  x3=0x7ffda31c
       14035000	      1304	80008ece	cb19	c.beqz	x14,80008ee4	 x14:0xffffffff
       14045000	      1305	80008ed0	00ae0c63	beq	x28,x10,80008ee8	 x28:0x7ffda31c x10:0x00000001
       14085000	      1309	80008ed4	034db233	mulhu	x4,x27,x20	 x27:0xfffffffe x20:0x00000000  x4=0x00000000
       14095000	      1310	80008ed8	e399	c.bnez	x15,80008ede	 x15:0x00000000
       14105000	      1311	80008eda	41d5d793	srai	x15,x11,0x1d	 x11:0x80021e58 x15=0xfffffffc
       14115000	      1312	80008ede	1dfd	c.addi	x27,-1	 x27:0xfffffffe x27=0xfffffffd
       14125000	      1313	80008ee0	34069273	csrrw	x4,mscratch,x13	 x13:0x80025ce0  x4=0x00000017
       14145000	      1315	80008ee4	020c7833	remu	x16,x24,x0	 x24:0x80025ce4  x0:0x00000000 x16=0x80025ce4
       14155000	      1316	80008ee8	1bfd	c.addi	x23,-1	 x23:0x00000001 x23=0x00000000
       14165000	      1317	80008eea	0001	c.addi	x0,0	  x0:0x00000000  x0=0x00000000
       14175000	      1318	80008eec	00c21293	slli	x5,x4,0xc	  x4:0x00000017  x5=0x00017000
       14185000	      1319	80008ef0	8e51	c.or	x12,x12	 x12:0x0000012f x12:0x0000012f x12=0x0000012f
       14195000	      1320	80008ef2	0ff0000f	fence	iorw,iorw	
       14205000	      1321	80008ef6	867d	c.srai	x12,0x1f	 x12:0x0000012f x12=0x00000000
       14215000	      1322	80008ef8	6169	c.addi16sp	x2,208	  x2:0xffffffbf  x2=0x0000008f
       14225000	      1323	80008efa	60a5	c.lui	x1,0x9	  x1=0x00009000
       14235000	      1324	80008efc	340cd573	csrrwi	x10,mscratch,25	 x10=0x80025ce0
       14245000	      1325	80008f00	527d	c.li	x4,-1	  x4=0xffffffff
       14255000	      1326	80008f02	00478d33	add	x26,x15,x4	 x15:0xfffffffc  x4:0xffffffff x26=0xfffffffb
       14265000	      1327	80008f06	9f3e	c.add	x30,x15	 x30:0x00000000 x15:0xfffffffc x30=0xfffffffc
       14275000	      1328	80008f08	41a80033	sub	x0,x16,x26	 x16:0x80025ce4 x26:0xfffffffb  x0=0x00000000
       14285000	      1329	80008f0c	45306213	ori	x4,x0,1107	  x0:0x00000000  x4=0x00000453
       14295000	      1330	80008f10	6e55	c.lui	x28,0x15	 x28=0x00015000
       14315000	      1332	80008f12	03324433	div	x8,x4,x19	  x4:0x00000453 x19:0x00000000  x8=0xffffffff
       14325000	      1333	80008f16	8299	c.srli	x13,0x6	 x13:0x80025ce0 x13=0x02000973
       14335000	      1334	80008f18	00c997b3	sll	x15,x19,x12	 x19:0x00000000 x12:0x00000000 x15=0x00000000
       14345000	      1335	80008f1c	0000100f	fence.i	
       14365000	      1337	80008f20	010492b3	sll	x5,x9,x16	  x9:0x00000001 x16:0x80025ce4  x5=0x00000010
       14375000	      1338	80008f24	418c84b3	sub	x9,x25,x24	 x25:0xffffffff x24:0x80025ce4  x9=0x7ffda31b
       14385000	      1339	80008f28	010a6263	bltu	x20,x16,80008f2c	 x20:0x00000000 x16:0x80025ce4
       14405000	      1341	80008f2c	01af32b3	sltu	x5,x30,x26	 x30:0xfffffffc x26:0xfffffffb  x5=0x00000000
       14415000	      1342	80008f30	40985ab3	sra	x21,x16,x9	 x16:0x80025ce4  x9:0x7ffda31b x21=0xfffffff0
       14425000	      1343	80008f34	c209	c.beqz	x12,80008f36	 x12:0x00000000
       14455000	      1346	80008f36	02bcf563	bgeu	x25,x11,80008f60	 x25:0xffffffff x11:0x80021e58
       14475000	      1348	80008f60	8f6d	c.and	x14,x11	 x14:0xffffffff x11:0x80021e58 x14=0x80021e58
       14485000	      1349	80008f62	017136b3	sltu	x13,x2,x23	  x2:0x0000008f x23:0x00000000 x13=0x00000000
       14515000	      1352	80008f66	03408933	mul	x18,x1,x20	  x1:0x00009000 x20:0x00000000 x18=0x00000000
       14525000	      1353	80008f6a	0ff0000f	fence	iorw,iorw	
       14895000	      1390	80008f6e	03fb4033	div	x0,x22,x31	 x22:0x80025ce4 x31:0x80025ce4  x0=0x00000000
       14905000	      1391	80008f72	f8c1d1b7	lui	x3,0xf8c1d	  x3=0xf8c1d000
       14915000	      1392	80008f76	14bbe393	ori	x7,x23,331	 x23:0x00000000  x7=0x0000014b
       14925000	      1393	80008f7a	50fd	c.li	x1,-1	  x1=0xffffffff
       14935000	      1394	80008f7c	41010d33	sub	x26,x2,x16	  x2:0x0000008f x16:0x80025ce4 x26=0x7ffda3ab
       14945000	      1395	80008f80	0a75	c.addi	x20,29	 x20:0x00000000 x20=0x0000001d
       14955000	      1396	80008f82	5fce0c93	addi	x25,x28,1532	 x28:0x00015000 x25=0x000155fc
       14965000	      1397	80008f86	03625e63	bge	x4,x22,80008fc2	  x4:0x00000453 x22:0x80025ce4
       14995000	      1400	80008fc2	75a0fb93	andi	x23,x1,1882	  x1:0xffffffff x23=0x0000075a
       15005000	      1401	80008fc6	0184dcb3	srl	x25,x9,x24	  x9:0x7ffda31b x24:0x80025ce4 x25=0x07ffda31
       15015000	      1402	80008fca	840d	c.srai	x8,0x3	  x8:0xffffffff  x8=0xffffffff
       15055000	      1406	80008fcc	03d614b3	mulh	x9,x12,x29	 x12:0x00000000 x29:0x000004e4  x9=0x00000000
       15065000	      1407	80008fd0	41bad493	srai	x9,x21,0x1b	 x21:0xfffffff0  x9=0xffffffff
       15075000	      1408	80008fd4	004be9b3	or	x19,x23,x4	 x23:0x0000075a  x4:0x00000453 x19=0x0000075b
       15085000	      1409	80008fd8	00335013	srli	x0,x6,0x3	  x6:0x00000000  x0=0x00000000
       15095000	      1410	80008fdc	41f88033	sub	x0,x17,x31	 x17:0x80025ce4 x31:0x80025ce4  x0=0x00000000
       15115000	      1412	80008fe0	020b43b3	div	x7,x22,x0	 x22:0x80025ce4  x0:0x00000000  x7=0xffffffff
       15125000	      1413	80008fe4	0000100f	fence.i	
       15145000	      1415	80008fe8	3407a973	csrrs	x18,mscratch,x15	 x15:0x00000000 x18=0x00000019
       15155000	      1416	80008fec	c79d	c.beqz	x15,8000901a	 x15:0x00000000
       15545000	      1455	8000901a	03d5deb3	divu	x29,x11,x29	 x11:0x80021e58 x29:0x000004e4 x29=0x001a2c99
       15555000	      1456	8000901e	e955bf13	sltiu	x30,x11,-363	 x11:0x80021e58 x30=0x00000001
       15565000	      1457	80009022	01df1513	slli	x10,x30,0x1d	 x30:0x00000001 x10=0x20000000
       15575000	      1458	80009026	00291663	bne	x18,x2,80009032	 x18:0x00000019  x2:0x0000008f
       15595000	      1460	80009032	8e11	c.sub	x12,x12	 x12:0x00000000 x12:0x00000000 x12=0x00000000
       15605000	      1461	80009034	01b9f563	bgeu	x19,x27,8000903e	 x19:0x0000075b x27:0xfffffffd
       15615000	      1462	80009038	0b62	c.slli	x22,0x18	 x22:0x80025ce4 x22=0xe4000000
       15625000	      1463	8000903a	0000100f	fence.i	
       16015000	      1502	8000903e	023ed733	divu	x14,x29,x3	 x29:0x001a2c99  x3:0xf8c1d000 x14=0x00000000
       16025000	      1503	80009042	340fb1f3	csrrc	x3,mscratch,x31	 x31:0x80025ce4  x3=0x00000019
       16035000	      1504	80009046	0e8e	c.slli	x29,0x3	 x29:0x001a2c99 x29=0x00d164c8
       16045000	      1505	80009048	013fbdb3	sltu	x27,x31,x19	 x31:0x80025ce4 x19:0x0000075b x27=0x00000000
       16085000	      1509	8000904c	03a91433	mulh	x8,x18,x26	 x18:0x00000019 x26:0x7ffda3ab  x8=0x0000000c
       16095000	      1510	80009050	c9a0b693	sltiu	x13,x1,-870	  x1:0xffffffff x13=0x00000000
       16105000	      1511	80009054	c489	c.beqz	x9,8000905e	  x9:0xffffffff
       16115000	      1512	80009056	4175d093	srai	x1,x11,0x17	 x11:0x80021e58  x1=0xffffff00
       16125000	      1513	8000905a	34006773	csrrsi	x14,mscratch,0	 x14=0x00000019
       16495000	      1550	8000905e	029b67b3	rem	x15,x22,x9	 x22:0xe4000000  x9:0xffffffff x15=0x00000000
       16505000	      1551	80009062	6316c113	xori	x2,x13,1585	 x13:0x00000000  x2=0x00000631
       16875000	      1588	80009066	0243d6b3	divu	x13,x7,x4	  x7:0xffffffff  x4:0x00000453 x13=0x003b3391
       16885000	      1589	8000906a	01805113	srli	x2,x0,0x18	  x0:0x00000000  x2=0x00000000
       16895000	      1590	8000906e	69b1	c.lui	x19,0xc	 x19=0x0000c000
       16915000	      1592	80009070	025e7833	remu	x16,x28,x5	 x28:0x00015000  x5:0x00000000 x16=0x00015000
       16925000	      1593	80009074	8b01	c.andi	x14,0	 x14:0x00000019 x14=0x00000000
       16935000	      1594	80009076	01d134b3	sltu	x9,x2,x29	  x2:0x00000000 x29:0x00d164c8  x9=0x00000001
       16945000	      1595	8000907a	717d	c.addi16sp	x2,-16	  x2:0x00000000  x2=0xfffffff0
       16955000	      1596	8000907c	8ef5	c.and	x13,x13	 x13:0x003b3391 x13:0x003b3391 x13=0x003b3391
       16965000	      1597	8000907e	002b9b13	slli	x22,x23,0x2	 x23:0x0000075a x22=0x00001d68
       16975000	      1598	80009082	ee1d	c.bnez	x12,800090c0	 x12:0x00000000
       16985000	      1599	80009084	010dd433	srl	x8,x27,x16	 x27:0x00000000 x16:0x00015000  x8=0x00000000
       17015000	      1602	80009088	023f0933	mul	x18,x30,x3	 x30:0x00000001  x3:0x00000019 x18=0x00000019
       17025000	      1603	8000908c	340adcf3	csrrwi	x25,mscratch,21	 x25=0x00000019
       17035000	      1604	80009090	02b38663	beq	x7,x11,800090bc	  x7:0xffffffff x11:0x80021e58
       17045000	      1605	80009094	855d	c.srai	x10,0x17	 x10:0x20000000 x10=0x00000040
       17055000	      1606	80009096	00823eb3	sltu	x29,x4,x8	  x4:0x00000453  x8:0x00000000 x29=0x00000000
       17065000	      1607	8000909a	9f58e193	ori	x3,x17,-1547	 x17:0x80025ce4  x3=0xfffffdf5
       17075000	      1608	8000909e	8ade	c.mv	x21,x23	  x0:0x00000000 x23:0x0000075a x21=0x0000075a
       17085000	      1609	800090a0	8489	c.srai	x9,0x2	  x9:0x00000001  x9=0x00000000
       17455000	      1646	800090a2	02234633	div	x12,x6,x2	  x6:0x00000000  x2:0xfffffff0 x12=0x00000000
       17465000	      1647	800090a6	406d0033	sub	x0,x26,x6	 x26:0x7ffda3ab  x6:0x00000000  x0=0x00000000
       17475000	      1648	800090aa	0bfaa413	slti	x8,x21,191	 x21:0x0000075a  x8=0x00000000
       17485000	      1649	800090ae	0001	c.addi	x0,0	  x0:0x00000000  x0=0x00000000
       17495000	      1650	800090b0	00afe633	or	x12,x31,x10	 x31:0x80025ce4 x10:0x00000040 x12=0x80025ce4
       17505000	      1651	800090b4	f3462793	slti	x15,x12,-204	 x12:0x80025ce4 x15=0x00000001
       17515000	      1652	800090b8	046c8263	beq	x25,x6,800090fc	 x25:0x00000019  x6:0x00000000
       17525000	      1653	800090bc	3400a573	csrrs	x10,mscratch,x1	  x1:0xffffff00 x10=0x00000015
       17535000	      1654	800090c0	41acd893	srai	x17,x25,0x1a	 x25:0x00000019 x17=0x00000000
       17575000	      1658	800090c4	02f43133	mulhu	x2,x8,x15	  x8:0x00000000 x15:0x00000001  x2=0x00000000
       17585000	      1659	800090c8	8742	c.mv	x14,x16	  x0:0x00000000 x16:0x00015000 x14=0x00015000
       17595000	      1660	800090ca	8f39	c.xor	x14,x14	 x14:0x00015000 x14:0x00015000 x14=0x00000000
       17605000	      1661	800090cc	43918893	addi	x17,x3,1081	  x3:0xfffffdf5 x17=0x0000022e
       17615000	      1662	800090d0	8d51	c.or	x10,x12	 x10:0x00000015 x12:0x80025ce4 x10=0x80025cf5
       17625000	      1663	800090d2	007a1693	slli	x13,x20,0x7	 x20:0x0000001d x13=0x00000e80
       17635000	      1664	800090d6	340391f3	csrrw	x3,mscratch,x7	  x7:0xffffffff  x3=0xffffff15
       17655000	      1666	800090da	020076b3	remu	x13,x0,x0	  x0:0x00000000  x0:0x00000000 x13=0x00000000
       17665000	      1667	800090de	0a56	c.slli	x20,0x15	 x20:0x0000001d x20=0x03a00000
       17675000	      1668	800090e0	340021f3	csrrs	x3,mscratch,x0	  x0:0x00000000  x3=0xffffffff
       17685000	      1669	800090e4	3406a8f3	csrrs	x17,mscratch,x13	 x13:0x00000000 x17=0xffffffff
       17695000	      1670	800090e8	79410913	addi	x18,x2,1940	  x2:0x00000000 x18=0x00000794
       17705000	      1671	800090ec	41d4d733	sra	x14,x9,x29	  x9:0x00000000 x29:0x00000000 x14=0x00000000
       17715000	      1672	800090f0	340fadf3	csrrs	x27,mscratch,x31	 x31:0x80025ce4 x27=0xffffffff
       17725000	      1673	800090f4	8529	c.srai	x10,0xa	 x10:0x80025cf5 x10=0xffe00097
       17735000	      1674	800090f6	402f3b93	sltiu	x23,x30,1026	 x30:0x00000001 x23=0x00000001
       17745000	      1675	800090fa	88fa	c.mv	x17,x30	  x0:0x00000000 x30:0x00000001 x17=0x00000001
       17755000	      1676	800090fc	40845b13	srai	x22,x8,0x8	  x8:0x00000000 x22=0x00000000
       17765000	      1677	80009100	41fa00b3	sub	x1,x20,x31	 x20:0x03a00000 x31:0x80025ce4  x1=0x839da31c
       17775000	      1678	80009104	40785933	sra	x18,x16,x7	 x16:0x00015000  x7:0xffffffff x18=0x00000000
       17785000	      1679	80009108	34051a73	csrrw	x20,mscratch,x10	 x10:0xffe00097 x20=0xffffffff
       17795000	      1680	8000910c	0ac8e617	auipc	x12,0xac8e	 x12=0x8ac9710c
       17805000	      1681	80009110	035e4563	blt	x28,x21,8000913a	 x28:0x00015000 x21:0x0000075a
       17815000	      1682	80009114	6db90f13	addi	x30,x18,1755	 x18:0x00000000 x30=0x000006db
       17825000	      1683	80009118	41525133	sra	x2,x4,x21	  x4:0x00000453 x21:0x0000075a  x2=0x00000000
       17835000	      1684	8000911c	0001	c.addi	x0,0	  x0:0x00000000  x0=0x00000000
       17845000	      1685	8000911e	9b7d	c.andi	x14,-1	 x14:0x00000000 x14=0x00000000
       17855000	      1686	80009120	0001	c.addi	x0,0	  x0:0x00000000  x0=0x00000000
       17865000	      1687	80009122	017483b3	add	x7,x9,x23	  x9:0x00000000 x23:0x00000001  x7=0x00000001
       17875000	      1688	80009126	340039f3	csrrc	x19,mscratch,x0	  x0:0x00000000 x19=0xffe00097
       17885000	      1689	8000912a	0000100f	fence.i	
       17905000	      1691	8000912e	6dad	c.lui	x27,0xb	 x27=0x0000b000
       17915000	      1692	80009130	40b68633	sub	x12,x13,x11	 x13:0x00000000 x11:0x80021e58 x12=0x7ffde1a8
       17925000	      1693	80009134	01acdd93	srli	x27,x25,0x1a	 x25:0x00000019 x27=0x00000000
       17935000	      1694	80009138	0001	c.addi	x0,0	  x0:0x00000000  x0=0x00000000
       17945000	      1695	8000913a	007956b3	srl	x13,x18,x7	 x18:0x00000000  x7:0x00000001 x13=0x00000000
       17955000	      1696	8000913e	cc123f13	sltiu	x30,x4,-831	  x4:0x00000453 x30=0x00000001
       17995000	      1700	80009142	02409cb3	mulh	x25,x1,x4	  x1:0x839da31c  x4:0x00000453 x25=0xfffffde6
       18005000	      1701	80009146	029f9563	bne	x31,x9,80009170	 x31:0x80025ce4  x9:0x00000000
       18025000	      1703	80009170	41608633	sub	x12,x1,x22	  x1:0x839da31c x22:0x00000000 x12=0x839da31c
       18035000	      1704	80009174	013d6233	or	x4,x26,x19	 x26:0x7ffda3ab x19:0xffe00097  x4=0xfffda3bf
       18045000	      1705	80009178	0ff0000f	fence	iorw,iorw	
       18055000	      1706	8000917c	00d28f63	beq	x5,x13,8000919a	  x5:0x00000000 x13:0x00000000
       18085000	      1709	8000919a	4077d613	srai	x12,x15,0x7	 x15:0x00000001 x12=0x00000000
       18095000	      1710	8000919e	011eaa33	slt	x20,x29,x17	 x29:0x00000000 x17:0x00000001 x20=0x00000001
       18125000	      1713	800091a2	03318433	mul	x8,x3,x19	  x3:0xffffffff x19:0xffe00097  x8=0x001fff69
       18135000	      1714	800091a6	00349c33	sll	x24,x9,x3	  x9:0x00000000  x3:0xffffffff x24=0x00000000
       18145000	      1715	800091aa	1180	c.addi4spn	x8,x2,224	  x8=0x000000e0
       18515000	      1752	800091ac	030c6bb3	rem	x23,x24,x16	 x24:0x00000000 x16:0x00015000 x23=0x00000000
       18525000	      1753	800091b0	40ee56b3	sra	x13,x28,x14	 x28:0x00015000 x14:0x00000000 x13=0x00015000
       18565000	      1757	800091b4	031298b3	mulh	x17,x5,x17	  x5:0x00000000 x17:0x00000001 x17=0x00000000
       18575000	      1758	800091b8	340e56f3	csrrwi	x13,mscratch,28	 x13=0xffe00097
       18585000	      1759	800091bc	00a98463	beq	x19,x10,800091c4	 x19:0xffe00097 x10:0xffe00097
       18615000	      1762	800091c4	03806cb3	rem	x25,x0,x24	  x0:0x00000000 x24:0x00000000 x25=0x00000000
       18625000	      1763	800091c8	04d2	c.slli	x9,0x14	  x9:0x00000000  x9=0x00000000
       18635000	      1764	800091ca	0f61	c.addi	x30,24	 x30:0x00000001 x30=0x00000019
       18645000	      1765	800091cc	015b5d63	bge	x22,x21,800091e6	 x22:0x00000000 x21:0x0000075a
       18655000	      1766	800091d0	8e05	c.sub	x12,x9	 x12:0x00000000  x9:0x00000000 x12=0x00000000
       18665000	      1767	800091d2	01dccb33	xor	x22,x25,x29	 x25:0x00000000 x29:0x00000000 x22=0x00000000
       18675000	      1768	800091d6	004e8c33	add	x24,x29,x4	 x29:0x00000000  x4:0xfffda3bf x24=0xfffda3bf
       18685000	      1769	800091da	340b9173	csrrw	x2,mscratch,x23	 x23:0x00000000  x2=0x0000001c
       18695000	      1770	800091de	00d6b133	sltu	x2,x13,x13	 x13:0xffe00097 x13:0xffe00097  x2=0x00000000
       18705000	      1771	800091e2	93ad2413	slti	x8,x26,-1734	 x26:0x7ffda3ab  x8=0x00000000
       18715000	      1772	800091e6	8fd1	c.or	x15,x12	 x15:0x00000001 x12:0x00000000 x15=0x00000001
       18725000	      1773	800091e8	0001	c.addi	x0,0	  x0:0x00000000  x0=0x00000000
       18735000	      1774	800091ea	02966b63	bltu	x12,x9,80009220	 x12:0x00000000  x9:0x00000000
       18745000	      1775	800091ee	00cb49b3	xor	x19,x22,x12	 x22:0x00000000 x12:0x00000000 x19=0x00000000
       19115000	      1812	800091f2	02fae0b3	rem	x1,x21,x15	 x21:0x0000075a x15:0x00000001  x1=0x00000000
       19145000	      1815	800091f6	03b583b3	mul	x7,x11,x27	 x11:0x80021e58 x27:0x00000000  x7=0x00000000
       19155000	      1816	800091fa	9962	c.add	x18,x24	 x18:0x00000000 x24:0xfffda3bf x18=0xfffda3bf
       19525000	      1853	800091fc	023ae6b3	rem	x13,x21,x3	 x21:0x0000075a  x3:0xffffffff x13=0x00000000
       19535000	      1854	80009200	00580263	beq	x16,x5,80009204	 x16:0x00015000  x5:0x00000000
       19565000	      1857	80009204	02c284b3	mul	x9,x5,x12	  x5:0x00000000 x12:0x00000000  x9=0x00000000
       19575000	      1858	80009208	443ba793	slti	x15,x23,1091	 x23:0x00000000 x15=0x00000001
       19585000	      1859	8000920c	011a5263	bge	x20,x17,80009210	 x20:0x00000001 x17:0x00000000
       19605000	      1861	80009210	0345fe63	bgeu	x11,x20,8000924c	 x11:0x80021e58 x20:0x00000001
       19625000	      1863	8000924c	00c81833	sll	x16,x16,x12	 x16:0x00015000 x12:0x00000000 x16=0x00015000
       19635000	      1864	80009250	34003f73	csrrc	x30,mscratch,x0	  x0:0x00000000 x30=0x00000000
       19645000	      1865	80009254	0031fc33	and	x24,x3,x3	  x3:0xffffffff  x3:0xffffffff x24=0xffffffff
       19655000	      1866	80009258	87ad	c.srai	x15,0xb	 x15:0x00000001 x15=0x00000000
       19665000	      1867	8000925a	01ac2c33	slt	x24,x24,x26	 x24:0xffffffff x26:0x7ffda3ab x24=0x00000001
       19675000	      1868	8000925e	0001	c.addi	x0,0	  x0:0x00000000  x0=0x00000000
       19685000	      1869	80009260	e489	c.bnez	x9,8000926a	  x9:0x00000000
       19695000	      1870	80009262	8fa5	c.xor	x15,x9	 x15:0x00000000  x9:0x00000000 x15=0x00000000
       19705000	      1871	80009264	01dbdb63	bge	x23,x29,8000927a	 x23:0x00000000 x29:0x00000000
       19745000	      1875	8000927a	0338e833	rem	x16,x17,x19	 x17:0x00000000 x19:0x00000000 x16=0x00000000
       19755000	      1876	8000927e	01abd1b3	srl	x3,x23,x26	 x23:0x00000000 x26:0x7ffda3ab  x3=0x00000000
       19765000	      1877	80009282	0000100f	fence.i	
       19795000	      1880	80009286	012dc9b3	xor	x19,x27,x18	 x27:0x00000000 x18:0xfffda3bf x19=0xfffda3bf
       19805000	      1881	8000928a	340fa1f3	csrrs	x3,mscratch,x31	 x31:0x80025ce4  x3=0x00000000
       19845000	      1885	8000928e	02409eb3	mulh	x29,x1,x4	  x1:0x00000000  x4:0xfffda3bf x29=0x00000000
       19855000	      1886	80009292	8969	c.andi	x10,26	 x10:0xffe00097 x10=0x00000012
       19865000	      1887	80009294	0001	c.addi	x0,0	  x0:0x00000000  x0=0x00000000
       19875000	      1888	80009296	0aba	c.slli	x21,0xe	 x21:0x0000075a x21=0x01d68000
       19885000	      1889	80009298	004e6b33	or	x22,x28,x4	 x28:0x00015000  x4:0xfffda3bf x22=0xfffdf3bf
       19915000	      1892	8000929c	03e00db3	mul	x27,x0,x30	  x0:0x00000000 x30:0x00000000 x27=0x00000000
       19925000	      1893	800092a0	8d79	c.and	x10,x14	 x10:0x00000012 x14:0x00000000 x10=0x00000000
       19945000	      1895	800092a2	03e3c533	div	x10,x7,x30	  x7:0x00000000 x30:0x00000000 x10=0xffffffff
       19955000	      1896	800092a6	8c9d	c.sub	x9,x15	  x9:0x00000000 x15:0x00000000  x9=0x00000000
       19965000	      1897	800092a8	01d61463	bne	x12,x29,800092b0	 x12:0x00000000 x29:0x00000000
       19975000	      1898	800092ac	415b5193	srai	x3,x22,0x15	 x22:0xfffdf3bf  x3=0xffffffff
       19985000	      1899	800092b0	0498	c.addi4spn	x14,x2,576	 x14=0x00000240
       19995000	      1900	800092b2	014c2933	slt	x18,x24,x20	 x24:0x00000001 x20:0x00000001 x18=0x00000000
       20005000	      1901	800092b6	defd7393	andi	x7,x26,-529	 x26:0x7ffda3ab  x7=0x7ffda1ab
       20015000	      1902	800092ba	0ff0000f	fence	iorw,iorw	
       20025000	      1903	800092be	0001	c.addi	x0,0	  x0:0x00000000  x0=0x00000000
       20035000	      1904	800092c0	5c7e2793	slti	x15,x28,1479	 x28:0x00015000 x15=0x00000000
       20045000	      1905	800092c4	01f1ec63	bltu	x3,x31,800092dc	  x3:0xffffffff x31:0x80025ce4
       20055000	      1906	800092c8	340069f3	csrrsi	x19,mscratch,0	 x19=0x80025ce4
       20065000	      1907	800092cc	3400a7f3	csrrs	x15,mscratch,x1	  x1:0x00000000 x15=0x80025ce4
       20075000	      1908	800092d0	8c8d	c.sub	x9,x11	  x9:0x00000000 x11:0x80021e58  x9=0x7ffde1a8
       20085000	      1909	800092d2	c1c00793	addi	x15,x0,-996	  x0:0x00000000 x15=0xfffffc1c
       20095000	      1910	800092d6	caae0f17	auipc	x30,0xcaae0	 x30=0x4aae92d6
       20105000	      1911	800092da	8cd9	c.or	x9,x14	  x9:0x7ffde1a8 x14:0x00000240  x9=0x7ffde3e8
       20115000	      1912	800092dc	0c0a	c.slli	x24,0x2	 x24:0x00000001 x24=0x00000004
       20125000	      1913	800092de	6155	c.addi16sp	x2,304	  x2:0x00000000  x2=0x00000130
       20495000	      1950	800092e0	036447b3	div	x15,x8,x22	  x8:0x00000000 x22:0xfffdf3bf x15=0x00000000
       20535000	      1954	800092e4	032114b3	mulh	x9,x2,x18	  x2:0x00000130 x18:0x00000000  x9=0x00000000
       20545000	      1955	800092e8	001b31b3	sltu	x3,x22,x1	 x22:0xfffdf3bf  x1:0x00000000  x3=0x00000000
       20555000	      1956	800092ec	089c	c.addi4spn	x15,x2,80	 x15=0x00000180
       20925000	      1993	800092ee	02bb78b3	remu	x17,x22,x11	 x22:0xfffdf3bf x11:0x80021e58 x17=0x7ffbd567
       20935000	      1994	800092f2	c891	c.beqz	x9,80009306	  x9:0x00000000
       20955000	      1996	80009306	8b79	c.andi	x14,30	 x14:0x00000240 x14=0x00000000
       20965000	      1997	80009308	8051	c.srli	x8,0x14	  x8:0x00000000  x8=0x00000000
       20975000	      1998	8000930a	8e3e7113	andi	x2,x28,-1821	 x28:0x00015000  x2=0x00015000
       20985000	      1999	8000930e	023c6663	bltu	x24,x3,8000933a	 x24:0x00000004  x3:0x00000000
       20995000	      2000	80009312	007e2ab3	slt	x21,x28,x7	 x28:0x00015000  x7:0x7ffda1ab x21=0x00000001
       21005000	      2001	80009316	0ff0000f	fence	iorw,iorw	
       21375000	      2038	8000931a	024eeeb3	rem	x29,x29,x4	 x29:0x00000000  x4:0xfffda3bf x29=0x00000000
       21385000	      2039	8000931e	0125b133	sltu	x2,x11,x18	 x11:0x80021e58 x18:0x00000000  x2=0x00000000
       21755000	      2076	80009322	02be5d33	divu	x26,x28,x11	 x28:0x00015000 x11:0x80021e58 x26=0x00000000
       21765000	      2077	80009326	022af863	bgeu	x21,x2,80009356	 x21:0x00000001  x2:0x00000000
       21785000	      2079	80009356	9a7d	c.andi	x12,-1	 x12:0x00000000 x12=0x00000000
       21795000	      2080	80009358	80c1	c.srli	x9,0x10	  x9:0x00000000  x9=0x00000000
       21805000	      2081	8000935a	014d6c63	bltu	x26,x20,80009372	 x26:0x00000000 x20:0x00000001
       21835000	      2084	80009372	01e3acb3	slt	x25,x7,x30	  x7:0x7ffda1ab x30:0x4aae92d6 x25=0x00000000
       21845000	      2085	80009376	0104d763	bge	x9,x16,80009384	  x9:0x00000000 x16:0x00000000
       21865000	      2087	80009384	c285	c.beqz	x13,800093a4	 x13:0x00000000
       21885000	      2089	800093a4	43192237	lui	x4,0x43192	  x4=0x43192000
       21895000	      2090	800093a8	8d11	c.sub	x10,x12	 x10:0xffffffff x12:0x00000000 x10=0xffffffff
       21905000	      2091	800093aa	01af9263	bne	x31,x26,800093ae	 x31:0x80025ce4 x26:0x00000000
       21925000	      2093	800093ae	e219	c.bnez	x12,800093b4	 x12:0x00000000
       21935000	      2094	800093b0	0ff0000f	fence	iorw,iorw	
       21945000	      2095	800093b4	00a4be33	sltu	x28,x9,x10	  x9:0x00000000 x10:0xffffffff x28=0x00000001
       21955000	      2096	800093b8	0762	c.slli	x14,0x18	 x14:0x00000000 x14=0x00000000
       21975000	      2098	800093ba	0393f833	remu	x16,x7,x25	  x7:0x7ffda1ab x25:0x00000000 x16=0x7ffda1ab
       21995000	      2100	800093be	02d87db3	remu	x27,x16,x13	 x16:0x7ffda1ab x13:0x00000000 x27=0x7ffda1ab
       22005000	      2101	800093c2	04b50063	beq	x10,x11,80009402	 x10:0xffffffff x11:0x80021e58
       22015000	      2102	800093c6	34006a73	csrrsi	x20,mscratch,0	 x20=0x80025ce4
       22025000	      2103	800093ca	41ec0eb3	sub	x29,x24,x30	 x24:0x00000004 x30:0x4aae92d6 x29=0xb5516d2e
       22035000	      2104	800093ce	01151013	slli	x0,x10,0x11	 x10:0xffffffff  x0=0x00000000
       22045000	      2105	800093d2	00520c63	beq	x4,x5,800093ea	  x4:0x43192000  x5:0x00000000
       22055000	      2106	800093d6	0504	c.addi4spn	x9,x2,640	  x9=0x00000280
       22075000	      2108	800093d8	0393c0b3	div	x1,x7,x25	  x7:0x7ffda1ab x25:0x00000000  x1=0xffffffff
       22085000	      2109	800093dc	f5d3e493	ori	x9,x7,-163	  x7:0x7ffda1ab  x9=0xffffffff
       22095000	      2110	800093e0	48e1	c.li	x17,24	 x17=0x00000018
       22105000	      2111	800093e2	ac307513	andi	x10,x0,-1341	  x0:0x00000000 x10=0x00000000
       22115000	      2112	800093e6	001f60b3	or	x1,x30,x1	 x30:0x4aae92d6  x1:0xffffffff  x1=0xffffffff
       22125000	      2113	800093ea	34046e73	csrrsi	x28,mscratch,8	 x28=0x80025ce4
       22135000	      2114	800093ee	ca15	c.beqz	x12,80009422	 x12:0x00000000
       22165000	      2117	80009422	39878c93	addi	x25,x15,920	 x15:0x00000180 x25=0x00000518
       22205000	      2121	80009426	02ccb4b3	mulhu	x9,x25,x12	 x25:0x00000518 x12:0x00000000  x9=0x00000000
       22245000	      2125	8000942a	02ecaf33	mulhsu	x30,x25,x14	 x25:0x00000518 x14:0x00000000 x30=0x00000000
       22255000	      2126	8000942e	03f24563	blt	x4,x31,80009458	  x4:0x43192000 x31:0x80025ce4
       22265000	      2127	80009432	012d	c.addi	x2,11	  x2:0x00000000  x2=0x0000000b
       22275000	      2128	80009434	02dc1563	bne	x24,x13,8000945e	 x24:0x00000004 x13:0x00000000
       22295000	      2130	8000945e	8071	c.srli	x8,0x1c	  x8:0x00000000  x8=0x00000000
       22305000	      2131	80009460	37840517	auipc	x10,0x37840	 x10=0xb7849460
       22345000	      2135	80009464	02ef3eb3	mulhu	x29,x30,x14	 x30:0x00000000 x14:0x00000000 x29=0x00000000
       22355000	      2136	80009468	3407ae73	csrrs	x28,mscratch,x15	 x15:0x00000180 x28=0x80025cec
       22365000	      2137	8000946c	8e15	c.sub	x12,x13	 x12:0x00000000 x13:0x00000000 x12=0x00000000
       22375000	      2138	8000946e	8d1d	c.sub	x10,x15	 x10:0xb7849460 x15:0x00000180 x10=0xb78492e0
       22385000	      2139	80009470	eb1d	c.bnez	x14,800094a6	 x14:0x00000000
       22425000	      2143	80009472	030699b3	mulh	x19,x13,x16	 x13:0x00000000 x16:0x7ffda1ab x19=0x00000000
       22435000	      2144	80009476	848d	c.srai	x9,0x3	  x9:0x00000000  x9=0x00000000
       22445000	      2145	80009478	0000100f	fence.i	
       22465000	      2147	8000947c	00aa1693	slli	x13,x20,0xa	 x20:0x80025ce4 x13=0x09739000
       22475000	      2148	80009480	54d50093	addi	x1,x10,1357	 x10:0xb78492e0  x1=0xb784982d
       22485000	      2149	80009484	8f1d	c.sub	x14,x15	 x14:0x00000000 x15:0x00000180 x14=0xfffffe80
       22495000	      2150	80009486	c5e10b13	addi	x22,x2,-930	  x2:0x0000000b x22=0xfffffc69
       22505000	      2151	8000948a	0378ce63	blt	x17,x23,800094c6	 x17:0x00000018 x23:0x00000000
       22515000	      2152	8000948e	6175	c.addi16sp	x2,368	  x2:0x0000000b  x2=0x0000017b
       22535000	      2154	80009490	037f71b3	remu	x3,x30,x23	 x30:0x00000000 x23:0x00000000  x3=0x00000000
       22545000	      2155	80009494	04ba	c.slli	x9,0xe	  x9:0x00000000  x9=0x00000000
       22555000	      2156	80009496	009c7b63	bgeu	x24,x9,800094ac	 x24:0x00000004  x9:0x00000000
       22605000	      2161	800094ac	0284a033	mulhsu	x0,x9,x8	  x9:0x00000000  x8:0x00000000  x0=0x00000000
       22615000	      2162	800094b0	01a81e63	bne	x16,x26,800094cc	 x16:0x7ffda1ab x26:0x00000000
       22635000	      2164	800094cc	92da	c.add	x5,x22	  x5:0x00000000 x22:0xfffffc69  x5=0xfffffc69
       22645000	      2165	800094ce	01ef7a33	and	x20,x30,x30	 x30:0x00000000 x30:0x00000000 x20=0x00000000
       22655000	      2166	800094d2	66c1	c.lui	x13,0x10	 x13=0x00010000
       22665000	      2167	800094d4	00b2	c.slli	x1,0xc	  x1:0xb784982d  x1=0x4982d000
       22675000	      2168	800094d6	02118663	beq	x3,x1,80009502	  x3:0x00000000  x1:0x4982d000
       22685000	      2169	800094da	e92eae93	slti	x29,x29,-366	 x29:0x00000000 x29=0x00000000
       22695000	      2170	800094de	018d1e63	bne	x26,x24,800094fa	 x26:0x00000000 x24:0x00000004
       22715000	      2172	800094fa	8f29	c.xor	x14,x10	 x14:0xfffffe80 x10:0xb78492e0 x14=0x487b6c60
       22725000	      2173	800094fc	34039273	csrrw	x4,mscratch,x7	  x7:0x7ffda1ab  x4=0x80025dec
       22735000	      2174	80009500	6a15	c.lui	x20,0x5	 x20=0x00005000
       22745000	      2175	80009502	34026df3	csrrsi	x27,mscratch,4	 x27=0x7ffda1ab
       22755000	      2176	80009506	c109	c.beqz	x10,80009508	 x10:0xb78492e0
       22765000	      2177	80009508	0ff0000f	fence	iorw,iorw	
       22775000	      2178	8000950c	0684	c.addi4spn	x9,x2,832	  x9=0x000004bb
       22785000	      2179	8000950e	340076f3	csrrci	x13,mscratch,0	 x13=0x7ffda1af
       22795000	      2180	80009512	e3bdf393	andi	x7,x27,-453	 x27:0x7ffda1ab  x7=0x7ffda02b
       22805000	      2181	80009516	006e1e93	slli	x29,x28,0x6	 x28:0x80025cec x29=0x00973b00
       22845000	      2185	8000951a	027e2833	mulhsu	x16,x28,x7	 x28:0x80025cec  x7:0x7ffda02b x16=0xc0025e5a
       22855000	      2186	8000951e	0ff0000f	fence	iorw,iorw	
       23225000	      2223	80009522	03dee733	rem	x14,x29,x29	 x29:0x00973b00 x29:0x00973b00 x14=0x00000000
       23235000	      2224	80009526	6159	c.addi16sp	x2,400	  x2:0x0000017b  x2=0x0000030b
       23245000	      2225	80009528	00a2f663	bgeu	x5,x10,80009534	  x5:0xfffffc69 x10:0xb78492e0
       23285000	      2229	80009534	03680a33	mul	x20,x16,x22	 x16:0xc0025e5a x22:0xfffffc69 x20=0xb77f4aea
       23295000	      2230	80009538	dc864013	xori	x0,x12,-568	 x12:0x00000000  x0=0x00000000
       23305000	      2231	8000953c	34007f73	csrrci	x30,mscratch,0	 x30=0x7ffda1af
       23315000	      2232	80009540	86a9	c.srai	x13,0xa	 x13:0x7ffda1af x13=0x001fff68
       23685000	      2269	80009542	036e7233	remu	x4,x28,x22	 x28:0x80025cec x22:0xfffffc69  x4=0x80025cec
       23695000	      2270	80009546	005240b3	xor	x1,x4,x5	  x4:0x80025cec  x5:0xfffffc69  x1=0x7ffda085
       23705000	      2271	8000954a	00691db3	sll	x27,x18,x6	 x18:0x00000000  x6:0x00000000 x27=0x00000000
       23735000	      2274	8000954e	03630ab3	mul	x21,x6,x22	  x6:0x00000000 x22:0xfffffc69 x21=0x00000000
       23745000	      2275	80009552	00976833	or	x16,x14,x9	 x14:0x00000000  x9:0x000004bb x16=0x000004bb
       23755000	      2276	80009556	9dd6	c.add	x27,x21	 x27:0x00000000 x21:0x00000000 x27=0x00000000
       23765000	      2277	80009558	c819	c.beqz	x8,8000956e	  x8:0x00000000
       23785000	      2279	8000956e	1988	c.addi4spn	x10,x2,240	 x10=0x000003fb
       23795000	      2280	80009570	01a11c63	bne	x2,x26,80009588	  x2:0x0000030b x26:0x00000000
       23815000	      2282	80009588	96787813	andi	x16,x16,-1689	 x16:0x000004bb x16=0x00000023
       23825000	      2283	8000958c	1a7d	c.addi	x20,-1	 x20:0xb77f4aea x20=0xb77f4ae9
       23835000	      2284	8000958e	340e1cf3	csrrw	x25,mscratch,x28	 x28:0x80025cec x25=0x7ffda1af
       23845000	      2285	80009592	05936693	ori	x13,x6,89	  x6:0x00000000 x13=0x00000059
       23855000	      2286	80009596	f2ac3093	sltiu	x1,x24,-214	 x24:0x00000004  x1=0x00000001
       23865000	      2287	8000959a	3408e9f3	csrrsi	x19,mscratch,17	 x19=0x80025cec
       23875000	      2288	8000959e	01c5a033	slt	x0,x11,x28	 x11:0x80021e58 x28:0x80025cec  x0=0x00000000
       23885000	      2289	800095a2	0dc1	c.addi	x27,16	 x27:0x00000000 x27=0x00000010
       23895000	      2290	800095a4	0177dcb3	srl	x25,x15,x23	 x15:0x00000180 x23:0x00000000 x25=0x00000180
       23905000	      2291	800095a8	01068eb3	add	x29,x13,x16	 x13:0x00000059 x16:0x00000023 x29=0x0000007c
       23915000	      2292	800095ac	c69d	c.beqz	x13,800095da	 x13:0x00000059
       23925000	      2293	800095ae	02464963	blt	x12,x4,800095e0	 x12:0x00000000  x4:0x80025cec
       23935000	      2294	800095b2	01a75f33	srl	x30,x14,x26	 x14:0x00000000 x26:0x00000000 x30=0x00000000
       23945000	      2295	800095b6	1b49b793	sltiu	x15,x19,436	 x19:0x80025cec x15=0x00000000
       23955000	      2296	800095ba	e040f797	auipc	x15,0xe040f	 x15=0x604185ba
       23995000	      2300	800095be	02a09433	mulh	x8,x1,x10	  x1:0x00000001 x10:0x000003fb  x8=0x00000000
       24005000	      2301	800095c2	e3d8ac97	auipc	x25,0xe3d8a	 x25=0x63d935c2
       24375000	      2338	800095c6	03dc61b3	rem	x3,x24,x29	 x24:0x00000004 x29:0x0000007c  x3=0x00000004
       24385000	      2339	800095ca	d0dc7093	andi	x1,x24,-755	 x24:0x00000004  x1=0x00000004
       24395000	      2340	800095ce	340030f3	csrrc	x1,mscratch,x0	  x0:0x00000000  x1=0x80025cfd
       24405000	      2341	800095d2	0001	c.addi	x0,0	  x0:0x00000000  x0=0x00000000
       24415000	      2342	800095d4	8e66	c.mv	x28,x25	  x0:0x00000000 x25:0x63d935c2 x28=0x63d935c2
       24425000	      2343	800095d6	340074f3	csrrci	x9,mscratch,0	  x9=0x80025cfd
       24435000	      2344	800095da	03538763	beq	x7,x21,80009608	  x7:0x7ffda02b x21:0x00000000
       24445000	      2345	800095de	8c25	c.xor	x8,x9	  x8:0x00000000  x9:0x80025cfd  x8=0x80025cfd
       24455000	      2346	800095e0	34041df3	csrrw	x27,mscratch,x8	  x8:0x80025cfd x27=0x80025cfd
       24475000	      2348	800095e4	0374fbb3	remu	x23,x9,x23	  x9:0x80025cfd x23:0x00000000 x23=0x80025cfd
       24845000	      2385	800095e8	02b0d1b3	divu	x3,x1,x11	  x1:0x80025cfd x11:0x80021e58  x3=0x00000001
       24855000	      2386	800095ec	019eccb3	xor	x25,x29,x25	 x29:0x0000007c x25:0x63d935c2 x25=0x63d935be
       24865000	      2387	800095f0	8c31	c.xor	x8,x12	  x8:0x80025cfd x12:0x00000000  x8=0x80025cfd
       24875000	      2388	800095f2	717d	c.addi16sp	x2,-16	  x2:0x0000030b  x2=0x000002fb
       24885000	      2389	800095f4	8f39	c.xor	x14,x14	 x14:0x00000000 x14:0x00000000 x14=0x00000000
       25255000	      2426	800095f6	0341ed33	rem	x26,x3,x20	  x3:0x00000001 x20:0xb77f4ae9 x26=0x00000001
       25265000	      2427	800095fa	0000100f	fence.i	
       25295000	      2430	800095fe	016bb0b3	sltu	x1,x23,x22	 x23:0x80025cfd x22:0xfffffc69  x1=0x00000001
       25305000	      2431	80009602	7c683893	sltiu	x17,x16,1990	 x16:0x00000023 x17=0x00000001
       25315000	      2432	80009606	8452	c.mv	x8,x20	  x0:0x00000000 x20:0xb77f4ae9  x8=0xb77f4ae9
       25325000	      2433	80009608	41f053b3	sra	x7,x0,x31	  x0:0x00000000 x31:0x80025ce4  x7=0x00000000
       25335000	      2434	8000960c	0ff0000f	fence	iorw,iorw	
       25345000	      2435	80009610	001b5463	bge	x22,x1,80009618	 x22:0xfffffc69  x1:0x00000001
       25355000	      2436	80009614	011d8e33	add	x28,x27,x17	 x27:0x80025cfd x17:0x00000001 x28=0x80025cfe
       25365000	      2437	80009618	6ba47693	andi	x13,x8,1722	  x8:0xb77f4ae9 x13=0x000002a8
       25375000	      2438	8000961c	d0d47a13	andi	x20,x8,-755	  x8:0xb77f4ae9 x20=0xb77f4809
       25385000	      2439	80009620	01415713	srli	x14,x2,0x14	  x2:0x000002fb x14=0x00000000
       25395000	      2440	80009624	0143bbb3	sltu	x23,x7,x20	  x7:0x00000000 x20:0xb77f4809 x23=0x00000001
       25405000	      2441	80009628	340d2ef3	csrrs	x29,mscratch,x26	 x26:0x00000001 x29=0x80025cfd
       25415000	      2442	8000962c	67cd	c.lui	x15,0x13	 x15=0x00013000
       25425000	      2443	8000962e	004900b3	add	x1,x18,x4	 x18:0x00000000  x4:0x80025cec  x1=0x80025cec
       25435000	      2444	80009632	01c29db3	sll	x27,x5,x28	  x5:0xfffffc69 x28:0x80025cfe x27=0x40000000
       25445000	      2445	80009636	8041	c.srli	x8,0x10	  x8:0xb77f4ae9  x8=0x0000b77f
       25455000	      2446	80009638	01171633	sll	x12,x14,x17	 x14:0x00000000 x17:0x00000001 x12=0x00000000
       25465000	      2447	8000963c	66bd	c.lui	x13,0xf	 x13=0x0000f000
       25505000	      2451	8000963e	035fbbb3	mulhu	x23,x31,x21	 x31:0x80025ce4 x21:0x00000000 x23=0x00000000
       25515000	      2452	80009642	01d4ae33	slt	x28,x9,x29	  x9:0x80025cfd x29:0x80025cfd x28=0x00000000
       25525000	      2453	80009646	000e76b3	and	x13,x28,x0	 x28:0x00000000  x0:0x00000000 x13=0x00000000
       25535000	      2454	8000964a	997d	c.andi	x10,-1	 x10:0x000003fb x10=0x000003fb
       25545000	      2455	8000964c	0694	c.addi4spn	x13,x2,832	 x13=0x0000063b
       25555000	      2456	8000964e	9542	c.add	x10,x16	 x10:0x000003fb x16:0x00000023 x10=0x0000041e
       25565000	      2457	80009650	9d0af493	andi	x9,x21,-1584	 x21:0x00000000  x9=0x00000000
       25575000	      2458	80009654	8f9d	c.sub	x15,x15	 x15:0x00013000 x15:0x00013000 x15=0x00000000
       25585000	      2459	80009656	ad7fe6ef	jal	x13,8000812c	 x13=0x8000965a
       25605000	      2461	8000812c	a313f913	andi	x18,x7,-1487	  x7:0x00000000 x18=0x00000000
       25615000	      2462	80008130	82f2	c.mv	x5,x28	  x0:0x00000000 x28:0x00000000  x5=0x00000000
       25625000	      2463	80008132	40fd8b33	sub	x22,x27,x15	 x27:0x40000000 x15:0x00000000 x22=0x40000000
       25635000	      2464	80008136	01d39663	bne	x7,x29,80008142	  x7:0x00000000 x29:0x80025cfd
       25665000	      2467	80008142	fd458593	addi	x11,x11,-44	 x11:0x80021e58 x11=0x80021e2c
       25675000	      2468	80008146	c1d4	c.sw	x13,4(x11)	 x11:0x80021e2c x13:0x8000965a PA:0x80021e30 store:0x8000965a load:0x00000000
       25685000	      2469	80008148	0001	c.addi	x0,0	  x0:0x00000000  x0=0x00000000
       25695000	      2470	8000814a	340198f3	csrrw	x17,mscratch,x3	  x3:0x00000001 x17=0x80025cfd
       26065000	      2507	8000814e	03f14933	div	x18,x2,x31	  x2:0x000002fb x31:0x80025ce4 x18=0x00000000
       26075000	      2508	80008152	c221	c.beqz	x12,80008192	 x12:0x00000000
       26105000	      2511	80008192	032e9363	bne	x29,x18,800081b8	 x29:0x80025cfd x18:0x00000000
       26125000	      2513	800081b8	40e48c33	sub	x24,x9,x14	  x9:0x00000000 x14:0x00000000 x24=0x00000000
       26135000	      2514	800081bc	00dd5b93	srli	x23,x26,0xd	 x26:0x00000001 x23=0x00000000
       26145000	      2515	800081c0	03b4cb63	blt	x9,x27,800081f6	  x9:0x00000000 x27:0x40000000
       26205000	      2521	800081f6	032997b3	mulh	x15,x19,x18	 x19:0x80025cec x18:0x00000000 x15=0x00000000
       26215000	      2522	800081fa	86f1	c.srai	x13,0x1c	 x13:0x8000965a x13=0xfffffff8
       26255000	      2526	800081fc	03609233	mulh	x4,x1,x22	  x1:0x80025cec x22:0x40000000  x4=0xe000973b
       26265000	      2527	80008200	0798	c.addi4spn	x14,x2,960	 x14=0x000006bb
       26275000	      2528	80008202	0001	c.addi	x0,0	  x0:0x00000000  x0=0x00000000
       26285000	      2529	80008204	340060f3	csrrsi	x1,mscratch,0	  x1=0x00000001
       26295000	      2530	80008208	3402d1f3	csrrwi	x3,mscratch,5	  x3=0x00000001
       26305000	      2531	8000820c	fa292f13	slti	x30,x18,-94	 x18:0x00000000 x30=0x00000000
       26315000	      2532	80008210	41bad533	sra	x10,x21,x27	 x21:0x00000000 x27:0x40000000 x10=0x00000000
       26335000	      2534	80008214	029ce233	rem	x4,x25,x9	 x25:0x63d935be  x9:0x00000000  x4=0x63d935be
       26345000	      2535	80008218	340677f3	csrrci	x15,mscratch,12	 x15=0x00000005
       26355000	      2536	8000821c	00151663	bne	x10,x1,80008228	 x10:0x00000000  x1:0x00000001
       26375000	      2538	80008228	e2b9	c.bnez	x13,8000826e	 x13:0xfffffff8
       26405000	      2541	8000826e	34003973	csrrc	x18,mscratch,x0	  x0:0x00000000 x18=0x00000001
       26415000	      2542	80008272	5a0f0813	addi	x16,x30,1440	 x30:0x00000000 x16=0x000005a0
       26425000	      2543	80008276	340dd1f3	csrrwi	x3,mscratch,27	  x3=0x00000001
       26455000	      2546	8000827a	02b98133	mul	x2,x19,x11	 x19:0x80025cec x11:0x80021e2c  x2=0x0123a090
       26465000	      2547	8000827e	a82aea93	ori	x21,x21,-1406	 x21:0x00000000 x21=0xfffffa82
       26475000	      2548	80008282	d6cfbc97	auipc	x25,0xd6cfb	 x25=0x56d03282
       26485000	      2549	80008286	8efd	c.and	x13,x15	 x13:0xfffffff8 x15:0x00000005 x13=0x00000000
       26495000	      2550	80008288	87f2	c.mv	x15,x28	  x0:0x00000000 x28:0x00000000 x15=0x00000000
       26865000	      2587	8000828a	03a466b3	rem	x13,x8,x26	  x8:0x0000b77f x26:0x00000001 x13=0x00000000
       26875000	      2588	8000828e	0087c3b3	xor	x7,x15,x8	 x15:0x00000000  x8:0x0000b77f  x7=0x0000b77f
       26885000	      2589	80008292	f9011e37	lui	x28,0xf9011	 x28=0xf9011000
       26895000	      2590	80008296	00107133	and	x2,x0,x1	  x0:0x00000000  x1:0x00000001  x2=0x00000000
       26905000	      2591	8000829a	e115	c.bnez	x10,800082be	 x10:0x00000000
       26915000	      2592	8000829c	004fbb33	sltu	x22,x31,x4	 x31:0x80025ce4  x4:0x63d935be x22=0x00000000
       26925000	      2593	800082a0	0001	c.addi	x0,0	  x0:0x00000000  x0=0x00000000
       26935000	      2594	800082a2	c4c56e13	ori	x28,x10,-948	 x10:0x00000000 x28=0xfffffc4c
       26975000	      2598	800082a6	020190b3	mulh	x1,x3,x0	  x3:0x00000001  x0:0x00000000  x1=0x00000000
       26985000	      2599	800082aa	01d19133	sll	x2,x3,x29	  x3:0x00000001 x29:0x80025cfd  x2=0x20000000
       26995000	      2600	800082ae	ef91	c.bnez	x15,800082ca	 x15:0x00000000
       27005000	      2601	800082b0	01dbceb3	xor	x29,x23,x29	 x23:0x00000000 x29:0x80025cfd x29=0x80025cfd
       27015000	      2602	800082b4	b55f7e97	auipc	x29,0xb55f7	 x29=0x355ff2b4
       27025000	      2603	800082b8	9ebe	c.add	x29,x15	 x29:0x355ff2b4 x15:0x00000000 x29=0x355ff2b4
       27035000	      2604	800082ba	c022a693	slti	x13,x5,-1022	  x5:0x00000000 x13=0x00000000
       27045000	      2605	800082be	01386a33	or	x20,x16,x19	 x16:0x000005a0 x19:0x80025cec x20=0x80025dec
       27055000	      2606	800082c2	6131	c.addi16sp	x2,320	  x2:0x20000000  x2=0x20000140
       27065000	      2607	800082c4	02027d63	bgeu	x4,x0,800082fe	  x4:0x63d935be  x0:0x00000000
       27105000	      2611	800082fe	021b4a33	div	x20,x22,x1	 x22:0x00000000  x1:0x00000000 x20=0xffffffff
       27115000	      2612	80008302	00d130b3	sltu	x1,x2,x13	  x2:0x20000140 x13:0x00000000  x1=0x00000000
       27485000	      2649	80008306	03046ab3	rem	x21,x8,x16	  x8:0x0000b77f x16:0x000005a0 x21=0x0000037f
       27495000	      2650	8000830a	a26dc217	auipc	x4,0xa26dc	  x4=0x226e430a
       27505000	      2651	8000830e	00989393	slli	x7,x17,0x9	 x17:0x80025cfd  x7=0x04b9fa00
       27515000	      2652	80008312	0446	c.slli	x8,0x11	  x8:0x0000b77f  x8=0x6efe0000
       27525000	      2653	80008314	e295	c.bnez	x13,80008338	 x13:0x00000000
       27535000	      2654	80008316	00d822b3	slt	x5,x16,x13	 x16:0x000005a0 x13:0x00000000  x5=0x00000000
       27575000	      2658	8000831a	027833b3	mulhu	x7,x16,x7	 x16:0x000005a0  x7:0x04b9fa00  x7=0x0000001a
       27585000	      2659	8000831e	340358f3	csrrwi	x17,mscratch,6	 x17=0x0000001b
       27595000	      2660	80008322	0b59	c.addi	x22,22	 x22:0x00000000 x22=0x00000016
       27635000	      2664	80008324	03f5b933	mulhu	x18,x11,x31	 x11:0x80021e2c x31:0x80025ce4 x18=0x40023d8d
       27645000	      2665	80008328	68fd	c.lui	x17,0x1f	 x17=0x0001f000
       27655000	      2666	8000832a	340cb873	csrrc	x16,mscratch,x25	 x25:0x56d03282 x16=0x00000006
       27665000	      2667	8000832e	006a8e63	beq	x21,x6,8000834a	 x21:0x0000037f  x6:0x00000000
       27675000	      2668	80008332	a7b7ae37	lui	x28,0xa7b7a	 x28=0xa7b7a000
       27685000	      2669	80008336	890d	c.andi	x10,3	 x10:0x00000000 x10=0x00000000
       27695000	      2670	80008338	00d29533	sll	x10,x5,x13	  x5:0x00000000 x13:0x00000000 x10=0x00000000
       27705000	      2671	8000833c	018b02b3	add	x5,x22,x24	 x22:0x00000016 x24:0x00000000  x5=0x00000016
       27715000	      2672	80008340	3407f4f3	csrrci	x9,mscratch,15	  x9=0x00000004
       27725000	      2673	80008344	41ecd913	srai	x18,x25,0x1e	 x25:0x56d03282 x18=0x00000001
       27735000	      2674	80008348	717d	c.addi16sp	x2,-16	  x2:0x20000140  x2=0x20000130
       27745000	      2675	8000834a	34081ef3	csrrw	x29,mscratch,x16	 x16:0x00000006 x29=0x00000000
       27785000	      2679	8000834e	03dcbdb3	mulhu	x27,x25,x29	 x25:0x56d03282 x29:0x00000000 x27=0x00000000
       27795000	      2680	80008352	e01d	c.bnez	x8,80008378	  x8:0x6efe0000
       28175000	      2718	80008378	0337e733	rem	x14,x15,x19	 x15:0x00000000 x19:0x80025cec x14=0x00000000
       28185000	      2719	8000837c	9e1a	c.add	x28,x6	 x28:0xa7b7a000  x6:0x00000000 x28=0xa7b7a000
       28195000	      2720	8000837e	34003073	csrrc	x0,mscratch,x0	  x0:0x00000000  x0=0x00000000
       28205000	      2721	80008382	00e7d4b3	srl	x9,x15,x14	 x15:0x00000000 x14:0x00000000  x9=0x00000000
       28215000	      2722	80008386	340072f3	csrrci	x5,mscratch,0	  x5=0x00000006
       28255000	      2726	8000838a	022813b3	mulh	x7,x16,x2	 x16:0x00000006  x2:0x20000130  x7=0x00000000
       28265000	      2727	8000838e	059c	c.addi4spn	x15,x2,704	 x15=0x200003f0
       28275000	      2728	80008390	00e341b3	xor	x3,x6,x14	  x6:0x00000000 x14:0x00000000  x3=0x00000000
       28285000	      2729	80008394	6205	c.lui	x4,0x1	  x4=0x00001000
       28295000	      2730	80008396	6111	c.addi16sp	x2,256	  x2:0x20000130  x2=0x20000230
       28335000	      2734	80008398	03be18b3	mulh	x17,x28,x27	 x28:0xa7b7a000 x27:0x00000000 x17=0x00000000
       28345000	      2735	8000839c	ee1d	c.bnez	x12,800083da	 x12:0x00000000
       28355000	      2736	8000839e	340b7c73	csrrci	x24,mscratch,22	 x24=0x00000006
       28365000	      2737	800083a2	00c9d093	srli	x1,x19,0xc	 x19:0x80025cec  x1=0x00080025
       28375000	      2738	800083a6	006d9817	auipc	x16,0x6d9	 x16=0x806e13a6
       28385000	      2739	800083aa	869f4b93	xori	x23,x30,-1943	 x30:0x00000000 x23=0xfffff869
       28395000	      2740	800083ae	c84ba897	auipc	x17,0xc84ba	 x17=0x484c23ae
       28405000	      2741	800083b2	ceccdb17	auipc	x22,0xceccd	 x22=0x4ecd53b2
       28415000	      2742	800083b6	97de	c.add	x15,x23	 x15:0x200003f0 x23:0xfffff869 x15=0x1ffffc59
       28425000	      2743	800083b8	34003573	csrrc	x10,mscratch,x0	  x0:0x00000000 x10=0x00000000
       28435000	      2744	800083bc	3405dd73	csrrwi	x26,mscratch,11	 x26=0x00000000
       28445000	      2745	800083c0	82ad	c.srli	x13,0xb	 x13:0x00000000 x13=0x00000000
       28455000	      2746	800083c2	8799	c.srai	x15,0x6	 x15:0x1ffffc59 x15=0x007ffff1
       28465000	      2747	800083c4	044bc463	blt	x23,x4,8000840c	 x23:0xfffff869  x4:0x00001000
       28485000	      2749	8000840c	8c5d	c.or	x8,x15	  x8:0x6efe0000 x15:0x007ffff1  x8=0x6efffff1
       28855000	      2786	8000840e	037767b3	rem	x15,x14,x23	 x14:0x00000000 x23:0xfffff869 x15=0x00000000
       28895000	      2790	80008412	0362b7b3	mulhu	x15,x5,x22	  x5:0x00000006 x22:0x4ecd53b2 x15=0x00000001
       28905000	      2791	80008416	41d7d913	srai	x18,x15,0x1d	 x15:0x00000001 x18=0x00000000
       28915000	      2792	8000841a	00510033	add	x0,x2,x5	  x2:0x20000230  x5:0x00000006  x0=0x00000000
       28925000	      2793	8000841e	0258e863	bltu	x17,x5,8000844e	 x17:0x484c23ae  x5:0x00000006
       28935000	      2794	80008422	987d	c.andi	x8,-1	  x8:0x6efffff1  x8=0x6efffff1
       28945000	      2795	80008424	005baab3	slt	x21,x23,x5	 x23:0xfffff869  x5:0x00000006 x21=0x00000001
       28955000	      2796	80008428	70953e13	sltiu	x28,x10,1801	 x10:0x00000000 x28=0x00000001
       28965000	      2797	8000842c	8b56	c.mv	x22,x21	  x0:0x00000000 x21:0x00000001 x22=0x00000001
       28975000	      2798	8000842e	84a1	c.srai	x9,0x8	  x9:0x00000000  x9=0x00000000
       28985000	      2799	80008430	01731893	slli	x17,x6,0x17	  x6:0x00000000 x17=0x00000000
       28995000	      2800	80008434	02f10e63	beq	x2,x15,80008470	  x2:0x20000230 x15:0x00000001
       29005000	      2801	80008438	1e53cc17	auipc	x24,0x1e53c	 x24=0x9e544438
       29015000	      2802	8000843c	84cd	c.srai	x9,0x13	  x9:0x00000000  x9=0x00000000
       29025000	      2803	8000843e	00cfd113	srli	x2,x31,0xc	 x31:0x80025ce4  x2=0x00080025
       29065000	      2807	80008442	02e0a933	mulhsu	x18,x1,x14	  x1:0x00080025 x14:0x00000000 x18=0x00000000
       29085000	      2809	80008446	03d7f033	remu	x0,x15,x29	 x15:0x00000001 x29:0x00000000  x0=0x00000000
       29095000	      2810	8000844a	8399	c.srli	x15,0x6	 x15:0x00000001 x15=0x00000000
       29105000	      2811	8000844c	9eea	c.add	x29,x26	 x29:0x00000000 x26:0x00000000 x29=0x00000000
       29115000	      2812	8000844e	01889ab3	sll	x21,x17,x24	 x17:0x00000000 x24:0x9e544438 x21=0x00000000
       29125000	      2813	80008452	340db7f3	csrrc	x15,mscratch,x27	 x27:0x00000000 x15=0x0000000b
       29135000	      2814	80008456	089a	c.slli	x17,0x6	 x17:0x00000000 x17=0x00000000
       29145000	      2815	80008458	6111	c.addi16sp	x2,256	  x2:0x00080025  x2=0x00080125
       29185000	      2819	8000845a	039110b3	mulh	x1,x2,x25	  x2:0x00080125 x25:0x56d03282  x1=0x0002b6e4
       29195000	      2820	8000845e	8f31	c.xor	x14,x12	 x14:0x00000000 x12:0x00000000 x14=0x00000000
       29235000	      2824	80008460	03f2a133	mulhsu	x2,x5,x31	  x5:0x00000006 x31:0x80025ce4  x2=0x00000003
       29245000	      2825	80008464	01d01f13	slli	x30,x0,0x1d	  x0:0x00000000 x30=0x00000000
       29255000	      2826	80008468	44e1	c.li	x9,24	  x9=0x00000018
       29265000	      2827	8000846a	007631b3	sltu	x3,x12,x7	 x12:0x00000000  x7:0x00000000  x3=0x00000000
       29275000	      2828	8000846e	8ec5	c.or	x13,x9	 x13:0x00000000  x9:0x00000018 x13=0x00000018
       29285000	      2829	80008470	419451b3	sra	x3,x8,x25	  x8:0x6efffff1 x25:0x56d03282  x3=0x1bbffffc
       29295000	      2830	80008474	1490	c.addi4spn	x12,x2,608	 x12=0x00000263
       29305000	      2831	80008476	0001	c.addi	x0,0	  x0:0x00000000  x0=0x00000000
       29315000	      2832	80008478	3403dcf3	csrrwi	x25,mscratch,7	 x25=0x0000000b
       29325000	      2833	8000847c	8c624c93	xori	x25,x4,-1850	  x4:0x00001000 x25=0xffffe8c6
       29335000	      2834	80008480	00c67eb3	and	x29,x12,x12	 x12:0x00000263 x12:0x00000263 x29=0x00000263
       29345000	      2835	80008484	0819	c.addi	x16,6	 x16:0x806e13a6 x16=0x806e13ac
       29715000	      2872	80008486	02824233	div	x4,x4,x8	  x4:0x00001000  x8:0x6efffff1  x4=0x00000000
       29725000	      2873	8000848a	8259	c.srli	x12,0x16	 x12:0x00000263 x12=0x00000000
       29755000	      2876	8000848c	02a20eb3	mul	x29,x4,x10	  x4:0x00000000 x10:0x00000000 x29=0x00000000
       29765000	      2877	80008490	3407b0f3	csrrc	x1,mscratch,x15	 x15:0x0000000b  x1=0x00000007
       29775000	      2878	80008494	0000100f	fence.i	
       29795000	      2880	80008498	0162cab3	xor	x21,x5,x22	  x5:0x00000006 x22:0x00000001 x21=0x00000007
       29805000	      2881	8000849c	8259	c.srli	x12,0x16	 x12:0x00000000 x12=0x00000000
       29815000	      2882	8000849e	00543933	sltu	x18,x8,x5	  x8:0x6efffff1  x5:0x00000006 x18=0x00000000
       29825000	      2883	800084a2	8859	c.andi	x8,22	  x8:0x6efffff1  x8=0x00000010
       29845000	      2885	800084a4	020e7b33	remu	x22,x28,x0	 x28:0x00000001  x0:0x00000000 x22=0x00000001
       29855000	      2886	800084a8	410ddcb3	sra	x25,x27,x16	 x27:0x00000000 x16:0x806e13ac x25=0x00000000
       30225000	      2923	800084ac	0231cf33	div	x30,x3,x3	  x3:0x1bbffffc  x3:0x1bbffffc x30=0x00000001
       30235000	      2924	800084b0	01621d63	bne	x4,x22,800084ca	  x4:0x00000000 x22:0x00000001
       30265000	      2927	800084ca	340038f3	csrrc	x17,mscratch,x0	  x0:0x00000000 x17=0x00000004
       30275000	      2928	800084ce	340eab73	csrrs	x22,mscratch,x29	 x29:0x00000000 x22=0x00000004
       30285000	      2929	800084d2	79647e13	andi	x28,x8,1942	  x8:0x00000010 x28=0x00000010
       30295000	      2930	800084d6	41eed293	srai	x5,x29,0x1e	 x29:0x00000000  x5=0x00000000
       30305000	      2931	800084da	03da5b63	bge	x20,x29,80008510	 x20:0xffffffff x29:0x00000000
       30315000	      2932	800084de	34006d73	csrrsi	x26,mscratch,0	 x26=0x00000004
       30325000	      2933	800084e2	86c67213	andi	x4,x12,-1940	 x12:0x00000000  x4=0x00000000
       30335000	      2934	800084e6	01dcd563	bge	x25,x29,800084f0	 x25:0x00000000 x29:0x00000000
       30355000	      2936	800084f0	3409f7f3	csrrci	x15,mscratch,19	 x15=0x00000004
       30365000	      2937	800084f4	41848133	sub	x2,x9,x24	  x9:0x00000018 x24:0x9e544438  x2=0x61abbbe0
       30375000	      2938	800084f8	34002173	csrrs	x2,mscratch,x0	  x0:0x00000000  x2=0x00000004
       30385000	      2939	800084fc	40508f33	sub	x30,x1,x5	  x1:0x00000007  x5:0x00000000 x30=0x00000007
       30395000	      2940	80008500	8c25	c.xor	x8,x9	  x8:0x00000010  x9:0x00000018  x8=0x00000008
       30405000	      2941	80008502	0001	c.addi	x0,0	  x0:0x00000000  x0=0x00000000
       30415000	      2942	80008504	8f45	c.or	x14,x9	 x14:0x00000000  x9:0x00000018 x14=0x00000018
       30425000	      2943	80008506	9c06	c.add	x24,x1	 x24:0x9e544438  x1:0x00000007 x24=0x9e54443f
       30435000	      2944	80008508	d1f8c893	xori	x17,x17,-737	 x17:0x00000004 x17=0xfffffd1b
       30445000	      2945	8000850c	dd14e4b7	lui	x9,0xdd14e	  x9=0xdd14e000
       30485000	      2949	80008510	032794b3	mulh	x9,x15,x18	 x15:0x00000004 x18:0x00000000  x9=0x00000000
       30495000	      2950	80008514	0000100f	fence.i	
       30515000	      2952	80008518	509efa13	andi	x20,x29,1289	 x29:0x00000000 x20=0x00000000
       30555000	      2956	8000851c	036332b3	mulhu	x5,x6,x22	  x6:0x00000000 x22:0x00000004  x5=0x00000000
       30925000	      2993	80008520	02dcc233	div	x4,x25,x13	 x25:0x00000000 x13:0x00000018  x4=0x00000000
       30935000	      2994	80008524	0103f233	and	x4,x7,x16	  x7:0x00000000 x16:0x806e13ac  x4=0x00000000
       30945000	      2995	80008528	6c9d	c.lui	x25,0x7	 x25=0x00007000
       30955000	      2996	8000852a	340a5df3	csrrwi	x27,mscratch,20	 x27=0x00000004
       30965000	      2997	8000852e	34077e73	csrrci	x28,mscratch,14	 x28=0x00000014
       30975000	      2998	80008532	006bc8b3	xor	x17,x23,x6	 x23:0xfffff869  x6:0x00000000 x17=0xfffff869
       30985000	      2999	80008536	340267f3	csrrsi	x15,mscratch,4	 x15=0x00000010
       30995000	      3000	8000853a	029ed363	bge	x29,x9,80008560	 x29:0x00000000  x9:0x00000000
       31015000	      3002	80008560	34006673	csrrsi	x12,mscratch,0	 x12=0x00000014
       31385000	      3039	80008564	02d869b3	rem	x19,x16,x13	 x16:0x806e13ac x13:0x00000018 x19=0xfffffffc
       31395000	      3040	80008568	b9154b93	xori	x23,x10,-1135	 x10:0x00000000 x23=0xfffffb91
       31405000	      3041	8000856c	8bfa	c.mv	x23,x30	  x0:0x00000000 x30:0x00000007 x23=0x00000007
       31415000	      3042	8000856e	717d	c.addi16sp	x2,-16	  x2:0x00000004  x2=0xfffffff4
       31425000	      3043	80008570	41d4	c.lw	x13,4(x11)	 x11:0x80021e2c x13=0x8000965a PA:0x80021e30 load:0x8000965a
       31435000	      3044	80008572	3404df73	csrrwi	x30,mscratch,9	 x30=0x00000014
       31445000	      3045	80008576	29597f13	andi	x30,x18,661	 x18:0x00000000 x30=0x00000000
       31455000	      3046	8000857a	8415	c.srai	x8,0x5	  x8:0x00000008  x8=0x00000000
       31465000	      3047	8000857c	0048c733	xor	x14,x17,x4	 x17:0xfffff869  x4:0x00000000 x14=0xfffff869
       31475000	      3048	80008580	02c58593	addi	x11,x11,44	 x11:0x80021e2c x11=0x80021e58
       31495000	      3050	80008584	03e163b3	rem	x7,x2,x30	  x2:0xfffffff4 x30:0x00000000  x7=0xfffffff4
       31505000	      3051	80008588	00168a93	addi	x21,x13,1	 x13:0x8000965a x21=0x8000965b
       31515000	      3052	8000858c	8a82	c.jr	x21	 x21:0x8000965b
       31535000	      3054	8000965a	09c6	c.slli	x19,0x11	 x19:0xfffffffc x19=0xfff80000
       31545000	      3055	8000965c	613d	c.addi16sp	x2,480	  x2:0xfffffff4  x2=0x000001d4
       31555000	      3056	8000965e	01ff9c13	slli	x24,x31,0x1f	 x31:0x80025ce4 x24=0x00000000
       31565000	      3057	80009662	f22e4f13	xori	x30,x28,-222	 x28:0x00000014 x30=0xffffff36
       31575000	      3058	80009666	4061d733	sra	x14,x3,x6	  x3:0x1bbffffc  x6:0x00000000 x14=0x1bbffffc
       31585000	      3059	8000966a	6dc5	c.lui	x27,0x11	 x27=0x00011000
       31595000	      3060	8000966c	8869	c.andi	x8,26	  x8:0x00000000  x8=0x00000000
       31605000	      3061	8000966e	7e532997	auipc	x19,0x7e532	 x19=0xfe53b66e
       31615000	      3062	80009672	00a5dd63	bge	x11,x10,8000968c	 x11:0x80021e58 x10:0x00000000
       31625000	      3063	80009676	036dd563	bge	x27,x22,800096a0	 x27:0x00011000 x22:0x00000004
       31645000	      3065	800096a0	34003673	csrrc	x12,mscratch,x0	  x0:0x00000000 x12=0x00000009
       32015000	      3102	800096a4	02f57bb3	remu	x23,x10,x15	 x10:0x00000000 x15:0x00000010 x23=0x00000000
       32025000	      3103	800096a8	82b9	c.srli	x13,0xe	 x13:0x8000965a x13=0x00020002
       32065000	      3107	800096aa	03293633	mulhu	x12,x18,x18	 x18:0x00000000 x18:0x00000000 x12=0x00000000
       32075000	      3108	800096ae	4f01	c.li	x30,0	 x30=0x00000000
       32085000	      3109	800096b0	e0ad8297	auipc	x5,0xe0ad8	  x5=0x60ae16b0
       32095000	      3110	800096b4	f39cfa13	andi	x20,x25,-199	 x25:0x00007000 x20=0x00007000
       32105000	      3111	800096b8	340070f3	csrrci	x1,mscratch,0	  x1=0x00000009
       32115000	      3112	800096bc	9bfd	c.andi	x15,-1	 x15:0x00000010 x15=0x00000010
       32125000	      3113	800096be	340829f3	csrrs	x19,mscratch,x16	 x16:0x806e13ac x19=0x00000009
       32135000	      3114	800096c2	01d9da33	srl	x20,x19,x29	 x19:0x00000009 x29:0x00000000 x20=0x00000009
       32145000	      3115	800096c6	84d84213	xori	x4,x16,-1971	 x16:0x806e13ac  x4=0x7f91ebe1
       32155000	      3116	800096ca	d036ae13	slti	x28,x13,-765	 x13:0x00020002 x28=0x00000000
       32165000	      3117	800096ce	3633b997	auipc	x19,0x3633b	 x19=0xb63446ce
       32175000	      3118	800096d2	025a6963	bltu	x20,x5,80009704	 x20:0x00000009  x5:0x60ae16b0
       32195000	      3120	80009704	03b67c93	andi	x25,x12,59	 x12:0x00000000 x25=0x00000000
       32205000	      3121	80009708	717d	c.addi16sp	x2,-16	  x2:0x000001d4  x2=0x000001c4
       32215000	      3122	8000970a	89b06413	ori	x8,x0,-1893	  x0:0x00000000  x8=0xfffff89b
       32225000	      3123	8000970e	8ca1	c.xor	x9,x8	  x9:0x00000000  x8:0xfffff89b  x9=0xfffff89b
       32235000	      3124	80009710	34017473	csrrci	x8,mscratch,2	  x8=0x806e13ad
       32275000	      3128	80009714	0226bb33	mulhu	x22,x13,x2	 x13:0x00020002  x2:0x000001c4 x22=0x00000000
       32285000	      3129	80009718	3249fb93	andi	x23,x19,804	 x19:0xb63446ce x23=0x00000204
       32295000	      3130	8000971c	0ff0000f	fence	iorw,iorw	
       32305000	      3131	80009720	1f84bf17	auipc	x30,0x1f84b	 x30=0x9f854720
       32315000	      3132	80009724	4386e613	ori	x12,x13,1080	 x13:0x00020002 x12=0x0002043a
       32325000	      3133	80009728	3403d9f3	csrrwi	x19,mscratch,7	 x19=0x806e13ad
       32335000	      3134	8000972c	45312613	slti	x12,x2,1107	  x2:0x000001c4 x12=0x00000001
       32345000	      3135	80009730	41910233	sub	x4,x2,x25	  x2:0x000001c4 x25:0x00000000  x4=0x000001c4
       32385000	      3139	80009734	021bb233	mulhu	x4,x23,x1	 x23:0x00000204  x1:0x00000009  x4=0x00000000
       32395000	      3140	80009738	340c1af3	csrrw	x21,mscratch,x24	 x24:0x00000000 x21=0x00000007
       32405000	      3141	8000973c	34095773	csrrwi	x14,mscratch,18	 x14=0x00000000
       32415000	      3142	80009740	e499	c.bnez	x9,8000974e	  x9:0xfffff89b
       32445000	      3145	8000974e	00de7e33	and	x28,x28,x13	 x28:0x00000000 x13:0x00020002 x28=0x00000000
       32455000	      3146	80009752	d8cdfb97	auipc	x23,0xd8cdf	 x23=0x58ce8752
       32465000	      3147	80009756	8e7d	c.and	x12,x15	 x12:0x00000001 x15:0x00000010 x12=0x00000000
       32475000	      3148	80009758	8e11	c.sub	x12,x12	 x12:0x00000000 x12:0x00000000 x12=0x00000000
       32495000	      3150	8000975a	038be033	rem	x0,x23,x24	 x23:0x58ce8752 x24:0x00000000  x0=0x00000000
       32505000	      3151	8000975e	05cbc193	xori	x3,x23,92	 x23:0x58ce8752  x3=0x58ce870e
       32525000	      3153	80009762	03dc5733	divu	x14,x24,x29	 x24:0x00000000 x29:0x00000000 x14=0xffffffff
       32895000	      3190	80009766	030dc7b3	div	x15,x27,x16	 x27:0x00011000 x16:0x806e13ac x15=0x00000000
       33265000	      3227	8000976a	02d860b3	rem	x1,x16,x13	 x16:0x806e13ac x13:0x00020002  x1=0xfffe933c
       33305000	      3231	8000976e	0284aeb3	mulhsu	x29,x9,x8	  x9:0xfffff89b  x8:0x806e13ad x29=0xfffffc4a
       33345000	      3235	80009772	02e490b3	mulh	x1,x9,x14	  x9:0xfffff89b x14:0xffffffff  x1=0x00000000
       33385000	      3239	80009776	037b24b3	mulhsu	x9,x22,x23	 x22:0x00000000 x23:0x58ce8752  x9=0x00000000
       33395000	      3240	8000977a	0068f6b3	and	x13,x17,x6	 x17:0xfffff869  x6:0x00000000 x13=0x00000000
       33405000	      3241	8000977e	34003673	csrrc	x12,mscratch,x0	  x0:0x00000000 x12=0x00000012
       33415000	      3242	80009782	482ba493	slti	x9,x23,1154	 x23:0x58ce8752  x9=0x00000000
       33445000	      3245	80009786	03910233	mul	x4,x2,x25	  x2:0x000001c4 x25:0x00000000  x4=0x00000000
       33455000	      3246	8000978a	1378ac13	slti	x24,x17,311	 x17:0xfffff869 x24=0x00000001
       33465000	      3247	8000978e	02a94363	blt	x18,x10,800097b4	 x18:0x00000000 x10:0x00000000
       33475000	      3248	80009792	9a828737	lui	x14,0x9a828	 x14=0x9a828000
       33485000	      3249	80009796	0ff0000f	fence	iorw,iorw	
       33495000	      3250	8000979a	0367dc63	bge	x15,x22,800097d2	 x15:0x00000000 x22:0x00000000
       33885000	      3289	800097d2	0237c8b3	div	x17,x15,x3	 x15:0x00000000  x3:0x58ce870e x17=0x00000000
       33895000	      3290	800097d6	7143a413	slti	x8,x7,1812	  x7:0xfffffff4  x8=0x00000001
       33905000	      3291	800097da	029c	c.addi4spn	x15,x2,320	 x15=0x00000304
       33915000	      3292	800097dc	e019	c.bnez	x8,800097e2	  x8:0x00000001
       33935000	      3294	800097e2	098e	c.slli	x19,0x3	 x19:0x806e13ad x19=0x03709d68
       34305000	      3331	800097e4	02fb5db3	divu	x27,x22,x15	 x22:0x00000000 x15:0x00000304 x27=0x00000000
       34315000	      3332	800097e8	3401daf3	csrrwi	x21,mscratch,3	 x21=0x00000012
       34325000	      3333	800097ec	340c9873	csrrw	x16,mscratch,x25	 x25:0x00000000 x16=0x00000003
       34335000	      3334	800097f0	0e14	c.addi4spn	x13,x2,784	 x13=0x000004d4
       34345000	      3335	800097f2	8ef5	c.and	x13,x13	 x13:0x000004d4 x13:0x000004d4 x13=0x000004d4
       34355000	      3336	800097f4	034a6763	bltu	x20,x20,80009822	 x20:0x00000009 x20:0x00000009
       34365000	      3337	800097f8	3404b0f3	csrrc	x1,mscratch,x9	  x9:0x00000000  x1=0x00000000
       34735000	      3374	800097fc	0230e533	rem	x10,x1,x3	  x1:0x00000000  x3:0x58ce870e x10=0x00000000
       34745000	      3375	80009800	0001	c.addi	x0,0	  x0:0x00000000  x0=0x00000000
       34755000	      3376	80009802	0ff0000f	fence	iorw,iorw	
       35125000	      3413	80009806	03a37233	remu	x4,x6,x26	  x6:0x00000000 x26:0x00000004  x4=0x00000000
       35135000	      3414	8000980a	01ce2033	slt	x0,x28,x28	 x28:0x00000000 x28:0x00000000  x0=0x00000000
       35175000	      3418	8000980e	03c13db3	mulhu	x27,x2,x28	  x2:0x000001c4 x28:0x00000000 x27=0x00000000
       35195000	      3420	80009812	02a67a33	remu	x20,x12,x10	 x12:0x00000012 x10:0x00000000 x20=0x00000012
       35205000	      3421	80009816	8512	c.mv	x10,x4	  x0:0x00000000  x4:0x00000000 x10=0x00000000
       35225000	      3423	80009818	03b7d433	divu	x8,x15,x27	 x15:0x00000304 x27:0x00000000  x8=0xffffffff
       35235000	      3424	8000981c	006742b3	xor	x5,x14,x6	 x14:0x9a828000  x6:0x00000000  x5=0x9a828000
       35245000	      3425	80009820	6249	c.lui	x4,0x12	  x4=0x00012000
       35255000	      3426	80009822	0ff0000f	fence	iorw,iorw	
       35625000	      3463	80009826	0280f233	remu	x4,x1,x8	  x1:0x00000000  x8:0xffffffff  x4=0x00000000
       35635000	      3464	8000982a	03571163	bne	x14,x21,8000984c	 x14:0x9a828000 x21:0x00000012
       35655000	      3466	8000984c	717d	c.addi16sp	x2,-16	  x2:0x000001c4  x2=0x000001b4
       35665000	      3467	8000984e	92da	c.add	x5,x22	  x5:0x9a828000 x22:0x00000000  x5=0x9a828000
       36035000	      3504	80009850	02b7fcb3	remu	x25,x15,x11	 x15:0x00000304 x11:0x80021e58 x25=0x00000304
       36045000	      3505	80009854	9806	c.add	x16,x1	 x16:0x00000003  x1:0x00000000 x16=0x00000003
       36055000	      3506	80009856	0063ff63	bgeu	x7,x6,80009874	  x7:0xfffffff4  x6:0x00000000
       36075000	      3508	80009874	01725c33	srl	x24,x4,x23	  x4:0x00000000 x23:0x58ce8752 x24=0x00000000
       36115000	      3512	80009878	0394ba33	mulhu	x20,x9,x25	  x9:0x00000000 x25:0x00000304 x20=0x00000000
       36125000	      3513	8000987c	8c0d	c.sub	x8,x11	  x8:0xffffffff x11:0x80021e58  x8=0x7ffde1a7
       36135000	      3514	8000987e	8d01	c.sub	x10,x8	 x10:0x00000000  x8:0x7ffde1a7 x10=0x80021e59
       36145000	      3515	80009880	00ee93b3	sll	x7,x29,x14	 x29:0xfffffc4a x14:0x9a828000  x7=0xfffffc4a
       36155000	      3516	80009884	40af5993	srai	x19,x30,0xa	 x30:0x9f854720 x19=0xffe7e151
       36165000	      3517	80009888	8c12	c.mv	x24,x4	  x0:0x00000000  x4:0x00000000 x24=0x00000000
       36175000	      3518	8000988a	092a	c.slli	x18,0xa	 x18:0x00000000 x18=0x00000000
       36185000	      3519	8000988c	252aa013	slti	x0,x21,594	 x21:0x00000012  x0=0x00000000
       36195000	      3520	80009890	015aba33	sltu	x20,x21,x21	 x21:0x00000012 x21:0x00000012 x20=0x00000000
       36205000	      3521	80009894	8ce7cf17	auipc	x30,0x8ce7c	 x30=0x0ce85894
       36215000	      3522	80009898	8555	c.srai	x10,0x15	 x10:0x80021e59 x10=0xfffffc00
       36225000	      3523	8000989a	0c08	c.addi4spn	x10,x2,528	 x10=0x000003c4
       36235000	      3524	8000989c	58fd	c.li	x17,-1	 x17=0xffffffff
       36245000	      3525	8000989e	9bfd	c.andi	x15,-1	 x15:0x00000304 x15=0x00000304
       36255000	      3526	800098a0	fd824893	xori	x17,x4,-40	  x4:0x00000000 x17=0xffffffd8
       36265000	      3527	800098a4	80d9	c.srli	x9,0x16	  x9:0x00000000  x9=0x00000000
       36275000	      3528	800098a6	27dfb697	auipc	x13,0x27dfb	 x13=0xa7e048a6
       36285000	      3529	800098aa	0c08	c.addi4spn	x10,x2,528	 x10=0x000003c4
       36295000	      3530	800098ac	06f6	c.slli	x13,0x1d	 x13:0xa7e048a6 x13=0xc0000000
       36305000	      3531	800098ae	717d	c.addi16sp	x2,-16	  x2:0x000001b4  x2=0x000001a4
       36315000	      3532	800098b0	f5e5ab13	slti	x22,x11,-162	 x11:0x80021e58 x22=0x00000001
       36325000	      3533	800098b4	3401d4f3	csrrwi	x9,mscratch,3	  x9=0x00000000
       36335000	      3534	800098b8	41728f33	sub	x30,x5,x23	  x5:0x9a828000 x23:0x58ce8752 x30=0x41b3f8ae
       36345000	      3535	800098bc	34041e73	csrrw	x28,mscratch,x8	  x8:0x7ffde1a7 x28=0x00000003
       36355000	      3536	800098c0	15014813	xori	x16,x2,336	  x2:0x000001a4 x16=0x000000f4
       36365000	      3537	800098c4	1dfd	c.addi	x27,-1	 x27:0x00000000 x27=0xffffffff
       36375000	      3538	800098c6	0001	c.addi	x0,0	  x0:0x00000000  x0=0x00000000
       36745000	      3575	800098c8	039940b3	div	x1,x18,x25	 x18:0x00000000 x25:0x00000304  x1=0x00000000
       36755000	      3576	800098cc	8d55	c.or	x10,x13	 x10:0x000003c4 x13:0xc0000000 x10=0xc00003c4
       36765000	      3577	800098ce	8d3d	c.xor	x10,x15	 x10:0xc00003c4 x15:0x00000304 x10=0xc00000c0
       36775000	      3578	800098d0	037e9b63	bne	x29,x23,80009906	 x29:0xfffffc4a x23:0x58ce8752
       36805000	      3581	80009906	340a1273	csrrw	x4,mscratch,x20	 x20:0x00000000  x4=0x7ffde1a7
       36815000	      3582	8000990a	9b6a	c.add	x22,x26	 x22:0x00000001 x26:0x00000004 x22=0x00000005
       36825000	      3583	8000990c	997d	c.andi	x10,-1	 x10:0xc00000c0 x10=0xc00000c0
       36835000	      3584	8000990e	00f44033	xor	x0,x8,x15	  x8:0x7ffde1a7 x15:0x00000304  x0=0x00000000
       36845000	      3585	80009912	009f76b3	and	x13,x30,x9	 x30:0x41b3f8ae  x9:0x00000000 x13=0x00000000
       36855000	      3586	80009916	6b41	c.lui	x22,0x10	 x22=0x00010000
       36865000	      3587	80009918	0300	c.addi4spn	x8,x2,384	  x8=0x00000324
       36875000	      3588	8000991a	3c757017	auipc	x0,0x3c757	  x0=0x00000000
       36885000	      3589	8000991e	ad00b893	sltiu	x17,x1,-1328	  x1:0x00000000 x17=0x00000001
       36895000	      3590	80009922	0ff0000f	fence	iorw,iorw	
       36905000	      3591	80009926	8605	c.srai	x12,0x1	 x12:0x00000012 x12=0x00000009
       36915000	      3592	80009928	00b5a833	slt	x16,x11,x11	 x11:0x80021e58 x11:0x80021e58 x16=0x00000000
       36925000	      3593	8000992c	340032f3	csrrc	x5,mscratch,x0	  x0:0x00000000  x5=0x00000000
       36935000	      3594	80009930	008fa033	slt	x0,x31,x8	 x31:0x80025ce4  x8:0x00000324  x0=0x00000000
       36945000	      3595	80009934	13470e93	addi	x29,x14,308	 x14:0x9a828000 x29=0x9a828134
       36955000	      3596	80009938	34039ef3	csrrw	x29,mscratch,x7	  x7:0xfffffc4a x29=0x00000000
       36965000	      3597	8000993c	41185a13	srai	x20,x16,0x11	 x16:0x00000000 x20=0x00000000
       36985000	      3599	80009940	032cc0b3	div	x1,x25,x18	 x25:0x00000304 x18:0x00000000  x1=0xffffffff
       37005000	      3601	80009944	03d9cab3	div	x21,x19,x29	 x19:0xffe7e151 x29:0x00000000 x21=0xffffffff
       37015000	      3602	80009948	8d7a	c.mv	x26,x30	  x0:0x00000000 x30:0x41b3f8ae x26=0x41b3f8ae
       37025000	      3603	8000994a	00dcef63	bltu	x25,x13,80009968	 x25:0x00000304 x13:0x00000000
       37395000	      3640	8000994e	03326033	rem	x0,x4,x19	  x4:0x7ffde1a7 x19:0xffe7e151  x0=0x00000000
       37405000	      3641	80009952	90c2	c.add	x1,x16	  x1:0xffffffff x16:0x00000000  x1=0xffffffff
       37415000	      3642	80009954	c111	c.beqz	x10,80009958	 x10:0xc00000c0
       37425000	      3643	80009956	676d	c.lui	x14,0x1b	 x14=0x0001b000
       37465000	      3647	80009958	02bdb6b3	mulhu	x13,x27,x11	 x27:0xffffffff x11:0x80021e58 x13=0x80021e57
       37475000	      3648	8000995c	0a80	c.addi4spn	x8,x2,336	  x8=0x000002f4
       37485000	      3649	8000995e	0580	c.addi4spn	x8,x2,704	  x8=0x00000464
       37495000	      3650	80009960	0001	c.addi	x0,0	  x0:0x00000000  x0=0x00000000
       37505000	      3651	80009962	340354f3	csrrwi	x9,mscratch,6	  x9=0xfffffc4a
       37515000	      3652	80009966	717d	c.addi16sp	x2,-16	  x2:0x000001a4  x2=0x00000194
       37525000	      3653	80009968	8059	c.srli	x8,0x16	  x8:0x00000464  x8=0x00000000
       37535000	      3654	8000996a	9b0e	c.add	x22,x3	 x22:0x00010000  x3:0x58ce870e x22=0x58cf870e
       37545000	      3655	8000996c	0ff0000f	fence	iorw,iorw	
       37585000	      3659	80009970	02592ab3	mulhsu	x21,x18,x5	 x18:0x00000000  x5:0x00000000 x21=0x00000000
       37595000	      3660	80009974	6139	c.addi16sp	x2,448	  x2:0x00000194  x2=0x00000354
       37615000	      3662	80009976	0303fb33	remu	x22,x7,x16	  x7:0xfffffc4a x16:0x00000000 x22=0xfffffc4a
       37625000	      3663	8000997a	8d6d	c.and	x10,x11	 x10:0xc00000c0 x11:0x80021e58 x10=0x80000040
       37635000	      3664	8000997c	0ff0000f	fence	iorw,iorw	
       37665000	      3667	80009980	029f0433	mul	x8,x30,x9	 x30:0x41b3f8ae  x9:0xfffffc4a  x8=0x2e232a4c
       37675000	      3668	80009984	823a	c.mv	x4,x14	  x0:0x00000000 x14:0x0001b000  x4=0x0001b000
       37705000	      3671	80009986	024a84b3	mul	x9,x21,x4	 x21:0x00000000  x4:0x0001b000  x9=0x00000000
       37715000	      3672	8000998a	8ea5	c.xor	x13,x9	 x13:0x80021e57  x9:0x00000000 x13=0x80021e57
       37725000	      3673	8000998c	0998	c.addi4spn	x14,x2,208	 x14=0x00000424
       37735000	      3674	8000998e	0183fd63	bgeu	x7,x24,800099a8	  x7:0xfffffc4a x24:0x00000000
       38115000	      3712	800099a8	033de0b3	rem	x1,x27,x19	 x27:0xffffffff x19:0xffe7e151  x1=0xffffffff
       38125000	      3713	800099ac	889d	c.andi	x9,7	  x9:0x00000000  x9=0x00000000
       38135000	      3714	800099ae	0000100f	fence.i	
       38165000	      3717	800099b2	48a3cd17	auipc	x26,0x48a3c	 x26=0xc8a459b2
       38205000	      3721	800099b6	03e09f33	mulh	x30,x1,x30	  x1:0xffffffff x30:0x41b3f8ae x30=0xffffffff
       38215000	      3722	800099ba	340a1673	csrrw	x12,mscratch,x20	 x20:0x00000000 x12=0x00000006
       38225000	      3723	800099be	878d	c.srai	x15,0x3	 x15:0x00000304 x15=0x00000060
       38235000	      3724	800099c0	5abb0913	addi	x18,x22,1451	 x22:0xfffffc4a x18=0x000001f5
       38245000	      3725	800099c4	029cc963	blt	x25,x9,800099f6	 x25:0x00000304  x9:0x00000000
       38255000	      3726	800099c8	94e6	c.add	x9,x25	  x9:0x00000000 x25:0x00000304  x9=0x00000304
       38265000	      3727	800099ca	41a55733	sra	x14,x10,x26	 x10:0x80000040 x26:0xc8a459b2 x14=0xffffe000
       38275000	      3728	800099ce	8fb1	c.xor	x15,x12	 x15:0x00000060 x12:0x00000006 x15=0x00000066
       38285000	      3729	800099d0	01c457b3	srl	x15,x8,x28	  x8:0x2e232a4c x28:0x00000003 x15=0x05c46549
       38295000	      3730	800099d4	419b5733	sra	x14,x22,x25	 x22:0xfffffc4a x25:0x00000304 x14=0xffffffc4
       38305000	      3731	800099d8	01249d63	bne	x9,x18,800099f2	  x9:0x00000304 x18:0x000001f5
       38335000	      3734	800099f2	00506433	or	x8,x0,x5	  x0:0x00000000  x5:0x00000000  x8=0x00000000
       38345000	      3735	800099f6	e9d8f613	andi	x12,x17,-355	 x17:0x00000001 x12=0x00000001
       38355000	      3736	800099fa	34037073	csrrci	x0,mscratch,6	  x0=0x00000000
       38365000	      3737	800099fe	34003b73	csrrc	x22,mscratch,x0	  x0:0x00000000 x22=0x00000000
       38375000	      3738	80009a02	6939	c.lui	x18,0xe	 x18=0x0000e000
       38385000	      3739	80009a04	6245	c.lui	x4,0x11	  x4=0x00011000
       38395000	      3740	80009a06	1c7c1537	lui	x10,0x1c7c1	 x10=0x1c7c1000
       38405000	      3741	80009a0a	8f0d	c.sub	x14,x11	 x14:0xffffffc4 x11:0x80021e58 x14=0x7ffde16c
       38415000	      3742	80009a0c	ab91f893	andi	x17,x3,-1351	  x3:0x58ce870e x17=0x58ce8208
       38425000	      3743	80009a10	01647833	and	x16,x8,x22	  x8:0x00000000 x22:0x00000000 x16=0x00000000
       38435000	      3744	80009a14	03ef8d63	beq	x31,x30,80009a4e	 x31:0x80025ce4 x30:0xffffffff
       38445000	      3745	80009a18	05e67263	bgeu	x12,x30,80009a5c	 x12:0x00000001 x30:0xffffffff
       38455000	      3746	80009a1c	0001	c.addi	x0,0	  x0:0x00000000  x0=0x00000000
       38465000	      3747	80009a1e	822d	c.srli	x12,0xb	 x12:0x00000001 x12=0x00000000
       38475000	      3748	80009a20	012edd93	srli	x27,x29,0x12	 x29:0x00000000 x27=0x00000000
       38515000	      3752	80009a24	0290b3b3	mulhu	x7,x1,x9	  x1:0xffffffff  x9:0x00000304  x7=0x00000303
       38525000	      3753	80009a28	01da8b63	beq	x21,x29,80009a3e	 x21:0x00000000 x29:0x00000000
       38555000	      3756	80009a3e	7c21c513	xori	x10,x3,1986	  x3:0x58ce870e x10=0x58ce80cc
       38565000	      3757	80009a42	0000100f	fence.i	
       38595000	      3760	80009a46	0ff0000f	fence	iorw,iorw	
       38965000	      3797	80009a4a	02f04933	div	x18,x0,x15	  x0:0x00000000 x15:0x05c46549 x18=0x00000000
       38975000	      3798	80009a4e	01874e33	xor	x28,x14,x24	 x14:0x7ffde16c x24:0x00000000 x28=0x7ffde16c
       39015000	      3802	80009a52	02672ab3	mulhsu	x21,x14,x6	 x14:0x7ffde16c  x6:0x00000000 x21=0x00000000
       39025000	      3803	80009a56	0ed2	c.slli	x29,0x14	 x29:0x00000000 x29=0x00000000
       39035000	      3804	80009a58	00a6fb63	bgeu	x13,x10,80009a6e	 x13:0x80021e57 x10:0x58ce80cc
       39065000	      3807	80009a6e	340927f3	csrrs	x15,mscratch,x18	 x18:0x00000000 x15=0x00000000
       39075000	      3808	80009a72	0001	c.addi	x0,0	  x0:0x00000000  x0=0x00000000
       39085000	      3809	80009a74	340c3e73	csrrc	x28,mscratch,x24	 x24:0x00000000 x28=0x00000000
       39095000	      3810	80009a78	3401e473	csrrsi	x8,mscratch,3	  x8=0x00000000
       39105000	      3811	80009a7c	3404d073	csrrwi	x0,mscratch,9	  x0=0x00000000
       39115000	      3812	80009a80	8c89	c.sub	x9,x10	  x9:0x00000304 x10:0x58ce80cc  x9=0xa7318238
       39125000	      3813	80009a82	0001	c.addi	x0,0	  x0:0x00000000  x0=0x00000000
       39495000	      3850	80009a84	033062b3	rem	x5,x0,x19	  x0:0x00000000 x19:0xffe7e151  x5=0x00000000
       39535000	      3854	80009a88	028aae33	mulhsu	x28,x21,x8	 x21:0x00000000  x8:0x00000000 x28=0x00000000
       39545000	      3855	80009a8c	3403f0f3	csrrci	x1,mscratch,7	  x1=0x00000009
       39555000	      3856	80009a90	177d	c.addi	x14,-1	 x14:0x7ffde16c x14=0x7ffde16b
       39595000	      3860	80009a92	02a73bb3	mulhu	x23,x14,x10	 x14:0x7ffde16b x10:0x58ce80cc x23=0x2c66842d
       39965000	      3897	80009a96	02a25233	divu	x4,x4,x10	  x4:0x00011000 x10:0x58ce80cc  x4=0x00000000
       39975000	      3898	80009a9a	0001	c.addi	x0,0	  x0:0x00000000  x0=0x00000000
       39985000	      3899	80009a9c	0001	c.addi	x0,0	  x0:0x00000000  x0=0x00000000
       39995000	      3900	80009a9e	b880f513	andi	x10,x1,-1144	  x1:0x00000009 x10=0x00000008
       40005000	      3901	80009aa2	8ca7ad93	slti	x27,x15,-1846	 x15:0x00000000 x27=0x00000000
       40015000	      3902	80009aa6	01d91e93	slli	x29,x18,0x1d	 x18:0x00000000 x29=0x00000000
       40035000	      3904	80009aaa	035bfd33	remu	x26,x23,x21	 x23:0x2c66842d x21:0x00000000 x26=0x2c66842d
       40045000	      3905	80009aae	023ef063	bgeu	x29,x3,80009ace	 x29:0x00000000  x3:0x58ce870e
       40055000	      3906	80009ab2	87d9	c.srai	x15,0x16	 x15:0x00000000 x15=0x00000000
       40065000	      3907	80009ab4	34002473	csrrs	x8,mscratch,x0	  x0:0x00000000  x8=0x00000008
       40075000	      3908	80009ab8	00edc9b3	xor	x19,x27,x14	 x27:0x00000000 x14:0x7ffde16b x19=0x7ffde16b
       40085000	      3909	80009abc	34017273	csrrci	x4,mscratch,2	  x4=0x00000008
       40125000	      3913	80009ac0	023819b3	mulh	x19,x16,x3	 x16:0x00000000  x3:0x58ce870e x19=0x00000000
       40135000	      3914	80009ac4	4116d493	srai	x9,x13,0x11	 x13:0x80021e57  x9=0xffffc001
       40145000	      3915	80009ac8	ee25a213	slti	x4,x11,-286	 x11:0x80021e58  x4=0x00000001
       40155000	      3916	80009acc	1490	c.addi4spn	x12,x2,608	 x12=0x000005b4
       40165000	      3917	80009ace	01846533	or	x10,x8,x24	  x8:0x00000008 x24:0x00000000 x10=0x00000008
       40175000	      3918	80009ad2	340256f3	csrrwi	x13,mscratch,4	 x13=0x00000008
       40185000	      3919	80009ad6	8cdd	c.or	x9,x15	  x9:0xffffc001 x15:0x00000000  x9=0xffffc001
       40195000	      3920	80009ad8	41d35113	srai	x2,x6,0x1d	  x6:0x00000000  x2=0x00000000
       40235000	      3924	80009adc	03b3ba33	mulhu	x20,x7,x27	  x7:0x00000303 x27:0x00000000 x20=0x00000000
       40245000	      3925	80009ae0	6f04ec93	ori	x25,x9,1776	  x9:0xffffc001 x25=0xffffc6f1
       40255000	      3926	80009ae4	8ca9	c.xor	x9,x10	  x9:0xffffc001 x10:0x00000008  x9=0xffffc009
       40265000	      3927	80009ae6	8f19	c.sub	x14,x14	 x14:0x7ffde16b x14:0x7ffde16b x14=0x00000000
       40275000	      3928	80009ae8	34002ef3	csrrs	x29,mscratch,x0	  x0:0x00000000 x29=0x00000004
       40285000	      3929	80009aec	1b7d	c.addi	x22,-1	 x22:0x00000000 x22=0xffffffff
       40295000	      3930	80009aee	876d	c.srai	x14,0x1b	 x14:0x00000000 x14=0x00000000
       40305000	      3931	80009af0	16467c93	andi	x25,x12,356	 x12:0x000005b4 x25=0x00000124
       40315000	      3932	80009af4	02b51563	bne	x10,x11,80009b1e	 x10:0x00000008 x11:0x80021e58
       40335000	      3934	80009b1e	9afd	c.andi	x13,-1	 x13:0x00000008 x13=0x00000008
       40345000	      3935	80009b20	bf7e8097	auipc	x1,0xbf7e8	  x1=0x3f7f1b20
       40355000	      3936	80009b24	0001	c.addi	x0,0	  x0:0x00000000  x0=0x00000000
       40365000	      3937	80009b26	8d01	c.sub	x10,x8	 x10:0x00000008  x8:0x00000008 x10=0x00000000
       40405000	      3941	80009b28	02d1a133	mulhsu	x2,x3,x13	  x3:0x58ce870e x13:0x00000008  x2=0x00000002
       40415000	      3942	80009b2c	bd92c193	xori	x3,x5,-1063	  x5:0x00000000  x3=0xfffffbd9
       40435000	      3944	80009b30	03c05133	divu	x2,x0,x28	  x0:0x00000000 x28:0x00000000  x2=0xffffffff
       40445000	      3945	80009b34	01bb5cb3	srl	x25,x22,x27	 x22:0xffffffff x27:0x00000000 x25=0xffffffff
       40455000	      3946	80009b38	34003ef3	csrrc	x29,mscratch,x0	  x0:0x00000000 x29=0x00000004
       40465000	      3947	80009b3c	8ba9	c.andi	x15,10	 x15:0x00000000 x15=0x00000000
       40475000	      3948	80009b3e	03cc7163	bgeu	x24,x28,80009b60	 x24:0x00000000 x28:0x00000000
       40495000	      3950	80009b60	c0a9	c.beqz	x9,80009ba2	  x9:0xffffc009
       40505000	      3951	80009b62	01654d33	xor	x26,x10,x22	 x10:0x00000000 x22:0xffffffff x26=0xffffffff
       40545000	      3955	80009b66	032c9833	mulh	x16,x25,x18	 x25:0xffffffff x18:0x00000000 x16=0x00000000
       40555000	      3956	80009b6a	0001	c.addi	x0,0	  x0:0x00000000  x0=0x00000000
       40565000	      3957	80009b6c	005ba533	slt	x10,x23,x5	 x23:0x2c66842d  x5:0x00000000 x10=0x00000000
       40575000	      3958	80009b70	8289	c.srli	x13,0x2	 x13:0x00000008 x13=0x00000002
       40585000	      3959	80009b72	017bec33	or	x24,x23,x23	 x23:0x2c66842d x23:0x2c66842d x24=0x2c66842d
       40595000	      3960	80009b76	8ffd	c.and	x15,x15	 x15:0x00000000 x15:0x00000000 x15=0x00000000
       40605000	      3961	80009b78	005a1663	bne	x20,x5,80009b84	 x20:0x00000000  x5:0x00000000
       40625000	      3963	80009b7c	03326133	rem	x2,x4,x19	  x4:0x00000001 x19:0x00000000  x2=0x00000001
       40655000	      3966	80009b80	03688cb3	mul	x25,x17,x22	 x17:0x58ce8208 x22:0xffffffff x25=0xa7317df8
       40665000	      3967	80009b84	80b9	c.srli	x9,0xe	  x9:0xffffc009  x9=0x0003ffff
       40675000	      3968	80009b86	00a4d613	srli	x12,x9,0xa	  x9:0x0003ffff x12=0x000000ff
       40705000	      3971	80009b8a	02570d33	mul	x26,x14,x5	 x14:0x00000000  x5:0x00000000 x26=0x00000000
       40715000	      3972	80009b8e	e515	c.bnez	x10,80009bba	 x10:0x00000000
       41085000	      4009	80009b90	02b96733	rem	x14,x18,x11	 x18:0x00000000 x11:0x80021e58 x14=0x00000000
       41095000	      4010	80009b94	22d6c513	xori	x10,x13,557	 x13:0x00000002 x10=0x0000022f
       41105000	      4011	80009b98	8e35	c.xor	x12,x13	 x12:0x000000ff x13:0x00000002 x12=0x000000fd
       41125000	      4013	80009b9a	02567633	remu	x12,x12,x5	 x12:0x000000fd  x5:0x00000000 x12=0x000000fd
       41135000	      4014	80009b9e	03c70763	beq	x14,x28,80009bcc	 x14:0x00000000 x28:0x00000000
       41515000	      4052	80009bcc	03796d33	rem	x26,x18,x23	 x18:0x00000000 x23:0x2c66842d x26=0x00000000
       41525000	      4053	80009bd0	e309	c.bnez	x14,80009bd2	 x14:0x00000000
       41535000	      4054	80009bd2	340026f3	csrrs	x13,mscratch,x0	  x0:0x00000000 x13=0x00000004
       41545000	      4055	80009bd6	340912f3	csrrw	x5,mscratch,x18	 x18:0x00000000  x5=0x00000004
       41555000	      4056	80009bda	979e	c.add	x15,x7	 x15:0x00000000  x7:0x00000303 x15=0x00000303
       41565000	      4057	80009bdc	0131e0b3	or	x1,x3,x19	  x3:0xfffffbd9 x19:0x00000000  x1=0xfffffbd9
       41595000	      4060	80009be0	02cc0eb3	mul	x29,x24,x12	 x24:0x2c66842d x12:0x000000fd x29=0xe150a079
       41605000	      4061	80009be4	02d84463	blt	x16,x13,80009c0c	 x16:0x00000000 x13:0x00000004
       41625000	      4063	80009c0c	04af5363	bge	x30,x10,80009c52	 x30:0xffffffff x10:0x0000022f
       41635000	      4064	80009c10	8e49	c.or	x12,x10	 x12:0x000000fd x10:0x0000022f x12=0x000002ff
       41645000	      4065	80009c12	01b64463	blt	x12,x27,80009c1a	 x12:0x000002ff x27:0x00000000
       41655000	      4066	80009c16	01ead833	srl	x16,x21,x30	 x21:0x00000000 x30:0xffffffff x16=0x00000000
       41665000	      4067	80009c1a	fb4c7f13	andi	x30,x24,-76	 x24:0x2c66842d x30=0x2c668424
       41675000	      4068	80009c1e	0ff0000f	fence	iorw,iorw	
       41685000	      4069	80009c22	c0a1	c.beqz	x9,80009c62	  x9:0x0003ffff
       41695000	      4070	80009c24	00066a33	or	x20,x12,x0	 x12:0x000002ff  x0:0x00000000 x20=0x000002ff
       41735000	      4074	80009c28	020d9533	mulh	x10,x27,x0	 x27:0x00000000  x0:0x00000000 x10=0x00000000
       41745000	      4075	80009c2c	4002db93	srai	x23,x5,0x0	  x5:0x00000004 x23=0x00000004
       41755000	      4076	80009c30	da9e4117	auipc	x2,0xda9e4	  x2=0x5a9edc30
       41765000	      4077	80009c34	3401d8f3	csrrwi	x17,mscratch,3	 x17=0x00000000
       41775000	      4078	80009c38	01af1d63	bne	x30,x26,80009c52	 x30:0x2c668424 x26:0x00000000
       41795000	      4080	80009c52	8675	c.srai	x12,0x1d	 x12:0x000002ff x12=0x00000000
       41805000	      4081	80009c54	340031f3	csrrc	x3,mscratch,x0	  x0:0x00000000  x3=0x00000003
       41815000	      4082	80009c58	0193d213	srli	x4,x7,0x19	  x7:0x00000303  x4=0x00000000
       41825000	      4083	80009c5c	340cb473	csrrc	x8,mscratch,x25	 x25:0xa7317df8  x8=0x00000003
       41835000	      4084	80009c60	8c1d	c.sub	x8,x15	  x8:0x00000003 x15:0x00000303  x8=0xfffffd00
       41845000	      4085	80009c62	8c05	c.sub	x8,x9	  x8:0xfffffd00  x9:0x0003ffff  x8=0xfffbfd01
       41875000	      4088	80009c64	028406b3	mul	x13,x8,x8	  x8:0xfffbfd01  x8:0xfffbfd01 x13=0x1800fa01
       41885000	      4089	80009c68	0096fe33	and	x28,x13,x9	 x13:0x1800fa01  x9:0x0003ffff x28=0x0000fa01
       41895000	      4090	80009c6c	41188db3	sub	x27,x17,x17	 x17:0x00000000 x17:0x00000000 x27=0x00000000
       41905000	      4091	80009c70	d00dfd13	andi	x26,x27,-768	 x27:0x00000000 x26=0x00000000
       41915000	      4092	80009c74	0179f663	bgeu	x19,x23,80009c80	 x19:0x00000000 x23:0x00000004
       41925000	      4093	80009c78	e899	c.bnez	x9,80009c8e	  x9:0x0003ffff
       41955000	      4096	80009c8e	400fdc93	srai	x25,x31,0x0	 x31:0x80025ce4 x25=0x80025ce4
       41975000	      4098	80009c92	02cf5033	divu	x0,x30,x12	 x30:0x2c668424 x12:0x00000000  x0=0x00000000
       41985000	      4099	80009c96	717d	c.addi16sp	x2,-16	  x2:0x5a9edc30  x2=0x5a9edc20
       41995000	      4100	80009c98	ea9d	c.bnez	x13,80009cce	 x13:0x1800fa01
       42025000	      4103	80009cce	0000100f	fence.i	
       42085000	      4109	80009cd2	039b9033	mulh	x0,x23,x25	 x23:0x00000004 x25:0x80025ce4  x0=0x00000000
       42095000	      4110	80009cd6	0649	c.addi	x12,18	 x12:0x00000000 x12=0x00000012
       42105000	      4111	80009cd8	6c96ab93	slti	x23,x13,1737	 x13:0x1800fa01 x23=0x00000000
       42115000	      4112	80009cdc	01ad22b3	slt	x5,x26,x26	 x26:0x00000000 x26:0x00000000  x5=0x00000000
       42125000	      4113	80009ce0	e40d	c.bnez	x8,80009d0a	  x8:0xfffbfd01
       42155000	      4116	80009d0a	0060a8b3	slt	x17,x1,x6	  x1:0xfffffbd9  x6:0x00000000 x17=0x00000001
       42165000	      4117	80009d0e	340ea673	csrrs	x12,mscratch,x29	 x29:0xe150a079 x12=0x00000003
       42535000	      4154	80009d12	031cedb3	rem	x27,x25,x17	 x25:0x80025ce4 x17:0x00000001 x27=0x00000000
       42545000	      4155	80009d16	8ce5	c.and	x9,x9	  x9:0x0003ffff  x9:0x0003ffff  x9=0x0003ffff
       42555000	      4156	80009d18	340221f3	csrrs	x3,mscratch,x4	  x4:0x00000000  x3=0xe150a07b
       42565000	      4157	80009d1c	03bc5863	bge	x24,x27,80009d4c	 x24:0x2c66842d x27:0x00000000
       42585000	      4159	80009d4c	340023f3	csrrs	x7,mscratch,x0	  x0:0x00000000  x7=0xe150a07b
       42595000	      4160	80009d50	06391163	bne	x18,x3,80009db2	 x18:0x00000000  x3:0xe150a07b
       42625000	      4163	80009db2	003037b3	sltu	x15,x0,x3	  x0:0x00000000  x3:0xe150a07b x15=0x00000001
       42635000	      4164	80009db6	ce05	c.beqz	x12,80009dee	 x12:0x00000003
       42645000	      4165	80009db8	c005	c.beqz	x8,80009dd8	  x8:0xfffbfd01
       42655000	      4166	80009dba	e209	c.bnez	x12,80009dbc	 x12:0x00000003
       42675000	      4168	80009dbc	0001	c.addi	x0,0	  x0:0x00000000  x0=0x00000000
       42685000	      4169	80009dbe	149aa493	slti	x9,x21,329	 x21:0x00000000  x9=0x00000001
       42695000	      4170	80009dc2	499d	c.li	x19,7	 x19=0x00000007
       42735000	      4174	80009dc4	028d1a33	mulh	x20,x26,x8	 x26:0x00000000  x8:0xfffbfd01 x20=0x00000000
       42745000	      4175	80009dc8	340028f3	csrrs	x17,mscratch,x0	  x0:0x00000000 x17=0xe150a07b
       42755000	      4176	80009dcc	0001	c.addi	x0,0	  x0:0x00000000  x0=0x00000000
       42765000	      4177	80009dce	0000100f	fence.i	
       42825000	      4183	80009dd2	02c711b3	mulh	x3,x14,x12	 x14:0x00000000 x12:0x00000003  x3=0x00000000
       42835000	      4184	80009dd6	1510	c.addi4spn	x12,x2,672	 x12=0x5a9edec0
       42845000	      4185	80009dd8	408c5f33	sra	x30,x24,x8	 x24:0x2c66842d  x8:0xfffbfd01 x30=0x16334216
       42855000	      4186	80009ddc	01ee6833	or	x16,x28,x30	 x28:0x0000fa01 x30:0x16334216 x16=0x1633fa17
       42865000	      4187	80009de0	cd1d	c.beqz	x10,80009e1e	 x10:0x00000000
       42885000	      4189	80009e1e	018e	c.slli	x3,0x3	  x3:0x00000000  x3=0x00000000
       42895000	      4190	80009e20	005f1cb3	sll	x25,x30,x5	 x30:0x16334216  x5:0x00000000 x25=0x16334216
       42905000	      4191	80009e24	34003773	csrrc	x14,mscratch,x0	  x0:0x00000000 x14=0xe150a07b
       42915000	      4192	80009e28	006f8663	beq	x31,x6,80009e34	 x31:0x80025ce4  x6:0x00000000
       42945000	      4195	80009e2c	02c88db3	mul	x27,x17,x12	 x17:0xe150a07b x12:0x5a9edec0 x27=0x318d0640
       42955000	      4196	80009e30	34003f73	csrrc	x30,mscratch,x0	  x0:0x00000000 x30=0xe150a07b
       42965000	      4197	80009e34	80dd	c.srli	x9,0x17	  x9:0x00000001  x9=0x00000000
       42975000	      4198	80009e36	8245	c.srli	x12,0x11	 x12:0x5a9edec0 x12=0x00002d4f
       42985000	      4199	80009e38	a9e3a293	slti	x5,x7,-1378	  x7:0xe150a07b  x5=0x00000001
       42995000	      4200	80009e3c	82b9	c.srli	x13,0xe	 x13:0x1800fa01 x13=0x00006003
       43005000	      4201	80009e3e	34003cf3	csrrc	x25,mscratch,x0	  x0:0x00000000 x25=0xe150a07b
       43015000	      4202	80009e42	1c84	c.addi4spn	x9,x2,624	  x9=0x5a9ede90
       43025000	      4203	80009e44	0100bd33	sltu	x26,x1,x16	  x1:0xfffffbd9 x16:0x1633fa17 x26=0x00000000
       43055000	      4206	80009e48	024d87b3	mul	x15,x27,x4	 x27:0x318d0640  x4:0x00000000 x15=0x00000000
       43065000	      4207	80009e4c	01877eb3	and	x29,x14,x24	 x14:0xe150a07b x24:0x2c66842d x29=0x20408029
       43075000	      4208	80009e50	01216463	bltu	x2,x18,80009e58	  x2:0x5a9edc20 x18:0x00000000
       43085000	      4209	80009e54	8116	c.mv	x2,x5	  x0:0x00000000  x5:0x00000001  x2=0x00000001
       43095000	      4210	80009e56	cb85	c.beqz	x15,80009e86	 x15:0x00000000
       43115000	      4212	80009e86	8f8d	c.sub	x15,x11	 x15:0x00000000 x11:0x80021e58 x15=0x7ffde1a8
       43125000	      4213	80009e88	00ca9c13	slli	x24,x21,0xc	 x21:0x00000000 x24=0x00000000
       43135000	      4214	80009e8c	0182ebb3	or	x23,x5,x24	  x5:0x00000001 x24:0x00000000 x23=0x00000001
       43145000	      4215	80009e90	4da5	c.li	x27,9	 x27=0x00000009
       43155000	      4216	80009e92	00de4bb3	xor	x23,x28,x13	 x28:0x0000fa01 x13:0x00006003 x23=0x00009a02
       43165000	      4217	80009e96	83d00d13	addi	x26,x0,-1987	  x0:0x00000000 x26=0xfffff83d
       43175000	      4218	80009e9a	34045c73	csrrwi	x24,mscratch,8	 x24=0xe150a07b
       43185000	      4219	80009e9e	cb002193	slti	x3,x0,-848	  x0:0x00000000  x3=0x00000000
       43195000	      4220	80009ea2	6e8f7613	andi	x12,x30,1768	 x30:0xe150a07b x12=0x00000068
       43215000	      4222	80009ea6	0242ee33	rem	x28,x5,x4	  x5:0x00000001  x4:0x00000000 x28=0x00000001
       43225000	      4223	80009eaa	021ff663	bgeu	x31,x1,80009ed6	 x31:0x80025ce4  x1:0xfffffbd9
       43235000	      4224	80009eae	8c2d	c.xor	x8,x11	  x8:0xfffbfd01 x11:0x80021e58  x8=0x7ff9e359
       43245000	      4225	80009eb0	6141	c.addi16sp	x2,16	  x2:0x00000001  x2=0x00000011
       43255000	      4226	80009eb2	31238b93	addi	x23,x7,786	  x7:0xe150a07b x23=0xe150a38d
       43265000	      4227	80009eb6	0ff0000f	fence	iorw,iorw	
       43275000	      4228	80009eba	0050e763	bltu	x1,x5,80009ec8	  x1:0xfffffbd9  x5:0x00000001
       43285000	      4229	80009ebe	9252	c.add	x4,x20	  x4:0x00000000 x20:0x00000000  x4=0x00000000
       43295000	      4230	80009ec0	34003bf3	csrrc	x23,mscratch,x0	  x0:0x00000000 x23=0x00000008
       43305000	      4231	80009ec4	019e0b33	add	x22,x28,x25	 x28:0x00000001 x25:0xe150a07b x22=0xe150a07c
       43315000	      4232	80009ec8	6155	c.addi16sp	x2,304	  x2:0x00000011  x2=0x00000141
       43325000	      4233	80009eca	002146b3	xor	x13,x2,x2	  x2:0x00000141  x2:0x00000141 x13=0x00000000
       43335000	      4234	80009ece	0000100f	fence.i	
       43365000	      4237	80009ed2	000bd713	srli	x14,x23,0x0	 x23:0x00000008 x14=0x00000008
       43375000	      4238	80009ed6	b97223b7	lui	x7,0xb9722	  x7=0xb9722000
       43385000	      4239	80009eda	e681	c.bnez	x13,80009ee2	 x13:0x00000000
       43395000	      4240	80009edc	34002d73	csrrs	x26,mscratch,x0	  x0:0x00000000 x26=0x00000008
       43405000	      4241	80009ee0	1508	c.addi4spn	x10,x2,672	 x10=0x000003e1
       43415000	      4242	80009ee2	008b4863	blt	x22,x8,80009ef2	 x22:0xe150a07c  x8:0x7ff9e359
       43435000	      4244	80009ef2	0001	c.addi	x0,0	  x0:0x00000000  x0=0x00000000
       43475000	      4248	80009ef4	03fb1db3	mulh	x27,x22,x31	 x22:0xe150a07c x31:0x80025ce4 x27=0x0f576740
       43485000	      4249	80009ef8	0386c663	blt	x13,x24,80009f24	 x13:0x00000000 x24:0xe150a07b
       43855000	      4286	80009efc	037877b3	remu	x15,x16,x23	 x16:0x1633fa17 x23:0x00000008 x15=0x00000007
       43865000	      4287	80009f00	8c99	c.sub	x9,x14	  x9:0x5a9ede90 x14:0x00000008  x9=0x5a9ede88
       43875000	      4288	80009f02	340f3073	csrrc	x0,mscratch,x30	 x30:0xe150a07b  x0=0x00000000
       43885000	      4289	80009f06	340069f3	csrrsi	x19,mscratch,0	 x19=0x00000000
       43895000	      4290	80009f0a	34053873	csrrc	x16,mscratch,x10	 x10:0x000003e1 x16=0x00000000
       43905000	      4291	80009f0e	68529097	auipc	x1,0x68529	  x1=0xe8532f0e
       43915000	      4292	80009f12	017ee6b3	or	x13,x29,x23	 x29:0x20408029 x23:0x00000008 x13=0x20408029
       43925000	      4293	80009f16	8e91	c.sub	x13,x12	 x13:0x20408029 x12:0x00000068 x13=0x20407fc1
       43935000	      4294	80009f18	f9073c93	sltiu	x25,x14,-112	 x14:0x00000008 x25=0x00000001
       43975000	      4298	80009f1c	03822c33	mulhsu	x24,x4,x24	  x4:0x00000000 x24:0xe150a07b x24=0x00000000
       43985000	      4299	80009f20	4168d293	srai	x5,x17,0x16	 x17:0xe150a07b  x5=0xffffff85
       43995000	      4300	80009f24	0000100f	fence.i	
       44015000	      4302	80009f28	79190b93	addi	x23,x18,1937	 x18:0x00000000 x23=0x00000791
       44025000	      4303	80009f2c	0000100f	fence.i	
       44045000	      4305	80009f30	340234f3	csrrc	x9,mscratch,x4	  x4:0x00000000  x9=0x00000000
       44055000	      4306	80009f34	0001	c.addi	x0,0	  x0:0x00000000  x0=0x00000000
       44425000	      4343	80009f36	0369d1b3	divu	x3,x19,x22	 x19:0x00000000 x22:0xe150a07c  x3=0x00000000
       44435000	      4344	80009f3a	340991f3	csrrw	x3,mscratch,x19	 x19:0x00000000  x3=0x00000000
       44445000	      4345	80009f3e	0003dd93	srli	x27,x7,0x0	  x7:0xb9722000 x27=0xb9722000
       44485000	      4349	80009f42	03831933	mulh	x18,x6,x24	  x6:0x00000000 x24:0x00000000 x18=0x00000000
       44495000	      4350	80009f46	c4ec4397	auipc	x7,0xc4ec4	  x7=0x44ecdf46
       44505000	      4351	80009f4a	ed15	c.bnez	x10,80009f86	 x10:0x000003e1
       44535000	      4354	80009f86	34035df3	csrrwi	x27,mscratch,6	 x27=0x00000000
       44545000	      4355	80009f8a	9a16	c.add	x20,x5	 x20:0x00000000  x5:0xffffff85 x20=0xffffff85
       44555000	      4356	80009f8c	01f61e63	bne	x12,x31,80009fa8	 x12:0x00000068 x31:0x80025ce4
       44575000	      4358	80009fa8	0561	c.addi	x10,24	 x10:0x000003e1 x10=0x000003f9
       44585000	      4359	80009faa	00ac17b3	sll	x15,x24,x10	 x24:0x00000000 x10:0x000003f9 x15=0x00000000
       44595000	      4360	80009fae	8c0d	c.sub	x8,x11	  x8:0x7ff9e359 x11:0x80021e58  x8=0xfff7c501
       44965000	      4397	80009fb0	027d71b3	remu	x3,x26,x7	 x26:0x00000008  x7:0x44ecdf46  x3=0x00000008
       44975000	      4398	80009fb4	011786b3	add	x13,x15,x17	 x15:0x00000000 x17:0xe150a07b x13=0xe150a07b
       44985000	      4399	80009fb8	cf01	c.beqz	x14,80009fd0	 x14:0x00000008
       44995000	      4400	80009fba	016d52b3	srl	x5,x26,x22	 x26:0x00000008 x22:0xe150a07c  x5=0x00000000
       45005000	      4401	80009fbe	009a4c63	blt	x20,x9,80009fd6	 x20:0xffffff85  x9:0x00000000
       45035000	      4404	80009fd6	34003cf3	csrrc	x25,mscratch,x0	  x0:0x00000000 x25=0x00000006
       45045000	      4405	80009fda	00f71263	bne	x14,x15,80009fde	 x14:0x00000008 x15:0x00000000
       45075000	      4408	80009fde	01539213	slli	x4,x7,0x15	  x7:0x44ecdf46  x4=0xe8c00000
       45445000	      4445	80009fe2	034e69b3	rem	x19,x28,x20	 x28:0x00000001 x20:0xffffff85 x19=0x00000001
       45455000	      4446	80009fe6	8719	c.srai	x14,0x6	 x14:0x00000008 x14=0x00000000
       45465000	      4447	80009fe8	9afd	c.andi	x13,-1	 x13:0xe150a07b x13=0xe150a07b
       45475000	      4448	80009fea	57fd	c.li	x15,-1	 x15=0xffffffff
       45845000	      4485	80009fec	02175cb3	divu	x25,x14,x1	 x14:0x00000000  x1:0xe8532f0e x25=0x00000000
       45855000	      4486	80009ff0	00e103b3	add	x7,x2,x14	  x2:0x00000141 x14:0x00000000  x7=0x00000141
       45865000	      4487	80009ff4	0000100f	fence.i	
       45885000	      4489	80009ff8	1888	c.addi4spn	x10,x2,112	 x10=0x000001b1
       45905000	      4491	80009ffa	03837233	remu	x4,x6,x24	  x6:0x00000000 x24:0x00000000  x4=0x00000000
       46275000	      4528	80009ffe	033bd233	divu	x4,x23,x19	 x23:0x00000791 x19:0x00000001  x4=0x00000791
       46315000	      4532	8000a002	03f93d33	mulhu	x26,x18,x31	 x18:0x00000000 x31:0x80025ce4 x26=0x00000000
       46355000	      4536	8000a006	02b412b3	mulh	x5,x8,x11	  x8:0xfff7c501 x11:0x80021e58  x5=0x00041d6e
       46365000	      4537	8000a00a	088a	c.slli	x17,0x2	 x17:0xe150a07b x17=0x854281ec
       46735000	      4574	8000a00c	02767ab3	remu	x21,x12,x7	 x12:0x00000068  x7:0x00000141 x21=0x00000068
       46745000	      4575	8000a010	11fd	c.addi	x3,-1	  x3:0x00000008  x3=0x00000007
       46755000	      4576	8000a012	172d7213	andi	x4,x26,370	 x26:0x00000000  x4=0x00000000
       46765000	      4577	8000a016	010fc033	xor	x0,x31,x16	 x31:0x80025ce4 x16:0x00000000  x0=0x00000000
       46775000	      4578	8000a01a	5afd	c.li	x21,-1	 x21=0xffffffff
       46785000	      4579	8000a01c	3401bc73	csrrc	x24,mscratch,x3	  x3:0x00000007 x24=0x00000006
       46795000	      4580	8000a020	01f5e633	or	x12,x11,x31	 x11:0x80021e58 x31:0x80025ce4 x12=0x80025efc
       46825000	      4583	8000a024	022f0e33	mul	x28,x30,x2	 x30:0xe150a07b  x2:0x00000141 x28=0x86193a3b
       46835000	      4584	8000a028	0ff0000f	fence	iorw,iorw	
       46845000	      4585	8000a02c	eed06513	ori	x10,x0,-275	  x0:0x00000000 x10=0xfffffeed
       46885000	      4589	8000a030	03d816b3	mulh	x13,x16,x29	 x16:0x00000000 x29:0x20408029 x13=0x00000000
       46895000	      4590	8000a034	34007c73	csrrci	x24,mscratch,0	 x24=0x00000000
       46905000	      4591	8000a038	8f9d	c.sub	x15,x15	 x15:0xffffffff x15:0xffffffff x15=0x00000000
       46915000	      4592	8000a03a	6179	c.addi16sp	x2,464	  x2:0x00000141  x2=0x00000311
       46925000	      4593	8000a03c	01585133	srl	x2,x16,x21	 x16:0x00000000 x21:0xffffffff  x2=0x00000000
       46935000	      4594	8000a040	01ca68b3	or	x17,x20,x28	 x20:0xffffff85 x28:0x86193a3b x17=0xffffffbf
       46945000	      4595	8000a044	01fba633	slt	x12,x23,x31	 x23:0x00000791 x31:0x80025ce4 x12=0x00000000
       46955000	      4596	8000a048	017cfbb3	and	x23,x25,x23	 x25:0x00000000 x23:0x00000791 x23=0x00000000
       46965000	      4597	8000a04c	5d7d	c.li	x26,-1	 x26=0xffffffff
       46975000	      4598	8000a04e	8175	c.srli	x10,0x1d	 x10:0xfffffeed x10=0x00000007
       46985000	      4599	8000a050	311a2913	slti	x18,x20,785	 x20:0xffffff85 x18=0x00000001
       47355000	      4636	8000a054	021ada33	divu	x20,x21,x1	 x21:0xffffffff  x1:0xe8532f0e x20=0x00000001
       47365000	      4637	8000a058	4bd5	c.li	x23,21	 x23=0x00000015
       47375000	      4638	8000a05a	86d5	c.srai	x13,0x15	 x13:0x00000000 x13=0x00000000
       47385000	      4639	8000a05c	717d	c.addi16sp	x2,-16	  x2:0x00000000  x2=0xfffffff0
       47395000	      4640	8000a05e	5ece6b93	ori	x23,x28,1516	 x28:0x86193a3b x23=0x86193fff
       47405000	      4641	8000a062	9def6193	ori	x3,x30,-1570	 x30:0xe150a07b  x3=0xfffff9ff
       47415000	      4642	8000a066	8c11	c.sub	x8,x12	  x8:0xfff7c501 x12:0x00000000  x8=0xfff7c501
       47785000	      4679	8000a068	02bb6833	rem	x16,x22,x11	 x22:0xe150a07c x11:0x80021e58 x16=0xe150a07c
       47795000	      4680	8000a06c	0ff0000f	fence	iorw,iorw	
       47805000	      4681	8000a070	1a14	c.addi4spn	x13,x2,304	 x13=0x00000120
       47815000	      4682	8000a072	8489	c.srai	x9,0x2	  x9:0x00000000  x9=0x00000000
       47825000	      4683	8000a074	3409f6f3	csrrci	x13,mscratch,19	 x13=0x00000000
       47835000	      4684	8000a078	c5def013	andi	x0,x29,-931	 x29:0x20408029  x0=0x00000000
       47845000	      4685	8000a07c	001bfe63	bgeu	x23,x1,8000a098	 x23:0x86193fff  x1:0xe8532f0e
       48215000	      4722	8000a080	034278b3	remu	x17,x4,x20	  x4:0x00000000 x20:0x00000001 x17=0x00000000
       48225000	      4723	8000a084	340b1a73	csrrw	x20,mscratch,x22	 x22:0xe150a07c x20=0x00000000
       48235000	      4724	8000a088	3409d073	csrrwi	x0,mscratch,19	  x0=0x00000000
       48245000	      4725	8000a08c	031b4763	blt	x22,x17,8000a0ba	 x22:0xe150a07c x17:0x00000000
       48305000	      4731	8000a0ba	021a30b3	mulhu	x1,x20,x1	 x20:0x00000000  x1:0xe8532f0e  x1=0x00000000
       48315000	      4732	8000a0be	0000100f	fence.i	
       48335000	      4734	8000a0c2	8ee1	c.and	x13,x8	 x13:0x00000000  x8:0xfff7c501 x13=0x00000000
       48345000	      4735	8000a0c4	83a9	c.srli	x15,0xa	 x15:0x00000000 x15=0x00000000
       48355000	      4736	8000a0c6	03ad0863	beq	x26,x26,8000a0f6	 x26:0xffffffff x26:0xffffffff
       48385000	      4739	8000a0f6	41215eb3	sra	x29,x2,x18	  x2:0xfffffff0 x18:0x00000001 x29=0xfffffff8
       48395000	      4740	8000a0fa	0ff0000f	fence	iorw,iorw	
       48415000	      4742	8000a0fe	034fed33	rem	x26,x31,x20	 x31:0x80025ce4 x20:0x00000000 x26=0x80025ce4
       48425000	      4743	8000a102	00049893	slli	x17,x9,0x0	  x9:0x00000000 x17=0x00000000
       48435000	      4744	8000a106	0ff0000f	fence	iorw,iorw	
       48445000	      4745	8000a10a	004ec533	xor	x10,x29,x4	 x29:0xfffffff8  x4:0x00000000 x10=0xfffffff8
       48455000	      4746	8000a10e	3401fc73	csrrci	x24,mscratch,3	 x24=0x00000013
       48465000	      4747	8000a112	8eb2	c.mv	x29,x12	  x0:0x00000000 x12:0x00000000 x29=0x00000000
       48475000	      4748	8000a114	34002e73	csrrs	x28,mscratch,x0	  x0:0x00000000 x28=0x00000010
       48495000	      4750	8000a118	02faf833	remu	x16,x21,x15	 x21:0xffffffff x15:0x00000000 x16=0xffffffff
       48505000	      4751	8000a11c	9e70e1b7	lui	x3,0x9e70e	  x3=0x9e70e000
       48515000	      4752	8000a120	01893f33	sltu	x30,x18,x24	 x18:0x00000001 x24:0x00000013 x30=0x00000001
       48525000	      4753	8000a124	987d	c.andi	x8,-1	  x8:0xfff7c501  x8=0xfff7c501
       48535000	      4754	8000a126	8fd1	c.or	x15,x12	 x15:0x00000000 x12:0x00000000 x15=0x00000000
       48545000	      4755	8000a128	00df5263	bge	x30,x13,8000a12c	 x30:0x00000001 x13:0x00000000
       48565000	      4757	8000a12c	00b580b3	add	x1,x11,x11	 x11:0x80021e58 x11:0x80021e58  x1=0x00043cb0
       48575000	      4758	8000a130	177d	c.addi	x14,-1	 x14:0x00000000 x14=0xffffffff
       48585000	      4759	8000a132	01769663	bne	x13,x23,8000a13e	 x13:0x00000000 x23:0x86193fff
       48645000	      4765	8000a13e	03c4a933	mulhsu	x18,x9,x28	  x9:0x00000000 x28:0x00000010 x18=0x00000000
       48655000	      4766	8000a142	01ec80b3	add	x1,x25,x30	 x25:0x00000000 x30:0x00000001  x1=0x00000001
       48665000	      4767	8000a146	340b91f3	csrrw	x3,mscratch,x23	 x23:0x86193fff  x3=0x00000010
       48675000	      4768	8000a14a	02139163	bne	x7,x1,8000a16c	  x7:0x00000141  x1:0x00000001
       48695000	      4770	8000a16c	03909e63	bne	x1,x25,8000a1a8	  x1:0x00000001 x25:0x00000000
       48715000	      4772	8000a1a8	001a9a13	slli	x20,x21,0x1	 x21:0xffffffff x20=0xfffffffe
       48735000	      4774	8000a1ac	039eef33	rem	x30,x29,x25	 x29:0x00000000 x25:0x00000000 x30=0x00000000
       48745000	      4775	8000a1b0	00d39e93	slli	x29,x7,0xd	  x7:0x00000141 x29=0x00282000
       48755000	      4776	8000a1b4	34007c73	csrrci	x24,mscratch,0	 x24=0x86193fff
       48765000	      4777	8000a1b8	0ff0000f	fence	iorw,iorw	
       48775000	      4778	8000a1bc	00419993	slli	x19,x3,0x4	  x3:0x00000010 x19=0x00000100
       48785000	      4779	8000a1c0	4131	c.li	x2,12	  x2=0x0000000c
       48795000	      4780	8000a1c2	40e15d33	sra	x26,x2,x14	  x2:0x0000000c x14:0xffffffff x26=0x00000000
       48805000	      4781	8000a1c6	deff7d93	andi	x27,x30,-529	 x30:0x00000000 x27=0x00000000
       48815000	      4782	8000a1ca	868a	c.mv	x13,x2	  x0:0x00000000  x2:0x0000000c x13=0x0000000c
       48825000	      4783	8000a1cc	01a9d6b3	srl	x13,x19,x26	 x19:0x00000100 x26:0x00000000 x13=0x00000100
       48835000	      4784	8000a1d0	20a33193	sltiu	x3,x6,522	  x6:0x00000000  x3=0x00000001
       48845000	      4785	8000a1d4	0116e6b3	or	x13,x13,x17	 x13:0x00000100 x17:0x00000000 x13=0x00000100
       48855000	      4786	8000a1d8	34006a73	csrrsi	x20,mscratch,0	 x20=0x86193fff
       48865000	      4787	8000a1dc	00be1db3	sll	x27,x28,x11	 x28:0x00000010 x11:0x80021e58 x27=0x10000000
       48875000	      4788	8000a1e0	0001	c.addi	x0,0	  x0:0x00000000  x0=0x00000000
       48885000	      4789	8000a1e2	012bb233	sltu	x4,x23,x18	 x23:0x86193fff x18:0x00000000  x4=0x00000000
       48895000	      4790	8000a1e6	597d	c.li	x18,-1	 x18=0xffffffff
       48905000	      4791	8000a1e8	00ea33b3	sltu	x7,x20,x14	 x20:0x86193fff x14:0xffffffff  x7=0x00000001
       48915000	      4792	8000a1ec	8fad	c.xor	x15,x11	 x15:0x00000000 x11:0x80021e58 x15=0x80021e58
       48925000	      4793	8000a1ee	00d25233	srl	x4,x4,x13	  x4:0x00000000 x13:0x00000100  x4=0x00000000
       48935000	      4794	8000a1f2	612d	c.addi16sp	x2,224	  x2:0x0000000c  x2=0x000000ec
       48945000	      4795	8000a1f4	611d	c.addi16sp	x2,416	  x2:0x000000ec  x2=0x0000028c
       48985000	      4799	8000a1f6	03f5a033	mulhsu	x0,x11,x31	 x11:0x80021e58 x31:0x80025ce4  x0=0x00000000
       48995000	      4800	8000a1fa	004aec63	bltu	x21,x4,8000a212	 x21:0xffffffff  x4:0x00000000
       49005000	      4801	8000a1fe	0001	c.addi	x0,0	  x0:0x00000000  x0=0x00000000
       49015000	      4802	8000a200	09ada693	slti	x13,x27,154	 x27:0x10000000 x13=0x00000000
       49025000	      4803	8000a204	8e4d	c.or	x12,x11	 x12:0x00000000 x11:0x80021e58 x12=0x80021e58
       49035000	      4804	8000a206	03118c63	beq	x3,x17,8000a23e	  x3:0x00000001 x17:0x00000000
       49045000	      4805	8000a20a	41d40833	sub	x16,x8,x29	  x8:0xfff7c501 x29:0x00282000 x16=0xffcfa501
       49055000	      4806	8000a20e	d6a74c93	xori	x25,x14,-662	 x14:0xffffffff x25=0x00000295
       49065000	      4807	8000a212	8c9d	c.sub	x9,x15	  x9:0x00000000 x15:0x80021e58  x9=0x7ffde1a8
       49075000	      4808	8000a214	8f89	c.sub	x15,x10	 x15:0x80021e58 x10:0xfffffff8 x15=0x80021e60
       49085000	      4809	8000a216	8489bc93	sltiu	x25,x19,-1976	 x19:0x00000100 x25=0x00000001
       49095000	      4810	8000a21a	05ece463	bltu	x25,x30,8000a262	 x25:0x00000001 x30:0x00000000
       49105000	      4811	8000a21e	3406e4f3	csrrsi	x9,mscratch,13	  x9=0x86193fff
       49115000	      4812	8000a222	3400d3f3	csrrwi	x7,mscratch,1	  x7=0x86193fff
       49125000	      4813	8000a226	0071df13	srli	x30,x3,0x7	  x3:0x00000001 x30=0x00000000
       49135000	      4814	8000a22a	05145063	bge	x8,x17,8000a26a	  x8:0xfff7c501 x17:0x00000000
       49145000	      4815	8000a22e	21a9b713	sltiu	x14,x19,538	 x19:0x00000100 x14=0x00000001
       49155000	      4816	8000a232	03709e63	bne	x1,x23,8000a26e	  x1:0x00000001 x23:0x86193fff
       49175000	      4818	8000a26e	8ec6	c.mv	x29,x17	  x0:0x00000000 x17:0x00000000 x29=0x00000000
       49185000	      4819	8000a270	00c5d6b3	srl	x13,x11,x12	 x11:0x80021e58 x12:0x80021e58 x13=0x00000080
       49555000	      4856	8000a274	03f15933	divu	x18,x2,x31	  x2:0x0000028c x31:0x80025ce4 x18=0x00000000
       49565000	      4857	8000a278	03331563	bne	x6,x19,8000a2a2	  x6:0x00000000 x19:0x00000100
       49585000	      4859	8000a2a2	8e71	c.and	x12,x12	 x12:0x80021e58 x12:0x80021e58 x12=0x80021e58
       49595000	      4860	8000a2a4	006bcc63	blt	x23,x6,8000a2bc	 x23:0x86193fff  x6:0x00000000
       49615000	      4862	8000a2bc	11fd	c.addi	x3,-1	  x3:0x00000001  x3=0x00000000
       49625000	      4863	8000a2be	00a5db63	bge	x11,x10,8000a2d4	 x11:0x80021e58 x10:0xfffffff8
       49635000	      4864	8000a2c2	80e1	c.srli	x9,0x18	  x9:0x86193fff  x9=0x00000086
       49645000	      4865	8000a2c4	00b95813	srli	x16,x18,0xb	 x18:0x00000000 x16=0x00000000
       49655000	      4866	8000a2c8	6829	c.lui	x16,0xa	 x16=0x0000a000
       49665000	      4867	8000a2ca	20276713	ori	x14,x14,514	 x14:0x00000001 x14=0x00000203
       49675000	      4868	8000a2ce	bc1c3ab7	lui	x21,0xbc1c3	 x21=0xbc1c3000
       49685000	      4869	8000a2d2	8479	c.srai	x8,0x1e	  x8:0xfff7c501  x8=0xffffffff
       49715000	      4872	8000a2d4	03a289b3	mul	x19,x5,x26	  x5:0x00041d6e x26:0x00000000 x19=0x00000000
       49725000	      4873	8000a2d8	35422913	slti	x18,x4,852	  x4:0x00000000 x18=0x00000001
       49735000	      4874	8000a2dc	0005e363	bltu	x11,x0,8000a2e2	 x11:0x80021e58  x0:0x00000000
       49745000	      4875	8000a2e0	ce15	c.beqz	x12,8000a31c	 x12:0x80021e58
       49755000	      4876	8000a2e2	340b9473	csrrw	x8,mscratch,x23	 x23:0x86193fff  x8=0x00000001
       49765000	      4877	8000a2e6	678d	c.lui	x15,0x3	 x15=0x00003000
       49775000	      4878	8000a2e8	402e5433	sra	x8,x28,x2	 x28:0x00000010  x2:0x0000028c  x8=0x00000000
       49785000	      4879	8000a2ec	796db493	sltiu	x9,x27,1942	 x27:0x10000000  x9=0x00000000
       49795000	      4880	8000a2f0	8d0d	c.sub	x10,x11	 x10:0xfffffff8 x11:0x80021e58 x10=0x7ffde1a0
       49805000	      4881	8000a2f2	0001	c.addi	x0,0	  x0:0x00000000  x0=0x00000000
       49825000	      4883	8000a2f4	024740b3	div	x1,x14,x4	 x14:0x00000203  x4:0x00000000  x1=0xffffffff
       49835000	      4884	8000a2f8	340022f3	csrrs	x5,mscratch,x0	  x0:0x00000000  x5=0x86193fff
       49845000	      4885	8000a2fc	008bd8b3	srl	x17,x23,x8	 x23:0x86193fff  x8:0x00000000 x17=0x86193fff
       50215000	      4922	8000a300	03f1c3b3	div	x7,x3,x31	  x3:0x00000000 x31:0x80025ce4  x7=0x00000000
       50225000	      4923	8000a304	ce01	c.beqz	x12,8000a31c	 x12:0x80021e58
       50235000	      4924	8000a306	40fa5a93	srai	x21,x20,0xf	 x20:0x86193fff x21=0xffff0c32
       50245000	      4925	8000a30a	20cfca13	xori	x20,x31,524	 x31:0x80025ce4 x20=0x80025ee8
       50255000	      4926	8000a30e	6c95	c.lui	x25,0x5	 x25=0x00005000
       50265000	      4927	8000a310	340e68f3	csrrsi	x17,mscratch,28	 x17=0x86193fff
       50275000	      4928	8000a314	3407f673	csrrci	x12,mscratch,15	 x12=0x86193fff
       50285000	      4929	8000a318	01edd113	srli	x2,x27,0x1e	 x27:0x10000000  x2=0x00000000
       50295000	      4930	8000a31c	01e89133	sll	x2,x17,x30	 x17:0x86193fff x30:0x00000000  x2=0x86193fff
       50305000	      4931	8000a320	bd9d4e13	xori	x28,x26,-1063	 x26:0x00000000 x28=0xfffffbd9
       50315000	      4932	8000a324	872ead93	slti	x27,x29,-1934	 x29:0x00000000 x27=0x00000000
       50325000	      4933	8000a328	3408eb73	csrrsi	x22,mscratch,17	 x22=0x86193ff0
       50335000	      4934	8000a32c	1fe1fa13	andi	x20,x3,510	  x3:0x00000000 x20=0x00000000
       50345000	      4935	8000a330	6da5	c.lui	x27,0x9	 x27=0x00009000
       50355000	      4936	8000a332	00ae5a13	srli	x20,x28,0xa	 x28:0xfffffbd9 x20=0x003ffffe
       50365000	      4937	8000a336	01f9bb33	sltu	x22,x19,x31	 x19:0x00000000 x31:0x80025ce4 x22=0x00000001
       50375000	      4938	8000a33a	083e	c.slli	x16,0xf	 x16:0x0000a000 x16=0x50000000
       50745000	      4975	8000a33c	03685e33	divu	x28,x16,x22	 x16:0x50000000 x22:0x00000001 x28=0x50000000
       50765000	      4977	8000a340	03d5c233	div	x4,x11,x29	 x11:0x80021e58 x29:0x00000000  x4=0xffffffff
       50775000	      4978	8000a344	340edaf3	csrrwi	x21,mscratch,29	 x21=0x86193ff1
       51145000	      5015	8000a348	03cbda33	divu	x20,x23,x28	 x23:0x86193fff x28:0x50000000 x20=0x00000001
       51515000	      5052	8000a34c	024340b3	div	x1,x6,x4	  x6:0x00000000  x4:0xffffffff  x1=0x00000000
       51525000	      5053	8000a350	8162	c.mv	x2,x24	  x0:0x00000000 x24:0x86193fff  x2=0x86193fff
       51895000	      5090	8000a352	035279b3	remu	x19,x4,x21	  x4:0xffffffff x21:0x86193ff1 x19=0x79e6c00e
       51905000	      5091	8000a356	006a51b3	srl	x3,x20,x6	 x20:0x00000001  x6:0x00000000  x3=0x00000001
       51915000	      5092	8000a35a	01a26eb3	or	x29,x4,x26	  x4:0xffffffff x26:0x00000000 x29=0xffffffff
       51925000	      5093	8000a35e	718d8d93	addi	x27,x27,1816	 x27:0x00009000 x27=0x00009718
       51935000	      5094	8000a362	356fac93	slti	x25,x31,854	 x31:0x80025ce4 x25=0x00000001
       51945000	      5095	8000a366	018c57b3	srl	x15,x24,x24	 x24:0x86193fff x24:0x86193fff x15=0x00000001
       51955000	      5096	8000a36a	0ff0000f	fence	iorw,iorw	
       51965000	      5097	8000a36e	00180133	add	x2,x16,x1	 x16:0x50000000  x1:0x00000000  x2=0x50000000
       51975000	      5098	8000a372	9219c093	xori	x1,x19,-1759	 x19:0x79e6c00e  x1=0x8619392f
       51985000	      5099	8000a376	bfcd3993	sltiu	x19,x26,-1028	 x26:0x00000000 x19=0x00000001
       51995000	      5100	8000a37a	404f0533	sub	x10,x30,x4	 x30:0x00000000  x4:0xffffffff x10=0x00000001
       52005000	      5101	8000a37e	03f9f463	bgeu	x19,x31,8000a3a6	 x19:0x00000001 x31:0x80025ce4
       52015000	      5102	8000a382	093a	c.slli	x18,0xe	 x18:0x00000001 x18=0x00004000
       52025000	      5103	8000a384	0222	c.slli	x4,0x8	  x4:0xffffffff  x4=0xffffff00
       52035000	      5104	8000a386	6105	c.addi16sp	x2,32	  x2:0x50000000  x2=0x50000020
       52055000	      5106	8000a388	0204c133	div	x2,x9,x0	  x9:0x00000000  x0:0x00000000  x2=0xffffffff
       52065000	      5107	8000a38c	6d9fcb93	xori	x23,x31,1753	 x31:0x80025ce4 x23=0x80025a3d
       52075000	      5108	8000a390	0ff0000f	fence	iorw,iorw	
       52115000	      5112	8000a394	03c3a633	mulhsu	x12,x7,x28	  x7:0x00000000 x28:0x50000000 x12=0x00000000
       52125000	      5113	8000a398	807d	c.srli	x8,0x1f	  x8:0x00000000  x8=0x00000000
       52135000	      5114	8000a39a	34095173	csrrwi	x2,mscratch,18	  x2=0x0000001d
       52145000	      5115	8000a39e	00378233	add	x4,x15,x3	 x15:0x00000001  x3:0x00000001  x4=0x00000002
       52155000	      5116	8000a3a2	02ca9163	bne	x21,x12,8000a3c4	 x21:0x86193ff1 x12:0x00000000
       52175000	      5118	8000a3c4	67ed	c.lui	x15,0x1b	 x15=0x0001b000
       52185000	      5119	8000a3c6	c81d	c.beqz	x8,8000a3fc	  x8:0x00000000
       52205000	      5121	8000a3fc	340038f3	csrrc	x17,mscratch,x0	  x0:0x00000000 x17=0x00000012
       52215000	      5122	8000a400	34007d73	csrrci	x26,mscratch,0	 x26=0x00000012
       52225000	      5123	8000a404	405e5033	sra	x0,x28,x5	 x28:0x50000000  x5:0x86193fff  x0=0x00000000
       52265000	      5127	8000a408	03943833	mulhu	x16,x8,x25	  x8:0x00000000 x25:0x00000001 x16=0x00000000
       52275000	      5128	8000a40c	68f9	c.lui	x17,0x1e	 x17=0x0001e000
       52285000	      5129	8000a40e	34003973	csrrc	x18,mscratch,x0	  x0:0x00000000 x18=0x00000012
       52295000	      5130	8000a412	93448a17	auipc	x20,0x93448	 x20=0x13452412
       52305000	      5131	8000a416	34075973	csrrwi	x18,mscratch,14	 x18=0x00000012
       52315000	      5132	8000a41a	01a862b3	or	x5,x16,x26	 x16:0x00000000 x26:0x00000012  x5=0x00000012
       52325000	      5133	8000a41e	3409dbf3	csrrwi	x23,mscratch,19	 x23=0x0000000e
       52335000	      5134	8000a422	4e190d13	addi	x26,x18,1249	 x18:0x00000012 x26=0x000004f3
       52345000	      5135	8000a426	026e9a63	bne	x29,x6,8000a45a	 x29:0xffffffff  x6:0x00000000
       52375000	      5138	8000a45a	018a9d93	slli	x27,x21,0x18	 x21:0x86193ff1 x27=0xf1000000
       52385000	      5139	8000a45e	00fe0233	add	x4,x28,x15	 x28:0x50000000 x15:0x0001b000  x4=0x5001b000
       52395000	      5140	8000a462	8c59	c.or	x8,x14	  x8:0x00000000 x14:0x00000203  x8=0x00000203
       52405000	      5141	8000a464	54fd	c.li	x9,-1	  x9=0xffffffff
       52415000	      5142	8000a466	010548b3	xor	x17,x10,x16	 x10:0x00000001 x16:0x00000000 x17=0x00000001
       52425000	      5143	8000a46a	00512db3	slt	x27,x2,x5	  x2:0x0000001d  x5:0x00000012 x27=0x00000000
       52435000	      5144	8000a46e	5bd90193	addi	x3,x18,1469	 x18:0x00000012  x3=0x000005cf
       52445000	      5145	8000a472	717d	c.addi16sp	x2,-16	  x2:0x0000001d  x2=0x0000000d
       52455000	      5146	8000a474	010d67b3	or	x15,x26,x16	 x26:0x000004f3 x16:0x00000000 x15=0x000004f3
       52465000	      5147	8000a478	9a7d	c.andi	x12,-1	 x12:0x00000000 x12=0x00000000
       52475000	      5148	8000a47a	8029	c.srli	x8,0xa	  x8:0x00000203  x8=0x00000000
       52485000	      5149	8000a47c	c8675637	lui	x12,0xc8675	 x12=0xc8675000
       52855000	      5186	8000a480	0374ed33	rem	x26,x9,x23	  x9:0xffffffff x23:0x0000000e x26=0xffffffff
       52865000	      5187	8000a484	028c6363	bltu	x24,x8,8000a4aa	 x24:0x86193fff  x8:0x00000000
       52875000	      5188	8000a488	609d	c.lui	x1,0x7	  x1=0x00007000
       52915000	      5192	8000a48a	03b997b3	mulh	x15,x19,x27	 x19:0x00000001 x27:0x00000000 x15=0x00000000
       52925000	      5193	8000a48e	018c1363	bne	x24,x24,8000a494	 x24:0x86193fff x24:0x86193fff
       52935000	      5194	8000a492	0001	c.addi	x0,0	  x0:0x00000000  x0=0x00000000
       52945000	      5195	8000a494	91e6	c.add	x3,x25	  x3:0x000005cf x25:0x00000001  x3=0x000005d0
       52955000	      5196	8000a496	34061e73	csrrw	x28,mscratch,x12	 x12:0xc8675000 x28=0x00000013
       52965000	      5197	8000a49a	8156	c.mv	x2,x21	  x0:0x00000000 x21:0x86193ff1  x2=0x86193ff1
       52975000	      5198	8000a49c	92fda613	slti	x12,x27,-1745	 x27:0x00000000 x12=0x00000000
       52985000	      5199	8000a4a0	c481	c.beqz	x9,8000a4a8	  x9:0xffffffff
       52995000	      5200	8000a4a2	63a9	c.lui	x7,0xa	  x7=0x0000a000
       53005000	      5201	8000a4a4	34033673	csrrc	x12,mscratch,x6	  x6:0x00000000 x12=0xc8675000
       53015000	      5202	8000a4a8	8625	c.srai	x12,0x9	 x12:0xc8675000 x12=0xffe433a8
       53025000	      5203	8000a4aa	00761db3	sll	x27,x12,x7	 x12:0xffe433a8  x7:0x0000a000 x27=0xffe433a8
       53035000	      5204	8000a4ae	49ed	c.li	x19,27	 x19=0x0000001b
       53045000	      5205	8000a4b0	00080bb3	add	x23,x16,x0	 x16:0x00000000  x0:0x00000000 x23=0x00000000
       53055000	      5206	8000a4b4	b8031197	auipc	x3,0xb8031	  x3=0x3803b4b4
       53065000	      5207	8000a4b8	0001	c.addi	x0,0	  x0:0x00000000  x0=0x00000000
       53075000	      5208	8000a4ba	ea0d	c.bnez	x12,8000a4ec	 x12:0xffe433a8
       53095000	      5210	8000a4ec	34081a73	csrrw	x20,mscratch,x16	 x16:0x00000000 x20=0xc8675000
       53105000	      5211	8000a4f0	8055	c.srli	x8,0x15	  x8:0x00000000  x8=0x00000000
       53115000	      5212	8000a4f2	001f09b3	add	x19,x30,x1	 x30:0x00000000  x1:0x00007000 x19=0x00007000
       53125000	      5213	8000a4f6	008652b3	srl	x5,x12,x8	 x12:0xffe433a8  x8:0x00000000  x5=0xffe433a8
       53135000	      5214	8000a4fa	340161f3	csrrsi	x3,mscratch,2	  x3=0x00000000
       53145000	      5215	8000a4fe	c545e113	ori	x2,x11,-940	 x11:0x80021e58  x2=0xfffffe5c
       53155000	      5216	8000a502	00e4d513	srli	x10,x9,0xe	  x9:0xffffffff x10=0x0003ffff
       53165000	      5217	8000a506	4096dd93	srai	x27,x13,0x9	 x13:0x00000080 x27=0x00000000
       53175000	      5218	8000a50a	567d	c.li	x12,-1	 x12=0xffffffff
       53185000	      5219	8000a50c	06fe	c.slli	x13,0x1f	 x13:0x00000080 x13=0x00000000
       53195000	      5220	8000a50e	9c308c93	addi	x25,x1,-1597	  x1:0x00007000 x25=0x000069c3
       53205000	      5221	8000a512	67e9	c.lui	x15,0x1a	 x15=0x0001a000
       53215000	      5222	8000a514	00259713	slli	x14,x11,0x2	 x11:0x80021e58 x14=0x00087960
       53225000	      5223	8000a518	00d3ef33	or	x30,x7,x13	  x7:0x0000a000 x13:0x00000000 x30=0x0000a000
       53235000	      5224	8000a51c	069c	c.addi4spn	x15,x2,832	 x15=0x0000019c
       53245000	      5225	8000a51e	6171	c.addi16sp	x2,336	  x2:0xfffffe5c  x2=0xffffffac
       53265000	      5227	8000a520	0302ee33	rem	x28,x5,x16	  x5:0xffe433a8 x16:0x00000000 x28=0xffe433a8
       53275000	      5228	8000a524	40738ab3	sub	x21,x7,x7	  x7:0x0000a000  x7:0x0000a000 x21=0x00000000
       53285000	      5229	8000a528	34002073	csrrs	x0,mscratch,x0	  x0:0x00000000  x0=0x00000000
       53295000	      5230	8000a52c	340dd3f3	csrrwi	x7,mscratch,27	  x7=0x00000002
       53305000	      5231	8000a530	6ddf7b93	andi	x23,x30,1757	 x30:0x0000a000 x23=0x00000000
       53315000	      5232	8000a534	01389763	bne	x17,x19,8000a542	 x17:0x00000001 x19:0x00007000
       53345000	      5235	8000a542	00755f33	srl	x30,x10,x7	 x10:0x0003ffff  x7:0x00000002 x30=0x0000ffff
       53355000	      5236	8000a546	984f8bb7	lui	x23,0x984f8	 x23=0x984f8000
       53365000	      5237	8000a54a	6fee3c93	sltiu	x25,x28,1790	 x28:0xffe433a8 x25=0x00000000
       53405000	      5241	8000a54e	0273b8b3	mulhu	x17,x7,x7	  x7:0x00000002  x7:0x00000002 x17=0x00000000
       53435000	      5244	8000a552	02d406b3	mul	x13,x8,x13	  x8:0x00000000 x13:0x00000000 x13=0x00000000
       53445000	      5245	8000a556	4097d0b3	sra	x1,x15,x9	 x15:0x0000019c  x9:0xffffffff  x1=0x00000000
       53455000	      5246	8000a55a	c39d	c.beqz	x15,8000a580	 x15:0x0000019c
       53465000	      5247	8000a55c	0001	c.addi	x0,0	  x0:0x00000000  x0=0x00000000
       53475000	      5248	8000a55e	01881b13	slli	x22,x16,0x18	 x16:0x00000000 x22=0x00000000
       53485000	      5249	8000a562	8cc1	c.or	x9,x8	  x9:0xffffffff  x8:0x00000000  x9=0xffffffff
       53515000	      5252	8000a564	02258db3	mul	x27,x11,x2	 x11:0x80021e58  x2:0xffffffac x27=0xff4e0b20
       53525000	      5253	8000a568	21e2c913	xori	x18,x5,542	  x5:0xffe433a8 x18=0xffe431b6
       53535000	      5254	8000a56c	bd730e93	addi	x29,x6,-1065	  x6:0x00000000 x29=0xfffffbd7
       53545000	      5255	8000a570	409c5293	srai	x5,x24,0x9	 x24:0x86193fff  x5=0xffc30c9f
       53555000	      5256	8000a574	ce15	c.beqz	x12,8000a5b0	 x12:0xffffffff
       53565000	      5257	8000a576	002e0633	add	x12,x28,x2	 x28:0xffe433a8  x2:0xffffffac x12=0xffe43354
       53575000	      5258	8000a57a	8f05	c.sub	x14,x9	 x14:0x00087960  x9:0xffffffff x14=0x00087961
       53585000	      5259	8000a57c	01b6c733	xor	x14,x13,x27	 x13:0x00000000 x27:0xff4e0b20 x14=0xff4e0b20
       53595000	      5260	8000a580	004b9eb3	sll	x29,x23,x4	 x23:0x984f8000  x4:0x5001b000 x29=0x984f8000
       53605000	      5261	8000a584	41fe5d13	srai	x26,x28,0x1f	 x28:0xffe433a8 x26=0xffffffff
       53615000	      5262	8000a588	53baae97	auipc	x29,0x53baa	 x29=0xd3bb4588
       53625000	      5263	8000a58c	8cc9	c.or	x9,x10	  x9:0xffffffff x10:0x0003ffff  x9=0xffffffff
       53635000	      5264	8000a58e	011f7cb3	and	x25,x30,x17	 x30:0x0000ffff x17:0x00000000 x25=0x00000000
       53645000	      5265	8000a592	6655	c.lui	x12,0x15	 x12=0x00015000
       54015000	      5302	8000a594	03c86b33	rem	x22,x16,x28	 x16:0x00000000 x28:0xffe433a8 x22=0x00000000
       54025000	      5303	8000a598	41d8db13	srai	x22,x17,0x1d	 x17:0x00000000 x22=0x00000000
       54035000	      5304	8000a59c	0ff0000f	fence	iorw,iorw	
       54045000	      5305	8000a5a0	0001	c.addi	x0,0	  x0:0x00000000  x0=0x00000000
       54055000	      5306	8000a5a2	2709f793	andi	x15,x19,624	 x19:0x00007000 x15=0x00000000
       54065000	      5307	8000a5a6	8d29	c.xor	x10,x10	 x10:0x0003ffff x10:0x0003ffff x10=0x00000000
       54075000	      5308	8000a5a8	00653d33	sltu	x26,x10,x6	 x10:0x00000000  x6:0x00000000 x26=0x00000000
       54085000	      5309	8000a5ac	09aa	c.slli	x19,0xa	 x19:0x00007000 x19=0x01c00000
       54095000	      5310	8000a5ae	0001	c.addi	x0,0	  x0:0x00000000  x0=0x00000000
       54105000	      5311	8000a5b0	0001	c.addi	x0,0	  x0:0x00000000  x0=0x00000000
       54115000	      5312	8000a5b2	00fa	c.slli	x1,0x1e	  x1:0x00000000  x1=0x00000000
       54125000	      5313	8000a5b4	8425	c.srai	x8,0x9	  x8:0x00000000  x8=0x00000000
       54135000	      5314	8000a5b6	8ab5	c.andi	x13,13	 x13:0x00000000 x13=0x00000000
       54145000	      5315	8000a5b8	5d7d	c.li	x26,-1	 x26=0xffffffff
       54155000	      5316	8000a5ba	01611d63	bne	x2,x22,8000a5d4	  x2:0xffffffac x22:0x00000000
       54175000	      5318	8000a5d4	01ec5663	bge	x24,x30,8000a5e0	 x24:0x86193fff x30:0x0000ffff
       54185000	      5319	8000a5d8	0579c563	blt	x19,x23,8000a622	 x19:0x01c00000 x23:0x984f8000
       54195000	      5320	8000a5dc	000e8663	beq	x29,x0,8000a5e8	 x29:0xd3bb4588  x0:0x00000000
       54205000	      5321	8000a5e0	0112b033	sltu	x0,x5,x17	  x5:0xffc30c9f x17:0x00000000  x0=0x00000000
       54215000	      5322	8000a5e4	2e547c13	andi	x24,x8,741	  x8:0x00000000 x24=0x00000000
       54585000	      5359	8000a5e8	02995bb3	divu	x23,x18,x9	 x18:0xffe431b6  x9:0xffffffff x23=0x00000000
       54595000	      5360	8000a5ec	0112bd33	sltu	x26,x5,x17	  x5:0xffc30c9f x17:0x00000000 x26=0x00000000
       54625000	      5363	8000a5f0	03ce83b3	mul	x7,x29,x28	 x29:0xd3bb4588 x28:0xffe433a8  x7=0xa6dfb940
       54635000	      5364	8000a5f4	8735	c.srai	x14,0xd	 x14:0xff4e0b20 x14=0xfffffa70
       54645000	      5365	8000a5f6	005a4463	blt	x20,x5,8000a5fe	 x20:0xc8675000  x5:0xffc30c9f
       54695000	      5370	8000a5fe	02bb8633	mul	x12,x23,x11	 x23:0x00000000 x11:0x80021e58 x12=0x00000000
       54705000	      5371	8000a602	8d1d	c.sub	x10,x15	 x10:0x00000000 x15:0x00000000 x10=0x00000000
       54715000	      5372	8000a604	4075dc13	srai	x24,x11,0x7	 x11:0x80021e58 x24=0xff00043c
       54725000	      5373	8000a608	34087673	csrrci	x12,mscratch,16	 x12=0x0000001b
       54735000	      5374	8000a60c	f1600213	addi	x4,x0,-234	  x0:0x00000000  x4=0xffffff16
       54745000	      5375	8000a610	0001	c.addi	x0,0	  x0:0x00000000  x0=0x00000000
       54775000	      5378	8000a612	02ca86b3	mul	x13,x21,x12	 x21:0x00000000 x12:0x0000001b x13=0x00000000
       54785000	      5379	8000a616	04911063	bne	x2,x9,8000a656	  x2:0xffffffac  x9:0xffffffff
       54815000	      5382	8000a656	00268833	add	x16,x13,x2	 x13:0x00000000  x2:0xffffffac x16=0xffffffac
       54825000	      5383	8000a65a	613d	c.addi16sp	x2,480	  x2:0xffffffac  x2=0x0000018c
       54845000	      5385	8000a65c	020c4733	div	x14,x24,x0	 x24:0xff00043c  x0:0x00000000 x14=0xffffffff
       54855000	      5386	8000a660	34007273	csrrci	x4,mscratch,0	  x4=0x0000000b
       54865000	      5387	8000a664	16a76793	ori	x15,x14,362	 x14:0xffffffff x15=0xffffffff
       54875000	      5388	8000a668	3405d173	csrrwi	x2,mscratch,11	  x2=0x0000000b
       54885000	      5389	8000a66c	0375c163	blt	x11,x23,8000a68e	 x11:0x80021e58 x23:0x00000000
       54915000	      5392	8000a68e	731e8213	addi	x4,x29,1841	 x29:0xd3bb4588  x4=0xd3bb4cb9
       54935000	      5394	8000a692	0284c933	div	x18,x9,x8	  x9:0xffffffff  x8:0x00000000 x18=0xffffffff
       54945000	      5395	8000a696	0169d263	bge	x19,x22,8000a69a	 x19:0x01c00000 x22:0x00000000
       54975000	      5398	8000a69a	3405aaf3	csrrs	x21,mscratch,x11	 x11:0x80021e58 x21=0x0000000b
       54985000	      5399	8000a69e	01abf933	and	x18,x23,x26	 x23:0x00000000 x26:0x00000000 x18=0x00000000
       54995000	      5400	8000a6a2	002ecc63	blt	x29,x2,8000a6ba	 x29:0xd3bb4588  x2:0x0000000b
       55385000	      5439	8000a6ba	03f3f3b3	remu	x7,x7,x31	  x7:0xa6dfb940 x31:0x80025ce4  x7=0x26dd5c5c
       55425000	      5443	8000a6be	038434b3	mulhu	x9,x8,x24	  x8:0x00000000 x24:0xff00043c  x9=0x00000000
       55435000	      5444	8000a6c2	402b5c13	srai	x24,x22,0x2	 x22:0x00000000 x24=0x00000000
       55445000	      5445	8000a6c6	0e62	c.slli	x28,0x18	 x28:0xffe433a8 x28=0xa8000000
       55455000	      5446	8000a6c8	01f47463	bgeu	x8,x31,8000a6d0	  x8:0x00000000 x31:0x80025ce4
       55465000	      5447	8000a6cc	340f6173	csrrsi	x2,mscratch,30	  x2=0x80021e5b
       55475000	      5448	8000a6d0	13fd	c.addi	x7,-1	  x7:0x26dd5c5c  x7=0x26dd5c5b
       55485000	      5449	8000a6d2	8cda	c.mv	x25,x22	  x0:0x00000000 x22:0x00000000 x25=0x00000000
       55495000	      5450	8000a6d4	04b14163	blt	x2,x11,8000a716	  x2:0x80021e5b x11:0x80021e58
       55505000	      5451	8000a6d8	01eb6d63	bltu	x22,x30,8000a6f2	 x22:0x00000000 x30:0x0000ffff
       55535000	      5454	8000a6f2	01a4d413	srli	x8,x9,0x1a	  x9:0x00000000  x8=0x00000000
       55545000	      5455	8000a6f6	ee01	c.bnez	x12,8000a70e	 x12:0x0000001b
       55575000	      5458	8000a70e	01744263	blt	x8,x23,8000a712	  x8:0x00000000 x23:0x00000000
       55585000	      5459	8000a712	8f264793	xori	x15,x12,-1806	 x12:0x0000001b x15=0xfffff8e9
       55595000	      5460	8000a716	a00a0813	addi	x16,x20,-1536	 x20:0xc8675000 x16=0xc8674a00
       55605000	      5461	8000a71a	00e85eb3	srl	x29,x16,x14	 x16:0xc8674a00 x14:0xffffffff x29=0x00000001
       55615000	      5462	8000a71e	f60ca693	slti	x13,x25,-160	 x25:0x00000000 x13=0x00000000
       55625000	      5463	8000a722	0089b3b3	sltu	x7,x19,x8	 x19:0x01c00000  x8:0x00000000  x7=0x00000000
       55635000	      5464	8000a726	84a5	c.srai	x9,0x9	  x9:0x00000000  x9=0x00000000
       55645000	      5465	8000a728	02ec4863	blt	x24,x14,8000a758	 x24:0x00000000 x14:0xffffffff
       55655000	      5466	8000a72c	c011	c.beqz	x8,8000a730	  x8:0x00000000
       55685000	      5469	8000a730	0294f133	remu	x2,x9,x9	  x9:0x00000000  x9:0x00000000  x2=0x00000000
       55695000	      5470	8000a734	01ca0933	add	x18,x20,x28	 x20:0xc8675000 x28:0xa8000000 x18=0x70675000
       56065000	      5507	8000a738	02e46033	rem	x0,x8,x14	  x8:0x00000000 x14:0xffffffff  x0=0x00000000
       56075000	      5508	8000a73c	3406d173	csrrwi	x2,mscratch,13	  x2=0x80021e5f
       56095000	      5510	8000a740	029ec833	div	x16,x29,x9	 x29:0x00000001  x9:0x00000000 x16=0xffffffff
       56135000	      5514	8000a744	0234b433	mulhu	x8,x9,x3	  x9:0x00000000  x3:0x00000000  x8=0x00000000
       56145000	      5515	8000a748	6c14f517	auipc	x10,0x6c14f	 x10=0xec159748
       56155000	      5516	8000a74c	00e84733	xor	x14,x16,x14	 x16:0xffffffff x14:0xffffffff x14=0x00000000
       56165000	      5517	8000a750	24378d13	addi	x26,x15,579	 x15:0xfffff8e9 x26=0xfffffb2c
       56185000	      5519	8000a754	029afdb3	remu	x27,x21,x9	 x21:0x0000000b  x9:0x00000000 x27=0x0000000b
       56215000	      5522	8000a758	033086b3	mul	x13,x1,x19	  x1:0x00000000 x19:0x01c00000 x13=0x00000000
       56225000	      5523	8000a75c	9bfd	c.andi	x15,-1	 x15:0xfffff8e9 x15=0xfffff8e9
       56235000	      5524	8000a75e	010853b3	srl	x7,x16,x16	 x16:0xffffffff x16:0xffffffff  x7=0x00000001
       56245000	      5525	8000a762	41d35c33	sra	x24,x6,x29	  x6:0x00000000 x29:0x00000001 x24=0x00000000
       56255000	      5526	8000a766	82ad	c.srli	x13,0xb	 x13:0x00000000 x13=0x00000000
       56265000	      5527	8000a768	0ff0000f	fence	iorw,iorw	
       56275000	      5528	8000a76c	ca030697	auipc	x13,0xca030	 x13=0x4a03a76c
       56285000	      5529	8000a770	40a45c93	srai	x25,x8,0xa	  x8:0x00000000 x25=0x00000000
       56295000	      5530	8000a774	0001	c.addi	x0,0	  x0:0x00000000  x0=0x00000000
       56305000	      5531	8000a776	0001	c.addi	x0,0	  x0:0x00000000  x0=0x00000000
       56315000	      5532	8000a778	01590a33	add	x20,x18,x21	 x18:0x70675000 x21:0x0000000b x20=0x7067500b
       56325000	      5533	8000a77c	4cc9	c.li	x25,18	 x25=0x00000012
       56335000	      5534	8000a77e	018f9d93	slli	x27,x31,0x18	 x31:0x80025ce4 x27=0xe4000000
       56375000	      5538	8000a782	03aca533	mulhsu	x10,x25,x26	 x25:0x00000012 x26:0xfffffb2c x10=0x00000011
       56385000	      5539	8000a786	8f79	c.and	x14,x14	 x14:0x00000000 x14:0x00000000 x14=0x00000000
       56395000	      5540	8000a788	8ef9	c.and	x13,x14	 x13:0x4a03a76c x14:0x00000000 x13=0x00000000
       56405000	      5541	8000a78a	0442c163	blt	x5,x4,8000a7cc	  x5:0xffc30c9f  x4:0xd3bb4cb9
       56415000	      5542	8000a78e	0cda	c.slli	x25,0x16	 x25:0x00000012 x25=0x04800000
       56425000	      5543	8000a790	0dca	c.slli	x27,0x12	 x27:0xe4000000 x27=0x00000000
       56435000	      5544	8000a792	d88e5237	lui	x4,0xd88e5	  x4=0xd88e5000
       56445000	      5545	8000a796	0024bd33	sltu	x26,x9,x2	  x9:0x00000000  x2:0x80021e5f x26=0x00000001
       56455000	      5546	8000a79a	d6a8e293	ori	x5,x17,-662	 x17:0x00000000  x5=0xfffffd6a
       56465000	      5547	8000a79e	0129e3b3	or	x7,x19,x18	 x19:0x01c00000 x18:0x70675000  x7=0x71e75000
       56475000	      5548	8000a7a2	01e3dc33	srl	x24,x7,x30	  x7:0x71e75000 x30:0x0000ffff x24=0x00000000
       56485000	      5549	8000a7a6	3409dc73	csrrwi	x24,mscratch,19	 x24=0x0000000d
       56495000	      5550	8000a7aa	0001	c.addi	x0,0	  x0:0x00000000  x0=0x00000000
       56505000	      5551	8000a7ac	01c87533	and	x10,x16,x28	 x16:0xffffffff x28:0xa8000000 x10=0xa8000000
       56515000	      5552	8000a7b0	305aca13	xori	x20,x21,773	 x21:0x0000000b x20=0x0000030e
       56525000	      5553	8000a7b4	01ad12b3	sll	x5,x26,x26	 x26:0x00000001 x26:0x00000001  x5=0x00000002
       56535000	      5554	8000a7b8	00cc5513	srli	x10,x24,0xc	 x24:0x0000000d x10=0x00000000
       56545000	      5555	8000a7bc	86dd	c.srai	x13,0x17	 x13:0x00000000 x13=0x00000000
       56555000	      5556	8000a7be	34007773	csrrci	x14,mscratch,0	 x14=0x00000013
       56565000	      5557	8000a7c2	9a7d	c.andi	x12,-1	 x12:0x0000001b x12=0x0000001b
       56575000	      5558	8000a7c4	9a32	c.add	x20,x12	 x20:0x0000030e x12:0x0000001b x20=0x00000329
       56585000	      5559	8000a7c6	e29d	c.bnez	x13,8000a7ec	 x13:0x00000000
       56595000	      5560	8000a7c8	00a45d93	srli	x27,x8,0xa	  x8:0x00000000 x27=0x00000000
       56625000	      5563	8000a7cc	02448db3	mul	x27,x9,x4	  x9:0x00000000  x4:0xd88e5000 x27=0x00000000
       56635000	      5564	8000a7d0	006d8863	beq	x27,x6,8000a7e0	 x27:0x00000000  x6:0x00000000
       56655000	      5566	8000a7e0	8891	c.andi	x9,4	  x9:0x00000000  x9=0x00000000
       56665000	      5567	8000a7e2	6bed	c.lui	x23,0x1b	 x23=0x0001b000
       56675000	      5568	8000a7e4	8a22	c.mv	x20,x8	  x0:0x00000000  x8:0x00000000 x20=0x00000000
       56685000	      5569	8000a7e6	c911	c.beqz	x10,8000a7fa	 x10:0x00000000
       56705000	      5571	8000a7fa	80bd	c.srli	x9,0xf	  x9:0x00000000  x9=0x00000000
       56715000	      5572	8000a7fc	01a54263	blt	x10,x26,8000a800	 x10:0x00000000 x26:0x00000001
       56735000	      5574	8000a800	8e91	c.sub	x13,x12	 x13:0x00000000 x12:0x0000001b x13=0xffffffe5
       57105000	      5611	8000a802	02ddf233	remu	x4,x27,x13	 x27:0x00000000 x13:0xffffffe5  x4=0x00000000
       57115000	      5612	8000a806	340ed3f3	csrrwi	x7,mscratch,29	  x7=0x00000013
       57485000	      5649	8000a80a	035f7033	remu	x0,x30,x21	 x30:0x0000ffff x21:0x0000000b  x0=0x00000000
       57495000	      5650	8000a80e	9b7d	c.andi	x14,-1	 x14:0x00000013 x14=0x00000013
       57505000	      5651	8000a810	00531663	bne	x6,x5,8000a81c	  x6:0x00000000  x5:0x00000002
       57525000	      5653	8000a81c	0072f733	and	x14,x5,x7	  x5:0x00000002  x7:0x00000013 x14=0x00000002
       57535000	      5654	8000a820	3405d873	csrrwi	x16,mscratch,11	 x16=0x0000001d
       57545000	      5655	8000a824	01614233	xor	x4,x2,x22	  x2:0x80021e5f x22:0x00000000  x4=0x80021e5f
       57555000	      5656	8000a828	717d	c.addi16sp	x2,-16	  x2:0x80021e5f  x2=0x80021e4f
       57565000	      5657	8000a82a	34091af3	csrrw	x21,mscratch,x18	 x18:0x70675000 x21=0x0000000b
       57575000	      5658	8000a82e	019ffe63	bgeu	x31,x25,8000a84a	 x31:0x80025ce4 x25:0x04800000
       57595000	      5660	8000a84a	8daa	c.mv	x27,x10	  x0:0x00000000 x10:0x00000000 x27=0x00000000
       57615000	      5662	8000a84c	0314d033	divu	x0,x9,x17	  x9:0x00000000 x17:0x00000000  x0=0x00000000
       57655000	      5666	8000a850	037daeb3	mulhsu	x29,x27,x23	 x27:0x00000000 x23:0x0001b000 x29=0x00000000
       57665000	      5667	8000a854	82c9	c.srli	x13,0x12	 x13:0xffffffe5 x13=0x00003fff
       57675000	      5668	8000a856	46a00c13	addi	x24,x0,1130	  x0:0x00000000 x24=0x0000046a
       57685000	      5669	8000a85a	022ad163	bge	x21,x2,8000a87c	 x21:0x0000000b  x2:0x80021e4f
       57705000	      5671	8000a87c	bb551197	auipc	x3,0xbb551	  x3=0x3b55b87c
       57715000	      5672	8000a880	4e45	c.li	x28,17	 x28=0x00000011
       57745000	      5675	8000a882	03ec8833	mul	x16,x25,x30	 x25:0x04800000 x30:0x0000ffff x16=0xfb800000
       57755000	      5676	8000a886	0e5a3417	auipc	x8,0xe5a3	  x8=0x8e5ad886
       57765000	      5677	8000a88a	340070f3	csrrci	x1,mscratch,0	  x1=0x70675000
       58135000	      5714	8000a88e	03527133	remu	x2,x4,x21	  x4:0x80021e5f x21:0x0000000b  x2=0x00000007
       58145000	      5715	8000a892	3400f6f3	csrrci	x13,mscratch,1	 x13=0x70675000
       58155000	      5716	8000a896	0088ef33	or	x30,x17,x8	 x17:0x00000000  x8:0x8e5ad886 x30=0x8e5ad886
       58165000	      5717	8000a89a	0001	c.addi	x0,0	  x0:0x00000000  x0=0x00000000
       58205000	      5721	8000a89c	031e92b3	mulh	x5,x29,x17	 x29:0x00000000 x17:0x00000000  x5=0x00000000
       58215000	      5722	8000a8a0	0204c163	blt	x9,x0,8000a8c2	  x9:0x00000000  x0:0x00000000
       58255000	      5726	8000a8a4	02141b33	mulh	x22,x8,x1	  x8:0x8e5ad886  x1:0x70675000 x22=0xce19e1c4
       58265000	      5727	8000a8a8	403bd6b3	sra	x13,x23,x3	 x23:0x0001b000  x3:0x3b55b87c x13=0x00000000
       58275000	      5728	8000a8ac	413e01b3	sub	x3,x28,x19	 x28:0x00000011 x19:0x01c00000  x3=0xfe400011
       58285000	      5729	8000a8b0	01f2fe33	and	x28,x5,x31	  x5:0x00000000 x31:0x80025ce4 x28=0x00000000
       58315000	      5732	8000a8b4	02a30bb3	mul	x23,x6,x10	  x6:0x00000000 x10:0x00000000 x23=0x00000000
       58325000	      5733	8000a8b8	34007d73	csrrci	x26,mscratch,0	 x26=0x70675000
       58335000	      5734	8000a8bc	98fd	c.andi	x9,-1	  x9:0x00000000  x9=0x00000000
       58345000	      5735	8000a8be	8c8d	c.sub	x9,x11	  x9:0x00000000 x11:0x80021e58  x9=0x7ffde1a8
       58355000	      5736	8000a8c0	0001	c.addi	x0,0	  x0:0x00000000  x0=0x00000000
       58725000	      5773	8000a8c2	02155db3	divu	x27,x10,x1	 x10:0x00000000  x1:0x70675000 x27=0x00000000
       58735000	      5774	8000a8c6	0041ab33	slt	x22,x3,x4	  x3:0xfe400011  x4:0x80021e5f x22=0x00000000
       58745000	      5775	8000a8ca	41850933	sub	x18,x10,x24	 x10:0x00000000 x24:0x0000046a x18=0xfffffb96
       58755000	      5776	8000a8ce	41fa8633	sub	x12,x21,x31	 x21:0x0000000b x31:0x80025ce4 x12=0x7ffda327
       58795000	      5780	8000a8d2	031eb2b3	mulhu	x5,x29,x17	 x29:0x00000000 x17:0x00000000  x5=0x00000000
       58805000	      5781	8000a8d6	40e2dd93	srai	x27,x5,0xe	  x5:0x00000000 x27=0x00000000
       58815000	      5782	8000a8da	0532	c.slli	x10,0xc	 x10:0x00000000 x10=0x00000000
       58825000	      5783	8000a8dc	e7c80413	addi	x8,x16,-388	 x16:0xfb800000  x8=0xfb7ffe7c
       58865000	      5787	8000a8e0	03e1abb3	mulhsu	x23,x3,x30	  x3:0xfe400011 x30:0x8e5ad886 x23=0xff06e10e
       58875000	      5788	8000a8e4	c7b6a813	slti	x16,x13,-901	 x13:0x00000000 x16=0x00000000
       58885000	      5789	8000a8e8	54fd	c.li	x9,-1	  x9=0xffffffff
       58895000	      5790	8000a8ea	a9a28913	addi	x18,x5,-1382	  x5:0x00000000 x18=0xfffffa9a
       58905000	      5791	8000a8ee	fee4a193	slti	x3,x9,-18	  x9:0xffffffff  x3=0x00000000
       58915000	      5792	8000a8f2	01326933	or	x18,x4,x19	  x4:0x80021e5f x19:0x01c00000 x18=0x81c21e5f
       58925000	      5793	8000a8f6	a9772293	slti	x5,x14,-1385	 x14:0x00000002  x5=0x00000000
       58935000	      5794	8000a8fa	02137663	bgeu	x6,x1,8000a926	  x6:0x00000000  x1:0x70675000
       58945000	      5795	8000a8fe	0001	c.addi	x0,0	  x0:0x00000000  x0=0x00000000
       58955000	      5796	8000a900	0000100f	fence.i	
       58975000	      5798	8000a904	3409a973	csrrs	x18,mscratch,x19	 x19:0x01c00000 x18=0x70675000
       58985000	      5799	8000a908	01d38533	add	x10,x7,x29	  x7:0x00000013 x29:0x00000000 x10=0x00000013
       58995000	      5800	8000a90c	8d51	c.or	x10,x12	 x10:0x00000013 x12:0x7ffda327 x10=0x7ffda337
       59005000	      5801	8000a90e	8d05	c.sub	x10,x9	 x10:0x7ffda337  x9:0xffffffff x10=0x7ffda338
       59035000	      5804	8000a910	03cf89b3	mul	x19,x31,x28	 x31:0x80025ce4 x28:0x00000000 x19=0x00000000
       59075000	      5808	8000a914	02ea9933	mulh	x18,x21,x14	 x21:0x0000000b x14:0x00000002 x18=0x00000000
       59085000	      5809	8000a918	038a6363	bltu	x20,x24,8000a93e	 x20:0x00000000 x24:0x0000046a
       59145000	      5815	8000a93e	03b73bb3	mulhu	x23,x14,x27	 x14:0x00000002 x27:0x00000000 x23=0x00000000
       59155000	      5816	8000a942	8465	c.srai	x8,0x19	  x8:0xfb7ffe7c  x8=0xfffffffd
       59165000	      5817	8000a944	be94e013	ori	x0,x9,-1047	  x9:0xffffffff  x0=0x00000000
       59175000	      5818	8000a948	01b0bcb3	sltu	x25,x1,x27	  x1:0x70675000 x27:0x00000000 x25=0x00000000
       59215000	      5822	8000a94c	02c59c33	mulh	x24,x11,x12	 x11:0x80021e58 x12:0x7ffda327 x24=0xc0023d93
       59225000	      5823	8000a950	34006073	csrrsi	x0,mscratch,0	  x0=0x00000000
       59265000	      5827	8000a954	0301af33	mulhsu	x30,x3,x16	  x3:0x00000000 x16:0x00000000 x30=0x00000000
       59275000	      5828	8000a958	0115cc63	blt	x11,x17,8000a970	 x11:0x80021e58 x17:0x00000000
       59295000	      5830	8000a970	0001	c.addi	x0,0	  x0:0x00000000  x0=0x00000000
       59305000	      5831	8000a972	01a5c0b3	xor	x1,x11,x26	 x11:0x80021e58 x26:0x70675000  x1=0xf0654e58
       59315000	      5832	8000a976	34003873	csrrc	x16,mscratch,x0	  x0:0x00000000 x16=0x71e75000
       59325000	      5833	8000a97a	6e623713	sltiu	x14,x4,1766	  x4:0x80021e5f x14=0x00000000
       59335000	      5834	8000a97e	c389	c.beqz	x15,8000a980	 x15:0xfffff8e9
       59355000	      5836	8000a980	03bb58b3	divu	x17,x22,x27	 x22:0x00000000 x27:0x00000000 x17=0xffffffff
       59365000	      5837	8000a984	9afd	c.andi	x13,-1	 x13:0x00000000 x13=0x00000000
       59375000	      5838	8000a986	0910	c.addi4spn	x12,x2,144	 x12=0x00000097
       59385000	      5839	8000a988	0045ba33	sltu	x20,x11,x4	 x11:0x80021e58  x4:0x80021e5f x20=0x00000001
       59395000	      5840	8000a98c	0ff0000f	fence	iorw,iorw	
       59405000	      5841	8000a990	340f1bf3	csrrw	x23,mscratch,x30	 x30:0x00000000 x23=0x71e75000
       59415000	      5842	8000a994	404bd213	srai	x4,x23,0x4	 x23:0x71e75000  x4=0x071e7500
       59425000	      5843	8000a998	0a08	c.addi4spn	x10,x2,272	 x10=0x00000117
       59435000	      5844	8000a99a	827d	c.srli	x12,0x1f	 x12:0x00000097 x12=0x00000000
       59445000	      5845	8000a99c	00396c63	bltu	x18,x3,8000a9b4	 x18:0x00000000  x3:0x00000000
       59455000	      5846	8000a9a0	01749563	bne	x9,x23,8000a9aa	  x9:0xffffffff x23:0x71e75000
       59485000	      5849	8000a9aa	00c09463	bne	x1,x12,8000a9b2	  x1:0xf0654e58 x12:0x00000000
       59505000	      5851	8000a9b2	9afa	c.add	x21,x30	 x21:0x0000000b x30:0x00000000 x21=0x0000000b
       59515000	      5852	8000a9b4	e609	c.bnez	x12,8000a9be	 x12:0x00000000
       59525000	      5853	8000a9b6	9e9bf113	andi	x2,x23,-1559	 x23:0x71e75000  x2=0x71e75000
       59535000	      5854	8000a9ba	e291	c.bnez	x13,8000a9be	 x13:0x00000000
       59545000	      5855	8000a9bc	8e5d	c.or	x12,x15	 x12:0x00000000 x15:0xfffff8e9 x12=0xfffff8e9
       59555000	      5856	8000a9be	3407a1f3	csrrs	x3,mscratch,x15	 x15:0xfffff8e9  x3=0x00000000
       59565000	      5857	8000a9c2	00ad99b3	sll	x19,x27,x10	 x27:0x00000000 x10:0x00000117 x19=0x00000000
       59575000	      5858	8000a9c6	001de1b3	or	x3,x27,x1	 x27:0x00000000  x1:0xf0654e58  x3=0xf0654e58
       59585000	      5859	8000a9ca	8f99	c.sub	x15,x14	 x15:0xfffff8e9 x14:0x00000000 x15=0xfffff8e9
       59595000	      5860	8000a9cc	34042e73	csrrs	x28,mscratch,x8	  x8:0xfffffffd x28=0xfffff8e9
       59605000	      5861	8000a9d0	3406b7f3	csrrc	x15,mscratch,x13	 x13:0x00000000 x15=0xfffffffd
       59615000	      5862	8000a9d4	0ff0000f	fence	iorw,iorw	
       59625000	      5863	8000a9d8	e795	c.bnez	x15,8000aa04	 x15:0xfffffffd
       59645000	      5865	8000aa04	8f71	c.and	x14,x12	 x14:0x00000000 x12:0xfffff8e9 x14=0x00000000
       59655000	      5866	8000aa06	40805433	sra	x8,x0,x8	  x0:0x00000000  x8:0xfffffffd  x8=0x00000000
       59665000	      5867	8000aa0a	34062d73	csrrs	x26,mscratch,x12	 x12:0xfffff8e9 x26=0xfffffffd
       59675000	      5868	8000aa0e	04b79063	bne	x15,x11,8000aa4e	 x15:0xfffffffd x11:0x80021e58
       59735000	      5874	8000aa4e	02142f33	mulhsu	x30,x8,x1	  x8:0x00000000  x1:0xf0654e58 x30=0x00000000
       59745000	      5875	8000aa52	004a1033	sll	x0,x20,x4	 x20:0x00000001  x4:0x071e7500  x0=0x00000000
       59755000	      5876	8000aa56	899e	c.mv	x19,x7	  x0:0x00000000  x7:0x00000013 x19=0x00000013
       59765000	      5877	8000aa58	009400b3	add	x1,x8,x9	  x8:0x00000000  x9:0xffffffff  x1=0xffffffff
       59775000	      5878	8000aa5c	0001	c.addi	x0,0	  x0:0x00000000  x0=0x00000000
       59785000	      5879	8000aa5e	01cb2d33	slt	x26,x22,x28	 x22:0x00000000 x28:0xfffff8e9 x26=0x00000000
       59795000	      5880	8000aa62	01db0d63	beq	x22,x29,8000aa7c	 x22:0x00000000 x29:0x00000000
       59815000	      5882	8000aa7c	013be2b3	or	x5,x23,x19	 x23:0x71e75000 x19:0x00000013  x5=0x71e75013
       59825000	      5883	8000aa80	01cffb63	bgeu	x31,x28,8000aa96	 x31:0x80025ce4 x28:0xfffff8e9
       59835000	      5884	8000aa84	8d21	c.xor	x10,x8	 x10:0x00000117  x8:0x00000000 x10=0x00000117
       59845000	      5885	8000aa86	9e66	c.add	x28,x25	 x28:0xfffff8e9 x25:0x00000000 x28=0xfffff8e9
       59855000	      5886	8000aa88	0124c533	xor	x10,x9,x18	  x9:0xffffffff x18:0x00000000 x10=0xffffffff
       59865000	      5887	8000aa8c	034d8863	beq	x27,x20,8000aabc	 x27:0x00000000 x20:0x00000001
       59875000	      5888	8000aa90	402f5413	srai	x8,x30,0x2	 x30:0x00000000  x8=0x00000000
       59885000	      5889	8000aa94	0001	c.addi	x0,0	  x0:0x00000000  x0=0x00000000
       59895000	      5890	8000aa96	340e7af3	csrrci	x21,mscratch,28	 x21=0xfffffffd
       59935000	      5894	8000aa9a	02303433	mulhu	x8,x0,x3	  x0:0x00000000  x3:0xf0654e58  x8=0x00000000
       59945000	      5895	8000aa9e	0119ac33	slt	x24,x19,x17	 x19:0x00000013 x17:0xffffffff x24=0x00000000
       59955000	      5896	8000aaa2	8f95a993	slti	x19,x11,-1799	 x11:0x80021e58 x19=0x00000001
       59995000	      5900	8000aaa6	039529b3	mulhsu	x19,x10,x25	 x10:0xffffffff x25:0x00000000 x19=0x00000000
       60005000	      5901	8000aaaa	340e7473	csrrci	x8,mscratch,28	  x8=0xffffffe1
       60025000	      5903	8000aaae	03ad4cb3	div	x25,x26,x26	 x26:0x00000000 x26:0x00000000 x25=0xffffffff
       60035000	      5904	8000aab2	5dad88b7	lui	x17,0x5dad8	 x17=0x5dad8000
       60045000	      5905	8000aab6	01965763	bge	x12,x25,8000aac4	 x12:0xfffff8e9 x25:0xffffffff
       60055000	      5906	8000aaba	0f84	c.addi4spn	x9,x2,976	  x9=0x71e753d0
       60425000	      5943	8000aabc	02c1ee33	rem	x28,x3,x12	  x3:0xf0654e58 x12:0xfffff8e9 x28=0xfffffd68
       60435000	      5944	8000aac0	00ede033	or	x0,x27,x14	 x27:0x00000000 x14:0x00000000  x0=0x00000000
       60445000	      5945	8000aac4	340eb273	csrrc	x4,mscratch,x29	 x29:0x00000000  x4=0xffffffe1
       60455000	      5946	8000aac8	8212	c.mv	x4,x4	  x0:0x00000000  x4:0xffffffe1  x4=0xffffffe1
       60465000	      5947	8000aaca	55b719b7	lui	x19,0x55b71	 x19=0x55b71000
       60505000	      5951	8000aace	035ba0b3	mulhsu	x1,x23,x21	 x23:0x71e75000 x21:0xfffffffd  x1=0x71e74ffe
       60515000	      5952	8000aad2	0001	c.addi	x0,0	  x0:0x00000000  x0=0x00000000
       60525000	      5953	8000aad4	3408b7f3	csrrc	x15,mscratch,x17	 x17:0x5dad8000 x15=0xffffffe1
       60535000	      5954	8000aad8	02bd1a63	bne	x26,x11,8000ab0c	 x26:0x00000000 x11:0x80021e58
       60555000	      5956	8000ab0c	0001	c.addi	x0,0	  x0:0x00000000  x0=0x00000000
       60565000	      5957	8000ab0e	09c5	c.addi	x19,17	 x19:0x55b71000 x19=0x55b71011
       60575000	      5958	8000ab10	6bf1	c.lui	x23,0x1c	 x23=0x0001c000
       60585000	      5959	8000ab12	e129	c.bnez	x10,8000ab54	 x10:0xffffffff
       60605000	      5961	8000ab54	00ae1e93	slli	x29,x28,0xa	 x28:0xfffffd68 x29=0xfff5a000
       60615000	      5962	8000ab58	34056bf3	csrrsi	x23,mscratch,10	 x23=0xa2527fe1
       60625000	      5963	8000ab5c	f3eac993	xori	x19,x21,-194	 x21:0xfffffffd x19=0x000000c3
       60995000	      6000	8000ab60	02176e33	rem	x28,x14,x1	 x14:0x00000000  x1:0x71e74ffe x28=0x00000000
       61005000	      6001	8000ab64	e988f737	lui	x14,0xe988f	 x14=0xe988f000
       61375000	      6038	8000ab68	0222ce33	div	x28,x5,x2	  x5:0x71e75013  x2:0x71e75000 x28=0x00000001
       61385000	      6039	8000ab6c	c509	c.beqz	x10,8000ab76	 x10:0xffffffff
       61395000	      6040	8000ab6e	340a21f3	csrrs	x3,mscratch,x20	 x20:0x00000001  x3=0xa2527feb
       61765000	      6077	8000ab72	0291d733	divu	x14,x3,x9	  x3:0xa2527feb  x9:0x71e753d0 x14=0x00000001
       61775000	      6078	8000ab76	0000100f	fence.i	
       62165000	      6117	8000ab7a	02756ab3	rem	x21,x10,x7	 x10:0xffffffff  x7:0x00000013 x21=0xffffffff
       62175000	      6118	8000ab7e	04d47463	bgeu	x8,x13,8000abc6	  x8:0xffffffe1 x13:0x00000000
       62565000	      6157	8000abc6	02f7ccb3	div	x25,x15,x15	 x15:0xffffffe1 x15:0xffffffe1 x25=0x00000001
       62575000	      6158	8000abca	01fb1e93	slli	x29,x22,0x1f	 x22:0x00000000 x29=0x00000000
       62585000	      6159	8000abce	34043bf3	csrrc	x23,mscratch,x8	  x8:0xffffffe1 x23=0xa2527feb
       62595000	      6160	8000abd2	036a0163	beq	x20,x22,8000abf4	 x20:0x00000001 x22:0x00000000
       62605000	      6161	8000abd6	4d15	c.li	x26,5	 x26=0x00000005
       62615000	      6162	8000abd8	34007cf3	csrrci	x25,mscratch,0	 x25=0x0000000a
       62625000	      6163	8000abdc	01a85c63	bge	x16,x26,8000abf4	 x16:0x71e75000 x26:0x00000005
       62645000	      6165	8000abf4	014f63b3	or	x7,x30,x20	 x30:0x00000000 x20:0x00000001  x7=0x00000001
       62675000	      6168	8000abf8	02d306b3	mul	x13,x6,x13	  x6:0x00000000 x13:0x00000000 x13=0x00000000
       62685000	      6169	8000abfc	0d06	c.slli	x26,0x1	 x26:0x00000005 x26=0x0000000a
       62695000	      6170	8000abfe	03cf5963	bge	x30,x28,8000ac30	 x30:0x00000000 x28:0x00000001
       62705000	      6171	8000ac02	00a05363	bge	x0,x10,8000ac08	  x0:0x00000000 x10:0xffffffff
       62725000	      6173	8000ac08	f8bc4013	xori	x0,x24,-117	 x24:0x00000000  x0=0x00000000
       62735000	      6174	8000ac0c	41290b33	sub	x22,x18,x18	 x18:0x00000000 x18:0x00000000 x22=0x00000000
       63105000	      6211	8000ac10	0344f533	remu	x10,x9,x20	  x9:0x71e753d0 x20:0x00000001 x10=0x00000000
       63115000	      6212	8000ac14	016e1113	slli	x2,x28,0x16	 x28:0x00000001  x2=0x00400000
       63125000	      6213	8000ac18	01b90e33	add	x28,x18,x27	 x18:0x00000000 x27:0x00000000 x28=0x00000000
       63135000	      6214	8000ac1c	34087e73	csrrci	x28,mscratch,16	 x28=0x0000000a
       63145000	      6215	8000ac20	0021ed63	bltu	x3,x2,8000ac3a	  x3:0xa2527feb  x2:0x00400000
       63155000	      6216	8000ac24	8c55	c.or	x8,x13	  x8:0xffffffe1 x13:0x00000000  x8=0xffffffe1
       63165000	      6217	8000ac26	e01d	c.bnez	x8,8000ac4c	  x8:0xffffffe1
       63185000	      6219	8000ac4c	0a1f6b13	ori	x22,x30,161	 x30:0x00000000 x22=0x000000a1
       63195000	      6220	8000ac50	012dc233	xor	x4,x27,x18	 x27:0x00000000 x18:0x00000000  x4=0x00000000
       63205000	      6221	8000ac54	00e2b433	sltu	x8,x5,x14	  x5:0x71e75013 x14:0x00000001  x8=0x00000000
       63215000	      6222	8000ac58	00b190b3	sll	x1,x3,x11	  x3:0xa2527feb x11:0x80021e58  x1=0xeb000000
       63225000	      6223	8000ac5c	62a9e637	lui	x12,0x62a9e	 x12=0x62a9e000
       63235000	      6224	8000ac60	34069df3	csrrw	x27,mscratch,x13	 x13:0x00000000 x27=0x0000000a
       63245000	      6225	8000ac64	01809e13	slli	x28,x1,0x18	  x1:0xeb000000 x28=0x00000000
       63255000	      6226	8000ac68	01693113	sltiu	x2,x18,22	 x18:0x00000000  x2=0x00000001
       63265000	      6227	8000ac6c	eb91	c.bnez	x15,8000ac80	 x15:0xffffffe1
       63285000	      6229	8000ac80	03195663	bge	x18,x17,8000acac	 x18:0x00000000 x17:0x5dad8000
       63295000	      6230	8000ac84	8ced	c.and	x9,x11	  x9:0x71e753d0 x11:0x80021e58  x9=0x00021250
       63305000	      6231	8000ac86	00ed	c.addi	x1,27	  x1:0xeb000000  x1=0xeb00001b
       63315000	      6232	8000ac88	00b57633	and	x12,x10,x11	 x10:0x00000000 x11:0x80021e58 x12=0x00000000
       63325000	      6233	8000ac8c	8b41	c.andi	x14,16	 x14:0x00000001 x14=0x00000000
       63335000	      6234	8000ac8e	01854c33	xor	x24,x10,x24	 x10:0x00000000 x24:0x00000000 x24=0x00000000
       63705000	      6271	8000ac92	02375033	divu	x0,x14,x3	 x14:0x00000000  x3:0xa2527feb  x0=0x00000000
       63715000	      6272	8000ac96	00cd9433	sll	x8,x27,x12	 x27:0x0000000a x12:0x00000000  x8=0x0000000a
       63725000	      6273	8000ac9a	51fd	c.li	x3,-1	  x3=0xffffffff
       63735000	      6274	8000ac9c	0052d433	srl	x8,x5,x5	  x5:0x71e75013  x5:0x71e75013  x8=0x00000e3c
       63745000	      6275	8000aca0	340038f3	csrrc	x17,mscratch,x0	  x0:0x00000000 x17=0x00000000
       63755000	      6276	8000aca4	1df2bf13	sltiu	x30,x5,479	  x5:0x71e75013 x30=0x00000000
       63775000	      6278	8000aca8	03e0cd33	div	x26,x1,x30	  x1:0xeb00001b x30:0x00000000 x26=0xffffffff
       63785000	      6279	8000acac	ffc73193	sltiu	x3,x14,-4	 x14:0x00000000  x3=0x00000001
       63795000	      6280	8000acb0	0145ad33	slt	x26,x11,x20	 x11:0x80021e58 x20:0x00000001 x26=0x00000001
       63805000	      6281	8000acb4	05ae4063	blt	x28,x26,8000acf4	 x28:0x00000000 x26:0x00000001
       63825000	      6283	8000acf4	ea15	c.bnez	x12,8000ad28	 x12:0x00000000
       63835000	      6284	8000acf6	0ff0000f	fence	iorw,iorw	
       63845000	      6285	8000acfa	67a1	c.lui	x15,0x8	 x15=0x00008000
       63855000	      6286	8000acfc	04308363	beq	x1,x3,8000ad42	  x1:0xeb00001b  x3:0x00000001
       63865000	      6287	8000ad00	9a92df37	lui	x30,0x9a92d	 x30=0x9a92d000
       63875000	      6288	8000ad04	81ab0393	addi	x7,x22,-2022	 x22:0x000000a1  x7=0xfffff8bb
       63885000	      6289	8000ad08	032b4863	blt	x22,x18,8000ad38	 x22:0x000000a1 x18:0x00000000
       63895000	      6290	8000ad0c	340cda73	csrrwi	x20,mscratch,25	 x20=0x00000000
       63905000	      6291	8000ad10	611d4813	xori	x16,x26,1553	 x26:0x00000001 x16=0x00000610
       63915000	      6292	8000ad14	007bd433	srl	x8,x23,x7	 x23:0xa2527feb  x7:0xfffff8bb  x8=0x00000014
       63925000	      6293	8000ad18	018c18b3	sll	x17,x24,x24	 x24:0x00000000 x24:0x00000000 x17=0x00000000
       63935000	      6294	8000ad1c	00c69463	bne	x13,x12,8000ad24	 x13:0x00000000 x12:0x00000000
       63945000	      6295	8000ad20	a4e6b917	auipc	x18,0xa4e6b	 x18=0x24e75d20
       63955000	      6296	8000ad24	945bf013	andi	x0,x23,-1723	 x23:0xa2527feb  x0=0x00000000
       63965000	      6297	8000ad28	00bfbe33	sltu	x28,x31,x11	 x31:0x80025ce4 x11:0x80021e58 x28=0x00000000
       64005000	      6301	8000ad2c	02413633	mulhu	x12,x2,x4	  x2:0x00000001  x4:0x00000000 x12=0x00000000
       64015000	      6302	8000ad30	015123b3	slt	x7,x2,x21	  x2:0x00000001 x21:0xffffffff  x7=0x00000000
       64025000	      6303	8000ad34	00f411b3	sll	x3,x8,x15	  x8:0x00000014 x15:0x00008000  x3=0x00000014
       64035000	      6304	8000ad38	5afd	c.li	x21,-1	 x21=0xffffffff
       64045000	      6305	8000ad3a	4161d4b3	sra	x9,x3,x22	  x3:0x00000014 x22:0x000000a1  x9=0x0000000a
       64055000	      6306	8000ad3e	01fc0663	beq	x24,x31,8000ad4a	 x24:0x00000000 x31:0x80025ce4
       64065000	      6307	8000ad42	01f1ce33	xor	x28,x3,x31	  x3:0x00000014 x31:0x80025ce4 x28=0x80025cf0
       64075000	      6308	8000ad46	0181d213	srli	x4,x3,0x18	  x3:0x00000014  x4=0x00000000
       64085000	      6309	8000ad4a	00915463	bge	x2,x9,8000ad52	  x2:0x00000001  x9:0x0000000a
       64095000	      6310	8000ad4e	ac58a437	lui	x8,0xac58a	  x8=0xac58a000
       64105000	      6311	8000ad52	8941	c.andi	x10,16	 x10:0x00000000 x10=0x00000000
       64115000	      6312	8000ad54	93da8493	addi	x9,x21,-1731	 x21:0xffffffff  x9=0xfffff93c
       64125000	      6313	8000ad58	00df2eb3	slt	x29,x30,x13	 x30:0x9a92d000 x13:0x00000000 x29=0x00000001
       64495000	      6350	8000ad5c	0219ccb3	div	x25,x19,x1	 x19:0x000000c3  x1:0xeb00001b x25=0x00000000
       64505000	      6351	8000ad60	00c7e533	or	x10,x15,x12	 x15:0x00008000 x12:0x00000000 x10=0x00008000
       64515000	      6352	8000ad64	0001	c.addi	x0,0	  x0:0x00000000  x0=0x00000000
       64525000	      6353	8000ad66	8719	c.srai	x14,0x6	 x14:0x00000000 x14=0x00000000
       64535000	      6354	8000ad68	99194813	xori	x16,x18,-1647	 x18:0x24e75d20 x16=0xdb18a4b1
       64545000	      6355	8000ad6c	00419793	slli	x15,x3,0x4	  x3:0x00000014 x15=0x00000140
       64555000	      6356	8000ad70	8ea5	c.xor	x13,x9	 x13:0x00000000  x9:0xfffff93c x13=0xfffff93c
       64565000	      6357	8000ad72	ea19	c.bnez	x12,8000ad88	 x12:0x00000000
       64575000	      6358	8000ad74	0001	c.addi	x0,0	  x0:0x00000000  x0=0x00000000
       64585000	      6359	8000ad76	beb56b93	ori	x23,x10,-1045	 x10:0x00008000 x23=0xfffffbeb
       64595000	      6360	8000ad7a	0ff0000f	fence	iorw,iorw	
       64625000	      6363	8000ad7e	038089b3	mul	x19,x1,x24	  x1:0xeb00001b x24:0x00000000 x19=0x00000000
       64635000	      6364	8000ad82	01085663	bge	x16,x16,8000ad8e	 x16:0xdb18a4b1 x16:0xdb18a4b1
       64665000	      6367	8000ad8e	010d08b3	add	x17,x26,x16	 x26:0x00000001 x16:0xdb18a4b1 x17=0xdb18a4b2
       64675000	      6368	8000ad92	0001	c.addi	x0,0	  x0:0x00000000  x0=0x00000000
       64685000	      6369	8000ad94	9ad6	c.add	x21,x21	 x21:0xffffffff x21:0xffffffff x21=0xfffffffe
       64695000	      6370	8000ad96	0000100f	fence.i	
       65085000	      6409	8000ad9a	03f55d33	divu	x26,x10,x31	 x10:0x00008000 x31:0x80025ce4 x26=0x00000000
       65095000	      6410	8000ad9e	a819b217	auipc	x4,0xa819b	  x4=0x281a5d9e
       65105000	      6411	8000ada2	40395913	srai	x18,x18,0x3	 x18:0x24e75d20 x18=0x049ceba4
       65115000	      6412	8000ada6	c495	c.beqz	x9,8000add2	  x9:0xfffff93c
       65125000	      6413	8000ada8	0001	c.addi	x0,0	  x0:0x00000000  x0=0x00000000
       65135000	      6414	8000adaa	340e1a73	csrrw	x20,mscratch,x28	 x28:0x80025cf0 x20=0x00000019
       65145000	      6415	8000adae	4265	c.li	x4,25	  x4=0x00000019
       65155000	      6416	8000adb0	5afd	c.li	x21,-1	 x21=0xffffffff
       65165000	      6417	8000adb2	8f71	c.and	x14,x12	 x14:0x00000000 x12:0x00000000 x14=0x00000000
       65175000	      6418	8000adb4	8ead	c.xor	x13,x11	 x13:0xfffff93c x11:0x80021e58 x13=0x7ffde764
       65185000	      6419	8000adb6	70de0013	addi	x0,x28,1805	 x28:0x80025cf0  x0=0x00000000
       65555000	      6456	8000adba	03b5c733	div	x14,x11,x27	 x11:0x80021e58 x27:0x0000000a x14=0xf3336970
       65565000	      6457	8000adbe	0188e863	bltu	x17,x24,8000adce	 x17:0xdb18a4b2 x24:0x00000000
       65575000	      6458	8000adc2	dac25a97	auipc	x21,0xdac25	 x21=0x5ac2fdc2
       65585000	      6459	8000adc6	33645637	lui	x12,0x33645	 x12=0x33645000
       65595000	      6460	8000adca	05cc7263	bgeu	x24,x28,8000ae0e	 x24:0x00000000 x28:0x80025cf0
       65965000	      6497	8000adce	023f6ab3	rem	x21,x30,x3	 x30:0x9a92d000  x3:0x00000014 x21=0xfffffff8
       65975000	      6498	8000add2	340f3273	csrrc	x4,mscratch,x30	 x30:0x9a92d000  x4=0x80025cf0
       65985000	      6499	8000add6	0000100f	fence.i	
       66005000	      6501	8000adda	493d	c.li	x18,15	 x18=0x0000000f
       66015000	      6502	8000addc	c919	c.beqz	x10,8000adf2	 x10:0x00008000
       66025000	      6503	8000adde	805d	c.srli	x8,0x17	  x8:0xac58a000  x8=0x00000158
       66035000	      6504	8000ade0	0001	c.addi	x0,0	  x0:0x00000000  x0=0x00000000
       66055000	      6506	8000ade2	03a47e33	remu	x28,x8,x26	  x8:0x00000158 x26:0x00000000 x28=0x00000158
       66065000	      6507	8000ade6	4094dc33	sra	x24,x9,x9	  x9:0xfffff93c  x9:0xfffff93c x24=0xffffffff
       66075000	      6508	8000adea	01cd4a33	xor	x20,x26,x28	 x26:0x00000000 x28:0x00000158 x20=0x00000158
       66115000	      6512	8000adee	0267bd33	mulhu	x26,x15,x6	 x15:0x00000140  x6:0x00000000 x26=0x00000000
       66125000	      6513	8000adf2	e3b1	c.bnez	x15,8000ae36	 x15:0x00000140
       66155000	      6516	8000ae36	0ff0000f	fence	iorw,iorw	
       66165000	      6517	8000ae3a	01b73c33	sltu	x24,x14,x27	 x14:0xf3336970 x27:0x0000000a x24=0x00000000
       66175000	      6518	8000ae3e	614d	c.addi16sp	x2,176	  x2:0x00000001  x2=0x000000b1
       66195000	      6520	8000ae40	026bf033	remu	x0,x23,x6	 x23:0xfffffbeb  x6:0x00000000  x0=0x00000000
       66205000	      6521	8000ae44	3405f1f3	csrrci	x3,mscratch,11	  x3=0x00000cf0
       66215000	      6522	8000ae48	3407f073	csrrci	x0,mscratch,15	  x0=0x00000000
       66225000	      6523	8000ae4c	b85b3a93	sltiu	x21,x22,-1147	 x22:0x000000a1 x21=0x00000001
       66235000	      6524	8000ae50	8f2d	c.xor	x14,x11	 x14:0xf3336970 x11:0x80021e58 x14=0x73317728
       66245000	      6525	8000ae52	fc4d2193	slti	x3,x26,-60	 x26:0x00000000  x3=0x00000000
       66255000	      6526	8000ae56	21286393	ori	x7,x16,530	 x16:0xdb18a4b1  x7=0xdb18a6b3
       66265000	      6527	8000ae5a	00a8d893	srli	x17,x17,0xa	 x17:0xdb18a4b2 x17=0x0036c629
       66275000	      6528	8000ae5e	41edd113	srai	x2,x27,0x1e	 x27:0x0000000a  x2=0x00000000
       66285000	      6529	8000ae62	c10b4b93	xori	x23,x22,-1008	 x22:0x000000a1 x23=0xfffffcb1
       66295000	      6530	8000ae66	915e	c.add	x2,x23	  x2:0x00000000 x23:0xfffffcb1  x2=0xfffffcb1
       66305000	      6531	8000ae68	92f2	c.add	x5,x28	  x5:0x71e75013 x28:0x00000158  x5=0x71e7516b
       66315000	      6532	8000ae6a	8f15	c.sub	x14,x13	 x14:0x73317728 x13:0x7ffde764 x14=0xf3338fc4
       66325000	      6533	8000ae6c	181c	c.addi4spn	x15,x2,48	 x15=0xfffffce1
       66335000	      6534	8000ae6e	8d2b4813	xori	x16,x22,-1838	 x22:0x000000a1 x16=0xfffff873
       66345000	      6535	8000ae72	6e84a2b7	lui	x5,0x6e84a	  x5=0x6e84a000
       66355000	      6536	8000ae76	02bcf263	bgeu	x25,x11,8000ae9a	 x25:0x00000000 x11:0x80021e58
       66365000	      6537	8000ae7a	0001	c.addi	x0,0	  x0:0x00000000  x0=0x00000000
       66375000	      6538	8000ae7c	96e2	c.add	x13,x24	 x13:0x7ffde764 x24:0x00000000 x13=0x7ffde764
       66385000	      6539	8000ae7e	717d	c.addi16sp	x2,-16	  x2:0xfffffcb1  x2=0xfffffca1
       66395000	      6540	8000ae80	0810	c.addi4spn	x12,x2,16	 x12=0xfffffcb1
       66405000	      6541	8000ae82	407a5493	srai	x9,x20,0x7	 x20:0x00000158  x9=0x00000002
       66415000	      6542	8000ae86	ce193ab7	lui	x21,0xce193	 x21=0xce193000
       66425000	      6543	8000ae8a	0eaa	c.slli	x29,0xa	 x29:0x00000001 x29=0x00000400
       66435000	      6544	8000ae8c	01244533	xor	x10,x8,x18	  x8:0x00000158 x18:0x0000000f x10=0x00000157
       66445000	      6545	8000ae90	6109	c.addi16sp	x2,128	  x2:0xfffffca1  x2=0xfffffd21
       66455000	      6546	8000ae92	34092d73	csrrs	x26,mscratch,x18	 x18:0x0000000f x26=0x00000cf0
       66465000	      6547	8000ae96	0ff0000f	fence	iorw,iorw	
       66475000	      6548	8000ae9a	75f53f17	auipc	x30,0x75f53	 x30=0xf5f5de9a
       66485000	      6549	8000ae9e	3409d2f3	csrrwi	x5,mscratch,19	  x5=0x00000cff
       66495000	      6550	8000aea2	41368833	sub	x16,x13,x19	 x13:0x7ffde764 x19:0x00000000 x16=0x7ffde764
       66505000	      6551	8000aea6	6161	c.addi16sp	x2,80	  x2:0xfffffd21  x2=0xfffffd71
       66515000	      6552	8000aea8	c1634a13	xori	x20,x6,-1002	  x6:0x00000000 x20=0xfffffc16
       66525000	      6553	8000aeac	016b62b3	or	x5,x22,x22	 x22:0x000000a1 x22:0x000000a1  x5=0x000000a1
       66535000	      6554	8000aeb0	ce11	c.beqz	x12,8000aecc	 x12:0xfffffcb1
       66545000	      6555	8000aeb2	02864263	blt	x12,x8,8000aed6	 x12:0xfffffcb1  x8:0x00000158
       66605000	      6561	8000aed6	03b897b3	mulh	x15,x17,x27	 x17:0x0036c629 x27:0x0000000a x15=0x00000000
       66615000	      6562	8000aeda	34002673	csrrs	x12,mscratch,x0	  x0:0x00000000 x12=0x00000013
       66625000	      6563	8000aede	01757263	bgeu	x10,x23,8000aee2	 x10:0x00000157 x23:0xfffffcb1
       66995000	      6600	8000aee2	024248b3	div	x17,x4,x4	  x4:0x80025cf0  x4:0x80025cf0 x17=0x00000001
       67005000	      6601	8000aee6	01dff663	bgeu	x31,x29,8000aef2	 x31:0x80025ce4 x29:0x00000400
       67025000	      6603	8000aef2	c209	c.beqz	x12,8000aef4	 x12:0x00000013
       67035000	      6604	8000aef4	0ff0000f	fence	iorw,iorw	
       67045000	      6605	8000aef8	0ff0000f	fence	iorw,iorw	
       67055000	      6606	8000aefc	00679e63	bne	x15,x6,8000af18	 x15:0x00000000  x6:0x00000000
       67095000	      6610	8000af00	02db16b3	mulh	x13,x22,x13	 x22:0x000000a1 x13:0x7ffde764 x13=0x00000050
       67105000	      6611	8000af04	02a5e963	bltu	x11,x10,8000af36	 x11:0x80021e58 x10:0x00000157
       67115000	      6612	8000af08	0000100f	fence.i	
       67495000	      6650	8000af0c	02b7d0b3	divu	x1,x15,x11	 x15:0x00000000 x11:0x80021e58  x1=0x00000000
       67505000	      6651	8000af10	34007e73	csrrci	x28,mscratch,0	 x28=0x00000013
       67545000	      6655	8000af14	03759533	mulh	x10,x11,x23	 x11:0x80021e58 x23:0xfffffcb1 x10=0x000001a7
       67555000	      6656	8000af18	40d25b33	sra	x22,x4,x13	  x4:0x80025cf0 x13:0x00000050 x22=0xffff8002
       67575000	      6658	8000af1c	03826533	rem	x10,x4,x24	  x4:0x80025cf0 x24:0x00000000 x10=0x80025cf0
       67585000	      6659	8000af20	0001	c.addi	x0,0	  x0:0x00000000  x0=0x00000000
       67605000	      6661	8000af22	02fedc33	divu	x24,x29,x15	 x29:0x00000400 x15:0x00000000 x24=0xffffffff
       67615000	      6662	8000af26	340fa8f3	csrrs	x17,mscratch,x31	 x31:0x80025ce4 x17=0x00000013
       67655000	      6666	8000af2a	0294b033	mulhu	x0,x9,x9	  x9:0x00000002  x9:0x00000002  x0=0x00000000
       67695000	      6670	8000af2e	02531b33	mulh	x22,x6,x5	  x6:0x00000000  x5:0x000000a1 x22=0x00000000
       67705000	      6671	8000af32	01d8a8b3	slt	x17,x17,x29	 x17:0x00000013 x29:0x00000400 x17=0x00000001
       67715000	      6672	8000af36	8d29	c.xor	x10,x10	 x10:0x80025cf0 x10:0x80025cf0 x10=0x00000000
       68085000	      6709	8000af38	03b9cf33	div	x30,x19,x27	 x19:0x00000000 x27:0x0000000a x30=0x00000000
       68095000	      6710	8000af3c	88ae	c.mv	x17,x11	  x0:0x00000000 x11:0x80021e58 x17=0x80021e58
       68105000	      6711	8000af3e	00452e33	slt	x28,x10,x4	 x10:0x00000000  x4:0x80025cf0 x28=0x00000000
       68115000	      6712	8000af42	3401dcf3	csrrwi	x25,mscratch,3	 x25=0x80025cf7
       68485000	      6749	8000af46	038bd4b3	divu	x9,x23,x24	 x23:0xfffffcb1 x24:0xffffffff  x9=0x00000000
       68495000	      6750	8000af4a	34002ef3	csrrs	x29,mscratch,x0	  x0:0x00000000 x29=0x00000003
       68535000	      6754	8000af4e	02a79e33	mulh	x28,x15,x10	 x15:0x00000000 x10:0x00000000 x28=0x00000000
       68565000	      6757	8000af52	03470f33	mul	x30,x14,x20	 x14:0xf3338fc4 x20:0xfffffc16 x30=0x182f4ad8
       68575000	      6758	8000af56	80c97693	andi	x13,x18,-2036	 x18:0x0000000f x13=0x0000000c
       68585000	      6759	8000af5a	34007773	csrrci	x14,mscratch,0	 x14=0x00000003
       68595000	      6760	8000af5e	8e0d	c.sub	x12,x11	 x12:0x00000013 x11:0x80021e58 x12=0x7ffde1bb
       68965000	      6797	8000af60	02efc533	div	x10,x31,x14	 x31:0x80025ce4 x14:0x00000003 x10=0xd5561ef7
       68975000	      6798	8000af64	91f2	c.add	x3,x28	  x3:0x00000000 x28:0x00000000  x3=0x00000000
       68985000	      6799	8000af66	0001	c.addi	x0,0	  x0:0x00000000  x0=0x00000000
       68995000	      6800	8000af68	42a9	c.li	x5,10	  x5=0x0000000a
       69005000	      6801	8000af6a	41cc5513	srai	x10,x24,0x1c	 x24:0xffffffff x10=0xffffffff
       69015000	      6802	8000af6e	002e0f33	add	x30,x28,x2	 x28:0x00000000  x2:0xfffffd71 x30=0xfffffd71
       69045000	      6805	8000af72	021989b3	mul	x19,x19,x1	 x19:0x00000000  x1:0x00000000 x19=0x00000000
       69055000	      6806	8000af76	51612b13	slti	x22,x2,1302	  x2:0xfffffd71 x22=0x00000001
       69065000	      6807	8000af7a	34006df3	csrrsi	x27,mscratch,0	 x27=0x00000003
       69435000	      6844	8000af7e	02ade1b3	rem	x3,x27,x10	 x27:0x00000003 x10:0xffffffff  x3=0x00000000
       69445000	      6845	8000af82	0017b833	sltu	x16,x15,x1	 x15:0x00000000  x1:0x00000000 x16=0x00000000
       69455000	      6846	8000af86	004b51b3	srl	x3,x22,x4	 x22:0x00000001  x4:0x80025cf0  x3=0x00000000
       69465000	      6847	8000af8a	63cd	c.lui	x7,0x13	  x7=0x00013000
       69835000	      6884	8000af8c	032beab3	rem	x21,x23,x18	 x23:0xfffffcb1 x18:0x0000000f x21=0xfffffff9
       69845000	      6885	8000af90	0ff0000f	fence	iorw,iorw	
       69885000	      6889	8000af94	02e5a8b3	mulhsu	x17,x11,x14	 x11:0x80021e58 x14:0x00000003 x17=0xfffffffe
       69925000	      6893	8000af98	02822933	mulhsu	x18,x4,x8	  x4:0x80025cf0  x8:0x00000158 x18=0xffffff54
       69935000	      6894	8000af9c	8f35	c.xor	x14,x13	 x14:0x00000003 x13:0x0000000c x14=0x0000000f
       69945000	      6895	8000af9e	419652b3	sra	x5,x12,x25	 x12:0x7ffde1bb x25:0x80025cf7  x5=0x000000ff
       69955000	      6896	8000afa2	009e4233	xor	x4,x28,x9	 x28:0x00000000  x9:0x00000000  x4=0x00000000
       69965000	      6897	8000afa6	01c804b3	add	x9,x16,x28	 x16:0x00000000 x28:0x00000000  x9=0x00000000
       69975000	      6898	8000afaa	340454f3	csrrwi	x9,mscratch,8	  x9=0x00000003
       69985000	      6899	8000afae	3403dbf3	csrrwi	x23,mscratch,7	 x23=0x00000008
       69995000	      6900	8000afb2	340e3973	csrrc	x18,mscratch,x28	 x28:0x00000000 x18=0x00000007
       70005000	      6901	8000afb6	40a35cb3	sra	x25,x6,x10	  x6:0x00000000 x10:0xffffffff x25=0x00000000
       70015000	      6902	8000afba	0000100f	fence.i	
       70045000	      6905	8000afbe	0187ebb3	or	x23,x15,x24	 x15:0x00000000 x24:0xffffffff x23=0xffffffff
       70055000	      6906	8000afc2	02630e63	beq	x6,x6,8000affe	  x6:0x00000000  x6:0x00000000
       70085000	      6909	8000affe	004c8d33	add	x26,x25,x4	 x25:0x00000000  x4:0x00000000 x26=0x00000000
       70125000	      6913	8000b002	023497b3	mulh	x15,x9,x3	  x9:0x00000003  x3:0x00000000 x15=0x00000000
       70165000	      6917	8000b006	03dbbd33	mulhu	x26,x23,x29	 x23:0xffffffff x29:0x00000003 x26=0x00000002
       70175000	      6918	8000b00a	8b8d	c.andi	x15,3	 x15:0x00000000 x15=0x00000000
       70185000	      6919	8000b00c	68d1	c.lui	x17,0x14	 x17=0x00014000
       70195000	      6920	8000b00e	00afbc33	sltu	x24,x31,x10	 x31:0x80025ce4 x10:0xffffffff x24=0x00000001
       70215000	      6922	8000b012	026850b3	divu	x1,x16,x6	 x16:0x00000000  x6:0x00000000  x1=0xffffffff
       70225000	      6923	8000b016	0001	c.addi	x0,0	  x0:0x00000000  x0=0x00000000
       70235000	      6924	8000b018	8561	c.srai	x10,0x18	 x10:0xffffffff x10=0xffffffff
       70245000	      6925	8000b01a	340651f3	csrrwi	x3,mscratch,12	  x3=0x00000007
       70285000	      6929	8000b01e	03333cb3	mulhu	x25,x6,x19	  x6:0x00000000 x19:0x00000000 x25=0x00000000
       70295000	      6930	8000b022	340e18f3	csrrw	x17,mscratch,x28	 x28:0x00000000 x17=0x0000000c
       70305000	      6931	8000b026	72d13117	auipc	x2,0x72d13	  x2=0xf2d1e026
       70315000	      6932	8000b02a	0116d133	srl	x2,x13,x17	 x13:0x0000000c x17:0x0000000c  x2=0x00000000
       70325000	      6933	8000b02e	6add	c.lui	x21,0x17	 x21=0x00017000
       70335000	      6934	8000b030	82c2	c.mv	x5,x16	  x0:0x00000000 x16:0x00000000  x5=0x00000000
       70345000	      6935	8000b032	03166a63	bltu	x12,x17,8000b066	 x12:0x7ffde1bb x17:0x0000000c
       70355000	      6936	8000b036	01d2feb3	and	x29,x5,x29	  x5:0x00000000 x29:0x00000003 x29=0x00000000
       70365000	      6937	8000b03a	04c5	c.addi	x9,17	  x9:0x00000003  x9=0x00000014
       70375000	      6938	8000b03c	feb9bf13	sltiu	x30,x19,-21	 x19:0x00000000 x30=0x00000001
       70385000	      6939	8000b040	a751b0b7	lui	x1,0xa751b	  x1=0xa751b000
       70395000	      6940	8000b044	40850233	sub	x4,x10,x8	 x10:0xffffffff  x8:0x00000158  x4=0xfffffea7
       70765000	      6977	8000b048	027b69b3	rem	x19,x22,x7	 x22:0x00000001  x7:0x00013000 x19=0x00000001
       70775000	      6978	8000b04c	010acab3	xor	x21,x21,x16	 x21:0x00017000 x16:0x00000000 x21=0x00017000
       70785000	      6979	8000b050	8715	c.srai	x14,0x5	 x14:0x0000000f x14=0x00000000
       71155000	      7016	8000b052	02a664b3	rem	x9,x12,x10	 x12:0x7ffde1bb x10:0xffffffff  x9=0x00000000
       71165000	      7017	8000b056	8fad	c.xor	x15,x11	 x15:0x00000000 x11:0x80021e58 x15=0x80021e58
       71195000	      7020	8000b058	024309b3	mul	x19,x6,x4	  x6:0x00000000  x4:0xfffffea7 x19=0x00000000
       71205000	      7021	8000b05c	34002f73	csrrs	x30,mscratch,x0	  x0:0x00000000 x30=0x00000000
       71215000	      7022	8000b060	00161093	slli	x1,x12,0x1	 x12:0x7ffde1bb  x1=0xfffbc376
       71225000	      7023	8000b064	8ef6	c.mv	x29,x29	  x0:0x00000000 x29:0x00000000 x29=0x00000000
       71235000	      7024	8000b066	9bfd	c.andi	x15,-1	 x15:0x80021e58 x15=0x80021e58
       71245000	      7025	8000b068	2f189717	auipc	x14,0x2f189	 x14=0xaf194068
       71255000	      7026	8000b06c	8ac9	c.andi	x13,18	 x13:0x0000000c x13=0x00000000
       71265000	      7027	8000b06e	884e	c.mv	x16,x19	  x0:0x00000000 x19:0x00000000 x16=0x00000000
       71275000	      7028	8000b070	01baae33	slt	x28,x21,x27	 x21:0x00017000 x27:0x00000003 x28=0x00000000
       71285000	      7029	8000b074	40e88a33	sub	x20,x17,x14	 x17:0x0000000c x14:0xaf194068 x20=0x50e6bfa4
       71325000	      7033	8000b078	029a1233	mulh	x4,x20,x9	 x20:0x50e6bfa4  x9:0x00000000  x4=0x00000000
       71345000	      7035	8000b07c	033a73b3	remu	x7,x20,x19	 x20:0x50e6bfa4 x19:0x00000000  x7=0x50e6bfa4
       71355000	      7036	8000b080	40c58eb3	sub	x29,x11,x12	 x11:0x80021e58 x12:0x7ffde1bb x29=0x00043c9d
       71365000	      7037	8000b084	41775f13	srai	x30,x14,0x17	 x14:0xaf194068 x30=0xffffff5e
       71375000	      7038	8000b088	6145	c.addi16sp	x2,48	  x2:0x00000000  x2=0x00000030
       71385000	      7039	8000b08a	8e91	c.sub	x13,x12	 x13:0x00000000 x12:0x7ffde1bb x13=0x80021e45
       71395000	      7040	8000b08c	6cb9	c.lui	x25,0xe	 x25=0x0000e000
       71405000	      7041	8000b08e	340ea7f3	csrrs	x15,mscratch,x29	 x29:0x00043c9d x15=0x00000000
       71415000	      7042	8000b092	83b5	c.srli	x15,0xd	 x15:0x00000000 x15=0x00000000
       71425000	      7043	8000b094	001f9013	slli	x0,x31,0x1	 x31:0x80025ce4  x0=0x00000000
       71435000	      7044	8000b098	43c1da97	auipc	x21,0x43c1d	 x21=0xc3c28098
       71445000	      7045	8000b09c	7a974293	xori	x5,x14,1961	 x14:0xaf194068  x5=0xaf1947c1
       71455000	      7046	8000b0a0	08f1	c.addi	x17,28	 x17:0x0000000c x17=0x00000028
       71465000	      7047	8000b0a2	34005cf3	csrrwi	x25,mscratch,0	 x25=0x00043c9d
       71505000	      7051	8000b0a6	032321b3	mulhsu	x3,x6,x18	  x6:0x00000000 x18:0x00000007  x3=0x00000000
       71515000	      7052	8000b0aa	00ed9613	slli	x12,x27,0xe	 x27:0x00000003 x12=0x0000c000
       71555000	      7056	8000b0ae	0388a433	mulhsu	x8,x17,x24	 x17:0x00000028 x24:0x00000001  x8=0x00000000
       71565000	      7057	8000b0b2	02737f63	bgeu	x6,x7,8000b0f0	  x6:0x00000000  x7:0x50e6bfa4
       71575000	      7058	8000b0b6	00bd61b3	or	x3,x26,x11	 x26:0x00000002 x11:0x80021e58  x3=0x80021e5a
       71585000	      7059	8000b0ba	0025dbb3	srl	x23,x11,x2	 x11:0x80021e58  x2:0x00000030 x23=0x00008002
       71595000	      7060	8000b0be	0157b3b3	sltu	x7,x15,x21	 x15:0x00000000 x21:0xc3c28098  x7=0x00000001
       71605000	      7061	8000b0c2	22321d97	auipc	x27,0x22321	 x27=0xa232c0c2
       71615000	      7062	8000b0c6	01b21913	slli	x18,x4,0x1b	  x4:0x00000000 x18=0x00000000
       71625000	      7063	8000b0ca	838d	c.srli	x15,0x3	 x15:0x00000000 x15=0x00000000
       71635000	      7064	8000b0cc	0128d2b3	srl	x5,x17,x18	 x17:0x00000028 x18:0x00000000  x5=0x00000028
       72005000	      7101	8000b0d0	02e74bb3	div	x23,x14,x14	 x14:0xaf194068 x14:0xaf194068 x23=0x00000001
       72015000	      7102	8000b0d4	017ac863	blt	x21,x23,8000b0e4	 x21:0xc3c28098 x23:0x00000001
       72035000	      7104	8000b0e4	0816	c.slli	x16,0x5	 x16:0x00000000 x16=0x00000000
       72075000	      7108	8000b0e6	035837b3	mulhu	x15,x16,x21	 x16:0x00000000 x21:0xc3c28098 x15=0x00000000
       72085000	      7109	8000b0ea	053d9263	bne	x27,x19,8000b12e	 x27:0xa232c0c2 x19:0x00000000
       72115000	      7112	8000b12e	34003273	csrrc	x4,mscratch,x0	  x0:0x00000000  x4=0x00000000
       72125000	      7113	8000b132	0afe	c.slli	x21,0x1f	 x21:0xc3c28098 x21=0x00000000
       72135000	      7114	8000b134	0ff0000f	fence	iorw,iorw	
       72155000	      7116	8000b138	020f46b3	div	x13,x30,x0	 x30:0xffffff5e  x0:0x00000000 x13=0xffffffff
       72165000	      7117	8000b13c	0001	c.addi	x0,0	  x0:0x00000000  x0=0x00000000
       72175000	      7118	8000b13e	340a21f3	csrrs	x3,mscratch,x20	 x20:0x50e6bfa4  x3=0x00000000
       72185000	      7119	8000b142	41ddd433	sra	x8,x27,x29	 x27:0xa232c0c2 x29:0x00043c9d  x8=0xfffffffd
       72195000	      7120	8000b146	003fdb33	srl	x22,x31,x3	 x31:0x80025ce4  x3:0x00000000 x22=0x80025ce4
       72235000	      7124	8000b14a	0399b8b3	mulhu	x17,x19,x25	 x19:0x00000000 x25:0x00043c9d x17=0x00000000
       72245000	      7125	8000b14e	0001	c.addi	x0,0	  x0:0x00000000  x0=0x00000000
       72255000	      7126	8000b150	8d49	c.or	x10,x10	 x10:0xffffffff x10:0xffffffff x10=0xffffffff
       72265000	      7127	8000b152	340023f3	csrrs	x7,mscratch,x0	  x0:0x00000000  x7=0x50e6bfa4
       72275000	      7128	8000b156	4061dbb3	sra	x23,x3,x6	  x3:0x00000000  x6:0x00000000 x23=0x00000000
       72315000	      7132	8000b15a	03b52d33	mulhsu	x26,x10,x27	 x10:0xffffffff x27:0xa232c0c2 x26=0xffffffff
       72325000	      7133	8000b15e	03f65e63	bge	x12,x31,8000b19a	 x12:0x0000c000 x31:0x80025ce4
       72355000	      7136	8000b19a	ae438413	addi	x8,x7,-1308	  x7:0x50e6bfa4  x8=0x50e6ba88
       72385000	      7139	8000b19e	03ec0933	mul	x18,x24,x30	 x24:0x00000001 x30:0xffffff5e x18=0xffffff5e
       72395000	      7140	8000b1a2	8009	c.srli	x8,0x2	  x8:0x50e6ba88  x8=0x1439aea2
       72435000	      7144	8000b1a4	02d52533	mulhsu	x10,x10,x13	 x10:0xffffffff x13:0xffffffff x10=0xffffffff
       72445000	      7145	8000b1a8	0001	c.addi	x0,0	  x0:0x00000000  x0=0x00000000
       72455000	      7146	8000b1aa	0c1c	c.addi4spn	x15,x2,528	 x15=0x00000240
       72465000	      7147	8000b1ac	0572	c.slli	x10,0x1c	 x10:0xffffffff x10=0xf0000000
       72475000	      7148	8000b1ae	0001	c.addi	x0,0	  x0:0x00000000  x0=0x00000000
       72485000	      7149	8000b1b0	0ff0000f	fence	iorw,iorw	
       72495000	      7150	8000b1b4	05596713	ori	x14,x18,85	 x18:0xffffff5e x14=0xffffff5f
       72505000	      7151	8000b1b8	8b3d	c.andi	x14,15	 x14:0xffffff5f x14=0x0000000f
       72515000	      7152	8000b1ba	02be	c.slli	x5,0xf	  x5:0x00000028  x5=0x00140000
       72525000	      7153	8000b1bc	34015473	csrrwi	x8,mscratch,2	  x8=0x50e6bfa4
       72535000	      7154	8000b1c0	8f0d	c.sub	x14,x11	 x14:0x0000000f x11:0x80021e58 x14=0x7ffde1b7
       72545000	      7155	8000b1c2	e695	c.bnez	x13,8000b1ee	 x13:0xffffffff
       72575000	      7158	8000b1ee	620b2f13	slti	x30,x22,1568	 x22:0x80025ce4 x30=0x00000001
       72585000	      7159	8000b1f2	8e25	c.xor	x12,x9	 x12:0x0000c000  x9:0x00000000 x12=0x0000c000
       72595000	      7160	8000b1f4	09aa	c.slli	x19,0xa	 x19:0x00000000 x19=0x00000000
       72605000	      7161	8000b1f6	0000100f	fence.i	
       72625000	      7163	8000b1fa	8129	c.srli	x10,0xa	 x10:0xf0000000 x10=0x003c0000
       72635000	      7164	8000b1fc	a9af0213	addi	x4,x30,-1382	 x30:0x00000001  x4=0xfffffa9b
       72645000	      7165	8000b200	40485213	srai	x4,x16,0x4	 x16:0x00000000  x4=0x00000000
       72655000	      7166	8000b204	41845c33	sra	x24,x8,x24	  x8:0x50e6bfa4 x24:0x00000001 x24=0x28735fd2
       72665000	      7167	8000b208	9afd	c.andi	x13,-1	 x13:0xffffffff x13=0xffffffff
       72675000	      7168	8000b20a	8c71	c.and	x8,x12	  x8:0x50e6bfa4 x12:0x0000c000  x8=0x00008000
       72685000	      7169	8000b20c	10b0bb13	sltiu	x22,x1,267	  x1:0xfffbc376 x22=0x00000000
       72715000	      7172	8000b210	02d20533	mul	x10,x4,x13	  x4:0x00000000 x13:0xffffffff x10=0x00000000
       72725000	      7173	8000b214	8305	c.srli	x14,0x1	 x14:0x7ffde1b7 x14=0x3ffef0db
       72735000	      7174	8000b216	00b0ae33	slt	x28,x1,x11	  x1:0xfffbc376 x11:0x80021e58 x28=0x00000000
       72745000	      7175	8000b21a	6f4d	c.lui	x30,0x13	 x30=0x00013000
       72755000	      7176	8000b21c	0044b633	sltu	x12,x9,x4	  x9:0x00000000  x4:0x00000000 x12=0x00000000
       72765000	      7177	8000b220	01949363	bne	x9,x25,8000b226	  x9:0x00000000 x25:0x00043c9d
       72785000	      7179	8000b226	983a	c.add	x16,x14	 x16:0x00000000 x14:0x3ffef0db x16=0x3ffef0db
       72795000	      7180	8000b228	340d6e73	csrrsi	x28,mscratch,26	 x28=0x00000002
       72805000	      7181	8000b22c	34006273	csrrsi	x4,mscratch,0	  x4=0x0000001a
       72815000	      7182	8000b230	0419	c.addi	x8,6	  x8:0x00008000  x8=0x00008006
       72825000	      7183	8000b232	8e69	c.and	x12,x10	 x12:0x00000000 x10:0x00000000 x12=0x00000000
       72835000	      7184	8000b234	82c9	c.srli	x13,0x12	 x13:0xffffffff x13=0x00003fff
       72845000	      7185	8000b236	000d3e33	sltu	x28,x26,x0	 x26:0xffffffff  x0:0x00000000 x28=0x00000000
       72855000	      7186	8000b23a	9bfd	c.andi	x15,-1	 x15:0x00000240 x15=0x00000240
       72865000	      7187	8000b23c	9916	c.add	x18,x5	 x18:0xffffff5e  x5:0x00140000 x18=0x0013ff5e
       72875000	      7188	8000b23e	01488533	add	x10,x17,x20	 x17:0x00000000 x20:0x50e6bfa4 x10=0x50e6bfa4
       72885000	      7189	8000b242	59fd	c.li	x19,-1	 x19=0xffffffff
       72895000	      7190	8000b244	06b6	c.slli	x13,0xd	 x13:0x00003fff x13=0x07ffe000
       72905000	      7191	8000b246	1f08	c.addi4spn	x10,x2,944	 x10=0x000003e0
       72915000	      7192	8000b248	8b79	c.andi	x14,30	 x14:0x3ffef0db x14=0x0000001a
       72925000	      7193	8000b24a	6929	c.lui	x18,0xa	 x18=0x0000a000
       72935000	      7194	8000b24c	00d6f933	and	x18,x13,x13	 x13:0x07ffe000 x13:0x07ffe000 x18=0x07ffe000
       72945000	      7195	8000b250	000d9d13	slli	x26,x27,0x0	 x27:0xa232c0c2 x26=0xa232c0c2
       72955000	      7196	8000b254	0001	c.addi	x0,0	  x0:0x00000000  x0=0x00000000
       72965000	      7197	8000b256	6179	c.addi16sp	x2,464	  x2:0x00000030  x2=0x00000200
       73005000	      7201	8000b258	03c5bab3	mulhu	x21,x11,x28	 x11:0x80021e58 x28:0x00000000 x21=0x00000000
       73015000	      7202	8000b25c	4b05	c.li	x22,1	 x22=0x00000001
       73025000	      7203	8000b25e	d75ed217	auipc	x4,0xd75ed	  x4=0x575f825e
       73035000	      7204	8000b262	1ed8f413	andi	x8,x17,493	 x17:0x00000000  x8=0x00000000
       73045000	      7205	8000b266	0996	c.slli	x19,0x5	 x19:0xffffffff x19=0xffffffe0
       73065000	      7207	8000b268	02036bb3	rem	x23,x6,x0	  x6:0x00000000  x0:0x00000000 x23=0x00000000
       73075000	      7208	8000b26c	34002873	csrrs	x16,mscratch,x0	  x0:0x00000000 x16=0x0000001a
       73085000	      7209	8000b270	0ff0000f	fence	iorw,iorw	
       73455000	      7246	8000b274	03f561b3	rem	x3,x10,x31	 x10:0x000003e0 x31:0x80025ce4  x3=0x000003e0
       73465000	      7247	8000b278	0001	c.addi	x0,0	  x0:0x00000000  x0=0x00000000
       73835000	      7284	8000b27a	03a64933	div	x18,x12,x26	 x12:0x00000000 x26:0xa232c0c2 x18=0x00000000
       73845000	      7285	8000b27e	009e5463	bge	x28,x9,8000b286	 x28:0x00000000  x9:0x00000000
       73865000	      7287	8000b286	0a3a	c.slli	x20,0xe	 x20:0x50e6bfa4 x20=0xafe90000
       73875000	      7288	8000b288	614ba813	slti	x16,x23,1556	 x23:0x00000000 x16=0x00000001
       73885000	      7289	8000b28c	02656d63	bltu	x10,x6,8000b2c6	 x10:0x000003e0  x6:0x00000000
       73895000	      7290	8000b290	00627933	and	x18,x4,x6	  x4:0x575f825e  x6:0x00000000 x18=0x00000000
       73905000	      7291	8000b294	66b9	c.lui	x13,0xe	 x13=0x0000e000
       73915000	      7292	8000b296	6135	c.addi16sp	x2,352	  x2:0x00000200  x2=0x00000360
       73925000	      7293	8000b298	e109	c.bnez	x10,8000b29a	 x10:0x000003e0
       73945000	      7295	8000b29a	ea05	c.bnez	x12,8000b2ca	 x12:0x00000000
       73955000	      7296	8000b29c	1510	c.addi4spn	x12,x2,672	 x12=0x00000600
       73965000	      7297	8000b29e	340c3573	csrrc	x10,mscratch,x24	 x24:0x28735fd2 x10=0x0000001a
       73975000	      7298	8000b2a2	ac843997	auipc	x19,0xac843	 x19=0x2c84e2a2
       73985000	      7299	8000b2a6	6249	c.lui	x4,0x12	  x4=0x00012000
       74025000	      7303	8000b2a8	035d3533	mulhu	x10,x26,x21	 x26:0xa232c0c2 x21:0x00000000 x10=0x00000000
       74065000	      7307	8000b2ac	020523b3	mulhsu	x7,x10,x0	 x10:0x00000000  x0:0x00000000  x7=0x00000000
       74075000	      7308	8000b2b0	34002773	csrrs	x14,mscratch,x0	  x0:0x00000000 x14=0x00000008
       74085000	      7309	8000b2b4	89c6	c.mv	x19,x17	  x0:0x00000000 x17:0x00000000 x19=0x00000000
       74095000	      7310	8000b2b6	0ff0000f	fence	iorw,iorw	
       74125000	      7313	8000b2ba	03d807b3	mul	x15,x16,x29	 x16:0x00000001 x29:0x00043c9d x15=0x00043c9d
       74135000	      7314	8000b2be	010cd033	srl	x0,x25,x16	 x25:0x00043c9d x16:0x00000001  x0=0x00000000
       74145000	      7315	8000b2c2	4087dd33	sra	x26,x15,x8	 x15:0x00043c9d  x8:0x00000000 x26=0x00043c9d
       74155000	      7316	8000b2c6	40d15c33	sra	x24,x2,x13	  x2:0x00000360 x13:0x0000e000 x24=0x00000360
       74165000	      7317	8000b2ca	01d6d413	srli	x8,x13,0x1d	 x13:0x0000e000  x8=0x00000000
       74175000	      7318	8000b2ce	8e2d	c.xor	x12,x11	 x12:0x00000600 x11:0x80021e58 x12=0x80021858
       74185000	      7319	8000b2d0	313b3293	sltiu	x5,x22,787	 x22:0x00000001  x5=0x00000001
       74195000	      7320	8000b2d4	23183113	sltiu	x2,x16,561	 x16:0x00000001  x2=0x00000001
       74235000	      7324	8000b2d8	02a62eb3	mulhsu	x29,x12,x10	 x12:0x80021858 x10:0x00000000 x29=0x00000000
       74245000	      7325	8000b2dc	717d	c.addi16sp	x2,-16	  x2:0x00000001  x2=0xfffffff1
       74255000	      7326	8000b2de	00d79263	bne	x15,x13,8000b2e2	 x15:0x00043c9d x13:0x0000e000
       74275000	      7328	8000b2e2	8e65	c.and	x12,x9	 x12:0x80021858  x9:0x00000000 x12=0x00000000
       74285000	      7329	8000b2e4	8165	c.srli	x10,0x19	 x10:0x00000000 x10=0x00000000
       74295000	      7330	8000b2e6	00027133	and	x2,x4,x0	  x4:0x00012000  x0:0x00000000  x2=0x00000000
       74665000	      7367	8000b2ea	02d8d3b3	divu	x7,x17,x13	 x17:0x00000000 x13:0x0000e000  x7=0x00000000
       74695000	      7370	8000b2ee	024c81b3	mul	x3,x25,x4	 x25:0x00043c9d  x4:0x00012000  x3=0xc430a000
       74705000	      7371	8000b2f2	66a5	c.lui	x13,0x9	 x13=0x00009000
       74715000	      7372	8000b2f4	00f54ab3	xor	x21,x10,x15	 x10:0x00000000 x15:0x00043c9d x21=0x00043c9d
       74725000	      7373	8000b2f8	3fa00b13	addi	x22,x0,1018	  x0:0x00000000 x22=0x000003fa
       74735000	      7374	8000b2fc	007cd763	bge	x25,x7,8000b30a	 x25:0x00043c9d  x7:0x00000000
       74765000	      7377	8000b30a	41a6d7b3	sra	x15,x13,x26	 x13:0x00009000 x26:0x00043c9d x15=0x00000000
       74775000	      7378	8000b30e	ee11	c.bnez	x12,8000b32a	 x12:0x00000000
       74785000	      7379	8000b310	717d	c.addi16sp	x2,-16	  x2:0x00000000  x2=0xfffffff0
       74795000	      7380	8000b312	8c6d	c.and	x8,x11	  x8:0x00000000 x11:0x80021e58  x8=0x00000000
       74805000	      7381	8000b314	56cabb13	sltiu	x22,x21,1388	 x21:0x00043c9d x22=0x00000000
       74815000	      7382	8000b318	717d	c.addi16sp	x2,-16	  x2:0xfffffff0  x2=0xffffffe0
       74825000	      7383	8000b31a	404453b3	sra	x7,x8,x4	  x8:0x00000000  x4:0x00012000  x7=0x00000000
       74835000	      7384	8000b31e	41c35d93	srai	x27,x6,0x1c	  x6:0x00000000 x27=0x00000000
       74845000	      7385	8000b322	340251f3	csrrwi	x3,mscratch,4	  x3=0x00000008
       74855000	      7386	8000b326	01619393	slli	x7,x3,0x16	  x3:0x00000008  x7=0x02000000
       74865000	      7387	8000b32a	002a2833	slt	x16,x20,x2	 x20:0xafe90000  x2:0xffffffe0 x16=0x00000001
       74875000	      7388	8000b32e	c89d	c.beqz	x9,8000b364	  x9:0x00000000
       74895000	      7390	8000b364	cf05	c.beqz	x14,8000b39c	 x14:0x00000008
       74905000	      7391	8000b366	0068ef33	or	x30,x17,x6	 x17:0x00000000  x6:0x00000000 x30=0x00000000
       74915000	      7392	8000b36a	01e6e733	or	x14,x13,x30	 x13:0x00009000 x30:0x00000000 x14=0x00009000
       74925000	      7393	8000b36e	4815	c.li	x16,5	 x16=0x00000005
       74935000	      7394	8000b370	00146a33	or	x20,x8,x1	  x8:0x00000000  x1:0xfffbc376 x20=0xfffbc376
       74945000	      7395	8000b374	0001	c.addi	x0,0	  x0:0x00000000  x0=0x00000000
       74955000	      7396	8000b376	9afd	c.andi	x13,-1	 x13:0x00009000 x13=0x00009000
       74965000	      7397	8000b378	c891	c.beqz	x9,8000b38c	  x9:0x00000000
       74985000	      7399	8000b38c	ca19	c.beqz	x12,8000b3a2	 x12:0x00000000
       75015000	      7402	8000b3a2	01b60f33	add	x30,x12,x27	 x12:0x00000000 x27:0x00000000 x30=0x00000000
       75025000	      7403	8000b3a6	0001	c.addi	x0,0	  x0:0x00000000  x0=0x00000000
       75035000	      7404	8000b3a8	0393c563	blt	x7,x25,8000b3d2	  x7:0x02000000 x25:0x00043c9d
       75045000	      7405	8000b3ac	0001	c.addi	x0,0	  x0:0x00000000  x0=0x00000000
       75065000	      7407	8000b3ae	02faf233	remu	x4,x21,x15	 x21:0x00043c9d x15:0x00000000  x4=0x00043c9d
       75075000	      7408	8000b3b2	014c9c13	slli	x24,x25,0x14	 x25:0x00043c9d x24=0xc9d00000
       75085000	      7409	8000b3b6	0001	c.addi	x0,0	  x0:0x00000000  x0=0x00000000
       75095000	      7410	8000b3b8	34052673	csrrs	x12,mscratch,x10	 x10:0x00000000 x12=0x00000004
       75115000	      7412	8000b3bc	037a7cb3	remu	x25,x20,x23	 x20:0xfffbc376 x23:0x00000000 x25=0xfffbc376
       75125000	      7413	8000b3c0	018374b3	and	x9,x6,x24	  x6:0x00000000 x24:0xc9d00000  x9=0x00000000
       75155000	      7416	8000b3c4	03f28cb3	mul	x25,x5,x31	  x5:0x00000001 x31:0x80025ce4 x25=0x80025ce4
       75165000	      7417	8000b3c8	0000100f	fence.i	
       75185000	      7419	8000b3cc	0001	c.addi	x0,0	  x0:0x00000000  x0=0x00000000
       75195000	      7420	8000b3ce	005176b3	and	x13,x2,x5	  x2:0xffffffe0  x5:0x00000001 x13=0x00000000
       75205000	      7421	8000b3d2	17edfc13	andi	x24,x27,382	 x27:0x00000000 x24=0x00000000
       75225000	      7423	8000b3d6	0313e533	rem	x10,x7,x17	  x7:0x02000000 x17:0x00000000 x10=0x02000000
       75235000	      7424	8000b3da	c02cc713	xori	x14,x25,-1022	 x25:0x80025ce4 x14=0x7ffda0e6
       75245000	      7425	8000b3de	03e6c663	blt	x13,x30,8000b40a	 x13:0x00000000 x30:0x00000000
       75255000	      7426	8000b3e2	0060db63	bge	x1,x6,8000b3f8	  x1:0xfffbc376  x6:0x00000000
       75265000	      7427	8000b3e6	8ed5	c.or	x13,x13	 x13:0x00000000 x13:0x00000000 x13=0x00000000
       75305000	      7431	8000b3e8	02fe3533	mulhu	x10,x28,x15	 x28:0x00000000 x15:0x00000000 x10=0x00000000
       75315000	      7432	8000b3ec	0001	c.addi	x0,0	  x0:0x00000000  x0=0x00000000
       75325000	      7433	8000b3ee	a1a87193	andi	x3,x16,-1510	 x16:0x00000005  x3=0x00000000
       75335000	      7434	8000b3f2	3408a0f3	csrrs	x1,mscratch,x17	 x17:0x00000000  x1=0x00000004
       75345000	      7435	8000b3f6	68dd	c.lui	x17,0x17	 x17=0x00017000
       75355000	      7436	8000b3f8	00771d93	slli	x27,x14,0x7	 x14:0x7ffda0e6 x27=0xfed07300
       75365000	      7437	8000b3fc	c509	c.beqz	x10,8000b406	 x10:0x00000000
       75395000	      7440	8000b406	01755c63	bge	x10,x23,8000b41e	 x10:0x00000000 x23:0x00000000
       75425000	      7443	8000b41e	9e56c913	xori	x18,x13,-1563	 x13:0x00000000 x18=0xfffff9e5
       75435000	      7444	8000b422	008f2833	slt	x16,x30,x8	 x30:0x00000000  x8:0x00000000 x16=0x00000000
       75445000	      7445	8000b426	8095	c.srli	x9,0x5	  x9:0x00000000  x9=0x00000000
       75455000	      7446	8000b428	34002273	csrrs	x4,mscratch,x0	  x0:0x00000000  x4=0x00000004
       75465000	      7447	8000b42c	01da6ab3	or	x21,x20,x29	 x20:0xfffbc376 x29:0x00000000 x21=0xfffbc376
       75475000	      7448	8000b430	80ce	c.mv	x1,x19	  x0:0x00000000 x19:0x00000000  x1=0x00000000
       75505000	      7451	8000b432	028f8833	mul	x16,x31,x8	 x31:0x80025ce4  x8:0x00000000 x16=0x00000000
       75515000	      7452	8000b436	044a4263	blt	x20,x4,8000b47a	 x20:0xfffbc376  x4:0x00000004
       75545000	      7455	8000b47a	010ab0b3	sltu	x1,x21,x16	 x21:0xfffbc376 x16:0x00000000  x1=0x00000000
       75915000	      7492	8000b47e	02517733	remu	x14,x2,x5	  x2:0xffffffe0  x5:0x00000001 x14=0x00000000
       75925000	      7493	8000b482	0128d193	srli	x3,x17,0x12	 x17:0x00017000  x3=0x00000000
       75935000	      7494	8000b486	028de063	bltu	x27,x8,8000b4a6	 x27:0xfed07300  x8:0x00000000
       75945000	      7495	8000b48a	8cfd	c.and	x9,x15	  x9:0x00000000 x15:0x00000000  x9=0x00000000
       75955000	      7496	8000b48c	f1dfaf13	slti	x30,x31,-227	 x31:0x80025ce4 x30=0x00000001
       75965000	      7497	8000b490	340a1a73	csrrw	x20,mscratch,x20	 x20:0xfffbc376 x20=0x00000004
       75975000	      7498	8000b494	3b53f393	andi	x7,x7,949	  x7:0x02000000  x7=0x00000000
       75985000	      7499	8000b498	803922b7	lui	x5,0x80392	  x5=0x80392000
       75995000	      7500	8000b49c	6129	c.addi16sp	x2,192	  x2:0xffffffe0  x2=0x000000a0
       76005000	      7501	8000b49e	01bc1993	slli	x19,x24,0x1b	 x24:0x00000000 x19=0x00000000
       76045000	      7505	8000b4a2	03b81533	mulh	x10,x16,x27	 x16:0x00000000 x27:0xfed07300 x10=0x00000000
       76055000	      7506	8000b4a6	8e85	c.sub	x13,x9	 x13:0x00000000  x9:0x00000000 x13=0x00000000
       76065000	      7507	8000b4a8	8491	c.srai	x9,0x4	  x9:0x00000000  x9=0x00000000
       76075000	      7508	8000b4aa	20fda093	slti	x1,x27,527	 x27:0xfed07300  x1=0x00000001
       76085000	      7509	8000b4ae	731f7113	andi	x2,x30,1841	 x30:0x00000001  x2=0x00000001
       76095000	      7510	8000b4b2	34003973	csrrc	x18,mscratch,x0	  x0:0x00000000 x18=0xfffbc376
       76135000	      7514	8000b4b6	02f72a33	mulhsu	x20,x14,x15	 x14:0x00000000 x15:0x00000000 x20=0x00000000
       76145000	      7515	8000b4ba	01d5ec33	or	x24,x11,x29	 x11:0x80021e58 x29:0x00000000 x24=0x80021e58
       76155000	      7516	8000b4be	9b7d	c.andi	x14,-1	 x14:0x00000000 x14=0x00000000
       76165000	      7517	8000b4c0	9b4a	c.add	x22,x18	 x22:0x00000000 x18:0xfffbc376 x22=0xfffbc376
       76185000	      7519	8000b4c2	02814933	div	x18,x2,x8	  x2:0x00000001  x8:0x00000000 x18=0xffffffff
       76195000	      7520	8000b4c6	f32c3093	sltiu	x1,x24,-206	 x24:0x80021e58  x1=0x00000001
       76205000	      7521	8000b4ca	010a34b3	sltu	x9,x20,x16	 x20:0x00000000 x16:0x00000000  x9=0x00000000
       76215000	      7522	8000b4ce	01cc5813	srli	x16,x24,0x1c	 x24:0x80021e58 x16=0x00000008
       76225000	      7523	8000b4d2	8515	c.srai	x10,0x5	 x10:0x00000000 x10=0x00000000
       76235000	      7524	8000b4d4	340b28f3	csrrs	x17,mscratch,x22	 x22:0xfffbc376 x17=0xfffbc376
       76245000	      7525	8000b4d8	340296f3	csrrw	x13,mscratch,x5	  x5:0x80392000 x13=0xfffbc376
       76255000	      7526	8000b4dc	86fd	c.srai	x13,0x1f	 x13:0xfffbc376 x13=0xffffffff
       76265000	      7527	8000b4de	8ef9	c.and	x13,x14	 x13:0xffffffff x14:0x00000000 x13=0x00000000
       76275000	      7528	8000b4e0	0039fa63	bgeu	x19,x3,8000b4f4	 x19:0x00000000  x3:0x00000000
       76295000	      7530	8000b4f4	50fd	c.li	x1,-1	  x1=0xffffffff
       76305000	      7531	8000b4f6	34002973	csrrs	x18,mscratch,x0	  x0:0x00000000 x18=0x80392000
       76315000	      7532	8000b4fa	00dcd463	bge	x25,x13,8000b502	 x25:0x80025ce4 x13:0x00000000
       76325000	      7533	8000b4fe	010f6eb3	or	x29,x30,x16	 x30:0x00000001 x16:0x00000008 x29=0x00000009
       76335000	      7534	8000b502	80b5	c.srli	x9,0xd	  x9:0x00000000  x9=0x00000000
       76345000	      7535	8000b504	c401be93	sltiu	x29,x3,-960	  x3:0x00000000 x29=0x00000001
       76355000	      7536	8000b508	4154d893	srai	x17,x9,0x15	  x9:0x00000000 x17=0x00000000
       76365000	      7537	8000b50c	01568b33	add	x22,x13,x21	 x13:0x00000000 x21:0xfffbc376 x22=0xfffbc376
       76375000	      7538	8000b510	16806c13	ori	x24,x0,360	  x0:0x00000000 x24=0x00000168
       76385000	      7539	8000b514	c2a5bd13	sltiu	x26,x11,-982	 x11:0x80021e58 x26=0x00000001
       76395000	      7540	8000b518	895d	c.andi	x10,23	 x10:0x00000000 x10=0x00000000
       76405000	      7541	8000b51a	56123793	sltiu	x15,x4,1377	  x4:0x00000004 x15=0x00000001
       76415000	      7542	8000b51e	8561	c.srai	x10,0x18	 x10:0x00000000 x10=0x00000000
       76425000	      7543	8000b520	0a2e	c.slli	x20,0xb	 x20:0x00000000 x20=0x00000000
       76795000	      7580	8000b522	03a167b3	rem	x15,x2,x26	  x2:0x00000001 x26:0x00000001 x15=0x00000000
       76805000	      7581	8000b526	91fcec93	ori	x25,x25,-1761	 x25:0x80025ce4 x25=0xfffffdff
       76815000	      7582	8000b52a	0f26	c.slli	x30,0x9	 x30:0x00000001 x30=0x00000200
       76825000	      7583	8000b52c	ef01	c.bnez	x14,8000b544	 x14:0x00000000
       76835000	      7584	8000b52e	8f35	c.xor	x14,x13	 x14:0x00000000 x13:0x00000000 x14=0x00000000
       76845000	      7585	8000b530	049f0063	beq	x30,x9,8000b570	 x30:0x00000200  x9:0x00000000
       76855000	      7586	8000b534	0124ea33	or	x20,x9,x18	  x9:0x00000000 x18:0x80392000 x20=0x80392000
       76865000	      7587	8000b538	00326533	or	x10,x4,x3	  x4:0x00000004  x3:0x00000000 x10=0x00000004
       76875000	      7588	8000b53c	340b92f3	csrrw	x5,mscratch,x23	 x23:0x00000000  x5=0x80392000
       76885000	      7589	8000b540	871deab7	lui	x21,0x871de	 x21=0x871de000
       76895000	      7590	8000b544	ab3af493	andi	x9,x21,-1357	 x21:0x871de000  x9=0x871de000
       76905000	      7591	8000b548	340023f3	csrrs	x7,mscratch,x0	  x0:0x00000000  x7=0x00000000
       76915000	      7592	8000b54c	4a01	c.li	x20,0	 x20=0x00000000
       76925000	      7593	8000b54e	6189	c.lui	x3,0x2	  x3=0x00002000
       76935000	      7594	8000b550	fedee613	ori	x12,x29,-19	 x29:0x00000001 x12=0xffffffed
       76945000	      7595	8000b554	0003b933	sltu	x18,x7,x0	  x7:0x00000000  x0:0x00000000 x18=0x00000000
       76955000	      7596	8000b558	00f95213	srli	x4,x18,0xf	 x18:0x00000000  x4=0x00000000
       76965000	      7597	8000b55c	8009	c.srli	x8,0x2	  x8:0x00000000  x8=0x00000000
       76975000	      7598	8000b55e	c29d	c.beqz	x13,8000b584	 x13:0x00000000
       76995000	      7600	8000b584	7dde12b7	lui	x5,0x7dde1	  x5=0x7dde1000
       77005000	      7601	8000b588	0894	c.addi4spn	x13,x2,80	 x13=0x00000051
       77015000	      7602	8000b58a	16a8a413	slti	x8,x17,362	 x17:0x00000000  x8=0x00000001
       77025000	      7603	8000b58e	0016dc13	srli	x24,x13,0x1	 x13:0x00000051 x24=0x00000028
       77035000	      7604	8000b592	007b5493	srli	x9,x22,0x7	 x22:0xfffbc376  x9=0x01fff786
       77045000	      7605	8000b596	567d	c.li	x12,-1	 x12=0xffffffff
       77075000	      7608	8000b598	021503b3	mul	x7,x10,x1	 x10:0x00000004  x1:0xffffffff  x7=0xfffffffc
       77085000	      7609	8000b59c	8d0d	c.sub	x10,x11	 x10:0x00000004 x11:0x80021e58 x10=0x7ffde1ac
       77095000	      7610	8000b59e	340458f3	csrrwi	x17,mscratch,8	 x17=0x00000000
       77105000	      7611	8000b5a2	01001613	slli	x12,x0,0x10	  x0:0x00000000 x12=0x00000000
       77115000	      7612	8000b5a6	0000100f	fence.i	
       77135000	      7614	8000b5aa	064d	c.addi	x12,19	 x12:0x00000000 x12=0x00000013
       77505000	      7651	8000b5ac	03a4c9b3	div	x19,x9,x26	  x9:0x01fff786 x26:0x00000001 x19=0x01fff786
       77515000	      7652	8000b5b0	00246ab3	or	x21,x8,x2	  x8:0x00000001  x2:0x00000001 x21=0x00000001
       77525000	      7653	8000b5b4	40a85d93	srai	x27,x16,0xa	 x16:0x00000008 x27=0x00000000
       77895000	      7690	8000b5b8	03efdf33	divu	x30,x31,x30	 x31:0x80025ce4 x30:0x00000200 x30=0x0040012e
       77905000	      7691	8000b5bc	c699	c.beqz	x13,8000b5ca	 x13:0x00000051
       77915000	      7692	8000b5be	076e1063	bne	x28,x22,8000b61e	 x28:0x00000000 x22:0xfffbc376
       77945000	      7695	8000b61e	0000100f	fence.i	
       77965000	      7697	8000b622	069c	c.addi4spn	x15,x2,832	 x15=0x00000341
       77975000	      7698	8000b624	059e8f13	addi	x30,x29,89	 x29:0x00000001 x30=0x0000005a
       77985000	      7699	8000b628	8ff9	c.and	x15,x14	 x15:0x00000341 x14:0x00000000 x15=0x00000000
       77995000	      7700	8000b62a	02939763	bne	x7,x9,8000b658	  x7:0xfffffffc  x9:0x01fff786
       78015000	      7702	8000b658	0194	c.addi4spn	x13,x2,192	 x13=0x000000c1
       78025000	      7703	8000b65a	0001	c.addi	x0,0	  x0:0x00000000  x0=0x00000000
       78035000	      7704	8000b65c	01087a13	andi	x20,x16,16	 x16:0x00000008 x20=0x00000000
       78045000	      7705	8000b660	09e6	c.slli	x19,0x19	 x19:0x01fff786 x19=0x0c000000
       78055000	      7706	8000b662	8f41	c.or	x14,x8	 x14:0x00000000  x8:0x00000001 x14=0x00000001
       78065000	      7707	8000b664	340cdc73	csrrwi	x24,mscratch,25	 x24=0x00000008
       78075000	      7708	8000b668	62f1	c.lui	x5,0x1c	  x5=0x0001c000
       78085000	      7709	8000b66a	615d	c.addi16sp	x2,432	  x2:0x00000001  x2=0x000001b1
       78095000	      7710	8000b66c	e009	c.bnez	x8,8000b66e	  x8:0x00000001
       78115000	      7712	8000b66e	c031	c.beqz	x8,8000b6b2	  x8:0x00000001
       78155000	      7716	8000b670	03e639b3	mulhu	x19,x12,x30	 x12:0x00000013 x30:0x0000005a x19=0x00000000
       78165000	      7717	8000b674	6b734613	xori	x12,x6,1719	  x6:0x00000000 x12=0x000006b7
       78175000	      7718	8000b678	0014d013	srli	x0,x9,0x1	  x9:0x01fff786  x0=0x00000000
       78185000	      7719	8000b67c	01437bb3	and	x23,x6,x20	  x6:0x00000000 x20:0x00000000 x23=0x00000000
       78195000	      7720	8000b680	87cd	c.srai	x15,0x13	 x15:0x00000000 x15=0x00000000
       78205000	      7721	8000b682	f3f44137	lui	x2,0xf3f44	  x2=0xf3f44000
       78215000	      7722	8000b686	41845db3	sra	x27,x8,x24	  x8:0x00000001 x24:0x00000008 x27=0x00000000
       78255000	      7726	8000b68a	03271cb3	mulh	x25,x14,x18	 x14:0x00000001 x18:0x00000000 x25=0x00000000
       78265000	      7727	8000b68e	01120e33	add	x28,x4,x17	  x4:0x00000000 x17:0x00000000 x28=0x00000000
       78275000	      7728	8000b692	0155fe33	and	x28,x11,x21	 x11:0x80021e58 x21:0x00000001 x28=0x00000000
       78285000	      7729	8000b696	fdd88c13	addi	x24,x17,-35	 x17:0x00000000 x24=0xffffffdd
       78295000	      7730	8000b69a	00328f33	add	x30,x5,x3	  x5:0x0001c000  x3:0x00002000 x30=0x0001e000
       78305000	      7731	8000b69e	004128b3	slt	x17,x2,x4	  x2:0xf3f44000  x4:0x00000000 x17=0x00000001
       78315000	      7732	8000b6a2	012a4a33	xor	x20,x20,x18	 x20:0x00000000 x18:0x00000000 x20=0x00000000
       78685000	      7769	8000b6a6	0226c8b3	div	x17,x13,x2	 x13:0x000000c1  x2:0xf3f44000 x17=0x00000000
       78695000	      7770	8000b6aa	406f01b3	sub	x3,x30,x6	 x30:0x0001e000  x6:0x00000000  x3=0x0001e000
       78705000	      7771	8000b6ae	34002bf3	csrrs	x23,mscratch,x0	  x0:0x00000000 x23=0x00000019
       78715000	      7772	8000b6b2	7df06513	ori	x10,x0,2015	  x0:0x00000000 x10=0x000007df
       78725000	      7773	8000b6b6	004e5663	bge	x28,x4,8000b6c2	 x28:0x00000000  x4:0x00000000
       78755000	      7776	8000b6c2	40b806b3	sub	x13,x16,x11	 x16:0x00000008 x11:0x80021e58 x13=0x7ffde1b0
       78765000	      7777	8000b6c6	03f74263	blt	x14,x31,8000b6ea	 x14:0x00000001 x31:0x80025ce4
       79135000	      7814	8000b6ca	02d36433	rem	x8,x6,x13	  x6:0x00000000 x13:0x7ffde1b0  x8=0x00000000
       79145000	      7815	8000b6ce	340033f3	csrrc	x7,mscratch,x0	  x0:0x00000000  x7=0x00000019
       79155000	      7816	8000b6d2	01365793	srli	x15,x12,0x13	 x12:0x000006b7 x15=0x00000000
       79165000	      7817	8000b6d6	055ab613	sltiu	x12,x21,85	 x21:0x00000001 x12=0x00000001
       79205000	      7821	8000b6da	03f89cb3	mulh	x25,x17,x31	 x17:0x00000000 x31:0x80025ce4 x25=0x00000000
       79215000	      7822	8000b6de	c329	c.beqz	x14,8000b720	 x14:0x00000001
       79225000	      7823	8000b6e0	340b1b73	csrrw	x22,mscratch,x22	 x22:0xfffbc376 x22=0x00000019
       79235000	      7824	8000b6e4	340aeaf3	csrrsi	x21,mscratch,21	 x21=0xfffbc376
       79245000	      7825	8000b6e8	8c41	c.or	x8,x8	  x8:0x00000000  x8:0x00000000  x8=0x00000000
       79255000	      7826	8000b6ea	9601f7b7	lui	x15,0x9601f	 x15=0x9601f000
       79275000	      7828	8000b6ee	024eeeb3	rem	x29,x29,x4	 x29:0x00000001  x4:0x00000000 x29=0x00000001
       79285000	      7829	8000b6f2	340ed0f3	csrrwi	x1,mscratch,29	  x1=0xfffbc377
       79295000	      7830	8000b6f6	34051273	csrrw	x4,mscratch,x10	 x10:0x000007df  x4=0x0000001d
       79305000	      7831	8000b6fa	340ffc73	csrrci	x24,mscratch,31	 x24=0x000007df
       79315000	      7832	8000b6fe	c039	c.beqz	x8,8000b744	  x8:0x00000000
       79335000	      7834	8000b744	4057d833	sra	x16,x15,x5	 x15:0x9601f000  x5:0x0001c000 x16=0x9601f000
       79345000	      7835	8000b748	0001	c.addi	x0,0	  x0:0x00000000  x0=0x00000000
       79355000	      7836	8000b74a	40f85db3	sra	x27,x16,x15	 x16:0x9601f000 x15:0x9601f000 x27=0x9601f000
       79365000	      7837	8000b74e	010543b3	xor	x7,x10,x16	 x10:0x000007df x16:0x9601f000  x7=0x9601f7df
       79375000	      7838	8000b752	01c18d33	add	x26,x3,x28	  x3:0x0001e000 x28:0x00000000 x26=0x0001e000
       79385000	      7839	8000b756	024d	c.addi	x4,19	  x4:0x0000001d  x4=0x00000030
       79425000	      7843	8000b758	034830b3	mulhu	x1,x16,x20	 x16:0x9601f000 x20:0x00000000  x1=0x00000000
       79435000	      7844	8000b75c	340039f3	csrrc	x19,mscratch,x0	  x0:0x00000000 x19=0x000007c0
       79445000	      7845	8000b760	6791	c.lui	x15,0x4	 x15=0x00004000
       79455000	      7846	8000b762	41b9dcb3	sra	x25,x19,x27	 x19:0x000007c0 x27:0x9601f000 x25=0x000007c0
       79465000	      7847	8000b766	8439	c.srai	x8,0xe	  x8:0x00000000  x8=0x00000000
       79475000	      7848	8000b768	8325	c.srli	x14,0x9	 x14:0x00000001 x14=0x00000000
       79845000	      7885	8000b76a	03786033	rem	x0,x16,x23	 x16:0x9601f000 x23:0x00000019  x0=0x00000000
       79855000	      7886	8000b76e	52fd	c.li	x5,-1	  x5=0xffffffff
       79865000	      7887	8000b770	8d05	c.sub	x10,x9	 x10:0x000007df  x9:0x01fff786 x10=0xfe001059
       79875000	      7888	8000b772	018ed0b3	srl	x1,x29,x24	 x29:0x00000001 x24:0x000007df  x1=0x00000000
       79885000	      7889	8000b776	34069cf3	csrrw	x25,mscratch,x13	 x13:0x7ffde1b0 x25=0x000007c0
       79895000	      7890	8000b77a	ff746d93	ori	x27,x8,-9	  x8:0x00000000 x27=0xfffffff7
       79905000	      7891	8000b77e	0571	c.addi	x10,28	 x10:0xfe001059 x10=0xfe001075
       79915000	      7892	8000b780	a0ae2793	slti	x15,x28,-1526	 x28:0x00000000 x15=0x00000000
       79925000	      7893	8000b784	852d	c.srai	x10,0xb	 x10:0xfe001075 x10=0xffffc002
       79935000	      7894	8000b786	08fd	c.addi	x17,31	 x17:0x00000000 x17=0x0000001f
       79945000	      7895	8000b788	003550b3	srl	x1,x10,x3	 x10:0xffffc002  x3:0x0001e000  x1=0xffffc002
       79955000	      7896	8000b78c	01329463	bne	x5,x19,8000b794	  x5:0xffffffff x19:0x000007c0
       79975000	      7898	8000b794	00454033	xor	x0,x10,x4	 x10:0xffffc002  x4:0x00000030  x0=0x00000000
       79985000	      7899	8000b798	8f19	c.sub	x14,x14	 x14:0x00000000 x14:0x00000000 x14=0x00000000
       79995000	      7900	8000b79a	01245813	srli	x16,x8,0x12	  x8:0x00000000 x16=0x00000000
       80005000	      7901	8000b79e	340d96f3	csrrw	x13,mscratch,x27	 x27:0xfffffff7 x13=0x7ffde1b0
       80015000	      7902	8000b7a2	340073f3	csrrci	x7,mscratch,0	  x7=0xfffffff7
       80025000	      7903	8000b7a6	340f5073	csrrwi	x0,mscratch,30	  x0=0x00000000
       80035000	      7904	8000b7aa	8fa9	c.xor	x15,x10	 x15:0x00000000 x10:0xffffc002 x15=0xffffc002
       80405000	      7941	8000b7ac	03fa5933	divu	x18,x20,x31	 x20:0x00000000 x31:0x80025ce4 x18=0x00000000
       80415000	      7942	8000b7b0	8c95	c.sub	x9,x13	  x9:0x01fff786 x13:0x7ffde1b0  x9=0x820215d6
       80425000	      7943	8000b7b2	16197a13	andi	x20,x18,353	 x18:0x00000000 x20=0x00000000
       80435000	      7944	8000b7b6	01ba0533	add	x10,x20,x27	 x20:0x00000000 x27:0xfffffff7 x10=0xfffffff7
       80445000	      7945	8000b7ba	0158b833	sltu	x16,x17,x21	 x17:0x0000001f x21:0xfffbc376 x16=0x00000001
       80455000	      7946	8000b7be	010f44b3	xor	x9,x30,x16	 x30:0x0001e000 x16:0x00000001  x9=0x0001e001
       80465000	      7947	8000b7c2	0195e263	bltu	x11,x25,8000b7c6	 x11:0x80021e58 x25:0x000007c0
       80505000	      7951	8000b7c6	03f89433	mulh	x8,x17,x31	 x17:0x0000001f x31:0x80025ce4  x8=0xfffffff0
       80515000	      7952	8000b7ca	0000100f	fence.i	
       80545000	      7955	8000b7ce	00e1ad33	slt	x26,x3,x14	  x3:0x0001e000 x14:0x00000000 x26=0x00000000
       80555000	      7956	8000b7d2	e711	c.bnez	x14,8000b7de	 x14:0x00000000
       80565000	      7957	8000b7d4	9d57b413	sltiu	x8,x15,-1579	 x15:0xffffc002  x8=0x00000001
       80575000	      7958	8000b7d8	6b461237	lui	x4,0x6b461	  x4=0x6b461000
       80585000	      7959	8000b7dc	717d	c.addi16sp	x2,-16	  x2:0xf3f44000  x2=0xf3f43ff0
       80595000	      7960	8000b7de	8d75	c.and	x10,x13	 x10:0xfffffff7 x13:0x7ffde1b0 x10=0x7ffde1b0
       80605000	      7961	8000b7e0	340022f3	csrrs	x5,mscratch,x0	  x0:0x00000000  x5=0x0000001e
       80615000	      7962	8000b7e4	0001	c.addi	x0,0	  x0:0x00000000  x0=0x00000000
       80625000	      7963	8000b7e6	34032cf3	csrrs	x25,mscratch,x6	  x6:0x00000000 x25=0x0000001e
       80995000	      8000	8000b7ea	031770b3	remu	x1,x14,x17	 x14:0x00000000 x17:0x0000001f  x1=0x00000000
       81005000	      8001	8000b7ee	34027d73	csrrci	x26,mscratch,4	 x26=0x0000001e
       81015000	      8002	8000b7f2	fbeb0413	addi	x8,x22,-66	 x22:0x00000019  x8=0xffffffd7
       81025000	      8003	8000b7f6	872e	c.mv	x14,x11	  x0:0x00000000 x11:0x80021e58 x14=0x80021e58
       81035000	      8004	8000b7f8	09ad	c.addi	x19,11	 x19:0x000007c0 x19=0x000007cb
       81045000	      8005	8000b7fa	9bfd	c.andi	x15,-1	 x15:0xffffc002 x15=0xffffc002
       81055000	      8006	8000b7fc	00aedeb3	srl	x29,x29,x10	 x29:0x00000001 x10:0x7ffde1b0 x29=0x00000000
       81065000	      8007	8000b800	71cf0b97	auipc	x23,0x71cf0	 x23=0xf1cfb800
       81075000	      8008	8000b804	0f0dfc13	andi	x24,x27,240	 x27:0xfffffff7 x24=0x000000f0
       81115000	      8012	8000b808	02d3b833	mulhu	x16,x7,x13	  x7:0xfffffff7 x13:0x7ffde1b0 x16=0x7ffde1ab
       81125000	      8013	8000b80c	9ab2	c.add	x21,x12	 x21:0xfffbc376 x12:0x00000001 x21=0xfffbc377
       81135000	      8014	8000b80e	03c44863	blt	x8,x28,8000b83e	  x8:0xffffffd7 x28:0x00000000
       81165000	      8017	8000b83e	416efc93	andi	x25,x29,1046	 x29:0x00000000 x25=0x00000000
       81175000	      8018	8000b842	0d80	c.addi4spn	x8,x2,720	  x8=0xf3f442c0
       81185000	      8019	8000b844	340899f3	csrrw	x19,mscratch,x17	 x17:0x0000001f x19=0x0000001a
       81195000	      8020	8000b848	02d44f63	blt	x8,x13,8000b886	  x8:0xf3f442c0 x13:0x7ffde1b0
       81215000	      8022	8000b886	0001	c.addi	x0,0	  x0:0x00000000  x0=0x00000000
       81225000	      8023	8000b888	9bfd	c.andi	x15,-1	 x15:0xffffc002 x15=0xffffc002
       81235000	      8024	8000b88a	0ff0000f	fence	iorw,iorw	
       81245000	      8025	8000b88e	00b84933	xor	x18,x16,x11	 x16:0x7ffde1ab x11:0x80021e58 x18=0xfffffff3
       81255000	      8026	8000b892	010fce63	blt	x31,x16,8000b8ae	 x31:0x80025ce4 x16:0x7ffde1ab
       81305000	      8031	8000b8ae	022806b3	mul	x13,x16,x2	 x16:0x7ffde1ab  x2:0xf3f43ff0 x13=0xe088a550
       81315000	      8032	8000b8b2	40940233	sub	x4,x8,x9	  x8:0xf3f442c0  x9:0x0001e001  x4=0xf3f262bf
       81325000	      8033	8000b8b6	9b16	c.add	x22,x5	 x22:0x00000019  x5:0x0000001e x22=0x00000037
       81335000	      8034	8000b8b8	6d65	c.lui	x26,0x19	 x26=0x00019000
       81345000	      8035	8000b8ba	1318	c.addi4spn	x14,x2,416	 x14=0xf3f44190
       81355000	      8036	8000b8bc	88d9	c.andi	x9,22	  x9:0x0001e001  x9=0x00000000
       81365000	      8037	8000b8be	405c5833	sra	x16,x24,x5	 x24:0x000000f0  x5:0x0000001e x16=0x00000000
       81375000	      8038	8000b8c2	4080db33	sra	x22,x1,x8	  x1:0x00000000  x8:0xf3f442c0 x22=0x00000000
       81385000	      8039	8000b8c6	01d40463	beq	x8,x29,8000b8ce	  x8:0xf3f442c0 x29:0x00000000
       81395000	      8040	8000b8ca	8798b793	sltiu	x15,x17,-1927	 x17:0x0000001f x15=0x00000001
       81405000	      8041	8000b8ce	05545463	bge	x8,x21,8000b916	  x8:0xf3f442c0 x21:0xfffbc377
       81415000	      8042	8000b8d2	01f38eb3	add	x29,x7,x31	  x7:0xfffffff7 x31:0x80025ce4 x29=0x80025cdb
       81425000	      8043	8000b8d6	01f9dbb3	srl	x23,x19,x31	 x19:0x0000001a x31:0x80025ce4 x23=0x00000001
       81795000	      8080	8000b8da	022a44b3	div	x9,x20,x2	 x20:0x00000000  x2:0xf3f43ff0  x9=0x00000000
       81805000	      8081	8000b8de	ef8789b7	lui	x19,0xef878	 x19=0xef878000
       81815000	      8082	8000b8e2	00dabc33	sltu	x24,x21,x13	 x21:0xfffbc377 x13:0xe088a550 x24=0x00000000
       81825000	      8083	8000b8e6	0000100f	fence.i	
       81855000	      8086	8000b8ea	6de5a437	lui	x8,0x6de5a	  x8=0x6de5a000
       81865000	      8087	8000b8ee	f6697e13	andi	x28,x18,-154	 x18:0xfffffff3 x28=0xffffff62
       81875000	      8088	8000b8f2	02ed5663	bge	x26,x14,8000b91e	 x26:0x00019000 x14:0xf3f44190
       81905000	      8091	8000b91e	4a4f2197	auipc	x3,0x4a4f2	  x3=0xca4fd91e
       81915000	      8092	8000b922	058f7d13	andi	x26,x30,88	 x30:0x0001e000 x26=0x00000000
       81925000	      8093	8000b926	00919b33	sll	x22,x3,x9	  x3:0xca4fd91e  x9:0x00000000 x22=0xca4fd91e
       81935000	      8094	8000b92a	019cd613	srli	x12,x25,0x19	 x25:0x00000000 x12=0x00000000
       81945000	      8095	8000b92e	00c2d633	srl	x12,x5,x12	  x5:0x0000001e x12:0x00000000 x12=0x0000001e
       81955000	      8096	8000b932	eb4e8917	auipc	x18,0xeb4e8	 x18=0x6b4f3932
       81965000	      8097	8000b936	001c8f33	add	x30,x25,x1	 x25:0x00000000  x1:0x00000000 x30=0x00000000
       82335000	      8134	8000b93a	033a43b3	div	x7,x20,x19	 x20:0x00000000 x19:0xef878000  x7=0x00000000
       82345000	      8135	8000b93e	340310f3	csrrw	x1,mscratch,x6	  x6:0x00000000  x1=0x0000001f
       82355000	      8136	8000b942	59a7f693	andi	x13,x15,1434	 x15:0x00000001 x13=0x00000000
       82365000	      8137	8000b946	004de033	or	x0,x27,x4	 x27:0xfffffff7  x4:0xf3f262bf  x0=0x00000000
       82375000	      8138	8000b94a	9c6d4513	xori	x10,x26,-1594	 x26:0x00000000 x10=0xfffff9c6
       82385000	      8139	8000b94e	34007473	csrrci	x8,mscratch,0	  x8=0x00000000
       82395000	      8140	8000b952	63d92d13	slti	x26,x18,1597	 x18:0x6b4f3932 x26=0x00000000
       82405000	      8141	8000b956	0000100f	fence.i	
       82455000	      8146	8000b95a	03760033	mul	x0,x12,x23	 x12:0x0000001e x23:0x00000001  x0=0x00000000
       82465000	      8147	8000b95e	02f0c763	blt	x1,x15,8000b98c	  x1:0x0000001f x15:0x00000001
       82475000	      8148	8000b962	00f69b93	slli	x23,x13,0xf	 x13:0x00000000 x23=0x00000000
       82485000	      8149	8000b966	5ae38893	addi	x17,x7,1454	  x7:0x00000000 x17=0x000005ae
       82505000	      8151	8000b96a	03496d33	rem	x26,x18,x20	 x18:0x6b4f3932 x20:0x00000000 x26=0x6b4f3932
       82515000	      8152	8000b96e	02b3e363	bltu	x7,x11,8000b994	  x7:0x00000000 x11:0x80021e58
       82535000	      8154	8000b994	010c1e93	slli	x29,x24,0x10	 x24:0x00000000 x29=0x00000000
       82545000	      8155	8000b998	01e9e033	or	x0,x19,x30	 x19:0xef878000 x30:0x00000000  x0=0x00000000
       82555000	      8156	8000b99c	01a11493	slli	x9,x2,0x1a	  x2:0xf3f43ff0  x9=0xc0000000
       82565000	      8157	8000b9a0	8f35	c.xor	x14,x13	 x14:0xf3f44190 x13:0x00000000 x14=0xf3f44190
       82575000	      8158	8000b9a2	e619	c.bnez	x12,8000b9b0	 x12:0x0000001e
       82595000	      8160	8000b9b0	01911813	slli	x16,x2,0x19	  x2:0xf3f43ff0 x16=0xe0000000
       82605000	      8161	8000b9b4	41298933	sub	x18,x19,x18	 x19:0xef878000 x18:0x6b4f3932 x18=0x843846ce
       82615000	      8162	8000b9b8	0000100f	fence.i	
       82635000	      8164	8000b9bc	41d4	c.lw	x13,4(x11)	 x11:0x80021e58 x13=0x800034e8 PA:0x80021e5c load:0x800034e8
       82645000	      8165	8000b9be	eab7aa93	slti	x21,x15,-341	 x15:0x00000001 x21=0x00000000
       82655000	      8166	8000b9c2	05b1	c.addi	x11,12	 x11:0x80021e58 x11=0x80021e64
       82665000	      8167	8000b9c4	01cd	c.addi	x3,19	  x3:0xca4fd91e  x3=0xca4fd931
       82675000	      8168	8000b9c6	cfe43b93	sltiu	x23,x8,-770	  x8:0x00000000 x23=0x00000001
       82685000	      8169	8000b9ca	00168a13	addi	x20,x13,1	 x13:0x800034e8 x20=0x800034e9
       82695000	      8170	8000b9ce	9a02	c.jalr	x20	 x20:0x800034e9  x1=0x8000b9d0
       82715000	      8172	800034e8	34052b73	csrrs	x22,mscratch,x10	 x10:0xfffff9c6 x22=0x00000000
       82735000	      8174	800034ec	03517bb3	remu	x23,x2,x21	  x2:0xf3f43ff0 x21:0x00000000 x23=0xf3f43ff0
       82745000	      8175	800034f0	34039bf3	csrrw	x23,mscratch,x7	  x7:0x00000000 x23=0xfffff9c6
       82755000	      8176	800034f4	90b6	c.add	x1,x13	  x1:0x8000b9d0 x13:0x800034e8  x1=0x0000eeb8
       82765000	      8177	800034f6	016ade63	bge	x21,x22,80003512	 x21:0x00000000 x22:0x00000000
       82795000	      8180	80003512	c2467e13	andi	x28,x12,-988	 x12:0x0000001e x28=0x00000004
       82805000	      8181	80003516	4c103393	sltiu	x7,x0,1217	  x0:0x00000000  x7=0x00000001
       82815000	      8182	8000351a	eb35	c.bnez	x14,8000358e	 x14:0xf3f44190
       82845000	      8185	8000358e	0ff0000f	fence	iorw,iorw	
       82855000	      8186	80003592	0033a033	slt	x0,x7,x3	  x7:0x00000001  x3:0xca4fd931  x0=0x00000000
       83225000	      8223	80003596	03c8f7b3	remu	x15,x17,x28	 x17:0x000005ae x28:0x00000004 x15=0x00000002
       83235000	      8224	8000359a	e309	c.bnez	x14,8000359c	 x14:0xf3f44190
       83255000	      8226	8000359c	9bfd	c.andi	x15,-1	 x15:0x00000002 x15=0x00000002
       83265000	      8227	8000359e	00fa1b63	bne	x20,x15,800035b4	 x20:0x800034e9 x15:0x00000002
       83285000	      8229	800035b4	011b9433	sll	x8,x23,x17	 x23:0xfffff9c6 x17:0x000005ae  x8=0xfe718000
       83295000	      8230	800035b8	019380b3	add	x1,x7,x25	  x7:0x00000001 x25:0x00000000  x1=0x00000001
       83305000	      8231	800035bc	62ca2513	slti	x10,x20,1580	 x20:0x800034e9 x10=0x00000001
       83675000	      8268	800035c0	02bfdf33	divu	x30,x31,x11	 x31:0x80025ce4 x11:0x80021e64 x30=0x00000001
       83685000	      8269	800035c4	ffffd317	auipc	x6,0xffffd	  x6=0x800005c4
       83695000	      8270	800035c8	db230313	addi	x6,x6,-590	  x6:0x800005c4  x6=0x80000376
       83705000	      8271	800035cc	00030067	jalr	x0,0(x6)	  x6:0x80000376  x0=0x00000000
       83735000	      8274	80000376	90000537	lui	x10,0x90000	 x10=0x90000000
       83745000	      8275	8000037a	1561	c.addi	x10,-8	 x10:0x90000000 x10=0x8ffffff8
       83755000	      8276	8000037c	4d81	c.li	x27,0	 x27=0x00000000
       83765000	      8277	8000037e	0da2	c.slli	x27,0x8	 x27:0x00000000 x27=0x00000000
       83775000	      8278	80000380	0d85	c.addi	x27,1	 x27:0x00000000 x27=0x00000001
       83785000	      8279	80000382	01b52023	sw	x27,0(x10)	 x10:0x8ffffff8 x27:0x00000001 PA:0x8ffffff8 store:0x00000001 load:0x00000000
       83795000	      8280	80000386	00000073	ecall	
       83825000	      8283	80002600	0800006f	jal	x0,80002680	  x0=0x00000000
       83845000	      8285	80002680	1ff1	c.addi	x31,-4	 x31:0x80025ce4 x31=0x80025ce0
       83855000	      8286	80002682	00bfa023	sw	x11,0(x31)	 x31:0x80025ce0 x11:0x80021e64 PA:0x80025ce0 store:0x80021e64 load:0x00000000
