core   0: 0x80000080 (0x40001db7) lui     s11, 0x40001
core   0: 3 0x80000080 (0x40001db7) x27 0x40001000
core   0: 0x80000084 (0x106d8d93) addi    s11, s11, 262
core   0: 3 0x80000084 (0x106d8d93) x27 0x40001106
core   0: 0x80000088 (0x301d9073) csrw    misa, s11
core   0: 3 0x80000088 (0x301d9073) c769_misa 0x40901104
core   0: 0x8000008c (0x00026697) auipc   a3, 0x26
core   0: 3 0x8000008c (0x00026697) x13 0x8002608c
core   0: 0x80000090 (0xc5868693) addi    a3, a3, -936
core   0: 3 0x80000090 (0xc5868693) x13 0x80025ce4
core   0: 0x80000094 (0x00002d97) auipc   s11, 0x2
core   0: 3 0x80000094 (0x00002d97) x27 0x80002094
core   0: 0x80000098 (0x66cd8d93) addi    s11, s11, 1644
core   0: 3 0x80000098 (0x66cd8d93) x27 0x80002700
core   0: 0x8000009c (0x001ded93) ori     s11, s11, 1
core   0: 3 0x8000009c (0x001ded93) x27 0x80002701
core   0: 0x800000a0 (0x305d9073) csrw    mtvec, s11
core   0: 3 0x800000a0 (0x305d9073) c773_mtvec 0x80002701
core   0: 0x800000a4 (0x74725073) csrwi   mseccfg, 4
core   0: 3 0x800000a4 (0x74725073) c1863_mseccfg 0x00000004
core   0: 0x800000a8 (0x00003597) auipc   a1, 0x3
core   0: 3 0x800000a8 (0x00003597) x11 0x800030a8
core   0: 0x800000ac (0x41458593) addi    a1, a1, 1044
core   0: 3 0x800000ac (0x41458593) x11 0x800034bc
core   0: 0x800000b0 (0x00004d81) c.li    s11, 0
core   0: 3 0x800000b0 (0x4d81) x27 0x00000000
core   0: 0x800000b2 (0x000095ee) c.add   a1, s11
core   0: 3 0x800000b2 (0x95ee) x11 0x800034bc
core   0: 0x800000b4 (0x00008189) c.srli  a1, 2
core   0: 3 0x800000b4 (0x8189) x11 0x20000d2f
core   0: 0x800000b6 (0x3b059073) csrw    pmpaddr0, a1
core   0: 3 0x800000b6 (0x3b059073) c944_pmpaddr0 0x20000d2f
core   0: 0x800000ba (0x00003597) auipc   a1, 0x3
core   0: 3 0x800000ba (0x00003597) x11 0x800030ba
core   0: 0x800000be (0x40258593) addi    a1, a1, 1026
core   0: 3 0x800000be (0x40258593) x11 0x800034bc
core   0: 0x800000c2 (0x11111db7) lui     s11, 0x11111
core   0: 3 0x800000c2 (0x11111db7) x27 0x11111000
core   0: 0x800000c6 (0x111d8d93) addi    s11, s11, 273
core   0: 3 0x800000c6 (0x111d8d93) x27 0x11111111
core   0: 0x800000ca (0x000095ee) c.add   a1, s11
core   0: 3 0x800000ca (0x95ee) x11 0x911145cd
core   0: 0x800000cc (0x00008189) c.srli  a1, 2
core   0: 3 0x800000cc (0x8189) x11 0x24445173
core   0: 0x800000ce (0x3b159073) csrw    pmpaddr1, a1
core   0: 3 0x800000ce (0x3b159073) c945_pmpaddr1 0x24445173
core   0: 0x800000d2 (0x00003597) auipc   a1, 0x3
core   0: 3 0x800000d2 (0x00003597) x11 0x800030d2
core   0: 0x800000d6 (0x3ea58593) addi    a1, a1, 1002
core   0: 3 0x800000d6 (0x3ea58593) x11 0x800034bc
core   0: 0x800000da (0x22222db7) lui     s11, 0x22222
core   0: 3 0x800000da (0x22222db7) x27 0x22222000
core   0: 0x800000de (0x222d8d93) addi    s11, s11, 546
core   0: 3 0x800000de (0x222d8d93) x27 0x22222222
core   0: 0x800000e2 (0x000095ee) c.add   a1, s11
core   0: 3 0x800000e2 (0x95ee) x11 0xa22256de
core   0: 0x800000e4 (0x00008189) c.srli  a1, 2
core   0: 3 0x800000e4 (0x8189) x11 0x288895b7
core   0: 0x800000e6 (0x3b259073) csrw    pmpaddr2, a1
core   0: 3 0x800000e6 (0x3b259073) c946_pmpaddr2 0x288895b7
core   0: 0x800000ea (0x00003597) auipc   a1, 0x3
core   0: 3 0x800000ea (0x00003597) x11 0x800030ea
core   0: 0x800000ee (0x3d258593) addi    a1, a1, 978
core   0: 3 0x800000ee (0x3d258593) x11 0x800034bc
core   0: 0x800000f2 (0x33333db7) lui     s11, 0x33333
core   0: 3 0x800000f2 (0x33333db7) x27 0x33333000
core   0: 0x800000f6 (0x333d8d93) addi    s11, s11, 819
core   0: 3 0x800000f6 (0x333d8d93) x27 0x33333333
core   0: 0x800000fa (0x000095ee) c.add   a1, s11
core   0: 3 0x800000fa (0x95ee) x11 0xb33367ef
core   0: 0x800000fc (0x00008189) c.srli  a1, 2
core   0: 3 0x800000fc (0x8189) x11 0x2cccd9fb
core   0: 0x800000fe (0x3b359073) csrw    pmpaddr3, a1
core   0: 3 0x800000fe (0x3b359073) c947_pmpaddr3 0x2cccd9fb
core   0: 0x80000102 (0x0f0f15b7) lui     a1, 0xf0f1
core   0: 3 0x80000102 (0x0f0f15b7) x11 0x0f0f1000
core   0: 0x80000106 (0xf0f58593) addi    a1, a1, -241
core   0: 3 0x80000106 (0xf0f58593) x11 0x0f0f0f0f
core   0: 0x8000010a (0x3a059073) csrw    pmpcfg0, a1
core   0: 3 0x8000010a (0x3a059073) c928_pmpcfg0 0x0f0f0f0f
core   0: 0x8000010e (0x00003597) auipc   a1, 0x3
core   0: 3 0x8000010e (0x00003597) x11 0x8000310e
core   0: 0x80000112 (0x3ae58593) addi    a1, a1, 942
core   0: 3 0x80000112 (0x3ae58593) x11 0x800034bc
core   0: 0x80000116 (0x44444db7) lui     s11, 0x44444
core   0: 3 0x80000116 (0x44444db7) x27 0x44444000
core   0: 0x8000011a (0x444d8d93) addi    s11, s11, 1092
core   0: 3 0x8000011a (0x444d8d93) x27 0x44444444
core   0: 0x8000011e (0x000095ee) c.add   a1, s11
core   0: 3 0x8000011e (0x95ee) x11 0xc4447900
core   0: 0x80000120 (0x00008189) c.srli  a1, 2
core   0: 3 0x80000120 (0x8189) x11 0x31111e40
core   0: 0x80000122 (0x3b459073) csrw    pmpaddr4, a1
core   0: 3 0x80000122 (0x3b459073) c948_pmpaddr4 0x31111e40
core   0: 0x80000126 (0x00003597) auipc   a1, 0x3
core   0: 3 0x80000126 (0x00003597) x11 0x80003126
core   0: 0x8000012a (0x39658593) addi    a1, a1, 918
core   0: 3 0x8000012a (0x39658593) x11 0x800034bc
core   0: 0x8000012e (0x55555db7) lui     s11, 0x55555
core   0: 3 0x8000012e (0x55555db7) x27 0x55555000
core   0: 0x80000132 (0x555d8d93) addi    s11, s11, 1365
core   0: 3 0x80000132 (0x555d8d93) x27 0x55555555
core   0: 0x80000136 (0x000095ee) c.add   a1, s11
core   0: 3 0x80000136 (0x95ee) x11 0xd5558a11
core   0: 0x80000138 (0x00008189) c.srli  a1, 2
core   0: 3 0x80000138 (0x8189) x11 0x35556284
core   0: 0x8000013a (0x3b559073) csrw    pmpaddr5, a1
core   0: 3 0x8000013a (0x3b559073) c949_pmpaddr5 0x35556284
core   0: 0x8000013e (0x00003597) auipc   a1, 0x3
core   0: 3 0x8000013e (0x00003597) x11 0x8000313e
core   0: 0x80000142 (0x37e58593) addi    a1, a1, 894
core   0: 3 0x80000142 (0x37e58593) x11 0x800034bc
core   0: 0x80000146 (0x66666db7) lui     s11, 0x66666
core   0: 3 0x80000146 (0x66666db7) x27 0x66666000
core   0: 0x8000014a (0x666d8d93) addi    s11, s11, 1638
core   0: 3 0x8000014a (0x666d8d93) x27 0x66666666
core   0: 0x8000014e (0x000095ee) c.add   a1, s11
core   0: 3 0x8000014e (0x95ee) x11 0xe6669b22
core   0: 0x80000150 (0x00008189) c.srli  a1, 2
core   0: 3 0x80000150 (0x8189) x11 0x3999a6c8
core   0: 0x80000152 (0x3b659073) csrw    pmpaddr6, a1
core   0: 3 0x80000152 (0x3b659073) c950_pmpaddr6 0x3999a6c8
core   0: 0x80000156 (0x00003597) auipc   a1, 0x3
core   0: 3 0x80000156 (0x00003597) x11 0x80003156
core   0: 0x8000015a (0x36658593) addi    a1, a1, 870
core   0: 3 0x8000015a (0x36658593) x11 0x800034bc
core   0: 0x8000015e (0x77777db7) lui     s11, 0x77777
core   0: 3 0x8000015e (0x77777db7) x27 0x77777000
core   0: 0x80000162 (0x777d8d93) addi    s11, s11, 1911
core   0: 3 0x80000162 (0x777d8d93) x27 0x77777777
core   0: 0x80000166 (0x000095ee) c.add   a1, s11
core   0: 3 0x80000166 (0x95ee) x11 0xf777ac33
core   0: 0x80000168 (0x00008189) c.srli  a1, 2
core   0: 3 0x80000168 (0x8189) x11 0x3dddeb0c
core   0: 0x8000016a (0x3b759073) csrw    pmpaddr7, a1
core   0: 3 0x8000016a (0x3b759073) c951_pmpaddr7 0x3dddeb0c
core   0: 0x8000016e (0x0f0f15b7) lui     a1, 0xf0f1
core   0: 3 0x8000016e (0x0f0f15b7) x11 0x0f0f1000
core   0: 0x80000172 (0xf0f58593) addi    a1, a1, -241
core   0: 3 0x80000172 (0xf0f58593) x11 0x0f0f0f0f
core   0: 0x80000176 (0x3a159073) csrw    pmpcfg1, a1
core   0: 3 0x80000176 (0x3a159073) c929_pmpcfg1 0x0f0f0f0f
core   0: 0x8000017a (0x00003597) auipc   a1, 0x3
core   0: 3 0x8000017a (0x00003597) x11 0x8000317a
core   0: 0x8000017e (0x34258593) addi    a1, a1, 834
core   0: 3 0x8000017e (0x34258593) x11 0x800034bc
core   0: 0x80000182 (0x88889db7) lui     s11, 0x88889
core   0: 3 0x80000182 (0x88889db7) x27 0x88889000
core   0: 0x80000186 (0x888d8d93) addi    s11, s11, -1912
core   0: 3 0x80000186 (0x888d8d93) x27 0x88888888
core   0: 0x8000018a (0x000095ee) c.add   a1, s11
core   0: 3 0x8000018a (0x95ee) x11 0x0888bd44
core   0: 0x8000018c (0x00008189) c.srli  a1, 2
core   0: 3 0x8000018c (0x8189) x11 0x02222f51
core   0: 0x8000018e (0x3b859073) csrw    pmpaddr8, a1
core   0: 3 0x8000018e (0x3b859073) c952_pmpaddr8 0x02222f51
core   0: 0x80000192 (0x00003597) auipc   a1, 0x3
core   0: 3 0x80000192 (0x00003597) x11 0x80003192
core   0: 0x80000196 (0x32a58593) addi    a1, a1, 810
core   0: 3 0x80000196 (0x32a58593) x11 0x800034bc
core   0: 0x8000019a (0x9999adb7) lui     s11, 0x9999a
core   0: 3 0x8000019a (0x9999adb7) x27 0x9999a000
core   0: 0x8000019e (0x999d8d93) addi    s11, s11, -1639
core   0: 3 0x8000019e (0x999d8d93) x27 0x99999999
core   0: 0x800001a2 (0x000095ee) c.add   a1, s11
core   0: 3 0x800001a2 (0x95ee) x11 0x1999ce55
core   0: 0x800001a4 (0x00008189) c.srli  a1, 2
core   0: 3 0x800001a4 (0x8189) x11 0x06667395
core   0: 0x800001a6 (0x3b959073) csrw    pmpaddr9, a1
core   0: 3 0x800001a6 (0x3b959073) c953_pmpaddr9 0x06667395
core   0: 0x800001aa (0x00003597) auipc   a1, 0x3
core   0: 3 0x800001aa (0x00003597) x11 0x800031aa
core   0: 0x800001ae (0x31258593) addi    a1, a1, 786
core   0: 3 0x800001ae (0x31258593) x11 0x800034bc
core   0: 0x800001b2 (0xaaaabdb7) lui     s11, 0xaaaab
core   0: 3 0x800001b2 (0xaaaabdb7) x27 0xaaaab000
core   0: 0x800001b6 (0xaaad8d93) addi    s11, s11, -1366
core   0: 3 0x800001b6 (0xaaad8d93) x27 0xaaaaaaaa
core   0: 0x800001ba (0x000095ee) c.add   a1, s11
core   0: 3 0x800001ba (0x95ee) x11 0x2aaadf66
core   0: 0x800001bc (0x00008189) c.srli  a1, 2
core   0: 3 0x800001bc (0x8189) x11 0x0aaab7d9
core   0: 0x800001be (0x3ba59073) csrw    pmpaddr10, a1
core   0: 3 0x800001be (0x3ba59073) c954_pmpaddr10 0x0aaab7d9
core   0: 0x800001c2 (0x00003597) auipc   a1, 0x3
core   0: 3 0x800001c2 (0x00003597) x11 0x800031c2
core   0: 0x800001c6 (0x2fa58593) addi    a1, a1, 762
core   0: 3 0x800001c6 (0x2fa58593) x11 0x800034bc
core   0: 0x800001ca (0xbbbbcdb7) lui     s11, 0xbbbbc
core   0: 3 0x800001ca (0xbbbbcdb7) x27 0xbbbbc000
core   0: 0x800001ce (0xbbbd8d93) addi    s11, s11, -1093
core   0: 3 0x800001ce (0xbbbd8d93) x27 0xbbbbbbbb
core   0: 0x800001d2 (0x000095ee) c.add   a1, s11
core   0: 3 0x800001d2 (0x95ee) x11 0x3bbbf077
core   0: 0x800001d4 (0x00008189) c.srli  a1, 2
core   0: 3 0x800001d4 (0x8189) x11 0x0eeefc1d
core   0: 0x800001d6 (0x3bb59073) csrw    pmpaddr11, a1
core   0: 3 0x800001d6 (0x3bb59073) c955_pmpaddr11 0x0eeefc1d
core   0: 0x800001da (0x0f0f15b7) lui     a1, 0xf0f1
core   0: 3 0x800001da (0x0f0f15b7) x11 0x0f0f1000
core   0: 0x800001de (0xf0f58593) addi    a1, a1, -241
core   0: 3 0x800001de (0xf0f58593) x11 0x0f0f0f0f
core   0: 0x800001e2 (0x3a259073) csrw    pmpcfg2, a1
core   0: 3 0x800001e2 (0x3a259073) c930_pmpcfg2 0x0f0f0f0f
core   0: 0x800001e6 (0x00003597) auipc   a1, 0x3
core   0: 3 0x800001e6 (0x00003597) x11 0x800031e6
core   0: 0x800001ea (0x2d658593) addi    a1, a1, 726
core   0: 3 0x800001ea (0x2d658593) x11 0x800034bc
core   0: 0x800001ee (0xccccddb7) lui     s11, 0xccccd
core   0: 3 0x800001ee (0xccccddb7) x27 0xccccd000
core   0: 0x800001f2 (0xcccd8d93) addi    s11, s11, -820
core   0: 3 0x800001f2 (0xcccd8d93) x27 0xcccccccc
core   0: 0x800001f6 (0x000095ee) c.add   a1, s11
core   0: 3 0x800001f6 (0x95ee) x11 0x4ccd0188
core   0: 0x800001f8 (0x00008189) c.srli  a1, 2
core   0: 3 0x800001f8 (0x8189) x11 0x13334062
core   0: 0x800001fa (0x3bc59073) csrw    pmpaddr12, a1
core   0: 3 0x800001fa (0x3bc59073) c956_pmpaddr12 0x13334062
core   0: 0x800001fe (0x00003597) auipc   a1, 0x3
core   0: 3 0x800001fe (0x00003597) x11 0x800031fe
core   0: 0x80000202 (0x2be58593) addi    a1, a1, 702
core   0: 3 0x80000202 (0x2be58593) x11 0x800034bc
core   0: 0x80000206 (0xddddedb7) lui     s11, 0xdddde
core   0: 3 0x80000206 (0xddddedb7) x27 0xdddde000
core   0: 0x8000020a (0xdddd8d93) addi    s11, s11, -547
core   0: 3 0x8000020a (0xdddd8d93) x27 0xdddddddd
core   0: 0x8000020e (0x000095ee) c.add   a1, s11
core   0: 3 0x8000020e (0x95ee) x11 0x5dde1299
core   0: 0x80000210 (0x00008189) c.srli  a1, 2
core   0: 3 0x80000210 (0x8189) x11 0x177784a6
core   0: 0x80000212 (0x3bd59073) csrw    pmpaddr13, a1
core   0: 3 0x80000212 (0x3bd59073) c957_pmpaddr13 0x177784a6
core   0: 0x80000216 (0x00003597) auipc   a1, 0x3
core   0: 3 0x80000216 (0x00003597) x11 0x80003216
core   0: 0x8000021a (0x2a658593) addi    a1, a1, 678
core   0: 3 0x8000021a (0x2a658593) x11 0x800034bc
core   0: 0x8000021e (0xeeeefdb7) lui     s11, 0xeeeef
core   0: 3 0x8000021e (0xeeeefdb7) x27 0xeeeef000
core   0: 0x80000222 (0xeeed8d93) addi    s11, s11, -274
core   0: 3 0x80000222 (0xeeed8d93) x27 0xeeeeeeee
core   0: 0x80000226 (0x000095ee) c.add   a1, s11
core   0: 3 0x80000226 (0x95ee) x11 0x6eef23aa
core   0: 0x80000228 (0x00008189) c.srli  a1, 2
core   0: 3 0x80000228 (0x8189) x11 0x1bbbc8ea
core   0: 0x8000022a (0x3be59073) csrw    pmpaddr14, a1
core   0: 3 0x8000022a (0x3be59073) c958_pmpaddr14 0x1bbbc8ea
core   0: 0x8000022e (0x00003597) auipc   a1, 0x3
core   0: 3 0x8000022e (0x00003597) x11 0x8000322e
core   0: 0x80000232 (0x28e58593) addi    a1, a1, 654
core   0: 3 0x80000232 (0x28e58593) x11 0x800034bc
core   0: 0x80000236 (0xfff00d93) li      s11, -1
core   0: 3 0x80000236 (0xfff00d93) x27 0xffffffff
core   0: 0x8000023a (0x000095ee) c.add   a1, s11
core   0: 3 0x8000023a (0x95ee) x11 0x800034bb
core   0: 0x8000023c (0x00008189) c.srli  a1, 2
core   0: 3 0x8000023c (0x8189) x11 0x20000d2e
core   0: 0x8000023e (0x3bf59073) csrw    pmpaddr15, a1
core   0: 3 0x8000023e (0x3bf59073) c959_pmpaddr15 0x20000d2e
core   0: 0x80000242 (0x0f0f15b7) lui     a1, 0xf0f1
core   0: 3 0x80000242 (0x0f0f15b7) x11 0x0f0f1000
core   0: 0x80000246 (0xf0f58593) addi    a1, a1, -241
core   0: 3 0x80000246 (0xf0f58593) x11 0x0f0f0f0f
core   0: 0x8000024a (0x3a359073) csrw    pmpcfg3, a1
core   0: 3 0x8000024a (0x3a359073) c931_pmpcfg3 0x0f0f0f0f
core   0: 0x8000024e (0x00000d97) auipc   s11, 0x0
core   0: 3 0x8000024e (0x00000d97) x27 0x8000024e
core   0: 0x80000252 (0x060d8d93) addi    s11, s11, 96
core   0: 3 0x80000252 (0x060d8d93) x27 0x800002ae
core   0: 0x80000256 (0x341d9073) csrw    mepc, s11
core   0: 3 0x80000256 (0x341d9073) c833_mepc 0x800002ae
core   0: 0x8000025a (0x7c00d073) csrwi   cpuctrlsts, 1
core   0: 3 0x8000025a (0x7c00d073) c1984_cpuctrlsts 0x00000101
core   0: 0x8000025e (0x00004d81) c.li    s11, 0
core   0: 3 0x8000025e (0x4d81) x27 0x00000000
core   0: 0x80000260 (0x300d9073) csrw    mstatus, s11
core   0: 3 0x80000260 (0x300d9073) c768_mstatus 0x00000000
core   0: 0x80000264 (0x00004d81) c.li    s11, 0
core   0: 3 0x80000264 (0x4d81) x27 0x00000000
core   0: 0x80000266 (0x304d9073) csrw    mie, s11
core   0: 3 0x80000266 (0x304d9073) c772_mie 0x00000000
core   0: 0x8000026a (0x90000d37) lui     s10, 0x90000
core   0: 3 0x8000026a (0x90000d37) x26 0x90000000
core   0: 0x8000026e (0x00001d71) c.addi  s10, -4
core   0: 3 0x8000026e (0x1d71) x26 0x8ffffffc
core   0: 0x80000270 (0x90000d37) lui     s10, 0x90000
core   0: 3 0x80000270 (0x90000d37) x26 0x90000000
core   0: 0x80000274 (0x00001d71) c.addi  s10, -4
core   0: 3 0x80000274 (0x1d71) x26 0x8ffffffc
core   0: 0x80000276 (0x90000d37) lui     s10, 0x90000
core   0: 3 0x80000276 (0x90000d37) x26 0x90000000
core   0: 0x8000027a (0x00001d71) c.addi  s10, -4
core   0: 3 0x8000027a (0x1d71) x26 0x8ffffffc
core   0: 0x8000027c (0x30000d93) li      s11, 768
core   0: 3 0x8000027c (0x30000d93) x27 0x00000300
core   0: 0x80000280 (0x00000da2) c.slli  s11, 8
core   0: 3 0x80000280 (0x0da2) x27 0x00030000
core   0: 0x80000282 (0x00000d8d) c.addi  s11, 3
core   0: 3 0x80000282 (0x0d8d) x27 0x00030003
core   0: 0x80000284 (0x01bd2023) sw      s11, 0(s10)
core   0: 3 0x80000284 (0x01bd2023) mem 0x8ffffffc 0x00030003
core   0: 0x80000288 (0x30002df3) csrr    s11, mstatus
core   0: 3 0x80000288 (0x30002df3) x27 0x00000000
core   0: 0x8000028c (0x01bd2023) sw      s11, 0(s10)
core   0: 3 0x8000028c (0x01bd2023) mem 0x8ffffffc 0x00000000
core   0: 0x80000290 (0x90000d37) lui     s10, 0x90000
core   0: 3 0x80000290 (0x90000d37) x26 0x90000000
core   0: 0x80000294 (0x00001d71) c.addi  s10, -4
core   0: 3 0x80000294 (0x1d71) x26 0x8ffffffc
core   0: 0x80000296 (0x30400d93) li      s11, 772
core   0: 3 0x80000296 (0x30400d93) x27 0x00000304
core   0: 0x8000029a (0x00000da2) c.slli  s11, 8
core   0: 3 0x8000029a (0x0da2) x27 0x00030400
core   0: 0x8000029c (0x00000d8d) c.addi  s11, 3
core   0: 3 0x8000029c (0x0d8d) x27 0x00030403
core   0: 0x8000029e (0x01bd2023) sw      s11, 0(s10)
core   0: 3 0x8000029e (0x01bd2023) mem 0x8ffffffc 0x00030403
core   0: 0x800002a2 (0x30402df3) csrr    s11, mie
core   0: 3 0x800002a2 (0x30402df3) x27 0x00000000
core   0: 0x800002a6 (0x01bd2023) sw      s11, 0(s10)
core   0: 3 0x800002a6 (0x01bd2023) mem 0x8ffffffc 0x00000000
core   0: 0x800002aa (0x30200073) mret
core   0: 3 0x800002aa (0x30200073) c768_mstatus 0x00000080
core   0: 0x800002ae (0x00100013) li      zero, 1
core   0: 0 0x800002ae (0x00100013)
core   0: 0x800002b2 (0x49ecc0b7) lui     ra, 0x49ecc
core   0: 0 0x800002b2 (0x49ecc0b7) x1  0x49ecc000
core   0: 0x800002b6 (0x08708093) addi    ra, ra, 135
core   0: 0 0x800002b6 (0x08708093) x1  0x49ecc087
core   0: 0x800002ba (0x00004101) c.li    sp, 0
core   0: 0 0x800002ba (0x4101) x2  0x00000000
core   0: 0x800002bc (0x800001b7) lui     gp, 0x80000
core   0: 0 0x800002bc (0x800001b7) x3  0x80000000
core   0: 0x800002c0 (0x80000237) lui     tp, 0x80000
core   0: 0 0x800002c0 (0x80000237) x4  0x80000000
core   0: 0x800002c4 (0x00004281) c.li    t0, 0
core   0: 0 0x800002c4 (0x4281) x5  0x00000000
core   0: 0x800002c6 (0x80000337) lui     t1, 0x80000
core   0: 0 0x800002c6 (0x80000337) x6  0x80000000
core   0: 0x800002ca (0x800003b7) lui     t2, 0x80000
core   0: 0 0x800002ca (0x800003b7) x7  0x80000000
core   0: 0x800002ce (0x00004435) c.li    s0, 13
core   0: 0 0x800002ce (0x4435) x8  0x0000000d
core   0: 0x800002d0 (0xf3c464b7) lui     s1, 0xf3c46
core   0: 0 0x800002d0 (0xf3c464b7) x9  0xf3c46000
core   0: 0x800002d4 (0x49248493) addi    s1, s1, 1170
core   0: 0 0x800002d4 (0x49248493) x9  0xf3c46492
core   0: 0x800002d8 (0x7db24537) lui     a0, 0x7db24
core   0: 0 0x800002d8 (0x7db24537) x10 0x7db24000
core   0: 0x800002dc (0x02d50513) addi    a0, a0, 45
core   0: 0 0x800002dc (0x02d50513) x10 0x7db2402d
core   0: 0x800002e0 (0xf1e8b5b7) lui     a1, 0xf1e8b
core   0: 0 0x800002e0 (0xf1e8b5b7) x11 0xf1e8b000
core   0: 0x800002e4 (0x1fd58593) addi    a1, a1, 509
core   0: 0 0x800002e4 (0x1fd58593) x11 0xf1e8b1fd
core   0: 0x800002e8 (0xea41f637) lui     a2, 0xea41f
core   0: 0 0x800002e8 (0xea41f637) x12 0xea41f000
core   0: 0x800002ec (0x80f60613) addi    a2, a2, -2033
core   0: 0 0x800002ec (0x80f60613) x12 0xea41e80f
core   0: 0x800002f0 (0x00004715) c.li    a4, 5
core   0: 0 0x800002f0 (0x4715) x14 0x00000005
core   0: 0x800002f2 (0x00004781) c.li    a5, 0
core   0: 0 0x800002f2 (0x4781) x15 0x00000000
core   0: 0x800002f4 (0x80000837) lui     a6, 0x80000
core   0: 0 0x800002f4 (0x80000837) x16 0x80000000
core   0: 0x800002f8 (0x800008b7) lui     a7, 0x80000
core   0: 0 0x800002f8 (0x800008b7) x17 0x80000000
core   0: 0x800002fc (0x80000937) lui     s2, 0x80000
core   0: 0 0x800002fc (0x80000937) x18 0x80000000
core   0: 0x80000300 (0x247fa9b7) lui     s3, 0x247fa
core   0: 0 0x80000300 (0x247fa9b7) x19 0x247fa000
core   0: 0x80000304 (0x13498993) addi    s3, s3, 308
core   0: 0 0x80000304 (0x13498993) x19 0x247fa134
core   0: 0x80000308 (0x80000a37) lui     s4, 0x80000
core   0: 0 0x80000308 (0x80000a37) x20 0x80000000
core   0: 0x8000030c (0x3377aab7) lui     s5, 0x3377a
core   0: 0 0x8000030c (0x3377aab7) x21 0x3377a000
core   0: 0x80000310 (0x6b3a8a93) addi    s5, s5, 1715
core   0: 0 0x80000310 (0x6b3a8a93) x21 0x3377a6b3
core   0: 0x80000314 (0x00004b39) c.li    s6, 14
core   0: 0 0x80000314 (0x4b39) x22 0x0000000e
core   0: 0x80000316 (0x80000c37) lui     s8, 0x80000
core   0: 0 0x80000316 (0x80000c37) x24 0x80000000
core   0: 0x8000031a (0xe4118cb7) lui     s9, 0xe4118
core   0: 0 0x8000031a (0xe4118cb7) x25 0xe4118000
core   0: 0x8000031e (0x4b0c8c93) addi    s9, s9, 1200
core   0: 0 0x8000031e (0x4b0c8c93) x25 0xe41184b0
core   0: 0x80000322 (0xff8e3d37) lui     s10, 0xff8e3
core   0: 0 0x80000322 (0xff8e3d37) x26 0xff8e3000
core   0: 0x80000326 (0x42dd0d13) addi    s10, s10, 1069
core   0: 0 0x80000326 (0x42dd0d13) x26 0xff8e342d
core   0: 0x8000032a (0x00004d81) c.li    s11, 0
core   0: 0 0x8000032a (0x4d81) x27 0x00000000
core   0: 0x8000032c (0xf756ee37) lui     t3, 0xf756e
core   0: 0 0x8000032c (0xf756ee37) x28 0xf756e000
core   0: 0x80000330 (0x58be0e13) addi    t3, t3, 1419
core   0: 0 0x80000330 (0x58be0e13) x28 0xf756e58b
core   0: 0x80000334 (0xb0c56eb7) lui     t4, 0xb0c56
core   0: 0 0x80000334 (0xb0c56eb7) x29 0xb0c56000
core   0: 0x80000338 (0x673e8e93) addi    t4, t4, 1651
core   0: 0 0x80000338 (0x673e8e93) x29 0xb0c56673
core   0: 0x8000033c (0xf208df37) lui     t5, 0xf208d
core   0: 0 0x8000033c (0xf208df37) x30 0xf208d000
core   0: 0x80000340 (0xd6cf0f13) addi    t5, t5, -660
core   0: 0 0x80000340 (0xd6cf0f13) x30 0xf208cd6c
core   0: 0x80000344 (0x09249fb7) lui     t6, 0x9249
core   0: 0 0x80000344 (0x09249fb7) x31 0x09249000
core   0: 0x80000348 (0x2b6f8f93) addi    t6, t6, 694
core   0: 0 0x80000348 (0x2b6f8f93) x31 0x092492b6
core   0: 0x8000034c (0x00022b97) auipc   s7, 0x22
core   0: 0 0x8000034c (0x00022b97) x23 0x8002234c
core   0: 0x80000350 (0xb18b8b93) addi    s7, s7, -1256
core   0: 0 0x80000350 (0xb18b8b93) x23 0x80021e64
core   0: 0x80000354 (0x90000d37) lui     s10, 0x90000
core   0: 0 0x80000354 (0x90000d37) x26 0x90000000
core   0: 0x80000358 (0x00001d71) c.addi  s10, -4
core   0: 0 0x80000358 (0x1d71) x26 0x8ffffffc
core   0: 0x8000035a (0x00004d81) c.li    s11, 0
core   0: 0 0x8000035a (0x4d81) x27 0x00000000
core   0: 0x8000035c (0x00000da2) c.slli  s11, 8
core   0: 0 0x8000035c (0x0da2) x27 0x00000000
core   0: 0x8000035e (0x000d8d93) mv      s11, s11
core   0: 0 0x8000035e (0x000d8d93) x27 0x00000000
core   0: 0x80000362 (0x01bd2023) sw      s11, 0(s10)
core   0: 0 0x80000362 (0x01bd2023) mem 0x8ffffffc 0x00000000
core   0: 0x80000366 (0x1560306f) j       pc + 0x3156
core   0: 0 0x80000366 (0x1560306f)
core   0: 0x800034bc (0x0000cd15) c.beqz  a0, pc + 60
core   0: 0 0x800034bc (0xcd15)
core   0: 0x800034be (0x64e22013) slti    zero, tp, 1614
core   0: 0 0x800034be (0x64e22013)
core   0: 0x800034c2 (0x029200b3) mul     ra, tp, s1
core   0: 0 0x800034c2 (0x029200b3) x1  0x00000000
core   0: 0x800034c6 (0x00009fee) c.add   t6, s11
core   0: 0 0x800034c6 (0x9fee) x31 0x092492b6
core   0: 0x800034c8 (0x00009c4e) c.add   s8, s3
core   0: 0 0x800034c8 (0x9c4e) x24 0xa47fa134
core   0: 0x800034ca (0x000008b2) c.slli  a7, 12
core   0: 0 0x800034ca (0x08b2) x17 0x00000000
core   0: 0x800034cc (0xc7123f13) sltiu   t5, tp, -911
core   0: 0 0x800034cc (0xc7123f13) x30 0x00000001
core   0: 0x800034d0 (0x0378adb3) mulhsu  s11, a7, s7
core   0: 0 0x800034d0 (0x0378adb3) x27 0x00000000
core   0: 0x800034d4 (0x03db0f33) mul     t5, s6, t4
core   0: 0 0x800034d4 (0x03db0f33) x30 0xaacb9a4a
core   0: 0x800034d8 (0x00000e84) c.addi4spn s1, sp, 848
core   0: 0 0x800034d8 (0x0e84) x9  0x00000350
core   0: 0x800034da (0x4121d313) srai    t1, gp, 18
core   0: 0 0x800034da (0x4121d313) x6  0xffffe000
core   0: 0x800034de (0x00008711) c.srai  a4, 4
core   0: 0 0x800034de (0x8711) x14 0x00000000
core   0: 0x800034e0 (0x00e06833) or      a6, zero, a4
core   0: 0 0x800034e0 (0x00e06833) x16 0x00000000
core   0: 0x800034e4 (0x0000cf31) c.beqz  a4, pc + 92
core   0: 0 0x800034e4 (0xcf31)
core   0: 0x80003540 (0x03632db3) mulhsu  s11, t1, s6
core   0: 0 0x80003540 (0x03632db3) x27 0xffffffff
core   0: 0x80003544 (0x41a8d113) srai    sp, a7, 26
core   0: 0 0x80003544 (0x41a8d113) x2  0x00000000
core   0: 0x80003548 (0x0000527d) c.li    tp, -1
core   0: 0 0x80003548 (0x527d) x4  0xffffffff
core   0: 0x8000354a (0x404f5c33) sra     s8, t5, tp
core   0: 0 0x8000354a (0x404f5c33) x24 0xffffffff
core   0: 0x8000354e (0x7720fb13) andi    s6, ra, 1906
core   0: 0 0x8000354e (0x7720fb13) x22 0x00000000
core   0: 0x80003552 (0x08ff0517) auipc   a0, 0x8ff0
core   0: 0 0x80003552 (0x08ff0517) x10 0x88ff3552
core   0: 0x80003556 (0xee75a793) slti    a5, a1, -281
core   0: 0 0x80003556 (0xee75a793) x15 0x00000001
core   0: 0x8000355a (0x0197e7b3) or      a5, a5, s9
core   0: 0 0x8000355a (0x0197e7b3) x15 0xe41184b1
core   0: 0x8000355e (0x00000001) c.nop
core   0: 0 0x8000355e (0x0001)
core   0: 0x80003560 (0x03b70b33) mul     s6, a4, s11
core   0: 0 0x80003560 (0x03b70b33) x22 0x00000000
core   0: 0x80003564 (0x49e53f13) sltiu   t5, a0, 1182
core   0: 0 0x80003564 (0x49e53f13) x30 0x00000000
core   0: 0x80003568 (0x0316c3b3) div     t2, a3, a7
core   0: 0 0x80003568 (0x0316c3b3) x7  0xffffffff
core   0: 0x8000356c (0x02c52b33) mulhsu  s6, a0, a2
core   0: 0 0x8000356c (0x02c52b33) x22 0x931aa3a9
core   0: 0x80003570 (0x014f1db3) sll     s11, t5, s4
core   0: 0 0x80003570 (0x014f1db3) x27 0x00000000
core   0: 0x80003574 (0x0000448d) c.li    s1, 3
core   0: 0 0x80003574 (0x448d) x9  0x00000003
core   0: 0x80003576 (0xfc73c493) xori    s1, t2, -57
core   0: 0 0x80003576 (0xfc73c493) x9  0x00000038
core   0: 0x8000357a (0x00bda433) slt     s0, s11, a1
core   0: 0 0x8000357a (0x00bda433) x8  0x00000000
core   0: 0x8000357e (0x00008c0e) c.mv    s8, gp
core   0: 0 0x8000357e (0x8c0e) x24 0x80000000
core   0: 0x80003580 (0x02339f33) mulh    t5, t2, gp
core   0: 0 0x80003580 (0x02339f33) x30 0x00000000
core   0: 0x80003584 (0x03b28163) beq     t0, s11, pc + 34
core   0: 0 0x80003584 (0x03b28163)
core   0: 0x800035a6 (0x002fdf33) srl     t5, t6, sp
core   0: 0 0x800035a6 (0x002fdf33) x30 0x092492b6
core   0: 0x800035aa (0x0ff0000f) fence   iorw,iorw
core   0: 0 0x800035aa (0x0ff0000f)
core   0: 0x800035ae (0x8776fb13) andi    s6, a3, -1929
core   0: 0 0x800035ae (0x8776fb13) x22 0x80025864
core   0: 0x800035b2 (0x03748ab3) mul     s5, s1, s7
core   0: 0 0x800035b2 (0x03748ab3) x21 0x0076a5e0
core   0: 0x800035b6 (0xa1f16c93) ori     s9, sp, -1505
core   0: 0 0x800035b6 (0xa1f16c93) x25 0xfffffa1f
core   0: 0x800035ba (0x00008ffd) c.and   a5, a5
core   0: 0 0x800035ba (0x8ffd) x15 0xe41184b1
core   0: 0x800035bc (0x000088ad) c.andi  s1, 11
core   0: 0 0x800035bc (0x88ad) x9  0x00000008
core   0: 0x800035be (0x00526733) or      a4, tp, t0
core   0: 0 0x800035be (0x00526733) x14 0xffffffff
core   0: 0x800035c2 (0x0000ea05) c.bnez  a2, pc + 48
core   0: 0 0x800035c2 (0xea05)
core   0: 0x800035f2 (0x00008f15) c.sub   a4, a3
core   0: 0 0x800035f2 (0x8f15) x14 0x7ffda31b
core   0: 0x800035f4 (0x00008bf1) c.andi  a5, 28
core   0: 0 0x800035f4 (0x8bf1) x15 0x00000010
core   0: 0x800035f6 (0x026bc533) div     a0, s7, t1
core   0: 0 0x800035f6 (0x026bc533) x10 0x0003ffef
core   0: 0x800035fa (0x41975d13) srai    s10, a4, 25
core   0: 0 0x800035fa (0x41975d13) x26 0x0000003f
core   0: 0x800035fe (0x02b02c33) mulhsu  s8, zero, a1
core   0: 0 0x800035fe (0x02b02c33) x24 0x00000000
core   0: 0x80003602 (0x0000100f) fence.i
core   0: 0 0x80003602 (0x0000100f)
core   0: 0x80003606 (0xd80ef413) andi    s0, t4, -640
core   0: 0 0x80003606 (0xd80ef413) x8  0xb0c56400
core   0: 0x8000360a (0xc1feb813) sltiu   a6, t4, -993
core   0: 0 0x8000360a (0xc1feb813) x16 0x00000001
core   0: 0x8000360e (0x03bc7633) remu    a2, s8, s11
core   0: 0 0x8000360e (0x03bc7633) x12 0x00000000
core   0: 0x80003612 (0x0000100f) fence.i
core   0: 0 0x80003612 (0x0000100f)
core   0: 0x80003616 (0x00009e7a) c.add   t3, t5
core   0: 0 0x80003616 (0x9e7a) x28 0x007b7841
core   0: 0x80003618 (0x00008fc1) c.or    a5, s0
core   0: 0 0x80003618 (0x8fc1) x15 0xb0c56410
core   0: 0x8000361a (0x034064b3) rem     s1, zero, s4
core   0: 0 0x8000361a (0x034064b3) x9  0x00000000
core   0: 0x8000361e (0x010cc7b3) xor     a5, s9, a6
core   0: 0 0x8000361e (0x010cc7b3) x15 0xfffffa1e
core   0: 0x80003622 (0x0000e91d) c.bnez  a0, pc + 54
core   0: 0 0x80003622 (0xe91d)
core   0: 0x80003658 (0x0000987d) c.andi  s0, -1
core   0: 0 0x80003658 (0x987d) x8  0xb0c56400
core   0: 0x8000365a (0xd6e54413) xori    s0, a0, -658
core   0: 0 0x8000365a (0xd6e54413) x8  0xfffc0281
core   0: 0x8000365e (0x0005beb3) sltu    t4, a1, zero
core   0: 0 0x8000365e (0x0005beb3) x29 0x00000000
core   0: 0x80003662 (0x00008d75) c.and   a0, a3
core   0: 0 0x80003662 (0x8d75) x10 0x00025ce4
core   0: 0x80003664 (0x0ff0000f) fence   iorw,iorw
core   0: 0 0x80003664 (0x0ff0000f)
core   0: 0x80003668 (0x67654c93) xori    s9, a0, 1654
core   0: 0 0x80003668 (0x67654c93) x25 0x00025a92
core   0: 0x8000366c (0x0000100f) fence.i
core   0: 0 0x8000366c (0x0000100f)
core   0: 0x80003670 (0x000007e9) c.addi  a5, 26
core   0: 0 0x80003670 (0x07e9) x15 0xfffffa38
core   0: 0x80003672 (0x00008005) c.srli  s0, 1
core   0: 0 0x80003672 (0x8005) x8  0x7ffe0140
core   0: 0x80003674 (0xffffd597) auipc   a1, 0xffffd
core   0: 0 0x80003674 (0xffffd597) x11 0x80000674
core   0: 0x80003678 (0xcf658593) addi    a1, a1, -778
core   0: 0 0x80003678 (0xcf658593) x11 0x8000036a
core   0: 0x8000367c (0x00058067) jr      a1
core   0: 0 0x8000367c (0x00058067)
core   0: 0x8000036a (0x90000d37) lui     s10, 0x90000
core   0: 0 0x8000036a (0x90000d37) x26 0x90000000
core   0: 0x8000036e (0x00001d61) c.addi  s10, -8
core   0: 0 0x8000036e (0x1d61) x26 0x8ffffff8
core   0: 0x80000370 (0x00004d81) c.li    s11, 0
core   0: 0 0x80000370 (0x4d81) x27 0x00000000
core   0: 0x80000372 (0x00000da2) c.slli  s11, 8
core   0: 0 0x80000372 (0x0da2) x27 0x00000000
core   0: 0x80000374 (0x00000d85) c.addi  s11, 1
core   0: 0 0x80000374 (0x0d85) x27 0x00000001
core   0: 0x80000376 (0x01bd2023) sw      s11, 0(s10)
core   0: 0 0x80000376 (0x01bd2023) mem 0x8ffffff8 0x00000001
core   0: 0x8000037a (0x00000073) ecall
core   0: exception trap_user_ecall, epc 0x8000037a
core   0: 0x80002700 (0x0800006f) j       pc + 0x80
core   0: 3 0x80002700 (0x0800006f)
core   0: 0x80002780 (0x000016f1) c.addi  a3, -4
core   0: 3 0x80002780 (0x16f1) x13 0x80025ce0
core   0: 0x80002782 (0x0176a023) sw      s7, 0(a3)
core   0: 3 0x80002782 (0x0176a023) mem 0x80025ce0 0x80021e64
core   0: 0x80002786 (0x00068bb3) add     s7, a3, zero
core   0: 3 0x80002786 (0x00068bb3) x23 0x80025ce0
core   0: 0x8000278a (0xf80b8b93) addi    s7, s7, -128
core   0: 3 0x8000278a (0xf80b8b93) x23 0x80025c60
core   0: 0x8000278e (0x001ba223) sw      ra, 4(s7)
core   0: 3 0x8000278e (0x001ba223) mem 0x80025c64 0x00000000
core   0: 0x80002792 (0x002ba423) sw      sp, 8(s7)
core   0: 3 0x80002792 (0x002ba423) mem 0x80025c68 0x00000000
core   0: 0x80002796 (0x003ba623) sw      gp, 12(s7)
core   0: 3 0x80002796 (0x003ba623) mem 0x80025c6c 0x80000000
core   0: 0x8000279a (0x004ba823) sw      tp, 16(s7)
core   0: 3 0x8000279a (0x004ba823) mem 0x80025c70 0xffffffff
core   0: 0x8000279e (0x005baa23) sw      t0, 20(s7)
core   0: 3 0x8000279e (0x005baa23) mem 0x80025c74 0x00000000
core   0: 0x800027a2 (0x006bac23) sw      t1, 24(s7)
core   0: 3 0x800027a2 (0x006bac23) mem 0x80025c78 0xffffe000
core   0: 0x800027a6 (0x007bae23) sw      t2, 28(s7)
core   0: 3 0x800027a6 (0x007bae23) mem 0x80025c7c 0xffffffff
core   0: 0x800027aa (0x028ba023) sw      s0, 32(s7)
core   0: 3 0x800027aa (0x028ba023) mem 0x80025c80 0x7ffe0140
core   0: 0x800027ae (0x029ba223) sw      s1, 36(s7)
core   0: 3 0x800027ae (0x029ba223) mem 0x80025c84 0x00000000
core   0: 0x800027b2 (0x02aba423) sw      a0, 40(s7)
core   0: 3 0x800027b2 (0x02aba423) mem 0x80025c88 0x00025ce4
core   0: 0x800027b6 (0x02bba623) sw      a1, 44(s7)
core   0: 3 0x800027b6 (0x02bba623) mem 0x80025c8c 0x8000036a
core   0: 0x800027ba (0x02cba823) sw      a2, 48(s7)
core   0: 3 0x800027ba (0x02cba823) mem 0x80025c90 0x00000000
core   0: 0x800027be (0x02dbaa23) sw      a3, 52(s7)
core   0: 3 0x800027be (0x02dbaa23) mem 0x80025c94 0x80025ce0
core   0: 0x800027c2 (0x02ebac23) sw      a4, 56(s7)
core   0: 3 0x800027c2 (0x02ebac23) mem 0x80025c98 0x7ffda31b
core   0: 0x800027c6 (0x02fbae23) sw      a5, 60(s7)
core   0: 3 0x800027c6 (0x02fbae23) mem 0x80025c9c 0xfffffa38
core   0: 0x800027ca (0x050ba023) sw      a6, 64(s7)
core   0: 3 0x800027ca (0x050ba023) mem 0x80025ca0 0x00000001
core   0: 0x800027ce (0x051ba223) sw      a7, 68(s7)
core   0: 3 0x800027ce (0x051ba223) mem 0x80025ca4 0x00000000
core   0: 0x800027d2 (0x052ba423) sw      s2, 72(s7)
core   0: 3 0x800027d2 (0x052ba423) mem 0x80025ca8 0x80000000
core   0: 0x800027d6 (0x053ba623) sw      s3, 76(s7)
core   0: 3 0x800027d6 (0x053ba623) mem 0x80025cac 0x247fa134
core   0: 0x800027da (0x054ba823) sw      s4, 80(s7)
core   0: 3 0x800027da (0x054ba823) mem 0x80025cb0 0x80000000
core   0: 0x800027de (0x055baa23) sw      s5, 84(s7)
core   0: 3 0x800027de (0x055baa23) mem 0x80025cb4 0x0076a5e0
core   0: 0x800027e2 (0x056bac23) sw      s6, 88(s7)
core   0: 3 0x800027e2 (0x056bac23) mem 0x80025cb8 0x80025864
core   0: 0x800027e6 (0x057bae23) sw      s7, 92(s7)
core   0: 3 0x800027e6 (0x057bae23) mem 0x80025cbc 0x80025c60
core   0: 0x800027ea (0x078ba023) sw      s8, 96(s7)
core   0: 3 0x800027ea (0x078ba023) mem 0x80025cc0 0x00000000
core   0: 0x800027ee (0x079ba223) sw      s9, 100(s7)
core   0: 3 0x800027ee (0x079ba223) mem 0x80025cc4 0x00025a92
core   0: 0x800027f2 (0x07aba423) sw      s10, 104(s7)
core   0: 3 0x800027f2 (0x07aba423) mem 0x80025cc8 0x8ffffff8
core   0: 0x800027f6 (0x07bba623) sw      s11, 108(s7)
core   0: 3 0x800027f6 (0x07bba623) mem 0x80025ccc 0x00000001
core   0: 0x800027fa (0x07cba823) sw      t3, 112(s7)
core   0: 3 0x800027fa (0x07cba823) mem 0x80025cd0 0x007b7841
core   0: 0x800027fe (0x07dbaa23) sw      t4, 116(s7)
core   0: 3 0x800027fe (0x07dbaa23) mem 0x80025cd4 0x00000000
core   0: 0x80002802 (0x07ebac23) sw      t5, 120(s7)
core   0: 3 0x80002802 (0x07ebac23) mem 0x80025cd8 0x092492b6
core   0: 0x80002806 (0x07fbae23) sw      t6, 124(s7)
core   0: 3 0x80002806 (0x07fbae23) mem 0x80025cdc 0x092492b6
core   0: 0x8000280a (0x000b86b3) add     a3, s7, zero
core   0: 3 0x8000280a (0x000b86b3) x13 0x80025c60
core   0: 0x8000280e (0x90000d37) lui     s10, 0x90000
core   0: 3 0x8000280e (0x90000d37) x26 0x90000000
core   0: 0x80002812 (0x00001d71) c.addi  s10, -4
core   0: 3 0x80002812 (0x1d71) x26 0x8ffffffc
core   0: 0x80002814 (0x00004da1) c.li    s11, 8
core   0: 3 0x80002814 (0x4da1) x27 0x00000008
core   0: 0x80002816 (0x00000da2) c.slli  s11, 8
core   0: 3 0x80002816 (0x0da2) x27 0x00000800
core   0: 0x80002818 (0x000d8d93) mv      s11, s11
core   0: 3 0x80002818 (0x000d8d93) x27 0x00000800
core   0: 0x8000281c (0x01bd2023) sw      s11, 0(s10)
core   0: 3 0x8000281c (0x01bd2023) mem 0x8ffffffc 0x00000800
core   0: 0x80002820 (0x34102df3) csrr    s11, mepc
core   0: 3 0x80002820 (0x34102df3) x27 0x8000037a
core   0: 0x80002824 (0x34202df3) csrr    s11, mcause
core   0: 3 0x80002824 (0x34202df3) x27 0x00000008
core   0: 0x80002828 (0x00004d0d) c.li    s10, 3
core   0: 3 0x80002828 (0x4d0d) x26 0x00000003
core   0: 0x8000282a (0x01ad9463) bne     s11, s10, pc + 8
core   0: 3 0x8000282a (0x01ad9463)
core   0: 0x80002832 (0x00004d21) c.li    s10, 8
core   0: 3 0x80002832 (0x4d21) x26 0x00000008
core   0: 0x80002834 (0x05ad8d63) beq     s11, s10, pc + 90
core   0: 3 0x80002834 (0x05ad8d63)
core   0: 0x8000288e (0x90000d37) lui     s10, 0x90000
core   0: 3 0x8000288e (0x90000d37) x26 0x90000000
core   0: 0x80002892 (0x00001d71) c.addi  s10, -4
core   0: 3 0x80002892 (0x1d71) x26 0x8ffffffc
core   0: 0x80002894 (0x00006d85) c.lui   s11, 0x1
core   0: 3 0x80002894 (0x6d85) x27 0x00001000
core   0: 0x80002896 (0xb00d8d93) addi    s11, s11, -1280
core   0: 3 0x80002896 (0xb00d8d93) x27 0x00000b00
core   0: 0x8000289a (0x00000da2) c.slli  s11, 8
core   0: 3 0x8000289a (0x0da2) x27 0x000b0000
core   0: 0x8000289c (0x00000d8d) c.addi  s11, 3
core   0: 3 0x8000289c (0x0d8d) x27 0x000b0003
core   0: 0x8000289e (0x01bd2023) sw      s11, 0(s10)
core   0: 3 0x8000289e (0x01bd2023) mem 0x8ffffffc 0x000b0003
core   0: 0x800028a2 (0xb0002df3) csrr    s11, mcycle
core   0: 3 0x800028a2 (0xb0002df3) x27 0x00001074
core   0: 0x800028a6 (0x01bd2023) sw      s11, 0(s10)
core   0: 3 0x800028a6 (0x01bd2023) mem 0x8ffffffc 0x00001074
core   0: 0x800028aa (0x90000d37) lui     s10, 0x90000
core   0: 3 0x800028aa (0x90000d37) x26 0x90000000
core   0: 0x800028ae (0x00001d71) c.addi  s10, -4
core   0: 3 0x800028ae (0x1d71) x26 0x8ffffffc
core   0: 0x800028b0 (0x00006d85) c.lui   s11, 0x1
core   0: 3 0x800028b0 (0x6d85) x27 0x00001000
core   0: 0x800028b2 (0xb80d8d93) addi    s11, s11, -1152
core   0: 3 0x800028b2 (0xb80d8d93) x27 0x00000b80
core   0: 0x800028b6 (0x00000da2) c.slli  s11, 8
core   0: 3 0x800028b6 (0x0da2) x27 0x000b8000
core   0: 0x800028b8 (0x00000d8d) c.addi  s11, 3
core   0: 3 0x800028b8 (0x0d8d) x27 0x000b8003
core   0: 0x800028ba (0x01bd2023) sw      s11, 0(s10)
core   0: 3 0x800028ba (0x01bd2023) mem 0x8ffffffc 0x000b8003
core   0: 0x800028be (0xb8002df3) csrr    s11, mcycleh
core   0: 3 0x800028be (0xb8002df3) x27 0x00000000
core   0: 0x800028c2 (0x01bd2023) sw      s11, 0(s10)
core   0: 3 0x800028c2 (0x01bd2023) mem 0x8ffffffc 0x00000000
core   0: 0x800028c6 (0x90000d37) lui     s10, 0x90000
core   0: 3 0x800028c6 (0x90000d37) x26 0x90000000
core   0: 0x800028ca (0x00001d71) c.addi  s10, -4
core   0: 3 0x800028ca (0x1d71) x26 0x8ffffffc
core   0: 0x800028cc (0x00006d85) c.lui   s11, 0x1
core   0: 3 0x800028cc (0x6d85) x27 0x00001000
core   0: 0x800028ce (0xb03d8d93) addi    s11, s11, -1277
core   0: 3 0x800028ce (0xb03d8d93) x27 0x00000b03
core   0: 0x800028d2 (0x00000da2) c.slli  s11, 8
core   0: 3 0x800028d2 (0x0da2) x27 0x000b0300
core   0: 0x800028d4 (0x00000d8d) c.addi  s11, 3
core   0: 3 0x800028d4 (0x0d8d) x27 0x000b0303
core   0: 0x800028d6 (0x01bd2023) sw      s11, 0(s10)
core   0: 3 0x800028d6 (0x01bd2023) mem 0x8ffffffc 0x000b0303
core   0: 0x800028da (0xb0302df3) csrr    s11, mhpmcounter3
core   0: 3 0x800028da (0xb0302df3) x27 0x00000125
core   0: 0x800028de (0x01bd2023) sw      s11, 0(s10)
core   0: 3 0x800028de (0x01bd2023) mem 0x8ffffffc 0x00000125
core   0: 0x800028e2 (0x90000d37) lui     s10, 0x90000
core   0: 3 0x800028e2 (0x90000d37) x26 0x90000000
core   0: 0x800028e6 (0x00001d71) c.addi  s10, -4
core   0: 3 0x800028e6 (0x1d71) x26 0x8ffffffc
core   0: 0x800028e8 (0x00006d85) c.lui   s11, 0x1
core   0: 3 0x800028e8 (0x6d85) x27 0x00001000
core   0: 0x800028ea (0xb83d8d93) addi    s11, s11, -1149
core   0: 3 0x800028ea (0xb83d8d93) x27 0x00000b83
core   0: 0x800028ee (0x00000da2) c.slli  s11, 8
core   0: 3 0x800028ee (0x0da2) x27 0x000b8300
core   0: 0x800028f0 (0x00000d8d) c.addi  s11, 3
core   0: 3 0x800028f0 (0x0d8d) x27 0x000b8303
core   0: 0x800028f2 (0x01bd2023) sw      s11, 0(s10)
core   0: 3 0x800028f2 (0x01bd2023) mem 0x8ffffffc 0x000b8303
core   0: 0x800028f6 (0xb8302df3) csrr    s11, mhpmcounter3h
core   0: 3 0x800028f6 (0xb8302df3) x27 0x00000000
core   0: 0x800028fa (0x01bd2023) sw      s11, 0(s10)
core   0: 3 0x800028fa (0x01bd2023) mem 0x8ffffffc 0x00000000
core   0: 0x800028fe (0x90000d37) lui     s10, 0x90000
core   0: 3 0x800028fe (0x90000d37) x26 0x90000000
core   0: 0x80002902 (0x00001d71) c.addi  s10, -4
core   0: 3 0x80002902 (0x1d71) x26 0x8ffffffc
core   0: 0x80002904 (0x00006d85) c.lui   s11, 0x1
core   0: 3 0x80002904 (0x6d85) x27 0x00001000
core   0: 0x80002906 (0xb04d8d93) addi    s11, s11, -1276
core   0: 3 0x80002906 (0xb04d8d93) x27 0x00000b04
core   0: 0x8000290a (0x00000da2) c.slli  s11, 8
core   0: 3 0x8000290a (0x0da2) x27 0x000b0400
core   0: 0x8000290c (0x00000d8d) c.addi  s11, 3
core   0: 3 0x8000290c (0x0d8d) x27 0x000b0403
core   0: 0x8000290e (0x01bd2023) sw      s11, 0(s10)
core   0: 3 0x8000290e (0x01bd2023) mem 0x8ffffffc 0x000b0403
core   0: 0x80002912 (0xb0402df3) csrr    s11, mhpmcounter4
core   0: 3 0x80002912 (0xb0402df3) x27 0x000005b2
core   0: 0x80002916 (0x01bd2023) sw      s11, 0(s10)
core   0: 3 0x80002916 (0x01bd2023) mem 0x8ffffffc 0x000005b2
core   0: 0x8000291a (0x90000d37) lui     s10, 0x90000
core   0: 3 0x8000291a (0x90000d37) x26 0x90000000
core   0: 0x8000291e (0x00001d71) c.addi  s10, -4
core   0: 3 0x8000291e (0x1d71) x26 0x8ffffffc
core   0: 0x80002920 (0x00006d85) c.lui   s11, 0x1
core   0: 3 0x80002920 (0x6d85) x27 0x00001000
core   0: 0x80002922 (0xb84d8d93) addi    s11, s11, -1148
core   0: 3 0x80002922 (0xb84d8d93) x27 0x00000b84
core   0: 0x80002926 (0x00000da2) c.slli  s11, 8
core   0: 3 0x80002926 (0x0da2) x27 0x000b8400
core   0: 0x80002928 (0x00000d8d) c.addi  s11, 3
core   0: 3 0x80002928 (0x0d8d) x27 0x000b8403
core   0: 0x8000292a (0x01bd2023) sw      s11, 0(s10)
core   0: 3 0x8000292a (0x01bd2023) mem 0x8ffffffc 0x000b8403
core   0: 0x8000292e (0xb8402df3) csrr    s11, mhpmcounter4h
core   0: 3 0x8000292e (0xb8402df3) x27 0x00000000
core   0: 0x80002932 (0x01bd2023) sw      s11, 0(s10)
core   0: 3 0x80002932 (0x01bd2023) mem 0x8ffffffc 0x00000000
core   0: 0x80002936 (0x90000d37) lui     s10, 0x90000
core   0: 3 0x80002936 (0x90000d37) x26 0x90000000
core   0: 0x8000293a (0x00001d71) c.addi  s10, -4
core   0: 3 0x8000293a (0x1d71) x26 0x8ffffffc
core   0: 0x8000293c (0x00006d85) c.lui   s11, 0x1
core   0: 3 0x8000293c (0x6d85) x27 0x00001000
core   0: 0x8000293e (0xb05d8d93) addi    s11, s11, -1275
core   0: 3 0x8000293e (0xb05d8d93) x27 0x00000b05
core   0: 0x80002942 (0x00000da2) c.slli  s11, 8
core   0: 3 0x80002942 (0x0da2) x27 0x000b0500
core   0: 0x80002944 (0x00000d8d) c.addi  s11, 3
core   0: 3 0x80002944 (0x0d8d) x27 0x000b0503
core   0: 0x80002946 (0x01bd2023) sw      s11, 0(s10)
core   0: 3 0x80002946 (0x01bd2023) mem 0x8ffffffc 0x000b0503
core   0: 0x8000294a (0xb0502df3) csrr    s11, mhpmcounter5
core   0: 3 0x8000294a (0xb0502df3) x27 0x00000000
core   0: 0x8000294e (0x01bd2023) sw      s11, 0(s10)
core   0: 3 0x8000294e (0x01bd2023) mem 0x8ffffffc 0x00000000
core   0: 0x80002952 (0x90000d37) lui     s10, 0x90000
core   0: 3 0x80002952 (0x90000d37) x26 0x90000000
core   0: 0x80002956 (0x00001d71) c.addi  s10, -4
core   0: 3 0x80002956 (0x1d71) x26 0x8ffffffc
core   0: 0x80002958 (0x00006d85) c.lui   s11, 0x1
core   0: 3 0x80002958 (0x6d85) x27 0x00001000
core   0: 0x8000295a (0xb85d8d93) addi    s11, s11, -1147
core   0: 3 0x8000295a (0xb85d8d93) x27 0x00000b85
core   0: 0x8000295e (0x00000da2) c.slli  s11, 8
core   0: 3 0x8000295e (0x0da2) x27 0x000b8500
core   0: 0x80002960 (0x00000d8d) c.addi  s11, 3
core   0: 3 0x80002960 (0x0d8d) x27 0x000b8503
core   0: 0x80002962 (0x01bd2023) sw      s11, 0(s10)
core   0: 3 0x80002962 (0x01bd2023) mem 0x8ffffffc 0x000b8503
core   0: 0x80002966 (0xb8502df3) csrr    s11, mhpmcounter5h
core   0: 3 0x80002966 (0xb8502df3) x27 0x00000000
core   0: 0x8000296a (0x01bd2023) sw      s11, 0(s10)
core   0: 3 0x8000296a (0x01bd2023) mem 0x8ffffffc 0x00000000
core   0: 0x8000296e (0x90000d37) lui     s10, 0x90000
core   0: 3 0x8000296e (0x90000d37) x26 0x90000000
core   0: 0x80002972 (0x00001d71) c.addi  s10, -4
core   0: 3 0x80002972 (0x1d71) x26 0x8ffffffc
core   0: 0x80002974 (0x00006d85) c.lui   s11, 0x1
core   0: 3 0x80002974 (0x6d85) x27 0x00001000
core   0: 0x80002976 (0xb06d8d93) addi    s11, s11, -1274
core   0: 3 0x80002976 (0xb06d8d93) x27 0x00000b06
core   0: 0x8000297a (0x00000da2) c.slli  s11, 8
core   0: 3 0x8000297a (0x0da2) x27 0x000b0600
core   0: 0x8000297c (0x00000d8d) c.addi  s11, 3
core   0: 3 0x8000297c (0x0d8d) x27 0x000b0603
core   0: 0x8000297e (0x01bd2023) sw      s11, 0(s10)
core   0: 3 0x8000297e (0x01bd2023) mem 0x8ffffffc 0x000b0603
core   0: 0x80002982 (0xb0602df3) csrr    s11, mhpmcounter6
core   0: 3 0x80002982 (0xb0602df3) x27 0x00000038
core   0: 0x80002986 (0x01bd2023) sw      s11, 0(s10)
core   0: 3 0x80002986 (0x01bd2023) mem 0x8ffffffc 0x00000038
core   0: 0x8000298a (0x90000d37) lui     s10, 0x90000
core   0: 3 0x8000298a (0x90000d37) x26 0x90000000
core   0: 0x8000298e (0x00001d71) c.addi  s10, -4
core   0: 3 0x8000298e (0x1d71) x26 0x8ffffffc
core   0: 0x80002990 (0x00006d85) c.lui   s11, 0x1
core   0: 3 0x80002990 (0x6d85) x27 0x00001000
core   0: 0x80002992 (0xb86d8d93) addi    s11, s11, -1146
core   0: 3 0x80002992 (0xb86d8d93) x27 0x00000b86
core   0: 0x80002996 (0x00000da2) c.slli  s11, 8
core   0: 3 0x80002996 (0x0da2) x27 0x000b8600
core   0: 0x80002998 (0x00000d8d) c.addi  s11, 3
core   0: 3 0x80002998 (0x0d8d) x27 0x000b8603
core   0: 0x8000299a (0x01bd2023) sw      s11, 0(s10)
core   0: 3 0x8000299a (0x01bd2023) mem 0x8ffffffc 0x000b8603
core   0: 0x8000299e (0xb8602df3) csrr    s11, mhpmcounter6h
core   0: 3 0x8000299e (0xb8602df3) x27 0x00000000
core   0: 0x800029a2 (0x01bd2023) sw      s11, 0(s10)
core   0: 3 0x800029a2 (0x01bd2023) mem 0x8ffffffc 0x00000000
core   0: 0x800029a6 (0x90000d37) lui     s10, 0x90000
core   0: 3 0x800029a6 (0x90000d37) x26 0x90000000
core   0: 0x800029aa (0x00001d71) c.addi  s10, -4
core   0: 3 0x800029aa (0x1d71) x26 0x8ffffffc
core   0: 0x800029ac (0x00006d85) c.lui   s11, 0x1
core   0: 3 0x800029ac (0x6d85) x27 0x00001000
core   0: 0x800029ae (0xb07d8d93) addi    s11, s11, -1273
core   0: 3 0x800029ae (0xb07d8d93) x27 0x00000b07
core   0: 0x800029b2 (0x00000da2) c.slli  s11, 8
core   0: 3 0x800029b2 (0x0da2) x27 0x000b0700
core   0: 0x800029b4 (0x00000d8d) c.addi  s11, 3
core   0: 3 0x800029b4 (0x0d8d) x27 0x000b0703
core   0: 0x800029b6 (0x01bd2023) sw      s11, 0(s10)
core   0: 3 0x800029b6 (0x01bd2023) mem 0x8ffffffc 0x000b0703
core   0: 0x800029ba (0xb0702df3) csrr    s11, mhpmcounter7
core   0: 3 0x800029ba (0xb0702df3) x27 0x00000006
core   0: 0x800029be (0x01bd2023) sw      s11, 0(s10)
core   0: 3 0x800029be (0x01bd2023) mem 0x8ffffffc 0x00000006
core   0: 0x800029c2 (0x90000d37) lui     s10, 0x90000
core   0: 3 0x800029c2 (0x90000d37) x26 0x90000000
core   0: 0x800029c6 (0x00001d71) c.addi  s10, -4
core   0: 3 0x800029c6 (0x1d71) x26 0x8ffffffc
core   0: 0x800029c8 (0x00006d85) c.lui   s11, 0x1
core   0: 3 0x800029c8 (0x6d85) x27 0x00001000
core   0: 0x800029ca (0xb87d8d93) addi    s11, s11, -1145
core   0: 3 0x800029ca (0xb87d8d93) x27 0x00000b87
core   0: 0x800029ce (0x00000da2) c.slli  s11, 8
core   0: 3 0x800029ce (0x0da2) x27 0x000b8700
core   0: 0x800029d0 (0x00000d8d) c.addi  s11, 3
core   0: 3 0x800029d0 (0x0d8d) x27 0x000b8703
core   0: 0x800029d2 (0x01bd2023) sw      s11, 0(s10)
core   0: 3 0x800029d2 (0x01bd2023) mem 0x8ffffffc 0x000b8703
core   0: 0x800029d6 (0xb8702df3) csrr    s11, mhpmcounter7h
core   0: 3 0x800029d6 (0xb8702df3) x27 0x00000000
core   0: 0x800029da (0x01bd2023) sw      s11, 0(s10)
core   0: 3 0x800029da (0x01bd2023) mem 0x8ffffffc 0x00000000
core   0: 0x800029de (0x90000d37) lui     s10, 0x90000
core   0: 3 0x800029de (0x90000d37) x26 0x90000000
core   0: 0x800029e2 (0x00001d71) c.addi  s10, -4
core   0: 3 0x800029e2 (0x1d71) x26 0x8ffffffc
core   0: 0x800029e4 (0x00006d85) c.lui   s11, 0x1
core   0: 3 0x800029e4 (0x6d85) x27 0x00001000
core   0: 0x800029e6 (0xb08d8d93) addi    s11, s11, -1272
core   0: 3 0x800029e6 (0xb08d8d93) x27 0x00000b08
core   0: 0x800029ea (0x00000da2) c.slli  s11, 8
core   0: 3 0x800029ea (0x0da2) x27 0x000b0800
core   0: 0x800029ec (0x00000d8d) c.addi  s11, 3
core   0: 3 0x800029ec (0x0d8d) x27 0x000b0803
core   0: 0x800029ee (0x01bd2023) sw      s11, 0(s10)
core   0: 3 0x800029ee (0x01bd2023) mem 0x8ffffffc 0x000b0803
core   0: 0x800029f2 (0xb0802df3) csrr    s11, mhpmcounter8
core   0: 3 0x800029f2 (0xb0802df3) x27 0x00000007
core   0: 0x800029f6 (0x01bd2023) sw      s11, 0(s10)
core   0: 3 0x800029f6 (0x01bd2023) mem 0x8ffffffc 0x00000007
core   0: 0x800029fa (0x90000d37) lui     s10, 0x90000
core   0: 3 0x800029fa (0x90000d37) x26 0x90000000
core   0: 0x800029fe (0x00001d71) c.addi  s10, -4
core   0: 3 0x800029fe (0x1d71) x26 0x8ffffffc
core   0: 0x80002a00 (0x00006d85) c.lui   s11, 0x1
core   0: 3 0x80002a00 (0x6d85) x27 0x00001000
core   0: 0x80002a02 (0xb88d8d93) addi    s11, s11, -1144
core   0: 3 0x80002a02 (0xb88d8d93) x27 0x00000b88
core   0: 0x80002a06 (0x00000da2) c.slli  s11, 8
core   0: 3 0x80002a06 (0x0da2) x27 0x000b8800
core   0: 0x80002a08 (0x00000d8d) c.addi  s11, 3
core   0: 3 0x80002a08 (0x0d8d) x27 0x000b8803
core   0: 0x80002a0a (0x01bd2023) sw      s11, 0(s10)
core   0: 3 0x80002a0a (0x01bd2023) mem 0x8ffffffc 0x000b8803
core   0: 0x80002a0e (0xb8802df3) csrr    s11, mhpmcounter8h
core   0: 3 0x80002a0e (0xb8802df3) x27 0x00000000
core   0: 0x80002a12 (0x01bd2023) sw      s11, 0(s10)
core   0: 3 0x80002a12 (0x01bd2023) mem 0x8ffffffc 0x00000000
core   0: 0x80002a16 (0x90000d37) lui     s10, 0x90000
core   0: 3 0x80002a16 (0x90000d37) x26 0x90000000
core   0: 0x80002a1a (0x00001d71) c.addi  s10, -4
core   0: 3 0x80002a1a (0x1d71) x26 0x8ffffffc
core   0: 0x80002a1c (0x00006d85) c.lui   s11, 0x1
core   0: 3 0x80002a1c (0x6d85) x27 0x00001000
core   0: 0x80002a1e (0xb09d8d93) addi    s11, s11, -1271
core   0: 3 0x80002a1e (0xb09d8d93) x27 0x00000b09
core   0: 0x80002a22 (0x00000da2) c.slli  s11, 8
core   0: 3 0x80002a22 (0x0da2) x27 0x000b0900
core   0: 0x80002a24 (0x00000d8d) c.addi  s11, 3
core   0: 3 0x80002a24 (0x0d8d) x27 0x000b0903
core   0: 0x80002a26 (0x01bd2023) sw      s11, 0(s10)
core   0: 3 0x80002a26 (0x01bd2023) mem 0x8ffffffc 0x000b0903
core   0: 0x80002a2a (0xb0902df3) csrr    s11, mhpmcounter9
core   0: 3 0x80002a2a (0xb0902df3) x27 0x00000006
core   0: 0x80002a2e (0x01bd2023) sw      s11, 0(s10)
core   0: 3 0x80002a2e (0x01bd2023) mem 0x8ffffffc 0x00000006
core   0: 0x80002a32 (0x90000d37) lui     s10, 0x90000
core   0: 3 0x80002a32 (0x90000d37) x26 0x90000000
core   0: 0x80002a36 (0x00001d71) c.addi  s10, -4
core   0: 3 0x80002a36 (0x1d71) x26 0x8ffffffc
core   0: 0x80002a38 (0x00006d85) c.lui   s11, 0x1
core   0: 3 0x80002a38 (0x6d85) x27 0x00001000
core   0: 0x80002a3a (0xb89d8d93) addi    s11, s11, -1143
core   0: 3 0x80002a3a (0xb89d8d93) x27 0x00000b89
core   0: 0x80002a3e (0x00000da2) c.slli  s11, 8
core   0: 3 0x80002a3e (0x0da2) x27 0x000b8900
core   0: 0x80002a40 (0x00000d8d) c.addi  s11, 3
core   0: 3 0x80002a40 (0x0d8d) x27 0x000b8903
core   0: 0x80002a42 (0x01bd2023) sw      s11, 0(s10)
core   0: 3 0x80002a42 (0x01bd2023) mem 0x8ffffffc 0x000b8903
core   0: 0x80002a46 (0xb8902df3) csrr    s11, mhpmcounter9h
core   0: 3 0x80002a46 (0xb8902df3) x27 0x00000000
core   0: 0x80002a4a (0x01bd2023) sw      s11, 0(s10)
core   0: 3 0x80002a4a (0x01bd2023) mem 0x8ffffffc 0x00000000
core   0: 0x80002a4e (0x90000d37) lui     s10, 0x90000
core   0: 3 0x80002a4e (0x90000d37) x26 0x90000000
core   0: 0x80002a52 (0x00001d71) c.addi  s10, -4
core   0: 3 0x80002a52 (0x1d71) x26 0x8ffffffc
core   0: 0x80002a54 (0x00006d85) c.lui   s11, 0x1
core   0: 3 0x80002a54 (0x6d85) x27 0x00001000
core   0: 0x80002a56 (0xb0ad8d93) addi    s11, s11, -1270
core   0: 3 0x80002a56 (0xb0ad8d93) x27 0x00000b0a
core   0: 0x80002a5a (0x00000da2) c.slli  s11, 8
core   0: 3 0x80002a5a (0x0da2) x27 0x000b0a00
core   0: 0x80002a5c (0x00000d8d) c.addi  s11, 3
core   0: 3 0x80002a5c (0x0d8d) x27 0x000b0a03
core   0: 0x80002a5e (0x01bd2023) sw      s11, 0(s10)
core   0: 3 0x80002a5e (0x01bd2023) mem 0x8ffffffc 0x000b0a03
core   0: 0x80002a62 (0xb0a02df3) csrr    s11, mhpmcounter10
core   0: 3 0x80002a62 (0xb0a02df3) x27 0x0000009a
core   0: 0x80002a66 (0x01bd2023) sw      s11, 0(s10)
core   0: 3 0x80002a66 (0x01bd2023) mem 0x8ffffffc 0x0000009a
core   0: 0x80002a6a (0x90000d37) lui     s10, 0x90000
core   0: 3 0x80002a6a (0x90000d37) x26 0x90000000
core   0: 0x80002a6e (0x00001d71) c.addi  s10, -4
core   0: 3 0x80002a6e (0x1d71) x26 0x8ffffffc
core   0: 0x80002a70 (0x00006d85) c.lui   s11, 0x1
core   0: 3 0x80002a70 (0x6d85) x27 0x00001000
core   0: 0x80002a72 (0xb8ad8d93) addi    s11, s11, -1142
core   0: 3 0x80002a72 (0xb8ad8d93) x27 0x00000b8a
core   0: 0x80002a76 (0x00000da2) c.slli  s11, 8
core   0: 3 0x80002a76 (0x0da2) x27 0x000b8a00
core   0: 0x80002a78 (0x00000d8d) c.addi  s11, 3
core   0: 3 0x80002a78 (0x0d8d) x27 0x000b8a03
core   0: 0x80002a7a (0x01bd2023) sw      s11, 0(s10)
core   0: 3 0x80002a7a (0x01bd2023) mem 0x8ffffffc 0x000b8a03
core   0: 0x80002a7e (0xb8a02df3) csrr    s11, mhpmcounter10h
core   0: 3 0x80002a7e (0xb8a02df3) x27 0x00000000
core   0: 0x80002a82 (0x01bd2023) sw      s11, 0(s10)
core   0: 3 0x80002a82 (0x01bd2023) mem 0x8ffffffc 0x00000000
core   0: 0x80002a86 (0x90000d37) lui     s10, 0x90000
core   0: 3 0x80002a86 (0x90000d37) x26 0x90000000
core   0: 0x80002a8a (0x00001d71) c.addi  s10, -4
core   0: 3 0x80002a8a (0x1d71) x26 0x8ffffffc
core   0: 0x80002a8c (0x00006d85) c.lui   s11, 0x1
core   0: 3 0x80002a8c (0x6d85) x27 0x00001000
core   0: 0x80002a8e (0xb0bd8d93) addi    s11, s11, -1269
core   0: 3 0x80002a8e (0xb0bd8d93) x27 0x00000b0b
core   0: 0x80002a92 (0x00000da2) c.slli  s11, 8
core   0: 3 0x80002a92 (0x0da2) x27 0x000b0b00
core   0: 0x80002a94 (0x00000d8d) c.addi  s11, 3
core   0: 3 0x80002a94 (0x0d8d) x27 0x000b0b03
core   0: 0x80002a96 (0x01bd2023) sw      s11, 0(s10)
core   0: 3 0x80002a96 (0x01bd2023) mem 0x8ffffffc 0x000b0b03
core   0: 0x80002a9a (0xb0b02df3) csrr    s11, mhpmcounter11
core   0: 3 0x80002a9a (0xb0b02df3) x27 0x00000005
core   0: 0x80002a9e (0x01bd2023) sw      s11, 0(s10)
core   0: 3 0x80002a9e (0x01bd2023) mem 0x8ffffffc 0x00000005
core   0: 0x80002aa2 (0x90000d37) lui     s10, 0x90000
core   0: 3 0x80002aa2 (0x90000d37) x26 0x90000000
core   0: 0x80002aa6 (0x00001d71) c.addi  s10, -4
core   0: 3 0x80002aa6 (0x1d71) x26 0x8ffffffc
core   0: 0x80002aa8 (0x00006d85) c.lui   s11, 0x1
core   0: 3 0x80002aa8 (0x6d85) x27 0x00001000
core   0: 0x80002aaa (0xb8bd8d93) addi    s11, s11, -1141
core   0: 3 0x80002aaa (0xb8bd8d93) x27 0x00000b8b
core   0: 0x80002aae (0x00000da2) c.slli  s11, 8
core   0: 3 0x80002aae (0x0da2) x27 0x000b8b00
core   0: 0x80002ab0 (0x00000d8d) c.addi  s11, 3
core   0: 3 0x80002ab0 (0x0d8d) x27 0x000b8b03
core   0: 0x80002ab2 (0x01bd2023) sw      s11, 0(s10)
core   0: 3 0x80002ab2 (0x01bd2023) mem 0x8ffffffc 0x000b8b03
core   0: 0x80002ab6 (0xb8b02df3) csrr    s11, mhpmcounter11h
core   0: 3 0x80002ab6 (0xb8b02df3) x27 0x00000000
core   0: 0x80002aba (0x01bd2023) sw      s11, 0(s10)
core   0: 3 0x80002aba (0x01bd2023) mem 0x8ffffffc 0x00000000
core   0: 0x80002abe (0x90000d37) lui     s10, 0x90000
core   0: 3 0x80002abe (0x90000d37) x26 0x90000000
core   0: 0x80002ac2 (0x00001d71) c.addi  s10, -4
core   0: 3 0x80002ac2 (0x1d71) x26 0x8ffffffc
core   0: 0x80002ac4 (0x00006d85) c.lui   s11, 0x1
core   0: 3 0x80002ac4 (0x6d85) x27 0x00001000
core   0: 0x80002ac6 (0xb0cd8d93) addi    s11, s11, -1268
core   0: 3 0x80002ac6 (0xb0cd8d93) x27 0x00000b0c
core   0: 0x80002aca (0x00000da2) c.slli  s11, 8
core   0: 3 0x80002aca (0x0da2) x27 0x000b0c00
core   0: 0x80002acc (0x00000d8d) c.addi  s11, 3
core   0: 3 0x80002acc (0x0d8d) x27 0x000b0c03
core   0: 0x80002ace (0x01bd2023) sw      s11, 0(s10)
core   0: 3 0x80002ace (0x01bd2023) mem 0x8ffffffc 0x000b0c03
core   0: 0x80002ad2 (0xb0c02df3) csrr    s11, mhpmcounter12
core   0: 3 0x80002ad2 (0xb0c02df3) x27 0x0000004a
core   0: 0x80002ad6 (0x01bd2023) sw      s11, 0(s10)
core   0: 3 0x80002ad6 (0x01bd2023) mem 0x8ffffffc 0x0000004a
core   0: 0x80002ada (0x90000d37) lui     s10, 0x90000
core   0: 3 0x80002ada (0x90000d37) x26 0x90000000
core   0: 0x80002ade (0x00001d71) c.addi  s10, -4
core   0: 3 0x80002ade (0x1d71) x26 0x8ffffffc
core   0: 0x80002ae0 (0x00006d85) c.lui   s11, 0x1
core   0: 3 0x80002ae0 (0x6d85) x27 0x00001000
core   0: 0x80002ae2 (0xb8cd8d93) addi    s11, s11, -1140
core   0: 3 0x80002ae2 (0xb8cd8d93) x27 0x00000b8c
core   0: 0x80002ae6 (0x00000da2) c.slli  s11, 8
core   0: 3 0x80002ae6 (0x0da2) x27 0x000b8c00
core   0: 0x80002ae8 (0x00000d8d) c.addi  s11, 3
core   0: 3 0x80002ae8 (0x0d8d) x27 0x000b8c03
core   0: 0x80002aea (0x01bd2023) sw      s11, 0(s10)
core   0: 3 0x80002aea (0x01bd2023) mem 0x8ffffffc 0x000b8c03
core   0: 0x80002aee (0xb8c02df3) csrr    s11, mhpmcounter12h
core   0: 3 0x80002aee (0xb8c02df3) x27 0x00000000
core   0: 0x80002af2 (0x01bd2023) sw      s11, 0(s10)
core   0: 3 0x80002af2 (0x01bd2023) mem 0x8ffffffc 0x00000000
core   0: 0x80002af6 (0xffffdd97) auipc   s11, 0xffffd
core   0: 3 0x80002af6 (0xffffdd97) x27 0x7ffffaf6
core   0: 0x80002afa (0x58ad8d93) addi    s11, s11, 1418
core   0: 3 0x80002afa (0x58ad8d93) x27 0x80000080
core   0: 0x80002afe (0x000da023) sw      zero, 0(s11)
core   0: 3 0x80002afe (0x000da023) mem 0x80000080 0x00000000
core   0: 0x80002b02 (0x001da223) sw      ra, 4(s11)
core   0: 3 0x80002b02 (0x001da223) mem 0x80000084 0x00000000
core   0: 0x80002b06 (0x002da423) sw      sp, 8(s11)
core   0: 3 0x80002b06 (0x002da423) mem 0x80000088 0x00000000
core   0: 0x80002b0a (0x003da623) sw      gp, 12(s11)
core   0: 3 0x80002b0a (0x003da623) mem 0x8000008c 0x80000000
core   0: 0x80002b0e (0x004da823) sw      tp, 16(s11)
core   0: 3 0x80002b0e (0x004da823) mem 0x80000090 0xffffffff
core   0: 0x80002b12 (0x005daa23) sw      t0, 20(s11)
core   0: 3 0x80002b12 (0x005daa23) mem 0x80000094 0x00000000
core   0: 0x80002b16 (0x006dac23) sw      t1, 24(s11)
core   0: 3 0x80002b16 (0x006dac23) mem 0x80000098 0xffffe000
core   0: 0x80002b1a (0x007dae23) sw      t2, 28(s11)
core   0: 3 0x80002b1a (0x007dae23) mem 0x8000009c 0xffffffff
core   0: 0x80002b1e (0x028da023) sw      s0, 32(s11)
core   0: 3 0x80002b1e (0x028da023) mem 0x800000a0 0x7ffe0140
core   0: 0x80002b22 (0x029da223) sw      s1, 36(s11)
core   0: 3 0x80002b22 (0x029da223) mem 0x800000a4 0x00000000
core   0: 0x80002b26 (0x02ada423) sw      a0, 40(s11)
core   0: 3 0x80002b26 (0x02ada423) mem 0x800000a8 0x00025ce4
core   0: 0x80002b2a (0x02bda623) sw      a1, 44(s11)
core   0: 3 0x80002b2a (0x02bda623) mem 0x800000ac 0x8000036a
core   0: 0x80002b2e (0x02cda823) sw      a2, 48(s11)
core   0: 3 0x80002b2e (0x02cda823) mem 0x800000b0 0x00000000
core   0: 0x80002b32 (0x02ddaa23) sw      a3, 52(s11)
core   0: 3 0x80002b32 (0x02ddaa23) mem 0x800000b4 0x80025c60
core   0: 0x80002b36 (0x02edac23) sw      a4, 56(s11)
core   0: 3 0x80002b36 (0x02edac23) mem 0x800000b8 0x7ffda31b
core   0: 0x80002b3a (0x02fdae23) sw      a5, 60(s11)
core   0: 3 0x80002b3a (0x02fdae23) mem 0x800000bc 0xfffffa38
core   0: 0x80002b3e (0x050da023) sw      a6, 64(s11)
core   0: 3 0x80002b3e (0x050da023) mem 0x800000c0 0x00000001
core   0: 0x80002b42 (0x051da223) sw      a7, 68(s11)
core   0: 3 0x80002b42 (0x051da223) mem 0x800000c4 0x00000000
core   0: 0x80002b46 (0x052da423) sw      s2, 72(s11)
core   0: 3 0x80002b46 (0x052da423) mem 0x800000c8 0x80000000
core   0: 0x80002b4a (0x053da623) sw      s3, 76(s11)
core   0: 3 0x80002b4a (0x053da623) mem 0x800000cc 0x247fa134
core   0: 0x80002b4e (0x054da823) sw      s4, 80(s11)
core   0: 3 0x80002b4e (0x054da823) mem 0x800000d0 0x80000000
core   0: 0x80002b52 (0x055daa23) sw      s5, 84(s11)
core   0: 3 0x80002b52 (0x055daa23) mem 0x800000d4 0x0076a5e0
core   0: 0x80002b56 (0x056dac23) sw      s6, 88(s11)
core   0: 3 0x80002b56 (0x056dac23) mem 0x800000d8 0x80025864
core   0: 0x80002b5a (0x057dae23) sw      s7, 92(s11)
core   0: 3 0x80002b5a (0x057dae23) mem 0x800000dc 0x80025c60
core   0: 0x80002b5e (0x078da023) sw      s8, 96(s11)
core   0: 3 0x80002b5e (0x078da023) mem 0x800000e0 0x00000000
core   0: 0x80002b62 (0x079da223) sw      s9, 100(s11)
core   0: 3 0x80002b62 (0x079da223) mem 0x800000e4 0x00025a92
core   0: 0x80002b66 (0x07ada423) sw      s10, 104(s11)
core   0: 3 0x80002b66 (0x07ada423) mem 0x800000e8 0x8ffffffc
core   0: 0x80002b6a (0x07bda623) sw      s11, 108(s11)
core   0: 3 0x80002b6a (0x07bda623) mem 0x800000ec 0x80000080
core   0: 0x80002b6e (0x07cda823) sw      t3, 112(s11)
core   0: 3 0x80002b6e (0x07cda823) mem 0x800000f0 0x007b7841
core   0: 0x80002b72 (0x07ddaa23) sw      t4, 116(s11)
core   0: 3 0x80002b72 (0x07ddaa23) mem 0x800000f4 0x00000000
core   0: 0x80002b76 (0x07edac23) sw      t5, 120(s11)
core   0: 3 0x80002b76 (0x07edac23) mem 0x800000f8 0x092492b6
core   0: 0x80002b7a (0x07fdae23) sw      t6, 124(s11)
core   0: 3 0x80002b7a (0x07fdae23) mem 0x800000fc 0x092492b6
core   0: 0x80002b7e (0x34102df3) csrr    s11, mepc
core   0: 3 0x80002b7e (0x34102df3) x27 0x8000037a
core   0: 0x80002b82 (0x00000d91) c.addi  s11, 4
core   0: 3 0x80002b82 (0x0d91) x27 0x8000037e
core   0: 0x80002b84 (0x341d9073) csrw    mepc, s11
core   0: 3 0x80002b84 (0x341d9073) c833_mepc 0x8000037e
core   0: 0x80002b88 (0x30200073) mret
core   0: 3 0x80002b88 (0x30200073) c768_mstatus 0x00000080
core   0: 0x8000037e (0x90000d37) lui     s10, 0x90000
core   0: 0 0x8000037e (0x90000d37) x26 0x90000000
core   0: 0x80000382 (0x00001d61) c.addi  s10, -8
core   0: 0 0x80000382 (0x1d61) x26 0x8ffffff8
core   0: 0x80000384 (0x00004d85) c.li    s11, 1
core   0: 0 0x80000384 (0x4d85) x27 0x00000001
core   0: 0x80000386 (0x00000da2) c.slli  s11, 8
core   0: 0 0x80000386 (0x0da2) x27 0x00000100
core   0: 0x80000388 (0x00000d85) c.addi  s11, 1
core   0: 0 0x80000388 (0x0d85) x27 0x00000101
core   0: 0x8000038a (0x01bd2023) sw      s11, 0(s10)
core   0: 0 0x8000038a (0x01bd2023) mem 0x8ffffff8 0x00000101
core   0: 0x8000038e (0x00000073) ecall
core   0: exception trap_user_ecall, epc 0x8000038e
core   0: 0x80002700 (0x0800006f) j       pc + 0x80
core   0: 3 0x80002700 (0x0800006f)
core   0: 0x80002780 (0x000016f1) c.addi  a3, -4
core   0: 3 0x80002780 (0x16f1) x13 0x80025c5c
core   0: 0x80002782 (0x0176a023) sw      s7, 0(a3)
core   0: 3 0x80002782 (0x0176a023) mem 0x80025c5c 0x80025c60
core   0: 0x80002786 (0x00068bb3) add     s7, a3, zero
core   0: 3 0x80002786 (0x00068bb3) x23 0x80025c5c
core   0: 0x8000278a (0xf80b8b93) addi    s7, s7, -128
core   0: 3 0x8000278a (0xf80b8b93) x23 0x80025bdc
