Time	Cycle	PC	Insn	Decoded instruction	Register and memory contents
        1055000	         6	80000080	40001637	lui	x12,0x40001	 x12=0x40001000
        1065000	         7	80000084	10660613	addi	x12,x12,262	 x12:0x40001000 x12=0x40001106
        1075000	         8	80000088	30161073	csrrw	x0,misa,x12	 x12:0x40001106  x0=0x00000000
        1105000	        11	8000008c	00024c97	auipc	x25,0x24	 x25=0x8002408c
        1115000	        12	80000090	c58c8c93	addi	x25,x25,-936	 x25:0x8002408c x25=0x80023ce4
        1125000	        13	80000094	00002617	auipc	x12,0x2	 x12=0x80002094
        1135000	        14	80000098	66c60613	addi	x12,x12,1644	 x12:0x80002094 x12=0x80002700
        1145000	        15	8000009c	00166613	ori	x12,x12,1	 x12:0x80002700 x12=0x80002701
        1155000	        16	800000a0	30561073	csrrw	x0,mtvec,x12	 x12:0x80002701  x0=0x00000000
        1185000	        19	800000a4	74725073	csrrwi	x0,0x747,4	  x0=0x00000000
        1215000	        22	800000a8	00003417	auipc	x8,0x3	  x8=0x800030a8
        1225000	        23	800000ac	3cc40413	addi	x8,x8,972	  x8:0x800030a8  x8=0x80003474
        1235000	        24	800000b0	4601	c.li	x12,0	 x12=0x00000000
        1245000	        25	800000b2	9432	c.add	x8,x12	  x8:0x80003474 x12:0x00000000  x8=0x80003474
        1255000	        26	800000b4	8009	c.srli	x8,0x2	  x8:0x80003474  x8=0x20000d1d
        1265000	        27	800000b6	3b041073	csrrw	x0,pmpaddr0,x8	  x8:0x20000d1d  x0=0x00000000
        1295000	        30	800000ba	00003417	auipc	x8,0x3	  x8=0x800030ba
        1305000	        31	800000be	3ba40413	addi	x8,x8,954	  x8:0x800030ba  x8=0x80003474
        1315000	        32	800000c2	11111637	lui	x12,0x11111	 x12=0x11111000
        1325000	        33	800000c6	11160613	addi	x12,x12,273	 x12:0x11111000 x12=0x11111111
        1335000	        34	800000ca	9432	c.add	x8,x12	  x8:0x80003474 x12:0x11111111  x8=0x91114585
        1345000	        35	800000cc	8009	c.srli	x8,0x2	  x8:0x91114585  x8=0x24445161
        1355000	        36	800000ce	3b141073	csrrw	x0,pmpaddr1,x8	  x8:0x24445161  x0=0x00000000
        1385000	        39	800000d2	00003417	auipc	x8,0x3	  x8=0x800030d2
        1395000	        40	800000d6	3a240413	addi	x8,x8,930	  x8:0x800030d2  x8=0x80003474
        1405000	        41	800000da	22222637	lui	x12,0x22222	 x12=0x22222000
        1415000	        42	800000de	22260613	addi	x12,x12,546	 x12:0x22222000 x12=0x22222222
        1425000	        43	800000e2	9432	c.add	x8,x12	  x8:0x80003474 x12:0x22222222  x8=0xa2225696
        1435000	        44	800000e4	8009	c.srli	x8,0x2	  x8:0xa2225696  x8=0x288895a5
        1445000	        45	800000e6	3b241073	csrrw	x0,pmpaddr2,x8	  x8:0x288895a5  x0=0x00000000
        1475000	        48	800000ea	00003417	auipc	x8,0x3	  x8=0x800030ea
        1485000	        49	800000ee	38a40413	addi	x8,x8,906	  x8:0x800030ea  x8=0x80003474
        1495000	        50	800000f2	33333637	lui	x12,0x33333	 x12=0x33333000
        1505000	        51	800000f6	33360613	addi	x12,x12,819	 x12:0x33333000 x12=0x33333333
        1515000	        52	800000fa	9432	c.add	x8,x12	  x8:0x80003474 x12:0x33333333  x8=0xb33367a7
        1525000	        53	800000fc	8009	c.srli	x8,0x2	  x8:0xb33367a7  x8=0x2cccd9e9
        1535000	        54	800000fe	3b341073	csrrw	x0,pmpaddr3,x8	  x8:0x2cccd9e9  x0=0x00000000
        1565000	        57	80000102	0f0f1437	lui	x8,0xf0f1	  x8=0x0f0f1000
        1575000	        58	80000106	f0f40413	addi	x8,x8,-241	  x8:0x0f0f1000  x8=0x0f0f0f0f
        1585000	        59	8000010a	3a041073	csrrw	x0,pmpcfg0,x8	  x8:0x0f0f0f0f  x0=0x00000000
        1615000	        62	8000010e	00003417	auipc	x8,0x3	  x8=0x8000310e
        1625000	        63	80000112	36640413	addi	x8,x8,870	  x8:0x8000310e  x8=0x80003474
        1635000	        64	80000116	44444637	lui	x12,0x44444	 x12=0x44444000
        1645000	        65	8000011a	44460613	addi	x12,x12,1092	 x12:0x44444000 x12=0x44444444
        1655000	        66	8000011e	9432	c.add	x8,x12	  x8:0x80003474 x12:0x44444444  x8=0xc44478b8
        1665000	        67	80000120	8009	c.srli	x8,0x2	  x8:0xc44478b8  x8=0x31111e2e
        1675000	        68	80000122	3b441073	csrrw	x0,pmpaddr4,x8	  x8:0x31111e2e  x0=0x00000000
        1705000	        71	80000126	00003417	auipc	x8,0x3	  x8=0x80003126
        1715000	        72	8000012a	34e40413	addi	x8,x8,846	  x8:0x80003126  x8=0x80003474
        1725000	        73	8000012e	55555637	lui	x12,0x55555	 x12=0x55555000
        1735000	        74	80000132	55560613	addi	x12,x12,1365	 x12:0x55555000 x12=0x55555555
        1745000	        75	80000136	9432	c.add	x8,x12	  x8:0x80003474 x12:0x55555555  x8=0xd55589c9
        1755000	        76	80000138	8009	c.srli	x8,0x2	  x8:0xd55589c9  x8=0x35556272
        1765000	        77	8000013a	3b541073	csrrw	x0,pmpaddr5,x8	  x8:0x35556272  x0=0x00000000
        1795000	        80	8000013e	00003417	auipc	x8,0x3	  x8=0x8000313e
        1805000	        81	80000142	33640413	addi	x8,x8,822	  x8:0x8000313e  x8=0x80003474
        1815000	        82	80000146	66666637	lui	x12,0x66666	 x12=0x66666000
        1825000	        83	8000014a	66660613	addi	x12,x12,1638	 x12:0x66666000 x12=0x66666666
        1835000	        84	8000014e	9432	c.add	x8,x12	  x8:0x80003474 x12:0x66666666  x8=0xe6669ada
        1845000	        85	80000150	8009	c.srli	x8,0x2	  x8:0xe6669ada  x8=0x3999a6b6
        1855000	        86	80000152	3b641073	csrrw	x0,pmpaddr6,x8	  x8:0x3999a6b6  x0=0x00000000
        1885000	        89	80000156	00003417	auipc	x8,0x3	  x8=0x80003156
        1895000	        90	8000015a	31e40413	addi	x8,x8,798	  x8:0x80003156  x8=0x80003474
        1905000	        91	8000015e	77777637	lui	x12,0x77777	 x12=0x77777000
        1915000	        92	80000162	77760613	addi	x12,x12,1911	 x12:0x77777000 x12=0x77777777
        1925000	        93	80000166	9432	c.add	x8,x12	  x8:0x80003474 x12:0x77777777  x8=0xf777abeb
        1935000	        94	80000168	8009	c.srli	x8,0x2	  x8:0xf777abeb  x8=0x3dddeafa
        1945000	        95	8000016a	3b741073	csrrw	x0,pmpaddr7,x8	  x8:0x3dddeafa  x0=0x00000000
        1975000	        98	8000016e	0f0f1437	lui	x8,0xf0f1	  x8=0x0f0f1000
        1985000	        99	80000172	f0f40413	addi	x8,x8,-241	  x8:0x0f0f1000  x8=0x0f0f0f0f
        1995000	       100	80000176	3a141073	csrrw	x0,pmpcfg1,x8	  x8:0x0f0f0f0f  x0=0x00000000
        2025000	       103	8000017a	00003417	auipc	x8,0x3	  x8=0x8000317a
        2035000	       104	8000017e	2fa40413	addi	x8,x8,762	  x8:0x8000317a  x8=0x80003474
        2045000	       105	80000182	88889637	lui	x12,0x88889	 x12=0x88889000
        2055000	       106	80000186	88860613	addi	x12,x12,-1912	 x12:0x88889000 x12=0x88888888
        2065000	       107	8000018a	9432	c.add	x8,x12	  x8:0x80003474 x12:0x88888888  x8=0x0888bcfc
        2075000	       108	8000018c	8009	c.srli	x8,0x2	  x8:0x0888bcfc  x8=0x02222f3f
        2085000	       109	8000018e	3b841073	csrrw	x0,pmpaddr8,x8	  x8:0x02222f3f  x0=0x00000000
        2115000	       112	80000192	00003417	auipc	x8,0x3	  x8=0x80003192
        2125000	       113	80000196	2e240413	addi	x8,x8,738	  x8:0x80003192  x8=0x80003474
        2135000	       114	8000019a	9999a637	lui	x12,0x9999a	 x12=0x9999a000
        2145000	       115	8000019e	99960613	addi	x12,x12,-1639	 x12:0x9999a000 x12=0x99999999
        2155000	       116	800001a2	9432	c.add	x8,x12	  x8:0x80003474 x12:0x99999999  x8=0x1999ce0d
        2165000	       117	800001a4	8009	c.srli	x8,0x2	  x8:0x1999ce0d  x8=0x06667383
        2175000	       118	800001a6	3b941073	csrrw	x0,pmpaddr9,x8	  x8:0x06667383  x0=0x00000000
        2205000	       121	800001aa	00003417	auipc	x8,0x3	  x8=0x800031aa
        2215000	       122	800001ae	2ca40413	addi	x8,x8,714	  x8:0x800031aa  x8=0x80003474
        2225000	       123	800001b2	aaaab637	lui	x12,0xaaaab	 x12=0xaaaab000
        2235000	       124	800001b6	aaa60613	addi	x12,x12,-1366	 x12:0xaaaab000 x12=0xaaaaaaaa
        2245000	       125	800001ba	9432	c.add	x8,x12	  x8:0x80003474 x12:0xaaaaaaaa  x8=0x2aaadf1e
        2255000	       126	800001bc	8009	c.srli	x8,0x2	  x8:0x2aaadf1e  x8=0x0aaab7c7
        2265000	       127	800001be	3ba41073	csrrw	x0,pmpaddr10,x8	  x8:0x0aaab7c7  x0=0x00000000
        2295000	       130	800001c2	00003417	auipc	x8,0x3	  x8=0x800031c2
        2305000	       131	800001c6	2b240413	addi	x8,x8,690	  x8:0x800031c2  x8=0x80003474
        2315000	       132	800001ca	bbbbc637	lui	x12,0xbbbbc	 x12=0xbbbbc000
        2325000	       133	800001ce	bbb60613	addi	x12,x12,-1093	 x12:0xbbbbc000 x12=0xbbbbbbbb
        2335000	       134	800001d2	9432	c.add	x8,x12	  x8:0x80003474 x12:0xbbbbbbbb  x8=0x3bbbf02f
        2345000	       135	800001d4	8009	c.srli	x8,0x2	  x8:0x3bbbf02f  x8=0x0eeefc0b
        2355000	       136	800001d6	3bb41073	csrrw	x0,pmpaddr11,x8	  x8:0x0eeefc0b  x0=0x00000000
        2385000	       139	800001da	0f0f1437	lui	x8,0xf0f1	  x8=0x0f0f1000
        2395000	       140	800001de	f0f40413	addi	x8,x8,-241	  x8:0x0f0f1000  x8=0x0f0f0f0f
        2405000	       141	800001e2	3a241073	csrrw	x0,pmpcfg2,x8	  x8:0x0f0f0f0f  x0=0x00000000
        2435000	       144	800001e6	00003417	auipc	x8,0x3	  x8=0x800031e6
        2445000	       145	800001ea	28e40413	addi	x8,x8,654	  x8:0x800031e6  x8=0x80003474
        2455000	       146	800001ee	ccccd637	lui	x12,0xccccd	 x12=0xccccd000
        2465000	       147	800001f2	ccc60613	addi	x12,x12,-820	 x12:0xccccd000 x12=0xcccccccc
        2475000	       148	800001f6	9432	c.add	x8,x12	  x8:0x80003474 x12:0xcccccccc  x8=0x4ccd0140
        2485000	       149	800001f8	8009	c.srli	x8,0x2	  x8:0x4ccd0140  x8=0x13334050
        2495000	       150	800001fa	3bc41073	csrrw	x0,pmpaddr12,x8	  x8:0x13334050  x0=0x00000000
        2525000	       153	800001fe	00003417	auipc	x8,0x3	  x8=0x800031fe
        2535000	       154	80000202	27640413	addi	x8,x8,630	  x8:0x800031fe  x8=0x80003474
        2545000	       155	80000206	dddde637	lui	x12,0xdddde	 x12=0xdddde000
        2555000	       156	8000020a	ddd60613	addi	x12,x12,-547	 x12:0xdddde000 x12=0xdddddddd
        2565000	       157	8000020e	9432	c.add	x8,x12	  x8:0x80003474 x12:0xdddddddd  x8=0x5dde1251
        2575000	       158	80000210	8009	c.srli	x8,0x2	  x8:0x5dde1251  x8=0x17778494
        2585000	       159	80000212	3bd41073	csrrw	x0,pmpaddr13,x8	  x8:0x17778494  x0=0x00000000
        2615000	       162	80000216	00003417	auipc	x8,0x3	  x8=0x80003216
        2625000	       163	8000021a	25e40413	addi	x8,x8,606	  x8:0x80003216  x8=0x80003474
        2635000	       164	8000021e	eeeef637	lui	x12,0xeeeef	 x12=0xeeeef000
        2645000	       165	80000222	eee60613	addi	x12,x12,-274	 x12:0xeeeef000 x12=0xeeeeeeee
        2655000	       166	80000226	9432	c.add	x8,x12	  x8:0x80003474 x12:0xeeeeeeee  x8=0x6eef2362
        2665000	       167	80000228	8009	c.srli	x8,0x2	  x8:0x6eef2362  x8=0x1bbbc8d8
        2675000	       168	8000022a	3be41073	csrrw	x0,pmpaddr14,x8	  x8:0x1bbbc8d8  x0=0x00000000
        2705000	       171	8000022e	00003417	auipc	x8,0x3	  x8=0x8000322e
        2715000	       172	80000232	24640413	addi	x8,x8,582	  x8:0x8000322e  x8=0x80003474
        2725000	       173	80000236	fff00613	addi	x12,x0,-1	  x0:0x00000000 x12=0xffffffff
        2735000	       174	8000023a	9432	c.add	x8,x12	  x8:0x80003474 x12:0xffffffff  x8=0x80003473
        2745000	       175	8000023c	8009	c.srli	x8,0x2	  x8:0x80003473  x8=0x20000d1c
        2755000	       176	8000023e	3bf41073	csrrw	x0,pmpaddr15,x8	  x8:0x20000d1c  x0=0x00000000
        2785000	       179	80000242	0f0f1437	lui	x8,0xf0f1	  x8=0x0f0f1000
        2795000	       180	80000246	f0f40413	addi	x8,x8,-241	  x8:0x0f0f1000  x8=0x0f0f0f0f
        2805000	       181	8000024a	3a341073	csrrw	x0,pmpcfg3,x8	  x8:0x0f0f0f0f  x0=0x00000000
        2835000	       184	8000024e	00000617	auipc	x12,0x0	 x12=0x8000024e
        2845000	       185	80000252	05860613	addi	x12,x12,88	 x12:0x8000024e x12=0x800002a6
        2855000	       186	80000256	34161073	csrrw	x0,mepc,x12	 x12:0x800002a6  x0=0x00000000
        2865000	       187	8000025a	7c00d073	csrrwi	x0,0x7c0,1	  x0=0x00000000
        2895000	       190	8000025e	6609	c.lui	x12,0x2	 x12=0x00002000
        2905000	       191	80000260	80060613	addi	x12,x12,-2048	 x12:0x00002000 x12=0x00001800
        2915000	       192	80000264	30061073	csrrw	x0,mstatus,x12	 x12:0x00001800  x0=0x00000000
        2945000	       195	80000268	4601	c.li	x12,0	 x12=0x00000000
        2955000	       196	8000026a	30461073	csrrw	x0,mie,x12	 x12:0x00000000  x0=0x00000000
        2985000	       199	8000026e	90000b37	lui	x22,0x90000	 x22=0x90000000
        2995000	       200	80000272	1b71	c.addi	x22,-4	 x22:0x90000000 x22=0x8ffffffc
        3005000	       201	80000274	30000613	addi	x12,x0,768	  x0:0x00000000 x12=0x00000300
        3015000	       202	80000278	0622	c.slli	x12,0x8	 x12:0x00000300 x12=0x00030000
        3025000	       203	8000027a	060d	c.addi	x12,3	 x12:0x00030000 x12=0x00030003
        3035000	       204	8000027c	00cb2023	sw	x12,0(x22)	 x22:0x8ffffffc x12:0x00030003 PA:0x8ffffffc store:0x00030003 load:0x00000000
        3045000	       205	80000280	30002673	csrrs	x12,mstatus,x0	  x0:0x00000000 x12=0x00001800
        3055000	       206	80000284	00cb2023	sw	x12,0(x22)	 x22:0x8ffffffc x12:0x00001800 PA:0x8ffffffc store:0x00001800 load:0x00000000
        3065000	       207	80000288	90000b37	lui	x22,0x90000	 x22=0x90000000
        3075000	       208	8000028c	1b71	c.addi	x22,-4	 x22:0x90000000 x22=0x8ffffffc
        3085000	       209	8000028e	30400613	addi	x12,x0,772	  x0:0x00000000 x12=0x00000304
        3095000	       210	80000292	0622	c.slli	x12,0x8	 x12:0x00000304 x12=0x00030400
        3105000	       211	80000294	060d	c.addi	x12,3	 x12:0x00030400 x12=0x00030403
        3115000	       212	80000296	00cb2023	sw	x12,0(x22)	 x22:0x8ffffffc x12:0x00030403 PA:0x8ffffffc store:0x00030403 load:0x00000000
        3125000	       213	8000029a	30402673	csrrs	x12,mie,x0	  x0:0x00000000 x12=0x00000000
        3135000	       214	8000029e	00cb2023	sw	x12,0(x22)	 x22:0x8ffffffc x12:0x00000000 PA:0x8ffffffc store:0x00000000 load:0x00000000
        3145000	       215	800002a2	30200073	mret	
        3185000	       219	800002a6	cdc0a037	lui	x0,0xcdc0a	  x0=0x00000000
        3195000	       220	800002aa	ec900013	addi	x0,x0,-311	  x0:0x00000000  x0=0x00000000
        3205000	       221	800002ae	800000b7	lui	x1,0x80000	  x1=0x80000000
        3215000	       222	800002b2	80000137	lui	x2,0x80000	  x2=0x80000000
        3225000	       223	800002b6	fff6f1b7	lui	x3,0xfff6f	  x3=0xfff6f000
        3235000	       224	800002ba	beb18193	addi	x3,x3,-1045	  x3:0xfff6f000  x3=0xfff6ebeb
        3245000	       225	800002be	420d	c.li	x4,3	  x4=0x00000003
        3255000	       226	800002c0	4281	c.li	x5,0	  x5=0x00000000
        3265000	       227	800002c2	80000337	lui	x6,0x80000	  x6=0x80000000
        3275000	       228	800002c6	faeba3b7	lui	x7,0xfaeba	  x7=0xfaeba000
        3285000	       229	800002ca	c0938393	addi	x7,x7,-1015	  x7:0xfaeba000  x7=0xfaeb9c09
        3295000	       230	800002ce	4411	c.li	x8,4	  x8=0x00000004
        3305000	       231	800002d0	4499	c.li	x9,6	  x9=0x00000006
        3315000	       232	800002d2	ff3c4537	lui	x10,0xff3c4	 x10=0xff3c4000
        3325000	       233	800002d6	09b50513	addi	x10,x10,155	 x10:0xff3c4000 x10=0xff3c409b
        3335000	       234	800002da	f8f265b7	lui	x11,0xf8f26	 x11=0xf8f26000
        3345000	       235	800002de	25c58593	addi	x11,x11,604	 x11:0xf8f26000 x11=0xf8f2625c
        3355000	       236	800002e2	80000637	lui	x12,0x80000	 x12=0x80000000
        3365000	       237	800002e6	46ad	c.li	x13,11	 x13=0x0000000b
        3375000	       238	800002e8	7f8da737	lui	x14,0x7f8da	 x14=0x7f8da000
        3385000	       239	800002ec	33470713	addi	x14,x14,820	 x14:0x7f8da000 x14=0x7f8da334
        3395000	       240	800002f0	fd2187b7	lui	x15,0xfd218	 x15=0xfd218000
        3405000	       241	800002f4	87b78793	addi	x15,x15,-1925	 x15:0xfd218000 x15=0xfd21787b
        3415000	       242	800002f8	4801	c.li	x16,0	 x16=0x00000000
        3425000	       243	800002fa	489d	c.li	x17,7	 x17=0x00000007
        3435000	       244	800002fc	4911	c.li	x18,4	 x18=0x00000004
        3445000	       245	800002fe	f15b6a37	lui	x20,0xf15b6	 x20=0xf15b6000
        3455000	       246	80000302	b64a0a13	addi	x20,x20,-1180	 x20:0xf15b6000 x20=0xf15b5b64
        3465000	       247	80000306	f2d69ab7	lui	x21,0xf2d69	 x21=0xf2d69000
        3475000	       248	8000030a	361a8a93	addi	x21,x21,865	 x21:0xf2d69000 x21=0xf2d69361
        3485000	       249	8000030e	4b01	c.li	x22,0	 x22=0x00000000
        3495000	       250	80000310	8fde9bb7	lui	x23,0x8fde9	 x23=0x8fde9000
        3505000	       251	80000314	a6fb8b93	addi	x23,x23,-1425	 x23:0x8fde9000 x23=0x8fde8a6f
        3515000	       252	80000318	4c09	c.li	x24,2	 x24=0x00000002
        3525000	       253	8000031a	7576bd37	lui	x26,0x7576b	 x26=0x7576b000
        3535000	       254	8000031e	d53d0d13	addi	x26,x26,-685	 x26:0x7576b000 x26=0x7576ad53
        3545000	       255	80000322	80000db7	lui	x27,0x80000	 x27=0x80000000
        3555000	       256	80000326	4e01	c.li	x28,0	 x28=0x00000000
        3565000	       257	80000328	d947feb7	lui	x29,0xd947f	 x29=0xd947f000
        3575000	       258	8000032c	9b5e8e93	addi	x29,x29,-1611	 x29:0xd947f000 x29=0xd947e9b5
        3585000	       259	80000330	4f2d	c.li	x30,11	 x30=0x0000000b
        3595000	       260	80000332	4f8d	c.li	x31,3	 x31=0x00000003
        3605000	       261	80000334	00020997	auipc	x19,0x20	 x19=0x80020334
        3615000	       262	80000338	b3098993	addi	x19,x19,-1232	 x19:0x80020334 x19=0x8001fe64
        3625000	       263	8000033c	90000b37	lui	x22,0x90000	 x22=0x90000000
        3635000	       264	80000340	1b71	c.addi	x22,-4	 x22:0x90000000 x22=0x8ffffffc
        3645000	       265	80000342	4601	c.li	x12,0	 x12=0x00000000
        3655000	       266	80000344	0622	c.slli	x12,0x8	 x12:0x00000000 x12=0x00000000
        3665000	       267	80000346	00060613	addi	x12,x12,0	 x12:0x00000000 x12=0x00000000
        3675000	       268	8000034a	00cb2023	sw	x12,0(x22)	 x22:0x8ffffffc x12:0x00000000 PA:0x8ffffffc store:0x00000000 load:0x00000000
        3685000	       269	8000034e	1260306f	jal	x0,80003474	  x0=0x00000000
        3705000	       271	80003474	038000ef	jal	x1,800034ac	  x1=0x80003478
        3725000	       273	800034ac	012000ef	jal	x1,800034be	  x1=0x800034b0
        3745000	       275	800034be	b7c9	c.j	80003480	
        3765000	       277	80003480	200d	c.jal	800034a2	  x1=0x80003482
        3785000	       279	800034a2	3ff5	c.jal	8000349e	  x1=0x800034a4
        3815000	       282	8000349e	01200aef	jal	x21,800034b0	 x21=0x800034a2
        3835000	       284	800034b0	37f5	c.jal	8000349c	  x1=0x800034b2
        3855000	       286	8000349c	bfd5	c.j	80003490	
        3875000	       288	80003490	00a0026f	jal	x4,8000349a	  x4=0x80003494
        3895000	       290	8000349a	a029	c.j	800034a4	
        3915000	       292	800034a4	bfe1	c.j	8000347c	
        3935000	       294	8000347c	a02d	c.j	800034a6	
        3965000	       297	800034a6	fe1ff0ef	jal	x1,80003486	  x1=0x800034aa
        3995000	       300	80003486	012000ef	jal	x1,80003498	  x1=0x8000348a
        4015000	       302	80003498	a809	c.j	800034aa	
        4035000	       304	800034aa	37c5	c.jal	8000348a	  x1=0x800034ac
        4055000	       306	8000348a	2025	c.jal	800034b2	  x1=0x8000348c
        4075000	       308	800034b2	2011	c.jal	800034b6	  x1=0x800034b4
        4105000	       311	800034b6	fd7ff0ef	jal	x1,8000348c	  x1=0x800034ba
        4125000	       313	8000348c	2805	c.jal	800034bc	  x1=0x8000348e
        4145000	       315	800034bc	bfc9	c.j	8000348e	
        4165000	       317	8000348e	201d	c.jal	800034b4	  x1=0x80003490
        4185000	       319	800034b4	2019	c.jal	800034ba	  x1=0x800034b6
        4205000	       321	800034ba	3fe9	c.jal	80003494	  x1=0x800034bc
        4225000	       323	80003494	fe5ff0ef	jal	x1,80003478	  x1=0x80003498
        4245000	       325	80003478	00a007ef	jal	x15,80003482	 x15=0x8000347c
        4275000	       328	80003482	ffdff0ef	jal	x1,8000347e	  x1=0x80003486
        4295000	       330	8000347e	a089	c.j	800034c0	
        4335000	       334	800034c0	02260db3	mul	x27,x12,x2	 x12:0x00000000  x2:0x80000000 x27=0x00000000
        4345000	       335	800034c4	034000ef	jal	x1,800034f8	  x1=0x800034c8
        4365000	       337	800034f8	ff9ffbef	jal	x23,800034f0	 x23=0x800034fc
        4385000	       339	800034f0	fefffdef	jal	x27,800034de	 x27=0x800034f4
        4405000	       341	800034de	2025	c.jal	80003506	  x1=0x800034e0
        4435000	       344	80003506	fe7ff0ef	jal	x1,800034ec	  x1=0x8000350a
        4455000	       346	800034ec	ff9ff7ef	jal	x15,800034e4	 x15=0x800034f0
        4475000	       348	800034e4	01c0036f	jal	x6,80003500	  x6=0x800034e8
        4495000	       350	80003500	b7e1	c.j	800034c8	
        4515000	       352	800034c8	282d	c.jal	80003502	  x1=0x800034ca
        4535000	       354	80003502	bfd9	c.j	800034d8	
        4555000	       356	800034d8	004000ef	jal	x1,800034dc	  x1=0x800034dc
        4575000	       358	800034dc	b7fd	c.j	800034ca	
        4595000	       360	800034ca	2009	c.jal	800034cc	  x1=0x800034cc
        4615000	       362	800034cc	0320016f	jal	x2,800034fe	  x2=0x800034d0
        4635000	       364	800034fe	2019	c.jal	80003504	  x1=0x80003500
        4655000	       366	80003504	a019	c.j	8000350a	
        4675000	       368	8000350a	37e9	c.jal	800034d4	  x1=0x8000350c
        4695000	       370	800034d4	014000ef	jal	x1,800034e8	  x1=0x800034d8
        4715000	       372	800034e8	fe9ff86f	jal	x16,800034d0	 x16=0x800034ec
        4735000	       374	800034d0	0100056f	jal	x10,800034e0	 x10=0x800034d4
        4755000	       376	800034e0	0160036f	jal	x6,800034f6	  x6=0x800034e4
        4775000	       378	800034f6	bffd	c.j	800034f4	
        4795000	       380	800034f4	a821	c.j	8000350c	
        4815000	       382	8000350c	ff1ff36f	jal	x6,800034fc	  x6=0x80003510
        4835000	       384	800034fc	a811	c.j	80003510	
        4855000	       386	80003510	5d7d	c.li	x26,-1	 x26=0xffffffff
        4865000	       387	80003512	030000ef	jal	x1,80003542	  x1=0x80003516
        4895000	       390	80003542	fe7ff0ef	jal	x1,80003528	  x1=0x80003546
        4915000	       392	80003528	bfc5	c.j	80003518	
        4935000	       394	80003518	a005	c.j	80003538	
        4955000	       396	80003538	b7cd	c.j	8000351a	
        4975000	       398	8000351a	2009	c.jal	8000351c	  x1=0x8000351c
        4995000	       400	8000351c	a029	c.j	80003526	
        5015000	       402	80003526	a005	c.j	80003546	
        5035000	       404	80003546	b7dd	c.j	8000352c	
        5055000	       406	8000352c	a019	c.j	80003532	
        5075000	       408	80003532	3ff5	c.jal	8000352e	  x1=0x80003534
        5105000	       411	8000352e	006000ef	jal	x1,80003534	  x1=0x80003532
        5125000	       413	80003534	febffaef	jal	x21,8000351e	 x21=0x80003538
        5145000	       415	8000351e	2831	c.jal	8000353a	  x1=0x80003520
        5175000	       418	8000353a	01a001ef	jal	x3,80003554	  x3=0x8000353e
        5195000	       420	80003554	b7ed	c.j	8000353e	
        5215000	       422	8000353e	2029	c.jal	80003548	  x1=0x80003540
        5235000	       424	80003548	a021	c.j	80003550	
        5255000	       426	80003550	bfe9	c.j	8000352a	
        5275000	       428	8000352a	2025	c.jal	80003552	  x1=0x8000352c
        5295000	       430	80003552	3fc1	c.jal	80003522	  x1=0x80003554
        5315000	       432	80003522	2025	c.jal	8000354a	  x1=0x80003524
        5345000	       435	8000354a	fcdff0ef	jal	x1,80003516	  x1=0x8000354e
        5365000	       437	80003516	202d	c.jal	80003540	  x1=0x80003518
        5385000	       439	80003540	37c5	c.jal	80003520	  x1=0x80003542
        5405000	       441	80003520	a03d	c.j	8000354e	
        5425000	       443	8000354e	bfd9	c.j	80003524	
        5445000	       445	80003524	a80d	c.j	80003556	
        5465000	       447	80003556	8bba	c.mv	x23,x14	  x0:0x00000000 x14:0x7f8da334 x23=0x7f8da334
        5475000	       448	80003558	004000ef	jal	x1,8000355c	  x1=0x8000355c
        5495000	       450	8000355c	a831	c.j	80003578	
        5515000	       452	80003578	bfe5	c.j	80003570	
        5535000	       454	80003570	bfcd	c.j	80003562	
        5555000	       456	80003562	2011	c.jal	80003566	  x1=0x80003564
        5585000	       459	80003566	008000ef	jal	x1,8000356e	  x1=0x8000356a
        5605000	       461	8000356e	a819	c.j	80003584	
        5625000	       463	80003584	bfe9	c.j	8000355e	
        5645000	       465	8000355e	a019	c.j	80003564	
        5665000	       467	80003564	2019	c.jal	8000356a	  x1=0x80003566
        5695000	       470	8000356a	ff7ff0ef	jal	x1,80003560	  x1=0x8000356e
        5715000	       472	80003560	2005	c.jal	80003580	  x1=0x80003562
        5735000	       474	80003580	ff3ff96f	jal	x18,80003572	 x18=0x80003584
        5765000	       477	80003572	00c000ef	jal	x1,8000357e	  x1=0x80003576
        5785000	       479	8000357e	bffd	c.j	8000357c	
        5805000	       481	8000357c	3fed	c.jal	80003576	  x1=0x8000357e
        5825000	       483	80003576	a011	c.j	8000357a	
        5845000	       485	8000357a	2031	c.jal	80003586	  x1=0x8000357c
        5865000	       487	80003586	8f65	c.and	x14,x9	 x14:0x7f8da334  x9:0x00000006 x14=0x00000004
        5875000	       488	80003588	018000ef	jal	x1,800035a0	  x1=0x8000358c
        5895000	       490	800035a0	fefff36f	jal	x6,8000358e	  x6=0x800035a4
        5915000	       492	8000358e	a025	c.j	800035b6	
        5945000	       495	800035b6	ffbff0ef	jal	x1,800035b0	  x1=0x800035ba
        5965000	       497	800035b0	bffd	c.j	800035ae	
        5985000	       499	800035ae	a039	c.j	800035bc	
        6005000	       501	800035bc	fe3ff0ef	jal	x1,8000359e	  x1=0x800035c0
        6025000	       503	8000359e	a831	c.j	800035ba	
        6045000	       505	800035ba	bfc9	c.j	8000358c	
        6065000	       507	8000358c	2025	c.jal	800035b4	  x1=0x8000358e
        6085000	       509	800035b4	b7cd	c.j	80003596	
        6115000	       512	80003596	012000ef	jal	x1,800035a8	  x1=0x8000359a
        6135000	       514	800035a8	b7e5	c.j	80003590	
        6155000	       516	80003590	2811	c.jal	800035a4	  x1=0x80003592
        6175000	       518	800035a4	3fdd	c.jal	8000359a	  x1=0x800035a6
        6205000	       521	8000359a	00c000ef	jal	x1,800035a6	  x1=0x8000359e
        6225000	       523	800035a6	b7fd	c.j	80003594	
        6245000	       525	80003594	a819	c.j	800035aa	
        6275000	       528	800035aa	fe9ff0ef	jal	x1,80003592	  x1=0x800035ae
        6295000	       530	80003592	a005	c.j	800035b2	
        6315000	       532	800035b2	a039	c.j	800035c0	
        6335000	       534	800035c0	34007df3	csrrci	x27,mscratch,0	 x27=0x00000000
        6345000	       535	800035c4	040000ef	jal	x1,80003604	  x1=0x800035c8
        6365000	       537	80003604	b7e1	c.j	800035cc	
        6385000	       539	800035cc	2021	c.jal	800035d4	  x1=0x800035ce
        6405000	       541	800035d4	028007ef	jal	x15,800035fc	 x15=0x800035d8
        6425000	       543	800035fc	3fd9	c.jal	800035d2	  x1=0x800035fe
        6445000	       545	800035d2	2029	c.jal	800035dc	  x1=0x800035d4
        6465000	       547	800035dc	fedff0ef	jal	x1,800035c8	  x1=0x800035e0
        6485000	       549	800035c8	2825	c.jal	80003600	  x1=0x800035ca
        6505000	       551	80003600	ff7ff8ef	jal	x17,800035f6	 x17=0x80003604
        6525000	       553	800035f6	bfc5	c.j	800035e6	
        6555000	       556	800035e6	018003ef	jal	x7,800035fe	  x7=0x800035ea
        6575000	       558	800035fe	3fd5	c.jal	800035f2	  x1=0x80003600
        6605000	       561	800035f2	fddff4ef	jal	x9,800035ce	  x9=0x800035f6
        6625000	       563	800035ce	2089	c.jal	80003610	  x1=0x800035d0
        6645000	       565	80003610	3fc1	c.jal	800035e0	  x1=0x80003612
        6665000	       567	800035e0	febff0ef	jal	x1,800035ca	  x1=0x800035e4
        6685000	       569	800035ca	a091	c.j	8000360e	
        6705000	       571	8000360e	b7cd	c.j	800035f0	
        6725000	       573	800035f0	a829	c.j	8000360a	
        6745000	       575	8000360a	37fd	c.jal	800035f8	  x1=0x8000360c
        6765000	       577	800035f8	a009	c.j	800035fa	
        6785000	       579	800035fa	a031	c.j	80003606	
        6815000	       582	80003606	fdfff0ef	jal	x1,800035e4	  x1=0x8000360a
        6835000	       584	800035e4	bfd5	c.j	800035d8	
        6855000	       586	800035d8	012000ef	jal	x1,800035ea	  x1=0x800035dc
        6885000	       589	800035ea	0040026f	jal	x4,800035ee	  x4=0x800035ee
        6905000	       591	800035ee	a839	c.j	8000360c	
        6925000	       593	8000360c	37d1	c.jal	800035d0	  x1=0x8000360e
        6945000	       595	800035d0	2089	c.jal	80003612	  x1=0x800035d2
        6975000	       598	80003612	007ed1b3	srl	x3,x29,x7	 x29:0xd947e9b5  x7:0x800035ea  x3=0x003651fa
        6985000	       599	80003616	014000ef	jal	x1,8000362a	  x1=0x8000361a
        7005000	       601	8000362a	3ffd	c.jal	80003628	  x1=0x8000362c
        7025000	       603	80003628	3fed	c.jal	80003622	  x1=0x8000362a
        7055000	       606	80003622	014000ef	jal	x1,80003636	  x1=0x80003626
        7075000	       608	80003636	bfc5	c.j	80003626	
        7095000	       610	80003626	bfd5	c.j	8000361a	
        7115000	       612	8000361a	200d	c.jal	8000363c	  x1=0x8000361c
        7135000	       614	8000363c	37cd	c.jal	8000361e	  x1=0x8000363e
        7165000	       617	8000361e	00e0056f	jal	x10,8000362c	 x10=0x80003622
        7185000	       619	8000362c	ff1ff96f	jal	x18,8000361c	 x18=0x80003630
        7205000	       621	8000361c	2821	c.jal	80003634	  x1=0x8000361e
        7225000	       623	80003634	bffd	c.j	80003632	
        7245000	       625	80003632	a019	c.j	80003638	
        7265000	       627	80003638	ff9ff0ef	jal	x1,80003630	  x1=0x8000363c
        7285000	       629	80003630	2039	c.jal	8000363e	  x1=0x80003632
        7305000	       631	8000363e	8649	c.srai	x12,0x12	 x12:0x00000000 x12=0x00000000
        7315000	       632	80003640	006000ef	jal	x1,80003646	  x1=0x80003644
        7335000	       634	80003646	a809	c.j	80003658	
        7355000	       636	80003658	2031	c.jal	80003664	  x1=0x8000365a
        7375000	       638	80003664	37e5	c.jal	8000364c	  x1=0x80003666
        7395000	       640	8000364c	a021	c.j	80003654	
        7415000	       642	80003654	00a000ef	jal	x1,8000365e	  x1=0x80003658
        7435000	       644	8000365e	a011	c.j	80003662	
        7455000	       646	80003662	bfe5	c.j	8000365a	
        7475000	       648	8000365a	bfc5	c.j	8000364a	
        7495000	       650	8000364a	a021	c.j	80003652	
        7515000	       652	80003652	bff5	c.j	8000364e	
        7545000	       655	8000364e	ff7ff0ef	jal	x1,80003644	  x1=0x80003652
        7565000	       657	80003644	2011	c.jal	80003648	  x1=0x80003646
        7585000	       659	80003648	2811	c.jal	8000365c	  x1=0x8000364a
        7605000	       661	8000365c	a011	c.j	80003660	
        7625000	       663	80003660	2019	c.jal	80003666	  x1=0x80003662
        7655000	       666	80003666	0ff0000f	fence	iorw,iorw	
        7665000	       667	8000366a	020000ef	jal	x1,8000368a	  x1=0x8000366e
        7685000	       669	8000368a	201d	c.jal	800036b0	  x1=0x8000368c
        7705000	       671	800036b0	fddff0ef	jal	x1,8000368c	  x1=0x800036b4
        7725000	       673	8000368c	fedff26f	jal	x4,80003678	  x4=0x80003690
        7745000	       675	80003678	00e000ef	jal	x1,80003686	  x1=0x8000367c
        7775000	       678	80003686	02e00eef	jal	x29,800036b4	 x29=0x8000368a
        7795000	       680	800036b4	b7e1	c.j	8000367c	
        7815000	       682	8000367c	a02d	c.j	800036a6	
        7835000	       684	800036a6	a009	c.j	800036a8	
        7855000	       686	800036a8	fcdff0ef	jal	x1,80003674	  x1=0x800036ac
        7875000	       688	80003674	0280036f	jal	x6,8000369c	  x6=0x80003678
        7895000	       690	8000369c	b7dd	c.j	80003682	
        7925000	       693	80003682	fedff2ef	jal	x5,8000366e	  x5=0x80003686
        7955000	       696	8000366e	036000ef	jal	x1,800036a4	  x1=0x80003672
        7975000	       698	800036a4	bffd	c.j	800036a2	
        7995000	       700	800036a2	bfcd	c.j	80003694	
        8015000	       702	80003694	00a0036f	jal	x6,8000369e	  x6=0x80003698
        8045000	       705	8000369e	fd5ff0ef	jal	x1,80003672	  x1=0x800036a2
        8065000	       707	80003672	2839	c.jal	80003690	  x1=0x80003674
        8085000	       709	80003690	a009	c.j	80003692	
        8105000	       711	80003692	b7f5	c.j	8000367e	
        8135000	       714	8000367e	01a000ef	jal	x1,80003698	  x1=0x80003682
        8155000	       716	80003698	a811	c.j	800036ac	
        8175000	       718	800036ac	fefff0ef	jal	x1,8000369a	  x1=0x800036b0
        8195000	       720	8000369a	2831	c.jal	800036b6	  x1=0x8000369c
        8225000	       723	800036b6	0ff0000f	fence	iorw,iorw	
        8235000	       724	800036ba	028000ef	jal	x1,800036e2	  x1=0x800036be
        8265000	       727	800036e2	00800def	jal	x27,800036ea	 x27=0x800036e6
        8285000	       729	800036ea	37e5	c.jal	800036d2	  x1=0x800036ec
        8305000	       731	800036d2	a009	c.j	800036d4	
        8325000	       733	800036d4	bfed	c.j	800036ce	
        8345000	       735	800036ce	bfd5	c.j	800036c2	
        8365000	       737	800036c2	2831	c.jal	800036de	  x1=0x800036c4
        8385000	       739	800036de	37ed	c.jal	800036c8	  x1=0x800036e0
        8405000	       741	800036c8	bfdd	c.j	800036be	
        8435000	       744	800036be	0280036f	jal	x6,800036e6	  x6=0x800036c2
        8465000	       747	800036e6	fdfff0ef	jal	x1,800036c4	  x1=0x800036ea
        8485000	       749	800036c4	0160016f	jal	x2,800036da	  x2=0x800036c8
        8505000	       751	800036da	2019	c.jal	800036e0	  x1=0x800036dc
        8525000	       753	800036e0	bfdd	c.j	800036d6	
        8555000	       756	800036d6	ff5ff0ef	jal	x1,800036ca	  x1=0x800036da
        8585000	       759	800036ca	006000ef	jal	x1,800036d0	  x1=0x800036ce
        8605000	       761	800036d0	2031	c.jal	800036dc	  x1=0x800036d2
        8625000	       763	800036dc	2801	c.jal	800036ec	  x1=0x800036de
        8645000	       765	800036ec	0fe1	c.addi	x31,24	 x31:0x00000003 x31=0x0000001b
        8655000	       766	800036ee	006000ef	jal	x1,800036f4	  x1=0x800036f2
        8675000	       768	800036f4	012000ef	jal	x1,80003706	  x1=0x800036f8
        8695000	       770	80003706	bfd5	c.j	800036fa	
        8725000	       773	800036fa	02a0036f	jal	x6,80003724	  x6=0x800036fe
        8745000	       775	80003724	a811	c.j	80003738	
        8765000	       777	80003738	b7d9	c.j	800036fe	
        8785000	       779	800036fe	a839	c.j	8000371c	
        8805000	       781	8000371c	006000ef	jal	x1,80003722	  x1=0x80003720
        8825000	       783	80003722	bff9	c.j	80003700	
        8845000	       785	80003700	203d	c.jal	8000372e	  x1=0x80003702
        8865000	       787	8000372e	bfcd	c.j	80003720	
        8885000	       789	80003720	a801	c.j	80003730	
        8905000	       791	80003730	fd9ff0ef	jal	x1,80003708	  x1=0x80003734
        8925000	       793	80003708	2009	c.jal	8000370a	  x1=0x8000370a
        8945000	       795	8000370a	200d	c.jal	8000372c	  x1=0x8000370c
        8965000	       797	8000372c	37e5	c.jal	80003714	  x1=0x8000372e
        8985000	       799	80003714	bffd	c.j	80003712	
        9005000	       801	80003712	37c5	c.jal	800036f2	  x1=0x80003714
        9025000	       803	800036f2	a015	c.j	80003716	
        9045000	       805	80003716	b7cd	c.j	800036f8	
        9065000	       807	800036f8	a811	c.j	8000370c	
        9085000	       809	8000370c	01a001ef	jal	x3,80003726	  x3=0x80003710
        9105000	       811	80003726	a801	c.j	80003736	
        9125000	       813	80003736	bfe9	c.j	80003710	
        9145000	       815	80003710	2015	c.jal	80003734	  x1=0x80003712
        9165000	       817	80003734	a019	c.j	8000373a	
        9185000	       819	8000373a	b7fd	c.j	80003728	
        9205000	       821	80003728	fdbff4ef	jal	x9,80003702	  x9=0x8000372c
        9235000	       824	80003702	016000ef	jal	x1,80003718	  x1=0x80003706
        9255000	       826	80003718	024000ef	jal	x1,8000373c	  x1=0x8000371c
        9275000	       828	8000373c	1e1c	c.addi4spn	x15,x2,816	 x15=0x800039f8
        9305000	       831	8000373e	02c98e33	mul	x28,x19,x12	 x19:0x8001fe64 x12:0x00000000 x28=0x00000000
        9315000	       832	80003742	34095973	csrrwi	x18,mscratch,18	 x18=0x00000000
        9325000	       833	80003746	c34db713	sltiu	x14,x27,-972	 x27:0x800036e6 x14=0x00000001
        9335000	       834	8000374a	0ff0000f	fence	iorw,iorw	
        9345000	       835	8000374e	9d5d8713	addi	x14,x27,-1579	 x27:0x800036e6 x14=0x800030bb
        9355000	       836	80003752	34045373	csrrwi	x6,mscratch,8	  x6=0x00000012
        9365000	       837	80003756	a8a03493	sltiu	x9,x0,-1398	  x0:0x00000000  x9=0x00000001
        9375000	       838	8000375a	01aa9633	sll	x12,x21,x26	 x21:0x80003538 x26:0xffffffff x12=0x00000000
        9385000	       839	8000375e	340fd073	csrrwi	x0,mscratch,31	  x0=0x00000000
        9395000	       840	80003762	0000100f	fence.i	
        9425000	       843	80003766	02d35463	bge	x6,x13,8000378e	  x6:0x00000012 x13:0x0000000b
        9455000	       846	8000378e	00d61db3	sll	x27,x12,x13	 x12:0x00000000 x13:0x0000000b x27=0x00000000
        9465000	       847	80003792	028000ef	jal	x1,800037ba	  x1=0x80003796
        9485000	       849	800037ba	3ff5	c.jal	800037b6	  x1=0x800037bc
        9515000	       852	800037b6	ffdff0ef	jal	x1,800037b2	  x1=0x800037ba
        9545000	       855	800037b2	02200fef	jal	x31,800037d4	 x31=0x800037b6
        9565000	       857	800037d4	bfc9	c.j	800037a6	
        9595000	       860	800037a6	ffbff0ef	jal	x1,800037a0	  x1=0x800037aa
        9615000	       862	800037a0	2029	c.jal	800037aa	  x1=0x800037a2
        9635000	       864	800037aa	2809	c.jal	800037bc	  x1=0x800037ac
        9655000	       866	800037bc	b7e5	c.j	800037a4	
        9675000	       868	800037a4	3fdd	c.jal	8000379a	  x1=0x800037a6
        9695000	       870	8000379a	a089	c.j	800037dc	
        9715000	       872	800037dc	37c1	c.jal	8000379c	  x1=0x800037de
        9735000	       874	8000379c	a80d	c.j	800037ce	
        9765000	       877	800037ce	fc9ff4ef	jal	x9,80003796	  x9=0x800037d2
        9785000	       879	80003796	280d	c.jal	800037c8	  x1=0x80003798
        9805000	       881	800037c8	00a0036f	jal	x6,800037d2	  x6=0x800037cc
        9825000	       883	800037d2	3ff9	c.jal	800037b0	  x1=0x800037d4
        9845000	       885	800037b0	202d	c.jal	800037da	  x1=0x800037b2
        9865000	       887	800037da	b7d1	c.j	8000379e	
        9885000	       889	8000379e	203d	c.jal	800037cc	  x1=0x800037a0
        9905000	       891	800037cc	3fdd	c.jal	800037c2	  x1=0x800037ce
        9925000	       893	800037c2	a009	c.j	800037c4	
        9945000	       895	800037c4	012000ef	jal	x1,800037d6	  x1=0x800037c8
        9975000	       898	800037d6	fe9ff1ef	jal	x3,800037be	  x3=0x800037da
       10005000	       901	800037be	fdbff96f	jal	x18,80003798	 x18=0x800037c2
       10025000	       903	80003798	2029	c.jal	800037a2	  x1=0x8000379a
       10045000	       905	800037a2	2029	c.jal	800037ac	  x1=0x800037a4
       10065000	       907	800037ac	032000ef	jal	x1,800037de	  x1=0x800037b0
       10095000	       910	800037de	017c5b33	srl	x22,x24,x23	 x24:0x00000002 x23:0x7f8da334 x22=0x00000000
       10105000	       911	800037e2	68b5	c.lui	x17,0xd	 x17=0x0000d000
       10115000	       912	800037e4	8dd5	c.or	x11,x13	 x11:0xf8f2625c x13:0x0000000b x11=0xf8f2625f
       10125000	       913	800037e6	000c6b33	or	x22,x24,x0	 x24:0x00000002  x0:0x00000000 x22=0x00000002
       10135000	       914	800037ea	9ade	c.add	x21,x23	 x21:0x80003538 x23:0x7f8da334 x21=0xff8dd86c
       10145000	       915	800037ec	019f93b3	sll	x7,x31,x25	 x31:0x800037b6 x25:0x80023ce4  x7=0x00037b60
       10515000	       952	800037f0	0360d333	divu	x6,x1,x22	  x1:0x800037b0 x22:0x00000002  x6=0x40001bd8
       10525000	       953	800037f4	4ff1	c.li	x31,28	 x31=0x0000001c
       10535000	       954	800037f6	8e9e	c.mv	x29,x7	  x0:0x00000000  x7:0x00037b60 x29=0x00037b60
       10545000	       955	800037f8	89d1	c.andi	x11,20	 x11:0xf8f2625f x11=0x00000014
       10555000	       956	800037fa	40fada13	srai	x20,x21,0xf	 x21:0xff8dd86c x20=0xffffff1b
       10565000	       957	800037fe	01635233	srl	x4,x6,x22	  x6:0x40001bd8 x22:0x00000002  x4=0x100006f6
       10575000	       958	80003802	8de9	c.and	x11,x10	 x11:0x00000014 x10:0x80003622 x11=0x00000000
       10605000	       961	80003804	03180e33	mul	x28,x16,x17	 x16:0x800034ec x17:0x0000d000 x28=0x2affc000
       10635000	       964	80003808	037380b3	mul	x1,x7,x23	  x7:0x00037b60 x23:0x7f8da334  x1=0xcc232f80
       10645000	       965	8000380c	8d91	c.sub	x11,x12	 x11:0x00000000 x12:0x00000000 x11=0x00000000
       10655000	       966	8000380e	9246	c.add	x4,x17	  x4:0x100006f6 x17:0x0000d000  x4=0x1000d6f6
       10665000	       967	80003810	03797b63	bgeu	x18,x23,80003846	 x18:0x800037c2 x23:0x7f8da334
       10695000	       970	80003846	340f5973	csrrwi	x18,mscratch,30	 x18=0x0000001f
       11065000	      1007	8000384a	03e4f4b3	remu	x9,x9,x30	  x9:0x800037d2 x30:0x0000000b  x9=0x00000003
       11095000	      1010	8000384e	03ca0c33	mul	x24,x20,x28	 x20:0xffffff1b x28:0x2affc000 x24=0x89394000
       11105000	      1011	80003852	cd01	c.beqz	x10,8000386a	 x10:0x80003622
       11115000	      1012	80003854	eb95	c.bnez	x15,80003888	 x15:0x800039f8
       11135000	      1014	80003888	404b54b3	sra	x9,x22,x4	 x22:0x00000002  x4:0x1000d6f6  x9=0x00000000
       11145000	      1015	8000388c	0040b4b3	sltu	x9,x1,x4	  x1:0xcc232f80  x4:0x1000d6f6  x9=0x00000000
       11155000	      1016	80003890	0001	c.addi	x0,0	  x0:0x00000000  x0=0x00000000
       11525000	      1053	80003892	03f55db3	divu	x27,x10,x31	 x10:0x80003622 x31:0x0000001c x27=0x04924b13
       11535000	      1054	80003896	8135	c.srli	x10,0xd	 x10:0x80003622 x10=0x00040001
       11545000	      1055	80003898	8da1	c.xor	x11,x8	 x11:0x00000000  x8:0x00000004 x11=0x00000004
       11555000	      1056	8000389a	01fb5733	srl	x14,x22,x31	 x22:0x00000002 x31:0x0000001c x14=0x00000000
       11565000	      1057	8000389e	017b1333	sll	x6,x22,x23	 x22:0x00000002 x23:0x7f8da334  x6=0x00200000
       11575000	      1058	800038a2	0ff0000f	fence	iorw,iorw	
       11585000	      1059	800038a6	00c4d363	bge	x9,x12,800038ac	  x9:0x00000000 x12:0x00000000
       11605000	      1061	800038ac	8d39	c.xor	x10,x14	 x10:0x00040001 x14:0x00000000 x10=0x00040001
       11645000	      1065	800038ae	02be2f33	mulhsu	x30,x28,x11	 x28:0x2affc000 x11:0x00000004 x30=0x00000000
       11655000	      1066	800038b2	577d	c.li	x14,-1	 x14=0xffffffff
       11665000	      1067	800038b4	01b05f63	bge	x0,x27,800038d2	  x0:0x00000000 x27:0x04924b13
       11675000	      1068	800038b8	8bd1	c.andi	x15,20	 x15:0x800039f8 x15=0x00000010
       11685000	      1069	800038ba	0001	c.addi	x0,0	  x0:0x00000000  x0=0x00000000
       11695000	      1070	800038bc	64be2593	slti	x11,x28,1611	 x28:0x2affc000 x11=0x00000000
       11705000	      1071	800038c0	4b49	c.li	x22,18	 x22=0x00000012
       11715000	      1072	800038c2	8fc5	c.or	x15,x9	 x15:0x00000010  x9:0x00000000 x15=0x00000010
       11725000	      1073	800038c4	02471d63	bne	x14,x4,800038fe	 x14:0xffffffff  x4:0x1000d6f6
       11755000	      1076	800038fe	00655863	bge	x10,x6,8000390e	 x10:0x00040001  x6:0x00200000
       11765000	      1077	80003902	01551633	sll	x12,x10,x21	 x10:0x00040001 x21:0xff8dd86c x12=0x40001000
       11775000	      1078	80003906	03755a63	bge	x10,x23,8000393a	 x10:0x00040001 x23:0x7f8da334
       11805000	      1081	8000390a	03048eb3	mul	x29,x9,x16	  x9:0x00000000 x16:0x800034ec x29=0x00000000
       11815000	      1082	8000390e	0a343213	sltiu	x4,x8,163	  x8:0x00000004  x4=0x00000001
       11825000	      1083	80003912	87c9	c.srai	x15,0x12	 x15:0x00000010 x15=0x00000000
       11835000	      1084	80003914	01bce733	or	x14,x25,x27	 x25:0x80023ce4 x27:0x04924b13 x14=0x84927ff7
       11845000	      1085	80003918	018d8233	add	x4,x27,x24	 x27:0x04924b13 x24:0x89394000  x4=0x8dcb8b13
       11855000	      1086	8000391c	8e31	c.xor	x12,x12	 x12:0x40001000 x12:0x40001000 x12=0x00000000
       11865000	      1087	8000391e	8209	c.srli	x12,0x2	 x12:0x00000000 x12=0x00000000
       11905000	      1091	80003920	022a3133	mulhu	x2,x20,x2	 x20:0xffffff1b  x2:0x800036c8  x2=0x80003655
       11915000	      1092	80003924	002ac533	xor	x10,x21,x2	 x21:0xff8dd86c  x2:0x80003655 x10=0x7f8dee39
       11925000	      1093	80003928	0001	c.addi	x0,0	  x0:0x00000000  x0=0x00000000
       11935000	      1094	8000392a	0001	c.addi	x0,0	  x0:0x00000000  x0=0x00000000
       11945000	      1095	8000392c	8f51	c.or	x14,x12	 x14:0x84927ff7 x12:0x00000000 x14=0x84927ff7
       11955000	      1096	8000392e	62778893	addi	x17,x15,1575	 x15:0x00000000 x17=0x00000627
       11965000	      1097	80003932	9ba79db7	lui	x27,0x9ba79	 x27=0x9ba79000
       11975000	      1098	80003936	000fa4b3	slt	x9,x31,x0	 x31:0x0000001c  x0:0x00000000  x9=0x00000000
       11985000	      1099	8000393a	00dcbbb3	sltu	x23,x25,x13	 x25:0x80023ce4 x13:0x0000000b x23=0x00000000
       12005000	      1101	8000393e	037746b3	div	x13,x14,x23	 x14:0x84927ff7 x23:0x00000000 x13=0xffffffff
       12045000	      1105	80003942	026ea2b3	mulhsu	x5,x29,x6	 x29:0x00000000  x6:0x00200000  x5=0x00000000
       12055000	      1106	80003946	0b76	c.slli	x22,0x1d	 x22:0x00000012 x22=0x40000000
       12065000	      1107	80003948	5881f213	andi	x4,x3,1416	  x3:0x800037da  x4=0x00000588
       12075000	      1108	8000394c	40645e93	srai	x29,x8,0x6	  x8:0x00000004 x29=0x00000000
       12085000	      1109	80003950	00a85533	srl	x10,x16,x10	 x16:0x800034ec x10:0x7f8dee39 x10=0x00000040
       12095000	      1110	80003954	717d	c.addi16sp	x2,-16	  x2:0x80003655  x2=0x80003645
       12105000	      1111	80003956	011a4e33	xor	x28,x20,x17	 x20:0xffffff1b x17:0x00000627 x28=0xfffff93c
       12115000	      1112	8000395a	977a	c.add	x14,x30	 x14:0x84927ff7 x30:0x00000000 x14=0x84927ff7
       12125000	      1113	8000395c	00cc1b63	bne	x24,x12,80003972	 x24:0x89394000 x12:0x00000000
       12155000	      1116	80003972	016c0563	beq	x24,x22,8000397c	 x24:0x89394000 x22:0x40000000
       12195000	      1120	80003976	03711633	mulh	x12,x2,x23	  x2:0x80003645 x23:0x00000000 x12=0x00000000
       12205000	      1121	8000397a	0e5e	c.slli	x28,0x17	 x28:0xfffff93c x28=0x9e000000
       12215000	      1122	8000397c	340066f3	csrrsi	x13,mscratch,0	 x13=0x0000001e
       12225000	      1123	80003980	01a7abb3	slt	x23,x15,x26	 x15:0x00000000 x26:0xffffffff x23=0x00000000
       12235000	      1124	80003984	058110b7	lui	x1,0x5811	  x1=0x05811000
       12245000	      1125	80003988	0000100f	fence.i	
       12265000	      1127	8000398c	9752	c.add	x14,x20	 x14:0x84927ff7 x20:0xffffff1b x14=0x84927f12
       12275000	      1128	8000398e	35813b97	auipc	x23,0x35813	 x23=0xb581698e
       12285000	      1129	80003992	01431563	bne	x6,x20,8000399c	  x6:0x00200000 x20:0xffffff1b
       12305000	      1131	8000399c	408e5693	srai	x13,x28,0x8	 x28:0x9e000000 x13=0xff9e0000
       12345000	      1135	800039a0	02b9aeb3	mulhsu	x29,x19,x11	 x19:0x8001fe64 x11:0x00000000 x29=0x00000000
       12715000	      1172	800039a4	0325e8b3	rem	x17,x11,x18	 x11:0x00000000 x18:0x0000001f x17=0x00000000
       12725000	      1173	800039a8	0149d663	bge	x19,x20,800039b4	 x19:0x8001fe64 x20:0xffffff1b
       12735000	      1174	800039ac	340f50f3	csrrwi	x1,mscratch,30	  x1=0x0000001e
       12775000	      1178	800039b0	033d1633	mulh	x12,x26,x19	 x26:0xffffffff x19:0x8001fe64 x12=0x00000000
       12785000	      1179	800039b4	717d	c.addi16sp	x2,-16	  x2:0x80003645  x2=0x80003635
       12795000	      1180	800039b6	0ff0000f	fence	iorw,iorw	
       12805000	      1181	800039ba	01675893	srli	x17,x14,0x16	 x14:0x84927f12 x17=0x00000212
       12815000	      1182	800039be	0001	c.addi	x0,0	  x0:0x00000000  x0=0x00000000
       12825000	      1183	800039c0	013beeb3	or	x29,x23,x19	 x23:0xb581698e x19:0x8001fe64 x29=0xb581ffee
       12835000	      1184	800039c4	41dcdfb3	sra	x31,x25,x29	 x25:0x80023ce4 x29:0xb581ffee x31=0xfffe0008
       12845000	      1185	800039c8	ea85	c.bnez	x13,800039f8	 x13:0xff9e0000
       12865000	      1187	800039f8	0001	c.addi	x0,0	  x0:0x00000000  x0=0x00000000
       12875000	      1188	800039fa	003593b3	sll	x7,x11,x3	 x11:0x00000000  x3:0x800037da  x7=0x00000000
       12885000	      1189	800039fe	411dd113	srai	x2,x27,0x11	 x27:0x9ba79000  x2=0xffffcdd3
       12895000	      1190	80003a02	85d1	c.srai	x11,0x14	 x11:0x00000000 x11=0x00000000
       12905000	      1191	80003a04	9a7d	c.andi	x12,-1	 x12:0x00000000 x12=0x00000000
       12915000	      1192	80003a06	6131	c.addi16sp	x2,320	  x2:0xffffcdd3  x2=0xffffcf13
       12925000	      1193	80003a08	0000100f	fence.i	
       12945000	      1195	80003a0c	99fd	c.andi	x11,-1	 x11:0x00000000 x11=0x00000000
       12955000	      1196	80003a0e	0ff0000f	fence	iorw,iorw	
       12995000	      1200	80003a12	03ab1d33	mulh	x26,x22,x26	 x22:0x40000000 x26:0xffffffff x26=0xffffffff
       13005000	      1201	80003a16	60ad	c.lui	x1,0xb	  x1=0x0000b000
       13045000	      1205	80003a18	02c3a7b3	mulhsu	x15,x7,x12	  x7:0x00000000 x12:0x00000000 x15=0x00000000
       13055000	      1206	80003a1c	d8e9ed93	ori	x27,x19,-626	 x19:0x8001fe64 x27=0xffffffee
       13065000	      1207	80003a20	0001	c.addi	x0,0	  x0:0x00000000  x0=0x00000000
       13075000	      1208	80003a22	bbd44793	xori	x15,x8,-1091	  x8:0x00000004 x15=0xfffffbb9
       13085000	      1209	80003a26	3ff55137	lui	x2,0x3ff55	  x2=0x3ff55000
       13095000	      1210	80003a2a	0ff0000f	fence	iorw,iorw	
       13105000	      1211	80003a2e	340f7273	csrrci	x4,mscratch,30	  x4=0x0000001e
       13115000	      1212	80003a32	38216a13	ori	x20,x2,898	  x2:0x3ff55000 x20=0x3ff55382
       13125000	      1213	80003a36	3401b973	csrrc	x18,mscratch,x3	  x3:0x800037da x18=0x00000000
       13135000	      1214	80003a3a	1bfd	c.addi	x23,-1	 x23:0xb581698e x23=0xb581698d
       13145000	      1215	80003a3c	34006173	csrrsi	x2,mscratch,0	  x2=0x00000000
       13155000	      1216	80003a40	ca15	c.beqz	x12,80003a74	 x12:0x00000000
       13175000	      1218	80003a74	000d7963	bgeu	x26,x0,80003a86	 x26:0xffffffff  x0:0x00000000
       13205000	      1221	80003a86	34065af3	csrrwi	x21,mscratch,12	 x21=0x00000000
       13225000	      1223	80003a8a	020de633	rem	x12,x27,x0	 x27:0xffffffee  x0:0x00000000 x12=0xffffffee
       13235000	      1224	80003a8e	0001	c.addi	x0,0	  x0:0x00000000  x0=0x00000000
       13245000	      1225	80003a90	8325	c.srli	x14,0x9	 x14:0x84927f12 x14=0x0042493f
       13255000	      1226	80003a92	e109	c.bnez	x10,80003a94	 x10:0x00000040
       13305000	      1231	80003a94	03beb0b3	mulhu	x1,x29,x27	 x29:0xb581ffee x27:0xffffffee  x1=0xb581ffe1
       13315000	      1232	80003a98	02890c63	beq	x18,x8,80003ad0	 x18:0x00000000  x8:0x00000004
       13325000	      1233	80003a9c	340a6073	csrrsi	x0,mscratch,20	  x0=0x00000000
       13335000	      1234	80003aa0	60d9	c.lui	x1,0x16	  x1=0x00016000
       13705000	      1271	80003aa2	03b37eb3	remu	x29,x6,x27	  x6:0x00200000 x27:0xffffffee x29=0x00200000
       13715000	      1272	80003aa6	03605963	bge	x0,x22,80003ad8	  x0:0x00000000 x22:0x40000000
       13725000	      1273	80003aaa	81b76513	ori	x10,x14,-2021	 x14:0x0042493f x10=0xfffff93f
       13735000	      1274	80003aae	0146e233	or	x4,x13,x20	 x13:0xff9e0000 x20:0x3ff55382  x4=0xffff5382
       13745000	      1275	80003ab2	f51faa13	slti	x20,x31,-175	 x31:0xfffe0008 x20=0x00000001
       13755000	      1276	80003ab6	012d91b3	sll	x3,x27,x18	 x27:0xffffffee x18:0x00000000  x3=0xffffffee
       13765000	      1277	80003aba	003fe5b3	or	x11,x31,x3	 x31:0xfffe0008  x3:0xffffffee x11=0xffffffee
       13775000	      1278	80003abe	01f89e13	slli	x28,x17,0x1f	 x17:0x00000212 x28=0x00000000
       13785000	      1279	80003ac2	1c88	c.addi4spn	x10,x2,624	 x10=0x00000270
       13795000	      1280	80003ac4	34006c73	csrrsi	x24,mscratch,0	 x24=0x0000001c
       13805000	      1281	80003ac8	ff77a693	slti	x13,x15,-9	 x15:0xfffffbb9 x13=0x00000001
       13815000	      1282	80003acc	34006d73	csrrsi	x26,mscratch,0	 x26=0x0000001c
       13825000	      1283	80003ad0	018fa733	slt	x14,x31,x24	 x31:0xfffe0008 x24:0x0000001c x14=0x00000001
       13835000	      1284	80003ad4	02574c63	blt	x14,x5,80003b0c	 x14:0x00000001  x5:0x00000000
       13845000	      1285	80003ad8	90c56b93	ori	x23,x10,-1780	 x10:0x00000270 x23=0xfffffb7c
       13855000	      1286	80003adc	40915c13	srai	x24,x2,0x9	  x2:0x00000000 x24=0x00000000
       13865000	      1287	80003ae0	85c9	c.srai	x11,0x12	 x11:0xffffffee x11=0xffffffff
       13875000	      1288	80003ae2	007dd263	bge	x27,x7,80003ae6	 x27:0xffffffee  x7:0x00000000
       13885000	      1289	80003ae6	88e2	c.mv	x17,x24	  x0:0x00000000 x24:0x00000000 x17=0x00000000
       13895000	      1290	80003ae8	014bef63	bltu	x23,x20,80003b06	 x23:0xfffffb7c x20:0x00000001
       13905000	      1291	80003aec	3400d273	csrrwi	x4,mscratch,1	  x4=0x0000001c
       13915000	      1292	80003af0	8239	c.srli	x12,0xe	 x12:0xffffffee x12=0x0003ffff
       13925000	      1293	80003af2	8939	c.andi	x10,14	 x10:0x00000270 x10=0x00000000
       13935000	      1294	80003af4	8506	c.mv	x10,x1	  x0:0x00000000  x1:0x00016000 x10=0x00016000
       13945000	      1295	80003af6	3407d073	csrrwi	x0,mscratch,15	  x0=0x00000000
       13955000	      1296	80003afa	01159a93	slli	x21,x11,0x11	 x11:0xffffffff x21=0xfffe0000
       13965000	      1297	80003afe	e60d	c.bnez	x12,80003b28	 x12:0x0003ffff
       13985000	      1299	80003b28	00a8e663	bltu	x17,x10,80003b34	 x17:0x00000000 x10:0x00016000
       14005000	      1301	80003b34	8ee9	c.and	x13,x10	 x13:0x00000001 x10:0x00016000 x13=0x00000000
       14015000	      1302	80003b36	34033573	csrrc	x10,mscratch,x6	  x6:0x00200000 x10=0x0000000f
       14025000	      1303	80003b3a	01443f33	sltu	x30,x8,x20	  x8:0x00000004 x20:0x00000001 x30=0x00000000
       14035000	      1304	80003b3e	40bd5013	srai	x0,x26,0xb	 x26:0x0000001c  x0=0x00000000
       14045000	      1305	80003b42	34021673	csrrw	x12,mscratch,x4	  x4:0x0000001c x12=0x0000000f
       14055000	      1306	80003b46	6e05	c.lui	x28,0x1	 x28=0x00001000
       14065000	      1307	80003b48	0000100f	fence.i	
       14115000	      1312	80003b4c	03bd9d33	mulh	x26,x27,x27	 x27:0xffffffee x27:0xffffffee x26=0x00000000
       14125000	      1313	80003b50	c48d	c.beqz	x9,80003b7a	  x9:0x00000000
       14155000	      1316	80003b7a	00121913	slli	x18,x4,0x1	  x4:0x0000001c x18=0x00000038
       14165000	      1317	80003b7e	0055b733	sltu	x14,x11,x5	 x11:0xffffffff  x5:0x00000000 x14=0x00000000
       14175000	      1318	80003b82	dc896b13	ori	x22,x18,-568	 x18:0x00000038 x22=0xfffffdf8
       14185000	      1319	80003b86	3409b1f3	csrrc	x3,mscratch,x19	 x19:0x8001fe64  x3=0x0000001c
       14195000	      1320	80003b8a	48b1	c.li	x17,12	 x17=0x0000000c
       14235000	      1324	80003b8c	0220b0b3	mulhu	x1,x1,x2	  x1:0x00016000  x2:0x00000000  x1=0x00000000
       14265000	      1327	80003b90	021c80b3	mul	x1,x25,x1	 x25:0x80023ce4  x1:0x00000000  x1=0x00000000
       14275000	      1328	80003b94	40b750b3	sra	x1,x14,x11	 x14:0x00000000 x11:0xffffffff  x1=0x00000000
       14285000	      1329	80003b98	8e99	c.sub	x13,x14	 x13:0x00000000 x14:0x00000000 x13=0x00000000
       14295000	      1330	80003b9a	6911	c.lui	x18,0x4	 x18=0x00004000
       14305000	      1331	80003b9c	0ff0000f	fence	iorw,iorw	
       14315000	      1332	80003ba0	016bafb3	slt	x31,x23,x22	 x23:0xfffffb7c x22:0xfffffdf8 x31=0x00000001
       14325000	      1333	80003ba4	87646d13	ori	x26,x8,-1930	  x8:0x00000004 x26=0xfffff876
       14335000	      1334	80003ba8	c689	c.beqz	x13,80003bb2	 x13:0x00000000
       14375000	      1338	80003bb2	02575133	divu	x2,x14,x5	 x14:0x00000000  x5:0x00000000  x2=0xffffffff
       14745000	      1375	80003bb6	023d60b3	rem	x1,x26,x3	 x26:0xfffff876  x3:0x0000001c  x1=0xffffffe6
       14755000	      1376	80003bba	01f4f463	bgeu	x9,x31,80003bc2	  x9:0x00000000 x31:0x00000001
       14765000	      1377	80003bbe	06d6d363	bge	x13,x13,80003c24	 x13:0x00000000 x13:0x00000000
       14785000	      1379	80003c24	1e7d	c.addi	x28,-1	 x28:0x00001000 x28=0x00000fff
       14795000	      1380	80003c26	9c813513	sltiu	x10,x2,-1592	  x2:0xffffffff x10=0x00000000
       14805000	      1381	80003c2a	8e15	c.sub	x12,x13	 x12:0x0000000f x13:0x00000000 x12=0x0000000f
       14815000	      1382	80003c2c	0125f1b3	and	x3,x11,x18	 x11:0xffffffff x18:0x00004000  x3=0x00004000
       14825000	      1383	80003c30	90487113	andi	x2,x16,-1788	 x16:0x800034ec  x2=0x80003004
       14835000	      1384	80003c34	34012573	csrrs	x10,mscratch,x2	  x2:0x80003004 x10=0x00000018
       14855000	      1386	80003c38	02d0e233	rem	x4,x1,x13	  x1:0xffffffe6 x13:0x00000000  x4=0xffffffe6
       14865000	      1387	80003c3c	99fd	c.andi	x11,-1	 x11:0xffffffff x11=0xffffffff
       14875000	      1388	80003c3e	010774b3	and	x9,x14,x16	 x14:0x00000000 x16:0x800034ec  x9=0x00000000
       14885000	      1389	80003c42	001c7f33	and	x30,x24,x1	 x24:0x00000000  x1:0xffffffe6 x30=0x00000000
       14895000	      1390	80003c46	00ccf633	and	x12,x25,x12	 x25:0x80023ce4 x12:0x0000000f x12=0x00000004
       14905000	      1391	80003c4a	0001	c.addi	x0,0	  x0:0x00000000  x0=0x00000000
       15275000	      1428	80003c4c	03d86733	rem	x14,x16,x29	 x16:0x800034ec x29:0x00200000 x14=0xffe034ec
       15305000	      1431	80003c50	02658b33	mul	x22,x11,x6	 x11:0xffffffff  x6:0x00200000 x22=0xffe00000
       15315000	      1432	80003c54	0001	c.addi	x0,0	  x0:0x00000000  x0=0x00000000
       15325000	      1433	80003c56	121c	c.addi4spn	x15,x2,288	 x15=0x80003124
       15335000	      1434	80003c58	00560663	beq	x12,x5,80003c64	 x12:0x00000004  x5:0x00000000
       15345000	      1435	80003c5c	44cd	c.li	x9,19	  x9=0x00000013
       15355000	      1436	80003c5e	004d84b3	add	x9,x27,x4	 x27:0xffffffee  x4:0xffffffe6  x9=0xffffffd4
       15365000	      1437	80003c62	54fd	c.li	x9,-1	  x9=0xffffffff
       15375000	      1438	80003c64	8d91	c.sub	x11,x12	 x11:0xffffffff x12:0x00000004 x11=0xfffffffb
       15385000	      1439	80003c66	6499	c.lui	x9,0x6	  x9=0x00006000
       15395000	      1440	80003c68	0001	c.addi	x0,0	  x0:0x00000000  x0=0x00000000
       15405000	      1441	80003c6a	34002bf3	csrrs	x23,mscratch,x0	  x0:0x00000000 x23=0x8000301c
       15415000	      1442	80003c6e	01dcc4b3	xor	x9,x25,x29	 x25:0x80023ce4 x29:0x00200000  x9=0x80223ce4
       15455000	      1446	80003c72	02203b33	mulhu	x22,x0,x2	  x0:0x00000000  x2:0x80003004 x22=0x00000000
       15465000	      1447	80003c76	41ba0fb3	sub	x31,x20,x27	 x20:0x00000001 x27:0xffffffee x31=0x00000013
       15475000	      1448	80003c7a	340034f3	csrrc	x9,mscratch,x0	  x0:0x00000000  x9=0x8000301c
       15515000	      1452	80003c7e	02a1bbb3	mulhu	x23,x3,x10	  x3:0x00004000 x10:0x00000018 x23=0x00000000
       15525000	      1453	80003c82	01f4ea33	or	x20,x9,x31	  x9:0x8000301c x31:0x00000013 x20=0x8000301f
       15535000	      1454	80003c86	4335	c.li	x6,13	  x6=0x0000000d
       15545000	      1455	80003c88	6b25	c.lui	x22,0x9	 x22=0x00009000
       15555000	      1456	80003c8a	0ff0000f	fence	iorw,iorw	
       15565000	      1457	80003c8e	8669	c.srai	x12,0x1a	 x12:0x00000004 x12=0x00000000
       15605000	      1461	80003c90	0336ae33	mulhsu	x28,x13,x19	 x13:0x00000000 x19:0x8001fe64 x28=0x00000000
       15615000	      1462	80003c94	0031da93	srli	x21,x3,0x3	  x3:0x00004000 x21=0x00000800
       15625000	      1463	80003c98	1b7d	c.addi	x22,-1	 x22:0x00009000 x22=0x00008fff
       15635000	      1464	80003c9a	6119	c.addi16sp	x2,384	  x2:0x80003004  x2=0x80003184
       15645000	      1465	80003c9c	e9c72737	lui	x14,0xe9c72	 x14=0xe9c72000
       15655000	      1466	80003ca0	020b9a63	bne	x23,x0,80003cd4	 x23:0x00000000  x0:0x00000000
       15665000	      1467	80003ca4	60e5	c.lui	x1,0x19	  x1=0x00019000
       15675000	      1468	80003ca6	34093073	csrrc	x0,mscratch,x18	 x18:0x00004000  x0=0x00000000
       15685000	      1469	80003caa	009cc3b3	xor	x7,x25,x9	 x25:0x80023ce4  x9:0x8000301c  x7=0x00020cf8
       15695000	      1470	80003cae	03239363	bne	x7,x18,80003cd4	  x7:0x00020cf8 x18:0x00004000
       15715000	      1472	80003cd4	8edd	c.or	x13,x15	 x13:0x00000000 x15:0x80003124 x13=0x80003124
       15725000	      1473	80003cd6	0d08	c.addi4spn	x10,x2,656	 x10=0x80003414
       15735000	      1474	80003cd8	011cdd33	srl	x26,x25,x17	 x25:0x80023ce4 x17:0x0000000c x26=0x00080023
       15745000	      1475	80003cdc	0339	c.addi	x6,14	  x6:0x0000000d  x6=0x0000001b
       15755000	      1476	80003cde	340070f3	csrrci	x1,mscratch,0	  x1=0x8000301c
       15765000	      1477	80003ce2	73161237	lui	x4,0x73161	  x4=0x73161000
       15775000	      1478	80003ce6	34007773	csrrci	x14,mscratch,0	 x14=0x8000301c
       16145000	      1515	80003cea	0363feb3	remu	x29,x7,x22	  x7:0x00020cf8 x22:0x00008fff x29=0x00005cfb
       16155000	      1516	80003cee	008cf963	bgeu	x25,x8,80003d00	 x25:0x80023ce4  x8:0x00000004
       16175000	      1518	80003d00	97e2	c.add	x15,x24	 x15:0x80003124 x24:0x00000000 x15=0x80003124
       16185000	      1519	80003d02	01cb1b63	bne	x22,x28,80003d18	 x22:0x00008fff x28:0x00000000
       16205000	      1521	80003d18	3402df73	csrrwi	x30,mscratch,5	 x30=0x8000301c
       16215000	      1522	80003d1c	02148563	beq	x9,x1,80003d46	  x9:0x8000301c  x1:0x8000301c
       16245000	      1525	80003d46	f6e14293	xori	x5,x2,-146	  x2:0x80003184  x5=0x7fffceea
       16615000	      1562	80003d4a	02e3c933	div	x18,x7,x14	  x7:0x00020cf8 x14:0x8000301c x18=0x00000000
       16625000	      1563	80003d4e	ca95	c.beqz	x13,80003d82	 x13:0x80003124
       16665000	      1567	80003d50	03029733	mulh	x14,x5,x16	  x5:0x7fffceea x16:0x800034ec x14=0xc0003300
       16675000	      1568	80003d54	b0a43093	sltiu	x1,x8,-1270	  x8:0x00000004  x1=0x00000001
       16685000	      1569	80003d58	00961e33	sll	x28,x12,x9	 x12:0x00000000  x9:0x8000301c x28=0x00000000
       16695000	      1570	80003d5c	62c1	c.lui	x5,0x10	  x5=0x00010000
       16705000	      1571	80003d5e	417582b3	sub	x5,x11,x23	 x11:0xfffffffb x23:0x00000000  x5=0xfffffffb
       16715000	      1572	80003d62	002a9693	slli	x13,x21,0x2	 x21:0x00000800 x13=0x00002000
       16725000	      1573	80003d66	009aa633	slt	x12,x21,x9	 x21:0x00000800  x9:0x8000301c x12=0x00000000
       16735000	      1574	80003d6a	0001	c.addi	x0,0	  x0:0x00000000  x0=0x00000000
       17105000	      1611	80003d6c	02124e33	div	x28,x4,x1	  x4:0x73161000  x1:0x00000001 x28=0x73161000
       17125000	      1613	80003d70	038c55b3	divu	x11,x24,x24	 x24:0x00000000 x24:0x00000000 x11=0xffffffff
       17135000	      1614	80003d74	8f61	c.and	x14,x8	 x14:0xc0003300  x8:0x00000004 x14=0x00000000
       17145000	      1615	80003d76	34003b73	csrrc	x22,mscratch,x0	  x0:0x00000000 x22=0x00000005
       17155000	      1616	80003d7a	0216de63	bge	x13,x1,80003db6	 x13:0x00002000  x1:0x00000001
       17185000	      1619	80003db6	02ba8a63	beq	x21,x11,80003dea	 x21:0x00000800 x11:0xffffffff
       17195000	      1620	80003dba	ce05	c.beqz	x12,80003df2	 x12:0x00000000
       17225000	      1623	80003df2	402a5e93	srai	x29,x20,0x2	 x20:0x8000301f x29=0xe0000c07
       17235000	      1624	80003df6	3403d573	csrrwi	x10,mscratch,7	 x10=0x00000005
       17245000	      1625	80003dfa	010fd593	srli	x11,x31,0x10	 x31:0x00000013 x11=0x00000000
       17255000	      1626	80003dfe	6129	c.addi16sp	x2,192	  x2:0x80003184  x2=0x80003244
       17265000	      1627	80003e00	000b6db3	or	x27,x22,x0	 x22:0x00000005  x0:0x00000000 x27=0x00000005
       17275000	      1628	80003e04	cc9d	c.beqz	x9,80003e42	  x9:0x8000301c
       17285000	      1629	80003e06	6e75	c.lui	x28,0x1d	 x28=0x0001d000
       17295000	      1630	80003e08	117d	c.addi	x2,-1	  x2:0x80003244  x2=0x80003243
       17665000	      1667	80003e0a	028a7f33	remu	x30,x20,x8	 x20:0x8000301f  x8:0x00000004 x30=0x00000003
       17675000	      1668	80003e0e	34043173	csrrc	x2,mscratch,x8	  x8:0x00000004  x2=0x00000007
       17685000	      1669	80003e12	34099173	csrrw	x2,mscratch,x19	 x19:0x8001fe64  x2=0x00000003
       17695000	      1670	80003e16	9ff1b3b7	lui	x7,0x9ff1b	  x7=0x9ff1b000
       17705000	      1671	80003e1a	00be5b13	srli	x22,x28,0xb	 x28:0x0001d000 x22=0x0000003a
       17715000	      1672	80003e1e	0001	c.addi	x0,0	  x0:0x00000000  x0=0x00000000
       17725000	      1673	80003e20	00ba2b33	slt	x22,x20,x11	 x20:0x8000301f x11:0x00000000 x22=0x00000001
       17735000	      1674	80003e24	8e95	c.sub	x13,x13	 x13:0x00002000 x13:0x00002000 x13=0x00000000
       17745000	      1675	80003e26	0001	c.addi	x0,0	  x0:0x00000000  x0=0x00000000
       17755000	      1676	80003e28	340d93f3	csrrw	x7,mscratch,x27	 x27:0x00000005  x7=0x8001fe64
       17765000	      1677	80003e2c	008f1b63	bne	x30,x8,80003e42	 x30:0x00000003  x8:0x00000004
       17825000	      1683	80003e42	02aaa133	mulhsu	x2,x21,x10	 x21:0x00000800 x10:0x00000005  x2=0x00000000
       17835000	      1684	80003e46	0049e533	or	x10,x19,x4	 x19:0x8001fe64  x4:0x73161000 x10=0xf317fe64
       17845000	      1685	80003e4a	94e2	c.add	x9,x24	  x9:0x8000301c x24:0x00000000  x9=0x8000301c
       17855000	      1686	80003e4c	58c9c093	xori	x1,x19,1420	 x19:0x8001fe64  x1=0x8001fbe8
       17865000	      1687	80003e50	5fcc2193	slti	x3,x24,1532	 x24:0x00000000  x3=0x00000001
       17875000	      1688	80003e54	02115963	bge	x2,x1,80003e86	  x2:0x00000000  x1:0x8001fbe8
       17925000	      1693	80003e86	02f00c33	mul	x24,x0,x15	  x0:0x00000000 x15:0x80003124 x24=0x00000000
       17935000	      1694	80003e8a	0197c463	blt	x15,x25,80003e92	 x15:0x80003124 x25:0x80023ce4
       17955000	      1696	80003e92	e88d	c.bnez	x9,80003ec4	  x9:0x8000301c
       17975000	      1698	80003ec4	0d62	c.slli	x26,0x18	 x26:0x00080023 x26=0x23000000
       18345000	      1735	80003ec6	03c3e533	rem	x10,x7,x28	  x7:0x8001fe64 x28:0x0001d000 x10=0xfffe8e64
       18355000	      1736	80003eca	34073573	csrrc	x10,mscratch,x14	 x14:0x00000000 x10=0x00000005
       18365000	      1737	80003ece	8e0d	c.sub	x12,x11	 x12:0x00000000 x11:0x00000000 x12=0x00000000
       18375000	      1738	80003ed0	00d04e33	xor	x28,x0,x13	  x0:0x00000000 x13:0x00000000 x28=0x00000000
       18385000	      1739	80003ed4	41fd0533	sub	x10,x26,x31	 x26:0x23000000 x31:0x00000013 x10=0x22ffffed
       18395000	      1740	80003ed8	58fd	c.li	x17,-1	 x17=0xffffffff
       18405000	      1741	80003eda	0001	c.addi	x0,0	  x0:0x00000000  x0=0x00000000
       18415000	      1742	80003edc	0117d813	srli	x16,x15,0x11	 x15:0x80003124 x16=0x00004000
       18425000	      1743	80003ee0	206a2613	slti	x12,x20,518	 x20:0x8000301f x12=0x00000001
       18435000	      1744	80003ee4	8f2e	c.mv	x30,x11	  x0:0x00000000 x11:0x00000000 x30=0x00000000
       18465000	      1747	80003ee6	032a07b3	mul	x15,x20,x18	 x20:0x8000301f x18:0x00000000 x15=0x00000000
       18475000	      1748	80003eea	0066abb3	slt	x23,x13,x6	 x13:0x00000000  x6:0x0000001b x23=0x00000001
       18485000	      1749	80003eee	8355	c.srli	x14,0x15	 x14:0x00000000 x14=0x00000000
       18495000	      1750	80003ef0	021a4f63	blt	x20,x1,80003f2e	 x20:0x8000301f  x1:0x8001fbe8
       18525000	      1753	80003f2e	003ce663	bltu	x25,x3,80003f3a	 x25:0x80023ce4  x3:0x00000001
       18535000	      1754	80003f32	93e2fa13	andi	x20,x5,-1730	  x5:0xfffffffb x20=0xfffff93a
       18905000	      1791	80003f36	0296f633	remu	x12,x13,x9	 x13:0x00000000  x9:0x8000301c x12=0x00000000
       18915000	      1792	80003f3a	8d79	c.and	x10,x14	 x10:0x22ffffed x14:0x00000000 x10=0x00000000
       18955000	      1796	80003f3c	03139333	mulh	x6,x7,x17	  x7:0x8001fe64 x17:0xffffffff  x6=0x00000000
       18965000	      1797	80003f40	90ba	c.add	x1,x14	  x1:0x8001fbe8 x14:0x00000000  x1=0x8001fbe8
       18975000	      1798	80003f42	41f1	c.li	x3,28	  x3=0x0000001c
       18985000	      1799	80003f44	50a6e093	ori	x1,x13,1290	 x13:0x00000000  x1=0x0000050a
       19015000	      1802	80003f48	031f0933	mul	x18,x30,x17	 x30:0x00000000 x17:0xffffffff x18=0x00000000
       19025000	      1803	80003f4c	340894f3	csrrw	x9,mscratch,x17	 x17:0xffffffff  x9=0x00000005
       19035000	      1804	80003f50	8f7d	c.and	x14,x15	 x14:0x00000000 x15:0x00000000 x14=0x00000000
       19055000	      1806	80003f52	02c04a33	div	x20,x0,x12	  x0:0x00000000 x12:0x00000000 x20=0xffffffff
       19065000	      1807	80003f56	015e10b3	sll	x1,x28,x21	 x28:0x00000000 x21:0x00000800  x1=0x00000000
       19075000	      1808	80003f5a	41338c33	sub	x24,x7,x19	  x7:0x8001fe64 x19:0x8001fe64 x24=0x00000000
       19085000	      1809	80003f5e	01c416b3	sll	x13,x8,x28	  x8:0x00000004 x28:0x00000000 x13=0x00000004
       19125000	      1813	80003f62	027698b3	mulh	x17,x13,x7	 x13:0x00000004  x7:0x8001fe64 x17=0xfffffffe
       19135000	      1814	80003f66	8f59	c.or	x14,x14	 x14:0x00000000 x14:0x00000000 x14=0x00000000
       19505000	      1851	80003f68	02d06233	rem	x4,x0,x13	  x0:0x00000000 x13:0x00000004  x4=0x00000000
       19515000	      1852	80003f6c	44c87613	andi	x12,x16,1100	 x16:0x00004000 x12=0x00000000
       19525000	      1853	80003f70	8d682d13	slti	x26,x16,-1834	 x16:0x00004000 x26=0x00000000
       19535000	      1854	80003f74	01c34a63	blt	x6,x28,80003f88	  x6:0x00000000 x28:0x00000000
       19545000	      1855	80003f78	4f75	c.li	x30,29	 x30=0x0000001d
       19555000	      1856	80003f7a	e8e6b817	auipc	x16,0xe8e6b	 x16=0x68e6ef7a
       19565000	      1857	80003f7e	0912	c.slli	x18,0x4	 x18:0x00000000 x18=0x00000000
       19575000	      1858	80003f80	074a	c.slli	x14,0x12	 x14:0x00000000 x14=0x00000000
       19585000	      1859	80003f82	786ee613	ori	x12,x29,1926	 x29:0xe0000c07 x12=0xe0000f87
       19595000	      1860	80003f86	8dd2	c.mv	x27,x20	  x0:0x00000000 x20:0xffffffff x27=0xffffffff
       19605000	      1861	80003f88	01d4d533	srl	x10,x9,x29	  x9:0x00000005 x29:0xe0000c07 x10=0x00000000
       19615000	      1862	80003f8c	6c65	c.lui	x24,0x19	 x24=0x00019000
       19625000	      1863	80003f8e	c785	c.beqz	x15,80003fb6	 x15:0x00000000
       19645000	      1865	80003fb6	9496	c.add	x9,x5	  x9:0x00000005  x5:0xfffffffb  x9=0x00000000
       19655000	      1866	80003fb8	014af763	bgeu	x21,x20,80003fc6	 x21:0x00000800 x20:0xffffffff
       19665000	      1867	80003fbc	340eddf3	csrrwi	x27,mscratch,29	 x27=0xffffffff
       19675000	      1868	80003fc0	83d5	c.srli	x15,0x15	 x15:0x00000000 x15=0x00000000
       19685000	      1869	80003fc2	00befa63	bgeu	x29,x11,80003fd6	 x29:0xe0000c07 x11:0x00000000
       19715000	      1872	80003fd6	03dec563	blt	x29,x29,80004000	 x29:0xe0000c07 x29:0xe0000c07
       19725000	      1873	80003fda	01b5bfb3	sltu	x31,x11,x27	 x11:0x00000000 x27:0xffffffff x31=0x00000001
       19735000	      1874	80003fde	997d	c.andi	x10,-1	 x10:0x00000000 x10=0x00000000
       19745000	      1875	80003fe0	8e51	c.or	x12,x12	 x12:0xe0000f87 x12:0xe0000f87 x12=0xe0000f87
       19755000	      1876	80003fe2	8c99	c.sub	x9,x14	  x9:0x00000000 x14:0x00000000  x9=0x00000000
       19765000	      1877	80003fe4	340e2073	csrrs	x0,mscratch,x28	 x28:0x00000000  x0=0x00000000
       19775000	      1878	80003fe8	f3a6ef13	ori	x30,x13,-198	 x13:0x00000004 x30=0xffffff3e
       19785000	      1879	80003fec	0404d163	bge	x9,x0,8000402e	  x9:0x00000000  x0:0x00000000
       19815000	      1882	8000402e	340024f3	csrrs	x9,mscratch,x0	  x0:0x00000000  x9=0x0000001d
       19825000	      1883	80004032	08fd0463	beq	x26,x15,800040ba	 x26:0x00000000 x15:0x00000000
       19855000	      1886	800040ba	018bd733	srl	x14,x23,x24	 x23:0x00000001 x24:0x00019000 x14=0x00000001
       19865000	      1887	800040be	00c69933	sll	x18,x13,x12	 x13:0x00000004 x12:0xe0000f87 x18=0x00000200
       19875000	      1888	800040c2	00756b33	or	x22,x10,x7	 x10:0x00000000  x7:0x8001fe64 x22=0x8001fe64
       19885000	      1889	800040c6	c705	c.beqz	x14,800040ee	 x14:0x00000001
       19895000	      1890	800040c8	8df5	c.and	x11,x13	 x11:0x00000000 x13:0x00000004 x11=0x00000000
       19905000	      1891	800040ca	009968b3	or	x17,x18,x9	 x18:0x00000200  x9:0x0000001d x17=0x0000021d
       20275000	      1928	800040ce	025b5f33	divu	x30,x22,x5	 x22:0x8001fe64  x5:0xfffffffb x30=0x00000000
       20285000	      1929	800040d2	ef41bc13	sltiu	x24,x3,-268	  x3:0x0000001c x24=0x00000001
       20295000	      1930	800040d6	0ff0000f	fence	iorw,iorw	
       20305000	      1931	800040da	dbd9e397	auipc	x7,0xdbd9e	  x7=0x5bda20da
       20335000	      1934	800040de	03240d33	mul	x26,x8,x18	  x8:0x00000004 x18:0x00000200 x26=0x00000800
       20345000	      1935	800040e2	001635b3	sltu	x11,x12,x1	 x12:0xe0000f87  x1:0x00000000 x11=0x00000000
       20355000	      1936	800040e6	974e	c.add	x14,x19	 x14:0x00000001 x19:0x8001fe64 x14=0x8001fe65
       20365000	      1937	800040e8	34006d73	csrrsi	x26,mscratch,0	 x26=0x0000001d
       20375000	      1938	800040ec	0001	c.addi	x0,0	  x0:0x00000000  x0=0x00000000
       20745000	      1975	800040ee	023c5833	divu	x16,x24,x3	 x24:0x00000001  x3:0x0000001c x16=0x00000000
       20785000	      1979	800040f2	034d9b33	mulh	x22,x27,x20	 x27:0xffffffff x20:0xffffffff x22=0x00000000
       20815000	      1982	800040f6	020f00b3	mul	x1,x30,x0	 x30:0x00000000  x0:0x00000000  x1=0x00000000
       20825000	      1983	800040fa	e12cd297	auipc	x5,0xe12cd	  x5=0x612d10fa
       20835000	      1984	800040fe	9ac2	c.add	x21,x16	 x21:0x00000800 x16:0x00000000 x21=0x00000800
       20845000	      1985	80004100	340218f3	csrrw	x17,mscratch,x4	  x4:0x00000000 x17=0x0000001d
       20855000	      1986	80004104	34065b73	csrrwi	x22,mscratch,12	 x22=0x00000000
       20865000	      1987	80004108	8d4e	c.mv	x26,x19	  x0:0x00000000 x19:0x8001fe64 x26=0x8001fe64
       20875000	      1988	8000410a	34079373	csrrw	x6,mscratch,x15	 x15:0x00000000  x6=0x0000000c
       20885000	      1989	8000410e	0026d013	srli	x0,x13,0x2	 x13:0x00000004  x0=0x00000000
       20895000	      1990	80004112	8241a617	auipc	x12,0x8241a	 x12=0x0241e112
       20905000	      1991	80004116	44c9	c.li	x9,18	  x9=0x00000012
       20915000	      1992	80004118	00142bb3	slt	x23,x8,x1	  x8:0x00000004  x1:0x00000000 x23=0x00000000
       20925000	      1993	8000411c	173e3e13	sltiu	x28,x28,371	 x28:0x00000000 x28=0x00000001
       20945000	      1995	80004120	02f6d533	divu	x10,x13,x15	 x13:0x00000004 x15:0x00000000 x10=0xffffffff
       20955000	      1996	80004124	007ab1b3	sltu	x3,x21,x7	 x21:0x00000800  x7:0x5bda20da  x3=0x00000001
       20985000	      1999	80004128	03870eb3	mul	x29,x14,x24	 x14:0x8001fe65 x24:0x00000001 x29=0x8001fe65
       20995000	      2000	8000412c	07768363	beq	x13,x23,80004192	 x13:0x00000004 x23:0x00000000
       21035000	      2004	80004130	03482933	mulhsu	x18,x16,x20	 x16:0x00000000 x20:0xffffffff x18=0x00000000
       21405000	      2041	80004134	02d6d633	divu	x12,x13,x13	 x13:0x00000004 x13:0x00000004 x12=0x00000001
       21415000	      2042	80004138	0108eb33	or	x22,x17,x16	 x17:0x0000001d x16:0x00000000 x22=0x0000001d
       21425000	      2043	8000413c	340455f3	csrrwi	x11,mscratch,8	 x11=0x00000000
       21465000	      2047	80004140	0233adb3	mulhsu	x27,x7,x3	  x7:0x5bda20da  x3:0x00000001 x27=0x00000000
       21475000	      2048	80004144	9c36	c.add	x24,x13	 x24:0x00000001 x13:0x00000004 x24=0x00000005
       21495000	      2050	80004146	0370efb3	rem	x31,x1,x23	  x1:0x00000000 x23:0x00000000 x31=0x00000000
       21505000	      2051	8000414a	340deef3	csrrsi	x29,mscratch,27	 x29=0x00000008
       21515000	      2052	8000414e	922b4517	auipc	x10,0x922b4	 x10=0x122b814e
       21525000	      2053	80004152	ccf50513	addi	x10,x10,-817	 x10:0x122b814e x10=0x122b7e1d
       21535000	      2054	80004156	a92b6393	ori	x7,x22,-1390	 x22:0x0000001d  x7=0xfffffa9f
       21545000	      2055	8000415a	00005117	auipc	x2,0x5	  x2=0x8000915a
       21555000	      2056	8000415e	82410113	addi	x2,x2,-2012	  x2:0x8000915a  x2=0x8000897e
       21565000	      2057	80004162	0001	c.addi	x0,0	  x0:0x00000000  x0=0x00000000
       21575000	      2058	80004164	018693b3	sll	x7,x13,x24	 x13:0x00000004 x24:0x00000005  x7=0x00000080
       21585000	      2059	80004168	41150033	sub	x0,x10,x17	 x10:0x122b7e1d x17:0x0000001d  x0=0x00000000
       21595000	      2060	8000416c	623cc793	xori	x15,x25,1571	 x25:0x80023ce4 x15=0x80023ac7
       21605000	      2061	80004170	0059e5b3	or	x11,x19,x5	 x19:0x8001fe64  x5:0x612d10fa x11=0xe12dfefe
       21615000	      2062	80004174	40e35233	sra	x4,x6,x14	  x6:0x0000000c x14:0x8001fe65  x4=0x00000000
       21625000	      2063	80004178	c7c10113	addi	x2,x2,-900	  x2:0x8000897e  x2=0x800085fa
       21635000	      2064	8000417c	340af4f3	csrrci	x9,mscratch,21	  x9=0x0000001b
       21645000	      2065	80004180	384100e7	jalr	x1,900(x2)	  x2:0x800085fa  x1=0x80004184
       21665000	      2067	8000897e	661d	c.lui	x12,0x7	 x12=0x00007000
       21675000	      2068	80008980	1991	c.addi	x19,-28	 x19:0x8001fe64 x19=0x8001fe48
       21685000	      2069	80008982	0019a223	sw	x1,4(x19)	 x19:0x8001fe48  x1:0x80004184 PA:0x8001fe4c store:0x80004184 load:0x00000000
       21725000	      2073	80008986	0394aa33	mulhsu	x20,x9,x25	  x9:0x0000001b x25:0x80023ce4 x20=0x0000000d
       21735000	      2074	8000898a	51fd	c.li	x3,-1	  x3=0xffffffff
       22105000	      2111	8000898c	03dd64b3	rem	x9,x26,x29	 x26:0x8001fe64 x29:0x00000008  x9=0xfffffffc
       22135000	      2114	80008990	02728bb3	mul	x23,x5,x7	  x5:0x612d10fa  x7:0x00000080 x23=0x96887d00
       22145000	      2115	80008994	7a338213	addi	x4,x7,1955	  x7:0x00000080  x4=0x00000823
       22155000	      2116	80008998	6105	c.addi16sp	x2,32	  x2:0x800085fa  x2=0x8000861a
       22165000	      2117	8000899a	01a000ef	jal	x1,800089b4	  x1=0x8000899e
       22185000	      2119	800089b4	3ff5	c.jal	800089b0	  x1=0x800089b6
       22205000	      2121	800089b0	3fe5	c.jal	800089a8	  x1=0x800089b2
       22225000	      2123	800089a8	3fe5	c.jal	800089a0	  x1=0x800089aa
       22245000	      2125	800089a0	2035	c.jal	800089cc	  x1=0x800089a2
       22265000	      2127	800089cc	3ff9	c.jal	800089aa	  x1=0x800089ce
       22285000	      2129	800089aa	a831	c.j	800089c6	
       22305000	      2131	800089c6	2801	c.jal	800089d6	  x1=0x800089c8
       22325000	      2133	800089d6	37d5	c.jal	800089ba	  x1=0x800089d8
       22355000	      2136	800089ba	00e000ef	jal	x1,800089c8	  x1=0x800089be
       22375000	      2138	800089c8	00c0036f	jal	x6,800089d4	  x6=0x800089cc
       22395000	      2140	800089d4	b7e9	c.j	8000899e	
       22415000	      2142	8000899e	2821	c.jal	800089b6	  x1=0x800089a0
       22445000	      2145	800089b6	00c000ef	jal	x1,800089c2	  x1=0x800089ba
       22475000	      2148	800089c2	fe5ff0ef	jal	x1,800089a6	  x1=0x800089c6
       22495000	      2150	800089a6	a025	c.j	800089ce	
       22515000	      2152	800089ce	2009	c.jal	800089d0	  x1=0x800089d0
       22535000	      2154	800089d0	2021	c.jal	800089d8	  x1=0x800089d2
       22555000	      2156	800089d8	3fd1	c.jal	800089ac	  x1=0x800089da
       22575000	      2158	800089ac	02600f6f	jal	x30,800089d2	 x30=0x800089b0
       22595000	      2160	800089d2	b7f5	c.j	800089be	
       22615000	      2162	800089be	37dd	c.jal	800089a4	  x1=0x800089c0
       22635000	      2164	800089a4	3ffd	c.jal	800089a2	  x1=0x800089a6
       22655000	      2166	800089a2	a801	c.j	800089b2	
       22675000	      2168	800089b2	2039	c.jal	800089c0	  x1=0x800089b4
       22695000	      2170	800089c0	2829	c.jal	800089da	  x1=0x800089c2
       22725000	      2173	800089da	01c855b3	srl	x11,x16,x28	 x16:0x00000000 x28:0x00000001 x11=0x00000000
       22735000	      2174	800089de	04e000ef	jal	x1,80008a2c	  x1=0x800089e2
       22755000	      2176	80008a2c	bf7d	c.j	800089ea	
       22775000	      2178	800089ea	a825	c.j	80008a22	
       22795000	      2180	80008a22	37f5	c.jal	80008a0e	  x1=0x80008a24
       22825000	      2183	80008a0e	ffbff0ef	jal	x1,80008a08	  x1=0x80008a12
       22845000	      2185	80008a08	fefff0ef	jal	x1,800089f6	  x1=0x80008a0c
       22865000	      2187	800089f6	2039	c.jal	80008a04	  x1=0x800089f8
       22885000	      2189	80008a04	ff7ff0ef	jal	x1,800089fa	  x1=0x80008a08
       22915000	      2192	800089fa	ff9ff26f	jal	x4,800089f2	  x4=0x800089fe
       22945000	      2195	800089f2	02a00a6f	jal	x20,80008a1c	 x20=0x800089f6
       22965000	      2197	80008a1c	2021	c.jal	80008a24	  x1=0x80008a1e
       22985000	      2199	80008a24	ff1ff0ef	jal	x1,80008a14	  x1=0x80008a28
       23005000	      2201	80008a14	a829	c.j	80008a2e	
       23025000	      2203	80008a2e	bff9	c.j	80008a0c	
       23045000	      2205	80008a0c	3fe9	c.jal	800089e6	  x1=0x80008a0e
       23065000	      2207	800089e6	2029	c.jal	800089f0	  x1=0x800089e8
       23085000	      2209	800089f0	3fe5	c.jal	800089e8	  x1=0x800089f2
       23105000	      2211	800089e8	3fed	c.jal	800089e2	  x1=0x800089ea
       23135000	      2214	800089e2	0300036f	jal	x6,80008a12	  x6=0x800089e6
       23155000	      2216	80008a12	37f5	c.jal	800089fe	  x1=0x80008a14
       23175000	      2218	800089fe	280d	c.jal	80008a30	  x1=0x80008a00
       23195000	      2220	80008a30	3f75	c.jal	800089ec	  x1=0x80008a32
       23215000	      2222	800089ec	0320056f	jal	x10,80008a1e	 x10=0x800089f0
       23245000	      2225	80008a1e	ff9ff1ef	jal	x3,80008a16	  x3=0x80008a22
       23265000	      2227	80008a16	a009	c.j	80008a18	
       23285000	      2229	80008a18	37e5	c.jal	80008a00	  x1=0x80008a1a
       23305000	      2231	80008a00	bfe5	c.j	800089f8	
       23325000	      2233	800089f8	a029	c.j	80008a02	
       23345000	      2235	80008a02	a01d	c.j	80008a28	
       23365000	      2237	80008a28	ff3ff0ef	jal	x1,80008a1a	  x1=0x80008a2c
       23385000	      2239	80008a1a	a821	c.j	80008a32	
       23405000	      2241	80008a32	8586	c.mv	x11,x1	  x0:0x00000000  x1:0x80008a2c x11=0x80008a2c
       23415000	      2242	80008a34	020000ef	jal	x1,80008a54	  x1=0x80008a38
       23435000	      2244	80008a54	3fcd	c.jal	80008a46	  x1=0x80008a56
       23465000	      2247	80008a46	004000ef	jal	x1,80008a4a	  x1=0x80008a4a
       23495000	      2250	80008a4a	ff7ff0ef	jal	x1,80008a40	  x1=0x80008a4e
       23515000	      2252	80008a40	004000ef	jal	x1,80008a44	  x1=0x80008a44
       23535000	      2254	80008a44	a811	c.j	80008a58	
       23555000	      2256	80008a58	b7c5	c.j	80008a38	
       23575000	      2258	80008a38	2019	c.jal	80008a3e	  x1=0x80008a3a
       23595000	      2260	80008a3e	bff5	c.j	80008a3a	
       23615000	      2262	80008a3a	2821	c.jal	80008a52	  x1=0x80008a3c
       23635000	      2264	80008a52	bff5	c.j	80008a4e	
       23665000	      2267	80008a4e	fefff0ef	jal	x1,80008a3c	  x1=0x80008a52
       23685000	      2269	80008a3c	2829	c.jal	80008a56	  x1=0x80008a3e
       23705000	      2271	80008a56	a011	c.j	80008a5a	
       23735000	      2274	80008a5a	00c513b3	sll	x7,x10,x12	 x10:0x800089f0 x12:0x00007000  x7=0x800089f0
       23745000	      2275	80008a5e	022000ef	jal	x1,80008a80	  x1=0x80008a62
       23765000	      2277	80008a80	b7f5	c.j	80008a6c	
       23785000	      2279	80008a6c	a821	c.j	80008a84	
       23805000	      2281	80008a84	2009	c.jal	80008a86	  x1=0x80008a86
       23825000	      2283	80008a86	bfcd	c.j	80008a78	
       23845000	      2285	80008a78	fefff36f	jal	x6,80008a66	  x6=0x80008a7c
       23875000	      2288	80008a66	016000ef	jal	x1,80008a7c	  x1=0x80008a6a
       23895000	      2290	80008a7c	ff3ff0ef	jal	x1,80008a6e	  x1=0x80008a80
       23925000	      2293	80008a6e	ffdff36f	jal	x6,80008a6a	  x6=0x80008a72
       23945000	      2295	80008a6a	bfe5	c.j	80008a62	
       23975000	      2298	80008a62	020000ef	jal	x1,80008a82	  x1=0x80008a66
       23995000	      2300	80008a82	bfcd	c.j	80008a74	
       24015000	      2302	80008a74	0140036f	jal	x6,80008a88	  x6=0x80008a78
       24035000	      2304	80008a88	a009	c.j	80008a8a	
       24065000	      2307	80008a8a	006000ef	jal	x1,80008a90	  x1=0x80008a8e
       24085000	      2309	80008a90	b7cd	c.j	80008a72	
       24105000	      2311	80008a72	2831	c.jal	80008a8e	  x1=0x80008a74
       24125000	      2313	80008a8e	2011	c.jal	80008a92	  x1=0x80008a90
       24145000	      2315	80008a92	84f5	c.srai	x9,0x1d	  x9:0xfffffffc  x9=0xffffffff
       24155000	      2316	80008a94	00d48733	add	x14,x9,x13	  x9:0xffffffff x13:0x00000004 x14=0x00000003
       24165000	      2317	80008a98	717d	c.addi16sp	x2,-16	  x2:0x8000861a  x2=0x8000860a
       24175000	      2318	80008a9a	02b21163	bne	x4,x11,80008abc	  x4:0x800089fe x11:0x80008a2c
       24195000	      2320	80008abc	008e32b3	sltu	x5,x28,x8	 x28:0x00000001  x8:0x00000004  x5=0x00000001
       24205000	      2321	80008ac0	01104b33	xor	x22,x0,x17	  x0:0x00000000 x17:0x0000001d x22=0x0000001d
       24215000	      2322	80008ac4	65e0cc13	xori	x24,x1,1630	  x1:0x80008a90 x24=0x80008cce
       24225000	      2323	80008ac8	0ff0000f	fence	iorw,iorw	
       24235000	      2324	80008acc	03a6ea63	bltu	x13,x26,80008b00	 x13:0x00000004 x26:0x8001fe64
       24255000	      2326	80008b00	0001	c.addi	x0,0	  x0:0x00000000  x0=0x00000000
       24265000	      2327	80008b02	8591	c.srai	x11,0x4	 x11:0x80008a2c x11=0xf80008a2
       24275000	      2328	80008b04	8ea5	c.xor	x13,x9	 x13:0x00000004  x9:0xffffffff x13=0xfffffffb
       24285000	      2329	80008b06	8e55	c.or	x12,x13	 x12:0x00007000 x13:0xfffffffb x12=0xfffffffb
       24295000	      2330	80008b08	01924a33	xor	x20,x4,x25	  x4:0x800089fe x25:0x80023ce4 x20=0x0002b51a
       24305000	      2331	80008b0c	0da9c493	xori	x9,x19,218	 x19:0x8001fe48  x9=0x8001fe92
       24675000	      2368	80008b10	03c2e233	rem	x4,x5,x28	  x5:0x00000001 x28:0x00000001  x4=0x00000000
       24715000	      2372	80008b14	03353633	mulhu	x12,x10,x19	 x10:0x800089f0 x19:0x8001fe48 x12=0x4001441d
       24725000	      2373	80008b18	03540d63	beq	x8,x21,80008b52	  x8:0x00000004 x21:0x00000800
       24735000	      2374	80008b1c	d2b4e113	ori	x2,x9,-725	  x9:0x8001fe92  x2=0xffffffbb
       24745000	      2375	80008b20	00a59b33	sll	x22,x11,x10	 x11:0xf80008a2 x10:0x800089f0 x22=0x08a20000
       24755000	      2376	80008b24	0ff0000f	fence	iorw,iorw	
       24765000	      2377	80008b28	a8547713	andi	x14,x8,-1403	  x8:0x00000004 x14=0x00000004
       24775000	      2378	80008b2c	02146663	bltu	x8,x1,80008b58	  x8:0x00000004  x1:0x80008a90
       24795000	      2380	80008b58	0180d613	srli	x12,x1,0x18	  x1:0x80008a90 x12=0x00000080
       24805000	      2381	80008b5c	00c69313	slli	x6,x13,0xc	 x13:0xfffffffb  x6=0xffffb000
       24815000	      2382	80008b60	340026f3	csrrs	x13,mscratch,x0	  x0:0x00000000 x13=0x0000000a
       24825000	      2383	80008b64	0936	c.slli	x18,0xd	 x18:0x00000000 x18=0x00000000
       24835000	      2384	80008b66	3404a3f3	csrrs	x7,mscratch,x9	  x9:0x8001fe92  x7=0x0000000a
       24845000	      2385	80008b6a	03d44763	blt	x8,x29,80008b98	  x8:0x00000004 x29:0x00000008
       24865000	      2387	80008b98	68bc8913	addi	x18,x25,1675	 x25:0x80023ce4 x18=0x8002436f
       24895000	      2390	80008b9c	035187b3	mul	x15,x3,x21	  x3:0x80008a22 x21:0x00000800 x15=0x04511000
       24915000	      2392	80008ba0	03b7d233	divu	x4,x15,x27	 x15:0x04511000 x27:0x00000000  x4=0xffffffff
       24945000	      2395	80008ba4	02a00d33	mul	x26,x0,x10	  x0:0x00000000 x10:0x800089f0 x26=0x00000000
       24955000	      2396	80008ba8	01073b33	sltu	x22,x14,x16	 x14:0x00000004 x16:0x00000000 x22=0x00000000
       24965000	      2397	80008bac	e9402a13	slti	x20,x0,-364	  x0:0x00000000 x20=0x00000000
       24975000	      2398	80008bb0	0080dbb3	srl	x23,x1,x8	  x1:0x80008a90  x8:0x00000004 x23=0x080008a9
       24985000	      2399	80008bb4	036f6f63	bltu	x30,x22,80008bf2	 x30:0x800089b0 x22:0x00000000
       24995000	      2400	80008bb8	023ef963	bgeu	x29,x3,80008bea	 x29:0x00000008  x3:0x80008a22
       25005000	      2401	80008bbc	00565763	bge	x12,x5,80008bca	 x12:0x00000080  x5:0x00000001
       25035000	      2404	80008bca	34007373	csrrci	x6,mscratch,0	  x6=0x8001fe9a
       25045000	      2405	80008bce	0001	c.addi	x0,0	  x0:0x00000000  x0=0x00000000
       25055000	      2406	80008bd0	8e81	c.sub	x13,x8	 x13:0x0000000a  x8:0x00000004 x13=0x00000006
       25065000	      2407	80008bd2	6dd43793	sltiu	x15,x8,1757	  x8:0x00000004 x15=0x00000001
       25075000	      2408	80008bd6	01e49c63	bne	x9,x30,80008bee	  x9:0x8001fe92 x30:0x800089b0
       25105000	      2411	80008bee	01eaaf33	slt	x30,x21,x30	 x21:0x00000800 x30:0x800089b0 x30=0x00000000
       25115000	      2412	80008bf2	34091d73	csrrw	x26,mscratch,x18	 x18:0x8002436f x26=0x8001fe9a
       25485000	      2449	80008bf6	02a07a33	remu	x20,x0,x10	  x0:0x00000000 x10:0x800089f0 x20=0x00000000
       25495000	      2450	80008bfa	01f976b3	and	x13,x18,x31	 x18:0x8002436f x31:0x00000000 x13=0x00000000
       25505000	      2451	80008bfe	e391	c.bnez	x15,80008c02	 x15:0x00000001
       25535000	      2454	80008c02	0030b033	sltu	x0,x1,x3	  x1:0x80008a90  x3:0x80008a22  x0=0x00000000
       25545000	      2455	80008c06	340021f3	csrrs	x3,mscratch,x0	  x0:0x00000000  x3=0x8002436f
       25915000	      2492	80008c0a	0329da33	divu	x20,x19,x18	 x19:0x8001fe48 x18:0x8002436f x20=0x00000000
       25925000	      2493	80008c0e	01c41f13	slli	x30,x8,0x1c	  x8:0x00000004 x30=0x40000000
       25955000	      2496	80008c12	033a01b3	mul	x3,x20,x19	 x20:0x00000000 x19:0x8001fe48  x3=0x00000000
       25965000	      2497	80008c16	038fe863	bltu	x31,x24,80008c46	 x31:0x00000000 x24:0x80008cce
       25995000	      2500	80008c46	019fa3b3	slt	x7,x31,x25	 x31:0x00000000 x25:0x80023ce4  x7=0x00000000
       26005000	      2501	80008c4a	0ff0000f	fence	iorw,iorw	
       26015000	      2502	80008c4e	41c55a93	srai	x21,x10,0x1c	 x10:0x800089f0 x21=0xfffffff8
       26025000	      2503	80008c52	012ec5b3	xor	x11,x29,x18	 x29:0x00000008 x18:0x8002436f x11=0x80024367
       26035000	      2504	80008c56	0ff0000f	fence	iorw,iorw	
       26045000	      2505	80008c5a	6dc9	c.lui	x27,0x12	 x27=0x00012000
       26055000	      2506	80008c5c	1a04	c.addi4spn	x9,x2,304	  x9=0x000000eb
       26065000	      2507	80008c5e	469d	c.li	x13,7	 x13=0x00000007
       26075000	      2508	80008c60	0038db33	srl	x22,x17,x3	 x17:0x0000001d  x3:0x00000000 x22=0x0000001d
       26085000	      2509	80008c64	405dde33	sra	x28,x27,x5	 x27:0x00012000  x5:0x00000001 x28=0x00009000
       26455000	      2546	80008c68	03145bb3	divu	x23,x8,x17	  x8:0x00000004 x17:0x0000001d x23=0x00000000
       26465000	      2547	80008c6c	5b7d	c.li	x22,-1	 x22=0xffffffff
       26475000	      2548	80008c6e	0424f063	bgeu	x9,x2,80008cae	  x9:0x000000eb  x2:0xffffffbb
       26845000	      2585	80008c72	03b363b3	rem	x7,x6,x27	  x6:0x8001fe9a x27:0x00012000  x7=0xffff9e9a
       26855000	      2586	80008c76	03859363	bne	x11,x24,80008c9c	 x11:0x80024367 x24:0x80008cce
       26875000	      2588	80008c9c	014b5333	srl	x6,x22,x20	 x22:0xffffffff x20:0x00000000  x6=0xffffffff
       26885000	      2589	80008ca0	4b25	c.li	x22,9	 x22=0x00000009
       26925000	      2593	80008ca2	02d4a033	mulhsu	x0,x9,x13	  x9:0x000000eb x13:0x00000007  x0=0x00000000
       26935000	      2594	80008ca6	034e	c.slli	x6,0x13	  x6:0xffffffff  x6=0xfff80000
       26945000	      2595	80008ca8	1618	c.addi4spn	x14,x2,800	 x14=0x000002db
       26955000	      2596	80008caa	a6503613	sltiu	x12,x0,-1435	  x0:0x00000000 x12=0x00000001
       26965000	      2597	80008cae	05665063	bge	x12,x22,80008cee	 x12:0x00000001 x22:0x00000009
       27335000	      2634	80008cb2	02bd60b3	rem	x1,x26,x11	 x26:0x8001fe9a x11:0x80024367  x1=0xffffbb33
       27705000	      2671	80008cb6	02e9eab3	rem	x21,x19,x14	 x19:0x8001fe48 x14:0x000002db x21=0xfffffec9
       27715000	      2672	80008cba	03716c63	bltu	x2,x23,80008cf2	  x2:0xffffffbb x23:0x00000000
       27725000	      2673	80008cbe	40c65833	sra	x16,x12,x12	 x12:0x00000001 x12:0x00000001 x16=0x00000000
       27765000	      2677	80008cc2	03ab3533	mulhu	x10,x22,x26	 x22:0x00000009 x26:0x8001fe9a x10=0x00000004
       27775000	      2678	80008cc6	98fd	c.andi	x9,-1	  x9:0x000000eb  x9=0x000000eb
       27785000	      2679	80008cc8	8169	c.srli	x10,0x1a	 x10:0x00000004 x10=0x00000000
       27825000	      2683	80008cca	03e694b3	mulh	x9,x13,x30	 x13:0x00000007 x30:0x40000000  x9=0x00000001
       27835000	      2684	80008cce	81b9	c.srli	x11,0xe	 x11:0x80024367 x11=0x00020009
       27845000	      2685	80008cd0	8c89	c.sub	x9,x10	  x9:0x00000001 x10:0x00000000  x9=0x00000001
       27855000	      2686	80008cd2	01bc18b3	sll	x17,x24,x27	 x24:0x80008cce x27:0x00012000 x17=0x80008cce
       27865000	      2687	80008cd6	419ad493	srai	x9,x21,0x19	 x21:0xfffffec9  x9=0xffffffff
       27875000	      2688	80008cda	00ac1913	slli	x18,x24,0xa	 x24:0x80008cce x18=0x02333800
       27885000	      2689	80008cde	340078f3	csrrci	x17,mscratch,0	 x17=0x8002436f
       27895000	      2690	80008ce2	cb16ee97	auipc	x29,0xcb16e	 x29=0x4b176ce2
       27905000	      2691	80008ce6	b702ba17	auipc	x20,0xb702b	 x20=0x37033ce6
       27915000	      2692	80008cea	03754e63	blt	x10,x23,80008d26	 x10:0x00000000 x23:0x00000000
       27925000	      2693	80008cee	0ff0000f	fence	iorw,iorw	
       28295000	      2730	80008cf2	029bf133	remu	x2,x23,x9	 x23:0x00000000  x9:0xffffffff  x2=0x00000000
       28305000	      2731	80008cf6	83c1	c.srli	x15,0x10	 x15:0x00000001 x15=0x00000000
       28315000	      2732	80008cf8	016f1593	slli	x11,x30,0x16	 x30:0x40000000 x11=0x00000000
       28325000	      2733	80008cfc	6719	c.lui	x14,0x6	 x14=0x00006000
       28335000	      2734	80008cfe	00c25133	srl	x2,x4,x12	  x4:0xffffffff x12:0x00000001  x2=0x7fffffff
       28345000	      2735	80008d02	cf6afa13	andi	x20,x21,-778	 x21:0xfffffec9 x20=0xfffffcc0
       28355000	      2736	80008d06	cb05	c.beqz	x14,80008d36	 x14:0x00006000
       28365000	      2737	80008d08	8e31	c.xor	x12,x12	 x12:0x00000001 x12:0x00000001 x12=0x00000000
       28375000	      2738	80008d0a	01728e33	add	x28,x5,x23	  x5:0x00000001 x23:0x00000000 x28=0x00000001
       28385000	      2739	80008d0e	8df1	c.and	x11,x12	 x11:0x00000000 x12:0x00000000 x11=0x00000000
       28415000	      2742	80008d10	039e0833	mul	x16,x28,x25	 x28:0x00000001 x25:0x80023ce4 x16=0x80023ce4
       28425000	      2743	80008d14	01eafc63	bgeu	x21,x30,80008d2c	 x21:0xfffffec9 x30:0x40000000
       28445000	      2745	80008d2c	3403ef73	csrrsi	x30,mscratch,7	 x30=0x8002436f
       28455000	      2746	80008d30	0001	c.addi	x0,0	  x0:0x00000000  x0=0x00000000
       28485000	      2749	80008d32	03d78533	mul	x10,x15,x29	 x15:0x00000000 x29:0x4b176ce2 x10=0x00000000
       28495000	      2750	80008d36	4b05f093	andi	x1,x11,1200	 x11:0x00000000  x1=0x00000000
       28505000	      2751	80008d3a	00a70333	add	x6,x14,x10	 x14:0x00006000 x10:0x00000000  x6=0x00006000
       28875000	      2788	80008d3e	0321f833	remu	x16,x3,x18	  x3:0x00000000 x18:0x02333800 x16=0x00000000
       28885000	      2789	80008d42	4a197293	andi	x5,x18,1185	 x18:0x02333800  x5=0x00000000
       28895000	      2790	80008d46	3408ad73	csrrs	x26,mscratch,x17	 x17:0x8002436f x26=0x8002436f
       28905000	      2791	80008d4a	8fa5	c.xor	x15,x9	 x15:0x00000000  x9:0xffffffff x15=0xffffffff
       28915000	      2792	80008d4c	00cb14b3	sll	x9,x22,x12	 x22:0x00000009 x12:0x00000000  x9=0x00000009
       28925000	      2793	80008d50	00ad0e63	beq	x26,x10,80008d6c	 x26:0x8002436f x10:0x00000000
       28935000	      2794	80008d54	557d	c.li	x10,-1	 x10=0xffffffff
       28945000	      2795	80008d56	029efe63	bgeu	x29,x9,80008d92	 x29:0x4b176ce2  x9:0x00000009
       28975000	      2798	80008d92	406a8333	sub	x6,x21,x6	 x21:0xfffffec9  x6:0x00006000  x6=0xffff9ec9
       29345000	      2835	80008d96	024bfc33	remu	x24,x23,x4	 x23:0x00000000  x4:0xffffffff x24=0x00000000
       29355000	      2836	80008d9a	da084693	xori	x13,x16,-608	 x16:0x00000000 x13=0xfffffda0
       29365000	      2837	80008d9e	015f77b3	and	x15,x30,x21	 x30:0x8002436f x21:0xfffffec9 x15=0x80024249
       29375000	      2838	80008da2	ed11	c.bnez	x10,80008dbe	 x10:0xffffffff
       29765000	      2877	80008dbe	03b5f033	remu	x0,x11,x27	 x11:0x00000000 x27:0x00012000  x0=0x00000000
       29775000	      2878	80008dc2	909af293	andi	x5,x21,-1783	 x21:0xfffffec9  x5=0xfffff809
       30145000	      2915	80008dc6	033f4633	div	x12,x30,x19	 x30:0x8002436f x19:0x8001fe48 x12=0x00000000
       30155000	      2916	80008dca	0049a083	lw	x1,4(x19)	 x19:0x8001fe48  x1=0x80004184 PA:0x8001fe4c load:0x80004184
       30165000	      2917	80008dce	3403d373	csrrwi	x6,mscratch,7	  x6=0x8002436f
       30175000	      2918	80008dd2	09f1	c.addi	x19,28	 x19:0x8001fe48 x19=0x8001fe64
       30185000	      2919	80008dd4	f6df3f13	sltiu	x30,x30,-147	 x30:0x8002436f x30=0x00000001
       30195000	      2920	80008dd8	01fd8733	add	x14,x27,x31	 x27:0x00012000 x31:0x00000000 x14=0x00012000
       30205000	      2921	80008ddc	1d84	c.addi4spn	x9,x2,752	  x9=0x800002ef
       30215000	      2922	80008dde	b7392e13	slti	x28,x18,-1165	 x18:0x02333800 x28=0x00000000
       30585000	      2959	80008de2	03e3cab3	div	x21,x7,x30	  x7:0xffff9e9a x30:0x00000001 x21=0xffff9e9a
       30595000	      2960	80008de6	40cb5c33	sra	x24,x22,x12	 x22:0x00000009 x12:0x00000000 x24=0x00000009
       30605000	      2961	80008dea	00008b13	addi	x22,x1,0	  x1:0x80004184 x22=0x80004184
       30615000	      2962	80008dee	8b02	c.jr	x22	 x22:0x80004184
       30635000	      2964	80004184	98f6	c.add	x17,x29	 x17:0x8002436f x29:0x4b176ce2 x17=0xcb19b051
       30645000	      2965	80004186	34061573	csrrw	x10,mscratch,x12	 x12:0x00000000 x10=0x00000007
       30655000	      2966	8000418a	330fc513	xori	x10,x31,816	 x31:0x00000000 x10=0x00000330
       30665000	      2967	8000418e	00adcfb3	xor	x31,x27,x10	 x27:0x00012000 x10:0x00000330 x31=0x00012330
       30675000	      2968	80004192	0ff0000f	fence	iorw,iorw	
       30685000	      2969	80004196	09f78363	beq	x15,x31,8000421c	 x15:0x80024249 x31:0x00012330
       30695000	      2970	8000419a	5f7d	c.li	x30,-1	 x30=0xffffffff
       30705000	      2971	8000419c	0000100f	fence.i	
       30725000	      2973	800041a0	e2ad0293	addi	x5,x26,-470	 x26:0x8002436f  x5=0x80024199
       30735000	      2974	800041a4	00e678b3	and	x17,x12,x14	 x12:0x00000000 x14:0x00012000 x17=0x00000000
       30745000	      2975	800041a8	8cf5	c.and	x9,x13	  x9:0x800002ef x13:0xfffffda0  x9=0x800000a0
       30755000	      2976	800041aa	014ab533	sltu	x10,x21,x20	 x21:0xffff9e9a x20:0xfffffcc0 x10=0x00000001
       30765000	      2977	800041ae	007c1db3	sll	x27,x24,x7	 x24:0x00000009  x7:0xffff9e9a x27=0x24000000
       30775000	      2978	800041b2	811d	c.srli	x10,0x7	 x10:0x00000001 x10=0x00000000
       30785000	      2979	800041b4	0138f233	and	x4,x17,x19	 x17:0x00000000 x19:0x8001fe64  x4=0x00000000
       30795000	      2980	800041b8	3405a673	csrrs	x12,mscratch,x11	 x11:0x00000000 x12=0x00000000
       30805000	      2981	800041bc	00c000ef	jal	x1,800041c8	  x1=0x800041c0
       30825000	      2983	800041c8	006000ef	jal	x1,800041ce	  x1=0x800041cc
       30845000	      2985	800041ce	2835	c.jal	8000420a	  x1=0x800041d0
       30875000	      2988	8000420a	004000ef	jal	x1,8000420e	  x1=0x8000420e
       30895000	      2990	8000420e	3f7d	c.jal	800041cc	  x1=0x80004210
       30915000	      2992	800041cc	2835	c.jal	80004208	  x1=0x800041ce
       30935000	      2994	80004208	bf65	c.j	800041c0	
       30955000	      2996	800041c0	034000ef	jal	x1,800041f4	  x1=0x800041c4
       30975000	      2998	800041f4	fe7ff36f	jal	x6,800041da	  x6=0x800041f8
       30995000	      3000	800041da	2821	c.jal	800041f2	  x1=0x800041dc
       31015000	      3002	800041f2	2809	c.jal	80004204	  x1=0x800041f4
       31035000	      3004	80004204	b7ed	c.j	800041ee	
       31065000	      3007	800041ee	ff5ff0ef	jal	x1,800041e2	  x1=0x800041f2
       31095000	      3010	800041e2	ff5ff0ef	jal	x1,800041d6	  x1=0x800041e6
       31115000	      3012	800041d6	a809	c.j	800041e8	
       31135000	      3014	800041e8	a801	c.j	800041f8	
       31155000	      3016	800041f8	fcdff0ef	jal	x1,800041c4	  x1=0x800041fc
       31175000	      3018	800041c4	03c0016f	jal	x2,80004200	  x2=0x800041c8
       31195000	      3020	80004200	3ff1	c.jal	800041dc	  x1=0x80004202
       31215000	      3022	800041dc	ff9ff16f	jal	x2,800041d4	  x2=0x800041e0
       31235000	      3024	800041d4	a011	c.j	800041d8	
       31255000	      3026	800041d8	2809	c.jal	800041ea	  x1=0x800041da
       31285000	      3029	800041ea	012000ef	jal	x1,800041fc	  x1=0x800041ee
       31305000	      3031	800041fc	00a0016f	jal	x2,80004206	  x2=0x80004200
       31325000	      3033	80004206	3fe9	c.jal	800041e0	  x1=0x80004208
       31345000	      3035	800041e0	200d	c.jal	80004202	  x1=0x800041e2
       31365000	      3037	80004202	37d5	c.jal	800041e6	  x1=0x80004204
       31385000	      3039	800041e6	b7ed	c.j	800041d0	
       31405000	      3041	800041d0	040000ef	jal	x1,80004210	  x1=0x800041d4
       31425000	      3043	80004210	405c0a33	sub	x20,x24,x5	 x24:0x00000009  x5:0x80024199 x20=0x7ffdbe70
       31435000	      3044	80004214	8f61	c.and	x14,x8	 x14:0x00012000  x8:0x00000004 x14=0x00000000
       31445000	      3045	80004216	006e3e33	sltu	x28,x28,x6	 x28:0x00000000  x6:0x800041f8 x28=0x00000001
       31455000	      3046	8000421a	597d	c.li	x18,-1	 x18=0xffffffff
       31465000	      3047	8000421c	9b7d	c.andi	x14,-1	 x14:0x00000000 x14=0x00000000
       31475000	      3048	8000421e	ffffc417	auipc	x8,0xffffc	  x8=0x8000021e
       31485000	      3049	80004222	13440413	addi	x8,x8,308	  x8:0x8000021e  x8=0x80000352
       31495000	      3050	80004226	00040067	jalr	x0,0(x8)	  x8:0x80000352  x0=0x00000000
       31525000	      3053	80000352	90000b37	lui	x22,0x90000	 x22=0x90000000
       31535000	      3054	80000356	1b61	c.addi	x22,-8	 x22:0x90000000 x22=0x8ffffff8
       31545000	      3055	80000358	4601	c.li	x12,0	 x12=0x00000000
       31555000	      3056	8000035a	0622	c.slli	x12,0x8	 x12:0x00000000 x12=0x00000000
       31565000	      3057	8000035c	0605	c.addi	x12,1	 x12:0x00000000 x12=0x00000001
       31575000	      3058	8000035e	00cb2023	sw	x12,0(x22)	 x22:0x8ffffff8 x12:0x00000001 PA:0x8ffffff8 store:0x00000001 load:0x00000000
       31585000	      3059	80000362	00000073	ecall	
       31615000	      3062	80002700	0800006f	jal	x0,80002780	  x0=0x00000000
       31635000	      3064	80002780	1cf1	c.addi	x25,-4	 x25:0x80023ce4 x25=0x80023ce0
       31645000	      3065	80002782	013ca023	sw	x19,0(x25)	 x25:0x80023ce0 x19:0x8001fe64 PA:0x80023ce0 store:0x8001fe64 load:0x00000000
