Time	Cycle	PC	Insn	Decoded instruction	Register and memory contents
       15315000	       664	80000080	40001637	lui	x12,0x40001	 x12=0x40001000
       15335000	       665	80000084	10660613	addi	x12,x12,262	 x12:0x40001000 x12=0x40001106
       15355000	       666	80000088	30161073	csrrw	x0,misa,x12	 x12:0x40001106  x0=0x00000000
       15475000	       672	8000008c	00024c97	auipc	x25,0x24	 x25=0x8002408c
       15495000	       673	80000090	c58c8c93	addi	x25,x25,-936	 x25:0x8002408c x25=0x80023ce4
       15595000	       678	80000094	00002617	auipc	x12,0x2	 x12=0x80002094
       15615000	       679	80000098	66c60613	addi	x12,x12,1644	 x12:0x80002094 x12=0x80002700
       15635000	       680	8000009c	00166613	ori	x12,x12,1	 x12:0x80002700 x12=0x80002701
       15655000	       681	800000a0	30561073	csrrw	x0,mtvec,x12	 x12:0x80002701  x0=0x00000000
       15715000	       684	800000a4	74725073	csrrwi	x0,0x747,4	  x0=0x00000000
       15775000	       687	800000a8	00003417	auipc	x8,0x3	  x8=0x800030a8
       15795000	       688	800000ac	3cc40413	addi	x8,x8,972	  x8:0x800030a8  x8=0x80003474
       15815000	       689	800000b0	4601	c.li	x12,0	 x12=0x00000000
       15835000	       690	800000b2	9432	c.add	x8,x12	  x8:0x80003474 x12:0x00000000  x8=0x80003474
       15955000	       696	800000b4	8009	c.srli	x8,0x2	  x8:0x80003474  x8=0x20000d1d
       16055000	       701	800000b6	3b041073	csrrw	x0,pmpaddr0,x8	  x8:0x20000d1d  x0=0x00000000
       16215000	       709	800000ba	00003417	auipc	x8,0x3	  x8=0x800030ba
       16235000	       710	800000be	3ba40413	addi	x8,x8,954	  x8:0x800030ba  x8=0x80003474
       16255000	       711	800000c2	11111637	lui	x12,0x11111	 x12=0x11111000
       16275000	       712	800000c6	11160613	addi	x12,x12,273	 x12:0x11111000 x12=0x11111111
       16295000	       713	800000ca	9432	c.add	x8,x12	  x8:0x80003474 x12:0x11111111  x8=0x91114585
       16375000	       717	800000cc	8009	c.srli	x8,0x2	  x8:0x91114585  x8=0x24445161
       16495000	       723	800000ce	3b141073	csrrw	x0,pmpaddr1,x8	  x8:0x24445161  x0=0x00000000
       16655000	       731	800000d2	00003417	auipc	x8,0x3	  x8=0x800030d2
       16955000	       746	800000d6	3a240413	addi	x8,x8,930	  x8:0x800030d2  x8=0x80003474
       17055000	       751	800000da	22222637	lui	x12,0x22222	 x12=0x22222000
       17075000	       752	800000de	22260613	addi	x12,x12,546	 x12:0x22222000 x12=0x22222222
       17095000	       753	800000e2	9432	c.add	x8,x12	  x8:0x80003474 x12:0x22222222  x8=0xa2225696
       17255000	       761	800000e4	8009	c.srli	x8,0x2	  x8:0xa2225696  x8=0x288895a5
       17655000	       781	800000e6	3b241073	csrrw	x0,pmpaddr2,x8	  x8:0x288895a5  x0=0x00000000
       17735000	       785	800000ea	00003417	auipc	x8,0x3	  x8=0x800030ea
       17995000	       798	800000ee	38a40413	addi	x8,x8,906	  x8:0x800030ea  x8=0x80003474
       18115000	       804	800000f2	33333637	lui	x12,0x33333	 x12=0x33333000
       18255000	       811	800000f6	33360613	addi	x12,x12,819	 x12:0x33333000 x12=0x33333333
       18275000	       812	800000fa	9432	c.add	x8,x12	  x8:0x80003474 x12:0x33333333  x8=0xb33367a7
       18295000	       813	800000fc	8009	c.srli	x8,0x2	  x8:0xb33367a7  x8=0x2cccd9e9
       18315000	       814	800000fe	3b341073	csrrw	x0,pmpaddr3,x8	  x8:0x2cccd9e9  x0=0x00000000
       18435000	       820	80000102	0f0f1437	lui	x8,0xf0f1	  x8=0x0f0f1000
       18575000	       827	80000106	f0f40413	addi	x8,x8,-241	  x8:0x0f0f1000  x8=0x0f0f0f0f
       18595000	       828	8000010a	3a041073	csrrw	x0,pmpcfg0,x8	  x8:0x0f0f0f0f  x0=0x00000000
       18775000	       837	8000010e	00003417	auipc	x8,0x3	  x8=0x8000310e
       19195000	       858	80000112	36640413	addi	x8,x8,870	  x8:0x8000310e  x8=0x80003474
       19215000	       859	80000116	44444637	lui	x12,0x44444	 x12=0x44444000
       19235000	       860	8000011a	44460613	addi	x12,x12,1092	 x12:0x44444000 x12=0x44444444
       19255000	       861	8000011e	9432	c.add	x8,x12	  x8:0x80003474 x12:0x44444444  x8=0xc44478b8
       19655000	       881	80000120	8009	c.srli	x8,0x2	  x8:0xc44478b8  x8=0x31111e2e
       19675000	       882	80000122	3b441073	csrrw	x0,pmpaddr4,x8	  x8:0x31111e2e  x0=0x00000000
       19735000	       885	80000126	00003417	auipc	x8,0x3	  x8=0x80003126
       19995000	       898	8000012a	34e40413	addi	x8,x8,846	  x8:0x80003126  x8=0x80003474
       20015000	       899	8000012e	55555637	lui	x12,0x55555	 x12=0x55555000
       20035000	       900	80000132	55560613	addi	x12,x12,1365	 x12:0x55555000 x12=0x55555555
       20055000	       901	80000136	9432	c.add	x8,x12	  x8:0x80003474 x12:0x55555555  x8=0xd55589c9
       20075000	       902	80000138	8009	c.srli	x8,0x2	  x8:0xd55589c9  x8=0x35556272
       20475000	       922	8000013a	3b541073	csrrw	x0,pmpaddr5,x8	  x8:0x35556272  x0=0x00000000
       20835000	       940	8000013e	00003417	auipc	x8,0x3	  x8=0x8000313e
       20855000	       941	80000142	33640413	addi	x8,x8,822	  x8:0x8000313e  x8=0x80003474
       20895000	       943	80000146	66666637	lui	x12,0x66666	 x12=0x66666000
       20915000	       944	8000014a	66660613	addi	x12,x12,1638	 x12:0x66666000 x12=0x66666666
       20935000	       945	8000014e	9432	c.add	x8,x12	  x8:0x80003474 x12:0x66666666  x8=0xe6669ada
       20955000	       946	80000150	8009	c.srli	x8,0x2	  x8:0xe6669ada  x8=0x3999a6b6
       21255000	       961	80000152	3b641073	csrrw	x0,pmpaddr6,x8	  x8:0x3999a6b6  x0=0x00000000
       21315000	       964	80000156	00003417	auipc	x8,0x3	  x8=0x80003156
       21615000	       979	8000015a	31e40413	addi	x8,x8,798	  x8:0x80003156  x8=0x80003474
       21635000	       980	8000015e	77777637	lui	x12,0x77777	 x12=0x77777000
       21655000	       981	80000162	77760613	addi	x12,x12,1911	 x12:0x77777000 x12=0x77777777
       21675000	       982	80000166	9432	c.add	x8,x12	  x8:0x80003474 x12:0x77777777  x8=0xf777abeb
       21695000	       983	80000168	8009	c.srli	x8,0x2	  x8:0xf777abeb  x8=0x3dddeafa
       21895000	       993	8000016a	3b741073	csrrw	x0,pmpaddr7,x8	  x8:0x3dddeafa  x0=0x00000000
       21955000	       996	8000016e	0f0f1437	lui	x8,0xf0f1	  x8=0x0f0f1000
       21975000	       997	80000172	f0f40413	addi	x8,x8,-241	  x8:0x0f0f1000  x8=0x0f0f0f0f
       21995000	       998	80000176	3a141073	csrrw	x0,pmpcfg1,x8	  x8:0x0f0f0f0f  x0=0x00000000
       22055000	      1001	8000017a	00003417	auipc	x8,0x3	  x8=0x8000317a
       22155000	      1006	8000017e	2fa40413	addi	x8,x8,762	  x8:0x8000317a  x8=0x80003474
       22175000	      1007	80000182	88889637	lui	x12,0x88889	 x12=0x88889000
       22195000	      1008	80000186	88860613	addi	x12,x12,-1912	 x12:0x88889000 x12=0x88888888
       22215000	      1009	8000018a	9432	c.add	x8,x12	  x8:0x80003474 x12:0x88888888  x8=0x0888bcfc
       22235000	      1010	8000018c	8009	c.srli	x8,0x2	  x8:0x0888bcfc  x8=0x02222f3f
       22255000	      1011	8000018e	3b841073	csrrw	x0,pmpaddr8,x8	  x8:0x02222f3f  x0=0x00000000
       22375000	      1017	80000192	00003417	auipc	x8,0x3	  x8=0x80003192
       22395000	      1018	80000196	2e240413	addi	x8,x8,738	  x8:0x80003192  x8=0x80003474
       22575000	      1027	8000019a	9999a637	lui	x12,0x9999a	 x12=0x9999a000
       22595000	      1028	8000019e	99960613	addi	x12,x12,-1639	 x12:0x9999a000 x12=0x99999999
       22615000	      1029	800001a2	9432	c.add	x8,x12	  x8:0x80003474 x12:0x99999999  x8=0x1999ce0d
       22695000	      1033	800001a4	8009	c.srli	x8,0x2	  x8:0x1999ce0d  x8=0x06667383
       22715000	      1034	800001a6	3b941073	csrrw	x0,pmpaddr9,x8	  x8:0x06667383  x0=0x00000000
       22855000	      1041	800001aa	00003417	auipc	x8,0x3	  x8=0x800031aa
       23255000	      1061	800001ae	2ca40413	addi	x8,x8,714	  x8:0x800031aa  x8=0x80003474
       23275000	      1062	800001b2	aaaab637	lui	x12,0xaaaab	 x12=0xaaaab000
       23475000	      1072	800001b6	aaa60613	addi	x12,x12,-1366	 x12:0xaaaab000 x12=0xaaaaaaaa
       23495000	      1073	800001ba	9432	c.add	x8,x12	  x8:0x80003474 x12:0xaaaaaaaa  x8=0x2aaadf1e
       23515000	      1074	800001bc	8009	c.srli	x8,0x2	  x8:0x2aaadf1e  x8=0x0aaab7c7
       23635000	      1080	800001be	3ba41073	csrrw	x0,pmpaddr10,x8	  x8:0x0aaab7c7  x0=0x00000000
       23695000	      1083	800001c2	00003417	auipc	x8,0x3	  x8=0x800031c2
       24075000	      1102	800001c6	2b240413	addi	x8,x8,690	  x8:0x800031c2  x8=0x80003474
       24215000	      1109	800001ca	bbbbc637	lui	x12,0xbbbbc	 x12=0xbbbbc000
       24555000	      1126	800001ce	bbb60613	addi	x12,x12,-1093	 x12:0xbbbbc000 x12=0xbbbbbbbb
       24575000	      1127	800001d2	9432	c.add	x8,x12	  x8:0x80003474 x12:0xbbbbbbbb  x8=0x3bbbf02f
       24595000	      1128	800001d4	8009	c.srli	x8,0x2	  x8:0x3bbbf02f  x8=0x0eeefc0b
       24775000	      1137	800001d6	3bb41073	csrrw	x0,pmpaddr11,x8	  x8:0x0eeefc0b  x0=0x00000000
       24955000	      1146	800001da	0f0f1437	lui	x8,0xf0f1	  x8=0x0f0f1000
       25075000	      1152	800001de	f0f40413	addi	x8,x8,-241	  x8:0x0f0f1000  x8=0x0f0f0f0f
       25495000	      1173	800001e2	3a241073	csrrw	x0,pmpcfg2,x8	  x8:0x0f0f0f0f  x0=0x00000000
       25595000	      1178	800001e6	00003417	auipc	x8,0x3	  x8=0x800031e6
       25695000	      1183	800001ea	28e40413	addi	x8,x8,654	  x8:0x800031e6  x8=0x80003474
       25715000	      1184	800001ee	ccccd637	lui	x12,0xccccd	 x12=0xccccd000
       26135000	      1205	800001f2	ccc60613	addi	x12,x12,-820	 x12:0xccccd000 x12=0xcccccccc
       26155000	      1206	800001f6	9432	c.add	x8,x12	  x8:0x80003474 x12:0xcccccccc  x8=0x4ccd0140
       26175000	      1207	800001f8	8009	c.srli	x8,0x2	  x8:0x4ccd0140  x8=0x13334050
       26195000	      1208	800001fa	3bc41073	csrrw	x0,pmpaddr12,x8	  x8:0x13334050  x0=0x00000000
       26255000	      1211	800001fe	00003417	auipc	x8,0x3	  x8=0x800031fe
       26275000	      1212	80000202	27640413	addi	x8,x8,630	  x8:0x800031fe  x8=0x80003474
       26595000	      1228	80000206	dddde637	lui	x12,0xdddde	 x12=0xdddde000
       26615000	      1229	8000020a	ddd60613	addi	x12,x12,-547	 x12:0xdddde000 x12=0xdddddddd
       26635000	      1230	8000020e	9432	c.add	x8,x12	  x8:0x80003474 x12:0xdddddddd  x8=0x5dde1251
       26655000	      1231	80000210	8009	c.srli	x8,0x2	  x8:0x5dde1251  x8=0x17778494
       26675000	      1232	80000212	3bd41073	csrrw	x0,pmpaddr13,x8	  x8:0x17778494  x0=0x00000000
       26755000	      1236	80000216	00003417	auipc	x8,0x3	  x8=0x80003216
       26995000	      1248	8000021a	25e40413	addi	x8,x8,606	  x8:0x80003216  x8=0x80003474
       27015000	      1249	8000021e	eeeef637	lui	x12,0xeeeef	 x12=0xeeeef000
       27175000	      1257	80000222	eee60613	addi	x12,x12,-274	 x12:0xeeeef000 x12=0xeeeeeeee
       27195000	      1258	80000226	9432	c.add	x8,x12	  x8:0x80003474 x12:0xeeeeeeee  x8=0x6eef2362
       27455000	      1271	80000228	8009	c.srli	x8,0x2	  x8:0x6eef2362  x8=0x1bbbc8d8
       27475000	      1272	8000022a	3be41073	csrrw	x0,pmpaddr14,x8	  x8:0x1bbbc8d8  x0=0x00000000
       27535000	      1275	8000022e	00003417	auipc	x8,0x3	  x8=0x8000322e
       27555000	      1276	80000232	24640413	addi	x8,x8,582	  x8:0x8000322e  x8=0x80003474
       27575000	      1277	80000236	fff00613	addi	x12,x0,-1	  x0:0x00000000 x12=0xffffffff
       27595000	      1278	8000023a	9432	c.add	x8,x12	  x8:0x80003474 x12:0xffffffff  x8=0x80003473
       27615000	      1279	8000023c	8009	c.srli	x8,0x2	  x8:0x80003473  x8=0x20000d1c
       27635000	      1280	8000023e	3bf41073	csrrw	x0,pmpaddr15,x8	  x8:0x20000d1c  x0=0x00000000
       27795000	      1288	80000242	0f0f1437	lui	x8,0xf0f1	  x8=0x0f0f1000
       27815000	      1289	80000246	f0f40413	addi	x8,x8,-241	  x8:0x0f0f1000  x8=0x0f0f0f0f
       27975000	      1297	8000024a	3a341073	csrrw	x0,pmpcfg3,x8	  x8:0x0f0f0f0f  x0=0x00000000
       28035000	      1300	8000024e	00000617	auipc	x12,0x0	 x12=0x8000024e
       28075000	      1302	80000252	05860613	addi	x12,x12,88	 x12:0x8000024e x12=0x800002a6
       28095000	      1303	80000256	34161073	csrrw	x0,mepc,x12	 x12:0x800002a6  x0=0x00000000
       28275000	      1312	8000025a	7c00d073	csrrwi	x0,0x7c0,1	  x0=0x00000000
       28335000	      1315	8000025e	6609	c.lui	x12,0x2	 x12=0x00002000
       28495000	      1323	80000260	80060613	addi	x12,x12,-2048	 x12:0x00002000 x12=0x00001800
       28775000	      1337	80000264	30061073	csrrw	x0,mstatus,x12	 x12:0x00001800  x0=0x00000000
       28855000	      1341	80000268	4601	c.li	x12,0	 x12=0x00000000
       28995000	      1348	8000026a	30461073	csrrw	x0,mie,x12	 x12:0x00000000  x0=0x00000000
       29335000	      1365	8000026e	90000b37	lui	x22,0x90000	 x22=0x90000000
       29355000	      1366	80000272	1b71	c.addi	x22,-4	 x22:0x90000000 x22=0x8ffffffc
       29495000	      1373	80000274	30000613	addi	x12,x0,768	  x0:0x00000000 x12=0x00000300
       29595000	      1378	80000278	0622	c.slli	x12,0x8	 x12:0x00000300 x12=0x00030000
       29615000	      1379	8000027a	060d	c.addi	x12,3	 x12:0x00030000 x12=0x00030003
       29735000	      1385	8000027c	00cb2023	sw	x12,0(x22)	 x22:0x8ffffffc x12:0x00030003 PA:0x8ffffffc store:0x00030003 load:0xffffffff
       30035000	      1400	80000280	30002673	csrrs	x12,mstatus,x0	  x0:0x00000000 x12=0x00001800
       30275000	      1412	80000284	00cb2023	sw	x12,0(x22)	 x22:0x8ffffffc x12:0x00001800 PA:0x8ffffffc store:0x00001800 load:0xffffffff
       30295000	      1413	80000288	90000b37	lui	x22,0x90000	 x22=0x90000000
       30495000	      1423	8000028c	1b71	c.addi	x22,-4	 x22:0x90000000 x22=0x8ffffffc
       30515000	      1424	8000028e	30400613	addi	x12,x0,772	  x0:0x00000000 x12=0x00000304
       30535000	      1425	80000292	0622	c.slli	x12,0x8	 x12:0x00000304 x12=0x00030400
       30555000	      1426	80000294	060d	c.addi	x12,3	 x12:0x00030400 x12=0x00030403
       30675000	      1432	80000296	00cb2023	sw	x12,0(x22)	 x22:0x8ffffffc x12:0x00030403 PA:0x8ffffffc store:0x00030403 load:0xffffffff
       30695000	      1433	8000029a	30402673	csrrs	x12,mie,x0	  x0:0x00000000 x12=0x00000000
       30715000	      1434	8000029e	00cb2023	sw	x12,0(x22)	 x22:0x8ffffffc x12:0x00000000 PA:0x8ffffffc store:0x00000000 load:0xffffffff
       30735000	      1435	800002a2	30200073	mret	
       30815000	      1439	800002a6	cdc0a037	lui	x0,0xcdc0a	  x0=0x00000000
       30835000	      1440	800002aa	ec900013	addi	x0,x0,-311	  x0:0x00000000  x0=0x00000000
       31695000	      1483	800002ae	800000b7	lui	x1,0x80000	  x1=0x80000000
       31715000	      1484	800002b2	80000137	lui	x2,0x80000	  x2=0x80000000
       31795000	      1488	800002b6	fff6f1b7	lui	x3,0xfff6f	  x3=0xfff6f000
       31815000	      1489	800002ba	beb18193	addi	x3,x3,-1045	  x3:0xfff6f000  x3=0xfff6ebeb
       31835000	      1490	800002be	420d	c.li	x4,3	  x4=0x00000003
       32015000	      1499	800002c0	4281	c.li	x5,0	  x5=0x00000000
       32035000	      1500	800002c2	80000337	lui	x6,0x80000	  x6=0x80000000
       32255000	      1511	800002c6	faeba3b7	lui	x7,0xfaeba	  x7=0xfaeba000
       32275000	      1512	800002ca	c0938393	addi	x7,x7,-1015	  x7:0xfaeba000  x7=0xfaeb9c09
       32295000	      1513	800002ce	4411	c.li	x8,4	  x8=0x00000004
       32315000	      1514	800002d0	4499	c.li	x9,6	  x9=0x00000006
       32395000	      1518	800002d2	ff3c4537	lui	x10,0xff3c4	 x10=0xff3c4000
       32555000	      1526	800002d6	09b50513	addi	x10,x10,155	 x10:0xff3c4000 x10=0xff3c409b
       32575000	      1527	800002da	f8f265b7	lui	x11,0xf8f26	 x11=0xf8f26000
       32595000	      1528	800002de	25c58593	addi	x11,x11,604	 x11:0xf8f26000 x11=0xf8f2625c
       32615000	      1529	800002e2	80000637	lui	x12,0x80000	 x12=0x80000000
       32635000	      1530	800002e6	46ad	c.li	x13,11	 x13=0x0000000b
       32715000	      1534	800002e8	7f8da737	lui	x14,0x7f8da	 x14=0x7f8da000
       32735000	      1535	800002ec	33470713	addi	x14,x14,820	 x14:0x7f8da000 x14=0x7f8da334
       32975000	      1547	800002f0	fd2187b7	lui	x15,0xfd218	 x15=0xfd218000
       32995000	      1548	800002f4	87b78793	addi	x15,x15,-1925	 x15:0xfd218000 x15=0xfd21787b
       33315000	      1564	800002f8	4801	c.li	x16,0	 x16=0x00000000
       33335000	      1565	800002fa	489d	c.li	x17,7	 x17=0x00000007
       33515000	      1574	800002fc	4911	c.li	x18,4	 x18=0x00000004
       33535000	      1575	800002fe	f15b6a37	lui	x20,0xf15b6	 x20=0xf15b6000
       33615000	      1579	80000302	b64a0a13	addi	x20,x20,-1180	 x20:0xf15b6000 x20=0xf15b5b64
       33635000	      1580	80000306	f2d69ab7	lui	x21,0xf2d69	 x21=0xf2d69000
       33655000	      1581	8000030a	361a8a93	addi	x21,x21,865	 x21:0xf2d69000 x21=0xf2d69361
       33675000	      1582	8000030e	4b01	c.li	x22,0	 x22=0x00000000
       33835000	      1590	80000310	8fde9bb7	lui	x23,0x8fde9	 x23=0x8fde9000
       34255000	      1611	80000314	a6fb8b93	addi	x23,x23,-1425	 x23:0x8fde9000 x23=0x8fde8a6f
       34315000	      1614	80000318	4c09	c.li	x24,2	 x24=0x00000002
       34335000	      1615	8000031a	7576bd37	lui	x26,0x7576b	 x26=0x7576b000
       34355000	      1616	8000031e	d53d0d13	addi	x26,x26,-685	 x26:0x7576b000 x26=0x7576ad53
       34775000	      1637	80000322	80000db7	lui	x27,0x80000	 x27=0x80000000
       34795000	      1638	80000326	4e01	c.li	x28,0	 x28=0x00000000
       34815000	      1639	80000328	d947feb7	lui	x29,0xd947f	 x29=0xd947f000
       35195000	      1658	8000032c	9b5e8e93	addi	x29,x29,-1611	 x29:0xd947f000 x29=0xd947e9b5
       35215000	      1659	80000330	4f2d	c.li	x30,11	 x30=0x0000000b
       35235000	      1660	80000332	4f8d	c.li	x31,3	 x31=0x00000003
       35255000	      1661	80000334	00020997	auipc	x19,0x20	 x19=0x80020334
       35275000	      1662	80000338	b3098993	addi	x19,x19,-1232	 x19:0x80020334 x19=0x8001fe64
       35675000	      1682	8000033c	90000b37	lui	x22,0x90000	 x22=0x90000000
       35835000	      1690	80000340	1b71	c.addi	x22,-4	 x22:0x90000000 x22=0x8ffffffc
       35855000	      1691	80000342	4601	c.li	x12,0	 x12=0x00000000
       35915000	      1694	80000344	0622	c.slli	x12,0x8	 x12:0x00000000 x12=0x00000000
       36115000	      1704	80000346	00060613	addi	x12,x12,0	 x12:0x00000000 x12=0x00000000
       36575000	      1727	8000034a	00cb2023	sw	x12,0(x22)	 x22:0x8ffffffc x12:0x00000000 PA:0x8ffffffc store:0x00000000 load:0xffffffff
       36595000	      1728	8000034e	1260306f	jal	x0,80003474	  x0=0x00000000
       36915000	      1744	80003474	038000ef	jal	x1,800034ac	  x1=0x80003478
       37115000	      1754	800034ac	012000ef	jal	x1,800034be	  x1=0x800034b0
       38255000	      1811	800034be	b7c9	c.j	80003480	
       38295000	      1813	80003480	200d	c.jal	800034a2	  x1=0x80003482
       38695000	      1833	800034a2	3ff5	c.jal	8000349e	  x1=0x800034a4
       39395000	      1868	8000349e	01200aef	jal	x21,800034b0	 x21=0x800034a2
       39435000	      1870	800034b0	37f5	c.jal	8000349c	  x1=0x800034b2
       39475000	      1872	8000349c	bfd5	c.j	80003490	
       39515000	      1874	80003490	00a0026f	jal	x4,8000349a	  x4=0x80003494
       39555000	      1876	8000349a	a029	c.j	800034a4	
       39595000	      1878	800034a4	bfe1	c.j	8000347c	
       39635000	      1880	8000347c	a02d	c.j	800034a6	
       40035000	      1900	800034a6	fe1ff0ef	jal	x1,80003486	  x1=0x800034aa
       40795000	      1938	80003486	012000ef	jal	x1,80003498	  x1=0x8000348a
       40835000	      1940	80003498	a809	c.j	800034aa	
       40875000	      1942	800034aa	37c5	c.jal	8000348a	  x1=0x800034ac
       40915000	      1944	8000348a	2025	c.jal	800034b2	  x1=0x8000348c
       40955000	      1946	800034b2	2011	c.jal	800034b6	  x1=0x800034b4
       41015000	      1949	800034b6	fd7ff0ef	jal	x1,8000348c	  x1=0x800034ba
       41055000	      1951	8000348c	2805	c.jal	800034bc	  x1=0x8000348e
       41135000	      1955	800034bc	bfc9	c.j	8000348e	
       41195000	      1958	8000348e	201d	c.jal	800034b4	  x1=0x80003490
       41255000	      1961	800034b4	2019	c.jal	800034ba	  x1=0x800034b6
       41315000	      1964	800034ba	3fe9	c.jal	80003494	  x1=0x800034bc
       41355000	      1966	80003494	fe5ff0ef	jal	x1,80003478	  x1=0x80003498
       41395000	      1968	80003478	00a007ef	jal	x15,80003482	 x15=0x8000347c
       41455000	      1971	80003482	ffdff0ef	jal	x1,8000347e	  x1=0x80003486
       41515000	      1974	8000347e	a089	c.j	800034c0	
       41555000	      1976	800034c0	02260db3	mul	x27,x12,x2	 x12:0x00000000  x2:0x80000000 x27=0x00000000
       41575000	      1977	800034c4	034000ef	jal	x1,800034f8	  x1=0x800034c8
       42395000	      2018	800034f8	ff9ffbef	jal	x23,800034f0	 x23=0x800034fc
       42815000	      2039	800034f0	fefffdef	jal	x27,800034de	 x27=0x800034f4
       42895000	      2043	800034de	2025	c.jal	80003506	  x1=0x800034e0
       43015000	      2049	80003506	fe7ff0ef	jal	x1,800034ec	  x1=0x8000350a
       43835000	      2090	800034ec	ff9ff7ef	jal	x15,800034e4	 x15=0x800034f0
       43895000	      2093	800034e4	01c0036f	jal	x6,80003500	  x6=0x800034e8
       43935000	      2095	80003500	b7e1	c.j	800034c8	
       43975000	      2097	800034c8	282d	c.jal	80003502	  x1=0x800034ca
       44015000	      2099	80003502	bfd9	c.j	800034d8	
       44055000	      2101	800034d8	004000ef	jal	x1,800034dc	  x1=0x800034dc
       44095000	      2103	800034dc	b7fd	c.j	800034ca	
       44135000	      2105	800034ca	2009	c.jal	800034cc	  x1=0x800034cc
       44175000	      2107	800034cc	0320016f	jal	x2,800034fe	  x2=0x800034d0
       44215000	      2109	800034fe	2019	c.jal	80003504	  x1=0x80003500
       44255000	      2111	80003504	a019	c.j	8000350a	
       44295000	      2113	8000350a	37e9	c.jal	800034d4	  x1=0x8000350c
       44335000	      2115	800034d4	014000ef	jal	x1,800034e8	  x1=0x800034d8
       44395000	      2118	800034e8	fe9ff86f	jal	x16,800034d0	 x16=0x800034ec
       44455000	      2121	800034d0	0100056f	jal	x10,800034e0	 x10=0x800034d4
       44515000	      2124	800034e0	0160036f	jal	x6,800034f6	  x6=0x800034e4
       44575000	      2127	800034f6	bffd	c.j	800034f4	
       44635000	      2130	800034f4	a821	c.j	8000350c	
       44675000	      2132	8000350c	ff1ff36f	jal	x6,800034fc	  x6=0x80003510
       44855000	      2141	800034fc	a811	c.j	80003510	
       44915000	      2144	80003510	5d7d	c.li	x26,-1	 x26=0xffffffff
       44935000	      2145	80003512	030000ef	jal	x1,80003542	  x1=0x80003516
       45655000	      2181	80003542	fe7ff0ef	jal	x1,80003528	  x1=0x80003546
       45875000	      2192	80003528	bfc5	c.j	80003518	
       45935000	      2195	80003518	a005	c.j	80003538	
       47115000	      2254	80003538	b7cd	c.j	8000351a	
       47155000	      2256	8000351a	2009	c.jal	8000351c	  x1=0x8000351c
       47195000	      2258	8000351c	a029	c.j	80003526	
       47995000	      2298	80003526	a005	c.j	80003546	
       48035000	      2300	80003546	b7dd	c.j	8000352c	
       48075000	      2302	8000352c	a019	c.j	80003532	
       48115000	      2304	80003532	3ff5	c.jal	8000352e	  x1=0x80003534
       48175000	      2307	8000352e	006000ef	jal	x1,80003534	  x1=0x80003532
       48235000	      2310	80003534	febffaef	jal	x21,8000351e	 x21=0x80003538
       48295000	      2313	8000351e	2831	c.jal	8000353a	  x1=0x80003520
       48375000	      2317	8000353a	01a001ef	jal	x3,80003554	  x3=0x8000353e
       48435000	      2320	80003554	b7ed	c.j	8000353e	
       48475000	      2322	8000353e	2029	c.jal	80003548	  x1=0x80003540
       48515000	      2324	80003548	a021	c.j	80003550	
       48555000	      2326	80003550	bfe9	c.j	8000352a	
       48595000	      2328	8000352a	2025	c.jal	80003552	  x1=0x8000352c
       48655000	      2331	80003552	3fc1	c.jal	80003522	  x1=0x80003554
       48715000	      2334	80003522	2025	c.jal	8000354a	  x1=0x80003524
       48795000	      2338	8000354a	fcdff0ef	jal	x1,80003516	  x1=0x8000354e
       48855000	      2341	80003516	202d	c.jal	80003540	  x1=0x80003518
       48915000	      2344	80003540	37c5	c.jal	80003520	  x1=0x80003542
       48975000	      2347	80003520	a03d	c.j	8000354e	
       49035000	      2350	8000354e	bfd9	c.j	80003524	
       49075000	      2352	80003524	a80d	c.j	80003556	
       49115000	      2354	80003556	8bba	c.mv	x23,x14	  x0:0x00000000 x14:0x7f8da334 x23=0x7f8da334
       49155000	      2356	80003558	004000ef	jal	x1,8000355c	  x1=0x8000355c
       49195000	      2358	8000355c	a831	c.j	80003578	
       50415000	      2419	80003578	bfe5	c.j	80003570	
       51055000	      2451	80003570	bfcd	c.j	80003562	
       51095000	      2453	80003562	2011	c.jal	80003566	  x1=0x80003564
       64995000	      3148	80003566	008000ef	jal	x1,8000356e	  x1=0x8000356a
       65035000	      3150	8000356e	a819	c.j	80003584	
       65075000	      3152	80003584	bfe9	c.j	8000355e	
       65115000	      3154	8000355e	a019	c.j	80003564	
       65155000	      3156	80003564	2019	c.jal	8000356a	  x1=0x80003566
       65215000	      3159	8000356a	ff7ff0ef	jal	x1,80003560	  x1=0x8000356e
       65455000	      3171	80003560	2005	c.jal	80003580	  x1=0x80003562
       65515000	      3174	80003580	ff3ff96f	jal	x18,80003572	 x18=0x80003584
       65575000	      3177	80003572	00c000ef	jal	x1,8000357e	  x1=0x80003576
       65635000	      3180	8000357e	bffd	c.j	8000357c	
       65695000	      3183	8000357c	3fed	c.jal	80003576	  x1=0x8000357e
       65755000	      3186	80003576	a011	c.j	8000357a	
       65815000	      3189	8000357a	2031	c.jal	80003586	  x1=0x8000357c
       65875000	      3192	80003586	8f65	c.and	x14,x9	 x14:0x7f8da334  x9:0x00000006 x14=0x00000004
       65895000	      3193	80003588	018000ef	jal	x1,800035a0	  x1=0x8000358c
       66175000	      3207	800035a0	fefff36f	jal	x6,8000358e	  x6=0x800035a4
       66215000	      3209	8000358e	a025	c.j	800035b6	
       67455000	      3271	800035b6	ffbff0ef	jal	x1,800035b0	  x1=0x800035ba
       67495000	      3273	800035b0	bffd	c.j	800035ae	
       67575000	      3277	800035ae	a039	c.j	800035bc	
       67635000	      3280	800035bc	fe3ff0ef	jal	x1,8000359e	  x1=0x800035c0
       67835000	      3290	8000359e	a831	c.j	800035ba	
       67895000	      3293	800035ba	bfc9	c.j	8000358c	
       67935000	      3295	8000358c	2025	c.jal	800035b4	  x1=0x8000358e
       67975000	      3297	800035b4	b7cd	c.j	80003596	
       68315000	      3314	80003596	012000ef	jal	x1,800035a8	  x1=0x8000359a
       68355000	      3316	800035a8	b7e5	c.j	80003590	
       68395000	      3318	80003590	2811	c.jal	800035a4	  x1=0x80003592
       68435000	      3320	800035a4	3fdd	c.jal	8000359a	  x1=0x800035a6
       68495000	      3323	8000359a	00c000ef	jal	x1,800035a6	  x1=0x8000359e
       68555000	      3326	800035a6	b7fd	c.j	80003594	
       68595000	      3328	80003594	a819	c.j	800035aa	
       68655000	      3331	800035aa	fe9ff0ef	jal	x1,80003592	  x1=0x800035ae
       68715000	      3334	80003592	a005	c.j	800035b2	
       68775000	      3337	800035b2	a039	c.j	800035c0	
       68815000	      3339	800035c0	34007df3	csrrci	x27,mscratch,0	 x27=0x00000000
       68835000	      3340	800035c4	040000ef	jal	x1,80003604	  x1=0x800035c8
       69775000	      3387	80003604	b7e1	c.j	800035cc	
       69815000	      3389	800035cc	2021	c.jal	800035d4	  x1=0x800035ce
       69875000	      3392	800035d4	028007ef	jal	x15,800035fc	 x15=0x800035d8
       70695000	      3433	800035fc	3fd9	c.jal	800035d2	  x1=0x800035fe
       70755000	      3436	800035d2	2029	c.jal	800035dc	  x1=0x800035d4
       71035000	      3450	800035dc	fedff0ef	jal	x1,800035c8	  x1=0x800035e0
       71095000	      3453	800035c8	2825	c.jal	80003600	  x1=0x800035ca
       71155000	      3456	80003600	ff7ff8ef	jal	x17,800035f6	 x17=0x80003604
       72675000	      3532	800035f6	bfc5	c.j	800035e6	
       72735000	      3535	800035e6	018003ef	jal	x7,800035fe	  x7=0x800035ea
       72795000	      3538	800035fe	3fd5	c.jal	800035f2	  x1=0x80003600
       73395000	      3568	800035f2	fddff4ef	jal	x9,800035ce	  x9=0x800035f6
       73435000	      3570	800035ce	2089	c.jal	80003610	  x1=0x800035d0
       73475000	      3572	80003610	3fc1	c.jal	800035e0	  x1=0x80003612
       73515000	      3574	800035e0	febff0ef	jal	x1,800035ca	  x1=0x800035e4
       73555000	      3576	800035ca	a091	c.j	8000360e	
       73595000	      3578	8000360e	b7cd	c.j	800035f0	
       73715000	      3584	800035f0	a829	c.j	8000360a	
       73775000	      3587	8000360a	37fd	c.jal	800035f8	  x1=0x8000360c
       73835000	      3590	800035f8	a009	c.j	800035fa	
       73895000	      3593	800035fa	a031	c.j	80003606	
       73955000	      3596	80003606	fdfff0ef	jal	x1,800035e4	  x1=0x8000360a
       73995000	      3598	800035e4	bfd5	c.j	800035d8	
       74035000	      3600	800035d8	012000ef	jal	x1,800035ea	  x1=0x800035dc
       74095000	      3603	800035ea	0040026f	jal	x4,800035ee	  x4=0x800035ee
       74135000	      3605	800035ee	a839	c.j	8000360c	
       74175000	      3607	8000360c	37d1	c.jal	800035d0	  x1=0x8000360e
       74215000	      3609	800035d0	2089	c.jal	80003612	  x1=0x800035d2
       74275000	      3612	80003612	007ed1b3	srl	x3,x29,x7	 x29:0xd947e9b5  x7:0x800035ea  x3=0x003651fa
       74795000	      3638	80003616	014000ef	jal	x1,8000362a	  x1=0x8000361a
       75815000	      3689	8000362a	3ffd	c.jal	80003628	  x1=0x8000362c
       75875000	      3692	80003628	3fed	c.jal	80003622	  x1=0x8000362a
       75955000	      3696	80003622	014000ef	jal	x1,80003636	  x1=0x80003626
       76015000	      3699	80003636	bfc5	c.j	80003626	
       76055000	      3701	80003626	bfd5	c.j	8000361a	
       76115000	      3704	8000361a	200d	c.jal	8000363c	  x1=0x8000361c
       76775000	      3737	8000363c	37cd	c.jal	8000361e	  x1=0x8000363e
       76895000	      3743	8000361e	00e0056f	jal	x10,8000362c	 x10=0x80003622
       76955000	      3746	8000362c	ff1ff96f	jal	x18,8000361c	 x18=0x80003630
       77015000	      3749	8000361c	2821	c.jal	80003634	  x1=0x8000361e
       77075000	      3752	80003634	bffd	c.j	80003632	
       77115000	      3754	80003632	a019	c.j	80003638	
       77155000	      3756	80003638	ff9ff0ef	jal	x1,80003630	  x1=0x8000363c
       77195000	      3758	80003630	2039	c.jal	8000363e	  x1=0x80003632
       77275000	      3762	8000363e	8649	c.srai	x12,0x12	 x12:0x00000000 x12=0x00000000
       77295000	      3763	80003640	006000ef	jal	x1,80003646	  x1=0x80003644
       77335000	      3765	80003646	a809	c.j	80003658	
       77475000	      3772	80003658	2031	c.jal	80003664	  x1=0x8000365a
       78355000	      3816	80003664	37e5	c.jal	8000364c	  x1=0x80003666
       78395000	      3818	8000364c	a021	c.j	80003654	
       78955000	      3846	80003654	00a000ef	jal	x1,8000365e	  x1=0x80003658
       78995000	      3848	8000365e	a011	c.j	80003662	
       79035000	      3850	80003662	bfe5	c.j	8000365a	
       79075000	      3852	8000365a	bfc5	c.j	8000364a	
       79115000	      3854	8000364a	a021	c.j	80003652	
       79155000	      3856	80003652	bff5	c.j	8000364e	
       79295000	      3863	8000364e	ff7ff0ef	jal	x1,80003644	  x1=0x80003652
       79355000	      3866	80003644	2011	c.jal	80003648	  x1=0x80003646
       79415000	      3869	80003648	2811	c.jal	8000365c	  x1=0x8000364a
       79475000	      3872	8000365c	a011	c.j	80003660	
       79535000	      3875	80003660	2019	c.jal	80003666	  x1=0x80003662
       79615000	      3879	80003666	0ff0000f	fence	iorw,iorw	
       79635000	      3880	8000366a	020000ef	jal	x1,8000368a	  x1=0x8000366e
       80155000	      3906	8000368a	201d	c.jal	800036b0	  x1=0x8000368c
       80895000	      3943	800036b0	fddff0ef	jal	x1,8000368c	  x1=0x800036b4
       80935000	      3945	8000368c	fedff26f	jal	x4,80003678	  x4=0x80003690
       81615000	      3979	80003678	00e000ef	jal	x1,80003686	  x1=0x8000367c
       81955000	      3996	80003686	02e00eef	jal	x29,800036b4	 x29=0x8000368a
       81995000	      3998	800036b4	b7e1	c.j	8000367c	
       82035000	      4000	8000367c	a02d	c.j	800036a6	
       82575000	      4027	800036a6	a009	c.j	800036a8	
       83055000	      4051	800036a8	fcdff0ef	jal	x1,80003674	  x1=0x800036ac
       83095000	      4053	80003674	0280036f	jal	x6,8000369c	  x6=0x80003678
       83135000	      4055	8000369c	b7dd	c.j	80003682	
       83195000	      4058	80003682	fedff2ef	jal	x5,8000366e	  x5=0x80003686
       83315000	      4064	8000366e	036000ef	jal	x1,800036a4	  x1=0x80003672
       83375000	      4067	800036a4	bffd	c.j	800036a2	
       83435000	      4070	800036a2	bfcd	c.j	80003694	
       83495000	      4073	80003694	00a0036f	jal	x6,8000369e	  x6=0x80003698
       83575000	      4077	8000369e	fd5ff0ef	jal	x1,80003672	  x1=0x800036a2
       83615000	      4079	80003672	2839	c.jal	80003690	  x1=0x80003674
       83655000	      4081	80003690	a009	c.j	80003692	
       83695000	      4083	80003692	b7f5	c.j	8000367e	
       83755000	      4086	8000367e	01a000ef	jal	x1,80003698	  x1=0x80003682
       83795000	      4088	80003698	a811	c.j	800036ac	
       83835000	      4090	800036ac	fefff0ef	jal	x1,8000369a	  x1=0x800036b0
       83875000	      4092	8000369a	2831	c.jal	800036b6	  x1=0x8000369c
       83935000	      4095	800036b6	0ff0000f	fence	iorw,iorw	
       83955000	      4096	800036ba	028000ef	jal	x1,800036e2	  x1=0x800036be
       84255000	      4111	800036e2	00800def	jal	x27,800036ea	 x27=0x800036e6
       84955000	      4146	800036ea	37e5	c.jal	800036d2	  x1=0x800036ec
       85475000	      4172	800036d2	a009	c.j	800036d4	
       85675000	      4182	800036d4	bfed	c.j	800036ce	
       86595000	      4228	800036ce	bfd5	c.j	800036c2	
       86635000	      4230	800036c2	2831	c.jal	800036de	  x1=0x800036c4
       86675000	      4232	800036de	37ed	c.jal	800036c8	  x1=0x800036e0
       87255000	      4261	800036c8	bfdd	c.j	800036be	
       87335000	      4265	800036be	0280036f	jal	x6,800036e6	  x6=0x800036c2
       87395000	      4268	800036e6	fdfff0ef	jal	x1,800036c4	  x1=0x800036ea
       87455000	      4271	800036c4	0160016f	jal	x2,800036da	  x2=0x800036c8
       87495000	      4273	800036da	2019	c.jal	800036e0	  x1=0x800036dc
       87535000	      4275	800036e0	bfdd	c.j	800036d6	
       87595000	      4278	800036d6	ff5ff0ef	jal	x1,800036ca	  x1=0x800036da
       87675000	      4282	800036ca	006000ef	jal	x1,800036d0	  x1=0x800036ce
       87715000	      4284	800036d0	2031	c.jal	800036dc	  x1=0x800036d2
       87755000	      4286	800036dc	2801	c.jal	800036ec	  x1=0x800036de
       87795000	      4288	800036ec	0fe1	c.addi	x31,24	 x31:0x00000003 x31=0x0000001b
       87815000	      4289	800036ee	006000ef	jal	x1,800036f4	  x1=0x800036f2
       87875000	      4292	800036f4	012000ef	jal	x1,80003706	  x1=0x800036f8
       88115000	      4304	80003706	bfd5	c.j	800036fa	
       88175000	      4307	800036fa	02a0036f	jal	x6,80003724	  x6=0x800036fe
       89655000	      4381	80003724	a811	c.j	80003738	
       90155000	      4406	80003738	b7d9	c.j	800036fe	
       90195000	      4408	800036fe	a839	c.j	8000371c	
       91455000	      4471	8000371c	006000ef	jal	x1,80003722	  x1=0x80003720
       91495000	      4473	80003722	bff9	c.j	80003700	
       91535000	      4475	80003700	203d	c.jal	8000372e	  x1=0x80003702
       91575000	      4477	8000372e	bfcd	c.j	80003720	
       91635000	      4480	80003720	a801	c.j	80003730	
       91695000	      4483	80003730	fd9ff0ef	jal	x1,80003708	  x1=0x80003734
       91755000	      4486	80003708	2009	c.jal	8000370a	  x1=0x8000370a
       91815000	      4489	8000370a	200d	c.jal	8000372c	  x1=0x8000370c
       91875000	      4492	8000372c	37e5	c.jal	80003714	  x1=0x8000372e
       91935000	      4495	80003714	bffd	c.j	80003712	
       91975000	      4497	80003712	37c5	c.jal	800036f2	  x1=0x80003714
       92015000	      4499	800036f2	a015	c.j	80003716	
       92055000	      4501	80003716	b7cd	c.j	800036f8	
       92095000	      4503	800036f8	a811	c.j	8000370c	
       92135000	      4505	8000370c	01a001ef	jal	x3,80003726	  x3=0x80003710
       92235000	      4510	80003726	a801	c.j	80003736	
       92275000	      4512	80003736	bfe9	c.j	80003710	
       92315000	      4514	80003710	2015	c.jal	80003734	  x1=0x80003712
       92355000	      4516	80003734	a019	c.j	8000373a	
       92395000	      4518	8000373a	b7fd	c.j	80003728	
       92435000	      4520	80003728	fdbff4ef	jal	x9,80003702	  x9=0x8000372c
       92515000	      4524	80003702	016000ef	jal	x1,80003718	  x1=0x80003706
       92575000	      4527	80003718	024000ef	jal	x1,8000373c	  x1=0x8000371c
       92615000	      4529	8000373c	1e1c	c.addi4spn	x15,x2,816	 x15=0x800039f8
       92635000	      4530	8000373e	02c98e33	mul	x28,x19,x12	 x19:0x8001fe64 x12:0x00000000 x28=0x00000000
       92655000	      4531	80003742	34095973	csrrwi	x18,mscratch,18	 x18=0x00000000
       92675000	      4532	80003746	c34db713	sltiu	x14,x27,-972	 x27:0x800036e6 x14=0x00000001
       92695000	      4533	8000374a	0ff0000f	fence	iorw,iorw	
       93015000	      4549	8000374e	9d5d8713	addi	x14,x27,-1579	 x27:0x800036e6 x14=0x800030bb
       93035000	      4550	80003752	34045373	csrrwi	x6,mscratch,8	  x6=0x00000012
       93455000	      4571	80003756	a8a03493	sltiu	x9,x0,-1398	  x0:0x00000000  x9=0x00000001
       93475000	      4572	8000375a	01aa9633	sll	x12,x21,x26	 x21:0x80003538 x26:0xffffffff x12=0x00000000
       93495000	      4573	8000375e	340fd073	csrrwi	x0,mscratch,31	  x0=0x00000000
       93515000	      4574	80003762	0000100f	fence.i	
       94235000	      4610	80003766	02d35463	bge	x6,x13,8000378e	  x6:0x00000012 x13:0x0000000b
       94535000	      4625	8000378e	00d61db3	sll	x27,x12,x13	 x12:0x00000000 x13:0x0000000b x27=0x00000000
       94835000	      4640	80003792	028000ef	jal	x1,800037ba	  x1=0x80003796
       95455000	      4671	800037ba	3ff5	c.jal	800037b6	  x1=0x800037bc
       95975000	      4697	800037b6	ffdff0ef	jal	x1,800037b2	  x1=0x800037ba
       96655000	      4731	800037b2	02200fef	jal	x31,800037d4	 x31=0x800037b6
       97015000	      4749	800037d4	bfc9	c.j	800037a6	
       97795000	      4788	800037a6	ffbff0ef	jal	x1,800037a0	  x1=0x800037aa
       98875000	      4842	800037a0	2029	c.jal	800037aa	  x1=0x800037a2
       99395000	      4868	800037aa	2809	c.jal	800037bc	  x1=0x800037ac
      100395000	      4918	800037bc	b7e5	c.j	800037a4	
      101075000	      4952	800037a4	3fdd	c.jal	8000379a	  x1=0x800037a6
      101195000	      4958	8000379a	a089	c.j	800037dc	
      101715000	      4984	800037dc	37c1	c.jal	8000379c	  x1=0x800037de
      101755000	      4986	8000379c	a80d	c.j	800037ce	
      106815000	      5239	800037ce	fc9ff4ef	jal	x9,80003796	  x9=0x800037d2
      106895000	      5243	80003796	280d	c.jal	800037c8	  x1=0x80003798
      106935000	      5245	800037c8	00a0036f	jal	x6,800037d2	  x6=0x800037cc
      106975000	      5247	800037d2	3ff9	c.jal	800037b0	  x1=0x800037d4
      107015000	      5249	800037b0	202d	c.jal	800037da	  x1=0x800037b2
      107395000	      5268	800037da	b7d1	c.j	8000379e	
      107455000	      5271	8000379e	203d	c.jal	800037cc	  x1=0x800037a0
      107495000	      5273	800037cc	3fdd	c.jal	800037c2	  x1=0x800037ce
      107535000	      5275	800037c2	a009	c.j	800037c4	
      107575000	      5277	800037c4	012000ef	jal	x1,800037d6	  x1=0x800037c8
      107635000	      5280	800037d6	fe9ff1ef	jal	x3,800037be	  x3=0x800037da
      107715000	      5284	800037be	fdbff96f	jal	x18,80003798	 x18=0x800037c2
      107755000	      5286	80003798	2029	c.jal	800037a2	  x1=0x8000379a
      107795000	      5288	800037a2	2029	c.jal	800037ac	  x1=0x800037a4
      107835000	      5290	800037ac	032000ef	jal	x1,800037de	  x1=0x800037b0
      107895000	      5293	800037de	017c5b33	srl	x22,x24,x23	 x24:0x00000002 x23:0x7f8da334 x22=0x00000000
      107915000	      5294	800037e2	68b5	c.lui	x17,0xd	 x17=0x0000d000
      107935000	      5295	800037e4	8dd5	c.or	x11,x13	 x11:0xf8f2625c x13:0x0000000b x11=0xf8f2625f
      107955000	      5296	800037e6	000c6b33	or	x22,x24,x0	 x24:0x00000002  x0:0x00000000 x22=0x00000002
      107975000	      5297	800037ea	9ade	c.add	x21,x23	 x21:0x80003538 x23:0x7f8da334 x21=0xff8dd86c
      107995000	      5298	800037ec	019f93b3	sll	x7,x31,x25	 x31:0x800037b6 x25:0x80023ce4  x7=0x00037b60
      109035000	      5350	800037f0	0360d333	divu	x6,x1,x22	  x1:0x800037b0 x22:0x00000002  x6=0x40001bd8
      109055000	      5351	800037f4	4ff1	c.li	x31,28	 x31=0x0000001c
      109075000	      5352	800037f6	8e9e	c.mv	x29,x7	  x0:0x00000000  x7:0x00037b60 x29=0x00037b60
      109095000	      5353	800037f8	89d1	c.andi	x11,20	 x11:0xf8f2625f x11=0x00000014
      109115000	      5354	800037fa	40fada13	srai	x20,x21,0xf	 x21:0xff8dd86c x20=0xffffff1b
      109135000	      5355	800037fe	01635233	srl	x4,x6,x22	  x6:0x40001bd8 x22:0x00000002  x4=0x100006f6
      109155000	      5356	80003802	8de9	c.and	x11,x10	 x11:0x00000014 x10:0x80003622 x11=0x00000000
      109175000	      5357	80003804	03180e33	mul	x28,x16,x17	 x16:0x800034ec x17:0x0000d000 x28=0x2affc000
      109195000	      5358	80003808	037380b3	mul	x1,x7,x23	  x7:0x00037b60 x23:0x7f8da334  x1=0xcc232f80
      109215000	      5359	8000380c	8d91	c.sub	x11,x12	 x11:0x00000000 x12:0x00000000 x11=0x00000000
      109235000	      5360	8000380e	9246	c.add	x4,x17	  x4:0x100006f6 x17:0x0000d000  x4=0x1000d6f6
      109255000	      5361	80003810	03797b63	bgeu	x18,x23,80003846	 x18:0x800037c2 x23:0x7f8da334
      110135000	      5405	80003846	340f5973	csrrwi	x18,mscratch,30	 x18=0x0000001f
      110875000	      5442	8000384a	03e4f4b3	remu	x9,x9,x30	  x9:0x800037d2 x30:0x0000000b  x9=0x00000003
      110895000	      5443	8000384e	03ca0c33	mul	x24,x20,x28	 x20:0xffffff1b x28:0x2affc000 x24=0x89394000
      110915000	      5444	80003852	cd01	c.beqz	x10,8000386a	 x10:0x80003622
      110935000	      5445	80003854	eb95	c.bnez	x15,80003888	 x15:0x800039f8
      111175000	      5457	80003888	404b54b3	sra	x9,x22,x4	 x22:0x00000002  x4:0x1000d6f6  x9=0x00000000
      111195000	      5458	8000388c	0040b4b3	sltu	x9,x1,x4	  x1:0xcc232f80  x4:0x1000d6f6  x9=0x00000000
      111235000	      5460	80003890	0001	c.addi	x0,0	  x0:0x00000000  x0=0x00000000
      112115000	      5504	80003892	03f55db3	divu	x27,x10,x31	 x10:0x80003622 x31:0x0000001c x27=0x04924b13
      112135000	      5505	80003896	8135	c.srli	x10,0xd	 x10:0x80003622 x10=0x00040001
      112155000	      5506	80003898	8da1	c.xor	x11,x8	 x11:0x00000000  x8:0x00000004 x11=0x00000004
      112175000	      5507	8000389a	01fb5733	srl	x14,x22,x31	 x22:0x00000002 x31:0x0000001c x14=0x00000000
      112195000	      5508	8000389e	017b1333	sll	x6,x22,x23	 x22:0x00000002 x23:0x7f8da334  x6=0x00200000
      112215000	      5509	800038a2	0ff0000f	fence	iorw,iorw	
      112235000	      5510	800038a6	00c4d363	bge	x9,x12,800038ac	  x9:0x00000000 x12:0x00000000
      112275000	      5512	800038ac	8d39	c.xor	x10,x14	 x10:0x00040001 x14:0x00000000 x10=0x00040001
      112355000	      5516	800038ae	02be2f33	mulhsu	x30,x28,x11	 x28:0x2affc000 x11:0x00000004 x30=0x00000000
      112375000	      5517	800038b2	577d	c.li	x14,-1	 x14=0xffffffff
      112395000	      5518	800038b4	01b05f63	bge	x0,x27,800038d2	  x0:0x00000000 x27:0x04924b13
      112435000	      5520	800038b8	8bd1	c.andi	x15,20	 x15:0x800039f8 x15=0x00000010
      112455000	      5521	800038ba	0001	c.addi	x0,0	  x0:0x00000000  x0=0x00000000
      112495000	      5523	800038bc	64be2593	slti	x11,x28,1611	 x28:0x2affc000 x11=0x00000000
      112675000	      5532	800038c0	4b49	c.li	x22,18	 x22=0x00000012
      112695000	      5533	800038c2	8fc5	c.or	x15,x9	 x15:0x00000010  x9:0x00000000 x15=0x00000010
      112795000	      5538	800038c4	02471d63	bne	x14,x4,800038fe	 x14:0xffffffff  x4:0x1000d6f6
      113855000	      5591	800038fe	00655863	bge	x10,x6,8000390e	 x10:0x00040001  x6:0x00200000
      113875000	      5592	80003902	01551633	sll	x12,x10,x21	 x10:0x00040001 x21:0xff8dd86c x12=0x40001000
      114055000	      5601	80003906	03755a63	bge	x10,x23,8000393a	 x10:0x00040001 x23:0x7f8da334
      114075000	      5602	8000390a	03048eb3	mul	x29,x9,x16	  x9:0x00000000 x16:0x800034ec x29=0x00000000
      114095000	      5603	8000390e	0a343213	sltiu	x4,x8,163	  x8:0x00000004  x4=0x00000001
      114115000	      5604	80003912	87c9	c.srai	x15,0x12	 x15:0x00000010 x15=0x00000000
      114455000	      5621	80003914	01bce733	or	x14,x25,x27	 x25:0x80023ce4 x27:0x04924b13 x14=0x84927ff7
      114475000	      5622	80003918	018d8233	add	x4,x27,x24	 x27:0x04924b13 x24:0x89394000  x4=0x8dcb8b13
      114495000	      5623	8000391c	8e31	c.xor	x12,x12	 x12:0x40001000 x12:0x40001000 x12=0x00000000
      114515000	      5624	8000391e	8209	c.srli	x12,0x2	 x12:0x00000000 x12=0x00000000
      114675000	      5632	80003920	022a3133	mulhu	x2,x20,x2	 x20:0xffffff1b  x2:0x800036c8  x2=0x80003655
      114715000	      5634	80003924	002ac533	xor	x10,x21,x2	 x21:0xff8dd86c  x2:0x80003655 x10=0x7f8dee39
      115135000	      5655	80003928	0001	c.addi	x0,0	  x0:0x00000000  x0=0x00000000
      115155000	      5656	8000392a	0001	c.addi	x0,0	  x0:0x00000000  x0=0x00000000
      115175000	      5657	8000392c	8f51	c.or	x14,x12	 x14:0x84927ff7 x12:0x00000000 x14=0x84927ff7
      115195000	      5658	8000392e	62778893	addi	x17,x15,1575	 x15:0x00000000 x17=0x00000627
      115215000	      5659	80003932	9ba79db7	lui	x27,0x9ba79	 x27=0x9ba79000
      115235000	      5660	80003936	000fa4b3	slt	x9,x31,x0	 x31:0x0000001c  x0:0x00000000  x9=0x00000000
      115315000	      5664	8000393a	00dcbbb3	sltu	x23,x25,x13	 x25:0x80023ce4 x13:0x0000000b x23=0x00000000
      115355000	      5666	8000393e	037746b3	div	x13,x14,x23	 x14:0x84927ff7 x23:0x00000000 x13=0xffffffff
      115495000	      5673	80003942	026ea2b3	mulhsu	x5,x29,x6	 x29:0x00000000  x6:0x00200000  x5=0x00000000
      115515000	      5674	80003946	0b76	c.slli	x22,0x1d	 x22:0x00000012 x22=0x40000000
      115655000	      5681	80003948	5881f213	andi	x4,x3,1416	  x3:0x800037da  x4=0x00000588
      115675000	      5682	8000394c	40645e93	srai	x29,x8,0x6	  x8:0x00000004 x29=0x00000000
      115955000	      5696	80003950	00a85533	srl	x10,x16,x10	 x16:0x800034ec x10:0x7f8dee39 x10=0x00000040
      115975000	      5697	80003954	717d	c.addi16sp	x2,-16	  x2:0x80003655  x2=0x80003645
      115995000	      5698	80003956	011a4e33	xor	x28,x20,x17	 x20:0xffffff1b x17:0x00000627 x28=0xfffff93c
      116015000	      5699	8000395a	977a	c.add	x14,x30	 x14:0x84927ff7 x30:0x00000000 x14=0x84927ff7
      116215000	      5709	8000395c	00cc1b63	bne	x24,x12,80003972	 x24:0x89394000 x12:0x00000000
      116715000	      5734	80003972	016c0563	beq	x24,x22,8000397c	 x24:0x89394000 x22:0x40000000
      116755000	      5736	80003976	03711633	mulh	x12,x2,x23	  x2:0x80003645 x23:0x00000000 x12=0x00000000
      116775000	      5737	8000397a	0e5e	c.slli	x28,0x17	 x28:0xfffff93c x28=0x9e000000
      117155000	      5756	8000397c	340066f3	csrrsi	x13,mscratch,0	 x13=0x0000001e
      117195000	      5758	80003980	01a7abb3	slt	x23,x15,x26	 x15:0x00000000 x26:0xffffffff x23=0x00000000
      117215000	      5759	80003984	058110b7	lui	x1,0x5811	  x1=0x05811000
      117235000	      5760	80003988	0000100f	fence.i	
      117875000	      5792	8000398c	9752	c.add	x14,x20	 x14:0x84927ff7 x20:0xffffff1b x14=0x84927f12
      118295000	      5813	8000398e	35813b97	auipc	x23,0x35813	 x23=0xb581698e
      118315000	      5814	80003992	01431563	bne	x6,x20,8000399c	  x6:0x00200000 x20:0xffffff1b
      119235000	      5860	8000399c	408e5693	srai	x13,x28,0x8	 x28:0x9e000000 x13=0xff9e0000
      119395000	      5868	800039a0	02b9aeb3	mulhsu	x29,x19,x11	 x19:0x8001fe64 x11:0x00000000 x29=0x00000000
      120515000	      5924	800039a4	0325e8b3	rem	x17,x11,x18	 x11:0x00000000 x18:0x0000001f x17=0x00000000
      120535000	      5925	800039a8	0149d663	bge	x19,x20,800039b4	 x19:0x8001fe64 x20:0xffffff1b
      120555000	      5926	800039ac	340f50f3	csrrwi	x1,mscratch,30	  x1=0x0000001e
      120595000	      5928	800039b0	033d1633	mulh	x12,x26,x19	 x26:0xffffffff x19:0x8001fe64 x12=0x00000000
      120615000	      5929	800039b4	717d	c.addi16sp	x2,-16	  x2:0x80003645  x2=0x80003635
      120635000	      5930	800039b6	0ff0000f	fence	iorw,iorw	
      120655000	      5931	800039ba	01675893	srli	x17,x14,0x16	 x14:0x84927f12 x17=0x00000212
      120675000	      5932	800039be	0001	c.addi	x0,0	  x0:0x00000000  x0=0x00000000
      120695000	      5933	800039c0	013beeb3	or	x29,x23,x19	 x23:0xb581698e x19:0x8001fe64 x29=0xb581ffee
      120815000	      5939	800039c4	41dcdfb3	sra	x31,x25,x29	 x25:0x80023ce4 x29:0xb581ffee x31=0xfffe0008
      120835000	      5940	800039c8	ea85	c.bnez	x13,800039f8	 x13:0xff9e0000
      121115000	      5954	800039f8	0001	c.addi	x0,0	  x0:0x00000000  x0=0x00000000
      121315000	      5964	800039fa	003593b3	sll	x7,x11,x3	 x11:0x00000000  x3:0x800037da  x7=0x00000000
      121335000	      5965	800039fe	411dd113	srai	x2,x27,0x11	 x27:0x9ba79000  x2=0xffffcdd3
      121355000	      5966	80003a02	85d1	c.srai	x11,0x14	 x11:0x00000000 x11=0x00000000
      121375000	      5967	80003a04	9a7d	c.andi	x12,-1	 x12:0x00000000 x12=0x00000000
      121395000	      5968	80003a06	6131	c.addi16sp	x2,320	  x2:0xffffcdd3  x2=0xffffcf13
      121475000	      5972	80003a08	0000100f	fence.i	
      122115000	      6004	80003a0c	99fd	c.andi	x11,-1	 x11:0x00000000 x11=0x00000000
      122475000	      6022	80003a0e	0ff0000f	fence	iorw,iorw	
      122515000	      6024	80003a12	03ab1d33	mulh	x26,x22,x26	 x22:0x40000000 x26:0xffffffff x26=0xffffffff
      122535000	      6025	80003a16	60ad	c.lui	x1,0xb	  x1=0x0000b000
      122895000	      6043	80003a18	02c3a7b3	mulhsu	x15,x7,x12	  x7:0x00000000 x12:0x00000000 x15=0x00000000
      122915000	      6044	80003a1c	d8e9ed93	ori	x27,x19,-626	 x19:0x8001fe64 x27=0xffffffee
      122935000	      6045	80003a20	0001	c.addi	x0,0	  x0:0x00000000  x0=0x00000000
      123015000	      6049	80003a22	bbd44793	xori	x15,x8,-1091	  x8:0x00000004 x15=0xfffffbb9
      123035000	      6050	80003a26	3ff55137	lui	x2,0x3ff55	  x2=0x3ff55000
      123055000	      6051	80003a2a	0ff0000f	fence	iorw,iorw	
      123195000	      6058	80003a2e	340f7273	csrrci	x4,mscratch,30	  x4=0x0000001e
      123575000	      6077	80003a32	38216a13	ori	x20,x2,898	  x2:0x3ff55000 x20=0x3ff55382
      123695000	      6083	80003a36	3401b973	csrrc	x18,mscratch,x3	  x3:0x800037da x18=0x00000000
      123715000	      6084	80003a3a	1bfd	c.addi	x23,-1	 x23:0xb581698e x23=0xb581698d
      123735000	      6085	80003a3c	34006173	csrrsi	x2,mscratch,0	  x2=0x00000000
      123775000	      6087	80003a40	ca15	c.beqz	x12,80003a74	 x12:0x00000000
      124215000	      6109	80003a74	000d7963	bgeu	x26,x0,80003a86	 x26:0xffffffff  x0:0x00000000
      124675000	      6132	80003a86	34065af3	csrrwi	x21,mscratch,12	 x21=0x00000000
      124795000	      6138	80003a8a	020de633	rem	x12,x27,x0	 x27:0xffffffee  x0:0x00000000 x12=0xffffffee
      124815000	      6139	80003a8e	0001	c.addi	x0,0	  x0:0x00000000  x0=0x00000000
      124835000	      6140	80003a90	8325	c.srli	x14,0x9	 x14:0x84927f12 x14=0x0042493f
      124855000	      6141	80003a92	e109	c.bnez	x10,80003a94	 x10:0x00000040
      125195000	      6158	80003a94	03beb0b3	mulhu	x1,x29,x27	 x29:0xb581ffee x27:0xffffffee  x1=0xb581ffe1
      125455000	      6171	80003a98	02890c63	beq	x18,x8,80003ad0	 x18:0x00000000  x8:0x00000004
      125475000	      6172	80003a9c	340a6073	csrrsi	x0,mscratch,20	  x0=0x00000000
      125655000	      6181	80003aa0	60d9	c.lui	x1,0x16	  x1=0x00016000
      126395000	      6218	80003aa2	03b37eb3	remu	x29,x6,x27	  x6:0x00200000 x27:0xffffffee x29=0x00200000
      126415000	      6219	80003aa6	03605963	bge	x0,x22,80003ad8	  x0:0x00000000 x22:0x40000000
      126435000	      6220	80003aaa	81b76513	ori	x10,x14,-2021	 x14:0x0042493f x10=0xfffff93f
      126455000	      6221	80003aae	0146e233	or	x4,x13,x20	 x13:0xff9e0000 x20:0x3ff55382  x4=0xffff5382
      126495000	      6223	80003ab2	f51faa13	slti	x20,x31,-175	 x31:0xfffe0008 x20=0x00000001
      126515000	      6224	80003ab6	012d91b3	sll	x3,x27,x18	 x27:0xffffffee x18:0x00000000  x3=0xffffffee
      126535000	      6225	80003aba	003fe5b3	or	x11,x31,x3	 x31:0xfffe0008  x3:0xffffffee x11=0xffffffee
      126555000	      6226	80003abe	01f89e13	slli	x28,x17,0x1f	 x17:0x00000212 x28=0x00000000
      126575000	      6227	80003ac2	1c88	c.addi4spn	x10,x2,624	 x10=0x00000270
      126775000	      6237	80003ac4	34006c73	csrrsi	x24,mscratch,0	 x24=0x0000001c
      127095000	      6253	80003ac8	ff77a693	slti	x13,x15,-9	 x15:0xfffffbb9 x13=0x00000001
      127195000	      6258	80003acc	34006d73	csrrsi	x26,mscratch,0	 x26=0x0000001c
      127215000	      6259	80003ad0	018fa733	slt	x14,x31,x24	 x31:0xfffe0008 x24:0x0000001c x14=0x00000001
      127235000	      6260	80003ad4	02574c63	blt	x14,x5,80003b0c	 x14:0x00000001  x5:0x00000000
      127435000	      6270	80003ad8	90c56b93	ori	x23,x10,-1780	 x10:0x00000270 x23=0xfffffb7c
      127575000	      6277	80003adc	40915c13	srai	x24,x2,0x9	  x2:0x00000000 x24=0x00000000
      127595000	      6278	80003ae0	85c9	c.srai	x11,0x12	 x11:0xffffffee x11=0xffffffff
      127655000	      6281	80003ae2	007dd263	bge	x27,x7,80003ae6	 x27:0xffffffee  x7:0x00000000
      127675000	      6282	80003ae6	88e2	c.mv	x17,x24	  x0:0x00000000 x24:0x00000000 x17=0x00000000
      127815000	      6289	80003ae8	014bef63	bltu	x23,x20,80003b06	 x23:0xfffffb7c x20:0x00000001
      127835000	      6290	80003aec	3400d273	csrrwi	x4,mscratch,1	  x4=0x0000001c
      127935000	      6295	80003af0	8239	c.srli	x12,0xe	 x12:0xffffffee x12=0x0003ffff
      127955000	      6296	80003af2	8939	c.andi	x10,14	 x10:0x00000270 x10=0x00000000
      128355000	      6316	80003af4	8506	c.mv	x10,x1	  x0:0x00000000  x1:0x00016000 x10=0x00016000
      128375000	      6317	80003af6	3407d073	csrrwi	x0,mscratch,15	  x0=0x00000000
      128395000	      6318	80003afa	01159a93	slli	x21,x11,0x11	 x11:0xffffffff x21=0xfffe0000
      128415000	      6319	80003afe	e60d	c.bnez	x12,80003b28	 x12:0x0003ffff
      129415000	      6369	80003b28	00a8e663	bltu	x17,x10,80003b34	 x17:0x00000000 x10:0x00016000
      130295000	      6413	80003b34	8ee9	c.and	x13,x10	 x13:0x00000001 x10:0x00016000 x13=0x00000000
      130555000	      6426	80003b36	34033573	csrrc	x10,mscratch,x6	  x6:0x00200000 x10=0x0000000f
      130575000	      6427	80003b3a	01443f33	sltu	x30,x8,x20	  x8:0x00000004 x20:0x00000001 x30=0x00000000
      130595000	      6428	80003b3e	40bd5013	srai	x0,x26,0xb	 x26:0x0000001c  x0=0x00000000
      130615000	      6429	80003b42	34021673	csrrw	x12,mscratch,x4	  x4:0x0000001c x12=0x0000000f
      130635000	      6430	80003b46	6e05	c.lui	x28,0x1	 x28=0x00001000
      131035000	      6450	80003b48	0000100f	fence.i	
      132115000	      6504	80003b4c	03bd9d33	mulh	x26,x27,x27	 x27:0xffffffee x27:0xffffffee x26=0x00000000
      132135000	      6505	80003b50	c48d	c.beqz	x9,80003b7a	  x9:0x00000000
      132295000	      6513	80003b7a	00121913	slli	x18,x4,0x1	  x4:0x0000001c x18=0x00000038
      132355000	      6516	80003b7e	0055b733	sltu	x14,x11,x5	 x11:0xffffffff  x5:0x00000000 x14=0x00000000
      132375000	      6517	80003b82	dc896b13	ori	x22,x18,-568	 x18:0x00000038 x22=0xfffffdf8
      132395000	      6518	80003b86	3409b1f3	csrrc	x3,mscratch,x19	 x19:0x8001fe64  x3=0x0000001c
      132415000	      6519	80003b8a	48b1	c.li	x17,12	 x17=0x0000000c
      132835000	      6540	80003b8c	0220b0b3	mulhu	x1,x1,x2	  x1:0x00016000  x2:0x00000000  x1=0x00000000
      132855000	      6541	80003b90	021c80b3	mul	x1,x25,x1	 x25:0x80023ce4  x1:0x00000000  x1=0x00000000
      133015000	      6549	80003b94	40b750b3	sra	x1,x14,x11	 x14:0x00000000 x11:0xffffffff  x1=0x00000000
      133035000	      6550	80003b98	8e99	c.sub	x13,x14	 x13:0x00000000 x14:0x00000000 x13=0x00000000
      133055000	      6551	80003b9a	6911	c.lui	x18,0x4	 x18=0x00004000
      133095000	      6553	80003b9c	0ff0000f	fence	iorw,iorw	
      141135000	      6955	80003ba0	016bafb3	slt	x31,x23,x22	 x23:0xfffffb7c x22:0xfffffdf8 x31=0x00000001
      141155000	      6956	80003ba4	87646d13	ori	x26,x8,-1930	  x8:0x00000004 x26=0xfffff876
      141175000	      6957	80003ba8	c689	c.beqz	x13,80003bb2	 x13:0x00000000
      141335000	      6965	80003bb2	02575133	divu	x2,x14,x5	 x14:0x00000000  x5:0x00000000  x2=0xffffffff
      142435000	      7020	80003bb6	023d60b3	rem	x1,x26,x3	 x26:0xfffff876  x3:0x0000001c  x1=0xffffffe6
      142455000	      7021	80003bba	01f4f463	bgeu	x9,x31,80003bc2	  x9:0x00000000 x31:0x00000001
      142475000	      7022	80003bbe	06d6d363	bge	x13,x13,80003c24	 x13:0x00000000 x13:0x00000000
      142815000	      7039	80003c24	1e7d	c.addi	x28,-1	 x28:0x00001000 x28=0x00000fff
      143015000	      7049	80003c26	9c813513	sltiu	x10,x2,-1592	  x2:0xffffffff x10=0x00000000
      143035000	      7050	80003c2a	8e15	c.sub	x12,x13	 x12:0x0000000f x13:0x00000000 x12=0x0000000f
      143055000	      7051	80003c2c	0125f1b3	and	x3,x11,x18	 x11:0xffffffff x18:0x00004000  x3=0x00004000
      143075000	      7052	80003c30	90487113	andi	x2,x16,-1788	 x16:0x800034ec  x2=0x80003004
      143095000	      7053	80003c34	34012573	csrrs	x10,mscratch,x2	  x2:0x80003004 x10=0x00000018
      143375000	      7067	80003c38	02d0e233	rem	x4,x1,x13	  x1:0xffffffe6 x13:0x00000000  x4=0xffffffe6
      143395000	      7068	80003c3c	99fd	c.andi	x11,-1	 x11:0xffffffff x11=0xffffffff
      143555000	      7076	80003c3e	010774b3	and	x9,x14,x16	 x14:0x00000000 x16:0x800034ec  x9=0x00000000
      143575000	      7077	80003c42	001c7f33	and	x30,x24,x1	 x24:0x00000000  x1:0xffffffe6 x30=0x00000000
      143595000	      7078	80003c46	00ccf633	and	x12,x25,x12	 x25:0x80023ce4 x12:0x0000000f x12=0x00000004
      143615000	      7079	80003c4a	0001	c.addi	x0,0	  x0:0x00000000  x0=0x00000000
      144435000	      7120	80003c4c	03d86733	rem	x14,x16,x29	 x16:0x800034ec x29:0x00200000 x14=0xffe034ec
      144455000	      7121	80003c50	02658b33	mul	x22,x11,x6	 x11:0xffffffff  x6:0x00200000 x22=0xffe00000
      144475000	      7122	80003c54	0001	c.addi	x0,0	  x0:0x00000000  x0=0x00000000
      144495000	      7123	80003c56	121c	c.addi4spn	x15,x2,288	 x15=0x80003124
      144515000	      7124	80003c58	00560663	beq	x12,x5,80003c64	 x12:0x00000004  x5:0x00000000
      144535000	      7125	80003c5c	44cd	c.li	x9,19	  x9=0x00000013
      144555000	      7126	80003c5e	004d84b3	add	x9,x27,x4	 x27:0xffffffee  x4:0xffffffe6  x9=0xffffffd4
      144575000	      7127	80003c62	54fd	c.li	x9,-1	  x9=0xffffffff
      144595000	      7128	80003c64	8d91	c.sub	x11,x12	 x11:0xffffffff x12:0x00000004 x11=0xfffffffb
      144615000	      7129	80003c66	6499	c.lui	x9,0x6	  x9=0x00006000
      144775000	      7137	80003c68	0001	c.addi	x0,0	  x0:0x00000000  x0=0x00000000
      144795000	      7138	80003c6a	34002bf3	csrrs	x23,mscratch,x0	  x0:0x00000000 x23=0x8000301c
      144835000	      7140	80003c6e	01dcc4b3	xor	x9,x25,x29	 x25:0x80023ce4 x29:0x00200000  x9=0x80223ce4
      144875000	      7142	80003c72	02203b33	mulhu	x22,x0,x2	  x0:0x00000000  x2:0x80003004 x22=0x00000000
      144895000	      7143	80003c76	41ba0fb3	sub	x31,x20,x27	 x20:0x00000001 x27:0xffffffee x31=0x00000013
      145175000	      7157	80003c7a	340034f3	csrrc	x9,mscratch,x0	  x0:0x00000000  x9=0x8000301c
      145215000	      7159	80003c7e	02a1bbb3	mulhu	x23,x3,x10	  x3:0x00004000 x10:0x00000018 x23=0x00000000
      145235000	      7160	80003c82	01f4ea33	or	x20,x9,x31	  x9:0x8000301c x31:0x00000013 x20=0x8000301f
      145255000	      7161	80003c86	4335	c.li	x6,13	  x6=0x0000000d
      145275000	      7162	80003c88	6b25	c.lui	x22,0x9	 x22=0x00009000
      145335000	      7165	80003c8a	0ff0000f	fence	iorw,iorw	
      145355000	      7166	80003c8e	8669	c.srai	x12,0x1a	 x12:0x00000004 x12=0x00000000
      145635000	      7180	80003c90	0336ae33	mulhsu	x28,x13,x19	 x13:0x00000000 x19:0x8001fe64 x28=0x00000000
      145655000	      7181	80003c94	0031da93	srli	x21,x3,0x3	  x3:0x00004000 x21=0x00000800
      145755000	      7186	80003c98	1b7d	c.addi	x22,-1	 x22:0x00009000 x22=0x00008fff
      145775000	      7187	80003c9a	6119	c.addi16sp	x2,384	  x2:0x80003004  x2=0x80003184
      145795000	      7188	80003c9c	e9c72737	lui	x14,0xe9c72	 x14=0xe9c72000
      145815000	      7189	80003ca0	020b9a63	bne	x23,x0,80003cd4	 x23:0x00000000  x0:0x00000000
      146175000	      7207	80003ca4	60e5	c.lui	x1,0x19	  x1=0x00019000
      146355000	      7216	80003ca6	34093073	csrrc	x0,mscratch,x18	 x18:0x00004000  x0=0x00000000
      146415000	      7219	80003caa	009cc3b3	xor	x7,x25,x9	 x25:0x80023ce4  x9:0x8000301c  x7=0x00020cf8
      146435000	      7220	80003cae	03239363	bne	x7,x18,80003cd4	  x7:0x00020cf8 x18:0x00004000
      146715000	      7234	80003cd4	8edd	c.or	x13,x15	 x13:0x00000000 x15:0x80003124 x13=0x80003124
      146735000	      7235	80003cd6	0d08	c.addi4spn	x10,x2,656	 x10=0x80003414
      146755000	      7236	80003cd8	011cdd33	srl	x26,x25,x17	 x25:0x80023ce4 x17:0x0000000c x26=0x00080023
      147135000	      7255	80003cdc	0339	c.addi	x6,14	  x6:0x0000000d  x6=0x0000001b
      147155000	      7256	80003cde	340070f3	csrrci	x1,mscratch,0	  x1=0x8000301c
      147175000	      7257	80003ce2	73161237	lui	x4,0x73161	  x4=0x73161000
      147195000	      7258	80003ce6	34007773	csrrci	x14,mscratch,0	 x14=0x8000301c
      148035000	      7300	80003cea	0363feb3	remu	x29,x7,x22	  x7:0x00020cf8 x22:0x00008fff x29=0x00005cfb
      148055000	      7301	80003cee	008cf963	bgeu	x25,x8,80003d00	 x25:0x80023ce4  x8:0x00000004
      148095000	      7303	80003d00	97e2	c.add	x15,x24	 x15:0x80003124 x24:0x00000000 x15=0x80003124
      148115000	      7304	80003d02	01cb1b63	bne	x22,x28,80003d18	 x22:0x00008fff x28:0x00000000
      149055000	      7351	80003d18	3402df73	csrrwi	x30,mscratch,5	 x30=0x8000301c
      149135000	      7355	80003d1c	02148563	beq	x9,x1,80003d46	  x9:0x8000301c  x1:0x8000301c
      149775000	      7387	80003d46	f6e14293	xori	x5,x2,-146	  x2:0x80003184  x5=0x7fffceea
      150515000	      7424	80003d4a	02e3c933	div	x18,x7,x14	  x7:0x00020cf8 x14:0x8000301c x18=0x00000000
      150535000	      7425	80003d4e	ca95	c.beqz	x13,80003d82	 x13:0x80003124
      150575000	      7427	80003d50	03029733	mulh	x14,x5,x16	  x5:0x7fffceea x16:0x800034ec x14=0xc0003300
      150635000	      7430	80003d54	b0a43093	sltiu	x1,x8,-1270	  x8:0x00000004  x1=0x00000001
      150655000	      7431	80003d58	00961e33	sll	x28,x12,x9	 x12:0x00000000  x9:0x8000301c x28=0x00000000
      151075000	      7452	80003d5c	62c1	c.lui	x5,0x10	  x5=0x00010000
      151135000	      7455	80003d5e	417582b3	sub	x5,x11,x23	 x11:0xfffffffb x23:0x00000000  x5=0xfffffffb
      151495000	      7473	80003d62	002a9693	slli	x13,x21,0x2	 x21:0x00000800 x13=0x00002000
      151515000	      7474	80003d66	009aa633	slt	x12,x21,x9	 x21:0x00000800  x9:0x8000301c x12=0x00000000
      151535000	      7475	80003d6a	0001	c.addi	x0,0	  x0:0x00000000  x0=0x00000000
      152295000	      7513	80003d6c	02124e33	div	x28,x4,x1	  x4:0x73161000  x1:0x00000001 x28=0x73161000
      152335000	      7515	80003d70	038c55b3	divu	x11,x24,x24	 x24:0x00000000 x24:0x00000000 x11=0xffffffff
      152355000	      7516	80003d74	8f61	c.and	x14,x8	 x14:0xc0003300  x8:0x00000004 x14=0x00000000
      152375000	      7517	80003d76	34003b73	csrrc	x22,mscratch,x0	  x0:0x00000000 x22=0x00000005
      152395000	      7518	80003d7a	0216de63	bge	x13,x1,80003db6	 x13:0x00002000  x1:0x00000001
      153395000	      7568	80003db6	02ba8a63	beq	x21,x11,80003dea	 x21:0x00000800 x11:0xffffffff
      153415000	      7569	80003dba	ce05	c.beqz	x12,80003df2	 x12:0x00000000
      153695000	      7583	80003df2	402a5e93	srai	x29,x20,0x2	 x20:0x8000301f x29=0xe0000c07
      153735000	      7585	80003df6	3403d573	csrrwi	x10,mscratch,7	 x10=0x00000005
      154155000	      7606	80003dfa	010fd593	srli	x11,x31,0x10	 x31:0x00000013 x11=0x00000000
      154175000	      7607	80003dfe	6129	c.addi16sp	x2,192	  x2:0x80003184  x2=0x80003244
      154275000	      7612	80003e00	000b6db3	or	x27,x22,x0	 x22:0x00000005  x0:0x00000000 x27=0x00000005
      154495000	      7623	80003e04	cc9d	c.beqz	x9,80003e42	  x9:0x8000301c
      154515000	      7624	80003e06	6e75	c.lui	x28,0x1d	 x28=0x0001d000
      154915000	      7644	80003e08	117d	c.addi	x2,-1	  x2:0x80003244  x2=0x80003243
      155655000	      7681	80003e0a	028a7f33	remu	x30,x20,x8	 x20:0x8000301f  x8:0x00000004 x30=0x00000003
      155675000	      7682	80003e0e	34043173	csrrc	x2,mscratch,x8	  x8:0x00000004  x2=0x00000007
      155695000	      7683	80003e12	34099173	csrrw	x2,mscratch,x19	 x19:0x8001fe64  x2=0x00000003
      155715000	      7684	80003e16	9ff1b3b7	lui	x7,0x9ff1b	  x7=0x9ff1b000
      155735000	      7685	80003e1a	00be5b13	srli	x22,x28,0xb	 x28:0x0001d000 x22=0x0000003a
      155755000	      7686	80003e1e	0001	c.addi	x0,0	  x0:0x00000000  x0=0x00000000
      155775000	      7687	80003e20	00ba2b33	slt	x22,x20,x11	 x20:0x8000301f x11:0x00000000 x22=0x00000001
      155795000	      7688	80003e24	8e95	c.sub	x13,x13	 x13:0x00002000 x13:0x00002000 x13=0x00000000
      155815000	      7689	80003e26	0001	c.addi	x0,0	  x0:0x00000000  x0=0x00000000
      155975000	      7697	80003e28	340d93f3	csrrw	x7,mscratch,x27	 x27:0x00000005  x7=0x8001fe64
      156155000	      7706	80003e2c	008f1b63	bne	x30,x8,80003e42	 x30:0x00000003  x8:0x00000004
      157035000	      7750	80003e42	02aaa133	mulhsu	x2,x21,x10	 x21:0x00000800 x10:0x00000005  x2=0x00000000
      157335000	      7765	80003e46	0049e533	or	x10,x19,x4	 x19:0x8001fe64  x4:0x73161000 x10=0xf317fe64
      157355000	      7766	80003e4a	94e2	c.add	x9,x24	  x9:0x8000301c x24:0x00000000  x9=0x8000301c
      157375000	      7767	80003e4c	58c9c093	xori	x1,x19,1420	 x19:0x8001fe64  x1=0x8001fbe8
      157435000	      7770	80003e50	5fcc2193	slti	x3,x24,1532	 x24:0x00000000  x3=0x00000001
      157455000	      7771	80003e54	02115963	bge	x2,x1,80003e86	  x2:0x00000000  x1:0x8001fbe8
      158375000	      7817	80003e86	02f00c33	mul	x24,x0,x15	  x0:0x00000000 x15:0x80003124 x24=0x00000000
      158435000	      7820	80003e8a	0197c463	blt	x15,x25,80003e92	 x15:0x80003124 x25:0x80023ce4
      158815000	      7839	80003e92	e88d	c.bnez	x9,80003ec4	  x9:0x8000301c
      159575000	      7877	80003ec4	0d62	c.slli	x26,0x18	 x26:0x00080023 x26=0x23000000
      160735000	      7935	80003ec6	03c3e533	rem	x10,x7,x28	  x7:0x8001fe64 x28:0x0001d000 x10=0xfffe8e64
      160755000	      7936	80003eca	34073573	csrrc	x10,mscratch,x14	 x14:0x00000000 x10=0x00000005
      160775000	      7937	80003ece	8e0d	c.sub	x12,x11	 x12:0x00000000 x11:0x00000000 x12=0x00000000
      160795000	      7938	80003ed0	00d04e33	xor	x28,x0,x13	  x0:0x00000000 x13:0x00000000 x28=0x00000000
      160815000	      7939	80003ed4	41fd0533	sub	x10,x26,x31	 x26:0x23000000 x31:0x00000013 x10=0x22ffffed
      160835000	      7940	80003ed8	58fd	c.li	x17,-1	 x17=0xffffffff
      160855000	      7941	80003eda	0001	c.addi	x0,0	  x0:0x00000000  x0=0x00000000
      160875000	      7942	80003edc	0117d813	srli	x16,x15,0x11	 x15:0x80003124 x16=0x00004000
      161075000	      7952	80003ee0	206a2613	slti	x12,x20,518	 x20:0x8000301f x12=0x00000001
      161395000	      7968	80003ee4	8f2e	c.mv	x30,x11	  x0:0x00000000 x11:0x00000000 x30=0x00000000
      161455000	      7971	80003ee6	032a07b3	mul	x15,x20,x18	 x20:0x8000301f x18:0x00000000 x15=0x00000000
      161475000	      7972	80003eea	0066abb3	slt	x23,x13,x6	 x13:0x00000000  x6:0x0000001b x23=0x00000001
      161495000	      7973	80003eee	8355	c.srli	x14,0x15	 x14:0x00000000 x14=0x00000000
      161515000	      7974	80003ef0	021a4f63	blt	x20,x1,80003f2e	 x20:0x8000301f  x1:0x8001fbe8
      162275000	      8012	80003f2e	003ce663	bltu	x25,x3,80003f3a	 x25:0x80023ce4  x3:0x00000001
      162515000	      8024	80003f32	93e2fa13	andi	x20,x5,-1730	  x5:0xfffffffb x20=0xfffff93a
      163255000	      8061	80003f36	0296f633	remu	x12,x13,x9	 x13:0x00000000  x9:0x8000301c x12=0x00000000
      163275000	      8062	80003f3a	8d79	c.and	x10,x14	 x10:0x22ffffed x14:0x00000000 x10=0x00000000
      163315000	      8064	80003f3c	03139333	mulh	x6,x7,x17	  x7:0x8001fe64 x17:0xffffffff  x6=0x00000000
      163335000	      8065	80003f40	90ba	c.add	x1,x14	  x1:0x8001fbe8 x14:0x00000000  x1=0x8001fbe8
      163355000	      8066	80003f42	41f1	c.li	x3,28	  x3=0x0000001c
      163375000	      8067	80003f44	50a6e093	ori	x1,x13,1290	 x13:0x00000000  x1=0x0000050a
      163395000	      8068	80003f48	031f0933	mul	x18,x30,x17	 x30:0x00000000 x17:0xffffffff x18=0x00000000
      163415000	      8069	80003f4c	340894f3	csrrw	x9,mscratch,x17	 x17:0xffffffff  x9=0x00000005
      163435000	      8070	80003f50	8f7d	c.and	x14,x15	 x14:0x00000000 x15:0x00000000 x14=0x00000000
      163815000	      8089	80003f52	02c04a33	div	x20,x0,x12	  x0:0x00000000 x12:0x00000000 x20=0xffffffff
      164215000	      8109	80003f56	015e10b3	sll	x1,x28,x21	 x28:0x00000000 x21:0x00000800  x1=0x00000000
      164235000	      8110	80003f5a	41338c33	sub	x24,x7,x19	  x7:0x8001fe64 x19:0x8001fe64 x24=0x00000000
      164255000	      8111	80003f5e	01c416b3	sll	x13,x8,x28	  x8:0x00000004 x28:0x00000000 x13=0x00000004
      164295000	      8113	80003f62	027698b3	mulh	x17,x13,x7	 x13:0x00000004  x7:0x8001fe64 x17=0xfffffffe
      164315000	      8114	80003f66	8f59	c.or	x14,x14	 x14:0x00000000 x14:0x00000000 x14=0x00000000
      165095000	      8153	80003f68	02d06233	rem	x4,x0,x13	  x0:0x00000000 x13:0x00000004  x4=0x00000000
      165115000	      8154	80003f6c	44c87613	andi	x12,x16,1100	 x16:0x00004000 x12=0x00000000
      165135000	      8155	80003f70	8d682d13	slti	x26,x16,-1834	 x16:0x00004000 x26=0x00000000
      165155000	      8156	80003f74	01c34a63	blt	x6,x28,80003f88	  x6:0x00000000 x28:0x00000000
      165175000	      8157	80003f78	4f75	c.li	x30,29	 x30=0x0000001d
      165195000	      8158	80003f7a	e8e6b817	auipc	x16,0xe8e6b	 x16=0x68e6ef7a
      165215000	      8159	80003f7e	0912	c.slli	x18,0x4	 x18:0x00000000 x18=0x00000000
      165615000	      8179	80003f80	074a	c.slli	x14,0x12	 x14:0x00000000 x14=0x00000000
      177475000	      8772	80003f82	786ee613	ori	x12,x29,1926	 x29:0xe0000c07 x12=0xe0000f87
      177495000	      8773	80003f86	8dd2	c.mv	x27,x20	  x0:0x00000000 x20:0xffffffff x27=0xffffffff
      177515000	      8774	80003f88	01d4d533	srl	x10,x9,x29	  x9:0x00000005 x29:0xe0000c07 x10=0x00000000
      177535000	      8775	80003f8c	6c65	c.lui	x24,0x19	 x24=0x00019000
      177555000	      8776	80003f8e	c785	c.beqz	x15,80003fb6	 x15:0x00000000
      177715000	      8784	80003fb6	9496	c.add	x9,x5	  x9:0x00000005  x5:0xfffffffb  x9=0x00000000
      177755000	      8786	80003fb8	014af763	bgeu	x21,x20,80003fc6	 x21:0x00000800 x20:0xffffffff
      177775000	      8787	80003fbc	340eddf3	csrrwi	x27,mscratch,29	 x27=0xffffffff
      178195000	      8808	80003fc0	83d5	c.srli	x15,0x15	 x15:0x00000000 x15=0x00000000
      178215000	      8809	80003fc2	00befa63	bgeu	x29,x11,80003fd6	 x29:0xe0000c07 x11:0x00000000
      179035000	      8850	80003fd6	03dec563	blt	x29,x29,80004000	 x29:0xe0000c07 x29:0xe0000c07
      179095000	      8853	80003fda	01b5bfb3	sltu	x31,x11,x27	 x11:0x00000000 x27:0xffffffff x31=0x00000001
      179115000	      8854	80003fde	997d	c.andi	x10,-1	 x10:0x00000000 x10=0x00000000
      179135000	      8855	80003fe0	8e51	c.or	x12,x12	 x12:0xe0000f87 x12:0xe0000f87 x12=0xe0000f87
      179155000	      8856	80003fe2	8c99	c.sub	x9,x14	  x9:0x00000000 x14:0x00000000  x9=0x00000000
      179175000	      8857	80003fe4	340e2073	csrrs	x0,mscratch,x28	 x28:0x00000000  x0=0x00000000
      179515000	      8874	80003fe8	f3a6ef13	ori	x30,x13,-198	 x13:0x00000004 x30=0xffffff3e
      179535000	      8875	80003fec	0404d163	bge	x9,x0,8000402e	  x9:0x00000000  x0:0x00000000
      180335000	      8915	8000402e	340024f3	csrrs	x9,mscratch,x0	  x0:0x00000000  x9=0x0000001d
      180355000	      8916	80004032	08fd0463	beq	x26,x15,800040ba	 x26:0x00000000 x15:0x00000000
      180835000	      8940	800040ba	018bd733	srl	x14,x23,x24	 x23:0x00000001 x24:0x00019000 x14=0x00000001
      180855000	      8941	800040be	00c69933	sll	x18,x13,x12	 x13:0x00000004 x12:0xe0000f87 x18=0x00000200
      180915000	      8944	800040c2	00756b33	or	x22,x10,x7	 x10:0x00000000  x7:0x8001fe64 x22=0x8001fe64
      180935000	      8945	800040c6	c705	c.beqz	x14,800040ee	 x14:0x00000001
      180955000	      8946	800040c8	8df5	c.and	x11,x13	 x11:0x00000000 x13:0x00000004 x11=0x00000000
      180975000	      8947	800040ca	009968b3	or	x17,x18,x9	 x18:0x00000200  x9:0x0000001d x17=0x0000021d
      181715000	      8984	800040ce	025b5f33	divu	x30,x22,x5	 x22:0x8001fe64  x5:0xfffffffb x30=0x00000000
      181735000	      8985	800040d2	ef41bc13	sltiu	x24,x3,-268	  x3:0x0000001c x24=0x00000001
      181755000	      8986	800040d6	0ff0000f	fence	iorw,iorw	
      181815000	      8989	800040da	dbd9e397	auipc	x7,0xdbd9e	  x7=0x5bda20da
      181935000	      8995	800040de	03240d33	mul	x26,x8,x18	  x8:0x00000004 x18:0x00000200 x26=0x00000800
      181955000	      8996	800040e2	001635b3	sltu	x11,x12,x1	 x12:0xe0000f87  x1:0x00000000 x11=0x00000000
      181975000	      8997	800040e6	974e	c.add	x14,x19	 x14:0x00000001 x19:0x8001fe64 x14=0x8001fe65
      181995000	      8998	800040e8	34006d73	csrrsi	x26,mscratch,0	 x26=0x0000001d
      182015000	      8999	800040ec	0001	c.addi	x0,0	  x0:0x00000000  x0=0x00000000
      183135000	      9055	800040ee	023c5833	divu	x16,x24,x3	 x24:0x00000001  x3:0x0000001c x16=0x00000000
      183175000	      9057	800040f2	034d9b33	mulh	x22,x27,x20	 x27:0xffffffff x20:0xffffffff x22=0x00000000
      183195000	      9058	800040f6	020f00b3	mul	x1,x30,x0	 x30:0x00000000  x0:0x00000000  x1=0x00000000
      183215000	      9059	800040fa	e12cd297	auipc	x5,0xe12cd	  x5=0x612d10fa
      183235000	      9060	800040fe	9ac2	c.add	x21,x16	 x21:0x00000800 x16:0x00000000 x21=0x00000800
      183295000	      9063	80004100	340218f3	csrrw	x17,mscratch,x4	  x4:0x00000000 x17=0x0000001d
      183715000	      9084	80004104	34065b73	csrrwi	x22,mscratch,12	 x22=0x00000000
      183735000	      9085	80004108	8d4e	c.mv	x26,x19	  x0:0x00000000 x19:0x8001fe64 x26=0x8001fe64
      184155000	      9106	8000410a	34079373	csrrw	x6,mscratch,x15	 x15:0x00000000  x6=0x0000000c
      184175000	      9107	8000410e	0026d013	srli	x0,x13,0x2	 x13:0x00000004  x0=0x00000000
      184195000	      9108	80004112	8241a617	auipc	x12,0x8241a	 x12=0x0241e112
      184215000	      9109	80004116	44c9	c.li	x9,18	  x9=0x00000012
      184475000	      9122	80004118	00142bb3	slt	x23,x8,x1	  x8:0x00000004  x1:0x00000000 x23=0x00000000
      184495000	      9123	8000411c	173e3e13	sltiu	x28,x28,371	 x28:0x00000000 x28=0x00000001
      184535000	      9125	80004120	02f6d533	divu	x10,x13,x15	 x13:0x00000004 x15:0x00000000 x10=0xffffffff
      184575000	      9127	80004124	007ab1b3	sltu	x3,x21,x7	 x21:0x00000800  x7:0x5bda20da  x3=0x00000001
      184595000	      9128	80004128	03870eb3	mul	x29,x14,x24	 x14:0x8001fe65 x24:0x00000001 x29=0x8001fe65
      184615000	      9129	8000412c	07768363	beq	x13,x23,80004192	 x13:0x00000004 x23:0x00000000
      184735000	      9135	80004130	03482933	mulhsu	x18,x16,x20	 x16:0x00000000 x20:0xffffffff x18=0x00000000
      185475000	      9172	80004134	02d6d633	divu	x12,x13,x13	 x13:0x00000004 x13:0x00000004 x12=0x00000001
      185495000	      9173	80004138	0108eb33	or	x22,x17,x16	 x17:0x0000001d x16:0x00000000 x22=0x0000001d
      185515000	      9174	8000413c	340455f3	csrrwi	x11,mscratch,8	 x11=0x00000000
      185555000	      9176	80004140	0233adb3	mulhsu	x27,x7,x3	  x7:0x5bda20da  x3:0x00000001 x27=0x00000000
      185575000	      9177	80004144	9c36	c.add	x24,x13	 x24:0x00000001 x13:0x00000004 x24=0x00000005
      185715000	      9184	80004146	0370efb3	rem	x31,x1,x23	  x1:0x00000000 x23:0x00000000 x31=0x00000000
      185735000	      9185	8000414a	340deef3	csrrsi	x29,mscratch,27	 x29=0x00000008
      186135000	      9205	8000414e	922b4517	auipc	x10,0x922b4	 x10=0x122b814e
      186455000	      9221	80004152	ccf50513	addi	x10,x10,-817	 x10:0x122b814e x10=0x122b7e1d
      186815000	      9239	80004156	a92b6393	ori	x7,x22,-1390	 x22:0x0000001d  x7=0xfffffa9f
      186835000	      9240	8000415a	00005117	auipc	x2,0x5	  x2=0x8000915a
      186995000	      9248	8000415e	82410113	addi	x2,x2,-2012	  x2:0x8000915a  x2=0x8000897e
      187015000	      9249	80004162	0001	c.addi	x0,0	  x0:0x00000000  x0=0x00000000
      187035000	      9250	80004164	018693b3	sll	x7,x13,x24	 x13:0x00000004 x24:0x00000005  x7=0x00000080
      187355000	      9266	80004168	41150033	sub	x0,x10,x17	 x10:0x122b7e1d x17:0x0000001d  x0=0x00000000
      187475000	      9272	8000416c	623cc793	xori	x15,x25,1571	 x25:0x80023ce4 x15=0x80023ac7
      187555000	      9276	80004170	0059e5b3	or	x11,x19,x5	 x19:0x8001fe64  x5:0x612d10fa x11=0xe12dfefe
      187655000	      9281	80004174	40e35233	sra	x4,x6,x14	  x6:0x0000000c x14:0x8001fe65  x4=0x00000000
      187675000	      9282	80004178	c7c10113	addi	x2,x2,-900	  x2:0x8000897e  x2=0x800085fa
      187695000	      9283	8000417c	340af4f3	csrrci	x9,mscratch,21	  x9=0x0000001b
      187835000	      9290	80004180	384100e7	jalr	x1,900(x2)	  x2:0x800085fa  x1=0x80004184
      188315000	      9314	8000897e	661d	c.lui	x12,0x7	 x12=0x00007000
      188355000	      9316	80008980	1991	c.addi	x19,-28	 x19:0x8001fe64 x19=0x8001fe48
      188815000	      9339	80008982	0019a223	sw	x1,4(x19)	 x19:0x8001fe48  x1:0x80004184 PA:0x8001fe4c store:0x80004184 load:0xffffffff
      188855000	      9341	80008986	0394aa33	mulhsu	x20,x9,x25	  x9:0x0000001b x25:0x80023ce4 x20=0x0000000d
      188875000	      9342	8000898a	51fd	c.li	x3,-1	  x3=0xffffffff
      189615000	      9379	8000898c	03dd64b3	rem	x9,x26,x29	 x26:0x8001fe64 x29:0x00000008  x9=0xfffffffc
      189635000	      9380	80008990	02728bb3	mul	x23,x5,x7	  x5:0x612d10fa  x7:0x00000080 x23=0x96887d00
      189655000	      9381	80008994	7a338213	addi	x4,x7,1955	  x7:0x00000080  x4=0x00000823
      189675000	      9382	80008998	6105	c.addi16sp	x2,32	  x2:0x800085fa  x2=0x8000861a
      189755000	      9386	8000899a	01a000ef	jal	x1,800089b4	  x1=0x8000899e
      190295000	      9413	800089b4	3ff5	c.jal	800089b0	  x1=0x800089b6
      191055000	      9451	800089b0	3fe5	c.jal	800089a8	  x1=0x800089b2
      191095000	      9453	800089a8	3fe5	c.jal	800089a0	  x1=0x800089aa
      191155000	      9456	800089a0	2035	c.jal	800089cc	  x1=0x800089a2
      191395000	      9468	800089cc	3ff9	c.jal	800089aa	  x1=0x800089ce
      191435000	      9470	800089aa	a831	c.j	800089c6	
      191495000	      9473	800089c6	2801	c.jal	800089d6	  x1=0x800089c8
      192675000	      9532	800089d6	37d5	c.jal	800089ba	  x1=0x800089d8
      192735000	      9535	800089ba	00e000ef	jal	x1,800089c8	  x1=0x800089be
      192775000	      9537	800089c8	00c0036f	jal	x6,800089d4	  x6=0x800089cc
      192835000	      9540	800089d4	b7e9	c.j	8000899e	
      192895000	      9543	8000899e	2821	c.jal	800089b6	  x1=0x800089a0
      192995000	      9548	800089b6	00c000ef	jal	x1,800089c2	  x1=0x800089ba
      193055000	      9551	800089c2	fe5ff0ef	jal	x1,800089a6	  x1=0x800089c6
      193095000	      9553	800089a6	a025	c.j	800089ce	
      193135000	      9555	800089ce	2009	c.jal	800089d0	  x1=0x800089d0
      193175000	      9557	800089d0	2021	c.jal	800089d8	  x1=0x800089d2
      193215000	      9559	800089d8	3fd1	c.jal	800089ac	  x1=0x800089da
      193255000	      9561	800089ac	02600f6f	jal	x30,800089d2	 x30=0x800089b0
      193295000	      9563	800089d2	b7f5	c.j	800089be	
      193335000	      9565	800089be	37dd	c.jal	800089a4	  x1=0x800089c0
      193375000	      9567	800089a4	3ffd	c.jal	800089a2	  x1=0x800089a6
      193415000	      9569	800089a2	a801	c.j	800089b2	
      193455000	      9571	800089b2	2039	c.jal	800089c0	  x1=0x800089b4
      193495000	      9573	800089c0	2829	c.jal	800089da	  x1=0x800089c2
      193595000	      9578	800089da	01c855b3	srl	x11,x16,x28	 x16:0x00000000 x28:0x00000001 x11=0x00000000
      193655000	      9581	800089de	04e000ef	jal	x1,80008a2c	  x1=0x800089e2
      194475000	      9622	80008a2c	bf7d	c.j	800089ea	
      194775000	      9637	800089ea	a825	c.j	80008a22	
      195355000	      9666	80008a22	37f5	c.jal	80008a0e	  x1=0x80008a24
      195935000	      9695	80008a0e	ffbff0ef	jal	x1,80008a08	  x1=0x80008a12
      195975000	      9697	80008a08	fefff0ef	jal	x1,800089f6	  x1=0x80008a0c
      196435000	      9720	800089f6	2039	c.jal	80008a04	  x1=0x800089f8
      197415000	      9769	80008a04	ff7ff0ef	jal	x1,800089fa	  x1=0x80008a08
      197475000	      9772	800089fa	ff9ff26f	jal	x4,800089f2	  x4=0x800089fe
      197575000	      9777	800089f2	02a00a6f	jal	x20,80008a1c	 x20=0x800089f6
      197635000	      9780	80008a1c	2021	c.jal	80008a24	  x1=0x80008a1e
      197695000	      9783	80008a24	ff1ff0ef	jal	x1,80008a14	  x1=0x80008a28
      197755000	      9786	80008a14	a829	c.j	80008a2e	
      197815000	      9789	80008a2e	bff9	c.j	80008a0c	
      197875000	      9792	80008a0c	3fe9	c.jal	800089e6	  x1=0x80008a0e
      197915000	      9794	800089e6	2029	c.jal	800089f0	  x1=0x800089e8
      197955000	      9796	800089f0	3fe5	c.jal	800089e8	  x1=0x800089f2
      197995000	      9798	800089e8	3fed	c.jal	800089e2	  x1=0x800089ea
      198055000	      9801	800089e2	0300036f	jal	x6,80008a12	  x6=0x800089e6
      198115000	      9804	80008a12	37f5	c.jal	800089fe	  x1=0x80008a14
      198155000	      9806	800089fe	280d	c.jal	80008a30	  x1=0x80008a00
      198195000	      9808	80008a30	3f75	c.jal	800089ec	  x1=0x80008a32
      198235000	      9810	800089ec	0320056f	jal	x10,80008a1e	 x10=0x800089f0
      198315000	      9814	80008a1e	ff9ff1ef	jal	x3,80008a16	  x3=0x80008a22
      198375000	      9817	80008a16	a009	c.j	80008a18	
      198435000	      9820	80008a18	37e5	c.jal	80008a00	  x1=0x80008a1a
      198495000	      9823	80008a00	bfe5	c.j	800089f8	
      198555000	      9826	800089f8	a029	c.j	80008a02	
      198615000	      9829	80008a02	a01d	c.j	80008a28	
      198655000	      9831	80008a28	ff3ff0ef	jal	x1,80008a1a	  x1=0x80008a2c
      198695000	      9833	80008a1a	a821	c.j	80008a32	
      198735000	      9835	80008a32	8586	c.mv	x11,x1	  x0:0x00000000  x1:0x80008a2c x11=0x80008a2c
      198755000	      9836	80008a34	020000ef	jal	x1,80008a54	  x1=0x80008a38
      199235000	      9860	80008a54	3fcd	c.jal	80008a46	  x1=0x80008a56
      200055000	      9901	80008a46	004000ef	jal	x1,80008a4a	  x1=0x80008a4a
      200155000	      9906	80008a4a	ff7ff0ef	jal	x1,80008a40	  x1=0x80008a4e
      200195000	      9908	80008a40	004000ef	jal	x1,80008a44	  x1=0x80008a44
      200235000	      9910	80008a44	a811	c.j	80008a58	
      200275000	      9912	80008a58	b7c5	c.j	80008a38	
      200315000	      9914	80008a38	2019	c.jal	80008a3e	  x1=0x80008a3a
      200355000	      9916	80008a3e	bff5	c.j	80008a3a	
      200395000	      9918	80008a3a	2821	c.jal	80008a52	  x1=0x80008a3c
      200435000	      9920	80008a52	bff5	c.j	80008a4e	
      200495000	      9923	80008a4e	fefff0ef	jal	x1,80008a3c	  x1=0x80008a52
      200535000	      9925	80008a3c	2829	c.jal	80008a56	  x1=0x80008a3e
      200575000	      9927	80008a56	a011	c.j	80008a5a	
      200635000	      9930	80008a5a	00c513b3	sll	x7,x10,x12	 x10:0x800089f0 x12:0x00007000  x7=0x800089f0
      200655000	      9931	80008a5e	022000ef	jal	x1,80008a80	  x1=0x80008a62
      201115000	      9954	80008a80	b7f5	c.j	80008a6c	
      201155000	      9956	80008a6c	a821	c.j	80008a84	
      201275000	      9962	80008a84	2009	c.jal	80008a86	  x1=0x80008a86
      201335000	      9965	80008a86	bfcd	c.j	80008a78	
      201455000	      9971	80008a78	fefff36f	jal	x6,80008a66	  x6=0x80008a7c
      201515000	      9974	80008a66	016000ef	jal	x1,80008a7c	  x1=0x80008a6a
      201695000	      9983	80008a7c	ff3ff0ef	jal	x1,80008a6e	  x1=0x80008a80
      201775000	      9987	80008a6e	ffdff36f	jal	x6,80008a6a	  x6=0x80008a72
      201815000	      9989	80008a6a	bfe5	c.j	80008a62	
      201875000	      9992	80008a62	020000ef	jal	x1,80008a82	  x1=0x80008a66
      201915000	      9994	80008a82	bfcd	c.j	80008a74	
      201955000	      9996	80008a74	0140036f	jal	x6,80008a88	  x6=0x80008a78
      201995000	      9998	80008a88	a009	c.j	80008a8a	
      202055000	     10001	80008a8a	006000ef	jal	x1,80008a90	  x1=0x80008a8e
      202115000	     10004	80008a90	b7cd	c.j	80008a72	
      202175000	     10007	80008a72	2831	c.jal	80008a8e	  x1=0x80008a74
      202235000	     10010	80008a8e	2011	c.jal	80008a92	  x1=0x80008a90
      202295000	     10013	80008a92	84f5	c.srai	x9,0x1d	  x9:0xfffffffc  x9=0xffffffff
      202315000	     10014	80008a94	00d48733	add	x14,x9,x13	  x9:0xffffffff x13:0x00000004 x14=0x00000003
      202815000	     10039	80008a98	717d	c.addi16sp	x2,-16	  x2:0x8000861a  x2=0x8000860a
      202835000	     10040	80008a9a	02b21163	bne	x4,x11,80008abc	  x4:0x800089fe x11:0x80008a2c
      203335000	     10065	80008abc	008e32b3	sltu	x5,x28,x8	 x28:0x00000001  x8:0x00000004  x5=0x00000001
      203775000	     10087	80008ac0	01104b33	xor	x22,x0,x17	  x0:0x00000000 x17:0x0000001d x22=0x0000001d
      203795000	     10088	80008ac4	65e0cc13	xori	x24,x1,1630	  x1:0x80008a90 x24=0x80008cce
      203815000	     10089	80008ac8	0ff0000f	fence	iorw,iorw	
      203835000	     10090	80008acc	03a6ea63	bltu	x13,x26,80008b00	 x13:0x00000004 x26:0x8001fe64
      203915000	     10094	80008b00	0001	c.addi	x0,0	  x0:0x00000000  x0=0x00000000
      203935000	     10095	80008b02	8591	c.srai	x11,0x4	 x11:0x80008a2c x11=0xf80008a2
      203995000	     10098	80008b04	8ea5	c.xor	x13,x9	 x13:0x00000004  x9:0xffffffff x13=0xfffffffb
      204015000	     10099	80008b06	8e55	c.or	x12,x13	 x12:0x00007000 x13:0xfffffffb x12=0xfffffffb
      204355000	     10116	80008b08	01924a33	xor	x20,x4,x25	  x4:0x800089fe x25:0x80023ce4 x20=0x0002b51a
      204375000	     10117	80008b0c	0da9c493	xori	x9,x19,218	 x19:0x8001fe48  x9=0x8001fe92
      205175000	     10157	80008b10	03c2e233	rem	x4,x5,x28	  x5:0x00000001 x28:0x00000001  x4=0x00000000
      205215000	     10159	80008b14	03353633	mulhu	x12,x10,x19	 x10:0x800089f0 x19:0x8001fe48 x12=0x4001441d
      205235000	     10160	80008b18	03540d63	beq	x8,x21,80008b52	  x8:0x00000004 x21:0x00000800
      205255000	     10161	80008b1c	d2b4e113	ori	x2,x9,-725	  x9:0x8001fe92  x2=0xffffffbb
      205275000	     10162	80008b20	00a59b33	sll	x22,x11,x10	 x11:0xf80008a2 x10:0x800089f0 x22=0x08a20000
      205295000	     10163	80008b24	0ff0000f	fence	iorw,iorw	
      205315000	     10164	80008b28	a8547713	andi	x14,x8,-1403	  x8:0x00000004 x14=0x00000004
      205335000	     10165	80008b2c	02146663	bltu	x8,x1,80008b58	  x8:0x00000004  x1:0x80008a90
      206015000	     10199	80008b58	0180d613	srli	x12,x1,0x18	  x1:0x80008a90 x12=0x00000080
      206035000	     10200	80008b5c	00c69313	slli	x6,x13,0xc	 x13:0xfffffffb  x6=0xffffb000
      206055000	     10201	80008b60	340026f3	csrrs	x13,mscratch,x0	  x0:0x00000000 x13=0x0000000a
      206075000	     10202	80008b64	0936	c.slli	x18,0xd	 x18:0x00000000 x18=0x00000000
      206095000	     10203	80008b66	3404a3f3	csrrs	x7,mscratch,x9	  x9:0x8001fe92  x7=0x0000000a
      206295000	     10213	80008b6a	03d44763	blt	x8,x29,80008b98	  x8:0x00000004 x29:0x00000008
      206975000	     10247	80008b98	68bc8913	addi	x18,x25,1675	 x25:0x80023ce4 x18=0x8002436f
      206995000	     10248	80008b9c	035187b3	mul	x15,x3,x21	  x3:0x80008a22 x21:0x00000800 x15=0x04511000
      207095000	     10253	80008ba0	03b7d233	divu	x4,x15,x27	 x15:0x04511000 x27:0x00000000  x4=0xffffffff
      207115000	     10254	80008ba4	02a00d33	mul	x26,x0,x10	  x0:0x00000000 x10:0x800089f0 x26=0x00000000
      207275000	     10262	80008ba8	01073b33	sltu	x22,x14,x16	 x14:0x00000004 x16:0x00000000 x22=0x00000000
      207315000	     10264	80008bac	e9402a13	slti	x20,x0,-364	  x0:0x00000000 x20=0x00000000
      207335000	     10265	80008bb0	0080dbb3	srl	x23,x1,x8	  x1:0x80008a90  x8:0x00000004 x23=0x080008a9
      207355000	     10266	80008bb4	036f6f63	bltu	x30,x22,80008bf2	 x30:0x800089b0 x22:0x00000000
      207555000	     10276	80008bb8	023ef963	bgeu	x29,x3,80008bea	 x29:0x00000008  x3:0x80008a22
      207735000	     10285	80008bbc	00565763	bge	x12,x5,80008bca	 x12:0x00000080  x5:0x00000001
      208215000	     10309	80008bca	34007373	csrrci	x6,mscratch,0	  x6=0x8001fe9a
      208235000	     10310	80008bce	0001	c.addi	x0,0	  x0:0x00000000  x0=0x00000000
      208255000	     10311	80008bd0	8e81	c.sub	x13,x8	 x13:0x0000000a  x8:0x00000004 x13=0x00000006
      208275000	     10312	80008bd2	6dd43793	sltiu	x15,x8,1757	  x8:0x00000004 x15=0x00000001
      208315000	     10314	80008bd6	01e49c63	bne	x9,x30,80008bee	  x9:0x8001fe92 x30:0x800089b0
      208875000	     10342	80008bee	01eaaf33	slt	x30,x21,x30	 x21:0x00000800 x30:0x800089b0 x30=0x00000000
      208995000	     10348	80008bf2	34091d73	csrrw	x26,mscratch,x18	 x18:0x8002436f x26=0x8001fe9a
      209735000	     10385	80008bf6	02a07a33	remu	x20,x0,x10	  x0:0x00000000 x10:0x800089f0 x20=0x00000000
      209755000	     10386	80008bfa	01f976b3	and	x13,x18,x31	 x18:0x8002436f x31:0x00000000 x13=0x00000000
      209775000	     10387	80008bfe	e391	c.bnez	x15,80008c02	 x15:0x00000001
      209835000	     10390	80008c02	0030b033	sltu	x0,x1,x3	  x1:0x80008a90  x3:0x80008a22  x0=0x00000000
      210335000	     10415	80008c06	340021f3	csrrs	x3,mscratch,x0	  x0:0x00000000  x3=0x8002436f
      211075000	     10452	80008c0a	0329da33	divu	x20,x19,x18	 x19:0x8001fe48 x18:0x8002436f x20=0x00000000
      211095000	     10453	80008c0e	01c41f13	slli	x30,x8,0x1c	  x8:0x00000004 x30=0x40000000
      211115000	     10454	80008c12	033a01b3	mul	x3,x20,x19	 x20:0x00000000 x19:0x8001fe48  x3=0x00000000
      211515000	     10474	80008c16	038fe863	bltu	x31,x24,80008c46	 x31:0x00000000 x24:0x80008cce
      212815000	     10539	80008c46	019fa3b3	slt	x7,x31,x25	 x31:0x00000000 x25:0x80023ce4  x7=0x00000000
      212835000	     10540	80008c4a	0ff0000f	fence	iorw,iorw	
      213255000	     10561	80008c4e	41c55a93	srai	x21,x10,0x1c	 x10:0x800089f0 x21=0xfffffff8
      213415000	     10569	80008c52	012ec5b3	xor	x11,x29,x18	 x29:0x00000008 x18:0x8002436f x11=0x80024367
      213435000	     10570	80008c56	0ff0000f	fence	iorw,iorw	
      213455000	     10571	80008c5a	6dc9	c.lui	x27,0x12	 x27=0x00012000
      213635000	     10580	80008c5c	1a04	c.addi4spn	x9,x2,304	  x9=0x000000eb
      213655000	     10581	80008c5e	469d	c.li	x13,7	 x13=0x00000007
      213675000	     10582	80008c60	0038db33	srl	x22,x17,x3	 x17:0x0000001d  x3:0x00000000 x22=0x0000001d
      213695000	     10583	80008c64	405dde33	sra	x28,x27,x5	 x27:0x00012000  x5:0x00000001 x28=0x00009000
      214435000	     10620	80008c68	03145bb3	divu	x23,x8,x17	  x8:0x00000004 x17:0x0000001d x23=0x00000000
      214455000	     10621	80008c6c	5b7d	c.li	x22,-1	 x22=0xffffffff
      214475000	     10622	80008c6e	0424f063	bgeu	x9,x2,80008cae	  x9:0x000000eb  x2:0xffffffbb
      215215000	     10659	80008c72	03b363b3	rem	x7,x6,x27	  x6:0x8001fe9a x27:0x00012000  x7=0xffff9e9a
      215235000	     10660	80008c76	03859363	bne	x11,x24,80008c9c	 x11:0x80024367 x24:0x80008cce
      215315000	     10664	80008c9c	014b5333	srl	x6,x22,x20	 x22:0xffffffff x20:0x00000000  x6=0xffffffff
      215495000	     10673	80008ca0	4b25	c.li	x22,9	 x22=0x00000009
      215735000	     10685	80008ca2	02d4a033	mulhsu	x0,x9,x13	  x9:0x000000eb x13:0x00000007  x0=0x00000000
      215755000	     10686	80008ca6	034e	c.slli	x6,0x13	  x6:0xffffffff  x6=0xfff80000
      216155000	     10706	80008ca8	1618	c.addi4spn	x14,x2,800	 x14=0x000002db
      216175000	     10707	80008caa	a6503613	sltiu	x12,x0,-1435	  x0:0x00000000 x12=0x00000001
      216195000	     10708	80008cae	05665063	bge	x12,x22,80008cee	 x12:0x00000001 x22:0x00000009
      216935000	     10745	80008cb2	02bd60b3	rem	x1,x26,x11	 x26:0x8001fe9a x11:0x80024367  x1=0xffffbb33
      217675000	     10782	80008cb6	02e9eab3	rem	x21,x19,x14	 x19:0x8001fe48 x14:0x000002db x21=0xfffffec9
      217695000	     10783	80008cba	03716c63	bltu	x2,x23,80008cf2	  x2:0xffffffbb x23:0x00000000
      217715000	     10784	80008cbe	40c65833	sra	x16,x12,x12	 x12:0x00000001 x12:0x00000001 x16=0x00000000
      217755000	     10786	80008cc2	03ab3533	mulhu	x10,x22,x26	 x22:0x00000009 x26:0x8001fe9a x10=0x00000004
      217775000	     10787	80008cc6	98fd	c.andi	x9,-1	  x9:0x000000eb  x9=0x000000eb
      217795000	     10788	80008cc8	8169	c.srli	x10,0x1a	 x10:0x00000004 x10=0x00000000
      217835000	     10790	80008cca	03e694b3	mulh	x9,x13,x30	 x13:0x00000007 x30:0x40000000  x9=0x00000001
      217855000	     10791	80008cce	81b9	c.srli	x11,0xe	 x11:0x80024367 x11=0x00020009
      217875000	     10792	80008cd0	8c89	c.sub	x9,x10	  x9:0x00000001 x10:0x00000000  x9=0x00000001
      217895000	     10793	80008cd2	01bc18b3	sll	x17,x24,x27	 x24:0x80008cce x27:0x00012000 x17=0x80008cce
      217915000	     10794	80008cd6	419ad493	srai	x9,x21,0x19	 x21:0xfffffec9  x9=0xffffffff
      217935000	     10795	80008cda	00ac1913	slli	x18,x24,0xa	 x24:0x80008cce x18=0x02333800
      218295000	     10813	80008cde	340078f3	csrrci	x17,mscratch,0	 x17=0x8002436f
      218335000	     10815	80008ce2	cb16ee97	auipc	x29,0xcb16e	 x29=0x4b176ce2
      218355000	     10816	80008ce6	b702ba17	auipc	x20,0xb702b	 x20=0x37033ce6
      218455000	     10821	80008cea	03754e63	blt	x10,x23,80008d26	 x10:0x00000000 x23:0x00000000
      218475000	     10822	80008cee	0ff0000f	fence	iorw,iorw	
      219215000	     10859	80008cf2	029bf133	remu	x2,x23,x9	 x23:0x00000000  x9:0xffffffff  x2=0x00000000
      219235000	     10860	80008cf6	83c1	c.srli	x15,0x10	 x15:0x00000001 x15=0x00000000
      219255000	     10861	80008cf8	016f1593	slli	x11,x30,0x16	 x30:0x40000000 x11=0x00000000
      219275000	     10862	80008cfc	6719	c.lui	x14,0x6	 x14=0x00006000
      219295000	     10863	80008cfe	00c25133	srl	x2,x4,x12	  x4:0xffffffff x12:0x00000001  x2=0x7fffffff
      219315000	     10864	80008d02	cf6afa13	andi	x20,x21,-778	 x21:0xfffffec9 x20=0xfffffcc0
      219335000	     10865	80008d06	cb05	c.beqz	x14,80008d36	 x14:0x00006000
      219355000	     10866	80008d08	8e31	c.xor	x12,x12	 x12:0x00000001 x12:0x00000001 x12=0x00000000
      219535000	     10875	80008d0a	01728e33	add	x28,x5,x23	  x5:0x00000001 x23:0x00000000 x28=0x00000001
      219555000	     10876	80008d0e	8df1	c.and	x11,x12	 x11:0x00000000 x12:0x00000000 x11=0x00000000
      219675000	     10882	80008d10	039e0833	mul	x16,x28,x25	 x28:0x00000001 x25:0x80023ce4 x16=0x80023ce4
      219875000	     10892	80008d14	01eafc63	bgeu	x21,x30,80008d2c	 x21:0xfffffec9 x30:0x40000000
      220315000	     10914	80008d2c	3403ef73	csrrsi	x30,mscratch,7	 x30=0x8002436f
      220355000	     10916	80008d30	0001	c.addi	x0,0	  x0:0x00000000  x0=0x00000000
      220395000	     10918	80008d32	03d78533	mul	x10,x15,x29	 x15:0x00000000 x29:0x4b176ce2 x10=0x00000000
      220415000	     10919	80008d36	4b05f093	andi	x1,x11,1200	 x11:0x00000000  x1=0x00000000
      220435000	     10920	80008d3a	00a70333	add	x6,x14,x10	 x14:0x00006000 x10:0x00000000  x6=0x00006000
      221335000	     10965	80008d3e	0321f833	remu	x16,x3,x18	  x3:0x00000000 x18:0x02333800 x16=0x00000000
      221355000	     10966	80008d42	4a197293	andi	x5,x18,1185	 x18:0x02333800  x5=0x00000000
      221375000	     10967	80008d46	3408ad73	csrrs	x26,mscratch,x17	 x17:0x8002436f x26=0x8002436f
      221395000	     10968	80008d4a	8fa5	c.xor	x15,x9	 x15:0x00000000  x9:0xffffffff x15=0xffffffff
      221415000	     10969	80008d4c	00cb14b3	sll	x9,x22,x12	 x22:0x00000009 x12:0x00000000  x9=0x00000009
      221435000	     10970	80008d50	00ad0e63	beq	x26,x10,80008d6c	 x26:0x8002436f x10:0x00000000
      221455000	     10971	80008d54	557d	c.li	x10,-1	 x10=0xffffffff
      221475000	     10972	80008d56	029efe63	bgeu	x29,x9,80008d92	 x29:0x4b176ce2  x9:0x00000009
      222755000	     11036	80008d92	406a8333	sub	x6,x21,x6	 x21:0xfffffec9  x6:0x00006000  x6=0xffff9ec9
      223495000	     11073	80008d96	024bfc33	remu	x24,x23,x4	 x23:0x00000000  x4:0xffffffff x24=0x00000000
      223515000	     11074	80008d9a	da084693	xori	x13,x16,-608	 x16:0x00000000 x13=0xfffffda0
      223535000	     11075	80008d9e	015f77b3	and	x15,x30,x21	 x30:0x8002436f x21:0xfffffec9 x15=0x80024249
      223555000	     11076	80008da2	ed11	c.bnez	x10,80008dbe	 x10:0xffffffff
      225035000	     11150	80008dbe	03b5f033	remu	x0,x11,x27	 x11:0x00000000 x27:0x00012000  x0=0x00000000
      225055000	     11151	80008dc2	909af293	andi	x5,x21,-1783	 x21:0xfffffec9  x5=0xfffff809
      225795000	     11188	80008dc6	033f4633	div	x12,x30,x19	 x30:0x8002436f x19:0x8001fe48 x12=0x00000000
      226255000	     11211	80008dca	0049a083	lw	x1,4(x19)	 x19:0x8001fe48  x1=0x80004184 PA:0x8001fe4c load:0x80004184
      226275000	     11212	80008dce	3403d373	csrrwi	x6,mscratch,7	  x6=0x8002436f
      226295000	     11213	80008dd2	09f1	c.addi	x19,28	 x19:0x8001fe48 x19=0x8001fe64
      226315000	     11214	80008dd4	f6df3f13	sltiu	x30,x30,-147	 x30:0x8002436f x30=0x00000001
      226335000	     11215	80008dd8	01fd8733	add	x14,x27,x31	 x27:0x00012000 x31:0x00000000 x14=0x00012000
      226355000	     11216	80008ddc	1d84	c.addi4spn	x9,x2,752	  x9=0x800002ef
      226375000	     11217	80008dde	b7392e13	slti	x28,x18,-1165	 x18:0x02333800 x28=0x00000000
      227115000	     11254	80008de2	03e3cab3	div	x21,x7,x30	  x7:0xffff9e9a x30:0x00000001 x21=0xffff9e9a
      227135000	     11255	80008de6	40cb5c33	sra	x24,x22,x12	 x22:0x00000009 x12:0x00000000 x24=0x00000009
      227155000	     11256	80008dea	00008b13	addi	x22,x1,0	  x1:0x80004184 x22=0x80004184
      227175000	     11257	80008dee	8b02	c.jr	x22	 x22:0x80004184
      227215000	     11259	80004184	98f6	c.add	x17,x29	 x17:0x8002436f x29:0x4b176ce2 x17=0xcb19b051
      227235000	     11260	80004186	34061573	csrrw	x10,mscratch,x12	 x12:0x00000000 x10=0x00000007
      227255000	     11261	8000418a	330fc513	xori	x10,x31,816	 x31:0x00000000 x10=0x00000330
      227275000	     11262	8000418e	00adcfb3	xor	x31,x27,x10	 x27:0x00012000 x10:0x00000330 x31=0x00012330
      227295000	     11263	80004192	0ff0000f	fence	iorw,iorw	
      227415000	     11269	80004196	09f78363	beq	x15,x31,8000421c	 x15:0x80024249 x31:0x00012330
      227435000	     11270	8000419a	5f7d	c.li	x30,-1	 x30=0xffffffff
      227455000	     11271	8000419c	0000100f	fence.i	
      228315000	     11314	800041a0	e2ad0293	addi	x5,x26,-470	 x26:0x8002436f  x5=0x80024199
      228335000	     11315	800041a4	00e678b3	and	x17,x12,x14	 x12:0x00000000 x14:0x00012000 x17=0x00000000
      228735000	     11335	800041a8	8cf5	c.and	x9,x13	  x9:0x800002ef x13:0xfffffda0  x9=0x800000a0
      228755000	     11336	800041aa	014ab533	sltu	x10,x21,x20	 x21:0xffff9e9a x20:0xfffffcc0 x10=0x00000001
      228775000	     11337	800041ae	007c1db3	sll	x27,x24,x7	 x24:0x00000009  x7:0xffff9e9a x27=0x24000000
      228795000	     11338	800041b2	811d	c.srli	x10,0x7	 x10:0x00000001 x10=0x00000000
      228815000	     11339	800041b4	0138f233	and	x4,x17,x19	 x17:0x00000000 x19:0x8001fe64  x4=0x00000000
      229215000	     11359	800041b8	3405a673	csrrs	x12,mscratch,x11	 x11:0x00000000 x12=0x00000000
      229235000	     11360	800041bc	00c000ef	jal	x1,800041c8	  x1=0x800041c0
      229955000	     11396	800041c8	006000ef	jal	x1,800041ce	  x1=0x800041cc
      230835000	     11440	800041ce	2835	c.jal	8000420a	  x1=0x800041d0
      231515000	     11474	8000420a	004000ef	jal	x1,8000420e	  x1=0x8000420e
      232715000	     11534	8000420e	3f7d	c.jal	800041cc	  x1=0x80004210
      232915000	     11544	800041cc	2835	c.jal	80004208	  x1=0x800041ce
      234015000	     11599	80004208	bf65	c.j	800041c0	
      235075000	     11652	800041c0	034000ef	jal	x1,800041f4	  x1=0x800041c4
      235175000	     11657	800041f4	fe7ff36f	jal	x6,800041da	  x6=0x800041f8
      235235000	     11660	800041da	2821	c.jal	800041f2	  x1=0x800041dc
      236115000	     11704	800041f2	2809	c.jal	80004204	  x1=0x800041f4
      236155000	     11706	80004204	b7ed	c.j	800041ee	
      236755000	     11736	800041ee	ff5ff0ef	jal	x1,800041e2	  x1=0x800041f2
      237235000	     11760	800041e2	ff5ff0ef	jal	x1,800041d6	  x1=0x800041e6
      237275000	     11762	800041d6	a809	c.j	800041e8	
      237355000	     11766	800041e8	a801	c.j	800041f8	
      237395000	     11768	800041f8	fcdff0ef	jal	x1,800041c4	  x1=0x800041fc
      237435000	     11770	800041c4	03c0016f	jal	x2,80004200	  x2=0x800041c8
      237475000	     11772	80004200	3ff1	c.jal	800041dc	  x1=0x80004202
      237515000	     11774	800041dc	ff9ff16f	jal	x2,800041d4	  x2=0x800041e0
      237555000	     11776	800041d4	a011	c.j	800041d8	
      237595000	     11778	800041d8	2809	c.jal	800041ea	  x1=0x800041da
      237655000	     11781	800041ea	012000ef	jal	x1,800041fc	  x1=0x800041ee
      237715000	     11784	800041fc	00a0016f	jal	x2,80004206	  x2=0x80004200
      237755000	     11786	80004206	3fe9	c.jal	800041e0	  x1=0x80004208
      237795000	     11788	800041e0	200d	c.jal	80004202	  x1=0x800041e2
      237835000	     11790	80004202	37d5	c.jal	800041e6	  x1=0x80004204
      237875000	     11792	800041e6	b7ed	c.j	800041d0	
      237935000	     11795	800041d0	040000ef	jal	x1,80004210	  x1=0x800041d4
      237995000	     11798	80004210	405c0a33	sub	x20,x24,x5	 x24:0x00000009  x5:0x80024199 x20=0x7ffdbe70
      238015000	     11799	80004214	8f61	c.and	x14,x8	 x14:0x00012000  x8:0x00000004 x14=0x00000000
      238035000	     11800	80004216	006e3e33	sltu	x28,x28,x6	 x28:0x00000000  x6:0x800041f8 x28=0x00000001
      238055000	     11801	8000421a	597d	c.li	x18,-1	 x18=0xffffffff
      238075000	     11802	8000421c	9b7d	c.andi	x14,-1	 x14:0x00000000 x14=0x00000000
      238415000	     11819	8000421e	ffffc417	auipc	x8,0xffffc	  x8=0x8000021e
      238495000	     11823	80004222	13440413	addi	x8,x8,308	  x8:0x8000021e  x8=0x80000352
      238655000	     11831	80004226	00040067	jalr	x0,0(x8)	  x8:0x80000352  x0=0x00000000
      239755000	     11886	80000352	90000b37	lui	x22,0x90000	 x22=0x90000000
      239775000	     11887	80000356	1b61	c.addi	x22,-8	 x22:0x90000000 x22=0x8ffffff8
      239835000	     11890	80000358	4601	c.li	x12,0	 x12=0x00000000
      239855000	     11891	8000035a	0622	c.slli	x12,0x8	 x12:0x00000000 x12=0x00000000
      239975000	     11897	8000035c	0605	c.addi	x12,1	 x12:0x00000000 x12=0x00000001
      240115000	     11904	8000035e	00cb2023	sw	x12,0(x22)	 x22:0x8ffffff8 x12:0x00000001 PA:0x8ffffff8 store:0x00000001 load:0xffffffff
      240255000	     11911	80000362	00000073	ecall	
      253335000	     12565	80002700	0800006f	jal	x0,80002780	  x0=0x00000000
      253715000	     12584	80002780	1cf1	c.addi	x25,-4	 x25:0x80023ce4 x25=0x80023ce0
      254295000	     12613	80002782	013ca023	sw	x19,0(x25)	 x25:0x80023ce0 x19:0x8001fe64 PA:0x80023ce0 store:0x8001fe64 load:0xffffffff
      254315000	     12614	80002786	000c89b3	add	x19,x25,x0	 x25:0x80023ce0  x0:0x00000000 x19=0x80023ce0
      254435000	     12620	8000278a	f8098993	addi	x19,x19,-128	 x19:0x80023ce0 x19=0x80023c60
      254615000	     12629	8000278e	0019a223	sw	x1,4(x19)	 x19:0x80023c60  x1:0x800041d4 PA:0x80023c64 store:0x800041d4 load:0xffffffff
      254815000	     12639	80002792	0029a423	sw	x2,8(x19)	 x19:0x80023c60  x2:0x80004200 PA:0x80023c68 store:0x80004200 load:0xffffffff
      254895000	     12643	80002796	0039a623	sw	x3,12(x19)	 x19:0x80023c60  x3:0x00000000 PA:0x80023c6c store:0x00000000 load:0xffffffff
      254915000	     12644	8000279a	0049a823	sw	x4,16(x19)	 x19:0x80023c60  x4:0x00000000 PA:0x80023c70 store:0x00000000 load:0xffffffff
      255015000	     12649	8000279e	0059aa23	sw	x5,20(x19)	 x19:0x80023c60  x5:0x80024199 PA:0x80023c74 store:0x80024199 load:0xffffffff
      255155000	     12656	800027a2	0069ac23	sw	x6,24(x19)	 x19:0x80023c60  x6:0x800041f8 PA:0x80023c78 store:0x800041f8 load:0xffffffff
      255515000	     12674	800027a6	0079ae23	sw	x7,28(x19)	 x19:0x80023c60  x7:0xffff9e9a PA:0x80023c7c store:0xffff9e9a load:0xffffffff
      255575000	     12677	800027aa	0289a023	sw	x8,32(x19)	 x19:0x80023c60  x8:0x80000352 PA:0x80023c80 store:0x80000352 load:0xffffffff
      255775000	     12687	800027ae	0299a223	sw	x9,36(x19)	 x19:0x80023c60  x9:0x800000a0 PA:0x80023c84 store:0x800000a0 load:0xffffffff
      255835000	     12690	800027b2	02a9a423	sw	x10,40(x19)	 x19:0x80023c60 x10:0x00000000 PA:0x80023c88 store:0x00000000 load:0xffffffff
      255855000	     12691	800027b6	02b9a623	sw	x11,44(x19)	 x19:0x80023c60 x11:0x00000000 PA:0x80023c8c store:0x00000000 load:0xffffffff
      255975000	     12697	800027ba	02c9a823	sw	x12,48(x19)	 x19:0x80023c60 x12:0x00000001 PA:0x80023c90 store:0x00000001 load:0xffffffff
      256015000	     12699	800027be	02d9aa23	sw	x13,52(x19)	 x19:0x80023c60 x13:0xfffffda0 PA:0x80023c94 store:0xfffffda0 load:0xffffffff
      256035000	     12700	800027c2	02e9ac23	sw	x14,56(x19)	 x19:0x80023c60 x14:0x00000000 PA:0x80023c98 store:0x00000000 load:0xffffffff
      256295000	     12713	800027c6	02f9ae23	sw	x15,60(x19)	 x19:0x80023c60 x15:0x80024249 PA:0x80023c9c store:0x80024249 load:0xffffffff
      256535000	     12725	800027ca	0509a023	sw	x16,64(x19)	 x19:0x80023c60 x16:0x00000000 PA:0x80023ca0 store:0x00000000 load:0xffffffff
      256655000	     12731	800027ce	0519a223	sw	x17,68(x19)	 x19:0x80023c60 x17:0x00000000 PA:0x80023ca4 store:0x00000000 load:0xffffffff
      256955000	     12746	800027d2	0529a423	sw	x18,72(x19)	 x19:0x80023c60 x18:0xffffffff PA:0x80023ca8 store:0xffffffff load:0xffffffff
      257095000	     12753	800027d6	0539a623	sw	x19,76(x19)	 x19:0x80023c60 x19:0x80023c60 PA:0x80023cac store:0x80023c60 load:0xffffffff
      257235000	     12760	800027da	0549a823	sw	x20,80(x19)	 x19:0x80023c60 x20:0x7ffdbe70 PA:0x80023cb0 store:0x7ffdbe70 load:0xffffffff
      257295000	     12763	800027de	0559aa23	sw	x21,84(x19)	 x19:0x80023c60 x21:0xffff9e9a PA:0x80023cb4 store:0xffff9e9a load:0xffffffff
      257315000	     12764	800027e2	0569ac23	sw	x22,88(x19)	 x19:0x80023c60 x22:0x8ffffff8 PA:0x80023cb8 store:0x8ffffff8 load:0xffffffff
      257335000	     12765	800027e6	0579ae23	sw	x23,92(x19)	 x19:0x80023c60 x23:0x00000000 PA:0x80023cbc store:0x00000000 load:0xffffffff
      257475000	     12772	800027ea	0789a023	sw	x24,96(x19)	 x19:0x80023c60 x24:0x00000009 PA:0x80023cc0 store:0x00000009 load:0xffffffff
      257975000	     12797	800027ee	0799a223	sw	x25,100(x19)	 x19:0x80023c60 x25:0x80023ce0 PA:0x80023cc4 store:0x80023ce0 load:0xffffffff
      258035000	     12800	800027f2	07a9a423	sw	x26,104(x19)	 x19:0x80023c60 x26:0x8002436f PA:0x80023cc8 store:0x8002436f load:0xffffffff
      258155000	     12806	800027f6	07b9a623	sw	x27,108(x19)	 x19:0x80023c60 x27:0x24000000 PA:0x80023ccc store:0x24000000 load:0xffffffff
      258295000	     12813	800027fa	07c9a823	sw	x28,112(x19)	 x19:0x80023c60 x28:0x00000001 PA:0x80023cd0 store:0x00000001 load:0xffffffff
      258495000	     12823	800027fe	07d9aa23	sw	x29,116(x19)	 x19:0x80023c60 x29:0x4b176ce2 PA:0x80023cd4 store:0x4b176ce2 load:0xffffffff
      258795000	     12838	80002802	07e9ac23	sw	x30,120(x19)	 x19:0x80023c60 x30:0xffffffff PA:0x80023cd8 store:0xffffffff load:0xffffffff
      258915000	     12844	80002806	07f9ae23	sw	x31,124(x19)	 x19:0x80023c60 x31:0x00012330 PA:0x80023cdc store:0x00012330 load:0xffffffff
      258935000	     12845	8000280a	00098cb3	add	x25,x19,x0	 x19:0x80023c60  x0:0x00000000 x25=0x80023c60
      258955000	     12846	8000280e	90000b37	lui	x22,0x90000	 x22=0x90000000
      258975000	     12847	80002812	1b71	c.addi	x22,-4	 x22:0x90000000 x22=0x8ffffffc
      258995000	     12848	80002814	4621	c.li	x12,8	 x12=0x00000008
      259015000	     12849	80002816	0622	c.slli	x12,0x8	 x12:0x00000008 x12=0x00000800
      259035000	     12850	80002818	00060613	addi	x12,x12,0	 x12:0x00000800 x12=0x00000800
      259095000	     12853	8000281c	00cb2023	sw	x12,0(x22)	 x22:0x8ffffffc x12:0x00000800 PA:0x8ffffffc store:0x00000800 load:0xffffffff
      259115000	     12854	80002820	34102673	csrrs	x12,mepc,x0	  x0:0x00000000 x12=0x80000362
      259215000	     12859	80002824	34202673	csrrs	x12,mcause,x0	  x0:0x00000000 x12=0x0000000b
      259375000	     12867	80002828	4b0d	c.li	x22,3	 x22=0x00000003
      259535000	     12875	8000282a	01661463	bne	x12,x22,80002832	 x12:0x0000000b x22:0x00000003
      260055000	     12901	80002832	4b21	c.li	x22,8	 x22=0x00000008
      260135000	     12905	80002834	05660d63	beq	x12,x22,8000288e	 x12:0x0000000b x22:0x00000008
      260255000	     12911	80002838	4b25	c.li	x22,9	 x22=0x00000009
      260395000	     12918	8000283a	05660a63	beq	x12,x22,8000288e	 x12:0x0000000b x22:0x00000009
      260415000	     12919	8000283e	4b2d	c.li	x22,11	 x22=0x0000000b
      260815000	     12939	80002840	05660763	beq	x12,x22,8000288e	 x12:0x0000000b x22:0x0000000b
      261295000	     12963	8000288e	90000b37	lui	x22,0x90000	 x22=0x90000000
      261315000	     12964	80002892	1b71	c.addi	x22,-4	 x22:0x90000000 x22=0x8ffffffc
      261335000	     12965	80002894	6605	c.lui	x12,0x1	 x12=0x00001000
      261735000	     12985	80002896	b0060613	addi	x12,x12,-1280	 x12:0x00001000 x12=0x00000b00
      261755000	     12986	8000289a	0622	c.slli	x12,0x8	 x12:0x00000b00 x12=0x000b0000
      262155000	     13006	8000289c	060d	c.addi	x12,3	 x12:0x000b0000 x12=0x000b0003
      262475000	     13022	8000289e	00cb2023	sw	x12,0(x22)	 x22:0x8ffffffc x12:0x000b0003 PA:0x8ffffffc store:0x000b0003 load:0xffffffff
      262495000	     13023	800028a2	b0002673	csrrs	x12,mcycle,x0	  x0:0x00000000 x12=0x000032dc
      262915000	     13044	800028a6	00cb2023	sw	x12,0(x22)	 x22:0x8ffffffc x12:0x000032dc PA:0x8ffffffc store:0x000032dc load:0xffffffff
      262935000	     13045	800028aa	90000b37	lui	x22,0x90000	 x22=0x90000000
      262955000	     13046	800028ae	1b71	c.addi	x22,-4	 x22:0x90000000 x22=0x8ffffffc
      262975000	     13047	800028b0	6605	c.lui	x12,0x1	 x12=0x00001000
      262995000	     13048	800028b2	b8060613	addi	x12,x12,-1152	 x12:0x00001000 x12=0x00000b80
      263015000	     13049	800028b6	0622	c.slli	x12,0x8	 x12:0x00000b80 x12=0x000b8000
      263035000	     13050	800028b8	060d	c.addi	x12,3	 x12:0x000b8000 x12=0x000b8003
      263115000	     13054	800028ba	00cb2023	sw	x12,0(x22)	 x22:0x8ffffffc x12:0x000b8003 PA:0x8ffffffc store:0x000b8003 load:0xffffffff
      263135000	     13055	800028be	b8002673	csrrs	x12,mcycleh,x0	  x0:0x00000000 x12=0x00000000
      263375000	     13067	800028c2	00cb2023	sw	x12,0(x22)	 x22:0x8ffffffc x12:0x00000000 PA:0x8ffffffc store:0x00000000 load:0xffffffff
      263395000	     13068	800028c6	90000b37	lui	x22,0x90000	 x22=0x90000000
      263415000	     13069	800028ca	1b71	c.addi	x22,-4	 x22:0x90000000 x22=0x8ffffffc
      263435000	     13070	800028cc	6605	c.lui	x12,0x1	 x12=0x00001000
      263635000	     13080	800028ce	b0360613	addi	x12,x12,-1277	 x12:0x00001000 x12=0x00000b03
      263655000	     13081	800028d2	0622	c.slli	x12,0x8	 x12:0x00000b03 x12=0x000b0300
      263715000	     13084	800028d4	060d	c.addi	x12,3	 x12:0x000b0300 x12=0x000b0303
      263835000	     13090	800028d6	00cb2023	sw	x12,0(x22)	 x22:0x8ffffffc x12:0x000b0303 PA:0x8ffffffc store:0x000b0303 load:0xffffffff
      264155000	     13106	800028da	b0302673	csrrs	x12,mhpmcounter3,x0	  x0:0x00000000 x12=0x000000af
      264615000	     13129	800028de	00cb2023	sw	x12,0(x22)	 x22:0x8ffffffc x12:0x000000af PA:0x8ffffffc store:0x000000af load:0xffffffff
      264635000	     13130	800028e2	90000b37	lui	x22,0x90000	 x22=0x90000000
      264655000	     13131	800028e6	1b71	c.addi	x22,-4	 x22:0x90000000 x22=0x8ffffffc
      264675000	     13132	800028e8	6605	c.lui	x12,0x1	 x12=0x00001000
      264695000	     13133	800028ea	b8360613	addi	x12,x12,-1149	 x12:0x00001000 x12=0x00000b83
      264715000	     13134	800028ee	0622	c.slli	x12,0x8	 x12:0x00000b83 x12=0x000b8300
      264735000	     13135	800028f0	060d	c.addi	x12,3	 x12:0x000b8300 x12=0x000b8303
      264995000	     13148	800028f2	00cb2023	sw	x12,0(x22)	 x22:0x8ffffffc x12:0x000b8303 PA:0x8ffffffc store:0x000b8303 load:0xffffffff
      265015000	     13149	800028f6	b8302673	csrrs	x12,mhpmcounter3h,x0	  x0:0x00000000 x12=0x00000000
      265035000	     13150	800028fa	00cb2023	sw	x12,0(x22)	 x22:0x8ffffffc x12:0x00000000 PA:0x8ffffffc store:0x00000000 load:0xffffffff
      265055000	     13151	800028fe	90000b37	lui	x22,0x90000	 x22=0x90000000
      265075000	     13152	80002902	1b71	c.addi	x22,-4	 x22:0x90000000 x22=0x8ffffffc
      265095000	     13153	80002904	6605	c.lui	x12,0x1	 x12=0x00001000
      265115000	     13154	80002906	b0460613	addi	x12,x12,-1276	 x12:0x00001000 x12=0x00000b04
      265135000	     13155	8000290a	0622	c.slli	x12,0x8	 x12:0x00000b04 x12=0x000b0400
      265255000	     13161	8000290c	060d	c.addi	x12,3	 x12:0x000b0400 x12=0x000b0403
      265415000	     13169	8000290e	00cb2023	sw	x12,0(x22)	 x22:0x8ffffffc x12:0x000b0403 PA:0x8ffffffc store:0x000b0403 load:0xffffffff
      265515000	     13174	80002912	b0402673	csrrs	x12,mhpmcounter4,x0	  x0:0x00000000 x12=0x00001c22
      265955000	     13196	80002916	00cb2023	sw	x12,0(x22)	 x22:0x8ffffffc x12:0x00001c22 PA:0x8ffffffc store:0x00001c22 load:0xffffffff
      265975000	     13197	8000291a	90000b37	lui	x22,0x90000	 x22=0x90000000
      265995000	     13198	8000291e	1b71	c.addi	x22,-4	 x22:0x90000000 x22=0x8ffffffc
      266015000	     13199	80002920	6605	c.lui	x12,0x1	 x12=0x00001000
      266035000	     13200	80002922	b8460613	addi	x12,x12,-1148	 x12:0x00001000 x12=0x00000b84
      266055000	     13201	80002926	0622	c.slli	x12,0x8	 x12:0x00000b84 x12=0x000b8400
      266075000	     13202	80002928	060d	c.addi	x12,3	 x12:0x000b8400 x12=0x000b8403
      266135000	     13205	8000292a	00cb2023	sw	x12,0(x22)	 x22:0x8ffffffc x12:0x000b8403 PA:0x8ffffffc store:0x000b8403 load:0xffffffff
      266315000	     13214	8000292e	b8402673	csrrs	x12,mhpmcounter4h,x0	  x0:0x00000000 x12=0x00000000
      266495000	     13223	80002932	00cb2023	sw	x12,0(x22)	 x22:0x8ffffffc x12:0x00000000 PA:0x8ffffffc store:0x00000000 load:0xffffffff
      266695000	     13233	80002936	90000b37	lui	x22,0x90000	 x22=0x90000000
      266715000	     13234	8000293a	1b71	c.addi	x22,-4	 x22:0x90000000 x22=0x8ffffffc
      266895000	     13243	8000293c	6605	c.lui	x12,0x1	 x12=0x00001000
      267055000	     13251	8000293e	b0560613	addi	x12,x12,-1275	 x12:0x00001000 x12=0x00000b05
      267075000	     13252	80002942	0622	c.slli	x12,0x8	 x12:0x00000b05 x12=0x000b0500
      267215000	     13259	80002944	060d	c.addi	x12,3	 x12:0x000b0500 x12=0x000b0503
      267655000	     13281	80002946	00cb2023	sw	x12,0(x22)	 x22:0x8ffffffc x12:0x000b0503 PA:0x8ffffffc store:0x000b0503 load:0xffffffff
      267675000	     13282	8000294a	b0502673	csrrs	x12,mhpmcounter5,x0	  x0:0x00000000 x12=0x00000001
      268335000	     13315	8000294e	00cb2023	sw	x12,0(x22)	 x22:0x8ffffffc x12:0x00000001 PA:0x8ffffffc store:0x00000001 load:0xffffffff
      268355000	     13316	80002952	90000b37	lui	x22,0x90000	 x22=0x90000000
      268375000	     13317	80002956	1b71	c.addi	x22,-4	 x22:0x90000000 x22=0x8ffffffc
      268395000	     13318	80002958	6605	c.lui	x12,0x1	 x12=0x00001000
      268415000	     13319	8000295a	b8560613	addi	x12,x12,-1147	 x12:0x00001000 x12=0x00000b85
      268435000	     13320	8000295e	0622	c.slli	x12,0x8	 x12:0x00000b85 x12=0x000b8500
      268455000	     13321	80002960	060d	c.addi	x12,3	 x12:0x000b8500 x12=0x000b8503
      268515000	     13324	80002962	00cb2023	sw	x12,0(x22)	 x22:0x8ffffffc x12:0x000b8503 PA:0x8ffffffc store:0x000b8503 load:0xffffffff
      268535000	     13325	80002966	b8502673	csrrs	x12,mhpmcounter5h,x0	  x0:0x00000000 x12=0x00000000
      268755000	     13336	8000296a	00cb2023	sw	x12,0(x22)	 x22:0x8ffffffc x12:0x00000000 PA:0x8ffffffc store:0x00000000 load:0xffffffff
      268875000	     13342	8000296e	90000b37	lui	x22,0x90000	 x22=0x90000000
      268895000	     13343	80002972	1b71	c.addi	x22,-4	 x22:0x90000000 x22=0x8ffffffc
      268995000	     13348	80002974	6605	c.lui	x12,0x1	 x12=0x00001000
      269055000	     13351	80002976	b0660613	addi	x12,x12,-1274	 x12:0x00001000 x12=0x00000b06
      269075000	     13352	8000297a	0622	c.slli	x12,0x8	 x12:0x00000b06 x12=0x000b0600
      269095000	     13353	8000297c	060d	c.addi	x12,3	 x12:0x000b0600 x12=0x000b0603
      269455000	     13371	8000297e	00cb2023	sw	x12,0(x22)	 x22:0x8ffffffc x12:0x000b0603 PA:0x8ffffffc store:0x000b0603 load:0xffffffff
      269475000	     13372	80002982	b0602673	csrrs	x12,mhpmcounter6,x0	  x0:0x00000000 x12=0x00000039
      269535000	     13375	80002986	00cb2023	sw	x12,0(x22)	 x22:0x8ffffffc x12:0x00000039 PA:0x8ffffffc store:0x00000039 load:0xffffffff
      269555000	     13376	8000298a	90000b37	lui	x22,0x90000	 x22=0x90000000
      269575000	     13377	8000298e	1b71	c.addi	x22,-4	 x22:0x90000000 x22=0x8ffffffc
      269635000	     13380	80002990	6605	c.lui	x12,0x1	 x12=0x00001000
      269755000	     13386	80002992	b8660613	addi	x12,x12,-1146	 x12:0x00001000 x12=0x00000b86
      269775000	     13387	80002996	0622	c.slli	x12,0x8	 x12:0x00000b86 x12=0x000b8600
      269795000	     13388	80002998	060d	c.addi	x12,3	 x12:0x000b8600 x12=0x000b8603
      270035000	     13400	8000299a	00cb2023	sw	x12,0(x22)	 x22:0x8ffffffc x12:0x000b8603 PA:0x8ffffffc store:0x000b8603 load:0xffffffff
      270055000	     13401	8000299e	b8602673	csrrs	x12,mhpmcounter6h,x0	  x0:0x00000000 x12=0x00000000
      270115000	     13404	800029a2	00cb2023	sw	x12,0(x22)	 x22:0x8ffffffc x12:0x00000000 PA:0x8ffffffc store:0x00000000 load:0xffffffff
      270135000	     13405	800029a6	90000b37	lui	x22,0x90000	 x22=0x90000000
      270155000	     13406	800029aa	1b71	c.addi	x22,-4	 x22:0x90000000 x22=0x8ffffffc
      270275000	     13412	800029ac	6605	c.lui	x12,0x1	 x12=0x00001000
      270295000	     13413	800029ae	b0760613	addi	x12,x12,-1273	 x12:0x00001000 x12=0x00000b07
      270315000	     13414	800029b2	0622	c.slli	x12,0x8	 x12:0x00000b07 x12=0x000b0700
      270335000	     13415	800029b4	060d	c.addi	x12,3	 x12:0x000b0700 x12=0x000b0703
      270675000	     13432	800029b6	00cb2023	sw	x12,0(x22)	 x22:0x8ffffffc x12:0x000b0703 PA:0x8ffffffc store:0x000b0703 load:0xffffffff
      270835000	     13440	800029ba	b0702673	csrrs	x12,mhpmcounter7,x0	  x0:0x00000000 x12=0x00000199
      270955000	     13446	800029be	00cb2023	sw	x12,0(x22)	 x22:0x8ffffffc x12:0x00000199 PA:0x8ffffffc store:0x00000199 load:0xffffffff
      270975000	     13447	800029c2	90000b37	lui	x22,0x90000	 x22=0x90000000
      270995000	     13448	800029c6	1b71	c.addi	x22,-4	 x22:0x90000000 x22=0x8ffffffc
      271015000	     13449	800029c8	6605	c.lui	x12,0x1	 x12=0x00001000
      271035000	     13450	800029ca	b8760613	addi	x12,x12,-1145	 x12:0x00001000 x12=0x00000b87
      271055000	     13451	800029ce	0622	c.slli	x12,0x8	 x12:0x00000b87 x12=0x000b8700
      271075000	     13452	800029d0	060d	c.addi	x12,3	 x12:0x000b8700 x12=0x000b8703
      271355000	     13466	800029d2	00cb2023	sw	x12,0(x22)	 x22:0x8ffffffc x12:0x000b8703 PA:0x8ffffffc store:0x000b8703 load:0xffffffff
      271375000	     13467	800029d6	b8702673	csrrs	x12,mhpmcounter7h,x0	  x0:0x00000000 x12=0x00000000
      271475000	     13472	800029da	00cb2023	sw	x12,0(x22)	 x22:0x8ffffffc x12:0x00000000 PA:0x8ffffffc store:0x00000000 load:0xffffffff
      271495000	     13473	800029de	90000b37	lui	x22,0x90000	 x22=0x90000000
      271515000	     13474	800029e2	1b71	c.addi	x22,-4	 x22:0x90000000 x22=0x8ffffffc
      271555000	     13476	800029e4	6605	c.lui	x12,0x1	 x12=0x00001000
      271855000	     13491	800029e6	b0860613	addi	x12,x12,-1272	 x12:0x00001000 x12=0x00000b08
      271875000	     13492	800029ea	0622	c.slli	x12,0x8	 x12:0x00000b08 x12=0x000b0800
      272015000	     13499	800029ec	060d	c.addi	x12,3	 x12:0x000b0800 x12=0x000b0803
      272215000	     13509	800029ee	00cb2023	sw	x12,0(x22)	 x22:0x8ffffffc x12:0x000b0803 PA:0x8ffffffc store:0x000b0803 load:0xffffffff
      272235000	     13510	800029f2	b0802673	csrrs	x12,mhpmcounter8,x0	  x0:0x00000000 x12=0x00000050
      272295000	     13513	800029f6	00cb2023	sw	x12,0(x22)	 x22:0x8ffffffc x12:0x00000050 PA:0x8ffffffc store:0x00000050 load:0xffffffff
      272635000	     13530	800029fa	90000b37	lui	x22,0x90000	 x22=0x90000000
      272655000	     13531	800029fe	1b71	c.addi	x22,-4	 x22:0x90000000 x22=0x8ffffffc
      272675000	     13532	80002a00	6605	c.lui	x12,0x1	 x12=0x00001000
      272975000	     13547	80002a02	b8860613	addi	x12,x12,-1144	 x12:0x00001000 x12=0x00000b88
      272995000	     13548	80002a06	0622	c.slli	x12,0x8	 x12:0x00000b88 x12=0x000b8800
      273015000	     13549	80002a08	060d	c.addi	x12,3	 x12:0x000b8800 x12=0x000b8803
      273075000	     13552	80002a0a	00cb2023	sw	x12,0(x22)	 x22:0x8ffffffc x12:0x000b8803 PA:0x8ffffffc store:0x000b8803 load:0xffffffff
      273095000	     13553	80002a0e	b8802673	csrrs	x12,mhpmcounter8h,x0	  x0:0x00000000 x12=0x00000000
      273115000	     13554	80002a12	00cb2023	sw	x12,0(x22)	 x22:0x8ffffffc x12:0x00000000 PA:0x8ffffffc store:0x00000000 load:0xffffffff
      273255000	     13561	80002a16	90000b37	lui	x22,0x90000	 x22=0x90000000
      273275000	     13562	80002a1a	1b71	c.addi	x22,-4	 x22:0x90000000 x22=0x8ffffffc
      273335000	     13565	80002a1c	6605	c.lui	x12,0x1	 x12=0x00001000
      273355000	     13566	80002a1e	b0960613	addi	x12,x12,-1271	 x12:0x00001000 x12=0x00000b09
      273375000	     13567	80002a22	0622	c.slli	x12,0x8	 x12:0x00000b09 x12=0x000b0900
      273475000	     13572	80002a24	060d	c.addi	x12,3	 x12:0x000b0900 x12=0x000b0903
      273675000	     13582	80002a26	00cb2023	sw	x12,0(x22)	 x22:0x8ffffffc x12:0x000b0903 PA:0x8ffffffc store:0x000b0903 load:0xffffffff
      273695000	     13583	80002a2a	b0902673	csrrs	x12,mhpmcounter9,x0	  x0:0x00000000 x12=0x0000002d
      273975000	     13597	80002a2e	00cb2023	sw	x12,0(x22)	 x22:0x8ffffffc x12:0x0000002d PA:0x8ffffffc store:0x0000002d load:0xffffffff
      273995000	     13598	80002a32	90000b37	lui	x22,0x90000	 x22=0x90000000
      274015000	     13599	80002a36	1b71	c.addi	x22,-4	 x22:0x90000000 x22=0x8ffffffc
      274035000	     13600	80002a38	6605	c.lui	x12,0x1	 x12=0x00001000
      274055000	     13601	80002a3a	b8960613	addi	x12,x12,-1143	 x12:0x00001000 x12=0x00000b89
      274075000	     13602	80002a3e	0622	c.slli	x12,0x8	 x12:0x00000b89 x12=0x000b8900
      274135000	     13605	80002a40	060d	c.addi	x12,3	 x12:0x000b8900 x12=0x000b8903
      274435000	     13620	80002a42	00cb2023	sw	x12,0(x22)	 x22:0x8ffffffc x12:0x000b8903 PA:0x8ffffffc store:0x000b8903 load:0xffffffff
      274455000	     13621	80002a46	b8902673	csrrs	x12,mhpmcounter9h,x0	  x0:0x00000000 x12=0x00000000
      274635000	     13630	80002a4a	00cb2023	sw	x12,0(x22)	 x22:0x8ffffffc x12:0x00000000 PA:0x8ffffffc store:0x00000000 load:0xffffffff
      284155000	     14106	80002a4e	90000b37	lui	x22,0x90000	 x22=0x90000000
      284175000	     14107	80002a52	1b71	c.addi	x22,-4	 x22:0x90000000 x22=0x8ffffffc
      284195000	     14108	80002a54	6605	c.lui	x12,0x1	 x12=0x00001000
      284215000	     14109	80002a56	b0a60613	addi	x12,x12,-1270	 x12:0x00001000 x12=0x00000b0a
      284235000	     14110	80002a5a	0622	c.slli	x12,0x8	 x12:0x00000b0a x12=0x000b0a00
      284255000	     14111	80002a5c	060d	c.addi	x12,3	 x12:0x000b0a00 x12=0x000b0a03
      284315000	     14114	80002a5e	00cb2023	sw	x12,0(x22)	 x22:0x8ffffffc x12:0x000b0a03 PA:0x8ffffffc store:0x000b0a03 load:0xffffffff
      284415000	     14119	80002a62	b0a02673	csrrs	x12,mhpmcounter10,x0	  x0:0x00000000 x12=0x0000023d
      284495000	     14123	80002a66	00cb2023	sw	x12,0(x22)	 x22:0x8ffffffc x12:0x0000023d PA:0x8ffffffc store:0x0000023d load:0xffffffff
      284515000	     14124	80002a6a	90000b37	lui	x22,0x90000	 x22=0x90000000
      284535000	     14125	80002a6e	1b71	c.addi	x22,-4	 x22:0x90000000 x22=0x8ffffffc
      284555000	     14126	80002a70	6605	c.lui	x12,0x1	 x12=0x00001000
      284575000	     14127	80002a72	b8a60613	addi	x12,x12,-1142	 x12:0x00001000 x12=0x00000b8a
      284595000	     14128	80002a76	0622	c.slli	x12,0x8	 x12:0x00000b8a x12=0x000b8a00
      284695000	     14133	80002a78	060d	c.addi	x12,3	 x12:0x000b8a00 x12=0x000b8a03
      284715000	     14134	80002a7a	00cb2023	sw	x12,0(x22)	 x22:0x8ffffffc x12:0x000b8a03 PA:0x8ffffffc store:0x000b8a03 load:0xffffffff
      284735000	     14135	80002a7e	b8a02673	csrrs	x12,mhpmcounter10h,x0	  x0:0x00000000 x12=0x00000000
      284755000	     14136	80002a82	00cb2023	sw	x12,0(x22)	 x22:0x8ffffffc x12:0x00000000 PA:0x8ffffffc store:0x00000000 load:0xffffffff
      284775000	     14137	80002a86	90000b37	lui	x22,0x90000	 x22=0x90000000
      284795000	     14138	80002a8a	1b71	c.addi	x22,-4	 x22:0x90000000 x22=0x8ffffffc
      284815000	     14139	80002a8c	6605	c.lui	x12,0x1	 x12=0x00001000
      285035000	     14150	80002a8e	b0b60613	addi	x12,x12,-1269	 x12:0x00001000 x12=0x00000b0b
      285055000	     14151	80002a92	0622	c.slli	x12,0x8	 x12:0x00000b0b x12=0x000b0b00
      285355000	     14166	80002a94	060d	c.addi	x12,3	 x12:0x000b0b00 x12=0x000b0b03
      285415000	     14169	80002a96	00cb2023	sw	x12,0(x22)	 x22:0x8ffffffc x12:0x000b0b03 PA:0x8ffffffc store:0x000b0b03 load:0xffffffff
      285435000	     14170	80002a9a	b0b02673	csrrs	x12,mhpmcounter11,x0	  x0:0x00000000 x12=0x0000001a
      285555000	     14176	80002a9e	00cb2023	sw	x12,0(x22)	 x22:0x8ffffffc x12:0x0000001a PA:0x8ffffffc store:0x0000001a load:0xffffffff
      285575000	     14177	80002aa2	90000b37	lui	x22,0x90000	 x22=0x90000000
      285595000	     14178	80002aa6	1b71	c.addi	x22,-4	 x22:0x90000000 x22=0x8ffffffc
      285655000	     14181	80002aa8	6605	c.lui	x12,0x1	 x12=0x00001000
      285675000	     14182	80002aaa	b8b60613	addi	x12,x12,-1141	 x12:0x00001000 x12=0x00000b8b
      285695000	     14183	80002aae	0622	c.slli	x12,0x8	 x12:0x00000b8b x12=0x000b8b00
      286095000	     14203	80002ab0	060d	c.addi	x12,3	 x12:0x000b8b00 x12=0x000b8b03
      286255000	     14211	80002ab2	00cb2023	sw	x12,0(x22)	 x22:0x8ffffffc x12:0x000b8b03 PA:0x8ffffffc store:0x000b8b03 load:0xffffffff
      286635000	     14230	80002ab6	b8b02673	csrrs	x12,mhpmcounter11h,x0	  x0:0x00000000 x12=0x00000000
      286715000	     14234	80002aba	00cb2023	sw	x12,0(x22)	 x22:0x8ffffffc x12:0x00000000 PA:0x8ffffffc store:0x00000000 load:0xffffffff
      286735000	     14235	80002abe	90000b37	lui	x22,0x90000	 x22=0x90000000
      286755000	     14236	80002ac2	1b71	c.addi	x22,-4	 x22:0x90000000 x22=0x8ffffffc
      286775000	     14237	80002ac4	6605	c.lui	x12,0x1	 x12=0x00001000
      287195000	     14258	80002ac6	b0c60613	addi	x12,x12,-1268	 x12:0x00001000 x12=0x00000b0c
      287215000	     14259	80002aca	0622	c.slli	x12,0x8	 x12:0x00000b0c x12=0x000b0c00
      287235000	     14260	80002acc	060d	c.addi	x12,3	 x12:0x000b0c00 x12=0x000b0c03
      287295000	     14263	80002ace	00cb2023	sw	x12,0(x22)	 x22:0x8ffffffc x12:0x000b0c03 PA:0x8ffffffc store:0x000b0c03 load:0xffffffff
      287655000	     14281	80002ad2	b0c02673	csrrs	x12,mhpmcounter12,x0	  x0:0x00000000 x12=0x00000465
      288255000	     14311	80002ad6	00cb2023	sw	x12,0(x22)	 x22:0x8ffffffc x12:0x00000465 PA:0x8ffffffc store:0x00000465 load:0xffffffff
      288275000	     14312	80002ada	90000b37	lui	x22,0x90000	 x22=0x90000000
      288295000	     14313	80002ade	1b71	c.addi	x22,-4	 x22:0x90000000 x22=0x8ffffffc
      288315000	     14314	80002ae0	6605	c.lui	x12,0x1	 x12=0x00001000
      288335000	     14315	80002ae2	b8c60613	addi	x12,x12,-1140	 x12:0x00001000 x12=0x00000b8c
      288355000	     14316	80002ae6	0622	c.slli	x12,0x8	 x12:0x00000b8c x12=0x000b8c00
      288375000	     14317	80002ae8	060d	c.addi	x12,3	 x12:0x000b8c00 x12=0x000b8c03
      288435000	     14320	80002aea	00cb2023	sw	x12,0(x22)	 x22:0x8ffffffc x12:0x000b8c03 PA:0x8ffffffc store:0x000b8c03 load:0xffffffff
      288455000	     14321	80002aee	b8c02673	csrrs	x12,mhpmcounter12h,x0	  x0:0x00000000 x12=0x00000000
      288755000	     14336	80002af2	00cb2023	sw	x12,0(x22)	 x22:0x8ffffffc x12:0x00000000 PA:0x8ffffffc store:0x00000000 load:0xffffffff
      288775000	     14337	80002af6	ffffd617	auipc	x12,0xffffd	 x12=0x7ffffaf6
      288795000	     14338	80002afa	58a60613	addi	x12,x12,1418	 x12:0x7ffffaf6 x12=0x80000080
      289235000	     14360	80002afe	00062023	sw	x0,0(x12)	 x12:0x80000080  x0:0x00000000 PA:0x80000080 store:0x00000000 load:0xffffffff
      289435000	     14370	80002b02	00162223	sw	x1,4(x12)	 x12:0x80000080  x1:0x800041d4 PA:0x80000084 store:0x800041d4 load:0xffffffff
      289835000	     14390	80002b06	00262423	sw	x2,8(x12)	 x12:0x80000080  x2:0x80004200 PA:0x80000088 store:0x80004200 load:0xffffffff
      290035000	     14400	80002b0a	00362623	sw	x3,12(x12)	 x12:0x80000080  x3:0x00000000 PA:0x8000008c store:0x00000000 load:0xffffffff
      290215000	     14409	80002b0e	00462823	sw	x4,16(x12)	 x12:0x80000080  x4:0x00000000 PA:0x80000090 store:0x00000000 load:0xffffffff
      290475000	     14422	80002b12	00562a23	sw	x5,20(x12)	 x12:0x80000080  x5:0x80024199 PA:0x80000094 store:0x80024199 load:0xffffffff
      290655000	     14431	80002b16	00662c23	sw	x6,24(x12)	 x12:0x80000080  x6:0x800041f8 PA:0x80000098 store:0x800041f8 load:0xffffffff
      290715000	     14434	80002b1a	00762e23	sw	x7,28(x12)	 x12:0x80000080  x7:0xffff9e9a PA:0x8000009c store:0xffff9e9a load:0xffffffff
      290735000	     14435	80002b1e	d200	c.sw	x8,32(x12)	 x12:0x80000080  x8:0x80000352 PA:0x800000a0 store:0x80000352 load:0xffffffff
      290915000	     14444	80002b20	d244	c.sw	x9,36(x12)	 x12:0x80000080  x9:0x800000a0 PA:0x800000a4 store:0x800000a0 load:0xffffffff
      290995000	     14448	80002b22	d608	c.sw	x10,40(x12)	 x12:0x80000080 x10:0x00000000 PA:0x800000a8 store:0x00000000 load:0xffffffff
      291175000	     14457	80002b24	d64c	c.sw	x11,44(x12)	 x12:0x80000080 x11:0x00000000 PA:0x800000ac store:0x00000000 load:0xffffffff
      291235000	     14460	80002b26	da10	c.sw	x12,48(x12)	 x12:0x80000080 x12:0x80000080 PA:0x800000b0 store:0x80000080 load:0xffffffff
      291295000	     14463	80002b28	da54	c.sw	x13,52(x12)	 x12:0x80000080 x13:0xfffffda0 PA:0x800000b4 store:0xfffffda0 load:0xffffffff
      291355000	     14466	80002b2a	de18	c.sw	x14,56(x12)	 x12:0x80000080 x14:0x00000000 PA:0x800000b8 store:0x00000000 load:0xffffffff
      291375000	     14467	80002b2c	de5c	c.sw	x15,60(x12)	 x12:0x80000080 x15:0x80024249 PA:0x800000bc store:0x80024249 load:0xffffffff
      291795000	     14488	80002b2e	05062023	sw	x16,64(x12)	 x12:0x80000080 x16:0x00000000 PA:0x800000c0 store:0x00000000 load:0xffffffff
      291975000	     14497	80002b32	05162223	sw	x17,68(x12)	 x12:0x80000080 x17:0x00000000 PA:0x800000c4 store:0x00000000 load:0xffffffff
      292195000	     14508	80002b36	05262423	sw	x18,72(x12)	 x12:0x80000080 x18:0xffffffff PA:0x800000c8 store:0xffffffff load:0xffffffff
      292255000	     14511	80002b3a	05362623	sw	x19,76(x12)	 x12:0x80000080 x19:0x80023c60 PA:0x800000cc store:0x80023c60 load:0xffffffff
      292275000	     14512	80002b3e	05462823	sw	x20,80(x12)	 x12:0x80000080 x20:0x7ffdbe70 PA:0x800000d0 store:0x7ffdbe70 load:0xffffffff
      292455000	     14521	80002b42	05562a23	sw	x21,84(x12)	 x12:0x80000080 x21:0xffff9e9a PA:0x800000d4 store:0xffff9e9a load:0xffffffff
      292515000	     14524	80002b46	05662c23	sw	x22,88(x12)	 x12:0x80000080 x22:0x8ffffffc PA:0x800000d8 store:0x8ffffffc load:0xffffffff
      292895000	     14543	80002b4a	05762e23	sw	x23,92(x12)	 x12:0x80000080 x23:0x00000000 PA:0x800000dc store:0x00000000 load:0xffffffff
      292955000	     14546	80002b4e	07862023	sw	x24,96(x12)	 x12:0x80000080 x24:0x00000009 PA:0x800000e0 store:0x00000009 load:0xffffffff
      292975000	     14547	80002b52	07962223	sw	x25,100(x12)	 x12:0x80000080 x25:0x80023c60 PA:0x800000e4 store:0x80023c60 load:0xffffffff
      293395000	     14568	80002b56	07a62423	sw	x26,104(x12)	 x12:0x80000080 x26:0x8002436f PA:0x800000e8 store:0x8002436f load:0xffffffff
      293455000	     14571	80002b5a	07b62623	sw	x27,108(x12)	 x12:0x80000080 x27:0x24000000 PA:0x800000ec store:0x24000000 load:0xffffffff
      293915000	     14594	80002b5e	07c62823	sw	x28,112(x12)	 x12:0x80000080 x28:0x00000001 PA:0x800000f0 store:0x00000001 load:0xffffffff
      294115000	     14604	80002b62	07d62a23	sw	x29,116(x12)	 x12:0x80000080 x29:0x4b176ce2 PA:0x800000f4 store:0x4b176ce2 load:0xffffffff
      294515000	     14624	80002b66	07e62c23	sw	x30,120(x12)	 x12:0x80000080 x30:0xffffffff PA:0x800000f8 store:0xffffffff load:0xffffffff
      294575000	     14627	80002b6a	07f62e23	sw	x31,124(x12)	 x12:0x80000080 x31:0x00012330 PA:0x800000fc store:0x00012330 load:0xffffffff
      294595000	     14628	80002b6e	34102673	csrrs	x12,mepc,x0	  x0:0x00000000 x12=0x80000362
      294615000	     14629	80002b72	0611	c.addi	x12,4	 x12:0x80000362 x12=0x80000366
      294635000	     14630	80002b74	34161073	csrrw	x0,mepc,x12	 x12:0x80000366  x0=0x00000000
      294655000	     14631	80002b78	30200073	mret	
      294735000	     14635	80000366	90000b37	lui	x22,0x90000	 x22=0x90000000
      294755000	     14636	8000036a	1b61	c.addi	x22,-8	 x22:0x90000000 x22=0x8ffffff8
      294775000	     14637	8000036c	4605	c.li	x12,1	 x12=0x00000001
      294795000	     14638	8000036e	0622	c.slli	x12,0x8	 x12:0x00000001 x12=0x00000100
      294815000	     14639	80000370	0605	c.addi	x12,1	 x12:0x00000100 x12=0x00000101
      295115000	     14654	80000372	00cb2023	sw	x12,0(x22)	 x22:0x8ffffff8 x12:0x00000101 PA:0x8ffffff8 store:0x00000101 load:0xffffffff
      295395000	     14668	80000376	00000073	ecall	
      295455000	     14671	80002700	0800006f	jal	x0,80002780	  x0=0x00000000
      295515000	     14674	80002780	1cf1	c.addi	x25,-4	 x25:0x80023c60 x25=0x80023c5c
      295755000	     14686	80002782	013ca023	sw	x19,0(x25)	 x25:0x80023c5c x19:0x80023c60 PA:0x80023c5c store:0x80023c60 load:0xffffffff
      295775000	     14687	80002786	000c89b3	add	x19,x25,x0	 x25:0x80023c5c  x0:0x00000000 x19=0x80023c5c
      295795000	     14688	8000278a	f8098993	addi	x19,x19,-128	 x19:0x80023c5c x19=0x80023bdc
      295875000	     14692	8000278e	0019a223	sw	x1,4(x19)	 x19:0x80023bdc  x1:0x800041d4 PA:0x80023be0 store:0x800041d4 load:0xffffffff
      295895000	     14693	80002792	0029a423	sw	x2,8(x19)	 x19:0x80023bdc  x2:0x80004200 PA:0x80023be4 store:0x80004200 load:0xffffffff
      296335000	     14715	80002796	0039a623	sw	x3,12(x19)	 x19:0x80023bdc  x3:0x00000000 PA:0x80023be8 store:0x00000000 load:0xffffffff
      296695000	     14733	8000279a	0049a823	sw	x4,16(x19)	 x19:0x80023bdc  x4:0x00000000 PA:0x80023bec store:0x00000000 load:0xffffffff
      297015000	     14749	8000279e	0059aa23	sw	x5,20(x19)	 x19:0x80023bdc  x5:0x80024199 PA:0x80023bf0 store:0x80024199 load:0xffffffff
      297295000	     14763	800027a2	0069ac23	sw	x6,24(x19)	 x19:0x80023bdc  x6:0x800041f8 PA:0x80023bf4 store:0x800041f8 load:0xffffffff
      297355000	     14766	800027a6	0079ae23	sw	x7,28(x19)	 x19:0x80023bdc  x7:0xffff9e9a PA:0x80023bf8 store:0xffff9e9a load:0xffffffff
      297555000	     14776	800027aa	0289a023	sw	x8,32(x19)	 x19:0x80023bdc  x8:0x80000352 PA:0x80023bfc store:0x80000352 load:0xffffffff
      297775000	     14787	800027ae	0299a223	sw	x9,36(x19)	 x19:0x80023bdc  x9:0x800000a0 PA:0x80023c00 store:0x800000a0 load:0xffffffff
      297975000	     14797	800027b2	02a9a423	sw	x10,40(x19)	 x19:0x80023bdc x10:0x00000000 PA:0x80023c04 store:0x00000000 load:0xffffffff
      298035000	     14800	800027b6	02b9a623	sw	x11,44(x19)	 x19:0x80023bdc x11:0x00000000 PA:0x80023c08 store:0x00000000 load:0xffffffff
      298055000	     14801	800027ba	02c9a823	sw	x12,48(x19)	 x19:0x80023bdc x12:0x00000101 PA:0x80023c0c store:0x00000101 load:0xffffffff
      298075000	     14802	800027be	02d9aa23	sw	x13,52(x19)	 x19:0x80023bdc x13:0xfffffda0 PA:0x80023c10 store:0xfffffda0 load:0xffffffff
      298235000	     14810	800027c2	02e9ac23	sw	x14,56(x19)	 x19:0x80023bdc x14:0x00000000 PA:0x80023c14 store:0x00000000 load:0xffffffff
      298255000	     14811	800027c6	02f9ae23	sw	x15,60(x19)	 x19:0x80023bdc x15:0x80024249 PA:0x80023c18 store:0x80024249 load:0xffffffff
      298275000	     14812	800027ca	0509a023	sw	x16,64(x19)	 x19:0x80023bdc x16:0x00000000 PA:0x80023c1c store:0x00000000 load:0xffffffff
      298295000	     14813	800027ce	0519a223	sw	x17,68(x19)	 x19:0x80023bdc x17:0x00000000 PA:0x80023c20 store:0x00000000 load:0xffffffff
      298315000	     14814	800027d2	0529a423	sw	x18,72(x19)	 x19:0x80023bdc x18:0xffffffff PA:0x80023c24 store:0xffffffff load:0xffffffff
      298335000	     14815	800027d6	0539a623	sw	x19,76(x19)	 x19:0x80023bdc x19:0x80023bdc PA:0x80023c28 store:0x80023bdc load:0xffffffff
      298395000	     14818	800027da	0549a823	sw	x20,80(x19)	 x19:0x80023bdc x20:0x7ffdbe70 PA:0x80023c2c store:0x7ffdbe70 load:0xffffffff
      298795000	     14838	800027de	0559aa23	sw	x21,84(x19)	 x19:0x80023bdc x21:0xffff9e9a PA:0x80023c30 store:0xffff9e9a load:0xffffffff
      298915000	     14844	800027e2	0569ac23	sw	x22,88(x19)	 x19:0x80023bdc x22:0x8ffffff8 PA:0x80023c34 store:0x8ffffff8 load:0xffffffff
      299095000	     14853	800027e6	0579ae23	sw	x23,92(x19)	 x19:0x80023bdc x23:0x00000000 PA:0x80023c38 store:0x00000000 load:0xffffffff
      299635000	     14880	800027ea	0789a023	sw	x24,96(x19)	 x19:0x80023bdc x24:0x00000009 PA:0x80023c3c store:0x00000009 load:0xffffffff
      299855000	     14891	800027ee	0799a223	sw	x25,100(x19)	 x19:0x80023bdc x25:0x80023c5c PA:0x80023c40 store:0x80023c5c load:0xffffffff
      300095000	     14903	800027f2	07a9a423	sw	x26,104(x19)	 x19:0x80023bdc x26:0x8002436f PA:0x80023c44 store:0x8002436f load:0xffffffff
      300115000	     14904	800027f6	07b9a623	sw	x27,108(x19)	 x19:0x80023bdc x27:0x24000000 PA:0x80023c48 store:0x24000000 load:0xffffffff
      300495000	     14923	800027fa	07c9a823	sw	x28,112(x19)	 x19:0x80023bdc x28:0x00000001 PA:0x80023c4c store:0x00000001 load:0xffffffff
      300835000	     14940	800027fe	07d9aa23	sw	x29,116(x19)	 x19:0x80023bdc x29:0x4b176ce2 PA:0x80023c50 store:0x4b176ce2 load:0xffffffff
      300895000	     14943	80002802	07e9ac23	sw	x30,120(x19)	 x19:0x80023bdc x30:0xffffffff PA:0x80023c54 store:0xffffffff load:0xffffffff
      300915000	     14944	80002806	07f9ae23	sw	x31,124(x19)	 x19:0x80023bdc x31:0x00012330 PA:0x80023c58 store:0x00012330 load:0xffffffff
      300935000	     14945	8000280a	00098cb3	add	x25,x19,x0	 x19:0x80023bdc  x0:0x00000000 x25=0x80023bdc
      300955000	     14946	8000280e	90000b37	lui	x22,0x90000	 x22=0x90000000
      300975000	     14947	80002812	1b71	c.addi	x22,-4	 x22:0x90000000 x22=0x8ffffffc
      300995000	     14948	80002814	4621	c.li	x12,8	 x12=0x00000008
      301015000	     14949	80002816	0622	c.slli	x12,0x8	 x12:0x00000008 x12=0x00000800
      301035000	     14950	80002818	00060613	addi	x12,x12,0	 x12:0x00000800 x12=0x00000800
      301195000	     14958	8000281c	00cb2023	sw	x12,0(x22)	 x22:0x8ffffffc x12:0x00000800 PA:0x8ffffffc store:0x00000800 load:0xffffffff
      301215000	     14959	80002820	34102673	csrrs	x12,mepc,x0	  x0:0x00000000 x12=0x80000376
      301235000	     14960	80002824	34202673	csrrs	x12,mcause,x0	  x0:0x00000000 x12=0x0000000b
      301255000	     14961	80002828	4b0d	c.li	x22,3	 x22=0x00000003
      301275000	     14962	8000282a	01661463	bne	x12,x22,80002832	 x12:0x0000000b x22:0x00000003
