core   0: 0x80000080 (0x40001f37) lui     t5, 0x40001
core   0: 3 0x80000080 (0x40001f37) x30 0x40001000
core   0: 0x80000084 (0x106f0f13) addi    t5, t5, 262
core   0: 3 0x80000084 (0x106f0f13) x30 0x40001106
core   0: 0x80000088 (0x301f1073) csrw    misa, t5
core   0: 3 0x80000088 (0x301f1073) c769_misa 0x40901104
core   0: 0x8000008c (0x00035297) auipc   t0, 0x35
core   0: 3 0x8000008c (0x00035297) x5  0x8003508c
core   0: 0x80000090 (0xc5828293) addi    t0, t0, -936
core   0: 3 0x80000090 (0xc5828293) x5  0x80034ce4
core   0: 0x80000094 (0x00002f17) auipc   t5, 0x2
core   0: 3 0x80000094 (0x00002f17) x30 0x80002094
core   0: 0x80000098 (0x66cf0f13) addi    t5, t5, 1644
core   0: 3 0x80000098 (0x66cf0f13) x30 0x80002700
core   0: 0x8000009c (0x001f6f13) ori     t5, t5, 1
core   0: 3 0x8000009c (0x001f6f13) x30 0x80002701
core   0: 0x800000a0 (0x305f1073) csrw    mtvec, t5
core   0: 3 0x800000a0 (0x305f1073) c773_mtvec 0x80002701
core   0: 0x800000a4 (0x74725073) csrwi   mseccfg, 4
core   0: 3 0x800000a4 (0x74725073) c1863_mseccfg 0x00000004
core   0: 0x800000a8 (0x00003797) auipc   a5, 0x3
core   0: 3 0x800000a8 (0x00003797) x15 0x800030a8
core   0: 0x800000ac (0x41478793) addi    a5, a5, 1044
core   0: 3 0x800000ac (0x41478793) x15 0x800034bc
core   0: 0x800000b0 (0x00004f01) c.li    t5, 0
core   0: 3 0x800000b0 (0x4f01) x30 0x00000000
core   0: 0x800000b2 (0x000097fa) c.add   a5, t5
core   0: 3 0x800000b2 (0x97fa) x15 0x800034bc
core   0: 0x800000b4 (0x00008389) c.srli  a5, 2
core   0: 3 0x800000b4 (0x8389) x15 0x20000d2f
core   0: 0x800000b6 (0x3b079073) csrw    pmpaddr0, a5
core   0: 3 0x800000b6 (0x3b079073) c944_pmpaddr0 0x20000d2f
core   0: 0x800000ba (0x00003797) auipc   a5, 0x3
core   0: 3 0x800000ba (0x00003797) x15 0x800030ba
core   0: 0x800000be (0x40278793) addi    a5, a5, 1026
core   0: 3 0x800000be (0x40278793) x15 0x800034bc
core   0: 0x800000c2 (0x11111f37) lui     t5, 0x11111
core   0: 3 0x800000c2 (0x11111f37) x30 0x11111000
core   0: 0x800000c6 (0x111f0f13) addi    t5, t5, 273
core   0: 3 0x800000c6 (0x111f0f13) x30 0x11111111
core   0: 0x800000ca (0x000097fa) c.add   a5, t5
core   0: 3 0x800000ca (0x97fa) x15 0x911145cd
core   0: 0x800000cc (0x00008389) c.srli  a5, 2
core   0: 3 0x800000cc (0x8389) x15 0x24445173
core   0: 0x800000ce (0x3b179073) csrw    pmpaddr1, a5
core   0: 3 0x800000ce (0x3b179073) c945_pmpaddr1 0x24445173
core   0: 0x800000d2 (0x00003797) auipc   a5, 0x3
core   0: 3 0x800000d2 (0x00003797) x15 0x800030d2
core   0: 0x800000d6 (0x3ea78793) addi    a5, a5, 1002
core   0: 3 0x800000d6 (0x3ea78793) x15 0x800034bc
core   0: 0x800000da (0x22222f37) lui     t5, 0x22222
core   0: 3 0x800000da (0x22222f37) x30 0x22222000
core   0: 0x800000de (0x222f0f13) addi    t5, t5, 546
core   0: 3 0x800000de (0x222f0f13) x30 0x22222222
core   0: 0x800000e2 (0x000097fa) c.add   a5, t5
core   0: 3 0x800000e2 (0x97fa) x15 0xa22256de
core   0: 0x800000e4 (0x00008389) c.srli  a5, 2
core   0: 3 0x800000e4 (0x8389) x15 0x288895b7
core   0: 0x800000e6 (0x3b279073) csrw    pmpaddr2, a5
core   0: 3 0x800000e6 (0x3b279073) c946_pmpaddr2 0x288895b7
core   0: 0x800000ea (0x00003797) auipc   a5, 0x3
core   0: 3 0x800000ea (0x00003797) x15 0x800030ea
core   0: 0x800000ee (0x3d278793) addi    a5, a5, 978
core   0: 3 0x800000ee (0x3d278793) x15 0x800034bc
core   0: 0x800000f2 (0x33333f37) lui     t5, 0x33333
core   0: 3 0x800000f2 (0x33333f37) x30 0x33333000
core   0: 0x800000f6 (0x333f0f13) addi    t5, t5, 819
core   0: 3 0x800000f6 (0x333f0f13) x30 0x33333333
core   0: 0x800000fa (0x000097fa) c.add   a5, t5
core   0: 3 0x800000fa (0x97fa) x15 0xb33367ef
core   0: 0x800000fc (0x00008389) c.srli  a5, 2
core   0: 3 0x800000fc (0x8389) x15 0x2cccd9fb
core   0: 0x800000fe (0x3b379073) csrw    pmpaddr3, a5
core   0: 3 0x800000fe (0x3b379073) c947_pmpaddr3 0x2cccd9fb
core   0: 0x80000102 (0x0f0f17b7) lui     a5, 0xf0f1
core   0: 3 0x80000102 (0x0f0f17b7) x15 0x0f0f1000
core   0: 0x80000106 (0xf0f78793) addi    a5, a5, -241
core   0: 3 0x80000106 (0xf0f78793) x15 0x0f0f0f0f
core   0: 0x8000010a (0x3a079073) csrw    pmpcfg0, a5
core   0: 3 0x8000010a (0x3a079073) c928_pmpcfg0 0x0f0f0f0f
core   0: 0x8000010e (0x00003797) auipc   a5, 0x3
core   0: 3 0x8000010e (0x00003797) x15 0x8000310e
core   0: 0x80000112 (0x3ae78793) addi    a5, a5, 942
core   0: 3 0x80000112 (0x3ae78793) x15 0x800034bc
core   0: 0x80000116 (0x44444f37) lui     t5, 0x44444
core   0: 3 0x80000116 (0x44444f37) x30 0x44444000
core   0: 0x8000011a (0x444f0f13) addi    t5, t5, 1092
core   0: 3 0x8000011a (0x444f0f13) x30 0x44444444
core   0: 0x8000011e (0x000097fa) c.add   a5, t5
core   0: 3 0x8000011e (0x97fa) x15 0xc4447900
core   0: 0x80000120 (0x00008389) c.srli  a5, 2
core   0: 3 0x80000120 (0x8389) x15 0x31111e40
core   0: 0x80000122 (0x3b479073) csrw    pmpaddr4, a5
core   0: 3 0x80000122 (0x3b479073) c948_pmpaddr4 0x31111e40
core   0: 0x80000126 (0x00003797) auipc   a5, 0x3
core   0: 3 0x80000126 (0x00003797) x15 0x80003126
core   0: 0x8000012a (0x39678793) addi    a5, a5, 918
core   0: 3 0x8000012a (0x39678793) x15 0x800034bc
core   0: 0x8000012e (0x55555f37) lui     t5, 0x55555
core   0: 3 0x8000012e (0x55555f37) x30 0x55555000
core   0: 0x80000132 (0x555f0f13) addi    t5, t5, 1365
core   0: 3 0x80000132 (0x555f0f13) x30 0x55555555
core   0: 0x80000136 (0x000097fa) c.add   a5, t5
core   0: 3 0x80000136 (0x97fa) x15 0xd5558a11
core   0: 0x80000138 (0x00008389) c.srli  a5, 2
core   0: 3 0x80000138 (0x8389) x15 0x35556284
core   0: 0x8000013a (0x3b579073) csrw    pmpaddr5, a5
core   0: 3 0x8000013a (0x3b579073) c949_pmpaddr5 0x35556284
core   0: 0x8000013e (0x00003797) auipc   a5, 0x3
core   0: 3 0x8000013e (0x00003797) x15 0x8000313e
core   0: 0x80000142 (0x37e78793) addi    a5, a5, 894
core   0: 3 0x80000142 (0x37e78793) x15 0x800034bc
core   0: 0x80000146 (0x66666f37) lui     t5, 0x66666
core   0: 3 0x80000146 (0x66666f37) x30 0x66666000
core   0: 0x8000014a (0x666f0f13) addi    t5, t5, 1638
core   0: 3 0x8000014a (0x666f0f13) x30 0x66666666
core   0: 0x8000014e (0x000097fa) c.add   a5, t5
core   0: 3 0x8000014e (0x97fa) x15 0xe6669b22
core   0: 0x80000150 (0x00008389) c.srli  a5, 2
core   0: 3 0x80000150 (0x8389) x15 0x3999a6c8
core   0: 0x80000152 (0x3b679073) csrw    pmpaddr6, a5
core   0: 3 0x80000152 (0x3b679073) c950_pmpaddr6 0x3999a6c8
core   0: 0x80000156 (0x00003797) auipc   a5, 0x3
core   0: 3 0x80000156 (0x00003797) x15 0x80003156
core   0: 0x8000015a (0x36678793) addi    a5, a5, 870
core   0: 3 0x8000015a (0x36678793) x15 0x800034bc
core   0: 0x8000015e (0x77777f37) lui     t5, 0x77777
core   0: 3 0x8000015e (0x77777f37) x30 0x77777000
core   0: 0x80000162 (0x777f0f13) addi    t5, t5, 1911
core   0: 3 0x80000162 (0x777f0f13) x30 0x77777777
core   0: 0x80000166 (0x000097fa) c.add   a5, t5
core   0: 3 0x80000166 (0x97fa) x15 0xf777ac33
core   0: 0x80000168 (0x00008389) c.srli  a5, 2
core   0: 3 0x80000168 (0x8389) x15 0x3dddeb0c
core   0: 0x8000016a (0x3b779073) csrw    pmpaddr7, a5
core   0: 3 0x8000016a (0x3b779073) c951_pmpaddr7 0x3dddeb0c
core   0: 0x8000016e (0x0f0f17b7) lui     a5, 0xf0f1
core   0: 3 0x8000016e (0x0f0f17b7) x15 0x0f0f1000
core   0: 0x80000172 (0xf0f78793) addi    a5, a5, -241
core   0: 3 0x80000172 (0xf0f78793) x15 0x0f0f0f0f
core   0: 0x80000176 (0x3a179073) csrw    pmpcfg1, a5
core   0: 3 0x80000176 (0x3a179073) c929_pmpcfg1 0x0f0f0f0f
core   0: 0x8000017a (0x00003797) auipc   a5, 0x3
core   0: 3 0x8000017a (0x00003797) x15 0x8000317a
core   0: 0x8000017e (0x34278793) addi    a5, a5, 834
core   0: 3 0x8000017e (0x34278793) x15 0x800034bc
core   0: 0x80000182 (0x88889f37) lui     t5, 0x88889
core   0: 3 0x80000182 (0x88889f37) x30 0x88889000
core   0: 0x80000186 (0x888f0f13) addi    t5, t5, -1912
core   0: 3 0x80000186 (0x888f0f13) x30 0x88888888
core   0: 0x8000018a (0x000097fa) c.add   a5, t5
core   0: 3 0x8000018a (0x97fa) x15 0x0888bd44
core   0: 0x8000018c (0x00008389) c.srli  a5, 2
core   0: 3 0x8000018c (0x8389) x15 0x02222f51
core   0: 0x8000018e (0x3b879073) csrw    pmpaddr8, a5
core   0: 3 0x8000018e (0x3b879073) c952_pmpaddr8 0x02222f51
core   0: 0x80000192 (0x00003797) auipc   a5, 0x3
core   0: 3 0x80000192 (0x00003797) x15 0x80003192
core   0: 0x80000196 (0x32a78793) addi    a5, a5, 810
core   0: 3 0x80000196 (0x32a78793) x15 0x800034bc
core   0: 0x8000019a (0x9999af37) lui     t5, 0x9999a
core   0: 3 0x8000019a (0x9999af37) x30 0x9999a000
core   0: 0x8000019e (0x999f0f13) addi    t5, t5, -1639
core   0: 3 0x8000019e (0x999f0f13) x30 0x99999999
core   0: 0x800001a2 (0x000097fa) c.add   a5, t5
core   0: 3 0x800001a2 (0x97fa) x15 0x1999ce55
core   0: 0x800001a4 (0x00008389) c.srli  a5, 2
core   0: 3 0x800001a4 (0x8389) x15 0x06667395
core   0: 0x800001a6 (0x3b979073) csrw    pmpaddr9, a5
core   0: 3 0x800001a6 (0x3b979073) c953_pmpaddr9 0x06667395
core   0: 0x800001aa (0x00003797) auipc   a5, 0x3
core   0: 3 0x800001aa (0x00003797) x15 0x800031aa
core   0: 0x800001ae (0x31278793) addi    a5, a5, 786
core   0: 3 0x800001ae (0x31278793) x15 0x800034bc
core   0: 0x800001b2 (0xaaaabf37) lui     t5, 0xaaaab
core   0: 3 0x800001b2 (0xaaaabf37) x30 0xaaaab000
core   0: 0x800001b6 (0xaaaf0f13) addi    t5, t5, -1366
core   0: 3 0x800001b6 (0xaaaf0f13) x30 0xaaaaaaaa
core   0: 0x800001ba (0x000097fa) c.add   a5, t5
core   0: 3 0x800001ba (0x97fa) x15 0x2aaadf66
core   0: 0x800001bc (0x00008389) c.srli  a5, 2
core   0: 3 0x800001bc (0x8389) x15 0x0aaab7d9
core   0: 0x800001be (0x3ba79073) csrw    pmpaddr10, a5
core   0: 3 0x800001be (0x3ba79073) c954_pmpaddr10 0x0aaab7d9
core   0: 0x800001c2 (0x00003797) auipc   a5, 0x3
core   0: 3 0x800001c2 (0x00003797) x15 0x800031c2
core   0: 0x800001c6 (0x2fa78793) addi    a5, a5, 762
core   0: 3 0x800001c6 (0x2fa78793) x15 0x800034bc
core   0: 0x800001ca (0xbbbbcf37) lui     t5, 0xbbbbc
core   0: 3 0x800001ca (0xbbbbcf37) x30 0xbbbbc000
core   0: 0x800001ce (0xbbbf0f13) addi    t5, t5, -1093
core   0: 3 0x800001ce (0xbbbf0f13) x30 0xbbbbbbbb
core   0: 0x800001d2 (0x000097fa) c.add   a5, t5
core   0: 3 0x800001d2 (0x97fa) x15 0x3bbbf077
core   0: 0x800001d4 (0x00008389) c.srli  a5, 2
core   0: 3 0x800001d4 (0x8389) x15 0x0eeefc1d
core   0: 0x800001d6 (0x3bb79073) csrw    pmpaddr11, a5
core   0: 3 0x800001d6 (0x3bb79073) c955_pmpaddr11 0x0eeefc1d
core   0: 0x800001da (0x0f0f17b7) lui     a5, 0xf0f1
core   0: 3 0x800001da (0x0f0f17b7) x15 0x0f0f1000
core   0: 0x800001de (0xf0f78793) addi    a5, a5, -241
core   0: 3 0x800001de (0xf0f78793) x15 0x0f0f0f0f
core   0: 0x800001e2 (0x3a279073) csrw    pmpcfg2, a5
core   0: 3 0x800001e2 (0x3a279073) c930_pmpcfg2 0x0f0f0f0f
core   0: 0x800001e6 (0x00003797) auipc   a5, 0x3
core   0: 3 0x800001e6 (0x00003797) x15 0x800031e6
core   0: 0x800001ea (0x2d678793) addi    a5, a5, 726
core   0: 3 0x800001ea (0x2d678793) x15 0x800034bc
core   0: 0x800001ee (0xccccdf37) lui     t5, 0xccccd
core   0: 3 0x800001ee (0xccccdf37) x30 0xccccd000
core   0: 0x800001f2 (0xcccf0f13) addi    t5, t5, -820
core   0: 3 0x800001f2 (0xcccf0f13) x30 0xcccccccc
core   0: 0x800001f6 (0x000097fa) c.add   a5, t5
core   0: 3 0x800001f6 (0x97fa) x15 0x4ccd0188
core   0: 0x800001f8 (0x00008389) c.srli  a5, 2
core   0: 3 0x800001f8 (0x8389) x15 0x13334062
core   0: 0x800001fa (0x3bc79073) csrw    pmpaddr12, a5
core   0: 3 0x800001fa (0x3bc79073) c956_pmpaddr12 0x13334062
core   0: 0x800001fe (0x00003797) auipc   a5, 0x3
core   0: 3 0x800001fe (0x00003797) x15 0x800031fe
core   0: 0x80000202 (0x2be78793) addi    a5, a5, 702
core   0: 3 0x80000202 (0x2be78793) x15 0x800034bc
core   0: 0x80000206 (0xddddef37) lui     t5, 0xdddde
core   0: 3 0x80000206 (0xddddef37) x30 0xdddde000
core   0: 0x8000020a (0xdddf0f13) addi    t5, t5, -547
core   0: 3 0x8000020a (0xdddf0f13) x30 0xdddddddd
core   0: 0x8000020e (0x000097fa) c.add   a5, t5
core   0: 3 0x8000020e (0x97fa) x15 0x5dde1299
core   0: 0x80000210 (0x00008389) c.srli  a5, 2
core   0: 3 0x80000210 (0x8389) x15 0x177784a6
core   0: 0x80000212 (0x3bd79073) csrw    pmpaddr13, a5
core   0: 3 0x80000212 (0x3bd79073) c957_pmpaddr13 0x177784a6
core   0: 0x80000216 (0x00003797) auipc   a5, 0x3
core   0: 3 0x80000216 (0x00003797) x15 0x80003216
core   0: 0x8000021a (0x2a678793) addi    a5, a5, 678
core   0: 3 0x8000021a (0x2a678793) x15 0x800034bc
core   0: 0x8000021e (0xeeeeff37) lui     t5, 0xeeeef
core   0: 3 0x8000021e (0xeeeeff37) x30 0xeeeef000
core   0: 0x80000222 (0xeeef0f13) addi    t5, t5, -274
core   0: 3 0x80000222 (0xeeef0f13) x30 0xeeeeeeee
core   0: 0x80000226 (0x000097fa) c.add   a5, t5
core   0: 3 0x80000226 (0x97fa) x15 0x6eef23aa
core   0: 0x80000228 (0x00008389) c.srli  a5, 2
core   0: 3 0x80000228 (0x8389) x15 0x1bbbc8ea
core   0: 0x8000022a (0x3be79073) csrw    pmpaddr14, a5
core   0: 3 0x8000022a (0x3be79073) c958_pmpaddr14 0x1bbbc8ea
core   0: 0x8000022e (0x00003797) auipc   a5, 0x3
core   0: 3 0x8000022e (0x00003797) x15 0x8000322e
core   0: 0x80000232 (0x28e78793) addi    a5, a5, 654
core   0: 3 0x80000232 (0x28e78793) x15 0x800034bc
core   0: 0x80000236 (0xfff00f13) li      t5, -1
core   0: 3 0x80000236 (0xfff00f13) x30 0xffffffff
core   0: 0x8000023a (0x000097fa) c.add   a5, t5
core   0: 3 0x8000023a (0x97fa) x15 0x800034bb
core   0: 0x8000023c (0x00008389) c.srli  a5, 2
core   0: 3 0x8000023c (0x8389) x15 0x20000d2e
core   0: 0x8000023e (0x3bf79073) csrw    pmpaddr15, a5
core   0: 3 0x8000023e (0x3bf79073) c959_pmpaddr15 0x20000d2e
core   0: 0x80000242 (0x0f0f17b7) lui     a5, 0xf0f1
core   0: 3 0x80000242 (0x0f0f17b7) x15 0x0f0f1000
core   0: 0x80000246 (0xf0f78793) addi    a5, a5, -241
core   0: 3 0x80000246 (0xf0f78793) x15 0x0f0f0f0f
core   0: 0x8000024a (0x3a379073) csrw    pmpcfg3, a5
core   0: 3 0x8000024a (0x3a379073) c931_pmpcfg3 0x0f0f0f0f
core   0: 0x8000024e (0x00000f17) auipc   t5, 0x0
core   0: 3 0x8000024e (0x00000f17) x30 0x8000024e
core   0: 0x80000252 (0x058f0f13) addi    t5, t5, 88
core   0: 3 0x80000252 (0x058f0f13) x30 0x800002a6
core   0: 0x80000256 (0x341f1073) csrw    mepc, t5
core   0: 3 0x80000256 (0x341f1073) c833_mepc 0x800002a6
core   0: 0x8000025a (0x7c00d073) csrwi   cpuctrlsts, 1
core   0: 3 0x8000025a (0x7c00d073) c1984_cpuctrlsts 0x00000101
core   0: 0x8000025e (0x00006f09) c.lui   t5, 0x2
core   0: 3 0x8000025e (0x6f09) x30 0x00002000
core   0: 0x80000260 (0x800f0f13) addi    t5, t5, -2048
core   0: 3 0x80000260 (0x800f0f13) x30 0x00001800
core   0: 0x80000264 (0x300f1073) csrw    mstatus, t5
core   0: 3 0x80000264 (0x300f1073) c768_mstatus 0x00001800
core   0: 0x80000268 (0x00004f01) c.li    t5, 0
core   0: 3 0x80000268 (0x4f01) x30 0x00000000
core   0: 0x8000026a (0x304f1073) csrw    mie, t5
core   0: 3 0x8000026a (0x304f1073) c772_mie 0x00000000
core   0: 0x8000026e (0x90000c37) lui     s8, 0x90000
core   0: 3 0x8000026e (0x90000c37) x24 0x90000000
core   0: 0x80000272 (0x00001c71) c.addi  s8, -4
core   0: 3 0x80000272 (0x1c71) x24 0x8ffffffc
core   0: 0x80000274 (0x30000f13) li      t5, 768
core   0: 3 0x80000274 (0x30000f13) x30 0x00000300
core   0: 0x80000278 (0x00000f22) c.slli  t5, 8
core   0: 3 0x80000278 (0x0f22) x30 0x00030000
core   0: 0x8000027a (0x00000f0d) c.addi  t5, 3
core   0: 3 0x8000027a (0x0f0d) x30 0x00030003
core   0: 0x8000027c (0x01ec2023) sw      t5, 0(s8)
core   0: 3 0x8000027c (0x01ec2023) mem 0x8ffffffc 0x00030003
core   0: 0x80000280 (0x30002f73) csrr    t5, mstatus
core   0: 3 0x80000280 (0x30002f73) x30 0x00001800
core   0: 0x80000284 (0x01ec2023) sw      t5, 0(s8)
core   0: 3 0x80000284 (0x01ec2023) mem 0x8ffffffc 0x00001800
core   0: 0x80000288 (0x90000c37) lui     s8, 0x90000
core   0: 3 0x80000288 (0x90000c37) x24 0x90000000
core   0: 0x8000028c (0x00001c71) c.addi  s8, -4
core   0: 3 0x8000028c (0x1c71) x24 0x8ffffffc
core   0: 0x8000028e (0x30400f13) li      t5, 772
core   0: 3 0x8000028e (0x30400f13) x30 0x00000304
core   0: 0x80000292 (0x00000f22) c.slli  t5, 8
core   0: 3 0x80000292 (0x0f22) x30 0x00030400
core   0: 0x80000294 (0x00000f0d) c.addi  t5, 3
core   0: 3 0x80000294 (0x0f0d) x30 0x00030403
core   0: 0x80000296 (0x01ec2023) sw      t5, 0(s8)
core   0: 3 0x80000296 (0x01ec2023) mem 0x8ffffffc 0x00030403
core   0: 0x8000029a (0x30402f73) csrr    t5, mie
core   0: 3 0x8000029a (0x30402f73) x30 0x00000000
core   0: 0x8000029e (0x01ec2023) sw      t5, 0(s8)
core   0: 3 0x8000029e (0x01ec2023) mem 0x8ffffffc 0x00000000
core   0: 0x800002a2 (0x30200073) mret
core   0: 3 0x800002a2 (0x30200073) c768_mstatus 0x00000080
core   0: 0x800002a6 (0x00200013) li      zero, 2
core   0: 3 0x800002a6 (0x00200013)
core   0: 0x800002aa (0x800000b7) lui     ra, 0x80000
core   0: 3 0x800002aa (0x800000b7) x1  0x80000000
core   0: 0x800002ae (0x00004121) c.li    sp, 8
core   0: 3 0x800002ae (0x4121) x2  0x00000008
core   0: 0x800002b0 (0xfb2c31b7) lui     gp, 0xfb2c3
core   0: 3 0x800002b0 (0xfb2c31b7) x3  0xfb2c3000
core   0: 0x800002b4 (0xec418193) addi    gp, gp, -316
core   0: 3 0x800002b4 (0xec418193) x3  0xfb2c2ec4
core   0: 0x800002b8 (0xfadcf237) lui     tp, 0xfadcf
core   0: 3 0x800002b8 (0xfadcf237) x4  0xfadcf000
core   0: 0x800002bc (0x87920213) addi    tp, tp, -1927
core   0: 3 0x800002bc (0x87920213) x4  0xfadce879
core   0: 0x800002c0 (0x80000337) lui     t1, 0x80000
core   0: 3 0x800002c0 (0x80000337) x6  0x80000000
core   0: 0x800002c4 (0x000043bd) c.li    t2, 15
core   0: 3 0x800002c4 (0x43bd) x7  0x0000000f
core   0: 0x800002c6 (0x834b0437) lui     s0, 0x834b0
core   0: 3 0x800002c6 (0x834b0437) x8  0x834b0000
core   0: 0x800002ca (0xf3d40413) addi    s0, s0, -195
core   0: 3 0x800002ca (0xf3d40413) x8  0x834aff3d
core   0: 0x800002ce (0x00004481) c.li    s1, 0
core   0: 3 0x800002ce (0x4481) x9  0x00000000
core   0: 0x800002d0 (0x80000537) lui     a0, 0x80000
core   0: 3 0x800002d0 (0x80000537) x10 0x80000000
core   0: 0x800002d4 (0xfc76e5b7) lui     a1, 0xfc76e
core   0: 3 0x800002d4 (0xfc76e5b7) x11 0xfc76e000
core   0: 0x800002d8 (0x4c958593) addi    a1, a1, 1225
core   0: 3 0x800002d8 (0x4c958593) x11 0xfc76e4c9
core   0: 0x800002dc (0x80000637) lui     a2, 0x80000
core   0: 3 0x800002dc (0x80000637) x12 0x80000000
core   0: 0x800002e0 (0x00004681) c.li    a3, 0
core   0: 3 0x800002e0 (0x4681) x13 0x00000000
core   0: 0x800002e2 (0xb76a4737) lui     a4, 0xb76a4
core   0: 3 0x800002e2 (0xb76a4737) x14 0xb76a4000
core   0: 0x800002e6 (0xcb870713) addi    a4, a4, -840
core   0: 3 0x800002e6 (0xcb870713) x14 0xb76a3cb8
core   0: 0x800002ea (0x00004781) c.li    a5, 0
core   0: 3 0x800002ea (0x4781) x15 0x00000000
core   0: 0x800002ec (0xf5e2d837) lui     a6, 0xf5e2d
core   0: 3 0x800002ec (0xf5e2d837) x16 0xf5e2d000
core   0: 0x800002f0 (0x1bd80813) addi    a6, a6, 445
core   0: 3 0x800002f0 (0x1bd80813) x16 0xf5e2d1bd
core   0: 0x800002f4 (0x00004881) c.li    a7, 0
core   0: 3 0x800002f4 (0x4881) x17 0x00000000
core   0: 0x800002f6 (0xf8439937) lui     s2, 0xf8439
core   0: 3 0x800002f6 (0xf8439937) x18 0xf8439000
core   0: 0x800002fa (0x4fe90913) addi    s2, s2, 1278
core   0: 3 0x800002fa (0x4fe90913) x18 0xf84394fe
core   0: 0x800002fe (0x800009b7) lui     s3, 0x80000
core   0: 3 0x800002fe (0x800009b7) x19 0x80000000
core   0: 0x80000302 (0x00004a01) c.li    s4, 0
core   0: 3 0x80000302 (0x4a01) x20 0x00000000
core   0: 0x80000304 (0xfbac3ab7) lui     s5, 0xfbac3
core   0: 3 0x80000304 (0xfbac3ab7) x21 0xfbac3000
core   0: 0x80000308 (0xd00a8a93) addi    s5, s5, -768
core   0: 3 0x80000308 (0xd00a8a93) x21 0xfbac2d00
core   0: 0x8000030c (0x00004b01) c.li    s6, 0
core   0: 3 0x8000030c (0x4b01) x22 0x00000000
core   0: 0x8000030e (0x46a94c37) lui     s8, 0x46a94
core   0: 3 0x8000030e (0x46a94c37) x24 0x46a94000
core   0: 0x80000312 (0x8a7c0c13) addi    s8, s8, -1881
core   0: 3 0x80000312 (0x8a7c0c13) x24 0x46a938a7
core   0: 0x80000316 (0x80000cb7) lui     s9, 0x80000
core   0: 3 0x80000316 (0x80000cb7) x25 0x80000000
core   0: 0x8000031a (0xf9271d37) lui     s10, 0xf9271
core   0: 3 0x8000031a (0xf9271d37) x26 0xf9271000
core   0: 0x8000031e (0x2f8d0d13) addi    s10, s10, 760
core   0: 3 0x8000031e (0x2f8d0d13) x26 0xf92712f8
core   0: 0x80000322 (0xa4a80db7) lui     s11, 0xa4a80
core   0: 3 0x80000322 (0xa4a80db7) x27 0xa4a80000
core   0: 0x80000326 (0xb50d8d93) addi    s11, s11, -1200
core   0: 3 0x80000326 (0xb50d8d93) x27 0xa4a7fb50
core   0: 0x8000032a (0x80000e37) lui     t3, 0x80000
core   0: 3 0x8000032a (0x80000e37) x28 0x80000000
core   0: 0x8000032e (0x80000eb7) lui     t4, 0x80000
core   0: 3 0x8000032e (0x80000eb7) x29 0x80000000
core   0: 0x80000332 (0x00004f35) c.li    t5, 13
core   0: 3 0x80000332 (0x4f35) x30 0x0000000d
core   0: 0x80000334 (0x00004fad) c.li    t6, 11
core   0: 3 0x80000334 (0x4fad) x31 0x0000000b
core   0: 0x80000336 (0x00031b97) auipc   s7, 0x31
core   0: 3 0x80000336 (0x00031b97) x23 0x80031336
core   0: 0x8000033a (0xb2eb8b93) addi    s7, s7, -1234
core   0: 3 0x8000033a (0xb2eb8b93) x23 0x80030e64
core   0: 0x8000033e (0x90000c37) lui     s8, 0x90000
core   0: 3 0x8000033e (0x90000c37) x24 0x90000000
core   0: 0x80000342 (0x00001c71) c.addi  s8, -4
core   0: 3 0x80000342 (0x1c71) x24 0x8ffffffc
core   0: 0x80000344 (0x00004f01) c.li    t5, 0
core   0: 3 0x80000344 (0x4f01) x30 0x00000000
core   0: 0x80000346 (0x00000f22) c.slli  t5, 8
core   0: 3 0x80000346 (0x0f22) x30 0x00000000
core   0: 0x80000348 (0x000f0f13) mv      t5, t5
core   0: 3 0x80000348 (0x000f0f13) x30 0x00000000
core   0: 0x8000034c (0x01ec2023) sw      t5, 0(s8)
core   0: 3 0x8000034c (0x01ec2023) mem 0x8ffffffc 0x00000000
core   0: 0x80000350 (0x16c0306f) j       pc + 0x316c
core   0: 3 0x80000350 (0x16c0306f)
core   0: 0x800034bc (0x00021317) auipc   t1, 0x21
core   0: 3 0x800034bc (0x00021317) x6  0x800244bc
core   0: 0x800034c0 (0x6a530313) addi    t1, t1, 1701
core   0: 3 0x800034c0 (0x6a530313) x6  0x80024b61
core   0: 0x800034c4 (0x3404dc73) csrrwi  s8, mscratch, 9
core   0: 3 0x800034c4 (0x3404dc73) x24 0x00000000 c832_mscratch 0x00000009
core   0: 0x800034c8 (0x02230e83) lb      t4, 34(t1)
core   0: 3 0x800034c8 (0x02230e83) x29 0x00000038 mem 0x80024b83
core   0: 0x800034cc (0x1d77f393) andi    t2, a5, 471
core   0: 3 0x800034cc (0x1d77f393) x7  0x00000000
core   0: 0x800034d0 (0xfd332c03) lw      s8, -45(t1)
core   0: 3 0x800034d0 (0xfd332c03) x24 0xecedeeef mem 0x80024b34
core   0: 0x800034d4 (0x013710b3) sll     ra, a4, s3
core   0: 3 0x800034d4 (0x013710b3) x1  0xb76a3cb8
core   0: 0x800034d8 (0x03735983) lhu     s3, 55(t1)
core   0: 3 0x800034d8 (0x03735983) x19 0x00005253 mem 0x80024b98
core   0: 0x800034dc (0xfed30a23) sb      a3, -12(t1)
core   0: 3 0x800034dc (0xfed30a23) mem 0x80024b55 0x0
core   0: 0x800034e0 (0x01033a33) sltu    s4, t1, a6
core   0: 3 0x800034e0 (0x01033a33) x20 0x00000001
core   0: 0x800034e4 (0x00008f69) c.and   a4, a0
core   0: 3 0x800034e4 (0x8f69) x14 0x80000000
core   0: 0x800034e6 (0xfea35103) lhu     sp, -22(t1)
core   0: 3 0x800034e6 (0xfea35103) x2  0x00000700 mem 0x80024b4b mem 0x80024b4c
core   0: 0x800034ea (0xcae96197) auipc   gp, 0xcae96
core   0: 3 0x800034ea (0xcae96197) x3  0x4ae994ea
core   0: 0x800034ee (0x00c30803) lb      a6, 12(t1)
core   0: 3 0x800034ee (0x00c30803) x16 0x00000026 mem 0x80024b6d
core   0: 0x800034f2 (0xfed34903) lbu     s2, -19(t1)
core   0: 3 0x800034f2 (0xfed34903) x18 0x00000005 mem 0x80024b4e
core   0: 0x800034f6 (0x0000100f) fence.i
core   0: 3 0x800034f6 (0x0000100f)
core   0: 0x800034fa (0xff634903) lbu     s2, -10(t1)
core   0: 3 0x800034fa (0xff634903) x18 0x0000000c mem 0x80024b57
core   0: 0x800034fe (0xfc131123) sh      ra, -62(t1)
core   0: 3 0x800034fe (0xfc131123) mem 0x80024b23 0xb8 mem 0x80024b24 0x3c
core   0: 0x80003502 (0x0000100f) fence.i
core   0: 3 0x80003502 (0x0000100f)
core   0: 0x80003506 (0xff9311a3) sh      s9, -29(t1)
core   0: 3 0x80003506 (0xff9311a3) mem 0x80024b44 0x0000
core   0: 0x8000350a (0x00ec5813) srli    a6, s8, 14
core   0: 3 0x8000350a (0x00ec5813) x16 0x0003b3b7
core   0: 0x8000350e (0x038b44b3) div     s1, s6, s8
core   0: 3 0x8000350e (0x038b44b3) x9  0x00000000
core   0: 0x80003512 (0x03032503) lw      a0, 48(t1)
core   0: 3 0x80003512 (0x03032503) x10 0x4f48494a mem 0x80024b91 mem 0x80024b92 mem 0x80024b93 mem 0x80024b94
core   0: 0x80003516 (0x032f1c33) mulh    s8, t5, s2
core   0: 3 0x80003516 (0x032f1c33) x24 0x00000000
core   0: 0x8000351a (0x01a34003) lbu     zero, 26(t1)
core   0: 3 0x8000351a (0x01a34003) mem 0x80024b7b
core   0: 0x8000351e (0xfda31d03) lh      s10, -38(t1)
core   0: 3 0x8000351e (0xfda31d03) x26 0xfffff7f0 mem 0x80024b3b mem 0x80024b3c
core   0: 0x80003522 (0x00234203) lbu     tp, 2(t1)
core   0: 3 0x80003522 (0x00234203) x4  0x00000018 mem 0x80024b63
core   0: 0x80003526 (0xfd530ca3) sb      s5, -39(t1)
core   0: 3 0x80003526 (0xfd530ca3) mem 0x80024b3a 0x0
core   0: 0x8000352a (0x00b2f1b3) and     gp, t0, a1
core   0: 3 0x8000352a (0x00b2f1b3) x3  0x800244c0
core   0: 0x8000352e (0x414e8ab3) sub     s5, t4, s4
core   0: 3 0x8000352e (0x414e8ab3) x21 0x00000037
core   0: 0x80003532 (0x01ba78b3) and     a7, s4, s11
core   0: 3 0x80003532 (0x01ba78b3) x17 0x00000000
core   0: 0x80003536 (0x03134683) lbu     a3, 49(t1)
core   0: 3 0x80003536 (0x03134683) x13 0x00000049 mem 0x80024b92
core   0: 0x8000353a (0x019a9e33) sll     t3, s5, s9
core   0: 3 0x8000353a (0x019a9e33) x28 0x00000037
core   0: 0x8000353e (0x00008c4d) c.or    s0, a1
core   0: 3 0x8000353e (0x8c4d) x8  0xff7efffd
core   0: 0x80003540 (0x00d34f03) lbu     t5, 13(t1)
core   0: 3 0x80003540 (0x00d34f03) x30 0x00000025 mem 0x80024b6e
core   0: 0x80003544 (0xfcb32003) lw      zero, -53(t1)
core   0: 3 0x80003544 (0xfcb32003) mem 0x80024b2c
core   0: 0x80003548 (0xfde30e83) lb      t4, -34(t1)
core   0: 3 0x80003548 (0xfde30e83) x29 0xfffffff4 mem 0x80024b3f
core   0: 0x8000354c (0xfc430523) sb      tp, -54(t1)
core   0: 3 0x8000354c (0xfc430523) mem 0x80024b2b 0x18
core   0: 0x80003550 (0x00024e97) auipc   t4, 0x24
core   0: 3 0x80003550 (0x00024e97) x29 0x80027550
core   0: 0x80003554 (0x2d0e8e93) addi    t4, t4, 720
core   0: 3 0x80003554 (0x2d0e8e93) x29 0x80027820
core   0: 0x80003558 (0xfc7e9883) lh      a7, -57(t4)
core   0: 3 0x80003558 (0xfc7e9883) x17 0xffffa39c mem 0x800277e7 mem 0x800277e8
core   0: 0x8000355c (0x022edc83) lhu     s9, 34(t4)
core   0: 3 0x8000355c (0x022edc83) x25 0x0000f8f9 mem 0x80027842
core   0: 0x80003560 (0x020ead03) lw      s10, 32(t4)
core   0: 3 0x80003560 (0x020ead03) x26 0xf8f9fafb mem 0x80027840
core   0: 0x80003564 (0xfd5ed303) lhu     t1, -43(t4)
core   0: 3 0x80003564 (0xfd5ed303) x6  0x0000adae mem 0x800277f5 mem 0x800277f6
core   0: 0x80003568 (0xfc9ea623) sw      s1, -52(t4)
core   0: 3 0x80003568 (0xfc9ea623) mem 0x800277ec 0x00000000
core   0: 0x8000356c (0x000ea623) sw      zero, 12(t4)
core   0: 3 0x8000356c (0x000ea623) mem 0x8002782c 0x00000000
core   0: 0x80003570 (0xfcee8323) sb      a4, -58(t4)
core   0: 3 0x80003570 (0xfcee8323) mem 0x800277e6 0x0
core   0: 0x80003574 (0xffce8ba3) sb      t3, -9(t4)
core   0: 3 0x80003574 (0xffce8ba3) mem 0x80027817 0x37
core   0: 0x80003578 (0xff1e9c83) lh      s9, -15(t4)
core   0: 3 0x80003578 (0xff1e9c83) x25 0xffffc9ca mem 0x80027811 mem 0x80027812
core   0: 0x8000357c (0x0000100f) fence.i
core   0: 3 0x8000357c (0x0000100f)
core   0: 0x80003580 (0x00008d89) c.sub   a1, a0
core   0: 3 0x80003580 (0x8d89) x11 0xad2e9b7f
core   0: 0x80003582 (0xfd6ea603) lw      a2, -42(t4)
core   0: 3 0x80003582 (0xfd6ea603) x12 0xb2b3acad mem 0x800277f6 mem 0x800277f7 mem 0x800277f8 mem 0x800277f9
core   0: 0x80003586 (0x032a1133) mulh    sp, s4, s2
core   0: 3 0x80003586 (0x032a1133) x2  0x00000000
core   0: 0x8000358a (0xffeec303) lbu     t1, -2(t4)
core   0: 3 0x8000358a (0xffeec303) x6  0x000000d5 mem 0x8002781e
core   0: 0x8000358e (0x000003da) c.slli  t2, 22
core   0: 3 0x8000358e (0x03da) x7  0x00000000
core   0: 0x80003590 (0x000082f1) c.srli  a3, 28
core   0: 3 0x80003590 (0x82f1) x13 0x00000000
core   0: 0x80003592 (0x013e8183) lb      gp, 19(t4)
core   0: 3 0x80003592 (0x013e8183) x3  0xffffffe8 mem 0x80027833
core   0: 0x80003596 (0xfcde9903) lh      s2, -51(t4)
core   0: 3 0x80003596 (0xfcde9903) x18 0x00000000 mem 0x800277ed mem 0x800277ee
core   0: 0x8000359a (0x00ae9223) sh      a0, 4(t4)
core   0: 3 0x8000359a (0x00ae9223) mem 0x80027824 0x494a
core   0: 0x8000359e (0x38b5ef13) ori     t5, a1, 907
core   0: 3 0x8000359e (0x38b5ef13) x30 0xad2e9bff
core   0: 0x800035a2 (0xfe3e9523) sh      gp, -22(t4)
core   0: 3 0x800035a2 (0xfe3e9523) mem 0x8002780a 0xffe8
core   0: 0x800035a6 (0x02e6c833) div     a6, a3, a4
core   0: 3 0x800035a6 (0x02e6c833) x16 0x00000000
core   0: 0x800035aa (0x02de9683) lh      a3, 45(t4)
core   0: 3 0x800035aa (0x02de9683) x13 0x00000506 mem 0x8002784d mem 0x8002784e
core   0: 0x800035ae (0x0239b0b3) mulhu   ra, s3, gp
core   0: 3 0x800035ae (0x0239b0b3) x1  0x00005252
core   0: 0x800035b2 (0xfd1e8023) sb      a7, -64(t4)
core   0: 3 0x800035b2 (0xfd1e8023) mem 0x800277e0 0x9c
core   0: 0x800035b6 (0x00008f11) c.sub   a4, a2
core   0: 3 0x800035b6 (0x8f11) x14 0xcd4c5353
core   0: 0x800035b8 (0xfeee9203) lh      tp, -18(t4)
core   0: 3 0x800035b8 (0xfeee9203) x4  0xffffc4c5 mem 0x8002780e
core   0: 0x800035bc (0x01de9703) lh      a4, 29(t4)
core   0: 3 0x800035bc (0x01de9703) x14 0xfffff5f6 mem 0x8002783d mem 0x8002783e
core   0: 0x800035c0 (0xfc8ea5a3) sw      s0, -53(t4)
core   0: 3 0x800035c0 (0xfc8ea5a3) mem 0x800277eb 0xfd mem 0x800277ec 0xff mem 0x800277ed 0x7e mem 0x800277ee 0xff
core   0: 0x800035c4 (0xfdbe8b03) lb      s6, -37(t4)
core   0: 3 0x800035c4 (0xfdbe8b03) x22 0xffffffb0 mem 0x800277fb
core   0: 0x800035c8 (0x40ea5413) srai    s0, s4, 14
core   0: 3 0x800035c8 (0x40ea5413) x8  0x00000000
core   0: 0x800035cc (0x1f137917) auipc   s2, 0x1f137
core   0: 3 0x800035cc (0x1f137917) x18 0x9f13a5cc
core   0: 0x800035d0 (0x00bea383) lw      t2, 11(t4)
core   0: 3 0x800035d0 (0x00bea383) x7  0x000000e0 mem 0x8002782b mem 0x8002782c mem 0x8002782d mem 0x8002782e
core   0: 0x800035d4 (0x00008c5d) c.or    s0, a5
core   0: 3 0x800035d4 (0x8c5d) x8  0x00000000
core   0: 0x800035d6 (0x02becc83) lbu     s9, 43(t4)
core   0: 3 0x800035d6 (0x02becc83) x25 0x00000000 mem 0x8002784b
core   0: 0x800035da (0x00e6d513) srli    a0, a3, 14
core   0: 3 0x800035da (0x00e6d513) x10 0x00000000
core   0: 0x800035de (0x032e84a3) sb      s2, 41(t4)
core   0: 3 0x800035de (0x032e84a3) mem 0x80027849 0xcc
core   0: 0x800035e2 (0x000e9023) sh      zero, 0(t4)
core   0: 3 0x800035e2 (0x000e9023) mem 0x80027820 0x0000
core   0: 0x800035e6 (0x34033af3) csrrc   s5, mscratch, t1
core   0: 3 0x800035e6 (0x34033af3) x21 0x00000009 c832_mscratch 0x00000008
core   0: 0x800035ea (0x038ecd83) lbu     s11, 56(t4)
core   0: 3 0x800035ea (0x038ecd83) x27 0x00000013 mem 0x80027858
core   0: 0x800035ee (0x000eaf83) lw      t6, 0(t4)
core   0: 3 0x800035ee (0x000eaf83) x31 0xd8d90000 mem 0x80027820
core   0: 0x800035f2 (0x02127cb3) remu    s9, tp, ra
core   0: 3 0x800035f2 (0x02127cb3) x25 0x00001e1f
core   0: 0x800035f6 (0x5f022593) slti    a1, tp, 1520
core   0: 3 0x800035f6 (0x5f022593) x11 0x00000001
core   0: 0x800035fa (0x03dea723) sw      t4, 46(t4)
core   0: 3 0x800035fa (0x03dea723) mem 0x8002784e 0x20 mem 0x8002784f 0x78 mem 0x80027850 0x2 mem 0x80027851 0x80
core   0: 0x800035fe (0x00022c97) auipc   s9, 0x22
core   0: 3 0x800035fe (0x00022c97) x25 0x800255fe
core   0: 0x80003602 (0x72ac8c93) addi    s9, s9, 1834
core   0: 3 0x80003602 (0x72ac8c93) x25 0x80025d28
core   0: 0x80003606 (0x00018697) auipc   a3, 0x18
core   0: 3 0x80003606 (0x00018697) x13 0x8001b606
core   0: 0x8000360a (0xb6168693) addi    a3, a3, -1183
core   0: 3 0x8000360a (0xb6168693) x13 0x8001b167
core   0: 0x8000360e (0x774cd803) lhu     a6, 1908(s9)
core   0: 3 0x8000360e (0x774cd803) x16 0x00005657 mem 0x8002649c
core   0: 0x80003612 (0xe0bcce03) lbu     t3, -501(s9)
core   0: 3 0x80003612 (0xe0bcce03) x28 0x000000e8 mem 0x80025b33
core   0: 0x80003616 (0x05368003) lb      zero, 83(a3)
core   0: 3 0x80003616 (0x05368003) mem 0x8001b1ba
core   0: 0x8000361a (0x0d4c9103) lh      sp, 212(s9)
core   0: 3 0x8000361a (0x0d4c9103) x2  0xffffb6b7 mem 0x80025dfc
core   0: 0x8000361e (0x805cd503) lhu     a0, -2043(s9)
core   0: 3 0x8000361e (0x805cd503) x10 0x0000e5e6 mem 0x8002552d mem 0x8002552e
core   0: 0x80003622 (0xf10cce03) lbu     t3, -240(s9)
core   0: 3 0x80003622 (0xf10cce03) x28 0x000000f3 mem 0x80025c38
core   0: 0x80003626 (0x0176a983) lw      s3, 23(a3)
core   0: 3 0x80003626 (0x0176a983) x19 0x3a3b3435 mem 0x8001b17e mem 0x8001b17f mem 0x8001b180 mem 0x8001b181
core   0: 0x8000362a (0x025c8003) lb      zero, 37(s9)
core   0: 3 0x8000362a (0x025c8003) mem 0x80025d4d
core   0: 0x8000362e (0x17b6ada3) sw      s11, 379(a3)
core   0: 3 0x8000362e (0x17b6ada3) mem 0x8001b2e2 0x13 mem 0x8001b2e3 0x0 mem 0x8001b2e4 0x0 mem 0x8001b2e5 0x0
core   0: 0x80003632 (0x783ca023) sw      gp, 1920(s9)
core   0: 3 0x80003632 (0x783ca023) mem 0x800264a8 0xffffffe8
core   0: 0x80003636 (0x211ca983) lw      s3, 529(s9)
core   0: 3 0x80003636 (0x211ca983) x19 0xf7f0f1f2 mem 0x80025f39 mem 0x80025f3a mem 0x80025f3b mem 0x80025f3c
core   0: 0x8000363a (0x08e6a903) lw      s2, 142(a3)
core   0: 3 0x8000363a (0x08e6a903) x18 0xb3acadae mem 0x8001b1f5 mem 0x8001b1f6 mem 0x8001b1f7 mem 0x8001b1f8
core   0: 0x8000363e (0x7fb6ad83) lw      s11, 2043(a3)
core   0: 3 0x8000363e (0x7fb6ad83) x27 0x1e1f1819 mem 0x8001b962 mem 0x8001b963 mem 0x8001b964 mem 0x8001b965
core   0: 0x80003642 (0x5396a803) lw      a6, 1337(a3)
core   0: 3 0x80003642 (0x5396a803) x16 0x58595a5b mem 0x8001b6a0
core   0: 0x80003646 (0x0526a123) sw      s2, 66(a3)
core   0: 3 0x80003646 (0x0526a123) mem 0x8001b1a9 0xae mem 0x8001b1aa 0xad mem 0x8001b1ab 0xac mem 0x8001b1ac 0xb3
core   0: 0x8000364a (0x00018117) auipc   sp, 0x18
core   0: 3 0x8000364a (0x00018117) x2  0x8001b64a
core   0: 0x8000364e (0xa0910113) addi    sp, sp, -1527
core   0: 3 0x8000364e (0xa0910113) x2  0x8001b053
core   0: 0x80003652 (0x340aa6f3) csrrs   a3, mscratch, s5
core   0: 3 0x80003652 (0x340aa6f3) x13 0x00000008 c832_mscratch 0x00000009
core   0: 0x80003656 (0xff915503) lhu     a0, -7(sp)
core   0: 3 0x80003656 (0xff915503) x10 0x00000607 mem 0x8001b04c
core   0: 0x8000365a (0x0000c826) c.swsp  s1, 16(sp)
core   0: 3 0x8000365a (0xc826) mem 0x8001b063 0x0 mem 0x8001b064 0x0 mem 0x8001b065 0x0 mem 0x8001b066 0x0
core   0: 0x8000365c (0x00211123) sh      sp, 2(sp)
core   0: 3 0x8000365c (0x00211123) mem 0x8001b055 0x53 mem 0x8001b056 0xb0
core   0: 0x80003660 (0x34045b73) csrrwi  s6, mscratch, 8
core   0: 3 0x80003660 (0x34045b73) x22 0x00000009 c832_mscratch 0x00000008
core   0: 0x80003664 (0x00f14583) lbu     a1, 15(sp)
core   0: 3 0x80003664 (0x00f14583) x11 0x00000019 mem 0x8001b062
core   0: 0x80003668 (0xffd11483) lh      s1, -3(sp)
core   0: 3 0x80003668 (0xffd11483) x9  0x00000a0b mem 0x8001b050
core   0: 0x8000366c (0x00510e83) lb      t4, 5(sp)
core   0: 3 0x8000366c (0x00510e83) x29 0x00000013 mem 0x8001b058
core   0: 0x80003670 (0x00915883) lhu     a7, 9(sp)
core   0: 3 0x80003670 (0x00915883) x17 0x00001617 mem 0x8001b05c
core   0: 0x80003674 (0x009114a3) sh      s1, 9(sp)
core   0: 3 0x80003674 (0x009114a3) mem 0x8001b05c 0x0a0b
core   0: 0x80003678 (0x34007ef3) csrrci  t4, mscratch, 0
core   0: 3 0x80003678 (0x34007ef3) x29 0x00000008
core   0: 0x8000367c (0x0000898a) c.mv    s3, sp
core   0: 3 0x8000367c (0x898a) x19 0x8001b053
core   0: 0x8000367e (0x01d104a3) sb      t4, 9(sp)
core   0: 3 0x8000367e (0x01d104a3) mem 0x8001b05c 0x8
core   0: 0x80003682 (0xffa11e83) lh      t4, -6(sp)
core   0: 3 0x80003682 (0xffa11e83) x29 0x00000506 mem 0x8001b04d mem 0x8001b04e
core   0: 0x80003686 (0x00d15603) lhu     a2, 13(sp)
core   0: 3 0x80003686 (0x00d15603) x12 0x00001a1b mem 0x8001b060
core   0: 0x8000368a (0x004106a3) sb      tp, 13(sp)
core   0: 3 0x8000368a (0x004106a3) mem 0x8001b060 0xc5
core   0: 0x8000368e (0x00c11523) sh      a2, 10(sp)
core   0: 3 0x8000368e (0x00c11523) mem 0x8001b05d 0x1b mem 0x8001b05e 0x1a
core   0: 0x80003692 (0x00e11523) sh      a4, 10(sp)
core   0: 3 0x80003692 (0x00e11523) mem 0x8001b05d 0xf6 mem 0x8001b05e 0xf5
core   0: 0x80003696 (0xfe411ea3) sh      tp, -3(sp)
core   0: 3 0x80003696 (0xfe411ea3) mem 0x8001b050 0xc4c5
core   0: 0x8000369a (0xffb10d03) lb      s10, -5(sp)
core   0: 3 0x8000369a (0xffb10d03) x26 0x00000005 mem 0x8001b04e
core   0: 0x8000369e (0x340028f3) csrr    a7, mscratch
core   0: 3 0x8000369e (0x340028f3) x17 0x00000008
core   0: 0x800036a2 (0xffe14683) lbu     a3, -2(sp)
core   0: 3 0x800036a2 (0xffe14683) x13 0x000000c4 mem 0x8001b051
core   0: 0x800036a6 (0xffa12603) lw      a2, -6(sp)
core   0: 3 0x800036a6 (0xffa12603) x12 0xc5040506 mem 0x8001b04d mem 0x8001b04e mem 0x8001b04f mem 0x8001b050
core   0: 0x800036aa (0x000094a2) c.add   s1, s0
core   0: 3 0x800036aa (0x94a2) x9  0x00000a0b
core   0: 0x800036ac (0x00211003) lh      zero, 2(sp)
core   0: 3 0x800036ac (0x00211003) mem 0x8001b055 mem 0x8001b056
core   0: 0x800036b0 (0x01112323) sw      a7, 6(sp)
core   0: 3 0x800036b0 (0x01112323) mem 0x8001b059 0x8 mem 0x8001b05a 0x0 mem 0x8001b05b 0x0 mem 0x8001b05c 0x0
core   0: 0x800036b4 (0x0001c917) auipc   s2, 0x1c
core   0: 3 0x800036b4 (0x0001c917) x18 0x8001f6b4
core   0: 0x800036b8 (0x48490913) addi    s2, s2, 1156
core   0: 3 0x800036b8 (0x48490913) x18 0x8001fb38
core   0: 0x800036bc (0xfe2922a3) sw      sp, -27(s2)
core   0: 3 0x800036bc (0xfe2922a3) mem 0x8001fb1d 0x53 mem 0x8001fb1e 0xb0 mem 0x8001fb1f 0x1 mem 0x8001fb20 0x80
core   0: 0x800036c0 (0xfef902a3) sb      a5, -27(s2)
core   0: 3 0x800036c0 (0xfef902a3) mem 0x8001fb1d 0x0
core   0: 0x800036c4 (0xfea922a3) sw      a0, -27(s2)
core   0: 3 0x800036c4 (0xfea922a3) mem 0x8001fb1d 0x7 mem 0x8001fb1e 0x6 mem 0x8001fb1f 0x0 mem 0x8001fb20 0x0
core   0: 0x800036c8 (0xfe594d03) lbu     s10, -27(s2)
core   0: 3 0x800036c8 (0xfe594d03) x26 0x00000007 mem 0x8001fb1d
core   0: 0x800036cc (0xfe592f03) lw      t5, -27(s2)
core   0: 3 0x800036cc (0xfe592f03) x30 0x00000607 mem 0x8001fb1d mem 0x8001fb1e mem 0x8001fb1f mem 0x8001fb20
core   0: 0x800036d0 (0xfe595603) lhu     a2, -27(s2)
core   0: 3 0x800036d0 (0xfe595603) x12 0x00000607 mem 0x8001fb1d mem 0x8001fb1e
core   0: 0x800036d4 (0xfe591c03) lh      s8, -27(s2)
core   0: 3 0x800036d4 (0xfe591c03) x24 0x00000607 mem 0x8001fb1d mem 0x8001fb1e
core   0: 0x800036d8 (0xffb902a3) sb      s11, -27(s2)
core   0: 3 0x800036d8 (0xffb902a3) mem 0x8001fb1d 0x19
core   0: 0x800036dc (0xf1b90d23) sb      s11, -230(s2)
core   0: 3 0x800036dc (0xf1b90d23) mem 0x8001fa52 0x19
core   0: 0x800036e0 (0x91271d37) lui     s10, 0x91271
core   0: 3 0x800036e0 (0x91271d37) x26 0x91271000
core   0: 0x800036e4 (0x00008c91) c.sub   s1, a2
core   0: 3 0x800036e4 (0x8c91) x9  0x00000404
core   0: 0x800036e6 (0xf1a91c03) lh      s8, -230(s2)
core   0: 3 0x800036e6 (0xf1a91c03) x24 0x00000819 mem 0x8001fa52
core   0: 0x800036ea (0xf1a90683) lb      a3, -230(s2)
core   0: 3 0x800036ea (0xf1a90683) x13 0x00000019 mem 0x8001fa52
core   0: 0x800036ee (0x038488b3) mul     a7, s1, s8
core   0: 3 0x800036ee (0x038488b3) x17 0x00208464
core   0: 0x800036f2 (0x03c91623) sh      t3, 44(s2)
core   0: 3 0x800036f2 (0x03c91623) mem 0x8001fb64 0x00f3
core   0: 0x800036f6 (0x00018a17) auipc   s4, 0x18
core   0: 3 0x800036f6 (0x00018a17) x20 0x8001b6f6
core   0: 0x800036fa (0xa87a0a13) addi    s4, s4, -1401
core   0: 3 0x800036fa (0xa87a0a13) x20 0x8001b17d
core   0: 0x800036fe (0x0efa4703) lbu     a4, 239(s4)
core   0: 3 0x800036fe (0x0efa4703) x14 0x00000027 mem 0x8001b26c
core   0: 0x80003702 (0x0001d897) auipc   a7, 0x1d
core   0: 3 0x80003702 (0x0001d897) x17 0x80020702
core   0: 0x80003706 (0x3c988893) addi    a7, a7, 969
core   0: 3 0x80003706 (0x3c988893) x17 0x80020acb
core   0: 0x8000370a (0x0e7a28a3) sw      t2, 241(s4)
core   0: 3 0x8000370a (0x0e7a28a3) mem 0x8001b26e 0xe0 mem 0x8001b26f 0x0 mem 0x8001b270 0x0 mem 0x8001b271 0x0
core   0: 0x8000370e (0xf20a4803) lbu     a6, -224(s4)
core   0: 3 0x8000370e (0xf20a4803) x16 0x00000056 mem 0x8001b09d
core   0: 0x80003712 (0x0ff89903) lh      s2, 255(a7)
core   0: 3 0x80003712 (0x0ff89903) x18 0xffff8081 mem 0x80020bca
core   0: 0x80003716 (0xf37a15a3) sh      s7, -213(s4)
core   0: 3 0x80003716 (0xf37a15a3) mem 0x8001b0a8 0x0e64
core   0: 0x8000371a (0x0a7a1c83) lh      s9, 167(s4)
core   0: 3 0x8000371a (0x0a7a1c83) x25 0xffffdedf mem 0x8001b224
core   0: 0x8000371e (0xf1da5f03) lhu     t5, -227(s4)
core   0: 3 0x8000371e (0xf1da5f03) x30 0x00005051 mem 0x8001b09a
core   0: 0x80003722 (0xfa489fa3) sh      tp, -65(a7)
core   0: 3 0x80003722 (0xfa489fa3) mem 0x80020a8a 0xc4c5
core   0: 0x80003726 (0x0fe88403) lb      s0, 254(a7)
core   0: 3 0x80003726 (0x0fe88403) x8  0xffffff82 mem 0x80020bc9
core   0: 0x8000372a (0x0bf8dd03) lhu     s10, 191(a7)
core   0: 3 0x8000372a (0x0bf8dd03) x26 0x00004041 mem 0x80020b8a
core   0: 0x8000372e (0x0ab8d203) lhu     tp, 171(a7)
core   0: 3 0x8000372e (0x0ab8d203) x4  0x00002c2d mem 0x80020b76
core   0: 0x80003732 (0x0c3a5983) lhu     s3, 195(s4)
core   0: 3 0x80003732 (0x0c3a5983) x19 0x0000fafb mem 0x8001b240
core   0: 0x80003736 (0x09988123) sb      s9, 130(a7)
core   0: 3 0x80003736 (0x09988123) mem 0x80020b4d 0xdf
core   0: 0x8000373a (0xf7da1ba3) sh      t4, -137(s4)
core   0: 3 0x8000373a (0xf7da1ba3) mem 0x8001b0f4 0x0506
core   0: 0x8000373e (0x009897a3) sh      s1, 15(a7)
core   0: 3 0x8000373e (0x009897a3) mem 0x80020ada 0x0404
core   0: 0x80003742 (0xf63a1e83) lh      t4, -157(s4)
core   0: 3 0x80003742 (0xf63a1e83) x29 0xffff9a9b mem 0x8001b0e0
core   0: 0x80003746 (0x06a8ac83) lw      s9, 106(a7)
core   0: 3 0x80003746 (0x06a8ac83) x25 0xf3ecedee mem 0x80020b35 mem 0x80020b36 mem 0x80020b37 mem 0x80020b38
core   0: 0x8000374a (0xf69e3593) sltiu   a1, t3, -151
core   0: 3 0x8000374a (0xf69e3593) x11 0x00000001
core   0: 0x8000374e (0x3406d3f3) csrrwi  t2, mscratch, 13
core   0: 3 0x8000374e (0x3406d3f3) x7  0x00000008 c832_mscratch 0x0000000d
core   0: 0x80003752 (0x008cf263) bgeu    s9, s0, pc + 4
core   0: 3 0x80003752 (0x008cf263)
core   0: 0x80003756 (0x0000100f) fence.i
core   0: 3 0x80003756 (0x0000100f)
core   0: 0x8000375a (0x00000576) c.slli  a0, 29
core   0: 3 0x8000375a (0x0576) x10 0xe0000000
core   0: 0x8000375c (0x00008065) c.srli  s0, 25
core   0: 3 0x8000375c (0x8065) x8  0x0000007f
core   0: 0x8000375e (0x020c96b3) mulh    a3, s9, zero
core   0: 3 0x8000375e (0x020c96b3) x13 0x00000000
core   0: 0x80003762 (0x00009342) c.add   t1, a6
core   0: 3 0x80003762 (0x9342) x6  0x0000012b
core   0: 0x80003764 (0x031251b3) divu    gp, tp, a7
core   0: 3 0x80003764 (0x031251b3) x3  0x00000000
core   0: 0x80003768 (0x03acaa33) mulhsu  s4, s9, s10
core   0: 3 0x80003768 (0x03acaa33) x20 0xfffffcf8
core   0: 0x8000376c (0x02703833) mulhu   a6, zero, t2
core   0: 3 0x8000376c (0x02703833) x16 0x00000000
core   0: 0x80003770 (0x408889b3) sub     s3, a7, s0
core   0: 3 0x80003770 (0x408889b3) x19 0x80020a4c
core   0: 0x80003774 (0x05845163) bge     s0, s8, pc + 66
core   0: 3 0x80003774 (0x05845163)
core   0: 0x80003778 (0x3406bff3) csrrc   t6, mscratch, a3
core   0: 3 0x80003778 (0x3406bff3) x31 0x0000000d c832_mscratch 0x0000000d
core   0: 0x8000377c (0x00b91ab3) sll     s5, s2, a1
core   0: 3 0x8000377c (0x00b91ab3) x21 0xffff0102
core   0: 0x80003780 (0x03006963) bltu    zero, a6, pc + 50
core   0: 3 0x80003780 (0x03006963)
core   0: 0x80003784 (0x03e739b3) mulhu   s3, a4, t5
core   0: 3 0x80003784 (0x03e739b3) x19 0x00000000
core   0: 0x80003788 (0x00000001) c.nop
core   0: 3 0x80003788 (0x0001)
core   0: 0x8000378a (0x00006f39) c.lui   t5, 0xe
core   0: 3 0x8000378a (0x6f39) x30 0x0000e000
core   0: 0x8000378c (0xb899ea13) ori     s4, s3, -1143
core   0: 3 0x8000378c (0xb899ea13) x20 0xfffffb89
core   0: 0x80003790 (0x02004163) bltz    zero, pc + 34
core   0: 3 0x80003790 (0x02004163)
core   0: 0x80003794 (0x03425a63) bge     tp, s4, pc + 52
core   0: 3 0x80003794 (0x03425a63)
core   0: 0x800037c8 (0x03fdce33) div     t3, s11, t6
core   0: 3 0x800037c8 (0x03fdce33) x28 0x0251293d
core   0: 0x800037cc (0x0088b3b3) sltu    t2, a7, s0
core   0: 3 0x800037cc (0x0088b3b3) x7  0x00000000
core   0: 0x800037d0 (0x00008d01) c.sub   a0, s0
core   0: 3 0x800037d0 (0x8d01) x10 0xdfffff81
core   0: 0x800037d2 (0x028ced63) bltu    s9, s0, pc + 58
core   0: 3 0x800037d2 (0x028ced63)
core   0: 0x800037d6 (0x00008e25) c.xor   a2, s1
core   0: 3 0x800037d6 (0x8e25) x12 0x00000203
core   0: 0x800037d8 (0x03b8ab33) mulhsu  s6, a7, s11
core   0: 3 0x800037d8 (0x03b8ab33) x22 0xf0f0b176
core   0: 0x800037dc (0x0000856e) c.mv    a0, s11
core   0: 3 0x800037dc (0x856e) x10 0x1e1f1819
core   0: 0x800037de (0x0000100f) fence.i
core   0: 3 0x800037de (0x0000100f)
core   0: 0x800037e2 (0x01c53833) sltu    a6, a0, t3
core   0: 3 0x800037e2 (0x01c53833) x16 0x00000000
core   0: 0x800037e6 (0x00a5df93) srli    t6, a1, 10
core   0: 3 0x800037e6 (0x00a5df93) x31 0x00000000
core   0: 0x800037ea (0xcea5fc93) andi    s9, a1, -790
core   0: 3 0x800037ea (0xcea5fc93) x25 0x00000000
core   0: 0x800037ee (0x0000e591) c.bnez  a1, pc + 12
core   0: 3 0x800037ee (0xe591)
core   0: 0x800037fa (0x01697533) and     a0, s2, s6
core   0: 3 0x800037fa (0x01697533) x10 0xf0f08000
core   0: 0x800037fe (0x029dbc33) mulhu   s8, s11, s1
core   0: 3 0x800037fe (0x029dbc33) x24 0x00000078
core   0: 0x80003802 (0x000088c1) c.andi  s1, 16
core   0: 3 0x80003802 (0x88c1) x9  0x00000000
core   0: 0x80003804 (0x00b54e63) blt     a0, a1, pc + 28
core   0: 3 0x80003804 (0x00b54e63)
core   0: 0x80003820 (0x0000717d) c.addi16sp sp, -16
core   0: 3 0x80003820 (0x717d) x2  0x8001b043
core   0: 0x80003822 (0x018995b3) sll     a1, s3, s8
core   0: 3 0x80003822 (0x018995b3) x11 0x00000000
core   0: 0x80003826 (0x02abc133) div     sp, s7, a0
core   0: 3 0x80003826 (0x02abc133) x2  0x00000008
core   0: 0x8000382a (0x01b82033) slt     zero, a6, s11
core   0: 3 0x8000382a (0x01b82033)
core   0: 0x8000382e (0x03495233) divu    tp, s2, s4
core   0: 3 0x8000382e (0x03495233) x4  0x00000000
core   0: 0x80003832 (0x00000fb1) c.addi  t6, 12
core   0: 3 0x80003832 (0x0fb1) x31 0x0000000c
core   0: 0x80003834 (0x0165d133) srl     sp, a1, s6
core   0: 3 0x80003834 (0x0165d133) x2  0x00000000
core   0: 0x80003838 (0x008669b3) or      s3, a2, s0
core   0: 3 0x80003838 (0x008669b3) x19 0x0000027f
core   0: 0x8000383c (0x020645b3) div     a1, a2, zero
core   0: 3 0x8000383c (0x020645b3) x11 0xffffffff
core   0: 0x80003840 (0x00000679) c.addi  a2, 30
core   0: 3 0x80003840 (0x0679) x12 0x00000221
core   0: 0x80003842 (0x24513593) sltiu   a1, sp, 581
core   0: 3 0x80003842 (0x24513593) x11 0x00000001
core   0: 0x80003846 (0x002c9b33) sll     s6, s9, sp
core   0: 3 0x80003846 (0x002c9b33) x22 0x00000000
core   0: 0x8000384a (0x02c60933) mul     s2, a2, a2
core   0: 3 0x8000384a (0x02c60933) x18 0x00048841
core   0: 0x8000384e (0x00001e00) c.addi4spn s0, sp, 816
core   0: 3 0x8000384e (0x1e00) x8  0x00000330
core   0: 0x80003850 (0x00005efd) c.li    t4, -1
core   0: 3 0x80003850 (0x5efd) x29 0xffffffff
core   0: 0x80003852 (0x01419b13) slli    s6, gp, 20
core   0: 3 0x80003852 (0x01419b13) x22 0x00000000
core   0: 0x80003856 (0x340023f3) csrr    t2, mscratch
core   0: 3 0x80003856 (0x340023f3) x7  0x0000000d
core   0: 0x8000385a (0x01a36433) or      s0, t1, s10
core   0: 3 0x8000385a (0x01a36433) x8  0x0000416b
core   0: 0x8000385e (0x41db81b3) sub     gp, s7, t4
core   0: 3 0x8000385e (0x41db81b3) x3  0x80030e65
core   0: 0x80003862 (0x07a74863) blt     a4, s10, pc + 112
core   0: 3 0x80003862 (0x07a74863)
core   0: 0x800038d2 (0x002e8963) beq     t4, sp, pc + 18
core   0: 3 0x800038d2 (0x002e8963)
core   0: 0x800038d6 (0x0f712013) slti    zero, sp, 247
core   0: 3 0x800038d6 (0x0f712013)
core   0: 0x800038da (0x00009552) c.add   a0, s4
core   0: 3 0x800038da (0x9552) x10 0xf0f07b89
core   0: 0x800038dc (0x00000001) c.nop
core   0: 3 0x800038dc (0x0001)
core   0: 0x800038de (0x01705363) bge     zero, s7, pc + 6
core   0: 3 0x800038de (0x01705363)
core   0: 0x800038e4 (0x03680fb3) mul     t6, a6, s6
core   0: 3 0x800038e4 (0x03680fb3) x31 0x00000000
core   0: 0x800038e8 (0xffffd797) auipc   a5, 0xffffd
core   0: 3 0x800038e8 (0xffffd797) x15 0x800008e8
core   0: 0x800038ec (0xa6c78793) addi    a5, a5, -1428
core   0: 3 0x800038ec (0xa6c78793) x15 0x80000354
core   0: 0x800038f0 (0x00078067) jr      a5
core   0: 3 0x800038f0 (0x00078067)
core   0: 0x80000354 (0x90000c37) lui     s8, 0x90000
core   0: 3 0x80000354 (0x90000c37) x24 0x90000000
core   0: 0x80000358 (0x00001c61) c.addi  s8, -8
core   0: 3 0x80000358 (0x1c61) x24 0x8ffffff8
core   0: 0x8000035a (0x00004f01) c.li    t5, 0
core   0: 3 0x8000035a (0x4f01) x30 0x00000000
core   0: 0x8000035c (0x00000f22) c.slli  t5, 8
core   0: 3 0x8000035c (0x0f22) x30 0x00000000
core   0: 0x8000035e (0x00000f05) c.addi  t5, 1
core   0: 3 0x8000035e (0x0f05) x30 0x00000001
core   0: 0x80000360 (0x01ec2023) sw      t5, 0(s8)
core   0: 3 0x80000360 (0x01ec2023) mem 0x8ffffff8 0x00000001
core   0: 0x80000364 (0x00000073) ecall
core   0: exception trap_machine_ecall, epc 0x80000364
core   0: 0x80002700 (0x0800006f) j       pc + 0x80
core   0: 3 0x80002700 (0x0800006f)
core   0: 0x80002780 (0x000012f1) c.addi  t0, -4
core   0: 3 0x80002780 (0x12f1) x5  0x80034ce0
core   0: 0x80002782 (0x0172a023) sw      s7, 0(t0)
core   0: 3 0x80002782 (0x0172a023) mem 0x80034ce0 0x80030e64
core   0: 0x80002786 (0x00028bb3) add     s7, t0, zero
core   0: 3 0x80002786 (0x00028bb3) x23 0x80034ce0
core   0: 0x8000278a (0xf80b8b93) addi    s7, s7, -128
core   0: 3 0x8000278a (0xf80b8b93) x23 0x80034c60
core   0: 0x8000278e (0x001ba223) sw      ra, 4(s7)
core   0: 3 0x8000278e (0x001ba223) mem 0x80034c64 0x00005252
core   0: 0x80002792 (0x002ba423) sw      sp, 8(s7)
core   0: 3 0x80002792 (0x002ba423) mem 0x80034c68 0x00000000
core   0: 0x80002796 (0x003ba623) sw      gp, 12(s7)
core   0: 3 0x80002796 (0x003ba623) mem 0x80034c6c 0x80030e65
core   0: 0x8000279a (0x004ba823) sw      tp, 16(s7)
core   0: 3 0x8000279a (0x004ba823) mem 0x80034c70 0x00000000
core   0: 0x8000279e (0x005baa23) sw      t0, 20(s7)
core   0: 3 0x8000279e (0x005baa23) mem 0x80034c74 0x80034ce0
core   0: 0x800027a2 (0x006bac23) sw      t1, 24(s7)
core   0: 3 0x800027a2 (0x006bac23) mem 0x80034c78 0x0000012b
core   0: 0x800027a6 (0x007bae23) sw      t2, 28(s7)
core   0: 3 0x800027a6 (0x007bae23) mem 0x80034c7c 0x0000000d
core   0: 0x800027aa (0x028ba023) sw      s0, 32(s7)
core   0: 3 0x800027aa (0x028ba023) mem 0x80034c80 0x0000416b
core   0: 0x800027ae (0x029ba223) sw      s1, 36(s7)
core   0: 3 0x800027ae (0x029ba223) mem 0x80034c84 0x00000000
core   0: 0x800027b2 (0x02aba423) sw      a0, 40(s7)
core   0: 3 0x800027b2 (0x02aba423) mem 0x80034c88 0xf0f07b89
core   0: 0x800027b6 (0x02bba623) sw      a1, 44(s7)
core   0: 3 0x800027b6 (0x02bba623) mem 0x80034c8c 0x00000001
core   0: 0x800027ba (0x02cba823) sw      a2, 48(s7)
core   0: 3 0x800027ba (0x02cba823) mem 0x80034c90 0x00000221
core   0: 0x800027be (0x02dbaa23) sw      a3, 52(s7)
core   0: 3 0x800027be (0x02dbaa23) mem 0x80034c94 0x00000000
core   0: 0x800027c2 (0x02ebac23) sw      a4, 56(s7)
core   0: 3 0x800027c2 (0x02ebac23) mem 0x80034c98 0x00000027
core   0: 0x800027c6 (0x02fbae23) sw      a5, 60(s7)
core   0: 3 0x800027c6 (0x02fbae23) mem 0x80034c9c 0x80000354
core   0: 0x800027ca (0x050ba023) sw      a6, 64(s7)
core   0: 3 0x800027ca (0x050ba023) mem 0x80034ca0 0x00000000
core   0: 0x800027ce (0x051ba223) sw      a7, 68(s7)
core   0: 3 0x800027ce (0x051ba223) mem 0x80034ca4 0x80020acb
core   0: 0x800027d2 (0x052ba423) sw      s2, 72(s7)
core   0: 3 0x800027d2 (0x052ba423) mem 0x80034ca8 0x00048841
core   0: 0x800027d6 (0x053ba623) sw      s3, 76(s7)
core   0: 3 0x800027d6 (0x053ba623) mem 0x80034cac 0x0000027f
core   0: 0x800027da (0x054ba823) sw      s4, 80(s7)
core   0: 3 0x800027da (0x054ba823) mem 0x80034cb0 0xfffffb89
core   0: 0x800027de (0x055baa23) sw      s5, 84(s7)
core   0: 3 0x800027de (0x055baa23) mem 0x80034cb4 0xffff0102
core   0: 0x800027e2 (0x056bac23) sw      s6, 88(s7)
core   0: 3 0x800027e2 (0x056bac23) mem 0x80034cb8 0x00000000
core   0: 0x800027e6 (0x057bae23) sw      s7, 92(s7)
core   0: 3 0x800027e6 (0x057bae23) mem 0x80034cbc 0x80034c60
core   0: 0x800027ea (0x078ba023) sw      s8, 96(s7)
core   0: 3 0x800027ea (0x078ba023) mem 0x80034cc0 0x8ffffff8
core   0: 0x800027ee (0x079ba223) sw      s9, 100(s7)
core   0: 3 0x800027ee (0x079ba223) mem 0x80034cc4 0x00000000
core   0: 0x800027f2 (0x07aba423) sw      s10, 104(s7)
core   0: 3 0x800027f2 (0x07aba423) mem 0x80034cc8 0x00004041
core   0: 0x800027f6 (0x07bba623) sw      s11, 108(s7)
core   0: 3 0x800027f6 (0x07bba623) mem 0x80034ccc 0x1e1f1819
core   0: 0x800027fa (0x07cba823) sw      t3, 112(s7)
core   0: 3 0x800027fa (0x07cba823) mem 0x80034cd0 0x0251293d
core   0: 0x800027fe (0x07dbaa23) sw      t4, 116(s7)
core   0: 3 0x800027fe (0x07dbaa23) mem 0x80034cd4 0xffffffff
core   0: 0x80002802 (0x07ebac23) sw      t5, 120(s7)
core   0: 3 0x80002802 (0x07ebac23) mem 0x80034cd8 0x00000001
core   0: 0x80002806 (0x07fbae23) sw      t6, 124(s7)
core   0: 3 0x80002806 (0x07fbae23) mem 0x80034cdc 0x00000000
core   0: 0x8000280a (0x000b82b3) add     t0, s7, zero
core   0: 3 0x8000280a (0x000b82b3) x5  0x80034c60
core   0: 0x8000280e (0x90000c37) lui     s8, 0x90000
core   0: 3 0x8000280e (0x90000c37) x24 0x90000000
core   0: 0x80002812 (0x00001c71) c.addi  s8, -4
core   0: 3 0x80002812 (0x1c71) x24 0x8ffffffc
core   0: 0x80002814 (0x00004f21) c.li    t5, 8
core   0: 3 0x80002814 (0x4f21) x30 0x00000008
core   0: 0x80002816 (0x00000f22) c.slli  t5, 8
core   0: 3 0x80002816 (0x0f22) x30 0x00000800
core   0: 0x80002818 (0x000f0f13) mv      t5, t5
core   0: 3 0x80002818 (0x000f0f13) x30 0x00000800
core   0: 0x8000281c (0x01ec2023) sw      t5, 0(s8)
core   0: 3 0x8000281c (0x01ec2023) mem 0x8ffffffc 0x00000800
core   0: 0x80002820 (0x34102f73) csrr    t5, mepc
core   0: 3 0x80002820 (0x34102f73) x30 0x80000364
core   0: 0x80002824 (0x34202f73) csrr    t5, mcause
core   0: 3 0x80002824 (0x34202f73) x30 0x0000000b
core   0: 0x80002828 (0x00004c0d) c.li    s8, 3
core   0: 3 0x80002828 (0x4c0d) x24 0x00000003
core   0: 0x8000282a (0x018f1463) bne     t5, s8, pc + 8
core   0: 3 0x8000282a (0x018f1463)
core   0: 0x80002832 (0x00004c21) c.li    s8, 8
core   0: 3 0x80002832 (0x4c21) x24 0x00000008
core   0: 0x80002834 (0x058f0d63) beq     t5, s8, pc + 90
core   0: 3 0x80002834 (0x058f0d63)
core   0: 0x80002838 (0x00004c25) c.li    s8, 9
core   0: 3 0x80002838 (0x4c25) x24 0x00000009
core   0: 0x8000283a (0x058f0a63) beq     t5, s8, pc + 84
core   0: 3 0x8000283a (0x058f0a63)
core   0: 0x8000283e (0x00004c2d) c.li    s8, 11
core   0: 3 0x8000283e (0x4c2d) x24 0x0000000b
core   0: 0x80002840 (0x058f0763) beq     t5, s8, pc + 78
core   0: 3 0x80002840 (0x058f0763)
core   0: 0x8000288e (0x90000c37) lui     s8, 0x90000
core   0: 3 0x8000288e (0x90000c37) x24 0x90000000
core   0: 0x80002892 (0x00001c71) c.addi  s8, -4
core   0: 3 0x80002892 (0x1c71) x24 0x8ffffffc
core   0: 0x80002894 (0x00006f05) c.lui   t5, 0x1
core   0: 3 0x80002894 (0x6f05) x30 0x00001000
core   0: 0x80002896 (0xb00f0f13) addi    t5, t5, -1280
core   0: 3 0x80002896 (0xb00f0f13) x30 0x00000b00
core   0: 0x8000289a (0x00000f22) c.slli  t5, 8
core   0: 3 0x8000289a (0x0f22) x30 0x000b0000
core   0: 0x8000289c (0x00000f0d) c.addi  t5, 3
core   0: 3 0x8000289c (0x0f0d) x30 0x000b0003
core   0: 0x8000289e (0x01ec2023) sw      t5, 0(s8)
core   0: 3 0x8000289e (0x01ec2023) mem 0x8ffffffc 0x000b0003
core   0: 0x800028a2 (0xb0002f73) csrr    t5, mcycle
core   0: 3 0x800028a2 (0xb0002f73) x30 0x00001617
core   0: 0x800028a6 (0x01ec2023) sw      t5, 0(s8)
core   0: 3 0x800028a6 (0x01ec2023) mem 0x8ffffffc 0x00001617
core   0: 0x800028aa (0x90000c37) lui     s8, 0x90000
core   0: 3 0x800028aa (0x90000c37) x24 0x90000000
core   0: 0x800028ae (0x00001c71) c.addi  s8, -4
core   0: 3 0x800028ae (0x1c71) x24 0x8ffffffc
core   0: 0x800028b0 (0x00006f05) c.lui   t5, 0x1
core   0: 3 0x800028b0 (0x6f05) x30 0x00001000
core   0: 0x800028b2 (0xb80f0f13) addi    t5, t5, -1152
core   0: 3 0x800028b2 (0xb80f0f13) x30 0x00000b80
core   0: 0x800028b6 (0x00000f22) c.slli  t5, 8
core   0: 3 0x800028b6 (0x0f22) x30 0x000b8000
core   0: 0x800028b8 (0x00000f0d) c.addi  t5, 3
core   0: 3 0x800028b8 (0x0f0d) x30 0x000b8003
core   0: 0x800028ba (0x01ec2023) sw      t5, 0(s8)
core   0: 3 0x800028ba (0x01ec2023) mem 0x8ffffffc 0x000b8003
core   0: 0x800028be (0xb8002f73) csrr    t5, mcycleh
core   0: 3 0x800028be (0xb8002f73) x30 0x00000000
core   0: 0x800028c2 (0x01ec2023) sw      t5, 0(s8)
core   0: 3 0x800028c2 (0x01ec2023) mem 0x8ffffffc 0x00000000
core   0: 0x800028c6 (0x90000c37) lui     s8, 0x90000
core   0: 3 0x800028c6 (0x90000c37) x24 0x90000000
core   0: 0x800028ca (0x00001c71) c.addi  s8, -4
core   0: 3 0x800028ca (0x1c71) x24 0x8ffffffc
core   0: 0x800028cc (0x00006f05) c.lui   t5, 0x1
core   0: 3 0x800028cc (0x6f05) x30 0x00001000
core   0: 0x800028ce (0xb03f0f13) addi    t5, t5, -1277
core   0: 3 0x800028ce (0xb03f0f13) x30 0x00000b03
core   0: 0x800028d2 (0x00000f22) c.slli  t5, 8
core   0: 3 0x800028d2 (0x0f22) x30 0x000b0300
core   0: 0x800028d4 (0x00000f0d) c.addi  t5, 3
core   0: 3 0x800028d4 (0x0f0d) x30 0x000b0303
core   0: 0x800028d6 (0x01ec2023) sw      t5, 0(s8)
core   0: 3 0x800028d6 (0x01ec2023) mem 0x8ffffffc 0x000b0303
core   0: 0x800028da (0xb0302f73) csrr    t5, mhpmcounter3
core   0: 3 0x800028da (0xb0302f73) x30 0x00000297
core   0: 0x800028de (0x01ec2023) sw      t5, 0(s8)
core   0: 3 0x800028de (0x01ec2023) mem 0x8ffffffc 0x00000297
core   0: 0x800028e2 (0x90000c37) lui     s8, 0x90000
core   0: 3 0x800028e2 (0x90000c37) x24 0x90000000
core   0: 0x800028e6 (0x00001c71) c.addi  s8, -4
core   0: 3 0x800028e6 (0x1c71) x24 0x8ffffffc
core   0: 0x800028e8 (0x00006f05) c.lui   t5, 0x1
core   0: 3 0x800028e8 (0x6f05) x30 0x00001000
core   0: 0x800028ea (0xb83f0f13) addi    t5, t5, -1149
core   0: 3 0x800028ea (0xb83f0f13) x30 0x00000b83
core   0: 0x800028ee (0x00000f22) c.slli  t5, 8
core   0: 3 0x800028ee (0x0f22) x30 0x000b8300
core   0: 0x800028f0 (0x00000f0d) c.addi  t5, 3
core   0: 3 0x800028f0 (0x0f0d) x30 0x000b8303
core   0: 0x800028f2 (0x01ec2023) sw      t5, 0(s8)
core   0: 3 0x800028f2 (0x01ec2023) mem 0x8ffffffc 0x000b8303
core   0: 0x800028f6 (0xb8302f73) csrr    t5, mhpmcounter3h
core   0: 3 0x800028f6 (0xb8302f73) x30 0x00000000
core   0: 0x800028fa (0x01ec2023) sw      t5, 0(s8)
core   0: 3 0x800028fa (0x01ec2023) mem 0x8ffffffc 0x00000000
core   0: 0x800028fe (0x90000c37) lui     s8, 0x90000
core   0: 3 0x800028fe (0x90000c37) x24 0x90000000
core   0: 0x80002902 (0x00001c71) c.addi  s8, -4
core   0: 3 0x80002902 (0x1c71) x24 0x8ffffffc
core   0: 0x80002904 (0x00006f05) c.lui   t5, 0x1
core   0: 3 0x80002904 (0x6f05) x30 0x00001000
core   0: 0x80002906 (0xb04f0f13) addi    t5, t5, -1276
core   0: 3 0x80002906 (0xb04f0f13) x30 0x00000b04
core   0: 0x8000290a (0x00000f22) c.slli  t5, 8
core   0: 3 0x8000290a (0x0f22) x30 0x000b0400
core   0: 0x8000290c (0x00000f0d) c.addi  t5, 3
core   0: 3 0x8000290c (0x0f0d) x30 0x000b0403
core   0: 0x8000290e (0x01ec2023) sw      t5, 0(s8)
core   0: 3 0x8000290e (0x01ec2023) mem 0x8ffffffc 0x000b0403
core   0: 0x80002912 (0xb0402f73) csrr    t5, mhpmcounter4
core   0: 3 0x80002912 (0xb0402f73) x30 0x000007e1
core   0: 0x80002916 (0x01ec2023) sw      t5, 0(s8)
core   0: 3 0x80002916 (0x01ec2023) mem 0x8ffffffc 0x000007e1
core   0: 0x8000291a (0x90000c37) lui     s8, 0x90000
core   0: 3 0x8000291a (0x90000c37) x24 0x90000000
core   0: 0x8000291e (0x00001c71) c.addi  s8, -4
core   0: 3 0x8000291e (0x1c71) x24 0x8ffffffc
core   0: 0x80002920 (0x00006f05) c.lui   t5, 0x1
core   0: 3 0x80002920 (0x6f05) x30 0x00001000
core   0: 0x80002922 (0xb84f0f13) addi    t5, t5, -1148
core   0: 3 0x80002922 (0xb84f0f13) x30 0x00000b84
core   0: 0x80002926 (0x00000f22) c.slli  t5, 8
core   0: 3 0x80002926 (0x0f22) x30 0x000b8400
core   0: 0x80002928 (0x00000f0d) c.addi  t5, 3
core   0: 3 0x80002928 (0x0f0d) x30 0x000b8403
core   0: 0x8000292a (0x01ec2023) sw      t5, 0(s8)
core   0: 3 0x8000292a (0x01ec2023) mem 0x8ffffffc 0x000b8403
core   0: 0x8000292e (0xb8402f73) csrr    t5, mhpmcounter4h
core   0: 3 0x8000292e (0xb8402f73) x30 0x00000000
core   0: 0x80002932 (0x01ec2023) sw      t5, 0(s8)
core   0: 3 0x80002932 (0x01ec2023) mem 0x8ffffffc 0x00000000
core   0: 0x80002936 (0x90000c37) lui     s8, 0x90000
core   0: 3 0x80002936 (0x90000c37) x24 0x90000000
core   0: 0x8000293a (0x00001c71) c.addi  s8, -4
core   0: 3 0x8000293a (0x1c71) x24 0x8ffffffc
core   0: 0x8000293c (0x00006f05) c.lui   t5, 0x1
core   0: 3 0x8000293c (0x6f05) x30 0x00001000
core   0: 0x8000293e (0xb05f0f13) addi    t5, t5, -1275
core   0: 3 0x8000293e (0xb05f0f13) x30 0x00000b05
core   0: 0x80002942 (0x00000f22) c.slli  t5, 8
core   0: 3 0x80002942 (0x0f22) x30 0x000b0500
core   0: 0x80002944 (0x00000f0d) c.addi  t5, 3
core   0: 3 0x80002944 (0x0f0d) x30 0x000b0503
core   0: 0x80002946 (0x01ec2023) sw      t5, 0(s8)
core   0: 3 0x80002946 (0x01ec2023) mem 0x8ffffffc 0x000b0503
core   0: 0x8000294a (0xb0502f73) csrr    t5, mhpmcounter5
core   0: 3 0x8000294a (0xb0502f73) x30 0x00000048
core   0: 0x8000294e (0x01ec2023) sw      t5, 0(s8)
core   0: 3 0x8000294e (0x01ec2023) mem 0x8ffffffc 0x00000048
core   0: 0x80002952 (0x90000c37) lui     s8, 0x90000
core   0: 3 0x80002952 (0x90000c37) x24 0x90000000
core   0: 0x80002956 (0x00001c71) c.addi  s8, -4
core   0: 3 0x80002956 (0x1c71) x24 0x8ffffffc
core   0: 0x80002958 (0x00006f05) c.lui   t5, 0x1
core   0: 3 0x80002958 (0x6f05) x30 0x00001000
core   0: 0x8000295a (0xb85f0f13) addi    t5, t5, -1147
core   0: 3 0x8000295a (0xb85f0f13) x30 0x00000b85
core   0: 0x8000295e (0x00000f22) c.slli  t5, 8
core   0: 3 0x8000295e (0x0f22) x30 0x000b8500
core   0: 0x80002960 (0x00000f0d) c.addi  t5, 3
core   0: 3 0x80002960 (0x0f0d) x30 0x000b8503
core   0: 0x80002962 (0x01ec2023) sw      t5, 0(s8)
core   0: 3 0x80002962 (0x01ec2023) mem 0x8ffffffc 0x000b8503
core   0: 0x80002966 (0xb8502f73) csrr    t5, mhpmcounter5h
core   0: 3 0x80002966 (0xb8502f73) x30 0x00000000
core   0: 0x8000296a (0x01ec2023) sw      t5, 0(s8)
core   0: 3 0x8000296a (0x01ec2023) mem 0x8ffffffc 0x00000000
core   0: 0x8000296e (0x90000c37) lui     s8, 0x90000
core   0: 3 0x8000296e (0x90000c37) x24 0x90000000
core   0: 0x80002972 (0x00001c71) c.addi  s8, -4
core   0: 3 0x80002972 (0x1c71) x24 0x8ffffffc
core   0: 0x80002974 (0x00006f05) c.lui   t5, 0x1
core   0: 3 0x80002974 (0x6f05) x30 0x00001000
core   0: 0x80002976 (0xb06f0f13) addi    t5, t5, -1274
core   0: 3 0x80002976 (0xb06f0f13) x30 0x00000b06
core   0: 0x8000297a (0x00000f22) c.slli  t5, 8
core   0: 3 0x8000297a (0x0f22) x30 0x000b0600
core   0: 0x8000297c (0x00000f0d) c.addi  t5, 3
core   0: 3 0x8000297c (0x0f0d) x30 0x000b0603
core   0: 0x8000297e (0x01ec2023) sw      t5, 0(s8)
core   0: 3 0x8000297e (0x01ec2023) mem 0x8ffffffc 0x000b0603
core   0: 0x80002982 (0xb0602f73) csrr    t5, mhpmcounter6
core   0: 3 0x80002982 (0xb0602f73) x30 0x00000060
core   0: 0x80002986 (0x01ec2023) sw      t5, 0(s8)
core   0: 3 0x80002986 (0x01ec2023) mem 0x8ffffffc 0x00000060
core   0: 0x8000298a (0x90000c37) lui     s8, 0x90000
core   0: 3 0x8000298a (0x90000c37) x24 0x90000000
core   0: 0x8000298e (0x00001c71) c.addi  s8, -4
core   0: 3 0x8000298e (0x1c71) x24 0x8ffffffc
core   0: 0x80002990 (0x00006f05) c.lui   t5, 0x1
core   0: 3 0x80002990 (0x6f05) x30 0x00001000
core   0: 0x80002992 (0xb86f0f13) addi    t5, t5, -1146
core   0: 3 0x80002992 (0xb86f0f13) x30 0x00000b86
core   0: 0x80002996 (0x00000f22) c.slli  t5, 8
core   0: 3 0x80002996 (0x0f22) x30 0x000b8600
core   0: 0x80002998 (0x00000f0d) c.addi  t5, 3
core   0: 3 0x80002998 (0x0f0d) x30 0x000b8603
core   0: 0x8000299a (0x01ec2023) sw      t5, 0(s8)
core   0: 3 0x8000299a (0x01ec2023) mem 0x8ffffffc 0x000b8603
core   0: 0x8000299e (0xb8602f73) csrr    t5, mhpmcounter6h
core   0: 3 0x8000299e (0xb8602f73) x30 0x00000000
core   0: 0x800029a2 (0x01ec2023) sw      t5, 0(s8)
core   0: 3 0x800029a2 (0x01ec2023) mem 0x8ffffffc 0x00000000
core   0: 0x800029a6 (0x90000c37) lui     s8, 0x90000
core   0: 3 0x800029a6 (0x90000c37) x24 0x90000000
core   0: 0x800029aa (0x00001c71) c.addi  s8, -4
core   0: 3 0x800029aa (0x1c71) x24 0x8ffffffc
core   0: 0x800029ac (0x00006f05) c.lui   t5, 0x1
core   0: 3 0x800029ac (0x6f05) x30 0x00001000
core   0: 0x800029ae (0xb07f0f13) addi    t5, t5, -1273
core   0: 3 0x800029ae (0xb07f0f13) x30 0x00000b07
core   0: 0x800029b2 (0x00000f22) c.slli  t5, 8
core   0: 3 0x800029b2 (0x0f22) x30 0x000b0700
core   0: 0x800029b4 (0x00000f0d) c.addi  t5, 3
core   0: 3 0x800029b4 (0x0f0d) x30 0x000b0703
core   0: 0x800029b6 (0x01ec2023) sw      t5, 0(s8)
core   0: 3 0x800029b6 (0x01ec2023) mem 0x8ffffffc 0x000b0703
core   0: 0x800029ba (0xb0702f73) csrr    t5, mhpmcounter7
core   0: 3 0x800029ba (0xb0702f73) x30 0x00000008
core   0: 0x800029be (0x01ec2023) sw      t5, 0(s8)
core   0: 3 0x800029be (0x01ec2023) mem 0x8ffffffc 0x00000008
core   0: 0x800029c2 (0x90000c37) lui     s8, 0x90000
core   0: 3 0x800029c2 (0x90000c37) x24 0x90000000
core   0: 0x800029c6 (0x00001c71) c.addi  s8, -4
core   0: 3 0x800029c6 (0x1c71) x24 0x8ffffffc
core   0: 0x800029c8 (0x00006f05) c.lui   t5, 0x1
core   0: 3 0x800029c8 (0x6f05) x30 0x00001000
core   0: 0x800029ca (0xb87f0f13) addi    t5, t5, -1145
core   0: 3 0x800029ca (0xb87f0f13) x30 0x00000b87
core   0: 0x800029ce (0x00000f22) c.slli  t5, 8
core   0: 3 0x800029ce (0x0f22) x30 0x000b8700
core   0: 0x800029d0 (0x00000f0d) c.addi  t5, 3
core   0: 3 0x800029d0 (0x0f0d) x30 0x000b8703
core   0: 0x800029d2 (0x01ec2023) sw      t5, 0(s8)
core   0: 3 0x800029d2 (0x01ec2023) mem 0x8ffffffc 0x000b8703
core   0: 0x800029d6 (0xb8702f73) csrr    t5, mhpmcounter7h
core   0: 3 0x800029d6 (0xb8702f73) x30 0x00000000
core   0: 0x800029da (0x01ec2023) sw      t5, 0(s8)
core   0: 3 0x800029da (0x01ec2023) mem 0x8ffffffc 0x00000000
core   0: 0x800029de (0x90000c37) lui     s8, 0x90000
core   0: 3 0x800029de (0x90000c37) x24 0x90000000
core   0: 0x800029e2 (0x00001c71) c.addi  s8, -4
core   0: 3 0x800029e2 (0x1c71) x24 0x8ffffffc
core   0: 0x800029e4 (0x00006f05) c.lui   t5, 0x1
core   0: 3 0x800029e4 (0x6f05) x30 0x00001000
core   0: 0x800029e6 (0xb08f0f13) addi    t5, t5, -1272
core   0: 3 0x800029e6 (0xb08f0f13) x30 0x00000b08
core   0: 0x800029ea (0x00000f22) c.slli  t5, 8
core   0: 3 0x800029ea (0x0f22) x30 0x000b0800
core   0: 0x800029ec (0x00000f0d) c.addi  t5, 3
core   0: 3 0x800029ec (0x0f0d) x30 0x000b0803
core   0: 0x800029ee (0x01ec2023) sw      t5, 0(s8)
core   0: 3 0x800029ee (0x01ec2023) mem 0x8ffffffc 0x000b0803
core   0: 0x800029f2 (0xb0802f73) csrr    t5, mhpmcounter8
core   0: 3 0x800029f2 (0xb0802f73) x30 0x0000000f
core   0: 0x800029f6 (0x01ec2023) sw      t5, 0(s8)
core   0: 3 0x800029f6 (0x01ec2023) mem 0x8ffffffc 0x0000000f
core   0: 0x800029fa (0x90000c37) lui     s8, 0x90000
core   0: 3 0x800029fa (0x90000c37) x24 0x90000000
core   0: 0x800029fe (0x00001c71) c.addi  s8, -4
core   0: 3 0x800029fe (0x1c71) x24 0x8ffffffc
core   0: 0x80002a00 (0x00006f05) c.lui   t5, 0x1
core   0: 3 0x80002a00 (0x6f05) x30 0x00001000
core   0: 0x80002a02 (0xb88f0f13) addi    t5, t5, -1144
core   0: 3 0x80002a02 (0xb88f0f13) x30 0x00000b88
core   0: 0x80002a06 (0x00000f22) c.slli  t5, 8
core   0: 3 0x80002a06 (0x0f22) x30 0x000b8800
core   0: 0x80002a08 (0x00000f0d) c.addi  t5, 3
core   0: 3 0x80002a08 (0x0f0d) x30 0x000b8803
core   0: 0x80002a0a (0x01ec2023) sw      t5, 0(s8)
core   0: 3 0x80002a0a (0x01ec2023) mem 0x8ffffffc 0x000b8803
core   0: 0x80002a0e (0xb8802f73) csrr    t5, mhpmcounter8h
core   0: 3 0x80002a0e (0xb8802f73) x30 0x00000000
core   0: 0x80002a12 (0x01ec2023) sw      t5, 0(s8)
core   0: 3 0x80002a12 (0x01ec2023) mem 0x8ffffffc 0x00000000
core   0: 0x80002a16 (0x90000c37) lui     s8, 0x90000
core   0: 3 0x80002a16 (0x90000c37) x24 0x90000000
core   0: 0x80002a1a (0x00001c71) c.addi  s8, -4
core   0: 3 0x80002a1a (0x1c71) x24 0x8ffffffc
core   0: 0x80002a1c (0x00006f05) c.lui   t5, 0x1
core   0: 3 0x80002a1c (0x6f05) x30 0x00001000
core   0: 0x80002a1e (0xb09f0f13) addi    t5, t5, -1271
core   0: 3 0x80002a1e (0xb09f0f13) x30 0x00000b09
core   0: 0x80002a22 (0x00000f22) c.slli  t5, 8
core   0: 3 0x80002a22 (0x0f22) x30 0x000b0900
core   0: 0x80002a24 (0x00000f0d) c.addi  t5, 3
core   0: 3 0x80002a24 (0x0f0d) x30 0x000b0903
core   0: 0x80002a26 (0x01ec2023) sw      t5, 0(s8)
core   0: 3 0x80002a26 (0x01ec2023) mem 0x8ffffffc 0x000b0903
core   0: 0x80002a2a (0xb0902f73) csrr    t5, mhpmcounter9
core   0: 3 0x80002a2a (0xb0902f73) x30 0x00000007
core   0: 0x80002a2e (0x01ec2023) sw      t5, 0(s8)
core   0: 3 0x80002a2e (0x01ec2023) mem 0x8ffffffc 0x00000007
core   0: 0x80002a32 (0x90000c37) lui     s8, 0x90000
core   0: 3 0x80002a32 (0x90000c37) x24 0x90000000
core   0: 0x80002a36 (0x00001c71) c.addi  s8, -4
core   0: 3 0x80002a36 (0x1c71) x24 0x8ffffffc
core   0: 0x80002a38 (0x00006f05) c.lui   t5, 0x1
core   0: 3 0x80002a38 (0x6f05) x30 0x00001000
core   0: 0x80002a3a (0xb89f0f13) addi    t5, t5, -1143
core   0: 3 0x80002a3a (0xb89f0f13) x30 0x00000b89
core   0: 0x80002a3e (0x00000f22) c.slli  t5, 8
core   0: 3 0x80002a3e (0x0f22) x30 0x000b8900
core   0: 0x80002a40 (0x00000f0d) c.addi  t5, 3
core   0: 3 0x80002a40 (0x0f0d) x30 0x000b8903
core   0: 0x80002a42 (0x01ec2023) sw      t5, 0(s8)
core   0: 3 0x80002a42 (0x01ec2023) mem 0x8ffffffc 0x000b8903
core   0: 0x80002a46 (0xb8902f73) csrr    t5, mhpmcounter9h
core   0: 3 0x80002a46 (0xb8902f73) x30 0x00000000
core   0: 0x80002a4a (0x01ec2023) sw      t5, 0(s8)
core   0: 3 0x80002a4a (0x01ec2023) mem 0x8ffffffc 0x00000000
core   0: 0x80002a4e (0x90000c37) lui     s8, 0x90000
core   0: 3 0x80002a4e (0x90000c37) x24 0x90000000
core   0: 0x80002a52 (0x00001c71) c.addi  s8, -4
core   0: 3 0x80002a52 (0x1c71) x24 0x8ffffffc
core   0: 0x80002a54 (0x00006f05) c.lui   t5, 0x1
core   0: 3 0x80002a54 (0x6f05) x30 0x00001000
core   0: 0x80002a56 (0xb0af0f13) addi    t5, t5, -1270
core   0: 3 0x80002a56 (0xb0af0f13) x30 0x00000b0a
core   0: 0x80002a5a (0x00000f22) c.slli  t5, 8
core   0: 3 0x80002a5a (0x0f22) x30 0x000b0a00
core   0: 0x80002a5c (0x00000f0d) c.addi  t5, 3
core   0: 3 0x80002a5c (0x0f0d) x30 0x000b0a03
core   0: 0x80002a5e (0x01ec2023) sw      t5, 0(s8)
core   0: 3 0x80002a5e (0x01ec2023) mem 0x8ffffffc 0x000b0a03
core   0: 0x80002a62 (0xb0a02f73) csrr    t5, mhpmcounter10
core   0: 3 0x80002a62 (0xb0a02f73) x30 0x000000a2
core   0: 0x80002a66 (0x01ec2023) sw      t5, 0(s8)
core   0: 3 0x80002a66 (0x01ec2023) mem 0x8ffffffc 0x000000a2
core   0: 0x80002a6a (0x90000c37) lui     s8, 0x90000
core   0: 3 0x80002a6a (0x90000c37) x24 0x90000000
core   0: 0x80002a6e (0x00001c71) c.addi  s8, -4
core   0: 3 0x80002a6e (0x1c71) x24 0x8ffffffc
core   0: 0x80002a70 (0x00006f05) c.lui   t5, 0x1
core   0: 3 0x80002a70 (0x6f05) x30 0x00001000
core   0: 0x80002a72 (0xb8af0f13) addi    t5, t5, -1142
core   0: 3 0x80002a72 (0xb8af0f13) x30 0x00000b8a
core   0: 0x80002a76 (0x00000f22) c.slli  t5, 8
core   0: 3 0x80002a76 (0x0f22) x30 0x000b8a00
core   0: 0x80002a78 (0x00000f0d) c.addi  t5, 3
core   0: 3 0x80002a78 (0x0f0d) x30 0x000b8a03
core   0: 0x80002a7a (0x01ec2023) sw      t5, 0(s8)
core   0: 3 0x80002a7a (0x01ec2023) mem 0x8ffffffc 0x000b8a03
core   0: 0x80002a7e (0xb8a02f73) csrr    t5, mhpmcounter10h
core   0: 3 0x80002a7e (0xb8a02f73) x30 0x00000000
core   0: 0x80002a82 (0x01ec2023) sw      t5, 0(s8)
core   0: 3 0x80002a82 (0x01ec2023) mem 0x8ffffffc 0x00000000
core   0: 0x80002a86 (0x90000c37) lui     s8, 0x90000
core   0: 3 0x80002a86 (0x90000c37) x24 0x90000000
core   0: 0x80002a8a (0x00001c71) c.addi  s8, -4
core   0: 3 0x80002a8a (0x1c71) x24 0x8ffffffc
core   0: 0x80002a8c (0x00006f05) c.lui   t5, 0x1
core   0: 3 0x80002a8c (0x6f05) x30 0x00001000
core   0: 0x80002a8e (0xb0bf0f13) addi    t5, t5, -1269
core   0: 3 0x80002a8e (0xb0bf0f13) x30 0x00000b0b
core   0: 0x80002a92 (0x00000f22) c.slli  t5, 8
core   0: 3 0x80002a92 (0x0f22) x30 0x000b0b00
core   0: 0x80002a94 (0x00000f0d) c.addi  t5, 3
core   0: 3 0x80002a94 (0x0f0d) x30 0x000b0b03
core   0: 0x80002a96 (0x01ec2023) sw      t5, 0(s8)
core   0: 3 0x80002a96 (0x01ec2023) mem 0x8ffffffc 0x000b0b03
core   0: 0x80002a9a (0xb0b02f73) csrr    t5, mhpmcounter11
core   0: 3 0x80002a9a (0xb0b02f73) x30 0x0000001d
core   0: 0x80002a9e (0x01ec2023) sw      t5, 0(s8)
core   0: 3 0x80002a9e (0x01ec2023) mem 0x8ffffffc 0x0000001d
core   0: 0x80002aa2 (0x90000c37) lui     s8, 0x90000
core   0: 3 0x80002aa2 (0x90000c37) x24 0x90000000
core   0: 0x80002aa6 (0x00001c71) c.addi  s8, -4
core   0: 3 0x80002aa6 (0x1c71) x24 0x8ffffffc
core   0: 0x80002aa8 (0x00006f05) c.lui   t5, 0x1
core   0: 3 0x80002aa8 (0x6f05) x30 0x00001000
core   0: 0x80002aaa (0xb8bf0f13) addi    t5, t5, -1141
core   0: 3 0x80002aaa (0xb8bf0f13) x30 0x00000b8b
core   0: 0x80002aae (0x00000f22) c.slli  t5, 8
core   0: 3 0x80002aae (0x0f22) x30 0x000b8b00
core   0: 0x80002ab0 (0x00000f0d) c.addi  t5, 3
core   0: 3 0x80002ab0 (0x0f0d) x30 0x000b8b03
core   0: 0x80002ab2 (0x01ec2023) sw      t5, 0(s8)
core   0: 3 0x80002ab2 (0x01ec2023) mem 0x8ffffffc 0x000b8b03
core   0: 0x80002ab6 (0xb8b02f73) csrr    t5, mhpmcounter11h
core   0: 3 0x80002ab6 (0xb8b02f73) x30 0x00000000
core   0: 0x80002aba (0x01ec2023) sw      t5, 0(s8)
core   0: 3 0x80002aba (0x01ec2023) mem 0x8ffffffc 0x00000000
core   0: 0x80002abe (0x90000c37) lui     s8, 0x90000
core   0: 3 0x80002abe (0x90000c37) x24 0x90000000
core   0: 0x80002ac2 (0x00001c71) c.addi  s8, -4
core   0: 3 0x80002ac2 (0x1c71) x24 0x8ffffffc
core   0: 0x80002ac4 (0x00006f05) c.lui   t5, 0x1
core   0: 3 0x80002ac4 (0x6f05) x30 0x00001000
core   0: 0x80002ac6 (0xb0cf0f13) addi    t5, t5, -1268
core   0: 3 0x80002ac6 (0xb0cf0f13) x30 0x00000b0c
core   0: 0x80002aca (0x00000f22) c.slli  t5, 8
core   0: 3 0x80002aca (0x0f22) x30 0x000b0c00
core   0: 0x80002acc (0x00000f0d) c.addi  t5, 3
core   0: 3 0x80002acc (0x0f0d) x30 0x000b0c03
core   0: 0x80002ace (0x01ec2023) sw      t5, 0(s8)
core   0: 3 0x80002ace (0x01ec2023) mem 0x8ffffffc 0x000b0c03
core   0: 0x80002ad2 (0xb0c02f73) csrr    t5, mhpmcounter12
core   0: 3 0x80002ad2 (0xb0c02f73) x30 0x00000106
core   0: 0x80002ad6 (0x01ec2023) sw      t5, 0(s8)
core   0: 3 0x80002ad6 (0x01ec2023) mem 0x8ffffffc 0x00000106
core   0: 0x80002ada (0x90000c37) lui     s8, 0x90000
core   0: 3 0x80002ada (0x90000c37) x24 0x90000000
core   0: 0x80002ade (0x00001c71) c.addi  s8, -4
core   0: 3 0x80002ade (0x1c71) x24 0x8ffffffc
core   0: 0x80002ae0 (0x00006f05) c.lui   t5, 0x1
core   0: 3 0x80002ae0 (0x6f05) x30 0x00001000
core   0: 0x80002ae2 (0xb8cf0f13) addi    t5, t5, -1140
core   0: 3 0x80002ae2 (0xb8cf0f13) x30 0x00000b8c
core   0: 0x80002ae6 (0x00000f22) c.slli  t5, 8
core   0: 3 0x80002ae6 (0x0f22) x30 0x000b8c00
core   0: 0x80002ae8 (0x00000f0d) c.addi  t5, 3
core   0: 3 0x80002ae8 (0x0f0d) x30 0x000b8c03
core   0: 0x80002aea (0x01ec2023) sw      t5, 0(s8)
core   0: 3 0x80002aea (0x01ec2023) mem 0x8ffffffc 0x000b8c03
core   0: 0x80002aee (0xb8c02f73) csrr    t5, mhpmcounter12h
core   0: 3 0x80002aee (0xb8c02f73) x30 0x00000000
core   0: 0x80002af2 (0x01ec2023) sw      t5, 0(s8)
core   0: 3 0x80002af2 (0x01ec2023) mem 0x8ffffffc 0x00000000
core   0: 0x80002af6 (0xffffdf17) auipc   t5, 0xffffd
core   0: 3 0x80002af6 (0xffffdf17) x30 0x7ffffaf6
core   0: 0x80002afa (0x58af0f13) addi    t5, t5, 1418
core   0: 3 0x80002afa (0x58af0f13) x30 0x80000080
core   0: 0x80002afe (0x000f2023) sw      zero, 0(t5)
core   0: 3 0x80002afe (0x000f2023) mem 0x80000080 0x00000000
core   0: 0x80002b02 (0x001f2223) sw      ra, 4(t5)
core   0: 3 0x80002b02 (0x001f2223) mem 0x80000084 0x00005252
core   0: 0x80002b06 (0x002f2423) sw      sp, 8(t5)
core   0: 3 0x80002b06 (0x002f2423) mem 0x80000088 0x00000000
core   0: 0x80002b0a (0x003f2623) sw      gp, 12(t5)
core   0: 3 0x80002b0a (0x003f2623) mem 0x8000008c 0x80030e65
core   0: 0x80002b0e (0x004f2823) sw      tp, 16(t5)
core   0: 3 0x80002b0e (0x004f2823) mem 0x80000090 0x00000000
core   0: 0x80002b12 (0x005f2a23) sw      t0, 20(t5)
core   0: 3 0x80002b12 (0x005f2a23) mem 0x80000094 0x80034c60
core   0: 0x80002b16 (0x006f2c23) sw      t1, 24(t5)
core   0: 3 0x80002b16 (0x006f2c23) mem 0x80000098 0x0000012b
core   0: 0x80002b1a (0x007f2e23) sw      t2, 28(t5)
core   0: 3 0x80002b1a (0x007f2e23) mem 0x8000009c 0x0000000d
core   0: 0x80002b1e (0x028f2023) sw      s0, 32(t5)
core   0: 3 0x80002b1e (0x028f2023) mem 0x800000a0 0x0000416b
core   0: 0x80002b22 (0x029f2223) sw      s1, 36(t5)
core   0: 3 0x80002b22 (0x029f2223) mem 0x800000a4 0x00000000
core   0: 0x80002b26 (0x02af2423) sw      a0, 40(t5)
core   0: 3 0x80002b26 (0x02af2423) mem 0x800000a8 0xf0f07b89
core   0: 0x80002b2a (0x02bf2623) sw      a1, 44(t5)
core   0: 3 0x80002b2a (0x02bf2623) mem 0x800000ac 0x00000001
core   0: 0x80002b2e (0x02cf2823) sw      a2, 48(t5)
core   0: 3 0x80002b2e (0x02cf2823) mem 0x800000b0 0x00000221
core   0: 0x80002b32 (0x02df2a23) sw      a3, 52(t5)
core   0: 3 0x80002b32 (0x02df2a23) mem 0x800000b4 0x00000000
core   0: 0x80002b36 (0x02ef2c23) sw      a4, 56(t5)
core   0: 3 0x80002b36 (0x02ef2c23) mem 0x800000b8 0x00000027
core   0: 0x80002b3a (0x02ff2e23) sw      a5, 60(t5)
core   0: 3 0x80002b3a (0x02ff2e23) mem 0x800000bc 0x80000354
core   0: 0x80002b3e (0x050f2023) sw      a6, 64(t5)
core   0: 3 0x80002b3e (0x050f2023) mem 0x800000c0 0x00000000
