Time	Cycle	PC	Insn	Decoded instruction	Register and memory contents
        1055000	         6	80000080	40001f37	lui	x30,0x40001	 x30=0x40001000
        1065000	         7	80000084	106f0f13	addi	x30,x30,262	 x30:0x40001000 x30=0x40001106
        1075000	         8	80000088	301f1073	csrrw	x0,misa,x30	 x30:0x40001106  x0=0x00000000
        1105000	        11	8000008c	00035297	auipc	x5,0x35	  x5=0x8003508c
        1115000	        12	80000090	c5828293	addi	x5,x5,-936	  x5:0x8003508c  x5=0x80034ce4
        1125000	        13	80000094	00002f17	auipc	x30,0x2	 x30=0x80002094
        1135000	        14	80000098	66cf0f13	addi	x30,x30,1644	 x30:0x80002094 x30=0x80002700
        1145000	        15	8000009c	001f6f13	ori	x30,x30,1	 x30:0x80002700 x30=0x80002701
        1155000	        16	800000a0	305f1073	csrrw	x0,mtvec,x30	 x30:0x80002701  x0=0x00000000
        1185000	        19	800000a4	74725073	csrrwi	x0,0x747,4	  x0=0x00000000
        1215000	        22	800000a8	00003797	auipc	x15,0x3	 x15=0x800030a8
        1225000	        23	800000ac	41478793	addi	x15,x15,1044	 x15:0x800030a8 x15=0x800034bc
        1235000	        24	800000b0	4f01	c.li	x30,0	 x30=0x00000000
        1245000	        25	800000b2	97fa	c.add	x15,x30	 x15:0x800034bc x30:0x00000000 x15=0x800034bc
        1255000	        26	800000b4	8389	c.srli	x15,0x2	 x15:0x800034bc x15=0x20000d2f
        1265000	        27	800000b6	3b079073	csrrw	x0,pmpaddr0,x15	 x15:0x20000d2f  x0=0x00000000
        1295000	        30	800000ba	00003797	auipc	x15,0x3	 x15=0x800030ba
        1305000	        31	800000be	40278793	addi	x15,x15,1026	 x15:0x800030ba x15=0x800034bc
        1315000	        32	800000c2	11111f37	lui	x30,0x11111	 x30=0x11111000
        1325000	        33	800000c6	111f0f13	addi	x30,x30,273	 x30:0x11111000 x30=0x11111111
        1335000	        34	800000ca	97fa	c.add	x15,x30	 x15:0x800034bc x30:0x11111111 x15=0x911145cd
        1345000	        35	800000cc	8389	c.srli	x15,0x2	 x15:0x911145cd x15=0x24445173
        1355000	        36	800000ce	3b179073	csrrw	x0,pmpaddr1,x15	 x15:0x24445173  x0=0x00000000
        1385000	        39	800000d2	00003797	auipc	x15,0x3	 x15=0x800030d2
        1395000	        40	800000d6	3ea78793	addi	x15,x15,1002	 x15:0x800030d2 x15=0x800034bc
        1405000	        41	800000da	22222f37	lui	x30,0x22222	 x30=0x22222000
        1415000	        42	800000de	222f0f13	addi	x30,x30,546	 x30:0x22222000 x30=0x22222222
        1425000	        43	800000e2	97fa	c.add	x15,x30	 x15:0x800034bc x30:0x22222222 x15=0xa22256de
        1435000	        44	800000e4	8389	c.srli	x15,0x2	 x15:0xa22256de x15=0x288895b7
        1445000	        45	800000e6	3b279073	csrrw	x0,pmpaddr2,x15	 x15:0x288895b7  x0=0x00000000
        1475000	        48	800000ea	00003797	auipc	x15,0x3	 x15=0x800030ea
        1485000	        49	800000ee	3d278793	addi	x15,x15,978	 x15:0x800030ea x15=0x800034bc
        1495000	        50	800000f2	33333f37	lui	x30,0x33333	 x30=0x33333000
        1505000	        51	800000f6	333f0f13	addi	x30,x30,819	 x30:0x33333000 x30=0x33333333
        1515000	        52	800000fa	97fa	c.add	x15,x30	 x15:0x800034bc x30:0x33333333 x15=0xb33367ef
        1525000	        53	800000fc	8389	c.srli	x15,0x2	 x15:0xb33367ef x15=0x2cccd9fb
        1535000	        54	800000fe	3b379073	csrrw	x0,pmpaddr3,x15	 x15:0x2cccd9fb  x0=0x00000000
        1565000	        57	80000102	0f0f17b7	lui	x15,0xf0f1	 x15=0x0f0f1000
        1575000	        58	80000106	f0f78793	addi	x15,x15,-241	 x15:0x0f0f1000 x15=0x0f0f0f0f
        1585000	        59	8000010a	3a079073	csrrw	x0,pmpcfg0,x15	 x15:0x0f0f0f0f  x0=0x00000000
        1615000	        62	8000010e	00003797	auipc	x15,0x3	 x15=0x8000310e
        1625000	        63	80000112	3ae78793	addi	x15,x15,942	 x15:0x8000310e x15=0x800034bc
        1635000	        64	80000116	44444f37	lui	x30,0x44444	 x30=0x44444000
        1645000	        65	8000011a	444f0f13	addi	x30,x30,1092	 x30:0x44444000 x30=0x44444444
        1655000	        66	8000011e	97fa	c.add	x15,x30	 x15:0x800034bc x30:0x44444444 x15=0xc4447900
        1665000	        67	80000120	8389	c.srli	x15,0x2	 x15:0xc4447900 x15=0x31111e40
        1675000	        68	80000122	3b479073	csrrw	x0,pmpaddr4,x15	 x15:0x31111e40  x0=0x00000000
        1705000	        71	80000126	00003797	auipc	x15,0x3	 x15=0x80003126
        1715000	        72	8000012a	39678793	addi	x15,x15,918	 x15:0x80003126 x15=0x800034bc
        1725000	        73	8000012e	55555f37	lui	x30,0x55555	 x30=0x55555000
        1735000	        74	80000132	555f0f13	addi	x30,x30,1365	 x30:0x55555000 x30=0x55555555
        1745000	        75	80000136	97fa	c.add	x15,x30	 x15:0x800034bc x30:0x55555555 x15=0xd5558a11
        1755000	        76	80000138	8389	c.srli	x15,0x2	 x15:0xd5558a11 x15=0x35556284
        1765000	        77	8000013a	3b579073	csrrw	x0,pmpaddr5,x15	 x15:0x35556284  x0=0x00000000
        1795000	        80	8000013e	00003797	auipc	x15,0x3	 x15=0x8000313e
        1805000	        81	80000142	37e78793	addi	x15,x15,894	 x15:0x8000313e x15=0x800034bc
        1815000	        82	80000146	66666f37	lui	x30,0x66666	 x30=0x66666000
        1825000	        83	8000014a	666f0f13	addi	x30,x30,1638	 x30:0x66666000 x30=0x66666666
        1835000	        84	8000014e	97fa	c.add	x15,x30	 x15:0x800034bc x30:0x66666666 x15=0xe6669b22
        1845000	        85	80000150	8389	c.srli	x15,0x2	 x15:0xe6669b22 x15=0x3999a6c8
        1855000	        86	80000152	3b679073	csrrw	x0,pmpaddr6,x15	 x15:0x3999a6c8  x0=0x00000000
        1885000	        89	80000156	00003797	auipc	x15,0x3	 x15=0x80003156
        1895000	        90	8000015a	36678793	addi	x15,x15,870	 x15:0x80003156 x15=0x800034bc
        1905000	        91	8000015e	77777f37	lui	x30,0x77777	 x30=0x77777000
        1915000	        92	80000162	777f0f13	addi	x30,x30,1911	 x30:0x77777000 x30=0x77777777
        1925000	        93	80000166	97fa	c.add	x15,x30	 x15:0x800034bc x30:0x77777777 x15=0xf777ac33
        1935000	        94	80000168	8389	c.srli	x15,0x2	 x15:0xf777ac33 x15=0x3dddeb0c
        1945000	        95	8000016a	3b779073	csrrw	x0,pmpaddr7,x15	 x15:0x3dddeb0c  x0=0x00000000
        1975000	        98	8000016e	0f0f17b7	lui	x15,0xf0f1	 x15=0x0f0f1000
        1985000	        99	80000172	f0f78793	addi	x15,x15,-241	 x15:0x0f0f1000 x15=0x0f0f0f0f
        1995000	       100	80000176	3a179073	csrrw	x0,pmpcfg1,x15	 x15:0x0f0f0f0f  x0=0x00000000
        2025000	       103	8000017a	00003797	auipc	x15,0x3	 x15=0x8000317a
        2035000	       104	8000017e	34278793	addi	x15,x15,834	 x15:0x8000317a x15=0x800034bc
        2045000	       105	80000182	88889f37	lui	x30,0x88889	 x30=0x88889000
        2055000	       106	80000186	888f0f13	addi	x30,x30,-1912	 x30:0x88889000 x30=0x88888888
        2065000	       107	8000018a	97fa	c.add	x15,x30	 x15:0x800034bc x30:0x88888888 x15=0x0888bd44
        2075000	       108	8000018c	8389	c.srli	x15,0x2	 x15:0x0888bd44 x15=0x02222f51
        2085000	       109	8000018e	3b879073	csrrw	x0,pmpaddr8,x15	 x15:0x02222f51  x0=0x00000000
        2115000	       112	80000192	00003797	auipc	x15,0x3	 x15=0x80003192
        2125000	       113	80000196	32a78793	addi	x15,x15,810	 x15:0x80003192 x15=0x800034bc
        2135000	       114	8000019a	9999af37	lui	x30,0x9999a	 x30=0x9999a000
        2145000	       115	8000019e	999f0f13	addi	x30,x30,-1639	 x30:0x9999a000 x30=0x99999999
        2155000	       116	800001a2	97fa	c.add	x15,x30	 x15:0x800034bc x30:0x99999999 x15=0x1999ce55
        2165000	       117	800001a4	8389	c.srli	x15,0x2	 x15:0x1999ce55 x15=0x06667395
        2175000	       118	800001a6	3b979073	csrrw	x0,pmpaddr9,x15	 x15:0x06667395  x0=0x00000000
        2205000	       121	800001aa	00003797	auipc	x15,0x3	 x15=0x800031aa
        2215000	       122	800001ae	31278793	addi	x15,x15,786	 x15:0x800031aa x15=0x800034bc
        2225000	       123	800001b2	aaaabf37	lui	x30,0xaaaab	 x30=0xaaaab000
        2235000	       124	800001b6	aaaf0f13	addi	x30,x30,-1366	 x30:0xaaaab000 x30=0xaaaaaaaa
        2245000	       125	800001ba	97fa	c.add	x15,x30	 x15:0x800034bc x30:0xaaaaaaaa x15=0x2aaadf66
        2255000	       126	800001bc	8389	c.srli	x15,0x2	 x15:0x2aaadf66 x15=0x0aaab7d9
        2265000	       127	800001be	3ba79073	csrrw	x0,pmpaddr10,x15	 x15:0x0aaab7d9  x0=0x00000000
        2295000	       130	800001c2	00003797	auipc	x15,0x3	 x15=0x800031c2
        2305000	       131	800001c6	2fa78793	addi	x15,x15,762	 x15:0x800031c2 x15=0x800034bc
        2315000	       132	800001ca	bbbbcf37	lui	x30,0xbbbbc	 x30=0xbbbbc000
        2325000	       133	800001ce	bbbf0f13	addi	x30,x30,-1093	 x30:0xbbbbc000 x30=0xbbbbbbbb
        2335000	       134	800001d2	97fa	c.add	x15,x30	 x15:0x800034bc x30:0xbbbbbbbb x15=0x3bbbf077
        2345000	       135	800001d4	8389	c.srli	x15,0x2	 x15:0x3bbbf077 x15=0x0eeefc1d
        2355000	       136	800001d6	3bb79073	csrrw	x0,pmpaddr11,x15	 x15:0x0eeefc1d  x0=0x00000000
        2385000	       139	800001da	0f0f17b7	lui	x15,0xf0f1	 x15=0x0f0f1000
        2395000	       140	800001de	f0f78793	addi	x15,x15,-241	 x15:0x0f0f1000 x15=0x0f0f0f0f
        2405000	       141	800001e2	3a279073	csrrw	x0,pmpcfg2,x15	 x15:0x0f0f0f0f  x0=0x00000000
        2435000	       144	800001e6	00003797	auipc	x15,0x3	 x15=0x800031e6
        2445000	       145	800001ea	2d678793	addi	x15,x15,726	 x15:0x800031e6 x15=0x800034bc
        2455000	       146	800001ee	ccccdf37	lui	x30,0xccccd	 x30=0xccccd000
        2465000	       147	800001f2	cccf0f13	addi	x30,x30,-820	 x30:0xccccd000 x30=0xcccccccc
        2475000	       148	800001f6	97fa	c.add	x15,x30	 x15:0x800034bc x30:0xcccccccc x15=0x4ccd0188
        2485000	       149	800001f8	8389	c.srli	x15,0x2	 x15:0x4ccd0188 x15=0x13334062
        2495000	       150	800001fa	3bc79073	csrrw	x0,pmpaddr12,x15	 x15:0x13334062  x0=0x00000000
        2525000	       153	800001fe	00003797	auipc	x15,0x3	 x15=0x800031fe
        2535000	       154	80000202	2be78793	addi	x15,x15,702	 x15:0x800031fe x15=0x800034bc
        2545000	       155	80000206	ddddef37	lui	x30,0xdddde	 x30=0xdddde000
        2555000	       156	8000020a	dddf0f13	addi	x30,x30,-547	 x30:0xdddde000 x30=0xdddddddd
        2565000	       157	8000020e	97fa	c.add	x15,x30	 x15:0x800034bc x30:0xdddddddd x15=0x5dde1299
        2575000	       158	80000210	8389	c.srli	x15,0x2	 x15:0x5dde1299 x15=0x177784a6
        2585000	       159	80000212	3bd79073	csrrw	x0,pmpaddr13,x15	 x15:0x177784a6  x0=0x00000000
        2615000	       162	80000216	00003797	auipc	x15,0x3	 x15=0x80003216
        2625000	       163	8000021a	2a678793	addi	x15,x15,678	 x15:0x80003216 x15=0x800034bc
        2635000	       164	8000021e	eeeeff37	lui	x30,0xeeeef	 x30=0xeeeef000
        2645000	       165	80000222	eeef0f13	addi	x30,x30,-274	 x30:0xeeeef000 x30=0xeeeeeeee
        2655000	       166	80000226	97fa	c.add	x15,x30	 x15:0x800034bc x30:0xeeeeeeee x15=0x6eef23aa
        2665000	       167	80000228	8389	c.srli	x15,0x2	 x15:0x6eef23aa x15=0x1bbbc8ea
        2675000	       168	8000022a	3be79073	csrrw	x0,pmpaddr14,x15	 x15:0x1bbbc8ea  x0=0x00000000
        2705000	       171	8000022e	00003797	auipc	x15,0x3	 x15=0x8000322e
        2715000	       172	80000232	28e78793	addi	x15,x15,654	 x15:0x8000322e x15=0x800034bc
        2725000	       173	80000236	fff00f13	addi	x30,x0,-1	  x0:0x00000000 x30=0xffffffff
        2735000	       174	8000023a	97fa	c.add	x15,x30	 x15:0x800034bc x30:0xffffffff x15=0x800034bb
        2745000	       175	8000023c	8389	c.srli	x15,0x2	 x15:0x800034bb x15=0x20000d2e
        2755000	       176	8000023e	3bf79073	csrrw	x0,pmpaddr15,x15	 x15:0x20000d2e  x0=0x00000000
        2785000	       179	80000242	0f0f17b7	lui	x15,0xf0f1	 x15=0x0f0f1000
        2795000	       180	80000246	f0f78793	addi	x15,x15,-241	 x15:0x0f0f1000 x15=0x0f0f0f0f
        2805000	       181	8000024a	3a379073	csrrw	x0,pmpcfg3,x15	 x15:0x0f0f0f0f  x0=0x00000000
        2835000	       184	8000024e	00000f17	auipc	x30,0x0	 x30=0x8000024e
        2845000	       185	80000252	058f0f13	addi	x30,x30,88	 x30:0x8000024e x30=0x800002a6
        2855000	       186	80000256	341f1073	csrrw	x0,mepc,x30	 x30:0x800002a6  x0=0x00000000
        2865000	       187	8000025a	7c00d073	csrrwi	x0,0x7c0,1	  x0=0x00000000
        2895000	       190	8000025e	6f09	c.lui	x30,0x2	 x30=0x00002000
        2905000	       191	80000260	800f0f13	addi	x30,x30,-2048	 x30:0x00002000 x30=0x00001800
        2915000	       192	80000264	300f1073	csrrw	x0,mstatus,x30	 x30:0x00001800  x0=0x00000000
        2945000	       195	80000268	4f01	c.li	x30,0	 x30=0x00000000
        2955000	       196	8000026a	304f1073	csrrw	x0,mie,x30	 x30:0x00000000  x0=0x00000000
        2985000	       199	8000026e	90000c37	lui	x24,0x90000	 x24=0x90000000
        2995000	       200	80000272	1c71	c.addi	x24,-4	 x24:0x90000000 x24=0x8ffffffc
        3005000	       201	80000274	30000f13	addi	x30,x0,768	  x0:0x00000000 x30=0x00000300
        3015000	       202	80000278	0f22	c.slli	x30,0x8	 x30:0x00000300 x30=0x00030000
        3025000	       203	8000027a	0f0d	c.addi	x30,3	 x30:0x00030000 x30=0x00030003
        3035000	       204	8000027c	01ec2023	sw	x30,0(x24)	 x24:0x8ffffffc x30:0x00030003 PA:0x8ffffffc store:0x00030003 load:0x00000000
        3045000	       205	80000280	30002f73	csrrs	x30,mstatus,x0	  x0:0x00000000 x30=0x00001800
        3055000	       206	80000284	01ec2023	sw	x30,0(x24)	 x24:0x8ffffffc x30:0x00001800 PA:0x8ffffffc store:0x00001800 load:0x00000000
        3065000	       207	80000288	90000c37	lui	x24,0x90000	 x24=0x90000000
        3075000	       208	8000028c	1c71	c.addi	x24,-4	 x24:0x90000000 x24=0x8ffffffc
        3085000	       209	8000028e	30400f13	addi	x30,x0,772	  x0:0x00000000 x30=0x00000304
        3095000	       210	80000292	0f22	c.slli	x30,0x8	 x30:0x00000304 x30=0x00030400
        3105000	       211	80000294	0f0d	c.addi	x30,3	 x30:0x00030400 x30=0x00030403
        3115000	       212	80000296	01ec2023	sw	x30,0(x24)	 x24:0x8ffffffc x30:0x00030403 PA:0x8ffffffc store:0x00030403 load:0x00000000
        3125000	       213	8000029a	30402f73	csrrs	x30,mie,x0	  x0:0x00000000 x30=0x00000000
        3135000	       214	8000029e	01ec2023	sw	x30,0(x24)	 x24:0x8ffffffc x30:0x00000000 PA:0x8ffffffc store:0x00000000 load:0x00000000
        3145000	       215	800002a2	30200073	mret	
        3185000	       219	800002a6	00200013	addi	x0,x0,2	  x0:0x00000000  x0=0x00000000
        3195000	       220	800002aa	800000b7	lui	x1,0x80000	  x1=0x80000000
        3205000	       221	800002ae	4121	c.li	x2,8	  x2=0x00000008
        3215000	       222	800002b0	fb2c31b7	lui	x3,0xfb2c3	  x3=0xfb2c3000
        3225000	       223	800002b4	ec418193	addi	x3,x3,-316	  x3:0xfb2c3000  x3=0xfb2c2ec4
        3235000	       224	800002b8	fadcf237	lui	x4,0xfadcf	  x4=0xfadcf000
        3245000	       225	800002bc	87920213	addi	x4,x4,-1927	  x4:0xfadcf000  x4=0xfadce879
        3255000	       226	800002c0	80000337	lui	x6,0x80000	  x6=0x80000000
        3265000	       227	800002c4	43bd	c.li	x7,15	  x7=0x0000000f
        3275000	       228	800002c6	834b0437	lui	x8,0x834b0	  x8=0x834b0000
        3285000	       229	800002ca	f3d40413	addi	x8,x8,-195	  x8:0x834b0000  x8=0x834aff3d
        3295000	       230	800002ce	4481	c.li	x9,0	  x9=0x00000000
        3305000	       231	800002d0	80000537	lui	x10,0x80000	 x10=0x80000000
        3315000	       232	800002d4	fc76e5b7	lui	x11,0xfc76e	 x11=0xfc76e000
        3325000	       233	800002d8	4c958593	addi	x11,x11,1225	 x11:0xfc76e000 x11=0xfc76e4c9
        3335000	       234	800002dc	80000637	lui	x12,0x80000	 x12=0x80000000
        3345000	       235	800002e0	4681	c.li	x13,0	 x13=0x00000000
        3355000	       236	800002e2	b76a4737	lui	x14,0xb76a4	 x14=0xb76a4000
        3365000	       237	800002e6	cb870713	addi	x14,x14,-840	 x14:0xb76a4000 x14=0xb76a3cb8
        3375000	       238	800002ea	4781	c.li	x15,0	 x15=0x00000000
        3385000	       239	800002ec	f5e2d837	lui	x16,0xf5e2d	 x16=0xf5e2d000
        3395000	       240	800002f0	1bd80813	addi	x16,x16,445	 x16:0xf5e2d000 x16=0xf5e2d1bd
        3405000	       241	800002f4	4881	c.li	x17,0	 x17=0x00000000
        3415000	       242	800002f6	f8439937	lui	x18,0xf8439	 x18=0xf8439000
        3425000	       243	800002fa	4fe90913	addi	x18,x18,1278	 x18:0xf8439000 x18=0xf84394fe
        3435000	       244	800002fe	800009b7	lui	x19,0x80000	 x19=0x80000000
        3445000	       245	80000302	4a01	c.li	x20,0	 x20=0x00000000
        3455000	       246	80000304	fbac3ab7	lui	x21,0xfbac3	 x21=0xfbac3000
        3465000	       247	80000308	d00a8a93	addi	x21,x21,-768	 x21:0xfbac3000 x21=0xfbac2d00
        3475000	       248	8000030c	4b01	c.li	x22,0	 x22=0x00000000
        3485000	       249	8000030e	46a94c37	lui	x24,0x46a94	 x24=0x46a94000
        3495000	       250	80000312	8a7c0c13	addi	x24,x24,-1881	 x24:0x46a94000 x24=0x46a938a7
        3505000	       251	80000316	80000cb7	lui	x25,0x80000	 x25=0x80000000
        3515000	       252	8000031a	f9271d37	lui	x26,0xf9271	 x26=0xf9271000
        3525000	       253	8000031e	2f8d0d13	addi	x26,x26,760	 x26:0xf9271000 x26=0xf92712f8
        3535000	       254	80000322	a4a80db7	lui	x27,0xa4a80	 x27=0xa4a80000
        3545000	       255	80000326	b50d8d93	addi	x27,x27,-1200	 x27:0xa4a80000 x27=0xa4a7fb50
        3555000	       256	8000032a	80000e37	lui	x28,0x80000	 x28=0x80000000
        3565000	       257	8000032e	80000eb7	lui	x29,0x80000	 x29=0x80000000
        3575000	       258	80000332	4f35	c.li	x30,13	 x30=0x0000000d
        3585000	       259	80000334	4fad	c.li	x31,11	 x31=0x0000000b
        3595000	       260	80000336	00031b97	auipc	x23,0x31	 x23=0x80031336
        3605000	       261	8000033a	b2eb8b93	addi	x23,x23,-1234	 x23:0x80031336 x23=0x80030e64
        3615000	       262	8000033e	90000c37	lui	x24,0x90000	 x24=0x90000000
        3625000	       263	80000342	1c71	c.addi	x24,-4	 x24:0x90000000 x24=0x8ffffffc
        3635000	       264	80000344	4f01	c.li	x30,0	 x30=0x00000000
        3645000	       265	80000346	0f22	c.slli	x30,0x8	 x30:0x00000000 x30=0x00000000
        3655000	       266	80000348	000f0f13	addi	x30,x30,0	 x30:0x00000000 x30=0x00000000
        3665000	       267	8000034c	01ec2023	sw	x30,0(x24)	 x24:0x8ffffffc x30:0x00000000 PA:0x8ffffffc store:0x00000000 load:0x00000000
        3675000	       268	80000350	16c0306f	jal	x0,800034bc	  x0=0x00000000
        3695000	       270	800034bc	00021317	auipc	x6,0x21	  x6=0x800244bc
        3705000	       271	800034c0	6a530313	addi	x6,x6,1701	  x6:0x800244bc  x6=0x80024b61
        3715000	       272	800034c4	3404dc73	csrrwi	x24,mscratch,9	 x24=0x00000000
        3725000	       273	800034c8	02230e83	lb	x29,34(x6)	  x6:0x80024b61 x29=0x00000038 PA:0x80024b83 load:0x00000038
        3735000	       274	800034cc	1d77f393	andi	x7,x15,471	 x15:0x00000000  x7=0x00000000
        3745000	       275	800034d0	fd332c03	lw	x24,-45(x6)	  x6:0x80024b61 x24=0xecedeeef PA:0x80024b34 load:0xecedeeef
        3755000	       276	800034d4	013710b3	sll	x1,x14,x19	 x14:0xb76a3cb8 x19:0x80000000  x1=0xb76a3cb8
        3765000	       277	800034d8	03735983	lhu	x19,55(x6)	  x6:0x80024b61 x19=0x00005253 PA:0x80024b98 load:0x00005253
        3775000	       278	800034dc	fed30a23	sb	x13,-12(x6)	  x6:0x80024b61 x13:0x00000000 PA:0x80024b55 store:0x00000000 load:0x00000000
        3785000	       279	800034e0	01033a33	sltu	x20,x6,x16	  x6:0x80024b61 x16:0xf5e2d1bd x20=0x00000001
        3795000	       280	800034e4	8f69	c.and	x14,x10	 x14:0xb76a3cb8 x10:0x80000000 x14=0x80000000
        3815000	       282	800034e6	fea35103	lhu	x2,-22(x6)	  x6:0x80024b61  x2=0x00000700 PA:0x80024b4b load:0x00000700
        3825000	       283	800034ea	cae96197	auipc	x3,0xcae96	  x3=0x4ae994ea
        3835000	       284	800034ee	00c30803	lb	x16,12(x6)	  x6:0x80024b61 x16=0x00000026 PA:0x80024b6d load:0x00000026
        3845000	       285	800034f2	fed34903	lbu	x18,-19(x6)	  x6:0x80024b61 x18=0x00000005 PA:0x80024b4e load:0x00000005
        3855000	       286	800034f6	0000100f	fence.i	
        3885000	       289	800034fa	ff634903	lbu	x18,-10(x6)	  x6:0x80024b61 x18=0x0000000c PA:0x80024b57 load:0x0000000c
        3905000	       291	800034fe	fc131123	sh	x1,-62(x6)	  x6:0x80024b61  x1:0xb76a3cb8 PA:0x80024b23 store:0xb76a3cb8 load:0x00000000
        3915000	       292	80003502	0000100f	fence.i	
        3945000	       295	80003506	ff9311a3	sh	x25,-29(x6)	  x6:0x80024b61 x25:0x80000000 PA:0x80024b44 store:0x80000000 load:0x00000000
        3955000	       296	8000350a	00ec5813	srli	x16,x24,0xe	 x24:0xecedeeef x16=0x0003b3b7
        4325000	       333	8000350e	038b44b3	div	x9,x22,x24	 x22:0x00000000 x24:0xecedeeef  x9=0x00000000
        4345000	       335	80003512	03032503	lw	x10,48(x6)	  x6:0x80024b61 x10=0x4f48494a PA:0x80024b91 load:0x4f48494a
        4385000	       339	80003516	032f1c33	mulh	x24,x30,x18	 x30:0x00000000 x18:0x0000000c x24=0x00000000
        4395000	       340	8000351a	01a34003	lbu	x0,26(x6)	  x6:0x80024b61  x0=0x00000000 PA:0x80024b7b load:0x00000030
        4415000	       342	8000351e	fda31d03	lh	x26,-38(x6)	  x6:0x80024b61 x26=0xfffff7f0 PA:0x80024b3b load:0xfffff7f0
        4425000	       343	80003522	00234203	lbu	x4,2(x6)	  x6:0x80024b61  x4=0x00000018 PA:0x80024b63 load:0x00000018
        4435000	       344	80003526	fd530ca3	sb	x21,-39(x6)	  x6:0x80024b61 x21:0xfbac2d00 PA:0x80024b3a store:0xfbac2d00 load:0x00000000
        4445000	       345	8000352a	00b2f1b3	and	x3,x5,x11	  x5:0x80034ce4 x11:0xfc76e4c9  x3=0x800244c0
        4455000	       346	8000352e	414e8ab3	sub	x21,x29,x20	 x29:0x00000038 x20:0x00000001 x21=0x00000037
        4465000	       347	80003532	01ba78b3	and	x17,x20,x27	 x20:0x00000001 x27:0xa4a7fb50 x17=0x00000000
        4475000	       348	80003536	03134683	lbu	x13,49(x6)	  x6:0x80024b61 x13=0x00000049 PA:0x80024b92 load:0x00000049
        4485000	       349	8000353a	019a9e33	sll	x28,x21,x25	 x21:0x00000037 x25:0x80000000 x28=0x00000037
        4495000	       350	8000353e	8c4d	c.or	x8,x11	  x8:0x834aff3d x11:0xfc76e4c9  x8=0xff7efffd
        4505000	       351	80003540	00d34f03	lbu	x30,13(x6)	  x6:0x80024b61 x30=0x00000025 PA:0x80024b6e load:0x00000025
        4515000	       352	80003544	fcb32003	lw	x0,-53(x6)	  x6:0x80024b61  x0=0x00000000 PA:0x80024b2c load:0xe4e5e6e7
        4525000	       353	80003548	fde30e83	lb	x29,-34(x6)	  x6:0x80024b61 x29=0xfffffff4 PA:0x80024b3f load:0xfffffff4
        4535000	       354	8000354c	fc430523	sb	x4,-54(x6)	  x6:0x80024b61  x4:0x00000018 PA:0x80024b2b store:0x00000018 load:0x00000000
        4545000	       355	80003550	00024e97	auipc	x29,0x24	 x29=0x80027550
        4555000	       356	80003554	2d0e8e93	addi	x29,x29,720	 x29:0x80027550 x29=0x80027820
        4575000	       358	80003558	fc7e9883	lh	x17,-57(x29)	 x29:0x80027820 x17=0xffffa39c PA:0x800277e7 load:0xffffa39c
        4585000	       359	8000355c	022edc83	lhu	x25,34(x29)	 x29:0x80027820 x25=0x0000f8f9 PA:0x80027842 load:0x0000f8f9
        4595000	       360	80003560	020ead03	lw	x26,32(x29)	 x29:0x80027820 x26=0xf8f9fafb PA:0x80027840 load:0xf8f9fafb
        4605000	       361	80003564	fd5ed303	lhu	x6,-43(x29)	 x29:0x80027820  x6=0x0000adae PA:0x800277f5 load:0x0000adae
        4615000	       362	80003568	fc9ea623	sw	x9,-52(x29)	 x29:0x80027820  x9:0x00000000 PA:0x800277ec store:0x00000000 load:0x00000000
        4625000	       363	8000356c	000ea623	sw	x0,12(x29)	 x29:0x80027820  x0:0x00000000 PA:0x8002782c store:0x00000000 load:0x00000000
        4635000	       364	80003570	fcee8323	sb	x14,-58(x29)	 x29:0x80027820 x14:0x80000000 PA:0x800277e6 store:0x80000000 load:0x00000000
        4645000	       365	80003574	ffce8ba3	sb	x28,-9(x29)	 x29:0x80027820 x28:0x00000037 PA:0x80027817 store:0x00000037 load:0x00000000
        4655000	       366	80003578	ff1e9c83	lh	x25,-15(x29)	 x29:0x80027820 x25=0xffffc9ca PA:0x80027811 load:0xffffc9ca
        4665000	       367	8000357c	0000100f	fence.i	
        4685000	       369	80003580	8d89	c.sub	x11,x10	 x11:0xfc76e4c9 x10:0x4f48494a x11=0xad2e9b7f
        4705000	       371	80003582	fd6ea603	lw	x12,-42(x29)	 x29:0x80027820 x12=0xb2b3acad PA:0x800277f6 load:0xb2b3acad
        4745000	       375	80003586	032a1133	mulh	x2,x20,x18	 x20:0x00000001 x18:0x0000000c  x2=0x00000000
        4755000	       376	8000358a	ffeec303	lbu	x6,-2(x29)	 x29:0x80027820  x6=0x000000d5 PA:0x8002781e load:0x000000d5
        4765000	       377	8000358e	03da	c.slli	x7,0x16	  x7:0x00000000  x7=0x00000000
        4775000	       378	80003590	82f1	c.srli	x13,0x1c	 x13:0x00000049 x13=0x00000000
        4785000	       379	80003592	013e8183	lb	x3,19(x29)	 x29:0x80027820  x3=0xffffffe8 PA:0x80027833 load:0xffffffe8
        4795000	       380	80003596	fcde9903	lh	x18,-51(x29)	 x29:0x80027820 x18=0x00000000 PA:0x800277ed load:0x00000000
        4805000	       381	8000359a	00ae9223	sh	x10,4(x29)	 x29:0x80027820 x10:0x4f48494a PA:0x80027824 store:0x4f48494a load:0x00000000
        4815000	       382	8000359e	38b5ef13	ori	x30,x11,907	 x11:0xad2e9b7f x30=0xad2e9bff
        4825000	       383	800035a2	fe3e9523	sh	x3,-22(x29)	 x29:0x80027820  x3:0xffffffe8 PA:0x8002780a store:0xffffffe8 load:0x00000000
        5195000	       420	800035a6	02e6c833	div	x16,x13,x14	 x13:0x00000000 x14:0x80000000 x16=0x00000000
        5205000	       421	800035aa	02de9683	lh	x13,45(x29)	 x29:0x80027820 x13=0x00000506 PA:0x8002784d load:0x00000506
        5245000	       425	800035ae	0239b0b3	mulhu	x1,x19,x3	 x19:0x00005253  x3:0xffffffe8  x1=0x00005252
        5255000	       426	800035b2	fd1e8023	sb	x17,-64(x29)	 x29:0x80027820 x17:0xffffa39c PA:0x800277e0 store:0xffffa39c load:0x00000000
        5265000	       427	800035b6	8f11	c.sub	x14,x12	 x14:0x80000000 x12:0xb2b3acad x14=0xcd4c5353
        5275000	       428	800035b8	feee9203	lh	x4,-18(x29)	 x29:0x80027820  x4=0xffffc4c5 PA:0x8002780e load:0xffffc4c5
        5285000	       429	800035bc	01de9703	lh	x14,29(x29)	 x29:0x80027820 x14=0xfffff5f6 PA:0x8002783d load:0xfffff5f6
        5305000	       431	800035c0	fc8ea5a3	sw	x8,-53(x29)	 x29:0x80027820  x8:0xff7efffd PA:0x800277eb store:0xff7efffd load:0x000000ac
        5315000	       432	800035c4	fdbe8b03	lb	x22,-37(x29)	 x29:0x80027820 x22=0xffffffb0 PA:0x800277fb load:0xffffffb0
        5325000	       433	800035c8	40ea5413	srai	x8,x20,0xe	 x20:0x00000001  x8=0x00000000
        5335000	       434	800035cc	1f137917	auipc	x18,0x1f137	 x18=0x9f13a5cc
        5355000	       436	800035d0	00bea383	lw	x7,11(x29)	 x29:0x80027820  x7=0x000000e0 PA:0x8002782b load:0x000000e0
        5365000	       437	800035d4	8c5d	c.or	x8,x15	  x8:0x00000000 x15:0x00000000  x8=0x00000000
        5375000	       438	800035d6	02becc83	lbu	x25,43(x29)	 x29:0x80027820 x25=0x00000000 PA:0x8002784b load:0x00000000
        5385000	       439	800035da	00e6d513	srli	x10,x13,0xe	 x13:0x00000506 x10=0x00000000
        5395000	       440	800035de	032e84a3	sb	x18,41(x29)	 x29:0x80027820 x18:0x9f13a5cc PA:0x80027849 store:0x9f13a5cc load:0x00000000
        5405000	       441	800035e2	000e9023	sh	x0,0(x29)	 x29:0x80027820  x0:0x00000000 PA:0x80027820 store:0x00000000 load:0x00000000
        5415000	       442	800035e6	34033af3	csrrc	x21,mscratch,x6	  x6:0x000000d5 x21=0x00000009
        5425000	       443	800035ea	038ecd83	lbu	x27,56(x29)	 x29:0x80027820 x27=0x00000013 PA:0x80027858 load:0x00000013
        5435000	       444	800035ee	000eaf83	lw	x31,0(x29)	 x29:0x80027820 x31=0xd8d90000 PA:0x80027820 load:0xd8d90000
        5805000	       481	800035f2	02127cb3	remu	x25,x4,x1	  x4:0xffffc4c5  x1:0x00005252 x25=0x00001e1f
        5815000	       482	800035f6	5f022593	slti	x11,x4,1520	  x4:0xffffc4c5 x11=0x00000001
        5835000	       484	800035fa	03dea723	sw	x29,46(x29)	 x29:0x80027820 x29:0x80027820 PA:0x8002784e store:0x80027820 load:0x0000e0e1
        5845000	       485	800035fe	00022c97	auipc	x25,0x22	 x25=0x800255fe
        5855000	       486	80003602	72ac8c93	addi	x25,x25,1834	 x25:0x800255fe x25=0x80025d28
        5865000	       487	80003606	00018697	auipc	x13,0x18	 x13=0x8001b606
        5875000	       488	8000360a	b6168693	addi	x13,x13,-1183	 x13:0x8001b606 x13=0x8001b167
        5885000	       489	8000360e	774cd803	lhu	x16,1908(x25)	 x25:0x80025d28 x16=0x00005657 PA:0x8002649c load:0x00005657
        5895000	       490	80003612	e0bcce03	lbu	x28,-501(x25)	 x25:0x80025d28 x28=0x000000e8 PA:0x80025b33 load:0x000000e8
        5905000	       491	80003616	05368003	lb	x0,83(x13)	 x13:0x8001b167  x0=0x00000000 PA:0x8001b1ba load:0x00000071
        5915000	       492	8000361a	0d4c9103	lh	x2,212(x25)	 x25:0x80025d28  x2=0xffffb6b7 PA:0x80025dfc load:0xffffb6b7
        5925000	       493	8000361e	805cd503	lhu	x10,-2043(x25)	 x25:0x80025d28 x10=0x0000e5e6 PA:0x8002552d load:0x0000e5e6
        5935000	       494	80003622	f10cce03	lbu	x28,-240(x25)	 x25:0x80025d28 x28=0x000000f3 PA:0x80025c38 load:0x000000f3
        5955000	       496	80003626	0176a983	lw	x19,23(x13)	 x13:0x8001b167 x19=0x3a3b3435 PA:0x8001b17e load:0x3a3b3435
        5965000	       497	8000362a	025c8003	lb	x0,37(x25)	 x25:0x80025d28  x0=0x00000000 PA:0x80025d4d load:0x00000006
        5985000	       499	8000362e	17b6ada3	sw	x27,379(x13)	 x13:0x8001b167 x27:0x00000013 PA:0x8001b2e2 store:0x00000013 load:0x00003435
        5995000	       500	80003632	783ca023	sw	x3,1920(x25)	 x25:0x80025d28  x3:0xffffffe8 PA:0x800264a8 store:0xffffffe8 load:0x00000000
        6015000	       502	80003636	211ca983	lw	x19,529(x25)	 x25:0x80025d28 x19=0xf7f0f1f2 PA:0x80025f39 load:0xf7f0f1f2
        6035000	       504	8000363a	08e6a903	lw	x18,142(x13)	 x13:0x8001b167 x18=0xb3acadae PA:0x8001b1f5 load:0xb3acadae
        6055000	       506	8000363e	7fb6ad83	lw	x27,2043(x13)	 x13:0x8001b167 x27=0x1e1f1819 PA:0x8001b962 load:0x1e1f1819
        6065000	       507	80003642	5396a803	lw	x16,1337(x13)	 x13:0x8001b167 x16=0x58595a5b PA:0x8001b6a0 load:0x58595a5b
        6085000	       509	80003646	0526a123	sw	x18,66(x13)	 x13:0x8001b167 x18:0xb3acadae PA:0x8001b1a9 store:0xb3acadae load:0x0018191a
        6095000	       510	8000364a	00018117	auipc	x2,0x18	  x2=0x8001b64a
        6105000	       511	8000364e	a0910113	addi	x2,x2,-1527	  x2:0x8001b64a  x2=0x8001b053
        6115000	       512	80003652	340aa6f3	csrrs	x13,mscratch,x21	 x21:0x00000009 x13=0x00000008
        6125000	       513	80003656	ff915503	lhu	x10,-7(x2)	  x2:0x8001b053 x10=0x00000607 PA:0x8001b04c load:0x00000607
        6145000	       515	8000365a	c826	c.swsp	x9,16(x2)	  x2:0x8001b053  x9:0x00000000 PA:0x8001b063 store:0x00000000 load:0x00000018
        6155000	       516	8000365c	00211123	sh	x2,2(x2)	  x2:0x8001b053  x2:0x8001b053 PA:0x8001b055 store:0x8001b053 load:0x00000000
        6165000	       517	80003660	34045b73	csrrwi	x22,mscratch,8	 x22=0x00000009
        6175000	       518	80003664	00f14583	lbu	x11,15(x2)	  x2:0x8001b053 x11=0x00000019 PA:0x8001b062 load:0x00000019
        6185000	       519	80003668	ffd11483	lh	x9,-3(x2)	  x2:0x8001b053  x9=0x00000a0b PA:0x8001b050 load:0x00000a0b
        6195000	       520	8000366c	00510e83	lb	x29,5(x2)	  x2:0x8001b053 x29=0x00000013 PA:0x8001b058 load:0x00000013
        6205000	       521	80003670	00915883	lhu	x17,9(x2)	  x2:0x8001b053 x17=0x00001617 PA:0x8001b05c load:0x00001617
        6215000	       522	80003674	009114a3	sh	x9,9(x2)	  x2:0x8001b053  x9:0x00000a0b PA:0x8001b05c store:0x00000a0b load:0x00000000
        6225000	       523	80003678	34007ef3	csrrci	x29,mscratch,0	 x29=0x00000008
        6235000	       524	8000367c	898a	c.mv	x19,x2	  x0:0x00000000  x2:0x8001b053 x19=0x8001b053
        6245000	       525	8000367e	01d104a3	sb	x29,9(x2)	  x2:0x8001b053 x29:0x00000008 PA:0x8001b05c store:0x00000008 load:0x00000000
        6255000	       526	80003682	ffa11e83	lh	x29,-6(x2)	  x2:0x8001b053 x29=0x00000506 PA:0x8001b04d load:0x00000506
        6265000	       527	80003686	00d15603	lhu	x12,13(x2)	  x2:0x8001b053 x12=0x00001a1b PA:0x8001b060 load:0x00001a1b
        6275000	       528	8000368a	004106a3	sb	x4,13(x2)	  x2:0x8001b053  x4:0xffffc4c5 PA:0x8001b060 store:0xffffc4c5 load:0x00000000
        6285000	       529	8000368e	00c11523	sh	x12,10(x2)	  x2:0x8001b053 x12:0x00001a1b PA:0x8001b05d store:0x00001a1b load:0x00000000
        6295000	       530	80003692	00e11523	sh	x14,10(x2)	  x2:0x8001b053 x14:0xfffff5f6 PA:0x8001b05d store:0xfffff5f6 load:0x00000000
        6305000	       531	80003696	fe411ea3	sh	x4,-3(x2)	  x2:0x8001b053  x4:0xffffc4c5 PA:0x8001b050 store:0xffffc4c5 load:0x00000000
        6315000	       532	8000369a	ffb10d03	lb	x26,-5(x2)	  x2:0x8001b053 x26=0x00000005 PA:0x8001b04e load:0x00000005
        6325000	       533	8000369e	340028f3	csrrs	x17,mscratch,x0	  x0:0x00000000 x17=0x00000008
        6335000	       534	800036a2	ffe14683	lbu	x13,-2(x2)	  x2:0x8001b053 x13=0x000000c4 PA:0x8001b051 load:0x000000c4
        6355000	       536	800036a6	ffa12603	lw	x12,-6(x2)	  x2:0x8001b053 x12=0xc5040506 PA:0x8001b04d load:0xc5040506
        6365000	       537	800036aa	94a2	c.add	x9,x8	  x9:0x00000a0b  x8:0x00000000  x9=0x00000a0b
        6375000	       538	800036ac	00211003	lh	x0,2(x2)	  x2:0x8001b053  x0=0x00000000 PA:0x8001b055 load:0xffffb053
        6395000	       540	800036b0	01112323	sw	x17,6(x2)	  x2:0x8001b053 x17:0x00000008 PA:0x8001b059 store:0x00000008 load:0x00040506
        6405000	       541	800036b4	0001c917	auipc	x18,0x1c	 x18=0x8001f6b4
        6415000	       542	800036b8	48490913	addi	x18,x18,1156	 x18:0x8001f6b4 x18=0x8001fb38
        6435000	       544	800036bc	fe2922a3	sw	x2,-27(x18)	 x18:0x8001fb38  x2:0x8001b053 PA:0x8001fb1d store:0x8001b053 load:0x00040506
        6445000	       545	800036c0	fef902a3	sb	x15,-27(x18)	 x18:0x8001fb38 x15:0x00000000 PA:0x8001fb1d store:0x00000000 load:0x00000000
        6465000	       547	800036c4	fea922a3	sw	x10,-27(x18)	 x18:0x8001fb38 x10:0x00000607 PA:0x8001fb1d store:0x00000607 load:0x00040506
        6475000	       548	800036c8	fe594d03	lbu	x26,-27(x18)	 x18:0x8001fb38 x26=0x00000007 PA:0x8001fb1d load:0x00000007
        6495000	       550	800036cc	fe592f03	lw	x30,-27(x18)	 x18:0x8001fb38 x30=0x00000607 PA:0x8001fb1d load:0x00000607
        6505000	       551	800036d0	fe595603	lhu	x12,-27(x18)	 x18:0x8001fb38 x12=0x00000607 PA:0x8001fb1d load:0x00000607
        6515000	       552	800036d4	fe591c03	lh	x24,-27(x18)	 x18:0x8001fb38 x24=0x00000607 PA:0x8001fb1d load:0x00000607
        6525000	       553	800036d8	ffb902a3	sb	x27,-27(x18)	 x18:0x8001fb38 x27:0x1e1f1819 PA:0x8001fb1d store:0x1e1f1819 load:0x00000000
        6535000	       554	800036dc	f1b90d23	sb	x27,-230(x18)	 x18:0x8001fb38 x27:0x1e1f1819 PA:0x8001fa52 store:0x1e1f1819 load:0x00000000
        6545000	       555	800036e0	91271d37	lui	x26,0x91271	 x26=0x91271000
        6555000	       556	800036e4	8c91	c.sub	x9,x12	  x9:0x00000a0b x12:0x00000607  x9=0x00000404
        6565000	       557	800036e6	f1a91c03	lh	x24,-230(x18)	 x18:0x8001fb38 x24=0x00000819 PA:0x8001fa52 load:0x00000819
        6575000	       558	800036ea	f1a90683	lb	x13,-230(x18)	 x18:0x8001fb38 x13=0x00000019 PA:0x8001fa52 load:0x00000019
        6605000	       561	800036ee	038488b3	mul	x17,x9,x24	  x9:0x00000404 x24:0x00000819 x17=0x00208464
        6615000	       562	800036f2	03c91623	sh	x28,44(x18)	 x18:0x8001fb38 x28:0x000000f3 PA:0x8001fb64 store:0x000000f3 load:0x00000000
        6625000	       563	800036f6	00018a17	auipc	x20,0x18	 x20=0x8001b6f6
        6635000	       564	800036fa	a87a0a13	addi	x20,x20,-1401	 x20:0x8001b6f6 x20=0x8001b17d
        6645000	       565	800036fe	0efa4703	lbu	x14,239(x20)	 x20:0x8001b17d x14=0x00000027 PA:0x8001b26c load:0x00000027
        6655000	       566	80003702	0001d897	auipc	x17,0x1d	 x17=0x80020702
        6665000	       567	80003706	3c988893	addi	x17,x17,969	 x17:0x80020702 x17=0x80020acb
        6685000	       569	8000370a	0e7a28a3	sw	x7,241(x20)	 x20:0x8001b17d  x7:0x000000e0 PA:0x8001b26e store:0x000000e0 load:0x00000006
        6695000	       570	8000370e	f20a4803	lbu	x16,-224(x20)	 x20:0x8001b17d x16=0x00000056 PA:0x8001b09d load:0x00000056
        6705000	       571	80003712	0ff89903	lh	x18,255(x17)	 x17:0x80020acb x18=0xffff8081 PA:0x80020bca load:0xffff8081
        6715000	       572	80003716	f37a15a3	sh	x23,-213(x20)	 x20:0x8001b17d x23:0x80030e64 PA:0x8001b0a8 store:0x80030e64 load:0x00000000
        6725000	       573	8000371a	0a7a1c83	lh	x25,167(x20)	 x20:0x8001b17d x25=0xffffdedf PA:0x8001b224 load:0xffffdedf
        6735000	       574	8000371e	f1da5f03	lhu	x30,-227(x20)	 x20:0x8001b17d x30=0x00005051 PA:0x8001b09a load:0x00005051
        6745000	       575	80003722	fa489fa3	sh	x4,-65(x17)	 x17:0x80020acb  x4:0xffffc4c5 PA:0x80020a8a store:0xffffc4c5 load:0x00000000
        6755000	       576	80003726	0fe88403	lb	x8,254(x17)	 x17:0x80020acb  x8=0xffffff82 PA:0x80020bc9 load:0xffffff82
        6765000	       577	8000372a	0bf8dd03	lhu	x26,191(x17)	 x17:0x80020acb x26=0x00004041 PA:0x80020b8a load:0x00004041
        6775000	       578	8000372e	0ab8d203	lhu	x4,171(x17)	 x17:0x80020acb  x4=0x00002c2d PA:0x80020b76 load:0x00002c2d
        6785000	       579	80003732	0c3a5983	lhu	x19,195(x20)	 x20:0x8001b17d x19=0x0000fafb PA:0x8001b240 load:0x0000fafb
        6795000	       580	80003736	09988123	sb	x25,130(x17)	 x17:0x80020acb x25:0xffffdedf PA:0x80020b4d store:0xffffdedf load:0x00000000
        6805000	       581	8000373a	f7da1ba3	sh	x29,-137(x20)	 x20:0x8001b17d x29:0x00000506 PA:0x8001b0f4 store:0x00000506 load:0x00000000
        6815000	       582	8000373e	009897a3	sh	x9,15(x17)	 x17:0x80020acb  x9:0x00000404 PA:0x80020ada store:0x00000404 load:0x00000000
        6825000	       583	80003742	f63a1e83	lh	x29,-157(x20)	 x20:0x8001b17d x29=0xffff9a9b PA:0x8001b0e0 load:0xffff9a9b
        6845000	       585	80003746	06a8ac83	lw	x25,106(x17)	 x17:0x80020acb x25=0xf3ecedee PA:0x80020b35 load:0xf3ecedee
        6855000	       586	8000374a	f69e3593	sltiu	x11,x28,-151	 x28:0x000000f3 x11=0x00000001
        6865000	       587	8000374e	3406d3f3	csrrwi	x7,mscratch,13	  x7=0x00000008
        6875000	       588	80003752	008cf263	bgeu	x25,x8,80003756	 x25:0xf3ecedee  x8:0xffffff82
        6885000	       589	80003756	0000100f	fence.i	
        6905000	       591	8000375a	0576	c.slli	x10,0x1d	 x10:0x00000607 x10=0xe0000000
        6915000	       592	8000375c	8065	c.srli	x8,0x19	  x8:0xffffff82  x8=0x0000007f
        6955000	       596	8000375e	020c96b3	mulh	x13,x25,x0	 x25:0xf3ecedee  x0:0x00000000 x13=0x00000000
        6965000	       597	80003762	9342	c.add	x6,x16	  x6:0x000000d5 x16:0x00000056  x6=0x0000012b
        7335000	       634	80003764	031251b3	divu	x3,x4,x17	  x4:0x00002c2d x17:0x80020acb  x3=0x00000000
        7375000	       638	80003768	03acaa33	mulhsu	x20,x25,x26	 x25:0xf3ecedee x26:0x00004041 x20=0xfffffcf8
        7415000	       642	8000376c	02703833	mulhu	x16,x0,x7	  x0:0x00000000  x7:0x00000008 x16=0x00000000
        7425000	       643	80003770	408889b3	sub	x19,x17,x8	 x17:0x80020acb  x8:0x0000007f x19=0x80020a4c
        7435000	       644	80003774	05845163	bge	x8,x24,800037b6	  x8:0x0000007f x24:0x00000819
        7445000	       645	80003778	3406bff3	csrrc	x31,mscratch,x13	 x13:0x00000000 x31=0x0000000d
        7455000	       646	8000377c	00b91ab3	sll	x21,x18,x11	 x18:0xffff8081 x11:0x00000001 x21=0xffff0102
        7465000	       647	80003780	03006963	bltu	x0,x16,800037b2	  x0:0x00000000 x16:0x00000000
        7505000	       651	80003784	03e739b3	mulhu	x19,x14,x30	 x14:0x00000027 x30:0x00005051 x19=0x00000000
        7515000	       652	80003788	0001	c.addi	x0,0	  x0:0x00000000  x0=0x00000000
        7525000	       653	8000378a	6f39	c.lui	x30,0xe	 x30=0x0000e000
        7535000	       654	8000378c	b899ea13	ori	x20,x19,-1143	 x19:0x00000000 x20=0xfffffb89
        7545000	       655	80003790	02004163	blt	x0,x0,800037b2	  x0:0x00000000  x0:0x00000000
        7555000	       656	80003794	03425a63	bge	x4,x20,800037c8	  x4:0x00002c2d x20:0xfffffb89
        7935000	       694	800037c8	03fdce33	div	x28,x27,x31	 x27:0x1e1f1819 x31:0x0000000d x28=0x0251293d
        7945000	       695	800037cc	0088b3b3	sltu	x7,x17,x8	 x17:0x80020acb  x8:0x0000007f  x7=0x00000000
        7955000	       696	800037d0	8d01	c.sub	x10,x8	 x10:0xe0000000  x8:0x0000007f x10=0xdfffff81
        7965000	       697	800037d2	028ced63	bltu	x25,x8,8000380c	 x25:0xf3ecedee  x8:0x0000007f
        7975000	       698	800037d6	8e25	c.xor	x12,x9	 x12:0x00000607  x9:0x00000404 x12=0x00000203
        8015000	       702	800037d8	03b8ab33	mulhsu	x22,x17,x27	 x17:0x80020acb x27:0x1e1f1819 x22=0xf0f0b176
        8025000	       703	800037dc	856e	c.mv	x10,x27	  x0:0x00000000 x27:0x1e1f1819 x10=0x1e1f1819
        8035000	       704	800037de	0000100f	fence.i	
        8065000	       707	800037e2	01c53833	sltu	x16,x10,x28	 x10:0x1e1f1819 x28:0x0251293d x16=0x00000000
        8075000	       708	800037e6	00a5df93	srli	x31,x11,0xa	 x11:0x00000001 x31=0x00000000
        8085000	       709	800037ea	cea5fc93	andi	x25,x11,-790	 x11:0x00000001 x25=0x00000000
        8095000	       710	800037ee	e591	c.bnez	x11,800037fa	 x11:0x00000001
        8125000	       713	800037fa	01697533	and	x10,x18,x22	 x18:0xffff8081 x22:0xf0f0b176 x10=0xf0f08000
        8165000	       717	800037fe	029dbc33	mulhu	x24,x27,x9	 x27:0x1e1f1819  x9:0x00000404 x24=0x00000078
        8175000	       718	80003802	88c1	c.andi	x9,16	  x9:0x00000404  x9=0x00000000
        8185000	       719	80003804	00b54e63	blt	x10,x11,80003820	 x10:0xf0f08000 x11:0x00000001
        8205000	       721	80003820	717d	c.addi16sp	x2,-16	  x2:0x8001b053  x2=0x8001b043
        8215000	       722	80003822	018995b3	sll	x11,x19,x24	 x19:0x00000000 x24:0x00000078 x11=0x00000000
        8585000	       759	80003826	02abc133	div	x2,x23,x10	 x23:0x80030e64 x10:0xf0f08000  x2=0x00000008
        8595000	       760	8000382a	01b82033	slt	x0,x16,x27	 x16:0x00000000 x27:0x1e1f1819  x0=0x00000000
        8965000	       797	8000382e	03495233	divu	x4,x18,x20	 x18:0xffff8081 x20:0xfffffb89  x4=0x00000000
        8975000	       798	80003832	0fb1	c.addi	x31,12	 x31:0x00000000 x31=0x0000000c
        8985000	       799	80003834	0165d133	srl	x2,x11,x22	 x11:0x00000000 x22:0xf0f0b176  x2=0x00000000
        8995000	       800	80003838	008669b3	or	x19,x12,x8	 x12:0x00000203  x8:0x0000007f x19=0x0000027f
        9015000	       802	8000383c	020645b3	div	x11,x12,x0	 x12:0x00000203  x0:0x00000000 x11=0xffffffff
        9025000	       803	80003840	0679	c.addi	x12,30	 x12:0x00000203 x12=0x00000221
        9035000	       804	80003842	24513593	sltiu	x11,x2,581	  x2:0x00000000 x11=0x00000001
        9045000	       805	80003846	002c9b33	sll	x22,x25,x2	 x25:0x00000000  x2:0x00000000 x22=0x00000000
        9075000	       808	8000384a	02c60933	mul	x18,x12,x12	 x12:0x00000221 x12:0x00000221 x18=0x00048841
        9085000	       809	8000384e	1e00	c.addi4spn	x8,x2,816	  x8=0x00000330
        9095000	       810	80003850	5efd	c.li	x29,-1	 x29=0xffffffff
        9105000	       811	80003852	01419b13	slli	x22,x3,0x14	  x3:0x00000000 x22=0x00000000
        9115000	       812	80003856	340023f3	csrrs	x7,mscratch,x0	  x0:0x00000000  x7=0x0000000d
        9125000	       813	8000385a	01a36433	or	x8,x6,x26	  x6:0x0000012b x26:0x00004041  x8=0x0000416b
        9135000	       814	8000385e	41db81b3	sub	x3,x23,x29	 x23:0x80030e64 x29:0xffffffff  x3=0x80030e65
        9145000	       815	80003862	07a74863	blt	x14,x26,800038d2	 x14:0x00000027 x26:0x00004041
        9175000	       818	800038d2	002e8963	beq	x29,x2,800038e4	 x29:0xffffffff  x2:0x00000000
        9185000	       819	800038d6	0f712013	slti	x0,x2,247	  x2:0x00000000  x0=0x00000000
        9195000	       820	800038da	9552	c.add	x10,x20	 x10:0xf0f08000 x20:0xfffffb89 x10=0xf0f07b89
        9205000	       821	800038dc	0001	c.addi	x0,0	  x0:0x00000000  x0=0x00000000
        9215000	       822	800038de	01705363	bge	x0,x23,800038e4	  x0:0x00000000 x23:0x80030e64
        9255000	       826	800038e4	03680fb3	mul	x31,x16,x22	 x16:0x00000000 x22:0x00000000 x31=0x00000000
        9265000	       827	800038e8	ffffd797	auipc	x15,0xffffd	 x15=0x800008e8
        9275000	       828	800038ec	a6c78793	addi	x15,x15,-1428	 x15:0x800008e8 x15=0x80000354
        9285000	       829	800038f0	00078067	jalr	x0,0(x15)	 x15:0x80000354  x0=0x00000000
        9305000	       831	80000354	90000c37	lui	x24,0x90000	 x24=0x90000000
        9315000	       832	80000358	1c61	c.addi	x24,-8	 x24:0x90000000 x24=0x8ffffff8
        9325000	       833	8000035a	4f01	c.li	x30,0	 x30=0x00000000
        9335000	       834	8000035c	0f22	c.slli	x30,0x8	 x30:0x00000000 x30=0x00000000
        9345000	       835	8000035e	0f05	c.addi	x30,1	 x30:0x00000000 x30=0x00000001
        9355000	       836	80000360	01ec2023	sw	x30,0(x24)	 x24:0x8ffffff8 x30:0x00000001 PA:0x8ffffff8 store:0x00000001 load:0x00000000
        9365000	       837	80000364	00000073	ecall	
        9395000	       840	80002700	0800006f	jal	x0,80002780	  x0=0x00000000
        9415000	       842	80002780	12f1	c.addi	x5,-4	  x5:0x80034ce4  x5=0x80034ce0
        9425000	       843	80002782	0172a023	sw	x23,0(x5)	  x5:0x80034ce0 x23:0x80030e64 PA:0x80034ce0 store:0x80030e64 load:0x00000000
