Time	Cycle	PC	Insn	Decoded instruction	Register and memory contents
        2202000	         8	80000080	40001f37	lui	x30,0x40001	 x30=0x40001000
        2362000	        16	80000084	106f0f13	addi	x30,x30,262	 x30:0x40001000 x30=0x40001106
        2642000	        30	80000088	301f1073	csrrw	x0,misa,x30	 x30:0x40001106  x0=0x00000000
        2702000	        33	8000008c	00035297	auipc	x5,0x35	  x5=0x8003508c
        2862000	        41	80000090	c5828293	addi	x5,x5,-936	  x5:0x8003508c  x5=0x80034ce4
        2882000	        42	80000094	00002f17	auipc	x30,0x2	 x30=0x80002094
        2902000	        43	80000098	66cf0f13	addi	x30,x30,1644	 x30:0x80002094 x30=0x80002700
        3142000	        55	8000009c	001f6f13	ori	x30,x30,1	 x30:0x80002700 x30=0x80002701
        3402000	        68	800000a0	305f1073	csrrw	x0,mtvec,x30	 x30:0x80002701  x0=0x00000000
        3462000	        71	800000a4	74725073	csrrwi	x0,0x747,4	  x0=0x00000000
        3522000	        74	800000a8	00003797	auipc	x15,0x3	 x15=0x800030a8
        3542000	        75	800000ac	41478793	addi	x15,x15,1044	 x15:0x800030a8 x15=0x800034bc
        3562000	        76	800000b0	4f01	c.li	x30,0	 x30=0x00000000
        3582000	        77	800000b2	97fa	c.add	x15,x30	 x15:0x800034bc x30:0x00000000 x15=0x800034bc
        3862000	        91	800000b4	8389	c.srli	x15,0x2	 x15:0x800034bc x15=0x20000d2f
        3882000	        92	800000b6	3b079073	csrrw	x0,pmpaddr0,x15	 x15:0x20000d2f  x0=0x00000000
        4302000	       113	800000ba	00003797	auipc	x15,0x3	 x15=0x800030ba
        4362000	       116	800000be	40278793	addi	x15,x15,1026	 x15:0x800030ba x15=0x800034bc
        4382000	       117	800000c2	11111f37	lui	x30,0x11111	 x30=0x11111000
        4462000	       121	800000c6	111f0f13	addi	x30,x30,273	 x30:0x11111000 x30=0x11111111
        4482000	       122	800000ca	97fa	c.add	x15,x30	 x15:0x800034bc x30:0x11111111 x15=0x911145cd
        4742000	       135	800000cc	8389	c.srli	x15,0x2	 x15:0x911145cd x15=0x24445173
        4762000	       136	800000ce	3b179073	csrrw	x0,pmpaddr1,x15	 x15:0x24445173  x0=0x00000000
        4922000	       144	800000d2	00003797	auipc	x15,0x3	 x15=0x800030d2
        4942000	       145	800000d6	3ea78793	addi	x15,x15,1002	 x15:0x800030d2 x15=0x800034bc
        4962000	       146	800000da	22222f37	lui	x30,0x22222	 x30=0x22222000
        4982000	       147	800000de	222f0f13	addi	x30,x30,546	 x30:0x22222000 x30=0x22222222
        5002000	       148	800000e2	97fa	c.add	x15,x30	 x15:0x800034bc x30:0x22222222 x15=0xa22256de
        5082000	       152	800000e4	8389	c.srli	x15,0x2	 x15:0xa22256de x15=0x288895b7
        5242000	       160	800000e6	3b279073	csrrw	x0,pmpaddr2,x15	 x15:0x288895b7  x0=0x00000000
        5302000	       163	800000ea	00003797	auipc	x15,0x3	 x15=0x800030ea
        5322000	       164	800000ee	3d278793	addi	x15,x15,978	 x15:0x800030ea x15=0x800034bc
        5342000	       165	800000f2	33333f37	lui	x30,0x33333	 x30=0x33333000
        5362000	       166	800000f6	333f0f13	addi	x30,x30,819	 x30:0x33333000 x30=0x33333333
        5382000	       167	800000fa	97fa	c.add	x15,x30	 x15:0x800034bc x30:0x33333333 x15=0xb33367ef
        5502000	       173	800000fc	8389	c.srli	x15,0x2	 x15:0xb33367ef x15=0x2cccd9fb
        5542000	       175	800000fe	3b379073	csrrw	x0,pmpaddr3,x15	 x15:0x2cccd9fb  x0=0x00000000
        5602000	       178	80000102	0f0f17b7	lui	x15,0xf0f1	 x15=0x0f0f1000
        5622000	       179	80000106	f0f78793	addi	x15,x15,-241	 x15:0x0f0f1000 x15=0x0f0f0f0f
        5642000	       180	8000010a	3a079073	csrrw	x0,pmpcfg0,x15	 x15:0x0f0f0f0f  x0=0x00000000
        5722000	       184	8000010e	00003797	auipc	x15,0x3	 x15=0x8000310e
        5742000	       185	80000112	3ae78793	addi	x15,x15,942	 x15:0x8000310e x15=0x800034bc
        6262000	       211	80000116	44444f37	lui	x30,0x44444	 x30=0x44444000
        6302000	       213	8000011a	444f0f13	addi	x30,x30,1092	 x30:0x44444000 x30=0x44444444
        6322000	       214	8000011e	97fa	c.add	x15,x30	 x15:0x800034bc x30:0x44444444 x15=0xc4447900
        6342000	       215	80000120	8389	c.srli	x15,0x2	 x15:0xc4447900 x15=0x31111e40
        6362000	       216	80000122	3b479073	csrrw	x0,pmpaddr4,x15	 x15:0x31111e40  x0=0x00000000
        6762000	       236	80000126	00003797	auipc	x15,0x3	 x15=0x80003126
        6782000	       237	8000012a	39678793	addi	x15,x15,918	 x15:0x80003126 x15=0x800034bc
        7202000	       258	8000012e	55555f37	lui	x30,0x55555	 x30=0x55555000
        7222000	       259	80000132	555f0f13	addi	x30,x30,1365	 x30:0x55555000 x30=0x55555555
        7242000	       260	80000136	97fa	c.add	x15,x30	 x15:0x800034bc x30:0x55555555 x15=0xd5558a11
        7342000	       265	80000138	8389	c.srli	x15,0x2	 x15:0xd5558a11 x15=0x35556284
        7502000	       273	8000013a	3b579073	csrrw	x0,pmpaddr5,x15	 x15:0x35556284  x0=0x00000000
        7562000	       276	8000013e	00003797	auipc	x15,0x3	 x15=0x8000313e
        7582000	       277	80000142	37e78793	addi	x15,x15,894	 x15:0x8000313e x15=0x800034bc
        7602000	       278	80000146	66666f37	lui	x30,0x66666	 x30=0x66666000
        7842000	       290	8000014a	666f0f13	addi	x30,x30,1638	 x30:0x66666000 x30=0x66666666
        7862000	       291	8000014e	97fa	c.add	x15,x30	 x15:0x800034bc x30:0x66666666 x15=0xe6669b22
        8042000	       300	80000150	8389	c.srli	x15,0x2	 x15:0xe6669b22 x15=0x3999a6c8
        8462000	       321	80000152	3b679073	csrrw	x0,pmpaddr6,x15	 x15:0x3999a6c8  x0=0x00000000
        8522000	       324	80000156	00003797	auipc	x15,0x3	 x15=0x80003156
        8742000	       335	8000015a	36678793	addi	x15,x15,870	 x15:0x80003156 x15=0x800034bc
        9022000	       349	8000015e	77777f37	lui	x30,0x77777	 x30=0x77777000
        9042000	       350	80000162	777f0f13	addi	x30,x30,1911	 x30:0x77777000 x30=0x77777777
        9062000	       351	80000166	97fa	c.add	x15,x30	 x15:0x800034bc x30:0x77777777 x15=0xf777ac33
        9082000	       352	80000168	8389	c.srli	x15,0x2	 x15:0xf777ac33 x15=0x3dddeb0c
        9102000	       353	8000016a	3b779073	csrrw	x0,pmpaddr7,x15	 x15:0x3dddeb0c  x0=0x00000000
        9242000	       360	8000016e	0f0f17b7	lui	x15,0xf0f1	 x15=0x0f0f1000
        9402000	       368	80000172	f0f78793	addi	x15,x15,-241	 x15:0x0f0f1000 x15=0x0f0f0f0f
        9542000	       375	80000176	3a179073	csrrw	x0,pmpcfg1,x15	 x15:0x0f0f0f0f  x0=0x00000000
        9662000	       381	8000017a	00003797	auipc	x15,0x3	 x15=0x8000317a
        9682000	       382	8000017e	34278793	addi	x15,x15,834	 x15:0x8000317a x15=0x800034bc
        9702000	       383	80000182	88889f37	lui	x30,0x88889	 x30=0x88889000
       10062000	       401	80000186	888f0f13	addi	x30,x30,-1912	 x30:0x88889000 x30=0x88888888
       10082000	       402	8000018a	97fa	c.add	x15,x30	 x15:0x800034bc x30:0x88888888 x15=0x0888bd44
       10102000	       403	8000018c	8389	c.srli	x15,0x2	 x15:0x0888bd44 x15=0x02222f51
       10122000	       404	8000018e	3b879073	csrrw	x0,pmpaddr8,x15	 x15:0x02222f51  x0=0x00000000
       10522000	       424	80000192	00003797	auipc	x15,0x3	 x15=0x80003192
       10902000	       443	80000196	32a78793	addi	x15,x15,810	 x15:0x80003192 x15=0x800034bc
       10922000	       444	8000019a	9999af37	lui	x30,0x9999a	 x30=0x9999a000
       10942000	       445	8000019e	999f0f13	addi	x30,x30,-1639	 x30:0x9999a000 x30=0x99999999
       10962000	       446	800001a2	97fa	c.add	x15,x30	 x15:0x800034bc x30:0x99999999 x15=0x1999ce55
       10982000	       447	800001a4	8389	c.srli	x15,0x2	 x15:0x1999ce55 x15=0x06667395
       11002000	       448	800001a6	3b979073	csrrw	x0,pmpaddr9,x15	 x15:0x06667395  x0=0x00000000
       11062000	       451	800001aa	00003797	auipc	x15,0x3	 x15=0x800031aa
       11082000	       452	800001ae	31278793	addi	x15,x15,786	 x15:0x800031aa x15=0x800034bc
       11302000	       463	800001b2	aaaabf37	lui	x30,0xaaaab	 x30=0xaaaab000
       11402000	       468	800001b6	aaaf0f13	addi	x30,x30,-1366	 x30:0xaaaab000 x30=0xaaaaaaaa
       11422000	       469	800001ba	97fa	c.add	x15,x30	 x15:0x800034bc x30:0xaaaaaaaa x15=0x2aaadf66
       11642000	       480	800001bc	8389	c.srli	x15,0x2	 x15:0x2aaadf66 x15=0x0aaab7d9
       11662000	       481	800001be	3ba79073	csrrw	x0,pmpaddr10,x15	 x15:0x0aaab7d9  x0=0x00000000
       11842000	       490	800001c2	00003797	auipc	x15,0x3	 x15=0x800031c2
       11982000	       497	800001c6	2fa78793	addi	x15,x15,762	 x15:0x800031c2 x15=0x800034bc
       12002000	       498	800001ca	bbbbcf37	lui	x30,0xbbbbc	 x30=0xbbbbc000
       12022000	       499	800001ce	bbbf0f13	addi	x30,x30,-1093	 x30:0xbbbbc000 x30=0xbbbbbbbb
       12042000	       500	800001d2	97fa	c.add	x15,x30	 x15:0x800034bc x30:0xbbbbbbbb x15=0x3bbbf077
       12182000	       507	800001d4	8389	c.srli	x15,0x2	 x15:0x3bbbf077 x15=0x0eeefc1d
       12482000	       522	800001d6	3bb79073	csrrw	x0,pmpaddr11,x15	 x15:0x0eeefc1d  x0=0x00000000
       12722000	       534	800001da	0f0f17b7	lui	x15,0xf0f1	 x15=0x0f0f1000
       12742000	       535	800001de	f0f78793	addi	x15,x15,-241	 x15:0x0f0f1000 x15=0x0f0f0f0f
       12862000	       541	800001e2	3a279073	csrrw	x0,pmpcfg2,x15	 x15:0x0f0f0f0f  x0=0x00000000
       12962000	       546	800001e6	00003797	auipc	x15,0x3	 x15=0x800031e6
       12982000	       547	800001ea	2d678793	addi	x15,x15,726	 x15:0x800031e6 x15=0x800034bc
       13262000	       561	800001ee	ccccdf37	lui	x30,0xccccd	 x30=0xccccd000
       13682000	       582	800001f2	cccf0f13	addi	x30,x30,-820	 x30:0xccccd000 x30=0xcccccccc
       13702000	       583	800001f6	97fa	c.add	x15,x30	 x15:0x800034bc x30:0xcccccccc x15=0x4ccd0188
       13722000	       584	800001f8	8389	c.srli	x15,0x2	 x15:0x4ccd0188 x15=0x13334062
       13862000	       591	800001fa	3bc79073	csrrw	x0,pmpaddr12,x15	 x15:0x13334062  x0=0x00000000
       14002000	       598	800001fe	00003797	auipc	x15,0x3	 x15=0x800031fe
       14022000	       599	80000202	2be78793	addi	x15,x15,702	 x15:0x800031fe x15=0x800034bc
       14202000	       608	80000206	ddddef37	lui	x30,0xdddde	 x30=0xdddde000
       14222000	       609	8000020a	dddf0f13	addi	x30,x30,-547	 x30:0xdddde000 x30=0xdddddddd
       14242000	       610	8000020e	97fa	c.add	x15,x30	 x15:0x800034bc x30:0xdddddddd x15=0x5dde1299
       14262000	       611	80000210	8389	c.srli	x15,0x2	 x15:0x5dde1299 x15=0x177784a6
       14282000	       612	80000212	3bd79073	csrrw	x0,pmpaddr13,x15	 x15:0x177784a6  x0=0x00000000
       14342000	       615	80000216	00003797	auipc	x15,0x3	 x15=0x80003216
       14362000	       616	8000021a	2a678793	addi	x15,x15,678	 x15:0x80003216 x15=0x800034bc
       14502000	       623	8000021e	eeeeff37	lui	x30,0xeeeef	 x30=0xeeeef000
       14582000	       627	80000222	eeef0f13	addi	x30,x30,-274	 x30:0xeeeef000 x30=0xeeeeeeee
       14602000	       628	80000226	97fa	c.add	x15,x30	 x15:0x800034bc x30:0xeeeeeeee x15=0x6eef23aa
       14662000	       631	80000228	8389	c.srli	x15,0x2	 x15:0x6eef23aa x15=0x1bbbc8ea
       14702000	       633	8000022a	3be79073	csrrw	x0,pmpaddr14,x15	 x15:0x1bbbc8ea  x0=0x00000000
       15022000	       649	8000022e	00003797	auipc	x15,0x3	 x15=0x8000322e
       15442000	       670	80000232	28e78793	addi	x15,x15,654	 x15:0x8000322e x15=0x800034bc
       15462000	       671	80000236	fff00f13	addi	x30,x0,-1	  x0:0x00000000 x30=0xffffffff
       15482000	       672	8000023a	97fa	c.add	x15,x30	 x15:0x800034bc x30:0xffffffff x15=0x800034bb
       15662000	       681	8000023c	8389	c.srli	x15,0x2	 x15:0x800034bb x15=0x20000d2e
       15702000	       683	8000023e	3bf79073	csrrw	x0,pmpaddr15,x15	 x15:0x20000d2e  x0=0x00000000
       15762000	       686	80000242	0f0f17b7	lui	x15,0xf0f1	 x15=0x0f0f1000
       15782000	       687	80000246	f0f78793	addi	x15,x15,-241	 x15:0x0f0f1000 x15=0x0f0f0f0f
       15802000	       688	8000024a	3a379073	csrrw	x0,pmpcfg3,x15	 x15:0x0f0f0f0f  x0=0x00000000
       16202000	       708	8000024e	00000f17	auipc	x30,0x0	 x30=0x8000024e
       16222000	       709	80000252	058f0f13	addi	x30,x30,88	 x30:0x8000024e x30=0x800002a6
       16242000	       710	80000256	341f1073	csrrw	x0,mepc,x30	 x30:0x800002a6  x0=0x00000000
       16262000	       711	8000025a	7c00d073	csrrwi	x0,0x7c0,1	  x0=0x00000000
       16322000	       714	8000025e	6f09	c.lui	x30,0x2	 x30=0x00002000
       16622000	       729	80000260	800f0f13	addi	x30,x30,-2048	 x30:0x00002000 x30=0x00001800
       16682000	       732	80000264	300f1073	csrrw	x0,mstatus,x30	 x30:0x00001800  x0=0x00000000
       17062000	       751	80000268	4f01	c.li	x30,0	 x30=0x00000000
       17442000	       770	8000026a	304f1073	csrrw	x0,mie,x30	 x30:0x00000000  x0=0x00000000
       17502000	       773	8000026e	90000c37	lui	x24,0x90000	 x24=0x90000000
       17522000	       774	80000272	1c71	c.addi	x24,-4	 x24:0x90000000 x24=0x8ffffffc
       17882000	       792	80000274	30000f13	addi	x30,x0,768	  x0:0x00000000 x30=0x00000300
       17902000	       793	80000278	0f22	c.slli	x30,0x8	 x30:0x00000300 x30=0x00030000
       17922000	       794	8000027a	0f0d	c.addi	x30,3	 x30:0x00030000 x30=0x00030003
       18382000	       817	8000027c	01ec2023	sw	x30,0(x24)	 x24:0x8ffffffc x30:0x00030003 PA:0x8ffffffc store:0x00030003 load:0xffffffff
       18402000	       818	80000280	30002f73	csrrs	x30,mstatus,x0	  x0:0x00000000 x30=0x00001800
       18982000	       847	80000284	01ec2023	sw	x30,0(x24)	 x24:0x8ffffffc x30:0x00001800 PA:0x8ffffffc store:0x00001800 load:0xffffffff
       19002000	       848	80000288	90000c37	lui	x24,0x90000	 x24=0x90000000
       19022000	       849	8000028c	1c71	c.addi	x24,-4	 x24:0x90000000 x24=0x8ffffffc
       19042000	       850	8000028e	30400f13	addi	x30,x0,772	  x0:0x00000000 x30=0x00000304
       19062000	       851	80000292	0f22	c.slli	x30,0x8	 x30:0x00000304 x30=0x00030400
       19082000	       852	80000294	0f0d	c.addi	x30,3	 x30:0x00030400 x30=0x00030403
       19242000	       860	80000296	01ec2023	sw	x30,0(x24)	 x24:0x8ffffffc x30:0x00030403 PA:0x8ffffffc store:0x00030403 load:0xffffffff
       19262000	       861	8000029a	30402f73	csrrs	x30,mie,x0	  x0:0x00000000 x30=0x00000000
       19722000	       884	8000029e	01ec2023	sw	x30,0(x24)	 x24:0x8ffffffc x30:0x00000000 PA:0x8ffffffc store:0x00000000 load:0xffffffff
       19742000	       885	800002a2	30200073	mret	
       19822000	       889	800002a6	00200013	addi	x0,x0,2	  x0:0x00000000  x0=0x00000000
       19842000	       890	800002aa	800000b7	lui	x1,0x80000	  x1=0x80000000
       19862000	       891	800002ae	4121	c.li	x2,8	  x2=0x00000008
       21062000	       951	800002b0	fb2c31b7	lui	x3,0xfb2c3	  x3=0xfb2c3000
       21262000	       961	800002b4	ec418193	addi	x3,x3,-316	  x3:0xfb2c3000  x3=0xfb2c2ec4
       21462000	       971	800002b8	fadcf237	lui	x4,0xfadcf	  x4=0xfadcf000
       21482000	       972	800002bc	87920213	addi	x4,x4,-1927	  x4:0xfadcf000  x4=0xfadce879
       21502000	       973	800002c0	80000337	lui	x6,0x80000	  x6=0x80000000
       21522000	       974	800002c4	43bd	c.li	x7,15	  x7=0x0000000f
       21842000	       990	800002c6	834b0437	lui	x8,0x834b0	  x8=0x834b0000
       21862000	       991	800002ca	f3d40413	addi	x8,x8,-195	  x8:0x834b0000  x8=0x834aff3d
       21882000	       992	800002ce	4481	c.li	x9,0	  x9=0x00000000
       21902000	       993	800002d0	80000537	lui	x10,0x80000	 x10=0x80000000
       21922000	       994	800002d4	fc76e5b7	lui	x11,0xfc76e	 x11=0xfc76e000
       21942000	       995	800002d8	4c958593	addi	x11,x11,1225	 x11:0xfc76e000 x11=0xfc76e4c9
       22122000	      1004	800002dc	80000637	lui	x12,0x80000	 x12=0x80000000
       22142000	      1005	800002e0	4681	c.li	x13,0	 x13=0x00000000
       22162000	      1006	800002e2	b76a4737	lui	x14,0xb76a4	 x14=0xb76a4000
       22342000	      1015	800002e6	cb870713	addi	x14,x14,-840	 x14:0xb76a4000 x14=0xb76a3cb8
       22362000	      1016	800002ea	4781	c.li	x15,0	 x15=0x00000000
       22382000	      1017	800002ec	f5e2d837	lui	x16,0xf5e2d	 x16=0xf5e2d000
       22502000	      1023	800002f0	1bd80813	addi	x16,x16,445	 x16:0xf5e2d000 x16=0xf5e2d1bd
       22662000	      1031	800002f4	4881	c.li	x17,0	 x17=0x00000000
       22702000	      1033	800002f6	f8439937	lui	x18,0xf8439	 x18=0xf8439000
       22782000	      1037	800002fa	4fe90913	addi	x18,x18,1278	 x18:0xf8439000 x18=0xf84394fe
       22802000	      1038	800002fe	800009b7	lui	x19,0x80000	 x19=0x80000000
       22822000	      1039	80000302	4a01	c.li	x20,0	 x20=0x00000000
       22922000	      1044	80000304	fbac3ab7	lui	x21,0xfbac3	 x21=0xfbac3000
       23122000	      1054	80000308	d00a8a93	addi	x21,x21,-768	 x21:0xfbac3000 x21=0xfbac2d00
       23142000	      1055	8000030c	4b01	c.li	x22,0	 x22=0x00000000
       23362000	      1066	8000030e	46a94c37	lui	x24,0x46a94	 x24=0x46a94000
       23482000	      1072	80000312	8a7c0c13	addi	x24,x24,-1881	 x24:0x46a94000 x24=0x46a938a7
       23682000	      1082	80000316	80000cb7	lui	x25,0x80000	 x25=0x80000000
       23842000	      1090	8000031a	f9271d37	lui	x26,0xf9271	 x26=0xf9271000
       23982000	      1097	8000031e	2f8d0d13	addi	x26,x26,760	 x26:0xf9271000 x26=0xf92712f8
       24382000	      1117	80000322	a4a80db7	lui	x27,0xa4a80	 x27=0xa4a80000
       24802000	      1138	80000326	b50d8d93	addi	x27,x27,-1200	 x27:0xa4a80000 x27=0xa4a7fb50
       24822000	      1139	8000032a	80000e37	lui	x28,0x80000	 x28=0x80000000
       24842000	      1140	8000032e	80000eb7	lui	x29,0x80000	 x29=0x80000000
       24862000	      1141	80000332	4f35	c.li	x30,13	 x30=0x0000000d
       25262000	      1161	80000334	4fad	c.li	x31,11	 x31=0x0000000b
       25682000	      1182	80000336	00031b97	auipc	x23,0x31	 x23=0x80031336
       25942000	      1195	8000033a	b2eb8b93	addi	x23,x23,-1234	 x23:0x80031336 x23=0x80030e64
       25962000	      1196	8000033e	90000c37	lui	x24,0x90000	 x24=0x90000000
       25982000	      1197	80000342	1c71	c.addi	x24,-4	 x24:0x90000000 x24=0x8ffffffc
       26002000	      1198	80000344	4f01	c.li	x30,0	 x30=0x00000000
       26022000	      1199	80000346	0f22	c.slli	x30,0x8	 x30:0x00000000 x30=0x00000000
       26102000	      1203	80000348	000f0f13	addi	x30,x30,0	 x30:0x00000000 x30=0x00000000
       26422000	      1219	8000034c	01ec2023	sw	x30,0(x24)	 x24:0x8ffffffc x30:0x00000000 PA:0x8ffffffc store:0x00000000 load:0xffffffff
       26442000	      1220	80000350	16c0306f	jal	x0,800034bc	  x0=0x00000000
       27742000	      1285	800034bc	00021317	auipc	x6,0x21	  x6=0x800244bc
       27962000	      1296	800034c0	6a530313	addi	x6,x6,1701	  x6:0x800244bc  x6=0x80024b61
       28102000	      1303	800034c4	3404dc73	csrrwi	x24,mscratch,9	 x24=0x00000000
       28622000	      1329	800034c8	02230e83	lb	x29,34(x6)	  x6:0x80024b61 x29=0x00000038 PA:0x80024b83 load:0x00000038
       28642000	      1330	800034cc	1d77f393	andi	x7,x15,471	 x15:0x00000000  x7=0x00000000
       28702000	      1333	800034d0	fd332c03	lw	x24,-45(x6)	  x6:0x80024b61 x24=0xecedeeef PA:0x80024b34 load:0xecedeeef
       28742000	      1335	800034d4	013710b3	sll	x1,x14,x19	 x14:0xb76a3cb8 x19:0x80000000  x1=0xb76a3cb8
       28982000	      1347	800034d8	03735983	lhu	x19,55(x6)	  x6:0x80024b61 x19=0x00005253 PA:0x80024b98 load:0x00005253
       29322000	      1364	800034dc	fed30a23	sb	x13,-12(x6)	  x6:0x80024b61 x13:0x00000000 PA:0x80024b55 store:0x00000000 load:0x000000ff
       29342000	      1365	800034e0	01033a33	sltu	x20,x6,x16	  x6:0x80024b61 x16:0xf5e2d1bd x20=0x00000001
       29362000	      1366	800034e4	8f69	c.and	x14,x10	 x14:0xb76a3cb8 x10:0x80000000 x14=0x80000000
       29482000	      1372	800034e6	fea35103	lhu	x2,-22(x6)	  x6:0x80024b61  x2=0x00000700 PA:0x80024b4b load:0x00000700
       29502000	      1373	800034ea	cae96197	auipc	x3,0xcae96	  x3=0x4ae994ea
       29582000	      1377	800034ee	00c30803	lb	x16,12(x6)	  x6:0x80024b61 x16=0x00000026 PA:0x80024b6d load:0x00000026
       29802000	      1388	800034f2	fed34903	lbu	x18,-19(x6)	  x6:0x80024b61 x18=0x00000005 PA:0x80024b4e load:0x00000005
       29822000	      1389	800034f6	0000100f	fence.i	
       30702000	      1433	800034fa	ff634903	lbu	x18,-10(x6)	  x6:0x80024b61 x18=0x0000000c PA:0x80024b57 load:0x0000000c
       30842000	      1440	800034fe	fc131123	sh	x1,-62(x6)	  x6:0x80024b61  x1:0xb76a3cb8 PA:0x80024b23 store:0xb76a3cb8 load:0x0000ff00
       30862000	      1441	80003502	0000100f	fence.i	
       31482000	      1472	80003506	ff9311a3	sh	x25,-29(x6)	  x6:0x80024b61 x25:0x80000000 PA:0x80024b44 store:0x80000000 load:0x0000ffff
       31502000	      1473	8000350a	00ec5813	srli	x16,x24,0xe	 x24:0xecedeeef x16=0x0003b3b7
       32242000	      1510	8000350e	038b44b3	div	x9,x22,x24	 x22:0x00000000 x24:0xecedeeef  x9=0x00000000
       32702000	      1533	80003512	03032503	lw	x10,48(x6)	  x6:0x80024b61 x10=0x4f48494a PA:0x80024b91 load:0x4f48494a
       32742000	      1535	80003516	032f1c33	mulh	x24,x30,x18	 x30:0x00000000 x18:0x0000000c x24=0x00000000
       32862000	      1541	8000351a	01a34003	lbu	x0,26(x6)	  x6:0x80024b61  x0=0x00000000 PA:0x80024b7b load:0x00000030
       33302000	      1563	8000351e	fda31d03	lh	x26,-38(x6)	  x6:0x80024b61 x26=0xfffff7f0 PA:0x80024b3b load:0xfffff7f0
       33362000	      1566	80003522	00234203	lbu	x4,2(x6)	  x6:0x80024b61  x4=0x00000018 PA:0x80024b63 load:0x00000018
       33782000	      1587	80003526	fd530ca3	sb	x21,-39(x6)	  x6:0x80024b61 x21:0xfbac2d00 PA:0x80024b3a store:0xfbac2d00 load:0x000000ff
       33802000	      1588	8000352a	00b2f1b3	and	x3,x5,x11	  x5:0x80034ce4 x11:0xfc76e4c9  x3=0x800244c0
       33822000	      1589	8000352e	414e8ab3	sub	x21,x29,x20	 x29:0x00000038 x20:0x00000001 x21=0x00000037
       33842000	      1590	80003532	01ba78b3	and	x17,x20,x27	 x20:0x00000001 x27:0xa4a7fb50 x17=0x00000000
       34302000	      1613	80003536	03134683	lbu	x13,49(x6)	  x6:0x80024b61 x13=0x00000049 PA:0x80024b92 load:0x00000049
       34322000	      1614	8000353a	019a9e33	sll	x28,x21,x25	 x21:0x00000037 x25:0x80000000 x28=0x00000037
       34342000	      1615	8000353e	8c4d	c.or	x8,x11	  x8:0x834aff3d x11:0xfc76e4c9  x8=0xff7efffd
       34802000	      1638	80003540	00d34f03	lbu	x30,13(x6)	  x6:0x80024b61 x30=0x00000025 PA:0x80024b6e load:0x00000025
       34862000	      1641	80003544	fcb32003	lw	x0,-53(x6)	  x6:0x80024b61  x0=0x00000000 PA:0x80024b2c load:0xe4e5e6e7
       35042000	      1650	80003548	fde30e83	lb	x29,-34(x6)	  x6:0x80024b61 x29=0xfffffff4 PA:0x80024b3f load:0xfffffff4
       35102000	      1653	8000354c	fc430523	sb	x4,-54(x6)	  x6:0x80024b61  x4:0x00000018 PA:0x80024b2b store:0x00000018 load:0x000000ff
       35122000	      1654	80003550	00024e97	auipc	x29,0x24	 x29=0x80027550
       35222000	      1659	80003554	2d0e8e93	addi	x29,x29,720	 x29:0x80027550 x29=0x80027820
       35302000	      1663	80003558	fc7e9883	lh	x17,-57(x29)	 x29:0x80027820 x17=0xffffa39c PA:0x800277e7 load:0xffffa39c
       35322000	      1664	8000355c	022edc83	lhu	x25,34(x29)	 x29:0x80027820 x25=0x0000f8f9 PA:0x80027842 load:0x0000f8f9
       35462000	      1671	80003560	020ead03	lw	x26,32(x29)	 x29:0x80027820 x26=0xf8f9fafb PA:0x80027840 load:0xf8f9fafb
       35522000	      1674	80003564	fd5ed303	lhu	x6,-43(x29)	 x29:0x80027820  x6=0x0000adae PA:0x800277f5 load:0x0000adae
       35842000	      1690	80003568	fc9ea623	sw	x9,-52(x29)	 x29:0x80027820  x9:0x00000000 PA:0x800277ec store:0x00000000 load:0xffffffff
       36022000	      1699	8000356c	000ea623	sw	x0,12(x29)	 x29:0x80027820  x0:0x00000000 PA:0x8002782c store:0x00000000 load:0xffffffff
       36762000	      1736	80003570	fcee8323	sb	x14,-58(x29)	 x29:0x80027820 x14:0x80000000 PA:0x800277e6 store:0x80000000 load:0x000000ff
       36822000	      1739	80003574	ffce8ba3	sb	x28,-9(x29)	 x29:0x80027820 x28:0x00000037 PA:0x80027817 store:0x00000037 load:0x000000ff
       37242000	      1760	80003578	ff1e9c83	lh	x25,-15(x29)	 x29:0x80027820 x25=0xffffc9ca PA:0x80027811 load:0xffffc9ca
       37262000	      1761	8000357c	0000100f	fence.i	
       37282000	      1762	80003580	8d89	c.sub	x11,x10	 x11:0xfc76e4c9 x10:0x4f48494a x11=0xad2e9b7f
       38022000	      1799	80003582	fd6ea603	lw	x12,-42(x29)	 x29:0x80027820 x12=0xb2b3acad PA:0x800277f6 load:0xb2b3acad
       38062000	      1801	80003586	032a1133	mulh	x2,x20,x18	 x20:0x00000001 x18:0x0000000c  x2=0x00000000
       38222000	      1809	8000358a	ffeec303	lbu	x6,-2(x29)	 x29:0x80027820  x6=0x000000d5 PA:0x8002781e load:0x000000d5
       38242000	      1810	8000358e	03da	c.slli	x7,0x16	  x7:0x00000000  x7=0x00000000
       38262000	      1811	80003590	82f1	c.srli	x13,0x1c	 x13:0x00000049 x13=0x00000000
       38382000	      1817	80003592	013e8183	lb	x3,19(x29)	 x29:0x80027820  x3=0xffffffe8 PA:0x80027833 load:0xffffffe8
       38442000	      1820	80003596	fcde9903	lh	x18,-51(x29)	 x29:0x80027820 x18=0x00000000 PA:0x800277ed load:0x00000000
       38502000	      1823	8000359a	00ae9223	sh	x10,4(x29)	 x29:0x80027820 x10:0x4f48494a PA:0x80027824 store:0x4f48494a load:0x0000ffff
       38522000	      1824	8000359e	38b5ef13	ori	x30,x11,907	 x11:0xad2e9b7f x30=0xad2e9bff
       38862000	      1841	800035a2	fe3e9523	sh	x3,-22(x29)	 x29:0x80027820  x3:0xffffffe8 PA:0x8002780a store:0xffffffe8 load:0x0000ffff
       39602000	      1878	800035a6	02e6c833	div	x16,x13,x14	 x13:0x00000000 x14:0x80000000 x16=0x00000000
       47882000	      2292	800035aa	02de9683	lh	x13,45(x29)	 x29:0x80027820 x13=0x00000506 PA:0x8002784d load:0x00000506
       47922000	      2294	800035ae	0239b0b3	mulhu	x1,x19,x3	 x19:0x00005253  x3:0xffffffe8  x1=0x00005252
       47982000	      2297	800035b2	fd1e8023	sb	x17,-64(x29)	 x29:0x80027820 x17:0xffffa39c PA:0x800277e0 store:0xffffa39c load:0x000000ff
       48002000	      2298	800035b6	8f11	c.sub	x14,x12	 x14:0x80000000 x12:0xb2b3acad x14=0xcd4c5353
       48022000	      2299	800035b8	feee9203	lh	x4,-18(x29)	 x29:0x80027820  x4=0xffffc4c5 PA:0x8002780e load:0xffffc4c5
       48062000	      2301	800035bc	01de9703	lh	x14,29(x29)	 x29:0x80027820 x14=0xfffff5f6 PA:0x8002783d load:0xfffff5f6
       48582000	      2327	800035c0	fc8ea5a3	sw	x8,-53(x29)	 x29:0x80027820  x8:0xff7efffd PA:0x800277eb store:0xff7efffd load:0xffffffac
       48782000	      2337	800035c4	fdbe8b03	lb	x22,-37(x29)	 x29:0x80027820 x22=0xffffffb0 PA:0x800277fb load:0xffffffb0
       48802000	      2338	800035c8	40ea5413	srai	x8,x20,0xe	 x20:0x00000001  x8=0x00000000
       48822000	      2339	800035cc	1f137917	auipc	x18,0x1f137	 x18=0x9f13a5cc
       49082000	      2352	800035d0	00bea383	lw	x7,11(x29)	 x29:0x80027820  x7=0x000000e0 PA:0x8002782b load:0x000000e0
       49102000	      2353	800035d4	8c5d	c.or	x8,x15	  x8:0x00000000 x15:0x00000000  x8=0x00000000
       49562000	      2376	800035d6	02becc83	lbu	x25,43(x29)	 x29:0x80027820 x25=0x00000000 PA:0x8002784b load:0x00000000
       49582000	      2377	800035da	00e6d513	srli	x10,x13,0xe	 x13:0x00000506 x10=0x00000000
       49842000	      2390	800035de	032e84a3	sb	x18,41(x29)	 x29:0x80027820 x18:0x9f13a5cc PA:0x80027849 store:0x9f13a5cc load:0x000000ff
       49862000	      2391	800035e2	000e9023	sh	x0,0(x29)	 x29:0x80027820  x0:0x00000000 PA:0x80027820 store:0x00000000 load:0x0000ffff
       49882000	      2392	800035e6	34033af3	csrrc	x21,mscratch,x6	  x6:0x000000d5 x21=0x00000009
       49902000	      2393	800035ea	038ecd83	lbu	x27,56(x29)	 x29:0x80027820 x27=0x00000013 PA:0x80027858 load:0x00000013
       50122000	      2404	800035ee	000eaf83	lw	x31,0(x29)	 x29:0x80027820 x31=0xd8d90000 PA:0x80027820 load:0xd8d90000
       51002000	      2448	800035f2	02127cb3	remu	x25,x4,x1	  x4:0xffffc4c5  x1:0x00005252 x25=0x00001e1f
       51022000	      2449	800035f6	5f022593	slti	x11,x4,1520	  x4:0xffffc4c5 x11=0x00000001
       51502000	      2473	800035fa	03dea723	sw	x29,46(x29)	 x29:0x80027820 x29:0x80027820 PA:0x8002784e store:0x80027820 load:0xffffe0e1
       51522000	      2474	800035fe	00022c97	auipc	x25,0x22	 x25=0x800255fe
       51542000	      2475	80003602	72ac8c93	addi	x25,x25,1834	 x25:0x800255fe x25=0x80025d28
       51562000	      2476	80003606	00018697	auipc	x13,0x18	 x13=0x8001b606
       51582000	      2477	8000360a	b6168693	addi	x13,x13,-1183	 x13:0x8001b606 x13=0x8001b167
       51762000	      2486	8000360e	774cd803	lhu	x16,1908(x25)	 x25:0x80025d28 x16=0x00005657 PA:0x8002649c load:0x00005657
       51782000	      2487	80003612	e0bcce03	lbu	x28,-501(x25)	 x25:0x80025d28 x28=0x000000e8 PA:0x80025b33 load:0x000000e8
       51802000	      2488	80003616	05368003	lb	x0,83(x13)	 x13:0x8001b167  x0=0x00000000 PA:0x8001b1ba load:0x00000071
       52022000	      2499	8000361a	0d4c9103	lh	x2,212(x25)	 x25:0x80025d28  x2=0xffffb6b7 PA:0x80025dfc load:0xffffb6b7
       52042000	      2500	8000361e	805cd503	lhu	x10,-2043(x25)	 x25:0x80025d28 x10=0x0000e5e6 PA:0x8002552d load:0x0000e5e6
       52062000	      2501	80003622	f10cce03	lbu	x28,-240(x25)	 x25:0x80025d28 x28=0x000000f3 PA:0x80025c38 load:0x000000f3
       52102000	      2503	80003626	0176a983	lw	x19,23(x13)	 x13:0x8001b167 x19=0x3a3b3435 PA:0x8001b17e load:0x3a3b3435
       52282000	      2512	8000362a	025c8003	lb	x0,37(x25)	 x25:0x80025d28  x0=0x00000000 PA:0x80025d4d load:0x00000006
       52602000	      2528	8000362e	17b6ada3	sw	x27,379(x13)	 x13:0x8001b167 x27:0x00000013 PA:0x8001b2e2 store:0x00000013 load:0xffff3435
       53022000	      2549	80003632	783ca023	sw	x3,1920(x25)	 x25:0x80025d28  x3:0xffffffe8 PA:0x800264a8 store:0xffffffe8 load:0xffffffff
       53522000	      2574	80003636	211ca983	lw	x19,529(x25)	 x25:0x80025d28 x19=0xf7f0f1f2 PA:0x80025f39 load:0xf7f0f1f2
       53762000	      2586	8000363a	08e6a903	lw	x18,142(x13)	 x13:0x8001b167 x18=0xb3acadae PA:0x8001b1f5 load:0xb3acadae
       53822000	      2589	8000363e	7fb6ad83	lw	x27,2043(x13)	 x13:0x8001b167 x27=0x1e1f1819 PA:0x8001b962 load:0x1e1f1819
       53842000	      2590	80003642	5396a803	lw	x16,1337(x13)	 x13:0x8001b167 x16=0x58595a5b PA:0x8001b6a0 load:0x58595a5b
       54002000	      2598	80003646	0526a123	sw	x18,66(x13)	 x13:0x8001b167 x18:0xb3acadae PA:0x8001b1a9 store:0xb3acadae load:0xff18191a
       54022000	      2599	8000364a	00018117	auipc	x2,0x18	  x2=0x8001b64a
       54042000	      2600	8000364e	a0910113	addi	x2,x2,-1527	  x2:0x8001b64a  x2=0x8001b053
       54422000	      2619	80003652	340aa6f3	csrrs	x13,mscratch,x21	 x21:0x00000009 x13=0x00000008
       54602000	      2628	80003656	ff915503	lhu	x10,-7(x2)	  x2:0x8001b053 x10=0x00000607 PA:0x8001b04c load:0x00000607
       54702000	      2633	8000365a	c826	c.swsp	x9,16(x2)	  x2:0x8001b053  x9:0x00000000 PA:0x8001b063 store:0x00000000 load:0xffffff18
       54822000	      2639	8000365c	00211123	sh	x2,2(x2)	  x2:0x8001b053  x2:0x8001b053 PA:0x8001b055 store:0x8001b053 load:0x0000ffff
       54842000	      2640	80003660	34045b73	csrrwi	x22,mscratch,8	 x22=0x00000009
       54902000	      2643	80003664	00f14583	lbu	x11,15(x2)	  x2:0x8001b053 x11=0x00000019 PA:0x8001b062 load:0x00000019
       55062000	      2651	80003668	ffd11483	lh	x9,-3(x2)	  x2:0x8001b053  x9=0x00000a0b PA:0x8001b050 load:0x00000a0b
       55482000	      2672	8000366c	00510e83	lb	x29,5(x2)	  x2:0x8001b053 x29=0x00000013 PA:0x8001b058 load:0x00000013
       55542000	      2675	80003670	00915883	lhu	x17,9(x2)	  x2:0x8001b053 x17=0x00001617 PA:0x8001b05c load:0x00001617
       55702000	      2683	80003674	009114a3	sh	x9,9(x2)	  x2:0x8001b053  x9:0x00000a0b PA:0x8001b05c store:0x00000a0b load:0x0000ffff
       55722000	      2684	80003678	34007ef3	csrrci	x29,mscratch,0	 x29=0x00000008
       55742000	      2685	8000367c	898a	c.mv	x19,x2	  x0:0x00000000  x2:0x8001b053 x19=0x8001b053
       55802000	      2688	8000367e	01d104a3	sb	x29,9(x2)	  x2:0x8001b053 x29:0x00000008 PA:0x8001b05c store:0x00000008 load:0x000000ff
       56462000	      2721	80003682	ffa11e83	lh	x29,-6(x2)	  x2:0x8001b053 x29=0x00000506 PA:0x8001b04d load:0x00000506
       56522000	      2724	80003686	00d15603	lhu	x12,13(x2)	  x2:0x8001b053 x12=0x00001a1b PA:0x8001b060 load:0x00001a1b
       56582000	      2727	8000368a	004106a3	sb	x4,13(x2)	  x2:0x8001b053  x4:0xffffc4c5 PA:0x8001b060 store:0xffffc4c5 load:0x000000ff
       56762000	      2736	8000368e	00c11523	sh	x12,10(x2)	  x2:0x8001b053 x12:0x00001a1b PA:0x8001b05d store:0x00001a1b load:0x0000ffff
       56882000	      2742	80003692	00e11523	sh	x14,10(x2)	  x2:0x8001b053 x14:0xfffff5f6 PA:0x8001b05d store:0xfffff5f6 load:0x0000ffff
       56942000	      2745	80003696	fe411ea3	sh	x4,-3(x2)	  x2:0x8001b053  x4:0xffffc4c5 PA:0x8001b050 store:0xffffc4c5 load:0x0000ffff
       57202000	      2758	8000369a	ffb10d03	lb	x26,-5(x2)	  x2:0x8001b053 x26=0x00000005 PA:0x8001b04e load:0x00000005
       57222000	      2759	8000369e	340028f3	csrrs	x17,mscratch,x0	  x0:0x00000000 x17=0x00000008
       57322000	      2764	800036a2	ffe14683	lbu	x13,-2(x2)	  x2:0x8001b053 x13=0x000000c4 PA:0x8001b051 load:0x000000c4
       58302000	      2813	800036a6	ffa12603	lw	x12,-6(x2)	  x2:0x8001b053 x12=0xc5040506 PA:0x8001b04d load:0xc5040506
       58322000	      2814	800036aa	94a2	c.add	x9,x8	  x9:0x00000a0b  x8:0x00000000  x9=0x00000a0b
       58562000	      2826	800036ac	00211003	lh	x0,2(x2)	  x2:0x8001b053  x0=0x00000000 PA:0x8001b055 load:0xffffb053
       59262000	      2861	800036b0	01112323	sw	x17,6(x2)	  x2:0x8001b053 x17:0x00000008 PA:0x8001b059 store:0x00000008 load:0xff040506
       59282000	      2862	800036b4	0001c917	auipc	x18,0x1c	 x18=0x8001f6b4
       59302000	      2863	800036b8	48490913	addi	x18,x18,1156	 x18:0x8001f6b4 x18=0x8001fb38
       60182000	      2907	800036bc	fe2922a3	sw	x2,-27(x18)	 x18:0x8001fb38  x2:0x8001b053 PA:0x8001fb1d store:0x8001b053 load:0xff040506
       60522000	      2924	800036c0	fef902a3	sb	x15,-27(x18)	 x18:0x8001fb38 x15:0x00000000 PA:0x8001fb1d store:0x00000000 load:0x000000ff
       60602000	      2928	800036c4	fea922a3	sw	x10,-27(x18)	 x18:0x8001fb38 x10:0x00000607 PA:0x8001fb1d store:0x00000607 load:0xff040506
       60622000	      2929	800036c8	fe594d03	lbu	x26,-27(x18)	 x18:0x8001fb38 x26=0x00000007 PA:0x8001fb1d load:0x00000007
       60782000	      2937	800036cc	fe592f03	lw	x30,-27(x18)	 x18:0x8001fb38 x30=0x00000607 PA:0x8001fb1d load:0x00000607
       61182000	      2957	800036d0	fe595603	lhu	x12,-27(x18)	 x18:0x8001fb38 x12=0x00000607 PA:0x8001fb1d load:0x00000607
       61242000	      2960	800036d4	fe591c03	lh	x24,-27(x18)	 x18:0x8001fb38 x24=0x00000607 PA:0x8001fb1d load:0x00000607
       61262000	      2961	800036d8	ffb902a3	sb	x27,-27(x18)	 x18:0x8001fb38 x27:0x1e1f1819 PA:0x8001fb1d store:0x1e1f1819 load:0x000000ff
       61682000	      2982	800036dc	f1b90d23	sb	x27,-230(x18)	 x18:0x8001fb38 x27:0x1e1f1819 PA:0x8001fa52 store:0x1e1f1819 load:0x000000ff
       61702000	      2983	800036e0	91271d37	lui	x26,0x91271	 x26=0x91271000
       61722000	      2984	800036e4	8c91	c.sub	x9,x12	  x9:0x00000a0b x12:0x00000607  x9=0x00000404
       61782000	      2987	800036e6	f1a91c03	lh	x24,-230(x18)	 x18:0x8001fb38 x24=0x00000819 PA:0x8001fa52 load:0x00000819
       61982000	      2997	800036ea	f1a90683	lb	x13,-230(x18)	 x18:0x8001fb38 x13=0x00000019 PA:0x8001fa52 load:0x00000019
       62002000	      2998	800036ee	038488b3	mul	x17,x9,x24	  x9:0x00000404 x24:0x00000819 x17=0x00208464
       62082000	      3002	800036f2	03c91623	sh	x28,44(x18)	 x18:0x8001fb38 x28:0x000000f3 PA:0x8001fb64 store:0x000000f3 load:0x0000ffff
       62182000	      3007	800036f6	00018a17	auipc	x20,0x18	 x20=0x8001b6f6
       62202000	      3008	800036fa	a87a0a13	addi	x20,x20,-1401	 x20:0x8001b6f6 x20=0x8001b17d
       62302000	      3013	800036fe	0efa4703	lbu	x14,239(x20)	 x20:0x8001b17d x14=0x00000027 PA:0x8001b26c load:0x00000027
       62642000	      3030	80003702	0001d897	auipc	x17,0x1d	 x17=0x80020702
       62662000	      3031	80003706	3c988893	addi	x17,x17,969	 x17:0x80020702 x17=0x80020acb
       63062000	      3051	8000370a	0e7a28a3	sw	x7,241(x20)	 x20:0x8001b17d  x7:0x000000e0 PA:0x8001b26e store:0x000000e0 load:0xffff0006
       63322000	      3064	8000370e	f20a4803	lbu	x16,-224(x20)	 x20:0x8001b17d x16=0x00000056 PA:0x8001b09d load:0x00000056
       63382000	      3067	80003712	0ff89903	lh	x18,255(x17)	 x17:0x80020acb x18=0xffff8081 PA:0x80020bca load:0xffff8081
       63742000	      3085	80003716	f37a15a3	sh	x23,-213(x20)	 x20:0x8001b17d x23:0x80030e64 PA:0x8001b0a8 store:0x80030e64 load:0x0000ffff
       63842000	      3090	8000371a	0a7a1c83	lh	x25,167(x20)	 x20:0x8001b17d x25=0xffffdedf PA:0x8001b224 load:0xffffdedf
       64402000	      3118	8000371e	f1da5f03	lhu	x30,-227(x20)	 x20:0x8001b17d x30=0x00005051 PA:0x8001b09a load:0x00005051
       64662000	      3131	80003722	fa489fa3	sh	x4,-65(x17)	 x17:0x80020acb  x4:0xffffc4c5 PA:0x80020a8a store:0xffffc4c5 load:0x0000ffff
       64782000	      3137	80003726	0fe88403	lb	x8,254(x17)	 x17:0x80020acb  x8=0xffffff82 PA:0x80020bc9 load:0xffffff82
       64842000	      3140	8000372a	0bf8dd03	lhu	x26,191(x17)	 x17:0x80020acb x26=0x00004041 PA:0x80020b8a load:0x00004041
       64862000	      3141	8000372e	0ab8d203	lhu	x4,171(x17)	 x17:0x80020acb  x4=0x00002c2d PA:0x80020b76 load:0x00002c2d
       64882000	      3142	80003732	0c3a5983	lhu	x19,195(x20)	 x20:0x8001b17d x19=0x0000fafb PA:0x8001b240 load:0x0000fafb
       65302000	      3163	80003736	09988123	sb	x25,130(x17)	 x17:0x80020acb x25:0xffffdedf PA:0x80020b4d store:0xffffdedf load:0x000000ff
       65362000	      3166	8000373a	f7da1ba3	sh	x29,-137(x20)	 x20:0x8001b17d x29:0x00000506 PA:0x8001b0f4 store:0x00000506 load:0x0000ffff
       65382000	      3167	8000373e	009897a3	sh	x9,15(x17)	 x17:0x80020acb  x9:0x00000404 PA:0x80020ada store:0x00000404 load:0x0000ffff
       65402000	      3168	80003742	f63a1e83	lh	x29,-157(x20)	 x20:0x8001b17d x29=0xffff9a9b PA:0x8001b0e0 load:0xffff9a9b
       65462000	      3171	80003746	06a8ac83	lw	x25,106(x17)	 x17:0x80020acb x25=0xf3ecedee PA:0x80020b35 load:0xf3ecedee
       65482000	      3172	8000374a	f69e3593	sltiu	x11,x28,-151	 x28:0x000000f3 x11=0x00000001
       65662000	      3181	8000374e	3406d3f3	csrrwi	x7,mscratch,13	  x7=0x00000008
       66062000	      3201	80003752	008cf263	bgeu	x25,x8,80003756	 x25:0xf3ecedee  x8:0xffffff82
       66102000	      3203	80003756	0000100f	fence.i	
       66422000	      3219	8000375a	0576	c.slli	x10,0x1d	 x10:0x00000607 x10=0xe0000000
       66662000	      3231	8000375c	8065	c.srli	x8,0x19	  x8:0xffffff82  x8=0x0000007f
       66722000	      3234	8000375e	020c96b3	mulh	x13,x25,x0	 x25:0xf3ecedee  x0:0x00000000 x13=0x00000000
       66742000	      3235	80003762	9342	c.add	x6,x16	  x6:0x000000d5 x16:0x00000056  x6=0x0000012b
       67482000	      3272	80003764	031251b3	divu	x3,x4,x17	  x4:0x00002c2d x17:0x80020acb  x3=0x00000000
       67522000	      3274	80003768	03acaa33	mulhsu	x20,x25,x26	 x25:0xf3ecedee x26:0x00004041 x20=0xfffffcf8
       67562000	      3276	8000376c	02703833	mulhu	x16,x0,x7	  x0:0x00000000  x7:0x00000008 x16=0x00000000
       67582000	      3277	80003770	408889b3	sub	x19,x17,x8	 x17:0x80020acb  x8:0x0000007f x19=0x80020a4c
       67602000	      3278	80003774	05845163	bge	x8,x24,800037b6	  x8:0x0000007f x24:0x00000819
       67622000	      3279	80003778	3406bff3	csrrc	x31,mscratch,x13	 x13:0x00000000 x31=0x0000000d
       67642000	      3280	8000377c	00b91ab3	sll	x21,x18,x11	 x18:0xffff8081 x11:0x00000001 x21=0xffff0102
       67662000	      3281	80003780	03006963	bltu	x0,x16,800037b2	  x0:0x00000000 x16:0x00000000
       67702000	      3283	80003784	03e739b3	mulhu	x19,x14,x30	 x14:0x00000027 x30:0x00005051 x19=0x00000000
       67722000	      3284	80003788	0001	c.addi	x0,0	  x0:0x00000000  x0=0x00000000
       67742000	      3285	8000378a	6f39	c.lui	x30,0xe	 x30=0x0000e000
       67762000	      3286	8000378c	b899ea13	ori	x20,x19,-1143	 x19:0x00000000 x20=0xfffffb89
       68162000	      3306	80003790	02004163	blt	x0,x0,800037b2	  x0:0x00000000  x0:0x00000000
       68422000	      3319	80003794	03425a63	bge	x4,x20,800037c8	  x4:0x00002c2d x20:0xfffffb89
       70162000	      3406	800037c8	03fdce33	div	x28,x27,x31	 x27:0x1e1f1819 x31:0x0000000d x28=0x0251293d
       70182000	      3407	800037cc	0088b3b3	sltu	x7,x17,x8	 x17:0x80020acb  x8:0x0000007f  x7=0x00000000
       70202000	      3408	800037d0	8d01	c.sub	x10,x8	 x10:0xe0000000  x8:0x0000007f x10=0xdfffff81
       70222000	      3409	800037d2	028ced63	bltu	x25,x8,8000380c	 x25:0xf3ecedee  x8:0x0000007f
       70242000	      3410	800037d6	8e25	c.xor	x12,x9	 x12:0x00000607  x9:0x00000404 x12=0x00000203
       70282000	      3412	800037d8	03b8ab33	mulhsu	x22,x17,x27	 x17:0x80020acb x27:0x1e1f1819 x22=0xf0f0b176
       70302000	      3413	800037dc	856e	c.mv	x10,x27	  x0:0x00000000 x27:0x1e1f1819 x10=0x1e1f1819
       70502000	      3423	800037de	0000100f	fence.i	
       71122000	      3454	800037e2	01c53833	sltu	x16,x10,x28	 x10:0x1e1f1819 x28:0x0251293d x16=0x00000000
       71302000	      3463	800037e6	00a5df93	srli	x31,x11,0xa	 x11:0x00000001 x31=0x00000000
       71322000	      3464	800037ea	cea5fc93	andi	x25,x11,-790	 x11:0x00000001 x25=0x00000000
       71342000	      3465	800037ee	e591	c.bnez	x11,800037fa	 x11:0x00000001
       72622000	      3529	800037fa	01697533	and	x10,x18,x22	 x18:0xffff8081 x22:0xf0f0b176 x10=0xf0f08000
       72662000	      3531	800037fe	029dbc33	mulhu	x24,x27,x9	 x27:0x1e1f1819  x9:0x00000404 x24=0x00000078
       72682000	      3532	80003802	88c1	c.andi	x9,16	  x9:0x00000404  x9=0x00000000
       72902000	      3543	80003804	00b54e63	blt	x10,x11,80003820	 x10:0xf0f08000 x11:0x00000001
       73542000	      3575	80003820	717d	c.addi16sp	x2,-16	  x2:0x8001b053  x2=0x8001b043
       73562000	      3576	80003822	018995b3	sll	x11,x19,x24	 x19:0x00000000 x24:0x00000078 x11=0x00000000
       74302000	      3613	80003826	02abc133	div	x2,x23,x10	 x23:0x80030e64 x10:0xf0f08000  x2=0x00000008
       74322000	      3614	8000382a	01b82033	slt	x0,x16,x27	 x16:0x00000000 x27:0x1e1f1819  x0=0x00000000
       75062000	      3651	8000382e	03495233	divu	x4,x18,x20	 x18:0xffff8081 x20:0xfffffb89  x4=0x00000000
       75082000	      3652	80003832	0fb1	c.addi	x31,12	 x31:0x00000000 x31=0x0000000c
       75102000	      3653	80003834	0165d133	srl	x2,x11,x22	 x11:0x00000000 x22:0xf0f0b176  x2=0x00000000
       75122000	      3654	80003838	008669b3	or	x19,x12,x8	 x12:0x00000203  x8:0x0000007f x19=0x0000027f
       75162000	      3656	8000383c	020645b3	div	x11,x12,x0	 x12:0x00000203  x0:0x00000000 x11=0xffffffff
       75182000	      3657	80003840	0679	c.addi	x12,30	 x12:0x00000203 x12=0x00000221
       75202000	      3658	80003842	24513593	sltiu	x11,x2,581	  x2:0x00000000 x11=0x00000001
       75402000	      3668	80003846	002c9b33	sll	x22,x25,x2	 x25:0x00000000  x2:0x00000000 x22=0x00000000
       75442000	      3670	8000384a	02c60933	mul	x18,x12,x12	 x12:0x00000221 x12:0x00000221 x18=0x00048841
       75462000	      3671	8000384e	1e00	c.addi4spn	x8,x2,816	  x8=0x00000330
       75862000	      3691	80003850	5efd	c.li	x29,-1	 x29=0xffffffff
       75882000	      3692	80003852	01419b13	slli	x22,x3,0x14	  x3:0x00000000 x22=0x00000000
       75902000	      3693	80003856	340023f3	csrrs	x7,mscratch,x0	  x0:0x00000000  x7=0x0000000d
       75922000	      3694	8000385a	01a36433	or	x8,x6,x26	  x6:0x0000012b x26:0x00004041  x8=0x0000416b
       76102000	      3703	8000385e	41db81b3	sub	x3,x23,x29	 x23:0x80030e64 x29:0xffffffff  x3=0x80030e65
       76122000	      3704	80003862	07a74863	blt	x14,x26,800038d2	 x14:0x00000027 x26:0x00004041
       76982000	      3747	800038d2	002e8963	beq	x29,x2,800038e4	 x29:0xffffffff  x2:0x00000000
       77102000	      3753	800038d6	0f712013	slti	x0,x2,247	  x2:0x00000000  x0=0x00000000
       77122000	      3754	800038da	9552	c.add	x10,x20	 x10:0xf0f08000 x20:0xfffffb89 x10=0xf0f07b89
       77242000	      3760	800038dc	0001	c.addi	x0,0	  x0:0x00000000  x0=0x00000000
       77262000	      3761	800038de	01705363	bge	x0,x23,800038e4	  x0:0x00000000 x23:0x80030e64
       77742000	      3785	800038e4	03680fb3	mul	x31,x16,x22	 x16:0x00000000 x22:0x00000000 x31=0x00000000
       77822000	      3789	800038e8	ffffd797	auipc	x15,0xffffd	 x15=0x800008e8
       78022000	      3799	800038ec	a6c78793	addi	x15,x15,-1428	 x15:0x800008e8 x15=0x80000354
       78182000	      3807	800038f0	00078067	jalr	x0,0(x15)	 x15:0x80000354  x0=0x00000000
       78622000	      3829	80000354	90000c37	lui	x24,0x90000	 x24=0x90000000
       78762000	      3836	80000358	1c61	c.addi	x24,-8	 x24:0x90000000 x24=0x8ffffff8
       78782000	      3837	8000035a	4f01	c.li	x30,0	 x30=0x00000000
       79062000	      3851	8000035c	0f22	c.slli	x30,0x8	 x30:0x00000000 x30=0x00000000
       79082000	      3852	8000035e	0f05	c.addi	x30,1	 x30:0x00000000 x30=0x00000001
       79802000	      3888	80000360	01ec2023	sw	x30,0(x24)	 x24:0x8ffffff8 x30:0x00000001 PA:0x8ffffff8 store:0x00000001 load:0xffffffff
       79822000	      3889	80000364	00000073	ecall	
       79962000	      3896	80002700	0800006f	jal	x0,80002780	  x0=0x00000000
      105722000	      5184	80002780	12f1	c.addi	x5,-4	  x5:0x80034ce4  x5=0x80034ce0
      105782000	      5187	80002782	0172a023	sw	x23,0(x5)	  x5:0x80034ce0 x23:0x80030e64 PA:0x80034ce0 store:0x80030e64 load:0xffffffff
      105982000	      5197	80002786	00028bb3	add	x23,x5,x0	  x5:0x80034ce0  x0:0x00000000 x23=0x80034ce0
      106002000	      5198	8000278a	f80b8b93	addi	x23,x23,-128	 x23:0x80034ce0 x23=0x80034c60
      106062000	      5201	8000278e	001ba223	sw	x1,4(x23)	 x23:0x80034c60  x1:0x00005252 PA:0x80034c64 store:0x00005252 load:0xffffffff
      106182000	      5207	80002792	002ba423	sw	x2,8(x23)	 x23:0x80034c60  x2:0x00000000 PA:0x80034c68 store:0x00000000 load:0xffffffff
      106402000	      5218	80002796	003ba623	sw	x3,12(x23)	 x23:0x80034c60  x3:0x80030e65 PA:0x80034c6c store:0x80030e65 load:0xffffffff
      106542000	      5225	8000279a	004ba823	sw	x4,16(x23)	 x23:0x80034c60  x4:0x00000000 PA:0x80034c70 store:0x00000000 load:0xffffffff
      107302000	      5263	8000279e	005baa23	sw	x5,20(x23)	 x23:0x80034c60  x5:0x80034ce0 PA:0x80034c74 store:0x80034ce0 load:0xffffffff
      107362000	      5266	800027a2	006bac23	sw	x6,24(x23)	 x23:0x80034c60  x6:0x0000012b PA:0x80034c78 store:0x0000012b load:0xffffffff
      107382000	      5267	800027a6	007bae23	sw	x7,28(x23)	 x23:0x80034c60  x7:0x0000000d PA:0x80034c7c store:0x0000000d load:0xffffffff
      107822000	      5289	800027aa	028ba023	sw	x8,32(x23)	 x23:0x80034c60  x8:0x0000416b PA:0x80034c80 store:0x0000416b load:0xffffffff
      108042000	      5300	800027ae	029ba223	sw	x9,36(x23)	 x23:0x80034c60  x9:0x00000000 PA:0x80034c84 store:0x00000000 load:0xffffffff
      108262000	      5311	800027b2	02aba423	sw	x10,40(x23)	 x23:0x80034c60 x10:0xf0f07b89 PA:0x80034c88 store:0xf0f07b89 load:0xffffffff
      108462000	      5321	800027b6	02bba623	sw	x11,44(x23)	 x23:0x80034c60 x11:0x00000001 PA:0x80034c8c store:0x00000001 load:0xffffffff
      108542000	      5325	800027ba	02cba823	sw	x12,48(x23)	 x23:0x80034c60 x12:0x00000221 PA:0x80034c90 store:0x00000221 load:0xffffffff
      108562000	      5326	800027be	02dbaa23	sw	x13,52(x23)	 x23:0x80034c60 x13:0x00000000 PA:0x80034c94 store:0x00000000 load:0xffffffff
      108782000	      5337	800027c2	02ebac23	sw	x14,56(x23)	 x23:0x80034c60 x14:0x00000027 PA:0x80034c98 store:0x00000027 load:0xffffffff
      108962000	      5346	800027c6	02fbae23	sw	x15,60(x23)	 x23:0x80034c60 x15:0x80000354 PA:0x80034c9c store:0x80000354 load:0xffffffff
      109022000	      5349	800027ca	050ba023	sw	x16,64(x23)	 x23:0x80034c60 x16:0x00000000 PA:0x80034ca0 store:0x00000000 load:0xffffffff
      109182000	      5357	800027ce	051ba223	sw	x17,68(x23)	 x23:0x80034c60 x17:0x80020acb PA:0x80034ca4 store:0x80020acb load:0xffffffff
      109362000	      5366	800027d2	052ba423	sw	x18,72(x23)	 x23:0x80034c60 x18:0x00048841 PA:0x80034ca8 store:0x00048841 load:0xffffffff
      109762000	      5386	800027d6	053ba623	sw	x19,76(x23)	 x23:0x80034c60 x19:0x0000027f PA:0x80034cac store:0x0000027f load:0xffffffff
      109922000	      5394	800027da	054ba823	sw	x20,80(x23)	 x23:0x80034c60 x20:0xfffffb89 PA:0x80034cb0 store:0xfffffb89 load:0xffffffff
      110082000	      5402	800027de	055baa23	sw	x21,84(x23)	 x23:0x80034c60 x21:0xffff0102 PA:0x80034cb4 store:0xffff0102 load:0xffffffff
      110502000	      5423	800027e2	056bac23	sw	x22,88(x23)	 x23:0x80034c60 x22:0x00000000 PA:0x80034cb8 store:0x00000000 load:0xffffffff
      110562000	      5426	800027e6	057bae23	sw	x23,92(x23)	 x23:0x80034c60 x23:0x80034c60 PA:0x80034cbc store:0x80034c60 load:0xffffffff
      110582000	      5427	800027ea	078ba023	sw	x24,96(x23)	 x23:0x80034c60 x24:0x8ffffff8 PA:0x80034cc0 store:0x8ffffff8 load:0xffffffff
      110602000	      5428	800027ee	079ba223	sw	x25,100(x23)	 x23:0x80034c60 x25:0x00000000 PA:0x80034cc4 store:0x00000000 load:0xffffffff
      110822000	      5439	800027f2	07aba423	sw	x26,104(x23)	 x23:0x80034c60 x26:0x00004041 PA:0x80034cc8 store:0x00004041 load:0xffffffff
      111242000	      5460	800027f6	07bba623	sw	x27,108(x23)	 x23:0x80034c60 x27:0x1e1f1819 PA:0x80034ccc store:0x1e1f1819 load:0xffffffff
      111502000	      5473	800027fa	07cba823	sw	x28,112(x23)	 x23:0x80034c60 x28:0x0251293d PA:0x80034cd0 store:0x0251293d load:0xffffffff
      111522000	      5474	800027fe	07dbaa23	sw	x29,116(x23)	 x23:0x80034c60 x29:0xffffffff PA:0x80034cd4 store:0xffffffff load:0xffffffff
      111682000	      5482	80002802	07ebac23	sw	x30,120(x23)	 x23:0x80034c60 x30:0x00000001 PA:0x80034cd8 store:0x00000001 load:0xffffffff
      111822000	      5489	80002806	07fbae23	sw	x31,124(x23)	 x23:0x80034c60 x31:0x00000000 PA:0x80034cdc store:0x00000000 load:0xffffffff
      111842000	      5490	8000280a	000b82b3	add	x5,x23,x0	 x23:0x80034c60  x0:0x00000000  x5=0x80034c60
      111862000	      5491	8000280e	90000c37	lui	x24,0x90000	 x24=0x90000000
      111882000	      5492	80002812	1c71	c.addi	x24,-4	 x24:0x90000000 x24=0x8ffffffc
      111902000	      5493	80002814	4f21	c.li	x30,8	 x30=0x00000008
      111922000	      5494	80002816	0f22	c.slli	x30,0x8	 x30:0x00000008 x30=0x00000800
      111942000	      5495	80002818	000f0f13	addi	x30,x30,0	 x30:0x00000800 x30=0x00000800
      112202000	      5508	8000281c	01ec2023	sw	x30,0(x24)	 x24:0x8ffffffc x30:0x00000800 PA:0x8ffffffc store:0x00000800 load:0xffffffff
      112222000	      5509	80002820	34102f73	csrrs	x30,mepc,x0	  x0:0x00000000 x30=0x80000364
      112262000	      5511	80002824	34202f73	csrrs	x30,mcause,x0	  x0:0x00000000 x30=0x0000000b
      112282000	      5512	80002828	4c0d	c.li	x24,3	 x24=0x00000003
      112302000	      5513	8000282a	018f1463	bne	x30,x24,80002832	 x30:0x0000000b x24:0x00000003
      112362000	      5516	80002832	4c21	c.li	x24,8	 x24=0x00000008
      112402000	      5518	80002834	058f0d63	beq	x30,x24,8000288e	 x30:0x0000000b x24:0x00000008
      112702000	      5533	80002838	4c25	c.li	x24,9	 x24=0x00000009
      112862000	      5541	8000283a	058f0a63	beq	x30,x24,8000288e	 x30:0x0000000b x24:0x00000009
      112882000	      5542	8000283e	4c2d	c.li	x24,11	 x24=0x0000000b
      113282000	      5562	80002840	058f0763	beq	x30,x24,8000288e	 x30:0x0000000b x24:0x0000000b
      113922000	      5594	8000288e	90000c37	lui	x24,0x90000	 x24=0x90000000
      113942000	      5595	80002892	1c71	c.addi	x24,-4	 x24:0x90000000 x24=0x8ffffffc
      114342000	      5615	80002894	6f05	c.lui	x30,0x1	 x30=0x00001000
      114502000	      5623	80002896	b00f0f13	addi	x30,x30,-1280	 x30:0x00001000 x30=0x00000b00
      114522000	      5624	8000289a	0f22	c.slli	x30,0x8	 x30:0x00000b00 x30=0x000b0000
      114622000	      5629	8000289c	0f0d	c.addi	x30,3	 x30:0x000b0000 x30=0x000b0003
      115182000	      5657	8000289e	01ec2023	sw	x30,0(x24)	 x24:0x8ffffffc x30:0x000b0003 PA:0x8ffffffc store:0x000b0003 load:0xffffffff
      115202000	      5658	800028a2	b0002f73	csrrs	x30,mcycle,x0	  x0:0x00000000 x30=0x00001617
      115262000	      5661	800028a6	01ec2023	sw	x30,0(x24)	 x24:0x8ffffffc x30:0x00001617 PA:0x8ffffffc store:0x00001617 load:0xffffffff
      115282000	      5662	800028aa	90000c37	lui	x24,0x90000	 x24=0x90000000
      115302000	      5663	800028ae	1c71	c.addi	x24,-4	 x24:0x90000000 x24=0x8ffffffc
      115322000	      5664	800028b0	6f05	c.lui	x30,0x1	 x30=0x00001000
      115342000	      5665	800028b2	b80f0f13	addi	x30,x30,-1152	 x30:0x00001000 x30=0x00000b80
      115362000	      5666	800028b6	0f22	c.slli	x30,0x8	 x30:0x00000b80 x30=0x000b8000
      115382000	      5667	800028b8	0f0d	c.addi	x30,3	 x30:0x000b8000 x30=0x000b8003
      115602000	      5678	800028ba	01ec2023	sw	x30,0(x24)	 x24:0x8ffffffc x30:0x000b8003 PA:0x8ffffffc store:0x000b8003 load:0xffffffff
      115622000	      5679	800028be	b8002f73	csrrs	x30,mcycleh,x0	  x0:0x00000000 x30=0x00000000
      116082000	      5702	800028c2	01ec2023	sw	x30,0(x24)	 x24:0x8ffffffc x30:0x00000000 PA:0x8ffffffc store:0x00000000 load:0xffffffff
      116202000	      5708	800028c6	90000c37	lui	x24,0x90000	 x24=0x90000000
      116222000	      5709	800028ca	1c71	c.addi	x24,-4	 x24:0x90000000 x24=0x8ffffffc
      116242000	      5710	800028cc	6f05	c.lui	x30,0x1	 x30=0x00001000
      116262000	      5711	800028ce	b03f0f13	addi	x30,x30,-1277	 x30:0x00001000 x30=0x00000b03
      116282000	      5712	800028d2	0f22	c.slli	x30,0x8	 x30:0x00000b03 x30=0x000b0300
      116302000	      5713	800028d4	0f0d	c.addi	x30,3	 x30:0x000b0300 x30=0x000b0303
      117002000	      5748	800028d6	01ec2023	sw	x30,0(x24)	 x24:0x8ffffffc x30:0x000b0303 PA:0x8ffffffc store:0x000b0303 load:0xffffffff
      117022000	      5749	800028da	b0302f73	csrrs	x30,mhpmcounter3,x0	  x0:0x00000000 x30=0x00000297
      117082000	      5752	800028de	01ec2023	sw	x30,0(x24)	 x24:0x8ffffffc x30:0x00000297 PA:0x8ffffffc store:0x00000297 load:0xffffffff
      117102000	      5753	800028e2	90000c37	lui	x24,0x90000	 x24=0x90000000
      117122000	      5754	800028e6	1c71	c.addi	x24,-4	 x24:0x90000000 x24=0x8ffffffc
      117142000	      5755	800028e8	6f05	c.lui	x30,0x1	 x30=0x00001000
      117162000	      5756	800028ea	b83f0f13	addi	x30,x30,-1149	 x30:0x00001000 x30=0x00000b83
      117182000	      5757	800028ee	0f22	c.slli	x30,0x8	 x30:0x00000b83 x30=0x000b8300
      117202000	      5758	800028f0	0f0d	c.addi	x30,3	 x30:0x000b8300 x30=0x000b8303
      117602000	      5778	800028f2	01ec2023	sw	x30,0(x24)	 x24:0x8ffffffc x30:0x000b8303 PA:0x8ffffffc store:0x000b8303 load:0xffffffff
      117622000	      5779	800028f6	b8302f73	csrrs	x30,mhpmcounter3h,x0	  x0:0x00000000 x30=0x00000000
      117922000	      5794	800028fa	01ec2023	sw	x30,0(x24)	 x24:0x8ffffffc x30:0x00000000 PA:0x8ffffffc store:0x00000000 load:0xffffffff
      117942000	      5795	800028fe	90000c37	lui	x24,0x90000	 x24=0x90000000
      117962000	      5796	80002902	1c71	c.addi	x24,-4	 x24:0x90000000 x24=0x8ffffffc
      117982000	      5797	80002904	6f05	c.lui	x30,0x1	 x30=0x00001000
      118002000	      5798	80002906	b04f0f13	addi	x30,x30,-1276	 x30:0x00001000 x30=0x00000b04
      118022000	      5799	8000290a	0f22	c.slli	x30,0x8	 x30:0x00000b04 x30=0x000b0400
      118222000	      5809	8000290c	0f0d	c.addi	x30,3	 x30:0x000b0400 x30=0x000b0403
      118282000	      5812	8000290e	01ec2023	sw	x30,0(x24)	 x24:0x8ffffffc x30:0x000b0403 PA:0x8ffffffc store:0x000b0403 load:0xffffffff
      118662000	      5831	80002912	b0402f73	csrrs	x30,mhpmcounter4,x0	  x0:0x00000000 x30=0x000007e1
      118742000	      5835	80002916	01ec2023	sw	x30,0(x24)	 x24:0x8ffffffc x30:0x000007e1 PA:0x8ffffffc store:0x000007e1 load:0xffffffff
      118762000	      5836	8000291a	90000c37	lui	x24,0x90000	 x24=0x90000000
      118782000	      5837	8000291e	1c71	c.addi	x24,-4	 x24:0x90000000 x24=0x8ffffffc
      119022000	      5849	80002920	6f05	c.lui	x30,0x1	 x30=0x00001000
      119042000	      5850	80002922	b84f0f13	addi	x30,x30,-1148	 x30:0x00001000 x30=0x00000b84
      119062000	      5851	80002926	0f22	c.slli	x30,0x8	 x30:0x00000b84 x30=0x000b8400
      119082000	      5852	80002928	0f0d	c.addi	x30,3	 x30:0x000b8400 x30=0x000b8403
      119142000	      5855	8000292a	01ec2023	sw	x30,0(x24)	 x24:0x8ffffffc x30:0x000b8403 PA:0x8ffffffc store:0x000b8403 load:0xffffffff
      119242000	      5860	8000292e	b8402f73	csrrs	x30,mhpmcounter4h,x0	  x0:0x00000000 x30=0x00000000
      119662000	      5881	80002932	01ec2023	sw	x30,0(x24)	 x24:0x8ffffffc x30:0x00000000 PA:0x8ffffffc store:0x00000000 load:0xffffffff
      119682000	      5882	80002936	90000c37	lui	x24,0x90000	 x24=0x90000000
      119702000	      5883	8000293a	1c71	c.addi	x24,-4	 x24:0x90000000 x24=0x8ffffffc
      119722000	      5884	8000293c	6f05	c.lui	x30,0x1	 x30=0x00001000
      119782000	      5887	8000293e	b05f0f13	addi	x30,x30,-1275	 x30:0x00001000 x30=0x00000b05
      119802000	      5888	80002942	0f22	c.slli	x30,0x8	 x30:0x00000b05 x30=0x000b0500
      119822000	      5889	80002944	0f0d	c.addi	x30,3	 x30:0x000b0500 x30=0x000b0503
      120062000	      5901	80002946	01ec2023	sw	x30,0(x24)	 x24:0x8ffffffc x30:0x000b0503 PA:0x8ffffffc store:0x000b0503 load:0xffffffff
      120082000	      5902	8000294a	b0502f73	csrrs	x30,mhpmcounter5,x0	  x0:0x00000000 x30=0x00000048
      120602000	      5928	8000294e	01ec2023	sw	x30,0(x24)	 x24:0x8ffffffc x30:0x00000048 PA:0x8ffffffc store:0x00000048 load:0xffffffff
      120622000	      5929	80002952	90000c37	lui	x24,0x90000	 x24=0x90000000
      120642000	      5930	80002956	1c71	c.addi	x24,-4	 x24:0x90000000 x24=0x8ffffffc
      120662000	      5931	80002958	6f05	c.lui	x30,0x1	 x30=0x00001000
      120682000	      5932	8000295a	b85f0f13	addi	x30,x30,-1147	 x30:0x00001000 x30=0x00000b85
      120702000	      5933	8000295e	0f22	c.slli	x30,0x8	 x30:0x00000b85 x30=0x000b8500
      120722000	      5934	80002960	0f0d	c.addi	x30,3	 x30:0x000b8500 x30=0x000b8503
      120782000	      5937	80002962	01ec2023	sw	x30,0(x24)	 x24:0x8ffffffc x30:0x000b8503 PA:0x8ffffffc store:0x000b8503 load:0xffffffff
      120802000	      5938	80002966	b8502f73	csrrs	x30,mhpmcounter5h,x0	  x0:0x00000000 x30=0x00000000
      121322000	      5964	8000296a	01ec2023	sw	x30,0(x24)	 x24:0x8ffffffc x30:0x00000000 PA:0x8ffffffc store:0x00000000 load:0xffffffff
      121342000	      5965	8000296e	90000c37	lui	x24,0x90000	 x24=0x90000000
      121362000	      5966	80002972	1c71	c.addi	x24,-4	 x24:0x90000000 x24=0x8ffffffc
      121382000	      5967	80002974	6f05	c.lui	x30,0x1	 x30=0x00001000
      121442000	      5970	80002976	b06f0f13	addi	x30,x30,-1274	 x30:0x00001000 x30=0x00000b06
      121462000	      5971	8000297a	0f22	c.slli	x30,0x8	 x30:0x00000b06 x30=0x000b0600
      121482000	      5972	8000297c	0f0d	c.addi	x30,3	 x30:0x000b0600 x30=0x000b0603
      121702000	      5983	8000297e	01ec2023	sw	x30,0(x24)	 x24:0x8ffffffc x30:0x000b0603 PA:0x8ffffffc store:0x000b0603 load:0xffffffff
      122082000	      6002	80002982	b0602f73	csrrs	x30,mhpmcounter6,x0	  x0:0x00000000 x30=0x00000060
      122542000	      6025	80002986	01ec2023	sw	x30,0(x24)	 x24:0x8ffffffc x30:0x00000060 PA:0x8ffffffc store:0x00000060 load:0xffffffff
      122562000	      6026	8000298a	90000c37	lui	x24,0x90000	 x24=0x90000000
      122582000	      6027	8000298e	1c71	c.addi	x24,-4	 x24:0x90000000 x24=0x8ffffffc
      122602000	      6028	80002990	6f05	c.lui	x30,0x1	 x30=0x00001000
      122962000	      6046	80002992	b86f0f13	addi	x30,x30,-1146	 x30:0x00001000 x30=0x00000b86
      122982000	      6047	80002996	0f22	c.slli	x30,0x8	 x30:0x00000b86 x30=0x000b8600
      123002000	      6048	80002998	0f0d	c.addi	x30,3	 x30:0x000b8600 x30=0x000b8603
      123482000	      6072	8000299a	01ec2023	sw	x30,0(x24)	 x24:0x8ffffffc x30:0x000b8603 PA:0x8ffffffc store:0x000b8603 load:0xffffffff
      123502000	      6073	8000299e	b8602f73	csrrs	x30,mhpmcounter6h,x0	  x0:0x00000000 x30=0x00000000
      123582000	      6077	800029a2	01ec2023	sw	x30,0(x24)	 x24:0x8ffffffc x30:0x00000000 PA:0x8ffffffc store:0x00000000 load:0xffffffff
      123602000	      6078	800029a6	90000c37	lui	x24,0x90000	 x24=0x90000000
      123622000	      6079	800029aa	1c71	c.addi	x24,-4	 x24:0x90000000 x24=0x8ffffffc
      123642000	      6080	800029ac	6f05	c.lui	x30,0x1	 x30=0x00001000
      124042000	      6100	800029ae	b07f0f13	addi	x30,x30,-1273	 x30:0x00001000 x30=0x00000b07
      124062000	      6101	800029b2	0f22	c.slli	x30,0x8	 x30:0x00000b07 x30=0x000b0700
      124082000	      6102	800029b4	0f0d	c.addi	x30,3	 x30:0x000b0700 x30=0x000b0703
      124242000	      6110	800029b6	01ec2023	sw	x30,0(x24)	 x24:0x8ffffffc x30:0x000b0703 PA:0x8ffffffc store:0x000b0703 load:0xffffffff
      124322000	      6114	800029ba	b0702f73	csrrs	x30,mhpmcounter7,x0	  x0:0x00000000 x30=0x00000008
      124422000	      6119	800029be	01ec2023	sw	x30,0(x24)	 x24:0x8ffffffc x30:0x00000008 PA:0x8ffffffc store:0x00000008 load:0xffffffff
      124442000	      6120	800029c2	90000c37	lui	x24,0x90000	 x24=0x90000000
      124462000	      6121	800029c6	1c71	c.addi	x24,-4	 x24:0x90000000 x24=0x8ffffffc
      124482000	      6122	800029c8	6f05	c.lui	x30,0x1	 x30=0x00001000
      124502000	      6123	800029ca	b87f0f13	addi	x30,x30,-1145	 x30:0x00001000 x30=0x00000b87
      124522000	      6124	800029ce	0f22	c.slli	x30,0x8	 x30:0x00000b87 x30=0x000b8700
      124662000	      6131	800029d0	0f0d	c.addi	x30,3	 x30:0x000b8700 x30=0x000b8703
      124722000	      6134	800029d2	01ec2023	sw	x30,0(x24)	 x24:0x8ffffffc x30:0x000b8703 PA:0x8ffffffc store:0x000b8703 load:0xffffffff
      124742000	      6135	800029d6	b8702f73	csrrs	x30,mhpmcounter7h,x0	  x0:0x00000000 x30=0x00000000
      125022000	      6149	800029da	01ec2023	sw	x30,0(x24)	 x24:0x8ffffffc x30:0x00000000 PA:0x8ffffffc store:0x00000000 load:0xffffffff
      125042000	      6150	800029de	90000c37	lui	x24,0x90000	 x24=0x90000000
      125062000	      6151	800029e2	1c71	c.addi	x24,-4	 x24:0x90000000 x24=0x8ffffffc
      125082000	      6152	800029e4	6f05	c.lui	x30,0x1	 x30=0x00001000
      125102000	      6153	800029e6	b08f0f13	addi	x30,x30,-1272	 x30:0x00001000 x30=0x00000b08
      125122000	      6154	800029ea	0f22	c.slli	x30,0x8	 x30:0x00000b08 x30=0x000b0800
      125142000	      6155	800029ec	0f0d	c.addi	x30,3	 x30:0x000b0800 x30=0x000b0803
      125402000	      6168	800029ee	01ec2023	sw	x30,0(x24)	 x24:0x8ffffffc x30:0x000b0803 PA:0x8ffffffc store:0x000b0803 load:0xffffffff
      125482000	      6172	800029f2	b0802f73	csrrs	x30,mhpmcounter8,x0	  x0:0x00000000 x30=0x0000000f
      125942000	      6195	800029f6	01ec2023	sw	x30,0(x24)	 x24:0x8ffffffc x30:0x0000000f PA:0x8ffffffc store:0x0000000f load:0xffffffff
      125962000	      6196	800029fa	90000c37	lui	x24,0x90000	 x24=0x90000000
      125982000	      6197	800029fe	1c71	c.addi	x24,-4	 x24:0x90000000 x24=0x8ffffffc
      126002000	      6198	80002a00	6f05	c.lui	x30,0x1	 x30=0x00001000
      126022000	      6199	80002a02	b88f0f13	addi	x30,x30,-1144	 x30:0x00001000 x30=0x00000b88
      126042000	      6200	80002a06	0f22	c.slli	x30,0x8	 x30:0x00000b88 x30=0x000b8800
      126062000	      6201	80002a08	0f0d	c.addi	x30,3	 x30:0x000b8800 x30=0x000b8803
      126122000	      6204	80002a0a	01ec2023	sw	x30,0(x24)	 x24:0x8ffffffc x30:0x000b8803 PA:0x8ffffffc store:0x000b8803 load:0xffffffff
      126142000	      6205	80002a0e	b8802f73	csrrs	x30,mhpmcounter8h,x0	  x0:0x00000000 x30=0x00000000
      126782000	      6237	80002a12	01ec2023	sw	x30,0(x24)	 x24:0x8ffffffc x30:0x00000000 PA:0x8ffffffc store:0x00000000 load:0xffffffff
      126802000	      6238	80002a16	90000c37	lui	x24,0x90000	 x24=0x90000000
      126822000	      6239	80002a1a	1c71	c.addi	x24,-4	 x24:0x90000000 x24=0x8ffffffc
      126842000	      6240	80002a1c	6f05	c.lui	x30,0x1	 x30=0x00001000
      126862000	      6241	80002a1e	b09f0f13	addi	x30,x30,-1271	 x30:0x00001000 x30=0x00000b09
      126882000	      6242	80002a22	0f22	c.slli	x30,0x8	 x30:0x00000b09 x30=0x000b0900
      126962000	      6246	80002a24	0f0d	c.addi	x30,3	 x30:0x000b0900 x30=0x000b0903
      127082000	      6252	80002a26	01ec2023	sw	x30,0(x24)	 x24:0x8ffffffc x30:0x000b0903 PA:0x8ffffffc store:0x000b0903 load:0xffffffff
      127322000	      6264	80002a2a	b0902f73	csrrs	x30,mhpmcounter9,x0	  x0:0x00000000 x30=0x00000007
      127602000	      6278	80002a2e	01ec2023	sw	x30,0(x24)	 x24:0x8ffffffc x30:0x00000007 PA:0x8ffffffc store:0x00000007 load:0xffffffff
      127622000	      6279	80002a32	90000c37	lui	x24,0x90000	 x24=0x90000000
      127642000	      6280	80002a36	1c71	c.addi	x24,-4	 x24:0x90000000 x24=0x8ffffffc
      127662000	      6281	80002a38	6f05	c.lui	x30,0x1	 x30=0x00001000
      127682000	      6282	80002a3a	b89f0f13	addi	x30,x30,-1143	 x30:0x00001000 x30=0x00000b89
      127702000	      6283	80002a3e	0f22	c.slli	x30,0x8	 x30:0x00000b89 x30=0x000b8900
      127722000	      6284	80002a40	0f0d	c.addi	x30,3	 x30:0x000b8900 x30=0x000b8903
      127962000	      6296	80002a42	01ec2023	sw	x30,0(x24)	 x24:0x8ffffffc x30:0x000b8903 PA:0x8ffffffc store:0x000b8903 load:0xffffffff
      128122000	      6304	80002a46	b8902f73	csrrs	x30,mhpmcounter9h,x0	  x0:0x00000000 x30=0x00000000
      128702000	      6333	80002a4a	01ec2023	sw	x30,0(x24)	 x24:0x8ffffffc x30:0x00000000 PA:0x8ffffffc store:0x00000000 load:0xffffffff
      128722000	      6334	80002a4e	90000c37	lui	x24,0x90000	 x24=0x90000000
      128742000	      6335	80002a52	1c71	c.addi	x24,-4	 x24:0x90000000 x24=0x8ffffffc
      128762000	      6336	80002a54	6f05	c.lui	x30,0x1	 x30=0x00001000
      128782000	      6337	80002a56	b0af0f13	addi	x30,x30,-1270	 x30:0x00001000 x30=0x00000b0a
      128802000	      6338	80002a5a	0f22	c.slli	x30,0x8	 x30:0x00000b0a x30=0x000b0a00
      128962000	      6346	80002a5c	0f0d	c.addi	x30,3	 x30:0x000b0a00 x30=0x000b0a03
      129142000	      6355	80002a5e	01ec2023	sw	x30,0(x24)	 x24:0x8ffffffc x30:0x000b0a03 PA:0x8ffffffc store:0x000b0a03 load:0xffffffff
      129262000	      6361	80002a62	b0a02f73	csrrs	x30,mhpmcounter10,x0	  x0:0x00000000 x30=0x000000a2
      129322000	      6364	80002a66	01ec2023	sw	x30,0(x24)	 x24:0x8ffffffc x30:0x000000a2 PA:0x8ffffffc store:0x000000a2 load:0xffffffff
      129342000	      6365	80002a6a	90000c37	lui	x24,0x90000	 x24=0x90000000
      129362000	      6366	80002a6e	1c71	c.addi	x24,-4	 x24:0x90000000 x24=0x8ffffffc
      129442000	      6370	80002a70	6f05	c.lui	x30,0x1	 x30=0x00001000
      129462000	      6371	80002a72	b8af0f13	addi	x30,x30,-1142	 x30:0x00001000 x30=0x00000b8a
      129482000	      6372	80002a76	0f22	c.slli	x30,0x8	 x30:0x00000b8a x30=0x000b8a00
      129502000	      6373	80002a78	0f0d	c.addi	x30,3	 x30:0x000b8a00 x30=0x000b8a03
      130022000	      6399	80002a7a	01ec2023	sw	x30,0(x24)	 x24:0x8ffffffc x30:0x000b8a03 PA:0x8ffffffc store:0x000b8a03 load:0xffffffff
      130042000	      6400	80002a7e	b8a02f73	csrrs	x30,mhpmcounter10h,x0	  x0:0x00000000 x30=0x00000000
      130102000	      6403	80002a82	01ec2023	sw	x30,0(x24)	 x24:0x8ffffffc x30:0x00000000 PA:0x8ffffffc store:0x00000000 load:0xffffffff
      130122000	      6404	80002a86	90000c37	lui	x24,0x90000	 x24=0x90000000
      130142000	      6405	80002a8a	1c71	c.addi	x24,-4	 x24:0x90000000 x24=0x8ffffffc
      130162000	      6406	80002a8c	6f05	c.lui	x30,0x1	 x30=0x00001000
      130182000	      6407	80002a8e	b0bf0f13	addi	x30,x30,-1269	 x30:0x00001000 x30=0x00000b0b
      130202000	      6408	80002a92	0f22	c.slli	x30,0x8	 x30:0x00000b0b x30=0x000b0b00
      130222000	      6409	80002a94	0f0d	c.addi	x30,3	 x30:0x000b0b00 x30=0x000b0b03
      130302000	      6413	80002a96	01ec2023	sw	x30,0(x24)	 x24:0x8ffffffc x30:0x000b0b03 PA:0x8ffffffc store:0x000b0b03 load:0xffffffff
      130422000	      6419	80002a9a	b0b02f73	csrrs	x30,mhpmcounter11,x0	  x0:0x00000000 x30=0x0000001d
      130482000	      6422	80002a9e	01ec2023	sw	x30,0(x24)	 x24:0x8ffffffc x30:0x0000001d PA:0x8ffffffc store:0x0000001d load:0xffffffff
      130502000	      6423	80002aa2	90000c37	lui	x24,0x90000	 x24=0x90000000
      130522000	      6424	80002aa6	1c71	c.addi	x24,-4	 x24:0x90000000 x24=0x8ffffffc
      130542000	      6425	80002aa8	6f05	c.lui	x30,0x1	 x30=0x00001000
      130602000	      6428	80002aaa	b8bf0f13	addi	x30,x30,-1141	 x30:0x00001000 x30=0x00000b8b
      130622000	      6429	80002aae	0f22	c.slli	x30,0x8	 x30:0x00000b8b x30=0x000b8b00
      130642000	      6430	80002ab0	0f0d	c.addi	x30,3	 x30:0x000b8b00 x30=0x000b8b03
      130882000	      6442	80002ab2	01ec2023	sw	x30,0(x24)	 x24:0x8ffffffc x30:0x000b8b03 PA:0x8ffffffc store:0x000b8b03 load:0xffffffff
      130902000	      6443	80002ab6	b8b02f73	csrrs	x30,mhpmcounter11h,x0	  x0:0x00000000 x30=0x00000000
      131002000	      6448	80002aba	01ec2023	sw	x30,0(x24)	 x24:0x8ffffffc x30:0x00000000 PA:0x8ffffffc store:0x00000000 load:0xffffffff
      131022000	      6449	80002abe	90000c37	lui	x24,0x90000	 x24=0x90000000
      131042000	      6450	80002ac2	1c71	c.addi	x24,-4	 x24:0x90000000 x24=0x8ffffffc
      131062000	      6451	80002ac4	6f05	c.lui	x30,0x1	 x30=0x00001000
      131082000	      6452	80002ac6	b0cf0f13	addi	x30,x30,-1268	 x30:0x00001000 x30=0x00000b0c
      131102000	      6453	80002aca	0f22	c.slli	x30,0x8	 x30:0x00000b0c x30=0x000b0c00
      131122000	      6454	80002acc	0f0d	c.addi	x30,3	 x30:0x000b0c00 x30=0x000b0c03
      131562000	      6476	80002ace	01ec2023	sw	x30,0(x24)	 x24:0x8ffffffc x30:0x000b0c03 PA:0x8ffffffc store:0x000b0c03 load:0xffffffff
      131862000	      6491	80002ad2	b0c02f73	csrrs	x30,mhpmcounter12,x0	  x0:0x00000000 x30=0x00000106
      132242000	      6510	80002ad6	01ec2023	sw	x30,0(x24)	 x24:0x8ffffffc x30:0x00000106 PA:0x8ffffffc store:0x00000106 load:0xffffffff
      132262000	      6511	80002ada	90000c37	lui	x24,0x90000	 x24=0x90000000
      132282000	      6512	80002ade	1c71	c.addi	x24,-4	 x24:0x90000000 x24=0x8ffffffc
      132302000	      6513	80002ae0	6f05	c.lui	x30,0x1	 x30=0x00001000
      132322000	      6514	80002ae2	b8cf0f13	addi	x30,x30,-1140	 x30:0x00001000 x30=0x00000b8c
      132342000	      6515	80002ae6	0f22	c.slli	x30,0x8	 x30:0x00000b8c x30=0x000b8c00
      132362000	      6516	80002ae8	0f0d	c.addi	x30,3	 x30:0x000b8c00 x30=0x000b8c03
      132622000	      6529	80002aea	01ec2023	sw	x30,0(x24)	 x24:0x8ffffffc x30:0x000b8c03 PA:0x8ffffffc store:0x000b8c03 load:0xffffffff
      132642000	      6530	80002aee	b8c02f73	csrrs	x30,mhpmcounter12h,x0	  x0:0x00000000 x30=0x00000000
      132662000	      6531	80002af2	01ec2023	sw	x30,0(x24)	 x24:0x8ffffffc x30:0x00000000 PA:0x8ffffffc store:0x00000000 load:0xffffffff
      132682000	      6532	80002af6	ffffdf17	auipc	x30,0xffffd	 x30=0x7ffffaf6
      132702000	      6533	80002afa	58af0f13	addi	x30,x30,1418	 x30:0x7ffffaf6 x30=0x80000080
      133102000	      6553	80002afe	000f2023	sw	x0,0(x30)	 x30:0x80000080  x0:0x00000000 PA:0x80000080 store:0x00000000 load:0xffffffff
      133562000	      6576	80002b02	001f2223	sw	x1,4(x30)	 x30:0x80000080  x1:0x00005252 PA:0x80000084 store:0x00005252 load:0xffffffff
      133802000	      6588	80002b06	002f2423	sw	x2,8(x30)	 x30:0x80000080  x2:0x00000000 PA:0x80000088 store:0x00000000 load:0xffffffff
      133862000	      6591	80002b0a	003f2623	sw	x3,12(x30)	 x30:0x80000080  x3:0x80030e65 PA:0x8000008c store:0x80030e65 load:0xffffffff
      134082000	      6602	80002b0e	004f2823	sw	x4,16(x30)	 x30:0x80000080  x4:0x00000000 PA:0x80000090 store:0x00000000 load:0xffffffff
      134182000	      6607	80002b12	005f2a23	sw	x5,20(x30)	 x30:0x80000080  x5:0x80034c60 PA:0x80000094 store:0x80034c60 load:0xffffffff
      134402000	      6618	80002b16	006f2c23	sw	x6,24(x30)	 x30:0x80000080  x6:0x0000012b PA:0x80000098 store:0x0000012b load:0xffffffff
      134662000	      6631	80002b1a	007f2e23	sw	x7,28(x30)	 x30:0x80000080  x7:0x0000000d PA:0x8000009c store:0x0000000d load:0xffffffff
      134682000	      6632	80002b1e	028f2023	sw	x8,32(x30)	 x30:0x80000080  x8:0x0000416b PA:0x800000a0 store:0x0000416b load:0xffffffff
      134882000	      6642	80002b22	029f2223	sw	x9,36(x30)	 x30:0x80000080  x9:0x00000000 PA:0x800000a4 store:0x00000000 load:0xffffffff
      134922000	      6644	80002b26	02af2423	sw	x10,40(x30)	 x30:0x80000080 x10:0xf0f07b89 PA:0x800000a8 store:0xf0f07b89 load:0xffffffff
      135342000	      6665	80002b2a	02bf2623	sw	x11,44(x30)	 x30:0x80000080 x11:0x00000001 PA:0x800000ac store:0x00000001 load:0xffffffff
      135402000	      6668	80002b2e	02cf2823	sw	x12,48(x30)	 x30:0x80000080 x12:0x00000221 PA:0x800000b0 store:0x00000221 load:0xffffffff
      135422000	      6669	80002b32	02df2a23	sw	x13,52(x30)	 x30:0x80000080 x13:0x00000000 PA:0x800000b4 store:0x00000000 load:0xffffffff
      135442000	      6670	80002b36	02ef2c23	sw	x14,56(x30)	 x30:0x80000080 x14:0x00000027 PA:0x800000b8 store:0x00000027 load:0xffffffff
      135462000	      6671	80002b3a	02ff2e23	sw	x15,60(x30)	 x30:0x80000080 x15:0x80000354 PA:0x800000bc store:0x80000354 load:0xffffffff
      135782000	      6687	80002b3e	050f2023	sw	x16,64(x30)	 x30:0x80000080 x16:0x00000000 PA:0x800000c0 store:0x00000000 load:0xffffffff
